<?xml version="1.0"?>
<opencv_storage>
<L2_diff>6.0662129042756160e+03</L2_diff>
<r>11</r>
<test_img type_id="opencv-matrix">
  <rows>50</rows>
  <cols>100</cols>
  <dt>u</dt>
  <data>
    246 49 52 112 73 83 42 27 130 212 161 17 176 77 214 155 99 60 211
    165 39 214 21 134 41 36 18 203 79 159 206 18 37 161 10 37 231 108 19
    33 20 14 164 134 219 74 217 170 167 225 228 202 156 51 250 101 132
    79 223 85 46 201 216 138 1 62 220 167 255 50 120 123 43 135 242 133
    110 236 14 105 191 227 249 32 210 58 183 102 22 193 143 232 171 252
    77 229 20 216 91 213 117 128 110 69 11 17 175 53 238 40 119 233 168
    134 28 10 220 120 237 50 250 239 245 186 253 182 81 217 54 136 132
    236 144 44 225 37 179 97 210 235 59 142 200 41 245 145 9 62 225 20
    161 139 138 117 229 22 71 148 199 197 247 52 208 67 236 230 48 59 1
    199 12 239 173 48 26 114 43 95 59 16 109 248 89 26 88 100 38 157 111
    162 131 7 202 95 170 76 141 61 178 43 228 246 206 170 77 78 11 130
    50 160 78 246 230 190 110 97 208 142 153 91 2 109 229 249 167 120
    111 152 67 109 112 123 232 232 243 171 85 75 100 147 127 173 182 19
    165 139 105 179 26 29 217 27 174 220 28 20 50 34 75 236 158 156 247
    54 52 131 66 103 245 183 111 160 253 238 237 121 167 32 142 74 197
    139 131 39 38 202 247 239 139 207 133 232 19 83 101 120 176 203 61
    158 222 252 62 41 108 198 84 220 164 191 158 0 187 150 84 73 68 37
    55 212 220 218 104 240 93 152 169 186 119 5 144 96 52 191 8 205 32 2
    184 47 244 178 181 82 86 108 159 23 111 253 125 220 168 29 39 83 98
    198 39 66 91 33 6 10 31 104 175 96 233 121 119 77 138 187 232 80 221
    157 178 75 227 31 223 71 10 207 80 34 255 230 96 128 177 106 37 127
    52 71 197 165 201 158 85 37 131 23 247 253 116 196 47 79 94 201 168
    63 97 25 99 173 7 199 73 141 83 106 181 119 222 180 163 240 161 77
    14 188 227 119 141 220 88 227 28 114 184 145 147 169 175 22 14 60
    236 129 212 140 229 219 219 129 150 226 139 150 58 0 238 138 112 58
    165 71 234 142 86 26 34 225 181 161 68 81 19 24 19 181 186 229 137
    24 87 60 151 177 96 170 114 165 32 67 52 104 135 11 80 109 122 22
    219 60 236 170 70 60 116 64 243 153 210 194 108 140 16 151 142 130
    115 56 25 115 111 35 184 10 194 61 211 80 94 121 69 6 193 190 40 89
    163 241 239 44 174 5 100 65 81 21 128 93 148 62 151 37 32 233 50 22
    163 78 120 17 83 236 191 140 201 51 65 89 121 135 134 178 120 89 249
    228 25 110 253 80 153 56 171 89 86 241 195 43 4 194 25 135 26 200
    117 6 147 70 100 190 19 78 166 3 114 174 253 203 109 233 246 115 153
    136 141 211 188 105 117 69 89 83 227 16 173 157 94 144 250 118 159
    176 166 187 194 148 81 189 76 199 108 51 102 21 156 118 184 100 87
    68 55 170 169 243 170 128 66 143 142 118 121 150 251 112 117 33 195
    103 247 64 234 132 57 200 173 113 59 181 34 164 4 101 50 5 196 193
    46 12 238 120 8 35 58 19 123 3 14 16 125 200 206 33 234 184 240 199
    84 104 72 57 2 68 187 11 33 194 167 196 203 169 31 88 91 88 142 223
    237 34 148 3 95 68 103 118 99 205 82 110 82 170 215 58 59 229 115
    120 36 68 193 80 152 174 144 254 192 210 226 106 186 172 119 184 154
    224 228 149 41 240 147 134 128 19 25 219 32 230 133 144 19 232 143
    227 138 233 48 155 170 62 219 255 245 255 31 122 55 125 162 114 59
    102 187 223 241 154 137 245 31 49 143 64 43 2 82 242 123 106 58 157
    213 43 182 2 174 154 243 71 36 123 200 167 9 138 21 137 228 161 35 2
    247 77 10 25 20 157 105 112 136 13 19 92 246 68 116 120 7 21 9 77 75
    253 3 239 86 197 68 41 48 3 241 252 239 134 122 134 151 206 16 85
    204 117 29 116 38 214 101 221 197 89 190 251 221 41 83 56 214 213
    241 181 44 159 108 199 198 143 15 72 209 202 81 200 39 170 240 27
    161 144 13 147 41 249 44 168 240 35 205 141 225 108 14 218 242 26
    140 101 215 154 230 10 69 16 69 96 170 106 138 91 164 166 216 103 55
    176 8 18 19 191 184 26 145 177 69 252 145 153 252 18 110 13 146 164
    147 120 97 217 92 203 50 227 124 197 16 131 63 33 220 48 156 92 14
    191 96 75 37 30 234 73 128 223 0 249 105 85 164 88 42 113 192 177 30
    207 146 60 237 33 149 216 119 50 2 78 1 23 233 106 166 186 228 61
    126 195 163 5 249 68 6 245 151 7 170 53 13 111 87 237 119 94 153 53
    145 45 246 212 168 179 229 103 173 51 78 168 134 43 93 133 167 243
    167 102 54 97 53 53 50 205 131 88 217 60 103 144 240 228 204 23 152
    133 161 141 90 98 117 54 122 48 28 115 0 70 174 184 110 139 128 69
    114 138 25 0 13 59 253 166 243 25 6 148 158 166 1 145 20 44 236 237
    178 245 206 101 210 34 159 208 138 69 22 21 255 230 6 7 248 110 205
    230 225 170 200 11 35 217 26 245 217 84 15 88 66 238 126 101 158 124
    187 244 124 16 210 45 99 210 106 34 67 89 84 130 8 103 173 182 246
    25 248 202 196 92 106 68 99 6 22 71 97 131 9 8 230 148 251 143 181
    247 205 102 238 10 1 132 185 115 135 51 36 194 147 151 200 123 173
    232 227 217 217 246 125 248 67 76 19 54 227 113 179 48 107 81 90 111
    130 116 146 39 66 228 191 54 204 29 98 155 127 129 166 45 22 178 131
    169 242 17 178 220 246 214 212 250 50 174 254 39 158 111 218 78 19
    22 93 60 34 88 80 126 249 182 31 220 190 140 195 150 164 51 72 11 52
    53 89 132 49 237 203 45 156 103 23 254 198 68 200 197 42 216 138 223
    17 171 37 15 186 28 149 146 30 75 101 180 103 72 136 82 131 116 154
    53 186 171 92 183 226 137 200 166 238 245 148 161 191 54 58 162 224
    80 35 247 223 88 24 212 92 29 218 137 188 211 47 227 203 103 177 31
    182 36 85 231 148 134 11 110 203 64 62 32 183 114 40 90 182 138 62
    204 18 79 77 244 124 53 22 28 252 108 248 229 253 45 26 27 145 61 19
    119 37 141 134 208 227 241 105 53 99 54 193 71 239 68 189 3 85 15
    115 27 32 192 247 178 9 36 120 47 174 53 100 148 163 134 134 128 112
    29 85 165 162 155 231 154 193 30 109 123 60 144 221 36 190 27 227 53
    240 83 27 246 252 113 216 138 24 81 52 60 88 130 243 80 42 182 244
    226 39 77 215 82 5 91 237 31 249 146 8 152 170 224 104 195 242 119
    62 190 129 65 223 72 54 17 72 254 179 224 108 160 198 198 199 9 70
    136 247 249 62 89 20 224 14 39 246 151 179 34 117 38 50 170 103 82
    70 251 118 198 0 183 244 185 123 141 200 175 64 52 36 26 236 153 212
    139 220 210 65 72 31 229 217 210 162 152 208 48 124 231 129 223 237
    40 114 62 242 111 89 25 91 3 229 204 209 61 56 165 10 212 57 169 9
    139 239 119 119 213 112 229 176 28 140 221 51 77 95 68 250 83 247
    196 117 54 246 115 253 189 120 60 24 126 230 87 25 38 80 20 220 53
    65 183 21 219 54 213 240 57 189 126 153 2 158 177 180 246 186 97 38
    76 62 225 76 253 0 208 53 104 30 82 43 7 60 190 226 178 84 96 36 164
    147 50 208 60 132 180 9 93 234 216 164 234 101 103 33 86 109 228 174
    117 247 194 131 93 129 179 114 80 132 178 83 255 102 14 205 115 76
    79 70 37 47 207 104 57 97 156 237 110 128 94 76 228 225 215 152 32
    116 244 53 87 228 139 204 237 188 127 196 5 51 186 239 172 83 200
    131 182 133 250 189 115 77 19 5 45 59 59 217 128 171 49 145 241 93
    106 232 243 239 150 89 151 239 221 52 40 40 92 121 188 32 61 54 224
    78 255 101 125 90 50 85 149 117 161 140 213 22 16 137 94 127 63 18
    199 217 199 49 217 126 177 172 227 205 169 2 62 137 148 255 177 126
    183 69 76 147 143 76 213 42 225 166 247 22 5 197 29 222 176 58 219
    154 254 48 246 156 163 220 60 11 36 4 6 198 121 211 151 255 211 233
    131 181 90 25 91 5 185 135 135 141 71 108 128 148 92 6 155 109 139 1
    41 124 37 34 177 40 17 28 161 206 19 88 202 231 132 6 3 43 243 182
    228 52 49 179 49 27 229 156 150 12 74 145 72 75 209 80 112 126 229
    235 19 4 203 226 247 60 239 171 76 186 161 96 108 0 203 112 225 97
    96 1 203 107 93 207 0 109 160 106 163 26 129 208 177 227 218 239 39
    10 90 79 195 234 161 27 80 116 12 173 22 46 243 205 140 56 139 101
    163 236 120 32 178 74 209 142 132 240 90 117 70 142 138 91 132 200
    117 109 127 197 101 100 139 8 192 83 164 137 94 172 87 145 126 91
    176 149 181 56 56 45 4 31 211 95 108 107 19 17 75 54 205 153 97 42 7
    115 99 12 175 62 48 49 137 136 52 149 250 58 68 166 175 209 174 37
    22 34 55 215 151 134 74 146 191 89 209 192 200 201 191 41 223 198
    184 239 137 35 125 243 56 186 206 70 156 114 252 181 195 154 60 85
    45 19 174 114 147 247 241 110 134 140 147 172 138 47 171 157 153 228
    97 102 40 249 197 237 183 98 54 77 58 73 232 133 39 24 138 143 110
    53 47 62 54 242 196 240 139 121 243 184 175 232 50 220 13 109 99 200
    163 32 201 138 1 63 233 229 216 13 78 46 210 244 129 133 189 218 85
    85 47 150 235 246 225 87 153 144 200 206 201 122 160 198 73 6 189
    137 35 31 100 127 67 249 33 201 180 46 190 185 173 37 212 110 170
    154 140 240 57 190 156 240 184 62 250 244 32 7 163 240 94 188 142 32
    203 57 231 204 34 25 233 108 125 221 227 75 187 197 237 24 79 147 93
    7 204 209 60 90 141 143 218 83 160 101 65 15 139 86 139 54 224 67
    233 6 251 195 96 99 163 104 10 183 123 120 90 53 140 173 228 145 23
    198 60 171 189 73 29 198 124 62 57 244 33 210 7 238 100 229 131 237
    123 37 75 131 96 157 5 120 89 148 5 22 192 94 224 50 27 207 2 40 190
    124 46 247 57 250 156 139 35 14 159 228 106 186 173 90 109 247 168
    39 175 145 10 184 116 223 70 207 118 101 50 145 182 147 62 58 250
    236 39 176 203 250 52 12 122 152 213 1 124 123 43 110 212 38 191 163
    58 231 124 170 69 47 92 172 100 190 47 129 17 23 62 228 213 182 205
    143 63 45 125 95 215 5 87 217 250 71 42 57 236 155 196 78 120 120
    125 82 152 20 103 240 110 143 99 226 158 134 140 29 53 221 246 139
    127 150 226 211 39 204 7 128 13 7 82 215 187 142 72 242 159 171 217
    158 18 121 242 144 252 227 194 67 225 36 90 203 211 7 221 26 211 148
    199 160 156 47 83 152 149 87 246 145 88 88 223 112 96 68 22 83 247
    27 100 28 131 193 20 77 212 58 106 172 172 121 209 245 141 222 193
    212 7 4 182 147 228 90 180 188 191 159 138 235 230 139 47 222 250 5
    248 50 244 252 250 103 20 34 25 241 210 244 233 74 173 209 74 0 125
    73 58 108 136 195 189 242 183 126 114 37 46 168 230 31 56 140 174
    137 55 123 194 193 52 68 75 231 55 39 1 9 58 252 8 155 6 161 229 210
    196 179 14 17 192 125 214 67 222 160 204 155 133 184 158 32 171 115
    94 127 29 124 34 191 180 25 254 235 178 88 130 232 175 228 10 166
    202 115 101 99 89 78 119 237 17 95 63 74 203 169 178 43 89 233 152
    133 214 110 125 41 187 76 250 56 153 25 180 55 243 192 214 142 41
    198 210 186 161 1 120 213 103 197 26 211 184 167 188 196 174 233 56
    247 208 227 48 123 39 175 238 55 233 201 29 215 40 17 211 138 183 66
    83 213 107 56 181 193 212 15 24 255 121 31 19 70 172 126 16 16 7 87
    233 17 67 16 18 50 71 7 218 234 87 163 91 64 246 99 229 81 76 191
    144 16 241 92 192 162 195 39 212 38 245 156 121 222 82 4 101 214 64
    199 136 200 125 122 12 147 38 72 20 145 27 3 164 162 17 34 240 63
    245 15 116 212 103 212 255 177 60 43 128 190 238 204 25 114 108 96
    143 38 61 199 28 189 254 208 147 201 45 24 125 63 149 116 200 41 151
    20 38 109 85 188 32 127 221 36 223 186 81 24 163 61 22 183 235 163
    102 235 49 41 198 147 10 71 0 231 59 51 62 220 143 72 196 75 187 236
    125 22 55 121 245 70 44 144 207 229 1 5 128 158 177 143 8 197 150 83
    41 112 101 90 235 253 123 101 197 114 135 102 116 233 144 219 182
    148 233 212 223 240 86 99 161 165 227 157 118 141 229 78 43 201 209
    147 188 102 20 93 10 140 34 126 242 37 58 202 106 196 208 163 114 17
    77 236 123 146 170 98 23 117 185 234 243 35 221 91 95 40 245 63 128
    74 166 158 47 190 211 20 79 251 58 162 126 166 32 154 167 137 252 75
    122 192 167 222 169 40 178 105 124 149 47 152 248 141 173 168 22 59
    74 120 92 182 187 229 163 101 36 6 26 188 157 26 208 46 66 138 118
    169 175 29 188 153 129 161 57 59 145 127 136 229 55 141 199 214 30
    218 133 118 45 158 60 242 218 152 139 223 97 250 28 112 180 224 154
    4 24 56 246 43 132 166 174 1 25 246 84 160 235 227 69 232 133 201 45
    116 13 134 176 143 242 98 152 230 88 9 28 69 1 30 250 246 186 212
    162 252 110 177 229 79 48 196 164 33 51 134 152 29 157 233 7 179 31
    237 252 191 187 62 209 95 137 83 160 251 175 172 50 120 144 10 213
    69 227 243 102 171 139 252 234 178 87 203 66 81 25 136 39 1 215 207
    32 90 107 216 175 164 119 239 74 177 74 128 132 189 231 30 236 146
    59 211 204 39 49 48 174 117 89 28 24 112 142 104 236 87 79 28 80 147
    145 114 199 144 203 161 161 1 3 227 59 151 67 3 115 216 199 127 229
    54 250 245 62 241 68 53 87 179 197 26 174 160 36 30 139 183 89 140
    195 222 235 29 205 198 114 164 110 243 211 112 192 244 244 118 34 19
    225 8 188 166 233 123 180 116 123 99 254 50 105 49 217 114 206 153
    225 140 203 131 91 152 243 21 29 247 161 53 43 73 80 184 173 171 5
    29 180 5 235 221 247 130 211 113 221 66 228 151 152 41 138 47 166 36
    46 89 44 62 237 86 20 58 158 103 6 91 219 59 134 208 185 197 141 73
    235 239 188 93 18 206 81 180 226 64 55 47 90 212 185 204 60 81 80
    124 254 22 216 206 122 182 99 214 61 220 16 208 163 223 188 192 94
    159 189 76 94 69 18 87 106 194 22 228 133 216 151 146 96 106 147 112
    150 173 172 35 190 120 244 160 225 78 152 189 48 199 231 75 31 214
    191 213 148 174 136 140 29 210 140 126 67 161 43 188 199 246 69 75
    136 116 156 56 184 143 163 109 123 90 37 94 179 178 9 246 66 179 212
    25 68 215 117 63 167 39 162 255 156 0 78 121 79 188 144 37 206 129
    140 197 159 63 207 179 246 0 101 155 207 118 56 92 254 3 200 203 151
    234 74 180 211 199 106 204 176 158 52 139 209 81 246 28 179 118 175
    132 19 167 228 195 62 181 226 25 85 17 42 23 181 148 93 225 44 75 43
    5 255 104 33 236 112 239 172 8 170 127 228 136 131 104 139 217 251
    254 216 141 133 241 206 47 125 52 196 182 71 180 21 53 157 211 68 78
    168 38 163 11 200 136 144 27 234 158 11 109 225 138 57 167 200 177
    17 88 53 112 210 106 185 211 14 216 10 32 146 230 187 250 18 232 129
    194 79 35 100 85 32 240 159 4 35 232 201 114 35 176 193 157 88 111
    155 192 196 19 196 225 73 214 79 29 153 115 225 83 142 72 150 61 119
    236 54 66 191 23 153 136 171 100 96 170 52 49 61 225 48 153 110 151
    189 152 202 188 150 177 86 250 184 244 12 9 105 175 46 201 221 63 70
    213 225 255 234 17 117 222 81 83 56 7 101 18 19 225 80 33 183 144
    182 113 251 5 112 16 235 80 186 5 231 161 87 232 122 145 111 156 15
    73 242 31 127 120 27 12 185 113 231 230 102 152 73 198 112 200 210
    101 214 136 151 17 205 130 61 169 170 138 126 63 247 166 132 222 175
    89 27 154 80 200 152 10 92 106 143 224 88 93 166 146 164 54 3 35 131
    8 211 124 99 198 185 158 86 97 98 62 172 84 145 89 92 147 62 102 9
    77 237 235 15 109 108 12 227 92 226 173 2 135 172 36 10 100 15 249
    211 253 79 32 76 23 186 2 13 203 80 141 237 232 133 86 132 2 171 157
    59 75 10 29 211 117 232 97 228 92 187 59 34 61 75 229 136 213 222 66
    194 152 25 244 37 107 169 55 42 187 221 211 170 117 90 251 124 153
    82 63 86 209 214 67 224 33 234 202 167 217 39 16 118 36 152 39 133
    169 191 186 70 63 43 32 95 116 122 18 25 37 92 222 254 81 4 189 143
    192 2 35 53 207 14 17 214 236 179 220 85 148 210 220 106 157 134 190
    23 209 90 195 59 165 210 53 202 158 21 31 159 181 39 139 98 57 15
    163 97 16 216 215 53 70 196 154 157 254 42 99 83 31 220 214 216 134
    77 2 20 62 175 81 98 213 1 159 177 57 235 173 152 217 63 7 0 56 179
    110 80 214 175 112 78 86 200 15 136 199 171 81 84 95 165 136 114 215
    49 111 93 138 211 151 161 47 124 77 32 165 30 81 238 80 17 243 47
    249 52 250 136 222 180 8 140 142 56 191 237 20 59 20 63 155 39 27 26
    172 180 176 169 222 87 106 38 213 123 81 244 121 189 189 4 67 160 97
    85 179 39 224 115 77 125 244 181 117 131 82 134 132 72 76 138 199 18
    195 33 77 213 246 174 68 114 209 128 185 51 197 175 77 92 38 144 165
    241 150 112 18 26 188 160 128 21 10 77 187 92 19 207 107 200 87 216
    227 60 18 41 83 197 233 93 155 164 177 49 19 23 207 168 37 165 224
    243 17 45 113 134 72 88 134 128 86 56 122 245 170 109 91 132 67 53
    220 33 144 85 9 255 131 189 185 65 248 64 24 232 106 167 214 238 214
    126 71 27 197 203 28 37 184 40 220 173 8 213 157 87 51 190 28 75 27
    191 48 152 113 89 74 68 108 25 226 121 149 177 118 86 62 197 43 201
    29 19 23 183 207 44 130 162 29 125 230 240 114 114 28 11 148 125 7
    243 243 114 13 182 2 229 114 237 45 211 20 177 191 191 207 110 172
    95 253 142 120 242 173 40 11 189 192 81 222 56 202 15 222 7 205 47
    163 248 254 54 240 52 148 6 68 128 167 78 245 130 66 80 122 154 206
    185 12 133 169 169 216 253 52 65 175 173 234 102 4 241 161 75 251
    201 80 40 103 144 96 247 43 184 14 122 9 159 67 96 156 44 184 58 11
    106 47 252 175 90 130 41 204 151 198 213 245 96 234 73 51 218 62 138
    50 154 16 23 73 122 164 58 61 205 11 204 2 119 181 91 191 96 120 193
    227 36 13 76 16 191 64 197 4 55 26 141 126 66 144 207 66 168 47 219
    203 61 115 31 117 91 231 124 246 62 178 81 119 165 248 102 29 99 53
    125 116 117 103 105 32 43 109 225 69 98 7 9 141 24 223 22 5 224 169
    214 186 120 173 35 35 93 102 48 209 14 58 112 78 141 93 34 27 183 82
    72 67 187 2 41 86 67 37 236 78 176 109 172 206 158 167 255 139 210
    220 26 110 169 42 226 255 186 78 177 23 63 118 71 6 136 157 255 25
    225 135 118 104 92 98 194 108 207 28 146 37 73 106 65 1 65 59 14 93
    22 34 175 177 195 170 172 184 122 188 18 151 33 138 185 106 239 182
    72 116 25 189 228 157 19 74 250 209 78 237 53 58 163 228 176 226 12
    159 227 167 49 89 45 53 246 130 32 171 191 88 5 0 137 50 122 150 166
    35 13 74 186 57 18 33 175 63 158 3 10 2 242 170 109 37 54 120 236 98
    46 22 79 89 183 58 234 119 166 202 126 85 102 182 116 130 148 145 26
    65 172 73 67 131 121 64 148 38 112 255 201 107 62 118 165 213 73 248
    248 230 197 30 226 238 217 195 48 17 90 197 177 217 229 2 21 18 25
    202 101 54 243 100 209 130 94 254 196 138 155 135 13 194 163 111 174
    221 35 141 70 59 53 236 234 19 24 191 11 83 72 66 148 35 244 95 172
    25 254 138 99 201 58 0 11 186 82 188 20 135 27 202 57 200 218 222 12
    147 253 145 126 130 212 107 66 159 87 31 2 80 209 165 12 139 0 43
    163 230 138 92 215 55 110 40 208 204 140 147 252 56 25 69 253 156 30
    41 7 132 44 111 204 179 100 252 213 144 121 24 237 19 237 232 243 65
    6 95 64 228 107 166 177 65 97 193 247 189 36 110 9 10 53 70 9 189
    249 219 73 161 39 173 138 238 50 85 97 243 27 18 95 116 179 179 94
    216 243 39 23 37 151 217 248 117 166 130 254 207 39 149 183 245 48
    247 36 222 155 231 31 60 143 205 95 174 17 32 187 52 214 207 252 113
    224 53 12 225 103 221 248 51 73 8 236 99 176 130 201 34 165 144 158
    83 25 73 120 40 121 214 52 159 204 183 6 206 85 173 237 26 188 41 5
    191 43 64 184 244 71 111 212 251 244 227 28 21 10 106 136 108 128 57
    69 219 72 197 175 229 97 231 129 19 6 179 39 199 230 252 44 19 59
    152 72 243 202 23 210 68 89 156 8 102 218 23 112 69 146 215 49 129
    66 170 147 18 169 114 34 40 17 124 74 229 190 186 253 233 165 179 59
    38 82 144 80 133 184 166 54 118 102 185 42 137 173 230 25 196 241 67
    206 142 31 128 205 70 10 44 175 86 121 50 254 235 8 237 72 125 16 10
    84 18 171 63 154 170 51 145 128 181 161 16 41 152 207 102 169 146 43
    134 222 165 180 74 97 195 240 42 213 164 70 30 117 174 143 146 89
    254 58 174 138 213 176 252 182 255 102 39 65 63 189</data></test_img>
<my_img type_id="opencv-matrix">
  <rows>50</rows>
  <cols>100</cols>
  <dt>u</dt>
  <data>
    246 49 52 112 73 83 42 27 130 212 161 17 176 77 214 155 99 60 211
    165 39 214 21 134 41 36 18 203 79 159 206 18 37 161 10 37 231 108 19
    33 20 14 164 134 219 74 217 170 167 225 228 202 156 51 250 101 132
    79 223 85 46 201 216 138 1 62 220 167 255 50 120 123 43 135 242 133
    110 236 14 105 191 227 249 32 210 58 183 102 22 193 143 232 171 252
    77 229 20 216 91 213 117 128 110 69 11 17 175 53 238 40 119 233 168
    134 28 10 220 120 237 50 250 239 245 186 253 182 81 217 54 136 132
    236 144 44 225 37 179 97 210 235 59 142 200 41 245 145 9 62 225 20
    161 139 138 117 229 22 71 148 199 197 247 52 208 67 236 230 48 59 1
    199 12 239 173 48 26 114 43 95 59 16 109 248 89 26 88 100 38 157 111
    162 131 7 202 95 170 76 141 61 178 43 228 246 206 170 77 78 11 130
    50 160 78 246 230 190 110 97 208 142 153 91 2 109 229 249 167 120
    111 152 67 109 112 123 232 232 243 171 85 75 100 147 127 173 182 19
    165 139 105 179 26 29 217 27 174 220 28 20 50 34 75 236 158 156 247
    54 52 131 66 103 245 183 111 160 253 238 237 121 167 32 142 74 197
    139 131 39 38 202 247 239 139 207 133 232 19 83 101 120 176 203 61
    158 222 252 62 41 108 198 84 220 164 191 158 0 187 150 84 73 68 37
    55 212 220 218 104 240 93 152 169 186 119 5 144 96 52 191 8 205 32 2
    184 47 244 178 181 82 86 108 159 23 111 253 125 220 168 29 39 83 98
    198 39 66 91 33 6 10 31 104 175 96 233 121 119 77 138 187 232 80 221
    157 178 75 227 31 223 71 10 207 80 34 255 230 96 128 177 106 37 127
    52 71 197 165 201 158 85 37 131 23 247 253 116 196 47 79 94 201 168
    63 97 25 99 173 7 199 73 141 83 106 181 119 222 180 163 240 161 77
    14 188 227 119 141 220 88 227 28 114 184 145 147 169 175 22 14 60
    236 129 212 140 229 219 219 129 150 226 139 150 58 0 238 138 112 58
    165 71 234 142 86 26 34 225 181 161 68 81 19 24 19 181 186 229 137
    24 87 60 151 177 96 170 114 165 32 67 52 104 135 11 80 109 122 22
    219 60 236 170 70 60 116 64 243 153 210 194 108 140 16 151 142 130
    115 56 25 115 111 35 184 10 194 61 211 80 94 121 69 6 193 190 40 89
    163 241 239 44 174 5 100 65 81 21 128 93 148 62 151 37 32 233 50 22
    163 78 120 17 83 236 191 140 201 51 65 89 121 135 134 178 120 89 249
    228 25 110 253 80 153 56 171 89 86 241 195 43 4 194 25 135 26 200
    117 6 147 70 100 190 19 78 166 3 114 174 253 203 109 233 246 115 153
    136 141 211 188 105 117 69 89 83 227 16 173 157 94 144 250 118 159
    176 166 187 194 148 81 189 76 199 108 51 102 21 156 118 184 100 87
    68 55 170 169 243 170 128 66 143 142 118 121 150 251 112 117 33 195
    103 247 64 234 132 57 200 173 113 59 181 34 164 4 101 50 5 196 193
    46 12 238 120 8 35 58 19 123 3 14 16 125 200 206 33 234 184 240 199
    84 104 72 57 2 68 187 11 33 194 167 196 203 169 31 88 91 88 142 223
    237 34 148 3 95 68 103 118 99 205 82 110 82 170 215 58 59 229 115
    120 36 68 193 80 152 174 144 254 192 210 226 106 186 172 119 184 154
    224 228 149 41 240 147 134 128 19 25 219 32 230 133 144 19 232 143
    227 138 233 48 155 170 62 219 255 245 255 31 122 55 125 162 114 59
    102 187 223 241 154 137 245 31 49 143 64 43 2 82 242 123 106 58 157
    213 43 182 2 174 154 243 71 36 123 200 167 9 138 21 137 228 161 35 2
    247 77 10 25 20 157 105 112 136 13 19 92 246 68 116 120 7 21 9 77 75
    253 3 239 86 197 68 41 48 3 241 252 239 134 122 134 151 206 16 85
    204 117 29 116 38 214 101 221 197 89 190 251 221 41 83 56 214 213
    241 181 44 159 108 199 198 143 15 72 209 202 81 200 39 170 240 27
    161 144 13 147 41 249 44 168 240 35 205 141 225 108 14 218 242 26
    140 101 215 154 230 10 69 16 69 96 170 106 138 91 164 166 216 103 55
    176 8 18 19 191 184 26 145 177 69 252 145 153 252 18 110 13 146 164
    147 120 97 217 92 203 50 227 124 197 16 131 63 33 220 48 156 92 14
    191 96 75 37 30 234 73 128 223 0 249 105 85 164 88 42 113 192 177 30
    207 146 60 237 33 149 216 119 50 2 78 1 23 233 106 166 186 228 61
    126 195 163 5 249 68 6 245 151 7 170 53 13 111 87 237 119 94 153 53
    145 45 246 212 168 179 229 103 173 51 78 168 134 43 93 133 167 243
    167 102 54 97 53 53 50 205 131 88 217 60 103 144 240 228 204 23 152
    133 161 141 90 98 117 54 122 48 28 115 0 70 174 184 110 148 133 70
    110 135 25 2 12 55 254 164 243 24 8 147 158 165 1 147 23 49 233 236
    177 246 209 104 210 41 160 205 137 72 28 25 255 236 7 9 252 109 209
    233 228 174 204 14 39 215 28 244 215 80 13 87 68 236 122 96 152 120
    182 243 122 13 203 40 94 204 100 31 63 87 78 131 5 107 173 182 246
    25 248 202 196 92 106 68 99 6 22 71 97 131 9 8 230 148 251 143 181
    247 208 101 234 13 2 127 186 113 130 47 33 194 148 151 200 122 172
    229 224 212 213 246 122 250 65 78 21 60 224 117 178 49 108 80 92 119
    134 117 144 42 67 228 198 61 209 35 100 157 127 126 166 40 22 179
    130 167 239 15 175 213 245 207 206 250 48 171 254 34 160 107 215 70
    14 15 100 63 31 88 80 126 249 182 31 220 190 140 195 150 164 51 72
    11 52 53 89 132 49 237 203 45 166 103 26 255 200 61 207 201 37 215
    135 221 18 172 39 16 186 28 153 148 28 73 97 182 100 72 135 87 135
    121 153 55 190 174 92 188 229 135 206 169 237 244 148 161 198 58 64
    162 224 80 32 247 219 84 22 208 92 25 212 130 181 204 45 225 197 98
    171 24 178 31 78 230 152 139 7 113 205 64 62 32 183 114 40 90 182
    138 62 204 18 79 77 244 124 53 22 28 252 108 248 230 253 45 27 28
    141 55 19 118 34 137 127 211 225 240 106 53 98 55 189 71 234 66 187
    5 84 18 118 34 38 189 248 175 12 39 125 47 178 52 98 146 162 129 132
    128 115 32 88 165 162 155 232 149 192 27 105 116 62 136 217 36 184
    28 222 55 242 80 24 247 252 108 213 139 19 82 55 64 88 130 243 80 42
    182 244 226 39 77 215 82 5 91 237 31 249 146 8 152 170 224 104 198
    241 117 61 190 122 59 225 69 51 17 71 254 177 218 108 161 194 195
    197 10 67 130 248 251 63 90 23 216 18 45 245 152 181 35 121 39 47
    173 99 81 69 253 115 201 2 186 245 188 119 134 198 169 60 48 36 26
    235 144 209 132 216 203 64 72 29 228 213 205 160 152 205 46 124 232
    132 222 237 40 114 62 242 111 89 25 91 3 229 204 209 61 56 165 10
    212 57 169 9 139 239 123 121 216 105 228 175 33 141 220 52 77 96 69
    251 88 246 192 121 55 245 119 254 185 121 61 26 131 227 92 29 42 84
    23 215 53 66 184 25 222 53 216 237 55 191 124 151 4 156 181 183 247
    184 88 38 73 64 226 77 254 0 199 56 101 28 79 41 7 62 183 221 171 78
    94 33 166 152 53 206 60 132 180 9 93 234 216 164 234 101 103 33 86
    109 228 174 117 247 194 131 93 129 182 114 81 133 178 79 255 98 15
    209 114 78 81 75 41 48 204 109 59 101 158 234 113 126 96 80 222 217
    209 155 35 121 242 52 86 228 143 207 238 191 123 197 6 48 187 241
    172 85 202 126 179 122 250 185 103 76 21 7 45 60 62 214 121 161 49
    145 241 90 99 229 243 239 148 85 153 240 219 50 40 40 92 121 188 32
    61 54 224 78 255 101 125 90 50 85 149 117 161 140 213 22 18 143 94
    127 66 21 202 222 203 53 216 126 177 173 221 204 169 4 67 136 151
    255 171 127 180 72 83 151 148 84 204 46 215 167 250 27 6 197 30 223
    178 59 217 149 255 47 248 151 159 221 62 12 35 6 8 197 109 208 139
    255 206 232 122 172 89 24 89 4 178 128 130 136 67 104 129 152 93 5
    155 109 139 1 41 124 37 34 177 40 17 28 161 206 19 88 202 231 132 6
    3 43 243 187 228 55 52 180 53 29 231 161 153 12 78 148 80 79 204 85
    113 128 223 229 19 5 195 215 249 67 234 169 85 181 157 98 110 2 199
    114 224 96 94 4 201 102 93 209 2 105 156 102 160 27 117 202 175 228
    220 235 41 12 90 80 188 231 156 27 78 109 12 168 18 41 244 201 140
    58 139 102 163 236 120 32 178 74 209 142 132 240 90 117 70 142 138
    91 132 200 117 109 127 197 98 97 138 9 192 77 163 134 93 174 88 146
    124 94 172 149 176 57 57 47 5 31 200 97 112 110 20 19 83 61 196 150
    97 41 10 117 101 13 174 63 46 47 129 128 52 145 252 61 69 163 171
    205 168 37 20 35 60 215 141 124 72 139 185 87 201 188 196 196 186 35
    222 195 177 238 135 32 126 244 56 186 206 70 156 114 252 181 195 154
    60 85 45 19 174 114 147 247 241 110 134 140 154 174 136 48 168 156
    153 229 93 99 41 248 193 236 179 96 54 79 58 72 225 131 41 26 138
    144 114 57 51 67 57 237 187 236 139 122 242 179 173 230 49 218 14
    100 95 200 160 31 198 130 4 62 233 228 216 14 77 47 204 242 120 122
    181 214 83 85 47 146 234 248 223 82 150 140 198 204 200 122 160 198
    73 6 189 137 35 31 100 127 67 249 33 201 180 46 190 185 173 37 212
    110 169 158 141 238 57 188 154 240 182 62 250 244 34 9 161 236 92
    179 139 32 193 57 223 193 35 27 229 111 128 212 220 76 177 190 234
    25 80 140 89 9 206 209 59 85 135 138 218 81 154 95 65 15 126 81 129
    57 225 68 233 9 251 187 92 94 158 102 12 175 113 109 87 52 133 167
    225 144 16 195 60 171 189 73 29 198 124 62 57 244 33 210 7 238 100
    229 131 237 123 37 75 131 93 159 3 111 81 145 4 22 189 90 220 48 26
    204 2 40 184 123 41 246 56 251 151 135 34 12 159 225 108 181 165 89
    107 250 163 38 171 136 10 181 108 223 65 209 109 94 46 135 177 138
    62 57 251 238 39 172 201 252 52 13 107 143 209 3 115 116 43 102 209
    31 186 160 58 231 125 167 74 49 92 172 100 190 47 129 17 23 62 228
    213 182 205 143 63 45 125 95 215 5 87 217 250 66 37 54 234 149 193
    76 118 116 121 84 151 21 107 238 111 144 99 222 157 132 138 28 53
    215 247 142 130 149 222 205 39 199 9 125 13 9 78 216 187 130 66 241
    150 164 218 149 18 109 241 131 254 228 190 68 227 38 88 200 207 10
    217 24 207 144 195 154 151 44 79 148 142 85 249 142 89 88 223 112 96
    68 22 83 247 27 100 28 131 193 20 77 212 58 106 172 172 121 209 245
    143 225 195 213 5 2 181 147 229 87 177 185 188 159 137 233 227 136
    42 215 251 5 247 48 241 253 253 106 23 34 28 238 200 243 230 76 165
    203 73 3 118 69 57 98 129 194 190 242 178 118 104 38 46 162 230 33
    58 126 166 122 57 113 188 186 54 68 73 231 54 33 3 10 56 254 8 153 6
    160 229 210 196 179 14 17 192 125 214 67 222 160 204 155 133 184 158
    32 171 115 94 127 25 112 29 193 181 21 254 238 177 82 124 231 171
    227 11 163 198 112 97 99 88 78 117 233 16 94 65 72 197 164 171 43 87
    231 150 132 208 110 121 36 187 75 252 53 149 28 178 55 243 188 213
    133 44 193 207 184 154 3 109 213 95 193 29 207 178 165 183 190 170
    237 56 250 207 225 52 120 39 171 238 55 233 201 29 215 40 17 211 138
    183 66 83 213 107 56 181 193 212 15 24 255 111 26 14 62 170 116 13
    13 6 81 231 15 64 14 17 48 68 6 213 234 85 160 88 60 245 100 226 81
    77 185 139 16 241 92 185 156 185 35 209 32 248 151 117 222 82 6 101
    214 67 195 131 199 118 117 16 146 44 71 25 137 32 6 158 156 23 37
    242 65 247 16 109 216 97 215 255 172 63 44 128 190 238 204 25 114
    108 96 143 38 61 199 28 189 254 208 147 201 45 24 125 63 147 105 206
    35 146 16 36 104 82 190 29 124 221 36 224 184 81 23 160 56 20 177
    234 156 101 235 45 40 193 146 13 67 2 230 56 47 60 216 135 67 195 74
    187 238 122 27 56 119 246 70 45 140 205 229 3 9 121 151 176 134 13
    196 144 81 47 105 98 90 237 254 114 95 195 109 129 100 116 233 144
    219 182 148 233 212 223 240 86 99 161 165 227 157 118 141 229 78 43
    201 209 147 192 96 16 83 9 133 33 121 242 32 55 201 104 196 207 161
    111 16 70 237 118 141 163 95 23 114 182 235 242 34 216 90 93 38 246
    62 126 73 162 153 42 189 215 23 80 253 61 160 124 164 34 152 166 131
    253 74 117 191 166 223 166 50 174 100 118 145 54 150 249 133 168 165
    22 63 74 116 95 178 187 229 163 101 36 6 26 188 157 26 208 46 66 138
    118 169 175 29 188 153 129 161 53 55 145 120 130 233 51 141 201 215
    25 217 131 117 44 156 57 239 213 147 135 219 94 252 28 110 175 222
    153 7 26 53 249 42 131 159 166 4 24 251 87 160 239 230 68 236 134
    203 46 117 16 129 178 140 245 98 152 233 88 11 34 71 3 35 251 248
    184 214 159 254 101 171 230 79 54 191 162 36 51 134 152 29 157 233 7
    179 31 237 252 191 187 62 209 95 137 83 160 251 175 172 43 110 143 8
    217 63 230 244 99 167 132 252 234 174 86 200 64 77 24 132 38 2 207
    200 31 89 109 213 174 161 118 238 73 174 74 126 129 185 233 27 240
    145 58 215 208 40 49 47 174 115 90 31 26 107 137 104 240 85 79 31 79
    141 139 110 198 139 206 161 158 2 5 227 61 144 70 3 116 217 199 127
    229 54 250 245 62 241 68 53 87 179 197 26 174 160 36 30 139 183 89
    140 197 227 236 24 206 200 107 161 106 242 208 107 191 246 245 115
    33 18 222 8 181 159 229 117 172 110 121 103 255 49 102 45 214 112
    200 148 227 133 201 127 94 152 245 20 27 250 163 52 42 69 80 183 174
    171 8 32 183 8 237 221 247 130 212 112 220 68 231 152 152 43 133 54
    164 42 53 94 51 71 237 86 20 58 158 103 6 91 219 59 134 208 185 197
    141 73 235 239 188 93 18 206 79 182 229 63 54 45 90 215 182 203 56
    79 78 123 253 23 212 199 113 171 97 208 57 213 18 201 156 220 184
    186 94 155 181 77 95 65 18 87 106 193 21 232 134 222 152 149 100 108
    153 113 153 174 174 40 195 121 245 159 226 77 156 196 57 203 234 79
    40 219 194 216 143 173 131 137 34 210 140 128 67 161 43 188 199 246
    69 75 136 116 156 56 184 143 163 109 123 90 37 94 179 178 6 250 67
    182 217 23 69 221 113 61 165 40 159 255 155 1 77 117 74 184 138 40
    200 123 135 191 155 64 204 176 246 2 101 151 204 120 54 94 254 3 205
    207 154 237 73 184 218 204 107 210 182 159 53 140 215 85 247 29 186
    118 180 133 24 170 229 199 69 183 227 27 83 17 45 27 175 144 98 222
    44 75 43 5 255 104 33 236 112 239 172 8 170 127 228 136 131 104 139
    217 251 254 224 142 131 241 210 44 122 48 198 181 70 179 23 55 155
    210 68 74 161 40 157 14 193 131 140 31 233 157 15 114 226 139 55 165
    195 173 17 92 49 112 215 109 188 216 13 223 10 35 151 234 194 251 20
    237 131 202 78 40 97 85 40 242 161 8 45 236 208 117 43 173 189 153
    90 110 150 186 191 21 196 225 73 214 79 29 153 115 225 83 142 72 150
    61 119 236 54 66 191 23 153 136 169 98 94 165 49 46 59 229 43 148
    107 146 188 148 201 187 146 170 86 250 178 244 17 12 107 171 48 197
    218 67 74 212 225 255 234 17 120 224 85 86 57 6 105 17 18 229 83 36
    188 148 188 110 253 8 110 17 239 81 192 10 234 165 90 234 124 147
    115 157 17 76 244 35 121 120 29 12 176 112 231 230 102 152 73 198
    112 200 210 101 214 136 151 17 205 130 61 169 170 138 126 63 249 165
    131 227 176 92 26 151 78 202 149 11 99 110 146 228 95 96 159 140 157
    55 5 38 129 10 210 130 109 198 185 159 91 104 105 60 167 88 144 92
    98 153 63 105 8 77 241 239 15 110 108 13 230 92 228 178 3 134 175 43
    13 99 19 249 213 253 83 40 80 26 182 3 12 199 84 136 238 232 133 86
    132 2 171 157 59 75 10 29 211 117 232 97 228 92 187 59 34 61 75 229
    134 219 227 66 199 151 23 246 34 106 168 57 48 187 227 215 169 117
    94 250 125 146 87 64 92 207 214 74 224 38 234 203 165 219 41 17 122
    35 152 40 141 173 198 193 70 64 47 36 99 118 125 19 27 41 93 227 255
    84 6 199 142 202 4 45 59 210 15 18 216 238 177 220 83 144 206 218
    107 156 134 190 23 209 90 195 59 165 210 53 202 158 21 31 159 181 39
    139 98 57 15 163 97 16 216 215 53 70 196 154 157 254 42 99 83 31 220
    214 216 134 77 2 20 62 175 81 98 213 1 159 177 57 235 173 152 217 63
    7 0 56 179 110 80 214 175 112 78 86 200 15 136 199 171 81 84 95 165
    136 114 215 49 111 93 138 211 151 161 47 124 77 32 165 30 81 238 80
    17 243 47 249 52 250 136 222 180 8 140 142 56 191 237 20 59 20 63
    155 39 27 26 172 180 176 169 222 87 106 38 213 123 81 244 121 189
    189 4 67 160 97 85 179 39 224 115 77 125 244 181 117 131 82 134 132
    72 76 138 199 18 195 33 77 213 246 174 68 114 209 128 185 51 197 175
    77 92 38 144 165 241 150 112 18 26 188 160 128 21 10 77 187 92 19
    207 107 200 87 216 227 60 18 41 83 197 233 93 155 164 177 49 19 23
    207 168 37 165 224 243 17 45 113 134 72 88 134 128 86 56 122 245 170
    109 91 132 67 53 220 33 144 85 9 255 131 189 185 65 248 64 24 232
    106 167 214 238 214 126 71 27 197 203 28 37 184 40 220 173 8 213 157
    87 51 190 28 75 27 191 48 152 113 89 74 68 108 25 226 121 149 177
    118 86 62 197 43 201 29 19 23 183 207 44 130 162 29 125 230 240 114
    114 28 11 148 125 7 243 243 114 13 182 2 229 114 237 45 211 20 177
    191 191 207 110 172 95 253 142 120 242 173 40 11 189 192 81 222 56
    202 15 222 7 205 47 163 248 254 54 240 52 148 6 68 128 167 78 245
    130 66 80 122 154 206 185 12 133 169 169 216 253 52 65 175 173 234
    102 4 241 161 75 251 201 80 40 103 144 96 247 43 184 14 122 9 159 67
    96 156 44 184 58 11 106 47 252 175 90 130 41 204 151 198 213 245 96
    234 73 51 218 62 138 50 154 16 23 73 122 164 58 61 205 11 204 2 119
    181 91 191 96 120 193 227 36 13 76 16 191 64 197 4 55 26 141 126 66
    144 207 66 168 47 219 203 61 115 31 117 91 231 124 246 62 178 81 119
    165 248 102 29 99 53 125 116 117 103 105 32 43 109 225 69 98 7 9 141
    24 223 22 5 224 169 214 186 120 173 35 35 93 102 48 209 14 58 112 78
    141 93 34 27 183 82 72 67 187 2 41 86 67 37 236 78 176 109 172 206
    158 167 255 139 210 220 26 110 169 42 226 255 186 78 177 23 63 118
    71 6 136 157 255 25 225 135 118 104 92 98 194 108 207 28 146 37 73
    106 65 1 65 59 14 93 22 34 175 177 195 170 172 184 122 188 18 151 33
    138 185 106 239 182 72 116 25 189 228 157 19 74 250 209 78 237 53 58
    163 228 176 226 12 159 227 167 49 89 45 53 246 130 32 171 191 88 5 0
    137 50 122 150 166 35 13 74 186 57 18 33 175 63 158 3 10 2 242 170
    109 37 54 120 236 98 46 22 79 89 183 58 234 119 166 202 126 85 102
    182 116 130 148 145 26 65 172 73 67 131 121 64 148 38 112 255 201
    107 62 118 165 213 73 248 248 230 197 30 226 238 217 195 48 17 90
    197 177 217 229 2 21 18 25 202 101 54 243 100 209 130 94 254 196 138
    155 135 13 194 163 111 174 221 35 141 70 59 53 236 234 19 24 191 11
    83 72 66 148 35 244 95 172 25 254 138 99 201 58 0 11 186 82 188 20
    135 27 202 57 200 218 222 12 147 253 145 126 130 212 107 66 159 87
    31 2 80 209 165 12 139 0 43 163 230 138 92 215 55 110 40 208 204 140
    147 252 56 25 69 253 156 30 41 7 132 44 111 204 179 100 252 213 144
    121 24 237 19 237 232 243 65 6 95 64 228 107 166 177 65 97 193 247
    189 36 110 9 10 53 70 9 189 249 219 73 161 39 173 138 238 50 85 97
    243 27 18 95 116 179 179 94 216 243 39 23 37 151 217 248 117 166 130
    254 207 39 149 183 245 48 247 36 222 155 231 31 60 143 205 95 174 17
    32 187 52 214 207 252 113 224 53 12 225 103 221 248 51 73 8 236 99
    176 130 201 34 165 144 158 83 25 73 120 40 121 214 52 159 204 183 6
    206 85 173 237 26 188 41 5 191 43 64 184 244 71 111 212 251 244 227
    28 21 10 106 136 108 128 57 69 219 72 197 175 229 97 231 129 19 6
    179 39 199 230 252 44 19 59 152 72 243 202 23 210 68 89 156 8 102
    218 23 112 69 146 215 49 129 66 170 147 18 169 114 34 40 17 124 74
    229 190 186 253 233 165 179 59 38 82 144 80 133 184 166 54 118 102
    185 42 137 173 230 25 196 241 67 206 142 31 128 205 70 10 44 175 86
    121 50 254 235 8 237 72 125 16 10 84 18 171 63 154 170 51 145 128
    181 161 16 41 152 207 102 169 146 43 134 222 165 180 74 97 195 240
    42 213 164 70 30 117 174 143 146 89 254 58 174 138 213 176 252 182
    255 102 39 65 63 189</data></my_img>
<your_img type_id="opencv-matrix">
  <rows>50</rows>
  <cols>100</cols>
  <dt>u</dt>
  <data>
    246 49 52 112 73 83 42 27 130 212 161 17 176 77 214 155 99 60 211
    165 39 214 21 134 41 36 18 203 79 159 206 18 37 161 10 37 231 108 19
    33 20 14 164 134 219 74 217 170 167 225 228 202 156 51 250 101 132
    79 223 85 46 201 216 138 1 62 220 167 255 50 120 123 43 135 242 133
    110 236 14 105 191 227 249 32 210 58 183 102 22 193 143 232 171 252
    77 229 20 216 91 213 117 128 110 69 11 17 175 53 238 40 119 233 168
    134 28 10 220 120 237 50 250 239 245 186 253 182 81 217 54 136 132
    236 144 44 225 37 179 97 210 235 59 142 200 41 245 145 9 62 225 20
    161 139 138 117 229 22 71 148 199 197 247 52 208 67 236 230 48 59 1
    199 12 239 173 48 26 114 43 95 59 16 109 248 89 26 88 100 38 157 111
    162 131 7 202 95 170 76 141 61 178 43 228 246 206 170 77 78 11 130
    50 160 78 246 230 190 110 97 208 142 153 91 2 109 229 249 167 120
    111 152 67 109 112 123 232 232 243 171 85 75 100 147 127 173 182 19
    165 139 105 179 26 29 217 27 174 220 28 20 50 34 75 236 158 156 247
    54 52 131 66 103 245 183 111 160 253 238 237 121 167 32 142 74 197
    139 131 39 38 202 247 239 139 207 133 232 19 83 101 120 176 203 61
    158 222 252 62 41 108 198 84 220 164 191 158 0 187 150 84 73 68 37
    55 212 220 218 104 240 93 152 169 186 119 5 144 96 52 191 8 205 32 2
    184 47 244 178 181 82 86 108 159 23 111 253 125 220 168 29 39 83 98
    198 39 66 91 33 6 10 31 104 175 96 233 121 119 77 138 187 232 80 221
    157 178 75 227 31 223 71 10 207 80 34 255 230 96 128 177 106 37 127
    52 71 197 165 201 158 85 37 131 23 247 253 116 196 47 79 94 201 168
    63 97 25 99 173 7 199 73 141 83 106 181 119 222 180 163 240 161 77
    14 188 227 119 141 220 88 227 28 114 184 145 147 169 175 22 14 60
    236 129 212 140 229 219 219 129 150 226 139 150 58 0 238 138 112 58
    165 71 234 142 86 26 34 225 181 161 68 81 19 24 19 181 186 229 137
    24 87 60 151 177 96 170 114 165 32 67 52 104 135 11 80 109 122 22
    219 60 236 170 70 60 116 64 243 153 210 194 108 140 16 151 142 130
    115 56 25 115 111 35 184 10 194 61 211 80 94 121 69 6 193 190 40 89
    163 241 239 44 174 5 100 65 81 21 128 93 148 62 151 37 32 233 50 22
    163 78 120 17 83 236 191 140 201 51 65 89 121 135 134 178 120 89 249
    228 25 110 253 80 153 56 171 89 86 241 195 43 4 194 25 135 26 200
    117 6 147 70 100 190 19 78 166 3 114 174 253 203 109 233 246 115 153
    136 141 211 188 105 117 69 89 83 227 16 173 157 94 144 250 118 159
    176 166 187 194 148 81 189 76 199 108 51 102 21 156 118 184 100 87
    68 55 170 169 243 170 128 66 143 142 118 121 150 251 112 117 33 195
    103 247 64 234 132 57 200 173 113 59 181 34 164 4 101 50 5 196 193
    46 12 238 120 8 35 58 19 123 3 14 16 125 200 206 33 234 184 240 199
    84 104 72 57 2 68 187 11 33 194 167 196 203 169 31 88 91 88 142 223
    237 34 148 3 95 68 103 118 99 205 82 110 82 170 215 58 59 229 115
    120 36 68 193 80 152 174 144 254 192 210 226 106 186 172 119 184 154
    224 228 149 41 240 147 134 128 19 25 219 32 230 133 144 19 232 143
    227 138 233 48 155 170 62 219 255 245 255 31 122 55 125 162 114 59
    102 187 223 241 154 137 245 31 49 143 64 43 2 82 242 123 106 58 157
    213 43 182 2 174 154 243 71 36 123 200 167 9 138 21 137 228 161 35 2
    247 77 10 25 20 157 105 112 136 13 19 92 246 68 116 120 7 21 9 77 75
    253 3 239 86 197 68 41 48 3 241 252 239 134 122 134 151 206 16 85
    204 117 29 116 38 214 101 221 197 89 190 251 221 41 83 56 214 213
    241 181 44 159 108 199 198 143 15 72 209 202 81 200 39 170 240 27
    161 144 13 147 41 249 44 168 240 35 205 141 225 108 14 218 242 26
    140 101 215 154 230 10 69 16 69 96 170 106 138 91 164 166 216 103 55
    176 8 18 19 191 184 26 145 177 69 252 145 153 252 18 110 13 146 164
    147 120 97 217 92 203 50 227 124 197 16 131 63 33 220 48 156 92 14
    191 96 75 37 30 234 73 128 223 0 249 105 85 164 88 42 113 192 177 30
    207 146 60 237 33 149 216 119 50 2 78 1 23 233 106 166 186 228 61
    126 195 163 5 249 68 6 245 151 7 170 53 13 111 87 237 119 94 153 53
    145 45 246 212 168 179 229 103 173 51 78 168 134 43 93 133 167 243
    167 102 54 97 53 53 50 205 131 88 217 60 103 144 240 228 204 23 152
    133 161 141 90 98 117 54 122 48 28 115 0 70 174 184 110 25 23 25 24
    23 22 22 20 20 20 20 20 21 21 21 21 23 22 23 24 24 23 24 23 24 25 26
    27 28 27 28 28 27 28 27 27 27 27 26 24 25 25 26 28 28 27 27 27 27 26
    24 22 21 21 20 22 21 22 20 20 21 21 22 20 21 18 17 16 16 16 17 15 15
    15 15 16 16 17 182 246 25 248 202 196 92 106 68 99 6 22 71 97 131 9
    8 230 148 251 143 181 26 24 25 25 24 23 22 20 20 20 20 20 21 21 21
    21 22 22 22 21 21 21 21 21 22 23 24 26 27 26 27 27 26 27 26 27 27 26
    25 23 25 25 26 28 28 27 27 27 27 26 24 22 22 22 20 22 21 22 20 20 21
    21 22 20 21 18 17 16 16 16 17 14 14 15 15 15 15 16 88 80 126 249 182
    31 220 190 140 195 150 164 51 72 11 52 53 89 132 49 237 203 25 23 25
    25 23 23 23 21 21 20 20 20 21 21 21 21 23 22 22 22 22 21 22 22 23 23
    25 26 27 27 27 27 26 27 26 27 27 27 25 24 25 25 27 28 28 27 27 27 27
    25 23 21 21 21 20 22 21 21 19 20 20 20 21 19 20 17 16 15 15 15 16 14
    14 14 14 15 15 16 64 62 32 183 114 40 90 182 138 62 204 18 79 77 244
    124 53 22 28 252 108 248 25 24 25 25 23 23 23 21 21 21 21 21 22 22
    22 22 23 23 23 22 22 22 22 23 23 24 25 27 28 27 28 28 27 27 26 27 27
    27 25 24 25 25 26 28 28 27 27 27 27 25 23 21 21 21 19 21 21 21 19 20
    21 21 22 21 21 19 18 17 17 17 17 16 17 17 17 17 17 18 130 243 80 42
    182 244 226 39 77 215 82 5 91 237 31 249 146 8 152 170 224 104 25 23
    24 25 23 23 23 21 21 20 20 21 21 22 22 22 23 22 22 22 22 21 22 22 23
    23 24 26 27 27 27 28 27 27 26 27 26 26 25 24 24 24 25 27 27 27 26 26
    26 24 23 20 20 20 19 21 21 21 19 20 20 20 21 20 21 19 18 17 17 16 17
    16 16 16 17 17 17 18 40 114 62 242 111 89 25 91 3 229 204 209 61 56
    165 10 212 57 169 9 139 239 27 26 27 28 27 26 27 25 25 24 24 24 24
    25 24 24 25 25 24 23 23 23 24 24 24 24 25 26 27 26 27 27 26 26 25 27
    26 26 25 24 24 24 25 27 27 26 26 26 26 24 24 22 22 22 21 23 23 22 21
    22 22 22 22 21 22 20 19 18 18 17 17 16 17 16 17 17 17 18 60 132 180
    9 93 234 216 164 234 101 103 33 86 109 228 174 117 247 194 131 93
    129 26 25 26 27 26 26 26 24 25 24 24 24 24 25 24 24 25 24 24 23 23
    23 24 24 25 25 25 26 27 26 27 27 25 25 25 27 26 26 25 24 24 24 25 27
    27 26 26 26 26 24 24 22 22 23 21 23 24 23 21 22 22 22 22 22 23 21 19
    18 18 17 18 17 17 16 17 17 16 17 40 40 92 121 188 32 61 54 224 78
    255 101 125 90 50 85 149 117 161 140 213 22 26 24 26 27 26 25 27 25
    25 25 25 25 25 26 25 25 25 24 24 23 23 23 24 24 25 25 25 26 27 25 26
    26 25 24 25 27 26 26 25 24 24 24 25 27 27 26 26 26 26 24 24 22 22 23
    22 23 24 23 21 22 22 23 23 22 23 21 20 18 18 17 18 16 17 16 17 17 16
    17 155 109 139 1 41 124 37 34 177 40 17 28 161 206 19 88 202 231 132
    6 3 43 23 21 23 24 23 23 25 23 24 24 24 24 24 25 24 24 24 23 23 22
    22 23 23 24 25 25 26 27 28 26 27 27 25 25 26 27 27 27 26 25 26 25 26
    27 28 27 27 27 27 25 25 23 24 24 23 25 25 24 23 23 23 24 23 23 24 22
    20 18 18 17 18 16 16 16 16 16 15 16 163 236 120 32 178 74 209 142
    132 240 90 117 70 142 138 91 132 200 117 109 127 197 23 21 23 24 23
    23 25 23 24 23 24 24 24 25 24 23 24 22 22 21 20 21 22 23 24 23 24 25
    26 24 24 24 23 22 23 24 23 23 22 21 22 22 23 24 24 23 23 23 23 21 21
    20 20 21 20 21 22 21 20 22 22 22 22 21 22 21 19 18 18 17 18 16 17 17
    17 17 16 17 56 186 206 70 156 114 252 181 195 154 60 85 45 19 174
    114 147 247 241 110 134 140 22 21 22 23 22 22 24 23 24 23 24 24 24
    25 24 24 24 22 22 21 20 21 22 23 24 23 24 25 26 23 23 23 22 21 22 23
    22 22 21 21 21 20 21 23 23 22 22 22 23 21 21 20 20 21 20 20 20 19 19
    20 20 21 20 20 22 21 19 18 17 16 17 15 16 16 16 16 15 16 160 198 73
    6 189 137 35 31 100 127 67 249 33 201 180 46 190 185 173 37 212 110
    22 21 22 23 23 22 24 23 24 23 23 23 23 25 24 24 24 22 22 20 20 21 21
    22 23 22 23 23 24 22 22 22 22 21 22 23 21 21 20 20 20 19 20 22 22 22
    22 22 23 21 21 20 20 21 20 20 20 19 19 20 20 21 20 20 22 21 19 18 17
    16 17 15 16 16 16 16 15 16 60 171 189 73 29 198 124 62 57 244 33 210
    7 238 100 229 131 237 123 37 75 131 21 20 21 22 22 21 23 22 22 22 22
    22 21 23 22 22 22 20 20 19 19 20 20 20 21 21 21 21 22 20 21 21 21 20
    21 21 20 20 19 18 19 18 18 20 20 20 20 20 21 20 20 20 20 20 19 19 19
    18 18 20 20 21 20 20 21 21 19 18 17 16 17 16 16 17 16 16 16 16 92
    172 100 190 47 129 17 23 62 228 213 182 205 143 63 45 125 95 215 5
    87 217 19 18 19 20 20 20 22 21 22 21 22 22 21 23 22 22 22 21 21 20
    20 21 21 21 22 22 22 22 23 21 22 22 22 21 22 23 21 21 20 20 20 20 20
    21 21 21 22 21 22 20 21 20 21 21 20 20 20 19 18 20 20 21 20 19 20 20
    18 17 17 16 17 16 16 17 16 16 15 16 223 112 96 68 22 83 247 27 100
    28 131 193 20 77 212 58 106 172 172 121 209 245 19 18 18 19 20 19 21
    20 21 20 21 21 21 23 22 22 22 21 21 20 20 21 21 21 22 23 23 23 24 23
    24 24 24 24 24 25 23 23 22 22 22 22 22 24 24 24 25 24 25 23 24 23 24
    23 22 22 21 21 20 22 22 23 22 21 22 21 20 18 18 17 18 16 17 17 17 16
    16 16 229 210 196 179 14 17 192 125 214 67 222 160 204 155 133 184
    158 32 171 115 94 127 18 18 18 19 19 19 21 20 21 20 21 22 22 23 22
    22 22 21 21 21 21 22 21 21 22 22 23 22 24 22 23 24 24 24 24 24 23 23
    23 23 23 23 23 25 25 26 27 26 27 26 26 26 27 26 25 25 24 23 23 24 25
    26 25 24 24 24 22 21 20 19 21 19 19 19 18 18 18 18 238 55 233 201 29
    215 40 17 211 138 183 66 83 213 107 56 181 193 212 15 24 255 17 17
    17 18 18 18 20 20 20 19 20 21 21 22 21 21 20 20 19 19 19 20 20 19 21
    21 22 21 23 21 22 23 23 23 23 23 22 22 22 22 23 23 24 25 26 27 27 26
    27 26 27 27 27 27 26 26 26 26 25 27 27 28 27 26 26 26 24 23 22 21 22
    20 20 21 19 19 18 19 128 190 238 204 25 114 108 96 143 38 61 199 28
    189 254 208 147 201 45 24 125 63 17 17 17 18 18 18 20 20 21 21 21 22
    22 23 22 22 22 21 21 20 20 21 21 20 22 23 23 23 24 23 24 24 24 24 23
    23 23 23 22 22 23 23 24 25 26 27 27 26 26 26 26 27 27 27 26 25 25 25
    25 26 26 27 26 25 26 25 24 22 21 20 21 20 20 21 19 19 18 19 144 219
    182 148 233 212 223 240 86 99 161 165 227 157 118 141 229 78 43 201
    209 147 18 18 18 18 18 18 20 20 21 21 21 22 22 23 22 22 22 21 21 20
    21 21 21 21 23 24 24 23 25 23 24 24 24 24 23 23 23 23 22 22 23 23 24
    25 26 27 27 25 25 25 25 26 27 27 26 26 26 26 26 27 27 28 27 26 27 27
    25 24 23 22 23 22 22 23 21 20 20 20 187 229 163 101 36 6 26 188 157
    26 208 46 66 138 118 169 175 29 188 153 129 161 17 17 17 17 18 17 19
    19 20 20 20 21 22 22 22 22 21 21 21 20 21 21 21 21 22 23 23 22 23 22
    24 23 23 23 23 23 22 22 21 22 22 22 22 23 24 25 25 24 24 24 24 25 26
    25 25 24 24 24 24 25 26 27 26 25 26 26 25 23 23 22 22 21 21 22 21 20
    20 20 51 134 152 29 157 233 7 179 31 237 252 191 187 62 209 95 137
    83 160 251 175 172 16 16 17 16 18 17 18 18 19 20 21 22 22 22 22 22
    21 21 21 20 21 22 22 22 23 23 23 22 23 22 23 23 22 22 22 22 22 22 21
    21 22 22 22 23 23 24 24 24 24 23 24 25 26 25 25 24 24 23 23 24 25 26
    26 25 26 26 25 23 23 21 22 21 22 23 21 20 20 20 199 127 229 54 250
    245 62 241 68 53 87 179 197 26 174 160 36 30 139 183 89 140 17 17 18
    17 19 18 19 19 20 21 21 22 23 23 23 23 22 22 22 21 22 23 23 22 23 22
    22 21 22 21 22 22 22 22 22 21 21 20 20 21 21 21 21 21 22 22 23 23 23
    23 23 24 25 25 24 24 23 22 23 24 25 27 26 26 27 27 27 25 25 23 24 23
    24 25 23 22 22 22 237 86 20 58 158 103 6 91 219 59 134 208 185 197
    141 73 235 239 188 93 18 206 17 17 18 18 19 18 20 20 21 21 22 23 23
    24 24 23 22 22 22 21 22 23 23 23 23 23 22 21 23 22 23 22 22 22 22 21
    21 20 20 20 21 20 21 21 21 22 23 23 23 23 23 24 25 25 25 24 24 23 24
    25 26 27 27 27 28 28 27 27 26 24 24 24 24 25 24 23 23 23 67 161 43
    188 199 246 69 75 136 116 156 56 184 143 163 109 123 90 37 94 179
    178 19 19 19 19 20 20 21 21 22 23 23 24 25 25 26 25 25 25 25 24 24
    25 25 25 25 25 25 24 25 24 25 24 23 23 23 23 22 21 20 20 20 20 20 21
    21 21 22 22 22 21 22 23 24 24 24 23 22 22 22 23 25 26 26 26 27 27 27
    26 25 23 23 23 24 25 24 23 23 23 44 75 43 5 255 104 33 236 112 239
    172 8 170 127 228 136 131 104 139 217 251 254 19 18 18 17 19 18 19
    19 21 22 22 24 24 25 25 25 24 24 24 24 24 25 25 25 25 25 26 25 26 25
    26 25 24 24 24 23 23 22 21 22 22 21 22 22 22 23 24 24 23 22 22 24 25
    24 24 23 23 23 23 24 26 27 27 27 27 27 27 26 25 24 24 24 25 26 24 23
    23 23 196 225 73 214 79 29 153 115 225 83 142 72 150 61 119 236 54
    66 191 23 153 136 20 19 18 17 19 18 19 19 21 22 23 25 26 26 27 26 26
    26 26 26 25 26 26 25 26 26 26 25 26 25 26 25 25 25 24 23 22 21 20 20
    20 20 20 21 21 21 23 23 22 22 22 24 24 23 23 22 22 22 22 23 25 27 26
    26 27 27 27 26 25 24 24 24 25 26 24 24 24 24 231 230 102 152 73 198
    112 200 210 101 214 136 151 17 205 130 61 169 170 138 126 63 19 18
    18 17 19 18 19 19 20 22 22 24 25 26 26 26 26 26 26 26 25 26 26 25 26
    27 27 26 26 25 26 25 25 25 24 23 22 21 20 20 21 21 22 22 22 23 24 24
    23 23 23 25 26 25 24 24 23 23 24 25 26 27 27 26 27 27 26 25 24 23 23
    22 23 24 22 22 22 22 133 86 132 2 171 157 59 75 10 29 211 117 232 97
    228 92 187 59 34 61 75 229 19 18 18 17 18 17 18 18 20 21 21 24 25 25
    26 25 25 25 25 25 25 26 26 25 26 27 28 27 27 27 28 27 27 27 26 25 24
    23 22 23 24 24 24 25 24 25 26 25 24 23 23 25 26 25 24 24 23 23 24 25
    26 27 27 26 26 26 26 25 24 23 23 22 23 24 21 21 21 22 134 190 23 209
    90 195 59 165 210 53 202 158 21 31 159 181 39 139 98 57 15 163 97 16
    216 215 53 70 196 154 157 254 42 99 83 31 220 214 216 134 77 2 20 62
    175 81 98 213 1 159 177 57 235 173 152 217 63 7 0 56 179 110 80 214
    175 112 78 86 200 15 136 199 171 81 84 95 165 136 114 215 49 111 93
    138 211 151 161 47 124 77 32 165 30 81 238 80 17 243 47 249 52 250
    136 222 180 8 140 142 56 191 237 20 59 20 63 155 39 27 26 172 180
    176 169 222 87 106 38 213 123 81 244 121 189 189 4 67 160 97 85 179
    39 224 115 77 125 244 181 117 131 82 134 132 72 76 138 199 18 195 33
    77 213 246 174 68 114 209 128 185 51 197 175 77 92 38 144 165 241
    150 112 18 26 188 160 128 21 10 77 187 92 19 207 107 200 87 216 227
    60 18 41 83 197 233 93 155 164 177 49 19 23 207 168 37 165 224 243
    17 45 113 134 72 88 134 128 86 56 122 245 170 109 91 132 67 53 220
    33 144 85 9 255 131 189 185 65 248 64 24 232 106 167 214 238 214 126
    71 27 197 203 28 37 184 40 220 173 8 213 157 87 51 190 28 75 27 191
    48 152 113 89 74 68 108 25 226 121 149 177 118 86 62 197 43 201 29
    19 23 183 207 44 130 162 29 125 230 240 114 114 28 11 148 125 7 243
    243 114 13 182 2 229 114 237 45 211 20 177 191 191 207 110 172 95
    253 142 120 242 173 40 11 189 192 81 222 56 202 15 222 7 205 47 163
    248 254 54 240 52 148 6 68 128 167 78 245 130 66 80 122 154 206 185
    12 133 169 169 216 253 52 65 175 173 234 102 4 241 161 75 251 201 80
    40 103 144 96 247 43 184 14 122 9 159 67 96 156 44 184 58 11 106 47
    252 175 90 130 41 204 151 198 213 245 96 234 73 51 218 62 138 50 154
    16 23 73 122 164 58 61 205 11 204 2 119 181 91 191 96 120 193 227 36
    13 76 16 191 64 197 4 55 26 141 126 66 144 207 66 168 47 219 203 61
    115 31 117 91 231 124 246 62 178 81 119 165 248 102 29 99 53 125 116
    117 103 105 32 43 109 225 69 98 7 9 141 24 223 22 5 224 169 214 186
    120 173 35 35 93 102 48 209 14 58 112 78 141 93 34 27 183 82 72 67
    187 2 41 86 67 37 236 78 176 109 172 206 158 167 255 139 210 220 26
    110 169 42 226 255 186 78 177 23 63 118 71 6 136 157 255 25 225 135
    118 104 92 98 194 108 207 28 146 37 73 106 65 1 65 59 14 93 22 34
    175 177 195 170 172 184 122 188 18 151 33 138 185 106 239 182 72 116
    25 189 228 157 19 74 250 209 78 237 53 58 163 228 176 226 12 159 227
    167 49 89 45 53 246 130 32 171 191 88 5 0 137 50 122 150 166 35 13
    74 186 57 18 33 175 63 158 3 10 2 242 170 109 37 54 120 236 98 46 22
    79 89 183 58 234 119 166 202 126 85 102 182 116 130 148 145 26 65
    172 73 67 131 121 64 148 38 112 255 201 107 62 118 165 213 73 248
    248 230 197 30 226 238 217 195 48 17 90 197 177 217 229 2 21 18 25
    202 101 54 243 100 209 130 94 254 196 138 155 135 13 194 163 111 174
    221 35 141 70 59 53 236 234 19 24 191 11 83 72 66 148 35 244 95 172
    25 254 138 99 201 58 0 11 186 82 188 20 135 27 202 57 200 218 222 12
    147 253 145 126 130 212 107 66 159 87 31 2 80 209 165 12 139 0 43
    163 230 138 92 215 55 110 40 208 204 140 147 252 56 25 69 253 156 30
    41 7 132 44 111 204 179 100 252 213 144 121 24 237 19 237 232 243 65
    6 95 64 228 107 166 177 65 97 193 247 189 36 110 9 10 53 70 9 189
    249 219 73 161 39 173 138 238 50 85 97 243 27 18 95 116 179 179 94
    216 243 39 23 37 151 217 248 117 166 130 254 207 39 149 183 245 48
    247 36 222 155 231 31 60 143 205 95 174 17 32 187 52 214 207 252 113
    224 53 12 225 103 221 248 51 73 8 236 99 176 130 201 34 165 144 158
    83 25 73 120 40 121 214 52 159 204 183 6 206 85 173 237 26 188 41 5
    191 43 64 184 244 71 111 212 251 244 227 28 21 10 106 136 108 128 57
    69 219 72 197 175 229 97 231 129 19 6 179 39 199 230 252 44 19 59
    152 72 243 202 23 210 68 89 156 8 102 218 23 112 69 146 215 49 129
    66 170 147 18 169 114 34 40 17 124 74 229 190 186 253 233 165 179 59
    38 82 144 80 133 184 166 54 118 102 185 42 137 173 230 25 196 241 67
    206 142 31 128 205 70 10 44 175 86 121 50 254 235 8 237 72 125 16 10
    84 18 171 63 154 170 51 145 128 181 161 16 41 152 207 102 169 146 43
    134 222 165 180 74 97 195 240 42 213 164 70 30 117 174 143 146 89
    254 58 174 138 213 176 252 182 255 102 39 65 63 189</data></your_img>
</opencv_storage>
