<?xml version="1.0"?>
<opencv_storage>
<L2_diff>7.1050178747136169e+03</L2_diff>
<r>8</r>
<test_img type_id="opencv-matrix">
  <rows>50</rows>
  <cols>100</cols>
  <dt>u</dt>
  <data>
    245 52 62 96 10 187 129 3 61 68 48 99 220 204 175 112 243 101 106 77
    207 41 168 23 252 236 191 17 226 121 25 115 129 123 245 88 233 227
    181 52 147 216 216 138 175 144 131 47 185 198 204 101 38 134 115 120
    198 132 117 151 184 126 119 78 84 116 211 72 206 55 2 235 243 184
    251 155 4 137 12 64 159 96 184 136 207 67 206 177 244 42 205 114 197
    225 23 114 54 47 12 136 215 28 169 99 196 194 152 47 197 232 41 30
    98 12 74 177 78 115 12 169 218 76 49 7 175 57 57 22 52 120 149 192
    151 190 171 93 162 82 83 253 119 114 233 190 53 239 82 37 69 67 235
    118 71 229 96 42 216 196 61 200 202 148 201 143 64 89 77 162 224 30
    184 194 9 243 164 5 232 141 119 70 72 116 29 174 247 166 43 211 231
    175 230 40 54 199 168 173 28 69 149 139 204 7 217 247 167 92 13 175
    95 209 202 134 123 52 5 235 177 120 122 198 245 101 235 44 107 132
    98 249 66 183 242 64 149 222 108 97 54 135 250 69 56 193 214 146 230
    58 192 217 210 165 71 181 207 211 194 219 125 158 64 69 10 175 174
    159 159 115 33 209 139 196 254 49 148 158 246 74 57 157 220 227 138
    168 35 105 37 23 126 236 43 202 239 239 159 59 118 104 230 133 121
    106 65 148 109 80 90 4 220 95 56 11 107 100 162 248 65 177 99 236
    248 240 138 81 100 109 224 92 22 188 192 133 254 67 190 181 78 182
    239 250 12 155 76 158 38 13 62 138 200 157 93 11 78 217 242 191 85
    40 189 126 219 59 10 25 54 168 87 77 77 145 11 185 116 133 151 88
    186 24 132 249 28 158 103 112 22 193 10 113 4 67 129 212 150 146 145
    21 206 146 91 84 57 195 245 122 157 68 237 108 78 236 172 116 12 56
    246 142 21 61 99 169 4 110 76 233 72 236 197 66 117 225 14 238 2 83
    80 34 64 96 148 171 245 209 10 230 180 43 75 213 22 194 53 103 55
    185 103 180 84 35 76 105 7 4 64 79 249 177 227 5 11 226 216 153 39
    31 78 48 101 127 226 32 10 173 207 64 68 48 97 61 120 106 11 251 27
    234 171 231 32 206 85 64 250 84 152 76 117 13 185 62 3 79 128 245
    245 11 33 204 170 76 70 248 84 75 45 54 231 0 84 124 27 169 3 141
    179 53 191 42 69 200 7 197 79 83 47 255 60 33 146 12 108 136 200 69
    62 197 91 133 237 57 202 144 131 214 241 54 4 204 11 234 188 102 159
    254 110 24 46 226 142 245 58 51 16 42 138 166 214 161 71 251 137 41
    139 73 249 54 226 148 170 118 176 82 42 99 254 236 3 138 206 9 121
    171 254 5 13 1 140 44 157 67 227 193 214 3 220 92 204 19 194 179 193
    203 124 236 5 30 123 74 201 142 249 165 12 5 168 33 107 177 106 201
    112 105 191 146 109 169 33 247 71 137 246 131 204 158 214 254 174
    153 246 39 10 78 1 70 107 180 113 72 47 6 110 31 160 129 129 26 122
    78 10 35 119 68 122 244 195 90 132 24 157 239 84 79 30 93 100 25 228
    41 62 21 163 82 92 38 119 190 70 134 67 101 231 230 124 165 229 214
    55 193 100 237 29 127 148 225 242 144 76 131 105 245 88 179 40 224
    138 4 149 207 222 121 232 99 13 95 35 165 110 176 56 126 248 149 166
    117 99 239 238 166 169 37 92 47 228 160 161 26 100 115 145 49 217 89
    189 142 59 155 156 81 42 168 21 166 34 187 90 62 210 143 85 36 241
    41 27 147 218 184 210 45 190 67 4 132 21 155 142 182 145 255 186 73
    159 104 217 63 86 252 147 160 234 137 113 39 34 0 18 175 34 233 94
    235 157 10 0 223 101 90 252 82 131 216 234 195 229 33 157 249 71 230
    149 113 217 122 111 205 100 14 105 4 212 24 126 254 200 209 249 52
    90 181 227 4 184 4 140 68 205 36 81 65 142 84 82 215 111 255 50 222
    207 249 227 155 13 59 236 25 237 200 110 21 161 196 125 209 125 146
    91 66 93 197 34 241 192 208 234 199 138 203 251 230 191 75 95 238
    247 240 1 182 179 69 51 88 82 228 128 133 119 35 10 5 52 83 219 161
    213 109 109 2 132 53 31 102 109 191 192 28 74 38 105 192 228 244 1
    102 80 62 121 156 79 134 112 56 211 254 130 229 225 136 81 244 173
    22 13 153 242 68 198 35 219 218 96 14 251 43 1 43 56 44 196 42 184
    42 63 212 216 116 189 164 122 215 143 130 81 236 184 144 209 58 39
    73 152 25 13 133 223 229 192 22 52 218 84 151 254 34 143 226 187 67
    97 115 20 185 181 205 248 193 122 171 73 118 81 239 79 59 45 84 79
    10 55 208 61 157 52 206 119 155 200 250 178 30 52 178 243 119 230 14
    0 70 255 78 175 176 125 22 8 111 232 203 27 195 203 2 180 184 201
    217 68 233 80 91 124 192 75 246 15 119 118 193 251 209 50 34 37 239
    143 141 154 89 95 4 224 138 140 209 181 128 143 186 66 15 32 152 193
    84 78 189 16 172 217 22 63 170 141 161 142 138 8 28 214 144 133 171
    136 161 19 106 217 195 7 227 212 217 78 176 192 58 165 56 35 150 100
    60 220 125 136 83 40 100 181 95 101 74 170 153 163 98 22 95 203 231
    36 34 200 201 62 170 167 110 208 119 80 226 30 241 247 92 153 2 198
    197 139 123 139 130 48 95 55 217 99 186 96 81 190 253 219 46 70 62
    100 184 208 56 170 72 117 108 157 216 156 96 89 166 180 61 76 200
    249 202 114 127 193 172 124 76 186 37 195 42 229 30 40 230 15 103 86
    29 110 174 27 83 192 81 14 141 113 214 3 123 180 223 171 16 79 134
    207 2 140 109 167 2 189 39 21 114 188 126 71 133 46 101 178 153 186
    0 169 245 165 213 178 230 199 179 110 133 1 89 136 235 16 37 98 78
    134 10 129 135 158 183 24 229 139 213 65 69 6 196 132 61 26 231 160
    15 99 238 181 32 100 87 208 67 69 110 67 185 220 156 4 141 175 102
    162 184 124 18 222 89 183 183 97 195 121 84 11 65 86 34 90 171 37
    174 9 143 46 219 253 173 56 37 180 2 78 29 239 214 123 126 125 166
    48 94 130 33 179 9 199 8 73 49 18 60 160 37 63 67 182 215 164 136 29
    162 219 188 136 18 234 209 121 217 234 190 126 5 156 207 65 185 92
    149 147 236 148 9 208 229 81 40 170 14 141 86 6 163 29 97 163 196
    155 131 41 121 106 11 88 19 186 167 110 194 121 144 183 236 169 198
    92 190 80 142 150 209 14 130 51 167 140 61 254 207 210 215 82 217
    220 111 18 221 34 131 220 61 194 222 17 189 208 169 146 73 119 50
    238 152 182 73 115 17 200 225 24 76 88 43 109 249 185 171 121 42 148
    196 143 34 132 76 63 220 87 222 15 235 78 47 151 38 73 150 86 17 209
    29 227 2 197 41 166 208 150 140 236 138 239 33 218 154 125 78 45 208
    88 16 12 166 41 27 82 54 165 183 209 231 250 248 125 102 247 247 134
    14 128 158 86 116 13 10 68 26 97 35 143 216 110 79 157 150 147 237
    238 165 172 208 111 82 221 54 77 17 50 87 143 113 204 211 102 212
    165 36 63 61 26 114 54 122 192 216 10 84 183 184 1 72 79 77 8 137 79
    17 125 100 9 51 231 153 198 131 109 20 157 204 52 249 164 219 162
    173 7 219 81 162 78 6 0 86 44 230 9 25 27 83 159 102 40 122 73 83
    251 254 119 222 114 212 211 80 16 183 55 163 213 143 73 199 132 96
    48 151 178 108 243 254 217 97 245 218 80 175 14 182 3 183 98 67 0
    157 233 112 168 114 47 165 212 183 7 50 240 7 191 45 183 252 27 78
    140 7 56 133 100 227 77 166 139 209 197 244 56 146 60 234 143 156 13
    188 195 23 105 142 99 22 164 171 216 58 135 29 233 73 163 212 207 78
    239 120 34 247 246 255 90 147 219 183 186 47 236 131 46 8 191 30 50
    148 223 38 201 204 41 1 122 242 252 120 227 110 205 104 210 29 24 49
    186 86 200 106 21 214 190 92 115 0 246 218 186 83 5 142 243 186 176
    58 220 153 184 150 230 211 195 124 198 95 90 34 121 233 71 37 10 248
    47 18 176 115 104 33 1 142 196 188 189 100 60 109 89 45 225 56 49
    190 41 24 68 154 101 147 134 190 202 250 180 47 130 117 133 250 6 0
    233 110 213 163 133 52 152 243 139 208 219 195 1 170 168 142 239 119
    129 88 186 211 151 28 142 137 104 117 21 115 243 136 57 245 8 155
    155 95 3 155 204 189 150 161 99 244 206 134 88 223 166 245 69 159 69
    218 41 99 129 107 121 56 39 47 57 246 101 136 212 84 244 191 171 216
    201 192 63 209 229 74 158 207 89 14 106 100 79 187 236 120 239 120
    127 71 213 108 211 214 129 208 24 141 156 10 171 51 199 183 255 110
    34 160 34 110 60 157 72 117 154 40 53 230 148 134 104 44 66 253 200
    133 219 171 24 98 30 61 13 84 174 45 169 224 199 181 153 82 147 147
    33 9 160 248 167 96 2 96 240 243 169 45 189 106 35 103 48 53 116 66
    229 124 239 131 199 119 115 153 190 78 190 103 61 104 114 171 162
    181 100 20 203 6 76 7 144 97 84 23 189 244 137 20 176 43 43 144 220
    127 207 167 80 151 126 239 249 105 224 174 30 94 68 210 183 250 7
    138 127 219 51 65 53 152 3 44 178 210 69 40 81 114 177 7 10 103 32
    173 199 178 8 94 139 50 85 120 36 112 68 25 228 161 150 97 41 13 26
    224 65 117 212 39 102 113 244 99 69 142 32 78 96 203 50 224 207 243
    4 191 87 75 212 193 181 174 18 55 74 121 203 114 11 23 120 234 105
    177 160 92 176 237 23 7 32 244 252 223 36 217 10 173 206 233 117 29
    5 39 133 129 28 251 22 28 197 178 126 101 123 98 205 231 110 72 204
    65 236 186 215 213 29 194 152 167 8 188 137 75 203 235 149 223 52
    217 63 174 217 48 26 44 5 211 73 192 6 120 124 0 56 35 56 59 72 187
    16 241 167 52 57 243 84 137 117 70 119 125 58 76 223 58 106 5 36 19
    183 25 173 235 169 104 77 212 73 125 160 152 109 174 142 97 44 59
    219 21 141 180 224 48 61 95 126 234 127 24 45 191 10 142 225 218 46
    112 150 36 150 223 212 154 182 137 44 216 254 81 237 116 236 25 29
    103 74 34 160 186 14 174 183 187 95 141 231 119 39 174 32 195 217
    227 126 90 184 202 176 162 39 104 86 52 91 179 3 125 247 220 166 206
    172 176 251 187 202 59 224 143 181 210 225 114 214 19 94 143 128 190
    105 156 213 147 83 109 103 80 135 232 25 2 190 100 32 105 223 7 5
    127 242 244 15 70 117 122 19 27 229 213 217 85 216 124 214 45 120
    177 16 9 38 121 67 232 5 216 160 211 4 63 72 90 226 57 101 166 149 0
    129 43 46 232 73 180 240 153 46 125 60 16 62 250 94 250 219 94 124
    55 54 102 57 182 19 25 221 253 97 13 183 175 180 20 95 224 5 66 105
    171 116 45 115 87 181 11 216 42 72 175 79 199 229 151 41 166 119 9
    255 141 81 211 9 106 8 206 187 243 119 234 206 0 193 118 100 244 233
    236 32 152 106 50 60 159 155 134 116 43 80 241 41 165 3 2 201 184 27
    196 135 250 245 148 249 103 226 30 151 135 199 33 74 171 86 63 106
    247 151 245 232 76 31 45 40 192 54 121 58 120 12 30 201 45 204 58 4
    10 73 91 129 75 186 95 8 50 190 173 86 57 147 195 217 196 145 167
    234 167 223 81 138 193 192 85 198 221 186 132 214 50 242 41 138 162
    126 160 120 187 112 22 103 37 17 119 15 15 62 90 26 123 102 54 202
    83 132 148 105 35 9 125 75 244 232 105 219 91 71 121 132 45 232 126
    159 251 194 71 138 169 29 164 229 165 69 144 250 104 96 220 110 249
    201 117 250 62 31 125 173 247 81 26 221 211 227 190 236 169 189 228
    96 224 78 114 136 67 74 13 80 242 84 10 247 162 153 111 74 188 211
    50 191 112 132 80 163 248 16 85 85 252 1 73 70 59 17 98 234 98 158
    43 190 84 31 91 25 6 13 194 8 210 97 174 127 246 47 208 247 174 141
    8 202 93 221 64 145 39 236 240 23 33 28 48 141 157 46 24 26 216 25
    133 120 164 109 167 227 210 124 43 244 177 166 104 95 0 140 226 156
    38 121 130 141 142 189 110 52 196 192 204 158 211 150 159 229 206 41
    122 207 68 193 77 17 125 144 180 247 240 151 120 56 157 0 188 171
    217 139 250 222 198 7 206 226 34 205 1 27 79 233 179 7 180 24 226
    236 77 197 38 44 57 43 121 195 252 56 74 132 40 118 129 194 54 190
    224 253 174 227 61 176 151 195 121 95 225 160 117 230 43 229 195 105
    163 152 86 208 128 245 21 127 199 144 83 169 44 90 118 210 11 107
    133 114 85 51 103 221 40 123 218 247 87 19 180 17 93 108 69 79 137 7
    172 197 20 40 56 31 228 229 76 236 161 72 74 137 86 26 193 211 29 62
    6 67 23 36 190 54 138 242 9 22 83 152 58 74 45 36 254 136 117 245
    248 104 40 244 72 165 58 45 232 230 176 203 28 192 40 29 31 36 76 18
    161 24 217 48 25 132 94 246 40 60 76 22 27 98 254 214 184 165 36 40
    1 76 72 150 33 204 99 167 217 251 176 231 139 225 7 83 153 98 105 84
    137 54 106 217 117 26 207 6 167 1 242 8 194 246 202 38 50 82 197 179
    244 197 106 36 68 194 24 124 202 86 36 62 48 56 8 255 239 88 31 180
    116 2 190 138 22 236 149 143 172 39 28 134 223 218 1 15 245 68 164
    180 221 243 237 243 190 218 40 87 152 239 124 5 159 76 118 18 48 223
    179 96 91 116 13 213 113 238 176 174 222 204 135 51 202 130 144 171
    182 138 231 167 191 70 216 50 199 129 161 179 52 34 198 98 254 97
    244 243 7 116 187 150 185 99 123 163 19 91 20 111 246 234 56 166 210
    136 87 15 35 218 50 48 100 167 213 49 99 104 109 210 226 173 84 80
    73 72 57 105 56 250 13 19 5 250 32 96 104 245 174 243 146 141 140
    175 197 209 120 105 89 1 142 249 58 161 63 157 16 22 27 143 79 160 3
    151 125 124 89 211 127 27 215 41 89 53 61 107 61 63 127 93 157 232
    109 236 225 56 141 110 166 63 39 203 28 221 51 2 2 202 108 115 229
    115 255 60 17 14 21 249 102 178 152 8 40 124 152 11 75 95 38 194 55
    81 13 147 4 176 187 229 0 188 251 77 149 12 80 136 17 74 72 4 74 196
    213 85 23 96 159 7 222 252 71 47 238 2 160 1 69 153 205 103 138 21
    220 33 160 21 140 208 96 79 11 197 218 145 254 100 109 191 18 56 70
    64 133 134 124 160 169 160 241 157 166 0 201 121 177 103 29 15 32 96
    231 104 201 91 190 73 127 111 31 51 65 35 28 231 16 160 77 191 28
    236 250 65 69 158 130 145 180 72 69 61 203 3 57 1 30 241 16 235 89
    142 121 35 43 152 165 136 56 29 76 157 55 13 144 137 10 120 206 53
    221 42 88 178 140 122 149 232 175 127 160 89 82 15 65 103 18 252 142
    189 128 102 159 143 183 244 46 50 61 79 199 42 108 153 26 136 148
    110 110 37 156 5 123 69 224 203 169 239 86 248 249 117 94 202 94 156
    104 160 127 19 238 7 63 239 164 208 1 79 40 223 29 234 178 129 236
    169 15 207 57 87 44 20 205 228 71 103 57 42 77 208 134 233 133 250
    182 69 130 164 54 221 197 56 89 117 23 28 111 189 64 123 168 1 88 27
    177 68 241 185 193 40 16 11 101 255 50 98 175 109 87 75 202 173 31
    166 207 65 55 123 130 113 164 137 25 191 203 78 168 132 124 163 80
    10 235 59 135 114 100 228 73 54 138 245 224 53 213 251 88 107 100
    122 135 32 76 60 84 16 118 11 219 204 17 186 220 231 236 195 105 115
    126 40 209 32 103 88 193 161 107 8 233 191 250 15 140 244 131 146 69
    144 172 158 193 109 151 213 39 98 185 123 191 127 235 68 9 20 149
    179 185 119 158 147 204 26 41 105 15 1 82 200 88 179 71 186 36 20 17
    38 220 74 244 160 9 249 139 115 66 184 17 66 251 237 60 39 58 227 63
    17 252 11 177 162 93 21 75 246 192 152 216 159 245 239 157 135 177
    134 67 96 181 74 203 0 106 42 185 189 217 200 125 37 136 30 247 120
    88 236 72 178 160 156 52 9 33 200 226 236 135 211 76 53 154 209 188
    134 118 93 4 65 65 144 2 13 79 25 238 54 127 62 37 8 83 208 36 87 26
    85 83 88 154 158 17 35 35 89 146 188 234 196 206 239 117 166 172 48
    254 110 116 226 127 222 45 111 191 171 175 185 78 137 24 232 126 175
    80 156 196 209 23 112 255 219 221 173 102 9 50 47 248 201 74 250 93
    244 210 212 134 239 86 18 55 60 97 230 173 97 103 197 37 245 201 49
    226 233 56 247 70 130 145 89 245 129 6 148 60 246 168 246 27 199 33
    66 154 249 38 188 204 102 19 73 39 64 43 254 39 122 245 127 165 175
    229 187 178 40 150 183 83 117 157 103 165 154 249 233 240 10 163 245
    33 250 140 185 10 77 142 56 47 100 190 150 94 242 150 234 229 149
    239 208 164 186 42 111 105 139 208 118 111 248 178 188 173 19 153
    179 121 197 37 93 241 68 199 189 12 140 20 67 183 36 242 95 212 183
    189 245 142 127 182 241 99 136 179 230 220 65 131 211 39 178 115 58
    117 145 30 115 62 123 235 173 100 232 191 175 136 239 160 205 169 96
    208 161 206 243 130 48 146 30 2 182 226 134 224 18 97 201 11 99 4
    144 131 6 118 29 221 210 5 217 98 85 186 211 126 156 221 25 104 198
    127 22 54 15 101 247 118 212 239 226 236 22 121 37 220 175 188 106
    25 136 219 174 17 52 221 215 46 147 133 235 47 71 200 116 104 172 78
    244 125 227 149 150 199 238 127 217 76 198 85 21 234 236 166 64 155
    31 106 38 168 228 52 184 40 56 22 209 90 131 14 7 71 59 68 49 83 148
    231 180 132 48 155 183 210 19 188 175 109 201 188 155 187 187 129
    235 37 25 181 80 89 72 71 28 161 170 237 255 219 251 79 249 89 35
    152 198 153 3 71 116 126 221 101 220 222 246 101 3 148 191 206 54 88
    86 225 160 28 67 255 33 111 148 210 74 82 109 233 139 196 129 33 92
    34 164 102 229 237 212 48 85 69 52 7 19 242 31 22 143 57 134 57 132
    249 37 239 51 17 62 134 147 101 136 202 157 46 246 145 116 209 173
    60 190 171 224 15 149 152 202 15 161 41 252 234 17 16 226 247 244
    170 24 107 161 105 127 27 104 205 76 183 98 123 177 67 161 129 131
    70 175 5 136 188 14 193 244 41 119 104 124 19 35 152 58 5 185 210
    161 72 13 213 104 131 145 25 30 249 177 42 45 161 119 245 103 174
    122 69 145 80 158 201 176 69 102 168 226 18 197 138 168 232 234 218
    10 85 15 237 71 246 59 162 164 160 239 207 130 244 41 208 29 115 211
    64 220 229 197 131 58 243 159 157 159 69 93 142 46 48 140 100 70 71
    123 25 207 142 27 103 84 93 244 116 76 91 75 205 195 164 93 178 7
    174 112 105 240 98 99 250 124 241 115 118 4 170 60 247 116 214 247
    71 208 56 233 189 182 145 14 93 3 8 222 40 221 160 191 176 216 245
    181 216 207 137 187 64 222 93 181 81 95 57 202 188 227 232 178 9 64
    136 252 127 228 202 181 57 143 109 200 216 51 251 89 176 81 96 109
    187 226 235 118 117 144 250 59 70 217 195 149 139 36 16 25 13 254 50
    112 148 203 189 79 217 93 93 105 64 49 171 214 39 54 168 27 106 49
    71 13 179 185 203 0 133 187 178 248 136 80 0 212 43 119 202 233 202
    20 40 55 156 244 6 88 112 94 190 168 27 137 225 72 172 255 27 154 61
    9 248 170 147 59 183 140 224 202 41 18 255 229 170 84 207 148 252 24
    181 98 117 32 14 186 135 100 157 111 44 227 170 115 5 0 151 142 18
    31 77 64 12 195 186 245 108 228 7 177 50 117 130 188 171 100 100 195
    63 30 188 153 72 46 6 248 226 244 239 204 35 93 52 241 239 95 104 70
    196 159 228 42 133 149 57 140 211 95 101 140 130 216 235 52 44 179
    19 6 250 151 52 198 137 52 62 177 51 15 170 96 196 118 242 91 161 29
    95 211 149 18 245 165 180 211 101 249 140 98 19 57 26 99 42 140 86
    214 185 168 5 102 59 12 216 185 158 9 159 92 22 202 7 65 38 103 175
    242 84 95 39 193 66 56 105 134 88 176 105 116 213 33 82 147 51 231
    152 160 249 203 202 67 118 38 208 24 88 97 200 127 133 159 48 200 62
    108 59 53 95 224 144 132 202 63 109 167 48 200 50 173 84 172 145 205
    183 75 245 205 120 191 61 153 21 131 181 3 202 0 141 133 251 231 30
    164 239 202 49 29 43 238 99 125 210 101 230 235 7 11 166 72 224 190
    58 112 103 236 174 89 207 195 110 136 216 92 245 56 43 62 242 185 10
    219 81 29 43 35 174 24 93 143 106 186 26 95 108 245 61 40 46 203 33
    234 93 182 60 238 91 204 210 164 84 250 173 78 229 72 27 245 180 109
    232 52 48 4 124 64 210 253 148 53 186 59 48 219 140 221 182 77 255
    202 210 186 167 239 217 24 84 104 116 183 177 214 169 83 154 7 30
    242 41 25 36 114 6 225 3 63 167 87 85 149 217 93 111 109 42 60 219
    56 77 147 73 233 61 254 235 159 112 143 197 13 158 33 212 87 19 54
    134 218 125 181 255 123 214 141 215 80 20 184 45 52 130 194 73 179
    215 20 177 135 87 206 190 222 169 217 61 16 160 218 45 174 157 90
    118 102 152 205 52 211 124 214 85 231 183 199 159 240 141 1 215 126
    101 244 8 253 110 76 183 208 38 218 40 94 98 119 180 195 164 115 164
    27 47 57 72 192 7 145 78 38 213 242 85 20 249 115 212 71 253 30 37
    205 77 166 89 92 135 7 178 146 43 55 164 143 137</data></test_img>
<my_img type_id="opencv-matrix">
  <rows>50</rows>
  <cols>100</cols>
  <dt>u</dt>
  <data>
    245 52 62 96 10 187 129 3 61 68 48 99 220 204 175 112 243 101 106 77
    207 41 168 23 252 236 191 17 226 121 25 115 129 123 245 88 233 227
    181 52 147 216 216 138 175 144 131 47 185 198 204 101 38 134 115 120
    198 132 117 151 184 126 119 78 84 116 211 72 206 55 2 235 243 184
    251 155 4 137 12 64 159 96 184 136 207 67 206 177 244 42 205 114 197
    225 23 114 54 47 12 136 215 28 169 99 196 194 152 47 197 232 41 30
    98 12 74 177 78 115 12 169 218 76 49 7 175 57 57 22 52 120 149 192
    151 190 171 93 162 82 83 253 119 114 233 190 53 239 82 37 69 67 235
    118 71 229 96 42 216 196 61 200 202 148 201 143 64 89 77 162 224 30
    184 194 9 243 164 5 232 141 119 70 72 116 29 174 247 166 43 211 231
    175 230 40 54 199 168 173 28 69 149 139 204 7 217 247 167 92 13 175
    95 209 202 134 123 52 5 235 177 120 122 198 245 101 235 44 107 132
    98 249 66 183 242 64 149 222 108 97 54 135 250 69 56 193 214 146 230
    58 192 217 210 165 71 181 207 211 194 219 125 158 64 69 10 175 174
    159 159 115 33 209 139 196 254 49 148 158 246 74 57 157 220 227 138
    168 35 105 37 23 126 236 43 202 239 239 159 59 118 104 230 133 121
    106 65 148 109 80 90 4 220 95 56 11 107 100 162 248 65 177 99 236
    248 240 138 81 100 109 224 92 22 188 192 133 254 67 190 181 78 182
    239 250 12 155 76 158 38 13 62 138 200 157 93 11 78 217 242 191 85
    40 189 126 219 59 10 25 54 168 87 77 77 145 11 185 116 133 151 88
    186 24 132 249 28 158 103 112 22 193 10 113 4 67 129 212 150 146 145
    21 206 146 91 84 57 195 245 122 157 68 237 108 78 236 172 116 12 56
    246 142 21 61 99 169 4 110 76 233 72 236 197 66 117 225 14 238 2 83
    80 34 64 96 148 171 245 209 10 230 180 43 75 213 22 194 53 103 55
    185 103 180 84 35 76 105 7 4 64 79 249 177 227 5 11 226 216 153 39
    31 78 48 101 127 226 32 10 173 207 64 68 48 97 61 120 106 11 251 27
    234 171 231 32 206 85 64 250 84 152 76 117 13 185 62 3 79 128 245
    245 11 33 204 170 76 70 248 84 75 45 54 231 0 84 124 27 169 3 141
    179 53 191 42 69 200 7 197 79 83 47 255 60 33 146 12 108 136 200 69
    62 197 91 133 237 57 202 144 131 214 241 54 4 204 11 234 188 102 159
    254 110 24 46 226 142 245 58 51 16 42 138 166 214 161 71 251 137 41
    139 73 249 54 226 148 170 118 176 82 42 99 254 236 3 138 206 9 121
    171 254 5 13 1 140 44 157 67 227 193 214 3 220 92 204 19 194 179 193
    203 124 236 5 30 123 74 201 142 249 165 12 5 168 33 107 177 106 201
    112 105 191 146 109 169 33 247 71 137 246 131 204 158 214 254 174
    153 246 39 10 78 1 70 107 180 113 72 47 6 110 31 160 129 129 26 122
    78 10 35 119 68 122 244 195 90 132 24 157 239 84 79 30 93 100 25 228
    41 62 21 163 82 92 38 119 190 70 134 67 101 231 230 124 165 229 214
    55 193 100 237 29 127 148 225 242 144 76 131 105 245 88 179 40 224
    138 4 149 207 222 121 232 99 13 95 35 165 110 176 56 126 248 149 166
    117 99 239 238 166 169 37 92 47 228 160 161 26 100 115 145 49 217 89
    189 142 59 155 156 81 42 168 21 166 34 187 90 62 210 143 85 36 241
    41 27 147 218 184 210 45 190 67 4 132 26 154 142 184 141 255 184 71
    153 105 217 56 80 253 147 155 231 136 112 38 33 2 21 166 34 232 94
    235 160 15 1 228 105 94 252 83 128 221 241 199 234 29 160 255 64 239
    149 109 228 122 110 208 93 19 100 7 219 26 128 255 202 211 250 60
    107 191 236 7 199 6 156 78 213 42 90 72 150 89 85 217 109 255 57 221
    207 249 227 155 13 59 236 25 237 200 110 21 161 196 125 209 125 144
    86 59 87 192 32 239 183 203 233 196 136 194 252 226 187 72 97 244
    248 244 4 176 173 71 51 95 91 229 131 132 123 37 16 6 48 92 223 163
    216 112 113 2 131 44 26 96 108 187 191 29 70 39 101 192 236 247 3
    109 86 72 128 155 87 145 122 57 220 254 146 234 226 146 89 237 176
    23 12 150 236 69 188 40 219 218 96 14 251 43 1 43 56 44 196 42 184
    42 63 212 216 107 183 158 114 211 139 123 71 234 176 145 202 49 38
    67 148 27 15 131 218 225 193 27 49 216 89 146 254 41 141 231 185 64
    106 117 27 187 181 206 251 194 122 176 67 116 80 244 80 62 50 85 80
    16 56 214 64 158 60 214 126 155 209 251 186 37 59 190 245 132 238 17
    2 79 255 86 180 180 121 23 9 109 224 197 27 195 203 2 180 184 201
    217 68 233 80 91 124 192 75 246 17 110 108 190 251 204 44 31 34 239
    145 139 149 80 90 11 221 137 144 210 171 123 145 181 64 23 37 146
    200 97 86 192 25 171 222 29 58 173 146 168 149 144 8 25 224 151 140
    180 141 166 25 109 221 197 11 231 218 226 80 180 198 69 168 65 44
    161 113 63 231 140 154 99 44 110 190 105 101 72 171 154 160 96 27 97
    203 231 36 34 200 201 62 170 167 110 208 119 80 226 30 241 249 84
    146 5 197 193 132 116 132 124 38 89 48 214 97 184 95 81 192 255 220
    49 74 61 101 182 207 59 170 79 119 111 156 220 159 98 89 168 183 56
    71 206 254 211 122 131 197 182 130 79 188 41 194 44 232 31 41 237 19
    109 90 32 119 176 34 93 208 87 17 153 129 225 3 135 190 223 176 19
    73 135 200 4 140 109 167 2 189 39 21 114 188 126 71 133 46 101 178
    153 186 0 163 245 155 214 170 229 194 171 104 124 4 85 131 237 16 38
    99 80 135 16 126 132 162 181 30 234 133 216 70 78 10 205 127 56 30
    237 162 22 104 243 189 30 104 86 216 64 67 115 67 188 222 157 6 139
    178 94 163 185 130 20 226 93 184 183 104 208 133 89 12 66 98 36 105
    180 37 182 9 147 45 221 251 167 60 46 180 2 78 29 239 214 123 126
    125 166 48 94 130 33 179 9 194 10 68 49 20 53 155 36 56 60 175 217
    160 133 32 160 221 185 139 21 235 207 122 218 239 192 118 11 156 211
    67 188 93 142 142 243 141 15 212 234 76 40 183 14 148 87 5 172 27 95
    170 199 157 138 45 126 113 12 92 23 188 169 121 202 136 159 195 245
    176 213 107 206 86 154 159 213 18 137 49 167 145 61 252 203 210 215
    82 217 220 111 18 221 34 131 220 61 194 222 17 189 205 159 135 67
    103 45 236 149 178 67 107 13 197 226 24 76 86 44 109 251 182 167 123
    43 141 199 134 37 123 77 63 224 88 224 23 239 73 47 154 40 68 155 90
    18 217 30 229 3 206 51 176 210 153 142 242 139 246 33 229 154 132 79
    44 214 95 19 12 169 37 26 88 51 166 190 210 229 247 244 124 102 243
    243 129 19 128 158 86 116 13 10 68 26 97 35 143 216 110 79 157 150
    135 235 236 160 166 201 103 74 221 50 73 17 51 80 157 116 204 210
    107 214 166 42 67 61 30 105 56 117 196 221 20 87 179 181 2 68 78 76
    12 135 80 24 135 111 13 56 238 163 207 143 120 26 161 209 57 253 169
    233 166 173 11 225 84 158 80 9 3 93 38 237 10 27 31 90 158 110 39
    121 63 84 249 252 111 221 114 212 211 80 16 183 55 163 213 143 73
    199 132 96 48 151 171 87 244 254 219 86 245 218 77 175 16 179 4 177
    97 73 2 163 236 113 164 114 52 155 210 172 11 49 246 11 197 46 182
    253 28 78 135 8 56 134 110 232 88 182 148 220 206 247 68 154 71 240
    147 161 16 191 205 21 112 147 101 19 166 170 219 56 146 25 239 71
    163 220 209 81 231 129 34 243 241 255 92 146 219 179 186 47 236 131
    46 8 191 30 50 148 223 38 201 204 41 1 109 243 253 112 229 97 201 97
    210 30 26 50 184 79 204 109 24 217 195 92 110 3 251 223 178 73 6 130
    249 189 174 56 229 152 190 149 234 216 202 129 207 103 107 39 133
    240 78 40 16 251 55 22 180 116 105 32 3 146 206 188 190 99 62 116 98
    41 231 53 44 200 38 22 65 156 107 154 139 189 198 248 176 51 130 113
    133 250 6 0 233 110 213 163 133 52 152 243 139 208 219 195 3 159 158
    136 239 109 123 86 189 212 154 32 148 142 103 121 24 118 246 142 57
    249 14 149 148 83 5 152 204 195 147 164 103 250 214 139 96 230 180
    251 77 170 84 229 54 109 138 120 131 69 46 60 65 251 96 136 219 84
    248 189 171 214 206 198 67 220 236 76 162 217 103 12 122 109 79 193
    233 122 236 120 130 67 210 102 211 214 129 208 24 141 156 10 171 51
    199 183 255 110 34 160 24 94 50 152 60 102 151 38 52 235 147 133 99
    44 64 254 201 138 228 173 28 91 35 56 19 76 165 44 164 229 203 176
    149 83 145 146 40 17 170 251 179 111 4 114 249 247 178 59 193 121 41
    109 61 62 117 71 235 128 244 134 206 123 125 156 192 80 198 116 64
    116 124 176 161 181 101 18 200 7 70 9 144 86 81 30 189 244 137 20
    176 43 43 144 220 127 207 167 80 151 126 239 251 86 229 173 26 82 63
    210 184 251 8 144 127 225 57 69 60 159 6 50 174 208 72 41 79 103 169
    11 17 103 40 169 201 177 16 106 142 61 104 133 50 131 87 34 236 177
    163 114 59 21 34 225 77 121 217 42 104 114 245 94 68 149 26 86 106
    213 46 228 212 241 3 194 94 79 206 192 177 167 15 56 71 119 192 109
    11 23 120 234 105 177 160 92 176 237 23 7 32 244 252 223 28 218 10
    176 206 236 114 30 6 34 131 129 33 253 26 34 194 176 129 96 121 90
    202 233 102 66 200 64 241 187 215 212 37 196 156 173 14 190 144 87
    207 239 165 227 72 225 80 183 222 70 34 61 7 215 88 193 4 127 131 3
    58 30 63 68 78 190 13 242 170 52 60 239 87 136 113 68 116 124 59 74
    218 61 96 4 36 19 183 25 173 235 169 104 77 212 73 125 160 152 109
    174 132 86 39 55 220 19 137 182 229 44 58 88 123 240 131 30 47 191
    17 147 229 223 46 104 143 34 142 229 210 154 183 131 48 218 255 90
    240 125 242 32 41 120 94 47 172 190 21 179 182 188 107 146 230 123
    46 177 28 199 217 223 135 100 181 204 179 168 33 121 98 56 103 181 3
    135 243 214 161 197 165 169 251 183 190 69 224 143 181 210 225 114
    214 19 94 143 128 190 105 156 213 147 67 95 89 73 131 235 25 4 188
    94 37 100 230 11 8 133 244 245 20 69 112 118 25 32 234 214 225 86
    220 127 215 49 121 175 24 17 47 130 76 233 7 216 174 218 7 80 89 103
    227 79 115 170 156 2 141 51 53 233 88 180 236 159 50 136 71 15 71
    251 108 251 219 105 135 60 54 109 61 177 20 30 216 253 96 18 183 175
    180 20 95 224 5 66 105 171 116 45 115 87 181 11 214 39 63 182 71 199
    234 156 44 166 119 14 255 146 81 216 14 104 15 209 183 244 114 237
    206 3 195 115 101 247 235 240 36 147 109 52 65 156 155 138 122 53 96
    244 57 172 7 6 204 186 35 199 147 253 245 163 251 119 225 26 162 148
    201 32 86 181 95 73 122 245 151 243 230 86 30 43 41 192 54 125 66
    124 16 45 201 45 204 58 4 10 73 91 129 75 186 95 8 50 190 173 78 56
    147 202 221 199 152 178 239 173 230 81 140 196 194 83 198 226 188
    132 214 48 242 40 135 161 124 165 120 189 110 26 102 38 21 119 16 16
    69 99 32 130 120 71 212 99 151 161 127 46 18 146 94 246 234 119 220
    105 86 136 148 44 229 139 163 251 199 79 148 174 25 169 229 167 71
    153 252 111 101 217 114 246 192 120 250 62 31 125 173 247 81 26 221
    211 227 190 236 169 189 228 94 229 75 114 137 63 73 18 83 244 86 15
    248 170 163 104 71 191 216 52 191 108 135 72 164 252 20 84 87 252 4
    74 73 60 22 103 231 105 160 53 196 95 42 105 29 11 19 201 16 216 110
    179 142 251 58 212 247 183 160 8 202 96 216 70 154 34 230 236 17 29
    24 46 147 157 42 23 26 212 28 140 127 159 115 164 227 210 124 43 244
    177 166 104 95 0 140 226 156 38 121 130 141 146 193 115 51 199 198
    205 165 213 153 161 232 210 45 114 211 63 196 69 19 122 148 177 251
    246 156 122 59 162 2 193 175 222 145 250 222 201 11 218 230 47 220 4
    39 94 237 187 16 187 29 231 241 94 203 50 53 71 52 135 197 252 64 88
    147 39 129 141 198 57 191 220 255 176 224 70 179 154 198 131 107 223
    153 127 230 43 229 195 105 163 152 86 208 128 245 21 127 199 144 83
    168 45 89 122 214 16 109 138 116 86 59 100 224 44 117 222 251 82 24
    182 19 86 102 61 74 135 8 176 200 27 44 58 35 229 231 86 240 171 89
    91 150 105 43 206 225 44 78 13 89 29 53 195 71 159 242 16 26 101 170
    68 87 53 40 253 150 128 242 244 118 42 236 82 164 65 42 229 228 176
    201 31 192 50 38 45 36 76 18 161 24 217 48 25 132 94 246 40 60 76 22
    27 96 254 219 190 171 35 41 4 75 71 151 38 200 95 171 218 254 178
    233 137 227 6 71 151 89 96 79 139 53 105 220 116 28 204 7 172 4 242
    15 202 251 211 56 66 100 206 189 246 205 128 53 91 201 33 142 211
    106 47 80 61 66 7 255 231 102 26 189 121 1 193 141 16 231 146 142
    173 39 27 133 214 206 4 19 241 68 164 180 221 243 237 243 190 218 40
    87 152 239 124 5 159 66 116 17 47 228 177 91 87 113 18 212 105 238
    172 171 226 204 131 49 198 119 139 167 177 133 237 168 198 75 218 50
    201 134 168 180 53 40 202 111 254 109 246 244 16 128 198 160 190 112
    139 169 24 109 26 124 244 235 69 177 210 152 97 10 34 209 50 51 103
    170 205 48 98 102 105 203 217 165 89 86 79 79 64 105 61 250 13 19 5
    250 32 96 104 245 174 243 146 141 140 175 197 212 119 101 86 4 140
    249 55 159 56 152 21 28 31 139 66 161 4 146 116 115 80 209 125 30
    219 46 86 55 63 112 63 65 134 100 161 229 119 238 226 69 151 130 177
    76 52 213 37 226 67 6 6 212 124 128 228 131 255 71 14 9 19 248 111
    183 157 4 42 127 152 5 84 94 31 193 57 87 12 143 5 176 188 225 1 188
    251 77 149 12 80 136 17 74 72 4 74 196 213 85 23 90 160 10 230 252
    62 45 242 4 154 4 58 144 205 88 127 20 217 35 155 18 133 207 86 72
    10 201 220 149 254 101 116 191 24 62 77 72 138 144 128 169 177 171
    241 161 176 1 205 131 179 116 38 17 40 106 229 118 203 106 189 76
    138 114 28 54 70 33 21 217 10 156 86 190 24 234 251 75 82 154 135
    145 184 91 86 61 203 3 57 1 30 241 16 235 89 142 121 35 43 152 165
    125 51 27 71 154 52 15 138 128 11 111 204 50 223 41 77 177 135 110
    141 229 169 125 159 85 77 11 58 103 21 253 149 191 135 109 163 150
    183 245 52 56 70 91 207 56 120 164 34 149 161 128 126 49 171 5 143
    81 223 207 180 235 93 246 249 126 101 203 98 154 110 157 129 13 235
    5 64 239 162 203 3 90 49 212 39 234 178 129 236 169 15 207 57 87 44
    20 205 228 71 103 57 36 72 208 129 234 127 251 175 59 121 160 52 219
    193 52 80 105 23 32 102 184 52 120 167 3 86 30 183 64 244 189 196 38
    18 13 107 255 52 106 173 115 93 83 211 172 39 173 217 76 69 139 146
    128 172 154 30 200 210 92 178 147 138 165 90 6 225 65 136 115 105
    215 84 57 132 246 217 58 211 252 100 110 105 120 134 32 76 60 84 16
    118 11 219 204 17 186 220 231 236 195 105 102 117 37 214 30 94 77
    185 150 94 8 231 181 251 12 130 242 125 139 58 140 168 157 193 106
    153 215 32 94 188 124 192 129 235 71 12 24 154 177 181 118 158 150
    213 31 51 116 19 3 94 207 103 190 82 193 49 23 17 51 221 86 240 163
    7 248 148 116 73 184 16 72 251 235 62 34 62 221 71 19 253 15 176 156
    104 21 75 246 192 152 216 159 245 239 157 135 177 134 67 96 181 66
    204 1 101 43 176 184 214 184 111 40 124 33 244 106 74 234 63 176 156
    150 42 5 30 205 230 239 137 216 73 49 165 212 193 140 122 96 5 69 70
    149 4 20 89 28 236 61 139 69 47 10 92 221 43 99 29 101 100 105 170
    167 18 38 39 97 150 190 221 194 199 233 123 160 161 49 255 115 119
    220 129 212 56 118 190 171 175 185 78 137 24 232 126 175 80 156 196
    209 23 112 255 217 222 169 96 12 50 47 245 189 70 251 84 240 206 208
    116 236 69 16 49 50 83 228 171 85 98 201 32 246 211 43 232 235 58
    249 78 139 151 92 247 131 11 154 64 251 178 251 34 209 38 71 159 252
    45 196 219 119 21 86 51 70 49 253 45 133 243 134 162 176 218 188 179
    40 139 177 85 116 151 109 164 149 248 228 236 10 163 245 33 250 140
    185 10 77 142 56 47 100 190 150 94 243 146 236 232 137 238 206 154
    174 40 101 92 123 207 99 91 246 176 181 165 14 146 179 112 198 36 81
    240 64 207 194 11 150 23 70 188 35 241 95 218 188 199 249 149 136
    192 241 104 147 185 234 227 69 146 221 50 196 139 64 139 154 27 120
    62 132 229 175 103 222 192 176 140 237 152 199 166 101 208 162 205
    238 133 54 152 30 2 182 226 134 224 18 97 201 11 99 4 144 131 6 118
    26 221 213 5 217 90 79 176 209 112 144 216 26 94 189 114 22 49 12 94
    244 109 211 235 224 235 19 117 38 225 174 192 111 27 144 223 177 19
    53 226 220 54 154 143 236 56 81 209 132 116 178 82 249 145 233 168
    174 209 238 149 219 78 196 88 19 226 229 165 71 154 27 115 37 159
    219 53 181 45 62 24 207 99 128 19 7 71 59 68 49 83 148 231 180 132
    48 155 183 210 19 188 161 106 196 181 138 174 175 110 233 31 25 167
    74 82 65 61 26 157 161 233 255 214 249 65 246 76 32 144 198 153 5 68
    114 127 225 99 224 227 250 102 5 157 200 217 63 94 91 232 169 34 69
    255 35 125 159 225 84 90 124 232 151 202 134 27 98 27 163 102 215
    227 202 50 86 69 49 5 19 241 30 22 142 66 134 64 132 249 37 239 51
    17 62 134 147 101 136 202 157 46 246 145 116 209 173 60 190 171 224
    15 149 152 202 15 161 41 252 234 17 16 226 247 244 170 24 107 161
    105 127 27 104 205 76 183 98 123 177 67 161 129 131 70 175 5 136 188
    14 193 244 41 119 104 124 19 35 152 58 5 185 210 161 72 13 213 104
    131 145 25 30 249 177 42 45 161 119 245 103 174 122 69 145 80 158
    201 176 69 102 168 226 18 197 138 168 232 234 218 10 85 15 237 71
    246 59 162 164 160 239 207 130 244 41 208 29 115 211 64 220 229 197
    131 58 243 159 157 159 69 93 142 46 48 140 100 70 71 123 25 207 142
    27 103 84 93 244 116 76 91 75 205 195 164 93 178 7 174 112 105 240
    98 99 250 124 241 115 118 4 170 60 247 116 214 247 71 208 56 233 189
    182 145 14 93 3 8 222 40 221 160 191 176 216 245 181 216 207 137 187
    64 222 93 181 81 95 57 202 188 227 232 178 9 64 136 252 127 228 202
    181 57 143 109 200 216 51 251 89 176 81 96 109 187 226 235 118 117
    144 250 59 70 217 195 149 139 36 16 25 13 254 50 112 148 203 189 79
    217 93 93 105 64 49 171 214 39 54 168 27 106 49 71 13 179 185 203 0
    133 187 178 248 136 80 0 212 43 119 202 233 202 20 40 55 156 244 6
    88 112 94 190 168 27 137 225 72 172 255 27 154 61 9 248 170 147 59
    183 140 224 202 41 18 255 229 170 84 207 148 252 24 181 98 117 32 14
    186 135 100 157 111 44 227 170 115 5 0 151 142 18 31 77 64 12 195
    186 245 108 228 7 177 50 117 130 188 171 100 100 195 63 30 188 153
    72 46 6 248 226 244 239 204 35 93 52 241 239 95 104 70 196 159 228
    42 133 149 57 140 211 95 101 140 130 216 235 52 44 179 19 6 250 151
    52 198 137 52 62 177 51 15 170 96 196 118 242 91 161 29 95 211 149
    18 245 165 180 211 101 249 140 98 19 57 26 99 42 140 86 214 185 168
    5 102 59 12 216 185 158 9 159 92 22 202 7 65 38 103 175 242 84 95 39
    193 66 56 105 134 88 176 105 116 213 33 82 147 51 231 152 160 249
    203 202 67 118 38 208 24 88 97 200 127 133 159 48 200 62 108 59 53
    95 224 144 132 202 63 109 167 48 200 50 173 84 172 145 205 183 75
    245 205 120 191 61 153 21 131 181 3 202 0 141 133 251 231 30 164 239
    202 49 29 43 238 99 125 210 101 230 235 7 11 166 72 224 190 58 112
    103 236 174 89 207 195 110 136 216 92 245 56 43 62 242 185 10 219 81
    29 43 35 174 24 93 143 106 186 26 95 108 245 61 40 46 203 33 234 93
    182 60 238 91 204 210 164 84 250 173 78 229 72 27 245 180 109 232 52
    48 4 124 64 210 253 148 53 186 59 48 219 140 221 182 77 255 202 210
    186 167 239 217 24 84 104 116 183 177 214 169 83 154 7 30 242 41 25
    36 114 6 225 3 63 167 87 85 149 217 93 111 109 42 60 219 56 77 147
    73 233 61 254 235 159 112 143 197 13 158 33 212 87 19 54 134 218 125
    181 255 123 214 141 215 80 20 184 45 52 130 194 73 179 215 20 177
    135 87 206 190 222 169 217 61 16 160 218 45 174 157 90 118 102 152
    205 52 211 124 214 85 231 183 199 159 240 141 1 215 126 101 244 8
    253 110 76 183 208 38 218 40 94 98 119 180 195 164 115 164 27 47 57
    72 192 7 145 78 38 213 242 85 20 249 115 212 71 253 30 37 205 77 166
    89 92 135 7 178 146 43 55 164 143 137</data></my_img>
<your_img type_id="opencv-matrix">
  <rows>50</rows>
  <cols>100</cols>
  <dt>u</dt>
  <data>
    245 52 62 96 10 187 129 3 61 68 48 99 220 204 175 112 243 101 106 77
    207 41 168 23 252 236 191 17 226 121 25 115 129 123 245 88 233 227
    181 52 147 216 216 138 175 144 131 47 185 198 204 101 38 134 115 120
    198 132 117 151 184 126 119 78 84 116 211 72 206 55 2 235 243 184
    251 155 4 137 12 64 159 96 184 136 207 67 206 177 244 42 205 114 197
    225 23 114 54 47 12 136 215 28 169 99 196 194 152 47 197 232 41 30
    98 12 74 177 78 115 12 169 218 76 49 7 175 57 57 22 52 120 149 192
    151 190 171 93 162 82 83 253 119 114 233 190 53 239 82 37 69 67 235
    118 71 229 96 42 216 196 61 200 202 148 201 143 64 89 77 162 224 30
    184 194 9 243 164 5 232 141 119 70 72 116 29 174 247 166 43 211 231
    175 230 40 54 199 168 173 28 69 149 139 204 7 217 247 167 92 13 175
    95 209 202 134 123 52 5 235 177 120 122 198 245 101 235 44 107 132
    98 249 66 183 242 64 149 222 108 97 54 135 250 69 56 193 214 146 230
    58 192 217 210 165 71 181 207 211 194 219 125 158 64 69 10 175 174
    159 159 115 33 209 139 196 254 49 148 158 246 74 57 157 220 227 138
    168 35 105 37 23 126 236 43 202 239 239 159 59 118 104 230 133 121
    106 65 148 109 80 90 4 220 95 56 11 107 100 162 248 65 177 99 236
    248 240 138 81 100 109 224 92 22 188 192 133 254 67 190 181 78 182
    239 250 12 155 76 158 38 13 62 138 200 157 93 11 78 217 242 191 85
    40 189 126 219 59 10 25 54 168 87 77 77 145 11 185 116 133 151 88
    186 24 132 249 28 158 103 112 22 193 10 113 4 67 129 212 150 146 145
    21 206 146 91 84 57 195 245 122 157 68 237 108 78 236 172 116 12 56
    246 142 21 61 99 169 4 110 76 233 72 236 197 66 117 225 14 238 2 83
    80 34 64 96 148 171 245 209 10 230 180 43 75 213 22 194 53 103 55
    185 103 180 84 35 76 105 7 4 64 79 249 177 227 5 11 226 216 153 39
    31 78 48 101 127 226 32 10 173 207 64 68 48 97 61 120 106 11 251 27
    234 171 231 32 206 85 64 250 84 152 76 117 13 185 62 3 79 128 245
    245 11 33 204 170 76 70 248 84 75 45 54 231 0 84 124 27 169 3 141
    179 53 191 42 69 200 7 197 79 83 47 255 60 33 146 12 108 136 200 69
    62 197 91 133 237 57 202 144 131 214 241 54 4 204 11 234 188 102 159
    254 110 24 46 226 142 245 58 51 16 42 138 166 214 161 71 251 137 41
    139 73 249 54 226 148 170 118 176 82 42 99 254 236 3 138 206 9 121
    171 254 5 13 1 140 44 157 67 227 193 214 3 220 92 204 19 194 179 193
    203 124 236 5 30 123 74 201 142 249 165 12 5 168 33 107 177 106 201
    112 105 191 146 109 169 33 247 71 137 246 131 204 158 214 254 174
    153 246 39 10 78 1 70 107 180 113 72 47 6 110 31 160 129 129 26 122
    78 10 35 119 68 122 244 195 90 132 24 157 239 84 79 30 93 100 25 228
    41 62 21 163 82 92 38 119 190 70 134 67 101 231 230 124 165 229 214
    55 193 100 237 29 127 148 225 242 144 76 131 105 245 88 179 40 224
    138 4 149 207 222 121 232 99 13 95 35 165 110 176 56 126 248 149 166
    117 99 239 238 166 169 37 92 47 228 160 161 26 100 115 145 49 217 89
    189 142 59 155 156 81 42 168 21 166 34 187 90 62 210 143 85 36 241
    41 27 147 218 184 210 45 190 67 4 132 20 20 22 22 21 20 19 19 17 16
    14 13 12 13 15 14 14 15 15 13 13 14 19 19 18 19 21 22 21 22 22 19 20
    21 21 23 23 22 22 19 18 16 16 14 15 17 16 16 17 18 20 19 20 19 20 19
    19 21 23 25 26 25 26 26 26 26 24 20 24 22 24 23 25 25 23 22 19 19 18
    16 18 17 19 19 207 249 227 155 13 59 236 25 237 200 110 21 161 196
    125 209 19 19 21 21 21 21 20 20 19 19 17 16 15 16 18 17 17 18 19 16
    16 17 21 21 20 20 23 24 23 25 25 22 23 24 24 25 25 24 23 19 19 17 17
    15 16 18 17 17 18 19 21 20 21 20 20 19 19 21 23 25 26 24 25 23 24 23
    21 18 21 19 21 21 23 23 21 20 18 18 17 16 18 18 19 19 219 218 96 14
    251 43 1 43 56 44 196 42 184 42 63 212 19 19 20 20 20 20 19 19 17 16
    14 13 12 14 17 16 16 17 19 17 17 18 22 22 22 22 25 26 25 26 26 23 24
    25 25 25 25 24 23 19 19 18 18 16 17 19 18 18 19 20 23 22 23 22 22 21
    20 21 23 24 25 23 24 22 23 21 19 16 19 18 19 19 21 22 20 19 18 18 18
    18 19 19 20 20 27 195 203 2 180 184 201 217 68 233 80 91 124 192 75
    246 17 17 19 19 19 19 19 19 17 15 13 12 11 13 17 17 17 18 20 19 19
    19 24 24 24 24 26 27 26 28 27 24 25 26 26 25 25 24 23 19 19 18 18 16
    16 18 17 17 19 19 22 21 22 21 21 20 19 20 22 23 24 23 24 23 24 22 20
    17 20 19 20 20 22 23 21 20 19 19 19 19 19 19 20 21 203 231 36 34 200
    201 62 170 167 110 208 119 80 226 30 241 15 15 18 18 18 18 18 18 16
    14 13 12 11 13 17 17 18 19 21 19 19 20 24 24 24 24 26 26 26 28 27 24
    25 24 25 24 24 23 22 19 19 18 18 16 16 18 16 16 18 19 22 20 20 19 19
    19 18 19 20 21 22 22 23 22 23 21 19 16 19 19 19 20 22 23 21 20 19 19
    19 19 19 19 20 21 167 2 189 39 21 114 188 126 71 133 46 101 178 153
    186 0 14 14 17 17 17 17 17 17 15 13 13 13 11 13 16 16 17 18 20 19 20
    21 25 25 24 24 27 26 26 29 28 26 26 26 26 26 25 23 22 19 19 19 19 15
    15 17 15 15 17 17 19 18 18 17 17 16 15 16 17 19 20 20 21 20 21 19 19
    16 19 19 19 20 21 22 20 19 19 19 19 19 19 19 20 21 180 2 78 29 239
    214 123 126 125 166 48 94 130 33 179 9 14 14 17 17 17 17 17 17 15 13
    13 12 11 12 15 15 16 16 19 18 18 19 22 22 22 22 26 25 25 28 27 25 26
    25 26 25 24 23 22 19 19 19 19 15 16 17 15 15 17 17 19 19 19 18 18 17
    16 17 19 20 22 21 21 21 22 20 19 17 19 19 19 20 21 22 20 19 19 19 19
    19 20 20 21 22 210 215 82 217 220 111 18 221 34 131 220 61 194 222
    17 189 10 10 12 12 12 12 13 13 11 10 11 11 11 12 14 14 15 15 18 17
    18 19 21 20 20 20 24 22 22 26 25 23 24 23 24 23 22 21 21 19 20 20 19
    16 17 18 16 16 18 18 19 19 18 17 17 15 14 15 17 18 19 19 19 19 20 19
    18 16 17 18 19 19 20 21 19 19 19 19 19 19 20 19 20 21 128 158 86 116
    13 10 68 26 97 35 143 216 110 79 157 150 11 11 13 13 13 14 16 16 14
    12 15 15 14 16 18 18 18 18 20 19 20 21 23 21 21 20 25 23 23 26 26 24
    25 24 25 24 24 23 23 21 22 22 22 18 18 19 18 18 19 19 21 20 19 18 18
    16 15 17 19 19 21 20 19 19 21 19 19 17 18 19 19 20 21 22 19 19 19 19
    19 20 21 20 22 23 114 212 211 80 16 183 55 163 213 143 73 199 132 96
    48 151 11 11 13 14 14 15 17 18 16 14 18 18 17 18 19 19 19 20 23 22
    22 22 23 21 21 19 24 21 21 25 25 23 24 23 23 22 22 21 23 23 24 24 24
    19 19 20 19 18 19 19 21 20 19 18 18 15 13 15 17 17 19 17 17 17 19 18
    17 15 16 17 18 19 19 20 19 19 19 19 20 21 22 22 24 25 186 47 236 131
    46 8 191 30 50 148 223 38 201 204 41 1 11 11 14 15 15 15 17 18 16 14
    18 18 17 18 19 19 19 19 22 21 21 21 22 20 20 19 22 19 19 24 24 23 24
    23 23 21 21 20 22 22 23 23 24 20 21 21 19 18 19 19 20 19 19 18 18 15
    13 15 17 16 18 16 16 16 19 17 16 15 16 17 17 18 19 19 18 18 19 19 19
    19 20 20 21 22 133 250 6 0 233 110 213 163 133 52 152 243 139 208
    219 195 12 12 15 17 17 17 19 19 18 16 19 19 18 19 19 19 19 19 23 22
    21 21 23 21 21 19 23 20 21 26 26 25 26 25 25 22 22 22 25 24 26 26 26
    23 24 23 20 19 21 21 22 22 22 20 19 16 14 15 17 16 18 16 17 16 18 16
    15 14 14 15 15 16 16 17 15 15 16 16 17 16 18 19 19 20 211 214 129
    208 24 141 156 10 171 51 199 183 255 110 34 160 12 12 14 16 16 16 18
    18 16 15 18 18 17 18 19 19 18 18 21 20 19 19 22 20 20 19 22 19 20 25
    26 25 26 25 25 23 23 23 26 24 26 27 28 25 26 25 21 19 21 21 22 23 22
    20 19 16 14 14 16 15 17 15 16 16 18 16 15 14 14 15 15 16 16 17 15 15
    16 16 17 16 18 19 19 20 189 244 137 20 176 43 43 144 220 127 207 167
    80 151 126 239 12 12 14 16 16 16 18 18 16 15 18 18 18 19 19 19 18 18
    22 21 20 20 23 21 21 19 23 20 21 26 26 26 26 26 26 23 23 23 26 25 27
    28 29 26 26 26 22 21 23 23 23 24 23 21 20 17 14 14 16 15 16 14 15 15
    15 13 12 12 12 12 12 13 13 13 11 11 12 12 13 12 14 16 17 18 11 23
    120 234 105 177 160 92 176 237 23 7 32 244 252 223 12 12 13 15 15 15
    16 16 15 14 17 16 16 18 18 18 16 16 20 20 19 19 21 20 20 19 23 20 23
    26 27 26 27 26 26 24 24 24 26 26 29 30 31 26 26 25 22 20 22 22 22 23
    22 21 20 17 14 14 16 15 16 15 16 16 16 14 13 13 12 12 11 12 12 13 12
    12 13 12 13 12 14 16 17 18 36 19 183 25 173 235 169 104 77 212 73
    125 160 152 109 174 11 12 13 15 15 15 16 15 15 14 18 17 17 19 19 19
    17 17 20 19 19 19 20 19 19 18 22 19 22 25 26 25 26 25 25 22 23 23 25
    25 27 28 29 25 25 23 21 19 21 20 20 21 20 19 19 17 14 14 16 15 16 15
    16 16 16 14 14 14 12 12 11 11 11 12 11 11 12 12 13 13 15 17 18 19
    224 143 181 210 225 114 214 19 94 143 128 190 105 156 213 147 12 13
    14 17 17 17 18 17 17 17 20 19 19 20 20 20 19 19 22 21 19 19 21 20 20
    19 21 19 21 24 25 24 25 24 24 21 22 22 24 23 26 26 28 26 26 24 22 20
    22 21 21 22 22 21 21 19 17 16 18 16 16 15 17 17 17 15 15 15 13 13 12
    13 13 14 14 14 15 15 16 15 17 18 19 19 183 175 180 20 95 224 5 66
    105 171 116 45 115 87 181 11 15 16 18 19 19 19 20 19 19 19 23 21 21
    22 22 22 20 20 24 22 20 20 21 20 20 19 20 18 20 23 23 22 23 22 21 19
    19 19 21 21 24 25 26 25 26 24 22 21 23 22 22 23 22 22 22 19 17 15 16
    14 14 13 14 14 14 12 12 12 11 11 11 11 11 12 13 14 15 15 16 16 18 19
    19 21 201 45 204 58 4 10 73 91 129 75 186 95 8 50 190 173 16 18 19
    20 19 19 20 19 19 19 22 20 20 21 21 20 19 19 21 20 19 19 19 19 19 18
    19 17 19 21 21 20 21 20 19 17 17 17 20 20 23 24 26 24 25 23 22 21 23
    22 22 23 22 22 22 19 17 15 16 14 14 13 14 14 14 12 13 13 11 12 11 13
    13 14 15 16 17 17 18 18 19 20 21 22 250 62 31 125 173 247 81 26 221
    211 227 190 236 169 189 228 15 17 18 19 19 19 19 19 19 19 22 20 20
    20 20 19 19 19 20 19 18 18 19 18 18 18 20 18 20 22 23 22 23 21 20 19
    19 19 22 22 24 25 26 23 24 22 21 20 21 20 20 21 20 20 20 17 16 15 16
    14 14 13 14 14 14 13 14 14 12 13 12 14 14 14 15 16 17 17 17 16 19 19
    21 22 227 210 124 43 244 177 166 104 95 0 140 226 156 38 121 130 14
    16 18 19 19 19 20 19 19 20 24 22 22 22 21 20 19 19 20 19 17 17 18 16
    16 16 19 17 19 21 22 22 23 21 20 19 19 19 23 24 26 27 28 26 26 24 23
    22 23 22 22 23 22 22 22 19 18 16 17 15 15 14 15 14 14 13 14 14 12 13
    12 14 14 14 15 16 17 17 17 16 19 20 22 22 230 43 229 195 105 163 152
    86 208 128 245 21 127 199 144 83 15 17 19 20 19 19 21 20 20 21 25 22
    22 22 22 21 19 19 20 19 17 17 18 16 16 16 19 17 19 21 22 21 22 22 21
    20 20 20 24 25 27 28 30 27 27 26 25 24 25 24 23 24 23 23 23 20 19 17
    18 15 15 14 15 14 14 13 14 14 12 12 11 12 12 12 13 14 15 15 15 14 18
    19 20 20 36 76 18 161 24 217 48 25 132 94 246 40 60 76 22 27 16 18
    19 20 19 19 21 20 20 21 24 21 21 20 20 19 18 18 19 17 14 14 15 13 13
    13 15 14 17 19 19 19 19 20 19 19 19 20 24 25 27 27 29 27 27 26 25 24
    25 24 22 23 22 22 22 19 18 16 18 15 15 14 14 13 13 12 13 13 11 11 11
    11 11 11 12 13 14 14 14 14 18 19 20 21 68 164 180 221 243 237 243
    190 218 40 87 152 239 124 5 159 13 15 16 18 18 18 19 19 19 19 22 20
    20 19 19 19 17 18 19 17 14 14 15 14 14 14 16 15 17 19 19 19 19 20 19
    19 19 20 24 25 26 26 28 26 26 25 24 23 23 22 20 20 19 19 19 17 15 13
    14 11 11 11 11 11 11 11 11 11 11 11 10 11 11 11 11 12 13 14 14 14 18
    19 20 21 250 13 19 5 250 32 96 104 245 174 243 146 141 140 175 197
    17 19 19 20 19 19 21 19 19 20 23 21 20 19 19 19 17 18 19 17 14 14 15
    14 14 14 16 15 17 19 19 19 19 20 19 19 19 20 23 24 26 26 27 26 25 24
    23 22 22 21 19 19 19 19 19 17 15 13 14 11 11 11 11 11 10 10 11 11 10
    10 9 10 10 10 11 12 14 15 15 15 19 20 22 23 188 251 77 149 12 80 136
    17 74 72 4 74 196 213 85 23 16 18 18 19 19 18 19 17 17 18 19 18 17
    16 16 15 14 15 16 14 11 11 14 14 14 14 15 14 16 18 19 18 19 19 19 18
    18 19 21 21 23 23 25 24 24 22 21 20 20 19 18 18 17 18 18 16 14 11 12
    10 10 10 11 10 9 9 10 11 10 10 9 10 10 10 11 12 14 15 15 15 19 20 21
    22 61 203 3 57 1 30 241 16 235 89 142 121 35 43 152 165 16 18 18 19
    19 18 19 17 17 19 19 18 17 16 16 15 13 13 14 12 10 10 12 12 12 13 13
    13 15 17 18 17 18 19 19 19 19 20 22 21 23 23 25 24 24 22 21 21 21 20
    18 18 18 18 18 17 16 13 14 11 11 11 12 11 10 10 11 11 11 10 9 10 10
    10 11 11 13 14 14 14 17 18 19 19 234 178 129 236 169 15 207 57 87 44
    20 205 228 71 103 57 17 19 19 19 19 18 19 17 17 19 19 18 17 16 16 15
    13 13 14 12 10 10 12 12 12 13 13 13 14 15 16 15 16 18 18 17 18 19 20
    19 21 21 23 22 22 21 21 21 21 20 18 18 18 18 19 18 17 14 15 12 12 12
    13 12 11 11 11 12 12 11 11 12 12 12 13 14 16 17 17 17 19 20 21 22 32
    76 60 84 16 118 11 219 204 17 186 220 231 236 195 105 17 19 19 19 18
    17 18 16 16 18 19 17 16 15 14 13 12 12 12 11 9 9 11 11 11 11 11 11
    12 13 14 14 15 18 18 18 19 19 19 19 20 20 22 21 21 20 20 20 19 19 15
    14 14 14 16 16 16 14 15 12 13 13 14 13 11 11 12 14 15 14 14 15 15 14
    15 16 18 18 18 19 21 22 23 24 21 75 246 192 152 216 159 245 239 157
    135 177 134 67 96 181 17 19 19 19 19 18 19 17 17 19 19 17 16 15 14
    13 12 13 13 11 10 10 11 11 11 11 11 12 14 15 15 15 16 19 18 18 19 19
    19 20 20 21 23 22 21 19 19 20 19 19 15 14 14 14 16 16 16 16 16 13 14
    14 15 14 12 12 13 15 16 15 15 16 16 15 15 16 18 18 18 19 21 22 23 24
    171 175 185 78 137 24 232 126 175 80 156 196 209 23 112 255 18 19 20
    20 19 19 19 17 17 19 19 17 16 15 15 14 13 13 12 11 9 9 10 10 10 11
    11 11 13 14 14 15 16 19 19 19 20 20 22 22 22 23 25 25 24 22 22 22 20
    19 16 14 14 14 16 15 16 16 16 13 13 13 14 13 12 12 13 15 16 15 15 16
    16 15 15 16 18 18 18 19 21 22 23 24 10 163 245 33 250 140 185 10 77
    142 56 47 100 190 150 94 17 19 19 19 19 18 19 16 16 18 19 16 15 13
    13 12 13 13 13 11 10 10 11 11 11 11 11 11 12 13 13 14 15 17 17 17 18
    19 21 21 21 22 24 25 24 23 23 24 22 21 18 16 16 15 16 14 15 15 15 12
    11 12 13 12 11 11 12 14 15 14 15 16 16 14 13 14 16 17 16 17 19 20 21
    22 30 2 182 226 134 224 18 97 201 11 99 4 144 131 6 118 16 17 18 18
    18 17 18 16 16 18 19 16 15 13 13 12 13 13 14 12 11 10 11 11 11 11 11
    11 12 13 13 14 15 17 17 16 18 19 21 21 21 22 24 26 25 25 25 26 24 23
    19 18 19 17 17 15 16 16 16 13 11 12 12 11 11 11 11 13 14 13 15 17 17
    15 14 15 17 17 16 16 19 19 20 21 7 71 59 68 49 83 148 231 180 132 48
    155 183 210 19 188 15 16 17 16 16 15 17 15 15 16 17 14 13 12 12 11
    12 12 13 11 11 10 11 10 10 11 11 11 13 14 14 15 16 19 19 18 19 20 23
    23 23 24 25 26 25 24 24 25 23 22 18 16 16 14 14 13 14 14 13 11 11 11
    11 10 9 9 10 11 12 11 13 14 13 11 11 11 14 14 13 14 16 17 18 19 132
    249 37 239 51 17 62 134 147 101 136 202 157 46 246 145 116 209 173
    60 190 171 224 15 149 152 202 15 161 41 252 234 17 16 226 247 244
    170 24 107 161 105 127 27 104 205 76 183 98 123 177 67 161 129 131
    70 175 5 136 188 14 193 244 41 119 104 124 19 35 152 58 5 185 210
    161 72 13 213 104 131 145 25 30 249 177 42 45 161 119 245 103 174
    122 69 145 80 158 201 176 69 102 168 226 18 197 138 168 232 234 218
    10 85 15 237 71 246 59 162 164 160 239 207 130 244 41 208 29 115 211
    64 220 229 197 131 58 243 159 157 159 69 93 142 46 48 140 100 70 71
    123 25 207 142 27 103 84 93 244 116 76 91 75 205 195 164 93 178 7
    174 112 105 240 98 99 250 124 241 115 118 4 170 60 247 116 214 247
    71 208 56 233 189 182 145 14 93 3 8 222 40 221 160 191 176 216 245
    181 216 207 137 187 64 222 93 181 81 95 57 202 188 227 232 178 9 64
    136 252 127 228 202 181 57 143 109 200 216 51 251 89 176 81 96 109
    187 226 235 118 117 144 250 59 70 217 195 149 139 36 16 25 13 254 50
    112 148 203 189 79 217 93 93 105 64 49 171 214 39 54 168 27 106 49
    71 13 179 185 203 0 133 187 178 248 136 80 0 212 43 119 202 233 202
    20 40 55 156 244 6 88 112 94 190 168 27 137 225 72 172 255 27 154 61
    9 248 170 147 59 183 140 224 202 41 18 255 229 170 84 207 148 252 24
    181 98 117 32 14 186 135 100 157 111 44 227 170 115 5 0 151 142 18
    31 77 64 12 195 186 245 108 228 7 177 50 117 130 188 171 100 100 195
    63 30 188 153 72 46 6 248 226 244 239 204 35 93 52 241 239 95 104 70
    196 159 228 42 133 149 57 140 211 95 101 140 130 216 235 52 44 179
    19 6 250 151 52 198 137 52 62 177 51 15 170 96 196 118 242 91 161 29
    95 211 149 18 245 165 180 211 101 249 140 98 19 57 26 99 42 140 86
    214 185 168 5 102 59 12 216 185 158 9 159 92 22 202 7 65 38 103 175
    242 84 95 39 193 66 56 105 134 88 176 105 116 213 33 82 147 51 231
    152 160 249 203 202 67 118 38 208 24 88 97 200 127 133 159 48 200 62
    108 59 53 95 224 144 132 202 63 109 167 48 200 50 173 84 172 145 205
    183 75 245 205 120 191 61 153 21 131 181 3 202 0 141 133 251 231 30
    164 239 202 49 29 43 238 99 125 210 101 230 235 7 11 166 72 224 190
    58 112 103 236 174 89 207 195 110 136 216 92 245 56 43 62 242 185 10
    219 81 29 43 35 174 24 93 143 106 186 26 95 108 245 61 40 46 203 33
    234 93 182 60 238 91 204 210 164 84 250 173 78 229 72 27 245 180 109
    232 52 48 4 124 64 210 253 148 53 186 59 48 219 140 221 182 77 255
    202 210 186 167 239 217 24 84 104 116 183 177 214 169 83 154 7 30
    242 41 25 36 114 6 225 3 63 167 87 85 149 217 93 111 109 42 60 219
    56 77 147 73 233 61 254 235 159 112 143 197 13 158 33 212 87 19 54
    134 218 125 181 255 123 214 141 215 80 20 184 45 52 130 194 73 179
    215 20 177 135 87 206 190 222 169 217 61 16 160 218 45 174 157 90
    118 102 152 205 52 211 124 214 85 231 183 199 159 240 141 1 215 126
    101 244 8 253 110 76 183 208 38 218 40 94 98 119 180 195 164 115 164
    27 47 57 72 192 7 145 78 38 213 242 85 20 249 115 212 71 253 30 37
    205 77 166 89 92 135 7 178 146 43 55 164 143 137</data></your_img>
</opencv_storage>
