<?xml version="1.0"?>
<opencv_storage>
<L2_diff>5.7476603065943273e+03</L2_diff>
<r>12</r>
<test_img type_id="opencv-matrix">
  <rows>50</rows>
  <cols>100</cols>
  <dt>u</dt>
  <data>
    171 211 103 140 113 46 205 41 87 220 239 104 14 95 134 133 160 121
    54 136 15 220 4 211 131 229 17 83 34 149 82 90 54 225 209 106 217 11
    43 106 160 38 64 85 101 95 197 11 34 10 32 110 222 169 243 42 250
    202 161 48 232 74 253 196 83 108 29 4 90 123 125 89 74 37 190 148
    227 202 214 139 84 190 243 236 201 159 102 66 227 196 10 56 155 85
    208 246 30 152 187 164 219 122 224 105 209 2 235 245 98 157 95 13
    136 154 47 25 124 145 14 57 1 253 196 226 162 130 28 124 162 187 102
    209 233 83 203 125 42 193 202 180 162 232 240 43 76 235 142 192 158
    215 227 124 200 167 228 215 20 139 36 95 29 34 125 68 171 129 122
    234 4 96 109 92 162 8 196 76 5 212 125 56 128 33 148 45 55 177 5 134
    176 250 124 128 205 141 26 13 84 180 235 193 65 127 82 135 66 118
    122 53 131 145 251 255 129 56 50 52 242 46 202 77 191 254 56 106 202
    240 45 53 204 9 161 48 29 242 217 105 17 184 111 71 204 27 96 41 106
    228 250 132 186 67 87 70 187 141 83 218 154 206 77 36 88 160 140 93
    199 168 92 226 231 241 147 88 231 151 174 215 11 133 78 113 254 253
    95 1 248 68 91 44 230 238 153 65 107 173 3 221 223 132 39 163 30 183
    32 57 189 111 176 160 238 74 3 81 33 173 127 12 8 198 158 190 73 156
    223 96 131 88 252 40 7 186 67 62 250 148 13 87 188 134 11 189 175
    173 60 116 85 111 236 254 122 200 236 146 109 45 1 204 149 176 233
    192 10 44 233 122 153 189 171 58 147 228 222 12 97 173 43 148 13 102
    27 93 138 3 107 128 4 26 204 79 154 7 140 207 81 85 176 158 72 179
    19 164 64 246 179 127 129 20 30 206 73 165 175 46 220 220 158 236 0
    108 7 85 152 180 130 170 73 20 206 56 239 220 52 69 174 194 103 67
    156 61 69 126 77 241 72 64 149 139 143 44 103 167 151 48 207 118 56
    177 96 163 54 182 77 22 203 31 56 178 51 141 18 59 141 188 179 79
    183 125 235 214 223 136 35 252 152 238 155 30 211 244 68 107 153 204
    250 160 158 133 151 64 96 36 148 172 120 83 29 58 38 233 78 14 12
    154 243 123 73 165 234 162 252 93 63 248 188 198 209 18 7 82 11 213
    180 202 34 189 179 62 163 232 24 53 21 197 218 25 220 24 107 168 91
    98 2 86 38 124 215 71 161 38 47 212 97 79 17 69 231 211 0 179 231
    122 205 128 194 65 252 50 10 139 237 38 230 75 243 122 50 171 52 135
    235 40 203 174 75 250 179 161 48 223 199 212 50 172 188 164 172 95
    154 4 179 209 26 172 114 26 168 31 200 182 189 215 12 44 3 165 176
    144 81 244 42 165 119 209 102 52 205 181 120 67 129 245 72 217 247
    30 247 87 127 53 30 186 206 97 108 123 79 213 59 18 66 112 244 87 0
    99 226 152 238 113 107 55 16 168 20 229 224 143 122 1 69 250 177 186
    207 142 38 143 143 69 183 226 205 208 16 236 52 29 180 143 198 253
    10 185 242 140 165 73 151 142 247 184 172 147 99 156 85 231 176 72
    99 24 241 29 161 156 179 150 212 90 62 249 132 216 222 37 235 159
    157 194 108 98 142 182 56 127 236 198 51 195 62 122 101 181 99 62
    201 54 113 241 64 233 146 166 215 81 210 162 245 231 77 191 154 222
    237 164 232 22 201 31 14 227 189 4 134 245 125 45 194 137 113 189 6
    177 144 81 235 33 75 60 214 145 250 184 8 43 81 142 209 80 40 253
    226 217 68 96 251 165 14 231 17 22 226 14 116 214 155 201 78 241 255
    88 37 122 3 42 161 15 200 57 186 164 56 153 254 122 184 213 183 215
    219 153 97 212 74 52 100 224 31 204 75 224 86 152 31 48 136 44 208
    191 72 219 124 227 99 146 102 156 8 73 148 145 224 9 171 88 80 181
    203 150 22 171 190 31 250 222 64 246 181 245 17 227 79 105 15 143 98
    73 246 218 252 29 216 85 65 110 98 67 252 15 185 31 242 29 197 30
    193 227 152 91 246 27 98 214 78 4 2 219 55 117 212 196 139 7 138 206
    106 154 98 180 82 225 239 165 216 178 155 209 242 252 79 74 30 51
    194 80 166 124 204 45 10 49 91 169 47 56 102 207 77 165 131 161 212
    156 34 71 77 162 203 190 249 66 166 1 226 107 176 200 67 22 212 142
    47 97 254 189 218 203 150 200 196 189 156 57 218 245 65 51 55 4 43
    107 97 6 141 85 235 247 196 210 41 93 92 101 201 126 28 31 12 66 230
    137 87 135 168 109 101 35 14 145 244 218 110 26 107 134 182 181 204
    144 19 133 103 92 44 182 152 88 220 75 217 82 238 234 224 101 80 60
    140 166 122 104 72 119 35 90 194 48 140 188 187 154 123 219 251 218
    133 82 8 181 132 221 81 69 47 150 229 112 101 131 213 242 156 142
    124 169 223 221 226 237 22 137 229 76 169 138 19 184 164 44 139 225
    193 172 143 48 75 14 161 203 110 197 93 152 142 177 139 34 213 106
    209 52 18 109 105 208 42 44 242 99 224 179 249 230 204 0 92 59 8 3
    22 152 177 9 144 44 27 207 105 223 33 26 21 240 100 154 178 200 75
    151 26 176 24 161 159 207 45 240 53 103 109 213 101 96 34 76 108 167
    112 164 132 117 141 26 176 124 234 40 206 139 112 144 95 106 213 73
    185 175 234 43 92 111 63 55 146 39 197 98 145 35 130 124 186 233 76
    201 234 245 230 200 94 115 233 33 119 88 175 209 251 6 59 46 199 31
    28 77 243 211 48 170 7 151 114 99 117 12 164 202 141 93 116 36 88 71
    237 206 206 146 221 201 155 127 200 11 230 142 19 82 129 173 13 203
    9 239 247 50 91 88 62 47 219 114 108 12 197 69 92 6 117 11 29 254 83
    168 134 88 204 186 50 83 108 142 68 204 217 18 3 123 88 165 228 159
    11 237 208 18 188 154 150 32 173 205 59 202 83 231 12 92 114 36 127
    175 86 205 96 199 217 230 136 187 90 20 93 13 101 168 130 108 189 29
    10 26 166 177 161 192 219 97 30 175 247 217 184 142 172 211 28 165
    148 50 182 218 207 4 54 115 137 229 255 238 224 205 50 240 140 190
    124 153 87 70 240 169 18 62 214 186 184 58 152 129 83 66 29 87 186
    63 227 239 107 85 197 115 165 66 178 107 140 62 155 211 144 240 35
    186 73 223 17 172 193 219 131 1 209 35 125 192 22 86 164 51 210 194
    200 203 5 207 240 44 44 247 78 113 235 20 20 150 229 63 149 220 54
    171 109 120 19 198 175 101 47 37 236 141 81 22 199 238 52 26 247 208
    5 31 33 115 60 68 40 147 22 118 94 172 205 144 120 49 86 31 78 112
    114 135 78 207 123 221 103 169 139 159 1 59 23 141 62 126 175 150
    226 88 192 106 156 48 160 239 213 254 246 204 137 215 251 124 77 109
    169 207 35 247 8 153 73 189 232 244 173 51 168 115 39 7 159 205 185
    241 186 130 215 244 179 226 38 46 101 122 170 246 252 239 153 179
    203 13 8 170 200 163 196 124 240 164 30 158 179 164 8 151 125 126
    105 199 254 12 66 97 145 78 124 91 34 54 60 209 108 86 94 16 109 71
    149 206 135 98 38 8 32 210 38 249 76 201 141 124 120 141 177 205 198
    32 245 59 14 201 112 203 209 148 190 212 101 69 181 223 81 18 19 145
    140 9 178 221 8 233 199 8 37 144 224 150 202 198 34 22 42 201 64 126
    87 69 32 67 16 96 234 236 181 210 85 73 119 240 30 38 68 182 153 48
    248 211 48 55 227 32 10 163 148 9 127 126 53 202 48 107 141 200 207
    163 223 42 81 27 129 195 122 168 29 235 162 61 235 10 205 0 227 100
    213 230 54 143 253 70 169 91 107 66 52 38 18 168 241 12 176 156 233
    230 43 126 149 120 75 11 34 26 153 31 22 20 104 218 19 111 227 39 79
    151 78 20 24 170 180 26 183 22 111 24 184 73 14 227 251 179 10 225
    147 40 248 60 204 133 201 151 239 157 240 164 68 103 123 119 174 68
    111 77 110 26 151 248 43 137 72 129 164 235 133 116 40 232 21 178
    224 31 121 192 240 47 224 224 134 174 0 130 216 127 143 244 248 95
    68 64 119 57 248 190 79 106 134 30 185 116 253 150 26 224 42 249 224
    186 39 57 204 39 145 135 229 21 176 16 171 153 41 126 174 216 80 141
    181 74 29 38 140 57 157 20 204 51 207 137 98 84 81 246 79 11 144 76
    36 197 76 241 110 31 87 203 133 226 158 216 192 7 184 67 217 27 127
    138 121 13 206 228 144 191 86 174 231 111 200 221 101 232 2 40 123
    57 232 143 34 137 94 225 213 26 164 151 159 205 191 47 66 11 48 63
    115 152 198 239 170 157 73 84 246 168 50 40 19 235 151 95 113 143
    127 228 130 36 246 98 212 217 77 215 130 114 106 223 141 121 55 211
    17 183 133 14 201 195 5 153 185 130 124 41 131 31 85 189 114 200 250
    33 45 66 247 202 205 88 70 142 124 136 91 250 57 169 214 109 212 80
    161 29 138 74 62 57 219 227 243 119 61 28 12 115 139 169 185 172 70
    152 150 92 126 165 125 203 81 1 179 173 33 123 195 146 209 253 207
    65 85 115 8 126 218 41 171 42 21 85 188 210 254 210 205 129 56 24
    127 115 117 34 252 92 254 79 247 101 83 161 69 185 11 59 105 168 134
    227 79 41 124 89 101 243 230 17 36 1 199 23 245 33 111 28 217 190
    210 224 184 18 3 147 233 182 167 163 222 160 47 138 116 33 103 22
    142 133 131 227 0 150 116 67 196 154 47 127 194 124 91 152 109 129
    229 115 147 143 149 77 113 124 237 11 83 168 113 177 218 176 134 194
    50 65 95 17 175 135 223 187 40 142 29 197 178 21 40 147 51 31 232
    197 206 53 98 35 246 162 64 234 151 102 101 178 76 5 244 152 83 0 71
    242 153 96 165 252 126 182 104 187 241 158 170 190 122 64 44 185 126
    50 148 31 234 106 227 187 190 13 112 103 166 216 165 135 100 210 106
    244 19 36 175 5 104 194 123 41 80 227 30 24 246 250 6 124 192 212 64
    181 81 8 84 250 87 85 50 122 251 93 32 120 36 193 223 244 227 144
    199 244 197 214 37 58 222 130 97 135 138 4 112 124 138 135 95 127
    127 253 198 110 13 25 147 45 233 52 14 216 51 245 140 216 84 143 100
    137 73 65 5 185 154 55 166 144 34 161 79 128 15 72 15 242 235 134
    148 29 101 227 137 94 165 38 221 238 61 78 221 144 167 7 139 126 211
    35 247 235 211 3 37 126 14 151 171 123 42 104 227 102 12 41 109 192
    37 5 221 216 132 231 83 200 110 230 150 241 186 108 86 210 24 46 120
    127 233 226 100 216 165 244 163 130 207 173 117 96 250 4 112 19 108
    194 92 219 32 177 60 252 73 120 118 190 246 45 181 135 250 218 21
    182 97 90 168 39 191 76 248 141 202 197 214 162 68 137 66 81 30 10
    83 45 246 146 86 190 97 138 180 144 25 234 2 55 114 138 30 167 60
    240 33 14 162 141 13 142 224 142 223 162 63 130 220 131 230 89 109
    32 113 185 129 253 245 231 8 76 55 63 44 205 119 49 113 64 39 158
    203 133 59 223 51 234 98 235 157 206 116 85 108 228 91 87 47 1 95 28
    136 223 114 0 209 98 233 78 39 20 51 32 55 128 232 12 179 187 108 95
    105 252 102 108 156 109 2 66 230 55 254 6 78 211 40 103 119 108 73
    104 78 89 34 213 137 154 51 139 198 16 44 243 254 174 235 1 24 246
    49 68 53 176 227 205 38 170 53 15 223 228 230 207 162 238 39 211 76
    32 81 36 170 158 31 42 242 133 165 190 60 225 170 4 152 142 106 138
    254 11 61 249 212 49 193 225 88 200 173 28 152 233 214 187 226 91
    242 74 174 177 196 233 114 146 228 196 108 60 78 114 131 78 238 245
    32 210 192 108 25 86 38 117 16 193 103 56 202 223 64 200 70 86 124
    226 247 222 162 187 114 194 255 82 32 236 49 38 172 234 159 56 135
    128 93 147 223 42 125 138 62 251 63 244 85 86 54 179 243 179 71 135
    213 3 250 97 161 122 217 79 111 131 140 189 139 131 16 236 170 242
    135 90 119 171 231 104 54 213 110 130 208 157 204 34 105 68 177 81
    205 29 247 109 130 101 216 24 78 220 85 253 63 142 214 248 4 211 142
    176 7 65 120 224 38 83 199 185 234 4 247 118 158 199 73 198 191 167
    82 234 181 252 98 46 146 245 92 131 210 110 130 32 204 30 4 235 0
    128 204 25 197 46 99 123 1 130 117 160 125 25 195 35 210 230 214 209
    190 21 4 174 24 120 207 149 84 4 51 140 163 187 156 54 91 128 192 91
    7 144 130 250 124 137 126 217 106 213 140 86 157 195 6 224 5 56 122
    237 7 37 233 4 127 90 111 37 28 185 92 216 165 51 102 33 75 57 97 51
    9 133 204 124 168 149 121 158 13 216 252 66 184 125 77 194 160 152
    226 255 71 4 171 235 99 127 241 36 70 73 151 251 221 7 76 81 46 160
    94 143 148 212 203 123 181 180 158 228 15 43 172 150 38 214 195 117
    220 39 237 106 206 130 4 69 100 254 36 153 111 17 92 7 33 93 41 75
    175 105 227 216 79 124 180 61 87 106 226 38 29 236 54 195 233 103 76
    54 224 180 207 178 57 39 215 6 190 16 255 4 4 65 212 10 20 107 67
    102 48 56 119 213 194 99 93 40 239 68 248 252 147 149 80 138 124 214
    121 189 22 165 88 243 237 230 116 113 37 205 43 252 209 169 43 140
    60 84 88 147 212 127 183 76 160 7 168 89 236 238 71 166 164 147 57
    19 229 11 243 218 148 143 23 99 210 129 47 133 110 164 212 85 71 246
    29 30 154 83 29 122 159 77 148 252 168 42 91 208 248 215 84 153 14
    64 233 252 247 18 4 253 242 215 135 93 183 157 185 185 246 175 249
    123 237 206 112 184 33 81 249 208 221 225 22 54 110 142 69 110 169
    169 81 6 92 171 82 183 126 242 67 115 49 173 53 54 37 20 232 102 104
    132 135 198 128 178 225 226 108 233 220 210 117 180 124 152 164 131
    237 187 232 32 106 10 191 160 51 2 125 136 72 174 41 59 131 140 25
    150 25 45 242 115 116 88 155 17 173 161 65 88 125 17 188 70 205 116
    116 57 153 139 194 226 3 170 243 225 244 105 229 168 156 126 23 159
    137 86 13 57 86 131 249 0 140 111 6 97 123 116 201 91 252 95 69 174
    197 22 218 186 44 110 204 190 188 219 156 244 50 146 99 35 15 146
    239 58 105 186 217 142 90 144 149 152 242 188 86 13 34 163 249 147
    224 217 35 116 119 156 70 148 120 158 44 83 1 183 87 80 183 90 25 97
    26 46 4 130 179 117 140 152 251 15 34 36 105 136 53 64 242 224 184
    162 157 33 8 228 127 107 191 8 191 166 109 183 23 251 64 171 97 88
    44 150 71 81 217 97 103 198 4 55 25 86 37 249 163 71 66 201 89 177 1
    249 12 99 183 1 7 206 226 237 5 214 235 125 161 233 227 136 96 8 251
    108 32 35 106 234 77 235 72 66 216 212 27 45 250 229 212 103 66 203
    132 87 238 106 184 31 190 135 254 195 170 73 244 172 154 185 236 200
    104 72 163 233 218 31 208 153 59 148 168 103 227 79 149 117 14 226
    27 75 44 1 250 90 161 171 225 110 37 175 7 39 37 57 169 220 27 166
    169 29 109 128 124 162 102 220 29 206 229 229 16 68 140 128 203 100
    172 98 30 39 83 120 106 145 113 235 12 5 112 11 96 39 152 134 162 3
    227 212 252 131 168 114 151 61 20 15 151 112 244 73 97 34 223 118
    160 247 152 164 116 36 98 249 189 57 23 170 84 43 148 223 188 202 39
    183 71 133 7 104 211 143 234 62 116 66 150 92 237 67 32 177 110 203
    162 14 145 153 220 210 118 103 225 220 61 151 84 94 137 140 254 139
    45 198 122 145 180 102 67 14 131 148 184 210 183 73 182 30 247 162 0
    234 205 20 157 227 144 165 139 60 126 175 163 121 26 219 250 135 93
    77 226 227 58 172 129 16 17 208 236 57 207 104 231 147 86 230 174
    207 15 14 127 78 29 53 124 250 99 207 165 71 203 187 240 207 92 53
    118 92 53 92 137 94 160 129 186 50 244 105 118 93 161 188 214 21 59
    124 150 163 85 26 158 101 253 47 233 141 157 9 120 2 233 32 168 131
    233 73 7 253 74 119 224 27 45 253 121 229 88 165 199 36 128 124 236
    115 138 224 140 194 11 240 181 118 227 70 77 118 28 51 105 78 141
    250 123 229 62 164 120 117 111 81 5 152 149 16 238 2 213 15 204 45
    27 87 90 244 83 222 68 63 100 205 11 38 182 19 218 181 180 1 211 190
    37 247 138 137 217 159 39 128 79 215 36 104 69 20 107 81 162 243 253
    208 208 14 245 146 126 199 38 114 111 78 45 43 77 210 28 121 216 146
    69 99 29 45 27 161 234 244 232 95 220 70 160 103 74 69 207 244 17 64
    151 217 129 124 67 39 130 38 136 16 126 224 70 220 32 124 159 98 99
    109 182 232 132 122 109 214 12 46 206 158 14 151 191 180 85 95 87
    125 187 243 120 44 167 131 139 31 156 232 149 136 43 97 202 203 192
    119 131 79 71 113 80 48 230 237 134 244 53 33 185 69 87 13 61 194 26
    198 144 6 28 8 5 235 44 5 151 69 188 72 161 232 113 19 45 191 144 77
    172 8 132 184 140 72 14 82 191 145 254 231 0 182 225 183 151 42 43
    35 230 62 161 134 121 237 83 10 109 156 113 7 246 31 197 90 252 72
    209 251 110 190 111 51 237 18 69 154 35 97 56 47 98 113 250 10 19
    163 137 76 118 13 195 203 17 114 21 78 137 112 185 167 87 124 50 249
    240 172 28 198 169 45 182 212 214 248 121 119 184 161 237 48 125 55
    246 78 245 211 72 60 119 25 173 82 58 126 90 242 132 133 203 6 120
    239 20 159 191 154 139 132 36 148 144 225 243 196 83 142 217 147 248
    174 243 21 78 27 150 246 2 188 231 11 222 150 94 56 113 47 55 4 167
    36 249 220 177 132 23 204 56 180 18 7 123 3 30 226 187 146 165 122
    138 28 128 241 187 63 239 38 233 181 50 204 200 159 108 56 132 69 68
    14 130 246 191 39 190 146 167 113 216 3 153 145 205 40 213 124 183
    39 190 126 109 186 223 3 144 7 144 159 200 173 190 78 80 43 154 239
    221 216 209 111 58 157 203 227 65 140 118 241 22 69 195 159 82 214
    232 251 254 206 20 171 77 63 166 175 215 196 210 248 150 96 152 157
    174 146 129 27 214 167 109 112 252 165 134 132 234 0 125 165 88 200
    85 56 28 238 245 141 21 46 53 150 238 80 186 167 35 233 205 166 130
    170 118 15 35 182 81 6 188 111 60 162 87 202 246 90 71 68 159 174
    183 185 78 87 11 141 67 128 126 165 141 212 205 99 235 90 107 6 91
    138 247 44 137 47 203 182 178 198 163 77 185 177 76 101 14 94 138
    221 199 119 116 65 166 136 172 177 129 145 232 89 157 180 100 230 27
    85 154 211 240 94 0 236 170 108 252 6 2 200 146 54 44 218 88 20 182
    62 151 173 51 242 173 23 31 175 87 220 207 51 189 187 142 147 9 158
    238 115 111 118 189 249 1 107 240 35 4 242 49 160 227 205 96 36 150
    224 155 9 54 145 33 96 193 240 18 210 169 92 143 28 196 86 188 223
    192 35 215 232 117 127 112 240 58 75 68 125 114 226 48 234 153 27 2
    177 250 150 129 160 128 114 158 101 63 65 157 7 177 145 107 149 196
    93 124 201 18 170 63 123 24 249 17 125 11 52 116 218 140 170 167 104
    255 118 203 89 238 153 52 231 98 100 58 40 87 6 108 171 148 107 23
    119 211 135 43 53 76 20 163 49 213 132 123 211 81 213 190 63 15 174
    245 13 221 64 106 41 29 117 40 209 35 250 42 227 177 73 217 191 178
    53 213 252 9 239 239 180 167 247 51 91 35 126 91 18 91 99 104 100 94
    64 178 247 116 218 90 228 148 103 197 32 29 214 160 89 188 237 255
    155 5 254 28 9 214 105 223 131 26 60 40 241 138 124 23 117 208 235
    228 231 218 100 222 143 2 110 53 130 43 35 162 77 198 0 200 137 189
    228 30 6 168 228 200 23 32 88 141 169 102 82 138 15 188 146 201 212
    56 72 244 142 67 112 152 225 0 87 123 214 139 238 57 87 11 170 180
    251 133 157 27 136 195 237 206 142 171 38 1 137 47 118 144 130 149
    212 196 25 96 51 45 71 25 49 63 0 104 255 160 4 70 121 228 11 146
    235 137 126 3 241 242 187 56 132 35 253 42 181 142 31 103 103 113
    166 219 238 93 180 6 24 86 240 133 234 8 23 163 129 212 208 170 112
    226 59 80 183 193 28 42 74 55 224 5 236 15 48 100 59 141 207 16 81
    179 101 54 144 142 141 29 105 63 217 175 122 136 129 81 176 130 98
    183 127 213 188 58 193 74 6 150 143 8 156 225 151 224 19 92 223 47
    145 176 204 41 90 52 98 228 27 126 195 32 75 13 132 239 225 4 135
    121 211 110 203 9 55 209 147 49 93 241 182 231 221 221 114 122 30
    187 94 198 190 129 47 245 191 110 38 177 178 235 23 255 59 35 172 83
    54 135 60 161 249 163 20 156 252 65 217 66 40 172 95 149 208 54 251
    51 60 63 12 188 96 232 26 247 197 160 228 244 7 183 52 83 7 250 9 99
    191 36 125 90 114 124 36 97 219 149 90 79 172 241 149 136 226 91 152
    184 176 16 141 50 204 4 72 213 104 64 228 45 242 79 61 120 198 48 94
    177 201 164 221 159 230 84 216 230 3 144 232 252 232 131 94 9 167
    201 11 22 50 87 160 220 187 158 170 154 150 121 3 20 117 87 13 242
    244 251 138 142 46 15 162 156 58 81 191 160 115 97 12 9 116 107 89
    35 124 74 94 208 158 61 72 49 37 114 151 224 251 243 243 117 138 235
    112 255 106 26 215 190 238 169 104 203 167 79 111 134 152 115 127
    115 129 106 115 1 18 29 113 78 216 67 127 103 200 46 110 128 229 21
    250 71 17</data></test_img>
<my_img type_id="opencv-matrix">
  <rows>50</rows>
  <cols>100</cols>
  <dt>u</dt>
  <data>
    171 211 103 140 113 46 205 41 87 220 239 104 14 95 134 133 160 121
    54 136 15 220 4 211 131 229 17 83 34 149 82 90 54 225 209 106 217 11
    43 106 160 38 64 85 101 95 197 11 34 10 32 110 222 169 243 42 250
    202 161 48 232 74 253 196 83 108 29 4 90 123 125 89 74 37 190 148
    227 202 214 139 84 190 243 236 201 159 102 66 227 196 10 56 155 85
    208 246 30 152 187 164 219 122 224 105 209 2 235 245 98 157 95 13
    136 154 47 25 124 145 14 57 1 253 196 226 162 130 28 124 162 187 102
    209 233 83 203 125 42 193 202 180 162 232 240 43 76 235 142 192 158
    215 227 124 200 167 228 215 20 139 36 95 29 34 125 68 171 129 122
    234 4 96 109 92 162 8 196 76 5 212 125 56 128 33 148 45 55 177 5 134
    176 250 124 128 205 141 26 13 84 180 235 193 65 127 82 135 66 118
    122 53 131 145 251 255 129 56 50 52 242 46 202 77 191 254 56 106 202
    240 45 53 204 9 161 48 29 242 217 105 17 184 111 71 204 27 96 41 106
    228 250 132 186 67 87 70 187 141 83 218 154 206 77 36 88 160 140 93
    199 168 92 226 231 241 147 88 231 151 174 215 11 133 78 113 254 253
    95 1 248 68 91 44 230 238 153 65 107 173 3 221 223 132 39 163 30 183
    32 57 189 111 176 160 238 74 3 81 33 173 127 12 8 198 158 190 73 156
    223 96 131 88 252 40 7 186 67 62 250 148 13 87 188 134 11 189 175
    173 60 116 85 111 236 254 122 200 236 146 109 45 1 204 149 176 233
    192 10 44 233 122 153 189 171 58 147 228 222 12 97 173 43 148 13 102
    27 93 138 3 107 128 4 26 204 79 154 7 140 207 81 85 176 158 72 179
    19 164 64 246 179 127 129 20 30 206 73 165 175 46 220 220 158 236 0
    108 7 85 152 180 130 170 73 20 206 56 239 220 52 69 174 194 103 67
    156 61 69 126 77 241 72 64 149 139 143 44 103 167 151 48 207 118 56
    177 96 163 54 182 77 22 203 31 56 178 51 141 18 59 141 188 179 79
    183 125 235 214 223 136 35 252 152 238 155 30 211 244 68 107 153 204
    250 160 158 133 151 64 96 36 148 172 120 83 29 58 38 233 78 14 12
    154 243 123 73 165 234 162 252 93 63 248 188 198 209 18 7 82 11 213
    180 202 34 189 179 62 163 232 24 53 21 197 218 25 220 24 107 168 91
    98 2 86 38 124 215 71 161 38 47 212 97 79 17 69 231 211 0 179 231
    122 205 128 194 65 252 50 10 139 237 38 230 75 243 122 50 171 52 135
    235 40 203 174 75 250 179 161 48 223 199 212 50 172 188 164 172 95
    154 4 179 209 26 172 114 26 168 31 200 182 189 215 12 44 3 165 176
    144 81 244 42 165 119 209 102 52 205 181 120 67 129 245 72 217 247
    30 247 87 127 53 30 186 206 97 108 123 79 213 59 18 66 112 244 87 0
    99 226 152 238 113 107 55 16 168 20 229 224 143 122 1 69 250 177 186
    207 142 38 143 143 69 183 226 205 208 16 236 52 29 180 143 198 253
    10 185 242 140 165 73 151 142 247 184 172 147 99 156 85 231 176 72
    99 24 241 29 161 156 179 150 212 90 62 249 132 216 222 37 235 159
    157 194 108 98 142 182 56 127 236 198 51 195 62 122 101 181 99 62
    201 54 113 241 64 233 146 166 215 81 210 162 245 231 77 191 154 222
    237 164 232 22 201 31 14 227 189 4 134 245 125 45 194 137 113 189 6
    177 144 81 235 33 75 60 214 145 250 184 8 43 81 142 209 80 40 253
    226 217 68 96 251 165 14 231 17 22 226 14 116 214 155 201 78 241 255
    88 37 122 3 42 161 15 200 57 186 164 56 153 254 122 184 213 183 215
    219 153 97 212 74 52 100 224 31 204 75 224 86 152 31 48 136 44 208
    191 72 219 124 227 99 146 102 156 8 73 148 145 224 9 171 88 80 181
    203 150 22 171 190 31 250 222 64 246 181 245 17 227 79 105 15 143 98
    73 246 218 252 29 216 85 65 110 98 67 252 15 185 31 242 29 197 30
    193 227 152 91 246 27 98 214 78 4 2 219 55 117 212 196 139 7 138 206
    106 154 98 180 82 225 239 165 216 178 155 209 242 252 79 74 30 51
    194 80 166 124 204 45 10 49 91 169 47 56 102 207 77 165 131 161 212
    156 34 71 77 162 203 190 249 66 166 1 226 107 176 200 67 22 212 142
    47 97 254 189 218 203 150 200 196 189 156 57 218 245 65 51 55 4 43
    107 97 6 141 85 235 247 196 210 41 93 92 101 201 126 28 31 12 66 230
    137 87 135 168 109 101 35 14 145 244 218 110 26 107 134 182 181 204
    144 19 133 103 92 44 182 152 88 220 75 217 82 238 234 224 101 80 60
    140 166 122 104 72 119 35 90 194 48 140 188 187 154 123 219 251 218
    133 82 8 181 132 221 81 69 47 150 229 112 101 131 213 242 156 142
    124 169 223 221 226 237 22 137 229 76 169 138 19 184 164 44 139 225
    193 172 143 48 75 14 161 203 110 197 93 152 142 177 139 34 213 106
    209 52 18 109 105 208 42 44 242 99 224 179 249 230 204 0 92 59 8 3
    22 152 177 9 144 44 27 207 105 223 33 26 21 240 100 154 178 200 75
    151 26 176 24 161 159 207 45 240 53 103 109 213 101 96 34 76 108 167
    112 164 132 117 141 26 174 120 231 41 204 140 111 147 95 107 214 72
    183 177 236 45 93 115 61 53 151 38 199 96 150 33 133 125 183 237 67
    194 235 247 229 194 84 109 234 28 111 80 166 204 252 6 55 40 190 28
    24 72 246 209 49 171 7 152 114 99 114 16 163 203 133 88 107 38 82 64
    239 204 205 140 221 198 155 127 200 11 230 142 19 82 129 173 13 203
    9 239 247 50 91 88 62 47 219 114 108 12 194 67 89 5 113 11 28 254 82
    171 137 89 204 186 50 85 110 146 67 209 222 17 3 120 84 166 228 160
    9 241 208 15 180 144 142 27 165 201 53 194 73 229 9 84 109 33 122
    165 79 200 91 194 217 232 133 186 89 25 95 18 100 173 129 106 189 32
    13 30 165 175 157 191 217 92 34 173 247 217 184 142 172 211 28 165
    148 50 182 218 207 4 54 115 137 229 255 238 224 205 50 240 136 187
    119 150 87 70 236 167 18 63 212 183 179 59 155 133 86 64 27 90 190
    63 230 240 106 81 193 115 167 59 176 99 135 56 150 208 140 241 31
    180 64 219 12 163 184 217 122 4 204 32 120 187 22 80 157 53 208 193
    197 201 6 208 243 45 45 250 75 104 235 21 21 143 227 60 144 219 54
    171 109 120 19 198 175 101 47 37 236 141 81 22 199 238 52 26 247 208
    5 31 33 115 61 67 42 142 22 113 95 170 202 146 119 47 84 29 79 116
    118 140 80 213 123 224 102 173 143 160 1 54 17 140 55 120 170 143
    224 82 187 98 151 42 152 238 208 255 248 195 129 211 253 119 71 106
    164 203 35 249 8 154 73 187 235 249 173 52 166 108 42 7 156 202 180
    242 185 124 216 243 179 226 38 46 101 122 170 246 252 239 153 179
    203 13 8 170 200 163 196 124 240 164 30 158 173 155 7 144 120 121
    100 192 254 11 62 93 143 77 125 93 33 51 58 214 107 86 92 12 107 68
    152 206 137 91 33 8 28 208 36 250 71 195 138 117 111 135 167 197 188
    31 248 55 14 193 107 197 206 144 186 212 99 69 181 222 78 18 20 139
    131 9 175 221 8 233 194 8 38 139 225 146 202 198 34 22 42 201 64 126
    87 69 32 67 16 96 234 236 181 210 85 73 119 240 30 38 69 173 148 46
    248 206 47 54 226 30 8 161 147 8 129 127 51 204 46 106 145 201 210
    165 223 40 75 22 129 188 116 163 24 236 157 57 236 10 197 3 226 91
    208 230 49 138 254 61 162 84 101 61 49 35 19 166 242 16 175 155 237
    233 45 119 143 111 69 13 36 27 148 32 23 20 98 219 19 111 227 39 79
    151 78 20 24 170 180 26 183 22 111 24 184 73 14 227 251 179 10 225
    145 43 248 60 200 131 197 151 236 157 240 163 67 106 125 122 176 68
    114 77 111 22 155 248 40 139 67 131 166 237 131 107 35 230 18 170
    222 26 108 181 238 40 220 220 124 164 2 118 213 119 137 247 251 88
    63 62 115 58 251 189 72 102 129 30 184 108 254 148 29 225 44 251 225
    186 45 58 204 39 145 135 229 21 176 16 171 153 41 126 174 216 80 141
    181 74 29 38 140 57 157 20 199 52 200 132 97 83 79 244 77 9 148 73
    32 193 76 239 113 30 87 204 136 226 161 217 187 8 180 63 216 21 122
    131 110 13 199 224 135 182 72 162 227 97 186 215 90 231 4 35 113 52
    233 137 29 129 88 227 215 27 164 149 157 208 193 47 60 11 47 59 110
    148 197 241 171 159 69 81 246 168 50 40 19 235 151 95 113 143 127
    228 130 36 246 98 212 217 77 215 130 114 106 223 142 119 57 206 17
    178 136 13 198 191 6 158 184 137 129 42 138 31 86 192 115 202 250 30
    42 62 247 197 200 80 59 136 115 125 78 249 49 160 208 93 204 67 150
    24 129 65 56 51 217 228 244 113 57 25 13 111 140 174 189 177 65 156
    151 87 120 164 118 206 76 1 179 171 33 118 195 144 209 253 207 65 85
    115 8 126 218 41 171 42 21 85 188 210 254 210 205 129 56 24 127 115
    117 33 251 91 254 80 247 102 84 166 71 186 11 60 110 176 142 228 78
    41 129 90 102 241 228 18 35 2 193 19 246 31 102 26 211 182 204 220
    174 16 5 138 231 172 156 153 217 149 44 131 109 32 96 22 140 132 133
    231 2 153 118 64 201 155 47 123 196 121 87 150 105 125 231 115 148
    141 149 77 113 124 237 11 83 168 113 177 218 176 134 194 50 65 95 17
    175 135 223 187 40 142 27 191 172 17 41 151 52 27 231 196 206 51 98
    32 245 171 60 235 159 104 104 183 74 7 242 155 75 1 65 240 149 83
    160 253 115 173 88 179 238 149 162 180 108 58 42 177 117 45 141 31
    237 99 229 185 190 15 110 102 169 221 163 137 98 215 105 247 18 36
    179 4 99 192 121 46 78 231 30 24 246 250 6 124 192 212 64 181 81 8
    84 250 87 85 50 122 251 93 32 120 36 193 220 244 225 146 197 243 195
    212 35 58 220 133 95 144 147 5 115 127 146 143 95 129 129 254 197
    104 11 21 146 39 230 45 12 210 47 243 129 210 71 133 85 123 64 59 7
    176 144 50 159 140 34 158 71 122 17 71 19 245 239 135 146 32 99 232
    135 89 165 40 224 242 59 73 223 142 168 8 139 126 211 35 247 235 211
    3 37 126 14 151 171 123 42 104 227 102 12 41 109 192 37 5 218 215
    132 229 83 200 109 229 157 241 191 106 83 211 21 46 123 131 232 225
    102 218 173 241 166 131 203 173 111 85 250 7 101 19 95 186 81 213 29
    168 53 254 64 106 103 182 245 40 174 126 251 219 19 180 92 84 171 41
    197 73 250 142 204 200 219 161 62 135 62 75 29 10 78 47 248 148 86
    190 97 138 180 144 25 234 2 55 114 138 30 167 60 240 33 14 162 141
    13 142 224 142 218 162 65 131 215 138 227 93 107 31 112 184 131 253
    242 230 8 73 51 61 44 206 117 47 108 60 36 159 196 128 48 215 46 229
    86 231 149 199 101 72 93 224 78 76 43 3 83 27 126 220 104 2 207 92
    237 74 41 23 52 33 56 130 234 13 182 190 105 92 103 253 98 105 158
    109 2 67 230 55 254 6 78 211 40 103 119 108 73 104 78 89 34 213 137
    154 51 139 198 16 44 243 254 171 233 1 22 244 53 71 55 179 226 200
    34 178 52 14 220 227 229 209 171 236 38 209 72 30 75 34 170 155 25
    37 238 125 162 184 53 221 166 7 146 136 91 131 255 11 53 249 208 45
    191 225 81 197 174 27 155 238 220 191 228 87 244 69 177 179 197 236
    113 143 229 196 107 59 75 114 131 78 238 245 32 210 192 108 25 86 38
    117 16 193 103 56 202 223 64 200 70 86 124 226 247 217 165 186 115
    192 255 87 34 237 51 38 175 233 167 58 145 133 95 154 222 45 127 146
    59 250 56 243 77 78 44 173 239 172 64 127 206 5 250 83 156 109 211
    70 98 122 133 184 132 125 17 238 171 244 133 85 120 176 233 103 53
    217 110 131 213 158 206 31 104 64 179 75 206 28 248 109 130 101 216
    24 78 220 85 253 63 142 214 248 4 211 142 176 7 65 120 224 38 83 199
    185 233 3 246 114 159 197 77 195 189 170 81 231 177 251 101 49 149
    243 93 137 209 107 135 31 199 28 6 230 1 124 195 21 189 44 91 115 3
    124 103 157 115 23 191 35 204 229 210 204 189 21 6 179 23 115 208
    151 80 5 50 142 164 191 158 51 86 128 195 88 9 143 132 251 127 142
    131 219 106 213 140 86 157 195 6 224 5 56 122 237 7 37 233 4 127 90
    111 37 28 185 92 216 165 58 100 35 78 65 98 56 9 135 200 120 168 151
    121 160 14 215 252 66 184 122 78 193 161 153 218 255 64 6 166 231 88
    120 236 35 63 69 145 252 215 9 67 73 44 156 82 137 146 207 200 116
    180 182 160 231 17 42 177 154 38 217 197 118 222 38 237 103 207 131
    4 65 99 255 37 159 111 17 92 7 33 93 41 75 175 105 227 216 79 124
    180 61 87 106 226 38 29 236 54 195 232 100 75 58 219 178 202 176 60
    39 208 8 184 15 255 5 5 63 209 11 20 101 65 97 47 52 114 207 193 89
    82 37 233 59 246 253 140 146 71 132 114 211 108 187 22 163 77 245
    239 233 105 104 33 205 39 254 213 173 40 141 52 75 79 147 215 124
    183 67 161 9 170 80 235 239 67 168 164 147 57 19 229 11 243 218 148
    143 23 99 210 129 47 133 110 164 212 85 71 246 29 30 156 82 29 119
    159 80 152 252 171 43 89 200 246 210 88 154 16 65 228 252 247 20 7
    254 236 208 136 88 179 151 179 180 245 171 248 114 235 203 98 181 31
    74 250 205 217 224 22 47 97 137 58 100 172 173 74 7 89 175 75 187
    124 245 58 114 44 175 45 48 33 18 233 98 102 133 135 200 128 178 225
    226 108 233 220 210 117 180 124 152 164 131 237 187 232 32 106 10
    191 160 51 2 124 136 70 173 47 64 132 140 23 151 22 46 237 115 115
    90 155 19 177 164 69 89 124 20 188 69 200 109 108 49 149 135 192 221
    4 170 240 223 243 93 228 167 152 120 24 157 131 75 14 51 76 127 251
    2 141 110 7 94 121 118 203 86 255 90 61 177 198 20 222 185 42 110
    202 190 187 220 156 244 50 146 99 35 15 146 239 58 105 186 217 142
    90 144 149 152 242 188 86 13 34 163 248 148 218 212 39 115 115 155
    71 149 116 157 43 84 2 182 86 82 183 92 27 95 27 49 7 129 175 109
    140 149 250 14 34 37 96 130 49 60 240 220 183 160 152 33 11 227 121
    94 195 11 195 173 104 186 24 253 59 175 94 83 44 154 63 73 220 93 99
    199 5 53 22 80 38 250 164 66 66 201 89 177 1 249 12 99 183 1 7 206
    226 237 5 214 235 125 161 233 227 136 96 8 251 103 34 38 100 231 77
    233 72 66 211 206 26 47 249 222 209 102 67 200 133 85 234 102 185 31
    188 135 253 194 169 69 242 172 154 185 232 198 94 66 164 229 213 31
    204 151 52 149 169 93 225 71 150 113 16 228 27 68 46 2 252 84 158
    171 226 111 35 175 10 39 37 55 170 222 28 164 169 29 109 128 124 162
    102 220 29 206 229 229 16 68 140 128 203 100 172 98 30 39 83 120 104
    147 108 233 15 8 108 14 92 39 153 133 164 3 223 209 252 132 170 109
    154 61 22 17 151 104 241 72 91 31 217 111 161 245 152 166 107 37 91
    248 191 55 26 170 77 43 149 220 187 197 38 186 67 132 10 102 213 143
    235 60 117 60 151 89 238 60 29 175 113 202 161 14 144 152 222 207
    118 103 225 220 61 151 84 94 137 140 254 139 45 198 122 145 180 102
    67 14 131 148 184 210 187 73 184 32 245 166 2 231 200 20 155 220 144
    170 141 60 124 176 164 120 28 216 249 134 92 78 221 222 53 171 123
    16 17 205 233 53 204 95 229 145 80 228 174 202 18 17 124 67 27 51
    120 252 96 204 168 65 202 187 242 206 90 51 118 90 51 88 135 92 159
    129 182 47 244 104 118 86 161 188 214 21 59 124 150 163 85 26 158
    101 253 47 233 141 157 9 120 2 233 32 168 131 230 74 11 254 75 117
    218 27 47 254 115 222 89 172 200 38 129 124 233 113 140 220 138 194
    13 235 180 116 224 68 74 113 28 50 100 75 138 250 116 226 59 167 111
    106 102 70 8 154 152 19 238 3 211 18 201 43 27 79 83 248 76 222 60
    58 95 205 11 35 184 16 220 179 180 2 209 186 37 247 138 137 217 159
    39 128 79 215 36 104 69 20 107 81 162 243 253 208 208 14 245 146 126
    199 38 114 111 78 45 43 77 210 28 121 216 146 69 99 29 45 27 161 234
    244 232 95 220 70 160 103 74 69 207 244 17 64 151 217 129 124 67 39
    130 38 136 16 126 224 70 220 32 124 159 98 99 109 182 232 132 122
    109 214 12 46 206 158 14 151 191 180 85 95 87 125 187 243 120 44 167
    131 139 31 156 232 149 136 43 97 202 203 192 119 131 79 71 113 80 48
    230 237 134 244 53 33 185 69 87 13 61 194 26 198 144 6 28 8 5 235 44
    5 151 69 188 72 161 232 113 19 45 191 144 77 172 8 132 184 140 72 14
    82 191 145 254 231 0 182 225 183 151 42 43 35 230 62 161 134 121 237
    83 10 109 156 113 7 246 31 197 90 252 72 209 251 110 190 111 51 237
    18 69 154 35 97 56 47 98 113 250 10 19 163 137 76 118 13 195 203 17
    114 21 78 137 112 185 167 87 124 50 249 240 172 28 198 169 45 182
    212 214 248 121 119 184 161 237 48 125 55 246 78 245 211 72 60 119
    25 173 82 58 126 90 242 132 133 203 6 120 239 20 159 191 154 139 132
    36 148 144 225 243 196 83 142 217 147 248 174 243 21 78 27 150 246 2
    188 231 11 222 150 94 56 113 47 55 4 167 36 249 220 177 132 23 204
    56 180 18 7 123 3 30 226 187 146 165 122 138 28 128 241 187 63 239
    38 233 181 50 204 200 159 108 56 132 69 68 14 130 246 191 39 190 146
    167 113 216 3 153 145 205 40 213 124 183 39 190 126 109 186 223 3
    144 7 144 159 200 173 190 78 80 43 154 239 221 216 209 111 58 157
    203 227 65 140 118 241 22 69 195 159 82 214 232 251 254 206 20 171
    77 63 166 175 215 196 210 248 150 96 152 157 174 146 129 27 214 167
    109 112 252 165 134 132 234 0 125 165 88 200 85 56 28 238 245 141 21
    46 53 150 238 80 186 167 35 233 205 166 130 170 118 15 35 182 81 6
    188 111 60 162 87 202 246 90 71 68 159 174 183 185 78 87 11 141 67
    128 126 165 141 212 205 99 235 90 107 6 91 138 247 44 137 47 203 182
    178 198 163 77 185 177 76 101 14 94 138 221 199 119 116 65 166 136
    172 177 129 145 232 89 157 180 100 230 27 85 154 211 240 94 0 236
    170 108 252 6 2 200 146 54 44 218 88 20 182 62 151 173 51 242 173 23
    31 175 87 220 207 51 189 187 142 147 9 158 238 115 111 118 189 249 1
    107 240 35 4 242 49 160 227 205 96 36 150 224 155 9 54 145 33 96 193
    240 18 210 169 92 143 28 196 86 188 223 192 35 215 232 117 127 112
    240 58 75 68 125 114 226 48 234 153 27 2 177 250 150 129 160 128 114
    158 101 63 65 157 7 177 145 107 149 196 93 124 201 18 170 63 123 24
    249 17 125 11 52 116 218 140 170 167 104 255 118 203 89 238 153 52
    231 98 100 58 40 87 6 108 171 148 107 23 119 211 135 43 53 76 20 163
    49 213 132 123 211 81 213 190 63 15 174 245 13 221 64 106 41 29 117
    40 209 35 250 42 227 177 73 217 191 178 53 213 252 9 239 239 180 167
    247 51 91 35 126 91 18 91 99 104 100 94 64 178 247 116 218 90 228
    148 103 197 32 29 214 160 89 188 237 255 155 5 254 28 9 214 105 223
    131 26 60 40 241 138 124 23 117 208 235 228 231 218 100 222 143 2
    110 53 130 43 35 162 77 198 0 200 137 189 228 30 6 168 228 200 23 32
    88 141 169 102 82 138 15 188 146 201 212 56 72 244 142 67 112 152
    225 0 87 123 214 139 238 57 87 11 170 180 251 133 157 27 136 195 237
    206 142 171 38 1 137 47 118 144 130 149 212 196 25 96 51 45 71 25 49
    63 0 104 255 160 4 70 121 228 11 146 235 137 126 3 241 242 187 56
    132 35 253 42 181 142 31 103 103 113 166 219 238 93 180 6 24 86 240
    133 234 8 23 163 129 212 208 170 112 226 59 80 183 193 28 42 74 55
    224 5 236 15 48 100 59 141 207 16 81 179 101 54 144 142 141 29 105
    63 217 175 122 136 129 81 176 130 98 183 127 213 188 58 193 74 6 150
    143 8 156 225 151 224 19 92 223 47 145 176 204 41 90 52 98 228 27
    126 195 32 75 13 132 239 225 4 135 121 211 110 203 9 55 209 147 49
    93 241 182 231 221 221 114 122 30 187 94 198 190 129 47 245 191 110
    38 177 178 235 23 255 59 35 172 83 54 135 60 161 249 163 20 156 252
    65 217 66 40 172 95 149 208 54 251 51 60 63 12 188 96 232 26 247 197
    160 228 244 7 183 52 83 7 250 9 99 191 36 125 90 114 124 36 97 219
    149 90 79 172 241 149 136 226 91 152 184 176 16 141 50 204 4 72 213
    104 64 228 45 242 79 61 120 198 48 94 177 201 164 221 159 230 84 216
    230 3 144 232 252 232 131 94 9 167 201 11 22 50 87 160 220 187 158
    170 154 150 121 3 20 117 87 13 242 244 251 138 142 46 15 162 156 58
    81 191 160 115 97 12 9 116 107 89 35 124 74 94 208 158 61 72 49 37
    114 151 224 251 243 243 117 138 235 112 255 106 26 215 190 238 169
    104 203 167 79 111 134 152 115 127 115 129 106 115 1 18 29 113 78
    216 67 127 103 200 46 110 128 229 21 250 71 17</data></my_img>
<your_img type_id="opencv-matrix">
  <rows>50</rows>
  <cols>100</cols>
  <dt>u</dt>
  <data>
    171 211 103 140 113 46 205 41 87 220 239 104 14 95 134 133 160 121
    54 136 15 220 4 211 131 229 17 83 34 149 82 90 54 225 209 106 217 11
    43 106 160 38 64 85 101 95 197 11 34 10 32 110 222 169 243 42 250
    202 161 48 232 74 253 196 83 108 29 4 90 123 125 89 74 37 190 148
    227 202 214 139 84 190 243 236 201 159 102 66 227 196 10 56 155 85
    208 246 30 152 187 164 219 122 224 105 209 2 235 245 98 157 95 13
    136 154 47 25 124 145 14 57 1 253 196 226 162 130 28 124 162 187 102
    209 233 83 203 125 42 193 202 180 162 232 240 43 76 235 142 192 158
    215 227 124 200 167 228 215 20 139 36 95 29 34 125 68 171 129 122
    234 4 96 109 92 162 8 196 76 5 212 125 56 128 33 148 45 55 177 5 134
    176 250 124 128 205 141 26 13 84 180 235 193 65 127 82 135 66 118
    122 53 131 145 251 255 129 56 50 52 242 46 202 77 191 254 56 106 202
    240 45 53 204 9 161 48 29 242 217 105 17 184 111 71 204 27 96 41 106
    228 250 132 186 67 87 70 187 141 83 218 154 206 77 36 88 160 140 93
    199 168 92 226 231 241 147 88 231 151 174 215 11 133 78 113 254 253
    95 1 248 68 91 44 230 238 153 65 107 173 3 221 223 132 39 163 30 183
    32 57 189 111 176 160 238 74 3 81 33 173 127 12 8 198 158 190 73 156
    223 96 131 88 252 40 7 186 67 62 250 148 13 87 188 134 11 189 175
    173 60 116 85 111 236 254 122 200 236 146 109 45 1 204 149 176 233
    192 10 44 233 122 153 189 171 58 147 228 222 12 97 173 43 148 13 102
    27 93 138 3 107 128 4 26 204 79 154 7 140 207 81 85 176 158 72 179
    19 164 64 246 179 127 129 20 30 206 73 165 175 46 220 220 158 236 0
    108 7 85 152 180 130 170 73 20 206 56 239 220 52 69 174 194 103 67
    156 61 69 126 77 241 72 64 149 139 143 44 103 167 151 48 207 118 56
    177 96 163 54 182 77 22 203 31 56 178 51 141 18 59 141 188 179 79
    183 125 235 214 223 136 35 252 152 238 155 30 211 244 68 107 153 204
    250 160 158 133 151 64 96 36 148 172 120 83 29 58 38 233 78 14 12
    154 243 123 73 165 234 162 252 93 63 248 188 198 209 18 7 82 11 213
    180 202 34 189 179 62 163 232 24 53 21 197 218 25 220 24 107 168 91
    98 2 86 38 124 215 71 161 38 47 212 97 79 17 69 231 211 0 179 231
    122 205 128 194 65 252 50 10 139 237 38 230 75 243 122 50 171 52 135
    235 40 203 174 75 250 179 161 48 223 199 212 50 172 188 164 172 95
    154 4 179 209 26 172 114 26 168 31 200 182 189 215 12 44 3 165 176
    144 81 244 42 165 119 209 102 52 205 181 120 67 129 245 72 217 247
    30 247 87 127 53 30 186 206 97 108 123 79 213 59 18 66 112 244 87 0
    99 226 152 238 113 107 55 16 168 20 229 224 143 122 1 69 250 177 186
    207 142 38 143 143 69 183 226 205 208 16 236 52 29 180 143 198 253
    10 185 242 140 165 73 151 142 247 184 172 147 99 156 85 231 176 72
    99 24 241 29 161 156 179 150 212 90 62 249 132 216 222 37 235 159
    157 194 108 98 142 182 56 127 236 198 51 195 62 122 101 181 99 62
    201 54 113 241 64 233 146 166 215 81 210 162 245 231 77 191 154 222
    237 164 232 22 201 31 14 227 189 4 134 245 125 45 194 137 113 189 6
    177 144 81 235 33 75 60 214 145 250 184 8 43 81 142 209 80 40 253
    226 217 68 96 251 165 14 231 17 22 226 14 116 214 155 201 78 241 255
    88 37 122 3 42 161 15 200 57 186 164 56 153 254 122 184 213 183 215
    219 153 97 212 74 52 100 224 31 204 75 224 86 152 31 48 136 44 208
    191 72 219 124 227 99 146 102 156 8 73 148 145 224 9 171 88 80 181
    203 150 22 171 190 31 250 222 64 246 181 245 17 227 79 105 15 143 98
    73 246 218 252 29 216 85 65 110 98 67 252 15 185 31 242 29 197 30
    193 227 152 91 246 27 98 214 78 4 2 219 55 117 212 196 139 7 138 206
    106 154 98 180 82 225 239 165 216 178 155 209 242 252 79 74 30 51
    194 80 166 124 204 45 10 49 91 169 47 56 102 207 77 165 131 161 212
    156 34 71 77 162 203 190 249 66 166 1 226 107 176 200 67 22 212 142
    47 97 254 189 218 203 150 200 196 189 156 57 218 245 65 51 55 4 43
    107 97 6 141 85 235 247 196 210 41 93 92 101 201 126 28 31 12 66 230
    137 87 135 168 109 101 35 14 145 244 218 110 26 107 134 182 181 204
    144 19 133 103 92 44 182 152 88 220 75 217 82 238 234 224 101 80 60
    140 166 122 104 72 119 35 90 194 48 140 188 187 154 123 219 251 218
    133 82 8 181 132 221 81 69 47 150 229 112 101 131 213 242 156 142
    124 169 223 221 226 237 22 137 229 76 169 138 19 184 164 44 139 225
    193 172 143 48 75 14 161 203 110 197 93 152 142 177 139 34 213 106
    209 52 18 109 105 208 42 44 242 99 224 179 249 230 204 0 92 59 8 3
    22 152 177 9 144 44 27 207 105 223 33 26 21 240 100 154 178 200 75
    151 26 176 24 161 159 207 45 240 53 103 109 213 101 96 34 76 108 167
    112 164 132 117 141 26 25 25 24 24 24 24 23 22 22 23 23 24 23 24 25
    26 26 24 23 23 22 22 21 20 20 20 19 19 19 18 19 19 20 20 20 20 19 18
    18 17 17 16 17 18 20 20 20 20 21 22 22 21 22 23 24 24 25 27 26 26 27
    26 26 26 26 26 27 26 27 24 25 26 26 25 26 26 155 127 200 11 230 142
    19 82 129 173 13 203 9 239 247 50 91 88 62 47 219 114 108 12 25 24
    24 23 24 24 22 22 22 22 22 22 22 22 24 24 24 23 22 22 21 21 20 19 19
    18 18 18 18 17 18 18 18 19 20 19 18 18 18 17 17 16 17 18 20 20 20 20
    21 22 22 22 24 24 26 25 26 28 27 27 27 27 27 27 27 27 27 27 28 26 26
    27 27 26 27 27 247 217 184 142 172 211 28 165 148 50 182 218 207 4
    54 115 137 229 255 238 224 205 50 240 24 24 23 23 24 24 23 22 22 22
    22 22 22 23 24 25 24 23 22 22 21 21 20 19 19 19 18 19 18 17 18 18 18
    20 20 19 18 18 18 17 17 16 18 18 20 20 20 20 21 22 22 22 22 23 24 24
    25 27 26 26 26 26 26 25 25 25 26 25 26 24 24 25 25 24 25 25 54 171
    109 120 19 198 175 101 47 37 236 141 81 22 199 238 52 26 247 208 5
    31 33 115 25 24 23 23 24 24 22 22 22 22 22 22 21 22 24 24 24 22 21
    21 20 20 20 18 18 18 18 18 18 17 18 18 18 20 20 19 18 18 19 18 18 17
    18 19 20 21 21 21 22 23 22 22 22 23 24 24 25 27 26 25 26 25 25 24 24
    24 25 25 26 24 24 24 24 24 24 24 179 226 38 46 101 122 170 246 252
    239 153 179 203 13 8 170 200 163 196 124 240 164 30 158 25 24 23 22
    23 22 21 20 20 20 20 21 20 21 22 22 23 22 20 20 20 20 19 18 18 18 18
    18 18 17 18 18 18 20 20 20 18 19 20 19 19 18 19 20 21 22 22 22 23 23
    23 23 22 23 24 24 26 27 26 26 26 26 25 24 24 23 24 24 24 23 22 23 24
    23 24 24 202 198 34 22 42 201 64 126 87 69 32 67 16 96 234 236 181
    210 85 73 119 240 30 38 25 23 22 22 22 22 21 20 20 20 20 20 20 20 22
    22 22 22 21 21 20 20 20 18 19 19 19 19 19 18 19 19 19 20 21 20 19 19
    20 19 20 18 19 20 21 22 22 22 23 23 23 23 22 23 24 24 25 27 26 26 26
    26 26 24 24 24 24 25 26 24 24 24 25 24 25 25 19 111 227 39 79 151 78
    20 24 170 180 26 183 22 111 24 184 73 14 227 251 179 10 225 24 22 21
    21 22 21 20 20 20 20 20 22 21 22 22 23 23 22 21 22 21 20 20 18 18 18
    18 19 18 17 18 18 18 19 20 19 18 18 18 18 18 18 18 19 20 21 21 21 22
    22 22 22 22 22 23 23 24 26 25 25 25 25 25 24 24 24 24 25 26 25 24 25
    26 25 26 26 204 39 145 135 229 21 176 16 171 153 41 126 174 216 80
    141 181 74 29 38 140 57 157 20 23 21 20 20 21 20 20 19 20 20 21 22
    21 22 23 23 23 23 22 22 21 21 20 20 20 20 19 20 19 18 19 19 19 20 20
    19 18 18 18 18 18 17 18 19 20 21 21 21 21 22 21 22 21 21 22 22 23 25
    25 24 24 24 24 24 24 23 24 25 25 24 23 24 25 25 26 26 246 168 50 40
    19 235 151 95 113 143 127 228 130 36 246 98 212 217 77 215 130 114
    106 223 23 22 20 20 21 21 20 20 20 21 21 23 22 22 23 24 24 23 22 22
    22 22 22 21 21 21 20 21 20 19 20 20 20 21 21 20 19 19 19 19 19 19 19
    20 22 23 23 22 23 23 23 23 22 22 23 23 24 26 25 24 24 24 24 24 24 23
    23 24 24 22 22 23 24 24 25 25 209 253 207 65 85 115 8 126 218 41 171
    42 21 85 188 210 254 210 205 129 56 24 127 115 22 20 19 20 20 20 20
    19 19 20 20 21 20 21 22 22 22 22 21 22 22 22 22 21 21 21 21 21 20 19
    20 20 21 22 22 21 20 20 20 20 20 20 21 22 23 24 24 24 24 24 24 24 23
    23 24 24 26 26 26 25 25 24 24 24 23 23 22 23 24 22 22 23 24 24 25 25
    149 77 113 124 237 11 83 168 113 177 218 176 134 194 50 65 95 17 175
    135 223 187 40 142 22 20 19 20 20 20 20 19 19 19 19 20 19 20 20 21
    21 20 20 21 21 21 21 20 20 20 20 20 19 18 18 18 20 20 21 21 20 20 20
    20 20 20 21 22 23 24 24 24 24 25 24 24 23 24 24 24 27 27 27 26 26 25
    25 24 24 24 23 23 24 22 23 24 24 24 25 25 30 24 246 250 6 124 192
    212 64 181 81 8 84 250 87 85 50 122 251 93 32 120 36 193 22 21 20 20
    21 21 20 20 20 20 20 22 20 21 22 22 22 21 20 22 21 21 21 20 20 20 20
    20 19 18 19 19 20 21 21 20 19 20 20 19 20 19 21 22 23 24 24 24 25 25
    25 25 24 24 24 24 27 27 27 27 27 26 26 25 25 24 24 24 24 23 23 24 24
    24 25 25 139 126 211 35 247 235 211 3 37 126 14 151 171 123 42 104
    227 102 12 41 109 192 37 5 23 21 20 21 22 22 21 20 20 20 20 21 20 20
    21 22 22 21 20 22 22 22 21 20 20 21 20 20 19 18 19 19 20 22 22 21 20
    21 21 20 20 20 22 22 22 23 23 23 23 24 23 24 22 23 23 23 25 25 24 24
    24 24 23 23 23 22 22 22 23 22 22 23 24 24 24 24 86 190 97 138 180
    144 25 234 2 55 114 138 30 167 60 240 33 14 162 141 13 142 224 142
    24 22 22 22 23 23 22 21 20 20 20 22 20 21 22 22 22 21 20 22 22 22 22
    21 21 21 20 20 20 18 19 19 21 22 22 22 21 21 21 21 21 21 23 24 23 24
    24 24 24 24 24 24 23 23 24 24 26 26 26 25 25 25 24 24 24 23 22 22 23
    22 22 23 24 24 24 24 230 55 254 6 78 211 40 103 119 108 73 104 78 89
    34 213 137 154 51 139 198 16 44 243 23 22 21 21 22 22 21 20 20 19 18
    20 19 20 20 20 20 20 19 20 21 21 20 20 20 20 19 19 18 17 18 18 20 20
    22 21 20 21 21 20 21 21 23 24 24 24 23 23 24 24 23 24 23 23 24 24 25
    26 25 25 25 25 24 24 23 23 22 22 22 22 22 23 24 24 24 24 131 78 238
    245 32 210 192 108 25 86 38 117 16 193 103 56 202 223 64 200 70 86
    124 226 23 22 22 22 23 24 22 22 21 21 20 21 20 22 22 22 22 22 21 22
    23 23 23 22 22 22 21 21 20 19 19 19 21 22 23 22 21 22 21 21 21 21 23
    24 23 24 23 23 23 23 23 23 22 23 23 24 25 25 24 24 24 24 23 23 23 23
    22 22 22 22 22 22 23 24 24 24 130 101 216 24 78 220 85 253 63 142
    214 248 4 211 142 176 7 65 120 224 38 83 199 185 23 22 22 23 23 24
    22 22 21 20 20 21 20 21 22 22 21 21 20 22 22 22 22 21 21 22 20 20 19
    18 18 19 21 22 23 22 21 22 21 21 21 22 24 24 24 24 24 23 24 24 23 24
    23 24 24 24 25 25 24 24 24 24 24 24 23 23 22 22 23 23 23 24 24 25 26
    26 106 213 140 86 157 195 6 224 5 56 122 237 7 37 233 4 127 90 111
    37 28 185 92 216 23 22 22 23 23 23 22 21 20 20 19 20 19 20 21 21 21
    21 20 21 22 22 22 21 21 22 20 20 19 18 18 19 21 22 23 22 22 22 22 22
    22 22 24 24 24 24 24 24 24 24 23 24 23 23 23 23 24 24 22 22 22 23 22
    22 22 22 21 21 21 21 21 22 23 23 25 25 111 17 92 7 33 93 41 75 175
    105 227 216 79 124 180 61 87 106 226 38 29 236 54 195 22 22 22 22 23
    23 22 21 20 20 19 20 19 20 21 21 21 21 20 21 22 22 22 22 22 22 21 20
    20 18 18 19 21 22 23 22 22 22 22 22 22 23 24 24 24 24 23 23 23 22 22
    23 22 23 23 22 24 23 22 22 22 22 21 21 20 20 19 19 20 20 20 21 21 22
    23 24 164 147 57 19 229 11 243 218 148 143 23 99 210 129 47 133 110
    164 212 85 71 246 29 30 21 21 22 22 23 24 22 22 21 21 20 22 21 22 22
    23 22 23 22 23 24 24 23 23 23 23 22 21 20 19 19 20 22 23 23 22 22 22
    22 22 23 24 24 25 24 24 24 24 24 23 23 24 24 24 24 23 24 24 23 23 23
    23 22 22 21 20 20 20 20 20 21 21 21 22 23 24 128 178 225 226 108 233
    220 210 117 180 124 152 164 131 237 187 232 32 106 10 191 160 51 2
    21 21 22 22 23 24 22 22 22 22 21 22 22 22 23 24 24 24 23 24 25 24 24
    24 24 24 22 22 21 20 20 21 22 23 23 22 22 22 22 22 23 23 24 25 24 24
    24 24 24 24 24 25 24 24 24 24 25 24 24 24 24 24 23 23 22 22 21 21 21
    20 21 21 22 22 23 24 156 244 50 146 99 35 15 146 239 58 105 186 217
    142 90 144 149 152 242 188 86 13 34 163 21 20 22 22 23 23 22 22 21
    21 20 21 21 22 22 23 23 24 22 24 25 24 24 25 25 25 23 22 22 21 21 22
    23 24 24 24 23 24 24 23 24 24 25 26 25 25 25 25 24 24 24 25 25 25 25
    24 26 25 24 24 25 24 23 24 23 22 22 22 22 21 22 22 22 23 24 24 66
    201 89 177 1 249 12 99 183 1 7 206 226 237 5 214 235 125 161 233 227
    136 96 8 20 20 22 22 23 23 22 22 22 21 20 21 21 22 22 22 22 22 21 23
    24 23 23 24 24 24 23 22 21 20 20 21 22 23 24 23 23 23 24 23 24 24 25
    26 26 25 25 25 24 24 24 25 24 25 25 24 26 25 24 25 25 24 24 25 24 23
    23 23 23 22 22 23 24 24 25 26 169 29 109 128 124 162 102 220 29 206
    229 229 16 68 140 128 203 100 172 98 30 39 83 120 21 21 22 22 23 23
    22 22 22 21 20 21 21 21 22 22 22 22 21 23 24 23 23 25 24 25 23 22 22
    20 20 21 23 24 24 23 24 24 24 24 26 26 27 27 27 26 26 26 24 24 24 26
    25 26 25 25 26 25 24 25 25 24 24 25 24 22 22 22 22 21 21 22 22 23 24
    24 118 103 225 220 61 151 84 94 137 140 254 139 45 198 122 145 180
    102 67 14 131 148 184 210 22 22 22 22 23 24 23 22 22 21 21 21 21 21
    21 22 22 22 21 23 24 24 24 25 25 25 24 23 22 21 21 22 23 24 24 23 24
    24 24 24 26 26 26 26 26 26 25 25 24 24 24 25 25 25 25 24 26 25 24 25
    25 24 24 24 24 22 22 22 22 21 21 22 22 22 23 23 161 188 214 21 59
    124 150 163 85 26 158 101 253 47 233 141 157 9 120 2 233 32 168 131
    23 23 24 23 24 25 24 23 23 22 22 22 22 23 23 24 24 24 23 24 24 24 24
    25 25 25 24 23 23 21 21 22 23 24 24 23 24 24 24 24 24 24 25 25 25 25
    24 24 24 24 24 25 24 25 24 24 25 25 24 25 25 24 24 24 24 22 22 23 23
    21 22 22 23 23 24 24 37 247 138 137 217 159 39 128 79 215 36 104 69
    20 107 81 162 243 253 208 208 14 245 146 126 199 38 114 111 78 45 43
    77 210 28 121 216 146 69 99 29 45 27 161 234 244 232 95 220 70 160
    103 74 69 207 244 17 64 151 217 129 124 67 39 130 38 136 16 126 224
    70 220 32 124 159 98 99 109 182 232 132 122 109 214 12 46 206 158 14
    151 191 180 85 95 87 125 187 243 120 44 167 131 139 31 156 232 149
    136 43 97 202 203 192 119 131 79 71 113 80 48 230 237 134 244 53 33
    185 69 87 13 61 194 26 198 144 6 28 8 5 235 44 5 151 69 188 72 161
    232 113 19 45 191 144 77 172 8 132 184 140 72 14 82 191 145 254 231
    0 182 225 183 151 42 43 35 230 62 161 134 121 237 83 10 109 156 113
    7 246 31 197 90 252 72 209 251 110 190 111 51 237 18 69 154 35 97 56
    47 98 113 250 10 19 163 137 76 118 13 195 203 17 114 21 78 137 112
    185 167 87 124 50 249 240 172 28 198 169 45 182 212 214 248 121 119
    184 161 237 48 125 55 246 78 245 211 72 60 119 25 173 82 58 126 90
    242 132 133 203 6 120 239 20 159 191 154 139 132 36 148 144 225 243
    196 83 142 217 147 248 174 243 21 78 27 150 246 2 188 231 11 222 150
    94 56 113 47 55 4 167 36 249 220 177 132 23 204 56 180 18 7 123 3 30
    226 187 146 165 122 138 28 128 241 187 63 239 38 233 181 50 204 200
    159 108 56 132 69 68 14 130 246 191 39 190 146 167 113 216 3 153 145
    205 40 213 124 183 39 190 126 109 186 223 3 144 7 144 159 200 173
    190 78 80 43 154 239 221 216 209 111 58 157 203 227 65 140 118 241
    22 69 195 159 82 214 232 251 254 206 20 171 77 63 166 175 215 196
    210 248 150 96 152 157 174 146 129 27 214 167 109 112 252 165 134
    132 234 0 125 165 88 200 85 56 28 238 245 141 21 46 53 150 238 80
    186 167 35 233 205 166 130 170 118 15 35 182 81 6 188 111 60 162 87
    202 246 90 71 68 159 174 183 185 78 87 11 141 67 128 126 165 141 212
    205 99 235 90 107 6 91 138 247 44 137 47 203 182 178 198 163 77 185
    177 76 101 14 94 138 221 199 119 116 65 166 136 172 177 129 145 232
    89 157 180 100 230 27 85 154 211 240 94 0 236 170 108 252 6 2 200
    146 54 44 218 88 20 182 62 151 173 51 242 173 23 31 175 87 220 207
    51 189 187 142 147 9 158 238 115 111 118 189 249 1 107 240 35 4 242
    49 160 227 205 96 36 150 224 155 9 54 145 33 96 193 240 18 210 169
    92 143 28 196 86 188 223 192 35 215 232 117 127 112 240 58 75 68 125
    114 226 48 234 153 27 2 177 250 150 129 160 128 114 158 101 63 65
    157 7 177 145 107 149 196 93 124 201 18 170 63 123 24 249 17 125 11
    52 116 218 140 170 167 104 255 118 203 89 238 153 52 231 98 100 58
    40 87 6 108 171 148 107 23 119 211 135 43 53 76 20 163 49 213 132
    123 211 81 213 190 63 15 174 245 13 221 64 106 41 29 117 40 209 35
    250 42 227 177 73 217 191 178 53 213 252 9 239 239 180 167 247 51 91
    35 126 91 18 91 99 104 100 94 64 178 247 116 218 90 228 148 103 197
    32 29 214 160 89 188 237 255 155 5 254 28 9 214 105 223 131 26 60 40
    241 138 124 23 117 208 235 228 231 218 100 222 143 2 110 53 130 43
    35 162 77 198 0 200 137 189 228 30 6 168 228 200 23 32 88 141 169
    102 82 138 15 188 146 201 212 56 72 244 142 67 112 152 225 0 87 123
    214 139 238 57 87 11 170 180 251 133 157 27 136 195 237 206 142 171
    38 1 137 47 118 144 130 149 212 196 25 96 51 45 71 25 49 63 0 104
    255 160 4 70 121 228 11 146 235 137 126 3 241 242 187 56 132 35 253
    42 181 142 31 103 103 113 166 219 238 93 180 6 24 86 240 133 234 8
    23 163 129 212 208 170 112 226 59 80 183 193 28 42 74 55 224 5 236
    15 48 100 59 141 207 16 81 179 101 54 144 142 141 29 105 63 217 175
    122 136 129 81 176 130 98 183 127 213 188 58 193 74 6 150 143 8 156
    225 151 224 19 92 223 47 145 176 204 41 90 52 98 228 27 126 195 32
    75 13 132 239 225 4 135 121 211 110 203 9 55 209 147 49 93 241 182
    231 221 221 114 122 30 187 94 198 190 129 47 245 191 110 38 177 178
    235 23 255 59 35 172 83 54 135 60 161 249 163 20 156 252 65 217 66
    40 172 95 149 208 54 251 51 60 63 12 188 96 232 26 247 197 160 228
    244 7 183 52 83 7 250 9 99 191 36 125 90 114 124 36 97 219 149 90 79
    172 241 149 136 226 91 152 184 176 16 141 50 204 4 72 213 104 64 228
    45 242 79 61 120 198 48 94 177 201 164 221 159 230 84 216 230 3 144
    232 252 232 131 94 9 167 201 11 22 50 87 160 220 187 158 170 154 150
    121 3 20 117 87 13 242 244 251 138 142 46 15 162 156 58 81 191 160
    115 97 12 9 116 107 89 35 124 74 94 208 158 61 72 49 37 114 151 224
    251 243 243 117 138 235 112 255 106 26 215 190 238 169 104 203 167
    79 111 134 152 115 127 115 129 106 115 1 18 29 113 78 216 67 127 103
    200 46 110 128 229 21 250 71 17</data></your_img>
</opencv_storage>
