<?xml version="1.0"?>
<opencv_storage>
<L2_diff>4.7696960070847283e+01</L2_diff>
<test_hist type_id="opencv-matrix">
  <rows>256</rows>
  <cols>1</cols>
  <dt>f</dt>
  <data>
    3.46677518e-03 1.40265317e-03 6.02595182e-03 5.26799820e-03
    1.34812505e-03 2.62535497e-04 1.25913997e-03 3.81625770e-03
    3.87524720e-03 1.96528900e-03 5.77251147e-03 1.39900052e-03
    6.03873795e-03 1.98280613e-04 2.19730916e-03 6.21075043e-03
    5.73827559e-03 2.45694001e-03 1.21569121e-03 2.41514039e-03
    4.37136041e-03 1.95740792e-03 5.25260903e-03 2.20536697e-03
    3.07844812e-03 2.10154918e-03 5.35236066e-03 5.79452841e-03
    2.78116227e-03 1.94057950e-03 6.89561898e-03 2.34957645e-03
    5.68027282e-03 3.58040468e-03 5.95891493e-07 5.15313027e-03
    6.60539977e-03 6.40827348e-04 1.86844135e-03 4.89828084e-03
    6.12354279e-03 2.72433716e-03 4.05362138e-04 2.69583450e-03
    6.55255560e-03 5.33157075e-03 4.48874058e-03 6.03956962e-03
    5.25803817e-03 5.18434308e-03 1.41720439e-03 2.30980892e-04
    2.58810027e-03 7.49961333e-03 4.21329821e-03 3.83386621e-03
    1.81678671e-03 7.79551803e-04 9.12375224e-04 4.24272241e-03
    7.25346012e-03 6.92620268e-03 6.76225312e-03 1.72774540e-03
    5.03230467e-03 2.38780864e-03 4.58967173e-03 4.33018431e-03
    4.89801168e-03 1.62181898e-03 7.55056366e-03 1.76046742e-03
    6.51382236e-03 1.08361244e-03 1.90285602e-04 3.92782781e-03
    7.54112890e-03 4.47965693e-04 7.42655015e-03 3.58686713e-03
    2.79177853e-04 5.47010172e-03 6.65696617e-03 5.39256632e-03
    3.95410042e-03 3.50532681e-03 1.64943771e-03 2.76410952e-03
    4.44903126e-04 5.13951806e-03 4.70171822e-03 1.97618781e-03
    5.77048771e-03 4.52392874e-03 5.29642589e-03 5.34988428e-03
    2.92698643e-03 3.14575317e-03 7.64744915e-03 5.18974150e-03
    3.53442435e-03 1.91670156e-03 5.83797973e-03 4.39138431e-03
    4.56767157e-03 2.70353514e-04 5.26915025e-03 6.15149504e-03
    1.84256153e-03 4.63520596e-03 3.08550545e-03 8.18788598e-04
    1.33782951e-03 3.64991208e-03 6.75802771e-03 9.83976526e-04
    5.14855841e-04 7.54309352e-03 2.41692038e-03 6.87899953e-03
    2.33070459e-03 5.38843032e-03 2.42761080e-03 5.84959378e-03
    3.26070096e-03 7.21253175e-03 4.66299755e-03 3.47961759e-04
    2.49544065e-03 3.76979588e-03 3.52194067e-03 4.72263293e-03
    2.91066477e-03 5.36932703e-03 4.00425540e-03 7.05045043e-03
    3.99156101e-03 6.44137850e-03 3.50312283e-03 5.73526951e-04
    1.62131980e-03 6.48279162e-03 2.39860266e-03 5.37624490e-03
    3.55514209e-03 5.41829597e-03 1.10846257e-03 4.08342946e-03
    5.96369617e-03 6.43085735e-03 2.71505676e-03 7.57403811e-03
    5.10989502e-03 2.44594645e-03 1.57596206e-03 4.36874293e-03
    3.37802712e-03 4.20100661e-03 6.04004040e-03 6.12146128e-03
    3.28271510e-03 7.24809524e-03 3.31228296e-03 2.72820797e-03
    3.06644617e-03 7.70355167e-04 5.79998037e-03 2.58890982e-03
    6.32985961e-03 9.12577263e-04 6.51108054e-03 3.49291088e-03
    6.74885605e-03 6.66464632e-03 3.84897273e-03 4.32987884e-03
    6.41274126e-03 6.80516800e-03 2.80640437e-03 2.40547257e-03
    5.12786862e-03 5.65529428e-03 6.69656973e-03 3.60921514e-03
    5.56953391e-03 7.22955912e-04 5.17769344e-03 7.03684613e-03
    4.01281333e-03 6.20722678e-03 4.15716274e-03 4.16499982e-03
    7.48244068e-03 2.22309353e-03 3.60525958e-03 2.20485986e-03
    5.76350279e-03 5.37286745e-03 1.78870047e-03 6.00383757e-03
    7.19669927e-03 7.27880374e-03 3.20849894e-03 5.69243776e-03
    6.00863062e-03 6.11005723e-03 5.47152758e-03 2.12413329e-03
    4.90692118e-03 5.83147397e-04 5.67457732e-03 4.12413711e-03
    3.77370976e-03 4.58857503e-05 1.51923089e-03 2.07101437e-03
    3.53984698e-03 4.52617416e-03 3.46999546e-03 4.42921824e-04
    6.59180246e-03 1.09640288e-03 1.12432404e-03 2.84541957e-03
    1.93954760e-03 6.31345389e-03 3.72822303e-03 4.95486711e-05
    7.36763235e-03 3.37051111e-03 3.88741447e-03 1.67617982e-03
    4.19632718e-03 3.65064666e-03 2.45759520e-03 6.85555721e-03
    3.22709064e-04 3.76514811e-03 6.87153265e-03 9.77375312e-04
    3.69149144e-03 5.55028906e-03 3.67210945e-03 3.96676594e-03
    1.13676966e-03 3.49008036e-03 6.36645872e-03 4.45333915e-03
    2.18956592e-03 4.34433250e-03 1.64187793e-03 9.89135820e-04
    5.97857963e-03 4.88677947e-03 7.11670704e-03 2.29100743e-03</data></test_hist>
<my_lkt type_id="opencv-matrix">
  <rows>256</rows>
  <cols>1</cols>
  <dt>u</dt>
  <data>
    1 1 3 4 5 5 5 6 7 8 9 10 11 11 12 13 15 16 16 17 18 18 20 20 21 22
    23 25 25 26 28 28 30 31 31 32 34 34 34 36 37 38 38 39 41 42 43 45 46
    48 48 48 49 51 52 53 53 54 54 55 57 59 61 61 62 63 64 65 67 67 69 70
    71 72 72 73 75 75 77 78 78 79 81 82 83 84 85 86 86 87 88 89 90 92 93
    94 95 96 98 99 100 101 102 104 105 105 106 108 108 110 110 111 111
    112 114 114 114 116 117 119 119 121 121 123 124 126 127 127 128 129
    130 131 132 133 134 136 137 138 139 139 140 141 142 143 144 145 146
    147 148 150 150 152 153 154 154 155 156 157 159 160 161 163 164 164
    165 165 167 167 169 169 171 172 173 175 176 177 178 180 181 181 183
    184 186 186 188 188 189 191 192 194 195 196 197 198 199 199 201 202
    203 204 206 208 208 210 211 213 214 215 216 216 217 218 219 219 220
    220 221 222 223 223 225 225 225 226 226 228 229 229 231 231 232 233
    234 235 235 237 237 238 240 240 241 242 243 244 244 245 247 248 248
    249 250 250 252 253 254 255</data></my_lkt>
<your_lkt type_id="opencv-matrix">
  <rows>256</rows>
  <cols>1</cols>
  <dt>u</dt>
  <data>
    1 1 3 4 4 5 5 6 7 7 9 9 11 11 11 13 14 15 15 16 17 18 19 19 20 21 22
    24 24 25 27 27 29 29 29 31 32 33 33 34 36 37 37 37 39 40 42 43 44 46
    46 46 47 49 50 51 51 52 52 53 55 56 58 59 60 61 62 63 64 64 66 67 68
    69 69 70 72 72 74 75 75 76 78 79 80 81 82 82 82 84 85 85 87 88 89 91
    91 92 94 96 96 97 98 100 101 101 102 104 104 105 106 106 107 108 109
    110 110 112 112 114 115 116 117 118 119 121 122 122 123 124 124 126
    126 128 129 131 132 133 134 134 135 136 137 138 139 141 141 142 144
    145 146 148 149 150 150 151 152 153 155 156 157 159 160 160 161 161
    163 164 165 165 167 168 170 171 172 173 175 177 178 178 180 181 183
    184 185 185 186 188 189 191 192 193 195 195 196 197 198 200 200 202
    204 205 206 208 209 211 212 213 214 214 216 217 218 218 218 219 219
    221 222 222 223 224 224 225 225 227 228 228 230 230 231 232 233 234
    234 236 236 237 239 239 240 242 243 244 244 245 246 247 248 249 250
    250 251 253 254 255</data></your_lkt>
</opencv_storage>
