<?xml version="1.0"?>
<opencv_storage>
<L2_diff>7.3717350215953908e-02</L2_diff>
<test_hist type_id="opencv-matrix">
  <rows>256</rows>
  <cols>1</cols>
  <dt>f</dt>
  <data>
    4.65169067e+02 7.92686768e+02 1.30901703e+02 8.17237915e+02
    7.12939636e+02 2.73986572e+02 4.27003479e+01 9.56667480e+02
    7.95244934e+02 5.92670410e+02 5.54895325e+02 7.47903503e+02
    7.07017517e+01 9.42560303e+02 6.83681580e+02 1.54768066e+02
    4.96594299e+02 3.30301453e+02 8.28353271e+02 9.70654419e+02
    8.24367737e+02 2.98513855e+02 5.33096985e+02 2.13435364e+02
    1.13635101e+02 5.35688232e+02 2.63043762e+02 7.64142761e+01
    6.31516113e+02 3.76753052e+02 8.71561401e+02 2.21275116e+02
    8.00582520e+02 2.38046326e+02 5.12531372e+02 1.47373932e+02
    6.15050781e+02 4.31366241e+02 6.70027466e+02 7.20438538e+02
    2.52129364e+02 4.75884460e+02 3.64685181e+02 4.10115479e+02
    3.50810883e+02 9.33334839e+02 7.95804443e+02 9.89943604e+02
    3.37121277e+01 1.38898132e+02 3.57810425e+02 8.56100464e+01
    7.27725403e+02 9.87263306e+02 2.75235596e+02 5.40343201e+02
    8.09161133e+02 2.83025208e+01 2.56030273e+02 5.31712341e+02
    5.79415955e+02 7.62669373e+02 2.75418823e+02 6.72864014e+02
    6.91870117e+02 4.13255615e+02 4.50496185e+02 7.58733765e+02
    1.00654388e+02 1.69082001e+02 4.02572266e+02 2.77050720e+02
    6.18500122e+02 3.63656067e+02 9.77775269e+02 3.93250977e+02
    8.43145691e+02 2.17153412e+02 6.41344360e+02 6.70806152e+02
    3.16834717e+01 7.46483521e+02 2.94852234e+02 4.21962280e+01
    8.86179199e+02 9.98773376e+02 9.54972778e+02 9.36427307e+02
    2.90750031e+02 6.68714905e+01 4.29733032e+02 4.87159241e+02
    6.69332031e+02 8.41595703e+02 2.82144775e+02 2.33925751e+02
    3.13398712e+02 8.75794189e+02 4.11623230e+01 2.21240479e+02
    6.20033936e+02 8.41288818e+02 6.76423218e+02 3.25870178e+02
    6.01550903e+02 7.95261719e+02 4.06219788e+01 9.66186279e+02
    3.24450378e+01 4.08358429e+02 3.09800415e+02 6.22336792e+02
    7.49354858e+02 3.15691284e+02 2.16739960e+02 1.92720184e+02
    7.07093201e+01 2.45032166e+02 9.39122803e+02 1.31205933e+02
    4.04859619e+01 7.10330688e+02 3.59517029e+02 1.58648865e+02
    7.96816284e+02 6.39184937e+02 9.05345703e+02 7.95332397e+02
    1.72396667e+02 1.20511475e+02 1.45328491e+02 8.11885010e+02
    3.71229065e+02 1.23076843e+02 3.18452454e+02 2.70874969e+02
    6.62226379e+02 7.50951599e+02 9.00056885e+02 4.49471771e+02
    6.74522583e+02 5.28905334e+01 2.79163818e+01 3.83605621e+02
    4.44122864e+02 3.49648926e+02 5.15824219e+02 4.64497742e+02
    3.63379883e+02 5.81108582e+02 6.59968872e+02 2.26344421e+02
    9.05899048e+02 1.27213379e+02 9.52690125e+02 2.05152710e+02
    1.54062592e+02 1.61157837e+01 1.00079956e+02 4.00942993e+00
    8.45630127e+02 5.09898773e+02 9.46375488e+02 3.55346436e+02
    5.23953918e+02 8.64589844e+01 3.44673950e+02 2.07488586e+02
    5.34190063e+02 2.83748291e+02 4.92492737e+02 1.48391418e+01
    4.00602722e+01 5.99167053e+02 8.01083252e+02 2.76902161e+02
    6.67200317e+02 6.87372253e+02 1.02059113e+02 8.01798950e+02
    1.54409424e+02 3.75037903e+02 2.40887207e+02 6.90700928e+02
    7.65367920e+02 6.93502075e+02 8.02461487e+02 5.26033447e+02
    9.35817810e+02 7.78239136e+02 3.81659546e+01 5.32699280e+01
    2.94640991e+02 1.94424805e+02 7.04842224e+02 8.26187744e+02
    9.57213928e+02 6.00007202e+02 2.30222626e+02 6.89503540e+02
    1.99576691e+02 9.22035828e+01 2.21030975e+02 3.68356323e+02
    9.82905273e+01 8.74427124e+02 5.18794983e+02 8.80782043e+02
    5.60043762e+02 1.26236176e+02 1.92450165e+02 9.08550110e+01
    5.75733032e+01 1.43732422e+02 3.26506714e+02 7.78575256e+02
    5.10681793e+02 8.17202209e+02 4.34069153e+02 7.35912659e+02
    9.14688416e+02 9.09245483e+02 2.66031464e+02 7.91005554e+02
    2.62660583e+02 4.43393097e+02 7.69808105e+02 9.31041260e+02
    3.30061157e+02 9.72328613e+02 1.55628510e+02 6.23079590e+02
    2.56279144e+02 6.78850525e+02 3.43681641e+02 1.06702606e+02
    5.25745850e+02 2.00729370e+01 4.40071533e+02 4.06702576e+02
    2.31363220e+01 1.61562469e+02 6.83930725e+02 9.62888367e+02
    2.46864349e+02 3.28351013e+02 7.86254578e+02 5.90511292e+02
    4.25014130e+02 1.69187317e+01 6.06395325e+02 6.82143005e+02
    9.45089722e+00 4.03251160e+02 2.19683655e+02 2.89182678e+02</data></test_hist>
<my_hist type_id="opencv-matrix">
  <rows>256</rows>
  <cols>1</cols>
  <dt>f</dt>
  <data>
    3.88230477e-03 6.61577005e-03 1.09250669e-03 6.82067452e-03
    5.95019991e-03 2.28669425e-03 3.56377452e-04 7.98435416e-03
    6.63712062e-03 4.94643208e-03 4.63116076e-03 6.24200888e-03
    5.90077369e-04 7.86661636e-03 5.70601225e-03 1.29169552e-03
    4.14458010e-03 2.75669852e-03 6.91344310e-03 8.10108986e-03
    6.88017998e-03 2.49139918e-03 4.44923155e-03 1.78133324e-03
    9.48399480e-04 4.47085826e-03 2.19536549e-03 6.37754158e-04
    5.27063850e-03 3.14438413e-03 7.27405865e-03 1.84676389e-03
    6.68166811e-03 1.98673666e-03 4.27759113e-03 1.22998399e-03
    5.13321860e-03 3.60018620e-03 5.59205469e-03 6.01278571e-03
    2.10427376e-03 3.97173548e-03 3.04366555e-03 3.42282723e-03
    2.92787049e-03 7.78962020e-03 6.64179027e-03 8.26207735e-03
    2.81361688e-04 1.15924492e-03 2.98628863e-03 7.14502123e-04
    6.07360201e-03 8.23970791e-03 2.29711854e-03 4.50970884e-03
    6.75326539e-03 2.36213062e-04 2.13683071e-03 4.43767570e-03
    4.83581005e-03 6.36524474e-03 2.29864777e-03 5.61572844e-03
    5.77435363e-03 3.44903464e-03 3.75984493e-03 6.33239839e-03
    8.40062334e-04 1.41115976e-03 3.35987145e-03 2.31226766e-03
    5.16200718e-03 3.03507643e-03 8.16052034e-03 3.28207575e-03
    7.03690061e-03 1.81236409e-03 5.35266520e-03 5.59855346e-03
    2.64430506e-04 6.23015733e-03 2.46083923e-03 3.52170056e-04
    7.39605865e-03 8.33577104e-03 7.97021016e-03 7.81542994e-03
    2.42660218e-03 5.58110012e-04 3.58655537e-03 4.06583492e-03
    5.58625069e-03 7.02396454e-03 2.35478254e-03 1.95234618e-03
    2.61562830e-03 7.30938558e-03 3.43541091e-04 1.84647483e-03
    5.17480820e-03 7.02140341e-03 5.64543391e-03 2.71971524e-03
    5.02054859e-03 6.63726078e-03 3.39031365e-04 8.06379877e-03
    2.70786550e-04 3.40816285e-03 2.58559687e-03 5.19402791e-03
    6.25412166e-03 2.63476209e-03 1.80891342e-03 1.60844426e-03
    5.90140582e-04 2.04504048e-03 7.83792697e-03 1.09504582e-03
    3.37896170e-04 5.92842558e-03 3.00053204e-03 1.32408470e-03
    6.65023504e-03 5.33464272e-03 7.55602261e-03 6.63785078e-03
    1.43882399e-03 1.00578973e-03 1.21291273e-03 6.77599898e-03
    3.09828087e-03 1.02720037e-03 2.65780673e-03 2.26072478e-03
    5.52694686e-03 6.26744796e-03 7.51188211e-03 3.75129515e-03
    5.62957115e-03 4.41424811e-04 2.32990351e-04 3.20157572e-03
    3.70665314e-03 2.91817286e-03 4.30507306e-03 3.87670193e-03
    3.03277140e-03 4.84993681e-03 5.50810574e-03 1.88907236e-03
    7.56064104e-03 1.06172392e-03 7.95115996e-03 1.71220617e-03
    1.28580770e-03 1.34502465e-04 8.35268118e-04 3.34627366e-05
    7.05763604e-03 4.25561937e-03 7.89845735e-03 2.96572433e-03
    4.37292363e-03 7.21587392e-04 2.87665171e-03 1.73170143e-03
    4.45835479e-03 2.36816565e-03 4.11034841e-03 1.23847596e-04
    3.34343349e-04 5.00065321e-03 6.68584742e-03 2.31102761e-03
    5.56845916e-03 5.73681435e-03 8.51786172e-04 6.69182045e-03
    1.28870236e-03 3.13006947e-03 2.01044651e-03 5.76459570e-03
    6.38776692e-03 5.78797376e-03 6.69735018e-03 4.39027930e-03
    7.81034306e-03 6.49519032e-03 3.18533363e-04 4.44591249e-04
    2.45907600e-03 1.62267103e-03 5.88261895e-03 6.89536985e-03
    7.98891485e-03 5.00766514e-03 1.92143989e-03 5.75460214e-03
    1.66566868e-03 7.69531878e-04 1.84472627e-03 3.07430490e-03
    8.20333546e-04 7.29797594e-03 4.32986720e-03 7.35101430e-03
    4.67412965e-03 1.05356809e-03 1.60619069e-03 7.58276670e-04
    4.80507268e-04 1.19959202e-03 2.72502773e-03 6.49799546e-03
    4.26215446e-03 6.82037650e-03 3.62274470e-03 6.14193315e-03
    7.63399713e-03 7.58857001e-03 2.22030072e-03 6.60173874e-03
    2.19216733e-03 3.70056229e-03 6.42482471e-03 7.77047779e-03
    2.75469315e-03 8.11506249e-03 1.29887683e-03 5.20022726e-03
    2.13890779e-03 5.66569204e-03 2.86836969e-03 8.90540832e-04
    4.38787928e-03 1.67528895e-04 3.67284054e-03 3.39434296e-03
    1.93095926e-04 1.34840165e-03 5.70809143e-03 8.03627446e-03
    2.06033187e-03 2.74042017e-03 6.56208722e-03 4.92841192e-03
    3.54717136e-03 1.41203869e-04 5.06098010e-03 5.69317117e-03
    7.88772668e-05 3.36553738e-03 1.83348160e-03 2.41352106e-03</data></my_hist>
<your_hist type_id="opencv-matrix">
  <rows>256</rows>
  <cols>1</cols>
  <dt>f</dt>
  <data>
    0. 0. 0. 0. 0. 0. 0. 0. 0. 0. 0. 0. 0. 0. 0. 0. 0. 0. 0. 0. 0. 0. 0.
    0. 0. 0. 0. 0. 0. 0. 0. 0. 0. 0. 0. 0. 0. 0. 0. 0. 0. 0. 0. 0. 0. 0.
    0. 0. 0. 0. 0. 0. 0. 0. 0. 0. 0. 0. 0. 0. 0. 0. 0. 0. 0. 0. 0. 0. 0.
    0. 0. 0. 0. 0. 0. 0. 0. 0. 0. 0. 0. 0. 0. 0. 0. 0. 0. 0. 0. 0. 0. 0.
    0. 0. 0. 0. 0. 0. 0. 0. 0. 0. 0. 0. 0. 0. 0. 0. 0. 0. 0. 0. 0. 0. 0.
    0. 0. 0. 0. 0. 0. 0. 0. 0. 0. 0. 0. 0. 0. 0. 0. 0. 0. 0. 0. 0. 0. 0.
    0. 0. 0. 0. 0. 0. 0. 0. 0. 0. 0. 0. 0. 0. 0. 0. 0. 0. 0. 0. 0. 0. 0.
    0. 0. 0. 0. 0. 0. 0. 0. 0. 0. 0. 0. 0. 0. 0. 0. 0. 0. 0. 0. 0. 0. 0.
    0. 0. 0. 0. 0. 0. 0. 0. 0. 0. 0. 0. 0. 0. 0. 0. 0. 0. 0. 0. 0. 0. 0.
    0. 0. 0. 0. 0. 0. 0. 0. 0. 0. 0. 0. 0. 0. 0. 0. 0. 0. 0. 0. 0. 0. 0.
    0. 0. 0. 0. 0. 0. 0. 0. 0. 0. 0. 0. 0. 0. 0. 0. 0. 0. 0. 0. 0. 0. 0.
    0. 0. 0.</data></your_hist>
</opencv_storage>
