<?xml version="1.0"?>
<opencv_storage>
<g>1.7800000000000000e+00</g>
<r>1</r>
<filter-type>1</filter-type>
<circular>0</circular>
<L2_diff>1.7481303398789414e+01</L2_diff>
<test_img type_id="opencv-matrix">
  <rows>128</rows>
  <cols>256</cols>
  <dt>f</dt>
  <data>
    5.67575157e-01 1.69431210e-01 9.34907973e-01 1.68589920e-01
    1.98276877e-01 6.67884231e-01 7.55647898e-01 8.54244888e-01
    4.72085774e-01 5.59916317e-01 4.23281193e-02 2.45756179e-01
    8.72620821e-01 1.46712780e-01 7.37056434e-02 4.22530383e-01
    2.81350613e-02 3.56754392e-01 5.85642576e-01 8.29500198e-01
    9.98419046e-01 1.05140597e-01 3.65014970e-01 3.51036668e-01
    8.16544175e-01 9.58687425e-01 6.63974822e-01 2.67668486e-01
    5.38408458e-02 8.08986127e-02 5.02417445e-01 3.66295129e-01
    8.83255363e-01 2.51666903e-02 1.90665275e-01 4.59463120e-01
    2.94559300e-01 9.71162558e-01 3.23443174e-01 3.01361024e-01
    4.56329614e-01 9.53567326e-01 9.49880660e-01 1.46402210e-01
    1.52360171e-01 5.30986607e-01 9.77934957e-01 7.09154308e-02
    3.75187546e-01 7.41906404e-01 3.59240472e-02 7.90543914e-01
    4.87133354e-01 4.96759921e-01 3.51790726e-01 1.53799742e-01
    4.91621912e-01 6.53483093e-01 4.99716640e-01 5.09691834e-02
    1.01007998e-01 8.85072708e-01 3.30840766e-01 4.46624190e-01
    7.68341839e-01 8.84293199e-01 7.38984942e-01 5.42935610e-01
    8.54945183e-03 4.63139594e-01 2.47535735e-01 9.87206101e-01
    6.86196446e-01 1.21186256e-01 9.92706120e-01 1.63183272e-01
    8.34829032e-01 4.60476607e-01 9.18844163e-01 6.40793800e-01
    9.52298045e-01 1.97971880e-01 1.00136906e-01 7.37956405e-01
    9.89430666e-01 9.75492001e-01 9.08240974e-02 9.10055637e-03
    1.66921228e-01 8.97630870e-01 5.14983833e-02 5.13117969e-01
    9.22831476e-01 1.10264003e-01 1.23363495e-01 1.92016572e-01
    2.47133017e-01 6.30593359e-01 9.43190336e-01 2.65039116e-01
    2.98094690e-01 2.24924982e-01 9.37569618e-01 2.04531819e-01
    9.30651486e-01 5.10664701e-01 1.76596463e-01 7.61944294e-01
    7.40769506e-01 9.25619125e-01 1.76011264e-01 1.78774983e-01
    3.04750860e-01 5.30972838e-01 6.82026505e-01 5.69114745e-01
    8.19077611e-01 3.74314666e-01 9.29289162e-01 4.76097167e-01
    5.32345176e-02 9.15173471e-01 4.99385566e-01 6.78786755e-01
    2.14814067e-01 7.56131411e-01 5.34809828e-01 5.66967964e-01
    5.06555974e-01 3.55229080e-02 3.34315687e-01 8.38243246e-01
    1.69682503e-01 9.78117824e-01 3.12691033e-01 2.97826469e-01
    1.64998472e-02 8.34171534e-01 8.32432508e-01 8.66243482e-01
    4.40258205e-01 8.17518950e-01 6.19753957e-01 8.67215633e-01
    9.75181878e-01 8.33749413e-01 3.47515047e-01 3.60646665e-01
    9.02667224e-01 7.77729869e-01 1.29429996e-02 6.29275024e-01
    9.16905522e-01 8.76915157e-01 5.64397871e-02 4.75559920e-01
    2.64464617e-02 4.56658691e-01 8.66077900e-01 2.33942717e-01
    8.97966862e-01 4.71340388e-01 4.22675729e-01 4.56886888e-02
    8.73359203e-01 4.04155910e-01 3.25917900e-02 8.30835938e-01
    1.99895203e-01 2.76109934e-01 1.95559800e-01 1.84290379e-01
    4.55576181e-02 2.49720603e-01 3.95565212e-01 7.21817613e-02
    2.78814435e-02 1.53720677e-01 1.85111403e-01 5.49411416e-01
    4.85386103e-01 3.36348474e-01 5.24982214e-02 1.15509778e-01
    6.25725746e-01 3.55279446e-02 3.41545701e-01 9.23628330e-01
    1.41725957e-01 5.54498911e-01 1.23252273e-01 4.68797237e-01
    7.46268988e-01 2.23058730e-01 4.62330252e-01 1.70696080e-02
    2.13626564e-01 7.77884126e-01 4.82202858e-01 5.72735369e-01
    2.94119418e-01 8.48538399e-01 4.84501064e-01 9.42278028e-01
    2.49472499e-01 6.41077220e-01 3.93601418e-01 1.27677768e-01
    4.54013646e-01 1.33153796e-03 2.20224172e-01 9.72627044e-01
    8.64066780e-02 4.76787239e-01 5.50729036e-03 1.00438088e-01
    2.44304508e-01 2.38142788e-01 9.34384108e-01 5.23036957e-01
    2.49564320e-01 3.27079892e-02 3.55188906e-01 7.00550437e-01
    7.98161089e-01 6.58873439e-01 2.83195198e-01 9.64452505e-01
    2.93803275e-01 2.02194363e-01 1.73797309e-02 1.27540439e-01
    9.09503043e-01 7.99459100e-01 5.92120826e-01 6.36519074e-01
    1.77054048e-01 2.92402953e-01 8.48178983e-01 7.52658725e-01
    7.00592220e-01 5.11077702e-01 6.06978953e-01 3.12818527e-01
    3.52969766e-01 3.02838326e-01 3.44433486e-01 1.83202058e-01
    4.13775980e-01 2.49097884e-01 3.23040187e-01 9.38330293e-01
    8.61791670e-02 9.70644116e-01 4.76982176e-01 7.83006251e-02
    6.98921978e-02 2.62018859e-01 3.91109198e-01 1.69791281e-01
    6.67853355e-01 9.17551756e-01 4.44697022e-01 3.16606343e-01
    8.82206917e-01 8.76837254e-01 1.32559508e-01 8.09644818e-01
    8.40145350e-03 9.48256075e-01 1.43503845e-01 1.39979392e-01
    1.11883223e-01 1.94405466e-01 9.96774912e-01 9.16617393e-01
    6.41319096e-01 1.86225146e-01 7.34351933e-01 2.63448983e-01
    7.02272713e-01 7.69504070e-01 6.97578311e-01 3.51348251e-01
    2.82685399e-01 4.77673173e-01 8.65265250e-01 9.93737578e-02
    8.40411603e-01 5.94537795e-01 3.60437304e-01 9.72852588e-01
    3.30919325e-02 2.46893644e-01 4.08893824e-03 3.84538978e-01
    6.66514337e-01 4.70923156e-01 9.92416203e-01 4.24318880e-01
    3.71274650e-01 1.01809561e-01 3.19038391e-01 6.96268559e-01
    6.50656819e-01 5.56572258e-01 1.94129229e-01 9.33732450e-01
    9.29400802e-01 8.15629959e-01 4.25462365e-01 4.06262457e-01
    4.52972680e-01 5.20306468e-01 8.77432406e-01 5.38493335e-01
    6.95776880e-01 4.89227831e-01 6.65997148e-01 3.79366785e-01
    8.42349052e-01 6.25531375e-01 2.40097046e-02 1.36325210e-01
    7.16289282e-01 2.69309491e-01 4.93603230e-01 6.14154696e-01
    6.96005046e-01 9.22483206e-02 4.06818539e-01 2.79508829e-01
    1.54918134e-01 5.39676070e-01 1.60588175e-01 7.12252319e-01
    9.86210585e-01 6.38695240e-01 1.02384657e-01 9.88553166e-01
    9.61430907e-01 4.10567522e-02 1.59950078e-01 5.54332912e-01
    6.53277755e-01 8.36636603e-01 7.44751990e-02 9.50230122e-01
    4.86372769e-01 7.54661143e-01 9.43412185e-01 1.52062774e-01
    9.69730675e-01 9.05919313e-01 8.48740458e-01 5.13832152e-01
    4.07787025e-01 3.21577758e-01 4.96709764e-01 9.20514524e-01
    7.97760367e-01 3.42448711e-01 3.91487360e-01 2.09111750e-01
    3.59360039e-01 2.09250093e-01 2.91209400e-01 1.08099192e-01
    3.18804383e-01 8.75812232e-01 6.13647699e-03 4.16046202e-01
    1.27890676e-01 3.15062016e-01 5.26000857e-01 7.49380887e-01
    1.21479303e-01 4.33408260e-01 1.95437729e-01 2.12239623e-01
    7.04106092e-01 9.80692983e-01 6.60720348e-01 5.95599294e-01
    3.31459403e-01 8.74160409e-01 8.11541557e-01 8.62031817e-01
    2.27128208e-01 8.32599401e-01 4.20742273e-01 2.82619566e-01
    2.75924504e-01 8.55598092e-01 1.42177701e-01 8.14022243e-01
    9.21810031e-01 7.05883563e-01 5.59708476e-01 4.16287005e-01
    9.26193237e-01 8.15993607e-01 3.02512765e-01 3.75110477e-01
    7.52035677e-01 9.97523308e-01 2.12547779e-02 7.10991442e-01
    1.98674768e-01 6.87135696e-01 5.68496943e-01 3.65603656e-01
    6.03920281e-01 3.80805433e-01 7.66307116e-01 5.31855524e-02
    7.27881908e-01 9.84097242e-01 6.36743784e-01 4.53845382e-01
    2.63899803e-01 9.79110539e-01 9.02040958e-01 9.71110880e-01
    9.63138580e-01 3.07445705e-01 6.74871027e-01 9.55548763e-01
    9.92201924e-01 2.69222796e-01 6.21740699e-01 2.94279575e-01
    1.48034722e-01 6.25276089e-01 5.90780735e-01 7.51528144e-01
    9.33057964e-02 5.26531994e-01 4.90622938e-01 5.20424247e-01
    6.69219494e-01 1.83029920e-01 9.18129444e-01 5.49907923e-01
    4.46753472e-01 4.99606133e-03 3.31900597e-01 5.58594346e-01
    3.75882387e-02 9.88371968e-01 9.11629200e-01 8.26499939e-01
    9.67148066e-01 7.51910865e-01 6.32591307e-01 8.46984386e-01
    7.77244568e-03 5.85965693e-01 5.73239923e-01 8.21013510e-01
    7.96256304e-01 3.21663916e-02 2.65062779e-01 7.14498460e-01
    7.41550088e-01 5.76148272e-01 2.28169560e-03 6.22740984e-01
    4.95381773e-01 4.24501091e-01 8.47288311e-01 8.63188505e-01
    7.13735402e-01 3.62322748e-01 9.68675852e-01 4.46695089e-03
    1.83847278e-01 6.50125682e-01 1.68626010e-01 3.30782473e-01
    6.23163760e-01 2.24702269e-01 9.85322356e-01 9.97317255e-01
    7.91916370e-01 9.56399679e-01 3.36823225e-01 1.96275502e-01
    1.78767383e-01 9.06850040e-01 4.35947686e-01 2.54117906e-01
    7.06041574e-01 3.84526253e-02 7.17544436e-01 8.49441051e-01
    1.97412938e-01 1.15107328e-01 3.91762406e-01 5.61771274e-01
    2.57301390e-01 2.28268743e-01 6.83352590e-01 5.95852673e-01
    6.47568822e-01 3.00851345e-01 2.58979678e-01 9.69311416e-01
    5.68246007e-01 2.54613042e-01 7.19738066e-01 4.52645689e-01
    4.31826323e-01 9.26020384e-01 8.70848000e-01 7.79731929e-01
    8.14910769e-01 8.00603151e-01 3.59885186e-01 5.77593327e-01
    2.18840539e-02 7.88220346e-01 3.33388418e-01 4.86172050e-01
    8.63586545e-01 1.39392614e-01 8.99676919e-01 8.00067902e-01
    1.99096650e-01 1.08817816e-01 5.08370519e-01 4.00284588e-01
    2.51579046e-01 9.37256932e-01 8.07431638e-02 3.01833689e-01
    7.59979367e-01 1.06255740e-01 4.53308851e-01 9.03090715e-01
    7.34137893e-01 5.21025062e-02 3.18771958e-01 3.35613191e-02
    7.74941921e-01 8.47550511e-01 9.90632772e-01 5.35794675e-01
    4.86699224e-01 2.73196101e-01 9.67790008e-01 7.95710027e-01
    7.55855441e-01 8.37199628e-01 3.25005531e-01 6.36425912e-01
    9.71363425e-01 8.97321522e-01 4.56974000e-01 2.98589110e-01
    1.41492277e-01 3.95482361e-01 4.62549359e-01 2.89279014e-01
    8.70864272e-01 5.99209070e-02 6.17747545e-01 3.78659129e-01
    6.50022209e-01 7.57579446e-01 9.38108087e-01 3.13110888e-01
    6.30004525e-01 6.73443675e-01 3.26456785e-01 4.08782363e-02
    9.98281717e-01 3.12132359e-01 2.76440859e-01 6.44444585e-01
    7.38514066e-01 5.29270768e-01 9.19199467e-01 7.70220637e-01
    3.73244584e-01 3.90363187e-01 3.75023484e-01 9.30484533e-02
    5.50278783e-01 2.45425522e-01 2.93450475e-01 5.42814732e-02
    4.35431659e-01 2.42950499e-01 2.67401427e-01 8.55835617e-01
    8.07416558e-01 3.97505760e-02 2.98867047e-01 5.00557542e-01
    7.32918620e-01 2.30612218e-01 9.85423446e-01 5.17779589e-01
    2.16844022e-01 8.57705712e-01 7.90166140e-01 5.15522182e-01
    4.57004637e-01 9.84656990e-01 3.86705190e-01 8.37466419e-02
    4.59732383e-01 1.72275662e-01 5.20386577e-01 1.17104203e-01
    5.73803484e-02 7.01526225e-01 2.29297519e-01 9.25919294e-01
    3.76375347e-01 9.93530273e-01 1.33356571e-01 9.90599036e-01
    1.81338936e-01 9.47428286e-01 1.51478559e-01 5.30462503e-01
    3.28363717e-01 3.47548306e-01 8.52439880e-01 1.55310869e-01
    4.43248034e-01 8.16196144e-01 5.59261084e-01 6.37657285e-01
    6.80832744e-01 2.45962054e-01 4.46129858e-01 3.26996237e-01
    5.27599871e-01 8.09146047e-01 2.52093136e-01 1.10270262e-01
    5.92589617e-01 7.76271641e-01 4.81385112e-01 2.82961130e-01
    6.58280790e-01 6.69060767e-01 9.15071964e-01 6.02995276e-01
    4.82910514e-01 3.05082977e-01 9.94241595e-01 1.31967634e-01
    2.44829655e-02 2.78413653e-01 3.50410223e-01 8.59948516e-01
    5.84035754e-01 1.09565347e-01 6.14347756e-01 2.24566102e-01
    2.63330400e-01 6.88692808e-01 5.43639064e-03 4.45372939e-01
    6.97055638e-01 4.55305874e-01 7.18646169e-01 5.61241925e-01
    5.63631117e-01 8.60695601e-01 1.80597216e-01 5.05545139e-02
    1.41901553e-01 5.17491519e-01 3.30388486e-01 1.74178421e-01
    1.43204182e-01 8.88486326e-01 2.92226136e-01 7.78326988e-02
    1.58792585e-01 8.62629056e-01 7.51328230e-01 7.97681212e-01
    1.81300968e-01 8.85910809e-01 2.88966358e-01 5.29452920e-01
    7.45292008e-02 5.88771880e-01 2.43175566e-01 7.06896663e-01
    9.25756097e-01 9.51669216e-01 6.08644366e-01 6.14849746e-01
    5.23416996e-01 5.76118708e-01 7.40435660e-01 1.53603435e-01
    5.03340542e-01 1.21852845e-01 2.39973068e-01 9.58767533e-01
    9.99214947e-02 9.32857633e-01 5.90547085e-01 3.75091016e-01
    9.61420238e-02 5.59597909e-01 6.07978404e-01 8.21499825e-02
    8.35810423e-01 2.54891545e-01 4.59162384e-01 4.29377347e-01
    6.47660553e-01 1.11944079e-01 9.46292758e-01 1.46342903e-01
    4.18546081e-01 6.37371242e-02 3.03071976e-01 3.73266876e-01
    2.67737627e-01 5.22592068e-02 3.65041852e-01 5.77255726e-01
    5.05514860e-01 7.32539713e-01 6.93838537e-01 6.87032938e-01
    7.56416321e-01 1.17168665e-01 2.83012867e-01 4.45077121e-02
    7.55027413e-01 5.88528454e-01 1.71580523e-01 4.36889172e-01
    3.73377860e-01 1.53259933e-02 6.35129154e-01 4.13356632e-01
    6.01366460e-01 9.08125579e-01 4.10996258e-01 1.90621287e-01
    4.64537174e-01 7.47193933e-01 4.89555687e-01 8.19055319e-01
    2.40669101e-01 5.57992339e-01 2.56753266e-01 7.95761347e-01
    9.19112563e-01 4.47898746e-01 3.93937260e-01 3.89126837e-02
    5.23540080e-01 7.16889739e-01 8.04644227e-02 6.16421819e-01
    7.75914609e-01 8.04322362e-01 9.59467769e-01 8.70377660e-01
    3.21432829e-01 2.86157250e-01 4.26589608e-01 1.14754736e-01
    6.33608699e-01 4.14590299e-01 9.77716625e-01 1.64753079e-01
    9.60668862e-01 7.22957850e-02 9.72962976e-01 1.38380200e-01
    7.97448695e-01 2.23696351e-01 8.13179374e-01 6.18365705e-01
    5.94248295e-01 8.33294153e-01 7.35457242e-02 8.26097131e-01
    6.57050371e-01 9.84121561e-02 9.67017412e-01 7.19076991e-01
    4.12374288e-01 7.83525825e-01 5.83173811e-01 4.81942505e-01
    8.15814257e-01 1.31867796e-01 1.44759089e-01 6.02733970e-01
    2.06806093e-01 8.87266040e-01 6.49565935e-01 3.17957371e-01
    5.38632870e-01 9.76163387e-01 3.54031026e-02 4.05212343e-01
    9.80407715e-01 6.35669947e-01 5.21034300e-02 4.23220694e-01
    3.10991913e-01 5.91797650e-01 3.77508014e-01 1.19346082e-01
    2.25195885e-02 3.09335023e-01 3.71229827e-01 2.48954207e-01
    7.65125751e-01 1.51967615e-01 9.20809448e-01 6.90759122e-02
    3.70597064e-01 9.55789685e-01 6.65158153e-01 8.73399854e-01
    2.07902879e-01 5.71647882e-01 2.94489443e-01 2.79938281e-01
    8.88357878e-01 3.84546876e-01 5.74593365e-01 8.73201072e-01
    8.70990336e-01 9.17130709e-03 3.16417038e-01 5.50354481e-01
    7.33965397e-01 6.23129427e-01 4.19842124e-01 3.55617642e-01
    2.81515121e-01 2.46166468e-01 7.96844840e-01 3.92071426e-01
    1.10504270e-01 7.03627110e-01 3.10894966e-01 2.86316872e-01
    2.00310171e-01 9.97813940e-01 5.37510455e-01 5.30736625e-01
    9.55423594e-01 3.54208350e-02 6.84852362e-01 8.60321999e-01
    3.43841612e-01 8.86026263e-01 2.37097561e-01 7.05396593e-01
    2.63314068e-01 7.09428191e-02 1.22910798e-01 6.24450922e-01
    7.48206258e-01 5.16469359e-01 4.67554927e-01 3.89452636e-01
    9.60830688e-01 1.09707892e-01 6.41816318e-01 1.32237673e-02
    6.29358709e-01 2.80001700e-01 6.63434744e-01 5.46797156e-01
    6.95919752e-01 7.64789581e-01 8.53797555e-01 9.06190753e-01
    5.74935555e-01 4.51860607e-01 2.97043353e-01 4.48516786e-01
    2.97448516e-01 1.48358881e-01 7.73715734e-01 1.96553648e-01
    8.39692473e-01 9.37174737e-01 4.19117212e-01 4.69597876e-02
    8.06220829e-01 2.91066766e-01 3.80955338e-01 1.90085381e-01
    4.60749745e-01 3.67341697e-01 3.85032892e-01 1.29761815e-01
    5.85946023e-01 5.27654350e-01 1.54538810e-01 5.37777722e-01
    4.89141792e-01 9.42932248e-01 5.67062378e-01 4.71311361e-01
    9.28786695e-02 7.65531659e-01 9.50179219e-01 3.34460497e-01
    1.58999622e-01 8.32889020e-01 8.94505620e-01 8.60057175e-02
    3.98362815e-01 5.90296984e-01 9.39298213e-01 8.35655570e-01
    7.82105029e-01 4.69329387e-01 8.49558115e-01 8.60527396e-01
    6.57421112e-01 7.50164628e-01 2.16595978e-01 5.24240673e-01
    9.65419412e-01 5.75182438e-02 1.48265243e-01 3.70616943e-01
    9.10997272e-01 7.25924730e-01 8.79883051e-01 4.63515222e-02
    8.97259951e-01 9.35457945e-01 1.64678544e-01 9.87519622e-01
    2.83186883e-01 1.35262072e-01 1.96909666e-01 4.67863768e-01
    6.83312297e-01 1.42403543e-01 6.10858798e-01 9.20561254e-02
    8.02241802e-01 4.24313188e-01 5.10302186e-01 6.90286040e-01
    6.65109158e-01 5.69178939e-01 5.03503859e-01 1.47486776e-01
    2.00698614e-01 8.08916092e-01 9.49680507e-01 7.90917397e-01
    3.22182059e-01 5.76584339e-01 3.46758753e-01 4.65836644e-01
    5.73748231e-01 4.62038368e-01 1.39115721e-01 8.36123645e-01
    5.38134098e-01 7.34264314e-01 1.07922107e-01 6.88793063e-01
    1.76209062e-01 2.00906128e-01 3.86930108e-01 9.63897705e-01
    7.18322396e-01 5.73720813e-01 2.97125340e-01 3.58629405e-01
    6.98681235e-01 5.91690242e-02 3.09810340e-01 2.05785066e-01
    3.11839283e-01 8.21009398e-01 7.27902770e-01 1.46809399e-01
    9.06008244e-01 7.85519600e-01 4.46641713e-01 9.66279805e-02
    2.91705370e-01 2.90196061e-01 8.06547105e-02 4.55654860e-02
    8.62025976e-01 7.36540139e-01 7.79655099e-01 6.11381471e-01
    4.76772666e-01 9.42883849e-01 9.00857687e-01 2.43269801e-01
    1.08254015e-01 7.28376210e-01 2.98027098e-02 9.64720607e-01
    4.40775603e-01 6.62258863e-02 7.32872844e-01 5.22345543e-01
    9.89965260e-01 4.94916439e-02 6.04052424e-01 8.63730013e-01
    5.72635353e-01 4.24554169e-01 7.17920542e-01 4.61776376e-01
    5.05998611e-01 6.38040304e-01 2.56174564e-01 9.37334299e-01
    8.15566778e-01 7.91530371e-01 7.15019166e-01 5.12759447e-01
    8.24704289e-01 3.79885733e-01 7.99170732e-01 4.07309979e-01
    9.54497814e-01 7.50668287e-01 6.46844923e-01 5.01312017e-01
    1.96794033e-01 5.60710549e-01 2.06402481e-01 1.60539657e-01
    5.06185830e-01 2.25206405e-01 7.82247782e-01 4.53455448e-02
    2.44776875e-01 1.51915342e-01 5.70826530e-01 2.71092951e-02
    5.53538382e-01 6.50104225e-01 5.69695115e-01 8.38140845e-01
    3.78666937e-01 6.33770525e-01 3.91247869e-02 7.68202066e-01
    9.12046909e-01 5.00832140e-01 9.56767440e-01 9.91178155e-01
    7.37277329e-01 1.92937106e-01 9.45737302e-01 7.30298817e-01
    6.48278832e-01 6.88935637e-01 6.97400570e-01 5.49813569e-01
    3.01658928e-01 5.08293688e-01 9.68906999e-01 5.09490252e-01
    5.26571393e-01 2.26640433e-01 5.04602194e-01 3.76886427e-02
    9.66682553e-01 2.56105900e-01 4.40398157e-01 8.43245268e-01
    3.43881994e-01 8.34478617e-01 7.81739116e-01 3.00837398e-01
    1.76979691e-01 7.14962184e-01 7.82512307e-01 8.49429369e-02
    4.29309517e-01 5.10322034e-01 4.80695546e-01 3.90359759e-01
    1.53090060e-01 6.62755668e-01 6.42713845e-01 7.75795996e-01
    9.43853736e-01 7.94208288e-01 5.96063256e-01 3.94002438e-01
    9.70239282e-01 1.69695169e-01 5.70758045e-01 6.23876750e-02
    6.13007188e-01 1.73724115e-01 2.63060629e-01 3.13759983e-01
    3.05971652e-01 1.34398550e-01 1.17743611e-02 9.15365219e-01
    9.12840843e-01 4.99425799e-01 4.16200608e-01 6.32562518e-01
    3.85154903e-01 1.74418986e-01 2.57410377e-01 5.38429439e-01
    1.77482426e-01 7.34175563e-01 7.43290067e-01 5.91224670e-01
    4.79326904e-01 1.76226795e-01 5.39797246e-01 7.41841078e-01
    6.65085018e-01 8.57975841e-01 4.00154829e-01 4.32119131e-01
    7.80941308e-01 5.37161469e-01 2.03017414e-01 7.31838405e-01
    3.53014857e-01 4.76567924e-01 8.37507486e-01 9.63440835e-01
    5.35734475e-01 5.89958787e-01 1.86872065e-01 4.88338470e-01
    9.61631179e-01 6.67436361e-01 9.60551500e-01 8.45216990e-01
    6.46840215e-01 3.63980263e-01 5.16688526e-01 9.36108232e-01
    8.87925029e-01 6.66644692e-01 5.64645946e-01 2.01745927e-02
    7.02235103e-02 7.61455476e-01 8.46257925e-01 5.05771220e-01
    8.23895335e-01 3.65036547e-01 8.33105028e-01 3.24519992e-01
    6.14121616e-01 4.46400136e-01 4.17107522e-01 8.33476365e-01
    9.84236121e-01 2.03134179e-01 8.28491151e-01 8.63124132e-01
    7.65333056e-01 9.18946743e-01 9.71713185e-01 2.97190249e-02
    3.82287234e-01 9.44169521e-01 3.71133804e-01 5.45665383e-01
    1.32303119e-01 2.65661448e-01 5.43903351e-01 3.62965703e-01
    4.13925409e-01 1.69067919e-01 9.36470389e-01 1.19736880e-01
    3.79524112e-01 2.60283351e-01 7.52270043e-01 9.85043526e-01
    6.37504041e-01 9.86545861e-01 8.30673397e-01 9.66783762e-01
    1.49471045e-01 7.25439727e-01 9.28237736e-01 6.10076368e-01
    3.92956108e-01 3.39880466e-01 6.51069403e-01 7.11264551e-01
    7.57995248e-01 9.25678492e-01 9.83615816e-01 4.37378466e-01
    8.37682784e-02 9.35231924e-01 6.09871805e-01 6.19494677e-01
    8.26516151e-01 7.57194519e-01 2.58082628e-01 1.68406218e-01
    9.67864394e-01 3.16089690e-01 1.79967403e-01 6.29192770e-01
    1.41088486e-01 4.08415169e-01 1.65364444e-01 3.35007727e-01
    1.16058826e-01 6.20641887e-01 3.06608051e-01 7.76432395e-01
    7.50391841e-01 5.35244942e-01 8.36060643e-01 3.53896558e-01
    5.45305490e-01 1.94594204e-01 4.62323427e-03 9.85203385e-01
    6.18945479e-01 8.22895944e-01 6.46805167e-02 2.97381967e-01
    4.14046407e-01 4.40723628e-01 8.32008958e-01 3.97497058e-01
    7.30444431e-01 2.30224013e-01 4.22727972e-01 5.35466731e-01
    6.11464798e-01 1.50127202e-01 9.87401247e-01 1.93170488e-01
    8.96843493e-01 5.79411030e-01 7.80849814e-01 6.09709084e-01
    2.35684901e-01 9.56151009e-01 7.86845863e-01 1.66015446e-01
    5.89177012e-01 4.26648825e-01 4.95648295e-01 7.92961836e-01
    6.53493702e-02 8.28047693e-01 5.20284295e-01 3.13130617e-01
    2.38409638e-03 2.96774775e-01 9.11665678e-01 5.68286538e-01
    8.75589192e-01 2.84985483e-01 6.01430535e-01 3.21706206e-01
    9.99978304e-01 5.94577551e-01 4.26757634e-01 7.14394927e-01
    8.07186484e-01 8.10306013e-01 7.71118879e-01 8.87136221e-01
    3.63081098e-02 9.51351762e-01 9.98742461e-01 1.16850078e-01
    6.76448047e-01 4.18394983e-01 4.42954630e-01 4.46511298e-01
    1.85131967e-01 2.56380975e-01 2.26684302e-01 8.12291861e-01
    9.99971330e-01 6.12662077e-01 3.90931100e-01 3.32398593e-01
    5.53206801e-01 1.56996042e-01 8.68646085e-01 2.52930284e-01
    2.35295802e-01 1.54776782e-01 9.69849646e-01 7.04772353e-01
    5.62799931e-01 3.03379416e-01 3.67025673e-01 7.92955399e-01
    2.29313076e-02 7.47423410e-01 6.18330359e-01 2.47164637e-01
    1.86452210e-01 1.78625256e-01 7.86110342e-01 6.94875598e-01
    1.50898308e-01 3.22411358e-02 9.84461665e-01 2.10604906e-01
    6.55434132e-01 6.89562082e-01 6.65133119e-01 9.24644351e-01
    6.75525546e-01 3.53444219e-01 3.76109213e-01 9.42115068e-01
    2.24671841e-01 1.34542137e-01 4.72529948e-01 7.13391542e-01
    4.89879042e-01 7.98952222e-01 7.03318059e-01 5.39753735e-01
    1.36616021e-01 1.88860983e-01 1.03623688e-01 3.07464480e-01
    6.53916538e-01 9.93962705e-01 8.37088108e-01 7.73538709e-01
    7.81840324e-01 1.30553037e-01 1.61755681e-02 2.13083833e-01
    3.91694546e-01 2.97362804e-02 5.32421470e-01 1.47875696e-01
    8.20194125e-01 1.62623644e-01 9.03178215e-01 8.16550255e-01
    7.84772754e-01 2.33060241e-01 5.52112460e-02 7.35118926e-01
    5.59369504e-01 8.30001950e-01 9.48153257e-01 5.48444390e-01
    6.27440155e-01 2.82704055e-01 9.72545624e-01 8.88327956e-01
    9.35509086e-01 6.62979245e-01 5.60007811e-01 4.57152665e-01
    5.89331925e-01 8.10317516e-01 1.08029038e-01 4.22097921e-01
    5.62251389e-01 1.99630409e-01 2.42576271e-01 4.20678020e-01
    6.73850596e-01 6.16092980e-01 7.36020923e-01 5.89736819e-01
    6.35981262e-01 9.75234807e-01 3.29977810e-01 2.84728914e-01
    8.00519586e-01 7.65497386e-01 5.15556335e-02 6.03900015e-01
    2.51301378e-01 3.95761907e-01 8.36324453e-01 6.33025110e-01
    2.94038355e-02 7.18794465e-01 3.10524404e-01 6.00780249e-02
    6.32272363e-02 6.10386133e-02 6.20733440e-01 9.07592773e-01
    5.80335855e-02 6.10846400e-01 9.04755831e-01 3.72247994e-01
    8.68617892e-01 2.22715825e-01 3.83484542e-01 8.94743979e-01
    3.07662666e-01 8.41644406e-03 2.17981189e-01 5.99278092e-01
    3.50513071e-01 8.97990108e-01 2.37158895e-01 2.91864395e-01
    8.82435799e-01 8.97509158e-01 3.47315967e-01 4.21888620e-01
    4.21637416e-01 3.85445356e-01 4.27082360e-01 9.19696808e-01
    8.72668266e-01 4.58795130e-02 1.70238316e-02 7.40021467e-01
    9.67136621e-02 3.57593536e-01 6.17222667e-01 6.21378839e-01
    8.77568960e-01 5.38092434e-01 8.49329352e-01 7.99709082e-01
    8.37583423e-01 6.13052845e-02 6.09832644e-01 9.89092886e-02
    2.21863806e-01 4.60543394e-01 8.28374863e-01 7.06345558e-01
    1.68667406e-01 4.69415665e-01 6.64889097e-01 5.66198230e-01
    2.70803481e-01 8.39747190e-01 2.24361449e-01 7.22593486e-01
    5.17258644e-01 5.31843245e-01 6.97041750e-01 3.22363973e-02
    6.18159831e-01 2.48011291e-01 2.30463147e-01 3.45360667e-01
    9.44717169e-01 2.07287729e-01 1.43571675e-01 9.22688186e-01
    6.89931035e-01 9.94046450e-01 4.23878759e-01 3.90228242e-01
    8.87432396e-02 7.58160472e-01 8.97625923e-01 6.77273512e-01
    3.75162989e-01 9.21644211e-01 9.62780595e-01 6.27907157e-01
    1.83542609e-01 1.06426477e-01 7.34126866e-01 2.27043301e-01
    4.48867530e-01 9.27880943e-01 9.67240334e-01 9.91963208e-01
    7.43802011e-01 5.47871649e-01 8.30431700e-01 5.92768729e-01
    8.60658646e-01 1.76962495e-01 5.50584733e-01 3.12704712e-01
    7.39530683e-01 7.20605493e-01 8.30755234e-01 7.90310860e-01
    3.35124493e-01 9.30287123e-01 4.20485169e-01 6.06540442e-01
    4.16875690e-01 1.10280246e-01 3.47345114e-01 4.32496250e-01
    7.79925823e-01 2.39793479e-01 5.63149154e-01 1.15068465e-01
    5.19964755e-01 9.70592082e-01 9.23531950e-01 4.37729657e-01
    8.53398979e-01 6.37972057e-01 9.02336001e-01 1.66425675e-01
    2.40461826e-02 3.47828656e-01 9.85599518e-01 3.84952366e-01
    4.57917929e-01 2.98607022e-01 4.56851542e-01 2.55196899e-01
    2.99375951e-01 9.14098024e-01 2.34622777e-01 3.27172816e-01
    3.67685407e-01 9.91533995e-02 5.06762445e-01 5.56687355e-01
    7.54487276e-01 4.47086722e-01 3.21819305e-01 7.11682379e-01
    1.81814849e-01 5.89297652e-01 5.02905130e-01 6.07710600e-01
    5.38728893e-01 5.72263598e-02 3.34107935e-01 8.61794829e-01
    6.55543327e-01 8.66754174e-01 1.86174810e-02 8.40198576e-01
    9.40139294e-01 2.44314343e-01 6.65640414e-01 4.65738505e-01
    7.16871738e-01 7.65192270e-01 1.17893457e-01 4.40456748e-01
    3.17547381e-01 8.22370648e-01 4.77761000e-01 9.00078535e-01
    7.95950830e-01 7.11429894e-01 5.72300792e-01 7.71825612e-02
    4.05336618e-01 4.58973199e-01 3.74275982e-01 4.30892617e-01
    2.68975109e-01 3.95919174e-01 4.63997602e-01 7.14298129e-01
    1.31184787e-01 3.76280725e-01 9.67614114e-01 7.63182878e-01
    8.28542531e-01 1.75472379e-01 2.27865577e-03 6.05873466e-02
    5.19136965e-01 9.68679011e-01 1.86743736e-01 9.15515304e-01
    9.75775599e-01 2.72986561e-01 5.31887472e-01 9.40789461e-01
    1.86375529e-01 1.55374438e-01 3.23627949e-01 1.18626416e-01
    4.17524666e-01 1.96619689e-01 5.12342751e-02 2.70435542e-01
    5.59506118e-02 6.73025548e-01 9.72363114e-01 4.94767129e-01
    4.29506183e-01 9.16331708e-02 9.54651892e-01 4.71431911e-02
    7.20158577e-01 3.45421582e-01 5.62707007e-01 2.11981535e-01
    3.25761914e-01 7.74436116e-01 2.55316198e-01 7.64723837e-01
    8.95635605e-01 1.46471739e-01 2.05499470e-01 9.35280561e-01
    1.67913139e-01 2.22291797e-01 9.09826875e-01 1.59405112e-01
    3.92506808e-01 2.45977938e-01 3.41310501e-02 1.32925659e-01
    6.05806112e-01 8.22530985e-01 3.87351155e-01 1.02368295e-02
    1.87216371e-01 5.81656218e-01 8.38824213e-02 3.91400367e-01
    3.35329473e-01 9.67422664e-01 3.56422663e-01 8.15108120e-01
    7.22959816e-01 8.11007977e-01 9.51872468e-02 8.48892629e-02
    8.55092168e-01 9.17906404e-01 5.15092194e-01 5.08728981e-01
    3.70372266e-01 1.16039813e-01 3.36508393e-01 7.70230889e-02
    1.94122344e-01 3.54856491e-01 8.12766492e-01 2.22559780e-01
    9.48109090e-01 8.48846495e-01 2.89580643e-01 1.88493282e-01
    7.17022061e-01 9.55399632e-01 6.92058206e-02 9.99265790e-01
    3.83767068e-01 8.41075540e-01 5.76639950e-01 2.61051893e-01
    5.30899763e-01 7.13904500e-01 6.44128263e-01 3.38493288e-01
    1.73613966e-01 9.67304766e-01 6.18678033e-01 7.70437777e-01
    8.92732501e-01 8.48285317e-01 6.40717149e-02 6.48939371e-01
    3.07285875e-01 3.85183573e-01 5.95591307e-01 3.98673028e-01
    7.46500790e-01 7.58328557e-01 1.13912225e-01 5.14014661e-01
    4.26467955e-02 4.12869006e-01 6.72758043e-01 9.17306602e-01
    7.48735130e-01 8.62956047e-03 4.94373143e-02 8.09093714e-01
    8.15877318e-01 3.80876362e-01 2.59697288e-01 7.55128145e-01
    8.26303005e-01 6.68012500e-01 8.67403746e-02 1.85820758e-01
    8.67100418e-01 8.54038000e-02 7.21724987e-01 7.63051808e-02
    6.53052092e-01 5.10713398e-01 5.12503982e-02 9.47172999e-01
    4.98301834e-01 3.92261028e-01 8.48079085e-01 6.55596912e-01
    1.21214569e-01 6.95187688e-01 5.59208095e-02 1.60632938e-01
    1.93808258e-01 9.85060930e-01 8.49510431e-01 2.97310948e-02
    5.25589705e-01 3.13272893e-01 4.93489325e-01 9.38606143e-01
    4.96353805e-01 6.10020041e-01 7.78817415e-01 8.28859448e-01
    7.33850002e-01 3.49624872e-01 5.84677994e-01 7.11623609e-01
    8.11688662e-01 9.76370871e-02 5.37209272e-01 9.95118141e-01
    5.96559942e-02 9.24188018e-01 5.13607919e-01 8.67932439e-01
    4.18827236e-01 1.69247687e-02 3.70241970e-01 7.98631907e-01
    2.01813787e-01 7.60523558e-01 2.44254678e-01 4.55192536e-01
    7.31259286e-01 8.97984982e-01 7.67257690e-01 9.37416017e-01
    1.36300236e-01 6.71854019e-01 1.61354393e-01 8.63500953e-01
    9.31237042e-01 9.53308940e-01 4.64166045e-01 3.79451424e-01
    3.97095799e-01 5.68376899e-01 1.07120693e-01 1.44712776e-01
    6.75537944e-01 4.61021960e-01 1.06219232e-01 5.96211314e-01
    5.33985615e-01 1.03788167e-01 3.62283826e-01 2.22638547e-02
    9.84496832e-01 1.99014932e-01 6.69839144e-01 6.38803422e-01
    3.80971998e-01 6.10412836e-01 2.89469182e-01 7.22678065e-01
    4.82274592e-01 2.72532105e-02 6.89322054e-02 9.84104335e-01
    3.67773175e-02 5.23452103e-01 8.27933311e-01 2.97780335e-01
    5.36116838e-01 1.48617506e-01 9.06859279e-01 3.61521482e-01
    4.18691039e-01 1.73796415e-01 4.49067861e-01 7.42759228e-01
    8.41426373e-01 6.03475988e-01 1.92797661e-01 2.71624327e-01
    7.33507156e-01 6.93559051e-02 4.36430007e-01 9.40908313e-01
    8.42383623e-01 5.12409985e-01 3.04867715e-01 2.53089964e-01
    6.89183831e-01 5.53905606e-01 8.45555782e-01 2.17180699e-01
    5.01665652e-01 6.39376581e-01 7.60615528e-01 1.19377255e-01
    9.21037793e-01 5.50864458e-01 6.15719676e-01 6.53540790e-01
    8.76368880e-01 6.79893196e-01 9.33937192e-01 3.47472370e-01
    9.29714561e-01 1.53137177e-01 7.66756892e-01 2.25666761e-02
    7.26092637e-01 5.54500401e-01 3.98861319e-01 1.01386279e-01
    9.18556929e-01 1.40136570e-01 8.58326852e-01 2.48728573e-01
    6.24041259e-01 4.46010649e-01 7.23952651e-01 2.36600339e-02
    2.64223576e-01 2.19685704e-01 3.18508148e-02 2.16368765e-01
    2.30093539e-01 7.65534997e-01 4.67931360e-01 5.93454957e-01
    6.08402550e-01 5.83389282e-01 9.20218229e-01 3.14748108e-01
    5.86275995e-01 9.94557381e-01 6.40383005e-01 2.31467158e-01
    1.14026487e-01 1.77971363e-01 7.27654457e-01 9.99619663e-01
    9.05553102e-01 6.28437638e-01 9.03763175e-01 3.87866318e-01
    1.10452384e-01 3.41123074e-01 5.11111319e-02 3.45231056e-01
    6.56625450e-01 2.10702747e-01 9.93725061e-01 2.99147874e-01
    1.38240069e-01 5.38902819e-01 7.18919814e-01 7.58096993e-01
    6.24394119e-01 6.11275375e-01 5.86702347e-01 2.49681741e-01
    9.07179356e-01 9.48115230e-01 2.86587059e-01 9.38332200e-01
    2.17119038e-01 1.71082139e-01 1.52429432e-01 7.87365198e-01
    3.75694513e-01 8.04761171e-01 9.77540374e-01 6.76715791e-01
    8.27639878e-01 9.69007730e-01 5.70379496e-01 2.10177630e-01
    2.06843257e-01 4.34719682e-01 1.12964958e-01 5.93190551e-01
    5.54777026e-01 1.63037300e-01 2.35960484e-02 6.13535166e-01
    2.11589247e-01 6.72117651e-01 2.43721813e-01 5.38803995e-01
    6.89188838e-01 9.29273367e-01 2.56968409e-01 1.88084394e-01
    3.28644753e-01 8.67965817e-01 8.37680697e-01 7.65225768e-01
    3.85695845e-01 7.44763136e-01 8.30302000e-01 9.34057951e-01
    9.61962342e-01 5.17633796e-01 9.19746637e-01 4.17315364e-02
    8.61005902e-01 1.33254319e-01 4.59161967e-01 5.78856707e-01
    6.57848716e-01 6.69912815e-01 8.20652723e-01 3.76064658e-01
    6.15294456e-01 5.24447739e-01 4.41516072e-01 6.96345985e-01
    4.22117114e-02 3.81596357e-01 4.52313602e-01 1.49564236e-01
    3.55578154e-01 1.14147067e-02 8.37883055e-01 5.19851565e-01
    7.73182869e-01 2.40944117e-01 5.43390810e-02 5.41297674e-01
    8.58674109e-01 5.76614916e-01 3.76883596e-01 1.19652152e-02
    8.28859210e-01 3.00832093e-02 9.57352877e-01 2.64393091e-01
    7.97484338e-01 5.02694547e-02 5.40409803e-01 7.40460038e-01
    4.46633458e-01 4.57485020e-01 2.46481180e-01 8.01127255e-02
    8.05765688e-01 3.69431794e-01 2.04393655e-01 6.44054294e-01
    6.55493796e-01 5.63437581e-01 4.34345633e-01 4.32098687e-01
    5.80761909e-01 3.50624204e-01 3.57129455e-01 1.94877774e-01
    4.08428073e-01 9.45798993e-01 6.05416059e-01 1.05532050e-01
    2.48656183e-01 3.29893529e-01 1.31568909e-02 3.91642958e-01
    3.23121578e-01 3.10617387e-02 5.98707795e-03 8.86184573e-01
    8.49756598e-01 1.22407079e-01 4.74431187e-01 4.07819211e-01
    3.55448663e-01 6.44891441e-01 1.42514706e-01 7.51207471e-01
    3.60864103e-01 1.62039310e-01 5.77947497e-01 1.25648677e-02
    8.42952490e-01 9.07393932e-01 7.19601512e-01 8.21345448e-01
    9.70037699e-01 9.41839099e-01 4.77130473e-01 6.96511805e-01
    2.46874183e-01 9.86093879e-01 9.86549139e-01 3.34073901e-01
    8.34113538e-01 4.35408264e-01 5.70619822e-01 3.39571536e-02
    6.36956394e-01 4.15526032e-02 4.27417129e-01 4.39871699e-01
    5.23697555e-01 4.63730931e-01 7.49424875e-01 7.63277292e-01
    7.36385643e-01 5.87660909e-01 5.99002838e-01 3.02218258e-01
    6.57036781e-01 5.28806150e-01 7.60813951e-01 9.88263130e-01
    4.53331292e-01 6.78830266e-01 2.25275517e-01 6.82225347e-01
    5.22432983e-01 3.57030153e-01 8.22662950e-01 5.26536345e-01
    9.13589001e-02 9.95984197e-01 7.25816667e-01 6.64155543e-01
    5.68127573e-01 5.43671250e-01 5.12816846e-01 8.30918193e-01
    2.09684879e-01 5.36592901e-02 6.67194366e-01 6.48491979e-01
    3.65261257e-01 4.36563730e-01 4.87332046e-01 8.97442698e-02
    7.40456164e-01 7.47659802e-03 2.22200930e-01 3.62120867e-02
    9.29091692e-01 5.32155931e-01 1.82802022e-01 5.52153111e-01
    4.85273004e-01 7.50846267e-01 9.93164778e-01 9.06508863e-02
    3.12967002e-02 4.44320917e-01 3.41062605e-01 9.35365200e-01
    2.57809550e-01 9.17784870e-02 3.27931046e-01 4.37236160e-01
    6.24861300e-01 2.09552646e-01 8.15437913e-01 3.05602223e-01
    9.35021162e-01 2.00307935e-01 4.63486433e-01 5.49613297e-01
    5.14482737e-01 4.80990291e-01 8.91800523e-01 1.70437425e-01
    1.01702839e-01 8.17873955e-01 3.05185020e-01 6.73495233e-02
    1.73658282e-01 9.19795513e-01 6.87018335e-01 6.74371839e-01
    6.90597355e-01 3.36158037e-01 4.85403270e-01 4.69398260e-01
    9.73543346e-01 1.79132044e-01 2.04935104e-01 9.74239469e-01
    8.53159189e-01 6.80730283e-01 7.29817092e-01 2.47960418e-01
    2.18544364e-01 1.45394027e-01 9.96527672e-01 2.28317410e-01
    7.20394075e-01 6.56248868e-01 2.98512578e-01 4.41574425e-01
    2.44572520e-01 8.63445520e-01 5.25333524e-01 9.75493252e-01
    8.99715304e-01 8.88086200e-01 4.62685138e-01 8.36235583e-02
    7.74246573e-01 8.21753979e-01 2.26593792e-01 9.00915265e-03
    3.24486494e-01 6.90605640e-01 4.45576996e-01 2.47721612e-01
    6.72688246e-01 6.57659709e-01 9.69616473e-01 5.92081666e-01
    1.88297749e-01 7.41603196e-01 7.13525653e-01 5.28199315e-01
    5.56423187e-01 6.65949225e-01 7.03245223e-01 9.90259409e-01
    3.06835115e-01 7.21089661e-01 8.59720528e-01 5.53002119e-01
    2.70428568e-01 2.69914567e-01 6.85627520e-01 6.72820807e-01
    3.64076495e-01 3.61333668e-01 5.39686382e-01 4.66285855e-01
    2.28669405e-01 7.10550070e-01 4.90021884e-01 8.50390971e-01
    8.67411196e-02 6.69050097e-01 9.19087768e-01 3.18687439e-01
    1.53834820e-02 4.87933159e-01 8.68250668e-01 4.78643298e-01
    4.81810004e-01 7.71798491e-01 1.79028660e-01 5.67432940e-01
    4.85627532e-01 3.98870915e-01 7.79203057e-01 3.62368673e-01
    5.99807918e-01 5.72203517e-01 4.20722812e-01 6.72280312e-01
    1.56467885e-01 5.32549381e-01 2.53710449e-02 5.21943808e-01
    8.38757336e-01 4.90887791e-01 8.54766667e-02 3.25185746e-01
    8.61726701e-02 9.63834643e-01 5.52134693e-01 4.29891288e-01
    3.48912477e-01 8.54135036e-01 7.41576850e-02 2.17138410e-01
    7.75076270e-01 8.20995033e-01 2.33773112e-01 5.98481536e-01
    1.65754229e-01 3.67933273e-01 7.90239334e-01 8.57217550e-01
    4.87800479e-01 9.41231728e-01 6.71293497e-01 6.78123713e-01
    1.77957803e-01 7.93793321e-01 2.69185007e-02 5.81936240e-01
    2.99036682e-01 4.68463451e-01 5.70514202e-01 7.31966913e-01
    3.03427488e-01 7.38614678e-01 3.98025841e-01 5.11601567e-01
    2.43081063e-01 7.82512188e-01 5.54765165e-01 8.30975115e-01
    8.94134521e-01 3.43548626e-01 9.98968244e-01 6.07146561e-01
    5.08012414e-01 6.94841504e-01 6.42854154e-01 3.03603500e-01
    5.56452572e-01 8.80128860e-01 4.26179737e-01 3.97915035e-01
    7.29299188e-01 1.72100753e-01 9.73037422e-01 8.87441874e-01
    6.16599917e-01 4.89602655e-01 4.41735893e-01 7.98720717e-01
    4.73751724e-01 8.54233921e-01 7.30260789e-01 5.89581490e-01
    4.02136594e-01 2.89635062e-02 1.62464231e-01 4.62852210e-01
    5.33020496e-02 3.16957295e-01 4.90217954e-01 3.88544738e-01
    8.26688528e-01 2.60848999e-02 3.08618397e-01 5.11027396e-01
    8.83554578e-01 7.92092681e-02 5.62583804e-01 9.09432173e-01
    6.66273713e-01 5.83708644e-01 8.80665421e-01 3.64236474e-01
    8.30449760e-01 5.92416763e-01 1.75974399e-01 9.83868599e-01
    7.70752788e-01 5.32275319e-01 7.71361351e-01 5.97975314e-01
    6.55618310e-01 8.88662994e-01 5.38828671e-01 2.77965128e-01
    9.85203266e-01 4.82319593e-01 6.46201253e-01 5.68375289e-01
    9.66844201e-01 8.80378187e-01 2.23941952e-01 5.44204712e-01
    7.88591564e-01 9.55907285e-01 7.49178112e-01 3.08071107e-01
    6.42190576e-01 4.64256287e-01 4.67816532e-01 7.90207386e-02
    1.35005832e-01 4.83943284e-01 6.17321730e-01 2.10938156e-02
    7.75272846e-01 6.60699487e-01 1.12138093e-02 3.68035734e-02
    7.42195070e-01 8.27019930e-01 9.37516809e-01 1.93886459e-02
    4.82436210e-01 8.95206034e-02 3.54475051e-01 8.62526953e-01
    7.33212233e-01 3.42913449e-01 3.93346816e-01 4.96090382e-01
    6.50055707e-02 3.23770911e-01 1.83382809e-01 3.15028965e-01
    6.46920085e-01 7.04407215e-01 5.77715635e-01 7.79149115e-01
    6.01377964e-01 5.33120513e-01 6.94949925e-02 4.81206447e-01
    1.87718511e-01 5.01208425e-01 9.60565984e-01 1.83804721e-01
    8.94856155e-02 6.31259084e-01 6.53577566e-01 7.56553710e-01
    5.42296112e-01 2.28306204e-01 3.35172266e-01 2.30465233e-02
    4.50339913e-02 6.10518932e-01 4.70766425e-03 3.94180238e-01
    3.63795698e-01 4.87624407e-02 1.10042095e-02 7.23092258e-02
    6.15099370e-01 5.47627151e-01 7.56842315e-01 4.13080156e-02
    6.48775697e-01 8.45163465e-01 6.64806783e-01 5.31863630e-01
    2.18192250e-01 8.93742144e-02 9.51489091e-01 9.60009694e-01
    8.26869607e-02 7.60808587e-01 5.41748405e-01 8.38316321e-01
    8.77295613e-01 2.30082154e-01 5.37857771e-01 9.51991975e-02
    4.15152311e-02 2.90358543e-01 1.10003203e-01 9.92715120e-01
    7.84954607e-01 9.02401209e-02 1.26656681e-01 5.91913223e-01
    9.48083103e-02 9.97737765e-01 5.19475043e-02 9.48884249e-01
    9.04445648e-01 9.54496920e-01 7.29986489e-01 9.96106625e-01
    9.82263982e-01 1.88434750e-01 5.44815838e-01 4.78160501e-01
    2.64447987e-01 8.93788099e-01 4.38229918e-01 7.61725068e-01
    3.94930631e-01 9.57216501e-01 1.92884684e-01 4.20731157e-01
    9.39528584e-01 2.10176975e-01 7.81261086e-01 3.28239679e-01
    9.00858343e-01 6.11152232e-01 9.39540863e-01 3.99451107e-01
    5.56857407e-01 8.87700856e-01 8.75572026e-01 9.52721715e-01
    6.86291456e-02 8.68462026e-02 1.37025297e-01 4.74927038e-01
    4.59687829e-01 5.57078362e-01 2.73968399e-01 2.81863749e-01
    5.91469288e-01 5.36433518e-01 2.61425912e-01 8.50347877e-01
    2.72639692e-01 7.15419829e-01 4.38444078e-01 3.82812232e-01
    6.39403343e-01 6.67241454e-01 1.62874669e-01 8.15049708e-01
    7.63278425e-01 9.57423806e-01 3.83700371e-01 4.57330555e-01
    4.27003503e-01 2.54617512e-01 1.21526808e-01 8.09593201e-01
    5.44858515e-01 6.04587495e-01 3.36139381e-01 5.38250148e-01
    5.45598328e-01 2.81190753e-01 7.21905828e-01 5.89143217e-01
    5.62106669e-02 7.36123264e-01 8.85715246e-01 9.19617772e-01
    2.04539031e-01 6.91747427e-01 5.72460532e-01 2.97426581e-02
    7.15584397e-01 5.36050618e-01 5.85115194e-01 4.68506992e-01
    6.32508874e-01 8.28995287e-01 4.62402195e-01 8.28580022e-01
    1.46806180e-01 6.94202006e-01 2.86665857e-01 3.59652102e-01
    4.55270171e-01 1.97216600e-01 7.90339470e-01 4.48688149e-01
    6.08465493e-01 8.86239231e-01 6.73447967e-01 4.66394275e-01
    8.73612821e-01 7.04279542e-02 3.26989383e-01 7.79552579e-01
    9.38679278e-01 6.16666138e-01 4.19097632e-01 9.57656205e-02
    1.27656698e-01 5.45325398e-01 9.78760004e-01 7.36257374e-01
    5.25436282e-01 4.79520410e-01 9.31002676e-01 5.13704717e-01
    4.68862683e-01 9.94482458e-01 2.59471357e-01 2.26819515e-01
    3.57076108e-01 1.05651855e-01 3.90990704e-01 7.19588995e-01
    1.13561362e-01 6.16704226e-01 1.68311566e-01 5.90419173e-02
    6.87063038e-01 9.96982932e-01 6.85098290e-01 6.18828297e-01
    3.14552844e-01 4.86275852e-02 9.01273191e-02 2.75806785e-01
    2.57454097e-01 1.31854981e-01 3.66904199e-01 6.77264810e-01
    9.83400941e-01 5.79248786e-01 1.19239092e-03 5.20520687e-01
    9.68855977e-01 9.94787216e-01 2.92270064e-01 8.18524182e-01
    7.90914834e-01 3.07725132e-01 7.61797428e-01 3.74278605e-01
    7.10681200e-01 4.51659918e-01 1.96331263e-01 1.66166872e-01
    5.72436690e-01 9.65287685e-01 5.89776874e-01 3.37019533e-01
    4.79125053e-01 1.12673849e-01 3.94829839e-01 2.28345692e-02
    2.26616800e-01 1.44246608e-01 9.70147073e-01 2.11723715e-01
    7.35865176e-01 6.64085269e-01 1.07194215e-01 3.25137883e-01
    3.81824076e-02 1.93787158e-01 4.56422865e-01 8.34212184e-01
    3.71221811e-01 3.31934035e-01 2.75025547e-01 6.97419643e-02
    5.15883148e-01 9.47904885e-01 2.94918478e-01 4.53777015e-01
    4.12718773e-01 4.36864793e-02 3.19016039e-01 2.40949541e-01
    9.64280844e-01 2.75004685e-01 2.95082211e-01 7.27162480e-01
    2.92280644e-01 4.16701347e-01 4.38544244e-01 5.27063966e-01
    4.87082243e-01 2.23496199e-01 7.51907349e-01 2.75154829e-01
    5.63119590e-01 4.56423461e-01 3.93193394e-01 8.46353114e-01
    9.41192627e-01 7.71827102e-01 3.57091606e-01 1.61524594e-01
    7.45665312e-01 6.65182889e-01 7.29863167e-01 4.21546608e-01
    3.53041887e-02 9.05716181e-01 1.35836929e-01 7.64781952e-01
    1.62998050e-01 9.69395161e-01 5.59848547e-02 2.66761005e-01
    3.15259159e-01 6.75324798e-01 8.28986883e-01 8.94449234e-01
    5.47767103e-01 4.99048650e-01 5.83353400e-01 7.55318463e-01
    6.24355078e-01 7.89385974e-01 4.46398020e-01 4.64645207e-01
    3.54599237e-01 5.66148460e-01 7.08294988e-01 5.33975840e-01
    8.80479574e-01 8.92052412e-01 4.81506348e-01 8.43025148e-02
    9.27556694e-01 2.79973745e-01 8.87774587e-01 7.74620771e-01
    6.68662786e-02 8.40507865e-01 3.20564747e-01 2.62935102e-01
    7.27550030e-01 5.20372093e-01 7.29818821e-01 5.48886657e-01
    4.64205354e-01 1.62288040e-01 9.63965893e-01 3.51129770e-02
    7.22637355e-01 9.98294473e-01 9.91659284e-01 3.29045177e-01
    6.30070686e-01 9.54366922e-01 4.58163321e-02 7.26500571e-01
    5.17877340e-01 3.12455118e-01 5.60525596e-01 4.24977958e-01
    1.78154796e-01 2.77738631e-01 1.32259965e-01 3.13890159e-01
    6.74497306e-01 5.39225817e-01 3.74978483e-01 6.00485027e-01
    8.04813147e-01 7.17384756e-01 4.55744863e-02 7.46692777e-01
    9.49515343e-01 8.91765714e-01 5.30889928e-02 8.50627303e-01
    6.32049263e-01 9.51939583e-01 1.28851086e-01 6.14678025e-01
    2.56007254e-01 3.72732043e-01 1.29626036e-01 3.19260865e-01
    7.86312103e-01 3.96018445e-01 6.85517848e-01 9.59705830e-01
    4.45807666e-01 4.08116668e-01 2.11587310e-01 3.34910035e-01
    7.28015244e-01 5.54121435e-02 2.81763434e-01 5.37238836e-01
    1.98379189e-01 9.48445499e-01 4.28290516e-01 7.18468547e-01
    3.65410626e-01 4.25757706e-01 5.19841492e-01 4.17703390e-02
    6.34429038e-01 8.61091554e-01 4.84721243e-01 2.98194885e-02
    5.51041126e-01 5.63764751e-01 1.02936834e-01 8.19146633e-01
    4.37492967e-01 6.05038106e-01 3.33853662e-02 6.97384298e-01
    5.00323951e-01 9.41876829e-01 8.76715660e-01 3.79787236e-01
    1.37310237e-01 1.31041974e-01 7.67914057e-01 4.85807061e-01
    3.47820520e-01 6.05684102e-01 6.40465677e-01 7.04785883e-02
    4.11706388e-01 7.67866552e-01 9.63240027e-01 1.69279426e-01
    9.67082977e-02 5.78918099e-01 3.40821922e-01 4.51016068e-01
    6.34122610e-01 5.63075483e-01 5.78181386e-01 6.07663989e-01
    1.64335310e-01 7.93846846e-02 5.17524779e-02 5.61781466e-01
    2.04132378e-01 2.11279690e-01 6.71163857e-01 7.33638883e-01
    3.89222860e-01 4.28499311e-01 8.38537335e-01 1.54560924e-01
    4.88041341e-01 1.04734749e-01 8.05411458e-01 5.44551373e-01
    3.29416096e-01 4.06268179e-01 9.78497744e-01 5.04957080e-01
    8.85614991e-01 1.32382691e-01 3.27639520e-01 5.30901790e-01
    1.37146741e-01 6.73866868e-01 5.14012277e-01 2.87101686e-01
    6.09862506e-01 9.47430134e-02 7.64570832e-01 1.81813836e-02
    3.51354331e-01 1.21163607e-01 2.13387638e-01 2.95089066e-01
    2.95399964e-01 4.85115290e-01 3.38459969e-01 2.44846731e-01
    2.95395255e-01 6.03724778e-01 8.65606189e-01 4.93735313e-01
    9.83140767e-02 8.90151501e-01 8.27558398e-01 8.77681017e-01
    7.76447952e-01 2.02280194e-01 6.13268614e-01 5.98311424e-04
    6.44529760e-01 8.44947338e-01 1.49245679e-01 8.98108363e-01
    2.03654766e-02 1.67462975e-01 9.34514582e-01 8.84391904e-01
    2.68395901e-01 3.69029522e-01 1.14191234e-01 1.15453541e-01
    5.54789662e-01 9.47754502e-01 1.70407474e-01 7.04851866e-01
    4.91610914e-01 5.95579982e-01 8.20995212e-01 1.06023163e-01
    2.36099988e-01 4.25308943e-01 9.33726311e-01 2.55256295e-01
    3.46740961e-01 8.21533442e-01 9.82497811e-01 8.57287288e-01
    1.35127485e-01 8.72922897e-01 2.04898506e-01 8.01271379e-01
    6.40677810e-01 4.23648447e-01 1.80840164e-01 4.56133783e-02
    6.38558328e-01 3.81766349e-01 1.76001191e-02 1.83762550e-01
    3.88905942e-01 1.68357968e-01 9.64005232e-01 8.49946141e-01
    9.43053544e-01 9.85459387e-02 2.39889324e-02 9.39955711e-01
    2.84435749e-01 4.55483347e-01 6.54492378e-01 4.61724639e-01
    9.87536311e-02 5.48052311e-01 5.15876293e-01 4.25691247e-01
    2.82049775e-01 1.50303423e-01 4.09884214e-01 4.04034019e-01
    8.37320030e-01 1.44534260e-01 1.99759603e-01 8.53715777e-01
    7.64053404e-01 1.72324419e-01 4.47202623e-01 5.27970552e-01
    9.32410777e-01 2.83904076e-01 7.53306627e-01 1.30636990e-02
    9.14131641e-01 2.09834129e-01 3.50503266e-01 1.54051811e-01
    9.46221709e-01 2.52031863e-01 4.94645804e-01 3.99304837e-01
    1.70405179e-01 6.71170235e-01 7.63774395e-01 4.13373441e-01
    3.08454126e-01 1.23907477e-01 6.35453343e-01 4.82319802e-01
    9.02450621e-01 9.78140175e-01 2.70143151e-01 9.67235684e-01
    7.12389946e-02 7.31969118e-01 7.15039074e-02 4.66620415e-01
    2.17278540e-01 6.22821748e-02 6.93396628e-02 6.16674066e-01
    4.46978986e-01 3.38039517e-01 2.39040464e-01 5.94680965e-01
    2.54532248e-01 6.93549633e-01 9.27476764e-01 5.61302066e-01
    2.93381512e-01 9.10593629e-01 8.12970877e-01 6.17199898e-01
    5.32420874e-02 1.95673853e-01 2.45466888e-01 5.74115276e-01
    9.99723673e-01 2.49285102e-01 8.33093286e-01 3.11628699e-01
    9.72750545e-01 9.38652277e-01 7.93049216e-01 2.71838844e-01
    1.40355378e-01 8.86196077e-01 7.10587859e-01 7.76742458e-01
    7.30933547e-01 2.61304736e-01 8.46921206e-02 8.81724656e-01
    6.43558383e-01 3.58790338e-01 2.61864871e-01 4.38070476e-01
    4.79161441e-02 4.02684242e-01 1.36057436e-02 1.41607612e-01
    8.72012913e-01 7.84569502e-01 8.93343091e-01 4.19446468e-01
    5.92591822e-01 8.14177632e-01 3.16969514e-01 1.39819771e-01
    7.99652338e-01 7.67639279e-03 1.89549863e-01 4.61005598e-01
    3.01988006e-01 5.72995782e-01 9.31735039e-01 6.50684357e-01
    9.67090726e-01 4.47343200e-01 5.17244220e-01 4.93937016e-01
    1.69846624e-01 7.58291006e-01 6.24157667e-01 7.53567755e-01
    1.01896226e-02 2.27230161e-01 1.71454489e-01 4.94880438e-01
    5.91486454e-01 8.28446746e-02 9.58526373e-01 9.85776484e-01
    8.86895359e-02 4.25296158e-01 5.28768480e-01 2.31449246e-01
    3.27954471e-01 3.65953684e-01 9.46301222e-01 9.75856841e-01
    6.06712341e-01 6.22856855e-01 7.55334377e-01 1.37917340e-01
    2.93902636e-01 1.87782556e-01 7.35174179e-01 4.29709375e-01
    4.60283458e-02 5.84534347e-01 3.54806006e-01 1.38842136e-01
    6.51974320e-01 5.32443702e-01 5.64168334e-01 5.31287074e-01
    5.82854033e-01 1.06572628e-01 6.73349977e-01 7.34615207e-01
    9.79659557e-01 5.95606685e-01 5.22781551e-01 9.02815342e-01
    8.38951588e-01 7.15297461e-01 1.12191975e-01 4.66489404e-01
    4.75928575e-01 1.63622290e-01 9.15329576e-01 3.58385503e-01
    4.89648014e-01 1.23964846e-02 4.54994321e-01 5.51684976e-01
    1.83620811e-01 4.03699994e-01 8.27698588e-01 8.66360784e-01
    4.79310900e-01 5.32816052e-02 8.60659599e-01 8.58422160e-01
    4.14866775e-01 9.84570682e-01 4.51126695e-01 3.87231469e-01
    3.69794935e-01 5.99128604e-02 3.42455894e-01 5.94761670e-02
    9.05049443e-01 6.31822169e-01 3.55911791e-01 5.09100080e-01
    5.01703680e-01 7.61209428e-02 5.79939246e-01 7.11761832e-01
    9.39773023e-01 7.97893822e-01 8.73113513e-01 1.77475721e-01
    2.63063550e-01 1.78164005e-01 3.75694722e-01 1.70806199e-01
    2.90221632e-01 7.59316742e-01 2.56603420e-01 6.03620350e-01
    8.40388179e-01 2.85563171e-01 2.02545732e-01 1.25857234e-01
    3.03529441e-01 6.20592177e-01 6.51413441e-01 8.82788122e-01
    3.86886597e-01 5.58696985e-02 6.91155732e-01 5.61109185e-02
    1.32259727e-02 7.67864108e-01 6.29652739e-02 6.79871440e-02
    9.98398423e-01 1.77223414e-01 6.06511235e-01 7.62363136e-01
    3.20692658e-01 8.78521442e-01 9.14641261e-01 8.54221940e-01
    8.90441239e-02 9.36275661e-01 8.16555381e-01 3.80100995e-01
    2.28583425e-01 3.34344625e-01 3.27181101e-01 6.41218781e-01
    1.86152756e-02 5.81240535e-01 8.83762002e-01 6.91447258e-01
    4.11632776e-01 8.51778150e-01 7.94984162e-01 2.49513268e-01
    5.25594294e-01 5.91313958e-01 5.47195494e-01 2.46837229e-01
    8.26222897e-02 5.67923009e-01 7.15647757e-01 2.01446831e-01
    5.84836304e-02 1.34938627e-01 7.87848830e-02 4.33701426e-01
    8.77263308e-01 3.30329180e-01 9.43466604e-01 9.82940316e-01
    1.34231180e-01 7.27276087e-01 2.22780108e-01 3.79895180e-01
    2.17931479e-01 3.04883838e-01 3.06730270e-01 2.76403487e-01
    7.24670827e-01 4.60734636e-01 7.84768760e-01 7.54064500e-01
    8.88757408e-01 2.64519155e-01 8.23588669e-02 9.61143017e-01
    4.99569178e-02 9.26226974e-01 3.03675592e-01 3.71351898e-01
    6.99159086e-01 9.02371407e-02 4.20948654e-01 6.23056173e-01
    9.92165565e-01 8.77486825e-01 3.65564406e-01 4.93625075e-01
    8.18776190e-01 9.52821016e-01 7.70364046e-01 8.96459460e-01
    6.09016836e-01 6.07319772e-02 8.60386252e-01 1.68911010e-01
    3.66973072e-01 4.86290663e-01 2.96258271e-01 4.87538755e-01
    1.94136262e-01 7.79344082e-01 6.90348983e-01 8.20139289e-01
    1.01408720e-01 5.79962075e-01 5.09088039e-01 5.54691136e-01
    9.76895392e-02 1.80364549e-01 5.41738808e-01 5.03280163e-02
    8.96731138e-01 4.61267233e-01 3.34277540e-01 4.20522928e-01
    6.76349759e-01 2.89147913e-01 2.28136927e-01 1.94414139e-01
    5.60657620e-01 8.79545510e-02 3.11020792e-01 8.05442333e-02
    3.43937814e-01 8.25511098e-01 5.58075309e-01 7.93493271e-01
    7.46156216e-01 6.93261027e-02 6.95042312e-02 8.34853649e-01
    8.14853489e-01 2.08511084e-01 9.54150200e-01 2.53849566e-01
    2.19784349e-01 7.46776521e-01 5.20238101e-01 4.33991492e-01
    9.70752358e-01 7.68376112e-01 2.16307551e-01 2.59670377e-01
    1.35011375e-01 7.47617602e-01 1.81065947e-01 5.90211630e-01
    1.26651704e-01 6.71759248e-03 5.33828855e-01 3.32420588e-01
    6.34050667e-01 1.21685266e-02 5.67929745e-01 5.62783957e-01
    5.41443825e-02 1.74236178e-01 4.70091343e-01 1.24505907e-01
    7.78310299e-02 6.08970463e-01 8.09255660e-01 5.26454031e-01
    1.64178669e-01 9.59668696e-01 6.83697820e-01 2.21088231e-01
    8.88975263e-01 4.10055697e-01 4.79824483e-01 3.09629560e-01
    9.01720285e-01 6.06204629e-01 7.25076556e-01 2.58503765e-01
    4.70624864e-02 8.78815949e-01 5.16337931e-01 7.15439558e-01
    2.36790478e-02 1.19485617e-01 4.12811875e-01 4.48860556e-01
    4.70017970e-01 7.41182327e-01 2.81983674e-01 4.39041793e-01
    4.32298452e-01 4.64978427e-01 6.06104970e-01 7.27344751e-01
    3.17632854e-01 5.30153751e-01 7.14732766e-01 3.01449060e-01
    3.37660968e-01 6.20010912e-01 1.19341612e-02 6.08194649e-01
    7.40089297e-01 9.87520456e-01 9.14633632e-01 3.29721391e-01
    6.05439365e-01 3.49932045e-01 1.59906238e-01 6.18602991e-01
    9.78288531e-01 6.73989177e-01 9.26540852e-01 7.95894384e-01
    9.23412800e-01 2.43425876e-01 6.11065030e-02 7.26683259e-01
    5.01155734e-01 2.03714073e-02 1.15729541e-01 1.19070143e-01
    7.52019286e-01 6.88153684e-01 3.15030903e-01 6.67423368e-01
    8.70456934e-01 5.98438799e-01 6.73687994e-01 4.12303507e-01
    6.48716211e-01 9.75372434e-01 9.11447883e-01 6.29869819e-01
    2.12863743e-01 5.85003495e-01 6.88490808e-01 5.75810850e-01
    5.94229937e-01 4.09235030e-01 7.74486601e-01 9.08257365e-01
    1.24302387e-01 3.59734803e-01 4.58041221e-01 6.59008682e-01
    3.76702696e-01 5.81844389e-01 6.57019973e-01 8.23282182e-01
    3.73834372e-03 1.55865550e-02 4.69145536e-01 3.38451058e-01
    6.06094480e-01 1.46638334e-01 5.54644227e-01 7.92930365e-01
    8.49765241e-02 1.76790088e-01 5.10847270e-01 3.46771449e-01
    1.12333179e-01 7.75468767e-01 5.62794924e-01 5.11884391e-01
    1.97576553e-01 5.24638355e-01 4.55174029e-01 9.42116916e-01
    9.74425018e-01 4.53792959e-01 2.46746451e-01 4.35442895e-01
    4.05283302e-01 3.84975582e-01 5.20342052e-01 1.47134542e-01
    2.70977914e-02 3.56254220e-01 3.81600559e-01 2.44614571e-01
    3.69460285e-01 1.07593626e-01 8.75584006e-01 4.52032506e-01
    3.46195608e-01 7.91639566e-01 2.02599287e-01 6.65043354e-01
    8.63512695e-01 3.18982393e-01 3.53794128e-01 2.33259171e-01
    6.55464947e-01 9.91168141e-01 1.53631866e-01 4.89987642e-01
    8.47301722e-01 8.45781922e-01 1.59199387e-01 4.19700503e-01
    7.18803942e-01 9.93618846e-01 5.59812605e-01 2.34241068e-01
    3.21412802e-01 5.20604551e-02 4.43885565e-01 1.29741132e-01
    2.89246440e-02 9.51505601e-02 2.60747135e-01 5.46327412e-01
    8.67451429e-01 6.09586179e-01 1.82850629e-01 5.17470002e-01
    5.60745597e-01 3.82300556e-01 4.04480934e-01 7.15333700e-01
    4.76583242e-02 5.06191671e-01 8.66222620e-01 6.48530304e-01
    2.83730984e-01 5.55000067e-01 5.21195769e-01 3.66935611e-01
    1.45616978e-01 9.54894423e-02 6.45412683e-01 1.33287787e-01
    8.25376272e-01 5.08958399e-01 8.89146328e-01 3.80033791e-01
    4.58155394e-01 1.76649541e-01 2.01911807e-01 3.15464050e-01
    5.41863203e-01 8.41384530e-01 8.29568386e-01 8.13332617e-01
    1.92602396e-01 6.84650302e-01 3.55356276e-01 3.97519052e-01
    9.08339500e-01 3.21119547e-01 1.23914778e-01 6.81884289e-02
    6.60554767e-02 4.98585314e-01 6.92135572e-01 3.21039677e-01
    2.74349600e-01 7.62615800e-01 5.37479281e-01 2.29222745e-01
    6.01319849e-01 4.04644340e-01 1.61362112e-01 3.96681160e-01
    3.76133859e-01 6.72039390e-02 8.03110778e-01 5.97744465e-01
    1.96229219e-01 4.38408315e-01 7.10040808e-01 9.41259742e-01
    6.23195708e-01 9.86528516e-01 8.22983146e-01 4.51878875e-01
    2.46136904e-01 6.96412265e-01 1.59856588e-01 6.40424013e-01
    9.88911033e-01 1.08068556e-01 4.54547733e-01 7.97361612e-01
    1.73778027e-01 9.56927836e-02 7.72074938e-01 4.70985830e-01
    8.46414030e-01 4.00679767e-01 3.50389570e-01 5.46784818e-01
    1.05840176e-01 3.39090466e-01 9.81155813e-01 5.03075242e-01
    1.11860186e-01 3.61326039e-01 2.96840787e-01 4.80902195e-01
    9.33256805e-01 7.11532354e-01 9.54554379e-02 8.76391232e-02
    1.96177959e-02 6.96718752e-01 6.43675327e-02 6.25818372e-02
    7.85977244e-01 3.47346127e-01 5.12334347e-01 4.01471913e-01
    4.52829093e-01 6.49124384e-02 4.90576267e-01 3.19226503e-01
    3.90733093e-01 4.13303077e-01 1.34239495e-01 5.62364399e-01
    9.23927426e-01 5.15608788e-02 1.22810274e-01 9.27028596e-01
    1.13356054e-01 1.86153978e-01 5.22817552e-01 1.93515420e-03
    3.28862786e-01 7.89145589e-01 2.36582637e-01 3.93430591e-02
    3.25075597e-01 8.01905036e-01 8.04684162e-01 6.72267139e-01
    2.04451948e-01 6.10183299e-01 4.43495125e-01 4.29800212e-01
    5.52563071e-02 7.20243573e-01 6.18331850e-01 9.25739467e-01
    3.32430273e-01 4.30261254e-01 1.08731180e-01 4.45040226e-01
    5.73449373e-01 5.29283583e-01 5.70909858e-01 3.05869222e-01
    8.13393474e-01 6.08560443e-01 9.44485188e-01 8.46557856e-01
    4.80701894e-01 6.02485478e-01 5.28208315e-02 6.55930102e-01
    9.57349539e-02 2.57955194e-02 3.57226104e-01 5.53035200e-01
    2.03239471e-01 3.19996238e-01 8.03761840e-01 2.79845089e-01
    4.65158761e-01 9.50486958e-01 6.33624196e-03 8.82261753e-01
    1.62555814e-01 9.46652412e-01 3.33300501e-01 9.38624442e-01
    8.71883690e-01 8.43301415e-02 7.08956242e-01 7.89606035e-01
    4.80302274e-02 8.40508461e-01 3.88679415e-01 2.36115962e-01
    9.06122565e-01 1.53665245e-02 9.91586745e-02 3.83651495e-01
    8.95150900e-01 1.24278069e-02 5.40000260e-01 5.32508612e-01
    4.60119039e-01 8.50478351e-01 2.30324447e-01 7.52827048e-01
    5.53191185e-01 7.52757192e-01 4.31665808e-01 7.81599045e-01
    8.23233724e-01 1.27874345e-01 3.21067780e-01 7.77080894e-01
    2.52871454e-01 6.36599422e-01 3.73971015e-01 8.23178768e-01
    6.22508407e-01 7.43165493e-01 9.27994251e-01 3.12392533e-01
    7.90643930e-01 7.78764486e-04 3.49052548e-01 9.48297679e-01
    4.53519434e-01 5.17333150e-02 1.07610166e-01 4.64385748e-03
    2.10113823e-01 1.13266528e-01 1.32712662e-01 9.57714736e-01
    7.28417337e-01 7.31916666e-01 3.31218302e-01 3.54081064e-01
    5.48542380e-01 3.58188331e-01 7.24297166e-01 9.41116393e-01
    4.82190937e-01 7.54453659e-01 5.44616461e-01 4.20358658e-01
    6.62728965e-01 3.54295969e-02 8.58849168e-01 1.18819147e-01
    8.13356042e-02 3.65762144e-01 6.34247780e-01 6.93094552e-01
    1.37943894e-01 8.14105153e-01 6.08757496e-01 8.30021381e-01
    8.39734912e-01 3.03108454e-01 7.79132247e-01 2.62213349e-01
    8.32179308e-01 8.82725000e-01 5.28880358e-01 3.99932384e-01
    1.41436398e-01 4.85899895e-01 9.60422277e-01 4.01358902e-01
    5.70833683e-03 6.52418852e-01 8.31203103e-01 8.38903308e-01
    9.05470192e-01 5.20768166e-02 3.41880620e-01 4.15681154e-01
    9.34283257e-01 3.50580752e-01 9.82609630e-01 9.68746305e-01
    5.14630854e-01 3.99086893e-01 6.10246718e-01 7.17187285e-01
    2.42158353e-01 4.77615923e-01 6.68952525e-01 7.26533830e-01
    1.66586667e-01 8.15610349e-01 4.96259600e-01 1.20817125e-01
    7.54359126e-01 5.21656811e-01 3.30428898e-01 9.31250036e-01
    6.26241922e-01 7.20175266e-01 4.80639935e-01 6.10043108e-01
    9.79709744e-01 4.42713171e-01 4.59920943e-01 9.08862710e-01
    9.19258118e-01 6.61140919e-01 9.71112490e-01 1.40319169e-01
    5.40962815e-02 5.83295763e-01 4.03310061e-01 7.80823827e-02
    7.86543727e-01 3.30769718e-01 8.71513009e-01 3.63046288e-01
    7.66741276e-01 7.16343701e-01 1.88234746e-01 3.85915339e-01
    4.46110487e-01 6.85598135e-01 4.68265593e-01 2.03716666e-01
    3.51173222e-01 6.51230574e-01 5.77151120e-01 4.75244522e-01
    5.71973085e-01 6.64788246e-01 4.10544395e-01 4.98678684e-01
    8.09859216e-01 3.94176602e-01 7.70120382e-01 6.66448593e-01
    6.17422760e-01 3.11113477e-01 4.36000824e-01 7.80310571e-01
    6.87333763e-01 8.35644662e-01 2.24058479e-01 4.76350695e-01
    4.36620414e-01 5.82855463e-01 2.03561246e-01 2.86585629e-01
    6.98433220e-01 3.10030758e-01 8.31581116e-01 9.04420495e-01
    8.09087157e-02 8.36335719e-02 4.88861740e-01 3.74205321e-01
    5.61462998e-01 7.45850801e-01 8.88642073e-02 1.92665756e-01
    5.50929010e-01 2.49283373e-01 6.99866593e-01 4.21457291e-02
    4.37058955e-01 3.07678699e-01 1.89132988e-02 5.86795330e-01
    2.11550444e-01 8.77978086e-01 2.11295217e-01 5.21533728e-01
    9.80073035e-01 2.33936399e-01 4.29272741e-01 5.19145906e-01
    1.33833766e-01 7.35476136e-01 1.46945417e-02 9.99665260e-03
    4.94642168e-01 1.20593935e-01 5.65712094e-01 2.21664071e-01
    9.74523425e-02 5.12791812e-01 8.58368158e-01 7.45343268e-02
    6.56663418e-01 9.78617072e-02 1.52415037e-01 9.80996132e-01
    9.29786444e-01 3.48114669e-01 3.59067231e-01 7.41049290e-01
    3.41750741e-01 7.64547944e-01 2.64243424e-01 4.82107371e-01
    6.84706330e-01 9.91086125e-01 6.59918904e-01 8.55728626e-01
    5.83047986e-01 4.02965486e-01 1.60060912e-01 2.32208371e-02
    5.43710589e-01 3.43123496e-01 1.92108035e-01 7.45172858e-01
    8.62146378e-01 2.75500834e-01 5.32991946e-01 6.08340919e-01
    5.93406320e-01 9.45177019e-01 2.06664026e-01 4.47246194e-01
    2.86619753e-01 7.78094530e-01 6.26795471e-01 1.10596985e-01
    5.65292656e-01 7.51250386e-01 5.34278631e-01 7.21740425e-01
    9.44768786e-01 8.18477094e-01 5.72800636e-01 4.78048921e-02
    7.12443590e-01 2.28531718e-01 6.17052436e-01 1.55413091e-01
    8.89124274e-01 5.99711478e-01 7.01770186e-01 3.86699915e-01
    1.08366519e-01 8.27492356e-01 8.69459152e-01 1.80305451e-01
    3.05956304e-01 3.33913863e-02 8.71038675e-01 1.80110782e-01
    4.77586657e-01 4.58036810e-01 2.68827379e-01 1.88242495e-01
    3.22293460e-01 3.07592988e-01 7.93119788e-01 9.15685892e-01
    2.38817006e-01 5.19087255e-01 3.98042917e-01 6.59500539e-01
    9.97923613e-02 5.69887578e-01 7.91982591e-01 8.59408975e-02
    2.92115808e-02 9.32803273e-01 2.49336123e-01 8.99079442e-01
    8.53935659e-01 8.23961973e-01 3.40641677e-01 4.16414142e-01
    5.83943725e-01 1.04849577e-01 7.57295191e-01 9.73701835e-01
    6.89837396e-01 1.76576763e-01 1.00657642e-02 2.35440761e-01
    6.35939837e-02 7.55549371e-02 3.52579892e-01 9.13303018e-01
    6.96887076e-01 5.32810926e-01 7.05569983e-01 7.42070615e-01
    2.95335948e-01 5.99154472e-01 7.14467883e-01 7.41348982e-01
    7.33671486e-01 4.74575639e-01 7.98663199e-01 9.30866003e-01
    9.12913740e-01 2.11528301e-01 8.75865042e-01 7.64633715e-01
    3.60278189e-01 9.75311399e-01 7.82766938e-01 4.32544351e-02
    2.16088772e-01 3.89368415e-01 9.20891166e-02 3.01693350e-01
    6.63289905e-01 8.25862944e-01 1.74372524e-01 6.76033616e-01
    2.09956467e-01 8.65462124e-02 3.80438209e-01 4.08346146e-01
    8.81559074e-01 6.26958370e-01 3.37606966e-02 7.06751585e-01
    5.34716427e-01 2.79171288e-01 1.54588610e-01 7.47477412e-01
    5.55949986e-01 2.00654864e-01 7.05227077e-01 4.01190519e-02
    2.26783633e-01 5.65618277e-02 2.40911335e-01 2.68204153e-01
    9.59600389e-01 8.46917331e-01 4.38852429e-01 9.75085497e-01
    8.56092095e-01 9.96401548e-01 9.80042517e-01 3.14357519e-01
    5.11568785e-01 3.70887876e-01 1.76967382e-01 1.69276804e-01
    8.03021193e-01 6.03688598e-01 9.07559991e-01 9.83243823e-01
    5.08887708e-01 3.80739927e-01 7.36655653e-01 4.11626995e-01
    7.87087381e-01 8.44459176e-01 2.80346572e-01 9.41653848e-01
    2.52090245e-01 1.69358939e-01 4.98803735e-01 8.39216948e-01
    8.43194425e-01 8.25747430e-01 6.54774904e-03 6.31787956e-01
    6.02966666e-01 3.90107691e-01 1.19973779e-01 5.62636375e-01
    3.57179344e-02 6.72610462e-01 8.44406188e-01 7.75976300e-01
    7.48781145e-01 5.99321723e-01 5.07753968e-01 1.30682409e-01
    2.07918972e-01 4.01267141e-01 5.65291047e-02 1.10255390e-01
    4.73426938e-01 9.26591039e-01 9.36044633e-01 3.35181445e-01
    5.67304492e-01 4.38686669e-01 1.44811958e-01 2.23706424e-01
    7.20714152e-01 8.11375380e-02 4.61623311e-01 6.15654767e-01
    3.20873767e-01 5.69805861e-01 2.37132519e-01 5.89449942e-01
    3.37982297e-01 7.34991610e-01 7.03768194e-01 4.83954161e-01
    8.71574223e-01 8.65796864e-01 5.38264513e-01 3.10725331e-01
    8.65519524e-01 6.77180409e-01 6.49644256e-01 7.13428617e-01
    1.55775636e-01 8.27141166e-01 4.50931072e-01 5.13158143e-02
    8.17348123e-01 5.18579721e-01 5.68477809e-01 3.61571312e-01
    9.69848573e-01 5.39263546e-01 5.46075404e-01 3.57924104e-01
    9.69962239e-01 3.53668064e-01 1.80022091e-01 6.91107810e-01
    2.25913316e-01 6.15698457e-01 7.09876597e-01 1.14916712e-01
    2.90287793e-01 2.20975280e-03 7.56884694e-01 7.43457973e-02
    4.44310814e-01 2.07577944e-02 6.96186423e-02 5.82299709e-01
    7.81285524e-01 6.62039340e-01 6.54530168e-01 2.49897748e-01
    3.53248298e-01 9.06821370e-01 5.29142022e-02 2.80474722e-01
    6.76170290e-01 2.23782629e-01 9.82630968e-01 6.10164881e-01
    2.31260955e-01 3.14314067e-01 6.15888476e-01 7.93499827e-01
    6.69360936e-01 6.53030634e-01 4.66836452e-01 9.52849746e-01
    1.36733532e-01 6.52457595e-01 2.90490061e-01 1.04703575e-01
    2.68527091e-01 4.41404581e-01 2.12237746e-01 2.02965707e-01
    7.70860076e-01 3.46167445e-01 7.13789344e-01 5.76720238e-01
    9.64337587e-01 5.92412353e-01 7.76403308e-01 7.58543611e-02
    8.86015236e-01 5.05421162e-01 1.62339300e-01 2.78650850e-01
    8.60341012e-01 9.04306769e-01 2.20273405e-01 3.08726311e-01
    4.93599772e-02 4.38314945e-01 4.53512967e-01 7.82903850e-01
    8.94859791e-01 3.02904010e-01 9.53153968e-02 3.57012451e-02
    2.22493619e-01 1.71366334e-01 8.28968287e-01 8.81125331e-01
    2.13504136e-01 7.31677592e-01 5.36297023e-01 7.71843791e-02
    4.68132675e-01 4.23034400e-01 9.76514816e-01 7.16680050e-01
    9.29307759e-01 3.03774387e-01 5.66255569e-01 1.52227163e-01
    9.54069614e-01 7.69798756e-01 9.45281863e-01 8.36992264e-03
    1.27709210e-01 2.51784325e-02 2.05894709e-01 2.63567567e-01
    4.14933562e-02 4.91757274e-01 8.24505210e-01 7.83559561e-01
    2.14744359e-01 1.63260132e-01 7.30423510e-01 3.03713381e-01
    7.09452391e-01 6.34127855e-02 8.16782832e-01 2.48150378e-01
    5.65102100e-02 2.90640056e-01 8.06397319e-01 6.83669090e-01
    2.99566388e-01 1.53580993e-01 1.55380160e-01 4.25964653e-01
    7.57683635e-01 9.00381327e-01 5.95793366e-01 7.65632629e-01
    7.58210063e-01 8.32558513e-01 4.74414498e-01 3.72730613e-01
    4.29182887e-01 3.59635592e-01 9.78616476e-01 1.08113557e-01
    8.10273409e-01 1.39827549e-01 2.88973451e-01 5.13884306e-01
    3.02662402e-01 9.36011910e-01 6.15995228e-01 5.25090218e-01
    1.47359073e-02 7.05061793e-01 4.00001705e-01 2.47911036e-01
    2.14247644e-01 4.99724388e-01 2.97537476e-01 9.28121090e-01
    8.72472227e-01 7.44551778e-01 3.29417169e-01 7.55609155e-01
    3.12925696e-01 1.45737946e-01 2.54566014e-01 8.87805223e-01
    6.83153033e-01 8.61649156e-01 8.44141901e-01 8.37275863e-01
    8.53104353e-01 3.55665624e-01 4.49617296e-01 2.50182867e-01
    6.02511406e-01 2.63562024e-01 9.76881862e-01 5.84628046e-01
    3.70678514e-01 2.31207013e-01 3.31360698e-01 9.59739983e-02
    3.67378294e-01 4.84044075e-01 6.63118422e-01 9.94493067e-02
    8.46406698e-01 2.82823443e-01 9.24981117e-01 7.92334437e-01
    6.14430428e-01 7.70992458e-01 8.26547861e-01 4.76529121e-01
    8.31986785e-01 3.89746845e-01 5.23290157e-01 8.80427182e-01
    3.25769961e-01 9.69105244e-01 1.93608999e-02 1.93058550e-01
    1.39024079e-01 2.77665794e-01 2.47832596e-01 3.67944241e-01
    6.42461181e-01 4.18711901e-02 3.96774650e-01 1.14511222e-01
    3.18770945e-01 1.56673014e-01 2.60335088e-01 4.88228738e-01
    1.32896930e-01 7.62459993e-01 5.22318661e-01 8.32673609e-01
    4.61704552e-01 6.79922760e-01 7.26838410e-02 3.69457334e-01
    5.32341838e-01 7.00827241e-02 3.83564293e-01 6.51172757e-01
    9.18272257e-01 3.29945564e-01 3.37773740e-01 9.94441450e-01
    7.50520468e-01 8.08963120e-01 8.72117639e-01 4.15746868e-01
    1.60393268e-01 9.54119444e-01 4.71305668e-01 3.45876813e-02
    9.80530500e-01 9.14533079e-01 2.50639439e-01 7.69958138e-01
    2.43866742e-02 8.60310555e-01 8.85335386e-01 3.85370016e-01
    3.59638602e-01 6.21210039e-01 1.98541552e-01 8.69863033e-01
    8.84070694e-01 9.56727028e-01 1.18575752e-01 2.34119743e-01
    1.35223716e-01 6.64118707e-01 2.79713929e-01 6.54709637e-01
    2.97239989e-01 7.96834290e-01 8.54442477e-01 6.55598462e-01
    8.67942274e-01 1.08509392e-01 6.22904181e-01 1.73389465e-01
    2.76272148e-01 2.69702315e-01 4.82813656e-01 8.95022511e-01
    3.69806647e-01 1.15186214e-01 3.85239452e-01 2.04518348e-01
    8.60952020e-01 2.71854013e-01 1.32820904e-01 1.54458970e-01
    3.97200376e-01 1.04886055e-01 2.02656686e-02 8.65737498e-02
    4.35602367e-02 5.15531480e-01 7.22776234e-01 7.17514277e-01
    8.93153489e-01 2.98397601e-01 4.04718697e-01 8.79192352e-02
    6.66509032e-01 9.37135637e-01 6.45828545e-02 8.59506905e-01
    3.47427845e-01 5.01616538e-01 3.42171878e-01 7.47669637e-02
    1.25238597e-02 4.57034856e-01 6.08649611e-01 4.55624759e-02
    1.43861681e-01 2.77179390e-01 6.65414631e-02 1.86281204e-01
    1.69914216e-01 3.20039690e-02 3.29167277e-01 4.04777735e-01
    5.52172840e-01 5.36639333e-01 9.28051174e-01 1.81854725e-01
    2.63804138e-01 1.56636178e-01 5.51892936e-01 2.68542469e-01
    5.86253405e-02 8.49191070e-01 3.93149257e-02 1.38433367e-01
    9.95962739e-01 5.44165075e-01 8.85713398e-02 4.82938230e-01
    2.44038761e-01 1.17227823e-01 5.65698922e-01 8.88039589e-01
    7.47952044e-01 1.60186380e-01 2.64721751e-01 4.50287461e-02
    5.63063622e-02 8.90341103e-01 6.03923857e-01 6.22815669e-01
    6.00372255e-01 3.93516749e-01 2.42884219e-01 6.17488265e-01
    8.21382999e-02 4.25815880e-02 8.43696415e-01 1.88679099e-02
    5.85682034e-01 5.05178332e-01 8.26976597e-01 8.98722410e-02
    5.86829305e-01 5.04703999e-01 1.42166913e-01 2.63578981e-01
    2.15017498e-01 4.59529638e-01 4.03282642e-02 5.95429659e-01
    5.01698375e-01 3.93535942e-01 1.49210513e-01 7.36162603e-01
    7.57234335e-01 8.40544403e-02 5.67419827e-02 2.77202874e-01
    9.01810169e-01 9.92663860e-01 2.84972787e-03 6.41405344e-01
    4.29094076e-01 8.04473162e-02 7.90859222e-01 6.44296706e-02
    1.61585391e-01 8.07619750e-01 8.51212144e-02 4.01104689e-02
    2.11267889e-01 9.39899743e-01 8.73463929e-01 2.55319059e-01
    8.04353356e-01 2.33492047e-01 2.11769760e-01 1.75223321e-01
    6.36086226e-01 7.89319634e-01 9.59620237e-01 2.27329105e-01
    1.76943094e-01 8.26210260e-01 7.10206687e-01 1.63015574e-01
    1.66574508e-01 9.35259163e-02 4.26333696e-01 8.36034596e-01
    7.11802483e-01 8.44056129e-01 2.23558247e-02 3.83675694e-01
    3.18007350e-01 1.39153212e-01 3.18846822e-01 5.66058755e-01
    5.12008011e-01 8.83519650e-01 1.79398060e-02 9.83670950e-01
    7.42435753e-02 7.47163713e-01 2.75874615e-01 8.19791198e-01
    2.49367356e-02 7.79650807e-01 3.08420718e-01 5.13477027e-01
    4.07171965e-01 4.46608067e-02 9.71248984e-01 9.85846400e-01
    1.17025226e-01 8.87328386e-03 8.01379979e-01 8.89665008e-01
    2.29163706e-01 4.76806253e-01 2.51056612e-01 3.00358772e-01
    8.79681945e-01 6.31031096e-02 4.90357935e-01 9.15186167e-01
    5.08376360e-01 6.56160951e-01 9.97389317e-01 7.62554407e-01
    9.00008917e-01 1.69008225e-01 8.86369944e-01 1.84423923e-01
    1.70211226e-01 8.77367735e-01 6.64261580e-02 2.29393393e-01
    3.41045439e-01 9.63141978e-01 2.29895622e-01 4.99100477e-01
    8.70453954e-01 6.92239165e-01 4.14090276e-01 6.33580327e-01
    7.56720126e-01 9.28153992e-01 9.68747258e-01 3.01704764e-01
    1.10112488e-01 7.15545893e-01 9.38398421e-01 4.76603746e-01
    7.60838985e-01 6.84122384e-01 5.97322404e-01 9.72443283e-01
    7.19241977e-01 7.88182199e-01 8.46613646e-01 6.04191482e-01
    8.44189286e-01 3.10428202e-01 9.71886992e-01 7.90155828e-01
    5.45652986e-01 4.58090842e-01 6.19472563e-02 7.07726717e-01
    9.87623036e-01 2.22041726e-01 3.02037239e-01 3.16544533e-01
    7.62866497e-01 2.14192331e-01 2.21676946e-01 6.93492115e-01
    7.77130842e-01 5.28267145e-01 6.37487352e-01 1.86599940e-01
    9.39547718e-02 7.49501228e-01 3.41727018e-01 7.32176900e-02
    8.97079289e-01 7.91853070e-02 4.31511045e-01 3.13646257e-01
    5.54520786e-01 7.71319628e-01 8.70776057e-01 9.52886343e-01
    3.44574749e-01 9.11883235e-01 6.79600418e-01 6.66311383e-03
    8.80892634e-01 1.94278806e-01 2.19217837e-01 3.26941013e-01
    5.38832545e-01 7.05777407e-01 6.59461498e-01 3.25869322e-02
    8.06421340e-01 6.73809409e-01 9.83968139e-01 3.92415375e-01
    9.47007656e-01 4.04264450e-01 5.25511801e-02 6.93188965e-01
    7.49846280e-01 6.45081580e-01 5.95454812e-01 1.81753993e-01
    3.38140756e-01 6.60013437e-01 1.67630583e-01 1.22785002e-01
    3.88188452e-01 2.30000407e-01 8.68362963e-01 1.10621899e-01
    6.30863547e-01 8.38727832e-01 5.43519258e-01 3.47601235e-01
    8.42105746e-01 2.09709227e-01 4.53399092e-01 4.51367497e-01
    9.22995567e-01 7.06187487e-01 8.85933220e-01 1.39687479e-01
    3.99155378e-01 7.13145316e-01 3.51299465e-01 8.46431434e-01
    7.66964734e-01 7.27318227e-01 7.70596981e-01 3.19328934e-01
    8.12277794e-02 2.17521399e-01 2.19880730e-01 3.61323893e-01
    1.55368477e-01 5.20802259e-01 2.88080215e-01 4.56327975e-01
    8.89957607e-01 8.40245962e-01 3.89446378e-01 3.54664773e-01
    7.94784904e-01 4.52018052e-01 7.35607147e-02 1.52307451e-01
    9.09335971e-01 9.67784882e-01 5.76807559e-01 4.38445061e-01
    6.68993711e-01 5.70265591e-01 9.57470298e-01 4.79820073e-01
    7.29011178e-01 8.51940453e-01 4.81820434e-01 4.13689315e-02
    1.03985667e-02 3.06150913e-02 6.16050363e-02 1.54475391e-01
    2.40481377e-01 8.09151649e-01 5.23084819e-01 2.88022786e-01
    7.39742577e-01 8.13197970e-01 7.09319532e-01 2.83273518e-01
    7.28354335e-01 5.43150425e-01 6.67363286e-01 9.58768725e-01
    3.38659018e-01 3.68293703e-01 2.56756961e-01 9.93597984e-01
    3.91457498e-01 1.82127237e-01 6.13004208e-01 6.10032976e-02
    1.43755555e-01 9.83996391e-02 6.84203267e-01 9.52211380e-01
    9.52572107e-01 4.46510017e-01 8.40334773e-01 8.58540893e-01
    5.34069538e-01 8.62831414e-01 8.23613524e-01 9.75773990e-01
    8.92877936e-01 3.82546246e-01 9.61217403e-01 4.72514898e-01
    2.37041146e-01 6.74429715e-01 2.58716732e-01 1.44735396e-01
    7.87960052e-01 6.46824718e-01 5.09210408e-01 1.30901039e-02
    1.86066300e-01 3.78376007e-01 5.93684494e-01 2.20080316e-02
    9.11666632e-01 4.45884556e-01 5.29676199e-01 5.76541126e-01
    6.12413287e-01 3.27116489e-01 5.94592750e-01 2.15030551e-01
    6.13666296e-01 4.91545677e-01 9.57094312e-01 9.40659165e-01
    4.50706273e-01 4.70012397e-01 4.39826012e-01 2.62324542e-01
    6.53142810e-01 8.19071054e-01 4.65521097e-01 9.38521624e-01
    3.64722669e-01 6.32549167e-01 2.18017399e-02 8.07537556e-01
    7.10294843e-01 4.72448766e-01 9.29748714e-02 4.01717812e-01
    5.42460382e-01 2.53219694e-01 7.38938570e-01 2.28400916e-01
    4.86962020e-01 1.51935071e-01 1.55929893e-01 9.31554079e-01
    5.48521757e-01 6.09581232e-01 2.91416228e-01 9.26466465e-01
    2.63162911e-01 5.40820658e-01 2.92926252e-01 5.33254802e-01
    7.73115516e-01 8.23723197e-01 3.90396476e-01 2.20365107e-01
    2.97045052e-01 6.75117254e-01 2.90109932e-01 2.66732275e-02
    1.07553840e-01 2.37915486e-01 9.22294021e-01 8.88591051e-01
    8.96485448e-02 8.39381814e-01 8.62181485e-01 8.42788398e-01
    3.15068811e-01 2.03953266e-01 5.24770737e-01 1.80007935e-01
    8.40205669e-01 2.29190499e-01 6.06145799e-01 1.41053081e-01
    4.60798025e-01 9.11435246e-01 9.77746487e-01 6.13694489e-02
    6.86173558e-01 1.14132404e-01 4.60183233e-01 7.22311795e-01
    1.13966256e-01 5.09031296e-01 8.07506084e-01 2.80632973e-02
    8.54619384e-01 1.97327375e-01 6.83867753e-01 8.59168828e-01
    8.06471765e-01 7.99083173e-01 1.49848104e-01 7.30136812e-01
    9.76373911e-01 2.47040778e-01 6.76087141e-01 5.36831856e-01
    6.64178848e-01 4.41337705e-01 9.32546496e-01 8.15373719e-01
    2.76255488e-01 2.64033973e-01 4.07939762e-01 2.34627038e-01
    9.34441566e-01 9.69888330e-01 3.40149999e-01 1.23117715e-01
    8.68769169e-01 9.22016263e-01 1.45055324e-01 5.64847887e-02
    8.28075647e-01 5.74512541e-01 3.08034241e-01 1.46778226e-01
    6.36728048e-01 6.05278850e-01 7.29007959e-01 6.02931857e-01
    2.73420513e-01 7.02701807e-02 3.05012167e-01 8.65359902e-01
    5.26310980e-01 8.13915491e-01 5.92889547e-01 3.76515508e-01
    2.75721312e-01 9.54172850e-01 9.22489166e-03 2.96105206e-01
    7.19789207e-01 7.24627137e-01 3.34351957e-01 1.11532271e-01
    8.78527403e-01 4.50131595e-02 4.18300927e-01 5.05684555e-01
    8.13900769e-01 1.87813044e-02 9.38186765e-01 1.33080810e-01
    9.38981533e-01 6.51113451e-01 5.73117554e-01 7.07281649e-01
    7.08547592e-01 6.56620383e-01 1.85487658e-01 7.38599420e-01
    5.63007653e-01 5.42984962e-01 4.90084052e-01 5.45535743e-01
    8.56928170e-01 6.14924610e-01 8.77150774e-01 7.23724723e-01
    9.01845694e-01 3.58277977e-01 5.57622433e-01 3.11089337e-01
    9.18306828e-01 5.20192862e-01 6.96437359e-01 3.96094620e-01
    4.90417808e-01 5.33323169e-01 3.60531121e-01 5.23245096e-01
    4.19811577e-01 7.86507666e-01 2.52150863e-01 1.05038911e-01
    7.11798251e-01 7.08661914e-01 9.61669445e-01 6.29492998e-01
    3.28930974e-01 2.35157102e-01 2.63699263e-01 3.67025375e-01
    2.75525391e-01 3.68938565e-01 3.37159872e-01 8.89477193e-01
    6.65265858e-01 2.31269389e-01 7.35624194e-01 5.25312483e-01
    2.63957262e-01 5.59239686e-01 5.44401765e-01 2.40843952e-01
    5.18357456e-01 9.05831695e-01 6.90101087e-02 6.27592802e-02
    9.21602547e-02 5.03505468e-01 3.99194777e-01 7.32828498e-01
    9.65589762e-01 8.19927454e-01 8.07758570e-02 5.44471502e-01
    5.35245359e-01 7.29665339e-01 8.25768471e-01 4.84042108e-01
    8.94130468e-02 7.35235453e-01 8.72223973e-01 7.96295047e-01
    5.45871973e-01 7.45093226e-02 1.48900837e-01 6.92367375e-01
    5.50925374e-01 8.41915607e-02 4.12007540e-01 1.69984967e-01
    9.76960599e-01 4.26627636e-01 5.72906792e-01 7.13499904e-01
    3.36697042e-01 7.80350208e-01 3.99085820e-01 1.37149125e-01
    5.40421903e-01 6.63222075e-01 9.19517100e-01 8.71504962e-01
    2.38088310e-01 9.28156376e-01 3.08118433e-01 6.57689989e-01
    9.78789687e-01 7.62823105e-01 9.00792003e-01 7.80022979e-01
    8.04810226e-01 6.37043357e-01 1.64284110e-02 1.03732646e-01
    5.19201636e-01 7.51418710e-01 8.18191826e-01 5.62588573e-01
    8.59060526e-01 6.37892127e-01 5.35120130e-01 8.60798359e-02
    7.86933303e-03 8.12497199e-01 2.97023803e-01 8.56348515e-01
    9.91683245e-01 7.26590633e-01 5.33918381e-01 2.03026861e-01
    9.38761532e-02 9.01935160e-01 4.94073391e-01 6.09476566e-01
    8.35739374e-02 2.11421043e-01 8.18764269e-02 7.04208314e-01
    3.46048415e-01 6.65227532e-01 1.34249479e-01 4.95142579e-01
    1.90274239e-01 9.87351000e-01 8.03275406e-01 1.60960406e-01
    1.10136658e-01 8.30795705e-01 2.06084549e-02 5.84964454e-01
    9.26460564e-01 7.64388442e-01 1.78455919e-01 7.18471527e-01
    8.10892701e-01 3.48636329e-01 4.62798923e-01 5.72168648e-01
    7.35606253e-02 5.95251977e-01 7.53959656e-01 4.10774410e-01
    3.65259349e-01 4.92662102e-01 5.71876943e-01 3.56101334e-01
    7.13631392e-01 7.96586514e-01 7.19446361e-01 4.10146147e-01
    4.21362549e-01 1.19797885e-01 3.04365903e-01 6.49550676e-01
    3.34887147e-01 8.30814242e-01 5.79479396e-01 9.29024577e-01
    3.46628070e-01 7.21736193e-01 3.05315048e-01 3.67954731e-01
    7.90148735e-01 4.06173557e-01 1.08128548e-01 8.31310451e-01
    4.57615793e-01 7.14058697e-01 6.45925462e-01 7.29238510e-01
    8.92496347e-01 6.43372416e-01 4.50736374e-01 8.87789845e-01
    3.88317019e-01 3.88193727e-01 9.14670587e-01 2.30668843e-01
    7.49782801e-01 1.14185214e-02 4.30261433e-01 9.96500850e-01
    5.03611267e-01 8.96095514e-01 8.95038724e-01 7.22108483e-01
    1.07863098e-01 3.96674961e-01 4.21924502e-01 3.74941647e-01
    1.94989562e-01 4.13135141e-01 8.31571102e-01 7.36575723e-02
    8.48153770e-01 5.65381467e-01 3.09694439e-01 1.68245703e-01
    4.92288023e-01 9.29540634e-01 1.41662717e-01 3.66838336e-01
    2.02415586e-01 8.92338276e-01 6.01738095e-02 6.20786786e-01
    8.79263699e-01 8.08648944e-01 4.48562086e-01 4.57860261e-01
    1.98165506e-01 8.13990712e-01 7.82431364e-01 9.32760715e-01
    8.85636866e-01 1.74655795e-01 4.45648462e-01 1.72844350e-01
    2.99387664e-01 9.10570860e-01 7.16887116e-01 5.59820652e-01
    1.19347006e-01 2.77447134e-01 2.84277141e-01 6.36065781e-01
    1.77211463e-01 9.44801748e-01 7.60406733e-01 6.01782739e-01
    9.42376673e-01 6.92508340e-01 8.49558890e-01 4.76173580e-01
    8.30112219e-01 1.23035699e-01 3.66247654e-01 6.00834727e-01
    1.89183950e-01 9.89314139e-01 6.16555750e-01 4.47556436e-01
    5.89078844e-01 6.52690172e-01 4.63762939e-01 3.54521185e-01
    5.27089238e-02 9.32830691e-01 1.68402880e-01 7.56301105e-01
    7.23302901e-01 8.76650810e-01 3.18051577e-01 1.30108476e-01
    1.69520676e-01 9.55099344e-01 4.38991785e-02 4.84526962e-01
    5.65334380e-01 7.42164493e-01 3.18197727e-01 3.68666291e-01
    1.55588090e-02 6.23476267e-01 2.36332357e-01 1.85437769e-01
    4.49075699e-01 9.20424819e-01 8.63832355e-01 8.65072191e-01
    2.42430329e-01 5.34667075e-01 5.99351645e-01 8.73033285e-01
    2.85370231e-01 2.22787201e-01 9.31169927e-01 3.17494124e-01
    6.38559461e-01 5.00654280e-01 2.60298550e-01 7.35785484e-01
    5.38879037e-01 9.00336027e-01 9.28624034e-01 3.85662943e-01
    7.42082894e-01 8.25880170e-02 9.18245912e-01 3.10170650e-02
    5.77872455e-01 5.74817061e-01 8.97483349e-01 4.68661964e-01
    5.58251262e-01 6.82142079e-01 7.00260878e-01 2.18669146e-01
    4.89199162e-03 7.63505220e-01 5.20038605e-03 3.09756517e-01
    2.17438638e-02 1.91228956e-01 6.92247629e-01 4.87373203e-01
    7.95442641e-01 5.02519906e-02 4.87369597e-02 1.58660352e-01
    7.34108686e-01 2.46044517e-01 5.15508533e-01 7.13015795e-01
    2.64452398e-01 8.68257880e-01 2.20127612e-01 5.72124124e-01
    4.53369260e-01 7.56726384e-01 8.69713664e-01 5.99538803e-01
    4.63544518e-01 3.78539979e-01 3.26849759e-01 9.14290369e-01
    7.63008118e-01 7.10895717e-01 4.13132757e-01 6.69250011e-01
    1.29282266e-01 3.33845377e-01 8.39452088e-01 6.34901285e-01
    9.24239516e-01 2.76672602e-01 8.93837571e-01 7.80509472e-01
    6.62290931e-01 5.85699379e-01 2.43395299e-01 7.43222952e-01
    5.83992004e-01 5.87440193e-01 4.98843193e-02 7.98627496e-01
    2.37282693e-01 7.66814053e-02 3.69990051e-01 8.69664788e-01
    2.42996842e-01 3.24480563e-01 4.01276767e-01 4.90873635e-01
    7.64884233e-01 3.33500504e-01 8.72701883e-01 1.31310552e-01
    7.03153193e-01 3.83058518e-01 9.08968151e-01 4.31945860e-01
    9.10668790e-01 5.47346175e-02 6.31743073e-01 8.37757826e-01
    2.04185188e-01 8.27283740e-01 6.18875384e-01 8.20764780e-01
    6.16604447e-01 4.58908737e-01 2.78899848e-01 7.59270132e-01
    7.47863650e-02 5.56162357e-01 1.58505559e-01 9.53808367e-01
    1.57255471e-01 2.90842235e-01 5.37206769e-01 2.39309251e-01
    5.14493585e-01 2.44854808e-01 8.65157008e-01 5.60104907e-01
    1.82726741e-01 6.40200436e-01 4.23218131e-01 4.16630745e-01
    5.51314950e-01 6.49392009e-01 4.24997807e-01 2.61206269e-01
    4.40453261e-01 3.21953595e-02 9.24272954e-01 8.73152912e-01
    3.27632606e-01 2.22231925e-01 2.54672706e-01 5.09318531e-01
    2.43131876e-01 9.84663069e-01 2.25039601e-01 6.24562085e-01
    2.67110705e-01 8.34160745e-01 2.01060951e-01 2.81106532e-02
    6.56909645e-01 6.98315144e-01 1.68377131e-01 6.86676681e-01
    6.43091798e-01 1.34628177e-01 2.35482067e-01 7.45010853e-01
    7.93445587e-01 5.04336715e-01 5.74448943e-01 7.67981708e-01
    8.27627480e-01 3.73312294e-01 4.81675118e-01 9.45942402e-01
    7.49107778e-01 8.21052194e-01 2.96356618e-01 1.15423262e-01
    3.12177062e-01 3.96587580e-01 7.22687125e-01 6.10437751e-01
    6.33851707e-01 2.29295701e-01 5.80887854e-01 7.36932456e-01
    3.16061974e-02 1.83109373e-01 8.40433776e-01 7.84117222e-01
    6.78554773e-02 3.43329638e-01 1.02721393e-01 2.13945448e-01
    2.45351046e-01 2.49114990e-01 7.68098950e-01 4.62269098e-01
    5.64142704e-01 9.27193880e-01 5.73853970e-01 1.02072299e-01
    9.27891135e-01 3.34789753e-01 2.72616625e-01 9.05156374e-01
    3.43309700e-01 3.31731945e-01 7.44656563e-01 7.87747622e-01
    6.14400864e-01 1.07230991e-01 9.57038164e-01 9.25753355e-01
    8.97926986e-01 3.43064755e-01 1.26559466e-01 3.55439693e-01
    5.90790629e-01 1.05759323e-01 1.71180695e-01 6.42415583e-02
    2.40530401e-01 5.87378919e-01 3.02720934e-01 6.10267460e-01
    9.37635601e-02 3.29467773e-01 8.25669587e-01 1.38255358e-02
    8.16246867e-02 2.07263857e-01 7.77433574e-01 9.49221313e-01
    6.35688007e-01 9.26370621e-01 3.00816625e-01 2.69163013e-01
    2.68397212e-01 7.05601096e-01 1.62754685e-01 9.69208956e-01
    2.95572221e-01 6.87558174e-01 8.68156970e-01 4.22043204e-02
    8.14905882e-01 1.70804203e-01 9.07226205e-01 5.98279536e-02
    7.86944389e-01 6.79360867e-01 3.97755235e-01 5.38239717e-01
    6.98438287e-01 5.71538985e-01 2.17080116e-04 4.37507749e-01
    4.26915705e-01 6.96312189e-01 3.67499501e-01 6.02519512e-01
    8.42293143e-01 4.11446184e-01 1.72869533e-01 3.64511847e-01
    3.81191701e-01 2.29647994e-01 8.06367278e-01 4.40616071e-01
    8.62861872e-01 8.63448024e-01 9.21991169e-01 5.01189113e-01
    9.29111481e-01 8.54790211e-01 1.57157302e-01 2.97259271e-01
    1.13731325e-01 9.18946266e-01 9.04762208e-01 7.59042203e-02
    4.05922055e-01 3.44198525e-01 4.20229435e-02 9.33747172e-01
    3.62950802e-01 5.29999912e-01 5.69129467e-01 1.65195644e-01
    3.63771558e-01 8.48860979e-01 5.54495394e-01 2.93799937e-01
    9.69724417e-01 2.28543043e-01 1.55083686e-01 9.70784903e-01
    9.02873278e-01 9.46750939e-01 5.81131399e-01 7.81823754e-01
    7.74009705e-01 6.08191371e-01 9.79273796e-01 8.49867821e-01
    1.19741708e-01 6.24091506e-01 6.91194117e-01 5.52587450e-01
    6.08100891e-01 1.46487474e-01 5.96543252e-01 3.05397689e-01
    6.72637582e-01 2.82322049e-01 7.19798625e-01 1.37677401e-01
    6.17167890e-01 8.29543531e-01 1.91885382e-01 5.92007399e-01
    6.74732685e-01 2.07923770e-01 1.24557912e-02 1.83345795e-01
    4.63104725e-01 6.28031313e-01 7.04408646e-01 5.61147988e-01
    7.77304292e-01 5.97939432e-01 9.94196653e-01 1.47105843e-01
    4.76123273e-01 5.94299138e-01 5.36330521e-01 9.16928172e-01
    9.65517282e-01 4.29627627e-01 6.50237799e-01 4.90814447e-04
    3.66417468e-01 3.93741965e-01 6.81559443e-01 2.00185627e-01
    3.44289184e-01 6.64988995e-01 6.53871894e-02 5.28993011e-02
    2.59116411e-01 1.29004568e-01 7.36267209e-01 6.18802249e-01
    4.95916247e-01 6.02229178e-01 3.37770283e-02 1.93421245e-01
    3.44030231e-01 3.61277401e-01 2.40892768e-02 7.35531390e-01
    7.53513277e-02 7.61645675e-01 1.70657009e-01 8.49356771e-01
    2.85126448e-01 2.20967442e-01 2.46485114e-01 7.68058419e-01
    3.28600764e-01 1.19867206e-01 6.62845731e-01 1.01655364e-01
    9.86499012e-01 7.24498928e-01 2.69891024e-02 5.58556914e-01
    4.53296304e-01 2.81415105e-01 1.32299066e-01 8.14273059e-02
    2.88123697e-01 3.55253428e-01 8.31196845e-01 5.50211966e-01
    6.06029749e-01 9.40857112e-01 2.85902202e-01 9.77844238e-01
    1.58187598e-01 6.04876876e-01 8.41026306e-01 8.48731935e-01
    5.01643062e-01 1.65254682e-01 3.08785439e-01 1.04658484e-01
    1.84423238e-01 9.30112064e-01 4.22623307e-01 8.12848091e-01
    6.24870121e-01 6.67759776e-03 5.11301816e-01 5.98979175e-01
    5.01311421e-02 3.53961527e-01 4.63280976e-01 2.04295456e-01
    3.79917115e-01 5.61564267e-01 2.53869534e-01 6.66287303e-01
    6.91857934e-03 1.62097633e-01 1.53454155e-01 4.21534300e-01
    8.29781771e-01 5.56091189e-01 1.62798762e-01 7.46402323e-01
    2.42595136e-01 1.57038569e-02 9.57727551e-01 2.09406167e-01
    4.67322886e-01 3.78202289e-01 7.07610369e-01 6.94190621e-01
    1.70538276e-01 4.64671314e-01 2.35908389e-01 3.91354948e-01
    3.22574943e-01 6.99211836e-01 5.36725879e-01 8.37314129e-01
    2.44173020e-01 9.95423198e-02 4.34021503e-01 3.55031490e-01
    8.94453764e-01 8.75859082e-01 5.87223768e-02 1.74939960e-01
    7.07442999e-01 4.06418741e-02 8.52295160e-01 6.43893421e-01
    3.02575827e-02 6.63127840e-01 5.69009840e-01 1.53429806e-02
    4.52149928e-01 8.40882123e-01 3.18254232e-01 7.10045576e-01
    4.23165500e-01 1.49332285e-01 8.03537488e-01 1.60207301e-01
    6.52593970e-01 1.84514821e-02 9.90791798e-01 6.66363835e-02
    8.85028481e-01 9.68301415e-01 7.83733249e-01 2.43125737e-01
    9.89718556e-01 1.84702605e-01 2.50277400e-01 9.56914842e-01
    9.81772482e-01 9.44969118e-01 6.04704499e-01 4.25559282e-02
    3.62823606e-01 3.64975721e-01 8.85488987e-01 3.45758826e-01
    3.69101375e-01 9.44101810e-03 3.02096307e-01 4.87571239e-01
    2.66303062e-01 6.56030357e-01 8.96104455e-01 2.44152606e-01
    9.27224457e-01 2.53951132e-01 2.61946797e-01 6.08866513e-01
    8.63242626e-01 9.40442443e-01 2.23460585e-01 6.52067363e-02
    4.53612775e-01 7.33450115e-01 7.73073137e-01 3.32942009e-02
    9.66838241e-01 2.03988761e-01 5.98020256e-02 9.10314500e-01
    5.66547930e-01 3.92169058e-01 4.97070044e-01 1.91527605e-03
    6.00816309e-02 5.34088075e-01 3.98527592e-01 4.99124169e-01
    4.88571793e-01 4.22551304e-01 3.69530916e-02 8.03223968e-01
    3.48284811e-01 5.10573745e-01 8.24581385e-01 5.15501559e-01
    6.03072882e-01 4.44819897e-01 9.03530419e-01 7.58478045e-03
    7.53067613e-01 4.90479082e-01 4.47006226e-01 6.13397956e-01
    9.05419111e-01 1.18465543e-01 5.74094892e-01 4.42558527e-02
    9.05644774e-01 8.75825882e-01 2.18848646e-01 8.98061633e-01
    1.16981149e-01 1.83935732e-01 2.94515133e-01 1.39186293e-01
    5.06846189e-01 6.63517833e-01 6.23263597e-01 9.25625443e-01
    1.21150851e-01 5.40543079e-01 4.87521172e-01 8.72083127e-01
    8.59891355e-01 2.14124948e-01 4.28632170e-01 9.43604946e-01
    2.83532500e-01 8.01794231e-01 8.28824878e-01 3.32290053e-01
    5.13155699e-01 8.07264566e-01 6.76842153e-01 4.92864758e-01
    8.23760986e-01 3.99669856e-01 6.40002012e-01 3.26376498e-01
    2.12014735e-01 7.99906909e-01 1.97833776e-02 5.67123830e-01
    5.52006721e-01 9.24527645e-01 7.24350572e-01 7.42038310e-01
    6.26463652e-01 1.14363551e-01 8.57270479e-01 1.32900268e-01
    3.47594261e-01 6.56505048e-01 1.72093928e-01 5.19392729e-01
    1.27095193e-01 9.40633893e-01 3.02617431e-01 8.36722851e-01
    6.26479208e-01 1.02286428e-01 9.25058484e-01 8.20135593e-01
    9.51226771e-01 9.88132596e-01 8.02740455e-02 3.94585758e-01
    3.82858038e-01 3.65146518e-01 6.61213040e-01 3.73575509e-01
    8.64961982e-01 3.36442411e-01 5.53822100e-01 4.56189096e-01
    7.73838997e-01 9.70098019e-01 5.58838487e-01 4.49385226e-01
    2.45185494e-01 3.62958610e-01 2.07024187e-01 7.01220632e-01
    5.13411045e-01 2.31578648e-02 8.95365953e-01 4.78446484e-02
    7.84076810e-01 3.35591853e-01 9.41875339e-01 6.49314821e-01
    5.46304762e-01 9.12102699e-01 1.30076468e-01 6.89531386e-01
    5.20667255e-01 7.36706853e-02 9.88139093e-01 3.10418129e-01
    7.83717155e-01 9.33520913e-01 3.85044634e-01 2.46997774e-01
    6.07763648e-01 5.19995093e-02 5.46154857e-01 1.39781833e-03
    7.06863046e-01 8.90685141e-01 1.07148796e-01 4.43928868e-01
    7.33054996e-01 3.87690485e-01 6.28723323e-01 1.45909846e-01
    4.71826077e-01 9.37730670e-01 9.00540709e-01 5.32289028e-01
    4.82967645e-01 8.07472467e-01 9.61247325e-01 2.75785923e-01
    1.04006112e-01 6.30875826e-01 9.33122873e-01 3.10247779e-01
    1.05656505e-01 3.57275546e-01 8.37768316e-01 4.86220568e-01
    5.39741337e-01 5.46058893e-01 1.64820313e-01 2.03878284e-01
    6.51098073e-01 8.27447951e-01 6.86457515e-01 8.98641288e-01
    5.00446141e-01 5.44187427e-01 2.20331639e-01 5.66736460e-01
    8.65302503e-01 7.90768981e-01 7.03993559e-01 3.34736228e-01
    9.92481112e-02 6.47892833e-01 8.88726354e-01 7.03129888e-01
    1.20963454e-01 5.83562255e-01 8.12783957e-01 5.98918498e-01
    6.73127472e-02 6.57953262e-01 5.05256772e-01 6.81957841e-01
    5.89905977e-02 9.98614430e-01 7.33162522e-01 7.57687211e-01
    3.22444677e-01 5.31318784e-03 7.87712038e-02 5.93703687e-02
    9.68170285e-01 2.23873556e-01 7.43566275e-01 9.21748281e-01
    1.86060160e-01 3.63865316e-01 5.95303416e-01 2.33903229e-02
    5.75584352e-01 6.87005639e-01 2.53534615e-02 6.28925502e-01
    5.78406632e-01 3.38400751e-01 6.12324178e-01 8.66865516e-01
    3.82320642e-01 9.61839676e-01 2.56163299e-01 3.94091755e-01
    4.93641853e-01 4.87339854e-01 6.13630772e-01 3.02844346e-01
    4.55224216e-01 8.44356179e-01 1.84660852e-01 6.62705958e-01
    5.03897548e-01 6.26593530e-02 1.01324409e-01 6.99044526e-01
    9.02694702e-01 4.36137557e-01 6.93548024e-01 6.33567214e-01
    4.60435092e-01 5.39363325e-01 2.73264349e-02 4.59074825e-01
    4.17110503e-01 6.78921819e-01 1.77601039e-01 1.80336982e-01
    1.63166940e-01 6.88492477e-01 3.43953550e-01 7.51809478e-01
    9.10115719e-01 6.23779953e-01 1.93521142e-01 6.60494983e-01
    8.82153988e-01 6.70880616e-01 6.68902695e-02 3.39006811e-01
    5.81897199e-01 8.45048189e-01 7.91846752e-01 2.11129278e-01
    7.13444233e-01 7.24840283e-01 4.29111719e-01 8.48773241e-01
    7.79953182e-01 3.87663573e-01 8.81226957e-01 5.27403712e-01
    2.94281363e-01 3.24651003e-02 8.94175053e-01 2.87737846e-02
    2.70732701e-01 4.70732599e-01 2.59808958e-01 9.42286849e-02
    8.12249899e-01 6.46475554e-01 5.77680409e-01 9.33527052e-01
    5.08197665e-01 1.44949645e-01 3.80383253e-01 5.06312847e-01
    8.44984412e-01 9.32651520e-01 8.48137259e-01 4.18778569e-01
    1.93003386e-01 3.66614401e-01 5.17154574e-01 1.73872560e-01
    6.17631614e-01 8.65214527e-01 2.23778844e-01 1.40207142e-01
    9.25577283e-01 3.19371819e-01 9.00098979e-01 5.71529388e-01
    2.37183869e-01 5.09123266e-01 4.34361368e-01 2.31664926e-01
    1.33742958e-01 6.82773352e-01 9.13063347e-01 8.22139323e-01
    9.18004751e-01 9.12871599e-01 1.92108452e-02 1.55083328e-01
    6.76506162e-01 3.86455566e-01 8.74559164e-01 4.86831605e-01
    2.30171561e-01 9.60343599e-01 9.86383438e-01 5.15059054e-01
    7.84972191e-01 3.95297348e-01 6.58825040e-03 4.90894765e-01
    9.62072015e-02 1.56715810e-01 4.29864973e-01 8.28236461e-01
    8.28713059e-01 6.69986129e-01 7.24151492e-01 8.82951736e-01
    1.63336873e-01 5.93080938e-01 8.65082264e-01 1.60899341e-01
    3.76985043e-01 2.87610292e-03 2.74454296e-01 3.42595249e-01
    8.65103662e-01 6.83043778e-01 7.36801863e-01 7.50654519e-01
    9.67116952e-01 1.24406278e-01 8.31163526e-02 7.24965155e-01
    5.84565818e-01 5.64236760e-01 8.01381290e-01 9.07138288e-01
    8.50331962e-01 5.14391363e-01 1.02005213e-01 1.59889162e-01
    4.09746259e-01 9.70245242e-01 6.72245860e-01 2.42571622e-01
    5.65793991e-01 1.54159456e-01 7.23905861e-01 3.70080650e-01
    7.01532364e-02 9.92145717e-01 9.79054213e-01 8.31516564e-01
    8.22300434e-01 3.60084653e-01 9.98676777e-01 2.62863398e-01
    5.14349163e-01 3.79424751e-01 5.81303477e-01 8.53899837e-01
    5.88100255e-01 4.73381966e-01 5.72686315e-01 1.81468725e-02
    8.30952287e-01 5.72015047e-01 4.77705628e-01 7.24474907e-01
    5.02943099e-02 8.70292664e-01 8.42305899e-01 6.26954675e-01
    8.60174835e-01 1.62347496e-01 4.85312045e-01 5.53430021e-01
    5.83873630e-01 3.58439595e-01 7.20325768e-01 5.14335334e-01
    4.95779812e-02 9.52036858e-01 8.04066062e-01 6.70496583e-01
    3.64314616e-02 1.88029349e-01 1.77051395e-01 6.27762020e-01
    4.46288407e-01 8.41819048e-02 7.73907840e-01 2.58645743e-01
    9.80292797e-01 2.09864974e-02 4.06026781e-01 6.06750190e-01
    3.58666271e-01 4.44761455e-01 9.51089263e-01 5.79162180e-01
    8.36449862e-01 5.58405101e-01 1.98726177e-01 5.82978070e-01
    3.86467040e-01 9.33011889e-01 1.78196877e-01 7.90805697e-01
    5.91301680e-01 4.00069237e-01 6.41736329e-01 1.00443780e-01
    7.78750539e-01 6.43073678e-01 6.45169139e-01 5.27106583e-01
    6.05205238e-01 7.98286676e-01 8.15169513e-01 9.42295730e-01
    6.52556956e-01 6.50110722e-01 2.02418000e-01 9.23156142e-01
    9.70136762e-01 7.71332204e-01 3.69711250e-01 6.73210502e-01
    3.51234257e-01 1.06230557e-01 1.85486972e-02 6.08837187e-01
    2.28863209e-01 1.77926540e-01 2.17455596e-01 9.88051355e-01
    6.71175063e-01 8.24641824e-01 4.08282578e-02 1.66108459e-01
    2.83583403e-01 5.01147985e-01 9.47802424e-01 6.73300743e-01
    4.22344416e-01 1.72258854e-01 2.94801205e-01 3.85431319e-01
    2.40682065e-02 8.05200040e-02 6.54515088e-01 5.87022305e-01
    2.19751716e-01 1.13132387e-01 6.02918744e-01 4.78987098e-01
    9.55716014e-01 7.01580524e-01 8.79197121e-01 4.17070985e-02
    9.40922618e-01 1.90305173e-01 7.73859382e-01 5.43242514e-01
    8.68822336e-01 1.30479276e-01 1.44955456e-01 3.07001412e-01
    4.44023013e-01 4.44194317e-01 7.98059464e-01 7.91574717e-01
    2.79530376e-01 3.70996654e-01 1.33179128e-01 9.02204037e-01
    9.33098257e-01 7.34463990e-01 9.07664537e-01 9.49585080e-01
    8.66804361e-01 5.81835151e-01 2.27162540e-02 9.72666800e-01
    5.89143395e-01 3.18744928e-01 4.78134364e-01 7.42990613e-01
    3.41297328e-01 2.94014931e-01 1.76255643e-01 5.03728569e-01
    7.81607151e-01 4.21318293e-01 5.12859344e-01 4.04021770e-01
    6.27725840e-01 6.99942589e-01 8.34918082e-01 4.78173852e-01
    7.68350840e-01 6.16427958e-02 5.14969170e-01 4.98610556e-01
    7.47899234e-01 7.36325443e-01 5.22683322e-01 3.21402729e-01
    4.56913620e-01 7.93813229e-01 4.24115896e-01 3.82597089e-01
    5.60269475e-01 6.51580393e-01 4.91608351e-01 8.05391967e-01
    3.14275444e-01 4.52069938e-01 2.08958864e-01 5.22013724e-01
    9.10984993e-01 2.61125684e-01 1.20194167e-01 1.08336657e-01
    3.64479125e-02 2.25461870e-01 8.63779902e-01 6.35902166e-01
    3.93972576e-01 4.43308413e-01 8.70125592e-01 6.11325204e-01
    5.22587478e-01 2.02148408e-01 4.88556415e-01 9.81278062e-01
    7.58345723e-01 1.64614022e-01 2.49894857e-02 6.98668361e-01
    6.18356943e-01 6.91598654e-01 4.67226624e-01 5.39813221e-01
    2.01798409e-01 3.85866821e-01 6.65222943e-01 1.35559022e-01
    4.31340039e-02 3.33596647e-01 7.39979863e-01 9.67774034e-01
    2.26009369e-01 2.02217340e-01 4.34303880e-01 6.35206223e-01
    5.15425205e-03 8.10308456e-01 8.12735200e-01 8.21022630e-01
    3.38689208e-01 4.95220423e-01 3.35981846e-01 4.12165523e-02
    5.92999578e-01 9.78528678e-01 8.58564734e-01 2.86105871e-01
    2.69712538e-01 5.63592792e-01 8.55197310e-01 7.62929678e-01
    9.53531504e-01 6.76870227e-01 3.46821904e-01 3.85071933e-01
    4.14250880e-01 3.27603012e-01 5.53440750e-02 9.18629408e-01
    9.11918044e-01 8.35567832e-01 4.60737079e-01 4.98353004e-01
    6.40833199e-01 6.13448322e-02 1.28226876e-01 4.96065229e-01
    8.34761620e-01 6.79492176e-01 8.25013041e-01 9.81876612e-01
    6.55482650e-01 9.26686525e-01 1.71422780e-01 7.81759739e-01
    9.62446451e-01 5.04324138e-01 4.91680622e-01 7.63153136e-01
    3.90187889e-01 6.23943210e-02 5.60666382e-01 2.36731499e-01
    5.84362149e-02 5.02232134e-01 6.61136508e-01 6.67906821e-01
    8.92019868e-01 3.86555105e-01 5.24610043e-01 1.77484840e-01
    3.55099499e-01 9.50304806e-01 9.15337563e-01 5.36562443e-01
    8.69144082e-01 5.08569479e-01 6.22473955e-02 3.59504223e-01
    2.35893726e-01 4.54401970e-02 5.79211295e-01 7.45795310e-01
    9.14955318e-01 2.99523205e-01 7.74750054e-01 6.10830307e-01
    9.30127501e-01 6.01074636e-01 9.52968240e-01 3.22546959e-01
    3.25729191e-01 6.73313856e-01 8.71581912e-01 9.62183595e-01
    6.52857661e-01 6.58092976e-01 2.76745856e-01 7.01995194e-01
    7.82261848e-01 7.93057382e-01 4.97642249e-01 4.29289341e-01
    5.51820159e-01 8.76168013e-01 9.70820189e-01 3.10734928e-01
    3.90970290e-01 2.96125293e-01 5.31512260e-01 1.40812099e-02
    2.61938930e-01 7.24023461e-01 5.43616951e-01 7.92371869e-01
    3.46857488e-01 8.31380308e-01 3.26684117e-03 2.83789039e-01
    1.55743986e-01 9.91505206e-01 9.65308070e-01 8.00187826e-01
    7.76375115e-01 4.64352399e-01 8.29994917e-01 2.16004074e-01
    3.67528528e-01 9.31686699e-01 6.16200209e-01 3.30389738e-02
    2.36472160e-01 3.70328665e-01 6.36810958e-01 8.75838339e-01
    9.47184801e-01 5.12745142e-01 5.02848446e-01 9.11075175e-01
    6.88493490e-01 1.87649071e-01 3.93846661e-01 7.00208485e-01
    2.17937231e-02 2.36501426e-01 3.25135171e-01 2.61609197e-01
    6.10019863e-02 3.55692536e-01 1.88988447e-02 7.10282087e-01
    1.13238007e-01 9.26778555e-01 6.61264062e-02 3.16198885e-01
    5.51101923e-01 3.98537219e-01 8.99504662e-01 5.93476057e-01
    9.85231638e-01 8.62222910e-01 7.36562312e-01 9.77070570e-01
    1.69267833e-01 7.67921627e-01 7.87677050e-01 9.30262566e-01
    8.75034273e-01 8.28776836e-01 1.31862611e-01 2.81250656e-01
    1.01788908e-01 4.36113179e-02 1.83319479e-01 4.16650921e-01
    4.96355653e-01 4.46514338e-01 4.78015542e-02 6.33255124e-01
    6.49189413e-01 8.91169667e-01 4.94873911e-01 2.68846840e-01
    5.21227419e-01 6.84809089e-01 5.99826515e-01 6.55775607e-01
    4.11480039e-01 1.17481381e-01 9.79030073e-01 6.74381077e-01
    5.38239658e-01 3.26073706e-01 7.95581222e-01 2.71219790e-01
    6.16380572e-03 4.78438526e-01 5.88660240e-02 6.09039068e-01
    4.23458815e-01 8.79484415e-01 1.02138668e-01 5.07769108e-01
    6.32400870e-01 7.86249757e-01 7.39838719e-01 5.92299342e-01
    4.30794269e-01 9.32869792e-01 9.03998733e-01 2.48188525e-01
    6.68828905e-01 3.19198966e-02 6.27402067e-01 5.34636557e-01
    2.89103270e-01 5.43079376e-01 4.77805734e-03 2.05157667e-01
    6.35989845e-01 3.77212435e-01 5.30767322e-01 8.32012773e-01
    9.12247539e-01 3.88024688e-01 3.46898139e-02 3.22294950e-01
    7.45162129e-01 5.38624644e-01 8.29272985e-01 5.99504948e-01
    4.79208440e-01 4.32779580e-01 5.33941269e-01 5.96536696e-02
    7.28866935e-01 9.10708189e-01 4.60449517e-01 5.46816707e-01
    1.67084426e-01 1.50149107e-01 9.47650671e-01 8.10891747e-01
    5.94306886e-02 2.83293068e-01 5.27225733e-01 8.79497528e-01
    7.95651317e-01 7.16775954e-01 3.18519473e-02 9.78940964e-01
    6.05303049e-02 7.80147910e-01 1.26091838e-01 1.35294795e-01
    7.67050982e-01 3.80664945e-01 7.42215872e-01 4.56141561e-01
    7.62108862e-01 6.80779219e-01 5.30189276e-01 3.38617384e-01
    6.96460485e-01 8.01545143e-01 3.97246242e-01 8.33691657e-02
    4.19989794e-01 2.43223727e-01 3.04542661e-01 2.55748987e-01
    2.58899987e-01 7.57271767e-01 5.10839701e-01 2.80811399e-01
    5.34515321e-01 9.30830836e-01 5.56953251e-02 5.78421950e-01
    4.80910599e-01 2.10795194e-01 3.42490762e-01 7.22251654e-01
    4.46279645e-02 8.93810391e-02 2.23462194e-01 9.85149622e-01
    6.79852962e-01 2.39850223e-01 3.67731392e-01 4.03708816e-02
    1.52289301e-01 5.42004645e-01 3.68195713e-01 5.42126477e-01
    6.53167605e-01 3.98229331e-01 2.06338465e-01 4.99204248e-01
    3.53818893e-01 1.33382380e-02 9.95883465e-01 6.23728514e-01
    7.73966968e-01 9.20787275e-01 5.63191950e-01 4.65625048e-01
    6.32579923e-01 6.68492317e-01 8.78602505e-01 9.87316430e-01
    3.75354052e-01 6.77754879e-01 4.72316444e-02 8.98084402e-01
    8.70772481e-01 8.25838089e-01 3.05330008e-01 7.26603568e-02
    6.60495520e-01 4.79258209e-01 4.85667944e-01 9.86850560e-02
    9.61011350e-02 9.80981410e-01 7.75981188e-01 4.29093540e-01
    6.20445311e-01 3.09809268e-01 9.27777946e-01 6.36565208e-01
    3.92388344e-01 2.30424553e-01 6.77960932e-01 3.30633134e-01
    4.70954597e-01 1.86809868e-01 9.68208730e-01 7.47825563e-01
    8.82090867e-01 2.77677774e-02 6.95867419e-01 3.19895089e-01
    5.82372248e-01 1.18300021e-01 8.44204307e-01 6.63668394e-01
    2.51139671e-01 2.46537447e-01 7.38231838e-01 4.94975358e-01
    8.47688615e-01 5.73268414e-01 6.47306800e-01 5.92201114e-01
    1.95228338e-01 6.22161686e-01 3.88176948e-01 1.98373407e-01
    2.41793454e-01 4.39738244e-01 9.55508053e-01 1.93084508e-01
    6.67473078e-01 1.03999078e-01 5.82003951e-01 6.53024614e-01
    5.24101555e-01 3.60848725e-01 9.68213320e-01 2.56725073e-01
    4.08853620e-01 8.39991450e-01 2.81637728e-01 1.32139325e-01
    6.20129406e-01 8.09239745e-02 1.33589536e-01 2.02082157e-01
    2.30861425e-01 3.73915017e-01 8.04862022e-01 5.31076849e-01
    5.66298962e-02 2.71246076e-01 9.36286330e-01 4.04709220e-01
    8.21825981e-01 6.41935468e-01 8.77416015e-01 3.81373137e-01
    7.38697112e-01 3.44139338e-02 8.66360128e-01 2.00164616e-02
    7.99936473e-01 4.63297963e-01 8.40786815e-01 8.94584179e-01
    7.36498535e-01 4.68153447e-01 3.52713406e-01 4.74894851e-01
    9.91109729e-01 4.15843666e-01 6.58124268e-01 9.80286598e-01
    9.25989389e-01 8.90379310e-01 5.22775948e-01 6.64648414e-03
    3.11917543e-01 3.67156982e-01 5.50859690e-01 3.35455000e-01
    9.22515392e-02 3.55144739e-02 9.24734116e-01 5.07149816e-01
    7.53254056e-01 2.34977245e-01 7.37163305e-01 9.99976277e-01
    4.52410787e-01 7.71275282e-01 5.53663373e-01 1.15491956e-01
    1.59281492e-02 2.68465281e-01 9.82643962e-01 9.90763545e-01
    8.52195144e-01 2.35439837e-02 3.61611128e-01 4.47190106e-01
    1.68056339e-01 4.07933712e-01 3.43430340e-01 3.56400609e-02
    9.94437099e-01 3.81038070e-01 9.40189362e-01 2.71754742e-01
    6.61998987e-03 8.87627125e-01 8.74960899e-01 7.44124651e-01
    3.87651443e-01 3.68692279e-01 9.65687931e-02 4.04282808e-01
    9.45105195e-01 2.66839564e-02 5.83485246e-01 7.57181108e-01
    4.30421680e-01 3.43729913e-01 7.92552114e-01 4.57534999e-01
    5.33134937e-01 7.58225799e-01 1.83452994e-01 6.86186969e-01
    9.23789740e-02 2.07949162e-01 8.07657421e-01 7.37550735e-01
    3.52991134e-01 9.96564150e-01 2.65359461e-01 3.77291441e-01
    1.59763783e-01 8.32477510e-02 3.01571935e-01 6.46125913e-01
    2.35388070e-01 1.29377395e-01 6.05455458e-01 1.29459232e-01
    1.68864876e-01 5.87977648e-01 7.91175604e-01 9.59539533e-01
    6.73183739e-01 4.18131679e-01 6.75801754e-01 6.58695340e-01
    1.39873445e-01 5.85162103e-01 5.55759251e-01 1.60937309e-01
    1.66121751e-01 2.83519804e-01 8.81367207e-01 1.12841427e-02
    4.22645450e-01 9.37372565e-01 6.03602707e-01 2.84427702e-02
    6.55263066e-02 1.92870855e-01 4.15855229e-01 7.10113525e-01
    2.12099195e-01 3.92321706e-01 5.63581586e-02 4.24779803e-01
    7.37856627e-01 1.15689218e-01 7.66313672e-01 9.14184213e-01
    1.14538550e-01 8.91811311e-01 4.17598724e-01 2.29496002e-01
    1.45512313e-01 5.60899794e-01 8.76478672e-01 8.95059645e-01
    9.50214386e-01 3.40359151e-01 2.21743137e-01 5.07940173e-01
    9.23065662e-01 8.26027393e-01 2.64887482e-01 9.74617898e-01
    4.70033705e-01 5.58163762e-01 4.08690184e-01 5.62878013e-01
    2.53630996e-01 5.40507078e-01 6.37962937e-01 2.15266347e-02
    1.42812163e-01 9.71385300e-01 8.67054939e-01 3.47213507e-01
    6.39624238e-01 6.24793708e-01 9.55558777e-01 5.40607572e-01
    9.32021320e-01 9.91067648e-01 3.80460382e-01 4.82700586e-01
    5.99301457e-01 3.96485448e-01 3.06047916e-01 6.60443902e-01
    9.74178195e-01 3.21851373e-02 4.91055369e-01 5.95438242e-01
    8.01196098e-01 6.57712102e-01 4.07890797e-01 1.17387593e-01
    7.31860936e-01 7.12573528e-01 4.31107819e-01 3.34499568e-01
    2.04300523e-01 8.47883582e-01 6.64153576e-01 8.48644853e-01
    2.42153257e-01 8.89109850e-01 5.01757860e-03 4.51085359e-01
    8.14146340e-01 7.94800401e-01 3.29431564e-01 9.04431164e-01
    8.82968307e-01 5.68685412e-01 7.87240386e-01 1.42464191e-01
    7.09590435e-01 9.38860476e-01 1.46788687e-01 3.75690460e-02
    7.42208660e-02 1.58441812e-01 4.89917696e-01 9.53759611e-01
    7.57408082e-01 4.58550334e-01 6.89244807e-01 5.06598532e-01
    6.06925011e-01 7.44795024e-01 4.86544967e-01 1.00845337e-01
    6.82350278e-01 7.14222848e-01 1.01041853e-01 4.67307866e-02
    7.63630569e-02 3.62355113e-01 1.34167671e-02 9.19540584e-01
    6.47655904e-01 8.51453006e-01 2.48588890e-01 3.55805159e-01
    4.16453481e-01 8.67179573e-01 8.24951649e-01 9.51071858e-01
    4.39216405e-01 4.69488144e-01 1.94577277e-01 8.83836627e-01
    1.34878486e-01 3.77508044e-01 4.16607261e-02 3.61517012e-01
    9.48755026e-01 3.72133702e-01 3.09791028e-01 8.90919089e-01
    4.53801394e-01 7.15343893e-01 9.54081059e-01 4.89951402e-01
    9.88843203e-01 3.41118604e-01 5.86486161e-02 6.69874251e-01
    1.00418359e-01 5.67915261e-01 3.30276251e-01 2.85751849e-01
    1.97906107e-01 3.13211679e-01 5.82600713e-01 8.79494190e-01
    4.11437362e-01 1.39449924e-01 3.51698279e-01 5.27073920e-01
    9.62203801e-01 2.29922205e-01 2.02550739e-01 9.02336836e-01
    1.78373396e-01 2.55146414e-01 6.10752523e-01 7.53348589e-01
    1.13109052e-02 2.91436672e-01 3.04431796e-01 3.60917211e-01
    9.80756760e-01 5.97013056e-01 2.17263997e-01 5.30852079e-01
    4.65002865e-01 2.50660837e-01 8.88441741e-01 9.63977873e-02
    5.61931193e-01 5.95829904e-01 6.65263236e-02 4.50871050e-01
    3.38259250e-01 7.05411732e-01 8.89012396e-01 6.22798920e-01
    9.04820085e-01 7.89188147e-01 4.57902551e-01 3.56281698e-01
    1.58563972e-01 5.01218140e-02 6.92849278e-01 6.15169883e-01
    7.02656925e-01 2.01039910e-02 7.94841528e-01 7.75597811e-01
    4.75090533e-01 8.95283461e-01 7.71203399e-01 7.68550873e-01
    4.60814655e-01 5.10867894e-01 7.15468884e-01 5.09578645e-01
    2.64322042e-01 2.17482448e-01 7.41131604e-02 4.88777429e-01
    1.88314170e-01 8.57263327e-01 9.70035493e-02 1.81226909e-01
    8.00211310e-01 9.95686054e-01 1.37428164e-01 4.03403521e-01
    7.70508349e-01 8.76536369e-01 1.39982283e-01 3.77316415e-01
    7.25434244e-01 1.88497484e-01 3.24617475e-01 9.44953322e-01
    1.50162280e-02 9.63095188e-01 1.53503895e-01 9.76033688e-01
    5.08801341e-01 5.65872788e-01 2.01669872e-01 1.47531956e-01
    8.95397305e-01 5.58742881e-01 6.12257242e-01 8.33786488e-01
    9.13685679e-01 6.64937317e-01 5.19408166e-01 3.06734115e-01
    4.22665477e-01 2.37447381e-01 9.65757251e-01 8.35621953e-01
    9.14963841e-01 9.69677567e-02 9.14459229e-01 2.81508803e-01
    5.43961883e-01 2.81476259e-01 9.31139231e-01 1.02114171e-01
    7.93554306e-01 5.72932661e-01 8.31362605e-01 7.09428847e-01
    9.24539089e-01 7.80552566e-01 5.89322150e-01 5.75271666e-01
    3.00814807e-01 6.77569270e-01 2.93807209e-01 5.70757926e-01
    8.71899426e-01 3.36909264e-01 4.71537203e-01 6.52571380e-01
    5.37301183e-01 8.87866855e-01 7.68881679e-01 6.28089964e-01
    1.59020036e-01 1.63922012e-01 9.61467624e-01 4.06055450e-02
    8.20006847e-01 8.99430156e-01 1.97821528e-01 7.99121499e-01
    5.24689078e-01 5.06062865e-01 1.22133493e-02 8.85014653e-01
    4.43562835e-01 7.64238715e-01 7.91747093e-01 2.55723417e-01
    8.41930211e-02 9.51140106e-01 6.20249152e-01 4.62910622e-01
    4.54254359e-01 4.90380198e-01 8.95410419e-01 2.47844875e-01
    7.91908145e-01 2.98552811e-02 1.42699271e-01 4.07996476e-01
    9.87640619e-01 3.47509682e-02 5.52103996e-01 4.06646132e-02
    3.14368784e-01 4.30930555e-01 3.88151795e-01 3.11658025e-01
    9.71253633e-01 4.67097193e-01 5.61442375e-01 1.52009130e-02
    8.54415655e-01 9.63264227e-01 1.39542609e-01 2.14696735e-01
    2.77750969e-01 3.60022068e-01 6.94043696e-01 9.45483208e-01
    9.79087710e-01 1.21287048e-01 8.85877192e-01 7.63265669e-01
    7.34480083e-01 9.59041476e-01 5.43991327e-02 6.50494695e-02
    3.49364758e-01 2.67594934e-01 6.59139514e-01 8.08726907e-01
    2.82092929e-01 5.82768619e-02 2.69511431e-01 7.49211907e-02
    8.31225455e-01 5.52044034e-01 2.06948370e-01 7.79649079e-01
    9.23969448e-02 1.20438933e-02 5.73907495e-01 7.75874734e-01
    8.77616704e-02 4.82697427e-01 3.74767840e-01 8.57589841e-02
    2.44551003e-02 9.61471677e-01 8.64966631e-01 9.77460444e-01
    1.52415991e-01 5.54043114e-01 7.63682723e-01 9.04643118e-01
    6.96480453e-01 6.34543598e-01 8.44290733e-01 9.78285074e-03
    7.16143191e-01 7.84305930e-01 1.64808244e-01 2.35674918e-01
    1.72022343e-01 4.05299306e-01 2.47404218e-01 3.47829342e-01
    7.75102139e-01 8.61857653e-01 9.04064178e-01 3.79351258e-01
    4.20031190e-01 2.81247735e-01 2.19640464e-01 5.09866416e-01
    3.99242342e-02 3.15212369e-01 5.51760197e-02 7.53461242e-01
    3.53760839e-01 4.57387745e-01 9.75603461e-01 5.04215360e-02
    1.72374755e-01 3.42100143e-01 7.01017559e-01 9.60089266e-01
    3.04920971e-01 1.37657225e-02 9.24033284e-01 6.01777256e-01
    3.51006269e-01 8.57116580e-01 5.60493767e-01 3.36413801e-01
    5.91222703e-01 7.63061941e-01 5.29318333e-01 7.46417880e-01
    5.23068249e-01 6.19009137e-02 2.86822379e-01 5.30509531e-01
    5.49385548e-01 7.88403153e-01 7.99779832e-01 2.30019599e-01
    6.92125738e-01 2.03116149e-01 8.26421142e-01 4.58461702e-01
    4.14833665e-01 9.61982846e-01 7.95229435e-01 2.83102691e-01
    3.58862072e-01 1.18884623e-01 6.22163296e-01 9.43345428e-02
    3.94575775e-01 2.24153191e-01 8.86606157e-01 1.90880597e-01
    7.67088234e-01 9.76359606e-01 3.10587585e-01 9.52804208e-01
    9.94047642e-01 9.62665796e-01 6.55532181e-01 9.37658191e-01
    5.01845300e-01 3.46858859e-01 3.36750031e-01 4.54778612e-01
    1.17622197e-01 4.11709100e-01 8.38681817e-01 5.15749574e-01
    6.90366566e-01 6.08659983e-01 4.76223558e-01 9.70342398e-01
    7.52089143e-01 5.88875353e-01 5.60741603e-01 9.21908557e-01
    9.06702995e-01 8.31276059e-01 5.48183918e-04 1.65249079e-01
    5.19719005e-01 8.39814067e-01 6.11889362e-02 6.21548116e-01
    6.87223554e-01 4.95378375e-01 3.72212201e-01 6.01822972e-01
    4.84639049e-01 8.16346407e-01 7.83906817e-01 5.48064232e-01
    7.03277946e-01 9.90096211e-01 6.64626122e-01 6.03042722e-01
    5.48252821e-01 3.41008842e-01 9.01465714e-02 6.87151968e-01
    1.50927246e-01 8.42618346e-01 9.00882125e-01 2.40117550e-01
    5.15635192e-01 5.91937125e-01 5.46280205e-01 6.29901290e-01
    8.95000935e-01 7.29363978e-01 6.18367136e-01 2.44846374e-01
    8.68548870e-01 2.82440901e-01 2.41739064e-01 3.09183180e-01
    6.57409787e-01 8.03924799e-02 8.83249223e-01 8.49598527e-01
    6.18597388e-01 9.78551865e-01 8.64601552e-01 9.91649985e-01
    3.89993668e-01 1.91312104e-01 6.32616282e-02 9.94462848e-01
    4.00112212e-01 4.34738040e-01 4.11296785e-01 5.19869983e-01
    1.12379521e-01 1.23743683e-01 8.74119759e-01 9.50833917e-01
    5.57335496e-01 7.57792592e-03 3.95691633e-01 5.82210302e-01
    8.72399449e-01 1.71629578e-01 3.54733467e-02 5.47958016e-01
    1.08185023e-01 6.04789555e-01 2.61238635e-01 4.87588316e-01
    5.28898954e-01 5.14444649e-01 6.96239591e-01 9.59709585e-01
    8.69360566e-02 5.07870138e-01 6.43858373e-01 2.84235924e-01
    7.40928531e-01 5.86566508e-01 3.57571542e-01 4.55467254e-01
    4.77060586e-01 6.67786956e-01 5.37669063e-01 7.54408002e-01
    7.97496140e-02 1.59398824e-01 5.88377297e-01 3.65634978e-01
    6.50095642e-01 4.31542367e-01 4.67534453e-01 4.67438996e-01
    1.46020234e-01 7.27741420e-01 7.70039856e-01 2.60284156e-01
    1.11569077e-01 3.68990660e-01 9.90487039e-02 8.34170938e-01
    1.97508663e-01 5.10945141e-01 8.22918713e-02 9.53357935e-01
    7.81874299e-01 6.83355570e-01 7.84819126e-01 7.41898358e-01
    3.67631912e-02 3.32990885e-01 3.24530840e-01 4.94748414e-01
    5.46683073e-02 6.16479099e-01 7.59169936e-01 7.52232075e-01
    9.86053526e-01 4.53697145e-01 8.99928987e-01 8.65534186e-01
    2.79158533e-01 3.36511552e-01 3.57597500e-01 3.78058106e-01
    8.87056947e-01 3.41213107e-01 4.18490857e-01 7.24238157e-01
    5.69851816e-01 2.28882909e-01 4.57419962e-01 1.81021392e-02
    6.20439947e-01 2.96377450e-01 1.57997370e-01 7.74030805e-01
    4.38092053e-01 5.70578456e-01 3.81077766e-01 9.79164124e-01
    5.48630238e-01 5.73339999e-01 1.53492540e-01 4.60285902e-01
    2.88313568e-01 7.09185541e-01 3.07730556e-01 7.31405973e-01
    2.92507023e-01 6.73063874e-01 6.53343737e-01 6.52786314e-01
    8.80605817e-01 6.46562874e-01 5.64267218e-01 3.24401736e-01
    9.50418949e-01 5.07996261e-01 8.95822167e-01 7.51652181e-01
    1.97734833e-02 4.18573827e-01 1.09596163e-01 7.67156243e-01
    5.27451634e-02 3.91596913e-01 4.79683161e-01 3.40818346e-01
    8.63217473e-01 3.77984047e-02 9.66185629e-02 1.97617441e-01
    1.29700869e-01 3.19644332e-01 6.31803274e-01 2.05943912e-01
    3.71520698e-01 8.51933956e-01 2.98964083e-01 2.49692798e-02
    6.78886890e-01 1.24783903e-01 1.09198004e-01 5.84656596e-02
    9.07393575e-01 6.21316135e-01 3.44081908e-01 3.27921093e-01
    9.99426842e-01 2.76268274e-01 4.30644095e-01 9.67393517e-01
    5.51051378e-01 9.68816519e-01 7.18900740e-01 3.33743274e-01
    6.54913187e-01 5.58534741e-01 8.35365653e-01 1.24885768e-01
    6.93041861e-01 7.59213209e-01 1.64390445e-01 7.13844538e-01
    7.74830639e-01 5.61203897e-01 4.32830513e-01 3.42643380e-01
    4.44218636e-01 5.12600005e-01 2.22158998e-01 6.38773203e-01
    2.86660701e-01 5.23343027e-01 8.02415371e-01 8.06967616e-01
    4.44623739e-01 2.62921959e-01 6.74916208e-01 6.56835437e-01
    6.32055998e-01 6.81476235e-01 9.58450317e-01 9.85068679e-01
    8.39540362e-01 4.20261383e-01 9.77212489e-01 2.60559350e-01
    8.06756854e-01 5.49055338e-02 3.87472183e-01 1.19257271e-01
    3.71991903e-01 7.86309004e-01 4.50563252e-01 6.15511358e-01
    1.77588075e-01 5.37311792e-01 5.29230654e-01 2.40701050e-01
    6.28477037e-01 4.44073945e-01 8.78800809e-01 7.96350121e-01
    8.82325172e-01 4.52156663e-02 9.32401359e-01 1.18810624e-01
    4.12707388e-01 6.70581102e-01 4.88888919e-01 5.46411574e-01
    2.24375427e-01 6.83870018e-01 8.69091749e-01 9.23816442e-01
    7.06037879e-03 4.14191484e-02 8.53035986e-01 8.85844946e-01
    9.39188480e-01 5.83670855e-01 2.58622319e-01 1.20469928e-03
    3.58656347e-02 7.52516568e-01 1.93336964e-01 8.05783153e-01
    2.39461899e-01 3.44829142e-01 9.06542659e-01 1.66589022e-03
    5.98439217e-01 3.49790275e-01 1.13908350e-02 7.88280487e-01
    7.34668195e-01 9.14613008e-02 3.10599953e-01 3.83888692e-01
    9.87906635e-01 3.15935194e-01 7.70056129e-01 4.23482418e-01
    9.67396438e-01 7.07032681e-01 2.40622669e-01 8.12365413e-02
    8.73574972e-01 5.90915024e-01 1.75400347e-01 2.39085466e-01
    4.07663554e-01 9.61770415e-01 6.61294758e-01 7.19365060e-01
    8.78888369e-01 5.80349088e-01 7.20474184e-01 8.41931462e-01
    8.44911158e-01 2.84713924e-01 2.70808280e-01 8.32765400e-01
    5.30126333e-01 2.27136284e-01 1.82349056e-01 6.12044930e-01
    5.92085481e-01 2.62309670e-01 1.45819157e-01 3.84216785e-01
    8.90115440e-01 1.86674386e-01 2.04526812e-01 1.61415964e-01
    9.47395861e-02 3.04398537e-01 4.29896832e-01 1.05657488e-01
    2.25004673e-01 3.44557822e-01 9.13844943e-01 4.00656283e-01
    2.84048796e-01 8.75419259e-01 5.39747775e-02 6.75510466e-02
    8.44494700e-02 6.94021106e-01 8.64252865e-01 4.69613761e-01
    6.48191690e-01 7.36230016e-02 8.47467661e-01 2.64119089e-01
    3.61384630e-01 5.06392062e-01 1.26887858e-02 4.53440249e-01
    4.98457849e-02 1.67017877e-02 9.94801044e-01 9.65383768e-01
    4.40716356e-01 1.89794928e-01 7.28389204e-01 4.79097635e-01
    5.01723289e-01 8.17627013e-02 1.62435472e-01 4.39884961e-02
    6.60392761e-01 8.83988738e-01 2.94100314e-01 1.85982972e-01
    4.68850940e-01 6.87195003e-01 8.64322007e-01 9.57968116e-01
    6.44769669e-02 3.72211754e-01 5.40916204e-01 4.08953726e-02
    2.10977763e-01 1.19167894e-01 9.48146105e-01 5.71835160e-01
    1.68148637e-01 9.45094287e-01 8.77664566e-01 2.21682310e-01
    5.92372417e-01 1.56903416e-01 9.15192962e-01 7.49771416e-01
    9.29090738e-01 7.77234733e-01 6.07403696e-01 7.32694983e-01
    9.23374295e-01 1.39819443e-01 8.75120044e-01 5.48181415e-01
    9.76100922e-01 1.29363209e-01 3.03619504e-02 6.90192044e-01
    5.41635334e-01 3.35094750e-01 8.32103968e-01 1.92033827e-01
    2.84941316e-01 7.33169079e-01 9.98008728e-01 3.78676236e-01
    5.24461865e-02 2.77030468e-02 5.69729984e-01 5.52136600e-02
    9.98746157e-01 8.44958961e-01 8.64548743e-01 9.38344598e-01
    9.39622402e-01 7.73439586e-01 1.76112056e-01 4.88939285e-01
    4.14244026e-01 3.78380775e-01 2.29673386e-01 2.82689244e-01
    1.46503031e-01 3.30509067e-01 2.03127950e-01 3.79739553e-01
    3.67541313e-02 2.87282288e-01 1.47174388e-01 9.60286438e-01
    2.08471328e-01 5.18039703e-01 7.08664536e-01 3.44617963e-02
    6.31738603e-01 9.13280010e-01 3.34180862e-01 5.76703191e-01
    2.03827888e-01 8.19636762e-01 6.81813896e-01 1.88548774e-01
    2.23924637e-01 3.96989435e-01 7.17243910e-01 5.29950798e-01
    7.95353115e-01 4.29807723e-01 5.31447887e-01 8.22535992e-01
    2.34525204e-01 7.58307695e-01 3.17760378e-01 1.89205140e-01
    6.77811980e-01 7.66778171e-01 1.06686890e-01 7.21068382e-01
    7.88139224e-01 3.83098423e-01 8.53085876e-01 8.29266548e-01
    6.46296084e-01 2.07710415e-01 5.30822158e-01 7.66372740e-01
    7.22882211e-01 1.99717879e-01 2.14208096e-01 3.19845229e-01
    6.90248966e-01 3.16045523e-01 1.31315410e-01 5.25523245e-01
    6.06124461e-01 9.35244679e-01 7.97705233e-01 5.42687476e-02
    2.70731986e-01 5.52475214e-01 1.12302035e-01 7.54098058e-01
    2.92558074e-02 9.16320980e-02 1.68862790e-01 3.39364111e-01
    5.85357845e-01 3.96053821e-01 2.30213463e-01 5.97372353e-02
    4.85651076e-01 9.82388616e-01 3.71516764e-01 5.38822234e-01
    2.45119244e-01 1.14968330e-01 9.33062434e-01 7.03570127e-01
    7.60921836e-01 4.99077648e-01 5.83647788e-01 8.23681474e-01
    5.17793059e-01 1.39185697e-01 5.79088032e-01 5.95057011e-02
    1.85502082e-01 8.69324923e-01 6.47209048e-01 6.88687801e-01
    1.60753727e-04 1.09506190e-01 8.75777900e-02 1.58887982e-01
    4.35704708e-01 7.12919712e-01 5.25345802e-02 4.29526210e-01
    3.14306676e-01 1.05801702e-01 1.02950007e-01 7.93589413e-01
    6.89620316e-01 5.91364563e-01 1.60458207e-01 1.31624103e-01
    2.29274035e-02 6.47067070e-01 1.04510605e-01 7.20015049e-01
    4.64942157e-02 1.46464318e-01 1.89857155e-01 3.04690421e-01
    5.61799884e-01 4.47209060e-01 7.66783476e-01 9.21244860e-01
    2.78784335e-02 8.38418007e-01 7.62108743e-01 1.30974591e-01
    9.70517337e-01 9.87792730e-01 5.87238431e-01 9.37256277e-01
    9.58467484e-01 3.92587125e-01 6.67866588e-01 8.33364964e-01
    9.23297107e-02 8.88198137e-01 5.57405591e-01 3.10640275e-01
    9.75753307e-01 2.29415596e-02 9.98600245e-01 6.83797896e-02
    6.09070182e-01 2.26899266e-01 2.33127385e-01 5.61689496e-01
    4.46683139e-01 2.96802610e-01 7.62049675e-01 8.69184971e-01
    4.95390266e-01 4.61329341e-01 1.27020478e-02 1.53189600e-02
    7.34211028e-01 3.93513471e-01 6.32597804e-01 6.10180557e-01
    9.50032592e-01 3.55488300e-01 9.80069399e-01 5.15442312e-01
    3.21991742e-02 7.82475591e-01 5.95368803e-01 2.30997205e-01
    3.45830679e-01 4.03245121e-01 1.12480551e-01 1.25695109e-01
    6.44623041e-02 3.81775528e-01 6.82902455e-01 8.62289131e-01
    3.20526332e-01 9.12632227e-01 8.44298542e-01 4.09533679e-01
    9.12207007e-01 6.72147572e-02 6.56927824e-01 2.55749792e-01
    7.61584222e-01 8.83843422e-01 3.10699940e-01 6.29401565e-01
    5.95772266e-01 2.13426530e-01 9.83787179e-01 4.55552310e-01
    8.28208029e-02 2.97526240e-01 8.52309823e-01 5.03663719e-01
    2.22678632e-01 2.82488763e-01 3.21084261e-01 5.10249615e-01
    8.48109722e-02 9.09334540e-01 9.90763843e-01 5.00316143e-01
    6.06421232e-01 6.44411206e-01 1.31850272e-01 4.53896046e-01
    1.45665228e-01 2.51975238e-01 6.69841468e-02 5.16264617e-01
    4.99222010e-01 2.27324307e-01 9.50369000e-01 5.87118447e-01
    4.70833361e-01 8.22433531e-02 3.03452849e-01 6.94676638e-02
    3.68891060e-01 9.14644003e-01 7.22909331e-01 2.19077379e-01
    5.11210024e-01 8.52685571e-01 5.19731343e-01 6.09914839e-01
    5.97024918e-01 6.50522768e-01 4.48022425e-01 5.51060200e-01
    8.69113922e-01 3.92607570e-01 6.30185664e-01 6.76267028e-01
    1.23603314e-01 9.78125155e-01 8.43881428e-01 6.72686398e-02
    1.51679933e-01 4.21646416e-01 4.83489901e-01 5.19057572e-01
    7.19038248e-01 3.38247657e-01 7.76677191e-01 3.63562077e-01
    2.04556614e-01 5.89004159e-01 5.30084312e-01 5.51054657e-01
    4.45635915e-02 3.87538075e-01 2.61145532e-01 7.89835989e-01
    6.01194739e-01 8.62063169e-01 5.40552735e-02 6.26803041e-01
    6.99561238e-01 1.10355973e-01 4.45841968e-01 6.57186449e-01
    9.18290257e-01 6.83175206e-01 3.01750660e-01 1.57905102e-01
    6.67114735e-01 7.44842589e-02 6.33776307e-01 3.07593465e-01
    1.41085386e-02 7.83657551e-01 2.55201250e-01 2.67488837e-01
    7.38135934e-01 2.67177224e-02 1.35521591e-01 7.18069673e-01
    9.58995700e-01 5.68971336e-02 7.00605333e-01 8.53232861e-01
    3.06378067e-01 3.14722180e-01 6.75204933e-01 3.20841789e-01
    6.64353728e-01 6.12675071e-01 1.03925139e-01 5.87552190e-01
    9.88171935e-01 8.73009443e-01 1.00279361e-01 5.60761750e-01
    7.72522330e-01 7.81964898e-01 4.13302869e-01 8.57650280e-01
    6.72431767e-01 8.67517591e-01 6.39292359e-01 7.07152307e-01
    1.66446060e-01 3.95876110e-01 4.38366920e-01 9.13713455e-01
    2.46122122e-01 8.58025134e-01 8.23751926e-01 1.77047223e-01
    8.81602705e-01 8.60810757e-01 9.26306963e-01 1.31573319e-01
    6.85689569e-01 4.17237669e-01 2.55385548e-01 9.90577400e-01
    2.36705214e-01 2.80870378e-01 5.47677159e-01 7.23066449e-01
    5.16292214e-01 3.82191479e-01 6.70248210e-01 2.23503202e-01
    5.08302629e-01 3.05072486e-01 6.53705895e-01 3.50704670e-01
    9.98064578e-01 4.94832814e-01 7.08110452e-01 3.08478475e-01
    1.32388622e-01 6.48272455e-01 7.36531615e-01 4.09130275e-01
    5.34771442e-01 4.36426908e-01 8.50550056e-01 8.60137582e-01
    5.92445910e-01 7.12225497e-01 1.96070910e-01 3.17635834e-02
    9.44732249e-01 5.49915016e-01 4.18727219e-01 7.12597072e-01
    5.36406338e-01 8.34414601e-01 3.86961401e-02 4.01168585e-01
    9.93094563e-01 7.72087872e-01 8.58842015e-01 8.23088050e-01
    3.90687346e-01 4.11520749e-01 4.28854525e-01 4.31673020e-01
    6.08066976e-01 1.10390484e-01 9.31705594e-01 7.70157576e-03
    7.80624032e-01 9.70944166e-01 5.03616393e-01 5.61687469e-01
    2.60129362e-01 6.11257851e-02 3.86842072e-01 2.36278594e-01
    8.58552337e-01 5.77304244e-01 3.51490498e-01 8.61322284e-01
    5.45718372e-02 3.14830601e-01 9.75203753e-01 1.65775567e-01
    3.16595197e-01 5.49862146e-01 5.81022382e-01 5.25467277e-01
    1.46137804e-01 4.88303930e-01 6.78650618e-01 9.20594573e-01
    9.66577768e-01 8.20073247e-01 7.50424862e-01 3.60378325e-01
    3.90782237e-01 2.72396088e-01 9.73828077e-01 6.12650931e-01
    1.85917646e-01 1.03713870e-02 8.69913459e-01 6.89539909e-01
    8.25971127e-01 3.02016735e-01 7.86642492e-01 2.19688803e-01
    2.92776465e-01 8.20839703e-02 7.01997757e-01 2.08222181e-01
    1.57682985e-01 2.70188451e-01 2.28931665e-01 2.85070121e-01
    3.58756721e-01 6.89658642e-01 6.22623205e-01 3.15149873e-01
    6.71975851e-01 5.60469985e-01 2.10416347e-01 4.91729796e-01
    6.00161016e-01 4.79183972e-01 9.42991138e-01 6.78976536e-01
    3.52308989e-01 1.03597283e-01 8.07245612e-01 7.22335935e-01
    6.43084645e-02 4.38356698e-01 5.50558388e-01 9.72706318e-01
    6.58773422e-01 2.43866652e-01 8.54682624e-02 5.07791221e-01
    1.76853329e-01 4.17079747e-01 5.79850793e-01 8.18181336e-02
    4.79864985e-01 8.68246853e-02 6.34939671e-01 4.66966063e-01
    4.44489568e-01 3.63793910e-01 2.45440185e-01 1.14282936e-01
    2.07724571e-01 6.11123204e-01 2.93441415e-01 7.42667198e-01
    5.66134810e-01 5.02201557e-01 5.24453521e-01 1.90902650e-02
    4.81240451e-01 5.20608068e-01 5.73993385e-01 2.80441821e-01
    8.03685069e-01 2.01821774e-01 3.99398804e-01 6.90587521e-01
    5.50474644e-01 3.88880104e-01 8.82380724e-01 7.22077012e-01
    6.60990775e-01 4.27721977e-01 5.27574718e-02 1.02018803e-01
    1.05601549e-01 1.36786461e-01 1.28703296e-01 6.80575073e-02
    5.71119964e-01 1.49972975e-01 2.10530460e-01 9.21391964e-01
    1.17942274e-01 4.41626966e-01 4.84661996e-01 5.06392360e-01
    2.20847368e-01 9.62338448e-01 9.40144777e-01 7.44061232e-01
    3.04008722e-01 7.25080013e-01 8.11739743e-01 7.32768893e-01
    8.82474542e-01 6.32351220e-01 6.51741087e-01 9.51746464e-01
    1.44108117e-01 5.73822737e-01 3.87054354e-01 3.67224962e-01
    3.48292351e-01 7.73199677e-01 9.61081862e-01 3.19798768e-01
    2.86638677e-01 8.87222588e-02 4.40194279e-01 2.13566720e-02
    2.37914354e-01 7.36472309e-02 5.53939700e-01 8.16130877e-01
    1.45486414e-01 4.23612922e-01 7.96309650e-01 4.36277330e-01
    8.29018235e-01 5.69382906e-02 4.85895365e-01 2.42202312e-01
    5.59162736e-01 2.01076329e-01 6.43521667e-01 2.35328197e-01
    8.32958221e-01 5.91973782e-01 1.29712373e-01 7.01796472e-01
    7.88941741e-01 8.78751278e-01 7.06829548e-01 5.26245534e-01
    8.80781412e-01 8.14666927e-01 1.58655494e-01 7.22334206e-01
    8.28185022e-01 9.72326517e-01 7.35574245e-01 2.05208600e-01
    1.34410799e-01 4.93387491e-01 1.25084281e-01 3.72485191e-01
    7.58679986e-01 5.33912361e-01 7.42186010e-01 9.75947976e-01
    3.88444364e-01 3.61896813e-01 2.68815160e-01 1.24684095e-01
    3.71308327e-02 4.79377657e-01 4.99142408e-02 1.44280076e-01
    7.07852840e-01 6.34757280e-02 1.33994251e-01 3.63652587e-01
    2.06751317e-01 3.80341560e-01 7.59577692e-01 6.90979064e-01
    8.07773948e-01 9.39686894e-02 5.33020973e-01 2.86466241e-01
    3.07431072e-01 8.66941810e-01 8.73610198e-01 3.23300600e-01
    5.72290182e-01 8.20326507e-02 2.69028008e-01 3.23174298e-01
    5.83638310e-01 3.14865947e-01 2.59431392e-01 3.38464081e-02
    1.12836957e-02 4.12645459e-01 3.32362056e-01 7.89748073e-01
    7.23471165e-01 4.16051000e-01 9.97296810e-01 4.91741836e-01
    5.30829608e-01 7.82447577e-01 2.22711831e-01 2.26534128e-01
    9.03440714e-02 5.30006707e-01 2.01304764e-01 3.49969655e-01
    4.90600497e-01 3.35915029e-01 8.05347979e-01 6.87740743e-02
    9.93407130e-01 1.20007396e-02 3.63333821e-01 2.91437209e-01
    4.81230706e-01 6.94304109e-01 9.35959935e-01 4.14685816e-01
    8.77508998e-01 3.36575389e-01 5.80328047e-01 3.09576690e-02
    8.44949663e-01 9.66582179e-01 2.16893494e-01 7.82521963e-02
    1.82399333e-01 7.46417522e-01 5.19996226e-01 7.11252749e-01
    8.15751910e-01 1.77074671e-01 4.10071552e-01 8.36103439e-01
    7.73956239e-01 7.13088810e-02 7.20094144e-02 6.74839914e-01
    7.82949090e-01 6.15023255e-01 1.42543614e-02 8.77610087e-01
    1.54163092e-01 3.11878949e-01 9.14781332e-01 5.14194965e-01
    3.97655576e-01 2.31825888e-01 9.07441616e-01 7.24426270e-01
    8.45323384e-01 3.66454244e-01 3.17697674e-01 1.46429092e-01
    8.80300105e-02 8.32133114e-01 6.09323740e-01 9.43935871e-01
    6.46716893e-01 8.93157363e-01 4.45865929e-01 4.38671350e-01
    4.20853943e-01 6.24056756e-02 3.34522903e-01 1.79787725e-01
    5.46060860e-01 2.29661167e-01 6.26375675e-01 3.07735801e-02
    7.06755161e-01 3.89453411e-01 9.85021353e-01 1.46344274e-01
    4.84794647e-01 5.09208441e-02 2.17676908e-01 4.35446322e-01
    3.10216010e-01 8.92534137e-01 6.17606640e-01 7.23448157e-01
    7.05224037e-01 8.25707793e-01 6.06457949e-01 1.23886049e-01
    9.99292314e-01 2.00381398e-01 5.75797439e-01 4.57231104e-02
    6.20035589e-01 5.07834613e-01 8.31184447e-01 8.62561107e-01
    9.49328661e-01 4.44137782e-01 1.03645414e-01 4.44963098e-01
    9.88665938e-01 6.48446023e-01 8.34134519e-01 5.04199922e-01
    6.31049991e-01 3.68666977e-01 1.64390683e-01 2.95929998e-01
    6.72732413e-01 4.24621761e-01 4.17989105e-01 8.00294399e-01
    2.90410280e-01 6.47787333e-01 6.93513989e-01 6.65012360e-01
    7.35056996e-01 2.83488393e-01 3.09317708e-01 3.60606730e-01
    3.62639934e-01 4.97662872e-01 3.79728675e-01 2.55594581e-01
    9.72377717e-01 8.22976232e-02 9.00352120e-01 2.54372090e-01
    8.53085518e-03 3.83471400e-01 1.21100694e-01 6.87514246e-01
    1.86497390e-01 7.16166794e-01 4.01579797e-01 4.21133518e-01
    8.42825890e-01 3.28072786e-01 6.98271990e-01 3.68184209e-01
    2.07395434e-01 7.32790828e-01 7.44162738e-01 3.17946076e-01
    1.31847411e-01 6.15672290e-01 4.93448704e-01 3.34860384e-02
    1.88973933e-01 3.36158812e-01 9.15674865e-01 9.88107562e-01
    5.95467567e-01 5.32137752e-01 3.67377758e-01 4.36960340e-01
    7.47997880e-01 8.51926208e-03 2.17790365e-01 8.92078638e-01
    8.10010493e-01 3.80099803e-01 3.32038701e-01 8.04742336e-01
    9.35635209e-01 9.97890115e-01 1.38613820e-01 7.02962101e-01
    3.86922359e-01 1.40305430e-01 6.25964105e-01 1.98878288e-01
    6.89782262e-01 7.88974404e-01 4.96728122e-01 8.19786906e-01
    4.94867563e-02 7.55226016e-02 3.15365851e-01 5.50017416e-01
    2.86603510e-01 5.26531458e-01 2.36974984e-01 1.89461648e-01
    1.69448376e-01 7.26393282e-01 7.36846805e-01 2.85868943e-02
    2.35986471e-01 2.40133643e-01 2.70641208e-01 9.62791085e-01
    6.00032508e-01 7.67898083e-01 1.26218915e-01 1.68617725e-01
    2.84519613e-01 2.39104986e-01 2.70326257e-01 4.35455561e-01
    8.92122507e-01 4.16431516e-01 1.73772842e-01 3.39201391e-02
    7.30369747e-01 7.79380798e-01 3.44918072e-02 2.79233247e-01
    6.28911912e-01 4.01616544e-01 1.38400078e-01 1.21152699e-01
    6.97176933e-01 6.21998072e-01 2.94816136e-01 5.14820158e-01
    6.84028089e-01 2.21734703e-01 2.91627347e-01 9.00933743e-01
    5.83283424e-01 9.69607115e-01 4.60274309e-01 7.70469666e-01
    8.09431493e-01 7.83266366e-01 8.70576382e-01 8.94835591e-02
    8.75325382e-01 1.62696272e-01 2.38664269e-01 2.10993946e-01
    4.42844242e-01 4.69681859e-01 7.95107603e-01 4.25942689e-01
    5.60235262e-01 3.28103960e-01 7.68218875e-01 3.20371240e-01
    8.25833797e-01 7.62342095e-01 1.90721691e-01 6.52210832e-01
    4.71598595e-01 5.65477252e-01 4.21096087e-01 8.08001459e-01
    2.10956037e-01 9.44144428e-01 5.99906683e-01 8.16141486e-01
    9.30634677e-01 6.12263381e-01 9.54111516e-02 7.48341322e-01
    6.49673343e-01 4.87852067e-01 9.51890171e-01 1.15508616e-01
    9.12514925e-01 9.70582247e-01 2.97293454e-01 2.30992734e-02
    6.85123205e-01 9.04106379e-01 8.50070417e-01 7.48982430e-01
    9.56945300e-01 8.43649209e-02 7.23849475e-01 6.60982430e-02
    4.88126397e-01 2.90004253e-01 8.40022862e-02 4.95073676e-01
    9.39822733e-01 7.27583706e-01 1.95366561e-01 4.64836359e-01
    6.03587508e-01 8.83856118e-01 5.02333641e-01 6.14671111e-01
    8.34770203e-01 1.48129195e-01 9.04762864e-01 7.78871298e-01
    8.62724543e-01 1.68534636e-01 9.28915143e-01 4.66541171e-01
    3.12164396e-01 2.09862232e-01 8.75900328e-01 7.99399972e-01
    2.38237172e-01 7.95392513e-01 5.12986183e-01 3.98258686e-01
    5.89885354e-01 5.24391174e-01 9.56574559e-01 3.70009065e-01
    5.87097526e-01 5.74078262e-01 3.59016508e-01 1.88446164e-01
    6.88568115e-01 8.53717923e-01 9.06236768e-01 2.10416824e-01
    5.04369736e-01 3.08132172e-02 3.67545366e-01 5.51096380e-01
    3.30886424e-01 6.07136786e-01 9.48783994e-01 8.82424235e-01
    2.61584401e-01 7.50498533e-01 3.75657380e-02 5.52843869e-01
    9.58851099e-01 3.90059322e-01 3.19667935e-01 8.15380573e-01
    4.63342637e-01 2.21702397e-01 7.22983599e-01 1.20802104e-01
    1.23523951e-01 7.83751607e-01 2.89244622e-01 7.37565398e-01
    4.87218201e-01 3.96915466e-01 2.72441208e-02 2.25064963e-01
    5.39245486e-01 1.07043922e-01 4.13914531e-01 8.22502613e-01
    2.20175534e-01 9.65540767e-01 9.72545743e-01 2.57008076e-01
    4.33774829e-01 3.69949341e-01 3.13064218e-01 4.19681370e-01
    1.44552827e-01 2.88444340e-01 1.05222702e-01 7.82663941e-01
    2.51959324e-01 5.43883979e-01 8.16831112e-01 8.13174009e-01
    3.33718598e-01 9.68001842e-01 7.83219576e-01 3.19332063e-01
    7.61621594e-01 7.20150769e-02 9.86515343e-01 8.46072435e-02
    2.07481563e-01 7.32169986e-01 3.58475804e-01 5.58029056e-01
    7.60127306e-02 6.22550309e-01 9.90061641e-01 8.84614348e-01
    2.37255335e-01 6.62134469e-01 5.18483758e-01 6.56176925e-01
    6.39870167e-01 9.34164047e-01 8.16297233e-01 5.78989267e-01
    8.61313939e-01 5.13627231e-01 4.27319020e-01 4.61007476e-01
    1.22137249e-01 5.53166151e-01 6.01322532e-01 2.26398349e-01
    2.92913139e-01 2.39118397e-01 2.93078721e-01 4.94396865e-01
    1.63550049e-01 8.97920847e-01 1.32917851e-01 7.05027282e-01
    1.84283495e-01 9.39887762e-01 7.75870562e-01 4.72369254e-01
    1.85986310e-01 1.14591032e-01 5.05333722e-01 5.86629212e-02
    7.09885955e-01 1.43898040e-01 2.61906892e-01 3.98178399e-01
    7.33007371e-01 5.33834100e-02 4.62383628e-02 7.16268480e-01
    3.47197562e-01 9.54244256e-01 6.48052692e-01 4.61239278e-01
    9.38789129e-01 3.96247506e-02 6.09710872e-01 9.46390808e-01
    1.77460611e-01 2.64770567e-01 6.40271068e-01 6.75071359e-01
    8.55780542e-02 2.57215708e-01 3.19549650e-01 3.13836694e-01
    3.90399337e-01 9.75686908e-01 1.77504629e-01 9.65746820e-01
    7.52792418e-01 8.60763848e-01 9.03334916e-01 5.68803906e-01
    7.71114349e-01 1.00836873e-01 3.75105560e-01 6.71561360e-02
    9.79332745e-01 6.91052854e-01 2.24047303e-01 8.79255772e-01
    3.70664299e-01 7.06726134e-01 7.12809324e-01 8.07510018e-01
    9.29655910e-01 4.94765937e-02 7.83053160e-01 6.32367790e-01
    4.80359435e-01 8.71964812e-01 7.21817851e-01 3.26398015e-03
    3.54407310e-01 4.07241881e-02 5.74207664e-01 4.98698145e-01
    6.89120889e-01 8.95937026e-01 1.80521548e-01 5.67859650e-01
    1.48254424e-01 5.92759490e-01 9.35828090e-02 6.61741853e-01
    7.65304327e-01 8.01360428e-01 2.87629128e-01 6.72309399e-01
    8.90914440e-01 9.42389250e-01 8.85089278e-01 7.43335664e-01
    4.56191868e-01 9.84716356e-01 6.38405442e-01 9.74380732e-01
    8.24727535e-01 7.28578866e-01 6.59890771e-02 1.85245961e-01
    5.83293796e-01 2.50778794e-02 3.04169834e-01 3.94273549e-01
    6.14878058e-01 7.76482880e-01 3.79060060e-01 7.73665190e-01
    6.06678128e-01 5.45803368e-01 7.47240186e-01 2.25289971e-01
    1.58164889e-01 4.17156667e-01 7.63494253e-01 5.63106537e-02
    4.15274858e-01 7.67260909e-01 3.54131550e-01 2.58974433e-02
    9.83342767e-01 1.61357194e-01 3.48748446e-01 6.11496449e-01
    2.91879356e-01 7.90631413e-01 3.76852393e-01 4.15936351e-01
    9.36776757e-01 1.44846529e-01 4.68339473e-01 3.42098117e-01
    2.66622841e-01 5.21261871e-01 6.79863036e-01 9.99310851e-01
    2.92427897e-01 9.35770988e-01 5.42531610e-01 2.37639546e-02
    1.21333510e-01 6.35111570e-01 2.32430071e-01 6.23388469e-01
    2.40098238e-02 7.20305562e-01 7.62750030e-01 4.53179538e-01
    9.65718448e-01 2.51003623e-01 1.69125736e-01 2.27844596e-01
    8.51551771e-01 3.67853224e-01 4.04988587e-01 3.60096693e-02
    6.34890914e-01 5.76003075e-01 3.75104010e-01 6.66244805e-01
    8.81629586e-01 4.94233280e-01 6.68976545e-01 3.43081295e-01
    6.74818099e-01 8.76636386e-01 9.53617811e-01 5.64058244e-01
    6.35692775e-02 4.29519594e-01 5.36024570e-01 4.24418151e-02
    1.03098303e-01 8.34537506e-01 1.49667323e-01 8.68835628e-01
    8.41595411e-01 9.04471278e-01 8.03337693e-02 7.76359797e-01
    2.49613225e-01 6.19930983e-01 6.13744497e-01 8.91978502e-01
    2.79532135e-01 7.71370769e-01 1.70306951e-01 8.56517911e-01
    1.96052760e-01 2.91449487e-01 7.49597490e-01 6.91145658e-01
    7.34848738e-01 2.98209727e-01 3.15162003e-01 5.33685386e-01
    3.44878614e-01 6.74363196e-01 5.81904471e-01 7.11833477e-01
    8.09946656e-02 8.22776496e-01 3.70947480e-01 9.60582376e-01
    4.51014191e-01 5.26406944e-01 8.15186143e-01 9.15855765e-01
    4.50511873e-01 3.97170484e-01 9.14587379e-01 9.17955160e-01
    9.33954775e-01 8.33101928e-01 3.33194435e-01 3.68224889e-01
    7.54250169e-01 3.47666860e-01 6.89805686e-01 2.10390508e-01
    8.86719704e-01 2.91625649e-01 4.59424615e-01 2.90243685e-01
    5.02286375e-01 7.48862326e-01 3.31624925e-01 5.64546824e-01
    4.76003021e-01 6.98341966e-01 2.89377660e-01 4.61108476e-01
    2.50156879e-01 6.89507782e-01 6.44774675e-01 6.47919893e-01
    2.55682200e-01 6.04756057e-01 7.05848932e-02 9.20637548e-01
    1.69980407e-01 6.48871303e-01 3.39616746e-01 7.97024608e-01
    4.06008869e-01 7.44586885e-02 9.68135297e-02 6.04589403e-01
    9.15869772e-01 1.59578830e-01 9.83142853e-01 3.09126318e-01
    4.27642167e-02 6.94476306e-01 2.39869773e-01 5.06160259e-01
    4.12046611e-01 2.46288449e-01 7.68785715e-01 6.11203909e-02
    8.95804584e-01 2.41222024e-01 6.30066574e-01 7.54177928e-01
    9.88217115e-01 9.62083757e-01 3.16494703e-02 4.05578047e-01
    3.69685054e-01 4.34248477e-01 1.63593978e-01 4.13966745e-01
    5.07413208e-01 5.44095099e-01 5.33577621e-01 7.87969232e-02
    1.69582427e-01 5.12931466e-01 6.73073292e-01 5.98340571e-01
    2.15982258e-01 8.52582455e-01 4.51557696e-01 3.87922585e-01
    1.38483822e-01 5.09661853e-01 1.84320509e-01 8.16618323e-01
    7.30756402e-01 8.72255504e-01 4.95273769e-02 5.22191226e-02
    9.12980676e-01 1.48656845e-01 3.88760388e-01 5.42885780e-01
    7.29073226e-01 8.22615743e-01 6.93331361e-01 9.60282743e-01
    8.37532580e-02 4.71812338e-01 5.62917173e-01 9.94643569e-01
    1.11425847e-01 6.93369448e-01 1.59763664e-01 1.65085763e-01
    8.40825915e-01 9.08454418e-01 3.48695248e-01 3.16918731e-01
    5.46637774e-01 6.85505509e-01 8.78479600e-01 5.06278872e-01
    7.96150804e-01 7.12441981e-01 4.20295537e-01 2.81813741e-03
    1.87512904e-01 4.37718034e-02 8.81585479e-01 7.18826354e-01
    6.34503603e-01 8.90925229e-02 8.99574637e-01 2.30573088e-01
    9.28818822e-01 8.78261149e-01 1.80510253e-01 8.13278198e-01
    8.31640482e-01 8.58231843e-01 1.75742358e-01 3.14832985e-01
    3.60964835e-01 2.81452835e-01 2.61899769e-01 9.21846926e-02
    7.28123367e-01 4.31023359e-01 7.04653144e-01 6.82283640e-01
    9.07363057e-01 8.49515975e-01 6.80823565e-01 8.33712101e-01
    6.67685568e-01 3.44747007e-01 5.75729251e-01 4.60990071e-02
    8.35857153e-01 4.04127002e-01 1.79026306e-01 6.14199698e-01
    7.55995154e-01 6.81829631e-01 8.55267644e-01 9.35657501e-01
    8.52581859e-03 6.67263985e-01 2.26444304e-02 7.83040643e-01
    4.56555694e-01 9.18739915e-01 5.10665417e-01 8.62424374e-01
    7.86140919e-01 2.57516026e-01 9.19245243e-01 2.09728420e-01
    5.61165214e-01 3.41299891e-01 6.75196528e-01 5.83724916e-01
    2.45214880e-01 6.82941794e-01 3.61788988e-01 4.84260976e-01
    2.72844732e-02 1.51642740e-01 1.49919361e-01 1.73269659e-01
    8.58415723e-01 6.67835414e-01 6.66558504e-01 8.26576352e-01
    2.49245971e-01 2.33660281e-01 6.00390851e-01 7.24473059e-01
    2.22300857e-01 1.75000191e-01 4.95513082e-01 4.02158350e-01
    1.00909024e-01 4.66299057e-02 1.56910777e-01 9.96808887e-01
    1.02598101e-01 6.14861727e-01 1.96973205e-01 5.46055198e-01
    9.05551195e-01 3.83041471e-01 6.83892965e-01 4.08759177e-01
    9.25490201e-01 7.67034531e-01 5.39422214e-01 2.01277971e-01
    3.93110573e-01 3.41189802e-01 8.20461571e-01 9.29607749e-01
    5.67921519e-01 9.53183651e-01 6.77832305e-01 3.35926712e-01
    2.67580152e-03 5.83445311e-01 7.68280327e-02 7.53988862e-01
    6.59777999e-01 4.09470320e-01 8.02408218e-01 4.08574224e-01
    4.18042928e-01 2.81168848e-01 9.06216025e-01 3.04977655e-01
    1.92252219e-01 2.73210406e-02 6.81939483e-01 3.97771060e-01
    6.98826909e-02 7.88227320e-02 6.62338138e-01 2.47318089e-01
    2.02252328e-01 5.57487965e-01 7.44013846e-01 2.36402243e-01
    5.87529480e-01 2.20752954e-02 2.37053901e-01 8.92650545e-01
    6.32630825e-01 1.72498256e-01 3.56845558e-02 8.48153114e-01
    6.53489828e-01 8.22808802e-01 8.86402965e-01 9.31679070e-01
    6.39909029e-01 2.17137724e-01 8.18938315e-02 9.50504243e-01
    8.35797668e-01 5.93343735e-01 6.32769644e-01 1.63216501e-01
    6.44688725e-01 9.15518641e-01 8.61771762e-01 2.73758531e-01
    8.53096128e-01 2.81676978e-01 7.67422676e-01 9.53248084e-01
    9.27940249e-01 7.30436325e-01 7.93776393e-01 7.91285455e-01
    8.90070677e-01 8.75019908e-01 9.37979817e-01 1.85427964e-01
    1.55528188e-01 6.25375152e-01 2.53170431e-02 5.55072188e-01
    3.26190472e-01 1.72192842e-01 2.52939820e-01 8.45436752e-02
    3.24158669e-02 5.01529634e-01 8.15343499e-01 7.15581656e-01
    3.02376926e-01 6.84529066e-01 1.70423061e-01 3.49710286e-01
    8.27282548e-01 2.93754637e-01 4.17870104e-01 1.77993506e-01
    4.02553707e-01 4.60908979e-01 6.87985122e-01 7.47329831e-01
    7.62370825e-01 7.63684511e-01 1.39131278e-01 8.79776478e-02
    4.85790312e-01 8.38933825e-01 1.01997763e-01 4.34470117e-01
    9.26575422e-01 9.37589288e-01 9.31690872e-01 8.35791945e-01
    1.74427301e-01 2.06428170e-02 4.50473368e-01 3.94562185e-01
    2.97271609e-01 8.98331523e-01 7.71065652e-02 8.73748362e-01
    4.14846927e-01 6.31221533e-02 5.73345184e-01 1.65089101e-01
    4.71822500e-01 7.66252637e-01 8.32510769e-01 9.99221623e-01
    4.63603437e-02 2.65511096e-01 9.38937306e-01 3.30529273e-01
    6.05485022e-01 9.23935533e-01 7.95262575e-01 8.49996209e-01
    4.32478249e-01 6.79853559e-03 5.63130677e-01 6.17450118e-01
    2.24997282e-01 6.82926416e-01 5.77894390e-01 7.18620777e-01
    6.82255924e-01 6.31181002e-01 7.72031844e-02 6.50563002e-01
    5.30868590e-01 3.51292640e-01 5.89447558e-01 1.50810361e-01
    4.24522161e-02 5.13324797e-01 2.52702355e-01 9.55824375e-01
    9.89366770e-01 9.04984713e-01 3.63350362e-01 5.32643020e-01
    3.95754933e-01 5.05203605e-02 4.76033390e-02 2.93847680e-01
    8.40043187e-01 5.17187715e-01 6.02818072e-01 6.62011743e-01
    5.34868598e-01 5.22011042e-01 6.63514018e-01 9.40793455e-02
    3.13343763e-01 1.16628885e-01 1.48440093e-01 6.86257362e-01
    2.10017562e-01 1.93710804e-01 2.28445351e-01 8.19624901e-01
    5.83711624e-01 5.92653394e-01 6.57214344e-01 7.59418845e-01
    2.13363707e-01 9.23913538e-01 5.64926386e-01 1.92456275e-01
    1.97929621e-01 4.48658586e-01 2.23935783e-01 8.61838341e-01
    9.96837020e-01 6.27443194e-01 1.05112553e-01 4.45903301e-01
    9.81366634e-01 2.01050758e-01 7.39561141e-01 8.67260933e-01
    7.28048444e-01 7.04262495e-01 3.78009677e-01 7.11746037e-01
    2.22162127e-01 4.67755705e-01 8.29611301e-01 7.86491752e-01
    8.14337134e-02 8.57975185e-02 4.23606068e-01 9.60361481e-01
    7.22652614e-01 7.06354260e-01 6.42434359e-01 4.01372492e-01
    1.21667325e-01 1.95419282e-01 9.43759143e-01 6.41712248e-01
    3.22049916e-01 4.30454135e-01 2.87770092e-01 8.14125538e-02
    9.75628555e-01 5.93076289e-01 7.95833588e-01 7.65761077e-01
    7.25262642e-01 5.87346733e-01 7.00695395e-01 9.85918880e-01
    4.84722555e-01 8.12826753e-01 4.37522918e-01 8.03028941e-02
    9.73998904e-01 5.78351021e-01 9.94040728e-01 6.10173523e-01
    6.90803409e-01 2.67735124e-03 3.35689485e-01 6.08991623e-01
    2.92846978e-01 1.63625181e-01 5.35321355e-01 5.44547796e-01
    2.81746686e-02 9.18396235e-01 5.89390159e-01 5.29035330e-01
    5.27670324e-01 3.75303626e-02 6.26146317e-01 2.70527303e-01
    5.58367968e-01 7.54105270e-01 5.76767623e-01 4.57040131e-01
    4.31571662e-01 5.53539157e-01 5.29721081e-01 4.26963925e-01
    2.79179633e-01 8.34589958e-01 5.16950190e-01 1.42066181e-02
    3.58077168e-01 9.40359473e-01 8.52829218e-01 9.68016982e-01
    7.87934303e-01 9.93301511e-01 4.08292443e-01 2.63993114e-01
    1.66835308e-01 9.97790396e-02 8.62102509e-02 7.21645951e-02
    6.91545129e-01 3.44716907e-01 4.97124940e-01 6.06395006e-02
    5.01929343e-01 4.65983599e-01 5.26038945e-01 3.60239148e-01
    4.78816628e-02 7.53958344e-01 6.17038846e-01 3.58403087e-01
    9.43698704e-01 6.27711415e-02 7.27888763e-01 2.84263432e-01
    2.44187921e-01 2.51833737e-01 8.02575469e-01 6.44909203e-01
    1.80016607e-01 9.52945828e-01 9.01613832e-01 3.41348410e-01
    8.89556468e-01 4.07223791e-01 8.53951395e-01 4.13219869e-01
    4.42372799e-01 6.28648102e-01 7.51751781e-01 8.38360190e-01
    6.21690333e-01 1.97362036e-01 9.56423402e-01 6.11881614e-01
    3.30406189e-01 6.79914773e-01 5.23365915e-01 4.42425221e-01
    5.65259755e-01 3.66141498e-01 1.68356925e-01 9.10335481e-01
    1.92157090e-01 5.29004931e-01 1.36479020e-01 8.93736184e-02
    4.24480021e-01 5.02596200e-01 5.70261240e-01 9.90155220e-01
    1.53753489e-01 2.13467032e-01 5.30851126e-01 5.93828917e-01
    6.62456930e-01 9.79828000e-01 2.86882877e-01 8.31863999e-01
    9.82188940e-01 8.11982453e-02 6.26957119e-01 5.75411558e-01
    6.46526814e-01 2.84278095e-01 1.07062101e-01 2.00322598e-01
    8.72914255e-01 9.11825180e-01 4.17043924e-01 3.61517638e-01
    9.13958430e-01 4.88889784e-01 1.02149099e-01 6.29782677e-03
    9.02172327e-01 7.54445672e-01 3.46183777e-01 2.68252492e-02
    2.83383846e-01 8.38897824e-01 9.53970075e-01 8.47920775e-02
    2.10233659e-01 1.50850385e-01 4.27984923e-01 3.22283536e-01
    1.94720805e-01 7.61200905e-01 2.65813470e-01 5.18140793e-01
    6.72010005e-01 7.90380299e-01 8.26008022e-01 5.44142842e-01
    1.72766775e-01 9.86289740e-01 9.05326962e-01 1.07414365e-01
    8.73487592e-02 6.13645852e-01 4.37891394e-01 3.37456524e-01
    5.58803678e-01 3.54397178e-01 9.42173839e-01 5.22475064e-01
    4.48495656e-01 4.35929447e-01 3.46019864e-01 4.40236270e-01
    1.32520348e-01 2.85843372e-01 6.90092504e-01 5.63635170e-01
    4.62059706e-01 7.40469098e-02 8.46139073e-01 4.77602512e-01
    5.41522145e-01 4.41919774e-01 8.01236868e-01 2.96602070e-01
    2.21322536e-01 6.34740829e-01 4.97043252e-01 6.05079830e-02
    8.27713728e-01 5.18742621e-01 5.28503597e-01 2.07190782e-01
    7.97837377e-01 4.06932205e-01 5.10462463e-01 7.58401871e-01
    5.88540673e-01 5.68473935e-01 2.09284902e-01 7.02282488e-01
    2.30675012e-01 4.44821239e-01 5.16203344e-02 9.76609349e-01
    2.63713002e-02 1.55005753e-02 1.09617680e-01 4.90472496e-01
    6.74004674e-01 5.89861751e-01 2.83307016e-01 2.22750455e-01
    6.13150418e-01 5.39950848e-01 4.27899301e-01 8.62317443e-01
    8.36350441e-01 9.51036811e-01 3.67346942e-01 3.77832353e-01
    1.85343623e-03 5.08544326e-01 6.72695100e-01 5.70858777e-01
    1.54630005e-01 1.42726898e-01 7.17853606e-01 7.31091142e-01
    2.95688868e-01 2.00598955e-01 1.07872903e-01 6.83876336e-01
    7.59981275e-01 3.71808678e-01 2.99579084e-01 5.91022372e-01
    5.89620471e-01 1.90658271e-02 5.40537477e-01 8.99677753e-01
    8.66178453e-01 6.12047017e-01 7.27943778e-02 3.21370661e-02
    1.66492909e-01 7.21531272e-01 1.88464820e-02 5.44079423e-01
    3.36047649e-01 2.02884108e-01 4.33861673e-01 6.82220340e-01
    9.25885379e-01 9.25685287e-01 7.42124081e-01 7.29567945e-01
    1.36371881e-01 1.82317853e-01 6.00001395e-01 5.78902841e-01
    7.14547694e-01 3.87227148e-01 9.46423888e-01 8.71002197e-01
    2.63384521e-01 5.64153612e-01 3.19253862e-01 7.49368191e-01
    5.17585278e-01 1.58473164e-01 8.26957226e-01 6.17834270e-01
    2.36947089e-01 6.39802098e-01 3.59712839e-02 1.00164026e-01
    3.91199589e-01 1.99087262e-02 5.49590766e-01 5.50226152e-01
    2.31982797e-01 8.67770910e-02 1.37736201e-02 3.06170404e-01
    3.61125112e-01 7.17409611e-01 7.15179443e-01 9.16858673e-01
    6.17263377e-01 4.01902199e-03 6.66461051e-01 4.71877158e-01
    7.01875448e-01 6.19948447e-01 3.60307157e-01 8.97140384e-01
    5.77298105e-01 6.14389002e-01 9.29255009e-01 7.41859376e-02
    3.20958972e-01 2.98861295e-01 2.43432254e-01 2.20409036e-01
    3.37355137e-02 3.18583846e-02 1.18486822e-01 5.77538490e-01
    9.02382135e-01 7.86352277e-01 8.50567579e-01 3.90338242e-01
    6.08221889e-01 6.56180084e-01 6.95200861e-01 1.15022510e-01
    4.67487574e-02 6.83587670e-01 1.55512899e-01 2.24023461e-02
    3.15573812e-02 8.22881103e-01 6.55739844e-01 9.42333341e-01
    1.92266464e-01 2.17306852e-01 1.35833919e-02 6.26792610e-01
    9.68055844e-01 1.58594579e-01 3.03995192e-01 4.94770199e-01
    8.97763133e-01 1.40621126e-01 6.52554750e-01 8.29789162e-01
    4.25905049e-01 4.13695067e-01 1.46726519e-01 3.78227234e-03
    9.35227334e-01 2.82357514e-01 5.42989314e-01 7.17722237e-01
    3.38257551e-02 9.02169943e-01 6.02392733e-01 8.55087578e-01
    2.37166286e-02 4.91634905e-01 5.66455305e-01 1.77768052e-01
    2.84350574e-01 5.58440804e-01 3.70393574e-01 4.41427112e-01
    4.81737554e-01 7.10639536e-01 4.79325533e-01 1.11250877e-01
    8.02184701e-01 4.82970536e-01 8.97674739e-01 4.74100769e-01
    4.69963491e-01 3.94153535e-01 8.89273107e-01 8.90178800e-01
    3.93987060e-01 6.44576430e-01 2.22242862e-01 5.72235107e-01
    1.95042998e-01 5.23744047e-01 1.13924116e-01 9.25987124e-01
    6.70211136e-01 1.10838711e-02 8.55041742e-02 3.42250884e-01
    7.51174927e-01 6.40870631e-02 1.31351858e-01 6.31733835e-01
    5.04337966e-01 9.18163061e-01 7.22666383e-01 9.18739557e-01
    8.94086182e-01 4.99896616e-01 4.40953314e-01 8.77964020e-01
    5.16457915e-01 3.25107038e-01 8.75028670e-02 6.71836734e-03
    5.92931151e-01 7.53803968e-01 7.55200624e-01 8.49331021e-01
    3.69144261e-01 2.55192697e-01 6.95605516e-01 1.69867486e-01
    2.51529276e-01 8.43875170e-01 2.44359165e-01 7.69222498e-01
    2.64175713e-01 5.09558976e-01 3.90269428e-01 6.30921781e-01
    8.06643546e-01 5.09039104e-01 8.82503629e-01 4.32991594e-01
    9.90334630e-01 5.18225908e-01 3.16540182e-01 4.12821114e-01
    2.90594816e-01 3.60485315e-02 2.65227199e-01 9.76821065e-01
    8.76427650e-01 9.23239887e-01 3.52624238e-01 2.56908268e-01
    1.58880502e-01 7.98029244e-01 8.27101350e-01 1.89761192e-01
    7.76965737e-01 4.82872725e-01 9.17531371e-01 6.96122646e-02
    1.38546169e-01 2.24064797e-01 3.18365991e-01 4.62067097e-01
    9.04618025e-01 1.89251512e-01 9.13844347e-01 1.06446326e-01
    7.71313310e-02 6.23649240e-01 2.38660604e-01 6.12647176e-01
    5.22578955e-02 4.35229719e-01 1.74333900e-01 4.54199821e-01
    9.25211310e-01 3.85254472e-01 8.11092019e-01 7.70247519e-01
    1.46891087e-01 3.50910246e-01 5.85638583e-01 6.25305295e-01
    4.26404089e-01 3.17597628e-01 2.37569928e-01 5.14386833e-01
    9.32084203e-01 2.81064212e-01 9.15201545e-01 5.81845999e-01
    4.10971552e-01 1.21500552e-01 4.68601406e-01 8.57043862e-02
    4.60712045e-01 8.08730185e-01 9.20594871e-01 8.58093202e-02
    3.83601725e-01 9.79977250e-01 4.13651645e-01 9.39740717e-01
    7.91444302e-01 2.31292546e-01 6.29219711e-01 5.60542464e-01
    1.06515527e-01 1.74279183e-01 5.00970364e-01 5.25434971e-01
    3.20192426e-01 3.51544499e-01 3.35772216e-01 2.26639479e-01
    9.63557363e-01 2.53336459e-01 1.14563853e-01 1.17689490e-01
    5.36287606e-01 4.20770466e-01 2.05949605e-01 4.49759305e-01
    4.48459476e-01 3.95863056e-02 5.20542800e-01 8.04960608e-01
    6.06890321e-01 1.96569771e-01 1.69201970e-01 9.52659249e-01
    8.04132700e-01 5.49343050e-01 5.10731578e-01 5.57038069e-01
    7.30529666e-01 9.59739983e-02 9.65771019e-01 8.99854779e-01
    1.51144594e-01 5.15762031e-01 7.14525759e-01 5.68093061e-01
    1.40395820e-01 4.76276428e-01 5.10151982e-02 1.97025210e-01
    2.47263849e-01 6.74109221e-01 3.77244532e-01 9.64907885e-01
    6.30700648e-01 1.74082786e-01 7.57241845e-01 1.00615203e-01
    4.89169061e-01 9.79309201e-01 2.63370305e-01 7.16416538e-02
    8.65231037e-01 5.50772488e-01 9.01484191e-01 4.68446910e-01
    2.02077448e-01 1.45532191e-01 6.87276483e-01 9.36602473e-01
    9.23184872e-01 2.02700257e-01 6.60712540e-01 2.85120279e-01
    3.20073485e-01 7.48916447e-01 9.76900101e-01 4.58342850e-01
    7.17325509e-01 1.04399562e-01 1.97265923e-01 3.73486459e-01
    3.72113824e-01 5.98310411e-01 5.74790359e-01 5.96601188e-01
    2.53570080e-02 9.70926285e-01 7.64947593e-01 7.76964426e-03
    1.09238684e-01 9.04433727e-01 8.00313950e-01 9.46937919e-01
    1.30279571e-01 7.45082498e-02 5.91832280e-01 2.79884040e-01
    6.94923997e-02 4.08635437e-02 3.49077791e-01 3.62011373e-01
    9.71029103e-02 6.10532999e-01 2.16091007e-01 8.91543686e-01
    1.02888525e-01 8.77801418e-01 5.67529857e-01 3.13336909e-01
    6.75208271e-01 9.38603580e-02 4.41673636e-01 4.89415318e-01
    7.45534658e-01 6.28738105e-01 5.03937185e-01 3.21625650e-01
    9.33547020e-01 1.16044402e-01 4.03788567e-01 6.41247034e-01
    3.36525619e-01 2.66627640e-01 6.90988064e-01 6.00309730e-01
    6.58778310e-01 4.91185874e-01 8.80555749e-01 9.54590797e-01
    5.02277195e-01 9.29483533e-01 1.58439159e-01 4.52273548e-01
    8.75738263e-01 1.32349432e-01 9.13564086e-01 9.64798331e-01
    5.69662094e-01 9.40538943e-01 8.10845494e-02 2.81431109e-01
    2.23677397e-01 6.63921714e-01 6.97965026e-01 9.85867977e-01
    1.20285660e-01 9.60665047e-02 2.34290928e-01 7.21387088e-01
    4.00055587e-01 5.81152678e-01 8.56632829e-01 8.58371794e-01
    3.94073784e-01 3.04920971e-01 5.55071354e-01 9.78775859e-01
    5.19784272e-01 3.65805745e-01 6.65640831e-01 8.30257416e-01
    1.02391094e-01 3.41613144e-01 5.78112841e-01 2.19898820e-01
    6.77406073e-01 6.06722832e-01 9.09434855e-02 5.78199923e-02
    3.44834507e-01 1.48483515e-02 3.00418437e-02 2.99863219e-01
    8.04458499e-01 2.15648115e-02 5.32520890e-01 8.69818807e-01
    5.26607037e-04 5.69626868e-01 7.61113644e-01 5.57651460e-01
    4.08479154e-01 8.58436465e-01 1.53298736e-01 1.64676607e-01
    3.11388373e-02 2.18208909e-01 4.44671631e-01 1.88340962e-01
    1.74158871e-01 3.95349532e-01 7.68460870e-01 5.74228466e-02
    1.49379641e-01 4.13946360e-01 2.66972780e-01 8.84678721e-01
    5.25467992e-01 5.63940048e-01 4.06142622e-01 9.57165718e-01
    5.13531983e-01 9.65324283e-01 2.59945035e-01 4.30685729e-01
    9.64199066e-01 1.05703741e-01 7.33166516e-01 5.80577850e-02
    2.42531478e-01 3.60342354e-01 7.12270200e-01 7.64901221e-01
    9.68868732e-01 6.13574147e-01 8.16282868e-01 1.37729794e-01
    5.68142891e-01 3.06273460e-01 6.35740161e-03 4.60147768e-01
    7.76702523e-01 8.04061890e-01 6.19026959e-01 8.50015759e-01
    1.74516201e-01 3.08963597e-01 1.73264980e-01 7.25732088e-01
    1.49506539e-01 6.98850632e-01 9.14421976e-01 7.45328546e-01
    3.34369719e-01 8.00094664e-01 4.57470059e-01 5.62191069e-01
    5.35238802e-01 5.72203279e-01 4.56534088e-01 3.51163328e-01
    9.61276591e-02 6.83236837e-01 3.47659409e-01 4.28727597e-01
    6.10445440e-01 9.28444743e-01 7.92001903e-01 2.33689845e-01
    2.40933955e-01 6.16696775e-01 3.75495940e-01 2.27173120e-01
    9.31807041e-01 3.33956242e-01 1.31960601e-01 3.49171519e-01
    2.63400972e-01 3.98431718e-01 5.08468628e-01 9.32067573e-01
    9.80892301e-01 5.96901059e-01 2.62159109e-03 1.54607385e-01
    8.98825824e-01 5.28662205e-02 4.04965430e-01 8.10580611e-01
    4.34275061e-01 4.15293604e-01 7.03381240e-01 3.25481743e-01
    4.12758499e-01 2.21199244e-01 8.20773005e-01 3.68837953e-01
    2.08869636e-01 1.10446393e-01 1.62784457e-01 8.59446049e-01
    6.68267965e-01 4.12994623e-01 1.66797608e-01 9.98856425e-01
    4.45642501e-01 7.26396739e-01 8.51625383e-01 3.98507357e-01
    6.25364065e-01 5.67136645e-01 2.83468097e-01 2.61618346e-01
    9.99011874e-01 4.13142562e-01 8.92973423e-01 1.97280735e-01
    1.82153821e-01 8.86137486e-01 9.03868198e-01 4.62135196e-01
    9.66719270e-01 9.45421100e-01 9.94197488e-01 5.25239527e-01
    8.14289927e-01 3.79358739e-01 7.41845250e-01 9.93934512e-01
    1.65168345e-02 4.69623268e-01 8.03644240e-01 9.30625558e-01
    7.48203218e-01 7.29941368e-01 8.12674761e-01 5.49186766e-01
    2.38895893e-01 6.25929356e-01 6.12512231e-02 3.73309672e-01
    6.90470934e-01 3.27653706e-01 6.39345825e-01 4.64317083e-01
    4.45414692e-01 7.09782243e-01 6.62024379e-01 1.05238497e-01
    5.15981138e-01 6.84836507e-01 6.10147834e-01 3.46123278e-02
    2.27276444e-01 2.47746438e-01 7.70163596e-01 3.76346707e-03
    9.97126937e-01 7.17942595e-01 4.43808079e-01 1.31264836e-01
    5.55935204e-01 8.94243419e-01 4.81393665e-01 8.36488962e-01
    3.20421219e-01 9.32091951e-01 1.86094850e-01 2.35720187e-01
    7.32492983e-01 9.44523573e-01 2.11020350e-01 6.97200418e-01
    2.39892989e-01 4.65743691e-01 5.62931001e-02 3.88575226e-01
    2.62293220e-02 8.01658273e-01 8.56958270e-01 3.91662806e-01
    6.53721809e-01 6.67665601e-01 1.30359620e-01 5.80092788e-01
    1.40508920e-01 2.88721055e-01 5.76406062e-01 2.15053231e-01
    2.92909026e-01 5.09438992e-01 4.75863904e-01 6.75681949e-01
    2.40009010e-01 9.22750950e-01 8.14305305e-01 3.39410931e-01
    7.95135975e-01 1.01686329e-01 5.94816983e-01 8.81321728e-01
    9.97556686e-01 7.44173348e-01 6.16091788e-01 7.01368570e-01
    9.19191003e-01 7.17971802e-01 1.50243312e-01 2.73743033e-01
    1.78164214e-01 8.89274657e-01 8.45246434e-01 4.69280303e-01
    4.94625956e-01 6.40041828e-01 2.15589881e-01 6.66598439e-01
    4.36770856e-01 1.46903545e-01 9.88949656e-01 5.63371658e-01
    5.44553161e-01 8.23679328e-01 5.68107009e-01 6.97942197e-01
    8.15319061e-01 6.64562285e-01 7.96401203e-01 5.68534613e-01
    8.71725321e-01 3.26248586e-01 5.34044504e-01 2.94010490e-01
    4.02456254e-01 4.97030616e-01 6.76783383e-01 7.21086025e-01
    7.19550788e-01 3.84430766e-01 9.55960751e-01 4.89861697e-01
    8.00769508e-01 2.26308107e-02 6.67879164e-01 2.14199722e-02
    7.18674123e-01 3.56069326e-01 5.28722763e-01 6.16706729e-01
    3.08094800e-01 6.66163206e-01 3.93880397e-01 6.63804114e-02
    3.89957279e-01 7.67836928e-01 9.99605596e-01 7.22394109e-01
    6.07791007e-01 5.23733377e-01 3.71909440e-01 1.00741982e-02
    6.72272682e-01 1.85950369e-01 3.31401825e-03 4.86489087e-01
    4.03576612e-01 4.86263365e-01 4.73769128e-01 5.78675807e-01
    1.61326230e-01 5.37535608e-01 2.41829902e-01 8.46623540e-01
    1.79479986e-01 2.01300174e-01 7.91725814e-01 9.84419823e-01
    2.53542155e-01 6.80766225e-01 6.68803573e-01 9.48745728e-01
    8.86983514e-01 5.66121042e-02 3.80675793e-02 4.37901080e-01
    8.34754288e-01 1.38063580e-01 4.15460050e-01 3.06581944e-01
    3.99033964e-01 8.07165444e-01 1.90790415e-01 5.77879071e-01
    8.94329548e-02 3.43924880e-01 1.23367906e-02 5.48622191e-01
    7.22592354e-01 4.00418490e-01 7.01866567e-01 2.67844439e-01
    4.74019319e-01 9.02031898e-01 9.38880086e-01 4.30707157e-01
    1.82317495e-01 1.86478376e-01 2.07998306e-01 7.75321007e-01
    2.41203040e-01 7.43233919e-01 3.50488126e-01 8.09920192e-01
    9.27730501e-02 6.53412342e-02 1.85418129e-02 2.14410514e-01
    9.80337977e-01 8.52786303e-02 5.27325869e-01 4.55182195e-01
    5.63107669e-01 6.55763984e-01 1.51466817e-01 5.60300589e-01
    2.26339012e-01 5.81360698e-01 8.32847953e-01 1.27546012e-01
    9.56067741e-02 6.46592021e-01 5.79040647e-01 2.52691984e-01
    6.96027160e-01 3.91862452e-01 9.09728229e-01 2.94691503e-01
    4.73140568e-01 2.18945742e-03 5.95094264e-01 6.64317906e-02
    2.05586553e-02 7.25532532e-01 1.13517582e-01 7.55952239e-01
    6.22580767e-01 4.21817720e-01 5.25184870e-01 2.33768791e-01
    1.47621930e-01 4.75576699e-01 6.93866372e-01 7.01970220e-01
    7.35373199e-02 1.48507714e-01 8.24849963e-01 7.84200370e-01
    9.46196079e-01 3.94965798e-01 1.03235781e-01 8.82896364e-01
    5.36210656e-01 5.39083183e-01 3.31190556e-01 5.13966918e-01
    1.31075650e-01 8.48941445e-01 6.89738035e-01 2.38218099e-01
    2.15203434e-01 2.32305020e-01 1.35224164e-02 9.46444273e-01
    9.46573615e-02 2.83291429e-01 2.04487503e-01 8.97730708e-01
    1.00793988e-01 7.99688578e-01 2.77915001e-02 8.90191913e-01
    8.51324975e-01 5.36128879e-01 5.48184991e-01 7.13649333e-01
    9.99811947e-01 2.70581007e-01 4.99320656e-01 7.74597824e-02
    5.82538426e-01 2.95364738e-01 4.90558267e-01 2.49857128e-01
    3.29658508e-01 8.88301015e-01 2.11613268e-01 4.79766160e-01
    9.87818956e-01 8.17942619e-01 7.70117283e-01 7.41003394e-01
    6.90852761e-01 4.50620949e-01 5.08048832e-01 4.05063301e-01
    9.69411850e-01 7.30164647e-02 7.71751404e-01 3.26105237e-01
    5.49471140e-01 7.52569079e-01 9.26219583e-01 6.77006900e-01
    8.38933468e-01 1.91463351e-01 8.56105685e-01 6.59491301e-01
    9.23619390e-01 7.03751445e-02 8.76350403e-01 9.07948613e-01
    2.67298937e-01 8.33469152e-01 3.64623576e-01 9.46651697e-01
    4.25142050e-02 9.44308996e-01 8.61229956e-01 5.71198940e-01
    1.76735014e-01 9.54430103e-01 1.26703024e-01 3.05520058e-01
    3.96603495e-01 3.72515738e-01 9.03469324e-03 9.57726002e-01
    1.14791393e-02 7.80604482e-01 6.76811337e-02 6.44466579e-02
    8.75640690e-01 1.81335926e-01 5.45883477e-01 4.16009635e-01
    7.14027405e-01 6.92173839e-02 4.38508570e-01 7.55600393e-01
    5.34255266e-01 5.77302694e-01 7.50031054e-01 5.32058835e-01
    7.21907377e-01 6.35540426e-01 2.83848345e-02 7.27297664e-01
    8.44653010e-01 8.30732882e-01 8.48095655e-01 9.46589708e-01
    6.63059413e-01 2.67657250e-01 2.26667434e-01 9.34053659e-01
    3.35734785e-01 8.49460363e-02 5.68691969e-01 5.85712731e-01
    6.16143227e-01 3.19637299e-01 3.70653450e-01 7.06274331e-01
    3.81294936e-01 7.75588036e-01 6.17598951e-01 3.67510617e-01
    2.20659226e-01 3.23152304e-01 8.09111714e-01 8.26384783e-01
    6.11396849e-01 9.47923124e-01 9.34260190e-02 7.42520034e-01
    3.41014206e-01 8.67141366e-01 9.50172126e-01 9.11443591e-01
    2.48122215e-02 4.63803411e-02 5.13874710e-01 9.62757230e-01
    9.30412591e-01 1.17101908e-01 8.00399423e-01 3.70101392e-01
    6.52570426e-02 3.03862661e-01 8.25669765e-01 3.73099744e-02
    2.43009478e-01 4.64494348e-01 2.27605999e-01 6.73136175e-01
    5.44894874e-01 9.06971931e-01 4.17024404e-01 7.81660259e-01
    1.31623745e-02 9.43832219e-01 6.34986758e-01 7.28254497e-01
    8.08776796e-01 7.78839588e-01 6.20511949e-01 8.99282277e-01
    9.97271359e-01 8.09059858e-01 9.44641352e-01 7.96279728e-01
    5.83936751e-01 5.65331936e-01 1.72620595e-01 6.64809287e-01
    5.88288903e-03 4.42993760e-01 3.27274203e-01 8.35306525e-01
    4.52188313e-01 9.22774374e-02 3.38950157e-02 9.52070475e-01
    1.63510323e-01 1.29992485e-01 6.64252043e-01 8.95073056e-01
    6.09617233e-01 7.60920465e-01 9.28374410e-01 7.97681987e-01
    8.14112663e-01 8.67362559e-01 4.49998677e-01 6.24136686e-01
    1.77949667e-04 1.48499757e-01 5.47035217e-01 3.11842203e-01
    1.02872103e-01 4.95498657e-01 7.15976238e-01 5.95342815e-01
    8.47352922e-01 5.84053993e-01 7.40668416e-01 3.27897251e-01
    3.65178883e-02 3.09636235e-01 8.67812514e-01 6.73107803e-01
    6.01487458e-02 4.67090011e-02 5.98326564e-01 2.37718731e-01
    9.92978096e-01 4.88652408e-01 4.25108820e-01 7.23825693e-01
    9.04302001e-01 9.21443939e-01 3.09894353e-01 7.98217535e-01
    2.16192335e-01 3.35097820e-01 3.28069806e-01 5.51790237e-01
    1.45874262e-01 8.48935246e-01 3.74459803e-01 1.19265378e-01
    2.46964157e-01 4.59237516e-01 9.83327448e-01 2.51929641e-01
    4.00247067e-01 7.70180643e-01 5.73657751e-01 8.06653738e-01
    6.73495114e-01 5.90433776e-02 1.53089315e-01 8.23119164e-01
    3.43097150e-01 4.44951504e-01 3.02627206e-01 5.07020175e-01
    5.47283590e-01 5.48527300e-01 9.92999911e-01 2.92335272e-01
    8.18422973e-01 9.33786392e-01 1.04479581e-01 1.80232435e-01
    1.55874848e-01 3.87324423e-01 9.20600951e-01 8.11072469e-01
    7.72793174e-01 8.97395968e-01 2.20191836e-01 7.29177237e-01
    8.52905035e-01 7.43022740e-01 6.79270923e-01 1.73511595e-01
    9.46052790e-01 5.26142001e-01 3.57380450e-01 3.33088666e-01
    3.48864734e-01 3.68120372e-01 3.20924759e-01 1.53812587e-01
    3.59323621e-03 5.79605997e-02 6.02506995e-01 5.45752883e-01
    6.27444863e-01 7.20423102e-01 2.02281207e-01 9.99998152e-02
    9.45881665e-01 5.50715685e-01 8.32466483e-01 5.78795195e-01
    2.80211717e-01 7.79291272e-01 5.14945507e-01 1.70571506e-01
    5.72217464e-01 1.84973657e-01 2.54297733e-01 2.47259617e-01
    3.31391513e-01 5.16316473e-01 2.05289721e-02 4.93130326e-01
    3.60298932e-01 6.02549016e-02 9.18789506e-02 3.22447598e-01
    4.61360186e-01 9.18665290e-01 3.06602001e-01 8.62763524e-02
    9.28533077e-01 8.16317320e-01 9.88790989e-01 7.19357669e-01
    2.82807320e-01 7.62734950e-01 2.92689502e-01 6.86818063e-01
    9.62156057e-01 6.60242498e-01 3.18633914e-01 7.46892214e-01
    2.16665715e-01 3.11061800e-01 4.34347689e-02 2.81837523e-01
    1.46515310e-01 8.20830822e-01 2.02023327e-01 9.05533671e-01
    5.59067011e-01 6.15371466e-01 2.46134520e-01 3.12813044e-01
    3.15579891e-01 3.52178991e-01 7.54389048e-01 3.76816154e-01
    1.41803473e-01 2.47151613e-01 6.20667279e-01 6.48605227e-02
    4.45651710e-01 1.44187212e-02 6.05192900e-01 6.85506344e-01
    6.79618835e-01 7.21035242e-01 9.73513126e-01 3.43008459e-01
    3.06015491e-01 6.07321143e-01 9.92694199e-02 6.37155771e-03
    7.02866197e-01 1.92065775e-01 4.81534928e-01 3.42070758e-01
    7.80153155e-01 8.65021348e-03 2.68701047e-01 6.19292378e-01
    6.13621354e-01 6.69540167e-02 3.99820775e-01 9.93301570e-01
    1.58405900e-01 1.94806755e-02 9.38806176e-01 1.18761420e-01
    2.93563783e-01 3.56616497e-01 8.25243950e-01 9.22703743e-01
    8.21103454e-01 7.67692149e-01 5.34329891e-01 9.19549704e-01
    5.47822475e-01 3.96320701e-01 3.91476721e-01 1.83661431e-01
    9.62180614e-01 5.15340507e-01 7.39505053e-01 7.20850229e-01
    2.25511968e-01 1.23287559e-01 7.33248591e-01 2.08844304e-01
    2.61326015e-01 1.23464406e-01 1.69007480e-02 7.51260638e-01
    5.86540759e-01 6.43172085e-01 1.65066451e-01 7.82758355e-01
    4.26744491e-01 5.12629449e-01 7.01760530e-01 7.36676395e-01
    7.24868774e-02 1.53316021e-01 2.38918632e-01 1.28636003e-01
    9.55536366e-01 3.87305886e-01 9.02213812e-01 6.62273526e-01
    8.82250071e-01 1.76539898e-01 4.46656406e-01 6.31562412e-01
    6.98211551e-01 1.03851616e-01 9.76559639e-01 9.05586362e-01
    9.46668983e-01 5.22613585e-01 6.45869315e-01 1.79249376e-01
    8.55803192e-02 2.44627267e-01 2.45553404e-01 2.63792604e-01
    7.92705297e-01 7.57735550e-01 5.82156062e-01 1.76173419e-01
    5.14253259e-01 3.87501091e-01 6.22152627e-01 3.95585477e-01
    4.06376600e-01 3.75531226e-01 1.80067241e-01 3.34304184e-01
    5.54045379e-01 4.39899921e-01 9.48008299e-01 9.02693987e-01
    9.74840522e-01 2.90757537e-01 2.10831016e-01 1.51713133e-01
    2.64847934e-01 7.02385783e-01 8.72493505e-01 7.65204430e-01
    8.72399628e-01 1.84748918e-01 3.12922537e-01 8.62778068e-01
    3.94391626e-01 7.82471359e-01 6.10906243e-01 1.74362302e-01
    4.25958157e-01 6.98304772e-01 8.26197803e-01 9.20584083e-01
    9.49131429e-01 2.34132737e-01 1.60772800e-01 9.49053049e-01
    9.30422127e-01 7.50890076e-01 2.97359407e-01 7.26392984e-01
    8.63786221e-01 1.82086349e-01 2.73252606e-01 2.81446218e-01
    9.33619142e-01 7.41659820e-01 6.00428939e-01 2.52294272e-01
    4.50832009e-01 6.71595216e-01 4.25495982e-01 9.46073174e-01
    2.09131658e-01 7.77571201e-01 3.76320481e-02 5.55764735e-01
    8.07328165e-01 5.76209903e-01 6.06557131e-02 5.62440991e-01
    9.65055704e-01 5.73787451e-01 5.06813943e-01 1.28000021e-01
    6.93621397e-01 1.04187965e-01 3.28731567e-01 9.37382877e-01
    9.53179955e-01 8.36163759e-02 5.35288453e-01 3.64393592e-01
    3.95537823e-01 9.84273255e-01 1.85762018e-01 6.30575299e-01
    6.86813295e-02 6.43451571e-01 5.90391576e-01 9.08136368e-04
    3.10233951e-01 3.30021441e-01 2.80377656e-01 7.80096292e-01
    7.31016338e-01 4.90015119e-01 9.95166898e-02 4.75496352e-01
    5.72227716e-01 7.66558588e-01 2.81846523e-01 6.93671823e-01
    3.40118706e-02 2.99235523e-01 6.45138800e-01 2.23318696e-01
    5.65867603e-01 5.62893629e-01 8.55258524e-01 8.13628674e-01
    2.24131107e-01 2.82783866e-01 6.99204922e-01 2.88767695e-01
    4.46445733e-01 9.47784185e-02 8.35534453e-01 5.57991087e-01
    8.78166020e-01 3.50590944e-02 1.67272002e-01 8.36434662e-01
    1.74474895e-01 5.83085418e-01 8.42581034e-01 4.80350554e-02
    2.52045095e-01 8.61167192e-01 1.15978539e-01 9.42760408e-01
    1.22494578e-01 7.75495946e-01 8.81725252e-02 7.32835531e-02
    3.74486268e-01 9.42317545e-01 7.28173137e-01 9.44325209e-01
    5.08611202e-01 1.25517428e-01 3.07242215e-01 3.87179047e-01
    2.49720395e-01 4.67883348e-01 6.47460401e-01 3.57361257e-01
    7.82499671e-01 3.40105832e-01 4.97742206e-01 4.96795654e-01
    5.28710425e-01 8.32054257e-01 7.54777670e-01 6.49162292e-01
    6.21297657e-01 9.13507581e-01 9.23414946e-01 9.38145518e-01
    8.15757871e-01 4.28802609e-01 5.83034456e-01 5.25145233e-02
    1.64864182e-01 6.30092025e-01 1.34239972e-01 8.76562715e-01
    9.37433302e-01 5.63878536e-01 9.62784290e-02 9.94292855e-01
    5.05028009e-01 2.48013526e-01 2.84144491e-01 8.33880782e-01
    1.89441383e-01 8.94364774e-01 8.11490417e-03 1.97854638e-03
    8.13616991e-01 3.18355858e-01 8.19790602e-01 6.78926766e-01
    1.82535946e-01 9.31000650e-01 3.51567388e-01 9.78107691e-01
    6.95712447e-01 5.59392393e-01 9.33329225e-01 6.27679527e-01
    4.01538998e-01 6.68697596e-01 8.30020666e-01 7.75186300e-01
    8.32538366e-01 8.34020019e-01 6.39901161e-01 3.16113710e-01
    3.72188568e-01 9.48454261e-01 9.95434284e-01 8.52046728e-01
    8.24818254e-01 2.83011198e-01 7.37890899e-01 3.79348636e-01
    9.10029709e-01 5.76291442e-01 4.01319683e-01 8.88835669e-01
    9.03306723e-01 9.29779351e-01 2.61360943e-01 7.06430316e-01
    9.85631227e-01 1.27429307e-01 6.74834132e-01 7.87390471e-01
    8.08890760e-01 5.27421772e-01 4.01190102e-01 1.84855908e-01
    3.63551378e-02 2.05361992e-01 6.38799250e-01 6.28495693e-01
    8.45278502e-01 1.01437837e-01 6.50214434e-01 1.47690773e-02
    3.16400409e-01 3.82480949e-01 5.13682485e-01 1.26057446e-01
    6.80631101e-02 5.70875943e-01 3.63062918e-01 9.50002432e-01
    8.84967685e-01 2.38904059e-01 9.35323477e-01 2.57223964e-01
    3.15719008e-01 1.79317176e-01 8.10420990e-01 7.63963699e-01
    9.37105060e-01 8.64525676e-01 3.85607272e-01 7.18379498e-01
    4.03536141e-01 7.99338996e-01 3.28883111e-01 1.47777081e-01
    7.49759078e-01 8.07551682e-01 1.24109685e-02 1.41921669e-01
    8.64146709e-01 4.65264022e-01 3.94456059e-01 6.33336663e-01
    2.25750893e-01 9.58610833e-01 1.58949792e-01 2.29742736e-01
    2.80080378e-01 5.71388841e-01 1.17877305e-01 3.95842195e-01
    5.36329508e-01 3.33499908e-01 8.41240287e-01 2.05516815e-04
    8.16427946e-01 8.50029826e-01 1.07546210e-01 9.17608142e-01
    8.64446044e-01 7.52837539e-01 9.24273729e-01 3.95824581e-01
    1.50370628e-01 4.84169036e-01 2.54333854e-01 6.44566119e-01
    8.29871774e-01 8.41571689e-01 3.44183207e-01 1.96736187e-01
    9.86589193e-01 8.09746921e-01 5.92203021e-01 6.27930760e-02
    1.42271340e-01 4.34806943e-03 6.56162620e-01 5.00125527e-01
    1.39778584e-01 9.42098498e-02 9.96439695e-01 4.99770135e-01
    1.54087514e-01 5.27474284e-01 2.67581344e-01 1.31939352e-02
    3.66753042e-02 2.01055974e-01 3.33347023e-02 2.96992153e-01
    8.96425009e-01 3.35134029e-01 6.78929567e-01 5.62636912e-01
    8.65421593e-01 6.23314977e-01 3.42244983e-01 3.03493738e-02
    1.66118920e-01 3.64032090e-01 3.71990055e-01 6.21130347e-01
    7.05766022e-01 6.24408305e-01 8.82851720e-01 2.79981732e-01
    8.47222507e-02 2.77461648e-01 6.92588568e-01 9.29963112e-01
    1.78200960e-01 9.30486143e-01 2.35946596e-01 4.06432956e-01
    6.32046580e-01 2.88792670e-01 3.68060887e-01 8.48752022e-01
    7.57083416e-01 1.65275961e-01 8.00717115e-01 1.84240341e-01
    8.58868361e-01 5.41019857e-01 3.36106211e-01 1.08402878e-01
    5.76533437e-01 8.39565396e-01 7.46974051e-01 4.09559667e-01
    8.97397518e-01 2.46457249e-01 4.26420271e-01 8.12912703e-01
    3.61439198e-01 4.79986459e-01 4.62759435e-01 9.34463978e-01
    7.74436414e-01 8.42015386e-01 1.62973732e-01 4.13136363e-01
    9.08045053e-01 1.36780471e-01 4.44503069e-01 3.97341549e-01
    3.86270732e-01 8.12466800e-01 4.45998996e-01 6.23035908e-01
    3.48247647e-01 1.64121896e-01 4.90222394e-01 6.85571969e-01
    7.53231585e-01 7.61435270e-01 4.76979375e-01 1.15526974e-01
    8.03828061e-01 9.58705604e-01 8.05093646e-01 7.81592011e-01
    8.47503781e-01 2.73806930e-01 1.04468882e-01 3.99311095e-01
    9.40643668e-01 6.85940504e-01 6.46993995e-01 2.71934360e-01
    5.95621765e-02 9.96790230e-02 3.20023507e-01 4.51785922e-02
    6.48716152e-01 3.98035944e-01 2.11102605e-01 5.89570165e-01
    2.79718995e-01 5.98557949e-01 1.23732179e-01 9.52828884e-01
    5.92516184e-01 1.57794356e-03 3.46471071e-01 2.65741348e-02
    3.96485150e-01 2.39426583e-01 1.49799347e-01 2.81836689e-01
    2.99332500e-01 8.26247931e-01 2.55998492e-01 2.38527119e-01
    8.94218624e-01 2.00882286e-01 8.28562498e-01 6.37238324e-02
    7.86256790e-01 9.96017158e-02 1.23333007e-01 5.90299070e-01
    7.59390831e-01 7.78147697e-01 9.15257692e-01 7.30377972e-01
    7.73231447e-01 9.43999887e-02 5.62068105e-01 2.84605592e-01
    6.40725970e-01 1.41526669e-01 8.99487436e-01 5.15871644e-01
    8.14018726e-01 4.95801151e-01 3.94466996e-01 5.52702248e-01
    5.41970730e-01 5.09540737e-02 7.65796423e-01 6.48984849e-01
    3.03358018e-01 2.58257687e-01 8.26306701e-01 7.18725562e-01
    6.05943799e-02 5.51737189e-01 9.73656416e-01 4.49455202e-01
    9.13048387e-01 8.11769366e-01 5.83708286e-01 9.33140695e-01
    2.05541611e-01 9.68153298e-01 7.34966040e-01 1.86512917e-01
    7.47799993e-01 4.15008336e-01 3.33437204e-01 5.47332227e-01
    8.22868764e-01 3.29633683e-01 2.56594062e-01 1.61555648e-01
    3.76517713e-01 7.76570797e-01 2.45447487e-01 4.80771154e-01
    2.81639367e-01 1.37356251e-01 6.53907657e-03 8.46204400e-01
    9.60202813e-02 1.01604521e-01 1.10006988e-01 3.20612937e-01
    8.02400947e-01 7.81491101e-01 4.41044509e-01 8.95780921e-01
    6.41576648e-01 7.32632041e-01 1.86179340e-01 4.47634816e-01
    9.25683379e-01 3.84612322e-01 8.60294104e-02 3.88785779e-01
    2.94313371e-01 4.95179087e-01 7.29651928e-01 4.68138814e-01
    4.08308774e-01 5.97826719e-01 5.97748935e-01 3.23936164e-01
    2.39732862e-03 7.91030884e-01 5.13001442e-01 3.27326387e-01
    4.41083163e-01 3.00403088e-01 9.63450670e-02 3.47833097e-01
    3.50197136e-01 6.48663342e-01 8.31292987e-01 6.13219857e-01
    3.44249129e-01 9.15236950e-01 9.68072414e-01 6.94440246e-01
    1.25508606e-01 5.09465992e-01 2.38323629e-01 3.03184152e-01
    2.30281323e-01 5.64438105e-01 4.42774296e-01 9.72488523e-02
    1.08432472e-02 8.25509727e-01 9.93059754e-01 3.41351867e-01
    3.06367040e-01 8.31062436e-01 6.10520542e-01 9.35456157e-01
    3.02384675e-01 4.76727962e-01 3.63478839e-01 5.25696039e-01
    5.17590880e-01 1.26928508e-01 6.01111472e-01 2.84142017e-01
    1.12659395e-01 3.74194503e-01 1.66839004e-01 5.29871821e-01
    2.15986460e-01 8.78275871e-01 3.43527555e-01 8.77189875e-01
    1.58779025e-02 9.57493186e-02 2.29336709e-01 7.15461016e-01
    6.44901514e-01 5.16557455e-01 4.18366849e-01 6.92242742e-01
    9.47780132e-01 7.11932302e-01 9.62153196e-01 1.08695328e-02
    5.24901688e-01 7.68902421e-01 4.72927451e-01 1.18864983e-01
    1.77888751e-01 6.12428904e-01 7.51804113e-01 8.88685226e-01
    5.03561556e-01 1.38924748e-01 7.33778059e-01 2.15733349e-01
    6.81416214e-01 2.77767599e-01 7.72594512e-01 9.91089821e-01
    6.10125303e-01 6.19122207e-01 6.66463137e-01 3.98077250e-01
    6.67807579e-01 5.57690561e-01 8.68655503e-01 3.62882912e-02
    3.62517089e-01 2.33391792e-01 9.60037112e-03 3.24738026e-01
    6.74316764e-01 5.22016406e-01 7.46068537e-01 6.23540580e-02
    5.27484179e-01 3.81200612e-02 8.19838166e-01 6.02263927e-01
    4.92276728e-01 4.58221614e-01 7.17829168e-02 8.16718102e-01
    6.54091239e-01 9.79027271e-01 6.48155868e-01 7.29413867e-01
    9.29185331e-01 5.84775984e-01 5.76456606e-01 5.31719685e-01
    5.27914286e-01 4.26694334e-01 9.34870839e-01 4.67003345e-01
    7.34043360e-01 6.54531837e-01 5.85103273e-01 9.68219519e-01
    8.45068693e-03 2.89952189e-01 2.13447720e-01 5.28429031e-01
    3.41696441e-01 8.07877600e-01 7.32640147e-01 3.23211908e-01
    5.47161043e-01 7.21773088e-01 1.32646412e-01 5.15235245e-01
    6.10688329e-02 1.87303424e-02 4.44005400e-01 9.36819792e-01
    6.68970346e-01 5.49705029e-02 5.34944236e-01 6.87809408e-01
    2.12793529e-01 5.08964360e-01 6.57259881e-01 6.67429328e-01
    2.35364020e-01 7.28627861e-01 2.70909667e-02 6.29935265e-01
    9.50324059e-01 6.74061775e-02 7.23821938e-01 1.11736208e-01
    3.76697153e-01 7.50002265e-01 7.40990400e-01 2.39036977e-02
    6.70208156e-01 6.34938598e-01 3.94764721e-01 3.23686063e-01
    1.27667159e-01 1.00551993e-01 9.89429474e-01 5.52029848e-01
    4.60662335e-01 3.64048064e-01 1.38211638e-01 4.64653790e-01
    9.22840297e-01 8.58212948e-01 5.88370204e-01 5.94816208e-02
    1.30478382e-01 2.51037359e-01 6.55003905e-01 4.80498910e-01
    7.74060965e-01 5.84698319e-01 6.76295519e-01 7.98728645e-01
    2.39660263e-01 3.06750059e-01 9.93376970e-01 4.66125637e-01
    1.97320282e-01 3.88573647e-01 4.17753965e-01 1.15160316e-01
    5.93565404e-02 8.32318306e-01 6.43879175e-01 9.21475828e-01
    7.69612670e-01 4.40068007e-01 6.44646645e-01 8.28454256e-01
    2.99008787e-01 2.53019005e-01 5.98684549e-02 6.41717434e-01
    4.34524059e-01 7.68677592e-02 8.19984078e-01 5.99105656e-01
    7.36253202e-01 6.45905852e-01 4.38137501e-01 8.50776076e-01
    4.79003578e-01 5.25169671e-02 8.51725936e-01 2.99855173e-02
    5.80950201e-01 4.46268559e-01 9.91379321e-02 2.68911570e-01
    3.68911564e-01 7.68013358e-01 8.36677551e-01 8.36773992e-01
    4.36693728e-02 5.76088190e-01 4.08621609e-01 7.42364526e-01
    6.11686110e-01 4.05838788e-01 5.64605772e-01 9.10466552e-01
    7.54227757e-01 2.30933815e-01 2.01612413e-01 4.35044229e-01
    5.27577162e-01 9.37819958e-01 5.29057264e-01 3.77184749e-01
    2.15577185e-02 7.13760793e-01 4.80804175e-01 1.52520120e-01
    6.67250037e-01 5.86109638e-01 2.69588321e-01 9.35942650e-01
    3.80423874e-01 8.02153826e-01 2.50352621e-02 2.19381452e-02
    5.27939498e-01 2.41952837e-01 9.46519852e-01 2.20037460e-01
    6.90595031e-01 9.38164115e-01 6.28086984e-01 1.56910777e-01
    7.54652917e-02 4.68492985e-01 9.21510518e-01 9.48558211e-01
    4.40695018e-01 3.77483577e-01 8.79410028e-01 9.00486588e-01
    2.58084595e-01 6.31072462e-01 1.11679941e-01 1.82939172e-01
    6.70122266e-01 4.43308026e-01 5.59431016e-01 3.48565906e-01
    1.30597830e-01 3.52153182e-02 5.97990990e-01 3.66034538e-01
    4.17407662e-01 5.69015920e-01 2.16470659e-01 9.71783698e-01
    6.57531500e-01 9.06973779e-01 9.58406031e-01 8.68518472e-01
    7.29481161e-01 1.12172842e-01 6.35655880e-01 6.87212050e-01
    2.03821689e-01 6.61075115e-01 3.79707664e-01 1.03024900e-01
    4.17770892e-01 1.58737004e-01 4.83006626e-01 4.39446121e-01
    6.78813100e-01 5.43301702e-02 9.50299978e-01 8.71837676e-01
    6.50815964e-02 1.44880354e-01 7.75466442e-01 7.54730403e-01
    5.45710027e-01 4.13309276e-01 9.40018892e-02 5.18706322e-01
    8.10935259e-01 4.89956617e-01 7.88679838e-01 6.04921222e-01
    1.81320846e-01 6.99203432e-01 2.45186776e-01 3.52009684e-01
    7.88848221e-01 1.98111266e-01 6.63690090e-01 9.64131474e-01
    2.79082298e-01 5.61671138e-01 2.89482415e-01 9.99602973e-02
    5.35906732e-01 8.14168096e-01 7.37390459e-01 5.18599987e-01
    4.98272389e-01 1.14722908e-01 1.18675262e-01 9.13900375e-01
    6.97162807e-01 6.18181646e-01 6.66965604e-01 4.41476405e-02
    6.49915934e-01 6.54054463e-01 4.67635721e-01 3.22752595e-02
    7.64011443e-02 5.08013010e-01 9.26759839e-01 4.27774161e-01
    9.37880039e-01 5.34893453e-01 2.22492993e-01 8.11991453e-01
    3.38086963e-01 4.86102998e-02 5.49770892e-01 6.32293701e-01
    3.31758201e-01 8.53950262e-01 5.43361247e-01 6.89052284e-01
    1.86190397e-01 9.12804723e-01 9.49692011e-01 7.11704671e-01
    5.46345174e-01 9.03647840e-02 2.16637284e-01 8.99957776e-01
    1.64947063e-01 5.34598172e-01 3.54775161e-01 3.48524511e-01
    6.97277606e-01 4.40948606e-01 1.46517545e-01 7.46170223e-01
    6.87671721e-01 1.76938206e-01 3.94299984e-01 9.03188288e-02
    1.34149104e-01 2.11807370e-01 7.71196485e-01 1.09715521e-01
    9.38713074e-01 4.49977845e-01 7.61046767e-01 3.85255754e-01
    3.06512833e-01 4.53482836e-01 6.11913860e-01 4.61868525e-01
    4.12459284e-01 8.91333222e-01 4.52413112e-01 1.10536367e-01
    8.55153441e-01 8.45411241e-01 6.74922287e-01 6.61759973e-01
    8.12260628e-01 4.92501318e-01 5.76805949e-01 4.10012364e-01
    3.82281125e-01 4.19297814e-01 7.82868028e-01 2.32125014e-01
    4.32269543e-01 8.44028592e-02 9.65033770e-01 1.42344207e-01
    7.86313653e-01 8.75503659e-01 1.82615817e-01 8.82664323e-01
    7.46283531e-01 3.73115212e-01 1.20932966e-01 5.53035557e-01
    3.68883371e-01 9.88953412e-01 9.81394529e-01 7.33921587e-01
    4.16195452e-01 1.88362896e-02 5.89547753e-02 8.78767967e-01
    5.39650857e-01 3.81812453e-03 3.42824012e-01 9.71756697e-01
    3.37788939e-01 5.73718488e-01 9.06124830e-01 6.64224982e-01
    1.97286606e-02 9.22212243e-01 9.87270296e-01 3.47440243e-01
    7.36338854e-01 4.52460289e-01 2.42394358e-01 6.44540787e-03
    3.81947607e-01 9.94541049e-02 3.55204165e-01 1.22531682e-01
    8.26352119e-01 1.69909894e-01 1.54905796e-01 1.49553150e-01
    6.49927258e-01 3.15351248e-01 4.81310189e-02 3.54494005e-01
    7.42466748e-01 2.40248442e-02 1.72331542e-01 3.77607584e-01
    5.48658133e-01 5.62289596e-01 3.98531377e-01 3.39567572e-01
    8.56209457e-01 8.24794531e-01 3.14308763e-01 7.29979277e-01
    5.62511206e-01 1.70293599e-01 9.44182277e-03 3.01229894e-01
    2.10935503e-01 8.18362117e-01 2.31210142e-01 5.22485554e-01
    1.58510476e-01 8.33753645e-01 3.48174691e-01 6.66712582e-01
    3.62786055e-01 2.81930387e-01 9.83806372e-01 5.52940845e-01
    4.59843010e-01 6.65267646e-01 3.94876480e-01 6.12408221e-01
    8.60265195e-01 9.14076269e-02 4.95072126e-01 6.30405903e-01
    2.80966699e-01 2.69724727e-01 4.95984942e-01 8.39757919e-01
    6.14602208e-01 3.54594558e-01 9.10513163e-01 6.05625927e-01
    4.91385162e-01 6.36319578e-01 7.09986091e-02 7.28061497e-01
    1.53593808e-01 9.27765965e-01 8.98846805e-01 8.08813334e-01
    3.92999470e-01 9.07474399e-01 9.08697367e-01 2.80427873e-01
    8.58919501e-01 6.86347008e-01 8.55390728e-02 4.25350428e-01
    5.16461074e-01 4.02939379e-01 2.49503255e-01 8.80230308e-01
    5.83796501e-01 6.08963609e-01 5.23167908e-01 9.82006848e-01
    1.07084215e-01 7.07413971e-01 6.14508688e-02 2.27784306e-01
    2.35048831e-02 8.72341752e-01 7.34253049e-01 6.34002507e-01
    6.41851068e-01 6.97646797e-01 9.97544408e-01 1.33474976e-01
    1.32966369e-01 7.86050677e-01 1.93040222e-01 8.65768254e-01
    3.03775489e-01 2.40986943e-02 8.02691102e-01 6.20948374e-01
    8.55690956e-01 7.24472642e-01 1.31646901e-01 6.88418746e-03
    6.84733748e-01 9.74312127e-02 1.56262994e-01 6.49336934e-01
    6.74872518e-01 5.25837839e-02 7.58244455e-01 6.72718406e-01
    8.66797924e-01 1.44050300e-01 8.61055493e-01 3.87213439e-01
    8.04906428e-01 4.05352116e-01 7.86216617e-01 5.79413474e-02
    5.68058670e-01 2.73019969e-02 1.80176824e-01 8.83904219e-01
    5.15276372e-01 9.39163208e-01 7.88915753e-01 2.41854787e-03
    1.48370892e-01 8.33594799e-01 7.75938749e-01 2.96265721e-01
    7.19036281e-01 2.50727504e-01 5.37182331e-01 5.61909854e-01
    2.60892868e-01 2.76971757e-02 7.15885878e-01 6.48776472e-01
    7.16174304e-01 2.90347815e-01 6.81198120e-01 7.30283976e-01
    3.14822793e-01 7.12349474e-01 4.27705795e-01 3.33390117e-01
    3.15783262e-01 5.06444573e-01 7.12763786e-01 6.57082438e-01
    7.11450994e-01 5.95129430e-02 9.73901033e-01 5.34052849e-02
    2.41708070e-01 6.35996759e-01 3.16528797e-01 5.54515719e-02
    9.16353226e-01 3.48634243e-01 7.48145878e-01 4.52118099e-01
    3.00158978e-01 9.80341315e-01 5.51787257e-01 7.13989139e-03
    1.04808599e-01 3.01099122e-02 5.47650397e-01 8.16738248e-01
    2.91887045e-01 2.01908052e-01 1.61877543e-01 9.38734412e-01
    5.07867336e-01 8.59372139e-01 9.38738585e-02 4.92141426e-01
    4.18096930e-01 1.47214472e-01 7.23278403e-01 9.46330547e-01
    5.34341276e-01 4.20284510e-01 2.67457932e-01 5.45327842e-01
    1.46335751e-01 7.12807298e-01 3.34052622e-01 3.58056545e-01
    6.66710615e-01 2.63305962e-01 6.60645247e-01 1.92895830e-01
    7.18760490e-02 5.93600690e-01 5.59921026e-01 7.24294722e-01
    9.54653680e-01 4.81135607e-01 5.56258082e-01 6.64373934e-01
    7.19815969e-01 9.20591414e-01 7.29348004e-01 7.17365444e-02
    5.63433647e-01 2.55796790e-01 5.12425184e-01 6.29041433e-01
    3.66503358e-01 1.34457409e-01 2.78216958e-01 5.14751256e-01
    2.26614594e-01 9.64894593e-02 6.43732131e-01 8.22055995e-01
    9.88943815e-01 5.27497172e-01 6.72270358e-01 7.92187452e-01
    2.02156305e-01 1.31687582e-01 3.69643271e-01 4.15874153e-01
    8.89117956e-01 3.47925127e-02 6.44217849e-01 8.27539563e-01
    7.33811140e-01 1.80448711e-01 3.83800626e-01 4.78933305e-01
    3.39649171e-01 2.37818152e-01 1.43565357e-01 1.30126745e-01
    2.24351227e-01 7.22292423e-01 5.61068892e-01 4.35503721e-01
    7.24733710e-01 7.98506737e-02 9.75929201e-02 1.09323263e-01
    9.87315178e-03 9.53413248e-02 3.37905437e-01 8.19831610e-01
    3.54932457e-01 8.72261405e-01 1.65689796e-01 2.47002482e-01
    1.97438359e-01 2.25278735e-01 4.95231122e-01 2.76753008e-01
    7.12238789e-01 2.53920317e-01 7.53258765e-02 4.15884614e-01
    2.40081698e-01 7.77159035e-01 6.32366657e-01 8.02435756e-01
    5.61969638e-01 7.77049780e-01 9.04910743e-01 6.37437582e-01
    1.09991729e-02 3.88095111e-01 8.25796843e-01 2.83321142e-01
    3.13611031e-01 7.40501404e-01 9.79711413e-01 1.34091616e-01
    8.33981991e-01 9.92640376e-01 6.22981250e-01 3.58929038e-02
    2.12112576e-01 8.70255709e-01 3.35402191e-01 1.75389320e-01
    3.04187059e-01 7.68780708e-03 1.24771804e-01 5.60581446e-01
    5.17369688e-01 7.54305601e-01 8.24143589e-01 7.28646874e-01
    2.48242795e-01 2.16989636e-01 4.05083060e-01 8.00499260e-01
    1.77703947e-01 2.10830271e-01 4.91443485e-01 1.70209646e-01
    4.91759330e-01 7.95858502e-01 8.99185658e-01 5.23773491e-01
    9.31899846e-01 4.76285607e-01 6.46887124e-01 9.02280152e-01
    9.26955104e-01 9.36359525e-01 4.62185711e-01 3.27292323e-01
    3.07523727e-01 1.41562164e-01 3.88526320e-01 8.58860910e-01
    8.47060800e-01 5.44398725e-02 7.69827366e-01 6.18447781e-01
    5.00055850e-02 5.21769881e-01 9.56342697e-01 6.34383678e-01
    4.67080176e-02 6.76681638e-01 9.86784577e-01 3.72468799e-01
    1.38858497e-01 9.98055458e-01 9.52935815e-01 2.84953117e-01
    5.28430581e-01 9.37610507e-01 2.63001323e-01 8.68601322e-01
    7.69792855e-01 1.70672536e-02 2.46189654e-01 2.82028347e-01
    6.28473759e-01 1.98319495e-01 6.68203294e-01 7.59110510e-01
    3.35250616e-01 1.65250748e-01 2.92032242e-01 8.25359762e-01
    9.57192302e-01 5.37572682e-01 5.41667044e-02 1.18774891e-01
    3.03747058e-02 8.49083841e-01 4.54129279e-01 6.00283861e-01
    3.06322455e-01 2.05413699e-01 6.97899342e-01 8.91883850e-01
    1.37508631e-01 2.35002667e-01 5.62553525e-01 3.42547297e-02
    8.86440635e-01 8.65990639e-01 2.12929994e-01 1.49360627e-01
    1.24518245e-01 9.29524779e-01 9.83342409e-01 6.76460624e-01
    8.08794618e-01 6.08413815e-01 4.84631956e-02 9.94732380e-01
    3.91868770e-01 5.11700809e-02 2.15185940e-01 3.80867243e-01
    9.14767921e-01 6.27046585e-01 7.31289864e-01 5.42227745e-01
    1.12734169e-01 4.26591516e-01 1.12872481e-01 1.52990550e-01
    2.59442806e-01 6.87568188e-01 8.56050730e-01 3.07042778e-01
    9.25620496e-02 8.13181996e-01 1.44226491e-01 2.74433434e-01
    9.70008790e-01 2.28893012e-01 7.55270898e-01 4.78550494e-01
    6.40007496e-01 1.53578162e-01 5.72194099e-01 4.81182337e-02
    9.78154063e-01 6.17496312e-01 1.00013584e-01 6.00775778e-02
    9.13209140e-01 7.69199431e-01 8.69778395e-02 4.56244051e-02
    2.13464797e-02 4.54946190e-01 8.91898930e-01 3.01035523e-01
    8.38186383e-01 2.86333770e-01 2.70367324e-01 9.90895271e-01
    1.23529822e-01 5.61007500e-01 4.29417551e-01 1.79262489e-01
    4.08005774e-01 6.78418458e-01 6.92594409e-01 3.83063853e-02
    3.87416750e-01 8.60157192e-01 6.99558973e-01 9.00711179e-01
    6.04282677e-01 7.93480217e-01 1.38846338e-01 7.13207603e-01
    7.57218063e-01 2.54327118e-01 6.57440186e-01 1.79924399e-01
    4.13458049e-02 9.18795228e-01 1.61989927e-01 9.21908021e-03
    6.29357815e-01 9.85335052e-01 6.41712666e-01 3.50359976e-02
    8.08690190e-01 3.93156499e-01 5.56416810e-01 3.99288833e-02
    6.72872663e-01 6.20679259e-02 7.11271465e-02 1.30641490e-01
    4.40311641e-01 4.75721508e-01 5.04342914e-01 7.12431550e-01
    3.79824877e-01 9.46860850e-01 5.31597435e-02 5.99169314e-01
    2.82004654e-01 6.99871957e-01 1.16060764e-01 9.61720645e-01
    5.93418181e-01 1.04330450e-01 1.01619422e-01 6.26298547e-01
    5.67016482e-01 9.03454304e-01 6.60658360e-01 7.70608068e-01
    4.94915128e-01 4.92569357e-01 5.47413707e-01 4.51835066e-01
    8.36512804e-01 2.55736113e-02 3.04183304e-01 4.15377855e-01
    8.10446739e-01 7.09948361e-01 9.36957598e-01 6.64758027e-01
    7.46904969e-01 7.83369005e-01 8.83534968e-01 9.43171024e-01
    4.64001685e-01 2.28854418e-02 9.58311081e-01 6.06774509e-01
    4.64813650e-01 3.01651239e-01 6.06626153e-01 2.51388550e-02
    7.45803714e-01 2.01784879e-01 4.09574807e-01 5.63207567e-01
    1.72166228e-01 7.14514613e-01 4.48916793e-01 4.68718231e-01
    4.98963147e-01 5.89919567e-01 9.54601407e-01 4.11918253e-01
    7.38403559e-01 6.06904387e-01 3.89110446e-01 8.07161212e-01
    3.91906559e-01 3.67638648e-01 6.79126382e-02 9.99617279e-01
    8.45448375e-01 7.69409537e-01 4.96999741e-01 6.50117159e-01
    5.19027054e-01 7.43483424e-01 9.70484734e-01 8.39676440e-01
    5.38846374e-01 3.10888082e-01 7.69747078e-01 2.55731344e-01
    9.94987607e-01 8.07042599e-01 9.37382817e-01 7.47445822e-01
    9.34328616e-01 3.43943715e-01 5.00110745e-01 9.43119168e-01
    9.15459037e-01 3.06607634e-01 2.55911648e-02 3.14307928e-01
    3.97660077e-01 8.84248734e-01 9.12493050e-01 7.80447602e-01
    2.14188248e-01 7.93260813e-01 2.94398308e-01 1.49109185e-01
    2.57342756e-01 7.85745263e-01 7.04931200e-01 1.94279134e-01
    6.20388329e-01 1.32834822e-01 9.44804788e-01 6.50058627e-01
    8.95375133e-01 6.63791239e-01 4.92129266e-01 6.40371442e-01
    5.87759376e-01 9.71255958e-01 8.73284459e-01 9.30204988e-01
    6.53192043e-01 1.13566428e-01 9.93084192e-01 2.28234231e-01
    9.34761763e-02 4.08108532e-02 4.29647446e-01 8.39255095e-01
    9.18967426e-02 9.58324909e-01 7.26375341e-01 5.15158117e-01
    8.73266101e-01 6.15258873e-01 8.24369788e-01 1.50664449e-02
    3.60495508e-01 4.99338806e-01 4.55561280e-02 9.05556977e-02
    7.47151077e-01 3.75480831e-01 6.16768599e-01 5.09815216e-02
    4.38460499e-01 8.34535480e-01 6.03119433e-02 8.42149854e-01
    9.40804839e-01 2.95344889e-02 1.92634314e-01 9.12059128e-01
    9.09684896e-01 8.20607543e-01 3.21694732e-01 3.97815943e-01
    2.55263716e-01 1.70688719e-01 6.58856750e-01 9.85279560e-01
    1.49426997e-01 3.38010669e-01 9.59617257e-01 7.43885159e-01
    1.38080359e-01 7.56263375e-01 2.30496705e-01 7.86911130e-01
    8.34039807e-01 8.29451561e-01 9.20428753e-01 3.15303206e-02
    7.35967875e-01 2.30497360e-01 3.69085848e-01 9.72617209e-01
    8.57794404e-01 9.85517919e-01 6.68685198e-01 7.21719563e-02
    6.22947037e-01 9.56814885e-01 7.44899213e-01 5.17521024e-01
    1.46473259e-01 1.20475590e-01 6.20004833e-02 9.45144176e-01
    5.98799765e-01 1.19321793e-01 3.52583528e-02 9.33882952e-01
    4.29451168e-01 5.54108441e-01 4.06703562e-01 4.62799817e-01
    8.88310075e-01 8.55546355e-01 7.54342318e-01 6.15505099e-01
    4.96872962e-02 5.49323678e-01 6.98523879e-01 5.97260594e-01
    3.12242776e-01 9.37821507e-01 3.62293124e-01 8.85381103e-01
    5.97088635e-02 3.53866398e-01 8.69080067e-01 4.69570756e-02
    7.63884246e-01 5.65971494e-01 6.29591286e-01 3.62929255e-01
    3.30179632e-01 9.29967165e-01 1.80715472e-01 9.34360623e-02
    6.59416795e-01 4.65190500e-01 9.57564712e-01 2.55089581e-01
    9.10951197e-01 3.97621572e-01 6.00864232e-01 9.94709969e-01
    6.76652789e-02 1.67552859e-01 9.74994659e-01 2.77329504e-01
    7.09210753e-01 3.65754902e-01 6.89251423e-02 9.11269009e-01
    6.60089493e-01 3.36900294e-01 7.30384648e-01 3.16538513e-02
    4.70040977e-01 3.36085856e-01 1.78313941e-01 5.25322258e-02
    6.15906119e-01 9.22231674e-01 7.69137502e-01 6.83421135e-01
    7.87008405e-02 7.53727198e-01 3.66954267e-01 5.98915935e-01
    4.78682220e-02 1.52490973e-01 1.68596148e-01 4.95969355e-01
    2.52794027e-02 6.74040556e-01 1.64659381e-01 2.49485373e-01
    3.38061273e-01 5.73418498e-01 4.66328382e-01 2.91584730e-01
    4.94245917e-01 1.30117536e-02 5.42745113e-01 2.94870913e-01
    4.10222381e-01 9.08375740e-01 2.07697004e-01 2.27265328e-01
    3.58394623e-01 4.35438424e-01 6.36413395e-02 2.95805305e-01
    7.36858785e-01 3.20406586e-01 2.01877058e-01 7.07496166e-01
    8.42216015e-01 5.92935324e-01 8.39789391e-01 3.56529593e-01
    4.60631847e-02 9.66128290e-01 5.38709402e-01 8.61925304e-01
    1.62044227e-01 3.39163095e-01 4.58048582e-02 2.22372800e-01
    2.55614787e-01 9.69850063e-01 1.74401373e-01 7.78263032e-01
    9.21841681e-01 1.53451264e-01 6.96524084e-01 6.66406989e-01
    6.54551804e-01 5.90313375e-01 1.57295793e-01 5.64245701e-01
    2.52578706e-01 5.92298925e-01 4.96264577e-01 4.58819509e-01
    6.20036662e-01 1.23716205e-01 5.83239913e-01 1.90419763e-01
    1.44727826e-01 7.00527549e-01 1.75980836e-01 1.63820386e-01
    8.11447501e-01 8.46910298e-01 5.64328194e-01 3.03754985e-01
    7.09764004e-01 1.48539901e-01 6.95585489e-01 4.43877578e-01
    2.71217197e-01 2.86635339e-01 6.00360692e-01 6.11006021e-02
    5.89532375e-01 7.26748347e-01 6.69411898e-01 2.58928180e-01
    3.98691446e-01 6.56754375e-01 9.55888510e-01 4.73687172e-01
    4.27172601e-01 4.55226153e-01 5.28223932e-01 1.42169833e-01
    3.59132260e-01 1.93166643e-01 2.87464976e-01 5.70797265e-01
    2.22457826e-01 9.71857548e-01 4.95428145e-02 2.17257738e-01
    8.80308151e-01 5.92838287e-01 6.50704980e-01 3.42061311e-01
    7.90997207e-01 8.84340167e-01 4.81994778e-01 3.47596288e-01
    2.19240189e-02 3.71002913e-01 1.53772563e-01 5.12207150e-01
    3.98799896e-01 3.87980819e-01 1.48121774e-01 7.65816391e-01
    3.28148037e-01 4.96073782e-01 8.02203596e-01 6.76018000e-01
    6.73728764e-01 1.21875376e-01 8.16178441e-01 3.45551997e-01
    8.09829235e-01 9.67366695e-02 7.57874072e-01 2.21409142e-01
    7.01313913e-01 2.68723458e-01 9.66488481e-01 2.13801980e-01
    9.71394479e-02 4.61303413e-01 2.49458343e-01 4.87616062e-01
    4.13525820e-01 9.81521189e-01 1.81719542e-01 7.19312370e-01
    1.49027705e-02 8.20574880e-01 3.11577916e-01 8.80716741e-01
    9.55779612e-01 5.89139283e-01 7.62048960e-01 1.13497585e-01
    8.41027856e-01 4.73512232e-01 9.56604600e-01 1.72803730e-01
    8.23689699e-02 5.68033755e-01 6.43630207e-01 4.52205032e-01
    6.02528811e-01 2.77595341e-01 7.24067509e-01 6.61336064e-01
    9.26352382e-01 9.48237658e-01 4.65159982e-01 6.75208330e-01
    8.23804975e-01 8.13215971e-03 1.91901922e-01 8.12218189e-02
    4.86206234e-01 4.08524811e-01 3.61706972e-01 9.98245358e-01
    7.34294474e-01 9.02110517e-01 9.94871140e-01 5.19556165e-01
    3.42966139e-01 4.90906566e-01 7.22062707e-01 4.03273433e-01
    3.93173933e-01 9.83409643e-01 9.99176323e-01 2.25562662e-01
    1.34626359e-01 2.18079835e-01 6.89581752e-01 7.37965703e-02
    1.54860318e-01 9.22449470e-01 1.06893092e-01 5.82537174e-01
    4.59984452e-01 4.11966354e-01 6.21730745e-01 7.21281052e-01
    5.57737291e-01 1.25203431e-02 4.66096997e-01 2.11414933e-01
    8.02097082e-01 2.04453498e-01 1.42860144e-01 3.79922032e-01
    5.64669967e-01 4.66370434e-01 3.31798285e-01 4.18035209e-01
    5.05936146e-01 1.65517002e-01 7.49859452e-01 1.56246573e-01
    9.47044134e-01 3.70365620e-01 5.99349260e-01 9.90537643e-01
    1.47198677e-01 5.71551800e-01 9.71279919e-01 2.44017959e-01
    3.87291908e-01 7.84148335e-01 9.70412374e-01 1.04984254e-01
    8.99645090e-01 2.16545880e-01 1.02978528e-01 9.86279964e-01
    5.02982736e-01 8.33921671e-01 7.70127773e-01 6.38468325e-01
    4.42436010e-01 9.76564527e-01 8.06730628e-01 8.22663605e-02
    1.13178968e-01 2.15140224e-01 8.30817223e-01 2.03661442e-01
    5.68621933e-01 5.79961956e-01 4.36660022e-01 6.40120387e-01
    8.65450382e-01 3.23936999e-01 9.11872685e-02 8.83589149e-01
    2.82295644e-01 5.71143985e-01 5.06586075e-01 2.32162178e-01
    3.19109559e-02 2.75193483e-01 2.85333276e-01 3.50227952e-03
    4.61451262e-01 5.55422723e-01 7.61173725e-01 7.35339224e-01
    9.35662985e-01 4.02680010e-01 5.67729473e-01 4.46364403e-01
    5.99832356e-01 7.47732639e-01 7.48986542e-01 7.58749008e-01
    8.71832311e-01 8.07447135e-02 9.18381810e-01 1.14978373e-01
    1.54623866e-01 1.67725325e-01 9.59867060e-01 8.07980657e-01
    5.02978563e-01 1.76592380e-01 3.37305367e-01 1.65908098e-01
    1.86423033e-01 9.27481234e-01 8.49881172e-01 4.75803554e-01
    5.46713054e-01 9.30715919e-01 3.50034714e-01 2.77714640e-01
    9.21778977e-02 3.34128618e-01 9.34406698e-01 4.57062542e-01
    6.96818769e-01 9.09800708e-01 7.37281680e-01 6.60519004e-02
    4.73483175e-01 4.06827688e-01 7.49413013e-01 2.81291574e-01
    4.68444228e-02 4.00870651e-01 9.24281478e-01 1.79924965e-01
    5.61505198e-01 2.25163400e-01 4.60786134e-01 7.17606783e-01
    4.01854575e-01 3.66616428e-01 4.39074486e-01 3.84922147e-01
    2.81640291e-02 1.09204829e-01 3.74770284e-01 8.12143505e-01
    3.34661961e-01 8.13436210e-02 9.05839503e-02 8.75399351e-01
    1.99931830e-01 6.53604507e-01 3.12291563e-01 8.07870030e-01
    1.95725948e-01 8.24907124e-02 6.88802242e-01 9.14644301e-01
    7.55682230e-01 7.77229786e-01 8.84695172e-01 2.14581192e-02
    8.80627394e-01 9.04938340e-01 9.85301495e-01 7.23338425e-01
    3.68448377e-01 1.64006561e-01 3.33636284e-01 5.46780825e-01
    5.02732813e-01 3.79134148e-01 3.89156342e-02 2.21208602e-01
    8.16087723e-01 4.64651823e-01 3.17708284e-01 2.54771352e-01
    6.62003398e-01 8.38833570e-01 6.74847722e-01 5.09228110e-01
    3.11778784e-02 7.34914899e-01 3.76605392e-01 1.36848956e-01
    6.38694763e-02 2.60691881e-01 1.38271749e-01 9.52904701e-01
    3.23212713e-01 5.26713729e-01 8.37329328e-02 9.80137408e-01
    2.82654673e-01 6.57036841e-01 6.02678955e-02 2.37348676e-02
    7.00651586e-01 3.28593433e-01 9.34872866e-01 8.75947833e-01
    5.73739409e-01 9.45657134e-01 6.82185888e-02 7.57349730e-01
    5.57289779e-01 8.14092100e-01 3.04724276e-01 3.20891678e-01
    7.65767574e-01 1.65467590e-01 8.59772384e-01 7.93919921e-01
    2.71262407e-01 4.02157992e-01 3.99155140e-01 6.80960119e-02
    2.91200876e-02 7.21412420e-01 3.48573923e-02 3.02424431e-01
    2.97950804e-02 3.44092488e-01 9.45788980e-01 5.20099640e-01
    3.49792480e-01 7.35417366e-01 4.47006822e-01 3.57251227e-01
    8.47219527e-02 6.58120990e-01 7.67038226e-01 5.98703444e-01
    4.83205497e-01 9.08542514e-01 3.55053067e-01 4.72127438e-01
    9.41736698e-01 9.40741479e-01 8.35185170e-01 6.82440281e-01
    6.48277104e-01 7.33191907e-01 8.51936519e-01 2.66413629e-01
    6.20069623e-01 4.09109116e-01 4.61507618e-01 4.23971325e-01
    1.62734121e-01 5.17040491e-04 3.55337203e-01 6.19641781e-01
    8.53114128e-01 6.03761792e-01 8.62284899e-01 5.55024743e-02
    7.18526661e-01 1.77159131e-01 5.95318913e-01 8.82511616e-01
    4.20507610e-01 4.20755833e-01 3.65218699e-01 2.73028612e-01
    9.58902121e-01 3.11498880e-01 5.69538713e-01 1.90705866e-01
    4.53582406e-01 3.36357176e-01 4.74142790e-01 5.47043085e-01
    7.35438466e-01 9.92956817e-01 2.75502503e-01 8.02756190e-01
    2.52701163e-01 2.24493891e-01 8.77317727e-01 2.23077416e-01
    3.97267580e-01 5.29726148e-01 2.01383501e-01 6.47169590e-01
    6.11010611e-01 5.96114457e-01 7.54933178e-01 2.73799896e-02
    5.94084978e-01 8.22597861e-01 9.76777434e-01 4.15017992e-01
    6.24971092e-02 8.20435405e-01 7.51466274e-01 5.64495027e-02
    7.14187264e-01 3.68431121e-01 2.60179609e-01 5.13859868e-01
    3.67035031e-01 5.09651601e-01 7.26380169e-01 9.56380844e-01
    3.97502810e-01 2.30121851e-01 4.62026536e-01 8.38674068e-01
    1.38310105e-01 1.18389249e-01 1.99355155e-01 3.71086091e-01
    1.32441640e-01 8.02855372e-01 9.77222323e-01 8.20165277e-01
    5.23734987e-01 6.00972056e-01 1.28575593e-01 7.84287393e-01
    1.09371662e-01 6.09206140e-01 8.38603973e-02 5.32401264e-01
    7.15183496e-01 2.67755687e-01 7.13625610e-01 2.10045457e-01
    7.66263664e-01 9.93239164e-01 2.99631625e-01 1.23633355e-01
    8.29757333e-01 3.87785375e-01 5.17930627e-01 9.85711217e-02
    4.05867040e-01 5.23967266e-01 9.63023424e-01 9.53286648e-01
    2.27850199e-01 3.11459899e-01 3.21321368e-01 3.91771138e-01
    6.25318289e-03 6.67006433e-01 9.67967868e-01 3.06697965e-01
    8.99880409e-01 9.86172557e-01 2.72632152e-01 6.15283668e-01
    6.39267027e-01 3.47570270e-01 8.49932194e-01 4.69628602e-01
    5.61154246e-01 3.66458714e-01 3.11014116e-01 7.10374534e-01
    3.12682033e-01 4.61889207e-02 6.39293134e-01 3.10589194e-01
    4.96315062e-01 2.41493493e-01 8.06242824e-02 4.14305747e-01
    2.85856962e-01 3.23757261e-01 2.70714194e-01 2.55194604e-02
    6.84607983e-01 9.06611085e-01 3.71012479e-01 2.68145502e-02
    6.51057541e-01 9.80205655e-01 9.13187146e-01 2.60941118e-01
    7.91054964e-02 9.12261307e-02 6.28364384e-01 7.18080163e-01
    3.16880107e-01 7.30031550e-01 4.96742129e-02 9.19419050e-01
    9.65699911e-01 5.14279366e-01 4.50676233e-01 2.32023180e-01
    8.04507613e-01 3.49003941e-01 1.37612522e-01 4.36768293e-01
    1.37669384e-01 1.91254526e-01 6.32848918e-01 3.32174480e-01
    6.63389266e-02 2.39993721e-01 3.51697206e-02 6.20053530e-01
    5.44174433e-01 1.76737607e-01 6.66753769e-01 6.26018524e-01
    8.63566816e-01 1.35395736e-01 4.99711037e-01 6.03889525e-02
    3.94133925e-01 4.23744082e-01 4.66192871e-01 9.54211354e-02
    6.56566978e-01 7.94105172e-01 7.81859398e-01 4.12365198e-01
    2.27483809e-02 9.94860530e-01 5.64192474e-01 2.86655545e-01
    4.26867574e-01 2.14673936e-01 3.93901289e-01 5.66185892e-01
    5.15538573e-01 8.42641115e-01 7.86329627e-01 3.35348040e-01
    7.20933795e-01 4.32669759e-01 3.43548983e-01 8.54743123e-01
    4.97547120e-01 3.70810986e-01 8.43812346e-01 8.09689105e-01
    6.56209290e-02 9.01543677e-01 4.58420813e-02 5.18823266e-01
    2.05790967e-01 8.47053289e-01 8.58859658e-01 5.46239913e-01
    1.44390017e-01 3.80365342e-01 3.85766029e-02 4.51010853e-01
    6.13026500e-01 8.69443059e-01 2.71075159e-01 1.41203851e-01
    2.09705979e-01 9.48144555e-01 9.25502181e-03 4.55237716e-01
    6.42182350e-01 9.21337843e-01 7.40828216e-01 1.54109895e-01
    1.60188496e-01 8.51627588e-02 8.73818994e-01 9.21385527e-01
    5.04332900e-01 8.48457515e-01 5.04041493e-01 5.87007999e-02
    5.46113491e-01 6.87528491e-01 5.89855015e-01 2.85441637e-01
    7.29012072e-01 4.40759718e-01 3.66407156e-01 5.90007186e-01
    7.17850566e-01 7.48952866e-01 2.54921615e-01 7.83253312e-02
    1.22753352e-01 3.73336375e-02 9.51399326e-01 6.77344799e-01
    7.76162684e-01 9.71978307e-01 7.51620173e-01 3.43739569e-01
    8.82249832e-01 9.66077089e-01 9.62407231e-01 3.38372201e-01
    7.90894926e-02 7.13326097e-01 2.38100171e-01 3.21368843e-01
    4.76087272e-01 5.44999599e-01 5.74115515e-01 5.87440431e-01
    9.71496820e-01 9.93740678e-01 1.21383697e-01 5.84283769e-02
    5.26828587e-01 1.74384177e-01 7.92157888e-01 3.64197493e-01
    8.28519464e-02 9.16311264e-01 1.81104183e-01 3.52123737e-01
    6.98502302e-01 6.79515004e-01 1.02290750e-01 5.02553463e-01
    5.48395514e-02 2.05762953e-01 1.72196656e-01 1.31598115e-02
    9.48073626e-01 7.18516171e-01 4.02993321e-01 8.90659630e-01
    2.00949073e-01 4.79791075e-01 4.15787995e-01 5.96423447e-01
    1.22155547e-01 8.52623463e-01 3.18444908e-01 9.90079165e-01
    6.00229084e-01 4.25153196e-01 7.80912280e-01 2.51619399e-01
    8.44071865e-01 8.22688222e-01 9.57058907e-01 6.03040397e-01
    8.69069159e-01 1.86184824e-01 8.14506829e-01 9.63244438e-01
    1.69206500e-01 2.11934179e-01 4.62958753e-01 8.47900510e-01
    9.60908532e-01 3.82603884e-01 9.75997567e-01 8.99676263e-01
    1.01503730e-02 8.97752643e-01 8.12979460e-01 5.96312702e-01
    2.74927288e-01 2.71794617e-01 7.36013293e-01 2.93223143e-01
    5.56344748e-01 3.16740364e-01 7.89469957e-01 8.12852144e-01
    9.71830606e-01 2.24095970e-01 6.25149250e-01 3.04925293e-01
    9.39027667e-02 5.26750267e-01 3.08764994e-01 5.57654202e-01
    6.29531205e-01 4.36065793e-02 7.96502411e-01 7.91956425e-01
    9.07269657e-01 8.35750818e-01 9.10310507e-01 3.01500082e-01
    3.84315252e-01 3.57698977e-01 7.29606748e-01 4.09330964e-01
    1.21793270e-01 4.53663647e-01 4.22657430e-01 5.90531349e-01
    3.32268894e-01 3.80979717e-01 9.25097823e-01 1.22001082e-01
    9.56648946e-01 3.50188792e-01 9.66687918e-01 5.34751236e-01
    6.78962231e-01 8.35403442e-01 8.28870773e-01 1.70115948e-01
    6.91540837e-02 4.47747111e-02 3.32032919e-01 6.44254684e-01
    6.20840311e-01 3.36667717e-01 8.99136066e-01 4.22092676e-02
    5.46237290e-01 9.74662542e-01 9.56720769e-01 6.64815962e-01
    3.46580535e-01 8.18871260e-01 1.64109558e-01 3.28304887e-01
    4.54106182e-01 1.16732717e-01 6.14126503e-01 9.42856550e-01
    8.52195024e-02 2.30914444e-01 8.38987231e-01 8.28017592e-01
    3.53788793e-01 9.00681317e-01 4.92108315e-01 7.85367489e-02
    5.46338975e-01 7.56405115e-01 8.53625059e-01 7.21628785e-01
    8.52400780e-01 8.50282073e-01 7.03818619e-01 9.14801598e-01
    2.93269277e-01 8.32208037e-01 8.66761327e-01 6.93887889e-01
    1.31273866e-02 7.25914359e-01 9.00331080e-01 7.74769783e-01
    2.06578672e-01 1.95544630e-01 7.09728003e-01 8.23317647e-01
    8.03764224e-01 3.66623938e-01 8.82723331e-02 7.44883239e-01
    6.47588849e-01 5.36665320e-03 2.23178625e-01 2.26548702e-01
    5.09079754e-01 4.01881307e-01 9.43354249e-01 9.82518017e-01
    9.45120990e-01 1.99385464e-01 8.09365749e-01 5.92973232e-02
    3.86832654e-01 3.56518865e-01 7.64048576e-01 5.09711444e-01
    2.49175966e-01 5.68599999e-01 6.90506518e-01 9.76039171e-02
    5.21601140e-02 4.26644087e-02 7.17026293e-02 2.82864153e-01
    3.47159088e-01 8.26757908e-01 7.77513146e-01 8.91273439e-01
    4.31019604e-01 5.65909863e-01 9.19210315e-01 8.31692815e-02
    8.23819995e-01 6.79059148e-01 8.77482176e-01 5.30762434e-01
    5.86227477e-01 5.32456517e-01 8.23657274e-01 2.47370631e-01
    1.06988698e-01 5.41177034e-01 2.70749658e-01 4.09228235e-01
    4.15532798e-01 8.94530833e-01 5.47953844e-02 2.90951341e-01
    7.39305615e-01 4.73222136e-02 8.59738708e-01 2.48087943e-02
    1.51296318e-01 3.08381975e-01 9.01025057e-01 4.76764768e-01
    7.49876797e-01 4.18930024e-01 8.07027757e-01 2.13664979e-01
    5.80230594e-01 5.02276540e-01 1.48972392e-01 5.69589853e-01
    8.31501484e-02 8.21228266e-01 2.92290419e-01 7.20788896e-01
    1.57076210e-01 9.97931540e-01 7.44299650e-01 8.39140177e-01
    4.05650675e-01 7.38242745e-01 2.94757575e-01 2.32530683e-01
    2.80806988e-01 9.10916150e-01 4.39167261e-01 7.04085827e-03
    2.07607090e-01 5.06019771e-01 2.60380358e-01 7.01271355e-01
    8.18728805e-01 6.98568285e-01 2.33358800e-01 2.56511271e-01
    1.42894745e-01 3.77065748e-01 8.48196745e-01 2.33371735e-01
    6.75640881e-01 5.25501788e-01 7.55251706e-01 4.93623435e-01
    1.44595921e-01 6.51750743e-01 4.68299419e-01 6.25479162e-01
    1.25401825e-01 3.44156682e-01 3.48326862e-01 9.61355805e-01
    4.09013808e-01 7.50986576e-01 1.50709212e-01 9.83856916e-01
    1.82725191e-01 7.36525536e-01 9.09947157e-01 7.99544454e-02
    4.18009251e-01 5.50887227e-01 1.69934511e-01 8.76756430e-01
    5.06490171e-01 9.78711843e-01 4.82371569e-01 5.81719756e-01
    2.86710620e-01 1.40004426e-01 1.83605671e-01 8.42283189e-01
    1.79145634e-02 1.74496263e-01 8.88843477e-01 3.64536345e-01
    1.75571412e-01 6.76097870e-01 7.94826210e-01 4.70415175e-01
    1.46448463e-01 9.82285380e-01 6.20086491e-01 1.76843375e-01
    6.32190406e-01 9.60230350e-01 8.02989900e-01 8.34995806e-01
    7.26853788e-01 7.42269516e-01 6.34980738e-01 7.34670162e-01
    6.90476477e-01 1.01644993e-02 9.81585145e-01 1.40262425e-01
    8.27513099e-01 9.12832141e-01 8.64222288e-01 5.65595627e-01
    8.70439410e-02 8.35770071e-01 4.82332557e-01 7.50385463e-01
    3.34364295e-01 6.66622877e-01 5.20887375e-01 2.12997913e-01
    6.25452816e-01 9.19625521e-01 1.11188680e-01 3.40565085e-01
    9.14234161e-01 2.55877852e-01 6.57925487e-01 4.57614809e-01
    5.80905735e-01 6.03220820e-01 9.43306148e-01 9.68212068e-01
    5.27652264e-01 3.44915330e-01 1.60217822e-01 9.08133149e-01
    9.46516275e-01 1.17495060e-02 9.97377038e-01 9.19054985e-01
    8.96111429e-02 6.47553027e-01 4.38780785e-02 3.81386399e-01
    8.40141416e-01 1.10637307e-01 1.86756909e-01 1.97831333e-01
    9.61513698e-01 9.88937855e-01 7.47481942e-01 7.03160286e-01
    6.26590490e-01 2.78183997e-01 9.60498452e-02 6.35393739e-01
    7.89774060e-01 6.08362317e-01 1.54550791e-01 9.61348534e-01
    2.56897986e-01 5.82404494e-01 1.21651590e-02 8.01379919e-01
    4.02642190e-02 5.73899388e-01 8.84699285e-01 6.06867731e-01
    4.31611568e-01 7.53423870e-02 5.07213354e-01 6.67169929e-01
    1.47651583e-01 5.03950834e-01 7.37673938e-01 4.95220989e-01
    6.50504470e-01 9.07946348e-01 5.16836643e-01 4.55775321e-01
    9.85429645e-01 1.20975763e-01 2.00386077e-01 8.29961360e-01
    1.34476364e-01 9.79491234e-01 7.93773532e-02 3.57197404e-01
    9.88859117e-01 4.40034926e-01 9.23693478e-01 5.97583354e-01
    7.94674397e-01 6.56920254e-01 3.94218057e-01 5.57186067e-01
    4.79237616e-01 2.92880923e-01 3.50988865e-01 6.81551278e-01
    1.49337620e-01 1.53509706e-01 2.69841015e-01 4.18058246e-01
    1.74121618e-01 1.84239149e-02 4.17983532e-02 2.19034165e-01
    4.87870604e-01 8.73215020e-01 7.88357139e-01 1.79919004e-02
    7.53040314e-01 2.15956390e-01 4.80808705e-01 9.71624911e-01
    8.07038784e-01 2.84664154e-01 4.81932610e-01 4.52199221e-01
    7.57817745e-01 3.04197788e-01 5.18598258e-02 9.30313706e-01
    7.88925171e-01 6.30229115e-01 8.39151978e-01 3.24824750e-01
    4.81365919e-02 6.04925573e-01 8.42529416e-01 5.86086690e-01
    6.27123117e-01 5.20371020e-01 6.25778675e-01 9.05658960e-01
    7.09509552e-01 6.75665379e-01 9.67512846e-01 9.44697738e-01
    6.41145468e-01 9.40188766e-01 5.91690361e-01 2.68429130e-01
    9.44599390e-01 1.73545480e-02 1.44852430e-01 5.13610661e-01
    7.87344873e-02 4.52910811e-01 9.44476247e-01 9.11867619e-03
    8.62710178e-02 5.37976027e-01 3.60084683e-01 3.29954028e-01
    9.24776375e-01 7.05316126e-01 7.26032853e-01 7.74605751e-01
    4.79949117e-01 6.77001595e-01 2.18589187e-01 6.07627571e-01
    1.05706960e-01 6.96827769e-01 5.03860950e-01 3.69126558e-01
    1.94515884e-02 9.86069143e-02 9.44580436e-02 1.06060743e-01
    2.53487110e-01 3.15230548e-01 2.13773251e-02 3.97048146e-01
    8.35681081e-01 3.80611777e-01 9.17526364e-01 2.36871272e-01
    9.78237391e-01 6.50115967e-01 6.12304389e-01 6.58125281e-01
    7.73090839e-01 6.18720889e-01 2.14396060e-01 3.04822415e-01
    1.48387790e-01 8.97554159e-01 8.83413553e-01 4.67931420e-01
    9.55368698e-01 9.27672386e-01 9.07597661e-01 8.74603510e-01
    5.95407784e-02 7.34017015e-01 7.88398385e-01 5.27138054e-01
    2.06974089e-01 8.09019804e-01 3.96734238e-01 5.56298852e-01
    6.07816875e-02 7.37101197e-01 6.77270591e-01 4.85207170e-01
    2.90961862e-02 7.65596926e-02 9.22160625e-01 4.67069149e-01
    4.10043567e-01 2.90743589e-01 1.48870349e-01 3.12678874e-01
    9.21044409e-01 9.79533374e-01 7.15804577e-01 5.07507324e-01
    2.30996609e-01 8.13527346e-01 9.64211881e-01 6.83740258e-01
    9.89419520e-02 8.61259222e-01 6.92870855e-01 3.38905156e-01
    1.40246063e-01 5.11280596e-01 4.42615151e-03 8.28741312e-01
    2.02922910e-01 6.48226261e-01 2.59739161e-03 7.67610431e-01
    4.54562962e-01 5.18970609e-01 2.24029958e-01 4.49363410e-01
    9.65323210e-01 1.40517056e-01 7.01958060e-01 1.79617167e-01
    6.82250679e-01 7.43292570e-02 8.11637104e-01 9.97850299e-01
    5.59691191e-01 1.07954979e-01 2.56677806e-01 4.15435135e-02
    7.84757435e-01 9.38562751e-01 6.94798827e-02 5.91036499e-01
    9.86965060e-01 3.79226208e-02 9.23208117e-01 3.54752779e-01
    8.11602712e-01 2.79249519e-01 8.58182132e-01 8.95275176e-01
    1.81181192e-01 8.72611761e-01 1.77596807e-01 5.75561523e-01
    1.23635799e-01 3.39983284e-01 1.46413654e-01 1.01753503e-01
    5.62294722e-01 5.62683105e-01 7.98917174e-01 7.58906007e-01
    5.98927796e-01 7.92187274e-01 8.44465196e-01 2.33495861e-01
    6.77698255e-02 2.42640764e-01 6.58297181e-01 4.44107175e-01
    2.22035110e-01 1.82842016e-02 4.28339422e-01 4.62916493e-03
    1.83678418e-01 7.29836285e-01 7.07407176e-01 6.78636968e-01
    9.77283597e-01 6.02342963e-01 7.55156398e-01 2.83735394e-01
    2.51706421e-01 2.28594959e-01 2.42530286e-01 7.86931038e-01
    3.04173142e-01 2.09577680e-01 3.78083527e-01 6.18247151e-01
    6.84715033e-01 7.57285118e-01 8.37765336e-02 9.33750689e-01
    4.38095599e-01 5.79088271e-01 1.91040993e-01 1.61091685e-02
    7.72250652e-01 6.65027559e-01 2.54171431e-01 8.85771036e-01
    9.07681227e-01 8.50327611e-01 5.92504919e-01 6.48596764e-01
    4.90180135e-01 3.01962256e-01 6.63552940e-01 5.05503714e-01
    1.29091740e-03 5.26702702e-01 6.92763746e-01 9.16941762e-01
    9.64821935e-01 1.75125301e-02 3.49909157e-01 3.58062506e-01
    1.71374112e-01 9.07482862e-01 1.88802809e-01 7.95023203e-01
    5.47608614e-01 4.75938201e-01 9.57274079e-01 3.18738520e-02
    4.79526341e-01 9.38334703e-01 7.09436655e-01 6.68390989e-02
    9.58277941e-01 3.14146668e-01 7.37558305e-02 1.90074414e-01
    5.73256493e-01 5.48511505e-01 6.70882165e-02 3.66357684e-01
    5.06438017e-02 8.40599656e-01 1.61681771e-02 5.02776086e-01
    9.87853169e-01 3.02624047e-01 5.75971723e-01 7.98893869e-02
    4.59743142e-02 3.43362689e-02 5.64008355e-01 5.66715062e-01
    1.90596879e-01 7.35446453e-01 2.72440910e-03 7.30774403e-02
    7.43205845e-02 8.30995202e-01 3.59644353e-01 2.21768349e-01
    5.28982282e-02 7.10942328e-01 2.02867836e-01 6.56157494e-01
    3.59451771e-03 4.43305075e-01 5.96076190e-01 5.70020199e-01
    8.91459346e-01 6.91396356e-01 9.01886880e-01 5.74709833e-01
    4.97806370e-01 4.83020842e-01 6.69950128e-01 8.98765087e-01
    6.65765882e-01 5.53758085e-01 9.07036066e-01 4.50879514e-01
    3.42168331e-01 9.29009557e-01 7.80617595e-01 2.42811531e-01
    4.32954520e-01 1.46409959e-01 1.43897146e-01 7.30878413e-01
    9.45472956e-01 2.45056003e-01 6.17403030e-01 5.22614539e-01
    7.72778630e-01 4.79763150e-02 1.40047371e-01 8.67622197e-01
    1.19980633e-01 5.89774251e-01 2.59966552e-01 2.10306674e-01
    2.12176740e-01 1.92457527e-01 6.90837324e-01 2.10955918e-01
    1.52953804e-01 8.89794588e-01 1.53691173e-02 7.33677924e-01
    6.92945719e-01 5.72421789e-01 4.55744982e-01 9.14884090e-01
    4.64100391e-01 9.05125141e-02 2.79365838e-01 6.62180185e-01
    5.29554546e-01 3.59978199e-01 1.57212257e-01 6.24017894e-01
    2.35738158e-02 3.39842260e-01 7.62457848e-01 6.85415864e-01
    4.78583187e-01 6.56136930e-01 5.18811166e-01 1.99349910e-01
    6.09934926e-02 4.96135622e-01 1.91029280e-01 2.79957056e-01
    4.49148774e-01 8.78598213e-01 1.33429199e-01 3.42868567e-01
    3.62516046e-01 7.64698684e-02 5.28758705e-01 5.59852719e-01
    1.78002417e-01 2.53683388e-01 4.17039931e-01 4.06318635e-01
    2.95674980e-01 7.09847450e-01 3.35418791e-01 9.82850790e-02
    5.19743323e-01 1.63101077e-01 6.55059755e-01 3.71463925e-01
    2.02792346e-01 9.46581483e-01 5.97938538e-01 7.46433258e-01
    6.26444817e-01 9.32682514e-01 2.13776112e-01 8.96622837e-02
    6.52290940e-01 9.81154740e-02 5.38298011e-01 9.60541368e-01
    4.50936556e-02 9.89819467e-02 5.65245986e-01 7.48174429e-01
    9.60785508e-01 1.37731373e-01 8.13555837e-01 3.19793165e-01
    2.07951367e-02 7.37601042e-01 2.27905512e-02 9.46338415e-01
    4.49409008e-01 8.39291453e-01 5.85730374e-02 2.80044496e-01
    2.26081789e-01 3.46400946e-01 6.32873118e-01 9.16719198e-01
    9.59464073e-01 7.79944658e-01 4.81168538e-01 8.86423469e-01
    1.08268082e-01 5.14948130e-01 3.20967615e-01 7.80410051e-01
    3.72227252e-01 8.22436094e-01 5.84070265e-01 2.52764106e-01
    1.81782335e-01 3.79263401e-01 2.44505703e-02 8.54073167e-01
    7.73177981e-01 4.78091657e-01 8.64884496e-01 5.82955956e-01
    1.67670637e-01 9.85024214e-01 7.52411366e-01 5.46564639e-01
    4.19651330e-01 9.73091245e-01 2.27584362e-01 4.97708142e-01
    3.35685402e-01 9.64728594e-02 8.83033037e-01 3.51076871e-01
    6.91818357e-01 5.77117860e-01 4.15604681e-01 6.12661541e-02
    5.27508974e-01 7.97800839e-01 1.80639625e-01 7.97772169e-01
    8.33795011e-01 4.75187898e-02 6.11775041e-01 5.22699952e-03
    2.92275965e-01 4.02105063e-01 1.80925429e-01 6.48253441e-01
    3.11754048e-01 4.79140520e-01 1.30350500e-01 4.21532929e-01
    5.06807685e-01 1.03633761e-01 2.78657556e-01 4.16709572e-01
    2.92658925e-01 4.50387001e-01 8.49797726e-01 3.06974500e-01
    7.89456010e-01 1.07418001e-01 1.68402433e-01 6.45272911e-01
    5.72350621e-01 9.46875989e-01 5.24525106e-01 4.90752369e-01
    8.27933013e-01 4.49333787e-01 2.47672260e-01 2.08092928e-02
    8.99806142e-01 2.55054772e-01 9.79760647e-01 8.25661063e-01
    3.61385912e-01 2.24357456e-01 9.44803059e-02 6.16941869e-01
    2.63299197e-01 5.69117725e-01 9.76311207e-01 5.53246975e-01
    1.19394809e-01 5.18480301e-01 4.04723585e-01 9.66334462e-01
    2.32290953e-01 3.32542956e-02 1.56767935e-01 1.73909962e-01
    4.28295165e-01 4.01706636e-01 1.08584374e-01 1.98927522e-02
    4.93443877e-01 9.45504189e-01 5.80120623e-01 5.63155651e-01
    4.05083746e-01 2.54181206e-01 3.59373391e-01 3.50402296e-01
    4.59902287e-01 1.37296081e-01 9.79260206e-01 4.52104270e-01
    8.36992204e-01 9.08925176e-01 6.21497691e-01 3.38314503e-01
    6.12654507e-01 3.92993122e-01 1.66297913e-01 4.56439763e-01
    8.50813687e-01 6.74919665e-01 7.10479021e-01 9.27717090e-01
    5.23926854e-01 9.88583088e-01 8.87226284e-01 1.62329078e-02
    7.80094624e-01 4.23471719e-01 1.72320902e-02 2.98496485e-01
    9.69235837e-01 9.46964860e-01 4.80068952e-01 8.66573036e-01
    3.80303949e-01 4.33229625e-01 1.01127893e-01 4.63224947e-01
    2.74176896e-02 5.58625877e-01 9.36664760e-01 7.27984369e-01
    8.66767585e-01 3.18128854e-01 7.84619153e-02 8.42703819e-01
    4.43226486e-01 2.77073383e-01 4.46318090e-01 7.76837587e-01
    7.44376659e-01 9.80592847e-01 7.78651178e-01 6.81196451e-01
    8.42895031e-01 8.30968142e-01 4.19076622e-01 3.25655341e-01
    4.67556328e-01 2.97014505e-01 6.53884172e-01 9.00397360e-01
    8.90897036e-01 4.40964341e-01 4.59054589e-01 9.98598576e-01
    2.60861754e-01 2.92885661e-01 3.99861693e-01 6.17827594e-01
    5.73550165e-01 1.84856683e-01 1.49147272e-01 5.53056300e-01
    5.64107180e-01 9.57479477e-01 8.48610878e-01 8.19731772e-01
    2.62600124e-01 3.98478031e-01 4.14897352e-01 5.60570419e-01
    6.28397167e-01 5.31148314e-02 4.47462440e-01 7.21082807e-01
    8.26349556e-01 4.94326681e-01 6.11016810e-01 1.38250947e-01
    6.34889603e-01 3.50973606e-01 2.04376072e-01 3.69374841e-01
    8.83924484e-01 5.80269873e-01 5.36558807e-01 8.98569107e-01
    2.30924189e-01 8.06286931e-01 7.56532788e-01 6.90189481e-01
    6.88314855e-01 5.01114428e-02 7.59232342e-01 3.24283987e-01
    5.42963147e-01 8.76766503e-01 1.95982933e-01 3.05553377e-02
    7.74660647e-01 3.65181744e-01 2.84837425e-01 5.09985626e-01
    4.64493126e-01 9.56353664e-01 1.09208077e-01 1.34719372e-01
    2.21588999e-01 1.85117722e-01 3.74154866e-01 3.98103833e-01
    1.77556217e-01 4.95773196e-01 1.04791075e-01 1.63663566e-01
    7.78940082e-01 9.21783447e-02 2.83536494e-01 2.29234070e-01
    9.15486097e-01 8.07669997e-01 2.73297310e-01 8.63687396e-01
    9.05431509e-02 7.52772391e-01 9.68209147e-01 8.13897431e-01
    7.83118010e-01 2.53035545e-01 3.30543995e-01 9.15748477e-01
    9.91450310e-01 9.89230931e-01 2.23186970e-01 3.29838783e-01
    8.04892063e-01 7.06533074e-01 1.40066385e-01 2.18339384e-01
    7.10321069e-01 2.44293779e-01 1.68478906e-01 6.05921447e-01
    9.43669915e-01 5.29234171e-01 8.78717363e-01 1.12183332e-01
    2.50683129e-02 8.01897407e-01 3.35801601e-01 3.54307294e-02
    8.21689487e-01 6.61475718e-01 4.60946023e-01 9.15065408e-01
    6.24888897e-01 3.44294012e-01 2.84247279e-01 8.93062711e-01
    8.02831292e-01 4.41476613e-01 9.60295558e-01 7.19218254e-02
    3.48297089e-01 1.40483350e-01 8.71029258e-01 4.38927144e-01
    6.56315684e-03 3.81693125e-01 5.85436046e-01 8.42578173e-01
    2.88410783e-01 8.36091518e-01 7.66918182e-01 8.20334077e-01
    6.83134913e-01 8.89708519e-01 8.00216556e-01 5.91077566e-01
    2.94059008e-01 4.32163775e-01 8.90580058e-01 3.09205860e-01
    2.59364992e-01 6.20384514e-01 2.86662787e-01 9.29422736e-01
    9.68329549e-01 5.15966058e-01 6.63751304e-01 4.58500385e-02
    8.28687429e-01 2.26506203e-01 5.55914700e-01 2.31396556e-02
    7.48175025e-01 1.58082426e-01 8.15642834e-01 6.16419673e-01
    9.98342276e-01 5.88972211e-01 2.82077849e-01 8.68009806e-01
    5.55271804e-01 5.23809791e-01 6.91317379e-01 6.81437969e-01
    8.42884898e-01 6.50848925e-01 9.42201972e-01 7.99956799e-01
    3.95838648e-01 8.56931031e-01 8.22539926e-02 9.95808184e-01
    7.79781282e-01 4.07908499e-01 2.31348336e-01 1.97243541e-01
    9.44885135e-01 6.27234578e-02 5.85836411e-01 1.81685865e-01
    1.35976225e-01 7.47101665e-01 3.38041365e-01 4.19143796e-01
    5.03440619e-01 1.41712040e-01 3.01661074e-01 6.34656608e-01
    8.90160680e-01 8.91543627e-02 1.59441143e-01 6.08334959e-01
    2.90309966e-01 3.17856014e-01 1.38679057e-01 7.43661106e-01
    1.07738674e-01 1.49199516e-01 7.44953156e-01 9.39991534e-01
    1.27262592e-01 2.60515094e-01 4.70134914e-02 8.64959478e-01
    4.73621845e-01 5.09044528e-01 6.46750629e-02 6.70291185e-01
    2.24799633e-01 9.93907452e-02 2.12051213e-01 1.44984841e-01
    3.13923359e-02 4.75681931e-01 6.67826474e-01 3.06751847e-01
    6.24746501e-01 5.30969143e-01 1.87917680e-01 1.01819724e-01
    9.95155036e-01 6.05436563e-01 9.93051887e-01 5.98172843e-01
    4.30782050e-01 6.94354832e-01 2.37475157e-01 4.00485903e-01
    1.82476282e-01 3.23228091e-01 8.13111246e-01 3.98911238e-01
    3.89549732e-01 9.99157608e-01 5.36330104e-01 4.57831770e-01
    9.27434027e-01 3.43048453e-01 9.19071555e-01 2.30048150e-01
    1.97936386e-01 3.46013367e-01 1.31664097e-01 3.76746386e-01
    1.40282542e-01 8.22152197e-02 6.57790422e-01 5.18517911e-01
    8.92335773e-01 6.94749951e-01 6.66699588e-01 1.15995377e-01
    9.49254036e-02 1.97782546e-01 3.88159394e-01 9.88314271e-01
    3.90283525e-01 7.76220381e-01 6.48430288e-01 8.39123487e-01
    2.59846091e-01 1.01820827e-02 9.19851661e-02 3.24244052e-01
    6.67484045e-01 6.64694548e-01 3.60340238e-01 6.33832812e-01
    7.69878387e-01 5.26493728e-01 5.16093791e-01 6.42094076e-01
    2.45777696e-01 5.66403925e-01 9.60120618e-01 6.56858385e-01
    6.01932645e-01 8.67942750e-01 3.09853554e-01 1.39605999e-01
    1.82167679e-01 9.48682129e-02 4.97151017e-02 4.92272079e-01
    6.47956431e-02 8.03138971e-01 6.84278786e-01 8.08682442e-01
    5.95837414e-01 9.29993629e-01 3.43982756e-01 8.58856559e-01
    5.49010336e-01 6.74801469e-02 7.64505923e-01 8.63407791e-01
    5.99074066e-01 5.47729850e-01 5.16072989e-01 3.52386832e-02
    6.12189770e-02 9.95630503e-01 9.24863398e-01 7.63904095e-01
    2.44991779e-02 9.96166110e-01 8.06915939e-01 6.60180569e-01
    4.21342552e-01 7.75986910e-01 5.68301797e-01 7.33207285e-01
    5.64280331e-01 4.88506377e-01 3.15324903e-01 4.81821775e-01
    8.50520849e-01 2.75564224e-01 4.85538632e-01 5.38485169e-01
    1.78551674e-01 6.40180945e-01 8.76304686e-01 8.17363918e-01
    9.03618813e-01 3.57035875e-01 1.13128334e-01 5.96079946e-01
    3.64430308e-01 1.91794872e-01 8.50010037e-01 1.74513221e-01
    6.25213981e-01 9.52717066e-02 3.68618071e-01 2.71647274e-01
    7.47390509e-01 1.16332829e-01 7.77376950e-01 5.15194893e-01
    5.71852744e-01 8.18049252e-01 2.06893951e-01 9.15702701e-01
    4.40414548e-02 2.66062438e-01 9.17228580e-01 9.99863625e-01
    5.26561141e-02 5.72970986e-01 5.68495572e-01 1.69644803e-01
    2.28864610e-01 1.16508961e-01 5.21933734e-01 3.26161891e-01
    2.64066160e-01 1.29382610e-02 5.97985685e-01 9.16035771e-02
    6.03646636e-02 7.96533465e-01 2.30417550e-02 1.91407800e-02
    9.61352825e-01 5.00239909e-01 1.91305757e-01 8.91756535e-01
    9.16133642e-01 7.06366122e-01 3.15424025e-01 3.69962335e-01
    7.21938133e-01 6.99428380e-01 7.48053789e-01 6.36960685e-01
    5.89193404e-01 6.55466020e-02 8.64434600e-01 8.09716582e-01
    5.30996859e-01 8.98607492e-01 6.55517399e-01 5.28738081e-01
    1.49222314e-01 2.88733542e-01 1.25653118e-01 7.67396450e-01
    6.37365282e-02 1.33690029e-01 4.36076432e-01 9.06471312e-01
    1.00013912e-01 9.46394742e-01 5.10318995e-01 7.50616312e-01
    4.88954663e-01 7.62583613e-01 4.28573072e-01 2.49011576e-01
    5.63803673e-01 4.05189395e-02 9.96812284e-01 4.38996017e-01
    9.62194681e-01 9.61462975e-01 1.36787802e-01 6.19271278e-01
    4.04910892e-01 1.64014995e-01 3.13581109e-01 8.55207145e-02
    6.17843091e-01 8.27716231e-01 7.02206671e-01 3.91669065e-01
    9.57087636e-01 7.77604461e-01 4.76401746e-02 7.44902015e-01
    5.79933822e-02 8.08261871e-01 9.58490372e-02 9.38673317e-01
    1.33272737e-01 1.27934813e-02 3.86902094e-02 4.21976238e-01
    1.01657927e-01 8.26448202e-03 3.24726701e-01 5.33724725e-02
    9.09978926e-01 4.51501727e-01 5.79124212e-01 6.59246206e-01
    5.35023332e-01 9.67375100e-01 3.24031919e-01 1.64093375e-02
    2.94065714e-01 9.12153542e-01 3.05827260e-01 4.37398642e-01
    2.81386971e-02 2.03198016e-01 6.02408886e-01 9.48456705e-01
    6.44367397e-01 5.91002047e-01 8.82346988e-01 1.65340126e-01
    5.61117470e-01 6.63182139e-01 8.03999782e-01 2.91922212e-01
    6.31701946e-02 2.35725254e-01 2.37089515e-01 4.05855745e-01
    1.61108971e-01 9.09077287e-01 7.94725776e-01 2.13433176e-01
    9.97316957e-01 3.47796261e-01 9.32138681e-01 6.69380784e-01
    8.43577266e-01 9.65182960e-01 1.45895153e-01 1.56481057e-01
    8.93548310e-01 1.62862867e-01 4.03064191e-01 9.97735858e-01
    3.35993409e-01 8.06807995e-01 3.63140166e-01 8.93129230e-01
    7.51567602e-01 3.00318062e-01 4.29869622e-01 5.54558218e-01
    7.11717188e-01 8.27109218e-01 3.35164666e-02 6.56116903e-02
    8.60954285e-01 5.80432296e-01 5.40645003e-01 6.66490197e-01
    3.87947857e-02 1.75962389e-01 3.73582244e-01 3.12533796e-01
    4.38848794e-01 1.38998598e-01 3.60726178e-01 2.16133982e-01
    3.55514765e-01 9.90349412e-01 5.76581717e-01 4.21792865e-02
    8.24969709e-02 1.43414855e-01 1.12083763e-01 3.24543327e-01
    5.77062666e-01 9.89232600e-01 3.28992486e-01 5.65234065e-01
    9.95316625e-01 7.65454769e-01 2.33853519e-01 4.41255748e-01
    3.61919910e-01 7.80423522e-01 4.30559486e-01 3.76044005e-01
    9.86316025e-01 2.36932933e-02 7.65570998e-02 7.51761198e-01
    5.18092394e-01 3.92172962e-01 9.08305943e-02 2.51358390e-01
    4.90785301e-01 1.22520000e-01 1.53373361e-01 1.18017048e-01
    9.53902662e-01 3.74139816e-01 5.00887036e-01 1.12590849e-01
    8.97226930e-01 4.61143136e-01 7.00755417e-01 7.79355168e-02
    8.84160995e-01 6.41412258e-01 9.47330713e-01 9.63458538e-01
    6.37826920e-02 6.35783970e-02 6.95481300e-02 8.57226849e-01
    2.38954365e-01 4.01153833e-01 5.40997922e-01 7.76964128e-01
    9.52435255e-01 3.77216280e-01 7.17969656e-01 8.93266916e-01
    7.30013013e-01 9.04954195e-01 9.43763733e-01 6.66552305e-01
    1.93153977e-01 4.55380499e-01 4.75687563e-01 9.93119717e-01
    2.15186059e-01 4.86006230e-01 9.29767489e-02 3.27244103e-02
    2.67097443e-01 1.69476271e-01 2.56843090e-01 9.52703118e-01
    9.43342447e-01 1.30153894e-01 8.67988765e-02 4.46261972e-01
    3.82068962e-01 7.70126224e-01 3.42617750e-01 3.01164687e-01
    8.34550023e-01 5.85715711e-01 6.19595647e-01 7.00814009e-01
    4.17963117e-01 1.41972452e-01 1.87901646e-01 7.26526380e-01
    7.19867587e-01 7.74830759e-01 3.06360722e-02 8.38037133e-01
    9.64061022e-01 9.89723563e-01 4.96919394e-01 3.04912418e-01
    2.35867500e-03 2.00762689e-01 6.30206287e-01 7.38926649e-01
    3.75806034e-01 7.82415271e-01 2.62831777e-01 1.93800062e-01
    7.34986305e-01 2.87519217e-01 6.30711377e-01 5.10728240e-01
    9.21478212e-01 5.81644177e-02 5.41171134e-01 3.49122226e-01
    6.18367314e-01 1.35077447e-01 4.94140983e-02 1.26184523e-01
    1.49584085e-01 8.25557470e-01 2.14911222e-01 7.98048139e-01
    1.29279435e-01 6.65888786e-01 3.97294134e-01 1.45341367e-01
    6.53139174e-01 3.60800862e-01 6.29281163e-01 3.00859213e-02
    1.56527758e-03 5.50414443e-01 8.55694056e-01 6.85618162e-01
    3.38602245e-01 1.37217879e-01 8.82118821e-01 7.43409038e-01
    4.17094827e-02 7.55030513e-02 2.14526355e-01 4.37522739e-01
    6.36174619e-01 2.99067140e-01 5.60668886e-01 1.05904639e-01
    4.69100058e-01 3.22415948e-01 4.39769328e-01 7.96953201e-01
    2.70062387e-01 1.01770520e-01 9.19842780e-01 2.10975885e-01
    8.68446112e-01 8.63826990e-01 1.95106417e-01 4.07600164e-01
    4.69442695e-01 4.87598598e-01 4.42654699e-01 2.63937235e-01
    6.74821377e-01 6.60424471e-01 1.93280935e-01 2.40356863e-01
    1.74712986e-01 1.83559179e-01 6.82165861e-01 9.17313933e-01
    5.50386548e-01 3.47108364e-01 4.32914853e-01 2.86750138e-01
    1.56462699e-01 6.76292062e-01 4.71940249e-01 3.45687807e-01
    4.01000798e-01 5.54687202e-01 7.14852393e-01 6.66090012e-01
    2.09939510e-01 6.63573623e-01 7.00587928e-01 7.19599605e-01
    4.55848664e-01 4.03243601e-02 6.48283482e-01 6.31690919e-02
    8.80139709e-01 5.93321621e-01 5.59210181e-02 7.46772289e-01
    5.35115123e-01 1.20968312e-01 2.97612250e-01 4.84092772e-01
    5.25328934e-01 3.92635524e-01 1.50327593e-01 1.92812175e-01
    4.56450701e-01 8.26843739e-01 7.40813494e-01 2.03539550e-01
    7.65794396e-01 2.30305970e-01 8.22319746e-01 3.28189731e-01
    2.17493474e-02 9.28195238e-01 8.09981704e-01 4.29583430e-01
    5.05985737e-01 8.81887197e-01 9.31469500e-02 9.67405379e-01
    6.18961811e-01 4.44096625e-02 7.11403608e-01 4.98982191e-01
    9.06763077e-01 9.46397424e-01 4.05169129e-02 7.37271667e-01
    5.93839645e-01 7.56123662e-03 8.90388072e-01 7.60884404e-01
    2.17941433e-01 8.12385440e-01 3.32271159e-01 2.78317094e-01
    8.34331751e-01 8.36177409e-01 6.74518943e-02 3.44444275e-01
    4.09384787e-01 9.12955582e-01 3.73111308e-01 8.51117253e-01
    4.95461136e-01 6.04519069e-01 5.18922329e-01 3.53844821e-01
    1.35631412e-01 4.29137379e-01 2.03120291e-01 4.76446211e-01
    8.99778843e-01 4.09607738e-01 7.20908642e-02 9.91686940e-01
    7.39546001e-01 4.41468596e-01 9.88399386e-01 9.86912489e-01
    1.88421696e-01 6.25328302e-01 9.19560909e-01 7.34896064e-01
    6.94091976e-01 2.60032594e-01 6.58435702e-01 5.03240883e-01
    2.84786731e-01 2.05918521e-01 9.90518034e-02 5.19876838e-01
    2.24931359e-01 3.93754542e-02 3.09699714e-01 5.43971360e-02
    1.10322416e-01 3.27103108e-01 4.30878937e-01 6.40153408e-01
    3.62099409e-01 5.44805169e-01 2.04457343e-02 1.32761687e-01
    1.89678758e-01 7.26549983e-01 3.49198401e-01 2.52996087e-02
    8.02240610e-01 9.24957693e-01 8.93750787e-01 2.03166872e-01
    8.24615002e-01 3.22182298e-01 5.97010076e-01 8.95556808e-01
    7.05962300e-01 9.53521252e-01 7.96654105e-01 4.34611112e-01
    5.50001979e-01 9.98670697e-01 9.43717957e-01 6.89000845e-01
    2.52727449e-01 7.01649725e-01 1.52723104e-01 2.51533985e-01
    2.39809752e-02 9.12584543e-01 2.62116581e-01 9.43977118e-01
    9.24538016e-01 5.55115581e-01 3.13046277e-02 4.01553899e-01
    9.91624177e-01 1.50641501e-01 9.06347275e-01 6.76415861e-01
    9.92109716e-01 5.89598835e-01 8.28896642e-01 7.87322223e-01
    8.72557163e-01 2.33781815e-01 8.58705103e-01 6.08366966e-01
    2.94990778e-01 8.00452471e-01 6.98375821e-01 5.14832139e-01
    6.59596920e-01 6.51508570e-01 8.27596068e-01 6.19131684e-01
    3.65665555e-01 2.43685275e-01 7.02050209e-01 9.52468514e-01
    7.78048933e-02 8.37082386e-01 5.98904848e-01 6.01317704e-01
    9.68480349e-01 3.63144934e-01 5.85757852e-01 9.40389037e-02
    2.59931684e-02 2.32620299e-01 7.16871619e-01 6.76523089e-01
    7.36234188e-01 6.94410205e-02 9.88683343e-01 6.75794244e-01
    8.64332914e-01 8.63609433e-01 7.72112429e-01 7.18244910e-01
    6.23754203e-01 6.47771239e-01 2.52267301e-01 1.22382730e-01
    4.46246743e-01 1.54174209e-01 1.92368090e-01 5.87864220e-01
    1.95086032e-01 3.68915379e-01 2.71931857e-01 9.67204690e-01
    1.38697863e-01 4.61094081e-01 6.71502113e-01 3.44715059e-01
    3.47025156e-01 9.50855315e-02 2.50499845e-01 2.65523911e-01
    2.48160094e-01 7.01193333e-01 4.77994859e-01 7.45848060e-01
    8.55014980e-01 3.68667185e-01 6.43870533e-01 5.70091307e-02
    3.42594385e-01 6.07725978e-01 4.72658813e-01 2.51252711e-01
    6.15183353e-01 1.11356497e-01 7.52497554e-01 3.08169037e-01
    6.73684061e-01 1.52957499e-01 3.25288802e-01 9.27485764e-01
    1.51665211e-02 6.75755143e-01 2.78123856e-01 6.81906939e-03
    1.98553950e-01 5.93545914e-01 8.88865232e-01 2.06606388e-01
    4.12879288e-01 1.49932861e-01 4.18271691e-01 3.07937205e-01
    1.37314022e-01 6.94770396e-01 4.66697812e-01 6.10600114e-01
    6.85188174e-01 9.97164428e-01 2.15775222e-01 8.81318688e-01
    6.38078809e-01 4.47798938e-01 2.02734500e-01 1.45279944e-01
    7.92078376e-01 3.03494871e-01 9.26299572e-01 4.35396135e-02
    3.24731231e-01 5.41495442e-01 2.49528855e-01 5.72903037e-01
    6.39155507e-01 5.55727959e-01 8.90249014e-01 5.13528585e-02
    6.13705575e-01 2.31952131e-01 7.87197530e-01 3.04768443e-01
    8.28653634e-01 2.96211898e-01 1.82202488e-01 6.20149374e-02
    9.58357811e-01 4.61513281e-01 6.31140769e-01 6.70563161e-01
    9.90583777e-01 5.57668388e-01 2.53638625e-01 4.71941829e-02
    1.40303314e-01 3.84748548e-01 1.96635842e-01 4.55510736e-01
    3.72780383e-01 9.50354457e-01 7.62125075e-01 4.15057033e-01
    5.20122468e-01 6.07936859e-01 4.32925791e-01 9.56546664e-02
    7.72183180e-01 6.03340268e-02 9.74903226e-01 7.14552104e-02
    2.27911472e-01 8.13209057e-01 6.88131809e-01 6.24476254e-01
    9.26104665e-01 5.06868184e-01 3.30975056e-02 9.15802121e-01
    6.64605081e-01 3.99658412e-01 6.72967136e-01 1.70942307e-01
    8.33018064e-01 8.80657852e-01 6.44690156e-01 3.96996468e-01
    8.58128786e-01 7.35454619e-01 7.55622149e-01 6.54934824e-01
    2.41249204e-01 4.86720175e-01 4.46678460e-01 1.09678507e-03
    7.80025184e-01 7.04074740e-01 4.88098860e-02 1.61986560e-01
    3.26644897e-01 8.65051508e-01 8.03922772e-01 3.14191759e-01
    3.89313698e-01 7.66134262e-03 8.47424328e-01 1.59058273e-01
    1.25019550e-01 1.19672179e-01 6.96324348e-01 7.92284966e-01
    7.04221964e-01 3.99768054e-02 3.47507834e-01 6.32046461e-01
    7.37109900e-01 3.79557490e-01 9.31146741e-02 1.90886706e-01
    4.66647655e-01 6.70880198e-01 1.77001178e-01 2.14926064e-01
    8.22100699e-01 9.64867175e-02 1.50570273e-02 8.01638365e-02
    3.86465043e-01 5.75952590e-01 8.65701079e-01 4.71545696e-01
    3.87824148e-01 3.57392609e-01 8.92737150e-01 4.89058346e-01
    6.11242712e-01 3.47323507e-01 9.81126845e-01 2.36278862e-01
    9.28174853e-02 2.21040517e-01 7.12533236e-01 4.61279660e-01
    1.46022290e-01 5.36685050e-01 2.59212554e-02 7.74388433e-01
    4.86906290e-01 9.29150641e-01 1.82956308e-01 8.61912847e-01
    4.58631426e-01 7.77604640e-01 1.53008193e-01 3.78147423e-01
    6.04241610e-01 2.01059163e-01 5.27083457e-01 2.53227770e-01
    4.56196964e-01 5.57875872e-01 1.63797081e-01 3.57930362e-02
    1.75922453e-01 1.70512646e-01 8.24405193e-01 7.82269478e-01
    7.50599623e-01 3.04151475e-01 5.91896892e-01 4.54117924e-01
    6.96278930e-01 4.05993164e-01 1.85761511e-01 8.69639218e-02
    5.11345446e-01 5.25318325e-01 1.09325349e-02 1.44141912e-03
    3.10881495e-01 8.73085856e-03 3.37299049e-01 6.01470470e-04
    5.61213970e-01 8.31449986e-01 8.75988364e-01 9.00048494e-01
    7.84227729e-01 2.49176919e-01 5.21934092e-01 5.43426633e-01
    8.71278524e-01 7.34256625e-01 3.83667052e-02 3.38489503e-01
    4.09039319e-01 9.08592820e-01 3.46562237e-01 3.43369156e-01
    2.61867732e-01 1.87023520e-01 6.38565540e-01 5.39660692e-01
    6.84271216e-01 3.81900907e-01 9.69574213e-01 1.96711719e-01
    1.17686093e-02 5.96051812e-01 5.78292787e-01 3.21807265e-01
    5.79114020e-01 6.16321325e-01 3.71528149e-01 2.14793086e-02
    4.07901615e-01 4.42058712e-01 2.93748647e-01 3.88815999e-02
    7.25690365e-01 7.23995686e-01 3.06582510e-01 5.66616595e-01
    2.91238785e-01 1.30215675e-01 5.50564229e-01 5.44171393e-01
    6.32245481e-01 4.04915661e-01 4.69518304e-01 2.74724960e-02
    7.83921003e-01 9.22369838e-01 3.06338608e-01 1.32831454e-01
    5.61739862e-01 1.83280230e-01 6.59239292e-01 8.82564545e-01
    8.73848915e-01 7.83024549e-01 6.71572626e-01 3.62927616e-01
    4.69456315e-02 8.23086500e-01 5.88939548e-01 1.82345510e-01
    5.62839210e-01 4.80582029e-01 8.77628565e-01 8.79383862e-01
    9.56779420e-01 4.28356707e-01 4.47599173e-01 8.20212066e-01
    7.32138753e-02 3.62274826e-01 4.86473531e-01 9.74021316e-01
    3.15954804e-01 7.93330371e-01 2.87513018e-01 2.07581580e-01
    4.71297830e-01 7.80218959e-01 2.76531398e-01 8.13952208e-01
    1.43203497e-01 5.39629817e-01 2.18418419e-01 9.67060089e-01
    7.84822941e-01 1.03320360e-01 7.63808489e-01 7.90245652e-01
    8.62084925e-02 3.77477646e-01 3.53206158e-01 7.00613737e-01
    9.95642662e-01 7.18523145e-01 7.81628489e-01 2.10284919e-01
    3.11945856e-01 9.96626496e-01 9.80092883e-01 3.60411018e-01
    2.74740934e-01 9.35724974e-01 6.45555854e-01 6.65592372e-01
    4.08361197e-01 7.10618198e-01 6.16182864e-01 5.24693191e-01
    8.09639394e-02 4.84132320e-01 9.34247136e-01 5.50046265e-01
    7.28214800e-01 9.12349463e-01 6.93865597e-01 3.94515514e-01
    8.72587800e-01 5.10824502e-01 4.05450732e-01 3.75436366e-01
    4.80594933e-01 9.99548018e-01 7.41977990e-01 2.88822293e-01
    6.25179827e-01 9.92023706e-01 7.60755658e-01 6.41186297e-01
    4.90346432e-01 4.15459752e-01 2.58090079e-01 5.15095711e-01
    2.05709368e-01 5.68744183e-01 8.73307586e-01 5.75651646e-01
    9.98629689e-01 4.43402231e-02 9.53567028e-01 1.30645901e-01
    7.37923980e-01 7.13586986e-01 2.20628947e-01 2.75075138e-02
    8.48284364e-03 8.39475632e-01 9.12041545e-01 5.85657060e-01
    8.70424867e-01 2.75390565e-01 8.95791411e-01 3.65580291e-01
    9.51005042e-01 3.35737169e-01 5.21725833e-01 3.15920591e-01
    1.68247670e-01 5.77773273e-01 4.81248677e-01 3.22706312e-01
    6.89425528e-01 2.09415853e-02 7.65605330e-01 5.27818084e-01
    9.25562203e-01 6.23222291e-01 5.88824987e-01 8.91174674e-02
    9.62482333e-01 8.34955871e-01 3.50918204e-01 4.60879415e-01
    4.92739350e-01 1.68964714e-01 1.23535395e-02 7.73591220e-01
    9.40359473e-01 2.82703996e-01 7.22884655e-01 3.09797823e-01
    4.59350169e-01 1.09828413e-01 3.88136715e-01 9.01981413e-01
    2.86273658e-01 2.59896398e-01 1.82123840e-01 5.24025857e-01
    6.26930058e-01 6.82355046e-01 4.27785546e-01 6.89261436e-01
    1.34606361e-02 7.77965963e-01 4.89308089e-01 4.19665098e-01
    5.65886319e-01 5.32204092e-01 6.22195244e-01 2.37007409e-01
    5.23752511e-01 9.78740871e-01 5.67922175e-01 2.67570317e-01
    1.22363567e-01 3.09663773e-01 2.24757344e-01 6.50001585e-01
    8.44835937e-01 8.64726901e-01 8.18157434e-01 7.41163075e-01
    1.28368944e-01 1.10421836e-01 3.12402189e-01 5.95026970e-01
    9.44378257e-01 8.44107985e-01 1.77680969e-01 4.08395439e-01
    5.45097291e-01 4.23193693e-01 6.82568967e-01 6.13232970e-01
    1.26027703e-01 7.60466933e-01 9.49384928e-01 4.85979915e-02
    5.26939034e-01 2.17112631e-01 7.91219711e-01 5.22748888e-01
    6.49249017e-01 5.72009385e-02 1.39255434e-01 2.23930657e-01
    1.15028054e-01 2.85904527e-01 1.66496634e-02 5.65618575e-02
    1.31328344e-01 3.97183627e-01 8.39906752e-01 9.12195921e-01
    9.10548985e-01 1.61561072e-02 8.53892744e-01 4.18987423e-01
    8.06385994e-01 5.20255983e-01 4.31594551e-02 8.57923508e-01
    8.55480194e-01 5.13959527e-01 5.75750291e-01 8.59673977e-01
    5.51399946e-01 9.97957289e-02 2.75047898e-01 9.08475339e-01
    8.57468545e-01 9.35193360e-01 6.42918169e-01 4.03844923e-01
    9.28882599e-01 2.25861967e-01 9.89504099e-01 3.14908326e-01
    6.38903975e-01 7.75982380e-01 7.46646583e-01 1.56964183e-01
    4.07209933e-01 3.61406386e-01 1.14482045e-01 4.43900645e-01
    4.99882489e-01 3.83257091e-01 9.09290075e-01 2.62703776e-01
    7.99150944e-01 5.98807335e-02 9.96905088e-01 9.19473886e-01
    7.11765468e-01 2.23518044e-01 9.28986192e-01 8.47343802e-01
    1.72776580e-01 6.45261049e-01 2.39967108e-01 1.92357033e-01
    2.56480992e-01 3.51430237e-01 6.18609130e-01 8.81975055e-01
    6.51261985e-01 6.42932773e-01 5.81752419e-01 2.54401386e-01
    8.51661980e-01 5.75910449e-01 6.81387246e-01 2.30458349e-01
    5.31920731e-01 1.21682376e-01 1.47099495e-01 6.85397029e-01
    4.29382086e-01 3.10712337e-01 6.59584880e-01 3.49189848e-01
    2.47352988e-01 2.27087140e-02 2.66387731e-01 8.67534041e-01
    9.72848892e-01 8.38878036e-01 3.90763730e-01 7.93162286e-01
    1.15387589e-01 2.98870087e-01 3.54506910e-01 9.85764265e-01
    8.93353820e-01 3.36192012e-01 5.50687313e-04 3.57111275e-01
    8.52033913e-01 7.31166661e-01 2.08345950e-02 1.73471421e-01
    1.78878367e-01 7.43486762e-01 9.65431511e-01 1.07970536e-01
    6.98986411e-01 4.65350479e-01 4.14915681e-01 6.61049485e-02
    7.10328102e-01 9.19043422e-01 3.23653042e-01 3.96267176e-02
    2.45400101e-01 7.39166737e-01 4.19361264e-01 6.43867016e-01
    4.96807218e-01 7.35388577e-01 7.55444169e-01 9.71327603e-01
    2.34437197e-01 9.48464036e-01 8.91024530e-01 7.18250394e-01
    7.01754570e-01 3.55935037e-01 4.16732311e-01 6.46526217e-01
    5.68848729e-01 2.45128274e-02 6.31021619e-01 4.64162230e-01
    7.04730749e-01 3.07396650e-01 7.35581875e-01 1.60998464e-01
    4.72039044e-01 8.56886029e-01 8.81954432e-01 9.58842039e-02
    4.89405036e-01 3.34966481e-01 4.20760691e-01 8.49866867e-03
    5.96545041e-01 6.57630861e-01 7.21864760e-01 6.30914032e-01
    2.15435952e-01 7.32729435e-01 8.10360849e-01 8.88494015e-01
    9.98012066e-01 2.13478833e-01 7.18307793e-02 7.39285350e-01
    9.84262943e-01 1.78871453e-02 4.74457622e-01 7.53869951e-01
    8.88422847e-01 9.71127272e-01 9.16160464e-01 8.11891675e-01
    2.46821910e-01 6.14645898e-01 1.21304899e-01 3.87998998e-01
    7.00704932e-01 9.20203030e-01 1.65442199e-01 3.17835927e-01
    4.23972905e-01 4.02580231e-01 6.10436440e-01 2.70473421e-01
    9.22895253e-01 2.96138048e-01 6.74737394e-01 8.15585077e-01
    6.39787316e-01 2.48281330e-01 2.66661525e-01 6.72335088e-01
    3.17112744e-01 2.06982404e-01 2.64519155e-02 4.56389070e-01
    1.88412279e-01 9.59670961e-01 7.53460646e-01 1.74099803e-01
    5.06268740e-01 3.21749628e-01 5.92079699e-01 3.58803451e-01
    1.70898050e-01 3.48570019e-01 7.47057199e-01 7.97938347e-01
    8.92744899e-01 5.29535711e-01 6.71785176e-02 7.51361251e-02
    1.46708786e-02 4.04928416e-01 2.21501887e-01 5.71150362e-01
    7.87947237e-01 8.57545257e-01 8.88912082e-02 8.91989946e-01
    2.25220621e-01 3.29280853e-01 3.93449068e-02 3.01550031e-02
    6.45244241e-01 8.55776310e-01 5.61942279e-01 1.16862148e-01
    4.54114497e-01 4.53253686e-01 5.65876007e-01 6.05313897e-01
    6.89891875e-02 3.45187962e-01 4.72539127e-01 2.29184300e-01
    1.37306690e-01 9.50344145e-01 6.35200143e-02 3.70582700e-01
    6.49577975e-02 5.05756855e-01 9.19660628e-02 8.42431784e-01
    8.44169378e-01 6.59030616e-01 6.57785773e-01 3.85591686e-02
    7.49819517e-01 1.08191103e-01 6.30949914e-01 6.95406497e-02
    3.64611983e-01 5.93784928e-01 8.87914658e-01 8.55076194e-01
    2.83260047e-01 7.58893013e-01 5.69234967e-01 1.33139819e-01
    6.77832842e-01 8.26387286e-01 1.84326500e-01 9.46818054e-01
    9.61416841e-01 8.75987530e-01 7.97601938e-02 9.24350202e-01
    6.32948875e-01 9.42336619e-02 7.56252944e-01 7.35977530e-01
    8.67588043e-01 6.59030676e-03 5.83438575e-01 3.15913677e-01
    2.66324461e-01 5.62118530e-01 3.46412897e-01 4.20497000e-01
    9.77953792e-01 5.43390870e-01 4.49016690e-01 8.36461544e-01
    5.36225736e-02 7.81949759e-01 9.41636205e-01 8.08155656e-01
    7.25357771e-01 9.24443364e-01 5.67050338e-01 5.88593185e-01
    7.06592441e-01 6.98949218e-01 6.29190445e-01 8.96912038e-01
    6.85369134e-01 8.83687735e-01 8.23728502e-01 7.75490403e-02
    2.31985062e-01 1.58533841e-01 4.62450892e-01 4.70343769e-01
    2.85573006e-01 2.41613567e-01 4.05297279e-02 7.74758697e-01
    1.39265329e-01 5.08711338e-01 5.93725324e-01 9.09212232e-01
    3.95537138e-01 5.74955583e-01 8.49779546e-01 6.31703973e-01
    9.98839796e-01 3.30827773e-01 9.58744586e-02 4.96004224e-02
    7.38567293e-01 9.43879426e-01 7.14770555e-01 3.54422927e-01
    8.17836344e-01 6.43293500e-01 9.70649898e-01 2.81176537e-01
    7.47190475e-01 5.29371917e-01 1.74474150e-01 9.48664784e-01
    9.33355093e-03 2.19707519e-01 9.23572481e-01 7.76129603e-01
    6.95137978e-01 4.61674362e-01 2.53764451e-01 2.52510905e-01
    2.75841713e-01 5.58528304e-02 5.42218804e-01 8.88372421e-01
    8.08895051e-01 6.35935664e-01 2.54481882e-01 5.37641406e-01
    4.09555435e-02 4.07277793e-01 4.80943352e-01 9.52348709e-01
    8.08007836e-01 6.76097572e-01 9.59441960e-01 7.95113742e-02
    7.74025917e-01 2.74362147e-01 1.69980168e-01 2.43726581e-01
    7.10191607e-01 1.95709199e-01 8.35401714e-01 2.98167884e-01
    9.25090909e-01 5.92066050e-01 3.02902222e-01 4.32772100e-01
    1.06854081e-01 1.99554265e-02 6.37744009e-01 5.44883549e-01
    6.46011233e-01 3.20303321e-01 9.86094952e-01 9.04313385e-01
    1.00251168e-01 5.64817131e-01 2.87564427e-01 1.21980399e-01
    8.43457580e-01 9.44766402e-01 6.96527660e-01 9.88564551e-01
    8.02518606e-01 7.17561603e-01 2.33709961e-01 7.96657443e-01
    4.79341120e-01 5.93161583e-03 5.59738576e-01 6.89194560e-01
    4.46437776e-01 5.79230189e-01 2.90977418e-01 5.75699568e-01
    5.08326948e-01 3.65933806e-01 6.65418684e-01 9.81888771e-02
    4.48264658e-01 3.42600584e-01 8.92134905e-01 9.25037265e-03
    9.64602232e-01 8.59747410e-01 7.34196603e-01 5.17096221e-02
    6.24370694e-01 4.37166572e-01 4.37846154e-01 2.03869432e-01
    1.45182788e-01 3.19550931e-01 4.98420417e-01 3.04212630e-01
    7.84393787e-01 1.03140533e-01 1.62500709e-01 8.56374860e-01
    2.87481546e-02 2.47130811e-01 8.05750489e-03 5.98319352e-01
    9.67491627e-01 3.34660143e-01 6.20138168e-01 7.68761635e-01
    7.79576302e-01 1.86395079e-01 6.09151900e-01 3.52839589e-01
    3.97660524e-01 4.45540100e-01 8.77870440e-01 3.53810668e-01
    3.00230384e-02 8.44976068e-01 8.94266844e-01 5.28014243e-01
    7.69528508e-01 4.67252970e-01 6.63769662e-01 8.67933273e-01
    8.45207453e-01 3.06296885e-01 1.60492063e-01 7.68022835e-01
    2.11731791e-01 4.83343244e-01 3.25075001e-01 2.40266860e-01
    9.04209554e-01 5.95583737e-01 2.43503362e-01 6.59943819e-01
    9.35159802e-01 6.26487851e-01 7.64680505e-01 8.83363247e-01
    4.82956916e-01 8.82516980e-01 6.89514935e-01 9.17122662e-02
    8.00692439e-02 6.32180989e-01 5.61101913e-01 3.98805559e-01
    6.86657190e-01 6.89074397e-01 3.99236798e-01 7.48159826e-01
    3.83523941e-01 4.15437520e-02 5.04505873e-01 2.71658689e-01
    7.78703272e-01 7.65868247e-01 7.51634121e-01 9.61634159e-01
    6.00768626e-02 3.52183133e-01 6.24320149e-01 5.78500628e-01
    2.65215397e-01 9.62923288e-01 4.20528114e-01 1.88312560e-01
    3.49344671e-01 5.50575376e-01 8.77764344e-01 7.19493270e-01
    1.10376060e-01 8.77761245e-01 6.58760667e-01 9.54357862e-01
    7.42891431e-02 3.16898584e-01 7.42144704e-01 6.57785654e-01
    8.33254576e-01 6.38620019e-01 3.87080610e-01 3.17015171e-01
    8.45970273e-01 9.83144820e-01 6.03944659e-01 5.21954179e-01
    9.70938087e-01 3.62470329e-01 3.16265255e-01 1.54928684e-01
    8.26025367e-01 5.27405560e-01 6.59159124e-02 6.61392450e-01
    1.59703702e-01 5.60292125e-01 9.50618744e-01 7.69155383e-01
    9.94441986e-01 2.12915301e-01 5.42125881e-01 5.12400210e-01
    8.27108145e-01 6.80831254e-01 9.04437423e-01 7.98956811e-01
    2.63088882e-01 6.18591428e-01 7.09872365e-01 6.27950013e-01
    5.84478080e-02 9.19638157e-01 3.26152146e-01 3.19064677e-01
    4.99948204e-01 1.85443282e-01 2.74389327e-01 5.38704455e-01
    3.99663091e-01 4.71058041e-01 3.67847979e-01 1.26316845e-01
    2.92813718e-01 9.27008033e-01 5.79281569e-01 8.29082012e-01
    6.12775683e-01 7.35655308e-01 6.31586194e-01 1.65180922e-01
    9.32799518e-01 5.39144874e-01 5.61614811e-01 9.19705749e-01
    2.59660125e-01 4.10751283e-01 4.20857549e-01 4.09775704e-01
    3.57799530e-01 6.73850179e-01 6.98749185e-01 2.38825649e-01
    5.93582988e-02 9.82704401e-01 7.39629090e-01 7.16547728e-01
    7.78041184e-02 8.46099555e-02 6.22597396e-01 9.11153197e-01
    6.13349795e-01 1.99181527e-01 7.89770961e-01 3.86920869e-02
    3.10095310e-01 5.89591682e-01 3.16483080e-02 7.93445766e-01
    9.82689977e-01 4.09953386e-01 4.26371694e-02 5.96969903e-01
    3.77339810e-01 8.38056922e-01 5.63676476e-01 9.85141039e-01
    4.58111167e-02 1.81756526e-01 9.04393792e-01 5.59118390e-03
    9.27569151e-01 7.11489439e-01 6.93233252e-01 5.38206697e-02
    4.05414224e-01 4.86209631e-01 7.45534420e-01 9.70323861e-01
    2.22083151e-01 7.63721943e-01 6.24595582e-01 3.56552005e-02
    2.19982654e-01 7.46497810e-02 5.56913316e-01 6.64525330e-02
    7.28106499e-01 9.13245082e-01 7.82690942e-01 1.37993097e-01
    3.60789090e-01 2.29090035e-01 6.51662827e-01 1.54552072e-01
    5.42994738e-02 3.47980917e-01 6.44289494e-01 9.37448978e-01
    6.12162709e-01 6.26021743e-01 9.72656727e-01 6.00149393e-01
    9.04841006e-01 7.68751621e-01 1.24912441e-01 9.45807040e-01
    3.30526114e-01 6.08879030e-01 3.81029934e-01 5.56249619e-01
    5.58140695e-01 9.12103534e-01 8.80568624e-01 7.25639045e-01
    5.67636907e-01 8.03736091e-01 4.36181277e-01 9.43283677e-01
    4.92112815e-01 5.12531698e-01 2.61155665e-02 6.49551749e-02
    7.91242361e-01 7.08016515e-01 6.36503398e-02 3.41487348e-01
    2.94940472e-02 8.53758693e-01 7.79664278e-01 9.63252783e-03
    5.88761091e-01 9.09503341e-01 7.28335500e-01 2.70640492e-01
    4.05051440e-01 1.28983259e-02 7.80144215e-01 7.61348486e-01
    9.67309594e-01 3.96030575e-01 5.04690409e-03 6.41163826e-01
    4.72351640e-01 8.87423515e-01 5.08024514e-01 1.98820561e-01
    6.17922723e-01 7.68102646e-01 1.71416223e-01 3.89428437e-01
    5.38384259e-01 8.31582129e-01 2.16015577e-01 7.61814177e-01
    8.94628048e-01 4.46269751e-01 2.96186149e-01 2.98959136e-01
    8.45326126e-01 5.55011630e-01 3.11791599e-01 7.10290432e-01
    7.92750359e-01 4.41967845e-01 4.65717345e-01 4.46792185e-01
    8.65915179e-01 4.38503683e-01 7.40707815e-01 4.63300079e-01
    6.33893669e-01 6.46111488e-01 6.36576533e-01 5.57871401e-01
    7.67673969e-01 9.40009654e-02 6.30786598e-01 6.48455739e-01
    4.23410922e-01 4.83260214e-01 5.87011039e-01 3.82150292e-01
    6.43793881e-01 1.21553242e-02 1.87119752e-01 8.52472901e-01
    8.12837422e-01 8.70492041e-01 1.24532491e-01 6.56326890e-01
    8.66546690e-01 4.44943488e-01 4.76406693e-01 7.89821744e-01
    8.17386150e-01 9.36816216e-01 5.68422437e-01 3.78067583e-01
    6.10765457e-01 2.40767181e-01 4.56203312e-01 2.20552951e-01
    5.36495984e-01 5.43160439e-01 7.79460430e-01 6.87476277e-01
    7.35159695e-01 2.92022288e-01 2.09677696e-01 6.65069222e-01
    9.38591421e-01 8.07806909e-01 2.86572605e-01 6.02286756e-02
    7.41757274e-01 4.32853729e-01 1.73178613e-01 6.42983258e-01
    2.90455818e-01 5.97783029e-02 9.94480371e-01 3.46011877e-01
    8.33090007e-01 9.08952117e-01 4.18034196e-01 8.54324222e-01
    7.09577203e-01 3.25746745e-01 6.64790571e-01 1.02248967e-01
    9.17193651e-01 1.33502245e-01 3.21607590e-02 3.46176326e-01
    2.53325522e-01 7.47256815e-01 2.08490640e-01 2.01691717e-01
    9.32826698e-02 8.31103086e-01 8.10891330e-01 3.34976733e-01
    8.34037483e-01 2.20469624e-01 3.87084246e-01 4.69672352e-01
    6.72003150e-01 9.65312779e-01 1.42669767e-01 8.51138532e-02
    9.06932116e-01 4.14292842e-01 1.46888107e-01 3.22658628e-01
    4.93864775e-01 5.06582856e-03 3.51947725e-01 2.93103307e-01
    2.54329801e-01 1.36956185e-01 3.57683718e-01 4.23014760e-02
    7.94187009e-01 1.16195679e-01 5.38638949e-01 6.10923409e-01
    4.56116617e-01 3.76843095e-01 9.21422243e-01 3.64701420e-01
    8.27986240e-01 6.46307349e-01 7.31262326e-01 4.66899753e-01
    6.51407838e-01 4.04327989e-01 8.02309632e-01 1.37162209e-02
    9.21849191e-01 4.88483816e-01 7.92171896e-01 8.55284512e-01
    3.85405362e-01 1.89857662e-01 1.87463820e-01 7.78035164e-01
    4.31571305e-01 9.83503938e-01 9.92401004e-01 9.03909922e-01
    4.94980752e-01 6.27242863e-01 5.68240941e-01 8.75145495e-01
    7.19896793e-01 5.47542751e-01 6.76464558e-01 7.85346389e-01
    8.67049932e-01 3.88874710e-02 1.84191495e-01 5.39614379e-01
    8.23647559e-01 2.23805994e-01 8.83293152e-01 2.04323113e-01
    6.15348876e-01 8.79489958e-01 8.01339984e-01 9.24095392e-01
    9.66633260e-02 7.06244409e-01 5.74978828e-01 3.22670370e-01
    8.99817348e-01 6.74216986e-01 9.56367850e-01 4.87496525e-01
    8.61047029e-01 3.83999825e-01 2.90623009e-02 3.05842280e-01
    1.88813061e-01 8.60221744e-01 6.95434213e-01 8.67356718e-01
    6.45000577e-01 8.53535473e-01 7.64826059e-01 7.21240640e-01
    8.82901311e-01 7.43271470e-01 9.63882625e-01 2.40122974e-01
    1.09447598e-01 5.59862375e-01 7.33315408e-01 5.31811893e-01
    8.14418375e-01 9.12532866e-01 2.65598953e-01 9.57908034e-01
    5.21642566e-02 1.76309645e-01 2.95137584e-01 4.15543079e-01
    4.94416177e-01 1.13306373e-01 1.15357846e-01 4.78400320e-01
    2.09043354e-01 1.04962826e-01 7.22052395e-01 7.05494165e-01
    6.38285816e-01 5.15513420e-01 3.32413584e-01 3.09391111e-01
    1.22922271e-01 1.23954505e-01 3.60948443e-01 5.50747097e-01
    1.78358614e-01 4.78557259e-01 1.81725919e-01 3.31634641e-01
    4.62371469e-01 5.53171217e-01 2.16598868e-01 6.14598751e-01
    9.65259373e-01 5.19251227e-02 2.46556014e-01 6.73997045e-01
    4.47916508e-01 6.40364289e-01 9.54756379e-01 9.96827722e-01
    4.85516846e-01 4.36799347e-01 2.35631049e-01 2.59087294e-01
    1.80659890e-02 5.27578712e-01 7.56547213e-01 1.30347043e-01
    9.66057420e-01 5.83533108e-01 7.95719981e-01 5.23288250e-01
    7.82022476e-02 4.73749936e-01 2.13246137e-01 7.92525649e-01
    7.00564742e-01 9.77217555e-01 5.16895175e-01 4.61717337e-01
    1.79473013e-01 1.16863847e-02 9.84648764e-02 6.49949491e-01
    7.71872878e-01 6.90859675e-01 7.48489797e-01 4.65302616e-01
    9.23774540e-02 9.84658599e-01 2.39532888e-02 3.99021775e-01
    6.54949784e-01 3.79408360e-01 3.55071187e-01 1.38742626e-01
    7.58261681e-01 4.33231026e-01 8.01164150e-01 5.72843432e-01
    8.39270949e-02 9.01543200e-01 9.01057422e-01 8.34570765e-01
    4.23482984e-01 1.74754262e-02 4.78224665e-01 3.92007023e-01
    4.77682054e-01 7.57279396e-02 3.36026311e-01 1.59571469e-02
    7.30825543e-01 5.61199367e-01 2.07451403e-01 8.92490745e-02
    2.93084979e-03 3.62031102e-01 4.75084066e-01 2.05142736e-01
    2.18423605e-01 5.17444968e-01 4.49073792e-01 5.30330718e-01
    6.47559226e-01 8.89724970e-01 8.37486327e-01 5.55171728e-01
    4.92259473e-01 7.31585562e-01 1.12202466e-01 1.81889445e-01
    2.20033169e-01 1.82795644e-01 8.16316485e-01 7.37933576e-01
    7.26750016e-01 4.46101516e-01 7.21948981e-01 7.75464475e-01
    7.51019239e-01 7.36670971e-01 8.29796433e-01 8.68029475e-01
    1.13615096e-02 9.24092412e-01 6.25011325e-03 1.59006596e-01
    9.09693599e-01 5.63165545e-02 1.90401852e-01 2.59419501e-01
    4.84342217e-01 7.16411829e-01 6.54318690e-01 9.21334922e-01
    1.36764675e-01 7.20943272e-01 9.99626815e-01 5.50407708e-01
    4.79441136e-01 8.22977543e-01 8.05744052e-01 4.52127993e-01
    1.24658763e-01 3.78461599e-01 7.02527344e-01 5.27650297e-01
    3.67757380e-02 3.68543029e-01 9.65462863e-01 2.86753416e-01
    1.99472904e-02 1.41176283e-02 7.77951360e-01 5.08609414e-03
    3.58877957e-01 9.57141817e-01 3.00574005e-01 3.63089800e-01
    8.14638972e-01 3.76494467e-01 9.06509221e-01 1.25986278e-01
    8.08664382e-01 8.16831589e-01 2.38483042e-01 6.98257029e-01
    4.05673921e-01 8.94349813e-01 9.46485996e-01 5.73779464e-01
    3.71958911e-02 9.02480721e-01 4.06642675e-01 8.41198862e-01
    9.86349702e-01 1.58920497e-01 5.87080002e-01 2.44418234e-01
    7.76261926e-01 1.49544865e-01 8.05761814e-01 2.77865976e-01
    8.39051962e-01 7.73719847e-02 7.96858072e-01 5.00186741e-01
    4.74997491e-01 4.79586095e-01 5.61735094e-01 7.65338540e-02
    7.68806219e-01 3.40485126e-01 8.15169811e-01 4.05943125e-01
    3.45834613e-01 7.95693278e-01 9.35793519e-01 3.54692221e-01
    2.84772843e-01 5.83226383e-01 4.15488303e-01 9.52271819e-01
    6.69910669e-01 1.00164711e-02 8.54347587e-01 2.18305588e-01
    5.84993422e-01 6.11759424e-02 1.54963136e-03 8.56136680e-01
    6.55873716e-01 9.73536849e-01 7.08136857e-01 3.70837688e-01
    5.33252954e-03 3.53046924e-01 6.49755955e-01 4.36425358e-01
    7.36302912e-01 4.79201674e-02 1.94576651e-01 8.75182748e-01
    6.86692894e-01 7.67892540e-01 3.49183083e-02 4.90620822e-01
    9.50893760e-01 1.79187149e-01 2.14225978e-01 2.18700379e-01
    5.81405818e-01 4.72376078e-01 1.34863883e-01 2.25778252e-01
    6.53470755e-02 1.09310210e-01 1.46124691e-01 2.17980415e-01
    1.18939608e-01 2.04624981e-01 6.89132094e-01 2.21736282e-01
    8.58108401e-01 2.51336038e-01 5.62658787e-01 8.66221786e-01
    2.36150056e-01 2.11223811e-01 2.08494842e-01 5.32385528e-01
    2.26070225e-01 5.54401278e-01 4.18131709e-01 8.06217849e-01
    6.03193164e-01 3.34992111e-01 6.06894314e-01 9.99258757e-01
    9.32052672e-01 8.48460197e-03 9.61077392e-01 4.29156750e-01
    4.15953517e-01 5.41993320e-01 6.11218154e-01 2.00123787e-02
    5.62633574e-01 3.29629540e-01 3.72403085e-01 7.91009545e-01
    1.39711797e-01 8.13789368e-01 8.26972604e-01 1.02488101e-02
    1.68807834e-01 5.46043098e-01 1.87800199e-01 3.01031947e-01
    3.26723278e-01 9.63810205e-01 9.07310247e-01 7.49565065e-02
    8.52824450e-01 7.14099884e-01 3.94739389e-01 3.18417817e-01
    6.15259886e-01 2.21727550e-01 8.75071406e-01 8.51162732e-01
    2.08973259e-01 2.81661093e-01 4.27291602e-01 3.38449299e-01
    8.66149545e-01 4.62594569e-01 5.55395544e-01 7.05675185e-01
    9.38150585e-01 8.34066391e-01 8.93786311e-01 9.57461655e-01
    3.47736746e-01 2.34636843e-01 3.17055881e-02 9.70982075e-01
    2.83750772e-01 9.96679068e-03 1.30089521e-01 7.04850852e-02
    4.80432391e-01 3.01790535e-02 7.69598603e-01 6.88083887e-01
    6.61878943e-01 8.38567019e-01 8.44235122e-01 4.60732639e-01
    4.56535459e-01 4.53457892e-01 5.30394793e-01 3.44628036e-01
    7.67506003e-01 4.06962156e-01 4.79921669e-01 1.48993909e-01
    7.50940144e-01 6.79180562e-01 2.07072526e-01 5.73899567e-01
    5.49679995e-01 3.62405628e-01 5.28253078e-01 7.08365202e-01
    6.92021370e-01 4.72070366e-01 2.76926041e-01 3.20864320e-02
    6.61298454e-01 2.29907960e-01 7.02220142e-01 4.38911349e-01
    1.66984409e-01 2.91165233e-01 4.10136759e-01 7.04773068e-01
    4.46873873e-01 6.50981605e-01 5.46476841e-01 8.39436889e-01
    7.90004373e-01 5.23536384e-01 9.63996649e-02 3.40075523e-01
    3.79535824e-01 3.40304911e-01 2.58982182e-01 1.35101467e-01
    4.87049133e-01 1.48766398e-01 3.48203659e-01 7.91388452e-01
    5.62970698e-01 5.62285423e-01 8.09521198e-01 3.52666616e-01
    4.04408187e-01 2.91583836e-02 7.11617768e-02 8.66365492e-01
    8.54905903e-01 5.17857492e-01 6.17785573e-01 3.82944942e-02
    5.23338497e-01 2.57064760e-01 9.87972438e-01 1.53154701e-01
    1.95819348e-01 1.70703202e-01 1.94514066e-01 3.93158793e-02
    1.16872489e-02 5.83106875e-01 1.56289399e-01 2.33931899e-01
    1.18625224e-01 5.58806658e-01 6.88669086e-02 3.69451582e-01
    6.95326805e-01 5.10795116e-01 1.64977252e-01 6.00086510e-01
    6.27171576e-01 5.35959899e-01 6.45956993e-01 1.12261862e-01
    5.65993190e-01 8.57371330e-01 3.39313745e-02 5.21712840e-01
    8.02441478e-01 4.70344961e-01 6.26596987e-01 5.88454008e-01
    5.48177779e-01 2.28148162e-01 3.31115544e-01 8.47869515e-02
    3.12881619e-01 7.55418956e-01 6.73300743e-01 8.37050974e-02
    2.80122221e-01 4.00541663e-01 8.57609868e-01 6.37811720e-02
    8.30040932e-01 3.08368742e-01 3.19035560e-01 1.64951652e-01
    7.03071833e-01 6.12591863e-01 3.03241193e-01 6.44020140e-01
    6.32107794e-01 2.32776582e-01 3.42488110e-01 1.16819233e-01
    3.88353795e-01 6.86047316e-01 1.23024106e-01 7.03985929e-01
    2.40714014e-01 6.82971001e-01 4.12648350e-01 3.57278824e-01
    8.12298775e-01 3.01693380e-01 3.03795338e-01 2.96292007e-01
    9.37501967e-01 1.51920468e-01 8.09146166e-01 5.96983314e-01
    3.45893860e-01 7.63834715e-01 6.38424158e-02 2.44056582e-01
    4.09594119e-01 9.48003650e-01 8.69624734e-01 1.76049620e-01
    2.16009617e-01 8.82447362e-01 1.35199219e-01 3.13856900e-01
    8.46219301e-01 4.46019322e-01 5.13018906e-01 2.69140512e-01
    9.41470563e-02 1.49589002e-01 5.24727821e-01 6.96961224e-01
    9.94216204e-01 7.28767395e-01 4.35135871e-01 6.41223311e-01
    8.50429893e-01 2.24238068e-01 4.65221316e-01 1.83270633e-01
    7.61809647e-01 5.28754115e-01 3.43224168e-01 6.25990331e-01
    4.94586855e-01 3.63148451e-01 1.92489177e-01 3.76707643e-01
    1.37753189e-02 9.96401608e-02 8.66800249e-01 8.50576043e-01
    3.24091613e-01 4.23943281e-01 9.26354825e-01 7.19091296e-01
    5.22918522e-01 8.37076008e-01 2.92541951e-01 2.41258442e-02
    4.24445868e-01 2.27232367e-01 9.76144195e-01 5.18105388e-01
    6.79827631e-01 4.33707565e-01 6.91538990e-01 4.02643740e-01
    1.76180333e-01 9.72840428e-01 3.14722359e-01 1.88102365e-01
    4.90453333e-01 9.03521478e-01 3.34382653e-01 7.73955345e-01
    5.65207839e-01 6.60312891e-01 9.00261700e-01 2.87662506e-01
    3.65763307e-01 9.05553520e-01 2.90765584e-01 5.48373163e-02
    3.51808846e-01 6.33108139e-01 3.21196795e-01 6.33926630e-01
    6.76120102e-01 1.12764508e-01 9.31262970e-03 7.11757064e-01
    8.55917037e-01 8.30093265e-01 2.01027393e-02 7.18046606e-01
    6.30941629e-01 8.21214318e-01 1.22186542e-01 8.24521542e-01
    8.16702724e-01 5.30543327e-02 1.90561593e-01 8.68515968e-01
    1.90468669e-01 5.86664677e-03 8.43774915e-01 1.71189249e-01
    1.30859554e-01 3.53831351e-02 1.84936762e-01 7.09176421e-01
    7.18936443e-01 1.88032240e-01 9.08962548e-01 1.49655461e-01
    3.16799879e-02 4.51392770e-01 8.33667159e-01 6.29926920e-01
    8.29524219e-01 8.27499390e-01 4.21435028e-01 4.62073058e-01
    6.43263400e-01 3.46896827e-01 4.75028753e-02 2.43078589e-01
    8.58086944e-02 5.81660092e-01 4.47268933e-01 5.36849260e-01
    7.40936577e-01 9.26425338e-01 7.95753121e-01 9.14495111e-01
    1.67400956e-01 5.31993687e-01 2.23200619e-01 5.58370233e-01
    7.86093235e-01 3.97511035e-01 6.89386070e-01 2.39558995e-01
    4.29032803e-01 5.78827381e-01 4.45598543e-01 4.67494667e-01
    5.68815947e-01 9.11769450e-01 3.54703069e-02 7.60297954e-01
    5.29047251e-02 4.04469669e-01 4.45824653e-01 7.08319426e-01
    4.85764802e-01 4.65564489e-01 9.00003433e-01 7.44114220e-02
    4.08142805e-01 9.31049287e-02 5.23214817e-01 4.11450744e-01
    1.85489357e-02 1.36828840e-01 4.54143465e-01 9.90993857e-01
    2.64981687e-01 4.43287104e-01 4.40248519e-01 7.15986311e-01
    7.18112290e-01 6.81232095e-01 2.47639000e-01 4.16560352e-01
    9.59587812e-01 7.15182424e-01 6.80694044e-01 2.12485790e-02
    6.83122933e-01 1.63190931e-01 6.24404192e-01 1.83119744e-01
    8.33658516e-01 6.19807482e-01 2.67083704e-01 4.22905982e-01
    4.97683525e-01 5.37454069e-01 4.50063527e-01 9.39348638e-01
    3.86785328e-01 1.56666934e-01 6.45956337e-01 9.64241683e-01
    8.14645290e-02 7.84739733e-01 5.59731066e-01 2.76475221e-01
    8.09837222e-01 9.92162824e-01 2.46159732e-01 6.28410041e-01
    5.64008832e-01 2.41430402e-01 1.47927582e-01 2.00604945e-01
    2.99142897e-02 2.74259746e-01 5.81884921e-01 1.72333419e-02
    3.78603816e-01 2.30386883e-01 6.62112117e-01 7.16519594e-01
    3.47073525e-01 2.63926208e-01 2.61744082e-01 3.94921929e-01
    2.31870770e-01 7.74621546e-01 9.20231223e-01 1.75244004e-01
    7.56824255e-01 6.58568263e-01 7.49281466e-01 7.30141163e-01
    7.24333465e-01 5.48807383e-01 2.06850141e-01 4.22701806e-01
    6.62138760e-01 7.06233025e-01 8.95354033e-01 5.27026713e-01
    6.61479414e-01 3.18073988e-01 3.52695405e-01 4.31529254e-01
    1.60289675e-01 1.77082986e-01 7.40646064e-01 6.61436021e-01
    9.05415475e-01 8.80117059e-01 5.28815687e-01 1.09408647e-01
    5.46110392e-01 3.46435010e-01 2.66416132e-01 2.54736066e-01
    7.86526561e-01 9.13287997e-01 7.19237685e-01 7.47171938e-01
    7.08218217e-02 9.24419820e-01 9.79631305e-01 4.12238210e-01
    4.82174754e-01 7.43630171e-01 1.47170126e-01 6.37826324e-01
    4.61961448e-01 8.17790687e-01 8.08356702e-02 1.95011944e-01
    1.34197176e-02 5.91755211e-01 6.13850117e-01 5.32478929e-01
    9.22299266e-01 4.76943165e-01 9.73969460e-01 7.12702692e-01
    8.59113693e-01 1.02667719e-01 6.54989719e-01 3.77693236e-01
    8.25704217e-01 9.23082948e-01 8.56801867e-02 4.13714349e-02
    2.08695531e-01 8.13338995e-01 4.75935489e-01 2.84045577e-01
    3.07208955e-01 9.80987787e-01 9.30672765e-01 3.58423740e-01
    7.99357772e-01 6.73041821e-01 5.96248507e-01 7.09605455e-01
    9.56383348e-01 9.28719521e-01 8.91857147e-01 6.12003863e-01
    8.61982703e-01 2.54078090e-01 6.59827769e-01 8.55873883e-01
    3.02429229e-01 2.74291813e-01 1.16849035e-01 2.47172594e-01
    8.85308385e-02 7.65668273e-01 3.19185555e-02 5.12254953e-01
    8.62490118e-01 8.66345048e-01 8.76131773e-01 4.64798480e-01
    3.06461036e-01 4.54085231e-01 5.48265100e-01 8.72077942e-01
    7.11610138e-01 1.01380169e-01 5.69780648e-01 8.91037464e-01
    8.41053367e-01 1.45872951e-01 8.63158345e-01 8.06013584e-01
    1.26459301e-01 9.47153628e-01 6.49384260e-01 1.02724969e-01
    1.55718118e-01 4.78503615e-01 9.82190788e-01 3.84677619e-01
    6.65279031e-01 2.80089468e-01 5.10563016e-01 7.96548843e-01
    9.60866213e-02 9.10325050e-01 1.57938927e-01 6.82229757e-01
    1.45300031e-01 3.05582643e-01 9.46945548e-01 4.33478534e-01
    8.01698327e-01 4.56040591e-01 5.59341908e-01 7.99147844e-01
    2.88377345e-01 3.10213774e-01 4.33114171e-01 1.20180666e-01
    7.08067358e-01 9.23442185e-01 2.59793043e-01 8.17047119e-01
    8.33811164e-01 1.07258141e-01 5.61525524e-01 7.40072370e-01
    9.88519013e-01 5.85705638e-01 5.89884162e-01 2.37251461e-01
    9.46892500e-01 8.00222158e-04 6.37689471e-01 9.98047173e-01
    9.87284243e-01 3.90155762e-01 7.29812980e-01 7.59643674e-01
    1.57512188e-01 4.14011985e-01 6.14045978e-01 5.02841055e-01
    5.81508994e-01 6.89226329e-01 9.26856279e-01 4.46348786e-02
    1.59376174e-01 1.29992425e-01 1.40092999e-01 8.83768201e-01
    1.35706574e-01 8.68711948e-01 7.60319829e-02 4.76269811e-01
    1.99245512e-02 7.96498060e-01 3.33106816e-01 5.62069654e-01
    1.95407331e-01 6.34512961e-01 5.44348657e-01 9.38071728e-01
    3.09570253e-01 8.57350230e-01 1.33115590e-01 3.98656249e-01
    7.17027724e-01 1.21094584e-02 6.97167277e-01 2.23891377e-01
    3.02675307e-01 2.10171342e-02 7.84476399e-02 3.15769136e-01
    1.80497855e-01 5.22388995e-01 2.91448832e-01 4.64195758e-01
    7.13800251e-01 5.49309015e-01 6.47690475e-01 5.86502552e-01
    9.46414888e-01 1.56410813e-01 3.80845279e-01 4.31642383e-01
    5.95386922e-01 1.94316387e-01 7.53793359e-01 2.96976566e-01
    2.38708198e-01 3.40875387e-01 1.61529899e-01 7.37167180e-01
    8.72997582e-01 3.13613653e-01 2.68172801e-01 2.72410065e-01
    9.18963909e-01 1.08111173e-01 6.96146905e-01 4.16823983e-01
    7.93541312e-01 7.83105314e-01 1.31380230e-01 9.74259079e-02
    7.96139717e-01 8.17532539e-02 7.17356563e-01 7.71684289e-01
    2.72879124e-01 1.77439094e-01 4.37573671e-01 8.13924909e-01
    5.32900929e-01 2.80606806e-01 4.69497532e-01 3.98886502e-02
    6.22248948e-02 4.32806015e-01 6.70510292e-01 5.21867871e-02
    4.92292315e-01 4.31238621e-01 9.13278580e-01 9.52299714e-01
    8.24445844e-01 7.98641622e-01 3.08197141e-02 3.08068633e-01
    2.15070248e-01 8.77332926e-01 6.23747230e-01 8.91490459e-01
    9.03775930e-01 2.20888257e-02 3.85321677e-01 9.57168341e-01
    2.59022117e-02 8.28753591e-01 2.30371654e-01 5.91963232e-01
    2.41261423e-02 7.40845084e-01 2.35810399e-01 4.44519222e-01
    5.35756350e-01 2.88213551e-01 3.03908587e-01 1.85562313e-01
    2.50579327e-01 7.45794892e-01 2.89003044e-01 1.88780904e-01
    8.67336929e-01 4.94599491e-01 6.95762932e-01 3.85969937e-01
    9.57065701e-01 1.03685349e-01 4.83293235e-02 3.25972348e-01
    9.66769516e-01 1.28129125e-03 3.51195067e-01 4.43740129e-01
    4.43392962e-01 3.89628530e-01 4.66905922e-01 4.03479099e-01
    5.17700315e-02 9.78088498e-01 7.08480954e-01 6.18360043e-01
    5.97614348e-02 5.10790884e-01 6.04644597e-01 2.05833107e-01
    6.22257590e-01 4.04525995e-02 2.27574229e-01 5.01136005e-01
    6.43128157e-03 1.92071378e-01 2.11590827e-02 9.44580138e-01
    8.94020319e-01 9.52417672e-01 5.99344492e-01 9.25591707e-01
    1.41107738e-02 3.33680958e-01 8.29264641e-01 7.07125068e-01
    5.61260760e-01 7.02776313e-01 4.36049908e-01 2.90465355e-03
    3.90086859e-01 4.23438907e-01 7.26177275e-01 1.77555919e-01
    2.72391081e-01 2.94750333e-02 3.75475883e-01 2.47146755e-01
    3.96249235e-01 8.86437654e-01 1.97496802e-01 5.62789440e-01
    2.28984624e-01 5.34872115e-01 1.93979293e-01 3.94172132e-01
    5.60926795e-02 2.00378597e-01 8.11747551e-01 2.04629928e-01
    5.18495739e-01 5.57165980e-01 2.80012906e-01 7.21206307e-01
    6.05269730e-01 3.51327211e-01 8.79467547e-01 2.34534621e-01
    8.12633038e-01 5.54800630e-02 2.37800449e-01 2.66757667e-01
    2.89240897e-01 7.00351477e-01 1.38652563e-01 5.69641411e-01
    3.39615643e-01 7.43822336e-01 2.85335511e-01 5.33149898e-01
    5.88005662e-01 9.42722201e-01 4.98121679e-02 3.27158570e-01
    9.81269479e-01 9.78338778e-01 7.59330928e-01 1.86307341e-01
    2.21575797e-02 7.87768841e-01 8.78116727e-01 5.51808417e-01
    4.60292995e-02 2.09037811e-01 3.84542525e-01 6.60321355e-01
    4.29395109e-01 2.64946431e-01 6.53005004e-01 4.24172163e-01
    6.54701591e-01 6.76874638e-01 5.13729751e-02 6.71976626e-01
    7.19749629e-02 7.77585983e-01 3.38939786e-01 8.15489590e-02
    6.69213772e-01 1.69064999e-01 2.34416902e-01 4.08098936e-01
    4.64583963e-01 5.10348737e-01 1.86353624e-02 1.99367255e-01
    4.79599059e-01 6.32388711e-01 6.43199503e-01 4.10638392e-01
    4.65582848e-01 9.69018340e-01 6.56364083e-01 2.80470729e-01
    4.28883106e-01 9.69939411e-01 9.24890399e-01 7.49955416e-01
    4.76721793e-01 7.16140032e-01 7.18361616e-01 8.05963099e-01
    5.39857507e-01 2.57168829e-01 6.56708479e-01 7.38868594e-01
    7.49743938e-01 8.83426011e-01 5.01333416e-01 7.41312802e-02
    2.47921884e-01 5.96952319e-01 1.74676180e-02 5.73583841e-01
    4.97479707e-01 8.44301939e-01 8.14269125e-01 5.47170937e-01
    4.50462431e-01 9.85109568e-01 5.66668212e-01 6.14042044e-01
    2.49048918e-01 9.58347917e-01 2.71920800e-01 5.17218053e-01
    1.40722066e-01 2.58350074e-02 5.61607778e-01 3.88922393e-01
    8.37077498e-02 7.48228073e-01 4.29815292e-01 8.42067838e-01
    8.65559280e-02 4.43197578e-01 9.99169827e-01 3.77654225e-01
    3.12655151e-01 5.38897097e-01 6.03836715e-01 3.16507936e-01
    8.79786611e-02 9.28981185e-01 8.83469820e-01 7.55641341e-01
    1.03975564e-01 1.99322641e-01 4.40681636e-01 1.25523329e-01
    2.08503336e-01 2.18180478e-01 3.26063752e-01 5.00581980e-01
    6.78625703e-03 9.54324126e-01 8.36059451e-01 6.29827857e-01
    2.16867149e-01 9.78525639e-01 5.61138034e-01 8.44504833e-01
    6.04844689e-01 8.87387514e-01 1.71974897e-02 7.10852802e-01
    5.97364128e-01 7.74746776e-01 4.32124794e-01 6.65993512e-01
    7.03946948e-01 9.19098735e-01 4.23309624e-01 5.77005982e-01
    6.43635750e-01 3.08474153e-01 6.33313835e-01 4.90699679e-01
    3.83080125e-01 3.66896659e-01 9.91194546e-01 5.93085051e-01
    4.20169890e-01 8.98922682e-02 3.55992019e-01 4.11947548e-01
    3.69902253e-01 4.72662926e-01 8.03213596e-01 9.23120141e-01
    5.68701625e-01 1.75394863e-01 4.35437262e-02 5.31230390e-01
    5.12820661e-01 2.42948443e-01 7.09227145e-01 7.61566162e-01
    8.47712934e-01 6.52562380e-02 1.51130795e-01 1.42957687e-01
    4.71172124e-01 2.46801108e-01 9.00393844e-01 3.13411176e-01
    5.13780117e-01 2.70616889e-01 2.05324501e-01 1.31201744e-03
    3.43349338e-01 2.35027879e-01 4.39831555e-01 2.71693945e-01
    2.36894041e-01 6.34231687e-01 6.25275373e-01 1.78503990e-01
    3.68492663e-01 3.07880640e-02 6.24020457e-01 6.68061078e-02
    8.56382489e-01 4.77305323e-01 1.74790829e-01 6.03721201e-01
    8.32458258e-01 1.26931697e-01 6.99067593e-01 2.64120311e-01
    2.31479049e-01 6.31541371e-01 5.13753295e-02 1.36534989e-01
    8.84341002e-01 3.76390100e-01 8.41096044e-01 9.27291512e-01
    8.11027765e-01 7.15502143e-01 3.56560618e-01 4.39863205e-01
    5.14836013e-02 6.64516866e-01 1.67397380e-01 5.26139379e-01
    9.50616598e-01 5.14755368e-01 6.29616201e-01 2.67717540e-01
    8.89590383e-01 7.36379325e-02 1.06600195e-01 9.39113557e-01
    5.28683603e-01 4.77352679e-01 1.26922816e-01 6.74223006e-01
    5.18476009e-01 9.65114117e-01 4.26950872e-01 8.08343112e-01
    9.32875872e-02 2.42472887e-01 3.01651478e-01 9.89097714e-01
    6.72653139e-01 2.57914364e-02 7.14138925e-01 1.07782632e-01
    3.13940048e-02 3.87668014e-02 8.55325162e-01 4.00939047e-01
    8.32974315e-01 9.08070385e-01 9.59047556e-01 5.40340483e-01
    8.37503195e-01 5.65125048e-01 3.14113736e-01 4.01753783e-02
    6.22227788e-01 8.01444054e-01 4.21528697e-01 8.18552732e-01
    2.50499755e-01 5.95007241e-01 1.86228156e-02 2.21850127e-01
    2.22902119e-01 5.54776073e-01 8.39611471e-01 4.60296422e-01
    8.37628186e-01 8.01960468e-01 9.63335276e-01 2.37134635e-01
    8.52554679e-01 9.38076973e-01 3.05495918e-01 8.45501184e-01
    4.74975973e-01 4.91619736e-01 9.27351952e-01 3.03979278e-01
    5.26069105e-01 6.43335462e-01 6.41560018e-01 7.37820923e-01
    9.77575898e-01 4.86522645e-01 5.96513629e-01 8.13055038e-01
    5.95729113e-01 3.35499018e-01 1.73726410e-01 1.93636686e-01
    2.32648253e-02 6.71460330e-01 4.89065945e-02 1.94957256e-02
    3.83159518e-01 7.51395464e-01 3.00025940e-01 1.31746590e-01
    2.59687066e-01 5.04868507e-01 9.61782336e-02 3.17441881e-01
    9.83461916e-01 4.39354300e-01 1.52621925e-01 2.21979320e-02
    8.37907553e-01 4.44024146e-01 2.70508945e-01 6.15371168e-02
    5.44741452e-01 6.12646103e-01 5.59069633e-01 9.21140432e-01
    9.55977976e-01 8.08412313e-01 1.77657306e-02 3.87525916e-01
    2.37217903e-01 2.58885741e-01 3.78682524e-01 3.36898625e-01
    1.59163356e-01 7.95451522e-01 9.84507799e-01 3.81628245e-01
    9.85477328e-01 9.80297387e-01 6.67587519e-01 1.74052626e-01
    1.40169621e-01 3.11522990e-01 9.02193546e-01 9.85148370e-01
    8.93392563e-01 5.46025336e-01 7.38797486e-02 8.20258796e-01
    3.18297684e-01 4.06496525e-02 3.93038213e-01 6.81841731e-01
    3.41815472e-01 2.80821621e-02 9.22084749e-01 4.62535739e-01
    8.27855527e-01 1.10888690e-01 7.19997346e-01 6.37138844e-01
    4.43922251e-01 8.83975387e-01 3.49463224e-01 5.88982463e-01
    6.33243442e-01 9.79190469e-01 6.33573651e-01 6.94750369e-01
    5.09730518e-01 9.62659240e-01 7.38056004e-02 1.13517433e-01
    8.98625314e-01 7.12500513e-02 4.44075912e-01 2.36199111e-01
    5.20183206e-01 9.25652564e-01 1.06746376e-01 2.87715793e-01
    8.04371476e-01 6.26998007e-01 1.00737721e-01 1.62127674e-01
    9.76101756e-01 9.96707678e-02 4.91560757e-01 1.25399232e-02
    2.56966770e-01 5.22261918e-01 8.65490556e-01 8.16839218e-01
    3.46410543e-01 4.03250992e-01 3.82336527e-01 2.87008643e-01
    7.58174658e-01 5.01520038e-02 6.87553108e-01 4.95569587e-01
    7.20213890e-01 9.79632616e-01 6.89804733e-01 3.45395982e-01
    5.80615759e-01 4.56503928e-02 4.84080195e-01 5.20874023e-01
    5.76632321e-02 5.31069577e-01 1.86821610e-01 6.83550477e-01
    1.47902936e-01 9.11572099e-01 2.95792401e-01 7.11042166e-01
    7.52765775e-01 9.00062740e-01 5.36353290e-02 7.08620906e-01
    1.22634768e-01 9.47613478e-01 7.36960590e-01 5.26644230e-01
    4.72729385e-01 5.48885822e-01 4.17992353e-01 9.89303470e-01
    5.13807118e-01 5.76951265e-01 3.04895669e-01 4.42405879e-01
    1.85287178e-01 2.57326305e-01 8.81806910e-02 4.62403059e-01
    7.91987658e-01 1.16310507e-01 5.77088416e-01 9.34347808e-01
    1.78753823e-01 6.56502962e-01 8.62342715e-01 2.56520092e-01
    7.61091948e-01 6.15018249e-01 9.82930303e-01 9.45549726e-01
    8.26627076e-01 2.29611278e-01 7.12986648e-01 3.35014880e-01
    6.60517871e-01 5.56583107e-01 1.15045935e-01 7.67506361e-01
    4.86929864e-01 1.51065558e-01 5.78509152e-01 4.23778474e-01
    1.48988843e-01 9.52902913e-01 9.33067739e-01 5.26028037e-01
    8.02962184e-01 3.75229120e-03 6.93181634e-01 1.24647498e-01
    6.31844461e-01 8.08387995e-01 5.87769806e-01 2.24126875e-01
    2.42217541e-01 1.43763274e-01 9.74907994e-01 2.03017622e-01
    4.77187991e-01 6.77929521e-01 9.92594004e-01 7.73757458e-01
    5.48675358e-01 5.64175844e-01 7.44585037e-01 7.09503293e-01
    2.49738306e-01 2.45636821e-01 6.08198762e-01 4.16186601e-01
    4.60026145e-01 1.19219929e-01 7.62429237e-02 9.62216377e-01
    8.85309696e-01 8.30354214e-01 6.07569635e-01 2.62510777e-02
    2.06801206e-01 3.88026893e-01 3.90191138e-01 2.84614801e-01
    6.38172805e-01 8.00445437e-01 4.50385809e-01 5.08567572e-01
    6.74917102e-01 1.27931148e-01 8.71562362e-01 5.82948983e-01
    8.45697522e-02 6.78936303e-01 7.21645057e-01 5.85324883e-01
    3.58022898e-01 5.64000666e-01 8.89694393e-02 1.21441483e-02
    7.24196732e-02 9.11396146e-01 8.63433123e-01 2.49510914e-01
    3.86947334e-01 8.11795950e-01 5.05353928e-01 3.70010167e-01
    3.05606067e-01 2.29336709e-01 6.76700354e-01 9.44796205e-01
    3.10359716e-01 4.82496291e-01 1.69465721e-01 2.75578707e-01
    1.75479114e-01 2.21300423e-02 5.35188138e-01 4.62476552e-01
    6.40841603e-01 4.81941819e-01 6.29266620e-01 2.13132232e-01
    7.98521817e-01 6.00622416e-01 6.69760942e-01 1.42922044e-01
    3.61904502e-01 6.98555589e-01 3.86960536e-01 8.97388756e-02
    8.71481180e-01 8.54375303e-01 7.68704236e-01 8.67969036e-01
    4.21099097e-01 5.15203178e-01 1.56926066e-01 8.40735078e-01
    7.03990877e-01 4.26669478e-01 5.75843453e-03 8.20555449e-01
    9.77835655e-01 6.02250636e-01 7.60689437e-01 1.43148601e-01
    9.31002140e-01 3.56757760e-01 1.78971648e-01 3.91376317e-01
    7.60529816e-01 7.31429577e-01 9.64857578e-01 8.49497199e-01
    4.06566262e-01 2.38454163e-01 2.15346217e-01 1.58250839e-01
    7.55367517e-01 3.83353561e-01 9.37962294e-01 6.10630453e-01
    7.89217055e-02 6.06634140e-01 1.99531376e-01 1.62508845e-01
    5.35277188e-01 6.74508989e-01 8.92141342e-01 9.87493992e-03
    3.41832399e-01 6.67327642e-01 5.76649725e-01 1.94013119e-03
    9.94845986e-01 2.83155710e-01 2.81575739e-01 8.10456216e-01
    8.91493499e-01 9.83893633e-01 1.86144590e-01 8.22784722e-01
    1.28258824e-01 7.98626661e-01 5.87938428e-02 4.93876129e-01
    9.19273317e-01 8.21278930e-01 9.88602459e-01 3.41688454e-01
    4.37108099e-01 4.16669935e-01 3.34098935e-01 3.39831114e-02
    5.42388737e-01 8.81107569e-01 1.78270191e-01 1.74786031e-01
    2.92697072e-01 4.39369947e-01 4.79078978e-01 8.44236612e-01
    4.53669012e-01 4.98518497e-01 8.67573261e-01 5.15026271e-01
    3.27865183e-02 7.41974294e-01 2.99317896e-01 3.69643569e-01
    1.19948745e-01 5.18423378e-01 3.20307612e-02 7.23960400e-01
    9.88552034e-01 9.84827280e-01 2.53653407e-01 7.43646681e-01
    6.02325201e-01 4.69769567e-01 8.78193676e-02 4.74460721e-01
    2.13285804e-01 3.00439119e-01 1.57636136e-01 7.73060024e-01
    7.28611946e-01 7.32488632e-02 5.88616610e-01 1.75106347e-01
    6.52815938e-01 3.57391298e-01 9.67391729e-02 3.84099424e-01
    5.51941335e-01 7.90619314e-01 2.70375490e-01 9.89620686e-02
    6.00457966e-01 6.98149204e-04 6.72585487e-01 6.40006959e-01
    2.17763186e-02 5.73309243e-01 5.14369309e-01 6.75779402e-01
    6.27611160e-01 8.17117274e-01 7.99893498e-01 5.63001394e-01
    6.04569316e-01 3.45686555e-01 2.99626350e-01 5.53703785e-01
    1.39948815e-01 1.24920040e-01 6.02183580e-01 4.37913269e-01
    7.74072647e-01 9.89805579e-01 6.84674978e-01 2.67416239e-04
    9.83390093e-01 3.76127720e-01 3.75096560e-01 6.74551010e-01
    3.60881627e-01 4.89220172e-01 8.88066649e-01 6.38212502e-01
    4.69325483e-02 1.34421259e-01 8.84756565e-01 4.34569955e-01
    6.63539529e-01 9.22978282e-01 7.12817907e-01 3.06263745e-01
    3.94701034e-01 4.53817546e-02 5.62196016e-01 9.31107759e-01
    5.42052031e-01 4.53902125e-01 4.27494645e-02 3.71634662e-02
    9.92590308e-01 1.09058172e-01 4.41365361e-01 3.13223511e-01
    2.42153913e-01 3.67437989e-01 8.73633921e-02 6.81093693e-01
    3.23736966e-02 6.88189149e-01 7.01206386e-01 9.50492918e-01
    5.62978685e-02 9.09304500e-01 9.60235178e-01 8.84784341e-01
    7.96979904e-01 5.98343134e-01 7.67831504e-01 6.11734748e-01
    6.22926116e-01 7.22109020e-01 1.28994167e-01 9.19610381e-01
    4.64889854e-01 8.04569304e-01 8.45290899e-01 7.41058290e-01
    9.55998659e-01 6.41551793e-01 9.92661595e-01 9.78758276e-01
    4.94007170e-02 9.94275749e-01 7.95295715e-01 9.21013892e-01
    1.58985078e-01 8.05707097e-01 2.32598513e-01 3.07137042e-01
    2.57608265e-01 1.08624578e-01 6.77728176e-01 2.53227472e-01
    4.85386074e-01 1.36643082e-01 6.69925570e-01 9.38632071e-01
    6.17869675e-01 2.67836869e-01 1.58047080e-01 6.12289786e-01
    5.47355831e-01 6.29368186e-01 7.73472071e-01 1.80682003e-01
    3.65733474e-01 2.62732804e-02 9.63543892e-01 4.64376897e-01
    9.59501386e-01 3.69620800e-01 8.43935728e-01 4.06037897e-01
    3.66784334e-02 9.15042758e-01 6.69340312e-01 3.70116353e-01
    8.44751000e-01 1.76860571e-01 9.50305581e-01 2.39298046e-02
    4.45958853e-01 4.60494697e-01 2.29680240e-02 5.27066231e-01
    7.05059111e-01 7.57265091e-01 7.57489800e-01 6.41562939e-01
    8.62701774e-01 5.41135669e-01 6.79870784e-01 9.34683323e-01
    6.20147765e-01 5.46121180e-01 2.61190951e-01 4.07289237e-01
    1.74765170e-01 7.29907930e-01 1.39572054e-01 3.65826041e-01
    8.80314231e-01 8.70147228e-01 3.08040649e-01 4.15723264e-01
    2.90621996e-01 1.60710424e-01 6.62635565e-02 8.25160563e-01
    6.06524944e-01 6.44652605e-01 9.87954617e-01 6.49873495e-01
    3.93004298e-01 2.65595317e-01 7.69963562e-02 6.81520939e-01
    1.21593475e-04 2.14114010e-01 5.55067122e-01 4.02950257e-01
    7.47391701e-01 8.33033204e-01 8.83819759e-02 4.53856200e-01
    8.23191404e-01 5.22666693e-01 8.70946348e-01 4.20643955e-01
    8.67134333e-01 9.85022962e-01 8.07029903e-01 4.94029224e-01
    8.90751481e-01 4.81080562e-01 9.21285331e-01 5.37481725e-01
    7.79156685e-01 5.56622505e-01 2.02473938e-01 8.74645591e-01
    1.87547565e-01 8.41202974e-01 3.08866978e-01 3.30981225e-01
    7.33031690e-01 4.46693003e-02 3.88583899e-01 4.35156405e-01
    4.59838450e-01 3.36724937e-01 3.55600238e-01 2.32707769e-01
    5.77813983e-01 2.93887287e-01 8.88365388e-01 4.44217414e-01
    4.50418949e-01 2.27835983e-01 1.93995118e-01 3.81978393e-01
    4.39830959e-01 2.42308289e-01 4.53963041e-01 1.70056224e-02
    7.04409480e-01 7.23696947e-02 2.78348625e-02 8.92884254e-01
    1.04451716e-01 4.47148412e-01 7.80243993e-01 4.59178627e-01
    6.54104114e-01 8.33693743e-02 8.36511135e-01 8.28846693e-01
    5.66749811e-01 2.52681047e-01 4.90191758e-01 2.29951531e-01
    9.60820079e-01 5.16623795e-01 4.59791988e-01 9.53412235e-01
    4.98453975e-02 4.08244103e-01 1.16852999e-01 9.63262081e-01
    5.49590290e-02 2.49219805e-01 7.85493851e-01 3.32261086e-01
    2.85869449e-01 2.99802125e-01 6.20842099e-01 7.65909314e-01
    3.51792574e-01 6.96208358e-01 2.06391305e-01 4.70323265e-01
    7.98590183e-01 7.00839400e-01 2.19327629e-01 2.38952070e-01
    3.72247547e-01 3.21607590e-02 4.26277786e-01 8.86462986e-01
    3.98828894e-01 2.71952629e-01 6.47933125e-01 6.50473177e-01
    3.08360368e-01 5.98002434e-01 2.59906381e-01 2.90687323e-01
    2.02958256e-01 1.08292788e-01 5.44336379e-01 7.83889651e-01
    5.46762943e-01 7.44035006e-01 6.37901127e-01 3.30074370e-01
    1.39557093e-01 8.89819622e-01 1.45874351e-01 5.79086185e-01
    8.17536116e-01 8.85582626e-01 5.62040210e-01 3.22115332e-01
    7.46110082e-03 8.02630961e-01 1.66415751e-01 4.58203435e-01
    9.65065718e-01 3.73168707e-01 1.96489125e-01 6.60493791e-01
    5.68203568e-01 4.79382426e-01 7.07080483e-01 8.78444314e-03
    1.36667848e-01 5.73373735e-02 7.81891346e-02 6.67944551e-01
    1.79797083e-01 6.20230556e-01 8.28909218e-01 6.98280692e-01
    9.44949031e-01 5.22862673e-01 5.07154047e-01 3.08234125e-01
    9.71807301e-01 7.98082709e-01 7.18400836e-01 9.27951932e-01
    3.10494155e-01 8.47647071e-01 3.62141848e-01 7.07640588e-01
    3.69755268e-01 1.34604394e-01 1.47762120e-01 3.81566525e-01
    5.36865890e-01 5.45694172e-01 1.86371654e-01 1.94731861e-01
    3.17863703e-01 1.68064892e-01 7.53270745e-01 8.54729712e-02
    8.65389407e-01 8.85221660e-02 1.25325948e-01 9.53445554e-01
    3.79614174e-01 3.81545633e-01 8.85307789e-01 9.83073711e-02
    6.56569660e-01 1.84728980e-01 4.92414683e-01 5.30036867e-01
    6.06767297e-01 8.86400342e-02 2.11863965e-01 6.75899148e-01
    7.71975756e-01 4.40246046e-01 1.52123690e-01 7.77675152e-01
    8.04075837e-01 3.44881386e-01 8.43204856e-01 9.17509675e-01
    1.82796717e-02 8.00250888e-01 5.77637553e-03 3.76804441e-01
    5.48169792e-01 8.74125242e-01 8.68183255e-01 2.36550599e-01
    3.29810202e-01 9.70806360e-01 7.58525848e-01 5.98363936e-01
    8.14903498e-01 2.66175449e-01 6.99803591e-01 1.27429664e-01
    6.56565130e-02 6.07203484e-01 7.94497192e-01 9.90258753e-01
    7.00616241e-01 2.55074412e-01 2.83594251e-01 9.53683734e-01
    1.12612784e-01 7.58434951e-01 6.24163032e-01 2.81084448e-01
    7.35029876e-02 7.27566361e-01 3.95755947e-01 2.97411323e-01
    2.57918358e-01 8.41406405e-01 4.25912619e-01 3.25700879e-01
    1.32243276e-01 6.99234366e-01 2.83952892e-01 9.21314597e-01
    1.38817132e-02 7.53365636e-01 6.09593213e-01 7.74130404e-01
    3.53369087e-01 3.67671669e-01 3.23488981e-01 4.25856709e-01
    9.64353323e-01 8.70414674e-02 7.95432210e-01 7.58472562e-01
    7.97583580e-01 1.57052517e-01 8.00172806e-01 6.50699496e-01
    5.17858803e-01 4.12830472e-01 7.23857939e-01 2.73312628e-01
    5.98586440e-01 3.50226849e-01 8.67321253e-01 1.66988939e-01
    7.37226486e-01 3.07801723e-01 5.50341368e-01 4.18745279e-02
    3.84634316e-01 3.23339939e-01 5.78632951e-01 7.44551599e-01
    4.52407390e-01 7.13598311e-01 1.98678255e-01 7.19644368e-01
    1.93680733e-01 2.91126341e-01 4.18206662e-01 8.53595018e-01
    8.67971539e-01 2.34602779e-01 3.61723065e-01 2.30024785e-01
    4.76523727e-01 9.06512141e-01 2.31159389e-01 6.22259140e-01
    7.87819624e-02 2.58145869e-01 8.57349098e-01 6.19012952e-01
    7.99192190e-02 2.25309491e-01 1.77051783e-01 5.44555008e-01
    1.26815736e-01 4.62158829e-01 2.96383142e-01 5.59935331e-01
    4.04356420e-01 3.07036281e-01 9.09870803e-01 1.18784010e-01
    8.34573865e-01 1.50687873e-01 5.13851225e-01 5.46431839e-02
    5.10436893e-01 4.65460151e-01 7.94930875e-01 8.49832892e-01
    6.91053569e-01 8.27466249e-01 3.16636384e-01 1.66751117e-01
    7.73542583e-01 1.35945231e-01 7.48817503e-01 3.52148354e-01
    8.14706087e-01 8.66248369e-01 3.30996066e-01 7.44138181e-01
    9.12401438e-01 3.46288651e-01 4.16976482e-01 6.47420108e-01
    3.82616401e-01 7.30946600e-01 9.83470321e-01 1.19369864e-01
    4.02509689e-01 3.97046983e-01 3.46024245e-01 8.44426453e-01
    8.86563063e-01 3.77632082e-01 7.35024452e-01 5.08335710e-01
    9.49314535e-01 2.94459879e-01 6.84694409e-01 4.68488991e-01
    8.93142760e-01 2.15474457e-01 8.78591895e-01 3.83484840e-01
    9.51147676e-01 3.25357616e-01 7.13519752e-01 3.69404793e-01
    4.05469060e-01 6.19088650e-01 5.83887279e-01 1.82209283e-01
    8.08203697e-01 1.93134129e-01 2.30469108e-01 2.65957147e-01
    3.10161710e-01 3.08128268e-01 3.66803408e-01 1.17919445e-01
    7.07069516e-01 1.34480298e-02 5.17632842e-01 8.51237059e-01
    5.06624043e-01 7.40940750e-01 2.28127450e-01 4.14749742e-01
    1.72732651e-01 1.04968429e-01 3.26437235e-01 3.55980992e-02
    2.09152669e-01 2.07704753e-01 3.73133153e-01 7.34082341e-01
    6.79516733e-01 1.95538402e-01 4.73986328e-01 1.74907386e-01
    7.31448472e-01 1.02105439e-02 9.64377761e-01 2.88859785e-01
    2.20974833e-01 8.31322193e-01 6.78333819e-01 2.01827884e-02
    2.25483626e-01 4.27910686e-02 9.17809308e-01 7.40685761e-02
    3.53058040e-01 2.59465814e-01 2.14831680e-01 3.96980703e-01
    4.65917230e-01 5.05494714e-01 2.41597027e-01 4.51897323e-01
    8.00618529e-01 5.59506655e-01 7.84626961e-01 5.23750126e-01
    2.44188279e-01 3.33091378e-01 5.67027509e-01 1.22549236e-01
    2.23300755e-01 3.48311961e-01 6.40090227e-01 7.29920268e-01
    3.28890622e-01 3.37526500e-02 1.10835195e-01 4.53943342e-01
    2.44541466e-02 9.63818431e-01 5.38078547e-01 8.75923634e-02
    4.45003420e-01 4.75855172e-01 7.01795816e-01 3.10767204e-01
    8.77185166e-02 1.00793332e-01 1.08854443e-01 5.35345197e-01
    5.33422112e-01 1.26181722e-01 3.75177860e-01 8.92802835e-01
    2.43843079e-01 1.71331286e-01 9.85405982e-01 7.86900640e-01
    5.91266632e-01 4.72119421e-01 4.74252790e-01 9.97052670e-01
    2.44611204e-02 7.64425516e-01 9.22387660e-01 6.56432569e-01
    1.57985270e-01 2.81997710e-01 5.16250193e-01 7.84651279e-01
    8.67355466e-01 6.54946208e-01 3.78272533e-02 7.96023607e-01
    4.43215996e-01 9.85775650e-01 6.12812042e-02 4.18970764e-01
    2.86430776e-01 2.05658317e-01 3.94481510e-01 8.35700154e-01
    4.30015296e-01 6.75151348e-02 1.76261932e-01 8.61321509e-01
    8.75093400e-01 3.54431480e-01 2.00453222e-01 9.21440482e-01
    1.79430574e-01 9.50772405e-01 2.07283556e-01 6.05116367e-01
    1.88680857e-01 2.06216067e-01 6.56838894e-01 8.43955576e-02
    4.29238588e-01 7.18610585e-02 5.19854546e-01 8.95131111e-01
    7.26342261e-01 2.48440474e-01 6.99453056e-01 8.84860158e-01
    8.95295262e-01 3.14810723e-01 9.50837731e-02 6.10750854e-01
    3.94652396e-01 4.16794777e-01 5.36801338e-01 7.60794938e-01
    6.74250007e-01 9.91367459e-01 8.02800536e-01 6.77118778e-01
    6.25187337e-01 5.97737849e-01 4.78309095e-01 8.68828773e-01
    5.98204672e-01 1.70650482e-01 1.83109522e-01 5.05434930e-01
    8.28880668e-01 4.70710784e-01 3.88280958e-01 5.16518950e-01
    3.83517444e-02 3.71507525e-01 8.47588241e-01 5.47342122e-01
    7.54313707e-01 2.55606443e-01 9.35321748e-02 8.44301641e-01
    2.49769837e-01 9.04470444e-01 7.06850052e-01 2.72384465e-01
    9.98691678e-01 4.39114898e-01 2.38752604e-01 5.80347836e-01
    8.09170902e-01 2.22739547e-01 7.21200347e-01 2.75762349e-01
    8.53283763e-01 1.32387280e-01 2.11123616e-01 5.50147593e-01
    4.09673840e-01 6.89680636e-01 4.91137147e-01 4.63847458e-01
    5.74915409e-01 6.99834645e-01 9.74765599e-01 8.82878184e-01
    3.75973135e-01 5.06489336e-01 2.37268001e-01 7.89048553e-01
    1.69343531e-01 6.49556398e-01 9.71650183e-02 4.40838814e-01
    9.30472314e-01 4.99185145e-01 2.12104082e-01 1.57609493e-01
    6.75537229e-01 1.12599194e-01 3.99508417e-01 7.37620115e-01
    9.27120328e-01 3.46292436e-01 9.35994089e-02 9.57430303e-01
    1.78819954e-01 9.16659832e-04 5.89845479e-01 9.44933534e-01
    8.56051922e-01 9.62287724e-01 5.42127192e-01 4.15179312e-01
    6.00149930e-01 8.38291764e-01 1.90556377e-01 2.66699791e-01
    7.30160475e-01 4.50091958e-01 9.32295918e-01 9.85437036e-01
    1.60275847e-01 9.38089609e-01 4.02318358e-01 4.38262194e-01
    5.83962202e-02 1.89998448e-01 7.73853064e-01 6.62883520e-01
    9.89930391e-01 3.37536335e-01 9.66946661e-01 5.60675979e-01
    3.98910999e-01 5.16396880e-01 1.95283681e-01 7.22409248e-01
    7.80053139e-01 3.80862474e-01 2.88735092e-01 9.08470988e-01
    2.22209156e-01 9.27993238e-01 4.76796567e-01 2.38006890e-01
    4.38816071e-01 3.75200152e-01 4.67116356e-01 7.68796802e-01
    6.56884968e-01 1.79324746e-01 8.27345073e-01 1.35344326e-01
    9.64532852e-01 8.60022902e-01 8.55444551e-01 5.74031472e-01
    7.96432614e-01 2.64568329e-02 9.70874071e-01 4.40104663e-01
    6.02060020e-01 3.06376576e-01 8.20465803e-01 6.25211835e-01
    6.24184012e-01 5.81388891e-01 9.12502766e-01 6.96958244e-01
    1.89470649e-02 4.43143636e-01 1.25662595e-01 8.61025393e-01
    2.40697563e-01 4.36386466e-01 9.57084835e-01 8.93467963e-02
    4.04324502e-01 5.92017651e-01 6.52493000e-01 5.67742288e-01
    3.78589779e-01 4.22972560e-01 2.11510718e-01 5.58033586e-02
    7.85349369e-01 7.09337175e-01 7.56646454e-01 2.17762589e-02
    4.40147251e-01 8.09434891e-01 9.25732851e-02 9.44949269e-01
    3.49876761e-01 3.79283339e-01 6.15635991e-01 3.98880392e-01
    3.94259691e-01 2.88644195e-01 7.78131008e-01 1.93280697e-01
    7.29476035e-01 5.24078250e-01 5.88489115e-01 5.27011871e-01
    4.66672629e-01 9.84901905e-01 5.95578134e-01 6.84159636e-01
    4.62715149e-01 3.13378334e-01 6.00457072e-01 9.47453082e-01
    1.95505738e-01 4.99861419e-01 3.10532957e-01 7.69273937e-02
    6.99725926e-01 8.62403274e-01 9.20302689e-01 6.80472970e-01
    3.77058089e-02 9.63600874e-01 4.92645770e-01 5.22321343e-01
    1.39216185e-01 9.29923654e-01 7.00155020e-01 7.40806580e-01
    6.66681767e-01 7.60707617e-01 6.61906362e-01 4.38539743e-01
    9.50873017e-01 8.39688182e-01 5.57445288e-02 6.83000386e-02
    3.07138026e-01 2.74615526e-01 8.02085221e-01 6.89523995e-01
    2.25044101e-01 3.96596879e-01 5.99013865e-01 1.63449943e-01
    2.65956789e-01 1.13674998e-03 6.53521061e-01 8.37293088e-01
    8.64701152e-01 4.22874153e-01 9.78618383e-01 9.76339638e-01
    6.01002455e-01 2.99580902e-01 6.07489347e-01 4.95629013e-02
    2.46899515e-01 2.56400675e-01 2.10871041e-01 4.44361418e-01
    4.30330515e-01 8.75681281e-01 1.58460915e-01 2.00540245e-01
    5.97380757e-01 1.81312352e-01 3.18003118e-01 8.79108548e-01
    7.83988774e-01 1.22980654e-01 2.34375566e-01 3.14251900e-01
    5.47290146e-01 7.79839635e-01 2.57103562e-01 1.22707546e-01
    3.19957733e-01 9.27613616e-01 3.95194471e-01 8.39971960e-01
    7.60257244e-05 3.47650886e-01 2.07330674e-01 1.14710510e-01
    9.70649719e-01 5.87397516e-02 1.97486579e-02 1.35204494e-02
    2.96147853e-01 4.61348861e-01 5.14439881e-01 8.51952791e-01
    4.27824557e-02 9.26082850e-01 6.82097733e-01 6.26879096e-01
    3.78327608e-01 2.99694359e-01 4.63344991e-01 8.68093550e-01
    3.93184423e-02 4.92911309e-01 1.60394907e-01 7.47235358e-01
    9.47632313e-01 4.00112092e-01 6.51185572e-01 6.24296367e-01
    8.30469012e-01 3.02190930e-01 2.94718713e-01 8.26823354e-01
    2.93417931e-01 8.18102062e-01 1.04247063e-01 4.04676318e-01
    1.23726636e-01 1.31900758e-01 4.88688827e-01 1.47951126e-01
    5.16882479e-01 8.22850227e-01 3.58198404e-01 5.64995885e-01
    6.51419759e-01 8.06463718e-01 9.24685597e-01 8.82667661e-01
    2.44250208e-01 3.67994547e-01 7.36706376e-01 9.02453423e-01
    4.03339952e-01 1.77109241e-02 9.88843143e-01 3.89304608e-01
    5.39399326e-01 2.12928623e-01 8.62528801e-01 3.60551059e-01
    1.81817949e-01 6.08782470e-01 7.54721999e-01 7.17375040e-01
    1.80477560e-01 5.72519004e-02 9.92581606e-01 3.69218171e-01
    5.17115116e-01 4.85946834e-02 2.75503397e-01 4.22708869e-01
    2.82548875e-01 7.09190071e-01 9.05029178e-02 7.43482351e-01
    3.72596741e-01 4.78500217e-01 6.56395197e-01 3.28480065e-01
    4.89729971e-01 3.78323913e-01 3.90563607e-01 1.22132897e-02
    9.19084370e-01 1.13348693e-01 2.04892874e-01 5.12612462e-01
    8.60649765e-01 4.81310070e-01 5.69566011e-01 7.28166401e-01
    6.10814691e-02 7.77363896e-01 5.11345565e-01 9.33619022e-01
    4.38436657e-01 1.01364017e-01 2.05269426e-01 8.98114085e-01
    2.70732015e-01 7.98064828e-01 2.08636761e-01 6.49547577e-01
    4.01556313e-01 6.79043889e-01 1.10081583e-01 6.05431378e-01
    7.16283560e-01 6.83591366e-01 2.19517112e-01 9.05507565e-01
    1.26391530e-01 2.73858011e-01 9.39099789e-01 9.75982666e-01
    2.29239941e-01 6.75683618e-02 1.53367013e-01 3.92640531e-01
    7.09578037e-01 9.78448749e-01 2.68729627e-02 9.85149860e-01
    5.34192026e-01 6.03835642e-01 9.42565203e-01 9.30908322e-01
    4.26021397e-01 8.67596567e-01 3.52453887e-01 6.06518805e-01
    5.28196156e-01 7.23269939e-01 2.14431942e-01 7.67223001e-01
    7.43845642e-01 7.31498003e-04 5.90875387e-01 3.70194256e-01
    1.15139991e-01 7.93258786e-01 6.92271411e-01 6.85192287e-01
    3.44805360e-01 1.80332273e-01 3.39888602e-01 6.37974262e-01
    9.91054654e-01 4.86839235e-01 6.61899149e-02 6.52107954e-01
    2.01988578e-01 9.63598013e-01 2.81054854e-01 3.77948403e-01
    6.69929445e-01 9.34509873e-01 7.79899299e-01 7.88664103e-01
    7.29684234e-01 7.77606010e-01 8.63829851e-01 5.43156266e-01
    6.40731633e-01 4.28859144e-01 3.27852309e-01 4.65969205e-01
    6.53486013e-01 8.48410845e-01 4.99440730e-01 1.66786134e-01
    7.22892284e-01 6.48563623e-01 1.04346603e-01 5.87815881e-01
    2.07915008e-01 4.09777641e-01 3.81499290e-01 4.31311607e-01
    2.69999027e-01 9.09855187e-01 4.22346771e-01 5.45439482e-01
    1.19197845e-01 2.70683587e-01 2.86992610e-01 8.63138080e-01
    8.16401124e-01 1.48807079e-01 5.96070111e-01 3.94798726e-01
    2.41132081e-01 5.09674251e-01 6.33611441e-01 1.59767509e-01
    4.13439751e-01 7.88251162e-01 7.53801346e-01 5.93741894e-01
    1.00188494e-01 3.02708447e-01 2.36310810e-01 9.08275247e-01
    6.67259574e-01 7.82355487e-01 5.30121088e-01 5.65730035e-02
    7.77961612e-01 3.07877541e-01 4.22228724e-01 9.55312252e-02
    6.96708679e-01 2.90739298e-01 2.05620527e-01 8.11455131e-01
    4.61084813e-01 6.08666778e-01 5.75706542e-01 7.85508990e-01
    2.50470042e-02 5.11430562e-01 8.06912720e-01 3.94161224e-01
    8.23280692e-01 8.29257190e-01 7.45417237e-01 8.43212605e-02
    2.67884851e-01 3.87280703e-01 5.62390268e-01 6.29193366e-01
    1.62594914e-02 4.75830257e-01 5.74512243e-01 4.84165162e-01
    2.98763305e-01 4.59595054e-01 1.41201347e-01 4.76297438e-01
    6.97276056e-01 7.35450268e-01 3.44116896e-01 8.43279719e-01
    8.46036732e-01 7.27095127e-01 8.18955958e-01 6.20016873e-01
    2.65034139e-02 1.81950599e-01 5.12735307e-01 7.89511800e-01
    3.06790650e-01 7.80830264e-01 1.86138421e-01 5.14231980e-01
    4.24814850e-01 1.98879629e-01 6.41209245e-01 7.57254422e-01
    4.18416262e-02 5.43946624e-01 5.41732192e-01 7.03429878e-01
    7.69628048e-01 3.22018087e-01 9.38432395e-01 1.68590337e-01
    8.63432884e-02 4.60733682e-01 6.89284623e-01 9.08165336e-01
    3.41261715e-01 9.34847295e-01 6.38758361e-01 8.40941191e-01
    6.35474265e-01 4.53047723e-01 3.84377599e-01 1.97291851e-01
    8.66618097e-01 9.01768208e-01 7.35526264e-01 8.45072031e-01
    6.19416475e-01 1.58493519e-02 9.08556819e-01 7.16711044e-01
    7.37117767e-01 5.39857805e-01 4.58048135e-01 2.52357364e-01
    5.22415102e-01 8.73340845e-01 8.46378505e-01 2.18958318e-01
    3.71795326e-01 2.81144559e-01 5.38614094e-02 4.55778658e-01
    3.41787100e-01 9.81855154e-01 7.15323865e-01 1.78691208e-01
    1.31618977e-03 4.99124050e-01 3.96867394e-01 8.93145800e-01
    4.40096468e-01 2.80964673e-02 2.01654732e-01 5.84301233e-01
    2.90140510e-03 5.54853380e-01 8.02868247e-01 8.05610240e-01
    9.83437777e-01 4.18077409e-01 1.09047443e-01 1.04044646e-01
    5.76747954e-01 9.93891656e-01 4.24315333e-02 1.68353975e-01
    5.22347093e-01 7.58471727e-01 1.29535586e-01 3.46459448e-01
    3.83163780e-01 7.41262317e-01 5.73136985e-01 5.73817253e-01
    4.78343904e-01 1.43437088e-01 2.77222663e-01 5.23839414e-01
    4.52409387e-01 2.47242481e-01 2.76510417e-01 1.10552639e-01
    6.87537491e-02 3.91082764e-02 6.94953322e-01 4.25860286e-01
    3.30945015e-01 1.82867199e-01 1.72295839e-01 2.17600673e-01
    3.19968075e-01 5.83414912e-01 3.52916211e-01 8.49248052e-01
    4.34060425e-01 8.27974737e-01 2.62257397e-01 2.52621174e-01
    2.21576393e-02 4.02507424e-01 5.88958502e-01 2.67280459e-01
    1.62279218e-01 4.30297375e-01 2.06325293e-01 6.27906919e-01
    9.81849730e-02 2.23378569e-01 1.18726939e-01 6.33541405e-01
    5.54678142e-02 8.79819334e-01 2.21964419e-01 5.68664551e-01
    3.90995651e-01 2.04985082e-01 5.85139632e-01 4.22573000e-01
    1.96903050e-01 9.59494948e-01 1.89217210e-01 8.04180026e-01
    5.91063559e-01 2.62149364e-01 9.06440258e-01 5.36825836e-01
    6.04906082e-01 6.53759480e-01 6.60278678e-01 4.25779223e-02
    9.32357788e-01 5.14037907e-01 9.78285313e-01 3.82951379e-01
    5.61419308e-01 5.95006049e-01 5.50392151e-01 7.32051075e-01
    5.08450687e-01 6.07361555e-01 2.32306987e-01 3.81736338e-01
    2.59382129e-01 8.46195698e-01 7.04181194e-02 3.85685384e-01
    9.19820428e-01 6.33762836e-01 5.36008596e-01 4.29462850e-01
    3.97363961e-01 5.00100434e-01 8.25483918e-01 1.35422826e-01
    1.80935323e-01 3.70940298e-01 8.67176533e-01 9.11368906e-01
    7.84820080e-01 7.13374615e-01 3.48431438e-01 8.64104867e-01
    8.43494713e-01 3.44266772e-01 4.58555609e-01 2.02321887e-01
    6.86373532e-01 2.64966667e-01 5.11181176e-01 9.37921703e-01
    1.76838547e-01 6.40800416e-01 6.28736556e-01 9.35030460e-01
    5.25223613e-02 8.54274333e-01 1.36721075e-01 3.22904646e-01
    4.12270069e-01 1.57903731e-01 4.97581065e-02 6.86242163e-01
    3.35111946e-01 1.33151472e-01 6.75873756e-01 4.60864931e-01
    6.08229160e-01 7.19061673e-01 6.11003757e-01 4.98093247e-01
    5.72692931e-01 4.95978236e-01 4.01127338e-01 4.57285821e-01
    7.68457413e-01 1.82358086e-01 9.51953650e-01 1.53157800e-01
    3.63495350e-02 7.79961467e-01 7.14104712e-01 4.72936988e-01
    8.66889358e-01 8.08623195e-01 5.02167702e-01 1.22649252e-01
    3.39378208e-01 3.78848910e-02 5.29670000e-01 7.60419726e-01
    8.44662070e-01 7.70016253e-01 6.55208290e-01 7.79596150e-01
    3.19425941e-01 7.66212404e-01 3.40733171e-01 4.02418047e-01
    2.19895750e-01 1.19437426e-01 4.43418592e-01 1.91777945e-04
    9.02798951e-01 9.97891426e-01 2.26980895e-01 9.95193720e-02
    7.55659461e-01 4.62925404e-01 2.63473034e-01 1.35690033e-01
    4.96257335e-01 1.15067035e-01 9.98439789e-01 8.16458285e-01
    2.45310158e-01 2.19973236e-01 6.11280859e-01 4.31098580e-01
    6.68127835e-02 9.17869925e-01 1.24928653e-01 4.38292623e-01
    5.55135369e-01 7.04067230e-01 8.76770496e-01 3.63696724e-01
    1.85659766e-01 6.27201259e-01 5.93438148e-01 5.93800247e-02
    8.50465655e-01 8.31321478e-01 8.60589147e-01 6.12055719e-01
    6.14714861e-01 2.85531521e-01 6.26600623e-01 5.62269986e-02
    8.89420033e-01 8.50165129e-01 7.52401650e-01 6.32220864e-01
    7.09382594e-01 1.94962233e-01 8.77460599e-01 2.45962918e-01
    1.64313614e-02 3.15387368e-01 1.21706426e-01 3.89481872e-01
    8.62376094e-01 4.43718761e-01 3.86028856e-01 7.12425530e-01
    9.55499887e-01 2.60417253e-01 2.23585039e-01 1.32398784e-01
    1.76940680e-01 6.77874267e-01 3.50660801e-01 7.55298853e-01
    8.43155503e-01 8.14061821e-01 1.03441775e-01 1.03580266e-01
    7.23950863e-01 1.65132880e-02 5.37221253e-01 4.12504047e-01
    8.84783030e-01 5.15030622e-01 8.21141899e-01 8.68259490e-01
    4.75575864e-01 8.05748105e-01 1.32077634e-01 3.41085106e-01
    4.38566446e-01 8.02638233e-02 1.84762955e-01 4.92350817e-01
    8.70120525e-03 2.40289629e-01 2.72694081e-01 4.57043767e-01
    2.09658623e-01 6.52737617e-01 2.21671939e-01 2.90992796e-01
    3.21026534e-01 1.79178119e-02 5.26888847e-01 9.50917184e-01
    2.78174937e-01 4.71104413e-01 6.43772364e-01 4.99039829e-01
    5.46391666e-01 7.65792131e-02 2.11589426e-01 4.68942374e-01
    6.58507466e-01 9.13051903e-01 2.28839815e-01 5.31577587e-01
    9.62486267e-01 3.30060571e-01 1.63378149e-01 3.41007322e-01
    6.16983414e-01 5.33924878e-01 6.31438255e-01 8.68943095e-01
    2.56006330e-01 3.25174868e-01 7.31856823e-01 9.81407583e-01
    3.44033360e-01 4.28825647e-01 7.95299530e-01 2.52359122e-01
    1.85418576e-01 5.84404051e-01 1.03052229e-01 6.58620834e-01
    6.82580888e-01 1.80159330e-01 9.98695850e-01 8.34112048e-01
    2.20886678e-01 3.11865509e-02 9.66352522e-01 6.83058739e-01
    7.98127472e-01 5.68751335e-01 7.22044408e-02 1.67918116e-01
    8.49054933e-01 8.63828063e-01 9.40694571e-01 7.43113518e-01
    2.00544029e-01 2.21022367e-01 6.04317725e-01 7.53705859e-01
    1.79520935e-01 4.90356684e-01 8.88271987e-01 8.47063422e-01
    3.40972334e-01 9.66132402e-01 3.36728752e-01 5.53379059e-02
    8.70495737e-02 7.98863649e-01 3.85969281e-02 5.33059478e-01
    9.60667133e-02 7.72230923e-02 5.88114142e-01 3.53620142e-01
    1.29688799e-01 7.85826921e-01 6.80151105e-01 7.48968840e-01
    1.86825395e-01 1.00955516e-01 4.85166728e-01 6.51960731e-01
    5.06532371e-01 7.02313900e-01 8.58663321e-01 7.98464239e-01
    5.85965872e-01 2.15688050e-02 3.32800984e-01 7.83165395e-02
    9.18136358e-01 8.68381500e-01 3.90722960e-01 7.02237785e-01
    7.35848069e-01 7.46012688e-01 8.71516407e-01 2.77548730e-01
    3.88776511e-01 6.89768791e-02 7.32905090e-01 1.17909908e-01
    7.17835188e-01 5.29534042e-01 1.18711770e-01 3.69203657e-01
    8.30137670e-01 7.12335944e-01 8.40215862e-01 5.28931916e-02
    8.72566581e-01 4.89092708e-01 1.83864176e-01 6.78141356e-01
    1.80059433e-01 9.13530588e-03 7.89514124e-01 4.77364659e-02
    1.88236386e-01 6.21672869e-02 7.23374784e-01 5.42581379e-01
    4.47483122e-01 7.80871689e-01 8.03701639e-01 7.93823004e-01
    8.80420566e-01 5.93158543e-01 9.35306549e-02 8.26086640e-01
    7.61506200e-01 2.91725397e-01 1.88770652e-01 7.98065782e-01
    3.95668298e-01 8.06427717e-01 3.06979656e-01 8.92015934e-01
    5.13601124e-01 3.38559061e-01 8.55160594e-01 8.59596133e-02
    4.75042254e-01 5.15760660e-01 1.52003914e-01 8.33145976e-01
    7.66304970e-01 7.61749387e-01 6.16101265e-01 3.33203495e-01
    5.06222248e-03 9.49201286e-02 4.20099437e-01 7.84325719e-01
    6.61290526e-01 2.45676935e-02 1.54507190e-01 2.40581661e-01
    2.21505642e-01 2.23540723e-01 8.18008602e-01 9.11026716e-01
    5.67469776e-01 9.09828484e-01 8.14735055e-01 1.34058893e-01
    3.47202331e-01 1.68447882e-01 4.04705316e-01 4.01434600e-02
    9.95817602e-01 9.53382492e-01 4.50433493e-02 6.29591584e-01
    7.35746741e-01 2.29645163e-01 9.93269742e-01 2.85803556e-01
    3.06355357e-01 3.33077908e-02 7.56206691e-01 3.25466871e-01
    6.87213063e-01 9.91847098e-01 8.05337787e-01 3.90669316e-01
    9.94615555e-02 5.55877030e-01 9.58693862e-01 8.81328344e-01
    6.78476930e-01 6.55039728e-01 2.53340662e-01 9.67375517e-01
    7.25552022e-01 4.51392382e-01 8.06246161e-01 6.87885284e-03
    3.30341607e-01 1.18083775e-01 3.18603605e-01 6.47804856e-01
    9.09054220e-01 4.42893445e-01 3.62137914e-01 9.73884046e-01
    8.42819810e-02 6.83157384e-01 8.81737113e-01 4.28894162e-03
    4.14662451e-01 4.88277972e-01 5.29704273e-01 8.61723423e-02
    8.61565888e-01 6.95548117e-01 1.60878152e-01 2.79199898e-01
    6.41119301e-01 8.97756159e-01 3.99598718e-01 1.35331541e-01
    4.47982848e-02 3.21966946e-01 3.97483021e-01 3.20558250e-01
    7.21918225e-01 7.96040773e-01 9.02681351e-01 8.52033198e-01
    1.98107392e-01 1.75729156e-01 1.63309664e-01 2.08050847e-01
    6.22287452e-01 9.33590531e-02 4.23595011e-01 4.89878982e-01
    2.42047220e-01 3.26522231e-01 4.03953671e-01 7.40054488e-01
    8.52382183e-01 4.63318586e-01 6.52475357e-01 3.79577279e-03
    9.63095248e-01 9.03699994e-01 1.27990812e-01 3.10049534e-01
    9.42202568e-01 5.51851094e-01 2.15640426e-01 9.43765998e-01
    7.42883623e-01 3.74868155e-01 3.00154269e-01 8.89728665e-01
    4.59101140e-01 5.72324991e-01 5.12193084e-01 7.34634578e-01
    9.92169082e-01 1.39469624e-01 2.14980841e-02 8.75606894e-01
    4.98322546e-02 2.50707328e-01 9.84449923e-01 1.59084499e-01
    9.93436813e-01 2.27824032e-01 4.39834535e-01 9.68572497e-03
    3.07888031e-01 4.07774180e-01 9.46700215e-01 9.06010032e-01
    1.67694092e-01 3.30095887e-02 5.52606463e-01 6.25392854e-01
    5.82313001e-01 8.08681905e-01 4.19260889e-01 7.62891173e-02
    4.49847937e-01 7.54240274e-01 1.78322405e-01 1.33404344e-01
    1.99880779e-01 1.92868531e-01 8.26978326e-01 6.04838371e-01
    6.55883789e-01 3.92055452e-01 8.29663992e-01 6.21481955e-01
    8.65463138e-01 2.02477366e-01 2.90955901e-01 8.85528684e-01
    5.43617189e-01 1.18431538e-01 7.82251537e-01 2.97986805e-01
    2.86937416e-01 6.16577268e-02 3.15440595e-01 4.59162563e-01
    1.11112207e-01 3.31743658e-02 2.99463272e-02 9.56638575e-01
    8.18271041e-01 3.12450677e-01 5.85613668e-01 9.71342444e-01
    2.75498033e-02 4.87926304e-02 3.39786291e-01 7.69706607e-01
    3.39675665e-01 6.73894882e-02 1.05103135e-01 6.89040899e-01
    5.27885377e-01 5.19122124e-01 6.15439773e-01 6.88809693e-01
    5.63771665e-01 1.12126887e-01 6.92666829e-01 6.03746235e-01
    2.94447541e-01 4.89706993e-01 3.78800094e-01 6.87644958e-01
    4.00461793e-01 3.10723066e-01 5.04597902e-01 7.70165920e-02
    5.50544918e-01 9.03177261e-01 3.56182873e-01 5.15562534e-01
    6.95008457e-01 8.88857961e-01 4.30301219e-01 6.69441938e-01
    7.36749828e-01 6.96121156e-01 2.12494284e-01 5.06472290e-01
    4.47419673e-01 9.29442883e-01 7.58806050e-01 2.47038901e-01
    7.88018227e-01 4.64193225e-02 4.60829526e-01 5.88711381e-01
    4.51486588e-01 8.32169533e-01 7.00646579e-01 2.52495885e-01
    1.00092173e-01 7.49986947e-01 7.82394707e-01 8.68189573e-01
    4.85240549e-01 3.87822151e-01 8.63259017e-01 1.82186812e-01
    7.32043028e-01 4.51512277e-01 4.74250257e-01 3.03112328e-01
    3.38009357e-01 1.44528359e-01 6.56919718e-01 8.66422772e-01
    5.51659048e-01 4.15513068e-01 9.22654986e-01 3.90067697e-02
    3.34354639e-02 1.40004694e-01 4.15616274e-01 5.54293513e-01
    9.04547453e-01 2.10596114e-01 7.54047394e-01 1.47548050e-01
    3.14670920e-01 1.58290386e-01 9.27603364e-01 2.86975175e-01
    6.20802164e-01 9.81278181e-01 4.60146368e-02 8.35143685e-01
    1.79591715e-01 2.41847336e-02 6.84181750e-02 8.16929519e-01
    9.38597500e-01 6.65684700e-01 9.27789927e-01 2.96687901e-01
    5.29797435e-01 6.36404634e-01 6.22898936e-01 9.61301923e-01
    9.33233559e-01 1.89491779e-01 3.92154753e-02 6.43706441e-01
    8.95358562e-01 9.78203893e-01 3.47318828e-01 3.85845900e-01
    2.63058305e-01 6.50884926e-01 2.48498917e-02 6.13829255e-01
    3.18999469e-01 5.65302074e-01 2.59294599e-01 7.20473349e-01
    6.08552337e-01 1.49820775e-01 5.33974111e-01 3.05780560e-01
    8.28582525e-01 7.23439813e-01 4.24141169e-01 4.20659423e-01
    6.56397700e-01 3.99922103e-01 8.25780630e-01 3.41918945e-01
    2.54817128e-01 8.90251100e-02 7.92997360e-01 5.49766779e-01
    9.01995540e-01 3.06415021e-01 7.86906600e-01 6.06492639e-01
    4.62891877e-01 6.27714694e-01 6.39269352e-01 5.02746701e-01
    3.43143523e-01 8.03230822e-01 5.09443402e-01 6.58228397e-01
    5.73690891e-01 8.15352201e-01 7.83800900e-01 4.90506172e-01
    6.79487348e-01 9.52659130e-01 3.47509891e-01 6.94732368e-01
    7.91411817e-01 7.46837080e-01 3.68655562e-01 4.07414138e-01
    2.55645394e-01 9.61327255e-01 4.45818573e-01 8.11578393e-01
    6.46891475e-01 1.82118505e-01 7.37989366e-01 7.79157281e-01
    9.11787152e-03 1.58664376e-01 2.87225604e-01 9.47155297e-01
    5.54520965e-01 8.21624160e-01 8.46132636e-03 2.54434288e-01
    5.48378289e-01 7.88787484e-01 3.24006438e-01 3.85783136e-01
    8.14582586e-01 4.50749099e-02 2.98328757e-01 5.68971395e-01
    1.40755922e-01 2.61400044e-01 8.86969507e-01 5.15002012e-02
    2.96993256e-01 5.26350737e-01 3.55375290e-01 9.85731602e-01
    5.72639704e-02 4.29599106e-01 1.79674625e-02 7.06081450e-01
    9.71983314e-01 6.95793569e-01 6.34660840e-01 9.16215062e-01
    5.95927060e-01 3.99852663e-01 2.77740657e-01 5.24218500e-01
    2.82397747e-01 4.89090860e-01 7.54784405e-01 7.50855684e-01
    4.41339612e-01 2.45456696e-01 3.50761205e-01 5.78969717e-04
    2.85090476e-01 8.94270837e-02 1.55438274e-01 7.46977031e-01
    1.89635068e-01 3.10914040e-01 5.67237258e-01 5.71662068e-01
    4.18170989e-01 3.86969268e-01 1.24258906e-01 4.37053859e-01
    6.71990335e-01 6.37380898e-01 8.60571027e-01 8.49250615e-01
    8.13614428e-01 5.85808456e-01 5.49859405e-02 7.97969997e-01
    3.32468063e-01 3.48475099e-01 2.29432285e-01 3.58490348e-01
    3.62324893e-01 6.59098566e-01 1.57366425e-01 7.24477172e-02
    8.84803653e-01 7.05176473e-01 4.88269240e-01 4.47780460e-01
    1.19561017e-01 7.39674866e-02 3.37464571e-01 2.98124433e-01
    8.49367499e-01 6.70792818e-01 1.02337599e-01 2.02447176e-01
    5.93934238e-01 4.97911811e-01 4.52279150e-01 8.74141693e-01
    4.82903272e-01 3.93834412e-01 4.65758890e-01 7.29618073e-02
    8.67538631e-01 5.51374018e-01 4.01265413e-01 6.63949072e-01
    6.46093190e-02 9.24206614e-01 4.72339720e-01 6.48608804e-02
    8.46675634e-01 1.70344651e-01 9.95260954e-01 3.34136158e-01
    1.63788587e-01 3.54092121e-01 5.61169982e-01 3.18636298e-01
    1.32395089e-01 3.74011695e-02 1.64064944e-01 9.36022580e-01
    2.87408531e-01 9.02774215e-01 3.97214890e-01 1.22349471e-01
    2.70484149e-01 4.73392576e-01 3.42088938e-02 7.56489992e-01
    7.64778793e-01 6.12845659e-01 8.77005041e-01 8.73076022e-02
    5.08497536e-01 9.62371826e-01 9.64706540e-01 3.05343866e-01
    4.70646679e-01 7.94104576e-01 4.54623401e-01 1.60520554e-01
    6.30424976e-01 4.62012768e-01 7.56226897e-01 6.81944311e-01
    1.87549591e-01 1.36761069e-02 7.15842903e-01 8.71072650e-01
    4.33025062e-02 2.99957037e-01 6.06764257e-01 9.33510780e-01
    3.03638518e-01 6.41339123e-01 7.87745476e-01 2.66654909e-01
    4.96660680e-01 8.43434036e-01 5.02802968e-01 3.11832070e-01
    7.84102678e-01 2.01550812e-01 5.56253731e-01 2.25909173e-01
    8.53091717e-01 9.15345848e-02 4.32451934e-01 3.76336187e-01
    1.10420972e-01 2.35133410e-01 3.54951501e-01 2.62306541e-01
    6.11774087e-01 6.46842897e-01 5.83325982e-01 2.68222988e-01
    1.41138703e-01 4.53581005e-01 2.27979839e-01 1.85991377e-01
    5.31016052e-01 4.45860863e-01 3.74185264e-01 5.63418865e-01
    7.17760146e-01 4.39546734e-01 1.96751237e-01 3.24770212e-01
    2.28035480e-01 5.93993545e-01 1.91826642e-01 4.60684299e-02
    2.61871457e-01 9.81027842e-01 4.23316896e-01 5.61773479e-02
    7.38847792e-01 6.05190516e-01 2.69148201e-01 7.91457355e-01
    7.47932911e-01 2.23944813e-01 1.77674025e-01 5.32180369e-02
    7.08104610e-01 3.08115482e-01 5.18963456e-01 5.79397440e-01
    1.39506191e-01 8.60651612e-01 8.26207042e-01 5.20021260e-01
    9.94691372e-01 2.57338941e-01 1.25735700e-01 2.78157830e-01
    5.48388720e-01 8.66109610e-01 3.50896955e-01 1.60021573e-01
    2.49955684e-01 6.96488023e-01 8.12245250e-01 5.52580297e-01
    9.52992558e-01 8.14490438e-01 3.45591545e-01 8.22210133e-01
    1.59691751e-01 7.36997724e-01 6.25464857e-01 2.95217693e-01
    8.12532306e-01 1.40446901e-01 6.38224125e-01 2.14583993e-01
    1.74943030e-01 7.30703771e-01 5.23310602e-01 8.07787299e-01
    5.12014329e-01 1.54078335e-01 1.95535511e-01 1.75200403e-02
    1.35923207e-01 9.49613571e-01 5.30833840e-01 3.19210291e-01
    2.13229954e-02 4.96333331e-01 7.91343570e-01 3.51591289e-01
    9.51910138e-01 2.62812912e-01 5.38284123e-01 6.71892166e-01
    2.94227719e-01 2.04973847e-01 1.81827337e-01 9.09940660e-01
    8.26325715e-01 2.12855428e-01 8.71891737e-01 9.86235380e-01
    3.40920866e-01 9.59755182e-01 3.70418131e-02 6.41221762e-01
    4.19670612e-01 5.87044060e-01 7.02945828e-01 5.29780686e-01
    3.90127569e-01 1.76009238e-02 8.09086204e-01 8.03433597e-01
    1.03394896e-01 4.71763521e-01 4.60385978e-01 5.44750988e-02
    3.35720778e-01 7.72959173e-01 2.28249580e-01 3.64415169e-01
    3.33979726e-03 9.30394113e-01 7.01743901e-01 6.62988961e-01
    3.90771061e-01 1.07625425e-01 9.01982665e-01 4.58227158e-01
    7.39941716e-01 5.89833617e-01 9.00326729e-01 8.11191499e-02
    7.64472127e-01 9.36188579e-01 8.08183193e-01 4.89968956e-02
    1.05682015e-03 3.94746661e-02 8.98627996e-01 5.33345819e-01
    5.16495109e-01 6.49841189e-01 1.57889336e-01 3.92019391e-01
    4.54229444e-01 5.89649141e-01 5.91395617e-01 6.50339723e-02
    7.33734965e-01 6.17848933e-02 1.06087208e-01 3.66093516e-02
    8.00765812e-01 6.24604821e-01 2.06081241e-01 9.66845572e-01
    4.03662890e-01 6.03191972e-01 8.42450023e-01 6.52123868e-01
    5.14834404e-01 9.66507912e-01 7.75999188e-01 8.28364611e-01
    3.56950402e-01 1.86611027e-01 3.32682312e-01 3.80007863e-01
    5.73108017e-01 1.90984845e-01 4.62268293e-01 8.43534827e-01
    9.59473848e-01 3.74085248e-01 8.83840680e-01 3.34463179e-01
    7.22086072e-01 9.15698886e-01 7.81752169e-01 3.10482681e-02
    9.63269174e-02 9.03570294e-01 3.44978988e-01 5.45568049e-01
    9.18108940e-01 1.22374505e-01 2.84497380e-01 7.79047608e-01
    6.18170261e-01 3.94592285e-01 7.15048969e-01 8.06522369e-01
    2.97231704e-01 9.82536912e-01 2.94531643e-01 7.41773784e-01
    9.44476843e-01 4.04561549e-01 6.90624893e-01 2.86983818e-01
    5.97215950e-01 7.87485063e-01 1.31437778e-02 2.70768583e-01
    4.81479257e-01 8.53191733e-01 3.62249643e-01 4.46700841e-01
    6.42077327e-01 1.19637251e-01 7.06869900e-01 9.94722545e-01
    8.53371024e-02 5.62210023e-01 6.28326237e-02 5.20212889e-01
    5.15711963e-01 6.91237509e-01 7.94753671e-01 7.88462520e-01
    5.88359058e-01 2.68324614e-02 3.59298617e-01 6.01692319e-01
    2.37506002e-01 9.61006939e-01 7.23532736e-02 6.36866689e-01
    2.81897932e-01 7.01228142e-01 5.98539412e-01 1.61267549e-01
    5.77728927e-01 3.76848459e-01 2.16386318e-02 9.56971765e-01
    5.59250057e-01 8.79074037e-01 2.32031256e-01 4.35958862e-01
    9.05870140e-01 3.61867070e-01 5.47468781e-01 7.49353826e-01
    6.40888810e-02 1.66729867e-01 8.63128364e-01 5.80429673e-01
    1.63609982e-01 2.79916942e-01 3.30175698e-01 1.13196760e-01
    8.21202159e-01 3.20019066e-01 8.12421679e-01 2.15335876e-01
    6.05297029e-01 9.28736329e-01 9.18422103e-01 5.29559255e-01
    2.90383905e-01 5.15889704e-01 3.63536179e-02 3.02625060e-01
    6.83545113e-01 1.30505711e-01 1.69764280e-01 5.50916433e-01
    3.43817532e-01 6.76718593e-01 5.29447198e-03 4.03147876e-01
    2.40717053e-01 8.67014647e-01 3.81517291e-01 3.49241853e-01
    9.52473402e-01 5.54095328e-01 1.95193231e-01 5.62184513e-01
    3.16903293e-01 3.21147799e-01 5.22134364e-01 3.87546748e-01
    7.19826102e-01 3.52650911e-01 1.34754092e-01 2.62257755e-01
    7.01293826e-01 1.98572159e-01 5.78532100e-01 9.17553902e-01
    1.55403078e-01 7.94870973e-01 4.61240530e-01 9.16804314e-01
    7.03360140e-01 9.90816951e-02 7.51518130e-01 8.68784070e-01
    8.86870444e-01 6.97745919e-01 1.24669433e-01 2.69037724e-01
    2.62894928e-02 5.21155059e-01 8.61175120e-01 3.04392695e-01
    6.66909218e-01 8.94564629e-01 8.40653539e-01 1.47936374e-01
    8.79455328e-01 5.79109430e-01 1.51397586e-01 4.37889457e-01
    4.77315873e-01 2.16803551e-02 4.39106494e-01 7.48641193e-02
    8.52696180e-01 7.77942538e-01 1.15508735e-01 7.83467293e-01
    5.73851824e-01 1.70718372e-01 3.65250856e-01 6.13442242e-01
    4.96472746e-01 1.18535727e-01 7.32380211e-01 3.03061843e-01
    2.62595892e-01 4.97862846e-01 9.67092931e-01 1.25419110e-01
    7.83025742e-01 9.28857327e-01 2.46328771e-01 4.71877664e-01
    3.08259726e-01 4.97247368e-01 7.58636475e-01 1.50208235e-01
    1.73694611e-01 9.14704084e-01 1.49712682e-01 8.59814167e-01
    2.28592247e-01 8.38074207e-01 7.99578846e-01 9.30281401e-01
    4.67530429e-01 5.11620402e-01 3.88426781e-02 1.29790276e-01
    8.86022747e-02 4.29990292e-02 6.76796556e-01 8.51422966e-01
    2.41013944e-01 8.35366368e-01 6.64437532e-01 9.39369440e-01
    5.83505929e-01 1.02902323e-01 1.12288892e-01 2.05769122e-01
    6.73991323e-01 6.29149675e-02 8.85461867e-02 4.24413085e-02
    1.70852333e-01 7.64799118e-03 2.02348948e-01 5.70926905e-01
    9.21647429e-01 6.76701844e-01 5.02770245e-01 6.37646019e-01
    1.93443179e-01 3.21452886e-01 5.26169956e-01 3.03051233e-01
    8.07249486e-01 5.24880171e-01 9.43793476e-01 6.42222226e-01
    8.93410623e-01 3.91873986e-01 8.01383615e-01 1.81270093e-01
    5.39280236e-01 5.08700609e-02 2.20900804e-01 7.70340085e-01
    8.64826083e-01 2.46441573e-01 5.15655816e-01 3.29953492e-01
    4.52847540e-01 7.49092340e-01 6.99063659e-01 8.90241623e-01
    3.30902338e-02 8.98063302e-01 4.16213036e-01 1.58235461e-01
    3.91230881e-02 6.14387333e-01 5.36339641e-01 2.72874117e-01
    2.79373229e-02 2.35728949e-01 9.77722764e-01 6.86571002e-02
    7.80906081e-01 7.90273309e-01 7.83520103e-01 2.08499402e-01
    3.63577366e-01 4.04517502e-01 7.53570318e-01 2.94803858e-01
    6.95682764e-01 7.68533230e-01 7.91679561e-01 3.64074647e-01
    5.58576763e-01 9.93036687e-01 3.79175961e-01 1.80308372e-01
    8.72315168e-01 1.59011334e-01 7.98187971e-01 1.67634696e-01
    1.61824614e-01 8.80207181e-01 6.44700527e-01 4.50876474e-01
    6.69153035e-02 8.47205639e-01 9.99498487e-01 3.31351161e-03
    3.81402373e-01 1.60271853e-01 9.73458052e-01 4.25206125e-02
    4.37759101e-01 7.23223984e-02 2.01866865e-01 6.39063716e-02
    7.40625381e-01 5.12967944e-01 8.51243377e-01 9.87150073e-01
    8.55396867e-01 9.43107605e-01 9.52077508e-01 6.30643725e-01
    3.65119785e-01 1.22545093e-01 3.34437490e-01 6.01886213e-01
    4.91991580e-01 9.45979953e-01 4.75691885e-01 5.61611950e-02
    7.49256492e-01 6.73376620e-01 7.36432195e-01 9.46121216e-02
    7.82740653e-01 6.95278466e-01 7.38544106e-01 3.72803867e-01
    8.08784902e-01 2.59842396e-01 8.72184455e-01 5.40779829e-02
    7.62798190e-01 9.33841109e-01 8.34419429e-01 4.84772533e-01
    1.60212487e-01 7.63315141e-01 9.68207181e-01 7.78295159e-01
    9.99271631e-01 6.89831376e-03 3.29592556e-01 4.05259430e-01
    8.45332265e-01 9.17806387e-01 8.70409369e-01 5.85587263e-01
    6.38368726e-01 7.55844295e-01 8.36736321e-01 7.48151362e-01
    6.45198226e-01 6.45459592e-02 4.59682196e-01 2.15365201e-01
    1.15165681e-01 6.01785541e-01 6.19662344e-01 6.35608196e-01
    9.10992324e-01 8.56973886e-01 3.24015021e-02 3.65124226e-01
    4.12280560e-01 6.89141750e-01 2.30944425e-01 7.57271647e-01
    7.46258438e-01 2.83709824e-01 8.38850677e-01 6.74798846e-01
    3.78317118e-01 5.53705812e-01 4.82075810e-01 7.05155969e-01
    1.90834790e-01 5.48978686e-01 7.59754121e-01 7.97495484e-01
    8.04478943e-01 5.57101130e-01 6.12699628e-01 4.09514129e-01
    2.91495949e-01 1.77313149e-01 3.87464404e-01 6.51629150e-01
    5.29784441e-01 8.15675259e-01 9.74791527e-01 3.40645432e-01
    3.86544168e-02 7.81240463e-01 5.78102231e-01 8.79363894e-01
    5.95525324e-01 2.14529634e-02 2.74568856e-01 6.80645823e-01
    4.63257164e-01 1.78275883e-01 5.35659134e-01 5.51062167e-01
    8.82798314e-01 5.06220996e-01 7.11030781e-01 2.69929290e-01
    5.73306978e-02 7.17253327e-01 7.17174470e-01 3.51783514e-01
    7.07495213e-01 6.03947759e-01 7.95663953e-01 8.19356680e-01
    5.75623453e-01 4.92713720e-01 1.11590773e-01 9.65519428e-01
    2.00399041e-01 6.22137725e-01 4.04424071e-01 9.12463486e-01
    8.36200893e-01 3.98635864e-04 6.57287359e-01 8.93523455e-01
    8.48135233e-01 2.59751856e-01 8.59632969e-01 6.71047270e-02
    7.16007352e-02 5.71632802e-01 3.94455969e-01 6.07339203e-01
    5.74733436e-01 8.08835328e-01 1.09151632e-01 1.74651146e-01
    7.73834169e-01 1.53219730e-01 9.41483617e-01 8.48566413e-01
    4.24694121e-01 9.68279958e-01 6.80069029e-01 3.08304667e-01
    7.23050237e-01 4.49757427e-01 8.77131462e-01 2.48034030e-01
    8.19752276e-01 7.94417500e-01 1.18916214e-01 1.28021836e-03
    4.64468360e-01 5.52907050e-01 9.53885555e-01 5.23926556e-01
    1.69610649e-01 9.13655519e-01 9.17129755e-01 4.63541090e-01
    1.45732105e-01 1.34665817e-01 7.83944845e-01 7.67479062e-01
    1.57125086e-01 1.41181290e-01 1.06178343e-01 5.19230068e-01
    4.67682928e-01 2.46929258e-01 8.82958412e-01 5.84404290e-01
    9.20634627e-01 8.20224881e-02 6.02824271e-01 6.28883123e-01
    5.74448109e-01 1.49073988e-01 6.51290059e-01 4.90928203e-01
    7.50238478e-01 3.26229662e-01 4.19186950e-02 6.14309967e-01
    3.59116197e-01 3.46765399e-01 6.22648954e-01 8.58473063e-01
    8.77628088e-01 6.31724238e-01 7.25005329e-01 3.25902998e-02
    4.35701847e-01 4.01912570e-01 4.69125837e-01 5.76808810e-01
    1.53255433e-01 2.49499738e-01 1.80828452e-01 7.37837851e-01
    6.69578016e-01 3.76341045e-01 8.25002372e-01 5.21369934e-01
    6.12993777e-01 3.35655808e-01 8.47106874e-01 5.81656396e-01
    8.91899228e-01 4.53292996e-01 7.71071076e-01 8.09002042e-01
    8.53973150e-01 6.00599468e-01 3.34387660e-01 3.69872153e-01
    5.97870588e-01 4.94235605e-01 8.97654533e-01 6.68072343e-01
    7.19698727e-01 4.33638781e-01 2.65949041e-01 9.84317422e-01
    3.51009429e-01 3.81418318e-01 1.85341060e-01 1.25259072e-01
    5.37388444e-01 5.65362096e-01 9.87628698e-01 1.50882512e-01
    4.89501059e-01 5.53112805e-01 3.77392679e-01 3.29616725e-01
    8.64184380e-01 7.43838251e-02 8.21821868e-01 6.93783760e-01
    1.02180660e-01 8.32083821e-03 5.58195949e-01 1.83784127e-01
    3.03866446e-01 6.02957308e-01 2.86313951e-01 1.66516632e-01
    4.53554124e-01 2.78585911e-01 7.40519881e-01 6.42053008e-01
    1.10522985e-01 3.30604434e-01 6.43060207e-02 7.54602492e-01
    2.54233658e-01 3.49083424e-01 5.14015317e-01 9.00163472e-01
    6.11925125e-02 2.63155013e-01 1.35018289e-01 5.94303966e-01
    6.59240723e-01 5.53432167e-01 3.03588331e-01 5.16175926e-01
    9.86304462e-01 3.96763325e-01 7.73421288e-01 4.22320306e-01
    4.46917236e-01 1.45633876e-01 3.39426994e-02 5.13078809e-01
    4.70271349e-01 5.85482240e-01 9.73068953e-01 5.42541564e-01
    3.20449054e-01 1.28486961e-01 2.31490701e-01 2.69511938e-01
    4.97610152e-01 7.98303604e-01 9.12086666e-02 4.45752978e-01
    5.69392502e-01 5.81014156e-03 5.77569008e-02 7.77410626e-01
    2.90626109e-01 9.00351048e-01 7.88858533e-01 9.30235684e-01
    6.63253427e-01 7.19435215e-01 8.26640368e-01 7.97617674e-01
    4.92474377e-01 1.31022066e-01 5.93293071e-01 5.16066015e-01
    6.56067014e-01 2.34996974e-01 2.37437487e-01 2.87671149e-01
    7.17247546e-01 1.95403010e-01 3.78721833e-01 5.41866362e-01
    5.67405224e-02 8.65473270e-01 2.55811304e-01 9.47049081e-01
    1.10979289e-01 6.52043164e-01 4.59545583e-01 9.27921534e-02
    4.77980614e-01 7.04680979e-02 9.48880732e-01 8.32526803e-01
    3.62102985e-01 9.83998656e-01 2.23277569e-01 9.56190825e-01
    2.05214411e-01 3.09469551e-01 3.31567377e-01 6.80853307e-01
    1.58871710e-01 7.17686296e-01 8.13126743e-01 1.28432602e-01
    7.71720529e-01 1.56763971e-01 8.17291617e-01 9.85514164e-01
    6.66902602e-01 5.27821779e-01 9.31792855e-02 4.64563668e-01
    3.80667269e-01 4.10313874e-01 4.28590477e-01 3.89756441e-01
    3.58567208e-01 2.59307563e-01 8.90222251e-01 4.09585804e-01
    9.43528354e-01 6.68722332e-01 3.50581259e-01 3.15593183e-01
    4.85583246e-01 3.34246039e-01 5.52591741e-01 1.18466884e-01
    5.31186521e-01 1.06625319e-01 3.55291039e-01 9.24211204e-01
    8.80366802e-01 3.73908341e-01 5.10239601e-03 3.53918016e-01
    6.37707770e-01 3.55196178e-01 1.34980649e-01 6.54132485e-01
    4.16973352e-01 7.91427493e-03 8.27514768e-01 7.82003403e-01
    8.45400691e-01 7.77908504e-01 9.07027423e-01 4.04131889e-01
    7.05066025e-01 3.92515898e-01 7.77134418e-01 9.45964158e-01
    4.38376069e-01 9.68645334e-01 9.37074006e-01 5.45346260e-01
    1.55530214e-01 3.33065271e-01 2.74077952e-02 9.96204853e-01
    2.55096257e-02 1.85018480e-02 3.41884792e-02 4.19825315e-01
    8.38779807e-01 8.33121479e-01 3.04584444e-01 4.89044845e-01
    4.41565126e-01 7.13447452e-01 1.68887705e-01 9.58703876e-01
    6.16577268e-03 8.62493396e-01 4.50100183e-01 5.91496825e-01
    3.38003278e-01 7.75464773e-01 9.79451060e-01 8.40147853e-01
    3.98973107e-01 3.99439663e-01 6.13637269e-01 7.21354842e-01
    2.34247506e-01 7.94104636e-01 5.07945597e-01 2.49737471e-01
    8.25307846e-01 9.47421432e-01 5.72584689e-01 9.93842185e-02
    7.11635649e-02 6.04535937e-02 1.71703488e-01 6.76296353e-02
    6.03191853e-01 4.74956930e-01 3.56837571e-01 6.57343864e-03
    5.29421449e-01 4.58942115e-01 3.38330507e-01 1.19319528e-01
    3.43405336e-01 2.17257708e-01 4.33809876e-01 6.18959248e-01
    9.99087095e-01 5.66901088e-01 3.23694825e-01 2.38278866e-01
    2.62557417e-01 8.19351196e-01 6.16789520e-01 6.92913532e-01
    4.98767197e-02 3.93174887e-01 4.49644595e-01 5.09269595e-01
    8.16079378e-01 6.86285794e-01 9.93954897e-01 5.51354289e-01
    8.40490341e-01 1.21662706e-01 2.50157803e-01 6.22177422e-01
    5.54233491e-02 7.61150599e-01 6.08388305e-01 3.24821770e-01
    1.41284764e-01 6.27828956e-01 8.93937528e-01 1.45251840e-01
    6.56710565e-01 1.42429262e-01 3.22613716e-02 9.48622346e-01
    9.74374771e-01 7.87009239e-01 3.21138024e-01 9.69089270e-02
    7.10252166e-01 8.95199656e-01 8.06763530e-01 4.20290232e-02
    9.22528803e-02 9.27074015e-01 3.62360656e-01 7.41157353e-01
    5.22621930e-01 8.97293389e-01 5.76904535e-01 1.20564699e-02
    7.73583233e-01 2.77816862e-01 2.36933351e-01 2.99037904e-01
    2.39425004e-01 4.03590918e-01 6.11307323e-01 9.40772712e-01
    6.83723509e-01 8.00041556e-01 3.02018583e-01 7.99309969e-01
    8.55461717e-01 8.82613838e-01 2.22437680e-01 4.02723908e-01
    3.89241993e-01 2.56356657e-01 2.49037474e-01 5.58536768e-01
    6.16084039e-01 3.03093016e-01 1.92309052e-01 7.84385800e-01
    5.71962237e-01 5.39073944e-01 7.86059201e-02 2.71224141e-01
    2.20016837e-02 9.88115668e-01 8.29763174e-01 9.11995411e-01
    8.37810874e-01 6.93624437e-01 3.31512153e-01 9.79148865e-01
    2.04542667e-01 3.69521797e-01 8.09171498e-02 1.47461742e-01
    3.11630726e-01 2.99464464e-02 7.52823055e-01 1.09430254e-02
    7.10350156e-01 7.82885194e-01 3.43408197e-01 8.66230488e-01
    4.43070054e-01 3.38854909e-01 4.40904260e-01 1.54891521e-01
    6.25091314e-01 8.96896660e-01 4.06304359e-01 3.70766014e-01
    1.78980261e-01 3.97860974e-01 3.23446691e-02 6.48218215e-01
    8.95038962e-01 1.76007867e-01 8.82888198e-01 5.91378987e-01
    2.37992376e-01 4.07529801e-01 4.56297576e-01 4.22425777e-01
    9.12991047e-01 8.87734175e-01 1.79190755e-01 1.19483471e-02
    7.45976567e-01 3.90802681e-01 6.34050608e-01 3.09041500e-01
    2.99807608e-01 9.98342395e-01 6.54691160e-01 9.02120471e-01
    5.70638478e-02 1.97210670e-01 7.66162157e-01 3.36513817e-02
    4.91301715e-01 7.37541318e-01 4.40106243e-01 2.09869951e-01
    9.75298166e-01 5.72419941e-01 8.40477765e-01 4.09578741e-01
    8.34366679e-03 5.97470999e-01 3.21093231e-01 8.68929029e-01
    3.96484911e-01 5.28714061e-03 8.87301326e-01 1.89706922e-01
    8.76213551e-01 2.13158220e-01 9.04242992e-01 1.73521936e-01
    9.40641284e-01 5.93740821e-01 6.74402714e-01 3.78331482e-01
    7.60402381e-02 9.60248709e-01 7.09043503e-01 1.89896256e-01
    6.71114028e-02 7.90508270e-01 2.67909765e-01 1.44995660e-01
    5.09049714e-01 5.25888026e-01 6.75535023e-01 9.23549533e-02
    2.60736644e-01 5.70798278e-01 9.48910117e-01 9.32712018e-01
    5.72120070e-01 4.31707233e-01 6.30650163e-01 3.88528883e-01
    1.90795362e-01 6.93517208e-01 4.12834257e-01 4.96648967e-01
    2.70245254e-01 1.62439883e-01 3.47232819e-02 7.38322139e-02
    1.04413539e-01 3.09681594e-02 3.24646920e-01 5.02723932e-01
    1.51459396e-01 3.11195999e-01 9.45305586e-01 6.23903334e-01
    2.24835068e-01 1.35764539e-01 4.79136825e-01 1.22322172e-01
    4.92608875e-01 7.12257802e-01 7.85005689e-01 1.90709531e-02
    3.57143730e-01 9.93057489e-01 9.04143155e-01 1.29584134e-01
    7.68288136e-01 4.84779447e-01 1.52038455e-01 4.13315475e-01
    7.38384724e-01 7.61437654e-01 6.72947764e-01 5.36012173e-01
    1.42730206e-01 6.18450344e-01 6.73830509e-05 1.37265623e-01
    4.01556790e-01 4.96893555e-01 7.01299906e-01 5.92296362e-01
    7.72247553e-01 4.61478829e-02 4.86455679e-01 4.80165213e-01
    3.32312524e-01 7.65056849e-01 1.23927563e-01 8.52877498e-01
    8.23840737e-01 5.02473950e-01 2.69820869e-01 2.20729411e-01
    2.67793238e-01 8.89491618e-01 3.07089865e-01 8.86330962e-01
    3.53057742e-01 1.73167139e-01 4.16455209e-01 8.38997841e-01
    5.07586241e-01 8.79277825e-01 9.26343679e-01 2.23237514e-01
    8.14575911e-01 4.30911869e-01 7.03296304e-01 7.14194179e-01
    6.86247170e-01 9.01378810e-01 2.88480759e-01 6.11624599e-01
    4.01749432e-01 1.56240463e-01 1.07499957e-01 1.34993315e-01
    9.10197020e-01 2.74291903e-01 3.49496663e-01 8.44250143e-01
    9.30685759e-01 1.99702531e-01 7.77903318e-01 2.56729543e-01
    2.79203862e-01 4.42728460e-01 7.15261221e-01 7.28570580e-01
    2.10972339e-01 7.98388898e-01 3.49940658e-01 6.53647482e-02
    3.72039944e-01 8.79692078e-01 6.21137619e-01 1.03739172e-01
    7.65436113e-01 5.96376002e-01 6.14952445e-02 7.95116901e-01
    3.53663862e-01 7.97251582e-01 9.20369923e-02 9.86988544e-01
    1.72292113e-01 9.76970315e-01 2.11765677e-01 1.14940077e-01
    9.90874648e-01 2.69204795e-01 4.77021158e-01 2.70517319e-01
    4.87020671e-01 5.00948548e-01 4.80504572e-01 8.65770280e-02
    4.12966371e-01 2.69586414e-01 7.53835380e-01 7.45764613e-01
    9.62077856e-01 1.90795600e-01 9.37289417e-01 6.06945157e-02
    8.31541717e-01 5.11227548e-01 3.65597457e-01 2.82661229e-01
    9.04644668e-01 3.05029064e-01 9.91606295e-01 7.97134340e-02
    7.31809616e-01 2.76852697e-01 6.34996355e-01 9.41865563e-01
    6.94495916e-01 2.06377208e-01 7.27723539e-01 3.97668719e-01
    2.77377784e-01 1.64300114e-01 2.44204372e-01 8.08920264e-01
    3.23548615e-01 9.59835649e-02 6.45490050e-01 1.05728716e-01
    7.97413886e-02 2.84351707e-02 5.62601030e-01 2.35666275e-01
    2.91655213e-01 9.43920314e-02 3.72255266e-01 5.32194555e-01
    3.04829240e-01 3.84039819e-01 1.79714352e-01 2.46606827e-01
    5.78990042e-01 4.94117945e-01 5.00151038e-01 3.78186554e-01
    6.82375133e-02 3.98349255e-01 1.34256482e-03 6.71004057e-01
    7.63714015e-01 2.82546699e-01 8.50873351e-01 1.50223285e-01
    3.90383780e-01 4.02775913e-01 6.17050171e-01 7.61974573e-01
    5.54860234e-01 6.15842342e-01 2.30439395e-01 2.15173960e-01
    2.71302104e-01 7.49184728e-01 1.86243206e-01 2.56932139e-01
    3.14073026e-01 9.61569905e-01 9.25585389e-01 3.31220120e-01
    2.76868820e-01 1.01882160e-01 3.55430543e-01 7.09576607e-01
    7.91206002e-01 2.97426790e-01 2.87890285e-01 3.38008493e-01
    3.88081312e-01 3.67444038e-01 4.50288475e-01 1.74395859e-01
    7.34369338e-01 3.09030056e-01 6.44287467e-01 8.15555215e-01
    2.84954995e-01 3.76463354e-01 9.00810897e-01 4.12280679e-01
    9.68247354e-02 2.40320355e-01 9.99176860e-01 4.91826385e-01
    8.51813495e-01 1.56736106e-01 2.61436462e-01 1.87096596e-01
    9.60241318e-01 2.48760581e-02 9.75123346e-01 2.31567144e-01
    3.95587087e-02 4.86086816e-01 7.45147705e-01 3.86049628e-01
    8.39479506e-01 6.73989654e-01 9.53804016e-01 8.85462523e-01
    4.93622601e-01 9.87426400e-01 8.96431923e-01 3.33827615e-01
    2.80279428e-01 5.49106240e-01 1.12790555e-01 2.42264897e-01
    1.54215097e-03 5.02408803e-01 1.40352368e-01 3.94421220e-01
    2.29768038e-01 6.45008504e-01 2.87178576e-01 8.76756549e-01
    2.31182277e-01 9.14638340e-01 2.78878540e-01 8.64788175e-01
    7.76293397e-01 3.92362893e-01 1.32650137e-03 8.70745778e-02
    8.61037016e-01 5.14525831e-01 9.84406173e-01 3.10142994e-01
    2.57529080e-01 9.88648653e-01 1.12150580e-01 8.01532149e-01
    6.73722863e-01 6.18042350e-02 6.35962844e-01 8.60503078e-01
    6.69730246e-01 6.96010649e-01 2.37975299e-01 9.64514256e-01
    2.57229328e-01 9.92534161e-01 8.63263011e-01 3.88401985e-01
    3.56239498e-01 5.87293506e-02 4.59140211e-01 5.24452209e-01
    3.15372825e-01 7.13538706e-01 9.46687698e-01 6.55707181e-01
    1.62889719e-01 5.22413552e-02 1.65579438e-01 9.50654507e-01
    5.26621938e-03 8.79407287e-01 8.84791613e-02 9.15227532e-01
    8.68337035e-01 3.37479770e-01 2.39323050e-01 8.83626938e-01
    4.38444644e-01 4.44598645e-01 8.77851248e-01 2.60705113e-01
    8.34672928e-01 1.50697529e-02 6.28037512e-01 5.37001014e-01
    2.60580540e-01 1.04331672e-02 9.79206920e-01 5.13997972e-01
    6.44531429e-01 5.48284054e-01 8.23415399e-01 1.77602589e-01
    9.39880848e-01 1.05110198e-01 6.34704709e-01 7.01137662e-01
    9.26913142e-01 9.98110294e-01 5.54459691e-02 2.67595053e-04
    9.03383493e-01 5.59356928e-01 5.69497585e-01 8.87127161e-01
    9.05348837e-01 8.21711779e-01 8.97995830e-01 5.62359571e-01
    2.76777804e-01 3.56373399e-01 3.47123742e-01 9.16882157e-01
    3.32185388e-01 1.07721567e-01 1.71416014e-01 7.32349813e-01
    6.49845481e-01 7.08236694e-01 9.48016524e-01 9.09098864e-01
    6.44375443e-01 9.99698341e-02 1.94019228e-01 3.83242548e-01
    4.83348072e-02 4.05667841e-01 4.62644398e-01 8.31393838e-01
    7.72777438e-01 5.21111548e-01 5.27265012e-01 8.57827723e-01
    1.79479182e-01 9.61014211e-01 6.16898060e-01 2.92299509e-01
    7.37313390e-01 4.04404104e-01 6.22245729e-01 3.80909830e-01
    7.96618700e-01 2.87182510e-01 6.68531179e-01 4.06061739e-01
    6.34691358e-01 6.80209279e-01 3.54369819e-01 7.71949172e-01
    1.56890929e-01 9.43546176e-01 3.16020250e-02 8.10859680e-01
    6.29211366e-01 7.02129304e-01 2.02273518e-01 1.42555028e-01
    6.13437653e-01 6.07279003e-01 7.67969131e-01 7.37282395e-01
    5.33042371e-01 6.48399651e-01 5.43665230e-01 6.09500110e-01
    8.13826621e-01 9.88751650e-02 9.37714458e-01 3.42442095e-02
    4.27500814e-01 9.78640914e-01 7.56532311e-01 4.51857448e-01
    4.09975410e-01 6.25574112e-01 8.64277363e-01 4.40757930e-01
    9.77243185e-01 9.78021741e-01 9.53919768e-01 1.79210216e-01
    7.67737091e-01 3.64424944e-01 9.82290626e-01 5.27179360e-01
    4.69760984e-01 6.93612576e-01 9.43481922e-01 9.40751672e-01
    5.28564751e-02 5.05964279e-01 8.04075599e-01 1.81827158e-01
    3.86027128e-01 4.58949625e-01 9.75548744e-01 7.75517344e-01
    4.72465932e-01 8.91747296e-01 8.65900517e-01 2.37050354e-01
    1.60791516e-01 4.56243753e-01 5.05026579e-01 9.95050669e-01
    6.17827177e-01 6.32799029e-01 2.88493127e-01 7.58155763e-01
    8.30023289e-01 1.48226768e-01 9.27996993e-01 9.15322542e-01
    2.75235295e-01 8.96774173e-01 5.75287342e-01 5.39369166e-01
    1.65064156e-01 6.95733666e-01 4.31809902e-01 9.79927778e-02
    2.05043942e-01 9.31377172e-01 9.76486206e-01 1.13643467e-01
    8.82432818e-01 5.55748701e-01 1.70220554e-01 8.64490390e-01
    9.36671495e-01 9.46053267e-01 8.57361674e-01 9.26416337e-01
    2.12799907e-01 2.34076917e-01 1.42065227e-01 8.89902949e-01
    2.67095149e-01 6.79217577e-01 5.87405086e-01 6.07732475e-01
    4.30459142e-01 8.17860484e-01 8.72568011e-01 5.10531545e-01
    2.71601975e-01 8.72790813e-03 3.15308392e-01 9.62181687e-02
    1.50748461e-01 5.48868656e-01 1.58257335e-01 1.28964692e-01
    5.26413321e-02 1.70331895e-01 5.70920229e-01 6.73275590e-02
    7.35342145e-01 9.73516166e-01 2.26997763e-01 4.81198341e-01
    3.34401190e-01 1.27303451e-01 2.24103451e-01 9.72136140e-01
    9.36130524e-01 6.63296103e-01 3.73032987e-01 2.57428229e-01
    8.59769106e-01 3.53667498e-01 4.79992032e-01 4.84488428e-01
    4.87651408e-01 4.70515668e-01 3.11216563e-01 1.21918321e-02
    9.77565289e-01 7.74424076e-01 1.72670275e-01 5.49136698e-01
    9.01978314e-01 3.52956891e-01 9.65521455e-01 5.15239239e-01
    8.49259853e-01 3.78711224e-02 9.18212175e-01 2.56080329e-02
    4.66124982e-01 1.10576600e-01 9.19827521e-02 8.79457593e-01
    6.91576600e-01 1.63809359e-01 4.45280880e-01 6.37409806e-01
    5.13149023e-01 4.62236613e-01 4.31436688e-01 2.21193701e-01
    8.10955882e-01 8.41153383e-01 2.72129744e-01 8.06740403e-01
    9.43809271e-01 8.33023071e-01 5.20453572e-01 3.06751013e-01
    1.33634508e-02 9.61022496e-01 6.58252239e-01 8.40266109e-01
    9.41594541e-02 6.58826351e-01 9.31356013e-01 3.39741856e-01
    8.23393822e-01 2.49526024e-01 8.73717070e-01 7.42855251e-01
    6.88571215e-01 4.43150342e-01 9.01776791e-01 6.81744814e-02
    9.47826207e-02 5.59471488e-01 8.01256120e-01 5.07461429e-01
    8.98963153e-01 5.45101821e-01 3.54157388e-01 4.20431763e-01
    7.09283173e-01 1.54537559e-02 7.31722236e-01 9.22162771e-01
    8.98378313e-01 3.84747833e-01 2.62654722e-01 9.65180218e-01
    3.75768572e-01 4.72944438e-01 8.50809813e-01 2.61487514e-01
    2.53215134e-02 6.82395995e-01 7.37027586e-01 6.99239194e-01
    6.79487765e-01 8.86302352e-01 7.76285410e-01 4.44804013e-01
    8.74130249e-01 9.59773362e-01 7.41843700e-01 3.34362090e-01
    3.44874233e-01 4.01906490e-01 6.99379563e-01 3.47086161e-01
    6.79660320e-01 8.86454582e-02 7.82983065e-01 7.57452011e-01
    5.31536102e-01 6.25223160e-01 1.44013822e-01 4.25667673e-01
    3.28130603e-01 7.70052433e-01 7.84311771e-01 9.72906828e-01
    9.77296948e-01 9.52194929e-01 3.24449897e-01 9.36502159e-01
    9.12753165e-01 3.19961071e-01 9.81568217e-01 6.29664123e-01
    7.34888971e-01 2.49475360e-01 7.16679692e-01 2.53462732e-01
    2.43918568e-01 4.76820409e-01 5.85015953e-01 1.76413238e-01
    6.96377993e-01 3.25044692e-01 8.10934484e-01 1.72807753e-01
    4.42465812e-01 8.74582291e-01 9.75266099e-01 5.54628372e-01
    3.30327749e-02 7.29344189e-01 5.15083909e-01 5.17113805e-01
    4.36566889e-01 2.41506100e-01 4.22086388e-01 9.93440628e-01
    7.52870560e-01 3.48987043e-01 1.62740797e-01 4.47580129e-01
    6.63496971e-01 1.45648658e-01 1.35855734e-01 8.78683031e-02
    5.55467129e-01 5.31492949e-01 1.64695084e-01 3.36448699e-01
    9.97085214e-01 2.33887821e-01 8.89316797e-01 8.36865902e-01
    2.34683096e-01 6.77759051e-01 6.36176705e-01 7.97423720e-02
    8.40949059e-01 8.64083767e-01 4.30016279e-01 6.06483757e-01
    4.37652230e-01 4.52858925e-01 7.23454773e-01 4.49568719e-01
    3.55212808e-01 6.99210346e-01 4.69099611e-01 4.64676559e-01
    4.04178172e-01 8.73809934e-01 8.98948967e-01 8.47239673e-01
    5.48158050e-01 2.81594366e-01 6.23678744e-01 2.12701887e-01
    8.72509480e-02 8.50237370e-01 1.97549433e-01 6.17112398e-01
    4.28612411e-01 8.88613343e-01 6.72087491e-01 1.56553298e-01
    5.01692891e-01 8.57185841e-01 7.88317084e-01 6.92284107e-03
    7.11641908e-01 7.23067343e-01 9.95689869e-01 9.34946179e-01
    7.62832761e-02 8.97277474e-01 3.70674014e-01 8.72499883e-01
    3.95518064e-01 4.87462580e-01 1.24456376e-01 1.23637617e-01
    1.58411264e-03 5.80806732e-01 1.89307839e-01 8.28794360e-01
    5.68261147e-01 9.50782716e-01 4.49613392e-01 3.66222680e-01
    3.22455883e-01 3.55798036e-01 3.51528525e-01 7.72577643e-01
    1.37818664e-01 3.99934351e-01 9.33181047e-01 9.26436603e-01
    5.94478548e-01 5.53148389e-02 9.05808210e-02 1.52390331e-01
    1.30365551e-01 3.52386475e-01 9.26588178e-02 4.19856012e-01
    4.99792397e-02 2.20907688e-01 5.82500696e-01 9.74405885e-01
    9.54312205e-01 7.43581951e-02 3.77851486e-01 1.52310729e-02
    7.83468366e-01 4.16689277e-01 1.40248775e-01 6.47147596e-02
    8.83792520e-01 3.87597263e-01 4.62166935e-01 4.18461263e-02
    5.28678894e-01 9.51609373e-01 6.85432196e-01 2.32554466e-01
    8.79675448e-02 7.59424388e-01 6.30055010e-01 3.75409484e-01
    2.72155821e-01 9.56154108e-01 4.54740405e-01 6.39424324e-01
    8.03758979e-01 6.15716755e-01 4.03407991e-01 8.63247514e-01
    5.95245898e-01 5.08291960e-01 3.72548163e-01 9.04623032e-01
    5.66815138e-02 4.51721609e-01 8.94509912e-01 5.80783486e-02
    6.36289418e-02 3.37859243e-01 5.00218868e-01 9.09595132e-01
    9.34547186e-03 3.52571309e-02 9.02749121e-01 7.31983125e-01
    4.88959730e-01 3.66977692e-01 6.21303141e-01 1.73923790e-01
    1.39414847e-01 6.77731991e-01 9.81847048e-02 4.90583152e-01
    1.01278752e-01 8.73232484e-01 5.95662594e-01 5.53240061e-01
    6.03470266e-01 8.41769397e-01 7.65424728e-01 7.47630715e-01
    7.78952956e-01 8.32397640e-02 3.29268575e-01 8.65425646e-01
    2.15040147e-02 6.69179320e-01 1.16299093e-01 4.23159003e-02
    5.09461105e-01 8.54043007e-01 1.70706898e-01 3.35726738e-01
    4.94753808e-01 8.05549681e-01 1.17340446e-01 6.85240626e-01
    3.22367311e-01 5.13531625e-01 5.63295126e-01 4.58912134e-01
    6.75802112e-01 3.33948970e-01 3.72923911e-02 2.98755229e-01
    2.92749524e-01 4.81570184e-01 2.31153697e-01 9.57587719e-01
    3.25769246e-01 4.36063081e-01 5.08090198e-01 4.43443656e-01
    8.57689083e-01 4.40254360e-01 6.26055837e-01 7.26013184e-02
    9.62387919e-01 5.50772250e-01 2.80495524e-01 6.61929905e-01
    5.04954159e-01 5.29818535e-02 6.18918061e-01 4.10957485e-01
    5.40313303e-01 1.90841496e-01 4.27051246e-01 5.10808766e-01
    6.66260839e-01 5.29448092e-01 1.10515118e-01 5.16935885e-02
    2.92708933e-01 3.53134483e-01 7.81924069e-01 5.47291696e-01
    8.55446577e-01 8.11138570e-01 3.03063989e-02 5.82825005e-01
    8.57451200e-01 2.52761841e-02 8.35604310e-01 1.06237352e-01
    1.41179442e-01 5.32491624e-01 7.79841065e-01 2.14219540e-01
    2.39521712e-01 6.17343485e-02 1.40350044e-01 3.10497940e-01
    4.97415066e-02 1.48777455e-01 8.22573900e-01 7.34545708e-01
    5.11161566e-01 3.53870183e-01 3.02322030e-01 1.66462779e-01
    2.12900221e-01 4.28274512e-01 2.18432814e-01 9.27553535e-01
    1.63844347e-01 2.90772051e-01 9.28850651e-01 3.75011235e-01
    9.64698493e-02 2.27730870e-02 2.59556413e-01 8.29470277e-01
    9.94845331e-01 3.01405728e-01 7.52562404e-01 9.18952525e-01
    8.26264858e-01 2.66845644e-01 2.35302329e-01 2.48728275e-01
    2.06485718e-01 1.83430582e-01 5.03521860e-02 6.81209922e-01
    6.41799271e-01 8.74197841e-01 4.50309962e-01 2.32225448e-01
    2.94535309e-01 8.17262292e-01 9.93974328e-01 7.62980461e-01
    4.88727689e-02 1.83886588e-02 5.20567000e-01 4.05540824e-01
    2.13827580e-01 5.22614419e-02 5.67000031e-01 4.28449899e-01
    7.16798961e-01 2.47948229e-01 8.75158310e-02 1.18419200e-01
    8.57342184e-02 3.20632875e-01 6.92904949e-01 9.89781380e-01
    6.53722048e-01 1.74186587e-01 2.86442578e-01 1.44148499e-01
    7.73882627e-01 9.09667313e-01 3.54910493e-02 6.20624125e-01
    5.92278481e-01 8.65431190e-01 5.17794132e-01 3.95633847e-01
    1.46427870e-01 9.36958075e-01 9.46392655e-01 4.10810709e-01
    7.36965597e-01 7.44348884e-01 7.41714239e-01 8.70561600e-01
    4.30510759e-01 1.05622530e-01 6.11611009e-01 6.54707789e-01
    2.17213184e-01 7.82712698e-02 8.10642660e-01 5.66741109e-01
    6.03517652e-01 3.34077060e-01 3.44817787e-01 2.52837837e-01
    5.08995533e-01 8.65052938e-01 5.85485101e-01 8.61806571e-02
    5.17115831e-01 5.93973935e-01 1.07868314e-02 8.88526559e-01
    2.35937506e-01 6.05318844e-01 3.58816445e-01 7.07705021e-02
    7.52957463e-01 6.67599797e-01 9.35279965e-01 1.70920789e-01
    7.01994598e-01 7.76293576e-01 1.90629244e-01 3.88842762e-01
    1.96273804e-01 3.85117471e-01 1.94857955e-01 4.63517010e-02
    3.10240597e-01 8.93197656e-01 2.57606030e-01 3.93754900e-01
    6.69714272e-01 1.89429551e-01 1.00391388e-01 7.86223948e-01
    1.61067903e-01 8.29519153e-01 2.97469437e-01 3.04699749e-01
    3.84712160e-01 2.22169220e-01 2.51554966e-01 5.80715060e-01
    4.95475382e-01 2.15060860e-01 7.16686249e-04 6.99015737e-01
    9.99287724e-01 1.73697710e-01 1.59955204e-01 6.74824119e-01
    1.58728033e-01 9.52252805e-01 5.27793467e-01 3.30231130e-01
    5.95902622e-01 5.88126421e-01 7.71699429e-01 2.21588463e-01
    9.98322666e-01 5.59695661e-01 7.09068298e-01 8.66372406e-01
    2.24618047e-01 9.91287470e-01 1.63475573e-02 6.92911625e-01
    9.39270854e-01 6.18261814e-01 2.01630950e-01 5.13627172e-01
    3.28028619e-01 9.60988879e-01 2.25342572e-01 6.04278207e-01
    6.55700445e-01 6.41512156e-01 9.21687961e-01 4.18018848e-01
    1.40014052e-01 3.30758035e-01 1.97845459e-01 6.32117033e-01
    1.18317485e-01 2.89951682e-01 8.81566703e-01 6.28876150e-01
    9.36869621e-01 2.98900664e-01 4.93251681e-02 6.15507066e-01
    8.39144051e-01 9.50454116e-01 8.17528665e-01 7.50661254e-01
    7.83165753e-01 4.31776047e-01 7.84750879e-01 5.67627668e-01
    4.52005357e-01 5.36048055e-01 6.21938944e-01 3.61690670e-01
    8.19017053e-01 3.03698391e-01 6.42509580e-01 1.57270223e-01
    7.55056441e-01 2.24936098e-01 9.53363597e-01 7.76449203e-01
    2.66066968e-01 8.27087760e-02 8.62044215e-01 6.89088762e-01
    1.85057521e-03 9.85234380e-01 6.49394810e-01 9.33445334e-01
    7.70419538e-02 8.39129686e-01 8.77297401e-01 9.93466258e-01
    4.46442008e-01 1.21797383e-01 3.01848412e-01 8.66032958e-01
    9.32762802e-01 6.34216249e-01 6.84524715e-01 4.43326652e-01
    9.50617075e-01 2.94826865e-01 4.60943639e-01 3.22878212e-01
    6.59535527e-02 4.62201416e-01 5.14505863e-01 2.86591262e-01
    6.39557540e-01 6.15845621e-01 6.30020559e-01 7.25496292e-01
    1.59368217e-01 2.49112159e-01 3.78393799e-01 4.12821770e-01
    6.81889296e-01 4.66573894e-01 5.54839313e-01 9.69141364e-01
    2.27533847e-01 2.54992783e-01 9.41816449e-01 6.05845749e-02
    6.44714713e-01 2.54281163e-01 7.06816077e-01 5.07054031e-01
    7.92168498e-01 7.85417318e-01 5.96873462e-01 6.56491518e-01
    8.73050570e-01 5.67507684e-01 4.42612737e-01 6.93083882e-01
    4.47790712e-01 9.66793060e-01 8.00237656e-01 4.08166379e-01
    9.66977596e-01 5.26481748e-01 4.54769224e-01 9.09482002e-01
    8.64307225e-01 4.63996291e-01 5.69111049e-01 6.80768967e-01
    1.50661588e-01 3.53278458e-01 3.99527699e-01 2.52246410e-01
    9.13751483e-01 7.33442664e-01 1.78476274e-01 4.26587820e-01
    1.58226520e-01 9.08438802e-01 8.71492207e-01 9.68673229e-01
    9.99278665e-01 1.33680761e-01 2.96293020e-01 7.71179438e-01
    7.42019415e-01 3.29842806e-01 7.79085636e-01 2.68046081e-01
    1.97836161e-01 3.07655215e-01 5.64356744e-01 6.26538992e-01
    3.97928953e-01 5.26035428e-01 3.51773858e-01 8.95332396e-01
    7.23986626e-01 4.98682618e-01 9.10647035e-01 1.03024304e-01
    7.89692998e-01 9.85967040e-01 3.03394794e-01 5.97558081e-01
    2.38269418e-01 5.55953145e-01 7.41085470e-01 4.92439032e-01
    7.30313659e-01 9.56531763e-01 9.71694589e-01 4.13061857e-01
    4.88227963e-01 8.77766132e-01 1.17465645e-01 6.98755443e-01
    4.87835348e-01 3.34981233e-01 7.91648269e-01 4.32230115e-01
    6.25653148e-01 8.16366911e-01 5.82619369e-01 5.31317055e-01
    9.35400367e-01 5.88462591e-01 8.61463547e-01 7.58512914e-02
    1.25995487e-01 4.70775723e-01 9.88434851e-01 7.34631121e-01
    1.25187129e-01 2.43136555e-01 9.58305717e-01 4.12774205e-01
    4.73780096e-01 6.12483978e-01 4.33383137e-01 3.05412352e-01
    3.22315693e-02 5.16834199e-01 4.54776019e-01 1.88326180e-01
    4.73762095e-01 2.23121107e-01 8.34151506e-01 1.42359465e-01
    1.59833729e-02 3.36310267e-02 8.13736081e-01 6.68092430e-01
    8.70551229e-01 7.03152537e-01 2.56462783e-01 7.47862756e-01
    1.20688736e-01 6.56578124e-01 8.52198124e-01 4.87762988e-02
    8.40791464e-01 6.24105930e-01 7.65052199e-01 7.34310746e-01
    3.63651097e-01 3.25551420e-01 3.22210073e-01 7.10956752e-01
    7.16868877e-01 8.13782692e-01 3.81682575e-01 5.12516737e-01
    5.89154005e-01 7.63848901e-01 9.57172811e-01 5.10432780e-01
    4.32686210e-02 5.11828065e-03 7.99122751e-02 2.69219220e-01
    9.68289018e-01 1.06027275e-01 1.29897416e-01 5.87740362e-01
    3.98072243e-01 9.44733381e-01 1.87001735e-01 2.56046742e-01
    8.44215274e-01 3.22267801e-01 5.63078344e-01 7.06282258e-02
    7.00612664e-02 4.35986996e-01 7.39480257e-01 7.04138577e-01
    7.71788120e-01 6.14856184e-01 4.81518716e-01 7.08338499e-01
    1.73251450e-01 8.16504896e-01 2.86177427e-01 6.89999938e-01
    1.26966327e-01 8.74986231e-01 2.66220897e-01 1.10954046e-02
    2.79322863e-02 1.81724817e-01 4.64042306e-01 8.75868440e-01
    3.64578485e-01 7.04225063e-01 1.67569965e-01 4.13308442e-01
    2.91126221e-01 7.71912158e-01 4.80953366e-01 5.43213189e-02
    5.65135419e-01 6.37912869e-01 2.04644561e-01 4.70055193e-01
    1.63946033e-01 5.95646679e-01 7.87860990e-01 5.32341182e-01
    3.57149303e-01 7.63647795e-01 2.85426557e-01 5.25362849e-01
    2.66904473e-01 7.85191596e-01 1.96865231e-01 3.55859697e-01
    2.27668136e-01 8.77665281e-01 7.09221005e-01 6.57764018e-01
    5.58667362e-01 8.79643202e-01 1.00487560e-01 2.39361912e-01
    3.34511757e-01 1.67716444e-01 3.92581433e-01 4.06869203e-01
    9.68694985e-02 5.18845201e-01 6.46445811e-01 3.44606429e-01
    1.54860884e-01 3.23322624e-01 9.12435353e-01 3.75207424e-01
    5.56154609e-01 2.92801857e-01 7.06379473e-01 2.10634470e-02
    2.84279972e-01 8.44518423e-01 5.80326915e-01 8.17020893e-01
    9.25908089e-01 3.61609638e-01 1.90666050e-01 7.30033576e-01
    2.24719942e-01 3.82029355e-01 1.42924279e-01 2.16658503e-01
    4.60351408e-01 1.64596528e-01 6.41338229e-01 9.07888949e-01
    3.36242914e-01 1.02554083e-01 2.09548265e-01 7.76871860e-01
    5.81465364e-01 8.85145426e-01 6.64831161e-01 9.29910898e-01
    2.21722305e-01 7.54350424e-01 9.59673524e-03 5.97961545e-02
    3.34055722e-01 5.38526773e-02 8.15460384e-02 3.79912049e-01
    4.86958325e-01 8.86116683e-01 9.34051871e-01 6.64189279e-01
    8.24954927e-01 2.21755743e-01 6.80089951e-01 1.00721955e-01
    2.67188609e-01 2.81656772e-01 1.09760553e-01 2.57004797e-01
    7.68200159e-01 8.66859317e-01 2.61577070e-02 8.89890790e-01
    7.33465075e-01 2.85755992e-01 4.01750594e-01 2.14962840e-01
    6.31947100e-01 4.85035270e-01 4.68463689e-01 9.83562410e-01
    1.39959753e-01 7.94240236e-01 7.44754791e-01 6.55966759e-01
    4.97343510e-01 7.22883224e-01 4.22668666e-01 9.18810666e-01
    9.33328867e-01 8.51973832e-01 1.58370733e-01 7.34937131e-01
    9.16496634e-01 9.84682679e-01 3.40046853e-01 9.90848660e-01
    7.74875283e-02 8.95334244e-01 9.95790958e-03 2.24356681e-01
    2.02387065e-01 6.70207024e-01 6.18330121e-01 3.93846214e-01
    6.25539243e-01 1.83431655e-01 7.61523187e-01 8.13323736e-01
    5.94200015e-01 9.95999873e-02 1.19941771e-01 8.60813856e-01
    2.71809876e-01 2.95349121e-01 3.48356783e-01 6.95576072e-01
    2.17905641e-01 8.49625289e-01 7.87309885e-01 1.80181235e-01
    6.41504288e-01 1.75732195e-01 3.12648773e-01 7.85453677e-01
    3.57943714e-01 3.90912354e-01 8.21959138e-01 5.08844793e-01
    1.06649995e-02 5.81628978e-01 6.71034396e-01 7.49696195e-01
    2.07811594e-04 3.19677114e-01 9.33228850e-01 8.53755236e-01
    7.83475041e-01 2.48137116e-02 5.06755352e-01 6.25263810e-01
    8.65439296e-01 3.99742246e-01 6.38244092e-01 5.92048407e-01
    1.29351705e-01 7.47714400e-01 7.67228246e-01 8.99469733e-01
    6.42512381e-01 7.03632832e-03 4.94632870e-01 6.42094672e-01
    8.54433775e-01 8.98974359e-01 6.79069757e-02 6.28329515e-01
    4.85839754e-01 8.13143075e-01 2.12485194e-02 1.69611961e-01
    3.89652371e-01 8.18107486e-01 3.95840645e-01 2.29196221e-01
    6.73436821e-01 7.35760093e-01 8.86421204e-01 3.05547714e-01
    7.81092882e-01 3.43725801e-01 4.07915682e-01 4.92814422e-01
    7.94363022e-01 2.74285555e-01 8.97524357e-01 2.88521409e-01
    3.53342563e-01 7.52840340e-02 4.80294585e-01 3.92457634e-01
    4.07905877e-02 3.21906865e-01 8.97303581e-01 2.34853089e-01
    7.54316032e-01 2.77399093e-01 2.69190669e-02 2.20779687e-01
    1.60249084e-01 4.45249766e-01 5.34243286e-01 1.12072349e-01
    3.78701568e-01 1.21285439e-01 6.78903937e-01 2.48522341e-01
    4.10324037e-02 5.95214725e-01 7.86280215e-01 6.52539790e-01
    8.24528217e-01 8.17817926e-01 7.12362766e-01 9.78626728e-01
    2.50860691e-01 8.81179571e-01 3.39487284e-01 1.33463055e-01
    4.79444861e-03 3.54888946e-01 2.99997747e-01 3.26602638e-01
    1.74417198e-01 8.92945588e-01 5.50251961e-01 6.87041879e-01
    5.73554754e-01 4.99921948e-01 1.20644599e-01 4.28061724e-01
    2.72093594e-01 2.63361335e-01 4.55073684e-01 2.38132209e-01
    5.81897616e-01 5.71979284e-01 4.61901605e-01 9.76854920e-01
    6.74892068e-02 6.34987950e-01 5.82943976e-01 6.31047487e-01
    4.37958509e-01 3.38552058e-01 3.85397196e-01 7.97843575e-01
    1.19346768e-01 8.52956414e-01 7.08939493e-01 7.72256851e-01
    9.38039422e-02 9.36756194e-01 3.76469612e-01 3.78645539e-01
    9.64789867e-01 6.18492067e-01 4.80763435e-01 3.83874774e-03
    4.10612226e-01 8.71058106e-02 1.24061853e-01 4.43789601e-01
    3.43587071e-01 3.57644737e-01 9.75916386e-01 2.43164897e-01
    7.91311264e-01 9.91707087e-01 1.28132761e-01 2.47647375e-01
    5.77191949e-01 9.36882734e-01 2.11073637e-01 9.86061752e-01
    6.11215830e-01 1.27150238e-01 5.42526245e-02 6.45343363e-01
    1.01112634e-01 9.78548169e-01 5.32097697e-01 5.95257521e-01
    7.40680337e-01 5.56926787e-01 7.65223682e-01 2.53144801e-02
    6.50663674e-01 9.26265717e-01 4.08799291e-01 1.32444084e-01
    2.92722434e-01 5.77190816e-02 7.20823407e-02 9.40116286e-01
    9.87178802e-01 4.62454557e-02 6.93100572e-01 6.66697860e-01
    9.05572653e-01 6.95044994e-01 4.14966494e-01 4.33310747e-01
    6.52019382e-02 9.68506336e-01 9.49107826e-01 6.83279037e-01
    8.44521999e-01 6.24643564e-02 7.84327626e-01 3.87922823e-01
    2.08666235e-01 7.83997834e-01 9.87664938e-01 5.12372673e-01
    9.88795280e-01 1.25838220e-02 5.55110991e-01 5.02672315e-01
    3.42719972e-01 6.54044211e-01 9.43746209e-01 8.09546113e-02
    3.82580340e-01 5.29373407e-01 2.84910351e-01 3.70950997e-01
    7.15922236e-01 2.66266435e-01 9.96759713e-01 8.45032334e-01
    7.86134779e-01 5.87260842e-01 3.55312079e-01 9.15308118e-01
    2.53065109e-01 5.81468642e-02 8.51537943e-01 2.40795612e-01
    5.85941672e-01 5.31883895e-01 1.13420874e-01 2.83352137e-01
    6.20320380e-01 9.69560146e-02 6.32074475e-02 9.82131600e-01
    7.79786944e-01 3.13465536e-01 3.35021466e-01 5.74214220e-01
    5.98006129e-01 1.79600120e-02 8.28057528e-03 9.75773096e-01
    8.40399384e-01 5.64915895e-01 1.95211619e-01 9.91095722e-01
    4.43991154e-01 8.83181274e-01 4.17717457e-01 5.73354542e-01
    4.84795868e-02 1.12666070e-01 8.45138550e-01 1.29245222e-01
    8.59515548e-01 2.22003758e-01 7.85888672e-01 2.25846380e-01
    7.39416122e-01 4.98705804e-01 6.98850811e-01 9.64910805e-01
    1.99013591e-01 7.47291565e-01 6.27978563e-01 3.03836346e-01
    1.14323527e-01 9.74850535e-01 2.99581766e-01 5.30005455e-01
    3.84862989e-01 3.99363041e-01 7.29065180e-01 1.65252656e-01
    2.33218551e-01 2.75606692e-01 1.83669388e-01 7.22049952e-01
    5.72787166e-01 6.96086764e-01 8.18698764e-01 3.27935994e-01
    6.30118549e-01 8.12365472e-01 5.13093293e-01 1.78477228e-01
    3.88573706e-01 1.03331864e-01 7.71367252e-02 6.63481534e-01
    3.26297641e-01 9.28629458e-01 1.20801181e-01 5.44295251e-01
    3.13321769e-01 3.67339551e-01 2.08495140e-01 2.25962073e-01
    9.61108088e-01 7.63597488e-01 8.90500903e-01 8.41490567e-01
    6.57550991e-01 7.13828266e-01 2.96178937e-01 7.50296116e-01
    8.45260978e-01 8.76595974e-01 4.27100211e-01 9.16387141e-01
    6.54148340e-01 4.91211742e-01 4.57752466e-01 5.37458539e-01
    2.82538593e-01 1.38890892e-01 3.94634992e-01 3.84693116e-01
    8.67819190e-01 9.05614018e-01 8.23445499e-01 4.11202073e-01
    8.47527027e-01 8.40624690e-01 4.88722324e-02 8.32950592e-01
    3.80610824e-01 8.30732346e-01 4.69817877e-01 1.74831510e-01
    5.86849928e-01 6.24473572e-01 1.05618596e-01 3.35305512e-01
    6.65902793e-01 4.49133992e-01 4.53816354e-01 9.21644092e-01
    3.32530499e-01 3.79696369e-01 9.22518373e-01 5.50918698e-01
    4.25538421e-01 3.29386592e-02 3.32426101e-01 9.29989219e-01
    2.79920429e-01 1.96179450e-01 3.81397784e-01 1.88863009e-01
    5.19302726e-01 8.95796239e-01 5.96874952e-01 7.41004646e-01
    4.45341110e-01 7.95620561e-01 1.41267359e-01 5.10507524e-01
    4.16923583e-01 2.08004653e-01 9.43421841e-01 6.41781032e-01
    3.00116181e-01 6.25489533e-01 1.96989715e-01 7.19645500e-01
    7.15508759e-01 8.76567245e-01 6.16562366e-01 5.82783997e-01
    7.17335641e-02 1.63526535e-01 3.52320313e-01 5.86798906e-01
    1.78511530e-01 7.73672938e-01 9.62906241e-01 1.63140357e-01
    7.61140585e-02 6.53254986e-01 6.00763083e-01 3.03911567e-01
    5.12599051e-02 8.44613791e-01 3.38608921e-01 2.66752839e-01
    1.82251692e-01 6.05279207e-03 7.13775456e-01 9.52631354e-01
    3.93193066e-01 9.94654298e-01 6.67817116e-01 8.76130819e-01
    4.01451468e-01 7.87592709e-01 3.60602170e-01 5.50872982e-01
    3.89585197e-01 8.65148664e-01 6.10462427e-01 8.29552352e-01
    9.81664121e-01 9.47512388e-01 3.55401397e-01 5.42954385e-01
    7.52609551e-01 5.86091161e-01 7.79859304e-01 5.78405857e-01
    2.65899271e-01 2.23139793e-01 1.18065774e-02 7.41656721e-02
    6.40616894e-01 9.42521691e-02 2.52690077e-01 1.21531606e-01
    1.94833696e-01 9.22674894e-01 9.15406048e-01 4.21650708e-02
    2.05862373e-01 2.55837917e-01 6.52386546e-01 5.35632372e-02
    6.26177073e-01 9.61392283e-01 8.80914211e-01 8.39935303e-01
    2.52594709e-01 1.61212146e-01 1.92818046e-03 4.92283612e-01
    2.92074680e-01 2.25913316e-01 8.05457890e-01 5.14042675e-01
    6.02392077e-01 3.32435787e-01 5.37643850e-01 8.78683090e-01
    5.03884852e-01 7.71161497e-01 1.39013469e-01 5.21647990e-01
    6.02322221e-01 1.79076761e-01 6.44255757e-01 9.91306722e-01
    5.81378281e-01 9.20943260e-01 3.86243343e-01 9.98636603e-01
    1.60220355e-01 5.20178795e-01 6.47666991e-01 4.58143115e-01
    6.72485232e-01 5.19194245e-01 5.42705655e-01 7.77049661e-01
    9.98679519e-01 8.42379093e-01 5.70093215e-01 3.25255930e-01
    5.96153855e-01 1.78336531e-01 4.51170444e-01 1.56824291e-02
    3.59316468e-01 3.23940367e-01 2.87900954e-01 6.54725313e-01
    2.73203403e-01 1.89123154e-01 7.21530437e-01 8.46199214e-01
    1.24593019e-01 5.89752495e-01 9.52531338e-01 4.58014071e-01
    9.34984088e-01 2.78585434e-01 7.64528215e-02 7.83763409e-01
    2.41102904e-01 1.80076361e-02 4.99221206e-01 4.91669446e-01
    8.16130400e-01 1.67499036e-01 1.14845425e-01 5.34223616e-02
    5.88416576e-01 9.17729497e-01 3.65620553e-01 1.08970106e-01
    1.18175626e-01 1.48381203e-01 8.73689651e-01 6.49630129e-01
    7.96983063e-01 1.87206209e-01 3.08291912e-01 2.89268315e-01
    8.21277022e-01 1.50153279e-01 8.83429408e-01 2.79652447e-01
    6.76839471e-01 7.49493957e-01 1.60074651e-01 9.47675467e-01
    4.21726108e-02 1.64838672e-01 4.64108825e-01 2.18922168e-01
    4.06066418e-01 7.87769377e-01 9.65372622e-01 7.29185104e-01
    6.25440001e-01 1.22544408e-01 4.95819360e-01 8.81389260e-01
    2.82562733e-01 4.79204774e-01 1.69607162e-01 2.03700721e-01
    4.64504868e-01 2.84772635e-01 4.89317685e-01 8.04470897e-01
    1.96982354e-01 9.48596537e-01 2.52264380e-01 3.42020452e-01
    1.57278538e-01 1.87592179e-01 8.10987651e-01 3.87672216e-01
    5.71779370e-01 9.55911875e-01 2.58017778e-02 3.72240484e-01
    3.92760545e-01 1.73598319e-01 2.96170205e-01 5.89572608e-01
    5.84365427e-02 5.38658440e-01 3.43379676e-01 1.49087608e-01
    8.84490430e-01 5.58171868e-01 4.25641477e-01 3.31323236e-01
    8.15545321e-01 2.48447746e-01 2.40434706e-02 3.72652650e-01
    4.58265334e-01 1.21117830e-01 7.63438582e-01 4.48304027e-01
    7.73047209e-01 3.79730105e-01 9.18732762e-01 8.16422224e-01
    2.47216851e-01 1.88311636e-01 1.29421771e-01 4.76407170e-01
    1.62534565e-01 4.03232872e-02 5.83763719e-02 6.24201655e-01
    9.31783795e-01 3.65004390e-01 5.13513088e-02 5.47510028e-01
    2.76738286e-01 2.70729363e-01 3.58113945e-01 8.18414688e-02
    8.68408680e-01 1.79447442e-01 2.12478608e-01 4.00146276e-01
    6.22093379e-02 6.12167597e-01 7.14161396e-01 2.04502851e-01
    9.82983172e-01 8.68907273e-01 5.73005617e-01 2.45457381e-01
    7.79471159e-01 4.50203598e-01 3.47867370e-01 5.80335021e-01
    8.01712632e-01 1.76391363e-01 6.70092940e-01 5.54749548e-01
    8.78406286e-01 2.46662021e-01 4.16923225e-01 4.07957196e-01
    5.65076649e-01 2.95917094e-01 1.49310082e-01 2.26657093e-02
    3.41298342e-01 4.40726548e-01 8.93439353e-01 2.39913732e-01
    4.28224027e-01 3.80294025e-02 3.89643312e-01 1.77689403e-01
    7.62201428e-01 6.39111698e-01 5.07381439e-01 4.27585036e-01
    5.46865404e-01 4.89705980e-01 8.37580860e-01 6.27816021e-01
    2.35885620e-01 6.01736426e-01 5.27202010e-01 8.85786772e-01
    1.13524318e-01 1.93542629e-01 6.99826717e-01 1.01447433e-01
    5.55931449e-01 5.40764689e-01 1.41006082e-01 7.96819687e-01
    5.25583386e-01 4.20000464e-01 8.73539925e-01 7.78602839e-01
    5.30166805e-01 5.09697676e-01 4.64907438e-01 8.15264106e-01
    2.02696472e-01 5.89546561e-01 1.57431722e-01 7.71049857e-01
    1.00183725e-01 6.94529057e-01 7.89339006e-01 3.10217440e-01
    6.60082579e-01 2.10899621e-01 7.44764566e-01 4.82854933e-01
    7.61572003e-01 3.47056627e-01 8.98959041e-01 9.01609957e-02
    6.02181733e-01 2.45263845e-01 7.75208712e-01 8.77369642e-02
    5.78583598e-01 7.09147453e-01 9.84275341e-02 2.02446014e-01
    6.42050266e-01 7.39998341e-01 3.58872712e-01 4.54599261e-01
    5.79588592e-01 2.09454536e-01 3.66511524e-01 2.24830270e-01
    3.15357506e-01 1.81522340e-01 8.70287895e-01 2.25067407e-01
    5.68461001e-01 2.18057185e-01 5.20099699e-02 3.20093423e-01
    8.32586884e-01 7.27832377e-01 2.19760299e-01 7.21761048e-01
    5.55359066e-01 6.34733617e-01 7.10685015e-01 3.42305064e-01
    4.88899976e-01 9.77101088e-01 7.06855059e-01 3.54280204e-01
    2.82126904e-01 1.49438232e-01 2.70457685e-01 1.97659045e-01
    5.51836789e-01 1.88247383e-01 4.77048486e-01 8.70970309e-01
    7.33242512e-01 3.12113762e-01 3.99945647e-01 1.44470245e-01
    5.45068562e-01 6.45973682e-02 5.27523935e-01 9.51881170e-01
    9.15039659e-01 6.82037711e-01 9.44190860e-01 6.23172522e-03
    7.31798828e-01 9.03904796e-01 4.63050723e-01 5.71375668e-01
    3.08546424e-02 2.76379138e-01 7.33812094e-01 6.67556167e-01
    6.36925101e-01 2.67677426e-01 7.61711597e-02 4.43372965e-01
    2.16221809e-02 4.72402275e-02 4.62694466e-01 1.08598471e-01
    4.26296443e-01 3.08858573e-01 3.49449754e-01 6.18985355e-01
    5.49953520e-01 5.13901830e-01 3.55606318e-01 2.35598862e-01
    2.60356039e-01 6.59143507e-01 7.23015010e-01 6.37801528e-01
    6.78248882e-01 8.10409725e-01 6.92042232e-01 4.76360887e-01
    6.55508459e-01 8.27787220e-01 4.21595246e-01 9.32985008e-01
    9.21866298e-02 2.45018750e-01 3.71299148e-01 2.09055543e-01
    5.75087130e-01 8.90843093e-01 8.90929222e-01 5.90619564e-01
    5.41866660e-01 7.08218813e-01 1.01565391e-01 5.43346763e-01
    6.73652887e-01 6.10403121e-01 4.27660406e-01 1.68541789e-01
    4.32269305e-01 6.68263912e-01 1.30665660e-01 9.37318861e-01
    4.09419298e-01 4.26524758e-01 2.94322789e-01 7.44208217e-01
    2.11025029e-01 8.17474246e-01 3.05404246e-01 6.68514729e-01
    9.91909146e-01 8.74414861e-01 8.36978078e-01 1.25937343e-01
    6.08307779e-01 8.34480882e-01 9.32338595e-01 6.38666511e-01
    9.62232053e-02 2.03901619e-01 9.72955823e-02 2.65559107e-01
    7.35622585e-01 2.65570372e-01 6.66765332e-01 1.10918134e-01
    1.55187339e-01 1.37594551e-01 6.55821443e-01 9.17222857e-01
    2.70272195e-02 5.75348616e-01 1.85470879e-02 5.60111701e-01
    7.68413901e-01 5.01497686e-01 4.19115305e-01 2.75822550e-01
    5.51181972e-01 1.03497088e-01 6.85299635e-01 8.92101586e-01
    9.27056313e-01 1.76021457e-01 8.22777927e-01 5.57697535e-01
    9.57095504e-01 4.38092649e-01 7.38288820e-01 9.33496356e-01
    8.14274073e-01 6.09503448e-01 3.06847990e-01 9.52328801e-01
    8.81231546e-01 8.11447978e-01 4.29916352e-01 6.57027841e-01
    8.72653127e-02 9.53904748e-01 3.75222325e-01 4.08764839e-01
    4.50131088e-01 5.95916808e-01 9.35869694e-01 4.78981137e-01
    1.85644776e-01 7.37555027e-01 6.40609205e-01 3.71216893e-01
    4.98948991e-02 2.60295868e-02 8.39173079e-01 2.39666134e-01
    8.55522275e-01 7.28205621e-01 9.56278801e-01 1.37105584e-02
    6.21558428e-02 1.33776098e-01 1.57143682e-01 8.68930817e-01
    1.81124508e-01 5.86721897e-01 9.84416902e-01 7.06116438e-01
    6.49628758e-01 9.97464538e-01 5.46618700e-02 8.87544155e-02
    9.21256244e-01 8.72906566e-01 3.66189778e-02 8.95959258e-01
    6.04274929e-01 7.51640618e-01 4.58093673e-01 2.63191760e-01
    4.85662818e-02 7.11724639e-01 6.49118781e-01 7.40413845e-01
    4.20614153e-01 5.72674632e-01 8.30747724e-01 4.82923746e-01
    3.42826962e-01 5.72336078e-01 4.53295916e-01 5.01644492e-01
    6.65750623e-01 9.00919795e-01 9.73635018e-02 6.92316592e-01
    6.02750957e-01 9.40468192e-01 8.14403772e-01 9.76036668e-01
    9.56566036e-01 5.21598458e-01 5.43873966e-01 2.97638059e-01
    3.81022811e-01 6.34689808e-01 4.03235376e-01 9.69078064e-01
    7.59317636e-01 5.68411112e-01 3.78659070e-02 8.90921116e-01
    3.59071314e-01 1.63786709e-02 6.63411617e-01 9.79636908e-02
    2.50390172e-02 9.40189242e-01 9.75748897e-01 6.57248795e-02
    1.89131439e-01 7.86011279e-01 3.67974460e-01 8.50138426e-01
    8.09589386e-01 5.22479951e-01 5.34688473e-01 8.23672533e-01
    7.84481168e-01 8.22783113e-02 5.85652828e-01 9.69693422e-01
    6.64791405e-01 1.32599086e-01 7.70787597e-01 8.26899290e-01
    6.92996502e-01 7.99941182e-01 8.92009258e-01 5.63373983e-01
    4.70535576e-01 1.44602507e-01 1.41792595e-01 4.67110872e-02
    7.68966556e-01 9.18021679e-01 5.43177307e-01 2.51252890e-01
    3.33529353e-01 5.45233488e-03 4.28145140e-01 1.68064535e-01
    1.92218155e-01 9.05126810e-01 9.10195947e-01 1.91239119e-02
    2.93858528e-01 5.75589538e-02 6.40180111e-01 1.86256468e-02
    6.02931798e-01 7.62240410e-01 7.37519503e-01 4.09861892e-01
    2.77693987e-01 8.31952393e-02 8.52664411e-01 7.20390379e-01
    5.17172515e-01 7.39195108e-01 1.19576246e-01 6.20961785e-01
    5.57940602e-02 1.16039813e-02 3.63173246e-01 5.75716496e-01
    6.86835170e-01 8.52544606e-02 6.88151240e-01 2.43441015e-01
    4.81700569e-01 7.59304166e-01 6.79489374e-01 5.10086954e-01
    5.36045372e-01 1.41694099e-01 6.53437495e-01 3.19295228e-01
    9.79294121e-01 9.12833214e-01 8.61304820e-01 5.93747258e-01
    2.13666975e-01 6.31871223e-02 5.43554723e-02 7.94067919e-01
    9.58252549e-01 8.39794040e-01 5.94669580e-01 8.48040521e-01
    4.67762649e-01 5.54392219e-01 2.00250417e-01 9.41608667e-01
    4.87183928e-01 9.50046837e-01 1.74556971e-02 8.19619417e-01
    5.96115291e-01 6.96907163e-01 6.39154971e-01 3.85631025e-01
    9.88048077e-01 2.48270810e-01 5.68988800e-01 7.81865478e-01
    8.15169454e-01 5.91257632e-01 9.58432734e-01 6.08515620e-01
    1.32467031e-01 1.77696288e-01 7.16842651e-01 4.43186164e-02
    9.83410776e-01 8.82190645e-01 8.67395520e-01 6.81820273e-01
    8.78003120e-01 6.32462621e-01 7.52194047e-01 1.36816323e-01
    5.02975285e-01 1.18123502e-01 9.40014184e-01 6.37581527e-01
    6.77254319e-01 5.47611833e-01 6.97446227e-01 9.28763032e-01
    3.89047503e-01 4.96346980e-01 2.42478102e-01 2.38144130e-01
    2.60794610e-01 5.68567753e-01 4.09033298e-01 7.58872867e-01
    1.51467055e-01 7.10604668e-01 6.14982784e-01 2.74570644e-01
    2.00493991e-01 1.44561529e-01 3.17735821e-01 8.53343964e-01
    7.64157176e-02 8.65618587e-02 9.44417119e-01 1.84490502e-01
    3.76620889e-01 6.75552726e-01 6.23238683e-02 9.87290621e-01
    1.29917622e-01 2.59268969e-01 4.34461772e-01 3.23540419e-01
    6.58234715e-01 6.88456595e-02 8.01021993e-01 3.47202003e-01
    7.54210591e-01 1.92799479e-01 2.42958724e-01 2.93786168e-01
    1.70050323e-01 4.21730310e-01 1.85654968e-01 5.08347511e-01
    1.97431117e-01 9.71414804e-01 6.35892034e-01 1.58343911e-02
    5.32756805e-01 5.83893538e-01 2.76706487e-01 2.98942119e-01
    1.95116311e-01 4.78389144e-01 8.28836918e-01 1.84292227e-01
    2.43895113e-01 1.27936542e-01 2.54850805e-01 5.97299576e-01
    6.64239287e-01 6.01692796e-01 2.71121770e-01 1.14969015e-01
    9.87431407e-01 1.09404355e-01 6.78755701e-01 7.93888569e-02
    8.21708977e-01 3.10872197e-01 9.98090386e-01 7.03446686e-01
    8.53066683e-01 6.54044807e-01 6.81053102e-02 9.61895704e-01
    1.54373407e-01 3.61168385e-02 7.95570314e-01 5.86818635e-01
    8.38127613e-01 1.00681186e-03 3.58623862e-02 8.35230589e-01
    4.79947686e-01 7.95274854e-01 3.66846651e-01 4.38360721e-01
    4.36138928e-01 3.92431468e-01 9.03712153e-01 8.40179324e-02
    1.17450982e-01 8.01237524e-02 6.07357144e-01 8.59580517e-01
    2.08985418e-01 1.32165551e-02 3.61190140e-02 4.56010491e-01
    4.72942829e-01 2.43955493e-01 6.87254250e-01 7.67576873e-01
    9.61156368e-01 6.37521565e-01 8.50090504e-01 6.60131156e-01
    1.99360520e-01 5.15983701e-01 6.02815092e-01 8.86919498e-01
    5.54500341e-01 9.43819404e-01 6.54989958e-01 8.23070168e-01
    2.13010907e-01 5.33641636e-01 4.55269217e-02 7.12670982e-02
    2.19184637e-01 1.10659361e-01 8.33712757e-01 8.99007797e-01
    4.34049398e-01 8.86944234e-01 5.37911355e-01 2.38853693e-01
    1.28982544e-01 1.05451941e-01 4.91436183e-01 9.62707400e-03
    9.87185478e-01 5.13632417e-01 9.65204954e-01 3.44256252e-01
    6.94610298e-01 3.60843122e-01 6.74991548e-01 5.95826805e-02
    9.99749601e-01 3.09751660e-01 7.43801534e-01 1.48409784e-01
    3.27414453e-01 8.02738667e-01 2.66254365e-01 4.85363901e-01
    4.93802130e-01 1.72954649e-01 1.15113884e-01 2.40529746e-01
    7.92592704e-01 9.17212009e-01 3.11539352e-01 4.09285158e-01
    7.35465348e-01 6.79956436e-01 4.78558302e-01 2.43483245e-01
    6.76290393e-01 5.37212908e-01 6.94440901e-01 3.36681306e-02
    7.55149901e-01 7.13057518e-01 3.95018309e-01 8.95333409e-01
    4.61734086e-01 3.07146817e-01 2.71216631e-02 2.53250718e-01
    3.59185129e-01 2.00369447e-01 6.75675750e-01 1.01477474e-01
    3.55029762e-01 6.92928374e-01 1.79138690e-01 9.94345725e-01
    9.12163019e-01 5.68741322e-01 2.22426713e-01 9.01768327e-01
    3.27497125e-01 3.25432837e-01 5.84218919e-01 8.13740253e-01
    6.25203013e-01 9.08890247e-01 1.66194439e-01 6.27964616e-01
    8.62675667e-01 1.92762494e-01 2.53680050e-01 5.36527812e-01
    3.09140325e-01 7.64554739e-01 4.00912762e-03 5.56121469e-01
    7.81294286e-01 4.59210843e-01 9.09565926e-01 6.45149350e-01
    3.08802664e-01 7.33511686e-01 9.54336405e-01 5.52743316e-01
    8.04502964e-01 1.01890743e-01 4.92586583e-01 7.22790778e-01
    1.68102413e-01 6.49868131e-01 7.39495158e-01 6.57363415e-01
    1.62501991e-01 4.45443779e-01 8.25039208e-01 3.36371839e-01
    2.88259327e-01 9.96627390e-01 6.35388196e-02 5.34163356e-01
    7.04328895e-01 4.75502342e-01 6.19732320e-01 5.06333411e-02
    8.44277263e-01 4.19592321e-01 2.82282233e-01 3.47511858e-01
    9.12124515e-01 4.09307241e-01 8.11905086e-01 3.14353228e-01
    9.56707001e-02 7.77076840e-01 5.60555816e-01 4.71861362e-02
    7.36707151e-01 2.61127263e-01 8.45168471e-01 1.76559478e-01
    4.17154044e-01 2.79721767e-01 1.28026396e-01 2.82869577e-01
    9.03546333e-01 3.57412338e-01 7.44429827e-01 2.26854831e-01
    9.26967442e-01 9.89189982e-01 9.96147335e-01 6.84927702e-01
    8.79752994e-01 9.75489974e-01 2.91350305e-01 3.07735085e-01
    7.18906641e-01 3.87269586e-01 2.44051099e-01 6.41409993e-01
    8.27435851e-01 4.44873124e-01 9.59788740e-01 3.59748781e-01
    4.52722460e-01 3.00762862e-01 1.36400163e-01 5.29603243e-01
    3.58696342e-01 7.10615277e-01 8.60673428e-01 6.07091367e-01
    6.38132811e-01 3.03334922e-01 8.74847293e-01 6.96702838e-01
    9.95151877e-01 9.08495545e-01 7.09168017e-01 4.47050244e-01
    7.12682486e-01 8.65645051e-01 3.84992361e-02 7.61069357e-02
    1.25291616e-01 5.64543784e-01 5.57216406e-01 2.17752188e-01
    2.26855129e-01 5.02182126e-01 8.71241212e-01 3.32830131e-01
    4.33993191e-01 7.25297749e-01 4.57208157e-02 6.56176567e-01
    2.36209482e-01 7.48559356e-01 2.55300283e-01 3.55891824e-01
    8.01972508e-01 2.98691988e-02 6.34439886e-01 5.78540444e-01
    6.73142552e-01 3.46647143e-01 3.44466448e-01 5.15959680e-01
    2.33274043e-01 7.46834278e-02 1.29490376e-01 6.62363946e-01
    3.56652081e-01 4.59285945e-01 3.59577060e-01 7.70218372e-01
    3.59011352e-01 5.36857903e-01 6.20640874e-01 1.99212700e-01
    7.18865454e-01 9.15792465e-01 3.07782084e-01 4.10208613e-01
    1.48775637e-01 2.26497233e-01 4.50348347e-01 7.58909345e-01
    3.32730114e-02 2.63984263e-01 7.92240500e-01 6.60514474e-01
    2.48537451e-01 6.38976932e-01 5.99738836e-01 6.58974767e-01
    4.16239709e-01 3.31053138e-02 9.62676406e-01 1.94389343e-01
    7.53144145e-01 2.61956841e-01 2.08055735e-01 8.99755597e-01
    7.35489845e-01 3.45842093e-01 7.94003844e-01 1.28142565e-01
    5.74300706e-01 9.75025892e-01 3.24578166e-01 3.50286961e-01
    8.58312845e-01 5.95787406e-01 9.62337971e-01 9.58161592e-01
    1.63132638e-01 8.83535326e-01 8.89916003e-01 5.46713293e-01
    9.25692320e-01 4.34395909e-01 3.65627110e-01 5.14093757e-01
    1.92307711e-01 3.26368928e-01 2.40530968e-01 7.09958613e-01
    4.27932262e-01 3.79353583e-01 7.18247890e-02 7.74911165e-01
    3.62087220e-01 3.74712914e-01 2.84681737e-01 8.65237057e-01
    7.08236217e-01 5.98669171e-01 4.47004944e-01 1.79648399e-03
    9.58794236e-01 8.49869728e-01 5.68999290e-01 9.91412699e-02
    9.51643705e-01 3.44940215e-01 9.78729248e-01 3.85437220e-01
    7.46602595e-01 4.72411215e-01 8.94792080e-01 5.46886086e-01
    2.56699920e-01 2.71327496e-02 3.49703550e-01 9.51900482e-01
    6.67124510e-01 7.50470698e-01 4.68198478e-01 7.66260743e-01
    2.63680875e-01 7.06557572e-01 9.56926584e-01 3.83442461e-01
    8.30568790e-01 3.48032385e-01 2.63169408e-01 2.40721792e-01
    2.35508829e-01 1.72599792e-01 3.54132235e-01 2.28206813e-02
    6.76223397e-01 9.56020713e-01 2.27475375e-01 4.61593181e-01
    4.88282144e-02 6.40748203e-01 7.52730727e-01 4.84443188e-01
    2.42584914e-01 3.88942063e-01 6.38069868e-01 9.54726100e-01
    5.69330871e-01 3.21749806e-01 6.98207140e-01 8.48053932e-01
    9.50178385e-01 2.58188307e-01 5.13236284e-01 5.26936054e-01
    3.82287443e-01 2.61996210e-01 9.66882825e-01 1.76698685e-01
    4.82134610e-01 9.36311126e-01 3.81721556e-02 8.65287483e-01
    7.59292781e-01 9.12996948e-01 3.97519976e-01 2.56019592e-01
    8.32673907e-02 2.23679364e-01 7.95472503e-01 5.37796676e-01
    5.78503788e-01 4.21499491e-01 2.75930285e-01 4.01630372e-01
    2.70742655e-01 7.24746346e-01 1.43125832e-01 8.86423588e-01
    3.95467699e-01 9.11374688e-01 1.92995846e-01 1.28588825e-01
    5.28047383e-02 6.46539271e-01 9.22615051e-01 6.36915505e-01
    8.95546496e-01 6.30854666e-02 9.11844134e-01 5.52482843e-01
    5.19619226e-01 7.26611376e-01 2.46684939e-01 1.42059565e-01
    2.29579031e-01 4.89207208e-01 3.60234231e-01 9.78431880e-01
    5.82280934e-01 7.59196997e-01 4.99124646e-01 9.03683603e-02
    8.75062943e-01 5.63876271e-01 6.28143787e-01 6.09790385e-02
    3.82547617e-01 2.72048384e-01 4.72092092e-01 4.23841327e-01
    7.52890527e-01 1.05690449e-01 8.27824831e-01 9.17852700e-01
    7.27683365e-01 6.56093419e-01 6.93081915e-02 4.57080960e-01
    7.29910254e-01 6.15690291e-01 1.85882360e-01 9.80680287e-02
    7.50865936e-01 1.51637942e-01 5.85610449e-01 6.85658097e-01
    8.79840851e-01 9.33254361e-02 5.09340525e-01 3.58047843e-01
    3.84205103e-01 2.94134408e-01 5.42686582e-01 3.24548274e-01
    5.45837820e-01 1.95648074e-01 1.20525748e-01 7.43813813e-01
    8.18787575e-01 4.87981915e-01 7.15884566e-03 8.13600898e-01
    5.95844388e-01 2.67937690e-01 9.00591314e-01 3.74611974e-01
    4.86532569e-01 5.42199552e-01 2.72379458e-01 9.18411136e-01
    2.82657146e-02 1.01843953e-01 9.44662809e-01 7.91354895e-01
    5.87689638e-01 6.00217879e-01 2.44956642e-01 2.51911700e-01
    2.47325420e-01 7.66331851e-02 1.58827245e-01 7.20619023e-01
    5.26766479e-02 5.70032597e-02 7.13992834e-01 2.91231304e-01
    2.88886249e-01 2.02934742e-02 2.25624859e-01 1.40752196e-02
    6.25438035e-01 5.03059804e-01 2.08594382e-01 7.41639972e-01
    2.59870291e-01 7.48766065e-01 3.65943551e-01 1.39726251e-01
    9.32327986e-01 9.20881987e-01 4.03310925e-01 4.80910093e-01
    6.92078948e-01 3.19440693e-01 4.17148650e-01 6.78919435e-01
    7.62638927e-01 2.98009783e-01 5.40795326e-02 1.88162714e-01
    1.50379092e-01 7.66361058e-02 7.42550313e-01 7.77727664e-02
    2.02723652e-01 6.91404700e-01 7.20345676e-01 5.95170319e-01
    5.89652836e-01 3.20502996e-01 8.32038999e-01 7.43380547e-01
    6.32671416e-02 6.75534785e-01 3.53167057e-01 6.49631977e-01
    3.02423686e-01 1.97779804e-01 3.81242365e-01 1.97739959e-01
    8.11955333e-01 9.88254070e-01 8.68972540e-01 5.57480037e-01
    9.12657499e-01 7.58425653e-01 3.46974999e-01 3.17717731e-01
    8.10004354e-01 6.54267073e-01 6.46090269e-01 3.60222340e-01
    1.88283056e-01 8.77820849e-01 4.65748370e-01 3.56158435e-01
    3.61364543e-01 4.25983548e-01 2.37560630e-01 2.47342288e-02
    9.75843608e-01 4.10971880e-01 9.27295327e-01 5.47481775e-01
    8.49579453e-01 6.34781778e-01 4.25537407e-01 2.68371224e-01
    7.80343652e-01 5.49856901e-01 2.09203899e-01 3.63306105e-02
    4.90275204e-01 1.83916390e-01 4.59439427e-01 5.02315044e-01
    1.15909278e-02 1.15107179e-01 2.89059460e-01 4.48764443e-01
    7.25615144e-01 3.11555952e-01 9.70161676e-01 8.28542769e-01
    3.66603196e-01 9.45104480e-01 1.66960597e-01 6.50530219e-01
    9.52655256e-01 1.36929810e-01 1.47547126e-02 3.86789322e-01
    7.27805972e-01 7.38408327e-01 7.57248878e-01 7.15826929e-01
    5.67775607e-01 6.44971132e-02 6.84981823e-01 9.56378102e-01
    2.98636913e-01 8.42230201e-01 6.43918276e-01 1.47298008e-01
    1.12703085e-01 1.28943235e-01 5.96797943e-01 7.29032099e-01
    7.23305106e-01 5.87632239e-01 2.12445408e-01 8.20106149e-01
    6.12900972e-01 6.77114904e-01 4.99465287e-01 4.97780472e-01
    9.16545510e-01 5.74793577e-01 5.76691806e-01 2.37457454e-01
    8.28253031e-02 2.95686185e-01 2.21100539e-01 7.01701343e-01
    2.76077330e-01 8.78191948e-01 7.47062683e-01 7.86347389e-01
    9.10483956e-01 8.50620270e-01 8.18127871e-01 7.97628343e-01
    3.47927630e-01 6.61663413e-02 2.23574102e-01 5.29414713e-02
    8.96522284e-01 3.41192603e-01 5.23438513e-01 9.18212831e-02
    9.39919114e-01 3.22768211e-01 6.95254803e-01 8.41777027e-02
    9.85147297e-01 5.22127926e-01 6.49488688e-01 2.52208591e-01
    8.07861805e-01 4.20883358e-01 2.81691730e-01 3.57314646e-01
    2.55633712e-01 6.54716730e-01 3.41864526e-01 8.11616302e-01
    9.99239445e-01 2.08726197e-01 9.52590525e-01 2.92700619e-01
    5.32439530e-01 7.28673756e-01 3.62666965e-01 3.84362638e-01
    8.08051944e-01 9.55303431e-01 9.84367132e-02 2.65543759e-02
    7.43808389e-01 5.31392038e-01 6.98551118e-01 5.52309155e-01
    7.60295451e-01 3.36380422e-01 6.40332460e-01 4.09559488e-01
    5.35027266e-01 6.45889521e-01 9.49677408e-01 1.51713639e-01
    1.76142782e-01 4.94114697e-01 3.43155146e-01 2.58189708e-01
    9.54623818e-01 3.89552712e-02 6.47885025e-01 9.43105996e-01
    9.18108702e-01 6.07634544e-01 7.54491925e-01 2.03354806e-01
    2.07002729e-01 9.54420388e-01 8.24056149e-01 7.85569251e-02
    2.28941441e-01 8.28255177e-01 4.08109307e-01 1.55321717e-01
    6.82132781e-01 1.98633730e-01 2.45032966e-01 5.27639329e-01
    7.02046692e-01 4.71723676e-01 9.09997582e-01 2.96305060e-01
    4.81628269e-01 1.02349848e-01 5.39133847e-02 5.89608669e-01
    5.61951399e-01 6.19847834e-01 9.92888927e-01 7.46343791e-01
    5.05794764e-01 7.11997509e-01 7.16881156e-01 7.26559520e-01
    4.46947396e-01 9.41420138e-01 1.01511478e-02 6.40285969e-01
    4.78814542e-01 6.28480852e-01 8.83084536e-01 9.78026032e-01
    1.77366078e-01 8.65180969e-01 1.20701224e-01 3.11141133e-01
    9.33874130e-01 1.10674351e-01 4.97248292e-01 1.31698549e-01
    9.12284851e-01 1.71214759e-01 5.33610404e-01 8.66317868e-01
    7.33059943e-02 7.48016775e-01 9.95237708e-01 9.01747525e-01
    4.22513217e-01 7.01900184e-01 2.70913899e-01 4.77174997e-01
    1.59563422e-01 3.39869648e-01 3.35032672e-01 1.79835171e-01
    1.23965114e-01 3.08125079e-01 6.37887478e-01 1.40587419e-01
    6.83436155e-01 8.34018052e-01 8.39825571e-01 6.32163882e-03
    2.03918844e-01 9.31345224e-01 1.13061994e-01 4.48206931e-01
    1.25650972e-01 8.87798369e-01 6.29328966e-01 1.46583170e-01
    3.89163971e-01 7.70604968e-01 6.59679890e-01 1.41021907e-01
    2.26625353e-01 5.47905207e-01 6.41667604e-01 4.55120265e-01
    1.74150169e-02 9.54279184e-01 6.39417887e-01 5.48169672e-01
    7.54039407e-01 2.35935688e-01 4.98993754e-01 8.14167857e-01
    8.60585928e-01 6.51383817e-01 2.08595663e-01 3.59057367e-01
    6.29136920e-01 6.11061931e-01 3.74830902e-01 1.14389211e-01
    1.17015243e-01 2.94294626e-01 8.15454185e-01 6.53494358e-01
    2.14733362e-01 3.25070292e-01 2.37969995e-01 4.77116674e-01
    6.64461017e-01 8.76447916e-01 1.67417467e-01 5.06969035e-01
    9.13880944e-01 5.94737887e-01 8.83815527e-01 7.53638864e-01
    7.44889557e-01 4.79034871e-01 6.42431974e-02 8.33390951e-01
    5.52263677e-01 6.07072771e-01 1.76493734e-01 4.40716594e-01
    2.92079926e-01 8.15734446e-01 1.60439283e-01 3.11331391e-01
    6.02677226e-01 5.85169435e-01 4.90241647e-01 6.46313965e-01
    4.02704328e-01 9.66537595e-02 7.33258367e-01 1.24677867e-01
    6.13458276e-01 8.06351781e-01 9.22040462e-01 2.44743854e-01
    8.59193027e-01 6.35049105e-01 3.32802474e-01 5.89462280e-01
    3.51872325e-01 9.42348361e-01 5.93541205e-01 2.62658298e-01
    5.48993349e-02 4.10426289e-01 6.11129224e-01 6.75796151e-01
    6.28875792e-01 1.31237209e-01 2.75328159e-01 7.52888680e-01
    4.03712749e-01 7.89145827e-01 5.36505520e-01 3.78218561e-01
    2.49722540e-01 9.16059792e-01 7.56131291e-01 4.17449862e-01
    1.91049963e-01 4.26740944e-01 4.17655826e-01 4.11365092e-01
    4.69908029e-01 6.64351523e-01 1.71216488e-01 1.12339109e-01
    8.79198551e-01 2.88358480e-01 1.41331881e-01 1.72781616e-01
    3.38826329e-01 7.55047560e-01 7.18498111e-01 4.37109292e-01
    2.48975575e-01 9.89066839e-01 4.81327623e-01 6.76530600e-03
    8.72892261e-01 5.69208562e-01 6.72478914e-01 8.04061174e-01
    7.32403636e-01 2.45628804e-01 5.31117380e-01 7.94860482e-01
    2.47770905e-01 5.38439095e-01 2.78803736e-01 8.46597135e-01
    2.82068312e-01 9.24997628e-01 1.21129155e-02 5.62087417e-01
    3.98536652e-01 4.04492855e-01 2.50735670e-01 5.77335835e-01
    4.44282830e-01 6.22713447e-01 5.87062120e-01 8.35967660e-01
    6.85487628e-01 4.23316032e-01 6.65175259e-01 7.23839879e-01
    9.17670071e-01 6.93353713e-01 9.98508394e-01 3.73888016e-01
    5.11020720e-02 4.38220978e-01 2.87669927e-01 2.29725271e-01
    2.79938698e-01 4.06707972e-01 8.51475239e-01 2.80073673e-01
    2.58169234e-01 3.27007085e-01 9.24910426e-01 7.76003361e-01
    6.08906031e-01 7.99041152e-01 6.49890304e-02 4.22644705e-01
    9.24671888e-01 8.31871271e-01 3.25280726e-01 3.37527335e-01
    8.12943339e-01 3.10745835e-03 9.88534093e-01 9.10126448e-01
    8.20580959e-01 1.30566895e-01 7.72643805e-01 7.05830812e-01
    3.76848400e-01 8.36355031e-01 3.95105332e-01 9.12491918e-01
    3.60695809e-01 4.17129397e-01 5.28538167e-01 8.29285681e-02
    6.44404411e-01 4.24187958e-01 6.23735309e-01 4.18270797e-01
    2.65296638e-01 3.25400770e-01 6.78495049e-01 7.25642443e-01
    7.89997160e-01 9.70465899e-01 6.11997366e-01 8.90707612e-01
    4.51740891e-01 8.62715840e-01 8.20113301e-01 3.43073368e-01
    6.46987319e-01 8.47639561e-01 3.38137537e-01 9.04783189e-01
    6.53119087e-02 3.77327174e-01 1.92971885e-01 5.58709860e-01
    3.66279125e-01 9.38518047e-02 1.26930237e-01 3.76377106e-02
    8.09356630e-01 5.96264422e-01 3.18383038e-01 3.16921473e-02
    3.70689750e-01 7.02330232e-01 4.76507634e-01 6.92202866e-01
    9.35817897e-01 6.44562483e-01 9.02958810e-01 3.36542398e-01
    2.51494795e-01 7.36414850e-01 2.35445470e-01 6.30231738e-01
    5.01883149e-01 3.64737093e-01 9.47170556e-01 6.84781432e-01
    6.66585624e-01 6.84297740e-01 5.66057503e-01 6.64684296e-01
    1.87402815e-01 4.21123534e-01 9.17704940e-01 9.49888706e-01
    8.70739222e-01 7.09163308e-01 4.28357124e-01 8.49868000e-01
    4.81072843e-01 8.93419683e-02 7.65594065e-01 7.35575080e-01
    7.43751228e-01 7.62439966e-01 9.77635384e-02 7.84723282e-01
    2.07618713e-01 9.07849312e-01 8.67350101e-01 4.89298791e-01
    1.20226562e-01 1.14878684e-01 5.05598903e-01 5.92870772e-01
    8.69323850e-01 7.09154546e-01 1.77797288e-01 7.50497580e-01
    2.07951665e-01 4.19960171e-01 8.21176291e-01 9.16010857e-01
    7.81669021e-01 8.30395579e-01 3.47585261e-01 7.63499379e-01
    2.86880136e-01 5.65368652e-01 2.26854265e-01 7.63139486e-01
    9.73595083e-01 3.86424243e-01 5.30098498e-01 3.74104083e-01
    6.81690216e-01 9.16973352e-01 2.78235495e-01 7.01338410e-01
    2.08597720e-01 7.99792230e-01 6.85748339e-01 5.67779064e-01
    2.39660829e-01 1.32213503e-01 6.94189072e-01 3.01310748e-01
    4.46919709e-01 7.60140300e-01 1.41746819e-01 5.44895887e-01
    9.03786898e-01 6.38980150e-01 6.03810251e-01 8.06726813e-01
    6.89714253e-01 4.62798119e-01 3.17988366e-01 5.06447434e-01
    6.63845181e-01 1.69862330e-01 5.31691670e-01 8.53486300e-01
    1.66200489e-01 3.44752491e-01 6.57775700e-01 7.94371486e-01
    6.56057715e-01 6.22000694e-02 9.64080811e-01 4.65499163e-02
    1.03090674e-01 6.90843582e-01 4.35695052e-03 8.37664485e-01
    7.90530264e-01 6.88195765e-01 9.79785025e-01 9.07789350e-01
    6.99595511e-02 2.85294890e-01 4.70019877e-01 8.69322300e-01
    6.98052883e-01 8.20322216e-01 8.30162883e-01 1.88854128e-01
    8.17740023e-01 5.03191531e-01 1.49141908e-01 5.77971935e-01
    9.12438333e-01 5.76430976e-01 4.55454886e-02 5.93430400e-02
    5.90770543e-01 9.49793100e-01 6.40273154e-01 8.52773666e-01
    3.96385670e-01 7.58970857e-01 4.17085528e-01 2.23255306e-01
    6.85063839e-01 1.79491282e-01 7.24847317e-01 7.69995689e-01
    3.54231715e-01 6.45506024e-01 4.06116784e-01 8.22643399e-01
    3.21060419e-04 8.99748802e-01 9.84394252e-02 9.36547995e-01
    1.63039327e-01 2.69287974e-01 9.35108006e-01 4.40336555e-01
    6.03288412e-01 4.09996510e-01 7.86635160e-01 5.67495525e-01
    6.05138779e-01 3.04341137e-01 5.45162022e-01 1.64057255e-01
    6.07829750e-01 8.07072639e-01 4.79322493e-01 5.16344845e-01
    2.66874254e-01 7.24585712e-01 5.10212243e-01 7.36942589e-02
    7.85301447e-01 5.28491020e-01 7.96402693e-01 7.14885175e-01
    7.49438405e-01 6.41119301e-01 6.89536572e-01 7.40095079e-02
    1.48185104e-01 8.44457507e-01 4.51968700e-01 8.01321268e-01
    3.38937879e-01 6.67066932e-01 9.08041596e-02 4.61527288e-01
    6.65388703e-02 9.56956148e-01 3.06998193e-01 4.69093084e-01
    5.18023849e-01 6.13948226e-01 7.99880624e-02 3.56883705e-01
    6.61481977e-01 3.14236581e-01 3.26318443e-01 1.54839933e-01
    5.75270772e-01 9.85054314e-01 6.12803102e-01 2.69713521e-01
    9.95493650e-01 7.41162539e-01 3.17491710e-01 1.82706952e-01
    9.88105893e-01 5.60751915e-01 2.64503956e-01 7.16536164e-01
    6.39597893e-01 9.35213447e-01 1.47731841e-01 3.75275910e-01
    9.81607318e-01 4.80230004e-01 3.83694768e-01 9.32368100e-01
    8.87788713e-01 8.76323283e-02 6.82789862e-01 8.20989549e-01
    9.39997613e-01 3.64518881e-01 4.63606179e-01 8.12782049e-01
    4.57642674e-02 9.41536129e-01 4.30098325e-01 8.42269480e-01
    1.85333669e-01 9.59319115e-01 8.33528519e-01 5.59385359e-01
    2.76884079e-01 2.25484580e-01 5.54890454e-01 9.07868743e-01
    6.76387310e-01 6.37075663e-01 5.73636055e-01 9.42380309e-01
    3.18214238e-01 1.18444085e-01 1.08478904e-01 7.31355190e-01
    7.13895500e-01 8.17563891e-01 5.85927486e-01 4.33749229e-01
    5.24939775e-01 8.22508693e-01 4.61078376e-01 9.00287926e-02
    1.10209733e-01 6.89094126e-01 3.42579842e-01 2.62638927e-01
    4.80958819e-03 3.80358696e-02 2.37866223e-01 5.72949350e-02
    2.71818042e-03 5.42078972e-01 6.55439615e-01 9.67676997e-01
    7.43655503e-01 2.44424790e-01 2.55490541e-01 7.67833948e-01
    1.57855332e-01 7.04051137e-01 3.36688042e-01 8.98313046e-01
    7.80413270e-01 4.89128768e-01 8.63887668e-01 6.76483989e-01
    1.17497504e-01 5.44927418e-01 5.88082552e-01 3.61878127e-01
    4.73521680e-01 8.30203891e-01 9.01276648e-01 6.69772506e-01
    1.38727844e-01 7.79200375e-01 8.11791182e-01 8.35068822e-01
    4.14865643e-01 9.55270052e-01 9.37912822e-01 1.36294812e-01
    6.26144171e-01 6.65169477e-01 1.15491480e-01 5.39565384e-01
    4.70679462e-01 2.03296751e-01 7.34265029e-01 9.66463685e-01
    7.24148750e-01 6.95116937e-01 5.82087696e-01 1.74456120e-01
    5.54191649e-01 8.75193238e-01 4.28188056e-01 1.64575994e-01
    9.76459503e-01 6.23399496e-01 5.23479521e-01 8.41501355e-01
    9.35778379e-01 5.65346003e-01 5.21949053e-01 4.25498158e-01
    9.61674690e-01 3.83732349e-01 6.36631250e-01 2.71686077e-01
    4.10100043e-01 1.61224604e-01 4.80810434e-01 8.57500076e-01
    6.84535384e-01 5.89464903e-01 6.49473548e-01 2.15868980e-01
    8.53307843e-02 4.40352529e-01 7.43031621e-01 2.32917249e-01
    6.77977443e-01 5.54228961e-01 2.43044138e-01 3.70003045e-01
    5.84245265e-01 5.69565296e-01 5.78837037e-01 3.30486298e-01
    4.90178853e-01 9.41855609e-01 5.07530272e-01 6.58986449e-01
    1.89171880e-01 4.52793002e-01 4.17423487e-01 2.40183830e-01
    1.10326409e-01 8.53866220e-01 4.47227210e-01 3.24586272e-01
    3.91615719e-01 8.63326788e-01 5.00064671e-01 3.81245673e-01
    5.37777781e-01 1.12677068e-01 2.76616514e-01 7.16902018e-01
    9.07539129e-01 7.64401376e-01 5.30330777e-01 4.14925843e-01
    4.36041057e-02 4.94486541e-01 2.06783414e-02 6.96793675e-01
    3.37124705e-01 5.74047983e-01 3.61570090e-01 1.40942752e-01
    2.98509210e-01 3.74816060e-01 3.70312274e-01 4.66952324e-01
    9.31898713e-01 5.96895218e-01 6.29259408e-01 5.19824564e-01
    8.29786360e-01 7.47937977e-01 4.27330732e-01 1.60901725e-01
    6.93358481e-02 9.54434216e-01 2.57377148e-01 8.62046480e-01
    7.58659363e-01 7.37016857e-01 2.64864802e-01 5.23867071e-01
    2.98847258e-01 2.80640155e-01 2.62034893e-01 5.05374610e-01
    6.31350338e-01 1.38739824e-01 4.79589283e-01 1.17796779e-01
    6.37227893e-02 9.46960568e-01 4.62971330e-02 1.43905669e-01
    8.58275056e-01 7.76833057e-01 8.05730820e-01 6.51057959e-01
    4.10206795e-01 6.86774492e-01 8.66908252e-01 5.11818528e-02
    7.58849680e-01 4.89459664e-01 1.50737196e-01 1.10641122e-02
    1.05703115e-01 9.05547261e-01 7.65510678e-01 7.62986541e-01
    6.31463647e-01 5.67444623e-01 4.54267055e-01 6.94332063e-01
    1.62347883e-01 2.97985077e-01 3.24901044e-01 1.83165759e-01
    2.73697674e-02 7.88028002e-01 7.70388424e-01 8.26726854e-01
    1.55455768e-01 8.60793948e-01 6.04315996e-02 8.75352740e-01
    2.69728243e-01 1.65588975e-01 9.29095984e-01 2.41574496e-01
    9.05267835e-01 2.77935743e-01 2.71297276e-01 1.47719890e-01
    8.14124107e-01 2.07206190e-01 4.74368602e-01 7.15479791e-01
    9.08360243e-01 2.81172276e-01 7.72388160e-01 1.17773622e-01
    3.05207372e-01 5.12189746e-01 3.37850541e-01 9.07337785e-01
    4.65767205e-01 2.92836547e-01 2.10012078e-01 2.44526535e-01
    8.23643684e-01 9.63794827e-01 1.67980045e-01 6.42762423e-01
    3.94875407e-01 5.58989882e-01 9.00380075e-01 9.91432786e-01
    6.02426946e-01 8.85201097e-01 3.39869201e-01 2.72507131e-01
    1.51275337e-01 2.82377005e-02 9.23707366e-01 4.62915361e-01
    7.05662966e-01 8.76137674e-01 3.11821699e-02 6.44390225e-01
    8.37035120e-01 3.40680987e-01 1.77472830e-01 9.51228857e-01
    6.70383036e-01 9.82382894e-03 5.94887197e-01 1.99013919e-01
    1.45312577e-01 4.73988473e-01 2.21678078e-01 2.25288332e-01
    5.06934524e-02 8.67222905e-01 2.68398225e-02 2.06927508e-01
    3.98635328e-01 5.45482695e-01 8.25791478e-01 6.03066266e-01
    7.46086836e-01 6.34900928e-02 3.89625311e-01 7.28507221e-01
    8.11581850e-01 2.58503050e-01 7.95627236e-01 8.74208093e-01
    2.18484432e-01 7.85215855e-01 8.64567101e-01 5.36416531e-01
    7.46858656e-01 2.42538452e-02 8.38263929e-01 6.66802287e-01
    4.22942460e-01 8.14548790e-01 1.41999364e-01 5.78767180e-01
    3.89737219e-01 1.56559050e-02 6.29673302e-01 4.15252358e-01
    9.44569826e-01 3.79954636e-01 2.56161094e-02 1.01155937e-02
    9.96622801e-01 4.24739897e-01 6.97761536e-01 9.40039635e-01
    5.03027916e-01 8.02749753e-01 2.13185668e-01 6.12828493e-01
    7.58672476e-01 2.66591549e-01 9.31278288e-01 5.22263646e-02
    9.22919810e-02 3.09464335e-03 2.07387984e-01 8.83046150e-01
    2.92447925e-01 5.02820373e-01 7.76021361e-01 2.15888947e-01
    2.77509034e-01 2.72054911e-01 3.61846983e-01 4.90641505e-01
    6.70034409e-01 2.91454434e-01 3.66093755e-01 9.01704669e-01
    8.48355532e-01 5.55859506e-02 3.84258032e-01 1.45919174e-01
    1.04068756e-01 1.31437600e-01 5.75699985e-01 9.63718534e-01
    9.64908838e-01 9.79397237e-01 4.70860302e-01 4.43055332e-02
    1.53325051e-01 6.63177490e-01 8.20152640e-01 8.83375108e-02
    8.51195574e-01 5.87648451e-02 5.08996189e-01 8.21131587e-01
    2.54129767e-02 6.29154921e-01 6.40261889e-01 5.31191528e-01
    9.24907923e-01 1.21021897e-01 2.41514981e-01 4.01875675e-02
    9.44112897e-01 6.67936802e-01 5.02416790e-01 8.74312222e-02
    9.21550691e-01 8.86738896e-01 5.24345279e-01 4.36532766e-01
    2.22130358e-01 8.02802801e-01 5.20526111e-01 2.76907623e-01
    2.64308810e-01 2.07255125e-01 9.83285904e-01 8.24599862e-01
    7.58381844e-01 9.42162275e-01 3.29765290e-01 6.59413397e-01
    6.09827101e-01 9.21517015e-01 4.63555127e-01 8.25017333e-01
    2.06360012e-01 2.69513547e-01 4.92353141e-01 5.04548848e-01
    8.68603349e-01 2.72516161e-01 3.28899950e-01 9.78319347e-01
    9.22305465e-01 3.84982288e-01 4.53974754e-01 1.41509980e-01
    8.61730874e-02 5.78853607e-01 6.64962530e-01 6.28788531e-01
    7.45521069e-01 3.94167602e-02 1.01938158e-01 2.95792997e-01
    8.85164857e-01 3.82245183e-01 6.34164572e-01 6.25247478e-01
    8.72684240e-01 7.30144143e-01 6.15920424e-01 5.22662044e-01
    6.56921387e-01 3.80695432e-01 8.31787467e-01 7.90333152e-01
    8.79817247e-01 3.60586166e-01 1.58371300e-01 7.31140554e-01
    3.50776911e-01 7.45078564e-01 2.11434156e-01 1.47446096e-02
    7.92823672e-01 9.51521635e-01 3.79558444e-01 5.66208661e-01
    3.90222877e-01 9.12033260e-01 6.72353029e-01 7.75531411e-01
    4.28188026e-01 9.43461895e-01 3.97915661e-01 8.31436634e-01
    3.39628518e-01 3.59898984e-01 3.00381839e-01 9.88043427e-01
    9.45267677e-01 2.60408700e-01 6.81014478e-01 2.50302881e-01
    8.65360916e-01 6.51592255e-01 6.92780733e-01 3.92817229e-01
    6.83541596e-01 2.72823721e-01 7.60784984e-01 6.10655904e-01
    6.37769461e-01 8.86145532e-02 7.22579300e-01 7.01242089e-01
    9.05540049e-01 7.47543335e-01 8.92990708e-01 6.95731223e-01
    8.64758015e-01 8.33847642e-01 8.37173998e-01 5.66439092e-01
    7.99563289e-01 4.36320126e-01 8.21888447e-03 6.25799417e-01
    8.39263201e-04 4.77957845e-01 9.10342336e-01 7.27362514e-01
    8.50507617e-01 1.24746829e-01 2.36385524e-01 8.07703376e-01
    6.98837638e-01 9.71151769e-01 5.01296699e-01 8.76135826e-01
    5.81877708e-01 8.22378755e-01 3.79414886e-01 7.50637054e-01
    7.29653537e-02 9.96080875e-01 8.09095621e-01 3.24102044e-01
    8.69341254e-01 1.98742121e-01 2.41961271e-01 2.40102947e-01
    6.27054274e-02 8.49812925e-01 1.28861487e-01 7.21374989e-01
    5.77097476e-01 1.24089986e-01 4.25093472e-01 9.65491235e-02
    2.64812499e-01 2.31129825e-02 2.80628800e-02 5.85850477e-02
    6.89278603e-01 8.13588977e-01 1.30658567e-01 4.32223231e-01
    9.91962314e-01 1.50190026e-01 6.05891407e-01 3.14728707e-01
    4.12838370e-01 3.33869398e-01 1.11870050e-01 9.34271574e-01
    4.35883820e-01 6.67824209e-01 8.26216102e-01 8.14902782e-01
    1.48467541e-01 5.06603658e-01 2.29144096e-01 7.37255812e-03
    8.94630075e-01 5.26919901e-01 6.78129375e-01 9.23821568e-01
    3.83778334e-01 2.63094485e-01 1.25455499e-01 4.15259957e-01
    8.12606931e-01 5.96724927e-01 8.01360369e-01 4.55262065e-01
    7.30723739e-02 8.60408306e-01 3.43812406e-01 9.54020679e-01
    9.72061634e-01 2.27248818e-01 3.00389171e-01 4.05669510e-01
    8.53987932e-01 2.81733990e-01 1.17912859e-01 8.71219039e-01
    1.52642459e-01 3.46551269e-01 4.46009308e-01 6.67865574e-02
    7.42546022e-01 1.18864894e-01 6.43308163e-01 1.74719810e-01
    1.65928006e-02 4.61061269e-01 6.41572833e-01 5.55207551e-01
    1.10859960e-01 5.97208202e-01 7.01262116e-01 7.06021190e-01
    9.46533978e-02 7.33829260e-01 3.49993259e-01 7.86020100e-01
    6.54692411e-01 5.95775604e-01 8.60231638e-01 3.84119153e-02
    5.40225923e-01 2.03422934e-01 9.51803803e-01 9.11354184e-01
    3.43061000e-01 4.50286627e-01 6.26411259e-01 3.95989895e-01
    8.35496426e-01 5.14719129e-01 9.39873040e-01 4.52012688e-01
    4.44615662e-01 9.44951892e-01 5.87880313e-01 4.72721159e-01
    1.28196180e-02 3.96878719e-01 1.02450222e-01 2.42656916e-01
    4.58426803e-01 8.86871219e-02 7.66787291e-01 3.84672433e-01
    7.64688134e-01 6.43130779e-01 8.40429306e-01 8.12585056e-01
    5.00722110e-01 5.07560074e-02 4.51973140e-01 6.29639268e-01
    4.24970388e-01 1.62738323e-01 9.41492796e-01 1.72661811e-01
    2.46409595e-01 4.38782573e-03 2.71717548e-01 6.81167483e-01
    4.62498069e-02 4.68917489e-02 7.61211514e-02 9.75234866e-01
    8.52312207e-01 7.60884404e-01 1.54742777e-01 6.12561643e-01
    2.64078557e-01 3.47602963e-02 6.62531853e-01 7.40368903e-01
    2.83898979e-01 4.56753463e-01 3.82335514e-01 5.84516168e-01
    2.22647578e-01 5.09451568e-01 7.45229900e-01 2.47628003e-01
    1.29950225e-01 1.02385223e-01 2.42473453e-01 1.78863943e-01
    4.04137075e-01 5.08966982e-01 2.85856932e-01 1.11388296e-01
    1.49181783e-02 4.49591607e-01 1.42116010e-01 1.80121392e-01
    8.14139009e-01 8.06089461e-01 3.74233842e-01 7.72019565e-01
    6.56180561e-01 9.58012700e-01 8.28890920e-01 4.06789005e-01
    6.70980096e-01 8.33001196e-01 9.89851952e-01 1.97453707e-01
    7.40718842e-03 8.73798668e-01 9.61120486e-01 2.28095114e-01
    3.95419598e-01 3.35311234e-01 7.17672408e-01 7.12218165e-01
    2.57106274e-01 8.09020162e-01 1.12006992e-01 3.89242232e-01
    2.34737128e-01 8.49006474e-01 1.74589753e-02 7.94153810e-01
    1.77474976e-01 8.19555581e-01 2.39509940e-02 5.56048989e-01
    5.60911596e-01 1.81238800e-01 4.04331565e-01 1.73061550e-01
    4.71920878e-01 4.47315961e-01 3.39892507e-03 1.80001140e-01
    4.40767050e-01 3.17044109e-01 5.93430996e-01 1.10591888e-01
    4.54230130e-01 2.55717397e-01 2.06727982e-02 4.36491370e-02
    8.74896586e-01 5.17015994e-01 4.68405247e-01 5.72351754e-01
    7.51736045e-01 5.69475055e-01 3.82812321e-01 4.69648808e-01
    8.94181728e-01 8.26423645e-01 1.96901232e-01 7.23774135e-02
    9.92879152e-01 6.38520658e-01 8.11336279e-01 9.47932541e-01
    3.78612638e-01 1.72781050e-01 9.13178623e-01 2.55493343e-01
    9.33306098e-01 4.14338320e-01 8.83073092e-01 1.37362987e-01
    3.85420620e-01 9.51989889e-02 7.85482407e-01 7.65885592e-01
    9.93617773e-01 4.79686379e-01 9.64169264e-01 7.46417284e-01
    4.40741181e-02 5.47162473e-01 3.94275367e-01 6.15111113e-01
    1.51493400e-01 1.02772027e-01 9.13427591e-01 5.23728609e-01
    6.51252806e-01 7.37072051e-01 6.56892478e-01 1.65089726e-01
    4.25904810e-01 2.63897210e-01 1.50249451e-01 6.39558554e-01
    7.20528543e-01 8.64487529e-01 4.03579533e-01 2.87618339e-01
    9.86886501e-01 6.44613266e-01 6.64974928e-01 8.92229557e-01
    5.19884229e-01 7.87285864e-01 1.71147466e-01 5.04999876e-01
    3.65600467e-01 1.11780167e-01 3.64773184e-01 1.28958851e-01
    1.69313371e-01 4.79080796e-01 7.08346963e-01 3.94029438e-01
    8.17541957e-01 6.12030029e-01 8.82842362e-01 2.13637531e-01
    2.46708691e-02 2.03475654e-01 9.11360025e-01 9.13631558e-01
    2.81585097e-01 2.32740641e-02 1.94745153e-01 2.53145754e-01
    7.64603496e-01 7.39513159e-01 9.14728045e-01 8.42584610e-01
    6.84181452e-01 7.20671177e-01 3.97496015e-01 4.11190450e-01
    4.52332526e-01 5.79523683e-01 7.43138075e-01 8.04326534e-01
    7.37877846e-01 4.19130594e-01 9.25537765e-01 7.58863330e-01
    1.02779627e-01 2.84017444e-01 6.48510993e-01 1.62704647e-01
    5.04388273e-01 2.00334281e-01 2.12740749e-01 1.14496648e-01
    2.41871178e-02 4.26303953e-01 8.20241153e-01 9.14069772e-01
    9.79948759e-01 4.19464380e-01 2.62896091e-01 7.35053658e-01
    7.55793929e-01 7.04296947e-01 6.74002826e-01 1.21457070e-01
    4.59238052e-01 6.04873240e-01 7.83455729e-01 9.49128866e-01
    5.84636927e-02 3.47819030e-02 4.32591200e-01 7.89072156e-01
    2.25950301e-01 3.19962710e-01 4.59146559e-01 6.03948951e-01
    2.57497132e-02 3.23371172e-01 2.47495949e-01 2.11961776e-01
    5.74988723e-01 4.90870684e-01 6.45271361e-01 9.63467598e-01
    8.01169515e-01 8.29051018e-01 3.75521958e-01 4.82381582e-01
    8.36692810e-01 1.56639308e-01 7.44073391e-02 8.17198038e-01
    7.96450734e-01 5.94734848e-01 6.30619764e-01 3.33995044e-01
    9.99776483e-01 8.22402477e-01 5.13799667e-01 6.18569016e-01
    4.94137079e-01 8.16268623e-02 7.53406584e-02 6.54840291e-01
    8.47805917e-01 8.92398775e-01 6.75288975e-01 7.00531244e-01
    1.06555581e-01 7.60463715e-01 7.11916089e-01 1.60081148e-01
    3.24803799e-01 2.03066826e-01 6.23057783e-02 3.48719448e-01
    5.36250174e-02 5.51629841e-01 7.57141054e-01 9.50431585e-01
    5.64619541e-01 4.26674277e-01 6.22446358e-01 4.16194797e-01
    7.59783983e-01 7.76714981e-01 4.49718028e-01 2.33341306e-01
    9.47459579e-01 8.14184546e-03 9.72245812e-01 6.21338844e-01
    1.69089288e-01 8.14470351e-01 7.46205807e-01 1.90519452e-01
    8.46691549e-01 6.74601197e-01 7.85433769e-01 2.78750390e-01
    6.30413532e-01 5.25708258e-01 6.24305010e-01 3.08683634e-01
    9.71632540e-01 9.10938382e-01 6.14467740e-01 5.81882179e-01
    3.81937355e-01 1.58923566e-01 8.70731175e-02 7.04609752e-01
    3.02309901e-01 9.68224168e-01 2.64730632e-01 1.16748869e-01
    7.51862526e-02 4.79545563e-01 7.71703660e-01 3.01236331e-01
    6.60499632e-01 9.98302341e-01 2.49861807e-01 6.54696286e-01
    4.83774841e-02 8.92823577e-01 8.19586515e-01 5.90679109e-01
    6.17398202e-01 4.53669429e-02 3.38495791e-01 4.77585912e-01
    8.18723559e-01 3.57973278e-01 9.60021436e-01 5.01309276e-01
    8.98678660e-01 9.05000567e-01 6.23522103e-01 5.03051400e-01
    2.93768406e-01 1.49458557e-01 9.56634641e-01 4.31391001e-02
    2.08516181e-01 5.87341845e-01 8.34756851e-01 7.94028640e-02
    9.17222857e-01 7.70892143e-01 4.29959923e-01 9.20426190e-01
    9.65504408e-01 7.08752513e-01 2.67752469e-01 5.48032939e-01
    6.63053155e-01 9.40542817e-01 5.96409678e-01 7.35764384e-01
    3.99025321e-01 6.84692323e-01 6.62787378e-01 5.81231833e-01
    8.39955091e-01 8.06114078e-01 2.98061281e-01 9.05797780e-01
    4.23069090e-01 1.73905820e-01 3.86470616e-01 9.39719141e-01
    5.28436244e-01 8.26481998e-01 3.35002661e-01 6.19217575e-01
    8.38827312e-01 2.72110462e-01 5.20577967e-01 6.14824891e-02
    5.23507655e-01 1.01572245e-01 9.00033712e-01 9.89957213e-01
    1.70768678e-01 8.97425175e-01 3.86790842e-01 5.03329217e-01
    5.18353820e-01 4.79756534e-01 5.34705222e-02 4.31048900e-01
    9.06896353e-01 7.04251111e-01 7.15138376e-01 6.97953343e-01
    8.93293977e-01 7.00634003e-01 7.92572796e-01 6.33709371e-01
    1.56874478e-01 1.36743397e-01 4.33913767e-01 4.80400503e-01
    5.51887333e-01 6.13802552e-01 5.67937672e-01 3.84494215e-01
    9.59130645e-01 6.77131474e-01 7.60239124e-01 2.60085881e-01
    3.21678370e-01 9.47270751e-01 5.05584717e-01 8.01848769e-01
    1.51794016e-01 7.16775954e-01 9.22299981e-01 7.44042993e-01
    3.62160265e-01 3.60706419e-01 1.99409634e-01 8.88724983e-01
    8.16911817e-01 2.57289410e-01 9.80965495e-01 2.17442065e-01
    1.66768432e-01 3.03099036e-01 5.21771371e-01 7.27677941e-01
    2.22475857e-01 7.23665237e-01 7.62228012e-01 2.63918906e-01
    9.38374043e-01 9.20303881e-01 1.61820054e-01 4.58327502e-01
    5.60990214e-01 9.17017937e-01 6.75204515e-01 1.09094560e-01
    5.38685024e-01 4.29974377e-01 6.16988420e-01 4.53972459e-01
    9.26550984e-01 1.25023723e-02 8.08118939e-01 1.20008260e-01
    6.91986740e-01 5.60523987e-01 1.97194934e-01 5.52886486e-01
    7.26570129e-01 8.44792008e-01 5.41625977e-01 3.56602371e-02
    1.81940764e-01 5.84682822e-02 3.26126039e-01 2.12023646e-01
    4.22930151e-01 6.06510162e-01 2.37572730e-01 4.33987111e-01
    3.77886325e-01 8.48145485e-01 2.89221764e-01 9.04738128e-01
    6.46826267e-01 6.03268087e-01 2.35221982e-02 2.26930827e-01
    7.43193865e-01 7.03848541e-01 5.03661275e-01 5.13798594e-02
    7.08038092e-01 8.60730886e-01 2.04263419e-01 7.69177973e-01
    8.39757562e-01 4.53790188e-01 8.70508254e-02 3.86957467e-01
    4.79243398e-02 3.67440581e-02 5.77070117e-02 6.54235125e-01
    3.50391030e-01 7.37184465e-01 1.16579831e-02 8.67500424e-01
    3.19562256e-01 7.00053215e-01 9.05867934e-01 9.70719814e-01
    6.08356476e-01 9.96879041e-02 7.46006608e-01 9.06062484e-01
    8.99737954e-01 5.51258624e-01 7.12786615e-02 5.32985270e-01
    7.69395351e-01 8.37386489e-01 1.27465904e-01 8.92970800e-01
    6.35299444e-01 4.01938438e-01 3.03825438e-02 7.42955387e-01
    3.61257941e-01 5.06678998e-01 7.69557834e-01 2.43266970e-01
    5.54140806e-01 3.63763869e-02 8.35302114e-01 1.56838417e-01
    9.56521630e-01 7.78078139e-02 3.05431157e-01 7.74504602e-01
    2.82136649e-01 6.74284220e-01 8.97388577e-01 2.66382396e-02
    2.91761637e-01 2.63574004e-01 1.38641477e-01 8.48636866e-01
    5.23874700e-01 1.19507909e-02 8.98915410e-01 6.21224940e-02
    6.99458241e-01 4.26845402e-01 1.41867042e-01 3.96645010e-01
    5.50214171e-01 1.03090942e-01 5.04121721e-01 3.69260311e-01
    7.32757807e-01 7.87872434e-01 6.59695506e-01 5.78029096e-01
    7.38226652e-01 6.28169477e-02 4.19379175e-01 9.08098817e-01
    5.11460841e-01 8.67166042e-01 5.28389990e-01 5.80382466e-01
    5.84461212e-01 5.78495860e-01 9.32305813e-01 2.73610264e-01
    1.54887080e-01 5.33104420e-01 2.98659563e-01 5.20993769e-01
    9.20554876e-01 2.10947812e-01 8.83804083e-01 7.80751944e-01
    1.07991695e-03 3.04321706e-01 3.59972298e-01 5.18092513e-01
    7.47717321e-01 7.02802777e-01 9.18862045e-01 6.11513436e-01
    8.07155669e-01 4.85457361e-01 4.75557745e-01 5.57640553e-01
    7.56625056e-01 5.57860196e-01 8.47157419e-01 8.87942076e-01
    8.23374033e-01 6.96071982e-01 7.19570279e-01 5.04460633e-02
    7.84591317e-01 9.67678189e-01 4.55598503e-01 5.98990560e-01
    5.32929003e-01 2.08927870e-01 2.41521508e-01 2.38843143e-01
    7.60548115e-02 8.78538370e-01 8.70080471e-01 4.99898791e-02
    7.62800515e-01 7.66163766e-01 8.75774860e-01 8.56520534e-01
    8.41351628e-01 3.69246483e-01 2.85651684e-01 4.39714164e-01
    6.33188903e-01 9.28660035e-02 9.43726063e-01 7.31839001e-01
    6.97420776e-01 4.10373509e-01 1.91307485e-01 1.37237430e-01
    8.91812205e-01 3.38052750e-01 3.96443069e-01 8.85116279e-01
    1.64321095e-01 3.53880435e-01 7.01821744e-02 2.49212742e-01
    3.48997116e-03 7.49573112e-01 7.47798920e-01 1.09116137e-01
    5.75857401e-01 1.97895914e-01 8.59070778e-01 3.90444160e-01
    5.20979762e-01 1.29895687e-01 8.99763465e-01 4.08124804e-01
    2.99795657e-01 1.46801561e-01 4.45619881e-01 9.93289769e-01
    4.48244274e-01 7.27836788e-02 5.18383861e-01 1.27029330e-01
    3.33400369e-02 2.04154968e-01 9.05852318e-01 6.49623871e-01
    2.84560055e-01 9.79395270e-01 2.45806366e-01 8.11786175e-01
    3.96543503e-01 7.09617853e-01 1.11809313e-01 7.16635644e-01
    5.05960464e-01 6.89212918e-01 2.92556405e-01 8.64379168e-01
    1.78521127e-01 4.23390001e-01 8.75283241e-01 9.47258830e-01
    9.69663143e-01 4.11817372e-01 8.93583477e-01 8.29172015e-01
    1.34169251e-01 1.37765110e-02 7.86263049e-01 8.98274422e-01
    1.33752853e-01 2.19640881e-01 5.83261847e-01 4.96254623e-01
    2.52776384e-01 4.06744838e-01 3.01249981e-01 5.51884651e-01
    3.25465173e-01 6.44984245e-01 3.63829851e-01 5.33010542e-01
    5.84686637e-01 4.89348054e-01 5.82475901e-01 7.74137974e-01
    1.64576501e-01 7.78633118e-01 4.42295372e-01 9.49132621e-01
    1.16103590e-01 9.26572263e-01 2.58863479e-01 3.25111926e-01
    1.40648544e-01 1.15324885e-01 9.13814545e-01 2.63225973e-01
    9.16561723e-01 9.22404230e-02 5.10210156e-01 5.53397596e-01
    1.55182034e-01 9.54459429e-01 1.89622641e-02 5.90518892e-01
    7.63394713e-01 7.27468610e-01 8.09578896e-01 8.60676289e-01
    1.35190278e-01 5.75959265e-01 2.91890562e-01 6.36343479e-01
    6.85951114e-01 4.86826271e-01 1.88790739e-01 9.75890160e-01
    1.61518455e-01 7.82515645e-01 5.05653322e-01 1.19923651e-01
    7.10115910e-01 3.13852578e-01 6.34730458e-01 2.03180909e-02
    6.71768665e-01 8.62323344e-02 2.12390929e-01 5.39016128e-02
    3.59311104e-02 1.91349298e-01 6.51382506e-01 4.79048789e-01
    1.51385307e-01 9.06378925e-02 4.19490635e-01 6.23921096e-01
    7.42817700e-01 3.04464877e-01 1.58152014e-01 4.03601885e-01
    3.93969387e-01 8.80328774e-01 5.85595191e-01 4.60320532e-01
    8.12915862e-02 6.57621980e-01 8.16270709e-01 9.41575825e-01
    4.74519759e-01 9.30513620e-01 5.88507652e-02 3.89343232e-01
    7.21526504e-01 4.52826828e-01 9.05052781e-01 7.86955118e-01
    1.91018462e-01 1.60124898e-02 9.70758796e-02 3.21273953e-01
    9.40247893e-01 5.75860262e-01 4.99227732e-01 6.00950122e-01
    6.18782461e-01 8.53681087e-01 4.23683316e-01 6.31310225e-01
    3.03751528e-02 8.68689060e-01 4.96720374e-02 9.86013591e-01
    3.60274315e-01 3.50989103e-02 2.46877700e-01 8.30268800e-01
    5.66902220e-01 7.44687676e-01 3.59108329e-01 4.84508008e-01
    1.01000428e-01 7.66800165e-01 3.27029824e-02 6.04370117e-01
    4.00890499e-01 6.13213897e-01 9.24121499e-01 7.54210949e-01
    9.01428163e-01 7.95925319e-01 7.02560246e-02 6.42121077e-01
    9.80494261e-01 5.47045767e-02 4.22026396e-01 2.34504044e-01
    4.55367863e-02 7.59810150e-01 8.45320046e-01 5.32885015e-01
    3.20988595e-01 5.92693985e-01 1.74178928e-01 8.94549191e-01
    2.11786926e-02 9.07457709e-01 9.78486955e-01 2.63315201e-01
    4.02315468e-01 9.56109881e-01 8.30462098e-01 9.92628455e-01
    4.35692370e-01 2.96131402e-01 8.65544081e-01 1.33921802e-02
    1.51315391e-01 9.85810041e-01 2.78885156e-01 9.63046074e-01
    4.11837131e-01 9.98495936e-01 9.53775346e-01 4.02518213e-02
    8.56453300e-01 9.44708347e-01 1.18601531e-01 8.25084686e-01
    3.48683000e-02 3.49936903e-01 8.46316159e-01 3.51880729e-01
    7.10047841e-01 1.40646666e-01 6.90383136e-01 8.04548204e-01
    4.71695364e-01 3.29747498e-02 2.41426706e-01 2.52519667e-01
    5.41344285e-01 8.89248490e-01 4.52741385e-02 7.78353453e-01
    5.61433256e-01 7.07459152e-02 2.37684667e-01 9.46188748e-01
    8.30877066e-01 6.92993701e-01 6.21274829e-01 5.75548053e-01
    4.78031427e-01 3.49293351e-01 5.20510256e-01 3.37604225e-01
    9.30813789e-01 9.85822201e-01 8.23411167e-01 9.59369183e-01
    4.43793982e-01 3.21613371e-01 5.23023307e-02 7.42511570e-01
    7.75833666e-01 8.91697109e-01 7.10440874e-02 1.39889181e-01
    5.94997227e-01 4.03240263e-01 7.79952765e-01 5.86449146e-01
    8.30952883e-01 8.70366693e-01 5.53325832e-01 6.57926619e-01
    2.35898703e-01 4.34467137e-01 5.22087932e-01 9.50191915e-02
    5.61385274e-01 5.37009954e-01 8.17877173e-01 4.45827842e-03
    1.04247928e-02 3.35351437e-01 9.30594683e-01 2.46698707e-01
    5.66895664e-01 7.90829539e-01 7.37003088e-01 2.50059664e-01
    7.79569149e-01 3.68488222e-01 2.87544668e-01 7.28083789e-01
    7.87478447e-01 9.61396575e-01 7.13474512e-01 6.00439310e-01
    2.49664485e-01 8.14903557e-01 1.12403661e-01 1.44763827e-01
    5.11384249e-01 1.07982904e-01 1.20576352e-01 4.79739845e-01
    6.64710104e-02 8.64383698e-01 1.70268148e-01 8.89918804e-02
    3.53014767e-02 7.11550295e-01 2.70004869e-02 3.84974837e-01
    2.75020003e-02 2.94675291e-01 1.80234909e-01 1.02611482e-02
    8.87399375e-01 5.36985934e-01 9.25926089e-01 5.92206001e-01
    3.48397553e-01 3.45240206e-01 9.52939272e-01 5.27802467e-01
    2.07389891e-02 5.14404118e-01 7.73529053e-01 5.98518133e-01
    5.92140257e-01 8.58721972e-01 1.53216869e-01 6.85188413e-01
    8.75159085e-01 4.08366233e-01 7.43606389e-01 2.52935916e-01
    7.54306555e-01 3.16749692e-01 8.52745295e-01 2.18688548e-01
    2.07203627e-02 8.10293257e-02 3.75138879e-01 4.30845171e-01
    5.71938634e-01 9.30022120e-01 4.93616909e-01 3.54079604e-01
    8.20730388e-01 3.41809094e-02 8.71724963e-01 3.47386956e-01
    5.21375835e-02 9.30464983e-01 5.91846704e-02 9.85788345e-01
    2.47708291e-01 2.79453993e-01 8.71614456e-01 4.65059638e-01
    8.19846153e-01 7.14154541e-01 2.96718240e-01 2.93661594e-01
    3.30787122e-01 9.68087554e-01 4.96333838e-02 7.52175927e-01
    2.37158030e-01 8.63021851e-01 9.96953785e-01 8.08518529e-01
    7.75708556e-02 1.41477764e-01 1.94179296e-01 6.39175296e-01
    6.95481896e-01 1.01900399e-02 5.40076733e-01 8.77146721e-02
    7.94254541e-02 5.81511319e-01 8.41706872e-01 2.83073366e-01
    9.44346547e-01 9.06607509e-01 2.51780033e-01 8.39388847e-01
    7.26656497e-01 4.47304517e-01 3.15922797e-01 1.65371001e-02
    5.43590248e-01 4.51830417e-01 6.12469614e-01 6.15498841e-01
    4.60015416e-01 6.80365622e-01 1.38670117e-01 7.55791366e-02
    9.52330947e-01 4.82567936e-01 2.61083782e-01 9.72238123e-01
    1.98125511e-01 3.21273446e-01 9.96164322e-01 3.61054868e-01
    8.27653944e-01 6.13153219e-01 5.77598095e-01 5.90687215e-01
    1.47861630e-01 3.81357789e-01 7.58149385e-01 9.45692956e-02
    1.11611515e-01 3.52951705e-01 8.71440172e-01 5.55537343e-02
    1.52200252e-01 8.78506184e-01 5.46076655e-01 3.73440385e-02
    8.44450891e-02 7.14196861e-02 9.42605257e-01 2.86338210e-01
    3.61948669e-01 3.90278697e-02 1.70814037e-01 1.00511760e-01
    8.36684108e-01 4.59654361e-01 8.96715224e-02 5.11087596e-01
    8.76056314e-01 1.94831014e-01 3.92331481e-01 3.12380970e-01
    2.64786273e-01 1.94707513e-01 1.26811683e-01 7.69624829e-01
    3.34299028e-01 7.07920015e-01 9.61419523e-01 8.14826787e-01
    3.73936534e-01 8.47384453e-01 7.43384600e-01 4.29425240e-01
    1.45743340e-01 3.21545124e-01 4.07673061e-01 3.51024896e-01
    9.55929577e-01 2.92513043e-01 7.46808052e-01 7.23869801e-01
    7.15811610e-01 6.55997396e-01 5.55864811e-01 1.32366687e-01
    1.63215965e-01 7.81584263e-01 1.87832326e-01 4.84147370e-02
    1.03688657e-01 9.02994573e-02 9.55429554e-01 4.54991519e-01
    3.13251644e-01 2.16427684e-01 8.67473364e-01 4.69537705e-01
    3.72931421e-01 3.93605232e-01 3.19358051e-01 1.25588089e-01
    5.08661449e-01 7.01838255e-01 7.28832126e-01 2.34305471e-01
    9.01348710e-01 6.27352655e-01 5.65458059e-01 1.17882997e-01
    3.06906998e-01 8.18495512e-01 5.84652960e-01 5.94833195e-01
    6.36980176e-01 6.52370334e-01 9.83764231e-01 4.05884713e-01
    9.17022288e-01 4.43869799e-01 3.85479748e-01 4.70124453e-01
    2.67587453e-01 2.75188625e-01 1.51703477e-01 6.25024736e-02
    3.34734261e-01 2.76604354e-01 6.63083911e-01 1.11724734e-01
    5.92609048e-01 8.62298012e-01 6.42918229e-01 9.28982198e-02
    8.51372480e-02 1.04182541e-01 8.41552615e-02 6.12663686e-01
    1.59235448e-01 7.22768962e-01 7.13501573e-02 3.59050632e-02
    3.10398519e-01 9.11089540e-01 6.01966560e-01 2.18355209e-01
    1.67893857e-01 7.29698300e-01 1.82440341e-01 5.78938723e-01
    9.45865571e-01 1.17318630e-02 7.03672528e-01 2.52823591e-01
    4.95696008e-01 6.20864153e-01 4.78192300e-01 2.23463237e-01
    1.50851071e-01 2.88271010e-01 4.07863706e-01 1.02213740e-01
    3.32844377e-01 9.60028410e-01 5.43817878e-02 9.51060176e-01
    6.70873046e-01 6.60267591e-01 7.30768800e-01 2.19133317e-01
    2.28535056e-01 1.55973077e-01 5.47046304e-01 3.74280751e-01
    9.91585195e-01 1.61599249e-01 9.09456015e-01 1.41060978e-01
    2.57749796e-01 6.43307567e-01 9.85431015e-01 2.38002092e-01
    1.18975550e-01 1.64437950e-01 5.55952072e-01 9.07768965e-01
    3.73074979e-01 6.59651399e-01 1.55422717e-01 4.93340433e-01
    8.59660506e-02 6.83150768e-01 7.02714682e-01 3.47681344e-01
    9.59251642e-01 3.63042951e-03 5.57154953e-01 6.97936177e-01
    3.98913831e-01 7.44514883e-01 5.41491985e-01 3.22455883e-01
    9.52390075e-01 2.55246639e-01 8.59826565e-01 7.72197723e-01
    9.38417315e-02 9.47862267e-01 2.43118852e-01 5.50503731e-01
    4.25463289e-01 9.27812040e-01 8.65285754e-01 9.26640391e-01
    2.71715403e-01 6.65052056e-01 8.05644393e-01 5.47079504e-01
    9.19576526e-01 3.51824760e-01 9.83297527e-02 7.82463908e-01
    3.73857021e-01 2.70717859e-01 7.26434469e-01 8.97127092e-01
    4.41881984e-01 3.46221358e-01 5.04879475e-01 1.30410761e-01
    4.89939749e-02 3.64583373e-01 4.17977452e-01 5.48618436e-01
    3.62083107e-01 7.36751735e-01 7.44052351e-01 2.92669833e-02
    9.92346466e-01 4.19358075e-01 2.46834278e-01 5.50796330e-01
    3.77422631e-01 7.79816508e-01 7.51111627e-01 7.98462629e-01
    2.20296085e-01 8.13453376e-01 2.80392587e-01 6.37993932e-01
    6.42999232e-01 8.87346625e-01 8.38471115e-01 7.84944296e-01
    4.37744558e-02 5.70194364e-01 7.32455850e-01 2.55240798e-01
    9.28359628e-01 5.67505598e-01 8.87967348e-01 7.14386225e-01
    9.86980200e-01 5.36394417e-01 3.17337811e-02 2.89902151e-01
    8.55513453e-01 8.60843658e-01 8.81109238e-01 8.49063098e-02
    3.11103344e-01 2.21778184e-01 7.38179743e-01 8.20627451e-01
    7.34310746e-01 8.73788714e-01 5.31300783e-01 1.12659037e-02
    6.50506735e-01 6.65938735e-01 6.69579625e-01 4.77813691e-01
    9.09499526e-02 5.85306048e-01 6.24388874e-01 5.91910899e-01
    2.84267604e-01 3.20873022e-01 2.12621897e-01 1.42353445e-01
    2.23477066e-01 6.02645218e-01 8.41608047e-01 1.62199229e-01
    5.51289797e-01 7.59952247e-01 8.08361351e-01 4.25586760e-01
    1.23166859e-01 8.90601635e-01 9.77678180e-01 1.33303106e-02
    1.84197605e-01 1.38606012e-01 4.46041524e-01 8.45700979e-01
    4.29026753e-01 5.49517095e-01 3.65465641e-01 8.61871958e-01
    8.12229037e-01 2.99832553e-01 7.93553591e-02 6.33380413e-01
    7.83368707e-01 4.41235900e-01 5.63471675e-01 2.79240191e-01
    1.38597488e-01 8.27199996e-01 2.73948789e-01 2.04238296e-01
    7.13540912e-01 9.11507010e-02 4.45928574e-01 9.51665401e-01
    3.84138763e-01 1.32030755e-01 1.92940861e-01 4.43792492e-01
    5.69299400e-01 1.83718443e-01 2.41981417e-01 7.32312560e-01
    7.84141183e-01 4.32916582e-02 1.20603561e-01 4.80293155e-01
    5.22164881e-01 1.63533598e-01 8.88705254e-01 4.34541225e-01
    1.42749488e-01 5.91311634e-01 6.39813960e-01 1.69136107e-01
    9.91640568e-01 9.25779283e-01 9.11519170e-01 2.61740446e-01
    7.66919196e-01 8.99290800e-01 7.28451848e-01 1.91954821e-01
    7.10164666e-01 4.38704431e-01 3.71118128e-01 3.91646504e-01
    2.19038010e-01 4.94148940e-01 2.09177524e-01 6.90325081e-01
    7.03098893e-01 4.14246798e-01 7.65239596e-01 4.81338054e-01
    5.43876529e-01 4.78979975e-01 5.82213402e-01 9.50422823e-01
    7.88418770e-01 4.19892401e-01 7.35419691e-01 6.28490806e-01
    7.24210680e-01 6.26267314e-01 9.06374454e-02 7.20794559e-01
    4.55054522e-01 5.30958354e-01 2.68098950e-01 3.50662768e-02
    5.02258480e-01 6.22956097e-01 8.55746746e-01 2.14126199e-01
    3.22825074e-01 3.28377604e-01 6.26844108e-01 5.98352134e-01
    5.37668467e-02 1.50081038e-01 3.44770551e-01 6.37501955e-01
    6.62209690e-02 1.62453502e-01 1.40731394e-01 8.86232853e-01
    5.72540164e-02 2.56964862e-01 2.78201699e-01 1.54493511e-01
    5.69678962e-01 1.36797279e-01 7.31008053e-01 4.18156087e-01
    2.77522594e-01 7.39096701e-01 6.97040319e-01 3.20977241e-01
    8.54341626e-01 1.28756940e-01 7.30151653e-01 6.42512083e-01
    1.22299671e-01 9.38567460e-01 5.93531370e-01 1.03348076e-01
    9.56881404e-01 1.14603341e-01 8.67834210e-01 7.62934864e-01
    2.66491055e-01 5.65622687e-01 1.06439918e-01 9.03024971e-02
    7.24789202e-02 8.65597308e-01 1.46002710e-01 4.41015065e-02
    8.01981211e-01 9.08796430e-01 9.16240931e-01 8.07218552e-02
    3.08436871e-01 5.12700319e-01 6.24611199e-01 9.39285040e-01
    5.38570285e-01 5.10420203e-02 9.83831048e-01 6.27524376e-01
    6.63575053e-01 8.67017448e-01 6.69930100e-01 6.17615700e-01
    5.99117637e-01 7.29899049e-01 8.69245648e-01 4.08944577e-01
    8.54514599e-01 7.63004303e-01 8.07609260e-02 4.33945388e-01
    5.38285553e-01 9.32443261e-01 9.94347453e-01 9.41659331e-01
    3.89679670e-01 4.85324919e-01 1.29526258e-02 8.19119453e-01
    5.34553230e-01 7.47231305e-01 3.24579716e-01 3.54472399e-01
    9.80530620e-01 2.47721374e-02 4.46953654e-01 6.53082609e-01
    5.83314717e-01 9.65466738e-01 8.66563976e-01 9.12887633e-01
    6.05346501e-01 1.76516056e-01 9.55790639e-01 7.45468795e-01
    2.04289734e-01 7.03121662e-01 7.70289421e-01 5.61387837e-01
    6.57815695e-01 9.36734915e-01 2.21593678e-01 3.57744396e-02
    1.01018369e-01 4.66406167e-01 7.91022182e-02 3.49216759e-02
    2.05378056e-01 5.18361568e-01 8.33047807e-01 1.96393490e-01
    2.18622386e-01 1.18105352e-01 3.29793453e-01 4.31034297e-01
    3.59552950e-01 6.15560591e-01 3.40494215e-01 8.22002053e-01
    2.51004428e-01 5.23842514e-01 5.42702198e-01 4.81702536e-01
    9.47921634e-01 9.24942076e-01 6.15425229e-01 6.98346972e-01
    5.27558506e-01 9.67343330e-01 9.22058403e-01 5.07999361e-01
    6.21311903e-01 1.93797439e-01 6.73184633e-01 4.81836915e-01
    2.08332688e-01 3.67857814e-01 6.14811778e-02 5.94324470e-01
    6.99466288e-01 2.20858574e-01 1.83823854e-01 2.18101919e-01
    4.74929392e-01 2.27856994e-01 7.42111921e-01 4.18991894e-01
    5.09957135e-01 9.98484492e-01 8.76170993e-01 5.41944265e-01
    2.79947430e-01 5.60976207e-01 8.30085695e-01 4.10729647e-01
    5.19368887e-01 6.48960829e-01 3.53258550e-02 3.13681245e-01
    2.40567535e-01 6.34252548e-01 5.61785281e-01 6.15710557e-01
    8.74059796e-02 4.41252112e-01 9.04692531e-01 8.91261101e-01
    5.69325626e-01 8.05416048e-01 5.14897406e-01 2.58901954e-01
    2.72388220e-01 1.06719434e-02 4.75654006e-02 5.92743814e-01
    7.23755002e-01 4.10042018e-01 8.29382062e-01 5.89900732e-01
    8.52151692e-01 2.83549666e-01 8.70591044e-01 5.82297385e-01
    2.37858444e-01 2.73962319e-01 6.25087917e-01 9.91730452e-01
    8.77343774e-01 5.32508016e-01 5.69793582e-03 6.93660975e-01
    4.26237702e-01 5.88296652e-01 4.29170281e-01 4.41817820e-01
    7.70984292e-01 3.41602266e-01 6.76494956e-01 6.19909286e-01
    6.88179612e-01 1.37344182e-01 9.26983953e-01 8.81306291e-01
    7.93630838e-01 5.60807884e-01 7.90296614e-01 1.95675194e-02
    1.88862473e-01 6.66772068e-01 7.11730778e-01 9.93509650e-01
    6.02870107e-01 8.94043207e-01 6.68408513e-01 7.83578992e-01
    2.38171220e-01 4.72712666e-01 5.73693275e-01 2.68490613e-02
    2.10208148e-01 4.83797878e-01 4.16337252e-01 4.63104546e-01
    1.71717823e-01 9.14229691e-01 8.84496987e-01 4.45841193e-01
    4.00999308e-01 6.43380284e-01 8.71961832e-01 3.15285623e-01
    8.02455783e-01 2.38447577e-01 3.61365139e-01 5.16677499e-01
    1.24650061e-01 5.00707388e-01 2.87796021e-01 1.29575968e-01
    8.23430598e-01 5.75726330e-01 9.24069285e-01 6.99451804e-01
    3.14716786e-01 8.30490470e-01 5.56039810e-02 8.75095606e-01
    5.84418774e-01 5.97827673e-01 9.44188356e-01 1.85374230e-01
    7.35695601e-01 5.98084807e-01 9.83491659e-01 6.00823045e-01
    4.78544831e-02 1.94944143e-02 7.22182631e-01 6.71083510e-01
    3.04158390e-01 3.00201714e-01 7.01398075e-01 5.99948645e-01
    4.47206795e-02 2.40102082e-01 9.17104483e-01 3.66294563e-01
    5.98690927e-01 4.91898686e-01 4.14603025e-01 6.44728363e-01
    6.01276278e-01 5.08180439e-01 7.75725722e-01 1.57013088e-01
    5.34717619e-01 9.37102973e-01 3.70392114e-01 4.37929630e-02
    4.95379567e-02 6.22017503e-01 6.26935184e-01 3.12332988e-01
    5.95582485e-01 9.28095043e-01 9.00895000e-01 2.26298481e-01
    2.36100346e-01 9.66338396e-01 9.82735813e-01 7.44902611e-01
    4.71104175e-01 8.94634604e-01 5.19369423e-01 7.07378626e-01
    6.63124442e-01 4.72197086e-01 2.02820390e-01 5.12785792e-01
    5.57431757e-01 5.56999505e-01 8.76894832e-01 7.61335254e-01
    6.05415702e-02 2.76957810e-01 4.82664376e-01 3.81744206e-01
    5.17788589e-01 5.95836639e-01 1.22209340e-01 1.33171737e-01
    1.10016704e-01 8.91862631e-01 3.27208877e-01 7.14510500e-01
    8.49635839e-01 3.37217510e-01 6.96100175e-01 8.49809587e-01
    5.12467980e-01 8.36021066e-01 5.89668870e-01 3.42828393e-01
    2.53638685e-01 4.19575840e-01 7.61564195e-01 6.67078614e-01
    3.39376092e-01 7.75851130e-01 5.01931012e-01 6.99467182e-01
    8.62642527e-02 4.50252593e-02 9.12502170e-01 8.54204953e-01
    8.51329565e-01 4.18071449e-01 5.51550508e-01 6.09574497e-01
    2.24143714e-01 8.48371267e-01 8.90056968e-01 2.49105215e-01
    4.52956229e-01 1.79683834e-01 2.28826106e-02 2.84092963e-01
    5.01844287e-01 5.32748163e-01 5.75756848e-01 5.39734721e-01
    5.41073203e-01 3.92154813e-01 6.25887096e-01 8.39644790e-01
    8.18631053e-01 6.43482685e-01 4.48295355e-01 4.48504537e-01
    1.96570516e-01 8.07178855e-01 2.22386450e-01 3.32076013e-01
    3.50353658e-01 1.77135289e-01 4.68853861e-01 2.66168296e-01
    1.56986713e-02 7.12167740e-01 7.35856235e-01 4.64207083e-01
    7.05168605e-01 5.19688666e-01 6.12460375e-02 4.55441207e-01
    7.85224736e-02 9.98081148e-01 8.22143435e-01 9.96345758e-01
    1.02700055e-01 4.76485848e-01 8.24431300e-01 1.29597515e-01
    4.00104046e-01 2.21276700e-01 4.48688477e-01 6.62060916e-01
    9.03101563e-01 7.63084650e-01 9.26314592e-01 6.66921437e-02
    7.89392531e-01 1.11218333e-01 7.30857253e-01 6.20344460e-01
    2.01257914e-01 6.66650832e-01 1.57818735e-01 7.86459029e-01
    2.84882367e-01 6.99403882e-03 6.25526845e-01 9.45071459e-01
    2.42888600e-01 2.01227069e-01 7.10813522e-01 4.22451288e-01
    9.53028262e-01 5.17816544e-01 3.37115318e-01 3.10524523e-01
    9.63221788e-02 9.44230318e-01 5.60045660e-01 5.92975318e-01
    1.62670374e-01 1.07293814e-01 5.86137831e-01 1.18286759e-01
    9.05829191e-01 8.31411123e-01 1.03504807e-01 6.58492327e-01
    4.55707699e-01 1.52392447e-01 7.87883520e-01 5.46440959e-01
    1.86548501e-01 8.38055015e-01 4.51296985e-01 1.38401359e-01
    1.29441947e-01 1.51440978e-01 5.30799687e-01 9.01864469e-02
    6.99278891e-01 9.57142234e-01 7.89196134e-01 4.52121675e-01
    2.24543452e-01 9.84511375e-01 1.42555714e-01 7.00337887e-02
    2.97945708e-01 7.21249461e-01 8.61043513e-01 2.71187067e-01
    7.98067451e-01 7.98865080e-01 3.10548007e-01 2.80806661e-01
    6.57029867e-01 5.41601062e-01 3.86994481e-01 2.83011973e-01
    8.34350288e-01 3.29063624e-01 2.03446478e-01 3.39018196e-01
    9.45633233e-01 6.43865764e-01 2.03117698e-01 1.27171218e-01
    7.25948215e-01 4.36559081e-01 3.73162866e-01 2.37003684e-01
    2.92143703e-01 3.70468438e-01 2.16142833e-02 5.01996160e-01
    5.45406640e-02 8.00095797e-01 4.65982407e-01 3.48269284e-01
    1.65640086e-01 6.89242780e-01 1.64711744e-01 5.12644887e-01
    3.94316733e-01 4.77379531e-01 2.08215803e-01 8.20741057e-02
    5.18909097e-01 1.50795788e-01 7.05742538e-02 4.35019761e-01
    6.35000169e-02 6.79602146e-01 3.92126799e-01 8.12517285e-01
    1.13186330e-01 1.86335742e-02 7.81095028e-01 4.25158739e-02
    2.33515829e-01 6.61728501e-01 7.44990051e-01 6.71519697e-01
    9.99260902e-01 5.77392578e-01 2.24514812e-01 4.35298234e-01
    8.11201215e-01 5.50869346e-01 3.90192986e-01 1.78177625e-01
    7.13315547e-01 2.42517889e-02 9.60537374e-01 2.92863488e-01
    6.21536374e-02 1.52243376e-01 9.36250925e-01 9.08291936e-02
    3.53251934e-01 3.39661837e-01 4.59452957e-01 9.19569135e-01
    5.01934767e-01 4.15982604e-02 4.18133765e-01 6.68950677e-01
    2.47174799e-02 8.17174494e-01 1.58286959e-01 2.38169760e-01
    7.19119012e-02 9.06337142e-01 2.20336616e-02 4.73007113e-01
    7.70562589e-02 4.53097552e-01 9.02523041e-01 2.41407335e-01
    9.56564486e-01 3.70402634e-02 7.77107358e-01 9.72612143e-01
    7.54131436e-01 7.38948762e-01 5.70736051e-01 7.03079879e-01
    1.33269608e-01 8.77257764e-01 2.87617713e-01 8.75315428e-01
    7.34927177e-01 5.96147299e-01 2.14585215e-01 2.69272089e-01
    3.63098621e-01 7.91209936e-01 6.70101523e-01 1.10228479e-01
    1.52977437e-01 1.49183303e-01 8.66901636e-01 4.07777011e-01
    8.87295485e-01 4.99757528e-01 7.69310892e-01 8.61418724e-01
    7.46789217e-01 5.80139637e-01 3.88728827e-01 6.72107935e-01
    2.32909560e-01 5.17414749e-01 8.04936409e-01 7.12847173e-01
    4.97964531e-01 6.06469929e-01 2.09268987e-01 4.15954530e-01
    4.45864767e-01 3.57598722e-01 2.88792133e-01 7.53015995e-01
    8.20459008e-01 7.13567615e-01 5.84784746e-01 5.54654539e-01
    8.07198346e-01 3.21799755e-01 6.03529751e-01 5.13778746e-01
    9.21608210e-01 2.36964256e-01 3.39632332e-02 3.55796218e-01
    2.47275651e-01 7.32056439e-01 1.66517496e-01 5.37971556e-01
    1.69020891e-01 2.73818254e-01 9.49056923e-01 8.90101194e-01
    5.89108944e-01 7.59615719e-01 5.63232720e-01 6.28038645e-02
    8.34268630e-02 5.64635158e-01 5.45267463e-01 9.58754122e-02
    9.74959910e-01 6.09193742e-01 1.77805245e-01 3.15150529e-01
    2.36827970e-01 1.45033896e-01 9.23818648e-01 7.67137229e-01
    8.85941505e-01 1.89919174e-01 4.14482623e-01 7.49740005e-03
    3.50514770e-01 4.70931530e-02 2.10049540e-01 8.09646368e-01
    7.99161792e-01 1.36885434e-01 7.37327337e-01 8.58812094e-01
    3.98167491e-01 2.72005081e-01 8.16214085e-01 4.96336073e-01
    1.03405565e-01 9.49496627e-01 1.22316390e-01 6.29550874e-01
    3.31090868e-01 1.78893298e-01 7.14553893e-02 7.83585310e-02
    5.26362777e-01 4.96014416e-01 1.66554332e-01 4.50077772e-01
    1.52947515e-01 5.74056506e-01 6.83332324e-01 5.02550364e-01
    8.63290668e-01 1.66689694e-01 5.72019756e-01 9.09826398e-01
    3.25101018e-02 7.04038560e-01 4.22061324e-01 9.28398252e-01
    2.70144224e-01 7.37279534e-01 8.65097940e-01 5.99862754e-01
    8.58948946e-01 7.92143881e-01 2.93770850e-01 1.28693908e-01
    9.20345724e-01 4.05321598e-01 7.91306615e-01 2.94682562e-01
    6.24844432e-03 3.44508529e-01 2.45903134e-02 2.38029838e-01
    9.33871746e-01 9.23598886e-01 4.01264876e-01 3.87195945e-02
    8.38316977e-01 5.66060781e-01 1.63774341e-01 7.95750737e-01
    5.71565092e-01 9.70852494e-01 1.26399547e-01 4.89345938e-01
    6.52922094e-01 9.48051870e-01 6.56924903e-01 3.72281313e-01
    3.71243179e-01 8.93302202e-01 1.94584161e-01 8.91854405e-01
    3.58189940e-01 3.77817631e-01 1.66322112e-01 4.24249798e-01
    7.17840195e-01 1.41557425e-01 5.55396557e-01 4.78506207e-01
    1.94506645e-02 2.76616693e-01 9.45354581e-01 6.34457350e-01
    8.34196329e-01 5.29529929e-01 3.29171121e-01 2.20483243e-01
    7.17503726e-01 3.28985453e-02 4.94218647e-01 4.82219458e-01
    8.62634659e-01 1.87745839e-01 9.58028436e-02 6.84694052e-01
    7.30988145e-01 2.16448188e-01 1.45840019e-01 6.67703688e-01
    6.46787405e-01 4.49113399e-01 9.47661757e-01 6.84848428e-02
    4.76898998e-01 3.06669652e-01 9.91684675e-01 7.41732597e-01
    4.36641634e-01 8.65769863e-01 9.83071685e-01 8.71748924e-01
    3.25557023e-01 8.91202986e-02 3.78910065e-01 3.42331260e-01
    7.17677355e-01 6.09295964e-02 2.62747228e-01 6.59526944e-01
    9.93375838e-01 1.98580444e-01 9.75363612e-01 6.14757597e-01
    1.10700369e-01 6.01809621e-01 6.18791461e-01 8.19573164e-01
    8.31818104e-01 8.42923939e-01 3.69600713e-01 3.48580569e-01
    3.41194689e-01 2.94202447e-01 2.34899372e-01 9.48206544e-01
    7.89787412e-01 2.28475571e-01 7.20721126e-01 6.89478517e-01
    3.44018072e-01 4.52030748e-01 2.23552495e-01 2.16746539e-01
    4.03154790e-01 5.91233075e-01 6.31277263e-02 6.82806849e-01
    5.47674775e-01 5.52150309e-02 6.13043129e-01 3.52099955e-01
    5.66577375e-01 7.73368001e-01 4.24484313e-02 8.18741202e-01
    8.05795193e-01 9.80590165e-01 1.55570835e-01 8.29020441e-01
    6.52438104e-02 5.36983907e-01 7.08763123e-01 5.02601445e-01
    5.64602613e-02 7.69875348e-01 4.01989251e-01 3.35632950e-01
    8.16673934e-02 7.16972589e-01 9.13724184e-01 1.45750314e-01
    4.56795663e-01 3.11091900e-01 7.99322009e-01 8.24572623e-01
    1.53309882e-01 9.34004784e-03 8.31055880e-01 8.97567034e-01
    2.94615865e-01 6.46325350e-01 4.12031502e-01 1.00210369e-01
    3.30634058e-01 6.59731984e-01 7.88672090e-01 9.72582519e-01
    9.76887286e-01 7.70607412e-01 8.01361024e-01 1.63833261e-01
    3.87758106e-01 6.53466165e-01 8.34921956e-01 8.26916456e-01
    7.87531137e-01 7.85941124e-01 6.35667622e-01 5.09760022e-01
    4.70491797e-01 7.72522569e-01 9.87676382e-01 9.83504176e-01
    1.56688571e-01 5.60785174e-01 9.21992064e-01 4.34570163e-01
    6.88063741e-01 5.23382902e-01 9.56509352e-01 9.44108009e-01
    3.72030318e-01 7.42286921e-01 7.27379620e-02 4.98172343e-01
    6.83750808e-01 9.24664974e-01 8.83044362e-01 1.47645473e-02
    8.43997717e-01 3.90063554e-01 7.87577391e-01 4.13590521e-01
    6.53245509e-01 1.65821731e-01 2.58289903e-01 6.60863519e-03
    4.64897305e-01 8.18161070e-02 2.22368896e-01 9.19660568e-01
    4.02879775e-01 8.53162050e-01 3.14539254e-01 3.97305846e-01
    9.73147154e-01 8.88675570e-01 8.75403225e-01 4.32906926e-01
    5.02857089e-01 7.14890361e-02 1.64179534e-01 7.76978254e-01
    9.97527599e-01 7.22921252e-01 2.75354028e-01 2.73738354e-01
    1.05426580e-01 7.90702820e-01 1.23612851e-01 3.10878068e-01
    7.99736500e-01 4.23698485e-01 6.54360890e-01 7.92391300e-01
    2.53919065e-02 4.06708002e-01 9.31684971e-02 2.89691985e-01
    4.66968626e-01 2.41903037e-01 8.61364365e-01 4.20959264e-01
    3.53667080e-01 9.57174480e-01 1.46608651e-02 5.71105659e-01
    9.44210887e-01 3.35522145e-01 3.70402575e-01 3.62324119e-02
    7.18746245e-01 3.96401376e-01 7.51111746e-01 7.09220886e-01
    1.64303213e-01 2.05317587e-01 5.38099647e-01 6.47846460e-02
    5.86418092e-01 1.05639696e-01 2.84339070e-01 6.38836980e-01
    4.26770747e-02 9.25561309e-01 5.61832905e-01 2.21761644e-01
    9.08880532e-01 5.70781887e-01 3.97215843e-01 5.79725683e-01
    5.81994116e-01 1.70680553e-01 4.79775101e-01 8.45272720e-01
    8.16404521e-01 1.51446104e-01 9.45895910e-01 7.78858781e-01
    8.75954151e-01 9.07499552e-01 8.69661689e-01 4.94426668e-01
    6.78572953e-01 2.05744833e-01 5.65697551e-01 4.00760770e-01
    6.04273617e-01 9.12973762e-01 1.70404613e-02 6.31024778e-01
    6.40544891e-01 1.19735897e-02 2.67377973e-01 2.61200398e-01
    8.37951899e-01 8.63600969e-01 4.35211122e-01 9.18227434e-03
    8.77512097e-02 7.08510041e-01 6.93971515e-02 8.15392077e-01
    9.74787235e-01 4.84533936e-01 7.30844736e-02 5.20110130e-04
    5.65816224e-01 1.83906317e-01 1.42363280e-01 9.01040018e-01
    8.88579190e-01 4.93489772e-01 2.62011617e-01 1.41834766e-01
    4.62209433e-01 9.53526258e-01 5.34118354e-01 4.14303780e-01
    5.55989742e-01 9.71521020e-01 6.40936971e-01 9.97445583e-01
    9.38710570e-02 4.42174286e-01 4.87597853e-01 9.26805854e-01
    8.61171246e-01 2.09092259e-01 6.36017084e-01 7.49812603e-01
    2.08978266e-01 3.45590800e-01 7.14677691e-01 3.37489963e-01
    9.13287401e-01 5.35204351e-01 7.97664762e-01 6.32751286e-01
    6.44778609e-01 7.18116760e-04 5.75717986e-02 3.83011937e-01
    9.00786877e-01 5.84565103e-02 6.68316424e-01 9.09483790e-01
    7.12851822e-01 3.09931934e-02 1.59761310e-03 5.43877661e-01
    4.18105185e-01 7.61213481e-01 9.37724888e-01 1.89758748e-01
    4.57887053e-01 6.32671416e-02 5.50768614e-01 3.66600931e-01
    7.52613783e-01 5.98683178e-01 7.98336804e-01 4.40969110e-01
    5.65634370e-02 3.46592128e-01 9.35297966e-01 5.45485497e-01
    3.15410972e-01 3.82142335e-01 3.84385526e-01 3.03792059e-02
    6.79694831e-01 4.49636102e-01 2.59807289e-01 9.26848948e-01
    2.67664343e-01 6.74246669e-01 3.48471224e-01 2.22940117e-01
    6.15909219e-01 3.25663030e-01 4.17772114e-01 4.51202661e-01
    8.65036249e-01 8.40665221e-01 9.86325502e-01 2.65389740e-01
    3.90944481e-01 2.50514627e-01 3.83749783e-01 6.73619866e-01
    1.89636052e-01 8.71018350e-01 5.99509478e-01 6.12883508e-01
    1.28926456e-01 3.51418614e-01 4.81822729e-01 3.30390006e-01
    1.48685008e-01 1.52272880e-01 7.65649080e-01 1.83902264e-01
    8.32785487e-01 4.08074558e-02 4.28097308e-01 3.45946193e-01
    2.11874187e-01 4.19947863e-01 8.43964994e-01 2.73145109e-01
    4.26286936e-01 6.38079643e-03 3.67799819e-01 3.61934304e-02
    2.96714097e-01 6.09382629e-01 9.68256831e-01 6.40362978e-01
    4.03035104e-01 4.17572856e-01 9.33575988e-01 5.79036474e-02
    7.35417485e-01 7.23739624e-01 9.09911871e-01 6.39501095e-01
    1.89958006e-01 2.46542573e-01 3.21283937e-03 1.13349497e-01
    6.58087850e-01 7.34097004e-01 4.09750670e-01 6.18115366e-02
    4.67070341e-02 9.45118248e-01 2.06248611e-01 2.17951596e-01
    4.31962341e-01 5.51937342e-01 2.76447207e-01 3.06814224e-01
    8.77288222e-01 3.73717427e-01 5.32405436e-01 7.55240917e-01
    4.07934844e-01 5.56762099e-01 4.89726424e-01 9.90332127e-01
    7.81493425e-01 9.43428397e-01 7.97174931e-01 6.62571788e-01
    9.52399373e-01 3.89127403e-01 3.73826951e-01 5.46624660e-01
    3.90732467e-01 9.38606262e-02 5.53247869e-01 4.00365233e-01
    9.08268929e-01 5.22325277e-01 3.29235196e-02 5.04337788e-01
    9.58732784e-01 4.23873037e-01 7.68939614e-01 2.45854080e-01
    2.08487660e-01 9.11265433e-01 8.77226472e-01 2.29807496e-01
    9.02497470e-02 6.66703582e-01 8.77739310e-01 1.74468845e-01
    2.79255629e-01 8.00212622e-01 4.75486398e-01 6.29797935e-01
    2.70031422e-01 7.40498304e-03 9.95442152e-01 6.51629865e-01
    5.46855867e-01 9.15071666e-02 2.68155932e-01 6.85335398e-01
    3.53737772e-02 4.53629851e-01 8.07258487e-03 6.83548152e-01
    5.31288445e-01 7.56258547e-01 7.69778132e-01 9.32064474e-01
    3.57494712e-01 2.13774741e-02 1.79511696e-01 5.21898806e-01
    3.19693685e-01 5.45847297e-01 6.81929171e-01 9.05438066e-02
    8.81934166e-02 7.14796484e-02 6.71187937e-02 1.04812622e-01
    6.50861561e-01 8.47982168e-02 6.63213611e-01 8.04981828e-01
    1.17363334e-02 9.56398606e-01 3.31992805e-02 1.06248617e-01
    2.50592589e-01 5.50344110e-01 5.58590889e-01 2.78665811e-01
    2.93781459e-02 5.05343974e-01 5.30462742e-01 9.68767822e-01
    8.57916713e-01 6.58400357e-02 9.94088054e-01 6.19341850e-01
    5.57286263e-01 4.04013395e-01 4.59686160e-01 1.61696851e-01
    9.38312709e-01 1.85745537e-01 2.14081794e-01 1.15897387e-01
    6.23064697e-01 6.21341050e-01 5.98189831e-01 1.52550459e-01
    5.42710125e-02 7.83561349e-01 8.37421894e-01 8.53155851e-01
    2.54879594e-01 1.94580317e-01 5.76125383e-01 3.28499675e-02
    7.41438806e-01 1.52145475e-01 5.38411498e-01 8.80088925e-01
    9.13712263e-01 1.72603190e-01 2.15461373e-01 7.41069436e-01
    4.95288968e-01 2.60576218e-01 9.57390785e-01 9.39724445e-01
    8.79587531e-02 4.09974992e-01 2.03678489e-01 4.60068971e-01
    4.53253984e-01 5.19373417e-02 3.85938972e-01 6.09772980e-01
    3.76105130e-01 7.14933872e-01 6.93020344e-01 7.32017159e-01
    9.19768512e-02 7.26257324e-01 5.14071345e-01 7.51492977e-02
    5.60400844e-01 1.99258745e-01 5.41609764e-01 9.27431881e-02
    5.74706912e-01 5.17285585e-01 3.06547642e-01 6.96954370e-01
    3.95581245e-01 7.16595948e-01 9.95359182e-01 2.16318429e-01
    3.06296080e-01 5.58987260e-02 9.85312462e-01 3.74633074e-03
    5.93370140e-01 8.46690238e-01 8.31258416e-01 8.59923244e-01
    1.24378949e-01 1.17845356e-01 6.70066297e-01 9.70638394e-01
    6.42514765e-01 1.33665949e-01 9.95204091e-01 2.65127212e-01
    3.69906723e-01 7.18296647e-01 2.75722146e-03 2.73468137e-01
    9.29626524e-01 2.16757178e-01 1.27882361e-02 2.40228921e-01
    6.08478069e-01 2.33572036e-01 5.51288784e-01 6.21214926e-01
    1.40901506e-01 1.17474109e-01 2.36294389e-01 3.93686593e-01
    1.66301936e-01 6.53636456e-01 8.78817677e-01 3.48991871e-01
    2.22416282e-01 3.59140038e-01 8.56644034e-01 2.55385041e-01
    7.37997711e-01 2.41687387e-01 6.83094621e-01 7.92874575e-01
    7.58791447e-01 9.04963613e-01 4.00758058e-01 4.53924626e-01
    8.92084360e-01 4.75959986e-01 2.46510774e-01 6.21732473e-02
    8.12258363e-01 1.68304533e-01 3.94681662e-01 6.21683061e-01
    1.95919931e-01 8.52099895e-01 7.97356665e-01 9.48181272e-01
    3.78317773e-01 6.35315955e-01 6.10577345e-01 4.70907778e-01
    8.45447958e-01 1.89697534e-01 9.58308756e-01 5.05617738e-01
    3.16811025e-01 1.54835314e-01 9.23092365e-01 1.01134121e-01
    4.81197119e-01 3.48426819e-01 2.07978964e-01 8.88717294e-01
    2.50245839e-01 4.82557416e-02 1.92772359e-01 4.72159952e-01
    6.40899777e-01 2.76245832e-01 3.12610656e-01 1.77489787e-01
    1.53638452e-01 6.26341403e-02 5.08628309e-01 8.19012105e-01
    5.00630021e-01 7.50245869e-01 3.73178124e-02 7.90488243e-01
    1.68060958e-02 2.03699172e-02 2.73558617e-01 1.76441491e-01
    5.16176283e-01 8.93060207e-01 3.88737202e-01 6.13971770e-01
    3.01665038e-01 1.62665427e-01 3.97395492e-01 7.40552604e-01
    6.90387666e-01 9.33723092e-01 1.10021085e-01 2.91762978e-01
    8.24027300e-01 9.29609418e-01 7.77531266e-01 4.46620256e-01
    3.15155149e-01 2.01027066e-01 2.15640634e-01 2.27253079e-01
    9.98752475e-01 6.18637145e-01 2.48089939e-01 8.22544217e-01
    2.21417487e-01 4.30056542e-01 6.64392948e-01 6.44653738e-01
    5.08305728e-01 5.27694225e-01 6.37459338e-01 4.45645392e-01
    7.18563199e-01 6.09209001e-01 6.80773437e-01 3.05675834e-01
    2.93072164e-01 1.40027881e-01 4.72918302e-01 2.90360510e-01
    9.11953449e-01 4.55756366e-01 6.60484791e-01 3.71371865e-01
    7.50564396e-01 6.89621866e-01 8.02335620e-01 8.58469963e-01
    9.98057485e-01 3.13590169e-01 6.52059913e-01 3.86433780e-01
    4.12471473e-01 3.93500656e-01 9.35455441e-01 3.62939537e-01
    1.25322819e-01 4.02656674e-01 3.58056247e-01 8.61277103e-01
    7.28786886e-02 9.64618504e-01 7.92821169e-01 9.88697469e-01
    5.49705923e-02 8.24055910e-01 7.61015415e-01 4.19616371e-01
    5.02478778e-02 7.82581508e-01 8.20210993e-01 1.24862850e-01
    8.65909457e-01 9.02004600e-01 9.44775283e-01 1.03354841e-01
    6.12631857e-01 2.58293957e-01 7.92501092e-01 7.32337952e-01
    2.83565521e-01 6.77892208e-01 8.93638849e-01 3.24850291e-01
    4.09677476e-01 7.56805658e-01 5.37629783e-01 2.49106109e-01
    1.29439652e-01 9.68264461e-01 2.91013122e-01 9.34548974e-01
    9.92061615e-01 9.59470332e-01 9.43043113e-01 3.57741237e-01
    9.58808959e-02 8.76265168e-01 7.30438769e-01 5.64362526e-01
    9.94303465e-01 3.40123922e-01 8.81522059e-01 8.25061798e-01
    8.27121139e-02 7.23563194e-01 6.69100344e-01 2.05710351e-01
    1.66960537e-01 8.68286669e-01 2.22824812e-02 6.68696046e-01
    5.67606807e-01 1.61583662e-01 6.59437656e-01 8.32958221e-01
    6.93733811e-01 5.90403140e-01 2.97010720e-01 9.28964317e-01
    4.08978343e-01 9.99609232e-01 8.09412956e-01 4.88186330e-01
    9.80661809e-02 6.40806496e-01 4.73609835e-01 8.52185071e-01
    7.40048707e-01 8.48738194e-01 9.90411639e-03 7.15689778e-01
    7.70256877e-01 2.29849875e-01 7.30822444e-01 1.66369528e-01
    9.48294818e-01 6.04645371e-01 2.11678416e-01 3.83354396e-01
    3.91346812e-01 6.39198661e-01 1.30857825e-01 6.72069430e-01
    1.84792578e-01 7.03279614e-01 2.72611320e-01 3.48112166e-01
    8.66807103e-01 6.24656796e-01 1.29199028e-03 3.92391086e-02
    1.21767402e-01 8.17924142e-01 5.63757658e-01 5.04406273e-01
    1.82241827e-01 7.72694945e-01 5.42627275e-02 6.02438867e-01
    3.45322609e-01 8.15313339e-01 7.64523804e-01 5.04454672e-02
    1.69769347e-01 2.47825444e-01 4.28252459e-01 9.11008000e-01
    2.34920204e-01 3.27867240e-01 3.32562268e-01 9.31432962e-01
    3.76537919e-01 1.58389717e-01 8.31248999e-01 4.99515563e-01
    5.94219983e-01 3.76893699e-01 3.60804558e-01 5.02933025e-01
    8.42637658e-01 7.74407744e-01 4.77959126e-01 7.12782383e-01
    4.56246465e-01 6.47330582e-02 6.30908072e-01 6.04392171e-01
    6.55383348e-01 5.31277537e-01 4.15234357e-01 5.26695848e-01
    5.58367312e-01 8.55570436e-01 2.21863806e-01 1.25939846e-02
    6.33039117e-01 5.10526299e-02 9.36475635e-01 9.80236173e-01
    4.21953499e-01 4.92831111e-01 6.50170207e-01 2.79752135e-01
    4.80437160e-01 7.70296752e-01 5.30983865e-01 9.73347187e-01
    1.93219244e-01 8.78987074e-01 6.25446200e-01 7.99598396e-02
    7.63020635e-01 4.99855012e-01 3.94741982e-01 3.07439506e-01
    5.51796019e-01 7.17587829e-01 3.89671266e-01 4.48590547e-01
    9.49831009e-01 2.51034558e-01 2.69024014e-01 4.96074259e-02
    5.69224358e-05 7.37968802e-01 2.94851959e-02 8.61236751e-01
    9.47449505e-02 2.45435834e-02 8.72868538e-01 3.90040874e-02
    7.81031966e-01 3.23105752e-02 4.81261253e-01 7.63193130e-01
    7.34995902e-01 1.25356823e-01 5.07271826e-01 3.72543573e-01
    2.04116255e-01 8.38649571e-01 3.01594406e-01 6.65826559e-01
    2.14884579e-01 3.57410759e-01 9.67997253e-01 3.19324046e-01
    1.51407599e-01 8.11884761e-01 3.84700716e-01 8.41398835e-01
    7.98193514e-01 8.57955098e-01 7.54377007e-01 4.56728637e-01
    1.96290284e-01 5.79274356e-01 2.79419184e-01 7.43921280e-01
    9.51049209e-01 7.22991168e-01 6.97852075e-01 6.76984608e-01
    6.51166320e-01 9.48666692e-01 9.10424411e-01 4.34676349e-01
    4.51315075e-01 4.74271774e-02 3.38933975e-01 1.41168803e-01
    6.82454109e-01 2.03643113e-01 9.22831059e-01 2.25668788e-01
    3.74141514e-01 6.37464643e-01 7.55540311e-01 1.09762043e-01
    6.04501843e-01 8.92567277e-01 9.93965268e-01 7.16861069e-01
    7.12535858e-01 7.79477477e-01 2.88007259e-02 5.31195104e-01
    9.50006127e-01 4.26459938e-01 2.15027660e-01 9.85538840e-01
    3.45063508e-01 3.33884418e-01 5.01161218e-01 6.61386847e-01
    9.74458814e-01 3.03038359e-01 4.54458833e-01 5.02591193e-01
    7.99179375e-01 2.17040122e-01 3.28967005e-01 7.23040402e-01
    8.28289866e-01 7.81356335e-01 5.26087284e-02 9.69374478e-01
    4.86260533e-01 3.23098421e-01 5.31937063e-01 4.20006931e-01
    2.89262414e-01 7.50495911e-01 1.83731019e-02 3.22922170e-02
    8.43563080e-02 5.32804549e-01 4.65775162e-01 2.58121192e-01
    1.49461836e-01 5.70622802e-01 5.94499350e-01 5.15414298e-01
    5.86131215e-01 6.98789716e-01 6.79225326e-01 9.56416965e-01
    3.06865782e-01 7.75527954e-01 5.59931040e-01 8.31457734e-01
    3.91157985e-01 5.67679703e-01 1.54839456e-02 1.58404022e-01
    9.68889713e-01 6.68251753e-01 5.38641572e-01 5.87973952e-01
    6.81203306e-02 8.29653442e-02 4.56053793e-01 4.95562464e-01
    2.40710080e-01 1.38931423e-01 8.81758332e-02 4.59897816e-02
    4.46606636e-01 5.11220992e-01 4.23330128e-01 4.17486131e-01
    5.64895928e-01 2.38132179e-02 9.09656286e-01 8.37666988e-01
    7.92606771e-01 9.31038260e-01 5.80916107e-01 8.13796759e-01
    9.92121577e-01 3.60269070e-01 7.96875179e-01 2.28147209e-01
    8.53532434e-01 1.23747855e-01 5.01217008e-01 5.48972905e-01
    9.50203538e-01 3.89548272e-01 7.09695816e-01 1.86304688e-01
    7.14677930e-01 2.33345091e-01 4.13839221e-01 2.47518212e-01
    4.77317154e-01 7.64901042e-01 4.24846232e-01 8.35587442e-01
    2.68084437e-01 9.18197751e-01 5.37756324e-01 2.48643726e-01
    9.70643759e-01 3.04985821e-01 6.61134005e-01 1.98356271e-01
    1.65610611e-02 8.15366387e-01 9.35936928e-01 9.00006533e-01
    7.96335101e-01 3.26743960e-01 8.17947268e-01 8.32585931e-01
    7.38129854e-01 9.23315763e-01 1.49762571e-01 3.85399073e-01
    7.17823327e-01 6.68952107e-01 6.48187995e-01 1.25392973e-01
    2.92008936e-01 2.15429544e-01 2.72413790e-01 9.17165697e-01
    2.64636695e-01 4.79084164e-01 7.31234312e-01 9.62024868e-01
    5.85617125e-02 6.89231813e-01 4.14052993e-01 3.01519275e-01
    4.22576696e-01 5.16977429e-01 7.06902921e-01 5.24234295e-01
    3.40155631e-01 2.11427569e-01 8.99677277e-01 5.08300900e-01
    9.92873430e-01 7.49415278e-01 4.92707193e-02 7.74393857e-01
    4.97845978e-01 2.69387811e-01 6.04417801e-01 7.99886525e-01
    4.47527617e-01 4.43533033e-01 2.95922428e-01 9.51164961e-01
    2.55863100e-01 1.68578595e-01 3.13822865e-01 6.49569631e-01
    8.77796113e-02 7.37898052e-01 8.42059553e-01 5.09969890e-01
    8.51780772e-01 5.15088022e-01 5.36960661e-02 1.91858560e-01
    9.61842418e-01 1.32193655e-01 7.29399920e-01 5.46512246e-01
    9.94833827e-01 1.47741765e-01 5.07903695e-01 5.28377771e-01
    8.05424452e-01 8.11448932e-01 3.18752170e-01 8.05391073e-02
    7.24297225e-01 1.03180379e-01 1.74569845e-01 4.89779621e-01
    6.36093140e-01 7.24342287e-01 9.81343389e-01 8.80180836e-01
    2.82897651e-02 7.31780767e-01 5.66543758e-01 5.52247822e-01
    8.90378058e-02 9.14130688e-01 8.34632099e-01 8.57609153e-01
    7.84676075e-01 3.83072019e-01 2.52911627e-01 3.25305283e-01
    3.37775707e-01 8.87024760e-01 2.04463840e-01 6.40255213e-01
    5.37015557e-01 1.68557703e-01 4.67142045e-01 4.07951444e-01
    2.34702945e-01 6.51718020e-01 4.38425839e-02 2.40831465e-01
    5.54728150e-01 7.83272862e-01 9.20030177e-01 9.78460550e-01
    8.31440568e-01 1.57679230e-01 3.37322474e-01 2.64927447e-02
    8.30126047e-01 9.14002419e-01 3.76283646e-01 7.38905847e-01
    7.49729455e-01 1.38746679e-01 3.11884820e-01 4.08716440e-01
    6.22695684e-02 1.90693557e-01 6.48884654e-01 8.54833484e-01
    1.53580904e-02 5.88693202e-01 2.27445453e-01 4.75253433e-01
    4.63115156e-01 7.86390662e-01 7.32790470e-01 9.58788991e-02
    4.31050837e-01 4.17805314e-01 4.99647975e-01 9.56470370e-02
    8.39953423e-01 5.80652773e-01 1.08221918e-01 7.51218677e-01
    2.38733470e-01 1.60211533e-01 2.29936659e-01 8.33110690e-01
    6.25134706e-01 1.16492093e-01 9.86080050e-01 9.30570722e-01
    1.87775433e-01 4.29990202e-01 6.22815430e-01 7.10491955e-01
    5.17287791e-01 6.90452874e-01 3.22503716e-01 2.83014417e-01
    9.25619602e-01 5.56201458e-01 5.03947198e-01 8.79202724e-01
    9.68836784e-01 3.37923944e-01 2.14438617e-01 7.61909068e-01
    4.85865176e-02 8.94499660e-01 5.38013816e-01 1.23383015e-01
    6.05255306e-01 9.99280691e-01 1.75564617e-01 2.15400398e-01
    6.86990976e-01 6.11837745e-01 7.68114328e-02 8.53821278e-01
    2.97959238e-01 6.87628984e-01 1.79256797e-01 1.02304161e-01
    7.58844614e-01 4.93279546e-01 4.70764399e-01 1.17956191e-01
    3.95778358e-01 1.37504190e-01 9.53710675e-02 4.11561549e-01
    2.32400805e-01 7.40385711e-01 3.25996935e-01 8.66433263e-01
    3.23371232e-01 1.60915732e-01 6.35075569e-02 4.30995524e-01
    9.12501454e-01 4.03298736e-01 2.00293422e-01 5.63872755e-01
    1.50464296e-01 5.44349492e-01 8.76588821e-01 3.32524687e-01
    9.52258945e-01 7.15113878e-01 8.38363290e-01 8.84243667e-01
    3.52658331e-01 8.79416406e-01 6.38682663e-01 2.99266934e-01
    3.83533597e-01 7.49867558e-01 5.55408239e-01 6.64208770e-01
    3.29078496e-01 8.46179128e-01 7.25778937e-01 9.33018208e-01
    5.16440153e-01 2.89386213e-01 2.39319056e-01 8.83395672e-01
    5.19860327e-01 3.35504711e-02 5.11492789e-01 7.24810064e-02
    6.13377690e-02 2.07618207e-01 2.82088876e-01 1.84659630e-01
    3.45059693e-01 5.57790637e-01 5.24678349e-01 9.46744323e-01
    7.30238020e-01 5.15481114e-01 9.19532895e-01 9.82831836e-01
    1.67823762e-01 4.59897220e-02 9.12176251e-01 1.93447590e-01
    6.11832440e-02 6.80924058e-01 6.86646163e-01 9.74701881e-01
    7.57756829e-01 9.43842828e-02 8.78526568e-01 1.70242131e-01
    3.55581671e-01 6.10544443e-01 4.03243423e-01 3.75005603e-01
    3.09241295e-01 5.27400076e-02 8.02932322e-01 4.04668152e-02
    1.24119133e-01 1.66574359e-01 8.89701247e-01 1.22443616e-01
    3.24625373e-01 7.50458956e-01 3.26274455e-01 7.82818198e-01
    9.92085099e-01 9.50074553e-01 1.28568858e-01 8.09010565e-01
    2.41422355e-01 2.32720345e-01 8.03925633e-01 8.28310072e-01
    6.45793915e-01 9.79522049e-01 3.11093986e-01 7.01850951e-01
    5.78597665e-01 5.59075236e-01 1.03759944e-01 3.28026772e-01
    7.98266888e-01 4.00765926e-01 3.38478029e-01 2.47922063e-01
    2.32047439e-01 8.08409393e-01 4.84606802e-01 5.16632080e-01
    3.25577378e-01 9.99025345e-01 4.15464342e-02 3.64055008e-01
    2.44655579e-01 8.25793982e-01 1.35855079e-02 3.99169981e-01
    7.23820031e-02 6.20002031e-01 9.49725688e-01 2.31722921e-01
    9.46808994e-01 8.24997187e-01 4.74368334e-01 6.25634789e-01
    1.43328935e-01 5.33850551e-01 2.59324104e-01 1.62916303e-01
    2.82041371e-01 9.19948936e-01 2.78716147e-01 1.47740811e-01
    8.51124763e-01 3.55345726e-01 7.63155997e-01 9.61323202e-01
    9.50744331e-01 5.25255978e-01 5.04799664e-01 9.75624919e-01
    5.04727185e-01 1.85494721e-02 7.60556698e-01 9.79167163e-01
    1.82412922e-01 9.23236370e-01 4.67948675e-01 9.77783442e-01
    1.44388378e-01 5.35462081e-01 4.22710896e-01 1.04618073e-01
    7.53845870e-01 4.68429625e-01 8.89408469e-01 6.07530117e-01
    1.63019001e-01 7.87481904e-01 8.60037327e-01 2.71714121e-01
    1.84775054e-01 3.67106378e-01 5.61980903e-02 7.01457262e-01
    3.23910475e-01 6.57769799e-01 4.42297876e-01 8.38997245e-01
    1.16494447e-01 8.22448492e-01 6.50875330e-01 7.34519064e-01
    2.06993788e-01 9.66696680e-01 3.12637091e-01 1.75309688e-01
    1.18483037e-01 5.38820624e-01 2.83463359e-01 5.80515623e-01
    7.99941897e-01 3.55843186e-01 8.59173656e-01 5.14768004e-01
    6.65126920e-01 2.49160677e-01 7.53725529e-01 9.11838114e-02
    1.20971233e-01 1.79461062e-01 3.07672799e-01 1.35093391e-01
    4.30222750e-02 4.09615576e-01 1.26440823e-02 4.12939608e-01
    1.45061553e-01 2.26231605e-01 9.64264393e-01 6.80167258e-01
    6.89837873e-01 2.08552986e-01 9.61112857e-01 8.28993678e-01
    8.85077238e-01 6.43446684e-01 7.80304313e-01 1.94807589e-01
    3.24505985e-01 5.62385082e-01 5.11880040e-01 8.50807071e-01
    6.72495902e-01 8.90816808e-01 2.77458489e-01 8.35733771e-01
    6.64912522e-01 3.17016304e-01 2.72121400e-01 9.97841775e-01
    4.76921588e-01 7.17722356e-01 6.45997584e-01 9.12176788e-01
    4.84915793e-01 2.94253528e-01 2.37945646e-01 5.43534636e-01
    1.03339076e-01 9.15060759e-01 6.58756852e-01 4.79592115e-01
    9.60678697e-01 8.39411557e-01 5.30721247e-02 3.35312515e-01
    4.23096418e-02 4.21828479e-01 8.67161870e-01 3.87012064e-01
    8.23875666e-01 4.51390028e-01 6.65618598e-01 2.86723733e-01
    3.91627222e-01 7.35500455e-01 2.90846616e-01 9.63127375e-01
    1.84221685e-01 3.34309220e-01 2.68714130e-01 3.75895828e-01
    5.25020421e-01 9.85902488e-01 4.67267632e-01 1.78089231e-01
    6.49789095e-01 3.94711584e-01 5.68644583e-01 4.31154609e-01
    7.76807189e-01 3.54280770e-01 7.03927875e-03 1.08182043e-01
    6.08486772e-01 4.38694060e-02 4.40115273e-01 7.47196674e-01
    8.25419009e-01 8.51020217e-01 3.45990807e-01 6.80426180e-01
    1.69449359e-01 3.49873185e-01 9.84952807e-01 5.40609181e-01
    8.27556014e-01 9.44699228e-01 5.12518764e-01 6.12919748e-01
    1.02529109e-01 5.20721853e-01 6.42368555e-01 4.41519797e-01
    1.02305949e-01 7.45478153e-01 2.79577762e-01 5.05354822e-01
    3.54000449e-01 4.07729715e-01 9.14717913e-01 1.27179801e-01
    2.52143264e-01 5.34654140e-01 8.44870925e-01 3.30829024e-02
    1.87343985e-01 5.78180552e-02 3.60203713e-01 3.31453979e-01
    4.49623406e-01 4.55467284e-01 2.52415538e-02 1.19351745e-02
    6.94295049e-01 9.71394897e-01 5.98011971e-01 5.20992637e-01
    2.11552382e-02 8.69061291e-01 7.55032837e-01 8.62269878e-01
    5.96432924e-01 2.24462986e-01 4.35124695e-01 5.76181233e-01
    1.79111451e-01 6.94713891e-01 7.98816681e-02 7.92113960e-01
    3.31451297e-01 3.02939475e-01 7.19170332e-01 1.50382996e-01
    8.42372179e-02 8.10797811e-01 8.15708220e-01 7.17931628e-01
    6.80958033e-01 8.48674297e-01 2.73809820e-01 2.67194390e-01
    7.21728206e-02 9.75968361e-01 7.21111774e-01 4.89828467e-01
    2.59382963e-01 9.93524909e-01 8.89545321e-01 7.41528869e-01
    2.64747739e-01 2.30753243e-01 7.90074825e-01 9.03847694e-01
    6.47115052e-01 9.76588368e-01 2.30898172e-01 4.59737778e-02
    8.59475493e-01 7.23773062e-01 4.81021553e-01 9.64225590e-01
    3.69675815e-01 6.90728545e-01 8.98756266e-01 6.19760096e-01
    6.04725361e-01 1.16388202e-01 6.92992806e-01 7.92392492e-01
    1.69038534e-01 9.01785195e-01 4.84423637e-02 1.95525855e-01
    1.65136367e-01 9.11092401e-01 7.09535301e-01 7.66075194e-01
    6.42216206e-01 2.58730710e-01 3.26272428e-01 2.84427404e-01
    9.25815046e-01 6.06337488e-01 3.56415451e-01 4.71802592e-01
    6.76353276e-01 6.79029465e-01 7.60318756e-01 5.12396157e-01
    6.24847054e-01 1.64747387e-01 9.42595959e-01 3.57456505e-01
    1.33106470e-01 6.95226669e-01 8.16064596e-01 1.55748487e-01
    2.94020921e-01 6.69980943e-01 3.31576318e-01 5.03635228e-01
    1.82847291e-01 3.67152691e-01 6.26419842e-01 1.51517570e-01
    9.10560608e-01 8.61638248e-01 3.00715685e-01 5.83884954e-01
    7.00740695e-01 5.84959626e-01 7.11691022e-01 6.68810427e-01
    2.07035750e-01 4.28185821e-01 5.63908875e-01 9.98777151e-01
    3.05479258e-01 8.79136264e-01 6.69898033e-01 7.54345596e-01
    3.30971777e-01 1.01329625e-01 4.14022356e-01 9.16041851e-01
    1.15819216e-01 4.50058848e-01 3.06139618e-01 2.29344100e-01
    6.51443064e-01 5.67063272e-01 2.37170190e-01 6.80788338e-01
    8.97429585e-02 2.06196189e-01 9.84640837e-01 6.83827400e-01
    3.85083199e-01 8.70164573e-01 9.13138032e-01 4.94472980e-01
    7.74009466e-01 7.88021803e-01 8.65968108e-01 2.19986379e-01
    5.23009300e-02 8.54192555e-01 9.98533726e-01 1.81918949e-01
    5.82080841e-01 4.72101927e-01 4.27890569e-01 8.87124777e-01
    2.85787016e-01 7.03022718e-01 8.58696818e-01 3.73094678e-01
    5.67973375e-01 5.23009002e-01 2.85666972e-01 4.31269228e-01
    2.51069039e-01 3.36745918e-01 3.97610247e-01 4.84964222e-01
    2.47517496e-01 6.96827710e-01 9.37526703e-01 2.39161372e-01
    2.29372710e-01 7.10089803e-01 9.11785603e-01 1.98900700e-04
    7.62743533e-01 6.74307048e-02 4.02418315e-01 5.85235119e-01
    4.90498394e-01 7.21580386e-01 9.63852525e-01 1.77245200e-01
    4.67638612e-01 1.21832758e-01 6.10396922e-01 6.24155641e-01
    4.39188361e-01 1.69810593e-01 2.09027231e-01 1.60349756e-01
    7.59104371e-01 7.95042276e-01 1.53867960e-01 3.67903441e-01
    8.82042468e-01 9.98462319e-01 9.77194965e-01 1.46521866e-01
    8.23861241e-01 3.87961298e-01 2.86652267e-01 3.94769847e-01
    7.35551476e-01 9.97475803e-01 5.11362076e-01 9.18676853e-01
    7.19556928e-01 9.27267671e-01 7.45370269e-01 3.43202472e-01
    4.35293943e-01 1.57967031e-01 7.86964297e-01 6.28004193e-01
    8.42058122e-01 6.73532128e-01 6.75030649e-01 7.61377573e-01
    6.36037052e-01 2.31033415e-01 4.70170110e-01 8.75406265e-01
    6.85878932e-01 2.01478422e-01 8.06006432e-01 5.06354094e-01
    8.98508310e-01 4.29917753e-01 6.51684642e-01 2.74208069e-01
    8.44431400e-01 3.35847557e-01 7.70797253e-01 7.81031251e-02
    8.55856657e-01 1.77146494e-01 8.68268013e-02 7.67303288e-01
    9.63633060e-01 6.63232744e-01 3.17422658e-01 1.67271018e-01
    9.32581544e-01 3.19684267e-01 3.95878345e-01 8.72150898e-01
    6.89543068e-01 2.86986083e-01 8.23458850e-01 3.18901837e-02
    1.62573516e-01 8.73354793e-01 5.31183541e-01 5.16966939e-01
    4.75341290e-01 5.91790199e-01 8.00242722e-01 3.93769741e-01
    7.58706570e-01 5.66415071e-01 3.96251768e-01 8.33100677e-02
    8.56132388e-01 5.45542777e-01 5.80023646e-01 4.45828706e-01
    8.08546782e-01 8.13033998e-01 7.31902480e-01 1.77123487e-01
    8.15068483e-01 6.79808259e-01 4.32428360e-01 9.28182781e-01
    8.53798270e-01 7.88958430e-01 4.76003915e-01 1.77125961e-01
    7.21394181e-01 3.54035139e-01 6.02185965e-01 1.08711243e-01
    9.00574923e-02 8.11528563e-02 1.79709554e-01 8.98893356e-01
    6.41914189e-01 7.11929739e-01 6.26863360e-01 6.78244531e-02
    9.19444501e-01 6.52058959e-01 4.01931047e-01 4.35134888e-01
    7.53610015e-01 3.52536201e-01 7.10987508e-01 2.68844664e-01
    9.95375276e-01 7.92223811e-01 9.46178913e-01 8.15963864e-01
    2.23260522e-01 8.27478170e-01 4.41896915e-01 8.79098654e-01
    2.91573644e-01 3.25185180e-01 5.41440606e-01 1.81522876e-01
    3.78534913e-01 9.16097999e-01 9.61891055e-01 9.01295841e-02
    5.38784385e-01 7.55426288e-02 8.33032966e-01 6.60441518e-01
    5.23779631e-01 5.36140025e-01 1.98908746e-01 3.72998118e-02
    3.29736888e-01 8.90370369e-01 7.14989841e-01 6.63828254e-01
    8.98193836e-01 8.55428219e-01 1.58290774e-01 3.33962411e-01
    9.78699803e-01 9.04521108e-01 7.56128192e-01 1.95020348e-01
    1.86886430e-01 9.31574225e-01 6.62695706e-01 4.88056302e-01
    8.97742271e-01 9.84508514e-01 9.74234581e-01 7.28809059e-01
    4.29729462e-01 5.45298636e-01 6.11862838e-01 7.85420895e-01
    1.59866154e-01 8.59674990e-01 2.01305568e-01 2.83531129e-01
    6.29321873e-01 2.20094204e-01 8.60000372e-01 7.20569134e-01
    3.67464066e-01 2.43192762e-01 4.67867851e-02 6.27095342e-01
    1.62585616e-01 6.22827411e-01 6.48417234e-01 8.55225325e-01
    1.91240132e-01 1.68682426e-01 3.95975530e-01 2.09921896e-02
    3.03313941e-01 3.01811934e-01 5.06477773e-01 6.75747275e-01
    4.31423485e-01 6.43636405e-01 4.65660155e-01 5.80196142e-01
    3.27474415e-01 6.13537550e-01 8.96992147e-01 5.72395980e-01
    2.26011038e-01 8.13652754e-01 9.07102227e-03 6.33173943e-01
    7.15076923e-02 4.28846598e-01 1.38877571e-01 4.68011916e-01
    7.44349539e-01 5.06719947e-01 1.54811740e-01 9.97789383e-01
    3.57009113e-01 6.94703102e-01 4.68847305e-01 4.70950872e-01
    3.32056344e-01 7.90235817e-01 1.19546503e-01 2.36709893e-01
    2.08320826e-01 9.77896869e-01 2.35619545e-01 2.49875188e-02
    2.93063998e-01 5.85699081e-03 8.62877369e-01 3.03002775e-01
    9.79665637e-01 6.38740301e-01 7.34127462e-02 7.86736608e-02
    3.44507515e-01 9.75174010e-02 9.24354196e-01 5.14249742e-01
    4.67508435e-02 2.51706481e-01 6.42071724e-01 5.02931416e-01
    6.86631501e-02 4.23449695e-01 5.95047355e-01 1.59591794e-01
    5.56398749e-01 6.39054120e-01 4.21570331e-01 3.97796929e-02
    7.26313829e-01 1.58005148e-01 6.24526680e-01 9.84805226e-02
    1.79969341e-01 7.37212121e-01 3.42092931e-01 8.35642934e-01
    8.58138919e-01 1.05587006e-01 3.63549083e-01 6.35804057e-01
    1.69419050e-01 7.62870550e-01 8.80380630e-01 5.71625113e-01
    2.98936516e-01 3.57651114e-01 3.65783811e-01 3.89789939e-01
    2.70265341e-02 4.57357436e-01 7.80585408e-01 2.36852825e-01
    2.72271961e-01 2.48451412e-01 8.44722867e-01 5.55400789e-01
    4.39505965e-01 9.81007457e-01 9.49631274e-01 7.38923252e-01
    8.76238465e-01 3.67085397e-01 1.16867721e-01 5.08257449e-02
    8.07168365e-01 3.45824629e-01 5.58186769e-01 3.80570412e-01
    5.36040246e-01 4.50863093e-01 1.31300509e-01 8.14914346e-01
    4.54068542e-01 1.06274664e-01 8.62754822e-01 6.32071793e-01
    8.61204982e-01 5.25943339e-01 3.10577810e-01 4.26959991e-01
    3.90966356e-01 1.25465065e-01 6.41914427e-01 8.00261140e-01
    1.62954479e-01 3.98245931e-01 9.91781414e-01 2.58386731e-02
    4.02620554e-01 7.89016187e-01 1.79680884e-01 2.76020139e-01
    7.65399814e-01 9.39729095e-01 6.71214521e-01 5.99418640e-01
    3.70654106e-01 9.44167852e-01 4.31588709e-01 5.97337604e-01
    8.06925654e-01 7.81781793e-01 4.78062630e-02 4.57260847e-01
    2.25113183e-01 5.99765003e-01 9.85171199e-01 3.74262273e-01
    6.90521419e-01 6.25356913e-01 6.53854847e-01 9.36575532e-02
    4.28926349e-01 6.69784427e-01 1.05483860e-01 3.04824710e-01
    6.64409876e-01 5.96087515e-01 3.13229740e-01 3.88708621e-01
    4.13963825e-01 3.49469364e-01 9.71629858e-01 4.15924907e-01
    9.73389268e-01 7.95895338e-01 8.67952943e-01 4.71659094e-01
    8.82415056e-01 5.40601790e-01 5.33869267e-02 9.20590758e-01
    6.65612757e-01 6.56790257e-01 5.11839509e-01 9.03419256e-01
    6.25762820e-01 3.85907233e-01 1.30811930e-02 2.91816950e-01
    2.70098448e-01 6.86148703e-01 5.78073621e-01 4.79187012e-01
    1.55081749e-01 8.02615881e-01 3.02387476e-02 6.94337785e-01
    7.32548833e-01 3.04257870e-01 7.62572527e-01 3.47695351e-01
    3.86828423e-01 8.73866200e-01 8.96429121e-01 9.18047965e-01
    9.48747039e-01 8.55212688e-01 9.63278651e-01 4.91354674e-01
    4.24049795e-01 6.49475634e-01 1.12641901e-01 6.62063122e-01
    3.75221670e-01 3.42208564e-01 7.17785597e-01 8.29221249e-01
    2.12184101e-01 2.50043929e-01 2.65657783e-01 6.42352760e-01
    9.70103741e-02 5.17157912e-02 9.05471563e-01 7.09093094e-01
    9.92695808e-01 6.21075392e-01 7.75637388e-01 4.07445669e-01
    9.35489833e-01 7.32391536e-01 9.26236868e-01 9.47405219e-01
    6.55685067e-01 1.49393469e-01 5.91193318e-01 5.39400458e-01
    5.95051289e-01 9.12112117e-01 4.52348888e-01 6.44576848e-02
    6.32287085e-01 4.66503143e-01 5.06792545e-01 1.35117382e-01
    1.70323968e-01 4.77175802e-01 8.59596372e-01 4.38618064e-02
    5.37278652e-01 6.43683553e-01 2.71756172e-01 9.94055271e-01
    3.03180188e-01 9.52974617e-01 4.95786518e-01 4.07081485e-01
    1.61831737e-01 9.44794297e-01 8.89059484e-01 9.78330970e-01
    5.33819318e-01 5.38020670e-01 8.84802699e-01 3.45717251e-01
    2.10397899e-01 6.78690493e-01 8.48436654e-02 3.12617421e-03
    3.04426849e-02 5.84643126e-01 9.49530900e-02 8.16826880e-01
    1.05388105e-01 5.48905015e-01 1.21681511e-01 1.48670524e-01
    5.68562686e-01 1.95988238e-01 4.10719216e-02 7.95876741e-01
    1.66185498e-02 3.60528320e-01 1.72774762e-01 9.87301052e-01
    5.04140556e-02 7.45233476e-01 7.52976894e-01 1.65995330e-01
    2.31252164e-01 6.93637788e-01 6.58404708e-01 8.38693440e-01
    3.99464369e-02 5.64771414e-01 6.82141662e-01 1.26766264e-01
    2.34871030e-01 8.08752716e-01 9.94777918e-01 7.22620010e-01
    2.08963662e-01 4.96812761e-02 5.11053205e-01 5.93921542e-02
    6.13095939e-01 4.32658315e-01 6.68540478e-01 9.56184626e-01
    1.93579733e-01 1.05970144e-01 5.94378710e-01 1.28367573e-01
    3.94299477e-01 6.06801748e-01 9.52888072e-01 1.47339374e-01
    6.12220824e-01 6.00300133e-02 8.50757301e-01 9.35752988e-01
    3.40404809e-02 7.78045833e-01 7.54829109e-01 5.52420318e-01
    1.45892680e-01 9.96755123e-01 2.37426698e-01 8.45133066e-01
    2.59926975e-01 1.68030500e-01 7.38842487e-01 4.91778582e-01
    2.01208800e-01 3.09614837e-02 9.30352688e-01 6.16801798e-01
    9.89541173e-01 9.16945755e-01 7.82247066e-01 3.79480481e-01
    6.55895591e-01 8.41254473e-01 8.16189766e-01 1.16369158e-01
    5.15721679e-01 2.61549532e-01 7.88925648e-01 2.03483462e-01
    1.19004399e-01 7.90739298e-01 9.80525017e-01 9.59645629e-01
    2.91478783e-01 6.13202333e-01 9.63020742e-01 1.98420376e-01
    2.44385600e-01 5.62440038e-01 8.18148792e-01 3.65616918e-01
    7.27473080e-01 7.21674263e-01 6.86280131e-01 1.38342291e-01
    4.96930838e-01 4.90818322e-02 4.77744728e-01 9.80013907e-01
    5.06113648e-01 7.14673102e-01 7.92298496e-01 4.68022227e-02
    6.84938669e-01 4.00678456e-01 1.09220594e-01 3.48648638e-01
    2.78865695e-01 2.60563791e-01 9.69804168e-01 7.66974568e-01
    2.77147412e-01 9.21568751e-01 6.75062537e-01 5.59404850e-01
    9.05004859e-01 3.96628559e-01 4.04845476e-01 3.53745997e-01
    8.58700931e-01 9.09829438e-01 8.16564023e-01 8.04937363e-01
    2.64773488e-01 3.49770933e-01 5.83615899e-01 6.09258235e-01
    2.51975924e-01 6.06925547e-01 1.15997195e-01 4.06548321e-01
    6.05731130e-01 9.97167766e-01 7.32725143e-01 1.37877524e-01
    6.59213305e-01 6.08222961e-01 7.95090020e-01 5.18158972e-01
    4.33563799e-01 4.93284494e-01 6.75595582e-01 6.88617826e-01
    6.71232462e-01 8.55391502e-01 5.66960752e-01 3.41085494e-01
    6.81024075e-01 7.71648288e-01 7.77099252e-01 3.43809545e-01
    6.55753136e-01 8.66853893e-02 9.21298862e-02 3.88660431e-02
    9.34895992e-01 3.93843770e-01 3.86370838e-01 2.06705868e-01
    3.60654950e-01 4.24806952e-01 5.15508294e-01 1.64082646e-02
    3.88251275e-01 7.38418102e-01 6.07992709e-02 6.84625268e-01
    2.32790917e-01 3.97987068e-01 9.23114479e-01 8.69261265e-01
    3.14724743e-01 4.15149778e-01 3.89880836e-01 7.95605659e-01
    3.03369254e-01 1.32536590e-01 7.17658401e-01 7.85330296e-01
    9.94425535e-01 6.20423734e-01 2.87592769e-01 4.26872015e-01
    9.03079450e-01 8.82215858e-01 5.60019433e-01 7.97965527e-01
    6.44175887e-01 8.33085418e-01 6.75591350e-01 1.64963007e-01
    3.09092343e-01 2.93555915e-01 5.82779467e-01 2.46030450e-01
    5.38310170e-01 5.27880907e-01 7.24573433e-02 2.31632054e-01
    1.86834633e-02 4.75089133e-01 2.82008290e-01 2.87104607e-01
    2.13364005e-01 6.66528046e-02 9.21684623e-01 8.99166584e-01
    3.85924190e-01 9.64748561e-01 4.30988491e-01 5.49246967e-02
    1.97526217e-02 2.31953144e-01 8.80726576e-02 4.68056202e-02
    1.14854008e-01 7.42912948e-01 2.40619510e-01 8.71168017e-01
    5.08153737e-01 2.09067762e-02 6.25129223e-01 3.62855524e-01
    1.30025744e-01 3.84525180e-01 1.96210444e-01 2.37417191e-01
    9.71518815e-01 2.91091323e-01 1.27863288e-01 2.68663019e-01
    7.93209791e-01 7.59430230e-01 8.22157383e-01 3.10139835e-01
    7.96769381e-01 1.32959515e-01 6.20241165e-01 2.52185971e-01
    4.80972409e-01 3.57292682e-01 3.56527925e-01 4.00305092e-01
    1.88926756e-01 1.98399216e-01 5.93302548e-01 9.82233882e-03
    9.06725466e-01 5.03858685e-01 5.88306189e-01 9.40874219e-01
    6.93398476e-01 3.35065126e-01 3.42226565e-01 3.33745837e-01
    3.62621933e-01 9.37845826e-01 7.36800790e-01 8.46056342e-02
    4.01126176e-01 4.11770642e-01 9.46756959e-01 8.12177837e-01
    2.52631307e-02 6.55727029e-01 2.08350390e-01 4.69501168e-01
    8.01178157e-01 2.79706955e-01 9.09353733e-01 8.43984365e-01
    2.18676567e-01 1.22495353e-01 2.94207394e-01 8.77530813e-01
    2.96737105e-01 2.43689090e-01 9.36168790e-01 1.66233838e-01
    2.00836450e-01 7.91333318e-02 6.32174492e-01 5.84490001e-02
    5.11772752e-01 9.58159566e-02 4.93776202e-02 6.75671697e-01
    1.79821610e-01 8.82564306e-01 5.69943428e-01 7.39267945e-01
    8.34198356e-01 1.94526315e-02 3.98157239e-01 8.26569796e-02
    7.90468156e-01 1.02423370e-01 1.57210231e-02 2.23546982e-01
    5.57747245e-01 7.25135326e-01 6.19884253e-01 8.32109571e-01
    7.77355671e-01 9.96687651e-01 5.89892685e-01 4.04020101e-01
    4.07429457e-01 9.84980881e-01 4.61959541e-01 2.33076990e-01
    8.64259481e-01 5.70016503e-01 1.29117191e-01 4.95663106e-01
    6.39930248e-01 4.83444631e-01 3.40312958e-01 8.75259638e-01
    7.55233169e-01 4.64251637e-01 4.15662497e-01 3.10999572e-01
    8.27001214e-01 5.89055181e-01 8.43271732e-01 6.09010339e-01
    6.25869513e-01 9.14952159e-01 2.65439451e-02 3.24523896e-01
    9.27643895e-01 6.07572079e-01 2.42783248e-01 7.16027319e-01
    3.02802652e-01 5.95104933e-01 8.93213511e-01 9.59404409e-02
    8.14116478e-01 4.89834934e-01 4.87255156e-01 2.48474717e-01
    9.87868726e-01 3.96385193e-02 2.78678298e-01 2.45964080e-01
    7.78218389e-01 7.14143038e-01 1.43506527e-02 7.37288713e-01
    2.34075665e-01 5.41147292e-01 5.05999267e-01 6.19023383e-01
    3.11672807e-01 5.10317087e-01 6.03429437e-01 6.77940428e-01
    6.03743315e-01 7.22896814e-01 4.95921791e-01 9.43080664e-01
    4.20176864e-01 8.51308525e-01 9.24408913e-01 6.00447059e-02
    3.40197414e-01 6.66154802e-01 5.42993426e-01 5.21729290e-02
    5.56216538e-01 4.82036293e-01 9.25917923e-02 9.93999720e-01
    6.94055855e-01 2.81651437e-01 9.99663055e-01 2.44279206e-01
    1.16074085e-03 2.33601034e-01 2.10199207e-01 1.18249178e-01
    1.84081554e-01 3.03556800e-01 8.72823000e-01 2.66515493e-01
    1.61272168e-01 4.74091679e-01 9.95436072e-01 2.81707048e-02
    8.89900088e-01 2.14384854e-01 6.55330241e-01 1.76333636e-01
    9.64995980e-01 7.66085625e-01 1.60244405e-01 5.05434036e-01
    6.08108819e-01 9.36699331e-01 4.17799801e-01 4.17631924e-01
    7.46370614e-01 8.24434817e-01 3.34155560e-03 9.23759699e-01
    8.73562336e-01 9.67003405e-02 6.32572949e-01 7.38641977e-01
    1.51896834e-01 1.67726159e-01 4.22356486e-01 7.00868964e-01
    5.77705681e-01 2.39984930e-01 1.29113883e-01 5.22395134e-01
    9.53572869e-01 9.16737080e-01 2.74722040e-01 2.87925363e-01
    6.17966950e-02 1.21516913e-01 8.54633570e-01 9.11765814e-01
    7.88109660e-01 7.88911879e-01 7.91231453e-01 1.14995539e-02
    8.17529082e-01 2.72551179e-01 7.47957826e-01 6.08629942e-01
    6.19372249e-01 4.92316395e-01 5.88359714e-01 1.28862709e-01
    6.35925174e-01 5.58319926e-01 5.07884502e-01 7.72428572e-01
    4.57385421e-01 1.79241031e-01 1.45257115e-01 2.99987853e-01
    6.56165481e-01 3.39407980e-01 5.37421107e-01 5.20445168e-01
    1.38751030e-01 3.47738862e-01 7.46170700e-01 8.93922031e-01
    3.06677759e-01 3.43567431e-01 9.43012238e-01 7.17771471e-01
    3.07498276e-01 6.11199200e-01 3.28787893e-01 5.23399115e-02
    5.60904205e-01 6.55321240e-01 2.45140702e-01 9.98109579e-04
    3.59590948e-02 5.73611915e-01 2.26862997e-01 7.12149858e-01
    9.63967443e-01 6.45330369e-01 9.75113392e-01 5.52369654e-02
    4.17374671e-01 1.28768682e-01 6.00738764e-01 7.69142866e-01
    8.39811146e-01 4.77251142e-01 6.32900834e-01 8.78423929e-01
    4.93053287e-01 4.66291368e-01 5.12870491e-01 4.48269337e-01
    8.77550721e-01 9.94778335e-01 4.94290084e-01 6.54047489e-01
    8.31466317e-01 9.84789848e-01 9.31838334e-01 6.06995523e-01
    9.80312705e-01 5.11752188e-01 8.15250576e-02 2.12087303e-01
    4.44140017e-01 1.26154423e-01 3.49354744e-02 9.95514154e-01
    1.47851467e-01 1.04372501e-01 8.67653370e-01 3.10906053e-01
    6.52649283e-01 3.07392240e-01 2.10896134e-01 4.93237227e-01
    1.80843472e-02 7.75372982e-01 7.82199144e-01 4.12067950e-01
    3.09963465e-01 1.00065023e-01 8.71573925e-01 7.68979967e-01
    3.35503042e-01 3.59229565e-01 1.42846227e-01 2.58006066e-01
    3.14106971e-01 7.31377184e-01 6.75876737e-01 4.15880382e-01
    3.64960372e-01 3.01794946e-01 9.03582275e-02 9.53590393e-01
    8.16639662e-02 7.14201808e-01 6.56411946e-01 2.24887788e-01
    8.38099241e-01 6.67605519e-01 3.00056398e-01 6.07582331e-01
    1.01791680e-01 2.44378746e-02 5.11367679e-01 9.12854314e-01
    6.43812716e-02 3.76067579e-01 4.21798527e-02 8.45957994e-01
    4.36796278e-01 2.56792545e-01 3.62712145e-01 7.33802497e-01
    3.89569998e-02 6.45245433e-01 8.17746758e-01 8.30935717e-01
    5.42167366e-01 7.15971112e-01 1.33923769e-01 1.40947074e-01
    7.88190007e-01 7.51028776e-01 3.98759812e-01 6.81939244e-01
    4.94996667e-01 9.46479142e-01 2.60378122e-01 2.68500924e-01
    8.93784761e-01 9.30929780e-02 4.51908708e-02 6.78878725e-01
    2.85081834e-01 6.62769139e-01 5.77349126e-01 1.53265953e-01
    4.05206442e-01 6.14095986e-01 1.73635393e-01 3.72350514e-02
    8.27523470e-01 8.03336978e-01 2.67095447e-01 8.03015113e-01
    9.89264369e-01 2.18053639e-01 1.80481017e-01 9.93369341e-01
    3.79703015e-01 4.45847481e-01 4.27492142e-01 9.87863600e-01
    9.50826168e-01 5.11275530e-01 7.84838498e-02 9.67600107e-01
    7.39218593e-02 4.05573696e-01 9.72121239e-01 1.79913163e-01
    6.11060083e-01 2.95075387e-01 9.14919972e-01 3.34867507e-01
    7.45241284e-01 9.79206562e-01 6.21796608e-01 8.09590816e-01
    3.09480309e-01 7.62419820e-01 8.65701675e-01 3.72013807e-01
    8.38084757e-01 3.70392084e-01 5.20475030e-01 3.29696119e-01
    6.62670434e-01 4.36042249e-01 5.10836482e-01 7.50055432e-01
    7.97934353e-01 6.97124600e-01 3.38037819e-01 6.06566191e-01
    4.23401654e-01 3.03460509e-01 4.30848092e-01 6.94971979e-01
    8.78125429e-01 9.45257425e-01 2.62937188e-01 2.71376401e-01
    8.26764643e-01 8.66418958e-01 4.47019309e-01 2.37730682e-01
    4.91048574e-01 5.67125320e-01 3.80153805e-01 6.45458698e-04
    7.90145695e-01 6.92008018e-01 7.86369681e-01 2.46035188e-01
    7.24493504e-01 1.64876878e-02 4.93574560e-01 5.14598310e-01
    7.45993197e-01 2.95130789e-01 4.06562507e-01 6.16570175e-01
    9.52932239e-01 2.71038115e-02 3.28116268e-01 2.90809244e-01
    9.86655354e-01 9.21509027e-01 1.10826701e-01 9.03382599e-02
    3.36216807e-01 8.30506623e-01 7.18482077e-01 2.96220183e-01
    9.46699440e-01 9.73313749e-01 5.06259561e-01 6.01535022e-01
    6.49686337e-01 7.83626437e-01 2.28063345e-01 1.89288020e-01
    7.34790564e-01 6.90853894e-01 4.19632196e-01 7.52948046e-01
    5.21586716e-01 2.02846736e-01 4.26033884e-01 8.82073522e-01
    2.08433777e-01 9.35591340e-01 2.97505051e-01 5.02940953e-01
    4.11891103e-01 1.21346593e-01 9.96713877e-01 3.26564908e-01
    1.75989002e-01 8.13243270e-01 1.28429264e-01 5.42562008e-01
    7.58994579e-01 5.30238688e-01 5.23560166e-01 4.88135755e-01
    2.60463357e-03 3.33645582e-01 8.96845818e-01 2.80709684e-01
    7.63297975e-01 7.44542360e-01 2.48703539e-01 6.42083466e-01
    3.59354317e-02 6.22231066e-01 6.88150823e-01 7.87323713e-01
    6.49645567e-01 8.40915263e-01 6.92269981e-01 2.13513315e-01
    1.97184891e-01 6.78647697e-01 2.01484531e-01 6.94646418e-01
    7.22575009e-01 5.49541116e-01 9.17446971e-01 8.31796706e-01
    1.41838521e-01 5.53287148e-01 4.36866164e-01 4.39885706e-01
    2.36170650e-01 7.38990486e-01 8.77797186e-01 1.54181331e-01
    6.85503781e-01 4.39830661e-01 9.65506554e-01 4.86261129e-01
    5.22852123e-01 3.56073022e-01 5.30643761e-02 6.47682428e-01
    5.56148291e-01 6.73556328e-03 6.33499146e-01 5.79314947e-01
    1.69620514e-01 2.49484211e-01 6.66657090e-01 5.07937491e-01
    6.61850095e-01 6.66983545e-01 9.87775326e-02 4.30363178e-01
    2.57031262e-01 1.56989694e-02 4.87090319e-01 3.58273387e-02
    9.26853538e-01 7.52655983e-01 7.85407007e-01 6.34053588e-01
    5.81409276e-01 9.64361906e-01 8.33768666e-01 1.91627830e-01
    9.96538043e-01 2.13010311e-02 1.54317707e-01 4.63952184e-01
    1.67754501e-01 2.20196635e-01 6.19384766e-01 9.27652955e-01
    9.50746417e-01 9.13845539e-01 6.41559422e-01 3.43728364e-01
    6.50415301e-01 3.12393546e-01 8.21603656e-01 2.92726457e-01
    3.18213046e-01 2.63151228e-01 8.43704700e-01 8.95449877e-01
    4.80441749e-02 3.54587734e-02 2.84380734e-01 3.72104049e-01
    2.70753413e-01 4.51379657e-01 7.12871552e-01 2.14233935e-01
    5.46552658e-01 8.57295871e-01 1.85802341e-01 8.31173897e-01
    2.04719543e-01 6.88933611e-01 2.39041805e-01 1.95325613e-02
    5.86070359e-01 1.49030983e-02 7.20752239e-01 2.77256191e-01
    9.39509690e-01 3.36674571e-01 1.39639556e-01 2.78091431e-03
    8.62763286e-01 7.84469187e-01 7.63706863e-02 6.19774461e-01
    3.58241737e-01 9.79864717e-01 3.96192074e-04 5.83563626e-01
    6.02761567e-01 8.78409743e-01 2.96925068e-01 2.47163326e-01
    7.90196419e-01 3.38917971e-02 7.75665104e-01 5.84015727e-01
    8.91795635e-01 7.49413550e-01 4.39227223e-02 2.77981460e-02
    7.96884894e-01 7.82164931e-01 2.97901332e-02 4.54455018e-02
    8.04090798e-02 7.00706184e-01 4.62245524e-01 8.74522328e-01
    7.28832364e-01 3.62565130e-01 1.40787899e-01 2.33751565e-01
    6.49485588e-02 1.14762962e-01 9.07981992e-01 2.46785432e-01
    8.99706244e-01 1.82097316e-01 5.06008625e-01 2.69296467e-01
    1.88673228e-01 1.55511618e-01 1.57067269e-01 6.72421038e-01
    4.67174560e-01 9.65733230e-01 5.20528138e-01 3.39333296e-01
    1.26585811e-01 5.22006810e-01 7.86475837e-02 3.60160142e-01
    8.06664348e-01 6.61277890e-01 1.22258961e-02 4.29587692e-01
    8.90385151e-01 2.17848480e-01 7.36786366e-01 1.32899284e-01
    6.93038404e-01 5.27027190e-01 1.73585027e-01 6.35090351e-01
    7.38300681e-02 8.02435994e-01 5.88811338e-01 2.59874523e-01
    5.80513179e-02 4.33240741e-01 9.66960192e-01 8.25519741e-01
    9.11533415e-01 8.00352812e-01 8.52512956e-01 9.16497231e-01
    1.79067850e-01 3.86883914e-01 1.07434064e-01 5.99743724e-01
    6.24157667e-01 3.30615669e-01 4.46566433e-01 7.17780173e-01
    7.34816790e-01 4.81969833e-01 9.53978598e-02 4.37704414e-01
    7.03779578e-01 7.58759856e-01 3.75287205e-01 1.61494225e-01
    6.69813037e-01 5.17508626e-01 2.09770054e-01 5.18007338e-01
    5.04512489e-02 6.44904077e-01 9.74277139e-01 2.18381703e-01
    9.83681321e-01 8.11464190e-01 6.36219978e-01 8.44130158e-01
    8.07540834e-01 8.86976719e-03 1.65119767e-01 7.41822958e-01
    3.05060565e-01 2.67184377e-02 8.39570165e-01 3.29041153e-01
    5.59275985e-01 3.07422936e-01 4.53207731e-01 9.13206220e-01
    2.59375632e-01 5.86612940e-01 4.98985827e-01 3.41892779e-01
    6.30343437e-01 2.18462408e-01 1.19266689e-01 5.42332232e-01
    7.21496582e-01 2.43592113e-01 3.75657737e-01 8.99535060e-01
    2.75116950e-01 2.02574521e-01 8.00442219e-01 5.07900000e-01
    5.33920407e-01 8.96723628e-01 3.09365898e-01 2.65685648e-01
    8.18593502e-01 3.98603857e-01 8.60116839e-01 2.62206376e-01
    6.67717457e-01 6.82496250e-01 1.35018826e-01 9.56178129e-01
    4.72622484e-01 3.09196711e-01 9.08603311e-01 6.19576812e-01
    5.58774829e-01 7.27272630e-01 9.30182338e-02 8.72286201e-01
    9.77375805e-02 6.04370594e-01 4.73742545e-01 3.81854892e-01
    4.01071817e-01 8.54674220e-01 4.47125256e-01 1.90751523e-01
    8.78481030e-01 9.67690945e-01 5.96008897e-01 7.17555344e-01
    2.45576411e-01 6.60641730e-01 4.45879012e-01 9.24544811e-01
    4.21534270e-01 8.48731160e-01 6.63342476e-01 8.63710582e-01
    1.24226153e-01 1.74207747e-01 4.00866985e-01 1.23578221e-01
    1.04645044e-01 5.95199466e-01 1.15280449e-02 9.82607365e-01
    3.52103531e-01 5.68600774e-01 7.64915884e-01 7.08753228e-01
    1.66964740e-01 5.39033175e-01 3.20736855e-01 4.97252345e-02
    1.99824840e-01 7.05515623e-01 7.22566843e-01 3.32127512e-02
    8.04826319e-02 3.24888349e-01 6.56351209e-01 2.34407544e-01
    1.88345790e-01 8.45235467e-01 8.73548508e-01 3.65557998e-01
    5.67440748e-01 4.01897430e-02 2.68135041e-01 3.03924382e-02
    5.05652249e-01 8.64370763e-02 3.33437085e-01 1.58795893e-01
    6.08302832e-01 3.15132171e-01 3.62344354e-01 5.83297014e-03
    4.78369057e-01 2.32026964e-01 7.06358969e-01 4.22627121e-01
    5.64387739e-01 7.33538330e-01 9.13219988e-01 5.46267509e-01
    9.90953088e-01 2.97350466e-01 3.64199400e-01 3.75641465e-01
    2.97199547e-01 7.70513356e-01 5.82260489e-02 9.33120489e-01
    6.63033545e-01 5.51110446e-01 2.32559502e-01 3.06963503e-01
    9.31084514e-01 3.69893074e-01 7.85016418e-01 4.46561873e-02
    2.07496375e-01 8.89484286e-01 2.46782213e-01 2.99120963e-01
    4.07627106e-01 3.67288768e-01 3.68792802e-01 7.54782200e-01
    1.39706135e-01 8.31560314e-01 8.10980916e-01 9.43265319e-01
    8.92053902e-01 5.47479033e-01 1.51028097e-01 6.54109955e-01
    2.30866104e-01 5.82354724e-01 9.92509007e-01 9.33512807e-01
    4.58328575e-01 1.31600320e-01 4.87113148e-01 8.30842614e-01
    1.28142774e-01 9.32218790e-01 3.00690413e-01 1.83297753e-01
    5.25447428e-02 3.43233287e-01 2.28790641e-01 9.45844293e-01
    3.35108548e-01 9.68581080e-01 8.02991629e-01 6.31297052e-01
    3.72000188e-01 9.73146021e-01 1.28023416e-01 3.91346455e-01
    6.63039863e-01 7.55058289e-01 7.57876277e-01 3.80565286e-01
    2.84241498e-01 7.59139836e-01 1.78903759e-01 9.41213429e-01
    5.09108186e-01 2.91985571e-01 8.00926685e-01 3.72034222e-01
    6.10255063e-01 8.09890985e-01 9.95303392e-01 7.29568899e-01
    8.59706759e-01 9.74140227e-01 9.84907269e-01 4.27348137e-01
    2.44557261e-02 4.08043981e-01 9.30046737e-02 2.32594877e-01
    6.93811059e-01 4.78294045e-01 8.36082816e-01 4.69618917e-01
    2.19733208e-01 6.91979766e-01 9.28374648e-01 2.95286268e-01
    9.75816548e-02 8.84289742e-01 5.82713544e-01 5.10869443e-01
    8.47446322e-01 1.35727167e-01 6.23935997e-01 4.90687937e-01
    5.35910130e-01 8.24693084e-01 7.02523470e-01 1.35251820e-01
    2.57087886e-01 1.35939032e-01 7.08397746e-01 2.93255270e-01
    6.87150002e-01 7.80573726e-01 4.71532196e-01 3.44548881e-01
    7.39616871e-01 8.83789539e-01 8.77799690e-01 8.75700831e-01
    7.66821802e-02 4.81820464e-01 9.58480418e-01 2.54590422e-01
    5.56029558e-01 7.30233431e-01 8.61707687e-01 4.92115259e-01
    1.59934849e-01 6.98380470e-01 1.76615745e-01 4.99091744e-01
    5.76278448e-01 4.50238198e-01 5.22785127e-01 9.50589895e-01
    3.44218999e-01 5.62604845e-01 3.58990163e-01 1.90167010e-01
    7.17483282e-01 7.11603463e-01 1.60480917e-01 4.36303496e-01
    3.34983468e-01 4.20539439e-01 8.06696713e-01 8.02592754e-01
    4.66255963e-01 6.81291819e-02 2.78693259e-01 8.18118215e-01
    9.50655282e-01 5.25133848e-01 1.58130676e-01 7.03800976e-01
    1.64452195e-02 1.15535915e-01 2.86673367e-01 5.42493463e-01
    5.61747491e-01 1.85795099e-01 7.92347193e-01 7.65296221e-01
    9.54246521e-01 1.29368126e-01 1.02800518e-01 8.83752644e-01
    2.94286132e-01 8.81588697e-01 2.70521343e-01 5.01155734e-01
    6.11645281e-01 6.82996035e-01 8.54609668e-01 8.04592490e-01
    9.37220573e-01 7.89960027e-01 4.94451612e-01 6.76869512e-01
    2.06936747e-01 6.80295229e-01 3.18372905e-01 2.62596309e-01
    5.52112103e-01 8.66317153e-02 8.32531154e-02 6.37568295e-01
    5.98326325e-02 7.50462770e-01 1.30201221e-01 1.35785639e-02
    8.80666673e-01 6.49017990e-01 3.83935362e-01 6.96337521e-02
    8.22801471e-01 7.45021343e-01 5.80063283e-01 9.92405474e-01
    6.86711431e-01 4.02853042e-01 5.17209947e-01 6.27703667e-01
    7.34277666e-01 2.35668212e-01 4.75011647e-01 9.98974562e-01
    4.09388810e-01 9.27221537e-01 1.03306770e-02 9.29486394e-01
    4.49304342e-01 1.51096016e-01 3.72992158e-01 3.64652425e-01
    8.86013150e-01 2.69378126e-01 8.95101428e-01 8.13452125e-01
    6.12591863e-01 1.38401598e-01 3.33420634e-02 7.84497857e-01
    3.37101221e-01 5.56981385e-01 1.49732292e-01 8.54494870e-01
    6.72189951e-01 6.06994331e-01 5.05886257e-01 9.53318954e-01
    3.47170293e-01 5.70397735e-01 2.78767645e-01 6.50620818e-01
    6.93170190e-01 1.79749727e-03 4.97637689e-01 5.08231580e-01
    6.03887439e-02 5.35779059e-01 4.36240137e-01 1.09806061e-02
    7.92166233e-01 9.88897324e-01 7.62318730e-01 1.24840438e-02
    6.32132053e-01 5.78008592e-02 5.41189849e-01 4.56783444e-01
    6.62993193e-01 8.54312479e-01 1.95883512e-01 6.10021412e-01
    9.97992337e-01 2.25118607e-01 4.13911223e-01 4.36520517e-01
    4.13916737e-01 9.14058983e-02 8.81028533e-01 1.42878473e-01
    5.36593378e-01 3.59184295e-01 4.01670694e-01 6.44255519e-01
    1.89128548e-01 2.47333199e-01 2.98584402e-01 1.05530322e-01
    6.81059480e-01 2.25564361e-01 3.36306393e-02 6.79415345e-01
    1.61893249e-01 6.15407288e-01 9.73733068e-01 3.84757727e-01
    5.90901494e-01 1.32051408e-02 2.33716607e-01 5.40555596e-01
    9.57114577e-01 9.86166239e-01 7.80514359e-01 2.08180547e-01
    9.18359518e-01 9.66740608e-01 7.30250895e-01 8.06900680e-01
    8.03467095e-01 1.32131845e-01 2.04482675e-01 9.68359411e-01
    1.03326142e-01 2.01731026e-01 6.82457805e-01 6.17886186e-01
    2.46609390e-01 4.69209582e-01 7.97714233e-01 7.49769688e-01
    8.95353258e-02 2.56664276e-01 8.77919912e-01 8.68480206e-01
    1.54765844e-02 3.85021776e-01 7.93258369e-01 2.47689307e-01
    9.28412497e-01 2.47688979e-01 5.76515317e-01 8.85088384e-01
    5.57419658e-03 1.29453480e-01 6.32037044e-01 2.19706088e-01
    4.62432772e-01 7.42278516e-01 8.57765377e-01 9.10267830e-02
    9.66474831e-01 2.18818039e-01 7.19684124e-01 5.46751976e-01
    9.68520045e-02 4.36676323e-01 9.81111348e-01 6.42138839e-01
    6.19763494e-01 4.66022938e-01 3.63078177e-01 5.99257350e-01
    3.57641995e-01 1.96073711e-01 1.44322306e-01 3.07987541e-01
    2.16984689e-01 7.61728048e-01 8.34514380e-01 6.03172183e-01
    9.30267215e-01 8.94183278e-01 7.48837590e-02 7.29750037e-01
    9.24512625e-01 6.20723248e-01 6.80192709e-02 8.45593035e-01
    6.20243371e-01 4.68016237e-01 7.68821955e-01 7.59387493e-01
    2.92023242e-01 3.48936498e-01 2.93263823e-01 9.91018057e-01
    9.05796170e-01 5.32173932e-01 2.98301756e-01 3.29176277e-01
    2.63340712e-01 3.55252594e-01 4.91441011e-01 3.06529671e-01
    3.54109287e-01 5.85859597e-01 5.31212389e-02 1.44878060e-01
    6.26089036e-01 6.37563467e-01 4.38711494e-01 3.09461087e-01
    8.83280873e-01 3.35316420e-01 3.58876288e-02 2.92664647e-01
    6.08911812e-01 4.38201547e-01 1.08033001e-01 4.05849695e-01
    5.39327443e-01 9.85690057e-02 5.46459079e-01 6.98501885e-01
    8.64188910e-01 2.16453612e-01 3.82432103e-01 6.25623763e-01
    9.12143826e-01 1.77554786e-01 2.63707012e-01 1.66034460e-01
    8.85499895e-01 2.55242646e-01 6.59003317e-01 3.82126629e-01
    4.73664373e-01 8.58390570e-01 1.96624666e-01 2.76230961e-01
    5.91546416e-01 9.29794073e-01 7.52071261e-01 5.08323908e-01
    6.31964505e-02 5.47179818e-01 6.75127208e-02 9.57045794e-01
    3.95902097e-02 8.08561683e-01 5.67944050e-01 7.01022089e-01
    3.32185626e-01 4.94474053e-01 6.67539299e-01 2.70060390e-01
    7.13795543e-01 6.17895722e-01 4.07932311e-01 2.34143645e-01
    8.26540351e-01 6.37916327e-01 3.95930171e-01 5.66115916e-01
    7.67374516e-01 7.36294687e-01 5.03525496e-01 4.00120556e-01
    5.03567398e-01 3.25453848e-01 1.58174694e-01 3.66435409e-01
    7.71582007e-01 1.28636509e-01 3.02830637e-01 6.39427066e-01
    7.85641968e-02 4.39406127e-01 3.24047118e-01 8.87293100e-01
    1.46964073e-01 3.21578205e-01 4.33933228e-01 2.90012062e-01
    3.77520233e-01 9.79393840e-01 4.51326549e-01 5.12150228e-01
    4.95142072e-01 7.25301802e-01 6.39327765e-01 8.22947264e-01
    3.58494967e-01 8.25091302e-01 7.79927611e-01 5.09568810e-01
    8.38742018e-01 1.80193275e-01 8.60331774e-01 4.00446028e-01
    1.99314296e-01 3.37359667e-01 2.72209257e-01 3.20399940e-01
    9.61647928e-01 2.00038850e-01 1.00646228e-01 7.66659021e-01
    3.11459005e-01 4.31899190e-01 6.06643677e-01 8.55786324e-01
    7.03528523e-01 2.22448677e-01 6.69247925e-01 5.47404826e-01
    6.39174938e-01 4.61532623e-01 5.16685605e-01 1.06035650e-01
    2.68488020e-01 6.22165680e-01 2.33118892e-01 7.23847508e-01
    3.43547225e-01 8.02473903e-01 5.08148134e-01 5.57627082e-01
    4.64776933e-01 3.06041658e-01 1.35883689e-03 5.39705455e-01
    1.08538866e-01 2.91021109e-01 7.96066880e-01 7.54111469e-01
    9.21578407e-01 6.12122715e-02 5.75611591e-01 9.40385163e-01
    3.27942431e-01 5.81640363e-01 5.09507716e-01 9.09601450e-02
    5.33866048e-01 7.05627918e-01 6.57383204e-01 1.24533057e-01
    5.30041456e-01 7.09284902e-01 9.65170503e-01 9.04173732e-01
    8.82294774e-01 9.29803431e-01 2.14829534e-01 3.74834388e-01
    9.11550641e-01 6.43930793e-01 5.16393483e-01 4.41867352e-01
    4.32260603e-01 4.20261621e-01 2.89315879e-02 1.92569047e-01
    6.62905335e-01 2.20554173e-02 9.72844660e-02 1.22873068e-01
    7.93584466e-01 6.39581263e-01 6.21975899e-01 5.52540660e-01
    5.37813008e-01 1.88692838e-01 1.06525421e-03 1.52480870e-01
    5.47845066e-01 3.09727162e-01 1.46264493e-01 3.81755859e-01
    8.41276884e-01 6.84108734e-01 4.89262551e-01 1.87403113e-01
    9.12330151e-01 6.15650594e-01 3.19080353e-02 6.65171564e-01
    6.30719066e-01 9.08833206e-01 7.02790320e-01 9.89878953e-01
    6.29911959e-01 5.26659727e-01 7.17934370e-01 9.73523617e-01
    9.76369858e-01 7.67050624e-01 8.01488459e-01 9.32810307e-01
    3.39155495e-02 4.62072492e-01 2.77957618e-01 4.70951200e-01
    7.20086336e-01 7.80975461e-01 5.76261818e-01 9.33707356e-02
    5.47478616e-01 7.06533432e-01 8.02040517e-01 3.43404174e-01
    1.42523348e-01 8.46094847e-01 3.71553272e-01 5.17603874e-01
    8.64487827e-01 1.15053207e-01 1.23814434e-01 9.04938459e-01
    2.18333900e-02 4.28783983e-01 8.61227274e-01 8.35542321e-01
    8.29664290e-01 6.86579108e-01 8.31889033e-01 5.22627056e-01
    8.27733994e-01 4.84998852e-01 4.92818445e-01 3.69131863e-01
    1.53026581e-02 6.64052486e-01 4.98933911e-01 3.00823331e-01
    5.27196527e-01 7.55099297e-01 2.50908494e-01 6.66895390e-01
    2.81891525e-01 8.42271924e-01 3.79122347e-01 4.33905512e-01
    8.46778631e-01 2.88729072e-02 1.43244356e-01 7.86077857e-01
    9.00227666e-01 7.22351909e-01 5.08598685e-01 9.89269316e-02
    4.76666719e-01 2.39275664e-01 3.52344066e-01 3.00550342e-01
    3.25353682e-01 7.68975854e-01 9.96297717e-01 2.64885455e-01
    7.51445889e-01 4.94720936e-02 9.47015405e-01 2.59684205e-01
    1.37197405e-01 1.47628933e-01 3.83329242e-01 6.28629506e-01
    7.41235554e-01 5.47694623e-01 7.76307642e-01 6.26520097e-01
    9.58601832e-01 4.31777835e-01 7.95274973e-02 8.15525174e-01
    3.09791565e-01 1.25369042e-01 3.99720073e-01 3.56628120e-01
    1.83542401e-01 6.73917294e-01 2.74617076e-02 8.61467719e-01
    9.85317945e-01 8.62062633e-01 5.31212151e-01 2.35937119e-01
    1.65535748e-01 2.39335269e-01 9.60432529e-01 2.11235315e-01
    6.08421981e-01 4.16488051e-01 1.44314557e-01 9.69687998e-01
    9.16077852e-01 5.73111773e-02 2.52540529e-01 8.71792793e-01
    6.11473262e-01 4.24194038e-01 6.95426226e-01 8.37501526e-01
    8.43140900e-01 2.01611400e-01 8.20095360e-01 7.82557011e-01
    4.47022617e-02 5.12901902e-01 6.77342594e-01 8.26834798e-01
    3.24403882e-01 7.26473391e-01 4.26589847e-01 9.85730767e-01
    5.55322170e-02 2.12751299e-01 3.14966112e-01 6.95757926e-01
    7.17790604e-01 7.02343106e-01 2.65487194e-01 4.32012677e-02
    8.50843906e-01 1.16747916e-01 6.83206618e-01 6.17286503e-01
    5.76292098e-01 6.60067260e-01 2.57731795e-01 7.64241219e-01
    5.25091708e-01 1.97202802e-01 5.96059024e-01 7.49930859e-01
    9.01672125e-01 5.12114346e-01 1.17258310e-01 1.41818047e-01
    7.16564894e-01 4.99211848e-02 1.30082607e-01 2.67257959e-01
    4.58404213e-01 3.92727852e-01 4.43825364e-01 8.31314802e-01
    4.59958166e-01 4.30473030e-01 3.38906765e-01 7.25213766e-01
    1.66293651e-01 9.83328521e-01 3.66184205e-01 6.48277283e-01
    8.07937741e-01 9.26584601e-01 6.72506630e-01 8.66972089e-01
    7.65351593e-01 9.60776687e-01 1.18516237e-01 2.15799838e-01
    6.21236682e-01 4.36318398e-01 5.92179418e-01 8.65092874e-01
    2.64659762e-01 3.09604466e-01 5.11946201e-01 7.18403339e-01
    5.67367852e-01 1.96747154e-01 3.92347574e-03 2.87352920e-01
    3.45526069e-01 1.03665233e-01 9.49866176e-01 7.30271637e-01
    1.69045031e-01 1.03031963e-01 3.41360986e-01 8.72605443e-02
    6.57703161e-01 7.84806371e-01 8.80306125e-01 7.87867963e-01
    7.50549912e-01 5.89048624e-01 4.80646193e-02 2.42212713e-01
    4.01555091e-01 8.77035201e-01 8.10156763e-02 8.98329020e-01
    4.06089664e-01 2.23182589e-01 5.35108805e-01 8.54971826e-01
    7.86753595e-02 4.01402652e-01 6.20831072e-01 8.13248575e-01
    1.85978711e-02 6.89672947e-01 9.00321782e-01 8.23004842e-02
    8.66930604e-01 9.23198938e-01 3.33658397e-01 9.61392820e-01
    7.65800714e-01 2.70565659e-01 5.44399917e-01 4.66854602e-01
    8.49544585e-01 1.96222693e-01 8.74002993e-01 1.15738928e-01
    8.55120778e-01 1.36658996e-01 3.50301385e-01 8.36077213e-01
    7.06353784e-02 4.80567515e-02 5.09884775e-01 1.69488043e-01
    9.70967710e-01 9.90165472e-01 3.67299378e-01 1.91074461e-01
    9.00820076e-01 8.19916010e-01 9.65677977e-01 2.97826409e-01
    6.83289766e-02 3.61091554e-01 5.73706388e-01 6.04348063e-01
    7.96198010e-01 2.12166876e-01 2.65841395e-01 2.92155445e-01
    4.49824154e-01 1.99470878e-01 7.22357452e-01 2.81619430e-01
    3.95015836e-01 2.03254819e-02 2.02894658e-01 5.90385914e-01
    6.00318015e-01 7.97951818e-01 3.76728833e-01 7.15984583e-01
    2.03427017e-01 6.28270507e-01 1.51221693e-01 8.62536550e-01
    8.56091022e-01 9.20238853e-01 9.10720944e-01 5.79601526e-01
    5.93353033e-01 2.21350491e-01 6.87844396e-01 7.05717683e-01
    1.26408160e-01 1.32288903e-01 5.02488136e-01 8.31353188e-01
    9.80453134e-01 2.68980592e-01 4.16050851e-02 2.81952620e-02
    8.24782372e-01 9.74348068e-01 7.41230309e-01 8.19158196e-01
    1.24774665e-01 2.62799442e-01 7.82987475e-02 5.76110899e-01
    4.16300893e-01 3.02948803e-01 5.83913922e-01 6.74858391e-01
    2.17252254e-01 1.29653990e-01 2.64267921e-01 3.58867943e-01
    8.82717848e-01 4.52829391e-01 1.63953930e-01 6.57142222e-01
    8.02925944e-01 6.78592801e-01 4.38541144e-01 5.42172849e-01
    8.42571139e-01 2.69998372e-01 3.73026431e-01 3.55577469e-03
    1.04388863e-01 2.72667110e-01 2.53060639e-01 8.96880627e-01
    4.98366058e-01 9.87096548e-01 1.08723044e-01 3.69967550e-01
    1.26365602e-01 3.20256144e-01 4.12006557e-01 1.00771546e-01
    1.52231753e-02 1.92313701e-01 9.99449730e-01 1.62505358e-01
    1.60527676e-01 4.82372463e-01 9.26346064e-01 2.27074891e-01
    3.81373197e-01 3.54987264e-01 5.15526891e-01 6.54358625e-01
    4.38828230e-01 6.55085862e-01 4.22927201e-01 6.58578157e-01
    2.56710589e-01 3.34401429e-02 3.02245319e-01 7.11587071e-03
    2.90669471e-01 1.63529098e-01 3.02488148e-01 5.69264591e-02
    2.79298306e-01 4.28966552e-01 5.55857360e-01 3.89556289e-01
    8.73757601e-01 6.09408557e-01 2.37989604e-01 2.75443852e-01
    6.41347826e-01 5.15717685e-01 1.84436798e-01 9.61681008e-01
    4.26380217e-01 7.51210988e-01 9.54158902e-02 9.92970765e-01
    1.83827281e-02 1.95728540e-01 7.54616618e-01 7.30942607e-01
    3.89275610e-01 3.75250816e-01 5.50186634e-01 4.76202875e-01
    5.41142464e-01 4.71476704e-01 4.69010085e-01 9.77786660e-01
    5.85047901e-02 8.16478848e-01 6.65368319e-01 3.72130632e-01
    4.35412079e-01 6.15289211e-02 8.70947540e-01 8.34053874e-01
    4.33892161e-01 7.93470502e-01 9.78735328e-01 2.90742189e-01
    7.59157062e-01 4.36875701e-01 1.06905401e-01 7.58904397e-01
    2.39866674e-01 4.80531633e-01 1.86158299e-01 8.29566240e-01
    9.92292404e-01 6.15714252e-01 6.76957667e-02 9.64781880e-01
    6.56707644e-01 8.07837486e-01 1.23417616e-01 3.90279055e-01
    7.59483397e-01 7.78247416e-01 3.93280983e-02 1.53729141e-01
    6.29329562e-01 8.25287521e-01 5.51785588e-01 1.31815076e-01
    9.10412669e-01 8.63047302e-01 3.16575348e-01 9.85544324e-01
    3.80617350e-01 4.85793054e-01 5.73773503e-01 4.66563910e-01
    7.03620613e-01 5.46099663e-01 6.53915286e-01 5.10859549e-01
    6.62653565e-01 9.90416884e-01 4.61169779e-02 1.95047796e-01
    1.57069743e-01 2.90529609e-01 8.50982606e-01 8.64449978e-01
    7.25325942e-01 9.50986743e-02 3.95936430e-01 1.57385439e-01
    8.94755244e-01 3.98343503e-02 9.97996688e-01 6.55176878e-01
    3.95063460e-01 7.94979453e-01 1.26041353e-01 2.74853408e-01
    9.09408808e-01 3.88678968e-01 1.73347443e-01 9.10930097e-01
    2.72520483e-01 8.37448061e-01 9.94937420e-01 1.03080451e-01
    8.13148856e-01 7.01383889e-01 2.27946013e-01 8.80856872e-01
    4.45526361e-01 6.99452043e-01 3.84839952e-01 8.03793311e-01
    4.11925852e-01 4.64623481e-01 7.95947850e-01 9.09581125e-01
    5.06635189e-01 8.89002740e-01 1.04722202e-01 1.21518373e-02
    6.64674640e-01 7.25305855e-01 1.23385310e-01 5.61929107e-01
    8.07751536e-01 3.18926573e-01 8.74583960e-01 3.05218011e-01
    1.11793131e-01 1.30684465e-01 3.95935267e-01 6.05859101e-01
    5.63787818e-01 8.28470528e-01 5.11922896e-01 8.63592446e-01
    4.04710174e-01 9.86225843e-01 9.54059958e-02 4.51555073e-01
    2.44249582e-01 8.35277557e-01 5.25531709e-01 7.79113293e-01
    2.85279870e-01 4.87366170e-01 2.44646430e-01 3.00734282e-01
    8.82484615e-02 2.13039845e-01 5.18475950e-01 2.67620623e-01
    3.26886952e-01 4.31356549e-01 3.16483676e-02 9.15886700e-01
    1.06830835e-01 4.37978506e-01 5.30902445e-02 1.86327219e-01
    3.08572024e-01 7.26925492e-01 5.25856376e-01 4.78537083e-02
    3.00934911e-02 7.90723920e-01 3.70276153e-01 7.63093710e-01
    4.38587934e-01 7.52418756e-01 5.08380055e-01 3.97592127e-01
    4.67668205e-01 7.87515759e-01 5.88444710e-01 1.07463747e-01
    1.93322241e-01 8.40140939e-01 1.29793137e-01 2.64813006e-01
    7.04797804e-02 6.04516864e-01 5.55757463e-01 6.32429302e-01
    3.62309396e-01 9.32087898e-02 6.26259327e-01 8.97025168e-02
    4.58180368e-01 9.75369692e-01 1.84103876e-01 9.24014568e-01
    7.43781269e-01 9.20440435e-01 1.47920489e-01 3.03881168e-01
    6.03848994e-02 7.62108564e-01 6.37026727e-01 9.20177996e-01
    3.20918322e-01 9.49151635e-01 3.82737488e-01 9.71796274e-01
    9.16905105e-02 9.47706819e-01 2.76637107e-01 2.88143605e-01
    5.78388989e-01 9.91417289e-01 4.63996172e-01 1.68214828e-01
    7.75553107e-01 7.66031921e-01 4.88116205e-01 7.79706717e-01
    3.45478445e-01 9.56720829e-01 7.55196571e-01 8.13285470e-01
    5.38835287e-01 6.25784576e-01 4.36455786e-01 5.28236330e-02
    5.87271392e-01 5.90749979e-01 5.23881316e-01 9.44532394e-01
    1.43460542e-01 1.60512209e-01 3.01931858e-01 3.67495626e-01
    8.82829070e-01 1.27333522e-01 3.66902053e-02 3.06160450e-02
    7.44616389e-01 3.06507409e-01 7.53098130e-01 4.28954005e-01
    8.33230376e-01 4.95425493e-01 8.21564198e-01 2.52232313e-01
    7.95383692e-01 2.73363173e-01 4.84875709e-01 7.95716047e-01
    1.46924108e-01 6.38939381e-01 3.83600175e-01 3.82123619e-01
    5.51804304e-01 8.74657750e-01 8.82291377e-01 9.72734094e-01
    6.33580804e-01 4.30032521e-01 7.32847512e-01 1.01273358e-01
    7.30193734e-01 5.95698953e-02 9.12399888e-01 6.13458037e-01
    3.39540720e-01 9.41213727e-01 9.05576766e-01 3.82440299e-01
    4.91642952e-01 4.62785244e-01 6.85373247e-02 5.68636715e-01
    7.63445139e-01 6.35628045e-01 1.98043346e-01 7.92542160e-01
    2.71730095e-01 4.77454811e-01 2.07422197e-01 4.06390667e-01
    2.03878969e-01 3.97028089e-01 3.30859244e-01 3.67504954e-01
    5.09643734e-01 9.51464057e-01 5.57166696e-01 4.86761302e-01
    9.62513626e-01 1.49928302e-01 2.82026768e-01 7.62284160e-01
    7.14803457e-01 2.79559463e-01 1.28441542e-01 7.30170369e-01
    9.01633978e-01 7.82843709e-01 4.66384590e-01 3.20597440e-01
    4.37584519e-01 7.80852437e-02 1.59060597e-01 4.29248214e-01
    8.28971267e-01 9.97306466e-01 1.86526835e-01 2.41246879e-01
    7.24074543e-02 1.61895543e-01 5.28621793e-01 1.08067214e-01
    5.58216751e-01 9.16585624e-02 8.00774932e-01 4.98309880e-01
    6.17069006e-01 7.92953372e-01 6.30179405e-01 8.55323911e-01
    9.25483882e-01 3.45622480e-01 8.59443247e-01 2.38418519e-01
    3.12858224e-01 5.45631051e-02 2.96868443e-01 1.94600046e-01
    8.16348910e-01 2.59442687e-01 8.06681097e-01 7.75876760e-01
    6.72157347e-01 6.92489505e-01 5.23206592e-03 9.93677020e-01
    6.78371549e-01 7.26528704e-01 6.67042494e-01 5.85227966e-01
    3.06390345e-01 5.17701626e-01 2.67119050e-01 4.88751292e-01
    1.32472694e-01 4.03669417e-01 8.15313816e-01 4.39217746e-01
    5.44223785e-01 1.07802719e-01 6.43276513e-01 6.27193451e-01
    2.62411535e-02 4.54513609e-01 6.01443350e-01 5.98033607e-01
    7.68298268e-01 7.92296171e-01 5.64676642e-01 1.14823937e-01
    1.46031410e-01 1.44178569e-01 5.53093255e-01 3.13291132e-01
    7.59679079e-02 1.24387950e-01 5.33332944e-01 6.44418538e-01
    3.94587159e-01 1.40308201e-01 5.10421216e-01 7.31252789e-01
    7.22340941e-01 5.78122377e-01 7.22702682e-01 8.09722424e-01
    2.35552371e-01 3.28587770e-01 5.66374362e-01 9.24196184e-01
    4.45008457e-01 3.30207288e-01 7.46183276e-01 8.18073452e-01
    3.88086230e-01 8.98323119e-01 8.26908231e-01 6.53251171e-01
    6.98757648e-01 9.88418460e-01 4.42387819e-01 9.15990293e-01
    2.35571623e-01 8.91898513e-01 4.16302890e-01 4.18079495e-01
    6.18937135e-01 8.49845469e-01 7.68376470e-01 9.17134762e-01
    2.72910893e-02 3.26768637e-01 9.54554975e-02 8.40333104e-01
    5.83174765e-01 7.47498572e-02 8.48489046e-01 7.97281623e-01
    2.98204422e-01 9.39285457e-02 2.46655077e-01 9.31354344e-01
    5.80482841e-01 7.58285522e-01 9.64813948e-01 9.32868123e-01
    1.59804046e-01 6.97457910e-01 8.59438181e-02 1.30758315e-01
    1.85040265e-01 3.11441720e-01 7.31346011e-01 9.02681947e-01
    4.14089918e-01 3.52020472e-01 9.81114924e-01 9.60767031e-01
    7.29880750e-01 4.17866141e-01 1.33832693e-02 4.87604499e-01
    5.97236156e-02 3.70828032e-01 9.92673218e-01 4.22492474e-01
    8.67142200e-01 6.63508177e-02 5.87353110e-03 7.47751892e-01
    4.54249978e-01 6.87426209e-01 9.14147139e-01 6.95308149e-01
    5.66252887e-01 9.01816845e-01 7.92737246e-01 3.18780541e-03
    4.36938584e-01 4.73265857e-01 9.98776257e-01 8.04998875e-01
    9.46856260e-01 4.26151752e-01 6.36717081e-01 1.94411606e-01
    2.20338553e-01 6.48236573e-01 4.31853533e-01 2.55562961e-02
    1.02998972e-01 7.88807392e-01 3.47239465e-01 4.84553963e-01
    5.34854829e-02 3.73235852e-01 5.58081865e-02 8.48101020e-01
    4.73568380e-01 6.31968617e-01 7.24186838e-01 3.76341611e-01
    2.60487467e-01 3.09664875e-01 6.65509582e-01 1.55337006e-01
    1.38916284e-01 4.17222440e-01 7.95211911e-01 7.46999562e-01
    8.26667428e-01 7.54480779e-01 5.95479429e-01 3.06428969e-01
    9.13759470e-01 8.70194554e-01 3.04213196e-01 7.71705389e-01
    3.69651854e-01 8.43039513e-01 7.83861578e-01 5.77874959e-01
    3.67822051e-01 8.86467934e-01 8.93355548e-01 4.48725998e-01
    4.85277116e-01 1.88867927e-01 4.70737308e-01 4.68002647e-01
    9.26980913e-01 5.75433850e-01 6.33238554e-01 2.06199557e-01
    7.73994029e-02 8.08241725e-01 6.96733952e-01 1.21125698e-01
    5.25791645e-01 6.20635867e-01 3.31102252e-01 7.07062602e-01
    1.32602006e-01 1.27454489e-01 4.90350187e-01 2.74135709e-01
    6.19316995e-02 9.35396671e-01 5.42192578e-01 1.89440250e-01
    9.37298059e-01 1.76083326e-01 2.10725784e-01 4.08083469e-01
    3.41539025e-01 8.54637861e-01 8.96124005e-01 2.58166164e-01
    4.74906027e-01 3.56307387e-01 3.78653288e-01 7.08589077e-01
    1.87143415e-01 7.94701934e-01 8.35436344e-01 9.80436981e-01
    4.12920952e-01 6.41754627e-01 6.45109713e-01 2.39717185e-01
    7.40998983e-02 3.56332600e-01 8.78967166e-01 8.69578302e-01
    7.66586244e-01 5.78024507e-01 7.77902901e-02 4.17084575e-01
    2.36294180e-01 5.74676394e-01 5.54310858e-01 1.07829034e-01
    1.22064620e-01 1.41973823e-01 7.76239157e-01 1.26652330e-01
    4.84135866e-01 7.11047411e-01 3.31634164e-01 2.97651827e-01
    8.87432694e-01 8.60784888e-01 5.89864910e-01 7.69190967e-01
    9.78917181e-01 6.15762115e-01 3.42630446e-02 2.68286884e-01
    7.05444694e-01 9.58016992e-01 9.16868150e-01 6.61802292e-03
    5.54888189e-01 2.24072278e-01 4.65416044e-01 4.42312866e-01
    1.05478644e-01 3.58909309e-01 1.14345282e-01 9.49826479e-01
    8.33717346e-01 7.76341438e-01 5.40162861e-01 4.05190140e-01
    3.28548253e-01 9.01893139e-01 3.15558761e-01 8.46635163e-01
    1.38932556e-01 8.35155904e-01 3.02594692e-01 5.98292053e-02
    5.20790458e-01 4.75150079e-01 4.88573313e-03 5.28505206e-01
    3.68620992e-01 6.44711375e-01 6.23874366e-01 3.87354046e-01
    1.61551207e-01 4.51092064e-01 6.39801621e-01 3.81919295e-01
    3.13251138e-01 8.27610850e-01 9.44086313e-01 8.77900839e-01
    5.14143407e-01 3.65292966e-01 9.70224380e-01 9.03495848e-01
    9.95710909e-01 6.96828425e-01 6.94220126e-01 4.82946604e-01
    7.42311358e-01 8.22801828e-01 3.99101347e-01 2.25834846e-01
    3.30981851e-01 6.76325321e-01 9.86442327e-01 9.02295291e-01
    9.95139480e-01 5.75997531e-02 2.90348321e-01 4.50037211e-01
    6.56014204e-01 2.45206088e-01 5.34137368e-01 4.09922034e-01
    9.43496704e-01 9.18933988e-01 3.72337520e-01 7.84358084e-01
    9.14393306e-01 9.39566076e-01 7.04958498e-01 6.84615076e-01
    7.61927605e-01 1.17996395e-01 6.58059061e-01 1.13118261e-01
    2.85678178e-01 5.22959113e-01 9.17977810e-01 7.88809001e-01
    6.39840126e-01 4.49569970e-01 8.37895870e-01 8.76978040e-01
    6.89590216e-01 9.04932976e-01 6.26963675e-02 5.84674418e-01
    1.50455713e-01 2.43184686e-01 1.34463161e-01 9.59660113e-01
    5.14574528e-01 5.85279584e-01 9.73504782e-03 6.92391396e-03
    1.12034649e-01 1.05795830e-01 2.44501203e-01 1.57362044e-01
    9.26350236e-01 8.80860806e-01 1.65887743e-01 3.39454561e-01
    8.99049997e-01 2.28791982e-01 6.61596835e-01 5.98674417e-01
    6.45256877e-01 4.43086773e-01 8.20696175e-01 6.02901459e-01
    5.70995450e-01 8.67318213e-02 2.58268893e-01 1.04740798e-01
    7.15169072e-01 8.75417769e-01 7.09213614e-01 1.36936814e-01
    3.87743980e-01 8.53491008e-01 8.01387310e-01 6.77588046e-01
    4.71289575e-01 3.36380839e-01 2.42723703e-01 4.29465830e-01
    5.22156000e-01 4.62032199e-01 3.71791303e-01 8.64755690e-01
    8.01222563e-01 3.98469567e-02 8.51119816e-01 2.74212241e-01
    1.27244532e-01 7.13059545e-01 8.75723064e-02 2.37052321e-01
    2.42550761e-01 5.72889566e-01 6.86783493e-02 2.48998106e-02
    2.66998738e-01 8.25236738e-01 5.12873232e-01 9.66605544e-02
    8.83356929e-01 9.57776189e-01 8.86460662e-01 8.60622883e-01
    5.42018116e-02 4.54399705e-01 4.55466926e-01 3.61211002e-01
    2.76739001e-02 1.23426855e-01 7.07679391e-01 9.63037372e-01
    7.36551166e-01 1.42979026e-02 7.79369354e-01 3.15426409e-01
    7.99195290e-01 8.76195312e-01 5.28940737e-01 6.66850507e-02
    5.77671289e-01 6.66092038e-01 6.18616104e-01 3.50899994e-02
    1.77625805e-01 9.19054687e-01 4.81954217e-01 2.19190836e-01
    4.71805751e-01 6.97298050e-01 8.48221779e-03 4.12127376e-02
    1.87773049e-01 4.19767827e-01 6.88198864e-01 6.48458123e-01
    2.95774013e-01 2.81075716e-01 5.09878159e-01 2.71353662e-01
    7.87965417e-01 4.45060611e-01 4.60106671e-01 1.74332827e-01
    7.80507326e-01 7.47968197e-01 1.54185057e-01 2.15945631e-01
    9.96748149e-01 8.53723824e-01 3.24967384e-01 4.29537177e-01
    1.37135416e-01 8.94021869e-01 4.82683420e-01 9.70780849e-01
    1.10201746e-01 2.73260683e-01 9.41904664e-01 1.55025721e-02
    4.13323671e-01 9.84109282e-01 7.06945062e-02 1.77790254e-01
    8.84370923e-01 5.60003757e-01 2.27042913e-01 7.91716278e-01
    3.02407891e-01 2.66671240e-01 4.18878436e-01 4.60983783e-01
    2.95966268e-01 8.37941825e-01 6.31454825e-01 4.19889808e-01
    3.56815457e-01 8.78416240e-01 2.56676435e-01 3.36021185e-01
    8.66448283e-01 1.26558840e-01 8.68777394e-01 9.13141787e-01
    4.85917002e-01 9.55083728e-01 8.75228465e-01 4.56974268e-01
    5.11850774e-01 2.11325884e-02 7.70977020e-01 8.45646203e-01
    2.57727444e-01 7.16288209e-01 3.85723472e-01 7.65037298e-01
    4.17537510e-01 5.46386957e-01 8.64718795e-01 8.82082403e-01
    1.14986897e-02 1.04045093e-01 7.03919649e-01 2.48980880e-01
    9.21913743e-01 5.39691627e-01 1.94806814e-01 1.73807412e-01
    5.92809916e-03 5.94866514e-01 3.98111910e-01 9.54744518e-02
    2.84501612e-01 7.87824512e-01 9.12365675e-01 9.88853276e-02
    5.85030377e-01 2.15517431e-01 2.56408036e-01 2.42173821e-01
    3.75795245e-01 7.26469040e-01 6.40185595e-01 2.43126750e-02
    8.48377705e-01 1.01163834e-01 8.08202267e-01 9.58708584e-01
    5.23362279e-01 1.55299366e-01 7.61672139e-01 1.55841827e-01
    9.90652680e-01 8.33629787e-01 2.67268419e-01 8.69198322e-01
    6.35193527e-01 4.42755282e-01 7.53914773e-01 2.10032523e-01
    5.30632675e-01 7.23953307e-01 6.45673871e-01 8.41315985e-02
    6.57556653e-01 5.16411364e-02 1.11843288e-01 2.43029982e-01
    3.77764761e-01 3.98761749e-01 7.92434871e-01 1.69103950e-01
    8.89203310e-01 9.38508511e-01 9.08805728e-01 1.27246946e-01
    9.92375553e-01 9.51918125e-01 6.88850880e-04 9.03838634e-01
    1.87116981e-01 6.26146138e-01 9.43978548e-01 3.45868886e-01
    6.30393267e-01 5.24901271e-01 8.76021504e-01 9.47899520e-02
    3.13740790e-01 1.71067387e-01 3.27957422e-01 1.69502050e-01
    6.79556549e-01 8.36860836e-01 4.39762563e-01 9.51061130e-01
    3.11094314e-01 8.22096169e-01 9.77421165e-01 6.97576582e-01
    6.14687383e-01 9.19745207e-01 8.65558743e-01 5.24268150e-01
    9.21648145e-01 3.55110705e-01 9.91995335e-02 6.26672685e-01
    2.32613057e-01 8.52631807e-01 4.53646243e-01 7.07579374e-01
    6.19091153e-01 1.22839928e-01 1.47371322e-01 6.74984694e-01
    1.96307540e-01 8.68238509e-01 1.37342095e-01 9.18605328e-01
    8.43237996e-01 5.70854783e-01 7.58754969e-01 3.07509661e-01
    3.68784934e-01 3.76351386e-01 9.76636648e-01 8.31184506e-01
    1.09861672e-01 9.12949800e-01 4.27702546e-01 6.68048084e-01
    9.73949432e-01 1.27378702e-01 6.28586650e-01 9.48922098e-01
    2.10922658e-01 8.45975637e-01 3.16793829e-01 4.75480437e-01
    9.15329337e-01 9.97480094e-01 7.26568520e-01 9.24366534e-01
    5.27889907e-01 3.23036551e-01 8.31563830e-01 8.43054056e-01
    1.65543973e-01 9.08039689e-01 1.55325681e-01 2.70596206e-01
    5.17514050e-01 8.21494162e-02 5.47920167e-01 3.46249759e-01
    6.51370645e-01 4.44047213e-01 6.07243598e-01 7.37002313e-01
    2.18565702e-01 5.34749389e-01 7.31315374e-01 2.73565888e-01
    2.23073900e-01 4.96885777e-02 6.75983429e-01 3.91015947e-01
    7.98238277e-01 3.42925668e-01 6.08430266e-01 5.67604423e-01
    2.00279891e-01 4.56977725e-01 1.88814610e-01 7.19058156e-01
    6.25880063e-01 6.99671566e-01 8.21265340e-01 7.74527788e-02
    4.97654408e-01 3.08001757e-01 1.29544497e-01 6.23745441e-01
    7.12590218e-01 2.89592087e-01 5.27620912e-02 1.57456756e-01
    2.74889320e-01 2.12713391e-01 2.93184310e-01 8.87673855e-01
    9.07072425e-01 4.23375547e-01 2.34280527e-02 6.25995517e-01
    6.66877151e-01 8.76496792e-01 5.08660614e-01 6.61377668e-01
    6.70205295e-01 6.70897663e-01 5.86867571e-01 7.88928032e-01
    2.45458782e-01 2.33534187e-01 3.62449855e-01 7.93151975e-01
    1.89702928e-01 7.22478628e-02 1.81234032e-01 1.51015759e-01
    7.41899967e-01 4.39930141e-01 8.16638052e-01 8.44353080e-01
    9.33552623e-01 4.44234937e-01 2.28196591e-01 5.00871599e-01
    5.68167984e-01 4.11577374e-01 8.55961204e-01 8.91816914e-01
    8.64342093e-01 5.34694552e-01 7.39324570e-01 2.40668952e-02
    9.45436478e-01 1.17593437e-01 9.33587670e-01 4.18045163e-01
    9.83285546e-01 6.34225130e-01 2.30977654e-01 4.40958738e-01
    9.00106728e-02 5.77195168e-01 3.06101918e-01 4.07375038e-01
    7.37848878e-01 6.35834038e-02 2.19190955e-01 4.40850943e-01
    6.79343760e-01 8.76382530e-01 1.05627567e-01 7.84903467e-01
    3.90610933e-01 6.53891861e-02 6.26019001e-01 4.71229017e-01
    9.02092338e-01 7.06785500e-01 9.33538914e-01 7.26420283e-01
    3.38016808e-01 2.34428614e-01 5.59421003e-01 2.75832504e-01
    9.76702571e-01 7.06625581e-02 2.12083638e-01 3.59318495e-01
    9.92860556e-01 5.77849329e-01 7.97528625e-01 2.64825463e-01
    9.20338511e-01 1.86792642e-01 6.34169340e-01 9.11668181e-01
    9.01196122e-01 4.46440130e-01 8.06832612e-02 5.27979493e-01
    1.92278326e-02 1.38618320e-01 5.37624180e-01 6.86053336e-02
    4.61303592e-01 3.30000222e-01 3.69017303e-01 7.91299045e-02
    4.38181281e-01 7.44387865e-01 9.95288610e-01 2.30980515e-02
    2.86747217e-01 8.99625897e-01 8.14083755e-01 2.44543403e-01
    8.14738512e-01 1.56843454e-01 4.63520557e-01 3.50820839e-01
    1.23172492e-01 4.87978578e-01 1.95521325e-01 4.40941900e-01
    2.27688462e-01 7.26575136e-01 9.02964234e-01 2.52954781e-01
    8.82801890e-01 1.04389757e-01 9.60492849e-01 4.69392538e-02
    3.94684792e-01 4.70084250e-02 2.22524792e-01 4.07851130e-01
    5.20597696e-01 5.61688542e-02 2.17032105e-01 6.37364030e-01
    9.23225641e-01 7.33237147e-01 6.89338207e-01 4.01880711e-01
    6.73989952e-02 9.62580085e-01 5.52928925e-01 3.38218451e-01
    5.92660427e-01 6.67492032e-01 5.03066897e-01 4.44492042e-01
    2.80731320e-01 5.38314879e-02 9.91228223e-02 8.18339586e-01
    7.45321810e-02 6.71782017e-01 5.10133028e-01 5.32198250e-01
    8.79552364e-01 5.36476552e-01 6.13062799e-01 8.95159006e-01
    3.89685035e-01 3.61954004e-01 5.73102534e-01 5.10945022e-01
    4.37162101e-01 9.71465886e-01 2.15897650e-01 1.10363066e-02
    6.60505772e-01 6.81200922e-02 8.58717263e-01 2.02733040e-01
    5.07047832e-01 4.91200566e-01 7.07478642e-01 6.00130856e-01
    5.25424600e-01 7.89331317e-01 7.53622711e-01 3.70624006e-01
    5.31943142e-02 4.09668386e-01 7.63901651e-01 6.71255231e-01
    9.38119531e-01 2.85029590e-01 3.91527414e-02 3.13820899e-01
    7.16492832e-01 7.40512252e-01 4.00874704e-01 1.00302219e-01
    1.99168921e-04 9.39310312e-01 4.09443647e-01 9.08195376e-01
    7.11384058e-01 7.30508327e-01 9.32171822e-01 9.82745171e-01
    2.23692536e-01 9.32831526e-01 4.49439585e-02 3.03087145e-01
    4.60019410e-01 4.53475535e-01 4.60114062e-01 3.72704744e-01
    6.50596619e-01 7.10220456e-01 7.61501133e-01 4.35773730e-01
    7.51957595e-01 4.51581508e-01 6.63438678e-01 8.33881497e-02
    8.12848032e-01 4.70258623e-01 6.78066969e-01 6.55423701e-01
    8.38942647e-01 5.13010263e-01 2.91199505e-01 9.36842740e-01
    5.75490892e-01 5.08570313e-01 6.55987561e-02 9.27126646e-01
    6.35916770e-01 7.87510395e-01 3.14401686e-01 5.89503109e-01
    1.25127375e-01 7.87576437e-01 8.93505633e-01 4.58072692e-01
    6.39492393e-01 8.18131089e-01 8.68039072e-01 4.21386957e-02
    5.95400095e-01 9.29646134e-01 4.17604387e-01 8.21610987e-01
    3.34686756e-01 7.31464684e-01 4.80748057e-01 4.89443839e-02
    6.05463386e-01 4.10220712e-01 6.70299828e-01 8.27998281e-01
    9.02963758e-01 4.31700259e-01 2.23956257e-01 1.40629619e-01
    4.33606386e-01 9.19137120e-01 5.59524059e-01 9.57276344e-01
    8.89317632e-01 9.83374715e-02 7.00298190e-01 2.30629146e-01
    8.78589272e-01 2.07412422e-01 2.81015128e-01 4.93485421e-01
    4.77220416e-01 4.43387568e-01 1.94874436e-01 2.61466801e-01
    7.99430251e-01 3.32213491e-01 6.17768884e-01 9.52840924e-01
    4.53192294e-01 8.33351970e-01 8.75990927e-01 4.29110944e-01
    3.49851638e-01 1.81797713e-01 2.33693123e-01 1.47018224e-01
    5.17755151e-01 3.41369450e-01 6.16375864e-01 7.29809999e-01
    6.59998298e-01 1.78354383e-02 7.55712926e-01 2.39768267e-01
    5.60506463e-01 3.58490646e-01 3.75639975e-01 3.14186901e-01
    5.81548333e-01 6.51682019e-01 1.90846324e-01 1.50087178e-02
    3.67377549e-01 9.16792274e-01 8.39066565e-01 5.39191961e-01
    2.01110423e-01 3.75995278e-01 5.60070693e-01 2.16394961e-01
    7.95075595e-02 7.20234454e-01 4.25178170e-01 9.76207256e-01
    5.00424743e-01 3.34209681e-01 2.88363397e-01 6.76195204e-01
    4.55759645e-01 4.72094715e-01 3.44525993e-01 8.44223380e-01
    6.61723077e-01 2.58058012e-01 2.72555888e-01 1.61233366e-01
    2.58165538e-01 7.70077109e-01 4.06618267e-01 3.48186105e-01
    1.52719915e-01 8.75223756e-01 3.62381756e-01 6.77481651e-01
    3.47265840e-01 5.48788548e-01 3.55101705e-01 5.32981575e-01
    1.74968898e-01 8.93690944e-01 2.77519226e-01 1.50652736e-01
    9.87035036e-03 7.40916014e-01 7.17142940e-01 7.82707453e-01
    8.39904308e-01 6.21437371e-01 5.75362563e-01 9.59813714e-01
    1.39247775e-01 5.24901807e-01 1.43001467e-01 5.19778669e-01
    1.88290060e-01 7.00834155e-01 8.25378895e-02 4.31158006e-01
    5.40035367e-01 3.55260134e-01 8.08571815e-01 5.09985626e-01
    4.57559913e-01 6.05919421e-01 3.21571052e-01 7.42435098e-01
    6.02038920e-01 8.27598095e-01 4.89588678e-02 4.43595141e-01
    4.88503456e-01 7.02257514e-01 3.02718818e-01 8.31048787e-02
    6.88831627e-01 1.98471189e-01 4.57413167e-01 4.57481682e-01
    8.75605643e-02 9.37822700e-01 7.69413948e-01 6.70421004e-01
    8.00140619e-01 3.81274432e-01 5.52325845e-02 3.41061592e-01
    6.52938724e-01 9.86909270e-02 9.50223565e-01 8.80968213e-01
    3.71851504e-01 7.77983546e-01 7.30232596e-01 7.62552559e-01
    5.10278821e-01 7.74771273e-01 2.03498304e-01 3.65906775e-01
    3.82461220e-01 9.67839360e-01 2.85310924e-01 9.75392401e-01
    5.96223831e-01 2.23802358e-01 2.85640597e-01 5.16695917e-01
    1.40594542e-02 5.07029474e-01 5.92336893e-01 3.48245621e-01
    4.74189162e-01 5.29681563e-01 8.85764241e-01 8.55030119e-01
    7.57397771e-01 2.54606336e-01 8.06008577e-01 5.30214012e-01
    4.26759332e-01 6.17873669e-01 1.17399812e-01 8.75531912e-01
    2.33158916e-01 9.92677867e-01 4.52769220e-01 7.37997591e-01
    1.52535141e-01 8.29249501e-01 8.22835922e-01 7.44711280e-01
    5.38394868e-01 6.42798543e-01 1.95023179e-01 9.58687901e-01
    6.80057108e-01 1.96044147e-02 5.93701243e-01 6.11150920e-01
    4.38641876e-01 6.87571645e-01 6.31837904e-01 5.64855039e-02
    5.76208055e-01 5.38121760e-02 4.02569383e-01 4.89541441e-01
    1.25583321e-01 6.23031616e-01 4.17950034e-01 1.43218011e-01
    2.67067909e-01 3.15817952e-01 3.03955257e-01 8.42753410e-01
    7.65414119e-01 4.31303024e-01 7.73532987e-02 8.05579305e-01
    5.31321466e-01 5.93503654e-01 8.55971873e-02 8.32713246e-02
    9.16488767e-01 5.74040294e-01 3.16127241e-01 9.10997033e-01
    3.53561521e-01 1.33953571e-01 3.50400805e-01 2.32881427e-01
    9.10611033e-01 6.88220382e-01 7.19806075e-01 5.86135089e-02
    1.67486161e-01 3.51837426e-01 7.10521460e-01 4.85863298e-01
    3.03131312e-01 3.93817067e-01 4.80648100e-01 3.37247282e-01
    9.88019943e-01 3.27133477e-01 8.29068184e-01 4.90492880e-02
    5.21004200e-04 7.12160945e-01 1.32114202e-01 6.43174767e-01
    6.88267052e-01 7.91402459e-01 4.75582868e-01 1.58580631e-01
    7.94021726e-01 8.01411331e-01 3.76441687e-01 2.75423288e-01
    8.96984160e-01 3.68951023e-01 4.44971263e-01 9.22884107e-01
    4.64715213e-01 6.58303738e-01 4.11478162e-01 9.56982970e-01
    7.58227348e-01 7.58314073e-01 1.96200043e-01 6.05467498e-01
    7.26604640e-01 4.68364328e-01 6.13755226e-01 6.47006333e-01
    6.70813918e-01 7.24021792e-02 6.35799587e-01 8.34863067e-01
    2.37979561e-01 9.85281527e-01 5.48865497e-01 2.05845207e-01
    7.41795182e-01 7.80945241e-01 2.09002405e-01 6.27512634e-01
    4.35524374e-01 7.04749465e-01 5.10774434e-01 4.66503024e-01
    1.66294843e-01 1.76623166e-02 7.46278107e-01 5.78296900e-01
    2.77010500e-01 4.14624423e-01 2.66632676e-01 4.78029788e-01
    2.68875510e-01 9.35992777e-01 6.16844833e-01 7.66463876e-01
    3.63342524e-01 2.01657444e-01 2.35318840e-01 5.00212491e-01
    6.79822028e-01 4.76603866e-01 1.86999679e-01 7.43579030e-01
    8.38496208e-01 4.97551739e-01 4.24645513e-01 9.77922320e-01
    6.90860450e-01 8.03102732e-01 8.31735253e-01 7.83858716e-01
    4.98842269e-01 5.10382950e-01 9.34176624e-01 9.91937757e-01
    7.38149703e-01 5.00012875e-01 3.02455425e-01 2.67065167e-01
    8.24082494e-02 8.02166283e-01 3.35403979e-01 5.69129229e-01
    9.22835827e-01 9.99482751e-01 9.50536847e-01 9.82483447e-01
    7.42715597e-03 1.29145116e-01 7.10107028e-01 9.47133660e-01
    4.16436523e-01 3.58378112e-01 3.94363195e-01 3.50310802e-02
    2.02902555e-02 3.97477210e-01 2.50594318e-01 9.81011271e-01
    9.11979198e-01 4.83846158e-01 5.64027429e-01 7.79956341e-01
    2.65554488e-01 9.06733274e-01 1.61153495e-01 8.70504081e-01
    4.47553128e-01 6.08068824e-01 7.97536671e-01 8.48615766e-02
    2.82738984e-01 6.34424269e-01 4.68062490e-01 9.83924985e-01
    7.36427307e-02 3.10638905e-01 3.27869058e-01 1.10021263e-01
    5.08972049e-01 5.32262444e-01 9.70930696e-01 3.35672021e-01
    9.06816602e-01 9.51588631e-01 7.94074357e-01 1.47695661e-01
    6.99266255e-01 8.57106924e-01 8.19157124e-01 8.05860877e-01
    6.92923546e-01 9.54659283e-01 2.10773796e-01 9.11042333e-01
    2.75751770e-01 2.40244895e-01 6.15285635e-01 2.62681305e-01
    3.45335126e-01 2.72243619e-01 2.82372952e-01 3.31928909e-01
    2.59569347e-01 7.68025517e-01 9.32553411e-01 6.72647834e-01
    5.35766363e-01 7.15395212e-01 2.84676671e-01 7.24553525e-01
    6.23883307e-02 8.49193454e-01 1.02583528e-01 6.61760688e-01
    7.74939418e-01 7.84104705e-01 7.61700094e-01 6.81022525e-01
    4.69251305e-01 8.62031281e-02 4.16359991e-01 6.90258622e-01
    3.09662521e-01 2.41304278e-01 7.87478447e-01 6.98666334e-01
    8.47002745e-01 5.77106297e-01 3.77308697e-01 8.31421614e-02
    8.21101427e-01 8.14209461e-01 7.30664074e-01 7.82065392e-01
    2.58644193e-01 9.44150567e-01 7.83397436e-01 6.35282457e-01
    5.14284849e-01 1.81131124e-01 3.33290517e-01 1.16129726e-01
    1.76702380e-01 9.78369832e-01 9.22085762e-01 5.33432722e-01
    4.24816370e-01 8.34253490e-01 5.06854892e-01 1.33332610e-03
    3.66503477e-01 5.37778974e-01 8.68116021e-01 2.48594522e-01
    8.93099725e-01 6.85695291e-01 3.51074457e-01 6.84435010e-01
    6.74699068e-01 1.62491143e-01 1.24269813e-01 9.56377149e-01
    2.42792487e-01 3.93629670e-02 9.40307736e-01 2.86873907e-01
    8.62103701e-01 1.54919684e-01 9.97935057e-01 5.95167279e-01
    4.72577304e-01 1.23807847e-01 4.20331359e-02 5.75287223e-01
    8.80855739e-01 4.12968963e-01 7.50062585e-01 9.59381104e-01
    2.22763568e-01 4.39683557e-01 8.50346327e-01 6.77330673e-01
    9.97128606e-01 1.57312155e-01 7.12989450e-01 6.25786483e-01
    7.08388209e-01 9.72448707e-01 4.20897603e-01 4.95746791e-01
    7.41276145e-01 9.44966078e-01 6.52121544e-01 8.37856770e-01
    3.73996347e-01 6.14513516e-01 1.32969379e-01 5.43257654e-01
    7.74940372e-01 6.26862764e-01 4.07275796e-01 3.29046518e-01
    5.45650780e-01 6.05963469e-01 8.41306150e-01 6.55926228e-01
    1.88643396e-01 6.64713144e-01 3.90344203e-01 7.94816017e-01
    6.68497682e-01 1.33333147e-01 1.24395251e-01 2.26068586e-01
    7.45309353e-01 9.40065980e-01 6.90374255e-01 4.16077256e-01
    6.41513467e-01 4.09843445e-01 7.02272236e-01 2.01167256e-01
    1.84807181e-02 6.72164202e-01 5.85350215e-01 6.30995989e-01
    7.18909323e-01 1.49131775e-01 7.84493566e-01 4.71080810e-01
    9.01494861e-01 6.49220586e-01 9.22564387e-01 4.81461495e-01
    2.13109046e-01 7.02925622e-01 9.24922347e-01 3.02674770e-02
    6.42391086e-01 5.59259295e-01 7.07855761e-01 7.18327045e-01
    4.00364578e-01 7.98936367e-01 9.33286607e-01 3.68844509e-01
    2.54365653e-01 1.15175933e-01 3.19843173e-01 2.02590555e-01
    3.89652133e-01 2.23728895e-01 2.75597155e-01 2.87130833e-01
    9.13741112e-01 2.27093399e-01 3.41340303e-01 9.25248265e-01
    2.80091166e-01 4.87626165e-01 1.69342607e-01 7.63650715e-01
    1.74049258e-01 6.69605732e-01 3.92565250e-01 4.56164241e-01
    3.93806100e-01 1.60581350e-01 3.96699309e-02 8.74080122e-01
    6.12574816e-02 6.73032761e-01 6.01770580e-02 4.77298409e-01
    2.27614403e-01 6.58418298e-01 8.40714872e-01 6.76839948e-01
    5.48286378e-01 2.09846973e-01 9.91881371e-01 4.70349550e-01
    4.51923370e-01 7.10338712e-01 5.76170444e-01 8.09185565e-01
    4.94239479e-01 6.51802897e-01 8.83655787e-01 6.52293384e-01
    7.74266720e-01 6.56849146e-02 5.20379066e-01 5.37709594e-02
    2.50060260e-01 7.12872386e-01 2.85673440e-02 8.47563028e-01
    4.16653037e-01 5.96013963e-01 5.00835955e-01 9.51264560e-01
    7.81849802e-01 6.70750856e-01 2.06157357e-01 8.26726258e-02
    3.28708887e-01 7.63395071e-01 8.93976390e-01 7.98797309e-02
    5.45840204e-01 7.32313395e-02 2.21175551e-01 6.12976074e-01
    5.96057713e-01 9.96771455e-03 9.67988014e-01 4.20600384e-01
    5.66327214e-01 7.61546493e-01 9.09320951e-01 7.70450234e-01
    1.08533204e-02 5.35543501e-01 6.42066777e-01 2.56575823e-01
    3.11862826e-02 8.56455803e-01 8.83887410e-02 9.65440869e-02
    3.81081522e-01 5.86999357e-02 2.59896338e-01 5.32139957e-01
    1.44122392e-01 7.72476077e-01 6.59780085e-01 2.17373967e-01</data></test_img>
<my_img type_id="opencv-matrix">
  <rows>128</rows>
  <cols>256</cols>
  <dt>f</dt>
  <data>
    9.11145270e-01 1.16614401e-02 1.45086205e+00 6.70352876e-02
    8.62226486e-02 8.18730950e-01 9.49278355e-01 1.17584288e+00
    4.25240219e-01 7.11231530e-01 -1.03028163e-01 1.52117908e-01
    1.36857116e+00 -3.96167040e-02 -4.66863811e-03 6.67585075e-01
    -9.25146714e-02 4.55511928e-01 6.34313047e-01 9.85363841e-01
    1.41751051e+00 -8.26046169e-02 4.25630212e-01 3.44284475e-01
    1.04875910e+00 1.24429190e+00 8.04178476e-01 2.69719332e-01
    -2.06001848e-02 -4.17280644e-02 6.35367692e-01 3.58475029e-01
    1.28391039e+00 -2.30960548e-01 1.62121445e-01 5.45288742e-01
    2.51127839e-01 1.49939358e+00 3.39377344e-01 3.18297327e-01
    4.61571217e-01 1.28610575e+00 1.26322615e+00 -9.69737768e-03
    8.85109007e-02 6.92995906e-01 1.48702908e+00 -2.06381440e-01
    3.85754049e-01 1.08315921e+00 -2.27430657e-01 1.08614933e+00
    4.51144218e-01 5.59131145e-01 4.04937506e-01 5.38214445e-02
    6.17988646e-01 8.43859851e-01 5.80911398e-01 -1.16231889e-01
    -9.47696567e-02 1.31984437e+00 2.39414096e-01 4.98185933e-01
    9.44401979e-01 1.14774394e+00 1.00778699e+00 7.63989627e-01
    -2.50822872e-01 6.74127340e-01 1.07383072e-01 1.40113652e+00
    8.67659926e-01 -8.32240283e-02 1.55469549e+00 -5.19606769e-02
    1.26777387e+00 4.23942804e-01 1.32787204e+00 6.66376352e-01
    1.29797673e+00 5.78149259e-02 -1.97862089e-02 9.06434655e-01
    1.23995328e+00 1.44650769e+00 -3.04232240e-02 -1.22314855e-01
    1.91831589e-02 1.33372390e+00 -1.71281964e-01 5.62320828e-01
    1.34810817e+00 -1.12580687e-01 2.78574228e-03 2.05524683e-01
    1.25803411e-01 7.08384633e-01 1.29333496e+00 1.57386720e-01
    3.49260598e-01 1.26723677e-01 1.40956867e+00 -9.90986824e-02
    1.30999303e+00 6.16365731e-01 3.68334949e-02 1.09497893e+00
    9.28841233e-01 1.37164521e+00 8.06397200e-02 1.99731499e-01
    3.37912858e-01 6.06282890e-01 9.53009725e-01 6.65982783e-01
    1.19945168e+00 3.06872010e-01 1.33208847e+00 5.27210832e-01
    -1.60278827e-01 1.38174736e+00 5.57737648e-01 9.82320070e-01
    1.71367526e-02 9.82738018e-01 5.69365203e-01 6.86856925e-01
    6.80757821e-01 -2.19368011e-01 2.74332702e-01 1.18142271e+00
    -5.44507504e-02 1.43157959e+00 2.48896897e-01 3.94274086e-01
    -2.05363438e-01 1.13661861e+00 1.08783197e+00 1.12035859e+00
    3.19122851e-01 1.07805514e+00 6.82149053e-01 1.12473309e+00
    1.21907759e+00 1.05476689e+00 3.35590601e-01 3.41222346e-01
    1.20451736e+00 1.00363910e+00 -2.25879937e-01 8.06396008e-01
    1.25557172e+00 1.20784771e+00 -2.13182062e-01 7.07193971e-01
    -1.99895769e-01 5.48426688e-01 1.22676754e+00 9.11545753e-02
    1.27162421e+00 4.19284344e-01 5.07888675e-01 -2.02619940e-01
    1.32969081e+00 3.73205364e-01 -3.03546429e-01 1.17654240e+00
    6.66260719e-04 3.25245291e-01 1.33180499e-01 9.69562531e-02
    -1.61093801e-01 2.80350715e-01 5.11416733e-01 -1.53762102e-03
    -2.75856182e-02 1.17889285e-01 8.96855593e-02 6.95694566e-01
    6.42383695e-01 3.93645406e-01 -7.36879408e-02 -8.48129392e-03
    9.13108587e-01 -1.44074664e-01 2.78076172e-01 1.36773562e+00
    -6.06401265e-02 8.74204159e-01 -6.81018829e-03 5.65902829e-01
    1.11184454e+00 2.72431374e-02 5.67101359e-01 -2.33465299e-01
    6.35975003e-02 1.05664611e+00 4.80748177e-01 7.05673814e-01
    2.51257837e-01 1.20814967e+00 4.31656957e-01 1.32107508e+00
    4.62433696e-02 9.53271925e-01 4.90970016e-01 -3.92033160e-02
    6.05689228e-01 -1.99341610e-01 1.99578166e-01 1.48293257e+00
    -1.66354269e-01 6.95680857e-01 -2.29297623e-01 -2.90870368e-02
    2.28086442e-01 1.35611475e-01 1.30198908e+00 6.76845431e-01
    2.95096040e-01 -1.39473736e-01 4.41485167e-01 9.37798858e-01
    1.03194916e+00 8.77960622e-01 6.11957312e-02 1.34715748e+00
    1.61208987e-01 1.27280593e-01 -9.35686752e-02 3.59725356e-02
    1.33849502e+00 9.69388962e-01 6.90588415e-01 8.92067552e-01
    4.71771955e-02 3.03078771e-01 1.14196634e+00 8.86347175e-01
    9.37809467e-01 6.33206367e-01 8.23202848e-01 2.84628153e-01
    4.45932150e-01 3.50927562e-01 3.86696100e-01 7.84347653e-02
    5.14913857e-01 2.44753629e-01 3.00470948e-01 1.35172927e+00
    -2.49740496e-01 1.48029840e+00 5.22001207e-01 -2.18779743e-02
    -9.30729955e-02 1.50690854e-01 2.81000435e-01 -7.15685189e-02
    7.58169293e-01 1.11117983e+00 3.36873055e-01 8.70273113e-02
    1.17206419e+00 1.10084629e+00 -1.27300918e-01 1.18535185e+00
    -5.27778566e-01 1.47069633e+00 -9.73176658e-02 -9.93201137e-03
    6.98113143e-02 6.45757020e-02 1.30893099e+00 1.06246901e+00
    6.78932309e-01 -8.26088786e-02 1.06409311e+00 8.93685222e-02
    7.54089832e-01 8.68753910e-01 7.91161180e-01 2.30007946e-01
    2.06642687e-01 5.77718079e-01 1.23216188e+00 -1.97500646e-01
    1.03321564e+00 6.30666137e-01 1.56837404e-01 1.38518798e+00
    -2.88255602e-01 1.81127965e-01 -3.27277631e-01 3.30804706e-01
    7.51318216e-01 2.25093961e-01 1.28909397e+00 3.43131006e-01
    3.32033575e-01 -1.96967244e-01 1.65746748e-01 9.28820848e-01
    7.97080159e-01 6.17448807e-01 -1.58289671e-02 1.20017147e+00
    1.06246960e+00 1.03607285e+00 3.64789188e-01 4.28398311e-01
    4.12071764e-01 4.11738753e-01 1.06361091e+00 5.70522070e-01
    8.65987539e-01 3.56974006e-01 8.48277450e-01 2.89689898e-01
    9.65583682e-01 6.85428262e-01 -2.73023963e-01 -9.45011675e-02
    9.85624790e-01 8.45595598e-02 4.66638744e-01 5.45638323e-01
    8.58315468e-01 -1.35119170e-01 4.07431364e-01 2.91268736e-01
    -8.84201527e-02 7.00500965e-01 -1.26550585e-01 8.67543101e-01
    1.22288465e+00 8.07806849e-01 -1.66947663e-01 1.21814477e+00
    1.13847518e+00 -2.94056505e-01 9.05628800e-02 7.06517100e-01
    7.21055984e-01 1.08749104e+00 -3.39965969e-01 1.31263423e+00
    3.51154208e-01 8.66791248e-01 1.27722168e+00 -1.68571293e-01
    1.31697631e+00 9.66358423e-01 9.73913670e-01 5.80319643e-01
    4.31316316e-01 3.00514340e-01 4.15903151e-01 1.25371027e+00
    9.71476316e-01 1.88041508e-01 4.55336034e-01 -4.38075662e-02
    3.00920963e-01 -6.11726046e-02 3.32653522e-01 -1.00201070e-01
    2.62028396e-01 1.17352808e+00 -3.58861357e-01 4.73892212e-01
    -1.02510899e-01 2.64129996e-01 4.30428982e-01 1.02032340e+00
    -9.44649577e-02 3.90066624e-01 1.20394230e-02 -1.40381455e-02
    8.22752833e-01 1.25414038e+00 6.88578963e-01 6.77056074e-01
    1.47356570e-01 1.13717854e+00 9.78674769e-01 1.12239456e+00
    -4.01217341e-02 1.00689757e+00 3.73805463e-01 2.53858387e-01
    1.50303304e-01 1.09974802e+00 -3.31338406e-01 9.33693051e-01
    1.12955606e+00 7.44402170e-01 4.87870693e-01 2.74801195e-01
    1.17811143e+00 9.85347867e-01 1.78540468e-01 2.45710909e-01
    7.92415023e-01 1.38296461e+00 -3.47999722e-01 9.96029854e-01
    -1.00252330e-01 7.79584527e-01 7.37181962e-01 2.85139441e-01
    7.56795406e-01 2.51717329e-01 9.49867845e-01 -3.13860416e-01
    8.05284858e-01 1.20685232e+00 7.34790921e-01 5.79938471e-01
    5.68844676e-02 1.30322433e+00 1.12920034e+00 1.18661273e+00
    1.32996750e+00 8.08370113e-02 8.42115998e-01 1.30118334e+00
    1.42350411e+00 1.75945163e-02 7.47795224e-01 2.21658647e-01
    4.13749516e-02 7.69801259e-01 6.72145903e-01 9.76827025e-01
    -1.58161461e-01 6.40866101e-01 5.87446034e-01 5.39997578e-01
    7.49684572e-01 -1.27588332e-01 1.23810077e+00 4.56710458e-01
    5.13533354e-01 -3.07349592e-01 3.08439076e-01 7.46416748e-01
    -3.73720765e-01 1.42556024e+00 1.12708712e+00 9.40088391e-01
    1.28592622e+00 7.39465714e-01 6.08923912e-01 1.15437222e+00
    -3.06553304e-01 6.56276166e-01 5.39611578e-01 9.76157784e-01
    1.00777698e+00 -2.77196467e-01 1.76687360e-01 9.25854683e-01
    8.73529792e-01 7.92846322e-01 -3.73969197e-01 7.69737005e-01
    5.65940082e-01 4.14730072e-01 1.16273856e+00 1.12790346e+00
    9.22666073e-01 2.76900828e-01 1.34833598e+00 -3.70107919e-01
    6.04253113e-02 8.87435615e-01 -6.34528100e-02 1.77176893e-01
    6.86889887e-01 -2.16391087e-02 1.35009575e+00 1.22475386e+00
    8.44173908e-01 1.29304528e+00 3.37508619e-01 1.38407528e-01
    -8.39446187e-02 1.25733364e+00 3.37359309e-01 5.87769747e-02
    9.79198337e-01 -3.68150711e-01 8.40098143e-01 1.09879231e+00
    -3.10261250e-02 -1.28204197e-01 3.44353437e-01 6.42565012e-01
    1.84959590e-01 9.00300741e-02 8.96563530e-01 6.15895510e-01
    7.19844103e-01 2.24059343e-01 1.04169786e-01 1.33006740e+00
    6.25884116e-01 -4.03814912e-02 9.70610976e-01 5.37049770e-01
    4.38529730e-01 1.15565372e+00 9.62366819e-01 8.54097724e-01
    9.38371181e-01 9.50623274e-01 2.35094666e-01 7.99430728e-01
    -4.28009868e-01 1.02357745e+00 1.57739162e-01 4.49631929e-01
    1.17052114e+00 -2.23612756e-01 1.17629480e+00 1.09579265e+00
    4.86584306e-02 -4.02922034e-02 4.67386425e-01 2.67606616e-01
    -1.34451985e-02 1.32935250e+00 -2.12542266e-01 1.74591005e-01
    9.71692204e-01 -1.93320960e-01 3.22366357e-01 1.13047361e+00
    9.38266516e-01 -3.01138103e-01 2.68669844e-01 -2.56300122e-01
    8.95040512e-01 1.00637531e+00 1.33359861e+00 4.28292513e-01
    6.05260730e-01 5.40378690e-02 1.32943845e+00 9.35343146e-01
    8.01156044e-01 9.82200027e-01 1.26035511e-01 7.02415824e-01
    1.16737926e+00 1.14738858e+00 4.95304465e-01 2.17673481e-01
    -5.54614663e-02 3.71028781e-01 5.44050932e-01 9.84584689e-02
    1.22282481e+00 -3.24728966e-01 8.16063762e-01 3.07634830e-01
    7.12384224e-01 8.72731686e-01 1.11985111e+00 1.42812192e-01
    7.09132075e-01 7.23035574e-01 1.87995672e-01 -3.64069730e-01
    1.41584599e+00 1.27179205e-01 2.40928650e-01 8.28728139e-01
    8.02767515e-01 4.89031732e-01 1.14552343e+00 8.24141026e-01
    1.87109411e-01 4.81842220e-01 4.30290759e-01 -1.38325542e-01
    6.99771106e-01 8.26759934e-02 3.15924644e-01 -2.14330241e-01
    4.57544744e-01 1.26927733e-01 1.04736805e-01 1.02956724e+00
    1.01802576e+00 -2.40629524e-01 3.18494439e-01 5.33608675e-01
    9.39057469e-01 -1.72798455e-01 1.38319826e+00 4.26802635e-01
    -1.02422178e-01 1.10874057e+00 8.41338992e-01 4.68296647e-01
    2.90220916e-01 1.21013844e+00 2.66510785e-01 -2.03180417e-01
    6.00359857e-01 5.81450164e-02 6.98237777e-01 -1.63986593e-01
    -3.05074632e-01 9.57370877e-01 -1.57492161e-02 1.32961392e+00
    1.29516363e-01 1.49757266e+00 -2.20411927e-01 1.55875349e+00
    -1.52196348e-01 1.33460295e+00 -1.09063506e-01 6.44482911e-01
    2.55695283e-01 2.01252162e-01 1.09389770e+00 -2.21703082e-01
    4.43420053e-01 1.06355977e+00 6.16587520e-01 7.55938053e-01
    8.24734092e-01 2.68350840e-02 4.10117328e-01 2.32477486e-01
    4.88267064e-01 9.22317863e-01 4.71850634e-02 -1.22375250e-01
    6.66617692e-01 9.37305927e-01 4.97671366e-01 2.03058660e-01
    8.18117380e-01 6.79667711e-01 1.22289169e+00 6.21083856e-01
    4.05708849e-01 6.24978542e-02 1.45195830e+00 -1.15953952e-01
    -2.86103159e-01 1.02556586e-01 2.35646486e-01 1.14229548e+00
    6.56355917e-01 -2.94715583e-01 7.79109061e-01 6.29578829e-02
    2.00329840e-01 8.51676822e-01 -4.18170363e-01 5.25171757e-01
    8.56707692e-01 3.53018403e-01 7.61876106e-01 5.52661419e-01
    4.60792184e-01 1.05548263e+00 -1.10635638e-01 -2.08025157e-01
    -4.56198752e-02 4.98463035e-01 2.19040573e-01 -6.30973279e-02
    -2.43615896e-01 1.31551170e+00 1.89096034e-01 -1.89634204e-01
    -2.04757810e-01 1.09410059e+00 7.61671424e-01 1.09676421e+00
    -1.41394794e-01 1.14678729e+00 9.42463279e-02 5.51637232e-01
    -1.46460012e-01 8.20076883e-01 7.87328482e-02 8.22816133e-01
    1.07723510e+00 1.26081634e+00 5.39659500e-01 7.10673749e-01
    4.92394090e-01 6.71632349e-01 9.73711967e-01 -1.45416230e-01
    6.41778827e-01 -1.81633234e-01 -2.09099054e-02 1.36020792e+00
    -3.40027362e-01 1.17350638e+00 4.94873881e-01 2.43801057e-01
    -8.39452446e-02 6.35016620e-01 7.37453043e-01 -3.15835565e-01
    1.11147237e+00 1.24829412e-01 5.66589653e-01 2.89819598e-01
    7.57029533e-01 -2.73598909e-01 1.47954488e+00 -1.69597954e-01
    5.31482518e-01 -1.32533282e-01 2.09557474e-01 2.14578390e-01
    1.16204679e-01 -2.00873077e-01 3.03369701e-01 7.40944147e-01
    4.99287069e-01 9.16632771e-01 8.55620503e-01 8.27569246e-01
    9.77499127e-01 -1.68015301e-01 1.50821924e-01 -3.19789499e-01
    8.60554457e-01 5.39048433e-01 -2.31328011e-02 5.82581580e-01
    4.58615899e-01 -3.23286295e-01 8.94211650e-01 4.22142148e-01
    5.56012750e-01 1.19487262e+00 2.57014632e-01 -7.26464987e-02
    4.87921953e-01 9.13550615e-01 3.57102394e-01 1.11147487e+00
    1.08171523e-01 6.97340786e-01 7.15121031e-02 8.90290380e-01
    1.15501368e+00 4.58702266e-01 4.02708232e-01 -3.45651865e-01
    4.96763468e-01 1.00894547e+00 -2.94172704e-01 7.98949480e-01
    1.00450599e+00 8.36517930e-01 1.07032251e+00 1.02502060e+00
    1.15474820e-01 1.14687860e-01 5.04261732e-01 -2.21046358e-01
    7.96506584e-01 1.81317627e-01 1.34525383e+00 -2.17119366e-01
    1.29366827e+00 -3.13082933e-01 1.31244326e+00 -2.69737124e-01
    1.06989968e+00 -3.98924947e-02 1.03060830e+00 6.60464048e-01
    6.64954305e-01 1.05992234e+00 -2.06626222e-01 1.17647576e+00
    7.59368062e-01 -1.77184463e-01 1.29007673e+00 8.14273119e-01
    2.98274100e-01 1.09771085e+00 6.51432574e-01 5.45922220e-01
    1.04732656e+00 -2.03878462e-01 -1.57540947e-01 7.04702020e-01
    -5.05431890e-02 1.18755138e+00 7.09747434e-01 6.87724352e-02
    4.03064370e-01 1.29273736e+00 -3.97829175e-01 2.24992812e-01
    1.17959106e+00 6.86837316e-01 -3.22650582e-01 4.58026648e-01
    2.09764361e-01 6.88891888e-01 3.15289259e-01 -3.17616463e-02
    -2.29535758e-01 3.19692075e-01 2.73331523e-01 5.97875118e-02
    1.01037633e+00 -1.96337223e-01 1.26952875e+00 -1.90506950e-01
    2.04714715e-01 1.26245165e+00 6.91896319e-01 1.16042817e+00
    -1.08082592e-01 6.64478242e-01 1.66850507e-01 1.12247586e-01
    1.21033454e+00 1.88346624e-01 4.79977846e-01 1.07101488e+00
    1.17429781e+00 -3.29638928e-01 2.91709185e-01 6.62933409e-01
    9.23149824e-01 7.04587102e-01 3.83510351e-01 3.21329415e-01
    1.38983130e-01 5.20416498e-02 1.06652582e+00 2.82545507e-01
    -2.72788644e-01 1.03280354e+00 2.28504300e-01 2.75316417e-01
    -7.58994818e-02 1.45110071e+00 4.62422609e-01 5.07769406e-01
    1.40348637e+00 -3.60076398e-01 8.46665621e-01 1.03242505e+00
    5.30248284e-02 1.13439381e+00 -3.91483307e-03 9.68541384e-01
    1.78376734e-01 -2.31046677e-02 -3.38445008e-02 7.99333572e-01
    1.00767171e+00 4.46433842e-01 4.44457769e-01 1.76945329e-01
    1.35545588e+00 -2.60467798e-01 8.99311125e-01 -4.56634939e-01
    8.14318597e-01 -2.07562447e-02 8.51401985e-01 5.37318885e-01
    7.68954515e-01 8.76058221e-01 9.89740252e-01 1.13727498e+00
    5.99052727e-01 3.90766084e-01 9.71450210e-02 3.72067511e-01
    1.79217100e-01 -7.29996562e-02 1.11871088e+00 -7.54861832e-02
    9.71016288e-01 1.10949600e+00 3.26230586e-01 -2.96110302e-01
    1.07481432e+00 9.58539844e-02 3.70738626e-01 -3.99585366e-02
    4.07491386e-01 2.29664385e-01 3.11424077e-01 -6.12084866e-02
    7.68230081e-01 5.67235589e-01 -2.08725393e-01 6.56676114e-01
    4.47199225e-01 1.28721356e+00 5.26791096e-01 4.67380285e-01
    -2.42631763e-01 1.00063479e+00 1.24338591e+00 1.91713929e-01
    -1.32942051e-01 1.06495309e+00 1.19464135e+00 -2.90207356e-01
    2.95018673e-01 5.21986246e-01 1.07110000e+00 1.00363123e+00
    9.27821994e-01 2.44363308e-01 1.09597373e+00 1.11311662e+00
    7.93788552e-01 9.88009810e-01 1.61110759e-02 5.94046950e-01
    1.41743064e+00 -2.63514757e-01 -2.38162577e-02 3.98535907e-01
    1.25767303e+00 7.41819620e-01 1.07783091e+00 -5.00263810e-01
    1.16275525e+00 1.09234011e+00 -2.45716274e-01 1.33943760e+00
    2.17377305e-01 -6.89739287e-02 1.24408007e-02 4.06771600e-01
    8.05826664e-01 -1.98958665e-01 7.48969436e-01 -3.05567533e-01
    1.02048326e+00 2.31229782e-01 3.90283585e-01 8.47787619e-01
    8.06977987e-01 5.93747020e-01 5.57725132e-01 -1.28989011e-01
    -1.02263093e-02 8.97376299e-01 1.18274128e+00 1.01734400e+00
    1.49046600e-01 6.99405193e-01 2.76575923e-01 5.02364516e-01
    6.50551796e-01 5.37439406e-01 -8.23152065e-02 1.15952826e+00
    5.24281025e-01 9.85363007e-01 -2.51628309e-01 9.26523030e-01
    -4.22714353e-02 1.17041290e-01 2.78577626e-01 1.30418611e+00
    8.34647655e-01 7.50237644e-01 2.67653883e-01 1.89764023e-01
    8.79022121e-01 -3.21295798e-01 3.15740943e-01 6.66447282e-02
    1.64159775e-01 1.09278119e+00 8.90155196e-01 -1.15950912e-01
    1.13369560e+00 9.51792836e-01 4.92818058e-01 -1.25021219e-01
    2.61728525e-01 3.53933245e-01 -1.72459066e-01 -2.17714414e-01
    1.06359923e+00 7.14399576e-01 8.82793665e-01 6.80560350e-01
    4.12895381e-01 1.08215702e+00 1.08955061e+00 6.80417418e-02
    -1.26949608e-01 1.02244282e+00 -3.66830349e-01 1.27606332e+00
    3.80889237e-01 -2.92716354e-01 9.72352862e-01 5.37618339e-01
    1.46936738e+00 -3.36689860e-01 6.84670329e-01 1.16204715e+00
    6.28891230e-01 2.92279005e-01 7.93167353e-01 3.55994940e-01
    4.45746064e-01 7.81320274e-01 3.28608751e-02 1.24250317e+00
    8.53779674e-01 8.52322578e-01 6.97994232e-01 4.18077588e-01
    1.05965459e+00 1.82331860e-01 9.03211236e-01 3.13989580e-01
    1.19043875e+00 8.69450927e-01 6.76448345e-01 5.15133202e-01
    1.18949413e-02 6.96092963e-01 1.38764769e-01 -1.20968074e-01
    4.96939898e-01 1.85958743e-02 1.03371000e+00 -2.80955970e-01
    1.96911752e-01 -5.59760332e-02 6.80447817e-01 -2.82457143e-01
    6.50105119e-01 8.36508453e-01 5.35167813e-01 1.03141510e+00
    2.50363469e-01 7.87146151e-01 -3.41685116e-01 9.49180484e-01
    1.19965887e+00 2.79656291e-01 1.23691952e+00 1.27591896e+00
    8.56451154e-01 -8.94175768e-02 1.28470850e+00 7.94226646e-01
    7.71689773e-01 8.25025916e-01 7.62646079e-01 6.82869971e-01
    2.20201671e-01 4.79478061e-01 1.27505910e+00 4.06463265e-01
    5.24680912e-01 9.56701636e-02 5.82942486e-01 -3.45363975e-01
    1.44658935e+00 2.20311880e-02 3.50975811e-01 1.02377403e+00
    1.62745774e-01 9.93219495e-01 9.48930502e-01 1.98493123e-01
    -3.57156694e-02 9.36296344e-01 1.05676126e+00 -2.58944154e-01
    3.59771550e-01 5.16576886e-01 4.52927649e-01 3.08871269e-01
    -1.68411762e-01 8.41221571e-01 7.71807790e-01 9.57485318e-01
    1.23163450e+00 1.02098215e+00 6.07855320e-01 3.01081002e-01
    1.37628114e+00 -1.17790997e-01 7.01957405e-01 -2.80908465e-01
    7.99034476e-01 -5.47788441e-02 2.29721665e-01 2.10034370e-01
    1.77382112e-01 -1.46252215e-02 -4.26433623e-01 1.13485932e+00
    1.12330401e+00 4.21116650e-01 2.93054998e-01 6.55188680e-01
    2.99858391e-01 4.92326617e-02 1.86916471e-01 6.36192799e-01
    -1.40322059e-01 8.57662678e-01 9.20113921e-01 6.45945132e-01
    4.39723194e-01 4.88151312e-02 6.21611238e-01 9.55808282e-01
    6.55738592e-01 1.09210753e+00 2.28964627e-01 3.23968172e-01
    9.08661246e-01 4.43910837e-01 -8.45577717e-02 9.15385962e-01
    1.58068001e-01 4.05407846e-01 1.09228206e+00 1.23620760e+00
    5.52852929e-01 7.57108510e-01 -1.15344584e-01 4.74032521e-01
    1.26090014e+00 5.53528905e-01 1.24123907e+00 1.12982500e+00
    7.65712380e-01 3.46687138e-01 4.94081199e-01 1.16633999e+00
    1.13110340e+00 7.19153404e-01 6.22433424e-01 -1.91190377e-01
    -2.41120875e-01 9.88462925e-01 1.10623264e+00 3.58594894e-01
    1.08519530e+00 1.91268802e-01 1.13675022e+00 1.43943131e-01
    7.93846667e-01 3.13883126e-01 2.85382330e-01 1.05067992e+00
    1.29348898e+00 -2.33962774e-01 1.00028777e+00 1.09273875e+00
    8.65710855e-01 1.09269881e+00 1.22956145e+00 -4.75058675e-01
    2.03270853e-01 1.34371448e+00 2.28304625e-01 5.68750322e-01
    -6.63038790e-02 1.47434652e-01 6.48736835e-01 2.41016090e-01
    3.04876745e-01 -6.40763342e-02 1.34340060e+00 -2.25540161e-01
    2.79564142e-01 8.49383473e-02 8.35086346e-01 1.37076926e+00
    5.77201247e-01 1.18501163e+00 8.91519666e-01 1.19370568e+00
    -1.15558565e-01 9.39435244e-01 1.19625080e+00 6.35373116e-01
    3.34412038e-01 2.31737614e-01 7.74485350e-01 8.17907453e-01
    7.94730902e-01 1.09935808e+00 1.23268068e+00 4.16387737e-01
    -2.86816955e-01 1.30276418e+00 6.55175686e-01 7.13453174e-01
    9.79766965e-01 9.11600947e-01 7.66195059e-02 -1.98576778e-01
    1.33404577e+00 8.86719227e-02 -3.10599804e-03 8.50947618e-01
    -5.88915944e-02 4.23056722e-01 -4.33854461e-02 2.54836500e-01
    -1.48142725e-01 6.90984011e-01 8.61424208e-02 9.19477224e-01
    9.76661682e-01 5.85456192e-01 1.07237184e+00 1.63694561e-01
    6.04439199e-01 -2.87394524e-02 -4.14501369e-01 1.30354130e+00
    5.13808489e-01 1.13574350e+00 -2.57142663e-01 2.61609554e-01
    3.73253882e-01 3.55045378e-01 1.05050731e+00 3.06109607e-01
    8.46508741e-01 -6.95681572e-02 3.56006026e-01 5.73198497e-01
    7.87405610e-01 -1.91571355e-01 1.49262714e+00 -9.03071165e-02
    1.16816592e+00 5.46764374e-01 9.26185369e-01 6.67282701e-01
    -7.07043409e-02 1.22005260e+00 9.03013229e-01 -2.25091279e-02
    7.64686108e-01 2.68457055e-01 4.44656789e-01 9.91917610e-01
    -3.67851198e-01 1.13751066e+00 4.30449247e-01 2.91058183e-01
    -2.60217041e-01 2.49630630e-01 1.12989998e+00 5.98916888e-01
    1.25797689e+00 1.05287135e-01 7.14066088e-01 1.53799772e-01
    1.37483907e+00 5.26824594e-01 3.90515864e-01 7.91874051e-01
    9.06565070e-01 9.42406654e-01 8.18476677e-01 1.15164220e+00
    -4.87296581e-01 1.26361883e+00 1.30953550e+00 -2.66444385e-01
    8.35738420e-01 2.88789093e-01 3.93050134e-01 4.51808929e-01
    6.10902011e-02 2.50691712e-01 1.07068896e-01 9.92752194e-01
    1.24889278e+00 6.17710352e-01 3.55391800e-01 2.44536579e-01
    6.52352393e-01 -5.67771196e-02 1.19361615e+00 1.35448813e-01
    1.05821431e-01 -1.70854539e-01 1.34175742e+00 7.34923482e-01
    6.34623230e-01 1.28459930e-01 3.11930120e-01 9.78221178e-01
    -5.04348457e-01 9.11943555e-01 6.14711404e-01 8.12172890e-02
    4.40458655e-02 7.56072998e-03 9.54869509e-01 8.07473660e-01
    -3.75485718e-02 -3.19138527e-01 1.39455450e+00 -1.12162054e-01
    8.57262194e-01 7.79937148e-01 5.42479277e-01 1.09477842e+00
    7.06548691e-01 3.38430285e-01 3.51921082e-01 1.43592191e+00
    -3.21323276e-02 -1.03719801e-01 5.12375593e-01 7.51454115e-01
    3.41397285e-01 9.43865180e-01 7.36702561e-01 5.61042786e-01
    2.36168802e-02 1.21457666e-01 -8.69348049e-02 3.32960308e-01
    7.58082986e-01 1.31166363e+00 1.03357804e+00 9.42565799e-01
    1.10519326e+00 -1.36181295e-01 -3.17729026e-01 4.66992855e-02
    3.72418165e-01 -2.79201388e-01 6.08511627e-01 -8.50002766e-02
    1.05808675e+00 -1.18187487e-01 1.18399346e+00 1.03519607e+00
    9.95156407e-01 9.47617888e-02 -1.70093656e-01 9.45875049e-01
    4.98136997e-01 1.09690428e+00 1.30946755e+00 3.82649422e-01
    7.15375781e-01 7.92611241e-02 1.22838378e+00 1.04490817e+00
    1.19741559e+00 8.04747820e-01 7.06783593e-01 4.73553896e-01
    6.37681723e-01 9.84408259e-01 -2.14917034e-01 4.82064843e-01
    7.23555565e-01 7.56860375e-02 1.83150083e-01 3.67112219e-01
    7.66740322e-01 5.15359282e-01 8.79890203e-01 5.52891254e-01
    5.56620359e-01 1.25436425e+00 2.77368307e-01 1.56711817e-01
    9.61332917e-01 8.97281766e-01 -3.77513587e-01 7.02640772e-01
    9.32542086e-02 3.67444694e-01 1.14573371e+00 8.14517438e-01
    -3.56857598e-01 9.43437338e-01 9.79380608e-02 -1.82301119e-01
    -1.96016848e-01 -2.29087248e-01 7.29309082e-01 1.20479631e+00
    -4.24110174e-01 5.93873501e-01 1.22320139e+00 1.85819328e-01
    1.24771559e+00 -9.01858807e-02 2.16459453e-01 1.22737491e+00
    1.41969860e-01 -2.82466829e-01 1.94351673e-02 7.75853038e-01
    2.05155015e-01 1.17101121e+00 4.85479832e-03 2.44628191e-02
    9.69230533e-01 1.10935760e+00 2.00860977e-01 3.27738941e-01
    3.69972348e-01 2.72101104e-01 2.52909124e-01 1.23057294e+00
    1.10845220e+00 -3.42372060e-01 -2.16838613e-01 1.05303299e+00
    -6.27195537e-02 3.64031911e-01 6.68291807e-01 5.80322742e-01
    1.09627831e+00 5.75136662e-01 1.05576539e+00 9.07251596e-01
    1.06658268e+00 -2.53340274e-01 8.00060749e-01 -2.67783433e-01
    1.77669525e-03 3.20956647e-01 1.02199340e+00 8.25163484e-01
    -8.37888122e-02 4.88289297e-01 6.84476495e-01 6.53384805e-01
    5.74269295e-02 1.17264080e+00 -1.21661425e-02 8.14561725e-01
    4.33036685e-01 4.52040911e-01 7.63203740e-01 -3.46342623e-01
    9.09615338e-01 2.86018252e-02 1.50077105e-01 2.53588736e-01
    1.29920471e+00 -1.17542088e-01 -1.32172197e-01 1.34142768e+00
    6.31897807e-01 1.36374187e+00 3.59707355e-01 3.17766488e-01
    -1.69792250e-01 9.40811038e-01 1.10672295e+00 7.36396551e-01
    2.20905364e-01 1.16657555e+00 1.20131671e+00 6.10769153e-01
    -7.75434971e-02 -1.12073421e-01 9.36881900e-01 -3.68373990e-02
    4.40601170e-01 1.15569615e+00 1.19883966e+00 1.10089076e+00
    8.08822632e-01 5.29178560e-01 1.11894083e+00 5.57356834e-01
    1.19069409e+00 -1.27081782e-01 6.48532569e-01 1.53631628e-01
    8.28357816e-01 7.52705812e-01 9.38151717e-01 8.92968774e-01
    1.47578061e-01 1.28694558e+00 2.66770959e-01 6.74814343e-01
    2.67354310e-01 -2.19750196e-01 2.65035272e-01 3.71854305e-01
    1.06290329e+00 -5.64020276e-02 7.21336901e-01 -5.85127473e-02
    4.97402370e-01 1.24273169e+00 1.20339084e+00 2.37685561e-01
    1.13485110e+00 6.39333367e-01 1.23644400e+00 5.31863272e-02
    -2.00411618e-01 3.07034612e-01 1.27373171e+00 2.86701560e-01
    5.18076956e-01 1.87495947e-01 5.11681199e-01 1.11541390e-01
    7.29702711e-02 1.32106972e+00 8.75902772e-02 1.78525150e-01
    3.66062582e-01 -2.12454528e-01 4.62841690e-01 5.25066733e-01
    9.84396458e-01 3.75282228e-01 5.08020520e-02 9.86787021e-01
    -7.41088390e-02 7.57945538e-01 4.96002972e-01 6.47884607e-01
    6.10006690e-01 -1.91713139e-01 3.21535528e-01 1.09286857e+00
    5.47527313e-01 1.19998610e+00 -3.86366069e-01 1.03157890e+00
    1.16788697e+00 1.85227394e-02 8.11893463e-01 4.57176328e-01
    8.56485486e-01 9.98053789e-01 -2.85889417e-01 4.78222251e-01
    1.47824466e-01 1.07599843e+00 3.38786244e-01 1.14195299e+00
    9.09346581e-01 7.51645327e-01 6.13889754e-01 -1.97145894e-01
    4.05890167e-01 4.69357789e-01 2.00093567e-01 4.14809346e-01
    1.41847134e-01 4.69982326e-01 3.43011022e-01 1.01143432e+00
    -1.78592443e-01 2.32302845e-01 1.24864233e+00 8.05548549e-01
    9.81366873e-01 3.96537185e-02 -2.49585152e-01 -1.95890501e-01
    5.54924667e-01 1.39178884e+00 -1.72963679e-01 1.21303463e+00
    1.31163955e+00 5.09600043e-02 5.65658510e-01 1.33600736e+00
    5.98591864e-02 2.32184529e-02 3.79287958e-01 -8.30211639e-02
    4.15012002e-01 -3.64071727e-02 -2.99747407e-01 2.12201536e-01
    -2.95716345e-01 7.66872287e-01 1.32731438e+00 5.31050563e-01
    5.44409931e-01 -1.19438708e-01 1.36541712e+00 -4.02288109e-01
    8.52918386e-01 1.98707461e-01 5.50926328e-01 -1.12053752e-02
    2.29833901e-01 1.10657823e+00 1.49396837e-01 9.23264384e-01
    1.14228237e+00 -1.37607604e-01 -1.44511878e-01 1.33214843e+00
    -3.89663279e-02 3.99138927e-02 1.16714394e+00 -2.38190204e-01
    3.06262493e-01 1.04220808e-01 -2.10364506e-01 -3.13170552e-02
    6.00668669e-01 9.31127667e-01 4.03705955e-01 -2.95231223e-01
    7.45213926e-02 8.56294274e-01 -9.52731669e-02 3.84645998e-01
    1.50128245e-01 1.25192130e+00 2.20469832e-02 9.53245878e-01
    6.86995387e-01 9.00638342e-01 -1.57567292e-01 -1.11733302e-01
    1.10032964e+00 1.13268185e+00 5.78294635e-01 5.23111820e-01
    3.72387350e-01 -2.78134048e-02 3.70956421e-01 -1.58173099e-01
    1.72005117e-01 2.21487641e-01 1.15444624e+00 -5.09887934e-03
    1.28631139e+00 1.05866277e+00 1.57947779e-01 -2.29784250e-02
    9.22506213e-01 1.22181046e+00 -4.88333464e-01 1.37852800e+00
    1.39571667e-01 1.07348299e+00 5.65355897e-01 -5.03122807e-02
    5.08179903e-01 8.95211577e-01 7.30236173e-01 3.02764058e-01
    -1.18098199e-01 1.31212187e+00 6.36307478e-01 8.91885161e-01
    9.77063775e-01 9.91755605e-01 -3.37920487e-01 8.69655430e-01
    1.72007859e-01 3.37230146e-01 7.01593995e-01 1.91437185e-01
    9.01916862e-01 1.05204201e+00 -9.53555703e-02 6.87598825e-01
    -1.59641907e-01 4.92306590e-01 6.82538629e-01 1.09377074e+00
    8.32837462e-01 -2.72419423e-01 -2.16702878e-01 9.75627303e-01
    8.98105383e-01 3.29118431e-01 1.03831589e-01 1.04706264e+00
    1.00493193e+00 8.53933454e-01 -2.77814448e-01 -3.09844613e-02
    1.23990560e+00 -2.15162471e-01 9.69905615e-01 -3.10883641e-01
    8.48334968e-01 5.34133494e-01 -2.44189829e-01 1.35096514e+00
    4.04290378e-01 2.77778924e-01 1.10001945e+00 8.10366392e-01
    -2.18258053e-01 9.79583979e-01 -1.65148318e-01 7.19906092e-02
    -1.00373864e-01 1.37268722e+00 1.16516590e+00 -3.54314804e-01
    6.04925096e-01 4.11058068e-02 4.38331485e-01 1.32532406e+00
    5.19291699e-01 6.45553350e-01 9.12394881e-01 9.72804427e-01
    9.10247207e-01 2.13991344e-01 6.28148735e-01 7.19130874e-01
    1.05155790e+00 -1.16870522e-01 5.40409386e-01 1.44495678e+00
    -3.50860596e-01 1.19154847e+00 3.61698031e-01 1.01210046e+00
    3.56242180e-01 -2.45996594e-01 2.62738347e-01 1.10125291e+00
    -1.82363391e-01 9.87441659e-01 -5.93471527e-03 3.88702750e-01
    7.13308811e-01 9.73886371e-01 7.54558563e-01 1.17777193e+00
    -1.66999340e-01 7.56583452e-01 -2.26006657e-01 1.09155464e+00
    1.07448518e+00 1.26583171e+00 4.22425032e-01 3.91315162e-01
    2.98241615e-01 7.87671864e-01 -9.13678408e-02 2.12180614e-03
    8.47002029e-01 3.87903154e-01 -2.82363713e-01 6.59594297e-01
    5.05162895e-01 -2.04889536e-01 3.30738306e-01 -2.77577162e-01
    1.48976004e+00 -9.27732587e-02 6.92704201e-01 7.31548071e-01
    3.92337978e-01 7.45970905e-01 1.46270096e-01 9.26964998e-01
    5.29949427e-01 -2.64113486e-01 -2.35905260e-01 1.47713482e+00
    -2.71068901e-01 5.51559687e-01 1.03571963e+00 6.22882247e-02
    5.90778708e-01 -1.57353789e-01 1.26952112e+00 1.53792322e-01
    5.19969821e-01 3.46258581e-02 4.03665483e-01 8.24181199e-01
    1.04047871e+00 7.49551177e-01 4.11245525e-02 1.30720556e-01
    9.34483171e-01 -2.21688792e-01 5.10129869e-01 1.21426964e+00
    8.84055972e-01 5.17708004e-01 2.34404981e-01 8.29896927e-02
    8.05222988e-01 4.27331090e-01 1.09632325e+00 5.46116829e-02
    6.25430167e-01 6.71697140e-01 9.77969646e-01 -3.62294555e-01
    1.23460007e+00 5.35534680e-01 6.92293525e-01 7.58008122e-01
    1.09362686e+00 7.25900531e-01 1.20758247e+00 1.46634519e-01
    1.27841890e+00 -1.28209114e-01 1.08412850e+00 -4.05213058e-01
    9.92804646e-01 5.83881140e-01 2.57673562e-01 -2.22098649e-01
    1.32720101e+00 -2.03218579e-01 1.31336451e+00 1.56805098e-01
    7.99134672e-01 2.33702064e-01 9.43802595e-01 -3.96242648e-01
    1.13921404e-01 1.79290742e-01 -2.04179585e-01 6.95301890e-02
    3.12104225e-02 1.09608662e+00 4.74542201e-01 6.35585785e-01
    6.15682721e-01 5.78275919e-01 1.26500797e+00 2.04585075e-01
    7.20220625e-01 1.31801057e+00 5.66479325e-01 1.04886115e-01
    -7.10663795e-02 1.28749609e-02 8.33050728e-01 1.31555223e+00
    1.09800375e+00 5.62484860e-01 1.15376699e+00 2.75466323e-01
    -1.63859904e-01 2.60861456e-01 -1.74485058e-01 2.98764944e-01
    7.32761145e-01 -7.96641111e-02 1.48788166e+00 1.73397362e-01
    -4.09522653e-03 6.02642298e-01 7.83643723e-01 9.61714864e-01
    6.57758951e-01 6.68161035e-01 6.73132777e-01 5.14992476e-02
    1.17843878e+00 1.14078391e+00 -7.39204884e-03 1.38138008e+00
    5.16939163e-02 1.48145854e-02 -5.78174591e-02 1.00705683e+00
    2.34905124e-01 8.58689427e-01 1.17568445e+00 6.17167473e-01
    9.45214868e-01 1.21989119e+00 6.27292275e-01 8.31926465e-02
    2.77463794e-02 4.44778204e-01 -1.66746318e-01 7.16623306e-01
    6.92090750e-01 3.51015925e-02 -2.35013619e-01 8.33424866e-01
    8.18310976e-02 8.66181374e-01 -6.18032813e-02 6.29510701e-01
    7.55449176e-01 1.17546928e+00 5.11623621e-02 8.10292065e-02
    1.66550457e-01 9.95137691e-01 1.05804527e+00 8.44871163e-01
    2.35356450e-01 8.38031173e-01 9.02490377e-01 1.15631521e+00
    1.18990409e+00 3.51396203e-01 1.25422299e+00 -3.74651164e-01
    1.31834126e+00 -2.16870815e-01 5.11555016e-01 5.63623428e-01
    6.05795264e-01 6.65445447e-01 1.15161526e+00 2.60327876e-01
    7.92227387e-01 4.89727795e-01 3.43321204e-01 9.27078366e-01
    -3.02737981e-01 2.99875736e-01 6.04153991e-01 9.70989466e-04
    4.10806119e-01 -3.77820820e-01 1.13556302e+00 3.68790984e-01
    1.00890195e+00 1.89131021e-01 -1.92080393e-01 4.79950309e-01
    1.01883948e+00 5.40584803e-01 3.49891841e-01 -4.12738562e-01
    1.17589819e+00 -4.56706583e-01 1.50010705e+00 4.13265824e-02
    1.09021020e+00 -2.47557431e-01 5.68290710e-01 9.28903222e-01
    3.86271298e-01 4.49264824e-01 2.11565524e-01 -2.64288753e-01
    1.12086105e+00 2.50459731e-01 -7.13678002e-02 6.81524634e-01
    7.16996074e-01 5.85818827e-01 3.86244059e-01 4.23396766e-01
    7.03349113e-01 1.53317750e-01 2.54408836e-01 1.10984236e-01
    3.22709084e-01 1.21690011e+00 6.70468569e-01 -1.93115205e-01
    1.26526117e-01 3.37541938e-01 -3.97403091e-01 2.88121819e-01
    2.25903273e-01 -1.70199543e-01 -3.27390105e-01 1.08693171e+00
    1.03353620e+00 -1.85787559e-01 4.76455808e-01 2.88972974e-01
    3.19081366e-01 8.42365503e-01 -1.16204858e-01 9.63358164e-01
    3.65062952e-01 5.50393164e-02 7.84399748e-01 -4.06185031e-01
    1.08354306e+00 1.13978696e+00 8.31369638e-01 9.37837839e-01
    1.08406436e+00 1.15882373e+00 3.00542831e-01 7.41816521e-01
    -1.92822814e-02 1.24563444e+00 1.25241983e+00 4.90003228e-02
    9.65628982e-01 2.41722405e-01 7.32974410e-01 -3.63115877e-01
    8.33274245e-01 -2.94631213e-01 4.76902187e-01 4.40582275e-01
    5.02863109e-01 3.46714735e-01 9.32994723e-01 8.84638071e-01
    7.77627707e-01 6.48114383e-01 6.97870314e-01 1.71703398e-01
    6.53373718e-01 4.57071304e-01 8.70934963e-01 1.34981012e+00
    4.53086555e-01 7.59251952e-01 -3.25585008e-02 8.35454583e-01
    5.22852302e-01 2.91378081e-01 1.13676810e+00 5.74003100e-01
    -1.41335368e-01 1.36595082e+00 7.27501869e-01 8.17870140e-01
    5.54425240e-01 5.85000694e-01 4.93835270e-01 1.18471301e+00
    1.83275938e-02 -2.41571143e-01 7.72025704e-01 7.65404105e-01
    2.23958910e-01 4.63981092e-01 6.20459437e-01 -2.42512971e-01
    9.77598310e-01 -2.38965333e-01 2.05095828e-01 -3.60498369e-01
    1.29252839e+00 5.73893905e-01 4.36824858e-02 7.04995632e-01
    3.83445859e-01 7.95554757e-01 1.28266966e+00 -2.00437963e-01
    -2.35680297e-01 4.75851536e-01 2.06653118e-01 1.35102689e+00
    8.04477930e-02 -1.44611537e-01 1.97865725e-01 4.15074110e-01
    7.64257252e-01 -1.10532641e-01 1.00546527e+00 2.50037909e-02
    1.24345851e+00 1.84900165e-02 4.92610633e-01 7.31472850e-01
    5.69816053e-01 3.99536848e-01 1.30511642e+00 2.97101736e-02
    -1.81987971e-01 1.23969722e+00 2.39893079e-01 -4.89321649e-02
    -6.73821568e-02 1.21143246e+00 6.72360182e-01 8.67733955e-01
    8.48718882e-01 1.97092175e-01 5.53556383e-01 4.35017943e-01
    1.43716550e+00 -4.05861735e-02 -8.86953473e-02 1.20209110e+00
    1.02268946e+00 6.61762595e-01 8.17206144e-01 4.33669686e-02
    4.15605307e-02 -1.73437387e-01 1.40886414e+00 5.11844158e-02
    1.03727067e+00 8.58950019e-01 1.62316740e-01 3.11438859e-01
    -9.13836360e-02 1.17144823e+00 4.18880105e-01 1.25270259e+00
    1.15384245e+00 1.08056951e+00 5.62664270e-01 -2.70947158e-01
    8.81197691e-01 9.89047170e-01 -5.06803393e-02 -3.17787349e-01
    2.31946945e-01 8.86981487e-01 3.79289627e-01 2.08120942e-02
    8.05428267e-01 5.95039129e-01 1.23640144e+00 6.22606635e-01
    -1.36270404e-01 7.89288282e-01 8.70079994e-01 4.60805655e-01
    5.47558367e-01 8.30139279e-01 7.63103604e-01 1.29944324e+00
    1.78277493e-02 7.59886384e-01 9.15795922e-01 5.31850934e-01
    6.50972128e-02 -2.40144134e-02 7.32822299e-01 7.63822436e-01
    3.81353855e-01 3.82892370e-01 7.12480903e-01 4.82692420e-01
    2.05601454e-02 9.50831532e-01 5.12135327e-01 1.18471551e+00
    -2.43482977e-01 7.65575409e-01 1.26663792e+00 1.58315480e-01
    -2.99302578e-01 4.07852173e-01 1.16384101e+00 4.82761264e-01
    4.34744298e-01 9.27343011e-01 -1.11668825e-01 5.73560238e-01
    4.32794511e-01 1.78742588e-01 9.49992895e-01 1.41997278e-01
    6.15858436e-01 6.43355191e-01 3.31973672e-01 8.65247130e-01
    -1.59115821e-01 7.11723924e-01 -2.70880342e-01 5.39637089e-01
    1.03464067e+00 4.88249838e-01 -2.47206375e-01 3.31195652e-01
    -1.92890480e-01 1.29322422e+00 4.62194443e-01 3.13852966e-01
    3.02630305e-01 1.18392730e+00 -2.13616848e-01 1.68485403e-01
    9.70859528e-01 1.09470868e+00 -6.29358292e-02 7.39802837e-01
    -1.17413133e-01 2.76146829e-01 1.01652312e+00 1.01223350e+00
    3.46652389e-01 1.18273425e+00 7.52366304e-01 9.16115582e-01
    -1.24756604e-01 1.20593953e+00 -4.39841181e-01 7.57533431e-01
    1.01860166e-01 4.63515997e-01 5.53586006e-01 8.66299748e-01
    5.76023459e-02 1.01741457e+00 3.67603660e-01 5.87527275e-01
    -8.28348398e-02 9.98737574e-01 5.62049210e-01 1.03905571e+00
    1.17055762e+00 8.41032267e-02 1.27717614e+00 5.68499923e-01
    4.52570617e-01 8.21729541e-01 7.06203699e-01 1.80935204e-01
    5.72496355e-01 1.00519812e+00 3.49331796e-01 4.15850282e-01
    1.03251946e+00 -5.06508350e-02 1.38271785e+00 1.06879473e+00
    7.28261471e-01 5.54453969e-01 4.90652621e-01 1.02773678e+00
    2.77149320e-01 1.03193784e+00 7.93309689e-01 6.29991293e-01
    4.47626293e-01 -1.57347858e-01 1.29714966e-01 5.73859632e-01
    -1.45852968e-01 3.75211179e-01 5.56277335e-01 2.96449780e-01
    1.00852275e+00 -3.98864120e-01 2.72935808e-01 4.25500929e-01
    1.03867590e+00 -4.26511198e-01 6.11776292e-01 1.07975316e+00
    6.83388233e-01 4.99112844e-01 1.03466034e+00 1.83553219e-01
    9.87703800e-01 6.64631009e-01 -7.63523579e-02 1.43948615e+00
    8.61968398e-01 4.67665315e-01 9.37594056e-01 6.33538246e-01
    7.01090693e-01 1.18322527e+00 5.31626284e-01 7.90838599e-02
    1.36497593e+00 4.05389190e-01 6.68009400e-01 5.76331735e-01
    1.16350591e+00 1.07559574e+00 -1.69817805e-02 6.66041017e-01
    1.08933842e+00 1.22027802e+00 9.18260813e-01 5.11581302e-02
    7.84221053e-01 4.70205724e-01 5.14010012e-01 -8.07678103e-02
    5.96761703e-04 3.76701057e-01 7.46128559e-01 -3.79596889e-01
    1.01807177e+00 8.66787314e-01 -2.42865920e-01 -2.51089483e-01
    9.12763476e-01 1.04459560e+00 1.26847613e+00 -4.17282522e-01
    6.49957240e-01 -1.33967936e-01 2.84786642e-01 1.14915264e+00
    8.49893689e-01 3.28261375e-01 3.78398955e-01 6.67581856e-01
    -2.62155712e-01 3.16830993e-01 7.81904757e-02 1.55511856e-01
    6.61339283e-01 7.15724826e-01 5.10515213e-01 1.05057514e+00
    6.69643521e-01 5.91400623e-01 -2.44336382e-01 5.38885891e-01
    7.70623982e-02 5.05378008e-01 1.39560032e+00 -5.29347062e-02
    -1.37112513e-01 7.38710880e-01 7.23979950e-01 9.62506056e-01
    5.47017694e-01 7.00944662e-02 2.85096586e-01 -2.81062812e-01
    -2.26413250e-01 8.19306731e-01 -4.00575042e-01 4.23713505e-01
    3.84730279e-01 -2.43755072e-01 -1.54934242e-01 -7.73259401e-02
    8.19812477e-01 4.53445315e-01 9.19199824e-01 -3.80600512e-01
    6.72499895e-01 9.87335443e-01 7.29562402e-01 6.19970083e-01
    -3.07489634e-02 -1.53532714e-01 1.23200166e+00 1.15460992e+00
    -3.21327299e-01 9.16385889e-01 4.72481132e-01 1.07807076e+00
    1.14739931e+00 2.15450525e-02 5.67053437e-01 -1.01474375e-01
    -1.96842030e-01 2.92952478e-01 -2.21408844e-01 1.41567218e+00
    9.63710904e-01 -3.12557697e-01 -1.79568321e-01 7.03773379e-01
    -3.69912744e-01 1.33582294e+00 -3.32716614e-01 1.29189229e+00
    1.00123906e+00 1.14616668e+00 7.84468293e-01 1.32477236e+00
    1.36776781e+00 -7.80199170e-02 6.97402179e-01 5.58741450e-01
    2.42930651e-03 1.16162074e+00 2.39298224e-01 9.28402662e-01
    2.04346180e-01 1.26502931e+00 -5.04708886e-02 3.00900578e-01
    1.20010722e+00 -1.82243168e-01 1.04881477e+00 -9.21511650e-03
    1.16005719e+00 4.62127924e-01 1.22050488e+00 2.42036223e-01
    6.27024233e-01 1.15248370e+00 1.03959489e+00 1.26966929e+00
    -2.46933356e-01 -4.59570438e-02 -8.08320343e-02 4.56576645e-01
    4.65168595e-01 6.30383611e-01 1.83229387e-01 1.36258125e-01
    7.10015297e-01 6.23862088e-01 2.05757618e-02 1.19056296e+00
    1.45580471e-01 8.49266887e-01 3.25045109e-01 2.59483874e-01
    7.41215229e-01 7.89747953e-01 -8.86759162e-02 1.10149598e+00
    8.11143279e-01 1.19888854e+00 2.10665882e-01 5.38971782e-01
    4.07541692e-01 1.42000258e-01 -8.60914290e-02 1.01363325e+00
    5.61337352e-01 6.99883282e-01 3.37028027e-01 5.61246812e-01
    5.39675713e-01 2.23713517e-02 8.94466519e-01 7.43108273e-01
    -1.73116818e-01 8.99837613e-01 1.00126123e+00 1.20270789e+00
    -4.92044687e-02 7.98220873e-01 7.10788012e-01 -2.23584518e-01
    9.01065707e-01 4.20006037e-01 6.05511069e-01 4.60263312e-01
    7.93707132e-01 1.05792511e+00 3.14113081e-01 1.05842280e+00
    -2.05100536e-01 8.27569962e-01 8.09088945e-02 2.68664300e-01
    5.85996747e-01 6.22266531e-03 1.17701316e+00 3.61612797e-01
    7.09677994e-01 1.15881312e+00 6.99364305e-01 2.93861747e-01
    1.22894478e+00 -2.74067402e-01 2.00218141e-01 9.79789972e-01
    1.22593021e+00 6.57313943e-01 3.48142326e-01 -1.78319275e-01
    -1.06964707e-01 5.73235154e-01 1.11808932e+00 7.76700377e-01
    4.52973604e-01 4.15969729e-01 1.23527730e+00 4.94805276e-01
    4.09814358e-01 1.29479635e+00 6.75774217e-02 1.40287757e-01
    3.30392063e-01 -3.63114774e-02 2.49863088e-01 9.42128539e-01
    -1.83903247e-01 8.68606150e-01 4.93704975e-02 -2.20528066e-01
    8.31146955e-01 1.23083711e+00 7.04873681e-01 7.28816807e-01
    2.94403732e-01 -1.08041346e-01 -8.26882422e-02 2.44282663e-01
    3.04762661e-01 -8.17273557e-02 2.48233259e-01 6.86792016e-01
    1.19288158e+00 7.39769220e-01 -3.14570010e-01 6.02672458e-01
    1.14225495e+00 1.29754806e+00 5.83954453e-02 9.13595080e-01
    1.00466311e+00 1.21975124e-01 8.65006328e-01 1.63050354e-01
    8.60411167e-01 4.50869262e-01 1.52275920e-01 -3.25855613e-02
    5.41635513e-01 1.17932975e+00 5.98383069e-01 1.69331610e-01
    5.09227097e-01 -2.13444799e-01 4.01526868e-01 -1.63820952e-01
    1.46938503e-01 -1.28552020e-01 1.30369127e+00 -8.06652904e-02
    8.56809378e-01 6.83454037e-01 -2.10428596e-01 2.95984745e-01
    -1.39604613e-01 -5.94797730e-02 4.10627425e-01 1.06527889e+00
    2.17029750e-01 2.88945436e-01 2.84219086e-01 -4.83186245e-02
    5.78182697e-01 1.31159604e+00 1.69268727e-01 5.88769197e-01
    4.23569858e-01 -2.02779815e-01 3.12555134e-01 2.67199278e-02
    1.25263035e+00 8.19060206e-02 1.63981438e-01 9.54194546e-01
    1.74864054e-01 4.72832918e-01 4.06596363e-01 5.11331856e-01
    5.36270618e-01 2.19842792e-02 1.01471555e+00 1.02493763e-01
    7.55552530e-01 5.33280015e-01 3.52627516e-01 1.07148933e+00
    1.08437109e+00 9.28756356e-01 2.93677926e-01 -1.80452973e-01
    8.76621008e-01 7.52483606e-01 9.50540185e-01 4.09390152e-01
    -3.42152834e-01 1.31949973e+00 -2.96896935e-01 1.15414000e+00
    -1.55994445e-01 1.42751968e+00 -2.75692493e-01 2.05927670e-01
    1.38138115e-01 8.43701959e-01 1.01443410e+00 1.21096432e+00
    6.44454420e-01 4.57329869e-01 6.34619415e-01 9.37328100e-01
    6.96835279e-01 1.11209989e+00 4.50624466e-01 5.33518314e-01
    1.72645569e-01 5.12145400e-01 8.19674373e-01 4.72985983e-01
    1.10466290e+00 1.02855480e+00 5.00222921e-01 -2.41440654e-01
    1.41348946e+00 1.46795928e-01 1.14474833e+00 8.90496850e-01
    -2.61852205e-01 1.16179276e+00 2.05519736e-01 3.22920084e-02
    8.87189984e-01 4.65272784e-01 8.14252615e-01 6.08345449e-01
    5.85155427e-01 -1.45412296e-01 1.39319742e+00 -4.68493432e-01
    8.94747972e-01 1.35183358e+00 1.38069510e+00 1.06449306e-01
    6.53472543e-01 1.27414298e+00 -3.56602311e-01 8.90806079e-01
    3.70007157e-01 1.21541619e-02 5.39229155e-01 3.60120296e-01
    -2.07729638e-02 2.11260140e-01 -1.00738227e-01 1.73525691e-01
    8.07055473e-01 5.45008659e-01 3.24479282e-01 5.54599166e-01
    9.38801408e-01 8.50082994e-01 -2.53745914e-01 9.46904778e-01
    1.17137420e+00 1.21897888e+00 -3.11357737e-01 1.20281065e+00
    4.89181995e-01 1.20236588e+00 -3.35762858e-01 7.91343033e-01
    5.97522855e-02 2.66537964e-01 -1.20138884e-01 1.94305599e-01
    1.05885315e+00 4.06521440e-01 8.78195167e-01 1.27956009e+00
    3.88435185e-01 3.78227890e-01 2.25546360e-02 2.26694345e-01
    8.91826034e-01 -2.51671582e-01 2.21068501e-01 6.04391932e-01
    -1.17877126e-02 1.24731171e+00 2.58541167e-01 8.82737756e-01
    3.04356813e-01 4.28835332e-01 7.07919359e-01 -3.31689239e-01
    6.80004358e-01 1.06789494e+00 4.29824769e-01 -3.57334942e-01
    7.16035366e-01 7.23192036e-01 -1.65418178e-01 1.10746157e+00
    3.50594997e-01 7.56412506e-01 -3.79821867e-01 8.15211773e-01
    3.73998642e-01 1.18662632e+00 1.02021706e+00 3.40451241e-01
    6.85588717e-02 -9.28710401e-02 9.08455133e-01 4.09399390e-01
    3.30241323e-01 6.54419541e-01 8.06016922e-01 -1.10239893e-01
    3.36566150e-01 8.72766137e-01 1.26283991e+00 -7.10807741e-02
    -1.69805080e-01 7.18833387e-01 1.98177695e-01 3.32241952e-01
    6.86804295e-01 5.32192588e-01 6.22958720e-01 6.77775979e-01
    -6.38372004e-02 -7.95696974e-02 -1.80404201e-01 7.27582633e-01
    2.56370902e-02 1.32274628e-02 7.10042596e-01 8.89853597e-01
    2.57833064e-01 4.79980230e-01 1.17448330e+00 -1.75708205e-01
    5.65104246e-01 -2.17356205e-01 1.02820468e+00 5.63225210e-01
    2.88681984e-01 3.47692609e-01 1.18681169e+00 2.74921775e-01
    1.18852973e+00 -2.24270582e-01 1.96708322e-01 6.42014921e-01
    -1.14286155e-01 8.46899033e-01 6.02034450e-01 2.33596623e-01
    7.57132292e-01 -1.96722597e-01 1.11462963e+00 -3.46817732e-01
    4.38032985e-01 -1.18998289e-02 1.54675215e-01 2.56159484e-01
    8.46186280e-02 3.87134790e-01 1.74074292e-01 1.54241323e-01
    2.62100339e-01 7.84659922e-01 1.20527124e+00 5.97357631e-01
    -1.50271028e-01 1.19853544e+00 9.87638116e-01 9.92527008e-01
    8.25978160e-01 -3.79747152e-02 9.37615931e-01 -3.12902629e-01
    7.19577193e-01 1.01326227e+00 -2.17459321e-01 1.18465662e+00
    -3.42238307e-01 3.10949981e-02 1.17796028e+00 1.19598150e+00
    1.21921062e-01 3.60184371e-01 5.12394905e-02 2.19801664e-02
    5.09900808e-01 1.25538409e+00 -1.84450209e-01 8.79328966e-01
    4.69140828e-01 6.12807870e-01 1.03949738e+00 -1.43526912e-01
    2.30174959e-01 3.35282505e-01 1.16450310e+00 9.33139324e-02
    2.45019197e-01 1.00264370e+00 1.29324257e+00 1.13861525e+00
    7.23223984e-02 1.26981020e+00 -1.52466655e-01 9.47529435e-01
    7.20512390e-01 3.74106169e-01 4.33655679e-02 -1.36001229e-01
    8.14543724e-01 2.74856091e-01 -2.25719616e-01 1.16086513e-01
    4.99477506e-01 -4.15666103e-02 1.28959632e+00 1.03375852e+00
    1.27071166e+00 -6.83281720e-02 -2.02198178e-01 1.32645392e+00
    5.59425354e-02 4.61038232e-01 7.09337473e-01 3.96446943e-01
    -1.27378911e-01 6.53609693e-01 5.42286575e-01 4.61889744e-01
    2.42087662e-01 5.41797280e-03 4.62429345e-01 2.76427448e-01
    1.02670801e+00 -1.52855545e-01 -2.75676847e-02 1.09569883e+00
    8.47549558e-01 -7.97455609e-02 4.77853179e-01 4.55449700e-01
    1.36541653e+00 -5.91598153e-02 1.09390593e+00 -4.22657341e-01
    1.32728744e+00 -2.18066573e-02 4.23178911e-01 -1.03827357e-01
    1.28237116e+00 -7.43734837e-02 4.95013177e-01 3.11821878e-01
    -1.35078490e-01 7.15007305e-01 8.54825377e-01 2.34803259e-01
    2.02753901e-01 -1.11094266e-01 7.50635505e-01 4.44186091e-01
    1.15431726e+00 1.27406538e+00 -2.88206339e-02 1.37727344e+00
    -3.48717511e-01 9.11896110e-01 -2.85725981e-01 5.60318649e-01
    9.64403152e-02 -1.15564123e-01 -2.37592891e-01 7.27615476e-01
    5.35386980e-01 2.91682065e-01 1.06251299e-01 8.27026725e-01
    -3.36958170e-02 7.86375642e-01 1.17052054e+00 5.70317984e-01
    7.37019181e-02 1.24805677e+00 9.44254398e-01 8.21925342e-01
    -2.49996752e-01 6.94055259e-02 7.23724961e-02 6.70252502e-01
    1.36471820e+00 -1.52678967e-01 1.15714788e+00 -1.11510754e-02
    1.21831667e+00 1.21598673e+00 1.02263880e+00 9.60263610e-02
    -1.20734662e-01 1.24515438e+00 7.60574222e-01 9.63260770e-01
    9.00454998e-01 8.86614919e-02 -2.08882153e-01 1.16222334e+00
    5.78725576e-01 2.03991652e-01 2.31010944e-01 5.11336923e-01
    -2.60289758e-01 3.95128250e-01 -1.55514181e-01 -1.29596502e-01
    1.16302407e+00 8.81044507e-01 1.18164933e+00 3.09289396e-01
    6.50363564e-01 1.14064479e+00 2.59744465e-01 -9.46974754e-02
    1.16474080e+00 -2.60095596e-01 4.22328115e-02 5.04358649e-01
    2.31776595e-01 5.94232142e-01 1.19023418e+00 6.41119003e-01
    1.28752756e+00 3.40026855e-01 5.47417581e-01 5.71505427e-01
    -1.06877118e-01 9.10637021e-01 6.37816548e-01 9.72199798e-01
    -3.59890848e-01 1.49401307e-01 -3.27529013e-02 6.32664621e-01
    7.63186693e-01 -3.85848641e-01 1.24901402e+00 1.35444856e+00
    -1.76339805e-01 4.97378170e-01 6.72707975e-01 4.25253510e-02
    2.72846758e-01 1.98246300e-01 1.29010105e+00 1.21060050e+00
    5.88771939e-01 5.82992315e-01 8.81616950e-01 -1.29489601e-01
    3.40863228e-01 2.37068236e-02 8.90715361e-01 4.43073750e-01
    -2.17026621e-01 7.10902333e-01 3.51492345e-01 -5.49812317e-02
    7.72577763e-01 3.88684273e-01 4.62023616e-01 5.93587220e-01
    7.49015629e-01 -1.71513379e-01 8.89021516e-01 7.83481956e-01
    1.15782654e+00 5.27495742e-01 3.75614166e-01 1.04960418e+00
    9.68823791e-01 9.85641241e-01 -3.74850929e-02 4.86061037e-01
    5.68466008e-01 2.22069025e-03 1.31834078e+00 2.25437462e-01
    5.56057870e-01 -3.33083212e-01 4.67865527e-01 6.56843126e-01
    -6.79888725e-02 3.64135265e-01 9.44825649e-01 1.06599247e+00
    4.73709762e-01 -3.74589562e-01 9.74995375e-01 1.02009308e+00
    2.19701350e-01 1.37274277e+00 3.63684773e-01 3.26718986e-01
    4.00303781e-01 -2.08141834e-01 3.18429708e-01 -3.05538595e-01
    1.27228642e+00 7.64468729e-01 2.21577406e-01 5.85668504e-01
    6.17830992e-01 -1.70845985e-01 6.88692510e-01 7.76810765e-01
    1.27396607e+00 9.70984936e-01 1.17679679e+00 6.67336583e-03
    2.26814270e-01 4.47458327e-02 3.25154424e-01 -3.71631980e-02
    2.73221254e-01 1.00230348e+00 -1.88362002e-02 6.21283293e-01
    1.10006714e+00 1.35873675e-01 7.28419423e-02 1.84152126e-02
    2.34176695e-01 6.65057302e-01 7.13493466e-01 1.01916873e+00
    3.10856462e-01 -2.03746751e-01 9.27312672e-01 -2.45335624e-01
    -2.43135363e-01 1.13786030e+00 -1.34278208e-01 -1.08041063e-01
    1.51984096e+00 -1.59599066e-01 7.49414504e-01 9.70382094e-01
    1.31323397e-01 1.13290787e+00 9.97250557e-01 1.15398610e+00
    -2.40481272e-01 1.21927726e+00 9.60727453e-01 2.97020435e-01
    5.46886325e-02 2.56381571e-01 1.58891499e-01 8.37179065e-01
    -2.11086884e-01 5.39110661e-01 1.17547798e+00 7.36735940e-01
    1.86582506e-01 1.02257669e+00 1.08356309e+00 1.17847502e-01
    5.16582966e-01 5.87634802e-01 6.70542359e-01 2.31749475e-01
    -1.01826712e-01 7.57968605e-01 8.51466775e-01 2.82180905e-02
    -1.20789066e-01 1.51612967e-01 -2.90779918e-02 3.34160268e-01
    1.13429475e+00 8.34239721e-02 1.22057772e+00 1.31183374e+00
    -1.66934669e-01 9.96077538e-01 2.93979049e-02 3.76063585e-01
    1.77938193e-01 3.02810133e-01 2.02929199e-01 1.04355991e-01
    9.03062940e-01 4.06141400e-01 9.88914132e-01 8.00257325e-01
    1.17319798e+00 2.18470693e-01 -2.26481587e-01 1.43642211e+00
    -4.89408314e-01 1.31409061e+00 4.68389988e-02 3.53821456e-01
    8.83529782e-01 -1.12266421e-01 5.00041366e-01 7.23128080e-01
    1.18696153e+00 1.04954517e+00 1.64554417e-01 4.36392665e-01
    1.05171812e+00 1.12910497e+00 8.05700421e-01 1.12991381e+00
    6.71948552e-01 -2.23651230e-01 1.27569079e+00 -1.67858005e-02
    3.32431436e-01 4.57517982e-01 1.52296305e-01 5.26093185e-01
    2.89058685e-02 9.33169484e-01 7.84374118e-01 1.12506127e+00
    -1.84386194e-01 7.90984988e-01 6.20427966e-01 6.67528689e-01
    -9.72405970e-02 1.09045953e-01 6.86634064e-01 -3.38242561e-01
    1.31380618e+00 3.79086614e-01 1.31698012e-01 2.78916955e-01
    8.23338866e-01 1.55268312e-02 6.59167767e-03 9.87160206e-03
    8.14142466e-01 -1.29831448e-01 3.93606544e-01 -1.92147210e-01
    1.13353670e-01 1.13079643e+00 4.72930193e-01 9.21934366e-01
    9.08653498e-01 -2.14472905e-01 -2.87703633e-01 1.10621786e+00
    1.02309060e+00 -1.47490799e-01 1.32065749e+00 1.49111748e-02
    5.57166934e-02 1.01435804e+00 4.97454762e-01 2.62208700e-01
    1.29389632e+00 9.77915764e-01 9.30317640e-02 2.14994371e-01
    -1.11239731e-01 1.01876318e+00 6.07481301e-02 8.89796615e-01
    -4.41639721e-02 -3.45621616e-01 6.62399948e-01 2.64318287e-01
    7.73380101e-01 -3.76799375e-01 7.08841264e-01 7.28497386e-01
    -2.18395934e-01 1.64223641e-01 6.25341475e-01 -1.70128644e-02
    -1.17889985e-01 7.06567764e-01 9.84722137e-01 4.97231841e-01
    -2.63012677e-01 1.35785878e+00 8.36517215e-01 -9.44000483e-02
    1.30712986e+00 3.13882828e-01 4.92106915e-01 1.70572460e-01
    1.28968692e+00 6.07502937e-01 9.95159507e-01 2.12002456e-01
    -2.56137997e-01 1.20409691e+00 3.13915730e-01 8.30724955e-01
    -1.82970256e-01 -4.47224081e-02 4.28400397e-01 4.95247304e-01
    5.18472791e-01 9.29791927e-01 3.18694115e-03 2.95678437e-01
    3.90549004e-01 4.31567729e-01 6.76932931e-01 9.60408568e-01
    1.89574003e-01 5.84467351e-01 8.50736976e-01 1.95210755e-01
    2.61798561e-01 7.66351163e-01 -4.01066840e-01 7.11956978e-01
    7.91659951e-01 1.20508575e+00 1.19888163e+00 1.23043835e-01
    7.86369383e-01 4.18583810e-01 -5.86849153e-02 6.31117940e-01
    1.22731197e+00 6.59183502e-01 1.09473860e+00 8.29582453e-01
    1.14193022e+00 -1.57855153e-02 -1.20782390e-01 9.18650150e-01
    5.84346950e-01 -2.61620075e-01 -6.15625679e-02 -1.75935686e-01
    9.09841537e-01 9.29792464e-01 1.23537362e-01 7.14472294e-01
    1.18461287e+00 5.58661103e-01 7.50486135e-01 2.77340233e-01
    6.50870085e-01 1.34587634e+00 1.11984098e+00 6.57751918e-01
    -6.48293495e-02 6.51683629e-01 7.95216918e-01 6.00584030e-01
    6.89114332e-01 3.18154275e-01 9.82438922e-01 1.22735536e+00
    -2.42584556e-01 2.64667749e-01 4.44873154e-01 7.45759130e-01
    2.18948841e-01 7.46468246e-01 7.23938227e-01 1.01811481e+00
    -3.55855435e-01 -3.07693481e-01 4.98965323e-01 2.14989662e-01
    7.73451865e-01 -1.08852237e-01 5.67399085e-01 1.11451828e+00
    -1.88495830e-01 6.02209568e-02 6.41816497e-01 2.18853056e-01
    -2.10186988e-01 1.11745584e+00 6.96331501e-01 7.09166884e-01
    8.27111602e-02 6.47028863e-01 3.75773013e-01 1.05421185e+00
    1.20691884e+00 4.18368399e-01 1.04533315e-01 5.40013671e-01
    4.42647815e-01 3.12473476e-01 6.32944703e-01 -3.11990678e-02
    -2.89736718e-01 3.44517052e-01 3.36069405e-01 7.87377954e-02
    3.78182650e-01 -1.97291493e-01 1.08264685e+00 3.91597867e-01
    3.23851883e-01 1.01914811e+00 -1.41880631e-01 7.59774566e-01
    1.20223653e+00 1.55845702e-01 3.18580747e-01 1.00115657e-01
    8.05780888e-01 1.35917759e+00 -2.48474032e-01 4.71670091e-01
    9.82252002e-01 9.58051562e-01 -1.67396694e-01 4.35980380e-01
    8.60588312e-01 1.27146041e+00 4.96151447e-01 1.32541060e-01
    4.45566058e-01 -2.41937697e-01 4.41085398e-01 -5.88105619e-02
    -1.53634146e-01 6.05418235e-02 2.58022338e-01 5.76373160e-01
    9.81563210e-01 6.88854575e-01 -2.01937139e-01 4.13962603e-01
    6.47480190e-01 2.99348414e-01 3.45594347e-01 9.42764521e-01
    -2.08897278e-01 5.67079365e-01 1.09923744e+00 7.29044437e-01
    1.17413759e-01 5.76661646e-01 5.02221644e-01 3.26494694e-01
    -1.03402376e-01 -1.16640121e-01 9.32914019e-01 -3.00172538e-01
    1.11645496e+00 3.22873235e-01 1.18888283e+00 2.40355551e-01
    4.04465258e-01 6.66580498e-02 9.21787620e-02 1.33298397e-01
    3.89227033e-01 9.11712766e-01 9.01471972e-01 1.07271099e+00
    -7.44435787e-02 7.96278477e-01 2.08868504e-01 2.81043231e-01
    1.18077755e+00 2.63126254e-01 -1.27253026e-01 -5.11824042e-02
    -1.77923113e-01 5.11180699e-01 9.24607754e-01 2.41336882e-01
    1.55817986e-01 9.03321743e-01 5.30556560e-01 2.93369889e-02
    8.01121056e-01 3.50260913e-01 -5.65836728e-02 3.96143675e-01
    4.24002588e-01 -2.22048849e-01 1.07782876e+00 7.18054533e-01
    -1.08385503e-01 4.15852785e-01 7.81297326e-01 1.16950631e+00
    5.30728579e-01 1.31010270e+00 1.03510642e+00 4.14506495e-01
    1.70570016e-02 9.33897972e-01 -4.10118997e-02 7.93303251e-01
    1.39114523e+00 -2.75336742e-01 4.63561594e-01 1.03818417e+00
    -8.67186785e-02 -8.45525265e-02 1.03343606e+00 2.52852440e-01
    1.11519599e+00 4.02791858e-01 2.12563694e-01 7.10579872e-01
    -1.13999605e-01 1.55895114e-01 1.38663018e+00 5.44342458e-01
    -2.01549828e-01 3.44111025e-01 2.08974779e-01 5.48133314e-01
    1.27493179e+00 8.67119312e-01 -3.40139270e-02 -5.66235185e-02
    -1.76204026e-01 1.00238872e+00 -1.51584253e-01 -1.96931913e-01
    9.94327545e-01 2.99542248e-01 5.72153211e-01 3.44139457e-01
    6.21803999e-01 -1.81172490e-01 6.72245145e-01 3.62616479e-01
    4.43327188e-01 4.66843843e-01 -1.55353814e-01 6.40859902e-01
    1.37447631e+00 -3.25784564e-01 -2.05757588e-01 1.41345978e+00
    -2.22755849e-01 9.76125598e-02 7.18351066e-01 -3.66130590e-01
    1.15071535e-01 1.03822160e+00 7.20674396e-02 -1.96672007e-01
    3.08445632e-01 9.07886744e-01 9.56138253e-01 7.68470764e-01
    -6.54518604e-04 7.25287795e-01 3.80009830e-01 4.09036756e-01
    -2.85449803e-01 9.06860590e-01 6.93322659e-01 1.31353092e+00
    1.84088647e-01 4.99576747e-01 -1.13332808e-01 3.85165036e-01
    5.94607115e-01 5.47950804e-01 6.12336159e-01 1.26845002e-01
    1.03919804e+00 5.01886845e-01 1.28180087e+00 1.02490175e+00
    3.80065799e-01 6.15823030e-01 -3.73664886e-01 9.57740843e-01
    -1.46908730e-01 -2.26258755e-01 3.60037863e-01 5.91305733e-01
    -1.33425772e-01 9.47916508e-02 9.87993598e-01 9.09519196e-02
    3.26135635e-01 1.40701485e+00 -3.91335636e-01 1.28147745e+00
    -2.37933964e-01 1.37699223e+00 1.33148491e-01 1.28544915e+00
    1.14083123e+00 -3.61812502e-01 8.34482789e-01 1.03752077e+00
    -3.68031710e-01 1.19563556e+00 2.36211956e-01 6.05958700e-02
    1.27360821e+00 -3.84645283e-01 -1.14746064e-01 3.38550627e-01
    1.32818961e+00 -3.67170841e-01 5.55386484e-01 4.74833250e-01
    3.92388225e-01 1.14471614e+00 -7.81679153e-02 8.83906960e-01
    6.19520009e-01 9.47394013e-01 2.74907529e-01 9.79369640e-01
    1.13914621e+00 -2.08691835e-01 2.03004658e-01 9.25377488e-01
    3.35947871e-02 8.15482438e-01 2.56549358e-01 1.07925498e+00
    6.12727761e-01 9.27331924e-01 1.16279089e+00 -3.80753875e-02
    1.12122190e+00 -2.47619838e-01 3.47345769e-01 1.37015009e+00
    5.56415975e-01 -1.45941019e-01 -1.04223490e-02 -2.88793772e-01
    1.51305079e-01 -6.04061782e-02 -1.65695548e-01 1.17779160e+00
    7.25160003e-01 8.67593527e-01 2.05175281e-01 2.44751692e-01
    6.02896094e-01 2.33102441e-01 7.85282373e-01 1.19232488e+00
    3.82448494e-01 9.83361125e-01 5.18892050e-01 3.34339499e-01
    8.92645597e-01 -3.77370179e-01 1.13846886e+00 -5.96827865e-02
    -5.35929948e-02 3.13315868e-01 8.18675995e-01 8.66484165e-01
    -2.63896555e-01 1.04200220e+00 6.55648470e-01 1.15525663e+00
    1.21260357e+00 7.78983831e-02 1.10311496e+00 1.97505951e-02
    9.19388890e-01 1.01922166e+00 6.14587009e-01 3.73628736e-01
    -1.30365431e-01 4.21096742e-01 1.32667983e+00 3.50547254e-01
    -3.03473145e-01 8.90984058e-01 9.91912842e-01 1.09449422e+00
    1.34140527e+00 -1.36668980e-01 4.09380078e-01 3.38380992e-01
    1.13454270e+00 3.53696942e-02 1.29924285e+00 1.13789654e+00
    3.89879942e-01 2.39397526e-01 6.01981044e-01 8.83072019e-01
    1.06035411e-01 5.02078891e-01 7.52686381e-01 9.29120898e-01
    -1.52677655e-01 1.04567361e+00 4.28965390e-01 -2.27422386e-01
    1.03509831e+00 6.01087809e-01 1.10721588e-01 1.27772999e+00
    5.25260925e-01 7.84892559e-01 3.79334331e-01 5.70353508e-01
    1.34681249e+00 4.47773874e-01 4.35044944e-01 1.10450947e+00
    1.04424357e+00 5.33480644e-01 1.32193530e+00 -1.66122645e-01
    -1.86791465e-01 7.24256217e-01 4.65893686e-01 -2.18450636e-01
    1.07817113e+00 1.20629132e-01 1.17691827e+00 2.02653706e-01
    9.64425921e-01 8.54742646e-01 -5.89919686e-02 4.51391280e-01
    4.83933747e-01 8.18328023e-01 5.33879101e-01 1.35143220e-01
    2.67472267e-01 7.11496592e-01 5.94748855e-01 4.75403011e-01
    6.23676658e-01 8.54964912e-01 3.46895695e-01 4.94267344e-01
    1.06149232e+00 3.05836499e-01 9.16942716e-01 6.35979056e-01
    6.86197877e-01 9.20714736e-02 3.57959926e-01 9.52854276e-01
    7.74867892e-01 1.02307105e+00 -3.33726406e-04 4.77774918e-01
    2.54476249e-01 6.79349184e-01 2.16023922e-02 1.39831603e-01
    8.89608860e-01 1.26815557e-01 9.62194681e-01 1.15542281e+00
    -2.09919870e-01 -1.64314032e-01 5.95362246e-01 3.46988738e-01
    6.07645035e-01 9.76289153e-01 -2.56930411e-01 4.56166267e-02
    6.61246479e-01 5.83426952e-02 9.69704807e-01 -2.79527128e-01
    3.58596623e-01 2.45201230e-01 -1.80059746e-01 8.23292673e-01
    5.74892759e-02 1.19337261e+00 5.50746918e-05 6.33306980e-01
    1.36019862e+00 8.26573372e-02 4.01741147e-01 6.72150612e-01
    -1.07863188e-01 1.16943860e+00 -1.90086275e-01 -2.28705525e-01
    5.95528901e-01 -1.55931324e-01 7.42155135e-01 1.10008299e-01
    -1.72403127e-01 5.45306802e-01 1.28238654e+00 -3.00652981e-01
    9.25417066e-01 -6.40462041e-02 -1.50526285e-01 1.35118675e+00
    1.24326277e+00 1.98531032e-01 2.73570657e-01 9.77043509e-01
    1.54111803e-01 9.29334641e-01 5.38420677e-03 3.92154217e-01
    8.19625258e-01 1.25189817e+00 6.85715437e-01 1.14898336e+00
    7.07747221e-01 3.68503869e-01 3.47592831e-02 -2.73497015e-01
    6.54372692e-01 3.11099887e-01 8.73029232e-04 8.92676234e-01
    1.02130497e+00 2.84058452e-02 5.30884862e-01 7.34000981e-01
    4.79942441e-01 1.24335611e+00 -7.14061856e-02 4.59379315e-01
    4.47763801e-02 9.11617756e-01 8.28248262e-01 -1.44694239e-01
    7.69229650e-01 1.00767004e+00 5.19209743e-01 7.52229214e-01
    1.15172243e+00 1.01336432e+00 6.78570449e-01 -1.90679267e-01
    1.02231884e+00 -1.31133199e-02 7.94975162e-01 -2.51559377e-01
    1.25329542e+00 4.93137121e-01 8.45949411e-01 3.31668317e-01
    -2.30048776e-01 1.10549140e+00 1.01608026e+00 -1.51399910e-01
    2.82039940e-01 -3.29331756e-01 1.25594592e+00 -1.38490200e-02
    4.04736936e-01 4.81225729e-01 1.74951911e-01 1.27362281e-01
    3.05404961e-01 3.08262885e-01 1.01987612e+00 1.23819363e+00
    6.85476661e-02 5.44095159e-01 2.76394010e-01 7.66044855e-01
    -1.80108815e-01 6.47330821e-01 1.01695859e+00 -1.94689617e-01
    -3.57442826e-01 1.44081366e+00 -4.93673086e-02 1.16146958e+00
    1.08987141e+00 1.03559434e+00 1.61126912e-01 2.93341696e-01
    7.15724766e-01 -1.98506653e-01 9.14837480e-01 1.25423431e+00
    7.21511722e-01 7.00014830e-03 -2.38359869e-01 8.47151875e-02
    -1.72968686e-01 -1.03498951e-01 3.31625700e-01 1.29457903e+00
    8.40762258e-01 5.78673959e-01 7.96548128e-01 8.83006811e-01
    2.66414881e-02 6.80802524e-01 8.70903254e-01 8.68389130e-01
    8.78708482e-01 3.30164433e-01 8.74409676e-01 1.05036759e+00
    1.22780943e+00 -1.58896923e-01 1.13977623e+00 9.61803198e-01
    1.89648271e-01 1.34470308e+00 9.56694722e-01 -2.75276870e-01
    1.12089694e-01 4.02835250e-01 -1.44069225e-01 1.48700953e-01
    8.28578115e-01 1.09071493e+00 -1.14434153e-01 8.34342599e-01
    8.85708630e-02 -1.80206656e-01 2.76461720e-01 2.65889406e-01
    1.02575576e+00 6.76644206e-01 -3.26475203e-01 9.69027996e-01
    6.10665560e-01 1.99525535e-01 -2.17927873e-01 9.54102755e-01
    6.97273135e-01 -1.44651532e-02 9.36967134e-01 -2.60410607e-01
    1.46409422e-01 -1.00876004e-01 1.84517831e-01 1.37709320e-01
    1.15454698e+00 1.04313290e+00 1.31402612e-01 1.11849606e+00
    9.14364219e-01 1.17119300e+00 1.18642163e+00 7.60063529e-02
    5.54072618e-01 3.44286859e-01 -1.15603507e-02 -1.36012375e-01
    1.08984947e+00 4.70878363e-01 1.16641569e+00 1.36284029e+00
    4.94416952e-01 3.03908348e-01 9.88916874e-01 2.32057512e-01
    9.02072668e-01 1.10034251e+00 4.28866148e-02 1.34820604e+00
    3.66709828e-02 4.18880880e-02 5.38522243e-01 9.63381648e-01
    9.52165365e-01 9.94662642e-01 -4.77687865e-01 7.83185422e-01
    7.36938596e-01 3.38071346e-01 -4.64457870e-02 8.17614257e-01
    -3.38284850e-01 8.85252714e-01 9.84588027e-01 8.53361011e-01
    7.57926941e-01 6.17176533e-01 6.15394890e-01 -1.28280371e-01
    3.28450799e-02 3.59481573e-01 -2.24156961e-01 -2.39259899e-02
    5.18258870e-01 1.07310712e+00 1.18288040e+00 2.09405482e-01
    5.62412977e-01 3.49346161e-01 -1.20504498e-02 2.66715288e-02
    9.88145471e-01 -2.77729571e-01 3.76880825e-01 7.05966234e-01
    1.75576687e-01 7.00988293e-01 7.80267119e-02 6.12286568e-01
    6.54184818e-02 7.71498919e-01 8.97092223e-01 4.52357829e-01
    1.13589597e+00 1.03473020e+00 6.11147344e-01 1.41515613e-01
    1.11465943e+00 6.90660477e-01 5.76939702e-01 7.90697455e-01
    -1.45474464e-01 1.22678590e+00 4.44589674e-01 -2.24204659e-01
    1.12957275e+00 4.83208358e-01 6.94577515e-01 1.84625685e-01
    1.32588363e+00 5.83594203e-01 6.07979834e-01 2.89327562e-01
    1.31065929e+00 3.05985451e-01 9.68113244e-02 9.72861469e-01
    5.83717823e-02 7.29644299e-01 1.01518214e+00 -7.25168586e-02
    2.89363921e-01 -3.08280498e-01 1.04631150e+00 -2.83003986e-01
    5.32098353e-01 -2.25313261e-01 -5.86146414e-02 8.03366840e-01
    9.28424358e-01 7.02405810e-01 8.24727833e-01 8.58406425e-02
    3.11325908e-01 1.27607799e+00 -2.90992677e-01 3.01706463e-01
    9.45022225e-01 1.62489414e-02 1.37851834e+00 6.52271032e-01
    5.64826727e-02 2.77321994e-01 7.73056269e-01 9.82105970e-01
    7.95925975e-01 7.84822226e-01 4.21024084e-01 1.33913362e+00
    -2.43427038e-01 7.45823383e-01 8.56261849e-02 -1.11727566e-01
    2.10392892e-01 5.53787231e-01 1.36489540e-01 1.23742014e-01
    1.09140193e+00 1.64482653e-01 9.83287573e-01 5.43085217e-01
    1.13168359e+00 5.61730027e-01 1.07143843e+00 -3.13057870e-01
    1.23118758e+00 5.00447869e-01 -8.29768181e-03 7.91633129e-02
    1.06651545e+00 1.17692304e+00 3.34382057e-02 4.23906922e-01
    -1.57684088e-01 3.79815638e-01 3.48477721e-01 8.57406735e-01
    1.05702734e+00 1.31910086e-01 -5.02269864e-02 -1.19300790e-01
    2.04894274e-01 4.46118414e-02 1.00668025e+00 1.23733032e+00
    -1.28329635e-01 8.90070081e-01 5.18970788e-01 -1.36387497e-01
    5.70445061e-01 2.60901093e-01 1.28132498e+00 8.20755959e-01
    1.31007683e+00 1.83999479e-01 7.20306754e-01 -1.25345439e-01
    1.28398359e+00 8.52736473e-01 1.37143660e+00 -3.14206541e-01
    2.15970874e-02 -1.04926139e-01 1.43527657e-01 1.87071860e-01
    -2.67877638e-01 4.39070106e-01 1.07627785e+00 9.46547866e-01
    1.00674450e-01 -6.80762529e-03 9.03333306e-01 2.36422300e-01
    1.06873059e+00 -3.91608238e-01 1.21971250e+00 1.17605865e-01
    -1.99094087e-01 4.96327281e-02 9.77093935e-01 8.29120040e-01
    1.50097132e-01 9.16845798e-02 -4.21494246e-04 3.60596120e-01
    8.32643986e-01 1.11804557e+00 5.77389956e-01 9.88899589e-01
    9.70056295e-01 1.05190408e+00 4.17524695e-01 2.90983319e-01
    4.47505832e-01 2.59530425e-01 1.35851204e+00 -3.64175409e-01
    1.11102188e+00 -1.79975837e-01 2.25447357e-01 5.69836259e-01
    9.93944407e-02 1.29778814e+00 6.06026769e-01 5.12091577e-01
    -4.23749924e-01 9.10707593e-01 3.38078439e-01 3.65747213e-02
    1.12955928e-01 4.74820256e-01 7.59504437e-02 1.22740901e+00
    1.13707387e+00 8.82341743e-01 2.28975654e-01 1.02042067e+00
    1.96723700e-01 -1.48124397e-02 5.07878065e-02 1.18028522e+00
    9.66762722e-01 1.17289758e+00 9.58161473e-01 9.11403060e-01
    1.03893566e+00 2.09428072e-01 5.78752339e-01 7.81511664e-02
    6.95827305e-01 1.13849342e-01 1.37552261e+00 4.97115016e-01
    2.90445626e-01 9.94153023e-02 2.19526887e-01 -1.20137513e-01
    3.40883851e-01 5.79096615e-01 8.43482971e-01 -1.71493232e-01
    1.15034306e+00 -8.01115036e-02 1.25677729e+00 8.85430336e-01
    5.55000067e-01 7.37430811e-01 9.63943601e-01 3.78252625e-01
    1.02237451e+00 2.53161609e-01 5.62480807e-01 1.18707871e+00
    -9.30166245e-03 1.27631211e+00 -4.77733135e-01 5.81392944e-02
    2.25544870e-02 1.98197484e-01 2.94434428e-02 2.86817789e-01
    7.36876130e-01 -3.61850768e-01 4.41821039e-01 -2.37574399e-01
    2.91392505e-01 -1.32165551e-02 9.12955999e-02 4.83771741e-01
    -2.67500371e-01 9.57972884e-01 4.40595865e-01 9.94945407e-01
    3.31649780e-01 9.07466412e-01 -1.04554608e-01 3.15645635e-01
    6.31060839e-01 -1.96376801e-01 3.24670017e-01 6.81475997e-01
    1.13005495e+00 1.99476957e-01 2.27141440e-01 1.34828115e+00
    8.07600498e-01 9.42401886e-01 1.15199697e+00 4.73631501e-01
    -5.98027110e-02 1.21901822e+00 4.10399139e-01 -2.74890959e-01
    1.26610613e+00 1.23202574e+00 6.18457198e-02 1.13306046e+00
    -4.20650095e-01 1.12765682e+00 1.05167460e+00 1.86369121e-01
    2.92261779e-01 7.05825448e-01 -6.81304932e-02 1.16566396e+00
    9.97903824e-01 1.27348149e+00 -1.51600093e-01 1.86783791e-01
    -1.65707201e-01 7.65052438e-01 5.51057458e-02 9.03069735e-01
    -1.59251690e-03 8.96598339e-01 9.23338175e-01 6.22586370e-01
    1.13029599e+00 -2.56558746e-01 8.87885392e-01 3.82572412e-03
    1.25002205e-01 1.10424519e-01 4.28050041e-01 1.24326992e+00
    2.39315093e-01 -1.39172286e-01 4.58157539e-01 4.36062813e-02
    1.14910042e+00 1.72107399e-01 -2.51815021e-02 2.19502151e-02
    4.54248428e-01 -1.45939320e-01 -2.20280334e-01 1.85295045e-02
    -1.99328110e-01 6.71578646e-01 8.33066225e-01 8.32098246e-01
    1.11745381e+00 1.51577532e-01 4.49479163e-01 -1.63185045e-01
    7.46707559e-01 1.21370482e+00 -3.59687924e-01 1.17390501e+00
    1.57486320e-01 4.55546618e-01 3.20044696e-01 -4.89053428e-02
    -1.92359343e-01 5.68609953e-01 7.38120615e-01 -2.12872446e-01
    9.90209281e-02 2.82935977e-01 -1.34490147e-01 4.10083830e-02
    -3.55629027e-02 -2.92344153e-01 3.02721858e-01 3.16366494e-01
    5.98162174e-01 4.88451958e-01 1.36785841e+00 5.77694774e-02
    1.82666123e-01 -1.08898818e-01 7.03268647e-01 2.18704879e-01
    -3.14696878e-01 1.21040857e+00 -3.70586902e-01 -1.47803634e-01
    1.26580358e+00 4.75966454e-01 -2.23915055e-01 6.99538231e-01
    1.72911882e-01 -2.67528892e-02 7.46029258e-01 1.20237541e+00
    8.90757203e-01 -1.75250262e-01 2.55913883e-01 -9.23358798e-02
    -2.00151503e-01 1.16895986e+00 5.67067146e-01 6.49804950e-01
    5.74733377e-01 3.59930336e-01 1.05658412e-01 8.12277794e-01
    -7.53896832e-02 -1.80470198e-01 1.19544554e+00 -4.95453775e-01
    7.57765949e-01 4.64940965e-01 1.10580790e+00 -1.16350874e-01
    7.91120708e-01 6.14221632e-01 -1.68136746e-01 6.83506727e-02
    -7.68033862e-02 5.54450512e-01 -3.35165769e-01 7.08745301e-01
    4.18674350e-01 2.53714442e-01 -2.34994113e-01 8.96560431e-01
    9.67557669e-01 -8.54433775e-02 -1.55938148e-01 1.82997525e-01
    1.24341273e+00 1.32879150e+00 -4.42927241e-01 8.30932677e-01
    4.27429259e-01 -2.13200718e-01 1.09739435e+00 -1.24398112e-01
    -7.96672702e-03 1.20554793e+00 -2.08499566e-01 -6.52695894e-02
    4.34212089e-02 1.25848401e+00 1.04730701e+00 -5.54286838e-02
    1.10520446e+00 1.34815753e-01 1.59733057e-01 2.89799273e-02
    6.77513599e-01 8.19335938e-01 1.16389227e+00 -9.85575318e-02
    -1.01476967e-01 1.01644504e+00 8.68296862e-01 7.59038329e-03
    4.30586040e-02 -1.58441126e-01 3.16114843e-01 1.02364969e+00
    7.31388450e-01 1.16118324e+00 -2.34317660e-01 3.68975103e-01
    2.49218464e-01 -1.06489092e-01 2.76737869e-01 6.61791503e-01
    5.21453679e-01 1.22586918e+00 -4.47382867e-01 1.52819455e+00
    -2.61085510e-01 1.08063459e+00 1.10643923e-01 1.01506031e+00
    -4.73705053e-01 1.01491284e+00 1.70527697e-01 4.79492486e-01
    4.66004133e-01 -2.55858213e-01 1.35133851e+00 1.28583443e+00
    -5.63109517e-02 -4.27927166e-01 9.70726013e-01 1.13276279e+00
    -3.32093239e-02 5.36272287e-01 1.68441057e-01 2.64585257e-01
    1.29983652e+00 -2.26053998e-01 3.53419065e-01 1.11882687e+00
    4.98345613e-01 6.82967305e-01 1.24286461e+00 8.18201184e-01
    1.23616576e+00 -1.23417467e-01 1.23744297e+00 5.20058870e-02
    -1.40499771e-01 1.29516923e+00 -3.11320841e-01 1.32140040e-01
    1.80959404e-01 1.22138786e+00 -1.46531343e-01 5.25761068e-01
    1.03495133e+00 8.43931198e-01 3.07582080e-01 6.20323062e-01
    9.08619761e-01 1.05348742e+00 1.28396177e+00 2.75413454e-01
    -1.29358143e-01 9.34191704e-01 1.22297740e+00 3.14855337e-01
    8.45238805e-01 7.79258609e-01 6.39297247e-01 1.27169514e+00
    7.25449443e-01 9.83308077e-01 1.04394412e+00 5.73362947e-01
    1.11579239e+00 2.47304440e-02 1.19154716e+00 8.08956742e-01
    5.66689968e-01 5.12380123e-01 -1.72984362e-01 9.01210666e-01
    1.26604021e+00 -1.93193555e-02 2.81719327e-01 2.05920935e-01
    8.93032551e-01 -2.01956630e-02 1.17914468e-01 8.15934420e-01
    8.36720943e-01 4.13024664e-01 7.47397065e-01 8.00499320e-02
    -1.43825173e-01 9.19339657e-01 2.27074623e-01 -2.06674308e-01
    1.26232243e+00 -2.48856276e-01 5.29469013e-01 1.12719893e-01
    6.19378388e-01 7.90524006e-01 9.33792949e-01 1.26084769e+00
    1.57835662e-01 1.12486601e+00 9.16674614e-01 -4.32186872e-01
    1.15098548e+00 -1.30606592e-01 1.81481034e-01 3.54178011e-01
    5.77296495e-01 8.64836216e-01 8.54232609e-01 -3.73700827e-01
    1.04174840e+00 6.82912111e-01 1.19173682e+00 1.79850459e-01
    1.16894698e+00 3.55076015e-01 -2.87146270e-01 8.67720723e-01
    8.74825001e-01 7.09861517e-01 7.24150002e-01 -1.10451460e-01
    2.56211281e-01 8.97045195e-01 5.38641214e-03 -4.12167013e-02
    3.09219003e-01 1.09775066e-02 1.21958840e+00 -2.15754777e-01
    6.95770741e-01 1.12479949e+00 6.31186783e-01 2.85967946e-01
    1.15708280e+00 -4.40945029e-02 4.06829655e-01 3.29098225e-01
    1.12997007e+00 7.47303128e-01 1.21669590e+00 -8.59707296e-02
    3.33144665e-01 7.98883200e-01 2.55104125e-01 1.08140576e+00
    8.49880576e-01 7.62432694e-01 9.03376460e-01 2.70306706e-01
    -2.29742974e-02 1.92197621e-01 1.30039722e-01 4.62516546e-01
    4.50789630e-02 6.94496632e-01 2.42486358e-01 4.04239714e-01
    1.14786685e+00 1.14103556e+00 2.92079568e-01 2.41538823e-01
    1.05027139e+00 4.19017792e-01 -2.17112914e-01 2.67326832e-04
    1.21166575e+00 1.21493959e+00 6.37042165e-01 4.84635353e-01
    9.15280223e-01 5.00270128e-01 1.33921373e+00 3.74854326e-01
    6.86467648e-01 1.00198078e+00 6.01447999e-01 -1.76482335e-01
    -1.47409528e-01 -1.29570991e-01 -1.76679373e-01 -3.56458724e-02
    8.89316797e-02 1.07001841e+00 5.09111345e-01 1.34123385e-01
    9.50349331e-01 9.76677775e-01 8.67977023e-01 2.60384679e-02
    8.90584469e-01 5.95185637e-01 7.72203684e-01 1.30619848e+00
    1.86734617e-01 4.09005940e-01 -8.08423758e-03 1.41361308e+00
    3.02914798e-01 -7.95148611e-02 7.78609931e-01 -9.19598341e-02
    2.10251808e-02 -1.76910639e-01 7.86139965e-01 1.15324974e+00
    1.27076924e+00 2.58323133e-01 1.10969138e+00 1.01130307e+00
    3.69569659e-01 1.02126634e+00 8.96722794e-01 1.10186827e+00
    1.01696873e+00 2.24511623e-01 1.45175898e+00 5.26889086e-01
    -2.83925533e-02 7.51945376e-01 1.29769564e-01 -1.35583133e-01
    9.72745776e-01 7.31593132e-01 5.40395617e-01 -1.34426355e-01
    1.92696899e-01 2.65554249e-01 8.28375995e-01 -3.53433192e-01
    1.22833908e+00 2.31606841e-01 4.83136237e-01 6.81846082e-01
    7.26340950e-01 1.66881025e-01 7.72496879e-01 3.45966816e-02
    7.80619442e-01 4.05372858e-01 1.19749606e+00 1.19739819e+00
    4.18663383e-01 4.05476928e-01 4.59175706e-01 1.54543340e-01
    8.45989227e-01 1.01384068e+00 2.93297887e-01 1.26038229e+00
    2.00861454e-01 7.36121893e-01 -2.38072544e-01 1.07495117e+00
    7.77115583e-01 5.02738535e-01 -9.28315818e-02 3.50696981e-01
    5.64103544e-01 1.33538842e-02 1.03973794e+00 -4.45667505e-02
    6.79590106e-01 -6.51035309e-02 -1.05676293e-01 1.24536467e+00
    5.81489503e-01 6.81811690e-01 8.51044059e-02 1.30131674e+00
    2.07875967e-02 6.42010152e-01 3.37277055e-02 6.08445346e-01
    1.09112620e+00 1.15585673e+00 3.00484180e-01 3.74549627e-03
    2.23068178e-01 8.21693778e-01 2.06829488e-01 -2.39538878e-01
    -8.26827884e-02 8.75414014e-02 1.21866274e+00 1.10595751e+00
    -3.48518074e-01 1.05906248e+00 9.76809859e-01 9.50647712e-01
    1.19805276e-01 2.67360806e-02 5.58153331e-01 -9.03934836e-02
    1.14073575e+00 -9.01054740e-02 8.31182837e-01 -1.14413261e-01
    4.57323492e-01 1.07490456e+00 1.28230011e+00 -3.10010850e-01
    8.54233384e-01 -1.34320229e-01 4.74090993e-01 8.40357065e-01
    -2.50318497e-01 3.81191730e-01 9.38925743e-01 -3.95695329e-01
    1.32439709e+00 -9.63220596e-02 7.46992350e-01 1.04513550e+00
    9.23539162e-01 9.85968590e-01 -2.33245581e-01 8.40241432e-01
    1.20982730e+00 -8.90654325e-02 8.01777840e-01 5.35022259e-01
    7.28224754e-01 2.67669678e-01 1.16236567e+00 9.77277040e-01
    1.40149057e-01 1.21799290e-01 5.37631691e-01 -4.50543761e-02
    1.06169784e+00 1.23025095e+00 2.59111106e-01 -1.23932809e-01
    1.12169933e+00 1.20239508e+00 -1.06061459e-01 -3.46917152e-01
    9.99891281e-01 6.33954346e-01 2.26077259e-01 2.18308270e-02
    8.56480956e-01 5.34628510e-01 8.38446736e-01 7.25547194e-01
    1.86606228e-01 -5.66045195e-02 2.38909900e-01 1.15673864e+00
    4.69372094e-01 8.94655943e-01 5.07584691e-01 2.11155355e-01
    8.20386410e-03 1.26193500e+00 -4.41358149e-01 2.50503361e-01
    7.83762932e-01 9.64617729e-01 3.23650897e-01 -1.58802271e-01
    1.28884840e+00 -4.11343366e-01 3.85260284e-01 5.38894773e-01
    1.04243326e+00 -4.85224575e-01 1.29334295e+00 -2.17680216e-01
    1.26696253e+00 6.42539620e-01 6.69537246e-01 7.44817019e-01
    7.05353975e-01 6.92901134e-01 -7.03155994e-02 1.05214655e+00
    6.38617873e-01 4.98276711e-01 5.83305836e-01 6.00063026e-01
    1.09025419e+00 5.84594011e-01 1.06540942e+00 8.40148807e-01
    1.21582127e+00 1.36324704e-01 6.78937078e-01 1.80318177e-01
    1.19026542e+00 4.10454750e-01 7.85678029e-01 2.40855515e-01
    4.58521903e-01 5.29065609e-01 1.80068314e-01 5.66440880e-01
    3.67369413e-01 1.03980231e+00 5.62384129e-02 -1.95542485e-01
    8.14683437e-01 7.06737518e-01 1.21370149e+00 6.72699213e-01
    2.86402047e-01 1.03576601e-01 1.43516898e-01 3.82495105e-01
    1.91240847e-01 3.95001292e-01 1.75846338e-01 1.21588540e+00
    6.91399455e-01 -8.77915025e-02 8.83968830e-01 5.55963099e-01
    3.95944118e-02 6.05392814e-01 6.48051739e-01 1.56034291e-01
    5.19643962e-01 1.14343643e+00 -1.65644169e-01 -5.60936332e-02
    -6.34221435e-02 6.10480070e-01 2.04173505e-01 8.17344904e-01
    1.12297487e+00 1.04326260e+00 -1.69474438e-01 7.65885174e-01
    5.87103128e-01 9.53034163e-01 1.09498739e+00 5.24189770e-01
    -1.58640414e-01 8.14458489e-01 1.07258344e+00 9.56825614e-01
    5.58732986e-01 -2.68870652e-01 -1.49741620e-01 8.69411469e-01
    5.94084024e-01 -1.84088439e-01 4.48479056e-01 -2.43849635e-01
    1.32591999e+00 2.87671387e-01 6.35667861e-01 7.89092898e-01
    2.20261633e-01 1.08248305e+00 2.91426897e-01 -6.48177862e-02
    6.06208444e-01 7.85386682e-01 1.03556585e+00 9.66300249e-01
    -1.65863752e-01 1.26705301e+00 6.54056668e-02 6.27871394e-01
    1.20160234e+00 7.42660046e-01 1.08550704e+00 7.48867512e-01
    9.24975157e-01 8.27936292e-01 -3.17951351e-01 -1.42721266e-01
    6.24513686e-01 8.88958812e-01 1.04504538e+00 5.54020047e-01
    9.97706413e-01 6.56572342e-01 5.60791790e-01 -4.01180983e-03
    -2.71826118e-01 1.15562344e+00 5.51521778e-04 1.10943758e+00
    1.13627315e+00 8.56343865e-01 5.45035601e-01 -4.02736664e-03
    -1.81078047e-01 1.21210527e+00 3.78066182e-01 7.32367814e-01
    -2.05937281e-01 1.38381928e-01 -2.37182841e-01 8.28312516e-01
    2.42751777e-01 8.68504703e-01 -8.24605227e-02 5.72323620e-01
    -6.98668957e-02 1.30589867e+00 9.80418563e-01 -7.99896419e-02
    -1.35884583e-01 1.20763457e+00 -3.54322374e-01 6.00021124e-01
    1.16955411e+00 9.22996521e-01 -3.78756523e-02 9.03066397e-01
    1.00317264e+00 2.14570105e-01 4.37221825e-01 7.64547408e-01
    -2.02748343e-01 8.07097793e-01 9.13393259e-01 2.13351130e-01
    2.93996513e-01 5.33828616e-01 7.05461919e-01 1.70118988e-01
    8.89849544e-01 8.74228120e-01 8.95412326e-01 3.97501826e-01
    5.00312090e-01 -1.87610239e-01 2.69069314e-01 9.26008999e-01
    1.65847301e-01 1.02388608e+00 5.99005342e-01 1.28947687e+00
    2.01277196e-01 1.01937068e+00 1.36357963e-01 1.68884873e-01
    1.01815069e+00 3.00038934e-01 -2.77238727e-01 1.01776040e+00
    3.22442651e-01 9.03708577e-01 6.83690548e-01 7.73408771e-01
    1.01136160e+00 6.71879411e-01 3.66653562e-01 1.29203999e+00
    3.14133763e-01 2.11717010e-01 1.14840436e+00 -2.25943923e-02
    1.00424242e+00 -2.55819738e-01 3.79684389e-01 1.29068172e+00
    4.97306585e-01 1.15509856e+00 9.83803511e-01 8.88672471e-01
    -1.50922358e-01 4.71228778e-01 4.42737341e-01 3.39716911e-01
    9.76324081e-03 3.43735218e-01 1.14018476e+00 -3.54593992e-01
    1.04985714e+00 5.44174314e-01 1.86975181e-01 9.87869501e-03
    3.95948470e-01 1.29249907e+00 -1.85991079e-01 2.70512521e-01
    1.24885440e-02 1.33310437e+00 -3.29450130e-01 6.94161654e-01
    9.88271713e-01 9.40277576e-01 3.27062786e-01 4.53242362e-01
    -1.67635381e-01 9.89310503e-01 9.77577806e-01 1.22029805e+00
    1.08673930e+00 -4.54516113e-02 6.06261373e-01 1.19925112e-01
    1.81368530e-01 1.15942359e+00 7.80730844e-01 6.05114460e-01
    -1.20588541e-02 3.15329581e-01 1.46077573e-01 8.31907153e-01
    -6.76552355e-02 1.25276887e+00 7.93042183e-01 5.11604190e-01
    1.18706727e+00 5.89133263e-01 1.15517890e+00 4.37655091e-01
    1.11543477e+00 -2.15474337e-01 3.81533861e-01 7.30077982e-01
    -1.31668627e-01 1.38043880e+00 6.02138638e-01 4.30315733e-01
    5.66154122e-01 8.39408875e-01 3.44660103e-01 4.16780770e-01
    -3.91914666e-01 1.27893364e+00 -1.66377097e-01 9.01857376e-01
    7.09882617e-01 1.09986830e+00 3.07090640e-01 -5.36918938e-02
    -7.39968717e-02 1.34819043e+00 -3.17302257e-01 4.99012291e-01
    4.67935443e-01 9.04559970e-01 1.68702424e-01 3.59192371e-01
    -3.47197920e-01 8.67172122e-01 4.52181101e-02 3.31613421e-02
    2.79494464e-01 1.07310390e+00 8.95215273e-01 1.09094405e+00
    -6.00857139e-02 5.25123715e-01 6.73588037e-01 1.18892372e+00
    1.84623659e-01 -9.63518620e-02 1.27078652e+00 2.25489020e-01
    7.57481456e-01 5.05849600e-01 4.96182442e-02 8.47619534e-01
    5.09653330e-01 1.14647305e+00 1.21550179e+00 2.88574576e-01
    1.04430950e+00 -3.21779251e-01 1.34194887e+00 -3.98746967e-01
    6.01911783e-01 6.24568284e-01 1.17751253e+00 3.04254591e-01
    5.30095458e-01 6.85588598e-01 8.21344972e-01 6.02205992e-02
    -3.82372618e-01 1.00616944e+00 -3.56806487e-01 3.54007542e-01
    -1.11081108e-01 1.97401643e-02 8.48634005e-01 3.50062251e-01
    9.73930359e-01 -2.31289595e-01 -8.71394724e-02 -1.55020952e-02
    9.53322530e-01 1.97291970e-02 4.58122849e-01 9.41524386e-01
    5.81409931e-02 1.11504149e+00 -6.40173554e-02 6.06023431e-01
    3.46444368e-01 1.00201046e+00 1.20918667e+00 6.52454734e-01
    4.48341250e-01 3.67818117e-01 1.59710288e-01 1.20412529e+00
    7.40333080e-01 7.97164440e-01 2.15264916e-01 8.65324557e-01
    -9.91871655e-02 1.75116420e-01 1.07509398e+00 5.95383406e-01
    1.14642894e+00 -3.22750807e-02 1.06785882e+00 9.03177738e-01
    7.72707343e-01 6.18004799e-01 1.83648467e-02 9.48664665e-01
    5.37595749e-01 6.31641865e-01 -3.12916607e-01 1.13163984e+00
    7.64389038e-02 -1.12940848e-01 3.37129176e-01 1.22396326e+00
    3.61010432e-02 2.08549082e-01 3.81806433e-01 4.95190203e-01
    9.45205331e-01 1.30483150e-01 1.27446413e+00 -1.50389135e-01
    1.04204893e+00 1.56094253e-01 1.26724958e+00 1.63414955e-01
    1.21101868e+00 -3.21218550e-01 7.71453500e-01 1.11149848e+00
    -9.16177034e-03 1.08067799e+00 5.84713221e-01 1.04148507e+00
    6.50556087e-01 4.72796798e-01 2.25482941e-01 1.01421201e+00
    -2.34675318e-01 7.35430002e-01 -2.99079418e-02 1.45189643e+00
    -3.20225060e-02 1.41315460e-01 5.36769211e-01 9.09741521e-02
    6.33874416e-01 -8.00609589e-02 1.21819603e+00 5.22008777e-01
    -9.35806632e-02 7.36790895e-01 3.40898752e-01 2.72612512e-01
    5.27966142e-01 8.24976742e-01 4.37937915e-01 1.87294960e-01
    6.12155557e-01 -4.06154633e-01 1.18439686e+00 1.05167282e+00
    2.03678250e-01 1.69563890e-01 1.27106607e-01 6.00351751e-01
    2.84997225e-02 1.37101948e+00 -7.46762156e-02 8.98610830e-01
    1.90331221e-01 1.20039642e+00 8.50273669e-02 -2.95345604e-01
    8.96010101e-01 8.78493428e-01 -8.08476508e-02 7.90817857e-01
    7.27698088e-01 -1.29091203e-01 1.45650208e-01 8.99721861e-01
    9.59549904e-01 5.36649942e-01 5.85288644e-01 8.83677840e-01
    1.03704870e+00 2.21937776e-01 3.58466685e-01 1.14207721e+00
    7.83323050e-01 1.02073610e+00 2.06787467e-01 -1.16228402e-01
    2.93455839e-01 3.04999709e-01 8.02037835e-01 6.12935662e-01
    7.65936553e-01 1.49343729e-01 6.71835303e-01 8.97538781e-01
    -3.55906188e-01 -1.34791017e-01 1.06937909e+00 1.01033056e+00
    -2.02967778e-01 4.43068445e-01 -1.30337566e-01 1.24688923e-01
    2.66593158e-01 7.32949376e-02 9.49902534e-01 5.08901834e-01
    5.14882565e-01 1.13689005e+00 6.69292033e-01 -2.15029925e-01
    1.31531262e+00 1.83979869e-01 9.88838077e-02 1.31157660e+00
    2.34782338e-01 2.19803989e-01 8.93109083e-01 9.59318042e-01
    5.84175587e-01 -3.80195379e-01 1.21748006e+00 1.12279630e+00
    1.10547173e+00 2.28818834e-01 -1.04304969e-01 1.48748577e-01
    5.82899332e-01 -1.62228942e-01 7.81343877e-02 -2.03748345e-02
    1.77377790e-01 6.68276012e-01 4.60324287e-02 7.87277877e-01
    -7.98670948e-02 3.51018488e-01 1.21792603e+00 -3.00614536e-01
    -1.72396451e-02 -6.17178082e-02 8.35093021e-01 1.18413067e+00
    4.71436381e-01 1.21291435e+00 1.19411528e-01 1.48089826e-01
    8.79049301e-03 9.14593577e-01 -9.97543335e-02 1.43326747e+00
    1.04514420e-01 6.81722164e-01 1.09568191e+00 -3.11528772e-01
    1.07612669e+00 -1.40209198e-01 1.36656582e+00 -3.64190519e-01
    1.06517637e+00 7.39285111e-01 3.44242990e-01 5.96999884e-01
    8.45420957e-01 6.13786221e-01 -2.98287809e-01 5.48580945e-01
    4.08303916e-01 8.29116940e-01 3.56836855e-01 6.18053436e-01
    1.07410872e+00 3.10336113e-01 -3.94217968e-02 3.61343265e-01
    4.19101954e-01 1.31708384e-02 1.05719447e+00 4.14025843e-01
    1.04119527e+00 9.20943260e-01 1.08917809e+00 2.94362426e-01
    1.14203310e+00 1.12757599e+00 -1.15029603e-01 2.73653507e-01
    -2.09067643e-01 1.17845011e+00 1.15105581e+00 -2.88054526e-01
    4.67187583e-01 3.81983280e-01 -2.34439671e-01 1.34313500e+00
    1.85218096e-01 4.64267135e-01 5.61433792e-01 -1.06469929e-01
    2.91100621e-01 1.14822710e+00 5.19160986e-01 7.32985139e-02
    1.30016220e+00 4.20582294e-02 -1.61076874e-01 1.21622396e+00
    1.04445958e+00 1.09754825e+00 4.47756886e-01 9.85834718e-01
    9.70927358e-01 5.00102401e-01 1.27556908e+00 1.11114037e+00
    -1.73324674e-01 7.93827474e-01 7.56829858e-01 5.64493299e-01
    7.31917322e-01 -8.25580955e-02 8.91273439e-01 1.87324822e-01
    8.10526729e-01 4.02111411e-02 9.06841993e-01 -2.28627801e-01
    7.08884597e-01 1.08455157e+00 -8.50170255e-02 7.20714688e-01
    8.50283146e-01 -1.78384781e-03 -2.44046971e-01 3.67156565e-02
    5.18478036e-01 6.57914877e-01 8.48356843e-01 4.18275595e-01
    8.71956348e-01 5.62372327e-01 1.31051731e+00 -2.43643135e-01
    4.70132530e-01 6.08291149e-01 4.89552259e-01 1.11556864e+00
    1.19004691e+00 3.26107860e-01 7.58367062e-01 -3.85285735e-01
    2.86082029e-01 3.19652140e-01 8.92963171e-01 -3.96965742e-02
    1.90229058e-01 7.82346129e-01 -1.44886866e-01 -1.67908713e-01
    3.01483661e-01 -1.90833807e-02 9.96876240e-01 5.92940807e-01
    4.98160481e-01 8.37925315e-01 -2.73401588e-01 1.30273759e-01
    2.38880873e-01 3.83398592e-01 -4.23236310e-01 1.04072630e+00
    -3.25301886e-01 1.00155830e+00 -1.57892317e-01 1.13964200e+00
    7.98354149e-02 2.10603178e-01 -1.52808428e-03 9.78701472e-01
    2.12639391e-01 -2.49766260e-01 8.72016490e-01 -2.79848963e-01
    1.31710184e+00 9.46572542e-01 -2.94927001e-01 7.19423056e-01
    4.73915219e-01 1.47706509e-01 7.07316101e-02 -1.58008859e-01
    2.43436337e-01 2.86202967e-01 1.06385565e+00 6.07650399e-01
    6.15372658e-01 1.21326268e+00 -1.16024911e-01 1.36205876e+00
    -1.21379852e-01 6.08249784e-01 9.44224596e-01 1.07898140e+00
    5.52646816e-01 -7.53593743e-02 2.37716556e-01 -2.17251182e-02
    5.41133285e-02 1.36503589e+00 1.50722861e-01 9.51408982e-01
    7.53613830e-01 -2.98925549e-01 6.74875557e-01 7.88125217e-01
    -2.42488056e-01 2.10366428e-01 4.90550995e-01 2.79325843e-02
    4.11200106e-01 6.17843986e-01 1.39974356e-01 9.50833797e-01
    -3.81178170e-01 -2.25190520e-02 -1.04964375e-02 3.75454962e-01
    1.09896910e+00 6.30345583e-01 -1.33996964e-01 9.34427857e-01
    1.05627179e-01 -3.61530006e-01 1.31652117e+00 -1.11344874e-01
    5.14345467e-01 2.67297387e-01 8.26118350e-01 7.54403710e-01
    -7.69920945e-02 4.10276830e-01 6.00578785e-02 4.09328222e-01
    2.57998824e-01 9.55804586e-01 5.29927075e-01 1.13967240e+00
    8.14300776e-03 -6.09005690e-02 4.20027196e-01 1.18769228e-01
    1.23984277e+00 1.21210241e+00 -2.99827099e-01 1.67002678e-02
    1.02150512e+00 -3.33834648e-01 1.27071428e+00 8.03521037e-01
    -2.96032667e-01 8.90865266e-01 6.08664334e-01 -3.71906221e-01
    4.24570024e-01 9.77976799e-01 1.30495846e-01 9.61036682e-01
    3.42958689e-01 -1.01767331e-01 1.12858224e+00 -1.62746221e-01
    9.00831997e-01 -4.24596906e-01 1.45773220e+00 -4.25834239e-01
    1.13071251e+00 1.30611050e+00 9.39873457e-01 -1.56884134e-01
    1.27929139e+00 -4.43291068e-02 9.14655924e-02 1.23611963e+00
    1.17338812e+00 1.22705817e+00 8.13882113e-01 -1.68329120e-01
    4.13601041e-01 2.14114785e-01 1.26622605e+00 2.60004997e-01
    4.91343200e-01 -2.64987051e-01 2.22111404e-01 5.75252891e-01
    9.59097743e-02 7.63481021e-01 1.17481613e+00 -1.52878165e-01
    1.18994558e+00 -2.77845860e-02 2.11307883e-01 7.38202751e-01
    1.04653502e+00 1.14771688e+00 2.72584558e-02 -2.07384184e-01
    4.38909054e-01 7.90091991e-01 9.42420721e-01 -3.95069599e-01
    1.31931126e+00 3.73924375e-02 -3.55899751e-01 1.28810024e+00
    5.68542719e-01 3.45075607e-01 5.56492627e-01 -2.10166857e-01
    -1.56273842e-01 6.47216678e-01 4.43823159e-01 5.95351815e-01
    4.59364772e-01 3.86000216e-01 -3.20041627e-01 1.01445127e+00
    1.44510746e-01 5.60075402e-01 1.11883473e+00 4.85925913e-01
    6.44417167e-01 2.89849937e-01 1.16055870e+00 -4.17386353e-01
    9.89283562e-01 4.09857094e-01 3.31997037e-01 6.66224122e-01
    1.13057077e+00 -3.17554295e-01 8.38403523e-01 -2.40480110e-01
    1.19309998e+00 1.05929494e+00 -2.04889357e-01 1.31042361e+00
    -9.14430916e-02 9.72498357e-02 3.34020168e-01 -7.95946717e-02
    6.08377695e-01 7.23580003e-01 5.42899847e-01 1.23861003e+00
    -2.62260526e-01 5.15667617e-01 4.76852417e-01 1.15014410e+00
    1.01336312e+00 2.11739540e-02 3.50854039e-01 1.21555865e+00
    -2.17564702e-02 8.40031981e-01 9.22635913e-01 1.00592494e-01
    4.11783576e-01 9.75586057e-01 7.47043133e-01 3.78616452e-01
    1.17368758e+00 3.08587313e-01 7.54410148e-01 1.62731707e-01
    -7.11104870e-02 1.12981379e+00 -4.08298433e-01 6.45227790e-01
    5.37075877e-01 1.18103123e+00 7.06326604e-01 9.46652889e-01
    7.51994371e-01 -1.83205277e-01 1.29597640e+00 -1.36765689e-01
    1.98729515e-01 8.44639063e-01 -3.53819430e-02 6.43315613e-01
    -2.52063602e-01 1.35681641e+00 8.38204026e-02 1.02974808e+00
    6.58234119e-01 -2.97045559e-01 1.10156751e+00 8.75557423e-01
    1.08437181e+00 1.29866731e+00 -2.11003423e-01 3.91525269e-01
    2.73720562e-01 1.93450153e-01 7.68522859e-01 3.17201674e-01
    1.19003820e+00 2.23774076e-01 5.78539968e-01 4.45369959e-01
    9.78553057e-01 1.15186620e+00 5.18553257e-01 4.59033608e-01
    1.01033568e-01 4.11577582e-01 -9.80077386e-02 8.81878972e-01
    5.64848542e-01 -3.50619227e-01 1.35870075e+00 -3.57808322e-01
    1.08105600e+00 1.50064886e-01 1.31199813e+00 7.24433780e-01
    5.06132126e-01 1.19882178e+00 -1.76192909e-01 8.04963589e-01
    6.55725360e-01 -2.93096900e-01 1.38771069e+00 2.26461887e-03
    9.17909861e-01 1.30236876e+00 2.79574990e-01 1.13598347e-01
    7.05559790e-01 -2.93302208e-01 7.53213346e-01 -3.69921535e-01
    9.31111693e-01 1.15964007e+00 -1.99166834e-01 4.81714606e-01
    1.03109288e+00 3.39230478e-01 7.89925396e-01 -1.36786610e-01
    4.28352416e-01 1.17276382e+00 1.08760118e+00 4.57660079e-01
    4.02853429e-01 9.97563958e-01 1.22284675e+00 4.40059900e-02
    -1.30859345e-01 7.69771159e-01 1.21086073e+00 2.17397690e-01
    -1.18524730e-01 2.03349829e-01 1.12861514e+00 3.68920147e-01
    5.53386331e-01 6.36384606e-01 1.46979392e-02 -1.39435530e-02
    7.99396396e-01 1.04076946e+00 7.07799196e-01 1.33732915e+00
    5.61141849e-01 5.84089875e-01 2.13154554e-02 5.80194414e-01
    1.11424387e+00 9.17221069e-01 8.21621537e-01 1.88727081e-01
    -2.53168911e-01 7.22206712e-01 1.17676604e+00 7.47941971e-01
    -2.19590336e-01 6.70932591e-01 9.55305576e-01 6.98396862e-01
    -2.24333286e-01 9.14863408e-01 5.03252506e-01 8.42704535e-01
    -2.50654817e-01 1.44395578e+00 8.59418392e-01 8.78546596e-01
    2.20193863e-01 -3.10032278e-01 -1.47078335e-02 -2.28632495e-01
    1.47077572e+00 -8.00728798e-03 8.37394118e-01 1.19967496e+00
    -1.18076324e-01 3.03723514e-01 8.55656862e-01 -2.40971804e-01
    7.36686409e-01 9.99562442e-01 -4.05918300e-01 7.45856881e-01
    7.48159707e-01 2.45504200e-01 6.46881819e-01 1.17997706e+00
    1.17347777e-01 1.23554528e+00 2.44396925e-03 3.85360718e-01
    4.71049070e-01 5.42271793e-01 6.55101895e-01 1.81043863e-01
    3.48301530e-01 1.24511647e+00 -9.50753093e-02 9.03483391e-01
    5.02737761e-01 -2.54701287e-01 -2.29082137e-01 8.10948491e-01
    1.12347519e+00 3.77209723e-01 8.97900581e-01 5.66890001e-01
    2.40262628e-01 5.12270570e-01 -3.82711500e-01 5.00425041e-01
    3.07331264e-01 8.65773559e-01 -1.15059018e-02 1.72898769e-02
    -3.21225524e-02 9.95259345e-01 2.14228928e-01 8.62480640e-01
    1.18685591e+00 7.06101418e-01 -6.12474680e-02 7.79791713e-01
    9.97537136e-01 8.32949281e-01 -1.88148454e-01 2.75034964e-01
    5.23484230e-01 9.16440725e-01 9.68788981e-01 2.47895718e-03
    8.47860098e-01 8.76188159e-01 2.66111791e-01 1.10348785e+00
    8.38381648e-01 2.15804994e-01 1.21102273e+00 4.93170619e-01
    2.08626628e-01 -3.39067042e-01 1.32174671e+00 -2.14028180e-01
    2.55384803e-01 5.03127396e-01 1.68465614e-01 -2.30691940e-01
    1.08830321e+00 7.25458503e-01 6.52251482e-01 1.17592216e+00
    4.61403310e-01 -4.90534306e-02 3.71811271e-01 5.41482270e-01
    1.08127594e+00 1.16336584e+00 9.30963397e-01 3.92336786e-01
    3.61055136e-03 3.19987774e-01 5.46820283e-01 -1.15783155e-01
    6.36825085e-01 1.22778749e+00 3.96678448e-02 -1.44340545e-01
    1.19416380e+00 6.96226358e-02 1.28742099e+00 5.31093597e-01
    7.70275593e-02 5.93034923e-01 4.73103881e-01 1.72876239e-01
    -5.26990294e-02 7.92320013e-01 1.07233262e+00 9.18335319e-01
    1.21755981e+00 1.23304451e+00 -3.65052372e-01 -1.64854348e-01
    8.46512437e-01 3.15417886e-01 1.16779935e+00 3.93055916e-01
    6.27083182e-02 1.15002871e+00 1.13383412e+00 3.77340317e-01
    1.00433433e+00 3.13055933e-01 -3.09362233e-01 6.79427564e-01
    -1.85220450e-01 -8.00800920e-02 3.10391843e-01 1.07027268e+00
    1.05491304e+00 6.61431193e-01 7.98179030e-01 1.10228491e+00
    -2.30030209e-01 5.50536156e-01 1.12382531e+00 -1.26202494e-01
    4.21024978e-01 -1.97751269e-01 2.42552936e-01 2.03958094e-01
    1.05896378e+00 6.46020770e-01 8.77029657e-01 8.24916959e-01
    1.33648503e+00 -1.21693552e-01 -9.87169743e-02 8.79501820e-01
    5.27585983e-01 5.58277965e-01 8.11559916e-01 9.38709974e-01
    8.99625659e-01 3.97622705e-01 -2.94508636e-02 -1.58843100e-02
    2.76733756e-01 1.28604782e+00 7.34264374e-01 3.99374962e-03
    6.71690166e-01 -4.11628187e-02 9.47856426e-01 3.59669089e-01
    -2.53450811e-01 1.24673736e+00 1.13602841e+00 9.11866546e-01
    9.94310975e-01 1.82815075e-01 1.44036376e+00 5.18165231e-02
    6.00044727e-01 2.73700953e-01 4.89551425e-01 1.10086071e+00
    5.13042092e-01 4.41335380e-01 7.00152576e-01 -3.65562290e-01
    1.14951527e+00 5.91360748e-01 4.53805029e-01 8.79116297e-01
    -4.04275894e-01 1.20653129e+00 9.00475383e-01 5.90096712e-01
    1.01994264e+00 -2.18979269e-01 4.65231776e-01 6.38050914e-01
    6.78013086e-01 2.51028359e-01 8.32547903e-01 5.48113704e-01
    -3.89208496e-01 1.20345592e+00 9.95103359e-01 7.90079594e-01
    -3.40038091e-01 5.40730059e-02 -2.82083750e-02 8.30876708e-01
    4.41488445e-01 -3.69918227e-01 9.14276242e-01 -9.04095173e-03
    1.43308520e+00 -3.84074360e-01 3.36623192e-01 8.22991490e-01
    3.56991470e-01 3.11344683e-01 1.17279398e+00 5.01417398e-01
    1.11969364e+00 5.78847289e-01 -1.94782019e-03 7.44762301e-01
    2.71779120e-01 1.21467328e+00 -1.78188980e-01 1.01036942e+00
    5.54933310e-01 2.34995067e-01 7.27033377e-01 -1.24169201e-01
    1.05115545e+00 6.11733556e-01 7.41001248e-01 5.69076180e-01
    6.17583752e-01 9.04702783e-01 8.59870076e-01 1.13295794e+00
    6.53114200e-01 7.40646362e-01 -1.58810973e-01 1.08842790e+00
    1.20571351e+00 9.38281894e-01 1.82857931e-01 8.01796913e-01
    4.15338695e-01 -2.89806426e-02 -2.36577064e-01 8.24479699e-01
    2.02247083e-01 1.22233927e-02 2.16393471e-02 1.28193319e+00
    7.42021441e-01 1.12636817e+00 -1.27349406e-01 1.40618354e-01
    1.29350424e-01 5.00269353e-01 1.12646449e+00 6.42183185e-01
    3.52245212e-01 -5.14964759e-02 1.67669952e-01 4.07809913e-01
    -1.89853281e-01 -2.14696214e-01 8.16229582e-01 5.75933814e-01
    -7.71695375e-03 -1.51470304e-01 7.65308380e-01 3.74885321e-01
    1.31142104e+00 7.34517336e-01 1.26176798e+00 -3.51418942e-01
    1.36090732e+00 -1.09269798e-01 1.05231023e+00 4.90916610e-01
    1.13826287e+00 -2.27326721e-01 2.26612687e-02 2.53732383e-01
    4.45948899e-01 4.13468421e-01 1.00735939e+00 9.24310207e-01
    6.08673096e-02 4.17886913e-01 -2.53678650e-01 1.10533440e+00
    1.12825608e+00 7.91566253e-01 1.11640811e+00 1.19411778e+00
    1.12436509e+00 6.57351315e-01 -2.68410593e-01 1.40602660e+00
    6.60524607e-01 1.20685399e-01 5.20040631e-01 8.96073699e-01
    1.33781791e-01 1.55642927e-01 -1.63659751e-02 4.69851792e-01
    9.19609666e-01 2.28262603e-01 5.48119068e-01 3.75130534e-01
    6.72168255e-01 7.71218300e-01 9.80337501e-01 4.02792752e-01
    1.01817763e+00 -3.06236386e-01 6.68685496e-01 4.53435183e-01
    8.22414756e-01 8.74442577e-01 4.65461075e-01 1.37322426e-01
    3.84160101e-01 1.09436846e+00 3.81797254e-01 4.03314054e-01
    6.06549263e-01 7.43029714e-01 4.10447061e-01 1.07928646e+00
    1.11120999e-01 4.70763445e-01 -2.48944759e-03 5.13010681e-01
    1.18545234e+00 8.47445726e-02 -2.15215981e-02 -3.61683965e-02
    -1.82786450e-01 2.56651640e-02 1.00590777e+00 6.54287696e-01
    4.24281716e-01 4.31925237e-01 1.11212730e+00 6.10958934e-01
    4.91231084e-01 -8.14742446e-02 5.50337374e-01 1.26807034e+00
    9.09281492e-01 -4.54013050e-02 -2.76459008e-01 9.29617882e-01
    6.47837043e-01 8.21442246e-01 3.92678261e-01 6.61286592e-01
    2.53384709e-02 2.67286003e-01 7.71854877e-01 -1.13201648e-01
    -2.96568692e-01 1.45992637e-01 9.45632458e-01 1.41325068e+00
    2.34586000e-02 1.00818425e-01 4.00000334e-01 8.55555892e-01
    -3.29667151e-01 9.40941572e-01 8.45885754e-01 1.02990806e+00
    1.32077456e-01 5.04345894e-01 4.25933659e-01 -2.41910920e-01
    7.27531672e-01 1.34289074e+00 1.09765148e+00 4.70623970e-02
    1.48744047e-01 6.27561808e-01 1.04229510e+00 6.95123911e-01
    1.20445049e+00 7.75290251e-01 2.18558252e-01 4.66821969e-01
    4.94568229e-01 3.74552608e-01 -2.17842028e-01 1.22111142e+00
    1.00185394e+00 9.85893726e-01 3.86110723e-01 4.39472139e-01
    7.66431212e-01 -8.08434784e-02 -5.90556860e-02 4.38061953e-01
    9.65063572e-01 6.15705967e-01 8.74839902e-01 1.16396046e+00
    5.42005897e-01 1.20497334e+00 -1.60679847e-01 9.35464382e-01
    1.24910557e+00 3.52821350e-01 4.72065508e-01 9.34944510e-01
    2.74240017e-01 -2.33199373e-01 7.13635087e-01 2.03170776e-01
    -1.59884050e-01 4.71306086e-01 6.67486906e-01 7.01821804e-01
    1.15620911e+00 1.82647705e-01 4.90084648e-01 4.50399518e-03
    2.30238020e-01 1.24843025e+00 1.04453194e+00 3.61229897e-01
    1.11151695e+00 5.64136624e-01 -2.32940242e-01 4.55030024e-01
    1.18701816e-01 -2.14083150e-01 5.92832565e-01 7.60502577e-01
    1.19196177e+00 6.64923191e-02 8.97122383e-01 5.68885326e-01
    1.13952041e+00 6.29539251e-01 1.23225605e+00 1.25017226e-01
    2.36475825e-01 8.14315319e-01 9.67908502e-01 1.18852222e+00
    6.68416500e-01 6.90299273e-01 -1.15028620e-02 7.97261596e-01
    1.01281416e+00 1.00247300e+00 5.35081506e-01 4.15016115e-01
    6.01018965e-01 1.11566854e+00 1.17380023e+00 1.82510614e-01
    3.07844698e-01 2.87266076e-01 6.69988632e-01 -3.20491493e-01
    1.55882835e-01 9.17631507e-01 3.66204739e-01 1.00778282e+00
    1.08701348e-01 1.09897077e+00 -2.75246948e-01 3.15630466e-01
    -1.14097744e-01 1.31815350e+00 1.26500642e+00 9.11473751e-01
    9.55407619e-01 3.78023803e-01 1.04664958e+00 1.15094543e-01
    3.34446132e-01 1.23097563e+00 6.16550326e-01 -2.71565348e-01
    7.57077336e-02 2.13086486e-01 5.74023843e-01 9.73185182e-01
    1.13366389e+00 4.92016077e-01 4.38800931e-01 1.15259683e+00
    6.82995915e-01 -9.10792351e-02 2.91044176e-01 8.32311749e-01
    -3.08738530e-01 2.29827344e-01 3.82244766e-01 1.87433124e-01
    -2.05656290e-01 4.53872442e-01 -3.09707165e-01 8.28225017e-01
    -3.66952270e-01 1.22845888e+00 -1.96726218e-01 3.89174342e-01
    7.08001196e-01 2.80307353e-01 1.09946823e+00 5.23236394e-01
    1.33425808e+00 1.12352836e+00 7.57037520e-01 1.33045590e+00
    -1.16762131e-01 1.05459332e+00 8.21958661e-01 1.03404808e+00
    1.05528998e+00 1.07121885e+00 -1.46828979e-01 3.05286586e-01
    -5.42704761e-02 -1.71320051e-01 -7.93594718e-02 3.69707584e-01
    4.11187947e-01 5.76828420e-01 -2.74637550e-01 7.66699791e-01
    6.76042199e-01 1.21317124e+00 5.66452205e-01 2.09378004e-01
    4.93909299e-01 7.94282794e-01 5.08754730e-01 7.49695063e-01
    4.85336602e-01 -2.24299192e-01 1.31516933e+00 6.12286687e-01
    5.01092732e-01 1.36469305e-01 1.04607928e+00 7.65102506e-02
    -4.11466718e-01 6.53291583e-01 -2.01159284e-01 6.58820271e-01
    2.87869453e-01 1.25188673e+00 -2.62834728e-01 5.19791186e-01
    6.91874146e-01 9.32333946e-01 9.36506510e-01 6.16517544e-01
    3.28000724e-01 1.22760081e+00 1.10752559e+00 -3.50995064e-02
    8.76582503e-01 -4.34984148e-01 7.52287388e-01 5.91553390e-01
    1.65522337e-01 8.10357392e-01 -2.51487374e-01 4.14279103e-02
    7.92723954e-01 2.86923409e-01 5.15079677e-01 1.07777441e+00
    1.21795392e+00 2.66317725e-01 -2.84105539e-01 1.74627185e-01
    8.88878345e-01 4.60595131e-01 9.96011496e-01 5.59300900e-01
    5.31621754e-01 3.95489216e-01 6.73420727e-01 -2.27421910e-01
    8.92452598e-01 1.22709262e+00 3.92127454e-01 7.76351213e-01
    8.19168091e-02 -1.26825124e-01 1.19053125e+00 1.07203960e+00
    -1.58368945e-01 2.57551789e-01 4.79572475e-01 1.04008222e+00
    9.48292732e-01 9.64442253e-01 -3.21260095e-01 1.37745512e+00
    -4.18192714e-01 1.19289303e+00 -8.13437104e-02 -1.77702278e-01
    1.03590977e+00 1.44500911e-01 9.40742373e-01 4.01103497e-01
    1.02238870e+00 7.69841313e-01 4.67385769e-01 1.80082798e-01
    8.15620184e-01 1.04143250e+00 3.47483575e-01 -2.44869173e-01
    4.33831692e-01 1.09190941e-01 2.78857291e-01 8.10733438e-02
    1.52144670e-01 9.17094350e-01 4.64274108e-01 7.20138550e-02
    5.78677058e-01 1.28731298e+00 -2.99237669e-01 8.46393526e-01
    5.38585842e-01 -1.09853864e-01 1.25719607e-01 1.00616956e+00
    -2.18683884e-01 -1.22285888e-01 -1.05925918e-01 1.24875486e+00
    6.16405606e-01 -5.55467010e-02 4.15373504e-01 -1.74482971e-01
    -1.47782266e-02 6.95795000e-01 3.55495989e-01 4.76088047e-01
    6.24620318e-01 3.53047490e-01 3.06362510e-02 5.42343497e-01
    2.65328884e-01 -3.26222956e-01 1.46871328e+00 6.48299336e-01
    7.93704867e-01 1.08048487e+00 4.95838404e-01 3.63581777e-01
    7.01292872e-01 5.96974969e-01 1.03344619e+00 1.18474698e+00
    1.40471518e-01 8.31675887e-01 -2.82639652e-01 1.15411758e+00
    9.82056856e-01 1.03973889e+00 2.05003262e-01 -2.29449123e-01
    8.40554535e-01 4.24945712e-01 4.74427164e-01 -1.03740096e-01
    -2.81952888e-01 1.27189720e+00 9.60098743e-01 4.57174778e-01
    8.39808285e-01 8.62643123e-02 1.15306509e+00 5.87338567e-01
    2.36602366e-01 3.45466137e-02 9.04474795e-01 2.21827388e-01
    5.53661883e-01 -5.77758551e-02 1.29272306e+00 7.98371792e-01
    1.08816409e+00 -3.90033215e-01 9.51076269e-01 2.09818184e-01
    7.28689611e-01 -1.97966278e-01 1.11081982e+00 7.25435734e-01
    8.44051242e-02 -3.79711390e-03 9.03268576e-01 3.52882743e-01
    1.04571915e+00 4.67236638e-01 6.83462501e-01 5.74204326e-01
    -9.47882533e-02 7.29660332e-01 3.73482347e-01 1.50333643e-02
    1.56135082e-01 3.37696016e-01 1.31855893e+00 -6.60300255e-02
    8.48450541e-01 -1.55697882e-01 7.06112444e-01 7.63995409e-01
    5.73819578e-01 1.23249471e-01 1.25368619e+00 -2.33168602e-02
    2.73396313e-01 1.10296178e+00 2.75255322e-01 -6.15784824e-02
    9.19554055e-01 -2.40695089e-01 -6.48336411e-02 7.67761767e-02
    1.18357241e-01 3.08530033e-01 9.66604471e-01 5.78860104e-01
    -8.33183527e-02 1.11805737e-01 1.29247963e+00 2.89301574e-01
    1.02023542e+00 6.92653537e-01 1.14598715e+00 9.36784744e-02
    9.57833648e-01 -3.41522217e-01 1.22999132e+00 -4.99976337e-01
    1.12214196e+00 4.32708621e-01 1.07259583e+00 1.07273018e+00
    8.44368100e-01 4.67292845e-01 3.37240338e-01 4.56361711e-01
    1.42302728e+00 3.32131028e-01 7.31837749e-01 1.25583470e+00
    1.12653685e+00 1.03403008e+00 6.77129686e-01 -2.48467535e-01
    2.97019184e-01 2.68424273e-01 5.05578518e-01 2.11051524e-01
    -2.40487695e-01 -4.00825739e-01 1.23185372e+00 3.70749235e-01
    1.06055355e+00 1.32554770e-02 7.83768296e-01 1.20771205e+00
    2.10943580e-01 9.66536999e-01 6.19757056e-01 -7.92779922e-02
    -1.56932920e-01 1.30377829e-01 1.27526808e+00 1.17288077e+00
    1.09220564e+00 -3.19180936e-01 3.80106032e-01 4.66796935e-01
    -2.74148583e-02 4.12677169e-01 3.87369454e-01 -2.78672159e-01
    1.45376456e+00 9.20988321e-02 1.32782626e+00 1.51206493e-01
    -3.82033229e-01 1.14442623e+00 1.01353276e+00 8.50161791e-01
    2.42969692e-01 3.21514547e-01 -1.30289674e-01 3.92369330e-01
    1.38545787e+00 -3.05321306e-01 7.59821296e-01 8.70494366e-01
    4.23801661e-01 1.05236113e-01 1.10470057e+00 3.20166230e-01
    4.85448599e-01 9.21268225e-01 -9.04629827e-02 9.53796685e-01
    -2.21355587e-01 -6.53775930e-02 9.35639143e-01 8.40120673e-01
    6.14098907e-02 1.42046118e+00 3.80172133e-02 4.06442463e-01
    6.03577495e-02 -7.95998275e-02 2.15505958e-01 7.97606170e-01
    1.71838999e-02 -3.96596491e-02 7.29386568e-01 -1.23073071e-01
    -7.70263970e-02 6.94338202e-01 9.30170178e-01 1.27731395e+00
    6.63172245e-01 2.69731283e-01 6.76399350e-01 7.26137877e-01
    -2.11302042e-01 6.45805717e-01 6.16094351e-01 2.40766704e-02
    1.38494074e-02 4.63481545e-02 1.26739383e+00 -3.78576726e-01
    3.80060077e-01 1.29708254e+00 6.17357016e-01 -3.11170638e-01
    -6.53247982e-02 3.87758911e-02 3.15432429e-01 8.27192307e-01
    6.68048859e-04 4.47358131e-01 -2.13937655e-01 4.04147029e-01
    9.71287727e-01 -3.05255443e-01 1.03077435e+00 1.23014212e+00
    -3.06804985e-01 1.24306011e+00 3.75705242e-01 6.13015294e-02
    -1.09962791e-01 5.21832585e-01 1.01471055e+00 1.09784794e+00
    1.24585772e+00 9.83127952e-02 4.71933484e-02 5.61595321e-01
    1.19319451e+00 1.05713677e+00 -2.83015370e-02 1.40475035e+00
    3.76980484e-01 6.53397679e-01 3.91036153e-01 6.98744833e-01
    3.49223614e-04 5.86638331e-01 8.63687575e-01 -2.01076061e-01
    -5.26777506e-02 1.35233259e+00 1.11496031e+00 1.68154120e-01
    7.44306207e-01 6.90744042e-01 1.28059089e+00 4.29198861e-01
    1.06159663e+00 1.24603140e+00 3.13233614e-01 6.06599212e-01
    7.86666691e-01 3.65338981e-01 1.48986042e-01 6.40571475e-01
    1.24684715e+00 -2.97141701e-01 5.31196475e-01 5.73694944e-01
    9.49589252e-01 7.34699011e-01 3.78375769e-01 -1.19778574e-01
    8.98410082e-01 7.97204494e-01 3.34890842e-01 2.33060002e-01
    -1.05576515e-02 1.14272082e+00 6.53618693e-01 1.08240461e+00
    -7.93442130e-02 1.24167979e+00 -2.88169950e-01 3.59609485e-01
    9.85398054e-01 1.00049436e+00 1.33885860e-01 1.17688870e+00
    1.11325097e+00 5.28807282e-01 1.06301832e+00 -3.16595435e-02
    9.68117237e-01 1.12184668e+00 -2.11884826e-01 -2.28545278e-01
    -6.58880919e-02 2.98234820e-03 3.55001926e-01 1.12780559e+00
    8.48841310e-01 3.71632397e-01 7.60795236e-01 5.50967216e-01
    6.27852559e-01 8.94558907e-01 4.81528938e-01 -1.96122587e-01
    8.37202430e-01 9.76328254e-01 -1.06991231e-01 -9.41547453e-02
    -1.68738574e-01 3.85529280e-01 -4.70440805e-01 1.23948526e+00
    6.90397859e-01 1.18300867e+00 6.30420446e-02 3.10477018e-01
    3.45498443e-01 1.10486448e+00 9.62705851e-01 1.18082929e+00
    3.93989205e-01 4.93344605e-01 -1.05794847e-01 1.36051667e+00
    -4.45277095e-02 4.48493361e-01 -3.26596141e-01 2.33563662e-01
    1.31139314e+00 3.68889511e-01 7.88342953e-02 1.14535069e+00
    3.41132939e-01 7.59723306e-01 1.15605128e+00 3.92485738e-01
    1.34129608e+00 1.40221655e-01 -2.23554060e-01 9.29485559e-01
    -2.07405806e-01 8.35572660e-01 3.46291721e-01 2.67017126e-01
    8.79616439e-02 1.87409759e-01 5.21150947e-01 1.24252760e+00
    5.48114359e-01 -1.40827894e-03 2.00550258e-01 4.98820066e-01
    1.26689065e+00 -8.61178041e-02 -1.24499738e-01 1.30181849e+00
    -5.37292957e-02 2.35197634e-01 6.46619201e-01 1.09974170e+00
    -3.31315458e-01 2.80229270e-01 1.19849622e-01 1.86523199e-01
    1.22694051e+00 5.63510418e-01 3.92388701e-02 5.22255957e-01
    3.10624957e-01 -5.37140965e-02 1.17607832e+00 -3.96191210e-01
    5.62654972e-01 6.74996257e-01 -2.07103744e-01 6.01098120e-01
    3.05804491e-01 8.47328424e-01 1.05297422e+00 6.06287837e-01
    1.16026533e+00 9.80395317e-01 3.45395982e-01 2.26585209e-01
    -6.56976402e-02 -2.22467840e-01 8.13949943e-01 4.83385205e-01
    8.10025930e-01 -4.67431396e-01 1.09396350e+00 1.04774904e+00
    4.39735770e-01 1.11870182e+00 8.34827542e-01 8.12760949e-01
    3.09444666e-01 5.58189094e-01 9.06849265e-01 5.24158478e-01
    1.91656768e-01 9.57430601e-02 -1.85747460e-01 6.36669755e-01
    -1.77687526e-01 1.12428796e+00 -2.76997834e-01 -3.97062302e-03
    1.04155183e+00 1.31642878e+00 -1.75899416e-01 2.97364593e-01
    9.67896461e-01 1.12285900e+00 -1.38532937e-01 3.58073592e-01
    8.89099121e-01 1.49453282e-02 1.66398168e-01 1.27801943e+00
    -5.06914616e-01 1.37515318e+00 -2.78160691e-01 1.37695622e+00
    3.79170537e-01 6.51131153e-01 1.27325237e-01 -8.84199739e-02
    1.25892127e+00 6.20083570e-01 5.29185176e-01 8.80498528e-01
    1.09226859e+00 5.64539075e-01 4.90255892e-01 1.35848463e-01
    5.12647986e-01 1.31750584e-01 1.36691439e+00 8.56234312e-01
    1.25643456e+00 -2.27805495e-01 1.30139434e+00 1.31565928e-01
    7.59089887e-01 1.06618643e-01 1.20340800e+00 -4.29516345e-01
    9.99758959e-01 6.08697414e-01 1.00981832e+00 7.00916052e-01
    1.13730145e+00 9.38269258e-01 6.68531299e-01 7.09003568e-01
    2.44536579e-01 8.86803091e-01 1.08145952e-01 6.66844070e-01
    1.14588571e+00 1.02678299e-01 4.00201380e-01 7.67455935e-01
    6.14675701e-01 1.16554534e+00 8.71333003e-01 7.26221561e-01
    -3.34350467e-02 -6.58362508e-02 1.48310935e+00 -3.61896574e-01
    1.02050257e+00 1.18923652e+00 -1.65628195e-01 9.53573823e-01
    6.01561427e-01 5.87772071e-01 -3.70391339e-01 1.29149580e+00
    3.47278118e-01 9.06477451e-01 9.27952409e-01 4.57466245e-02
    -2.51458555e-01 1.28897476e+00 6.44480467e-01 4.60711658e-01
    4.25802588e-01 4.14740145e-01 1.27701318e+00 -1.26666963e-01
    1.12933624e+00 -2.72260576e-01 4.86032069e-02 2.58751154e-01
    1.38094747e+00 -4.03667152e-01 6.62532687e-01 -2.07315803e-01
    3.88466686e-01 3.95800114e-01 3.19233954e-01 1.56305134e-01
    1.36749721e+00 3.21069419e-01 5.62892675e-01 -4.51986790e-01
    9.45898056e-01 1.18749833e+00 -1.89087182e-01 5.31614423e-02
    2.07108200e-01 3.18468750e-01 8.34736824e-01 1.13055265e+00
    1.17711699e+00 -1.86441541e-01 1.18425059e+00 7.95727015e-01
    7.26062655e-01 1.31371701e+00 -2.11276174e-01 -1.61091089e-02
    3.11581016e-01 1.08704805e-01 8.14512014e-01 1.02600145e+00
    1.97003782e-01 -2.30244592e-01 2.10753798e-01 -3.48322928e-01
    1.11646974e+00 5.33830285e-01 7.69005120e-02 1.10181129e+00
    -1.76374108e-01 -3.38726401e-01 6.86746478e-01 9.22192812e-01
    -2.74034977e-01 5.02655625e-01 2.87819326e-01 -9.55449492e-02
    -4.00545955e-01 1.19721854e+00 1.01633918e+00 1.39890611e+00
    -1.46451503e-01 6.44659281e-01 8.08848619e-01 1.00162196e+00
    7.70643950e-01 6.71916723e-01 1.15760136e+00 -4.35896069e-01
    9.35810685e-01 9.81907129e-01 -5.17276227e-02 2.28491217e-01
    -6.17537796e-02 4.69937325e-01 2.53060877e-01 3.86340380e-01
    1.07034922e+00 1.07634819e+00 1.19867468e+00 2.37303972e-01
    3.96887898e-01 9.05940533e-02 1.26650035e-01 7.26621866e-01
    -2.47266829e-01 3.25620651e-01 -2.46671468e-01 1.00629079e+00
    1.69476390e-01 3.68143260e-01 1.43401062e+00 -3.01264584e-01
    2.37001479e-02 3.13602209e-01 8.71214271e-01 1.22243226e+00
    8.85473490e-02 -4.11388695e-01 1.25300121e+00 5.93408227e-01
    1.55300736e-01 1.05329144e+00 4.57070231e-01 2.30694950e-01
    5.42204976e-01 9.10268545e-01 5.79317212e-01 8.66522312e-01
    5.75554490e-01 -2.18536586e-01 2.43433475e-01 6.43071592e-01
    5.99681079e-01 9.68876362e-01 1.02233279e+00 2.37728953e-02
    1.01324105e+00 -2.21127868e-02 1.07515430e+00 3.33157003e-01
    2.37195730e-01 1.31359041e+00 9.75930929e-01 3.60251665e-02
    3.70727718e-01 -1.34723425e-01 7.23768711e-01 -3.01679105e-01
    4.37989175e-01 3.56367230e-02 1.20727551e+00 -8.12105536e-02
    8.20280433e-01 1.33154678e+00 1.16684973e-01 1.27763188e+00
    1.22284722e+00 1.17016470e+00 5.81079125e-01 1.25211549e+00
    5.02638042e-01 2.60734916e-01 3.19585323e-01 5.60396373e-01
    -1.13370478e-01 3.21270883e-01 9.52944160e-01 3.53553534e-01
    6.78229213e-01 6.58360720e-01 3.29436839e-01 1.33405626e+00
    9.19664860e-01 6.49078012e-01 5.00951171e-01 1.11173165e+00
    1.08349681e+00 1.10180819e+00 -4.44546252e-01 -9.72914696e-02
    5.96742511e-01 1.13988304e+00 -4.10038561e-01 6.23124719e-01
    7.21831441e-01 4.61720347e-01 2.82960534e-01 7.79816091e-01
    5.26735783e-01 1.02402234e+00 1.02585530e+00 4.90341187e-01
    8.36065292e-01 1.24860656e+00 6.99564338e-01 7.54889429e-01
    5.39339483e-01 2.44825602e-01 -7.56073594e-02 9.05577302e-01
    -2.43228346e-01 1.07270181e+00 1.24760079e+00 3.42051387e-02
    4.59684789e-01 7.02615142e-01 5.32981813e-01 5.95552206e-01
    1.09069026e+00 7.20785022e-01 7.78124034e-01 -4.71514463e-03
    1.12741935e+00 1.00040913e-01 2.29840219e-01 2.92914391e-01
    8.11798096e-01 -3.73886228e-01 1.09087682e+00 9.07541871e-01
    4.41022396e-01 1.17326415e+00 9.23143983e-01 1.25436091e+00
    2.54884362e-01 1.24843776e-01 -2.99516052e-01 1.29606974e+00
    2.02140510e-01 5.08557439e-01 3.59320521e-01 6.15579903e-01
    -1.06022030e-01 -6.54135644e-02 1.12458396e+00 1.25320947e+00
    5.15612125e-01 -2.97723353e-01 3.88326585e-01 6.16069913e-01
    1.15946639e+00 -5.05685210e-02 -2.35575378e-01 7.65009165e-01
    -1.03340834e-01 7.71952569e-01 5.48292398e-02 5.07413089e-01
    5.21199107e-01 4.65394080e-01 8.30617905e-01 1.36251700e+00
    -2.12366670e-01 4.61404204e-01 6.64163828e-01 5.71638346e-02
    9.65635061e-01 7.31840789e-01 1.63538158e-01 5.33703864e-01
    4.21909392e-01 7.31005907e-01 6.04698122e-01 9.70716238e-01
    -1.24120846e-01 5.77875674e-02 7.10541308e-01 1.14331067e-01
    7.83078074e-01 3.66300046e-01 3.89287770e-01 5.40457010e-01
    -5.64729273e-02 9.02414203e-01 9.96510625e-01 1.91168606e-01
    -1.11013114e-01 3.36001635e-01 -2.27334142e-01 1.24092567e+00
    -8.06985497e-02 6.62622690e-01 -2.72728622e-01 1.22500682e+00
    8.74673843e-01 8.08590293e-01 9.30995584e-01 1.07715511e+00
    -1.89834923e-01 3.85044336e-01 1.92602277e-01 5.91590285e-01
    -2.90435731e-01 6.49996400e-01 8.21334004e-01 9.07916784e-01
    1.23098290e+00 2.62080967e-01 1.11340165e+00 1.08650637e+00
    6.64651394e-02 2.49191642e-01 2.42256045e-01 1.33440256e-01
    1.05777597e+00 2.64691472e-01 2.48589218e-01 8.01731229e-01
    5.10083556e-01 3.20578218e-02 6.80627763e-01 -2.62831390e-01
    8.33551407e-01 2.43027389e-01 -1.49521381e-01 1.01867652e+00
    4.13523912e-01 6.79836094e-01 1.93809986e-01 1.39278483e+00
    5.36021829e-01 7.37034619e-01 -4.11654115e-02 5.43966055e-01
    1.12221241e-01 9.21832919e-01 3.47691178e-02 8.31875086e-01
    6.78922534e-02 7.68704772e-01 7.79051185e-01 7.60500669e-01
    1.17929816e+00 6.38211012e-01 5.85908949e-01 1.02063596e-01
    1.38229048e+00 4.19207096e-01 1.12681770e+00 8.98382425e-01
    -2.95370072e-01 5.10521770e-01 -1.79181218e-01 1.07930887e+00
    -2.68236816e-01 3.46875548e-01 5.33350587e-01 2.97214508e-01
    1.23961270e+00 -3.04500192e-01 -5.10442257e-03 1.28300220e-01
    -5.82691431e-02 1.19942844e-01 6.99441791e-01 6.60346150e-02
    3.44175756e-01 1.19602454e+00 1.96225345e-01 -2.94929266e-01
    9.55870569e-01 -4.81153727e-02 2.14566886e-02 -3.12454730e-01
    1.27664566e+00 6.36203766e-01 2.13239908e-01 2.70623922e-01
    1.43238103e+00 5.11733890e-02 3.60035062e-01 1.18718863e+00
    4.30500627e-01 1.31860900e+00 7.09607840e-01 8.53732824e-02
    7.66338348e-01 5.13585329e-01 1.09282124e+00 -2.31637031e-01
    7.92943954e-01 9.60506558e-01 -9.59064364e-02 8.58790636e-01
    8.99404407e-01 6.71941757e-01 4.99906838e-01 2.54617453e-01
    3.89075577e-01 4.47741508e-01 -7.79846311e-02 9.63764310e-01
    2.43895113e-01 5.64322054e-01 9.67824221e-01 9.58848000e-01
    4.74241972e-01 8.84022713e-02 8.17302823e-01 7.75480151e-01
    6.96796179e-01 7.92812467e-01 1.21853137e+00 1.32628441e+00
    1.03990567e+00 2.10765600e-01 1.31095052e+00 1.62256956e-02
    1.11852777e+00 -2.94444680e-01 3.82991612e-01 -2.20926166e-01
    1.64130449e-01 9.17810440e-01 2.96733975e-01 6.30439878e-01
    -7.15922713e-02 6.84319377e-01 6.14898503e-01 1.29718840e-01
    8.70665193e-01 2.92825580e-01 1.01729405e+00 8.49522829e-01
    1.21274817e+00 -3.27379525e-01 1.41826808e+00 -2.05223978e-01
    3.48261952e-01 7.59831429e-01 4.93494213e-01 5.71551383e-01
    -3.55350971e-02 8.17535639e-01 1.16436684e+00 1.24947250e+00
    -3.60858470e-01 -3.01266342e-01 1.21549869e+00 1.08747542e+00
    1.21206772e+00 6.06015801e-01 2.25707501e-01 -2.59483308e-01
    -1.77663118e-01 1.05415988e+00 -9.01055336e-02 1.11474216e+00
    -4.94617224e-03 1.38598740e-01 1.19572067e+00 -4.89704460e-01
    8.10931146e-01 2.90998280e-01 -3.18179548e-01 1.04916251e+00
    8.80398154e-01 -3.28307599e-01 1.67370737e-01 2.14786172e-01
    1.28927493e+00 6.65446520e-02 9.50922370e-01 1.88423097e-01
    1.24468029e+00 7.20841169e-01 6.67490959e-02 -1.73816323e-01
    1.07264197e+00 7.26943731e-01 -2.84370184e-02 2.07139134e-01
    3.01929116e-01 1.35998082e+00 6.57276511e-01 7.22372293e-01
    1.06728745e+00 4.90312576e-01 6.90418243e-01 8.50482106e-01
    1.06644738e+00 1.94376767e-01 2.42670178e-01 1.10242140e+00
    5.24831057e-01 1.07178509e-01 -1.45923495e-02 7.00066566e-01
    6.71802700e-01 1.99553967e-01 -1.67766273e-01 2.21877575e-01
    1.27453065e+00 4.85777855e-05 1.10934108e-01 6.01959825e-02
    -1.20353699e-01 3.19016039e-01 6.12714350e-01 -2.74451673e-02
    2.51006186e-01 2.38358021e-01 1.23380506e+00 2.55786180e-01
    1.03315711e-01 1.15696192e+00 -3.36453140e-01 -1.62901849e-01
    -1.60286814e-01 8.90476704e-01 1.05963409e+00 4.24982607e-01
    7.41565108e-01 -3.62858742e-01 1.21998799e+00 6.56998754e-02
    2.91521788e-01 6.09833539e-01 -3.91143531e-01 5.36815941e-01
    -4.44379896e-02 -2.28387028e-01 1.28058708e+00 1.22890270e+00
    4.04790819e-01 3.88461351e-03 9.70300436e-01 4.53730464e-01
    6.70755804e-01 -2.46394068e-01 -5.73895276e-02 -2.12503493e-01
    8.26453328e-01 1.17017901e+00 2.52812445e-01 -5.60289621e-03
    5.63635230e-01 8.30134392e-01 1.13714683e+00 1.22032785e+00
    -3.29497695e-01 3.37307870e-01 5.41674137e-01 -2.87150681e-01
    2.19094664e-01 -5.79101145e-02 1.37400603e+00 6.87326372e-01
    -4.97474372e-02 1.16250050e+00 1.02660239e+00 -5.25183678e-02
    6.67876422e-01 -2.15520322e-01 1.13203669e+00 7.16131210e-01
    1.15033245e+00 8.93393636e-01 6.34789944e-01 8.10400724e-01
    1.12324357e+00 -1.99897408e-01 1.16586220e+00 3.99278283e-01
    1.38026810e+00 -1.53510004e-01 -2.91590571e-01 1.01789534e+00
    6.24234200e-01 2.21510530e-01 1.18094218e+00 -7.37575889e-02
    1.22864604e-01 8.56184959e-01 1.29013753e+00 2.39608049e-01
    -1.35606065e-01 -2.48785496e-01 7.97506928e-01 -3.12805116e-01
    1.44892371e+00 9.57632184e-01 1.04653049e+00 1.04845202e+00
    1.12582600e+00 8.69658709e-01 -5.52838147e-02 4.95042443e-01
    2.88637221e-01 3.73451889e-01 1.00849867e-01 2.13523388e-01
    -1.68401539e-01 2.62649834e-01 1.36976838e-02 4.27491128e-01
    -1.68665707e-01 3.52048814e-01 -8.18086267e-02 1.38116705e+00
    7.37529397e-02 5.40673316e-01 9.60739136e-01 -2.80106246e-01
    6.65873647e-01 1.34132278e+00 2.83878386e-01 7.23895788e-01
    -5.49227595e-02 1.13778901e+00 7.65581727e-01 -1.74523592e-02
    1.42200649e-01 3.18131447e-01 8.89038682e-01 5.64960599e-01
    9.68776703e-01 3.81618381e-01 6.44956112e-01 1.12660956e+00
    -1.68462694e-01 9.19509172e-01 2.77279615e-01 -8.47643614e-03
    6.90755963e-01 9.58565116e-01 -2.27145433e-01 7.62090564e-01
    9.00940061e-01 7.16953278e-02 9.89484072e-01 9.68130827e-01
    7.66651630e-01 -1.18780732e-02 5.14873445e-01 8.98946881e-01
    8.74792099e-01 -8.49792361e-02 8.37559104e-02 2.15297639e-01
    7.69222021e-01 1.34557009e-01 -1.46341234e-01 6.50561929e-01
    6.01935625e-01 1.18829346e+00 1.06764233e+00 -2.80716956e-01
    2.77417094e-01 7.11847186e-01 -2.55110323e-01 9.68983531e-01
    -2.64391124e-01 -1.86546445e-02 -1.25247538e-02 2.75242984e-01
    6.64414823e-01 3.39952528e-01 3.07703018e-02 -2.75545895e-01
    3.39608550e-01 1.31246424e+00 1.14864409e-01 6.74013913e-01
    1.47850335e-01 -1.29488707e-01 1.25057793e+00 8.07702780e-01
    9.26413774e-01 4.09613967e-01 5.33141732e-01 9.55458164e-01
    5.55056930e-01 -1.46783531e-01 8.02865565e-01 -1.01313934e-01
    -8.76819491e-02 1.12783992e+00 6.09151483e-01 7.78750658e-01
    -3.78722578e-01 -8.88180733e-03 -6.62741065e-02 6.28971756e-02
    3.51475894e-01 8.52279305e-01 -3.40184033e-01 4.21864688e-01
    3.05861533e-01 -8.68233144e-02 -2.04622626e-01 9.72179294e-01
    8.28036308e-01 7.94112623e-01 -1.26079202e-01 -1.06326938e-02
    -3.83744359e-01 7.84417987e-01 -1.85125321e-01 1.07998967e+00
    -1.23237520e-01 7.13537037e-02 1.27153397e-01 2.09630728e-01
    6.26788855e-01 3.66844058e-01 8.58413696e-01 1.25953877e+00
    -3.44045311e-01 1.15636599e+00 9.53969955e-01 -2.22279638e-01
    1.27212369e+00 1.28975344e+00 5.33574224e-01 1.16511166e+00
    1.20567930e+00 2.43800282e-01 6.77953601e-01 1.01576424e+00
    -4.48487192e-01 1.10616398e+00 5.68602204e-01 1.80943847e-01
    1.37212753e+00 -4.33624834e-01 1.45549583e+00 -2.87419558e-01
    8.52308869e-01 6.70371652e-02 -3.10277939e-03 5.65293312e-01
    3.20625007e-01 1.21059835e-01 8.40309381e-01 1.05870748e+00
    4.33953106e-01 6.00761473e-01 -2.23374039e-01 -2.74584889e-01
    1.03700578e+00 3.59824419e-01 8.21953475e-01 6.26137257e-01
    1.27046144e+00 1.31636977e-01 1.36619163e+00 5.62254965e-01
    -4.01901364e-01 1.06762624e+00 7.57376015e-01 1.27228081e-01
    3.52835834e-01 4.49427307e-01 -1.26722425e-01 2.80171335e-02
    -7.86012113e-02 4.15673137e-01 6.71489716e-01 1.08749843e+00
    1.71709538e-01 1.14195240e+00 1.08137000e+00 2.42531061e-01
    1.30832350e+00 -2.95471311e-01 8.73480916e-01 3.57326269e-02
    9.54839706e-01 1.20402741e+00 6.55968189e-02 8.23195815e-01
    7.29219496e-01 3.79759073e-03 1.42336524e+00 4.44698930e-01
    -7.34431148e-02 2.67804742e-01 1.09574056e+00 4.85319436e-01
    1.21545255e-01 2.39541948e-01 2.27065802e-01 5.70936084e-01
    -2.65308559e-01 1.24243248e+00 1.33620191e+00 5.54681003e-01
    6.46552086e-01 7.20746636e-01 -1.09976858e-01 6.07220709e-01
    -7.81822503e-02 2.07125247e-01 -2.42034152e-01 4.97692525e-01
    5.86128235e-01 1.03635788e-02 1.22966146e+00 6.12706065e-01
    5.33439159e-01 -9.69661921e-02 3.12443316e-01 -1.10052273e-01
    3.95714700e-01 1.18421376e+00 8.65731239e-01 9.63446498e-02
    5.12042582e-01 1.18460906e+00 4.45766807e-01 5.63344002e-01
    5.98919749e-01 7.10327744e-01 3.59745502e-01 4.97897744e-01
    1.09920824e+00 2.10731983e-01 5.78518391e-01 7.66713381e-01
    -2.73817301e-01 1.32618511e+00 1.08806658e+00 -2.93752134e-01
    -7.92351067e-02 4.09512877e-01 4.06715155e-01 4.82060313e-01
    9.64823365e-01 1.12640858e-01 9.50113893e-01 3.16153049e-01
    1.10012293e-01 7.19988465e-01 4.67015028e-01 7.25876212e-01
    -2.83481330e-01 4.12904263e-01 2.95283198e-02 1.00303090e+00
    5.49911022e-01 1.18350005e+00 -2.83834636e-01 7.18304634e-01
    9.37517762e-01 -1.37438595e-01 4.49624956e-01 7.51261473e-01
    1.17262161e+00 8.72623563e-01 2.57534564e-01 1.60387158e-03
    9.73125279e-01 -1.70000046e-01 8.54220271e-01 2.03965366e-01
    -3.41080219e-01 1.07088411e+00 1.08921885e-01 1.45061195e-01
    9.31359172e-01 -4.02602851e-01 -9.75478292e-02 8.33827257e-01
    1.27605832e+00 -4.34868813e-01 8.62729907e-01 1.10699332e+00
    1.36695981e-01 1.26635790e-01 7.78621078e-01 1.80577993e-01
    8.03010345e-01 7.43404567e-01 -1.45455986e-01 6.11108899e-01
    1.24139905e+00 1.06787765e+00 -2.53453523e-01 5.93720436e-01
    8.90220523e-01 9.37362790e-01 3.52820992e-01 1.12634051e+00
    7.13031769e-01 1.09602976e+00 6.65714741e-01 8.75248909e-01
    -1.12517536e-01 4.92642283e-01 4.12515819e-01 1.22989321e+00
    -2.46858597e-02 1.15478909e+00 1.05005300e+00 -1.58153027e-01
    1.07190382e+00 1.06949019e+00 1.28208244e+00 -1.72793716e-01
    8.79318595e-01 2.38457620e-01 -7.49904513e-02 1.53357220e+00
    2.16592550e-01 2.34759033e-01 6.77518427e-01 8.73443246e-01
    5.79806149e-01 3.82447302e-01 9.54369605e-01 1.22724384e-01
    6.60963356e-01 1.94344282e-01 8.81373823e-01 1.79370880e-01
    1.32237315e+00 3.14855099e-01 8.14774990e-01 1.95024908e-01
    -7.53558874e-02 7.84977198e-01 8.68473411e-01 3.17368507e-01
    6.04389012e-01 3.38868856e-01 1.07181370e+00 1.01632285e+00
    5.75527906e-01 9.57956791e-01 -8.20517540e-04 -1.87818855e-01
    1.30178392e+00 5.43388546e-01 3.25717926e-01 8.76562953e-01
    5.61198950e-01 1.16366303e+00 -2.99954712e-01 3.86283636e-01
    1.26222718e+00 8.23040724e-01 1.07785118e+00 1.08946359e+00
    2.67289281e-01 3.78213048e-01 5.06649017e-01 4.15307283e-01
    7.64474452e-01 -2.75487900e-01 1.39982057e+00 -3.98987830e-01
    1.00474262e+00 1.28692639e+00 4.91344392e-01 5.69188118e-01
    1.85231924e-01 -4.83304709e-02 5.41333377e-01 3.19756269e-02
    1.07702768e+00 5.86519718e-01 2.00705409e-01 1.09650457e+00
    -1.70642078e-01 1.65348530e-01 1.27781558e+00 -7.23798275e-02
    1.82552755e-01 5.48732758e-01 5.33080339e-01 4.58489537e-01
    -2.24100322e-01 5.26532590e-01 7.46117592e-01 1.12916255e+00
    1.28035891e+00 8.35677624e-01 8.48619103e-01 1.90790176e-01
    2.75252044e-01 5.47553897e-02 1.25736082e+00 7.29113638e-01
    4.91910279e-02 -2.15551928e-01 1.24940205e+00 7.61587620e-01
    1.06396091e+00 1.39423966e-01 1.00585043e+00 2.09126472e-02
    2.31417418e-01 -1.82073206e-01 9.65029478e-01 1.52162582e-01
    -9.67562199e-04 2.87483960e-01 1.44256234e-01 1.91918969e-01
    2.22067952e-01 7.66614556e-01 6.05986357e-01 1.03540242e-01
    8.29129696e-01 5.29475689e-01 -2.29493380e-02 5.99594414e-01
    6.41903639e-01 4.42506135e-01 1.29079032e+00 8.92474055e-01
    3.50710928e-01 -1.76335394e-01 9.52285886e-01 7.68170357e-01
    -3.16976786e-01 3.96423459e-01 5.26985526e-01 1.26633191e+00
    6.08310103e-01 1.22796476e-01 -2.21027985e-01 6.41102672e-01
    -8.97216797e-02 3.62192094e-01 7.83443332e-01 -1.94117948e-01
    5.59015274e-01 -1.69787541e-01 7.35141516e-01 3.99103761e-01
    5.21579564e-01 3.27561438e-01 6.70924187e-02 -1.00811332e-01
    6.23224378e-02 8.33913386e-01 1.67214870e-01 9.65928316e-01
    6.51240408e-01 4.33130085e-01 5.53878427e-01 -2.90355742e-01
    4.61296797e-01 5.54767847e-01 6.60415888e-01 1.35282457e-01
    1.22614074e+00 5.73509336e-02 4.71670568e-01 8.19537640e-01
    6.16734445e-01 2.56678343e-01 1.07337677e+00 7.76806593e-01
    7.12664843e-01 5.03069401e-01 -1.57110825e-01 5.03558666e-02
    1.34407580e-02 -9.25445259e-02 -7.76481926e-02 -1.12972677e-01
    7.89123714e-01 -1.17551893e-01 -4.73856926e-04 1.36436129e+00
    -1.55689597e-01 4.60330963e-01 4.17143941e-01 4.57493544e-01
    -1.16912186e-01 1.25347805e+00 1.13257313e+00 8.58748913e-01
    1.18357539e-01 8.63656402e-01 9.46541548e-01 7.92501926e-01
    1.09768915e+00 6.76400661e-01 6.92396402e-01 1.23048723e+00
    -2.86446899e-01 6.32132232e-01 3.23830187e-01 3.16781402e-01
    2.89623082e-01 9.57635760e-01 1.24685109e+00 2.00264394e-01
    2.71441460e-01 -1.65270284e-01 5.52698731e-01 -3.33940804e-01
    2.36427993e-01 -1.55080169e-01 6.98703706e-01 1.06180513e+00
    -1.24662310e-01 4.41399634e-01 1.07573366e+00 3.27315867e-01
    1.10929620e+00 -3.53906423e-01 5.83303452e-01 1.83357298e-01
    7.27033913e-01 7.44413733e-02 8.47494602e-01 -4.57134247e-02
    1.12529755e+00 5.97851276e-01 -7.24702179e-02 9.46827769e-01
    9.20931101e-01 1.18248832e+00 8.86915565e-01 4.28263307e-01
    9.68469739e-01 1.08591902e+00 -1.21090949e-01 8.93573999e-01
    9.41804051e-01 1.19932485e+00 9.18190241e-01 8.44756365e-02
    -1.04297787e-01 6.06634438e-01 9.70447063e-03 3.48349452e-01
    8.41550589e-01 4.06682730e-01 9.08941269e-01 1.27066147e+00
    1.92734897e-01 3.15647185e-01 2.17406690e-01 -1.38448983e-01
    -2.87791073e-01 4.69544649e-01 -2.40299508e-01 -1.33385479e-01
    9.57225561e-01 -2.41179347e-01 -7.83013999e-02 3.60461235e-01
    2.76500583e-02 2.97485054e-01 9.27442431e-01 8.19223166e-01
    1.00567186e+00 -3.02415997e-01 5.42460144e-01 2.12073863e-01
    1.31450236e-01 1.12110913e+00 1.09371197e+00 1.95755064e-01
    7.68219352e-01 -1.79918915e-01 2.31852889e-01 1.74881697e-01
    6.89598143e-01 2.19047725e-01 1.80394530e-01 -1.74069494e-01
    -2.01051384e-01 4.14749384e-01 1.42340243e-01 9.28973794e-01
    7.00089574e-01 2.20869184e-01 1.37400794e+00 4.07240927e-01
    5.39430141e-01 9.80785131e-01 -6.23700619e-02 1.91726327e-01
    -2.16253936e-01 5.83281100e-01 -1.10911727e-02 3.03113163e-01
    4.79597270e-01 8.20898414e-02 1.08615780e+00 -3.29007447e-01
    1.34215093e+00 -3.38394910e-01 3.65240991e-01 2.02957809e-01
    4.68936801e-01 7.62368798e-01 1.34556365e+00 2.49869108e-01
    1.02322209e+00 6.30540252e-02 7.05127716e-01 -3.94235551e-01
    1.06811786e+00 1.23092890e+00 2.17486024e-02 -1.32350236e-01
    -5.86706400e-02 1.04257941e+00 3.59742403e-01 8.06259274e-01
    9.51861262e-01 -1.17954046e-01 2.79253721e-01 1.03206861e+00
    1.05135608e+00 -8.40757638e-02 -2.05307737e-01 8.02362084e-01
    9.08730865e-01 6.68391705e-01 -3.80915791e-01 1.22872198e+00
    -5.73830009e-02 1.86481357e-01 1.09537053e+00 5.29588401e-01
    3.87443841e-01 -1.07352734e-02 1.20225596e+00 8.11409473e-01
    1.08927453e+00 1.92144573e-01 1.70037746e-01 -4.53385413e-02
    -2.57806122e-01 1.11268473e+00 5.54806232e-01 1.22297490e+00
    6.66980147e-01 1.15069699e+00 2.14461684e-01 3.35664749e-01
    5.18930256e-01 -1.48892224e-01 3.49203885e-01 -6.95014894e-02
    5.49608350e-01 4.87107038e-02 8.11993361e-01 -3.39313775e-01
    9.83082473e-01 3.11556458e-01 1.34711134e+00 -5.73341548e-02
    7.13961124e-01 -1.92772523e-01 1.73360080e-01 4.71606731e-01
    1.53466463e-01 1.16653216e+00 6.65163875e-01 8.98086548e-01
    7.46826172e-01 1.05281949e+00 7.42528379e-01 -2.57001638e-01
    1.44989300e+00 -1.69642508e-01 5.95350981e-01 -2.95911849e-01
    8.11814487e-01 5.26257873e-01 9.90132332e-01 9.84123826e-01
    1.32870352e+00 4.62069929e-01 -1.06742412e-01 2.89951921e-01
    1.30818284e+00 6.61709189e-01 1.05013847e+00 4.01608348e-01
    7.97578156e-01 2.55298376e-01 -6.28170967e-02 2.59101331e-01
    8.24509740e-01 4.68088448e-01 2.62183309e-01 1.10865271e+00
    1.40589237e-01 7.51028299e-01 8.41736555e-01 7.84227252e-01
    1.01077020e+00 1.04042053e-01 1.73536539e-01 2.19758451e-01
    3.04065645e-01 5.13101816e-01 3.31883490e-01 8.25981498e-02
    1.37053347e+00 -4.09109443e-01 1.20600832e+00 1.01202846e-01
    -3.61069888e-01 4.66899872e-01 -1.17680043e-01 9.05363917e-01
    -3.91938090e-02 9.29581881e-01 2.44451523e-01 3.30082834e-01
    1.12717485e+00 1.94696784e-01 9.90408242e-01 3.81125271e-01
    1.10562205e-01 9.22236681e-01 1.01607454e+00 2.66795874e-01
    -6.84339702e-02 7.41759121e-01 5.33618689e-01 -2.79643208e-01
    1.77145541e-01 2.90001392e-01 1.16817594e+00 1.30906284e+00
    5.99504471e-01 5.40924847e-01 2.46965408e-01 3.50983918e-01
    9.94843960e-01 -2.84211993e-01 5.80022335e-02 1.08482277e+00
    9.24275041e-01 1.79456174e-01 1.25743926e-01 9.01943564e-01
    1.09815156e+00 1.38022852e+00 -2.08858728e-01 8.74121070e-01
    3.97347331e-01 -1.13564372e-01 7.19521403e-01 -5.09603024e-02
    9.27158654e-01 1.07205796e+00 4.66161191e-01 1.21571136e+00
    -1.72261685e-01 -1.11757040e-01 2.69418120e-01 5.34114480e-01
    1.24240160e-01 5.61087787e-01 -9.09817219e-03 4.06103730e-02
    -1.14602149e-01 1.01011717e+00 9.85571742e-01 -1.91795349e-01
    1.01987422e-01 1.45563543e-01 1.04583204e-01 1.27712297e+00
    5.20067692e-01 9.44761038e-01 -1.10388875e-01 -5.53152561e-02
    1.10836744e-01 1.15055621e-01 8.84197950e-02 3.26636791e-01
    1.10895944e+00 2.42653906e-01 4.42499816e-02 -2.27909222e-01
    8.92349482e-01 9.91872072e-01 -3.30168068e-01 2.21354604e-01
    7.88320839e-01 3.29169929e-01 6.15418851e-02 -8.62075090e-02
    8.81630182e-01 6.92149878e-01 1.44447386e-01 4.33087289e-01
    8.08912516e-01 1.83187723e-02 1.99120462e-01 1.23195183e+00
    5.16147852e-01 1.22113466e+00 3.26389611e-01 9.28257585e-01
    9.13294792e-01 8.67833734e-01 1.16680944e+00 -3.46428633e-01
    1.22748387e+00 -9.62193906e-02 1.81362778e-01 7.67856836e-02
    4.13700938e-01 5.40465474e-01 1.05915964e+00 3.75236809e-01
    6.42790198e-01 6.30972981e-02 9.49753046e-01 2.33865798e-01
    1.08306932e+00 9.89209414e-01 -6.64795041e-02 8.77978086e-01
    4.72926974e-01 6.70584381e-01 3.32273126e-01 1.21845222e+00
    3.18706036e-03 1.26436627e+00 6.01030469e-01 9.70754862e-01
    1.06529856e+00 7.26233780e-01 -2.77705908e-01 9.35830474e-01
    7.28642106e-01 3.16031218e-01 1.37264419e+00 -2.13095486e-01
    1.18891299e+00 1.31276202e+00 2.22961545e-01 -2.39891559e-01
    8.66739988e-01 1.11447728e+00 9.18940902e-01 7.71550775e-01
    1.24845219e+00 -2.94905841e-01 1.03119779e+00 -1.47426948e-01
    6.42622769e-01 1.67033315e-01 -1.98339850e-01 4.81088936e-01
    1.21738577e+00 8.48190308e-01 -8.16696286e-02 5.24676263e-01
    5.06822109e-01 1.09170413e+00 5.30758083e-01 7.57313669e-01
    1.10362601e+00 -2.16842502e-01 1.20389438e+00 8.83439302e-01
    1.05919385e+00 -1.42086506e-01 1.30087209e+00 3.24052393e-01
    1.33990884e-01 4.20297980e-02 1.17626929e+00 9.78546023e-01
    -1.06453419e-01 9.50707078e-01 4.78840470e-01 2.64522076e-01
    7.75345564e-01 5.04662335e-01 1.22860169e+00 2.67944276e-01
    7.36552775e-01 6.31336868e-01 2.77082801e-01 -1.33287787e-01
    6.90106988e-01 9.62502718e-01 1.25782001e+00 -1.00069046e-02
    7.11791813e-01 -3.26557279e-01 2.80889452e-01 5.02978563e-01
    1.73400044e-01 5.48094749e-01 1.21770918e+00 1.08159745e+00
    6.98551536e-02 1.12723374e+00 -3.17918271e-01 6.01069450e-01
    1.24849796e+00 3.39962363e-01 1.93880439e-01 1.12656522e+00
    4.32774246e-01 -1.66724920e-02 8.89156699e-01 -9.47472453e-02
    -4.71239686e-02 1.09954321e+00 1.24595284e-01 8.85922790e-01
    4.77661669e-01 3.33087742e-01 -3.22617471e-01 -3.80825996e-03
    6.24840558e-01 -1.99138463e-01 2.83013344e-01 1.06000376e+00
    -2.27758288e-01 1.23021793e+00 1.28425658e+00 1.13461733e-01
    4.03468847e-01 3.23084891e-01 1.41503990e-01 4.07897890e-01
    -1.73612446e-01 2.88399518e-01 -9.70012546e-02 1.10851014e+00
    -4.07494307e-02 4.90816474e-01 9.44089890e-01 9.87141490e-01
    8.57887864e-02 1.26652527e+00 1.01729858e+00 1.64464593e-01
    1.04380298e+00 -3.46330702e-01 1.42127156e+00 -2.84766376e-01
    9.01914835e-02 9.30487633e-01 2.37558484e-01 6.01023495e-01
    -2.34498590e-01 7.14825630e-01 1.29700196e+00 1.09954071e+00
    1.76293254e-02 8.87513995e-01 5.73078036e-01 7.51864910e-01
    5.32168508e-01 1.23761392e+00 8.46352100e-01 5.97852826e-01
    1.24109387e+00 5.00226438e-01 4.71715391e-01 4.93921518e-01
    -7.92587996e-02 6.40716732e-01 6.88657582e-01 1.15688860e-01
    1.41291320e-01 1.66840911e-01 1.49874151e-01 5.42834818e-01
    -1.68635696e-01 1.16940546e+00 -1.80761963e-01 1.00166023e+00
    -4.69092727e-02 1.25342596e+00 9.62599635e-01 5.54833412e-01
    9.37209129e-02 -8.55676532e-02 5.66336155e-01 -2.86790192e-01
    1.00386691e+00 -9.59717333e-02 1.61247492e-01 3.24590385e-01
    9.80176568e-01 -1.88163668e-01 -1.80362061e-01 9.19242859e-01
    1.47881448e-01 1.28998470e+00 7.48216033e-01 2.51024008e-01
    1.18102527e+00 -4.81031090e-01 7.94634998e-01 1.32746613e+00
    -9.80296135e-02 2.32315123e-01 7.61663437e-01 8.64369750e-01
    -2.54743546e-01 7.79248476e-02 2.04824924e-01 1.28253102e-01
    3.95650029e-01 1.44995868e+00 -1.65164351e-01 1.22506881e+00
    8.75136137e-01 9.98837471e-01 1.21112680e+00 6.23070121e-01
    1.00278163e+00 -2.88090020e-01 4.02250171e-01 -1.78692639e-01
    1.38733459e+00 8.02631736e-01 -7.82358050e-02 1.11569810e+00
    1.17323220e-01 7.63832808e-01 8.54968429e-01 1.06345022e+00
    1.35209417e+00 -2.47529209e-01 1.01100743e+00 6.46034837e-01
    3.20103168e-01 1.15549028e+00 9.04621124e-01 -2.49732897e-01
    3.01617086e-01 -3.55392277e-01 7.95179188e-01 4.51276183e-01
    6.82554364e-01 1.14943850e+00 3.32787633e-03 8.10809553e-01
    -1.09375924e-01 7.90908456e-01 -1.43739253e-01 8.51648927e-01
    8.29424620e-01 1.04121435e+00 6.88537955e-02 6.65573955e-01
    9.62551236e-01 9.91388440e-01 9.93911028e-01 7.54666090e-01
    2.31915116e-01 1.26128292e+00 5.37368774e-01 1.33230233e+00
    8.59963179e-01 9.61787462e-01 -1.16067007e-01 5.81308603e-02
    7.28352964e-01 -3.19673717e-01 1.50718868e-01 2.76340127e-01
    7.24370837e-01 9.78343248e-01 2.44242728e-01 1.06071973e+00
    7.11032033e-01 4.22744870e-01 9.69322443e-01 -2.26873755e-02
    -6.53749704e-02 3.87046278e-01 9.73023534e-01 -2.75904745e-01
    4.12068784e-01 9.39209700e-01 2.31274307e-01 -4.14452404e-01
    1.39182687e+00 -1.54276848e-01 3.50483716e-01 7.23439038e-01
    1.41647756e-01 1.09523106e+00 2.69042790e-01 4.00676012e-01
    1.18469906e+00 -2.66322613e-01 5.18972397e-01 2.99136341e-01
    1.38927341e-01 5.15327275e-01 6.44512892e-01 1.25840545e+00
    -9.07665491e-03 1.35810995e+00 5.70349693e-01 -1.65560514e-01
    1.10554695e-03 9.45674658e-01 1.29284263e-01 7.59012580e-01
    -3.72957677e-01 8.61712337e-01 9.98423457e-01 3.13133478e-01
    1.24383533e+00 8.31300020e-03 -1.09540522e-02 1.77502036e-02
    1.03788126e+00 2.28377581e-01 3.65397394e-01 -2.95495689e-01
    7.56305337e-01 6.78860009e-01 1.44430637e-01 6.68766737e-01
    1.12286401e+00 3.75090361e-01 7.19100118e-01 1.69421256e-01
    8.63359571e-01 1.00515676e+00 1.24569678e+00 5.85423529e-01
    -2.70169705e-01 4.31006134e-01 5.31783164e-01 -1.96133927e-01
    -1.40846074e-01 1.18883145e+00 -2.19068050e-01 1.19267976e+00
    9.88083243e-01 1.19845271e+00 -3.83037090e-01 1.11875975e+00
    1.10245109e-01 8.62412930e-01 6.32027030e-01 1.21239114e+00
    1.01581931e-01 1.00820100e+00 -2.55848795e-01 1.16394818e+00
    -7.26211071e-03 2.09877610e-01 1.02513480e+00 6.84616446e-01
    8.07150722e-01 2.20362067e-01 3.06619167e-01 5.18889904e-01
    1.77005529e-01 7.82124162e-01 4.86901522e-01 8.90300751e-01
    -2.48452798e-01 1.14058912e+00 2.46544182e-01 1.20273507e+00
    2.83274770e-01 5.06378531e-01 1.02603340e+00 1.25240064e+00
    3.54730844e-01 2.60377824e-01 1.10494864e+00 1.05313635e+00
    1.09806192e+00 9.65635538e-01 7.04959631e-02 2.12277412e-01
    9.08669233e-01 1.53760672e-01 8.62120748e-01 -1.06187224e-01
    1.21031857e+00 7.28346109e-02 4.85214710e-01 1.69685662e-01
    5.83629668e-01 9.32160139e-01 1.83478177e-01 5.92095554e-01
    4.60995615e-01 8.52955937e-01 1.26689196e-01 5.95827579e-01
    1.09777987e-01 8.85181427e-01 5.85533738e-01 7.86514044e-01
    1.21191859e-01 7.33493149e-01 -2.35021949e-01 1.34418273e+00
    -1.20617300e-01 8.29111218e-01 1.03982925e-01 1.02592480e+00
    4.11489904e-01 -1.54947788e-01 -1.69921726e-01 6.01069331e-01
    1.15058100e+00 -3.16549361e-01 1.38905442e+00 2.19511628e-01
    -3.19760859e-01 8.83169770e-01 9.88975763e-02 5.86382747e-01
    3.74320388e-01 -3.75630260e-02 9.63548541e-01 -3.44689757e-01
    1.36123943e+00 1.13800764e-01 7.74331868e-01 8.66784573e-01
    1.27875829e+00 1.18024838e+00 -2.50442863e-01 3.68614197e-01
    3.53348136e-01 4.59925830e-01 -8.65389109e-02 4.58707988e-01
    5.79474151e-01 5.85722148e-01 5.63423753e-01 -1.72842473e-01
    5.37416339e-02 6.34150743e-01 7.61176825e-01 7.11111486e-01
    -8.83013606e-02 1.14083111e+00 3.95523846e-01 2.96311617e-01
    -6.89609051e-02 6.23242080e-01 -1.10563159e-01 1.02450562e+00
    7.63905525e-01 1.19156289e+00 -2.80243695e-01 -3.45761001e-01
    1.32163215e+00 -1.10358208e-01 3.97088349e-01 5.19228160e-01
    8.88307691e-01 1.04617774e+00 7.39810228e-01 1.39857495e+00
    -1.77194372e-01 4.55426753e-01 5.92482984e-01 1.23740530e+00
    -3.99307311e-01 7.98507690e-01 -1.06948733e-01 -8.58174562e-02
    1.05097508e+00 1.29183507e+00 3.28720808e-01 2.98935235e-01
    4.64323878e-01 7.03652143e-01 1.11700654e+00 3.34526181e-01
    9.62725043e-01 7.84272671e-01 3.49995136e-01 -2.73361564e-01
    1.00600719e-01 -1.54767931e-01 1.19617891e+00 7.50191569e-01
    7.92732000e-01 -2.71549284e-01 1.28148723e+00 -4.68971729e-02
    1.22334385e+00 1.16952109e+00 -1.71477735e-01 9.82516170e-01
    9.48942184e-01 9.84642744e-01 -4.35192287e-02 3.12595665e-01
    4.28545356e-01 2.10444391e-01 2.84441471e-01 -2.62373030e-01
    8.20886970e-01 2.52613366e-01 9.05970097e-01 6.91491604e-01
    9.68606472e-01 9.46951270e-01 5.92983603e-01 9.00392413e-01
    7.00947762e-01 9.63898897e-02 6.87710464e-01 -4.26502824e-01
    1.12063241e+00 3.08814883e-01 -2.90051103e-02 7.14366257e-01
    9.53826427e-01 8.58753681e-01 1.05526316e+00 1.19693458e+00
    -4.81702983e-01 8.45855832e-01 -3.84469211e-01 1.11428094e+00
    5.05190969e-01 1.23749483e+00 3.06157589e-01 1.08009231e+00
    1.04543817e+00 2.01719403e-02 1.29563582e+00 6.10971451e-02
    6.21407270e-01 1.33822858e-01 7.79645562e-01 6.66076422e-01
    -6.36463165e-02 8.87717366e-01 2.28830278e-01 4.79125082e-01
    -2.29604185e-01 -4.34071422e-02 3.91220152e-02 1.11642182e-02
    1.00484610e+00 7.16800809e-01 6.43213034e-01 1.05905843e+00
    8.72854590e-02 1.47205770e-01 6.69667780e-01 8.20323586e-01
    9.67275500e-02 -1.11333430e-02 5.50654292e-01 4.76086259e-01
    3.71726453e-02 -2.11636126e-01 -6.97044432e-02 1.43381691e+00
    -1.89226180e-01 8.34521234e-01 -7.99092054e-02 5.84751725e-01
    1.11819863e+00 2.09636867e-01 8.83726954e-01 3.02447498e-01
    1.15326655e+00 8.85932446e-01 5.93032956e-01 9.21183228e-02
    4.04322982e-01 1.44376099e-01 1.01145852e+00 1.20776331e+00
    4.44144249e-01 1.14336061e+00 6.62280202e-01 2.06129074e-01
    -4.15152133e-01 6.30876482e-01 -3.28332365e-01 9.99266744e-01
    8.71448696e-01 3.72568607e-01 1.11820006e+00 4.57610488e-01
    4.53698993e-01 6.90520406e-02 1.29370177e+00 1.68864250e-01
    2.60444880e-02 -3.28437716e-01 9.39480662e-01 3.67284894e-01
    -4.89518940e-02 -2.12857679e-01 8.25833440e-01 4.97892499e-02
    -5.38003445e-03 6.26750529e-01 9.55795050e-01 6.86347485e-04
    8.47365141e-01 -2.07281798e-01 -8.33272934e-03 1.11856925e+00
    7.13621497e-01 -4.00478542e-02 -3.16889942e-01 1.13995719e+00
    6.23280644e-01 9.35273290e-01 9.66444969e-01 1.12780905e+00
    7.71975636e-01 6.78217411e-03 -2.69964933e-01 1.14488232e+00
    9.60778117e-01 6.10845327e-01 6.38848782e-01 -1.96266085e-01
    7.51451373e-01 1.10557473e+00 1.00447941e+00 -5.88829517e-02
    1.07288718e+00 1.14265084e-02 9.78287697e-01 1.12619054e+00
    1.12075329e+00 8.01882267e-01 9.57535267e-01 9.88318682e-01
    1.02681947e+00 1.02939403e+00 1.21978402e+00 -7.71548748e-02
    -3.22771072e-03 8.47883940e-01 -3.05151612e-01 6.65492952e-01
    2.11565912e-01 -8.25454593e-02 2.40047306e-01 -1.30176410e-01
    -2.58595675e-01 5.49312294e-01 9.56194162e-01 8.07255030e-01
    1.21100366e-01 9.23351884e-01 6.44978881e-02 2.45913565e-01
    1.08206749e+00 3.78261805e-02 4.62819636e-01 -3.85949910e-02
    3.48279774e-01 4.95775700e-01 9.20475304e-01 9.05430317e-01
    7.51442790e-01 9.46702957e-01 -1.17238730e-01 -2.92001665e-02
    5.90243459e-01 1.06019771e+00 -2.39896059e-01 4.50548708e-01
    1.23688364e+00 1.19963086e+00 1.10406601e+00 1.13367343e+00
    -2.58537829e-02 -2.48274207e-01 5.14153600e-01 3.08899105e-01
    -2.98619270e-03 1.13884413e+00 -3.17564547e-01 1.22240055e+00
    4.27358568e-01 -2.86024749e-01 7.29080737e-01 9.62728262e-03
    5.29914320e-01 8.86473060e-01 9.56458330e-01 1.44870222e+00
    -2.45516330e-01 1.21679604e-01 1.20506012e+00 1.10801458e-01
    6.80786252e-01 1.11920381e+00 9.07697201e-01 1.09760725e+00
    5.24458289e-01 -2.78955102e-01 6.77155793e-01 6.70550227e-01
    -4.15117145e-02 8.42503905e-01 5.96906781e-01 8.91015291e-01
    7.03505158e-01 8.04024518e-01 -2.68143147e-01 8.32167447e-01
    5.52914262e-01 1.61503673e-01 6.86281145e-01 -3.60256433e-02
    -2.04474360e-01 6.28866076e-01 -2.37822533e-03 1.19843006e+00
    1.19994879e+00 1.12028813e+00 2.54189551e-01 6.00106418e-01
    3.15167785e-01 -2.41881460e-01 -1.05173111e-01 1.81486428e-01
    1.12884212e+00 4.49222386e-01 6.43794417e-01 6.84190631e-01
    5.53260684e-01 5.60992539e-01 9.17444825e-01 -8.96158516e-02
    3.42924237e-01 -8.69965553e-03 -7.63790011e-02 9.08562183e-01
    3.16530466e-03 1.13694787e-01 -7.83622265e-04 1.02829504e+00
    4.46137190e-01 4.89435196e-01 7.58063197e-01 9.38479066e-01
    -6.92248940e-02 1.19591999e+00 6.09070957e-01 4.93538678e-02
    1.33010894e-01 5.96229970e-01 8.77535343e-03 1.10036230e+00
    1.26792848e+00 7.56849289e-01 -1.45375818e-01 3.32026780e-01
    1.24876726e+00 -1.55168056e-01 8.81565452e-01 9.78166699e-01
    7.63174772e-01 9.14214492e-01 2.29879439e-01 9.06437993e-01
    -9.68463421e-02 4.36702311e-01 1.13345194e+00 1.06331813e+00
    -1.72555551e-01 -1.77076995e-01 3.65908086e-01 1.19466329e+00
    8.64764452e-01 8.35283875e-01 7.97185779e-01 3.49644184e-01
    -6.85525835e-02 -1.59528375e-01 1.20201337e+00 6.06208563e-01
    2.01628864e-01 5.16202986e-01 1.54907763e-01 -2.26021007e-01
    1.31507587e+00 5.63424706e-01 8.46295953e-01 7.97609806e-01
    8.84354115e-01 5.62473416e-01 7.89029837e-01 1.26826823e+00
    4.32316720e-01 1.14897382e+00 4.32733715e-01 -2.35758215e-01
    1.32986927e+00 4.45190310e-01 1.34030604e+00 6.06841803e-01
    9.48042870e-01 -2.22644225e-01 2.69445419e-01 7.05267966e-01
    2.77192712e-01 9.24166739e-02 6.96803272e-01 7.04145312e-01
    -2.69669354e-01 1.30759490e+00 5.88601112e-01 4.03164506e-01
    6.42129719e-01 -2.33494341e-01 8.42564166e-01 7.53329396e-02
    5.03190994e-01 8.92511845e-01 5.84448099e-01 3.70003343e-01
    2.94735074e-01 5.19066691e-01 4.89769936e-01 5.10399103e-01
    1.55094743e-01 1.14989996e+00 5.45700431e-01 -3.11932087e-01
    3.25399458e-01 1.22165132e+00 9.88802791e-01 1.20846725e+00
    8.48045826e-01 1.24647713e+00 3.08218241e-01 1.41995311e-01
    -8.20523500e-03 -8.52049291e-02 -1.36561930e-01 -1.12723976e-01
    9.98512983e-01 2.26172328e-01 5.88980138e-01 -1.22133180e-01
    7.06276596e-01 4.69966471e-01 5.15385389e-01 2.86450028e-01
    -1.58063293e-01 1.10248327e+00 7.44682252e-01 2.00688481e-01
    1.31355739e+00 -2.95726776e-01 9.83717322e-01 1.71594977e-01
    9.00028348e-02 1.94063246e-01 1.04178452e+00 6.38951421e-01
    -1.40956700e-01 1.32473171e+00 1.26315236e+00 1.42522812e-01
    1.10404813e+00 1.97183430e-01 1.04126406e+00 2.11237609e-01
    4.30236876e-01 6.82014108e-01 8.81080747e-01 9.00921226e-01
    7.01791406e-01 -1.07812643e-01 1.27600622e+00 7.40628123e-01
    1.86284006e-01 7.49666095e-01 4.82486844e-01 4.21237051e-01
    5.93988061e-01 3.04591298e-01 -1.35563672e-01 1.25442588e+00
    -1.96519792e-01 5.88279963e-01 -1.65722996e-01 -1.84173703e-01
    3.69677663e-01 4.41006005e-01 4.13962841e-01 1.34455431e+00
    -5.09960055e-02 5.03925085e-02 6.84747636e-01 6.34428740e-01
    7.61942983e-01 1.38031709e+00 1.21769428e-01 1.03379500e+00
    1.37586915e+00 -2.12725803e-01 7.87678719e-01 5.77996373e-01
    7.62660265e-01 2.25400567e-01 2.73439586e-02 1.04308724e-02
    1.05547297e+00 1.10644937e+00 2.92853534e-01 1.95042253e-01
    1.17133999e+00 4.76213217e-01 -1.23174220e-01 -4.30387497e-01
    1.15434623e+00 8.86532068e-01 4.06469882e-01 -8.94157365e-02
    1.51212990e-01 9.45967436e-01 1.27655530e+00 -2.66466647e-01
    7.41960406e-02 -7.91431367e-02 3.60199213e-01 2.56241739e-01
    6.36872351e-02 1.05663490e+00 1.10419154e-01 5.30289531e-01
    7.96414852e-01 8.71580601e-01 1.05802894e+00 5.05221486e-01
    -1.62691444e-01 1.35428607e+00 1.11472309e+00 -1.16064489e-01
    -2.17212632e-01 7.06696212e-01 3.66802156e-01 1.76718473e-01
    7.49330103e-01 2.94468999e-01 1.23758042e+00 4.19706464e-01
    3.24591517e-01 2.84061432e-01 2.18835533e-01 4.66858745e-01
    -1.28504336e-02 1.96695983e-01 7.90961027e-01 6.04895651e-01
    4.90662277e-01 -2.95325935e-01 1.07457435e+00 4.29798305e-01
    6.15598083e-01 3.88847649e-01 1.13518465e+00 1.42028451e-01
    -1.52263045e-02 8.17650199e-01 4.89692509e-01 -1.67297348e-01
    1.25612414e+00 4.85905886e-01 6.50350630e-01 -1.15280747e-01
    1.03265488e+00 2.55609989e-01 5.55256724e-01 9.23531294e-01
    5.63533664e-01 7.25587428e-01 3.09181213e-03 9.16452765e-01
    2.95614004e-02 5.30652881e-01 -3.46317381e-01 1.39121342e+00
    -2.90149301e-01 -1.57159179e-01 -5.52799404e-02 5.71758330e-01
    7.63367891e-01 7.40740418e-01 1.61694944e-01 1.67122483e-02
    7.90183067e-01 6.76835179e-01 3.79967630e-01 1.08772933e+00
    9.30076241e-01 1.15380096e+00 1.37211382e-01 4.08733308e-01
    -2.73713291e-01 4.36601758e-01 7.60135651e-01 6.25556350e-01
    -3.12685370e-02 -2.93920934e-02 9.04131889e-01 8.23508620e-01
    1.47502005e-01 1.22173697e-01 -7.72272646e-02 8.34321141e-01
    8.92446995e-01 3.35206807e-01 1.65225208e-01 6.39731288e-01
    6.04291677e-01 -3.23609173e-01 6.60134971e-01 1.15037394e+00
    1.07967246e+00 7.17862070e-01 -1.71401903e-01 -1.97845936e-01
    6.03025854e-02 1.13429058e+00 -3.36254030e-01 5.50483525e-01
    2.00051904e-01 4.75317836e-02 4.29106236e-01 8.61327171e-01
    1.26195300e+00 1.14484966e+00 7.41746426e-01 8.63350868e-01
    -9.91579592e-02 7.08763301e-02 6.75496578e-01 5.80549598e-01
    8.44236612e-01 1.83096945e-01 1.12529254e+00 1.03367293e+00
    5.01558781e-02 6.68125033e-01 1.82075918e-01 9.25804257e-01
    5.69711626e-01 -1.87836170e-01 1.09875727e+00 6.72924519e-01
    -6.58611655e-02 8.52563083e-01 -3.40892226e-01 -6.09381795e-02
    4.28116381e-01 -2.89399713e-01 7.13959038e-01 6.69399500e-01
    9.31735039e-02 -5.00753075e-02 -2.84769952e-01 2.72887051e-01
    3.76802742e-01 8.53751659e-01 7.14373827e-01 1.06554377e+00
    6.47193670e-01 -2.75909513e-01 8.38958979e-01 4.60825861e-01
    8.41910124e-01 6.08168244e-01 9.74527001e-02 1.17397571e+00
    5.39752960e-01 6.69858694e-01 1.31823552e+00 -2.09335014e-01
    3.40502858e-01 1.68169975e-01 1.26745760e-01 2.07478553e-01
    -8.91781822e-02 -2.94836521e-01 -1.91817790e-01 6.20176852e-01
    1.11843264e+00 7.31957674e-01 1.00822699e+00 2.26094544e-01
    7.91891575e-01 8.60620260e-01 9.39389527e-01 6.76572323e-04
    -1.69167578e-01 1.02660239e+00 1.29776895e-02 -8.25702548e-02
    -1.92821562e-01 1.09019506e+00 6.78939223e-01 1.24950767e+00
    6.88033700e-02 6.34137988e-02 -3.26399654e-01 7.48194277e-01
    1.24852991e+00 -3.40965390e-03 2.19207764e-01 4.91675138e-01
    1.23018610e+00 -1.73150241e-01 7.17690706e-01 1.03804672e+00
    3.21712613e-01 4.00228024e-01 -5.23338914e-02 -3.52798492e-01
    1.30983377e+00 9.66344476e-02 4.97113347e-01 9.13316965e-01
    -3.92307937e-01 1.19625199e+00 4.46017861e-01 1.01788747e+00
    -3.87793779e-01 5.23365200e-01 6.39813602e-01 -3.43582332e-02
    1.49330795e-01 6.64574862e-01 2.12975502e-01 3.51498127e-01
    4.12130237e-01 8.25844765e-01 5.93808770e-01 -1.95812613e-01
    1.14686430e+00 3.53367627e-01 1.19281495e+00 4.03010190e-01
    5.43773055e-01 3.41855764e-01 1.13350475e+00 1.01908195e+00
    2.98722625e-01 8.31621766e-01 -6.10986948e-02 6.31685853e-01
    -4.92190719e-02 6.02498949e-01 -2.13303387e-01 1.11893570e+00
    7.14832544e-01 -2.17277870e-01 -1.39541373e-01 1.98369682e-01
    1.04675913e+00 -1.46501005e-01 -6.81483746e-03 8.57093513e-01
    3.44362497e-01 1.08908188e+00 8.23333621e-01 1.20178616e+00
    1.08177769e+00 5.36177933e-01 4.98075545e-01 1.24718666e+00
    4.10415411e-01 2.87294626e-01 -6.75920248e-02 -2.47502923e-01
    7.92305291e-01 8.12900186e-01 7.30409384e-01 1.11407948e+00
    3.28806281e-01 9.44278240e-02 9.86564279e-01 5.47004342e-02
    2.07400262e-01 1.17663407e+00 2.92108655e-02 1.07770789e+00
    8.79241228e-02 5.30984163e-01 2.10561395e-01 7.51379848e-01
    1.09463012e+00 3.62837076e-01 1.11669374e+00 2.62881458e-01
    1.38418615e+00 4.69261408e-01 2.16257572e-01 3.70098293e-01
    2.07740545e-01 -2.65280485e-01 6.85680509e-02 1.27333641e+00
    9.45820332e-01 1.23429275e+00 2.33461201e-01 2.50955135e-01
    3.00701857e-02 1.05933714e+00 9.91032839e-01 -1.76413953e-01
    9.48849678e-01 3.92179549e-01 1.18244565e+00 -1.88566864e-01
    -4.48912382e-03 1.57369435e-01 2.80829132e-01 4.43313718e-01
    1.22714090e+00 -2.11186111e-01 1.27495944e+00 -1.47903353e-01
    -1.64166227e-01 8.41195047e-01 7.56608248e-02 8.11859608e-01
    -2.51183748e-01 4.83436644e-01 -1.05527610e-01 3.26136708e-01
    1.23116016e+00 1.50947213e-01 1.03561294e+00 9.31622267e-01
    -8.11974108e-02 3.01916778e-01 7.13633299e-01 6.87157035e-01
    5.15443802e-01 3.17768216e-01 1.73513025e-01 5.16092896e-01
    1.20409298e+00 -7.82871842e-02 1.20625389e+00 6.71161234e-01
    4.24492419e-01 -1.33444369e-01 5.89974165e-01 -2.09352925e-01
    3.27672601e-01 9.13102150e-01 1.29576910e+00 -1.74539968e-01
    4.11933124e-01 1.36049819e+00 1.82618439e-01 1.12566197e+00
    9.38280582e-01 2.82188058e-02 7.97102034e-01 6.59761727e-01
    -1.32169902e-01 1.29436761e-01 6.24203861e-01 5.01492977e-01
    1.82048142e-01 3.30068171e-01 2.92975187e-01 9.11074877e-03
    1.37190473e+00 1.80558860e-01 -9.67394710e-02 -1.38130248e-01
    6.18720293e-01 4.60868657e-01 1.47872120e-01 5.02227068e-01
    5.13852835e-01 -2.68039107e-01 6.65476918e-01 9.32423711e-01
    7.02123523e-01 3.35783958e-02 -1.19995505e-01 1.38570094e+00
    1.00543416e+00 4.50622678e-01 4.88539517e-01 5.57753623e-01
    9.26645398e-01 -2.33996898e-01 1.22111881e+00 1.17886245e+00
    -1.32824689e-01 4.90614772e-01 7.08260417e-01 5.64357042e-01
    -1.61225379e-01 4.93839383e-01 -2.67057657e-01 4.24352884e-02
    4.95177507e-02 8.98870468e-01 1.10844135e-01 1.19104016e+00
    7.95341134e-01 -1.02640688e-01 1.06085134e+00 -2.10927218e-01
    4.53536391e-01 1.36818421e+00 4.44312096e-02 -2.49248147e-01
    1.25177109e+00 5.43005645e-01 1.32092524e+00 4.97072816e-01
    5.56741357e-02 -9.30573642e-02 7.40412354e-01 1.07605267e+00
    1.17786586e+00 -5.10534048e-02 8.11330080e-01 1.94454670e-01
    1.62964582e-01 8.23988676e-01 1.26873851e+00 3.41265023e-01
    9.63134408e-01 -1.40508860e-01 -1.29072070e-02 4.69037175e-01
    2.60491431e-01 6.70229018e-01 6.55799925e-01 8.33042026e-01
    -3.05113941e-01 1.34868443e+00 1.00047398e+00 -3.65167856e-01
    -1.98535949e-01 1.07952738e+00 8.64345908e-01 1.30829310e+00
    -1.78841829e-01 -2.66938657e-01 7.56032109e-01 2.25585401e-01
    -1.36512816e-02 -1.75442368e-01 4.62384641e-01 4.73966122e-01
    -3.19287777e-02 7.03388751e-01 -1.47032797e-01 1.20137203e+00
    -2.62407571e-01 1.22051573e+00 7.10635781e-01 1.34871006e-01
    8.73152733e-01 -1.16080582e-01 4.99191523e-01 4.96171176e-01
    8.78748298e-01 7.24512815e-01 4.91710186e-01 6.42310381e-02
    1.34404635e+00 -2.37104148e-01 3.87093842e-01 8.59729648e-01
    1.56236649e-01 1.78768218e-01 8.20028067e-01 5.23298264e-01
    7.22880602e-01 3.03267002e-01 1.01501226e+00 1.11920476e+00
    3.64967227e-01 1.24670601e+00 -8.08364153e-02 5.13243556e-01
    1.27452505e+00 -2.94819534e-01 1.13987494e+00 1.21707690e+00
    4.80036020e-01 1.24545586e+00 -1.92951471e-01 2.71545589e-01
    2.09122300e-02 8.19174409e-01 6.09584570e-01 1.31840396e+00
    -1.56539977e-01 -1.23356134e-01 -3.02207470e-03 8.24737310e-01
    2.37852812e-01 5.47115207e-01 1.02083123e+00 1.04105866e+00
    2.88163841e-01 2.08471239e-01 6.01167679e-01 1.26482534e+00
    4.76426125e-01 3.23936820e-01 7.92739987e-01 1.07448196e+00
    -2.53031671e-01 3.52977157e-01 6.92114174e-01 -3.40759158e-02
    7.76695967e-01 7.08383024e-01 -1.92033142e-01 -1.68933794e-01
    2.90750444e-01 -2.10875243e-01 -1.88695639e-01 1.19301081e-01
    1.12835467e+00 -3.37564826e-01 6.67030334e-01 1.33917260e+00
    -3.92726451e-01 5.59642792e-01 7.84351587e-01 4.71335053e-01
    2.80749202e-01 1.19876790e+00 -7.41121471e-02 1.81681931e-01
    -1.67146206e-01 1.17765844e-01 6.02205813e-01 1.77902579e-02
    5.99860549e-02 3.43080759e-01 1.04814303e+00 -2.58072287e-01
    -9.71019268e-03 4.33906555e-01 3.93910408e-02 1.12863243e+00
    4.50471997e-01 6.53698325e-01 2.46289253e-01 1.22665930e+00
    4.50777590e-01 1.36719525e+00 3.50802541e-02 1.98102951e-01
    1.21571076e+00 -2.65608162e-01 1.11339426e+00 -1.79794133e-01
    1.63256884e-01 2.77224779e-01 8.12680602e-01 9.09456730e-01
    1.20814252e+00 5.24369836e-01 1.05278921e+00 -9.90915000e-02
    8.28293264e-01 3.32053900e-01 -1.84901014e-01 4.64767575e-01
    8.39256406e-01 9.87164140e-01 5.31143785e-01 1.20796204e+00
    -7.51376152e-04 2.03882039e-01 -9.12736654e-02 9.85123277e-01
    -3.03584635e-02 9.08414006e-01 1.22410679e+00 8.49301934e-01
    1.08710825e-01 1.00869155e+00 3.36184204e-01 5.30946851e-01
    6.52577281e-01 7.32792377e-01 5.12596011e-01 3.40753198e-01
    -2.28045404e-01 9.76001859e-01 2.75482893e-01 3.85975420e-01
    5.59997439e-01 1.15677822e+00 9.54119563e-01 3.31032276e-02
    1.44965053e-01 7.98563540e-01 2.91340888e-01 1.16720676e-01
    1.36275089e+00 1.42873883e-01 -1.40513986e-01 4.24185395e-01
    1.34715915e-01 3.00034106e-01 4.04406786e-01 1.10495913e+00
    1.19907331e+00 7.69509017e-01 -3.07766527e-01 4.03788686e-03
    1.42709363e+00 -2.55061895e-01 4.14806366e-01 1.01196063e+00
    3.63474846e-01 3.75138700e-01 9.16077375e-01 2.70975828e-01
    4.21062946e-01 3.95208001e-02 1.13697982e+00 3.14197898e-01
    1.59852892e-01 1.17675364e-02 -6.18303716e-02 1.08470273e+00
    6.89443469e-01 4.62642968e-01 -6.67553246e-02 1.29676604e+00
    2.70703137e-01 8.82081509e-01 1.14169455e+00 3.12536895e-01
    7.96705365e-01 5.64064860e-01 1.28485978e-01 8.55496526e-02
    1.41144264e+00 3.22941899e-01 1.21692610e+00 -1.29659295e-01
    5.38418591e-02 1.18178010e+00 1.13228691e+00 2.54045606e-01
    1.32037914e+00 1.09660268e+00 1.38893259e+00 4.25312877e-01
    1.02075922e+00 1.82789803e-01 8.43194962e-01 1.25219262e+00
    -4.76795077e-01 5.40816665e-01 9.39196229e-01 1.25606811e+00
    8.18171978e-01 7.64598370e-01 1.02775347e+00 6.77084684e-01
    1.16117001e-02 7.43943393e-01 -2.60608941e-01 3.26120377e-01
    8.37593555e-01 1.54049635e-01 6.83611751e-01 3.04761410e-01
    2.84158766e-01 8.71810794e-01 7.87481546e-01 -1.51823878e-01
    5.24790347e-01 7.96861887e-01 6.22887731e-01 -2.44804442e-01
    1.16995096e-01 9.06704068e-02 1.04833472e+00 -4.61234838e-01
    1.34721982e+00 8.18228722e-01 3.63017380e-01 -1.64416939e-01
    5.91636777e-01 1.13771749e+00 2.64949322e-01 1.10626459e+00
    1.63896024e-01 1.19765270e+00 -1.09184146e-01 -5.11493087e-02
    9.68124270e-01 1.25889087e+00 -1.45495117e-01 9.41029072e-01
    1.54907048e-01 5.74048281e-01 -1.37589529e-01 5.20376325e-01
    -2.40568638e-01 1.05187726e+00 1.16878068e+00 1.48883522e-01
    8.50718558e-01 7.40499258e-01 -1.03364706e-01 8.32223058e-01
    -1.38482988e-01 2.85070717e-01 7.20613480e-01 4.65643406e-02
    1.33139729e-01 5.87280631e-01 4.45016921e-01 8.17303061e-01
    -9.05994773e-02 1.23428786e+00 9.67895389e-01 1.09531164e-01
    1.06825459e+00 -2.07293600e-01 6.98826075e-01 9.97932196e-01
    1.15313268e+00 7.45152473e-01 4.94866371e-01 6.05438590e-01
    1.09380889e+00 8.34966063e-01 -5.54248691e-03 1.71146810e-01
    -8.77695382e-02 1.25231028e+00 9.58412886e-01 3.02132368e-01
    4.30582821e-01 7.46665001e-01 5.39287329e-02 8.52227688e-01
    4.72065866e-01 -2.19828039e-01 1.30037844e+00 4.80923891e-01
    6.19915009e-01 1.12526655e+00 5.30619383e-01 6.92019224e-01
    9.51429844e-01 6.06635332e-01 9.47088838e-01 4.31992650e-01
    1.16320753e+00 1.17456615e-01 5.16937494e-01 3.00877690e-02
    4.29380238e-01 5.76467991e-01 7.33095407e-01 6.89149022e-01
    8.42589855e-01 2.77793646e-01 1.24639261e+00 4.28813934e-01
    1.12577367e+00 -3.50517988e-01 9.56771791e-01 -2.15509742e-01
    1.04999447e+00 3.22629154e-01 6.74062133e-01 7.32093275e-01
    8.57283473e-02 8.27840924e-01 3.57698083e-01 -2.71438360e-01
    4.63765144e-01 8.26500654e-01 1.18973911e+00 7.27415681e-01
    5.93049169e-01 4.47942376e-01 3.74263346e-01 -3.34022045e-01
    9.02869403e-01 9.06115770e-03 -3.42675149e-01 5.65143824e-01
    3.79505217e-01 5.07196248e-01 4.61500406e-01 7.46115923e-01
    4.90461290e-02 6.98610783e-01 5.84760904e-02 1.06904554e+00
    -4.91050482e-02 6.62582517e-02 1.03380728e+00 1.18806124e+00
    1.52077675e-02 8.08663011e-01 6.92063570e-01 1.11121750e+00
    1.05889225e+00 -2.37673193e-01 -2.92597502e-01 4.21822011e-01
    1.11470056e+00 -1.82896107e-01 4.04373705e-01 1.42510951e-01
    3.15219223e-01 1.10527396e+00 -1.14454746e-01 8.19466710e-01
    -1.12884164e-01 4.14013863e-01 -2.57743984e-01 6.05841637e-01
    7.78950095e-01 1.91846907e-01 8.23043227e-01 6.64260387e-02
    5.52891970e-01 1.18483520e+00 1.18012357e+00 3.21296990e-01
    1.39185905e-01 1.08579427e-01 -5.51731586e-02 1.02961278e+00
    -6.58437014e-02 9.21639681e-01 1.72568202e-01 1.05379748e+00
    -2.45859534e-01 -1.74386933e-01 -1.78351343e-01 1.73873305e-02
    1.50949681e+00 -2.53766119e-01 6.62807345e-01 4.25697446e-01
    6.10367417e-01 6.89463854e-01 -1.44390255e-01 7.97505915e-01
    1.07717633e-01 6.19422555e-01 1.05725253e+00 -5.03731668e-02
    -1.85823441e-01 7.78161645e-01 6.86294496e-01 2.80550122e-02
    8.99102926e-01 3.17266643e-01 1.28031135e+00 -1.39224529e-02
    4.95413542e-01 -3.44046772e-01 9.08130348e-01 -1.14488333e-01
    -3.24932039e-01 1.04996765e+00 -2.73590684e-01 9.40256596e-01
    6.32284999e-01 2.93492794e-01 6.25234127e-01 1.88533902e-01
    3.44736278e-02 5.34826279e-01 6.92392945e-01 8.32078815e-01
    -1.94164410e-01 -6.28306866e-02 1.13501132e+00 7.75838494e-01
    1.12899637e+00 2.85730660e-01 -1.90717727e-01 1.16560841e+00
    4.30766702e-01 5.35540342e-01 1.78033590e-01 6.79233015e-01
    -7.10116923e-02 1.13027322e+00 8.77428174e-01 1.70179546e-01
    1.23327553e-01 2.34851599e-01 -4.00822669e-01 1.41417551e+00
    -1.92915142e-01 1.52227700e-01 -4.19925451e-02 1.31562757e+00
    -4.11082566e-01 1.02361822e+00 -5.30544221e-01 1.13848519e+00
    1.00635946e+00 4.70238447e-01 4.98728752e-01 7.55224466e-01
    1.40583122e+00 9.93333459e-02 5.90869546e-01 -2.50368178e-01
    7.11597383e-01 1.10825062e-01 5.71072221e-01 1.12340391e-01
    2.58910239e-01 1.29185462e+00 1.00129843e-01 4.95728076e-01
    1.25244546e+00 8.81560564e-01 8.81909847e-01 8.96113753e-01
    7.34236121e-01 2.88302302e-01 4.30852056e-01 2.86592960e-01
    1.38986230e+00 -3.87624443e-01 1.05661416e+00 2.00053811e-01
    5.50472438e-01 8.60837936e-01 1.14456177e+00 7.13872194e-01
    1.06075752e+00 -1.19579196e-01 1.20739460e+00 7.55148530e-01
    1.29275751e+00 -4.34364676e-01 1.15239739e+00 1.06104398e+00
    -9.04595852e-03 1.04654872e+00 2.39276886e-01 1.41559219e+00
    -4.04438585e-01 1.21517742e+00 1.02674782e+00 6.15916312e-01
    -2.41675973e-02 1.42810404e+00 -9.99827981e-02 3.43602955e-01
    4.68127072e-01 4.03588295e-01 -4.39693332e-01 1.38642585e+00
    -4.88822967e-01 1.04129767e+00 -2.23917201e-01 -2.01660052e-01
    1.32891858e+00 -6.42349720e-02 7.03256726e-01 4.43119049e-01
    9.58226085e-01 -1.99942231e-01 4.35006022e-01 9.30653453e-01
    5.05815148e-01 5.95416546e-01 8.92960668e-01 4.79599893e-01
    8.03892255e-01 8.80526125e-01 -3.45372379e-01 7.66715169e-01
    9.58761930e-01 9.72376823e-01 8.93590689e-01 1.18425429e+00
    7.11959958e-01 1.11753702e-01 9.55712795e-03 1.26464128e+00
    2.04477370e-01 -2.87687659e-01 5.86623549e-01 5.49676895e-01
    6.94040537e-01 2.01051950e-01 3.40061486e-01 9.05266523e-01
    1.79292023e-01 9.90109444e-01 5.68325877e-01 2.49400914e-01
    1.07178986e-01 2.05355525e-01 9.54234481e-01 9.91066217e-01
    5.66076279e-01 1.32930720e+00 -2.59388447e-01 9.38026786e-01
    6.81182146e-02 1.07384264e+00 1.18298745e+00 1.19202495e+00
    -2.67126620e-01 -1.97783932e-01 4.55995917e-01 1.13827503e+00
    1.24124718e+00 -1.82139844e-01 1.06840837e+00 3.39844346e-01
    -2.73886412e-01 2.48495221e-01 1.07787168e+00 -2.62890667e-01
    6.93798065e-02 5.77518046e-01 3.06056738e-02 7.87717581e-01
    4.87452388e-01 1.21510851e+00 2.08000958e-01 1.04742372e+00
    -4.80465889e-01 1.23388660e+00 5.25991559e-01 8.24535012e-01
    9.94746327e-01 9.52197194e-01 6.77404642e-01 1.18432188e+00
    1.17494488e+00 8.85318518e-01 1.22539353e+00 9.78524089e-01
    6.08477235e-01 6.64476097e-01 -9.47789252e-02 9.09676194e-01
    -2.78223068e-01 5.37232757e-01 2.53073990e-01 1.08546090e+00
    4.73946571e-01 -6.33278191e-02 -4.09571826e-01 1.22621810e+00
    -1.28137976e-01 -9.29454267e-02 7.88308263e-01 1.10627496e+00
    5.66200972e-01 8.92139792e-01 1.14939141e+00 8.45826030e-01
    8.31785798e-01 1.16910982e+00 3.93567562e-01 7.74667263e-01
    -2.89065212e-01 -1.01906121e-01 6.82104290e-01 2.87341475e-01
    -6.10092580e-02 5.26221037e-01 8.62523794e-01 4.95587349e-01
    9.53624845e-01 5.97008467e-01 9.40366507e-01 2.06776738e-01
    -3.01346004e-01 8.45751166e-02 1.06800044e+00 7.72006989e-01
    -1.93375811e-01 -1.05715916e-01 8.60711694e-01 -2.97400951e-02
    1.33080637e+00 3.43701363e-01 3.38939846e-01 8.27258110e-01
    1.15411747e+00 1.23473072e+00 1.58733487e-01 1.05444193e+00
    -2.47352719e-02 3.16783011e-01 2.95908451e-01 6.65039539e-01
    -2.14029253e-01 1.13074481e+00 4.04530823e-01 -8.84917676e-02
    1.04236424e-01 3.63388300e-01 1.31512737e+00 1.35086775e-01
    3.80870461e-01 1.00043964e+00 5.52457094e-01 9.37950611e-01
    7.20978737e-01 -1.57695308e-01 -1.13304257e-01 1.16175079e+00
    2.23539948e-01 4.69606459e-01 2.15147853e-01 6.02190912e-01
    7.05585241e-01 4.70114708e-01 1.39241648e+00 7.41775632e-02
    1.02038145e+00 1.28151453e+00 -1.46780938e-01 7.82320797e-02
    5.75041771e-03 3.11325729e-01 1.20392215e+00 9.03236628e-01
    9.02907848e-01 1.18537331e+00 -8.67326856e-02 8.00500393e-01
    1.02104712e+00 8.79391074e-01 8.54763269e-01 -1.53829664e-01
    1.27365899e+00 4.77542222e-01 2.45257616e-01 2.83424079e-01
    4.54471231e-01 3.13543558e-01 2.19778597e-01 8.95816684e-02
    -1.41530856e-01 -7.25012571e-02 7.57009685e-01 4.70780134e-01
    6.81716442e-01 1.01011336e+00 1.20023131e-01 -2.75348455e-01
    1.38568282e+00 4.29091930e-01 1.05126905e+00 6.25119030e-01
    5.56679368e-02 9.44508672e-01 5.61382532e-01 -1.59265369e-01
    6.84868634e-01 -3.60751152e-03 2.50292361e-01 2.73731917e-01
    2.71183550e-01 5.85053861e-01 -3.47106546e-01 5.50732553e-01
    3.52207124e-01 -1.45046294e-01 -1.83547139e-02 2.93571353e-01
    3.60680223e-01 1.18108380e+00 1.04765952e-01 -2.61794448e-01
    1.16503966e+00 9.15327072e-01 1.24539840e+00 8.31931472e-01
    -6.70260191e-03 9.97563243e-01 9.00971889e-03 7.64986515e-01
    1.18508625e+00 6.06941581e-01 -1.76317692e-02 8.61354828e-01
    -8.63902569e-02 3.28005791e-01 -2.57214189e-01 2.87191927e-01
    -1.09648943e-01 1.17810023e+00 -1.19619787e-01 1.09455717e+00
    4.66960430e-01 6.70074224e-01 1.38249815e-01 1.31007552e-01
    2.85229921e-01 2.19088078e-01 9.33434844e-01 2.58264720e-01
    2.44541764e-02 1.48986578e-02 9.31002080e-01 -1.23323083e-01
    5.35057783e-01 -2.76845664e-01 7.40164101e-01 6.93447709e-01
    8.33694339e-01 6.95183992e-01 1.35621202e+00 1.88772321e-01
    1.01120412e-01 7.86238730e-01 -1.81758881e-01 -3.17099392e-01
    9.47080255e-01 -1.27440691e-02 4.93040204e-01 1.03999257e-01
    9.93098021e-01 -4.08207446e-01 1.04075074e-01 7.30556846e-01
    7.14653373e-01 -3.17979366e-01 2.95909286e-01 1.29301989e+00
    -1.88831449e-01 -3.62925529e-01 1.26839137e+00 -2.46254265e-01
    1.43028855e-01 2.60961831e-01 1.04598200e+00 9.92588520e-01
    8.83087277e-01 8.92447710e-01 4.74214673e-01 1.13925695e+00
    4.48579550e-01 4.04555619e-01 3.75021517e-01 -1.61855757e-01
    1.27578354e+00 3.71615887e-01 8.66662145e-01 9.57118750e-01
    1.92194909e-01 -4.95025814e-02 9.24441695e-01 -7.37552047e-02
    1.20911241e-01 -3.53836119e-02 -2.49585629e-01 1.02897739e+00
    6.37302399e-01 7.37547994e-01 -2.00424224e-01 1.03860152e+00
    4.75350618e-01 5.79920113e-01 8.08928490e-01 7.80559421e-01
    -3.27847481e-01 8.59168768e-02 7.99111128e-02 -9.87524986e-02
    1.44672966e+00 2.59737670e-01 1.08688581e+00 6.68351889e-01
    1.13579357e+00 -1.36613220e-01 4.82302785e-01 6.49527550e-01
    8.57514977e-01 -3.64447415e-01 1.32312369e+00 1.06309736e+00
    1.20705283e+00 3.49330902e-01 8.29243898e-01 1.48898661e-02
    -2.11964816e-01 1.21080577e-01 1.28576458e-01 1.37676597e-02
    9.28289652e-01 7.55308390e-01 6.16200805e-01 -6.08519018e-02
    6.06012285e-01 2.87597775e-01 8.39153349e-01 3.35102201e-01
    4.48679745e-01 3.92085671e-01 -1.07228160e-02 2.77419865e-01
    5.88761985e-01 3.44792187e-01 1.31214750e+00 9.24872756e-01
    1.24834609e+00 1.26314521e-01 6.76846504e-03 -5.64835668e-02
    1.52272940e-01 7.83613443e-01 1.01397872e+00 7.51084447e-01
    1.01286435e+00 -1.71122611e-01 1.99084938e-01 1.18339980e+00
    2.32999325e-01 9.76758122e-01 6.85188651e-01 5.39564490e-02
    5.30138075e-01 8.77397060e-01 9.07528400e-01 1.06837964e+00
    1.23685098e+00 7.09723830e-02 -1.96405262e-01 1.26687968e+00
    1.24515879e+00 9.24811125e-01 7.82703161e-02 9.18051958e-01
    1.28020465e+00 8.41407776e-02 2.79197067e-01 1.61396801e-01
    1.10423100e+00 8.31951618e-01 6.51629329e-01 1.64273381e-02
    2.97247410e-01 7.16517806e-01 3.27221811e-01 1.34790230e+00
    5.77849150e-03 1.14144301e+00 -2.78050125e-01 5.99933028e-01
    1.00495756e+00 5.74721217e-01 -2.93531865e-01 6.98843062e-01
    1.37699330e+00 5.92511296e-01 4.56721842e-01 -1.86232060e-01
    9.84443069e-01 -2.59516627e-01 2.16440618e-01 1.15755880e+00
    1.22038388e+00 -1.70586914e-01 7.12600708e-01 1.90236092e-01
    2.52094626e-01 1.42891216e+00 -1.20203018e-01 8.66060138e-01
    -3.20619911e-01 7.63308287e-01 6.65888488e-01 -2.47642219e-01
    2.19037890e-01 1.55571997e-01 1.29970789e-01 1.03130531e+00
    8.54973197e-01 5.55090606e-01 -2.23670006e-01 4.05053735e-01
    5.44805408e-01 9.16327000e-01 9.16512609e-02 8.21689844e-01
    -3.99477601e-01 1.14306569e-01 8.34783852e-01 5.19791245e-02
    5.30116081e-01 5.79722583e-01 1.08159971e+00 1.11213851e+00
    2.00283408e-01 1.30155504e-01 9.33736801e-01 1.75001383e-01
    6.19051397e-01 -9.45760906e-02 1.11188805e+00 4.46728110e-01
    1.12391651e+00 -3.59849513e-01 1.49652958e-02 1.27098119e+00
    -2.14982480e-01 5.32819748e-01 1.01705122e+00 -3.41539085e-01
    7.01830983e-02 1.19735420e+00 -1.99769348e-01 1.41787910e+00
    -3.05678666e-01 1.09082603e+00 -1.41262367e-01 -4.96463031e-02
    3.95446241e-01 1.30960488e+00 8.65953445e-01 1.29207230e+00
    5.22940874e-01 -6.02906942e-03 3.66050750e-01 4.09265339e-01
    1.31728351e-01 4.01024401e-01 8.47207367e-01 1.91712320e-01
    9.44195747e-01 1.99835181e-01 4.79332983e-01 5.28290570e-01
    5.52035213e-01 1.03215599e+00 9.39377546e-01 7.04772949e-01
    5.71330786e-01 1.04313946e+00 1.13717496e+00 1.13325822e+00
    9.68560457e-01 3.94225538e-01 7.58849204e-01 -1.11488074e-01
    9.99471545e-03 8.49661410e-01 -9.69266593e-02 1.05422831e+00
    1.10263705e+00 5.33728838e-01 -2.93444067e-01 1.37719548e+00
    4.69334900e-01 1.83118820e-01 9.64665413e-02 1.18716288e+00
    -7.80081749e-02 1.36639166e+00 -3.66499364e-01 -2.62056530e-01
    1.10713005e+00 1.68615222e-01 1.04200459e+00 7.59805799e-01
    -1.56832993e-01 1.30715811e+00 9.81879234e-03 1.28915524e+00
    8.09282303e-01 5.35227895e-01 1.21839499e+00 7.11522579e-01
    3.36621702e-01 7.82261610e-01 9.28871870e-01 8.70704889e-01
    8.71371746e-01 1.00562835e+00 7.26784825e-01 1.13924742e-01
    2.61232257e-01 1.19315302e+00 1.18723845e+00 9.40544009e-01
    1.04653418e+00 1.32802546e-01 9.26994801e-01 2.42901146e-01
    1.19017470e+00 6.24338329e-01 2.57485032e-01 1.08863211e+00
    1.01225996e+00 1.11566651e+00 1.85304880e-02 7.57611513e-01
    1.36624134e+00 -1.38377666e-01 9.04632092e-01 9.16468263e-01
    9.69661951e-01 5.73672652e-01 4.06518102e-01 5.15324473e-02
    -1.89893544e-01 6.43169284e-02 7.31438279e-01 6.26166940e-01
    1.13479960e+00 -2.03017682e-01 1.00164390e+00 -3.32950503e-01
    2.00929463e-01 3.28839540e-01 7.03989327e-01 -6.97489679e-02
    -1.41387552e-01 6.99530482e-01 1.23905599e-01 1.18911564e+00
    1.19597650e+00 -9.48023796e-03 1.34590685e+00 1.41095817e-01
    2.88653374e-01 -9.09275115e-02 9.63872552e-01 8.17924738e-01
    1.10203171e+00 1.14410472e+00 3.00291479e-01 9.09129143e-01
    2.59123623e-01 1.06171751e+00 9.48219299e-02 -2.02200681e-01
    8.62930059e-01 9.67823625e-01 -4.08312321e-01 -5.99029660e-02
    1.29470646e+00 4.66185033e-01 3.98946166e-01 8.54909062e-01
    -4.95791435e-02 1.31211483e+00 -9.57889855e-02 2.47812808e-01
    2.41966963e-01 6.74969077e-01 -2.26923794e-01 4.09487247e-01
    6.45325243e-01 1.43557906e-01 1.19348776e+00 -4.69680160e-01
    1.07082915e+00 1.10758829e+00 -3.26336294e-01 1.12459445e+00
    9.40989137e-01 8.87209415e-01 1.24077237e+00 4.14638579e-01
    3.40996981e-02 5.62609315e-01 5.52998185e-02 6.83351398e-01
    9.60431576e-01 1.04278791e+00 2.67935395e-01 -1.49652362e-01
    1.39082110e+00 9.66567516e-01 7.02212334e-01 -1.75592571e-01
    2.63832808e-02 -3.39839786e-01 7.82703161e-01 4.16174233e-01
    -1.88872367e-01 -2.13607252e-01 1.37694395e+00 4.71459508e-01
    -1.61974639e-01 5.50268292e-01 2.05536842e-01 -1.85959309e-01
    -1.58967346e-01 1.66566670e-01 -2.10994095e-01 1.35204554e-01
    1.15366316e+00 1.39825761e-01 7.78707504e-01 5.93811870e-01
    1.07730627e+00 6.76769853e-01 2.39573479e-01 -3.54690492e-01
    3.02848220e-02 2.91257143e-01 3.24539781e-01 6.94870234e-01
    7.35889912e-01 5.92737436e-01 1.17246771e+00 1.90425694e-01
    -1.67503044e-01 1.91821754e-01 8.79225731e-01 1.32455385e+00
    -2.04513937e-01 1.35640585e+00 3.15892696e-03 3.51554096e-01
    7.13012934e-01 2.59830177e-01 2.23564923e-01 1.06645107e+00
    9.37656879e-01 -1.93506420e-01 1.19432998e+00 -1.74262166e-01
    1.16277599e+00 4.47631359e-01 2.34648943e-01 -1.13309920e-01
    6.07597351e-01 1.03214383e+00 8.93929601e-01 2.03281283e-01
    1.17473435e+00 3.28572392e-02 3.65419805e-01 1.05828202e+00
    1.70818508e-01 4.26331639e-01 3.73674631e-01 1.11671865e+00
    9.82327938e-01 1.16657281e+00 -6.90444410e-02 3.85445654e-01
    1.26299000e+00 -2.27246016e-01 3.78445446e-01 3.98568094e-01
    3.91414523e-01 1.05654097e+00 3.73386621e-01 7.79680431e-01
    3.72517347e-01 9.72067118e-02 4.72224712e-01 6.84468150e-01
    7.84869671e-01 1.03495824e+00 5.31956077e-01 -2.46705085e-01
    1.07758963e+00 1.16720283e+00 8.30673218e-01 9.17731285e-01
    1.14500785e+00 6.73691630e-02 -1.03776455e-02 2.54744589e-01
    1.20723152e+00 7.50016570e-01 8.00554931e-01 2.91601360e-01
    -1.05507568e-01 -1.86740786e-01 2.42328048e-01 -2.66671002e-01
    8.11351001e-01 3.88009846e-01 7.23410249e-02 7.87955582e-01
    2.09841609e-01 8.18442047e-01 -2.97958404e-01 1.29773271e+00
    6.33527875e-01 -2.80450284e-01 4.48511481e-01 -2.51865983e-01
    3.55329096e-01 1.15322471e-02 -7.53085017e-02 2.57759511e-01
    1.86836839e-01 1.08242810e+00 -1.70670748e-02 -4.70994115e-02
    1.14823973e+00 -1.28786862e-01 1.12494326e+00 -2.94628918e-01
    1.19816756e+00 -1.39333963e-01 -1.10300452e-01 6.12553239e-01
    8.54107976e-01 8.80139232e-01 1.19200492e+00 7.86029935e-01
    1.04566669e+00 -2.32181698e-01 6.90639377e-01 -2.01225281e-03
    8.05801153e-01 -2.24019259e-01 1.26975930e+00 4.50207829e-01
    1.02031946e+00 5.25956452e-01 3.35860252e-01 5.60217142e-01
    6.80043280e-01 -2.96126604e-01 9.53249693e-01 6.41308069e-01
    1.03711009e-01 2.82633901e-02 9.81605411e-01 8.07326436e-01
    -2.63691813e-01 6.11922920e-01 1.20225775e+00 2.89866090e-01
    1.09052241e+00 9.03998613e-01 5.70940852e-01 1.33047485e+00
    -9.59044099e-02 1.17576218e+00 7.18568683e-01 -2.14839756e-01
    9.83710408e-01 3.66019905e-01 2.04727113e-01 5.24429798e-01
    9.80052948e-01 1.95163906e-01 1.56890571e-01 -1.44865990e-01
    1.84594333e-01 9.93955612e-01 1.08599186e-01 5.17673552e-01
    1.09917164e-01 -2.63692737e-02 -3.60419631e-01 1.18942869e+00
    -1.52810425e-01 -8.00513625e-02 -4.19172049e-02 3.19365740e-01
    1.05387473e+00 9.74843740e-01 3.06532443e-01 1.06469905e+00
    6.00620270e-01 9.32337523e-01 1.65003538e-02 5.48886895e-01
    1.28939724e+00 3.54567170e-01 -2.08527416e-01 4.99025941e-01
    2.11193144e-01 4.17440712e-01 8.79611611e-01 4.10993695e-01
    3.45993042e-01 6.90360546e-01 5.49567223e-01 2.21214592e-01
    -3.10775816e-01 1.11763871e+00 3.96762490e-01 1.00174427e-01
    4.04159963e-01 1.66445673e-01 -5.76839745e-02 3.50692272e-01
    2.35322356e-01 6.86879039e-01 1.03862560e+00 7.43558645e-01
    1.91068292e-01 1.18372929e+00 1.26549506e+00 8.87817383e-01
    -1.91419631e-01 6.07851624e-01 1.34112477e-01 1.69042289e-01
    5.49986362e-02 5.27721524e-01 4.17505026e-01 -1.11343712e-01
    -3.06087762e-01 1.09747636e+00 1.34372807e+00 1.87015653e-01
    1.86646283e-01 1.06937301e+00 5.56293249e-01 1.36810577e+00
    8.99788737e-02 5.13043106e-01 3.24317992e-01 5.04876971e-01
    4.96968150e-01 -1.43419266e-01 6.25492096e-01 1.38837099e-01
    2.03268528e-02 4.67036426e-01 -4.96036708e-02 5.74433565e-01
    -1.06590927e-01 1.16603398e+00 2.09214509e-01 1.26603174e+00
    -4.27403003e-01 -1.34052306e-01 1.79433227e-02 9.35756564e-01
    8.22078824e-01 5.78216136e-01 3.55592608e-01 7.93364882e-01
    1.21880043e+00 8.13465238e-01 1.22308016e+00 -4.64312226e-01
    6.48035228e-01 9.58512902e-01 5.53521574e-01 6.26103580e-02
    8.10987949e-02 7.10084558e-01 8.85275245e-01 1.13811672e+00
    4.57798958e-01 -6.29393160e-02 1.02014470e+00 -1.17193043e-01
    7.81470656e-01 1.18768811e-02 9.29618239e-01 1.40834486e+00
    6.39469028e-01 6.62822723e-01 8.07246923e-01 3.38493645e-01
    8.24931979e-01 4.85033631e-01 1.06145453e+00 -2.85597414e-01
    3.84644210e-01 1.75682038e-01 -2.55272299e-01 1.53929293e-01
    8.72901082e-01 4.91425574e-01 1.00641739e+00 -2.75712401e-01
    6.82050526e-01 -3.45430076e-01 1.08967686e+00 5.47681212e-01
    4.74046946e-01 4.69299555e-01 -3.70817125e-01 1.06440437e+00
    5.88860154e-01 1.31434929e+00 7.16846585e-01 8.11720848e-01
    1.20395517e+00 5.14116645e-01 5.93028426e-01 5.59671223e-01
    4.75504279e-01 3.51232409e-01 1.30412316e+00 2.69061923e-01
    8.62800598e-01 7.64701486e-01 5.77605963e-01 1.34714282e+00
    -3.51071775e-01 2.58868277e-01 6.47574067e-02 6.69484854e-01
    7.59027600e-02 1.04579997e+00 8.52776051e-01 2.91794300e-01
    6.81284845e-01 8.85164976e-01 -1.67344779e-01 6.36849523e-01
    -1.33934543e-01 -2.35801339e-01 4.24253345e-01 1.23523057e+00
    6.85776353e-01 -3.82880837e-01 5.66578090e-01 8.70420694e-01
    -1.07698441e-01 4.46955323e-01 6.67536974e-01 7.55955219e-01
    -3.49902511e-02 1.03700161e+00 -3.16383570e-01 7.71078467e-01
    1.25704396e+00 -3.11908126e-01 9.23096299e-01 -8.81910622e-02
    3.49103272e-01 9.18692827e-01 1.01417291e+00 -3.47198904e-01
    7.83579469e-01 7.56329656e-01 4.31035280e-01 2.74781108e-01
    -1.02293491e-03 -2.70252854e-01 1.33146822e+00 4.15369272e-01
    4.51142848e-01 4.89762187e-01 2.90355980e-02 4.59013581e-01
    1.18788946e+00 1.14909410e+00 7.46386051e-01 -2.17313349e-01
    2.39185989e-02 5.87345958e-02 7.69782066e-01 4.16242957e-01
    9.62344050e-01 5.41792870e-01 6.26222849e-01 1.07450330e+00
    -9.50962305e-03 2.10129082e-01 1.47337711e+00 4.84840333e-01
    3.44097614e-03 3.80452454e-01 4.01158273e-01 -6.32002652e-02
    -3.03002834e-01 1.20513368e+00 6.97408676e-01 1.22962821e+00
    8.77377272e-01 4.13875282e-01 7.23990083e-01 1.06857145e+00
    7.99552202e-02 2.50480741e-01 -1.46907046e-01 8.30490649e-01
    4.27841544e-01 -1.95247471e-01 1.06866062e+00 5.78433871e-01
    8.34520936e-01 7.00294733e-01 2.90400684e-01 1.03863597e+00
    5.31990409e-01 -2.50600964e-01 1.24010015e+00 -3.17997992e-01
    6.87753677e-01 3.64811361e-01 -1.24285847e-01 1.40300333e-01
    3.44072580e-01 8.10454249e-01 9.48931098e-01 1.10079837e+00
    -3.34537834e-01 7.45937824e-01 2.55956709e-01 8.76476884e-01
    6.21146560e-01 3.17825913e-01 6.17854953e-01 1.17699432e+00
    8.77288222e-01 7.53690600e-02 8.84068906e-02 4.28920865e-01
    5.65617502e-01 1.33335996e+00 5.74091077e-01 2.74560750e-01
    -2.75881410e-01 1.01940703e+00 4.97156680e-01 -1.00350022e-01
    7.68788934e-01 5.95461726e-01 8.73500705e-02 1.20445096e+00
    1.93909585e-01 9.99475002e-01 -3.01736325e-01 -2.81696320e-01
    5.98073721e-01 -5.35862446e-02 1.33090353e+00 -1.83460712e-02
    7.76283264e-01 1.16105473e+00 7.26747394e-01 -1.01819634e-02
    -1.42934740e-01 4.52085197e-01 1.16353846e+00 1.17942190e+00
    4.01407361e-01 1.94658399e-01 1.07529211e+00 1.11356807e+00
    7.58728981e-02 8.38875115e-01 1.03851259e-02 9.36346650e-02
    9.32646096e-01 2.94139981e-01 5.30860662e-01 2.44183183e-01
    -4.30493951e-02 -3.49869490e-01 6.00749373e-01 2.94117093e-01
    4.79278922e-01 6.52767241e-01 1.91365480e-02 1.30592763e+00
    7.07574248e-01 1.15666842e+00 1.13067758e+00 1.05536389e+00
    9.02347803e-01 -2.86962003e-01 7.40951777e-01 9.32913601e-01
    -3.28897238e-02 8.47907782e-01 3.57829452e-01 -2.17816621e-01
    4.73288953e-01 1.05414093e-02 5.18779874e-01 3.34451258e-01
    8.28861713e-01 -2.49826282e-01 1.21882343e+00 1.16285157e+00
    -2.08710656e-01 -3.64415646e-02 9.96868253e-01 9.46213126e-01
    5.94059706e-01 4.36390936e-01 -1.13342613e-01 4.51094151e-01
    1.07419908e+00 3.97579193e-01 9.72391009e-01 7.26385474e-01
    -5.05093932e-02 8.67748976e-01 2.90656686e-02 2.30985940e-01
    9.53180194e-01 -9.19309855e-02 6.85274005e-01 1.34513104e+00
    9.56403017e-02 6.98686481e-01 1.77955866e-01 -1.12045646e-01
    5.95508099e-01 9.94162321e-01 7.73450494e-01 3.98616672e-01
    5.69411337e-01 -6.65792227e-02 -1.55952692e-01 1.28588629e+00
    7.65245914e-01 6.66381121e-01 7.49329686e-01 -4.24998999e-01
    7.41943359e-01 7.69421220e-01 4.14529026e-01 -1.45873278e-01
    -1.21360257e-01 4.82160628e-01 1.21229601e+00 3.75974655e-01
    1.22531295e+00 5.96230388e-01 3.17991972e-02 1.12764573e+00
    2.47349143e-01 -3.20952922e-01 5.95307887e-01 8.79847407e-01
    2.37681150e-01 1.25142884e+00 4.47250843e-01 7.91920781e-01
    -8.56268406e-02 1.24277234e+00 1.26715589e+00 6.80630684e-01
    5.50931096e-01 -2.74975359e-01 4.31716442e-02 1.22836173e+00
    -1.77783430e-01 6.56619608e-01 2.24853039e-01 1.59490466e-01
    8.46504450e-01 4.41731274e-01 -1.48253143e-01 9.34194803e-01
    8.36484075e-01 -1.04945064e-01 4.30062413e-01 -1.57399356e-01
    4.12821472e-02 1.06415927e-01 1.08960938e+00 -2.04682797e-01
    1.38667607e+00 2.57715106e-01 9.09789562e-01 3.50357413e-01
    1.98177516e-01 4.00010586e-01 7.39063084e-01 4.16304231e-01
    3.30738008e-01 1.18662381e+00 3.95079434e-01 -2.08707631e-01
    1.08143425e+00 1.09754574e+00 7.18225360e-01 6.58939838e-01
    1.06439161e+00 4.92370844e-01 6.56539679e-01 3.40129673e-01
    4.08110678e-01 3.83579671e-01 1.07005334e+00 -6.12306595e-02
    3.47266734e-01 -2.22990751e-01 1.34651446e+00 -1.97249591e-01
    1.04480946e+00 1.15848780e+00 -1.48355007e-01 1.22260821e+00
    8.09523821e-01 3.44148695e-01 -1.27091289e-01 6.44536495e-01
    2.31311202e-01 1.37052345e+00 1.15792453e+00 8.24974418e-01
    4.33507919e-01 -1.50939822e-01 -1.01224348e-01 1.26728284e+00
    5.58534563e-01 -4.07441586e-01 2.16151237e-01 1.41430700e+00
    1.91806614e-01 6.95025504e-01 1.20450377e+00 8.57116520e-01
    -3.46201181e-01 1.25905669e+00 1.26904643e+00 5.17206192e-02
    9.70709562e-01 4.01687920e-01 1.27026379e-01 -2.20110863e-01
    5.39249063e-01 -6.11334145e-02 4.06232595e-01 -6.32199049e-02
    1.19765735e+00 -5.35354316e-02 5.59591949e-02 -1.03637487e-01
    8.18703353e-01 1.97090328e-01 -2.67234772e-01 1.90232873e-01
    1.00687313e+00 -2.86733955e-01 3.86025310e-02 3.06564689e-01
    6.78488314e-01 6.90357149e-01 2.61250436e-01 1.96353018e-01
    1.06017303e+00 9.52326417e-01 3.58805656e-02 8.91683698e-01
    5.72442234e-01 -1.18813813e-02 -2.96969771e-01 4.16832387e-01
    4.05785441e-02 1.08567452e+00 8.74295831e-02 7.29701877e-01
    -6.14975393e-02 1.17433870e+00 1.72892034e-01 7.73151994e-01
    3.28275263e-01 3.73325944e-02 1.28534210e+00 4.50473547e-01
    4.19081330e-01 8.58636320e-01 2.80002296e-01 5.46416163e-01
    1.15562928e+00 -1.47594780e-01 5.98276258e-01 8.16881776e-01
    1.37729645e-01 2.84760594e-02 4.00222003e-01 1.06053507e+00
    6.68361664e-01 1.47733569e-01 1.17060125e+00 5.94478846e-01
    3.49139333e-01 7.09442496e-01 -2.49887586e-01 9.70719695e-01
    -1.36587530e-01 1.23631954e+00 1.15023291e+00 9.96564388e-01
    1.74295127e-01 1.22149169e+00 1.06817067e+00 3.19977999e-02
    1.13974321e+00 7.45710850e-01 -3.04218054e-01 4.71214533e-01
    6.85486853e-01 3.49817395e-01 -1.07402325e-01 1.10498416e+00
    6.16251707e-01 6.02487206e-01 3.15181375e-01 1.32359910e+00
    -2.45376915e-01 9.04093504e-01 -1.45251870e-01 1.75918490e-01
    -3.70068371e-01 1.23632228e+00 8.64784360e-01 7.32587934e-01
    7.47363806e-01 8.50013375e-01 1.33309186e+00 -1.53392792e-01
    -6.39733374e-02 1.13499248e+00 -4.95941639e-02 1.06725240e+00
    7.04647899e-02 -3.93230826e-01 1.05014622e+00 6.11159444e-01
    1.08202541e+00 8.87272596e-01 -9.62726474e-02 -3.34652603e-01
    1.01351404e+00 -1.23367369e-01 -4.76385951e-02 7.83888698e-01
    9.16528642e-01 -2.16676027e-01 9.90276814e-01 7.62680054e-01
    1.07056499e+00 -2.08544016e-01 1.15245509e+00 2.21337616e-01
    1.16142881e+00 2.42967963e-01 9.36800003e-01 -3.81251335e-01
    6.88616395e-01 -2.48501360e-01 9.38618183e-02 1.12607718e+00
    3.71466517e-01 1.25562882e+00 1.00236571e+00 -3.25265080e-01
    -8.60500634e-02 1.02077770e+00 9.42587018e-01 1.02615237e-01
    9.59432364e-01 1.06095016e-01 6.28879488e-01 6.30339682e-01
    2.21566975e-01 -3.19659591e-01 8.95659566e-01 7.78156638e-01
    9.26466703e-01 5.30040264e-03 8.10067058e-01 9.10723567e-01
    7.08790421e-02 9.85665321e-01 3.96033943e-01 1.95956588e-01
    1.61240339e-01 5.28967977e-01 8.19781542e-01 8.18145037e-01
    8.16144347e-01 -3.85665059e-01 1.50469995e+00 -1.36999533e-01
    1.27319813e-01 7.52626061e-01 2.41237104e-01 -2.01389194e-01
    1.30428958e+00 1.46961451e-01 9.26863313e-01 3.89735520e-01
    8.50785375e-02 1.42718995e+00 6.16424680e-01 -3.53916585e-01
    4.09911573e-02 -2.86780000e-01 6.01127982e-01 1.08367980e+00
    1.99362040e-01 -1.15549564e-02 -1.90923661e-01 1.31094432e+00
    4.10050869e-01 1.17270052e+00 -2.36411810e-01 4.46523249e-01
    4.28049207e-01 -1.46977246e-01 9.28286672e-01 1.20214784e+00
    4.40007329e-01 4.36089396e-01 1.51921272e-01 6.83958113e-01
    -9.18177366e-02 9.34670568e-01 2.93490052e-01 4.09849465e-01
    8.85645509e-01 2.11143494e-02 8.02309155e-01 1.28894180e-01
    -2.77425319e-01 7.13858902e-01 5.20500541e-01 1.04147089e+00
    1.37317324e+00 4.71221864e-01 6.37966394e-01 8.04727435e-01
    8.04261804e-01 1.08763564e+00 8.88505220e-01 -2.39579812e-01
    6.59263730e-01 -3.84442210e-02 5.57329774e-01 6.99195623e-01
    2.88119376e-01 -8.46168399e-02 2.14716315e-01 5.49854755e-01
    1.05119765e-01 -8.36728215e-02 7.82984376e-01 9.69344497e-01
    1.27129114e+00 4.36668038e-01 6.49948001e-01 1.00357294e+00
    -3.59269977e-02 -1.09123409e-01 3.74914646e-01 2.64043391e-01
    1.15316427e+00 -2.70432472e-01 8.61025572e-01 1.00576627e+00
    8.50810647e-01 -1.80054188e-01 1.96708858e-01 4.24601138e-01
    2.44871199e-01 1.64655983e-01 -7.66170025e-03 -1.47724122e-01
    6.21120930e-02 1.04398489e+00 5.41946054e-01 2.60751307e-01
    9.69599724e-01 -1.66090891e-01 -1.21801704e-01 1.85078084e-02
    -1.64804444e-01 -1.03308469e-01 1.80823982e-01 1.08953118e+00
    1.65464342e-01 1.17918205e+00 -2.53383517e-02 2.57543921e-01
    1.05806440e-01 1.27485454e-01 5.35745919e-01 1.46335483e-01
    8.55712652e-01 1.49983764e-01 -8.97398740e-02 4.75852132e-01
    3.62024903e-02 1.04828370e+00 7.66714513e-01 9.31504607e-01
    4.26803946e-01 9.20735240e-01 1.17036855e+00 7.44279861e-01
    -3.40971291e-01 2.82183647e-01 1.03071868e+00 7.35371709e-02
    1.18465841e-01 8.29774976e-01 1.30846417e+00 -2.46058375e-01
    9.58935499e-01 1.25145483e+00 7.09460020e-01 -2.63086557e-01
    5.12009859e-03 1.16691327e+00 2.44474649e-01 -5.63179553e-02
    2.70123720e-01 -2.50476241e-01 2.59274244e-02 6.75334632e-01
    5.14926851e-01 8.37605476e-01 8.27901244e-01 8.11512232e-01
    1.18416429e-01 2.13999748e-02 3.80078256e-01 1.10583460e+00
    -5.26131094e-02 7.61780143e-02 5.54174185e-01 -2.66275704e-02
    5.21559358e-01 1.02022159e+00 1.05837786e+00 3.23606849e-01
    1.13818049e+00 3.52692783e-01 6.24518633e-01 1.04280293e+00
    1.06207657e+00 1.08283854e+00 3.79980743e-01 1.51445031e-01
    2.71056414e-01 -7.62279332e-02 1.78275228e-01 1.05369413e+00
    1.17206478e+00 -3.28240871e-01 9.49603796e-01 7.01888800e-01
    -2.83909559e-01 4.44179893e-01 1.25849164e+00 7.29786396e-01
    -3.64149094e-01 7.79321194e-01 1.30000317e+00 2.82567441e-01
    -1.52880251e-01 1.31549788e+00 1.27829731e+00 6.82514906e-02
    5.33096850e-01 1.26230967e+00 4.30326462e-02 1.23842740e+00
    1.05021644e+00 -4.02987510e-01 1.85554415e-01 7.43808746e-02
    7.02016950e-01 -2.52524614e-02 7.64737606e-01 9.22663927e-01
    2.15375364e-01 -8.75292420e-02 2.07351148e-01 9.88003135e-01
    1.28954649e+00 6.81056678e-01 -2.61485100e-01 -1.02814913e-01
    -2.97296375e-01 1.15125287e+00 3.46158206e-01 7.42892563e-01
    2.38506079e-01 4.29720283e-02 9.03112054e-01 1.11898541e+00
    -2.09388942e-01 9.38214660e-02 6.21059895e-01 -3.30054998e-01
    1.09183037e+00 1.17564476e+00 -1.28415823e-02 -6.10819459e-02
    -2.55695820e-01 1.12357807e+00 1.16222632e+00 7.94581771e-01
    9.64906812e-01 7.03193724e-01 -3.44076008e-01 1.36189675e+00
    3.52911294e-01 -1.93371043e-01 1.29043609e-01 2.96697378e-01
    1.23434973e+00 6.32679582e-01 8.87220383e-01 5.60587168e-01
    -1.67870998e-01 5.19644201e-01 -7.48907924e-02 5.95349073e-03
    9.98364687e-02 8.02338243e-01 1.02496517e+00 1.39771521e-01
    -1.68605834e-01 1.16023362e+00 -1.69934809e-01 5.55480719e-02
    1.39847159e+00 -1.48243845e-01 9.85668063e-01 3.89251947e-01
    8.81336153e-01 -9.11015272e-02 6.62202179e-01 -3.17360520e-01
    1.29464185e+00 7.19538569e-01 -1.93589449e-01 -1.56429172e-01
    1.28288686e+00 8.85925651e-01 -8.44741762e-02 -3.69589031e-03
    -2.93416262e-01 4.39264655e-01 1.09822214e+00 8.24688673e-02
    1.09567559e+00 6.16288781e-02 4.29701805e-02 1.42728794e+00
    -7.42661953e-02 7.94907331e-01 3.56668174e-01 -3.84110808e-02
    3.73574138e-01 8.64312053e-01 9.71683145e-01 -4.01136696e-01
    2.80098557e-01 1.06208301e+00 7.53124714e-01 1.20374167e+00
    6.08106494e-01 1.11199296e+00 -1.56316578e-01 8.72299075e-01
    9.07033443e-01 -2.88737416e-02 8.31529796e-01 -1.12260580e-02
    -1.82565361e-01 1.27349508e+00 -2.02347636e-02 -2.73964852e-01
    7.73067772e-01 1.37010968e+00 7.78247952e-01 -2.79106677e-01
    1.23874140e+00 2.50149429e-01 7.15443134e-01 -1.75950855e-01
    9.05360520e-01 -2.10969359e-01 -1.02596343e-01 -4.49366271e-02
    4.28891480e-01 4.67618704e-01 4.52747405e-01 9.63188410e-01
    2.13438153e-01 1.31592381e+00 -2.89725453e-01 7.98200190e-01
    1.42313540e-01 1.00812030e+00 -1.32087052e-01 1.36020195e+00
    6.67908907e-01 -2.74069905e-02 -1.04002208e-01 6.68639064e-01
    3.96253467e-01 1.09776056e+00 5.87111831e-01 9.13402438e-01
    5.59390783e-01 4.83655572e-01 5.93923509e-01 3.21289062e-01
    1.14188933e+00 -2.18240559e-01 3.12795997e-01 3.39964092e-01
    9.99630332e-01 7.27399468e-01 1.23480535e+00 6.39627814e-01
    8.15422416e-01 9.70079064e-01 1.07526326e+00 1.22762597e+00
    4.60538745e-01 -4.01906401e-01 1.35981226e+00 6.22173429e-01
    4.64645386e-01 2.14172602e-01 8.55249941e-01 -2.69085109e-01
    1.10739851e+00 1.02123886e-01 4.10695672e-01 6.78603828e-01
    -2.85200179e-02 8.54331851e-01 4.85519409e-01 5.56317091e-01
    4.98625159e-01 5.71021914e-01 1.26047444e+00 3.01705956e-01
    8.54701877e-01 7.45570779e-01 3.01274657e-01 1.08337080e+00
    3.67043674e-01 3.54200423e-01 -3.12902927e-01 1.36366761e+00
    9.34752345e-01 8.11036587e-01 3.38605762e-01 7.65224576e-01
    5.62454641e-01 8.24868321e-01 1.08963501e+00 1.01954138e+00
    5.82332194e-01 1.02486789e-01 9.52055573e-01 6.99520707e-02
    1.30305624e+00 8.46161246e-01 1.16855896e+00 8.56954336e-01
    1.29027724e+00 7.15819597e-02 5.44381559e-01 1.28066742e+00
    1.15250278e+00 2.44776726e-01 -1.95760936e-01 2.87372768e-01
    2.41756380e-01 9.90633488e-01 1.03270066e+00 9.48747516e-01
    5.06063104e-02 1.15039670e+00 2.31511891e-01 -5.09582460e-02
    1.67618692e-01 1.06067014e+00 9.09934044e-01 -4.09439206e-02
    8.24619353e-01 -2.54350424e-01 1.16400456e+00 5.70179224e-01
    1.03016126e+00 7.55329847e-01 3.75436544e-01 6.62359118e-01
    4.40368176e-01 1.19751573e+00 9.67322707e-01 1.20585740e+00
    7.70159841e-01 -1.64052248e-01 1.38285458e+00 1.42983794e-02
    -5.62754273e-02 -1.26181304e-01 4.04632151e-01 1.13512468e+00
    -2.35880136e-01 1.22893631e+00 7.71212459e-01 3.99351954e-01
    1.22954321e+00 5.28000832e-01 1.03963733e+00 -3.86798292e-01
    3.07333946e-01 4.83550668e-01 -3.07555676e-01 -8.80870521e-02
    9.43000317e-01 1.63581610e-01 7.39555359e-01 -2.69123316e-01
    4.43443179e-01 1.20309877e+00 -3.08382094e-01 1.11102343e+00
    1.24010539e+00 -2.43536353e-01 -6.33445978e-02 1.10005581e+00
    1.02814686e+00 9.86005425e-01 1.92120969e-01 3.06145966e-01
    3.63600254e-02 2.76066363e-02 8.81034136e-01 1.48703432e+00
    -5.32650948e-02 1.87028348e-01 1.26900792e+00 8.08154941e-01
    -2.02080846e-01 9.93254304e-01 -1.46988750e-01 9.06798124e-01
    1.04315126e+00 9.85746980e-01 1.20046401e+00 -3.11293393e-01
    9.58443642e-01 -1.04439557e-01 2.13903368e-01 1.36293149e+00
    1.07744563e+00 1.21528554e+00 6.76035643e-01 -2.36811742e-01
    7.01672792e-01 1.15003800e+00 9.43707824e-01 4.79518056e-01
    -1.77652836e-02 6.78025186e-02 -2.11452335e-01 1.27587700e+00
    5.90842485e-01 -4.37635481e-02 -3.04768801e-01 1.34222054e+00
    3.33973587e-01 6.87011302e-01 4.68891621e-01 4.81847227e-01
    1.13648272e+00 9.77359295e-01 8.30810785e-01 7.68337607e-01
    -2.14135036e-01 6.33733809e-01 8.38894010e-01 7.30117679e-01
    -1.20438933e-02 1.31714439e+00 9.18784142e-02 1.15988636e+00
    -2.46484324e-01 2.99809575e-01 1.14730859e+00 -2.67185599e-01
    9.52091813e-01 4.83239174e-01 7.26247072e-01 3.82794023e-01
    6.72859550e-02 1.29634070e+00 8.13896656e-02 -1.36983454e-01
    8.97776306e-01 3.02690446e-01 1.20594239e+00 -5.04418015e-02
    1.19525588e+00 2.05444396e-01 5.92381954e-01 1.38230145e+00
    -1.32553056e-01 -2.05094516e-02 1.35780919e+00 1.11658037e-01
    9.14945364e-01 2.67209351e-01 -2.82495201e-01 1.27062261e+00
    6.96582079e-01 1.39784575e-01 9.92362261e-01 -4.26084310e-01
    5.37797809e-01 2.32536852e-01 9.82106626e-02 -2.00384960e-01
    7.40269482e-01 1.22648025e+00 8.95658255e-01 9.63429511e-01
    -1.90882757e-01 9.49188828e-01 2.31239974e-01 7.81499565e-01
    -3.08366746e-01 -3.95947397e-02 -3.21131051e-02 6.78407609e-01
    -3.75062972e-01 8.77387881e-01 -9.54904854e-02 2.48440087e-01
    2.48213887e-01 7.69453466e-01 4.97760832e-01 2.77196050e-01
    6.76967323e-01 -2.70469129e-01 6.02402389e-01 7.82486200e-02
    3.23553026e-01 1.23833656e+00 8.25985372e-02 1.65300399e-01
    3.84158373e-01 3.95746231e-01 -2.08341181e-01 1.19795918e-01
    9.24156547e-01 2.10875094e-01 7.87601173e-02 8.73783946e-01
    1.07725334e+00 5.13569474e-01 9.79380250e-01 2.26495028e-01
    -3.50975573e-01 1.27425742e+00 4.00526762e-01 1.21172202e+00
    -1.21999383e-01 4.25717413e-01 -1.86933205e-01 1.85546249e-01
    8.65283608e-02 1.34220123e+00 -2.85426736e-01 9.51999784e-01
    1.17480326e+00 -1.88069314e-01 7.91671515e-01 6.23946905e-01
    7.39966750e-01 7.65348554e-01 -1.44762367e-01 6.99274659e-01
    1.49289787e-01 7.90822446e-01 5.04063964e-01 4.36593235e-01
    7.69409299e-01 -4.61438298e-02 8.22164476e-01 -2.14216113e-02
    -2.32779980e-03 9.00323987e-01 -7.13646412e-04 -9.23667550e-02
    1.06745350e+00 1.06794763e+00 4.89461184e-01 5.82017899e-02
    8.45541716e-01 -2.22891331e-01 8.43770266e-01 4.25342262e-01
    1.13704622e-01 1.13982379e-01 7.37637222e-01 -3.77870411e-01
    6.36682391e-01 8.50785375e-01 8.08973670e-01 5.90294600e-02
    3.32930446e-01 6.91138864e-01 1.24021196e+00 3.82265687e-01
    3.38780642e-01 4.56100285e-01 6.08783305e-01 -2.54754722e-02
    2.61672735e-01 -8.39967132e-02 6.91073537e-02 6.41924739e-01
    -4.81863618e-02 1.39160705e+00 -2.68698990e-01 2.71239281e-02
    1.17653036e+00 6.58374548e-01 8.90621960e-01 1.51798010e-01
    9.82339025e-01 1.04842162e+00 4.12097812e-01 2.15105474e-01
    -2.09397182e-01 3.62590611e-01 4.04992700e-02 7.24523127e-01
    3.65782619e-01 3.50549757e-01 -2.12428659e-01 9.96747017e-01
    1.40667439e-01 4.58071411e-01 9.69534993e-01 6.54084682e-01
    7.36182213e-01 -2.83758998e-01 1.13131011e+00 1.50247335e-01
    1.04824340e+00 -3.03539097e-01 9.07578349e-01 -1.57178640e-01
    9.20216560e-01 7.82426000e-02 1.32523513e+00 1.25174820e-01
    2.25672424e-02 5.96575856e-01 1.69157505e-01 5.36916375e-01
    4.07014787e-01 1.32721269e+00 -2.45603144e-01 9.64436412e-01
    -4.35404122e-01 1.07596862e+00 4.43825722e-02 1.19815862e+00
    1.28676403e+00 5.33931017e-01 1.01502538e+00 -1.92865282e-01
    1.09988368e+00 2.90101171e-01 1.32685053e+00 9.33670998e-03
    -2.24685237e-01 5.33774376e-01 7.27273941e-01 2.95041621e-01
    6.18620276e-01 1.00780845e-01 8.79536033e-01 6.35384798e-01
    1.03700411e+00 1.15294099e+00 3.79842341e-01 7.93528080e-01
    1.19761539e+00 -1.92362264e-01 1.21416152e-01 -2.45092049e-01
    5.41571379e-01 3.61276329e-01 8.99149776e-02 1.33774507e+00
    7.85500765e-01 1.08212090e+00 1.28108060e+00 3.80901933e-01
    1.78457677e-01 4.26804721e-01 8.54683995e-01 4.04502571e-01
    1.82716370e-01 1.30795372e+00 1.32132840e+00 -9.76449251e-03
    -8.61833096e-02 -3.90529633e-03 9.03566003e-01 -1.45081565e-01
    -1.43392771e-01 1.16947758e+00 -2.63493270e-01 6.67017341e-01
    5.30093193e-01 4.51212943e-01 7.03213692e-01 8.20642591e-01
    6.40850782e-01 -2.53478914e-01 6.68159425e-01 -9.62293148e-02
    1.07313561e+00 -1.40792131e-02 -5.39688170e-02 4.05258179e-01
    5.56049347e-01 3.33349824e-01 1.11686230e-01 3.85318696e-01
    6.96470320e-01 -1.45607501e-01 9.52734828e-01 -1.38598710e-01
    1.31743824e+00 1.62405908e-01 6.54899716e-01 1.32035387e+00
    -9.54857767e-02 6.22270405e-01 1.23196471e+00 1.29562616e-03
    2.86693871e-01 9.48621392e-01 1.29206467e+00 -3.13671708e-01
    1.34590995e+00 4.01316285e-02 -9.39610600e-02 1.47116780e+00
    4.19085145e-01 9.64762092e-01 7.36275196e-01 6.61694765e-01
    2.45324910e-01 1.25918722e+00 1.03044844e+00 -2.82969922e-01
    6.74729645e-02 7.92217255e-02 1.14124894e+00 -3.80919576e-02
    5.95323563e-01 6.83854222e-01 3.98300886e-01 6.67668104e-01
    1.04570127e+00 1.52641654e-01 -2.10859686e-01 1.35634065e+00
    4.48440909e-02 6.92124903e-01 6.08431280e-01 2.51889020e-01
    -2.06863940e-01 1.42943680e-01 1.16397440e-01 -3.90904069e-01
    5.90429127e-01 5.70330143e-01 9.40134406e-01 8.17611814e-01
    1.35521615e+00 3.04906487e-01 6.23396814e-01 4.13218379e-01
    6.40335560e-01 7.77913809e-01 9.15479183e-01 1.02324879e+00
    1.28609347e+00 -3.15365553e-01 1.28109002e+00 -1.28667980e-01
    3.67152095e-02 1.99230909e-02 1.30932283e+00 9.55366015e-01
    5.49452126e-01 -3.24350595e-03 3.58245552e-01 8.55739117e-02
    -2.44641304e-03 1.28012371e+00 1.16682911e+00 4.60308909e-01
    5.27361095e-01 1.30123878e+00 3.08590889e-01 2.50169098e-01
    -2.09531814e-01 1.28348291e-01 1.23081160e+00 4.27655160e-01
    8.13972592e-01 9.78498101e-01 8.12645912e-01 -2.71554410e-01
    6.56402171e-01 4.17328715e-01 1.02625525e+00 1.87596679e-01
    -1.61922053e-01 2.57890344e-01 1.36185086e+00 -2.15771556e-01
    5.52140474e-01 6.42994046e-02 4.29552794e-01 8.88455391e-01
    2.57573962e-01 3.13995540e-01 5.41267335e-01 4.12834942e-01
    -1.20734446e-01 -2.45032609e-02 2.90981174e-01 1.10190153e+00
    3.02387238e-01 -7.59823620e-03 -1.06759489e-01 1.27787375e+00
    -2.95892358e-02 8.58225822e-01 1.46441579e-01 1.11077571e+00
    -9.01911855e-02 -1.95452586e-01 8.20796728e-01 1.22075319e+00
    8.31670165e-01 9.27977085e-01 1.16918743e+00 -3.50041360e-01
    1.16795433e+00 1.03180766e+00 1.17236006e+00 9.00554180e-01
    3.50030303e-01 -1.23752624e-01 2.23816097e-01 6.69494927e-01
    5.53435802e-01 3.81267667e-01 -2.64266580e-01 4.20882106e-02
    1.07885408e+00 3.71102929e-01 1.93660378e-01 1.61626220e-01
    7.63964295e-01 1.07981527e+00 7.95402527e-01 5.08955359e-01
    -2.96640813e-01 9.39123511e-01 3.20578516e-01 -2.65033543e-02
    -1.44209296e-01 1.51043177e-01 -1.00588739e-01 1.36706972e+00
    1.20389819e-01 5.17356217e-01 -3.37415099e-01 1.42578530e+00
    1.71872973e-01 9.31711376e-01 -6.37860447e-02 -2.41736919e-01
    9.27017570e-01 9.07168388e-02 1.28234363e+00 1.08972299e+00
    5.62979460e-01 1.24789870e+00 -3.12717736e-01 9.65438843e-01
    4.60192442e-01 1.02342308e+00 7.83989429e-02 2.53025591e-01
    1.05357111e+00 -4.46188152e-02 1.02898777e+00 9.35306430e-01
    5.10922670e-02 3.53900671e-01 3.51984859e-01 -3.30010802e-02
    -1.93614811e-01 9.99328971e-01 -2.58310676e-01 3.42333287e-01
    -2.61269569e-01 1.85340464e-01 1.32074773e+00 4.57988203e-01
    2.32021987e-01 8.54421139e-01 4.51279581e-01 3.43673825e-01
    -2.02296123e-01 8.27113271e-01 8.14975142e-01 6.32583022e-01
    2.99289703e-01 1.11625803e+00 9.51473713e-02 4.67506528e-01
    1.18369722e+00 1.03224409e+00 8.72340083e-01 7.59360313e-01
    7.38646269e-01 8.25109959e-01 1.09663129e+00 3.29399109e-02
    6.80182219e-01 2.52844393e-01 4.39208150e-01 3.72481287e-01
    -1.03918135e-01 -2.68482655e-01 4.33782160e-01 8.11571717e-01
    1.08288860e+00 6.26189709e-01 1.13673973e+00 -3.85819316e-01
    9.84515667e-01 -2.10379601e-01 6.10810876e-01 1.15408027e+00
    3.14362168e-01 3.76314938e-01 3.44249606e-01 9.96257067e-02
    1.41226232e+00 8.43960047e-02 6.76909208e-01 8.61416459e-02
    4.97006357e-01 2.42182970e-01 4.62205291e-01 5.64089656e-01
    9.03103590e-01 1.28796482e+00 6.41519427e-02 1.06965852e+00
    1.34463191e-01 -1.14085078e-02 1.20461524e+00 -1.13638401e-01
    3.37963700e-01 6.85469449e-01 -4.19970751e-02 8.36956322e-01
    5.63816071e-01 5.87525249e-01 9.68728662e-01 -3.53156149e-01
    6.22862816e-01 9.96132255e-01 1.24186003e+00 2.98296511e-01
    -2.15727746e-01 1.16045237e+00 9.20953512e-01 -3.36807728e-01
    8.14558387e-01 2.90015399e-01 1.64203048e-02 4.51448441e-01
    3.71706307e-01 4.33413088e-01 6.86972737e-01 1.26193142e+00
    3.52719545e-01 5.24303913e-02 3.31656754e-01 1.19409156e+00
    -1.46809250e-01 2.12411880e-02 8.11535716e-02 2.56788731e-01
    -2.30702847e-01 9.65471983e-01 1.14861310e+00 9.72181439e-01
    5.37141562e-01 6.53198004e-01 -2.00691789e-01 1.14719367e+00
    -1.53386831e-01 9.06691253e-01 -2.97767341e-01 5.62715352e-01
    8.11492085e-01 -3.22210193e-02 8.77298951e-01 -6.13547564e-02
    8.86686683e-01 1.36368287e+00 1.73683345e-01 -1.78735346e-01
    1.20857799e+00 2.69638360e-01 6.20350659e-01 -1.21331692e-01
    5.03789008e-01 5.45056462e-01 1.19874907e+00 1.34972119e+00
    -3.88644934e-02 2.41918743e-01 1.32389247e-01 3.51359904e-01
    -4.39022899e-01 7.28069544e-01 1.23273289e+00 1.02138281e-01
    1.18844891e+00 1.32585156e+00 1.28040314e-02 7.60346055e-01
    7.89420068e-01 2.31767893e-01 1.02111566e+00 5.02995968e-01
    6.85819566e-01 2.61336923e-01 2.23255157e-02 8.23049903e-01
    2.35073447e-01 -2.40349248e-01 9.14333463e-01 2.54807472e-01
    6.23599529e-01 1.20751917e-01 -2.30750218e-01 3.86361957e-01
    2.23040462e-01 2.50001013e-01 1.78845465e-01 -2.97709674e-01
    8.95602345e-01 1.14135838e+00 2.34548628e-01 -2.41324812e-01
    7.12007284e-01 1.10515189e+00 1.05984092e+00 1.13279819e-01
    -1.58946812e-01 -1.96190715e-01 6.67017817e-01 8.48928452e-01
    2.15735614e-01 9.42978024e-01 -4.72527683e-01 1.21275115e+00
    1.28353322e+00 4.70428228e-01 3.92275274e-01 -6.04680777e-02
    1.13066089e+00 3.25557113e-01 -9.35301781e-02 4.71371889e-01
    -2.08783448e-02 1.08740121e-01 8.73416066e-01 1.91435933e-01
    -1.53819755e-01 3.48353505e-01 -1.40132740e-01 7.68680096e-01
    6.44659996e-01 -8.13278258e-02 7.53946543e-01 5.06350040e-01
    1.12302947e+00 -7.16067255e-02 5.60203433e-01 -2.30685428e-01
    3.75932276e-01 3.56982887e-01 4.25000548e-01 -1.42793238e-01
    7.59671926e-01 8.41048956e-01 8.35255980e-01 4.06907797e-01
    -2.55298138e-01 1.53385723e+00 6.73866332e-01 1.83890224e-01
    4.73395228e-01 2.41075754e-02 3.75668228e-01 6.06477320e-01
    4.25314069e-01 1.01543045e+00 9.31183100e-01 2.32288003e-01
    8.35668445e-01 2.79197395e-01 1.00990355e-01 1.10941803e+00
    5.13109088e-01 1.96137130e-01 1.02699220e+00 1.13760722e+00
    -1.94671661e-01 1.36441875e+00 -2.39734679e-01 6.06410980e-01
    -2.49812603e-02 1.03237844e+00 1.15788150e+00 5.53590655e-01
    -8.83882046e-02 4.66486692e-01 -2.11791918e-01 6.16358757e-01
    6.90428615e-01 1.17732966e+00 -1.01308823e-02 -1.00473106e-01
    -6.30837083e-02 1.30990911e+00 -3.71602714e-01 4.80980396e-01
    6.56014323e-01 1.11072803e+00 9.70078588e-01 -3.50624919e-02
    6.84658885e-02 -1.99024066e-01 1.09331584e+00 1.08215916e+00
    4.59228754e-01 1.03226328e+00 4.93022978e-01 -2.25433350e-01
    6.92143738e-01 7.50673652e-01 7.54899740e-01 1.89330995e-01
    1.03213072e+00 3.54484618e-01 2.18263149e-01 7.10135400e-01
    8.85593772e-01 9.00519490e-01 1.52236342e-01 -1.15409032e-01
    5.10892272e-03 -3.38491261e-01 1.29548204e+00 7.18099117e-01
    9.19343710e-01 1.17386186e+00 8.44858646e-01 1.70659959e-01
    9.99443889e-01 1.06190062e+00 1.12923145e+00 1.88659787e-01
    -1.94241598e-01 9.00025249e-01 2.10165977e-03 2.57780671e-01
    5.24962723e-01 6.13791108e-01 6.30147457e-01 5.20278811e-01
    1.26538539e+00 1.37011933e+00 -7.64068961e-02 -2.69068688e-01
    6.35066092e-01 -1.60920143e-01 9.54325676e-01 4.01470244e-01
    -2.39066422e-01 1.35076320e+00 -4.98336554e-02 1.62823081e-01
    8.15774322e-01 7.75820494e-01 -1.76740199e-01 6.49828136e-01
    -2.25902617e-01 2.03584313e-01 1.13864779e-01 -3.23914915e-01
    1.37976778e+00 8.90517831e-01 2.03881979e-01 1.22210693e+00
    -5.53942323e-02 4.23835278e-01 3.17839682e-01 7.00650036e-01
    -1.20899796e-01 1.14624691e+00 3.42923403e-03 1.41316485e+00
    6.04016781e-01 2.43790030e-01 9.99191403e-01 -8.87696147e-02
    9.99137998e-01 8.56620312e-01 1.14302397e+00 5.71482301e-01
    1.11630917e+00 -1.28578544e-01 8.74680281e-01 1.32877266e+00
    -7.04791546e-02 -4.79815006e-02 3.29899311e-01 1.06835628e+00
    1.27197623e+00 1.42021596e-01 1.28535783e+00 1.14435208e+00
    -4.05072749e-01 1.16838014e+00 9.07457232e-01 6.17727637e-01
    1.32236004e-01 1.01350844e-01 1.01785874e+00 9.03138518e-02
    6.53890789e-01 2.36154735e-01 1.00365591e+00 9.45471287e-01
    1.32404006e+00 -1.25299990e-01 6.18755102e-01 7.74173737e-02
    -1.78632677e-01 6.55392885e-01 2.59820759e-01 5.15848398e-01
    7.62121975e-01 -2.75407970e-01 1.00835252e+00 8.19717884e-01
    1.11128592e+00 9.62735057e-01 1.21398365e+00 1.76656067e-01
    2.72456169e-01 2.26912260e-01 1.00817204e+00 4.65698004e-01
    -2.25986868e-01 4.12692249e-01 3.20456684e-01 7.12003529e-01
    2.26026833e-01 2.89607823e-01 1.27057731e+00 -3.55051219e-01
    1.33190858e+00 1.33111358e-01 1.37275302e+00 4.34743524e-01
    8.42764258e-01 9.64959860e-01 1.04662347e+00 -5.27018309e-02
    -1.10194370e-01 -2.59856910e-01 2.25353003e-01 8.25526416e-01
    8.22954774e-01 2.25878239e-01 1.21785092e+00 -3.56163502e-01
    6.18348897e-01 1.24546659e+00 1.16196918e+00 7.00322509e-01
    1.72731042e-01 1.11236453e+00 -1.03086352e-01 2.90910721e-01
    4.51524615e-01 -5.32257855e-02 7.97776699e-01 1.27755439e+00
    -1.46316379e-01 3.94836068e-02 1.16318619e+00 1.11313009e+00
    5.09848595e-02 1.12389147e+00 4.46476638e-01 -1.71678618e-01
    5.30579627e-01 7.60195851e-01 9.66849089e-01 7.96303988e-01
    1.08784890e+00 1.10585785e+00 7.35216022e-01 1.14786053e+00
    1.15665317e-01 1.07531726e+00 1.13383675e+00 8.03745270e-01
    -3.97633016e-01 9.69041944e-01 1.19312096e+00 1.03123844e+00
    -2.48288512e-02 -3.58195305e-02 8.66585135e-01 1.05082393e+00
    1.02052927e+00 3.80716443e-01 -2.18457848e-01 9.05151486e-01
    8.07207525e-01 -2.27269173e-01 2.30398953e-01 7.40878582e-02
    5.34634650e-01 3.44924927e-01 1.22763228e+00 1.08639717e+00
    1.11572659e+00 -1.01916850e-01 1.09617209e+00 -1.72434106e-01
    4.92361486e-01 2.37540603e-01 9.22707319e-01 5.49875140e-01
    2.52979994e-02 5.63201427e-01 7.95798063e-01 -1.86924279e-01
    -1.03022337e-01 -2.41861895e-01 -2.15405613e-01 1.75819099e-01
    2.09298432e-01 1.00536823e+00 8.60778689e-01 1.14094782e+00
    2.53584385e-01 5.71301103e-01 1.27175260e+00 -2.82148898e-01
    1.11395288e+00 7.11050034e-01 1.06403100e+00 5.05320311e-01
    7.01904178e-01 5.11188924e-01 1.04440570e+00 6.17882609e-02
    -1.41393095e-01 5.76175094e-01 1.38675213e-01 3.61703455e-01
    3.43361199e-01 1.16746974e+00 -2.99775958e-01 1.70648992e-01
    1.10739791e+00 -3.35907936e-01 1.31226158e+00 -2.55314022e-01
    7.36255944e-02 1.95741355e-01 1.31530631e+00 4.99865055e-01
    1.02471805e+00 2.72027969e-01 1.21216750e+00 -6.16014004e-03
    6.02562070e-01 4.76228774e-01 -1.91618443e-01 8.06083918e-01
    -2.60611713e-01 1.15894914e+00 -8.19921494e-03 8.50661397e-01
    -2.45034039e-01 1.28040707e+00 8.30365062e-01 1.15337169e+00
    3.02196145e-01 8.53684545e-01 8.26085210e-02 1.28050148e-01
    6.31970167e-03 1.15679586e+00 3.52488220e-01 -3.44625950e-01
    9.62228775e-02 5.21035790e-01 5.88465929e-02 8.97365928e-01
    1.08610439e+00 8.54767799e-01 5.83845377e-03 1.45998240e-01
    -3.91041040e-02 1.83937848e-01 1.06739020e+00 -6.79051876e-03
    8.46444249e-01 4.56059813e-01 7.96438336e-01 5.25727808e-01
    -3.78351212e-02 8.34413230e-01 5.04228234e-01 8.30077350e-01
    -1.86335087e-01 2.24949598e-01 1.44212604e-01 1.28604865e+00
    1.92655206e-01 8.60473871e-01 -2.19459653e-01 1.45544696e+00
    -7.94073939e-02 8.75404358e-01 1.14800239e+00 -2.03393087e-01
    5.30807197e-01 6.15181327e-01 -8.27735662e-03 1.17176068e+00
    3.87690306e-01 1.27589655e+00 5.08288205e-01 6.59214497e-01
    2.57011771e-01 3.82799208e-02 7.83644915e-02 1.26727247e+00
    -4.33810472e-01 -3.16714644e-02 1.20685363e+00 2.52894700e-01
    -2.53011882e-02 8.64122748e-01 9.35801864e-01 3.72298360e-01
    -1.24382555e-01 1.36478126e+00 7.41259396e-01 -8.36673379e-02
    6.35884285e-01 1.14811790e+00 9.07792091e-01 9.92640495e-01
    6.76436067e-01 8.38679194e-01 5.27611852e-01 8.19894910e-01
    7.67697215e-01 -3.69570673e-01 1.32773876e+00 -3.52754653e-01
    1.11938095e+00 1.09710610e+00 1.08299589e+00 5.59682608e-01
    -2.68205643e-01 1.16473448e+00 3.70217144e-01 9.53333735e-01
    2.14383423e-01 7.28697896e-01 4.45236564e-01 -6.61040545e-02
    7.01023936e-01 1.22452068e+00 -2.69417435e-01 2.95226753e-01
    1.32964873e+00 6.93927407e-02 7.44578600e-01 3.41969013e-01
    6.07832551e-01 7.02988982e-01 1.17967510e+00 1.33170915e+00
    6.16214514e-01 2.62383223e-01 -1.20125294e-01 1.12091053e+00
    1.17285395e+00 -4.30466175e-01 1.26801860e+00 1.16437018e+00
    -2.99536765e-01 8.60915124e-01 -2.95379162e-01 3.08332443e-01
    1.19982696e+00 -8.85160863e-02 6.98041916e-02 -3.14106345e-02
    1.27040446e+00 1.19684231e+00 8.70700002e-01 7.21383452e-01
    7.39628196e-01 1.77521050e-01 -1.63875818e-01 8.55696380e-01
    8.58090878e-01 6.68643475e-01 -2.06263006e-01 1.28270566e+00
    -9.88097787e-02 6.24629498e-01 -4.48687851e-01 1.17439723e+00
    -2.44628713e-01 7.41619110e-01 1.12921202e+00 6.94417238e-01
    6.02559984e-01 -1.87199071e-01 4.65790629e-01 8.15755367e-01
    -1.91884011e-01 5.08393824e-01 8.52783680e-01 4.34195757e-01
    7.49120712e-01 1.07381642e+00 5.53365648e-01 3.45503747e-01
    1.38296521e+00 -1.14359498e-01 -7.18181729e-02 1.15378940e+00
    -1.71925813e-01 1.39413154e+00 -3.38972807e-01 2.48571336e-01
    1.30156958e+00 2.33665943e-01 1.28036237e+00 6.71996057e-01
    9.47130799e-01 6.88753843e-01 2.94495761e-01 6.05244577e-01
    4.86278296e-01 8.24078918e-02 2.73234963e-01 8.16789746e-01
    -1.16746604e-01 -2.93340087e-02 1.13605618e-01 4.89308596e-01
    1.87184513e-01 -1.45497248e-01 -2.26224616e-01 5.06822467e-02
    5.50327599e-01 1.11315286e+00 1.04635584e+00 -3.65648925e-01
    1.05507588e+00 -2.72660255e-02 5.18871665e-01 1.27040458e+00
    1.02792704e+00 1.55609787e-01 6.02680326e-01 4.22969937e-01
    1.04705322e+00 2.21971393e-01 -3.75285000e-01 1.13541055e+00
    7.67289519e-01 6.09800696e-01 9.79131937e-01 2.65522540e-01
    -2.19706088e-01 7.09838331e-01 9.76355672e-01 5.06354213e-01
    6.99345589e-01 4.67837334e-01 5.64932227e-01 1.19802344e+00
    8.64786744e-01 7.13116527e-01 1.22390747e+00 1.23338759e+00
    6.47682428e-01 1.21373546e+00 6.22395754e-01 -6.73277974e-02
    1.28748572e+00 -3.13247591e-01 -9.40879285e-02 6.74607396e-01
    -2.77244389e-01 4.45867479e-01 1.32075322e+00 -3.81931692e-01
    -9.31620747e-02 6.32317126e-01 2.80993938e-01 2.65209079e-01
    1.32523513e+00 8.01594973e-01 8.26359153e-01 9.96092796e-01
    4.55197573e-01 7.52376795e-01 1.07845485e-01 7.87738562e-01
    -2.64186114e-01 9.30078387e-01 4.58462715e-01 3.61966133e-01
    -1.55998945e-01 5.26492447e-02 -7.92415440e-02 -9.35869813e-02
    1.32769763e-01 3.26293468e-01 -2.46914655e-01 3.81558120e-01
    1.16187596e+00 2.20685124e-01 1.26875091e+00 -1.02470398e-01
    1.36973536e+00 6.05162144e-01 6.62565470e-01 7.39282608e-01
    1.02512109e+00 6.44408822e-01 2.95567513e-02 2.54117787e-01
    -1.13241941e-01 1.08462322e+00 1.17010224e+00 4.03155446e-01
    1.26692975e+00 1.09842503e+00 1.07785738e+00 1.21099591e+00
    -2.24439636e-01 9.70036626e-01 9.95650172e-01 5.34367383e-01
    -6.92116022e-02 1.02298808e+00 3.41379106e-01 7.87165523e-01
    -2.07944304e-01 1.00209117e+00 7.06393123e-01 5.70244789e-01
    -2.08002180e-01 -2.78186142e-01 1.20921576e+00 3.56867433e-01
    4.02738869e-01 1.38614714e-01 1.15119517e-02 2.28734672e-01
    1.21291184e+00 1.29942036e+00 7.98921824e-01 3.96297097e-01
    6.66930676e-02 1.03597915e+00 1.23518014e+00 6.92432880e-01
    -2.87766814e-01 1.13835025e+00 7.00402021e-01 3.40931654e-01
    8.86720419e-03 6.31127477e-01 -2.84087390e-01 1.06413281e+00
    -9.60853100e-02 7.55308628e-01 -3.41701448e-01 1.06965542e+00
    4.66871381e-01 6.69948816e-01 6.41934872e-02 2.77722895e-01
    1.33076739e+00 -2.02829629e-01 8.80879521e-01 -1.25239164e-01
    1.01497245e+00 -3.04157913e-01 9.85823154e-01 1.24973106e+00
    6.34849131e-01 -2.44749337e-01 1.83514118e-01 -1.90535635e-01
    1.01308370e+00 1.21405244e+00 -2.96262771e-01 5.34877300e-01
    1.27930593e+00 -4.64027703e-01 1.21512759e+00 9.20876265e-02
    1.09218740e+00 1.85075998e-02 9.71743107e-01 1.18413913e+00
    -1.97847724e-01 1.08172572e+00 -1.40582412e-01 7.31371999e-01
    -3.25558186e-02 3.54857743e-01 -6.50635958e-02 -1.47667110e-01
    6.43692255e-01 5.15650272e-01 9.72679138e-01 9.81445551e-01
    5.61081171e-01 8.28180075e-01 1.16240883e+00 4.45725322e-02
    -2.47265846e-01 1.92516714e-01 7.96963096e-01 5.01348794e-01
    1.43566877e-01 -2.56686985e-01 4.94474709e-01 -3.64370614e-01
    2.40336955e-02 9.45632815e-01 8.89737248e-01 6.53505087e-01
    1.20232105e+00 6.79664135e-01 9.14936066e-01 9.29825306e-02
    2.39638954e-01 1.20167851e-01 8.59404802e-02 1.08490646e+00
    1.00155413e-01 1.77178264e-01 4.36332166e-01 7.14646935e-01
    6.58462286e-01 8.10258508e-01 -3.64736795e-01 1.25537825e+00
    2.53408670e-01 7.32735574e-01 1.52457684e-01 -2.55658567e-01
    9.11106706e-01 7.76643872e-01 -2.77436972e-02 1.01058149e+00
    1.11904776e+00 1.06764615e+00 7.09486306e-01 7.06631541e-01
    5.83476067e-01 1.20181501e-01 6.68513536e-01 5.38347900e-01
    -1.70617610e-01 6.61887407e-01 7.65730619e-01 1.02111471e+00
    1.37861192e+00 -2.72660375e-01 3.73151362e-01 3.83220494e-01
    -1.02237880e-01 1.23881114e+00 -6.66441917e-02 1.11037087e+00
    4.77236748e-01 3.69150817e-01 1.36400759e+00 -3.95404309e-01
    5.26140034e-01 1.19290709e+00 9.35494542e-01 -2.80379474e-01
    1.30862999e+00 2.19208121e-01 -2.68269897e-01 -5.65439463e-03
    5.55222392e-01 5.37545741e-01 -2.25195274e-01 4.20858264e-01
    -2.89958179e-01 1.26536620e+00 -2.87312567e-01 4.93212759e-01
    1.34809351e+00 1.10760033e-01 7.18994260e-01 -1.93451479e-01
    -9.15725082e-02 -2.16505215e-01 6.92789972e-01 7.58650780e-01
    -9.46545005e-02 9.69581008e-01 -2.68826276e-01 1.28349960e-02
    -2.97042489e-01 1.10161483e+00 2.42294967e-01 -7.15398788e-03
    -2.79181421e-01 1.01163363e+00 1.63822770e-02 9.05732453e-01
    -3.11070621e-01 4.89654124e-01 6.50375366e-01 4.33498383e-01
    1.00761628e+00 6.98841810e-01 1.14443946e+00 5.52635431e-01
    5.62594593e-01 4.68531013e-01 6.80098772e-01 1.05138326e+00
    6.37695909e-01 4.14310455e-01 1.09983087e+00 2.73537993e-01
    7.40509033e-02 1.10682154e+00 8.71750474e-01 -1.36516094e-02
    4.52187657e-01 -7.25800693e-02 -1.23914242e-01 8.26961517e-01
    1.13377285e+00 6.02809191e-02 7.91305900e-01 4.24634337e-01
    1.11499214e+00 -2.00982839e-01 -1.29959643e-01 1.28268707e+00
    -1.41865700e-01 8.01244259e-01 2.08337307e-01 1.10269666e-01
    2.23037004e-02 -1.21814311e-01 7.98031569e-01 -5.66623807e-02
    -7.23370016e-02 1.27932751e+00 -3.56256783e-01 9.23202991e-01
    8.19332957e-01 6.42967641e-01 3.63544106e-01 1.19859040e+00
    4.68375146e-01 -7.88719356e-02 2.34191239e-01 9.21524823e-01
    5.84926367e-01 3.79527926e-01 5.43128848e-02 8.66226017e-01
    -3.95700574e-01 2.45386600e-01 8.66827011e-01 7.41483927e-01
    3.69955599e-01 6.82552576e-01 4.81839299e-01 -1.03989244e-02
    -2.60214984e-01 6.45740211e-01 3.31995785e-02 2.46650815e-01
    4.28941846e-01 1.08650219e+00 -1.65342271e-01 3.70087862e-01
    2.51289845e-01 -2.56596208e-01 5.60114741e-01 5.92502236e-01
    3.69572937e-02 5.58834076e-02 4.19721484e-01 4.49762583e-01
    2.32103944e-01 9.24111605e-01 2.87753224e-01 -1.25483572e-01
    7.53178418e-01 -1.06213927e-01 8.64468575e-01 3.66245687e-01
    6.47908449e-03 1.40264463e+00 5.53128242e-01 9.14514065e-01
    5.66372156e-01 1.24010205e+00 9.71713364e-02 -1.83264539e-01
    8.56583416e-01 -3.25926512e-01 4.32165265e-01 1.27269459e+00
    -2.81954199e-01 -1.30763710e-01 5.74832201e-01 7.40624905e-01
    1.24725497e+00 -3.50281239e-01 1.10898566e+00 2.74632096e-01
    -3.01983207e-01 1.02717090e+00 -2.80299544e-01 1.33950913e+00
    3.12078893e-01 1.17711604e+00 -1.40023723e-01 1.90705478e-01
    2.82875299e-02 2.46063888e-01 6.76195860e-01 1.17423236e+00
    1.17828798e+00 9.11906004e-01 3.80366504e-01 1.31568074e+00
    -2.71041811e-01 6.33971691e-01 1.01827025e-01 8.70743394e-01
    1.60796881e-01 1.13469338e+00 7.10687101e-01 1.27342641e-01
    -7.29496479e-02 3.46718788e-01 -3.37887943e-01 1.16708863e+00
    8.82088780e-01 4.67823327e-01 1.00526452e+00 6.52723670e-01
    -1.04103476e-01 1.37088299e+00 7.69883871e-01 4.44109201e-01
    3.37605655e-01 1.25236487e+00 -4.12624478e-02 5.07269681e-01
    3.01097512e-01 -2.38864839e-01 1.23451364e+00 2.14212358e-01
    8.60238791e-01 6.03089690e-01 3.08230817e-01 -2.48739064e-01
    5.78611612e-01 9.81781840e-01 -1.55790031e-01 9.69693780e-01
    1.07924306e+00 -2.96760023e-01 7.95962274e-01 -2.47126296e-01
    2.57935286e-01 5.26342869e-01 -5.55133820e-03 9.71145511e-01
    1.97260380e-01 5.55781186e-01 -1.87023669e-01 3.48219037e-01
    4.26881909e-01 -1.81916237e-01 1.87766075e-01 4.04739618e-01
    2.02735484e-01 4.37690854e-01 1.12842095e+00 9.29808617e-03
    1.04437232e+00 -1.40905678e-01 -7.27896988e-02 7.11894393e-01
    5.00159860e-01 1.15878093e+00 5.69104314e-01 3.05651188e-01
    1.00805330e+00 4.12927747e-01 2.58083642e-01 -2.11326376e-01
    1.19312501e+00 -1.27717257e-02 1.32079148e+00 9.87702608e-01
    2.40064621e-01 3.01616788e-02 -1.59675211e-01 7.83420026e-01
    8.59769583e-02 6.64033949e-01 1.29437816e+00 5.92841864e-01
    -2.25031078e-02 6.64492428e-01 2.87035227e-01 1.25592399e+00
    1.57111883e-02 -8.75064582e-02 1.30165070e-01 2.45770216e-02
    5.47385097e-01 4.11640406e-01 -7.64297545e-02 -3.47793698e-01
    5.33153355e-01 1.28218472e+00 5.65280914e-01 6.24406874e-01
    3.68065119e-01 6.15250468e-02 3.53062332e-01 3.16088676e-01
    4.99002934e-01 -7.57572055e-02 1.49707472e+00 4.19480145e-01
    1.08338392e+00 1.12731719e+00 7.12594390e-01 2.54505873e-01
    7.76602685e-01 3.20657134e-01 8.18890333e-02 4.79587972e-01
    9.32089925e-01 6.92073226e-01 6.86638236e-01 1.22965729e+00
    4.93474007e-01 1.31333756e+00 1.18463659e+00 -3.89552057e-01
    1.14648581e+00 4.09480810e-01 -2.31437415e-01 2.57306933e-01
    1.32443893e+00 1.07184398e+00 3.50413144e-01 1.18608212e+00
    2.62785971e-01 4.55237806e-01 -1.70669645e-01 5.98965764e-01
    -1.70364052e-01 6.56760931e-01 1.23572016e+00 7.75385737e-01
    1.10930562e+00 2.24906504e-01 -3.11966807e-01 1.11318243e+00
    3.23207557e-01 1.01308107e-01 3.47786427e-01 9.31793332e-01
    8.37372780e-01 1.26413083e+00 8.20822477e-01 6.45148993e-01
    1.01562321e+00 9.07653570e-01 2.60970235e-01 2.09755242e-01
    5.63080192e-01 2.88827658e-01 8.58619034e-01 1.08523881e+00
    1.01408029e+00 3.50289404e-01 3.67713392e-01 1.34436858e+00
    -2.01888084e-02 2.62646794e-01 3.94936621e-01 6.45330787e-01
    7.34006584e-01 -2.23839283e-03 -8.27823281e-02 6.50915742e-01
    5.60569763e-01 1.20060110e+00 9.80648279e-01 1.13008404e+00
    1.81812346e-01 4.12398577e-01 4.98580456e-01 5.85209012e-01
    7.97030866e-01 -3.14964771e-01 4.02469635e-01 7.18035102e-01
    9.91366029e-01 4.28563654e-01 7.86317766e-01 -2.15264648e-01
    7.91810930e-01 3.59397054e-01 5.91943264e-02 2.04170585e-01
    1.20029855e+00 5.90691566e-01 4.56241727e-01 1.24866188e+00
    4.58604097e-03 9.18777704e-01 7.77661800e-01 7.67673492e-01
    9.81901526e-01 -3.76433253e-01 1.01979244e+00 1.71726108e-01
    5.49390912e-01 1.08197248e+00 3.35678458e-02 -2.86992431e-01
    1.06908536e+00 3.34488273e-01 1.88881218e-01 5.50505519e-01
    3.75266016e-01 1.40079188e+00 -1.44010752e-01 7.88187981e-03
    2.06919134e-01 -1.38026476e-02 3.14116359e-01 3.95708501e-01
    -7.68586993e-02 6.67709351e-01 -6.72453046e-02 -2.86164284e-02
    1.14139783e+00 -2.14419603e-01 1.70082152e-01 1.37476325e-02
    1.15498233e+00 9.87149358e-01 9.41646099e-02 1.30067623e+00
    -3.09738249e-01 1.01803446e+00 1.16006100e+00 8.44866514e-01
    1.01418197e+00 9.34578776e-02 2.12811410e-01 1.05485654e+00
    1.18733001e+00 1.36279178e+00 -1.15423918e-01 1.66615069e-01
    1.13156319e+00 8.35308790e-01 -4.02355194e-02 4.72632051e-02
    9.79552865e-01 1.10680878e-01 3.76321673e-02 7.38475978e-01
    1.32107568e+00 5.27562261e-01 1.16714633e+00 -1.42535210e-01
    -2.98675090e-01 1.02540982e+00 3.13055217e-01 -2.80146539e-01
    1.07608819e+00 7.34893084e-01 4.07354474e-01 1.08723080e+00
    6.03539944e-01 1.69660449e-01 1.14583790e-01 1.20665753e+00
    9.78499174e-01 2.82762766e-01 1.36721301e+00 -3.40154499e-01
    3.08251619e-01 -8.97894800e-02 1.07764852e+00 3.48581433e-01
    -2.81820357e-01 2.28416920e-01 5.29638171e-01 1.08275151e+00
    1.01305485e-01 1.03825998e+00 9.35690522e-01 9.55865979e-01
    8.01079869e-01 1.20218694e+00 8.94632697e-01 5.98056436e-01
    1.66340888e-01 2.86244154e-01 1.19808972e+00 1.86789572e-01
    9.68517065e-02 6.93634272e-01 1.06128097e-01 1.17522132e+00
    1.17734885e+00 5.48225284e-01 7.78915405e-01 -2.69841611e-01
    1.12587154e+00 -6.17904663e-02 7.94805586e-01 -3.65749389e-01
    1.08256638e+00 -8.75191391e-02 1.16327798e+00 6.56113744e-01
    1.29809797e+00 6.15530014e-01 7.43513107e-02 1.16555989e+00
    4.96266723e-01 4.66163635e-01 7.99975157e-01 7.22082496e-01
    1.04904950e+00 6.66441321e-01 1.27424622e+00 8.86436939e-01
    2.60199964e-01 1.19742262e+00 -2.60278344e-01 1.37559533e+00
    9.32335854e-01 4.34831679e-01 2.01674521e-01 9.62272584e-02
    1.26053476e+00 -2.96596229e-01 6.69478297e-01 -7.40273595e-02
    -9.82547402e-02 9.78231072e-01 2.93789804e-01 4.63391840e-01
    6.35017753e-01 -1.40536189e-01 1.49016023e-01 8.45976770e-01
    1.44341457e+00 -1.38025597e-01 -4.00902033e-02 6.29695892e-01
    1.66762173e-01 3.37397397e-01 -1.00223839e-01 1.11919713e+00
    -1.28446609e-01 -7.42139816e-02 9.23244953e-01 1.37057257e+00
    -7.88165629e-02 2.07050562e-01 -2.54395366e-01 1.20083654e+00
    4.62000847e-01 5.65348208e-01 -2.74522305e-01 9.44414973e-01
    2.36847401e-02 -3.88372242e-02 1.65057182e-03 -3.29529941e-02
    -3.51165473e-01 3.64620030e-01 8.41255784e-01 2.02014148e-01
    6.77126169e-01 6.44642889e-01 9.52979922e-02 -2.58125484e-01
    1.32756150e+00 4.52305555e-01 1.25946164e+00 4.71937060e-01
    2.76726544e-01 8.20468664e-01 9.70840454e-04 4.67305541e-01
    -6.12152219e-02 1.75962627e-01 1.21612728e+00 3.97458911e-01
    1.33648753e-01 1.25255835e+00 4.68260646e-01 2.91846037e-01
    1.33055294e+00 1.91050470e-01 1.35750353e+00 8.45216513e-02
    1.46786273e-01 3.91586781e-01 -1.13679022e-01 3.99703264e-01
    -6.09908104e-02 -2.14280292e-01 8.71836185e-01 4.82703865e-01
    1.21113551e+00 8.48253369e-01 8.83425772e-01 -1.21326149e-01
    -1.46742404e-01 -8.32262039e-02 2.43996203e-01 1.29636800e+00
    5.97972870e-02 8.58698249e-01 7.01638579e-01 1.12781346e+00
    1.48195028e-01 -2.34809697e-01 -1.04911923e-01 1.80382967e-01
    6.56963825e-01 8.43670607e-01 2.86116660e-01 6.06971979e-01
    9.53005075e-01 5.63514292e-01 5.86833954e-01 8.02402139e-01
    4.94465232e-02 6.96799815e-01 1.36326051e+00 7.31981277e-01
    5.15357852e-01 1.06341457e+00 1.22417092e-01 -2.89804339e-02
    6.13870025e-02 -4.96498346e-02 -2.00904354e-01 6.60399437e-01
    -3.37163121e-01 1.07322741e+00 6.51299357e-01 8.68155122e-01
    5.62060237e-01 1.30494833e+00 1.77253246e-01 1.12764156e+00
    6.17126882e-01 -2.27684259e-01 9.94076490e-01 1.02181351e+00
    4.77981567e-01 5.47205925e-01 5.36078572e-01 -3.39090139e-01
    -2.65209943e-01 1.21405983e+00 9.73365307e-01 8.85298252e-01
    -3.90617311e-01 1.42893195e+00 8.85470986e-01 6.87440753e-01
    3.25321317e-01 9.29645777e-01 6.56284809e-01 1.02471018e+00
    5.96834838e-01 5.76521099e-01 2.63057292e-01 3.76747668e-01
    1.05228055e+00 6.84477091e-02 6.30152464e-01 7.01432586e-01
    2.59184837e-03 7.47377038e-01 1.11224246e+00 9.66377378e-01
    1.15369606e+00 2.50832736e-01 -9.97940898e-02 7.60936677e-01
    2.93044865e-01 7.19329715e-02 1.27692759e+00 -1.12483025e-01
    7.13338971e-01 -2.63719171e-01 4.51974869e-01 7.87162781e-03
    9.69017386e-01 -3.43194008e-01 9.33504701e-01 4.50599253e-01
    6.11454248e-01 1.15317476e+00 -9.75127816e-02 1.20482683e+00
    -3.75612259e-01 1.16765499e-03 1.23097420e+00 1.41359508e+00
    -4.06723917e-01 6.73551798e-01 6.93097234e-01 8.33612680e-03
    7.69500732e-02 -8.97169113e-03 6.78260207e-01 2.41525829e-01
    1.26642346e-01 -2.56307870e-01 8.30857933e-01 -2.38573551e-03
    -9.49757248e-02 1.06632984e+00 -2.14900076e-01 -2.69436270e-01
    1.34972370e+00 4.32636023e-01 -6.30186796e-02 1.12940204e+00
    1.07210457e+00 8.51775527e-01 1.99382067e-01 2.93441057e-01
    8.92861366e-01 7.53114343e-01 7.49251723e-01 7.05463648e-01
    7.60207534e-01 -1.97622672e-01 1.02850640e+00 9.37376261e-01
    5.95593095e-01 1.24510300e+00 7.32280493e-01 5.41113734e-01
    -5.83515167e-02 2.28517711e-01 -1.86480016e-01 1.07083273e+00
    -2.42608503e-01 -7.94488788e-02 3.38848352e-01 1.19715738e+00
    -2.31639862e-01 1.36896658e+00 3.11502576e-01 9.73176360e-01
    3.85743976e-01 8.88444662e-01 4.39184070e-01 3.14298868e-02
    6.40843570e-01 -3.65971088e-01 1.40907824e+00 3.45242858e-01
    1.15670919e+00 1.27113199e+00 -1.41381770e-01 8.84969652e-01
    4.12485361e-01 6.80964291e-02 2.27482975e-01 -2.85847336e-01
    6.19277954e-01 1.00622499e+00 8.47170830e-01 2.08387733e-01
    1.27738118e+00 9.37662482e-01 -3.65765095e-01 1.03200853e+00
    -3.65110278e-01 1.09451687e+00 -4.01022404e-01 1.27607524e+00
    -6.90696537e-02 -2.59090930e-01 -1.82099909e-01 3.90258253e-01
    -1.21696174e-01 -1.59338683e-01 3.90004277e-01 -1.88146099e-01
    1.16042364e+00 3.87559950e-01 6.78051233e-01 7.74663568e-01
    5.18444002e-01 1.33876145e+00 2.66199708e-01 -2.33061239e-01
    1.72254562e-01 1.33106780e+00 2.16759026e-01 5.55550635e-01
    -2.02520877e-01 6.47663474e-02 6.69547081e-01 1.24444461e+00
    6.66249990e-01 6.41144872e-01 1.19125593e+00 -1.19932443e-01
    7.54978418e-01 7.14098096e-01 9.24856186e-01 1.11814737e-01
    -1.17953718e-01 1.64583981e-01 2.21031547e-01 3.23159695e-01
    -1.37102187e-01 1.26211798e+00 1.01514995e+00 -1.22295976e-01
    1.37577260e+00 1.11599088e-01 1.33534563e+00 7.08637476e-01
    1.05042267e+00 1.35533953e+00 -1.86401397e-01 -1.00345552e-01
    1.27692688e+00 -1.48186177e-01 3.90593469e-01 1.45933747e+00
    -1.53273940e-02 9.75719571e-01 1.49193943e-01 1.15295148e+00
    9.05900955e-01 5.84312677e-02 4.44761157e-01 5.47227442e-01
    8.42654467e-01 1.09733558e+00 -3.09637070e-01 -1.73197031e-01
    1.22551966e+00 5.25959373e-01 5.62896669e-01 8.40408444e-01
    -3.67292345e-01 6.44581616e-02 3.66077662e-01 1.81856990e-01
    4.88387108e-01 -4.51537073e-02 3.41607809e-01 2.30065584e-02
    3.25528681e-01 1.37825382e+00 5.38265586e-01 -2.78465629e-01
    -1.70577183e-01 1.03139579e-02 -1.11282170e-01 3.14808547e-01
    6.94737315e-01 1.44658041e+00 2.08685040e-01 5.03349900e-01
    1.33245766e+00 9.47252870e-01 3.48021984e-02 4.91212428e-01
    3.44789267e-01 1.12261772e+00 4.45452809e-01 2.44207442e-01
    1.39745879e+00 -3.27766120e-01 -8.39813203e-02 1.03096652e+00
    5.14513791e-01 3.43244374e-01 -1.11517757e-01 1.96685433e-01
    5.67588449e-01 -1.71676546e-01 -1.02668524e-01 -1.61775678e-01
    1.27256668e+00 1.85909033e-01 5.87414026e-01 -2.10407883e-01
    1.24497509e+00 3.43738258e-01 9.28969502e-01 -2.73519307e-01
    1.22908485e+00 4.88638878e-01 1.04024374e+00 1.19194603e+00
    -2.36024886e-01 -1.83838665e-01 -1.50186256e-01 1.20475519e+00
    8.54123235e-02 3.78069103e-01 5.22329390e-01 7.59433985e-01
    1.13948321e+00 1.77221179e-01 9.02128100e-01 1.18499339e+00
    7.67302155e-01 1.03913486e+00 1.02331316e+00 6.76159739e-01
    -5.61421514e-02 3.73987496e-01 2.76572704e-01 1.28782082e+00
    -1.02360785e-01 5.63731849e-01 -1.81805223e-01 -2.45150745e-01
    2.36586988e-01 -2.39940584e-02 6.60488605e-02 1.21949267e+00
    1.15680361e+00 -1.30679339e-01 -1.78401768e-01 4.68459487e-01
    3.37042987e-01 1.00908208e+00 1.25855744e-01 1.38471723e-02
    1.06141341e+00 5.53262949e-01 6.92938089e-01 8.00915241e-01
    3.41164947e-01 9.07230377e-03 -4.52048182e-02 1.00114775e+00
    8.74419570e-01 1.10386455e+00 -3.76963675e-01 1.06411099e+00
    1.10032153e+00 1.34901214e+00 3.49161863e-01 1.94664598e-01
    -3.43770415e-01 -5.72545528e-02 7.03995228e-01 8.12464952e-01
    2.52377033e-01 1.04382503e+00 7.96670914e-02 -2.48873234e-02
    1.04939485e+00 1.44644856e-01 7.95462370e-01 4.88250673e-01
    1.37260902e+00 -2.17665657e-01 6.92720830e-01 1.95541739e-01
    8.69328797e-01 2.24778354e-02 -1.63872376e-01 8.30346644e-02
    2.13423371e-02 1.18376398e+00 5.37236333e-02 1.21500540e+00
    -2.12008059e-01 8.21316719e-01 3.88266861e-01 -2.06509799e-01
    7.01139569e-01 1.98404074e-01 8.23884785e-01 -1.48218915e-01
    -2.77826160e-01 5.54283381e-01 1.02460837e+00 7.90492415e-01
    2.44062126e-01 -3.52996588e-02 1.08103240e+00 8.85520220e-01
    -2.75752485e-01 -1.12590179e-01 8.63665938e-02 3.66657853e-01
    8.83919001e-01 1.67763412e-01 7.84785092e-01 -1.04939699e-01
    6.53589189e-01 2.64718890e-01 3.35892975e-01 1.02785361e+00
    1.97823048e-01 -1.99482828e-01 1.31437659e+00 -1.02215528e-01
    1.15227389e+00 1.04228485e+00 -4.27492857e-02 4.13075089e-01
    4.29298997e-01 4.77368355e-01 4.01923835e-01 2.22589374e-02
    7.00267196e-01 7.28955269e-01 9.52957273e-02 2.03214318e-01
    2.63772905e-02 6.11298978e-02 7.83092380e-01 1.29163265e+00
    5.63773632e-01 1.93054259e-01 4.42549586e-01 1.97745502e-01
    -1.65765136e-01 7.90664911e-01 4.56298828e-01 2.98370361e-01
    4.01070654e-01 5.77446699e-01 8.39210391e-01 7.56656289e-01
    -2.10625529e-02 9.07349944e-01 9.19943213e-01 9.36559439e-01
    4.73923385e-01 -2.07883164e-01 9.05377328e-01 -2.87755609e-01
    1.05998552e+00 6.49917066e-01 -2.65017807e-01 1.02872407e+00
    6.25899017e-01 -1.47194445e-01 2.94474959e-01 5.94926000e-01
    6.03836238e-01 2.44950831e-01 -4.93214726e-02 1.52276486e-01
    5.44182241e-01 1.05545568e+00 8.97097468e-01 -8.86218548e-02
    9.74356771e-01 -1.38745904e-02 1.00113332e+00 3.35861802e-01
    -3.03279698e-01 1.16667557e+00 8.85276794e-01 3.37482631e-01
    4.72056091e-01 1.25380599e+00 -2.01644897e-01 1.29731905e+00
    7.11077452e-01 -3.65558684e-01 8.59185457e-01 4.71703589e-01
    9.99853015e-01 1.19422686e+00 -4.64829415e-01 9.16872025e-01
    5.75311303e-01 -5.15057325e-01 1.19380212e+00 9.48890567e-01
    -6.79301620e-02 1.14374757e+00 2.34609008e-01 1.04121685e-01
    1.01617789e+00 1.01192033e+00 -1.76267177e-01 3.19172204e-01
    2.93462336e-01 1.19423699e+00 1.37567103e-01 1.12145162e+00
    4.15318131e-01 6.98207259e-01 5.74710548e-01 4.24721122e-01
    -5.50687611e-02 5.20023286e-01 -2.25110054e-02 3.77090156e-01
    1.23256421e+00 4.80359852e-01 -2.19153225e-01 1.36328626e+00
    8.21814418e-01 3.72507215e-01 1.35858727e+00 1.39353514e+00
    -8.88825059e-02 6.04047060e-01 1.18850863e+00 9.20237303e-01
    8.70940089e-01 1.77799761e-01 9.58702385e-01 6.21086001e-01
    1.88408911e-01 1.10707879e-02 -1.72907412e-01 6.17050469e-01
    4.39269543e-02 -2.31915012e-01 2.96006680e-01 -1.52611747e-01
    -5.85972965e-02 2.51576304e-01 3.32755744e-01 8.13933790e-01
    2.52339125e-01 7.82632411e-01 -2.13959575e-01 -1.89613402e-02
    4.76557612e-02 9.84081507e-01 4.16740716e-01 -3.04490507e-01
    1.01621413e+00 1.11519396e+00 1.23980606e+00 -9.70700383e-02
    1.05117083e+00 1.14812374e-01 6.89111292e-01 1.19121218e+00
    6.61118388e-01 1.22149336e+00 9.26079273e-01 4.26902115e-01
    4.77936387e-01 1.22403884e+00 1.12117565e+00 8.00970793e-01
    1.55815542e-01 1.05875158e+00 -5.72191775e-02 1.12957597e-01
    -3.28441501e-01 1.34014511e+00 -4.54054475e-02 1.16669118e+00
    1.04064894e+00 6.20238066e-01 -2.60661095e-01 3.31449509e-01
    1.34724283e+00 -2.88201690e-01 1.21225071e+00 7.22363949e-01
    1.37737727e+00 6.21559024e-01 1.03435802e+00 8.86572599e-01
    1.14891672e+00 -9.79235768e-02 1.12487888e+00 6.68481588e-01
    1.00527167e-01 1.09518409e+00 8.20474625e-01 3.85469079e-01
    6.14095569e-01 7.02922106e-01 1.14679193e+00 7.25013614e-01
    3.16921234e-01 -3.08571458e-02 8.49532723e-01 1.34925365e+00
    -3.28677684e-01 1.14045870e+00 5.61726213e-01 5.42158008e-01
    1.28071213e+00 2.53518999e-01 7.12520242e-01 -1.09406978e-01
    -1.60613701e-01 4.77981567e-02 9.25002217e-01 7.01605797e-01
    8.37693572e-01 -4.29178834e-01 1.37879896e+00 7.82702565e-01
    1.13951457e+00 1.08175468e+00 8.92717957e-01 8.39693427e-01
    6.32114172e-01 6.97481871e-01 1.77560806e-01 -4.45848405e-02
    5.30444145e-01 5.64573109e-02 6.01822138e-03 7.15756714e-01
    -7.79457688e-02 4.28328812e-01 8.90870094e-02 1.45637071e+00
    -2.18601644e-01 4.59365249e-01 9.26601231e-01 3.66126895e-01
    3.84809673e-01 -1.12169027e-01 1.81699455e-01 8.23824406e-02
    5.92145920e-02 8.09940696e-01 3.86976659e-01 9.40771699e-01
    1.12943721e+00 1.79461777e-01 8.06671262e-01 -1.19231939e-01
    3.66230249e-01 6.97644770e-01 3.53728533e-01 -3.54640484e-02
    7.41617978e-01 -1.54637396e-01 9.58384275e-01 4.17280197e-02
    1.00378919e+00 2.57593989e-02 2.42561877e-01 1.26113939e+00
    -4.06374425e-01 8.90526772e-01 2.09795833e-01 -1.42566785e-01
    7.46125877e-02 6.35505199e-01 1.21008241e+00 -1.10776663e-01
    5.32298505e-01 4.90695238e-04 4.26798284e-01 2.01563597e-01
    -2.09230691e-01 8.78360868e-01 4.01370943e-01 6.43160820e-01
    7.85012722e-01 1.38202500e+00 -7.39759207e-02 1.15736353e+00
    5.75563788e-01 3.66610110e-01 6.92150593e-02 -1.45560503e-03
    1.15626597e+00 3.32788825e-02 1.20451152e+00 -3.54471624e-01
    2.82659948e-01 5.92879176e-01 4.62945700e-02 6.53220475e-01
    7.72328138e-01 4.63781834e-01 1.19494700e+00 -2.99803197e-01
    8.76801789e-01 -1.79194212e-02 9.48919535e-01 3.64976525e-02
    1.10410416e+00 6.38701320e-02 -1.01584792e-02 -2.87340939e-01
    1.29776919e+00 4.06734943e-01 7.12672710e-01 7.68760204e-01
    1.23447609e+00 4.68646049e-01 1.63130760e-01 -1.73653409e-01
    -4.55762446e-02 3.84312868e-01 1.40130520e-03 4.69422519e-01
    2.25033283e-01 1.27563047e+00 9.83248353e-01 4.68710244e-01
    6.54861510e-01 6.23476028e-01 3.36547375e-01 -2.03807443e-01
    9.87583280e-01 -2.71911263e-01 1.33602786e+00 -1.79243192e-01
    9.45872664e-02 9.46435452e-01 7.43737221e-01 7.07360268e-01
    1.26405799e+00 4.19681311e-01 -3.72827023e-01 1.15013373e+00
    6.58620358e-01 3.60648334e-01 7.80105472e-01 -1.36880398e-01
    9.20019746e-01 1.01672888e+00 7.59842992e-01 2.57892013e-01
    1.12381673e+00 8.62586260e-01 8.21813703e-01 7.42274284e-01
    6.02929592e-02 5.49044549e-01 4.79643703e-01 -3.59160691e-01
    8.95010829e-01 7.90940523e-01 -1.83471724e-01 1.10086292e-01
    1.46005571e-01 9.79392290e-01 1.00287926e+00 1.18725479e-01
    4.15529966e-01 -3.17751199e-01 1.27908397e+00 -7.89229870e-02
    -2.95330286e-02 -6.84157610e-02 8.63656878e-01 9.56699967e-01
    8.28059316e-01 -2.04088569e-01 3.65310609e-01 5.85934639e-01
    8.80168200e-01 3.63871872e-01 -1.48214936e-01 -2.88200378e-02
    4.75693345e-01 7.90638089e-01 -9.14139152e-02 -4.24875617e-02
    1.17738128e+00 -1.55370355e-01 -2.11933151e-01 -1.03474870e-01
    3.89968812e-01 6.37507915e-01 1.15818608e+00 4.61416066e-01
    3.79379392e-01 2.23750472e-01 1.21333420e+00 5.25577605e-01
    8.46535504e-01 2.32135653e-01 1.42210042e+00 6.04313612e-03
    -1.47109210e-01 -9.51647758e-04 9.22291875e-01 4.91986632e-01
    1.40679479e-02 7.30012894e-01 -2.80261487e-01 1.08139336e+00
    2.53810048e-01 1.13792133e+00 -1.68229342e-01 1.20965278e+00
    2.93010294e-01 1.04852104e+00 -1.52183294e-01 2.53639102e-01
    7.38030314e-01 -1.39283061e-01 5.11563957e-01 1.49005771e-01
    4.49299157e-01 6.05198920e-01 -1.21661723e-01 -2.24676371e-01
    8.99765193e-02 -5.29766083e-04 1.17235124e+00 9.97675776e-01
    1.04254496e+00 1.22685552e-01 7.93817103e-01 3.93389046e-01
    8.42758536e-01 3.68486464e-01 6.23385906e-02 -2.10129663e-01
    4.52765286e-01 7.04494119e-01 -3.48363638e-01 -2.80886441e-01
    2.07143903e-01 -3.01573455e-01 3.78707528e-01 -4.31017250e-01
    5.11190534e-01 1.00496173e+00 9.52428102e-01 9.97100830e-01
    9.70027328e-01 5.20707965e-02 5.65170944e-01 4.41123247e-01
    9.83873129e-01 7.98984528e-01 -3.67782921e-01 2.92626321e-01
    2.76844084e-01 1.28113532e+00 1.07139170e-01 2.47527897e-01
    1.95071995e-01 -1.02907896e-01 7.14176655e-01 5.39867342e-01
    7.75219440e-01 2.43891895e-01 1.41022587e+00 7.85636306e-02
    -2.00294405e-01 7.76535809e-01 5.59157133e-01 1.63199127e-01
    5.80878735e-01 8.01693141e-01 1.97032630e-01 -3.90186101e-01
    3.25806618e-01 4.08524930e-01 1.13660932e-01 -3.70888293e-01
    9.27008152e-01 8.41592789e-01 2.15848923e-01 7.90253162e-01
    2.63194323e-01 -1.31510794e-02 6.62103474e-01 4.83645082e-01
    7.42644548e-01 3.29596162e-01 5.50668299e-01 -3.60421479e-01
    9.79994893e-01 1.18263328e+00 1.22065127e-01 -3.75631750e-02
    7.48061717e-01 6.71781600e-02 8.63993227e-01 1.08823681e+00
    1.07671082e+00 8.95371914e-01 7.43361712e-01 2.93024719e-01
    -2.92682946e-01 1.18687415e+00 6.75593376e-01 -4.88296747e-02
    6.01149499e-01 3.31463575e-01 1.09025156e+00 1.01351869e+00
    1.27157176e+00 4.10754263e-01 3.65016937e-01 1.05120504e+00
    -3.23408514e-01 4.13032830e-01 5.32285869e-01 1.29850996e+00
    8.26153159e-02 1.00736666e+00 2.56333232e-01 1.94460690e-01
    5.56302905e-01 9.52744603e-01 -8.39574337e-02 1.19600499e+00
    -1.46384448e-01 7.20235467e-01 -2.67249346e-03 1.38287544e+00
    9.90284443e-01 -3.31580520e-01 9.84382868e-01 1.06710303e+00
    -2.16634333e-01 2.77008832e-01 2.71057844e-01 7.10780978e-01
    1.23450863e+00 7.21407771e-01 9.83257413e-01 -1.70649290e-02
    1.42258465e-01 1.23491967e+00 1.12989485e+00 2.46312380e-01
    8.08600783e-02 1.26435471e+00 7.01897144e-01 7.39547372e-01
    2.63151109e-01 8.97565484e-01 6.00281358e-01 6.41938925e-01
    -2.32702106e-01 5.22854447e-01 1.16546774e+00 5.48196733e-01
    7.76688576e-01 1.09855890e+00 7.83777952e-01 3.53832781e-01
    1.09346974e+00 4.96951461e-01 3.61203611e-01 3.43018949e-01
    3.26033831e-01 1.26133239e+00 8.68715882e-01 1.52486145e-01
    7.68345475e-01 1.26315916e+00 8.32597733e-01 6.40431404e-01
    4.09778118e-01 3.67133439e-01 1.22891068e-01 6.36532843e-01
    2.31454372e-02 6.51045561e-01 1.12911510e+00 5.07800341e-01
    1.29702055e+00 -4.42489326e-01 1.25275254e+00 -2.12765694e-01
    9.94457841e-01 8.15107822e-01 8.95066857e-02 -1.88289970e-01
    -4.07099158e-01 1.02115703e+00 1.23403192e+00 5.06487966e-01
    1.12820244e+00 3.08799744e-02 1.19052005e+00 2.10515857e-01
    1.19607985e+00 1.05817139e-01 5.32898247e-01 1.89230263e-01
    -1.18926913e-01 6.74686968e-01 4.73787308e-01 1.36753738e-01
    9.81168330e-01 -3.06285203e-01 1.10864151e+00 5.35763443e-01
    1.19363332e+00 5.35566926e-01 7.21432388e-01 -1.65114045e-01
    1.32173407e+00 9.82657552e-01 1.49515688e-01 5.07371664e-01
    6.28264129e-01 1.11433119e-01 -3.84315431e-01 9.60075021e-01
    1.23563218e+00 9.32715535e-02 9.79746103e-01 1.83966756e-01
    5.74224651e-01 -3.45844030e-02 3.81988943e-01 1.19071031e+00
    3.00804377e-02 1.47065222e-01 1.14564151e-01 5.79167247e-01
    7.26437449e-01 8.19769502e-01 4.55571115e-01 1.01988292e+00
    -4.39429939e-01 1.04671836e+00 5.32865942e-01 4.88561153e-01
    6.57118618e-01 5.16109884e-01 6.72891021e-01 2.78245807e-02
    5.93153298e-01 1.33740675e+00 5.34390330e-01 1.96033120e-01
    -3.32376659e-02 2.37871945e-01 3.95476222e-02 8.16014051e-01
    1.14080060e+00 1.07464933e+00 9.71883297e-01 8.71376514e-01
    -1.09911919e-01 -9.27213430e-02 2.76255190e-01 6.50616884e-01
    1.14765739e+00 1.05245757e+00 -4.99883890e-02 4.05242503e-01
    6.21037066e-01 2.84516990e-01 7.82522082e-01 6.85160995e-01
    -1.70233339e-01 9.31999803e-01 1.28118694e+00 -2.41419911e-01
    6.39381230e-01 -6.89053535e-02 1.11720264e+00 4.85429168e-01
    7.91966677e-01 -2.19044000e-01 1.17427111e-03 3.69002223e-02
    -1.32027656e-01 3.45379919e-01 -2.56381303e-01 -1.63551807e-01
    -1.13074780e-01 4.12727296e-01 1.08240867e+00 1.17775667e+00
    1.24287415e+00 -4.21311855e-01 1.28374290e+00 3.58973980e-01
    1.00066829e+00 6.21733606e-01 -2.78587461e-01 1.15196359e+00
    1.08922589e+00 3.58828187e-01 4.22655940e-01 9.51942921e-01
    4.98438597e-01 -1.83464020e-01 1.01946950e-01 1.13230908e+00
    8.76170993e-01 1.08581746e+00 7.25269675e-01 2.23066688e-01
    1.23988795e+00 -2.20457852e-01 1.35997796e+00 1.88919306e-01
    8.19882929e-01 1.01127636e+00 9.21710134e-01 -1.01342678e-01
    4.28096473e-01 3.95439565e-01 -1.11011952e-01 4.84620988e-01
    6.50716066e-01 2.41146743e-01 1.20698667e+00 -4.12070155e-02
    1.09816897e+00 -3.89593065e-01 1.30679131e+00 1.13702381e+00
    7.84818888e-01 -2.14182734e-02 1.32313704e+00 1.20645583e+00
    -1.86780751e-01 7.21850872e-01 7.29286671e-02 6.81863129e-02
    1.49441779e-01 2.90466785e-01 5.94485641e-01 1.10839462e+00
    6.23677850e-01 7.14344263e-01 7.07387030e-01 3.82514596e-02
    1.14371121e+00 5.26148677e-01 7.97844887e-01 1.97556019e-02
    6.20890200e-01 -3.72195244e-02 -4.58077788e-02 8.52784514e-01
    3.60306859e-01 1.85884297e-01 7.84737468e-01 2.21991658e-01
    1.77046537e-01 -2.90549666e-01 1.44223332e-01 1.13380682e+00
    1.25486934e+00 1.03172922e+00 1.54421270e-01 9.18703437e-01
    -2.91951030e-01 2.02437282e-01 1.52644813e-01 1.28774595e+00
    1.14399338e+00 3.05265784e-01 -2.37901673e-01 2.56210625e-01
    1.06931138e+00 9.05389786e-01 -2.97739506e-01 1.34885609e-01
    -8.29898119e-02 8.31876993e-01 1.35320175e+00 -2.69960403e-01
    1.01327348e+00 5.08635640e-01 4.47188139e-01 -3.28748554e-01
    7.92075515e-01 1.26005483e+00 9.60624218e-02 -3.10350537e-01
    2.14416504e-01 9.83524084e-01 3.65919173e-01 7.70632625e-01
    3.03055882e-01 7.31683612e-01 7.34333992e-01 1.25055683e+00
    -1.18243694e-01 1.12042332e+00 1.00700355e+00 7.54900694e-01
    8.62084508e-01 2.50168860e-01 3.23330581e-01 6.93811059e-01
    6.73225999e-01 -3.65918279e-01 8.02057862e-01 3.84975314e-01
    9.39809322e-01 1.29756331e-01 8.95178914e-01 -6.28619492e-02
    4.26049709e-01 9.92449284e-01 1.06725955e+00 -1.73115283e-01
    4.46791470e-01 1.61536157e-01 4.48274434e-01 -2.46576190e-01
    6.98861480e-01 6.46021485e-01 8.03737164e-01 8.05666745e-01
    6.58476353e-03 8.39486361e-01 8.84106159e-01 1.02848029e+00
    1.29006374e+00 8.68984461e-02 -1.22566223e-01 1.01636600e+00
    1.59703875e+00 -3.31890464e-01 5.09109795e-01 8.28672886e-01
    9.08317089e-01 1.23186290e+00 1.01028395e+00 9.91875768e-01
    -6.15205765e-02 7.94510663e-01 -9.57512856e-02 4.46546793e-01
    8.86071324e-01 1.17840481e+00 -2.19143242e-01 2.50758946e-01
    4.27818239e-01 2.99537241e-01 6.15886331e-01 2.07563639e-02
    1.17271793e+00 7.99419880e-02 7.49053836e-01 9.51039076e-01
    7.21594334e-01 1.15942717e-01 1.74364805e-01 8.46896052e-01
    2.34125555e-01 1.80508912e-01 -2.43019059e-01 5.59997022e-01
    -2.08319664e-01 1.23378456e+00 9.30902839e-01 -6.27689362e-02
    4.47557271e-01 9.69944596e-02 6.68614984e-01 2.45293438e-01
    -1.27938390e-02 2.57037342e-01 9.38755989e-01 9.30056453e-01
    1.11138582e+00 5.62079728e-01 -2.01870531e-01 -4.09550667e-02
    -2.48435885e-01 4.85822082e-01 5.90276122e-02 5.31909823e-01
    9.69331980e-01 1.23539913e+00 -2.36505195e-01 1.28854179e+00
    -5.94177842e-02 2.44646192e-01 -2.26168722e-01 -3.23163986e-01
    8.83131504e-01 1.06291950e+00 5.88450253e-01 -1.43743575e-01
    5.02401233e-01 3.47272873e-01 5.97004831e-01 8.18589568e-01
    -1.95812717e-01 2.23286450e-01 4.40513194e-01 1.12323523e-01
    -2.42750347e-02 1.36459684e+00 -2.78712869e-01 3.26739728e-01
    -2.15164483e-01 5.98664582e-01 -3.31770837e-01 1.01391804e+00
    1.00528538e+00 7.36178279e-01 8.61494780e-01 -3.31677347e-01
    9.13544774e-01 -3.49068433e-01 8.59641731e-01 -2.17078790e-01
    2.51851916e-01 6.41235948e-01 1.09296453e+00 1.10570514e+00
    5.08239865e-02 9.14025784e-01 6.30014718e-01 -1.03005648e-01
    8.61467004e-01 1.09265971e+00 -2.57004023e-01 1.15629220e+00
    1.06409955e+00 1.22693276e+00 -2.56788641e-01 1.30167842e+00
    7.34886169e-01 -2.31041968e-01 9.70575333e-01 8.38168502e-01
    1.24801135e+00 -3.96244943e-01 6.47803545e-01 1.22534752e-01
    1.21207654e-01 6.68556750e-01 2.24665046e-01 3.47495019e-01
    1.27271223e+00 5.60591280e-01 4.57553506e-01 1.08809268e+00
    -3.86865377e-01 9.71917987e-01 1.16182971e+00 9.23810244e-01
    7.91733384e-01 1.17049110e+00 5.42236686e-01 4.91197109e-01
    7.05072522e-01 6.68523669e-01 5.82024097e-01 1.16027176e+00
    5.79388976e-01 1.07423687e+00 9.66639400e-01 -2.61084259e-01
    1.70990020e-01 -5.64354360e-02 4.72366452e-01 5.53848863e-01
    2.26357698e-01 1.70341074e-01 -2.39672616e-01 1.14330602e+00
    -8.26705992e-02 4.95647013e-01 4.91088033e-01 1.18055832e+00
    2.88571358e-01 7.06758201e-01 9.64017034e-01 4.51326609e-01
    1.28880322e+00 2.67126560e-01 -1.78786188e-01 -2.17940241e-01
    9.75898266e-01 1.16710734e+00 9.20003176e-01 1.88317418e-01
    1.00295162e+00 6.60354614e-01 1.34650242e+00 -3.93862724e-02
    9.19293046e-01 4.85683739e-01 -1.53659075e-01 1.33783221e+00
    -3.32891256e-01 6.62002563e-02 1.14411128e+00 9.63788152e-01
    7.42114782e-01 4.62166667e-01 1.62024140e-01 2.00471878e-01
    2.61166096e-01 -1.92484796e-01 5.16351819e-01 1.05399501e+00
    1.01698482e+00 7.63363481e-01 8.47628713e-02 6.81017280e-01
    -2.86927074e-01 4.25849199e-01 4.26762640e-01 1.24089384e+00
    9.44841027e-01 6.49654746e-01 1.27995372e+00 -3.41194689e-01
    1.02445793e+00 1.96582854e-01 8.87992382e-02 1.69736564e-01
    9.58482146e-01 -9.50242281e-02 1.18429542e+00 4.23813462e-02
    1.25096905e+00 5.50577641e-01 2.41214037e-02 4.87698555e-01
    -1.66798055e-01 -3.05027485e-01 8.59689116e-01 5.39648533e-01
    7.48061180e-01 3.06109190e-02 1.32350314e+00 1.23560274e+00
    -2.16276139e-01 6.00813866e-01 1.24994993e-01 -2.16186970e-01
    1.03825116e+00 1.07995093e+00 6.32491708e-01 1.11033380e+00
    9.15162802e-01 7.97982574e-01 -1.60072446e-02 1.06453776e+00
    4.24328566e-01 -3.43665093e-01 7.22178876e-01 8.36854815e-01
    4.32724059e-01 6.90070331e-01 7.80454278e-02 7.21224725e-01
    4.85134065e-01 2.01518178e-01 7.95333028e-01 -1.13111466e-01
    5.29087663e-01 1.93706214e-01 1.16126144e+00 -4.52377349e-01
    1.23911750e+00 1.04174578e+00 1.00426447e+00 -2.43060052e-01
    7.70687580e-01 2.97955871e-01 4.07423139e-01 8.95603597e-02
    -5.93498349e-03 1.79468632e-01 5.40478468e-01 7.74303079e-02
    9.78959203e-01 -1.61007345e-01 3.50885987e-02 1.18260300e+00
    -2.78345108e-01 2.86335289e-01 -2.58232951e-01 6.50518179e-01
    1.17308068e+00 3.70406508e-02 6.30931139e-01 8.07916880e-01
    9.58106041e-01 -8.49964619e-02 8.15663159e-01 2.73659468e-01
    2.69954622e-01 3.04466486e-01 1.17501640e+00 3.01881194e-01
    -3.23271900e-01 1.07659376e+00 1.07138622e+00 4.54637527e-01
    8.65604997e-01 4.51294839e-01 6.82085037e-01 9.64612722e-01
    1.03973365e+00 2.15932786e-01 -5.44817448e-02 1.03890324e+00
    -5.91814518e-04 6.74337506e-01 3.74654114e-01 -1.55150890e-04
    1.17939210e+00 5.16888022e-01 3.64513397e-02 7.61895299e-01
    1.13978374e+00 6.33674383e-01 8.59440565e-01 1.08284748e+00
    3.50125313e-01 1.06725085e+00 7.65382528e-01 -1.93347156e-01
    -2.37304211e-01 8.09006095e-01 6.87849283e-01 4.17043447e-01
    8.82252336e-01 8.21157217e-01 2.61411071e-01 8.99546623e-01
    2.49691010e-01 -2.71097720e-01 7.00412810e-01 2.43180990e-03
    9.23486471e-01 8.56734872e-01 9.29760456e-01 1.44402277e+00
    -3.30020934e-01 2.53586471e-01 7.57437527e-01 6.94507599e-01
    7.81461000e-02 1.38996732e+00 2.71327853e-01 9.38427448e-03
    2.96684861e-01 5.17228365e-01 1.10293794e+00 8.62824917e-01
    -2.27144331e-01 1.13554776e+00 6.87785149e-01 1.38654125e+00
    -2.34036073e-01 2.92091787e-01 1.04414475e+00 6.66423321e-01
    9.88273740e-01 6.39783978e-01 3.44278336e-01 2.77482450e-01
    1.07557869e+00 1.24668252e+00 5.46340942e-01 5.26970327e-01
    1.29340768e+00 2.44584203e-01 2.19940722e-01 -1.53209686e-01
    1.07981741e+00 4.60766673e-01 -2.12226257e-01 9.96927619e-01
    -1.80264354e-01 5.50471187e-01 1.29626882e+00 7.74628520e-01
    1.26116538e+00 -4.16291356e-02 6.94450796e-01 4.47019935e-01
    1.04786539e+00 8.08890939e-01 1.10988665e+00 9.93941307e-01
    -3.62772942e-02 8.18030417e-01 8.16266298e-01 7.63265789e-01
    -2.78309584e-01 1.30508924e+00 1.38354301e-01 2.32781947e-01
    4.54101562e-01 -4.22362685e-02 1.25827610e-01 5.70614755e-01
    3.64344358e-01 4.49277043e-01 2.27217555e-01 -7.77614117e-02
    4.31726575e-02 1.15348601e+00 4.49295998e-01 9.48063850e-01
    5.84486604e-01 8.77302170e-01 7.51510859e-01 -2.45245904e-01
    1.22157621e+00 3.43677759e-01 3.96001458e-01 1.22254825e+00
    9.29474235e-02 4.34801221e-01 3.86781096e-01 3.29390526e-01
    2.45438159e-01 8.20269227e-01 8.81614566e-01 1.99736953e-02
    -2.75372863e-01 1.41161203e+00 8.30871820e-01 8.23605299e-01
    -2.16294229e-01 -1.41346291e-01 6.04297638e-01 1.15179300e+00
    5.81117511e-01 -1.06492221e-01 1.11143708e+00 -2.79445708e-01
    2.48869956e-01 6.48985445e-01 -3.92675221e-01 1.01797032e+00
    1.17243159e+00 2.64581203e-01 -4.08337653e-01 7.52725661e-01
    1.44996226e-01 1.09263718e+00 5.99442720e-01 1.36641908e+00
    -1.73948452e-01 -3.46772671e-02 1.19268024e+00 -5.68903625e-01
    1.18937886e+00 7.07891583e-01 8.50567937e-01 -2.62876153e-01
    3.90855193e-01 4.70890343e-01 7.69736528e-01 1.26608717e+00
    -7.01063871e-02 9.37967539e-01 7.35414147e-01 -2.62974292e-01
    1.76712871e-01 -2.19941974e-01 7.36600220e-01 -3.97695482e-01
    8.91154528e-01 1.13673747e+00 9.41780210e-01 -6.39197230e-02
    3.43404055e-01 1.44042969e-01 9.70985115e-01 2.18790472e-02
    -1.41687408e-01 3.84662211e-01 6.30344272e-01 1.17240763e+00
    5.17789602e-01 6.04092360e-01 1.31661105e+00 5.98470211e-01
    1.26151526e+00 1.08971465e+00 -2.20293850e-01 1.31842160e+00
    1.61272764e-01 7.55854309e-01 2.50041723e-01 5.73677659e-01
    5.85766315e-01 1.12711418e+00 1.12019193e+00 8.44636321e-01
    4.19209242e-01 9.94279981e-01 2.76665866e-01 1.15157330e+00
    3.60791445e-01 5.30638039e-01 -2.83300281e-01 -3.24047744e-01
    1.02292311e+00 9.58595634e-01 -1.96562469e-01 3.92047644e-01
    -2.39650518e-01 1.11584282e+00 9.86224174e-01 -3.44271451e-01
    5.97145319e-01 1.12830639e+00 7.96031833e-01 1.52059317e-01
    5.29614747e-01 -3.09940398e-01 9.95629311e-01 8.40925217e-01
    1.14832079e+00 1.86334133e-01 -3.80401641e-01 8.86269331e-01
    4.24973249e-01 1.24840879e+00 5.83856225e-01 8.80908966e-03
    7.17874348e-01 9.76325274e-01 -1.07118189e-01 3.89697373e-01
    5.52684247e-01 1.09870851e+00 4.95147705e-02 1.05469298e+00
    1.31955361e+00 4.56361175e-01 3.03971589e-01 1.79063261e-01
    1.00280774e+00 5.80312908e-01 7.96172023e-02 7.80459762e-01
    9.80082035e-01 3.43418121e-01 3.77403140e-01 3.26609373e-01
    1.16470313e+00 3.82867396e-01 8.81299019e-01 4.23217356e-01
    7.88474143e-01 7.21878409e-01 6.75131440e-01 5.90054929e-01
    9.34961200e-01 -2.52286315e-01 7.77331591e-01 7.53012538e-01
    3.82084489e-01 5.30272841e-01 7.27657497e-01 2.90732205e-01
    9.17138040e-01 -2.77213395e-01 3.36340666e-02 1.11894727e+00
    8.29448462e-01 1.04568386e+00 -2.34697253e-01 7.21218348e-01
    1.02445126e+00 2.96902597e-01 4.35215175e-01 9.41107988e-01
    9.65698600e-01 1.16126323e+00 4.94454265e-01 2.87819803e-01
    7.73366690e-01 4.16347980e-02 4.59568322e-01 -8.25428963e-03
    5.19061744e-01 4.48281288e-01 8.79191399e-01 6.53381467e-01
    9.76087928e-01 1.86558783e-01 1.04552448e-01 8.35715055e-01
    1.07759023e+00 9.96571183e-01 1.69426203e-01 -2.64582098e-01
    1.04331779e+00 3.93387914e-01 -1.12628281e-01 7.51762390e-01
    2.58146763e-01 -3.79452080e-01 1.34695756e+00 1.52158797e-01
    1.04401684e+00 1.08249748e+00 1.35630846e-01 1.05140030e+00
    9.30205345e-01 1.21747017e-01 7.92978764e-01 -3.15344304e-01
    1.44314003e+00 -5.66734970e-02 -3.05300981e-01 3.45506668e-01
    1.02281928e-01 1.04652798e+00 1.46690607e-02 1.97416902e-01
    -2.23047793e-01 9.27245378e-01 9.94341373e-01 1.30157590e-01
    1.01708031e+00 1.66649818e-02 3.43359888e-01 5.30280411e-01
    6.36520743e-01 1.25811172e+00 -1.73973143e-02 -2.34235808e-01
    1.30574477e+00 2.71020591e-01 -2.03072101e-01 1.86179578e-01
    5.76035559e-01 -3.24099660e-01 3.54519129e-01 1.43513501e-01
    4.76363301e-02 -5.35825789e-02 3.12735379e-01 -3.07667434e-01
    1.11700296e+00 -1.70125335e-01 5.35184205e-01 6.92573667e-01
    4.45463121e-01 2.37100124e-01 1.23088050e+00 1.86206996e-01
    1.06272602e+00 7.15792418e-01 9.10049319e-01 4.44691479e-01
    7.59647727e-01 2.92830467e-01 1.07991421e+00 -3.50427806e-01
    1.33071446e+00 2.63219714e-01 8.43694806e-01 1.03376722e+00
    3.06161225e-01 -3.01432610e-03 -3.53424549e-02 9.92616415e-01
    1.88393950e-01 1.29454732e+00 1.13788807e+00 1.07901382e+00
    4.43386197e-01 7.97612369e-01 6.30992293e-01 1.05805290e+00
    7.85344601e-01 4.15538073e-01 6.80466413e-01 9.66502428e-01
    1.28262222e+00 -3.20260584e-01 -3.48654389e-02 5.38353801e-01
    1.12039840e+00 6.80631995e-02 1.25723612e+00 -1.90100312e-01
    6.21021390e-01 1.07684243e+00 9.21947837e-01 1.29516017e+00
    -2.95434743e-01 9.39433575e-01 7.38405704e-01 1.33704364e-01
    1.08915126e+00 6.87291980e-01 1.37012887e+00 4.11374092e-01
    1.21264374e+00 3.46763670e-01 -2.03493506e-01 2.83399761e-01
    8.60947967e-02 1.21799660e+00 6.58737898e-01 1.15290463e+00
    5.34821510e-01 1.01644742e+00 8.22692752e-01 7.88505077e-01
    1.13423824e+00 8.35072279e-01 1.28348708e+00 -9.83327627e-03
    -5.95733523e-02 5.86698830e-01 8.68118048e-01 4.97945130e-01
    1.00265610e+00 1.26845455e+00 -3.69372964e-02 1.34351671e+00
    -3.69538814e-01 3.77009809e-02 1.16576791e-01 4.43787277e-01
    6.07599914e-01 -5.71274459e-02 -1.02276534e-01 6.90144300e-01
    1.54393584e-01 -9.69211459e-02 8.90096426e-01 6.86955214e-01
    7.12439418e-01 4.53641236e-01 1.24669790e-01 3.01999867e-01
    -5.75051010e-02 -8.84103775e-02 4.06468451e-01 6.37836516e-01
    -9.35551524e-03 4.75157082e-01 -5.27424812e-02 3.11560214e-01
    3.87549460e-01 5.29809237e-01 -5.50635457e-02 6.49288177e-01
    1.30156410e+00 -2.97053039e-01 5.27300239e-02 7.18695760e-01
    3.98436248e-01 7.23170161e-01 1.26556683e+00 1.35454535e+00
    3.21526408e-01 4.04544532e-01 1.54318571e-01 2.08510339e-01
    -2.86658585e-01 4.64324832e-01 8.67708802e-01 -2.35334039e-01
    1.33175743e+00 5.11097550e-01 1.00816333e+00 5.32957256e-01
    -1.45868450e-01 7.15562403e-01 1.57433152e-02 1.02145123e+00
    6.69794083e-01 1.34923577e+00 5.01414537e-01 4.33796525e-01
    -4.70757484e-04 -3.29585761e-01 -1.83458209e-01 8.13073158e-01
    8.96526814e-01 7.14002490e-01 9.38943624e-01 5.05058289e-01
    -2.96031028e-01 1.40925980e+00 -3.13492596e-01 5.15866458e-01
    7.73870230e-01 2.74482787e-01 4.02911425e-01 -1.01917356e-01
    9.42411304e-01 3.12100410e-01 1.02139437e+00 5.70322156e-01
    -3.47811162e-01 1.18408763e+00 1.11362684e+00 1.08514392e+00
    3.32270622e-01 -2.64916331e-01 4.94160593e-01 3.35080743e-01
    5.74923277e-01 -1.71512693e-01 3.49437058e-01 -3.66447806e-01
    9.18147802e-01 6.42011642e-01 3.02344561e-02 -1.51931807e-01
    -2.93826163e-01 3.47497344e-01 5.75485289e-01 9.84518230e-02
    8.42306614e-02 6.86199248e-01 5.03406763e-01 5.43446898e-01
    6.39987350e-01 1.08313763e+00 1.06901431e+00 4.78531361e-01
    3.70961308e-01 9.31988120e-01 -1.83328271e-01 3.44683826e-02
    8.98448825e-02 -2.96778083e-02 1.09199274e+00 7.79529214e-01
    7.83390045e-01 3.67752790e-01 8.48075747e-01 9.99419451e-01
    8.54762197e-01 8.23475361e-01 8.55785131e-01 1.15076685e+00
    -4.13540721e-01 1.45159733e+00 -2.34983057e-01 -2.35679746e-03
    1.30985355e+00 -3.05310905e-01 1.72204316e-01 2.64318138e-01
    5.12590349e-01 8.61724138e-01 7.76731372e-01 1.25172186e+00
    -1.94635928e-01 9.11434054e-01 1.28363836e+00 5.08614540e-01
    3.33236992e-01 9.22299623e-01 9.54003096e-01 4.28204477e-01
    -1.48520082e-01 2.95093477e-01 9.02606010e-01 6.32937789e-01
    -3.53376389e-01 3.30603778e-01 1.39250422e+00 1.65093720e-01
    -1.69577166e-01 -2.67970920e-01 1.19620836e+00 -2.22920358e-01
    3.60058367e-01 1.23239875e+00 4.53263521e-02 3.27785015e-01
    1.06903815e+00 2.34515965e-01 1.23673844e+00 -1.79604232e-01
    9.55325007e-01 9.84369278e-01 7.43677616e-02 9.96121287e-01
    1.76933885e-01 1.10377932e+00 1.26133382e+00 6.39735103e-01
    -3.50172877e-01 1.37550426e+00 3.05325150e-01 1.11517203e+00
    1.38466370e+00 -1.13629103e-01 8.21277857e-01 6.46698475e-02
    1.05783737e+00 -1.44504517e-01 1.11032915e+00 3.14589739e-02
    1.13206410e+00 -2.65867203e-01 1.04075956e+00 4.90327954e-01
    3.57784033e-01 4.64009583e-01 5.91946781e-01 -2.80095816e-01
    1.03363621e+00 1.22942805e-01 1.09811103e+00 4.24941659e-01
    1.68016613e-01 8.68846536e-01 1.10044789e+00 2.13339210e-01
    2.05581188e-01 6.95275187e-01 3.76073003e-01 1.24033022e+00
    7.38687873e-01 -4.80095327e-01 1.12199831e+00 -6.58370256e-02
    8.12395811e-01 -1.34752020e-01 -3.44761193e-01 1.04689932e+00
    5.14025807e-01 1.18217957e+00 7.66939044e-01 2.45687783e-01
    -3.89420897e-01 4.07469928e-01 8.55416834e-01 3.72352779e-01
    8.96590352e-01 -2.27556959e-01 -2.62672901e-02 1.16563022e+00
    6.99367642e-01 9.52645183e-01 -3.28825772e-01 4.59589779e-01
    1.43623376e+00 -2.48158574e-02 4.49392200e-02 1.93042159e-02
    6.43767238e-01 4.59001005e-01 -2.05358177e-01 1.02904022e-01
    -1.95875928e-01 -6.47981763e-02 1.17000520e-01 2.58021057e-01
    1.63585842e-02 1.43260360e-02 7.93119311e-01 -1.26082063e-01
    1.11731911e+00 -3.85572314e-02 5.11184096e-01 1.11548615e+00
    2.00445056e-02 -1.52432919e-02 4.75311279e-03 7.26452053e-01
    8.94001126e-02 5.81921577e-01 2.83225894e-01 9.55865383e-01
    5.77664018e-01 9.53618884e-02 5.88180542e-01 1.22889268e+00
    1.30387270e+00 -4.49900925e-01 1.42821300e+00 4.15388405e-01
    4.02068436e-01 6.18709028e-01 8.38841081e-01 -3.34210873e-01
    7.32765257e-01 3.48342478e-01 3.15399468e-01 9.94170547e-01
    -2.83779114e-01 9.82902646e-01 1.16384149e+00 -3.07008415e-01
    4.78814840e-02 6.96820498e-01 6.97269142e-02 1.93197727e-01
    1.72420382e-01 1.32581031e+00 1.27657437e+00 -3.36625814e-01
    1.18001568e+00 8.93811345e-01 3.22788656e-01 2.22692966e-01
    7.70378828e-01 1.05734646e-01 1.21384299e+00 1.02749920e+00
    -3.71989012e-02 1.92785561e-01 3.06347609e-01 1.55661106e-01
    1.21525621e+00 3.99387121e-01 5.61983228e-01 7.89633632e-01
    1.17230678e+00 8.82799745e-01 1.01701152e+00 1.27629864e+00
    1.34632766e-01 1.48665190e-01 -2.86757946e-01 1.44713819e+00
    2.68397987e-01 -2.19139084e-01 5.95287383e-02 -2.13630617e-01
    5.10585546e-01 -4.75508273e-01 9.21813965e-01 7.01890826e-01
    7.92049527e-01 1.08742285e+00 1.13903487e+00 3.60601366e-01
    3.50649595e-01 3.90579998e-01 5.19958973e-01 2.39763737e-01
    1.05180705e+00 2.43310273e-01 6.03027821e-01 3.95785868e-02
    9.49760437e-01 7.71195412e-01 5.79262376e-02 6.91445291e-01
    6.26333833e-01 2.80589998e-01 4.97586906e-01 7.78433204e-01
    8.46318603e-01 3.95521104e-01 7.46666789e-02 -2.74932712e-01
    9.25615728e-01 1.28738284e-01 9.10361409e-01 4.56501305e-01
    7.66479969e-02 3.44654053e-01 3.96920741e-01 8.68137836e-01
    3.58194053e-01 7.60801911e-01 5.61202645e-01 1.06102896e+00
    9.77024198e-01 5.61208665e-01 -1.08581483e-01 3.68352234e-01
    3.21982980e-01 2.45111823e-01 1.58942342e-01 -1.66417658e-02
    5.43768764e-01 -8.85346532e-02 1.89583421e-01 1.02521408e+00
    5.02432108e-01 5.02437353e-01 1.12542462e+00 2.98118234e-01
    4.87614572e-01 -1.69562355e-01 -2.51585603e-01 1.01691091e+00
    1.01545715e+00 5.08977354e-01 7.02007890e-01 -4.10004705e-01
    6.43812239e-01 -6.61025643e-02 1.33503556e+00 -1.35090977e-01
    9.58557725e-02 -7.94530511e-02 2.02723533e-01 -1.17145114e-01
    -3.15044552e-01 8.72124493e-01 7.45049417e-02 2.65568048e-01
    -2.52930224e-02 7.26307511e-01 -2.46361375e-01 3.30360711e-01
    9.20069456e-01 5.42637289e-01 -1.81702614e-01 6.49228573e-01
    7.11779475e-01 5.08748889e-01 7.88601279e-01 -1.47627473e-01
    7.11240590e-01 1.13678169e+00 -4.28424716e-01 5.96758306e-01
    1.04479551e+00 3.71930420e-01 5.96074104e-01 6.10521793e-01
    6.54821098e-01 1.32642210e-01 3.41841936e-01 -5.81747591e-02
    2.04961896e-01 8.27187538e-01 7.74317026e-01 -1.88586771e-01
    1.45440757e-01 3.43325377e-01 1.15626395e+00 -2.72969693e-01
    1.16102803e+00 1.58240855e-01 2.70974696e-01 -1.24888659e-01
    8.04540873e-01 5.56509852e-01 5.14833331e-02 7.97333002e-01
    8.03541899e-01 3.33837867e-02 3.74619484e-01 -1.25969201e-01
    2.23411322e-01 8.52443457e-01 -2.37583429e-01 9.35285807e-01
    2.87894011e-02 8.34856749e-01 2.35041261e-01 2.50905812e-01
    1.03672659e+00 1.71357512e-01 2.40012944e-01 1.04077578e-01
    1.31687713e+00 -2.31202245e-01 1.11810744e+00 7.59862602e-01
    2.36212432e-01 1.03650999e+00 -2.94256568e-01 1.44312084e-01
    2.75416434e-01 1.14543390e+00 9.58958626e-01 -8.75538290e-02
    -1.62541866e-03 1.28091395e+00 -1.52099788e-01 1.29844904e-01
    1.03737390e+00 3.57031226e-01 5.89584827e-01 2.87161171e-01
    -4.58551645e-02 2.46563554e-03 6.42038703e-01 7.43369937e-01
    1.24896407e+00 6.65145516e-01 2.26867735e-01 7.25743532e-01
    1.14202082e+00 -1.46186352e-02 4.89876568e-01 -1.05947495e-01
    8.76342654e-01 5.20319402e-01 1.91649795e-01 6.50043249e-01
    4.00397003e-01 3.08917761e-01 6.10480905e-02 3.60945761e-01
    -2.71300524e-01 -6.38785660e-02 1.24438107e+00 1.15949488e+00
    2.19168246e-01 3.23016644e-01 1.31869411e+00 8.57874751e-01
    4.72015619e-01 1.09763885e+00 1.76260889e-01 -1.97601661e-01
    5.83975673e-01 4.03765440e-02 1.30633438e+00 4.02208567e-01
    7.35035777e-01 4.15779054e-01 8.23754311e-01 2.39199758e-01
    -1.13077164e-01 1.46209061e+00 1.60630703e-01 -3.30220461e-02
    5.49956322e-01 1.13994586e+00 1.02725863e-01 9.91648436e-01
    5.86172402e-01 7.20286965e-01 1.08734870e+00 2.28612423e-02
    1.63473427e-01 1.31614625e+00 9.43453312e-02 -2.26806149e-01
    3.57070625e-01 7.19112992e-01 1.91525877e-01 7.80054033e-01
    8.90199780e-01 -4.88036573e-02 -3.41791004e-01 8.36584687e-01
    1.01498997e+00 1.02537417e+00 -4.46076691e-01 9.49448347e-01
    7.26943970e-01 1.11575127e+00 -1.59000278e-01 1.14682889e+00
    1.03813505e+00 -3.87316585e-01 -4.80667353e-02 1.20943248e+00
    -9.71735120e-02 -3.20376784e-01 1.20843732e+00 -6.78510368e-02
    -8.82534981e-02 -1.70190439e-01 -5.76945543e-02 8.39521646e-01
    8.72063875e-01 -1.44305229e-02 1.28287506e+00 -1.47618085e-01
    -3.57265383e-01 4.37526524e-01 9.98639464e-01 5.41897655e-01
    9.55872178e-01 9.62759256e-01 2.34927058e-01 3.49220276e-01
    7.71634221e-01 3.02922010e-01 -1.90512419e-01 2.08058059e-01
    -6.85477108e-02 8.60951662e-01 5.21036208e-01 5.63049495e-01
    8.95303011e-01 1.16123474e+00 8.92434716e-01 1.18585932e+00
    -9.32384133e-02 5.52686036e-01 -1.75731778e-02 5.96578002e-01
    1.03621471e+00 2.49521136e-01 8.53219390e-01 1.82092190e-04
    3.85499775e-01 6.17764771e-01 4.63358164e-01 6.23681605e-01
    5.85211992e-01 1.28835249e+00 -3.54945451e-01 1.10776341e+00
    -2.36052081e-01 5.17446041e-01 4.62931693e-01 8.66590261e-01
    4.68820930e-01 3.96792293e-01 1.31434643e+00 -1.83630958e-01
    4.28774059e-01 -1.54049188e-01 5.64602494e-01 4.06674504e-01
    -2.46545792e-01 5.37830293e-02 4.43587124e-01 1.34859288e+00
    3.50119472e-02 4.65004921e-01 3.31569195e-01 8.11707735e-01
    8.02331924e-01 8.43771577e-01 1.73952281e-01 3.27466965e-01
    1.21908188e+00 8.21535945e-01 9.31949019e-01 -2.67668366e-01
    8.95272493e-01 -9.12159681e-03 8.10409188e-01 -1.39087915e-01
    1.02476656e+00 6.28416657e-01 1.15842521e-01 4.84955668e-01
    5.01162708e-01 7.03499198e-01 3.81711781e-01 1.16787028e+00
    2.69953787e-01 -3.90842855e-02 7.27688313e-01 1.33925807e+00
    -3.09938043e-01 1.08980775e+00 5.48444748e-01 1.96025312e-01
    1.11468947e+00 1.39414179e+00 2.80668139e-02 8.92026067e-01
    7.18858600e-01 1.15682662e-01 -2.18052864e-02 9.23703611e-02
    -2.12732717e-01 1.45223439e-01 8.76694918e-01 -2.35874325e-01
    4.20647502e-01 -1.02005601e-02 7.93633699e-01 7.82057166e-01
    1.66155040e-01 2.16921628e-01 1.54065430e-01 3.96526933e-01
    7.05334544e-02 8.58727813e-01 1.30605960e+00 -1.44417584e-01
    9.74949956e-01 6.65268779e-01 8.75788808e-01 8.11577320e-01
    8.31291437e-01 6.69977725e-01 9.14260745e-02 5.14921188e-01
    8.22504759e-01 6.97586775e-01 1.13862264e+00 5.68588018e-01
    7.88809061e-01 1.94186628e-01 2.20911562e-01 5.12827754e-01
    -1.05943710e-01 5.76685667e-02 1.04433060e+00 7.49629498e-01
    1.01744699e+00 1.12394512e+00 6.07484996e-01 -1.74060851e-01
    6.53128147e-01 3.29016805e-01 2.13401794e-01 1.67379975e-01
    1.03540599e+00 1.03347576e+00 7.74465442e-01 9.15402532e-01
    -2.26226747e-01 1.18932974e+00 1.25671148e+00 3.39932680e-01
    4.04111326e-01 1.06284511e+00 -6.15142286e-02 8.30347478e-01
    3.93911898e-01 1.20376170e+00 -1.77455336e-01 4.12810445e-02
    -3.45647216e-01 6.04628563e-01 7.04819083e-01 4.67618585e-01
    1.28389692e+00 2.83096075e-01 1.15921617e+00 7.40342617e-01
    1.15375543e+00 -3.17413330e-01 9.03482616e-01 3.28927994e-01
    9.82688785e-01 1.23284495e+00 -2.11623609e-01 -7.35866129e-02
    1.55255765e-01 1.20998669e+00 4.77694929e-01 1.72547460e-01
    6.74878955e-02 1.17914116e+00 1.21010983e+00 1.28953278e-01
    9.86392975e-01 7.72482872e-01 6.68615401e-01 8.42777491e-01
    1.21154463e+00 1.13360822e+00 1.06245744e+00 5.97299457e-01
    1.13030624e+00 3.18732262e-02 8.30050111e-01 1.10636663e+00
    2.15089142e-01 2.82541931e-01 -1.73337489e-01 1.63894951e-01
    -2.03787312e-01 1.14849687e+00 -3.40396166e-01 5.38902104e-01
    1.06907272e+00 9.39459682e-01 1.16379428e+00 4.90563214e-01
    2.31417537e-01 4.48452711e-01 4.92841601e-01 1.06707597e+00
    8.10352921e-01 -2.67041087e-01 6.54637754e-01 1.13705039e+00
    1.02938974e+00 -3.45726907e-01 1.09877634e+00 1.11658907e+00
    -1.67618185e-01 1.18598282e+00 6.90918684e-01 -1.82419628e-01
    3.89890373e-02 4.64954436e-01 1.29051423e+00 2.16084003e-01
    8.55451822e-01 8.46840739e-02 5.21752238e-01 1.13490152e+00
    -2.79765218e-01 1.26593268e+00 -8.10612440e-02 8.81772637e-01
    -5.95917404e-02 1.94695830e-01 1.39233816e+00 3.10104549e-01
    9.48443055e-01 3.76963377e-01 6.70170546e-01 1.01886249e+00
    1.05178893e-01 1.89125597e-01 5.93790412e-01 -1.50433362e-01
    8.04198742e-01 1.25945091e+00 1.20752454e-02 9.86552835e-01
    1.11746979e+00 -2.17239290e-01 5.62950015e-01 9.01272893e-01
    1.34756589e+00 5.63357353e-01 6.51436508e-01 -9.55336094e-02
    1.32684398e+00 -4.26977783e-01 6.40389681e-01 1.24486625e+00
    1.33023691e+00 2.50971556e-01 7.88450360e-01 8.75757575e-01
    -2.08681494e-01 2.73626685e-01 7.10257471e-01 5.48543811e-01
    6.34813905e-01 7.71046281e-01 1.40012634e+00 -2.22121254e-01
    1.09000653e-01 -7.66122043e-02 -1.55138135e-01 1.23016346e+00
    -2.72052586e-01 1.08896244e+00 -3.45854163e-01 5.20681143e-01
    -2.79561222e-01 1.04273999e+00 2.30428517e-01 6.74865246e-01
    -1.92666054e-02 8.46927702e-01 4.70666051e-01 1.31688845e+00
    1.35462582e-01 1.14618564e+00 -1.47933662e-01 4.35848713e-01
    1.07591200e+00 -4.26965564e-01 9.29626822e-01 2.83628702e-02
    3.74649882e-01 -1.90930560e-01 -1.14996895e-01 3.05405557e-01
    4.32908237e-02 5.50265253e-01 3.07156444e-02 4.58540380e-01
    9.47158456e-01 6.44934177e-01 7.56520152e-01 6.41892731e-01
    1.42494166e+00 -8.94203782e-03 3.97463024e-01 3.34671855e-01
    8.06520998e-01 -1.15098476e-01 9.45416808e-01 1.04672909e-01
    1.05095387e-01 2.29281306e-01 -6.95114732e-02 8.46224785e-01
    1.01649916e+00 7.10633397e-02 2.11176753e-01 1.30689800e-01
    1.26007760e+00 -2.46737033e-01 8.95793438e-01 2.97921658e-01
    8.74559760e-01 9.01120424e-01 -6.52448833e-02 -1.61118031e-01
    1.10128653e+00 -2.59797692e-01 8.68483782e-01 8.96024823e-01
    1.61853731e-01 6.49493635e-02 2.99869061e-01 9.45079088e-01
    6.06722832e-01 1.62065804e-01 5.71608067e-01 -1.57439679e-01
    -1.85633019e-01 3.53175819e-01 8.34991455e-01 -3.61488700e-01
    5.44980824e-01 4.24792767e-01 1.27389860e+00 1.21426189e+00
    1.01562524e+00 1.09797084e+00 -3.32218826e-01 3.13090384e-01
    -2.07265615e-02 1.26133800e+00 6.37809753e-01 1.10645068e+00
    1.23008740e+00 -2.71463811e-01 3.02292645e-01 1.40015125e+00
    -3.69662702e-01 1.15831876e+00 -1.81080699e-02 8.83800983e-01
    -3.44133019e-01 1.02448320e+00 3.04538012e-03 4.37700033e-01
    6.01911247e-01 1.45500183e-01 2.78959572e-01 1.01251781e-01
    1.00614965e-01 1.00916052e+00 9.18219686e-02 -5.75923920e-03
    1.09853852e+00 4.36539888e-01 9.20141697e-01 2.15734243e-01
    1.35732245e+00 -7.05395341e-02 -2.22659707e-01 2.05269158e-01
    1.35415518e+00 -4.54697788e-01 4.00702000e-01 5.48557103e-01
    3.86498928e-01 3.58719945e-01 4.61231232e-01 3.68498147e-01
    -4.14389342e-01 1.23038244e+00 7.32968450e-01 7.21420646e-01
    -1.42514184e-01 4.95057404e-01 6.85243189e-01 -2.98505425e-02
    7.49002993e-01 -2.91297048e-01 1.41376346e-01 6.27692521e-01
    -3.30570817e-01 1.54020220e-01 -2.02956200e-01 1.26410747e+00
    1.09137654e+00 1.18951857e+00 5.68765879e-01 1.23712325e+00
    -4.32655334e-01 1.61407828e-01 9.67010140e-01 7.04325557e-01
    5.51415563e-01 9.40111995e-01 4.48917449e-01 -3.71880263e-01
    3.20474386e-01 3.55824649e-01 9.87036705e-01 1.05624735e-01
    3.70025903e-01 -2.06076294e-01 3.58953536e-01 1.47361815e-01
    2.73514867e-01 1.05544376e+00 -2.23144770e-01 6.75181210e-01
    -6.69999123e-02 5.98009467e-01 1.08348727e-02 4.61814523e-01
    -2.80208707e-01 -1.09866023e-01 1.04155397e+00 -1.17611170e-01
    5.44138789e-01 6.52699530e-01 1.38877749e-01 8.92683864e-01
    7.38476694e-01 2.14236259e-01 1.21422362e+00 -2.57980824e-03
    1.13585246e+00 -3.36337209e-01 1.55572057e-01 2.02334821e-01
    3.34794521e-02 7.83335447e-01 -1.96072280e-01 6.49119020e-01
    2.11616993e-01 9.67894197e-01 2.51429677e-02 5.33838093e-01
    5.42773843e-01 1.32575274e+00 -3.34558904e-01 9.07885432e-02
    1.13436592e+00 1.22098136e+00 8.36818814e-01 -8.96736979e-02
    -2.74500936e-01 9.64639068e-01 1.11854196e+00 7.23360777e-01
    -9.22082812e-02 9.04262960e-02 3.30167413e-01 8.83999944e-01
    3.96873951e-01 9.15380120e-02 8.32130492e-01 3.54415596e-01
    8.33627522e-01 8.06694031e-01 -2.01740086e-01 9.31806743e-01
    -2.99167156e-01 1.08700323e+00 2.52114117e-01 -1.36907116e-01
    8.13254356e-01 -3.53549123e-02 1.47771299e-01 4.18329775e-01
    4.82023895e-01 6.09500349e-01 -2.62319773e-01 5.11170626e-02
    3.76191318e-01 5.95756292e-01 8.22685659e-01 3.16491306e-01
    3.83689404e-01 1.36295688e+00 7.45252490e-01 1.05748534e-01
    3.12051654e-01 1.16412210e+00 1.01967347e+00 8.85834098e-01
    2.60377407e-01 8.11311960e-01 7.39777684e-01 9.40331578e-01
    5.40977001e-01 9.24824476e-02 6.60169840e-01 7.15163589e-01
    8.04288626e-01 1.11699641e+00 5.49413323e-01 -2.16892168e-01
    1.40076101e-01 8.08112442e-01 -3.71672511e-01 7.40232706e-01
    5.30368507e-01 1.16550589e+00 9.69529390e-01 4.87446666e-01
    3.36337924e-01 1.31914341e+00 5.51001549e-01 7.16831446e-01
    5.75774908e-02 1.25608742e+00 7.69991875e-02 6.03849888e-01
    -2.44119763e-02 -3.42725813e-01 6.38952911e-01 2.72218764e-01
    -2.21194133e-01 8.86317849e-01 4.05808330e-01 1.26789951e+00
    -1.63658097e-01 5.13398707e-01 1.37245429e+00 3.29512060e-01
    2.36575723e-01 6.05697632e-01 8.26417148e-01 3.14078927e-01
    -2.20570728e-01 1.21419251e+00 1.13636351e+00 9.84821916e-01
    -2.45935857e-01 9.91612077e-02 4.95629609e-01 -2.29628384e-02
    9.31547284e-02 1.35533214e-01 2.14889288e-01 5.59642315e-01
    -3.83475929e-01 1.34407318e+00 9.72821474e-01 7.69280970e-01
    -4.45770621e-02 1.42984617e+00 5.09881258e-01 1.00950909e+00
    4.67559099e-01 1.15137601e+00 -3.91122282e-01 9.59009528e-01
    5.41151166e-01 1.06903613e+00 3.11832726e-01 7.66823530e-01
    7.71952868e-01 1.15397429e+00 3.97131026e-01 6.66768849e-01
    7.70950198e-01 1.39243186e-01 7.42030978e-01 4.09146667e-01
    3.09967816e-01 2.19061911e-01 1.39377487e+00 5.34046531e-01
    4.49613750e-01 -1.85848489e-01 3.06083500e-01 4.63076890e-01
    3.77475321e-01 4.38646376e-01 9.35936689e-01 1.14622045e+00
    5.98639786e-01 7.55673647e-03 -2.62649238e-01 5.55089295e-01
    5.44647634e-01 4.48928475e-02 9.85266447e-01 9.07590508e-01
    1.11285794e+00 -2.32386619e-01 -1.36276484e-02 -1.71544492e-01
    5.20188034e-01 6.10923767e-02 1.20252538e+00 9.26095247e-02
    6.03684366e-01 9.08885598e-02 6.26523495e-02 -3.50732535e-01
    3.63156438e-01 9.62972045e-02 4.85347688e-01 1.95198476e-01
    5.09607792e-02 7.76671529e-01 8.28869402e-01 -1.43651366e-02
    4.39554393e-01 -2.62651592e-01 8.72362554e-01 -2.38234073e-01
    1.16222322e+00 3.77483547e-01 -1.58727437e-01 6.58003449e-01
    1.00430989e+00 -8.21061432e-02 9.92484212e-01 1.89758539e-01
    -9.26983356e-03 8.45208406e-01 -1.98337242e-01 -4.30098176e-02
    1.28046143e+00 2.51446784e-01 9.78350163e-01 1.17881238e+00
    9.90842700e-01 7.33992457e-01 1.10427916e-01 4.22682762e-01
    -2.18998179e-01 8.82199049e-01 -1.38316065e-01 5.34407675e-01
    1.28505874e+00 5.50598145e-01 7.90481091e-01 5.92913032e-02
    1.34701073e+00 -8.29277784e-02 -3.15923393e-02 1.15825152e+00
    3.35591674e-01 3.76688123e-01 -1.94179714e-01 8.63914251e-01
    5.58436930e-01 1.34122097e+00 2.35100150e-01 1.08161879e+00
    -2.29616582e-01 8.14426541e-02 1.49354875e-01 1.39819384e+00
    7.96639323e-01 -2.99670309e-01 9.13213611e-01 -8.33559036e-02
    -5.21178320e-02 -2.02318296e-01 1.17445540e+00 2.59121299e-01
    1.04343104e+00 1.01855934e+00 1.30912459e+00 5.40762246e-01
    1.15424883e+00 5.32994390e-01 2.36670673e-01 -1.98637903e-01
    8.18721533e-01 1.00218964e+00 2.36888587e-01 1.14393699e+00
    5.88886142e-02 8.04705739e-01 -2.82894164e-01 4.97606993e-02
    7.09736943e-02 6.08072221e-01 1.07341683e+00 4.04693961e-01
    1.05755413e+00 1.02949786e+00 1.32940257e+00 -1.63093209e-02
    1.07750893e+00 1.19022012e+00 9.21299458e-02 1.14665973e+00
    3.84543955e-01 3.72641563e-01 1.25369120e+00 1.53760850e-01
    5.52658498e-01 6.32150173e-01 7.63465762e-01 8.87737274e-01
    1.13542199e+00 2.39616990e-01 5.20518780e-01 9.88968730e-01
    7.14279413e-01 2.23767340e-01 3.63600254e-03 5.16373515e-02
    -2.42899358e-01 9.97776747e-01 -1.22016087e-01 -2.88998842e-01
    2.70388901e-01 9.72237825e-01 1.31661534e-01 -7.70229101e-03
    7.17478991e-02 6.02967620e-01 -3.80518436e-02 1.91335857e-01
    1.36075604e+00 2.99262822e-01 -5.66244721e-02 -2.97506303e-01
    1.14854920e+00 4.87898946e-01 2.91598231e-01 -1.36615291e-01
    6.01754129e-01 6.85776949e-01 5.31911016e-01 1.16778362e+00
    1.22096145e+00 9.97726202e-01 -3.10954779e-01 4.89317238e-01
    1.07418239e-01 4.57168818e-02 2.76289761e-01 3.94773901e-01
    -5.58505952e-02 8.73625994e-01 1.20368493e+00 1.74071491e-01
    1.19508612e+00 1.19887686e+00 7.45686531e-01 -1.18792146e-01
    -1.08557612e-01 1.35994673e-01 1.13767958e+00 1.11700463e+00
    1.07377934e+00 4.91677046e-01 -2.08913103e-01 1.19789898e+00
    1.91267788e-01 -2.93418646e-01 3.54329169e-01 8.58449697e-01
    2.84115255e-01 -3.71656865e-01 1.26512396e+00 3.84901047e-01
    1.10567594e+00 -3.58441442e-01 9.31481481e-01 7.51512051e-01
    3.92780781e-01 1.12991107e+00 1.98721886e-01 6.11143112e-01
    7.01575518e-01 1.33455300e+00 5.71037412e-01 8.28829408e-01
    5.42098105e-01 1.28844702e+00 -2.00093091e-01 -1.60875022e-02
    1.44664240e+00 -2.49267101e-01 5.03579617e-01 4.09173965e-02
    4.52143967e-01 1.18837690e+00 -1.82069033e-01 1.57296956e-01
    1.06026673e+00 6.74544692e-01 -1.46739244e-01 -9.82317328e-02
    1.51614738e+00 -1.44820482e-01 6.90378606e-01 -2.55713582e-01
    1.87441051e-01 6.27785563e-01 1.09612513e+00 1.05688500e+00
    2.60548234e-01 3.39890659e-01 3.52276087e-01 1.25676870e-01
    1.05068076e+00 -4.27835315e-01 8.93158913e-01 4.39420640e-01
    7.71293283e-01 1.26225519e+00 8.11374545e-01 1.61901951e-01
    7.68804371e-01 -3.15011203e-01 5.32021642e-01 5.46782196e-01
    -3.21032047e-01 5.43798804e-01 -1.08391523e-01 8.76768112e-01
    -2.12332040e-01 1.32137895e+00 8.06275010e-02 8.51151586e-01
    9.13382292e-01 1.27348459e+00 -4.18515384e-01 9.52345610e-01
    -2.62178928e-01 1.25521362e+00 8.30949068e-01 5.93153834e-01
    4.05193746e-01 6.10139489e-01 2.46511340e-01 1.23966217e+00
    4.43887889e-01 7.08981574e-01 1.83366537e-01 4.64435995e-01
    9.16841328e-02 2.91088849e-01 -2.29046449e-01 4.03227508e-01
    9.72681880e-01 -2.04549372e-01 6.53419852e-01 1.35270441e+00
    -8.16397369e-02 8.55385005e-01 1.06116629e+00 -4.84181643e-02
    9.49459434e-01 6.37099862e-01 1.36367345e+00 1.27851033e+00
    1.00434065e+00 5.93734980e-02 9.61606264e-01 2.42348433e-01
    8.71525109e-01 6.44479513e-01 -1.48462981e-01 1.04699111e+00
    5.88122308e-01 -4.76637185e-02 6.51938319e-01 4.05405760e-01
    -1.40171170e-01 1.18888497e+00 1.11722636e+00 3.45528603e-01
    9.80166316e-01 -3.87658894e-01 8.92509103e-01 -1.66136175e-01
    7.48256683e-01 9.51299429e-01 7.56401420e-01 6.36927485e-02
    1.04971468e-01 -1.77914083e-01 1.27458990e+00 -1.94722652e-01
    3.44349802e-01 6.52585864e-01 1.19120002e+00 8.27134013e-01
    6.43628716e-01 4.84521985e-01 8.52708936e-01 7.84127235e-01
    5.50114512e-02 4.72420454e-02 7.54636765e-01 4.12459731e-01
    5.05392432e-01 5.37937284e-02 -1.78223237e-01 1.25650680e+00
    1.02994180e+00 1.04206204e+00 7.27578461e-01 -3.57135981e-01
    5.81087470e-02 3.43156874e-01 4.13350940e-01 8.73238444e-02
    7.66812563e-01 1.01566339e+00 3.58616054e-01 4.68054652e-01
    8.57653499e-01 -7.87307620e-02 1.09312534e+00 6.96030557e-01
    -2.14040041e-01 9.03421581e-01 7.43910551e-01 6.48562849e-01
    2.46270299e-01 5.57009339e-01 -2.34857529e-01 -2.06393480e-01
    -3.00658554e-01 1.21909356e+00 1.07033074e+00 1.75350845e-01
    3.04635346e-01 1.00988460e+00 5.52468956e-01 2.70686567e-01
    2.26207793e-01 1.44475698e-03 7.99494028e-01 1.27127469e+00
    1.06164455e-01 5.21718085e-01 -1.05815053e-01 1.42589509e-01
    -2.29263902e-02 -3.24198842e-01 6.02578580e-01 4.58754838e-01
    7.34179020e-01 3.40397358e-01 8.27387452e-01 -7.25626349e-02
    9.63995695e-01 5.33030987e-01 7.86282063e-01 -6.29765987e-02
    3.28953326e-01 9.09395337e-01 3.78136754e-01 -3.16688389e-01
    1.03035736e+00 9.55804944e-01 7.43797064e-01 1.00833011e+00
    3.10858250e-01 6.63335323e-01 -6.26677275e-03 1.14583063e+00
    9.52851772e-01 4.65076804e-01 -2.92947710e-01 1.13173032e+00
    1.21889997e+00 4.83861923e-01 1.06312418e+00 -1.29336745e-01
    1.29309249e+00 2.38176405e-01 8.67053866e-03 3.49369228e-01
    7.88544178e-01 7.00333834e-01 1.20037329e+00 1.08916736e+00
    2.32702434e-01 1.10239387e-01 9.34797525e-02 -1.95229650e-02
    9.53140497e-01 1.73894465e-01 1.25169766e+00 5.66257000e-01
    -2.89399892e-01 7.00315893e-01 1.23421162e-01 2.95993984e-02
    6.07681572e-01 8.38188052e-01 1.25831974e+00 -3.10722440e-01
    3.41603160e-01 7.73970008e-01 6.32304192e-01 -3.81493598e-01
    1.35500622e+00 3.14807892e-02 3.88370156e-02 1.04898262e+00
    1.11633134e+00 1.37522972e+00 -1.59330428e-01 1.08033633e+00
    -2.69188255e-01 1.15664113e+00 -2.05786750e-01 5.26354253e-01
    1.17414427e+00 1.04708302e+00 1.38805652e+00 1.08033180e-01
    5.12154996e-01 4.69638646e-01 2.11042762e-01 -2.75577366e-01
    5.29720485e-01 1.28025615e+00 -1.24231130e-01 -4.76125479e-02
    1.96043193e-01 4.14973319e-01 4.47409868e-01 1.10576952e+00
    2.76149333e-01 3.61730456e-01 1.07757699e+00 4.50376451e-01
    -2.76989996e-01 9.75472927e-01 2.58403122e-01 4.10938323e-01
    -2.48710811e-02 7.55116701e-01 -3.33027869e-01 9.36302543e-01
    1.24692428e+00 1.25297034e+00 1.30591393e-02 9.24566746e-01
    6.08907104e-01 4.58131671e-01 -7.88670927e-02 6.14616215e-01
    -5.15297055e-02 2.79040754e-01 -2.30258107e-02 1.10004795e+00
    9.85872865e-01 -1.95156679e-01 7.12068975e-01 -1.86729759e-01
    8.56476188e-01 3.51123095e-01 -1.34621501e-01 3.65358889e-01
    5.59506834e-01 1.06625438e+00 1.50524139e-01 -1.18992269e-01
    8.16857100e-01 -3.94642532e-01 8.03809762e-01 7.53882289e-01
    -3.51445138e-01 7.18530893e-01 4.75998521e-01 8.09682488e-01
    7.54820943e-01 9.35088277e-01 1.03213596e+00 5.20330310e-01
    6.72802329e-01 1.40057445e-01 1.83317184e-01 6.76471114e-01
    -3.51437330e-02 -1.74997389e-01 8.35454166e-01 3.28796506e-01
    8.73028398e-01 1.20494711e+00 8.10958385e-01 -4.65410531e-01
    1.39350128e+00 2.31141210e-01 2.63712585e-01 8.37029219e-01
    3.01757514e-01 5.18851340e-01 1.22919238e+00 7.50370622e-01
    -1.31153315e-01 -7.03266263e-02 1.22135699e+00 2.71252036e-01
    6.15093350e-01 1.19067395e+00 8.12631369e-01 1.18019581e-01
    3.83547366e-01 -3.38809550e-01 5.08295417e-01 1.16696167e+00
    4.89354372e-01 4.07172740e-01 -2.65149415e-01 -3.90097886e-01
    1.42408216e+00 -1.26870275e-01 5.27168095e-01 2.75001168e-01
    8.93001556e-02 3.72514546e-01 -9.65395719e-02 9.58811283e-01
    -2.95933753e-01 9.54275727e-01 7.16401696e-01 1.35813940e+00
    -3.65691185e-01 1.17651725e+00 1.13436592e+00 9.56121802e-01
    9.01610613e-01 6.57052875e-01 8.59752774e-01 7.27571130e-01
    6.29205108e-01 9.03199077e-01 -2.24989653e-01 1.30262315e+00
    3.76048207e-01 1.07845783e+00 9.87917900e-01 7.94102073e-01
    1.17076492e+00 5.70338249e-01 1.19880867e+00 1.20455325e+00
    -4.63011980e-01 1.34692657e+00 7.60294914e-01 1.12246025e+00
    -8.48759413e-02 1.11934590e+00 9.54288840e-02 2.91035414e-01
    1.83631837e-01 -1.44959390e-01 8.97773325e-01 2.88099647e-02
    5.14228702e-01 -2.63994128e-01 7.10611582e-01 1.24107051e+00
    6.78252578e-01 1.93301916e-01 -5.03352880e-02 8.24211895e-01
    5.91216385e-01 6.09370947e-01 9.32266951e-01 -1.43396735e-01
    3.39437664e-01 -2.62494683e-01 1.33209145e+00 2.35535383e-01
    1.39572191e+00 1.05381668e-01 1.05271697e+00 3.84612501e-01
    -2.43529826e-01 1.21850324e+00 8.26465845e-01 3.32349837e-01
    1.24458528e+00 -2.65345812e-01 1.32486355e+00 -2.90515721e-01
    5.56260586e-01 4.50680435e-01 -2.83160865e-01 5.60513139e-01
    8.97576094e-01 8.73107314e-01 8.15568686e-01 5.38694978e-01
    1.11987650e+00 5.27439415e-01 8.15457344e-01 1.23640621e+00
    6.32973194e-01 7.18486369e-01 7.05320239e-02 3.80132854e-01
    -1.28655851e-01 1.02432263e+00 -1.72956586e-01 2.77204454e-01
    1.05806792e+00 1.07649934e+00 8.81128907e-02 4.98446465e-01
    2.28647947e-01 1.51575208e-02 -2.49427378e-01 1.18776631e+00
    5.29521704e-01 6.11038446e-01 1.22557592e+00 7.05515265e-01
    3.67184818e-01 2.19198048e-01 -1.70828432e-01 8.57063055e-01
    -3.60990763e-01 7.87518620e-02 7.54469216e-01 2.24070072e-01
    8.45461845e-01 1.09201872e+00 -2.57790804e-01 4.16524768e-01
    9.34787631e-01 4.88570213e-01 1.21516705e+00 3.17728698e-01
    1.01476121e+00 1.10914707e+00 8.91935349e-01 3.21923971e-01
    1.23664784e+00 4.31137204e-01 1.20777893e+00 4.93462801e-01
    9.91236806e-01 6.57118976e-01 -7.58547783e-02 1.21006119e+00
    -1.69817805e-02 1.16347575e+00 2.33097017e-01 2.63017535e-01
    9.99060988e-01 -2.94212312e-01 2.89009333e-01 5.24082839e-01
    4.61610556e-01 2.75394619e-01 3.31221819e-01 1.90261722e-01
    6.49906814e-01 1.10438526e-01 1.17091024e+00 2.44053304e-01
    3.49123359e-01 -2.62959003e-02 1.02885783e-01 3.70227814e-01
    4.71302032e-01 9.91812348e-02 5.66413879e-01 -3.21844906e-01
    8.58491540e-01 -3.01279604e-01 -3.50201517e-01 1.26223385e+00
    -2.63382435e-01 4.61876750e-01 1.03246129e+00 4.20790136e-01
    8.32034111e-01 -3.65192235e-01 1.05537796e+00 1.09969425e+00
    6.62843227e-01 1.10703647e-01 5.76228678e-01 -1.26399577e-01
    1.24869823e+00 4.64573443e-01 2.74541855e-01 1.31849706e+00
    -3.07657957e-01 4.65649545e-01 -1.93263173e-01 1.45358050e+00
    -1.10956788e-01 1.44347250e-01 1.05791485e+00 1.74759865e-01
    4.70436215e-02 1.13483429e-01 6.89267874e-01 9.33800697e-01
    1.77185535e-01 8.88284087e-01 3.67260575e-02 5.06891489e-01
    9.89318252e-01 9.21726823e-01 1.38869435e-01 1.28763318e-01
    4.00354683e-01 -1.62354738e-01 4.21885192e-01 1.27352273e+00
    2.79928386e-01 2.04849243e-01 8.25228214e-01 7.30441213e-01
    1.17217362e-01 6.58454657e-01 1.87743902e-01 3.16264242e-01
    1.53082311e-01 1.86229050e-02 6.15217507e-01 1.02659869e+00
    6.25398278e-01 9.32305217e-01 7.33211160e-01 1.83061361e-01
    -1.91827834e-01 1.24693966e+00 -1.99853957e-01 6.64919853e-01
    9.31522846e-01 1.17419028e+00 5.49883485e-01 2.96879947e-01
    -2.45464817e-01 1.14470744e+00 -1.28551751e-01 4.85462844e-01
    1.31568587e+00 2.46109009e-01 -8.60379338e-02 9.23494935e-01
    5.69397569e-01 4.80196238e-01 9.90851045e-01 -2.99627274e-01
    5.43248653e-02 -1.23784155e-01 -1.87684834e-01 8.79460812e-01
    -5.30498326e-02 7.35622823e-01 9.11394596e-01 7.11735129e-01
    1.22287333e+00 4.28907633e-01 5.01811802e-01 1.94123387e-01
    1.35639334e+00 9.91162896e-01 7.26771832e-01 1.11350179e+00
    8.26267004e-02 1.22817981e+00 3.32790852e-01 9.81003404e-01
    3.11304212e-01 -5.17902970e-02 -5.02026081e-03 4.44503009e-01
    6.34635925e-01 6.51901960e-01 4.73827422e-02 8.50996971e-02
    4.25231278e-01 -1.43692493e-02 1.05903816e+00 -3.48065078e-01
    1.28688896e+00 -1.92677245e-01 -2.01261222e-01 1.21093357e+00
    2.30923951e-01 2.80090034e-01 1.10820234e+00 -3.33721966e-01
    8.25697064e-01 -7.64074922e-02 5.66595852e-01 4.17147994e-01
    7.82191694e-01 -2.53105164e-01 -8.22875500e-02 7.20385313e-01
    9.15439010e-01 4.09912169e-01 -2.05897659e-01 8.49857569e-01
    9.75716949e-01 5.13926744e-02 1.03390980e+00 1.12548542e+00
    -3.86313558e-01 1.05350113e+00 -2.60606229e-01 4.24211323e-01
    6.30774617e-01 1.17555583e+00 1.10241425e+00 1.54891014e-02
    2.10454583e-01 1.40017974e+00 8.71639252e-01 4.53256607e-01
    9.66405869e-01 9.03074145e-02 1.01821733e+00 -1.51179045e-01
    -1.70773849e-01 6.20054364e-01 9.00378942e-01 1.28991389e+00
    8.86246204e-01 2.02459931e-01 3.78676057e-02 1.39811444e+00
    -2.93724269e-01 1.04094875e+00 6.53314233e-01 1.30368769e-01
    -1.90791130e-01 9.33889508e-01 2.57924378e-01 1.51384592e-01
    -3.21167111e-02 1.17988515e+00 3.61650109e-01 3.30331981e-01
    -8.70202780e-02 9.51746404e-01 1.07329547e-01 1.26982522e+00
    -4.93676305e-01 8.50546479e-01 5.00002027e-01 8.96685004e-01
    1.50829554e-01 2.92458236e-01 1.92068338e-01 2.05188453e-01
    1.30857325e+00 -2.57053703e-01 1.10904574e+00 8.69294882e-01
    1.00898588e+00 -1.84972405e-01 1.10101020e+00 7.34087586e-01
    5.30111849e-01 2.80149162e-01 8.95009279e-01 7.30703473e-02
    7.27379382e-01 2.82376170e-01 1.31186032e+00 -2.28860468e-01
    9.73158002e-01 4.16144729e-02 5.68296194e-01 -2.69171953e-01
    3.50267768e-01 2.59086251e-01 7.24546611e-01 8.84215832e-01
    3.86341751e-01 9.92675066e-01 -9.34856534e-02 9.89354968e-01
    -9.79110599e-02 2.14682102e-01 4.46324468e-01 1.05932522e+00
    1.06502438e+00 -2.31855512e-02 2.91930914e-01 7.22298622e-02
    3.62796485e-01 1.09867108e+00 -1.67970777e-01 7.30647445e-01
    -2.35930547e-01 9.70712304e-02 1.08780491e+00 6.58131599e-01
    -1.84557512e-01 1.34468287e-01 8.65297914e-02 6.43294632e-01
    -1.57893211e-01 4.79081154e-01 2.30047405e-01 7.22918868e-01
    3.25784266e-01 2.51172543e-01 1.31839478e+00 -2.79896468e-01
    1.11544049e+00 -8.73757601e-02 7.26539791e-01 -2.63070226e-01
    6.35818422e-01 4.96969104e-01 8.82756591e-01 9.40453291e-01
    6.62030339e-01 1.01897132e+00 2.32885957e-01 -3.77157331e-02
    1.05942464e+00 -1.94314867e-01 1.05965590e+00 2.73165941e-01
    9.54623103e-01 1.15594423e+00 1.23272359e-01 7.57849574e-01
    1.26252556e+00 1.46679997e-01 3.28715563e-01 7.94627547e-01
    3.06267381e-01 9.34700966e-01 1.24706161e+00 -2.93048829e-01
    3.23893249e-01 4.05476511e-01 1.49965942e-01 1.05783916e+00
    1.06524217e+00 1.96754515e-01 9.48430896e-01 3.21448922e-01
    1.29916692e+00 1.07502282e-01 9.20545995e-01 3.96314144e-01
    1.40103090e+00 -1.09591961e-01 1.16091168e+00 2.45120943e-01
    1.35658455e+00 1.60131276e-01 8.86376023e-01 1.81436718e-01
    3.33556950e-01 7.19080448e-01 6.75814271e-01 -4.88694310e-02
    9.93009448e-01 -1.21155202e-01 1.09843433e-01 1.98902667e-01
    2.42697954e-01 3.55347455e-01 3.15347075e-01 -2.08746314e-01
    9.78758633e-01 -2.96309590e-01 4.82832253e-01 1.03637540e+00
    4.23635542e-01 9.14883614e-01 -8.40795040e-03 4.60451484e-01
    1.48043573e-01 1.33275986e-03 3.82335067e-01 -2.95039356e-01
    1.40029311e-01 3.73379588e-02 2.15166986e-01 9.68649864e-01
    8.81697059e-01 -9.22640562e-02 5.67678571e-01 -9.78091359e-02
    9.71391797e-01 -4.70892489e-01 1.42371702e+00 2.19714463e-01
    4.71227169e-02 1.00018859e+00 8.32962990e-01 -2.19615072e-01
    1.25640571e-01 -3.09446633e-01 1.42282331e+00 -3.29261661e-01
    3.55782568e-01 1.77183986e-01 3.95353436e-02 4.66141462e-01
    5.52525759e-01 6.62807643e-01 1.10314786e-01 4.38444316e-01
    1.01602948e+00 4.84381437e-01 8.95319343e-01 4.85190392e-01
    1.60037279e-02 1.62023187e-01 6.68233931e-01 -1.11627698e-01
    4.78394032e-02 2.34073818e-01 6.55838013e-01 7.63260722e-01
    2.97224343e-01 -2.33830541e-01 -3.02434862e-02 5.89099288e-01
    -3.66043448e-01 1.34102309e+00 5.44861257e-01 -1.91355750e-01
    5.24810016e-01 3.76678526e-01 9.13680434e-01 2.73613513e-01
    -1.90958083e-02 -6.26364946e-02 -1.68004781e-01 6.18685544e-01
    5.33735216e-01 -9.74192917e-02 3.14644754e-01 1.15493202e+00
    -9.78291035e-04 -1.24056548e-01 1.34168589e+00 1.02151906e+00
    6.47619307e-01 5.18904626e-01 3.49352002e-01 1.37331927e+00
    -3.80303442e-01 1.03553724e+00 1.18764472e+00 7.77455449e-01
    -5.57010472e-02 2.69394636e-01 5.45176446e-01 8.18954587e-01
    9.43165660e-01 7.78631091e-01 -4.78581727e-01 9.31757927e-01
    3.24836135e-01 1.38944876e+00 -2.29098603e-01 5.58921099e-01
    2.37251759e-01 3.68983746e-02 3.08828115e-01 1.14019728e+00
    4.22174096e-01 -2.86552817e-01 -3.31194997e-02 1.12183189e+00
    1.05075705e+00 3.18278015e-01 -3.53006124e-02 1.30121410e+00
    -1.40159458e-01 1.39040923e+00 -7.89963007e-02 7.15439379e-01
    -3.79492640e-02 2.92667150e-02 9.35226679e-01 -2.00710863e-01
    5.76443493e-01 -3.01925480e-01 5.19046903e-01 1.12637866e+00
    9.92540359e-01 2.99633741e-02 8.84277105e-01 1.14800119e+00
    1.11312640e+00 2.12244868e-01 -7.01008737e-02 8.83244514e-01
    4.14546192e-01 3.62298846e-01 5.46463668e-01 8.13759327e-01
    7.91505098e-01 1.16490912e+00 8.42893243e-01 6.72970295e-01
    7.07651138e-01 7.07870126e-01 4.26586211e-01 1.06769061e+00
    6.60852432e-01 4.36115861e-02 2.15850174e-02 4.17722106e-01
    9.42821860e-01 4.60374653e-01 2.50536501e-01 5.56081116e-01
    -3.09505880e-01 3.36573422e-01 1.09616911e+00 4.76481676e-01
    9.66718912e-01 9.03560519e-02 -1.87289298e-01 1.24285471e+00
    9.21535492e-03 1.27061188e+00 8.42466474e-01 1.34972215e-01
    1.40773094e+00 3.43887687e-01 5.90599179e-02 5.80633283e-01
    1.01579034e+00 -1.26432359e-01 9.04831648e-01 -4.28909063e-02
    1.25954008e+00 -6.72227740e-02 3.12613845e-02 5.19294620e-01
    2.72041976e-01 9.31996942e-01 4.32705343e-01 4.78892326e-01
    6.04153097e-01 7.33189583e-01 1.19346607e+00 1.10557497e+00
    3.47195685e-01 5.91015339e-01 -8.02687407e-02 1.02581620e+00
    -2.09414959e-03 9.78875875e-01 -1.98349267e-01 4.13259387e-01
    1.29583752e+00 5.66189826e-01 1.42345697e-01 -4.00618017e-02
    9.50094700e-01 -1.57192200e-01 3.56163859e-01 8.66248965e-01
    1.18336022e+00 2.86758482e-01 -2.32534707e-01 1.46451795e+00
    -1.69996619e-02 -2.83170223e-01 6.37064695e-01 1.18439353e+00
    8.74891758e-01 1.22228026e+00 5.93409896e-01 3.81174684e-01
    5.49772024e-01 1.13660252e+00 -7.61713982e-02 1.04549706e-01
    9.32277799e-01 2.27103829e-01 1.15706444e+00 1.19551837e+00
    -2.62574285e-01 1.38313603e+00 3.36479723e-01 4.10125792e-01
    -1.55331895e-01 -7.08259940e-02 9.46677327e-01 6.93846226e-01
    1.35418868e+00 8.82781148e-02 1.36904728e+00 4.78893638e-01
    2.18654037e-01 5.67663312e-01 -4.96202707e-02 8.14429402e-01
    9.43463326e-01 3.40158522e-01 9.09423828e-03 1.23263717e+00
    6.11411333e-02 1.36674583e+00 4.50536609e-01 9.24959183e-02
    3.54875803e-01 2.51248300e-01 4.48791027e-01 8.85983825e-01
    7.68266439e-01 -1.52870923e-01 1.06606078e+00 -2.62116313e-01
    1.24151742e+00 9.76252437e-01 1.09509611e+00 5.57645082e-01
    1.08294857e+00 -4.01844472e-01 1.43367326e+00 3.30528080e-01
    6.63985372e-01 2.47931719e-01 1.04705346e+00 6.16118431e-01
    7.18676567e-01 4.86004591e-01 1.14954197e+00 8.37075233e-01
    -2.43503481e-01 6.55354619e-01 -1.02549940e-01 1.25157833e+00
    3.51870060e-03 4.16627526e-01 1.41957033e+00 -2.86723524e-01
    3.93706501e-01 6.29484057e-01 7.74343491e-01 6.72559381e-01
    2.47971952e-01 4.17052925e-01 -1.76871419e-02 -2.70297617e-01
    1.00723279e+00 6.69508696e-01 8.86289477e-01 -2.74708182e-01
    4.64222133e-01 1.16538370e+00 -3.12733471e-01 1.39314926e+00
    2.05916703e-01 2.92177916e-01 7.76344597e-01 3.95931482e-01
    3.46762478e-01 1.06125891e-01 1.13755000e+00 -8.31659436e-02
    9.25675035e-01 4.94008780e-01 6.17565274e-01 5.50243914e-01
    4.36198890e-01 1.27794218e+00 5.63898921e-01 8.63268375e-01
    5.50315142e-01 2.49099195e-01 6.36204600e-01 1.19112742e+00
    -9.46935415e-02 6.98411286e-01 3.08588922e-01 -1.67946488e-01
    9.47171509e-01 9.56164718e-01 1.10410798e+00 9.20704186e-01
    -3.40637833e-01 1.30204487e+00 3.43784690e-01 6.13816500e-01
    -3.75759304e-02 1.36380601e+00 8.36487889e-01 7.92219043e-01
    6.67741537e-01 8.99834394e-01 7.58878827e-01 3.14495742e-01
    1.22314084e+00 1.13789093e+00 -2.79467106e-01 -1.25651121e-01
    2.38694847e-01 1.41637921e-01 1.04834270e+00 7.10114121e-01
    7.87924528e-02 2.97450602e-01 6.40970230e-01 -1.03935927e-01
    3.49158496e-01 -2.84069300e-01 7.33992100e-01 9.41362977e-01
    9.56562638e-01 1.62983298e-01 1.26832879e+00 1.24067318e+00
    6.66257739e-01 9.04504061e-02 8.25069487e-01 -2.19418585e-01
    2.88454026e-01 2.34474421e-01 6.42127991e-02 4.18574154e-01
    3.78930867e-01 1.28139317e+00 2.02397108e-02 -1.40821338e-02
    6.61560357e-01 -3.77652645e-02 2.36367762e-01 1.01534760e+00
    9.43168998e-01 -2.37394392e-01 1.16214514e-01 2.02698588e-01
    6.90195560e-01 1.10234034e+00 9.66657400e-02 -4.91108000e-02
    2.35364556e-01 1.29309237e+00 2.48233557e-01 1.10235703e+00
    -3.86305332e-01 4.35207129e-01 3.66117954e-02 -2.74313509e-01
    1.41212988e+00 -2.09133103e-01 -1.16539299e-01 -2.56891519e-01
    2.10793614e-01 4.89476204e-01 4.13275003e-01 1.16225839e+00
    -3.55076581e-01 1.18327320e+00 6.28613830e-01 6.07249975e-01
    2.89276123e-01 1.06449604e-01 3.70923460e-01 1.07872283e+00
    -3.68281454e-01 6.67668700e-01 -2.74071991e-02 9.37677979e-01
    1.12366068e+00 1.70972228e-01 7.16687441e-01 5.87113976e-01
    1.12148023e+00 2.32533038e-01 3.06018591e-02 1.04512882e+00
    -1.72991157e-02 1.15315163e+00 -1.28056556e-01 4.54506934e-01
    -4.57473695e-02 -1.82301491e-01 5.00494301e-01 -3.41756940e-02
    4.93320704e-01 1.10877883e+00 3.14712942e-01 6.13444924e-01
    6.71211362e-01 8.85769963e-01 1.05137455e+00 1.19226038e+00
    7.37148523e-02 3.47223163e-01 9.13715959e-01 1.09905612e+00
    3.68919969e-01 -3.16239387e-01 1.45909870e+00 2.43032515e-01
    6.82315469e-01 -8.67236257e-02 1.03673434e+00 1.33768618e-01
    -9.51972604e-02 7.09153831e-01 9.79860425e-01 9.08604622e-01
    2.46556401e-02 -3.42059344e-01 1.53517580e+00 2.71097124e-01
    5.50701737e-01 -2.60611296e-01 3.05311501e-01 5.22377849e-01
    1.19739413e-01 9.65639949e-01 -2.53751457e-01 9.34460878e-01
    1.96673632e-01 5.40256143e-01 8.85619104e-01 1.38808489e-01
    5.86999357e-01 4.36059237e-01 4.41344917e-01 -3.68553311e-01
    1.34357560e+00 -1.70605958e-01 2.85549164e-02 5.31700253e-01
    1.11898208e+00 4.15558398e-01 6.90494895e-01 1.02666485e+00
    -3.09480429e-01 1.01731813e+00 3.52871299e-01 1.11281335e+00
    4.19706643e-01 -2.14910030e-01 4.64672446e-02 1.31749904e+00
    1.63169563e-01 1.14973700e+00 -1.00056052e-01 8.09054196e-01
    2.69217670e-01 9.01287138e-01 -2.21527696e-01 6.81293488e-01
    8.96186471e-01 8.80395532e-01 4.19955254e-02 1.24191892e+00
    -1.41423494e-01 8.51691365e-02 1.25744665e+00 1.26646054e+00
    2.60116845e-01 -1.46597445e-01 -6.03464246e-03 3.97092164e-01
    8.50659847e-01 1.30630732e+00 -4.04520750e-01 1.29580295e+00
    4.32197928e-01 6.66567564e-01 1.07106483e+00 1.19048023e+00
    1.68046117e-01 1.05115008e+00 1.02166712e-01 7.28571117e-01
    4.06381726e-01 9.47625518e-01 -1.81001425e-01 9.58441734e-01
    9.24860358e-01 -3.83569628e-01 6.85752034e-01 2.62635291e-01
    -2.00827599e-01 9.86930370e-01 7.24157333e-01 8.05046439e-01
    3.59955966e-01 -1.58387423e-03 3.67631435e-01 6.58266544e-01
    1.27480567e+00 4.45717394e-01 -3.13743412e-01 9.30198252e-01
    -5.43513298e-02 1.33545291e+00 1.45676732e-02 3.46094131e-01
    8.14322114e-01 1.19985640e+00 8.54735970e-01 9.00019169e-01
    7.07881808e-01 8.00447106e-01 1.04058135e+00 5.06294847e-01
    6.97142959e-01 3.65748167e-01 2.87796736e-01 4.32054400e-01
    7.09378362e-01 1.11144936e+00 4.78256106e-01 -1.36309654e-01
    9.60080743e-01 7.85972238e-01 -2.60871083e-01 7.26968825e-01
    3.26633453e-02 3.63405824e-01 3.61306071e-01 4.67151999e-01
    8.14659595e-02 1.22175860e+00 3.44355285e-01 6.00608587e-01
    -7.75247216e-02 2.84982681e-01 8.44034553e-02 1.03122330e+00
    1.04561782e+00 -1.77803963e-01 7.45124340e-01 4.07297671e-01
    4.06856537e-02 4.69456255e-01 7.15485454e-01 -1.00910962e-01
    3.85736823e-01 9.31766868e-01 8.06046486e-01 7.35130012e-01
    -4.00359333e-02 1.70392752e-01 -5.42903543e-02 1.14826548e+00
    5.82127333e-01 8.45189691e-01 5.47446609e-01 -2.33545586e-01
    1.02914846e+00 1.68610930e-01 5.26330590e-01 -1.65405959e-01
    9.01467562e-01 1.44566774e-01 -8.76883864e-02 1.00218475e+00
    4.27240312e-01 6.62929654e-01 5.82660198e-01 1.11489642e+00
    -2.37832904e-01 6.83880270e-01 1.03552628e+00 2.35217273e-01
    8.89265299e-01 8.85074139e-01 8.83893728e-01 -2.21982792e-01
    1.39498830e-01 3.67066681e-01 6.42704666e-01 9.08945739e-01
    -2.59711087e-01 6.15246117e-01 6.07163429e-01 4.55752134e-01
    2.11999953e-01 5.12701929e-01 -5.24816811e-02 5.50725400e-01
    8.54887486e-01 8.92037868e-01 2.26852834e-01 1.00454724e+00
    9.41885352e-01 7.98462629e-01 9.76691961e-01 7.75590658e-01
    -2.26646379e-01 -1.71226263e-02 5.56217372e-01 1.13420868e+00
    6.65489435e-02 9.24926639e-01 -1.33159399e-01 5.17091632e-01
    4.72427905e-01 5.08611202e-02 7.92356253e-01 1.08853066e+00
    -4.23269689e-01 6.36678994e-01 5.76087475e-01 8.52155566e-01
    9.61788774e-01 1.39035583e-01 1.25798988e+00 -6.31827414e-02
    -5.11924922e-03 4.54535127e-01 7.86563516e-01 1.17682564e+00
    7.68681765e-02 1.26892805e+00 6.32961631e-01 9.47568178e-01
    6.77435875e-01 4.67619121e-01 4.57525671e-01 -1.73783898e-02
    1.08251464e+00 1.06996381e+00 7.74167418e-01 9.55648661e-01
    6.10563040e-01 -4.09760058e-01 1.31413281e+00 7.89397597e-01
    8.61653328e-01 5.69309354e-01 5.21147788e-01 1.21822953e-01
    5.28399706e-01 1.11752844e+00 1.02787614e+00 -1.25385523e-02
    3.47617984e-01 1.35206103e-01 -1.43920586e-01 5.38472354e-01
    1.60051346e-01 1.31269419e+00 8.15651178e-01 -3.98165584e-02
    -1.76707759e-01 6.61658823e-01 2.67710507e-01 1.13783944e+00
    4.68394101e-01 -1.85465083e-01 3.90380025e-02 8.06366563e-01
    -3.11865240e-01 7.30710804e-01 9.05440331e-01 8.51934195e-01
    1.35028923e+00 3.39709401e-01 -1.49986207e-01 -1.52181000e-01
    6.68007970e-01 1.51597559e+00 -3.01511109e-01 2.50551105e-02
    5.26245713e-01 9.97725487e-01 -6.14838898e-02 3.27011764e-01
    2.54483521e-01 9.15514112e-01 6.84503853e-01 6.18822336e-01
    5.05453527e-01 -6.91426992e-02 1.28737509e-01 5.50197542e-01
    4.94254410e-01 1.63328111e-01 2.08749235e-01 -6.24694228e-02
    -1.26456633e-01 -1.74929678e-01 9.20833707e-01 4.05893803e-01
    2.71322489e-01 3.79815698e-02 7.94133544e-02 5.60892820e-02
    2.58966386e-01 6.89953685e-01 9.79632139e-02 9.99703884e-01
    3.41183484e-01 1.22834301e+00 6.93218708e-02 1.00204945e-01
    -2.79571354e-01 3.52873325e-01 8.02077234e-01 1.83408141e-01
    -6.60934448e-02 3.90191555e-01 -2.69166827e-02 7.66989708e-01
    -1.44584268e-01 1.72254056e-01 -1.03363037e-01 7.66451299e-01
    -2.27316022e-01 1.27746451e+00 -1.68636024e-01 6.11959159e-01
    5.19388855e-01 2.26007700e-02 7.84937739e-01 4.99393582e-01
    -3.96742225e-02 1.26942396e+00 -2.20251083e-02 9.92082238e-01
    6.94009781e-01 7.10998178e-02 1.13333964e+00 4.41289783e-01
    6.94899976e-01 6.29198670e-01 7.88947105e-01 -4.03717011e-01
    1.33034909e+00 4.25727844e-01 1.35762703e+00 1.61588907e-01
    5.66499352e-01 6.72869086e-01 4.71259475e-01 8.52295280e-01
    5.08464694e-01 7.51940727e-01 5.73282838e-02 4.06913221e-01
    2.69023776e-02 1.17362010e+00 -2.22907484e-01 2.49689281e-01
    1.08134913e+00 6.08225465e-01 5.56986213e-01 4.11626339e-01
    4.00150716e-01 4.70040977e-01 1.10783803e+00 -4.54529524e-02
    -1.86452270e-02 2.01298833e-01 1.07641101e+00 1.06000960e+00
    7.87987351e-01 7.39449739e-01 5.27961254e-02 1.11786175e+00
    9.78374839e-01 2.05418646e-01 5.69720924e-01 -2.92775631e-02
    9.16934371e-01 9.50224400e-02 4.64111388e-01 1.39434028e+00
    -9.35074985e-02 8.13641071e-01 6.58962011e-01 1.26832831e+00
    -3.23503286e-01 1.19005513e+00 -1.71885133e-01 2.29834855e-01
    3.93145144e-01 -6.19340241e-02 -1.77483708e-01 8.60962391e-01
    2.69469023e-01 -3.87682021e-02 9.29311633e-01 2.99613118e-01
    6.10628843e-01 8.39134812e-01 6.63393855e-01 4.33511615e-01
    6.56697989e-01 5.14885783e-01 2.86478281e-01 5.07961512e-01
    1.02984858e+00 -1.81552947e-01 1.35661614e+00 -1.39197707e-01
    -2.57826179e-01 1.00294340e+00 8.37284446e-01 3.41484785e-01
    1.11996257e+00 9.88603711e-01 5.27008176e-01 -9.35147405e-02
    3.06950033e-01 -1.56413555e-01 6.69900656e-01 9.90269542e-01
    1.03446674e+00 9.52032208e-01 6.70063972e-01 8.63977432e-01
    8.63238573e-02 9.11472321e-01 1.40561819e-01 4.18645859e-01
    2.03193754e-01 -3.20201516e-02 5.22744477e-01 -3.26525688e-01
    1.04941738e+00 1.18680394e+00 4.86965775e-02 -1.22399688e-01
    1.00713694e+00 4.80811477e-01 8.96449089e-02 -6.01645410e-02
    7.18200266e-01 -1.39321417e-01 1.31079257e+00 1.01651931e+00
    6.41271472e-02 -1.43578053e-02 7.40287185e-01 4.57473576e-01
    -2.51634002e-01 1.27611816e+00 -2.48037159e-01 3.19400311e-01
    4.70649242e-01 7.08830953e-01 1.09158266e+00 1.77936733e-01
    6.56861067e-03 7.99616635e-01 6.67433143e-01 -2.74132967e-01
    1.16452694e+00 9.82133150e-01 1.11142075e+00 5.96148729e-01
    6.61869764e-01 1.50849819e-01 8.02559972e-01 -4.12953854e-01
    1.27827489e+00 9.66875792e-01 7.89582968e-01 6.84247136e-01
    8.59272599e-01 -8.41462612e-02 1.16565967e+00 1.92455858e-01
    -2.26106554e-01 2.99649775e-01 -7.51612484e-02 2.92400479e-01
    1.11482859e+00 2.43880868e-01 2.63454199e-01 8.14622879e-01
    1.32090592e+00 1.15793824e-01 1.73712254e-01 3.72239947e-02
    -1.05808616e-01 7.39993930e-01 6.14596605e-02 7.86153316e-01
    1.02018952e+00 1.15767467e+00 -1.45843118e-01 -1.36748761e-01
    9.62274909e-01 -3.00189286e-01 6.77900255e-01 3.35861504e-01
    1.19262016e+00 3.89773607e-01 9.40991879e-01 1.07004225e+00
    3.31006229e-01 1.11097801e+00 -7.92338848e-02 3.77873957e-01
    4.30818439e-01 -2.83050835e-01 5.07551432e-02 6.88085675e-01
    -2.66573697e-01 1.72893792e-01 2.03722894e-01 3.84433866e-01
    -3.55889201e-02 9.36513245e-01 1.18295848e-01 1.67804062e-01
    3.70999575e-01 -3.00505459e-01 4.89274204e-01 1.17886090e+00
    -8.26243758e-02 5.27041137e-01 8.84707868e-01 4.98148918e-01
    6.92327738e-01 -2.03702450e-01 8.86115730e-02 5.56668103e-01
    6.45815849e-01 1.21005321e+00 5.63004613e-02 6.35423541e-01
    1.35257900e+00 1.69642925e-01 -1.05884910e-01 1.91110671e-01
    7.74658084e-01 6.53303146e-01 6.99393511e-01 1.11618781e+00
    5.24001718e-02 2.05628812e-01 9.03892994e-01 1.43345380e+00
    2.69565821e-01 4.02923524e-01 1.07492936e+00 1.65233254e-01
    8.81292820e-02 8.50379825e-01 -1.85864985e-01 8.25073600e-01
    8.38028073e-01 -1.37737513e-01 1.29821372e+00 9.47765350e-01
    -2.94101238e-03 -3.15969527e-01 1.38822508e+00 6.90210462e-01
    1.03422713e+00 7.07428634e-01 -2.15297982e-01 2.31474638e-02
    1.18203747e+00 1.08909214e+00 1.22859001e+00 8.99396896e-01
    1.34220153e-01 2.05188960e-01 8.08881581e-01 8.89543653e-01
    -7.09985495e-02 4.51456487e-01 1.11493087e+00 1.04239893e+00
    3.60285878e-01 1.45464456e+00 2.45285034e-01 -1.77791506e-01
    -1.06280625e-01 1.15141010e+00 -2.28770301e-01 6.22825623e-01
    -1.42767459e-01 -1.42420292e-01 6.54731154e-01 2.48933971e-01
    -1.67020768e-01 1.03226113e+00 6.81633353e-01 9.78569388e-01
    -2.97520757e-02 -1.32832199e-01 4.57203090e-01 7.39188790e-01
    4.64266479e-01 7.98631907e-01 1.02451885e+00 9.60539579e-01
    6.55808449e-01 -3.59532088e-01 4.06970978e-01 -2.20286861e-01
    1.20343900e+00 9.73234773e-01 2.90082097e-01 8.08981299e-01
    7.23037958e-01 7.64686108e-01 1.15188217e+00 1.05759382e-01
    4.26691651e-01 -3.13974023e-01 9.28648829e-01 -1.27264887e-01
    9.46898937e-01 6.54865205e-01 -1.71797544e-01 2.02206671e-01
    9.85291123e-01 6.69034004e-01 1.08506858e+00 -3.73644382e-01
    1.19749784e+00 4.55494165e-01 -9.45650339e-02 8.74894261e-01
    -1.00798011e-02 -2.78138906e-01 1.07511103e+00 -2.79021502e-01
    1.19103879e-01 -2.35316738e-01 9.11657929e-01 5.20637274e-01
    4.49788332e-01 9.50355053e-01 9.50724602e-01 8.67483735e-01
    1.09061432e+00 7.25096762e-01 -2.26151347e-01 1.12295878e+00
    1.03555155e+00 2.77372003e-01 -3.47833037e-02 1.04756212e+00
    1.59396052e-01 1.05118597e+00 2.60998011e-02 1.23217332e+00
    5.19356549e-01 2.21373320e-01 1.14476383e+00 -2.20185980e-01
    4.61337268e-01 5.49850583e-01 -1.38606250e-01 1.08867955e+00
    9.79156852e-01 9.31490541e-01 7.11149335e-01 2.21589684e-01
    -3.80573452e-01 -1.89493626e-01 3.21976602e-01 1.04542470e+00
    8.36907744e-01 -2.21928030e-01 -7.06225634e-04 3.14399004e-02
    -1.70557499e-02 2.68312693e-02 1.05126381e+00 1.07068706e+00
    4.35090184e-01 1.02138412e+00 1.05722606e+00 -8.97201896e-02
    4.33793068e-01 3.62601280e-02 5.49979389e-01 -2.67349839e-01
    1.29606044e+00 1.17634749e+00 -2.81287313e-01 7.79979706e-01
    8.73595476e-01 -7.79187679e-03 1.44910288e+00 1.76831126e-01
    2.42809594e-01 -2.83236653e-01 9.60897207e-01 9.91265178e-02
    7.84271121e-01 1.30148685e+00 9.02201414e-01 3.69532645e-01
    -5.82970679e-02 5.99386454e-01 1.21660435e+00 1.03884542e+00
    6.51206732e-01 7.46066332e-01 -1.05279386e-01 1.28534389e+00
    8.63788247e-01 3.03478479e-01 1.06354666e+00 -2.90898144e-01
    3.13084364e-01 -1.94366723e-01 1.57146633e-01 6.62383676e-01
    1.13707733e+00 3.36595893e-01 1.52429044e-01 1.42541635e+00
    -3.87361109e-01 6.79042697e-01 1.14930117e+00 -4.36719030e-01
    3.52404773e-01 4.82237935e-01 5.84776163e-01 -1.91154420e-01
    1.24913323e+00 8.06840658e-01 -1.02529526e-02 1.27587318e-01
    6.37848020e-01 1.20422292e+00 3.05759668e-01 -1.03992045e-01
    -1.75576031e-01 3.81813705e-01 4.64465976e-01 1.84591413e-01
    8.83258700e-01 8.47275615e-01 1.16416717e+00 1.07910275e+00
    -8.13712478e-02 -3.49979997e-02 1.10682249e-01 1.19098932e-01
    7.58283973e-01 -5.65547347e-02 4.77864325e-01 5.38475811e-01
    9.57387686e-02 2.80339003e-01 2.29428291e-01 8.66727352e-01
    1.08964705e+00 3.28533292e-01 8.98459375e-01 -4.52487141e-01
    1.36919188e+00 1.26304829e+00 -3.11180949e-02 1.57756031e-01
    1.26259243e+00 5.75230420e-01 -4.34000492e-02 1.20073962e+00
    8.80320311e-01 2.89849281e-01 2.02625096e-01 1.23539841e+00
    4.35305953e-01 7.01486349e-01 4.28415656e-01 7.13636160e-01
    1.37782884e+00 -5.87886870e-02 -2.88323790e-01 1.34682953e+00
    -2.21944198e-01 2.17295527e-01 1.50767207e+00 -2.34174192e-01
    1.43301833e+00 -4.74672914e-02 5.36649466e-01 -3.03865105e-01
    2.11469889e-01 3.56217802e-01 1.31902993e+00 1.20570183e+00
    -9.04577971e-02 -2.83002824e-01 5.47848642e-01 5.71730494e-01
    5.50230026e-01 1.03377783e+00 3.99580359e-01 -2.96718657e-01
    4.78176773e-01 1.02123940e+00 -1.42064989e-02 4.44774926e-02
    1.67467535e-01 -3.15043926e-02 1.18956637e+00 6.47431731e-01
    6.85060620e-01 2.42291689e-01 9.74980950e-01 5.61508298e-01
    1.25013328e+00 1.18242562e-01 1.09304547e-01 1.15502858e+00
    4.71517324e-01 -2.20870376e-01 1.19159794e+00 2.52450764e-01
    1.77430332e-01 -2.46872544e-01 1.83484256e-01 4.23413515e-01
    -3.40983570e-02 -9.25364271e-02 -2.86203116e-01 1.31218123e+00
    9.89407659e-01 1.12092555e-01 5.46921134e-01 1.29063523e+00
    -5.97449988e-02 -2.79515624e-01 2.86585152e-01 1.13673210e+00
    2.83625662e-01 -1.37644157e-01 -1.27872080e-01 9.05960917e-01
    6.40314817e-01 6.07472181e-01 6.58461809e-01 8.50786448e-01
    7.56964147e-01 -1.44522011e-01 8.78582835e-01 5.87525368e-01
    2.05766857e-01 5.43918610e-01 2.92249203e-01 8.88270020e-01
    3.67540002e-01 1.77091479e-01 6.00291669e-01 -3.05525780e-01
    5.31592786e-01 1.23349738e+00 1.89188957e-01 6.30106390e-01
    7.03219652e-01 9.93898869e-01 2.29821265e-01 7.46848106e-01
    8.00753236e-01 7.45238423e-01 -6.07545972e-02 6.38464272e-01
    3.64707053e-01 1.24936008e+00 8.48366141e-01 1.59520507e-02
    1.11596501e+00 -2.24634036e-01 5.17783165e-01 6.31948352e-01
    3.69603515e-01 1.02623308e+00 7.57302642e-01 1.03971183e-01
    -1.99889451e-01 9.14456725e-01 8.84220362e-01 1.09306729e+00
    4.89367962e-01 2.82440722e-01 1.14583874e+00 -3.17620635e-02
    9.75843787e-01 4.92644668e-01 4.71234202e-01 2.20544815e-01
    2.73067534e-01 -8.73699784e-02 7.25515485e-01 1.05360639e+00
    5.45994461e-01 3.24440539e-01 1.37438285e+00 -2.76382834e-01
    -2.16437995e-01 -1.54836774e-02 4.37956214e-01 5.47377110e-01
    1.27625120e+00 -1.03804827e-01 1.08450270e+00 -1.04662269e-01
    2.88787961e-01 -8.27537179e-02 1.27731144e+00 1.04604542e-01
    6.41846299e-01 1.37300968e+00 -2.88519114e-01 1.16746604e+00
    -2.60441899e-02 -2.35097587e-01 -1.66292384e-01 1.14191437e+00
    1.28414178e+00 6.55314684e-01 1.24830723e+00 1.09538794e-01
    5.10965884e-01 7.64842749e-01 7.09812403e-01 1.19836283e+00
    1.21934712e+00 6.63523972e-02 -2.35585749e-01 7.50695467e-01
    1.02565646e+00 1.22119033e+00 1.41149819e-01 4.13008928e-01
    1.78816080e-01 8.60722065e-01 -3.62747222e-01 8.29812646e-01
    2.64776349e-02 6.37770176e-01 1.74890935e-01 9.14344668e-01
    6.58991814e-01 -1.35685325e-01 5.96124470e-01 2.04783499e-01
    1.12970150e+00 8.74923110e-01 2.74348736e-01 3.48675132e-01
    6.79798961e-01 1.23893678e-01 1.04193568e+00 2.02934265e-01
    2.73914129e-01 -2.37102568e-01 9.48778868e-01 4.31744814e-01
    1.12313664e+00 9.52540636e-02 1.01093149e+00 6.18428946e-01
    4.10300314e-01 6.67193413e-01 6.65064216e-01 5.31412005e-01
    2.33171046e-01 1.15226841e+00 5.40936649e-01 8.11869860e-01
    5.45085073e-01 9.18376923e-01 9.32584882e-01 3.91442716e-01
    8.58881712e-01 1.23302484e+00 5.65572977e-02 8.81057978e-01
    8.86319518e-01 9.18565035e-01 2.56414592e-01 4.32313085e-01
    1.87138319e-02 1.34341466e+00 3.90047729e-01 9.84473825e-01
    6.71565294e-01 -1.22113347e-01 8.59825373e-01 9.94819164e-01
    -2.30701655e-01 1.41617656e-02 2.06720889e-01 1.28800344e+00
    4.48673010e-01 1.03250360e+00 -4.41738129e-01 9.32865739e-02
    6.44722402e-01 1.13272464e+00 1.98888838e-01 2.92099655e-01
    1.16212380e+00 -2.07246661e-01 2.54558921e-01 7.78241813e-01
    -7.15789199e-03 9.67067480e-02 1.30243647e+00 -2.85080373e-01
    2.33894527e-01 5.33090591e-01 1.26910388e-01 1.43789613e+00
    -3.50980908e-01 5.10432184e-01 -3.28904748e-01 8.67407680e-01
    1.13186526e+00 7.00690866e-01 6.13925457e-01 1.14752448e+00
    5.31286597e-01 2.92003930e-01 1.17267191e-01 6.24109805e-01
    2.22592354e-01 5.36675811e-01 8.32750440e-01 8.33016038e-01
    3.25094879e-01 1.41739368e-01 4.83417749e-01 -2.96825320e-01
    3.47058803e-01 -8.30841213e-02 -1.20640934e-01 1.10148382e+00
    -1.07776284e-01 3.19545984e-01 7.31663227e-01 7.71660984e-01
    3.71291161e-01 3.68542969e-01 -1.45146728e-01 3.00144434e-01
    8.31093073e-01 7.05963850e-01 9.75075722e-01 9.33958292e-01
    9.25447106e-01 5.41992068e-01 -3.46657932e-01 1.10543835e+00
    2.29050219e-01 3.33771229e-01 1.73803031e-01 4.10573840e-01
    3.22553277e-01 9.29230750e-01 -7.45037794e-02 -3.08699697e-01
    1.08256829e+00 7.96593547e-01 3.56657505e-01 4.51211929e-01
    -1.56013727e-01 -1.64648563e-01 3.09470057e-01 1.51714742e-01
    1.14568329e+00 7.95139670e-01 -1.64459050e-01 6.27845526e-02
    6.91328764e-01 6.15281045e-01 4.35790062e-01 1.11532009e+00
    4.78472650e-01 4.25552011e-01 5.56302845e-01 -3.77156615e-01
    1.13401878e+00 5.02153873e-01 2.99767315e-01 7.80581117e-01
    -1.83683500e-01 1.36222923e+00 4.60585058e-01 -2.85367608e-01
    1.20687759e+00 -1.37902200e-01 1.54006016e+00 2.21634567e-01
    -2.56030560e-02 2.40978956e-01 6.44519627e-01 2.17546761e-01
    -3.85382771e-02 -6.86751455e-02 -1.15769297e-01 1.22845948e+00
    9.76200700e-02 1.23878431e+00 4.01885450e-01 -1.01998508e-01
    1.83557749e-01 5.54458916e-01 -3.57678026e-01 9.71489787e-01
    8.72483611e-01 6.06934905e-01 1.21868169e+00 -2.60220408e-01
    4.97383773e-01 1.08966219e+00 1.29048944e+00 7.24630356e-02
    4.18930054e-01 9.48683262e-01 4.57527041e-01 -2.93064713e-02
    7.71885812e-01 3.36813271e-01 9.30811644e-01 7.80594587e-01
    -3.31688523e-02 -2.91118890e-01 9.26116347e-01 1.15373802e+00
    -3.49389166e-01 1.75449431e-01 6.03296876e-01 1.25220001e+00
    2.11171925e-01 7.39738941e-01 8.92750025e-01 -6.76131248e-03
    5.28014481e-01 1.12896943e+00 4.73612905e-01 2.31581628e-01
    9.85499859e-01 -3.43201160e-02 6.51356995e-01 4.63249683e-02
    1.21087241e+00 -2.49232382e-01 3.70761693e-01 2.93241262e-01
    -7.86183774e-02 1.49687350e-01 3.52448046e-01 2.10988939e-01
    7.71312356e-01 8.40154946e-01 7.26922691e-01 1.39948845e-01
    -9.74105299e-02 5.32912850e-01 1.44698083e-01 9.00609493e-02
    6.81855381e-01 4.22282457e-01 2.48267472e-01 6.29129708e-01
    7.75867105e-01 3.35209608e-01 1.20822787e-01 2.58069456e-01
    1.36201352e-01 8.60345602e-01 1.06901497e-01 -2.15525836e-01
    -6.25312328e-03 1.33663034e+00 3.65012348e-01 -2.08859235e-01
    9.28964734e-01 6.91158533e-01 9.08553600e-03 8.49408150e-01
    8.82970333e-01 5.86295724e-02 1.30653799e-01 -3.18092912e-01
    8.42190266e-01 1.18607700e-01 5.27146876e-01 6.41136587e-01
    -2.04955697e-01 1.07226133e+00 1.11265314e+00 4.58978593e-01
    1.46139467e+00 7.28414655e-02 -7.87701607e-02 1.64761543e-01
    5.17153621e-01 1.10944927e+00 2.00211883e-01 4.88609970e-02
    1.22678280e-03 7.69474745e-01 1.04672647e+00 5.01009226e-01
    1.19974208e+00 1.06127667e+00 1.29909575e-01 1.19383454e+00
    -1.55899853e-01 9.49157596e-01 7.15276957e-01 3.36374640e-02
    1.04132366e+00 -1.05094582e-01 8.11523080e-01 1.40062571e-02
    -3.03947628e-02 9.63215470e-01 4.12357926e-01 1.04049158e+00
    5.82508981e-01 -8.32560360e-02 4.00285721e-02 -1.94190070e-01
    -1.69737995e-01 1.18512785e+00 4.92854714e-01 2.68782914e-01
    -2.81986624e-01 4.52777445e-01 9.89646077e-01 1.61838531e-01
    1.31061697e+00 -5.93039989e-02 6.27071321e-01 7.93617964e-01
    2.28589475e-01 -3.05633545e-02 -1.18633449e-01 1.06853449e+00
    1.00324345e+00 -3.79865170e-02 1.13548636e+00 1.32024837e+00
    2.44571686e-01 1.50213122e+00 -3.60943228e-01 7.03674197e-01
    3.32300663e-01 5.40438652e-01 8.54648113e-01 5.11099100e-01
    3.61809015e-01 -3.14097971e-01 1.13975120e+00 1.08454347e+00
    -2.53024817e-01 6.53316557e-01 6.21564686e-01 -1.32718414e-01
    3.75470638e-01 1.14411473e+00 3.26826572e-02 4.37308967e-01
    -4.06260610e-01 1.23416841e+00 7.54383326e-01 6.84607863e-01
    4.55218792e-01 -1.40434235e-01 1.31198156e+00 3.26257110e-01
    7.74445772e-01 4.94835734e-01 1.11863017e+00 -4.06764686e-01
    8.61007094e-01 1.16588962e+00 1.01755369e+00 -1.82180971e-01
    -1.59168199e-01 -1.84864163e-01 1.23485076e+00 4.10550952e-01
    4.54396367e-01 8.72272730e-01 -3.64497900e-02 4.84599710e-01
    4.81829762e-01 6.75906956e-01 7.16944754e-01 -3.54631394e-01
    1.12126470e+00 -2.26385221e-01 -2.25914121e-02 -2.11877942e-01
    1.14149737e+00 7.25619793e-01 -2.48427391e-02 1.39757884e+00
    3.06529284e-01 6.44455314e-01 9.15535688e-01 6.85207725e-01
    3.37948680e-01 1.17434967e+00 8.60782266e-01 1.03944910e+00
    3.07997584e-01 6.39107227e-02 2.98498213e-01 3.63661647e-01
    6.76361859e-01 -8.76148343e-02 4.41897631e-01 1.08952379e+00
    1.16945517e+00 5.25000691e-02 1.20058906e+00 1.90227389e-01
    8.59448552e-01 1.23405230e+00 9.86637712e-01 -1.91762313e-01
    -1.69440210e-01 1.18304420e+00 2.06547678e-01 6.00870430e-01
    1.30157864e+00 -2.17484146e-01 8.12898278e-02 9.94542837e-01
    7.04054475e-01 3.33854139e-01 7.92084932e-01 1.12931395e+00
    2.20251679e-02 1.42838728e+00 1.19553268e-01 1.07965446e+00
    1.37489951e+00 1.77312732e-01 8.07650447e-01 7.12367296e-02
    5.43885827e-01 9.90176320e-01 -4.68344361e-01 1.86490059e-01
    5.32000542e-01 1.20552170e+00 2.51919210e-01 4.31491792e-01
    8.61026645e-01 -1.72806889e-01 8.84216189e-01 1.36863017e+00
    -2.95662522e-01 6.42053127e-01 -2.61435449e-01 7.09843993e-01
    4.99273896e-01 7.52840042e-01 9.50785398e-01 9.00470614e-01
    5.90170622e-01 -2.93672681e-01 2.27517784e-01 8.38250160e-01
    -6.55401945e-02 1.22100854e+00 -4.39692825e-01 8.48579526e-01
    1.31734788e-01 7.71160841e-01 6.12715721e-01 -1.06667638e-01
    6.17316663e-01 4.17969704e-01 -3.56127858e-01 1.31372201e+00
    4.69375372e-01 1.16478193e+00 -9.18421745e-02 2.98449457e-01
    1.24818313e+00 1.89782917e-01 4.81977224e-01 8.66636395e-01
    -2.18939677e-01 -8.30367208e-03 1.12637568e+00 7.11060345e-01
    1.59050524e-02 1.45262420e-01 2.79455662e-01 -1.80138171e-01
    1.01957238e+00 8.90735984e-02 1.16187942e+00 2.40998268e-02
    6.28240108e-01 1.17525482e+00 1.18550360e+00 5.08190334e-01
    1.69975877e-01 6.97874546e-01 -2.68647969e-01 2.16352701e-01
    8.91183496e-01 -1.29005760e-01 -1.97294056e-02 6.74128413e-01
    3.04185927e-01 9.06922579e-01 -3.39703530e-01 4.45955813e-01
    -2.50530243e-02 1.16510069e+00 2.71416068e-01 2.01379180e-01
    1.28037620e+00 6.34089172e-01 4.15661931e-02 6.93919599e-01
    2.38588095e-01 1.64383292e-01 5.59846282e-01 3.77513289e-01
    1.00888658e+00 1.74874723e-01 -6.95694089e-02 1.28470898e-01
    8.77078652e-01 1.07522607e-02 6.80499673e-01 1.17468083e+00
    -2.13347375e-01 1.14257264e+00 3.91628385e-01 1.22755468e+00
    7.62356400e-01 -2.29307383e-01 8.99208069e-01 1.05746508e+00
    1.17567801e+00 7.49032140e-01 -2.14836866e-01 2.33198464e-01
    -3.62751901e-01 5.60383499e-01 1.14448071e+00 7.76010156e-02
    7.22599626e-01 1.04099214e+00 1.13554239e+00 -1.94826841e-01
    1.25032210e+00 5.87292671e-01 -1.35488957e-01 3.61507058e-01
    4.19178486e-01 -2.78316408e-01 5.21497905e-01 -3.63731265e-01
    1.09807658e+00 9.61541533e-01 -2.88204104e-01 1.10956621e+00
    6.66703224e-01 1.33237243e-03 3.10686469e-01 7.41900563e-01
    5.64120650e-01 -2.42097408e-01 1.02042556e+00 1.74643219e-01
    1.03134871e-01 5.56957245e-01 1.33603108e+00 -2.14214504e-01
    1.01642060e+00 1.08272016e+00 -2.78176665e-02 5.75755239e-01
    2.29699075e-01 4.85108435e-01 8.95915270e-01 -4.60450351e-02
    -1.65284842e-01 1.27944052e+00 -1.46596998e-01 1.25692308e+00
    -1.19371414e-02 1.10119343e+00 8.63804460e-01 1.11458087e+00
    3.68890166e-01 5.58417439e-01 -3.49476397e-01 -6.35382533e-02
    -1.12418830e-03 -2.31752872e-01 8.28888893e-01 1.05297863e+00
    2.34434009e-02 1.12965238e+00 6.93241119e-01 1.19948971e+00
    6.68854892e-01 -2.21405029e-02 -1.43497080e-01 -3.40276957e-02
    8.98586273e-01 -1.32995263e-01 -5.07871062e-02 -1.09306358e-01
    1.10930294e-01 -2.16554880e-01 8.60156417e-02 6.29474878e-01
    1.20489883e+00 7.04969406e-01 4.85211194e-01 7.45087862e-01
    3.45684290e-02 3.18170607e-01 5.26272953e-01 4.95460033e-02
    9.38093424e-01 3.71530771e-01 1.13968325e+00 7.29241729e-01
    1.13608694e+00 1.54863894e-01 1.02863061e+00 -1.82099938e-02
    8.28546941e-01 -9.61070359e-02 5.54953814e-02 8.94900322e-01
    1.07574844e+00 1.05544329e-02 5.93237579e-01 2.31345952e-01
    4.02332723e-01 8.96135688e-01 6.81771994e-01 1.22584331e+00
    -4.77302700e-01 1.31213653e+00 3.82279038e-01 2.02264488e-02
    -3.38341504e-01 7.17690468e-01 6.34997666e-01 1.43001437e-01
    -2.27593765e-01 2.63133049e-02 1.28633916e+00 -4.04243678e-01
    9.42747831e-01 8.37455869e-01 9.45057750e-01 -1.27158463e-01
    3.64764631e-01 4.02422190e-01 1.06086290e+00 1.70057118e-01
    8.17243695e-01 9.02804613e-01 9.07433987e-01 2.02401996e-01
    4.79581833e-01 1.33290863e+00 2.40724504e-01 -4.08186316e-02
    1.14266694e+00 -1.94613487e-01 1.01639652e+00 -6.54640794e-03
    5.24685979e-02 1.19797170e+00 7.15036988e-01 4.98472035e-01
    -2.93107510e-01 1.11771441e+00 1.43092155e+00 -3.74712855e-01
    4.22834158e-01 -8.47454667e-02 1.34276903e+00 -3.92970353e-01
    6.00633085e-01 -1.85503960e-01 2.08051622e-01 -1.53414369e-01
    9.71847415e-01 4.62059915e-01 9.85279083e-01 1.18663788e+00
    1.00357080e+00 1.13940847e+00 1.30158019e+00 7.06327438e-01
    2.84072638e-01 -1.45140290e-01 3.05768728e-01 6.96414888e-01
    3.21585059e-01 1.30274689e+00 3.88587236e-01 -3.40604842e-01
    1.02576125e+00 7.89657712e-01 1.07123244e+00 -2.43969679e-01
    1.00149465e+00 6.93309784e-01 7.63185382e-01 1.41911924e-01
    1.09679258e+00 1.31650209e-01 1.30743480e+00 -3.09973180e-01
    9.69451785e-01 1.04764116e+00 1.10634816e+00 4.82821226e-01
    -8.05946589e-02 9.76219654e-01 1.26307297e+00 8.41258049e-01
    1.38489032e+00 -4.11148161e-01 3.06598246e-01 1.81931674e-01
    9.67918754e-01 9.99134183e-01 1.02072406e+00 5.23591518e-01
    6.27271771e-01 9.23084259e-01 9.73579407e-01 8.07593346e-01
    8.19997668e-01 -1.53267726e-01 5.39539933e-01 1.05993837e-01
    -8.72692168e-02 7.96880126e-01 7.26313531e-01 7.08124638e-01
    1.13740289e+00 1.08070302e+00 -3.34766924e-01 3.36713791e-01
    3.72074068e-01 7.81973004e-01 -7.84556270e-02 9.88380432e-01
    9.57536936e-01 1.16552353e-01 1.08245981e+00 7.40046740e-01
    2.49925077e-01 6.05174005e-01 5.09315073e-01 8.38665009e-01
    7.62820244e-04 6.14093423e-01 9.81582403e-01 9.27864909e-01
    1.03395522e+00 4.54504728e-01 6.63741469e-01 4.21875477e-01
    1.20202541e-01 3.48359346e-02 3.29652607e-01 6.85072660e-01
    4.74650681e-01 9.84910846e-01 1.33659995e+00 2.58469999e-01
    -2.99342334e-01 1.07113099e+00 6.09421134e-01 1.17002869e+00
    6.84089363e-01 -2.13200748e-01 1.00675046e-01 7.81889081e-01
    4.28683460e-01 -1.06916010e-01 6.14225447e-01 4.88537788e-01
    1.11218095e+00 4.96428728e-01 8.53742242e-01 1.35922492e-01
    -2.98859030e-01 9.29346323e-01 9.31660652e-01 1.71550214e-01
    8.66834521e-01 6.19549394e-01 9.61807728e-01 1.02787399e+00
    5.36710262e-01 4.91521299e-01 -2.17359632e-01 1.40762568e+00
    -1.22168362e-01 8.19909394e-01 2.66948581e-01 1.11713409e+00
    1.02845633e+00 -3.95344496e-01 7.42610097e-01 1.14423335e+00
    9.85010743e-01 -4.31560874e-02 1.20158577e+00 -3.22858334e-01
    -1.84133559e-01 6.72687948e-01 2.45114088e-01 6.61896229e-01
    6.23064995e-01 1.15895188e+00 -1.12338930e-01 -5.37600517e-02
    1.16959119e+00 -1.01963669e-01 1.25910640e+00 1.08537614e+00
    1.52821302e-01 1.15276420e+00 8.13217402e-01 1.38223886e-01
    9.44137931e-01 3.01248193e-01 1.18211043e+00 -2.48888135e-02
    1.13454223e+00 9.11738038e-01 -7.39086568e-02 -3.24978292e-01
    5.50070286e-01 4.27818894e-01 1.10578251e+00 3.93731117e-01
    -1.13378435e-01 1.20397365e+00 1.20013487e+00 4.72357929e-01
    7.29653239e-02 -6.81322217e-02 9.64618087e-01 9.37342644e-01
    -8.93099308e-02 -1.14942580e-01 -1.61946028e-01 5.92243969e-01
    5.48308492e-01 1.69399440e-01 1.30599380e+00 6.38967037e-01
    1.23805678e+00 -2.04731911e-01 8.26908052e-01 8.48897159e-01
    7.32711315e-01 -2.74694562e-02 8.93064737e-01 4.75011408e-01
    9.15920496e-01 2.51249075e-01 -2.53166556e-01 7.40234733e-01
    2.37813890e-01 2.61461377e-01 7.09045529e-01 1.09677517e+00
    1.05225348e+00 5.66975832e-01 8.30188394e-01 -3.68262142e-01
    4.82542038e-01 3.77798617e-01 4.24517095e-01 7.19118834e-01
    -9.72343981e-02 2.06826359e-01 -6.67854548e-02 8.54730487e-01
    6.68473601e-01 3.03528666e-01 1.10913908e+00 4.92300510e-01
    7.74914801e-01 8.32493305e-02 1.03411365e+00 5.05100608e-01
    1.26044178e+00 2.54677653e-01 8.72775435e-01 1.02891219e+00
    1.09705544e+00 6.91793680e-01 2.91382611e-01 2.67426431e-01
    6.79182410e-01 4.06924427e-01 1.11467397e+00 7.98388124e-01
    7.83110738e-01 2.66708314e-01 -4.17709351e-02 1.48051095e+00
    2.85118937e-01 3.29421699e-01 2.10248232e-02 -9.93970633e-02
    5.62139094e-01 4.20126319e-01 1.30452394e+00 -7.79223740e-02
    4.84120965e-01 5.69592834e-01 3.74135137e-01 2.61304557e-01
    1.20253778e+00 -2.61614442e-01 1.02001214e+00 8.15098882e-01
    -1.15801513e-01 -3.71448785e-01 7.07326472e-01 -4.45759892e-02
    1.94584787e-01 6.22059822e-01 1.40066803e-01 6.81404769e-02
    5.62866271e-01 1.86785281e-01 9.01966333e-01 8.14468861e-01
    -1.36658907e-01 4.43275571e-01 -1.37553588e-01 1.12177515e+00
    1.57330990e-01 2.68745184e-01 4.90522861e-01 1.20002055e+00
    -2.66222000e-01 7.03535080e-02 -2.37422287e-01 5.88051677e-01
    7.07572103e-01 6.25256479e-01 2.01941311e-01 4.10067439e-01
    1.35596919e+00 1.81471825e-01 1.06153703e+00 4.63355184e-01
    4.88397539e-01 1.61391795e-02 -2.79865831e-01 7.09525704e-01
    3.70260119e-01 4.94303346e-01 1.24779296e+00 4.85169768e-01
    2.13574350e-01 -7.91969895e-03 1.16739750e-01 2.57626414e-01
    4.27198410e-01 9.25132751e-01 -2.71958739e-01 4.89670873e-01
    7.96490371e-01 -2.84120917e-01 -2.21496046e-01 9.80889678e-01
    -7.79023170e-02 1.25931597e+00 8.45520496e-01 1.14882147e+00
    6.58004522e-01 7.38205433e-01 9.15340662e-01 9.32735205e-01
    4.02603090e-01 -2.39255518e-01 6.98631585e-01 5.17320216e-01
    7.56431937e-01 1.42799973e-01 1.37368083e-01 2.31444061e-01
    1.02634168e+00 -1.08564258e-01 2.71838725e-01 5.69338560e-01
    -3.11555803e-01 1.21229851e+00 1.02306604e-02 1.44014287e+00
    -2.24080592e-01 7.64067411e-01 5.11332273e-01 -1.76820546e-01
    4.83814776e-01 -2.91074932e-01 1.16734469e+00 9.97514606e-01
    2.33597696e-01 1.36760211e+00 -8.97716880e-02 1.27721131e+00
    2.48224139e-02 3.11255336e-01 1.31606400e-01 8.54518175e-01
    -2.28386730e-01 8.79454613e-01 9.84179497e-01 -1.63500756e-01
    1.04088354e+00 -1.35457754e-01 1.00583613e+00 1.24447882e+00
    7.45938659e-01 4.60852504e-01 -2.89546460e-01 5.93345702e-01
    4.49833095e-01 3.13865781e-01 4.20973480e-01 3.44178736e-01
    3.08142602e-01 1.25536382e-01 1.22519064e+00 2.64378548e-01
    1.28319275e+00 7.72388101e-01 1.74682081e-01 1.23941720e-01
    4.51670349e-01 2.09417880e-01 6.27051830e-01 -9.33050513e-02
    7.78713346e-01 -1.91702932e-01 2.28009999e-01 1.19691873e+00
    1.10470843e+00 3.44290137e-01 -2.57433832e-01 3.34052205e-01
    8.33925605e-01 3.79907250e-01 -2.94588506e-02 7.80024171e-01
    4.99733090e-01 -3.46009761e-01 1.01910698e+00 7.84360766e-01
    9.93398786e-01 9.78843808e-01 1.15242207e+00 2.35852718e-01
    8.23757529e-01 2.32024431e-01 8.37247133e-01 1.35083842e+00
    3.52443814e-01 1.15141964e+00 1.10589123e+00 5.88549972e-01
    -1.11523688e-01 3.06045949e-01 -2.29308963e-01 1.53976822e+00
    -3.64560843e-01 -1.77467450e-01 -2.95341492e-01 3.23404253e-01
    1.07551205e+00 9.65095878e-01 1.71182454e-01 6.06158912e-01
    3.65441263e-01 9.09955263e-01 -2.37745583e-01 1.39277434e+00
    -5.32841563e-01 1.20903170e+00 4.21123147e-01 7.74545610e-01
    2.07860529e-01 8.69837999e-01 1.18682206e+00 9.56501245e-01
    2.79741228e-01 2.63693690e-01 6.42691135e-01 9.49205637e-01
    7.06663728e-02 1.03824282e+00 4.79516327e-01 -5.90474606e-02
    1.09003150e+00 1.31303966e+00 6.92615747e-01 -1.62214547e-01
    -1.00140557e-01 -1.59075111e-01 -4.00601029e-02 -1.94229886e-01
    6.45382643e-01 5.15595376e-01 2.94425726e-01 -3.73415530e-01
    5.82259178e-01 4.39278841e-01 2.97608793e-01 -1.08284116e-01
    3.21987271e-01 1.50242060e-01 5.55815756e-01 6.84114337e-01
    1.28205216e+00 6.15734398e-01 2.30922043e-01 2.07281113e-03
    -3.83079648e-02 1.05240762e+00 5.62212944e-01 9.74991858e-01
    -2.07931474e-01 4.20677781e-01 3.99541259e-01 4.39456761e-01
    1.08878922e+00 7.06817031e-01 1.36619985e+00 4.99648094e-01
    1.11257374e+00 -1.96257532e-01 5.49293160e-02 8.47850323e-01
    -3.50516230e-01 9.92600441e-01 6.76402211e-01 1.84149086e-01
    -1.44007176e-01 6.69610739e-01 1.19400334e+00 -2.93795109e-01
    8.37515235e-01 -1.30981207e-01 -2.31791735e-01 1.32574344e+00
    1.11337721e+00 9.53226924e-01 1.67382598e-01 -1.83470875e-01
    8.25607061e-01 1.09653890e+00 1.06169844e+00 -2.53900260e-01
    -1.38581514e-01 1.35587776e+00 1.88128114e-01 9.32102919e-01
    3.75701785e-01 1.15925515e+00 5.25383711e-01 -2.78374553e-01
    1.03162432e+00 1.14812434e-01 1.66697264e-01 2.88513243e-01
    1.28878355e-02 4.21180367e-01 5.31088352e-01 1.21612668e+00
    7.41454601e-01 1.11156809e+00 6.15238547e-02 9.56000686e-01
    9.96124268e-01 1.15843260e+00 2.35527754e-03 4.64922786e-01
    4.25255001e-01 2.34103501e-01 1.11034691e-01 5.62773764e-01
    8.02290916e-01 3.01102936e-01 2.84740329e-02 1.14447129e+00
    8.21621656e-01 7.22458422e-01 -1.80216223e-01 2.41657019e-01
    -2.33781189e-01 1.45983028e+00 1.00283515e+00 1.08334792e+00
    9.80409980e-01 8.20042014e-01 2.00117171e-01 1.40743303e+00
    -1.25017345e-01 3.87065172e-01 -1.65557340e-01 3.32562923e-02
    3.92302722e-01 -2.00854123e-01 1.21664953e+00 -4.02238548e-01
    8.47673416e-01 9.64865327e-01 2.63975859e-02 1.18127263e+00
    4.32709634e-01 3.25811982e-01 5.07821918e-01 -9.14863944e-02
    6.85295105e-01 1.11198223e+00 4.02578235e-01 4.12580073e-01
    3.15517485e-02 5.01360834e-01 -1.74348041e-01 7.77602553e-01
    1.22980893e+00 -2.94624329e-01 1.04774725e+00 5.83032846e-01
    6.78910613e-02 4.14679050e-01 4.18258846e-01 2.29689896e-01
    1.10551739e+00 1.21864069e+00 9.00420547e-03 -2.84292489e-01
    1.00613689e+00 3.24844420e-01 8.35141361e-01 2.66968846e-01
    7.17911124e-02 1.40714347e+00 6.24512553e-01 1.17708898e+00
    -1.71757042e-01 -7.54028559e-03 1.02574944e+00 -3.61520290e-01
    6.32658243e-01 9.31516886e-01 3.49490464e-01 -2.63625383e-03
    1.30461109e+00 6.04170501e-01 1.05768752e+00 3.57185066e-01
    -3.74504715e-01 7.51721919e-01 9.67148542e-02 1.14426851e+00
    4.58129585e-01 -3.28049064e-01 1.26115942e+00 -1.45948946e-01
    1.21119988e+00 -1.71528101e-01 1.14703500e+00 -1.96659595e-01
    1.23114645e+00 5.24209976e-01 6.80891871e-01 2.72136807e-01
    -2.61855692e-01 1.30978298e+00 9.51116681e-01 8.54271054e-02
    -1.23418435e-01 1.12075961e+00 1.90710187e-01 -1.30479932e-02
    6.31994784e-01 5.34895003e-01 8.21110845e-01 -2.24173516e-01
    1.05250359e-01 5.04406929e-01 1.21781433e+00 1.12344575e+00
    5.29421449e-01 3.99690509e-01 8.34110975e-01 4.59259987e-01
    -6.57792687e-02 9.25519943e-01 2.77636647e-01 4.97053802e-01
    1.32808983e-01 -1.63343549e-03 -4.53382581e-02 -9.81403738e-02
    -6.78903162e-02 -1.16327174e-01 3.10962141e-01 5.08825183e-01
    -7.42848516e-02 2.09933281e-01 1.23784459e+00 5.67696691e-01
    2.83084512e-02 -1.99435651e-01 4.49399292e-01 -1.15200371e-01
    5.18404245e-01 8.90520573e-01 9.84530091e-01 -3.97980988e-01
    2.72007346e-01 1.17349744e+00 1.00998688e+00 -2.55800933e-01
    1.11764956e+00 6.08122647e-01 4.51751351e-02 2.65525281e-01
    1.00138187e+00 9.29725051e-01 8.71944487e-01 5.41360795e-01
    -2.38099039e-01 7.96079099e-01 -2.45142519e-01 -6.32025599e-02
    3.96624565e-01 4.57341492e-01 8.09791088e-01 5.53714752e-01
    1.03244436e+00 -2.80059993e-01 5.36171615e-01 4.81121242e-01
    2.43726313e-01 1.04646969e+00 -3.68938237e-01 1.02669311e+00
    9.77658868e-01 4.88272071e-01 9.30460095e-02 1.03228092e-01
    7.21094012e-02 1.22546387e+00 4.23731804e-02 1.18805993e+00
    1.14287674e-01 -1.62644267e-01 4.12618399e-01 1.22237837e+00
    4.35214639e-01 1.13398373e+00 1.24712551e+00 -7.31231570e-02
    9.98370886e-01 2.47157931e-01 7.84085512e-01 8.64286900e-01
    7.61946559e-01 1.21492779e+00 1.18551791e-01 7.40974903e-01
    4.31113124e-01 1.11775219e-01 1.27398670e-02 -1.72508627e-01
    1.16679609e+00 2.29749680e-02 1.80764556e-01 1.01010239e+00
    1.22848344e+00 -9.17517543e-02 1.07561827e+00 9.40448046e-02
    3.11510891e-01 4.54741418e-01 8.45825911e-01 8.33501577e-01
    -1.62406623e-01 1.01271915e+00 1.78378642e-01 -2.59624660e-01
    2.80625463e-01 1.12792087e+00 7.25580454e-01 -2.02799201e-01
    1.01933539e+00 6.62325859e-01 -3.25840652e-01 1.12283564e+00
    1.83053970e-01 1.08393550e+00 -3.74534726e-01 1.47641695e+00
    -2.24407554e-01 1.42500842e+00 8.33014250e-02 -2.73969471e-01
    1.36647201e+00 -5.55619001e-02 6.13805950e-01 1.40369177e-01
    4.51476932e-01 4.10278857e-01 5.31891108e-01 -5.02295941e-02
    4.99641061e-01 1.21665001e-02 8.83639097e-01 7.30334044e-01
    1.25564539e+00 -2.37869322e-01 1.32389092e+00 -3.09503138e-01
    1.05263698e+00 5.67031324e-01 3.05273592e-01 1.97753191e-01
    1.29577124e+00 -1.85258985e-02 1.34596848e+00 -3.80888879e-01
    9.54372883e-01 2.17837095e-03 6.55579805e-01 1.13610768e+00
    6.57697558e-01 -2.04345703e-01 9.05847669e-01 3.83215964e-01
    1.84568584e-01 5.69601059e-02 4.62948680e-02 1.06353068e+00
    2.03707755e-01 -1.77127093e-01 8.28336895e-01 -1.99261844e-01
    1.52052343e-02 -2.34492511e-01 7.42450595e-01 1.74234390e-01
    3.40781242e-01 -2.01297849e-01 1.98352337e-01 4.77085114e-01
    1.13091767e-01 2.84787059e-01 -2.78310180e-02 8.74904394e-02
    7.65038252e-01 5.25495887e-01 5.81722498e-01 3.48568439e-01
    -1.76510885e-01 5.19200027e-01 -3.41568559e-01 8.44627976e-01
    8.74757290e-01 3.73996496e-02 1.11835849e+00 -2.39166498e-01
    4.04293597e-01 3.05996716e-01 6.70778155e-01 9.63355780e-01
    5.61177313e-01 6.45452023e-01 9.59210992e-02 1.91493094e-01
    2.17644215e-01 9.62093949e-01 -3.04162502e-02 1.86443746e-01
    4.97226119e-02 1.26180625e+00 1.15854967e+00 1.14040971e-01
    1.67860031e-01 -1.75621301e-01 2.24624991e-01 7.68779755e-01
    9.59200144e-01 1.41360819e-01 2.99355268e-01 3.04678619e-01
    3.54813218e-01 2.86561608e-01 4.52188492e-01 -6.03799224e-02
    9.95684981e-01 -3.83549929e-03 6.19984031e-01 9.81262445e-01
    2.18463242e-01 3.95426929e-01 1.22535217e+00 4.88603175e-01
    -5.93281090e-02 2.26533413e-02 1.44485414e+00 4.65512276e-01
    1.15699911e+00 -6.32332265e-02 1.52070582e-01 1.69245005e-02
    1.42693067e+00 -5.07495403e-01 1.45681190e+00 9.81682539e-03
    -1.79696962e-01 6.41382098e-01 9.27952766e-01 1.78816557e-01
    9.38566327e-01 6.69953108e-01 1.15043032e+00 1.14302289e+00
    2.52199531e-01 1.24805975e+00 1.09790480e+00 2.21029758e-01
    2.08039820e-01 6.17063224e-01 -1.14050180e-01 3.17509979e-01
    -3.00061166e-01 5.58175623e-01 -9.70476866e-03 4.65493619e-01
    -1.19163394e-02 8.12164426e-01 -2.01429725e-02 1.24727380e+00
    -6.96198344e-02 1.30733609e+00 -1.07864678e-01 1.09166074e+00
    9.29510236e-01 4.25729811e-01 -2.13674769e-01 -2.04180464e-01
    1.18012249e+00 4.24755573e-01 1.36012375e+00 1.32643759e-01
    8.58494639e-02 1.48493218e+00 -1.67074114e-01 1.15545571e+00
    8.41264606e-01 -2.52375424e-01 7.96171665e-01 1.01920366e+00
    6.78327322e-01 8.09744716e-01 -1.09114766e-01 1.37089014e+00
    6.30523562e-02 1.30644703e+00 1.03086388e+00 2.91189551e-01
    3.96236300e-01 -2.74199963e-01 3.92217517e-01 6.52216792e-01
    1.35881066e-01 7.63580322e-01 1.07587719e+00 7.38960266e-01
    -8.60817432e-02 -1.50510177e-01 -5.75476587e-02 1.45935297e+00
    -4.24909741e-01 1.21760559e+00 -3.87018472e-01 1.18610978e+00
    1.06980383e+00 1.99095190e-01 1.31686628e-01 1.26842701e+00
    3.50006521e-01 4.21645403e-01 1.11268961e+00 -1.06781125e-01
    1.07053483e+00 -3.06102097e-01 8.21552634e-01 5.23204923e-01
    1.95637047e-01 -3.86159867e-01 1.37150776e+00 4.16914105e-01
    7.49630690e-01 4.86507416e-01 1.08030820e+00 -1.41857803e-01
    1.33876276e+00 -3.64546180e-01 7.20092654e-01 6.97952509e-01
    1.06857967e+00 1.31062496e+00 -2.75327861e-01 -3.58271986e-01
    1.25523901e+00 4.77414012e-01 4.59612846e-01 1.12007654e+00
    1.01887763e+00 9.71716642e-01 1.03798521e+00 4.93950605e-01
    8.50063562e-02 2.43664026e-01 2.76056230e-01 1.25854170e+00
    2.55846560e-01 -6.53737187e-02 -1.19078457e-02 8.84614706e-01
    5.46475172e-01 7.15001702e-01 1.18777871e+00 9.70970392e-01
    6.08939767e-01 -1.07664376e-01 -3.75171304e-02 4.18502212e-01
    -2.19795927e-01 4.51629758e-01 3.44097078e-01 1.02577472e+00
    9.81143355e-01 4.61909175e-01 5.08658767e-01 1.25708938e+00
    -1.58895820e-01 1.26310790e+00 6.04318857e-01 1.93737566e-01
    9.17439103e-01 2.10779428e-01 7.15049386e-01 1.97184741e-01
    1.12092566e+00 1.53348446e-02 8.66294444e-01 2.37791657e-01
    7.56849170e-01 7.86638856e-01 2.36263752e-01 1.00533640e+00
    -2.87782639e-01 1.41437352e+00 -3.31174552e-01 1.11838698e+00
    6.30593777e-01 9.21661139e-01 1.04761988e-01 5.94148934e-02
    7.53018916e-01 6.55022860e-01 9.12638426e-01 8.23156953e-01
    3.64738107e-01 7.87283540e-01 4.25129414e-01 6.27611876e-01
    1.05834568e+00 -3.14610481e-01 1.37242413e+00 -2.55786210e-01
    2.74673522e-01 1.22669280e+00 8.06135297e-01 4.29279089e-01
    3.23935807e-01 6.99407339e-01 1.04527473e+00 2.08420992e-01
    1.22470987e+00 1.17209113e+00 1.21334004e+00 -1.22821450e-01
    1.06675589e+00 1.58514678e-01 1.28986824e+00 3.79951239e-01
    4.34790194e-01 8.53161931e-01 1.13549256e+00 1.36426699e+00
    -2.94762850e-02 5.71115792e-01 1.09789467e+00 -2.96612978e-02
    4.07450616e-01 3.84477258e-01 1.26279235e+00 9.44803953e-01
    3.84535491e-01 1.07525837e+00 1.10957611e+00 1.61052734e-01
    -5.59578836e-02 4.28171515e-01 3.56412888e-01 1.27269149e+00
    7.19332457e-01 7.22602129e-01 1.63604796e-01 8.43764663e-01
    1.03751469e+00 -1.71619862e-01 1.23149681e+00 1.28752196e+00
    1.07490599e-01 1.20655203e+00 5.78521132e-01 5.18065333e-01
    -1.38692230e-01 8.07935953e-01 4.61129546e-01 -4.30930257e-02
    6.77542090e-02 1.19845080e+00 1.35886645e+00 -2.60289043e-01
    1.26476276e+00 5.25457382e-01 -2.56553590e-01 1.04232264e+00
    1.14262152e+00 1.26934218e+00 1.07178450e+00 1.23823583e+00
    1.58180594e-02 2.16489643e-01 -1.45741999e-02 1.30221975e+00
    1.21417284e-01 8.94458890e-01 6.04230165e-01 6.41293645e-01
    2.26538479e-01 1.06566429e+00 1.08857441e+00 5.19575059e-01
    1.85958683e-01 -2.33856410e-01 3.32320273e-01 -2.01116204e-02
    -1.19732618e-02 7.31665850e-01 -7.71306455e-02 4.78753150e-02
    -1.95468634e-01 -1.96497142e-02 7.50171006e-01 -1.84842244e-01
    8.97588253e-01 1.31896055e+00 -1.03821695e-01 5.94214320e-01
    3.82306218e-01 -1.15471274e-01 -1.69369578e-02 1.24730611e+00
    1.03449595e+00 6.64387703e-01 2.24569559e-01 -6.23767972e-02
    1.12317276e+00 1.22640014e-01 4.35626507e-01 4.51186180e-01
    5.80090880e-01 4.93663967e-01 2.73504853e-01 -2.38298088e-01
    1.48981011e+00 9.87913847e-01 -4.66779172e-02 5.48554718e-01
    1.30279171e+00 1.83128834e-01 1.26643384e+00 3.14993143e-01
    1.17635691e+00 -4.24106240e-01 1.34972954e+00 -3.55222970e-01
    5.82431972e-01 -7.79258013e-02 -4.15231586e-02 1.25081289e+00
    8.21247101e-01 -1.53204471e-01 3.46246541e-01 7.48192787e-01
    5.13920784e-01 3.26298535e-01 4.22621906e-01 -9.24824476e-02
    9.50981379e-01 1.17902958e+00 2.88612247e-02 8.80987287e-01
    1.17310154e+00 9.54186559e-01 6.02287591e-01 2.62096941e-01
    -3.38737011e-01 1.20010519e+00 6.29334927e-01 1.15124011e+00
    -2.24744350e-01 7.94443846e-01 1.28553510e+00 1.03129685e-01
    1.14902353e+00 -6.10551834e-02 1.04508233e+00 7.99370766e-01
    8.22734714e-01 4.27484155e-01 1.37320352e+00 -2.30842665e-01
    -3.18123400e-02 5.89332819e-01 1.07198691e+00 2.87640810e-01
    1.11943161e+00 5.72863758e-01 2.96136320e-01 3.07376325e-01
    8.86788845e-01 -3.77628475e-01 8.38640571e-01 1.18739486e+00
    1.02582133e+00 3.33159983e-01 6.80261254e-02 1.31121659e+00
    2.76102901e-01 5.53201616e-01 1.05931497e+00 1.13748431e-01
    -3.08726013e-01 8.71570230e-01 8.14878702e-01 8.01284671e-01
    6.36974812e-01 1.12747431e+00 9.64467764e-01 3.47951174e-01
    1.03239548e+00 1.12583995e+00 8.88130546e-01 2.64659047e-01
    1.67553425e-01 2.66320467e-01 9.14660096e-01 1.09487295e-01
    7.65370965e-01 -2.66484559e-01 8.98012996e-01 9.31350827e-01
    5.91584861e-01 7.84247279e-01 -1.24127984e-01 4.40582395e-01
    2.60500908e-01 1.08271456e+00 9.84690905e-01 1.19326925e+00
    1.20951462e+00 1.22540450e+00 -5.21690845e-02 1.08213806e+00
    1.12898099e+00 1.53057456e-01 1.41064191e+00 7.02895284e-01
    1.03474128e+00 5.84881306e-02 9.73266006e-01 -1.32175684e-02
    1.08578682e-01 5.06774068e-01 6.25401735e-01 -1.14149749e-01
    1.00747156e+00 1.50344610e-01 1.11283326e+00 -1.17149323e-01
    2.90656567e-01 1.08760107e+00 1.17721546e+00 5.25520086e-01
    -4.15718168e-01 1.00806272e+00 5.18856287e-01 5.92576802e-01
    4.63020623e-01 1.23020589e-01 4.16659236e-01 1.25014794e+00
    8.77489686e-01 1.51776612e-01 2.44949758e-02 4.43560004e-01
    8.34985495e-01 -1.44425601e-01 -3.43764126e-02 -1.28372416e-01
    7.09689140e-01 6.51425242e-01 -8.11665952e-02 1.79471195e-01
    1.43892348e+00 -3.11322212e-02 1.13131380e+00 1.02800202e+00
    -8.86130333e-02 9.03698683e-01 7.91159153e-01 -1.40454113e-01
    1.16403544e+00 1.02644777e+00 2.30374038e-01 6.22123837e-01
    3.72176051e-01 4.22426879e-01 8.79354358e-01 4.47382748e-01
    1.13303244e-01 7.13005304e-01 4.11408544e-01 4.82458413e-01
    2.34437644e-01 1.03020191e+00 9.83987212e-01 1.02497661e+00
    6.07656538e-01 3.67438793e-03 6.30329847e-01 2.39570737e-02
    -1.23572037e-01 1.15012872e+00 -1.64650917e-01 7.37107098e-01
    3.39895844e-01 1.19371259e+00 6.94450259e-01 -1.71859980e-01
    5.39007843e-01 1.05301070e+00 9.07572269e-01 -3.81388456e-01
    9.38688040e-01 8.07751298e-01 1.25500739e+00 1.18239760e+00
    -3.68957609e-01 1.17467594e+00 1.80090606e-01 1.17853570e+00
    2.27575004e-01 5.83276868e-01 -7.38668740e-02 -1.09804571e-01
    -2.45464176e-01 6.92565501e-01 -7.47519732e-02 1.14889574e+00
    5.10967135e-01 1.19358325e+00 3.20832789e-01 4.13129210e-01
    2.57975399e-01 1.99652433e-01 2.02599466e-01 1.10271955e+00
    -1.33823544e-01 3.41594219e-01 1.27571774e+00 1.15778482e+00
    6.09231591e-01 -3.31520528e-01 -1.09180719e-01 -1.46213770e-02
    -2.34937966e-02 4.71973479e-01 -3.83463502e-02 4.19436216e-01
    -1.39947519e-01 2.46068835e-02 6.17931962e-01 1.23487544e+00
    1.28339756e+00 -2.68345714e-01 4.09750581e-01 -3.48715782e-01
    1.10887516e+00 5.05945981e-01 9.57247019e-02 -1.92472979e-01
    1.21290159e+00 3.11950445e-01 6.32944643e-01 -2.08250940e-01
    6.68236315e-01 1.22129893e+00 7.78558254e-01 1.66353732e-01
    -2.38610864e-01 8.86812806e-01 6.92913413e-01 3.43233466e-01
    3.09876204e-02 1.34730399e+00 3.34574342e-01 5.68324327e-01
    9.17376041e-01 5.74633718e-01 3.45389187e-01 1.11317599e+00
    4.86701488e-01 5.13197899e-01 2.72691488e-01 1.27437007e+00
    -2.78035104e-01 3.74991834e-01 1.30312812e+00 -1.81312382e-01
    -2.37051085e-01 2.16322899e-01 4.41633880e-01 1.26244092e+00
    -3.14091206e-01 -2.23477006e-01 1.18940103e+00 8.06094170e-01
    4.82148886e-01 3.45189273e-01 6.73213601e-01 1.59516931e-02
    -1.23997241e-01 1.00921226e+00 -6.91373348e-02 5.36415875e-01
    -3.14644873e-01 1.13826585e+00 5.47496915e-01 4.90413666e-01
    5.64737320e-01 1.02376556e+00 8.31478119e-01 8.56028199e-01
    9.50608969e-01 -2.74736494e-01 2.26033926e-01 1.17149460e+00
    -5.02443552e-01 8.73355448e-01 -1.16889775e-01 -1.30604655e-01
    5.72953701e-01 1.10622919e+00 -1.88182861e-01 1.82889640e-01
    5.58340549e-01 1.10591424e+00 -3.28898072e-01 8.77554536e-01
    1.93104446e-01 4.97699201e-01 5.13849258e-01 2.88666487e-01
    8.41438532e-01 2.11130977e-01 -3.44602108e-01 2.46692002e-01
    2.58739412e-01 5.94851792e-01 -3.30170393e-02 1.25913751e+00
    1.37300491e-02 3.73200595e-01 5.24908125e-01 3.56770813e-01
    1.03561914e+00 4.13289189e-01 7.64381170e-01 -3.44512850e-01
    1.33534074e+00 5.76990485e-01 1.31286681e-01 7.70284176e-01
    5.41682482e-01 -2.91648030e-01 7.06202745e-01 3.35564196e-01
    7.50328124e-01 1.05873942e-02 4.04036820e-01 4.77863550e-01
    7.09601760e-01 5.16074061e-01 -1.55778974e-01 -2.33522683e-01
    2.13192225e-01 1.94588840e-01 8.93680930e-01 5.60918927e-01
    1.06351912e+00 1.08230460e+00 -3.97435606e-01 6.59723759e-01
    1.09320927e+00 -3.98189247e-01 1.13008463e+00 -2.34696776e-01
    -1.20656341e-01 5.37712693e-01 1.06262660e+00 1.28503442e-02
    1.87214345e-01 -2.59910583e-01 -1.19459957e-01 2.15210319e-01
    -3.32905769e-01 -1.56173944e-01 1.06473875e+00 7.06219912e-01
    3.76876473e-01 2.88109839e-01 1.55882061e-01 -4.23257351e-02
    9.76655185e-02 5.23753524e-01 -2.47718096e-02 1.37762845e+00
    -1.14285141e-01 1.05397999e-01 1.30834556e+00 3.53488803e-01
    -6.21026456e-02 -2.50176907e-01 9.29754972e-03 9.70942616e-01
    1.24167609e+00 3.96977067e-02 8.43550324e-01 1.06690729e+00
    1.04539704e+00 8.94548893e-02 8.74820948e-02 1.95256650e-01
    1.60320550e-01 1.54734343e-01 -2.35509381e-01 7.54650116e-01
    6.22516870e-01 1.13940203e+00 4.68796849e-01 3.96769643e-02
    9.03821588e-02 1.03348446e+00 1.25868213e+00 1.04758286e+00
    -2.69783139e-01 -3.17127526e-01 6.90695703e-01 3.97000849e-01
    7.12845922e-02 -2.04534873e-01 5.93412936e-01 2.76473701e-01
    8.97740364e-01 1.60813332e-04 -1.90690622e-01 3.99766862e-02
    -1.65114850e-01 1.23934627e-01 8.23669076e-01 1.23502278e+00
    7.42652178e-01 -1.48873031e-02 1.73265517e-01 -9.83425975e-02
    9.46256995e-01 1.13810205e+00 -3.76407504e-01 7.50587523e-01
    5.22366166e-01 1.00542963e+00 3.69666457e-01 3.77717018e-01
    -8.75926912e-02 1.25034153e+00 1.11170197e+00 3.74067426e-01
    1.07147717e+00 8.37316036e-01 7.88004398e-01 1.09030926e+00
    3.90822172e-01 -2.42799133e-01 7.08002567e-01 8.72626483e-01
    1.38296306e-01 -2.62933195e-01 1.04651427e+00 6.61585867e-01
    6.78129017e-01 2.16891170e-01 1.77018166e-01 9.72198248e-02
    6.32768214e-01 1.12321627e+00 6.13648295e-01 -2.99267352e-01
    5.21971762e-01 7.06771851e-01 -3.01562190e-01 1.31356037e+00
    1.12094760e-01 7.18608379e-01 3.02969098e-01 -2.27567047e-01
    8.93220305e-01 5.80108285e-01 1.20863593e+00 -1.60127312e-01
    8.97970796e-01 1.03998828e+00 1.72162056e-03 3.42379332e-01
    3.18068862e-02 3.62809956e-01 1.27733946e-02 -2.62741476e-01
    1.58076227e-01 1.24639857e+00 5.38908243e-02 3.98638904e-01
    9.89968657e-01 1.42551303e-01 -2.40332186e-02 1.15307570e+00
    -1.43304855e-01 1.23943317e+00 1.85366511e-01 1.34610236e-01
    3.12876463e-01 8.70127082e-02 1.91879511e-01 7.77984023e-01
    4.49215293e-01 1.29427880e-01 -2.57766038e-01 9.69788492e-01
    1.38448346e+00 -4.79701161e-02 -6.92403018e-02 9.22689974e-01
    -2.17202276e-01 1.21149886e+00 4.69325721e-01 2.17111826e-01
    7.72853196e-01 5.23672700e-01 9.83731270e-01 -7.78737664e-02
    1.44014680e+00 3.88363361e-01 8.19062829e-01 1.18568122e+00
    -5.36740422e-02 1.47370863e+00 -4.04496551e-01 7.23455429e-01
    1.17725635e+00 6.55758977e-01 3.76927257e-02 5.68054378e-01
    2.27066219e-01 1.31219566e+00 -8.77040625e-02 8.25024784e-01
    7.98325062e-01 6.68319821e-01 1.23538327e+00 3.19274485e-01
    5.67140579e-02 3.72693300e-01 -1.02266729e-01 7.73387909e-01
    -1.13683403e-01 1.33149564e-01 1.16956282e+00 6.52824879e-01
    1.32895267e+00 1.21857166e-01 -1.44333869e-01 7.61105061e-01
    1.07255340e+00 1.05305076e+00 8.63157749e-01 7.89965272e-01
    9.04790878e-01 1.92617297e-01 9.83478189e-01 5.80483079e-01
    4.02476072e-01 6.64522171e-01 7.70943582e-01 1.84979379e-01
    1.20733726e+00 9.63719487e-02 8.63472283e-01 -3.12279463e-02
    1.07892764e+00 -8.84957910e-02 1.25018954e+00 9.71443534e-01
    1.24831617e-01 -2.31288493e-01 1.17164433e+00 8.92835855e-01
    -3.78896534e-01 1.31766653e+00 5.79323649e-01 1.21172833e+00
    -4.14004415e-01 1.12458527e+00 1.12947130e+00 1.30055571e+00
    4.67121780e-01 -5.41712344e-02 2.62026668e-01 1.06999910e+00
    1.18780541e+00 6.93940043e-01 7.76657224e-01 2.50813067e-01
    1.26820838e+00 1.62020981e-01 5.28317034e-01 2.88249910e-01
    -2.82978952e-01 4.24269617e-01 5.49219251e-01 3.73284221e-02
    7.81392217e-01 6.95883155e-01 7.37191677e-01 9.98707652e-01
    -2.29611695e-02 2.73235083e-01 4.37211275e-01 3.67891729e-01
    7.94080019e-01 3.42610538e-01 5.17684698e-01 1.35859776e+00
    6.24585152e-03 1.15439355e-01 1.29004860e+00 -2.83945709e-01
    8.31925631e-01 3.63858938e-02 1.01221657e+00 4.66013372e-01
    8.58560085e-01 9.27012324e-01 6.19460106e-01 6.98312402e-01
    1.11484611e+00 5.92133522e-01 3.52951825e-01 9.24355865e-01
    3.53816926e-01 1.32418430e+00 1.00930226e+00 2.11862564e-01
    1.40924275e+00 4.94908452e-01 2.67697930e-01 1.06943452e+00
    1.04472184e+00 3.68865728e-01 6.32098734e-01 8.34938407e-01
    -1.20314538e-01 2.88794875e-01 4.64251101e-01 -5.02444506e-02
    1.16530323e+00 8.29705238e-01 -1.16320878e-01 4.32473540e-01
    -5.82122803e-03 1.22439492e+00 1.10189152e+00 1.15904713e+00
    1.29235935e+00 -1.65858448e-01 1.11384094e-01 8.85923386e-01
    8.28305483e-01 2.09761679e-01 1.03849864e+00 1.09156609e-01
    9.93675590e-02 3.40558827e-01 7.45104194e-01 6.55532360e-01
    3.04527044e-01 5.61533570e-01 2.16546834e-01 1.17657340e+00
    8.77700329e-01 2.97673821e-01 1.11942613e+00 -2.71484822e-01
    1.03631592e+00 1.43120694e+00 1.20420992e-01 7.15561152e-01
    1.09304965e-01 6.80815756e-01 8.51693153e-01 4.23988581e-01
    8.64749074e-01 1.19692683e+00 1.27828228e+00 3.28544855e-01
    5.83162606e-01 1.25203526e+00 -3.30929607e-01 7.44988084e-01
    4.08471346e-01 2.96328187e-01 1.07567430e+00 3.49720955e-01
    5.76723099e-01 9.47166562e-01 6.24861598e-01 4.55726504e-01
    1.23739803e+00 4.37895536e-01 1.09559739e+00 -2.55187333e-01
    -3.31112146e-02 4.37614083e-01 1.22299576e+00 8.98727059e-01
    -9.68829691e-02 -4.74417806e-02 1.32551491e+00 2.20305860e-01
    4.56293046e-01 7.23772407e-01 4.60460305e-01 2.94859290e-01
    -1.93895340e-01 6.24007225e-01 4.43529367e-01 8.49407911e-03
    5.05184650e-01 -3.11028957e-02 1.12823570e+00 -2.22428441e-02
    -2.27606356e-01 -2.93831050e-01 1.07608402e+00 7.36548066e-01
    1.03092217e+00 8.37068319e-01 3.69252563e-02 9.92462516e-01
    -1.32507145e-01 8.25910270e-01 1.17608702e+00 -2.72850096e-01
    1.16232717e+00 6.06723070e-01 7.79156327e-01 9.36501145e-01
    2.05168247e-01 2.52795219e-01 3.19838464e-01 9.35098410e-01
    8.92834067e-01 1.05545831e+00 3.13667655e-01 6.62661672e-01
    6.71438038e-01 8.66513491e-01 1.24241662e+00 5.77930093e-01
    -1.39188439e-01 -1.59114942e-01 -8.40580016e-02 4.27754521e-02
    1.35901511e+00 -2.72052646e-01 -9.54393744e-02 6.82504117e-01
    2.96129763e-01 1.30817091e+00 9.67019796e-03 1.47087991e-01
    1.22937119e+00 2.29448736e-01 8.08895767e-01 -1.58772588e-01
    -1.75416127e-01 4.13431287e-01 9.15420890e-01 7.23441839e-01
    9.31854010e-01 5.99925756e-01 4.68979061e-01 9.46835160e-01
    -9.88729596e-02 1.13185346e+00 4.58031297e-02 9.70609128e-01
    -2.88400084e-01 1.18478477e+00 7.96238184e-02 -3.29823434e-01
    -9.55481082e-02 -2.91845202e-02 4.71684098e-01 1.10825217e+00
    1.24321342e-01 9.19568181e-01 -1.90102458e-02 4.08357441e-01
    1.81693137e-01 8.81200790e-01 4.79740739e-01 -3.04323733e-01
    6.73281431e-01 6.78466678e-01 -6.36411905e-02 5.66171944e-01
    -8.40603113e-02 6.79588616e-01 1.02013564e+00 6.02935195e-01
    3.06409955e-01 1.09795308e+00 1.07190967e-01 5.92721105e-01
    2.62573361e-02 1.10350192e+00 -2.35494971e-02 3.51900756e-01
    -1.01928711e-01 9.90770936e-01 7.60213256e-01 7.18763590e-01
    4.57062840e-01 1.12553334e+00 -2.05963403e-01 6.32587671e-02
    2.97034383e-01 3.88031006e-02 4.38240349e-01 4.27042067e-01
    -1.59117758e-01 5.25887191e-01 7.39291549e-01 2.92349398e-01
    -9.40095782e-02 2.01598525e-01 1.13805997e+00 2.37487972e-01
    6.59980595e-01 1.08115971e-01 9.11597729e-01 -2.66650230e-01
    2.66156316e-01 1.11161065e+00 5.59101701e-01 8.30285549e-01
    1.16293001e+00 2.54736543e-01 -1.28718197e-01 8.55998397e-01
    -4.06708717e-02 4.22380686e-01 7.63356686e-04 4.49651480e-02
    5.07892251e-01 -1.80510759e-01 6.17025256e-01 1.13986492e+00
    1.15516543e-01 -2.40893960e-02 1.29613876e-02 1.04849255e+00
    6.46985054e-01 1.07713270e+00 5.79074025e-01 1.24529541e+00
    -1.51106536e-01 1.08038688e+00 -3.19678754e-01 -1.68270007e-01
    4.25496757e-01 -1.43250346e-01 -1.53386861e-01 4.30645049e-01
    4.39115286e-01 1.08745921e+00 1.16316807e+00 6.15831017e-01
    1.07338488e+00 1.14934444e-02 7.74735570e-01 -1.75517231e-01
    1.42415762e-01 2.40361631e-01 -1.00418061e-01 4.53848243e-02
    9.19323802e-01 1.15948343e+00 -4.69475806e-01 1.18693256e+00
    7.97031879e-01 1.05285823e-01 4.74380791e-01 2.79096365e-02
    7.55135894e-01 4.51785326e-01 3.88387501e-01 1.29907560e+00
    -3.36102515e-01 1.02385247e+00 8.68249059e-01 6.48265839e-01
    3.70736599e-01 9.62324262e-01 3.34788024e-01 1.06022513e+00
    1.10166478e+00 1.09734547e+00 -1.03468150e-01 8.47604632e-01
    1.02059364e+00 1.18373990e+00 1.33918345e-01 1.43451273e+00
    -2.23074883e-01 1.29774892e+00 -4.49257553e-01 1.08688235e-01
    -1.00631535e-01 8.89412642e-01 6.89758062e-01 2.74598718e-01
    7.05361962e-01 -8.26035142e-02 8.66655946e-01 9.40317988e-01
    7.55194068e-01 -1.28949195e-01 -1.60064936e-01 1.21239042e+00
    1.57960832e-01 1.55512750e-01 2.80278087e-01 8.34186196e-01
    -7.73441195e-02 1.08583653e+00 8.98922324e-01 -4.70191240e-03
    8.39553893e-01 -6.62710965e-02 2.56291866e-01 9.94500756e-01
    2.52025545e-01 2.45065391e-01 9.70081091e-01 5.48029006e-01
    -4.00063038e-01 5.52642703e-01 6.57879949e-01 1.02157176e+00
    -3.21772665e-01 2.28998482e-01 1.31412411e+00 9.52485442e-01
    1.00875843e+00 -3.74266177e-01 5.71754098e-01 6.61109209e-01
    1.11518574e+00 2.34703720e-01 7.65494943e-01 7.11420536e-01
    -3.08443427e-01 8.45173597e-01 7.34101176e-01 1.11052215e+00
    7.83258677e-01 -3.76358122e-01 4.87362444e-01 7.55867362e-01
    1.13184094e+00 1.15584147e+00 -3.70102108e-01 7.22385526e-01
    3.82551193e-01 1.08300281e+00 -2.83241153e-01 7.31240213e-02
    4.29076970e-01 1.13389122e+00 3.56249392e-01 9.52221155e-02
    7.51238108e-01 7.72589803e-01 1.05038500e+00 1.30287886e-01
    1.05579627e+00 2.33931482e-01 3.82831454e-01 3.80713820e-01
    9.70190525e-01 -6.10782504e-02 1.26371980e+00 1.30768597e-01
    3.88413310e-01 -2.22841829e-01 5.59410453e-01 4.73559380e-01
    -2.92376369e-01 1.84896171e-01 1.18525350e+00 -1.38173640e-01
    1.03743815e+00 2.04382300e-01 -2.54601002e-01 1.05975568e-01
    -4.35650945e-02 4.79500532e-01 6.60306811e-01 -1.95389301e-01
    4.22302425e-01 -1.42140985e-01 8.50510955e-01 1.66776478e-01
    -1.73296213e-01 7.15635478e-01 9.93305445e-01 6.61412001e-01
    9.14305925e-01 9.74094391e-01 8.46166492e-01 1.31220686e+00
    -2.36942172e-02 1.17888570e+00 2.08065212e-01 -7.36010075e-03
    -2.72817075e-01 3.70016217e-01 2.53091991e-01 3.27997088e-01
    -4.90253270e-02 1.15077758e+00 4.32541728e-01 7.48464584e-01
    6.17525578e-01 5.85073829e-01 -1.02341056e-01 4.42331851e-01
    2.42552042e-01 6.37360215e-02 4.52895463e-01 8.81574750e-02
    7.76918113e-01 5.54179072e-01 3.77213120e-01 1.49364698e+00
    -1.66167185e-01 7.97253609e-01 6.25484109e-01 7.08577871e-01
    4.71039772e-01 3.10288489e-01 3.03560674e-01 1.02771509e+00
    -2.11436272e-01 1.00672531e+00 7.20957518e-01 9.94205236e-01
    -2.89405286e-01 1.25768852e+00 3.01562905e-01 2.60175824e-01
    1.33702683e+00 5.64523816e-01 4.48036253e-01 -3.85013044e-01
    4.13458943e-01 -2.28922814e-01 -2.28209496e-02 4.81795132e-01
    2.55445480e-01 1.58201635e-01 1.35524106e+00 -2.48230696e-02
    1.02850115e+00 1.33770680e+00 -1.14542127e-01 1.62232697e-01
    5.78169584e-01 1.27741969e+00 -1.24571919e-02 1.45983088e+00
    7.50981033e-01 -8.57687593e-02 -2.50476837e-01 9.59904611e-01
    -1.42536134e-01 1.39918101e+00 4.40351009e-01 7.07281947e-01
    9.20122623e-01 4.65940952e-01 8.78798485e-01 -4.02620941e-01
    7.95186520e-01 1.29742730e+00 4.02616620e-01 1.49866045e-02
    3.44717264e-01 -1.56927347e-01 -2.83201128e-01 1.16162932e+00
    1.23997891e+00 -3.22231770e-01 9.01189208e-01 6.10470891e-01
    1.15150928e+00 7.76499152e-01 4.47525382e-01 5.17960668e-01
    -2.80165702e-01 1.37470448e+00 1.10864651e+00 5.50791383e-01
    1.10955179e+00 -3.21497560e-01 1.10315275e+00 2.10701406e-01
    3.16023827e-04 8.85563493e-01 1.21122611e+00 3.12998414e-01
    1.39328539e+00 -4.28457677e-01 7.29342282e-01 5.46390057e-01
    1.68516994e-01 7.31476068e-01 1.34397328e+00 -2.02317834e-01
    3.53411317e-01 5.79812884e-01 1.01733088e-01 3.19651663e-01
    9.04493809e-01 6.62732124e-02 1.33562672e+00 1.00842011e+00
    9.99708056e-01 7.16927588e-01 2.16067553e-01 1.24530816e+00
    9.44032073e-02 -3.22373688e-01 1.18125844e+00 -6.50768280e-02
    5.80128551e-01 6.60380483e-01 -3.42701674e-02 1.89574599e-01
    8.23303103e-01 -5.15529513e-02 -2.39286453e-01 1.26286602e+00
    9.22985435e-01 1.79377615e-01 2.67584145e-01 6.78953171e-01
    7.05395877e-01 -3.42945993e-01 -3.05864096e-01 1.31980562e+00
    9.82118607e-01 6.01846933e-01 -1.06813431e-01 1.30524337e+00
    1.57914519e-01 1.13049173e+00 3.37191880e-01 6.70051157e-01
    -2.02078670e-01 -1.36494637e-01 1.21710014e+00 -1.48505181e-01
    1.21946216e+00 -1.18355274e-01 1.07966745e+00 -7.80552626e-02
    9.98572469e-01 5.31830907e-01 7.43258238e-01 1.28578293e+00
    -1.09599769e-01 9.55735803e-01 6.84695840e-01 1.21696413e-01
    -1.73405200e-01 1.47610652e+00 1.11814499e-01 5.24566710e-01
    3.73628378e-01 2.76072621e-01 9.61458564e-01 3.47211063e-02
    1.43398106e-01 2.92915970e-01 -1.78658962e-03 8.33808541e-01
    6.07357085e-01 7.27372527e-01 1.01613474e+00 1.81941688e-01
    8.29162061e-01 1.04414535e+00 4.53300059e-01 -4.62890267e-02
    4.75749195e-01 -1.17368102e-01 -1.78603694e-01 8.26807618e-01
    1.05589390e-01 1.42156148e+00 -1.65438533e-01 6.32199228e-01
    2.08283067e-01 3.59896779e-01 8.08737278e-02 5.36934137e-02
    1.27208054e+00 7.65330434e-01 1.02519882e+00 9.43525553e-01
    6.23480082e-01 9.77164268e-01 1.75378919e-01 1.05260694e+00
    1.07074046e+00 1.08522105e+00 2.82604039e-01 1.17313743e+00
    6.53712749e-01 4.35769677e-01 4.30191755e-01 6.12215161e-01
    2.37814188e-01 -4.16573584e-02 4.70969260e-01 3.24229240e-01
    1.10866463e+00 1.11514175e+00 1.00950730e+00 2.48129308e-01
    9.46365476e-01 1.12685752e+00 -2.71547794e-01 1.14713204e+00
    1.98461115e-01 1.13842559e+00 4.32297111e-01 3.03564966e-02
    6.70316458e-01 8.67614448e-01 -9.05245543e-02 3.13062310e-01
    9.49823737e-01 4.12408590e-01 2.88626254e-01 1.29562414e+00
    7.24619627e-02 2.31492281e-01 1.28666735e+00 6.22421741e-01
    4.59056258e-01 -2.28217304e-01 2.50326216e-01 1.32380104e+00
    1.05453074e-01 1.34948909e-01 3.58871877e-01 1.67949796e-02
    5.38935184e-01 1.16775477e+00 5.39157391e-01 8.77005816e-01
    2.66595900e-01 1.03555655e+00 -1.29154623e-01 5.94379663e-01
    4.56955254e-01 -8.80996585e-02 1.23767996e+00 8.01747620e-01
    2.34309733e-01 8.93838525e-01 8.76015425e-03 9.63029623e-01
    7.81297684e-01 1.00290430e+00 6.05349422e-01 6.64683580e-01
    -2.00665131e-01 2.14347243e-02 2.94823110e-01 7.18051195e-01
    -1.80943310e-02 9.68423843e-01 1.28884768e+00 -8.29054713e-02
    -1.36026442e-01 8.43172491e-01 6.54450774e-01 2.15622723e-01
    -2.23893955e-01 1.15609765e+00 2.41638780e-01 1.22673213e-01
    7.71292150e-02 -2.81583220e-01 8.19388509e-01 1.15920115e+00
    2.12820768e-01 1.27016997e+00 6.06480122e-01 1.04368544e+00
    3.18123102e-01 9.63048577e-01 2.71544516e-01 6.08379424e-01
    2.33665287e-01 1.05908418e+00 5.48890114e-01 1.05996060e+00
    1.20956218e+00 1.30639815e+00 2.19476521e-01 5.67413449e-01
    8.96269083e-01 5.89249015e-01 8.33832264e-01 6.98559821e-01
    8.68584514e-02 1.01965666e-01 -1.91077501e-01 -6.45395219e-02
    8.37098300e-01 -2.50338584e-01 2.88296938e-01 -7.17721581e-02
    -5.74418306e-02 1.21917331e+00 1.29034078e+00 -2.82753706e-01
    1.53127640e-01 9.19967294e-02 8.73638332e-01 -2.62728393e-01
    7.09991693e-01 1.22341633e+00 9.45050001e-01 1.14492857e+00
    6.43199086e-02 2.78164446e-02 -1.95261821e-01 6.82426810e-01
    1.89925373e-01 6.94149733e-02 1.14784467e+00 3.67299676e-01
    6.06805325e-01 2.26496935e-01 4.77666736e-01 1.11160696e+00
    3.36952686e-01 8.97461057e-01 -1.76722765e-01 6.17318213e-01
    8.15588474e-01 -8.40098560e-02 6.83840752e-01 1.29586041e+00
    4.58807945e-01 1.30950105e+00 1.42870903e-01 1.36142993e+00
    -1.45909190e-01 5.41520774e-01 6.98112130e-01 4.14608479e-01
    7.38646746e-01 6.25328422e-01 5.24568141e-01 8.09301972e-01
    1.18972611e+00 9.16225314e-01 4.71740961e-01 2.98004091e-01
    7.27984965e-01 -1.08536154e-01 5.68356454e-01 -2.65390813e-01
    4.10701990e-01 3.15881908e-01 3.72579694e-02 7.25272655e-01
    7.22911358e-02 3.85051966e-03 9.46869612e-01 1.07633913e+00
    -7.57748485e-02 7.80834079e-01 1.23634052e+00 3.87627244e-01
    1.28353870e+00 1.61216438e-01 -1.34502441e-01 1.09982920e+00
    7.96843767e-02 -2.03472316e-01 6.62022412e-01 4.17414427e-01
    1.07134736e+00 -4.53884900e-02 -4.22701538e-02 -2.43271306e-01
    6.10596180e-01 1.23370469e+00 3.09634149e-01 -1.50380105e-01
    -1.20779604e-01 -1.49515480e-01 1.18760777e+00 5.30181408e-01
    1.07050562e+00 -4.59396839e-02 2.89790452e-01 1.71478093e-01
    1.18308580e+00 -1.99816227e-01 1.12406445e+00 6.55903816e-02
    7.39490271e-01 9.47452307e-01 -1.51401728e-01 1.39839494e+00
    -3.43993038e-01 -1.57658756e-02 5.07959366e-01 3.28238010e-02
    3.85348797e-01 8.77650976e-01 1.22631216e+00 7.74833679e-01
    7.90638208e-01 -1.93365335e-01 5.39347231e-01 1.14831662e+00
    1.31812990e-01 5.21962225e-01 -1.31090879e-02 7.70893991e-02
    4.83512342e-01 1.18486583e-01 4.65724349e-01 1.07617903e+00
    -1.55350506e-01 1.23673880e+00 -8.10441971e-02 3.18418622e-01
    3.64199579e-02 -8.38333368e-03 1.15409815e+00 3.42763007e-01
    5.74591160e-01 1.42168319e+00 -2.88949162e-01 4.21725333e-01
    4.68439341e-01 3.95160913e-03 2.16068983e-01 6.95527554e-01
    -1.69624716e-01 6.91578150e-01 4.04648662e-01 -8.98807347e-02
    1.07880616e+00 4.90781665e-01 3.37830365e-01 1.53080106e-01
    1.06222153e+00 1.25352681e-01 -2.48434693e-01 3.56699288e-01
    4.65016186e-01 -1.97166890e-01 9.58259702e-01 2.45113254e-01
    8.84368658e-01 1.89274073e-01 1.13585353e+00 9.29879308e-01
    5.63608408e-02 1.11740053e-01 -2.88309157e-02 5.06680489e-01
    -1.27057403e-01 -2.82122552e-01 -2.44456500e-01 6.95845127e-01
    1.21826279e+00 1.70455158e-01 -1.74582750e-01 6.58931792e-01
    1.64340556e-01 1.01434290e-01 2.96420217e-01 -1.87230989e-01
    1.26186705e+00 -9.41115022e-02 1.16867393e-01 4.95353878e-01
    -1.77332431e-01 7.99660861e-01 8.50248218e-01 -1.33508384e-01
    1.26578844e+00 9.98271465e-01 4.80905175e-01 7.79563785e-02
    1.11628902e+00 5.42440712e-01 3.17081094e-01 5.14441013e-01
    1.11110115e+00 -7.73796141e-02 7.77379990e-01 5.14881849e-01
    1.12330878e+00 -9.87012982e-02 4.49554980e-01 3.73311698e-01
    5.88594496e-01 1.09705687e-01 1.14314586e-01 -2.69229829e-01
    3.03273976e-01 3.63028049e-01 1.15049505e+00 3.49192023e-02
    5.79606950e-01 -2.81863749e-01 4.38745558e-01 -1.31632686e-01
    9.28522468e-01 6.14340305e-01 4.25295830e-01 3.63411307e-01
    6.82313144e-01 4.80527282e-01 1.08132803e+00 6.97332263e-01
    3.05114388e-02 6.07295513e-01 4.53200340e-01 1.22761750e+00
    -1.21329755e-01 -7.67349601e-02 8.60824943e-01 -2.57064492e-01
    6.32995248e-01 5.61178327e-01 -1.33667171e-01 1.12386143e+00
    5.91777086e-01 3.66303504e-01 1.06819022e+00 7.64181137e-01
    4.54857826e-01 4.35857952e-01 4.09700334e-01 9.74803329e-01
    -3.49428058e-02 7.79285908e-01 -1.21014148e-01 1.12919402e+00
    -1.62013829e-01 7.22645402e-01 8.83067250e-01 1.14913940e-01
    8.01818132e-01 -1.52690530e-01 9.74822640e-01 3.31278086e-01
    8.70171428e-01 1.10975742e-01 1.19600391e+00 -3.29658240e-01
    7.68959463e-01 1.27099574e-01 1.13439310e+00 -2.48964727e-01
    6.31292582e-01 1.00775945e+00 -1.47322983e-01 4.90399003e-02
    7.50071287e-01 7.80622721e-01 1.07125044e-01 4.82102931e-01
    7.51989603e-01 1.20777279e-01 4.21450317e-01 2.16265500e-01
    2.20277309e-01 -2.09713519e-01 1.12684500e+00 -4.04887795e-02
    7.74667740e-01 2.27845997e-01 -7.39067346e-02 2.88010061e-01
    1.13194001e+00 8.50804567e-01 -1.37192726e-01 9.62865353e-01
    5.76902449e-01 7.75847018e-01 8.44722390e-01 2.15252995e-01
    4.09090281e-01 1.19191360e+00 8.06604147e-01 2.72324264e-01
    2.42729306e-01 8.11216235e-02 1.38726473e-01 -9.88903642e-02
    6.36177778e-01 -1.17797434e-01 5.00552952e-01 1.02431595e+00
    9.77875948e-01 2.50406265e-01 4.20382738e-01 -1.00745529e-01
    6.47304475e-01 -1.94146782e-01 5.16844153e-01 1.17461061e+00
    1.01744020e+00 5.72674036e-01 1.24560583e+00 -4.12326068e-01
    8.99595022e-01 1.24517310e+00 3.78654540e-01 7.85516798e-01
    -3.06178927e-01 1.14797294e-01 8.68539810e-01 6.96048975e-01
    8.26001823e-01 2.79510766e-01 -1.32281765e-01 4.46938097e-01
    -2.60470688e-01 -2.59403050e-01 4.66870606e-01 -2.04882175e-01
    4.00375724e-01 2.44198799e-01 3.54848981e-01 6.26480699e-01
    5.90511203e-01 5.57423294e-01 3.61615598e-01 6.87398314e-02
    4.86325026e-02 7.86327720e-01 8.80584836e-01 7.48322368e-01
    6.54118061e-01 9.30397987e-01 7.87985325e-01 4.27443206e-01
    7.32902765e-01 1.06176901e+00 1.30858064e-01 1.24500978e+00
    -1.92552984e-01 2.47972995e-01 3.88077617e-01 1.02594018e-01
    5.03803253e-01 1.04990041e+00 9.72077250e-01 5.66831708e-01
    4.35931325e-01 8.36080194e-01 -2.02261209e-01 6.04603648e-01
    8.49009871e-01 7.78097689e-01 3.68708134e-01 -2.35764086e-02
    3.94420028e-01 7.82378435e-01 -3.28882486e-01 1.19040740e+00
    2.86008716e-01 4.82794583e-01 1.73817813e-01 9.80146408e-01
    -3.82357836e-03 1.11533201e+00 1.63701952e-01 7.60181427e-01
    1.30234921e+00 1.01077330e+00 1.04818523e+00 -1.95682406e-01
    7.74017155e-01 9.87398148e-01 1.21301150e+00 7.23367810e-01
    -2.88288593e-02 2.32117862e-01 -1.85816437e-01 1.81260765e-01
    9.68813419e-01 -2.80653834e-02 9.88826871e-01 -1.51735812e-01
    1.09083891e-01 1.99320316e-02 8.06616783e-01 1.27135932e+00
    -3.14980417e-01 8.30166101e-01 -3.31326246e-01 6.91966891e-01
    8.60994816e-01 5.05483150e-01 4.59576964e-01 1.91275597e-01
    6.94844246e-01 -1.34983599e-01 9.38482940e-01 1.25863183e+00
    1.40904319e+00 -1.70285344e-01 1.03058076e+00 5.46147108e-01
    1.23336339e+00 2.87702322e-01 8.13549638e-01 1.13487732e+00
    1.03380299e+00 7.27458537e-01 1.11959577e-01 1.29419994e+00
    1.13779044e+00 1.12599754e+00 4.27321732e-01 8.04244399e-01
    -3.76264453e-01 1.34826422e+00 3.45141709e-01 4.31708455e-01
    3.95560980e-01 6.89720273e-01 1.24397552e+00 5.57073832e-01
    -1.35394394e-01 9.82293010e-01 6.96434975e-01 3.12137783e-01
    -1.59975678e-01 -3.12175363e-01 1.20229173e+00 -6.35774732e-02
    1.07926869e+00 7.65663981e-01 1.25425506e+00 -3.13419759e-01
    -1.84994131e-01 8.39679539e-02 1.90700889e-02 1.16238844e+00
    -1.52758598e-01 6.18577003e-01 1.26414835e+00 7.45105267e-01
    6.06534839e-01 1.41966844e+00 -2.90239275e-01 -1.10564351e-01
    1.28262711e+00 1.23627663e+00 -3.40782821e-01 1.24938715e+00
    6.58807278e-01 1.00481141e+00 4.55162108e-01 2.25130856e-01
    -2.18182027e-01 1.00785625e+00 6.86827660e-01 8.84912848e-01
    2.07708180e-01 5.21316171e-01 9.85863566e-01 4.30275381e-01
    2.64064431e-01 6.47149265e-01 3.34398270e-01 4.03539360e-01
    7.27859616e-01 1.12706852e+00 -3.16469610e-01 7.71524668e-01
    6.69636011e-01 1.23611772e+00 9.50896263e-01 1.31666589e+00
    1.24896669e+00 5.18626034e-01 5.97331166e-01 6.92395568e-02
    2.96279848e-01 7.04850316e-01 1.79651558e-01 1.25862491e+00
    9.13101554e-01 7.10206985e-01 -3.25970411e-01 1.26894414e+00
    2.50536323e-01 -3.36363822e-01 8.83563280e-01 -1.43494517e-01
    -2.75298834e-01 1.22483361e+00 1.23954535e+00 -1.81797430e-01
    -7.54228830e-02 1.09421062e+00 1.27837121e-01 1.10423946e+00
    9.54905272e-01 4.58863676e-01 4.87443209e-01 1.05341816e+00
    9.97264385e-01 -1.68900117e-01 6.77608311e-01 1.34551549e+00
    7.06723094e-01 -2.70358682e-01 1.04353058e+00 1.04141808e+00
    6.73275232e-01 8.48891020e-01 1.12528539e+00 5.95384061e-01
    4.67175841e-01 -6.96182251e-03 3.07332575e-02 -1.39129102e-01
    9.63051200e-01 1.16363370e+00 5.07291198e-01 7.71760345e-02
    3.34284544e-01 -2.05253363e-01 6.58363581e-01 7.81772137e-02
    -4.57907319e-02 1.17329681e+00 1.22005057e+00 -3.06850910e-01
    3.02265525e-01 -2.77233750e-01 8.76017511e-01 -3.99908900e-01
    6.27711892e-01 8.01020384e-01 8.67135644e-01 3.17626119e-01
    2.66379833e-01 -1.29499912e-01 1.15297639e+00 8.12198281e-01
    4.31632757e-01 9.44597244e-01 -1.50727600e-01 7.46685147e-01
    -2.79349625e-01 -1.63792342e-01 4.00153160e-01 6.77090347e-01
    8.95653129e-01 -2.13815704e-01 9.78880048e-01 -3.61297727e-02
    3.51890206e-01 8.58576298e-01 6.37719512e-01 5.18718719e-01
    6.00533128e-01 -2.33700424e-01 7.60170221e-01 7.88319707e-02
    1.30402458e+00 1.15865135e+00 1.00142372e+00 5.87207198e-01
    9.37162042e-02 -1.03609711e-01 -1.99165896e-01 9.96602416e-01
    1.30411291e+00 1.07388532e+00 5.34711242e-01 1.15730846e+00
    4.33503926e-01 6.12816811e-01 1.46937370e-03 1.27132952e+00
    3.04649353e-01 1.32583308e+00 -4.06025708e-01 1.19871473e+00
    5.81385493e-01 7.81254888e-01 7.19042897e-01 2.04724550e-01
    1.28112948e+00 -6.02784157e-02 5.35837770e-01 9.41604614e-01
    1.00218296e+00 4.52809453e-01 1.23009372e+00 6.75253272e-01
    -4.87615168e-02 5.45646548e-02 9.69922066e-01 -2.81459600e-01
    1.33203542e+00 9.88535285e-01 1.02846146e+00 7.03301072e-01
    1.02200723e+00 6.12513423e-01 9.83786702e-01 -1.22066587e-01
    5.19074678e-01 -3.16858709e-01 1.20222008e+00 6.45710230e-01
    7.13131309e-01 4.33290005e-01 8.28441501e-01 1.17888963e+00
    2.30110049e-01 5.83359241e-01 1.72452092e-01 8.58422518e-02
    1.08734429e-01 6.19014621e-01 2.53109574e-01 9.81298566e-01
    -2.25177497e-01 8.53571177e-01 7.02492595e-01 2.01955557e-01
    8.50964189e-02 -1.21064425e-01 6.02678061e-02 1.13583314e+00
    -1.57001793e-01 -1.17230490e-01 1.36916351e+00 -8.57480168e-02
    2.02121913e-01 8.29892516e-01 -3.83802444e-01 1.49900472e+00
    -1.29049003e-01 1.69509590e-01 4.97976065e-01 2.14431584e-01
    9.79886711e-01 -2.86998212e-01 1.15706432e+00 2.02635884e-01
    1.00020206e+00 -2.12420225e-02 1.09904885e-01 2.94466794e-01
    2.50425935e-03 4.96099770e-01 1.56165361e-02 5.79323351e-01
    -5.95760345e-03 1.32207477e+00 7.21488237e-01 -3.41391355e-01
    5.13907373e-01 7.25690782e-01 8.76852274e-02 1.47753060e-01
    -6.04149699e-02 4.63913679e-01 1.14542508e+00 -1.05610549e-01
    1.48742259e-01 -2.57998109e-02 1.91327453e-01 6.47769690e-01
    8.14006805e-01 6.35175824e-01 1.85926735e-01 -2.01984644e-01
    1.45559955e+00 -2.81835824e-01 8.41691017e-01 -2.41565868e-01
    1.13821161e+00 -3.40951085e-02 1.33236241e+00 7.64136434e-01
    1.17801762e+00 8.92037213e-01 -3.44502389e-01 1.38747597e+00
    -6.27355874e-02 -2.82427907e-01 9.47152615e-01 5.98506212e-01
    1.24273610e+00 -2.65559286e-01 -2.23984629e-01 1.06888688e+00
    4.29380238e-01 1.06392765e+00 1.10149086e-01 4.13578749e-01
    3.54792178e-01 2.36890674e-01 1.36036074e+00 -1.97652891e-01
    -1.19211435e-01 -2.05788210e-01 7.09461510e-01 1.12683845e+00
    -1.10192299e-02 -3.11615318e-01 -1.73441708e-01 5.63389182e-01
    5.14863431e-01 -9.77844000e-03 7.00866699e-01 7.43966699e-01
    1.25196552e+00 5.35451412e-01 9.25557017e-01 7.36856699e-01
    -7.14147091e-02 5.53558648e-01 6.38928771e-01 1.12978446e+00
    4.83752847e-01 1.19560301e+00 7.31659532e-01 1.01439512e+00
    -5.38214445e-02 6.21021807e-01 -2.08106056e-01 -2.25699425e-01
    9.03582573e-02 -1.48537606e-01 1.08276570e+00 1.10676932e+00
    2.50782669e-01 1.11971116e+00 5.63049853e-01 1.04479194e-01
    -1.39575273e-01 -1.74214810e-01 6.68072701e-01 -3.90893996e-01
    1.35515165e+00 4.56824303e-01 1.22913373e+00 2.09007502e-01
    9.06640410e-01 1.36885226e-01 7.49638319e-01 -2.88088202e-01
    1.52673185e+00 1.14678681e-01 1.01953435e+00 -2.24028081e-01
    1.24934494e-01 1.01807904e+00 4.70386744e-02 4.22198176e-01
    5.25747299e-01 2.92875171e-02 -1.41981900e-01 4.84716892e-03
    8.96757126e-01 1.25116384e+00 1.39187813e-01 3.31476092e-01
    8.91548991e-01 7.70526528e-01 4.47638869e-01 1.00379705e-01
    8.12885523e-01 5.01873672e-01 9.92211640e-01 -2.59604067e-01
    9.91648555e-01 7.49348760e-01 1.83020592e-01 1.22658670e+00
    4.86404955e-01 3.50316405e-01 -2.27825031e-01 1.62782490e-01
    3.73809695e-01 -4.91698980e-02 8.06198478e-01 -1.70523047e-01
    2.67566025e-01 9.87215161e-01 -1.40702486e-01 1.38067591e+00
    1.11830890e+00 5.77696323e-01 -1.33083165e-01 1.29345310e+00
    2.20504999e-01 2.24467874e-01 6.24585271e-01 9.04312849e-01
    5.35977125e-01 1.12392414e+00 -7.87140429e-02 7.55850077e-01
    1.28153431e+00 9.55051184e-02 1.16651714e-01 6.01007342e-01
    1.02979183e-01 1.11524343e+00 -3.57414842e-01 6.84858441e-01
    1.00392902e+00 2.64858961e-01 1.18018734e+00 6.56722546e-01
    1.23899162e-01 8.49036098e-01 1.25245738e+00 5.60090005e-01
    1.05741501e+00 -3.12113076e-01 3.80808592e-01 8.71921659e-01
    -1.15688950e-01 8.94035697e-01 8.71617198e-01 7.17937231e-01
    -1.71244860e-01 3.19384575e-01 1.09025884e+00 2.19391167e-01
    1.39584482e-01 1.43831503e+00 -2.65266657e-01 4.62148190e-01
    7.98069954e-01 3.13094378e-01 8.31180453e-01 -3.09393317e-01
    1.08284068e+00 2.92408705e-01 1.35540307e-01 2.84871221e-01
    1.19321382e+00 3.03088188e-01 1.06387246e+00 1.59364641e-01
    -2.74717122e-01 1.03397286e+00 5.05988121e-01 -3.95560354e-01
    1.01388276e+00 4.44012284e-02 1.20826793e+00 -1.74245536e-02
    3.35730851e-01 1.08565807e-01 -7.23057687e-02 1.50106132e-01
    1.14562094e+00 1.76816165e-01 9.29617167e-01 -4.64537144e-02
    1.14642191e+00 1.28376687e+00 1.18070793e+00 6.69882298e-01
    1.03263974e+00 1.28965712e+00 6.99734092e-02 1.34605706e-01
    9.23553824e-01 3.76545191e-01 1.67973280e-01 7.40505338e-01
    1.02376962e+00 2.91812420e-01 1.37487650e+00 1.34651721e-01
    4.97914910e-01 2.24963009e-01 -1.54058307e-01 6.73242927e-01
    2.87217736e-01 8.81921291e-01 1.10954666e+00 5.16440749e-01
    8.79475534e-01 2.14760900e-01 1.01304972e+00 6.86550736e-01
    1.24059737e+00 1.05375636e+00 8.90799880e-01 3.39107096e-01
    9.11628366e-01 1.27038491e+00 -1.92307308e-01 -7.88847655e-02
    -1.50915086e-02 7.81505942e-01 5.76577246e-01 1.01403952e-01
    1.00327730e-01 6.16290331e-01 1.25654745e+00 2.92147458e-01
    4.26603973e-01 9.83159065e-01 -2.32148975e-01 8.99498343e-01
    1.81609571e-01 8.96311045e-01 7.61521459e-02 3.66265893e-01
    1.03568971e+00 -4.32027638e-01 8.25949967e-01 6.27450168e-01
    8.26977015e-01 2.67588139e-01 2.29725122e-01 6.05083764e-01
    1.27004385e-01 -1.89501792e-02 3.67090106e-02 8.98748457e-01
    2.79860616e-01 5.25497973e-01 2.50945330e-01 1.11162055e+00
    2.09618568e-01 5.82688272e-01 6.92808390e-01 -2.30526924e-02
    8.02641630e-01 1.22347224e+00 3.47018242e-03 3.48711669e-01
    -3.81919146e-02 6.51943684e-02 4.86226261e-01 9.42794204e-01
    -2.02212945e-01 2.51801789e-01 9.94955182e-01 7.78636098e-01
    -5.89523911e-02 7.46176839e-01 6.29349947e-01 6.99708343e-01
    3.27742100e-01 -4.24539089e-01 1.42786777e+00 -8.22792649e-02
    9.73035574e-01 8.34177136e-02 -8.56329203e-02 1.26487339e+00
    9.74060655e-01 1.81207716e-01 1.05727637e+00 -2.03753293e-01
    6.80322051e-01 1.41898441e+00 2.87357032e-01 3.04636061e-01
    1.05963194e+00 5.68262935e-01 1.10186839e+00 1.17408895e+00
    -3.23516786e-01 1.07292652e+00 1.04473805e+00 4.62188482e-01
    1.22008610e+00 3.40862751e-01 3.10533166e-01 6.03941262e-01
    -8.01682472e-05 2.71070123e-01 3.30824256e-02 8.66482615e-01
    4.81987298e-01 4.53742623e-01 -1.25243962e-01 1.13180137e+00
    2.75912881e-01 4.13612306e-01 -1.99711323e-02 9.93008375e-01
    7.78366089e-01 5.28205752e-01 5.00173151e-01 -3.75497639e-01
    1.29713809e+00 1.12954009e+00 7.24518895e-01 -1.64556921e-01
    1.24102521e+00 3.44382524e-02 1.22923410e+00 1.70745075e-01
    9.06142712e-01 4.31194842e-01 1.11698258e+00 5.40377080e-01
    1.07494891e-01 -2.71069437e-01 2.04301536e-01 1.36413634e+00
    7.74703145e-01 9.24253464e-01 3.87038112e-01 9.53066111e-01
    1.12903118e-03 8.58512878e-01 1.35703206e+00 1.83317482e-01
    1.02088916e+00 1.38034940e-01 1.82133079e-01 1.44357741e-01
    4.32846546e-02 -4.02984917e-02 3.72433603e-01 -2.23835796e-01
    8.48577023e-01 1.31087160e+00 1.83403492e-03 5.84102094e-01
    -2.83392131e-01 6.74008012e-01 8.58392119e-01 3.62510860e-01
    1.45764947e-02 3.03569734e-01 6.99221492e-01 1.23333490e+00
    6.32538021e-01 2.78437972e-01 8.54085803e-01 1.11025846e+00
    1.21820462e+00 2.10403204e-02 5.96210182e-01 5.36719024e-01
    2.07342029e-01 4.92817163e-02 1.38172710e+00 -1.11904770e-01
    4.09884453e-01 1.31522036e+00 -4.27464932e-01 1.11970758e+00
    7.46257663e-01 1.12263381e+00 3.78879428e-01 1.79129183e-01
    -1.35741383e-01 8.30804110e-02 1.08765531e+00 4.57606792e-01
    5.85267782e-01 3.88664722e-01 1.60565257e-01 4.19711649e-01
    4.90013361e-02 9.24612045e-01 -2.34870821e-01 1.20483124e+00
    1.73671067e-01 1.14531183e+00 -3.42684388e-02 4.00914550e-02
    -2.82555223e-01 7.89278865e-01 1.14000428e+00 5.64157367e-01
    1.21371925e+00 -3.57584953e-01 1.19050729e+00 5.12122631e-01
    5.33204675e-01 8.91859531e-01 -1.24521255e-02 4.92221117e-02
    1.81704611e-01 4.92670298e-01 2.78567374e-01 1.34083104e+00
    4.43660021e-01 9.76406693e-01 4.90978420e-01 -2.62874484e-01
    1.06660724e+00 5.11879921e-01 7.73972750e-01 -1.74217984e-01
    3.86428714e-01 6.97702169e-02 4.08584833e-01 4.30045009e-01
    1.09523535e+00 -3.24165493e-01 1.05498910e+00 1.22925305e+00
    7.60841846e-01 8.62469494e-01 -2.35974565e-01 4.97861922e-01
    8.68038297e-01 7.40550637e-01 2.35978663e-02 -1.10587418e-01
    9.94724274e-01 -5.77036738e-02 7.12593377e-01 7.63591290e-01
    1.08864439e+00 -3.60997617e-01 4.28954959e-01 1.85648620e-01
    2.77527750e-01 5.50319552e-02 6.12699151e-01 1.83829308e-01
    6.16407275e-01 1.87879801e-03 -2.86122262e-02 8.84913802e-01
    9.47340965e-01 4.71660197e-01 -5.05824625e-01 1.02537096e+00
    6.93638742e-01 3.43445539e-02 1.33605242e+00 2.64749110e-01
    4.52992141e-01 6.20291173e-01 4.91118431e-03 1.32688463e+00
    -3.60623181e-01 -1.04857564e-01 1.20018399e+00 8.15707922e-01
    5.53844094e-01 5.79534292e-01 -3.11845541e-02 9.05739665e-02
    1.37629211e-01 -1.95085600e-01 5.85061014e-02 1.08277893e+00
    -9.95854735e-02 -1.77464828e-01 9.86399055e-01 2.54510939e-01
    3.61414015e-01 -2.01173455e-01 1.22291028e-01 -2.27033794e-01
    7.64291704e-01 4.46385980e-01 -1.27624869e-02 1.09630060e+00
    2.24646688e-01 8.95766616e-01 3.76215339e-01 -1.05439842e-01
    1.23263073e+00 1.16439819e+00 2.45709896e-01 4.88170505e-01
    8.45898509e-01 1.61968231e-01 3.65196347e-01 8.35324168e-01
    1.03916430e+00 2.60329843e-01 -1.32005602e-01 9.52982903e-02
    1.05845720e-01 -2.43288875e-01 1.01842475e+00 -2.49912933e-01
    1.70306563e-02 8.61771822e-01 8.13355327e-01 5.97290516e-01
    5.64803720e-01 4.94097471e-02 1.11284709e+00 9.72580910e-01
    -2.54074097e-01 9.13788021e-01 2.37085521e-01 8.41993272e-01
    3.29572737e-01 1.10994399e-01 3.02875817e-01 -8.41675401e-02
    1.07003915e+00 1.23696160e+00 1.05974317e+00 4.61150885e-01
    1.13216376e+00 9.04026389e-01 2.20377088e-01 1.99250638e-01
    9.33636069e-01 6.96801305e-01 7.18906999e-01 1.81185126e-01
    -1.39769554e-01 1.20472670e+00 4.33093488e-01 2.90537119e-01
    2.70074248e-01 3.56342971e-01 2.08599657e-01 -2.90907979e-01
    1.35592151e+00 1.48988247e-01 1.19094396e+00 4.25786495e-01
    1.07928312e+00 6.12180233e-01 3.19453180e-01 3.76046300e-02
    9.53989267e-01 6.46536827e-01 7.59209991e-02 -1.77176893e-01
    6.33617699e-01 -4.19098139e-02 4.52750325e-01 5.80483317e-01
    -3.04471433e-01 -3.72644067e-02 2.92384505e-01 3.75293016e-01
    9.43160653e-01 4.09937501e-02 1.27700734e+00 9.89065647e-01
    1.93365157e-01 1.31853402e+00 -1.49909467e-01 7.69739985e-01
    1.21027994e+00 -1.10114485e-01 -2.16373265e-01 3.66536558e-01
    8.10740948e-01 7.89990902e-01 7.88972259e-01 8.38502765e-01
    6.43949687e-01 -3.39322865e-01 7.02963114e-01 1.27137542e+00
    1.37191951e-01 1.18001282e+00 7.81396270e-01 -1.07636064e-01
    -7.78869390e-02 -1.36505753e-01 7.31448531e-01 8.58965397e-01
    8.08598757e-01 6.52483940e-01 -4.88215685e-02 1.12386227e+00
    5.96819401e-01 7.61926770e-01 4.80167806e-01 4.93054867e-01
    1.26810825e+00 5.41491628e-01 6.97546363e-01 2.47387409e-01
    -2.03120425e-01 1.73673093e-01 3.14758420e-02 8.80189061e-01
    6.74065351e-02 1.14662647e+00 7.69619465e-01 8.45147848e-01
    1.16544259e+00 1.00228322e+00 9.34649944e-01 8.59637380e-01
    2.66219318e-01 -1.91816315e-01 1.97662383e-01 -3.30271423e-01
    1.20208704e+00 2.18985200e-01 6.63833916e-01 -2.61167139e-01
    1.35143232e+00 1.17433369e-01 8.35459232e-01 -3.15542519e-01
    1.34007716e+00 3.91383648e-01 8.09548318e-01 -7.94978738e-02
    9.40090537e-01 2.41783321e-01 1.03009403e-01 3.94366324e-01
    2.31715888e-01 8.85843575e-01 1.64257884e-01 1.00772834e+00
    1.36375344e+00 -1.04724765e-01 1.32452226e+00 1.34305418e-01
    6.26898050e-01 8.99681091e-01 2.28178799e-01 1.80244744e-01
    9.37725782e-01 1.18665290e+00 -6.55161142e-02 -1.88304901e-01
    9.77719545e-01 4.10733819e-01 7.74464250e-01 5.03794551e-01
    8.66934657e-01 2.72581577e-01 6.48500919e-01 2.28046775e-01
    4.93272901e-01 6.86470747e-01 1.28763044e+00 -7.27930665e-02
    6.47695065e-02 5.26160777e-01 2.85778761e-01 -7.69131780e-02
    1.35448289e+00 -3.89039636e-01 7.59767771e-01 1.27118790e+00
    1.05866337e+00 5.66418290e-01 9.28301930e-01 8.78241658e-02
    5.61233163e-02 1.32181466e+00 1.02134681e+00 -2.51209557e-01
    -2.63683796e-02 1.07361495e+00 2.64812946e-01 -2.24823207e-01
    8.48356247e-01 -7.34897256e-02 1.23174310e-01 5.78701556e-01
    7.77488112e-01 2.94120908e-01 1.28400874e+00 1.12756252e-01
    5.95779598e-01 -1.93259716e-02 -1.64766625e-01 6.70678437e-01
    5.47433972e-01 7.41917491e-01 1.35509908e+00 9.32453036e-01
    4.26873267e-01 8.37665200e-01 8.34339380e-01 9.56163526e-01
    3.38851988e-01 1.34655368e+00 -3.55163634e-01 7.39430785e-01
    3.00293922e-01 6.28342271e-01 1.05986059e+00 1.27539551e+00
    -1.47386670e-01 1.21702766e+00 -1.83086514e-01 1.71799362e-01
    1.31762505e+00 -2.07755208e-01 5.65363824e-01 -2.67217606e-01
    1.33330441e+00 -9.03281868e-02 4.69694853e-01 1.09935701e+00
    -2.83546984e-01 9.03909683e-01 1.20507348e+00 1.07585180e+00
    2.62583017e-01 9.22350764e-01 1.43373549e-01 4.79315758e-01
    3.14747989e-02 4.33871865e-01 2.40058303e-01 2.92781293e-02
    -5.54499924e-02 2.59068131e-01 9.22965467e-01 -1.03826135e-01
    8.32187772e-01 9.22796488e-01 1.06960881e+00 -3.20075780e-01
    1.28982484e-01 1.36096883e+00 -1.78422958e-01 5.53000152e-01
    -3.05053025e-01 1.08538330e+00 7.56931663e-01 -1.19686842e-01
    3.41925800e-01 9.82756615e-01 7.38749504e-01 -1.89810693e-01
    -8.00693035e-03 5.81947446e-01 8.24858904e-01 5.06232142e-01
    -2.78483450e-01 1.37867475e+00 6.73923135e-01 5.42897582e-01
    9.33712244e-01 -9.65654850e-04 4.52519417e-01 9.67435718e-01
    9.90786791e-01 7.00497150e-01 -2.06343532e-02 2.33894229e-01
    8.11152756e-01 6.28719687e-01 3.11189532e-01 -9.50472653e-02
    2.32019722e-02 2.72679090e-01 1.04937327e+00 8.20983112e-01
    -1.89746618e-02 1.71097398e-01 7.11638927e-02 4.44192648e-01
    5.91238260e-01 1.08181417e+00 -1.18327618e-01 4.71897840e-01
    1.09970272e+00 5.13082504e-01 1.09758472e+00 8.55296850e-01
    8.99894357e-01 4.89229977e-01 -2.82436728e-01 1.09481299e+00
    5.92841625e-01 7.65948772e-01 -2.59344876e-02 4.96179879e-01
    3.29502821e-02 1.15919185e+00 -2.02749610e-01 2.62366474e-01
    6.96373284e-01 5.92897892e-01 5.25435746e-01 7.45587230e-01
    2.83007979e-01 -2.47784138e-01 9.75606441e-01 -1.67955041e-01
    7.78081954e-01 1.02352560e+00 1.21411395e+00 -9.29277539e-02
    1.15762413e+00 7.10997224e-01 1.76852107e-01 7.37812757e-01
    1.02151036e-01 1.26447022e+00 6.04066849e-01 8.56019258e-02
    -2.58280456e-01 3.32016766e-01 7.86382377e-01 8.07315230e-01
    6.68016076e-01 -1.21275991e-01 1.85268283e-01 9.40838575e-01
    2.24191844e-01 9.13743377e-01 5.01446247e-01 3.28061938e-01
    1.50099397e-02 1.29650819e+00 8.19369555e-01 2.59757459e-01
    3.22400033e-02 3.68713260e-01 3.69310319e-01 3.89468789e-01
    5.70585251e-01 8.49036157e-01 1.32142007e-02 -2.48702258e-01
    1.23195136e+00 1.62557900e-01 -4.56754267e-02 -1.75718665e-02
    2.01116025e-01 8.96166205e-01 7.92111754e-01 3.73300076e-01
    -6.14062548e-02 1.36571729e+00 4.65642273e-01 -2.87202060e-01
    1.24497759e+00 5.31696796e-01 7.71871567e-01 9.32418942e-01
    9.34074879e-01 -5.19403815e-02 4.98430133e-01 1.02927387e+00
    -8.14971328e-02 5.52097857e-01 -3.82081866e-02 1.05611467e+00
    3.19957733e-04 1.36172831e+00 -3.54630738e-01 8.23195279e-01
    3.41984570e-01 3.64004016e-01 8.66329670e-02 6.86047316e-01
    3.37441623e-01 7.01388597e-01 6.18915558e-01 1.09399915e+00
    7.64270186e-01 2.47395694e-01 7.57582307e-01 8.24425459e-01
    1.09472549e+00 6.88782096e-01 1.42655063e+00 3.38241160e-01
    -2.06257135e-01 5.08022010e-01 2.44155884e-01 1.11213744e-01
    9.61254835e-02 2.71961391e-01 1.05692029e+00 1.57912016e-01
    7.35188127e-02 1.08177602e-01 1.24441934e+00 9.38342929e-01
    4.76436615e-01 9.70107317e-01 -1.73017457e-01 4.15226579e-01
    1.11300206e+00 9.45187211e-01 1.96598351e-01 2.05746770e-01
    1.01783276e+00 -4.41251665e-01 1.32570565e+00 1.00725615e+00
    9.67115879e-01 -1.89805388e-01 8.93354654e-01 8.11946869e-01
    1.98589742e-01 1.12092912e+00 2.42558002e-01 1.22171998e+00
    2.16032386e-01 3.78833711e-01 5.95366001e-01 -3.46306503e-01
    7.73045540e-01 2.34263837e-01 6.36689544e-01 4.13397372e-01
    2.22675860e-01 1.91413164e-01 7.31924057e-01 8.04915905e-01
    8.87632847e-01 1.16211212e+00 5.50751567e-01 1.13171124e+00
    3.18397403e-01 1.18285596e+00 1.11132169e+00 1.33068442e-01
    6.44997358e-01 1.02383268e+00 4.18231487e-02 1.29818273e+00
    -2.65318871e-01 4.25743401e-01 7.48329461e-02 7.28459179e-01
    3.76655996e-01 -1.51974201e-01 -5.27381301e-02 -2.64367759e-01
    1.15146947e+00 6.90521181e-01 2.66997933e-01 -1.94950998e-01
    3.99468243e-01 8.07946682e-01 4.29581046e-01 6.72466636e-01
    1.13796461e+00 6.29040241e-01 1.14563835e+00 1.02089107e-01
    1.44861877e-01 9.12599325e-01 6.67237639e-02 7.22945333e-01
    4.01190519e-01 2.44083822e-01 1.20084119e+00 7.39136219e-01
    7.29552865e-01 8.13753366e-01 5.41715384e-01 7.85698175e-01
    1.41260028e-02 2.56776154e-01 9.88397121e-01 1.04256833e+00
    1.06781626e+00 7.41669536e-01 2.68049300e-01 1.06077492e+00
    5.28548777e-01 -2.66659468e-01 9.38798785e-01 9.20765162e-01
    8.86235833e-01 9.77915168e-01 -2.12619722e-01 1.13086581e+00
    -1.11107707e-01 1.15273619e+00 9.71140981e-01 5.14499485e-01
    1.32400393e-02 -1.76098078e-01 5.93448877e-01 6.68776691e-01
    1.11448205e+00 7.35305071e-01 -1.19173348e-01 1.10610104e+00
    -6.39586449e-02 2.91516423e-01 9.53736901e-01 1.10357034e+00
    8.34990144e-01 1.01149476e+00 1.31418765e-01 1.01150405e+00
    9.21166539e-02 6.26627624e-01 -5.16057611e-02 9.29515123e-01
    1.26349092e+00 3.21355641e-01 5.87844372e-01 1.46391928e-01
    6.61611557e-01 1.16140234e+00 6.06206059e-02 9.86373186e-01
    -1.34676099e-02 1.01439798e+00 7.51319289e-01 7.23973036e-01
    1.54850006e-01 -8.15569162e-02 9.04137850e-01 1.45005167e-01
    4.33431268e-01 1.02125013e+00 -1.13158494e-01 5.97803950e-01
    1.11423314e+00 5.38766026e-01 6.36272550e-01 9.50482249e-01
    7.58358598e-01 4.21187341e-01 1.53473198e-01 5.11288881e-01
    8.38159084e-01 -1.19881064e-01 6.12657368e-01 1.12549675e+00
    -9.38614309e-02 2.03306198e-01 7.86275268e-01 9.83532429e-01
    8.13621283e-01 -3.01477313e-01 1.49636364e+00 -2.73860395e-01
    -2.10411757e-01 8.90446424e-01 -4.21689242e-01 1.09868336e+00
    9.98553991e-01 7.77929902e-01 1.26452184e+00 1.20927274e+00
    -2.46930763e-01 1.46969318e-01 3.89046609e-01 1.17722881e+00
    7.18027830e-01 9.59889770e-01 1.09545612e+00 -1.26785100e-01
    1.02460945e+00 4.19612110e-01 -1.40433669e-01 6.51897967e-01
    1.18725348e+00 6.12410605e-01 -2.13672206e-01 -1.55286759e-01
    6.97504103e-01 1.22283149e+00 6.71148181e-01 1.00073981e+00
    1.87642336e-01 8.84499073e-01 3.84545743e-01 4.82375622e-02
    9.64923620e-01 -1.19430542e-01 8.79607916e-01 9.55869794e-01
    2.30301976e-01 8.50341678e-01 3.06269526e-01 1.21155322e+00
    -3.79277289e-01 1.23907709e+00 -1.78997040e-01 1.45439911e+00
    -1.92311645e-01 7.47742057e-02 1.28338325e+00 3.52002144e-01
    7.27682590e-01 2.18165219e-01 8.98275852e-01 6.19143605e-01
    6.95001125e-01 8.52211714e-02 7.20141232e-01 6.80090189e-02
    6.98637605e-01 9.22885776e-01 3.30675244e-01 4.64492798e-01
    1.10065937e-02 9.30852056e-01 5.43305397e-01 -3.20025682e-01
    1.11939919e+00 5.05323946e-01 1.02275121e+00 7.96549439e-01
    9.53365803e-01 5.83194733e-01 8.70664239e-01 -2.35027030e-01
    -2.46905386e-02 1.12083948e+00 4.11350846e-01 9.88824368e-01
    1.97728515e-01 8.92284334e-01 -2.79938877e-01 5.27263165e-01
    -3.73268664e-01 1.39396703e+00 1.30765438e-01 4.79927838e-01
    4.13264990e-01 7.41643012e-01 -2.70593643e-01 2.76422620e-01
    8.29874158e-01 2.31662512e-01 2.97732115e-01 4.01715636e-02
    6.82107747e-01 1.30230260e+00 6.20829463e-01 -3.28713655e-03
    1.37467885e+00 9.17437077e-01 1.92320824e-01 -9.23950076e-02
    1.27675021e+00 4.57165718e-01 1.61285937e-01 8.76837611e-01
    5.80054998e-01 1.19250298e+00 -1.85479254e-01 2.09446251e-01
    1.26312470e+00 4.13977981e-01 1.92901850e-01 1.15150797e+00
    1.16505206e+00 -1.64889112e-01 7.29958177e-01 9.04657602e-01
    1.18034124e+00 1.16120160e-01 4.72460091e-01 1.02241838e+00
    -4.10407484e-01 1.35698307e+00 3.13856125e-01 1.12603915e+00
    -1.83695614e-01 1.34139633e+00 9.68662620e-01 6.47736371e-01
    2.57521093e-01 1.08429790e-01 5.92121601e-01 1.16227210e+00
    7.22440720e-01 5.78176975e-01 5.72074056e-01 1.25400305e+00
    1.98078096e-01 -1.25470698e-01 -2.37914175e-01 9.01671052e-01
    7.21160889e-01 9.98819351e-01 6.36277616e-01 2.85815537e-01
    5.16537905e-01 1.10016406e+00 4.48068678e-01 -1.79765165e-01
    -6.52896762e-02 9.25459385e-01 2.55430281e-01 2.51671910e-01
    -2.93097913e-01 -1.19757600e-01 1.85608625e-01 -8.33732784e-02
    -2.48007312e-01 5.56344926e-01 7.25714803e-01 1.18571401e+00
    8.29918861e-01 1.04750693e-01 2.03956962e-02 1.05915439e+00
    -1.70964241e-01 9.11321282e-01 2.51323044e-01 1.20923805e+00
    8.49741459e-01 3.93955469e-01 9.81146455e-01 6.89170480e-01
    -2.22462893e-01 5.47661364e-01 6.79167092e-01 2.23242402e-01
    4.35670137e-01 1.02855706e+00 9.78166580e-01 7.62123704e-01
    -1.61759704e-01 1.02679062e+00 9.76758361e-01 9.30859923e-01
    2.66490817e-01 1.26559544e+00 1.14937127e+00 -1.98418677e-01
    7.38347411e-01 8.20965290e-01 -1.01214409e-01 6.00413918e-01
    4.97847080e-01 -6.02947474e-02 8.20917010e-01 1.27931011e+00
    9.63140726e-01 9.08254743e-01 6.95624053e-01 -2.47193873e-02
    5.95965028e-01 1.16133702e+00 3.99172783e-01 -2.28140771e-01
    1.28264856e+00 5.63449264e-01 4.19191599e-01 1.00570571e+00
    1.17087805e+00 4.65614676e-01 5.06186187e-01 3.18793297e-01
    1.29293096e+00 2.74311721e-01 8.15821290e-01 2.81981230e-02
    4.21832025e-01 -5.77850938e-02 4.41194654e-01 1.07350075e+00
    6.53524399e-01 5.92029095e-01 8.55899572e-01 1.08097047e-01
    -1.71351627e-01 3.48878264e-01 9.25891995e-01 3.35256457e-02
    8.12852502e-01 5.92260480e-01 5.25506735e-02 3.49073470e-01
    6.93646908e-01 5.21879911e-01 6.89785838e-01 2.35344946e-01
    4.24514592e-01 1.24927485e+00 3.25750828e-01 6.96865678e-01
    -1.25890851e-01 4.17147815e-01 4.48309004e-01 1.11441553e-01
    -2.13759631e-01 1.14058125e+00 3.70009243e-01 1.41310215e-01
    3.77843797e-01 1.19285309e+00 4.42972422e-01 2.36912310e-01
    5.67999363e-01 -3.93164456e-02 1.19905651e-01 8.26251864e-01
    1.10603988e+00 8.77331495e-01 6.03832066e-01 4.37385201e-01
    -2.38693014e-01 5.79986155e-01 -4.45052952e-01 8.36598992e-01
    2.16688216e-01 7.82295406e-01 3.84462893e-01 -7.93934762e-02
    1.39795303e-01 2.88032770e-01 2.36435115e-01 4.03890133e-01
    1.11104274e+00 5.34813285e-01 7.27735162e-01 4.43000793e-01
    9.27173138e-01 8.74946952e-01 4.13896501e-01 2.16411650e-02
    -3.13116848e-01 1.31105077e+00 -1.68482661e-02 1.02701449e+00
    8.60292554e-01 8.31503272e-01 1.27255380e-01 7.16672957e-01
    1.33161604e-01 1.66221499e-01 1.07713819e-01 4.77813601e-01
    7.93526709e-01 -2.02197194e-01 5.41639864e-01 -1.52324378e-01
    -1.85382426e-01 1.27849114e+00 -2.32061788e-01 -1.77503496e-01
    1.17903602e+00 9.25947785e-01 9.12744403e-01 6.41446590e-01
    2.15123594e-01 8.00636649e-01 1.09516943e+00 -3.38041425e-01
    9.37142968e-01 4.88077343e-01 -3.70523334e-02 -1.53856322e-01
    -1.85154080e-01 1.17689359e+00 8.05664897e-01 8.60077024e-01
    6.86673045e-01 6.25446796e-01 3.57807517e-01 8.98134112e-01
    -1.69388086e-01 1.68555737e-01 1.66950762e-01 -2.24541426e-02
    -3.98087740e-01 9.19457674e-01 7.80957699e-01 1.10323310e+00
    -1.71185166e-01 1.19230628e+00 -2.80989945e-01 1.19012201e+00
    1.94548011e-01 -9.89891887e-02 1.30137241e+00 -8.45412016e-02
    1.25846314e+00 9.98350382e-02 2.62916207e-01 -1.40173197e-01
    1.07344830e+00 -1.17443025e-01 5.14489293e-01 7.73152709e-01
    1.14177644e+00 1.19811296e-02 1.08967876e+00 -1.25638425e-01
    2.63012588e-01 4.25904095e-01 9.08350945e-02 1.24725509e+00
    2.93089390e-01 2.01242685e-01 1.61149055e-01 1.60391450e-01
    1.00763452e+00 1.22926188e+00 -7.41048753e-02 7.47252107e-01
    2.51175463e-01 5.50309539e-01 1.16274154e+00 1.33184373e+00
    5.24962664e-01 1.23581076e+00 3.05816889e-01 1.95862591e-01
    -6.45999014e-02 -2.95745552e-01 1.31142974e+00 2.91056693e-01
    6.60064936e-01 1.22244012e+00 -3.67277920e-01 7.52389431e-01
    1.14026499e+00 2.09658027e-01 -3.75150442e-02 1.18070209e+00
    8.19809914e-01 -4.61121142e-01 6.58565760e-01 -2.37225890e-02
    3.73662412e-02 6.06744289e-01 1.17307991e-01 1.53192073e-01
    -3.54337275e-01 1.21258855e+00 -3.63183469e-01 -3.42314839e-02
    4.06354427e-01 6.56575143e-01 1.14819562e+00 5.70538998e-01
    8.72696280e-01 -3.32783103e-01 2.81966269e-01 8.70171309e-01
    1.07306361e+00 -8.55548978e-02 9.90563989e-01 1.12135851e+00
    -8.21201801e-02 9.84105706e-01 1.12525201e+00 5.29415309e-01
    1.02116787e+00 -2.68044740e-01 1.22484827e+00 7.81578183e-01
    4.28625524e-01 1.12420774e+00 -1.72833800e-01 6.84993565e-01
    3.15158725e-01 -2.28190944e-01 8.31558108e-01 2.99438000e-01
    1.39734566e+00 2.95538485e-01 -2.14055672e-01 -3.90159935e-01
    1.42275548e+00 2.48047829e-01 6.83546305e-01 1.15566361e+00
    4.98450160e-01 1.02579057e+00 -4.25286293e-02 6.70071006e-01
    9.21212554e-01 -7.60176778e-02 1.20880270e+00 -2.20040038e-01
    1.11321658e-02 -2.35446125e-01 -1.02535427e-01 1.09531176e+00
    1.07104063e-01 4.27500367e-01 9.22069788e-01 6.44657612e-02
    1.40091240e-01 1.34137154e-01 2.91922450e-01 4.81392920e-01
    8.27568889e-01 1.17848694e-01 1.86619759e-01 1.21662390e+00
    1.28287172e+00 -2.82282650e-01 4.81948555e-01 7.54292905e-02
    -4.57656384e-02 -6.93109930e-02 5.93535066e-01 1.24560797e+00
    1.03234327e+00 1.17712343e+00 3.74696136e-01 -3.22135419e-01
    -1.08506590e-01 8.26687336e-01 1.08467865e+00 -3.06260705e-01
    1.16676092e+00 -2.45754078e-01 4.67132688e-01 1.18634868e+00
    -2.84015685e-01 9.02968466e-01 7.54268169e-01 3.98067474e-01
    1.30133128e+00 -9.53576565e-02 2.35946566e-01 -3.20772052e-01
    1.28995585e+00 6.88401699e-01 5.54861665e-01 -2.29076743e-01
    1.23109555e+00 1.14665031e+00 5.12767434e-01 4.19456899e-01
    1.50604844e-02 1.04588544e+00 5.29519081e-01 1.77115023e-01
    2.17025042e-01 -9.46781635e-02 1.26105094e+00 9.56458330e-01
    9.31505203e-01 1.31558561e+00 1.96121573e-01 8.79787207e-01
    6.74413323e-01 1.15723169e+00 3.71365547e-01 1.19600964e+00
    8.69114101e-02 1.30817413e-01 5.76806128e-01 5.19339442e-01
    1.10960817e+00 1.00978494e-01 2.19405353e-01 1.18765187e+00
    1.04567432e+00 1.24490917e-01 4.28854108e-01 -7.67037272e-03
    -1.12928048e-01 6.26101732e-01 7.39706635e-01 6.83607817e-01
    1.05226779e+00 -3.09996963e-01 -1.13035262e-01 2.53157437e-01
    1.25843310e+00 2.72627831e-01 7.13059545e-01 6.02164388e-01
    1.03216362e+00 7.54027605e-01 6.88988090e-01 5.14797807e-01
    7.57820249e-01 1.47788882e-01 1.10276759e+00 9.14006114e-01
    1.21230412e+00 1.74668074e-01 -3.63442302e-03 9.06666398e-01
    1.24146581e-01 9.88875031e-01 1.08872503e-01 -2.58155406e-01
    1.04207683e+00 1.29178584e+00 3.42149317e-01 7.05735087e-01
    2.51070678e-01 1.26014078e+00 7.02223659e-01 1.07060277e+00
    3.55666637e-01 1.26821363e+00 3.64652514e-01 1.22041500e+00
    1.03502929e-01 2.54500508e-01 6.18703961e-02 1.23993516e+00
    1.17604852e+00 -4.19141650e-02 8.43907475e-01 5.28622270e-02
    1.03341830e+00 6.23888612e-01 9.26235974e-01 4.11978602e-01
    8.50601315e-01 -4.22076583e-02 8.43462467e-01 5.08249044e-01
    7.65372396e-01 -2.12753162e-01 8.56179714e-01 7.42016673e-01
    1.10591066e+00 8.32919836e-01 1.08162928e+00 8.24329853e-01
    1.13658035e+00 9.73377943e-01 9.13364768e-01 4.13804173e-01
    9.61041927e-01 3.67545605e-01 -3.57361645e-01 7.79475272e-01
    -2.57228494e-01 5.26457727e-01 1.11818862e+00 7.81603694e-01
    1.11699307e+00 -5.49533665e-02 5.94266653e-02 1.06174898e+00
    6.55683875e-01 1.25679302e+00 3.59713674e-01 1.12700081e+00
    4.94862914e-01 1.10927308e+00 2.37845838e-01 1.03941154e+00
    -3.34332287e-01 1.29830432e+00 9.97792363e-01 7.06921220e-02
    1.12057519e+00 -1.92682743e-02 1.68000937e-01 1.42933309e-01
    -3.16185236e-01 1.10179758e+00 -1.27376437e-01 9.11375523e-01
    6.91793203e-01 -8.23361576e-02 4.55275536e-01 -1.49255544e-01
    2.61073202e-01 -2.45220557e-01 -1.62510499e-01 -1.48920432e-01
    8.55247498e-01 1.09094572e+00 -2.62809694e-01 4.05422509e-01
    1.43275797e+00 -1.81300044e-01 7.53170550e-01 1.01910353e-01
    3.90087068e-01 3.97396505e-01 -8.87379944e-02 1.26939273e+00
    2.38644421e-01 7.60755897e-01 9.03412938e-01 1.01899242e+00
    -1.17017150e-01 5.86027086e-01 1.78364843e-01 -2.72918880e-01
    1.30396688e+00 4.07730222e-01 7.56644130e-01 1.20195961e+00
    2.57262945e-01 1.63150370e-01 -1.99023455e-01 3.00965726e-01
    1.05104530e+00 6.70291483e-01 1.00747621e+00 4.52764928e-01
    -2.97313929e-01 1.26579916e+00 1.26380444e-01 1.23132813e+00
    1.37381709e+00 -2.83006430e-02 1.04368865e-01 2.23006666e-01
    1.03417313e+00 2.04315841e-01 -1.75770193e-01 1.16596735e+00
    -1.60462856e-01 2.25155950e-01 5.19985259e-01 -2.03383878e-01
    1.06463361e+00 -1.45622671e-01 7.84470916e-01 -5.77037632e-02
    -2.52597272e-01 5.83878160e-01 8.31776977e-01 6.65957332e-01
    -1.99544787e-01 7.21531510e-01 7.63148546e-01 8.01246643e-01
    -1.88844264e-01 9.76708651e-01 2.52250254e-01 1.00941110e+00
    6.61195993e-01 6.01651073e-01 1.07744968e+00 -3.45922470e-01
    6.99566543e-01 -3.53201032e-02 1.29904449e+00 1.09737158e+00
    1.62998557e-01 4.72378075e-01 7.63521969e-01 2.53190696e-01
    1.06712508e+00 4.27541614e-01 1.25023270e+00 3.74924421e-01
    2.49169767e-01 1.21349919e+00 5.90223908e-01 4.60718632e-01
    -2.40776837e-01 5.91731131e-01 -1.10622048e-02 1.75417393e-01
    5.40742815e-01 -2.31257141e-01 9.74785328e-01 1.21619165e-01
    9.00868535e-01 5.34308076e-01 9.76954699e-01 1.09903312e+00
    6.18228853e-01 -2.13709906e-01 4.98721182e-01 8.24123442e-01
    4.38544512e-01 -6.57766461e-02 1.29236925e+00 -1.89377069e-01
    2.41829425e-01 -2.64881700e-01 1.24696016e-01 8.94398332e-01
    -3.19648892e-01 -1.21509269e-01 -1.51583120e-01 1.40453446e+00
    8.69385362e-01 9.57339048e-01 -1.93306178e-01 8.07576895e-01
    1.35044515e-01 -3.81431609e-01 7.59213686e-01 9.60017085e-01
    9.56894159e-02 3.98453057e-01 2.50136673e-01 7.62960196e-01
    5.07754683e-02 5.50347149e-01 8.59680891e-01 4.83587384e-02
    -1.52638465e-01 -2.14285761e-01 1.61442339e-01 -2.07091868e-02
    3.80491495e-01 5.58533490e-01 2.52131462e-01 -1.07622087e-01
    -1.90442443e-01 5.20561814e-01 -6.03723526e-03 3.24522257e-02
    1.05008459e+00 1.02147472e+00 1.87117994e-01 8.96283388e-01
    5.52744985e-01 1.13299930e+00 1.03787017e+00 3.22913468e-01
    8.74768138e-01 8.97352338e-01 1.23096371e+00 -5.69875836e-02
    -3.77084553e-01 1.27228606e+00 1.36489832e+00 2.15647221e-02
    2.94501245e-01 2.19399631e-01 7.72106051e-01 8.13317060e-01
    -1.15704060e-01 9.97355342e-01 -2.29531407e-01 4.03986275e-01
    3.57834697e-02 1.25222790e+00 -5.10233283e-01 1.12071860e+00
    -1.41385794e-01 1.16134477e+00 -3.48739445e-01 6.78957641e-01
    5.94801247e-01 -1.04708791e-01 4.80242014e-01 -2.83953547e-02
    3.84370089e-01 3.83198202e-01 -2.40493596e-01 3.51126790e-02
    4.48202610e-01 5.42719364e-02 6.74494207e-01 -2.38589972e-01
    5.20536065e-01 7.70878792e-02 -2.29640573e-01 -3.16397548e-01
    1.15598226e+00 4.57038343e-01 4.72175658e-01 4.55840588e-01
    8.39561105e-01 6.72073722e-01 2.95089841e-01 3.70091617e-01
    1.04484653e+00 9.54165936e-01 -7.40975142e-03 -2.58582711e-01
    1.30097783e+00 6.64055586e-01 9.08617616e-01 1.26307344e+00
    2.77264237e-01 1.25298500e-02 1.18793559e+00 -1.53708220e-01
    1.23779368e+00 1.31075859e-01 1.15072882e+00 -1.91489726e-01
    3.54775250e-01 -2.56894439e-01 1.00967491e+00 8.18117023e-01
    1.18324482e+00 2.93370247e-01 1.27683783e+00 8.71570587e-01
    -3.02993894e-01 6.24214411e-01 1.82658434e-01 6.92662954e-01
    -3.60302925e-02 -5.93678951e-02 1.30756152e+00 4.14166451e-01
    6.59788489e-01 7.57993221e-01 7.50390768e-01 -1.25393689e-01
    3.64828765e-01 7.88899660e-02 -1.03462845e-01 7.61201501e-01
    8.65801215e-01 9.58055973e-01 2.47013509e-01 5.98870516e-02
    1.32290256e+00 6.54201984e-01 6.74177885e-01 1.14107049e+00
    5.13852775e-01 1.02180481e+00 -1.16280019e-02 4.92085755e-01
    2.73098767e-01 -3.48924994e-02 3.52188706e-01 5.26990294e-02
    1.15996748e-01 6.04255021e-01 9.53531742e-01 2.86526620e-01
    1.03842604e+00 5.07227778e-01 1.17952085e+00 6.21209145e-02
    -3.44521195e-01 -1.25064254e-02 1.21042573e+00 1.20418394e+00
    1.46430314e-01 -2.54210830e-01 1.21699899e-01 9.02944207e-02
    9.45928097e-01 7.77415872e-01 1.03535450e+00 9.34770942e-01
    7.18027115e-01 9.27485108e-01 3.30139875e-01 4.91018236e-01
    3.49751949e-01 5.81868052e-01 8.57819557e-01 8.67924690e-01
    8.37447524e-01 2.53753304e-01 1.24588907e+00 1.01878881e+00
    -1.53896987e-01 2.23763585e-01 8.26344430e-01 -3.14033628e-02
    6.74881339e-01 -1.15383267e-02 1.65525347e-01 -8.93602669e-02
    -2.91262567e-01 3.89553070e-01 1.03988063e+00 1.02710211e+00
    1.17671454e+00 3.53045583e-01 2.07626522e-01 8.96324039e-01
    8.76101255e-01 7.74195552e-01 8.42195034e-01 -3.14221680e-02
    4.23441708e-01 6.36745811e-01 9.17145133e-01 1.29137564e+00
    -2.14019731e-01 -1.83414191e-01 4.56574440e-01 1.06697607e+00
    1.58063948e-01 3.21425796e-01 4.78896499e-01 7.13556349e-01
    -2.18726903e-01 2.65945315e-01 2.18270868e-01 -4.08121943e-02
    6.54807270e-01 3.92735958e-01 5.55456161e-01 1.19105577e+00
    8.78706694e-01 1.11252618e+00 1.38168871e-01 2.97831655e-01
    1.06591916e+00 -6.17741048e-02 -1.63547575e-01 1.05587447e+00
    8.39930058e-01 5.29097915e-01 7.05633759e-01 7.30175376e-02
    1.28917849e+00 9.18564081e-01 5.02952933e-01 7.67168522e-01
    7.42710650e-01 -1.08001664e-01 -1.41649991e-01 8.50250721e-01
    1.02799022e+00 1.19835651e+00 6.42687082e-01 9.10638213e-01
    -3.21518451e-01 9.88155484e-01 8.39375138e-01 -1.61867350e-01
    3.27209711e-01 1.31672412e-01 -2.07018390e-01 4.28067803e-01
    -1.73166648e-01 7.04540849e-01 8.55661035e-01 1.20746326e+00
    6.05844736e-01 4.97035503e-01 7.28442311e-01 3.42373192e-01
    9.60771561e-01 1.03239179e+00 5.33940971e-01 -5.44163585e-02
    1.29899216e+00 -4.43286479e-01 1.40151346e+00 6.92130566e-01
    -1.15725100e-01 1.06020200e+00 8.61357570e-01 -1.62090182e-01
    1.10169113e+00 7.73828626e-01 1.01513076e+00 2.67112255e-03
    7.70070612e-01 4.48776603e-01 6.88282371e-01 1.16044044e-01
    1.31095159e+00 1.15177894e+00 6.09920979e-01 7.24963963e-01
    4.16613102e-01 1.80625021e-02 -1.03786930e-01 9.98889267e-01
    9.18810964e-02 1.40149879e+00 9.64202285e-02 -3.53987515e-02
    -1.26289457e-01 4.81154978e-01 1.02007580e+00 5.60044646e-02
    6.45095348e-01 1.22746027e+00 -1.42325342e-01 8.36730897e-01
    -4.17451203e-01 1.11212003e+00 8.93064618e-01 6.18829012e-01
    7.82679558e-01 -3.32053721e-01 1.68588459e-01 4.00890887e-01
    1.02359259e+00 1.27624631e-01 1.23163188e+00 3.99818957e-01
    1.09107554e+00 9.93508339e-01 6.95402503e-01 5.32636821e-01
    2.39610374e-01 -1.14404798e-01 1.49521959e+00 -2.65940875e-01
    1.62759781e-01 5.53122759e-01 1.12096608e+00 -2.63390452e-01
    1.18297255e+00 8.98294568e-01 2.38032758e-01 1.12989318e+00
    1.14340675e+00 8.50792170e-01 1.89533532e-01 6.60501957e-01
    7.09196448e-01 1.27602768e+00 4.95782614e-01 9.05791402e-01
    2.55174696e-01 8.63278747e-01 8.74263585e-01 6.83903933e-01
    9.17578220e-01 1.00180483e+00 6.88726306e-02 1.15852845e+00
    3.63886595e-01 5.54838777e-03 3.81431520e-01 1.30540872e+00
    4.42700863e-01 9.85313654e-01 1.69856250e-01 7.85812557e-01
    1.01959312e+00 6.34641647e-02 5.30394614e-01 -3.04212660e-01
    6.86535120e-01 -1.41926855e-01 1.05700803e+00 1.34043634e+00
    -2.03827262e-01 1.28685069e+00 2.07475245e-01 4.96965826e-01
    5.72292030e-01 6.51282489e-01 -2.62147516e-01 3.99540544e-01
    1.16693115e+00 7.78895974e-01 6.69480443e-01 6.78201675e-01
    1.18184435e+00 6.76507473e-01 9.75372910e-01 6.84549093e-01
    2.12344229e-02 -1.17241442e-02 4.41427290e-01 4.29693043e-01
    5.36072433e-01 6.07278228e-01 6.12563372e-01 2.32205272e-01
    1.32576418e+00 7.43948221e-01 9.36590433e-01 -1.66970491e-02
    4.95132208e-02 1.21493554e+00 3.45327377e-01 1.03161907e+00
    -1.75037205e-01 8.92012477e-01 1.06329274e+00 7.46896267e-01
    2.88712025e-01 3.42658699e-01 -4.99731302e-03 1.16215265e+00
    1.07648838e+00 6.00802898e-02 1.45121419e+00 6.85124397e-02
    9.18355882e-02 2.06389487e-01 5.20130396e-01 9.21408415e-01
    -9.34895873e-02 8.44851613e-01 8.70531082e-01 8.22913647e-03
    1.32948518e+00 1.20203602e+00 -1.93633735e-01 3.47745657e-01
    6.19769752e-01 1.19501090e+00 8.81069839e-01 -1.11811072e-01
    6.59250081e-01 3.66142631e-01 5.90747476e-01 2.97043800e-01
    1.20717800e+00 -4.09772664e-01 1.16457975e+00 -1.97002918e-01
    9.18225169e-01 5.51125765e-01 -8.15552473e-03 5.35866022e-01
    7.35030413e-01 9.91558075e-01 4.62518334e-01 -3.29606473e-01
    2.05602258e-01 -1.29819676e-01 3.32934201e-01 8.16840529e-02
    3.79761040e-01 7.84246087e-01 1.47502184e-01 4.61673021e-01
    3.68503034e-01 1.11240876e+00 -1.94487572e-02 1.16292906e+00
    5.72257876e-01 7.50344336e-01 -2.48388767e-01 1.06647253e-01
    8.63677740e-01 8.30051541e-01 5.80492079e-01 -1.48650706e-01
    9.58195686e-01 1.15004957e+00 -1.59506559e-01 8.88285756e-01
    1.16360104e+00 5.82827806e-01 -1.37598217e-01 3.81423950e-01
    -1.68497935e-01 -7.93090388e-02 -1.31338909e-01 8.65367830e-01
    2.72933960e-01 9.77768660e-01 -3.82035643e-01 1.27549160e+00
    1.67527616e-01 7.77433872e-01 9.90656137e-01 1.06302261e+00
    5.96526027e-01 -3.31890732e-01 9.83477354e-01 1.10413885e+00
    1.02954376e+00 6.37724221e-01 -2.33024731e-01 4.89634931e-01
    8.94199014e-01 1.14520240e+00 -1.78469598e-01 1.23257899e+00
    5.41641831e-01 3.06711257e-01 -3.23848337e-01 1.03941524e+00
    3.45504999e-01 5.09174407e-01 1.05978107e+00 -9.09900665e-03
    6.95330501e-01 -4.41401958e-01 1.19466662e+00 -2.79926449e-01
    1.44984686e+00 -2.05237225e-01 2.06104100e-01 1.02649152e+00
    8.49690437e-02 7.87252069e-01 1.30201280e+00 -2.68680155e-01
    3.79633129e-01 1.62167549e-01 -1.09220296e-01 1.05737638e+00
    5.53989410e-01 -3.98103774e-01 1.22155905e+00 -3.73655021e-01
    7.97193408e-01 3.11857045e-01 -1.18841231e-02 3.82093012e-01
    5.41864038e-01 -6.08226061e-02 5.48647642e-01 2.74738967e-01
    9.75513458e-01 8.42602730e-01 6.19041443e-01 5.97467065e-01
    9.28395510e-01 -2.99366802e-01 3.66222203e-01 1.17692411e+00
    4.43294108e-01 1.04023373e+00 3.90812159e-01 6.62144423e-01
    5.53326726e-01 4.08683658e-01 1.15179491e+00 1.61901712e-02
    -2.34981179e-02 7.23009109e-01 1.77934408e-01 5.56574643e-01
    1.31344974e+00 -2.27005482e-01 1.19231069e+00 9.95822072e-01
    -2.84390688e-01 1.91453636e-01 1.86993837e-01 5.87446332e-01
    7.99730539e-01 6.02379084e-01 1.22126722e+00 5.38429856e-01
    1.12299383e+00 4.02269006e-01 3.49472642e-01 5.50566733e-01
    8.82013083e-01 6.21231377e-01 1.02229536e+00 1.00221336e+00
    9.18616772e-01 8.28854442e-01 8.93374681e-01 -3.05599093e-01
    8.97997856e-01 1.12802482e+00 3.68663311e-01 6.35400772e-01
    6.15565836e-01 1.60704643e-01 1.35746896e-01 1.60583019e-01
    -2.40030095e-01 1.09122896e+00 1.06476378e+00 -3.15053225e-01
    9.13862824e-01 8.26319337e-01 1.03723466e+00 9.35495019e-01
    8.85989904e-01 1.38135374e-01 1.31048501e-01 3.31273675e-01
    7.61690736e-01 -3.03245276e-01 1.30799305e+00 7.25470304e-01
    7.62583375e-01 2.82094657e-01 8.33496153e-02 -8.27578008e-02
    1.17208505e+00 1.43722951e-01 2.67174006e-01 1.13144290e+00
    -1.47513360e-01 3.58567417e-01 -1.65807396e-01 1.34301841e-01
    -3.14921051e-01 9.24492598e-01 9.58604455e-01 -1.66581124e-01
    6.80561602e-01 -5.81251979e-02 1.13600028e+00 4.01447356e-01
    7.06526101e-01 -1.06998295e-01 1.12221730e+00 2.69315958e-01
    2.51013577e-01 -1.54418051e-01 3.60485017e-01 1.37163842e+00
    3.66912425e-01 -1.81770757e-01 7.48397648e-01 -8.32563341e-02
    -3.03318381e-01 -1.09215021e-01 1.11924446e+00 6.66533113e-01
    6.97320700e-03 1.29639888e+00 -3.62281203e-02 1.11807048e+00
    3.17871153e-01 1.05338025e+00 -1.32285833e-01 9.43096757e-01
    4.97536719e-01 7.89124846e-01 1.09440327e-01 1.27413702e+00
    -7.86218345e-02 3.09872091e-01 1.10532284e+00 1.19463336e+00
    1.33369839e+00 2.06659973e-01 1.17008913e+00 1.08165133e+00
    -9.74496603e-02 -3.59578401e-01 8.54878426e-01 1.11861277e+00
    -8.96627903e-02 1.18541777e-01 6.56861663e-01 4.56236303e-01
    1.20161116e-01 4.32203889e-01 6.85132146e-02 6.59825265e-01
    2.14253485e-01 7.76864171e-01 2.81896770e-01 5.06050527e-01
    6.13161683e-01 4.25306082e-01 5.30666351e-01 1.04550755e+00
    -2.43544608e-01 9.76429939e-01 2.94177115e-01 1.37567496e+00
    -2.05694914e-01 1.31657660e+00 5.97451925e-02 3.61596584e-01
    -3.38327885e-02 -2.11620271e-01 1.26702356e+00 -9.77820158e-03
    1.20660329e+00 -1.34298563e-01 4.98570085e-01 7.10404158e-01
    -1.15208656e-01 1.33252728e+00 -2.98124462e-01 6.19488001e-01
    8.84869576e-01 7.69743800e-01 8.77505064e-01 1.17940915e+00
    -1.62730575e-01 7.54408956e-01 1.90051615e-01 8.18370104e-01
    8.28691840e-01 4.30224776e-01 -1.22845173e-04 1.38965857e+00
    -1.41660899e-01 9.19484496e-01 4.52580929e-01 -2.76424736e-01
    9.68834162e-01 1.95720077e-01 9.49935138e-01 -3.23510438e-01
    8.64481926e-01 -1.43913537e-01 1.62440479e-01 -4.35410440e-03
    -1.25733122e-01 -3.37470770e-02 7.86286354e-01 4.69723225e-01
    -1.45940155e-01 -1.78958833e-01 4.94326174e-01 6.67800426e-01
    9.57506418e-01 2.80931354e-01 8.06041658e-02 4.69017684e-01
    2.98413932e-01 1.12260365e+00 6.35277271e-01 4.23112690e-01
    -2.04553649e-01 7.26497650e-01 9.25902843e-01 1.17825711e+00
    2.50986934e-01 1.34269619e+00 -2.98134953e-01 2.13973284e-01
    8.65410566e-01 3.43059361e-01 1.13837695e+00 9.69443202e-01
    -8.49755406e-02 -2.79023975e-01 -5.19134104e-02 1.32779777e-01
    1.28085256e+00 6.02671266e-01 5.11531711e-01 7.92767584e-01
    8.22768807e-01 1.10562992e+00 2.20970333e-01 8.99336398e-01
    -3.02733898e-01 1.26668286e+00 -4.21885312e-01 1.51505232e+00
    2.89788902e-01 -1.00189470e-01 7.44019151e-02 1.07493091e+00
    5.84112108e-01 9.70100760e-01 2.42687225e-01 6.80819750e-01
    -2.02792466e-01 1.13110650e+00 -2.25838259e-01 7.13430524e-01
    2.50358224e-01 7.45823026e-01 1.14186370e+00 8.91448140e-01
    1.11694717e+00 1.07261038e+00 -1.72881812e-01 7.23136425e-01
    1.36898160e+00 -2.85937697e-01 4.05884445e-01 9.50328112e-02
    -2.94004798e-01 8.47059011e-01 9.62509394e-01 5.23445487e-01
    2.10552812e-01 8.28507662e-01 -8.62788856e-02 1.23732603e+00
    -5.01101494e-01 1.14476740e+00 1.22678554e+00 -1.08826160e-02
    2.47711539e-01 1.17951620e+00 8.47245336e-01 1.37924421e+00
    4.56415832e-01 9.02399421e-02 1.29519618e+00 -2.44707495e-01
    -6.56346381e-02 1.48680794e+00 -1.28365636e-01 1.28465903e+00
    3.15858126e-01 1.36246490e+00 1.23144758e+00 -3.97324413e-01
    1.08051884e+00 1.22811735e+00 -2.86852211e-01 1.19968820e+00
    -3.51993382e-01 2.27538705e-01 1.09537971e+00 1.82140589e-01
    8.30374837e-01 -2.11832136e-01 7.62137294e-01 9.74885583e-01
    4.46813107e-01 -3.26208413e-01 1.24213219e-01 1.55515373e-01
    4.79950666e-01 1.10477018e+00 -4.40607011e-01 1.00694966e+00
    5.65352380e-01 -1.39880791e-01 1.25961185e-01 1.30248642e+00
    1.06040192e+00 7.46175766e-01 6.74946308e-01 7.41926014e-01
    4.76864755e-01 2.28166938e-01 5.00502288e-01 1.45328701e-01
    1.10568154e+00 1.16060138e+00 9.16940331e-01 1.30761707e+00
    4.31464434e-01 4.00850981e-01 -2.55511045e-01 8.83402348e-01
    8.79847288e-01 1.17786002e+00 -1.00294992e-01 7.98892975e-02
    7.09023774e-01 2.40514755e-01 9.64293838e-01 5.51955700e-01
    1.08289361e+00 1.08008409e+00 6.23926818e-01 8.38132322e-01
    5.90143204e-02 4.53692138e-01 5.57598233e-01 -1.07197672e-01
    6.63745880e-01 5.24286926e-01 1.06280744e+00 -2.48264104e-01
    -1.54286712e-01 3.19815159e-01 1.26044488e+00 7.51093626e-02
    6.69162154e-01 9.44117904e-01 9.44860697e-01 -1.29567504e-01
    9.94456649e-01 3.01759899e-01 1.10603631e-01 9.78856325e-01
    1.01564312e+00 1.30050731e+00 7.19157219e-01 6.55705452e-01
    -2.64521241e-02 1.09370172e+00 -1.69259220e-01 -2.89199054e-02
    6.75991952e-01 -1.50361121e-01 -9.57139730e-02 5.99681616e-01
    -2.18784586e-01 1.25762117e+00 -3.62231135e-02 -1.74054265e-01
    -2.00168446e-01 9.90836561e-01 -3.23042154e-01 3.80625010e-01
    -2.63962954e-01 2.46426880e-01 -2.71788239e-02 -3.71971399e-01
    1.21976781e+00 5.78480065e-01 1.15180647e+00 5.27300835e-01
    3.13421071e-01 2.07686901e-01 1.26454687e+00 5.70953965e-01
    -3.30412358e-01 5.97894013e-01 9.18262839e-01 5.70833087e-01
    6.54475510e-01 1.07098067e+00 -1.17915273e-01 8.01702738e-01
    1.10377049e+00 1.82473719e-01 8.69819283e-01 -9.09674764e-02
    1.05181313e+00 4.21935320e-02 1.10509372e+00 -3.27997804e-02
    -2.20504463e-01 -1.41989872e-01 4.51477885e-01 3.98616731e-01
    6.49500549e-01 1.30008471e+00 3.60538960e-01 1.64219320e-01
    1.08393729e+00 -3.08515549e-01 1.23133266e+00 3.18281591e-01
    -1.74093917e-01 1.33455896e+00 -3.01442653e-01 1.40642738e+00
    6.28703833e-03 2.92440057e-02 1.07177222e+00 3.40886533e-01
    9.93111849e-01 8.49303722e-01 2.22953498e-01 1.89543545e-01
    1.58464253e-01 1.33783770e+00 -3.75033557e-01 9.27614093e-01
    3.18426490e-02 1.00194716e+00 1.25825405e+00 1.03974855e+00
    -2.53049552e-01 -3.94929647e-02 -5.10385633e-02 7.75181174e-01
    9.33557391e-01 -2.98713744e-01 7.30938554e-01 -2.99547762e-02
    -1.32042304e-01 6.74316406e-01 1.01393127e+00 -2.37306952e-02
    1.20010018e+00 1.21678078e+00 6.34414554e-02 1.08442020e+00
    7.46588111e-01 3.67709279e-01 2.72325516e-01 -2.08602354e-01
    7.04713285e-01 3.80091906e-01 6.22588038e-01 6.38210416e-01
    3.99889529e-01 7.79869437e-01 -1.31375849e-01 -2.28076383e-01
    1.29499221e+00 3.52884531e-01 6.25033975e-02 1.40198398e+00
    -2.03141570e-02 1.58593953e-01 1.29233062e+00 8.73764753e-02
    1.13753414e+00 7.52827764e-01 7.26974964e-01 7.83753216e-01
    -1.03764772e-01 2.78172612e-01 9.61578488e-01 -9.54039097e-02
    -7.25801885e-02 1.56173229e-01 1.16320419e+00 -2.45196238e-01
    3.61925364e-02 1.08323836e+00 5.70452571e-01 -2.12264955e-01
    2.05139518e-02 -8.43253881e-02 1.38717103e+00 1.55884027e-03
    3.50082517e-01 -2.41849691e-01 1.04308218e-01 -2.15651125e-01
    1.13503766e+00 4.53045011e-01 -5.76526225e-02 5.02450168e-01
    1.14134312e+00 -7.36728907e-02 3.18379581e-01 2.20770597e-01
    1.59726799e-01 -1.91032887e-03 -3.23610902e-02 1.05486500e+00
    6.75771236e-02 9.20767903e-01 1.22925532e+00 9.64512825e-01
    2.73236036e-01 1.09213543e+00 8.63939524e-01 4.03070748e-01
    -3.57782543e-02 3.14623594e-01 4.72933173e-01 1.18028700e-01
    1.33541691e+00 5.63584566e-02 9.02978778e-01 8.44310641e-01
    8.19390178e-01 6.90314412e-01 5.06952524e-01 -1.44557446e-01
    4.40555811e-03 1.08429933e+00 -5.49365282e-02 -4.29831892e-02
    -5.95634878e-02 -3.38857681e-01 1.28049982e+00 3.43416572e-01
    1.86404765e-01 -1.54007733e-01 1.05890095e+00 5.02366662e-01
    2.30476081e-01 3.09083879e-01 3.32712710e-01 -1.09407544e-01
    6.50366127e-01 8.40369105e-01 8.87423754e-01 -5.55010438e-02
    1.14042234e+00 6.92862272e-01 5.83057106e-01 -1.74150288e-01
    1.87325358e-01 1.12653744e+00 6.12411976e-01 5.92645049e-01
    6.33370161e-01 6.14642620e-01 1.32111609e+00 1.45679355e-01
    1.17728257e+00 4.13705111e-01 4.13580835e-01 4.09919679e-01
    8.74621868e-02 1.72552824e-01 3.43722403e-02 -9.65789407e-02
    3.32724333e-01 1.22506440e-01 8.18318725e-01 -1.35342538e-01
    6.24097824e-01 1.01154578e+00 6.61655664e-01 -2.24522442e-01
    -1.79423392e-03 6.10739589e-02 -6.24090433e-02 7.60551453e-01
    -1.06901199e-01 9.99530077e-01 -6.71000481e-02 -1.67265832e-01
    2.48057306e-01 1.25924766e+00 6.55157447e-01 9.12471414e-02
    -1.04065984e-01 9.67363000e-01 -1.22877479e-01 6.06013775e-01
    1.37659478e+00 -4.36505646e-01 9.26994681e-01 1.29914284e-01
    4.68140423e-01 7.37060010e-01 4.18754220e-01 1.50556326e-01
    1.18123353e-01 1.76711082e-01 3.65768433e-01 -5.28121293e-02
    1.47185981e-01 1.35447192e+00 -4.72079486e-01 1.28259170e+00
    6.89636827e-01 7.30071425e-01 1.00053656e+00 7.70612955e-02
    1.45696729e-01 -1.61364943e-01 6.60453200e-01 2.63563693e-01
    1.37876999e+00 -3.11718911e-01 1.28768229e+00 -8.47318769e-03
    1.75962567e-01 7.69501925e-01 1.36926508e+00 -4.49299812e-03
    2.13706493e-03 3.05593014e-03 5.67530274e-01 1.23991096e+00
    2.41385937e-01 7.64050841e-01 -6.73931539e-02 6.15284264e-01
    -1.65740639e-01 8.41649055e-01 8.39315057e-01 2.16385484e-01
    1.26218414e+00 -4.69611883e-01 6.32823825e-01 8.36856127e-01
    2.75180221e-01 8.60810757e-01 4.03193235e-01 5.12062907e-02
    1.40040982e+00 -1.55142546e-02 1.12296617e+00 9.02983427e-01
    -3.28358561e-01 1.26782012e+00 5.95862865e-02 6.21519268e-01
    1.86573207e-01 1.23775125e+00 9.70218658e-01 1.19863224e+00
    -2.54148841e-02 7.01895356e-01 8.65412593e-01 4.44171906e-01
    1.28707433e+00 3.60396802e-01 -2.31805414e-01 1.02413034e+00
    2.97494650e-01 5.12695312e-03 8.04363608e-01 1.13871348e+00
    2.97091842e-01 2.42762148e-01 5.85390806e-01 5.37991524e-02
    -5.04548848e-02 3.27643633e-01 4.95487034e-01 6.39727950e-01
    3.11322212e-01 9.08310890e-01 8.50106359e-01 -3.64048153e-01
    1.41268981e+00 3.60823989e-01 1.44421458e-01 6.96143389e-01
    2.85016596e-01 8.81719947e-01 9.02590513e-01 9.41938281e-01
    -3.55756283e-03 1.04205298e+00 -2.99481750e-02 6.88211203e-01
    6.50505304e-01 1.07138324e+00 9.87751961e-01 9.44563508e-01
    -3.57971907e-01 6.40658557e-01 8.55670929e-01 4.78385687e-02
    1.30239582e+00 5.20619631e-01 1.04124427e+00 7.50700831e-01
    1.25594902e+00 5.28095603e-01 -1.71468318e-01 1.04923189e-01
    1.00827086e+00 1.04644084e+00 1.24422002e+00 -1.01105407e-01
    3.05714548e-01 6.61692023e-02 8.46102595e-01 9.55678344e-01
    7.79541373e-01 9.86448050e-01 5.61460078e-01 -2.94932127e-01
    7.72833109e-01 7.17588305e-01 7.40818143e-01 4.45234835e-01
    -1.60606623e-01 6.95086658e-01 6.84700012e-01 7.14330316e-01
    1.42501533e-01 2.33462214e-01 6.80322647e-02 -3.40084136e-02
    1.87672824e-01 6.91006899e-01 1.01312649e+00 -3.41280401e-02
    6.86454535e-01 8.57439995e-01 9.42616820e-01 4.91483152e-01
    -7.74052143e-02 1.17657077e+00 1.38600314e+00 -2.73302078e-01
    1.43307567e-01 1.45571232e-02 3.09612453e-01 1.09712863e+00
    3.06205869e-01 7.09640920e-01 2.26836979e-01 1.12553406e+00
    1.00031936e+00 2.24380553e-01 -1.57909587e-01 6.59762502e-01
    8.47182274e-01 3.87294471e-01 7.43379116e-01 1.91604853e-01
    -7.17976093e-02 1.18412566e+00 1.82453454e-01 -1.89994574e-02
    9.42377806e-01 -2.32058048e-01 2.97949672e-01 1.20405376e+00
    2.75410771e-01 -6.67039156e-02 -5.78082204e-02 3.82509172e-01
    6.76975548e-01 1.23542249e-02 6.52334094e-02 9.72807169e-01
    1.00207245e+00 -2.58052498e-01 -1.47457123e-01 3.97513330e-01
    5.17184973e-01 -2.18773246e-01 1.16917360e+00 4.05595303e-01
    -1.72924697e-02 6.64583802e-01 8.19404960e-01 7.38134980e-03
    1.44023395e+00 1.14941204e+00 1.11715758e+00 1.41953230e-02
    9.99605298e-01 1.07164812e+00 7.56505847e-01 -8.01995397e-02
    9.42360640e-01 3.80228996e-01 2.91102231e-01 4.52654243e-01
    1.17851496e-02 5.76299906e-01 -2.26196051e-02 8.67177129e-01
    8.23672414e-01 2.69599855e-01 9.95038271e-01 5.35183132e-01
    5.67314982e-01 3.74203980e-01 4.84048843e-01 1.14711070e+00
    9.20104623e-01 2.15596616e-01 8.66415262e-01 5.94133139e-01
    7.56787777e-01 7.16442943e-01 -2.81584293e-01 9.82855201e-01
    3.96065116e-01 6.09350920e-01 1.64906085e-01 -1.85724661e-01
    6.67939544e-01 7.62561202e-01 1.08221161e+00 2.04960704e-02
    2.87542343e-01 1.90489292e-01 6.75269961e-01 7.69088447e-01
    -6.17842823e-02 1.18102849e-01 2.84762263e-01 8.26549232e-01
    -1.65637538e-01 3.53057683e-02 -3.11502218e-02 1.32740116e+00
    -2.52938151e-01 1.23045146e-01 1.63524628e-01 3.46601307e-02
    7.66147792e-01 -2.38609225e-01 1.01480150e+00 4.26838875e-01
    1.19017124e-01 9.52956319e-01 7.88433671e-01 1.73772156e-01
    1.16060615e+00 -3.01390618e-01 8.63686562e-01 8.47905993e-01
    -1.22876823e-01 1.24462628e+00 5.90319991e-01 -2.28647441e-01
    1.39820802e+00 -3.84522647e-01 1.16837931e+00 8.24672818e-01
    -6.54804707e-03 6.78477407e-01 -9.62392986e-02 -1.91287994e-02
    -1.67471394e-01 1.26849961e+00 -1.40573919e-01 -2.86883831e-01
    1.01444066e+00 1.15341997e+00 1.16230214e+00 -1.69075325e-01
    2.77597845e-01 4.97973561e-01 6.33415818e-01 1.31979632e+00
    6.92740977e-01 -3.21569294e-01 1.36334455e+00 5.22356868e-01
    6.54892325e-01 1.06490421e+00 7.28048563e-01 6.17074966e-01
    6.56928539e-01 7.40535378e-01 1.05086029e+00 2.75237978e-01
    1.05519843e+00 1.02618563e+00 -2.75960624e-01 3.90416205e-01
    5.30730963e-01 1.07275188e+00 1.18145502e+00 1.17868638e+00
    2.59144247e-01 6.52531445e-01 -4.76224899e-01 9.94908094e-01
    4.61609602e-01 8.86419177e-01 2.10561335e-01 1.97683930e-01
    1.43210936e+00 -4.84986663e-01 3.27157855e-01 7.16376185e-01
    5.88143945e-01 1.24591506e+00 1.01601207e+00 1.14237845e+00
    6.06250525e-01 -1.11092359e-01 1.32070780e+00 8.48132253e-01
    -5.00077605e-02 8.89444590e-01 8.53327394e-01 4.16809559e-01
    6.36889219e-01 1.24786329e+00 5.27542830e-02 -9.86976475e-02
    2.25525796e-02 5.62837720e-01 -7.90829509e-02 -1.42574862e-01
    1.19454712e-01 5.39424956e-01 1.08546638e+00 8.36307704e-02
    1.40617788e-01 -9.27127004e-02 2.81359553e-01 4.27098155e-01
    2.38766432e-01 6.96048021e-01 1.83956981e-01 1.08119130e+00
    1.13797009e-01 4.61783767e-01 5.26315153e-01 3.04526091e-01
    1.20853198e+00 1.06628239e+00 4.96114016e-01 8.22000623e-01
    5.35819769e-01 1.25559902e+00 1.11596251e+00 4.24241364e-01
    6.18941545e-01 -1.40166581e-01 7.15178251e-01 4.87752259e-01
    -7.11627603e-02 4.28959191e-01 -1.85651526e-01 7.10940003e-01
    8.44882607e-01 -3.14980149e-02 3.94395292e-02 1.04575932e-01
    6.19052947e-01 1.26960993e-01 9.04694676e-01 2.05370545e-01
    4.40843105e-01 1.26300824e+00 1.02421534e+00 6.14484787e-01
    3.31698656e-02 5.46136737e-01 1.05752528e+00 3.45960200e-01
    6.38426185e-01 7.50010371e-01 -3.15889001e-01 2.75332928e-01
    1.62883401e-01 8.55253220e-01 6.22854590e-01 8.58215988e-01
    -2.13778615e-01 3.36362362e-01 1.13233161e+00 1.21863735e+00
    6.66247606e-01 1.00068581e+00 4.28770900e-01 1.33351982e-01
    3.15987140e-01 -3.22854578e-01 -2.61404753e-01 8.21459830e-01
    1.00881481e+00 3.86813104e-01 1.07165253e+00 5.56572556e-01
    1.08155835e+00 -5.22477031e-02 1.10205913e+00 5.71165562e-01
    6.41191006e-02 1.13800824e-01 7.86538780e-01 1.30826557e+00
    1.04537749e+00 5.37527978e-01 -4.20506924e-01 9.69415545e-01
    3.40077162e-01 5.85956573e-01 4.36434805e-01 4.50270772e-01
    9.49431062e-01 2.18198597e-01 8.29428196e-01 6.10694528e-01
    8.25445056e-01 -1.11978948e-01 1.31883478e+00 1.06634521e+00
    8.57660651e-01 5.41419029e-01 1.13870728e+00 -2.80976295e-01
    -3.79195213e-02 8.72129679e-01 8.48418832e-01 1.33710551e+00
    5.82971811e-01 1.19564390e+00 7.05486417e-01 1.01714706e+00
    1.35668993e-01 4.37967777e-01 6.84346437e-01 -1.94808066e-01
    6.07269406e-02 4.32063341e-01 3.48336279e-01 5.28433681e-01
    -1.34117931e-01 1.12833321e+00 1.10779762e+00 4.71516907e-01
    3.09378386e-01 7.67697811e-01 1.22524357e+00 1.41129255e-01
    1.18100691e+00 3.34014297e-02 3.49789500e-01 5.41399956e-01
    -1.03558838e-01 6.66140556e-01 1.38728797e-01 -7.35005438e-02
    1.12652934e+00 4.92403984e-01 1.10612857e+00 6.83661580e-01
    -1.99149251e-02 1.13367498e+00 -3.46030027e-01 1.16343498e+00
    4.86310601e-01 5.58487892e-01 1.35342216e+00 -1.07085645e-01
    9.13601995e-01 6.15587234e-01 1.26984978e+00 7.68910944e-01
    -1.18755475e-01 -2.45424509e-01 8.19298983e-01 8.77321601e-01
    2.44813740e-01 2.18323052e-01 8.36125016e-01 6.35504365e-01
    -1.67742759e-01 2.04059720e-01 1.30395186e+00 1.76165402e-01
    8.16571891e-01 5.19975364e-01 4.38841581e-01 7.53598809e-01
    7.71201491e-01 4.64823842e-01 1.12112784e+00 -4.48606312e-02
    6.12707794e-01 1.30295289e+00 2.06057727e-01 -1.45496145e-01
    -2.29348749e-01 7.72061348e-01 6.50586486e-01 8.63142610e-02
    5.30433774e-01 1.14545858e+00 1.10029197e+00 -2.21968293e-02
    1.16167665e-01 1.14537275e+00 1.20539343e+00 8.34741354e-01
    2.59161592e-01 1.19096792e+00 4.35567021e-01 8.21672559e-01
    7.94268250e-01 4.32112098e-01 4.59805727e-02 6.96650326e-01
    7.17338741e-01 5.43992877e-01 1.09361339e+00 1.01534128e+00
    -3.42953265e-01 1.05269790e-01 4.12474990e-01 2.95225799e-01
    5.24240315e-01 6.99247718e-01 -1.09545857e-01 -8.77005160e-02
    -1.27492964e-01 1.29441261e+00 3.81982327e-03 7.63498187e-01
    1.03828323e+00 7.40327835e-02 8.08851004e-01 1.05223155e+00
    4.09434915e-01 1.03130376e+00 5.95124841e-01 2.18728840e-01
    8.56423378e-03 2.84835577e-01 9.66368914e-01 7.66702771e-01
    1.08009636e-01 9.29453254e-01 3.28790307e-01 8.09750795e-01
    -2.05978498e-01 -2.08671287e-01 1.35130739e+00 9.77790833e-01
    1.06809509e+00 2.45622337e-01 6.50776148e-01 7.40587413e-01
    -3.70694399e-02 1.16100943e+00 1.08391201e+00 -6.45887852e-02
    4.54971015e-01 -7.94874728e-02 -2.98665375e-01 2.09945202e-01
    5.82573116e-01 5.78145981e-01 5.49945474e-01 5.59161067e-01
    5.49218357e-01 2.45004296e-01 6.80530190e-01 1.02504945e+00
    9.79002237e-01 6.87867403e-01 3.80171061e-01 4.93331134e-01
    -3.43049169e-02 1.16376722e+00 1.15340590e-01 4.44106370e-01
    4.16553795e-01 5.82790375e-02 5.33031046e-01 1.82506382e-01
    -2.96945632e-01 1.00243235e+00 8.68524909e-01 3.34446788e-01
    8.79151344e-01 5.86382389e-01 -2.59864748e-01 5.15971005e-01
    -1.94384009e-01 1.29956055e+00 9.30223227e-01 1.32839537e+00
    -2.83012658e-01 4.56622005e-01 1.15215456e+00 -1.16324693e-01
    4.16374624e-01 -1.70261860e-02 4.09597099e-01 7.28404403e-01
    1.15201080e+00 8.49588275e-01 1.19237721e+00 -3.39999080e-01
    1.10715616e+00 -1.54427052e-01 9.81227636e-01 6.49607182e-01
    -1.26522779e-02 8.99767220e-01 -8.42739940e-02 1.05494881e+00
    2.05723822e-01 -3.15593064e-01 6.27459168e-01 1.24374461e+00
    -2.45332122e-02 -1.23143733e-01 8.75130534e-01 3.12527537e-01
    1.24634242e+00 4.75036204e-01 1.66279972e-01 3.07657242e-01
    -1.38346404e-01 1.32602835e+00 6.70022905e-01 7.79686153e-01
    -4.94103730e-02 -2.07318515e-01 7.61270523e-01 -1.59944117e-01
    1.20622087e+00 1.05359650e+00 -2.62473196e-01 8.15944791e-01
    5.35655677e-01 -2.30897099e-01 1.07080328e+00 6.28034472e-01
    -6.61404133e-02 1.13477457e+00 4.67439651e-01 -3.47841382e-02
    -3.52720916e-02 -8.16987157e-02 6.45388246e-01 -2.98423558e-01
    7.92968988e-01 1.23953581e+00 9.25280809e-01 4.16803598e-01
    -8.96137953e-03 1.49167979e+00 -1.32394403e-01 -2.09537759e-01
    2.01938927e-01 8.78989458e-01 1.11133325e+00 -3.54115963e-02
    9.41714048e-01 9.67200875e-01 2.10790277e-01 1.82527125e-01
    7.36490846e-01 6.43233180e-01 3.21691334e-01 7.31582642e-02
    1.04815602e+00 2.96718001e-01 5.08341193e-02 1.12200797e-01
    1.16492796e+00 7.43079901e-01 5.64630032e-02 -6.35934770e-02
    9.72628593e-01 3.51500928e-01 2.33954489e-01 8.45685601e-02
    1.92666769e-01 3.40203881e-01 -3.96638572e-01 5.56046903e-01
    -2.61281639e-01 1.01978958e+00 3.32941830e-01 3.13684344e-01
    1.34279728e-02 9.94605303e-01 -4.94872630e-02 6.22401297e-01
    3.45130324e-01 5.24320781e-01 5.26481271e-02 -1.87041223e-01
    5.88399291e-01 -2.60562599e-02 -2.80408859e-01 5.15268505e-01
    -2.31762305e-01 9.08501208e-01 2.45008945e-01 1.04918540e+00
    -1.30945116e-01 -3.35221678e-01 1.16634417e+00 -1.88185960e-01
    8.56840014e-02 7.87388921e-01 8.27096939e-01 5.74743867e-01
    1.27054381e+00 5.90052485e-01 5.67445159e-02 3.07857633e-01
    1.02239382e+00 5.45907855e-01 3.42256486e-01 2.76917219e-02
    9.64379907e-01 -4.30626243e-01 1.35796034e+00 1.14038646e-01
    -7.84223825e-02 5.63049614e-02 1.31297052e+00 -2.37220675e-01
    3.56123388e-01 2.55772650e-01 4.21581030e-01 1.15533686e+00
    5.18432021e-01 -2.88447917e-01 3.86606932e-01 8.42728734e-01
    -3.24231744e-01 1.15396035e+00 -1.03466302e-01 1.58055305e-01
    -1.97228760e-01 1.27867508e+00 -3.80300879e-01 6.68986440e-01
    -1.44217119e-01 3.28786910e-01 1.18160474e+00 6.31703138e-02
    1.46493959e+00 -3.74765605e-01 8.98413897e-01 1.18961334e+00
    8.56121182e-01 8.52007151e-01 4.42270160e-01 8.61056805e-01
    -1.46654099e-01 1.12937224e+00 -3.67096066e-02 1.14539230e+00
    8.45277309e-01 5.83898306e-01 -2.96046138e-02 5.53562641e-02
    1.47194326e-01 9.34335589e-01 8.01064372e-01 -7.81993270e-02
    3.88003886e-02 -1.36150181e-01 1.05927145e+00 1.33693278e-01
    1.17302740e+00 3.92922342e-01 8.81164432e-01 1.04333580e+00
    8.44625831e-01 5.57279229e-01 2.49512136e-01 8.40352654e-01
    1.21573508e-01 4.65808034e-01 9.27864313e-01 7.73740292e-01
    3.68524075e-01 7.19053984e-01 -1.01649523e-01 2.81165302e-01
    4.32495356e-01 2.23567843e-01 1.71083868e-01 9.39953446e-01
    9.73577499e-01 7.34699130e-01 5.05511642e-01 5.63953042e-01
    1.00949216e+00 1.05475187e-01 6.49381757e-01 4.27310705e-01
    1.29697931e+00 1.84921563e-01 -2.27783173e-01 3.76260042e-01
    2.86596417e-02 1.04954636e+00 -6.65826201e-02 5.95971286e-01
    3.63877416e-03 1.68097019e-03 1.19131315e+00 1.11414552e+00
    4.94734049e-01 8.96043181e-01 6.52081251e-01 -1.36523709e-01
    -1.30237728e-01 7.28031278e-01 6.66987658e-01 -3.08438808e-01
    1.25170112e+00 6.34336352e-01 -1.90923214e-02 2.63850391e-01
    1.39326394e-01 -1.74048573e-01 1.28404832e+00 8.71942520e-01
    1.15459573e+00 -9.68860984e-02 4.87497747e-01 -2.94618517e-01
    4.89310801e-01 -1.10677734e-01 1.17680937e-01 1.10363114e+00
    1.09692061e+00 -1.83951318e-01 8.12914729e-01 1.08560002e+00
    2.93563545e-01 3.18626761e-02 1.19274068e+00 5.20085514e-01
    -2.42493451e-01 1.31545961e+00 -2.56102443e-01 7.93737471e-01
    2.73773134e-01 6.14119470e-02 -1.88142300e-01 -1.26102611e-01
    6.87550843e-01 6.33743882e-01 -3.22681069e-02 5.48918545e-01
    -1.50672495e-01 6.54109597e-01 7.73288965e-01 4.65794861e-01
    1.18904996e+00 -1.32103175e-01 5.68178058e-01 1.26193666e+00
    -3.93869847e-01 8.95000696e-01 3.29094291e-01 1.22162569e+00
    4.41564918e-02 1.00112486e+00 1.04710817e+00 4.38257337e-01
    1.03193820e+00 1.04942667e+00 7.68743753e-02 -2.14869082e-01
    1.13834441e+00 1.50623024e-01 9.97943521e-01 2.15242803e-01
    -2.39971280e-01 3.63381207e-01 -2.56907135e-01 6.98275566e-02
    1.23822105e+00 1.17030609e+00 4.03845489e-01 -2.75189281e-01
    1.05321991e+00 6.35546565e-01 -1.93739235e-02 1.16578066e+00
    6.00458980e-01 1.32212710e+00 -2.20034629e-01 5.91501057e-01
    7.97487259e-01 1.14819062e+00 7.76866674e-01 2.96008766e-01
    2.37110198e-01 1.28477252e+00 -4.46878076e-02 1.36239684e+00
    1.97830439e-01 3.40958595e-01 -3.00019383e-02 3.36613536e-01
    8.96560907e-01 -2.03654706e-01 7.44717121e-01 6.61829114e-01
    -2.31542692e-01 2.66997814e-02 1.19414556e+00 6.41048789e-01
    9.74138618e-01 4.04054046e-01 2.36786067e-01 -1.13760829e-02
    1.00814509e+00 -3.05197805e-01 5.77446818e-01 3.74113739e-01
    1.05890107e+00 4.04794514e-02 -1.27550423e-01 8.22544456e-01
    8.77597690e-01 4.28122878e-02 -5.35538495e-02 8.80897522e-01
    6.44822478e-01 3.13799679e-01 1.30066717e+00 -2.69980788e-01
    5.79210639e-01 2.19448924e-01 1.47001314e+00 8.78267407e-01
    3.14916849e-01 1.07027519e+00 1.17796040e+00 1.03887022e+00
    2.31772602e-01 -8.41554999e-02 5.10584056e-01 2.33278334e-01
    9.76227522e-01 -2.68404365e-01 1.31812453e-01 8.35566401e-01
    1.38287342e+00 -2.48096585e-02 1.40167212e+00 7.20629036e-01
    -1.59563780e-01 6.69498801e-01 5.97255945e-01 9.43971992e-01
    1.08937275e+00 1.14223135e+00 1.66926265e-01 3.45245779e-01
    3.61623228e-01 2.17958212e-01 4.94074821e-03 1.27636576e+00
    8.63949895e-01 -3.89959216e-02 9.51594830e-01 7.62991190e-01
    1.93592966e-01 4.54143822e-01 1.32198095e-01 1.68501139e-01
    3.42284381e-01 8.15384567e-01 -3.11915934e-01 8.96754026e-01
    6.35238469e-01 -2.86233753e-01 6.53559685e-01 3.07677209e-01
    6.52407706e-01 1.08640110e+00 -3.36221725e-01 9.78240848e-01
    9.29535389e-01 1.33089292e+00 -2.05152899e-01 1.14288962e+00
    -1.66757703e-01 5.94963074e-01 9.03309584e-01 6.26767337e-01
    -1.60904676e-01 1.04481149e+00 3.57260823e-01 3.58597994e-01
    -1.79029569e-01 9.35325980e-01 1.18375266e+00 -9.80675817e-02
    5.02726197e-01 2.09957480e-01 8.95229340e-01 9.98707891e-01
    -8.35524797e-02 -2.85185426e-01 1.08883357e+00 1.19984436e+00
    1.54791355e-01 7.22974777e-01 3.31829071e-01 -2.17168897e-01
    2.20421076e-01 7.42335677e-01 8.81127954e-01 1.27396977e+00
    1.17761433e+00 7.47316599e-01 9.23451662e-01 -5.32611310e-02
    4.54253912e-01 8.30272436e-01 1.03142953e+00 1.01861095e+00
    8.14490676e-01 8.67024541e-01 6.53585076e-01 5.12542307e-01
    4.30136263e-01 8.22795630e-01 1.25735211e+00 1.32091737e+00
    -1.06313378e-01 5.85008085e-01 1.19467115e+00 2.87064075e-01
    7.65777707e-01 4.43651795e-01 1.23155904e+00 1.17862689e+00
    2.02999055e-01 1.00949264e+00 -2.32870489e-01 4.14676547e-01
    6.27080679e-01 1.00994670e+00 1.07697773e+00 -4.77946520e-01
    1.05399621e+00 2.49593377e-01 1.01971912e+00 2.74410903e-01
    7.85521507e-01 5.44622242e-02 2.98011601e-01 -2.44819999e-01
    5.53699017e-01 -1.79799452e-01 1.47487849e-01 1.26719177e+00
    2.07959771e-01 1.16263878e+00 4.77433205e-02 2.54106522e-01
    1.26497281e+00 9.20523405e-01 1.01680362e+00 4.44343925e-01
    7.11635113e-01 -1.95547864e-01 -9.38013792e-02 1.03571129e+00
    1.22858715e+00 7.74035335e-01 1.68214142e-01 2.37990499e-01
    -7.97345936e-02 1.22054923e+00 -2.75063038e-01 1.04392290e-01
    9.83908415e-01 4.09128189e-01 7.94771075e-01 1.10292220e+00
    -2.17981771e-01 5.77685654e-01 -2.04104781e-02 1.48353338e-01
    4.57369685e-01 1.70703530e-02 1.06704080e+00 2.12018311e-01
    2.32853889e-01 1.47162962e+00 -3.78467917e-01 6.34434879e-01
    1.33482516e+00 1.18834794e-01 4.01181817e-01 -2.33860046e-01
    1.05904102e+00 3.97067487e-01 1.06565011e+00 9.99286115e-01
    -5.18856943e-02 1.12454027e-01 7.01526701e-01 -2.66429424e-01
    8.77510488e-01 -1.98834062e-01 2.15820372e-01 8.95106852e-01
    -3.54773760e-01 1.31019354e+00 5.64168811e-01 -4.88098860e-02
    1.34880590e+00 5.61733007e-01 2.89857745e-01 5.01363397e-01
    6.41542792e-01 -5.22297919e-02 3.35051060e-01 9.76568699e-01
    9.60789323e-01 -2.31147975e-01 1.30556822e+00 9.38697100e-01
    9.22757268e-01 1.11592662e+00 1.07951844e+00 5.04171193e-01
    9.12198246e-01 -9.87941027e-03 7.38196194e-01 4.06941354e-01
    6.27912164e-01 1.13920128e+00 -4.39065993e-01 7.80320764e-01
    7.82148480e-01 -2.65874803e-01 2.65304148e-01 2.59721369e-01
    1.05829453e+00 1.05130446e+00 4.50359821e-01 -3.11996430e-01
    -2.43890017e-01 9.48674679e-01 -2.86213815e-01 1.01085746e+00
    1.26625395e+00 4.43580031e-01 -1.81920826e-01 -3.99988919e-01
    8.02221000e-01 6.88376427e-02 -1.20159984e-02 1.19467854e+00
    1.08609605e+00 5.84670067e-01 1.78423703e-01 -5.94804287e-02
    5.10946572e-01 1.26194215e+00 3.99881959e-01 2.76718438e-01
    5.34811854e-01 1.22811747e+00 6.24307632e-01 1.47670674e+00
    -2.58633673e-01 5.73664308e-01 4.42884147e-01 1.21781814e+00
    1.03489876e+00 -1.49499178e-02 8.21726680e-01 8.94773245e-01
    -2.76793838e-02 2.56942391e-01 8.90046120e-01 1.49087727e-01
    1.23164570e+00 5.08944750e-01 8.63821983e-01 7.74851143e-01
    8.02713633e-01 -3.34084243e-01 -2.88281381e-01 2.12438881e-01
    1.30935478e+00 -3.27505827e-01 6.73018694e-01 9.91838098e-01
    8.69400620e-01 -1.35134429e-01 -3.04870158e-01 7.09431350e-01
    3.16413641e-01 9.31114078e-01 1.35702217e+00 -7.32830763e-02
    4.16247964e-01 -1.65105030e-01 6.86731756e-01 2.58495867e-01
    9.77105260e-01 6.10142946e-01 9.63610411e-01 3.53972137e-01
    -2.16227353e-01 2.58280098e-01 1.31114507e+00 5.95255077e-01
    2.80876398e-01 3.62507164e-01 3.71786296e-01 -3.44263077e-01
    8.79535317e-01 4.74160314e-01 -3.58113647e-02 1.28147864e+00
    1.56207681e-02 8.95507455e-01 2.81058848e-01 3.77086997e-02
    7.27417171e-01 1.36036873e-01 4.62556541e-01 3.57490182e-01
    1.00991893e+00 1.00836945e+00 1.34226584e+00 1.32714689e-01
    3.45761776e-01 1.27506495e-01 3.92566264e-01 8.00528407e-01
    -1.27876639e-01 1.03054512e+00 5.69252253e-01 6.26114607e-01
    -5.33252358e-02 2.87901759e-01 4.66390848e-01 2.70081401e-01
    3.81961465e-03 -6.98154271e-02 9.94950533e-01 -9.10033584e-02
    1.26948071e+00 -2.94872403e-01 3.63817632e-01 3.91999960e-01
    8.29124451e-02 4.09280479e-01 1.11419582e+00 -1.54105425e-02
    5.77450514e-01 -1.45187289e-01 4.29080904e-01 -2.82352209e-01
    2.15573788e-01 6.62377119e-01 1.30549943e+00 8.03810954e-01
    4.25827861e-01 3.57334435e-01 1.25087440e+00 -4.75207090e-01
    8.29760194e-01 6.94959641e-01 1.14793205e+00 7.41216898e-01
    9.32338536e-02 2.53682971e-01 -2.47555226e-01 -1.06920660e-01
    7.28872061e-01 7.74659395e-01 3.59201431e-01 -1.68345451e-01
    -2.28656918e-01 1.36466670e+00 -8.78797174e-02 -3.18911672e-02
    4.18405771e-01 5.59294462e-01 1.36814773e-01 1.82825923e-01
    1.10056460e+00 1.34279788e-01 4.08567429e-01 8.70282173e-01
    3.38931084e-01 6.39633477e-01 5.14001489e-01 1.32365108e+00
    7.25651860e-01 1.06005335e+00 8.80864620e-01 6.81193352e-01
    1.24837184e+00 2.81722665e-01 2.32945144e-01 5.92265069e-01
    3.51245165e-01 -1.28396034e-01 6.97589934e-01 3.44122291e-01
    1.18635786e+00 5.90575993e-01 -2.71388113e-01 4.82997000e-01
    1.32121480e+00 2.75171399e-01 1.03859448e+00 1.10041797e-01
    -1.45176172e-01 1.09705353e+00 1.02881646e+00 6.48514628e-02
    -2.00975746e-01 8.15632701e-01 1.15436673e+00 -1.83756888e-01
    -2.86430717e-02 1.01613283e+00 4.11674201e-01 8.17614555e-01
    2.43413568e-01 -3.84908199e-01 1.37606037e+00 7.22444892e-01
    6.38200700e-01 -1.30502135e-01 1.32816732e-01 8.35254550e-01
    -1.86332524e-01 5.30035973e-01 -3.41814488e-01 8.47059846e-01
    5.51242709e-01 8.72215986e-01 7.58901715e-01 1.22908115e+00
    3.45102072e-01 -3.28841418e-01 4.63423133e-02 6.43792093e-01
    6.78912401e-02 5.18509030e-01 8.25000405e-01 -3.72735560e-02
    -9.09016877e-02 -5.89919388e-02 -1.86338946e-01 -1.86582536e-01
    9.49808300e-01 -2.23530605e-01 7.40513444e-01 1.14254987e+00
    -4.17005241e-01 1.43232822e+00 -2.60832071e-01 -1.66551471e-02
    2.40573227e-01 4.99254942e-01 6.24552310e-01 1.51630819e-01
    -4.05554444e-01 4.70460832e-01 4.20155883e-01 1.23740530e+00
    1.14363956e+00 -3.60192955e-01 1.33525109e+00 5.36207676e-01
    4.73654985e-01 3.79224539e-01 3.71788681e-01 -2.32882142e-01
    1.31388795e+00 -1.54116213e-01 3.74782085e-02 -8.30789804e-02
    7.73258448e-01 6.70939088e-01 7.57030129e-01 -3.65299284e-02
    -2.66758382e-01 9.83789206e-01 1.00844383e+00 1.00922680e+00
    3.04591656e-02 7.42242634e-02 8.12153101e-01 -2.19816446e-01
    9.97447729e-01 -2.64016181e-01 5.15849948e-01 1.15665889e+00
    1.31073725e+00 -9.49512720e-02 8.31984878e-02 8.42756629e-01
    3.64989758e-01 -1.48290992e-02 1.37323475e+00 1.28497016e+00
    -2.75973678e-01 5.37905753e-01 5.16881943e-02 4.59803522e-01
    3.66185486e-01 -2.48573333e-01 4.45258439e-01 8.04079056e-01
    2.63181090e-01 7.71539450e-01 7.93391943e-01 9.20413375e-01
    -2.29552776e-01 8.44638109e-01 5.45531034e-01 -2.72841901e-01
    7.07123399e-01 -1.85889006e-02 7.51028597e-01 -1.84822172e-01
    6.86194241e-01 5.38994193e-01 1.08022451e-01 8.45174551e-01
    3.46437454e-01 8.04335237e-01 1.37430322e+00 -1.24939084e-02
    2.39184916e-01 -3.57385367e-01 1.36988306e+00 -3.79175514e-01
    7.28188276e-01 1.14448345e+00 1.03623164e+00 1.07418704e+00
    -1.40603691e-01 -2.16179192e-02 7.67375588e-01 1.11560214e+00
    7.09566712e-01 -8.71817768e-02 1.46086586e+00 4.81641889e-02
    2.78729796e-01 9.32921767e-01 -3.74050826e-01 1.63820982e-01
    1.26142788e+00 5.10047078e-02 -2.38922521e-01 1.04083180e-01
    7.34518707e-01 6.65467978e-02 5.49543142e-01 7.39651561e-01
    -1.88955367e-02 -3.18293273e-02 7.92611837e-02 3.95485818e-01
    -5.42850494e-02 7.26035714e-01 1.20836937e+00 3.75993490e-01
    6.06290102e-02 3.16121638e-01 1.11828613e+00 -1.32108688e-01
    9.98911262e-01 -1.47951245e-02 8.08866620e-01 9.97666001e-01
    8.23751450e-01 1.14031923e+00 2.77105212e-01 3.15530062e-01
    1.13641179e+00 3.18092823e-01 5.10779023e-02 -1.61038592e-01
    1.13393223e+00 -4.87066805e-02 3.93127203e-01 7.77732074e-01
    -5.37256598e-02 1.00929248e+00 8.67921233e-01 1.21509790e+00
    2.03848839e-01 7.91411817e-01 7.27371454e-01 4.97880518e-01
    1.27188969e+00 -1.02770329e-01 1.34617031e+00 4.67241824e-01
    2.72122204e-01 2.00061500e-02 1.30715966e+00 -1.43611044e-01
    5.75119078e-01 3.67399752e-01 -6.34622574e-02 1.21768439e+00
    8.31602812e-02 -4.59185690e-02 1.04269505e-01 5.78929842e-01
    8.51273239e-01 6.93591833e-02 2.11654007e-01 -4.81298566e-03
    8.76963437e-02 -1.60236463e-01 4.14737582e-01 1.11077893e+00
    4.34769571e-01 9.05162454e-01 -4.21336323e-01 1.05097628e+00
    -2.92420626e-01 -2.09189653e-01 2.82703459e-01 6.05605841e-02
    5.40847003e-01 1.13603163e+00 2.81671703e-01 7.72692263e-01
    1.91373289e-01 -1.18699372e-01 3.45253468e-01 9.06378150e-01
    6.98396564e-01 1.17723477e+00 -2.20625520e-01 1.88670218e-01
    9.78428125e-01 1.21327198e+00 9.42418814e-01 4.12851751e-01
    2.35925436e-01 9.40507352e-02 4.71927524e-02 -3.32370400e-02
    1.32037020e+00 5.61221242e-01 -7.80152678e-02 1.13179898e+00
    -8.92071128e-02 3.39002728e-01 6.98750377e-01 6.68075919e-01
    4.70048964e-01 5.49962699e-01 8.00871432e-01 3.57018888e-01
    7.32831597e-01 6.29120708e-01 9.19305086e-01 1.13873422e-01
    1.85239732e-01 -4.44075167e-02 5.06019652e-01 9.55860019e-02
    1.19920707e+00 2.98006296e-01 7.46604562e-01 2.58351386e-01
    9.35485125e-01 7.51014709e-01 8.98988962e-01 9.90884423e-01
    1.28413224e+00 1.08769536e-02 8.46412301e-01 2.24911273e-01
    4.23779786e-01 3.63590658e-01 1.20023000e+00 2.42976665e-01
    -6.73768520e-02 4.55067992e-01 3.37842762e-01 1.26527870e+00
    -2.02434525e-01 1.32988608e+00 9.28945303e-01 1.36830270e+00
    -3.25617194e-01 1.02139914e+00 8.31528544e-01 3.20330262e-01
    -2.79628992e-01 1.03911698e+00 1.06805170e+00 -2.92655528e-01
    1.14939690e+00 1.00814271e+00 1.20433927e+00 -2.31294930e-01
    8.70729208e-01 1.16951525e-01 1.15112424e+00 9.94349241e-01
    3.10921669e-03 7.92241335e-01 1.12687993e+00 1.16796076e-01
    4.64850247e-01 9.61688399e-01 6.45692348e-01 2.08776385e-01
    -6.38581812e-02 1.43577409e+00 8.73253345e-02 1.30522227e+00
    1.28356171e+00 1.14031589e+00 1.19466519e+00 1.90311670e-01
    -2.65349120e-01 1.26615810e+00 6.95150614e-01 4.06342983e-01
    1.27527857e+00 4.32517529e-02 1.10305321e+00 1.03469694e+00
    -4.11038548e-01 9.60795999e-01 8.15005660e-01 1.18793458e-01
    -1.22450322e-01 1.26518965e+00 -3.85175526e-01 8.86620879e-01
    6.40600383e-01 -1.38554662e-01 6.82359576e-01 9.89545345e-01
    7.77132034e-01 7.39207923e-01 1.09563053e-01 1.45226216e+00
    3.36592495e-01 1.31424344e+00 9.38987255e-01 3.84278834e-01
    -2.36922711e-01 7.87881792e-01 4.17369008e-01 1.05604470e+00
    7.37582922e-01 1.16525698e+00 -4.92677420e-01 8.79623532e-01
    1.08776438e+00 -4.63124514e-02 9.44651127e-01 -2.22590894e-01
    1.25424325e+00 7.35224783e-01 -8.69303942e-03 2.91125059e-01
    2.75499463e-01 7.10442781e-01 -1.57501489e-01 8.80257905e-01
    -6.67549968e-02 8.63568306e-01 9.48273540e-02 3.43379438e-01
    1.16938591e+00 8.22862029e-01 -2.47101560e-01 -1.36595935e-01
    -8.93547237e-02 1.08327949e+00 5.39996505e-01 4.57228482e-01
    -1.44615769e-02 1.01358140e+00 -3.63263935e-01 8.30574393e-01
    2.37002969e-01 1.06779253e+00 8.78661633e-01 -1.86562568e-01
    6.89899027e-02 1.14848256e-01 2.38277972e-01 1.16768086e+00
    -2.57658958e-03 2.98871756e-01 2.09936738e-01 1.15883267e+00
    2.55551517e-01 -2.99520493e-02 1.02800882e+00 4.17586684e-01
    6.99157655e-01 2.93894291e-01 3.81253302e-01 4.51467514e-01
    1.01361752e+00 1.01406205e+00 5.05442023e-01 9.02944207e-01
    5.07914305e-01 -2.40743458e-01 7.08212733e-01 6.05042696e-01
    7.46285677e-01 6.11239433e-01 4.70871091e-01 6.22307599e-01
    5.34455180e-01 1.14636636e+00 -3.12319398e-02 -2.97082722e-01
    8.42537642e-01 -2.76283026e-01 1.18747997e+00 1.26607788e+00
    2.20706582e-01 4.58275080e-01 7.87057757e-01 1.20128751e-01
    3.90030265e-01 9.49341059e-01 5.05359352e-01 1.34152722e+00
    -2.23522186e-01 1.11767864e+00 6.79692745e-01 -2.55382776e-01
    1.03089595e+00 4.95128512e-01 3.56465042e-01 1.74214900e-01
    6.70856774e-01 7.61106372e-01 1.64089203e-01 2.26829171e-01
    1.25847483e+00 4.64138985e-02 2.40977526e-01 -1.17047876e-01
    -3.31763387e-01 1.02556527e+00 -4.07498688e-01 1.21456170e+00
    -1.30273819e-01 -1.96754903e-01 1.23057961e+00 -2.99809724e-01
    1.16230416e+00 -3.02889973e-01 6.08083665e-01 9.08974051e-01
    9.40732002e-01 -1.37837350e-01 5.64584494e-01 2.50197291e-01
    -9.60144997e-02 1.22384155e+00 1.71627700e-01 9.76486146e-01
    3.72012258e-02 2.39649355e-01 1.33970261e+00 9.31177139e-02
    -1.50738925e-01 1.11706567e+00 3.04426432e-01 1.04744506e+00
    1.04520404e+00 1.15591860e+00 9.06652689e-01 4.41128910e-01
    4.46718931e-02 6.56543255e-01 1.27477527e-01 8.73994827e-01
    1.22132206e+00 7.86987782e-01 7.57141113e-01 7.64153004e-01
    6.38330817e-01 1.12185943e+00 1.19482648e+00 4.22316611e-01
    3.98598611e-01 -3.15155178e-01 3.53609741e-01 -1.23355448e-01
    9.79293644e-01 2.80401111e-02 1.38886952e+00 -1.49244666e-02
    2.20331132e-01 7.33449697e-01 9.21601772e-01 -3.13528955e-01
    7.50727713e-01 1.09627664e+00 1.19053519e+00 6.99085474e-01
    7.67094731e-01 9.75177407e-01 -3.29770565e-01 5.83778501e-01
    1.16725862e+00 3.10593069e-01 -7.41616488e-02 1.34355366e+00
    1.60158455e-01 3.23187113e-01 5.58785141e-01 6.99085712e-01
    1.29900157e+00 5.01215458e-02 4.26115394e-01 5.30693591e-01
    9.86926317e-01 -1.03323877e-01 2.09916830e-01 8.26293945e-01
    8.73277068e-01 9.92530823e-01 -3.25428247e-01 1.33168066e+00
    4.70028520e-01 1.91947818e-01 5.83949387e-01 4.72290993e-01
    1.51216805e-01 1.04484379e+00 -2.47491091e-01 -1.33453727e-01
    -5.47482371e-02 6.19901299e-01 4.80316877e-01 1.08568132e-01
    2.43457258e-02 5.85093141e-01 6.15536690e-01 4.67121243e-01
    7.01351821e-01 8.17317128e-01 7.30363607e-01 1.32063878e+00
    -4.65344787e-02 9.17891264e-01 4.88887191e-01 1.11484182e+00
    3.03909957e-01 7.22783804e-01 -3.69089991e-01 -9.86664295e-02
    1.26802444e+00 6.28351569e-01 4.05223727e-01 6.65074348e-01
    -1.57018915e-01 -2.22293735e-01 4.59127724e-01 6.11454248e-01
    1.86840534e-01 -9.97950435e-02 -7.29286969e-02 -2.84937859e-01
    4.00221527e-01 3.98038030e-01 2.60092378e-01 3.14276695e-01
    7.40849853e-01 -3.85911942e-01 1.20001733e+00 8.85104299e-01
    8.03069234e-01 1.24249375e+00 4.80691433e-01 9.65551257e-01
    1.43075907e+00 1.76411867e-01 1.08041596e+00 4.87048626e-02
    1.26628137e+00 -2.28683919e-01 5.97433925e-01 4.26114440e-01
    1.21407282e+00 2.46731162e-01 8.18726778e-01 -2.20169365e-01
    9.58248019e-01 8.63164067e-02 4.06574190e-01 1.61604822e-01
    5.82526445e-01 8.58132362e-01 1.87233508e-01 1.03261590e+00
    1.59948468e-02 1.26583111e+00 4.90801811e-01 -9.90581512e-03
    1.33213747e+00 1.99853778e-02 9.20865595e-01 3.87740731e-02
    -3.12252820e-01 1.13078797e+00 1.07544434e+00 1.16788113e+00
    9.73120570e-01 1.48326516e-01 1.00907707e+00 1.05238986e+00
    8.31185579e-01 1.18542480e+00 -6.96627200e-02 2.67027140e-01
    8.08535576e-01 6.39859438e-01 8.52256119e-01 -1.33040667e-01
    2.32989967e-01 1.10629708e-01 1.33042395e-01 1.29728067e+00
    6.72954321e-02 3.53770852e-01 8.20502520e-01 1.28302050e+00
    -3.12888205e-01 8.68463755e-01 4.77525473e-01 2.15887070e-01
    3.72815192e-01 4.71944511e-01 8.35380316e-01 6.48314714e-01
    3.73569965e-01 -1.44332051e-02 1.21553063e+00 3.27588439e-01
    1.33871269e+00 8.84862185e-01 -2.53462940e-01 1.00408256e+00
    5.40724754e-01 1.11017644e-01 6.90347314e-01 1.02030909e+00
    4.27507401e-01 4.44474936e-01 5.78484535e-02 1.34110892e+00
    -5.19501567e-02 -9.61860418e-02 2.02984631e-01 7.98748851e-01
    -1.88320160e-01 9.79749084e-01 1.06602550e+00 4.51402187e-01
    1.09131885e+00 4.79534686e-01 -1.61854625e-01 2.72400975e-02
    1.31683922e+00 -2.59584874e-01 9.31272388e-01 4.62378740e-01
    1.29771364e+00 -1.23426586e-01 4.84998286e-01 3.50814342e-01
    9.63171482e-01 1.07003665e+00 1.55418873e-01 -2.50210762e-01
    1.02913105e+00 -2.47245789e-01 -1.82490349e-02 3.82592499e-01
    7.67612457e-01 7.34794736e-01 1.21820080e+00 1.24659085e+00
    -4.42637771e-01 9.37834978e-01 5.29217005e-01 6.51743174e-01
    -2.24929899e-01 1.13147902e+00 9.04416561e-01 1.04148173e+00
    9.34927464e-01 3.66117954e-01 2.42416471e-01 3.32423806e-01
    2.94078231e-01 1.18282783e+00 -1.77702308e-02 6.95975900e-01
    6.97253346e-01 -2.84556448e-02 4.37583625e-01 4.13523555e-01
    5.24245501e-02 8.66707921e-01 -2.17189103e-01 1.41416788e-01
    6.18096948e-01 9.61662889e-01 1.12992787e+00 1.20167589e+00
    1.03211522e+00 -1.31789833e-01 3.17258656e-01 -3.47088933e-01
    1.08488464e+00 1.21026766e+00 1.07211828e-01 9.70048904e-01
    1.05782855e+00 -9.30229723e-02 2.98489869e-01 4.53166485e-01
    -1.55790254e-01 -7.79622793e-03 7.74959683e-01 1.18279886e+00
    -2.74362326e-01 7.99158275e-01 -7.76118040e-03 4.23519433e-01
    2.96285927e-01 9.35176492e-01 8.00934553e-01 -3.02008033e-01
    3.54711771e-01 2.59335577e-01 4.64471459e-01 -1.83135390e-01
    1.16739595e+00 7.08786547e-01 -1.76447928e-01 1.01591086e+00
    2.02202201e-02 -1.60472095e-02 1.49180889e-02 1.06644297e+00
    7.11292982e-01 -2.29106665e-01 1.30302715e+00 1.17811310e+00
    -1.04215324e-01 3.05193305e-01 5.64564943e-01 7.21449614e-01
    4.25531149e-01 8.43217611e-01 3.12600374e-01 1.01552427e-01
    1.22162819e+00 4.80707645e-01 4.44203317e-01 9.92575645e-01
    1.19560051e+00 1.77734733e-01 6.91333413e-02 1.05847931e+00
    -3.52089345e-01 1.25769329e+00 5.20901561e-01 -1.55777693e-01
    5.74236155e-01 1.40727437e+00 -6.89850748e-02 3.72849703e-02
    7.96020031e-01 6.54557109e-01 -2.10710526e-01 1.06762290e+00
    1.17532611e-01 9.54551041e-01 3.40562761e-02 -1.19698137e-01
    1.01152706e+00 3.58734846e-01 5.86774886e-01 1.25733912e-02
    4.93318677e-01 -1.67018473e-02 -1.08909130e-01 4.99087989e-01
    4.72063422e-02 9.89887238e-01 1.86128914e-01 1.22730339e+00
    1.83373511e-01 5.46974242e-02 -1.98173463e-01 2.77761102e-01
    1.17012477e+00 2.26697206e-01 -6.82920218e-03 6.38415992e-01
    -4.56288755e-02 5.91527104e-01 1.15779841e+00 1.24203026e-01
    1.12645710e+00 6.34340763e-01 9.54135776e-01 1.10183239e+00
    2.66571999e-01 1.21167481e+00 7.00577736e-01 1.80608690e-01
    3.98915112e-01 9.71556187e-01 6.36894703e-01 8.76435995e-01
    1.77564144e-01 1.08184505e+00 7.22897172e-01 1.25507987e+00
    5.39803863e-01 2.37457752e-01 -6.41366839e-02 1.18355358e+00
    5.51534712e-01 -2.83919662e-01 6.58735871e-01 -1.82858586e-01
    -1.93595022e-01 1.29635245e-01 2.70716548e-01 1.32534683e-01
    2.10191905e-01 5.89121819e-01 4.47984695e-01 1.19954407e+00
    8.14913750e-01 3.81635904e-01 1.05390525e+00 1.27403390e+00
    -9.79967713e-02 -1.95904315e-01 1.34196842e+00 4.83877659e-02
    -1.26364917e-01 7.89498806e-01 7.67230988e-01 1.15447187e+00
    9.64704633e-01 -3.05473357e-01 1.21405530e+00 -4.74953651e-03
    2.92044342e-01 6.93416834e-01 2.68048823e-01 3.42180014e-01
    2.98781812e-01 -3.64244223e-01 1.09540188e+00 -2.86537975e-01
    -2.12508440e-03 -1.14798069e-01 1.16677618e+00 -2.24289834e-01
    2.00109124e-01 8.34710717e-01 1.02059960e-01 9.07566905e-01
    1.21821916e+00 1.24349296e+00 -3.00306946e-01 1.10039830e+00
    6.46086931e-02 2.74652839e-02 1.07172084e+00 9.96685386e-01
    6.02181673e-01 1.27380252e+00 2.69712806e-02 7.24139094e-01
    6.51854098e-01 5.95033288e-01 -2.00626463e-01 2.30999172e-01
    1.04574430e+00 3.59202027e-01 2.22797990e-01 9.57959294e-02
    1.06636643e-01 1.05371737e+00 4.37116027e-01 5.98267317e-01
    9.95282531e-02 1.33470309e+00 -3.11519682e-01 2.99846292e-01
    2.10366249e-02 1.22618473e+00 -3.31388324e-01 4.48505282e-01
    -2.78627932e-01 6.90053225e-01 1.31888843e+00 -1.38530910e-01
    1.24573696e+00 1.00497210e+00 3.78512323e-01 7.47939706e-01
    -8.05618465e-02 6.50393903e-01 2.90662646e-02 7.19010830e-03
    1.22682512e-01 1.24158108e+00 1.47041202e-01 -1.55092180e-02
    1.14216554e+00 1.88801169e-01 8.88098359e-01 1.15508437e+00
    1.16582763e+00 5.40479004e-01 4.29538727e-01 1.32705891e+00
    3.94847870e-01 -4.54440445e-01 9.87400651e-01 1.36151040e+00
    -2.17751741e-01 1.30241454e+00 3.31865430e-01 1.34115291e+00
    -1.56013340e-01 5.93478978e-01 3.21863770e-01 -3.18316460e-01
    1.05886030e+00 2.68596172e-01 1.08812094e+00 6.33759856e-01
    -4.42109406e-02 9.83212471e-01 1.04212046e+00 -8.08918476e-03
    2.76719630e-02 4.26117897e-01 -1.76584125e-01 1.00601125e+00
    1.52434707e-01 7.43292809e-01 3.96740258e-01 1.10542822e+00
    -1.80211782e-01 1.16733539e+00 6.13370180e-01 8.99487853e-01
    -5.18202186e-02 1.28526485e+00 1.65725172e-01 7.39109814e-02
    -1.52605146e-01 5.46607912e-01 -1.38710141e-02 5.79494596e-01
    1.02576530e+00 1.53623402e-01 1.08747542e+00 5.49548447e-01
    7.58918881e-01 -4.52662706e-02 1.03284013e+00 -2.57285655e-01
    -4.17703092e-02 6.69678152e-02 2.61776745e-01 2.12971270e-02
    -1.33325964e-01 5.40770710e-01 -2.81326622e-01 4.53067541e-01
    6.35805428e-02 5.79325557e-02 1.35104752e+00 7.23999739e-01
    8.69287133e-01 -1.65829182e-01 1.17160296e+00 1.01818967e+00
    1.13701236e+00 6.20833993e-01 9.48648930e-01 8.68046284e-02
    1.77265108e-01 6.79282844e-01 5.31605959e-01 1.02614188e+00
    7.14714766e-01 1.18227708e+00 -8.46308470e-03 1.06448126e+00
    7.55189896e-01 3.02151620e-01 -1.40719414e-02 1.28532696e+00
    4.07059610e-01 9.17540312e-01 6.86717391e-01 1.18900502e+00
    3.95463645e-01 1.28753066e-01 1.59959555e-01 7.17658937e-01
    -3.58498514e-01 1.12300694e+00 6.23937845e-01 3.43786120e-01
    1.11196804e+00 1.10229778e+00 -1.99010104e-01 3.49750638e-01
    -2.20537782e-01 2.52649069e-01 1.11823094e+00 1.93522930e-01
    9.99412179e-01 2.02219963e-01 8.18908930e-01 1.98657930e-01
    3.10198069e-01 9.77067471e-01 6.01413250e-02 1.28327966e+00
    -1.12026870e-01 2.49894857e-01 1.72440708e-01 3.37889433e-01
    4.37396884e-01 1.35063374e+00 4.35135245e-01 -5.69559634e-02
    8.16316068e-01 3.89747560e-01 6.70855045e-01 3.44561577e-01
    9.75061297e-01 2.60195017e-01 -2.49721140e-01 -1.23857111e-01
    7.90791631e-01 -1.97399139e-01 4.75507379e-01 9.36143637e-01
    8.60403299e-01 1.12476087e+00 2.70494163e-01 8.37651253e-01
    -8.69415998e-02 1.87923968e-01 1.30684066e+00 4.99745131e-01
    8.54468584e-01 1.16748369e+00 3.86880755e-01 6.28429174e-01
    -2.11650729e-01 5.37812531e-01 6.85659885e-01 5.39613903e-01
    -1.26415014e-01 9.18459415e-01 6.36422634e-02 5.38822114e-01
    2.84722984e-01 2.33101845e-01 1.17118227e+00 -2.15258002e-01
    8.99204016e-02 5.66976964e-01 1.20099175e+00 -2.83354968e-01
    6.42099679e-02 -1.20923594e-01 3.61173868e-01 3.18274081e-01
    4.76003408e-01 5.02906501e-01 -2.06591710e-01 -1.85209021e-01
    8.12627554e-01 1.20936573e+00 5.74893355e-01 4.50571537e-01
    -4.72438574e-01 1.08731437e+00 7.50329256e-01 1.02567673e+00
    6.74245119e-01 1.14427626e-01 3.70374382e-01 8.26000452e-01
    1.58867538e-01 9.92536247e-01 -2.70304620e-01 9.42156911e-01
    1.29708171e-01 1.72488868e-01 8.93127561e-01 4.07484472e-02
    -2.22627342e-01 9.95511174e-01 9.78333473e-01 8.22483540e-01
    7.25496173e-01 1.16875732e+00 5.25430441e-02 2.97292680e-01
    -2.57036537e-01 1.31616473e+00 6.78795695e-01 4.87287283e-01
    8.12631249e-02 1.23328137e+00 1.05337095e+00 7.82355666e-01
    4.82402444e-02 9.47713852e-06 1.01040363e+00 1.12800074e+00
    6.69322848e-01 1.28771400e+00 -7.04182982e-02 -2.82162428e-01
    1.11039209e+00 8.09738636e-01 3.35583091e-01 1.24201214e+00
    1.59142196e-01 7.77716517e-01 1.23754728e+00 7.31974363e-01
    7.02888250e-01 -2.35053271e-01 8.25293303e-01 1.02054858e+00
    -1.89832926e-01 1.19630754e+00 -2.29142889e-01 1.29916459e-01
    -1.38287187e-01 1.07146537e+00 7.71321535e-01 9.75225687e-01
    8.13299179e-01 4.97353077e-03 3.12004328e-01 1.24717772e-01
    1.22515726e+00 5.28033853e-01 9.82066393e-02 4.27437127e-01
    7.10480571e-01 6.70590162e-01 8.79497886e-01 4.14328814e-01
    8.45324874e-01 -1.80821776e-01 1.39747357e+00 3.44849706e-01
    -1.01773024e-01 8.13183069e-01 1.03158724e+00 -8.14946592e-02
    1.58610284e-01 9.00335491e-01 2.16136634e-01 4.92303610e-01
    -4.45452332e-02 2.78121591e-01 7.41264701e-01 -2.85634369e-01
    1.23177421e+00 1.19939077e+00 9.22703147e-02 6.47704601e-01
    8.83745074e-01 5.58314443e-01 8.03338170e-01 7.06891418e-01
    4.05384898e-02 3.97799909e-01 5.62911391e-01 1.40385425e+00
    3.52720022e-02 1.10994804e+00 5.67881703e-01 8.96163821e-01
    3.13362539e-01 -2.05456823e-01 3.62486660e-01 1.29993367e+00
    -8.21067393e-02 5.64177036e-01 3.43411684e-01 4.18764949e-02
    7.67503262e-01 6.11336768e-01 6.20005727e-02 7.97626019e-01
    -1.20155916e-01 -7.29170442e-02 1.29697001e+00 7.29453802e-01
    2.73905396e-01 9.84319210e-01 1.21996725e+00 5.00990808e-01
    1.01939881e+00 8.33900690e-01 1.18202376e+00 1.09144926e-01
    -2.55132794e-01 1.16537154e+00 1.23977244e+00 -1.20638490e-01
    5.99056125e-01 4.58907366e-01 3.70252073e-01 1.33028436e+00
    1.63706243e-01 9.33008313e-01 1.07744110e+00 2.89461434e-01
    7.79254436e-01 6.36317194e-01 2.07317889e-01 4.89218473e-01
    2.43098259e-01 3.35397661e-01 2.81695962e-01 5.35365343e-01
    1.88962221e-02 8.12620044e-01 1.19215953e+00 3.70323658e-02
    -3.09824944e-02 8.40481997e-01 1.19189930e+00 -3.31814557e-01
    1.16202927e+00 -2.82049298e-01 3.89999390e-01 5.48780441e-01
    3.45325947e-01 8.00996780e-01 1.33734930e+00 -1.65578187e-01
    5.63871622e-01 -1.57695085e-01 6.87231064e-01 6.17363572e-01
    4.49145854e-01 -8.38521123e-03 1.02437288e-01 -1.00465924e-01
    1.01305497e+00 1.05447602e+00 -9.82843339e-02 3.18041384e-01
    1.18052948e+00 1.18605006e+00 1.19976616e+00 -2.35965759e-01
    1.03577244e+00 1.65019214e-01 1.56044066e-01 3.10671210e-01
    8.51545691e-01 1.33116853e+00 4.00367856e-01 1.23935807e+00
    6.63401365e-01 1.16039586e+00 8.48691106e-01 2.56588340e-01
    4.79623199e-01 -1.21619016e-01 1.08007514e+00 5.23774385e-01
    1.07838714e+00 8.02075267e-01 7.20256567e-01 8.80424261e-01
    6.61222577e-01 -4.67338562e-02 4.64862645e-01 1.16907406e+00
    8.11934948e-01 -7.66271353e-03 1.03053653e+00 3.67984414e-01
    1.18734229e+00 3.38507414e-01 8.21263075e-01 1.76202595e-01
    1.15518737e+00 1.65218651e-01 1.10134852e+00 -3.08970928e-01
    1.10350251e+00 -1.63311213e-01 -2.09020063e-01 9.08075571e-01
    1.27056623e+00 6.88904762e-01 1.48133636e-01 -1.37277484e-01
    1.19010985e+00 3.61797214e-02 3.46220732e-01 1.12354457e+00
    8.90692234e-01 4.90450859e-02 1.05190384e+00 -2.64202356e-01
    -2.47748792e-02 1.12221611e+00 5.04617512e-01 5.93043745e-01
    4.81325686e-01 6.05277181e-01 1.01271987e+00 3.24418783e-01
    9.61215973e-01 5.67282081e-01 3.63663197e-01 -1.45552754e-01
    1.23593628e+00 6.01108909e-01 6.03091836e-01 3.73599112e-01
    9.15896773e-01 9.00611997e-01 9.11786199e-01 -5.56940734e-02
    9.63937283e-01 6.83718085e-01 3.28689098e-01 1.12307858e+00
    1.01372170e+00 8.58019471e-01 3.98909569e-01 -1.95207894e-01
    9.00608063e-01 2.71644533e-01 8.44440639e-01 -4.60298359e-02
    4.40654308e-02 -1.32488593e-01 3.53410840e-03 1.17257845e+00
    7.15934992e-01 8.15103173e-01 7.84073472e-01 -2.74583042e-01
    1.27358484e+00 6.81996107e-01 2.32546926e-01 3.45141411e-01
    9.31097507e-01 7.06945062e-02 8.66704822e-01 -2.46636868e-02
    1.29826677e+00 7.11492062e-01 1.03923869e+00 1.00014925e+00
    -2.56204605e-02 1.00973606e+00 2.75649130e-01 1.12273729e+00
    1.74062431e-01 2.92379916e-01 5.61166286e-01 -1.39112234e-01
    2.83284068e-01 1.12643254e+00 1.35075247e+00 -2.04737931e-01
    7.06862688e-01 -2.40956962e-01 1.03134787e+00 6.00335240e-01
    4.36605334e-01 5.34546614e-01 -4.89209890e-02 -2.34467179e-01
    1.47069156e-01 1.14734817e+00 6.73700213e-01 5.64004660e-01
    1.10070217e+00 1.09100521e+00 -4.34105396e-02 2.52690136e-01
    1.29197717e+00 9.47726250e-01 8.77466559e-01 1.33525729e-02
    -7.61408806e-02 1.28525746e+00 7.52498865e-01 4.84379649e-01
    1.09242177e+00 1.16393256e+00 1.16499662e+00 8.87157440e-01
    3.12610090e-01 5.16676068e-01 6.16786003e-01 9.38112617e-01
    -1.68708146e-01 1.17372692e+00 -8.54734182e-02 2.02645481e-01
    8.88029516e-01 -1.38057232e-01 9.91941810e-01 8.05315018e-01
    3.01848114e-01 1.24656439e-01 -2.74382114e-01 8.61529708e-01
    -1.06786191e-02 7.45490611e-01 7.36876965e-01 1.25298285e+00
    -4.67067957e-03 -4.74097133e-02 5.19455016e-01 -3.02368343e-01
    2.89214969e-01 1.83212698e-01 5.40058017e-01 8.39219332e-01
    3.82061303e-01 8.24893951e-01 4.59476709e-01 5.68501115e-01
    2.61930108e-01 6.38083339e-01 1.14189672e+00 5.08111715e-01
    6.31878376e-02 1.17230809e+00 -4.13704306e-01 8.58155906e-01
    -1.35217816e-01 4.90905643e-01 -8.94021988e-02 4.60556507e-01
    9.55690145e-01 5.14509261e-01 -1.41084552e-01 1.45188749e+00
    2.61155665e-01 8.44239235e-01 2.68387198e-01 4.08752441e-01
    2.33274519e-01 1.08029938e+00 -1.94916785e-01 2.08776981e-01
    -7.45322704e-02 1.33313084e+00 -3.17062736e-02 -2.48393357e-01
    4.07209486e-01 -3.43023211e-01 1.13813579e+00 1.35227859e-01
    1.32921827e+00 7.05842257e-01 -2.32565999e-01 -1.30726844e-01
    3.81368458e-01 -1.92217022e-01 1.16250300e+00 4.75847185e-01
    -1.78370699e-01 9.22008157e-02 7.63150454e-01 5.61867893e-01
    -1.29042730e-01 3.91543865e-01 7.62710273e-01 -1.25586778e-01
    6.94206357e-01 7.53010392e-01 3.23595107e-01 -2.56128490e-01
    1.09496307e+00 -9.29345191e-02 7.07148790e-01 -1.19456351e-01
    -1.16547942e-01 9.52657938e-01 1.23107910e-01 1.03176737e+00
    1.07707477e+00 -2.97408670e-01 1.96196496e-01 8.87477696e-01
    -8.48554075e-02 1.01782334e+00 1.04455853e+00 6.19975448e-01
    2.43449330e-01 3.22203517e-01 2.82618165e-01 3.82955670e-01
    -2.88850129e-01 3.92877340e-01 9.99396801e-01 1.10458910e-01
    1.73332095e-01 -4.17420864e-02 9.87419844e-01 5.96128106e-01
    2.43864655e-01 1.22191775e+00 1.15812361e+00 8.43101263e-01
    1.08914816e+00 2.66635418e-01 -7.33424425e-02 -3.80604327e-01
    1.04053497e+00 7.56606460e-02 5.57568967e-01 3.63317192e-01
    5.88899791e-01 5.32720029e-01 -1.33297801e-01 1.09328878e+00
    4.18466032e-01 -2.13397771e-01 1.04203606e+00 5.23447871e-01
    1.08157110e+00 4.93944108e-01 1.55729771e-01 3.42263222e-01
    2.95043051e-01 -8.94380808e-02 7.28632689e-01 1.03414595e+00
    -2.12041825e-01 2.30780661e-01 1.33259940e+00 -3.77747655e-01
    3.52719903e-01 1.08470666e+00 -8.72759223e-02 1.69765413e-01
    9.07619357e-01 1.21866572e+00 8.26570034e-01 6.39195800e-01
    1.00118160e-01 1.16358423e+00 2.97657430e-01 7.18412757e-01
    8.85513783e-01 9.89331126e-01 -3.29165637e-01 4.72206414e-01
    8.54039192e-03 6.56208634e-01 1.25340199e+00 2.23233402e-01
    8.35393190e-01 5.51559687e-01 7.73532152e-01 -1.77976251e-01
    3.88261855e-01 7.85249949e-01 -2.46215582e-01 2.26039410e-01
    7.41057992e-01 7.18247771e-01 2.90011823e-01 4.79332507e-01
    2.95660794e-01 1.83695078e-01 1.33944511e+00 2.67066598e-01
    1.23950565e+00 8.26957822e-01 1.05191350e+00 4.51725304e-01
    1.11720002e+00 5.21418571e-01 -2.63239294e-01 1.16454613e+00
    6.62613750e-01 6.98850393e-01 3.72019529e-01 1.14052165e+00
    6.66142941e-01 3.96354437e-01 -2.60977238e-01 3.32634777e-01
    2.87720919e-01 9.66565251e-01 6.23679340e-01 3.92035902e-01
    -2.36134171e-01 1.06849790e+00 -3.45943391e-01 9.21915054e-01
    7.67020106e-01 2.20572948e-03 9.82592225e-01 1.80167019e-01
    2.09287047e-01 1.04138982e+00 9.96889472e-01 1.14572394e+00
    1.10170567e+00 9.30191755e-01 1.14356780e+00 4.12592113e-01
    3.78723264e-01 7.81481028e-01 -1.33252025e-01 8.55493426e-01
    3.94744873e-01 2.68709302e-01 8.80875230e-01 1.15382290e+00
    7.73105025e-02 1.51561260e-01 -8.33338499e-03 8.19170833e-01
    -1.19759679e-01 -2.62217224e-01 1.18143284e+00 7.63114095e-01
    1.35580146e+00 6.46691442e-01 1.08770132e+00 4.00897324e-01
    1.29827070e+00 6.78908706e-01 1.09664750e+00 1.07659864e+00
    6.77796960e-01 -1.10379398e-01 7.40346253e-01 5.85721374e-01
    5.76153040e-01 1.13991332e+00 4.36292768e-01 -1.60833478e-01
    7.75230110e-01 3.90865505e-01 6.02497220e-01 -3.73649597e-02
    -1.08405083e-01 3.16219926e-01 1.04007745e+00 -3.50878656e-01
    5.81071973e-01 8.08273256e-01 -6.93553686e-03 1.38918209e+00
    7.69729018e-02 1.27369595e+00 5.07185280e-01 4.54975665e-01
    -7.45550394e-02 1.31985426e+00 9.64495659e-01 1.26487291e+00
    4.49337602e-01 5.40895581e-01 1.21095943e+00 1.52512968e-01
    2.14016438e-02 9.14292693e-01 -1.50547594e-01 -2.20535636e-01
    -1.65610820e-01 7.62917459e-01 -2.43291676e-01 1.28753543e+00
    -1.48612678e-01 7.36910760e-01 -1.61222339e-01 -1.14140838e-01
    7.77959168e-01 2.11315751e-02 -2.27077663e-01 1.13351274e+00
    -3.52280647e-01 3.84017408e-01 -2.27394104e-01 1.36618471e+00
    -2.87767947e-01 9.75535750e-01 1.03255618e+00 -1.07332706e-01
    1.60658419e-01 9.01400685e-01 6.89111114e-01 1.16734648e+00
    -3.08039129e-01 7.17320323e-01 8.90584350e-01 -1.15181237e-01
    8.75219107e-02 1.02732027e+00 1.32389009e+00 8.40769053e-01
    1.02022260e-01 -2.97919661e-01 6.84695303e-01 -2.48674706e-01
    7.59705722e-01 3.51941943e-01 7.97434211e-01 1.42469609e+00
    2.48372555e-04 4.43476439e-03 8.18240225e-01 -5.95092177e-02
    2.84224391e-01 5.68418384e-01 1.33664346e+00 -1.58880383e-01
    7.88234353e-01 -3.34052294e-01 1.01206970e+00 1.26102221e+00
    -3.09867263e-01 9.71546650e-01 8.63216519e-01 6.41391456e-01
    -1.60503089e-01 1.43324447e+00 -1.78444386e-02 1.20701730e+00
    7.04940557e-02 -7.41488039e-02 9.86197829e-01 5.02912998e-01
    7.46238232e-03 -2.60646164e-01 1.28805161e+00 6.45847917e-01
    1.24589705e+00 1.03174031e+00 8.86038065e-01 1.52593076e-01
    6.46984577e-01 1.00151885e+00 1.12813401e+00 -1.76811129e-01
    5.98027349e-01 -5.18488884e-03 1.03284299e+00 -2.10509300e-02
    -8.37161839e-02 9.82744455e-01 1.16685021e+00 1.30520785e+00
    9.98761058e-02 6.57611251e-01 1.27634871e+00 2.92641521e-02
    9.28245187e-02 6.93888605e-01 1.04442239e+00 2.15906024e-01
    8.26066732e-01 7.02756286e-01 8.15103650e-01 -2.06588626e-01
    5.91865182e-01 -2.33585805e-01 5.23111403e-01 1.36213505e+00
    3.98449659e-01 8.31405282e-01 1.00354695e+00 -3.46286267e-01
    8.67135882e-01 3.42872918e-01 -8.13526213e-02 2.34369755e-01
    1.91652000e-01 5.42030334e-02 1.17364645e+00 9.36996341e-01
    -4.28998470e-03 1.18456733e+00 7.50403166e-01 5.94845891e-01
    1.21230340e+00 3.45346212e-01 4.09115136e-01 1.05074406e-01
    1.07417786e+00 1.11739254e+00 7.97692299e-01 1.10033309e+00
    1.85546637e-01 2.91585147e-01 7.49186933e-01 8.11530709e-01
    6.65255785e-02 7.27408886e-01 -2.29573965e-01 4.03215349e-01
    6.81234241e-01 1.22195780e+00 8.05667043e-01 -1.32778645e-01
    7.08645225e-01 6.06265187e-01 1.02794337e+00 5.53170681e-01
    3.58488858e-01 4.11088526e-01 7.40779042e-01 7.73654819e-01
    6.52612567e-01 9.69318390e-01 5.70844889e-01 2.64340520e-01
    7.60594130e-01 8.28073382e-01 1.06599259e+00 1.46427035e-01
    7.67577887e-01 -1.19678155e-01 -4.20430303e-02 -2.86753297e-01
    1.38615441e+00 3.46828222e-01 3.17585707e-01 9.21577215e-03
    2.35912383e-01 3.75913560e-01 6.09219313e-01 -3.12830150e-01
    2.15271294e-01 9.10614491e-01 -2.13103667e-01 9.03076291e-01
    8.03506970e-02 3.36786747e-01 1.10326660e+00 9.46592331e-01
    6.50161505e-02 3.71242642e-01 3.23557556e-01 1.21501327e+00
    3.07515919e-01 -1.21770710e-01 8.27806830e-01 8.57286096e-01
    1.29481447e+00 6.28193378e-01 1.91136479e-01 3.75514507e-01
    1.08144438e+00 1.07969916e+00 4.59201574e-01 9.49152350e-01
    6.67457342e-01 1.00544310e+00 7.83162117e-01 -1.05346948e-01
    1.61944330e-01 1.18448257e-01 6.28689051e-01 5.28411269e-02
    6.63047373e-01 6.16939247e-01 -1.71454206e-01 1.11718297e-01
    -2.21103072e-01 6.02508426e-01 6.64954782e-02 1.32889688e-01
    1.78988576e-01 -2.08526269e-01 1.28197670e+00 1.18437970e+00
    2.42854595e-01 1.35453701e+00 3.70591700e-01 -1.25058547e-01
    -2.01600567e-01 1.53769851e-01 -9.01445150e-02 -1.77395195e-01
    -2.58972228e-01 9.10946965e-01 -1.68907642e-01 1.14007092e+00
    5.33402085e-01 -2.21247792e-01 7.81563103e-01 2.47771740e-01
    -1.61937326e-01 3.38213861e-01 2.73519754e-02 3.87458205e-02
    1.34515798e+00 1.41814113e-01 -5.17629683e-02 1.84488058e-01
    9.79425907e-01 7.64871240e-01 9.73829985e-01 1.19634926e-01
    1.01933157e+00 -2.83274740e-01 7.38245189e-01 -3.03356051e-02
    4.62528467e-01 2.18318343e-01 3.56853247e-01 4.73883688e-01
    1.03073686e-01 2.54423618e-02 7.64896750e-01 -5.34241259e-01
    1.28991687e+00 4.77203727e-01 4.83674288e-01 1.23636723e+00
    8.10915709e-01 2.37058342e-01 4.00263309e-01 3.73708725e-01
    3.73877048e-01 1.18765843e+00 9.00335789e-01 -2.37293616e-01
    4.98967946e-01 3.64400506e-01 1.22580659e+00 1.04223216e+00
    -3.41254473e-01 9.60361898e-01 1.21707052e-01 4.69367445e-01
    1.13957405e+00 2.72919536e-02 1.18084610e+00 1.01265979e+00
    1.11198425e-01 -5.26590347e-02 1.74776077e-01 1.19355667e+00
    2.32790291e-01 -1.80591345e-02 1.26324999e+00 -9.37350392e-02
    1.22944236e-01 -2.12963924e-01 8.53730440e-01 -2.08817720e-01
    7.53633380e-01 -8.45063627e-02 -3.06832910e-01 8.19343209e-01
    -1.32274926e-02 1.28848135e+00 6.04721248e-01 8.63224506e-01
    1.09737504e+00 -2.96120256e-01 4.50792015e-01 -3.16341341e-01
    1.21445918e+00 -9.37500298e-02 -2.67487228e-01 9.89040136e-02
    6.08314514e-01 8.02548885e-01 6.12874150e-01 1.09421551e+00
    8.00070763e-01 1.29349816e+00 5.45130491e-01 2.51699746e-01
    3.29833806e-01 1.23417699e+00 3.90368342e-01 2.91587114e-02
    1.13632798e+00 6.18724108e-01 -3.73407602e-02 4.72672939e-01
    7.98578680e-01 5.03222048e-01 1.42005026e-01 1.16978765e+00
    9.50571299e-01 4.73336995e-01 3.90688539e-01 1.79754376e-01
    9.34013486e-01 4.24432158e-01 1.02071810e+00 5.71624994e-01
    5.31839967e-01 1.22615898e+00 -3.32898200e-01 1.98268950e-01
    1.24682534e+00 6.96429014e-01 -1.00224018e-02 8.95868659e-01
    1.02388144e-01 5.82637429e-01 1.17211068e+00 -4.10089403e-01
    1.16433144e+00 4.29113269e-01 3.90315056e-01 8.39511752e-02
    1.46163964e+00 -3.02678227e-01 1.34858072e-01 8.56903195e-02
    8.94047976e-01 7.69850373e-01 -4.41125512e-01 1.01565695e+00
    4.60937619e-02 6.32905483e-01 4.31623101e-01 6.60465360e-01
    1.04592323e-01 5.04017115e-01 6.09628201e-01 8.47287536e-01
    5.78255057e-01 8.84067297e-01 4.51786399e-01 1.24720776e+00
    2.34972656e-01 1.03647649e+00 1.17258084e+00 -3.33432615e-01
    3.05363357e-01 7.66496658e-01 5.88667452e-01 -3.21963906e-01
    5.34920335e-01 4.62148428e-01 -2.04244018e-01 1.40934575e+00
    6.74039006e-01 -1.04773641e-01 1.35308456e+00 6.41316772e-02
    -2.21686825e-01 1.88824207e-01 1.25504524e-01 8.04468989e-03
    5.18491566e-02 1.18484557e-01 1.20512402e+00 1.50365889e-01
    -7.20658004e-02 4.19881880e-01 1.37836444e+00 -3.84515166e-01
    1.21560371e+00 -5.83189726e-02 8.20624948e-01 -1.67499632e-01
    1.23794961e+00 9.91367936e-01 -1.00925684e-01 5.33387899e-01
    5.01965761e-01 1.10603416e+00 3.53105485e-01 4.28317130e-01
    8.73935819e-01 9.81406569e-01 -5.23635447e-01 1.26078486e+00
    1.03979325e+00 -2.65082181e-01 8.12935352e-01 9.82450724e-01
    -1.53536469e-01 -2.43860483e-02 4.55492079e-01 9.32935953e-01
    6.34800911e-01 8.96766186e-02 -7.47332871e-02 5.62774360e-01
    1.21467400e+00 1.18598664e+00 1.57853901e-01 1.80315971e-01
    -8.18125755e-02 -1.65401936e-01 1.04278708e+00 1.04039955e+00
    9.21413898e-01 9.65098858e-01 9.67549920e-01 -2.94183820e-01
    1.24017501e+00 5.57805300e-02 9.51129913e-01 5.66401958e-01
    5.63120961e-01 4.22238469e-01 7.31598318e-01 -1.37670636e-01
    7.86124170e-01 5.36852241e-01 3.89768600e-01 9.33006883e-01
    3.61675680e-01 -7.16882944e-02 -1.38770640e-02 2.37636805e-01
    9.19096589e-01 2.22032964e-01 5.44290543e-01 5.68370521e-01
    -1.22513801e-01 2.07673430e-01 9.15770531e-01 1.25631106e+00
    2.65347540e-01 2.03646123e-01 1.30835533e+00 8.42394829e-01
    1.45660400e-01 7.82422423e-01 1.30773425e-01 -3.50986958e-01
    6.91024721e-01 7.24412322e-01 1.43190861e-01 -1.36781573e-01
    -9.31871757e-02 7.53523111e-01 2.09727287e-02 9.51354980e-01
    1.26722872e+00 5.76295137e-01 1.30004644e+00 -3.62792581e-01
    4.83872890e-01 -2.66405344e-02 7.44607270e-01 8.97036791e-01
    1.09219384e+00 4.91907597e-01 7.11282253e-01 1.14396954e+00
    4.28834677e-01 5.12412608e-01 5.78783214e-01 3.83259714e-01
    9.95269060e-01 1.20333099e+00 4.02043343e-01 7.49048591e-01
    9.75144625e-01 1.32314646e+00 1.15169477e+00 6.39225483e-01
    1.23934650e+00 4.82983947e-01 -1.84905380e-01 8.44237804e-02
    5.35310328e-01 -7.76977539e-02 -3.49208236e-01 1.54546368e+00
    -2.14707732e-01 -1.08199179e-01 1.24381506e+00 5.27555346e-02
    8.34549785e-01 2.67180443e-01 5.41855693e-02 5.59137404e-01
    -4.17749345e-01 8.50714087e-01 8.83335471e-01 4.15349364e-01
    2.63413727e-01 -1.73401952e-01 1.03168964e+00 9.02425051e-01
    3.02389681e-01 3.65987003e-01 -5.55373430e-02 1.22605145e-01
    2.18691766e-01 9.90953088e-01 7.53633499e-01 3.26948524e-01
    3.96002471e-01 3.22508216e-01 -2.19607592e-01 1.37378931e+00
    -2.81929553e-01 8.84050250e-01 7.51293778e-01 -2.53714919e-02
    1.17664814e+00 8.09763432e-01 1.66039288e-01 9.07908261e-01
    -9.11417305e-02 -1.04723506e-01 5.81628978e-01 1.26514161e+00
    -2.95164764e-01 3.96139920e-01 -2.57036269e-01 1.18837929e+00
    2.83823371e-01 1.47709370e-01 3.59461665e-01 1.03349280e+00
    -3.47822249e-01 7.69624233e-01 1.11102164e+00 1.04687095e+00
    4.56900954e-01 8.19022298e-01 -9.41434801e-02 -1.12320751e-01
    9.12677646e-01 8.69820237e-01 2.10648358e-01 8.09427500e-01
    3.38616133e-01 1.17985892e+00 1.39761865e-01 1.95548832e-01
    1.16501904e+00 -2.22418636e-01 -1.01304501e-01 9.91098702e-01
    1.35760486e-01 7.75738955e-01 6.67805374e-01 -1.96719259e-01
    2.91822553e-01 7.79260039e-01 8.33902657e-02 -1.97429568e-01
    1.10452116e+00 1.02595210e+00 -8.43728185e-02 9.65811729e-01
    1.24016488e+00 -1.39616728e-02 8.42741132e-03 1.46096945e+00
    2.28294611e-01 4.83039141e-01 4.00136292e-01 1.22078383e+00
    1.19696915e+00 4.27156448e-01 -3.40218455e-01 1.48798788e+00
    -2.50438809e-01 3.42920184e-01 1.42628765e+00 -7.28622079e-02
    6.60039306e-01 1.20648324e-01 1.36965263e+00 1.73709571e-01
    7.72717595e-01 1.25080872e+00 6.27758265e-01 1.05547583e+00
    1.07167065e-01 9.11858678e-01 1.13472795e+00 1.61255360e-01
    1.18582714e+00 1.90941811e-01 5.45353055e-01 1.99204803e-01
    8.56404006e-01 3.41006875e-01 4.02679682e-01 7.42696762e-01
    8.54916215e-01 6.90789461e-01 5.43878078e-02 7.11883724e-01
    4.56053019e-01 2.00890720e-01 4.42340493e-01 8.36329341e-01
    1.02270734e+00 1.25951600e+00 1.28158569e-01 -2.46483088e-03
    9.54022646e-01 1.09853053e+00 3.92593920e-01 1.20753050e-01
    5.64696729e-01 6.47290647e-01 4.39980984e-01 -2.44325519e-01
    1.07254815e+00 7.64069319e-01 9.85287905e-01 4.41361070e-02
    1.10619044e+00 -3.65075082e-01 4.27313030e-01 5.63940227e-01
    8.25411439e-01 1.06175184e-01 3.11992764e-01 6.17378473e-01
    1.20185459e+00 -3.03645343e-01 4.13627118e-01 8.05909634e-02
    1.29341793e+00 1.19457781e+00 -1.87175542e-01 -7.83050060e-02
    1.93903923e-01 1.03141308e+00 9.09129500e-01 -5.76828122e-02
    1.17881250e+00 1.26834095e+00 4.09873962e-01 6.36789322e-01
    7.36899972e-01 1.09927297e+00 1.23722970e-01 -4.87678051e-02
    8.72634649e-01 8.78137350e-01 3.74758720e-01 8.75536680e-01
    4.97759461e-01 -1.46147013e-02 3.53746355e-01 1.23259711e+00
    -4.70422506e-02 1.30657518e+00 6.64536953e-02 5.06253898e-01
    3.10359001e-01 -2.49557555e-01 1.32933784e+00 3.24944198e-01
    -6.69834316e-02 1.12853670e+00 -1.69455916e-01 5.04433274e-01
    9.02495623e-01 5.26292205e-01 4.71723258e-01 5.74359119e-01
    -3.37557882e-01 1.97449028e-01 1.26403129e+00 -4.55150008e-02
    9.95657563e-01 9.57405210e-01 8.83886814e-02 8.99090767e-01
    -3.23967040e-01 7.16415644e-01 7.58747935e-01 9.74657655e-01
    6.54198647e-01 9.66574430e-01 7.44655490e-01 -5.32061458e-02
    6.24695122e-02 8.89970839e-01 -1.27549946e-01 7.39647746e-01
    8.55122566e-01 4.24627066e-01 1.13698053e+00 1.06680608e+00
    -1.06176823e-01 6.91188812e-01 4.69041288e-01 6.03049695e-01
    1.73210323e-01 8.91462088e-01 1.24591100e+00 -2.58836865e-01
    8.06261659e-01 2.48689294e-01 1.18197763e+00 4.32752430e-01
    6.35348499e-01 3.81368279e-01 -2.28241831e-01 8.33861291e-01
    6.39805973e-01 -3.91023427e-01 7.30772257e-01 6.77047372e-01
    4.09393609e-02 1.40521228e-01 8.01146150e-01 5.06899416e-01
    7.25029826e-01 6.81752563e-01 -2.59838015e-01 4.60885167e-01
    1.14634991e-01 -2.90087849e-01 5.96835852e-01 -3.00187588e-01
    1.19056118e+00 8.79527807e-01 1.02919459e+00 7.74772227e-01
    5.63446403e-01 1.31152248e+00 1.13782346e+00 -1.21677876e-01
    1.51954305e+00 -2.30589554e-01 -6.99661374e-02 5.64457238e-01
    -3.80655825e-02 4.93755937e-02 6.58074260e-01 1.12376893e+00
    1.12698996e+00 1.09189165e+00 6.80020690e-01 2.30931938e-01
    8.69147897e-01 1.43512964e-01 1.09733605e+00 2.81197429e-02
    2.49155521e-01 1.04531944e-01 1.15670621e+00 1.25210941e+00
    -2.77718753e-01 -2.09062040e-01 1.66759312e-01 4.31633830e-01
    2.12579966e-01 4.14358079e-01 9.96928096e-01 -3.21038365e-02
    6.36871696e-01 1.13696325e+00 -1.34800434e-01 1.14947057e+00
    -7.93079734e-02 8.23669076e-01 6.79545403e-02 -3.64224553e-01
    7.86888719e-01 -2.88747221e-01 1.02350032e+00 -3.57200503e-02
    1.38944554e+00 2.33935595e-01 -2.60497034e-02 -4.49353367e-01
    1.15255773e+00 1.08269680e+00 -2.47623131e-01 7.20890045e-01
    2.73932576e-01 1.32896256e+00 -4.51797456e-01 7.03059912e-01
    6.62448645e-01 1.16199088e+00 2.32728064e-01 6.02815747e-02
    1.05940962e+00 -4.80279565e-01 9.68496919e-01 4.93234754e-01
    1.10246444e+00 8.05825472e-01 -1.52309224e-01 -2.16540396e-01
    9.53252912e-01 1.01459777e+00 -2.31838107e-01 -1.25982717e-01
    -1.11479074e-01 8.55602145e-01 3.76781046e-01 1.09233165e+00
    8.61280203e-01 3.05153310e-01 -2.47520208e-02 2.51665115e-01
    -1.98395357e-01 -2.47851044e-01 1.21738589e+00 -1.47190690e-01
    1.11444187e+00 -1.42990589e-01 5.54879546e-01 1.04454637e-01
    1.46901757e-01 6.32263422e-02 2.04211771e-02 8.09083104e-01
    2.49301553e-01 1.27339602e+00 4.93050575e-01 2.33876705e-01
    -1.11499429e-02 6.37020767e-01 -3.14990342e-01 3.48521113e-01
    1.06169510e+00 7.66648889e-01 -4.06581610e-01 3.97409558e-01
    1.11986339e+00 -1.00977182e-01 9.49044704e-01 -2.26604789e-01
    8.79721880e-01 4.69291151e-01 -1.58453315e-01 8.99027348e-01
    -2.74487257e-01 1.12480032e+00 6.23123765e-01 1.94432437e-01
    -2.44562998e-01 3.45249116e-01 1.24109459e+00 8.90396357e-01
    1.00315166e+00 7.87981868e-01 9.30739045e-01 1.12777066e+00
    -1.44631863e-02 4.50962543e-01 -2.09292024e-01 6.98270082e-01
    6.41276121e-01 9.32296515e-02 3.75680506e-01 8.71316195e-01
    8.59472871e-01 4.18685794e-01 -1.16697967e-01 4.70963538e-01
    8.07459116e-01 9.20298815e-01 3.17799926e-01 -6.80710375e-02
    8.08560848e-01 5.03701806e-01 -7.62224197e-03 7.12840915e-01
    -3.27520162e-01 7.78025508e-01 1.37412298e+00 -1.02682889e-01
    1.30160356e+00 9.66492414e-01 5.96163154e-01 9.35782313e-01
    9.85114098e-01 -1.85357422e-01 5.01469076e-02 9.57482696e-01
    5.64467311e-02 -3.86341512e-01 1.26997864e+00 2.12244749e-01
    7.55506456e-01 1.96094692e-01 3.92162442e-01 1.24975431e+00
    -5.40503860e-02 6.41315877e-01 4.53794003e-01 1.42514825e-01
    6.88497424e-01 7.93586373e-02 -2.89851427e-03 5.96799195e-01
    8.86142373e-01 -2.43740082e-02 2.99592853e-01 1.18800306e+00
    8.48062038e-02 -1.54793262e-03 9.93775487e-01 3.52308750e-01
    4.46287513e-01 1.08191860e+00 1.68727040e-01 7.29015470e-02
    1.14179289e+00 2.59568155e-01 1.12001538e+00 1.97083056e-01
    8.91508162e-01 8.71926546e-01 -9.15675461e-02 1.31650734e+00
    4.32204545e-01 9.18062925e-02 1.25213635e+00 7.14557052e-01
    5.74676156e-01 9.32489991e-01 -3.00615072e-01 1.32469547e+00
    -3.30149561e-01 6.57603621e-01 4.60857749e-01 2.34874606e-01
    3.26814711e-01 1.11534822e+00 3.64995599e-01 -1.41183972e-01
    1.04407883e+00 1.19123137e+00 5.28027892e-01 8.61461282e-01
    5.89365959e-02 7.48984814e-01 4.14659798e-01 1.15130651e+00
    2.20795035e-01 1.10768402e+00 6.26466632e-01 1.10610473e+00
    -1.40582800e-01 4.35113609e-02 3.87403786e-01 -9.91409421e-02
    -1.01349801e-01 8.14709842e-01 -3.88678432e-01 1.41503596e+00
    1.67584836e-01 5.95315218e-01 8.79022479e-01 8.03254247e-01
    -1.30891591e-01 6.52392566e-01 3.15046012e-01 -2.62643278e-01
    4.37830687e-02 9.23159122e-01 9.29336548e-01 -2.83444047e-01
    -7.70494044e-02 3.56664300e-01 8.18320274e-01 7.75018334e-02
    2.31897831e-03 1.05466485e+00 1.17176175e+00 3.00416410e-01
    7.05645025e-01 -2.53543645e-01 2.31612086e-01 -1.28377557e-01
    5.80893517e-01 -1.59371868e-01 2.86455810e-01 -8.87810886e-02
    7.05344737e-01 6.65732622e-02 3.53435636e-01 -2.96317071e-01
    4.48261619e-01 1.23967409e-01 9.79350567e-01 3.61821532e-01
    6.63038433e-01 9.21567202e-01 1.08927047e+00 4.12247539e-01
    1.26728880e+00 5.56055903e-02 3.09255004e-01 3.46059501e-01
    1.71055853e-01 1.11647403e+00 -3.42976242e-01 1.35554159e+00
    7.23834872e-01 6.80092931e-01 8.95446539e-02 8.44142437e-02
    1.38470197e+00 2.37727582e-01 1.03893018e+00 -2.28892982e-01
    5.54944277e-02 1.31856036e+00 7.08029270e-02 2.42068231e-01
    3.07583690e-01 1.75393164e-01 2.48878658e-01 9.93067622e-01
    -2.24294156e-01 9.63879704e-01 9.00933623e-01 1.15736353e+00
    1.04708552e+00 6.94126666e-01 -9.20805931e-02 8.14748645e-01
    1.12008452e-02 6.76424265e-01 1.29277039e+00 1.21796000e+00
    4.06597793e-01 -1.47387922e-01 4.90187228e-01 1.07096970e+00
    -1.67508274e-01 1.28860891e+00 1.52662337e-01 7.92986155e-03
    -1.37481511e-01 3.10821712e-01 -6.67512417e-03 1.37203372e+00
    4.44376469e-03 1.35103548e+00 8.71275544e-01 6.19121790e-01
    2.03376293e-01 1.39501595e+00 -1.12409145e-01 4.62478280e-01
    7.17581153e-01 7.83864021e-01 9.35992122e-01 4.23517883e-01
    1.29273951e-01 1.02220798e+00 -1.77175850e-01 1.22370386e+00
    5.02041519e-01 1.35797322e-01 1.04332328e+00 2.46403515e-01
    7.15828121e-01 9.92952228e-01 1.22154713e+00 7.69850373e-01
    9.75706577e-01 1.26402462e+00 1.32682192e+00 4.58855033e-01
    -1.74314275e-01 5.01930356e-01 -1.31781429e-01 3.42447758e-02
    7.86039114e-01 2.56373286e-01 1.11317694e+00 4.37536597e-01
    -6.17605448e-03 7.94864058e-01 1.34080470e+00 1.30619526e-01
    -2.72333682e-01 1.16887987e+00 6.06040835e-01 4.26597893e-01
    1.11330676e+00 -1.21074826e-01 7.65410542e-01 4.29342926e-01
    4.20144081e-01 9.98858333e-01 9.24041867e-01 -7.64831901e-02
    2.97667980e-01 -1.17349118e-01 9.28361177e-01 1.69098616e-01
    8.99014831e-01 9.55619097e-01 4.30791378e-01 2.00873375e-01
    7.79447198e-01 9.69640493e-01 9.63612318e-01 1.09620070e+00
    -2.71739304e-01 5.21742761e-01 1.44405377e+00 4.01902199e-02
    5.68324208e-01 8.62684488e-01 1.14223790e+00 4.68556345e-01
    -1.33830726e-01 9.96060491e-01 -1.28058791e-02 5.10785580e-01
    5.48531890e-01 3.98863137e-01 5.19367456e-01 1.30063832e+00
    8.57281089e-02 6.93681121e-01 3.91426921e-01 2.78914571e-02
    8.97449493e-01 8.76589775e-01 -1.76033914e-01 5.06003141e-01
    1.70838773e-01 2.39760578e-01 9.90195274e-01 9.44252968e-01
    4.01945174e-01 -1.83671951e-01 1.54258549e-01 9.76551056e-01
    1.30259776e+00 6.04138911e-01 -9.09736156e-02 9.32333112e-01
    -2.32508481e-01 -5.06208539e-02 1.75252676e-01 5.10078847e-01
    6.91023111e-01 -8.71421695e-02 9.79080558e-01 8.81244779e-01
    1.23753726e+00 -1.03256315e-01 -8.99255872e-02 1.26555336e+00
    -3.41462493e-02 1.21629393e+00 8.49992633e-02 4.53798890e-01
    6.45309091e-01 7.39547610e-01 9.79872108e-01 8.99661303e-01
    1.13653624e+00 8.98866773e-01 5.03426135e-01 8.94983888e-01
    -1.15999758e-01 9.28607881e-01 1.91050291e-01 2.35016197e-01
    7.79279590e-01 -1.41190201e-01 -9.67558473e-02 7.51388788e-01
    -2.49120623e-01 1.09686553e+00 -1.26980841e-01 -3.09764653e-01
    1.18599355e+00 6.15561843e-01 3.93222868e-01 -2.92747438e-01
    1.11549544e+00 8.07682395e-01 4.96625900e-01 1.25825393e+00
    7.72259116e-01 2.05455065e-01 4.82761025e-01 7.02354431e-01
    8.09456468e-01 -2.04192996e-02 3.49617898e-01 1.33869684e+00
    2.90285945e-01 1.32046688e+00 -4.12115186e-01 1.26252162e+00
    3.39831173e-01 -6.90431297e-02 3.80685627e-01 1.56412482e-01
    1.28158343e+00 6.65874481e-02 1.15769863e+00 9.56888795e-01
    7.28782177e-01 -1.62519217e-02 -2.30736554e-01 9.98736739e-01
    1.65769756e-01 6.62147820e-01 -1.87870979e-01 1.15460253e+00
    8.04720402e-01 6.49277925e-01 4.94157791e-01 1.33440578e+00
    2.27923810e-01 6.02676392e-01 5.94753027e-02 8.22432220e-01
    9.59474385e-01 -2.93075711e-01 6.32222533e-01 6.34561598e-01
    -1.37327880e-01 6.15471125e-01 3.55588377e-01 -3.95687968e-01
    9.32912111e-01 1.36477780e+00 9.81897116e-01 -3.65814954e-01
    8.92491698e-01 -2.11622342e-01 6.86805248e-01 5.09273708e-01
    7.20534325e-01 1.10907042e+00 -6.52554035e-02 7.84821808e-01
    1.37749958e+00 -2.75591612e-02 3.00458610e-01 3.47860098e-01
    3.39385390e-01 -3.40022177e-01 1.22253704e+00 -1.70439571e-01
    5.03805518e-01 2.65932381e-01 3.57219100e-01 8.38150978e-01
    3.48654985e-02 1.47999585e-01 3.88469666e-01 -1.65612370e-01
    8.60989332e-01 1.52818501e-01 -1.48069084e-01 1.00497413e+00
    -2.07980633e-01 6.49103642e-01 1.24191129e+00 2.79453576e-01
    7.86870360e-01 -2.81795859e-01 2.41586179e-01 6.37469530e-01
    1.21249020e+00 1.26440060e+00 1.01770139e+00 -1.04011834e-01
    1.16539443e+00 1.10359895e+00 7.12987304e-01 8.93414855e-01
    8.92235756e-01 -1.42390579e-01 1.01422191e-01 1.36063266e+00
    -1.86535984e-01 -5.29332161e-02 7.00696349e-01 5.54754496e-01
    3.70168686e-02 4.86799181e-01 9.26828623e-01 8.09565306e-01
    -2.35494360e-01 -1.18587613e-02 1.08360374e+00 1.13311350e+00
    -2.12754637e-01 3.93107295e-01 1.11586618e+00 -8.42794776e-02
    1.26219165e+00 -1.19207203e-01 5.42389393e-01 1.24340880e+00
    -3.27750593e-01 -1.65916264e-01 8.20671141e-01 6.06077313e-02
    4.64877725e-01 7.70285368e-01 1.09565127e+00 -2.99477190e-01
    1.36791694e+00 -4.42277789e-02 9.92998838e-01 5.03107786e-01
    -1.15297705e-01 4.19900358e-01 1.19798923e+00 5.95573902e-01
    6.04921699e-01 3.45903337e-01 1.22032404e-01 6.39967918e-01
    1.74793541e-01 -2.75788903e-02 -9.91155803e-02 3.13287139e-01
    1.60743207e-01 9.48253393e-01 1.07557356e+00 6.32363796e-01
    1.11932969e+00 1.11945760e+00 -3.26697111e-01 8.73448849e-01
    1.22066915e+00 6.27779484e-01 -3.45445931e-01 1.16158342e+00
    6.70448542e-01 4.07909989e-01 9.53681469e-01 8.72193098e-01
    2.02619433e-02 3.11857641e-01 9.38444138e-02 1.35231268e+00
    1.10780704e+00 5.12616813e-01 1.84239388e-01 3.70335937e-01
    2.25683451e-01 3.02152216e-01 4.41805720e-01 2.41324782e-01
    2.18230247e-01 7.40524888e-01 -2.60517180e-01 5.20625710e-03
    7.69717693e-01 7.13630199e-01 3.55310738e-01 5.54766655e-02
    1.21236348e+00 2.20229208e-01 -3.30897510e-01 1.97687507e-01
    6.45207882e-01 4.05184031e-01 -1.34997219e-01 3.60664606e-01
    7.16377437e-01 -1.40666634e-01 6.77896976e-01 8.06661844e-01
    1.15987885e+00 -1.70550942e-02 3.74533117e-01 5.48060775e-01
    1.14662433e+00 -1.34955436e-01 2.20934272e-01 7.69412518e-03
    1.26307678e+00 1.54055953e-02 8.10909271e-01 3.33754241e-01
    4.38786983e-01 1.17686212e+00 -3.40104699e-02 3.42639089e-02
    5.67857623e-01 1.30196726e+00 9.31166291e-01 4.36706662e-01
    -3.37822556e-01 7.08010912e-01 -2.88811803e-01 1.32497251e+00
    -3.62786055e-01 1.17874706e+00 5.29246092e-01 8.09421182e-01
    2.47550845e-01 5.34187496e-01 7.40239263e-01 -4.60882783e-02
    8.24752450e-01 7.04999924e-01 4.23194885e-01 -8.80686045e-02
    1.14442503e+00 7.05593586e-01 3.50938797e-01 5.58887362e-01
    8.42509985e-01 7.89412141e-01 4.62935627e-01 3.35759342e-01
    4.34307337e-01 2.52074897e-01 -5.80256879e-02 2.43319392e-01
    1.05046034e+00 -1.71933055e-01 2.59670913e-01 8.62661183e-01
    -1.00211084e-01 5.99246979e-01 2.10567594e-01 1.17807090e+00
    -1.30785912e-01 2.40012169e-01 5.71149290e-01 3.05012822e-01
    1.88364506e-01 1.37242043e+00 4.36985731e-01 6.31439269e-01
    4.25075471e-01 8.31182599e-01 6.28955007e-01 9.15747285e-01
    1.30780041e-01 1.04951978e+00 9.37371731e-01 3.76005769e-01
    1.11783457e+00 -1.68256521e-01 1.17324948e+00 2.26342022e-01
    -2.80339718e-02 1.80637836e-01 1.82927072e-01 4.70576882e-02
    1.29562581e+00 -2.32559443e-02 -8.28934014e-02 1.09767127e+00
    9.28190351e-02 4.21803892e-01 5.55518746e-01 9.41977859e-01
    8.45517874e-01 7.27893710e-02 8.87095094e-01 4.69586492e-01
    7.41212487e-01 4.67975914e-01 7.20891356e-01 -1.33279920e-01
    1.52511179e-01 8.12909126e-01 -7.52927661e-02 8.37254167e-01
    2.23985374e-01 1.09570825e+00 5.28505445e-01 6.40405893e-01
    4.18503284e-01 2.71396875e-01 -3.71545941e-01 6.51418924e-01
    -1.11736685e-01 1.59263849e-01 1.07943678e+00 9.37139869e-01
    1.20346904e+00 -4.40218091e-01 6.34295106e-01 1.26886129e+00
    1.44093692e-01 7.66172886e-01 5.61636984e-01 -2.35499084e-01
    6.14245653e-01 7.87184119e-01 8.02995801e-01 -2.17618167e-01
    5.65889180e-01 7.83236504e-01 1.15337837e+00 1.11136127e+00
    9.84413862e-01 1.19434655e+00 -5.82740903e-02 2.45173156e-01
    1.14785588e+00 7.27828026e-01 5.27978837e-01 3.93870175e-01
    4.10155237e-01 5.25378406e-01 -2.31271595e-01 1.32117301e-01
    8.39065313e-01 -1.69233903e-01 4.63808775e-02 -1.65346324e-01
    1.13883996e+00 7.28097439e-01 6.19598508e-01 6.09695613e-01
    5.27143657e-01 4.27698195e-02 -1.73819348e-01 1.50904059e-02
    5.21640778e-01 7.37871528e-02 -1.65015608e-01 3.62401843e-01
    1.06802738e+00 7.04756975e-01 4.40884054e-01 -1.63921475e-01
    1.13656020e+00 7.98747182e-01 -2.40145236e-01 8.08270574e-01
    7.07148552e-01 1.22627258e+00 6.59828663e-01 1.28621960e+00
    7.06673861e-01 5.76209784e-01 7.94319868e-01 1.14627540e+00
    1.22694981e+00 8.24910641e-01 8.50449800e-01 1.17405224e+00
    -2.36332983e-01 5.53951502e-01 1.43292308e-01 4.20395613e-01
    7.08958149e-01 8.76405716e-01 5.61212659e-01 -2.71678746e-01
    6.73067391e-01 8.92823577e-01 9.66129422e-01 2.58541465e-01
    -6.25794232e-02 1.17283702e+00 1.80609882e-01 4.79500949e-01
    1.03688729e+00 -8.19073617e-02 -7.95172453e-02 1.37659752e+00
    -3.39969933e-01 3.23650599e-01 9.41157818e-01 8.81560683e-01
    1.00940847e+00 7.71192431e-01 1.11083150e+00 4.29222822e-01
    1.08895862e+00 5.11805654e-01 5.60724914e-01 3.73318851e-01
    -2.31110364e-01 8.73318315e-01 4.91673589e-01 1.49223387e-01
    4.09743547e-01 9.08231139e-01 1.17918015e-01 7.92640209e-01
    -6.42464161e-02 1.07537627e+00 3.15761924e-01 2.98182487e-01
    1.09030449e+00 -2.61977851e-01 -8.19576979e-02 1.01811945e+00
    1.19803119e+00 8.89817357e-01 5.98489761e-01 -3.02100271e-01
    4.70882416e-01 1.44680142e-02 4.05016303e-01 2.82681406e-01
    3.00328732e-01 9.65919852e-01 1.36044347e+00 9.71321464e-02
    1.13465464e+00 -3.15229058e-01 1.36359012e+00 1.90875411e-01
    2.32041478e-02 -4.05444503e-02 2.90129960e-01 7.53632247e-01
    8.54505897e-01 5.52714109e-01 1.01178193e+00 6.18595719e-01
    1.25269854e+00 3.74452770e-01 -1.75470531e-01 1.12440240e+00
    2.36388266e-01 5.15501499e-02 4.55103099e-01 3.65510941e-01
    -4.00759578e-02 1.00521529e+00 -3.06652516e-01 1.15433764e+00
    1.19199324e+00 1.08880138e+00 5.81578076e-01 1.56880647e-01
    -8.43697488e-02 5.08673191e-02 1.37939417e+00 -1.84454322e-02
    7.19628513e-01 3.51153612e-01 -7.43144453e-02 1.25555980e+00
    1.17273891e+00 -3.66683245e-01 9.43307877e-02 1.09082627e+00
    7.74938703e-01 3.87535632e-01 8.06632400e-01 8.98302913e-01
    1.13741374e+00 -1.17797077e-01 1.01442707e+00 9.67909694e-01
    -2.91864097e-01 5.67994893e-01 7.22124934e-01 1.01288712e+00
    1.43070817e-01 8.55384111e-01 2.58832872e-01 1.44408441e+00
    -3.00299823e-01 1.46207601e-01 1.61415160e-01 7.54351377e-01
    7.57155299e-01 7.49096155e-01 6.81470037e-02 -2.52584547e-01
    1.18573976e+00 -1.77614331e-01 9.58939552e-01 6.53946161e-01
    5.90256453e-01 8.61684799e-01 1.04937673e-01 1.01456356e+00
    6.70376360e-01 -2.34094858e-02 7.41465807e-01 7.34131336e-01
    1.14420700e+00 5.11091709e-01 -2.05551088e-02 -2.22074986e-02
    9.54609156e-01 -3.37676078e-01 4.87585068e-02 2.28579700e-01
    4.58008349e-01 2.46112049e-01 3.33618820e-01 1.06761718e+00
    3.40666831e-01 3.03325415e-01 1.68237567e-01 8.71385455e-01
    -2.01507837e-01 1.41720724e+00 1.25942707e-01 7.35802054e-01
    9.50336337e-01 1.16477978e+00 6.87775373e-01 1.06435239e+00
    7.28061318e-01 1.26651525e+00 -4.20783758e-02 9.57381725e-02
    8.40958416e-01 4.04233098e-01 5.32451034e-01 1.00846744e+00
    1.43899322e-02 3.05775225e-01 5.25876999e-01 8.86499286e-01
    5.62040567e-01 1.08459204e-01 -3.17127734e-01 2.72360444e-01
    3.78315985e-01 -2.51452684e-01 1.36667061e+00 8.76579523e-01
    -7.19009042e-02 -1.20088011e-01 3.88880193e-01 -2.50429004e-01
    8.10480833e-01 8.81480932e-01 1.05741286e+00 9.43745494e-01
    8.83127809e-01 6.81660533e-01 -2.49224693e-01 4.70279455e-02
    2.54300773e-01 1.23879433e+00 -3.22848737e-01 1.13976574e+00
    3.47180903e-01 3.65769267e-02 5.00717998e-01 1.14604402e+00
    -2.63109386e-01 2.94697642e-01 7.11594820e-01 1.20896816e+00
    -4.03011978e-01 7.59725213e-01 1.17418683e+00 -4.00453389e-01
    9.97340560e-01 1.12716603e+00 7.70691633e-02 1.30463505e+00
    9.18817759e-01 1.03754103e-01 6.30327880e-01 3.80349755e-01
    1.13125467e+00 -1.45317495e-01 1.29241538e+00 -2.53879726e-01
    1.19588888e+00 -1.26475632e-01 3.81814361e-01 1.22921765e+00
    -2.09638849e-01 -2.70167828e-01 5.95030665e-01 -1.75085694e-01
    1.29249620e+00 1.33894825e+00 3.80466044e-01 4.59130704e-02
    1.24573207e+00 9.92718577e-01 1.33037305e+00 2.11453915e-01
    -1.93607599e-01 3.09431195e-01 6.95865810e-01 6.13737106e-01
    1.01823902e+00 1.79730654e-02 3.19571525e-01 2.35607743e-01
    4.90894616e-01 -1.28091037e-01 9.02726293e-01 1.12759650e-01
    4.71587777e-01 -2.86961913e-01 2.52254605e-02 5.60926080e-01
    5.23076296e-01 9.11117554e-01 1.53133810e-01 8.79479289e-01
    1.37698650e-02 7.86990643e-01 -1.34919554e-01 1.17443264e+00
    9.89466310e-01 1.00558341e+00 1.15870857e+00 6.67736888e-01
    7.49982119e-01 -5.53250313e-02 7.66826272e-01 8.79196763e-01
    -2.69625485e-02 -4.23917472e-02 5.19079685e-01 1.03592956e+00
    1.24898195e+00 1.03127658e-01 -7.94317648e-02 -3.76518726e-01
    1.05564368e+00 1.16374409e+00 7.75057197e-01 1.03663325e+00
    -1.37162358e-01 1.46789908e-01 -2.71358311e-01 6.24550045e-01
    3.37747514e-01 1.04138732e-01 6.46998584e-01 7.92679787e-01
    1.68838501e-01 -1.12632602e-01 2.10288107e-01 3.05037320e-01
    1.14760041e+00 3.06150317e-01 -4.93541062e-02 7.97755361e-01
    9.40561891e-01 6.74336553e-01 3.67172718e-01 4.95733976e-01
    1.07000148e+00 8.23090672e-02 3.98719847e-01 -3.51086229e-01
    -1.40315145e-01 1.54805064e-01 7.87435174e-02 1.32925475e+00
    3.76390934e-01 1.40232480e+00 -1.92714542e-01 3.72645020e-01
    -4.84940410e-03 2.82566845e-01 4.03118610e-01 -4.82547581e-02
    -2.78360844e-01 9.19892490e-02 1.46750128e+00 1.85650289e-02
    2.64832079e-02 5.38541079e-01 1.24807668e+00 -2.67058611e-02
    2.75608957e-01 2.42009223e-01 4.37028646e-01 7.56549835e-01
    2.47120082e-01 8.18355918e-01 3.82509410e-01 7.42391348e-01
    2.11291552e-01 -1.66370034e-01 3.53764474e-01 -2.17410326e-01
    3.06257963e-01 -7.84311295e-02 2.70512462e-01 -3.16022873e-01
    9.13823247e-02 3.44022751e-01 5.88868022e-01 3.46286654e-01
    1.17025244e+00 7.55950868e-01 -3.48882079e-02 1.50877893e-01
    7.72359252e-01 4.99034822e-01 -1.22380733e-01 1.27078700e+00
    2.11884141e-01 1.06984651e+00 -1.87654704e-01 1.39963603e+00
    -4.02135044e-01 9.08923149e-03 9.40040350e-01 7.71781802e-01
    2.75029004e-01 3.44765484e-01 6.04913652e-01 4.32878792e-01
    6.86939299e-01 4.79080915e-01 3.77653837e-01 1.34620094e+00
    -3.51992190e-01 9.74642038e-01 7.28469610e-01 1.99923217e-01
    4.76782739e-01 -1.78410560e-01 1.20161462e+00 9.45977926e-01
    2.22048283e-01 9.36954498e-01 1.38591039e+00 6.97208643e-02
    8.69726062e-01 4.10854816e-01 -2.07687944e-01 1.03775609e+00
    3.23575735e-02 6.03540003e-01 1.56388879e-02 1.17739129e+00
    1.34662473e+00 6.53387904e-01 -2.83138037e-01 1.32704902e+00
    6.58240676e-01 1.10553241e+00 -8.67363811e-02 4.46925402e-01
    9.01637912e-01 1.12071729e+00 -2.30274141e-01 3.39406729e-03
    7.09812999e-01 9.87946272e-01 5.64618528e-01 -2.98335254e-01
    1.12240851e+00 1.09678650e+00 4.13467288e-02 1.37164736e+00
    3.07084262e-01 4.94638801e-01 6.83547676e-01 4.20162499e-01
    7.45970368e-01 4.73954797e-01 6.61473393e-01 3.56563807e-01
    6.06624842e-01 1.27754831e+00 -1.75772890e-01 8.76969993e-02
    -5.07547557e-02 1.11818492e-01 1.01461589e+00 9.61642623e-01
    9.42426443e-01 -1.58451289e-01 4.69222605e-01 -1.38513446e-01
    1.33066928e+00 -3.35825950e-01 1.42148316e+00 7.48346090e-01
    2.94691682e-01 1.17419446e+00 -2.17549980e-01 6.79521561e-02
    1.35878778e+00 3.84322107e-01 -6.88593090e-02 1.31154335e+00
    -6.21253252e-02 9.22495961e-01 1.26308262e+00 -2.78801292e-01
    1.07728171e+00 8.81646395e-01 3.06115150e-02 1.27255023e+00
    4.08935070e-01 8.78026843e-01 2.78279245e-01 9.70788956e-01
    3.43834639e-01 5.07710934e-01 9.34862375e-01 1.05758727e+00
    4.10247922e-01 1.21069765e+00 -2.11775869e-01 -3.68812978e-01
    9.13755119e-01 9.12497997e-01 -2.44780034e-01 5.97472668e-01
    9.82259512e-01 4.87157702e-02 1.15169716e+00 5.42588234e-02
    -1.09187394e-01 -8.19061697e-02 3.03498209e-01 6.47106171e-01
    4.54247117e-01 9.94725823e-01 3.65172505e-01 1.10943353e+00
    1.98605120e-01 1.38887691e+00 -2.14934200e-01 4.90314066e-01
    7.14127421e-02 1.11267972e+00 4.09960985e-01 9.77949262e-01
    9.21464562e-02 5.12537301e-01 1.76366210e-01 2.61639833e-01
    -1.88913286e-01 6.67861104e-02 4.87213135e-01 1.15402102e-01
    3.58100414e-01 5.78280389e-01 -3.10508132e-01 1.24230874e+00
    -2.78782517e-01 5.13438940e-01 -2.32026368e-01 3.86853218e-02
    2.47590780e-01 9.32515860e-01 6.19525909e-01 -9.22291726e-02
    -1.76200315e-01 1.18667829e+00 2.13099420e-01 8.97345185e-01
    3.04929793e-01 9.01468277e-01 4.21593785e-01 2.24928677e-01
    4.13497448e-01 9.85284925e-01 7.80678689e-01 -1.59616470e-01
    -7.04056025e-03 1.11162984e+00 -2.77408749e-01 1.96925521e-01
    -2.55416065e-01 8.34258556e-01 6.09107733e-01 6.81377292e-01
    3.66999090e-01 -1.53759152e-01 7.64560997e-01 -2.98926711e-01
    3.24485421e-01 1.31765628e+00 -1.23297095e-01 1.36464679e+00
    7.54438162e-01 1.13446271e+00 -2.56152838e-01 1.79606318e-01
    -2.64336795e-01 1.03556550e+00 6.81508303e-01 1.25847816e+00
    1.29708588e-01 1.31199563e+00 1.70562983e-01 1.42798698e+00
    -2.13040024e-01 1.37903595e+00 1.52876854e-01 1.98721409e-01
    6.05984330e-01 1.36105263e+00 5.25505245e-01 -1.57540888e-01
    9.14342523e-01 8.51742029e-01 3.69736314e-01 1.00084364e+00
    1.25662923e-01 1.31101167e+00 8.32945585e-01 1.12167990e+00
    6.35783076e-01 7.75270402e-01 4.27410305e-01 -3.57310116e-01
    6.23111963e-01 5.24422288e-01 4.95891809e-01 1.34880662e+00
    -1.17087692e-01 -1.02602839e-02 2.79217958e-01 2.87326336e-01
    1.31122756e+00 -1.21834248e-01 -2.63938874e-01 -2.22350150e-01
    1.07742369e+00 3.90874147e-02 8.40857029e-01 3.27847838e-01
    1.10594940e+00 4.65657651e-01 1.08588207e+00 -3.30587029e-02
    1.00460136e+00 3.50745916e-02 4.54017520e-01 1.08350337e+00
    -5.18797636e-02 8.40211570e-01 3.22540998e-01 4.45684433e-01
    5.97937882e-01 1.10705197e+00 1.07867920e+00 1.27055931e+00
    7.65463829e-01 4.05077755e-01 9.69398022e-01 -1.87431723e-01
    1.01675069e+00 -4.10270214e-01 1.27321112e+00 7.25336850e-01
    7.87580013e-02 1.25010383e+00 1.22108936e+00 2.05252171e-01
    5.23999393e-01 4.17655528e-01 -2.44535536e-01 6.13143384e-01
    9.91044402e-01 8.07646513e-01 -9.01469588e-02 1.01015103e+00
    1.27670944e-01 5.15298545e-01 -4.36739326e-02 3.55808675e-01
    2.79150605e-02 3.78403962e-01 2.27682531e-01 2.84286737e-01
    5.90121210e-01 1.22813094e+00 4.40933824e-01 3.49123001e-01
    1.30236053e+00 -7.30176866e-02 1.57289505e-01 9.10696030e-01
    8.90806437e-01 9.45541859e-02 -1.99583560e-01 9.63005543e-01
    1.13559425e+00 9.87172961e-01 4.56424117e-01 2.38375962e-01
    5.24630904e-01 -1.60882071e-01 6.70657456e-02 5.17724276e-01
    9.31588411e-01 1.25000834e+00 -3.48127484e-02 6.10638261e-02
    -2.46470660e-01 -6.66923523e-02 7.80949414e-01 -1.11886084e-01
    6.39723063e-01 -3.56932282e-01 1.07436800e+00 5.57262778e-01
    6.41406894e-01 9.43126917e-01 6.26698017e-01 1.07604516e+00
    1.18554139e+00 1.01966202e-01 1.22658622e+00 -9.69196558e-02
    2.35385895e-01 -2.34758422e-01 2.51555324e-01 -1.30352974e-02
    1.10089540e+00 -6.33782744e-02 9.97497201e-01 8.42643261e-01
    7.24639773e-01 7.65028834e-01 -3.36832255e-01 1.50620663e+00
    7.59615302e-01 8.72855783e-01 7.52011538e-01 5.89323878e-01
    1.43153250e-01 6.29850507e-01 1.19855404e-01 6.37097120e-01
    -8.94283950e-02 4.08127487e-01 9.66771007e-01 3.31868052e-01
    6.71970785e-01 -2.74326205e-01 7.53774881e-01 7.29923368e-01
    -3.68260622e-01 5.04498482e-01 6.29439831e-01 4.79466081e-01
    8.24597955e-01 8.41620564e-01 5.17106056e-01 -6.63617253e-02
    -6.83478117e-02 -1.33915454e-01 7.12917507e-01 2.38252878e-01
    -1.03839964e-01 -1.30870491e-01 5.13172090e-01 6.31961584e-01
    2.89938152e-01 -2.79109776e-02 5.26155651e-01 7.94531822e-01
    7.92594314e-01 5.48639297e-01 8.78572822e-01 1.10704482e+00
    -5.63404560e-02 1.43779993e-01 6.28869057e-01 1.15385234e+00
    2.49836802e-01 1.21786237e-01 7.99383283e-01 1.00591993e+00
    2.39588678e-01 1.24969041e+00 9.78903770e-01 7.22537279e-01
    7.58729935e-01 1.24021995e+00 1.84005499e-01 1.13898015e+00
    -9.27506685e-02 1.14480114e+00 3.07862699e-01 3.10981393e-01
    6.47841573e-01 9.28312778e-01 8.74929905e-01 1.19568706e+00
    -2.47106075e-01 4.04410601e-01 -1.10761076e-01 1.10058415e+00
    7.10273087e-01 -2.30150804e-01 1.19281554e+00 1.10591435e+00
    2.85412848e-01 -1.83024108e-02 1.87090218e-01 1.25243163e+00
    5.19254088e-01 8.19462180e-01 1.29629993e+00 1.28990102e+00
    -1.85251206e-01 9.42411005e-01 -1.88911498e-01 4.48501110e-02
    1.05711937e-01 1.63971722e-01 8.15546274e-01 1.09516966e+00
    3.12307119e-01 2.21307755e-01 1.30854511e+00 1.24215686e+00
    7.98531532e-01 2.91909039e-01 -3.44765395e-01 7.32680261e-01
    -1.53713733e-01 1.81848049e-01 1.35475159e+00 2.60928810e-01
    1.26289165e+00 -1.86388075e-01 -2.71182328e-01 9.93335485e-01
    3.83291900e-01 8.28184366e-01 1.14784515e+00 7.57562876e-01
    4.83962655e-01 1.11229241e+00 9.95692849e-01 -3.95382941e-01
    4.74771678e-01 3.13667417e-01 1.40575278e+00 9.68571424e-01
    1.32164800e+00 2.59082615e-01 8.24216068e-01 3.11409831e-02
    1.01282060e-01 6.95459366e-01 4.32905912e-01 -2.34111518e-01
    -1.54240042e-01 9.28629756e-01 1.57328248e-01 5.45428932e-01
    -1.85027137e-01 3.62766981e-01 -2.65666723e-01 1.22998607e+00
    4.25125539e-01 7.08393097e-01 8.32869649e-01 1.78415656e-01
    1.18399262e-01 1.83615863e-01 7.75703311e-01 -8.58372152e-02
    -1.05135441e-01 2.89941967e-01 9.83540297e-01 9.50309873e-01
    9.61168170e-01 8.19395304e-01 6.25049949e-01 1.13166392e-01
    1.26785302e+00 1.09470415e+00 1.14767671e-01 1.06333029e+00
    1.48589194e-01 1.09085000e+00 1.07813704e+00 7.67135978e-01
    2.43339777e-01 1.14265060e+00 1.04799080e+00 3.34427774e-01
    5.13074517e-01 8.66758823e-03 4.66786206e-01 4.39592421e-01
    1.13807678e+00 5.74303627e-01 7.70594776e-01 5.73487878e-02
    -2.07473919e-01 1.00386584e+00 9.09836888e-01 -1.10561550e-01
    4.93360996e-01 5.99790573e-01 1.14018619e-01 8.67801428e-01
    -7.21002221e-02 -1.16784066e-01 5.32938659e-01 1.76017880e-01
    -2.30319545e-01 1.37498271e+00 4.45657372e-01 -4.94239330e-02
    1.35393810e+00 -1.98063165e-01 7.05023408e-02 4.71105456e-01
    1.47293031e-01 1.06269920e+00 1.24505460e+00 -1.91891193e-03
    5.00294685e-01 3.01777601e-01 3.40759218e-01 8.93342018e-01
    -4.69152927e-02 9.55937743e-01 9.68244433e-01 1.30695093e+00
    3.24579120e-01 7.05247045e-01 8.23078632e-01 1.50220931e-01
    -2.05906644e-01 2.38155782e-01 1.02883482e+00 9.46354628e-01
    8.03332686e-01 6.26212120e-01 -2.37563252e-01 4.22776937e-01
    3.47228646e-02 7.58305907e-01 6.55979753e-01 -1.96704865e-01
    -6.75634146e-02 -1.60139680e-01 1.08278620e+00 -1.72026664e-01
    5.25070965e-01 9.40005541e-01 2.14006245e-01 2.33529270e-01
    1.21266031e+00 1.02433872e+00 5.81354380e-01 9.45107341e-01
    1.26314497e+00 7.42453694e-01 -2.02213138e-01 2.71650642e-01
    8.96741033e-01 1.22705865e+00 1.18945682e+00 -3.39486003e-01
    7.18019187e-01 -6.15341663e-02 4.00008738e-01 4.52816904e-01
    -1.98558837e-01 4.32542682e-01 -1.90958530e-01 1.34380329e+00
    1.01284993e+00 9.48024869e-01 5.69875836e-01 4.64924812e-01
    9.60683227e-02 1.29685855e+00 -1.47530437e-02 1.03692865e+00
    -2.48366058e-01 1.16903687e+00 2.19340324e-01 -2.43173465e-01
    4.90110517e-01 4.33323860e-01 -3.41816008e-01 5.75997412e-01
    2.54098237e-01 7.50536680e-01 7.06765175e-01 3.94362450e-01
    1.01041198e-02 4.26045001e-01 6.97709203e-01 3.66649866e-01
    1.51946962e-01 1.13747323e+00 1.19584954e+00 1.10192609e+00
    5.81946850e-01 2.27725804e-01 1.19762599e+00 1.04628670e+00
    1.13386559e+00 5.95383286e-01 7.28898883e-01 5.06988704e-01
    8.53588581e-01 1.01229942e+00 3.83730173e-01 7.18362331e-02
    3.41658711e-01 7.90899277e-01 1.16372681e+00 1.01973140e+00
    1.33984005e+00 -2.43105471e-01 1.74371898e-01 4.41609621e-01
    8.10386300e-01 7.98660517e-02 6.06647372e-01 2.81417072e-01
    1.20467269e+00 1.13257110e+00 1.58978522e-01 8.08462143e-01
    1.10280287e+00 1.11258352e+00 6.29255652e-01 6.48443222e-01
    9.41505909e-01 -3.39589238e-01 7.56452680e-01 -1.93618864e-01
    9.16739106e-02 4.53605056e-01 1.20516920e+00 8.40299129e-01
    7.52380013e-01 2.46404290e-01 1.01995337e+00 1.03277552e+00
    6.63890004e-01 1.21722913e+00 -3.05487007e-01 6.88478112e-01
    3.92454267e-02 1.77938908e-01 -4.82713282e-02 1.21712005e+00
    3.71356726e-01 7.46038139e-01 -3.47167373e-01 -2.17307016e-01
    3.98098826e-02 1.59509778e-02 1.43304884e-01 -2.12313324e-01
    1.22677588e+00 1.02333522e+00 -1.77614927e-01 1.20704055e-01
    1.20529556e+00 -9.41854715e-03 8.41350377e-01 6.25822783e-01
    8.22780788e-01 3.22742999e-01 1.01312971e+00 5.50138712e-01
    6.01563752e-01 -2.40895629e-01 8.45972300e-02 -3.10663998e-01
    8.12819958e-01 1.10305238e+00 8.70814443e-01 -1.54086858e-01
    4.16393280e-01 1.03583324e+00 9.04844522e-01 7.92267561e-01
    4.15752709e-01 3.96473050e-01 1.85207069e-01 4.09606338e-01
    5.33045173e-01 4.19853330e-01 1.46990955e-01 1.01540387e+00
    1.03411317e+00 -4.40635890e-01 1.11896753e+00 2.28645742e-01
    -4.84596789e-02 1.03898382e+00 -2.79428661e-01 1.00919008e-01
    -1.39930248e-02 7.39499092e-01 -1.90667212e-01 -1.55638307e-01
    2.20609128e-01 1.08210814e+00 5.92876554e-01 -1.84507012e-01
    1.17072761e+00 1.08228397e+00 1.00004756e+00 1.18482924e+00
    -2.12605551e-01 5.69730878e-01 5.71256816e-01 2.86578953e-01
    -2.51183331e-01 -7.97919929e-02 8.79770994e-01 1.29393756e+00
    9.88589525e-01 -3.10294032e-01 1.08360207e+00 9.75334048e-02
    9.68817592e-01 1.10864949e+00 5.79817891e-01 -3.04773211e-01
    5.76259494e-01 6.43134356e-01 7.15941072e-01 -2.58605957e-01
    -1.31363630e-01 1.16345811e+00 4.43105757e-01 -3.78508568e-02
    5.09720683e-01 9.01912808e-01 -3.16405237e-01 -1.99103191e-01
    1.15999430e-01 3.97498190e-01 8.03323030e-01 8.05063784e-01
    1.49594367e-01 2.06730425e-01 5.41660309e-01 2.21222639e-03
    8.90295863e-01 3.53311181e-01 5.16053855e-01 -2.85671949e-02
    1.03651810e+00 8.88926029e-01 -1.61903381e-01 -2.00064182e-02
    1.26132619e+00 1.01291955e+00 1.55894697e-01 4.99165118e-01
    -1.47972912e-01 1.32022083e+00 3.00131202e-01 1.38695836e+00
    -2.02354193e-01 3.05367112e-02 1.37724221e+00 -3.06601584e-01
    3.63023162e-01 1.43512261e+00 -1.63545191e-01 1.86377764e-03
    1.17745984e+00 5.92307150e-01 -1.98549032e-02 1.09904087e+00
    1.38180673e-01 1.22741878e-01 4.66828644e-01 4.22403455e-01
    1.68980300e-01 1.09782958e+00 6.06912017e-01 2.84293890e-01
    1.52134955e-01 1.12243676e+00 -3.28718424e-02 2.11783946e-01
    1.29158056e+00 -1.72089040e-01 1.05264401e+00 1.09459567e+00
    2.40096569e-01 1.26129460e+00 1.18554890e+00 4.13141966e-01
    5.64991653e-01 -3.80015463e-01 9.31550622e-01 1.16119885e+00
    2.96269655e-02 1.00703764e+00 1.88028157e-01 9.52184796e-01
    2.53755152e-01 5.16293526e-01 1.13593388e+00 1.21922457e+00
    -1.51686013e-01 -1.22380316e-01 9.22881722e-01 -1.73628330e-03
    1.17800617e+00 5.60422838e-01 1.34066790e-01 1.78554326e-01
    -3.16757649e-01 6.21944904e-01 2.44593501e-01 -1.71852112e-03
    1.96621537e-01 9.32569623e-01 1.17079592e+00 -2.04417706e-01
    7.72938311e-01 1.28803670e-01 2.38960177e-01 8.68932605e-02
    2.91341364e-01 8.44302893e-01 8.09558392e-01 -3.33633780e-01
    1.27152896e+00 -3.56252074e-01 9.60791469e-01 1.20033324e+00
    5.18148780e-01 -1.17514908e-01 1.02175248e+00 -5.99291623e-02
    1.36496687e+00 1.10980332e+00 1.30920172e-01 1.16123819e+00
    7.04105854e-01 3.95991445e-01 1.00703871e+00 -3.10799479e-02
    5.44367790e-01 8.13531399e-01 7.24546790e-01 -2.04770133e-01
    9.74068880e-01 -3.33169997e-01 -1.40396237e-01 1.00629628e-01
    3.27426136e-01 2.88168311e-01 9.76748466e-01 -2.23856151e-01
    1.09362030e+00 1.15235543e+00 1.20577049e+00 -2.96852022e-01
    1.32543612e+00 1.19089532e+00 -4.56862062e-01 1.33232558e+00
    -1.34776294e-01 6.43952727e-01 1.13913274e+00 1.68852210e-02
    6.76226616e-01 5.47805667e-01 1.22042215e+00 -2.01380223e-01
    2.79582739e-01 -2.75080800e-02 3.54385436e-01 2.36916244e-02
    7.22104907e-01 1.03237307e+00 2.47439861e-01 1.28260589e+00
    -3.57097387e-03 9.16182876e-01 1.14738655e+00 6.86491370e-01
    5.53540707e-01 1.13220835e+00 9.97874260e-01 5.05322814e-01
    1.33576167e+00 2.63461590e-01 -2.79314518e-01 7.18114495e-01
    -1.10231340e-01 1.16878152e+00 3.58506382e-01 8.03191066e-01
    6.47611737e-01 -1.91533715e-01 1.19704306e-02 9.66452360e-01
    3.88859510e-02 1.21629274e+00 -1.78937316e-01 1.08029783e+00
    9.45163608e-01 4.78541970e-01 9.54725027e-01 1.74183965e-01
    4.25583303e-01 2.63032496e-01 1.38475204e+00 1.12972343e+00
    -3.19007456e-01 1.21161139e+00 3.46893609e-01 7.61383891e-01
    1.25063860e+00 -2.25535274e-01 6.41738296e-01 1.25533640e+00
    -1.61375642e-01 1.14877915e+00 8.09283257e-02 4.53513563e-01
    1.08418632e+00 1.29841506e+00 7.65831113e-01 1.19981647e+00
    4.24201727e-01 8.03528428e-02 1.02204406e+00 1.06565237e+00
    -1.76448137e-01 1.23524654e+00 -1.04540437e-01 7.42712021e-02
    5.95243514e-01 -2.22439766e-01 7.28862882e-01 2.25574672e-01
    8.32422912e-01 3.32074761e-01 6.01755023e-01 8.61153960e-01
    -8.20734501e-02 5.63541353e-01 8.26019287e-01 2.20026433e-01
    1.78616583e-01 -3.20664108e-01 9.38334405e-01 2.56194413e-01
    1.09575450e+00 1.48048639e-01 7.75027633e-01 7.91805327e-01
    2.65081525e-02 4.82720435e-01 -7.88595080e-02 8.86795998e-01
    5.25036693e-01 6.92031622e-01 1.04783154e+00 -2.48505995e-01
    6.56605184e-01 1.87840581e-01 -1.27488881e-01 6.84999466e-01
    8.91231179e-01 2.91586816e-01 -2.16836020e-01 -2.38775909e-02
    1.36359036e-01 1.84981406e-01 1.48640335e-01 1.14217854e+00
    1.09264576e+00 3.34140897e-01 -2.58525938e-01 8.55772555e-01
    6.62312508e-01 1.09327209e+00 3.99288177e-01 7.48516679e-01
    7.76087642e-01 6.36305332e-01 5.15624285e-01 1.05855775e+00
    1.05791152e-01 1.48428261e-01 3.97168398e-01 1.20096147e+00
    6.46885335e-02 -8.82914364e-02 3.28812599e-02 -1.35668546e-01
    9.79949474e-01 4.16027725e-01 9.73167300e-01 1.02628708e+00
    1.14610100e+00 4.07907903e-01 9.10236835e-02 6.04162455e-01
    5.75658321e-01 2.34673202e-01 1.15706015e+00 1.17044210e+00
    9.93214846e-01 3.42511415e-01 9.27913785e-01 -3.85857403e-01
    1.46922266e+00 -3.00447553e-01 1.28104198e+00 2.13290930e-01
    1.42018938e+00 7.03122854e-01 -1.69886351e-02 4.97828603e-01
    -1.83882624e-01 6.86789572e-01 2.69174576e-01 3.65917444e-01
    9.29491758e-01 -2.28712529e-01 1.53295517e-01 3.30406010e-01
    7.55636811e-01 1.24135160e+00 -1.96985036e-01 1.12470198e+00
    4.00703251e-01 -3.14049423e-01 7.67266273e-01 4.16678727e-01
    1.21061778e+00 6.27373576e-01 1.20400095e+00 8.40680361e-01
    2.08501220e-01 1.09391510e-01 6.36895716e-01 -2.02780962e-02
    1.42164934e+00 -3.71279925e-01 7.00431466e-02 2.98535228e-01
    1.42026472e+00 5.47975302e-01 9.41885591e-01 -1.07201755e-01
    1.25288844e+00 -1.59730554e-01 6.94737792e-01 1.01231158e+00
    1.16965389e+00 4.11010802e-01 -2.10319012e-01 6.44177020e-01
    -3.44860218e-02 9.45812464e-03 7.23656714e-01 -1.80824369e-01
    4.64469075e-01 2.46407926e-01 3.76427174e-01 -1.19327456e-01
    5.05003631e-01 8.31838846e-01 1.40661001e+00 -3.09977353e-01
    1.61559105e-01 1.06660521e+00 1.00796723e+00 4.51936722e-02
    1.11723316e+00 -9.74972546e-02 5.93321145e-01 4.19672191e-01
    -1.02603495e-01 5.89406550e-01 -2.75945663e-03 5.63621283e-01
    3.74213457e-02 8.44414353e-01 1.07938147e+00 -1.43729687e-01
    1.18644536e+00 -2.23171830e-01 1.44595945e+00 -2.47266576e-01
    3.74011040e-01 -2.10098922e-01 6.96220994e-02 2.67282665e-01
    5.93865931e-01 -2.48261154e-01 -5.10948896e-03 7.02998877e-01
    1.13907337e+00 7.27686405e-01 8.21005225e-01 4.55984294e-01
    -2.75351405e-01 1.34111142e+00 6.29052877e-01 1.86989069e-01
    6.61683261e-01 8.21957588e-01 4.90753651e-01 4.86394048e-01
    2.18793690e-01 -2.30589882e-01 -2.26599813e-01 1.21604037e+00
    -3.55618834e-01 7.71160245e-01 4.78459001e-01 3.86064768e-01
    1.12183976e+00 4.91462409e-01 5.18283248e-01 1.16468441e+00
    2.67670929e-01 2.51648247e-01 6.40295148e-01 5.30539215e-01
    3.87505412e-01 1.33182240e+00 5.72880507e-02 -2.80207783e-01
    9.20116603e-01 -4.03267622e-01 1.14387989e+00 -1.59327149e-01
    5.56507885e-01 3.83426666e-01 7.86065102e-01 5.25879741e-01
    4.28541899e-01 9.37561750e-01 8.31571937e-01 2.75033712e-01
    -2.74115294e-01 3.67539883e-01 9.76302385e-01 7.39114285e-01
    1.27830553e+00 1.63486660e-01 -1.93887696e-01 2.02778935e-01
    8.94319057e-01 9.37811255e-01 4.31116998e-01 -3.44225764e-02
    -2.64339089e-01 1.31970668e+00 2.85907269e-01 1.05214334e+00
    6.53089166e-01 7.81371951e-01 1.14070392e+00 1.27503407e+00
    -8.68966579e-02 1.34047842e+00 -3.05532843e-01 2.54499614e-01
    4.57213283e-01 3.65850508e-01 4.75717604e-01 1.82103097e-01
    6.94621801e-01 8.95192981e-01 9.31281328e-01 2.86494434e-01
    9.06890988e-01 2.73903966e-01 8.36720943e-01 -2.02852309e-01
    1.08141553e+00 3.14247489e-01 6.99416876e-01 6.16976261e-01
    1.06611264e+00 5.41761398e-01 3.81016731e-02 1.21641493e+00
    5.28885007e-01 5.30053020e-01 -2.82423139e-01 1.37262011e+00
    7.11185336e-01 1.03661013e+00 1.84502542e-01 7.34949172e-01
    -2.40346104e-01 9.35988307e-01 1.10847628e+00 3.63793969e-01
    6.86240554e-01 9.05377030e-01 1.12449777e+00 -2.74545163e-01
    6.67182326e-01 1.30068946e+00 2.37043798e-01 1.02189517e+00
    9.45631266e-02 9.09938335e-01 4.86878753e-01 -3.47368509e-01
    7.48864353e-01 2.89380312e-01 8.31001759e-01 9.21589017e-01
    1.07471418e+00 3.25514734e-01 3.79934907e-02 -2.28502154e-02
    3.72642636e-01 1.29793298e+00 5.07356524e-01 1.13745522e+00
    1.13737154e+00 -2.93752700e-01 1.00287247e+00 6.44458532e-02
    1.22944534e+00 -3.98570299e-03 2.41263449e-01 4.51411307e-01
    4.07099605e-01 4.37323749e-01 9.72098112e-02 9.96686220e-02
    1.08809531e+00 1.70294344e-01 6.14295840e-01 1.20924056e+00
    3.05487216e-01 1.00136912e+00 1.10632932e+00 3.20318639e-01
    3.69815886e-01 1.32617652e-02 1.41759932e-01 -1.29116416e-01
    6.76163793e-01 3.43013287e-01 7.93361008e-01 8.99587750e-01
    7.51865387e-01 -3.67020488e-01 1.02901030e+00 -8.71157646e-02
    5.35557985e-01 2.72242129e-01 3.83517563e-01 1.25018477e-01
    5.89245439e-01 7.37268448e-01 -8.94765854e-02 -3.69719833e-01
    2.18952775e-01 1.14073563e+00 8.99054170e-01 5.29962718e-01
    -8.33440423e-02 3.66089463e-01 6.40449405e-01 1.18897855e-01
    -2.08202243e-01 8.85677457e-01 3.26253474e-01 1.31695843e+00
    4.40634072e-01 1.61907911e-01 8.56075883e-02 7.75549889e-01
    4.50092137e-01 6.09999120e-01 2.11003244e-01 1.01813066e+00
    7.29175568e-01 7.70688057e-02 2.78585672e-01 5.05702496e-02
    2.06930339e-01 1.09761095e+00 3.45824838e-01 2.29649067e-01
    -2.50355691e-01 1.14688110e+00 9.83636975e-02 7.63463736e-01
    2.56091297e-01 6.18837714e-01 2.80608833e-01 6.00683808e-01
    -1.68685138e-01 1.28130114e+00 1.36433303e-01 9.74372625e-02
    -3.40227515e-01 9.02282238e-01 7.37211943e-01 8.48793983e-01
    1.01593578e+00 7.17632174e-01 5.55077076e-01 1.30319417e+00
    -2.38707781e-01 6.42715096e-01 -1.10071123e-01 7.00535715e-01
    5.11268079e-02 9.27040219e-01 -2.55497873e-01 5.47811925e-01
    5.87117374e-01 1.70220137e-01 1.00822258e+00 4.87757385e-01
    3.80157709e-01 5.99534869e-01 1.05170786e-01 9.32596564e-01
    6.49908543e-01 1.08093238e+00 -3.54046851e-01 5.36006808e-01
    4.56547797e-01 9.57527041e-01 2.56918192e-01 -1.33179069e-01
    1.01729560e+00 -5.59709072e-02 4.53317940e-01 4.81805027e-01
    -2.26797312e-01 1.19086027e+00 8.24743748e-01 7.01588631e-01
    1.00536072e+00 3.29167068e-01 -2.07289711e-01 3.15674245e-01
    8.24136734e-01 -2.41120815e-01 1.26228213e+00 1.07830846e+00
    2.03745246e-01 1.08666849e+00 8.70981336e-01 8.58383417e-01
    3.96227479e-01 9.93118167e-01 -9.10456777e-02 3.13923657e-01
    2.52870500e-01 1.25701427e+00 1.03116632e-02 1.39456141e+00
    5.71926475e-01 -3.06563973e-02 1.29942596e-01 6.03271544e-01
    -2.54544616e-01 5.82491636e-01 6.84902728e-01 1.78491771e-01
    5.30072331e-01 5.29497385e-01 1.12317693e+00 1.05412078e+00
    9.03755188e-01 -8.44786167e-02 9.46559668e-01 4.44951773e-01
    3.70100081e-01 7.38608479e-01 -2.21494436e-01 1.30199134e+00
    -4.83201146e-02 1.29964626e+00 3.03883731e-01 1.05573130e+00
    -2.30203420e-01 1.07732713e+00 9.31891799e-01 8.65551591e-01
    4.88748312e-01 8.30723345e-01 -8.05000067e-02 1.21316242e+00
    8.32099438e-01 -3.30510944e-01 6.19121671e-01 7.20436513e-01
    3.80843818e-01 8.55437875e-01 6.49099827e-01 -3.38488877e-01
    7.05867887e-01 -1.46880955e-01 5.55946827e-01 5.75890005e-01
    -2.34886646e-01 7.36488938e-01 3.70407522e-01 -4.77916598e-02
    2.97028303e-01 2.08924770e-01 8.92282724e-02 9.57728744e-01
    7.89093018e-01 3.97619247e-01 -3.50638270e-01 9.68565702e-01
    4.72567797e-01 5.91103792e-01 -8.14833790e-02 -1.62664741e-01
    1.21579790e+00 5.23723483e-01 9.01326537e-02 1.20457685e+00
    2.33155906e-01 -1.16712928e-01 3.53116691e-01 7.56961107e-03
    1.12082410e+00 6.97923303e-01 9.06240106e-01 -1.44640103e-01
    -1.30153298e-02 2.40551054e-01 7.92062163e-01 4.16750729e-01
    1.73700929e-01 3.33488464e-01 5.36811948e-01 4.93885279e-02
    1.32481229e+00 1.52953565e-01 1.27009439e+00 -2.45271519e-01
    -3.76942873e-01 8.68975282e-01 -1.85683399e-01 7.70766377e-01
    7.81709194e-01 9.27626848e-01 3.80506158e-01 -6.72596991e-02
    1.04721928e+00 9.04803276e-01 2.10314453e-01 1.15730464e-01
    1.17713916e+00 2.06957161e-01 3.26491058e-01 1.17037010e+00
    3.05260301e-01 7.14325905e-01 2.01320708e-01 1.30688000e+00
    8.60737085e-01 9.14900661e-01 -1.52148247e-01 6.86561942e-01
    7.90805936e-01 3.87861848e-01 6.86822414e-01 7.29927540e-01
    8.41534853e-01 -3.76802295e-01 6.47037148e-01 1.01907659e+00
    -7.40618706e-02 1.45992708e+00 5.77778876e-01 4.19107080e-02
    8.90506625e-01 1.06705344e+00 3.29609513e-02 8.00736904e-01
    2.95017481e-01 9.02126312e-01 5.64603686e-01 4.71889019e-01
    5.15389442e-03 -2.66534865e-01 9.94362473e-01 5.32799006e-01
    1.57969415e-01 3.51928234e-01 7.66202211e-02 5.49315393e-01
    1.04343653e-01 1.36641967e+00 7.12474704e-01 9.69990492e-01
    3.37598801e-01 7.22737014e-02 1.44246638e-01 4.90917325e-01
    8.24244857e-01 5.19150496e-01 -1.38693929e-01 9.03017044e-01
    1.02604020e+00 5.11418283e-01 2.60881066e-01 1.30856121e+00
    6.95699096e-01 8.80518436e-01 9.99933243e-01 9.60597515e-01
    4.66872692e-01 3.56179595e-01 1.03023601e+00 1.18228066e+00
    8.37193131e-01 5.76136649e-01 2.17365563e-01 3.21818024e-01
    -1.04846314e-01 1.05371237e+00 2.24604964e-01 4.67238307e-01
    1.12164450e+00 1.22394872e+00 1.12948608e+00 1.22151017e+00
    -3.93981397e-01 -9.70262289e-02 9.06716108e-01 1.25138724e+00
    3.16705525e-01 2.84278750e-01 4.03333962e-01 -7.88615048e-02
    -1.72344625e-01 4.71645892e-01 8.46172571e-02 1.30105317e+00
    1.16234910e+00 4.17412519e-01 5.19097924e-01 9.75510597e-01
    8.89497995e-03 1.21795893e+00 -2.36243576e-01 1.14575291e+00
    4.47295010e-01 5.98747253e-01 1.06025028e+00 -9.89703238e-02
    3.20393503e-01 6.96847558e-01 3.73556435e-01 1.39767134e+00
    -2.83263475e-01 3.18216026e-01 3.18780720e-01 -1.85472846e-01
    6.59404039e-01 4.56605315e-01 1.33844709e+00 2.92057216e-01
    1.33702159e+00 1.23254645e+00 1.13292575e+00 -5.19349873e-02
    9.26695585e-01 1.13106811e+00 9.87965584e-01 1.02462661e+00
    8.08955550e-01 1.36053550e+00 2.21133232e-05 1.32632148e+00
    1.69294894e-01 1.33462727e-01 9.24171686e-01 2.20304668e-01
    4.03490067e-01 2.42300153e-01 3.22533250e-01 4.43553925e-01
    1.62873626e-01 1.05779088e+00 1.26797962e+00 8.30077529e-01
    6.50449574e-01 9.20485139e-01 1.15455329e-01 1.03198385e+00
    -2.70756394e-01 1.32580411e+00 -7.61680901e-02 9.14034307e-01
    9.77990866e-01 1.03902435e+00 8.97651076e-01 8.00666809e-01
    5.83752036e-01 -1.25848249e-01 4.42566633e-01 9.10810113e-01
    2.73315847e-01 1.11103594e-01 1.12740767e+00 8.61769319e-01
    1.14656270e+00 6.27581954e-01 4.52645123e-01 -2.02652261e-01
    1.13039517e+00 1.08316827e+00 9.30003047e-01 1.08121812e+00
    1.53573990e-01 1.34050775e+00 9.72902894e-01 7.98620462e-01
    6.52461708e-01 7.09137619e-02 3.54649901e-01 -4.20233607e-02
    -2.27710605e-03 1.40778363e+00 1.18519485e+00 5.89911342e-01
    4.21744943e-01 1.15733433e+00 6.77941620e-01 -2.65773892e-01
    4.61887896e-01 5.55997610e-01 1.23649466e+00 3.19311619e-02
    1.30443180e+00 8.21249843e-01 2.29980350e-01 8.56542468e-01
    8.97145152e-01 4.26701009e-02 -1.98975801e-02 1.38891244e+00
    1.37519240e-01 -1.39127716e-01 1.42743480e+00 1.00303411e-01
    1.28864920e+00 -1.41827732e-01 1.45289302e+00 7.46211410e-01
    5.97311080e-01 1.03124127e-01 -1.04825035e-01 7.43682981e-01
    1.28904188e+00 3.45519781e-01 9.75694299e-01 1.42907739e+00
    1.15846097e-01 5.18840313e-01 1.19110847e+00 7.13293195e-01
    1.40829325e+00 -7.26134181e-02 1.04273081e+00 7.05246329e-01
    8.42388153e-01 1.36184847e+00 4.60592687e-01 6.25593305e-01
    8.78572941e-01 1.26681161e+00 7.50828266e-01 1.10301948e+00
    3.36859882e-01 9.21046078e-01 -9.36001539e-03 7.15681791e-01
    9.70969677e-01 7.39613414e-01 4.18135881e-01 3.83159518e-01
    7.42584348e-01 7.39386916e-01 1.10014749e+00 8.53732169e-01
    5.64341545e-02 9.54130471e-01 3.50593209e-01 1.09540355e+00
    8.22141409e-01 1.98777616e-02 2.37667561e-02 2.25416303e-01
    1.06086910e+00 1.25388563e+00 9.08733010e-01 3.86753678e-01
    8.21297228e-01 3.45470190e-01 9.96805072e-01 1.80639505e-01
    -2.37148404e-01 8.94303024e-01 7.09623694e-01 7.97135651e-01
    9.42781210e-01 -5.62715530e-02 1.13102829e+00 3.82658720e-01
    1.24390423e+00 7.01050520e-01 1.28495526e+00 4.71841395e-01
    3.30330729e-02 8.76997590e-01 1.38541317e+00 -2.92033702e-01
    8.59603226e-01 6.39793396e-01 8.82764935e-01 9.17222977e-01
    3.30651999e-01 1.10410118e+00 1.27823508e+00 2.99359739e-01
    2.82240629e-01 -5.53470254e-02 3.83205414e-01 1.77229792e-01
    4.59459305e-01 1.40350372e-01 3.26489508e-01 1.97593808e-01
    1.36425543e+00 6.94515109e-02 3.00835073e-01 1.37617195e+00
    2.24484146e-01 7.29906559e-01 -2.59834230e-02 1.12289464e+00
    1.67599022e-02 9.65928614e-01 4.32783544e-01 5.65784037e-01
    4.99948978e-01 4.71778810e-02 -2.14229569e-01 1.31711841e+00
    -2.01822430e-01 1.06876135e+00 -1.19958475e-01 6.64650321e-01
    9.12374854e-02 8.56532931e-01 1.15859485e+00 7.96556234e-01
    6.37328625e-01 2.25009918e-02 1.46930921e+00 4.05197978e-01
    4.42934692e-01 8.87681127e-01 5.83713293e-01 1.05393779e+00
    5.10580122e-01 7.82775998e-01 1.11810529e+00 6.65139556e-01
    1.05150294e+00 -1.78581998e-01 7.94530988e-01 -7.23613203e-02
    2.71224499e-01 1.02619839e+00 -2.62622297e-01 1.24509394e+00
    3.14222395e-01 6.76013887e-01 4.27492976e-01 1.23850214e+00
    1.04604518e+00 9.44060206e-01 1.05752826e-01 -1.05171010e-01
    3.36704910e-01 1.02837861e+00 1.30710328e+00 -9.44148004e-02
    8.81076574e-01 -5.63603640e-02 2.03431904e-01 7.36535192e-01
    7.41337180e-01 -3.18624675e-01 1.44994915e+00 3.43546212e-01
    6.99996650e-01 9.13477421e-01 1.23694086e+00 1.01302052e+00
    -2.73274958e-01 6.85128987e-01 8.25940788e-01 2.95499414e-01
    -1.70453966e-01 1.30910218e+00 -9.64205712e-02 -6.58240318e-02
    5.78998744e-01 -5.16144782e-02 2.90428191e-01 7.99106479e-01
    -4.17796373e-02 1.06664073e+00 7.96750903e-01 1.96533263e-01</data></my_img>
<your_img type_id="opencv-matrix">
  <rows>128</rows>
  <cols>256</cols>
  <dt>f</dt>
  <data>
    9.11145270e-01 1.16614439e-02 1.45086205e+00 6.70352876e-02
    8.62226114e-02 8.18730950e-01 9.49278474e-01 1.17584288e+00
    4.25240248e-01 7.11231530e-01 -1.03028171e-01 1.52117893e-01
    1.36857116e+00 -3.96167226e-02 -4.66863764e-03 6.67585075e-01
    -9.25146714e-02 4.55511987e-01 6.34313047e-01 9.85363901e-01
    1.41751051e+00 -8.26046243e-02 4.25630152e-01 3.44284475e-01
    1.04875910e+00 1.24429178e+00 8.04178476e-01 2.69719332e-01
    -2.06001811e-02 -4.17280644e-02 6.35367692e-01 3.58475089e-01
    1.28391051e+00 -2.30960548e-01 1.62121460e-01 5.45288682e-01
    2.51127839e-01 1.49939346e+00 3.39377344e-01 3.18297327e-01
    4.61571246e-01 1.28610587e+00 1.26322627e+00 -9.69738793e-03
    8.85109082e-02 6.92995906e-01 1.48702908e+00 -2.06381440e-01
    3.85754108e-01 1.08315921e+00 -2.27430657e-01 1.08614922e+00
    4.51144189e-01 5.59131205e-01 4.04937476e-01 5.38214631e-02
    6.17988646e-01 8.43859792e-01 5.80911398e-01 -1.16231903e-01
    -9.47696418e-02 1.31984437e+00 2.39414051e-01 4.98185873e-01
    9.44401920e-01 1.14774382e+00 1.00778711e+00 7.63989568e-01
    -2.50822872e-01 6.74127340e-01 1.07383095e-01 1.40113652e+00
    8.67659867e-01 -8.32240134e-02 1.55469549e+00 -5.19606508e-02
    1.26777399e+00 4.23942715e-01 1.32787204e+00 6.66376352e-01
    1.29797685e+00 5.78149445e-02 -1.97862256e-02 9.06434536e-01
    1.23995328e+00 1.44650769e+00 -3.04232221e-02 -1.22314855e-01
    1.91831570e-02 1.33372402e+00 -1.71281949e-01 5.62320888e-01
    1.34810829e+00 -1.12580702e-01 2.78572319e-03 2.05524668e-01
    1.25803441e-01 7.08384633e-01 1.29333496e+00 1.57386735e-01
    3.49260628e-01 1.26723662e-01 1.40956855e+00 -9.90986675e-02
    1.30999303e+00 6.16365790e-01 3.68335135e-02 1.09497905e+00
    9.28841174e-01 1.37164521e+00 8.06397349e-02 1.99731484e-01
    3.37912887e-01 6.06282890e-01 9.53009725e-01 6.65982783e-01
    1.19945168e+00 3.06871980e-01 1.33208847e+00 5.27210832e-01
    -1.60278812e-01 1.38174725e+00 5.57737648e-01 9.82320130e-01
    1.71367750e-02 9.82738078e-01 5.69365144e-01 6.86856985e-01
    6.80757761e-01 -2.19368011e-01 2.74332732e-01 1.18142271e+00
    -5.44507429e-02 1.43157959e+00 2.48896882e-01 3.94274116e-01
    -2.05363438e-01 1.13661861e+00 1.08783209e+00 1.12035859e+00
    3.19122791e-01 1.07805514e+00 6.82149053e-01 1.12473321e+00
    1.21907759e+00 1.05476677e+00 3.35590631e-01 3.41222405e-01
    1.20451736e+00 1.00363910e+00 -2.25879937e-01 8.06396067e-01
    1.25557172e+00 1.20784760e+00 -2.13182077e-01 7.07194030e-01
    -1.99895754e-01 5.48426747e-01 1.22676766e+00 9.11545902e-02
    1.27162421e+00 4.19284314e-01 5.07888615e-01 -2.02619940e-01
    1.32969069e+00 3.73205394e-01 -3.03546399e-01 1.17654240e+00
    6.66252396e-04 3.25245261e-01 1.33180529e-01 9.69562531e-02
    -1.61093801e-01 2.80350715e-01 5.11416793e-01 -1.53762568e-03
    -2.75856182e-02 1.17889285e-01 8.96855593e-02 6.95694506e-01
    6.42383695e-01 3.93645406e-01 -7.36879483e-02 -8.48129578e-03
    9.13108587e-01 -1.44074649e-01 2.78076142e-01 1.36773551e+00
    -6.06401525e-02 8.74204099e-01 -6.81018690e-03 5.65902829e-01
    1.11184442e+00 2.72431094e-02 5.67101359e-01 -2.33465299e-01
    6.35975301e-02 1.05664623e+00 4.80748177e-01 7.05673754e-01
    2.51257867e-01 1.20814967e+00 4.31656957e-01 1.32107520e+00
    4.62433472e-02 9.53271985e-01 4.90970045e-01 -3.92033309e-02
    6.05689228e-01 -1.99341610e-01 1.99578151e-01 1.48293257e+00
    -1.66354254e-01 6.95680857e-01 -2.29297623e-01 -2.90870462e-02
    2.28086427e-01 1.35611460e-01 1.30198908e+00 6.76845431e-01
    2.95096010e-01 -1.39473736e-01 4.41485167e-01 9.37798798e-01
    1.03194916e+00 8.77960622e-01 6.11957610e-02 1.34715760e+00
    1.61208987e-01 1.27280563e-01 -9.35686752e-02 3.59725170e-02
    1.33849490e+00 9.69389021e-01 6.90588474e-01 8.92067552e-01
    4.71772030e-02 3.03078771e-01 1.14196634e+00 8.86347115e-01
    9.37809467e-01 6.33206308e-01 8.23202848e-01 2.84628123e-01
    4.45932150e-01 3.50927532e-01 3.86696130e-01 7.84347504e-02
    5.14913797e-01 2.44753614e-01 3.00470918e-01 1.35172927e+00
    -2.49740496e-01 1.48029828e+00 5.22001207e-01 2.17675731e-01
    -9.30729955e-02 1.50690824e-01 2.81000435e-01 -7.15684965e-02
    7.58169293e-01 1.11117983e+00 3.36873084e-01 8.70272815e-02
    1.17206430e+00 1.10084641e+00 -1.27300918e-01 1.18535197e+00
    -5.27778506e-01 1.47069633e+00 -9.73176509e-02 -9.93200764e-03
    6.98113069e-02 6.45757318e-02 1.30893099e+00 1.06246901e+00
    6.78932369e-01 -8.26089010e-02 1.06409311e+00 8.93685073e-02
    7.54089832e-01 8.68753850e-01 7.91161180e-01 2.30007961e-01
    2.06642643e-01 5.77718079e-01 1.23216188e+00 -1.97500631e-01
    1.03321564e+00 6.30666137e-01 1.56837404e-01 1.38518786e+00
    -2.88255602e-01 1.81127965e-01 -3.27277631e-01 3.30804706e-01
    7.51318276e-01 2.25093916e-01 1.28909397e+00 3.43131036e-01
    3.32033634e-01 -1.96967229e-01 1.65746793e-01 9.28820848e-01
    7.97080159e-01 6.17448807e-01 -1.58289187e-02 1.20017135e+00
    1.06246948e+00 1.03607285e+00 3.64789158e-01 4.28398281e-01
    4.12071824e-01 4.11738694e-01 1.06361091e+00 5.70522130e-01
    8.65987539e-01 3.56973946e-01 8.48277509e-01 2.89689869e-01
    9.65583682e-01 6.85428262e-01 -2.73023963e-01 -9.45011750e-02
    9.85624731e-01 8.45595524e-02 4.66638744e-01 5.45638382e-01
    8.58315349e-01 -1.35119170e-01 4.07431364e-01 2.91268766e-01
    -8.84201303e-02 7.00500965e-01 -1.26550600e-01 8.67543101e-01
    1.22288477e+00 8.07806849e-01 -1.66947663e-01 1.21814489e+00
    1.13847518e+00 -2.94056505e-01 9.05628502e-02 7.06517041e-01
    7.21055984e-01 1.08749104e+00 -3.39965940e-01 1.31263423e+00
    3.51154149e-01 8.66791129e-01 1.27722156e+00 -1.68571293e-01
    1.31697619e+00 9.66358304e-01 9.73913670e-01 5.80319703e-01
    4.31316316e-01 3.00514370e-01 4.15903121e-01 1.25371039e+00
    9.71476257e-01 1.88041508e-01 4.55335975e-01 -4.38075364e-02
    3.00920933e-01 -6.11726381e-02 3.32653522e-01 -1.00201041e-01
    2.62028396e-01 1.17352808e+00 -3.58861357e-01 4.73892182e-01
    -1.02510899e-01 2.64129966e-01 4.30428922e-01 1.02032340e+00
    -9.44649577e-02 3.90066624e-01 1.20394025e-02 -1.40381465e-02
    8.22752833e-01 1.25414038e+00 6.88578904e-01 6.77056074e-01
    1.47356600e-01 1.13717842e+00 9.78674710e-01 1.12239456e+00
    -4.01217639e-02 1.00689769e+00 3.73805434e-01 2.53858417e-01
    1.50303289e-01 1.09974802e+00 -3.31338435e-01 9.33692992e-01
    1.12955606e+00 7.44402111e-01 4.87870574e-01 2.74801254e-01
    1.17811155e+00 9.85347986e-01 1.78540498e-01 2.45710909e-01
    7.92415082e-01 1.38296473e+00 -3.47999722e-01 9.96029913e-01
    -1.00252315e-01 7.79584587e-01 7.37182021e-01 2.85139441e-01
    7.56795466e-01 2.51717359e-01 9.49867785e-01 -3.13860416e-01
    8.05284858e-01 1.20685244e+00 7.34790981e-01 5.79938531e-01
    5.68844490e-02 1.30322421e+00 1.12920034e+00 1.18661273e+00
    1.32996750e+00 8.08370188e-02 8.42115998e-01 1.30118346e+00
    1.42350411e+00 1.75945424e-02 7.47795284e-01 2.21658647e-01
    4.13749516e-02 7.69801259e-01 6.72145844e-01 9.76827085e-01
    -1.58161461e-01 6.40866101e-01 5.87446034e-01 5.39997637e-01
    7.49684513e-01 -1.27588287e-01 1.23810077e+00 4.56710517e-01
    5.13533294e-01 -3.07349592e-01 3.08439106e-01 7.46416748e-01
    -3.73720795e-01 1.42556036e+00 1.12708712e+00 9.40088272e-01
    1.28592634e+00 7.39465654e-01 6.08923912e-01 1.15437222e+00
    -3.06553304e-01 6.56276226e-01 5.39611638e-01 9.76157784e-01
    1.00777698e+00 -2.77196467e-01 1.76687345e-01 9.25854743e-01
    8.73529911e-01 7.92846322e-01 -3.73969227e-01 7.69737065e-01
    5.65940022e-01 4.14730042e-01 1.16273856e+00 1.12790358e+00
    9.22666132e-01 2.76900828e-01 1.34833610e+00 -3.70107919e-01
    6.04253300e-02 8.87435555e-01 -6.34528399e-02 1.77176878e-01
    6.86889827e-01 -2.16391012e-02 1.35009587e+00 1.22475386e+00
    8.44173789e-01 1.29304540e+00 3.37508619e-01 1.38407528e-01
    -8.39446411e-02 1.25733364e+00 3.37359309e-01 5.87769598e-02
    9.79198277e-01 -3.68150711e-01 8.40098143e-01 1.09879231e+00
    -3.10261194e-02 -1.28204197e-01 3.44353408e-01 6.42564952e-01
    1.84959590e-01 9.00300816e-02 8.96563530e-01 6.15895510e-01
    7.19844043e-01 2.24059403e-01 1.04169786e-01 1.33006752e+00
    6.25884056e-01 -4.03814763e-02 9.70610857e-01 1.25835502e+00
    4.38529789e-01 1.15565372e+00 9.62366939e-01 8.54097784e-01
    9.38371181e-01 9.50623274e-01 2.35094696e-01 7.99430728e-01
    -4.28009838e-01 1.02357757e+00 1.57739148e-01 4.49631900e-01
    1.17052102e+00 -2.23612741e-01 1.17629492e+00 1.09579253e+00
    4.86584567e-02 -4.02922146e-02 4.67386484e-01 2.67606586e-01
    -1.34451864e-02 1.32935250e+00 -2.12542281e-01 1.74591005e-01
    9.71692264e-01 -1.93320975e-01 3.22366387e-01 1.13047361e+00
    9.38266575e-01 -3.01138133e-01 2.68669814e-01 -2.56300092e-01
    8.95040452e-01 1.00637531e+00 1.33359849e+00 4.28292513e-01
    6.05260670e-01 5.40378690e-02 1.32943857e+00 9.35343206e-01
    8.01156104e-01 9.82200027e-01 1.26035511e-01 7.02415884e-01
    1.16737926e+00 1.14738858e+00 4.95304406e-01 2.17673525e-01
    -5.54614924e-02 3.71028811e-01 5.44050932e-01 9.84585136e-02
    1.22282481e+00 -3.24728996e-01 8.16063762e-01 3.07634830e-01
    7.12384224e-01 8.72731745e-01 1.11985123e+00 1.42812163e-01
    7.09131956e-01 7.23035634e-01 1.87995687e-01 -3.64069730e-01
    1.41584587e+00 1.27179250e-01 2.40928635e-01 8.28728080e-01
    8.02767575e-01 4.89031732e-01 1.14552331e+00 8.24140966e-01
    1.87109396e-01 4.81842250e-01 4.30290669e-01 -1.38325542e-01
    6.99771106e-01 8.26760232e-02 3.15924644e-01 -2.14330241e-01
    4.57544774e-01 1.26927704e-01 1.04736805e-01 1.02956712e+00
    1.01802588e+00 -2.40629524e-01 3.18494499e-01 5.33608675e-01
    9.39057529e-01 -1.72798410e-01 1.38319826e+00 4.26802665e-01
    -1.02422141e-01 1.10874057e+00 8.41338933e-01 4.68296617e-01
    2.90220946e-01 1.21013856e+00 2.66510755e-01 -2.03180417e-01
    6.00359857e-01 5.81450164e-02 6.98237777e-01 -1.63986608e-01
    -3.05074632e-01 9.57370877e-01 -1.57492105e-02 1.32961392e+00
    1.29516438e-01 1.49757266e+00 -2.20411941e-01 1.55875361e+00
    -1.52196378e-01 1.33460295e+00 -1.09063528e-01 6.44482911e-01
    2.55695254e-01 2.01252103e-01 1.09389758e+00 -2.21703067e-01
    4.43420023e-01 1.06355965e+00 6.16587579e-01 7.55938053e-01
    8.24734211e-01 2.68350653e-02 4.10117298e-01 2.32477516e-01
    4.88267124e-01 9.22317743e-01 4.71850634e-02 -1.22375272e-01
    6.66617632e-01 9.37305808e-01 4.97671366e-01 2.03058645e-01
    8.18117499e-01 6.79667771e-01 1.22289169e+00 6.21083856e-01
    4.05708820e-01 6.24978393e-02 1.45195830e+00 -1.15953937e-01
    -2.86103129e-01 1.02556542e-01 2.35646471e-01 1.14229536e+00
    6.56355858e-01 -2.94715583e-01 7.79109001e-01 6.29578829e-02
    2.00329795e-01 8.51676822e-01 -4.18170363e-01 5.25171757e-01
    8.56707633e-01 3.53018463e-01 7.61876166e-01 5.52661419e-01
    4.60792124e-01 1.05548263e+00 -1.10635608e-01 -2.08025172e-01
    -4.56198603e-02 4.98463035e-01 2.19040617e-01 -6.30973428e-02
    -2.43615866e-01 1.31551170e+00 1.89096048e-01 -1.89634219e-01
    -2.04757795e-01 1.09410071e+00 7.61671424e-01 1.09676421e+00
    -1.41394809e-01 1.14678729e+00 9.42463428e-02 5.51637232e-01
    -1.46460012e-01 8.20076883e-01 7.87328780e-02 8.22816074e-01
    1.07723510e+00 1.26081634e+00 5.39659500e-01 7.10673749e-01
    4.92394120e-01 6.71632290e-01 9.73711967e-01 -1.45416215e-01
    6.41778767e-01 -1.81633249e-01 -2.09099092e-02 1.36020780e+00
    -3.40027362e-01 1.17350638e+00 4.94873941e-01 2.43801132e-01
    -8.39452520e-02 6.35016680e-01 7.37453103e-01 -3.15835565e-01
    1.11147225e+00 1.24829404e-01 5.66589653e-01 2.89819539e-01
    7.57029593e-01 -2.73598939e-01 1.47954476e+00 -1.69597939e-01
    5.31482458e-01 -1.32533282e-01 2.09557503e-01 2.14578375e-01
    1.16204679e-01 -2.00873092e-01 3.03369641e-01 7.40944207e-01
    4.99287128e-01 9.16632771e-01 8.55620503e-01 8.27569246e-01
    9.77499187e-01 -1.68015286e-01 1.50821909e-01 -3.19789499e-01
    8.60554576e-01 5.39048433e-01 -2.31328104e-02 5.82581580e-01
    4.58615929e-01 -3.23286295e-01 8.94211650e-01 4.22142148e-01
    5.56012869e-01 1.19487274e+00 2.57014722e-01 -7.26465210e-02
    4.87922013e-01 9.13550556e-01 3.57102394e-01 1.11147499e+00
    1.08171523e-01 6.97340727e-01 7.15121031e-02 8.90290380e-01
    1.15501368e+00 4.58702207e-01 4.02708232e-01 -3.45651865e-01
    4.96763408e-01 1.00894547e+00 -2.94172704e-01 1.71365261e+00
    1.00450611e+00 8.36517811e-01 1.07032251e+00 1.02502060e+00
    1.15474828e-01 1.14687860e-01 5.04261672e-01 -2.21046373e-01
    7.96506584e-01 1.81317598e-01 1.34525394e+00 -2.17119381e-01
    1.29366815e+00 -3.13082933e-01 1.31244326e+00 -2.69737124e-01
    1.06989980e+00 -3.98925059e-02 1.03060830e+00 6.60464048e-01
    6.64954364e-01 1.05992246e+00 -2.06626222e-01 1.17647576e+00
    7.59368002e-01 -1.77184463e-01 1.29007661e+00 8.14273119e-01
    2.98274070e-01 1.09771097e+00 6.51432514e-01 5.45922279e-01
    1.04732645e+00 -2.03878462e-01 -1.57540947e-01 7.04702020e-01
    -5.05431890e-02 1.18755126e+00 7.09747434e-01 6.87724128e-02
    4.03064430e-01 1.29273748e+00 -3.97829175e-01 2.24992767e-01
    1.17959106e+00 6.86837316e-01 -3.22650611e-01 4.58026677e-01
    2.09764406e-01 6.88891888e-01 3.15289199e-01 -3.17616314e-02
    -2.29535758e-01 3.19692045e-01 2.73331553e-01 5.97874783e-02
    1.01037621e+00 -1.96337208e-01 1.26952875e+00 -1.90506965e-01
    2.04714701e-01 1.26245153e+00 6.91896319e-01 1.16042805e+00
    -1.08082630e-01 6.64478302e-01 1.66850492e-01 1.12247616e-01
    1.21033454e+00 1.88346654e-01 4.79977876e-01 1.07101476e+00
    1.17429781e+00 -3.29638928e-01 2.91709185e-01 6.62933469e-01
    9.23149765e-01 7.04587042e-01 3.83510351e-01 3.21329385e-01
    1.38983116e-01 5.20416498e-02 1.06652594e+00 2.82545537e-01
    -2.72788644e-01 1.03280354e+00 2.28504270e-01 2.75316447e-01
    -7.58994743e-02 1.45110083e+00 4.62422639e-01 5.07769465e-01
    1.40348637e+00 -3.60076398e-01 8.46665621e-01 1.03242493e+00
    5.30248471e-02 1.13439369e+00 -3.91485821e-03 9.68541443e-01
    1.78376734e-01 -2.31046658e-02 -3.38445008e-02 7.99333513e-01
    1.00767159e+00 4.46433842e-01 4.44457829e-01 1.76945314e-01
    1.35545599e+00 -2.60467768e-01 8.99311185e-01 -4.56634969e-01
    8.14318538e-01 -2.07562335e-02 8.51401985e-01 5.37318945e-01
    7.68954515e-01 8.76058161e-01 9.89740372e-01 1.13727486e+00
    5.99052727e-01 3.90766025e-01 9.71450433e-02 3.72067481e-01
    1.79217115e-01 -7.29996264e-02 1.11871088e+00 -7.54861981e-02
    9.71016228e-01 1.10949612e+00 3.26230556e-01 -2.96110302e-01
    1.07481432e+00 9.58539844e-02 3.70738626e-01 -3.99585404e-02
    4.07491446e-01 2.29664341e-01 3.11424106e-01 -6.12084977e-02
    7.68230081e-01 5.67235589e-01 -2.08725363e-01 6.56676114e-01
    4.47199225e-01 1.28721344e+00 5.26791096e-01 4.67380226e-01
    -2.42631793e-01 1.00063467e+00 1.24338579e+00 1.91713959e-01
    -1.32942080e-01 1.06495297e+00 1.19464147e+00 -2.90207356e-01
    2.95018733e-01 5.21986187e-01 1.07110000e+00 1.00363123e+00
    9.27821875e-01 2.44363338e-01 1.09597373e+00 1.11311650e+00
    7.93788552e-01 9.88009989e-01 1.61111131e-02 5.94046950e-01
    1.41743052e+00 -2.63514757e-01 -2.38162726e-02 3.98535967e-01
    1.25767291e+00 7.41819620e-01 1.07783079e+00 -5.00263751e-01
    1.16275525e+00 1.09234011e+00 -2.45716244e-01 1.33943760e+00
    2.17377335e-01 -6.89739361e-02 1.24407746e-02 4.06771570e-01
    8.05826724e-01 -1.98958650e-01 7.48969376e-01 -3.05567533e-01
    1.02048326e+00 2.31229752e-01 3.90283555e-01 8.47787619e-01
    8.06977987e-01 5.93747020e-01 5.57725132e-01 -1.28989011e-01
    -1.02263363e-02 8.97376418e-01 1.18274117e+00 1.01734412e+00
    1.49046585e-01 6.99405193e-01 2.76575953e-01 5.02364576e-01
    6.50551856e-01 5.37439466e-01 -8.23151991e-02 1.15952826e+00
    5.24281025e-01 9.85363066e-01 -2.51628339e-01 9.26522970e-01
    -4.22714278e-02 1.17041327e-01 2.78577596e-01 1.30418622e+00
    8.34647596e-01 7.50237644e-01 2.67653853e-01 1.89764038e-01
    8.79022062e-01 -3.21295798e-01 3.15740973e-01 6.66447431e-02
    1.64159805e-01 1.09278131e+00 8.90155256e-01 -1.15950897e-01
    1.13369548e+00 9.51792955e-01 4.92818087e-01 -1.25021234e-01
    2.61728555e-01 3.53933245e-01 -1.72459081e-01 -2.17714414e-01
    1.06359923e+00 7.14399517e-01 8.82793725e-01 6.80560350e-01
    4.12895381e-01 1.08215702e+00 1.08955073e+00 6.80417344e-02
    -1.26949608e-01 1.02244282e+00 -3.66830349e-01 1.27606320e+00
    3.80889207e-01 -2.92716354e-01 9.72352922e-01 5.37618339e-01
    1.46936750e+00 -3.36689860e-01 6.84670329e-01 2.40116954e+00
    6.28891230e-01 2.92279065e-01 7.93167412e-01 3.55994910e-01
    4.45746005e-01 7.81320214e-01 3.28608602e-02 1.24250317e+00
    8.53779793e-01 8.52322578e-01 6.97994232e-01 4.18077558e-01
    1.05965459e+00 1.82331830e-01 9.03211176e-01 3.13989609e-01
    1.19043875e+00 8.69451046e-01 6.76448345e-01 5.15133202e-01
    1.18949218e-02 6.96093023e-01 1.38764754e-01 -1.20968066e-01
    4.96939868e-01 1.85959116e-02 1.03371000e+00 -2.80955970e-01
    1.96911752e-01 -5.59760518e-02 6.80447876e-01 -2.82457143e-01
    6.50105059e-01 8.36508453e-01 5.35167754e-01 1.03141499e+00
    2.50363499e-01 7.87146151e-01 -3.41685116e-01 9.49180424e-01
    1.19965887e+00 2.79656321e-01 1.23691964e+00 1.27591884e+00
    8.56451213e-01 -8.94175842e-02 1.28470850e+00 7.94226587e-01
    7.71689773e-01 8.25025856e-01 7.62646079e-01 6.82869971e-01
    2.20201656e-01 4.79478061e-01 1.27505898e+00 4.06463236e-01
    5.24680853e-01 9.56702158e-02 5.82942486e-01 -3.45363975e-01
    1.44658935e+00 2.20312215e-02 3.50975871e-01 1.02377403e+00
    1.62745804e-01 9.93219614e-01 9.48930621e-01 1.98493123e-01
    -3.57156359e-02 9.36296403e-01 1.05676115e+00 -2.58944124e-01
    3.59771520e-01 5.16576946e-01 4.52927619e-01 3.08871299e-01
    -1.68411762e-01 8.41221571e-01 7.71807730e-01 9.57485437e-01
    1.23163462e+00 1.02098203e+00 6.07855320e-01 3.01081002e-01
    1.37628114e+00 -1.17791027e-01 7.01957405e-01 -2.80908436e-01
    7.99034476e-01 -5.47788665e-02 2.29721621e-01 2.10034385e-01
    1.77382126e-01 -1.46252224e-02 -4.26433623e-01 1.13485920e+00
    1.12330401e+00 4.21116620e-01 2.93054938e-01 6.55188739e-01
    2.99858332e-01 4.92326841e-02 1.86916456e-01 6.36192858e-01
    -1.40322044e-01 8.57662678e-01 9.20113921e-01 6.45945072e-01
    4.39723194e-01 4.88151498e-02 6.21611238e-01 9.55808401e-01
    6.55738592e-01 1.09210753e+00 2.28964582e-01 3.23968142e-01
    9.08661187e-01 4.43910807e-01 -8.45577419e-02 9.15385902e-01
    1.58068001e-01 4.05407876e-01 1.09228194e+00 1.23620760e+00
    5.52852869e-01 7.57108450e-01 -1.15344584e-01 4.74032551e-01
    1.26090026e+00 5.53528965e-01 1.24123919e+00 1.12982488e+00
    7.65712500e-01 3.46687168e-01 4.94081229e-01 1.16633987e+00
    1.13110352e+00 7.19153404e-01 6.22433424e-01 -1.91190362e-01
    -2.41120875e-01 9.88462865e-01 1.10623276e+00 3.58594894e-01
    1.08519530e+00 1.91268787e-01 1.13675034e+00 1.43943131e-01
    7.93846667e-01 3.13883096e-01 2.85382390e-01 1.05067992e+00
    1.29348886e+00 -2.33962759e-01 1.00028765e+00 1.09273875e+00
    8.65710855e-01 1.09269881e+00 1.22956145e+00 -4.75058675e-01
    2.03270793e-01 1.34371436e+00 2.28304625e-01 5.68750322e-01
    -6.63038939e-02 1.47434667e-01 6.48736835e-01 2.41016105e-01
    3.04876745e-01 -6.40763491e-02 1.34340072e+00 -2.25540161e-01
    2.79564083e-01 8.49383697e-02 8.35086346e-01 1.37076938e+00
    5.77201247e-01 1.18501151e+00 8.91519606e-01 1.19370580e+00
    -1.15558550e-01 9.39435244e-01 1.19625080e+00 6.35373235e-01
    3.34412068e-01 2.31737658e-01 7.74485469e-01 8.17907453e-01
    7.94730842e-01 1.09935808e+00 1.23268068e+00 4.16387737e-01
    -2.86816955e-01 1.30276418e+00 6.55175626e-01 7.13453233e-01
    9.79766905e-01 9.11601007e-01 7.66194984e-02 -1.98576793e-01
    1.33404565e+00 8.86719152e-02 -3.10600339e-03 8.50947678e-01
    -5.88915721e-02 4.23056662e-01 -4.33854796e-02 2.54836440e-01
    -1.48142740e-01 6.90984011e-01 8.61423910e-02 9.19477224e-01
    9.76661682e-01 5.85456192e-01 1.07237184e+00 1.63694590e-01
    6.04439199e-01 -2.87394468e-02 -4.14501339e-01 1.30354130e+00
    5.13808548e-01 1.13574338e+00 -2.57142663e-01 2.61609584e-01
    3.73253882e-01 3.55045319e-01 1.05050731e+00 3.06109548e-01
    8.46508682e-01 -6.95681795e-02 3.56005996e-01 5.73198497e-01
    7.87405610e-01 -1.91571370e-01 1.49262702e+00 -9.03071240e-02
    1.16816604e+00 5.46764374e-01 9.26185369e-01 6.67282760e-01
    -7.07043037e-02 1.22005248e+00 9.03013229e-01 -2.25091334e-02
    7.64686048e-01 2.68456995e-01 4.44656789e-01 9.91917610e-01
    -3.67851228e-01 1.13751066e+00 4.30449188e-01 2.91058183e-01
    -2.60217071e-01 2.49630585e-01 1.12990010e+00 1.57983661e+00
    1.25797677e+00 1.05287157e-01 7.14066029e-01 1.53799742e-01
    1.37483907e+00 5.26824594e-01 3.90515834e-01 7.91874051e-01
    9.06565070e-01 9.42406714e-01 8.18476737e-01 1.15164220e+00
    -4.87296551e-01 1.26361871e+00 1.30953550e+00 -2.66444385e-01
    8.35738420e-01 2.88789123e-01 3.93050194e-01 4.51808900e-01
    6.10902049e-02 2.50691712e-01 1.07068874e-01 9.92752254e-01
    1.24889278e+00 6.17710352e-01 3.55391830e-01 2.44536564e-01
    6.52352452e-01 -5.67771159e-02 1.19361603e+00 1.35448828e-01
    1.05821431e-01 -1.70854568e-01 1.34175742e+00 7.34923542e-01
    6.34623289e-01 1.28459930e-01 3.11930090e-01 9.78221118e-01
    -5.04348397e-01 9.11943614e-01 6.14711404e-01 8.12172890e-02
    4.40458730e-02 7.56072626e-03 9.54869628e-01 8.07473779e-01
    -3.75485569e-02 -3.19138527e-01 1.39455438e+00 -1.12162061e-01
    8.57262254e-01 7.79937208e-01 5.42479277e-01 1.09477842e+00
    7.06548631e-01 3.38430285e-01 3.51921082e-01 1.43592203e+00
    -3.21323201e-02 -1.03719786e-01 5.12375653e-01 7.51454234e-01
    3.41397256e-01 9.43865180e-01 7.36702621e-01 5.61042786e-01
    2.36168914e-02 1.21457681e-01 -8.69348124e-02 3.32960308e-01
    7.58082926e-01 1.31166375e+00 1.03357792e+00 9.42565858e-01
    1.10519326e+00 -1.36181310e-01 -3.17729026e-01 4.66992632e-02
    3.72418195e-01 -2.79201388e-01 6.08511567e-01 -8.50002542e-02
    1.05808663e+00 -1.18187450e-01 1.18399346e+00 1.03519595e+00
    9.95156348e-01 9.47617367e-02 -1.70093641e-01 9.45875049e-01
    4.98136997e-01 1.09690416e+00 1.30946743e+00 3.82649451e-01
    7.15375721e-01 7.92611167e-02 1.22838366e+00 1.04490817e+00
    1.19741571e+00 8.04747820e-01 7.06783593e-01 4.73553926e-01
    6.37681663e-01 9.84408259e-01 -2.14917019e-01 4.82064813e-01
    7.23555565e-01 7.56860450e-02 1.83150053e-01 3.67112249e-01
    7.66740441e-01 5.15359223e-01 8.79890323e-01 5.52891254e-01
    5.56620419e-01 1.25436425e+00 2.77368337e-01 1.56711772e-01
    9.61332798e-01 8.97281766e-01 -3.77513587e-01 7.02640712e-01
    9.32542235e-02 3.67444754e-01 1.14573371e+00 8.14517438e-01
    -3.56857598e-01 9.43437397e-01 9.79380906e-02 -1.82301134e-01
    -1.96016848e-01 -2.29087248e-01 7.29309082e-01 1.20479620e+00
    -4.24110174e-01 5.93873441e-01 1.22320139e+00 1.85819343e-01
    1.24771559e+00 -9.01858881e-02 2.16459468e-01 1.22737479e+00
    1.41969845e-01 -2.82466829e-01 1.94351282e-02 7.75853038e-01
    2.05155030e-01 1.17101109e+00 4.85480390e-03 2.44628098e-02
    9.69230592e-01 1.10935760e+00 2.00860992e-01 3.27738941e-01
    3.69972289e-01 2.72101134e-01 2.52909094e-01 1.23057282e+00
    1.10845232e+00 -3.42372030e-01 -2.16838628e-01 1.05303311e+00
    -6.27195612e-02 3.64031881e-01 6.68291867e-01 5.80322742e-01
    1.09627831e+00 5.75136662e-01 1.05576551e+00 9.07251537e-01
    1.06658268e+00 -2.53340274e-01 8.00060689e-01 -2.67783433e-01
    1.77670061e-03 3.20956677e-01 1.02199328e+00 8.25163424e-01
    -8.37888196e-02 4.88289356e-01 6.84476495e-01 6.53384745e-01
    5.74269630e-02 1.17264080e+00 -1.21661220e-02 8.14561844e-01
    4.33036774e-01 4.52040911e-01 7.63203681e-01 -3.46342653e-01
    9.09615397e-01 2.86018215e-02 1.50077134e-01 2.53588736e-01
    1.29920471e+00 -1.17542118e-01 -1.32172152e-01 1.34142756e+00
    6.31897748e-01 1.36374176e+00 3.59707326e-01 3.17766547e-01
    -1.69792250e-01 9.40811157e-01 1.10672307e+00 7.36396492e-01
    2.20905334e-01 1.16657555e+00 1.20131660e+00 6.10769212e-01
    -7.75435418e-02 -1.12073399e-01 9.36882019e-01 -3.68374251e-02
    4.40601200e-01 1.15569615e+00 1.19883966e+00 1.10089064e+00
    8.08822691e-01 5.29178560e-01 1.11894071e+00 5.57356775e-01
    1.19069409e+00 -1.27081767e-01 6.48532569e-01 1.53631657e-01
    8.28357756e-01 7.52705872e-01 9.38151717e-01 8.92968774e-01
    1.47578016e-01 1.28694570e+00 2.66770929e-01 6.74814343e-01
    2.67354280e-01 -2.19750181e-01 2.65035272e-01 3.71854335e-01
    1.06290329e+00 -5.64019978e-02 7.21336961e-01 -5.85127212e-02
    4.97402310e-01 1.24273169e+00 1.20339084e+00 2.37685561e-01
    1.13485110e+00 6.39333367e-01 1.23644400e+00 5.31863160e-02
    -2.00411633e-01 3.07034642e-01 1.27373171e+00 1.07016754e+00
    5.18077016e-01 1.87495962e-01 5.11681199e-01 1.11541383e-01
    7.29702860e-02 1.32106972e+00 8.75902697e-02 1.78525150e-01
    3.66062611e-01 -2.12454528e-01 4.62841660e-01 5.25066733e-01
    9.84396517e-01 3.75282258e-01 5.08020669e-02 9.86787021e-01
    -7.41088688e-02 7.57945538e-01 4.96002942e-01 6.47884607e-01
    6.10006630e-01 -1.91713154e-01 3.21535528e-01 1.09286857e+00
    5.47527254e-01 1.19998598e+00 -3.86366069e-01 1.03157890e+00
    1.16788697e+00 1.85227599e-02 8.11893463e-01 4.57176328e-01
    8.56485426e-01 9.98053849e-01 -2.85889417e-01 4.78222251e-01
    1.47824436e-01 1.07599831e+00 3.38786304e-01 1.14195311e+00
    9.09346640e-01 7.51645386e-01 6.13889813e-01 -1.97145894e-01
    4.05890137e-01 4.69357729e-01 2.00093493e-01 4.14809376e-01
    1.41847119e-01 4.69982326e-01 3.43011051e-01 1.01143432e+00
    -1.78592443e-01 2.32302845e-01 1.24864244e+00 8.05548608e-01
    9.81366754e-01 3.96537185e-02 -2.49585152e-01 -1.95890486e-01
    5.54924726e-01 1.39178896e+00 -1.72963664e-01 1.21303451e+00
    1.31163943e+00 5.09599634e-02 5.65658569e-01 1.33600748e+00
    5.98591790e-02 2.32184604e-02 3.79287958e-01 -8.30211565e-02
    4.15012032e-01 -3.64071839e-02 -2.99747407e-01 2.12201536e-01
    -2.95716345e-01 7.66872287e-01 1.32731450e+00 5.31050563e-01
    5.44409931e-01 -1.19438693e-01 1.36541712e+00 -4.02288079e-01
    8.52918327e-01 1.98707417e-01 5.50926387e-01 -1.12053854e-02
    2.29833916e-01 1.10657823e+00 1.49396852e-01 9.23264444e-01
    1.14228237e+00 -1.37607589e-01 -1.44511849e-01 1.33214843e+00
    -3.89663093e-02 3.99139039e-02 1.16714382e+00 -2.38190174e-01
    3.06262523e-01 1.04220808e-01 -2.10364506e-01 -3.13170664e-02
    6.00668609e-01 9.31127727e-01 4.03705955e-01 -2.95231223e-01
    7.45213926e-02 8.56294274e-01 -9.52731669e-02 3.84645969e-01
    1.50128245e-01 1.25192130e+00 2.20470130e-02 9.53245878e-01
    6.86995327e-01 9.00638342e-01 -1.57567292e-01 -1.11733302e-01
    1.10032964e+00 1.13268197e+00 5.78294635e-01 5.23111820e-01
    3.72387290e-01 -2.78134122e-02 3.70956421e-01 -1.58173114e-01
    1.72005147e-01 2.21487641e-01 1.15444613e+00 -5.09888586e-03
    1.28631127e+00 1.05866277e+00 1.57947794e-01 -2.29784362e-02
    9.22506213e-01 1.22181058e+00 -4.88333464e-01 1.37852800e+00
    1.39571652e-01 1.07348287e+00 5.65355897e-01 -5.03122732e-02
    5.08179903e-01 8.95211577e-01 7.30236232e-01 3.02764058e-01
    -1.18098199e-01 1.31212199e+00 6.36307538e-01 8.91885102e-01
    9.77063835e-01 9.91755605e-01 -3.37920457e-01 8.69655490e-01
    1.72007889e-01 3.37230176e-01 7.01593995e-01 1.91437155e-01
    9.01916981e-01 1.05204213e+00 -9.53555778e-02 6.87598765e-01
    -1.59641922e-01 4.92306530e-01 6.82538629e-01 1.09377074e+00
    8.32837522e-01 -2.72419423e-01 -2.16702893e-01 9.75627422e-01
    8.98105443e-01 3.29118371e-01 1.03831582e-01 1.04706264e+00
    1.00493193e+00 8.53933454e-01 -2.77814418e-01 -3.09844706e-02
    1.23990560e+00 -2.15162471e-01 9.69905496e-01 -3.10883641e-01
    8.48335028e-01 5.34133494e-01 -2.44189829e-01 1.35096502e+00
    4.04290408e-01 2.77778924e-01 1.10001957e+00 8.10366452e-01
    -2.18258053e-01 9.79584038e-01 -1.65148318e-01 7.19905943e-02
    -1.00373827e-01 1.37268722e+00 1.16516590e+00 -3.54314834e-01
    6.04925156e-01 4.11057808e-02 4.38331455e-01 1.32532394e+00
    5.19291639e-01 6.45553291e-01 9.12394822e-01 9.72804368e-01
    9.10247266e-01 2.13991344e-01 6.28148735e-01 7.19130874e-01
    1.05155790e+00 -1.16870493e-01 5.40409327e-01 1.44495678e+00
    -3.50860596e-01 1.19154835e+00 3.61698002e-01 1.01210034e+00
    3.56242210e-01 -2.45996609e-01 2.62738347e-01 1.10125291e+00
    -1.82363391e-01 9.87441719e-01 -5.93474973e-03 3.88702810e-01
    7.13308871e-01 9.73886371e-01 7.54558623e-01 1.17777181e+00
    -1.66999340e-01 7.56583452e-01 -2.26006687e-01 1.09155452e+00
    1.07448518e+00 1.26583159e+00 4.22425061e-01 3.91315103e-01
    2.98241675e-01 7.87671864e-01 -9.13678408e-02 2.12180591e-03
    8.47002029e-01 3.87903184e-01 -2.82363713e-01 6.59594297e-01
    5.05162895e-01 -2.04889536e-01 3.30738395e-01 -2.77577162e-01
    1.48975992e+00 -9.27732512e-02 6.92704141e-01 1.77587354e+00
    3.92337918e-01 7.45970845e-01 1.46270096e-01 9.26964819e-01
    5.29949367e-01 -2.64113486e-01 -2.35905260e-01 1.47713482e+00
    -2.71068901e-01 5.51559687e-01 1.03571963e+00 6.22882098e-02
    5.90778708e-01 -1.57353789e-01 1.26952100e+00 1.53792366e-01
    5.19969821e-01 3.46258581e-02 4.03665453e-01 8.24181199e-01
    1.04047883e+00 7.49551237e-01 4.11245599e-02 1.30720586e-01
    9.34483111e-01 -2.21688777e-01 5.10129809e-01 1.21426964e+00
    8.84056032e-01 5.17708004e-01 2.34404936e-01 8.29896927e-02
    8.05222929e-01 4.27331060e-01 1.09632325e+00 5.46117239e-02
    6.25430107e-01 6.71697140e-01 9.77969527e-01 -3.62294555e-01
    1.23460007e+00 5.35534739e-01 6.92293584e-01 7.58008182e-01
    1.09362674e+00 7.25900471e-01 1.20758235e+00 1.46634519e-01
    1.27841890e+00 -1.28209114e-01 1.08412850e+00 -4.05213058e-01
    9.92804646e-01 5.83881199e-01 2.57673502e-01 -2.22098649e-01
    1.32720113e+00 -2.03218594e-01 1.31336451e+00 1.56805128e-01
    7.99134672e-01 2.33702049e-01 9.43802714e-01 -3.96242619e-01
    1.13921396e-01 1.79290771e-01 -2.04179585e-01 6.95302039e-02
    3.12104095e-02 1.09608674e+00 4.74542171e-01 6.35585666e-01
    6.15682781e-01 5.78275859e-01 1.26500785e+00 2.04585060e-01
    7.20220625e-01 1.31801069e+00 5.66479325e-01 1.04886144e-01
    -7.10663572e-02 1.28749609e-02 8.33050728e-01 1.31555223e+00
    1.09800363e+00 5.62484920e-01 1.15376699e+00 2.75466293e-01
    -1.63859889e-01 2.60861516e-01 -1.74485043e-01 2.98764974e-01
    7.32761204e-01 -7.96640664e-02 1.48788166e+00 1.73397377e-01
    -4.09520883e-03 6.02642298e-01 7.83643723e-01 9.61714923e-01
    6.57758951e-01 6.68161035e-01 6.73132837e-01 5.14992699e-02
    1.17843878e+00 1.14078391e+00 -7.39206513e-03 1.38138008e+00
    5.16939498e-02 1.48145910e-02 -5.78174591e-02 1.00705683e+00
    2.34905139e-01 8.58689487e-01 1.17568445e+00 6.17167473e-01
    9.45214808e-01 1.21989119e+00 6.27292275e-01 8.31926540e-02
    2.77463906e-02 4.44778144e-01 -1.66746333e-01 7.16623247e-01
    6.92090809e-01 3.51015925e-02 -2.35013634e-01 8.33424807e-01
    8.18311274e-02 8.66181314e-01 -6.18032925e-02 6.29510760e-01
    7.55449235e-01 1.17546928e+00 5.11623919e-02 8.10292289e-02
    1.66550457e-01 9.95137691e-01 1.05804527e+00 8.44871163e-01
    2.35356480e-01 8.38031173e-01 9.02490437e-01 1.15631521e+00
    1.18990397e+00 3.51396233e-01 1.25422287e+00 -3.74651164e-01
    1.31834126e+00 -2.16870785e-01 5.11555016e-01 5.63623428e-01
    6.05795324e-01 6.65445447e-01 1.15161538e+00 2.60327905e-01
    7.92227387e-01 4.89727855e-01 3.43321174e-01 9.27078426e-01
    -3.02737981e-01 2.99875766e-01 6.04153991e-01 9.70976078e-04
    4.10806090e-01 -3.77820820e-01 1.13556302e+00 3.68790954e-01
    1.00890195e+00 1.89130992e-01 -1.92080408e-01 4.79950279e-01
    1.01883948e+00 5.40584862e-01 3.49891812e-01 -4.12738562e-01
    1.17589831e+00 -4.56706583e-01 1.50010693e+00 4.13265899e-02
    1.09021020e+00 -2.47557431e-01 5.68290710e-01 9.28903222e-01
    3.86271268e-01 4.49264795e-01 2.11565539e-01 -2.64288753e-01
    1.12086105e+00 2.50459790e-01 -7.13677853e-02 6.81524634e-01
    7.16996014e-01 5.85818887e-01 3.86244029e-01 4.23396766e-01
    7.03349054e-01 1.53317764e-01 2.54408807e-01 1.10984243e-01
    3.22709024e-01 1.21690023e+00 6.70468688e-01 -1.93115205e-01
    1.26526117e-01 3.37541968e-01 -3.97403091e-01 2.88121849e-01
    2.25903288e-01 -1.70199543e-01 -3.27390134e-01 1.08693182e+00
    1.03353620e+00 -1.85787573e-01 4.76455808e-01 2.88972944e-01
    3.19081396e-01 8.42365563e-01 -1.16204865e-01 9.63358223e-01
    3.65062982e-01 5.50393127e-02 7.84399688e-01 -4.06185001e-01
    1.08354306e+00 1.13978696e+00 8.31369817e-01 9.37837780e-01
    1.08406436e+00 1.15882385e+00 3.00542891e-01 7.41816521e-01
    -1.92822553e-02 1.24563456e+00 1.25241983e+00 4.90003377e-02
    9.65628862e-01 2.41722360e-01 7.32974350e-01 -3.63115877e-01
    8.33274305e-01 -2.94631213e-01 4.76902127e-01 4.40582275e-01
    5.02863109e-01 3.46714824e-01 9.32994664e-01 8.84638190e-01
    7.77627707e-01 6.48114443e-01 6.97870314e-01 1.71703398e-01
    6.53373718e-01 4.57071275e-01 8.70934963e-01 2.74737144e+00
    4.53086585e-01 7.59251952e-01 -3.25585194e-02 8.35454643e-01
    5.22852302e-01 2.91378111e-01 1.13676810e+00 5.74003160e-01
    -1.41335353e-01 1.36595094e+00 7.27501929e-01 8.17870021e-01
    5.54425240e-01 5.85000753e-01 4.93835270e-01 1.18471313e+00
    1.83276348e-02 -2.41571128e-01 7.72025764e-01 7.65404105e-01
    2.23958910e-01 4.63981122e-01 6.20459497e-01 -2.42512956e-01
    9.77598310e-01 -2.38965318e-01 2.05095828e-01 -3.60498369e-01
    1.29252827e+00 5.73893905e-01 4.36824933e-02 7.04995632e-01
    3.83445829e-01 7.95554936e-01 1.28266978e+00 -2.00437963e-01
    -2.35680282e-01 4.75851446e-01 2.06653118e-01 1.35102677e+00
    8.04477856e-02 -1.44611537e-01 1.97865725e-01 4.15074080e-01
    7.64257252e-01 -1.10532634e-01 1.00546527e+00 2.50037480e-02
    1.24345851e+00 1.84900183e-02 4.92610604e-01 7.31472790e-01
    5.69816053e-01 3.99536908e-01 1.30511642e+00 2.97101680e-02
    -1.81987971e-01 1.23969734e+00 2.39893064e-01 -4.89321724e-02
    -6.73821494e-02 1.21143246e+00 6.72360301e-01 8.67733955e-01
    8.48718882e-01 1.97092146e-01 5.53556323e-01 4.35017973e-01
    1.43716562e+00 -4.05861661e-02 -8.86953920e-02 1.20209110e+00
    1.02268946e+00 6.61762595e-01 8.17206144e-01 4.33669761e-02
    4.15605642e-02 -1.73437402e-01 1.40886426e+00 5.11843860e-02
    1.03727067e+00 8.58950019e-01 1.62316740e-01 3.11438918e-01
    -9.13836434e-02 1.17144835e+00 4.18880135e-01 1.25270259e+00
    1.15384245e+00 1.08056939e+00 5.62664330e-01 -2.70947158e-01
    8.81197631e-01 9.89047229e-01 -5.06803170e-02 -3.17787349e-01
    2.31946990e-01 8.86981428e-01 3.79289597e-01 2.08120923e-02
    8.05428267e-01 5.95039070e-01 1.23640144e+00 6.22606635e-01
    -1.36270359e-01 7.89288163e-01 8.70079935e-01 4.60805684e-01
    5.47558427e-01 8.30139220e-01 7.63103545e-01 1.29944336e+00
    1.78277679e-02 7.59886324e-01 9.15796041e-01 5.31850994e-01
    6.50972277e-02 -2.40144264e-02 7.32822299e-01 7.63822436e-01
    3.81353855e-01 3.82892430e-01 7.12480843e-01 4.82692420e-01
    2.05601435e-02 9.50831592e-01 5.12135386e-01 1.18471551e+00
    -2.43482977e-01 7.65575409e-01 1.26663792e+00 1.58315450e-01
    -2.99302548e-01 4.07852232e-01 1.16384101e+00 4.82761264e-01
    4.34744388e-01 9.27342951e-01 -1.11668855e-01 5.73560238e-01
    4.32794571e-01 1.78742647e-01 9.49993014e-01 1.41997278e-01
    6.15858376e-01 6.43355191e-01 3.31973642e-01 8.65247130e-01
    -1.59115836e-01 7.11723983e-01 -2.70880342e-01 5.39637029e-01
    1.03464067e+00 4.88249868e-01 -2.47206375e-01 3.31195682e-01
    -1.92890480e-01 1.29322422e+00 4.62194443e-01 3.13852966e-01
    3.02630305e-01 1.18392718e+00 -2.13616848e-01 1.68485388e-01
    9.70859647e-01 1.09470856e+00 -6.29358143e-02 7.39802837e-01
    -1.17413104e-01 2.76146889e-01 1.01652312e+00 1.01223350e+00
    3.46652448e-01 1.18273437e+00 7.52366304e-01 9.16115582e-01
    -1.24756597e-01 1.20593953e+00 -4.39841151e-01 7.57533491e-01
    1.01860166e-01 4.63516027e-01 5.53585887e-01 8.66299748e-01
    5.76023832e-02 1.01741457e+00 3.67603630e-01 5.87527215e-01
    -8.28348398e-02 9.98737633e-01 5.62049210e-01 1.03905571e+00
    1.17055762e+00 8.41031969e-02 1.27717614e+00 5.68499923e-01
    4.52570647e-01 8.21729541e-01 7.06203699e-01 1.80935204e-01
    5.72496355e-01 1.00519812e+00 3.49331826e-01 4.15850282e-01
    1.03251946e+00 -5.06508537e-02 1.38271785e+00 1.06879461e+00
    7.28261471e-01 5.54453909e-01 4.90652651e-01 1.02773690e+00
    2.77149290e-01 1.03193772e+00 7.93309748e-01 6.29991353e-01
    4.47626323e-01 -1.57347858e-01 1.29714966e-01 5.73859692e-01
    -1.45852953e-01 3.75211149e-01 5.56277335e-01 2.96449721e-01
    1.00852263e+00 -3.98864120e-01 2.72935778e-01 4.25500870e-01
    1.03867590e+00 -4.26511168e-01 6.11776292e-01 1.07975316e+00
    6.83388233e-01 4.99112904e-01 1.03466034e+00 1.83553204e-01
    9.87703860e-01 6.64630949e-01 -7.63523355e-02 1.43948615e+00
    8.61968338e-01 4.67665344e-01 9.37593937e-01 6.33538246e-01
    7.01090634e-01 1.18322539e+00 5.31626225e-01 7.90838525e-02
    1.36497593e+00 4.05389190e-01 6.68009341e-01 5.76331794e-01
    1.16350591e+00 1.07559574e+00 -1.69818234e-02 1.51288915e+00
    1.08933842e+00 1.22027802e+00 9.18260992e-01 5.11581451e-02
    7.84221113e-01 4.70205754e-01 5.14010012e-01 -8.07678029e-02
    5.96767059e-04 3.76701057e-01 7.46128559e-01 -3.79596889e-01
    1.01807177e+00 8.66787374e-01 -2.42865935e-01 -2.51089483e-01
    9.12763476e-01 1.04459560e+00 1.26847601e+00 -4.17282522e-01
    6.49957240e-01 -1.33967921e-01 2.84786612e-01 1.14915264e+00
    8.49893630e-01 3.28261346e-01 3.78398925e-01 6.67581797e-01
    -2.62155712e-01 3.16830993e-01 7.81905055e-02 1.55511841e-01
    6.61339283e-01 7.15724826e-01 5.10515213e-01 1.05057526e+00
    6.69643462e-01 5.91400683e-01 -2.44336367e-01 5.38885891e-01
    7.70624131e-02 5.05378008e-01 1.39560020e+00 -5.29347248e-02
    -1.37112513e-01 7.38710940e-01 7.23979890e-01 9.62506115e-01
    5.47017694e-01 7.00944960e-02 2.85096586e-01 -2.81062812e-01
    -2.26413250e-01 8.19306731e-01 -4.00575042e-01 4.23713565e-01
    3.84730250e-01 -2.43755072e-01 -1.54934242e-01 -7.73259252e-02
    8.19812536e-01 4.53445286e-01 9.19199944e-01 -3.80600512e-01
    6.72499895e-01 9.87335324e-01 7.29562342e-01 6.19970143e-01
    -3.07489559e-02 -1.53532714e-01 1.23200166e+00 1.15460980e+00
    -3.21327299e-01 9.16385829e-01 4.72481132e-01 1.07807064e+00
    1.14739919e+00 2.15450600e-02 5.67053437e-01 -1.01474375e-01
    -1.96842030e-01 2.92952478e-01 -2.21408859e-01 1.41567218e+00
    9.63711023e-01 -3.12557697e-01 -1.79568335e-01 7.03773379e-01
    -3.69912744e-01 1.33582294e+00 -3.32716614e-01 1.29189229e+00
    1.00123894e+00 1.14616656e+00 7.84468293e-01 1.32477224e+00
    1.36776781e+00 -7.80199245e-02 6.97402239e-01 5.58741391e-01
    2.42930232e-03 1.16162074e+00 2.39298254e-01 9.28402603e-01
    2.04346135e-01 1.26502943e+00 -5.04708737e-02 3.00900519e-01
    1.20010734e+00 -1.82243198e-01 1.04881489e+00 -9.21509601e-03
    1.16005719e+00 4.62127924e-01 1.22050476e+00 2.42036179e-01
    6.27024174e-01 1.15248358e+00 1.03959489e+00 1.26966918e+00
    -2.46933356e-01 -4.59570438e-02 -8.08320343e-02 4.56576675e-01
    4.65168595e-01 6.30383670e-01 1.83229402e-01 1.36258140e-01
    7.10015297e-01 6.23862028e-01 2.05757674e-02 1.19056284e+00
    1.45580500e-01 8.49266827e-01 3.25045109e-01 2.59483874e-01
    7.41215229e-01 7.89747953e-01 -8.86759236e-02 1.10149610e+00
    8.11143339e-01 1.19888854e+00 2.10665897e-01 5.38971722e-01
    4.07541692e-01 1.42000243e-01 -8.60914141e-02 1.01363325e+00
    5.61337292e-01 6.99883282e-01 3.37027997e-01 5.61246812e-01
    5.39675713e-01 2.23714020e-02 8.94466519e-01 7.43108332e-01
    -1.73116833e-01 8.99837554e-01 1.00126135e+00 1.20270789e+00
    -4.92044650e-02 7.98220992e-01 7.10787952e-01 -2.23584518e-01
    9.01065826e-01 4.20006126e-01 6.05511010e-01 4.60263252e-01
    7.93707073e-01 1.05792499e+00 3.14113081e-01 1.05842268e+00
    -2.05100492e-01 8.27570021e-01 8.09089094e-02 2.68664271e-01
    5.85996687e-01 6.22268254e-03 1.17701304e+00 3.61612767e-01
    7.09678054e-01 1.15881312e+00 6.99364305e-01 2.93861747e-01
    1.22894466e+00 -2.74067372e-01 2.00218141e-01 9.79789972e-01
    1.22593021e+00 6.57313943e-01 3.48142356e-01 -1.78319290e-01
    -1.06964692e-01 5.73235214e-01 1.11808932e+00 7.76700318e-01
    4.52973604e-01 4.15969759e-01 1.23527718e+00 4.94805247e-01
    4.09814328e-01 1.29479623e+00 6.75774217e-02 1.40287772e-01
    3.30392063e-01 -3.63114774e-02 2.49863148e-01 9.42128658e-01
    -1.83903232e-01 8.68606150e-01 4.93705161e-02 -2.20528066e-01
    8.31146955e-01 1.23083699e+00 7.04873681e-01 7.28816807e-01
    2.94403791e-01 -1.08041354e-01 -8.26882198e-02 2.44282618e-01
    3.04762661e-01 -8.17273632e-02 2.48233244e-01 6.86792016e-01
    1.19288170e+00 7.39769220e-01 -3.14570010e-01 6.02672517e-01
    1.14225483e+00 1.29754806e+00 5.83954304e-02 9.13595140e-01
    1.00466311e+00 1.21975131e-01 8.65006268e-01 1.63050324e-01
    8.60411167e-01 4.50869292e-01 1.52275905e-01 -3.25855464e-02
    5.41635454e-01 1.17932963e+00 5.98383069e-01 1.69331565e-01
    5.09227157e-01 -2.13444799e-01 4.01526898e-01 -1.63820937e-01
    1.46938503e-01 -1.28552034e-01 1.30369127e+00 -8.06652904e-02
    8.56809497e-01 6.83453977e-01 -2.10428625e-01 9.03883338e-01
    -1.39604613e-01 -5.94797507e-02 4.10627425e-01 1.06527877e+00
    2.17029765e-01 2.88945407e-01 2.84219116e-01 -4.83186208e-02
    5.78182757e-01 1.31159616e+00 1.69268727e-01 5.88769197e-01
    4.23569888e-01 -2.02779815e-01 3.12555134e-01 2.67199054e-02
    1.25263035e+00 8.19060281e-02 1.63981438e-01 9.54194486e-01
    1.74864069e-01 4.72832918e-01 4.06596333e-01 5.11331797e-01
    5.36270618e-01 2.19843220e-02 1.01471555e+00 1.02493763e-01
    7.55552471e-01 5.33279955e-01 3.52627486e-01 1.07148933e+00
    1.08437121e+00 9.28756416e-01 2.93677926e-01 -1.80452958e-01
    8.76620889e-01 7.52483547e-01 9.50540245e-01 4.09390152e-01
    -3.42152834e-01 1.31949985e+00 -2.96896905e-01 1.15413988e+00
    -1.55994430e-01 1.42751956e+00 -2.75692463e-01 2.05927685e-01
    1.38138130e-01 8.43702018e-01 1.01443398e+00 1.21096432e+00
    6.44454360e-01 4.57329899e-01 6.34619415e-01 9.37328100e-01
    6.96835279e-01 1.11209989e+00 4.50624466e-01 5.33518314e-01
    1.72645569e-01 5.12145340e-01 8.19674432e-01 4.72985983e-01
    1.10466290e+00 1.02855492e+00 5.00222921e-01 -2.41440669e-01
    1.41348946e+00 1.46795988e-01 1.14474833e+00 8.90496910e-01
    -2.61852205e-01 1.16179287e+00 2.05519676e-01 3.22920009e-02
    8.87190104e-01 4.65272814e-01 8.14252555e-01 6.08345449e-01
    5.85155487e-01 -1.45412296e-01 1.39319754e+00 -4.68493432e-01
    8.94747913e-01 1.35183370e+00 1.38069510e+00 1.06449321e-01
    6.53472662e-01 1.27414298e+00 -3.56602311e-01 8.90806019e-01
    3.70007157e-01 1.21541945e-02 5.39229214e-01 3.60120356e-01
    -2.07730010e-02 2.11260140e-01 -1.00738205e-01 1.73525706e-01
    8.07055473e-01 5.45008719e-01 3.24479312e-01 5.54599226e-01
    9.38801467e-01 8.50083053e-01 -2.53745914e-01 9.46904838e-01
    1.17137408e+00 1.21897900e+00 -3.11357737e-01 1.20281053e+00
    4.89181936e-01 1.20236588e+00 -3.35762888e-01 7.91342974e-01
    5.97522892e-02 2.66537994e-01 -1.20138898e-01 1.94305569e-01
    1.05885315e+00 4.06521440e-01 8.78195167e-01 1.27956021e+00
    3.88435155e-01 3.78227979e-01 2.25546341e-02 2.26694390e-01
    8.91825974e-01 -2.51671582e-01 2.21068472e-01 6.04391932e-01
    -1.17877033e-02 1.24731183e+00 2.58541197e-01 8.82737696e-01
    3.04356903e-01 4.28835332e-01 7.07919419e-01 -3.31689209e-01
    6.80004299e-01 1.06789482e+00 4.29824799e-01 -3.57334942e-01
    7.16035366e-01 7.23192036e-01 -1.65418178e-01 1.10746157e+00
    3.50595027e-01 7.56412566e-01 -3.79821867e-01 8.15211833e-01
    3.73998612e-01 1.18662643e+00 1.02021718e+00 3.40451211e-01
    6.85588717e-02 -9.28710178e-02 9.08455133e-01 4.09399390e-01
    3.30241323e-01 6.54419541e-01 8.06016922e-01 -1.10239908e-01
    3.36566150e-01 8.72766078e-01 1.26283991e+00 -7.10807666e-02
    -1.69805080e-01 7.18833387e-01 1.98177665e-01 3.32241923e-01
    6.86804295e-01 5.32192528e-01 6.22958660e-01 6.77776039e-01
    -6.38372302e-02 -7.95696974e-02 -1.80404186e-01 7.27582693e-01
    2.56370790e-02 1.32274535e-02 7.10042536e-01 8.89853418e-01
    2.57833034e-01 4.79980290e-01 1.17448318e+00 -1.75708219e-01
    5.65104246e-01 -2.17356220e-01 1.02820456e+00 5.63225150e-01
    2.88682014e-01 3.47692639e-01 1.18681169e+00 2.74921805e-01
    1.18852973e+00 -2.24270582e-01 1.96708292e-01 6.42014921e-01
    -1.14286132e-01 8.46899033e-01 6.02034450e-01 2.33596653e-01
    7.57132292e-01 -1.96722582e-01 1.11462963e+00 -3.46817732e-01
    4.38032955e-01 -1.18998121e-02 1.54675230e-01 2.56159484e-01
    8.46186653e-02 3.87134761e-01 1.74074307e-01 1.54241368e-01
    2.62100339e-01 7.84659982e-01 1.20527124e+00 5.97357571e-01
    -1.50271013e-01 1.19853556e+00 9.87638056e-01 9.92526948e-01
    8.25978279e-01 -3.79747003e-02 9.37615871e-01 -3.12902629e-01
    7.19577193e-01 1.01326239e+00 -2.17459306e-01 1.18465650e+00
    -3.42238307e-01 3.10949758e-02 1.17796028e+00 1.19598138e+00
    1.21921092e-01 3.60184371e-01 5.12394905e-02 2.19801571e-02
    5.09900868e-01 1.25538409e+00 -1.84450224e-01 8.79328966e-01
    4.69140828e-01 6.12807870e-01 1.03949726e+00 -1.43526927e-01
    2.30174989e-01 3.35282505e-01 1.16450310e+00 9.33139250e-02
    2.45019197e-01 1.00264359e+00 1.29324257e+00 2.38325858e+00
    7.23223910e-02 1.26981020e+00 -1.52466670e-01 9.47529316e-01
    7.20512390e-01 3.74106109e-01 4.33655530e-02 -1.36001229e-01
    8.14543724e-01 2.74856120e-01 -2.25719631e-01 1.16086498e-01
    4.99477506e-01 -4.15665992e-02 1.28959632e+00 1.03375852e+00
    1.27071166e+00 -6.83281571e-02 -2.02198178e-01 1.32645392e+00
    5.59425317e-02 4.61038232e-01 7.09337473e-01 3.96446943e-01
    -1.27378896e-01 6.53609633e-01 5.42286515e-01 4.61889803e-01
    2.42087662e-01 5.41796256e-03 4.62429404e-01 2.76427418e-01
    1.02670789e+00 -1.52855545e-01 -2.75676716e-02 1.09569883e+00
    8.47549558e-01 -7.97455683e-02 4.77853149e-01 4.55449611e-01
    1.36541641e+00 -5.91598488e-02 1.09390593e+00 -4.22657341e-01
    1.32728744e+00 -2.18066480e-02 4.23178881e-01 -1.03827313e-01
    1.28237128e+00 -7.43735135e-02 4.95013118e-01 3.11821848e-01
    -1.35078490e-01 7.15007305e-01 8.54825258e-01 2.34803289e-01
    2.02753916e-01 -1.11094274e-01 7.50635505e-01 4.44186091e-01
    1.15431738e+00 1.27406538e+00 -2.88206413e-02 1.37727332e+00
    -3.48717511e-01 9.11896110e-01 -2.85725981e-01 5.60318649e-01
    9.64403003e-02 -1.15564138e-01 -2.37592891e-01 7.27615416e-01
    5.35386920e-01 2.91682094e-01 1.06251329e-01 8.27026784e-01
    -3.36958207e-02 7.86375701e-01 1.17052066e+00 5.70317924e-01
    7.37018660e-02 1.24805677e+00 9.44254279e-01 8.21925402e-01
    -2.49996752e-01 6.94055036e-02 7.23724738e-02 6.70252502e-01
    1.36471820e+00 -1.52678967e-01 1.15714788e+00 -1.11510530e-02
    1.21831667e+00 1.21598661e+00 1.02263880e+00 9.60263982e-02
    -1.20734647e-01 1.24515438e+00 7.60574162e-01 9.63260889e-01
    9.00454998e-01 8.86614919e-02 -2.08882168e-01 1.16222334e+00
    5.78725636e-01 2.03991696e-01 2.31010914e-01 5.11336923e-01
    -2.60289758e-01 3.95128340e-01 -1.55514181e-01 -1.29596516e-01
    1.16302395e+00 8.81044507e-01 1.18164933e+00 3.09289426e-01
    6.50363564e-01 1.14064479e+00 2.59744465e-01 -9.46974903e-02
    1.16474080e+00 -2.60095596e-01 4.22328077e-02 5.04358590e-01
    2.31776625e-01 5.94232142e-01 1.19023430e+00 6.41119063e-01
    1.28752744e+00 3.40026885e-01 5.47417581e-01 5.71505487e-01
    -1.06877111e-01 9.10637081e-01 6.37816489e-01 9.72199917e-01
    -3.59890848e-01 1.49401277e-01 -3.27529237e-02 6.32664621e-01
    7.63186753e-01 -3.85848641e-01 1.24901390e+00 1.35444844e+00
    -1.76339820e-01 4.97378170e-01 6.72707915e-01 4.25253212e-02
    2.72846758e-01 1.98246256e-01 1.29010093e+00 1.21060050e+00
    5.88771999e-01 5.82992256e-01 8.81616831e-01 -1.29489601e-01
    3.40863228e-01 2.37068534e-02 8.90715420e-01 4.43073690e-01
    -2.17026636e-01 7.10902333e-01 3.51492345e-01 -5.49812354e-02
    7.72577882e-01 3.88684332e-01 4.62023616e-01 5.93587220e-01
    7.49015570e-01 -1.71513379e-01 8.89021516e-01 7.83481896e-01
    1.15782654e+00 5.27495742e-01 3.75614256e-01 1.04960418e+00
    9.68823791e-01 9.85641241e-01 -3.74851115e-02 4.86061037e-01
    5.68465948e-01 2.22069025e-03 1.31834078e+00 2.25437433e-01
    5.56057930e-01 -3.33083212e-01 4.67865497e-01 6.56843066e-01
    -6.79888725e-02 3.64135325e-01 9.44825709e-01 1.06599236e+00
    4.73709822e-01 -3.74589533e-01 9.74995434e-01 1.02009308e+00
    2.19701365e-01 1.37274265e+00 3.63684684e-01 3.26718926e-01
    4.00303751e-01 -2.08141834e-01 3.18429708e-01 -3.05538595e-01
    1.27228642e+00 7.64468729e-01 2.21577421e-01 5.85668504e-01
    6.17831051e-01 -1.70845971e-01 6.88692510e-01 7.76810706e-01
    1.27396595e+00 9.70984876e-01 1.17679667e+00 6.67335512e-03
    2.26814270e-01 4.47458252e-02 3.25154454e-01 -3.71631756e-02
    2.73221254e-01 1.00230336e+00 -1.88361779e-02 6.21283233e-01
    1.10006702e+00 1.35873690e-01 7.28419274e-02 1.84152145e-02
    2.34176651e-01 6.65057242e-01 7.13493466e-01 1.01916885e+00
    3.10856462e-01 -2.03746751e-01 9.27312672e-01 -2.45335639e-01
    -2.43135363e-01 1.13786042e+00 -1.34278223e-01 -1.08041048e-01
    1.51984107e+00 -1.59599081e-01 7.49414504e-01 9.70382154e-01
    1.31323442e-01 1.13290799e+00 9.97250557e-01 1.15398598e+00
    -2.40481287e-01 1.21927714e+00 9.60727394e-01 2.97020406e-01
    5.46886176e-02 2.56381601e-01 1.58891469e-01 1.78258824e+00
    -2.11086884e-01 5.39110661e-01 1.17547798e+00 7.36735940e-01
    1.86582536e-01 1.02257669e+00 1.08356309e+00 1.17847480e-01
    5.16582906e-01 5.87634742e-01 6.70542300e-01 2.31749490e-01
    -1.01826705e-01 7.57968664e-01 8.51466775e-01 2.82180980e-02
    -1.20789066e-01 1.51612982e-01 -2.90779937e-02 3.34160328e-01
    1.13429475e+00 8.34239647e-02 1.22057784e+00 1.31183386e+00
    -1.66934699e-01 9.96077538e-01 2.93979105e-02 3.76063615e-01
    1.77938193e-01 3.02810133e-01 2.02929243e-01 1.04356028e-01
    9.03062761e-01 4.06141371e-01 9.88914192e-01 8.00257206e-01
    1.17319798e+00 2.18470722e-01 -2.26481587e-01 1.43642211e+00
    -4.89408344e-01 1.31409073e+00 4.68390211e-02 3.53821456e-01
    8.83529782e-01 -1.12266421e-01 5.00041306e-01 7.23128080e-01
    1.18696165e+00 1.04954529e+00 1.64554358e-01 4.36392665e-01
    1.05171800e+00 1.12910509e+00 8.05700481e-01 1.12991393e+00
    6.71948493e-01 -2.23651215e-01 1.27569079e+00 -1.67857856e-02
    3.32431465e-01 4.57517952e-01 1.52296349e-01 5.26093185e-01
    2.89059132e-02 9.33169425e-01 7.84374177e-01 1.12506115e+00
    -1.84386194e-01 7.90984988e-01 6.20428026e-01 6.67528749e-01
    -9.72406045e-02 1.09045923e-01 6.86634064e-01 -3.38242561e-01
    1.31380618e+00 3.79086643e-01 1.31698012e-01 2.78916866e-01
    8.23338807e-01 1.55268060e-02 6.59168698e-03 9.87156387e-03
    8.14142466e-01 -1.29831433e-01 3.93606544e-01 -1.92147210e-01
    1.13353647e-01 1.13079631e+00 4.72930074e-01 9.21934247e-01
    9.08653498e-01 -2.14472905e-01 -2.87703663e-01 1.10621798e+00
    1.02309060e+00 -1.47490799e-01 1.32065737e+00 1.49112223e-02
    5.57167083e-02 1.01435804e+00 4.97454762e-01 2.62208700e-01
    1.29389620e+00 9.77915823e-01 9.30317491e-02 2.14994356e-01
    -1.11239709e-01 1.01876318e+00 6.07481636e-02 8.89796615e-01
    -4.41639759e-02 -3.45621616e-01 6.62399948e-01 2.64318287e-01
    7.73380101e-01 -3.76799375e-01 7.08841264e-01 7.28497386e-01
    -2.18395919e-01 1.64223641e-01 6.25341535e-01 -1.70128811e-02
    -1.17889978e-01 7.06567764e-01 9.84722018e-01 4.97231841e-01
    -2.63012707e-01 1.35785890e+00 8.36517215e-01 -9.44000557e-02
    1.30712998e+00 3.13882887e-01 4.92106974e-01 1.70572475e-01
    1.28968704e+00 6.07502937e-01 9.95159566e-01 2.12002456e-01
    -2.56137997e-01 1.20409691e+00 3.13915700e-01 8.30724955e-01
    -1.82970256e-01 -4.47224155e-02 4.28400427e-01 4.95247334e-01
    5.18472850e-01 9.29791987e-01 3.18692508e-03 2.95678377e-01
    3.90548944e-01 4.31567818e-01 6.76932931e-01 9.60408568e-01
    1.89574018e-01 5.84467292e-01 8.50736916e-01 1.95210785e-01
    2.61798531e-01 7.66351163e-01 -4.01066840e-01 7.11957037e-01
    7.91660070e-01 1.20508564e+00 1.19888163e+00 1.23043843e-01
    7.86369383e-01 4.18583810e-01 -5.86849116e-02 6.31117880e-01
    1.22731197e+00 6.59183562e-01 1.09473860e+00 8.29582512e-01
    1.14193010e+00 -1.57855544e-02 -1.20782390e-01 9.18650150e-01
    5.84347010e-01 -2.61620075e-01 -6.15625493e-02 -1.75935671e-01
    9.09841537e-01 9.29792523e-01 1.23537377e-01 7.14472294e-01
    1.18461275e+00 5.58661163e-01 7.50486076e-01 2.77340263e-01
    6.50870204e-01 1.34587634e+00 1.11984086e+00 6.57751918e-01
    -6.48293942e-02 6.51683629e-01 7.95216858e-01 6.00584030e-01
    6.89114392e-01 3.18154305e-01 9.82438803e-01 1.22735536e+00
    -2.42584556e-01 2.64667839e-01 4.44873095e-01 7.45759130e-01
    2.18948901e-01 7.46468306e-01 7.23938167e-01 1.01811481e+00
    -3.55855435e-01 -3.07693481e-01 4.98965323e-01 2.14989647e-01
    7.73451924e-01 -1.08852245e-01 5.67399025e-01 1.11451828e+00
    -1.88495830e-01 6.02209531e-02 6.41816497e-01 2.18853086e-01
    -2.10187003e-01 1.11745572e+00 6.96331561e-01 7.09166884e-01
    8.27111602e-02 6.47028863e-01 3.75772953e-01 1.05421174e+00
    1.20691872e+00 4.18368369e-01 1.04533367e-01 5.40013671e-01
    4.42647874e-01 3.12473416e-01 6.32944763e-01 -3.11990660e-02
    -2.89736718e-01 3.44517052e-01 3.36069405e-01 7.87377805e-02
    3.78182620e-01 -1.97291508e-01 1.08264685e+00 3.91597897e-01
    3.23851883e-01 1.01914811e+00 -1.41880646e-01 7.59774506e-01
    1.20223641e+00 1.55845746e-01 3.18580717e-01 6.48460507e-01
    8.05780888e-01 1.35917771e+00 -2.48474047e-01 4.71670061e-01
    9.82252061e-01 9.58051503e-01 -1.67396694e-01 4.35980380e-01
    8.60588372e-01 1.27146041e+00 4.96151447e-01 1.32541060e-01
    4.45566058e-01 -2.41937682e-01 4.41085368e-01 -5.88105544e-02
    -1.53634146e-01 6.05418235e-02 2.58022308e-01 5.76373160e-01
    9.81563151e-01 6.88854635e-01 -2.01937139e-01 4.13962603e-01
    6.47480130e-01 2.99348444e-01 3.45594317e-01 9.42764521e-01
    -2.08897278e-01 5.67079365e-01 1.09923744e+00 7.29044437e-01
    1.17413782e-01 5.76661646e-01 5.02221704e-01 3.26494634e-01
    -1.03402369e-01 -1.16640098e-01 9.32914019e-01 -3.00172538e-01
    1.11645484e+00 3.22873175e-01 1.18888283e+00 2.40355507e-01
    4.04465258e-01 6.66580275e-02 9.21787694e-02 1.33298352e-01
    3.89226973e-01 9.11712646e-01 9.01472032e-01 1.07271099e+00
    -7.44436085e-02 7.96278536e-01 2.08868518e-01 2.81043172e-01
    1.18077743e+00 2.63126254e-01 -1.27253011e-01 -5.11823930e-02
    -1.77923098e-01 5.11180699e-01 9.24607754e-01 2.41336867e-01
    1.55817941e-01 9.03321743e-01 5.30556619e-01 2.93370057e-02
    8.01121056e-01 3.50260884e-01 -5.65836541e-02 3.96143615e-01
    4.24002588e-01 -2.22048834e-01 1.07782876e+00 7.18054533e-01
    -1.08385473e-01 4.15852726e-01 7.81297266e-01 1.16950631e+00
    5.30728579e-01 1.31010282e+00 1.03510654e+00 4.14506465e-01
    1.70569718e-02 9.33897913e-01 -4.10119221e-02 7.93303311e-01
    1.39114523e+00 -2.75336772e-01 4.63561624e-01 1.03818417e+00
    -8.67187083e-02 -8.45525190e-02 1.03343606e+00 2.52852440e-01
    1.11519611e+00 4.02791917e-01 2.12563679e-01 7.10579813e-01
    -1.13999590e-01 1.55895159e-01 1.38663018e+00 5.44342458e-01
    -2.01549828e-01 3.44110966e-01 2.08974823e-01 5.48133314e-01
    1.27493191e+00 8.67119372e-01 -3.40139158e-02 -5.66234998e-02
    -1.76204026e-01 1.00238872e+00 -1.51584253e-01 -1.96931913e-01
    9.94327605e-01 2.99542218e-01 5.72153211e-01 3.44139397e-01
    6.21803999e-01 -1.81172490e-01 6.72245085e-01 3.62616479e-01
    4.43327188e-01 4.66843873e-01 -1.55353829e-01 6.40859842e-01
    1.37447631e+00 -3.25784564e-01 -2.05757618e-01 1.41345966e+00
    -2.22755864e-01 9.76125821e-02 7.18351066e-01 -3.66130590e-01
    1.15071483e-01 1.03822148e+00 7.20674843e-02 -1.96672007e-01
    3.08445603e-01 9.07886803e-01 9.56138253e-01 7.68470645e-01
    -6.54523377e-04 7.25287795e-01 3.80009830e-01 4.09036756e-01
    -2.85449803e-01 9.06860530e-01 6.93322718e-01 1.31353092e+00
    1.84088588e-01 4.99576718e-01 -1.13332815e-01 3.85165066e-01
    5.94607115e-01 5.47950804e-01 6.12336218e-01 1.26844972e-01
    1.03919804e+00 5.01886785e-01 1.28180099e+00 1.02490187e+00
    3.80065829e-01 6.15823030e-01 -3.73664886e-01 9.57740784e-01
    -1.46908715e-01 -2.26258770e-01 3.60037863e-01 5.91305792e-01
    -1.33425742e-01 9.47916284e-02 9.87993538e-01 9.09519270e-02
    3.26135635e-01 1.40701485e+00 -3.91335636e-01 1.28147745e+00
    -2.37933934e-01 1.37699234e+00 1.33148462e-01 1.28544915e+00
    1.14083111e+00 -3.61812502e-01 8.34482789e-01 1.03752077e+00
    -3.68031710e-01 1.19563568e+00 2.36211970e-01 6.05959184e-02
    1.27360809e+00 -3.84645283e-01 -1.14746071e-01 3.38550568e-01
    1.32818973e+00 -3.67170841e-01 5.55386543e-01 4.74833190e-01
    3.92388254e-01 1.14471614e+00 -7.81679004e-02 8.83906841e-01
    6.19520009e-01 9.47394073e-01 2.74907559e-01 9.79369581e-01
    1.13914633e+00 -2.08691821e-01 2.03004643e-01 9.25377369e-01
    3.35947648e-02 8.15482378e-01 2.56549299e-01 1.07925510e+00
    6.12727702e-01 9.27332044e-01 1.16279089e+00 -3.80753726e-02
    1.12122190e+00 -2.47619838e-01 3.47345769e-01 1.37014997e+00
    5.56415975e-01 -1.45941004e-01 -1.04223294e-02 -2.88793772e-01
    1.51305065e-01 -6.04061671e-02 -1.65695563e-01 1.17779160e+00
    7.25160062e-01 8.67593527e-01 2.05175295e-01 2.44751677e-01
    6.02896154e-01 2.33102471e-01 7.85282254e-01 1.19232476e+00
    3.82448524e-01 9.83361125e-01 5.18892050e-01 3.34339470e-01
    8.92645597e-01 -3.77370179e-01 1.13846886e+00 -5.96827827e-02
    -5.35929874e-02 3.13315898e-01 8.18675995e-01 8.66484165e-01
    -2.63896555e-01 1.04200208e+00 6.55648410e-01 2.30745935e+00
    1.21260345e+00 7.78984353e-02 1.10311496e+00 1.97505932e-02
    9.19388950e-01 1.01922178e+00 6.14586949e-01 3.73628795e-01
    -1.30365416e-01 4.21096772e-01 1.32667994e+00 3.50547284e-01
    -3.03473145e-01 8.90984058e-01 9.91912961e-01 1.09449422e+00
    1.34140527e+00 -1.36668980e-01 4.09380078e-01 3.38380963e-01
    1.13454270e+00 3.53696942e-02 1.29924273e+00 1.13789654e+00
    3.89880002e-01 2.39397526e-01 6.01981103e-01 8.83072078e-01
    1.06035411e-01 5.02078891e-01 7.52686381e-01 9.29121017e-01
    -1.52677640e-01 1.04567373e+00 4.28965330e-01 -2.27422386e-01
    1.03509831e+00 6.01087868e-01 1.10721566e-01 1.27772999e+00
    5.25260985e-01 7.84892380e-01 3.79334331e-01 5.70353448e-01
    1.34681261e+00 4.47773904e-01 4.35044974e-01 1.10450959e+00
    1.04424369e+00 5.33480585e-01 1.32193530e+00 -1.66122600e-01
    -1.86791450e-01 7.24256217e-01 4.65893656e-01 -2.18450636e-01
    1.07817101e+00 1.20629139e-01 1.17691815e+00 2.02653721e-01
    9.64425862e-01 8.54742587e-01 -5.89919984e-02 4.51391280e-01
    4.83933747e-01 8.18327963e-01 5.33879161e-01 1.35143206e-01
    2.67472297e-01 7.11496651e-01 5.94748795e-01 4.75403041e-01
    6.23676658e-01 8.54964972e-01 3.46895695e-01 4.94267315e-01
    1.06149244e+00 3.05836439e-01 9.16942656e-01 6.35979116e-01
    6.86197877e-01 9.20714736e-02 3.57959956e-01 9.52854276e-01
    7.74867952e-01 1.02307105e+00 -3.33694828e-04 4.77774888e-01
    2.54476249e-01 6.79349184e-01 2.16023810e-02 1.39831632e-01
    8.89608920e-01 1.26815557e-01 9.62194741e-01 1.15542293e+00
    -2.09919885e-01 -1.64314047e-01 5.95362306e-01 3.46988708e-01
    6.07645035e-01 9.76289034e-01 -2.56930381e-01 4.56166454e-02
    6.61246538e-01 5.83427176e-02 9.69704866e-01 -2.79527128e-01
    3.58596623e-01 2.45201200e-01 -1.80059746e-01 8.23292673e-01
    5.74893281e-02 1.19337273e+00 5.51080702e-05 6.33306921e-01
    1.36019862e+00 8.26573372e-02 4.01741177e-01 6.72150612e-01
    -1.07863188e-01 1.16943860e+00 -1.90086260e-01 -2.28705525e-01
    5.95528841e-01 -1.55931339e-01 7.42155135e-01 1.10008255e-01
    -1.72403112e-01 5.45306861e-01 1.28238666e+00 -3.00652951e-01
    9.25417066e-01 -6.40461817e-02 -1.50526300e-01 1.35118675e+00
    1.24326289e+00 1.98531032e-01 2.73570657e-01 9.77043569e-01
    1.54111803e-01 9.29334760e-01 5.38417976e-03 3.92154247e-01
    8.19625258e-01 1.25189817e+00 6.85715377e-01 1.14898336e+00
    7.07747161e-01 3.68503869e-01 3.47592831e-02 -2.73497015e-01
    6.54372633e-01 3.11099917e-01 8.73013749e-04 8.92676175e-01
    1.02130497e+00 2.84058098e-02 5.30884862e-01 7.34001040e-01
    4.79942501e-01 1.24335611e+00 -7.14062303e-02 4.59379315e-01
    4.47763354e-02 9.11617756e-01 8.28248322e-01 -1.44694239e-01
    7.69229710e-01 1.00766993e+00 5.19209802e-01 7.52229095e-01
    1.15172243e+00 1.01336432e+00 6.78570449e-01 -1.90679252e-01
    1.02231884e+00 -1.31133003e-02 7.94975162e-01 -2.51559347e-01
    1.25329542e+00 4.93137032e-01 8.45949411e-01 3.31668258e-01
    -2.30048805e-01 1.10549128e+00 1.01608026e+00 -1.51399866e-01
    2.82039911e-01 -3.29331726e-01 1.25594580e+00 -1.38490563e-02
    4.04736876e-01 4.81225699e-01 1.74951866e-01 1.27362311e-01
    3.05404961e-01 3.08262885e-01 1.01987600e+00 1.23819351e+00
    6.85476661e-02 5.44095218e-01 2.76394039e-01 7.66044855e-01
    -1.80108801e-01 6.47330761e-01 1.01695859e+00 -1.94689617e-01
    -3.57442826e-01 1.44081378e+00 -4.93673086e-02 1.16146946e+00
    1.08987141e+00 1.03559434e+00 1.61126897e-01 2.93341726e-01
    7.15724707e-01 -1.98506653e-01 9.14837420e-01 1.25423431e+00
    7.21511722e-01 7.00012781e-03 -2.38359869e-01 8.47151503e-02
    -1.72968701e-01 -1.03498958e-01 3.31625730e-01 1.29457903e+00
    8.40762198e-01 5.78673899e-01 7.96548188e-01 8.83006752e-01
    2.66414750e-02 6.80802524e-01 8.70903194e-01 8.68389070e-01
    8.78708363e-01 3.30164403e-01 8.74409676e-01 1.05036759e+00
    1.22780943e+00 -1.58896953e-01 1.13977623e+00 9.61803317e-01
    1.89648330e-01 1.34470308e+00 9.56694663e-01 -2.75276870e-01
    1.12089708e-01 4.02835280e-01 -1.44069210e-01 1.48700938e-01
    8.28577995e-01 1.09071493e+00 -1.14434145e-01 1.87937343e+00
    8.85708779e-02 -1.80206642e-01 2.76461691e-01 2.65889406e-01
    1.02575588e+00 6.76644206e-01 -3.26475233e-01 9.69028056e-01
    6.10665560e-01 1.99525565e-01 -2.17927903e-01 9.54102755e-01
    6.97273195e-01 -1.44651327e-02 9.36967194e-01 -2.60410577e-01
    1.46409452e-01 -1.00876018e-01 1.84517831e-01 1.37709305e-01
    1.15454698e+00 1.04313278e+00 1.31402522e-01 1.11849606e+00
    9.14364278e-01 1.17119288e+00 1.18642151e+00 7.60063678e-02
    5.54072618e-01 3.44286829e-01 -1.15603274e-02 -1.36012390e-01
    1.08984935e+00 4.70878452e-01 1.16641581e+00 1.36284041e+00
    4.94417012e-01 3.03908288e-01 9.88916695e-01 2.32057571e-01
    9.02072608e-01 1.10034263e+00 4.28866260e-02 1.34820616e+00
    3.66709530e-02 4.18880656e-02 5.38522184e-01 9.63381708e-01
    9.52165365e-01 9.94662762e-01 -4.77687865e-01 7.83185422e-01
    7.36938536e-01 3.38071346e-01 -4.64458019e-02 8.17614257e-01
    -3.38284850e-01 8.85252714e-01 9.84587908e-01 8.53361011e-01
    7.57926881e-01 6.17176473e-01 6.15394950e-01 -1.28280386e-01
    3.28450650e-02 3.59481603e-01 -2.24156946e-01 -2.39259657e-02
    5.18258810e-01 1.07310700e+00 1.18288040e+00 2.09405482e-01
    5.62413037e-01 3.49346191e-01 -1.20504452e-02 2.66715437e-02
    9.88145471e-01 -2.77729541e-01 3.76880825e-01 7.05966234e-01
    1.75576732e-01 7.00988293e-01 7.80267343e-02 6.12286627e-01
    6.54184371e-02 7.71498799e-01 8.97092164e-01 4.52357799e-01
    1.13589609e+00 1.03473020e+00 6.11147404e-01 1.41515583e-01
    1.11465931e+00 6.90660477e-01 5.76939642e-01 7.90697455e-01
    -1.45474479e-01 1.22678578e+00 4.44589585e-01 -2.24204659e-01
    1.12957275e+00 4.83208388e-01 6.94577515e-01 1.84625760e-01
    1.32588351e+00 5.83594203e-01 6.07979834e-01 2.89327562e-01
    1.31065929e+00 3.05985421e-01 9.68113467e-02 9.72861528e-01
    5.83718196e-02 7.29644358e-01 1.01518214e+00 -7.25168511e-02
    2.89363950e-01 -3.08280498e-01 1.04631138e+00 -2.83003986e-01
    5.32098293e-01 -2.25313276e-01 -5.86146377e-02 8.03366780e-01
    9.28424418e-01 7.02405810e-01 8.24727774e-01 8.58406648e-02
    3.11325908e-01 1.27607799e+00 -2.90992647e-01 3.01706493e-01
    9.45022285e-01 1.62489396e-02 1.37851834e+00 6.52270973e-01
    5.64826317e-02 2.77321965e-01 7.73056209e-01 9.82105970e-01
    7.95926034e-01 7.84822226e-01 4.21024084e-01 1.33913374e+00
    -2.43427008e-01 7.45823383e-01 8.56262296e-02 -1.11727558e-01
    2.10392863e-01 5.53787231e-01 1.36489525e-01 1.23742007e-01
    1.09140182e+00 1.64482683e-01 9.83287632e-01 5.43085277e-01
    1.13168347e+00 5.61729968e-01 1.07143831e+00 -3.13057840e-01
    1.23118758e+00 5.00447929e-01 -8.29766132e-03 7.91632906e-02
    1.06651556e+00 1.17692316e+00 3.34381945e-02 4.23906922e-01
    -1.57684103e-01 3.79815698e-01 3.48477781e-01 8.57406795e-01
    1.05702734e+00 1.31910086e-01 -5.02269864e-02 -1.19300790e-01
    2.04894289e-01 4.46118489e-02 1.00668025e+00 1.23733032e+00
    -1.28329664e-01 8.90069962e-01 5.18970788e-01 -1.36387512e-01
    5.70445001e-01 2.60901093e-01 1.28132498e+00 8.20756018e-01
    1.31007671e+00 1.83999494e-01 7.20306754e-01 -1.25345454e-01
    1.28398359e+00 8.52736413e-01 1.37143648e+00 -3.14206511e-01
    2.15970799e-02 -1.04926132e-01 1.43527657e-01 1.87071890e-01
    -2.67877638e-01 4.39070076e-01 1.07627785e+00 9.46547806e-01
    1.00674428e-01 -6.80762297e-03 9.03333247e-01 2.36422300e-01
    1.06873047e+00 -3.91608208e-01 1.21971238e+00 1.17605820e-01
    -1.99094087e-01 4.96327281e-02 9.77093935e-01 8.29120100e-01
    1.50097176e-01 9.16845873e-02 -4.21493343e-04 3.60596150e-01
    8.32644045e-01 1.11804557e+00 5.77389896e-01 9.88899589e-01
    9.70056176e-01 1.05190408e+00 4.17524666e-01 2.90983319e-01
    4.47505832e-01 2.59530425e-01 1.35851204e+00 -3.64175409e-01
    1.11102188e+00 -1.79975837e-01 2.25447357e-01 5.69836259e-01
    9.93944705e-02 1.29778826e+00 6.06026769e-01 5.12091637e-01
    -4.23749954e-01 9.10707533e-01 3.38078409e-01 3.65747511e-02
    1.12955891e-01 4.74820197e-01 7.59504884e-02 1.22740901e+00
    1.13707399e+00 8.82341683e-01 2.28975669e-01 1.02042055e+00
    1.96723700e-01 -1.48124434e-02 5.07878140e-02 2.46809864e+00
    9.66762781e-01 1.17289770e+00 9.58161414e-01 9.11403000e-01
    1.03893554e+00 2.09428042e-01 5.78752339e-01 7.81511664e-02
    6.95827305e-01 1.13849312e-01 1.37552261e+00 4.97115076e-01
    2.90445656e-01 9.94152874e-02 2.19526857e-01 -1.20137498e-01
    3.40883881e-01 5.79096556e-01 8.43482912e-01 -1.71493247e-01
    1.15034306e+00 -8.01115185e-02 1.25677717e+00 8.85430396e-01
    5.55000067e-01 7.37430930e-01 9.63943481e-01 3.78252685e-01
    1.02237463e+00 2.53161639e-01 5.62480867e-01 1.18707883e+00
    -9.30168014e-03 1.27631223e+00 -4.77733105e-01 5.81393205e-02
    2.25544870e-02 1.98197514e-01 2.94434559e-02 2.86817849e-01
    7.36876130e-01 -3.61850798e-01 4.41821009e-01 -2.37574384e-01
    2.91392535e-01 -1.32165523e-02 9.12956148e-02 4.83771801e-01
    -2.67500371e-01 9.57973003e-01 4.40595776e-01 9.94945407e-01
    3.31649721e-01 9.07466471e-01 -1.04554586e-01 3.15645635e-01
    6.31060898e-01 -1.96376801e-01 3.24669987e-01 6.81475997e-01
    1.13005495e+00 1.99476972e-01 2.27141440e-01 1.34828103e+00
    8.07600379e-01 9.42401767e-01 1.15199697e+00 4.73631501e-01
    -5.98026924e-02 1.21901822e+00 4.10399079e-01 -2.74890929e-01
    1.26610601e+00 1.23202562e+00 6.18456937e-02 1.13306046e+00
    -4.20650095e-01 1.12765682e+00 1.05167449e+00 1.86369121e-01
    2.92261809e-01 7.05825508e-01 -6.81304634e-02 1.16566384e+00
    9.97903943e-01 1.27348161e+00 -1.51600093e-01 1.86783835e-01
    -1.65707201e-01 7.65052438e-01 5.51057421e-02 9.03069735e-01
    -1.59250910e-03 8.96598399e-01 9.23338294e-01 6.22586310e-01
    1.13029611e+00 -2.56558746e-01 8.87885392e-01 3.82571993e-03
    1.25002205e-01 1.10424496e-01 4.28050041e-01 1.24327004e+00
    2.39315078e-01 -1.39172271e-01 4.58157569e-01 4.36062776e-02
    1.14910030e+00 1.72107399e-01 -2.51814779e-02 2.19502226e-02
    4.54248458e-01 -1.45939335e-01 -2.20280349e-01 1.85295194e-02
    -1.99328125e-01 6.71578646e-01 8.33066285e-01 8.32098246e-01
    1.11745381e+00 1.51577547e-01 4.49479133e-01 -1.63185030e-01
    7.46707499e-01 1.21370482e+00 -3.59687954e-01 1.17390513e+00
    1.57486349e-01 4.55546677e-01 3.20044696e-01 -4.89053428e-02
    -1.92359328e-01 5.68609953e-01 7.38120556e-01 -2.12872431e-01
    9.90209132e-02 2.82935947e-01 -1.34490147e-01 4.10084128e-02
    -3.55629027e-02 -2.92344123e-01 3.02721888e-01 3.16366553e-01
    5.98162174e-01 4.88451988e-01 1.36785841e+00 5.77695183e-02
    1.82666108e-01 -1.08898804e-01 7.03268588e-01 2.18704909e-01
    -3.14696878e-01 1.21040857e+00 -3.70586902e-01 -1.47803649e-01
    1.26580358e+00 4.75966513e-01 -2.23915055e-01 6.99538231e-01
    1.72911882e-01 -2.67528761e-02 7.46029198e-01 1.20237541e+00
    8.90757322e-01 -1.75250232e-01 2.55913913e-01 -9.23358798e-02
    -2.00151503e-01 1.16895986e+00 5.67067206e-01 6.49804950e-01
    5.74733377e-01 3.59930277e-01 1.05658457e-01 8.12277853e-01
    -7.53896683e-02 -1.80470198e-01 1.19544542e+00 -4.95453805e-01
    7.57766008e-01 4.64940906e-01 1.10580790e+00 -1.16350867e-01
    7.91120768e-01 6.14221632e-01 -1.68136716e-01 6.83506578e-02
    -7.68033639e-02 5.54450512e-01 -3.35165799e-01 7.08745360e-01
    4.18674320e-01 2.53714442e-01 -2.34994099e-01 8.96560311e-01
    9.67557788e-01 -8.54433626e-02 -1.55938148e-01 1.82997510e-01
    1.24341285e+00 1.32879138e+00 -4.42927212e-01 8.30932736e-01
    4.27429199e-01 -2.13200703e-01 1.09739435e+00 -1.24398105e-01
    -7.96673633e-03 1.20554781e+00 -2.08499566e-01 -6.52695820e-02
    4.34212051e-02 1.25848401e+00 1.04730690e+00 -5.54286875e-02
    1.10520446e+00 1.34815782e-01 1.59733102e-01 2.89799068e-02
    6.77513540e-01 8.19335938e-01 1.16389239e+00 -9.85575691e-02
    -1.01476960e-01 1.01644516e+00 8.68296921e-01 7.59037724e-03
    4.30586115e-02 -1.58441126e-01 3.16114783e-01 1.02364981e+00
    7.31388509e-01 1.16118324e+00 -2.34317645e-01 3.68975103e-01
    2.49218449e-01 -1.06489092e-01 2.76737899e-01 6.61791563e-01
    5.21453679e-01 1.22586918e+00 -4.47382867e-01 1.52819443e+00
    -2.61085510e-01 1.08063471e+00 1.10643946e-01 1.01506019e+00
    -4.73705053e-01 1.01491296e+00 1.70527712e-01 4.79492486e-01
    4.66004103e-01 -2.55858183e-01 1.35133839e+00 2.74065304e+00
    -5.63109554e-02 -4.27927166e-01 9.70725954e-01 1.13276279e+00
    -3.32093388e-02 5.36272287e-01 1.68441042e-01 2.64585227e-01
    1.29983640e+00 -2.26053998e-01 3.53419065e-01 1.11882687e+00
    4.98345584e-01 6.82967365e-01 1.24286473e+00 8.18201244e-01
    1.23616564e+00 -1.23417489e-01 1.23744297e+00 5.20058610e-02
    -1.40499756e-01 1.29516912e+00 -3.11320841e-01 1.32140085e-01
    1.80959374e-01 1.22138798e+00 -1.46531388e-01 5.25761008e-01
    1.03495121e+00 8.43931139e-01 3.07582080e-01 6.20323181e-01
    9.08619642e-01 1.05348730e+00 1.28396177e+00 2.75413483e-01
    -1.29358143e-01 9.34191644e-01 1.22297728e+00 3.14855307e-01
    8.45238864e-01 7.79258609e-01 6.39297247e-01 1.27169526e+00
    7.25449443e-01 9.83307958e-01 1.04394412e+00 5.73362887e-01
    1.11579251e+00 2.47304756e-02 1.19154716e+00 8.08956802e-01
    5.66689968e-01 5.12380064e-01 -1.72984362e-01 9.01210666e-01
    1.26604009e+00 -1.93193778e-02 2.81719327e-01 2.05920920e-01
    8.93032610e-01 -2.01956499e-02 1.17914476e-01 8.15934420e-01
    8.36720884e-01 4.13024753e-01 7.47397065e-01 8.00499544e-02
    -1.43825158e-01 9.19339716e-01 2.27074623e-01 -2.06674322e-01
    1.26232243e+00 -2.48856291e-01 5.29469013e-01 1.12719871e-01
    6.19378388e-01 7.90524125e-01 9.33792889e-01 1.26084769e+00
    1.57835662e-01 1.12486601e+00 9.16674674e-01 -4.32186842e-01
    1.15098536e+00 -1.30606592e-01 1.81481019e-01 3.54177982e-01
    5.77296495e-01 8.64836276e-01 8.54232609e-01 -3.73700827e-01
    1.04174840e+00 6.82912171e-01 1.19173682e+00 1.79850489e-01
    1.16894698e+00 3.55076104e-01 -2.87146270e-01 8.67720723e-01
    8.74825120e-01 7.09861636e-01 7.24150002e-01 -1.10451415e-01
    2.56211311e-01 8.97045255e-01 5.38642006e-03 -4.12166975e-02
    3.09218973e-01 1.09774992e-02 1.21958828e+00 -2.15754777e-01
    6.95770800e-01 1.12479949e+00 6.31186783e-01 2.85967946e-01
    1.15708280e+00 -4.40945290e-02 4.06829625e-01 3.29098225e-01
    1.12996995e+00 7.47303188e-01 1.21669590e+00 -8.59707445e-02
    3.33144724e-01 7.98883200e-01 2.55104154e-01 1.08140576e+00
    8.49880636e-01 7.62432575e-01 9.03376460e-01 2.70306736e-01
    -2.29742993e-02 1.92197606e-01 1.30039737e-01 4.62516487e-01
    4.50789668e-02 6.94496572e-01 2.42486298e-01 4.04239744e-01
    1.14786685e+00 1.14103544e+00 2.92079598e-01 2.41538838e-01
    1.05027139e+00 4.19017822e-01 -2.17112899e-01 2.67334864e-04
    1.21166563e+00 1.21493948e+00 6.37042105e-01 4.84635293e-01
    9.15280282e-01 5.00270188e-01 1.33921373e+00 3.74854267e-01
    6.86467648e-01 1.00198078e+00 6.01447940e-01 -1.76482335e-01
    -1.47409528e-01 -1.29571006e-01 -1.76679358e-01 -3.56458835e-02
    8.89316648e-02 1.07001841e+00 5.09111285e-01 1.34123355e-01
    9.50349271e-01 9.76677656e-01 8.67976964e-01 2.60384493e-02
    8.90584469e-01 5.95185637e-01 7.72203684e-01 1.30619836e+00
    1.86734632e-01 4.09005910e-01 -8.08420219e-03 1.41361296e+00
    3.02914798e-01 -7.95148611e-02 7.78609872e-01 -9.19598266e-02
    2.10251696e-02 -1.76910624e-01 7.86139905e-01 1.15324974e+00
    1.27076924e+00 2.58323133e-01 1.10969150e+00 1.01130295e+00
    3.69569600e-01 1.02126622e+00 8.96722794e-01 1.10186827e+00
    1.01696873e+00 2.24511608e-01 1.45175886e+00 5.26889145e-01
    -2.83925664e-02 7.51945317e-01 1.29769564e-01 -1.35583147e-01
    9.72745776e-01 7.31593072e-01 5.40395617e-01 -1.34426340e-01
    1.92696899e-01 2.65554309e-01 8.28376055e-01 -3.53433192e-01
    1.22833920e+00 2.31606856e-01 4.83136237e-01 6.81846142e-01
    7.26340950e-01 1.66881040e-01 7.72496939e-01 3.45966592e-02
    7.80619383e-01 4.05372798e-01 1.19749606e+00 1.19739819e+00
    4.18663383e-01 4.05476958e-01 4.59175676e-01 1.54543310e-01
    8.45989227e-01 1.01384056e+00 2.93297887e-01 1.26038229e+00
    2.00861439e-01 7.36121953e-01 -2.38072529e-01 1.07495117e+00
    7.77115643e-01 5.02738535e-01 -9.28315744e-02 3.50696951e-01
    5.64103603e-01 1.33538572e-02 1.03973794e+00 -4.45667990e-02
    6.79590166e-01 -6.51035160e-02 -1.05676286e-01 1.24536479e+00
    5.81489503e-01 6.81811690e-01 8.51044506e-02 1.30131674e+00
    2.07875781e-02 6.42010212e-01 3.37277129e-02 1.48244834e+00
    1.09112608e+00 1.15585685e+00 3.00484121e-01 3.74549278e-03
    2.23068208e-01 8.21693838e-01 2.06829503e-01 -2.39538878e-01
    -8.26827884e-02 8.75414237e-02 1.21866262e+00 1.10595763e+00
    -3.48518074e-01 1.05906236e+00 9.76810038e-01 9.50647652e-01
    1.19805314e-01 2.67360546e-02 5.58153272e-01 -9.03934687e-02
    1.14073575e+00 -9.01054740e-02 8.31182897e-01 -1.14413261e-01
    4.57323521e-01 1.07490468e+00 1.28230011e+00 -3.10010821e-01
    8.54233325e-01 -1.34320229e-01 4.74090964e-01 8.40357065e-01
    -2.50318527e-01 3.81191760e-01 9.38925862e-01 -3.95695329e-01
    1.32439709e+00 -9.63220522e-02 7.46992290e-01 1.04513550e+00
    9.23539102e-01 9.85968590e-01 -2.33245566e-01 8.40241373e-01
    1.20982730e+00 -8.90654102e-02 8.01777899e-01 5.35022259e-01
    7.28224814e-01 2.67669678e-01 1.16236579e+00 9.77277040e-01
    1.40149102e-01 1.21799298e-01 5.37631691e-01 -4.50543948e-02
    1.06169784e+00 1.23025095e+00 2.59111077e-01 -1.23932801e-01
    1.12169933e+00 1.20239508e+00 -1.06061436e-01 -3.46917152e-01
    9.99891222e-01 6.33954346e-01 2.26077318e-01 2.18308270e-02
    8.56481016e-01 5.34628510e-01 8.38446796e-01 7.25547194e-01
    1.86606228e-01 -5.66045381e-02 2.38909900e-01 1.15673876e+00
    4.69372094e-01 8.94655943e-01 5.07584631e-01 2.11155355e-01
    8.20386969e-03 1.26193500e+00 -4.41358149e-01 2.50503391e-01
    7.83762932e-01 9.64617729e-01 3.23650926e-01 -1.58802286e-01
    1.28884840e+00 -4.11343396e-01 3.85260254e-01 5.38894773e-01
    1.04243326e+00 -4.85224545e-01 1.29334283e+00 -2.17680246e-01
    1.26696241e+00 6.42539620e-01 6.69537187e-01 7.44817019e-01
    7.05353975e-01 6.92901194e-01 -7.03155920e-02 1.05214655e+00
    6.38617873e-01 4.98276621e-01 5.83305776e-01 6.00062966e-01
    1.09025419e+00 5.84594011e-01 1.06540942e+00 8.40148747e-01
    1.21582115e+00 1.36324748e-01 6.78937078e-01 1.80318207e-01
    1.19026554e+00 4.10454839e-01 7.85678029e-01 2.40855575e-01
    4.58521932e-01 5.29065609e-01 1.80068269e-01 5.66440940e-01
    3.67369354e-01 1.03980243e+00 5.62383756e-02 -1.95542485e-01
    8.14683497e-01 7.06737518e-01 1.21370137e+00 6.72699213e-01
    2.86402017e-01 1.03576563e-01 1.43516913e-01 3.82495105e-01
    1.91240877e-01 3.95001322e-01 1.75846338e-01 1.21588540e+00
    6.91399395e-01 -8.77914727e-02 8.83968711e-01 5.55963039e-01
    3.95944230e-02 6.05392814e-01 6.48051739e-01 1.56034306e-01
    5.19643962e-01 1.14343655e+00 -1.65644169e-01 -5.60936332e-02
    -6.34221211e-02 6.10480070e-01 2.04173505e-01 8.17345023e-01
    1.12297487e+00 1.04326248e+00 -1.69474438e-01 7.65885174e-01
    5.87103069e-01 9.53034282e-01 1.09498727e+00 5.24189711e-01
    -1.58640429e-01 8.14458370e-01 1.07258332e+00 9.56825614e-01
    5.58732986e-01 -2.68870652e-01 -1.49741650e-01 8.69411469e-01
    5.94083965e-01 -1.84088454e-01 4.48479027e-01 -2.43849620e-01
    1.32591987e+00 2.87671447e-01 6.35667801e-01 7.89092958e-01
    2.20261633e-01 1.08248305e+00 2.91426927e-01 -6.48178011e-02
    6.06208503e-01 7.85386622e-01 1.03556597e+00 9.66300189e-01
    -1.65863737e-01 1.26705289e+00 6.54056594e-02 6.27871394e-01
    1.20160246e+00 7.42660165e-01 1.08550715e+00 7.48867512e-01
    9.24975157e-01 8.27936351e-01 -3.17951351e-01 -1.42721266e-01
    6.24513626e-01 8.88958812e-01 1.04504526e+00 5.54020107e-01
    9.97706294e-01 6.56572402e-01 5.60791790e-01 -4.01180983e-03
    -2.71826118e-01 1.15562356e+00 5.51522360e-04 1.10943770e+00
    1.13627326e+00 8.56343806e-01 5.45035601e-01 -4.02737921e-03
    -1.81078047e-01 1.21210527e+00 3.78066152e-01 7.32367754e-01
    -2.05937281e-01 1.38381928e-01 -2.37182841e-01 8.28312516e-01
    2.42751762e-01 8.68504703e-01 -8.24605301e-02 5.72323680e-01
    -6.98668584e-02 1.30589855e+00 9.80418503e-01 -7.99896270e-02
    -1.35884598e-01 1.20763457e+00 -3.54322374e-01 6.00021183e-01
    1.16955411e+00 9.22996640e-01 -3.78756449e-02 9.03066397e-01
    1.00317252e+00 2.14570120e-01 4.37221766e-01 7.64547408e-01
    -2.02748358e-01 8.07097733e-01 9.13393259e-01 2.13351116e-01
    2.93996453e-01 5.33828616e-01 7.05461979e-01 1.70119032e-01
    8.89849544e-01 8.74228179e-01 8.95412445e-01 1.14020634e+00
    5.00312090e-01 -1.87610269e-01 2.69069314e-01 9.26008999e-01
    1.65847301e-01 1.02388608e+00 5.99005342e-01 1.28947687e+00
    2.01277196e-01 1.01937068e+00 1.36358008e-01 1.68884873e-01
    1.01815069e+00 3.00038993e-01 -2.77238727e-01 1.01776040e+00
    3.22442681e-01 9.03708518e-01 6.83690548e-01 7.73408830e-01
    1.01136148e+00 6.71879411e-01 3.66653591e-01 1.29204011e+00
    3.14133763e-01 2.11717010e-01 1.14840436e+00 -2.25944072e-02
    1.00424254e+00 -2.55819768e-01 3.79684329e-01 1.29068184e+00
    4.97306615e-01 1.15509844e+00 9.83803511e-01 8.88672531e-01
    -1.50922358e-01 4.71228808e-01 4.42737311e-01 3.39716941e-01
    9.76325013e-03 3.43735188e-01 1.14018488e+00 -3.54594022e-01
    1.04985714e+00 5.44174314e-01 1.86975226e-01 9.87872202e-03
    3.95948529e-01 1.29249918e+00 -1.85991049e-01 2.70512521e-01
    1.24885188e-02 1.33310425e+00 -3.29450130e-01 6.94161594e-01
    9.88271654e-01 9.40277576e-01 3.27062756e-01 4.53242421e-01
    -1.67635381e-01 9.89310563e-01 9.77577865e-01 1.22029805e+00
    1.08673942e+00 -4.54515740e-02 6.06261373e-01 1.19925126e-01
    1.81368560e-01 1.15942347e+00 7.80730844e-01 6.05114520e-01
    -1.20588448e-02 3.15329552e-01 1.46077529e-01 8.31907213e-01
    -6.76552206e-02 1.25276899e+00 7.93042183e-01 5.11604190e-01
    1.18706727e+00 5.89133322e-01 1.15517879e+00 4.37655121e-01
    1.11543465e+00 -2.15474367e-01 3.81533891e-01 7.30078042e-01
    -1.31668612e-01 1.38043892e+00 6.02138638e-01 4.30315733e-01
    5.66154182e-01 8.39408875e-01 3.44660103e-01 4.16780770e-01
    -3.91914636e-01 1.27893364e+00 -1.66377097e-01 9.01857316e-01
    7.09882677e-01 1.09986830e+00 3.07090610e-01 -5.36918752e-02
    -7.39968866e-02 1.34819043e+00 -3.17302257e-01 4.99012291e-01
    4.67935473e-01 9.04559910e-01 1.68702409e-01 3.59192312e-01
    -3.47197920e-01 8.67172182e-01 4.52181250e-02 3.31613496e-02
    2.79494405e-01 1.07310402e+00 8.95215213e-01 1.09094393e+00
    -6.00857250e-02 5.25123715e-01 6.73588037e-01 1.18892384e+00
    1.84623659e-01 -9.63518545e-02 1.27078652e+00 2.25488976e-01
    7.57481396e-01 5.05849600e-01 4.96182591e-02 8.47619534e-01
    5.09653330e-01 1.14647305e+00 1.21550167e+00 2.88574606e-01
    1.04430950e+00 -3.21779281e-01 1.34194887e+00 -3.98746967e-01
    6.01911843e-01 6.24568284e-01 1.17751253e+00 3.04254562e-01
    5.30095458e-01 6.85588539e-01 8.21344912e-01 6.02206290e-02
    -3.82372588e-01 1.00616944e+00 -3.56806487e-01 3.54007512e-01
    -1.11081116e-01 1.97401475e-02 8.48634064e-01 3.50062311e-01
    9.73930180e-01 -2.31289595e-01 -8.71394724e-02 -1.55020822e-02
    9.53322649e-01 1.97291896e-02 4.58122879e-01 9.41524327e-01
    5.81409372e-02 1.11504149e+00 -6.40173405e-02 6.06023371e-01
    3.46444368e-01 1.00201035e+00 1.20918655e+00 6.52454734e-01
    4.48341280e-01 3.67818147e-01 1.59710258e-01 1.20412517e+00
    7.40333021e-01 7.97164381e-01 2.15264961e-01 8.65324616e-01
    -9.91871879e-02 1.75116390e-01 1.07509387e+00 5.95383406e-01
    1.14642906e+00 -3.22750621e-02 1.06785870e+00 9.03177857e-01
    7.72707343e-01 6.18004858e-01 1.83649026e-02 9.48664784e-01
    5.37595809e-01 6.31641924e-01 -3.12916577e-01 1.13163996e+00
    7.64388964e-02 -1.12940848e-01 3.37129235e-01 1.22396326e+00
    3.61010581e-02 2.08549067e-01 3.81806403e-01 4.95190203e-01
    9.45205450e-01 1.30483121e-01 1.27446413e+00 -1.50389150e-01
    1.04204893e+00 1.56094253e-01 1.26724946e+00 1.63414940e-01
    1.21101880e+00 -3.21218580e-01 7.71453500e-01 1.11149836e+00
    -9.16178152e-03 1.08067799e+00 5.84713221e-01 1.04148507e+00
    6.50556087e-01 4.72796857e-01 2.25482970e-01 1.01421201e+00
    -2.34675303e-01 7.35430002e-01 -2.99079381e-02 1.45189643e+00
    -3.20224985e-02 1.41315460e-01 5.36769211e-01 9.09740999e-02
    6.33874416e-01 -8.00609812e-02 1.21819592e+00 5.22008836e-01
    -9.35806707e-02 7.36790895e-01 3.40898663e-01 2.72612423e-01
    5.27966142e-01 8.24976742e-01 4.37937945e-01 1.87294945e-01
    6.12155497e-01 -4.06154633e-01 1.18439686e+00 1.05167282e+00
    2.03678265e-01 1.69563875e-01 1.27106637e-01 6.00351810e-01
    2.84997635e-02 1.37101948e+00 -7.46762529e-02 1.73628259e+00
    1.90331221e-01 1.20039642e+00 8.50273371e-02 -2.95345634e-01
    8.96010101e-01 8.78493369e-01 -8.08476731e-02 7.90817916e-01
    7.27698028e-01 -1.29091173e-01 1.45650193e-01 8.99721682e-01
    9.59549785e-01 5.36649942e-01 5.85288703e-01 8.83677781e-01
    1.03704870e+00 2.21937805e-01 3.58466625e-01 1.14207721e+00
    7.83323109e-01 1.02073622e+00 2.06787497e-01 -1.16228387e-01
    2.93455839e-01 3.04999769e-01 8.02037895e-01 6.12935662e-01
    7.65936553e-01 1.49343729e-01 6.71835244e-01 8.97538841e-01
    -3.55906188e-01 -1.34791017e-01 1.06937897e+00 1.01033056e+00
    -2.02967763e-01 4.43068445e-01 -1.30337551e-01 1.24688938e-01
    2.66593128e-01 7.32949078e-02 9.49902415e-01 5.08901834e-01
    5.14882624e-01 1.13688993e+00 6.69292033e-01 -2.15029925e-01
    1.31531262e+00 1.83979899e-01 9.88838300e-02 1.31157660e+00
    2.34782338e-01 2.19803989e-01 8.93109202e-01 9.59318101e-01
    5.84175646e-01 -3.80195379e-01 1.21748006e+00 1.12279630e+00
    1.10547173e+00 2.28818804e-01 -1.04304954e-01 1.48748562e-01
    5.82899272e-01 -1.62228927e-01 7.81344026e-02 -2.03748439e-02
    1.77377760e-01 6.68276072e-01 4.60324734e-02 7.87277818e-01
    -7.98670948e-02 3.51018459e-01 1.21792591e+00 -3.00614506e-01
    -1.72396358e-02 -6.17178194e-02 8.35092962e-01 1.18413079e+00
    4.71436441e-01 1.21291447e+00 1.19411528e-01 1.48089826e-01
    8.79052002e-03 9.14593577e-01 -9.97543260e-02 1.43326759e+00
    1.04514383e-01 6.81722164e-01 1.09568179e+00 -3.11528772e-01
    1.07612681e+00 -1.40209213e-01 1.36656582e+00 -3.64190489e-01
    1.06517625e+00 7.39285111e-01 3.44243050e-01 5.96999884e-01
    8.45420897e-01 6.13786221e-01 -2.98287809e-01 5.48580945e-01
    4.08303916e-01 8.29116940e-01 3.56836826e-01 6.18053377e-01
    1.07410872e+00 3.10336113e-01 -3.94217782e-02 3.61343235e-01
    4.19101954e-01 1.31708672e-02 1.05719435e+00 4.14025903e-01
    1.04119527e+00 9.20943201e-01 1.08917820e+00 2.94362396e-01
    1.14203322e+00 1.12757599e+00 -1.15029596e-01 2.73653477e-01
    -2.09067628e-01 1.17845023e+00 1.15105581e+00 -2.88054526e-01
    4.67187613e-01 3.81983221e-01 -2.34439686e-01 1.34313500e+00
    1.85218066e-01 4.64267135e-01 5.61433792e-01 -1.06469952e-01
    2.91100591e-01 1.14822710e+00 5.19160986e-01 7.32985288e-02
    1.30016220e+00 4.20582704e-02 -1.61076874e-01 1.21622396e+00
    1.04445946e+00 1.09754837e+00 4.47756946e-01 9.85834777e-01
    9.70927358e-01 5.00102282e-01 1.27556920e+00 1.11114037e+00
    -1.73324674e-01 7.93827474e-01 7.56829858e-01 5.64493239e-01
    7.31917262e-01 -8.25580806e-02 8.91273379e-01 1.87324792e-01
    8.10526669e-01 4.02111076e-02 9.06841993e-01 -2.28627816e-01
    7.08884597e-01 1.08455145e+00 -8.50170180e-02 7.20714688e-01
    8.50283206e-01 -1.78383174e-03 -2.44046971e-01 3.67156602e-02
    5.18478036e-01 6.57914817e-01 8.48356903e-01 4.18275684e-01
    8.71956468e-01 5.62372327e-01 1.31051743e+00 -2.43643105e-01
    4.70132560e-01 6.08291209e-01 4.89552259e-01 1.11556864e+00
    1.19004691e+00 3.26107860e-01 7.58367062e-01 -3.85285735e-01
    2.86082059e-01 3.19652081e-01 8.92963231e-01 -3.96966040e-02
    1.90229073e-01 7.82346129e-01 -1.44886866e-01 -1.67908698e-01
    3.01483631e-01 -1.90833826e-02 9.96876240e-01 5.92940748e-01
    4.98160452e-01 8.37925315e-01 -2.73401588e-01 1.30273730e-01
    2.38880873e-01 3.83398622e-01 -4.23236310e-01 1.04072642e+00
    -3.25301915e-01 1.00155842e+00 -1.57892317e-01 1.13964212e+00
    7.98354223e-02 2.10603222e-01 -1.52812060e-03 9.78701413e-01
    2.12639347e-01 -2.49766245e-01 8.72016549e-01 -2.79848993e-01
    1.31710184e+00 9.46572542e-01 -2.94927001e-01 7.19423056e-01
    4.73915160e-01 1.47706538e-01 7.07315877e-02 -1.58008844e-01
    2.43436322e-01 2.86202967e-01 1.06385577e+00 6.07650340e-01
    6.15372598e-01 1.21326280e+00 -1.16024941e-01 1.36205888e+00
    -1.21379837e-01 6.08249664e-01 9.44224536e-01 1.07898128e+00
    5.52646756e-01 -7.53593445e-02 2.37716541e-01 -2.17251405e-02
    5.41133098e-02 1.36503601e+00 1.50722817e-01 9.51408982e-01
    7.53613830e-01 -2.98925549e-01 6.74875557e-01 7.88125217e-01
    -2.42488042e-01 2.10366443e-01 4.90551054e-01 5.67941368e-01
    4.11200076e-01 6.17843986e-01 1.39974341e-01 9.50833797e-01
    -3.81178170e-01 -2.25190502e-02 -1.04964338e-02 3.75454992e-01
    1.09896922e+00 6.30345643e-01 -1.33996949e-01 9.34427917e-01
    1.05627187e-01 -3.61529976e-01 1.31652129e+00 -1.11344866e-01
    5.14345467e-01 2.67297417e-01 8.26118410e-01 7.54403651e-01
    -7.69921169e-02 4.10276860e-01 6.00579083e-02 4.09328192e-01
    2.57998854e-01 9.55804586e-01 5.29927015e-01 1.13967240e+00
    8.14298727e-03 -6.09005690e-02 4.20027196e-01 1.18769266e-01
    1.23984265e+00 1.21210229e+00 -2.99827099e-01 1.67002417e-02
    1.02150524e+00 -3.33834678e-01 1.27071428e+00 8.03521097e-01
    -2.96032667e-01 8.90865266e-01 6.08664393e-01 -3.71906251e-01
    4.24569994e-01 9.77976859e-01 1.30495831e-01 9.61036801e-01
    3.42958748e-01 -1.01767346e-01 1.12858224e+00 -1.62746236e-01
    9.00831997e-01 -4.24596936e-01 1.45773220e+00 -4.25834268e-01
    1.13071251e+00 1.30611050e+00 9.39873517e-01 -1.56884134e-01
    1.27929139e+00 -4.43290509e-02 9.14656073e-02 1.23611975e+00
    1.17338812e+00 1.22705817e+00 8.13882053e-01 -1.68329105e-01
    4.13601071e-01 2.14114845e-01 1.26622605e+00 2.60004967e-01
    4.91343200e-01 -2.64987051e-01 2.22111389e-01 5.75252891e-01
    9.59097520e-02 7.63480961e-01 1.17481601e+00 -1.52878195e-01
    1.18994570e+00 -2.77845897e-02 2.11307839e-01 7.38202751e-01
    1.04653490e+00 1.14771688e+00 2.72584539e-02 -2.07384169e-01
    4.38908994e-01 7.90092170e-01 9.42420840e-01 -3.95069599e-01
    1.31931114e+00 3.73924226e-02 -3.55899751e-01 1.28810024e+00
    5.68542659e-01 3.45075577e-01 5.56492567e-01 -2.10166857e-01
    -1.56273857e-01 6.47216737e-01 4.43823159e-01 5.95351875e-01
    4.59364712e-01 3.86000246e-01 -3.20041627e-01 1.01445127e+00
    1.44510746e-01 5.60075462e-01 1.11883473e+00 4.85925853e-01
    6.44417107e-01 2.89849907e-01 1.16055870e+00 -4.17386353e-01
    9.89283502e-01 4.09857124e-01 3.31997037e-01 6.66224122e-01
    1.13057089e+00 -3.17554265e-01 8.38403583e-01 -2.40480110e-01
    1.19309986e+00 1.05929494e+00 -2.04889342e-01 1.31042361e+00
    -9.14430842e-02 9.72498283e-02 3.34020197e-01 -7.95946643e-02
    6.08377635e-01 7.23580003e-01 5.42899787e-01 1.23860991e+00
    -2.62260526e-01 5.15667617e-01 4.76852387e-01 1.15014410e+00
    1.01336324e+00 2.11739782e-02 3.50854009e-01 1.21555877e+00
    -2.17564870e-02 8.40032041e-01 9.22635913e-01 1.00592464e-01
    4.11783576e-01 9.75586057e-01 7.47043073e-01 3.78616422e-01
    1.17368758e+00 3.08587313e-01 7.54410207e-01 1.62731752e-01
    -7.11104795e-02 1.12981367e+00 -4.08298463e-01 6.45227790e-01
    5.37075877e-01 1.18103123e+00 7.06326723e-01 9.46652949e-01
    7.51994431e-01 -1.83205292e-01 1.29597640e+00 -1.36765733e-01
    1.98729530e-01 8.44639003e-01 -3.53819393e-02 6.43315613e-01
    -2.52063572e-01 1.35681629e+00 8.38204026e-02 1.02974808e+00
    6.58234119e-01 -2.97045559e-01 1.10156751e+00 8.75557542e-01
    1.08437181e+00 1.29866731e+00 -2.11003423e-01 3.91525298e-01
    2.73720562e-01 1.93450183e-01 7.68522918e-01 3.17201674e-01
    1.19003808e+00 2.23774061e-01 5.78539968e-01 4.45369989e-01
    9.78553236e-01 1.15186620e+00 5.18553317e-01 4.59033608e-01
    1.01033613e-01 4.11577553e-01 -9.80077311e-02 8.81878912e-01
    5.64848542e-01 -3.50619197e-01 1.35870063e+00 -3.57808322e-01
    1.08105612e+00 1.50064871e-01 1.31199813e+00 7.24433720e-01
    5.06132126e-01 1.19882178e+00 -1.76192895e-01 8.04963589e-01
    6.55725420e-01 -2.93096900e-01 1.38771069e+00 2.26459629e-03
    9.17909920e-01 1.30236876e+00 2.79574960e-01 1.13598377e-01
    7.05559790e-01 -2.93302208e-01 7.53213286e-01 -3.69921535e-01
    9.31111634e-01 1.15964007e+00 -1.99166834e-01 4.81714576e-01
    1.03109300e+00 3.39230478e-01 7.89925337e-01 -1.36786580e-01
    4.28352386e-01 1.17276394e+00 1.08760130e+00 4.57660079e-01
    4.02853459e-01 9.97563958e-01 1.22284663e+00 4.40059491e-02
    -1.30859330e-01 7.69771099e-01 1.21086073e+00 2.17397735e-01
    -1.18524723e-01 2.03349859e-01 1.12861514e+00 3.68920177e-01
    5.53386390e-01 6.36384606e-01 1.46979410e-02 -1.39435604e-02
    7.99396336e-01 1.04076934e+00 7.07799196e-01 2.49822283e+00
    5.61141849e-01 5.84089816e-01 2.13154647e-02 5.80194473e-01
    1.11424387e+00 9.17221010e-01 8.21621537e-01 1.88727081e-01
    -2.53168881e-01 7.22206712e-01 1.17676604e+00 7.47941971e-01
    -2.19590336e-01 6.70932531e-01 9.55305636e-01 6.98396921e-01
    -2.24333286e-01 9.14863467e-01 5.03252506e-01 8.42704535e-01
    -2.50654846e-01 1.44395590e+00 8.59418452e-01 8.78546536e-01
    2.20193863e-01 -3.10032278e-01 -1.47078307e-02 -2.28632480e-01
    1.47077584e+00 -8.00731685e-03 8.37393999e-01 1.19967496e+00
    -1.18076354e-01 3.03723544e-01 8.55656862e-01 -2.40971789e-01
    7.36686468e-01 9.99562502e-01 -4.05918330e-01 7.45856941e-01
    7.48159647e-01 2.45504186e-01 6.46881878e-01 1.17997706e+00
    1.17347762e-01 1.23554540e+00 2.44399486e-03 3.85360718e-01
    4.71049070e-01 5.42271852e-01 6.55101895e-01 1.81043863e-01
    3.48301560e-01 1.24511659e+00 -9.50753242e-02 9.03483391e-01
    5.02737820e-01 -2.54701257e-01 -2.29082122e-01 8.10948491e-01
    1.12347531e+00 3.77209723e-01 8.97900581e-01 5.66889942e-01
    2.40262628e-01 5.12270570e-01 -3.82711500e-01 5.00424981e-01
    3.07331204e-01 8.65773559e-01 -1.15059027e-02 1.72898825e-02
    -3.21225487e-02 9.95259345e-01 2.14228898e-01 8.62480640e-01
    1.18685579e+00 7.06101418e-01 -6.12474531e-02 7.79791772e-01
    9.97537196e-01 8.32949221e-01 -1.88148454e-01 2.75034964e-01
    5.23484230e-01 9.16440785e-01 9.68788922e-01 2.47897860e-03
    8.47860157e-01 8.76188278e-01 2.66111791e-01 1.10348785e+00
    8.38381648e-01 2.15804964e-01 1.21102273e+00 4.93170589e-01
    2.08626613e-01 -3.39067042e-01 1.32174659e+00 -2.14028180e-01
    2.55384803e-01 5.03127337e-01 1.68465644e-01 -2.30691925e-01
    1.08830321e+00 7.25458503e-01 6.52251422e-01 1.17592204e+00
    4.61403370e-01 -4.90534268e-02 3.71811271e-01 5.41482210e-01
    1.08127582e+00 1.16336584e+00 9.30963516e-01 3.92336726e-01
    3.61056742e-03 3.19987744e-01 5.46820343e-01 -1.15783140e-01
    6.36825085e-01 1.22778761e+00 3.96678671e-02 -1.44340560e-01
    1.19416380e+00 6.96226358e-02 1.28742087e+00 5.31093538e-01
    7.70275742e-02 5.93034923e-01 4.73103791e-01 1.72876239e-01
    -5.26990332e-02 7.92319953e-01 1.07233274e+00 9.18335438e-01
    1.21755981e+00 1.23304439e+00 -3.65052342e-01 -1.64854363e-01
    8.46512496e-01 3.15417916e-01 1.16779935e+00 3.93055886e-01
    6.27083108e-02 1.15002871e+00 1.13383400e+00 3.77340376e-01
    1.00433445e+00 3.13055933e-01 -3.09362233e-01 6.79427564e-01
    -1.85220465e-01 -8.00800771e-02 3.10391873e-01 1.07027256e+00
    1.05491304e+00 6.61431134e-01 7.98178971e-01 1.10228503e+00
    -2.30030209e-01 5.50536215e-01 1.12382531e+00 -1.26202464e-01
    4.21024978e-01 -1.97751269e-01 2.42552891e-01 2.03958094e-01
    1.05896366e+00 6.46020830e-01 8.77029717e-01 8.24916899e-01
    1.33648503e+00 -1.21693566e-01 -9.87169743e-02 8.79501879e-01
    5.27585983e-01 5.58277965e-01 8.11559975e-01 9.38709974e-01
    8.99625659e-01 3.97622764e-01 -2.94508729e-02 -1.58842914e-02
    2.76733786e-01 1.28604782e+00 7.34264433e-01 3.99374077e-03
    6.71690166e-01 -4.11628187e-02 9.47856426e-01 3.59669119e-01
    -2.53450841e-01 1.24673724e+00 1.13602829e+00 9.11866665e-01
    9.94310915e-01 1.82815090e-01 1.44036376e+00 5.18165417e-02
    6.00044787e-01 2.73701042e-01 4.89551425e-01 1.10086071e+00
    5.13042152e-01 4.41335380e-01 7.00152576e-01 -3.65562260e-01
    1.14951527e+00 5.91360748e-01 4.53805000e-01 8.79116237e-01
    -4.04275894e-01 1.20653141e+00 9.00475323e-01 5.90096712e-01
    1.01994252e+00 -2.18979254e-01 4.65231776e-01 6.38050914e-01
    6.78013086e-01 2.51028359e-01 8.32548022e-01 5.48113704e-01
    -3.89208496e-01 1.20345592e+00 9.95103300e-01 7.90079594e-01
    -3.40038091e-01 5.40729985e-02 -2.82083862e-02 8.30876648e-01
    4.41488445e-01 -3.69918227e-01 9.14276302e-01 -9.04092286e-03
    1.43308520e+00 -3.84074360e-01 3.36623162e-01 8.22991490e-01
    3.56991440e-01 3.11344653e-01 1.17279398e+00 5.01417398e-01
    1.11969352e+00 5.78847289e-01 -1.94780470e-03 7.44762301e-01
    2.71779090e-01 1.21467316e+00 -1.78188980e-01 1.01036942e+00
    5.54933369e-01 2.34995067e-01 7.27033377e-01 2.79233724e-01
    1.05115533e+00 6.11733496e-01 7.41001308e-01 5.69076121e-01
    6.17583811e-01 9.04702902e-01 8.59870076e-01 1.13295782e+00
    6.53114200e-01 7.40646362e-01 -1.58810988e-01 1.08842790e+00
    1.20571339e+00 9.38281894e-01 1.82858005e-01 8.01796973e-01
    4.15338695e-01 -2.89806481e-02 -2.36577079e-01 8.24479759e-01
    2.02247098e-01 1.22233741e-02 2.16393378e-02 1.28193319e+00
    7.42021501e-01 1.12636817e+00 -1.27349392e-01 1.40618324e-01
    1.29350469e-01 5.00269294e-01 1.12646437e+00 6.42183125e-01
    3.52245241e-01 -5.14964759e-02 1.67669922e-01 4.07809883e-01
    -1.89853281e-01 -2.14696229e-01 8.16229582e-01 5.75933874e-01
    -7.71693187e-03 -1.51470318e-01 7.65308440e-01 3.74885321e-01
    1.31142092e+00 7.34517276e-01 1.26176786e+00 -3.51418942e-01
    1.36090732e+00 -1.09269783e-01 1.05231035e+00 4.90916580e-01
    1.13826287e+00 -2.27326721e-01 2.26612855e-02 2.53732383e-01
    4.45948929e-01 4.13468480e-01 1.00735939e+00 9.24310148e-01
    6.08673468e-02 4.17886972e-01 -2.53678620e-01 1.10533452e+00
    1.12825596e+00 7.91566372e-01 1.11640823e+00 1.19411778e+00
    1.12436509e+00 6.57351315e-01 -2.68410563e-01 1.40602672e+00
    6.60524547e-01 1.20685369e-01 5.20040631e-01 8.96073759e-01
    1.33781776e-01 1.55642912e-01 -1.63659509e-02 4.69851702e-01
    9.19609725e-01 2.28262559e-01 5.48119128e-01 3.75130534e-01
    6.72168195e-01 7.71218359e-01 9.80337441e-01 4.02792782e-01
    1.01817751e+00 -3.06236416e-01 6.68685555e-01 4.53435183e-01
    8.22414696e-01 8.74442637e-01 4.65461046e-01 1.37322411e-01
    3.84160012e-01 1.09436858e+00 3.81797224e-01 4.03314143e-01
    6.06549323e-01 7.43029773e-01 4.10447091e-01 1.07928658e+00
    1.11121036e-01 4.70763475e-01 -2.48940592e-03 5.13010740e-01
    1.18545246e+00 8.47446173e-02 -2.15216149e-02 -3.61683965e-02
    -1.82786450e-01 2.56651454e-02 1.00590789e+00 6.54287696e-01
    4.24281687e-01 4.31925178e-01 1.11212730e+00 6.10958874e-01
    4.91231054e-01 -8.14742371e-02 5.50337374e-01 1.26807034e+00
    9.09281552e-01 -4.54013124e-02 -2.76459008e-01 9.29617882e-01
    6.47837043e-01 8.21442246e-01 3.92678291e-01 6.61286533e-01
    2.53384598e-02 2.67286003e-01 7.71854877e-01 -1.13201663e-01
    -2.96568692e-01 1.45992607e-01 9.45632517e-01 1.41325068e+00
    2.34585963e-02 1.00818433e-01 4.00000304e-01 8.55555892e-01
    -3.29667121e-01 9.40941691e-01 8.45885694e-01 1.02990818e+00
    1.32077500e-01 5.04345894e-01 4.25933659e-01 -2.41910920e-01
    7.27531672e-01 1.34289074e+00 1.09765136e+00 4.70623858e-02
    1.48744017e-01 6.27561867e-01 1.04229510e+00 6.95123851e-01
    1.20445049e+00 7.75290310e-01 2.18558252e-01 4.66821909e-01
    4.94568259e-01 3.74552637e-01 -2.17842042e-01 1.22111130e+00
    1.00185394e+00 9.85893726e-01 3.86110723e-01 4.39472109e-01
    7.66431212e-01 -8.08434784e-02 -5.90556599e-02 4.38061923e-01
    9.65063632e-01 6.15705907e-01 8.74839962e-01 1.16396046e+00
    5.42005897e-01 1.20497334e+00 -1.60679862e-01 9.35464263e-01
    1.24910545e+00 3.52821440e-01 4.72065538e-01 9.34944451e-01
    2.74240047e-01 -2.33199373e-01 7.13635147e-01 2.03170806e-01
    -1.59884036e-01 4.71306145e-01 6.67486906e-01 7.01821744e-01
    1.15620911e+00 1.82647675e-01 4.90084738e-01 4.50399984e-03
    2.30238035e-01 1.24843025e+00 1.04453194e+00 3.61229986e-01
    1.11151683e+00 5.64136684e-01 -2.32940242e-01 4.55030054e-01
    1.18701808e-01 -2.14083150e-01 5.92832565e-01 7.60502696e-01
    1.19196177e+00 6.64923042e-02 8.97122204e-01 5.68885386e-01
    1.13952053e+00 6.29539311e-01 1.23225605e+00 1.25017241e-01
    2.36475810e-01 8.14315379e-01 9.67908502e-01 1.18852210e+00
    6.68416560e-01 6.90299213e-01 -1.15029030e-02 7.97261596e-01
    1.01281428e+00 1.00247312e+00 5.35081446e-01 4.15016145e-01
    6.01019025e-01 1.11566842e+00 1.17380023e+00 1.82510644e-01
    3.07844698e-01 2.87266105e-01 6.69988692e-01 -3.20491493e-01
    1.55882820e-01 9.17631567e-01 3.66204679e-01 1.00778282e+00
    1.08701341e-01 1.09897065e+00 -2.75246948e-01 3.15630496e-01
    -1.14097759e-01 1.31815362e+00 1.26500654e+00 9.11473811e-01
    9.55407679e-01 3.78023833e-01 1.04664958e+00 6.00491345e-01
    3.34446073e-01 1.23097563e+00 6.16550326e-01 -2.71565348e-01
    7.57077187e-02 2.13086456e-01 5.74023843e-01 9.73185062e-01
    1.13366389e+00 4.92016047e-01 4.38800901e-01 1.15259683e+00
    6.82995915e-01 -9.10792425e-02 2.91044205e-01 8.32311809e-01
    -3.08738500e-01 2.29827330e-01 3.82244766e-01 1.87433109e-01
    -2.05656290e-01 4.53872442e-01 -3.09707165e-01 8.28224957e-01
    -3.66952270e-01 1.22845888e+00 -1.96726218e-01 3.89174342e-01
    7.08001196e-01 2.80307293e-01 1.09946823e+00 5.23236275e-01
    1.33425796e+00 1.12352824e+00 7.57037520e-01 1.33045590e+00
    -1.16762131e-01 1.05459332e+00 8.21958780e-01 1.03404808e+00
    1.05528998e+00 1.07121885e+00 -1.46828994e-01 3.05286616e-01
    -5.42704798e-02 -1.71320036e-01 -7.93594941e-02 3.69707555e-01
    4.11187947e-01 5.76828420e-01 -2.74637550e-01 7.66699731e-01
    6.76042259e-01 1.21317136e+00 5.66452205e-01 2.09378019e-01
    4.93909210e-01 7.94282854e-01 5.08754730e-01 7.49695003e-01
    4.85336632e-01 -2.24299207e-01 1.31516945e+00 6.12286747e-01
    5.01092732e-01 1.36469334e-01 1.04607940e+00 7.65102729e-02
    -4.11466718e-01 6.53291643e-01 -2.01159298e-01 6.58820271e-01
    2.87869483e-01 1.25188661e+00 -2.62834728e-01 5.19791186e-01
    6.91874206e-01 9.32333946e-01 9.36506391e-01 6.16517603e-01
    3.28000665e-01 1.22760081e+00 1.10752571e+00 -3.50995436e-02
    8.76582503e-01 -4.34984148e-01 7.52287447e-01 5.91553390e-01
    1.65522337e-01 8.10357392e-01 -2.51487374e-01 4.14279439e-02
    7.92723954e-01 2.86923349e-01 5.15079737e-01 1.07777452e+00
    1.21795392e+00 2.66317695e-01 -2.84105539e-01 1.74627200e-01
    8.88878465e-01 4.60595071e-01 9.96011436e-01 5.59300959e-01
    5.31621754e-01 3.95489186e-01 6.73420668e-01 -2.27421910e-01
    8.92452538e-01 1.22709262e+00 3.92127454e-01 7.76351213e-01
    8.19168165e-02 -1.26825124e-01 1.19053137e+00 1.07203948e+00
    -1.58368930e-01 2.57551789e-01 4.79572475e-01 1.04008234e+00
    9.48292673e-01 9.64442194e-01 -3.21260124e-01 1.37745523e+00
    -4.18192714e-01 1.19289315e+00 -8.13437104e-02 -1.77702293e-01
    1.03590977e+00 1.44500911e-01 9.40742254e-01 4.01103497e-01
    1.02238882e+00 7.69841313e-01 4.67385799e-01 1.80082828e-01
    8.15620184e-01 1.04143238e+00 3.47483546e-01 -2.44869187e-01
    4.33831632e-01 1.09190933e-01 2.78857291e-01 8.10733140e-02
    1.52144700e-01 9.17094350e-01 4.64274049e-01 7.20138922e-02
    5.78677058e-01 1.28731298e+00 -2.99237698e-01 8.46393526e-01
    5.38585842e-01 -1.09853879e-01 1.25719637e-01 1.00616944e+00
    -2.18683869e-01 -1.22285895e-01 -1.05925873e-01 1.24875498e+00
    6.16405606e-01 -5.55467196e-02 4.15373445e-01 -1.74482971e-01
    -1.47782108e-02 6.95795059e-01 3.55495930e-01 4.76088136e-01
    6.24620378e-01 3.53047431e-01 3.06362566e-02 5.42343497e-01
    2.65328884e-01 -3.26222986e-01 1.46871316e+00 6.48299336e-01
    7.93704808e-01 1.08048475e+00 4.95838434e-01 3.63581777e-01
    7.01292872e-01 5.96974969e-01 1.03344631e+00 1.18474686e+00
    1.40471563e-01 8.31675828e-01 -2.82639652e-01 1.15411770e+00
    9.82056856e-01 1.03973901e+00 2.05003262e-01 -2.29449108e-01
    8.40554476e-01 4.24945682e-01 4.74427164e-01 -1.03740096e-01
    -2.81952918e-01 1.27189732e+00 9.60098624e-01 4.57174778e-01
    8.39808285e-01 8.62643272e-02 1.15306509e+00 5.87338567e-01
    2.36602306e-01 3.45466547e-02 9.04474795e-01 2.21827373e-01
    5.53661823e-01 -5.77758737e-02 1.29272294e+00 7.98371732e-01
    1.08816409e+00 -3.90033215e-01 9.51076269e-01 2.09818199e-01
    7.28689611e-01 -1.97966263e-01 1.11081970e+00 7.25435734e-01
    8.44051391e-02 -3.79712111e-03 9.03268635e-01 3.52882683e-01
    1.04571927e+00 4.67236638e-01 6.83462501e-01 5.74204326e-01
    -9.47883055e-02 7.29660332e-01 3.73482287e-01 1.50333270e-02
    1.56135097e-01 3.37696016e-01 1.31855893e+00 -6.60300031e-02
    8.48450482e-01 -1.55697882e-01 7.06112504e-01 7.63995349e-01
    5.73819637e-01 1.23249531e-01 1.25368619e+00 -2.33168751e-02
    2.73396373e-01 1.10296178e+00 2.75255293e-01 -6.15784824e-02
    9.19554055e-01 -2.40695089e-01 -6.48336411e-02 7.67762065e-02
    1.18357264e-01 3.08530003e-01 9.66604531e-01 1.47639358e+00
    -8.33183452e-02 1.11805774e-01 1.29247975e+00 2.89301515e-01
    1.02023530e+00 6.92653537e-01 1.14598703e+00 9.36784148e-02
    9.57833767e-01 -3.41522187e-01 1.22999132e+00 -4.99976367e-01
    1.12214208e+00 4.32708561e-01 1.07259595e+00 1.07273018e+00
    8.44367981e-01 4.67292845e-01 3.37240368e-01 4.56361681e-01
    1.42302728e+00 3.32130939e-01 7.31837749e-01 1.25583458e+00
    1.12653685e+00 1.03403008e+00 6.77129686e-01 -2.48467535e-01
    2.97019184e-01 2.68424273e-01 5.05578518e-01 2.11051509e-01
    -2.40487680e-01 -4.00825739e-01 1.23185384e+00 3.70749265e-01
    1.06055355e+00 1.32554611e-02 7.83768237e-01 1.20771194e+00
    2.10943580e-01 9.66536999e-01 6.19756997e-01 -7.92779773e-02
    -1.56932905e-01 1.30377799e-01 1.27526808e+00 1.17288065e+00
    1.09220564e+00 -3.19180936e-01 3.80106032e-01 4.66796905e-01
    -2.74148416e-02 4.12677169e-01 3.87369424e-01 -2.78672159e-01
    1.45376456e+00 9.20987800e-02 1.32782626e+00 1.51206464e-01
    -3.82033199e-01 1.14442611e+00 1.01353276e+00 8.50161850e-01
    2.42969662e-01 3.21514517e-01 -1.30289689e-01 3.92369270e-01
    1.38545775e+00 -3.05321306e-01 7.59821296e-01 8.70494366e-01
    4.23801631e-01 1.05236113e-01 1.10470045e+00 3.20166260e-01
    4.85448599e-01 9.21268284e-01 -9.04630050e-02 9.53796685e-01
    -2.21355587e-01 -6.53775781e-02 9.35639143e-01 8.40120792e-01
    6.14098907e-02 1.42046106e+00 3.80171761e-02 4.06442463e-01
    6.03577346e-02 -7.95998350e-02 2.15505958e-01 7.97606111e-01
    1.71839073e-02 -3.96596342e-02 7.29386628e-01 -1.23073064e-01
    -7.70264342e-02 6.94338202e-01 9.30170178e-01 1.27731395e+00
    6.63172305e-01 2.69731283e-01 6.76399410e-01 7.26137877e-01
    -2.11302072e-01 6.45805776e-01 6.16094410e-01 2.40766518e-02
    1.38494167e-02 4.63481247e-02 1.26739383e+00 -3.78576726e-01
    3.80060166e-01 1.29708254e+00 6.17357016e-01 -3.11170638e-01
    -6.53247908e-02 3.87758948e-02 3.15432459e-01 8.27192247e-01
    6.68005960e-04 4.47358072e-01 -2.13937655e-01 4.04147059e-01
    9.71287727e-01 -3.05255413e-01 1.03077435e+00 1.23014212e+00
    -3.06804955e-01 1.24306023e+00 3.75705302e-01 6.13015369e-02
    -1.09962776e-01 5.21832585e-01 1.01471055e+00 1.09784806e+00
    1.24585760e+00 9.83127728e-02 4.71933447e-02 5.61595261e-01
    1.19319451e+00 1.05713665e+00 -2.83015445e-02 1.40475023e+00
    3.76980484e-01 6.53397679e-01 3.91036183e-01 6.98744833e-01
    3.49232549e-04 5.86638272e-01 8.63687634e-01 -2.01076061e-01
    -5.26777431e-02 1.35233259e+00 1.11496019e+00 1.68154150e-01
    7.44306266e-01 6.90743983e-01 1.28059101e+00 4.29198861e-01
    1.06159675e+00 1.24603152e+00 3.13233584e-01 6.06599212e-01
    7.86666691e-01 3.65338922e-01 1.48986027e-01 6.40571415e-01
    1.24684703e+00 -2.97141701e-01 5.31196535e-01 5.73695004e-01
    9.49589252e-01 7.34699070e-01 3.78375769e-01 -1.19778574e-01
    8.98410141e-01 7.97204494e-01 3.34890813e-01 2.33059973e-01
    -1.05576282e-02 1.14272082e+00 6.53618634e-01 1.08240461e+00
    -7.93442130e-02 1.24167979e+00 -2.88169920e-01 3.59609425e-01
    9.85397995e-01 1.00049436e+00 1.33885846e-01 1.17688859e+00
    1.11325097e+00 5.28807223e-01 1.06301832e+00 -3.16595435e-02
    9.68117237e-01 1.12184668e+00 -2.11884812e-01 -2.28545278e-01
    -6.58880845e-02 2.98234588e-03 3.55001956e-01 1.12780547e+00
    8.48841429e-01 3.71632457e-01 7.60795176e-01 5.50967276e-01
    6.27852499e-01 8.94558907e-01 4.81528997e-01 -1.96122572e-01
    8.37202430e-01 9.76328135e-01 -1.06991254e-01 -9.41547379e-02
    -1.68738574e-01 3.85529250e-01 -4.70440835e-01 1.23948526e+00
    6.90397859e-01 1.18300867e+00 6.30420595e-02 3.10477018e-01
    3.45498413e-01 1.10486448e+00 9.62705970e-01 1.18082929e+00
    3.93989146e-01 4.93344575e-01 -1.05794840e-01 1.36051667e+00
    -4.45277020e-02 4.48493391e-01 -3.26596141e-01 2.33563691e-01
    1.31139326e+00 3.68889481e-01 7.88343102e-02 1.14535069e+00
    3.41132998e-01 7.59723306e-01 1.15605128e+00 3.92485797e-01
    1.34129608e+00 1.40221655e-01 -2.23554060e-01 9.29485559e-01
    -2.07405791e-01 8.35572720e-01 3.46291751e-01 2.67017096e-01
    8.79616216e-02 1.87409729e-01 5.21150947e-01 2.44499373e+00
    5.48114419e-01 -1.40828162e-03 2.00550243e-01 4.98820066e-01
    1.26689076e+00 -8.61178339e-02 -1.24499708e-01 1.30181837e+00
    -5.37293255e-02 2.35197663e-01 6.46619081e-01 1.09974170e+00
    -3.31315458e-01 2.80229241e-01 1.19849645e-01 1.86523169e-01
    1.22694039e+00 5.63510418e-01 3.92389148e-02 5.22255957e-01
    3.10624987e-01 -5.37140779e-02 1.17607832e+00 -3.96191210e-01
    5.62654972e-01 6.74996316e-01 -2.07103744e-01 6.01098120e-01
    3.05804461e-01 8.47328305e-01 1.05297434e+00 6.06287897e-01
    1.16026521e+00 9.80395377e-01 3.45395952e-01 2.26585165e-01
    -6.56976476e-02 -2.22467825e-01 8.13949883e-01 4.83385175e-01
    8.10025811e-01 -4.67431396e-01 1.09396362e+00 1.04774892e+00
    4.39735800e-01 1.11870182e+00 8.34827542e-01 8.12760949e-01
    3.09444666e-01 5.58189094e-01 9.06849265e-01 5.24158478e-01
    1.91656768e-01 9.57430825e-02 -1.85747445e-01 6.36669815e-01
    -1.77687511e-01 1.12428784e+00 -2.76997834e-01 -3.97065096e-03
    1.04155183e+00 1.31642878e+00 -1.75899416e-01 2.97364652e-01
    9.67896342e-01 1.12285900e+00 -1.38532937e-01 3.58073622e-01
    8.89099061e-01 1.49453152e-02 1.66398183e-01 1.27801943e+00
    -5.06914675e-01 1.37515318e+00 -2.78160691e-01 1.37695622e+00
    3.79170597e-01 6.51131213e-01 1.27325252e-01 -8.84199888e-02
    1.25892127e+00 6.20083511e-01 5.29185236e-01 8.80498528e-01
    1.09226859e+00 5.64539075e-01 4.90255892e-01 1.35848463e-01
    5.12648046e-01 1.31750569e-01 1.36691439e+00 8.56234312e-01
    1.25643468e+00 -2.27805495e-01 1.30139422e+00 1.31565914e-01
    7.59089828e-01 1.06618628e-01 1.20340800e+00 -4.29516345e-01
    9.99758959e-01 6.08697414e-01 1.00981832e+00 7.00916111e-01
    1.13730156e+00 9.38269258e-01 6.68531299e-01 7.09003568e-01
    2.44536579e-01 8.86803091e-01 1.08145952e-01 6.66844130e-01
    1.14588571e+00 1.02678254e-01 4.00201410e-01 7.67455935e-01
    6.14675701e-01 1.16554534e+00 8.71333122e-01 7.26221561e-01
    -3.34350392e-02 -6.58362433e-02 1.48310947e+00 -3.61896574e-01
    1.02050257e+00 1.18923652e+00 -1.65628210e-01 9.53573823e-01
    6.01561368e-01 5.87772131e-01 -3.70391339e-01 1.29149580e+00
    3.47278088e-01 9.06477332e-01 9.27952290e-01 4.57466505e-02
    -2.51458555e-01 1.28897476e+00 6.44480467e-01 4.60711628e-01
    4.25802529e-01 4.14740205e-01 1.27701318e+00 -1.26666993e-01
    1.12933624e+00 -2.72260576e-01 4.86031808e-02 2.58751124e-01
    1.38094747e+00 -4.03667152e-01 6.62532628e-01 -2.07315817e-01
    3.88466686e-01 3.95800114e-01 3.19233954e-01 1.56305134e-01
    1.36749721e+00 3.21069419e-01 5.62892616e-01 -4.51986790e-01
    9.45897996e-01 1.18749833e+00 -1.89087182e-01 5.31614013e-02
    2.07108200e-01 3.18468660e-01 8.34736884e-01 1.13055277e+00
    1.17711699e+00 -1.86441571e-01 1.18425071e+00 7.95727015e-01
    7.26062715e-01 1.31371701e+00 -2.11276188e-01 -1.61091089e-02
    3.11581016e-01 1.08704843e-01 8.14512074e-01 1.02600157e+00
    1.97003782e-01 -2.30244592e-01 2.10753784e-01 -3.48322928e-01
    1.11646974e+00 5.33830285e-01 7.69004971e-02 1.10181129e+00
    -1.76374108e-01 -3.38726401e-01 6.86746478e-01 9.22192752e-01
    -2.74034917e-01 5.02655685e-01 2.87819296e-01 -9.55449492e-02
    -4.00545955e-01 1.19721842e+00 1.01633918e+00 1.39890611e+00
    -1.46451518e-01 6.44659281e-01 8.08848560e-01 1.00162196e+00
    7.70643950e-01 6.71916723e-01 1.15760136e+00 -4.35896069e-01
    9.35810626e-01 9.81907070e-01 -5.17276078e-02 2.28491187e-01
    -6.17537796e-02 4.69937295e-01 2.53060907e-01 3.86340380e-01
    1.07034922e+00 1.07634819e+00 1.19867468e+00 2.37303898e-01
    3.96887928e-01 9.05940682e-02 1.26650050e-01 7.26621866e-01
    -2.47266829e-01 3.25620681e-01 -2.46671468e-01 1.00629091e+00
    1.69476390e-01 3.68143290e-01 1.43401074e+00 -3.01264584e-01
    2.37001460e-02 3.13602209e-01 8.71214211e-01 1.22243237e+00
    8.85473415e-02 -4.11388695e-01 1.25300109e+00 5.93408287e-01
    1.55300722e-01 1.05329144e+00 4.57070172e-01 2.30694965e-01
    5.42204976e-01 9.10268605e-01 5.79317272e-01 8.66522253e-01
    5.75554490e-01 -2.18536586e-01 2.43433461e-01 6.43071651e-01
    5.99681139e-01 9.68876302e-01 1.02233279e+00 6.39454484e-01
    1.01324105e+00 -2.21127532e-02 1.07515430e+00 3.33157033e-01
    2.37195730e-01 1.31359029e+00 9.75930810e-01 3.60251181e-02
    3.70727718e-01 -1.34723440e-01 7.23768592e-01 -3.01679105e-01
    4.37989205e-01 3.56367268e-02 1.20727551e+00 -8.12105462e-02
    8.20280552e-01 1.33154678e+00 1.16684988e-01 1.27763188e+00
    1.22284710e+00 1.17016470e+00 5.81079125e-01 1.25211549e+00
    5.02638042e-01 2.60734946e-01 3.19585294e-01 5.60396433e-01
    -1.13370493e-01 3.21270883e-01 9.52944338e-01 3.53553623e-01
    6.78229272e-01 6.58360660e-01 3.29436779e-01 1.33405626e+00
    9.19664800e-01 6.49078012e-01 5.00951290e-01 1.11173165e+00
    1.08349669e+00 1.10180819e+00 -4.44546252e-01 -9.72914398e-02
    5.96742511e-01 1.13988292e+00 -4.10038590e-01 6.23124838e-01
    7.21831501e-01 4.61720407e-01 2.82960564e-01 7.79816091e-01
    5.26735783e-01 1.02402234e+00 1.02585530e+00 4.90341187e-01
    8.36065292e-01 1.24860668e+00 6.99564278e-01 7.54889488e-01
    5.39339483e-01 2.44825572e-01 -7.56073594e-02 9.05577362e-01
    -2.43228346e-01 1.07270181e+00 1.24760091e+00 3.42051163e-02
    4.59684789e-01 7.02615142e-01 5.32981753e-01 5.95552206e-01
    1.09069026e+00 7.20785141e-01 7.78124034e-01 -4.71517676e-03
    1.12741947e+00 1.00040942e-01 2.29840189e-01 2.92914391e-01
    8.11798096e-01 -3.73886228e-01 1.09087670e+00 9.07541931e-01
    4.41022485e-01 1.17326415e+00 9.23143983e-01 1.25436080e+00
    2.54884362e-01 1.24843776e-01 -2.99516052e-01 1.29606974e+00
    2.02140495e-01 5.08557379e-01 3.59320492e-01 6.15579844e-01
    -1.06022030e-01 -6.54135495e-02 1.12458384e+00 1.25320959e+00
    5.15612066e-01 -2.97723353e-01 3.88326526e-01 6.16069853e-01
    1.15946639e+00 -5.05685247e-02 -2.35575378e-01 7.65009105e-01
    -1.03340827e-01 7.71952629e-01 5.48292473e-02 5.07413030e-01
    5.21199107e-01 4.65394109e-01 8.30617964e-01 1.36251700e+00
    -2.12366655e-01 4.61404204e-01 6.64163828e-01 5.71638644e-02
    9.65635002e-01 7.31840730e-01 1.63538173e-01 5.33703804e-01
    4.21909451e-01 7.31005907e-01 6.04698122e-01 9.70716238e-01
    -1.24120839e-01 5.77875637e-02 7.10541308e-01 1.14331111e-01
    7.83078074e-01 3.66300017e-01 3.89287770e-01 5.40457010e-01
    -5.64729273e-02 9.02414262e-01 9.96510625e-01 1.91168591e-01
    -1.11013122e-01 3.36001605e-01 -2.27334127e-01 1.24092567e+00
    -8.06985050e-02 6.62622750e-01 -2.72728622e-01 1.22500682e+00
    8.74673963e-01 8.08590233e-01 9.30995464e-01 1.07715523e+00
    -1.89834937e-01 3.85044307e-01 1.92602247e-01 5.91590345e-01
    -2.90435731e-01 6.49996400e-01 8.21333945e-01 9.07916784e-01
    1.23098290e+00 2.62081027e-01 1.11340153e+00 1.08650625e+00
    6.64651692e-02 2.49191672e-01 2.42256001e-01 1.33440271e-01
    1.05777609e+00 2.64691442e-01 2.48589203e-01 8.01731408e-01
    5.10083556e-01 3.20578329e-02 6.80627704e-01 -2.62831360e-01
    8.33551466e-01 2.43027359e-01 -1.49521396e-01 1.01867652e+00
    4.13523972e-01 6.79836094e-01 1.93810001e-01 1.39278483e+00
    5.36021888e-01 7.37034678e-01 -4.11654115e-02 5.43966115e-01
    1.12221241e-01 9.21832919e-01 3.47691551e-02 8.31875205e-01
    6.78922608e-02 7.68704772e-01 7.79051185e-01 7.60500789e-01
    1.17929816e+00 6.38210952e-01 5.85908949e-01 1.02063589e-01
    1.38229048e+00 4.19207066e-01 1.12681782e+00 8.98382366e-01
    -2.95370102e-01 5.10521710e-01 -1.79181218e-01 1.07930899e+00
    -2.68236786e-01 3.46875578e-01 5.33350587e-01 2.97214478e-01
    1.23961282e+00 -3.04500192e-01 -5.10441652e-03 1.28300220e-01
    -5.82691468e-02 1.19942829e-01 6.99441791e-01 6.60346076e-02
    3.44175816e-01 1.19602442e+00 1.96225390e-01 -2.94929236e-01
    9.55870628e-01 -4.81153503e-02 2.14566831e-02 -3.12454730e-01
    1.27664566e+00 6.36203766e-01 2.13239953e-01 2.70623952e-01
    1.43238103e+00 5.11733703e-02 3.60035002e-01 1.18718874e+00
    4.30500656e-01 1.31860888e+00 7.09607780e-01 8.53732377e-02
    7.66338348e-01 5.13585269e-01 1.09282124e+00 -2.31637001e-01
    7.92944014e-01 9.60506678e-01 -9.59064588e-02 8.58790696e-01
    8.99404407e-01 6.71941757e-01 4.99906898e-01 2.54617423e-01
    3.89075637e-01 4.47741538e-01 -7.79845864e-02 1.77578950e+00
    2.43895158e-01 5.64322054e-01 9.67824101e-01 9.58847940e-01
    4.74242061e-01 8.84022489e-02 8.17302823e-01 7.75480151e-01
    6.96796179e-01 7.92812467e-01 1.21853137e+00 1.32628441e+00
    1.03990567e+00 2.10765600e-01 1.31095052e+00 1.62256937e-02
    1.11852789e+00 -2.94444650e-01 3.82991642e-01 -2.20926195e-01
    1.64130434e-01 9.17810440e-01 2.96733946e-01 6.30439937e-01
    -7.15922713e-02 6.84319437e-01 6.14898443e-01 1.29718840e-01
    8.70665193e-01 2.92825609e-01 1.01729405e+00 8.49522829e-01
    1.21274817e+00 -3.27379525e-01 1.41826808e+00 -2.05223978e-01
    3.48261923e-01 7.59831429e-01 4.93494242e-01 5.71551383e-01
    -3.55350710e-02 8.17535639e-01 1.16436684e+00 1.24947262e+00
    -3.60858440e-01 -3.01266372e-01 1.21549881e+00 1.08747554e+00
    1.21206760e+00 6.06015801e-01 2.25707486e-01 -2.59483308e-01
    -1.77663133e-01 1.05415988e+00 -9.01055261e-02 1.11474204e+00
    -4.94618481e-03 1.38598740e-01 1.19572067e+00 -4.89704430e-01
    8.10931146e-01 2.90998310e-01 -3.18179548e-01 1.04916239e+00
    8.80398333e-01 -3.28307569e-01 1.67370737e-01 2.14786202e-01
    1.28927505e+00 6.65446743e-02 9.50922251e-01 1.88423067e-01
    1.24468029e+00 7.20841110e-01 6.67490810e-02 -1.73816338e-01
    1.07264209e+00 7.26943731e-01 -2.84370016e-02 2.07139134e-01
    3.01929086e-01 1.35998082e+00 6.57276571e-01 7.22372234e-01
    1.06728733e+00 4.90312606e-01 6.90418184e-01 8.50482106e-01
    1.06644726e+00 1.94376767e-01 2.42670164e-01 1.10242140e+00
    5.24831057e-01 1.07178539e-01 -1.45923533e-02 7.00066507e-01
    6.71802700e-01 1.99553996e-01 -1.67766288e-01 2.21877620e-01
    1.27453065e+00 4.85581149e-05 1.10934094e-01 6.01959862e-02
    -1.20353699e-01 3.19016069e-01 6.12714350e-01 -2.74451599e-02
    2.51006156e-01 2.38358051e-01 1.23380506e+00 2.55786180e-01
    1.03315711e-01 1.15696192e+00 -3.36453110e-01 -1.62901849e-01
    -1.60286829e-01 8.90476704e-01 1.05963409e+00 4.24982607e-01
    7.41565108e-01 -3.62858742e-01 1.21998799e+00 6.56998679e-02
    2.91521788e-01 6.09833539e-01 -3.91143531e-01 5.36816001e-01
    -4.44379896e-02 -2.28387043e-01 1.28058720e+00 1.22890270e+00
    4.04790848e-01 3.88461282e-03 9.70300555e-01 4.53730434e-01
    6.70755744e-01 -2.46394068e-01 -5.73895238e-02 -2.12503508e-01
    8.26453388e-01 1.17017901e+00 2.52812415e-01 -5.60290925e-03
    5.63635230e-01 8.30134451e-01 1.13714683e+00 1.22032797e+00
    -3.29497665e-01 3.37307900e-01 5.41674078e-01 -2.87150681e-01
    2.19094679e-01 -5.79101183e-02 1.37400615e+00 6.87326372e-01
    -4.97474223e-02 1.16250062e+00 1.02660227e+00 -5.25183491e-02
    6.67876482e-01 -2.15520322e-01 1.13203669e+00 7.16131032e-01
    1.15033257e+00 8.93393695e-01 6.34789884e-01 8.10400844e-01
    1.12324357e+00 -1.99897408e-01 1.16586220e+00 3.99278283e-01
    1.38026810e+00 -1.53510019e-01 -2.91590571e-01 1.01789546e+00
    6.24234200e-01 2.21510574e-01 1.18094218e+00 -7.37575889e-02
    1.22864626e-01 8.56184840e-01 1.29013741e+00 2.39608005e-01
    -1.35606050e-01 -2.48785496e-01 7.97506928e-01 -3.12805116e-01
    1.44892371e+00 9.57632244e-01 1.04653049e+00 1.04845202e+00
    1.12582612e+00 8.69658828e-01 -5.52837998e-02 4.95042413e-01
    2.88637280e-01 3.73451859e-01 1.00849919e-01 2.13523388e-01
    -1.68401510e-01 2.62649834e-01 1.36976801e-02 4.27491099e-01
    -1.68665722e-01 3.52048814e-01 -8.18086267e-02 1.38116717e+00
    7.37529919e-02 5.40673316e-01 9.60739076e-01 -2.80106276e-01
    6.65873587e-01 1.34132278e+00 2.83878386e-01 7.23895788e-01
    -5.49227670e-02 1.13778901e+00 7.65581787e-01 -1.74523555e-02
    1.42200649e-01 3.18131417e-01 8.89038682e-01 5.64960539e-01
    9.68776584e-01 3.81618381e-01 6.44956172e-01 1.12660968e+00
    -1.68462694e-01 9.19509172e-01 2.77279615e-01 -8.47645011e-03
    6.90755963e-01 9.58565116e-01 -2.27145433e-01 7.62090743e-01
    9.00940120e-01 7.16952682e-02 9.89484072e-01 9.68130767e-01
    7.66651571e-01 -1.18780909e-02 5.14873445e-01 8.98946822e-01
    8.74792099e-01 -8.49792510e-02 8.37558955e-02 2.15297654e-01
    7.69222021e-01 1.34556979e-01 -1.46341234e-01 6.50561869e-01
    6.01935565e-01 1.18829346e+00 1.06764221e+00 1.50867119e-01
    2.77417064e-01 7.11847246e-01 -2.55110294e-01 9.68983531e-01
    -2.64391094e-01 -1.86546277e-02 -1.25247473e-02 2.75243014e-01
    6.64414823e-01 3.39952499e-01 3.07703037e-02 -2.75545895e-01
    3.39608610e-01 1.31246436e+00 1.14864379e-01 6.74013972e-01
    1.47850350e-01 -1.29488721e-01 1.25057793e+00 8.07702780e-01
    9.26413894e-01 4.09613937e-01 5.33141732e-01 9.55458105e-01
    5.55056930e-01 -1.46783531e-01 8.02865565e-01 -1.01313934e-01
    -8.76819640e-02 1.12783992e+00 6.09151483e-01 7.78750718e-01
    -3.78722578e-01 -8.88180826e-03 -6.62741065e-02 6.28971756e-02
    3.51475835e-01 8.52279305e-01 -3.40184033e-01 4.21864688e-01
    3.05861533e-01 -8.68233144e-02 -2.04622656e-01 9.72179234e-01
    8.28036249e-01 7.94112623e-01 -1.26079217e-01 -1.06326910e-02
    -3.83744359e-01 7.84417927e-01 -1.85125306e-01 1.07998979e+00
    -1.23237535e-01 7.13537037e-02 1.27153412e-01 2.09630758e-01
    6.26788855e-01 3.66844058e-01 8.58413756e-01 1.25953889e+00
    -3.44045311e-01 1.15636599e+00 9.53969955e-01 -2.22279623e-01
    1.27212381e+00 1.28975356e+00 5.33574224e-01 1.16511154e+00
    1.20567930e+00 2.43800312e-01 6.77953720e-01 1.01576424e+00
    -4.48487163e-01 1.10616398e+00 5.68602264e-01 1.80943847e-01
    1.37212753e+00 -4.33624834e-01 1.45549572e+00 -2.87419558e-01
    8.52308869e-01 6.70371205e-02 -3.10274493e-03 5.65293252e-01
    3.20625007e-01 1.21059820e-01 8.40309381e-01 1.05870748e+00
    4.33953047e-01 6.00761414e-01 -2.23374054e-01 -2.74584889e-01
    1.03700578e+00 3.59824419e-01 8.21953416e-01 6.26137197e-01
    1.27046132e+00 1.31637007e-01 1.36619163e+00 5.62254965e-01
    -4.01901335e-01 1.06762624e+00 7.57376015e-01 1.27228111e-01
    3.52835834e-01 4.49427336e-01 -1.26722425e-01 2.80171297e-02
    -7.86012188e-02 4.15673167e-01 6.71489656e-01 1.08749831e+00
    1.71709493e-01 1.14195251e+00 1.08137012e+00 2.42531046e-01
    1.30832362e+00 -2.95471311e-01 8.73480916e-01 3.57326567e-02
    9.54839647e-01 1.20402741e+00 6.55968711e-02 8.23195815e-01
    7.29219496e-01 3.79759911e-03 1.42336524e+00 4.44698989e-01
    -7.34431148e-02 2.67804742e-01 1.09574056e+00 4.85319465e-01
    1.21545285e-01 2.39541903e-01 2.27065787e-01 5.70936024e-01
    -2.65308559e-01 1.24243248e+00 1.33620191e+00 5.54681003e-01
    6.46552145e-01 7.20746636e-01 -1.09976858e-01 6.07220650e-01
    -7.81822503e-02 2.07125217e-01 -2.42034152e-01 4.97692585e-01
    5.86128294e-01 1.03635928e-02 1.22966158e+00 6.12706125e-01
    5.33439219e-01 -9.69661847e-02 3.12443346e-01 -1.10052288e-01
    3.95714730e-01 1.18421388e+00 8.65731239e-01 9.63446349e-02
    5.12042582e-01 1.18460894e+00 4.45766747e-01 5.63344121e-01
    5.98919809e-01 7.10327744e-01 3.59745502e-01 4.97897685e-01
    1.09920824e+00 2.10731983e-01 5.78518391e-01 7.66713440e-01
    -2.73817271e-01 1.32618511e+00 1.08806658e+00 -2.93752134e-01
    -7.92350918e-02 4.09512818e-01 4.06715184e-01 4.82060313e-01
    9.64823425e-01 1.12640843e-01 9.50113952e-01 3.16153020e-01
    1.10012271e-01 7.19988406e-01 4.67015058e-01 7.25876153e-01
    -2.83481359e-01 4.12904263e-01 2.95283087e-02 1.00303090e+00
    5.49910963e-01 1.18350005e+00 -2.83834666e-01 7.18304574e-01
    9.37517762e-01 -1.37438595e-01 4.49624926e-01 7.51261473e-01
    1.17262161e+00 8.72623563e-01 2.57534564e-01 1.60389452e-03
    9.73125279e-01 -1.70000061e-01 8.54220271e-01 2.03965366e-01
    -3.41080189e-01 1.07088423e+00 1.08921871e-01 1.45061225e-01
    9.31359172e-01 -4.02602851e-01 -9.75478292e-02 8.33827257e-01
    1.27605832e+00 -4.34868842e-01 8.62729847e-01 1.10699332e+00
    1.36696026e-01 1.26635835e-01 7.78621078e-01 1.80578008e-01
    8.03010404e-01 7.43404567e-01 -1.45455971e-01 6.11108959e-01
    1.24139905e+00 1.06787777e+00 -2.53453493e-01 5.93720436e-01
    8.90220523e-01 9.37362731e-01 3.52821052e-01 1.12634051e+00
    7.13031709e-01 1.09602988e+00 6.65714800e-01 8.75249028e-01
    -1.12517528e-01 4.92642224e-01 4.12515879e-01 1.22989321e+00
    -2.46858429e-02 1.15478897e+00 1.05005312e+00 -1.58153057e-01
    1.07190382e+00 1.06949008e+00 1.28208244e+00 -1.72793746e-01
    8.79318655e-01 2.38457665e-01 -7.49904811e-02 2.75380516e+00
    2.16592520e-01 2.34759033e-01 6.77518487e-01 8.73443246e-01
    5.79806149e-01 3.82447213e-01 9.54369545e-01 1.22724377e-01
    6.60963356e-01 1.94344267e-01 8.81373823e-01 1.79370925e-01
    1.32237303e+00 3.14855039e-01 8.14774990e-01 1.95024908e-01
    -7.53559098e-02 7.84977198e-01 8.68473470e-01 3.17368507e-01
    6.04388952e-01 3.38868797e-01 1.07181370e+00 1.01632285e+00
    5.75527906e-01 9.57956731e-01 -8.20528250e-04 -1.87818855e-01
    1.30178392e+00 5.43388486e-01 3.25717926e-01 8.76563013e-01
    5.61198890e-01 1.16366303e+00 -2.99954712e-01 3.86283636e-01
    1.26222706e+00 8.23040724e-01 1.07785118e+00 1.08946347e+00
    2.67289281e-01 3.78212988e-01 5.06649017e-01 4.15307343e-01
    7.64474392e-01 -2.75487900e-01 1.39982057e+00 -3.98987830e-01
    1.00474262e+00 1.28692639e+00 4.91344333e-01 5.69188178e-01
    1.85231924e-01 -4.83304709e-02 5.41333377e-01 3.19755897e-02
    1.07702768e+00 5.86519659e-01 2.00705424e-01 1.09650457e+00
    -1.70642078e-01 1.65348545e-01 1.27781558e+00 -7.23798424e-02
    1.82552755e-01 5.48732758e-01 5.33080339e-01 4.58489537e-01
    -2.24100292e-01 5.26532590e-01 7.46117532e-01 1.12916255e+00
    1.28035891e+00 8.35677803e-01 8.48619103e-01 1.90790132e-01
    2.75251985e-01 5.47554046e-02 1.25736094e+00 7.29113638e-01
    4.91910130e-02 -2.15551913e-01 1.24940193e+00 7.61587679e-01
    1.06396091e+00 1.39423996e-01 1.00585055e+00 2.09126174e-02
    2.31417388e-01 -1.82073191e-01 9.65029418e-01 1.52162582e-01
    -9.67564876e-04 2.87483960e-01 1.44256234e-01 1.91918924e-01
    2.22067967e-01 7.66614616e-01 6.05986357e-01 1.03540234e-01
    8.29129696e-01 5.29475629e-01 -2.29493435e-02 5.99594414e-01
    6.41903639e-01 4.42506164e-01 1.29079044e+00 8.92474055e-01
    3.50710928e-01 -1.76335379e-01 9.52285886e-01 7.68170357e-01
    -3.16976815e-01 3.96423489e-01 5.26985586e-01 1.26633203e+00
    6.08310103e-01 1.22796431e-01 -2.21028000e-01 6.41102672e-01
    -8.97216573e-02 3.62192184e-01 7.83443332e-01 -1.94117948e-01
    5.59015214e-01 -1.69787541e-01 7.35141575e-01 3.99103761e-01
    5.21579504e-01 3.27561438e-01 6.70924112e-02 -1.00811332e-01
    6.23224489e-02 8.33913386e-01 1.67214915e-01 9.65928316e-01
    6.51240349e-01 4.33130115e-01 5.53878486e-01 -2.90355742e-01
    4.61296856e-01 5.54767907e-01 6.60415888e-01 1.35282442e-01
    1.22614062e+00 5.73509112e-02 4.71670568e-01 8.19537640e-01
    6.16734505e-01 2.56678373e-01 1.07337677e+00 7.76806653e-01
    7.12664843e-01 5.03069401e-01 -1.57110810e-01 5.03558628e-02
    1.34407608e-02 -9.25445482e-02 -7.76481852e-02 -1.12972669e-01
    7.89123714e-01 -1.17551893e-01 -4.73850378e-04 1.36436141e+00
    -1.55689597e-01 4.60330933e-01 4.17143911e-01 4.57493544e-01
    -1.16912171e-01 1.25347805e+00 1.13257313e+00 8.58748853e-01
    1.18357494e-01 8.63656282e-01 9.46541607e-01 7.92502046e-01
    1.09768915e+00 6.76400721e-01 6.92396462e-01 1.23048723e+00
    -2.86446869e-01 6.32132173e-01 3.23830217e-01 3.16781431e-01
    2.89623082e-01 9.57635760e-01 1.24685109e+00 2.00264394e-01
    2.71441460e-01 -1.65270269e-01 5.52698731e-01 -3.33940804e-01
    2.36427978e-01 -1.55080169e-01 6.98703647e-01 1.06180501e+00
    -1.24662325e-01 4.41399634e-01 1.07573366e+00 3.27315927e-01
    1.10929608e+00 -3.53906393e-01 5.83303511e-01 1.83357283e-01
    7.27033854e-01 7.44413584e-02 8.47494602e-01 -4.57134433e-02
    1.12529767e+00 5.97851276e-01 -7.24702477e-02 9.46827829e-01
    9.20931101e-01 1.18248832e+00 8.86915684e-01 4.28263307e-01
    9.68469679e-01 1.08591902e+00 -1.21090919e-01 8.93573999e-01
    9.41804051e-01 1.19932485e+00 9.18190300e-01 8.44756067e-02
    -1.04297794e-01 6.06634438e-01 9.70448367e-03 3.48349392e-01
    8.41550589e-01 4.06682670e-01 9.08941329e-01 1.27066135e+00
    1.92734897e-01 3.15647215e-01 2.17406631e-01 -1.38448969e-01
    -2.87791073e-01 4.69544709e-01 -2.40299493e-01 -1.33385479e-01
    9.57225561e-01 -2.41179362e-01 -7.83014074e-02 3.60461265e-01
    2.76500490e-02 2.97485054e-01 9.27442491e-01 8.19223166e-01
    1.00567174e+00 -3.02415997e-01 5.42460144e-01 2.12073818e-01
    1.31450251e-01 1.12110901e+00 1.09371197e+00 8.98775697e-01
    7.68219352e-01 -1.79918930e-01 2.31852889e-01 1.74881682e-01
    6.89598143e-01 2.19047695e-01 1.80394560e-01 -1.74069494e-01
    -2.01051384e-01 4.14749444e-01 1.42340243e-01 9.28973734e-01
    7.00089693e-01 2.20869139e-01 1.37400806e+00 4.07240927e-01
    5.39430082e-01 9.80785131e-01 -6.23700619e-02 1.91726357e-01
    -2.16253936e-01 5.83281159e-01 -1.10911587e-02 3.03113133e-01
    4.79597211e-01 8.20898414e-02 1.08615792e+00 -3.29007417e-01
    1.34215093e+00 -3.38394910e-01 3.65240961e-01 2.02957809e-01
    4.68936801e-01 7.62368798e-01 1.34556377e+00 2.49869138e-01
    1.02322209e+00 6.30540624e-02 7.05127716e-01 -3.94235551e-01
    1.06811774e+00 1.23092890e+00 2.17486136e-02 -1.32350221e-01
    -5.86705916e-02 1.04257929e+00 3.59742373e-01 8.06259334e-01
    9.51861203e-01 -1.17954008e-01 2.79253751e-01 1.03206861e+00
    1.05135596e+00 -8.40757638e-02 -2.05307737e-01 8.02362025e-01
    9.08730805e-01 6.68391824e-01 -3.80915791e-01 1.22872186e+00
    -5.73829971e-02 1.86481386e-01 1.09537065e+00 5.29588461e-01
    3.87443870e-01 -1.07353246e-02 1.20225596e+00 8.11409533e-01
    1.08927453e+00 1.92144543e-01 1.70037776e-01 -4.53385338e-02
    -2.57806093e-01 1.11268461e+00 5.54806173e-01 1.22297490e+00
    6.66980088e-01 1.15069699e+00 2.14461699e-01 3.35664719e-01
    5.18930256e-01 -1.48892224e-01 3.49203914e-01 -6.95014745e-02
    5.49608290e-01 4.87106927e-02 8.11993301e-01 -3.39313775e-01
    9.83082473e-01 3.11556458e-01 1.34711123e+00 -5.73341399e-02
    7.13961124e-01 -1.92772523e-01 1.73360080e-01 4.71606731e-01
    1.53466463e-01 1.16653228e+00 6.65163875e-01 8.98086548e-01
    7.46826172e-01 1.05281961e+00 7.42528319e-01 -2.57001609e-01
    1.44989312e+00 -1.69642538e-01 5.95350981e-01 -2.95911819e-01
    8.11814487e-01 5.26257873e-01 9.90132332e-01 9.84123766e-01
    1.32870340e+00 4.62069899e-01 -1.06742397e-01 2.89951980e-01
    1.30818295e+00 6.61709249e-01 1.05013859e+00 4.01608318e-01
    7.97578156e-01 2.55298346e-01 -6.28170744e-02 2.59101331e-01
    8.24509680e-01 4.68088388e-01 2.62183279e-01 1.10865271e+00
    1.40589252e-01 7.51028240e-01 8.41736615e-01 7.84227192e-01
    1.01077020e+00 1.04042046e-01 1.73536554e-01 2.19758466e-01
    3.04065675e-01 5.13101816e-01 3.31883490e-01 8.25981423e-02
    1.37053335e+00 -4.09109473e-01 1.20600843e+00 1.01202868e-01
    -3.61069858e-01 4.66899842e-01 -1.17680043e-01 9.05363917e-01
    -3.91937718e-02 9.29581881e-01 2.44451597e-01 3.30082804e-01
    1.12717485e+00 1.94696829e-01 9.90408301e-01 3.81125301e-01
    1.10562220e-01 9.22236741e-01 1.01607466e+00 2.66795903e-01
    -6.84339851e-02 7.41759121e-01 5.33618689e-01 -2.79643238e-01
    1.77145556e-01 2.90001422e-01 1.16817605e+00 1.30906284e+00
    5.99504530e-01 5.40924847e-01 2.46965393e-01 3.50983948e-01
    9.94843900e-01 -2.84211993e-01 5.80022782e-02 1.08482277e+00
    9.24275100e-01 1.79456159e-01 1.25743955e-01 9.01943505e-01
    1.09815156e+00 1.38022840e+00 -2.08858728e-01 8.74121189e-01
    3.97347391e-01 -1.13564372e-01 7.19521403e-01 -5.09603322e-02
    9.27158654e-01 1.07205796e+00 4.66161162e-01 1.21571124e+00
    -1.72261685e-01 -1.11757047e-01 2.69418091e-01 5.34114420e-01
    1.24240145e-01 5.61087847e-01 -9.09817405e-03 4.06103879e-02
    -1.14602156e-01 1.01011705e+00 9.85571802e-01 -1.91795349e-01
    1.01987414e-01 1.45563513e-01 1.04583204e-01 1.27712297e+00
    5.20067751e-01 9.44761217e-01 -1.10388868e-01 -5.53152636e-02
    1.10836737e-01 1.15055636e-01 8.84198025e-02 3.26636851e-01
    1.10895944e+00 2.42653951e-01 4.42499891e-02 -2.27909222e-01
    8.92349482e-01 9.91872013e-01 -3.30168068e-01 2.21354604e-01
    7.88320899e-01 3.29169989e-01 6.15419000e-02 -8.62075239e-02
    8.81630182e-01 6.92149997e-01 1.44447386e-01 4.33087319e-01
    8.08912516e-01 1.83187686e-02 1.99120477e-01 1.23195183e+00
    5.16147852e-01 1.22113466e+00 3.26389581e-01 9.28257406e-01
    9.13294733e-01 8.67833793e-01 1.16680944e+00 -3.46428603e-01
    1.22748399e+00 -9.62193608e-02 1.81362793e-01 7.67856687e-02
    4.13700938e-01 5.40465474e-01 1.05915952e+00 3.75236839e-01
    6.42790258e-01 6.30973354e-02 9.49752986e-01 8.90632033e-01
    1.08306944e+00 9.89209354e-01 -6.64795339e-02 8.77978086e-01
    4.72926974e-01 6.70584381e-01 3.32273096e-01 1.21845222e+00
    3.18707945e-03 1.26436615e+00 6.01030469e-01 9.70754921e-01
    1.06529856e+00 7.26233780e-01 -2.77705908e-01 9.35830593e-01
    7.28642046e-01 3.16031218e-01 1.37264407e+00 -2.13095501e-01
    1.18891287e+00 1.31276214e+00 2.22961560e-01 -2.39891574e-01
    8.66740048e-01 1.11447728e+00 9.18941021e-01 7.71550715e-01
    1.24845219e+00 -2.94905841e-01 1.03119791e+00 -1.47426948e-01
    6.42622709e-01 1.67033315e-01 -1.98339850e-01 4.81088907e-01
    1.21738589e+00 8.48190308e-01 -8.16695690e-02 5.24676323e-01
    5.06822109e-01 1.09170425e+00 5.30758083e-01 7.57313728e-01
    1.10362613e+00 -2.16842502e-01 1.20389450e+00 8.83439243e-01
    1.05919373e+00 -1.42086536e-01 1.30087209e+00 3.24052393e-01
    1.33990839e-01 4.20298204e-02 1.17626941e+00 9.78545964e-01
    -1.06453419e-01 9.50707078e-01 4.78840470e-01 2.64522046e-01
    7.75345623e-01 5.04662335e-01 1.22860181e+00 2.67944247e-01
    7.36552775e-01 6.31336808e-01 2.77082831e-01 -1.33287802e-01
    6.90106928e-01 9.62502658e-01 1.25782001e+00 -1.00069251e-02
    7.11791813e-01 -3.26557279e-01 2.80889481e-01 5.02978563e-01
    1.73400044e-01 5.48094749e-01 1.21770918e+00 1.08159745e+00
    6.98551834e-02 1.12723362e+00 -3.17918301e-01 6.01069391e-01
    1.24849796e+00 3.39962423e-01 1.93880409e-01 1.12656522e+00
    4.32774276e-01 -1.66724697e-02 8.89156759e-01 -9.47472602e-02
    -4.71239649e-02 1.09954321e+00 1.24595307e-01 8.85922909e-01
    4.77661729e-01 3.33087742e-01 -3.22617441e-01 -3.80829279e-03
    6.24840558e-01 -1.99138448e-01 2.83013284e-01 1.06000388e+00
    -2.27758244e-01 1.23021781e+00 1.28425658e+00 1.13461733e-01
    4.03468847e-01 3.23084861e-01 1.41503960e-01 4.07897890e-01
    -1.73612475e-01 2.88399518e-01 -9.70012695e-02 1.10851014e+00
    -4.07494046e-02 4.90816444e-01 9.44089770e-01 9.87141550e-01
    8.57887566e-02 1.26652539e+00 1.01729846e+00 1.64464608e-01
    1.04380286e+00 -3.46330732e-01 1.42127156e+00 -2.84766376e-01
    9.01915058e-02 9.30487573e-01 2.37558469e-01 6.01023495e-01
    -2.34498575e-01 7.14825630e-01 1.29700196e+00 1.09954083e+00
    1.76293235e-02 8.87514055e-01 5.73078096e-01 7.51864851e-01
    5.32168448e-01 1.23761392e+00 8.46351981e-01 5.97852886e-01
    1.24109375e+00 5.00226438e-01 4.71715361e-01 4.93921459e-01
    -7.92587996e-02 6.40716791e-01 6.88657582e-01 1.15688801e-01
    1.41291335e-01 1.66840896e-01 1.49874166e-01 5.42834878e-01
    -1.68635726e-01 1.16940558e+00 -1.80761978e-01 1.00166023e+00
    -4.69092913e-02 1.25342584e+00 9.62599576e-01 5.54833412e-01
    9.37209353e-02 -8.55676681e-02 5.66336155e-01 -2.86790192e-01
    1.00386691e+00 -9.59717259e-02 1.61247522e-01 3.24590355e-01
    9.80176568e-01 -1.88163653e-01 -1.80362076e-01 9.19242918e-01
    1.47881448e-01 1.28998458e+00 7.48216033e-01 2.51024067e-01
    1.18102539e+00 -4.81031060e-01 7.94634998e-01 1.32746613e+00
    -9.80295911e-02 2.32315138e-01 7.61663437e-01 8.64369690e-01
    -2.54743546e-01 7.79248476e-02 2.04824895e-01 1.28253102e-01
    3.95650089e-01 1.44995880e+00 -1.65164351e-01 1.22506893e+00
    8.75136077e-01 9.98837411e-01 1.21112692e+00 6.23070121e-01
    1.00278163e+00 -2.88090020e-01 4.02250141e-01 -1.78692624e-01
    1.38733447e+00 8.02631736e-01 -7.82357603e-02 1.11569822e+00
    1.17323175e-01 7.63832748e-01 8.54968369e-01 1.06345034e+00
    1.35209429e+00 -2.47529224e-01 1.01100743e+00 6.46034777e-01
    3.20103139e-01 1.15549016e+00 9.04621184e-01 -2.49732912e-01
    3.01617086e-01 -3.55392277e-01 7.95179248e-01 4.51276243e-01
    6.82554364e-01 1.14943850e+00 3.32789007e-03 8.10809493e-01
    -1.09375961e-01 7.90908456e-01 -1.43739238e-01 8.51648867e-01
    8.29424560e-01 1.04121423e+00 6.88538477e-02 6.65573955e-01
    9.62551355e-01 9.91388559e-01 9.93911028e-01 7.54666030e-01
    2.31915131e-01 1.26128304e+00 5.37368774e-01 1.33230245e+00
    8.59963298e-01 9.61787403e-01 -1.16067000e-01 5.81308566e-02
    7.28352964e-01 -3.19673717e-01 1.50718883e-01 2.76340187e-01
    7.24370897e-01 9.78343129e-01 2.44242683e-01 2.15078926e+00
    7.11032093e-01 4.22744840e-01 9.69322383e-01 -2.26873513e-02
    -6.53749630e-02 3.87046278e-01 9.73023534e-01 -2.75904745e-01
    4.12068784e-01 9.39209640e-01 2.31274351e-01 -4.14452404e-01
    1.39182687e+00 -1.54276818e-01 3.50483716e-01 7.23439038e-01
    1.41647726e-01 1.09523106e+00 2.69042820e-01 4.00675982e-01
    1.18469906e+00 -2.66322613e-01 5.18972456e-01 2.99136341e-01
    1.38927385e-01 5.15327275e-01 6.44512832e-01 1.25840533e+00
    -9.07663535e-03 1.35810995e+00 5.70349753e-01 -1.65560514e-01
    1.10553741e-03 9.45674598e-01 1.29284292e-01 7.59012580e-01
    -3.72957677e-01 8.61712277e-01 9.98423457e-01 3.13133538e-01
    1.24383533e+00 8.31297319e-03 -1.09540587e-02 1.77502204e-02
    1.03788137e+00 2.28377536e-01 3.65397334e-01 -2.95495689e-01
    7.56305277e-01 6.78860009e-01 1.44430667e-01 6.68766737e-01
    1.12286401e+00 3.75090420e-01 7.19100118e-01 1.69421285e-01
    8.63359571e-01 1.00515676e+00 1.24569678e+00 5.85423470e-01
    -2.70169675e-01 4.31006104e-01 5.31783164e-01 -1.96133912e-01
    -1.40846089e-01 1.18883145e+00 -2.19068080e-01 1.19267976e+00
    9.88083363e-01 1.19845283e+00 -3.83037060e-01 1.11875987e+00
    1.10245064e-01 8.62412930e-01 6.32027090e-01 1.21239102e+00
    1.01581961e-01 1.00820088e+00 -2.55848825e-01 1.16394830e+00
    -7.26211723e-03 2.09877580e-01 1.02513468e+00 6.84616387e-01
    8.07150602e-01 2.20362067e-01 3.06619197e-01 5.18889964e-01
    1.77005559e-01 7.82124221e-01 4.86901641e-01 8.90300751e-01
    -2.48452812e-01 1.14058900e+00 2.46544138e-01 1.20273507e+00
    2.83274770e-01 5.06378531e-01 1.02603340e+00 1.25240076e+00
    3.54730815e-01 2.60377795e-01 1.10494864e+00 1.05313623e+00
    1.09806192e+00 9.65635598e-01 7.04959407e-02 2.12277427e-01
    9.08669174e-01 1.53760657e-01 8.62120748e-01 -1.06187224e-01
    1.21031868e+00 7.28346184e-02 4.85214710e-01 1.69685647e-01
    5.83629668e-01 9.32160258e-01 1.83478147e-01 5.92095554e-01
    4.60995585e-01 8.52955937e-01 1.26689225e-01 5.95827579e-01
    1.09777987e-01 8.85181427e-01 5.85533798e-01 7.86513984e-01
    1.21191815e-01 7.33493149e-01 -2.35021964e-01 1.34418261e+00
    -1.20617323e-01 8.29111278e-01 1.03982933e-01 1.02592468e+00
    4.11489904e-01 -1.54947802e-01 -1.69921711e-01 6.01069212e-01
    1.15058088e+00 -3.16549331e-01 1.38905442e+00 2.19511628e-01
    -3.19760829e-01 8.83169770e-01 9.88975391e-02 5.86382806e-01
    3.74320358e-01 -3.75630446e-02 9.63548660e-01 -3.44689757e-01
    1.36123955e+00 1.13800727e-01 7.74331808e-01 8.66784573e-01
    1.27875829e+00 1.18024850e+00 -2.50442892e-01 3.68614227e-01
    3.53348076e-01 4.59925801e-01 -8.65389034e-02 4.58708018e-01
    5.79474092e-01 5.85722208e-01 5.63423753e-01 -1.72842473e-01
    5.37416153e-02 6.34150743e-01 7.61176884e-01 7.11111486e-01
    -8.83013606e-02 1.14083111e+00 3.95523787e-01 2.96311587e-01
    -6.89609051e-02 6.23242021e-01 -1.10563137e-01 1.02450573e+00
    7.63905644e-01 1.19156289e+00 -2.80243695e-01 -3.45760971e-01
    1.32163227e+00 -1.10358201e-01 3.97088319e-01 5.19228101e-01
    8.88307691e-01 1.04617786e+00 7.39810228e-01 1.39857507e+00
    -1.77194357e-01 4.55426723e-01 5.92483044e-01 1.23740542e+00
    -3.99307311e-01 7.98507690e-01 -1.06948718e-01 -8.58174786e-02
    1.05097508e+00 1.29183495e+00 3.28720778e-01 2.98935205e-01
    4.64323938e-01 7.03652084e-01 1.11700666e+00 3.34526092e-01
    9.62725043e-01 7.84272671e-01 3.49995077e-01 -2.73361593e-01
    1.00600697e-01 -1.54767945e-01 1.19617891e+00 7.50191569e-01
    7.92731941e-01 -2.71549284e-01 1.28148711e+00 -4.68971394e-02
    1.22334385e+00 1.16952109e+00 -1.71477690e-01 9.82516170e-01
    9.48942184e-01 9.84642804e-01 -4.35192138e-02 3.12595695e-01
    4.28545386e-01 2.10444406e-01 2.84441501e-01 -2.62373000e-01
    8.20886970e-01 2.52613366e-01 9.05970097e-01 6.91491604e-01
    9.68606472e-01 9.46951151e-01 5.92983603e-01 9.00392354e-01
    7.00947821e-01 9.63899121e-02 6.87710464e-01 -4.26502824e-01
    1.12063253e+00 3.08814883e-01 -2.90050805e-02 7.14366257e-01
    9.53826487e-01 8.58753622e-01 1.05526316e+00 1.19693458e+00
    -4.81702954e-01 8.45855832e-01 -3.84469241e-01 2.17685294e+00
    5.05190909e-01 1.23749483e+00 3.06157649e-01 1.08009219e+00
    1.04543817e+00 2.01718863e-02 1.29563582e+00 6.10971488e-02
    6.21407330e-01 1.33822858e-01 7.79645562e-01 6.66076422e-01
    -6.36463165e-02 8.87717366e-01 2.28830263e-01 4.79125082e-01
    -2.29604185e-01 -4.34071310e-02 3.91220190e-02 1.11642173e-02
    1.00484610e+00 7.16800869e-01 6.43213093e-01 1.05905843e+00
    8.72854590e-02 1.47205770e-01 6.69667780e-01 8.20323706e-01
    9.67275426e-02 -1.11333504e-02 5.50654292e-01 4.76086169e-01
    3.71726453e-02 -2.11636126e-01 -6.97044283e-02 1.43381703e+00
    -1.89226151e-01 8.34521174e-01 -7.99091980e-02 5.84751666e-01
    1.11819875e+00 2.09636822e-01 8.83726954e-01 3.02447468e-01
    1.15326643e+00 8.85932505e-01 5.93032956e-01 9.21182781e-02
    4.04323041e-01 1.44376084e-01 1.01145864e+00 1.20776331e+00
    4.44144309e-01 1.14336061e+00 6.62280202e-01 2.06129074e-01
    -4.15152133e-01 6.30876482e-01 -3.28332335e-01 9.99266684e-01
    8.71448636e-01 3.72568607e-01 1.11820018e+00 4.57610488e-01
    4.53699023e-01 6.90520108e-02 1.29370189e+00 1.68864265e-01
    2.60445103e-02 -3.28437716e-01 9.39480662e-01 3.67284924e-01
    -4.89518940e-02 -2.12857679e-01 8.25833440e-01 4.97892797e-02
    -5.38003026e-03 6.26750588e-01 9.55795169e-01 6.86308718e-04
    8.47365081e-01 -2.07281813e-01 -8.33276194e-03 1.11856914e+00
    7.13621438e-01 -4.00478467e-02 -3.16889912e-01 1.13995731e+00
    6.23280585e-01 9.35273409e-01 9.66444969e-01 1.12780893e+00
    7.71975636e-01 6.78213965e-03 -2.69964933e-01 1.14488232e+00
    9.60778117e-01 6.10845268e-01 6.38848722e-01 -1.96266085e-01
    7.51451373e-01 1.10557461e+00 1.00447941e+00 -5.88829741e-02
    1.07288706e+00 1.14265494e-02 9.78287756e-01 1.12619054e+00
    1.12075317e+00 8.01882267e-01 9.57535267e-01 9.88318622e-01
    1.02681959e+00 1.02939391e+00 1.21978390e+00 -7.71548897e-02
    -3.22771585e-03 8.47883940e-01 -3.05151612e-01 6.65492952e-01
    2.11565927e-01 -8.25454667e-02 2.40047321e-01 -1.30176395e-01
    -2.58595675e-01 5.49312234e-01 9.56194162e-01 8.07254970e-01
    1.21100366e-01 9.23351884e-01 6.44979030e-02 2.45913550e-01
    1.08206749e+00 3.78261954e-02 4.62819606e-01 -3.85949686e-02
    3.48279834e-01 4.95775670e-01 9.20475364e-01 9.05430377e-01
    7.51442671e-01 9.46702778e-01 -1.17238738e-01 -2.92001627e-02
    5.90243399e-01 1.06019771e+00 -2.39896074e-01 4.50548679e-01
    1.23688376e+00 1.19963086e+00 1.10406613e+00 1.13367343e+00
    -2.58537531e-02 -2.48274192e-01 5.14153540e-01 3.08899164e-01
    -2.98618618e-03 1.13884413e+00 -3.17564547e-01 1.22240055e+00
    4.27358598e-01 -2.86024749e-01 7.29080737e-01 9.62730031e-03
    5.29914320e-01 8.86473060e-01 9.56458390e-01 1.44870234e+00
    -2.45516330e-01 1.21679567e-01 1.20506012e+00 1.10801458e-01
    6.80786192e-01 1.11920381e+00 9.07697141e-01 1.09760725e+00
    5.24458230e-01 -2.78955072e-01 6.77155852e-01 6.70550108e-01
    -4.15117145e-02 8.42503786e-01 5.96906722e-01 8.91015351e-01
    7.03505218e-01 8.04024577e-01 -2.68143147e-01 8.32167447e-01
    5.52914202e-01 1.61503658e-01 6.86281085e-01 -3.60256433e-02
    -2.04474375e-01 6.28866076e-01 -2.37821694e-03 1.19843006e+00
    1.19994879e+00 1.12028825e+00 2.54189610e-01 6.00106478e-01
    3.15167755e-01 -2.41881460e-01 -1.05173111e-01 1.81486428e-01
    1.12884223e+00 4.49222445e-01 6.43794358e-01 6.84190750e-01
    5.53260684e-01 5.60992479e-01 9.17444825e-01 -8.96158665e-02
    3.42924237e-01 -8.69963877e-03 -7.63790160e-02 9.08562243e-01
    3.16527602e-03 1.13694780e-01 -7.83592463e-04 1.02829492e+00
    4.46137130e-01 4.89435196e-01 7.58063197e-01 9.38479125e-01
    -6.92248717e-02 1.19592011e+00 6.09070897e-01 4.93538417e-02
    1.33010909e-01 5.96230030e-01 8.77536368e-03 1.10036242e+00
    1.26792860e+00 7.56849229e-01 -1.45375833e-01 3.32026780e-01
    1.24876726e+00 -1.55168042e-01 8.81565452e-01 9.78166640e-01
    7.63174772e-01 9.14214492e-01 2.29879498e-01 9.06437993e-01
    -9.68463272e-02 4.36702222e-01 1.13345194e+00 1.06331801e+00
    -1.72555551e-01 -1.77076995e-01 3.65908146e-01 1.19466341e+00
    8.64764452e-01 8.35283816e-01 7.97185838e-01 1.11581552e+00
    -6.85525909e-02 -1.59528330e-01 1.20201349e+00 6.06208503e-01
    2.01628849e-01 5.16202927e-01 1.54907748e-01 -2.26021007e-01
    1.31507587e+00 5.63424706e-01 8.46295953e-01 7.97609687e-01
    8.84354115e-01 5.62473416e-01 7.89029896e-01 1.26826823e+00
    4.32316720e-01 1.14897394e+00 4.32733744e-01 -2.35758200e-01
    1.32986927e+00 4.45190221e-01 1.34030604e+00 6.06841803e-01
    9.48042810e-01 -2.22644225e-01 2.69445419e-01 7.05267966e-01
    2.77192742e-01 9.24166813e-02 6.96803212e-01 7.04145372e-01
    -2.69669354e-01 1.30759478e+00 5.88601112e-01 4.03164417e-01
    6.42129719e-01 -2.33494356e-01 8.42564166e-01 7.53329247e-02
    5.03190994e-01 8.92511785e-01 5.84448159e-01 3.70003313e-01
    2.94735074e-01 5.19066691e-01 4.89769906e-01 5.10399103e-01
    1.55094802e-01 1.14989984e+00 5.45700490e-01 -3.11932087e-01
    3.25399399e-01 1.22165120e+00 9.88802612e-01 1.20846725e+00
    8.48045826e-01 1.24647701e+00 3.08218211e-01 1.41995296e-01
    -8.20523221e-03 -8.52049515e-02 -1.36561945e-01 -1.12723984e-01
    9.98512924e-01 2.26172313e-01 5.88980138e-01 -1.22133173e-01
    7.06276596e-01 4.69966501e-01 5.15385389e-01 2.86450028e-01
    -1.58063293e-01 1.10248327e+00 7.44682193e-01 2.00688437e-01
    1.31355727e+00 -2.95726776e-01 9.83717322e-01 1.71594977e-01
    9.00028273e-02 1.94063261e-01 1.04178464e+00 6.38951361e-01
    -1.40956640e-01 1.32473171e+00 1.26315236e+00 1.42522842e-01
    1.10404825e+00 1.97183475e-01 1.04126418e+00 2.11237609e-01
    4.30236816e-01 6.82014227e-01 8.81080687e-01 9.00921345e-01
    7.01791406e-01 -1.07812636e-01 1.27600610e+00 7.40628183e-01
    1.86284006e-01 7.49666095e-01 4.82486814e-01 4.21237051e-01
    5.93988061e-01 3.04591238e-01 -1.35563627e-01 1.25442588e+00
    -1.96519792e-01 5.88279903e-01 -1.65722996e-01 -1.84173703e-01
    3.69677693e-01 4.41006035e-01 4.13962871e-01 1.34455442e+00
    -5.09960204e-02 5.03925048e-02 6.84747577e-01 6.34428799e-01
    7.61943102e-01 1.38031709e+00 1.21769443e-01 1.03379488e+00
    1.37586927e+00 -2.12725818e-01 7.87678719e-01 5.77996254e-01
    7.62660205e-01 2.25400552e-01 2.73439661e-02 1.04309143e-02
    1.05547309e+00 1.10644948e+00 2.92853534e-01 1.95042193e-01
    1.17133999e+00 4.76213247e-01 -1.23174228e-01 -4.30387527e-01
    1.15434623e+00 8.86532128e-01 4.06469911e-01 -8.94157290e-02
    1.51212990e-01 9.45967555e-01 1.27655530e+00 -2.66466618e-01
    7.41960183e-02 -7.91431442e-02 3.60199183e-01 2.56241739e-01
    6.36872426e-02 1.05663502e+00 1.10419147e-01 5.30289531e-01
    7.96414852e-01 8.71580541e-01 1.05802894e+00 5.05221426e-01
    -1.62691429e-01 1.35428607e+00 1.11472297e+00 -1.16064481e-01
    -2.17212617e-01 7.06696212e-01 3.66802126e-01 1.76718503e-01
    7.49330163e-01 2.94469029e-01 1.23758030e+00 4.19706494e-01
    3.24591488e-01 2.84061402e-01 2.18835533e-01 4.66858804e-01
    -1.28504243e-02 1.96695983e-01 7.90961087e-01 6.04895711e-01
    4.90662247e-01 -2.95325905e-01 1.07457447e+00 4.29798335e-01
    6.15598142e-01 3.88847649e-01 1.13518465e+00 1.42028511e-01
    -1.52263073e-02 8.17650139e-01 4.89692479e-01 -1.67297363e-01
    1.25612414e+00 4.85905945e-01 6.50350690e-01 -1.15280762e-01
    1.03265476e+00 2.55610019e-01 5.55256724e-01 9.23531294e-01
    5.63533664e-01 7.25587428e-01 3.09179188e-03 9.16452765e-01
    2.95614209e-02 5.30652881e-01 -3.46317381e-01 1.39121354e+00
    -2.90149301e-01 -1.57159179e-01 -5.52799515e-02 5.71758270e-01
    7.63367891e-01 7.40740418e-01 1.61694959e-01 1.67122465e-02
    7.90183067e-01 6.76835179e-01 3.79967600e-01 1.08772922e+00
    9.30076301e-01 1.15380096e+00 1.37211412e-01 4.08733308e-01
    -2.73713291e-01 4.36601728e-01 7.60135591e-01 6.25556409e-01
    -3.12685333e-02 -2.93920953e-02 9.04131889e-01 8.23508739e-01
    1.47501975e-01 1.22173682e-01 -7.72272572e-02 8.34321141e-01
    8.92447054e-01 3.35206836e-01 1.65225238e-01 6.39731288e-01
    6.04291677e-01 -3.23609173e-01 6.60135031e-01 1.15037405e+00
    1.07967234e+00 7.17862010e-01 -1.71401888e-01 -1.97845936e-01
    6.03025593e-02 1.13429058e+00 -3.36254030e-01 5.50483525e-01
    2.00051919e-01 4.75317463e-02 4.29106265e-01 1.89657259e+00
    1.26195300e+00 1.14484978e+00 7.41746485e-01 8.63350749e-01
    -9.91579592e-02 7.08763525e-02 6.75496519e-01 5.80549657e-01
    8.44236672e-01 1.83096915e-01 1.12529254e+00 1.03367305e+00
    5.01559041e-02 6.68124974e-01 1.82075903e-01 9.25804257e-01
    5.69711566e-01 -1.87836200e-01 1.09875715e+00 6.72924519e-01
    -6.58611506e-02 8.52563083e-01 -3.40892226e-01 -6.09381981e-02
    4.28116322e-01 -2.89399683e-01 7.13959038e-01 6.69399440e-01
    9.31734964e-02 -5.00752926e-02 -2.84769982e-01 2.72887051e-01
    3.76802742e-01 8.53751719e-01 7.14373767e-01 1.06554365e+00
    6.47193670e-01 -2.75909513e-01 8.38958919e-01 4.60825920e-01
    8.41910124e-01 6.08168125e-01 9.74527001e-02 1.17397571e+00
    5.39752960e-01 6.69858813e-01 1.31823540e+00 -2.09335014e-01
    3.40502858e-01 1.68170005e-01 1.26745775e-01 2.07478553e-01
    -8.91781822e-02 -2.94836491e-01 -1.91817820e-01 6.20176911e-01
    1.11843252e+00 7.31957793e-01 1.00822711e+00 2.26094484e-01
    7.91891634e-01 8.60620260e-01 9.39389467e-01 6.76568132e-04
    -1.69167593e-01 1.02660239e+00 1.29776830e-02 -8.25702548e-02
    -1.92821562e-01 1.09019494e+00 6.78939164e-01 1.24950767e+00
    6.88033551e-02 6.34137914e-02 -3.26399654e-01 7.48194218e-01
    1.24852991e+00 -3.40967439e-03 2.19207719e-01 4.91675198e-01
    1.23018622e+00 -1.73150212e-01 7.17690766e-01 1.03804660e+00
    3.21712673e-01 4.00227964e-01 -5.23338988e-02 -3.52798492e-01
    1.30983388e+00 9.66344625e-02 4.97113407e-01 9.13316846e-01
    -3.92307937e-01 1.19625187e+00 4.46017981e-01 1.01788747e+00
    -3.87793779e-01 5.23365200e-01 6.39813542e-01 -3.43582258e-02
    1.49330765e-01 6.64574862e-01 2.12975577e-01 3.51498097e-01
    4.12130237e-01 8.25844705e-01 5.93808770e-01 -1.95812628e-01
    1.14686430e+00 3.53367686e-01 1.19281495e+00 4.03010219e-01
    5.43772995e-01 3.41855705e-01 1.13350475e+00 1.01908195e+00
    2.98722684e-01 8.31621826e-01 -6.10987321e-02 6.31685853e-01
    -4.92190458e-02 6.02498949e-01 -2.13303402e-01 1.11893570e+00
    7.14832604e-01 -2.17277870e-01 -1.39541373e-01 1.98369697e-01
    1.04675901e+00 -1.46501005e-01 -6.81484444e-03 8.57093453e-01
    3.44362527e-01 1.08908176e+00 8.23333681e-01 1.20178616e+00
    1.08177757e+00 5.36177933e-01 4.98075545e-01 1.24718678e+00
    4.10415441e-01 2.87294656e-01 -6.75920248e-02 -2.47502908e-01
    7.92305291e-01 8.12900126e-01 7.30409324e-01 1.11407936e+00
    3.28806311e-01 9.44278315e-02 9.86564338e-01 5.47004379e-02
    2.07400233e-01 1.17663407e+00 2.92108413e-02 1.07770801e+00
    8.79240856e-02 5.30984104e-01 2.10561395e-01 7.51379848e-01
    1.09463012e+00 3.62837076e-01 1.11669374e+00 2.62881458e-01
    1.38418627e+00 4.69261408e-01 2.16257572e-01 3.70098263e-01
    2.07740575e-01 -2.65280485e-01 6.85680062e-02 1.27333641e+00
    9.45820332e-01 1.23429263e+00 2.33461201e-01 2.50955164e-01
    3.00701912e-02 1.05933714e+00 9.91032898e-01 -1.76413953e-01
    9.48849678e-01 3.92179608e-01 1.18244565e+00 -1.88566878e-01
    -4.48913267e-03 1.57369450e-01 2.80829132e-01 4.43313748e-01
    1.22714078e+00 -2.11186141e-01 1.27495944e+00 -1.47903353e-01
    -1.64166227e-01 8.41195047e-01 7.56608248e-02 8.11859667e-01
    -2.51183778e-01 4.83436614e-01 -1.05527632e-01 3.26136678e-01
    1.23116004e+00 1.50947183e-01 1.03561294e+00 9.31622267e-01
    -8.11974257e-02 3.01916748e-01 7.13633358e-01 6.87157094e-01
    5.15443861e-01 3.17768216e-01 1.73513040e-01 5.16092837e-01
    1.20409286e+00 -7.82872438e-02 1.20625401e+00 6.71161234e-01
    4.24492449e-01 -1.33444384e-01 5.89974105e-01 -2.09352940e-01
    3.27672571e-01 9.13102269e-01 1.29576910e+00 -1.74539968e-01
    4.11933094e-01 1.36049807e+00 1.82618424e-01 1.12566185e+00
    9.38280582e-01 2.82188263e-02 7.97102094e-01 6.59761786e-01
    -1.32169902e-01 1.29436776e-01 6.24203861e-01 5.01492977e-01
    1.82048142e-01 3.30068171e-01 2.92975157e-01 9.11077950e-03
    1.37190473e+00 1.80558816e-01 -9.67394933e-02 -1.38130248e-01
    6.18720293e-01 4.60868716e-01 1.47872090e-01 5.02227068e-01
    5.13852894e-01 -2.68039107e-01 6.65476918e-01 9.32423592e-01
    7.02123523e-01 3.35783698e-02 -1.19995505e-01 2.64839268e+00
    1.00543416e+00 4.50622708e-01 4.88539517e-01 5.57753563e-01
    9.26645339e-01 -2.33996913e-01 1.22111869e+00 1.17886245e+00
    -1.32824659e-01 4.90614772e-01 7.08260357e-01 5.64356983e-01
    -1.61225423e-01 4.93839353e-01 -2.67057657e-01 4.24353071e-02
    4.95177507e-02 8.98870468e-01 1.10844128e-01 1.19104016e+00
    7.95341134e-01 -1.02640681e-01 1.06085122e+00 -2.10927203e-01
    4.53536421e-01 1.36818421e+00 4.44312133e-02 -2.49248147e-01
    1.25177109e+00 5.43005705e-01 1.32092524e+00 4.97072786e-01
    5.56740947e-02 -9.30573642e-02 7.40412235e-01 1.07605278e+00
    1.17786586e+00 -5.10534234e-02 8.11329961e-01 1.94454700e-01
    1.62964538e-01 8.23988795e-01 1.26873863e+00 3.41264993e-01
    9.63134348e-01 -1.40508875e-01 -1.29072294e-02 4.69037116e-01
    2.60491490e-01 6.70229018e-01 6.55799925e-01 8.33041966e-01
    -3.05113941e-01 1.34868443e+00 1.00047410e+00 -3.65167856e-01
    -1.98535979e-01 1.07952726e+00 8.64345789e-01 1.30829322e+00
    -1.78841829e-01 -2.66938657e-01 7.56032109e-01 2.25585356e-01
    -1.36512928e-02 -1.75442338e-01 4.62384641e-01 4.73966122e-01
    -3.19287702e-02 7.03388751e-01 -1.47032812e-01 1.20137191e+00
    -2.62407541e-01 1.22051585e+00 7.10635722e-01 1.34871051e-01
    8.73152733e-01 -1.16080575e-01 4.99191552e-01 4.96171147e-01
    8.78748417e-01 7.24512875e-01 4.91710126e-01 6.42310083e-02
    1.34404647e+00 -2.37104133e-01 3.87093782e-01 8.59729588e-01
    1.56236649e-01 1.78768203e-01 8.20028067e-01 5.23298264e-01
    7.22880602e-01 3.03266943e-01 1.01501238e+00 1.11920488e+00
    3.64967197e-01 1.24670613e+00 -8.08364078e-02 5.13243616e-01
    1.27452493e+00 -2.94819564e-01 1.13987494e+00 1.21707690e+00
    4.80035990e-01 1.24545586e+00 -1.92951471e-01 2.71545589e-01
    2.09122039e-02 8.19174409e-01 6.09584510e-01 1.31840408e+00
    -1.56539977e-01 -1.23356119e-01 -3.02207400e-03 8.24737132e-01
    2.37852857e-01 5.47115326e-01 1.02083123e+00 1.04105866e+00
    2.88163811e-01 2.08471194e-01 6.01167738e-01 1.26482534e+00
    4.76426125e-01 3.23936820e-01 7.92740047e-01 1.07448184e+00
    -2.53031671e-01 3.52977127e-01 6.92114234e-01 -3.40759121e-02
    7.76696026e-01 7.08383024e-01 -1.92033142e-01 -1.68933809e-01
    2.90750444e-01 -2.10875258e-01 -1.88695639e-01 1.19301058e-01
    1.12835455e+00 -3.37564826e-01 6.67030334e-01 1.33917260e+00
    -3.92726481e-01 5.59642792e-01 7.84351468e-01 4.71335024e-01
    2.80749172e-01 1.19876790e+00 -7.41121396e-02 1.81681961e-01
    -1.67146206e-01 1.17765822e-01 6.02205873e-01 1.77902561e-02
    5.99860512e-02 3.43080729e-01 1.04814291e+00 -2.58072287e-01
    -9.71020106e-03 4.33906525e-01 3.93910334e-02 1.12863243e+00
    4.50472027e-01 6.53698325e-01 2.46289238e-01 1.22665942e+00
    4.50777620e-01 1.36719513e+00 3.50802541e-02 1.98103026e-01
    1.21571088e+00 -2.65608162e-01 1.11339426e+00 -1.79794133e-01
    1.63256884e-01 2.77224720e-01 8.12680662e-01 9.09456670e-01
    1.20814264e+00 5.24369776e-01 1.05278921e+00 -9.90915075e-02
    8.28293264e-01 3.32053959e-01 -1.84901014e-01 4.64767575e-01
    8.39256346e-01 9.87164199e-01 5.31143785e-01 1.20796204e+00
    -7.51385116e-04 2.03882039e-01 -9.12736505e-02 9.85123217e-01
    -3.03584635e-02 9.08414006e-01 1.22410691e+00 8.49301934e-01
    1.08710811e-01 1.00869155e+00 3.36184204e-01 5.30946910e-01
    6.52577221e-01 7.32792437e-01 5.12596011e-01 3.40753168e-01
    -2.28045404e-01 9.76001859e-01 2.75482923e-01 3.85975420e-01
    5.59997499e-01 1.15677822e+00 9.54119563e-01 3.31032313e-02
    1.44965053e-01 7.98563600e-01 2.91340917e-01 1.16720699e-01
    1.36275089e+00 1.42873898e-01 -1.40513971e-01 4.24185395e-01
    1.34715900e-01 3.00034106e-01 4.04406875e-01 1.10495913e+00
    1.19907331e+00 7.69508958e-01 -3.07766527e-01 4.03789617e-03
    1.42709363e+00 -2.55061895e-01 4.14806336e-01 1.01196051e+00
    3.63474846e-01 3.75138700e-01 9.16077316e-01 2.70975858e-01
    4.21062857e-01 3.95207927e-02 1.13697982e+00 3.14197898e-01
    1.59852862e-01 1.17675550e-02 -6.18303604e-02 1.08470273e+00
    6.89443409e-01 4.62642968e-01 -6.67553395e-02 1.29676604e+00
    2.70703167e-01 8.82081449e-01 1.14169455e+00 1.10785043e+00
    7.96705306e-01 5.64064860e-01 1.28486007e-01 8.55496824e-02
    1.41144276e+00 3.22941899e-01 1.21692598e+00 -1.29659310e-01
    5.38418442e-02 1.18178010e+00 1.13228703e+00 2.54045606e-01
    1.32037914e+00 1.09660280e+00 1.38893259e+00 4.25312877e-01
    1.02075922e+00 1.82789832e-01 8.43194962e-01 1.25219262e+00
    -4.76795048e-01 5.40816605e-01 9.39196110e-01 1.25606799e+00
    8.18172038e-01 7.64598370e-01 1.02775347e+00 6.77084625e-01
    1.16116945e-02 7.43943393e-01 -2.60608941e-01 3.26120347e-01
    8.37593555e-01 1.54049650e-01 6.83611751e-01 3.04761350e-01
    2.84158707e-01 8.71810853e-01 7.87481546e-01 -1.51823878e-01
    5.24790287e-01 7.96861887e-01 6.22887790e-01 -2.44804442e-01
    1.16995104e-01 9.06704366e-02 1.04833460e+00 -4.61234838e-01
    1.34721982e+00 8.18228841e-01 3.63017350e-01 -1.64416924e-01
    5.91636717e-01 1.13771749e+00 2.64949381e-01 1.10626471e+00
    1.63896009e-01 1.19765270e+00 -1.09184168e-01 -5.11492677e-02
    9.68124330e-01 1.25889087e+00 -1.45495147e-01 9.41029072e-01
    1.54907063e-01 5.74048221e-01 -1.37589529e-01 5.20376265e-01
    -2.40568653e-01 1.05187714e+00 1.16878057e+00 1.48883507e-01
    8.50718617e-01 7.40499318e-01 -1.03364728e-01 8.32223117e-01
    -1.38482988e-01 2.85070717e-01 7.20613420e-01 4.65643480e-02
    1.33139774e-01 5.87280631e-01 4.45016950e-01 8.17303061e-01
    -9.05994773e-02 1.23428798e+00 9.67895448e-01 1.09531142e-01
    1.06825447e+00 -2.07293585e-01 6.98826134e-01 9.97932136e-01
    1.15313268e+00 7.45152533e-01 4.94866401e-01 6.05438530e-01
    1.09380877e+00 8.34965944e-01 -5.54250600e-03 1.71146825e-01
    -8.77695307e-02 1.25231040e+00 9.58412826e-01 3.02132308e-01
    4.30582792e-01 7.46664941e-01 5.39287701e-02 8.52227628e-01
    4.72065806e-01 -2.19828069e-01 1.30037844e+00 4.80923921e-01
    6.19914949e-01 1.12526655e+00 5.30619383e-01 6.92019165e-01
    9.51429844e-01 6.06635332e-01 9.47088778e-01 4.31992650e-01
    1.16320765e+00 1.17456593e-01 5.16937554e-01 3.00878026e-02
    4.29380208e-01 5.76468050e-01 7.33095467e-01 6.89149022e-01
    8.42589915e-01 2.77793735e-01 1.24639261e+00 4.28813845e-01
    1.12577355e+00 -3.50517988e-01 9.56771791e-01 -2.15509728e-01
    1.04999447e+00 3.22629124e-01 6.74062192e-01 7.32093215e-01
    8.57283249e-02 8.27840984e-01 3.57698083e-01 -2.71438390e-01
    4.63765115e-01 8.26500714e-01 1.18973923e+00 7.27415562e-01
    5.93049169e-01 4.47942436e-01 3.74263346e-01 -3.34022045e-01
    9.02869403e-01 9.06115398e-03 -3.42675149e-01 5.65143883e-01
    3.79505217e-01 5.07196248e-01 4.61500376e-01 7.46115923e-01
    4.90461141e-02 6.98610723e-01 5.84761351e-02 1.06904554e+00
    -4.91050594e-02 6.62582442e-02 1.03380716e+00 1.18806124e+00
    1.52077647e-02 8.08663070e-01 6.92063570e-01 1.11121750e+00
    1.05889237e+00 -2.37673193e-01 -2.92597502e-01 4.21821982e-01
    1.11470056e+00 -1.82896093e-01 4.04373676e-01 1.42510965e-01
    3.15219194e-01 1.10527408e+00 -1.14454754e-01 8.19466710e-01
    -1.12884164e-01 4.14013833e-01 -2.57743984e-01 6.05841577e-01
    7.78950155e-01 1.91846967e-01 8.23043227e-01 6.64260313e-02
    5.52891970e-01 1.18483520e+00 1.18012357e+00 3.21297020e-01
    1.39185935e-01 1.08579390e-01 -5.51731139e-02 1.02961278e+00
    -6.58436939e-02 9.21639800e-01 1.72568187e-01 1.05379748e+00
    -2.45859548e-01 -1.74386919e-01 -1.78351343e-01 1.73873045e-02
    1.50949669e+00 -2.53766090e-01 6.62807405e-01 4.25697446e-01
    6.10367417e-01 6.89463854e-01 -1.44390270e-01 7.97505915e-01
    1.07717656e-01 6.19422615e-01 1.05725253e+00 -5.03731854e-02
    -1.85823441e-01 7.78161705e-01 6.86294556e-01 2.80549936e-02
    8.99102926e-01 3.17266583e-01 1.28031147e+00 -1.39224343e-02
    4.95413572e-01 -3.44046742e-01 9.08130348e-01 -1.14488341e-01
    -3.24932069e-01 1.04996765e+00 -2.73590684e-01 9.40256536e-01
    6.32284939e-01 2.93492734e-01 6.25234067e-01 1.88533902e-01
    3.44736278e-02 5.34826279e-01 6.92392886e-01 8.32078815e-01
    -1.94164410e-01 -6.28306940e-02 1.13501132e+00 7.75838375e-01
    1.12899625e+00 2.85730630e-01 -1.90717727e-01 1.16560853e+00
    4.30766672e-01 5.35540283e-01 1.78033590e-01 1.42882800e+00
    -7.10116923e-02 1.13027334e+00 8.77428174e-01 1.70179576e-01
    1.23327568e-01 2.34851569e-01 -4.00822669e-01 1.41417539e+00
    -1.92915142e-01 1.52227744e-01 -4.19925340e-02 1.31562769e+00
    -4.11082566e-01 1.02361822e+00 -5.30544221e-01 1.13848507e+00
    1.00635946e+00 4.70238417e-01 4.98728752e-01 7.55224526e-01
    1.40583134e+00 9.93333533e-02 5.90869486e-01 -2.50368178e-01
    7.11597443e-01 1.10825077e-01 5.71072161e-01 1.12340398e-01
    2.58910239e-01 1.29185450e+00 1.00129806e-01 4.95728135e-01
    1.25244558e+00 8.81560624e-01 8.81909728e-01 8.96113694e-01
    7.34236062e-01 2.88302362e-01 4.30852026e-01 2.86592960e-01
    1.38986230e+00 -3.87624472e-01 1.05661416e+00 2.00053796e-01
    5.50472498e-01 8.60837877e-01 1.14456177e+00 7.13872254e-01
    1.06075740e+00 -1.19579181e-01 1.20739448e+00 7.55148530e-01
    1.29275739e+00 -4.34364647e-01 1.15239751e+00 1.06104398e+00
    -9.04597994e-03 1.04654872e+00 2.39276931e-01 1.41559219e+00
    -4.04438555e-01 1.21517730e+00 1.02674794e+00 6.15916312e-01
    -2.41676047e-02 1.42810404e+00 -9.99827906e-02 3.43602985e-01
    4.68127131e-01 4.03588325e-01 -4.39693332e-01 1.38642585e+00
    -4.88822967e-01 1.04129779e+00 -2.23917186e-01 -2.01660052e-01
    1.32891870e+00 -6.42349720e-02 7.03256726e-01 4.43119049e-01
    9.58226085e-01 -1.99942246e-01 4.35005963e-01 9.30653512e-01
    5.05815208e-01 5.95416605e-01 8.92960668e-01 4.79599863e-01
    8.03892314e-01 8.80526125e-01 -3.45372379e-01 7.66715109e-01
    9.58761871e-01 9.72376704e-01 8.93590808e-01 1.18425441e+00
    7.11960018e-01 1.11753717e-01 9.55712423e-03 1.26464128e+00
    2.04477370e-01 -2.87687659e-01 5.86623490e-01 5.49676895e-01
    6.94040477e-01 2.01051965e-01 3.40061486e-01 9.05266464e-01
    1.79291993e-01 9.90109384e-01 5.68325937e-01 2.49400914e-01
    1.07178979e-01 2.05355525e-01 9.54234540e-01 9.91066217e-01
    5.66076338e-01 1.32930732e+00 -2.59388417e-01 9.38026786e-01
    6.81182146e-02 1.07384253e+00 1.18298745e+00 1.19202495e+00
    -2.67126620e-01 -1.97783932e-01 4.55995917e-01 1.13827515e+00
    1.24124730e+00 -1.82139859e-01 1.06840849e+00 3.39844316e-01
    -2.73886412e-01 2.48495206e-01 1.07787168e+00 -2.62890697e-01
    6.93797544e-02 5.77517986e-01 3.06056533e-02 7.87717581e-01
    4.87452447e-01 1.21510863e+00 2.08000913e-01 1.04742372e+00
    -4.80465889e-01 1.23388648e+00 5.25991499e-01 8.24534953e-01
    9.94746387e-01 9.52197254e-01 6.77404583e-01 1.18432188e+00
    1.17494488e+00 8.85318339e-01 1.22539353e+00 9.78524148e-01
    6.08477235e-01 6.64476156e-01 -9.47789252e-02 9.09676194e-01
    -2.78223068e-01 5.37232697e-01 2.53073961e-01 1.08546090e+00
    4.73946542e-01 -6.33278042e-02 -4.09571826e-01 1.22621810e+00
    -1.28137976e-01 -9.29454267e-02 7.88308263e-01 1.10627484e+00
    5.66201031e-01 8.92139912e-01 1.14939141e+00 8.45825911e-01
    8.31785858e-01 1.16910970e+00 3.93567562e-01 7.74667263e-01
    -2.89065182e-01 -1.01906158e-01 6.82104230e-01 2.87341505e-01
    -6.10092580e-02 5.26221037e-01 8.62523854e-01 4.95587379e-01
    9.53624904e-01 5.97008467e-01 9.40366507e-01 2.06776738e-01
    -3.01346004e-01 8.45750719e-02 1.06800044e+00 7.72007048e-01
    -1.93375826e-01 -1.05715923e-01 8.60711694e-01 -2.97401454e-02
    1.33080626e+00 3.43701243e-01 3.38939875e-01 8.27258110e-01
    1.15411735e+00 1.23473084e+00 1.58733487e-01 1.05444193e+00
    -2.47352608e-02 3.16783011e-01 2.95908481e-01 6.65039480e-01
    -2.14029267e-01 1.13074481e+00 4.04530823e-01 -8.84917751e-02
    1.04236454e-01 3.63388240e-01 1.31512749e+00 1.35086775e-01
    3.80870432e-01 1.00043976e+00 5.52457094e-01 9.37950552e-01
    7.20978796e-01 -1.57695323e-01 -1.13304250e-01 1.16175091e+00
    2.23539919e-01 4.69606459e-01 2.15147868e-01 6.02190912e-01
    7.05585241e-01 4.70114619e-01 1.39241648e+00 7.41775781e-02
    1.02038145e+00 1.28151453e+00 -1.46780938e-01 7.82320648e-02
    5.75040653e-03 3.11325759e-01 1.20392215e+00 9.03236628e-01
    9.02907848e-01 1.18537343e+00 -8.67326781e-02 8.00500333e-01
    1.02104700e+00 8.79391015e-01 8.54763269e-01 -1.53829664e-01
    1.27365899e+00 4.77542281e-01 2.45257646e-01 9.25986469e-01
    4.54471201e-01 3.13543499e-01 2.19778568e-01 8.95816684e-02
    -1.41530856e-01 -7.25012571e-02 7.57009685e-01 4.70780164e-01
    6.81716502e-01 1.01011348e+00 1.20023124e-01 -2.75348455e-01
    1.38568294e+00 4.29091901e-01 1.05126905e+00 6.25119030e-01
    5.56679331e-02 9.44508612e-01 5.61382592e-01 -1.59265339e-01
    6.84868693e-01 -3.60752526e-03 2.50292391e-01 2.73731917e-01
    2.71183580e-01 5.85053802e-01 -3.47106546e-01 5.50732613e-01
    3.52207124e-01 -1.45046309e-01 -1.83547270e-02 2.93571383e-01
    3.60680193e-01 1.18108380e+00 1.04765944e-01 -2.61794478e-01
    1.16503966e+00 9.15327013e-01 1.24539840e+00 8.31931531e-01
    -6.70260470e-03 9.97563362e-01 9.00972635e-03 7.64986515e-01
    1.18508613e+00 6.06941640e-01 -1.76317338e-02 8.61354709e-01
    -8.63902643e-02 3.28005791e-01 -2.57214189e-01 2.87191927e-01
    -1.09648928e-01 1.17810023e+00 -1.19619764e-01 1.09455717e+00
    4.66960490e-01 6.70074165e-01 1.38249785e-01 1.31007537e-01
    2.85229892e-01 2.19088063e-01 9.33434784e-01 2.58264720e-01
    2.44541839e-02 1.48987137e-02 9.31002021e-01 -1.23323090e-01
    5.35057843e-01 -2.76845664e-01 7.40164101e-01 6.93447769e-01
    8.33694279e-01 6.95184052e-01 1.35621202e+00 1.88772336e-01
    1.01120420e-01 7.86238730e-01 -1.81758910e-01 -3.17099392e-01
    9.47080255e-01 -1.27441045e-02 4.93040174e-01 1.03999272e-01
    9.93097901e-01 -4.08207446e-01 1.04075074e-01 7.30556786e-01
    7.14653313e-01 -3.17979366e-01 2.95909256e-01 1.29301989e+00
    -1.88831478e-01 -3.62925529e-01 1.26839137e+00 -2.46254250e-01
    1.43028826e-01 2.60961801e-01 1.04598188e+00 9.92588520e-01
    8.83087218e-01 8.92447770e-01 4.74214584e-01 1.13925707e+00
    4.48579609e-01 4.04555589e-01 3.75021547e-01 -1.61855713e-01
    1.27578342e+00 3.71615827e-01 8.66662145e-01 9.57118690e-01
    1.92194924e-01 -4.95025739e-02 9.24441576e-01 -7.37551972e-02
    1.20911211e-01 -3.53836156e-02 -2.49585629e-01 1.02897739e+00
    6.37302399e-01 7.37547994e-01 -2.00424269e-01 1.03860140e+00
    4.75350678e-01 5.79920113e-01 8.08928490e-01 7.80559480e-01
    -3.27847481e-01 8.59168842e-02 7.99110979e-02 -9.87524912e-02
    1.44672966e+00 2.59737700e-01 1.08688581e+00 6.68351889e-01
    1.13579345e+00 -1.36613205e-01 4.82302785e-01 6.49527609e-01
    8.57514977e-01 -3.64447445e-01 1.32312357e+00 1.06309724e+00
    1.20705283e+00 3.49330902e-01 8.29243898e-01 1.48898652e-02
    -2.11964801e-01 1.21080607e-01 1.28576428e-01 1.37676783e-02
    9.28289533e-01 7.55308270e-01 6.16200745e-01 -6.08519018e-02
    6.06012285e-01 2.87597835e-01 8.39153349e-01 3.35102230e-01
    4.48679686e-01 3.92085701e-01 -1.07228123e-02 2.77419865e-01
    5.88761985e-01 3.44792247e-01 1.31214762e+00 9.24872756e-01
    1.24834621e+00 1.26314476e-01 6.76847855e-03 -5.64835519e-02
    1.52272895e-01 7.83613503e-01 1.01397884e+00 7.51084507e-01
    1.01286435e+00 -1.71122625e-01 1.99084952e-01 1.18339968e+00
    2.32999310e-01 9.76758122e-01 6.85188711e-01 5.39564341e-02
    5.30138075e-01 8.77397060e-01 9.07528341e-01 1.06837976e+00
    1.23685098e+00 7.09724352e-02 -1.96405277e-01 1.26687968e+00
    1.24515867e+00 9.24811244e-01 7.82703459e-02 9.18051958e-01
    1.28020465e+00 8.41407403e-02 2.79197067e-01 1.61396757e-01
    1.10423112e+00 8.31951559e-01 6.51629329e-01 1.64273623e-02
    2.97247469e-01 7.16517866e-01 3.27221781e-01 1.34790242e+00
    5.77848032e-03 1.14144289e+00 -2.78050125e-01 5.99933028e-01
    1.00495756e+00 5.74721277e-01 -2.93531865e-01 6.98843002e-01
    1.37699330e+00 5.92511296e-01 4.56721753e-01 -1.86232090e-01
    9.84443069e-01 -2.59516627e-01 2.16440663e-01 1.15755880e+00
    1.22038388e+00 -1.70586914e-01 7.12600648e-01 1.90236092e-01
    2.52094597e-01 1.42891216e+00 -1.20203011e-01 8.66060138e-01
    -3.20619881e-01 7.63308287e-01 6.65888429e-01 -2.47642204e-01
    2.19037890e-01 1.55572012e-01 1.29970819e-01 1.03130519e+00
    8.54973257e-01 5.55090666e-01 -2.23669991e-01 4.05053735e-01
    5.44805467e-01 9.16326940e-01 9.16512460e-02 8.21689785e-01
    -3.99477601e-01 1.14306599e-01 8.34783852e-01 5.19791655e-02
    5.30116141e-01 5.79722643e-01 1.08159959e+00 2.26188779e+00
    2.00283393e-01 1.30155519e-01 9.33736742e-01 1.75001413e-01
    6.19051397e-01 -9.45760980e-02 1.11188793e+00 4.46728140e-01
    1.12391651e+00 -3.59849513e-01 1.49652921e-02 1.27098119e+00
    -2.14982495e-01 5.32819688e-01 1.01705122e+00 -3.41539085e-01
    7.01830983e-02 1.19735408e+00 -1.99769318e-01 1.41787910e+00
    -3.05678666e-01 1.09082592e+00 -1.41262352e-01 -4.96462919e-02
    3.95446271e-01 1.30960488e+00 8.65953445e-01 1.29207230e+00
    5.22940874e-01 -6.02905313e-03 3.66050750e-01 4.09265369e-01
    1.31728351e-01 4.01024461e-01 8.47207427e-01 1.91712305e-01
    9.44195807e-01 1.99835166e-01 4.79332954e-01 5.28290570e-01
    5.52035153e-01 1.03215599e+00 9.39377666e-01 7.04772949e-01
    5.71330786e-01 1.04313946e+00 1.13717496e+00 1.13325810e+00
    9.68560576e-01 3.94225568e-01 7.58849263e-01 -1.11488082e-01
    9.99471825e-03 8.49661410e-01 -9.69266593e-02 1.05422831e+00
    1.10263705e+00 5.33728838e-01 -2.93444037e-01 1.37719548e+00
    4.69334900e-01 1.83118790e-01 9.64665040e-02 1.18716276e+00
    -7.80081600e-02 1.36639166e+00 -3.66499364e-01 -2.62056530e-01
    1.10713017e+00 1.68615192e-01 1.04200459e+00 7.59805858e-01
    -1.56832963e-01 1.30715823e+00 9.81878955e-03 1.28915536e+00
    8.09282362e-01 5.35227895e-01 1.21839499e+00 7.11522520e-01
    3.36621702e-01 7.82261550e-01 9.28871810e-01 8.70705009e-01
    8.71371746e-01 1.00562835e+00 7.26784885e-01 1.13924727e-01
    2.61232287e-01 1.19315314e+00 1.18723845e+00 9.40543830e-01
    1.04653418e+00 1.32802546e-01 9.26994741e-01 2.42901191e-01
    1.19017470e+00 6.24338329e-01 2.57484972e-01 1.08863199e+00
    1.01225984e+00 1.11566651e+00 1.85305104e-02 7.57611573e-01
    1.36624134e+00 -1.38377652e-01 9.04632092e-01 9.16468263e-01
    9.69661951e-01 5.73672652e-01 4.06518042e-01 5.15324213e-02
    -1.89893529e-01 6.43169209e-02 7.31438398e-01 6.26166999e-01
    1.13479960e+00 -2.03017652e-01 1.00164390e+00 -3.32950503e-01
    2.00929478e-01 3.28839511e-01 7.03989387e-01 -6.97489753e-02
    -1.41387552e-01 6.99530423e-01 1.23905644e-01 1.18911576e+00
    1.19597661e+00 -9.48024727e-03 1.34590685e+00 1.41095757e-01
    2.88653374e-01 -9.09275264e-02 9.63872492e-01 8.17924678e-01
    1.10203159e+00 1.14410472e+00 3.00291508e-01 9.09129143e-01
    2.59123623e-01 1.06171739e+00 9.48219076e-02 -2.02200666e-01
    8.62929940e-01 9.67823565e-01 -4.08312351e-01 -5.99029809e-02
    1.29470658e+00 4.66185004e-01 3.98946106e-01 8.54909062e-01
    -4.95791584e-02 1.31211472e+00 -9.57889929e-02 2.47812808e-01
    2.41966933e-01 6.74969137e-01 -2.26923794e-01 4.09487188e-01
    6.45325303e-01 1.43557936e-01 1.19348764e+00 -4.69680160e-01
    1.07082903e+00 1.10758829e+00 -3.26336324e-01 1.12459457e+00
    9.40989077e-01 8.87209415e-01 1.24077249e+00 4.14638579e-01
    3.40997018e-02 5.62609315e-01 5.52998036e-02 6.83351398e-01
    9.60431516e-01 1.04278791e+00 2.67935425e-01 -1.49652377e-01
    1.39082110e+00 9.66567516e-01 7.02212334e-01 -1.75592557e-01
    2.63832621e-02 -3.39839786e-01 7.82703102e-01 4.16174322e-01
    -1.88872382e-01 -2.13607252e-01 1.37694395e+00 4.71459448e-01
    -1.61974654e-01 5.50268233e-01 2.05536827e-01 -1.85959309e-01
    -1.58967361e-01 1.66566700e-01 -2.10994095e-01 1.35204569e-01
    1.15366304e+00 1.39825806e-01 7.78707504e-01 5.93811810e-01
    1.07730627e+00 6.76769912e-01 2.39573509e-01 -3.54690492e-01
    3.02848238e-02 2.91257113e-01 3.24539781e-01 6.94870234e-01
    7.35889912e-01 5.92737377e-01 1.17246771e+00 1.90425709e-01
    -1.67503059e-01 1.91821754e-01 8.79225791e-01 1.32455397e+00
    -2.04513952e-01 1.35640585e+00 3.15891812e-03 3.51554066e-01
    7.13012874e-01 2.59830147e-01 2.23564982e-01 1.06645095e+00
    9.37656820e-01 -1.93506449e-01 1.19432998e+00 -1.74262181e-01
    1.16277599e+00 4.47631389e-01 2.34648898e-01 -1.13309942e-01
    6.07597351e-01 1.03214383e+00 8.93929601e-01 2.03281254e-01
    1.17473447e+00 3.28572392e-02 3.65419745e-01 1.05828202e+00
    1.70818582e-01 4.26331609e-01 3.73674631e-01 1.11671865e+00
    9.82327998e-01 1.16657293e+00 -6.90444261e-02 3.85445714e-01
    1.26299012e+00 -2.27246016e-01 3.78445476e-01 1.10460949e+00
    3.91414553e-01 1.05654097e+00 3.73386592e-01 7.79680490e-01
    3.72517377e-01 9.72067118e-02 4.72224742e-01 6.84468150e-01
    7.84869611e-01 1.03495824e+00 5.31956017e-01 -2.46705100e-01
    1.07758963e+00 1.16720271e+00 8.30673158e-01 9.17731225e-01
    1.14500785e+00 6.73691630e-02 -1.03776492e-02 2.54744530e-01
    1.20723164e+00 7.50016630e-01 8.00554872e-01 2.91601360e-01
    -1.05507568e-01 -1.86740801e-01 2.42328048e-01 -2.66671002e-01
    8.11351001e-01 3.88009787e-01 7.23409951e-02 7.87955582e-01
    2.09841609e-01 8.18442047e-01 -2.97958404e-01 1.29773283e+00
    6.33527935e-01 -2.80450284e-01 4.48511451e-01 -2.51865983e-01
    3.55329037e-01 1.15322247e-02 -7.53085017e-02 2.57759511e-01
    1.86836883e-01 1.08242822e+00 -1.70670953e-02 -4.70993631e-02
    1.14823973e+00 -1.28786832e-01 1.12494314e+00 -2.94628948e-01
    1.19816756e+00 -1.39333978e-01 -1.10300466e-01 6.12553298e-01
    8.54108036e-01 8.80139112e-01 1.19200492e+00 7.86029935e-01
    1.04566681e+00 -2.32181728e-01 6.90639317e-01 -2.01225467e-03
    8.05801153e-01 -2.24019274e-01 1.26975930e+00 4.50207829e-01
    1.02031946e+00 5.25956392e-01 3.35860223e-01 5.60217142e-01
    6.80043340e-01 -2.96126634e-01 9.53249633e-01 6.41308069e-01
    1.03711046e-01 2.82634180e-02 9.81605351e-01 8.07326436e-01
    -2.63691843e-01 6.11922979e-01 1.20225775e+00 2.89866030e-01
    1.09052241e+00 9.03998554e-01 5.70940852e-01 1.33047473e+00
    -9.59043577e-02 1.17576230e+00 7.18568742e-01 -2.14839771e-01
    9.83710468e-01 3.66019964e-01 2.04727158e-01 5.24429858e-01
    9.80052829e-01 1.95163876e-01 1.56890571e-01 -1.44865975e-01
    1.84594393e-01 9.93955553e-01 1.08599164e-01 5.17673552e-01
    1.09917201e-01 -2.63692811e-02 -3.60419631e-01 1.18942869e+00
    -1.52810425e-01 -8.00513625e-02 -4.19171900e-02 3.19365770e-01
    1.05387461e+00 9.74843800e-01 3.06532383e-01 1.06469917e+00
    6.00620329e-01 9.32337344e-01 1.65003743e-02 5.48886836e-01
    1.28939736e+00 3.54567200e-01 -2.08527401e-01 4.99025911e-01
    2.11193159e-01 4.17440712e-01 8.79611552e-01 4.10993665e-01
    3.45993072e-01 6.90360487e-01 5.49567223e-01 2.21214548e-01
    -3.10775816e-01 1.11763871e+00 3.96762490e-01 1.00174434e-01
    4.04159963e-01 1.66445673e-01 -5.76839559e-02 3.50692272e-01
    2.35322356e-01 6.86879098e-01 1.03862572e+00 7.43558586e-01
    1.91068292e-01 1.18372929e+00 1.26549518e+00 8.87817323e-01
    -1.91419676e-01 6.07851684e-01 1.34112537e-01 1.69042289e-01
    5.49986176e-02 5.27721584e-01 4.17504966e-01 -1.11343704e-01
    -3.06087762e-01 1.09747624e+00 1.34372795e+00 1.87015638e-01
    1.86646312e-01 1.06937301e+00 5.56293249e-01 1.36810577e+00
    8.99788886e-02 5.13043046e-01 3.24317962e-01 5.04876971e-01
    4.96968210e-01 -1.43419266e-01 6.25492096e-01 1.38837129e-01
    2.03268640e-02 4.67036486e-01 -4.96036969e-02 5.74433506e-01
    -1.06590912e-01 1.16603386e+00 2.09214509e-01 1.26603162e+00
    -4.27403033e-01 -1.34052306e-01 1.79432910e-02 9.35756564e-01
    8.22078884e-01 5.78216195e-01 3.55592608e-01 7.93364882e-01
    1.21880043e+00 8.13465238e-01 1.22308016e+00 -4.64312196e-01
    6.48035228e-01 9.58513021e-01 5.53521633e-01 6.26103580e-02
    8.10987726e-02 7.10084558e-01 8.85275245e-01 1.13811684e+00
    4.57798958e-01 -6.29393160e-02 1.02014482e+00 -1.17193080e-01
    7.81470716e-01 1.18768774e-02 9.29618180e-01 1.40834486e+00
    6.39468968e-01 6.62822723e-01 8.07246923e-01 3.38493645e-01
    8.24932039e-01 4.85033602e-01 1.06145453e+00 -2.85597414e-01
    3.84644270e-01 1.75682053e-01 -2.55272269e-01 1.53929293e-01
    8.72901082e-01 4.91425574e-01 1.00641739e+00 -2.75712430e-01
    6.82050586e-01 -3.45430106e-01 1.08967698e+00 5.47681212e-01
    4.74046946e-01 4.69299614e-01 -3.70817125e-01 1.06440425e+00
    5.88860154e-01 1.31434917e+00 7.16846526e-01 8.11720908e-01
    1.20395529e+00 5.14116585e-01 5.93028545e-01 5.59671164e-01
    4.75504309e-01 3.51232409e-01 1.30412316e+00 2.69061983e-01
    8.62800539e-01 7.64701486e-01 5.77605903e-01 1.34714293e+00
    -3.51071775e-01 2.58868277e-01 6.47574067e-02 6.69484794e-01
    7.59027451e-02 1.04579997e+00 8.52776051e-01 8.98529112e-01
    6.81284845e-01 8.85165036e-01 -1.67344823e-01 6.36849523e-01
    -1.33934543e-01 -2.35801339e-01 4.24253285e-01 1.23523068e+00
    6.85776412e-01 -3.82880837e-01 5.66578090e-01 8.70420635e-01
    -1.07698470e-01 4.46955323e-01 6.67536974e-01 7.55955338e-01
    -3.49902250e-02 1.03700161e+00 -3.16383541e-01 7.71078527e-01
    1.25704408e+00 -3.11908126e-01 9.23096418e-01 -8.81910697e-02
    3.49103272e-01 9.18692887e-01 1.01417303e+00 -3.47198904e-01
    7.83579469e-01 7.56329596e-01 4.31035221e-01 2.74781108e-01
    -1.02291908e-03 -2.70252883e-01 1.33146822e+00 4.15369272e-01
    4.51142788e-01 4.89762217e-01 2.90356074e-02 4.59013551e-01
    1.18788958e+00 1.14909399e+00 7.46386111e-01 -2.17313334e-01
    2.39186063e-02 5.87345846e-02 7.69782126e-01 4.16242987e-01
    9.62343991e-01 5.41792870e-01 6.26222849e-01 1.07450330e+00
    -9.50963330e-03 2.10129097e-01 1.47337699e+00 4.84840333e-01
    3.44102387e-03 3.80452394e-01 4.01158333e-01 -6.32002428e-02
    -3.03002834e-01 1.20513368e+00 6.97408676e-01 1.22962832e+00
    8.77377212e-01 4.13875341e-01 7.23990023e-01 1.06857157e+00
    7.99552202e-02 2.50480711e-01 -1.46907046e-01 8.30490708e-01
    4.27841485e-01 -1.95247471e-01 1.06866062e+00 5.78433871e-01
    8.34520936e-01 7.00294733e-01 2.90400743e-01 1.03863585e+00
    5.31990409e-01 -2.50600964e-01 1.24010015e+00 -3.17998022e-01
    6.87753618e-01 3.64811391e-01 -1.24285847e-01 1.40300348e-01
    3.44072521e-01 8.10454190e-01 9.48931217e-01 1.10079837e+00
    -3.34537834e-01 7.45937824e-01 2.55956680e-01 8.76476884e-01
    6.21146619e-01 3.17825824e-01 6.17854953e-01 1.17699432e+00
    8.77288282e-01 7.53690451e-02 8.84068981e-02 4.28920895e-01
    5.65617442e-01 1.33335984e+00 5.74091077e-01 2.74560750e-01
    -2.75881410e-01 1.01940715e+00 4.97156680e-01 -1.00349993e-01
    7.68788934e-01 5.95461786e-01 8.73501077e-02 1.20445085e+00
    1.93909600e-01 9.99475062e-01 -3.01736295e-01 -2.81696320e-01
    5.98073721e-01 -5.35862222e-02 1.33090341e+00 -1.83460526e-02
    7.76283264e-01 1.16105485e+00 7.26747394e-01 -1.01819858e-02
    -1.42934725e-01 4.52085197e-01 1.16353834e+00 1.17942202e+00
    4.01407421e-01 1.94658324e-01 1.07529223e+00 1.11356807e+00
    7.58729056e-02 8.38875175e-01 1.03851398e-02 9.36346576e-02
    9.32646036e-01 2.94139922e-01 5.30860662e-01 2.44183198e-01
    -4.30494025e-02 -3.49869460e-01 6.00749373e-01 2.94117123e-01
    4.79278862e-01 6.52767241e-01 1.91365872e-02 1.30592775e+00
    7.07574248e-01 1.15666842e+00 1.13067746e+00 1.05536389e+00
    9.02347744e-01 -2.86962003e-01 7.40951777e-01 9.32913601e-01
    -3.28896940e-02 8.47907782e-01 3.57829452e-01 -2.17816636e-01
    4.73288953e-01 1.05414186e-02 5.18779874e-01 3.34451228e-01
    8.28861654e-01 -2.49826297e-01 1.21882331e+00 1.16285169e+00
    -2.08710670e-01 -3.64415608e-02 9.96868253e-01 9.46213186e-01
    5.94059706e-01 4.36390877e-01 -1.13342606e-01 4.51094151e-01
    1.07419920e+00 3.97579223e-01 9.72391069e-01 7.26385415e-01
    -5.05093671e-02 8.67749035e-01 2.90656555e-02 2.30985940e-01
    9.53180075e-01 -9.19309407e-02 6.85274005e-01 1.34513116e+00
    9.56403166e-02 6.98686540e-01 1.77955881e-01 -1.12045668e-01
    5.95508099e-01 9.94162440e-01 7.73450375e-01 3.98616672e-01
    5.69411337e-01 -6.65792227e-02 -1.55952692e-01 1.28588641e+00
    7.65245855e-01 6.66381180e-01 7.49329746e-01 -4.24999028e-01
    7.41943419e-01 7.69421220e-01 4.14529085e-01 -1.45873263e-01
    -1.21360257e-01 4.82160628e-01 1.21229601e+00 3.75974625e-01
    1.22531295e+00 5.96230388e-01 3.17992233e-02 1.12764573e+00
    2.47349143e-01 -3.20952922e-01 5.95307827e-01 8.79847407e-01
    2.37681150e-01 1.25142884e+00 4.47250754e-01 7.91920781e-01
    -8.56268108e-02 1.24277234e+00 1.26715577e+00 6.80630684e-01
    5.50931096e-01 -2.74975330e-01 4.31716368e-02 1.22836185e+00
    -1.77783459e-01 6.56619608e-01 2.24853009e-01 1.59490511e-01
    8.46504450e-01 4.41731274e-01 -1.48253158e-01 9.34194744e-01
    8.36484015e-01 -1.04945093e-01 4.30062383e-01 -1.57399371e-01
    4.12821397e-02 1.06415898e-01 1.08960950e+00 -2.04682782e-01
    1.38667619e+00 2.57715136e-01 9.09789622e-01 1.07101095e+00
    1.98177516e-01 4.00010526e-01 7.39063144e-01 4.16304171e-01
    3.30738008e-01 1.18662369e+00 3.95079434e-01 -2.08707616e-01
    1.08143425e+00 1.09754562e+00 7.18225360e-01 6.58939838e-01
    1.06439161e+00 4.92370874e-01 6.56539738e-01 3.40129673e-01
    4.08110678e-01 3.83579612e-01 1.07005346e+00 -6.12306371e-02
    3.47266704e-01 -2.22990766e-01 1.34651446e+00 -1.97249636e-01
    1.04480946e+00 1.15848792e+00 -1.48354992e-01 1.22260809e+00
    8.09523880e-01 3.44148695e-01 -1.27091303e-01 6.44536495e-01
    2.31311202e-01 1.37052345e+00 1.15792465e+00 8.24974358e-01
    4.33507979e-01 -1.50939822e-01 -1.01224355e-01 1.26728272e+00
    5.58534622e-01 -4.07441586e-01 2.16151282e-01 1.41430688e+00
    1.91806629e-01 6.95025444e-01 1.20450377e+00 8.57116461e-01
    -3.46201181e-01 1.25905669e+00 1.26904643e+00 5.17206639e-02
    9.70709443e-01 4.01687980e-01 1.27026394e-01 -2.20110863e-01
    5.39249122e-01 -6.11333922e-02 4.06232595e-01 -6.32198825e-02
    1.19765747e+00 -5.35354242e-02 5.59591949e-02 -1.03637479e-01
    8.18703413e-01 1.97090358e-01 -2.67234772e-01 1.90232843e-01
    1.00687313e+00 -2.86733925e-01 3.86025272e-02 3.06564629e-01
    6.78488314e-01 6.90357149e-01 2.61250496e-01 1.96352988e-01
    1.06017292e+00 9.52326477e-01 3.58805917e-02 8.91683698e-01
    5.72442234e-01 -1.18813841e-02 -2.96969771e-01 4.16832417e-01
    4.05785292e-02 1.08567464e+00 8.74295384e-02 7.29701877e-01
    -6.14975356e-02 1.17433870e+00 1.72891989e-01 7.73151994e-01
    3.28275234e-01 3.73326018e-02 1.28534210e+00 4.50473607e-01
    4.19081300e-01 8.58636379e-01 2.80002296e-01 5.46416104e-01
    1.15562940e+00 -1.47594765e-01 5.98276317e-01 8.16881776e-01
    1.37729689e-01 2.84760837e-02 4.00221974e-01 1.06053507e+00
    6.68361723e-01 1.47733569e-01 1.17060113e+00 5.94478846e-01
    3.49139363e-01 7.09442496e-01 -2.49887586e-01 9.70719814e-01
    -1.36587501e-01 1.23631954e+00 1.15023291e+00 9.96564388e-01
    1.74295172e-01 1.22149181e+00 1.06817079e+00 3.19978409e-02
    1.13974333e+00 7.45710850e-01 -3.04218084e-01 4.71214563e-01
    6.85486853e-01 3.49817455e-01 -1.07402362e-01 1.10498416e+00
    6.16251767e-01 6.02487266e-01 3.15181464e-01 1.32359910e+00
    -2.45376930e-01 9.04093564e-01 -1.45251870e-01 1.75918505e-01
    -3.70068401e-01 1.23632228e+00 8.64784360e-01 7.32587874e-01
    7.47363806e-01 8.50013316e-01 1.33309174e+00 -1.53392777e-01
    -6.39733449e-02 1.13499236e+00 -4.95941453e-02 1.06725240e+00
    7.04648122e-02 -3.93230826e-01 1.05014622e+00 6.11159503e-01
    1.08202541e+00 8.87272477e-01 -9.62726548e-02 -3.34652603e-01
    1.01351404e+00 -1.23367377e-01 -4.76385951e-02 7.83888638e-01
    9.16528642e-01 -2.16676027e-01 9.90276694e-01 7.62680113e-01
    1.07056499e+00 -2.08543986e-01 1.15245521e+00 2.21337646e-01
    1.16142869e+00 2.42968008e-01 9.36799884e-01 -3.81251365e-01
    6.88616395e-01 -2.48501346e-01 9.38618332e-02 1.12607718e+00
    3.71466488e-01 1.25562882e+00 1.00236571e+00 -3.25265080e-01
    -8.60500857e-02 1.02077770e+00 9.42587018e-01 1.02615260e-01
    9.59432304e-01 1.06095053e-01 6.28879547e-01 6.30339742e-01
    2.21566960e-01 -3.19659591e-01 8.95659506e-01 7.78156638e-01
    9.26466763e-01 5.30040450e-03 8.10067117e-01 9.10723507e-01
    7.08790421e-02 9.85665321e-01 3.96034002e-01 1.95956618e-01
    1.61240309e-01 5.28967977e-01 8.19781482e-01 8.18145037e-01
    8.16144347e-01 -3.85665089e-01 1.50469995e+00 -1.36999533e-01
    1.27319798e-01 7.52626181e-01 2.41237104e-01 -2.01389194e-01
    1.30428958e+00 1.46961465e-01 9.26863432e-01 3.89735550e-01
    8.50785524e-02 1.42718983e+00 6.16424739e-01 -3.53916585e-01
    4.09911349e-02 -2.86780000e-01 6.01127982e-01 1.08367980e+00
    1.99362025e-01 -1.15549862e-02 -1.90923631e-01 1.31094444e+00
    4.10050809e-01 1.17270052e+00 -2.36411840e-01 4.46523219e-01
    4.28049237e-01 -1.46977216e-01 9.28286612e-01 1.20214796e+00
    4.40007359e-01 4.36089367e-01 1.51921272e-01 6.83958173e-01
    -9.18177441e-02 9.34670508e-01 2.93490052e-01 4.09849465e-01
    8.85645449e-01 2.11143363e-02 8.02309215e-01 1.28894180e-01
    -2.77425319e-01 7.13858902e-01 5.20500541e-01 2.01353931e+00
    1.37317312e+00 4.71221864e-01 6.37966454e-01 8.04727435e-01
    8.04261804e-01 1.08763564e+00 8.88505220e-01 -2.39579797e-01
    6.59263730e-01 -3.84442322e-02 5.57329714e-01 6.99195564e-01
    2.88119435e-01 -8.46168473e-02 2.14716271e-01 5.49854815e-01
    1.05119780e-01 -8.36728215e-02 7.82984316e-01 9.69344437e-01
    1.27129126e+00 4.36668038e-01 6.49948001e-01 1.00357306e+00
    -3.59270088e-02 -1.09123416e-01 3.74914676e-01 2.64043331e-01
    1.15316427e+00 -2.70432502e-01 8.61025572e-01 1.00576627e+00
    8.50810707e-01 -1.80054203e-01 1.96708873e-01 4.24601138e-01
    2.44871199e-01 1.64655969e-01 -7.66169047e-03 -1.47724152e-01
    6.21121041e-02 1.04398477e+00 5.41945994e-01 2.60751277e-01
    9.69599664e-01 -1.66090906e-01 -1.21801697e-01 1.85078289e-02
    -1.64804444e-01 -1.03308477e-01 1.80823967e-01 1.08953118e+00
    1.65464357e-01 1.17918205e+00 -2.53383368e-02 2.57543921e-01
    1.05806462e-01 1.27485454e-01 5.35745919e-01 1.46335497e-01
    8.55712652e-01 1.49983793e-01 -8.97398889e-02 4.75852072e-01
    3.62024941e-02 1.04828358e+00 7.66714573e-01 9.31504726e-01
    4.26803946e-01 9.20735240e-01 1.17036843e+00 7.44279802e-01
    -3.40971261e-01 2.82183677e-01 1.03071856e+00 7.35372007e-02
    1.18465833e-01 8.29774916e-01 1.30846417e+00 -2.46058360e-01
    9.58935380e-01 1.25145483e+00 7.09460080e-01 -2.63086557e-01
    5.12008369e-03 1.16691327e+00 2.44474620e-01 -5.63179255e-02
    2.70123750e-01 -2.50476241e-01 2.59274021e-02 6.75334692e-01
    5.14926851e-01 8.37605476e-01 8.27901304e-01 8.11512172e-01
    1.18416399e-01 2.13999990e-02 3.80078226e-01 1.10583448e+00
    -5.26131205e-02 7.61780366e-02 5.54174244e-01 -2.66275760e-02
    5.21559358e-01 1.02022147e+00 1.05837786e+00 3.23606849e-01
    1.13818049e+00 3.52692753e-01 6.24518633e-01 1.04280281e+00
    1.06207645e+00 1.08283842e+00 3.79980773e-01 1.51445031e-01
    2.71056384e-01 -7.62279555e-02 1.78275242e-01 1.05369413e+00
    1.17206478e+00 -3.28240871e-01 9.49603856e-01 7.01888859e-01
    -2.83909559e-01 4.44179863e-01 1.25849164e+00 7.29786396e-01
    -3.64149094e-01 7.79321194e-01 1.30000317e+00 2.82567501e-01
    -1.52880251e-01 1.31549799e+00 1.27829731e+00 6.82514384e-02
    5.33096790e-01 1.26230979e+00 4.30326723e-02 1.23842740e+00
    1.05021644e+00 -4.02987510e-01 1.85554415e-01 7.43809193e-02
    7.02016950e-01 -2.52524484e-02 7.64737666e-01 9.22663867e-01
    2.15375364e-01 -8.75292346e-02 2.07351133e-01 9.88003135e-01
    1.28954661e+00 6.81056738e-01 -2.61485100e-01 -1.02814935e-01
    -2.97296375e-01 1.15125275e+00 3.46158177e-01 7.42892504e-01
    2.38506034e-01 4.29719836e-02 9.03111994e-01 1.11898530e+00
    -2.09388927e-01 9.38214213e-02 6.21059895e-01 -3.30054969e-01
    1.09183037e+00 1.17564464e+00 -1.28415907e-02 -6.10819571e-02
    -2.55695820e-01 1.12357819e+00 1.16222620e+00 7.94581831e-01
    9.64906812e-01 7.03193724e-01 -3.44076008e-01 1.36189663e+00
    3.52911323e-01 -1.93371043e-01 1.29043624e-01 2.96697348e-01
    1.23434973e+00 6.32679641e-01 8.87220263e-01 5.60587168e-01
    -1.67870983e-01 5.19644201e-01 -7.48907775e-02 5.95348282e-03
    9.98364612e-02 8.02338243e-01 1.02496517e+00 1.39771506e-01
    -1.68605819e-01 1.16023374e+00 -1.69934794e-01 5.55480272e-02
    1.39847147e+00 -1.48243830e-01 9.85668182e-01 3.89251918e-01
    8.81336212e-01 -9.11015272e-02 6.62202239e-01 -3.17360550e-01
    1.29464173e+00 7.19538510e-01 -1.93589434e-01 -1.56429172e-01
    1.28288698e+00 8.85925710e-01 -8.44741836e-02 -3.69590381e-03
    -2.93416262e-01 4.39264685e-01 1.09822214e+00 8.24688300e-02
    1.09567559e+00 6.16288781e-02 4.29701321e-02 1.42728806e+00
    -7.42661953e-02 7.94907331e-01 3.56668174e-01 -3.84110846e-02
    3.73574197e-01 8.64312053e-01 9.71683204e-01 -4.01136667e-01
    2.80098528e-01 1.06208301e+00 7.53124774e-01 1.20374167e+00
    6.08106494e-01 1.11199296e+00 -1.56316549e-01 8.72299075e-01
    9.07033324e-01 -2.88737398e-02 8.31529856e-01 -1.12260636e-02
    -1.82565361e-01 1.27349508e+00 -2.02347618e-02 -2.73964852e-01
    7.73067772e-01 1.37010968e+00 7.78247952e-01 -2.79106677e-01
    1.23874140e+00 2.50149459e-01 7.15443134e-01 1.11002296e-01
    9.05360460e-01 -2.10969359e-01 -1.02596343e-01 -4.49366383e-02
    4.28891450e-01 4.67618674e-01 4.52747464e-01 9.63188410e-01
    2.13438079e-01 1.31592369e+00 -2.89725453e-01 7.98200250e-01
    1.42313540e-01 1.00812030e+00 -1.32087052e-01 1.36020184e+00
    6.67908907e-01 -2.74069775e-02 -1.04002200e-01 6.68639004e-01
    3.96253377e-01 1.09776056e+00 5.87111890e-01 9.13402498e-01
    5.59390843e-01 4.83655572e-01 5.93923569e-01 3.21289062e-01
    1.14188945e+00 -2.18240544e-01 3.12795997e-01 3.39964032e-01
    9.99630272e-01 7.27399528e-01 1.23480546e+00 6.39627755e-01
    8.15422475e-01 9.70079005e-01 1.07526314e+00 1.22762597e+00
    4.60538715e-01 -4.01906401e-01 1.35981238e+00 6.22173429e-01
    4.64645386e-01 2.14172587e-01 8.55250001e-01 -2.69085109e-01
    1.10739863e+00 1.02123879e-01 4.10695672e-01 6.78603888e-01
    -2.85200085e-02 8.54331791e-01 4.85519379e-01 5.56317091e-01
    4.98625189e-01 5.71021914e-01 1.26047456e+00 3.01705927e-01
    8.54701936e-01 7.45570719e-01 3.01274687e-01 1.08337080e+00
    3.67043704e-01 3.54200393e-01 -3.12902898e-01 1.36366749e+00
    9.34752285e-01 8.11036646e-01 3.38605762e-01 7.65224636e-01
    5.62454700e-01 8.24868381e-01 1.08963513e+00 1.01954138e+00
    5.82332253e-01 1.02486789e-01 9.52055573e-01 6.99520558e-02
    1.30305612e+00 8.46161246e-01 1.16855907e+00 8.56954277e-01
    1.29027724e+00 7.15819672e-02 5.44381559e-01 1.28066754e+00
    1.15250266e+00 2.44776696e-01 -1.95760950e-01 2.87372798e-01
    2.41756439e-01 9.90633607e-01 1.03270054e+00 9.48747456e-01
    5.06063178e-02 1.15039682e+00 2.31511861e-01 -5.09582460e-02
    1.67618677e-01 1.06067002e+00 9.09934103e-01 -4.09439318e-02
    8.24619293e-01 -2.54350394e-01 1.16400456e+00 5.70179164e-01
    1.03016126e+00 7.55329847e-01 3.75436515e-01 6.62359059e-01
    4.40368116e-01 1.19751573e+00 9.67322648e-01 1.20585728e+00
    7.70159900e-01 -1.64052233e-01 1.38285446e+00 1.42983757e-02
    -5.62754162e-02 -1.26181304e-01 4.04632181e-01 1.13512468e+00
    -2.35880136e-01 1.22893631e+00 7.71212578e-01 3.99352014e-01
    1.22954321e+00 5.28000832e-01 1.03963733e+00 -3.86798292e-01
    3.07333946e-01 4.83550608e-01 -3.07555676e-01 -8.80870521e-02
    9.43000317e-01 1.63581595e-01 7.39555418e-01 -2.69123316e-01
    4.43443149e-01 1.20309889e+00 -3.08382094e-01 1.11102343e+00
    1.24010539e+00 -2.43536353e-01 -6.33446276e-02 1.10005593e+00
    1.02814686e+00 9.86005604e-01 1.92120954e-01 3.06145966e-01
    3.63600627e-02 2.76066549e-02 8.81034136e-01 1.48703432e+00
    -5.32650948e-02 1.87028363e-01 1.26900792e+00 8.08154881e-01
    -2.02080831e-01 9.93254304e-01 -1.46988779e-01 9.06798124e-01
    1.04315126e+00 9.85747039e-01 1.20046401e+00 -3.11293393e-01
    9.58443701e-01 -1.04439542e-01 2.13903353e-01 1.36293161e+00
    1.07744575e+00 1.21528554e+00 6.76035523e-01 -2.36811757e-01
    7.01672792e-01 1.15003788e+00 9.43707824e-01 4.79518086e-01
    -1.77652761e-02 6.78025335e-02 -2.11452335e-01 1.27587700e+00
    5.90842545e-01 -4.37635556e-02 -3.04768801e-01 1.34222066e+00
    3.33973587e-01 6.87011242e-01 4.68891680e-01 4.81847167e-01
    1.13648272e+00 9.77359176e-01 8.30810785e-01 7.68337607e-01
    -2.14135021e-01 6.33733749e-01 8.38893890e-01 7.30117738e-01
    -1.20438607e-02 1.31714427e+00 9.18784589e-02 1.15988636e+00
    -2.46484324e-01 2.99809545e-01 1.14730859e+00 -2.67185599e-01
    9.52091932e-01 4.83239204e-01 7.26247013e-01 3.82794023e-01
    6.72859699e-02 1.29634058e+00 8.13896582e-02 -1.36983439e-01
    8.97776365e-01 3.02690446e-01 1.20594239e+00 -5.04418351e-02
    1.19525599e+00 2.05444410e-01 5.92382073e-01 1.38230157e+00
    -1.32553041e-01 -2.05094591e-02 1.35780907e+00 1.11658059e-01
    9.14945304e-01 2.67209351e-01 -2.82495201e-01 1.27062273e+00
    6.96582019e-01 1.39784575e-01 9.92362201e-01 -4.26084280e-01
    5.37797749e-01 2.32536852e-01 9.82106477e-02 -2.00384960e-01
    7.40269542e-01 1.22648013e+00 8.95658374e-01 9.63429451e-01
    -1.90882742e-01 9.49188769e-01 2.31239960e-01 7.81499624e-01
    -3.08366746e-01 -3.95947285e-02 -3.21131088e-02 6.78407609e-01
    -3.75062972e-01 8.77387941e-01 -9.54904705e-02 6.93569362e-01
    2.48213917e-01 7.69453406e-01 4.97760832e-01 2.77196050e-01
    6.76967323e-01 -2.70469129e-01 6.02402389e-01 7.82486498e-02
    3.23553085e-01 1.23833656e+00 8.25985745e-02 1.65300384e-01
    3.84158343e-01 3.95746231e-01 -2.08341166e-01 1.19795896e-01
    9.24156547e-01 2.10875079e-01 7.87601396e-02 8.73783946e-01
    1.07725334e+00 5.13569355e-01 9.79380250e-01 2.26495042e-01
    -3.50975573e-01 1.27425754e+00 4.00526762e-01 1.21172202e+00
    -1.21999405e-01 4.25717384e-01 -1.86933190e-01 1.85546249e-01
    8.65283161e-02 1.34220123e+00 -2.85426736e-01 9.51999903e-01
    1.17480326e+00 -1.88069329e-01 7.91671455e-01 6.23946965e-01
    7.39966750e-01 7.65348554e-01 -1.44762352e-01 6.99274659e-01
    1.49289742e-01 7.90822387e-01 5.04063904e-01 4.36593294e-01
    7.69409299e-01 -4.61438410e-02 8.22164536e-01 -2.14216467e-02
    -2.32780748e-03 9.00323987e-01 -7.13638670e-04 -9.23667699e-02
    1.06745350e+00 1.06794763e+00 4.89461154e-01 5.82018048e-02
    8.45541775e-01 -2.22891301e-01 8.43770266e-01 4.25342232e-01
    1.13704607e-01 1.13982335e-01 7.37637162e-01 -3.77870411e-01
    6.36682272e-01 8.50785255e-01 8.08973610e-01 5.90294972e-02
    3.32930475e-01 6.91138804e-01 1.24021196e+00 3.82265717e-01
    3.38780671e-01 4.56100345e-01 6.08783245e-01 -2.54754797e-02
    2.61672705e-01 -8.39966983e-02 6.91073984e-02 6.41924739e-01
    -4.81863804e-02 1.39160717e+00 -2.68698990e-01 2.71239430e-02
    1.17653036e+00 6.58374488e-01 8.90621960e-01 1.51798025e-01
    9.82339084e-01 1.04842174e+00 4.12097871e-01 2.15105504e-01
    -2.09397167e-01 3.62590641e-01 4.04992551e-02 7.24523127e-01
    3.65782619e-01 3.50549728e-01 -2.12428674e-01 9.96746898e-01
    1.40667439e-01 4.58071470e-01 9.69535112e-01 6.54084742e-01
    7.36182213e-01 -2.83758998e-01 1.13131022e+00 1.50247335e-01
    1.04824328e+00 -3.03539097e-01 9.07578349e-01 -1.57178685e-01
    9.20216501e-01 7.82425702e-02 1.32523513e+00 1.25174776e-01
    2.25672461e-02 5.96575856e-01 1.69157475e-01 5.36916375e-01
    4.07014757e-01 1.32721269e+00 -2.45603129e-01 9.64436471e-01
    -4.35404122e-01 1.07596850e+00 4.43825833e-02 1.19815862e+00
    1.28676414e+00 5.33930898e-01 1.01502538e+00 -1.92865312e-01
    1.09988368e+00 2.90101081e-01 1.32685041e+00 9.33670066e-03
    -2.24685252e-01 5.33774316e-01 7.27273941e-01 2.95041621e-01
    6.18620217e-01 1.00780874e-01 8.79535973e-01 6.35384798e-01
    1.03700411e+00 1.15294087e+00 3.79842401e-01 7.93528080e-01
    1.19761539e+00 -1.92362249e-01 1.21416174e-01 -2.45092049e-01
    5.41571379e-01 3.61276269e-01 8.99149626e-02 1.33774507e+00
    7.85500646e-01 1.08212078e+00 1.28108060e+00 3.80902022e-01
    1.78457722e-01 4.26804751e-01 8.54684114e-01 4.04502511e-01
    1.82716385e-01 1.30795372e+00 1.32132840e+00 -9.76453628e-03
    -8.61833170e-02 -3.90533265e-03 9.03566062e-01 -1.45081565e-01
    -1.43392786e-01 1.16947770e+00 -2.63493270e-01 6.67017400e-01
    5.30093253e-01 4.51213002e-01 7.03213751e-01 8.20642650e-01
    6.40850782e-01 -2.53478914e-01 6.68159425e-01 -9.62293372e-02
    1.07313573e+00 -1.40791908e-02 -5.39688021e-02 4.05258179e-01
    5.56049347e-01 3.33349735e-01 1.11686245e-01 3.85318726e-01
    6.96470320e-01 -1.45607486e-01 9.52734828e-01 -1.38598725e-01
    1.31743824e+00 1.62405849e-01 6.54899657e-01 1.32035398e+00
    -9.54857692e-02 6.22270405e-01 1.23196471e+00 1.29558565e-03
    2.86693871e-01 9.48621452e-01 1.29206455e+00 -3.13671738e-01
    1.34590995e+00 4.01316062e-02 -9.39610526e-02 1.47116792e+00
    4.19085085e-01 9.64762151e-01 7.36275196e-01 6.61694825e-01
    2.45324895e-01 1.25918710e+00 1.03044856e+00 -2.82969922e-01
    6.74729645e-02 7.92217255e-02 1.14124894e+00 -3.80919538e-02
    5.95323622e-01 6.83854282e-01 3.98300856e-01 6.67668045e-01
    1.04570138e+00 1.52641609e-01 -2.10859686e-01 1.35634077e+00
    4.48440798e-02 6.92124903e-01 6.08431220e-01 2.51889020e-01
    -2.06863940e-01 1.42943695e-01 1.16397463e-01 -3.90904069e-01
    5.90429127e-01 5.70330203e-01 9.40134466e-01 8.17611814e-01
    1.35521615e+00 3.04906458e-01 6.23396814e-01 4.13218379e-01
    6.40335560e-01 7.77913868e-01 9.15479064e-01 2.10932231e+00
    1.28609335e+00 -3.15365553e-01 1.28108990e+00 -1.28667995e-01
    3.67152393e-02 1.99230909e-02 1.30932295e+00 9.55365956e-01
    5.49452186e-01 -3.24349944e-03 3.58245522e-01 8.55738893e-02
    -2.44641234e-03 1.28012383e+00 1.16682899e+00 4.60308939e-01
    5.27361095e-01 1.30123889e+00 3.08590919e-01 2.50169128e-01
    -2.09531829e-01 1.28348336e-01 1.23081172e+00 4.27655190e-01
    8.13972592e-01 9.78498280e-01 8.12645972e-01 -2.71554381e-01
    6.56402171e-01 4.17328715e-01 1.02625537e+00 1.87596694e-01
    -1.61922053e-01 2.57890344e-01 1.36185086e+00 -2.15771571e-01
    5.52140415e-01 6.42993897e-02 4.29552764e-01 8.88455391e-01
    2.57573992e-01 3.13995540e-01 5.41267395e-01 4.12834913e-01
    -1.20734446e-01 -2.45032851e-02 2.90981114e-01 1.10190165e+00
    3.02387208e-01 -7.59823294e-03 -1.06759511e-01 1.27787375e+00
    -2.95892488e-02 8.58225822e-01 1.46441564e-01 1.11077571e+00
    -9.01911333e-02 -1.95452571e-01 8.20796728e-01 1.22075319e+00
    8.31670046e-01 9.27976966e-01 1.16918731e+00 -3.50041360e-01
    1.16795421e+00 1.03180778e+00 1.17236018e+00 9.00554299e-01
    3.50030273e-01 -1.23752616e-01 2.23816097e-01 6.69494927e-01
    5.53435862e-01 3.81267577e-01 -2.64266610e-01 4.20882367e-02
    1.07885396e+00 3.71102929e-01 1.93660364e-01 1.61626205e-01
    7.63964236e-01 1.07981527e+00 7.95402467e-01 5.08955359e-01
    -2.96640813e-01 9.39123571e-01 3.20578545e-01 -2.65033562e-02
    -1.44209281e-01 1.51043132e-01 -1.00588717e-01 1.36706972e+00
    1.20389856e-01 5.17356277e-01 -3.37415099e-01 1.42578530e+00
    1.71872929e-01 9.31711376e-01 -6.37860373e-02 -2.41736934e-01
    9.27017629e-01 9.07167941e-02 1.28234363e+00 1.08972311e+00
    5.62979460e-01 1.24789882e+00 -3.12717736e-01 9.65438783e-01
    4.60192382e-01 1.02342308e+00 7.83989206e-02 2.53025562e-01
    1.05357122e+00 -4.46188301e-02 1.02898777e+00 9.35306549e-01
    5.10922298e-02 3.53900701e-01 3.51984799e-01 -3.30010802e-02
    -1.93614811e-01 9.99328971e-01 -2.58310676e-01 3.42333287e-01
    -2.61269540e-01 1.85340479e-01 1.32074761e+00 4.57988232e-01
    2.32022017e-01 8.54421079e-01 4.51279521e-01 3.43673825e-01
    -2.02296123e-01 8.27113271e-01 8.14975202e-01 6.32583082e-01
    2.99289644e-01 1.11625803e+00 9.51473415e-02 4.67506528e-01
    1.18369734e+00 1.03224409e+00 8.72340083e-01 7.59360313e-01
    7.38646269e-01 8.25109899e-01 1.09663141e+00 3.29398811e-02
    6.80182278e-01 2.52844334e-01 4.39208150e-01 3.72481316e-01
    -1.03918158e-01 -2.68482655e-01 4.33782130e-01 8.11571717e-01
    1.08288848e+00 6.26189709e-01 1.13673985e+00 -3.85819316e-01
    9.84515607e-01 -2.10379615e-01 6.10810876e-01 1.15408027e+00
    3.14362228e-01 3.76314908e-01 3.44249576e-01 9.96256694e-02
    1.41226232e+00 8.43959451e-02 6.76909208e-01 8.61416310e-02
    4.97006297e-01 2.42182940e-01 4.62205321e-01 5.64089656e-01
    9.03103590e-01 1.28796494e+00 6.41519502e-02 1.06965840e+00
    1.34463191e-01 -1.14085078e-02 1.20461512e+00 -1.13638401e-01
    3.37963700e-01 6.85469449e-01 -4.19970937e-02 8.36956263e-01
    5.63816130e-01 5.87525249e-01 9.68728483e-01 -3.53156149e-01
    6.22862756e-01 9.96132195e-01 1.24186015e+00 2.98296452e-01
    -2.15727746e-01 1.16045237e+00 9.20953453e-01 -3.36807728e-01
    8.14558387e-01 2.90015489e-01 1.64203048e-02 4.51448411e-01
    3.71706337e-01 4.33413059e-01 6.86972737e-01 1.26193130e+00
    3.52719516e-01 5.24303913e-02 3.31656814e-01 1.19409156e+00
    -1.46809235e-01 2.12411676e-02 8.11535716e-02 2.56788731e-01
    -2.30702862e-01 9.65472102e-01 1.14861298e+00 9.72181261e-01
    5.37141502e-01 6.53197944e-01 -2.00691789e-01 1.14719355e+00
    -1.53386831e-01 9.06691253e-01 -2.97767282e-01 5.62715411e-01
    8.11492085e-01 -3.22210044e-02 8.77298951e-01 -6.13547377e-02
    8.86686623e-01 1.36368275e+00 1.73683360e-01 -1.78735390e-01
    1.20857787e+00 2.69638389e-01 6.20350718e-01 -1.21331669e-01
    5.03789067e-01 5.45056462e-01 1.19874907e+00 1.34972107e+00
    -3.88645194e-02 2.41918787e-01 1.32389218e-01 3.51359904e-01
    -4.39022869e-01 7.28069603e-01 1.23273289e+00 1.02138259e-01
    1.18844891e+00 1.32585156e+00 1.28040370e-02 1.71048856e+00
    7.89420068e-01 2.31767893e-01 1.02111554e+00 5.02995968e-01
    6.85819566e-01 2.61336952e-01 2.23254822e-02 8.23049843e-01
    2.35073403e-01 -2.40349248e-01 9.14333463e-01 2.54807502e-01
    6.23599529e-01 1.20751910e-01 -2.30750233e-01 3.86361957e-01
    2.23040432e-01 2.50001043e-01 1.78845435e-01 -2.97709674e-01
    8.95602345e-01 1.14135838e+00 2.34548599e-01 -2.41324827e-01
    7.12007284e-01 1.10515189e+00 1.05984092e+00 1.13279834e-01
    -1.58946812e-01 -1.96190730e-01 6.67017817e-01 8.48928392e-01
    2.15735674e-01 9.42978084e-01 -4.72527683e-01 1.21275115e+00
    1.28353333e+00 4.70428199e-01 3.92275214e-01 -6.04680516e-02
    1.13066077e+00 3.25557142e-01 -9.35301855e-02 4.71371859e-01
    -2.08783317e-02 1.08740143e-01 8.73416066e-01 1.91435918e-01
    -1.53819740e-01 3.48353475e-01 -1.40132740e-01 7.68680096e-01
    6.44660056e-01 -8.13278258e-02 7.53946543e-01 5.06349981e-01
    1.12302935e+00 -7.16067329e-02 5.60203493e-01 -2.30685443e-01
    3.75932306e-01 3.56982887e-01 4.25000519e-01 -1.42793253e-01
    7.59671867e-01 8.41049075e-01 8.35255861e-01 4.06907767e-01
    -2.55298138e-01 1.53385723e+00 6.73866332e-01 1.83890224e-01
    4.73395199e-01 2.41075866e-02 3.75668228e-01 6.06477320e-01
    4.25313979e-01 1.01543033e+00 9.31183159e-01 2.32287988e-01
    8.35668445e-01 2.79197365e-01 1.00990370e-01 1.10941803e+00
    5.13109088e-01 1.96137056e-01 1.02699220e+00 1.13760710e+00
    -1.94671676e-01 1.36441875e+00 -2.39734665e-01 6.06410980e-01
    -2.49813069e-02 1.03237855e+00 1.15788162e+00 5.53590715e-01
    -8.83882195e-02 4.66486752e-01 -2.11791918e-01 6.16358757e-01
    6.90428615e-01 1.17732954e+00 -1.01308767e-02 -1.00473106e-01
    -6.30837083e-02 1.30990911e+00 -3.71602714e-01 4.80980396e-01
    6.56014442e-01 1.11072803e+00 9.70078707e-01 -3.50625068e-02
    6.84658885e-02 -1.99024051e-01 1.09331584e+00 1.08215928e+00
    4.59228724e-01 1.03226328e+00 4.93022978e-01 -2.25433335e-01
    6.92143738e-01 7.50673711e-01 7.54899681e-01 1.89331040e-01
    1.03213072e+00 3.54484618e-01 2.18263134e-01 7.10135400e-01
    8.85593772e-01 9.00519550e-01 1.52236283e-01 -1.15409024e-01
    5.10892970e-03 -3.38491261e-01 1.29548204e+00 7.18099117e-01
    9.19343710e-01 1.17386174e+00 8.44858766e-01 1.70659959e-01
    9.99443889e-01 1.06190073e+00 1.12923157e+00 1.88659817e-01
    -1.94241598e-01 9.00025308e-01 2.10170215e-03 2.57780671e-01
    5.24962723e-01 6.13791049e-01 6.30147517e-01 5.20278752e-01
    1.26538551e+00 1.37011945e+00 -7.64069036e-02 -2.69068688e-01
    6.35066032e-01 -1.60920128e-01 9.54325616e-01 4.01470214e-01
    -2.39066407e-01 1.35076308e+00 -4.98336516e-02 1.62823066e-01
    8.15774322e-01 7.75820494e-01 -1.76740199e-01 6.49828076e-01
    -2.25902632e-01 2.03584313e-01 1.13864772e-01 -3.23914915e-01
    1.37976778e+00 8.90517831e-01 2.03882039e-01 1.22210705e+00
    -5.53942025e-02 4.23835307e-01 3.17839712e-01 7.00649977e-01
    -1.20899811e-01 1.14624703e+00 3.42922751e-03 1.41316473e+00
    6.04016840e-01 2.43790001e-01 9.99191463e-01 -8.87696296e-02
    9.99138057e-01 8.56620252e-01 1.14302397e+00 5.71482360e-01
    1.11630917e+00 -1.28578514e-01 8.74680281e-01 1.32877266e+00
    -7.04791322e-02 -4.79814671e-02 3.29899281e-01 1.06835628e+00
    1.27197623e+00 1.42021582e-01 1.28535771e+00 1.14435196e+00
    -4.05072719e-01 1.16838014e+00 9.07457113e-01 6.17727578e-01
    1.32236034e-01 1.01350859e-01 1.01785862e+00 9.03138742e-02
    6.53890848e-01 2.36154735e-01 1.00365591e+00 9.45471287e-01
    1.32404017e+00 -1.25299990e-01 6.18755162e-01 7.74173886e-02
    -1.78632677e-01 6.55392885e-01 2.59820759e-01 5.15848458e-01
    7.62121916e-01 -2.75407940e-01 1.00835252e+00 8.19717765e-01
    1.11128592e+00 9.62734878e-01 1.21398354e+00 1.76656067e-01
    2.72456110e-01 2.26912245e-01 1.00817204e+00 4.65698063e-01
    -2.25986853e-01 4.12692249e-01 3.20456654e-01 7.12003529e-01
    2.26026803e-01 2.89607793e-01 1.27057743e+00 -3.55051249e-01
    1.33190846e+00 1.33111313e-01 1.37275290e+00 4.34743613e-01
    8.42764378e-01 9.64959800e-01 1.04662347e+00 -5.27018122e-02
    -1.10194393e-01 -2.59856910e-01 2.25352958e-01 1.79102802e+00
    8.22954774e-01 2.25878224e-01 1.21785092e+00 -3.56163502e-01
    6.18348897e-01 1.24546659e+00 1.16196918e+00 7.00322449e-01
    1.72731027e-01 1.11236453e+00 -1.03086360e-01 2.90910721e-01
    4.51524645e-01 -5.32257855e-02 7.97776699e-01 1.27755439e+00
    -1.46316394e-01 3.94836217e-02 1.16318607e+00 1.11313009e+00
    5.09848446e-02 1.12389147e+00 4.46476668e-01 -1.71678618e-01
    5.30579627e-01 7.60195732e-01 9.66849089e-01 7.96303928e-01
    1.08784890e+00 1.10585785e+00 7.35216022e-01 1.14786053e+00
    1.15665294e-01 1.07531726e+00 1.13383687e+00 8.03745270e-01
    -3.97633016e-01 9.69042003e-01 1.19312096e+00 1.03123832e+00
    -2.48288531e-02 -3.58195528e-02 8.66585195e-01 1.05082381e+00
    1.02052915e+00 3.80716503e-01 -2.18457863e-01 9.05151427e-01
    8.07207525e-01 -2.27269173e-01 2.30398983e-01 7.40878880e-02
    5.34634650e-01 3.44924897e-01 1.22763240e+00 1.08639729e+00
    1.11572659e+00 -1.01916850e-01 1.09617221e+00 -1.72434106e-01
    4.92361516e-01 2.37540603e-01 9.22707260e-01 5.49875200e-01
    2.52979882e-02 5.63201368e-01 7.95798063e-01 -1.86924264e-01
    -1.03022337e-01 -2.41861910e-01 -2.15405628e-01 1.75819114e-01
    2.09298447e-01 1.00536823e+00 8.60778570e-01 1.14094782e+00
    2.53584325e-01 5.71301043e-01 1.27175260e+00 -2.82148868e-01
    1.11395288e+00 7.11049914e-01 1.06403100e+00 5.05320311e-01
    7.01904237e-01 5.11188865e-01 1.04440558e+00 6.17882609e-02
    -1.41393095e-01 5.76175094e-01 1.38675183e-01 3.61703426e-01
    3.43361229e-01 1.16746986e+00 -2.99775958e-01 1.70648992e-01
    1.10739779e+00 -3.35907966e-01 1.31226170e+00 -2.55314022e-01
    7.36256018e-02 1.95741370e-01 1.31530631e+00 4.99865055e-01
    1.02471817e+00 2.72027910e-01 1.21216750e+00 -6.16017543e-03
    6.02562070e-01 4.76228744e-01 -1.91618428e-01 8.06083977e-01
    -2.60611743e-01 1.15894914e+00 -8.19919631e-03 8.50661218e-01
    -2.45034054e-01 1.28040695e+00 8.30365062e-01 1.15337169e+00
    3.02196085e-01 8.53684604e-01 8.26085359e-02 1.28050104e-01
    6.31971098e-03 1.15679574e+00 3.52488160e-01 -3.44625950e-01
    9.62228775e-02 5.21035790e-01 5.88465706e-02 8.97365928e-01
    1.08610439e+00 8.54767799e-01 5.83843095e-03 1.45998269e-01
    -3.91041189e-02 1.83937803e-01 1.06739020e+00 -6.79053552e-03
    8.46444309e-01 4.56059873e-01 7.96438277e-01 5.25727749e-01
    -3.78351249e-02 8.34413171e-01 5.04228234e-01 8.30077350e-01
    -1.86335117e-01 2.24949628e-01 1.44212604e-01 1.28604877e+00
    1.92655191e-01 8.60473990e-01 -2.19459653e-01 1.45544696e+00
    -7.94074386e-02 8.75404477e-01 1.14800239e+00 -2.03393087e-01
    5.30807197e-01 6.15181327e-01 -8.27735290e-03 1.17176056e+00
    3.87690365e-01 1.27589655e+00 5.08288264e-01 6.59214497e-01
    2.57011741e-01 3.82799096e-02 7.83644840e-02 1.26727247e+00
    -4.33810443e-01 -3.16714905e-02 1.20685351e+00 2.52894700e-01
    -2.53011826e-02 8.64122748e-01 9.35801864e-01 3.72298419e-01
    -1.24382526e-01 1.36478126e+00 7.41259336e-01 -8.36673602e-02
    6.35884225e-01 1.14811802e+00 9.07792032e-01 9.92640555e-01
    6.76436126e-01 8.38679194e-01 5.27611732e-01 8.19894969e-01
    7.67697275e-01 -3.69570673e-01 1.32773876e+00 -3.52754623e-01
    1.11938107e+00 1.09710622e+00 1.08299577e+00 5.59682548e-01
    -2.68205673e-01 1.16473448e+00 3.70217085e-01 9.53333855e-01
    2.14383364e-01 7.28697896e-01 4.45236504e-01 -6.61040246e-02
    7.01023936e-01 1.22452080e+00 -2.69417465e-01 2.95226693e-01
    1.32964885e+00 6.93927631e-02 7.44578540e-01 3.41969073e-01
    6.07832551e-01 7.02988982e-01 1.17967510e+00 1.33170903e+00
    6.16214514e-01 2.62383193e-01 -1.20125279e-01 1.12091064e+00
    1.17285395e+00 -4.30466145e-01 1.26801860e+00 1.16437018e+00
    -2.99536765e-01 8.60915184e-01 -2.95379162e-01 3.08332443e-01
    1.19982684e+00 -8.85160789e-02 6.98041841e-02 -3.14106606e-02
    1.27040458e+00 1.19684219e+00 8.70700002e-01 7.21383512e-01
    7.39628196e-01 1.77521080e-01 -1.63875803e-01 8.55696380e-01
    8.58090818e-01 6.68643475e-01 -2.06262991e-01 1.28270555e+00
    -9.88098010e-02 6.24629557e-01 -4.48687851e-01 1.17439735e+00
    -2.44628713e-01 7.41619110e-01 1.12921190e+00 1.68709230e+00
    6.02560043e-01 -1.87199086e-01 4.65790600e-01 8.15755427e-01
    -1.91884011e-01 5.08393824e-01 8.52783620e-01 4.34195757e-01
    7.49120712e-01 1.07381654e+00 5.53365707e-01 3.45503747e-01
    1.38296521e+00 -1.14359498e-01 -7.18181655e-02 1.15378952e+00
    -1.71925843e-01 1.39413142e+00 -3.38972807e-01 2.48571321e-01
    1.30156946e+00 2.33665913e-01 1.28036249e+00 6.71996117e-01
    9.47130680e-01 6.88753903e-01 2.94495791e-01 6.05244577e-01
    4.86278385e-01 8.24078918e-02 2.73234993e-01 8.16789746e-01
    -1.16746619e-01 -2.93340012e-02 1.13605611e-01 4.89308625e-01
    1.87184513e-01 -1.45497248e-01 -2.26224616e-01 5.06822504e-02
    5.50327539e-01 1.11315286e+00 1.04635596e+00 -3.65648925e-01
    1.05507600e+00 -2.72660684e-02 5.18871665e-01 1.27040458e+00
    1.02792716e+00 1.55609772e-01 6.02680266e-01 4.22969967e-01
    1.04705322e+00 2.21971378e-01 -3.75285029e-01 1.13541067e+00
    7.67289519e-01 6.09800696e-01 9.79131877e-01 2.65522510e-01
    -2.19706088e-01 7.09838331e-01 9.76355612e-01 5.06354272e-01
    6.99345589e-01 4.67837334e-01 5.64932227e-01 1.19802344e+00
    8.64786744e-01 7.13116527e-01 1.22390747e+00 1.23338747e+00
    6.47682488e-01 1.21373546e+00 6.22395694e-01 -6.73277900e-02
    1.28748560e+00 -3.13247561e-01 -9.40879285e-02 6.74607396e-01
    -2.77244389e-01 4.45867449e-01 1.32075322e+00 -3.81931692e-01
    -9.31620672e-02 6.32317066e-01 2.80993909e-01 2.65209049e-01
    1.32523513e+00 8.01594973e-01 8.26359153e-01 9.96092737e-01
    4.55197543e-01 7.52376735e-01 1.07845478e-01 7.87738502e-01
    -2.64186114e-01 9.30078387e-01 4.58462685e-01 3.61966163e-01
    -1.55998945e-01 5.26492484e-02 -7.92415440e-02 -9.35869664e-02
    1.32769763e-01 3.26293468e-01 -2.46914640e-01 3.81558090e-01
    1.16187608e+00 2.20685184e-01 1.26875079e+00 -1.02470428e-01
    1.36973524e+00 6.05162144e-01 6.62565351e-01 7.39282548e-01
    1.02512109e+00 6.44408941e-01 2.95567326e-02 2.54117787e-01
    -1.13241948e-01 1.08462310e+00 1.17010224e+00 4.03155446e-01
    1.26692975e+00 1.09842515e+00 1.07785726e+00 1.21099591e+00
    -2.24439651e-01 9.70036566e-01 9.95650232e-01 5.34367323e-01
    -6.92115799e-02 1.02298820e+00 3.41379136e-01 7.87165523e-01
    -2.07944304e-01 1.00209105e+00 7.06393063e-01 5.70244789e-01
    -2.08002180e-01 -2.78186172e-01 1.20921576e+00 3.56867373e-01
    4.02738959e-01 1.38614699e-01 1.15119405e-02 2.28734717e-01
    1.21291184e+00 1.29942036e+00 7.98921883e-01 3.96297097e-01
    6.66931197e-02 1.03597915e+00 1.23518002e+00 6.92432821e-01
    -2.87766784e-01 1.13835025e+00 7.00402081e-01 3.40931714e-01
    8.86721443e-03 6.31127536e-01 -2.84087360e-01 1.06413269e+00
    -9.60853398e-02 7.55308688e-01 -3.41701448e-01 1.06965542e+00
    4.66871411e-01 6.69948816e-01 6.41934872e-02 2.77722895e-01
    1.33076739e+00 -2.02829674e-01 8.80879521e-01 -1.25239164e-01
    1.01497245e+00 -3.04157943e-01 9.85823095e-01 1.24973106e+00
    6.34849131e-01 -2.44749337e-01 1.83514133e-01 -1.90535620e-01
    1.01308382e+00 1.21405232e+00 -2.96262771e-01 5.34877300e-01
    1.27930582e+00 -4.64027673e-01 1.21512771e+00 9.20875967e-02
    1.09218729e+00 1.85075961e-02 9.71743226e-01 1.18413925e+00
    -1.97847724e-01 1.08172584e+00 -1.40582398e-01 7.31371939e-01
    -3.25558372e-02 3.54857713e-01 -6.50635809e-02 -1.47667095e-01
    6.43692195e-01 5.15650332e-01 9.72679198e-01 9.81445670e-01
    5.61081111e-01 8.28180194e-01 1.16240871e+00 4.45725732e-02
    -2.47265860e-01 1.92516744e-01 7.96963096e-01 5.01348794e-01
    1.43566892e-01 -2.56686985e-01 4.94474679e-01 -3.64370644e-01
    2.40336675e-02 9.45632696e-01 8.89737248e-01 6.53505087e-01
    1.20232105e+00 6.79664135e-01 9.14936125e-01 9.29825306e-02
    2.39638925e-01 1.20167859e-01 8.59404728e-02 1.08490646e+00
    1.00155428e-01 1.77178293e-01 4.36332136e-01 7.14646935e-01
    6.58462226e-01 8.10258329e-01 -3.64736795e-01 1.25537837e+00
    2.53408670e-01 7.32735574e-01 1.52457684e-01 -2.55658567e-01
    9.11106706e-01 7.76643932e-01 -2.77436450e-02 1.01058137e+00
    1.11904776e+00 1.06764615e+00 7.09486365e-01 7.06631541e-01
    5.83476067e-01 1.20181523e-01 6.68513477e-01 1.40530038e+00
    -1.70617610e-01 6.61887407e-01 7.65730739e-01 1.02111483e+00
    1.37861192e+00 -2.72660375e-01 3.73151362e-01 3.83220464e-01
    -1.02237873e-01 1.23881114e+00 -6.66442215e-02 1.11037076e+00
    4.77236778e-01 3.69150817e-01 1.36400759e+00 -3.95404309e-01
    5.26139975e-01 1.19290698e+00 9.35494602e-01 -2.80379504e-01
    1.30862999e+00 2.19208121e-01 -2.68269897e-01 -5.65436762e-03
    5.55222332e-01 5.37545800e-01 -2.25195274e-01 4.20858264e-01
    -2.89958149e-01 1.26536620e+00 -2.87312567e-01 4.93212789e-01
    1.34809351e+00 1.10760033e-01 7.18994200e-01 -1.93451464e-01
    -9.15725231e-02 -2.16505200e-01 6.92789972e-01 7.58650839e-01
    -9.46545005e-02 9.69581068e-01 -2.68826246e-01 1.28349978e-02
    -2.97042519e-01 1.10161495e+00 2.42294982e-01 -7.15397578e-03
    -2.79181421e-01 1.01163363e+00 1.63822677e-02 9.05732512e-01
    -3.11070621e-01 4.89654064e-01 6.50375307e-01 4.33498383e-01
    1.00761628e+00 6.98841870e-01 1.14443934e+00 5.52635431e-01
    5.62594593e-01 4.68530953e-01 6.80098772e-01 1.05138326e+00
    6.37695909e-01 4.14310575e-01 1.09983087e+00 2.73538023e-01
    7.40509182e-02 1.10682154e+00 8.71750474e-01 -1.36515824e-02
    4.52187717e-01 -7.25800619e-02 -1.23914234e-01 8.26961517e-01
    1.13377285e+00 6.02809191e-02 7.91305840e-01 4.24634308e-01
    1.11499226e+00 -2.00982854e-01 -1.29959673e-01 1.28268719e+00
    -1.41865700e-01 8.01244318e-01 2.08337292e-01 1.10269673e-01
    2.23037302e-02 -1.21814311e-01 7.98031449e-01 -5.66623695e-02
    -7.23370090e-02 1.27932751e+00 -3.56256783e-01 9.23202872e-01
    8.19333017e-01 6.42967641e-01 3.63544136e-01 1.19859028e+00
    4.68375176e-01 -7.88719282e-02 2.34191269e-01 9.21524763e-01
    5.84926367e-01 3.79527986e-01 5.43128811e-02 8.66226077e-01
    -3.95700604e-01 2.45386615e-01 8.66827071e-01 7.41483927e-01
    3.69955629e-01 6.82552576e-01 4.81839269e-01 -1.03989104e-02
    -2.60214984e-01 6.45740151e-01 3.31995711e-02 2.46650785e-01
    4.28941786e-01 1.08650219e+00 -1.65342286e-01 3.70087892e-01
    2.51289815e-01 -2.56596237e-01 5.60114741e-01 5.92502236e-01
    3.69572975e-02 5.58833964e-02 4.19721454e-01 4.49762553e-01
    2.32103959e-01 9.24111605e-01 2.87753224e-01 -1.25483572e-01
    7.53178418e-01 -1.06213897e-01 8.64468515e-01 3.66245747e-01
    6.47908030e-03 1.40264475e+00 5.53128242e-01 9.14514065e-01
    5.66372156e-01 1.24010205e+00 9.71713290e-02 -1.83264554e-01
    8.56583416e-01 -3.25926542e-01 4.32165354e-01 1.27269447e+00
    -2.81954229e-01 -1.30763710e-01 5.74832201e-01 7.40624964e-01
    1.24725485e+00 -3.50281209e-01 1.10898578e+00 2.74632126e-01
    -3.01983207e-01 1.02717090e+00 -2.80299574e-01 1.33950925e+00
    3.12078953e-01 1.17711592e+00 -1.40023738e-01 1.90705493e-01
    2.82875244e-02 2.46063903e-01 6.76195860e-01 1.17423248e+00
    1.17828786e+00 9.11905944e-01 3.80366534e-01 1.31568074e+00
    -2.71041840e-01 6.33971751e-01 1.01826996e-01 8.70743394e-01
    1.60796911e-01 1.13469338e+00 7.10687160e-01 1.27342612e-01
    -7.29496554e-02 3.46718729e-01 -3.37887973e-01 1.16708863e+00
    8.82088780e-01 4.67823386e-01 1.00526452e+00 6.52723670e-01
    -1.04103491e-01 1.37088299e+00 7.69883811e-01 4.44109172e-01
    3.37605596e-01 1.25236475e+00 -4.12624665e-02 5.07269681e-01
    3.01097482e-01 -2.38864869e-01 1.23451364e+00 2.14212373e-01
    8.60238731e-01 6.03089690e-01 3.08230847e-01 -2.48739079e-01
    5.78611672e-01 9.81781721e-01 -1.55790001e-01 9.69693840e-01
    1.07924294e+00 -2.96760023e-01 7.95962274e-01 -2.47126281e-01
    2.57935315e-01 5.26342809e-01 -5.55138709e-03 9.71145570e-01
    1.97260365e-01 5.55781245e-01 -1.87023699e-01 3.48219037e-01
    4.26881880e-01 -1.81916222e-01 1.87766105e-01 4.04739588e-01
    2.02735439e-01 4.37690824e-01 1.12842083e+00 9.29813366e-03
    1.04437244e+00 -1.40905678e-01 -7.27896616e-02 7.11894453e-01
    5.00159860e-01 1.15878105e+00 5.69104254e-01 3.05651248e-01
    1.00805318e+00 4.12927806e-01 2.58083612e-01 -2.11326376e-01
    1.19312513e+00 -1.27717284e-02 1.32079148e+00 9.87702608e-01
    2.40064621e-01 3.01616583e-02 -1.59675211e-01 7.83420086e-01
    8.59770030e-02 6.64034009e-01 1.29437816e+00 1.53802657e+00
    -2.25031134e-02 6.64492428e-01 2.87035197e-01 1.25592411e+00
    1.57112312e-02 -8.75064507e-02 1.30165070e-01 2.45770253e-02
    5.47385037e-01 4.11640435e-01 -7.64297694e-02 -3.47793669e-01
    5.33153355e-01 1.28218472e+00 5.65280855e-01 6.24406815e-01
    3.68065059e-01 6.15250766e-02 3.53062361e-01 3.16088647e-01
    4.99002963e-01 -7.57572129e-02 1.49707460e+00 4.19480145e-01
    1.08338404e+00 1.12731707e+00 7.12594509e-01 2.54505873e-01
    7.76602745e-01 3.20657164e-01 8.18890184e-02 4.79587942e-01
    9.32089925e-01 6.92073286e-01 6.86638355e-01 1.22965741e+00
    4.93474036e-01 1.31333756e+00 1.18463659e+00 -3.89552057e-01
    1.14648581e+00 4.09480870e-01 -2.31437400e-01 2.57306933e-01
    1.32443893e+00 1.07184386e+00 3.50413203e-01 1.18608201e+00
    2.62785941e-01 4.55237806e-01 -1.70669630e-01 5.98965704e-01
    -1.70364052e-01 6.56760871e-01 1.23572016e+00 7.75385737e-01
    1.10930562e+00 2.24906519e-01 -3.11966777e-01 1.11318231e+00
    3.23207587e-01 1.01308100e-01 3.47786486e-01 9.31793213e-01
    8.37372720e-01 1.26413071e+00 8.20822537e-01 6.45148993e-01
    1.01562321e+00 9.07653451e-01 2.60970265e-01 2.09755242e-01
    5.63080192e-01 2.88827628e-01 8.58618975e-01 1.08523881e+00
    1.01408017e+00 3.50289434e-01 3.67713332e-01 1.34436870e+00
    -2.01888494e-02 2.62646794e-01 3.94936591e-01 6.45330727e-01
    7.34006584e-01 -2.23840890e-03 -8.27823505e-02 6.50915682e-01
    5.60569704e-01 1.20060110e+00 9.80648220e-01 1.13008392e+00
    1.81812376e-01 4.12398607e-01 4.98580456e-01 5.85209072e-01
    7.97030926e-01 -3.14964741e-01 4.02469605e-01 7.18034983e-01
    9.91366088e-01 4.28563714e-01 7.86317766e-01 -2.15264633e-01
    7.91810989e-01 3.59397054e-01 5.91943115e-02 2.04170600e-01
    1.20029867e+00 5.90691626e-01 4.56241697e-01 1.24866188e+00
    4.58599767e-03 9.18777645e-01 7.77661860e-01 7.67673373e-01
    9.81901467e-01 -3.76433283e-01 1.01979256e+00 1.71726152e-01
    5.49390912e-01 1.08197248e+00 3.35678495e-02 -2.86992431e-01
    1.06908536e+00 3.34488243e-01 1.88881204e-01 5.50505519e-01
    3.75266016e-01 1.40079176e+00 -1.44010767e-01 7.88186770e-03
    2.06919149e-01 -1.38026485e-02 3.14116359e-01 3.95708501e-01
    -7.68587068e-02 6.67709291e-01 -6.72452971e-02 -2.86164507e-02
    1.14139783e+00 -2.14419603e-01 1.70082182e-01 1.37476698e-02
    1.15498245e+00 9.87149239e-01 9.41645801e-02 1.30067623e+00
    -3.09738278e-01 1.01803446e+00 1.16006088e+00 8.44866633e-01
    1.01418209e+00 9.34578478e-02 2.12811410e-01 1.05485666e+00
    1.18733013e+00 1.36279178e+00 -1.15423940e-01 1.66615039e-01
    1.13156319e+00 8.35308671e-01 -4.02354971e-02 4.72631827e-02
    9.79552865e-01 1.10680863e-01 3.76321562e-02 7.38475978e-01
    1.32107568e+00 5.27562201e-01 1.16714621e+00 -1.42535180e-01
    -2.98675090e-01 1.02540994e+00 3.13055247e-01 -2.80146539e-01
    1.07608819e+00 7.34893084e-01 4.07354504e-01 1.08723068e+00
    6.03540003e-01 1.69660464e-01 1.14583753e-01 1.20665753e+00
    9.78499234e-01 2.82762796e-01 1.36721289e+00 -3.40154499e-01
    3.08251649e-01 -8.97894725e-02 1.07764852e+00 3.48581403e-01
    -2.81820357e-01 2.28416905e-01 5.29638231e-01 1.08275139e+00
    1.01305507e-01 1.03826010e+00 9.35690403e-01 9.55865920e-01
    8.01079810e-01 1.20218694e+00 8.94632697e-01 5.98056495e-01
    1.66340902e-01 2.86244154e-01 1.19808960e+00 1.86789542e-01
    9.68516618e-02 6.93634212e-01 1.06128104e-01 1.17522132e+00
    1.17734897e+00 5.48225284e-01 7.78915405e-01 -2.69841611e-01
    1.12587154e+00 -6.17904589e-02 7.94805646e-01 -3.65749389e-01
    1.08256650e+00 -8.75191316e-02 1.16327798e+00 6.56113803e-01
    1.29809785e+00 6.15530133e-01 7.43513331e-02 1.16555977e+00
    4.96266693e-01 4.66163665e-01 7.99975157e-01 7.22082496e-01
    1.04904950e+00 6.66441381e-01 1.27424622e+00 8.86437058e-01
    2.60199994e-01 1.19742274e+00 -2.60278344e-01 1.37559521e+00
    9.32335734e-01 4.34831649e-01 2.01674536e-01 9.62272659e-02
    1.26053464e+00 -2.96596229e-01 6.69478238e-01 -7.40273595e-02
    -9.82547328e-02 9.78231013e-01 2.93789774e-01 4.63391840e-01
    6.35017812e-01 -1.40536174e-01 1.49016023e-01 1.76434541e+00
    1.44341445e+00 -1.38025597e-01 -4.00901809e-02 6.29695833e-01
    1.66762128e-01 3.37397397e-01 -1.00223847e-01 1.11919713e+00
    -1.28446609e-01 -7.42139742e-02 9.23244834e-01 1.37057269e+00
    -7.88165703e-02 2.07050592e-01 -2.54395336e-01 1.20083666e+00
    4.62000817e-01 5.65348148e-01 -2.74522305e-01 9.44414973e-01
    2.36847680e-02 -3.88372280e-02 1.65053725e-03 -3.29530016e-02
    -3.51165473e-01 3.64620000e-01 8.41255784e-01 2.02014148e-01
    6.77126110e-01 6.44642830e-01 9.52979699e-02 -2.58125484e-01
    1.32756150e+00 4.52305496e-01 1.25946164e+00 4.71937060e-01
    2.76726514e-01 8.20468724e-01 9.70873807e-04 4.67305481e-01
    -6.12151735e-02 1.75962597e-01 1.21612740e+00 3.97458881e-01
    1.33648828e-01 1.25255823e+00 4.68260646e-01 2.91846007e-01
    1.33055294e+00 1.91050485e-01 1.35750353e+00 8.45216289e-02
    1.46786258e-01 3.91586810e-01 -1.13679014e-01 3.99703294e-01
    -6.09908327e-02 -2.14280292e-01 8.71836126e-01 4.82703835e-01
    1.21113563e+00 8.48253429e-01 8.83425713e-01 -1.21326141e-01
    -1.46742404e-01 -8.32262039e-02 2.43996263e-01 1.29636788e+00
    5.97972572e-02 8.58698249e-01 7.01638639e-01 1.12781358e+00
    1.48195043e-01 -2.34809697e-01 -1.04911923e-01 1.80382982e-01
    6.56963885e-01 8.43670666e-01 2.86116719e-01 6.06971920e-01
    9.53005135e-01 5.63514233e-01 5.86833894e-01 8.02402139e-01
    4.94465530e-02 6.96799815e-01 1.36326039e+00 7.31981337e-01
    5.15357852e-01 1.06341457e+00 1.22417100e-01 -2.89804395e-02
    6.13869987e-02 -4.96498384e-02 -2.00904354e-01 6.60399497e-01
    -3.37163121e-01 1.07322741e+00 6.51299417e-01 8.68155122e-01
    5.62060297e-01 1.30494833e+00 1.77253217e-01 1.12764156e+00
    6.17126882e-01 -2.27684259e-01 9.94076610e-01 1.02181363e+00
    4.77981508e-01 5.47205925e-01 5.36078513e-01 -3.39090139e-01
    -2.65209943e-01 1.21405983e+00 9.73365307e-01 8.85298252e-01
    -3.90617311e-01 1.42893207e+00 8.85470986e-01 6.87440753e-01
    3.25321406e-01 9.29645717e-01 6.56284809e-01 1.02471018e+00
    5.96834779e-01 5.76521099e-01 2.63057262e-01 3.76747638e-01
    1.05228043e+00 6.84477016e-02 6.30152524e-01 7.01432586e-01
    2.59186258e-03 7.47376978e-01 1.11224258e+00 9.66377378e-01
    1.15369594e+00 2.50832766e-01 -9.97940674e-02 7.60936677e-01
    2.93044865e-01 7.19329342e-02 1.27692759e+00 -1.12483017e-01
    7.13338912e-01 -2.63719171e-01 4.51974899e-01 7.87163526e-03
    9.69017327e-01 -3.43194038e-01 9.33504581e-01 4.50599253e-01
    6.11454248e-01 1.15317488e+00 -9.75127891e-02 1.20482671e+00
    -3.75612259e-01 1.16764312e-03 1.23097408e+00 1.41359508e+00
    -4.06723917e-01 6.73551738e-01 6.93097293e-01 8.33614357e-03
    7.69500360e-02 -8.97170510e-03 6.78260207e-01 2.41525829e-01
    1.26642376e-01 -2.56307870e-01 8.30857873e-01 -2.38575367e-03
    -9.49757323e-02 1.06632984e+00 -2.14900047e-01 -2.69436270e-01
    1.34972358e+00 4.32635993e-01 -6.30186647e-02 1.12940204e+00
    1.07210445e+00 8.51775527e-01 1.99382082e-01 2.93441027e-01
    8.92861366e-01 7.53114343e-01 7.49251604e-01 7.05463648e-01
    7.60207474e-01 -1.97622672e-01 1.02850640e+00 9.37376261e-01
    5.95593095e-01 1.24510300e+00 7.32280493e-01 5.41113675e-01
    -5.83515316e-02 2.28517696e-01 -1.86480030e-01 1.07083285e+00
    -2.42608488e-01 -7.94488862e-02 3.38848382e-01 1.19715750e+00
    -2.31639892e-01 1.36896658e+00 3.11502665e-01 9.73176360e-01
    3.85744005e-01 8.88444662e-01 4.39184040e-01 3.14298794e-02
    6.40843570e-01 -3.65971088e-01 1.40907824e+00 3.45242888e-01
    1.15670919e+00 1.27113199e+00 -1.41381755e-01 8.84969592e-01
    4.12485331e-01 6.80964366e-02 2.27482975e-01 -2.85847306e-01
    6.19277954e-01 1.00622499e+00 8.47170889e-01 2.08387703e-01
    1.27738118e+00 9.37662542e-01 -3.65765095e-01 1.03200865e+00
    -3.65110308e-01 1.09451687e+00 -4.01022375e-01 1.27607524e+00
    -6.90696612e-02 -2.59090930e-01 -1.82099923e-01 3.90258282e-01
    -1.21696174e-01 -1.59338683e-01 3.90004277e-01 -1.88146099e-01
    1.16042352e+00 3.87560010e-01 6.78051233e-01 7.74663568e-01
    5.18444002e-01 1.33876157e+00 2.66199678e-01 -2.33061239e-01
    1.72254577e-01 1.33106780e+00 2.16759071e-01 1.21596825e+00
    -2.02520877e-01 6.47663102e-02 6.69547141e-01 1.24444461e+00
    6.66250050e-01 6.41144812e-01 1.19125581e+00 -1.19932421e-01
    7.54978359e-01 7.14098036e-01 9.24856246e-01 1.11814722e-01
    -1.17953718e-01 1.64583936e-01 2.21031532e-01 3.23159695e-01
    -1.37102172e-01 1.26211798e+00 1.01514995e+00 -1.22295946e-01
    1.37577271e+00 1.11599125e-01 1.33534551e+00 7.08637476e-01
    1.05042279e+00 1.35533941e+00 -1.86401382e-01 -1.00345545e-01
    1.27692688e+00 -1.48186132e-01 3.90593469e-01 1.45933735e+00
    -1.53274061e-02 9.75719631e-01 1.49193913e-01 1.15295160e+00
    9.05901074e-01 5.84312491e-02 4.44761068e-01 5.47227383e-01
    8.42654407e-01 1.09733558e+00 -3.09637070e-01 -1.73197031e-01
    1.22551966e+00 5.25959373e-01 5.62896669e-01 8.40408385e-01
    -3.67292345e-01 6.44581541e-02 3.66077691e-01 1.81856990e-01
    4.88387108e-01 -4.51537035e-02 3.41607749e-01 2.30065212e-02
    3.25528711e-01 1.37825370e+00 5.38265586e-01 -2.78465658e-01
    -1.70577183e-01 1.03139570e-02 -1.11282140e-01 3.14808577e-01
    6.94737315e-01 1.44658053e+00 2.08685040e-01 5.03349900e-01
    1.33245766e+00 9.47252870e-01 3.48021723e-02 4.91212398e-01
    3.44789237e-01 1.12261772e+00 4.45452869e-01 2.44207516e-01
    1.39745867e+00 -3.27766150e-01 -8.39813277e-02 1.03096652e+00
    5.14513791e-01 3.43244374e-01 -1.11517772e-01 1.96685448e-01
    5.67588508e-01 -1.71676517e-01 -1.02668554e-01 -1.61775678e-01
    1.27256656e+00 1.85909018e-01 5.87414086e-01 -2.10407883e-01
    1.24497521e+00 3.43738288e-01 9.28969443e-01 -2.73519307e-01
    1.22908497e+00 4.88638818e-01 1.04024363e+00 1.19194603e+00
    -2.36024886e-01 -1.83838680e-01 -1.50186256e-01 1.20475519e+00
    8.54123235e-02 3.78069103e-01 5.22329450e-01 7.59433925e-01
    1.13948333e+00 1.77221209e-01 9.02128160e-01 1.18499339e+00
    7.67302215e-01 1.03913498e+00 1.02331316e+00 6.76159739e-01
    -5.61421737e-02 3.73987466e-01 2.76572675e-01 1.28782082e+00
    -1.02360763e-01 5.63731849e-01 -1.81805208e-01 -2.45150730e-01
    2.36587018e-01 -2.39940397e-02 6.60488978e-02 1.21949255e+00
    1.15680361e+00 -1.30679324e-01 -1.78401768e-01 4.68459427e-01
    3.37043047e-01 1.00908208e+00 1.25855759e-01 1.38471881e-02
    1.06141341e+00 5.53263009e-01 6.92938089e-01 8.00915301e-01
    3.41164976e-01 9.07231495e-03 -4.52047996e-02 1.00114763e+00
    8.74419510e-01 1.10386443e+00 -3.76963675e-01 1.06411111e+00
    1.10032153e+00 1.34901226e+00 3.49161893e-01 1.94664553e-01
    -3.43770385e-01 -5.72545230e-02 7.03995168e-01 8.12464833e-01
    2.52377033e-01 1.04382515e+00 7.96670765e-02 -2.48873159e-02
    1.04939473e+00 1.44644842e-01 7.95462310e-01 4.88250673e-01
    1.37260914e+00 -2.17665642e-01 6.92720771e-01 1.95541784e-01
    8.69328797e-01 2.24778224e-02 -1.63872376e-01 8.30346644e-02
    2.13423427e-02 1.18376398e+00 5.37236705e-02 1.21500540e+00
    -2.12008074e-01 8.21316719e-01 3.88266921e-01 -2.06509829e-01
    7.01139569e-01 1.98404133e-01 8.23884726e-01 -1.48218915e-01
    -2.77826160e-01 5.54283321e-01 1.02460837e+00 7.90492415e-01
    2.44062141e-01 -3.52996662e-02 1.08103240e+00 8.85520220e-01
    -2.75752485e-01 -1.12590194e-01 8.63665715e-02 3.66657794e-01
    8.83919001e-01 1.67763412e-01 7.84785032e-01 -1.04939707e-01
    6.53589189e-01 2.64718890e-01 3.35892975e-01 1.02785361e+00
    1.97823033e-01 -1.99482828e-01 1.31437647e+00 -1.02215573e-01
    1.15227389e+00 1.04228497e+00 -4.27492671e-02 4.13075149e-01
    4.29298937e-01 4.77368385e-01 4.01923805e-01 2.22589560e-02
    7.00267315e-01 7.28955209e-01 9.52957571e-02 2.03214303e-01
    2.63772998e-02 6.11299202e-02 7.83092380e-01 1.29163265e+00
    5.63773692e-01 1.93054304e-01 4.42549616e-01 1.97745502e-01
    -1.65765136e-01 7.90664911e-01 4.56298888e-01 2.98370361e-01
    4.01070654e-01 5.77446640e-01 8.39210391e-01 7.56656349e-01
    -2.10625157e-02 9.07349944e-01 9.19943213e-01 9.36559498e-01
    4.73923445e-01 -2.07883164e-01 9.05377328e-01 -2.87755609e-01
    1.05998564e+00 6.49917066e-01 -2.65017807e-01 1.02872407e+00
    6.25899076e-01 -1.47194460e-01 2.94474930e-01 5.94926000e-01
    6.03836238e-01 2.44950846e-01 -4.93214466e-02 5.36017835e-01
    5.44182241e-01 1.05545557e+00 8.97097409e-01 -8.86218771e-02
    9.74356830e-01 -1.38745904e-02 1.00113332e+00 3.35861832e-01
    -3.03279698e-01 1.16667557e+00 8.85276973e-01 3.37482691e-01
    4.72056150e-01 1.25380611e+00 -2.01644927e-01 1.29731917e+00
    7.11077452e-01 -3.65558684e-01 8.59185517e-01 4.71703678e-01
    9.99853134e-01 1.19422698e+00 -4.64829415e-01 9.16872144e-01
    5.75311303e-01 -5.15057325e-01 1.19380212e+00 9.48890507e-01
    -6.79301322e-02 1.14374769e+00 2.34609008e-01 1.04121663e-01
    1.01617789e+00 1.01192021e+00 -1.76267177e-01 3.19172263e-01
    2.93462425e-01 1.19423699e+00 1.37567088e-01 1.12145150e+00
    4.15318191e-01 6.98207259e-01 5.74710548e-01 4.24721152e-01
    -5.50687499e-02 5.20023286e-01 -2.25110333e-02 3.77090126e-01
    1.23256421e+00 4.80359852e-01 -2.19153225e-01 1.36328638e+00
    8.21814537e-01 3.72507244e-01 1.35858727e+00 1.39353502e+00
    -8.88824910e-02 6.04047000e-01 1.18850863e+00 9.20237422e-01
    8.70940149e-01 1.77799761e-01 9.58702385e-01 6.21085942e-01
    1.88408941e-01 1.10707618e-02 -1.72907412e-01 6.17050409e-01
    4.39269356e-02 -2.31915012e-01 2.96006709e-01 -1.52611747e-01
    -5.85972965e-02 2.51576304e-01 3.32755744e-01 8.13933790e-01
    2.52339095e-01 7.82632470e-01 -2.13959560e-01 -1.89613607e-02
    4.76557463e-02 9.84081507e-01 4.16740716e-01 -3.04490507e-01
    1.01621413e+00 1.11519408e+00 1.23980606e+00 -9.70700234e-02
    1.05117083e+00 1.14812367e-01 6.89111292e-01 1.19121218e+00
    6.61118388e-01 1.22149336e+00 9.26079333e-01 4.26902056e-01
    4.77936417e-01 1.22403896e+00 1.12117577e+00 8.00970793e-01
    1.55815557e-01 1.05875158e+00 -5.72191812e-02 1.12957619e-01
    -3.28441501e-01 1.34014523e+00 -4.54054140e-02 1.16669118e+00
    1.04064894e+00 6.20238006e-01 -2.60661095e-01 3.31449479e-01
    1.34724271e+00 -2.88201690e-01 1.21225071e+00 7.22364008e-01
    1.37737727e+00 6.21558964e-01 1.03435791e+00 8.86572659e-01
    1.14891660e+00 -9.79235545e-02 1.12487900e+00 6.68481529e-01
    1.00527138e-01 1.09518409e+00 8.20474565e-01 3.85469079e-01
    6.14095628e-01 7.02922106e-01 1.14679193e+00 7.25013614e-01
    3.16921175e-01 -3.08571197e-02 8.49532723e-01 1.34925365e+00
    -3.28677654e-01 1.14045858e+00 5.61726153e-01 5.42158008e-01
    1.28071213e+00 2.53518939e-01 7.12520182e-01 -1.09406978e-01
    -1.60613701e-01 4.77981605e-02 9.25002277e-01 7.01605856e-01
    8.37693632e-01 -4.29178804e-01 1.37879896e+00 7.82702565e-01
    1.13951468e+00 1.08175457e+00 8.92718077e-01 8.39693427e-01
    6.32114172e-01 6.97481930e-01 1.77560776e-01 -4.45848405e-02
    5.30444205e-01 5.64572923e-02 6.01821858e-03 7.15756714e-01
    -7.79457614e-02 4.28328872e-01 8.90870318e-02 1.45637071e+00
    -2.18601629e-01 4.59365308e-01 9.26601231e-01 3.66126865e-01
    3.84809703e-01 -1.12169020e-01 1.81699485e-01 8.23824406e-02
    5.92145771e-02 8.09940755e-01 3.86976689e-01 9.40771639e-01
    1.12943709e+00 1.79461733e-01 8.06671321e-01 -1.19231939e-01
    3.66230249e-01 6.97644711e-01 3.53728503e-01 -3.54640186e-02
    7.41617978e-01 -1.54637396e-01 9.58384275e-01 4.17280495e-02
    1.00378907e+00 2.57593729e-02 2.42561877e-01 1.26113939e+00
    -4.06374425e-01 8.90526772e-01 2.09795848e-01 -1.42566800e-01
    7.46126100e-02 6.35505199e-01 1.21008253e+00 -1.10776618e-01
    5.32298565e-01 4.90698207e-04 4.26798284e-01 2.01563552e-01
    -2.09230706e-01 8.78360868e-01 4.01370943e-01 6.43160820e-01
    7.85012662e-01 1.38202488e+00 -7.39759132e-02 1.15736365e+00
    5.75563729e-01 3.66610110e-01 6.92150518e-02 -1.45559723e-03
    1.15626585e+00 3.32789235e-02 1.20451152e+00 -3.54471624e-01
    2.82659978e-01 5.92879117e-01 4.62945588e-02 6.53220475e-01
    7.72328079e-01 4.63781744e-01 1.19494712e+00 -2.99803227e-01
    8.76801789e-01 -1.79194324e-02 9.48919535e-01 3.64976637e-02
    1.10410428e+00 6.38700873e-02 -1.01584801e-02 -2.87340969e-01
    1.29776931e+00 4.06734973e-01 7.12672770e-01 7.68760264e-01
    1.23447621e+00 4.68646079e-01 1.63130760e-01 -1.73653394e-01
    -4.55762334e-02 3.84312868e-01 1.40125689e-03 4.69422489e-01
    2.25033209e-01 1.27563047e+00 9.83248353e-01 1.15385854e+00
    6.54861510e-01 6.23476028e-01 3.36547405e-01 -2.03807458e-01
    9.87583339e-01 -2.71911263e-01 1.33602774e+00 -1.79243192e-01
    9.45872441e-02 9.46435392e-01 7.43737161e-01 7.07360327e-01
    1.26405811e+00 4.19681340e-01 -3.72827023e-01 1.15013373e+00
    6.58620298e-01 3.60648364e-01 7.80105472e-01 -1.36880368e-01
    9.20019746e-01 1.01672888e+00 7.59842992e-01 2.57891953e-01
    1.12381673e+00 8.62586379e-01 8.21813703e-01 7.42274344e-01
    6.02930002e-02 5.49044549e-01 4.79643732e-01 -3.59160691e-01
    8.95010948e-01 7.90940523e-01 -1.83471709e-01 1.10086307e-01
    1.46005556e-01 9.79392409e-01 1.00287938e+00 1.18725508e-01
    4.15529966e-01 -3.17751199e-01 1.27908385e+00 -7.89229795e-02
    -2.95330305e-02 -6.84157610e-02 8.63656819e-01 9.56699789e-01
    8.28059316e-01 -2.04088554e-01 3.65310639e-01 5.85934699e-01
    8.80168200e-01 3.63871843e-01 -1.48214951e-01 -2.88200453e-02
    4.75693375e-01 7.90638030e-01 -9.14139450e-02 -4.24875654e-02
    1.17738128e+00 -1.55370325e-01 -2.11933151e-01 -1.03474878e-01
    3.89968872e-01 6.37507856e-01 1.15818596e+00 4.61416095e-01
    3.79379421e-01 2.23750517e-01 1.21333408e+00 5.25577664e-01
    8.46535504e-01 2.32135639e-01 1.42210042e+00 6.04311749e-03
    -1.47109225e-01 -9.51653114e-04 9.22291934e-01 4.91986632e-01
    1.40679479e-02 7.30012834e-01 -2.80261487e-01 1.08139336e+00
    2.53810138e-01 1.13792121e+00 -1.68229342e-01 1.20965278e+00
    2.93010324e-01 1.04852116e+00 -1.52183294e-01 2.53639102e-01
    7.38030255e-01 -1.39283016e-01 5.11564016e-01 1.49005800e-01
    4.49299157e-01 6.05198860e-01 -1.21661715e-01 -2.24676371e-01
    8.99765193e-02 -5.29761892e-04 1.17235124e+00 9.97675896e-01
    1.04254484e+00 1.22685537e-01 7.93817103e-01 3.93389046e-01
    8.42758536e-01 3.68486434e-01 6.23385571e-02 -2.10129663e-01
    4.52765226e-01 7.04494119e-01 -3.48363608e-01 -2.80886412e-01
    2.07143903e-01 -3.01573455e-01 3.78707588e-01 -4.31017250e-01
    5.11190534e-01 1.00496173e+00 9.52428102e-01 9.97100890e-01
    9.70027208e-01 5.20707965e-02 5.65171003e-01 4.41123188e-01
    9.83873308e-01 7.98984706e-01 -3.67782921e-01 2.92626321e-01
    2.76844054e-01 1.28113544e+00 1.07139140e-01 2.47527882e-01
    1.95072010e-01 -1.02907926e-01 7.14176655e-01 5.39867282e-01
    7.75219381e-01 2.43891940e-01 1.41022599e+00 7.85636604e-02
    -2.00294405e-01 7.76535809e-01 5.59157073e-01 1.63199127e-01
    5.80878735e-01 8.01693141e-01 1.97032630e-01 -3.90186101e-01
    3.25806648e-01 4.08524960e-01 1.13660946e-01 -3.70888293e-01
    9.27008271e-01 8.41592789e-01 2.15848923e-01 7.90253222e-01
    2.63194352e-01 -1.31510710e-02 6.62103474e-01 4.83645052e-01
    7.42644608e-01 3.29596162e-01 5.50668240e-01 -3.60421479e-01
    9.79994953e-01 1.18263316e+00 1.22065149e-01 -3.75631824e-02
    7.48061717e-01 6.71781525e-02 8.63993227e-01 1.08823693e+00
    1.07671070e+00 8.95371795e-01 7.43361712e-01 2.93024719e-01
    -2.92682916e-01 1.18687427e+00 6.75593376e-01 -4.88296635e-02
    6.01149499e-01 3.31463575e-01 1.09025156e+00 1.01351869e+00
    1.27157176e+00 4.10754234e-01 3.65016848e-01 1.05120504e+00
    -3.23408514e-01 4.13032770e-01 5.32285929e-01 1.29851007e+00
    8.26153234e-02 1.00736666e+00 2.56333232e-01 1.94460675e-01
    5.56302905e-01 9.52744544e-01 -8.39574039e-02 1.19600499e+00
    -1.46384463e-01 7.20235407e-01 -2.67246296e-03 1.38287556e+00
    9.90284383e-01 -3.31580549e-01 9.84382868e-01 1.06710303e+00
    -2.16634333e-01 2.77008891e-01 2.71057874e-01 7.10780919e-01
    1.23450863e+00 7.21407771e-01 9.83257473e-01 -1.70649011e-02
    1.42258450e-01 1.23491955e+00 1.12989485e+00 2.46312380e-01
    8.08600858e-02 1.26435471e+00 7.01897085e-01 7.39547431e-01
    2.63151109e-01 8.97565424e-01 6.00281358e-01 6.41938984e-01
    -2.32702091e-01 5.22854388e-01 1.16546774e+00 5.48196673e-01
    7.76688516e-01 1.09855902e+00 7.83777952e-01 3.53832781e-01
    1.09346974e+00 4.96951461e-01 3.61203611e-01 3.43018979e-01
    3.26033771e-01 1.26133239e+00 8.68715823e-01 1.52486101e-01
    7.68345475e-01 1.26315916e+00 8.32597673e-01 6.40431404e-01
    4.09778088e-01 3.67133379e-01 1.22891076e-01 1.43196607e+00
    2.31454354e-02 6.51045620e-01 1.12911499e+00 5.07800460e-01
    1.29702055e+00 -4.42489296e-01 1.25275254e+00 -2.12765709e-01
    9.94457960e-01 8.15107882e-01 8.95066932e-02 -1.88289955e-01
    -4.07099158e-01 1.02115715e+00 1.23403192e+00 5.06487906e-01
    1.12820232e+00 3.08799390e-02 1.19051993e+00 2.10515872e-01
    1.19607973e+00 1.05817169e-01 5.32898188e-01 1.89230293e-01
    -1.18926920e-01 6.74686909e-01 4.73787308e-01 1.36753723e-01
    9.81168330e-01 -3.06285232e-01 1.10864139e+00 5.35763443e-01
    1.19363332e+00 5.35566807e-01 7.21432388e-01 -1.65114045e-01
    1.32173407e+00 9.82657552e-01 1.49515659e-01 5.07371724e-01
    6.28264189e-01 1.11433111e-01 -3.84315431e-01 9.60075140e-01
    1.23563218e+00 9.32715535e-02 9.79746282e-01 1.83966741e-01
    5.74224651e-01 -3.45843881e-02 3.81988972e-01 1.19071031e+00
    3.00804004e-02 1.47065192e-01 1.14564151e-01 5.79167247e-01
    7.26437449e-01 8.19769561e-01 4.55571145e-01 1.01988292e+00
    -4.39429969e-01 1.04671836e+00 5.32865942e-01 4.88561094e-01
    6.57118618e-01 5.16109943e-01 6.72891021e-01 2.78245602e-02
    5.93153238e-01 1.33740687e+00 5.34390211e-01 1.96033165e-01
    -3.32376696e-02 2.37871930e-01 3.95476371e-02 8.16014051e-01
    1.14080048e+00 1.07464945e+00 9.71883297e-01 8.71376514e-01
    -1.09911919e-01 -9.27213505e-02 2.76255250e-01 6.50616944e-01
    1.14765751e+00 1.05245769e+00 -4.99884114e-02 4.05242413e-01
    6.21037066e-01 2.84516960e-01 7.82522023e-01 6.85161054e-01
    -1.70233339e-01 9.31999743e-01 1.28118694e+00 -2.41419926e-01
    6.39381230e-01 -6.89053461e-02 1.11720276e+00 4.85429108e-01
    7.91966736e-01 -2.19043985e-01 1.17427169e-03 3.69001776e-02
    -1.32027656e-01 3.45379919e-01 -2.56381303e-01 -1.63551822e-01
    -1.13074750e-01 4.12727356e-01 1.08240879e+00 1.17775667e+00
    1.24287403e+00 -4.21311855e-01 1.28374290e+00 3.58973950e-01
    1.00066817e+00 6.21733665e-01 -2.78587461e-01 1.15196359e+00
    1.08922601e+00 3.58828217e-01 4.22655910e-01 9.51942801e-01
    4.98438597e-01 -1.83464006e-01 1.01946957e-01 1.13230920e+00
    8.76170993e-01 1.08581746e+00 7.25269675e-01 2.23066702e-01
    1.23988807e+00 -2.20457822e-01 1.35997808e+00 1.88919321e-01
    8.19882870e-01 1.01127636e+00 9.21710193e-01 -1.01342671e-01
    4.28096473e-01 3.95439565e-01 -1.11011937e-01 4.84620929e-01
    6.50716066e-01 2.41146713e-01 1.20698678e+00 -4.12070192e-02
    1.09816897e+00 -3.89593095e-01 1.30679131e+00 1.13702381e+00
    7.84818888e-01 -2.14182399e-02 1.32313716e+00 1.20645583e+00
    -1.86780751e-01 7.21850872e-01 7.29286671e-02 6.81863129e-02
    1.49441794e-01 2.90466785e-01 5.94485700e-01 1.10839462e+00
    6.23677790e-01 7.14344263e-01 7.07386971e-01 3.82514596e-02
    1.14371121e+00 5.26148677e-01 7.97844887e-01 1.97555646e-02
    6.20890200e-01 -3.72195430e-02 -4.58077639e-02 8.52784455e-01
    3.60306829e-01 1.85884297e-01 7.84737527e-01 2.21991673e-01
    1.77046493e-01 -2.90549666e-01 1.44223288e-01 1.13380682e+00
    1.25486934e+00 1.03172934e+00 1.54421300e-01 9.18703437e-01
    -2.91951060e-01 2.02437282e-01 1.52644813e-01 1.28774595e+00
    1.14399338e+00 3.05265784e-01 -2.37901688e-01 2.56210595e-01
    1.06931138e+00 9.05389786e-01 -2.97739536e-01 1.34885609e-01
    -8.29898193e-02 8.31877053e-01 1.35320175e+00 -2.69960403e-01
    1.01327348e+00 5.08635640e-01 4.47188109e-01 -3.28748554e-01
    7.92075515e-01 1.26005483e+00 9.60623845e-02 -3.10350507e-01
    2.14416489e-01 9.83524144e-01 3.65919203e-01 7.70632625e-01
    3.03055912e-01 7.31683671e-01 7.34333873e-01 1.25055683e+00
    -1.18243717e-01 1.12042344e+00 1.00700355e+00 7.54900694e-01
    8.62084627e-01 2.50168890e-01 3.23330611e-01 6.93810999e-01
    6.73225999e-01 -3.65918279e-01 8.02057803e-01 3.84975255e-01
    9.39809322e-01 1.29756331e-01 8.95178974e-01 -6.28619567e-02
    4.26049769e-01 9.92449164e-01 1.06725967e+00 -1.73115268e-01
    4.46791470e-01 1.61536157e-01 4.48274463e-01 -2.46576205e-01
    6.98861539e-01 6.46021485e-01 8.03737223e-01 8.05666685e-01
    6.58475934e-03 8.39486361e-01 8.84106219e-01 1.02848029e+00
    1.29006386e+00 8.68984535e-02 -1.22566231e-01 2.05521321e+00
    1.59703887e+00 -3.31890464e-01 5.09109855e-01 8.28672886e-01
    9.08317089e-01 1.23186302e+00 1.01028395e+00 9.91875827e-01
    -6.15205802e-02 7.94510663e-01 -9.57512781e-02 4.46546793e-01
    8.86071324e-01 1.17840481e+00 -2.19143242e-01 2.50758886e-01
    4.27818269e-01 2.99537241e-01 6.15886390e-01 2.07563862e-02
    1.17271793e+00 7.99420252e-02 7.49053776e-01 9.51039016e-01
    7.21594214e-01 1.15942731e-01 1.74364775e-01 8.46896112e-01
    2.34125510e-01 1.80508912e-01 -2.43019044e-01 5.59997022e-01
    -2.08319649e-01 1.23378456e+00 9.30902719e-01 -6.27689213e-02
    4.47557300e-01 9.69944447e-02 6.68614984e-01 2.45293438e-01
    -1.27938446e-02 2.57037312e-01 9.38756049e-01 9.30056393e-01
    1.11138570e+00 5.62079668e-01 -2.01870531e-01 -4.09550741e-02
    -2.48435870e-01 4.85822111e-01 5.90276532e-02 5.31909823e-01
    9.69331980e-01 1.23539913e+00 -2.36505195e-01 1.28854179e+00
    -5.94177879e-02 2.44646221e-01 -2.26168722e-01 -3.23163986e-01
    8.83131504e-01 1.06291950e+00 5.88450193e-01 -1.43743604e-01
    5.02401233e-01 3.47272843e-01 5.97004890e-01 8.18589568e-01
    -1.95812717e-01 2.23286420e-01 4.40513283e-01 1.12323560e-01
    -2.42750086e-02 1.36459684e+00 -2.78712869e-01 3.26739758e-01
    -2.15164468e-01 5.98664582e-01 -3.31770867e-01 1.01391792e+00
    1.00528550e+00 7.36178219e-01 8.61494839e-01 -3.31677347e-01
    9.13544834e-01 -3.49068433e-01 8.59641790e-01 -2.17078790e-01
    2.51851916e-01 6.41235828e-01 1.09296453e+00 1.10570502e+00
    5.08239716e-02 9.14025724e-01 6.30014777e-01 -1.03005648e-01
    8.61467004e-01 1.09265971e+00 -2.57004052e-01 1.15629220e+00
    1.06409955e+00 1.22693288e+00 -2.56788611e-01 1.30167842e+00
    7.34886169e-01 -2.31041953e-01 9.70575392e-01 8.38168383e-01
    1.24801123e+00 -3.96244943e-01 6.47803545e-01 1.22534715e-01
    1.21207632e-01 6.68556750e-01 2.24665046e-01 3.47495019e-01
    1.27271211e+00 5.60591221e-01 4.57553476e-01 1.08809257e+00
    -3.86865377e-01 9.71918106e-01 1.16182971e+00 9.23810363e-01
    7.91733503e-01 1.17049122e+00 5.42236626e-01 4.91197139e-01
    7.05072522e-01 6.68523669e-01 5.82024097e-01 1.16027188e+00
    5.79388916e-01 1.07423687e+00 9.66639519e-01 -2.61084259e-01
    1.70990005e-01 -5.64354472e-02 4.72366393e-01 5.53848863e-01
    2.26357654e-01 1.70341119e-01 -2.39672616e-01 1.14330602e+00
    -8.26706141e-02 4.95647073e-01 4.91088003e-01 1.18055820e+00
    2.88571298e-01 7.06758261e-01 9.64017034e-01 4.51326638e-01
    1.28880322e+00 2.67126560e-01 -1.78786173e-01 -2.17940256e-01
    9.75898147e-01 1.16710734e+00 9.20003295e-01 1.88317448e-01
    1.00295162e+00 6.60354614e-01 1.34650242e+00 -3.93862277e-02
    9.19293165e-01 4.85683709e-01 -1.53659061e-01 1.33783221e+00
    -3.32891256e-01 6.62002265e-02 1.14411116e+00 9.63788211e-01
    7.42114782e-01 4.62166607e-01 1.62024125e-01 2.00471908e-01
    2.61166096e-01 -1.92484796e-01 5.16351819e-01 1.05399501e+00
    1.01698482e+00 7.63363421e-01 8.47628638e-02 6.81017280e-01
    -2.86927074e-01 4.25849140e-01 4.26762581e-01 1.24089384e+00
    9.44840908e-01 6.49654686e-01 1.27995372e+00 -3.41194689e-01
    1.02445793e+00 1.96582869e-01 8.87992308e-02 1.69736534e-01
    9.58482146e-01 -9.50242281e-02 1.18429542e+00 4.23813462e-02
    1.25096893e+00 5.50577641e-01 2.41213869e-02 4.87698555e-01
    -1.66798055e-01 -3.05027455e-01 8.59689116e-01 5.39648533e-01
    7.48061180e-01 3.06109637e-02 1.32350314e+00 1.23560286e+00
    -2.16276124e-01 6.00813925e-01 1.24994971e-01 -2.16186970e-01
    1.03825104e+00 1.07995093e+00 6.32491767e-01 1.11033380e+00
    9.15162921e-01 7.97982454e-01 -1.60072334e-02 1.06453776e+00
    4.24328566e-01 -3.43665123e-01 7.22178936e-01 8.36854756e-01
    4.32724088e-01 6.90070331e-01 7.80454427e-02 7.21224725e-01
    4.85134095e-01 2.01518223e-01 7.95333147e-01 -1.13111466e-01
    5.29087603e-01 1.93706200e-01 1.16126144e+00 -4.52377349e-01
    1.23911762e+00 1.04174566e+00 1.00426435e+00 -2.43060052e-01
    7.70687521e-01 2.97955841e-01 4.07423168e-01 8.95603597e-02
    -5.93497977e-03 1.79468587e-01 5.40478468e-01 7.74303228e-02
    9.78959143e-01 -1.61007345e-01 3.50885876e-02 2.38072205e+00
    -2.78345108e-01 2.86335319e-01 -2.58232951e-01 6.50518179e-01
    1.17308068e+00 3.70406434e-02 6.30931139e-01 8.07916760e-01
    9.58106160e-01 -8.49964693e-02 8.15663218e-01 2.73659468e-01
    2.69954562e-01 3.04466486e-01 1.17501652e+00 3.01881224e-01
    -3.23271900e-01 1.07659388e+00 1.07138634e+00 4.54637438e-01
    8.65605175e-01 4.51294780e-01 6.82084978e-01 9.64612782e-01
    1.03973377e+00 2.15932786e-01 -5.44817336e-02 1.03890324e+00
    -5.91825868e-04 6.74337506e-01 3.74654114e-01 -1.55134199e-04
    1.17939210e+00 5.16888082e-01 3.64512950e-02 7.61895239e-01
    1.13978362e+00 6.33674264e-01 8.59440625e-01 1.08284760e+00
    3.50125283e-01 1.06725073e+00 7.65382588e-01 -1.93347126e-01
    -2.37304211e-01 8.09006095e-01 6.87849283e-01 4.17043507e-01
    8.82252336e-01 8.21157157e-01 2.61411071e-01 8.99546683e-01
    2.49691039e-01 -2.71097720e-01 7.00412750e-01 2.43177055e-03
    9.23486352e-01 8.56734931e-01 9.29760396e-01 1.44402277e+00
    -3.30020905e-01 2.53586441e-01 7.57437527e-01 6.94507539e-01
    7.81461373e-02 1.38996720e+00 2.71327913e-01 9.38428193e-03
    2.96684861e-01 5.17228365e-01 1.10293794e+00 8.62824976e-01
    -2.27144331e-01 1.13554776e+00 6.87785208e-01 1.38654137e+00
    -2.34036073e-01 2.92091787e-01 1.04414463e+00 6.66423261e-01
    9.88273740e-01 6.39783919e-01 3.44278306e-01 2.77482420e-01
    1.07557869e+00 1.24668252e+00 5.46340942e-01 5.26970327e-01
    1.29340780e+00 2.44584173e-01 2.19940722e-01 -1.53209671e-01
    1.07981753e+00 4.60766613e-01 -2.12226242e-01 9.96927679e-01
    -1.80264339e-01 5.50471246e-01 1.29626870e+00 7.74628460e-01
    1.26116538e+00 -4.16291133e-02 6.94450736e-01 4.47019964e-01
    1.04786527e+00 8.08890939e-01 1.10988653e+00 9.93941367e-01
    -3.62772793e-02 8.18030477e-01 8.16266358e-01 7.63265729e-01
    -2.78309584e-01 1.30508924e+00 1.38354272e-01 2.32781947e-01
    4.54101562e-01 -4.22362834e-02 1.25827655e-01 5.70614696e-01
    3.64344388e-01 4.49277073e-01 2.27217585e-01 -7.77613968e-02
    4.31726500e-02 1.15348601e+00 4.49296027e-01 9.48063910e-01
    5.84486604e-01 8.77302289e-01 7.51510859e-01 -2.45245919e-01
    1.22157621e+00 3.43677670e-01 3.96001399e-01 1.22254825e+00
    9.29474011e-02 4.34801191e-01 3.86781067e-01 3.29390496e-01
    2.45438173e-01 8.20269167e-01 8.81614566e-01 1.99737158e-02
    -2.75372863e-01 1.41161191e+00 8.30871880e-01 8.23605239e-01
    -2.16294229e-01 -1.41346291e-01 6.04297578e-01 1.15179288e+00
    5.81117511e-01 -1.06492221e-01 1.11143696e+00 -2.79445708e-01
    2.48869970e-01 6.48985445e-01 -3.92675221e-01 1.01797020e+00
    1.17243171e+00 2.64581233e-01 -4.08337653e-01 7.52725720e-01
    1.44996256e-01 1.09263718e+00 5.99442720e-01 1.36641908e+00
    -1.73948437e-01 -3.46772596e-02 1.19268024e+00 -5.68903685e-01
    1.18937898e+00 7.07891524e-01 8.50567997e-01 -2.62876153e-01
    3.90855163e-01 4.70890343e-01 7.69736648e-01 1.26608729e+00
    -7.01063946e-02 9.37967539e-01 7.35414207e-01 -2.62974292e-01
    1.76712885e-01 -2.19941974e-01 7.36600280e-01 -3.97695452e-01
    8.91154528e-01 1.13673759e+00 9.41780090e-01 -6.39197156e-02
    3.43404055e-01 1.44042954e-01 9.70985174e-01 2.18790602e-02
    -1.41687408e-01 3.84662211e-01 6.30344212e-01 1.17240751e+00
    5.17789543e-01 6.04092360e-01 1.31661105e+00 5.98470211e-01
    1.26151514e+00 1.08971453e+00 -2.20293835e-01 1.31842172e+00
    1.61272749e-01 7.55854309e-01 2.50041723e-01 5.73677599e-01
    5.85766375e-01 1.12711406e+00 1.12019181e+00 8.44636321e-01
    4.19209301e-01 9.94279921e-01 2.76665896e-01 1.15157342e+00
    3.60791534e-01 5.30638099e-01 -2.83300310e-01 -3.24047744e-01
    1.02292299e+00 9.58595634e-01 -1.96562484e-01 3.92047673e-01
    -2.39650548e-01 1.11584294e+00 9.86224294e-01 -3.44271451e-01
    5.97145379e-01 1.12830639e+00 7.96031892e-01 1.52059346e-01
    5.29614747e-01 -3.09940428e-01 9.95629430e-01 8.40925276e-01
    1.14832067e+00 1.86334118e-01 -3.80401671e-01 8.86269331e-01
    4.24973279e-01 1.24840879e+00 5.83856285e-01 8.80909525e-03
    7.17874348e-01 9.76325154e-01 -1.07118204e-01 3.89697343e-01
    5.52684247e-01 1.09870839e+00 4.95147780e-02 2.11784339e+00
    1.31955361e+00 4.56361145e-01 3.03971559e-01 1.79063246e-01
    1.00280774e+00 5.80312848e-01 7.96172097e-02 7.80459881e-01
    9.80082095e-01 3.43418151e-01 3.77403170e-01 3.26609403e-01
    1.16470301e+00 3.82867396e-01 8.81299138e-01 4.23217326e-01
    7.88474143e-01 7.21878469e-01 6.75131381e-01 5.90054989e-01
    9.34961259e-01 -2.52286315e-01 7.77331531e-01 7.53012538e-01
    3.82084399e-01 5.30272782e-01 7.27657557e-01 2.90732235e-01
    9.17138040e-01 -2.77213424e-01 3.36340480e-02 1.11894727e+00
    8.29448402e-01 1.04568386e+00 -2.34697267e-01 7.21218348e-01
    1.02445138e+00 2.96902597e-01 4.35215235e-01 9.41108048e-01
    9.65698779e-01 1.16126323e+00 4.94454235e-01 2.87819773e-01
    7.73366690e-01 4.16348316e-02 4.59568322e-01 -8.25425982e-03
    5.19061744e-01 4.48281318e-01 8.79191458e-01 6.53381526e-01
    9.76088107e-01 1.86558783e-01 1.04552478e-01 8.35715115e-01
    1.07759023e+00 9.96571183e-01 1.69426203e-01 -2.64582098e-01
    1.04331791e+00 3.93387884e-01 -1.12628289e-01 7.51762390e-01
    2.58146793e-01 -3.79452080e-01 1.34695768e+00 1.52158827e-01
    1.04401684e+00 1.08249736e+00 1.35630757e-01 1.05140042e+00
    9.30205345e-01 1.21747017e-01 7.92978764e-01 -3.15344304e-01
    1.44314015e+00 -5.66735119e-02 -3.05300951e-01 3.45506638e-01
    1.02281891e-01 1.04652798e+00 1.46690449e-02 1.97416887e-01
    -2.23047808e-01 9.27245378e-01 9.94341314e-01 1.30157620e-01
    1.01708031e+00 1.66649539e-02 3.43359947e-01 5.30280471e-01
    6.36520743e-01 1.25811183e+00 -1.73973013e-02 -2.34235808e-01
    1.30574477e+00 2.71020591e-01 -2.03072131e-01 1.86179578e-01
    5.76035559e-01 -3.24099660e-01 3.54519129e-01 1.43513516e-01
    4.76363413e-02 -5.35825789e-02 3.12735409e-01 -3.07667434e-01
    1.11700296e+00 -1.70125306e-01 5.35184264e-01 6.92573607e-01
    4.45463121e-01 2.37100199e-01 1.23088038e+00 1.86206967e-01
    1.06272614e+00 7.15792477e-01 9.10049379e-01 4.44691509e-01
    7.59647667e-01 2.92830467e-01 1.07991409e+00 -3.50427777e-01
    1.33071434e+00 2.63219744e-01 8.43694806e-01 1.03376710e+00
    3.06161255e-01 -3.01431888e-03 -3.53424251e-02 9.92616534e-01
    1.88393995e-01 1.29454744e+00 1.13788795e+00 1.07901382e+00
    4.43386137e-01 7.97612369e-01 6.30992293e-01 1.05805290e+00
    7.85344720e-01 4.15538102e-01 6.80466413e-01 9.66502368e-01
    1.28262234e+00 -3.20260584e-01 -3.48654687e-02 5.38353741e-01
    1.12039828e+00 6.80631995e-02 1.25723612e+00 -1.90100312e-01
    6.21021390e-01 1.07684255e+00 9.21947658e-01 1.29516006e+00
    -2.95434743e-01 9.39433634e-01 7.38405704e-01 1.33704379e-01
    1.08915126e+00 6.87291980e-01 1.37012887e+00 4.11374092e-01
    1.21264362e+00 3.46763641e-01 -2.03493506e-01 2.83399731e-01
    8.60947892e-02 1.21799648e+00 6.58737838e-01 1.15290451e+00
    5.34821510e-01 1.01644731e+00 8.22692752e-01 7.88505018e-01
    1.13423824e+00 8.35072339e-01 1.28348708e+00 -9.83325485e-03
    -5.95733561e-02 5.86698890e-01 8.68117929e-01 4.97945130e-01
    1.00265610e+00 1.26845455e+00 -3.69373113e-02 1.34351659e+00
    -3.69538814e-01 3.77009735e-02 1.16576768e-01 4.43787247e-01
    6.07599854e-01 -5.71274385e-02 -1.02276526e-01 6.90144360e-01
    1.54393584e-01 -9.69211608e-02 8.90096486e-01 6.86955214e-01
    7.12439477e-01 4.53641266e-01 1.24669828e-01 3.01999867e-01
    -5.75050935e-02 -8.84103850e-02 4.06468421e-01 6.37836516e-01
    -9.35549662e-03 4.75157142e-01 -5.27424812e-02 3.11560154e-01
    3.87549520e-01 5.29809356e-01 -5.50635420e-02 6.49288177e-01
    1.30156410e+00 -2.97053039e-01 5.27300164e-02 7.18695700e-01
    3.98436219e-01 7.23170102e-01 1.26556683e+00 1.35454524e+00
    3.21526378e-01 4.04544532e-01 1.54318556e-01 2.08510295e-01
    -2.86658555e-01 4.64324862e-01 8.67708921e-01 -2.35334009e-01
    1.33175743e+00 5.11097550e-01 1.00816345e+00 5.32957256e-01
    -1.45868450e-01 7.15562403e-01 1.57433189e-02 1.02145123e+00
    6.69794083e-01 1.34923589e+00 5.01414537e-01 4.33796525e-01
    -4.70766419e-04 -3.29585761e-01 -1.83458209e-01 8.13073158e-01
    8.96526873e-01 7.14002430e-01 9.38943505e-01 5.05058289e-01
    -2.96030998e-01 1.40925980e+00 -3.13492566e-01 1.10928059e+00
    7.73870230e-01 2.74482816e-01 4.02911425e-01 -1.01917341e-01
    9.42411363e-01 3.12100321e-01 1.02139449e+00 5.70322156e-01
    -3.47811133e-01 1.18408751e+00 1.11362696e+00 1.08514392e+00
    3.32270652e-01 -2.64916331e-01 4.94160593e-01 3.35080743e-01
    5.74923337e-01 -1.71512678e-01 3.49437028e-01 -3.66447806e-01
    9.18147624e-01 6.42011642e-01 3.02344579e-02 -1.51931792e-01
    -2.93826163e-01 3.47497344e-01 5.75485289e-01 9.84518006e-02
    8.42306614e-02 6.86199188e-01 5.03406823e-01 5.43446958e-01
    6.39987350e-01 1.08313763e+00 1.06901431e+00 4.78531390e-01
    3.70961368e-01 9.31988239e-01 -1.83328271e-01 3.44683640e-02
    8.98448825e-02 -2.96778344e-02 1.09199274e+00 7.79529274e-01
    7.83390164e-01 3.67752761e-01 8.48075807e-01 9.99419391e-01
    8.54762316e-01 8.23475420e-01 8.55785251e-01 1.15076685e+00
    -4.13540721e-01 1.45159733e+00 -2.34983072e-01 -2.35678279e-03
    1.30985355e+00 -3.05310935e-01 1.72204331e-01 2.64318138e-01
    5.12590408e-01 8.61724138e-01 7.76731372e-01 1.25172198e+00
    -1.94635928e-01 9.11433935e-01 1.28363824e+00 5.08614480e-01
    3.33236933e-01 9.22299683e-01 9.54002976e-01 4.28204507e-01
    -1.48520082e-01 2.95093536e-01 9.02605891e-01 6.32937789e-01
    -3.53376418e-01 3.30603808e-01 1.39250422e+00 1.65093735e-01
    -1.69577166e-01 -2.67970920e-01 1.19620836e+00 -2.22920358e-01
    3.60058397e-01 1.23239875e+00 4.53263819e-02 3.27785045e-01
    1.06903803e+00 2.34516025e-01 1.23673856e+00 -1.79604232e-01
    9.55325067e-01 9.84369397e-01 7.43677616e-02 9.96121228e-01
    1.76933870e-01 1.10377920e+00 1.26133382e+00 6.39735043e-01
    -3.50172877e-01 1.37550437e+00 3.05325210e-01 1.11517203e+00
    1.38466382e+00 -1.13629088e-01 8.21277797e-01 6.46698326e-02
    1.05783737e+00 -1.44504547e-01 1.11032903e+00 3.14589329e-02
    1.13206422e+00 -2.65867203e-01 1.04075944e+00 4.90327954e-01
    3.57784092e-01 4.64009583e-01 5.91946721e-01 -2.80095816e-01
    1.03363633e+00 1.22942790e-01 1.09811091e+00 4.24941629e-01
    1.68016583e-01 8.68846536e-01 1.10044789e+00 2.13339210e-01
    2.05581203e-01 6.95275187e-01 3.76073062e-01 1.24033010e+00
    7.38687873e-01 -4.80095357e-01 1.12199831e+00 -6.58370331e-02
    8.12395751e-01 -1.34752005e-01 -3.44761223e-01 1.04689932e+00
    5.14025748e-01 1.18217969e+00 7.66939104e-01 2.45687798e-01
    -3.89420897e-01 4.07469898e-01 8.55416894e-01 3.72352809e-01
    8.96590173e-01 -2.27556959e-01 -2.62672920e-02 1.16563034e+00
    6.99367702e-01 9.52645183e-01 -3.28825772e-01 4.59589720e-01
    1.43623376e+00 -2.48158686e-02 4.49391976e-02 1.93042215e-02
    6.43767178e-01 4.59001005e-01 -2.05358148e-01 1.02904029e-01
    -1.95875913e-01 -6.47981986e-02 1.17000520e-01 2.58021027e-01
    1.63585749e-02 1.43260472e-02 7.93119252e-01 -1.26082078e-01
    1.11731899e+00 -3.85572650e-02 5.11184037e-01 1.11548615e+00
    2.00444777e-02 -1.52432881e-02 4.75313980e-03 7.26452112e-01
    8.94000903e-02 5.81921577e-01 2.83225834e-01 9.55865443e-01
    5.77663958e-01 9.53619108e-02 5.88180542e-01 1.22889268e+00
    1.30387282e+00 -4.49900925e-01 1.42821300e+00 4.15388435e-01
    4.02068496e-01 6.18709028e-01 8.38841140e-01 -3.34210873e-01
    7.32765198e-01 3.48342478e-01 3.15399468e-01 9.94170547e-01
    -2.83779085e-01 9.82902765e-01 1.16384149e+00 -3.07008415e-01
    4.78814840e-02 6.96820557e-01 6.97269365e-02 1.93197712e-01
    1.72420427e-01 1.32581031e+00 1.27657449e+00 -3.36625814e-01
    1.18001568e+00 8.93811345e-01 3.22788656e-01 2.22692996e-01
    7.70378768e-01 1.05734676e-01 1.21384311e+00 1.02749920e+00
    -3.71988863e-02 1.92785576e-01 3.06347638e-01 1.55661076e-01
    1.21525609e+00 3.99387121e-01 5.61983287e-01 7.89633632e-01
    1.17230678e+00 8.82799685e-01 1.01701152e+00 1.27629864e+00
    1.34632736e-01 1.48665234e-01 -2.86757946e-01 1.44713831e+00
    2.68398017e-01 -2.19139084e-01 5.95287383e-02 -2.13630617e-01
    5.10585546e-01 -4.75508273e-01 9.21813846e-01 7.01890945e-01
    7.92049527e-01 1.08742285e+00 1.13903487e+00 3.60601425e-01
    3.50649565e-01 3.90579998e-01 5.19958973e-01 2.39763752e-01
    1.05180693e+00 2.43310258e-01 6.03027761e-01 4.14203078e-01
    9.49760437e-01 7.71195412e-01 5.79262674e-02 6.91445291e-01
    6.26333833e-01 2.80589968e-01 4.97586906e-01 7.78433323e-01
    8.46318543e-01 3.95521104e-01 7.46667162e-02 -2.74932712e-01
    9.25615788e-01 1.28738269e-01 9.10361409e-01 4.56501275e-01
    7.66479969e-02 3.44654024e-01 3.96920711e-01 8.68137777e-01
    3.58194113e-01 7.60801971e-01 5.61202705e-01 1.06102896e+00
    9.77024317e-01 5.61208725e-01 -1.08581483e-01 3.68352234e-01
    3.21982950e-01 2.45111838e-01 1.58942372e-01 -1.66417640e-02
    5.43768704e-01 -8.85346681e-02 1.89583376e-01 1.02521408e+00
    5.02432048e-01 5.02437353e-01 1.12542450e+00 2.98118234e-01
    4.87614602e-01 -1.69562370e-01 -2.51585603e-01 1.01691079e+00
    1.01545715e+00 5.08977354e-01 7.02007890e-01 -4.10004735e-01
    6.43812180e-01 -6.61025643e-02 1.33503556e+00 -1.35090977e-01
    9.58557650e-02 -7.94530213e-02 2.02723503e-01 -1.17145106e-01
    -3.15044552e-01 8.72124434e-01 7.45049343e-02 2.65568048e-01
    -2.52930373e-02 7.26307452e-01 -2.46361360e-01 3.30360681e-01
    9.20069456e-01 5.42637289e-01 -1.81702599e-01 6.49228513e-01
    7.11779535e-01 5.08748889e-01 7.88601279e-01 -1.47627473e-01
    7.11240649e-01 1.13678181e+00 -4.28424746e-01 5.96758306e-01
    1.04479563e+00 3.71930391e-01 5.96074045e-01 6.10521734e-01
    6.54821098e-01 1.32642210e-01 3.41841936e-01 -5.81747703e-02
    2.04961926e-01 8.27187479e-01 7.74317026e-01 -1.88586786e-01
    1.45440802e-01 3.43325377e-01 1.15626383e+00 -2.72969723e-01
    1.16102803e+00 1.58240825e-01 2.70974696e-01 -1.24888659e-01
    8.04540932e-01 5.56509793e-01 5.14832921e-02 7.97333062e-01
    8.03541839e-01 3.33837643e-02 3.74619484e-01 -1.25969186e-01
    2.23411292e-01 8.52443397e-01 -2.37583429e-01 9.35285866e-01
    2.87893713e-02 8.34856808e-01 2.35041231e-01 2.50905812e-01
    1.03672659e+00 1.71357453e-01 2.40012974e-01 1.04077555e-01
    1.31687713e+00 -2.31202230e-01 1.11810744e+00 7.59862602e-01
    2.36212447e-01 1.03650999e+00 -2.94256568e-01 1.44312084e-01
    2.75416464e-01 1.14543390e+00 9.58958626e-01 -8.75538215e-02
    -1.62539189e-03 1.28091395e+00 -1.52099818e-01 1.29844919e-01
    1.03737378e+00 3.57031226e-01 5.89584887e-01 2.87161171e-01
    -4.58551645e-02 2.46562599e-03 6.42038703e-01 7.43369937e-01
    1.24896407e+00 6.65145576e-01 2.26867780e-01 7.25743532e-01
    1.14202082e+00 -1.46186342e-02 4.89876539e-01 -1.05947472e-01
    8.76342714e-01 5.20319343e-01 1.91649795e-01 6.50043309e-01
    4.00396973e-01 3.08917701e-01 6.10481016e-02 3.60945731e-01
    -2.71300524e-01 -6.38785660e-02 1.24438107e+00 1.15949500e+00
    2.19168246e-01 3.23016673e-01 1.31869411e+00 8.57874632e-01
    4.72015560e-01 1.09763896e+00 1.76260859e-01 -1.97601676e-01
    5.83975673e-01 4.03765216e-02 1.30633450e+00 4.02208596e-01
    7.35035777e-01 4.15778995e-01 8.23754251e-01 2.39199728e-01
    -1.13077134e-01 1.46209061e+00 1.60630688e-01 -3.30220982e-02
    5.49956262e-01 1.13994575e+00 1.02725856e-01 9.91648436e-01
    5.86172462e-01 7.20286906e-01 1.08734870e+00 2.28612870e-02
    1.63473427e-01 1.31614614e+00 9.43453163e-02 -2.26806149e-01
    3.57070625e-01 7.19112933e-01 1.91525877e-01 7.80054092e-01
    8.90199780e-01 -4.88036349e-02 -3.41790974e-01 8.36584628e-01
    1.01498997e+00 1.02537405e+00 -4.46076661e-01 9.49448407e-01
    7.26944029e-01 1.11575115e+00 -1.59000292e-01 1.14682901e+00
    1.03813493e+00 -3.87316585e-01 -4.80667911e-02 1.20943236e+00
    -9.71735343e-02 -3.20376813e-01 1.20843732e+00 -6.78509995e-02
    -8.82534832e-02 -1.70190424e-01 -5.76945804e-02 8.39521646e-01
    8.72063935e-01 -1.44305257e-02 1.28287518e+00 -1.47618055e-01
    -3.57265383e-01 4.37526584e-01 9.98639405e-01 5.41897655e-01
    9.55872238e-01 9.62759197e-01 2.34927073e-01 3.49220306e-01
    7.71634161e-01 3.02921981e-01 -1.90512434e-01 2.08058074e-01
    -6.85477182e-02 8.60951722e-01 5.21036208e-01 5.63049495e-01
    8.95302951e-01 1.16123486e+00 8.92434716e-01 1.18585932e+00
    -9.32384208e-02 5.52686095e-01 -1.75731368e-02 5.96578062e-01
    1.03621471e+00 2.49521062e-01 8.53219390e-01 1.82102318e-04
    3.85499746e-01 6.17764711e-01 4.63358164e-01 1.29963517e+00
    5.85211933e-01 1.28835249e+00 -3.54945451e-01 1.10776329e+00
    -2.36052066e-01 5.17446041e-01 4.62931722e-01 8.66590202e-01
    4.68820870e-01 3.96792263e-01 1.31434643e+00 -1.83630958e-01
    4.28774059e-01 -1.54049188e-01 5.64602554e-01 4.06674564e-01
    -2.46545777e-01 5.37830219e-02 4.43587035e-01 1.34859288e+00
    3.50119248e-02 4.65004861e-01 3.31569165e-01 8.11707735e-01
    8.02331924e-01 8.43771577e-01 1.73952281e-01 3.27466965e-01
    1.21908200e+00 8.21536005e-01 9.31949019e-01 -2.67668366e-01
    8.95272493e-01 -9.12160892e-03 8.10409188e-01 -1.39087930e-01
    1.02476656e+00 6.28416657e-01 1.15842573e-01 4.84955698e-01
    5.01162767e-01 7.03499258e-01 3.81711811e-01 1.16787040e+00
    2.69953698e-01 -3.90842855e-02 7.27688313e-01 1.33925819e+00
    -3.09938014e-01 1.08980775e+00 5.48444748e-01 1.96025282e-01
    1.11468947e+00 1.39414179e+00 2.80667599e-02 8.92026067e-01
    7.18858600e-01 1.15682662e-01 -2.18052790e-02 9.23703611e-02
    -2.12732732e-01 1.45223394e-01 8.76694858e-01 -2.35874310e-01
    4.20647472e-01 -1.02005145e-02 7.93633699e-01 7.82057166e-01
    1.66155040e-01 2.16921583e-01 1.54065445e-01 3.96526903e-01
    7.05334619e-02 8.58727872e-01 1.30605960e+00 -1.44417584e-01
    9.74949896e-01 6.65268779e-01 8.75788748e-01 8.11577260e-01
    8.31291437e-01 6.69977784e-01 9.14261043e-02 5.14921188e-01
    8.22504640e-01 6.97586834e-01 1.13862264e+00 5.68588018e-01
    7.88809061e-01 1.94186643e-01 2.20911533e-01 5.12827754e-01
    -1.05943739e-01 5.76685593e-02 1.04433072e+00 7.49629617e-01
    1.01744699e+00 1.12394512e+00 6.07485056e-01 -1.74060851e-01
    6.53128088e-01 3.29016805e-01 2.13401839e-01 1.67380005e-01
    1.03540587e+00 1.03347576e+00 7.74465442e-01 9.15402532e-01
    -2.26226747e-01 1.18932962e+00 1.25671148e+00 3.39932710e-01
    4.04111236e-01 1.06284499e+00 -6.15142286e-02 8.30347419e-01
    3.93911839e-01 1.20376182e+00 -1.77455321e-01 4.12810519e-02
    -3.45647216e-01 6.04628503e-01 7.04819202e-01 4.67618674e-01
    1.28389692e+00 2.83096105e-01 1.15921605e+00 7.40342557e-01
    1.15375531e+00 -3.17413300e-01 9.03482556e-01 3.28927994e-01
    9.82688725e-01 1.23284483e+00 -2.11623624e-01 -7.35866055e-02
    1.55255795e-01 1.20998669e+00 4.77694869e-01 1.72547475e-01
    6.74878880e-02 1.17914104e+00 1.21010983e+00 1.28953263e-01
    9.86392856e-01 7.72482753e-01 6.68615401e-01 8.42777491e-01
    1.21154451e+00 1.13360822e+00 1.06245744e+00 5.97299457e-01
    1.13030624e+00 3.18731964e-02 8.30050230e-01 1.10636652e+00
    2.15089142e-01 2.82541960e-01 -1.73337460e-01 1.63894922e-01
    -2.03787297e-01 1.14849687e+00 -3.40396166e-01 5.38902104e-01
    1.06907284e+00 9.39459801e-01 1.16379428e+00 4.90563214e-01
    2.31417552e-01 4.48452622e-01 4.92841691e-01 1.06707585e+00
    8.10352981e-01 -2.67041087e-01 6.54637694e-01 1.13705039e+00
    1.02938974e+00 -3.45726907e-01 1.09877634e+00 1.11658919e+00
    -1.67618170e-01 1.18598282e+00 6.90918744e-01 -1.82419628e-01
    3.89890410e-02 4.64954495e-01 1.29051423e+00 2.16084018e-01
    8.55451822e-01 8.46840665e-02 5.21752238e-01 1.13490152e+00
    -2.79765248e-01 1.26593280e+00 -8.10612738e-02 8.81772637e-01
    -5.95917553e-02 1.94695860e-01 1.39233816e+00 3.10104489e-01
    9.48443055e-01 3.76963377e-01 6.70170546e-01 1.01886237e+00
    1.05178900e-01 1.89125627e-01 5.93790352e-01 -1.50433362e-01
    8.04198742e-01 1.25945103e+00 1.20752333e-02 9.86552894e-01
    1.11746967e+00 -2.17239305e-01 5.62949955e-01 9.01272893e-01
    1.34756589e+00 5.63357294e-01 6.51436567e-01 -9.55336466e-02
    1.32684398e+00 -4.26977783e-01 6.40389740e-01 1.24486625e+00
    1.33023703e+00 2.50971556e-01 7.88450360e-01 8.75757456e-01
    -2.08681464e-01 2.73626745e-01 7.10257471e-01 5.48543870e-01
    6.34813905e-01 7.71046162e-01 1.40012634e+00 -2.22121239e-01
    1.09000660e-01 -7.66122043e-02 -1.55138120e-01 1.23016346e+00
    -2.72052586e-01 1.08896244e+00 -3.45854163e-01 5.20681202e-01
    -2.79561222e-01 1.04273999e+00 2.30428487e-01 6.74865246e-01
    -1.92665830e-02 8.46927643e-01 4.70666081e-01 1.31688845e+00
    1.35462567e-01 1.14618576e+00 -1.47933692e-01 1.10826433e+00
    1.07591200e+00 -4.26965535e-01 9.29626882e-01 2.83628516e-02
    3.74649912e-01 -1.90930560e-01 -1.14996888e-01 3.05405557e-01
    4.32908200e-02 5.50265253e-01 3.07156630e-02 4.58540410e-01
    9.47158456e-01 6.44934118e-01 7.56520092e-01 6.41892791e-01
    1.42494166e+00 -8.94202385e-03 3.97462964e-01 3.34671825e-01
    8.06520939e-01 -1.15098521e-01 9.45416808e-01 1.04672946e-01
    1.05095387e-01 2.29281321e-01 -6.95114881e-02 8.46224785e-01
    1.01649916e+00 7.10633174e-02 2.11176723e-01 1.30689800e-01
    1.26007760e+00 -2.46737018e-01 8.95793438e-01 2.97921628e-01
    8.74559700e-01 9.01120543e-01 -6.52448758e-02 -1.61118016e-01
    1.10128641e+00 -2.59797692e-01 8.68483782e-01 8.96024883e-01
    1.61853731e-01 6.49493560e-02 2.99869001e-01 9.45078969e-01
    6.06722832e-01 1.62065759e-01 5.71608126e-01 -1.57439694e-01
    -1.85633019e-01 3.53175819e-01 8.34991574e-01 -3.61488700e-01
    5.44980884e-01 4.24792796e-01 1.27389860e+00 1.21426189e+00
    1.01562512e+00 1.09797096e+00 -3.32218826e-01 3.13090384e-01
    -2.07265317e-02 1.26133800e+00 6.37809753e-01 1.10645068e+00
    1.23008728e+00 -2.71463811e-01 3.02292585e-01 1.40015125e+00
    -3.69662702e-01 1.15831876e+00 -1.81080867e-02 8.83800983e-01
    -3.44133049e-01 1.02448320e+00 3.04537290e-03 4.37700033e-01
    6.01911247e-01 1.45500228e-01 2.78959572e-01 1.01251774e-01
    1.00614958e-01 1.00916040e+00 9.18219611e-02 -5.75922849e-03
    1.09853840e+00 4.36539948e-01 9.20141697e-01 2.15734288e-01
    1.35732245e+00 -7.05395192e-02 -2.22659692e-01 2.05269113e-01
    1.35415518e+00 -4.54697818e-01 4.00701970e-01 5.48557162e-01
    3.86498958e-01 3.58719915e-01 4.61231261e-01 3.68498147e-01
    -4.14389342e-01 1.23038256e+00 7.32968390e-01 7.21420705e-01
    -1.42514169e-01 4.95057434e-01 6.85243189e-01 -2.98505202e-02
    7.49002934e-01 -2.91297048e-01 1.41376376e-01 6.27692521e-01
    -3.30570817e-01 1.54020220e-01 -2.02956185e-01 1.26410747e+00
    1.09137642e+00 1.18951869e+00 5.68765938e-01 1.23712325e+00
    -4.32655364e-01 1.61407828e-01 9.67010081e-01 7.04325616e-01
    5.51415563e-01 9.40111995e-01 4.48917419e-01 -3.71880263e-01
    3.20474446e-01 3.55824649e-01 9.87036705e-01 1.05624720e-01
    3.70025903e-01 -2.06076294e-01 3.58953446e-01 1.47361785e-01
    2.73514837e-01 1.05544376e+00 -2.23144770e-01 6.75181150e-01
    -6.69998825e-02 5.98009527e-01 1.08349081e-02 4.61814553e-01
    -2.80208707e-01 -1.09866038e-01 1.04155409e+00 -1.17611170e-01
    5.44138789e-01 6.52699530e-01 1.38877764e-01 8.92683744e-01
    7.38476694e-01 2.14236304e-01 1.21422350e+00 -2.57982127e-03
    1.13585258e+00 -3.36337209e-01 1.55572072e-01 2.02334791e-01
    3.34795043e-02 7.83335388e-01 -1.96072295e-01 6.49118960e-01
    2.11616963e-01 9.67894256e-01 2.51429547e-02 5.33838034e-01
    5.42773843e-01 1.32575262e+00 -3.34558904e-01 9.07885507e-02
    1.13436592e+00 1.22098124e+00 8.36818874e-01 -8.96736681e-02
    -2.74500936e-01 9.64638948e-01 1.11854196e+00 7.23360717e-01
    -9.22082886e-02 9.04262662e-02 3.30167383e-01 8.84000003e-01
    3.96873951e-01 9.15379673e-02 8.32130492e-01 3.54415566e-01
    8.33627522e-01 8.06694031e-01 -2.01740101e-01 9.31806684e-01
    -2.99167126e-01 1.08700323e+00 2.52114147e-01 -1.36907101e-01
    8.13254416e-01 -3.53548713e-02 1.47771314e-01 4.18329805e-01
    4.82023954e-01 6.09500349e-01 -2.62319744e-01 5.11170849e-02
    3.76191378e-01 5.95756233e-01 8.22685659e-01 3.16491336e-01
    3.83689374e-01 1.36295688e+00 7.45252490e-01 1.05748534e-01
    3.12051594e-01 1.16412199e+00 1.01967347e+00 8.85834098e-01
    2.60377347e-01 8.11312020e-01 7.39777684e-01 9.40331459e-01
    5.40977061e-01 9.24824327e-02 6.60169780e-01 7.15163529e-01
    8.04288685e-01 1.11699641e+00 5.49413323e-01 -2.16892168e-01
    1.40076146e-01 8.08112502e-01 -3.71672511e-01 7.40232646e-01
    5.30368567e-01 1.16550601e+00 9.69529450e-01 4.87446696e-01
    3.36337924e-01 1.31914353e+00 5.51001489e-01 7.16831505e-01
    5.75775132e-02 1.25608742e+00 7.69992024e-02 6.03849828e-01
    -2.44119745e-02 -3.42725813e-01 6.38952911e-01 2.72218734e-01
    -2.21194148e-01 8.86317790e-01 4.05808300e-01 2.34094858e+00
    -1.63658112e-01 5.13398647e-01 1.37245429e+00 3.29512089e-01
    2.36575693e-01 6.05697632e-01 8.26417089e-01 3.14078927e-01
    -2.20570713e-01 1.21419251e+00 1.13636351e+00 9.84821916e-01
    -2.45935872e-01 9.91611853e-02 4.95629638e-01 -2.29628272e-02
    9.31547284e-02 1.35533184e-01 2.14889288e-01 5.59642315e-01
    -3.83475929e-01 1.34407306e+00 9.72821593e-01 7.69280910e-01
    -4.45770770e-02 1.42984605e+00 5.09881318e-01 1.00950909e+00
    4.67559099e-01 1.15137601e+00 -3.91122282e-01 9.59009528e-01
    5.41151166e-01 1.06903613e+00 3.11832726e-01 7.66823471e-01
    7.71952987e-01 1.15397429e+00 3.97131056e-01 6.66768849e-01
    7.70950198e-01 1.39243186e-01 7.42030978e-01 4.09146607e-01
    3.09967816e-01 2.19061956e-01 1.39377487e+00 5.34046531e-01
    4.49613661e-01 -1.85848489e-01 3.06083500e-01 4.63076890e-01
    3.77475291e-01 4.38646346e-01 9.35936749e-01 1.14622056e+00
    5.98639786e-01 7.55672110e-03 -2.62649238e-01 5.55089295e-01
    5.44647634e-01 4.48928624e-02 9.85266507e-01 9.07590568e-01
    1.11285794e+00 -2.32386604e-01 -1.36276372e-02 -1.71544492e-01
    5.20187974e-01 6.10923767e-02 1.20252538e+00 9.26095098e-02
    6.03684366e-01 9.08885896e-02 6.26523942e-02 -3.50732535e-01
    3.63156438e-01 9.62971970e-02 4.85347688e-01 1.95198476e-01
    5.09607568e-02 7.76671529e-01 8.28869462e-01 -1.43651254e-02
    4.39554363e-01 -2.62651592e-01 8.72362614e-01 -2.38234088e-01
    1.16222322e+00 3.77483547e-01 -1.58727407e-01 6.58003449e-01
    1.00430977e+00 -8.21061432e-02 9.92484272e-01 1.89758554e-01
    -9.26982798e-03 8.45208406e-01 -1.98337242e-01 -4.30098139e-02
    1.28046155e+00 2.51446843e-01 9.78350163e-01 1.17881250e+00
    9.90842581e-01 7.33992517e-01 1.10427886e-01 4.22682762e-01
    -2.18998164e-01 8.82199049e-01 -1.38316095e-01 5.34407675e-01
    1.28505862e+00 5.50598204e-01 7.90481031e-01 5.92913181e-02
    1.34701061e+00 -8.29277709e-02 -3.15923430e-02 1.15825152e+00
    3.35591674e-01 3.76688123e-01 -1.94179714e-01 8.63914192e-01
    5.58436930e-01 1.34122097e+00 2.35100180e-01 1.08161879e+00
    -2.29616567e-01 8.14426243e-02 1.49354905e-01 1.39819384e+00
    7.96639383e-01 -2.99670309e-01 9.13213611e-01 -8.33558962e-02
    -5.21178283e-02 -2.02318296e-01 1.17445529e+00 2.59121269e-01
    1.04343104e+00 1.01855922e+00 1.30912459e+00 5.40762246e-01
    1.15424871e+00 5.32994330e-01 2.36670673e-01 -1.98637873e-01
    8.18721473e-01 1.00218964e+00 2.36888617e-01 1.14393699e+00
    5.88886216e-02 8.04705799e-01 -2.82894194e-01 4.97607067e-02
    7.09736943e-02 6.08072281e-01 1.07341683e+00 4.04693902e-01
    1.05755413e+00 1.02949786e+00 1.32940257e+00 -1.63093489e-02
    1.07750905e+00 1.19022024e+00 9.21299607e-02 1.14665973e+00
    3.84543926e-01 3.72641534e-01 1.25369108e+00 1.53760865e-01
    5.52658498e-01 6.32150292e-01 7.63465822e-01 8.87737274e-01
    1.13542211e+00 2.39616945e-01 5.20518780e-01 9.88968670e-01
    7.14279413e-01 2.23767340e-01 3.63600324e-03 5.16373366e-02
    -2.42899358e-01 9.97776687e-01 -1.22016087e-01 -2.88998812e-01
    2.70388961e-01 9.72237825e-01 1.31661505e-01 -7.70228589e-03
    7.17479289e-02 6.02967680e-01 -3.80518474e-02 1.91335857e-01
    1.36075616e+00 2.99262881e-01 -5.66244759e-02 -2.97506303e-01
    1.14854920e+00 4.87898946e-01 2.91598231e-01 -1.36615276e-01
    6.01754069e-01 6.85777009e-01 5.31911135e-01 1.16778350e+00
    1.22096145e+00 9.97726262e-01 -3.10954779e-01 4.89317268e-01
    1.07418194e-01 4.57168557e-02 2.76289701e-01 3.94773930e-01
    -5.58505990e-02 8.73625994e-01 1.20368481e+00 1.74071431e-01
    1.19508624e+00 1.19887698e+00 7.45686591e-01 -1.18792169e-01
    -1.08557589e-01 1.35994673e-01 1.13767958e+00 1.11700463e+00
    1.07377923e+00 4.91677105e-01 -2.08913118e-01 1.19789898e+00
    1.91267833e-01 -2.93418646e-01 3.54329139e-01 8.58449817e-01
    2.84115285e-01 -3.71656865e-01 1.26512396e+00 3.84901077e-01
    1.10567594e+00 -3.58441412e-01 9.31481481e-01 7.51512110e-01
    3.92780721e-01 1.12991107e+00 1.98721856e-01 6.11142993e-01
    7.01575458e-01 1.33455288e+00 5.71037352e-01 8.28829408e-01
    5.42098105e-01 1.28844690e+00 -2.00093076e-01 3.15578461e-01
    1.44664240e+00 -2.49267086e-01 5.03579557e-01 4.09173667e-02
    4.52143997e-01 1.18837678e+00 -1.82069048e-01 1.57296956e-01
    1.06026673e+00 6.74544632e-01 -1.46739244e-01 -9.82317179e-02
    1.51614726e+00 -1.44820496e-01 6.90378666e-01 -2.55713582e-01
    1.87441036e-01 6.27785563e-01 1.09612501e+00 1.05688500e+00
    2.60548204e-01 3.39890659e-01 3.52276117e-01 1.25676855e-01
    1.05068064e+00 -4.27835286e-01 8.93158853e-01 4.39420670e-01
    7.71293283e-01 1.26225519e+00 8.11374605e-01 1.61901951e-01
    7.68804371e-01 -3.15011203e-01 5.32021642e-01 5.46782196e-01
    -3.21032077e-01 5.43798804e-01 -1.08391523e-01 8.76768112e-01
    -2.12332040e-01 1.32137907e+00 8.06275234e-02 8.51151645e-01
    9.13382351e-01 1.27348471e+00 -4.18515384e-01 9.52345550e-01
    -2.62178928e-01 1.25521350e+00 8.30949128e-01 5.93153834e-01
    4.05193806e-01 6.10139430e-01 2.46511295e-01 1.23966217e+00
    4.43887860e-01 7.08981574e-01 1.83366582e-01 4.64436024e-01
    9.16841403e-02 2.91088849e-01 -2.29046464e-01 4.03227508e-01
    9.72681820e-01 -2.04549387e-01 6.53419912e-01 1.35270441e+00
    -8.16397294e-02 8.55385005e-01 1.06116641e+00 -4.84181941e-02
    9.49459374e-01 6.37099862e-01 1.36367345e+00 1.27851021e+00
    1.00434065e+00 5.93734495e-02 9.61606264e-01 2.42348433e-01
    8.71525109e-01 6.44479513e-01 -1.48462981e-01 1.04699111e+00
    5.88122308e-01 -4.76637334e-02 6.51938379e-01 4.05405790e-01
    -1.40171170e-01 1.18888509e+00 1.11722636e+00 3.45528573e-01
    9.80166197e-01 -3.87658894e-01 8.92509043e-01 -1.66136160e-01
    7.48256803e-01 9.51299369e-01 7.56401420e-01 6.36927113e-02
    1.04971461e-01 -1.77914083e-01 1.27458990e+00 -1.94722638e-01
    3.44349742e-01 6.52585864e-01 1.19120002e+00 8.27133954e-01
    6.43628657e-01 4.84521955e-01 8.52708995e-01 7.84127295e-01
    5.50114438e-02 4.72420007e-02 7.54636765e-01 4.12459761e-01
    5.05392373e-01 5.37937544e-02 -1.78223252e-01 1.25650668e+00
    1.02994180e+00 1.04206204e+00 7.27578402e-01 -3.57135981e-01
    5.81087172e-02 3.43156934e-01 4.13350940e-01 8.73238593e-02
    7.66812503e-01 1.01566339e+00 3.58616024e-01 4.68054593e-01
    8.57653499e-01 -7.87307471e-02 1.09312534e+00 6.96030498e-01
    -2.14040056e-01 9.03421581e-01 7.43910432e-01 6.48562849e-01
    2.46270314e-01 5.57009339e-01 -2.34857529e-01 -2.06393480e-01
    -3.00658584e-01 1.21909344e+00 1.07033074e+00 1.75350845e-01
    3.04635316e-01 1.00988460e+00 5.52469015e-01 2.70686597e-01
    2.26207808e-01 1.44473731e-03 7.99494028e-01 1.27127469e+00
    1.06164455e-01 5.21718085e-01 -1.05815053e-01 1.42589524e-01
    -2.29264237e-02 -3.24198872e-01 6.02578580e-01 4.58754867e-01
    7.34179080e-01 3.40397418e-01 8.27387512e-01 -7.25626275e-02
    9.63995695e-01 5.33031046e-01 7.86282122e-01 -6.29765987e-02
    3.28953385e-01 9.09395397e-01 3.78136814e-01 -3.16688389e-01
    1.03035748e+00 9.55804944e-01 7.43797183e-01 1.00833011e+00
    3.10858220e-01 6.63335383e-01 -6.26678392e-03 1.14583063e+00
    9.52851772e-01 4.65076804e-01 -2.92947710e-01 1.13173032e+00
    1.21890008e+00 4.83861834e-01 1.06312430e+00 -1.29336745e-01
    1.29309249e+00 2.38176405e-01 8.67053494e-03 3.49369258e-01
    7.88544238e-01 7.00333714e-01 1.20037329e+00 1.08916724e+00
    2.32702389e-01 1.10239372e-01 9.34797451e-02 -1.95229538e-02
    9.53140497e-01 1.73894435e-01 1.25169778e+00 5.66256940e-01
    -2.89399862e-01 7.00315952e-01 1.23421177e-01 2.95993984e-02
    6.07681513e-01 8.38188052e-01 1.25831974e+00 -3.10722440e-01
    3.41603130e-01 7.73970008e-01 6.32304192e-01 -3.81493598e-01
    1.35500634e+00 3.14808264e-02 3.88370268e-02 1.04898274e+00
    1.11633146e+00 1.37522984e+00 -1.59330428e-01 1.08033633e+00
    -2.69188285e-01 1.15664113e+00 -2.05786750e-01 5.26354313e-01
    1.17414427e+00 1.04708302e+00 1.38805652e+00 1.08033173e-01
    5.12155056e-01 4.69638705e-01 2.11042762e-01 -2.75577337e-01
    5.29720545e-01 1.28025603e+00 -1.24231115e-01 -4.76125404e-02
    1.96043164e-01 4.14973319e-01 4.47409868e-01 1.10576952e+00
    2.76149362e-01 3.61730427e-01 1.07757711e+00 4.50376391e-01
    -2.76989996e-01 9.75472867e-01 2.58403152e-01 1.02760911e+00
    -2.48710699e-02 7.55116701e-01 -3.33027869e-01 9.36302543e-01
    1.24692428e+00 1.25297034e+00 1.30591663e-02 9.24566805e-01
    6.08907104e-01 4.58131701e-01 -7.88671002e-02 6.14616156e-01
    -5.15297391e-02 2.79040724e-01 -2.30258089e-02 1.10004783e+00
    9.85872805e-01 -1.95156664e-01 7.12068975e-01 -1.86729774e-01
    8.56476188e-01 3.51123124e-01 -1.34621516e-01 3.65358949e-01
    5.59506834e-01 1.06625438e+00 1.50524154e-01 -1.18992262e-01
    8.16857100e-01 -3.94642502e-01 8.03809702e-01 7.53882229e-01
    -3.51445138e-01 7.18530893e-01 4.75998521e-01 8.09682429e-01
    7.54820883e-01 9.35088396e-01 1.03213596e+00 5.20330310e-01
    6.72802389e-01 1.40057459e-01 1.83317199e-01 6.76471114e-01
    -3.51437107e-02 -1.74997404e-01 8.35454166e-01 3.28796506e-01
    8.73028338e-01 1.20494723e+00 8.10958266e-01 -4.65410531e-01
    1.39350128e+00 2.31141180e-01 2.63712555e-01 8.37029278e-01
    3.01757455e-01 5.18851340e-01 1.22919238e+00 7.50370681e-01
    -1.31153330e-01 -7.03266338e-02 1.22135699e+00 2.71252036e-01
    6.15093350e-01 1.19067407e+00 8.12631369e-01 1.18019633e-01
    3.83547395e-01 -3.38809550e-01 5.08295417e-01 1.16696179e+00
    4.89354432e-01 4.07172829e-01 -2.65149385e-01 -3.90097886e-01
    1.42408216e+00 -1.26870275e-01 5.27168095e-01 2.75001228e-01
    8.93001705e-02 3.72514576e-01 -9.65395793e-02 9.58811283e-01
    -2.95933753e-01 9.54275727e-01 7.16401696e-01 1.35813951e+00
    -3.65691185e-01 1.17651713e+00 1.13436592e+00 9.56121683e-01
    9.01610672e-01 6.57052994e-01 8.59752774e-01 7.27571189e-01
    6.29205108e-01 9.03199136e-01 -2.24989668e-01 1.30262315e+00
    3.76048177e-01 1.07845783e+00 9.87918019e-01 7.94102073e-01
    1.17076504e+00 5.70338190e-01 1.19880867e+00 1.20455337e+00
    -4.63012010e-01 1.34692669e+00 7.60294974e-01 1.12246025e+00
    -8.48759189e-02 1.11934578e+00 9.54288766e-02 2.91035384e-01
    1.83631793e-01 -1.44959405e-01 8.97773325e-01 2.88099423e-02
    5.14228642e-01 -2.63994157e-01 7.10611582e-01 1.24107051e+00
    6.78252578e-01 1.93301961e-01 -5.03352731e-02 8.24211895e-01
    5.91216326e-01 6.09370947e-01 9.32267010e-01 -1.43396735e-01
    3.39437723e-01 -2.62494683e-01 1.33209145e+00 2.35535368e-01
    1.39572179e+00 1.05381683e-01 1.05271697e+00 3.84612501e-01
    -2.43529841e-01 1.21850312e+00 8.26465905e-01 3.32349807e-01
    1.24458528e+00 -2.65345812e-01 1.32486355e+00 -2.90515721e-01
    5.56260586e-01 4.50680465e-01 -2.83160836e-01 5.60513079e-01
    8.97576094e-01 8.73107374e-01 8.15568686e-01 5.38694978e-01
    1.11987662e+00 5.27439356e-01 8.15457344e-01 1.23640621e+00
    6.32973194e-01 7.18486369e-01 7.05320314e-02 3.80132794e-01
    -1.28655836e-01 1.02432263e+00 -1.72956631e-01 2.77204454e-01
    1.05806804e+00 1.07649934e+00 8.81128982e-02 4.98446405e-01
    2.28647932e-01 1.51575115e-02 -2.49427378e-01 1.18776643e+00
    5.29521644e-01 6.11038446e-01 1.22557592e+00 7.05515146e-01
    3.67184818e-01 2.19198033e-01 -1.70828432e-01 8.57063055e-01
    -3.60990733e-01 7.87518844e-02 7.54469156e-01 2.24070087e-01
    8.45461786e-01 1.09201860e+00 -2.57790834e-01 4.16524857e-01
    9.34787571e-01 4.88570213e-01 1.21516705e+00 3.17728728e-01
    1.01476109e+00 1.10914719e+00 8.91935349e-01 3.21923882e-01
    1.23664796e+00 4.31137174e-01 1.20777905e+00 4.93462801e-01
    9.91236746e-01 6.57118917e-01 -7.58547634e-02 1.21006119e+00
    -1.69817433e-02 1.16347575e+00 2.33097002e-01 2.63017535e-01
    9.99060869e-01 -2.94212312e-01 2.89009303e-01 5.24082839e-01
    4.61610526e-01 2.75394678e-01 3.31221819e-01 1.90261722e-01
    6.49906814e-01 1.10438511e-01 1.17091024e+00 2.44053274e-01
    3.49123329e-01 -2.62959301e-02 1.02885820e-01 3.70227873e-01
    4.71302092e-01 9.91811901e-02 5.66413879e-01 -3.21844906e-01
    8.58491480e-01 -3.01279545e-01 -3.50201517e-01 1.26223385e+00
    -2.63382465e-01 4.61876690e-01 1.03246129e+00 4.20790195e-01
    8.32034111e-01 -3.65192264e-01 1.05537796e+00 1.09969437e+00
    6.62843227e-01 1.10703655e-01 5.76228619e-01 -1.26399577e-01
    1.24869823e+00 4.64573383e-01 2.74541914e-01 1.31849718e+00
    -3.07657957e-01 4.65649545e-01 -1.93263158e-01 2.67786860e+00
    -1.10956781e-01 1.44347250e-01 1.05791485e+00 1.74759910e-01
    4.70436215e-02 1.13483444e-01 6.89267814e-01 9.33800697e-01
    1.77185550e-01 8.88284087e-01 3.67260277e-02 5.06891489e-01
    9.89318371e-01 9.21726823e-01 1.38869464e-01 1.28763348e-01
    4.00354683e-01 -1.62354738e-01 4.21885192e-01 1.27352262e+00
    2.79928356e-01 2.04849228e-01 8.25228274e-01 7.30441213e-01
    1.17217384e-01 6.58454716e-01 1.87743947e-01 3.16264212e-01
    1.53082326e-01 1.86229013e-02 6.15217507e-01 1.02659869e+00
    6.25398338e-01 9.32305276e-01 7.33211100e-01 1.83061332e-01
    -1.91827863e-01 1.24693954e+00 -1.99853972e-01 6.64919853e-01
    9.31522846e-01 1.17419028e+00 5.49883485e-01 2.96879977e-01
    -2.45464817e-01 1.14470732e+00 -1.28551766e-01 4.85462904e-01
    1.31568575e+00 2.46109083e-01 -8.60379711e-02 9.23494995e-01
    5.69397569e-01 4.80196297e-01 9.90851104e-01 -2.99627244e-01
    5.43248616e-02 -1.23784155e-01 -1.87684849e-01 8.79460752e-01
    -5.30498475e-02 7.35622883e-01 9.11394715e-01 7.11735189e-01
    1.22287333e+00 4.28907633e-01 5.01811802e-01 1.94123402e-01
    1.35639322e+00 9.91162956e-01 7.26771832e-01 1.11350167e+00
    8.26267451e-02 1.22817981e+00 3.32790911e-01 9.81003463e-01
    3.11304182e-01 -5.17903045e-02 -5.02027199e-03 4.44503039e-01
    6.34635925e-01 6.51902020e-01 4.73827310e-02 8.50996673e-02
    4.25231278e-01 -1.43692316e-02 1.05903816e+00 -3.48065078e-01
    1.28688908e+00 -1.92677245e-01 -2.01261222e-01 1.21093345e+00
    2.30923966e-01 2.80090064e-01 1.10820234e+00 -3.33721936e-01
    8.25697064e-01 -7.64075145e-02 5.66595852e-01 4.17147994e-01
    7.82191634e-01 -2.53105164e-01 -8.22875127e-02 7.20385313e-01
    9.15438890e-01 4.09912169e-01 -2.05897689e-01 8.49857509e-01
    9.75717008e-01 5.13926372e-02 1.03390968e+00 1.12548554e+00
    -3.86313558e-01 1.05350125e+00 -2.60606229e-01 4.24211323e-01
    6.30774558e-01 1.17555583e+00 1.10241437e+00 1.54891051e-02
    2.10454553e-01 1.40017986e+00 8.71639192e-01 4.53256607e-01
    9.66405869e-01 9.03074145e-02 1.01821733e+00 -1.51179031e-01
    -1.70773849e-01 6.20054424e-01 9.00379062e-01 1.28991377e+00
    8.86246204e-01 2.02459946e-01 3.78676020e-02 1.39811444e+00
    -2.93724239e-01 1.04094875e+00 6.53314233e-01 1.30368754e-01
    -1.90791145e-01 9.33889568e-01 2.57924438e-01 1.51384562e-01
    -3.21167447e-02 1.17988515e+00 3.61650109e-01 3.30331981e-01
    -8.70202556e-02 9.51746464e-01 1.07329555e-01 1.26982534e+00
    -4.93676305e-01 8.50546420e-01 5.00002027e-01 8.96685064e-01
    1.50829509e-01 2.92458206e-01 1.92068323e-01 2.05188468e-01
    1.30857325e+00 -2.57053703e-01 1.10904574e+00 8.69295001e-01
    1.00898588e+00 -1.84972405e-01 1.10101020e+00 7.34087646e-01
    5.30111849e-01 2.80149132e-01 8.95009339e-01 7.30703026e-02
    7.27379441e-01 2.82376170e-01 1.31186032e+00 -2.28860483e-01
    9.73157942e-01 4.16144617e-02 5.68296254e-01 -2.69171923e-01
    3.50267768e-01 2.59086281e-01 7.24546552e-01 8.84215772e-01
    3.86341721e-01 9.92675126e-01 -9.34856683e-02 9.89354968e-01
    -9.79110152e-02 2.14682072e-01 4.46324497e-01 1.05932522e+00
    1.06502450e+00 -2.31855828e-02 2.91930974e-01 7.22298771e-02
    3.62796426e-01 1.09867120e+00 -1.67970791e-01 7.30647385e-01
    -2.35930547e-01 9.70712081e-02 1.08780491e+00 6.58131599e-01
    -1.84557498e-01 1.34468332e-01 8.65298137e-02 6.43294573e-01
    -1.57893226e-01 4.79081064e-01 2.30047360e-01 7.22918808e-01
    3.25784296e-01 2.51172572e-01 1.31839466e+00 -2.79896438e-01
    1.11544049e+00 -8.73757601e-02 7.26539791e-01 -2.63070196e-01
    6.35818362e-01 4.96969163e-01 8.82756650e-01 9.40453231e-01
    6.62030399e-01 1.01897144e+00 2.32885957e-01 -3.77156995e-02
    1.05942476e+00 -1.94314897e-01 1.05965579e+00 2.73165941e-01
    9.54622984e-01 1.15594423e+00 1.23272359e-01 7.57849514e-01
    1.26252568e+00 1.46680042e-01 3.28715593e-01 7.94627488e-01
    3.06267351e-01 9.34700966e-01 1.24706173e+00 -2.93048829e-01
    3.23893249e-01 4.05476481e-01 1.49965987e-01 1.05783916e+00
    1.06524217e+00 1.96754500e-01 9.48431075e-01 3.21448833e-01
    1.29916704e+00 1.07502289e-01 9.20545995e-01 1.30239940e+00
    1.40103090e+00 -1.09591939e-01 1.16091168e+00 2.45120928e-01
    1.35658455e+00 1.60131305e-01 8.86376023e-01 1.81436688e-01
    3.33557010e-01 7.19080448e-01 6.75814271e-01 -4.88693975e-02
    9.93009388e-01 -1.21155165e-01 1.09843485e-01 1.98902667e-01
    2.42697954e-01 3.55347484e-01 3.15347046e-01 -2.08746344e-01
    9.78758633e-01 -2.96309590e-01 4.82832193e-01 1.03637540e+00
    4.23635542e-01 9.14883673e-01 -8.40797275e-03 4.60451514e-01
    1.48043573e-01 1.33274554e-03 3.82335067e-01 -2.95039356e-01
    1.40029281e-01 3.73379663e-02 2.15167001e-01 9.68649924e-01
    8.81697059e-01 -9.22640637e-02 5.67678511e-01 -9.78091434e-02
    9.71391737e-01 -4.70892489e-01 1.42371702e+00 2.19714463e-01
    4.71227318e-02 1.00018859e+00 8.32962990e-01 -2.19615072e-01
    1.25640571e-01 -3.09446663e-01 1.42282331e+00 -3.29261631e-01
    3.55782598e-01 1.77183971e-01 3.95353958e-02 4.66141462e-01
    5.52525759e-01 6.62807584e-01 1.10314779e-01 4.38444316e-01
    1.01602948e+00 4.84381378e-01 8.95319343e-01 4.85190392e-01
    1.60036944e-02 1.62023187e-01 6.68233931e-01 -1.11627720e-01
    4.78393845e-02 2.34073818e-01 6.55838072e-01 7.63260722e-01
    2.97224343e-01 -2.33830541e-01 -3.02434787e-02 5.89099288e-01
    -3.66043448e-01 1.34102309e+00 5.44861257e-01 -1.91355765e-01
    5.24810016e-01 3.76678497e-01 9.13680434e-01 2.73613513e-01
    -1.90958101e-02 -6.26364872e-02 -1.68004781e-01 6.18685484e-01
    5.33735216e-01 -9.74192917e-02 3.14644694e-01 1.15493214e+00
    -9.78249940e-04 -1.24056585e-01 1.34168601e+00 1.02151918e+00
    6.47619367e-01 5.18904567e-01 3.49351972e-01 1.37331927e+00
    -3.80303472e-01 1.03553712e+00 1.18764472e+00 7.77455509e-01
    -5.57010472e-02 2.69394636e-01 5.45176446e-01 8.18954766e-01
    9.43165720e-01 7.78631091e-01 -4.78581727e-01 9.31757867e-01
    3.24836165e-01 1.38944876e+00 -2.29098603e-01 5.58921039e-01
    2.37251714e-01 3.68983559e-02 3.08828145e-01 1.14019716e+00
    4.22174037e-01 -2.86552817e-01 -3.31194773e-02 1.12183189e+00
    1.05075705e+00 3.18278074e-01 -3.53006423e-02 1.30121422e+00
    -1.40159443e-01 1.39040935e+00 -7.89963230e-02 7.15439320e-01
    -3.79492566e-02 2.92666964e-02 9.35226679e-01 -2.00710863e-01
    5.76443434e-01 -3.01925480e-01 5.19046843e-01 1.12637854e+00
    9.92540240e-01 2.99633797e-02 8.84277105e-01 1.14800107e+00
    1.11312628e+00 2.12244868e-01 -7.01008737e-02 8.83244455e-01
    4.14546251e-01 3.62298846e-01 5.46463728e-01 8.13759267e-01
    7.91505039e-01 1.16490924e+00 8.42893124e-01 6.72970176e-01
    7.07651198e-01 7.07870126e-01 4.26586211e-01 1.06769061e+00
    6.60852373e-01 4.36116084e-02 2.15850100e-02 4.17722166e-01
    9.42822039e-01 4.60374683e-01 2.50536501e-01 5.56081057e-01
    -3.09505910e-01 3.36573422e-01 1.09616899e+00 4.76481706e-01
    9.66718972e-01 9.03560445e-02 -1.87289312e-01 1.24285460e+00
    9.21538193e-03 1.27061188e+00 8.42466414e-01 1.34972245e-01
    1.40773094e+00 3.43887717e-01 5.90599030e-02 5.80633342e-01
    1.01579046e+00 -1.26432389e-01 9.04831648e-01 -4.28908952e-02
    1.25953996e+00 -6.72227666e-02 3.12613696e-02 5.19294560e-01
    2.72042006e-01 9.31997001e-01 4.32705373e-01 4.78892326e-01
    6.04153097e-01 7.33189642e-01 1.19346607e+00 1.10557508e+00
    3.47195625e-01 5.91015279e-01 -8.02687407e-02 1.02581632e+00
    -2.09413888e-03 9.78875816e-01 -1.98349267e-01 4.13259357e-01
    1.29583752e+00 5.66189885e-01 1.42345726e-01 -4.00618054e-02
    9.50094759e-01 -1.57192215e-01 3.56163889e-01 8.66249025e-01
    1.18336022e+00 2.86758482e-01 -2.32534677e-01 1.46451807e+00
    -1.69996452e-02 -2.83170193e-01 6.37064815e-01 1.18439353e+00
    8.74891758e-01 1.22228026e+00 5.93409896e-01 3.81174654e-01
    5.49772024e-01 1.13660264e+00 -7.61713907e-02 1.04549736e-01
    9.32277679e-01 2.27103814e-01 1.15706444e+00 1.19551826e+00
    -2.62574285e-01 1.38313591e+00 3.36479723e-01 4.10125792e-01
    -1.55331895e-01 -7.08259642e-02 9.46677387e-01 6.93846226e-01
    1.35418868e+00 8.82781148e-02 1.36904716e+00 4.78893697e-01
    2.18654081e-01 5.67663312e-01 -4.96202968e-02 8.14429402e-01
    9.43463445e-01 3.40158492e-01 9.09424108e-03 2.52554941e+00
    6.11411221e-02 1.36674583e+00 4.50536668e-01 9.24959108e-02
    3.54875773e-01 2.51248360e-01 4.48790997e-01 8.85983765e-01
    7.68266499e-01 -1.52870938e-01 1.06606078e+00 -2.62116313e-01
    1.24151754e+00 9.76252437e-01 1.09509611e+00 5.57645023e-01
    1.08294857e+00 -4.01844472e-01 1.43367326e+00 3.30528110e-01
    6.63985431e-01 2.47931704e-01 1.04705334e+00 6.16118550e-01
    7.18676627e-01 4.86004621e-01 1.14954197e+00 8.37075233e-01
    -2.43503481e-01 6.55354619e-01 -1.02549948e-01 1.25157833e+00
    3.51871969e-03 4.16627586e-01 1.41957033e+00 -2.86723524e-01
    3.93706501e-01 6.29484057e-01 7.74343491e-01 6.72559381e-01
    2.47971907e-01 4.17052925e-01 -1.76871400e-02 -2.70297617e-01
    1.00723279e+00 6.69508755e-01 8.86289418e-01 -2.74708182e-01
    4.64222193e-01 1.16538382e+00 -3.12733442e-01 1.39314914e+00
    2.05916703e-01 2.92177886e-01 7.76344597e-01 3.95931542e-01
    3.46762508e-01 1.06125884e-01 1.13755000e+00 -8.31659138e-02
    9.25675094e-01 4.94008750e-01 6.17565215e-01 5.50243855e-01
    4.36198860e-01 1.27794218e+00 5.63898861e-01 8.63268256e-01
    5.50315142e-01 2.49099225e-01 6.36204600e-01 1.19112754e+00
    -9.46935490e-02 6.98411345e-01 3.08588952e-01 -1.67946473e-01
    9.47171509e-01 9.56164598e-01 1.10410798e+00 9.20704186e-01
    -3.40637833e-01 1.30204487e+00 3.43784690e-01 6.13816559e-01
    -3.75759527e-02 1.36380601e+00 8.36487889e-01 7.92219043e-01
    6.67741537e-01 8.99834514e-01 7.58878767e-01 3.14495713e-01
    1.22314095e+00 1.13789093e+00 -2.79467136e-01 -1.25651121e-01
    2.38694847e-01 1.41637906e-01 1.04834270e+00 7.10114121e-01
    7.87924156e-02 2.97450602e-01 6.40970290e-01 -1.03935942e-01
    3.49158525e-01 -2.84069300e-01 7.33992100e-01 9.41362917e-01
    9.56562698e-01 1.62983283e-01 1.26832879e+00 1.24067330e+00
    6.66257679e-01 9.04504135e-02 8.25069487e-01 -2.19418585e-01
    2.88454056e-01 2.34474391e-01 6.42127916e-02 4.18574125e-01
    3.78930867e-01 1.28139317e+00 2.02397313e-02 -1.40821077e-02
    6.61560297e-01 -3.77652459e-02 2.36367762e-01 1.01534760e+00
    9.43168938e-01 -2.37394422e-01 1.16214506e-01 2.02698618e-01
    6.90195560e-01 1.10234034e+00 9.66657400e-02 -4.91107963e-02
    2.35364586e-01 1.29309237e+00 2.48233527e-01 1.10235691e+00
    -3.86305332e-01 4.35207158e-01 3.66117544e-02 -2.74313509e-01
    1.41212988e+00 -2.09133089e-01 -1.16539307e-01 -2.56891519e-01
    2.10793674e-01 4.89476204e-01 4.13274974e-01 1.16225839e+00
    -3.55076581e-01 1.18327320e+00 6.28613889e-01 6.07249916e-01
    2.89276063e-01 1.06449611e-01 3.70923460e-01 1.07872283e+00
    -3.68281454e-01 6.67668641e-01 -2.74072103e-02 9.37677860e-01
    1.12366080e+00 1.70972273e-01 7.16687381e-01 5.87114096e-01
    1.12148011e+00 2.32533008e-01 3.06018684e-02 1.04512870e+00
    -1.72991008e-02 1.15315163e+00 -1.28056571e-01 4.54506963e-01
    -4.57473770e-02 -1.82301477e-01 5.00494242e-01 -3.41756903e-02
    4.93320733e-01 1.10877872e+00 3.14712942e-01 6.13444865e-01
    6.71211362e-01 8.85770023e-01 1.05137455e+00 1.19226027e+00
    7.37148374e-02 3.47223192e-01 9.13716018e-01 1.09905612e+00
    3.68919939e-01 -3.16239387e-01 1.45909870e+00 2.43032500e-01
    6.82315528e-01 -8.67236257e-02 1.03673446e+00 1.33768588e-01
    -9.51972306e-02 7.09153891e-01 9.79860425e-01 9.08604622e-01
    2.46556159e-02 -3.42059344e-01 1.53517592e+00 2.71097094e-01
    5.50701737e-01 -2.60611296e-01 3.05311501e-01 5.22377849e-01
    1.19739428e-01 9.65639949e-01 -2.53751457e-01 9.34460819e-01
    1.96673632e-01 5.40256143e-01 8.85619044e-01 1.38808474e-01
    5.86999297e-01 4.36059177e-01 4.41344947e-01 -3.68553311e-01
    1.34357560e+00 -1.70605972e-01 2.85549350e-02 5.31700253e-01
    1.11898220e+00 4.15558398e-01 6.90494955e-01 1.02666497e+00
    -3.09480429e-01 1.01731825e+00 3.52871388e-01 1.11281335e+00
    4.19706583e-01 -2.14910015e-01 4.64672372e-02 1.31749892e+00
    1.63169548e-01 1.14973688e+00 -1.00056008e-01 8.09054196e-01
    2.69217670e-01 9.01287138e-01 -2.21527711e-01 6.81293368e-01
    8.96186531e-01 8.80395591e-01 4.19955105e-02 1.24191892e+00
    -1.41423509e-01 8.51690844e-02 1.25744653e+00 2.71323180e+00
    2.60116845e-01 -1.46597460e-01 -6.03464572e-03 3.97092164e-01
    8.50659847e-01 1.30630732e+00 -4.04520780e-01 1.29580295e+00
    4.32197958e-01 6.66567504e-01 1.07106483e+00 1.19048011e+00
    1.68046087e-01 1.05115008e+00 1.02166690e-01 7.28571117e-01
    4.06381726e-01 9.47625458e-01 -1.81001425e-01 9.58441675e-01
    9.24860299e-01 -3.83569628e-01 6.85752094e-01 2.62635350e-01
    -2.00827584e-01 9.86930430e-01 7.24157274e-01 8.05046499e-01
    3.59955966e-01 -1.58383546e-03 3.67631465e-01 6.58266664e-01
    1.27480567e+00 4.45717394e-01 -3.13743412e-01 9.30198193e-01
    -5.43513559e-02 1.33545291e+00 1.45676602e-02 3.46094072e-01
    8.14322114e-01 1.19985652e+00 8.54735911e-01 9.00019050e-01
    7.07881749e-01 8.00447285e-01 1.04058123e+00 5.06294787e-01
    6.97143018e-01 3.65748137e-01 2.87796766e-01 4.32054371e-01
    7.09378362e-01 1.11144924e+00 4.78256077e-01 -1.36309624e-01
    9.60080802e-01 7.85972178e-01 -2.60871083e-01 7.26968884e-01
    3.26633379e-02 3.63405824e-01 3.61306101e-01 4.67152029e-01
    8.14659595e-02 1.22175848e+00 3.44355285e-01 6.00608587e-01
    -7.75247142e-02 2.84982711e-01 8.44034329e-02 1.03122318e+00
    1.04561782e+00 -1.77803963e-01 7.45124340e-01 4.07297611e-01
    4.06856239e-02 4.69456226e-01 7.15485394e-01 -1.00910969e-01
    3.85736734e-01 9.31766868e-01 8.06046546e-01 7.35130012e-01
    -4.00359184e-02 1.70392767e-01 -5.42903692e-02 1.14826548e+00
    5.82127273e-01 8.45189750e-01 5.47446609e-01 -2.33545601e-01
    1.02914846e+00 1.68610916e-01 5.26330650e-01 -1.65405974e-01
    9.01467562e-01 1.44566759e-01 -8.76883864e-02 1.00218475e+00
    4.27240312e-01 6.62929714e-01 5.82660198e-01 1.11489630e+00
    -2.37832919e-01 6.83880210e-01 1.03552616e+00 2.35217243e-01
    8.89265239e-01 8.85074139e-01 8.83893788e-01 -2.21982807e-01
    1.39498875e-01 3.67066652e-01 6.42704606e-01 9.08945739e-01
    -2.59711087e-01 6.15246058e-01 6.07163489e-01 4.55752224e-01
    2.11999953e-01 5.12701988e-01 -5.24816848e-02 5.50725341e-01
    8.54887486e-01 8.92037749e-01 2.26852879e-01 1.00454724e+00
    9.41885352e-01 7.98462689e-01 9.76691961e-01 7.75590718e-01
    -2.26646394e-01 -1.71226021e-02 5.56217313e-01 1.13420868e+00
    6.65489137e-02 9.24926579e-01 -1.33159414e-01 5.17091572e-01
    4.72427845e-01 5.08611202e-02 7.92356312e-01 1.08853054e+00
    -4.23269659e-01 6.36678994e-01 5.76087415e-01 8.52155626e-01
    9.61788774e-01 1.39035597e-01 1.25798976e+00 -6.31827414e-02
    -5.11925388e-03 4.54535067e-01 7.86563575e-01 1.17682564e+00
    7.68681690e-02 1.26892805e+00 6.32961571e-01 9.47568178e-01
    6.77435875e-01 4.67619032e-01 4.57525611e-01 -1.73783507e-02
    1.08251464e+00 1.06996393e+00 7.74167359e-01 9.55648720e-01
    6.10562980e-01 -4.09760058e-01 1.31413269e+00 7.89397597e-01
    8.61653328e-01 5.69309413e-01 5.21147788e-01 1.21822938e-01
    5.28399646e-01 1.11752856e+00 1.02787614e+00 -1.25385923e-02
    3.47617954e-01 1.35206118e-01 -1.43920571e-01 5.38472295e-01
    1.60051361e-01 1.31269431e+00 8.15651178e-01 -3.98165472e-02
    -1.76707759e-01 6.61658764e-01 2.67710477e-01 1.13783932e+00
    4.68394101e-01 -1.85465083e-01 3.90380137e-02 8.06366503e-01
    -3.11865240e-01 7.30710804e-01 9.05440450e-01 8.51934314e-01
    1.35028923e+00 3.39709401e-01 -1.49986222e-01 -1.52181000e-01
    6.68007910e-01 1.51597559e+00 -3.01511139e-01 2.50551030e-02
    5.26245713e-01 9.97725368e-01 -6.14839010e-02 3.27011734e-01
    2.54483491e-01 9.15514112e-01 6.84503794e-01 6.18822336e-01
    5.05453527e-01 -6.91426992e-02 1.28737494e-01 5.50197542e-01
    4.94254440e-01 1.63328081e-01 2.08749220e-01 -6.24694191e-02
    -1.26456618e-01 -1.74929693e-01 9.20833647e-01 4.05893862e-01
    2.71322519e-01 3.79815511e-02 7.94133544e-02 5.60893156e-02
    2.58966386e-01 6.89953685e-01 9.79632214e-02 9.99703825e-01
    3.41183543e-01 1.22834301e+00 6.93218634e-02 1.00204974e-01
    -2.79571354e-01 3.52873355e-01 8.02077234e-01 1.83408171e-01
    -6.60934225e-02 3.90191555e-01 -2.69166902e-02 7.66989708e-01
    -1.44584268e-01 1.72254071e-01 -1.03363052e-01 7.66451299e-01
    -2.27316037e-01 1.27746439e+00 -1.68635994e-01 1.58088744e+00
    5.19388795e-01 2.26007178e-02 7.84937799e-01 4.99393582e-01
    -3.96742262e-02 1.26942384e+00 -2.20251270e-02 9.92082238e-01
    6.94009840e-01 7.10998550e-02 1.13333964e+00 4.41289753e-01
    6.94899917e-01 6.29198611e-01 7.88947165e-01 -4.03717041e-01
    1.33034909e+00 4.25727844e-01 1.35762715e+00 1.61588833e-01
    5.66499293e-01 6.72869027e-01 4.71259415e-01 8.52295399e-01
    5.08464694e-01 7.51940727e-01 5.73283024e-02 4.06913310e-01
    2.69023422e-02 1.17361999e+00 -2.22907484e-01 2.49689221e-01
    1.08134913e+00 6.08225465e-01 5.56986272e-01 4.11626428e-01
    4.00150687e-01 4.70041037e-01 1.10783803e+00 -4.54529561e-02
    -1.86452307e-02 2.01298892e-01 1.07641089e+00 1.06000960e+00
    7.87987292e-01 7.39449680e-01 5.27961515e-02 1.11786187e+00
    9.78374779e-01 2.05418646e-01 5.69720924e-01 -2.92775650e-02
    9.16934431e-01 9.50224623e-02 4.64111358e-01 1.39434016e+00
    -9.35074762e-02 8.13641131e-01 6.58962011e-01 1.26832819e+00
    -3.23503286e-01 1.19005513e+00 -1.71885118e-01 2.29834884e-01
    3.93145144e-01 -6.19340502e-02 -1.77483708e-01 8.60962331e-01
    2.69469082e-01 -3.87681946e-02 9.29311633e-01 2.99613208e-01
    6.10628843e-01 8.39134753e-01 6.63393855e-01 4.33511615e-01
    6.56698048e-01 5.14885783e-01 2.86478281e-01 5.07961512e-01
    1.02984869e+00 -1.81552961e-01 1.35661602e+00 -1.39197677e-01
    -2.57826179e-01 1.00294352e+00 8.37284386e-01 3.41484785e-01
    1.11996257e+00 9.88603711e-01 5.27008116e-01 -9.35147330e-02
    3.06950003e-01 -1.56413555e-01 6.69900656e-01 9.90269423e-01
    1.03446686e+00 9.52032149e-01 6.70063913e-01 8.63977373e-01
    8.63238499e-02 9.11472440e-01 1.40561819e-01 4.18645829e-01
    2.03193754e-01 -3.20201404e-02 5.22744477e-01 -3.26525688e-01
    1.04941726e+00 1.18680394e+00 4.86965664e-02 -1.22399673e-01
    1.00713706e+00 4.80811536e-01 8.96449089e-02 -6.01645522e-02
    7.18200266e-01 -1.39321417e-01 1.31079257e+00 1.01651931e+00
    6.41271174e-02 -1.43578239e-02 7.40287244e-01 4.57473636e-01
    -2.51633972e-01 1.27611816e+00 -2.48037174e-01 3.19400311e-01
    4.70649213e-01 7.08830953e-01 1.09158266e+00 1.77936688e-01
    6.56862976e-03 7.99616694e-01 6.67433083e-01 -2.74132967e-01
    1.16452694e+00 9.82133090e-01 1.11142063e+00 5.96148789e-01
    6.61869764e-01 1.50849789e-01 8.02560031e-01 -4.12953824e-01
    1.27827489e+00 9.66875672e-01 7.89583087e-01 6.84247196e-01
    8.59272659e-01 -8.41462240e-02 1.16565979e+00 1.92455858e-01
    -2.26106539e-01 2.99649805e-01 -7.51612484e-02 2.92400450e-01
    1.11482847e+00 2.43880868e-01 2.63454258e-01 8.14622879e-01
    1.32090604e+00 1.15793824e-01 1.73712254e-01 3.72240134e-02
    -1.05808578e-01 7.39993930e-01 6.14596680e-02 7.86153316e-01
    1.02018964e+00 1.15767479e+00 -1.45843104e-01 -1.36748761e-01
    9.62274790e-01 -3.00189257e-01 6.77900255e-01 3.35861444e-01
    1.19262016e+00 3.89773697e-01 9.40991879e-01 1.07004225e+00
    3.31006229e-01 1.11097789e+00 -7.92338774e-02 3.77873927e-01
    4.30818498e-01 -2.83050865e-01 5.07551469e-02 6.88085675e-01
    -2.66573697e-01 1.72893777e-01 2.03722909e-01 3.84433806e-01
    -3.55889462e-02 9.36513186e-01 1.18295819e-01 1.67804107e-01
    3.70999515e-01 -3.00505430e-01 4.89274234e-01 1.17886102e+00
    -8.26243609e-02 5.27041197e-01 8.84707868e-01 4.98148888e-01
    6.92327738e-01 -2.03702435e-01 8.86115432e-02 5.56668103e-01
    6.45815790e-01 1.21005321e+00 5.63004948e-02 6.35423541e-01
    1.35257888e+00 1.69642910e-01 -1.05884895e-01 1.91110641e-01
    7.74658084e-01 6.53303206e-01 6.99393451e-01 1.11618781e+00
    5.24002202e-02 2.05628783e-01 9.03893113e-01 1.43345392e+00
    2.69565821e-01 4.02923524e-01 1.07492924e+00 1.65233240e-01
    8.81292820e-02 8.50379884e-01 -1.85864985e-01 8.25073659e-01
    8.38028073e-01 -1.37737498e-01 1.29821360e+00 9.47765350e-01
    -2.94106430e-03 -3.15969527e-01 1.38822508e+00 6.90210462e-01
    1.03422713e+00 7.07428634e-01 -2.15297982e-01 2.31474508e-02
    1.18203747e+00 1.08909214e+00 1.22859001e+00 8.99396956e-01
    1.34220153e-01 2.05188990e-01 8.08881581e-01 8.89543593e-01
    -7.09985569e-02 4.51456487e-01 1.11493087e+00 2.35483623e+00
    3.60285878e-01 1.45464456e+00 2.45285064e-01 -1.77791506e-01
    -1.06280610e-01 1.15141010e+00 -2.28770301e-01 6.22825623e-01
    -1.42767474e-01 -1.42420292e-01 6.54731154e-01 2.48933941e-01
    -1.67020768e-01 1.03226101e+00 6.81633353e-01 9.78569448e-01
    -2.97520999e-02 -1.32832199e-01 4.57203150e-01 7.39188731e-01
    4.64266479e-01 7.98631907e-01 1.02451885e+00 9.60539579e-01
    6.55808389e-01 -3.59532088e-01 4.06970978e-01 -2.20286876e-01
    1.20343888e+00 9.73234773e-01 2.90082157e-01 8.08981359e-01
    7.23037899e-01 7.64686167e-01 1.15188229e+00 1.05759405e-01
    4.26691592e-01 -3.13973993e-01 9.28648889e-01 -1.27264887e-01
    9.46898937e-01 6.54865205e-01 -1.71797588e-01 2.02206701e-01
    9.85291183e-01 6.69034004e-01 1.08506858e+00 -3.73644352e-01
    1.19749796e+00 4.55494255e-01 -9.45650563e-02 8.74894321e-01
    -1.00798262e-02 -2.78138906e-01 1.07511103e+00 -2.79021472e-01
    1.19103901e-01 -2.35316724e-01 9.11657989e-01 5.20637274e-01
    4.49788392e-01 9.50354934e-01 9.50724542e-01 8.67483854e-01
    1.09061432e+00 7.25096762e-01 -2.26151347e-01 1.12295878e+00
    1.03555155e+00 2.77372003e-01 -3.47833075e-02 1.04756212e+00
    1.59396097e-01 1.05118608e+00 2.60998141e-02 1.23217332e+00
    5.19356549e-01 2.21373349e-01 1.14476371e+00 -2.20185995e-01
    4.61337328e-01 5.49850583e-01 -1.38606280e-01 1.08867943e+00
    9.79156971e-01 9.31490481e-01 7.11149275e-01 2.21589684e-01
    -3.80573481e-01 -1.89493626e-01 3.21976572e-01 1.04542482e+00
    8.36907864e-01 -2.21928045e-01 -7.06238730e-04 3.14398706e-02
    -1.70557424e-02 2.68312413e-02 1.05126393e+00 1.07068706e+00
    4.35090184e-01 1.02138424e+00 1.05722618e+00 -8.97202045e-02
    4.33793068e-01 3.62601280e-02 5.49979329e-01 -2.67349839e-01
    1.29606044e+00 1.17634761e+00 -2.81287313e-01 7.79979646e-01
    8.73595595e-01 -7.79186562e-03 1.44910288e+00 1.76831126e-01
    2.42809638e-01 -2.83236653e-01 9.60897148e-01 9.91265029e-02
    7.84271121e-01 1.30148685e+00 9.02201355e-01 3.69532704e-01
    -5.82970679e-02 5.99386454e-01 1.21660423e+00 1.03884542e+00
    6.51206791e-01 7.46066272e-01 -1.05279416e-01 1.28534389e+00
    8.63788366e-01 3.03478539e-01 1.06354678e+00 -2.90898144e-01
    3.13084364e-01 -1.94366708e-01 1.57146618e-01 6.62383676e-01
    1.13707733e+00 3.36595923e-01 1.52428985e-01 1.42541623e+00
    -3.87361079e-01 6.79042637e-01 1.14930129e+00 -4.36719030e-01
    3.52404803e-01 4.82237905e-01 5.84776163e-01 -1.91154420e-01
    1.24913311e+00 8.06840658e-01 -1.02529535e-02 1.27587318e-01
    6.37848020e-01 1.20422292e+00 3.05759639e-01 -1.03992037e-01
    -1.75576016e-01 3.81813735e-01 4.64466006e-01 1.84591368e-01
    8.83258581e-01 8.47275615e-01 1.16416705e+00 1.07910264e+00
    -8.13712925e-02 -3.49980295e-02 1.10682257e-01 1.19098939e-01
    7.58283973e-01 -5.65547347e-02 4.77864265e-01 5.38475752e-01
    9.57387686e-02 2.80338943e-01 2.29428276e-01 8.66727293e-01
    1.08964705e+00 3.28533351e-01 8.98459315e-01 -4.52487141e-01
    1.36919177e+00 1.26304841e+00 -3.11181005e-02 1.57756031e-01
    1.26259232e+00 5.75230360e-01 -4.34000306e-02 1.20073974e+00
    8.80320191e-01 2.89849281e-01 2.02625111e-01 1.23539853e+00
    4.35305983e-01 7.01486349e-01 4.28415656e-01 7.13636339e-01
    1.37782896e+00 -5.87887056e-02 -2.88323820e-01 1.34682953e+00
    -2.21944213e-01 2.17295542e-01 1.50767207e+00 -2.34174207e-01
    1.43301833e+00 -4.74672429e-02 5.36649406e-01 -3.03865105e-01
    2.11469918e-01 3.56217772e-01 1.31902993e+00 1.20570171e+00
    -9.04578120e-02 -2.83002824e-01 5.47848701e-01 5.71730554e-01
    5.50230145e-01 1.03377771e+00 3.99580389e-01 -2.96718687e-01
    4.78176802e-01 1.02123952e+00 -1.42065138e-02 4.44775037e-02
    1.67467520e-01 -3.15043852e-02 1.18956637e+00 6.47431672e-01
    6.85060561e-01 2.42291659e-01 9.74980950e-01 5.61508417e-01
    1.25013328e+00 1.18242554e-01 1.09304555e-01 1.15502846e+00
    4.71517354e-01 -2.20870376e-01 1.19159794e+00 2.52450824e-01
    1.77430317e-01 -2.46872529e-01 1.83484212e-01 4.23413485e-01
    -3.40983346e-02 -9.25364345e-02 -2.86203116e-01 1.31218112e+00
    9.89407837e-01 1.12092547e-01 5.46921194e-01 2.70033193e+00
    -5.97449988e-02 -2.79515624e-01 2.86585152e-01 1.13673210e+00
    2.83625692e-01 -1.37644142e-01 -1.27872065e-01 9.05960977e-01
    6.40314877e-01 6.07472181e-01 6.58461809e-01 8.50786328e-01
    7.56964207e-01 -1.44521996e-01 8.78582835e-01 5.87525308e-01
    2.05766872e-01 5.43918550e-01 2.92249262e-01 8.88269901e-01
    3.67540002e-01 1.77091479e-01 6.00291669e-01 -3.05525810e-01
    5.31592846e-01 1.23349738e+00 1.89188987e-01 6.30106330e-01
    7.03219652e-01 9.93898809e-01 2.29821235e-01 7.46848106e-01
    8.00753117e-01 7.45238423e-01 -6.07546382e-02 6.38464272e-01
    3.64707023e-01 1.24936020e+00 8.48366022e-01 1.59519985e-02
    1.11596489e+00 -2.24634036e-01 5.17783105e-01 6.31948352e-01
    3.69603544e-01 1.02623308e+00 7.57302642e-01 1.03971191e-01
    -1.99889451e-01 9.14456666e-01 8.84220481e-01 1.09306717e+00
    4.89367962e-01 2.82440662e-01 1.14583874e+00 -3.17620412e-02
    9.75843668e-01 4.92644727e-01 4.71234143e-01 2.20544815e-01
    2.73067504e-01 -8.73699635e-02 7.25515425e-01 1.05360627e+00
    5.45994461e-01 3.24440509e-01 1.37438297e+00 -2.76382834e-01
    -2.16437981e-01 -1.54836830e-02 4.37956184e-01 5.47377110e-01
    1.27625108e+00 -1.03804842e-01 1.08450270e+00 -1.04662247e-01
    2.88787931e-01 -8.27537030e-02 1.27731156e+00 1.04604498e-01
    6.41846359e-01 1.37300956e+00 -2.88519114e-01 1.16746616e+00
    -2.60441769e-02 -2.35097602e-01 -1.66292369e-01 1.14191437e+00
    1.28414178e+00 6.55314744e-01 1.24830723e+00 1.09538756e-01
    5.10965884e-01 7.64842749e-01 7.09812343e-01 1.19836295e+00
    1.21934724e+00 6.63523674e-02 -2.35585734e-01 7.50695407e-01
    1.02565634e+00 1.22119033e+00 1.41149804e-01 4.13008869e-01
    1.78816065e-01 8.60722125e-01 -3.62747222e-01 8.29812586e-01
    2.64776293e-02 6.37770176e-01 1.74890935e-01 9.14344728e-01
    6.58991873e-01 -1.35685340e-01 5.96124411e-01 2.04783484e-01
    1.12970161e+00 8.74922991e-01 2.74348736e-01 3.48675072e-01
    6.79799020e-01 1.23893619e-01 1.04193592e+00 2.02934265e-01
    2.73914129e-01 -2.37102568e-01 9.48778927e-01 4.31744754e-01
    1.12313664e+00 9.52540636e-02 1.01093149e+00 6.18428886e-01
    4.10300374e-01 6.67193413e-01 6.65064216e-01 5.31412005e-01
    2.33171031e-01 1.15226841e+00 5.40936708e-01 8.11869800e-01
    5.45085132e-01 9.18376982e-01 9.32584882e-01 3.91442716e-01
    8.58881712e-01 1.23302484e+00 5.65572679e-02 8.81057978e-01
    8.86319578e-01 9.18564916e-01 2.56414682e-01 4.32313114e-01
    1.87138095e-02 1.34341466e+00 3.90047789e-01 9.84473825e-01
    6.71565235e-01 -1.22113340e-01 8.59825313e-01 9.94819045e-01
    -2.30701655e-01 1.41617628e-02 2.06720874e-01 1.28800344e+00
    4.48673069e-01 1.03250360e+00 -4.41738129e-01 9.32865739e-02
    6.44722402e-01 1.13272476e+00 1.98888853e-01 2.92099655e-01
    1.16212392e+00 -2.07246661e-01 2.54558951e-01 7.78241754e-01
    -7.15787150e-03 9.67067555e-02 1.30243647e+00 -2.85080373e-01
    2.33894512e-01 5.33090591e-01 1.26910403e-01 1.43789613e+00
    -3.50980937e-01 5.10432184e-01 -3.28904748e-01 8.67407620e-01
    1.13186514e+00 7.00690866e-01 6.13925517e-01 1.14752448e+00
    5.31286538e-01 2.92003959e-01 1.17267191e-01 6.24109745e-01
    2.22592399e-01 5.36675870e-01 8.32750440e-01 8.33016098e-01
    3.25094819e-01 1.41739368e-01 4.83417779e-01 -2.96825320e-01
    3.47058803e-01 -8.30841213e-02 -1.20640926e-01 1.10148370e+00
    -1.07776321e-01 3.19545984e-01 7.31663227e-01 7.71660984e-01
    3.71291071e-01 3.68542999e-01 -1.45146728e-01 3.00144464e-01
    8.31093013e-01 7.05963850e-01 9.75075722e-01 9.33958411e-01
    9.25446987e-01 5.41992068e-01 -3.46657932e-01 1.10543835e+00
    2.29050249e-01 3.33771229e-01 1.73803046e-01 4.10573810e-01
    3.22553277e-01 9.29230809e-01 -7.45037869e-02 -3.08699667e-01
    1.08256829e+00 7.96593606e-01 3.56657505e-01 4.51211929e-01
    -1.56013742e-01 -1.64648563e-01 3.09470057e-01 1.51714772e-01
    1.14568329e+00 7.95139670e-01 -1.64459020e-01 6.27845451e-02
    6.91328704e-01 6.15281045e-01 4.35790092e-01 1.11532021e+00
    4.78472650e-01 4.25551951e-01 5.56302905e-01 -3.77156585e-01
    1.13401866e+00 5.02153933e-01 2.99767315e-01 1.84577847e+00
    -1.83683500e-01 1.36222923e+00 4.60585088e-01 -2.85367608e-01
    1.20687759e+00 -1.37902200e-01 1.54006016e+00 2.21634597e-01
    -2.56030653e-02 2.40978971e-01 6.44519627e-01 2.17546761e-01
    -3.85382809e-02 -6.86751530e-02 -1.15769319e-01 1.22845948e+00
    9.76200253e-02 1.23878443e+00 4.01885509e-01 -1.01998486e-01
    1.83557779e-01 5.54458916e-01 -3.57678056e-01 9.71489847e-01
    8.72483611e-01 6.06934905e-01 1.21868157e+00 -2.60220379e-01
    4.97383833e-01 1.08966231e+00 1.29048932e+00 7.24629834e-02
    4.18930054e-01 9.48683321e-01 4.57527041e-01 -2.93064639e-02
    7.71885812e-01 3.36813331e-01 9.30811822e-01 7.80594528e-01
    -3.31688933e-02 -2.91118890e-01 9.26116347e-01 1.15373802e+00
    -3.49389166e-01 1.75449461e-01 6.03296816e-01 1.25220001e+00
    2.11171910e-01 7.39738941e-01 8.92750144e-01 -6.76132692e-03
    5.28014481e-01 1.12896943e+00 4.73612905e-01 2.31581599e-01
    9.85499799e-01 -3.43201309e-02 6.51356936e-01 4.63249534e-02
    1.21087253e+00 -2.49232411e-01 3.70761663e-01 2.93241262e-01
    -7.86183625e-02 1.49687290e-01 3.52448046e-01 2.10988939e-01
    7.71312296e-01 8.40154946e-01 7.26922631e-01 1.39948890e-01
    -9.74105299e-02 5.32912850e-01 1.44698083e-01 9.00609344e-02
    6.81855321e-01 4.22282398e-01 2.48267457e-01 6.29129708e-01
    7.75867045e-01 3.35209608e-01 1.20822750e-01 2.58069456e-01
    1.36201367e-01 8.60345602e-01 1.06901512e-01 -2.15525836e-01
    -6.25312096e-03 1.33663023e+00 3.65012318e-01 -2.08859220e-01
    9.28964794e-01 6.91158533e-01 9.08550713e-03 8.49408209e-01
    8.82970452e-01 5.86295873e-02 1.30653799e-01 -3.18092912e-01
    8.42190325e-01 1.18607655e-01 5.27146876e-01 6.41136527e-01
    -2.04955712e-01 1.07226121e+00 1.11265302e+00 4.58978564e-01
    1.46139467e+00 7.28414580e-02 -7.87701607e-02 1.64761558e-01
    5.17153680e-01 1.10944927e+00 2.00211868e-01 4.88609858e-02
    1.22677686e-03 7.69474745e-01 1.04672635e+00 5.01009226e-01
    1.19974196e+00 1.06127667e+00 1.29909560e-01 1.19383454e+00
    -1.55899823e-01 9.49157715e-01 7.15276957e-01 3.36374491e-02
    1.04132366e+00 -1.05094552e-01 8.11523139e-01 1.40062403e-02
    -3.03947851e-02 9.63215411e-01 4.12357897e-01 1.04049158e+00
    5.82508981e-01 -8.32560435e-02 4.00286205e-02 -1.94190070e-01
    -1.69737965e-01 1.18512785e+00 4.92854774e-01 2.68782884e-01
    -2.81986624e-01 4.52777475e-01 9.89645958e-01 1.61838531e-01
    1.31061709e+00 -5.93040027e-02 6.27071261e-01 7.93618023e-01
    2.28589460e-01 -3.05633694e-02 -1.18633471e-01 1.06853449e+00
    1.00324345e+00 -3.79865468e-02 1.13548636e+00 1.32024848e+00
    2.44571716e-01 1.50213122e+00 -3.60943228e-01 7.03674257e-01
    3.32300693e-01 5.40438712e-01 8.54648113e-01 5.11099041e-01
    3.61808985e-01 -3.14097971e-01 1.13975120e+00 1.08454347e+00
    -2.53024787e-01 6.53316557e-01 6.21564686e-01 -1.32718399e-01
    3.75470638e-01 1.14411461e+00 3.26826461e-02 4.37308967e-01
    -4.06260639e-01 1.23416841e+00 7.54383266e-01 6.84607744e-01
    4.55218822e-01 -1.40434250e-01 1.31198156e+00 3.26257080e-01
    7.74445713e-01 4.94835764e-01 1.11863017e+00 -4.06764686e-01
    8.61007094e-01 1.16588974e+00 1.01755381e+00 -1.82180956e-01
    -1.59168199e-01 -1.84864163e-01 1.23485065e+00 4.10550952e-01
    4.54396337e-01 8.72272730e-01 -3.64497975e-02 4.84599680e-01
    4.81829703e-01 6.75906897e-01 7.16944754e-01 -3.54631394e-01
    1.12126458e+00 -2.26385221e-01 -2.25914121e-02 -2.11877942e-01
    1.14149725e+00 7.25619733e-01 -2.48427484e-02 1.39757884e+00
    3.06529254e-01 6.44455373e-01 9.15535808e-01 6.85207784e-01
    3.37948680e-01 1.17434967e+00 8.60782206e-01 1.03944921e+00
    3.07997525e-01 6.39106929e-02 2.98498213e-01 3.63661617e-01
    6.76361859e-01 -8.76148269e-02 4.41897660e-01 1.08952391e+00
    1.16945505e+00 5.25000319e-02 1.20058918e+00 1.90227374e-01
    8.59448493e-01 1.23405230e+00 9.86637771e-01 -1.91762298e-01
    -1.69440195e-01 1.18304408e+00 2.06547648e-01 6.00870430e-01
    1.30157864e+00 -2.17484146e-01 8.12898204e-02 9.94542837e-01
    7.04054475e-01 3.33854198e-01 7.92084932e-01 1.12931395e+00
    2.20251475e-02 1.42838717e+00 1.19553275e-01 2.06213117e+00
    1.37489951e+00 1.77312732e-01 8.07650328e-01 7.12367371e-02
    5.43885827e-01 9.90176260e-01 -4.68344361e-01 1.86490059e-01
    5.32000601e-01 1.20552182e+00 2.51919240e-01 4.31491822e-01
    8.61026704e-01 -1.72806874e-01 8.84216189e-01 1.36863017e+00
    -2.95662552e-01 6.42053187e-01 -2.61435449e-01 7.09844053e-01
    4.99273926e-01 7.52840102e-01 9.50785398e-01 9.00470674e-01
    5.90170562e-01 -2.93672681e-01 2.27517769e-01 8.38250101e-01
    -6.55402169e-02 1.22100842e+00 -4.39692825e-01 8.48579466e-01
    1.31734788e-01 7.71160841e-01 6.12715662e-01 -1.06667645e-01
    6.17316723e-01 4.17969674e-01 -3.56127858e-01 1.31372190e+00
    4.69375372e-01 1.16478205e+00 -9.18421894e-02 2.98449397e-01
    1.24818325e+00 1.89782843e-01 4.81977254e-01 8.66636455e-01
    -2.18939677e-01 -8.30367021e-03 1.12637568e+00 7.11060286e-01
    1.59050655e-02 1.45262420e-01 2.79455632e-01 -1.80138141e-01
    1.01957238e+00 8.90735909e-02 1.16187942e+00 2.40998473e-02
    6.28240049e-01 1.17525482e+00 1.18550360e+00 5.08190274e-01
    1.69975892e-01 6.97874546e-01 -2.68647969e-01 2.16352671e-01
    8.91183496e-01 -1.29005760e-01 -1.97293833e-02 6.74128413e-01
    3.04185897e-01 9.06922579e-01 -3.39703500e-01 4.45955753e-01
    -2.50529833e-02 1.16510069e+00 2.71416098e-01 2.01379150e-01
    1.28037620e+00 6.34089172e-01 4.15662080e-02 6.93919659e-01
    2.38588065e-01 1.64383292e-01 5.59846282e-01 3.77513289e-01
    1.00888658e+00 1.74874738e-01 -6.95694163e-02 1.28470898e-01
    8.77078593e-01 1.07522169e-02 6.80499613e-01 1.17468083e+00
    -2.13347346e-01 1.14257264e+00 3.91628444e-01 1.22755468e+00
    7.62356341e-01 -2.29307368e-01 8.99208188e-01 1.05746508e+00
    1.17567801e+00 7.49032140e-01 -2.14836881e-01 2.33198464e-01
    -3.62751901e-01 5.60383499e-01 1.14448071e+00 7.76010454e-02
    7.22599685e-01 1.04099226e+00 1.13554239e+00 -1.94826826e-01
    1.25032210e+00 5.87292612e-01 -1.35488957e-01 3.61507028e-01
    4.19178456e-01 -2.78316408e-01 5.21497965e-01 -3.63731265e-01
    1.09807670e+00 9.61541593e-01 -2.88204104e-01 1.10956621e+00
    6.66703224e-01 1.33239152e-03 3.10686380e-01 7.41900504e-01
    5.64120710e-01 -2.42097422e-01 1.02042568e+00 1.74643189e-01
    1.03134848e-01 5.56957245e-01 1.33603108e+00 -2.14214519e-01
    1.01642060e+00 1.08272016e+00 -2.78176721e-02 5.75755239e-01
    2.29699105e-01 4.85108405e-01 8.95915151e-01 -4.60450351e-02
    -1.65284827e-01 1.27944040e+00 -1.46597013e-01 1.25692320e+00
    -1.19371163e-02 1.10119343e+00 8.63804519e-01 1.11458075e+00
    3.68890196e-01 5.58417380e-01 -3.49476397e-01 -6.35382384e-02
    -1.12418772e-03 -2.31752858e-01 8.28888953e-01 1.05297875e+00
    2.34433897e-02 1.12965238e+00 6.93241060e-01 1.19948971e+00
    6.68854833e-01 -2.21405104e-02 -1.43497065e-01 -3.40276994e-02
    8.98586273e-01 -1.32995263e-01 -5.07871248e-02 -1.09306350e-01
    1.10930301e-01 -2.16554880e-01 8.60156119e-02 6.29474878e-01
    1.20489895e+00 7.04969525e-01 4.85211194e-01 7.45087802e-01
    3.45684215e-02 3.18170577e-01 5.26272953e-01 4.95459773e-02
    9.38093424e-01 3.71530741e-01 1.13968313e+00 7.29241729e-01
    1.13608706e+00 1.54863894e-01 1.02863073e+00 -1.82099883e-02
    8.28546941e-01 -9.61070359e-02 5.54953963e-02 8.94900203e-01
    1.07574844e+00 1.05543993e-02 5.93237519e-01 2.31345922e-01
    4.02332723e-01 8.96135747e-01 6.81772113e-01 1.22584343e+00
    -4.77302730e-01 1.31213665e+00 3.82279098e-01 2.02264432e-02
    -3.38341504e-01 7.17690408e-01 6.34997606e-01 1.43001467e-01
    -2.27593765e-01 2.63132714e-02 1.28633904e+00 -4.04243678e-01
    9.42747772e-01 8.37455928e-01 9.45057690e-01 -1.27158478e-01
    3.64764631e-01 4.02422160e-01 1.06086302e+00 1.70057088e-01
    8.17243636e-01 9.02804732e-01 9.07434106e-01 2.02401966e-01
    4.79581833e-01 1.33290851e+00 2.40724474e-01 -4.08186354e-02
    1.14266694e+00 -1.94613472e-01 1.01639640e+00 -6.54641166e-03
    5.24685904e-02 1.19797182e+00 7.15037048e-01 4.98472065e-01
    -2.93107539e-01 1.11771429e+00 1.43092167e+00 -3.74712855e-01
    4.22834188e-01 -8.47454891e-02 1.34276903e+00 -3.92970353e-01
    6.00633025e-01 -1.85503975e-01 2.08051622e-01 1.77659720e-01
    9.71847475e-01 4.62059885e-01 9.85279143e-01 1.18663788e+00
    1.00357068e+00 1.13940847e+00 1.30158019e+00 7.06327379e-01
    2.84072638e-01 -1.45140305e-01 3.05768728e-01 6.96414888e-01
    3.21585059e-01 1.30274701e+00 3.88587207e-01 -3.40604842e-01
    1.02576125e+00 7.89657712e-01 1.07123244e+00 -2.43969664e-01
    1.00149477e+00 6.93309844e-01 7.63185501e-01 1.41911969e-01
    1.09679246e+00 1.31650195e-01 1.30743480e+00 -3.09973150e-01
    9.69451785e-01 1.04764104e+00 1.10634816e+00 4.82821167e-01
    -8.05946365e-02 9.76219594e-01 1.26307285e+00 8.41258109e-01
    1.38489044e+00 -4.11148161e-01 3.06598246e-01 1.81931674e-01
    9.67918754e-01 9.99134183e-01 1.02072406e+00 5.23591578e-01
    6.27271712e-01 9.23084378e-01 9.73579288e-01 8.07593405e-01
    8.19997668e-01 -1.53267741e-01 5.39539874e-01 1.05993845e-01
    -8.72692093e-02 7.96880066e-01 7.26313472e-01 7.08124697e-01
    1.13740289e+00 1.08070302e+00 -3.34766924e-01 3.36713701e-01
    3.72074068e-01 7.81973004e-01 -7.84556866e-02 9.88380492e-01
    9.57536876e-01 1.16552345e-01 1.08245993e+00 7.40046799e-01
    2.49925092e-01 6.05174065e-01 5.09315073e-01 8.38664949e-01
    7.62796379e-04 6.14093482e-01 9.81582344e-01 9.27864909e-01
    1.03395534e+00 4.54504758e-01 6.63741469e-01 4.21875447e-01
    1.20202519e-01 3.48359421e-02 3.29652607e-01 6.85072720e-01
    4.74650681e-01 9.84910905e-01 1.33659995e+00 2.58469999e-01
    -2.99342334e-01 1.07113087e+00 6.09421134e-01 1.17002869e+00
    6.84089422e-01 -2.13200763e-01 1.00675002e-01 7.81889141e-01
    4.28683460e-01 -1.06916033e-01 6.14225447e-01 4.88537729e-01
    1.11218095e+00 4.96428728e-01 8.53742123e-01 1.35922492e-01
    -2.98859030e-01 9.29346323e-01 9.31660712e-01 1.71550244e-01
    8.66834521e-01 6.19549453e-01 9.61807728e-01 1.02787399e+00
    5.36710322e-01 4.91521239e-01 -2.17359647e-01 1.40762568e+00
    -1.22168414e-01 8.19909453e-01 2.66948551e-01 1.11713409e+00
    1.02845645e+00 -3.95344466e-01 7.42610097e-01 1.14423335e+00
    9.85010684e-01 -4.31560650e-02 1.20158577e+00 -3.22858363e-01
    -1.84133545e-01 6.72687888e-01 2.45114177e-01 6.61896229e-01
    6.23064935e-01 1.15895200e+00 -1.12338915e-01 -5.37600592e-02
    1.16959119e+00 -1.01963647e-01 1.25910640e+00 1.08537626e+00
    1.52821273e-01 1.15276432e+00 8.13217402e-01 1.38223916e-01
    9.44137990e-01 3.01248163e-01 1.18211043e+00 -2.48888042e-02
    1.13454223e+00 9.11738098e-01 -7.39086345e-02 -3.24978262e-01
    5.50070226e-01 4.27818924e-01 1.10578251e+00 3.93731147e-01
    -1.13378443e-01 1.20397377e+00 1.20013499e+00 4.72357959e-01
    7.29653165e-02 -6.81322142e-02 9.64618206e-01 9.37342584e-01
    -8.93099681e-02 -1.14942580e-01 -1.61946028e-01 5.92243910e-01
    5.48308492e-01 1.69399410e-01 1.30599368e+00 6.38967037e-01
    1.23805678e+00 -2.04731911e-01 8.26908052e-01 8.48897159e-01
    7.32711256e-01 -2.74694581e-02 8.93064797e-01 4.75011379e-01
    9.15920436e-01 2.51249105e-01 -2.53166527e-01 7.40234792e-01
    2.37813890e-01 2.61461407e-01 7.09045589e-01 1.09677505e+00
    1.05225360e+00 5.66975832e-01 8.30188334e-01 -3.68262142e-01
    4.82542038e-01 3.77798587e-01 4.24517125e-01 7.19118834e-01
    -9.72344056e-02 2.06826329e-01 -6.67854398e-02 8.54730606e-01
    6.68473661e-01 3.03528726e-01 1.10913908e+00 4.92300510e-01
    7.74914801e-01 8.32492858e-02 1.03411365e+00 5.05100608e-01
    1.26044178e+00 2.54677653e-01 8.72775495e-01 1.02891219e+00
    1.09705544e+00 6.91793680e-01 2.91382641e-01 2.67426401e-01
    6.79182351e-01 4.06924367e-01 1.11467397e+00 7.98388064e-01
    7.83110797e-01 2.66708255e-01 -4.17709313e-02 1.48051083e+00
    2.85118937e-01 3.29421699e-01 2.10248362e-02 -9.93970707e-02
    5.62139094e-01 4.20126289e-01 1.30452383e+00 -7.79223666e-02
    4.84121025e-01 5.69592834e-01 3.74135107e-01 2.61304528e-01
    1.20253766e+00 -2.61614472e-01 1.02001202e+00 8.15098882e-01
    -1.15801521e-01 -3.71448785e-01 7.07326472e-01 -4.45759930e-02
    1.94584742e-01 6.22059703e-01 1.40066773e-01 6.81404844e-02
    5.62866271e-01 1.86785266e-01 9.01966333e-01 8.14468861e-01
    -1.36658907e-01 4.43275601e-01 -1.37553588e-01 2.09779501e+00
    1.57330945e-01 2.68745214e-01 4.90522832e-01 1.20002043e+00
    -2.66222000e-01 7.03534782e-02 -2.37422258e-01 5.88051617e-01
    7.07572162e-01 6.25256479e-01 2.01941311e-01 4.10067469e-01
    1.35596919e+00 1.81471825e-01 1.06153691e+00 4.63355154e-01
    4.88397479e-01 1.61391906e-02 -2.79865831e-01 7.09525764e-01
    3.70260119e-01 4.94303435e-01 1.24779284e+00 4.85169798e-01
    2.13574305e-01 -7.91968405e-03 1.16739735e-01 2.57626384e-01
    4.27198410e-01 9.25132692e-01 -2.71958739e-01 4.89670843e-01
    7.96490371e-01 -2.84120947e-01 -2.21496031e-01 9.80889797e-01
    -7.79023543e-02 1.25931585e+00 8.45520437e-01 1.14882135e+00
    6.58004522e-01 7.38205552e-01 9.15340662e-01 9.32735205e-01
    4.02603090e-01 -2.39255503e-01 6.98631585e-01 5.17320156e-01
    7.56431937e-01 1.42800003e-01 1.37368128e-01 2.31444106e-01
    1.02634168e+00 -1.08564228e-01 2.71838754e-01 5.69338500e-01
    -3.11555803e-01 1.21229863e+00 1.02306977e-02 1.44014275e+00
    -2.24080577e-01 7.64067471e-01 5.11332214e-01 -1.76820561e-01
    4.83814746e-01 -2.91074932e-01 1.16734469e+00 9.97514546e-01
    2.33597696e-01 1.36760199e+00 -8.97716731e-02 1.27721131e+00
    2.48223748e-02 3.11255366e-01 1.31606415e-01 8.54518175e-01
    -2.28386715e-01 8.79454672e-01 9.84179497e-01 -1.63500771e-01
    1.04088342e+00 -1.35457724e-01 1.00583613e+00 1.24447882e+00
    7.45938599e-01 4.60852534e-01 -2.89546460e-01 5.93345702e-01
    4.49833125e-01 3.13865781e-01 4.20973569e-01 3.44178706e-01
    3.08142632e-01 1.25536397e-01 1.22519076e+00 2.64378577e-01
    1.28319287e+00 7.72388041e-01 1.74682081e-01 1.23941682e-01
    4.51670319e-01 2.09417894e-01 6.27051771e-01 -9.33050364e-02
    7.78713346e-01 -1.91702962e-01 2.28009999e-01 1.19691885e+00
    1.10470855e+00 3.44290137e-01 -2.57433832e-01 3.34052175e-01
    8.33925605e-01 3.79907280e-01 -2.94588581e-02 7.80024111e-01
    4.99733120e-01 -3.46009761e-01 1.01910686e+00 7.84360766e-01
    9.93398726e-01 9.78843689e-01 1.15242195e+00 2.35852703e-01
    8.23757529e-01 2.32024446e-01 8.37247074e-01 1.35083842e+00
    3.52443755e-01 1.15141952e+00 1.10589111e+00 5.88549912e-01
    -1.11523695e-01 3.06045949e-01 -2.29308963e-01 1.53976834e+00
    -3.64560872e-01 -1.77467450e-01 -2.95341462e-01 3.23404223e-01
    1.07551205e+00 9.65095878e-01 1.71182439e-01 6.06158972e-01
    3.65441203e-01 9.09955263e-01 -2.37745598e-01 1.39277446e+00
    -5.32841563e-01 1.20903182e+00 4.21123117e-01 7.74545610e-01
    2.07860559e-01 8.69838059e-01 1.18682206e+00 9.56501186e-01
    2.79741168e-01 2.63693690e-01 6.42691076e-01 9.49205518e-01
    7.06663728e-02 1.03824282e+00 4.79516357e-01 -5.90474941e-02
    1.09003139e+00 1.31303978e+00 6.92615747e-01 -1.62214532e-01
    -1.00140557e-01 -1.59075096e-01 -4.00600992e-02 -1.94229871e-01
    6.45382643e-01 5.15595436e-01 2.94425696e-01 -3.73415530e-01
    5.82259178e-01 4.39278811e-01 2.97608793e-01 -1.08284101e-01
    3.21987271e-01 1.50242060e-01 5.55815697e-01 6.84114337e-01
    1.28205204e+00 6.15734339e-01 2.30922073e-01 2.07276642e-03
    -3.83079387e-02 1.05240762e+00 5.62212944e-01 9.74991918e-01
    -2.07931489e-01 4.20677811e-01 3.99541318e-01 4.39456761e-01
    1.08878934e+00 7.06817091e-01 1.36619997e+00 4.99648064e-01
    1.11257374e+00 -1.96257517e-01 5.49293198e-02 8.47850323e-01
    -3.50516200e-01 9.92600322e-01 6.76402271e-01 1.84149101e-01
    -1.44007146e-01 6.69610739e-01 1.19400334e+00 -2.93795139e-01
    8.37515235e-01 -1.30981192e-01 -2.31791735e-01 1.32574344e+00
    1.11337709e+00 9.53226864e-01 1.67382568e-01 -1.83470890e-01
    8.25607002e-01 1.09653890e+00 1.06169844e+00 -2.53900260e-01
    -1.38581544e-01 1.35587776e+00 1.88128144e-01 9.32102919e-01
    3.75701845e-01 1.15925515e+00 5.25383770e-01 -2.78374553e-01
    1.03162432e+00 1.14812411e-01 1.66697249e-01 2.88513273e-01
    1.28878811e-02 4.21180397e-01 5.31088233e-01 1.21612668e+00
    7.41454601e-01 1.11156797e+00 6.15238585e-02 9.56000686e-01
    9.96124268e-01 1.15843260e+00 2.35529547e-03 4.64922726e-01
    4.25255001e-01 2.34103501e-01 1.11034714e-01 5.62773705e-01
    8.02290976e-01 3.01102966e-01 2.84740273e-02 2.18059254e+00
    8.21621656e-01 7.22458482e-01 -1.80216223e-01 2.41657019e-01
    -2.33781189e-01 1.45983028e+00 1.00283504e+00 1.08334804e+00
    9.80409980e-01 8.20041955e-01 2.00117171e-01 1.40743315e+00
    -1.25017330e-01 3.87065232e-01 -1.65557340e-01 3.32562998e-02
    3.92302722e-01 -2.00854123e-01 1.21664953e+00 -4.02238548e-01
    8.47673416e-01 9.64865208e-01 2.63975896e-02 1.18127251e+00
    4.32709634e-01 3.25811952e-01 5.07821918e-01 -9.14864019e-02
    6.85295105e-01 1.11198223e+00 4.02578205e-01 4.12580043e-01
    3.15517522e-02 5.01360834e-01 -1.74348041e-01 7.77602494e-01
    1.22980893e+00 -2.94624299e-01 1.04774725e+00 5.83032906e-01
    6.78910390e-02 4.14678991e-01 4.18258876e-01 2.29689866e-01
    1.10551751e+00 1.21864069e+00 9.00422502e-03 -2.84292519e-01
    1.00613689e+00 3.24844390e-01 8.35141361e-01 2.66968817e-01
    7.17910826e-02 1.40714347e+00 6.24512613e-01 1.17708886e+00
    -1.71757042e-01 -7.54027348e-03 1.02574944e+00 -3.61520290e-01
    6.32658303e-01 9.31516826e-01 3.49490494e-01 -2.63625802e-03
    1.30461097e+00 6.04170501e-01 1.05768740e+00 3.57185125e-01
    -3.74504715e-01 7.51721919e-01 9.67149064e-02 1.14426851e+00
    4.58129615e-01 -3.28049064e-01 1.26115942e+00 -1.45948932e-01
    1.21119976e+00 -1.71528116e-01 1.14703500e+00 -1.96659610e-01
    1.23114634e+00 5.24209976e-01 6.80891871e-01 2.72136807e-01
    -2.61855692e-01 1.30978286e+00 9.51116681e-01 8.54271054e-02
    -1.23418450e-01 1.12075961e+00 1.90710202e-01 -1.30479932e-02
    6.31994843e-01 5.34895062e-01 8.21110904e-01 -2.24173501e-01
    1.05250388e-01 5.04406929e-01 1.21781433e+00 1.12344587e+00
    5.29421389e-01 3.99690568e-01 8.34110975e-01 4.59259987e-01
    -6.57792613e-02 9.25520062e-01 2.77636677e-01 4.97053772e-01
    1.32808998e-01 -1.63343316e-03 -4.53382619e-02 -9.81403664e-02
    -6.78903237e-02 -1.16327174e-01 3.10962141e-01 5.08825183e-01
    -7.42848665e-02 2.09933266e-01 1.23784459e+00 5.67696631e-01
    2.83084419e-02 -1.99435636e-01 4.49399322e-01 -1.15200371e-01
    5.18404245e-01 8.90520632e-01 9.84530091e-01 -3.97981018e-01
    2.72007376e-01 1.17349756e+00 1.00998700e+00 -2.55800903e-01
    1.11764944e+00 6.08122647e-01 4.51751389e-02 2.65525341e-01
    1.00138175e+00 9.29724991e-01 8.71944487e-01 5.41360795e-01
    -2.38099009e-01 7.96079159e-01 -2.45142519e-01 -6.32025823e-02
    3.96624595e-01 4.57341462e-01 8.09791207e-01 5.53714693e-01
    1.03244436e+00 -2.80059963e-01 5.36171675e-01 4.81121302e-01
    2.43726283e-01 1.04646981e+00 -3.68938237e-01 1.02669322e+00
    9.77658868e-01 4.88272130e-01 9.30459723e-02 1.03228062e-01
    7.21093863e-02 1.22546387e+00 4.23732065e-02 1.18806005e+00
    1.14287667e-01 -1.62644252e-01 4.12618399e-01 1.22237837e+00
    4.35214579e-01 1.13398361e+00 1.24712551e+00 -7.31231496e-02
    9.98370826e-01 2.47157961e-01 7.84085512e-01 8.64286900e-01
    7.61946559e-01 1.21492779e+00 1.18551776e-01 7.40974844e-01
    4.31113154e-01 1.11775197e-01 1.27398632e-02 -1.72508627e-01
    1.16679597e+00 2.29749363e-02 1.80764556e-01 1.01010239e+00
    1.22848332e+00 -9.17517692e-02 1.07561827e+00 9.40448120e-02
    3.11510861e-01 4.54741418e-01 8.45825970e-01 8.33501577e-01
    -1.62406638e-01 1.01271927e+00 1.78378642e-01 -2.59624630e-01
    2.80625492e-01 1.12792087e+00 7.25580454e-01 -2.02799201e-01
    1.01933551e+00 6.62325859e-01 -3.25840652e-01 1.12283576e+00
    1.83053955e-01 1.08393550e+00 -3.74534726e-01 1.47641695e+00
    -2.24407554e-01 1.42500854e+00 8.33014548e-02 -2.73969471e-01
    1.36647201e+00 -5.55618741e-02 6.13805950e-01 1.40369192e-01
    4.51476932e-01 4.10278797e-01 5.31891108e-01 -5.02296016e-02
    4.99641091e-01 1.21665252e-02 8.83639097e-01 7.30333984e-01
    1.25564528e+00 -2.37869337e-01 1.32389104e+00 -3.09503108e-01
    1.05263686e+00 5.67031384e-01 3.05273652e-01 1.97753236e-01
    1.29577136e+00 -1.85258798e-02 1.34596860e+00 -3.80888879e-01
    9.54372823e-01 2.17837212e-03 6.55579746e-01 1.13610768e+00
    6.57697618e-01 -2.04345688e-01 9.05847609e-01 3.83215964e-01
    1.84568584e-01 5.69601059e-02 4.62948866e-02 1.06353056e+00
    2.03707784e-01 -1.77127093e-01 8.28336895e-01 2.93925822e-01
    1.52052306e-02 -2.34492496e-01 7.42450535e-01 1.74234360e-01
    3.40781242e-01 -2.01297849e-01 1.98352292e-01 4.77085084e-01
    1.13091797e-01 2.84787089e-01 -2.78310087e-02 8.74904320e-02
    7.65038252e-01 5.25495887e-01 5.81722558e-01 3.48568499e-01
    -1.76510900e-01 5.19200087e-01 -3.41568559e-01 8.44627976e-01
    8.74757111e-01 3.73996012e-02 1.11835849e+00 -2.39166468e-01
    4.04293537e-01 3.05996746e-01 6.70778155e-01 9.63355899e-01
    5.61177313e-01 6.45452023e-01 9.59210545e-02 1.91493064e-01
    2.17644230e-01 9.62093830e-01 -3.04162465e-02 1.86443746e-01
    4.97226641e-02 1.26180625e+00 1.15854979e+00 1.14041008e-01
    1.67860001e-01 -1.75621271e-01 2.24624991e-01 7.68779695e-01
    9.59200084e-01 1.41360819e-01 2.99355268e-01 3.04678619e-01
    3.54813248e-01 2.86561668e-01 4.52188492e-01 -6.03799038e-02
    9.95684981e-01 -3.83547717e-03 6.19983971e-01 9.81262505e-01
    2.18463242e-01 3.95426899e-01 1.22535217e+00 4.88603085e-01
    -5.93280979e-02 2.26533581e-02 1.44485414e+00 4.65512216e-01
    1.15699911e+00 -6.32332340e-02 1.52070627e-01 1.69244949e-02
    1.42693079e+00 -5.07495463e-01 1.45681202e+00 9.81682073e-03
    -1.79696977e-01 6.41382098e-01 9.27952826e-01 1.78816557e-01
    9.38566208e-01 6.69953108e-01 1.15043044e+00 1.14302301e+00
    2.52199471e-01 1.24805975e+00 1.09790480e+00 2.21029773e-01
    2.08039805e-01 6.17063224e-01 -1.14050187e-01 3.17509949e-01
    -3.00061166e-01 5.58175683e-01 -9.70475562e-03 4.65493619e-01
    -1.19163422e-02 8.12164426e-01 -2.01429501e-02 1.24727392e+00
    -6.96198419e-02 1.30733609e+00 -1.07864693e-01 1.09166074e+00
    9.29510295e-01 4.25729841e-01 -2.13674769e-01 -2.04180479e-01
    1.18012249e+00 4.24755663e-01 1.36012363e+00 1.32643774e-01
    8.58494565e-02 1.48493207e+00 -1.67074114e-01 1.15545571e+00
    8.41264546e-01 -2.52375424e-01 7.96171606e-01 1.01920366e+00
    6.78327203e-01 8.09744775e-01 -1.09114766e-01 1.37089026e+00
    6.30523637e-02 1.30644703e+00 1.03086388e+00 2.91189462e-01
    3.96236300e-01 -2.74199933e-01 3.92217547e-01 6.52216733e-01
    1.35881066e-01 7.63580382e-01 1.07587719e+00 7.38960266e-01
    -8.60817209e-02 -1.50510177e-01 -5.75476438e-02 1.45935285e+00
    -4.24909741e-01 1.21760571e+00 -3.87018472e-01 1.18610990e+00
    1.06980383e+00 1.99095219e-01 1.31686643e-01 1.26842701e+00
    3.50006521e-01 4.21645403e-01 1.11268973e+00 -1.06781162e-01
    1.07053494e+00 -3.06102097e-01 8.21552634e-01 5.23204863e-01
    1.95637047e-01 -3.86159867e-01 1.37150788e+00 4.16914165e-01
    7.49630690e-01 4.86507475e-01 1.08030808e+00 -1.41857788e-01
    1.33876276e+00 -3.64546150e-01 7.20092654e-01 6.97952449e-01
    1.06857979e+00 1.31062496e+00 -2.75327832e-01 -3.58271986e-01
    1.25523889e+00 4.77414012e-01 4.59612846e-01 1.12007654e+00
    1.01887763e+00 9.71716642e-01 1.03798509e+00 4.93950605e-01
    8.50063041e-02 2.43663996e-01 2.76056230e-01 1.25854170e+00
    2.55846530e-01 -6.53737262e-02 -1.19078327e-02 8.84614587e-01
    5.46475232e-01 7.15001583e-01 1.18777883e+00 9.70970392e-01
    6.08939826e-01 -1.07664384e-01 -3.75171490e-02 4.18502152e-01
    -2.19795927e-01 4.51629758e-01 3.44097108e-01 1.02577484e+00
    9.81143177e-01 4.61909205e-01 5.08658826e-01 1.25708926e+00
    -1.58895820e-01 1.26310790e+00 6.04318857e-01 1.93737566e-01
    9.17439044e-01 2.10779473e-01 7.15049386e-01 1.97184727e-01
    1.12092555e+00 1.53348548e-02 8.66294384e-01 2.37791628e-01
    7.56849229e-01 7.86638916e-01 2.36263767e-01 1.00533640e+00
    -2.87782669e-01 1.41437364e+00 -3.31174552e-01 1.11838698e+00
    6.30593777e-01 9.21661139e-01 1.04762033e-01 5.94149157e-02
    7.53018856e-01 6.55022860e-01 9.12638366e-01 8.23157012e-01
    3.64738137e-01 7.87283480e-01 4.25129384e-01 6.27611816e-01
    1.05834568e+00 -3.14610481e-01 1.37242413e+00 -2.55786210e-01
    2.74673551e-01 1.22669268e+00 8.06135178e-01 4.29279059e-01
    3.23935807e-01 6.99407339e-01 1.04527473e+00 2.08421007e-01
    1.22470987e+00 1.17209113e+00 1.21334004e+00 -1.22821458e-01
    1.06675589e+00 1.58514693e-01 1.28986824e+00 3.79951268e-01
    4.34790224e-01 8.53161931e-01 1.13549256e+00 2.61528969e+00
    -2.94762850e-02 5.71115851e-01 1.09789467e+00 -2.96613220e-02
    4.07450616e-01 3.84477258e-01 1.26279235e+00 9.44804013e-01
    3.84535462e-01 1.07525826e+00 1.10957611e+00 1.61052749e-01
    -5.59579059e-02 4.28171515e-01 3.56412858e-01 1.27269161e+00
    7.19332457e-01 7.22602189e-01 1.63604766e-01 8.43764722e-01
    1.03751457e+00 -1.71619907e-01 1.23149681e+00 1.28752196e+00
    1.07490569e-01 1.20655203e+00 5.78521132e-01 5.18065333e-01
    -1.38692275e-01 8.07935894e-01 4.61129487e-01 -4.30930294e-02
    6.77542016e-02 1.19845068e+00 1.35886645e+00 -2.60289073e-01
    1.26476276e+00 5.25457382e-01 -2.56553590e-01 1.04232264e+00
    1.14262152e+00 1.26934230e+00 1.07178450e+00 1.23823595e+00
    1.58180743e-02 2.16489658e-01 -1.45741887e-02 1.30221975e+00
    1.21417284e-01 8.94458890e-01 6.04230165e-01 6.41293705e-01
    2.26538509e-01 1.06566429e+00 1.08857441e+00 5.19575059e-01
    1.85958624e-01 -2.33856410e-01 3.32320243e-01 -2.01116148e-02
    -1.19732674e-02 7.31665909e-01 -7.71306530e-02 4.78753150e-02
    -1.95468634e-01 -1.96497049e-02 7.50171065e-01 -1.84842229e-01
    8.97588253e-01 1.31896067e+00 -1.03821702e-01 5.94214380e-01
    3.82306248e-01 -1.15471281e-01 -1.69369783e-02 1.24730599e+00
    1.03449607e+00 6.64387703e-01 2.24569619e-01 -6.23768494e-02
    1.12317276e+00 1.22640014e-01 4.35626507e-01 4.51186180e-01
    5.80090880e-01 4.93663907e-01 2.73504853e-01 -2.38298088e-01
    1.48981011e+00 9.87913728e-01 -4.66779247e-02 5.48554778e-01
    1.30279171e+00 1.83128804e-01 1.26643372e+00 3.14993143e-01
    1.17635703e+00 -4.24106240e-01 1.34972942e+00 -3.55222940e-01
    5.82431912e-01 -7.79258087e-02 -4.15231697e-02 1.25081277e+00
    8.21247041e-01 -1.53204486e-01 3.46246541e-01 7.48192787e-01
    5.13920784e-01 3.26298594e-01 4.22621906e-01 -9.24824104e-02
    9.50981498e-01 1.17902970e+00 2.88612414e-02 8.80987287e-01
    1.17310154e+00 9.54186499e-01 6.02287650e-01 2.62096941e-01
    -3.38736981e-01 1.20010519e+00 6.29334867e-01 1.15123999e+00
    -2.24744335e-01 7.94443905e-01 1.28553510e+00 1.03129670e-01
    1.14902353e+00 -6.10552020e-02 1.04508233e+00 7.99370706e-01
    8.22734714e-01 4.27484155e-01 1.37320352e+00 -2.30842650e-01
    -3.18123475e-02 5.89332819e-01 1.07198679e+00 2.87640780e-01
    1.11943150e+00 5.72863817e-01 2.96136320e-01 3.07376266e-01
    8.86788785e-01 -3.77628475e-01 8.38640511e-01 1.18739498e+00
    1.02582145e+00 3.33159894e-01 6.80261031e-02 1.31121647e+00
    2.76102901e-01 5.53201675e-01 1.05931497e+00 1.13748461e-01
    -3.08726013e-01 8.71570230e-01 8.14878821e-01 8.01284730e-01
    6.36974752e-01 1.12747419e+00 9.64467824e-01 3.47951233e-01
    1.03239548e+00 1.12583995e+00 8.88130605e-01 2.64659017e-01
    1.67553425e-01 2.66320437e-01 9.14660156e-01 1.09487280e-01
    7.65371025e-01 -2.66484588e-01 8.98012936e-01 9.31350708e-01
    5.91584921e-01 7.84247220e-01 -1.24127999e-01 4.40582365e-01
    2.60500908e-01 1.08271444e+00 9.84690785e-01 1.19326925e+00
    1.20951462e+00 1.22540450e+00 -5.21690436e-02 1.08213806e+00
    1.12898088e+00 1.53057426e-01 1.41064203e+00 7.02895403e-01
    1.03474116e+00 5.84881268e-02 9.73266006e-01 -1.32175572e-02
    1.08578667e-01 5.06774068e-01 6.25401735e-01 -1.14149749e-01
    1.00747156e+00 1.50344610e-01 1.11283326e+00 -1.17149316e-01
    2.90656537e-01 1.08760107e+00 1.17721534e+00 5.25520027e-01
    -4.15718138e-01 1.00806260e+00 5.18856287e-01 5.92576742e-01
    4.63020623e-01 1.23020597e-01 4.16659236e-01 1.25014782e+00
    8.77489626e-01 1.51776627e-01 2.44949460e-02 4.43560034e-01
    8.34985554e-01 -1.44425586e-01 -3.43763903e-02 -1.28372416e-01
    7.09689140e-01 6.51425242e-01 -8.11666250e-02 1.79471150e-01
    1.43892360e+00 -3.11322212e-02 1.13131368e+00 1.02800190e+00
    -8.86130780e-02 9.03698683e-01 7.91159153e-01 -1.40454113e-01
    1.16403544e+00 1.02644789e+00 2.30373979e-01 6.22123837e-01
    3.72175992e-01 4.22426850e-01 8.79354417e-01 4.47382778e-01
    1.13303237e-01 7.13005304e-01 4.11408544e-01 4.82458413e-01
    2.34437719e-01 1.03020203e+00 9.83987272e-01 1.02497673e+00
    6.07656538e-01 3.67439678e-03 6.30329907e-01 5.91311216e-01
    -1.23572014e-01 1.15012872e+00 -1.64650917e-01 7.37107038e-01
    3.39895815e-01 1.19371271e+00 6.94450259e-01 -1.71859950e-01
    5.39007843e-01 1.05301082e+00 9.07572389e-01 -3.81388456e-01
    9.38688040e-01 8.07751179e-01 1.25500739e+00 1.18239760e+00
    -3.68957609e-01 1.17467582e+00 1.80090636e-01 1.17853558e+00
    2.27574989e-01 5.83276927e-01 -7.38668814e-02 -1.09804571e-01
    -2.45464176e-01 6.92565441e-01 -7.47519806e-02 1.14889586e+00
    5.10967135e-01 1.19358337e+00 3.20832789e-01 4.13129181e-01
    2.57975399e-01 1.99652448e-01 2.02599451e-01 1.10271955e+00
    -1.33823529e-01 3.41594249e-01 1.27571774e+00 1.15778470e+00
    6.09231532e-01 -3.31520528e-01 -1.09180734e-01 -1.46213742e-02
    -2.34937984e-02 4.71973479e-01 -3.83463614e-02 4.19436187e-01
    -1.39947504e-01 2.46069413e-02 6.17931843e-01 1.23487532e+00
    1.28339744e+00 -2.68345684e-01 4.09750670e-01 -3.48715812e-01
    1.10887504e+00 5.05945921e-01 9.57247093e-02 -1.92472994e-01
    1.21290159e+00 3.11950475e-01 6.32944584e-01 -2.08250940e-01
    6.68236375e-01 1.22129893e+00 7.78558314e-01 1.66353732e-01
    -2.38610879e-01 8.86812806e-01 6.92913413e-01 3.43233466e-01
    3.09876520e-02 1.34730399e+00 3.34574401e-01 5.68324327e-01
    9.17376101e-01 5.74633718e-01 3.45389128e-01 1.11317587e+00
    4.86701459e-01 5.13197958e-01 2.72691518e-01 1.27436996e+00
    -2.78035074e-01 3.74991834e-01 1.30312824e+00 -1.81312382e-01
    -2.37051070e-01 2.16322899e-01 4.41633880e-01 1.26244092e+00
    -3.14091206e-01 -2.23477006e-01 1.18940103e+00 8.06094229e-01
    4.82148945e-01 3.45189273e-01 6.73213601e-01 1.59517005e-02
    -1.23997256e-01 1.00921226e+00 -6.91373348e-02 5.36415875e-01
    -3.14644873e-01 1.13826585e+00 5.47496915e-01 4.90413666e-01
    5.64737260e-01 1.02376556e+00 8.31478059e-01 8.56028080e-01
    9.50608969e-01 -2.74736464e-01 2.26033941e-01 1.17149460e+00
    -5.02443552e-01 8.73355448e-01 -1.16889790e-01 -1.30604655e-01
    5.72953701e-01 1.10622931e+00 -1.88182876e-01 1.82889596e-01
    5.58340609e-01 1.10591424e+00 -3.28898072e-01 8.77554536e-01
    1.93104446e-01 4.97699201e-01 5.13849258e-01 2.88666457e-01
    8.41438532e-01 2.11130917e-01 -3.44602078e-01 2.46692047e-01
    2.58739412e-01 5.94851792e-01 -3.30170430e-02 1.25913751e+00
    1.37300435e-02 3.73200625e-01 5.24908125e-01 3.56770843e-01
    1.03561926e+00 4.13289189e-01 7.64381170e-01 -3.44512880e-01
    1.33534086e+00 5.76990426e-01 1.31286666e-01 7.70284235e-01
    5.41682482e-01 -2.91648060e-01 7.06202745e-01 3.35564256e-01
    7.50328124e-01 1.05874380e-02 4.04036850e-01 4.77863550e-01
    7.09601700e-01 5.16074121e-01 -1.55778974e-01 -2.33522668e-01
    2.13192225e-01 1.94588780e-01 8.93680871e-01 5.60918927e-01
    1.06351924e+00 1.08230448e+00 -3.97435606e-01 6.59723699e-01
    1.09320915e+00 -3.98189247e-01 1.13008463e+00 -2.34696791e-01
    -1.20656334e-01 5.37712634e-01 1.06262660e+00 1.28503097e-02
    1.87214345e-01 -2.59910583e-01 -1.19459927e-01 2.15210333e-01
    -3.32905769e-01 -1.56173930e-01 1.06473863e+00 7.06220031e-01
    3.76876473e-01 2.88109869e-01 1.55882075e-01 -4.23257649e-02
    9.76655111e-02 5.23753524e-01 -2.47718189e-02 1.37762856e+00
    -1.14285111e-01 1.05397999e-01 1.30834556e+00 3.53488803e-01
    -6.21026419e-02 -2.50176907e-01 9.29754414e-03 9.70942736e-01
    1.24167609e+00 3.96976918e-02 8.43550265e-01 1.06690741e+00
    1.04539692e+00 8.94549116e-02 8.74821097e-02 1.95256665e-01
    1.60320550e-01 1.54734299e-01 -2.35509381e-01 7.54650176e-01
    6.22516930e-01 1.13940215e+00 4.68796879e-01 3.96770090e-02
    9.03821662e-02 1.03348446e+00 1.25868213e+00 1.04758286e+00
    -2.69783139e-01 -3.17127526e-01 6.90695763e-01 3.97000879e-01
    7.12845922e-02 -2.04534873e-01 5.93412936e-01 2.76473731e-01
    8.97740424e-01 1.60820491e-04 -1.90690622e-01 3.99766862e-02
    -1.65114835e-01 1.23934641e-01 8.23669136e-01 1.23502290e+00
    7.42652178e-01 -1.48873059e-02 1.73265502e-01 -9.83425826e-02
    9.46256995e-01 1.13810217e+00 -3.76407504e-01 7.50587463e-01
    5.22366107e-01 1.00542951e+00 3.69666457e-01 3.77716988e-01
    -8.75926986e-02 1.25034153e+00 1.11170185e+00 1.14205372e+00
    1.07147706e+00 8.37316036e-01 7.88004577e-01 1.09030926e+00
    3.90822172e-01 -2.42799148e-01 7.08002567e-01 8.72626424e-01
    1.38296336e-01 -2.62933224e-01 1.04651427e+00 6.61585867e-01
    6.78129017e-01 2.16891140e-01 1.77018210e-01 9.72198099e-02
    6.32768154e-01 1.12321627e+00 6.13648236e-01 -2.99267352e-01
    5.21971762e-01 7.06771851e-01 -3.01562190e-01 1.31356049e+00
    1.12094782e-01 7.18608439e-01 3.02969068e-01 -2.27567062e-01
    8.93220425e-01 5.80108225e-01 1.20863581e+00 -1.60127312e-01
    8.97970736e-01 1.03998828e+00 1.72160333e-03 3.42379272e-01
    3.18068713e-02 3.62809896e-01 1.27733657e-02 -2.62741476e-01
    1.58076271e-01 1.24639857e+00 5.38908504e-02 3.98638934e-01
    9.89968657e-01 1.42551333e-01 -2.40332223e-02 1.15307570e+00
    -1.43304840e-01 1.23943317e+00 1.85366526e-01 1.34610191e-01
    3.12876403e-01 8.70127082e-02 1.91879481e-01 7.77984023e-01
    4.49215233e-01 1.29427850e-01 -2.57766008e-01 9.69788492e-01
    1.38448334e+00 -4.79701236e-02 -6.92403167e-02 9.22690034e-01
    -2.17202291e-01 1.21149886e+00 4.69325721e-01 2.17111826e-01
    7.72853136e-01 5.23672700e-01 9.83731210e-01 -7.78737664e-02
    1.44014680e+00 3.88363332e-01 8.19062889e-01 1.18568134e+00
    -5.36740534e-02 1.47370863e+00 -4.04496551e-01 7.23455369e-01
    1.17725646e+00 6.55758977e-01 3.76926959e-02 5.68054378e-01
    2.27066249e-01 1.31219566e+00 -8.77040178e-02 8.25024784e-01
    7.98325002e-01 6.68319821e-01 1.23538327e+00 3.19274426e-01
    5.67140542e-02 3.72693330e-01 -1.02266721e-01 7.73387909e-01
    -1.13683380e-01 1.33149564e-01 1.16956294e+00 6.52824938e-01
    1.32895267e+00 1.21857189e-01 -1.44333854e-01 7.61105120e-01
    1.07255340e+00 1.05305064e+00 8.63157809e-01 7.89965332e-01
    9.04790878e-01 1.92617342e-01 9.83478129e-01 5.80483019e-01
    4.02476132e-01 6.64522171e-01 7.70943522e-01 1.84979379e-01
    1.20733726e+00 9.63719040e-02 8.63472223e-01 -3.12279388e-02
    1.07892764e+00 -8.84957761e-02 1.25018954e+00 9.71443534e-01
    1.24831617e-01 -2.31288493e-01 1.17164421e+00 8.92835915e-01
    -3.78896534e-01 1.31766641e+00 5.79323769e-01 1.21172833e+00
    -4.14004415e-01 1.12458515e+00 1.12947118e+00 1.30055559e+00
    4.67121750e-01 -5.41712344e-02 2.62026668e-01 1.06999922e+00
    1.18780553e+00 6.93940043e-01 7.76657224e-01 2.50813067e-01
    1.26820838e+00 1.62020966e-01 5.28317034e-01 2.88249940e-01
    -2.82978922e-01 4.24269557e-01 5.49219191e-01 3.73284258e-02
    7.81392217e-01 6.95883155e-01 7.37191677e-01 9.98707533e-01
    -2.29611900e-02 2.73235053e-01 4.37211275e-01 3.67891759e-01
    7.94079959e-01 3.42610598e-01 5.17684698e-01 1.35859787e+00
    6.24583801e-03 1.15439326e-01 1.29004872e+00 -2.83945709e-01
    8.31925631e-01 3.63859013e-02 1.01221657e+00 4.66013461e-01
    8.58560264e-01 9.27012205e-01 6.19460106e-01 6.98312461e-01
    1.11484611e+00 5.92133462e-01 3.52951854e-01 9.24355805e-01
    3.53816956e-01 1.32418430e+00 1.00930226e+00 2.11862549e-01
    1.40924287e+00 4.94908452e-01 2.67697990e-01 1.06943464e+00
    1.04472184e+00 3.68865699e-01 6.32098734e-01 8.34938407e-01
    -1.20314538e-01 2.88794845e-01 4.64251101e-01 -5.02444468e-02
    1.16530335e+00 8.29705060e-01 -1.16320908e-01 4.32473511e-01
    -5.82122663e-03 1.22439492e+00 1.10189152e+00 1.15904713e+00
    1.29235947e+00 -1.65858448e-01 1.11384094e-01 8.85923266e-01
    8.28305483e-01 2.09761724e-01 1.03849864e+00 1.09156631e-01
    9.93675813e-02 3.40558857e-01 7.45104134e-01 6.55532360e-01
    3.04526985e-01 5.61533570e-01 2.16546848e-01 1.17657340e+00
    8.77700269e-01 2.97673911e-01 1.11942601e+00 -2.71484792e-01
    1.03631592e+00 1.43120706e+00 1.20420963e-01 7.15561092e-01
    1.09304950e-01 6.80815756e-01 8.51693153e-01 4.23988581e-01
    8.64748955e-01 1.19692695e+00 1.27828240e+00 3.28544825e-01
    5.83162665e-01 1.25203526e+00 -3.30929637e-01 7.44988084e-01
    4.08471406e-01 2.96328187e-01 1.07567430e+00 3.49720955e-01
    5.76723158e-01 9.47166502e-01 6.24861598e-01 4.55726534e-01
    1.23739803e+00 4.37895536e-01 1.09559739e+00 -2.55187303e-01
    -3.31111960e-02 4.37614113e-01 1.22299564e+00 2.04227448e+00
    -9.68829691e-02 -4.74418141e-02 1.32551491e+00 2.20305815e-01
    4.56293106e-01 7.23772407e-01 4.60460275e-01 2.94859260e-01
    -1.93895325e-01 6.24007225e-01 4.43529338e-01 8.49412009e-03
    5.05184591e-01 -3.11028976e-02 1.12823570e+00 -2.22428460e-02
    -2.27606341e-01 -2.93831080e-01 1.07608402e+00 7.36548066e-01
    1.03092217e+00 8.37068319e-01 3.69252041e-02 9.92462635e-01
    -1.32507145e-01 8.25910211e-01 1.17608702e+00 -2.72850066e-01
    1.16232729e+00 6.06723130e-01 7.79156327e-01 9.36501086e-01
    2.05168203e-01 2.52795219e-01 3.19838464e-01 9.35098469e-01
    8.92834127e-01 1.05545819e+00 3.13667595e-01 6.62661612e-01
    6.71438038e-01 8.66513610e-01 1.24241662e+00 5.77930093e-01
    -1.39188454e-01 -1.59114942e-01 -8.40579942e-02 4.27754633e-02
    1.35901511e+00 -2.72052675e-01 -9.54393893e-02 6.82504177e-01
    2.96129793e-01 1.30817091e+00 9.67020541e-03 1.47087991e-01
    1.22937131e+00 2.29448736e-01 8.08895767e-01 -1.58772588e-01
    -1.75416142e-01 4.13431257e-01 9.15420890e-01 7.23441839e-01
    9.31853950e-01 5.99925816e-01 4.68979090e-01 9.46835160e-01
    -9.88729596e-02 1.13185346e+00 4.58031222e-02 9.70609188e-01
    -2.88400084e-01 1.18478477e+00 7.96238780e-02 -3.29823434e-01
    -9.55481082e-02 -2.91844849e-02 4.71684098e-01 1.10825205e+00
    1.24321312e-01 9.19568121e-01 -1.90102421e-02 4.08357471e-01
    1.81693166e-01 8.81200850e-01 4.79740798e-01 -3.04323733e-01
    6.73281372e-01 6.78466678e-01 -6.36411756e-02 5.66172004e-01
    -8.40603039e-02 6.79588675e-01 1.02013576e+00 6.02935195e-01
    3.06409985e-01 1.09795320e+00 1.07190982e-01 5.92721164e-01
    2.62573436e-02 1.10350180e+00 -2.35495009e-02 3.51900756e-01
    -1.01928726e-01 9.90770996e-01 7.60213196e-01 7.18763649e-01
    4.57062900e-01 1.12553334e+00 -2.05963388e-01 6.32587671e-02
    2.97034413e-01 3.88031118e-02 4.38240319e-01 4.27042097e-01
    -1.59117773e-01 5.25887251e-01 7.39291489e-01 2.92349398e-01
    -9.40095559e-02 2.01598480e-01 1.13805997e+00 2.37488002e-01
    6.59980655e-01 1.08115949e-01 9.11597669e-01 -2.66650230e-01
    2.66156286e-01 1.11161065e+00 5.59101701e-01 8.30285490e-01
    1.16293001e+00 2.54736543e-01 -1.28718138e-01 8.55998397e-01
    -4.06709053e-02 4.22380626e-01 7.63343589e-04 4.49651405e-02
    5.07892251e-01 -1.80510759e-01 6.17025316e-01 1.13986492e+00
    1.15516528e-01 -2.40893979e-02 1.29614295e-02 1.04849267e+00
    6.46985114e-01 1.07713270e+00 5.79074085e-01 1.24529529e+00
    -1.51106551e-01 1.08038700e+00 -3.19678754e-01 -1.68270022e-01
    4.25496697e-01 -1.43250346e-01 -1.53386846e-01 4.30645108e-01
    4.39115286e-01 1.08745921e+00 1.16316819e+00 6.15831017e-01
    1.07338488e+00 1.14934705e-02 7.74735570e-01 -1.75517231e-01
    1.42415792e-01 2.40361616e-01 -1.00418039e-01 4.53848094e-02
    9.19323802e-01 1.15948343e+00 -4.69475836e-01 1.18693244e+00
    7.97031939e-01 1.05285816e-01 4.74380761e-01 2.79096570e-02
    7.55135894e-01 4.51785296e-01 3.88387471e-01 1.29907560e+00
    -3.36102515e-01 1.02385247e+00 8.68249059e-01 6.48265839e-01
    3.70736539e-01 9.62324262e-01 3.34788024e-01 1.06022513e+00
    1.10166466e+00 1.09734535e+00 -1.03468120e-01 8.47604692e-01
    1.02059364e+00 1.18373990e+00 1.33918360e-01 1.43451273e+00
    -2.23074898e-01 1.29774892e+00 -4.49257553e-01 1.08688198e-01
    -1.00631513e-01 8.89412642e-01 6.89758062e-01 2.74598688e-01
    7.05361962e-01 -8.26035142e-02 8.66656005e-01 9.40317988e-01
    7.55194008e-01 -1.28949165e-01 -1.60064951e-01 1.21239042e+00
    1.57960832e-01 1.55512750e-01 2.80278087e-01 8.34186196e-01
    -7.73441494e-02 1.08583653e+00 8.98922443e-01 -4.70190868e-03
    8.39553893e-01 -6.62711114e-02 2.56291866e-01 9.94500697e-01
    2.52025574e-01 2.45065421e-01 9.70081210e-01 5.48028946e-01
    -4.00063038e-01 5.52642643e-01 6.57879949e-01 1.02157176e+00
    -3.21772665e-01 2.28998497e-01 1.31412423e+00 9.52485442e-01
    1.00875843e+00 -3.74266177e-01 5.71754098e-01 6.61109149e-01
    1.11518574e+00 2.34703720e-01 7.65495002e-01 7.11420596e-01
    -3.08443457e-01 8.45173717e-01 7.34101176e-01 1.11052203e+00
    7.83258617e-01 -3.76358122e-01 4.87362415e-01 1.78502321e+00
    1.13184094e+00 1.15584159e+00 -3.70102078e-01 7.22385526e-01
    3.82551163e-01 1.08300269e+00 -2.83241153e-01 7.31240064e-02
    4.29076940e-01 1.13389134e+00 3.56249332e-01 9.52221528e-02
    7.51238167e-01 7.72589803e-01 1.05038488e+00 1.30287871e-01
    1.05579627e+00 2.33931497e-01 3.82831514e-01 3.80713850e-01
    9.70190525e-01 -6.10782206e-02 1.26371992e+00 1.30768612e-01
    3.88413280e-01 -2.22841829e-01 5.59410512e-01 4.73559320e-01
    -2.92376399e-01 1.84896156e-01 1.18525350e+00 -1.38173640e-01
    1.03743827e+00 2.04382315e-01 -2.54601002e-01 1.05975568e-01
    -4.35650833e-02 4.79500502e-01 6.60306752e-01 -1.95389330e-01
    4.22302365e-01 -1.42140985e-01 8.50510955e-01 1.66776493e-01
    -1.73296228e-01 7.15635478e-01 9.93305445e-01 6.61412120e-01
    9.14305925e-01 9.74094450e-01 8.46166492e-01 1.31220686e+00
    -2.36941688e-02 1.17888582e+00 2.08065197e-01 -7.36008631e-03
    -2.72817105e-01 3.70016217e-01 2.53091991e-01 3.27997059e-01
    -4.90253605e-02 1.15077758e+00 4.32541758e-01 7.48464525e-01
    6.17525637e-01 5.85073829e-01 -1.02341086e-01 4.42331821e-01
    2.42552042e-01 6.37360066e-02 4.52895433e-01 8.81574973e-02
    7.76918054e-01 5.54179072e-01 3.77213120e-01 1.49364686e+00
    -1.66167185e-01 7.97253609e-01 6.25484109e-01 7.08577871e-01
    4.71039802e-01 3.10288489e-01 3.03560674e-01 1.02771509e+00
    -2.11436257e-01 1.00672519e+00 7.20957577e-01 9.94205356e-01
    -2.89405286e-01 1.25768852e+00 3.01562876e-01 2.60175854e-01
    1.33702683e+00 5.64523876e-01 4.48036224e-01 -3.85013044e-01
    4.13458884e-01 -2.28922829e-01 -2.28209496e-02 4.81795132e-01
    2.55445480e-01 1.58201635e-01 1.35524106e+00 -2.48230286e-02
    1.02850115e+00 1.33770680e+00 -1.14542134e-01 1.62232712e-01
    5.78169644e-01 1.27741981e+00 -1.24571947e-02 1.45983076e+00
    7.50981033e-01 -8.57687667e-02 -2.50476807e-01 9.59904611e-01
    -1.42536148e-01 1.39918101e+00 4.40351069e-01 7.07281947e-01
    9.20122623e-01 4.65940952e-01 8.78798544e-01 -4.02620941e-01
    7.95186520e-01 1.29742742e+00 4.02616680e-01 1.49866035e-02
    3.44717234e-01 -1.56927332e-01 -2.83201128e-01 1.16162944e+00
    1.23997879e+00 -3.22231770e-01 9.01189208e-01 6.10470891e-01
    1.15150917e+00 7.76499152e-01 4.47525382e-01 5.17960668e-01
    -2.80165702e-01 1.37470436e+00 1.10864651e+00 5.50791323e-01
    1.10955179e+00 -3.21497560e-01 1.10315263e+00 2.10701481e-01
    3.16029182e-04 8.85563552e-01 1.21122611e+00 3.12998384e-01
    1.39328551e+00 -4.28457677e-01 7.29342222e-01 5.46390116e-01
    1.68517008e-01 7.31476009e-01 1.34397316e+00 -2.02317834e-01
    3.53411287e-01 5.79812825e-01 1.01733074e-01 3.19651634e-01
    9.04493809e-01 6.62732199e-02 1.33562672e+00 1.00841999e+00
    9.99708176e-01 7.16927588e-01 2.16067567e-01 1.24530816e+00
    9.44031775e-02 -3.22373718e-01 1.18125844e+00 -6.50767982e-02
    5.80128551e-01 6.60380483e-01 -3.42701711e-02 1.89574599e-01
    8.23303103e-01 -5.15529513e-02 -2.39286438e-01 1.26286590e+00
    9.22985315e-01 1.79377571e-01 2.67584175e-01 6.78953171e-01
    7.05395937e-01 -3.42946023e-01 -3.05864096e-01 1.31980574e+00
    9.82118547e-01 6.01846933e-01 -1.06813423e-01 1.30524337e+00
    1.57914504e-01 1.13049185e+00 3.37191880e-01 6.70051217e-01
    -2.02078655e-01 -1.36494651e-01 1.21710014e+00 -1.48505211e-01
    1.21946216e+00 -1.18355297e-01 1.07966733e+00 -7.80552402e-02
    9.98572469e-01 5.31830907e-01 7.43258119e-01 1.28578305e+00
    -1.09599762e-01 9.55735803e-01 6.84695959e-01 1.21696427e-01
    -1.73405200e-01 1.47610664e+00 1.11814551e-01 5.24566770e-01
    3.73628348e-01 2.76072592e-01 9.61458683e-01 3.47211175e-02
    1.43398136e-01 2.92915970e-01 -1.78662245e-03 8.33808482e-01
    6.07357025e-01 7.27372527e-01 1.01613474e+00 1.81941688e-01
    8.29162061e-01 1.04414523e+00 4.53300089e-01 -4.62890416e-02
    4.75749195e-01 -1.17368110e-01 -1.78603679e-01 8.26807737e-01
    1.05589397e-01 1.42156136e+00 -1.65438533e-01 6.32199228e-01
    2.08283067e-01 3.59896749e-01 8.08737427e-02 5.36934584e-02
    1.27208054e+00 7.65330374e-01 1.02519870e+00 9.43525553e-01
    6.23480082e-01 9.77164268e-01 1.75378948e-01 2.08582330e+00
    1.07074034e+00 1.08522105e+00 2.82604039e-01 1.17313755e+00
    6.53712809e-01 4.35769707e-01 4.30191725e-01 6.12215161e-01
    2.37814188e-01 -4.16573696e-02 4.70969290e-01 3.24229181e-01
    1.10866463e+00 1.11514175e+00 1.00950742e+00 2.48129353e-01
    9.46365476e-01 1.12685752e+00 -2.71547794e-01 1.14713216e+00
    1.98461145e-01 1.13842559e+00 4.32297140e-01 3.03565077e-02
    6.70316517e-01 8.67614448e-01 -9.05245468e-02 3.13062280e-01
    9.49823737e-01 4.12408620e-01 2.88626283e-01 1.29562426e+00
    7.24619702e-02 2.31492236e-01 1.28666723e+00 6.22421741e-01
    4.59056288e-01 -2.28217304e-01 2.50326216e-01 1.32380092e+00
    1.05453074e-01 1.34948909e-01 3.58871907e-01 1.67950206e-02
    5.38935184e-01 1.16775477e+00 5.39157391e-01 8.77005756e-01
    2.66595840e-01 1.03555655e+00 -1.29154623e-01 5.94379663e-01
    4.56955194e-01 -8.80996287e-02 1.23768008e+00 8.01747561e-01
    2.34309703e-01 8.93838584e-01 8.76018871e-03 9.63029683e-01
    7.81297684e-01 1.00290430e+00 6.05349481e-01 6.64683640e-01
    -2.00665131e-01 2.14347206e-02 2.94823140e-01 7.18051255e-01
    -1.80943497e-02 9.68423903e-01 1.28884768e+00 -8.29054788e-02
    -1.36026442e-01 8.43172491e-01 6.54450893e-01 2.15622768e-01
    -2.23893955e-01 1.15609765e+00 2.41638795e-01 1.22673206e-01
    7.71292299e-02 -2.81583220e-01 8.19388568e-01 1.15920115e+00
    2.12820768e-01 1.27017009e+00 6.06480122e-01 1.04368544e+00
    3.18123102e-01 9.63048577e-01 2.71544486e-01 6.08379364e-01
    2.33665332e-01 1.05908430e+00 5.48890173e-01 1.05996060e+00
    1.20956206e+00 1.30639815e+00 2.19476536e-01 5.67413390e-01
    8.96268964e-01 5.89249015e-01 8.33832264e-01 6.98559761e-01
    8.68584216e-02 1.01965711e-01 -1.91077501e-01 -6.45395219e-02
    8.37098241e-01 -2.50338584e-01 2.88296938e-01 -7.17721581e-02
    -5.74417971e-02 1.21917319e+00 1.29034066e+00 -2.82753706e-01
    1.53127640e-01 9.19967368e-02 8.73638332e-01 -2.62728393e-01
    7.09991753e-01 1.22341633e+00 9.45050061e-01 1.14492869e+00
    6.43199310e-02 2.78164335e-02 -1.95261806e-01 6.82426870e-01
    1.89925358e-01 6.94150105e-02 1.14784467e+00 3.67299646e-01
    6.06805384e-01 2.26496920e-01 4.77666795e-01 1.11160696e+00
    3.36952657e-01 8.97461176e-01 -1.76722765e-01 6.17318213e-01
    8.15588474e-01 -8.40098336e-02 6.83840692e-01 1.29586041e+00
    4.58807915e-01 1.30950117e+00 1.42870918e-01 1.36142981e+00
    -1.45909175e-01 5.41520774e-01 6.98112130e-01 4.14608479e-01
    7.38646626e-01 6.25328422e-01 5.24568200e-01 8.09302092e-01
    1.18972611e+00 9.16225374e-01 4.71741021e-01 2.98004091e-01
    7.27984965e-01 -1.08536161e-01 5.68356454e-01 -2.65390813e-01
    4.10702020e-01 3.15881878e-01 3.72579657e-02 7.25272536e-01
    7.22911283e-02 3.85053037e-03 9.46869671e-01 1.07633901e+00
    -7.57748485e-02 7.80834079e-01 1.23634040e+00 3.87627304e-01
    1.28353870e+00 1.61216438e-01 -1.34502441e-01 1.09982920e+00
    7.96843320e-02 -2.03472301e-01 6.62022471e-01 4.17414427e-01
    1.07134736e+00 -4.53884825e-02 -4.22701500e-02 -2.43271321e-01
    6.10596120e-01 1.23370481e+00 3.09634149e-01 -1.50380105e-01
    -1.20779589e-01 -1.49515480e-01 1.18760777e+00 5.30181408e-01
    1.07050562e+00 -4.59396504e-02 2.89790481e-01 1.71478122e-01
    1.18308580e+00 -1.99816242e-01 1.12406433e+00 6.55903891e-02
    7.39490271e-01 9.47452426e-01 -1.51401713e-01 1.39839506e+00
    -3.43993038e-01 -1.57658756e-02 5.07959366e-01 3.28237452e-02
    3.85348797e-01 8.77650976e-01 1.22631228e+00 7.74833560e-01
    7.90638268e-01 -1.93365350e-01 5.39347291e-01 1.14831662e+00
    1.31813034e-01 5.21962166e-01 -1.31090712e-02 7.70894140e-02
    4.83512342e-01 1.18486576e-01 4.65724379e-01 1.07617915e+00
    -1.55350506e-01 1.23673880e+00 -8.10442045e-02 3.18418592e-01
    3.64199542e-02 -8.38332996e-03 1.15409815e+00 3.42763036e-01
    5.74591160e-01 1.42168331e+00 -2.88949162e-01 4.21725333e-01
    4.68439281e-01 3.95160727e-03 2.16068953e-01 6.95527554e-01
    -1.69624701e-01 6.91578150e-01 4.04648632e-01 -8.98807645e-02
    1.07880628e+00 4.90781754e-01 3.37830305e-01 1.53080076e-01
    1.06222153e+00 1.25352681e-01 -2.48434693e-01 1.03597438e+00
    4.65016186e-01 -1.97166890e-01 9.58259642e-01 2.45113283e-01
    8.84368718e-01 1.89274147e-01 1.13585353e+00 9.29879367e-01
    5.63608594e-02 1.11740053e-01 -2.88309176e-02 5.06680429e-01
    -1.27057433e-01 -2.82122523e-01 -2.44456485e-01 6.95845068e-01
    1.21826279e+00 1.70455128e-01 -1.74582765e-01 6.58931732e-01
    1.64340585e-01 1.01434305e-01 2.96420187e-01 -1.87231004e-01
    1.26186705e+00 -9.41114947e-02 1.16867356e-01 4.95353937e-01
    -1.77332431e-01 7.99660802e-01 8.50248218e-01 -1.33508399e-01
    1.26578856e+00 9.98271525e-01 4.80905145e-01 7.79564157e-02
    1.11628914e+00 5.42440653e-01 3.17081094e-01 5.14441073e-01
    1.11110115e+00 -7.73796067e-02 7.77379930e-01 5.14881730e-01
    1.12330878e+00 -9.87013280e-02 4.49555039e-01 3.73311669e-01
    5.88594496e-01 1.09705679e-01 1.14314571e-01 -2.69229829e-01
    3.03273976e-01 3.63028020e-01 1.15049517e+00 3.49191912e-02
    5.79606891e-01 -2.81863749e-01 4.38745499e-01 -1.31632671e-01
    9.28522408e-01 6.14340246e-01 4.25295830e-01 3.63411337e-01
    6.82313144e-01 4.80527282e-01 1.08132815e+00 6.97332203e-01
    3.05114668e-02 6.07295573e-01 4.53200400e-01 1.22761750e+00
    -1.21329747e-01 -7.67349601e-02 8.60824943e-01 -2.57064492e-01
    6.32995188e-01 5.61178327e-01 -1.33667186e-01 1.12386143e+00
    5.91777086e-01 3.66303444e-01 1.06819022e+00 7.64181077e-01
    4.54857767e-01 4.35857952e-01 4.09700364e-01 9.74803269e-01
    -3.49427760e-02 7.79285848e-01 -1.21014163e-01 1.12919390e+00
    -1.62013814e-01 7.22645402e-01 8.83067310e-01 1.14913948e-01
    8.01818073e-01 -1.52690545e-01 9.74822640e-01 3.31278116e-01
    8.70171487e-01 1.10975772e-01 1.19600391e+00 -3.29658210e-01
    7.68959463e-01 1.27099544e-01 1.13439298e+00 -2.48964742e-01
    6.31292522e-01 1.00775945e+00 -1.47322953e-01 4.90398817e-02
    7.50071347e-01 7.80622721e-01 1.07125044e-01 4.82102901e-01
    7.51989663e-01 1.20777257e-01 4.21450287e-01 2.16265514e-01
    2.20277324e-01 -2.09713534e-01 1.12684488e+00 -4.04887944e-02
    7.74667799e-01 2.27845997e-01 -7.39067271e-02 2.88010061e-01
    1.13193989e+00 8.50804508e-01 -1.37192696e-01 9.62865353e-01
    5.76902449e-01 7.75846958e-01 8.44722450e-01 2.15253040e-01
    4.09090281e-01 1.19191360e+00 8.06604207e-01 2.72324234e-01
    2.42729321e-01 8.11216235e-02 1.38726488e-01 -9.88903120e-02
    6.36177778e-01 -1.17797434e-01 5.00553012e-01 1.02431583e+00
    9.77875888e-01 2.50406265e-01 4.20382708e-01 -1.00745551e-01
    6.47304475e-01 -1.94146782e-01 5.16844153e-01 1.17461050e+00
    1.01744008e+00 5.72673976e-01 1.24560595e+00 -4.12326097e-01
    8.99595082e-01 1.24517310e+00 3.78654540e-01 7.85516798e-01
    -3.06178927e-01 1.14797279e-01 8.68539810e-01 6.96048975e-01
    8.26001823e-01 2.79510766e-01 -1.32281780e-01 4.46938127e-01
    -2.60470718e-01 -2.59403050e-01 4.66870576e-01 -2.04882205e-01
    4.00375694e-01 2.44198784e-01 3.54848981e-01 6.26480758e-01
    5.90511143e-01 5.57423294e-01 3.61615568e-01 6.87398314e-02
    4.86325026e-02 7.86327779e-01 8.80584955e-01 7.48322427e-01
    6.54118001e-01 9.30398047e-01 7.87985384e-01 4.27443236e-01
    7.32902706e-01 1.06176901e+00 1.30858108e-01 1.24500990e+00
    -1.92552999e-01 2.47973025e-01 3.88077587e-01 1.02593988e-01
    5.03803194e-01 1.04990029e+00 9.72077250e-01 5.66831708e-01
    4.35931355e-01 8.36080074e-01 -2.02261224e-01 6.04603648e-01
    8.49009871e-01 7.78097689e-01 3.68708134e-01 -2.35764310e-02
    3.94420058e-01 7.82378435e-01 -3.28882486e-01 1.19040740e+00
    2.86008745e-01 4.82794613e-01 1.73817858e-01 9.80146348e-01
    -3.82357300e-03 1.11533189e+00 1.63701966e-01 7.60181487e-01
    1.30234921e+00 1.01077318e+00 1.04818511e+00 -1.95682406e-01
    7.74017215e-01 9.87398148e-01 1.21301150e+00 7.23367810e-01
    -2.88288575e-02 2.32117862e-01 -1.85816422e-01 1.81260794e-01
    9.68813360e-01 -2.80654244e-02 9.88826811e-01 -1.51735798e-01
    1.09083898e-01 1.99320391e-02 8.06616724e-01 1.27135932e+00
    -3.14980417e-01 8.30166042e-01 -3.31326246e-01 6.91966891e-01
    8.60994756e-01 5.05483091e-01 4.59576964e-01 1.91275597e-01
    6.94844246e-01 -1.34983584e-01 9.38482881e-01 2.48004246e+00
    1.40904319e+00 -1.70285359e-01 1.03058088e+00 5.46147048e-01
    1.23336327e+00 2.87702352e-01 8.13549459e-01 1.13487720e+00
    1.03380311e+00 7.27458537e-01 1.11959599e-01 1.29419994e+00
    1.13779056e+00 1.12599766e+00 4.27321762e-01 8.04244459e-01
    -3.76264453e-01 1.34826410e+00 3.45141649e-01 4.31708485e-01
    3.95560950e-01 6.89720213e-01 1.24397564e+00 5.57073891e-01
    -1.35394409e-01 9.82293129e-01 6.96435034e-01 3.12137723e-01
    -1.59975663e-01 -3.12175363e-01 1.20229161e+00 -6.35774732e-02
    1.07926869e+00 7.65663981e-01 1.25425506e+00 -3.13419759e-01
    -1.84994146e-01 8.39679614e-02 1.90701056e-02 1.16238844e+00
    -1.52758583e-01 6.18577063e-01 1.26414835e+00 7.45105207e-01
    6.06534898e-01 1.41966844e+00 -2.90239304e-01 -1.10564344e-01
    1.28262699e+00 1.23627651e+00 -3.40782851e-01 1.24938715e+00
    6.58807218e-01 1.00481141e+00 4.55162078e-01 2.25130841e-01
    -2.18182042e-01 1.00785625e+00 6.86827719e-01 8.84912729e-01
    2.07708180e-01 5.21316051e-01 9.85863447e-01 4.30275381e-01
    2.64064431e-01 6.47149324e-01 3.34398329e-01 4.03539389e-01
    7.27859676e-01 1.12706840e+00 -3.16469610e-01 7.71524668e-01
    6.69636071e-01 1.23611784e+00 9.50896382e-01 1.31666589e+00
    1.24896669e+00 5.18626094e-01 5.97331226e-01 6.92395270e-02
    2.96279788e-01 7.04850316e-01 1.79651603e-01 1.25862491e+00
    9.13101554e-01 7.10206985e-01 -3.25970411e-01 1.26894426e+00
    2.50536323e-01 -3.36363822e-01 8.83563280e-01 -1.43494487e-01
    -2.75298864e-01 1.22483349e+00 1.23954535e+00 -1.81797415e-01
    -7.54228905e-02 1.09421074e+00 1.27837121e-01 1.10423958e+00
    9.54905331e-01 4.58863676e-01 4.87443179e-01 1.05341804e+00
    9.97264326e-01 -1.68900117e-01 6.77608371e-01 1.34551561e+00
    7.06723094e-01 -2.70358682e-01 1.04353058e+00 1.04141808e+00
    6.73275232e-01 8.48891020e-01 1.12528551e+00 5.95384061e-01
    4.67175812e-01 -6.96181972e-03 3.07332501e-02 -1.39129102e-01
    9.63051200e-01 1.16363382e+00 5.07291198e-01 7.71760195e-02
    3.34284544e-01 -2.05253363e-01 6.58363581e-01 7.81772062e-02
    -4.57907319e-02 1.17329681e+00 1.22005057e+00 -3.06850940e-01
    3.02265495e-01 -2.77233720e-01 8.76017451e-01 -3.99908900e-01
    6.27711833e-01 8.01020384e-01 8.67135704e-01 3.17626089e-01
    2.66379833e-01 -1.29499927e-01 1.15297639e+00 8.12198222e-01
    4.31632727e-01 9.44597244e-01 -1.50727600e-01 7.46685147e-01
    -2.79349625e-01 -1.63792342e-01 4.00153160e-01 6.77090287e-01
    8.95653129e-01 -2.13815689e-01 9.78880048e-01 -3.61297578e-02
    3.51890236e-01 8.58576298e-01 6.37719512e-01 5.18718719e-01
    6.00533128e-01 -2.33700439e-01 7.60170221e-01 7.88319632e-02
    1.30402458e+00 1.15865135e+00 1.00142384e+00 5.87207258e-01
    9.37161818e-02 -1.03609711e-01 -1.99165910e-01 9.96602416e-01
    1.30411291e+00 1.07388532e+00 5.34711301e-01 1.15730834e+00
    4.33504015e-01 6.12816811e-01 1.46935170e-03 1.27132940e+00
    3.04649323e-01 1.32583308e+00 -4.06025708e-01 1.19871461e+00
    5.81385493e-01 7.81254947e-01 7.19042897e-01 2.04724535e-01
    1.28112948e+00 -6.02784604e-02 5.35837770e-01 9.41604555e-01
    1.00218296e+00 4.52809542e-01 1.23009372e+00 6.75253332e-01
    -4.87615205e-02 5.45646735e-02 9.69922125e-01 -2.81459600e-01
    1.33203542e+00 9.88535166e-01 1.02846146e+00 7.03301072e-01
    1.02200735e+00 6.12513423e-01 9.83786702e-01 -1.22066580e-01
    5.19074678e-01 -3.16858679e-01 1.20221996e+00 6.45710170e-01
    7.13131309e-01 4.33289915e-01 8.28441501e-01 1.17888963e+00
    2.30110094e-01 5.83359301e-01 1.72452077e-01 8.58423039e-02
    1.08734414e-01 6.19014621e-01 2.53109545e-01 9.81298506e-01
    -2.25177512e-01 8.53571057e-01 7.02492595e-01 2.01955542e-01
    8.50964263e-02 -1.21064432e-01 6.02677651e-02 1.13583302e+00
    -1.57001793e-01 -1.17230475e-01 1.36916339e+00 -8.57480466e-02
    2.02121869e-01 8.29892457e-01 -3.83802444e-01 1.49900460e+00
    -1.29048988e-01 1.69509619e-01 4.97976035e-01 2.14431554e-01
    9.79886711e-01 -2.86998212e-01 1.15706432e+00 2.02635869e-01
    1.00020206e+00 -2.12420486e-02 1.09904878e-01 2.94466764e-01
    2.50426400e-03 4.96099770e-01 1.56165482e-02 1.41320610e+00
    -5.95760299e-03 1.32207477e+00 7.21488297e-01 -3.41391355e-01
    5.13907313e-01 7.25690782e-01 8.76852199e-02 1.47753075e-01
    -6.04150109e-02 4.63913649e-01 1.14542508e+00 -1.05610520e-01
    1.48742259e-01 -2.57998146e-02 1.91327468e-01 6.47769690e-01
    8.14006805e-01 6.35175824e-01 1.85926735e-01 -2.01984674e-01
    1.45559967e+00 -2.81835824e-01 8.41691017e-01 -2.41565883e-01
    1.13821161e+00 -3.40951495e-02 1.33236241e+00 7.64136434e-01
    1.17801774e+00 8.92037213e-01 -3.44502389e-01 1.38747597e+00
    -6.27355725e-02 -2.82427907e-01 9.47152734e-01 5.98506331e-01
    1.24273622e+00 -2.65559286e-01 -2.23984644e-01 1.06888688e+00
    4.29380178e-01 1.06392765e+00 1.10149115e-01 4.13578689e-01
    3.54792148e-01 2.36890733e-01 1.36036062e+00 -1.97652891e-01
    -1.19211435e-01 -2.05788210e-01 7.09461570e-01 1.12683845e+00
    -1.10192504e-02 -3.11615348e-01 -1.73441693e-01 5.63389182e-01
    5.14863431e-01 -9.77839902e-03 7.00866699e-01 7.43966758e-01
    1.25196552e+00 5.35451412e-01 9.25556898e-01 7.36856699e-01
    -7.14146644e-02 5.53558707e-01 6.38928771e-01 1.12978446e+00
    4.83752906e-01 1.19560301e+00 7.31659591e-01 1.01439512e+00
    -5.38214184e-02 6.21021807e-01 -2.08106071e-01 -2.25699425e-01
    9.03582498e-02 -1.48537591e-01 1.08276582e+00 1.10676944e+00
    2.50782698e-01 1.11971116e+00 5.63049912e-01 1.04479216e-01
    -1.39575273e-01 -1.74214795e-01 6.68072701e-01 -3.90893996e-01
    1.35515153e+00 4.56824243e-01 1.22913373e+00 2.09007487e-01
    9.06640410e-01 1.36885196e-01 7.49638319e-01 -2.88088202e-01
    1.52673197e+00 1.14678659e-01 1.01953423e+00 -2.24028111e-01
    1.24934502e-01 1.01807904e+00 4.70386818e-02 4.22198206e-01
    5.25747299e-01 2.92875171e-02 -1.41981885e-01 4.84717824e-03
    8.96757066e-01 1.25116396e+00 1.39187828e-01 3.31476122e-01
    8.91549110e-01 7.70526469e-01 4.47638839e-01 1.00379750e-01
    8.12885523e-01 5.01873732e-01 9.92211640e-01 -2.59604067e-01
    9.91648436e-01 7.49348700e-01 1.83020622e-01 1.22658670e+00
    4.86405015e-01 3.50316435e-01 -2.27825016e-01 1.62782490e-01
    3.73809665e-01 -4.91698757e-02 8.06198478e-01 -1.70523062e-01
    2.67566025e-01 9.87215102e-01 -1.40702516e-01 1.38067603e+00
    1.11830902e+00 5.77696383e-01 -1.33083150e-01 1.29345310e+00
    2.20505029e-01 2.24467918e-01 6.24585271e-01 9.04312849e-01
    5.35977125e-01 1.12392426e+00 -7.87140504e-02 7.55850077e-01
    1.28153431e+00 9.55051333e-02 1.16651736e-01 6.01007283e-01
    1.02979153e-01 1.11524355e+00 -3.57414871e-01 6.84858441e-01
    1.00392914e+00 2.64858872e-01 1.18018734e+00 6.56722546e-01
    1.23899147e-01 8.49036217e-01 1.25245738e+00 5.60089946e-01
    1.05741513e+00 -3.12113076e-01 3.80808592e-01 8.71921599e-01
    -1.15688920e-01 8.94035757e-01 8.71617138e-01 7.17937291e-01
    -1.71244830e-01 3.19384605e-01 1.09025896e+00 2.19391152e-01
    1.39584512e-01 1.43831503e+00 -2.65266657e-01 4.62148190e-01
    7.98070014e-01 3.13094378e-01 8.31180513e-01 -3.09393317e-01
    1.08284080e+00 2.92408794e-01 1.35540277e-01 2.84871191e-01
    1.19321394e+00 3.03088218e-01 1.06387258e+00 1.59364671e-01
    -2.74717093e-01 1.03397298e+00 5.05988061e-01 -3.95560384e-01
    1.01388276e+00 4.44012359e-02 1.20826793e+00 -1.74245499e-02
    3.35730821e-01 1.08565785e-01 -7.23057464e-02 1.50106117e-01
    1.14562094e+00 1.76816121e-01 9.29617047e-01 -4.64537181e-02
    1.14642203e+00 1.28376675e+00 1.18070805e+00 6.69882298e-01
    1.03263986e+00 1.28965712e+00 6.99733868e-02 1.34605661e-01
    9.23553824e-01 3.76545161e-01 1.67973280e-01 7.40505278e-01
    1.02376950e+00 2.91812450e-01 1.37487662e+00 1.34651750e-01
    4.97914970e-01 2.24962965e-01 -1.54058322e-01 6.73242867e-01
    2.87217736e-01 8.81921291e-01 1.10954678e+00 5.16440809e-01
    8.79475534e-01 2.14760870e-01 1.01304972e+00 6.86550796e-01
    1.24059737e+00 1.05375636e+00 8.90799940e-01 3.39107096e-01
    9.11628366e-01 1.27038503e+00 -1.92307308e-01 -7.88847506e-02
    -1.50914909e-02 7.81506002e-01 5.76577187e-01 1.01403944e-01
    1.00327745e-01 6.16290331e-01 1.25654757e+00 2.92147458e-01
    4.26603913e-01 9.83159006e-01 -2.32148975e-01 1.82417083e+00
    1.81609586e-01 8.96310925e-01 7.61521235e-02 3.66265863e-01
    1.03568959e+00 -4.32027638e-01 8.25949907e-01 6.27450168e-01
    8.26976955e-01 2.67588139e-01 2.29725078e-01 6.05083764e-01
    1.27004415e-01 -1.89501885e-02 3.67090292e-02 8.98748457e-01
    2.79860616e-01 5.25497973e-01 2.50945300e-01 1.11162066e+00
    2.09618524e-01 5.82688212e-01 6.92808390e-01 -2.30527204e-02
    8.02641630e-01 1.22347224e+00 3.47019080e-03 3.48711729e-01
    -3.81919257e-02 6.51943535e-02 4.86226290e-01 9.42794204e-01
    -2.02212930e-01 2.51801819e-01 9.94955242e-01 7.78636038e-01
    -5.89523949e-02 7.46176839e-01 6.29349887e-01 6.99708283e-01
    3.27742159e-01 -4.24539089e-01 1.42786765e+00 -8.22792724e-02
    9.73035574e-01 8.34177211e-02 -8.56328979e-02 1.26487339e+00
    9.74060655e-01 1.81207687e-01 1.05727637e+00 -2.03753293e-01
    6.80322051e-01 1.41898429e+00 2.87357062e-01 3.04636061e-01
    1.05963182e+00 5.68262935e-01 1.10186827e+00 1.17408907e+00
    -3.23516786e-01 1.07292652e+00 1.04473794e+00 4.62188423e-01
    1.22008622e+00 3.40862781e-01 3.10533166e-01 6.03941262e-01
    -8.02057984e-05 2.71070123e-01 3.30824219e-02 8.66482675e-01
    4.81987238e-01 4.53742623e-01 -1.25243962e-01 1.13180137e+00
    2.75912821e-01 4.13612306e-01 -1.99710950e-02 9.93008375e-01
    7.78366148e-01 5.28205752e-01 5.00173151e-01 -3.75497639e-01
    1.29713809e+00 1.12954009e+00 7.24518955e-01 -1.64556921e-01
    1.24102521e+00 3.44382934e-02 1.22923398e+00 1.70745105e-01
    9.06142652e-01 4.31194782e-01 1.11698270e+00 5.40377080e-01
    1.07494883e-01 -2.71069437e-01 2.04301476e-01 1.36413622e+00
    7.74703145e-01 9.24253523e-01 3.87038112e-01 9.53066051e-01
    1.12905679e-03 8.58512878e-01 1.35703206e+00 1.83317468e-01
    1.02088928e+00 1.38034925e-01 1.82133079e-01 1.44357741e-01
    4.32846732e-02 -4.02984954e-02 3.72433633e-01 -2.23835796e-01
    8.48577023e-01 1.31087172e+00 1.83402363e-03 5.84102094e-01
    -2.83392102e-01 6.74008012e-01 8.58392000e-01 3.62510890e-01
    1.45764491e-02 3.03569794e-01 6.99221551e-01 1.23333490e+00
    6.32538021e-01 2.78438032e-01 8.54085803e-01 1.11025846e+00
    1.21820462e+00 2.10403390e-02 5.96210122e-01 5.36718965e-01
    2.07342073e-01 4.92817350e-02 1.38172722e+00 -1.11904807e-01
    4.09884483e-01 1.31522048e+00 -4.27464962e-01 1.11970758e+00
    7.46257663e-01 1.12263381e+00 3.78879458e-01 1.79129183e-01
    -1.35741383e-01 8.30804333e-02 1.08765531e+00 4.57606792e-01
    5.85267842e-01 3.88664752e-01 1.60565242e-01 4.19711620e-01
    4.90013510e-02 9.24612105e-01 -2.34870821e-01 1.20483136e+00
    1.73671111e-01 1.14531195e+00 -3.42684612e-02 4.00914364e-02
    -2.82555223e-01 7.89278984e-01 1.14000428e+00 5.64157367e-01
    1.21371925e+00 -3.57584953e-01 1.19050741e+00 5.12122631e-01
    5.33204615e-01 8.91859472e-01 -1.24521181e-02 4.92220931e-02
    1.81704581e-01 4.92670238e-01 2.78567374e-01 1.34083116e+00
    4.43660021e-01 9.76406693e-01 4.90978360e-01 -2.62874484e-01
    1.06660736e+00 5.11879861e-01 7.73972690e-01 -1.74217984e-01
    3.86428684e-01 6.97702244e-02 4.08584893e-01 4.30044979e-01
    1.09523535e+00 -3.24165523e-01 1.05498910e+00 1.22925305e+00
    7.60841846e-01 8.62469554e-01 -2.35974565e-01 4.97861922e-01
    8.68038356e-01 7.40550637e-01 2.35978793e-02 -1.10587418e-01
    9.94724274e-01 -5.77036813e-02 7.12593377e-01 7.63591349e-01
    1.08864427e+00 -3.60997617e-01 4.28954989e-01 1.85648620e-01
    2.77527750e-01 5.50319329e-02 6.12699211e-01 1.83829293e-01
    6.16407335e-01 1.87883736e-03 -2.86122374e-02 8.84913802e-01
    9.47341025e-01 4.71660227e-01 -5.05824625e-01 1.02537096e+00
    6.93638742e-01 3.43445279e-02 1.33605254e+00 2.64749080e-01
    4.52992141e-01 6.20291114e-01 4.91119130e-03 1.32688475e+00
    -3.60623181e-01 -1.04857542e-01 1.20018411e+00 8.15707922e-01
    5.53844213e-01 5.79534292e-01 -3.11845690e-02 9.05739665e-02
    1.37629196e-01 -1.95085585e-01 5.85061163e-02 1.08277881e+00
    -9.95854735e-02 -1.77464828e-01 9.86399055e-01 2.54510969e-01
    3.61414015e-01 -2.01173440e-01 1.22291073e-01 -2.27033794e-01
    7.64291644e-01 4.46385950e-01 -1.27624841e-02 2.06175923e+00
    2.24646702e-01 8.95766556e-01 3.76215369e-01 -1.05439834e-01
    1.23263085e+00 1.16439819e+00 2.45709911e-01 4.88170534e-01
    8.45898509e-01 1.61968216e-01 3.65196377e-01 8.35324228e-01
    1.03916430e+00 2.60329843e-01 -1.32005602e-01 9.52982977e-02
    1.05845742e-01 -2.43288860e-01 1.01842475e+00 -2.49912933e-01
    1.70306750e-02 8.61771882e-01 8.13355207e-01 5.97290576e-01
    5.64803720e-01 4.94097918e-02 1.11284721e+00 9.72580969e-01
    -2.54074126e-01 9.13788080e-01 2.37085491e-01 8.41993332e-01
    3.29572767e-01 1.10994384e-01 3.02875787e-01 -8.41675326e-02
    1.07003915e+00 1.23696160e+00 1.05974329e+00 4.61150885e-01
    1.13216376e+00 9.04026449e-01 2.20377117e-01 1.99250638e-01
    9.33635890e-01 6.96801305e-01 7.18906999e-01 1.81185097e-01
    -1.39769524e-01 1.20472670e+00 4.33093488e-01 2.90537089e-01
    2.70074338e-01 3.56342971e-01 2.08599642e-01 -2.90908009e-01
    1.35592139e+00 1.48988262e-01 1.19094396e+00 4.25786495e-01
    1.07928312e+00 6.12180173e-01 3.19453180e-01 3.76046263e-02
    9.53989208e-01 6.46536767e-01 7.59209916e-02 -1.77176878e-01
    6.33617699e-01 -4.19098325e-02 4.52750325e-01 5.80483258e-01
    -3.04471433e-01 -3.72644067e-02 2.92384505e-01 3.75293046e-01
    9.43160772e-01 4.09937575e-02 1.27700746e+00 9.89065766e-01
    1.93365127e-01 1.31853402e+00 -1.49909481e-01 7.69739985e-01
    1.21027982e+00 -1.10114500e-01 -2.16373280e-01 3.66536558e-01
    8.10740888e-01 7.89990962e-01 7.88972199e-01 8.38502765e-01
    6.43949628e-01 -3.39322835e-01 7.02963114e-01 1.27137542e+00
    1.37191966e-01 1.18001294e+00 7.81396210e-01 -1.07636042e-01
    -7.78869539e-02 -1.36505753e-01 7.31448531e-01 8.58965337e-01
    8.08598757e-01 6.52483881e-01 -4.88215312e-02 1.12386227e+00
    5.96819460e-01 7.61926770e-01 4.80167866e-01 4.93054897e-01
    1.26810825e+00 5.41491628e-01 6.97546363e-01 2.47387379e-01
    -2.03120425e-01 1.73673093e-01 3.14758457e-02 8.80189121e-01
    6.74065575e-02 1.14662659e+00 7.69619465e-01 8.45147967e-01
    1.16544259e+00 1.00228322e+00 9.34649885e-01 8.59637380e-01
    2.66219348e-01 -1.91816315e-01 1.97662368e-01 -3.30271393e-01
    1.20208704e+00 2.18985200e-01 6.63833916e-01 -2.61167139e-01
    1.35143232e+00 1.17433369e-01 8.35459232e-01 -3.15542519e-01
    1.34007716e+00 3.91383588e-01 8.09548259e-01 -7.94978887e-02
    9.40090537e-01 2.41783306e-01 1.03009433e-01 3.94366324e-01
    2.31715903e-01 8.85843635e-01 1.64257884e-01 1.00772834e+00
    1.36375344e+00 -1.04724772e-01 1.32452226e+00 1.34305418e-01
    6.26897991e-01 8.99681211e-01 2.28178859e-01 1.80244714e-01
    9.37725782e-01 1.18665278e+00 -6.55161291e-02 -1.88304886e-01
    9.77719486e-01 4.10733730e-01 7.74464190e-01 5.03794491e-01
    8.66934717e-01 2.72581547e-01 6.48501039e-01 2.28046700e-01
    4.93272871e-01 6.86470687e-01 1.28763056e+00 -7.27930665e-02
    6.47695214e-02 5.26160777e-01 2.85778761e-01 -7.69131780e-02
    1.35448289e+00 -3.89039606e-01 7.59767771e-01 1.27118778e+00
    1.05866337e+00 5.66418350e-01 9.28301990e-01 8.78241956e-02
    5.61233312e-02 1.32181478e+00 1.02134669e+00 -2.51209527e-01
    -2.63683535e-02 1.07361495e+00 2.64812917e-01 -2.24823222e-01
    8.48356247e-01 -7.34897256e-02 1.23174347e-01 5.78701615e-01
    7.77488053e-01 2.94120848e-01 1.28400874e+00 1.12756237e-01
    5.95779657e-01 -1.93259679e-02 -1.64766625e-01 6.70678437e-01
    5.47434032e-01 7.41917551e-01 1.35509908e+00 9.32452977e-01
    4.26873237e-01 8.37665260e-01 8.34339380e-01 9.56163526e-01
    3.38851959e-01 1.34655368e+00 -3.55163664e-01 7.39430785e-01
    3.00293982e-01 6.28342271e-01 1.05986047e+00 1.27539551e+00
    -1.47386640e-01 1.21702754e+00 -1.83086559e-01 1.71799332e-01
    1.31762493e+00 -2.07755238e-01 5.65363824e-01 -2.67217636e-01
    1.33330441e+00 -9.03281868e-02 4.69694823e-01 1.09935701e+00
    -2.83546984e-01 9.03909743e-01 1.20507348e+00 1.07585180e+00
    2.62583017e-01 9.22350824e-01 1.43373564e-01 4.79315698e-01
    3.14748026e-02 4.33871835e-01 2.40058318e-01 2.92781480e-02
    -5.54500148e-02 2.59068131e-01 9.22965467e-01 -1.03826128e-01
    8.32187772e-01 9.22796547e-01 1.06960881e+00 1.75741557e-02
    1.28982469e-01 1.36096895e+00 -1.78422973e-01 5.53000152e-01
    -3.05053025e-01 1.08538330e+00 7.56931663e-01 -1.19686842e-01
    3.41925830e-01 9.82756674e-01 7.38749504e-01 -1.89810708e-01
    -8.00691452e-03 5.81947446e-01 8.24858963e-01 5.06232142e-01
    -2.78483450e-01 1.37867475e+00 6.73923135e-01 5.42897522e-01
    9.33712244e-01 -9.65660205e-04 4.52519447e-01 9.67435718e-01
    9.90786850e-01 7.00497150e-01 -2.06343941e-02 2.33894214e-01
    8.11152697e-01 6.28719747e-01 3.11189592e-01 -9.50472653e-02
    2.32019778e-02 2.72679061e-01 1.04937339e+00 8.20983112e-01
    -1.89746469e-02 1.71097398e-01 7.11638480e-02 4.44192708e-01
    5.91238260e-01 1.08181417e+00 -1.18327580e-01 4.71897840e-01
    1.09970260e+00 5.13082504e-01 1.09758472e+00 8.55296791e-01
    8.99894416e-01 4.89230037e-01 -2.82436758e-01 1.09481299e+00
    5.92841685e-01 7.65948832e-01 -2.59344969e-02 4.96179789e-01
    3.29502411e-02 1.15919197e+00 -2.02749625e-01 2.62366474e-01
    6.96373284e-01 5.92897892e-01 5.25435746e-01 7.45587289e-01
    2.83007950e-01 -2.47784108e-01 9.75606322e-01 -1.67955056e-01
    7.78081894e-01 1.02352560e+00 1.21411395e+00 -9.29277837e-02
    1.15762401e+00 7.10997164e-01 1.76852107e-01 7.37812757e-01
    1.02150992e-01 1.26447034e+00 6.04066789e-01 8.56018737e-02
    -2.58280426e-01 3.32016736e-01 7.86382437e-01 8.07315290e-01
    6.68016076e-01 -1.21275991e-01 1.85268283e-01 9.40838635e-01
    2.24191815e-01 9.13743258e-01 5.01446247e-01 3.28061908e-01
    1.50099583e-02 1.29650831e+00 8.19369435e-01 2.59757429e-01
    3.22400294e-02 3.68713230e-01 3.69310290e-01 3.89468789e-01
    5.70585251e-01 8.49036157e-01 1.32142128e-02 -2.48702243e-01
    1.23195148e+00 1.62557900e-01 -4.56754416e-02 -1.75718516e-02
    2.01116025e-01 8.96166325e-01 7.92111814e-01 3.73300076e-01
    -6.14062436e-02 1.36571717e+00 4.65642303e-01 -2.87202060e-01
    1.24497759e+00 5.31696737e-01 7.71871567e-01 9.32419002e-01
    9.34074938e-01 -5.19404076e-02 4.98430073e-01 1.02927387e+00
    -8.14971626e-02 5.52097797e-01 -3.82081456e-02 1.05611479e+00
    3.19965475e-04 1.36172843e+00 -3.54630738e-01 8.23195338e-01
    3.41984630e-01 3.64004016e-01 8.66329670e-02 6.86047375e-01
    3.37441653e-01 7.01388597e-01 6.18915498e-01 1.09399915e+00
    7.64270127e-01 2.47395635e-01 7.57582247e-01 8.24425399e-01
    1.09472537e+00 6.88782036e-01 1.42655063e+00 3.38241160e-01
    -2.06257135e-01 5.08021951e-01 2.44155928e-01 1.11213781e-01
    9.61254835e-02 2.71961421e-01 1.05692029e+00 1.57912046e-01
    7.35187605e-02 1.08177647e-01 1.24441946e+00 9.38343048e-01
    4.76436555e-01 9.70107257e-01 -1.73017442e-01 4.15226549e-01
    1.11300194e+00 9.45187271e-01 1.96598366e-01 2.05746755e-01
    1.01783264e+00 -4.41251665e-01 1.32570565e+00 1.00725615e+00
    9.67116058e-01 -1.89805374e-01 8.93354714e-01 8.11946809e-01
    1.98589742e-01 1.12092912e+00 2.42558002e-01 1.22172010e+00
    2.16032431e-01 3.78833741e-01 5.95366001e-01 -3.46306473e-01
    7.73045480e-01 2.34263867e-01 6.36689544e-01 4.13397372e-01
    2.22675860e-01 1.91413179e-01 7.31924057e-01 8.04915905e-01
    8.87632906e-01 1.16211200e+00 5.50751507e-01 1.13171124e+00
    3.18397343e-01 1.18285608e+00 1.11132157e+00 1.33068487e-01
    6.44997358e-01 1.02383268e+00 4.18231264e-02 1.29818285e+00
    -2.65318871e-01 4.25743401e-01 7.48329461e-02 7.28459239e-01
    3.76656026e-01 -1.51974201e-01 -5.27381152e-02 -2.64367759e-01
    1.15146947e+00 6.90521181e-01 2.66997963e-01 -1.94950998e-01
    3.99468303e-01 8.07946742e-01 4.29581106e-01 6.72466755e-01
    1.13796473e+00 6.29040301e-01 1.14563835e+00 1.02089062e-01
    1.44861892e-01 9.12599266e-01 6.67237565e-02 7.22945333e-01
    4.01190460e-01 2.44083881e-01 1.20084119e+00 7.39136219e-01
    7.29552925e-01 8.13753426e-01 5.41715384e-01 7.85698235e-01
    1.41260186e-02 2.56776124e-01 9.88397181e-01 1.04256833e+00
    1.06781626e+00 7.41669536e-01 2.68049270e-01 1.06077492e+00
    5.28548777e-01 -2.66659498e-01 9.38798904e-01 9.20765162e-01
    8.86235893e-01 9.77915108e-01 -2.12619707e-01 1.13086581e+00
    -1.11107737e-01 1.15273619e+00 9.71141100e-01 1.36025059e+00
    1.32400142e-02 -1.76098078e-01 5.93448937e-01 6.68776691e-01
    1.11448193e+00 7.35305130e-01 -1.19173326e-01 1.10610092e+00
    -6.39586374e-02 2.91516423e-01 9.53736901e-01 1.10357022e+00
    8.34990144e-01 1.01149464e+00 1.31418779e-01 1.01150393e+00
    9.21166688e-02 6.26627564e-01 -5.16057871e-02 9.29515183e-01
    1.26349103e+00 3.21355611e-01 5.87844372e-01 1.46391898e-01
    6.61611497e-01 1.16140223e+00 6.06205910e-02 9.86373246e-01
    -1.34676043e-02 1.01439798e+00 7.51319230e-01 7.23973095e-01
    1.54850021e-01 -8.15568939e-02 9.04137909e-01 1.45005167e-01
    4.33431268e-01 1.02125025e+00 -1.13158539e-01 5.97803950e-01
    1.11423326e+00 5.38766086e-01 6.36272609e-01 9.50482190e-01
    7.58358657e-01 4.21187311e-01 1.53473213e-01 5.11288941e-01
    8.38159025e-01 -1.19881064e-01 6.12657368e-01 1.12549675e+00
    -9.38614085e-02 2.03306168e-01 7.86275268e-01 9.83532310e-01
    8.13621283e-01 -3.01477313e-01 1.49636376e+00 -2.73860395e-01
    -2.10411757e-01 8.90446544e-01 -4.21689242e-01 1.09868336e+00
    9.98554051e-01 7.77929842e-01 1.26452184e+00 1.20927274e+00
    -2.46930763e-01 1.46969333e-01 3.89046580e-01 1.17722869e+00
    7.18027830e-01 9.59889829e-01 1.09545612e+00 -1.26785085e-01
    1.02460945e+00 4.19612080e-01 -1.40433639e-01 6.51898026e-01
    1.18725336e+00 6.12410545e-01 -2.13672206e-01 -1.55286759e-01
    6.97504103e-01 1.22283161e+00 6.71148241e-01 1.00073981e+00
    1.87642321e-01 8.84498954e-01 3.84545803e-01 4.82375771e-02
    9.64923620e-01 -1.19430549e-01 8.79608035e-01 9.55869794e-01
    2.30301991e-01 8.50341618e-01 3.06269467e-01 1.21155322e+00
    -3.79277289e-01 1.23907697e+00 -1.78997070e-01 1.45439923e+00
    -1.92311659e-01 7.47742057e-02 1.28338325e+00 3.52002144e-01
    7.27682590e-01 2.18165234e-01 8.98275793e-01 6.19143605e-01
    6.95001125e-01 8.52211490e-02 7.20141292e-01 6.80090189e-02
    6.98637664e-01 9.22885835e-01 3.30675244e-01 4.64492828e-01
    1.10066058e-02 9.30852056e-01 5.43305337e-01 -3.20025712e-01
    1.11939907e+00 5.05323946e-01 1.02275121e+00 7.96549499e-01
    9.53365743e-01 5.83194792e-01 8.70664239e-01 -2.35027030e-01
    -2.46905424e-02 1.12083948e+00 4.11350846e-01 9.88824487e-01
    1.97728470e-01 8.92284393e-01 -2.79938906e-01 5.27263165e-01
    -3.73268664e-01 1.39396703e+00 1.30765393e-01 4.79927808e-01
    4.13265020e-01 7.41643071e-01 -2.70593643e-01 2.76422590e-01
    8.29874158e-01 2.31662497e-01 2.97732085e-01 4.01715636e-02
    6.82107806e-01 1.30230260e+00 6.20829403e-01 -3.28713539e-03
    1.37467897e+00 9.17436898e-01 1.92320824e-01 -9.23949927e-02
    1.27675021e+00 4.57165658e-01 1.61285922e-01 8.76837671e-01
    5.80054998e-01 1.19250309e+00 -1.85479239e-01 2.09446281e-01
    1.26312482e+00 4.13978040e-01 1.92901790e-01 1.15150797e+00
    1.16505206e+00 -1.64889127e-01 7.29958117e-01 9.04657483e-01
    1.18034136e+00 1.16120145e-01 4.72460121e-01 1.02241838e+00
    -4.10407513e-01 1.35698307e+00 3.13856125e-01 1.12603927e+00
    -1.83695614e-01 1.34139633e+00 9.68662679e-01 6.47736371e-01
    2.57521093e-01 1.08429790e-01 5.92121542e-01 1.16227221e+00
    7.22440720e-01 5.78176975e-01 5.72074115e-01 1.25400305e+00
    1.98078096e-01 -1.25470698e-01 -2.37914160e-01 9.01671112e-01
    7.21160889e-01 9.98819411e-01 6.36277676e-01 2.85815537e-01
    5.16537905e-01 1.10016406e+00 4.48068678e-01 -1.79765180e-01
    -6.52896985e-02 9.25459325e-01 2.55430311e-01 2.51671910e-01
    -2.93097913e-01 -1.19757608e-01 1.85608611e-01 -8.33732784e-02
    -2.48007298e-01 5.56344867e-01 7.25714803e-01 1.18571401e+00
    8.29918861e-01 1.04750648e-01 2.03956943e-02 1.05915427e+00
    -1.70964211e-01 9.11321342e-01 2.51323044e-01 1.20923817e+00
    8.49741340e-01 3.93955529e-01 9.81146455e-01 6.89170480e-01
    -2.22462893e-01 5.47661424e-01 6.79167151e-01 2.23242447e-01
    4.35670137e-01 1.02855718e+00 9.78166401e-01 7.62123704e-01
    -1.61759704e-01 1.02679062e+00 9.76758480e-01 9.30860043e-01
    2.66490817e-01 1.26559532e+00 1.14937139e+00 -1.98418707e-01
    7.38347471e-01 8.20965290e-01 -1.01214416e-01 6.00413918e-01
    4.97847170e-01 -6.02947585e-02 8.20917130e-01 2.68676901e+00
    9.63140786e-01 9.08254683e-01 6.95624053e-01 -2.47193594e-02
    5.95965028e-01 1.16133702e+00 3.99172753e-01 -2.28140771e-01
    1.28264856e+00 5.63449264e-01 4.19191658e-01 1.00570571e+00
    1.17087817e+00 4.65614766e-01 5.06186247e-01 3.18793207e-01
    1.29293084e+00 2.74311721e-01 8.15821290e-01 2.81981137e-02
    4.21832055e-01 -5.77850938e-02 4.41194683e-01 1.07350087e+00
    6.53524399e-01 5.92029154e-01 8.55899513e-01 1.08097024e-01
    -1.71351627e-01 3.48878294e-01 9.25892055e-01 3.35256532e-02
    8.12852442e-01 5.92260540e-01 5.25506772e-02 3.49073499e-01
    6.93646848e-01 5.21879911e-01 6.89785838e-01 2.35344946e-01
    4.24514562e-01 1.24927485e+00 3.25750768e-01 6.96865678e-01
    -1.25890806e-01 4.17147845e-01 4.48308945e-01 1.11441582e-01
    -2.13759601e-01 1.14058125e+00 3.70009273e-01 1.41310215e-01
    3.77843797e-01 1.19285309e+00 4.42972451e-01 2.36912310e-01
    5.67999423e-01 -3.93164456e-02 1.19905643e-01 8.26251805e-01
    1.10604000e+00 8.77331495e-01 6.03832066e-01 4.37385142e-01
    -2.38693029e-01 5.79986215e-01 -4.45052922e-01 8.36598933e-01
    2.16688201e-01 7.82295346e-01 3.84462863e-01 -7.93934688e-02
    1.39795288e-01 2.88032800e-01 2.36435071e-01 4.03890193e-01
    1.11104274e+00 5.34813225e-01 7.27735221e-01 4.43000793e-01
    9.27173197e-01 8.74947011e-01 4.13896501e-01 2.16411706e-02
    -3.13116848e-01 1.31105065e+00 -1.68482848e-02 1.02701461e+00
    8.60292673e-01 8.31503332e-01 1.27255395e-01 7.16672957e-01
    1.33161604e-01 1.66221485e-01 1.07713841e-01 4.77813572e-01
    7.93526769e-01 -2.02197194e-01 5.41639924e-01 -1.52324378e-01
    -1.85382441e-01 1.27849102e+00 -2.32061788e-01 -1.77503482e-01
    1.17903602e+00 9.25947726e-01 9.12744522e-01 6.41446471e-01
    2.15123549e-01 8.00636709e-01 1.09516954e+00 -3.38041425e-01
    9.37142849e-01 4.88077343e-01 -3.70523483e-02 -1.53856322e-01
    -1.85154080e-01 1.17689347e+00 8.05664957e-01 8.60077024e-01
    6.86672986e-01 6.25446796e-01 3.57807457e-01 8.98134053e-01
    -1.69388086e-01 1.68555751e-01 1.66950807e-01 -2.24541649e-02
    -3.98087710e-01 9.19457614e-01 7.80957758e-01 1.10323298e+00
    -1.71185151e-01 1.19230616e+00 -2.80989945e-01 1.19012213e+00
    1.94548056e-01 -9.89891738e-02 1.30137229e+00 -8.45411867e-02
    1.25846326e+00 9.98350158e-02 2.62916207e-01 -1.40173182e-01
    1.07344818e+00 -1.17443033e-01 5.14489353e-01 7.73152649e-01
    1.14177656e+00 1.19811120e-02 1.08967888e+00 -1.25638425e-01
    2.63012618e-01 4.25904095e-01 9.08351392e-02 1.24725521e+00
    2.93089390e-01 2.01242685e-01 1.61149040e-01 1.60391450e-01
    1.00763452e+00 1.22926176e+00 -7.41049051e-02 7.47252047e-01
    2.51175433e-01 5.50309539e-01 1.16274166e+00 1.33184373e+00
    5.24962664e-01 1.23581076e+00 3.05816859e-01 1.95862547e-01
    -6.45999089e-02 -2.95745552e-01 1.31142986e+00 2.91056693e-01
    6.60064995e-01 1.22244012e+00 -3.67277920e-01 7.52389431e-01
    1.14026499e+00 2.09658042e-01 -3.75150256e-02 1.18070209e+00
    8.19809854e-01 -4.61121172e-01 6.58565760e-01 -2.37226225e-02
    3.73662561e-02 6.06744230e-01 1.17307998e-01 1.53192043e-01
    -3.54337275e-01 1.21258867e+00 -3.63183469e-01 -3.42314839e-02
    4.06354457e-01 6.56575084e-01 1.14819562e+00 5.70539057e-01
    8.72696161e-01 -3.32783133e-01 2.81966239e-01 8.70171428e-01
    1.07306373e+00 -8.55548903e-02 9.90563929e-01 1.12135839e+00
    -8.21201429e-02 9.84105587e-01 1.12525201e+00 5.29415250e-01
    1.02116787e+00 -2.68044740e-01 1.22484815e+00 7.81578064e-01
    4.28625494e-01 1.12420785e+00 -1.72833771e-01 6.84993505e-01
    3.15158695e-01 -2.28190929e-01 8.31558168e-01 2.99438000e-01
    1.39734578e+00 2.95538455e-01 -2.14055672e-01 -3.90159935e-01
    1.42275560e+00 2.48047814e-01 6.83546305e-01 1.15566361e+00
    4.98450190e-01 1.02579057e+00 -4.25286181e-02 6.70070946e-01
    9.21212614e-01 -7.60177001e-02 1.20880258e+00 -2.20040053e-01
    1.11321555e-02 -2.35446125e-01 -1.02535449e-01 1.09531176e+00
    1.07104056e-01 4.27500397e-01 9.22069848e-01 6.44657537e-02
    1.40091240e-01 1.34137139e-01 2.91922480e-01 4.81392890e-01
    8.27568829e-01 1.17848687e-01 1.86619774e-01 2.50673890e+00
    1.28287160e+00 -2.82282650e-01 4.81948555e-01 7.54292905e-02
    -4.57656458e-02 -6.93109930e-02 5.93535006e-01 1.24560809e+00
    1.03234327e+00 1.17712331e+00 3.74696136e-01 -3.22135419e-01
    -1.08506583e-01 8.26687336e-01 1.08467865e+00 -3.06260705e-01
    1.16676092e+00 -2.45754093e-01 4.67132717e-01 1.18634868e+00
    -2.84015685e-01 9.02968407e-01 7.54268169e-01 3.98067445e-01
    1.30133128e+00 -9.53576490e-02 2.35946566e-01 -3.20772052e-01
    1.28995597e+00 6.88401699e-01 5.54861724e-01 -2.29076758e-01
    1.23109555e+00 1.14665031e+00 5.12767434e-01 4.19456929e-01
    1.50604686e-02 1.04588544e+00 5.29519022e-01 1.77115068e-01
    2.17025042e-01 -9.46781933e-02 1.26105094e+00 9.56458211e-01
    9.31505084e-01 1.31558561e+00 1.96121544e-01 8.79787207e-01
    6.74413443e-01 1.15723157e+00 3.71365488e-01 1.19600964e+00
    8.69114250e-02 1.30817398e-01 5.76806068e-01 5.19339383e-01
    1.10960829e+00 1.00978494e-01 2.19405368e-01 1.18765199e+00
    1.04567432e+00 1.24490909e-01 4.28854138e-01 -7.67036388e-03
    -1.12928040e-01 6.26101792e-01 7.39706635e-01 6.83607817e-01
    1.05226779e+00 -3.09996963e-01 -1.13035269e-01 2.53157407e-01
    1.25843322e+00 2.72627860e-01 7.13059545e-01 6.02164328e-01
    1.03216374e+00 7.54027665e-01 6.88988090e-01 5.14797866e-01
    7.57820189e-01 1.47788927e-01 1.10276759e+00 9.14006054e-01
    1.21230412e+00 1.74668163e-01 -3.63441231e-03 9.06666338e-01
    1.24146581e-01 9.88875031e-01 1.08872488e-01 -2.58155406e-01
    1.04207683e+00 1.29178596e+00 3.42149317e-01 7.05735087e-01
    2.51070738e-01 1.26014090e+00 7.02223599e-01 1.07060289e+00
    3.55666667e-01 1.26821375e+00 3.64652455e-01 1.22041500e+00
    1.03502944e-01 2.54500508e-01 6.18704259e-02 1.23993504e+00
    1.17604864e+00 -4.19142060e-02 8.43907356e-01 5.28622344e-02
    1.03341842e+00 6.23888493e-01 9.26236033e-01 4.11978543e-01
    8.50601315e-01 -4.22077142e-02 8.43462408e-01 5.08249044e-01
    7.65372515e-01 -2.12753162e-01 8.56179774e-01 7.42016673e-01
    1.10591078e+00 8.32919717e-01 1.08162940e+00 8.24329853e-01
    1.13658035e+00 9.73378003e-01 9.13364828e-01 4.13804114e-01
    9.61041927e-01 3.67545664e-01 -3.57361645e-01 7.79475272e-01
    -2.57228494e-01 5.26457667e-01 1.11818862e+00 7.81603694e-01
    1.11699307e+00 -5.49533516e-02 5.94266579e-02 1.06174886e+00
    6.55683815e-01 1.25679302e+00 3.59713674e-01 1.12700093e+00
    4.94862974e-01 1.10927320e+00 2.37845913e-01 1.03941154e+00
    -3.34332287e-01 1.29830444e+00 9.97792304e-01 7.06921667e-02
    1.12057507e+00 -1.92683097e-02 1.68000981e-01 1.42933294e-01
    -3.16185236e-01 1.10179758e+00 -1.27376437e-01 9.11375582e-01
    6.91793144e-01 -8.23361650e-02 4.55275565e-01 -1.49255559e-01
    2.61073202e-01 -2.45220557e-01 -1.62510499e-01 -1.48920417e-01
    8.55247438e-01 1.09094560e+00 -2.62809694e-01 4.05422568e-01
    1.43275809e+00 -1.81300014e-01 7.53170550e-01 1.01910308e-01
    3.90087098e-01 3.97396505e-01 -8.87379944e-02 1.26939261e+00
    2.38644391e-01 7.60755956e-01 9.03412998e-01 1.01899242e+00
    -1.17017150e-01 5.86027086e-01 1.78364828e-01 -2.72918880e-01
    1.30396700e+00 4.07730192e-01 7.56644130e-01 1.20195961e+00
    2.57263005e-01 1.63150370e-01 -1.99023485e-01 3.00965786e-01
    1.05104530e+00 6.70291543e-01 1.00747621e+00 4.52764869e-01
    -2.97313929e-01 1.26579916e+00 1.26380414e-01 1.23132801e+00
    1.37381709e+00 -2.83006467e-02 1.04368888e-01 2.23006636e-01
    1.03417325e+00 2.04315856e-01 -1.75770208e-01 1.16596735e+00
    -1.60462856e-01 2.25155979e-01 5.19985318e-01 -2.03383878e-01
    1.06463373e+00 -1.45622656e-01 7.84470916e-01 -5.77037446e-02
    -2.52597272e-01 5.83878160e-01 8.31777036e-01 6.65957391e-01
    -1.99544832e-01 7.21531570e-01 7.63148606e-01 8.01246703e-01
    -1.88844264e-01 9.76708770e-01 2.52250254e-01 1.00941110e+00
    6.61195993e-01 6.01651013e-01 1.07744968e+00 -3.45922440e-01
    6.99566543e-01 -3.53200883e-02 1.29904437e+00 1.09737158e+00
    1.62998557e-01 4.72378045e-01 7.63522029e-01 2.53190696e-01
    1.06712520e+00 4.27541643e-01 1.25023258e+00 3.74924481e-01
    2.49169782e-01 1.21349931e+00 5.90223849e-01 1.31416488e+00
    -2.40776852e-01 5.91731071e-01 -1.10622011e-02 1.75417393e-01
    5.40742874e-01 -2.31257156e-01 9.74785388e-01 1.21619202e-01
    9.00868535e-01 5.34308076e-01 9.76954818e-01 1.09903312e+00
    6.18228853e-01 -2.13709891e-01 4.98721182e-01 8.24123383e-01
    4.38544512e-01 -6.57766461e-02 1.29236937e+00 -1.89377055e-01
    2.41829440e-01 -2.64881700e-01 1.24696024e-01 8.94398272e-01
    -3.19648892e-01 -1.21509284e-01 -1.51583105e-01 1.40453434e+00
    8.69385302e-01 9.57339048e-01 -1.93306193e-01 8.07576895e-01
    1.35044545e-01 -3.81431609e-01 7.59213686e-01 9.60017025e-01
    9.56894010e-02 3.98453027e-01 2.50136703e-01 7.62960196e-01
    5.07754982e-02 5.50347090e-01 8.59680831e-01 4.83587347e-02
    -1.52638450e-01 -2.14285776e-01 1.61442325e-01 -2.07091849e-02
    3.80491495e-01 5.58533490e-01 2.52131462e-01 -1.07622065e-01
    -1.90442443e-01 5.20561814e-01 -6.03721570e-03 3.24522033e-02
    1.05008471e+00 1.02147472e+00 1.87117949e-01 8.96283329e-01
    5.52744985e-01 1.13299942e+00 1.03787017e+00 3.22913498e-01
    8.74768198e-01 8.97352397e-01 1.23096383e+00 -5.69875836e-02
    -3.77084553e-01 1.27228594e+00 1.36489832e+00 2.15647239e-02
    2.94501185e-01 2.19399676e-01 7.72105932e-01 8.13317060e-01
    -1.15704022e-01 9.97355282e-01 -2.29531422e-01 4.03986335e-01
    3.57834436e-02 1.25222778e+00 -5.10233283e-01 1.12071848e+00
    -1.41385794e-01 1.16134477e+00 -3.48739445e-01 6.78957641e-01
    5.94801188e-01 -1.04708783e-01 4.80241954e-01 -2.83953696e-02
    3.84370089e-01 3.83198172e-01 -2.40493581e-01 3.51126827e-02
    4.48202640e-01 5.42719290e-02 6.74494147e-01 -2.38589972e-01
    5.20536005e-01 7.70878866e-02 -2.29640573e-01 -3.16397548e-01
    1.15598226e+00 4.57038283e-01 4.72175658e-01 4.55840558e-01
    8.39561164e-01 6.72073781e-01 2.95089811e-01 3.70091617e-01
    1.04484653e+00 9.54165995e-01 -7.40978308e-03 -2.58582741e-01
    1.30097783e+00 6.64055467e-01 9.08617616e-01 1.26307344e+00
    2.77264237e-01 1.25298528e-02 1.18793547e+00 -1.53708190e-01
    1.23779368e+00 1.31075874e-01 1.15072882e+00 -1.91489711e-01
    3.54775310e-01 -2.56894410e-01 1.00967479e+00 8.18117082e-01
    1.18324494e+00 2.93370187e-01 1.27683771e+00 8.71570587e-01
    -3.02993894e-01 6.24214351e-01 1.82658404e-01 6.92663014e-01
    -3.60303223e-02 -5.93678690e-02 1.30756140e+00 4.14166480e-01
    6.59788489e-01 7.57993162e-01 7.50390649e-01 -1.25393689e-01
    3.64828736e-01 7.88899884e-02 -1.03462853e-01 7.61201441e-01
    8.65801156e-01 9.58056033e-01 2.47013539e-01 5.98870516e-02
    1.32290256e+00 6.54202044e-01 6.74177945e-01 1.14107049e+00
    5.13852775e-01 1.02180493e+00 -1.16280224e-02 4.92085725e-01
    2.73098737e-01 -3.48925143e-02 3.52188736e-01 5.26990294e-02
    1.15996763e-01 6.04255080e-01 9.53531742e-01 2.86526591e-01
    1.03842616e+00 5.07227838e-01 1.17952073e+00 6.21208660e-02
    -3.44521195e-01 -1.25064282e-02 1.21042585e+00 1.20418394e+00
    1.46430284e-01 -2.54210860e-01 1.21699862e-01 9.02944580e-02
    9.45928037e-01 7.77415752e-01 1.03535450e+00 9.34770823e-01
    7.18027115e-01 9.27485049e-01 3.30139905e-01 4.91018236e-01
    3.49751920e-01 5.81867993e-01 8.57819438e-01 8.67924750e-01
    8.37447405e-01 2.53753304e-01 1.24588907e+00 1.01878881e+00
    -1.53896973e-01 2.23763570e-01 8.26344371e-01 -3.14033553e-02
    6.74881339e-01 -1.15383212e-02 1.65525332e-01 -8.93602744e-02
    -2.91262537e-01 3.89553040e-01 1.03988063e+00 1.02710223e+00
    1.17671454e+00 3.53045583e-01 2.07626507e-01 8.96324039e-01
    8.76101255e-01 7.74195611e-01 8.42195094e-01 -3.14221606e-02
    4.23441708e-01 6.36745751e-01 9.17145193e-01 1.29137564e+00
    -2.14019716e-01 -1.83414191e-01 4.56574410e-01 1.06697595e+00
    1.58063963e-01 3.21425766e-01 4.78896528e-01 7.13556349e-01
    -2.18726888e-01 2.65945286e-01 2.18270823e-01 -4.08121571e-02
    6.54807270e-01 3.92736048e-01 5.55456221e-01 1.19105589e+00
    8.78706694e-01 1.11252618e+00 1.38168901e-01 2.97831684e-01
    1.06591916e+00 -6.17741309e-02 -1.63547575e-01 1.05587447e+00
    8.39930058e-01 5.29097855e-01 7.05633759e-01 7.30175897e-02
    1.28917849e+00 9.18564022e-01 5.02952933e-01 1.71962190e+00
    7.42710650e-01 -1.08001649e-01 -1.41649976e-01 8.50250721e-01
    1.02799022e+00 1.19835651e+00 6.42687082e-01 9.10638273e-01
    -3.21518451e-01 9.88155663e-01 8.39375138e-01 -1.61867335e-01
    3.27209681e-01 1.31672412e-01 -2.07018405e-01 4.28067833e-01
    -1.73166662e-01 7.04540849e-01 8.55660975e-01 1.20746326e+00
    6.05844736e-01 4.97035503e-01 7.28442252e-01 3.42373222e-01
    9.60771501e-01 1.03239179e+00 5.33940971e-01 -5.44163845e-02
    1.29899216e+00 -4.43286479e-01 1.40151346e+00 6.92130625e-01
    -1.15725085e-01 1.06020188e+00 8.61357510e-01 -1.62090167e-01
    1.10169113e+00 7.73828566e-01 1.01513076e+00 2.67113815e-03
    7.70070612e-01 4.48776573e-01 6.88282311e-01 1.16044007e-01
    1.31095159e+00 1.15177894e+00 6.09920979e-01 7.24963903e-01
    4.16613102e-01 1.80624966e-02 -1.03786930e-01 9.98889267e-01
    9.18811113e-02 1.40149868e+00 9.64202061e-02 -3.53987478e-02
    -1.26289442e-01 4.81154948e-01 1.02007580e+00 5.60044646e-02
    6.45095289e-01 1.22746027e+00 -1.42325386e-01 8.36730838e-01
    -4.17451233e-01 1.11212015e+00 8.93064678e-01 6.18829012e-01
    7.82679558e-01 -3.32053721e-01 1.68588459e-01 4.00890946e-01
    1.02359259e+00 1.27624646e-01 1.23163199e+00 3.99818957e-01
    1.09107542e+00 9.93508399e-01 6.95402563e-01 5.32636762e-01
    2.39610404e-01 -1.14404820e-01 1.49521947e+00 -2.65940875e-01
    1.62759811e-01 5.53122699e-01 1.12096608e+00 -2.63390452e-01
    1.18297255e+00 8.98294449e-01 2.38032788e-01 1.12989330e+00
    1.14340675e+00 8.50792170e-01 1.89533532e-01 6.60501957e-01
    7.09196448e-01 1.27602756e+00 4.95782554e-01 9.05791402e-01
    2.55174756e-01 8.63278747e-01 8.74263525e-01 6.83903933e-01
    9.17578220e-01 1.00180495e+00 6.88726529e-02 1.15852833e+00
    3.63886565e-01 5.54838963e-03 3.81431580e-01 1.30540884e+00
    4.42700803e-01 9.85313535e-01 1.69856280e-01 7.85812616e-01
    1.01959312e+00 6.34641424e-02 5.30394614e-01 -3.04212660e-01
    6.86535180e-01 -1.41926855e-01 1.05700791e+00 1.34043622e+00
    -2.03827277e-01 1.28685069e+00 2.07475260e-01 4.96965766e-01
    5.72292030e-01 6.51282489e-01 -2.62147516e-01 3.99540484e-01
    1.16693115e+00 7.78895974e-01 6.69480503e-01 6.78201735e-01
    1.18184447e+00 6.76507473e-01 9.75372851e-01 6.84549093e-01
    2.12344043e-02 -1.17241396e-02 4.41427350e-01 4.29693073e-01
    5.36072433e-01 6.07278287e-01 6.12563372e-01 2.32205272e-01
    1.32576418e+00 7.43948162e-01 9.36590314e-01 -1.66970547e-02
    4.95132208e-02 1.21493566e+00 3.45327377e-01 1.03161907e+00
    -1.75037175e-01 8.92012537e-01 1.06329274e+00 7.46896327e-01
    2.88712054e-01 3.42658699e-01 -4.99729207e-03 1.16215265e+00
    1.07648838e+00 6.00803196e-02 1.45121408e+00 6.85124025e-02
    9.18355808e-02 2.06389472e-01 5.20130396e-01 9.21408355e-01
    -9.34895948e-02 8.44851673e-01 8.70531201e-01 8.22912902e-03
    1.32948518e+00 1.20203602e+00 -1.93633735e-01 3.47745657e-01
    6.19769752e-01 1.19501090e+00 8.81069899e-01 -1.11811079e-01
    6.59250021e-01 3.66142660e-01 5.90747416e-01 2.97043771e-01
    1.20717812e+00 -4.09772664e-01 1.16457975e+00 -1.97002932e-01
    9.18225169e-01 5.51125765e-01 -8.15550610e-03 5.35866082e-01
    7.35030353e-01 9.91558135e-01 4.62518275e-01 -3.29606473e-01
    2.05602273e-01 -1.29819676e-01 3.32934171e-01 8.16840604e-02
    3.79761010e-01 7.84246147e-01 1.47502199e-01 4.61672992e-01
    3.68503004e-01 1.11240876e+00 -1.94487758e-02 1.16292906e+00
    5.72257876e-01 7.50344336e-01 -2.48388767e-01 1.06647208e-01
    8.63677740e-01 8.30051541e-01 5.80492079e-01 -1.48650706e-01
    9.58195686e-01 1.15004969e+00 -1.59506574e-01 8.88285756e-01
    1.16360104e+00 5.82827806e-01 -1.37598202e-01 3.81423950e-01
    -1.68497935e-01 -7.93090388e-02 -1.31338924e-01 8.65367889e-01
    2.72933960e-01 9.77768600e-01 -3.82035643e-01 1.27549160e+00
    1.67527571e-01 7.77433872e-01 9.90656018e-01 1.06302273e+00
    5.96526027e-01 -3.31890702e-01 9.83477414e-01 1.10413897e+00
    1.02954376e+00 6.37724221e-01 -2.33024716e-01 4.89634871e-01
    8.94198954e-01 1.14520228e+00 -1.78469583e-01 1.23257899e+00
    5.41641772e-01 3.06711257e-01 -3.23848337e-01 2.06541586e+00
    3.45505029e-01 5.09174407e-01 1.05978119e+00 -9.09902342e-03
    6.95330441e-01 -4.41401958e-01 1.19466650e+00 -2.79926449e-01
    1.44984686e+00 -2.05237210e-01 2.06104100e-01 1.02649140e+00
    8.49690437e-02 7.87252009e-01 1.30201280e+00 -2.68680155e-01
    3.79633158e-01 1.62167504e-01 -1.09220304e-01 1.05737638e+00
    5.53989410e-01 -3.98103774e-01 1.22155905e+00 -3.73655021e-01
    7.97193468e-01 3.11856985e-01 -1.18841156e-02 3.82092953e-01
    5.41864097e-01 -6.08225912e-02 5.48647702e-01 2.74739027e-01
    9.75513518e-01 8.42602611e-01 6.19041443e-01 5.97467124e-01
    9.28395391e-01 -2.99366802e-01 3.66222173e-01 1.17692411e+00
    4.43294108e-01 1.04023373e+00 3.90812188e-01 6.62144363e-01
    5.53326726e-01 4.08683598e-01 1.15179479e+00 1.61902159e-02
    -2.34980918e-02 7.23009109e-01 1.77934423e-01 5.56574643e-01
    1.31344974e+00 -2.27005482e-01 1.19231057e+00 9.95821893e-01
    -2.84390688e-01 1.91453636e-01 1.86993852e-01 5.87446272e-01
    7.99730718e-01 6.02379024e-01 1.22126722e+00 5.38429856e-01
    1.12299395e+00 4.02268976e-01 3.49472612e-01 5.50566673e-01
    8.82013142e-01 6.21231377e-01 1.02229536e+00 1.00221336e+00
    9.18616891e-01 8.28854442e-01 8.93374741e-01 -3.05599123e-01
    8.97997916e-01 1.12802494e+00 3.68663281e-01 6.35400653e-01
    6.15565896e-01 1.60704628e-01 1.35746866e-01 1.60583034e-01
    -2.40030110e-01 1.09122908e+00 1.06476378e+00 -3.15053225e-01
    9.13862824e-01 8.26319277e-01 1.03723478e+00 9.35494959e-01
    8.85989964e-01 1.38135344e-01 1.31048515e-01 3.31273645e-01
    7.61690795e-01 -3.03245246e-01 1.30799294e+00 7.25470245e-01
    7.62583315e-01 2.82094628e-01 8.33496526e-02 -8.27577934e-02
    1.17208493e+00 1.43722907e-01 2.67174065e-01 1.13144290e+00
    -1.47513345e-01 3.58567446e-01 -1.65807411e-01 1.34301841e-01
    -3.14921051e-01 9.24492657e-01 9.58604455e-01 -1.66581109e-01
    6.80561602e-01 -5.81252016e-02 1.13600028e+00 4.01447356e-01
    7.06526101e-01 -1.06998287e-01 1.12221718e+00 2.69315988e-01
    2.51013607e-01 -1.54418051e-01 3.60484987e-01 1.37163842e+00
    3.66912454e-01 -1.81770757e-01 7.48397648e-01 -8.32563341e-02
    -3.03318381e-01 -1.09215051e-01 1.11924434e+00 6.66533172e-01
    6.97322795e-03 1.29639876e+00 -3.62281203e-02 1.11807048e+00
    3.17871213e-01 1.05338013e+00 -1.32285818e-01 9.43096757e-01
    4.97536749e-01 7.89124846e-01 1.09440349e-01 1.27413690e+00
    -7.86218494e-02 3.09872031e-01 1.10532284e+00 1.19463336e+00
    1.33369851e+00 2.06659973e-01 1.17008913e+00 1.08165121e+00
    -9.74496678e-02 -3.59578401e-01 8.54878366e-01 1.11861277e+00
    -8.96628127e-02 1.18541747e-01 6.56861663e-01 4.56236273e-01
    1.20161086e-01 4.32203919e-01 6.85132295e-02 6.59825325e-01
    2.14253470e-01 7.76864111e-01 2.81896800e-01 5.06050527e-01
    6.13161683e-01 4.25306112e-01 5.30666351e-01 1.04550743e+00
    -2.43544593e-01 9.76429880e-01 2.94177145e-01 1.37567496e+00
    -2.05694884e-01 1.31657648e+00 5.97451851e-02 3.61596584e-01
    -3.38327885e-02 -2.11620316e-01 1.26702368e+00 -9.77818482e-03
    1.20660341e+00 -1.34298563e-01 4.98570114e-01 7.10404098e-01
    -1.15208656e-01 1.33252716e+00 -2.98124462e-01 6.19487941e-01
    8.84869635e-01 7.69743860e-01 8.77505004e-01 1.17940915e+00
    -1.62730590e-01 7.54409015e-01 1.90051571e-01 8.18370104e-01
    8.28691781e-01 4.30224806e-01 -1.22843383e-04 1.38965869e+00
    -1.41660914e-01 9.19484437e-01 4.52580988e-01 -2.76424736e-01
    9.68834102e-01 1.95720062e-01 9.49935138e-01 -3.23510408e-01
    8.64481926e-01 -1.43913552e-01 1.62440494e-01 -4.35409741e-03
    -1.25733137e-01 -3.37470919e-02 7.86286354e-01 4.69723254e-01
    -1.45940140e-01 -1.78958818e-01 4.94326174e-01 6.67800367e-01
    9.57506478e-01 2.80931354e-01 8.06041583e-02 4.69017714e-01
    2.98413932e-01 1.12260365e+00 6.35277331e-01 4.23112690e-01
    -2.04553634e-01 7.26497650e-01 9.25902963e-01 1.17825699e+00
    2.50986964e-01 1.34269631e+00 -2.98134953e-01 2.13973269e-01
    8.65410626e-01 3.43059361e-01 1.13837695e+00 9.69443142e-01
    -8.49755406e-02 -2.79023975e-01 -5.19134104e-02 1.32779762e-01
    1.28085244e+00 6.02671325e-01 5.11531651e-01 1.67064130e+00
    8.22768867e-01 1.10563004e+00 2.20970318e-01 8.99336398e-01
    -3.02733898e-01 1.26668274e+00 -4.21885341e-01 1.51505232e+00
    2.89788902e-01 -1.00189470e-01 7.44019300e-02 1.07493091e+00
    5.84112108e-01 9.70100880e-01 2.42687196e-01 6.80819750e-01
    -2.02792436e-01 1.13110638e+00 -2.25838259e-01 7.13430524e-01
    2.50358194e-01 7.45822966e-01 1.14186370e+00 8.91448140e-01
    1.11694729e+00 1.07261026e+00 -1.72881827e-01 7.23136425e-01
    1.36898160e+00 -2.85937697e-01 4.05884445e-01 9.50328112e-02
    -2.94004798e-01 8.47058952e-01 9.62509513e-01 5.23445427e-01
    2.10552827e-01 8.28507662e-01 -8.62789229e-02 1.23732603e+00
    -5.01101434e-01 1.14476740e+00 1.22678566e+00 -1.08826458e-02
    2.47711509e-01 1.17951632e+00 8.47245336e-01 1.37924409e+00
    4.56415832e-01 9.02399272e-02 1.29519618e+00 -2.44707495e-01
    -6.56346604e-02 1.48680782e+00 -1.28365636e-01 1.28465903e+00
    3.15858096e-01 1.36246502e+00 1.23144758e+00 -3.97324413e-01
    1.08051884e+00 1.22811747e+00 -2.86852211e-01 1.19968808e+00
    -3.51993382e-01 2.27538735e-01 1.09537983e+00 1.82140544e-01
    8.30374897e-01 -2.11832136e-01 7.62137294e-01 9.74885523e-01
    4.46813077e-01 -3.26208413e-01 1.24213196e-01 1.55515373e-01
    4.79950607e-01 1.10477018e+00 -4.40607041e-01 1.00694966e+00
    5.65352321e-01 -1.39880791e-01 1.25961155e-01 1.30248642e+00
    1.06040192e+00 7.46175706e-01 6.74946308e-01 7.41926014e-01
    4.76864725e-01 2.28166908e-01 5.00502288e-01 1.45328715e-01
    1.10568166e+00 1.16060126e+00 9.16940331e-01 1.30761719e+00
    4.31464493e-01 4.00851011e-01 -2.55511045e-01 8.83402228e-01
    8.79847169e-01 1.17786002e+00 -1.00294992e-01 7.98892751e-02
    7.09023774e-01 2.40514800e-01 9.64293838e-01 5.51955640e-01
    1.08289349e+00 1.08008420e+00 6.23926878e-01 8.38132322e-01
    5.90143166e-02 4.53692138e-01 5.57598233e-01 -1.07197694e-01
    6.63745880e-01 5.24286985e-01 1.06280744e+00 -2.48264089e-01
    -1.54286712e-01 3.19815129e-01 1.26044476e+00 7.51093179e-02
    6.69162154e-01 9.44117963e-01 9.44860637e-01 -1.29567534e-01
    9.94456649e-01 3.01759869e-01 1.10603623e-01 9.78856444e-01
    1.01564300e+00 1.30050731e+00 7.19157219e-01 6.55705512e-01
    -2.64521651e-02 1.09370172e+00 -1.69259220e-01 -2.89198998e-02
    6.75991893e-01 -1.50361136e-01 -9.57139656e-02 5.99681556e-01
    -2.18784586e-01 1.25762117e+00 -3.62231433e-02 -1.74054265e-01
    -2.00168446e-01 9.90836501e-01 -3.23042154e-01 3.80625039e-01
    -2.63962954e-01 2.46426895e-01 -2.71787848e-02 -3.71971399e-01
    1.21976793e+00 5.78480065e-01 1.15180647e+00 5.27300775e-01
    3.13421071e-01 2.07686931e-01 1.26454699e+00 5.70953965e-01
    -3.30412358e-01 5.97894013e-01 9.18262959e-01 5.70833027e-01
    6.54475510e-01 1.07098055e+00 -1.17915273e-01 8.01702678e-01
    1.10377061e+00 1.82473749e-01 8.69819343e-01 -9.09674466e-02
    1.05181313e+00 4.21935059e-02 1.10509372e+00 -3.27997655e-02
    -2.20504463e-01 -1.41989857e-01 4.51477855e-01 3.98616672e-01
    6.49500549e-01 1.30008483e+00 3.60539049e-01 1.64219320e-01
    1.08393729e+00 -3.08515549e-01 1.23133266e+00 3.18281561e-01
    -1.74093902e-01 1.33455908e+00 -3.01442653e-01 1.40642738e+00
    6.28708256e-03 2.92439815e-02 1.07177234e+00 3.40886593e-01
    9.93111730e-01 8.49303663e-01 2.22953483e-01 1.89543545e-01
    1.58464238e-01 1.33783758e+00 -3.75033587e-01 9.27613974e-01
    3.18426564e-02 1.00194728e+00 1.25825405e+00 1.03974843e+00
    -2.53049582e-01 -3.94929759e-02 -5.10385670e-02 7.75181174e-01
    9.33557332e-01 -2.98713714e-01 7.30938494e-01 -2.99547892e-02
    -1.32042304e-01 6.74316406e-01 1.01393139e+00 -2.37307288e-02
    1.20010006e+00 1.21678078e+00 6.34414405e-02 1.08442008e+00
    7.46588051e-01 3.67709279e-01 2.72325516e-01 -2.08602369e-01
    7.04713285e-01 3.80091846e-01 6.22588038e-01 6.38210416e-01
    3.99889588e-01 7.79869497e-01 -1.31375864e-01 -2.28076369e-01
    1.29499221e+00 3.52884501e-01 6.25033975e-02 1.40198398e+00
    -2.03141849e-02 1.58593923e-01 1.29233074e+00 8.73764157e-02
    1.13753414e+00 7.52827704e-01 7.26975024e-01 7.83753216e-01
    -1.03764765e-01 2.78172553e-01 9.61578488e-01 2.62902647e-01
    -7.25801960e-02 1.56173214e-01 1.16320431e+00 -2.45196238e-01
    3.61925252e-02 1.08323836e+00 5.70452571e-01 -2.12264940e-01
    2.05139443e-02 -8.43253881e-02 1.38717103e+00 1.55885215e-03
    3.50082606e-01 -2.41849691e-01 1.04308225e-01 -2.15651140e-01
    1.13503766e+00 4.53045040e-01 -5.76526150e-02 5.02450109e-01
    1.14134312e+00 -7.36728609e-02 3.18379521e-01 2.20770553e-01
    1.59726784e-01 -1.91035564e-03 -3.23610716e-02 1.05486488e+00
    6.75771460e-02 9.20767784e-01 1.22925544e+00 9.64512825e-01
    2.73236096e-01 1.09213543e+00 8.63939583e-01 4.03070807e-01
    -3.57782505e-02 3.14623564e-01 4.72933203e-01 1.18028685e-01
    1.33541679e+00 5.63584007e-02 9.02978778e-01 8.44310701e-01
    8.19390237e-01 6.90314472e-01 5.06952524e-01 -1.44557461e-01
    4.40555438e-03 1.08429921e+00 -5.49365692e-02 -4.29831780e-02
    -5.95634989e-02 -3.38857710e-01 1.28049994e+00 3.43416661e-01
    1.86404750e-01 -1.54007703e-01 1.05890083e+00 5.02366722e-01
    2.30476066e-01 3.09083909e-01 3.32712770e-01 -1.09407559e-01
    6.50366127e-01 8.40369105e-01 8.87423754e-01 -5.55010475e-02
    1.14042234e+00 6.92862332e-01 5.83057106e-01 -1.74150273e-01
    1.87325358e-01 1.12653744e+00 6.12411976e-01 5.92644989e-01
    6.33370161e-01 6.14642620e-01 1.32111621e+00 1.45679325e-01
    1.17728257e+00 4.13705140e-01 4.13580835e-01 4.09919649e-01
    8.74621421e-02 1.72552839e-01 3.43722254e-02 -9.65789631e-02
    3.32724333e-01 1.22506425e-01 8.18318665e-01 -1.35342553e-01
    6.24097764e-01 1.01154590e+00 6.61655664e-01 -2.24522457e-01
    -1.79424079e-03 6.10739551e-02 -6.24090396e-02 7.60551512e-01
    -1.06901206e-01 9.99530196e-01 -6.71000630e-02 -1.67265847e-01
    2.48057306e-01 1.25924778e+00 6.55157506e-01 9.12471563e-02
    -1.04065992e-01 9.67362940e-01 -1.22877501e-01 6.06013775e-01
    1.37659478e+00 -4.36505675e-01 9.26994681e-01 1.29914299e-01
    4.68140364e-01 7.37060070e-01 4.18754250e-01 1.50556326e-01
    1.18123345e-01 1.76711097e-01 3.65768462e-01 -5.28121367e-02
    1.47185937e-01 1.35447180e+00 -4.72079456e-01 1.28259158e+00
    6.89636827e-01 7.30071485e-01 1.00053644e+00 7.70612881e-02
    1.45696729e-01 -1.61364943e-01 6.60453260e-01 2.63563663e-01
    1.37876999e+00 -3.11718911e-01 1.28768241e+00 -8.47316999e-03
    1.75962567e-01 7.69501984e-01 1.36926508e+00 -4.49302327e-03
    2.13708822e-03 3.05592478e-03 5.67530274e-01 1.23991096e+00
    2.41385907e-01 7.64050841e-01 -6.73931316e-02 6.15284264e-01
    -1.65740654e-01 8.41649055e-01 8.39315116e-01 2.16385469e-01
    1.26218402e+00 -4.69611853e-01 6.32823765e-01 8.36856067e-01
    2.75180280e-01 8.60810816e-01 4.03193265e-01 5.12062907e-02
    1.40040970e+00 -1.55142723e-02 1.12296605e+00 9.02983427e-01
    -3.28358561e-01 1.26782012e+00 5.95862605e-02 6.21519268e-01
    1.86573267e-01 1.23775113e+00 9.70218599e-01 1.19863224e+00
    -2.54148878e-02 7.01895356e-01 8.65412533e-01 4.44171846e-01
    1.28707433e+00 3.60396802e-01 -2.31805384e-01 1.02413046e+00
    2.97494650e-01 5.12696616e-03 8.04363549e-01 1.13871348e+00
    2.97091812e-01 2.42762163e-01 5.85390866e-01 5.37991486e-02
    -5.04548848e-02 3.27643573e-01 4.95487034e-01 6.39727950e-01
    3.11322153e-01 9.08310890e-01 8.50106418e-01 -3.64048153e-01
    1.41268969e+00 3.60823959e-01 1.44421458e-01 6.96143448e-01
    2.85016656e-01 8.81719947e-01 9.02590454e-01 9.41938281e-01
    -3.55754443e-03 1.04205287e+00 -2.99481209e-02 6.88211203e-01
    6.50505304e-01 1.07138324e+00 9.87751842e-01 9.44563568e-01
    -3.57971907e-01 6.40658498e-01 8.55670989e-01 4.78386134e-02
    1.30239570e+00 5.20619631e-01 1.04124415e+00 7.50700772e-01
    1.25594902e+00 5.28095543e-01 -1.71468318e-01 1.04923151e-01
    1.00827086e+00 1.04644096e+00 1.24422014e+00 -1.01105407e-01
    3.05714548e-01 6.61691725e-02 8.46102536e-01 9.55678225e-01
    7.79541254e-01 9.86447990e-01 5.61460018e-01 -2.94932127e-01
    7.72833109e-01 7.17588305e-01 7.40818202e-01 4.45234865e-01
    -1.60606638e-01 6.95086718e-01 6.84699953e-01 7.14330316e-01
    1.42501503e-01 2.33462214e-01 6.80322573e-02 -3.40083912e-02
    1.87672809e-01 6.91006839e-01 1.01312649e+00 4.50913846e-01
    6.86454535e-01 8.57439876e-01 9.42616761e-01 4.91483092e-01
    -7.74052143e-02 1.17657077e+00 1.38600314e+00 -2.73302078e-01
    1.43307567e-01 1.45571148e-02 3.09612453e-01 1.09712863e+00
    3.06205839e-01 7.09640920e-01 2.26837024e-01 1.12553418e+00
    1.00031924e+00 2.24380553e-01 -1.57909587e-01 6.59762502e-01
    8.47182453e-01 3.87294441e-01 7.43379056e-01 1.91604838e-01
    -7.17976168e-02 1.18412554e+00 1.82453483e-01 -1.89994443e-02
    9.42377746e-01 -2.32058048e-01 2.97949642e-01 1.20405364e+00
    2.75410712e-01 -6.67039230e-02 -5.78082241e-02 3.82509232e-01
    6.76975548e-01 1.23541914e-02 6.52334169e-02 9.72807229e-01
    1.00207233e+00 -2.58052498e-01 -1.47457153e-01 3.97513360e-01
    5.17185032e-01 -2.18773276e-01 1.16917360e+00 4.05595303e-01
    -1.72924604e-02 6.64583743e-01 8.19404900e-01 7.38136610e-03
    1.44023395e+00 1.14941204e+00 1.11715758e+00 1.41953612e-02
    9.99605417e-01 1.07164824e+00 7.56505847e-01 -8.01995546e-02
    9.42360580e-01 3.80229056e-01 2.91102290e-01 4.52654243e-01
    1.17851570e-02 5.76299965e-01 -2.26195864e-02 8.67177188e-01
    8.23672414e-01 2.69599855e-01 9.95038271e-01 5.35183191e-01
    5.67314982e-01 3.74204010e-01 4.84048784e-01 1.14711082e+00
    9.20104623e-01 2.15596661e-01 8.66415262e-01 5.94133139e-01
    7.56787837e-01 7.16442883e-01 -2.81584293e-01 9.82855082e-01
    3.96065116e-01 6.09350920e-01 1.64906114e-01 -1.85724676e-01
    6.67939544e-01 7.62561202e-01 1.08221161e+00 2.04961076e-02
    2.87542343e-01 1.90489322e-01 6.75269961e-01 7.69088507e-01
    -6.17842823e-02 1.18102826e-01 2.84762293e-01 8.26549292e-01
    -1.65637538e-01 3.53057720e-02 -3.11502088e-02 1.32740128e+00
    -2.52938122e-01 1.23045169e-01 1.63524628e-01 3.46601382e-02
    7.66147792e-01 -2.38609239e-01 1.01480138e+00 4.26838905e-01
    1.19017154e-01 9.52956200e-01 7.88433790e-01 1.73772112e-01
    1.16060627e+00 -3.01390588e-01 8.63686562e-01 8.47905993e-01
    -1.22876815e-01 1.24462628e+00 5.90319932e-01 -2.28647456e-01
    1.39820802e+00 -3.84522617e-01 1.16837943e+00 8.24672937e-01
    -6.54806057e-03 6.78477407e-01 -9.62392837e-02 -1.91288013e-02
    -1.67471394e-01 1.26849949e+00 -1.40573919e-01 -2.86883831e-01
    1.01444077e+00 1.15342009e+00 1.16230202e+00 -1.69075340e-01
    2.77597874e-01 4.97973531e-01 6.33415937e-01 1.31979620e+00
    6.92740917e-01 -3.21569294e-01 1.36334467e+00 5.22356868e-01
    6.54892325e-01 1.06490421e+00 7.28048563e-01 6.17074907e-01
    6.56928539e-01 7.40535498e-01 1.05086017e+00 2.75237918e-01
    1.05519855e+00 1.02618563e+00 -2.75960624e-01 3.90416145e-01
    5.30730963e-01 1.07275200e+00 1.18145514e+00 1.17868650e+00
    2.59144187e-01 6.52531445e-01 -4.76224899e-01 9.94908154e-01
    4.61609602e-01 8.86419296e-01 2.10561350e-01 1.97683915e-01
    1.43210936e+00 -4.84986693e-01 3.27157825e-01 7.16376245e-01
    5.88143885e-01 1.24591494e+00 1.01601207e+00 1.14237833e+00
    6.06250525e-01 -1.11092359e-01 1.32070768e+00 8.48132312e-01
    -5.00077419e-02 8.89444649e-01 8.53327334e-01 4.16809499e-01
    6.36889279e-01 1.24786329e+00 5.27542531e-02 -9.86976475e-02
    2.25525666e-02 5.62837720e-01 -7.90829435e-02 -1.42574862e-01
    1.19454719e-01 5.39424956e-01 1.08546638e+00 8.36307704e-02
    1.40617818e-01 -9.27127078e-02 2.81359553e-01 4.27098185e-01
    2.38766432e-01 6.96048081e-01 1.83956966e-01 1.08119118e+00
    1.13797024e-01 4.61783826e-01 5.26315212e-01 3.04526180e-01
    1.20853198e+00 1.06628251e+00 4.96113926e-01 8.22000563e-01
    5.35819709e-01 1.25559902e+00 1.11596262e+00 4.24241334e-01
    6.18941486e-01 -1.40166610e-01 7.15178251e-01 4.87752259e-01
    -7.11627603e-02 4.28959131e-01 -1.85651541e-01 7.10939944e-01
    8.44882548e-01 -3.14980298e-02 3.94395106e-02 1.04575887e-01
    6.19053006e-01 1.26960978e-01 9.04694557e-01 2.05370620e-01
    4.40843046e-01 1.26300824e+00 1.02421546e+00 6.14484847e-01
    3.31698470e-02 5.46136856e-01 1.05752528e+00 3.45960200e-01
    6.38426185e-01 7.50010312e-01 -3.15889001e-01 2.75332958e-01
    1.62883371e-01 8.55253220e-01 6.22854590e-01 8.58215928e-01
    -2.13778615e-01 3.36362362e-01 1.13233161e+00 2.47770596e+00
    6.66247547e-01 1.00068581e+00 4.28770900e-01 1.33351982e-01
    3.15987170e-01 -3.22854578e-01 -2.61404723e-01 8.21459889e-01
    1.00881481e+00 3.86813134e-01 1.07165241e+00 5.56572497e-01
    1.08155847e+00 -5.22477254e-02 1.10205913e+00 5.71165562e-01
    6.41190708e-02 1.13800772e-01 7.86538720e-01 1.30826545e+00
    1.04537761e+00 5.37527978e-01 -4.20506924e-01 9.69415545e-01
    3.40077132e-01 5.85956573e-01 4.36434746e-01 4.50270832e-01
    9.49431121e-01 2.18198627e-01 8.29428136e-01 6.10694587e-01
    8.25445056e-01 -1.11978970e-01 1.31883478e+00 1.06634521e+00
    8.57660592e-01 5.41419029e-01 1.13870728e+00 -2.80976295e-01
    -3.79194655e-02 8.72129679e-01 8.48418832e-01 1.33710539e+00
    5.82971871e-01 1.19564402e+00 7.05486417e-01 1.01714718e+00
    1.35669023e-01 4.37967837e-01 6.84346378e-01 -1.94808051e-01
    6.07269406e-02 4.32063371e-01 3.48336279e-01 5.28433681e-01
    -1.34117931e-01 1.12833321e+00 1.10779762e+00 4.71516848e-01
    3.09378386e-01 7.67697752e-01 1.22524357e+00 1.41129240e-01
    1.18100679e+00 3.34014744e-02 3.49789560e-01 5.41399956e-01
    -1.03558823e-01 6.66140556e-01 1.38728857e-01 -7.35005364e-02
    1.12652934e+00 4.92404044e-01 1.10612869e+00 6.83661580e-01
    -1.99149270e-02 1.13367498e+00 -3.46030027e-01 1.16343498e+00
    4.86310601e-01 5.58487892e-01 1.35342228e+00 -1.07085645e-01
    9.13602054e-01 6.15587294e-01 1.26984978e+00 7.68910944e-01
    -1.18755490e-01 -2.45424524e-01 8.19298923e-01 8.77321601e-01
    2.44813755e-01 2.18323082e-01 8.36124957e-01 6.35504246e-01
    -1.67742744e-01 2.04059690e-01 1.30395186e+00 1.76165432e-01
    8.16571891e-01 5.19975305e-01 4.38841611e-01 7.53598809e-01
    7.71201551e-01 4.64823782e-01 1.12112784e+00 -4.48606312e-02
    6.12707853e-01 1.30295300e+00 2.06057742e-01 -1.45496145e-01
    -2.29348734e-01 7.72061288e-01 6.50586367e-01 8.63142535e-02
    5.30433774e-01 1.14545870e+00 1.10029209e+00 -2.21968554e-02
    1.16167694e-01 1.14537275e+00 1.20539331e+00 8.34741414e-01
    2.59161562e-01 1.19096792e+00 4.35567051e-01 8.21672499e-01
    7.94268250e-01 4.32112098e-01 4.59805578e-02 6.96650326e-01
    7.17338741e-01 5.43992937e-01 1.09361327e+00 1.01534128e+00
    -3.42953265e-01 1.05269805e-01 4.12474960e-01 2.95225769e-01
    5.24240315e-01 6.99247718e-01 -1.09545864e-01 -8.77005309e-02
    -1.27492949e-01 1.29441261e+00 3.81981372e-03 7.63498247e-01
    1.03828323e+00 7.40328282e-02 8.08851004e-01 1.05223167e+00
    4.09434825e-01 1.03130364e+00 5.95124900e-01 2.18728811e-01
    8.56421050e-03 2.84835607e-01 9.66368914e-01 7.66702712e-01
    1.08009629e-01 9.29453254e-01 3.28790277e-01 8.09750736e-01
    -2.05978498e-01 -2.08671287e-01 1.35130739e+00 9.77790773e-01
    1.06809521e+00 2.45622367e-01 6.50776148e-01 7.40587354e-01
    -3.70694362e-02 1.16100943e+00 1.08391201e+00 -6.45888224e-02
    4.54970986e-01 -7.94874355e-02 -2.98665375e-01 2.09945247e-01
    5.82573056e-01 5.78146040e-01 5.49945414e-01 5.59161067e-01
    5.49218297e-01 2.45004281e-01 6.80530190e-01 1.02504945e+00
    9.79002357e-01 6.87867403e-01 3.80171061e-01 4.93331105e-01
    -3.43049355e-02 1.16376710e+00 1.15340568e-01 4.44106340e-01
    4.16553795e-01 5.82790338e-02 5.33030987e-01 1.82506397e-01
    -2.96945632e-01 1.00243223e+00 8.68524969e-01 3.34446847e-01
    8.79151285e-01 5.86382449e-01 -2.59864777e-01 5.15971065e-01
    -1.94383994e-01 1.29956055e+00 9.30223286e-01 1.32839537e+00
    -2.83012658e-01 4.56622034e-01 1.15215456e+00 -1.16324671e-01
    4.16374713e-01 -1.70261785e-02 4.09597158e-01 7.28404403e-01
    1.15201092e+00 8.49588335e-01 1.19237721e+00 -3.39999080e-01
    1.10715628e+00 -1.54427037e-01 9.81227696e-01 6.49607182e-01
    -1.26522668e-02 8.99767160e-01 -8.42740089e-02 1.05494893e+00
    2.05723837e-01 -3.15593064e-01 6.27459168e-01 1.24374461e+00
    -2.45332494e-02 -1.23143703e-01 8.75130534e-01 3.12527478e-01
    1.24634242e+00 4.75036204e-01 1.66279957e-01 3.07657212e-01
    -1.38346404e-01 1.32602847e+00 6.70022905e-01 7.79686213e-01
    -4.94103879e-02 -2.07318544e-01 7.61270523e-01 -1.59944132e-01
    1.20622087e+00 1.05359650e+00 -2.62473196e-01 1.83060873e+00
    5.35655677e-01 -2.30897084e-01 1.07080328e+00 6.28034413e-01
    -6.61403984e-02 1.13477457e+00 4.67439651e-01 -3.47841419e-02
    -3.52720842e-02 -8.16986710e-02 6.45388246e-01 -2.98423558e-01
    7.92968869e-01 1.23953593e+00 9.25280809e-01 4.16803569e-01
    -8.96138325e-03 1.49167991e+00 -1.32394403e-01 -2.09537759e-01
    2.01938927e-01 8.78989339e-01 1.11133313e+00 -3.54116261e-02
    9.41714168e-01 9.67200816e-01 2.10790306e-01 1.82527140e-01
    7.36490905e-01 6.43233120e-01 3.21691334e-01 7.31582791e-02
    1.04815602e+00 2.96718001e-01 5.08341044e-02 1.12200767e-01
    1.16492784e+00 7.43079901e-01 5.64630032e-02 -6.35934770e-02
    9.72628593e-01 3.51500899e-01 2.33954534e-01 8.45685974e-02
    1.92666784e-01 3.40203881e-01 -3.96638572e-01 5.56046963e-01
    -2.61281639e-01 1.01978958e+00 3.32941771e-01 3.13684404e-01
    1.34279616e-02 9.94605362e-01 -4.94872853e-02 6.22401297e-01
    3.45130384e-01 5.24320841e-01 5.26481196e-02 -1.87041223e-01
    5.88399231e-01 -2.60562394e-02 -2.80408859e-01 5.15268564e-01
    -2.31762320e-01 9.08501208e-01 2.45008990e-01 1.04918540e+00
    -1.30945101e-01 -3.35221678e-01 1.16634417e+00 -1.88185975e-01
    8.56840461e-02 7.87388921e-01 8.27096879e-01 5.74743867e-01
    1.27054381e+00 5.90052426e-01 5.67445196e-02 3.07857573e-01
    1.02239394e+00 5.45907855e-01 3.42256516e-01 2.76917405e-02
    9.64379966e-01 -4.30626243e-01 1.35796046e+00 1.14038602e-01
    -7.84223825e-02 5.63049763e-02 1.31297064e+00 -2.37220675e-01
    3.56123388e-01 2.55772680e-01 4.21581000e-01 1.15533686e+00
    5.18431962e-01 -2.88447917e-01 3.86606991e-01 8.42728734e-01
    -3.24231744e-01 1.15396023e+00 -1.03466325e-01 1.58055305e-01
    -1.97228760e-01 1.27867496e+00 -3.80300879e-01 6.68986440e-01
    -1.44217104e-01 3.28786850e-01 1.18160474e+00 6.31702766e-02
    1.46493959e+00 -3.74765605e-01 8.98413897e-01 1.18961334e+00
    8.56121123e-01 8.52007091e-01 4.42270130e-01 8.61056805e-01
    -1.46654099e-01 1.12937236e+00 -3.67096104e-02 1.14539242e+00
    8.45277369e-01 5.83898246e-01 -2.96045765e-02 5.53562865e-02
    1.47194311e-01 9.34335709e-01 8.01064312e-01 -7.81993121e-02
    3.88003998e-02 -1.36150196e-01 1.05927145e+00 1.33693218e-01
    1.17302740e+00 3.92922312e-01 8.81164491e-01 1.04333568e+00
    8.44625652e-01 5.57279170e-01 2.49512061e-01 8.40352654e-01
    1.21573515e-01 4.65808034e-01 9.27864432e-01 7.73740411e-01
    3.68524075e-01 7.19053984e-01 -1.01649523e-01 2.81165332e-01
    4.32495326e-01 2.23567843e-01 1.71083838e-01 9.39953387e-01
    9.73577380e-01 7.34699249e-01 5.05511761e-01 5.63953042e-01
    1.00949216e+00 1.05475195e-01 6.49381816e-01 4.27310705e-01
    1.29697919e+00 1.84921592e-01 -2.27783158e-01 3.76260012e-01
    2.86596231e-02 1.04954636e+00 -6.65826350e-02 5.95971286e-01
    3.63877183e-03 1.68100954e-03 1.19131327e+00 1.11414552e+00
    4.94734079e-01 8.96043122e-01 6.52081251e-01 -1.36523709e-01
    -1.30237728e-01 7.28031337e-01 6.66987658e-01 -3.08438778e-01
    1.25170100e+00 6.34336412e-01 -1.90923456e-02 2.63850391e-01
    1.39326409e-01 -1.74048558e-01 1.28404832e+00 8.71942401e-01
    1.15459585e+00 -9.68861431e-02 4.87497717e-01 -2.94618517e-01
    4.89310801e-01 -1.10677727e-01 1.17680959e-01 1.10363126e+00
    1.09692073e+00 -1.83951318e-01 8.12914908e-01 1.08560002e+00
    2.93563575e-01 3.18626501e-02 1.19274068e+00 5.20085514e-01
    -2.42493466e-01 1.31545973e+00 -2.56102413e-01 7.93737531e-01
    2.73773104e-01 6.14119470e-02 -1.88142285e-01 -1.26102611e-01
    6.87550783e-01 6.33743882e-01 -3.22681107e-02 5.48918605e-01
    -1.50672466e-01 6.54109657e-01 7.73289025e-01 4.65794891e-01
    1.18904996e+00 -1.32103175e-01 5.68177998e-01 1.26193666e+00
    -3.93869847e-01 8.95000696e-01 3.29094350e-01 1.22162569e+00
    4.41565216e-02 1.00112486e+00 1.04710805e+00 4.38257247e-01
    1.03193808e+00 1.04942679e+00 7.68743753e-02 -2.14869097e-01
    1.13834453e+00 1.50622979e-01 9.97943521e-01 2.15242818e-01
    -2.39971280e-01 3.63381207e-01 -2.56907135e-01 6.98275194e-02
    1.23822093e+00 1.17030597e+00 4.03845549e-01 -2.75189281e-01
    1.05321991e+00 6.35546625e-01 -1.93739161e-02 2.21218705e+00
    6.00458920e-01 1.32212710e+00 -2.20034629e-01 5.91501057e-01
    7.97487259e-01 1.14819074e+00 7.76866615e-01 2.96008766e-01
    2.37110123e-01 1.28477263e+00 -4.46878038e-02 1.36239672e+00
    1.97830468e-01 3.40958565e-01 -3.00019234e-02 3.36613595e-01
    8.96560967e-01 -2.03654736e-01 7.44717121e-01 6.61829114e-01
    -2.31542677e-01 2.66997721e-02 1.19414544e+00 6.41048789e-01
    9.74138558e-01 4.04054016e-01 2.36786053e-01 -1.13760922e-02
    1.00814497e+00 -3.05197835e-01 5.77446818e-01 3.74113739e-01
    1.05890095e+00 4.04794440e-02 -1.27550438e-01 8.22544515e-01
    8.77597809e-01 4.28123102e-02 -5.35538569e-02 8.80897462e-01
    6.44822478e-01 3.13799649e-01 1.30066705e+00 -2.69980758e-01
    5.79210639e-01 2.19448924e-01 1.47001314e+00 8.78267229e-01
    3.14916849e-01 1.07027507e+00 1.17796040e+00 1.03887033e+00
    2.31772587e-01 -8.41554925e-02 5.10583997e-01 2.33278349e-01
    9.76227462e-01 -2.68404365e-01 1.31812498e-01 8.35566461e-01
    1.38287354e+00 -2.48096511e-02 1.40167212e+00 7.20629036e-01
    -1.59563795e-01 6.69498801e-01 5.97255945e-01 9.43972111e-01
    1.08937287e+00 1.14223135e+00 1.66926235e-01 3.45245808e-01
    3.61623198e-01 2.17958227e-01 4.94075101e-03 1.27636564e+00
    8.63949776e-01 -3.89959328e-02 9.51594889e-01 7.62991130e-01
    1.93592981e-01 4.54143882e-01 1.32198095e-01 1.68501124e-01
    3.42284381e-01 8.15384507e-01 -3.11915934e-01 8.96754026e-01
    6.35238409e-01 -2.86233753e-01 6.53559685e-01 3.07677239e-01
    6.52407765e-01 1.08640099e+00 -3.36221725e-01 9.78240728e-01
    9.29535389e-01 1.33089304e+00 -2.05152914e-01 1.14288974e+00
    -1.66757688e-01 5.94963074e-01 9.03309643e-01 6.26767278e-01
    -1.60904676e-01 1.04481137e+00 3.57260823e-01 3.58598024e-01
    -1.79029569e-01 9.35325921e-01 1.18375266e+00 -9.80676115e-02
    5.02726197e-01 2.09957436e-01 8.95229220e-01 9.98707891e-01
    -8.35524797e-02 -2.85185426e-01 1.08883357e+00 1.19984436e+00
    1.54791325e-01 7.22974718e-01 3.31829041e-01 -2.17168927e-01
    2.20421046e-01 7.42335677e-01 8.81127894e-01 1.27396977e+00
    1.17761433e+00 7.47316539e-01 9.23451602e-01 -5.32611348e-02
    4.54253942e-01 8.30272436e-01 1.03142953e+00 1.01861107e+00
    8.14490736e-01 8.67024660e-01 6.53585076e-01 5.12542307e-01
    4.30136263e-01 8.22795570e-01 1.25735211e+00 1.32091737e+00
    -1.06313363e-01 5.85008144e-01 1.19467115e+00 2.87064046e-01
    7.65777647e-01 4.43651766e-01 1.23155904e+00 1.17862701e+00
    2.02999011e-01 1.00949264e+00 -2.32870474e-01 4.14676487e-01
    6.27080679e-01 1.00994670e+00 1.07697773e+00 -4.77946520e-01
    1.05399621e+00 2.49593362e-01 1.01971924e+00 2.74410844e-01
    7.85521448e-01 5.44622391e-02 2.98011571e-01 -2.44819999e-01
    5.53698957e-01 -1.79799467e-01 1.47487849e-01 1.26719189e+00
    2.07959816e-01 1.16263878e+00 4.77433205e-02 2.54106492e-01
    1.26497269e+00 9.20523345e-01 1.01680362e+00 4.44343984e-01
    7.11635113e-01 -1.95547864e-01 -9.38013941e-02 1.03571117e+00
    1.22858703e+00 7.74035335e-01 1.68214142e-01 2.37990484e-01
    -7.97346160e-02 1.22054935e+00 -2.75063038e-01 1.04392290e-01
    9.83908355e-01 4.09128129e-01 7.94771135e-01 1.10292220e+00
    -2.17981771e-01 5.77685654e-01 -2.04104744e-02 1.48353294e-01
    4.57369626e-01 1.70704052e-02 1.06704068e+00 2.12018311e-01
    2.32853875e-01 1.47162974e+00 -3.78467917e-01 6.34434819e-01
    1.33482504e+00 1.18834838e-01 4.01181847e-01 -2.33860046e-01
    1.05904102e+00 3.97067487e-01 1.06565011e+00 9.99286175e-01
    -5.18857017e-02 1.12454019e-01 7.01526701e-01 -2.66429454e-01
    8.77510428e-01 -1.98834047e-01 2.15820402e-01 8.95106912e-01
    -3.54773760e-01 1.31019354e+00 5.64168811e-01 -4.88098860e-02
    1.34880590e+00 5.61733067e-01 2.89857715e-01 5.01363397e-01
    6.41542792e-01 -5.22297733e-02 3.35051030e-01 9.76568878e-01
    9.60789263e-01 -2.31147960e-01 1.30556810e+00 9.38697040e-01
    9.22757268e-01 1.11592650e+00 1.07951844e+00 5.04171252e-01
    9.12198305e-01 -9.87943914e-03 7.38196194e-01 4.06941295e-01
    6.27912164e-01 1.13920128e+00 -4.39066023e-01 7.80320823e-01
    7.82148480e-01 -2.65874803e-01 2.65304148e-01 7.26137102e-01
    1.05829442e+00 1.05130446e+00 4.50359821e-01 -3.11996430e-01
    -2.43890017e-01 9.48674738e-01 -2.86213815e-01 1.01085746e+00
    1.26625395e+00 4.43580091e-01 -1.81920826e-01 -3.99988919e-01
    8.02221060e-01 6.88376501e-02 -1.20159937e-02 1.19467866e+00
    1.08609605e+00 5.84670126e-01 1.78423733e-01 -5.94804101e-02
    5.10946512e-01 1.26194203e+00 3.99881959e-01 2.76718467e-01
    5.34811854e-01 1.22811735e+00 6.24307632e-01 1.47670686e+00
    -2.58633673e-01 5.73664367e-01 4.42884177e-01 1.21781826e+00
    1.03489876e+00 -1.49499029e-02 8.21726739e-01 8.94773185e-01
    -2.76793800e-02 2.56942391e-01 8.90046120e-01 1.49087712e-01
    1.23164570e+00 5.08944809e-01 8.63821924e-01 7.74851084e-01
    8.02713633e-01 -3.34084243e-01 -2.88281411e-01 2.12438852e-01
    1.30935466e+00 -3.27505857e-01 6.73018634e-01 9.91838157e-01
    8.69400561e-01 -1.35134429e-01 -3.04870158e-01 7.09431291e-01
    3.16413671e-01 9.31114018e-01 1.35702217e+00 -7.32830763e-02
    4.16247994e-01 -1.65105015e-01 6.86731696e-01 2.58495837e-01
    9.77105200e-01 6.10142946e-01 9.63610411e-01 3.53972197e-01
    -2.16227368e-01 2.58280098e-01 1.31114507e+00 5.95255017e-01
    2.80876428e-01 3.62507194e-01 3.71786326e-01 -3.44263077e-01
    8.79535317e-01 4.74160373e-01 -3.58113945e-02 1.28147864e+00
    1.56207765e-02 8.95507455e-01 2.81058878e-01 3.77087109e-02
    7.27417231e-01 1.36036858e-01 4.62556511e-01 3.57490212e-01
    1.00991881e+00 1.00836945e+00 1.34226584e+00 1.32714659e-01
    3.45761836e-01 1.27506450e-01 3.92566234e-01 8.00528407e-01
    -1.27876654e-01 1.03054512e+00 5.69252193e-01 6.26114547e-01
    -5.33252358e-02 2.87901759e-01 4.66390878e-01 2.70081401e-01
    3.81959951e-03 -6.98154122e-02 9.94950473e-01 -9.10033509e-02
    1.26948082e+00 -2.94872433e-01 3.63817602e-01 3.91999990e-01
    8.29124227e-02 4.09280479e-01 1.11419594e+00 -1.54105332e-02
    5.77450514e-01 -1.45187289e-01 4.29080904e-01 -2.82352209e-01
    2.15573788e-01 6.62377179e-01 1.30549932e+00 8.03810954e-01
    4.25827831e-01 3.57334405e-01 1.25087440e+00 -4.75207061e-01
    8.29760313e-01 6.94959521e-01 1.14793193e+00 7.41216838e-01
    9.32338312e-02 2.53683001e-01 -2.47555241e-01 -1.06920652e-01
    7.28872120e-01 7.74659514e-01 3.59201431e-01 -1.68345451e-01
    -2.28656918e-01 1.36466670e+00 -8.78796875e-02 -3.18911634e-02
    4.18405831e-01 5.59294462e-01 1.36814818e-01 1.82825938e-01
    1.10056448e+00 1.34279788e-01 4.08567429e-01 8.70282173e-01
    3.38931113e-01 6.39633477e-01 5.14001489e-01 1.32365119e+00
    7.25651979e-01 1.06005335e+00 8.80864739e-01 6.81193352e-01
    1.24837184e+00 2.81722605e-01 2.32945159e-01 5.92265069e-01
    3.51245195e-01 -1.28396019e-01 6.97589934e-01 3.44122320e-01
    1.18635774e+00 5.90575993e-01 -2.71388143e-01 4.82996941e-01
    1.32121468e+00 2.75171429e-01 1.03859437e+00 1.10041782e-01
    -1.45176187e-01 1.09705365e+00 1.02881634e+00 6.48514628e-02
    -2.00975761e-01 8.15632582e-01 1.15436673e+00 -1.83756873e-01
    -2.86430605e-02 1.01613295e+00 4.11674172e-01 8.17614555e-01
    2.43413568e-01 -3.84908229e-01 1.37606037e+00 7.22444892e-01
    6.38200760e-01 -1.30502135e-01 1.32816717e-01 8.35254490e-01
    -1.86332539e-01 5.30035973e-01 -3.41814458e-01 8.47059786e-01
    5.51242709e-01 8.72215807e-01 7.58901775e-01 1.22908103e+00
    3.45102072e-01 -3.28841418e-01 4.63423133e-02 6.43792033e-01
    6.78912252e-02 5.18509030e-01 8.25000525e-01 -3.72735485e-02
    -9.09016952e-02 -5.89919463e-02 -1.86338931e-01 -1.86582521e-01
    9.49808240e-01 -2.23530591e-01 7.40513444e-01 1.14254987e+00
    -4.17005271e-01 1.43232810e+00 -2.60832071e-01 -1.66551303e-02
    2.40573227e-01 4.99255031e-01 6.24552310e-01 1.51630864e-01
    -4.05554444e-01 4.70460892e-01 4.20155942e-01 1.23740530e+00
    1.14363945e+00 -3.60192984e-01 1.33525109e+00 5.36207676e-01
    4.73654926e-01 3.79224539e-01 3.71788681e-01 -2.32882172e-01
    1.31388795e+00 -1.54116243e-01 3.74782421e-02 -8.30789730e-02
    7.73258507e-01 6.70939147e-01 7.57030189e-01 -3.65299061e-02
    -2.66758353e-01 9.83789086e-01 1.00844383e+00 1.00922680e+00
    3.04591451e-02 7.42242858e-02 8.12153161e-01 9.13229063e-02
    9.97447729e-01 -2.64016181e-01 5.15849888e-01 1.15665901e+00
    1.31073725e+00 -9.49512795e-02 8.31984803e-02 8.42756689e-01
    3.64989817e-01 -1.48291104e-02 1.37323463e+00 1.28497016e+00
    -2.75973678e-01 5.37905753e-01 5.16882129e-02 4.59803581e-01
    3.66185457e-01 -2.48573333e-01 4.45258468e-01 8.04079056e-01
    2.63181090e-01 7.71539390e-01 7.93392003e-01 9.20413375e-01
    -2.29552776e-01 8.44638169e-01 5.45530975e-01 -2.72841901e-01
    7.07123399e-01 -1.85888801e-02 7.51028538e-01 -1.84822157e-01
    6.86194241e-01 5.38994133e-01 1.08022481e-01 8.45174551e-01
    3.46437514e-01 8.04335237e-01 1.37430334e+00 -1.24938749e-02
    2.39184946e-01 -3.57385397e-01 1.36988306e+00 -3.79175514e-01
    7.28188276e-01 1.14448345e+00 1.03623176e+00 1.07418704e+00
    -1.40603691e-01 -2.16179229e-02 7.67375648e-01 1.11560214e+00
    7.09566653e-01 -8.71817619e-02 1.46086586e+00 4.81642187e-02
    2.78729826e-01 9.32921767e-01 -3.74050796e-01 1.63820937e-01
    1.26142788e+00 5.10046780e-02 -2.38922507e-01 1.04083166e-01
    7.34518647e-01 6.65468052e-02 5.49543202e-01 7.39651561e-01
    -1.88955460e-02 -3.18293348e-02 7.92611986e-02 3.95485878e-01
    -5.42850420e-02 7.26035714e-01 1.20836949e+00 3.75993520e-01
    6.06290214e-02 3.16121608e-01 1.11828613e+00 -1.32108718e-01
    9.98911321e-01 -1.47950882e-02 8.08866680e-01 9.97666180e-01
    8.23751330e-01 1.14031935e+00 2.77105242e-01 3.15530062e-01
    1.13641179e+00 3.18092823e-01 5.10778949e-02 -1.61038578e-01
    1.13393211e+00 -4.87066843e-02 3.93127203e-01 7.77732134e-01
    -5.37256487e-02 1.00929260e+00 8.67921293e-01 1.21509790e+00
    2.03848884e-01 7.91411757e-01 7.27371514e-01 4.97880518e-01
    1.27188957e+00 -1.02770299e-01 1.34617043e+00 4.67241764e-01
    2.72122204e-01 2.00061351e-02 1.30715978e+00 -1.43611029e-01
    5.75119078e-01 3.67399752e-01 -6.34622350e-02 1.21768451e+00
    8.31602886e-02 -4.59185801e-02 1.04269505e-01 5.78929842e-01
    8.51273298e-01 6.93591684e-02 2.11654067e-01 -4.81298938e-03
    8.76963362e-02 -1.60236478e-01 4.14737582e-01 1.11077893e+00
    4.34769601e-01 9.05162454e-01 -4.21336353e-01 1.05097628e+00
    -2.92420626e-01 -2.09189653e-01 2.82703429e-01 6.05605990e-02
    5.40847063e-01 1.13603175e+00 2.81671703e-01 7.72692323e-01
    1.91373244e-01 -1.18699379e-01 3.45253468e-01 9.06378090e-01
    6.98396683e-01 1.17723489e+00 -2.20625550e-01 1.88670248e-01
    9.78428245e-01 1.21327198e+00 9.42418754e-01 4.12851721e-01
    2.35925421e-01 9.40507278e-02 4.71927039e-02 -3.32370773e-02
    1.32037020e+00 5.61221242e-01 -7.80152977e-02 1.13179910e+00
    -8.92071351e-02 3.39002669e-01 6.98750317e-01 6.68075860e-01
    4.70048994e-01 5.49962640e-01 8.00871491e-01 3.57018828e-01
    7.32831657e-01 6.29120708e-01 9.19305086e-01 1.13873407e-01
    1.85239732e-01 -4.44075353e-02 5.06019652e-01 9.55860093e-02
    1.19920707e+00 2.98006296e-01 7.46604621e-01 2.58351326e-01
    9.35485125e-01 7.51014709e-01 8.98988903e-01 9.90884244e-01
    1.28413224e+00 1.08769350e-02 8.46412241e-01 2.24911332e-01
    4.23779786e-01 3.63590688e-01 1.20022988e+00 2.42976651e-01
    -6.73768595e-02 4.55067962e-01 3.37842733e-01 1.26527870e+00
    -2.02434525e-01 1.32988608e+00 9.28945243e-01 1.36830270e+00
    -3.25617194e-01 1.02139914e+00 8.31528604e-01 3.20330322e-01
    -2.79628992e-01 1.03911686e+00 1.06805170e+00 -2.92655557e-01
    1.14939702e+00 1.00814259e+00 1.20433915e+00 -2.31294915e-01
    8.70729208e-01 1.16951503e-01 1.15112412e+00 9.94349360e-01
    3.10921483e-03 7.92241395e-01 1.12687981e+00 1.16796091e-01
    4.64850247e-01 9.61688399e-01 6.45692408e-01 2.08776429e-01
    -6.38581961e-02 1.43577421e+00 8.73253718e-02 1.30522239e+00
    1.28356171e+00 1.14031601e+00 1.19466531e+00 1.90311670e-01
    -2.65349150e-01 1.26615798e+00 6.95150495e-01 4.06343073e-01
    1.27527845e+00 4.32517640e-02 1.10305321e+00 1.03469694e+00
    -4.11038548e-01 9.60796058e-01 8.15005600e-01 1.18793428e-01
    -1.22450292e-01 1.26518965e+00 -3.85175526e-01 8.86620879e-01
    6.40600383e-01 -1.38554662e-01 6.82359517e-01 9.89545405e-01
    7.77131975e-01 7.39207923e-01 1.09563068e-01 2.58252072e+00
    3.36592525e-01 1.31424332e+00 9.38987136e-01 3.84278893e-01
    -2.36922711e-01 7.87881792e-01 4.17369008e-01 1.05604458e+00
    7.37582922e-01 1.16525710e+00 -4.92677391e-01 8.79623473e-01
    1.08776450e+00 -4.63124514e-02 9.44651186e-01 -2.22590908e-01
    1.25424337e+00 7.35224724e-01 -8.69302824e-03 2.91125059e-01
    2.75499463e-01 7.10442722e-01 -1.57501489e-01 8.80257905e-01
    -6.67549893e-02 8.63568246e-01 9.48273391e-02 3.43379468e-01
    1.16938591e+00 8.22862029e-01 -2.47101575e-01 -1.36595935e-01
    -8.93547311e-02 1.08327937e+00 5.39996445e-01 4.57228452e-01
    -1.44615546e-02 1.01358128e+00 -3.63263965e-01 8.30574453e-01
    2.37002939e-01 1.06779253e+00 8.78661513e-01 -1.86562568e-01
    6.89899102e-02 1.14848308e-01 2.38277972e-01 1.16768074e+00
    -2.57655676e-03 2.98871726e-01 2.09936738e-01 1.15883267e+00
    2.55551457e-01 -2.99520586e-02 1.02800882e+00 4.17586714e-01
    6.99157655e-01 2.93894231e-01 3.81253332e-01 4.51467544e-01
    1.01361763e+00 1.01406217e+00 5.05441964e-01 9.02944148e-01
    5.07914364e-01 -2.40743458e-01 7.08212674e-01 6.05042756e-01
    7.46285677e-01 6.11239374e-01 4.70871121e-01 6.22307658e-01
    5.34455240e-01 1.14636624e+00 -3.12319174e-02 -2.97082722e-01
    8.42537642e-01 -2.76283026e-01 1.18747985e+00 1.26607776e+00
    2.20706597e-01 4.58275139e-01 7.87057757e-01 1.20128766e-01
    3.90030295e-01 9.49341118e-01 5.05359411e-01 1.34152722e+00
    -2.23522171e-01 1.11767876e+00 6.79692805e-01 -2.55382776e-01
    1.03089583e+00 4.95128483e-01 3.56465101e-01 1.74214900e-01
    6.70856833e-01 7.61106372e-01 1.64089173e-01 2.26829141e-01
    1.25847495e+00 4.64138463e-02 2.40977526e-01 -1.17047876e-01
    -3.31763387e-01 1.02556539e+00 -4.07498688e-01 1.21456158e+00
    -1.30273804e-01 -1.96754903e-01 1.23057961e+00 -2.99809724e-01
    1.16230404e+00 -3.02889973e-01 6.08083665e-01 9.08974051e-01
    9.40731943e-01 -1.37837350e-01 5.64584434e-01 2.50197291e-01
    -9.60144922e-02 1.22384167e+00 1.71627700e-01 9.76486206e-01
    3.72012332e-02 2.39649370e-01 1.33970261e+00 9.31177288e-02
    -1.50738925e-01 1.11706579e+00 3.04426432e-01 1.04744506e+00
    1.04520404e+00 1.15591860e+00 9.06652868e-01 4.41128880e-01
    4.46718745e-02 6.56543314e-01 1.27477556e-01 8.73994768e-01
    1.22132206e+00 7.86987901e-01 7.57141113e-01 7.64153004e-01
    6.38330817e-01 1.12185955e+00 1.19482648e+00 4.22316611e-01
    3.98598552e-01 -3.15155178e-01 3.53609741e-01 -1.23355448e-01
    9.79293644e-01 2.80401036e-02 1.38886940e+00 -1.49244452e-02
    2.20331103e-01 7.33449697e-01 9.21601772e-01 -3.13528955e-01
    7.50727654e-01 1.09627652e+00 1.19053519e+00 6.99085474e-01
    7.67094672e-01 9.75177467e-01 -3.29770565e-01 5.83778560e-01
    1.16725874e+00 3.10593009e-01 -7.41616413e-02 1.34355354e+00
    1.60158455e-01 3.23187113e-01 5.58785200e-01 6.99085712e-01
    1.29900146e+00 5.01215681e-02 4.26115423e-01 5.30693531e-01
    9.86926496e-01 -1.03323922e-01 2.09916860e-01 8.26294005e-01
    8.73277009e-01 9.92530763e-01 -3.25428247e-01 1.33168077e+00
    4.70028549e-01 1.91947788e-01 5.83949387e-01 4.72291023e-01
    1.51216790e-01 1.04484391e+00 -2.47491091e-01 -1.33453727e-01
    -5.47482334e-02 6.19901299e-01 4.80316818e-01 1.08568102e-01
    2.43457425e-02 5.85093141e-01 6.15536749e-01 4.67121184e-01
    7.01351762e-01 8.17317069e-01 7.30363607e-01 1.32063878e+00
    -4.65344675e-02 9.17891324e-01 4.88887161e-01 1.11484194e+00
    3.03909987e-01 7.22783804e-01 -3.69089991e-01 -9.86664370e-02
    1.26802444e+00 6.28351510e-01 4.05223697e-01 6.65074348e-01
    -1.57018915e-01 -2.22293720e-01 4.59127724e-01 6.11454308e-01
    1.86840549e-01 -9.97950435e-02 -7.29286969e-02 -2.84937859e-01
    4.00221556e-01 3.98038119e-01 2.60092437e-01 3.14276755e-01
    7.40849793e-01 -3.85911942e-01 1.20001721e+00 8.85104418e-01
    8.03069115e-01 1.24249375e+00 4.80691522e-01 9.65551138e-01
    1.43075919e+00 1.76411822e-01 1.08041596e+00 4.87048402e-02
    1.26628137e+00 -2.28683889e-01 5.97433984e-01 4.26114500e-01
    1.21407282e+00 2.46731177e-01 8.18726718e-01 -2.20169365e-01
    9.58248138e-01 8.63164067e-02 4.06574219e-01 6.88100636e-01
    5.82526386e-01 8.58132482e-01 1.87233567e-01 1.03261578e+00
    1.59948766e-02 1.26583123e+00 4.90801841e-01 -9.90582258e-03
    1.33213735e+00 1.99854113e-02 9.20865655e-01 3.87741178e-02
    -3.12252849e-01 1.13078797e+00 1.07544434e+00 1.16788101e+00
    9.73120570e-01 1.48326531e-01 1.00907719e+00 1.05238986e+00
    8.31185639e-01 1.18542492e+00 -6.96627051e-02 2.67027110e-01
    8.08535635e-01 6.39859438e-01 8.52256119e-01 -1.33040667e-01
    2.32989967e-01 1.10629722e-01 1.33042395e-01 1.29728079e+00
    6.72954619e-02 3.53770852e-01 8.20502460e-01 1.28302050e+00
    -3.12888205e-01 8.68463874e-01 4.77525413e-01 2.15887070e-01
    3.72815222e-01 4.71944541e-01 8.35380316e-01 6.48314714e-01
    3.73569965e-01 -1.44331893e-02 1.21553051e+00 3.27588409e-01
    1.33871269e+00 8.84862125e-01 -2.53462940e-01 1.00408268e+00
    5.40724695e-01 1.11017644e-01 6.90347314e-01 1.02030909e+00
    4.27507371e-01 4.44474906e-01 5.78484498e-02 1.34110880e+00
    -5.19501828e-02 -9.61860195e-02 2.02984631e-01 7.98748970e-01
    -1.88320145e-01 9.79749143e-01 1.06602561e+00 4.51402217e-01
    1.09131896e+00 4.79534626e-01 -1.61854625e-01 2.72401217e-02
    1.31683922e+00 -2.59584904e-01 9.31272268e-01 4.62378740e-01
    1.29771352e+00 -1.23426609e-01 4.84998256e-01 3.50814313e-01
    9.63171542e-01 1.07003653e+00 1.55418873e-01 -2.50210762e-01
    1.02913105e+00 -2.47245774e-01 -1.82490349e-02 3.82592410e-01
    7.67612517e-01 7.34794676e-01 1.21820080e+00 1.24659073e+00
    -4.42637771e-01 9.37834918e-01 5.29216945e-01 6.51743114e-01
    -2.24929914e-01 1.13147902e+00 9.04416621e-01 1.04148185e+00
    9.34927404e-01 3.66117954e-01 2.42416471e-01 3.32423806e-01
    2.94078261e-01 1.18282783e+00 -1.77702829e-02 6.95975900e-01
    6.97253346e-01 -2.84556393e-02 4.37583625e-01 4.13523614e-01
    5.24245687e-02 8.66707981e-01 -2.17189118e-01 1.41416773e-01
    6.18096888e-01 9.61662829e-01 1.12992787e+00 1.20167589e+00
    1.03211534e+00 -1.31789848e-01 3.17258656e-01 -3.47088933e-01
    1.08488464e+00 1.21026766e+00 1.07211843e-01 9.70048964e-01
    1.05782855e+00 -9.30229500e-02 2.98489839e-01 4.53166544e-01
    -1.55790254e-01 -7.79622095e-03 7.74959683e-01 1.18279874e+00
    -2.74362326e-01 7.99158275e-01 -7.76116597e-03 4.23519462e-01
    2.96285987e-01 9.35176432e-01 8.00934494e-01 -3.02008033e-01
    3.54711771e-01 2.59335577e-01 4.64471430e-01 -1.83135390e-01
    1.16739595e+00 7.08786607e-01 -1.76447943e-01 1.01591086e+00
    2.02201977e-02 -1.60472039e-02 1.49180908e-02 1.06644297e+00
    7.11292922e-01 -2.29106635e-01 1.30302715e+00 1.17811310e+00
    -1.04215287e-01 3.05193245e-01 5.64564884e-01 7.21449554e-01
    4.25531179e-01 8.43217611e-01 3.12600374e-01 1.01552457e-01
    1.22162831e+00 4.80707586e-01 4.44203317e-01 9.92575586e-01
    1.19560051e+00 1.77734703e-01 6.91333041e-02 1.05847919e+00
    -3.52089316e-01 1.25769317e+00 5.20901561e-01 -1.55777693e-01
    5.74236155e-01 1.40727437e+00 -6.89850524e-02 3.72849740e-02
    7.96020091e-01 6.54557109e-01 -2.10710540e-01 1.06762290e+00
    1.17532618e-01 9.54551041e-01 3.40562575e-02 -1.19698115e-01
    1.01152694e+00 3.58734787e-01 5.86774886e-01 1.25733949e-02
    4.93318647e-01 -1.67018548e-02 -1.08909130e-01 4.99087989e-01
    4.72063199e-02 9.89887238e-01 1.86128959e-01 1.22730339e+00
    1.83373496e-01 5.46974279e-02 -1.98173478e-01 2.77761102e-01
    1.17012477e+00 2.26697147e-01 -6.82919752e-03 6.38415992e-01
    -4.56288718e-02 5.91527104e-01 1.15779841e+00 1.24203019e-01
    1.12645698e+00 6.34340763e-01 9.54135835e-01 1.10183251e+00
    2.66571969e-01 1.21167469e+00 7.00577617e-01 1.80608705e-01
    3.98915112e-01 9.71556127e-01 6.36894643e-01 8.76435995e-01
    1.77564159e-01 1.08184516e+00 7.22897232e-01 1.25507987e+00
    5.39803803e-01 2.37457767e-01 -6.41366914e-02 1.18355370e+00
    5.51534653e-01 -2.83919632e-01 6.58735871e-01 -1.82858601e-01
    -1.93595007e-01 1.29635274e-01 2.70716578e-01 1.32534698e-01
    2.10191920e-01 5.89121819e-01 4.47984755e-01 1.19954419e+00
    8.14913750e-01 3.81635904e-01 1.05390525e+00 1.27403402e+00
    -9.79967788e-02 -1.95904300e-01 1.34196830e+00 5.37784278e-01
    -1.26364931e-01 7.89498746e-01 7.67231047e-01 1.15447187e+00
    9.64704573e-01 -3.05473387e-01 1.21405530e+00 -4.74955188e-03
    2.92044342e-01 6.93416893e-01 2.68048823e-01 3.42180043e-01
    2.98781842e-01 -3.64244223e-01 1.09540200e+00 -2.86537975e-01
    -2.12510792e-03 -1.14798091e-01 1.16677630e+00 -2.24289805e-01
    2.00109094e-01 8.34710836e-01 1.02059990e-01 9.07567024e-01
    1.21821916e+00 1.24349296e+00 -3.00306946e-01 1.10039818e+00
    6.46086782e-02 2.74652857e-02 1.07172084e+00 9.96685505e-01
    6.02181673e-01 1.27380240e+00 2.69712582e-02 7.24139154e-01
    6.51854038e-01 5.95033288e-01 -2.00626478e-01 2.30999187e-01
    1.04574418e+00 3.59201968e-01 2.22797975e-01 9.57959294e-02
    1.06636614e-01 1.05371737e+00 4.37115997e-01 5.98267257e-01
    9.95282456e-02 1.33470321e+00 -3.11519653e-01 2.99846292e-01
    2.10366342e-02 1.22618473e+00 -3.31388324e-01 4.48505282e-01
    -2.78627962e-01 6.90053284e-01 1.31888855e+00 -1.38530925e-01
    1.24573708e+00 1.00497222e+00 3.78512383e-01 7.47939706e-01
    -8.05618316e-02 6.50393903e-01 2.90662907e-02 7.19011063e-03
    1.22682497e-01 1.24158120e+00 1.47041231e-01 -1.55092245e-02
    1.14216566e+00 1.88801214e-01 8.88098359e-01 1.15508449e+00
    1.16582751e+00 5.40479004e-01 4.29538697e-01 1.32705879e+00
    3.94847840e-01 -4.54440415e-01 9.87400591e-01 1.36151028e+00
    -2.17751756e-01 1.30241442e+00 3.31865370e-01 1.34115303e+00
    -1.56013340e-01 5.93478918e-01 3.21863741e-01 -3.18316460e-01
    1.05886042e+00 2.68596143e-01 1.08812082e+00 6.33759856e-01
    -4.42109331e-02 9.83212411e-01 1.04212046e+00 -8.08916241e-03
    2.76719444e-02 4.26117927e-01 -1.76584125e-01 1.00601113e+00
    1.52434722e-01 7.43292809e-01 3.96740198e-01 1.10542834e+00
    -1.80211782e-01 1.16733539e+00 6.13370061e-01 8.99487734e-01
    -5.18202037e-02 1.28526485e+00 1.65725216e-01 7.39109889e-02
    -1.52605131e-01 5.46607852e-01 -1.38710067e-02 5.79494655e-01
    1.02576530e+00 1.53623432e-01 1.08747530e+00 5.49548447e-01
    7.58919001e-01 -4.52662781e-02 1.03284025e+00 -2.57285625e-01
    -4.17702831e-02 6.69678226e-02 2.61776716e-01 2.12971345e-02
    -1.33325979e-01 5.40770650e-01 -2.81326622e-01 4.53067541e-01
    6.35805503e-02 5.79325818e-02 1.35104752e+00 7.23999739e-01
    8.69287074e-01 -1.65829182e-01 1.17160285e+00 1.01818979e+00
    1.13701224e+00 6.20833933e-01 9.48648930e-01 8.68046135e-02
    1.77265167e-01 6.79282784e-01 5.31605899e-01 1.02614188e+00
    7.14714706e-01 1.18227720e+00 -8.46304838e-03 1.06448114e+00
    7.55189836e-01 3.02151591e-01 -1.40719563e-02 1.28532696e+00
    4.07059580e-01 9.17540371e-01 6.86717451e-01 1.18900502e+00
    3.95463705e-01 1.28753051e-01 1.59959525e-01 7.17658997e-01
    -3.58498514e-01 1.12300682e+00 6.23937845e-01 3.43786180e-01
    1.11196804e+00 1.10229790e+00 -1.99010119e-01 3.49750638e-01
    -2.20537782e-01 2.52649128e-01 1.11823082e+00 1.93522915e-01
    9.99412239e-01 2.02219874e-01 8.18908930e-01 1.98657945e-01
    3.10198069e-01 9.77067411e-01 6.01413436e-02 1.28327978e+00
    -1.12026840e-01 2.49894843e-01 1.72440678e-01 3.37889373e-01
    4.37396795e-01 1.35063362e+00 4.35135216e-01 -5.69559634e-02
    8.16316128e-01 3.89747620e-01 6.70855105e-01 3.44561547e-01
    9.75061357e-01 2.60195017e-01 -2.49721140e-01 -1.23857126e-01
    7.90791690e-01 -1.97399125e-01 4.75507349e-01 9.36143517e-01
    8.60403299e-01 1.12476087e+00 2.70494133e-01 8.37651312e-01
    -8.69416073e-02 1.87923968e-01 1.30684066e+00 4.99745041e-01
    8.54468524e-01 1.16748369e+00 3.86880726e-01 6.28429234e-01
    -2.11650744e-01 5.37812471e-01 6.85659885e-01 5.39613962e-01
    -1.26414999e-01 9.18459535e-01 6.36423081e-02 5.38822174e-01
    2.84722984e-01 2.33101785e-01 1.17118227e+00 -2.15258002e-01
    8.99204239e-02 5.66977024e-01 1.20099187e+00 -2.83354968e-01
    6.42099828e-02 -1.20923601e-01 3.61173809e-01 3.18274051e-01
    4.76003438e-01 5.02906561e-01 -2.06591710e-01 -1.85209021e-01
    8.12627494e-01 1.20936573e+00 5.74893296e-01 4.50571567e-01
    -4.72438544e-01 1.08731437e+00 7.50329137e-01 1.02567685e+00
    6.74245119e-01 1.14427626e-01 3.70374352e-01 1.60178387e+00
    1.58867538e-01 9.92536306e-01 -2.70304620e-01 9.42156792e-01
    1.29708186e-01 1.72488868e-01 8.93127561e-01 4.07484695e-02
    -2.22627357e-01 9.95511293e-01 9.78333294e-01 8.22483480e-01
    7.25496173e-01 1.16875744e+00 5.25430292e-02 2.97292680e-01
    -2.57036537e-01 1.31616473e+00 6.78795815e-01 4.87287253e-01
    8.12630877e-02 1.23328149e+00 1.05337095e+00 7.82355666e-01
    4.82402667e-02 9.45687316e-06 1.01040363e+00 1.12800074e+00
    6.69322789e-01 1.28771400e+00 -7.04183057e-02 -2.82162428e-01
    1.11039209e+00 8.09738755e-01 3.35583150e-01 1.24201202e+00
    1.59142196e-01 7.77716458e-01 1.23754740e+00 7.31974423e-01
    7.02888310e-01 -2.35053241e-01 8.25293243e-01 1.02054870e+00
    -1.89832941e-01 1.19630754e+00 -2.29142874e-01 1.29916459e-01
    -1.38287187e-01 1.07146525e+00 7.71321535e-01 9.75225747e-01
    8.13299179e-01 4.97352891e-03 3.12004298e-01 1.24717772e-01
    1.22515738e+00 5.28033853e-01 9.82066318e-02 4.27437156e-01
    7.10480511e-01 6.70590222e-01 8.79497945e-01 4.14328724e-01
    8.45324874e-01 -1.80821791e-01 1.39747345e+00 3.44849676e-01
    -1.01773001e-01 8.13183010e-01 1.03158724e+00 -8.14946517e-02
    1.58610314e-01 9.00335491e-01 2.16136679e-01 4.92303610e-01
    -4.45451774e-02 2.78121591e-01 7.41264701e-01 -2.85634369e-01
    1.23177433e+00 1.19939089e+00 9.22703072e-02 6.47704601e-01
    8.83745074e-01 5.58314383e-01 8.03338170e-01 7.06891477e-01
    4.05385047e-02 3.97799850e-01 5.62911451e-01 1.40385413e+00
    3.52720097e-02 1.10994804e+00 5.67881823e-01 8.96163821e-01
    3.13362569e-01 -2.05456808e-01 3.62486690e-01 1.29993367e+00
    -8.21067393e-02 5.64177036e-01 3.43411654e-01 4.18765023e-02
    7.67503381e-01 6.11336708e-01 6.20005839e-02 7.97626019e-01
    -1.20155908e-01 -7.29170442e-02 1.29697001e+00 7.29453802e-01
    2.73905456e-01 9.84319091e-01 1.21996725e+00 5.00990868e-01
    1.01939893e+00 8.33900809e-01 1.18202376e+00 1.09144904e-01
    -2.55132794e-01 1.16537166e+00 1.23977244e+00 -1.20638482e-01
    5.99056125e-01 4.58907366e-01 3.70252132e-01 1.33028448e+00
    1.63706228e-01 9.33008313e-01 1.07744098e+00 2.89461434e-01
    7.79254377e-01 6.36317194e-01 2.07317904e-01 4.89218473e-01
    2.43098244e-01 3.35397661e-01 2.81695992e-01 5.35365283e-01
    1.88962184e-02 8.12620103e-01 1.19215953e+00 3.70323844e-02
    -3.09824906e-02 8.40481877e-01 1.19189918e+00 -3.31814557e-01
    1.16202915e+00 -2.82049298e-01 3.89999390e-01 5.48780441e-01
    3.45325857e-01 8.00996959e-01 1.33734918e+00 -1.65578157e-01
    5.63871562e-01 -1.57695100e-01 6.87231123e-01 6.17363572e-01
    4.49145824e-01 -8.38519726e-03 1.02437295e-01 -1.00465901e-01
    1.01305497e+00 1.05447614e+00 -9.82843563e-02 3.18041325e-01
    1.18052948e+00 1.18604994e+00 1.19976604e+00 -2.35965729e-01
    1.03577256e+00 1.65019140e-01 1.56044051e-01 3.10671270e-01
    8.51545572e-01 1.33116841e+00 4.00367886e-01 1.23935807e+00
    6.63401246e-01 1.16039586e+00 8.48691165e-01 2.56588340e-01
    4.79623258e-01 -1.21619023e-01 1.08007503e+00 5.23774385e-01
    1.07838702e+00 8.02075207e-01 7.20256507e-01 8.80424261e-01
    6.61222637e-01 -4.67338301e-02 4.64862704e-01 1.16907394e+00
    8.11935008e-01 -7.66273215e-03 1.03053653e+00 3.67984414e-01
    1.18734241e+00 3.38507444e-01 8.21263075e-01 1.76202655e-01
    1.15518725e+00 1.65218651e-01 1.10134852e+00 -3.08970898e-01
    1.10350251e+00 -1.63311228e-01 -2.09020048e-01 9.08075631e-01
    1.27056623e+00 6.88904762e-01 1.48133650e-01 -1.37277529e-01
    1.19010973e+00 3.61797623e-02 3.46220732e-01 1.12354469e+00
    8.90692234e-01 4.90450971e-02 1.05190384e+00 -2.64202356e-01
    -2.47748811e-02 1.12221611e+00 5.04617453e-01 5.93043685e-01
    4.81325656e-01 6.05277181e-01 1.01271987e+00 3.24418843e-01
    9.61215913e-01 5.67281961e-01 3.63663197e-01 -1.45552769e-01
    1.23593628e+00 6.01108909e-01 6.03091836e-01 3.73599052e-01
    9.15896773e-01 9.00611877e-01 9.11786139e-01 -5.56940585e-02
    9.63937223e-01 6.83718145e-01 3.28689128e-01 1.12307870e+00
    1.01372159e+00 8.58019352e-01 3.98909658e-01 -1.95207909e-01
    9.00608063e-01 2.71644533e-01 8.44440579e-01 3.02217245e-01
    4.40654233e-02 -1.32488579e-01 3.53410188e-03 1.17257845e+00
    7.15934992e-01 8.15103173e-01 7.84073412e-01 -2.74583042e-01
    1.27358472e+00 6.81996167e-01 2.32546926e-01 3.45141441e-01
    9.31097507e-01 7.06945434e-02 8.66704881e-01 -2.46637110e-02
    1.29826677e+00 7.11492181e-01 1.03923881e+00 1.00014937e+00
    -2.56204735e-02 1.00973606e+00 2.75649160e-01 1.12273741e+00
    1.74062431e-01 2.92379886e-01 5.61166227e-01 -1.39112249e-01
    2.83284068e-01 1.12643242e+00 1.35075235e+00 -2.04737931e-01
    7.06862688e-01 -2.40956962e-01 1.03134787e+00 6.00335360e-01
    4.36605304e-01 5.34546673e-01 -4.89209965e-02 -2.34467179e-01
    1.47069201e-01 1.14734805e+00 6.73700273e-01 5.64004719e-01
    1.10070229e+00 1.09100521e+00 -4.34105396e-02 2.52690166e-01
    1.29197729e+00 9.47726369e-01 8.77466440e-01 1.33525571e-02
    -7.61409104e-02 1.28525746e+00 7.52498865e-01 4.84379709e-01
    1.09242177e+00 1.16393244e+00 1.16499662e+00 8.87157440e-01
    3.12610120e-01 5.16676068e-01 6.16786003e-01 9.38112736e-01
    -1.68708146e-01 1.17372704e+00 -8.54734406e-02 2.02645510e-01
    8.88029516e-01 -1.38057247e-01 9.91941929e-01 8.05315018e-01
    3.01848143e-01 1.24656439e-01 -2.74382114e-01 8.61529768e-01
    -1.06786070e-02 7.45490611e-01 7.36877024e-01 1.25298297e+00
    -4.67065815e-03 -4.74097319e-02 5.19455016e-01 -3.02368343e-01
    2.89214909e-01 1.83212698e-01 5.40058017e-01 8.39219213e-01
    3.82061362e-01 8.24893951e-01 4.59476650e-01 5.68501055e-01
    2.61930108e-01 6.38083339e-01 1.14189661e+00 5.08111715e-01
    6.31878525e-02 1.17230821e+00 -4.13704306e-01 8.58155966e-01
    -1.35217816e-01 4.90905643e-01 -8.94021839e-02 4.60556597e-01
    9.55690026e-01 5.14509201e-01 -1.41084537e-01 1.45188749e+00
    2.61155635e-01 8.44239235e-01 2.68387169e-01 4.08752412e-01
    2.33274505e-01 1.08029938e+00 -1.94916785e-01 2.08776981e-01
    -7.45323002e-02 1.33313084e+00 -3.17062326e-02 -2.48393357e-01
    4.07209516e-01 -3.43023211e-01 1.13813579e+00 1.35227814e-01
    1.32921827e+00 7.05842257e-01 -2.32565999e-01 -1.30726844e-01
    3.81368488e-01 -1.92217022e-01 1.16250288e+00 4.75847125e-01
    -1.78370684e-01 9.22007710e-02 7.63150394e-01 5.61867833e-01
    -1.29042730e-01 3.91543835e-01 7.62710214e-01 -1.25586748e-01
    6.94206297e-01 7.53010452e-01 3.23595136e-01 -2.56128460e-01
    1.09496307e+00 -9.29345414e-02 7.07148850e-01 -1.19456328e-01
    -1.16547927e-01 9.52657998e-01 1.23107903e-01 1.03176725e+00
    1.07707489e+00 -2.97408640e-01 1.96196437e-01 8.87477696e-01
    -8.48554000e-02 1.01782322e+00 1.04455841e+00 6.19975507e-01
    2.43449286e-01 3.22203547e-01 2.82618195e-01 3.82955700e-01
    -2.88850158e-01 3.92877370e-01 9.99396741e-01 1.10458910e-01
    1.73332095e-01 -4.17420901e-02 9.87419903e-01 5.96128047e-01
    2.43864715e-01 1.22191775e+00 1.15812373e+00 8.43101323e-01
    1.08914816e+00 2.66635358e-01 -7.33424351e-02 -3.80604327e-01
    1.04053509e+00 7.56606683e-02 5.57568967e-01 3.63317132e-01
    5.88899732e-01 5.32720089e-01 -1.33297801e-01 1.09328878e+00
    4.18466091e-01 -2.13397741e-01 1.04203594e+00 5.23447871e-01
    1.08157122e+00 4.93944168e-01 1.55729771e-01 3.42263222e-01
    2.95043021e-01 -8.94380733e-02 7.28632748e-01 1.03414595e+00
    -2.12041825e-01 2.30780616e-01 1.33259940e+00 -3.77747655e-01
    3.52719933e-01 1.08470666e+00 -8.72758925e-02 1.69765368e-01
    9.07619417e-01 1.21866584e+00 8.26570094e-01 6.39195740e-01
    1.00118175e-01 1.16358423e+00 2.97657460e-01 7.18412757e-01
    8.85513842e-01 9.89331007e-01 -3.29165667e-01 4.72206414e-01
    8.54035746e-03 6.56208634e-01 1.25340199e+00 2.23233387e-01
    8.35393131e-01 5.51559627e-01 7.73532152e-01 -1.77976236e-01
    3.88261884e-01 7.85249949e-01 -2.46215567e-01 2.26039365e-01
    7.41057932e-01 7.18247712e-01 2.90011853e-01 4.79332566e-01
    2.95660824e-01 1.83695063e-01 1.33944499e+00 2.67066598e-01
    1.23950553e+00 8.26957881e-01 1.05191338e+00 4.51725304e-01
    1.11720002e+00 5.21418631e-01 -2.63239294e-01 1.16454613e+00
    6.62613750e-01 6.98850334e-01 3.72019589e-01 1.14052165e+00
    6.66142821e-01 3.96354467e-01 -2.60977238e-01 8.11251104e-01
    2.87720919e-01 9.66565251e-01 6.23679340e-01 3.92035931e-01
    -2.36134186e-01 1.06849778e+00 -3.45943391e-01 9.21915114e-01
    7.67020166e-01 2.20572110e-03 9.82592106e-01 1.80167004e-01
    2.09286988e-01 1.04138982e+00 9.96889353e-01 1.14572382e+00
    1.10170567e+00 9.30191755e-01 1.14356780e+00 4.12592143e-01
    3.78723294e-01 7.81481028e-01 -1.33252010e-01 8.55493367e-01
    3.94744933e-01 2.68709302e-01 8.80875289e-01 1.15382278e+00
    7.73104951e-02 1.51561290e-01 -8.33333563e-03 8.19170892e-01
    -1.19759686e-01 -2.62217194e-01 1.18143284e+00 7.63114154e-01
    1.35580146e+00 6.46691501e-01 1.08770132e+00 4.00897235e-01
    1.29827058e+00 6.78908706e-01 1.09664738e+00 1.07659876e+00
    6.77797019e-01 -1.10379368e-01 7.40346313e-01 5.85721374e-01
    5.76152980e-01 1.13991332e+00 4.36292797e-01 -1.60833463e-01
    7.75230050e-01 3.90865535e-01 6.02497160e-01 -3.73649634e-02
    -1.08405091e-01 3.16219956e-01 1.04007733e+00 -3.50878656e-01
    5.81071913e-01 8.08273256e-01 -6.93548797e-03 1.38918197e+00
    7.69729167e-02 1.27369595e+00 5.07185340e-01 4.54975635e-01
    -7.45550469e-02 1.31985414e+00 9.64495718e-01 1.26487279e+00
    4.49337631e-01 5.40895581e-01 1.21095943e+00 1.52512982e-01
    2.14016680e-02 9.14292753e-01 -1.50547594e-01 -2.20535636e-01
    -1.65610835e-01 7.62917399e-01 -2.43291676e-01 1.28753555e+00
    -1.48612693e-01 7.36910760e-01 -1.61222324e-01 -1.14140861e-01
    7.77959108e-01 2.11315621e-02 -2.27077663e-01 1.13351285e+00
    -3.52280647e-01 3.84017438e-01 -2.27394104e-01 1.36618483e+00
    -2.87767947e-01 9.75535810e-01 1.03255618e+00 -1.07332736e-01
    1.60658419e-01 9.01400685e-01 6.89111173e-01 1.16734648e+00
    -3.08039129e-01 7.17320263e-01 8.90584350e-01 -1.15181237e-01
    8.75219330e-02 1.02732038e+00 1.32388997e+00 8.40769053e-01
    1.02022283e-01 -2.97919661e-01 6.84695244e-01 -2.48674691e-01
    7.59705722e-01 3.51941913e-01 7.97434211e-01 1.42469597e+00
    2.48355878e-04 4.43476951e-03 8.18240166e-01 -5.95092364e-02
    2.84224391e-01 5.68418324e-01 1.33664358e+00 -1.58880398e-01
    7.88234293e-01 -3.34052324e-01 1.01206958e+00 1.26102233e+00
    -3.09867263e-01 9.71546650e-01 8.63216519e-01 6.41391456e-01
    -1.60503104e-01 1.43324447e+00 -1.78444237e-02 1.20701730e+00
    7.04940483e-02 -7.41488189e-02 9.86198008e-01 5.02912998e-01
    7.46237393e-03 -2.60646164e-01 1.28805161e+00 6.45847857e-01
    1.24589717e+00 1.03174031e+00 8.86038065e-01 1.52593076e-01
    6.46984577e-01 1.00151885e+00 1.12813413e+00 -1.76811114e-01
    5.98027349e-01 -5.18491911e-03 1.03284311e+00 -2.10509337e-02
    -8.37162063e-02 9.82744396e-01 1.16685009e+00 1.30520797e+00
    9.98760834e-02 6.57611251e-01 1.27634871e+00 2.92642005e-02
    9.28245336e-02 6.93888664e-01 1.04442239e+00 2.15906069e-01
    8.26066732e-01 7.02756345e-01 8.15103710e-01 -2.06588611e-01
    5.91865182e-01 -2.33585805e-01 5.23111403e-01 1.36213505e+00
    3.98449689e-01 8.31405282e-01 1.00354695e+00 -3.46286267e-01
    8.67135882e-01 3.42872918e-01 -8.13526288e-02 2.34369755e-01
    1.91652015e-01 5.42030483e-02 1.17364645e+00 9.36996400e-01
    -4.28996608e-03 1.18456733e+00 7.50403166e-01 5.94845891e-01
    1.21230352e+00 3.45346242e-01 4.09115165e-01 1.05074383e-01
    1.07417774e+00 1.11739266e+00 7.97692358e-01 1.10033298e+00
    1.85546681e-01 2.91585207e-01 7.49186873e-01 8.11530709e-01
    6.65255338e-02 7.27408886e-01 -2.29573995e-01 4.03215349e-01
    6.81234241e-01 1.22195780e+00 8.05667043e-01 -1.32778674e-01
    7.08645225e-01 6.06265247e-01 1.02794337e+00 5.53170741e-01
    3.58488858e-01 4.11088586e-01 7.40778983e-01 7.73654819e-01
    6.52612567e-01 9.69318390e-01 5.70844948e-01 2.64340490e-01
    7.60594130e-01 8.28073442e-01 1.06599247e+00 1.46427035e-01
    7.67577887e-01 -1.19678140e-01 -4.20430079e-02 -2.86753297e-01
    1.38615429e+00 3.46828222e-01 3.17585647e-01 9.21578240e-03
    2.35912323e-01 3.75913590e-01 6.09219253e-01 -3.12830150e-01
    2.15271279e-01 9.10614491e-01 -2.13103682e-01 9.03076291e-01
    8.03506821e-02 3.36786717e-01 1.10326672e+00 9.46592271e-01
    6.50161430e-02 3.71242642e-01 3.23557526e-01 2.21178365e+00
    3.07515919e-01 -1.21770702e-01 8.27806830e-01 8.57286036e-01
    1.29481447e+00 6.28193378e-01 1.91136464e-01 3.75514537e-01
    1.08144426e+00 1.07969916e+00 4.59201574e-01 9.49152291e-01
    6.67457342e-01 1.00544298e+00 7.83162117e-01 -1.05346940e-01
    1.61944360e-01 1.18448272e-01 6.28688991e-01 5.28410822e-02
    6.63047314e-01 6.16939306e-01 -1.71454206e-01 1.11718282e-01
    -2.21103072e-01 6.02508485e-01 6.64954707e-02 1.32889703e-01
    1.78988576e-01 -2.08526269e-01 1.28197658e+00 1.18437970e+00
    2.42854536e-01 1.35453689e+00 3.70591700e-01 -1.25058547e-01
    -2.01600552e-01 1.53769851e-01 -9.01445076e-02 -1.77395180e-01
    -2.58972257e-01 9.10946846e-01 -1.68907627e-01 1.14007092e+00
    5.33402085e-01 -2.21247792e-01 7.81563103e-01 2.47771680e-01
    -1.61937341e-01 3.38213891e-01 2.73519736e-02 3.87457758e-02
    1.34515798e+00 1.41814083e-01 -5.17629460e-02 1.84488043e-01
    9.79425907e-01 7.64871180e-01 9.73829985e-01 1.19634911e-01
    1.01933146e+00 -2.83274710e-01 7.38245130e-01 -3.03356051e-02
    4.62528527e-01 2.18318298e-01 3.56853276e-01 4.73883688e-01
    1.03073657e-01 2.54424065e-02 7.64896750e-01 -5.34241259e-01
    1.28991675e+00 4.77203697e-01 4.83674258e-01 1.23636723e+00
    8.10915768e-01 2.37058327e-01 4.00263280e-01 3.73708755e-01
    3.73877048e-01 1.18765855e+00 9.00335789e-01 -2.37293631e-01
    4.98967946e-01 3.64400566e-01 1.22580671e+00 1.04223216e+00
    -3.41254473e-01 9.60361898e-01 1.21707030e-01 4.69367474e-01
    1.13957405e+00 2.72919461e-02 1.18084598e+00 1.01265979e+00
    1.11198395e-01 -5.26590273e-02 1.74776092e-01 1.19355667e+00
    2.32790291e-01 -1.80591550e-02 1.26324987e+00 -9.37350690e-02
    1.22944228e-01 -2.12963909e-01 8.53730440e-01 -2.08817735e-01
    7.53633380e-01 -8.45063776e-02 -3.06832880e-01 8.19343209e-01
    -1.32274982e-02 1.28848124e+00 6.04721248e-01 8.63224566e-01
    1.09737492e+00 -2.96120226e-01 4.50792074e-01 -3.16341311e-01
    1.21445918e+00 -9.37500075e-02 -2.67487228e-01 9.89040285e-02
    6.08314514e-01 8.02548766e-01 6.12874269e-01 1.09421551e+00
    8.00070882e-01 1.29349816e+00 5.45130551e-01 2.51699746e-01
    3.29833895e-01 1.23417687e+00 3.90368313e-01 2.91586891e-02
    1.13632810e+00 6.18724108e-01 -3.73407714e-02 4.72672999e-01
    7.98578680e-01 5.03222108e-01 1.42005026e-01 1.16978765e+00
    9.50571358e-01 4.73336935e-01 3.90688509e-01 1.79754406e-01
    9.34013426e-01 4.24432188e-01 1.02071798e+00 5.71624994e-01
    5.31839907e-01 1.22615910e+00 -3.32898200e-01 1.98268965e-01
    1.24682534e+00 6.96428955e-01 -1.00224074e-02 8.95868659e-01
    1.02388129e-01 5.82637370e-01 1.17211068e+00 -4.10089433e-01
    1.16433132e+00 4.29113328e-01 3.90315115e-01 8.39511827e-02
    1.46163964e+00 -3.02678227e-01 1.34858072e-01 8.56903344e-02
    8.94047916e-01 7.69850492e-01 -4.41125512e-01 1.01565695e+00
    4.60937135e-02 6.32905424e-01 4.31623131e-01 6.60465300e-01
    1.04592308e-01 5.04017115e-01 6.09628201e-01 8.47287476e-01
    5.78255177e-01 8.84067357e-01 4.51786369e-01 1.24720788e+00
    2.34972671e-01 1.03647637e+00 1.17258072e+00 -3.33432615e-01
    3.05363357e-01 7.66496599e-01 5.88667452e-01 -3.21963876e-01
    5.34920394e-01 4.62148398e-01 -2.04244033e-01 1.40934575e+00
    6.74039006e-01 -1.04773663e-01 1.35308456e+00 6.41316697e-02
    -2.21686825e-01 1.88824162e-01 1.25504524e-01 8.04467686e-03
    5.18491603e-02 1.18484542e-01 1.20512414e+00 1.50365859e-01
    -7.20657781e-02 4.19881850e-01 1.37836444e+00 -3.84515196e-01
    1.21560371e+00 -5.83189465e-02 8.20624948e-01 -1.67499647e-01
    1.23794973e+00 9.91367877e-01 -1.00925669e-01 5.33387840e-01
    5.01965880e-01 1.10603416e+00 3.53105545e-01 4.28317189e-01
    8.73935699e-01 9.81406569e-01 -5.23635447e-01 1.26078475e+00
    1.03979325e+00 -2.65082210e-01 8.12935352e-01 9.82450783e-01
    -1.53536439e-01 -2.43860669e-02 4.55492049e-01 9.32935894e-01
    6.34800971e-01 8.96765962e-02 -7.47333094e-02 5.62774360e-01
    1.21467400e+00 1.18598664e+00 1.57853931e-01 1.80315956e-01
    -8.18125904e-02 -1.65401936e-01 1.04278708e+00 1.04039955e+00
    9.21413779e-01 9.65098858e-01 9.67549980e-01 3.19687612e-02
    1.24017501e+00 5.57805374e-02 9.51129854e-01 5.66402018e-01
    5.63120961e-01 4.22238499e-01 7.31598258e-01 -1.37670636e-01
    7.86124170e-01 5.36852300e-01 3.89768600e-01 9.33006883e-01
    3.61675650e-01 -7.16882572e-02 -1.38770742e-02 2.37636775e-01
    9.19096529e-01 2.22032994e-01 5.44290543e-01 5.68370521e-01
    -1.22513786e-01 2.07673430e-01 9.15770471e-01 1.25631118e+00
    2.65347540e-01 2.03646138e-01 1.30835533e+00 8.42394829e-01
    1.45660415e-01 7.82422423e-01 1.30773425e-01 -3.50986958e-01
    6.91024780e-01 7.24412322e-01 1.43190891e-01 -1.36781573e-01
    -9.31871682e-02 7.53523111e-01 2.09727380e-02 9.51354921e-01
    1.26722872e+00 5.76295137e-01 1.30004644e+00 -3.62792581e-01
    4.83872890e-01 -2.66405474e-02 7.44607329e-01 8.97036731e-01
    1.09219384e+00 4.91907656e-01 7.11282313e-01 1.14396954e+00
    4.28834766e-01 5.12412608e-01 5.78783214e-01 3.83259684e-01
    9.95269120e-01 1.20333087e+00 4.02043372e-01 7.49048650e-01
    9.75144565e-01 1.32314658e+00 1.15169477e+00 6.39225423e-01
    1.23934650e+00 4.82983977e-01 -1.84905380e-01 8.44237879e-02
    5.35310268e-01 -7.76977539e-02 -3.49208236e-01 1.54546368e+00
    -2.14707702e-01 -1.08199194e-01 1.24381495e+00 5.27555309e-02
    8.34549725e-01 2.67180443e-01 5.41855805e-02 5.59137404e-01
    -4.17749345e-01 8.50714087e-01 8.83335531e-01 4.15349305e-01
    2.63413727e-01 -1.73401982e-01 1.03168964e+00 9.02425230e-01
    3.02389711e-01 3.65987003e-01 -5.55373505e-02 1.22605160e-01
    2.18691736e-01 9.90953028e-01 7.53633440e-01 3.26948524e-01
    3.96002501e-01 3.22508186e-01 -2.19607592e-01 1.37378943e+00
    -2.81929523e-01 8.84050250e-01 7.51293838e-01 -2.53715049e-02
    1.17664814e+00 8.09763491e-01 1.66039258e-01 9.07908261e-01
    -9.11417305e-02 -1.04723513e-01 5.81628978e-01 1.26514161e+00
    -2.95164764e-01 3.96139920e-01 -2.57036269e-01 1.18837929e+00
    2.83823431e-01 1.47709355e-01 3.59461665e-01 1.03349280e+00
    -3.47822249e-01 7.69624233e-01 1.11102164e+00 1.04687095e+00
    4.56900984e-01 8.19022298e-01 -9.41434726e-02 -1.12320736e-01
    9.12677526e-01 8.69820118e-01 2.10648313e-01 8.09427619e-01
    3.38616073e-01 1.17985892e+00 1.39761835e-01 1.95548862e-01
    1.16501904e+00 -2.22418651e-01 -1.01304494e-01 9.91098702e-01
    1.35760516e-01 7.75738955e-01 6.67805433e-01 -1.96719274e-01
    2.91822582e-01 7.79260099e-01 8.33902508e-02 -1.97429582e-01
    1.10452116e+00 1.02595210e+00 -8.43727887e-02 9.65811670e-01
    1.24016488e+00 -1.39617110e-02 8.42740480e-03 1.46096933e+00
    2.28294566e-01 4.83039111e-01 4.00136292e-01 1.22078371e+00
    1.19696915e+00 4.27156478e-01 -3.40218425e-01 1.48798788e+00
    -2.50438780e-01 3.42920125e-01 1.42628777e+00 -7.28622004e-02
    6.60039306e-01 1.20648347e-01 1.36965263e+00 1.73709556e-01
    7.72717655e-01 1.25080872e+00 6.27758265e-01 1.05547571e+00
    1.07167087e-01 9.11858618e-01 1.13472807e+00 1.61255315e-01
    1.18582702e+00 1.90941766e-01 5.45352995e-01 1.99204758e-01
    8.56404006e-01 3.41006875e-01 4.02679712e-01 7.42696822e-01
    8.54916334e-01 6.90789461e-01 5.43878041e-02 7.11883724e-01
    4.56053048e-01 2.00890675e-01 4.42340493e-01 8.36329341e-01
    1.02270722e+00 1.25951600e+00 1.28158584e-01 -2.46485602e-03
    9.54022646e-01 1.09853053e+00 3.92593890e-01 1.20753072e-01
    5.64696729e-01 6.47290587e-01 4.39981014e-01 -2.44325519e-01
    1.07254815e+00 7.64069259e-01 9.85287964e-01 4.41360585e-02
    1.10619044e+00 -3.65075082e-01 4.27312970e-01 5.63940167e-01
    8.25411439e-01 1.06175192e-01 3.11992764e-01 6.17378533e-01
    1.20185471e+00 -3.03645343e-01 4.13627148e-01 8.05909485e-02
    1.29341805e+00 1.19457793e+00 -1.87175542e-01 -7.83049911e-02
    1.93903938e-01 1.03141320e+00 9.09129560e-01 -5.76828010e-02
    1.17881250e+00 1.26834095e+00 4.09873962e-01 6.36789322e-01
    7.36899912e-01 1.09927297e+00 1.23722970e-01 -4.87678163e-02
    8.72634768e-01 8.78137350e-01 3.74758780e-01 8.75536561e-01
    4.97759521e-01 -1.46146994e-02 3.53746355e-01 1.23259711e+00
    -4.70422693e-02 1.30657506e+00 6.64536953e-02 5.06253898e-01
    3.10358942e-01 -2.49557525e-01 1.32933784e+00 9.07850444e-01
    -6.69834390e-02 1.12853670e+00 -1.69455901e-01 5.04433334e-01
    9.02495623e-01 5.26292205e-01 4.71723229e-01 5.74359119e-01
    -3.37557882e-01 1.97449058e-01 1.26403141e+00 -4.55150157e-02
    9.95657623e-01 9.57405210e-01 8.83886814e-02 8.99090827e-01
    -3.23967040e-01 7.16415703e-01 7.58747995e-01 9.74657774e-01
    6.54198706e-01 9.66574430e-01 7.44655430e-01 -5.32061234e-02
    6.24694712e-02 8.89970899e-01 -1.27549961e-01 7.39647806e-01
    8.55122566e-01 4.24627095e-01 1.13698053e+00 1.06680608e+00
    -1.06176838e-01 6.91188812e-01 4.69041348e-01 6.03049695e-01
    1.73210308e-01 8.91462088e-01 1.24591100e+00 -2.58836865e-01
    8.06261599e-01 2.48689324e-01 1.18197763e+00 4.32752430e-01
    6.35348558e-01 3.81368279e-01 -2.28241846e-01 8.33861351e-01
    6.39805913e-01 -3.91023427e-01 7.30772316e-01 6.77047312e-01
    4.09393497e-02 1.40521273e-01 8.01146090e-01 5.06899416e-01
    7.25029767e-01 6.81752443e-01 -2.59838045e-01 4.60885227e-01
    1.14634953e-01 -2.90087849e-01 5.96835852e-01 -3.00187588e-01
    1.19056118e+00 8.79527807e-01 1.02919471e+00 7.74772227e-01
    5.63446462e-01 1.31152248e+00 1.13782346e+00 -1.21677898e-01
    1.51954305e+00 -2.30589569e-01 -6.99661449e-02 5.64457238e-01
    -3.80655751e-02 4.93756495e-02 6.58074260e-01 1.12376881e+00
    1.12699008e+00 1.09189165e+00 6.80020690e-01 2.30931908e-01
    8.69147837e-01 1.43512949e-01 1.09733605e+00 2.81197652e-02
    2.49155521e-01 1.04531951e-01 1.15670621e+00 1.25210941e+00
    -2.77718753e-01 -2.09062040e-01 1.66759342e-01 4.31633860e-01
    2.12579980e-01 4.14358050e-01 9.96928096e-01 -3.21038291e-02
    6.36871755e-01 1.13696325e+00 -1.34800419e-01 1.14947057e+00
    -7.93079659e-02 8.23669076e-01 6.79545179e-02 -3.64224553e-01
    7.86888719e-01 -2.88747221e-01 1.02350032e+00 -3.57200541e-02
    1.38944566e+00 2.33935609e-01 -2.60496847e-02 -4.49353367e-01
    1.15255785e+00 1.08269691e+00 -2.47623131e-01 7.20890045e-01
    2.73932606e-01 1.32896268e+00 -4.51797456e-01 7.03059971e-01
    6.62448645e-01 1.16199088e+00 2.32728079e-01 6.02815412e-02
    1.05940950e+00 -4.80279565e-01 9.68496978e-01 4.93234664e-01
    1.10246456e+00 8.05825472e-01 -1.52309224e-01 -2.16540396e-01
    9.53252971e-01 1.01459789e+00 -2.31838122e-01 -1.25982732e-01
    -1.11479074e-01 8.55602086e-01 3.76781046e-01 1.09233165e+00
    8.61280203e-01 3.05153251e-01 -2.47520115e-02 2.51665115e-01
    -1.98395342e-01 -2.47851059e-01 1.21738589e+00 -1.47190705e-01
    1.11444187e+00 -1.42990619e-01 5.54879606e-01 1.04454644e-01
    1.46901742e-01 6.32263497e-02 2.04211920e-02 8.09083104e-01
    2.49301583e-01 1.27339602e+00 4.93050575e-01 2.33876675e-01
    -1.11499550e-02 6.37020767e-01 -3.14990312e-01 3.48521173e-01
    1.06169522e+00 7.66648889e-01 -4.06581610e-01 3.97409528e-01
    1.11986339e+00 -1.00977167e-01 9.49044585e-01 -2.26604789e-01
    8.79721880e-01 4.69291180e-01 -1.58453315e-01 8.99027288e-01
    -2.74487257e-01 1.12480032e+00 6.23123705e-01 1.94432482e-01
    -2.44562984e-01 3.45249116e-01 1.24109447e+00 8.90396416e-01
    1.00315166e+00 7.87981868e-01 9.30738986e-01 1.12777066e+00
    -1.44632002e-02 4.50962514e-01 -2.09291995e-01 6.98270023e-01
    6.41276062e-01 9.32296738e-02 3.75680506e-01 8.71316135e-01
    8.59472930e-01 4.18685734e-01 -1.16697945e-01 4.70963567e-01
    8.07459056e-01 9.20298874e-01 3.17799896e-01 -6.80710450e-02
    8.08560848e-01 5.03701806e-01 -7.62225967e-03 7.12840915e-01
    -3.27520162e-01 7.78025508e-01 1.37412310e+00 -1.02682896e-01
    1.30160344e+00 9.66492474e-01 5.96163094e-01 9.35782254e-01
    9.85114157e-01 -1.85357422e-01 5.01469038e-02 9.57482696e-01
    5.64467199e-02 -3.86341482e-01 1.26997852e+00 2.12244764e-01
    7.55506456e-01 1.96094692e-01 3.92162442e-01 1.24975443e+00
    -5.40504083e-02 6.41315937e-01 4.53794003e-01 1.42514810e-01
    6.88497424e-01 7.93586373e-02 -2.89849518e-03 5.96799195e-01
    8.86142373e-01 -2.43740100e-02 2.99592912e-01 1.18800318e+00
    8.48062411e-02 -1.54790760e-03 9.93775606e-01 3.52308750e-01
    4.46287543e-01 1.08191848e+00 1.68727025e-01 7.29015693e-02
    1.14179301e+00 2.59568095e-01 1.12001550e+00 7.28933752e-01
    8.91508102e-01 8.71926546e-01 -9.15675238e-02 1.31650722e+00
    4.32204574e-01 9.18063074e-02 1.25213623e+00 7.14557052e-01
    5.74676096e-01 9.32489991e-01 -3.00615102e-01 1.32469559e+00
    -3.30149561e-01 6.57603562e-01 4.60857689e-01 2.34874636e-01
    3.26814711e-01 1.11534810e+00 3.64995539e-01 -1.41183972e-01
    1.04407871e+00 1.19123149e+00 5.28027952e-01 8.61461222e-01
    5.89365773e-02 7.48984933e-01 4.14659768e-01 1.15130663e+00
    2.20795095e-01 1.10768414e+00 6.26466572e-01 1.10610473e+00
    -1.40582815e-01 4.35113609e-02 3.87403846e-01 -9.91409495e-02
    -1.01349801e-01 8.14709842e-01 -3.88678432e-01 1.41503596e+00
    1.67584822e-01 5.95315158e-01 8.79022419e-01 8.03254366e-01
    -1.30891562e-01 6.52392507e-01 3.15046012e-01 -2.62643278e-01
    4.37830649e-02 9.23159182e-01 9.29336488e-01 -2.83444047e-01
    -7.70493969e-02 3.56664300e-01 8.18320334e-01 7.75018260e-02
    2.31898134e-03 1.05466485e+00 1.17176163e+00 3.00416440e-01
    7.05644965e-01 -2.53543645e-01 2.31612086e-01 -1.28377557e-01
    5.80893576e-01 -1.59371853e-01 2.86455810e-01 -8.87811258e-02
    7.05344737e-01 6.65732324e-02 3.53435606e-01 -2.96317071e-01
    4.48261648e-01 1.23967387e-01 9.79350626e-01 3.61821532e-01
    6.63038492e-01 9.21567202e-01 1.08927035e+00 4.12247449e-01
    1.26728880e+00 5.56056127e-02 3.09255004e-01 3.46059501e-01
    1.71055853e-01 1.11647403e+00 -3.42976242e-01 1.35554159e+00
    7.23834872e-01 6.80092871e-01 8.95446539e-02 8.44142213e-02
    1.38470197e+00 2.37727523e-01 1.03893018e+00 -2.28892982e-01
    5.54944277e-02 1.31856024e+00 7.08029345e-02 2.42068231e-01
    3.07583630e-01 1.75393194e-01 2.48878658e-01 9.93067622e-01
    -2.24294141e-01 9.63879526e-01 9.00933683e-01 1.15736365e+00
    1.04708552e+00 6.94126666e-01 -9.20805708e-02 8.14748704e-01
    1.12008378e-02 6.76424325e-01 1.29277039e+00 1.21796012e+00
    4.06597733e-01 -1.47387937e-01 4.90187287e-01 1.07096982e+00
    -1.67508274e-01 1.28860891e+00 1.52662352e-01 7.92990625e-03
    -1.37481496e-01 3.10821712e-01 -6.67517167e-03 1.37203360e+00
    4.44377493e-03 1.35103548e+00 8.71275485e-01 6.19121790e-01
    2.03376293e-01 1.39501595e+00 -1.12409137e-01 4.62478220e-01
    7.17581093e-01 7.83864081e-01 9.35991943e-01 4.23517883e-01
    1.29273951e-01 1.02220798e+00 -1.77175850e-01 1.22370386e+00
    5.02041519e-01 1.35797337e-01 1.04332340e+00 2.46403515e-01
    7.15828061e-01 9.92952168e-01 1.22154713e+00 7.69850373e-01
    9.75706458e-01 1.26402462e+00 1.32682204e+00 4.58855003e-01
    -1.74314275e-01 5.01930416e-01 -1.31781429e-01 3.42447758e-02
    7.86039174e-01 2.56373286e-01 1.11317682e+00 4.37536627e-01
    -6.17603585e-03 7.94863999e-01 1.34080458e+00 1.30619496e-01
    -2.72333711e-01 1.16887999e+00 6.06040835e-01 4.26597923e-01
    1.11330676e+00 -1.21074818e-01 7.65410483e-01 4.29342926e-01
    4.20144141e-01 9.98858154e-01 9.24041867e-01 -7.64831752e-02
    2.97667950e-01 -1.17349096e-01 9.28361177e-01 1.69098660e-01
    8.99014831e-01 9.55618978e-01 4.30791348e-01 2.00873420e-01
    7.79447079e-01 9.69640493e-01 9.63612378e-01 1.09620082e+00
    -2.71739304e-01 5.21742821e-01 1.44405377e+00 4.01902348e-02
    5.68324208e-01 8.62684548e-01 1.14223790e+00 4.68556374e-01
    -1.33830756e-01 9.96060491e-01 -1.28058791e-02 5.10785639e-01
    5.48531830e-01 3.98863196e-01 5.19367456e-01 1.30063844e+00
    8.57281238e-02 6.93681121e-01 3.91426921e-01 2.78914422e-02
    8.97449493e-01 8.76589715e-01 -1.76033899e-01 5.06003141e-01
    1.70838803e-01 2.39760518e-01 9.90195274e-01 9.44253027e-01
    4.01945174e-01 -1.83671951e-01 1.54258519e-01 9.76551116e-01
    1.30259764e+00 6.04138851e-01 -9.09736007e-02 9.32333052e-01
    -2.32508481e-01 -5.06208651e-02 1.75252661e-01 5.10078847e-01
    6.91023111e-01 -8.71421620e-02 9.79080558e-01 8.81244779e-01
    1.23753726e+00 -1.03256322e-01 -8.99255797e-02 1.26555336e+00
    -3.41462716e-02 1.21629393e+00 8.49992856e-02 4.53798920e-01
    6.45309091e-01 7.39547551e-01 9.79872108e-01 8.99661422e-01
    1.13653624e+00 8.98866892e-01 5.03426135e-01 8.94983828e-01
    -1.15999766e-01 9.28607941e-01 1.91050276e-01 7.30017722e-01
    7.79279530e-01 -1.41190201e-01 -9.67558622e-02 7.51388788e-01
    -2.49120623e-01 1.09686553e+00 -1.26980856e-01 -3.09764653e-01
    1.18599343e+00 6.15561783e-01 3.93222928e-01 -2.92747438e-01
    1.11549544e+00 8.07682335e-01 4.96625990e-01 1.25825381e+00
    7.72259176e-01 2.05455050e-01 4.82761025e-01 7.02354372e-01
    8.09456408e-01 -2.04193201e-02 3.49617958e-01 1.33869696e+00
    2.90285975e-01 1.32046688e+00 -4.12115157e-01 1.26252162e+00
    3.39831144e-01 -6.90431297e-02 3.80685687e-01 1.56412452e-01
    1.28158331e+00 6.65874183e-02 1.15769875e+00 9.56888855e-01
    7.28782117e-01 -1.62519347e-02 -2.30736554e-01 9.98736680e-01
    1.65769756e-01 6.62147760e-01 -1.87870964e-01 1.15460265e+00
    8.04720342e-01 6.49277925e-01 4.94157732e-01 1.33440590e+00
    2.27923810e-01 6.02676332e-01 5.94753064e-02 8.22432280e-01
    9.59474385e-01 -2.93075740e-01 6.32222533e-01 6.34561598e-01
    -1.37327880e-01 6.15471125e-01 3.55588347e-01 -3.95687968e-01
    9.32912171e-01 1.36477780e+00 9.81897175e-01 -3.65814954e-01
    8.92491698e-01 -2.11622342e-01 6.86805308e-01 5.09273648e-01
    7.20534384e-01 1.10907030e+00 -6.52553663e-02 7.84821808e-01
    1.37749970e+00 -2.75592022e-02 3.00458670e-01 3.47860068e-01
    3.39385390e-01 -3.40022147e-01 1.22253704e+00 -1.70439556e-01
    5.03805518e-01 2.65932351e-01 3.57219130e-01 8.38151038e-01
    3.48655283e-02 1.47999555e-01 3.88469636e-01 -1.65612370e-01
    8.60989332e-01 1.52818501e-01 -1.48069084e-01 1.00497413e+00
    -2.07980618e-01 6.49103701e-01 1.24191129e+00 2.79453635e-01
    7.86870360e-01 -2.81795859e-01 2.41586164e-01 6.37469530e-01
    1.21249020e+00 1.26440060e+00 1.01770151e+00 -1.04011804e-01
    1.16539431e+00 1.10359895e+00 7.12987363e-01 8.93414855e-01
    8.92235696e-01 -1.42390549e-01 1.01422191e-01 1.36063254e+00
    -1.86535969e-01 -5.29332235e-02 7.00696409e-01 5.54754436e-01
    3.70168500e-02 4.86799240e-01 9.26828504e-01 8.09565306e-01
    -2.35494360e-01 -1.18587464e-02 1.08360374e+00 1.13311338e+00
    -2.12754637e-01 3.93107265e-01 1.11586607e+00 -8.42794925e-02
    1.26219165e+00 -1.19207248e-01 5.42389333e-01 1.24340868e+00
    -3.27750564e-01 -1.65916249e-01 8.20671141e-01 6.06077313e-02
    4.64877695e-01 7.70285368e-01 1.09565127e+00 -2.99477190e-01
    1.36791706e+00 -4.42277640e-02 9.92998838e-01 5.03107667e-01
    -1.15297697e-01 4.19900388e-01 1.19798934e+00 5.95573902e-01
    6.04921699e-01 3.45903337e-01 1.22032389e-01 6.39967978e-01
    1.74793512e-01 -2.75788661e-02 -9.91155803e-02 3.13287169e-01
    1.60743222e-01 9.48253334e-01 1.07557368e+00 6.32363737e-01
    1.11932981e+00 1.11945748e+00 -3.26697141e-01 8.73448849e-01
    1.22066915e+00 6.27779484e-01 -3.45445961e-01 1.16158342e+00
    6.70448542e-01 4.07909989e-01 9.53681469e-01 8.72192979e-01
    2.02619489e-02 3.11857611e-01 9.38444287e-02 1.35231280e+00
    1.10780704e+00 5.12616754e-01 1.84239358e-01 3.70335966e-01
    2.25683436e-01 3.02152216e-01 4.41805691e-01 2.41324812e-01
    2.18230262e-01 7.40524948e-01 -2.60517180e-01 5.20624872e-03
    7.69717693e-01 7.13630140e-01 3.55310708e-01 5.54767027e-02
    1.21236348e+00 2.20229238e-01 -3.30897480e-01 1.97687536e-01
    6.45207763e-01 4.05184031e-01 -1.34997204e-01 3.60664576e-01
    7.16377437e-01 -1.40666649e-01 6.77896976e-01 8.06661844e-01
    1.15987885e+00 -1.70550961e-02 3.74533117e-01 5.48060715e-01
    1.14662421e+00 -1.34955436e-01 2.20934302e-01 7.69410888e-03
    1.26307678e+00 1.54055608e-02 8.10909331e-01 3.33754271e-01
    4.38786924e-01 1.17686212e+00 -3.40104252e-02 3.42639387e-02
    5.67857563e-01 1.30196738e+00 9.31166351e-01 4.36706692e-01
    -3.37822556e-01 7.08010912e-01 -2.88811803e-01 1.32497251e+00
    -3.62786025e-01 1.17874694e+00 5.29246092e-01 8.09421182e-01
    2.47550830e-01 5.34187555e-01 7.40239203e-01 -4.60882932e-02
    8.24752390e-01 7.05000043e-01 4.23194885e-01 -8.80685970e-02
    1.14442503e+00 7.05593646e-01 3.50938827e-01 5.58887362e-01
    8.42509866e-01 7.89412081e-01 4.62935597e-01 3.35759282e-01
    4.34307337e-01 2.52074897e-01 -5.80256805e-02 2.43319333e-01
    1.05046034e+00 -1.71933055e-01 2.59670883e-01 1.77760720e+00
    -1.00211091e-01 5.99246979e-01 2.10567564e-01 1.17807090e+00
    -1.30785927e-01 2.40012184e-01 5.71149349e-01 3.05012792e-01
    1.88364431e-01 1.37242031e+00 4.36985731e-01 6.31439328e-01
    4.25075412e-01 8.31182599e-01 6.28954947e-01 9.15747225e-01
    1.30780011e-01 1.04951966e+00 9.37371731e-01 3.76005709e-01
    1.11783457e+00 -1.68256521e-01 1.17324936e+00 2.26341993e-01
    -2.80339327e-02 1.80637822e-01 1.82927012e-01 4.70577069e-02
    1.29562569e+00 -2.32559163e-02 -8.28933939e-02 1.09767115e+00
    9.28189978e-02 4.21803862e-01 5.55518746e-01 9.41977739e-01
    8.45517814e-01 7.27893859e-02 8.87095094e-01 4.69586492e-01
    7.41212368e-01 4.67975944e-01 7.20891356e-01 -1.33279920e-01
    1.52511165e-01 8.12909186e-01 -7.52927735e-02 8.37254226e-01
    2.23985374e-01 1.09570825e+00 5.28505445e-01 6.40405834e-01
    4.18503195e-01 2.71396875e-01 -3.71545941e-01 6.51418984e-01
    -1.11736692e-01 1.59263819e-01 1.07943690e+00 9.37139928e-01
    1.20346904e+00 -4.40218091e-01 6.34295106e-01 1.26886129e+00
    1.44093677e-01 7.66172886e-01 5.61636984e-01 -2.35499084e-01
    6.14245594e-01 7.87184119e-01 8.02995861e-01 -2.17618182e-01
    5.65889180e-01 7.83236563e-01 1.15337849e+00 1.11136127e+00
    9.84413803e-01 1.19434643e+00 -5.82740903e-02 2.45173126e-01
    1.14785588e+00 7.27828026e-01 5.27978778e-01 3.93870145e-01
    4.10155237e-01 5.25378346e-01 -2.31271610e-01 1.32117271e-01
    8.39065373e-01 -1.69233903e-01 4.63808551e-02 -1.65346310e-01
    1.13883996e+00 7.28097498e-01 6.19598508e-01 6.09695554e-01
    5.27143657e-01 4.27697822e-02 -1.73819348e-01 1.50903948e-02
    5.21640778e-01 7.37872049e-02 -1.65015593e-01 3.62401783e-01
    1.06802750e+00 7.04756975e-01 4.40884084e-01 -1.63921475e-01
    1.13656032e+00 7.98747182e-01 -2.40145236e-01 8.08270514e-01
    7.07148612e-01 1.22627258e+00 6.59828663e-01 1.28621960e+00
    7.06673861e-01 5.76209784e-01 7.94319868e-01 1.14627540e+00
    1.22694969e+00 8.24910641e-01 8.50449741e-01 1.17405236e+00
    -2.36332968e-01 5.53951502e-01 1.43292278e-01 4.20395523e-01
    7.08958030e-01 8.76405656e-01 5.61212599e-01 -2.71678776e-01
    6.73067451e-01 8.92823517e-01 9.66129422e-01 2.58541495e-01
    -6.25794083e-02 1.17283702e+00 1.80609912e-01 4.79500979e-01
    1.03688729e+00 -8.19073543e-02 -7.95172602e-02 1.37659752e+00
    -3.39969963e-01 3.23650599e-01 9.41157877e-01 8.81560862e-01
    1.00940835e+00 7.71192372e-01 1.11083162e+00 4.29222763e-01
    1.08895862e+00 5.11805713e-01 5.60724854e-01 3.73318851e-01
    -2.31110349e-01 8.73318374e-01 4.91673529e-01 1.49223387e-01
    4.09743607e-01 9.08231199e-01 1.17917992e-01 7.92640150e-01
    -6.42464310e-02 1.07537627e+00 3.15761983e-01 2.98182458e-01
    1.09030449e+00 -2.61977851e-01 -8.19577053e-02 1.01811945e+00
    1.19803131e+00 8.89817238e-01 5.98489821e-01 -3.02100241e-01
    4.70882446e-01 1.44680170e-02 4.05016303e-01 2.82681435e-01
    3.00328702e-01 9.65919912e-01 1.36044347e+00 9.71321389e-02
    1.13465464e+00 -3.15229058e-01 1.36359012e+00 1.90875411e-01
    2.32041534e-02 -4.05444689e-02 2.90129870e-01 7.53632247e-01
    8.54505837e-01 5.52714169e-01 1.01178205e+00 6.18595660e-01
    1.25269842e+00 3.74452740e-01 -1.75470531e-01 1.12440252e+00
    2.36388281e-01 5.15501499e-02 4.55103129e-01 3.65510911e-01
    -4.00759615e-02 1.00521529e+00 -3.06652486e-01 1.15433753e+00
    1.19199324e+00 1.08880126e+00 5.81578076e-01 1.56880647e-01
    -8.43697637e-02 5.08672893e-02 1.37939417e+00 -1.84454396e-02
    7.19628453e-01 3.51153612e-01 -7.43144676e-02 1.25555980e+00
    1.17273891e+00 -3.66683245e-01 9.43307802e-02 1.09082615e+00
    7.74938762e-01 3.87535661e-01 8.06632400e-01 8.98302972e-01
    1.13741374e+00 -1.17797092e-01 1.01442707e+00 9.67909753e-01
    -2.91864097e-01 5.67994893e-01 7.22124994e-01 1.01288724e+00
    1.43070832e-01 8.55384052e-01 2.58832872e-01 1.44408429e+00
    -3.00299823e-01 1.46207616e-01 1.61415160e-01 7.54351258e-01
    7.57155299e-01 7.49096096e-01 6.81470186e-02 -2.52584547e-01
    1.18573987e+00 -1.77614316e-01 9.58939552e-01 6.53946161e-01
    5.90256512e-01 8.61684859e-01 1.04937680e-01 2.12459064e+00
    6.70376360e-01 -2.34094802e-02 7.41465867e-01 7.34131217e-01
    1.14420700e+00 5.11091709e-01 -2.05551181e-02 -2.22074986e-02
    9.54609156e-01 -3.37676078e-01 4.87585180e-02 2.28579655e-01
    4.58008319e-01 2.46112093e-01 3.33618820e-01 1.06761718e+00
    3.40666860e-01 3.03325444e-01 1.68237597e-01 8.71385455e-01
    -2.01507837e-01 1.41720724e+00 1.25942633e-01 7.35802114e-01
    9.50336456e-01 1.16477990e+00 6.87775373e-01 1.06435227e+00
    7.28061318e-01 1.26651514e+00 -4.20783684e-02 9.57381725e-02
    8.40958357e-01 4.04233068e-01 5.32451034e-01 1.00846732e+00
    1.43899657e-02 3.05775195e-01 5.25877059e-01 8.86499286e-01
    5.62040567e-01 1.08459227e-01 -3.17127734e-01 2.72360444e-01
    3.78315955e-01 -2.51452655e-01 1.36667073e+00 8.76579463e-01
    -7.19009191e-02 -1.20088033e-01 3.88880193e-01 -2.50429034e-01
    8.10480833e-01 8.81480873e-01 1.05741286e+00 9.43745315e-01
    8.83127809e-01 6.81660593e-01 -2.49224678e-01 4.70279381e-02
    2.54300803e-01 1.23879445e+00 -3.22848797e-01 1.13976562e+00
    3.47180933e-01 3.65769714e-02 5.00717998e-01 1.14604402e+00
    -2.63109416e-01 2.94697702e-01 7.11594760e-01 1.20896816e+00
    -4.03011978e-01 7.59725213e-01 1.17418671e+00 -4.00453389e-01
    9.97340500e-01 1.12716603e+00 7.70691857e-02 1.30463505e+00
    9.18817759e-01 1.03754103e-01 6.30327880e-01 3.80349815e-01
    1.13125467e+00 -1.45317480e-01 1.29241538e+00 -2.53879726e-01
    1.19588900e+00 -1.26475662e-01 3.81814361e-01 1.22921777e+00
    -2.09638834e-01 -2.70167798e-01 5.95030665e-01 -1.75085694e-01
    1.29249620e+00 1.33894825e+00 3.80466044e-01 4.59130704e-02
    1.24573207e+00 9.92718637e-01 1.33037293e+00 2.11453915e-01
    -1.93607584e-01 3.09431225e-01 6.95865870e-01 6.13737166e-01
    1.01823902e+00 1.79730952e-02 3.19571555e-01 2.35607728e-01
    4.90894616e-01 -1.28091007e-01 9.02726293e-01 1.12759635e-01
    4.71587747e-01 -2.86961913e-01 2.52254773e-02 5.60926139e-01
    5.23076296e-01 9.11117613e-01 1.53133810e-01 8.79479229e-01
    1.37699125e-02 7.86990643e-01 -1.34919569e-01 1.17443252e+00
    9.89466250e-01 1.00558341e+00 1.15870845e+00 6.67736888e-01
    7.49982119e-01 -5.53250201e-02 7.66826272e-01 8.79196882e-01
    -2.69625355e-02 -4.23917584e-02 5.19079745e-01 1.03592968e+00
    1.24898207e+00 1.03127673e-01 -7.94317648e-02 -3.76518726e-01
    1.05564356e+00 1.16374409e+00 7.75057197e-01 1.03663325e+00
    -1.37162372e-01 1.46789908e-01 -2.71358311e-01 6.24550104e-01
    3.37747544e-01 1.04138777e-01 6.46998525e-01 7.92679787e-01
    1.68838486e-01 -1.12632595e-01 2.10288107e-01 3.05037290e-01
    1.14760029e+00 3.06150287e-01 -4.93541025e-02 7.97755301e-01
    9.40561891e-01 6.74336553e-01 3.67172778e-01 4.95733976e-01
    1.07000148e+00 8.23090896e-02 3.98719817e-01 -3.51086229e-01
    -1.40315145e-01 1.54805079e-01 7.87435174e-02 1.32925487e+00
    3.76390994e-01 1.40232480e+00 -1.92714542e-01 3.72645050e-01
    -4.84940782e-03 2.82566816e-01 4.03118610e-01 -4.82547469e-02
    -2.78360844e-01 9.19892564e-02 1.46750128e+00 1.85650028e-02
    2.64831856e-02 5.38541079e-01 1.24807668e+00 -2.67058965e-02
    2.75608957e-01 2.42009267e-01 4.37028706e-01 7.56549895e-01
    2.47120127e-01 8.18355799e-01 3.82509410e-01 7.42391348e-01
    2.11291566e-01 -1.66370049e-01 3.53764504e-01 -2.17410326e-01
    3.06257993e-01 -7.84311295e-02 2.70512491e-01 -3.16022873e-01
    9.13823470e-02 3.44022691e-01 5.88868022e-01 3.46286684e-01
    1.17025244e+00 7.55950868e-01 -3.48881930e-02 1.50877923e-01
    7.72359192e-01 4.99034792e-01 -1.22380719e-01 1.27078712e+00
    2.11884230e-01 1.06984651e+00 -1.87654674e-01 1.39963603e+00
    -4.02135015e-01 9.08923801e-03 9.40040410e-01 7.71781921e-01
    2.75028974e-01 3.44765484e-01 6.04913652e-01 4.32878822e-01
    6.86939299e-01 4.79080945e-01 3.77653837e-01 1.34620094e+00
    -3.51992160e-01 9.74642098e-01 7.28469610e-01 1.99923232e-01
    4.76782769e-01 -1.78410575e-01 1.20161474e+00 9.45977926e-01
    2.22048312e-01 9.36954439e-01 1.38591027e+00 6.97208494e-02
    8.69726002e-01 4.10854757e-01 -2.07687959e-01 1.03775597e+00
    3.23575996e-02 6.03540063e-01 1.56388935e-02 2.30619407e+00
    1.34662473e+00 6.53387845e-01 -2.83138007e-01 1.32704902e+00
    6.58240736e-01 1.10553253e+00 -8.67363587e-02 4.46925431e-01
    9.01637852e-01 1.12071741e+00 -2.30274141e-01 3.39407148e-03
    7.09812999e-01 9.87946272e-01 5.64618587e-01 -2.98335254e-01
    1.12240851e+00 1.09678650e+00 4.13467251e-02 1.37164724e+00
    3.07084322e-01 4.94638830e-01 6.83547616e-01 4.20162559e-01
    7.45970428e-01 4.73954827e-01 6.61473453e-01 3.56563866e-01
    6.06624842e-01 1.27754843e+00 -1.75772890e-01 8.76969919e-02
    -5.07547557e-02 1.11818507e-01 1.01461589e+00 9.61642742e-01
    9.42426503e-01 -1.58451304e-01 4.69222635e-01 -1.38513446e-01
    1.33066928e+00 -3.35825950e-01 1.42148328e+00 7.48346150e-01
    2.94691712e-01 1.17419434e+00 -2.17549980e-01 6.79521039e-02
    1.35878778e+00 3.84322077e-01 -6.88593015e-02 1.31154346e+00
    -6.21252880e-02 9.22495902e-01 1.26308262e+00 -2.78801292e-01
    1.07728171e+00 8.81646454e-01 3.06114648e-02 1.27255011e+00
    4.08935040e-01 8.78026783e-01 2.78279185e-01 9.70788956e-01
    3.43834639e-01 5.07710934e-01 9.34862435e-01 1.05758739e+00
    4.10247892e-01 1.21069753e+00 -2.11775854e-01 -3.68812978e-01
    9.13755178e-01 9.12497997e-01 -2.44780034e-01 5.97472727e-01
    9.82259631e-01 4.87157702e-02 1.15169728e+00 5.42588010e-02
    -1.09187387e-01 -8.19061995e-02 3.03498209e-01 6.47106230e-01
    4.54247147e-01 9.94725823e-01 3.65172446e-01 1.10943341e+00
    1.98605120e-01 1.38887703e+00 -2.14934185e-01 4.90314096e-01
    7.14127123e-02 1.11267972e+00 4.09960926e-01 9.77949142e-01
    9.21464115e-02 5.12537301e-01 1.76366210e-01 2.61639833e-01
    -1.88913286e-01 6.67860880e-02 4.87213194e-01 1.15402080e-01
    3.58100414e-01 5.78280389e-01 -3.10508132e-01 1.24230874e+00
    -2.78782517e-01 5.13439000e-01 -2.32026368e-01 3.86852957e-02
    2.47590750e-01 9.32515860e-01 6.19525969e-01 -9.22291726e-02
    -1.76200300e-01 1.18667841e+00 2.13099420e-01 8.97345066e-01
    3.04929823e-01 9.01468337e-01 4.21593726e-01 2.24928617e-01
    4.13497478e-01 9.85284805e-01 7.80678689e-01 -1.59616470e-01
    -7.04056025e-03 1.11162984e+00 -2.77408749e-01 1.96925506e-01
    -2.55416065e-01 8.34258556e-01 6.09107673e-01 6.81377351e-01
    3.66999060e-01 -1.53759152e-01 7.64560997e-01 -2.98926741e-01
    3.24485481e-01 1.31765616e+00 -1.23297065e-01 1.36464691e+00
    7.54438221e-01 1.13446283e+00 -2.56152868e-01 1.79606363e-01
    -2.64336795e-01 1.03556538e+00 6.81508243e-01 1.25847828e+00
    1.29708603e-01 1.31199563e+00 1.70562938e-01 1.42798698e+00
    -2.13040039e-01 1.37903595e+00 1.52876869e-01 1.98721424e-01
    6.05984330e-01 1.36105275e+00 5.25505245e-01 -1.57540873e-01
    9.14342642e-01 8.51741910e-01 3.69736314e-01 1.00084364e+00
    1.25662893e-01 1.31101155e+00 8.32945526e-01 1.12167978e+00
    6.35783017e-01 7.75270402e-01 4.27410275e-01 -3.57310116e-01
    6.23111963e-01 5.24422228e-01 4.95891839e-01 1.34880662e+00
    -1.17087699e-01 -1.02602905e-02 2.79217988e-01 2.87326366e-01
    1.31122744e+00 -1.21834256e-01 -2.63938874e-01 -2.22350135e-01
    1.07742369e+00 3.90874147e-02 8.40856910e-01 3.27847809e-01
    1.10594940e+00 4.65657681e-01 1.08588219e+00 -3.30586955e-02
    1.00460136e+00 3.50745618e-02 4.54017460e-01 1.08350348e+00
    -5.18797673e-02 8.40211630e-01 3.22540969e-01 4.45684463e-01
    5.97937822e-01 1.10705197e+00 1.07867932e+00 1.27055931e+00
    7.65463769e-01 4.05077785e-01 9.69398081e-01 -1.87431723e-01
    1.01675057e+00 -4.10270214e-01 1.27321124e+00 7.25336850e-01
    7.87580535e-02 1.25010383e+00 1.22108924e+00 2.05252156e-01
    5.23999393e-01 4.17655498e-01 -2.44535521e-01 6.13143384e-01
    9.91044521e-01 8.07646513e-01 -9.01469514e-02 1.01015115e+00
    1.27670944e-01 5.15298545e-01 -4.36739288e-02 3.55808645e-01
    2.79150736e-02 3.78403991e-01 2.27682531e-01 2.84286767e-01
    5.90121269e-01 1.22813094e+00 4.40933883e-01 3.49122971e-01
    1.30236042e+00 -7.30176717e-02 1.57289490e-01 9.10696089e-01
    8.90806437e-01 9.45542008e-02 -1.99583560e-01 9.63005543e-01
    1.13559425e+00 9.87172902e-01 4.56424057e-01 2.38375962e-01
    5.24630845e-01 -1.60882071e-01 6.70657456e-02 1.19331002e+00
    9.31588292e-01 1.25000834e+00 -3.48127894e-02 6.10638000e-02
    -2.46470660e-01 -6.66923672e-02 7.80949354e-01 -1.11886106e-01
    6.39723063e-01 -3.56932253e-01 1.07436788e+00 5.57262778e-01
    6.41406834e-01 9.43127036e-01 6.26697958e-01 1.07604516e+00
    1.18554127e+00 1.01966195e-01 1.22658634e+00 -9.69196334e-02
    2.35385939e-01 -2.34758422e-01 2.51555353e-01 -1.30353365e-02
    1.10089540e+00 -6.33782819e-02 9.97497141e-01 8.42643380e-01
    7.24639773e-01 7.65028775e-01 -3.36832255e-01 1.50620663e+00
    7.59615183e-01 8.72855723e-01 7.52011597e-01 5.89323938e-01
    1.43153220e-01 6.29850447e-01 1.19855411e-01 6.37097061e-01
    -8.94283950e-02 4.08127487e-01 9.66770887e-01 3.31868052e-01
    6.71970844e-01 -2.74326235e-01 7.53774822e-01 7.29923368e-01
    -3.68260622e-01 5.04498541e-01 6.29439831e-01 4.79466140e-01
    8.24597836e-01 8.41620624e-01 5.17106056e-01 -6.63617551e-02
    -6.83478266e-02 -1.33915454e-01 7.12917566e-01 2.38252908e-01
    -1.03839964e-01 -1.30870491e-01 5.13172090e-01 6.31961584e-01
    2.89938152e-01 -2.79109590e-02 5.26155710e-01 7.94531882e-01
    7.92594194e-01 5.48639297e-01 8.78572762e-01 1.10704482e+00
    -5.63404225e-02 1.43779948e-01 6.28869116e-01 1.15385234e+00
    2.49836832e-01 1.21786267e-01 7.99383342e-01 1.00591981e+00
    2.39588693e-01 1.24969041e+00 9.78903651e-01 7.22537220e-01
    7.58729935e-01 1.24022007e+00 1.84005529e-01 1.13898015e+00
    -9.27506536e-02 1.14480114e+00 3.07862699e-01 3.10981363e-01
    6.47841573e-01 9.28312898e-01 8.74929786e-01 1.19568706e+00
    -2.47106090e-01 4.04410571e-01 -1.10761084e-01 1.10058403e+00
    7.10273087e-01 -2.30150819e-01 1.19281566e+00 1.10591435e+00
    2.85412878e-01 -1.83024202e-02 1.87090188e-01 1.25243163e+00
    5.19254029e-01 8.19462299e-01 1.29629993e+00 1.28990102e+00
    -1.85251206e-01 9.42410946e-01 -1.88911512e-01 4.48501259e-02
    1.05711952e-01 1.63971677e-01 8.15546334e-01 1.09516954e+00
    3.12307090e-01 2.21307799e-01 1.30854511e+00 1.24215698e+00
    7.98531532e-01 2.91909069e-01 -3.44765395e-01 7.32680261e-01
    -1.53713748e-01 1.81848094e-01 1.35475159e+00 2.60928810e-01
    1.26289165e+00 -1.86388075e-01 -2.71182328e-01 9.93335366e-01
    3.83291841e-01 8.28184426e-01 1.14784503e+00 7.57562816e-01
    4.83962715e-01 1.11229253e+00 9.95692909e-01 -3.95382971e-01
    4.74771678e-01 3.13667417e-01 1.40575290e+00 9.68571424e-01
    1.32164812e+00 2.59082586e-01 8.24216008e-01 3.11409608e-02
    1.01282045e-01 6.95459366e-01 4.32905912e-01 -2.34111503e-01
    -1.54240027e-01 9.28629875e-01 1.57328263e-01 5.45428991e-01
    -1.85027122e-01 3.62767011e-01 -2.65666723e-01 1.22998607e+00
    4.25125569e-01 7.08393037e-01 8.32869709e-01 1.78415626e-01
    1.18399262e-01 1.83615878e-01 7.75703371e-01 -8.58372077e-02
    -1.05135426e-01 2.89941996e-01 9.83540297e-01 9.50309932e-01
    9.61168110e-01 8.19395363e-01 6.25049949e-01 1.13166340e-01
    1.26785314e+00 1.09470427e+00 1.14767700e-01 1.06333041e+00
    1.48589253e-01 1.09085000e+00 1.07813716e+00 7.67135978e-01
    2.43339717e-01 1.14265072e+00 1.04799092e+00 3.34427863e-01
    5.13074458e-01 8.66760686e-03 4.66786295e-01 4.39592451e-01
    1.13807666e+00 5.74303687e-01 7.70594835e-01 5.73487729e-02
    -2.07473904e-01 1.00386584e+00 9.09836888e-01 -1.10561550e-01
    4.93360996e-01 5.99790633e-01 1.14018627e-01 8.67801428e-01
    -7.21002147e-02 -1.16784051e-01 5.32938719e-01 1.76017880e-01
    -2.30319545e-01 1.37498271e+00 4.45657402e-01 -4.94239330e-02
    1.35393810e+00 -1.98063150e-01 7.05023259e-02 4.71105486e-01
    1.47292987e-01 1.06269908e+00 1.24505460e+00 -1.91891612e-03
    5.00294685e-01 3.01777631e-01 3.40759188e-01 8.93342018e-01
    -4.69152443e-02 9.55937684e-01 9.68244374e-01 1.30695105e+00
    3.24579090e-01 7.05246985e-01 8.23078573e-01 1.50220901e-01
    -2.05906644e-01 2.38155782e-01 1.02883494e+00 9.46354568e-01
    8.03332686e-01 6.26212180e-01 -2.37563252e-01 4.22776967e-01
    3.47228348e-02 7.58305967e-01 6.55979753e-01 -1.96704865e-01
    -6.75634146e-02 -1.60139695e-01 1.08278620e+00 -1.72026649e-01
    5.25070965e-01 9.40005600e-01 2.14006290e-01 8.27472091e-01
    1.21266019e+00 1.02433872e+00 5.81354380e-01 9.45107281e-01
    1.26314497e+00 7.42453694e-01 -2.02213123e-01 2.71650672e-01
    8.96741033e-01 1.22705865e+00 1.18945682e+00 -3.39486003e-01
    7.18019187e-01 -6.15341552e-02 4.00008708e-01 4.52816933e-01
    -1.98558837e-01 4.32542711e-01 -1.90958500e-01 1.34380317e+00
    1.01284993e+00 9.48024929e-01 5.69875836e-01 4.64924783e-01
    9.60683078e-02 1.29685855e+00 -1.47530297e-02 1.03692853e+00
    -2.48366028e-01 1.16903687e+00 2.19340310e-01 -2.43173465e-01
    4.90110606e-01 4.33323801e-01 -3.41816008e-01 5.75997412e-01
    2.54098237e-01 7.50536680e-01 7.06765175e-01 3.94362509e-01
    1.01041161e-02 4.26045030e-01 6.97709203e-01 3.66649866e-01
    1.51946992e-01 1.13747323e+00 1.19584954e+00 1.10192609e+00
    5.81946909e-01 2.27725729e-01 1.19762611e+00 1.04628670e+00
    1.13386559e+00 5.95383286e-01 7.28898883e-01 5.06988764e-01
    8.53588641e-01 1.01229942e+00 3.83730173e-01 7.18362704e-02
    3.41658741e-01 7.90899336e-01 1.16372681e+00 1.01973140e+00
    1.33983994e+00 -2.43105471e-01 1.74371943e-01 4.41609681e-01
    8.10386300e-01 7.98660368e-02 6.06647372e-01 2.81417131e-01
    1.20467281e+00 1.13257110e+00 1.58978507e-01 8.08462083e-01
    1.10280287e+00 1.11258340e+00 6.29255652e-01 6.48443162e-01
    9.41505849e-01 -3.39589208e-01 7.56452620e-01 -1.93618894e-01
    9.16738883e-02 4.53605056e-01 1.20516920e+00 8.40299189e-01
    7.52380073e-01 2.46404260e-01 1.01995349e+00 1.03277540e+00
    6.63890004e-01 1.21722913e+00 -3.05487007e-01 6.88478053e-01
    3.92454192e-02 1.77938923e-01 -4.82713208e-02 1.21712005e+00
    3.71356666e-01 7.46038139e-01 -3.47167373e-01 -2.17307016e-01
    3.98098789e-02 1.59509648e-02 1.43304840e-01 -2.12313324e-01
    1.22677577e+00 1.02333534e+00 -1.77614942e-01 1.20704055e-01
    1.20529568e+00 -9.41854157e-03 8.41350317e-01 6.25822783e-01
    8.22780848e-01 3.22742999e-01 1.01312971e+00 5.50138712e-01
    6.01563811e-01 -2.40895629e-01 8.45972076e-02 -3.10664028e-01
    8.12819958e-01 1.10305226e+00 8.70814383e-01 -1.54086843e-01
    4.16393250e-01 1.03583324e+00 9.04844642e-01 7.92267501e-01
    4.15752649e-01 3.96473020e-01 1.85207054e-01 4.09606308e-01
    5.33045173e-01 4.19853359e-01 1.46990925e-01 1.01540387e+00
    1.03411317e+00 -4.40635890e-01 1.11896741e+00 2.28645757e-01
    -4.84596677e-02 1.03898394e+00 -2.79428631e-01 1.00918978e-01
    -1.39930388e-02 7.39499032e-01 -1.90667212e-01 -1.55638322e-01
    2.20609158e-01 1.08210802e+00 5.92876554e-01 -1.84507027e-01
    1.17072761e+00 1.08228385e+00 1.00004756e+00 1.18482924e+00
    -2.12605551e-01 5.69730937e-01 5.71256816e-01 2.86578953e-01
    -2.51183331e-01 -7.97920078e-02 8.79771054e-01 1.29393756e+00
    9.88589525e-01 -3.10294032e-01 1.08360207e+00 9.75334272e-02
    9.68817651e-01 1.10864949e+00 5.79817832e-01 -3.04773211e-01
    5.76259494e-01 6.43134415e-01 7.15941072e-01 -2.58605957e-01
    -1.31363660e-01 1.16345823e+00 4.43105698e-01 -3.78508195e-02
    5.09720683e-01 9.01912749e-01 -3.16405207e-01 -1.99103191e-01
    1.15999430e-01 3.97498220e-01 8.03322971e-01 8.05063725e-01
    1.49594367e-01 2.06730396e-01 5.41660309e-01 2.21220427e-03
    8.90295804e-01 3.53311211e-01 5.16053796e-01 -2.85671595e-02
    1.03651810e+00 8.88925910e-01 -1.61903411e-01 -2.00064201e-02
    1.26132619e+00 1.01291943e+00 1.55894712e-01 4.99165088e-01
    -1.47972941e-01 1.32022071e+00 3.00131202e-01 1.38695836e+00
    -2.02354193e-01 3.05367187e-02 1.37724221e+00 -3.06601554e-01
    3.63023221e-01 1.43512249e+00 -1.63545206e-01 1.86375738e-03
    1.17745984e+00 5.92307091e-01 -1.98548790e-02 1.09904075e+00
    1.38180628e-01 1.22741841e-01 4.66828704e-01 4.22403455e-01
    1.68980330e-01 1.09782958e+00 6.06912017e-01 2.84293890e-01
    1.52134910e-01 1.12243688e+00 -3.28717902e-02 2.11783946e-01
    1.29158056e+00 -1.72089055e-01 1.05264390e+00 1.09459567e+00
    2.40096569e-01 1.26129460e+00 1.18554902e+00 4.13141966e-01
    5.64991653e-01 -3.80015463e-01 9.31550741e-01 1.16119897e+00
    2.96269935e-02 1.00703764e+00 1.88028142e-01 9.52184856e-01
    2.53755122e-01 5.16293585e-01 1.13593388e+00 2.45218897e+00
    -1.51686013e-01 -1.22380309e-01 9.22881663e-01 -1.73632440e-03
    1.17800629e+00 5.60422838e-01 1.34066805e-01 1.78554311e-01
    -3.16757649e-01 6.21944845e-01 2.44593531e-01 -1.71850889e-03
    1.96621537e-01 9.32569623e-01 1.17079604e+00 -2.04417691e-01
    7.72938251e-01 1.28803685e-01 2.38960192e-01 8.68932828e-02
    2.91341394e-01 8.44302833e-01 8.09558392e-01 -3.33633810e-01
    1.27152896e+00 -3.56252074e-01 9.60791409e-01 1.20033324e+00
    5.18148839e-01 -1.17514931e-01 1.02175248e+00 -5.99291772e-02
    1.36496675e+00 1.10980320e+00 1.30920127e-01 1.16123819e+00
    7.04105794e-01 3.95991504e-01 1.00703859e+00 -3.10799461e-02
    5.44367790e-01 8.13531458e-01 7.24546790e-01 -2.04770133e-01
    9.74068940e-01 -3.33170027e-01 -1.40396237e-01 1.00629643e-01
    3.27426106e-01 2.88168281e-01 9.76748586e-01 -2.23856151e-01
    1.09362042e+00 1.15235555e+00 1.20577049e+00 -2.96852022e-01
    1.32543600e+00 1.19089520e+00 -4.56862062e-01 1.33232546e+00
    -1.34776339e-01 6.43952727e-01 1.13913262e+00 1.68852601e-02
    6.76226616e-01 5.47805667e-01 1.22042215e+00 -2.01380223e-01
    2.79582739e-01 -2.75080632e-02 3.54385406e-01 2.36916151e-02
    7.22104847e-01 1.03237295e+00 2.47439891e-01 1.28260577e+00
    -3.57093033e-03 9.16182876e-01 1.14738655e+00 6.86491430e-01
    5.53540707e-01 1.13220835e+00 9.97874260e-01 5.05322874e-01
    1.33576155e+00 2.63461560e-01 -2.79314548e-01 7.18114495e-01
    -1.10231355e-01 1.16878152e+00 3.58506441e-01 8.03191006e-01
    6.47611737e-01 -1.91533715e-01 1.19704166e-02 9.66452360e-01
    3.88859808e-02 1.21629286e+00 -1.78937301e-01 1.08029771e+00
    9.45163608e-01 4.78542000e-01 9.54725087e-01 1.74183950e-01
    4.25583363e-01 2.63032466e-01 1.38475192e+00 1.12972331e+00
    -3.19007456e-01 1.21161151e+00 3.46893579e-01 7.61383951e-01
    1.25063860e+00 -2.25535303e-01 6.41738355e-01 1.25533652e+00
    -1.61375612e-01 1.14877903e+00 8.09283555e-02 4.53513533e-01
    1.08418632e+00 1.29841495e+00 7.65831053e-01 1.19981658e+00
    4.24201697e-01 8.03528503e-02 1.02204394e+00 1.06565225e+00
    -1.76448166e-01 1.23524642e+00 -1.04540415e-01 7.42712170e-02
    5.95243454e-01 -2.22439766e-01 7.28862882e-01 2.25574702e-01
    8.32422853e-01 3.32074702e-01 6.01755023e-01 8.61153960e-01
    -8.20734575e-02 5.63541353e-01 8.26019347e-01 2.20026419e-01
    1.78616598e-01 -3.20664108e-01 9.38334346e-01 2.56194443e-01
    1.09575450e+00 1.48048624e-01 7.75027633e-01 7.91805267e-01
    2.65081562e-02 4.82720494e-01 -7.88594857e-02 8.86795938e-01
    5.25036633e-01 6.92031682e-01 1.04783165e+00 -2.48505995e-01
    6.56605184e-01 1.87840626e-01 -1.27488881e-01 6.84999466e-01
    8.91231179e-01 2.91586816e-01 -2.16836035e-01 -2.38775741e-02
    1.36359051e-01 1.84981421e-01 1.48640350e-01 1.14217842e+00
    1.09264588e+00 3.34140837e-01 -2.58525938e-01 8.55772555e-01
    6.62312567e-01 1.09327221e+00 3.99288088e-01 7.48516679e-01
    7.76087701e-01 6.36305273e-01 5.15624225e-01 1.05855775e+00
    1.05791107e-01 1.48428276e-01 3.97168428e-01 1.20096147e+00
    6.46885261e-02 -8.82914364e-02 3.28812636e-02 -1.35668501e-01
    9.79949534e-01 4.16027755e-01 9.73167181e-01 1.02628720e+00
    1.14610088e+00 4.07907933e-01 9.10236686e-02 6.04162455e-01
    5.75658381e-01 2.34673247e-01 1.15706015e+00 1.17044222e+00
    9.93214667e-01 3.42511356e-01 9.27913666e-01 -3.85857403e-01
    1.46922266e+00 -3.00447553e-01 1.28104198e+00 2.13290930e-01
    1.42018938e+00 7.03122854e-01 -1.69886332e-02 4.97828662e-01
    -1.83882624e-01 6.86789513e-01 2.69174576e-01 3.65917504e-01
    9.29491758e-01 -2.28712529e-01 1.53295517e-01 3.30405951e-01
    7.55636871e-01 1.24135160e+00 -1.96985036e-01 1.12470198e+00
    4.00703222e-01 -3.14049423e-01 7.67266214e-01 4.16678786e-01
    1.21061778e+00 6.27373636e-01 1.20400095e+00 8.40680420e-01
    2.08501220e-01 1.09391563e-01 6.36895657e-01 -2.02780943e-02
    1.42164946e+00 -3.71279955e-01 7.00431243e-02 2.98535198e-01
    1.42026472e+00 5.47975361e-01 9.41885769e-01 -1.07201792e-01
    1.25288844e+00 -1.59730554e-01 6.94737792e-01 1.01231146e+00
    1.16965377e+00 4.11010832e-01 -2.10319012e-01 1.46778297e+00
    -3.44860218e-02 9.45812929e-03 7.23656774e-01 -1.80824369e-01
    4.64469075e-01 2.46407926e-01 3.76427233e-01 -1.19327463e-01
    5.05003631e-01 8.31838965e-01 1.40660989e+00 -3.09977353e-01
    1.61559090e-01 1.06660509e+00 1.00796723e+00 4.51936610e-02
    1.11723304e+00 -9.74972546e-02 5.93321145e-01 4.19672161e-01
    -1.02603495e-01 5.89406490e-01 -2.75944360e-03 5.63621223e-01
    3.74213569e-02 8.44414353e-01 1.07938159e+00 -1.43729672e-01
    1.18644524e+00 -2.23171800e-01 1.44595957e+00 -2.47266576e-01
    3.74010980e-01 -2.10098937e-01 6.96220845e-02 2.67282635e-01
    5.93865991e-01 -2.48261154e-01 -5.10950200e-03 7.02998817e-01
    1.13907349e+00 7.27686524e-01 8.21005166e-01 4.55984294e-01
    -2.75351405e-01 1.34111142e+00 6.29052877e-01 1.86989039e-01
    6.61683261e-01 8.21957588e-01 4.90753680e-01 4.86394078e-01
    2.18793705e-01 -2.30589896e-01 -2.26599827e-01 1.21604025e+00
    -3.55618805e-01 7.71160245e-01 4.78458941e-01 3.86064738e-01
    1.12183976e+00 4.91462439e-01 5.18283188e-01 1.16468441e+00
    2.67670870e-01 2.51648217e-01 6.40295208e-01 5.30539215e-01
    3.87505323e-01 1.33182228e+00 5.72880246e-02 -2.80207753e-01
    9.20116544e-01 -4.03267652e-01 1.14387989e+00 -1.59327164e-01
    5.56507885e-01 3.83426696e-01 7.86064982e-01 5.25879681e-01
    4.28541958e-01 9.37561929e-01 8.31571937e-01 2.75033772e-01
    -2.74115294e-01 3.67539883e-01 9.76302445e-01 7.39114165e-01
    1.27830541e+00 1.63486660e-01 -1.93887711e-01 2.02778950e-01
    8.94319117e-01 9.37811315e-01 4.31117088e-01 -3.44225876e-02
    -2.64339089e-01 1.31970668e+00 2.85907269e-01 1.05214345e+00
    6.53089166e-01 7.81371832e-01 1.14070404e+00 1.27503407e+00
    -8.68967026e-02 1.34047830e+00 -3.05532873e-01 2.54499614e-01
    4.57213223e-01 3.65850508e-01 4.75717574e-01 1.82103068e-01
    6.94621801e-01 8.95192921e-01 9.31281388e-01 2.86494464e-01
    9.06890929e-01 2.73903936e-01 8.36720943e-01 -2.02852309e-01
    1.08141553e+00 3.14247519e-01 6.99416816e-01 6.16976321e-01
    1.06611264e+00 5.41761398e-01 3.81016582e-02 1.21641493e+00
    5.28884947e-01 5.30053020e-01 -2.82423168e-01 1.37261999e+00
    7.11185396e-01 1.03661025e+00 1.84502557e-01 7.34949231e-01
    -2.40346104e-01 9.35988367e-01 1.10847628e+00 3.63793999e-01
    6.86240554e-01 9.05376911e-01 1.12449777e+00 -2.74545163e-01
    6.67182267e-01 1.30068946e+00 2.37043813e-01 1.02189505e+00
    9.45631564e-02 9.09938335e-01 4.86878842e-01 -3.47368509e-01
    7.48864353e-01 2.89380342e-01 8.31001818e-01 9.21588957e-01
    1.07471406e+00 3.25514644e-01 3.79934758e-02 -2.28502210e-02
    3.72642636e-01 1.29793298e+00 5.07356524e-01 1.13745534e+00
    1.13737166e+00 -2.93752700e-01 1.00287259e+00 6.44458383e-02
    1.22944534e+00 -3.98566481e-03 2.41263449e-01 4.51411307e-01
    4.07099575e-01 4.37323689e-01 9.72098261e-02 9.96686146e-02
    1.08809531e+00 1.70294300e-01 6.14295900e-01 1.20924044e+00
    3.05487186e-01 1.00136900e+00 1.10632932e+00 3.20318609e-01
    3.69815946e-01 1.32617764e-02 1.41759917e-01 -1.29116416e-01
    6.76163852e-01 3.43013257e-01 7.93361008e-01 8.99587810e-01
    7.51865387e-01 -3.67020458e-01 1.02901018e+00 -8.71157646e-02
    5.35557926e-01 2.72242129e-01 3.83517623e-01 1.25018418e-01
    5.89245498e-01 7.37268388e-01 -8.94766226e-02 -3.69719833e-01
    2.18952745e-01 1.14073575e+00 8.99054110e-01 5.29962659e-01
    -8.33440721e-02 3.66089433e-01 6.40449345e-01 1.18897848e-01
    -2.08202228e-01 8.85677338e-01 3.26253533e-01 1.31695831e+00
    4.40634072e-01 1.61907911e-01 8.56075957e-02 7.75549889e-01
    4.50092196e-01 6.09999061e-01 2.11003259e-01 1.01813066e+00
    7.29175568e-01 7.70688131e-02 2.78585643e-01 5.05702645e-02
    2.06930384e-01 1.09761107e+00 3.45824838e-01 2.29649037e-01
    -2.50355661e-01 1.14688098e+00 9.83637422e-02 7.63463736e-01
    2.56091326e-01 6.18837774e-01 2.80608863e-01 6.00683808e-01
    -1.68685138e-01 1.28130114e+00 1.36433318e-01 9.74372625e-02
    -3.40227485e-01 9.02282298e-01 7.37212002e-01 8.48794103e-01
    1.01593578e+00 7.17632115e-01 5.55077076e-01 1.30319428e+00
    -2.38707766e-01 6.42715156e-01 -1.10071130e-01 1.44498467e+00
    5.11267893e-02 9.27040219e-01 -2.55497873e-01 5.47811925e-01
    5.87117374e-01 1.70220122e-01 1.00822258e+00 4.87757385e-01
    3.80157739e-01 5.99534869e-01 1.05170794e-01 9.32596505e-01
    6.49908602e-01 1.08093250e+00 -3.54046851e-01 5.36006868e-01
    4.56547797e-01 9.57527041e-01 2.56918162e-01 -1.33179069e-01
    1.01729560e+00 -5.59708960e-02 4.53317970e-01 4.81804997e-01
    -2.26797312e-01 1.19086015e+00 8.24743688e-01 7.01588690e-01
    1.00536060e+00 3.29167008e-01 -2.07289711e-01 3.15674245e-01
    8.24136734e-01 -2.41120830e-01 1.26228213e+00 1.07830846e+00
    2.03745201e-01 1.08666837e+00 8.70981276e-01 8.58383358e-01
    3.96227449e-01 9.93118107e-01 -9.10456777e-02 3.13923627e-01
    2.52870530e-01 1.25701416e+00 1.03116790e-02 1.39456141e+00
    5.71926415e-01 -3.06564365e-02 1.29942626e-01 6.03271604e-01
    -2.54544616e-01 5.82491636e-01 6.84902728e-01 1.78491756e-01
    5.30072272e-01 5.29497385e-01 1.12317705e+00 1.05412078e+00
    9.03755248e-01 -8.44786093e-02 9.46559727e-01 4.44951773e-01
    3.70099992e-01 7.38608479e-01 -2.21494481e-01 1.30199122e+00
    -4.83201034e-02 1.29964626e+00 3.03883702e-01 1.05573118e+00
    -2.30203375e-01 1.07732713e+00 9.31891739e-01 8.65551770e-01
    4.88748282e-01 8.30723345e-01 -8.05000216e-02 1.21316242e+00
    8.32099557e-01 -3.30510974e-01 6.19121671e-01 7.20436573e-01
    3.80843878e-01 8.55437875e-01 6.49099767e-01 -3.38488877e-01
    7.05867887e-01 -1.46880955e-01 5.55946827e-01 5.75890005e-01
    -2.34886646e-01 7.36488938e-01 3.70407492e-01 -4.77916636e-02
    2.97028273e-01 2.08924741e-01 8.92282948e-02 9.57728744e-01
    7.89093018e-01 3.97619277e-01 -3.50638241e-01 9.68565643e-01
    4.72567797e-01 5.91103852e-01 -8.14833716e-02 -1.62664726e-01
    1.21579802e+00 5.23723483e-01 9.01326984e-02 1.20457685e+00
    2.33155891e-01 -1.16712920e-01 3.53116721e-01 7.56961061e-03
    1.12082410e+00 6.97923303e-01 9.06240046e-01 -1.44640103e-01
    -1.30153131e-02 2.40551040e-01 7.92062163e-01 4.16750640e-01
    1.73700914e-01 3.33488435e-01 5.36812007e-01 4.93885316e-02
    1.32481229e+00 1.52953595e-01 1.27009439e+00 -2.45271519e-01
    -3.76942873e-01 8.68975341e-01 -1.85683370e-01 7.70766377e-01
    7.81709194e-01 9.27626908e-01 3.80506128e-01 -6.72597066e-02
    1.04721940e+00 9.04803395e-01 2.10314512e-01 1.15730472e-01
    1.17713928e+00 2.06957147e-01 3.26491028e-01 1.17037010e+00
    3.05260330e-01 7.14325845e-01 2.01320663e-01 1.30688012e+00
    8.60737145e-01 9.14900720e-01 -1.52148277e-01 6.86561942e-01
    7.90805936e-01 3.87861818e-01 6.86822355e-01 7.29927540e-01
    8.41534913e-01 -3.76802295e-01 6.47037208e-01 1.01907659e+00
    -7.40618706e-02 1.45992720e+00 5.77778876e-01 4.19107191e-02
    8.90506685e-01 1.06705356e+00 3.29609513e-02 8.00736845e-01
    2.95017540e-01 9.02126372e-01 5.64603746e-01 4.71888959e-01
    5.15386881e-03 -2.66534865e-01 9.94362473e-01 5.32799006e-01
    1.57969430e-01 3.51928324e-01 7.66201988e-02 5.49315333e-01
    1.04343645e-01 1.36641967e+00 7.12474704e-01 9.69990551e-01
    3.37598741e-01 7.22737387e-02 1.44246653e-01 4.90917385e-01
    8.24244857e-01 5.19150436e-01 -1.38693959e-01 9.03017104e-01
    1.02604020e+00 5.11418283e-01 2.60880977e-01 1.30856121e+00
    6.95699096e-01 8.80518556e-01 9.99933362e-01 9.60597515e-01
    4.66872752e-01 3.56179565e-01 1.03023601e+00 1.18228066e+00
    8.37193251e-01 5.76136708e-01 2.17365533e-01 3.21817994e-01
    -1.04846328e-01 1.05371249e+00 2.24604934e-01 4.67238307e-01
    1.12164450e+00 1.22394872e+00 1.12948608e+00 1.22151029e+00
    -3.93981397e-01 -9.70262364e-02 9.06716168e-01 1.25138724e+00
    3.16705555e-01 2.84278721e-01 4.03333962e-01 -7.88615122e-02
    -1.72344625e-01 4.71645862e-01 8.46172124e-02 1.30105329e+00
    1.16234910e+00 4.17412549e-01 5.19097865e-01 9.75510538e-01
    8.89499113e-03 1.21795881e+00 -2.36243606e-01 1.14575303e+00
    4.47295010e-01 5.98747194e-01 1.06025028e+00 -9.89703089e-02
    3.20393503e-01 6.96847618e-01 3.73556435e-01 1.39767122e+00
    -2.83263475e-01 3.18216026e-01 3.18780750e-01 -1.85472861e-01
    6.59404099e-01 4.56605315e-01 1.33844709e+00 9.33168232e-01
    2.52095008e+00 2.64541650e+00 2.20752668e+00 4.10593927e-01
    1.94396019e+00 2.38275719e+00 2.27725673e+00 2.24029326e+00
    1.92632747e+00 2.65395284e+00 5.85951149e-01 2.53269768e+00
    7.66589940e-01 6.67880833e-01 1.71049404e+00 7.30254054e-01
    9.60031629e-01 7.56837249e-01 7.84996808e-01 9.22762394e-01
    7.21602798e-01 2.13511086e+00 2.59249854e+00 1.86996102e+00
    1.48943055e+00 1.98879874e+00 7.91401148e-01 2.01425886e+00
    1.73439562e-01 2.36075783e+00 2.85182208e-01 1.83969474e+00
    2.15433168e+00 2.17981100e+00 2.11752629e+00 1.89324260e+00
    1.30451858e+00 2.39644691e-01 1.15748072e+00 1.91891897e+00
    8.60861838e-01 6.70825899e-01 2.18919015e+00 1.94229245e+00
    2.35466766e+00 1.60435545e+00 1.04891813e+00 2.31135204e-01
    2.28266191e+00 2.26350236e+00 2.03124619e+00 2.17414188e+00
    7.19030857e-01 2.62473869e+00 2.17784476e+00 1.76608527e+00
    1.42971194e+00 5.03544509e-01 9.26547647e-01 3.22840631e-01
    4.91232604e-01 2.71986818e+00 2.56339836e+00 1.48294294e+00
    1.18098950e+00 2.31922460e+00 1.40905654e+00 3.70664662e-03
    1.01887965e+00 1.49502552e+00 2.41336250e+00 6.91092789e-01
    2.48281717e+00 1.90623295e+00 9.75987017e-01 1.90272927e+00
    1.87566340e+00 4.51725364e-01 3.45470071e-01 2.65872836e+00
    6.74963117e-01 1.09429047e-01 2.61405540e+00 7.97509432e-01
    2.39664841e+00 4.30676728e-01 2.77425957e+00 1.65456510e+00
    1.31376493e+00 3.44185829e-01 1.16852120e-01 1.59929848e+00
    2.44877887e+00 1.14805377e+00 2.08517408e+00 2.66707945e+00
    6.19282722e-01 1.22232032e+00 2.36396289e+00 1.88297927e+00
    2.77201748e+00 4.37327802e-01 1.98211062e+00 1.73968637e+00
    1.96931922e+00 2.70340729e+00 1.17009532e+00 1.37817609e+00
    2.06074762e+00 2.62700582e+00 1.81289792e+00 2.32924175e+00
    1.03970981e+00 1.70834756e+00 3.69654864e-01 1.51025629e+00
    2.15433431e+00 1.74267852e+00 1.13222671e+00 9.14749324e-01
    1.51690912e+00 1.68457842e+00 2.33883119e+00 1.82347488e+00
    5.24428666e-01 1.84790254e+00 1.08515692e+00 2.20958853e+00
    1.85842359e+00 3.70666146e-01 3.45818788e-01 6.28470659e-01
    2.07195997e+00 2.61338353e+00 1.91924047e+00 1.15669477e+00
    1.78340745e+00 1.13936472e+00 1.95231676e+00 5.59244990e-01
    5.13763949e-02 1.86861646e+00 1.62727356e+00 1.75416887e+00
    1.99856794e+00 4.14586335e-01 2.18089223e+00 1.30960464e+00
    2.50615573e+00 1.80483317e+00 2.56472898e+00 1.33846295e+00
    5.92443168e-01 1.95413327e+00 2.57128406e+00 8.41435865e-02
    1.78584719e+00 1.55474079e+00 1.96783900e+00 1.99694920e+00
    1.11301351e+00 2.22104311e+00 2.59453678e+00 1.02538776e+00
    7.07136512e-01 3.20189089e-01 8.89164031e-01 5.63201725e-01
    1.08323288e+00 6.21966302e-01 7.66160071e-01 7.98223734e-01
    2.54020023e+00 6.31319642e-01 9.48926032e-01 2.57219028e+00
    7.78653443e-01 1.35560071e+00 4.70772445e-01 2.12294888e+00
    4.83856946e-01 1.86150396e+00 1.09133136e+00 1.26813662e+00
    1.09478092e+00 4.46416140e-01 1.10282406e-01 2.42994285e+00
    1.70295805e-01 1.87103105e+00 1.67292222e-01 1.32688963e+00
    6.32768035e-01 1.83040285e+00 2.33718729e+00 1.88161504e+00
    1.52423608e+00 5.83374560e-01 2.75743032e+00 1.30757177e+00
    1.25634694e+00 1.97474158e+00 1.60175383e+00 2.24953580e+00
    1.37398577e+00 1.81201208e+00 2.45656300e+00 1.81337559e+00
    2.15246153e+00 1.82604060e-01 1.44665384e+00 1.49483263e-01
    6.95167542e-01 1.98178518e+00 7.94172138e-02 2.35622525e+00
    1.15829539e+00 1.65691876e+00 1.39232397e+00 2.64451551e+00
    2.17354250e+00 1.86468732e+00 5.73117435e-01 2.29829893e-01
    9.13810730e-01 2.12223840e+00 2.48525429e+00 2.22065657e-01
    1.51743579e+00 2.03583121e-01 6.14868045e-01 1.70407343e+00
    1.65704048e+00 2.77102459e-02 2.69100666e+00 1.16926908e+00
    1.57438970e+00 2.11709929e+00 2.52791214e+00 2.14185166e+00
    3.01722307e-02 1.48881090e+00 1.78494561e+00 7.13280797e-01
    8.66978690e-02 2.38094711e+00 2.45720699e-01 2.68392563e-01
    1.05940664e+00 1.63185820e-01 7.22511828e-01 1.47934914e+00
    4.00660247e-01 2.14748359e+00 1.83418858e+00 6.04299605e-01</data></your_img>
</opencv_storage>
