<?xml version="1.0"?>
<opencv_storage>
<g>1.9399999999999999e+00</g>
<r>4</r>
<L2_diff>1.6562822438796989e+01</L2_diff>
<filter-type>0</filter-type>
<circular>1</circular>
<test_img type_id="opencv-matrix">
  <rows>128</rows>
  <cols>256</cols>
  <dt>f</dt>
  <data>
    2.95025706e-01 7.64791012e-01 1.98922515e-01 5.46622217e-01
    9.49525476e-01 7.28696883e-01 2.65147507e-01 8.71825218e-02
    1.34450525e-01 4.37260479e-01 5.15636802e-03 4.08333361e-01
    2.25347608e-01 7.78330922e-01 2.02609807e-01 7.19811261e-01
    3.09033930e-01 4.82898563e-01 5.56256771e-01 1.58208668e-01
    3.90633315e-01 2.83258945e-01 9.10855234e-01 3.58986735e-01
    1.40507579e-01 9.87055898e-01 7.67972946e-01 4.67751622e-01
    4.59186733e-01 5.10542810e-01 2.45454162e-01 2.89669633e-01
    8.52960944e-01 3.58971179e-01 9.40732658e-02 7.32034028e-01
    2.79209435e-01 7.82158613e-01 1.62537217e-01 2.02487081e-01
    3.33655179e-01 4.25840616e-02 2.11120933e-01 9.28499758e-01
    6.73612177e-01 7.18954563e-01 4.23451245e-01 8.53308737e-02
    3.77785236e-01 1.48065805e-01 9.83656824e-01 9.14399624e-01
    1.40700519e-01 6.00301325e-01 9.30592418e-02 5.85901320e-01
    7.89674282e-01 8.58343601e-01 6.95850790e-01 7.99267352e-01
    9.31946397e-01 7.90472388e-01 7.81162977e-01 8.78945947e-01
    8.60962689e-01 8.83753479e-01 1.94466263e-01 1.81872934e-01
    3.18886042e-01 5.00601947e-01 8.86256099e-01 2.79666245e-01
    6.95298791e-01 2.00808614e-01 8.69141340e-01 9.16289449e-01
    1.64743990e-01 9.89262700e-01 6.68175578e-01 5.53461313e-02
    1.52649820e-01 4.98659939e-01 5.37266374e-01 5.63946486e-01
    2.18817830e-01 7.66891658e-01 7.97284365e-01 6.10242128e-01
    9.77178216e-01 2.56299436e-01 5.75315058e-01 4.17324752e-01
    5.64762652e-01 7.11395264e-01 7.66180396e-01 4.87091929e-01
    7.82026947e-01 1.63159668e-01 6.67808115e-01 6.77459359e-01
    5.78933358e-01 7.43095994e-01 7.47710824e-01 6.26551986e-01
    5.83228111e-01 2.60572135e-01 2.95709789e-01 1.38864249e-01
    9.99196887e-01 4.98530716e-01 4.85295057e-03 3.71730328e-03
    9.38519716e-01 3.62280786e-01 2.98051715e-01 6.11673236e-01
    6.12771690e-01 2.97355473e-01 5.23074508e-01 5.34110487e-01
    8.25168014e-01 6.48099303e-01 7.80122995e-01 4.62456048e-02
    1.91434324e-02 6.67160749e-01 4.85970527e-01 2.77123094e-01
    2.31904000e-01 1.86686814e-01 8.87719750e-01 7.31501222e-01
    1.03041470e-01 2.29698241e-01 6.30352378e-01 5.86860240e-01
    3.84380341e-01 5.65466642e-01 4.75164056e-02 3.56525362e-01
    6.06981456e-01 7.13769019e-01 6.59031868e-02 4.32693958e-01
    2.46590376e-02 4.17726636e-01 2.20738649e-02 3.90255749e-02
    4.90805000e-01 4.15612161e-01 2.63302028e-01 9.54759598e-01
    5.46942413e-01 3.28488141e-01 9.35400248e-01 8.40675116e-01
    2.48499244e-01 8.26353431e-01 6.12898231e-01 5.98175883e-01
    4.20787752e-01 3.72228444e-01 1.51922733e-01 2.14401841e-01
    8.40894818e-01 8.56510758e-01 1.37076527e-01 2.20117003e-01
    9.10532176e-01 4.90152061e-01 2.05235988e-01 3.37124050e-01
    3.13155770e-01 7.08410323e-01 2.87129819e-01 1.02841854e-03
    9.83801961e-01 7.49137461e-01 8.94496679e-01 1.67950988e-02
    1.65567309e-01 6.78749323e-01 5.20991981e-01 6.49005949e-01
    8.99821758e-01 3.68660688e-01 1.22338206e-01 3.55275512e-01
    3.18559051e-01 7.93101549e-01 9.18273568e-01 5.46149492e-01
    8.90770257e-01 3.48161370e-01 3.80289137e-01 3.38781595e-01
    4.60519105e-01 7.39232600e-01 7.76543736e-01 5.78200042e-01
    2.53121018e-01 2.28303581e-01 6.16381109e-01 7.10897386e-01
    2.48595774e-02 9.68397021e-01 1.31230950e-02 5.58897197e-01
    1.68683857e-01 2.40108341e-01 5.20359814e-01 4.00593549e-01
    2.67969787e-01 3.19072634e-01 7.48316348e-02 3.66963804e-01
    1.29513741e-02 2.01136768e-02 5.74476600e-01 2.49027818e-01
    8.45867038e-01 3.66907209e-01 8.71701837e-01 2.08305508e-01
    7.17588663e-01 6.90904260e-03 6.85899198e-01 3.64609092e-01
    9.08088923e-01 9.34637189e-01 9.82563615e-01 4.16368246e-01
    6.09832466e-01 3.35157812e-02 3.70725095e-02 1.66589022e-02
    4.06014502e-01 7.77840018e-02 3.68886232e-01 4.13800001e-01
    7.57047176e-01 8.05999756e-01 1.88204288e-01 7.65689731e-01
    1.46565884e-01 9.89835978e-01 8.71514559e-01 5.63017964e-01
    5.35813510e-01 1.62453443e-01 7.73125291e-01 1.61422491e-02
    6.97566271e-01 5.45367241e-01 4.70560730e-01 1.62194878e-01
    4.48091388e-01 7.37495005e-01 6.90434873e-02 1.92904353e-01
    6.33822501e-01 8.61366510e-01 5.94993591e-01 2.72456110e-02
    7.29067862e-01 3.94793153e-02 6.74182177e-01 7.64380932e-01
    8.33118200e-01 7.00339019e-01 8.54720533e-01 7.31376529e-01
    3.26386064e-01 4.66514051e-01 9.46490765e-01 8.79787803e-01
    4.05137718e-01 1.31583005e-01 5.37908852e-01 7.13281989e-01
    5.79152703e-01 4.21690345e-01 9.89201367e-01 7.06535935e-01
    1.46606207e-01 8.31577301e-01 1.73107892e-01 8.52663696e-01
    6.84906662e-01 4.60531682e-01 4.63109314e-02 2.50431895e-02
    1.00649297e-01 7.71909714e-01 6.94873929e-01 8.37456048e-01
    4.01869535e-01 5.11219501e-01 9.16610658e-01 6.78302467e-01
    6.21081769e-01 9.61824834e-01 4.13437545e-01 7.68029690e-01
    2.94982016e-01 5.26399493e-01 4.38709676e-01 7.70843148e-01
    4.43181396e-02 9.93702888e-01 6.95643723e-01 4.48047221e-01
    4.47066694e-01 8.89956057e-01 9.00402665e-02 5.25170028e-01
    9.83185470e-01 3.10860038e-01 6.70875371e-01 6.63094044e-01
    2.84072459e-01 6.70675755e-01 2.86954820e-01 1.80623919e-01
    6.64811075e-01 5.02358377e-01 8.90450001e-01 2.57991731e-01
    3.39330733e-01 2.83548325e-01 8.32470775e-01 3.30976218e-01
    9.26486850e-01 1.69462740e-01 7.82121062e-01 9.76231694e-03
    3.55277538e-01 1.09814495e-01 9.26365793e-01 3.07567537e-01
    3.77029955e-01 6.24596357e-01 6.69561863e-01 4.68410969e-01
    6.70715928e-01 8.09166133e-02 4.21734095e-01 3.05992663e-01
    4.30340707e-01 3.24882150e-01 8.52357507e-01 9.74218488e-01
    2.04232216e-01 5.60857058e-01 8.54233742e-01 4.94536877e-01
    6.36608601e-01 4.83213365e-02 2.50818133e-02 8.52777004e-01
    9.63187456e-01 2.24760562e-01 1.91320479e-02 1.85663432e-01
    9.48138237e-02 2.03753918e-01 5.59769869e-01 6.01088345e-01
    3.89550865e-01 3.55284095e-01 7.76549518e-01 6.76466525e-01
    5.73394060e-01 9.13056135e-01 9.07953262e-01 2.48012125e-01
    9.76614654e-01 6.92897141e-02 8.27991784e-01 8.15069497e-01
    6.42049849e-01 9.07002211e-01 3.50450873e-01 4.56551880e-01
    6.84150755e-01 4.36094701e-01 2.71954775e-01 1.13324523e-01
    2.02493489e-01 8.13286066e-01 7.81747222e-01 6.21451318e-01
    7.90971577e-01 6.83798313e-01 9.16488171e-01 9.83827770e-01
    7.58308649e-01 5.22194564e-01 4.12276387e-02 4.66039091e-01
    9.94524062e-01 2.65360773e-01 6.07971489e-01 1.35212690e-01
    2.80296087e-01 6.81221664e-01 9.13499773e-01 9.05995846e-01
    1.79241270e-01 9.05148625e-01 1.89254552e-01 9.67507005e-01
    6.02074265e-01 4.18685853e-01 4.42141265e-01 1.14617616e-01
    6.44153357e-02 7.44180501e-01 1.20976567e-01 8.23249340e-01
    9.32460308e-01 8.44775319e-01 8.70807350e-01 1.37188196e-01
    7.88774014e-01 6.93333030e-01 6.48425341e-01 2.99718022e-01
    5.11631012e-01 5.25169134e-01 5.91761231e-01 5.69106698e-01
    4.87239927e-01 6.36982322e-01 9.75285947e-01 7.14776099e-01
    3.49571168e-01 2.62127638e-01 4.51201409e-01 8.17228794e-01
    8.66766989e-01 9.90522265e-01 4.62535739e-01 8.93552721e-01
    4.18355465e-01 6.44809663e-01 1.24773771e-01 4.99451637e-01
    4.99846041e-02 1.28965825e-01 3.19698870e-01 3.75527442e-02
    8.24764490e-01 3.36535335e-01 4.57916558e-02 8.30902159e-01
    3.93328965e-01 2.35573143e-01 2.45417386e-01 7.83252716e-03
    7.68782854e-01 3.34516525e-01 7.93665886e-01 1.06821269e-01
    2.16136128e-01 5.66832185e-01 6.08329415e-01 2.91369557e-01
    5.07477224e-01 5.99213481e-01 1.07663542e-01 3.57308209e-01
    4.96285379e-01 6.14795387e-01 4.76932406e-01 9.22515690e-01
    6.26121342e-01 7.46961117e-01 9.89780486e-01 4.77259248e-01
    3.92038494e-01 2.72065759e-01 4.15213019e-01 5.41907489e-01
    1.18578732e-01 5.45221150e-01 3.03215265e-01 5.05800128e-01
    8.22103918e-02 2.60400444e-01 7.03554749e-01 2.87782073e-01
    2.64251620e-01 9.37414765e-02 8.01380575e-01 7.21225798e-01
    4.14790571e-01 1.98399186e-01 5.08830786e-01 8.55427623e-01
    1.55258656e-01 6.94941103e-01 4.75311637e-01 9.12679255e-01
    8.72861385e-01 9.81679499e-01 6.60279453e-01 6.59603477e-02
    3.81748348e-01 2.61683106e-01 1.46058798e-01 4.25133705e-01
    5.56704044e-01 3.70073318e-02 1.62985057e-01 7.24617541e-02
    8.96390200e-01 6.69520199e-01 8.68750155e-01 6.74528420e-01
    5.38624525e-02 2.92803496e-01 9.96816278e-01 4.52198863e-01
    5.60835540e-01 3.18293452e-01 6.66043103e-01 3.55960906e-01
    7.81424165e-01 1.59058630e-01 7.29680300e-01 2.74706066e-01
    4.46242154e-01 3.87048513e-01 4.62078035e-01 3.75113428e-01
    4.66710448e-01 8.82388830e-01 5.94292641e-01 4.00268614e-01
    6.69488013e-02 3.76748294e-01 9.39652562e-01 8.18455219e-01
    2.39903510e-01 3.16553622e-01 3.97482216e-02 4.36148912e-01
    9.95197177e-01 8.07326913e-01 9.87666726e-01 5.99750757e-01
    6.68844581e-01 6.16076648e-01 1.29668087e-01 1.19408756e-01
    4.66228426e-02 7.42145598e-01 2.03288764e-01 9.69858885e-01
    7.13550448e-02 7.89095759e-01 5.61155200e-01 9.39423203e-01
    6.66287243e-02 8.06665540e-01 4.21586633e-01 8.61040235e-01
    7.58005500e-01 7.49821067e-01 1.55402660e-01 6.84999704e-01
    2.37843573e-01 4.73648638e-01 4.40278411e-01 7.07339406e-01
    6.87968791e-01 2.01098979e-01 1.31527185e-01 3.96764755e-01
    7.04015851e-01 1.64580256e-01 7.33706474e-01 6.55735850e-01
    3.55171382e-01 6.32653713e-01 2.49081284e-01 4.26560462e-01
    7.55707264e-01 9.29943919e-01 1.19604141e-01 5.32308757e-01
    5.57785690e-01 4.57872719e-01 4.47863579e-01 9.19632733e-01
    3.21133882e-01 4.42933679e-01 1.69639438e-01 9.74739909e-01
    2.87604868e-01 4.27942932e-01 7.14370131e-01 8.03334355e-01
    1.38947695e-01 5.03130972e-01 1.67189866e-01 6.35778904e-01
    8.27495933e-01 8.42853904e-01 9.13431108e-01 3.37919891e-02
    6.74328446e-01 1.33845508e-02 8.94221365e-02 4.32932198e-01
    2.10375875e-01 8.50605845e-01 9.19998229e-01 6.91554010e-01
    3.29221725e-01 2.92056918e-01 7.01977611e-02 1.50607437e-01
    7.79798985e-01 9.17669535e-01 1.84727192e-01 1.35094136e-01
    6.26521230e-01 9.82070506e-01 9.81186628e-01 4.12900209e-01
    1.42842680e-01 6.69072151e-01 6.91812634e-02 1.34325564e-01
    1.04681075e-01 2.22257853e-01 2.91055501e-01 9.56772208e-01
    1.09623224e-01 9.44641292e-01 4.15509284e-01 9.45550442e-01
    8.28364491e-01 9.65591669e-01 6.58907235e-01 5.67029715e-01
    7.51296163e-01 2.71282345e-01 1.25456274e-01 2.16101855e-01
    6.77704811e-05 5.50413728e-02 2.28037059e-01 6.21419311e-01
    5.02809882e-01 8.14709663e-01 9.91112173e-01 2.92183518e-01
    5.94041824e-01 1.17550462e-01 9.47186768e-01 9.73992229e-01
    2.61932254e-01 8.32261086e-01 3.81815135e-01 9.30667341e-01
    8.78611088e-01 2.95686126e-01 5.29864073e-01 2.91514397e-02
    4.99589533e-01 9.73711848e-01 3.06776106e-01 6.03738129e-01
    3.09872031e-01 8.21302891e-01 6.89250469e-01 8.03461075e-01
    4.06290442e-01 6.44761443e-01 7.38694370e-02 7.17620075e-01
    7.88988113e-01 1.39754385e-01 7.86810875e-01 1.21074855e-01
    4.68673676e-01 6.60541952e-02 5.02870381e-01 6.59775734e-01
    8.80770147e-01 7.24191427e-01 2.90850520e-01 7.77277589e-01
    4.42424417e-01 3.77299070e-01 2.66496897e-01 3.66771162e-01
    9.40897524e-01 9.90621686e-01 3.55804682e-01 1.75827742e-03
    4.15846705e-03 2.19614536e-01 4.09873247e-01 2.78079510e-03
    5.39423108e-01 6.89717770e-01 7.53052175e-01 9.57028508e-01
    2.62322962e-01 5.00967324e-01 7.11081922e-01 8.00744057e-01
    7.81708598e-01 2.25843579e-01 4.00089383e-01 3.71500194e-01
    9.26660836e-01 9.04418886e-01 9.40013528e-01 3.42632473e-01
    8.37649107e-01 9.94218230e-01 5.92602074e-01 2.34146506e-01
    1.24551952e-02 3.69999081e-01 5.61798215e-01 4.55801934e-01
    9.46037114e-01 7.69958258e-01 1.93935663e-01 4.35288846e-02
    6.82925761e-01 6.81605875e-01 5.19633889e-01 9.14059877e-01
    9.75689709e-01 1.69323206e-01 5.48666000e-01 5.30028522e-01
    9.32047367e-01 2.73023993e-01 1.36148334e-01 3.72759700e-02
    8.32546473e-01 5.99335730e-02 1.66362613e-01 8.17808568e-01
    4.10124630e-01 9.18705940e-01 3.01862538e-01 2.02058166e-01
    1.58334553e-01 7.77537644e-01 3.70122194e-02 1.65930927e-01
    2.73683727e-01 8.58721733e-01 6.99231148e-01 6.74989820e-01
    8.43118072e-01 6.31938875e-01 2.58461416e-01 4.85655248e-01
    4.15926278e-01 2.27328300e-01 9.73268092e-01 9.31289315e-01
    2.09975153e-01 7.86923170e-02 3.69629472e-01 5.30462205e-01
    9.72112000e-01 2.52689362e-01 1.54775381e-03 4.55609322e-01
    1.77123874e-01 5.16057014e-03 9.87527072e-02 3.60289216e-01
    8.92248034e-01 5.87620616e-01 9.70837116e-01 4.25653756e-02
    2.35800952e-01 9.78243589e-01 4.02665883e-01 1.97853178e-01
    3.71010661e-01 9.69265103e-01 2.85822213e-01 5.38498402e-01
    7.10923374e-01 8.72814357e-01 2.73639262e-02 6.77365720e-01
    1.25234872e-01 3.39906812e-02 7.25782633e-01 6.17396355e-01
    5.30240178e-01 3.34779620e-01 9.73856628e-01 3.83365750e-02
    6.46782219e-01 4.79537785e-01 1.96574420e-01 9.65884924e-01
    1.08597815e-01 3.43343884e-01 9.56423342e-01 4.13653702e-01
    6.73254430e-01 7.58242726e-01 4.88393515e-01 4.52098399e-01
    1.83880717e-01 2.63132751e-01 4.70040530e-01 4.31640357e-01
    2.94930696e-01 1.29889250e-02 3.09033394e-02 9.97876465e-01
    7.65534639e-02 5.62925458e-01 9.06645536e-01 4.26579595e-01
    3.61748755e-01 7.98146367e-01 5.54485321e-02 4.84323382e-01
    8.49485755e-01 9.21248376e-01 7.74914920e-02 4.74600822e-01
    4.11391020e-01 7.19149172e-01 3.28175902e-01 7.19613314e-01
    9.22725320e-01 2.33877301e-01 2.07784116e-01 6.27543926e-01
    9.71786082e-02 8.41138959e-01 3.29794228e-01 5.91295838e-01
    3.87575179e-01 2.89474010e-01 4.11176920e-01 6.56729698e-01
    2.16609716e-01 8.10075700e-01 6.03583336e-01 5.55185795e-01
    1.24170840e-01 8.56690645e-01 9.56107199e-01 7.66796172e-01
    2.42099226e-01 5.38202524e-01 1.43856108e-02 7.86320984e-01
    4.51764494e-01 2.39019543e-01 9.76647854e-01 4.61728126e-01
    4.94613051e-02 9.10137892e-01 9.62235570e-01 9.07275796e-01
    8.08937252e-02 6.31388843e-01 9.82081652e-01 1.97854966e-01
    5.43393672e-01 4.19487566e-01 7.94499397e-01 1.53311342e-01
    3.50662827e-01 7.53367066e-01 4.52732235e-01 3.80524099e-01
    8.93974304e-01 3.16978008e-01 7.72117138e-01 5.39651036e-01
    4.29896712e-01 5.04797399e-01 6.87479854e-01 2.66550124e-01
    6.87945247e-01 3.94323379e-01 4.37689632e-01 1.04432136e-01
    5.44372320e-01 2.41361439e-01 6.49939895e-01 2.90308446e-01
    7.70393610e-01 3.84613276e-02 1.13305211e-01 3.88668358e-01
    8.43143404e-01 4.37656015e-01 4.95447755e-01 3.11432242e-01
    8.74475598e-01 6.99883699e-01 4.68127429e-02 4.77960110e-01
    6.10844195e-02 6.10151470e-01 8.99049163e-01 7.25333095e-01
    7.18779206e-01 6.86016858e-01 7.05993891e-01 6.74124002e-01
    9.88523483e-01 1.22409612e-01 7.69481182e-01 2.46852636e-02
    1.77028298e-01 1.27428114e-01 4.23811138e-01 6.13740087e-01
    7.15480089e-01 4.61229324e-01 9.85920429e-01 5.37487686e-01
    8.45261216e-01 5.10573506e-01 5.02459705e-01 4.22388524e-01
    8.10307205e-01 3.20458055e-01 4.44718719e-01 4.74987924e-02
    7.41700530e-02 3.87665123e-01 9.07758951e-01 5.20733714e-01
    7.88118243e-01 2.18921691e-01 1.63383305e-01 2.28440166e-01
    9.45755839e-01 7.06956685e-02 6.10791445e-02 9.67734218e-01
    5.65233529e-01 2.02059746e-02 4.03857380e-01 5.28707683e-01
    2.59250045e-01 2.98782647e-01 1.64007783e-01 9.16687250e-01
    5.44269621e-01 2.20626622e-01 6.90580726e-01 7.51798868e-01
    8.73741031e-01 7.67114282e-01 9.35431004e-01 2.11209923e-01
    9.53047991e-01 8.44253361e-01 5.52181661e-01 2.72559345e-01
    5.92887282e-01 5.31409264e-01 8.98055911e-01 1.97093606e-01
    8.30623329e-01 1.75499916e-03 2.70284235e-01 3.12016964e-01
    8.54756832e-02 6.12007797e-01 7.26112127e-01 7.57801354e-01
    2.97421217e-01 4.52029407e-02 4.40316260e-01 7.94902563e-01
    2.70317912e-01 4.03246433e-01 2.75252074e-01 3.75551760e-01
    8.16148818e-02 4.03342843e-02 9.65851307e-01 7.95751989e-01
    8.86174917e-01 8.49842131e-02 4.82800215e-01 7.01285064e-01
    1.38381720e-02 1.79378897e-01 9.10620928e-01 8.93515527e-01
    8.31229448e-01 6.28546834e-01 3.26864004e-01 6.97038949e-01
    3.44105899e-01 8.21423054e-01 1.96887374e-01 9.83898222e-01
    4.88642752e-01 6.13692403e-02 8.91021967e-01 6.09274805e-02
    8.23230743e-01 8.65746021e-01 5.60900986e-01 5.88234484e-01
    3.40730011e-01 1.66664332e-01 1.93227470e-01 9.93005157e-01
    8.33222985e-01 9.99590874e-01 7.76083767e-02 1.65142924e-01
    6.69230759e-01 9.11730409e-01 5.24961054e-01 5.88136256e-01
    2.81841338e-01 7.33419061e-01 7.58401275e-01 8.45506787e-01
    3.12167585e-01 1.88278794e-01 9.14151073e-01 6.53402507e-02
    6.09100938e-01 1.68475419e-01 4.75458533e-01 1.70353621e-01
    8.68882179e-01 9.04684067e-01 8.39201212e-01 7.41930842e-01
    5.78627408e-01 6.07061446e-01 1.84726983e-01 8.76426339e-01
    5.58412850e-01 3.64236474e-01 6.69369876e-01 2.55712509e-01
    3.83271337e-01 4.86039817e-01 4.49595273e-01 3.72434318e-01
    8.62320781e-01 5.84538460e-01 8.97342920e-01 6.98833108e-01
    4.77686882e-01 7.02477694e-01 1.54950887e-01 4.32056457e-01
    1.54922456e-01 9.41124320e-01 1.93961859e-01 2.43873775e-01
    3.43321502e-01 2.62684107e-01 2.04232782e-01 8.90674174e-01
    9.07085836e-02 8.57115030e-01 8.13790917e-01 3.87678266e-01
    3.42340469e-01 3.44540834e-01 4.61547792e-01 5.18982828e-01
    5.36915064e-01 4.42245692e-01 9.43654537e-01 6.68127000e-01
    3.07070613e-02 7.23595619e-01 4.94797170e-01 3.76186907e-01
    5.91334224e-01 4.03633028e-01 4.00275856e-01 4.80205894e-01
    3.62266541e-01 9.46571589e-01 4.71801370e-01 8.10678244e-01
    4.95973736e-01 8.15263987e-01 5.61925709e-01 2.13781178e-01
    6.54088318e-01 9.56874251e-01 3.90311599e-01 4.26233590e-01
    1.18542463e-01 9.46457207e-01 3.81016672e-01 8.53401303e-01
    2.98132300e-01 1.24943256e-03 4.79082763e-01 1.73249573e-01
    1.28413856e-01 8.24549079e-01 1.25387460e-01 4.99004394e-01
    5.70007384e-01 6.51772141e-01 7.13116825e-01 5.71531892e-01
    3.69099021e-01 6.89575434e-01 5.79771936e-01 7.93638825e-01
    1.39967591e-01 8.98243725e-01 5.36229551e-01 3.44896704e-01
    6.11622334e-01 1.10705107e-01 4.63725239e-01 3.70889604e-01
    2.20936179e-01 2.16580570e-01 9.60033834e-02 2.94371694e-01
    4.64443028e-01 3.91697049e-01 4.92531121e-01 4.85600919e-01
    4.36173558e-01 1.74259603e-01 3.31667870e-01 8.89911830e-01
    1.65738434e-01 2.78152347e-01 8.68756533e-01 1.23857856e-01
    6.22359097e-01 6.93450570e-01 3.42755437e-01 1.39217079e-02
    4.56390321e-01 5.28047621e-01 8.18657219e-01 5.23758531e-01
    3.87421250e-02 8.24323535e-01 4.35017824e-01 2.92352557e-01
    9.60311532e-01 7.41689980e-01 7.01110661e-01 2.57281721e-01
    1.07991606e-01 4.18170094e-01 1.04137868e-01 8.27848673e-01
    1.96588963e-01 8.19853842e-02 6.46817744e-01 1.56993717e-01
    8.17636013e-01 9.77003098e-01 9.57061231e-01 2.89480269e-01
    1.46306843e-01 7.98922420e-01 8.69827211e-01 5.96455753e-01
    8.53849590e-01 8.68468046e-01 5.48633754e-01 7.38907158e-01
    7.87460804e-01 1.95629656e-01 5.11786461e-01 8.73821020e-01
    3.35042179e-01 8.58166218e-01 6.58491254e-01 2.43430465e-01
    9.00740504e-01 8.65150511e-01 9.63589311e-01 9.20548558e-01
    4.49236870e-01 4.90213603e-01 5.62119365e-01 7.86393523e-01
    6.22318745e-01 9.76979136e-02 1.25958145e-01 3.37166697e-01
    4.56861913e-01 2.25106835e-01 7.46928096e-01 7.56862283e-01
    4.56118017e-01 3.97644877e-01 3.36739957e-01 5.07373452e-01
    8.04558337e-01 9.63112831e-01 7.26349592e-01 8.57951462e-01
    3.57154906e-02 6.85379922e-01 9.25635099e-01 4.15189624e-01
    2.92895794e-01 9.66022313e-02 5.11716306e-01 5.89677453e-01
    7.64681101e-02 7.17239678e-01 6.37179673e-01 8.66281807e-01
    6.44611716e-01 4.73686904e-01 7.37218976e-01 5.57064593e-01
    6.15553916e-01 3.76977175e-01 5.77542365e-01 1.25568509e-01
    9.04652715e-01 7.89340019e-01 6.64032400e-01 7.46092081e-01
    6.79358244e-02 2.58979350e-01 4.43523139e-01 6.98894858e-02
    9.26196337e-01 5.60554266e-02 9.34240580e-01 8.12212944e-01
    2.73738682e-01 2.59064674e-01 3.91095042e-01 2.69685388e-02
    9.94568467e-01 2.16441393e-01 1.12571031e-01 1.43333346e-01
    6.00685835e-01 2.72782207e-01 9.20751452e-01 7.17502594e-01
    1.56208932e-01 7.35495567e-01 9.05689359e-01 7.91608691e-01
    3.66649866e-01 5.43718517e-01 8.94664228e-02 3.10036689e-01
    1.20679826e-01 5.50182402e-01 9.85170484e-01 4.70042318e-01
    1.05051994e-01 3.02664220e-01 5.77372074e-01 4.02519643e-01
    3.09668779e-01 2.05066115e-01 7.00600147e-01 2.45306760e-01
    5.40566504e-01 7.31633127e-01 9.57117856e-01 5.48803806e-01
    3.93922627e-01 1.96993232e-01 9.22087312e-01 9.10619617e-01
    4.33625937e-01 3.65431011e-01 4.68381494e-01 8.16011548e-01
    4.19278145e-01 4.02976662e-01 9.27352309e-02 6.27271354e-01
    2.60805249e-01 1.72344655e-01 4.45707142e-01 7.25712836e-01
    7.52364993e-02 4.06042933e-01 2.13209420e-01 8.67095649e-01
    8.49323869e-01 8.22949171e-01 8.49552095e-01 4.35595840e-01
    4.13495302e-02 5.82804680e-01 8.90392065e-03 7.19943643e-03
    8.45545888e-01 2.82445848e-01 6.78460836e-01 6.17967665e-01
    4.75124180e-01 9.08032358e-02 9.53663290e-01 1.18287802e-01
    2.33254015e-01 1.62010431e-01 6.12062573e-01 4.99371409e-01
    3.36413026e-01 6.45529628e-01 1.91164911e-02 2.11724430e-01
    1.46951944e-01 6.82131350e-02 6.60755754e-01 2.13396549e-01
    2.27623969e-01 9.60072756e-01 1.10544801e-01 2.30792850e-01
    8.08644533e-01 8.32075477e-01 9.91237998e-01 6.38377786e-01
    9.08968151e-01 8.01332355e-01 7.76056230e-01 3.54266346e-01
    3.26168150e-01 7.66219139e-01 4.74039376e-01 1.26341105e-01
    9.89313841e-01 7.09263980e-01 7.45457530e-01 2.87017643e-01
    1.66874200e-01 1.39256477e-01 3.90156627e-01 5.29356301e-01
    1.69066370e-01 5.19828141e-01 5.94660938e-02 4.87786531e-02
    4.28502679e-01 3.76952112e-01 8.85926604e-01 9.72209692e-01
    2.82525420e-02 1.00205094e-01 7.72892356e-01 1.92436546e-01
    5.02919555e-01 5.12005568e-01 9.41030562e-01 6.36331916e-01
    8.23824525e-01 6.72057927e-01 6.73336089e-01 2.89526582e-01
    8.06658328e-01 2.79850364e-01 8.33913267e-01 9.15332973e-01
    5.43149054e-01 6.09342992e-01 3.98512572e-01 2.49025524e-02
    2.48550415e-01 8.46410513e-01 5.14386058e-01 7.60536075e-01
    7.57719517e-01 3.07950765e-01 2.21906960e-01 5.10490239e-02
    7.40725696e-01 3.69736314e-01 9.14168715e-01 5.03425598e-01
    3.76040876e-01 5.42907357e-01 5.01150608e-01 7.93067336e-01
    7.25151479e-01 4.25437093e-02 4.15773630e-01 7.69968629e-02
    5.07834554e-01 4.45987016e-01 5.28747797e-01 4.24774319e-01
    5.37415266e-01 1.91200525e-01 2.96713769e-01 8.21827471e-01
    3.28337848e-02 9.96546507e-01 1.20740592e-01 3.76620710e-01
    8.11020732e-01 7.75746107e-01 2.89005369e-01 6.61771417e-01
    1.33604795e-01 4.24756408e-01 5.06683648e-01 8.11210036e-01
    2.73725986e-02 9.16026831e-01 8.30955029e-01 1.62972629e-01
    6.40690088e-01 9.35772538e-01 5.26616991e-01 8.80955756e-02
    3.54291111e-01 9.03633475e-01 4.21124637e-01 3.73966992e-01
    5.66447616e-01 4.55065697e-01 9.28347826e-01 1.86398655e-01
    5.18199980e-01 5.56912065e-01 2.07353771e-01 7.49083757e-01
    3.19360852e-01 4.09895241e-01 5.87538064e-01 9.33606625e-01
    2.82366157e-01 2.93391645e-01 3.38604867e-01 1.48810744e-02
    1.11209035e-01 1.70393020e-01 9.16973948e-02 1.33675128e-01
    7.12027311e-01 1.61852509e-01 9.55463171e-01 5.41647017e-01
    6.23405576e-02 4.89658415e-01 2.35211164e-01 8.81121159e-02
    6.91239595e-01 5.30801237e-01 9.91469860e-01 4.36025679e-01
    5.10973632e-01 4.56112415e-01 7.01303124e-01 9.55036819e-01
    7.62070537e-01 6.18123412e-01 8.19855809e-01 5.47957242e-01
    5.55762172e-01 1.36371255e-01 6.26570642e-01 8.52813900e-01
    9.04876590e-02 6.78250074e-01 2.97009826e-01 1.46659106e-01
    9.69877183e-01 3.93222749e-01 3.19986671e-01 1.58549935e-01
    9.75833654e-01 2.23660052e-01 1.94737971e-01 2.18724459e-01
    5.64631462e-01 3.28299105e-01 6.51422143e-03 4.45647717e-01
    4.88769919e-01 9.54692066e-01 9.84222174e-01 8.32687616e-01
    4.00283128e-01 7.71630526e-01 5.31540573e-01 9.69753742e-01
    4.84332442e-03 5.05126715e-02 9.35538113e-02 3.44324648e-01
    1.59086317e-01 8.62746596e-01 3.62384856e-01 2.09065557e-01
    8.59913528e-01 4.67585415e-01 5.55468976e-01 4.85952377e-01
    1.68113410e-01 1.02650344e-01 2.92591900e-01 1.97910786e-01
    6.96268797e-01 2.82690436e-01 2.78522849e-01 1.53866529e-01
    2.87232101e-01 8.10312867e-01 4.56449091e-02 2.01713204e-01
    7.72999585e-01 9.42180872e-01 4.47947115e-01 9.53392863e-01
    5.06847441e-01 7.80670047e-02 2.16176242e-01 6.32000625e-01
    2.90381253e-01 8.70688677e-01 9.52541471e-01 6.42925858e-01
    9.08802092e-01 2.81134903e-01 5.84400594e-01 2.27790475e-01
    7.31769621e-01 8.23271334e-01 2.86669165e-01 2.55167753e-01
    4.49862868e-01 2.55573958e-01 9.14827824e-01 7.79968202e-02
    7.85076857e-01 8.00080895e-01 6.71505511e-01 5.75607777e-01
    9.27741528e-01 5.49118221e-01 4.78961110e-01 7.67719746e-03
    2.50852048e-01 3.37069690e-01 3.57961059e-01 1.30282998e-01
    4.66104180e-01 9.80313063e-01 2.26154238e-01 6.25238478e-01
    7.56904721e-01 3.26682359e-01 8.81314039e-01 6.77107871e-02
    2.85679340e-01 6.36255741e-02 2.35108703e-01 4.00404036e-02
    8.74452114e-01 3.44389975e-02 5.33233583e-02 3.28776836e-01
    4.27219421e-01 1.69795036e-01 3.61212820e-01 3.31551552e-01
    9.31345522e-01 9.28428531e-01 8.78435969e-01 1.90178871e-01
    6.99601471e-02 9.42998469e-01 4.05780882e-01 2.78430462e-01
    3.34785759e-01 6.29331589e-01 7.49869525e-01 4.80869830e-01
    5.89291394e-01 9.58746672e-02 7.12612510e-01 3.80628407e-01
    4.84958261e-01 5.00836074e-01 6.55689240e-02 9.00489151e-01
    7.52508879e-01 5.43642879e-01 6.47282600e-01 1.27372622e-01
    1.77236736e-01 3.73449802e-01 4.08079863e-01 9.41190481e-01
    7.64822245e-01 7.50882983e-01 1.52968973e-01 1.54954255e-01
    2.22647548e-01 6.64931893e-01 1.96781307e-01 9.46563721e-01
    5.31280994e-01 8.78323913e-01 1.26692772e-01 8.24025452e-01
    9.72652853e-01 4.26624656e-01 1.89816833e-01 1.32840544e-01
    5.71229696e-01 1.76671565e-01 8.62162530e-01 8.85726750e-01
    9.51397717e-01 1.81444764e-01 9.57994103e-01 3.00150096e-01
    4.88245338e-01 8.23990107e-01 5.53409398e-01 5.99483550e-02
    8.97307098e-02 7.51619220e-01 3.10542911e-01 9.14020777e-01
    9.20781493e-01 7.72839069e-01 2.61255562e-01 7.57043958e-01
    8.35836053e-01 5.61180055e-01 9.37198043e-01 1.84715390e-02
    4.96335596e-01 5.00395119e-01 1.14033103e-01 4.06763554e-01
    7.34306455e-01 7.67367065e-01 4.97200608e-01 9.56409156e-01
    4.80787486e-01 7.83881247e-01 8.75666142e-01 4.27279115e-01
    4.25614715e-02 3.99729788e-01 5.45757174e-01 2.25411743e-01
    9.09909785e-01 5.48652232e-01 9.90207434e-01 9.12950277e-01
    6.83516502e-01 8.41014147e-01 8.95430446e-01 3.23544770e-01
    1.20508730e-01 4.48496908e-01 1.85274482e-01 3.95182073e-02
    6.80149674e-01 5.98216593e-01 6.58088803e-01 4.97067660e-01
    6.29464328e-01 8.25700164e-02 4.56964910e-01 9.29114342e-01
    3.91444355e-01 6.97950423e-02 3.32310557e-01 8.92654181e-01
    5.53689301e-01 6.95753932e-01 6.32297039e-01 1.52159214e-01
    6.56933486e-01 4.06351745e-01 3.77694011e-01 4.08448339e-01
    4.90464300e-01 9.20106530e-01 2.98981369e-02 2.33752728e-01
    5.82588315e-02 9.90357757e-01 4.12607312e-01 8.77177715e-01
    7.22866654e-01 4.56647575e-02 6.60217166e-01 8.05445254e-01
    8.07670951e-01 9.86533463e-02 9.26776826e-01 8.10873866e-01
    4.83150512e-01 3.05030227e-01 5.61251283e-01 8.85774136e-01
    5.32490671e-01 9.00930047e-01 1.05290443e-01 2.02269405e-01
    3.26297820e-01 6.77773058e-01 4.57274437e-01 4.99911189e-01
    4.26439941e-02 3.69418561e-01 3.13714355e-01 1.69176459e-02
    7.99314260e-01 5.62640727e-01 5.86616218e-01 2.00028598e-01
    2.70048499e-01 1.97030157e-01 3.44654977e-01 7.88311720e-01
    1.08150244e-02 4.33820486e-02 8.33344340e-01 6.57345772e-01
    6.88558400e-01 1.56781048e-01 1.89610302e-01 4.05821145e-01
    1.36786699e-01 2.89120078e-01 6.17148817e-01 6.18340611e-01
    8.59635353e-01 8.41168165e-02 7.90782332e-01 4.08641100e-01
    6.12549603e-01 4.96088475e-01 4.43724066e-01 6.43716335e-01
    1.48447365e-01 8.00200939e-01 9.72819090e-01 9.17213678e-01
    7.49686480e-01 6.98293686e-01 4.18041885e-01 3.21211874e-01
    1.91228658e-01 7.63971508e-02 8.61308336e-01 3.28838825e-04
    6.13084495e-01 8.02276015e-01 2.63454318e-01 5.05493045e-01
    4.10479337e-01 7.18657613e-01 7.24815607e-01 4.77479815e-01
    8.21901739e-01 7.55532026e-01 9.94658291e-01 8.19360137e-01
    8.28187466e-01 6.40841305e-01 9.34335232e-01 5.69297791e-01
    7.02194750e-01 4.67134416e-02 1.21741503e-01 2.39478678e-01
    4.42197919e-01 3.50591063e-01 4.94502634e-01 4.11968619e-01
    9.44751501e-02 7.75463283e-02 9.84908819e-01 6.01958394e-01
    6.69550836e-01 2.16248512e-01 9.42069530e-01 8.01931381e-01
    5.08606791e-01 8.47700596e-01 8.41613412e-01 6.29057646e-01
    5.83370924e-01 6.82554841e-02 9.77672219e-01 7.55547166e-01
    7.60820866e-01 8.08514833e-01 1.31015956e-01 9.15265858e-01
    1.80144548e-01 7.27454484e-01 1.96885020e-01 3.84256482e-01
    5.71997225e-01 7.36103535e-01 2.42934823e-01 6.52845025e-01
    7.67193258e-01 6.43719196e-01 8.04740429e-01 1.63772136e-01
    1.72326267e-02 4.25852180e-01 8.49393845e-01 6.61342382e-01
    2.67066211e-01 3.07936490e-01 6.26419425e-01 3.90474796e-01
    7.76305914e-01 5.34443974e-01 1.19024247e-01 2.00737655e-01
    9.01334882e-01 9.11525965e-01 7.43558049e-01 7.82484889e-01
    5.81788898e-01 1.34610653e-01 6.24441326e-01 3.23786169e-01
    5.66322744e-01 1.88140035e-01 5.55219531e-01 9.55231905e-01
    6.37120843e-01 9.21609282e-01 7.55566299e-01 1.89653307e-01
    6.93354368e-01 1.64935291e-01 9.98275876e-02 3.05706501e-01
    8.18978310e-01 7.94045389e-01 9.85915542e-01 6.54144585e-01
    8.38390589e-01 1.08399689e-01 8.45688701e-01 6.44751668e-01
    3.20045292e-01 6.80351615e-01 3.89141262e-01 6.76836550e-01
    1.16032302e-01 6.48113728e-01 8.31166983e-01 6.89928055e-01
    6.76462412e-01 3.92560363e-02 4.28745061e-01 6.46989107e-01
    3.54858935e-01 9.21201587e-01 4.35768068e-02 5.23126364e-01
    6.44439697e-01 4.28581536e-02 1.23263150e-01 1.04784369e-02
    3.85208666e-01 3.70466709e-03 4.82661545e-01 5.37894666e-01
    5.77988863e-01 6.97405994e-01 6.42503381e-01 8.79655004e-01
    3.23356658e-01 7.84401178e-01 3.36188972e-01 3.86839628e-01
    1.68843925e-01 7.74803281e-01 6.85523748e-01 5.33744574e-01
    3.60437453e-01 7.46227980e-01 6.72911763e-01 3.61539841e-01
    4.85776156e-01 7.52942085e-01 1.01783097e-01 3.60202283e-01
    2.19588935e-01 8.03146243e-01 9.16384399e-01 8.25522542e-02
    6.45420551e-01 6.23569012e-01 4.19268459e-01 3.97846997e-02
    9.48861361e-01 6.64937198e-01 9.04223442e-01 4.55085129e-01
    7.33519256e-01 2.99089581e-01 8.49388242e-01 3.26120794e-01
    9.78443623e-01 3.59665155e-01 3.83204997e-01 7.62258291e-01
    1.10767901e-01 7.63791442e-01 3.20900619e-01 1.68645471e-01
    2.49560684e-01 1.60518587e-01 4.44308460e-01 8.16625357e-02
    7.03117967e-01 8.14675272e-01 1.03973687e-01 2.75315613e-01
    3.95629287e-01 8.48381162e-01 6.13683581e-01 1.81030691e-01
    1.85028404e-01 1.17754072e-01 8.53648484e-01 3.49168330e-01
    2.31843740e-01 8.00113082e-02 6.70946538e-02 8.34410310e-01
    9.10124242e-01 4.15553153e-01 6.33858502e-01 4.48975682e-01
    8.61124396e-02 5.74893951e-01 7.42844403e-01 5.76287925e-01
    9.03049350e-01 3.19709897e-01 2.63338506e-01 3.96000862e-01
    2.25096941e-01 8.86310101e-01 1.89186186e-01 5.21048009e-01
    3.17280471e-01 3.97360206e-01 5.18989384e-01 8.31680894e-01
    5.99768162e-01 4.50832129e-01 2.59490669e-01 6.51764154e-01
    6.85844183e-01 8.64910781e-02 6.55907035e-01 1.57188833e-01
    7.85933733e-01 2.33220994e-01 3.61738324e-01 4.92421538e-01
    1.74921364e-01 2.67599702e-01 4.19507235e-01 9.03585434e-01
    7.30395019e-01 9.08708096e-01 7.19490647e-02 9.36262608e-01
    1.47192150e-01 3.75225902e-01 6.62472963e-01 1.33989751e-01
    8.24373007e-01 2.20531940e-01 3.08602333e-01 4.23621714e-01
    9.59407449e-01 2.62097538e-01 5.16869724e-01 4.95842338e-01
    9.87365067e-01 2.92099684e-01 1.58041716e-03 4.82839912e-01
    5.84544301e-01 5.24098814e-01 4.19421256e-01 4.40545380e-02
    1.96668893e-01 9.06612277e-01 2.69854069e-03 9.61537063e-01
    6.17930770e-01 7.82310605e-01 3.71528625e-01 2.54130095e-01
    7.04083681e-01 6.47966862e-01 4.25240666e-01 8.55049372e-01
    3.50461125e-01 7.52632022e-01 9.30199623e-01 7.99507976e-01
    7.67390609e-01 1.51074022e-01 5.26525080e-01 3.64452600e-02
    1.89274102e-01 7.33883381e-01 8.75385046e-01 7.92902648e-01
    6.83654189e-01 8.46158981e-01 1.69830292e-01 8.63745391e-01
    8.51947188e-01 3.81191820e-01 1.66581780e-01 3.90434235e-01
    8.64828944e-01 7.90022373e-01 8.67946088e-01 6.91236198e-01
    1.73536599e-01 6.44238770e-01 8.14866543e-01 7.01306760e-02
    2.80355632e-01 1.29556954e-01 2.25911140e-01 2.44883388e-01
    2.81612128e-01 5.70777714e-01 7.31143832e-01 9.14725780e-01
    6.95353866e-01 4.48204577e-01 1.81790560e-01 3.12308133e-01
    8.50745976e-01 4.99509156e-01 1.17391646e-01 5.05760789e-01
    4.19499457e-01 3.47335637e-02 6.99849784e-01 2.82705605e-01
    1.15094662e-01 1.30962014e-01 6.74489677e-01 8.19815516e-01
    5.24487376e-01 2.34577149e-01 9.82464194e-01 9.71536040e-02
    1.35357082e-02 5.47436178e-01 3.28878462e-02 5.20148456e-01
    7.37528563e-01 5.99076509e-01 9.71142471e-01 7.48566866e-01
    8.94325852e-01 3.50793809e-01 6.90472424e-02 9.03554559e-01
    7.13894665e-01 9.99932528e-01 2.97464430e-01 1.56995714e-01
    7.11727202e-01 9.97859538e-02 2.76211798e-01 2.27089971e-01
    5.47732890e-01 4.81714636e-01 5.49050987e-01 7.78322101e-01
    7.20229387e-01 6.95018470e-01 8.39046478e-01 3.06555271e-01
    9.48008537e-01 3.15575838e-01 9.79587317e-01 7.29312301e-01
    9.95267928e-01 9.05187666e-01 2.21052408e-01 6.26951635e-01
    3.86283398e-01 9.21720624e-01 1.58197224e-01 8.44130218e-02
    1.89120859e-01 2.16977686e-01 1.88816130e-01 8.89765382e-01
    9.31684613e-01 5.46628952e-01 6.39458656e-01 5.44943869e-01
    3.76649320e-01 8.91064882e-01 5.54058552e-01 3.35100889e-01
    1.96716368e-01 1.18563771e-02 1.04856253e-01 9.96189713e-01
    8.11935902e-01 4.08034742e-01 9.01159286e-01 8.74952197e-01
    6.32529914e-01 4.19712633e-01 5.95694125e-01 4.28924084e-01
    1.95064843e-02 2.04063058e-02 7.72787690e-01 8.92099798e-01
    5.54798782e-01 3.13899934e-01 3.26725781e-01 4.67213333e-01
    6.68589950e-01 1.11478001e-01 1.22383416e-01 1.57178044e-01
    5.83914816e-02 9.31339264e-01 2.08105862e-01 9.06442761e-01
    1.24754190e-01 6.26242101e-01 5.30171156e-01 3.44261527e-01
    9.11909223e-01 3.34237456e-01 5.86108685e-01 9.29090023e-01
    3.44440639e-01 5.05756378e-01 2.59011030e-01 8.33518267e-01
    9.90070343e-01 8.74121785e-01 6.32117987e-01 6.45613134e-01
    2.91940510e-01 3.80549967e-01 1.67656541e-01 1.38656944e-01
    3.42223465e-01 4.80474591e-01 8.10651898e-01 9.10907447e-01
    4.42364216e-02 4.52473134e-01 4.75879014e-01 6.91795886e-01
    5.58373213e-01 9.50518012e-01 7.67808020e-01 5.79252720e-01
    2.88141251e-01 7.29386568e-01 2.62504220e-01 3.99670660e-01
    1.51174664e-02 6.26631141e-01 3.28821301e-01 3.94978344e-01
    1.77428424e-02 5.41575670e-01 7.33682513e-02 3.28373104e-01
    7.20381558e-01 7.89185762e-01 1.08983874e-01 9.08025861e-01
    2.98075318e-01 1.94461733e-01 4.93125379e-01 6.45309448e-01
    5.76900244e-01 9.22275484e-02 8.18625271e-01 5.17637134e-02
    8.63327026e-01 6.74045086e-02 5.24823606e-01 2.75515974e-01
    5.51787555e-01 7.99938798e-01 2.43218571e-01 7.27916062e-02
    5.86141586e-01 1.40187621e-01 6.45412803e-02 3.52613807e-01
    1.82819366e-03 3.50173324e-01 4.84465152e-01 7.91820168e-01
    1.90059781e-01 4.81888860e-01 7.33242929e-02 2.97769904e-01
    6.56522751e-01 2.73451805e-01 3.88058424e-01 8.63813043e-01
    2.19673693e-01 5.97747743e-01 5.48889935e-01 8.06331992e-01
    3.20132315e-01 6.41113877e-01 2.51979649e-01 7.79348314e-01
    1.74311519e-01 8.61135125e-02 6.76591933e-01 6.81682765e-01
    1.65492713e-01 7.80333579e-01 1.23001188e-01 4.39893514e-01
    4.28626537e-01 4.61707205e-01 3.26516032e-02 9.92830992e-01
    3.20534319e-01 4.00650889e-01 2.08939612e-01 8.59141231e-01
    3.08478802e-01 9.49149430e-02 8.08634281e-01 5.66500008e-01
    6.77612722e-02 3.37743759e-01 2.54128754e-01 8.29000652e-01
    6.22189820e-01 6.02427065e-01 8.09034586e-01 8.19510698e-01
    2.83365369e-01 2.78866291e-03 2.52015769e-01 9.66032743e-01
    7.05865383e-01 2.00201541e-01 5.98180592e-01 6.25665188e-02
    1.83956116e-01 9.83880162e-01 6.03880107e-01 2.77644038e-01
    5.65061212e-01 3.73642474e-01 4.10143226e-01 1.04133368e-01
    3.97767216e-01 7.49697685e-01 2.30839312e-01 1.94918722e-01
    6.03221476e-01 9.31940317e-01 8.91082764e-01 3.08783293e-01
    3.18018973e-01 7.72788405e-01 3.21683288e-03 8.81416798e-01
    1.10862732e-01 6.37145936e-01 1.97093695e-01 3.74984503e-01
    9.71315980e-01 7.95845687e-01 6.71571255e-01 4.65127587e-01
    2.89198577e-01 1.24806732e-01 4.13266480e-01 7.56068468e-01
    4.40108567e-01 2.18208343e-01 9.39974785e-02 2.19393462e-01
    4.33667928e-01 1.10368133e-02 1.90306604e-01 6.94856822e-01
    6.05852127e-01 6.74567938e-01 7.16752470e-01 4.17976379e-01
    4.62848425e-01 3.45596671e-03 9.37859416e-02 4.73099053e-01
    7.43517399e-01 7.63292968e-01 6.05161726e-01 9.41248953e-01
    3.13988775e-01 9.09424782e-01 4.22034442e-01 1.87851280e-01
    7.72578776e-01 8.67960453e-01 1.03519738e-01 5.67564845e-01
    1.81166440e-01 7.26838231e-01 5.40570199e-01 6.75691068e-02
    9.44007754e-01 7.60568798e-01 2.62874901e-01 9.49411154e-01
    3.37241054e-01 6.56713486e-01 6.71891689e-01 6.42214000e-01
    4.56918359e-01 4.25442874e-01 7.28196204e-01 8.11982870e-01
    5.06471634e-01 8.21242571e-01 8.85722101e-01 4.76062775e-01
    6.88011587e-01 6.06445670e-01 5.86053371e-01 8.67884815e-01
    9.85153794e-01 2.54419744e-02 8.85300398e-01 8.09712887e-01
    9.58796144e-01 7.81648159e-02 5.13878465e-03 3.19475025e-01
    4.62319851e-01 5.55813611e-02 5.22374570e-01 4.30942297e-01
    1.55389518e-01 8.23781788e-02 3.22925150e-01 2.92083174e-01
    9.81997669e-01 8.71628106e-01 6.08274519e-01 1.53092235e-01
    6.70058131e-01 5.46582341e-02 1.53888047e-01 3.34408373e-01
    3.93119156e-02 4.68967527e-01 4.65267390e-01 8.50178421e-01
    8.32885265e-01 8.12891126e-01 9.49860513e-02 2.05971539e-01
    3.43316436e-01 9.99814272e-01 5.07490933e-01 5.07891834e-01
    9.96185064e-01 4.38676298e-01 9.92248297e-01 7.34437943e-01
    2.16562808e-01 8.08879435e-02 3.97484899e-01 3.40578109e-01
    8.22339058e-02 5.35539091e-02 9.61723030e-01 1.34174943e-01
    9.08383369e-01 2.08149970e-01 7.48463452e-01 6.17716908e-01
    7.44443953e-01 7.21408725e-02 6.31655216e-01 7.92732775e-01
    4.41376567e-01 4.20713425e-02 3.55760068e-01 3.55271399e-01
    2.58854032e-03 3.51463854e-01 5.05463064e-01 7.99111724e-01
    7.66900659e-01 9.26712871e-01 6.56289160e-01 4.56917137e-01
    5.16607463e-01 3.41371000e-01 5.07901788e-01 6.26582503e-02
    8.86573315e-01 3.95299405e-01 4.11603153e-02 6.11276150e-01
    5.15211463e-01 1.86400414e-01 7.24081159e-01 7.91251004e-01
    7.02091455e-02 3.21577191e-01 4.53046173e-01 9.46420670e-01
    9.25549924e-01 5.07717967e-01 1.96459889e-01 4.91478711e-01
    3.52318883e-02 8.42840970e-02 4.41107512e-01 6.05025768e-01
    4.19936717e-01 9.56036329e-01 2.39784569e-01 4.45106804e-01
    6.39695823e-02 4.12155509e-01 1.31863981e-01 9.06606436e-01
    3.94678175e-01 2.16797918e-01 8.24218035e-01 1.17772818e-02
    2.02130914e-01 8.35297108e-01 5.43696463e-01 4.44223851e-01
    3.42048556e-01 9.97650266e-01 5.38404286e-01 4.05342251e-01
    4.87929553e-01 2.07737863e-01 1.57075971e-01 5.10665059e-01
    9.14080262e-01 3.76681447e-01 7.69333005e-01 4.19144094e-01
    2.50544727e-01 5.11501074e-01 2.15449929e-03 5.02828836e-01
    8.32781672e-01 3.47937286e-01 4.53186274e-01 8.16041529e-01
    8.86604190e-01 3.20000231e-01 6.93239391e-01 2.69682407e-01
    6.11054361e-01 1.24853402e-01 1.76772803e-01 2.89834529e-01
    4.83338177e-01 6.28271222e-01 4.87435639e-01 1.29888505e-01
    3.94230247e-01 8.63026619e-01 8.08924079e-01 1.02124095e-01
    8.09082925e-01 2.63784885e-01 4.56691027e-01 6.04287803e-01
    7.16831088e-01 1.84372962e-01 8.18367958e-01 1.65239424e-01
    7.44522929e-01 1.35908425e-01 7.33761668e-01 8.49565387e-01
    1.99619681e-01 4.98721570e-01 7.55759358e-01 6.85215831e-01
    6.30284548e-01 2.49457151e-01 3.97888362e-01 7.22419620e-01
    9.41326618e-01 5.13879955e-01 6.18503451e-01 6.42223954e-01
    6.35380685e-01 3.68469477e-01 7.61153221e-01 1.70634329e-01
    8.48504901e-01 7.22900629e-01 7.30735302e-01 2.80631810e-01
    1.97845668e-01 2.98044384e-01 7.26265192e-01 4.25365567e-01
    9.37929392e-01 2.37601995e-03 2.31716633e-01 5.43098092e-01
    1.53333992e-01 8.33368182e-01 5.40087700e-01 3.20140362e-01
    9.01786566e-01 3.16513032e-01 9.71089482e-01 8.05323422e-02
    5.86159229e-01 2.83342987e-01 6.78372085e-01 5.09748280e-01
    6.26984239e-03 6.53888226e-01 6.65571034e-01 4.08466369e-01
    8.20872009e-01 7.91332245e-01 3.79763931e-01 5.43798625e-01
    9.73438382e-01 6.16617203e-01 4.11389291e-01 7.97452092e-01
    9.04748976e-01 9.29221153e-01 1.40091330e-01 2.99892366e-01
    3.54732990e-01 4.84835148e-01 3.18208873e-01 6.95139050e-01
    6.57542586e-01 9.35492754e-01 5.63135743e-01 5.91386676e-01
    2.63307691e-01 1.31539851e-01 9.51345921e-01 6.13824010e-01
    5.51336229e-01 7.47722864e-01 3.66621852e-01 1.27495378e-01
    1.81949407e-01 8.69881392e-01 5.27326047e-01 3.51180553e-01
    2.08471447e-01 5.85278273e-02 3.46488774e-01 1.96515262e-01
    9.98087764e-01 8.72952759e-01 5.48059344e-01 3.01651955e-01
    4.17016059e-01 6.50439143e-01 4.59070265e-01 7.76745796e-01
    1.67206973e-01 1.46097779e-01 5.40379465e-01 7.71507978e-01
    6.23202384e-01 2.85135359e-01 2.00300843e-01 6.41264319e-02
    5.94481766e-01 8.02433372e-01 8.36352110e-01 8.83131623e-01
    9.71225858e-01 6.34011626e-01 9.65851426e-01 5.31546831e-01
    2.47462928e-01 7.85772324e-01 6.87385261e-01 4.36517596e-01
    8.80912304e-01 7.11464882e-02 7.28078008e-01 3.47972184e-01
    2.34180510e-01 3.67645115e-01 2.34343708e-01 7.53746569e-01
    9.93504763e-01 4.36197340e-01 6.45532310e-01 3.16664666e-01
    5.38780808e-01 2.59894192e-01 5.35474420e-01 3.66991222e-01
    6.62092686e-01 3.13468456e-01 8.09894800e-02 9.85691428e-01
    8.41535449e-01 3.16861749e-01 1.00421309e-02 1.37438476e-02
    9.32398438e-03 8.45714569e-01 9.54051912e-02 4.57156479e-01
    1.67881161e-01 6.47372782e-01 1.49712801e-01 7.01444209e-01
    4.03088748e-01 6.53048992e-01 4.71625119e-01 5.37852645e-01
    1.59202933e-01 1.27472460e-01 3.20456833e-01 9.48254824e-01
    9.13294315e-01 1.73142552e-03 2.71273613e-01 8.21634948e-01
    6.68750286e-01 1.45793051e-01 5.70972025e-01 5.15743196e-01
    6.32868826e-01 6.16769254e-01 6.89115524e-01 7.22646534e-01
    5.49673736e-01 6.88487768e-01 6.71435356e-01 1.56144291e-01
    1.62569702e-01 8.75251055e-01 2.56193340e-01 8.57426763e-01
    1.54874265e-01 8.33222985e-01 7.81542063e-03 4.57191676e-01
    3.24626982e-01 9.72383499e-01 3.53292823e-01 8.98777425e-01
    9.78322804e-01 7.76783586e-01 7.43132055e-01 9.55224991e-01
    1.84675992e-01 4.80849832e-01 8.19669008e-01 2.41183430e-01
    2.13771164e-02 7.02891827e-01 7.51034915e-02 6.12504363e-01
    9.04699981e-01 8.24915648e-01 2.83310384e-01 4.69313979e-01
    4.21885878e-01 2.70575881e-01 3.40705097e-01 5.74400306e-01
    4.14910257e-01 6.72086835e-01 4.55394000e-01 3.86035323e-01
    8.00197721e-01 7.41695702e-01 1.93455487e-01 7.95039535e-01
    9.06681657e-01 5.77333570e-03 1.25371873e-01 8.65476370e-01
    7.19976127e-01 9.48294640e-01 7.93016434e-01 1.32747531e-01
    3.43986154e-01 7.14043915e-01 7.33357608e-01 5.92631876e-01
    2.45952308e-02 7.54635096e-01 4.41658854e-01 5.12168765e-01
    7.66795874e-01 9.11365151e-01 7.25640714e-01 7.41751611e-01
    7.69626498e-01 1.30758435e-01 3.42561185e-01 3.41320157e-01
    3.44069541e-01 9.50250983e-01 2.91081309e-01 3.27908456e-01
    6.36807382e-01 1.92387819e-01 5.90502262e-01 6.10859692e-01
    3.07214260e-03 1.76808238e-01 1.91196740e-01 4.30826247e-02
    7.25320280e-02 4.94394302e-01 6.68065548e-01 4.07183439e-01
    7.11713731e-02 2.79039234e-01 4.68053520e-01 7.25944340e-02
    4.22776282e-01 7.32657135e-01 7.89065242e-01 5.78099012e-01
    3.93148869e-01 7.61171937e-01 8.79956663e-01 6.00787282e-01
    6.83963895e-01 1.28260255e-03 2.79997021e-01 3.15896422e-01
    6.52492106e-01 2.56136715e-01 7.50474334e-01 4.73716110e-01
    9.85280275e-01 9.11537528e-01 3.13230991e-01 2.58371592e-01
    4.61209476e-01 5.44442594e-01 4.49017107e-01 6.31281734e-01
    9.36687708e-01 1.83578372e-01 2.72331744e-01 2.41075546e-01
    9.31949675e-01 5.32343149e-01 3.67014050e-01 6.64634705e-02
    2.21731603e-01 1.79363966e-01 6.02650046e-01 5.52672923e-01
    1.03902847e-01 4.99147147e-01 5.33452392e-01 8.63822103e-02
    7.52948225e-02 1.89331383e-01 8.72010767e-01 1.90950066e-01
    8.51330400e-01 7.83122420e-01 4.60020632e-01 8.73076797e-01
    9.28827524e-01 5.90399683e-01 2.87699550e-01 6.79893970e-01
    7.62320101e-01 5.61169803e-01 6.08961403e-01 2.20714927e-01
    4.89222467e-01 8.28690410e-01 4.92945760e-01 7.07086563e-01
    4.02781725e-01 2.76290417e-01 2.62606680e-01 3.81920695e-01
    7.65527606e-01 6.07313514e-01 3.71342897e-02 6.62174225e-02
    9.39955175e-01 5.80797613e-01 1.28193319e-01 5.31013310e-02
    1.68034434e-03 8.45329523e-01 1.09676659e-01 4.21417117e-01
    3.59360039e-01 2.91323751e-01 7.68315673e-01 9.71878648e-01
    2.59975731e-01 7.70566761e-01 2.39572644e-01 5.11452496e-01
    9.16915119e-01 9.91121531e-01 2.00701058e-01 3.82459193e-01
    8.62397552e-02 1.83287799e-01 9.47465122e-01 8.39458942e-01
    9.95219946e-02 9.72999036e-01 2.63520479e-02 4.89837408e-01
    3.62346083e-01 2.64275432e-01 3.87727231e-01 3.65844369e-02
    9.69345272e-01 2.04185873e-01 3.46098125e-01 8.36306393e-01
    4.71715659e-01 6.17528021e-01 2.12286711e-01 2.67763495e-01
    9.04470921e-01 3.29066515e-02 9.24504519e-01 1.23967618e-01
    1.55103743e-01 8.25721681e-01 2.52817839e-01 5.70091665e-01
    7.15532601e-02 2.66659260e-01 9.10273373e-01 4.08454835e-02
    1.71711296e-01 1.19468898e-01 1.32115424e-01 9.61300492e-01
    7.57723331e-01 8.94443631e-01 6.53361917e-01 3.25743318e-01
    4.65176076e-01 2.89634943e-01 9.90221500e-01 5.19840002e-01
    7.96031952e-01 4.50857043e-01 8.57170701e-01 2.63846815e-02
    3.27518284e-02 6.16281748e-01 8.23018789e-01 7.11046875e-01
    2.16491401e-01 6.40103102e-01 1.78951830e-01 7.32501864e-01
    6.62818789e-01 1.71301514e-01 4.47883904e-02 1.63574874e-01
    7.45887160e-02 7.31882155e-02 6.52284622e-01 9.57812846e-01
    1.23808086e-01 8.38108420e-01 3.42032880e-01 8.04591179e-01
    7.76202440e-01 1.54364049e-01 6.19341493e-01 9.83480811e-01
    8.60160172e-01 3.52989495e-01 3.05656224e-01 5.73746145e-01
    1.89632088e-01 5.80983996e-01 5.40857971e-01 9.05995250e-01
    4.28008020e-01 1.49220228e-04 3.08553100e-01 5.36796749e-01
    6.81097090e-01 6.70524955e-01 1.41879380e-01 4.92829144e-01
    3.29412639e-01 6.02015734e-01 5.32710314e-01 6.90010667e-01
    4.14109528e-01 6.09158993e-01 9.47132945e-01 1.88499093e-02
    6.36073470e-01 2.54539073e-01 9.31039810e-01 6.14663780e-01
    9.43157971e-01 1.30534679e-01 3.03954780e-01 8.67277265e-01
    9.63690519e-01 9.05608475e-01 3.92300487e-02 5.85802197e-02
    8.87703359e-01 3.97448510e-01 8.38997841e-01 2.17277825e-01
    5.84471226e-02 5.81761181e-01 9.03848827e-01 3.00350249e-01
    8.32650542e-01 2.08685219e-01 3.49984765e-01 2.05718607e-01
    4.22005981e-01 4.24162209e-01 5.96143782e-01 9.74098682e-01
    8.12882185e-01 8.80534291e-01 3.41404825e-01 6.49839163e-01
    5.33892810e-02 5.04756212e-01 7.40814328e-01 9.68005896e-01
    7.43247688e-01 7.05602586e-01 1.76743001e-01 3.84960324e-01
    2.44294167e-01 6.80590868e-02 2.75024831e-01 9.34114516e-01
    5.48020422e-01 2.81910181e-01 8.01388681e-01 3.65324259e-01
    4.23742890e-01 2.74844587e-01 9.89860892e-02 5.71957707e-01
    7.19334960e-01 8.72879863e-01 5.18775582e-01 5.29466689e-01
    6.76490963e-01 9.43345904e-01 5.84116459e-01 8.43241215e-01
    1.90532893e-01 7.85362124e-02 3.90180558e-01 4.28959012e-01
    8.56828928e-01 8.73544693e-01 9.78981733e-01 4.49842781e-01
    1.50533915e-01 9.06150639e-02 5.55680215e-01 6.60677135e-01
    5.83015203e-01 9.38237488e-01 7.85062790e-01 4.73379910e-01
    1.58743858e-01 3.14330667e-01 8.96558940e-01 7.81539798e-01
    1.06443763e-02 8.41637015e-01 4.75907952e-01 2.79382408e-01
    2.33478844e-01 6.77167475e-01 9.51541662e-02 2.63803959e-01
    8.77507865e-01 4.55485523e-01 4.79833275e-01 2.09194750e-01
    4.46925521e-01 1.45408750e-01 7.09530234e-01 3.39882135e-01
    8.60713005e-01 1.16199285e-01 4.60116148e-01 8.32279325e-01
    1.60088181e-01 6.88523054e-01 6.65143609e-01 7.43037522e-01
    6.32685423e-01 3.80658716e-01 6.78638220e-01 7.08720386e-01
    4.67259735e-01 2.53056914e-01 9.72327948e-01 3.87584329e-01
    3.62166047e-01 9.19539928e-02 9.55524325e-01 9.04226303e-01
    4.13938224e-01 7.47308612e-01 6.55421972e-01 1.79785371e-01
    1.35408133e-01 9.74408031e-01 7.31475949e-02 2.43328214e-02
    2.60867059e-01 2.36222684e-01 6.93577886e-01 9.71647739e-01
    3.29923630e-01 4.80881333e-01 2.13419080e-01 8.61856937e-01
    9.02270555e-01 2.67496407e-02 5.85652888e-01 4.63607907e-01
    2.07763523e-01 9.71694589e-01 1.16270125e-01 9.08808231e-01
    6.09521329e-01 4.05460596e-01 2.98352301e-01 5.98602772e-01
    7.03461468e-01 2.06154674e-01 6.98288441e-01 4.67129737e-01
    3.38308692e-01 7.14485526e-01 1.73148632e-01 7.03899145e-01
    5.04612565e-01 5.23860991e-01 9.74135995e-01 6.52648807e-01
    6.92478061e-01 1.13717884e-01 1.37027502e-02 2.32818544e-01
    5.72181523e-01 5.79486728e-01 2.83713162e-01 4.81106102e-01
    7.34185755e-01 6.80996358e-01 9.82913256e-01 4.10920382e-02
    8.22819591e-01 2.33519524e-01 7.38959789e-01 5.40365517e-01
    9.54615951e-01 5.53609133e-02 7.15316415e-01 5.13333261e-01
    9.14349437e-01 4.44815755e-02 8.23418260e-01 7.51116991e-01
    5.53156972e-01 1.97882295e-01 4.72638249e-01 1.27279013e-01
    4.47777539e-01 1.50331050e-01 8.81920993e-01 2.27787554e-01
    7.96788573e-01 5.71256280e-01 6.13050461e-01 6.45042539e-01
    1.31470442e-01 9.85537648e-01 7.69518375e-01 3.00565660e-02
    6.47019565e-01 1.03376567e-01 6.06853783e-01 5.56697607e-01
    3.20474118e-01 8.96709085e-01 3.20038974e-01 3.42102706e-01
    8.86235595e-01 3.53641808e-02 6.33300543e-01 4.64862496e-01
    8.17020297e-01 8.50694656e-01 5.25177121e-01 8.23738217e-01
    8.16291690e-01 3.20843071e-01 6.54447675e-02 7.83773422e-01
    2.18399704e-01 4.25568104e-01 2.60692596e-01 3.97707641e-01
    9.05544698e-01 3.11478376e-01 1.60659850e-01 6.89510942e-01
    1.98529810e-01 4.00847405e-01 1.72325850e-01 8.86100769e-01
    6.67164028e-01 7.30296254e-01 9.12156940e-01 6.57962561e-01
    7.66523361e-01 8.70086849e-02 7.84255207e-01 8.46906424e-01
    8.39984179e-01 2.30081081e-01 7.12343931e-01 6.21764183e-01
    7.03623295e-02 4.09801930e-01 3.58447492e-01 4.81650293e-01
    3.19534719e-01 4.14246708e-01 2.34530717e-01 8.11600089e-01
    5.72213173e-01 7.09826529e-01 8.73932838e-01 1.49790138e-01
    4.00566518e-01 8.30413699e-01 1.10101402e-02 1.95106775e-01
    5.81714153e-01 7.94511616e-01 4.29029882e-01 5.88651359e-01
    5.37358701e-01 7.60501623e-03 4.59870636e-01 7.82220244e-01
    7.23320365e-01 5.11941373e-01 9.11999643e-02 1.68483675e-01
    5.69356799e-01 4.19559091e-01 5.22344410e-01 2.24575400e-01
    4.35090929e-01 3.96921784e-01 4.36137021e-01 6.69815183e-01
    1.82805747e-01 8.58126104e-01 5.37516475e-02 2.02156395e-01
    8.48254561e-01 2.35233665e-01 9.06723619e-01 2.93627143e-01
    4.42588091e-01 4.37187821e-01 7.75668979e-01 5.27002633e-01
    8.75738144e-01 3.42872918e-01 3.70449722e-02 1.60053670e-02
    1.75939292e-01 4.11650240e-02 2.94465423e-01 6.48943484e-01
    9.14266229e-01 5.55077791e-01 6.12497091e-01 4.45413888e-02
    8.79823565e-01 1.25767827e-01 4.02102053e-01 2.75149941e-01
    3.76545489e-01 3.94441903e-01 9.84055519e-01 4.78192270e-02
    1.76382035e-01 6.74044847e-01 2.90157735e-01 6.92993164e-01
    9.00771499e-01 6.31054640e-01 3.38293940e-01 7.43299007e-01
    6.47565126e-01 5.18287301e-01 2.00298309e-01 3.42379868e-01
    8.61336350e-01 7.51050830e-01 6.23944044e-01 6.97748542e-01
    3.08078289e-01 7.64498889e-01 4.54039186e-01 8.08444321e-01
    1.58444047e-01 4.26527441e-01 5.26949763e-01 8.81281734e-01
    2.75340557e-01 8.02359462e-01 6.44792080e-01 7.60518909e-01
    2.40835518e-01 9.04474616e-01 9.06731427e-01 7.98136473e-01
    9.60685313e-01 2.96010852e-01 6.24545336e-01 6.12198114e-01
    8.19227934e-01 8.17923665e-01 4.42289829e-01 5.97245812e-01
    8.97327662e-01 6.87677801e-01 1.83544934e-01 6.25753105e-02
    6.20147884e-02 1.02877498e-01 2.06576437e-01 7.13722646e-01
    2.54942894e-01 7.77449012e-02 6.43453419e-01 2.76938081e-01
    9.33515131e-02 8.58859539e-01 6.87552869e-01 8.33122015e-01
    5.03505945e-01 4.62619185e-01 6.44278169e-01 4.55910504e-01
    6.46124542e-01 5.38724661e-01 1.82081491e-01 8.40131342e-01
    3.44005942e-01 1.80895805e-01 8.96974683e-01 1.53697968e-01
    8.72090816e-01 8.07657301e-01 9.46935892e-01 6.90552413e-01
    4.23134625e-01 5.54250479e-02 9.57319856e-01 7.51087070e-01
    8.40888143e-01 6.17576003e-01 1.63486898e-01 7.99035847e-01
    2.01204419e-01 4.03829932e-01 8.94117594e-01 6.64414167e-02
    4.50810581e-01 8.70393634e-01 2.17260748e-01 6.63541079e-01
    6.08895659e-01 9.04873610e-01 3.03990901e-01 6.65440798e-01
    5.09894907e-01 3.12590837e-01 3.79575670e-01 4.82163429e-02
    6.19684577e-01 5.80593109e-01 4.98297751e-01 7.73014188e-01
    1.93825185e-01 9.58605707e-01 6.82549834e-01 5.60388684e-01
    7.29090810e-01 8.83721471e-01 8.88737977e-01 9.14628744e-01
    9.33662236e-01 1.29792571e-01 3.08754295e-01 8.77704382e-01
    6.10385716e-01 1.43853605e-01 1.23679161e-01 6.90568089e-01
    8.64709973e-01 5.62066078e-01 7.30143785e-01 7.73855805e-01
    9.13076699e-02 5.72763205e-01 3.92495573e-01 6.38835907e-01
    8.42750669e-01 5.78526199e-01 4.86246496e-01 4.50751990e-01
    2.15582639e-01 6.59267008e-02 1.46564156e-01 1.00436926e-01
    1.28166020e-01 5.77221274e-01 1.89756781e-01 9.67619419e-01
    9.52260077e-01 6.41794205e-01 3.95449102e-01 8.15748096e-01
    7.50903666e-01 2.75361180e-01 4.05809939e-01 3.08149278e-01
    1.35317713e-01 3.30737084e-01 3.74796629e-01 2.56382644e-01
    7.66835690e-01 9.38304186e-01 7.01498747e-01 9.71277118e-01
    6.99642301e-01 8.21087599e-01 3.24403286e-01 9.11739826e-01
    5.28814912e-01 6.78946912e-01 5.59899747e-01 4.80221510e-02
    3.40498388e-01 6.34280682e-01 7.70496309e-01 3.27816725e-01
    9.88948643e-02 5.12511015e-01 9.37861681e-01 7.75147080e-02
    9.94078755e-01 5.15088797e-01 2.27516949e-01 7.70764112e-01
    3.59914869e-01 7.34799862e-01 2.12146729e-01 2.14999557e-01
    6.08014941e-01 8.93892646e-01 7.45103359e-02 2.11142212e-01
    5.65743864e-01 6.73254430e-01 3.61972511e-01 7.61045098e-01
    3.38029265e-01 4.09783483e-01 7.41341531e-01 5.48158586e-01
    3.76397222e-01 8.30674648e-01 6.05099201e-01 2.53826380e-02
    6.30331337e-01 9.82175350e-01 6.41812384e-01 7.29322255e-01
    5.01607955e-01 8.74353886e-01 3.07245731e-01 7.49643207e-01
    5.56235731e-01 3.10475588e-01 6.30785644e-01 6.55100942e-01
    2.54463673e-01 3.98769438e-01 7.96272933e-01 9.95065868e-02
    9.54184175e-01 2.19072014e-01 5.10931969e-01 4.74688739e-01
    8.37719083e-01 5.65572143e-01 6.26785696e-01 9.02283907e-01
    9.91099954e-01 2.27082700e-01 7.90236235e-01 3.53971094e-01
    7.68821061e-01 5.67320943e-01 8.98676336e-01 2.18232006e-01
    1.72964305e-01 3.83852422e-01 3.98128808e-01 4.48916197e-01
    7.78047860e-01 5.75042248e-01 7.86756992e-01 6.78008795e-01
    9.68783379e-01 9.59001482e-01 7.14047909e-01 7.65863895e-01
    5.18918812e-01 6.29733324e-01 3.63274992e-01 5.01690209e-01
    8.54190528e-01 1.97442114e-01 1.41982794e-01 4.18712795e-01
    1.85972512e-01 4.69464630e-01 2.79164910e-02 3.12389612e-01
    1.16286993e-01 2.79105186e-01 1.23972267e-01 7.53591359e-01
    3.35123360e-01 3.87712717e-02 3.88454169e-01 9.70802188e-01
    5.44279695e-01 8.75411928e-01 7.93687820e-01 1.15361392e-01
    1.74169183e-01 8.58746886e-01 1.50588006e-01 6.43552899e-01
    1.46689743e-01 7.27628231e-01 9.62534666e-01 3.16521525e-02
    1.24279678e-01 7.99995065e-02 2.38496900e-01 1.27933770e-01
    7.67603636e-01 8.94227982e-01 1.00720555e-01 8.08874846e-01
    1.13078028e-01 2.07726270e-01 6.35745704e-01 5.86109459e-01
    7.71439552e-01 7.23881364e-01 6.23646677e-01 7.34954834e-01
    2.68415570e-01 9.03473854e-01 8.00179601e-01 9.72222924e-01
    8.80450606e-01 1.62043482e-01 3.84532154e-01 3.79404247e-01
    7.33551264e-01 5.50957382e-01 2.09794104e-01 9.12621081e-01
    4.38130051e-01 1.29178703e-01 7.71245956e-02 2.70652264e-01
    4.02996689e-01 5.23625910e-02 7.53703475e-01 1.35093868e-01
    3.66205126e-01 6.44224286e-01 5.28194547e-01 5.01129925e-01
    8.88156176e-01 9.21683908e-02 6.77357972e-01 4.82620299e-01
    6.37867332e-01 4.11347300e-01 8.34601939e-01 3.54483724e-01
    2.48842031e-01 8.16238165e-01 9.62526202e-01 5.59990287e-01
    3.41437757e-01 1.09127462e-01 5.90139031e-01 8.36768627e-01
    9.44108844e-01 5.11073470e-01 2.32217997e-01 1.29624963e-01
    5.92232943e-02 1.13463491e-01 6.20961308e-01 6.43731952e-01
    4.35080856e-01 6.26370728e-01 4.04879600e-01 8.14230919e-01
    4.65502203e-01 9.25574899e-01 3.67891669e-01 6.41812086e-02
    6.40407801e-01 3.63214135e-01 2.52461255e-01 6.13568306e-01
    9.49803174e-01 7.17595935e-01 4.49233264e-01 1.00659132e-01
    4.31749880e-01 5.17184198e-01 2.03851879e-01 6.01933897e-02
    4.84509468e-02 3.69649112e-01 4.51034367e-01 1.90941125e-01
    7.55931497e-01 7.97666192e-01 6.37231588e-01 9.70256209e-01
    6.29845858e-01 9.41335201e-01 7.74393201e-01 6.10294521e-01
    7.81442344e-01 9.56155598e-01 6.27260089e-01 8.79452407e-01
    9.44228649e-01 8.36935341e-02 9.61056352e-01 1.86379999e-01
    6.54551625e-01 1.70028508e-01 9.05890822e-01 5.67335546e-01
    6.01292253e-01 7.88590908e-01 8.28694701e-01 3.68543684e-01
    7.30267882e-01 9.48319435e-01 9.28461492e-01 3.06970298e-01
    4.09587532e-01 4.36683893e-01 8.23726773e-01 9.48062420e-01
    1.33828670e-01 5.26269495e-01 8.36053193e-01 6.06551647e-01
    9.70476568e-02 8.64290237e-01 9.83611226e-01 8.25070798e-01
    7.86046147e-01 2.89138556e-01 9.78060663e-02 8.68763506e-01
    2.50529051e-01 3.71821105e-01 6.76123559e-01 7.35159636e-01
    9.68835831e-01 5.73013306e-01 9.20006990e-01 4.82512176e-01
    9.90304768e-01 9.42031741e-02 1.80969566e-01 4.29275811e-01
    3.40569973e-01 7.71897435e-01 2.19727069e-01 3.91612351e-01
    8.62142980e-01 7.88881302e-01 2.92577982e-01 4.10994649e-01
    2.41490811e-01 9.92621183e-02 7.73585320e-01 1.18068218e-01
    9.25778747e-02 2.18302488e-01 9.10936236e-01 5.79723716e-03
    3.90141904e-01 2.41511941e-01 4.31042254e-01 5.73305190e-02
    4.03217614e-01 9.87652063e-01 6.29500210e-01 2.53094256e-01
    1.61982566e-01 8.72919858e-02 1.85556978e-01 6.37615681e-01
    8.23289812e-01 1.33934885e-01 5.99485040e-02 6.06135011e-01
    1.30154580e-01 9.69985843e-01 6.25636280e-02 7.77255714e-01
    2.88794696e-01 5.02814591e-01 6.89556658e-01 3.49812508e-01
    6.68380916e-01 1.61823541e-01 6.66637659e-01 7.04380274e-01
    5.54253280e-01 6.56202734e-01 7.95990646e-01 5.40610373e-01
    1.38166666e-01 6.34222090e-01 9.33676362e-01 1.74189538e-01
    9.65778887e-01 4.15291429e-01 3.92520070e-01 4.05191362e-01
    5.03540695e-01 4.90187645e-01 9.05282736e-01 5.55325449e-02
    3.74767721e-01 2.67168283e-01 2.05626428e-01 1.50075585e-01
    7.15713680e-01 5.59168518e-01 6.75258875e-01 4.86962497e-01
    6.57616854e-01 9.44576800e-01 9.48154211e-01 7.68065751e-02
    9.09967780e-01 8.73944402e-01 5.01700878e-01 3.07387412e-02
    6.19826376e-01 9.90483463e-02 8.64993811e-01 2.94619799e-01
    7.72966087e-01 3.10326517e-02 9.72375631e-01 9.23145771e-01
    2.05547720e-01 3.58099639e-02 8.71333361e-01 8.29940498e-01
    8.19203734e-01 7.11432040e-01 8.74025345e-01 1.63045049e-01
    2.79559851e-01 2.95008242e-01 7.26361871e-01 7.03230083e-01
    3.09262961e-01 3.73426676e-01 7.39261866e-01 2.45326161e-02
    1.50533438e-01 8.80377173e-01 4.95612055e-01 8.34746957e-02
    5.34572423e-01 5.79630613e-01 8.16220760e-01 7.69332230e-01
    5.96225560e-01 5.06018579e-01 7.81395435e-02 1.87222719e-01
    1.38562679e-01 3.19701254e-01 2.86171854e-01 9.64324713e-01
    3.44133049e-01 3.18250805e-01 5.04525721e-01 5.36734164e-02
    2.72090048e-01 1.07249469e-01 7.16411471e-01 1.09182626e-01
    2.03669935e-01 6.08125687e-01 7.78180122e-01 8.95644307e-01
    1.60435140e-01 8.47165585e-01 4.21093434e-01 8.19808245e-01
    3.46175253e-01 8.01826000e-01 9.23583150e-01 5.42781115e-01
    4.25100178e-01 3.29172671e-01 4.66096640e-01 6.09557092e-01
    3.56770635e-01 6.83712006e-01 9.02879477e-01 5.05461514e-01
    5.01850843e-02 8.92196178e-01 7.44780779e-01 7.54600763e-03
    6.22275472e-01 9.13673520e-01 3.43430310e-01 8.55168402e-01
    9.49557364e-01 8.59949827e-01 3.12859505e-01 4.94919181e-01
    1.28082722e-01 8.40968966e-01 8.20994973e-01 7.50576615e-01
    5.82487106e-01 8.23458731e-01 1.57679051e-01 2.84607321e-01
    3.07327986e-01 6.00731730e-01 6.06909096e-02 2.53866017e-01
    6.90348685e-01 4.64222103e-01 8.76461685e-01 5.01940250e-02
    2.41960198e-01 4.25848722e-01 7.05245137e-03 5.96120119e-01
    9.95232105e-01 5.72435737e-01 4.14558560e-01 2.51116306e-01
    6.10713840e-01 6.62812471e-01 6.61671638e-01 3.68772149e-01
    3.67596418e-01 6.46975279e-01 1.55373484e-01 1.71325684e-01
    1.90928280e-02 9.35230374e-01 7.38003552e-02 5.47519326e-02
    7.79742837e-01 6.95959389e-01 2.84589946e-01 9.25005198e-01
    5.18283188e-01 5.66290736e-01 8.71129155e-01 6.26451492e-01
    3.91682208e-01 7.53734589e-01 9.82468486e-01 6.35451853e-01
    7.02133536e-01 9.51125026e-02 9.07979071e-01 9.37510431e-02
    7.10633695e-01 1.11014605e-01 5.82303584e-01 9.19089794e-01
    8.07889819e-01 8.71205449e-01 4.88256067e-01 5.54305494e-01
    1.97159797e-01 7.97711790e-01 7.54774690e-01 8.41975212e-02
    1.89819276e-01 4.36443567e-01 2.34436005e-01 2.36751705e-01
    5.89320183e-01 2.39032596e-01 4.56656694e-01 8.37357759e-01
    8.99224162e-01 1.23815656e-01 1.96841866e-01 7.76499987e-01
    3.83119285e-02 2.85399437e-01 4.36281174e-01 6.38546586e-01
    6.44639790e-01 7.24708855e-01 4.88295823e-01 6.54938281e-01
    4.61566120e-01 2.04088986e-02 1.84923887e-01 6.05689883e-02
    6.15618348e-01 2.54325151e-01 3.50500286e-01 6.62861943e-01
    4.03981179e-01 7.30912685e-01 6.93671107e-01 9.80072856e-01
    8.99640620e-01 8.56151938e-01 6.09475732e-01 9.98500943e-01
    3.74215603e-01 6.76009357e-01 8.41040611e-02 8.97799373e-01
    5.54080844e-01 2.50720143e-01 1.32455289e-01 9.63712633e-01
    7.49650002e-01 7.57574618e-01 7.96352029e-01 2.35890567e-01
    9.52319562e-01 6.75915599e-01 5.22144020e-01 4.16277409e-01
    6.63976729e-01 9.67203200e-01 7.79649138e-01 6.78882957e-01
    7.32672095e-01 5.22044837e-01 9.11561251e-01 5.02316356e-01
    8.16985667e-02 5.28755307e-01 1.46608621e-01 7.46411383e-01
    9.53698516e-01 3.92073065e-01 7.39301622e-01 8.90963197e-01
    9.09605145e-01 3.80235404e-01 3.65186155e-01 1.92837715e-01
    2.18440473e-01 1.00925565e-03 3.13531756e-01 3.64781141e-01
    3.50248873e-01 7.04668641e-01 8.58779609e-01 4.81689006e-01
    8.96018147e-01 3.29670906e-02 4.43321049e-01 7.41763532e-01
    4.09857959e-01 6.37053847e-01 4.49497998e-01 3.25584412e-02
    5.20187438e-01 3.55861485e-02 9.93834376e-01 9.64297056e-01
    9.00734603e-01 4.44304109e-01 2.99673289e-01 4.24262762e-01
    1.85757935e-01 6.42726421e-01 4.06476974e-01 1.85603470e-01
    4.72016901e-01 3.82029176e-01 5.50404787e-01 6.57054365e-01
    1.16437674e-01 8.31900001e-01 3.11742723e-01 2.78503656e-01
    9.06146169e-01 8.39498997e-01 9.64131236e-01 3.03726435e-01
    3.70878607e-01 8.05957556e-01 7.23397017e-01 8.61426711e-01
    5.17937660e-01 6.56127572e-01 2.85310924e-01 7.96254754e-01
    2.28374690e-01 4.13992852e-01 1.71285659e-01 3.14249992e-02
    7.94363618e-01 7.57827640e-01 7.10813403e-01 4.23595905e-02
    5.51464915e-01 8.66873384e-01 8.01190794e-01 3.48316431e-02
    8.99634004e-01 5.79186499e-01 4.17038381e-01 4.13053036e-02
    2.34932750e-01 6.96863115e-01 3.29557955e-02 9.34711695e-01
    1.62293285e-01 7.23600745e-01 3.38381290e-01 1.53697968e-01
    4.81159270e-01 1.09011948e-01 3.22114706e-01 2.95330882e-02
    4.45048511e-02 3.52307975e-01 2.48104155e-01 3.46187323e-01
    7.22554505e-01 4.32541430e-01 3.12861860e-01 8.60850036e-01
    2.41630435e-01 7.62775242e-01 6.95617974e-01 3.49615723e-01
    6.91655397e-01 3.79457653e-01 3.42336833e-01 6.26342535e-01
    2.59696364e-01 2.13846028e-01 8.15780044e-01 8.04179907e-02
    4.35708195e-01 8.78786445e-01 5.22039831e-02 5.82712889e-03
    4.28477049e-01 7.58097470e-02 4.28287536e-01 6.42088652e-01
    2.29226351e-02 1.82262063e-01 4.29579288e-01 9.61275160e-01
    6.93605185e-01 7.14424610e-01 5.23304582e-01 9.35981274e-01
    8.92778218e-01 6.19664609e-01 1.16801471e-01 5.37078142e-01
    5.90279281e-01 5.94367862e-01 6.83984995e-01 9.78322864e-01
    8.14764977e-01 2.26294786e-01 7.40505099e-01 3.02438021e-01
    7.44714797e-01 6.10162795e-01 7.30723381e-01 1.92065895e-01
    9.46068168e-02 1.56783849e-01 3.43262672e-01 3.70174289e-01
    5.94919145e-01 5.98492384e-01 3.09703350e-02 2.96922475e-01
    9.28451478e-01 7.43218780e-01 1.23927712e-01 2.09118605e-01
    5.96664846e-02 3.46120656e-01 5.02820253e-01 5.56388497e-02
    6.79466248e-01 4.25896525e-01 3.77225161e-01 7.66069591e-01
    1.65565908e-01 1.02092326e-01 7.27903605e-01 3.11812490e-01
    7.85954237e-01 8.34486961e-01 6.68482542e-01 6.45538449e-01
    8.62862527e-01 9.39236879e-01 6.16616964e-01 5.99115312e-01
    4.70688015e-01 6.71224833e-01 5.56949258e-01 1.04173660e-01
    6.49875224e-01 5.02547681e-01 7.20909536e-01 3.02106082e-01
    2.07332402e-01 8.27129841e-01 9.05860066e-02 9.26989317e-01
    2.46216953e-01 3.87776703e-01 7.72789240e-01 5.40002942e-01
    5.00098169e-02 2.37632722e-01 1.69303209e-01 1.86788052e-01
    2.64254153e-01 9.50578153e-02 6.99479699e-01 9.04073894e-01
    9.45561409e-01 3.14353943e-01 7.87470937e-02 5.66905081e-01
    1.72839850e-01 9.05161917e-01 9.73659694e-01 9.88494754e-01
    5.51137686e-01 9.78850842e-01 4.84870583e-01 7.01287806e-01
    9.52768028e-01 5.92845023e-01 5.52256942e-01 5.72807670e-01
    5.25179267e-01 6.19459212e-01 9.97477889e-01 9.73443031e-01
    6.72573090e-01 6.27887428e-01 2.19428211e-01 6.08581245e-01
    6.91791654e-01 6.26586497e-01 9.51507688e-01 3.41362417e-01
    1.54053569e-01 7.57179499e-01 2.97709644e-01 9.62100983e-01
    9.82456803e-01 9.75827694e-01 6.57132089e-01 3.44620079e-01
    1.88425779e-02 6.25342667e-01 8.24261606e-01 2.84713566e-01
    9.78469491e-01 4.13334548e-01 8.91838074e-01 3.67292464e-02
    5.27927399e-01 6.27758741e-01 8.31815898e-01 9.52447593e-01
    6.87306285e-01 5.22900939e-01 8.26025426e-01 2.21352279e-01
    7.03009844e-01 1.92409456e-01 8.38130593e-01 9.03059840e-02
    9.32456136e-01 1.29916370e-02 6.13656402e-01 7.69241571e-01
    5.20764589e-01 6.11007929e-01 4.53112870e-01 3.87892157e-01
    8.57452214e-01 5.87282002e-01 9.91789937e-01 6.75222456e-01
    6.52134895e-01 6.14499450e-01 9.97528076e-01 7.83122241e-01
    6.18049443e-01 8.93614292e-01 5.55065930e-01 4.09930646e-01
    3.48364949e-01 6.07436955e-01 5.11334300e-01 6.08105779e-01
    1.57466829e-02 3.97366613e-01 8.14505816e-01 1.53052211e-02
    3.48608643e-01 7.71649122e-01 7.34180391e-01 4.03518081e-02
    9.03517902e-02 7.48084188e-01 5.70462823e-01 2.68150359e-01
    6.33325577e-01 1.38926953e-01 1.10508949e-01 7.61673450e-02
    6.56225681e-01 5.99061012e-01 6.07686043e-02 9.13803041e-01
    4.81793255e-01 4.20796275e-02 4.19034660e-01 4.56736416e-01
    2.74399459e-01 5.91798425e-01 9.22946095e-01 7.54870772e-01
    4.33526039e-02 9.03568327e-01 9.42951739e-01 9.68716979e-01
    3.51702631e-01 6.49321079e-01 7.03319550e-01 2.52335131e-01
    7.07102418e-01 3.63485694e-01 2.54615843e-01 9.18353021e-01
    5.38971603e-01 8.48814011e-01 2.83240616e-01 5.19461811e-01
    2.66926110e-01 7.81870961e-01 8.17386329e-01 5.79069197e-01
    7.49883533e-01 7.39092112e-01 8.81788135e-02 8.85757446e-01
    5.01423419e-01 7.16292977e-01 1.61898762e-01 4.65114802e-01
    1.36601448e-01 5.16502500e-01 1.51159555e-01 3.83713663e-01
    9.23676014e-01 7.80061722e-01 3.17990839e-01 2.78082788e-02
    1.54162079e-01 3.68707657e-01 7.24619925e-01 2.47016430e-01
    4.37410057e-01 3.57844889e-01 9.17383075e-01 2.99555421e-01
    9.73653316e-01 2.09656477e-01 8.71744156e-02 6.49294674e-01
    7.24180043e-01 1.66176885e-01 6.50984466e-01 4.01580840e-01
    8.13478827e-01 3.35589886e-01 1.07348263e-02 9.66027617e-01
    6.65059984e-01 1.70800388e-01 9.13864613e-01 8.45608592e-01
    3.24161947e-02 2.39316761e-01 1.00748390e-01 6.54569209e-01
    2.21303493e-01 6.00203693e-01 5.66007435e-01 2.93473005e-01
    6.24050438e-01 8.03597271e-01 1.80310309e-01 1.78295642e-01
    9.18367863e-01 5.72173178e-01 4.88732040e-01 4.51884866e-01
    8.37257624e-01 9.16918039e-01 7.39192486e-01 4.57844734e-01
    1.61265671e-01 4.60041702e-01 4.36349303e-01 3.65466774e-01
    4.56625551e-01 4.64569330e-01 6.78202629e-01 3.79838616e-01
    2.58490503e-01 8.61768842e-01 4.44085956e-01 2.39023089e-01
    9.43291783e-01 4.30110246e-01 9.17522609e-02 3.26857567e-02
    6.94757283e-01 8.94148946e-01 1.28518552e-01 6.54388011e-01
    6.20651722e-01 7.75638580e-01 6.67304695e-01 6.24155700e-02
    4.32336867e-01 4.97457922e-01 6.92909658e-01 1.75618052e-01
    9.56057012e-01 4.75937426e-02 6.71623945e-01 1.42475009e-01
    9.94022012e-01 6.15891814e-01 2.58604586e-01 7.65652239e-01
    4.11412805e-01 3.80538523e-01 4.72815722e-01 9.41199183e-01
    2.51135767e-01 3.59439731e-01 7.51415372e-01 5.18166482e-01
    8.59979093e-01 3.75718832e-01 3.83194804e-01 5.86787105e-01
    6.08687401e-02 7.26162195e-01 6.05200231e-01 9.96452570e-02
    5.49974144e-01 6.79603636e-01 1.15226716e-01 8.41713190e-01
    1.67216122e-01 5.77850163e-01 3.74511600e-01 6.00478232e-01
    5.14157355e-01 4.60460484e-01 6.61022782e-01 7.53256679e-02
    3.06767166e-01 9.24255610e-01 8.13819587e-01 5.68404794e-03
    8.50537419e-01 8.65347981e-01 8.09539437e-01 2.57582486e-01
    9.32627559e-01 7.99889266e-01 8.51463079e-01 4.55434501e-01
    1.38661355e-01 8.83488655e-01 4.80558872e-02 4.35973257e-01
    6.13578141e-01 7.37643659e-01 3.63963753e-01 7.76572108e-01
    1.92051321e-01 8.40579629e-01 8.61166000e-01 9.66491401e-02
    5.63824773e-01 9.20222402e-02 2.04520583e-01 9.51981008e-01
    9.78078246e-01 2.98876137e-01 3.51924121e-01 7.65372813e-01
    5.17845392e-01 8.77486348e-01 4.98137861e-01 8.30979943e-01
    7.42474675e-01 5.36001801e-01 4.59330380e-01 9.33828950e-02
    6.59646392e-02 8.10990512e-01 9.42007005e-02 5.80065429e-01
    7.86540627e-01 6.31919026e-01 5.05542040e-01 1.51661068e-01
    5.38905859e-01 5.42820096e-01 9.83716369e-01 9.24434662e-01
    2.14353830e-01 4.16089982e-01 7.40740538e-01 6.51240170e-01
    3.07184637e-01 4.36035544e-01 1.26856834e-01 8.68570209e-01
    6.92810297e-01 9.27423954e-01 8.15852404e-01 6.06521368e-02
    6.05417788e-01 1.77130103e-03 1.97151542e-01 2.10216552e-01
    6.52759552e-01 1.58475935e-01 7.99962282e-02 6.53384447e-01
    9.83229876e-01 4.46649700e-01 4.66748714e-01 8.83864284e-01
    7.75375903e-01 4.23296958e-01 9.43379283e-01 2.63180733e-02
    8.12144220e-01 2.10951626e-01 9.89455581e-01 1.10729277e-01
    5.36758363e-01 1.79072738e-01 4.43382978e-01 7.79607534e-01
    4.35510993e-01 5.07853746e-01 8.28610539e-01 2.31826544e-01
    2.60312378e-01 1.34769410e-01 1.71253145e-01 1.16107285e-01
    7.04785943e-01 1.63235575e-01 2.21326381e-01 7.18195677e-01
    9.63625193e-01 4.45896357e-01 6.65074587e-01 2.09173501e-01
    6.27264082e-01 7.13673115e-01 9.01828408e-01 9.71056700e-01
    6.12798393e-01 9.07326937e-01 6.13729835e-01 5.96299529e-01
    7.52686799e-01 1.70463502e-01 1.42560571e-01 5.19672215e-01
    5.71716607e-01 2.35421836e-01 9.31758463e-01 7.87505746e-01
    3.15708578e-01 3.04109335e-01 6.92844510e-01 3.57900083e-01
    6.59928262e-01 9.67622042e-01 7.28106737e-01 8.68392944e-01
    4.97660905e-01 8.18997681e-01 9.33654249e-01 1.07416213e-02
    2.28524625e-01 1.99063867e-01 4.64035064e-01 4.15670544e-01
    4.34632063e-01 9.39057469e-02 5.18637776e-01 6.14228249e-01
    7.49334455e-01 1.10118896e-01 7.06588387e-01 9.56666768e-02
    4.13148224e-01 6.90869749e-01 8.80470574e-01 5.63661218e-01
    2.12768495e-01 2.41740257e-01 9.52793241e-01 7.34704077e-01
    3.40800226e-01 1.40098184e-01 2.28326619e-02 1.78039223e-01
    3.26164484e-01 3.66955400e-01 3.43037307e-01 8.60789716e-01
    7.24281311e-01 1.38946176e-01 3.86426032e-01 5.14271080e-01
    4.12624180e-01 7.28640378e-01 9.84714389e-01 3.04605961e-02
    3.34806859e-01 6.16402030e-01 6.93235755e-01 9.24831629e-02
    1.81015015e-01 7.41869926e-01 7.95245647e-01 2.67460048e-01
    9.10889983e-01 4.84714180e-01 7.20356107e-02 6.53842986e-01
    8.57741475e-01 7.15677857e-01 7.20939338e-02 8.57111692e-01
    4.14386541e-01 5.76513469e-01 2.16898650e-01 2.69907236e-01
    8.73476386e-01 6.88832283e-01 1.90021098e-02 2.49863952e-01
    6.78728580e-01 7.65311420e-01 8.91150892e-01 1.00446731e-01
    2.48778611e-01 5.83123565e-02 1.42208725e-01 6.16437495e-01
    8.01809907e-01 1.54630482e-01 3.76471072e-01 4.75882560e-01
    1.06992841e-01 9.12752032e-01 5.07581532e-01 7.50060558e-01
    3.31067383e-01 1.02790445e-01 1.43256187e-01 8.56596589e-01
    4.69296694e-01 8.37924838e-01 6.87698483e-01 9.25736606e-01
    2.40109324e-01 2.78067589e-01 9.06511188e-01 4.60830033e-02
    1.28930539e-01 4.30279672e-01 6.64258718e-01 2.18179554e-01
    6.89881742e-01 7.86498904e-01 6.94824755e-01 5.47891378e-01
    5.61155915e-01 3.77294004e-01 6.40042186e-01 8.06084275e-03
    5.72665215e-01 6.75085485e-02 9.53575432e-01 7.62584925e-01
    1.13785714e-01 8.21986794e-03 6.40776515e-01 4.50181335e-01
    3.69524449e-01 6.49930537e-02 2.64560461e-01 8.71778488e-01
    1.01078510e-01 7.48446643e-01 5.37205577e-01 1.27972245e-01
    4.92595941e-01 1.98770851e-01 3.73632550e-01 8.60336781e-01
    5.94817162e-01 5.12562633e-01 9.05900121e-01 2.56665468e-01
    1.68088198e-01 2.03971773e-01 1.12169147e-01 2.59077191e-01
    8.07150304e-02 5.93618214e-01 2.71500558e-01 5.15567780e-01
    9.52926874e-02 9.33379948e-01 6.78148508e-01 8.01170468e-01
    9.95904922e-01 5.56441426e-01 8.82604122e-01 9.09980774e-01
    1.13740504e-01 9.47105527e-01 5.17014980e-01 8.14335585e-01
    6.42443180e-01 1.23339534e-01 3.20293963e-01 2.70825148e-01
    3.62096846e-01 3.86898041e-01 2.42513835e-01 2.60965526e-02
    5.75535476e-01 9.28774118e-01 1.17379695e-01 9.48660672e-02
    5.88585615e-01 7.40307450e-01 5.46065569e-02 1.23209625e-01
    4.90246862e-01 2.58790076e-01 3.11598063e-01 1.47554100e-01
    8.35827470e-01 8.66132855e-01 9.19683874e-01 8.05732965e-01
    8.51436496e-01 9.94996548e-01 4.94502395e-01 2.59755045e-01
    5.81210196e-01 1.49240643e-01 9.01435018e-01 6.23948574e-01
    2.36261368e-01 7.41955101e-01 1.94462270e-01 5.93990088e-04
    3.46943796e-01 2.62459993e-01 9.41863120e-01 3.93416941e-01
    6.25071526e-01 6.83091223e-01 5.67308903e-01 9.19802845e-01
    8.87552500e-01 4.82520312e-01 7.85190284e-01 5.05736113e-01
    3.76922548e-01 8.45262170e-01 7.40509331e-01 8.47343147e-01
    9.65528190e-01 9.76686597e-01 4.41906989e-01 8.38745117e-01
    5.66079617e-01 8.56925964e-01 2.31200218e-01 6.99051738e-01
    3.82514775e-01 3.71617228e-01 8.99604917e-01 6.50590658e-01
    5.82467020e-01 1.90107346e-01 6.26711786e-01 1.13019258e-01
    6.81271315e-01 8.54143620e-01 1.12132460e-01 2.77391613e-01
    6.93152905e-01 5.88161170e-01 4.91577268e-01 7.40370214e-01
    7.95702934e-02 5.90306818e-01 6.02103233e-01 2.81997323e-02
    5.44335425e-01 8.03246200e-02 3.88816893e-01 2.36413538e-01
    3.14976096e-01 2.24821717e-01 3.11446667e-01 3.48746479e-01
    2.80577630e-01 9.36207056e-01 6.82025552e-02 3.86047930e-01
    8.24132502e-01 1.48572922e-02 8.17934871e-01 7.54430354e-01
    2.95574546e-01 8.02766621e-01 3.60104263e-01 8.05161893e-01
    9.16776836e-01 4.66350228e-01 3.42150360e-01 5.03094077e-01
    2.77793884e-01 7.02614188e-01 7.94119120e-01 1.58414900e-01
    9.28809047e-02 7.47964621e-01 1.49230540e-01 2.14561224e-01
    8.74065876e-01 6.31977916e-01 9.50910449e-01 4.64625120e-01
    8.54534149e-01 5.41560292e-01 9.69254076e-02 7.20551193e-01
    8.21850300e-01 3.64715338e-01 3.35209608e-01 1.59372747e-01
    1.14584446e-01 6.95886075e-01 6.61506951e-01 7.53515184e-01
    4.77798820e-01 9.70277667e-01 7.67782092e-01 6.77606344e-01
    2.72397697e-01 1.50615573e-01 5.33026934e-01 1.36184096e-01
    3.05959105e-01 9.01252508e-01 4.87047940e-01 7.56584525e-01
    2.10880190e-01 7.25448847e-01 6.60703182e-01 4.01915789e-01
    8.74281406e-01 8.17434430e-01 9.08512354e-01 4.49609846e-01
    7.44818687e-01 2.37485498e-01 9.55309153e-01 2.84942567e-01
    8.58070433e-01 8.27855825e-01 2.48613447e-01 7.42913485e-02
    3.68615031e-01 1.71878397e-01 6.29453778e-01 6.04031682e-01
    6.82892323e-01 6.80806935e-01 2.58573651e-01 8.04813147e-01
    9.62536097e-01 6.86293244e-01 3.86753857e-01 5.40535748e-02
    2.92846113e-01 8.53523493e-01 7.12631822e-01 5.55996835e-01
    3.62412333e-01 3.30707401e-01 1.95556998e-01 9.94813085e-01
    5.15748084e-01 1.96068019e-01 5.30902863e-01 4.67784643e-01
    1.59516871e-01 5.25990367e-01 4.96869683e-02 7.69585133e-01
    4.71058786e-01 6.10318065e-01 8.70635390e-01 2.37728536e-01
    3.83069575e-01 7.80699730e-01 6.71452940e-01 4.74064708e-01
    5.11489034e-01 5.04194796e-01 5.37619889e-01 3.53291214e-01
    1.56574696e-01 2.15001106e-02 4.60841119e-01 1.16721153e-01
    1.61334962e-01 8.48890305e-01 3.03635001e-01 8.88019145e-01
    2.34213531e-01 4.57497656e-01 7.77012587e-01 6.58157945e-01
    5.59767067e-01 7.36073375e-01 7.53471255e-03 5.09658217e-01
    8.92868340e-01 5.85628510e-01 3.37898374e-01 1.04829192e-01
    4.44126040e-01 9.59447622e-01 2.26290226e-01 4.86120224e-01
    2.85516739e-01 3.69749367e-01 8.18695664e-01 4.10571396e-01
    4.48913723e-01 4.84892607e-01 5.25351882e-01 1.45950019e-01
    7.72139668e-01 1.47504926e-01 9.91739333e-02 7.76192904e-01
    6.68294728e-02 6.10851526e-01 2.96825111e-01 4.83637571e-01
    7.76750803e-01 9.91850972e-01 1.35229498e-01 9.61675704e-01
    5.86754680e-01 3.82311106e-01 1.03699595e-01 3.67074549e-01
    6.68348849e-01 4.21332955e-01 4.65266407e-01 2.03029126e-01
    7.09504843e-01 4.11801338e-02 3.69116664e-03 2.46887416e-01
    6.14999175e-01 9.80166435e-01 5.05921543e-01 7.45248556e-01
    2.88981736e-01 6.18163049e-02 9.20357227e-01 8.22728515e-01
    5.58730364e-01 5.77700257e-01 9.04545188e-01 3.04155201e-01
    5.50937295e-01 3.18909317e-01 2.75684118e-01 8.86486471e-02
    6.27329946e-02 4.31553662e-01 6.13622069e-02 4.22348082e-02
    1.35905147e-02 6.50803745e-01 2.11194217e-01 7.05008745e-01
    7.68516779e-01 1.86536014e-01 8.17439616e-01 1.79573506e-01
    5.13777971e-01 9.85458851e-01 8.07818890e-01 2.25089312e-01
    8.04201007e-01 5.44542074e-01 6.70249164e-01 2.18146503e-01
    8.81926060e-01 8.87733042e-01 5.05137801e-01 7.96109140e-02
    3.18965375e-01 8.70794773e-01 8.18289220e-02 9.41890776e-01
    9.56881881e-01 6.95277154e-01 4.90385354e-01 1.54623300e-01
    2.81028152e-02 2.93419719e-01 8.07500005e-01 8.07532668e-02
    8.42220068e-01 1.89042330e-01 2.48436451e-01 9.79896307e-01
    3.66810560e-01 7.82764912e-01 3.98673147e-01 3.62650573e-01
    3.39722335e-01 9.40357268e-01 3.10252964e-01 7.62594640e-02
    6.46530747e-01 2.67307669e-01 6.74401999e-01 1.01131201e-03
    3.88237417e-01 1.24382108e-01 7.24276781e-01 6.72769845e-01
    4.57046956e-01 3.30345005e-01 1.88115239e-03 2.05127984e-01
    5.06268620e-01 9.48812306e-01 2.45555639e-01 4.81389463e-02
    6.72514439e-01 7.81818151e-01 1.34852350e-01 4.62874651e-01
    9.83821154e-02 1.38568521e-01 4.38272119e-01 1.80274278e-01
    2.77037919e-02 7.28756189e-04 7.46850729e-01 9.09109712e-01
    9.01140869e-02 2.61056334e-01 2.24882066e-02 7.78575599e-01
    6.99496090e-01 8.08336854e-01 4.51242000e-01 5.72202921e-01
    9.80967343e-01 4.68446851e-01 9.27820504e-02 6.38033926e-01
    3.28785896e-01 5.09714842e-01 3.94151419e-01 4.71622914e-01
    1.85977042e-01 6.11295044e-01 8.11302841e-01 6.47744894e-01
    5.41170835e-01 9.82980371e-01 4.67098206e-01 9.03897405e-01
    4.69728231e-01 3.32436502e-01 8.33163261e-01 7.19102263e-01
    5.37620962e-01 1.70661867e-01 4.79478061e-01 6.93926215e-01
    3.31422240e-01 2.25755453e-01 6.97799683e-01 6.09271288e-01
    4.07160521e-01 4.74933833e-01 1.61256105e-01 7.66299009e-01
    5.65028310e-01 9.28631663e-01 1.15335047e-01 1.97409987e-01
    8.14343393e-01 4.34320897e-01 3.74255121e-01 5.04321992e-01
    1.60940081e-01 2.95426756e-01 9.58292365e-01 3.42582464e-02
    3.95699441e-01 5.00578642e-01 8.43705893e-01 5.58304369e-01
    5.68333745e-01 2.97381580e-02 7.76480973e-01 3.10904384e-01
    1.73049957e-01 4.92698669e-01 2.91134953e-01 4.54800814e-01
    3.36521149e-01 2.12627113e-01 8.84863496e-01 8.02561700e-01
    2.90677547e-02 5.21000803e-01 2.99305618e-02 2.76914537e-02
    7.82406569e-01 6.56474173e-01 9.42025781e-01 7.94283330e-01
    1.18966997e-01 5.07617891e-02 1.90308750e-01 1.00063831e-01
    8.92956018e-01 9.01203334e-01 5.38573861e-01 9.31644917e-01
    4.57253844e-01 9.58320439e-01 7.50554800e-01 7.85401464e-01
    7.55500197e-01 4.30428088e-02 5.83022952e-01 1.92838222e-01
    8.08203578e-01 6.44994378e-01 7.72044182e-01 1.49309963e-01
    8.68701100e-01 5.40594935e-01 2.60017931e-01 9.89770293e-01
    6.04715049e-01 3.38709831e-01 8.65933120e-01 6.24533772e-01
    8.54949474e-01 7.97386825e-01 6.64352179e-01 4.53359663e-01
    5.25516570e-01 2.29200721e-03 1.36088759e-01 8.39336932e-01
    5.25248408e-01 6.44768238e-01 6.59121335e-01 8.93886805e-01
    3.15695584e-01 2.14735478e-01 5.72826445e-01 9.20230269e-01
    9.83590603e-01 5.43780625e-01 4.78116155e-01 3.80463481e-01
    8.00843239e-01 4.75765914e-01 6.54102802e-01 9.50966060e-01
    5.91026127e-01 9.70472813e-01 3.82822335e-01 3.28463018e-02
    2.95333445e-01 8.76060247e-01 5.69132805e-01 4.84446436e-01
    1.34390593e-01 3.10610354e-01 6.03637397e-01 4.07623291e-01
    7.24349558e-01 7.26671457e-01 9.37501669e-01 7.56536782e-01
    2.24598825e-01 9.40776169e-02 6.76893353e-01 8.00775886e-01
    8.82765889e-01 5.71421266e-01 2.17716694e-01 5.79892933e-01
    8.85305643e-01 1.98511779e-01 9.31137323e-01 6.78694248e-03
    3.41764987e-01 7.42244124e-01 7.52890766e-01 4.03535366e-01
    8.25920165e-01 1.37391239e-01 2.98666358e-02 7.05028296e-01
    8.12451839e-01 8.76798868e-01 3.32102120e-01 6.78853989e-01
    2.12266743e-02 5.04149020e-01 2.64983535e-01 5.87041497e-01
    5.60079217e-02 9.59366858e-01 7.98102498e-01 9.40132976e-01
    7.45387077e-01 8.80945921e-02 6.04088962e-01 6.51389778e-01
    7.83599615e-01 7.93577433e-02 3.08856428e-01 1.03936493e-02
    2.25986123e-01 3.15551668e-01 9.07234430e-01 8.58876884e-01
    5.26495159e-01 1.51240081e-01 5.91269732e-02 3.05623174e-01
    6.57382488e-01 7.62710690e-01 6.23970330e-02 1.58319145e-01
    3.64344776e-01 3.01414669e-01 2.48945951e-01 9.18944359e-01
    8.13034415e-01 2.41752267e-01 6.69544518e-01 5.88537753e-01
    4.71463054e-01 1.47211403e-01 7.20544755e-01 3.72875124e-01
    4.40342009e-01 3.18923950e-01 2.28002310e-01 9.17959690e-01
    6.87787771e-01 8.53685796e-01 8.73033643e-01 8.66218269e-01
    9.86995041e-01 6.10478044e-01 7.59644449e-01 2.62659103e-01
    5.26353300e-01 2.89921463e-02 3.45950425e-01 6.16787195e-01
    6.67435467e-01 7.00096309e-01 8.38305831e-01 9.32891965e-01
    8.95413160e-01 1.22675419e-01 7.82688737e-01 2.99493074e-01
    5.44747531e-01 9.49692130e-01 9.69130933e-01 2.49945372e-01
    3.42608273e-01 3.37366164e-01 3.98769557e-01 9.14961576e-01
    3.26924801e-01 8.64956498e-01 4.79929090e-01 2.67187536e-01
    9.17274594e-01 4.85767066e-01 4.82334793e-02 7.28726923e-01
    1.82716429e-01 7.27130234e-01 8.66305232e-01 9.19458866e-01
    7.64042139e-01 3.14935505e-01 7.83043861e-01 3.89219135e-01
    2.42692381e-01 9.08716798e-01 9.32372868e-01 1.15796149e-01
    5.51925004e-01 5.33930659e-01 7.08498597e-01 1.71219796e-01
    3.50131154e-01 1.64717793e-01 7.69948483e-01 6.17750704e-01
    6.91170692e-02 8.98534417e-01 5.84038317e-01 3.70705068e-01
    8.73761773e-01 6.81881309e-01 8.28677416e-01 9.70425963e-01
    8.42355967e-01 8.34694088e-01 2.46276855e-02 8.72172236e-01
    9.92544591e-02 2.35073864e-02 6.01354599e-01 6.47030950e-01
    4.95680690e-01 9.74981189e-01 5.47953486e-01 7.45687008e-01
    1.41173661e-01 7.11603999e-01 3.13257277e-01 2.58282661e-01
    8.23313713e-01 1.16913974e-01 6.36027575e-01 9.67690349e-01
    6.68193698e-01 1.83202058e-01 1.19404644e-01 1.05976999e-01
    9.67406034e-01 7.46730804e-01 6.95604205e-01 8.01527977e-01
    3.85674417e-01 4.04590607e-01 3.12410951e-01 9.43771124e-01
    1.64372712e-01 3.21852326e-01 5.78394711e-01 2.49759525e-01
    2.34915912e-01 8.88032794e-01 5.32662809e-01 5.95257580e-01
    9.00656223e-01 1.79074764e-01 3.24652493e-02 6.43731952e-01
    4.70729798e-01 9.21510220e-01 6.83087468e-01 9.50826287e-01
    7.45896399e-01 7.30150342e-01 2.79513955e-01 9.44850266e-01
    2.59307534e-01 5.75875223e-01 6.84258878e-01 7.05209732e-01
    5.48884869e-01 9.83913183e-01 3.11938018e-01 5.20552695e-01
    8.69328976e-01 8.43540788e-01 9.92905259e-01 6.23323202e-01
    2.43680537e-01 1.46179289e-01 8.81217659e-01 3.64697456e-01
    9.58539724e-01 7.81168461e-01 9.74648893e-02 3.88845623e-01
    2.32553780e-02 7.96399593e-01 8.68973553e-01 5.78048587e-01
    9.34266925e-01 9.07868505e-01 9.32056367e-01 4.52398747e-01
    9.92036939e-01 4.41713840e-01 6.72770202e-01 3.06612730e-01
    2.94254750e-01 5.64903021e-01 9.71621394e-01 1.87041640e-01
    5.36834359e-01 1.31770581e-01 9.08060789e-01 9.30153966e-01
    7.99633265e-01 2.37659991e-01 3.25576305e-01 5.76443374e-01
    1.58649355e-01 1.99992716e-01 3.73560786e-01 6.53626144e-01
    7.27997899e-01 5.27418017e-01 5.08983195e-01 8.74418736e-01
    3.40532511e-01 7.33249426e-01 7.33898163e-01 6.86452031e-01
    2.42250621e-01 9.83229160e-01 8.35779846e-01 5.33966303e-01
    5.48664033e-02 7.80926168e-01 5.81831694e-01 8.54902744e-01
    5.41500390e-01 4.95218545e-01 9.44406629e-01 4.53200608e-01
    1.25139207e-01 5.32442212e-01 1.36376113e-01 2.66918242e-02
    9.68294740e-01 8.58911037e-01 2.82323092e-01 6.29197955e-01
    6.56838477e-01 3.07759523e-01 7.43444741e-01 4.30482924e-02
    6.24202371e-01 1.90339595e-01 3.36799264e-01 5.84442377e-01
    1.26731247e-01 8.22958827e-01 6.91483498e-01 8.34589124e-01
    6.66285336e-01 7.31531382e-01 3.26503962e-01 2.89852798e-01
    6.12309039e-01 7.16146767e-01 4.25193012e-02 1.96508199e-01
    9.67790663e-01 8.72965097e-01 7.15681314e-01 8.69900227e-01
    9.53617990e-01 8.15148473e-01 5.04669905e-01 3.09572160e-01
    6.62592053e-01 6.00010693e-01 8.84322882e-01 2.52428472e-01
    4.50972557e-01 4.93284911e-01 4.86277491e-01 7.59280920e-01
    2.12846249e-01 5.84196210e-01 1.56427085e-01 5.10461330e-02
    9.09982383e-01 5.45997024e-02 4.19498891e-01 2.05755234e-03
    1.69995576e-01 7.77359605e-02 8.42957020e-01 6.68105543e-01
    7.66324043e-01 7.75398254e-01 3.75161499e-01 1.00554168e-01
    7.22587824e-01 3.88868481e-01 5.84616661e-01 9.93783593e-01
    8.69713187e-01 6.93156600e-01 3.35357785e-02 8.27281654e-01
    6.93032384e-01 8.31557930e-01 1.69471532e-01 2.71029294e-01
    2.05884874e-02 7.60707140e-01 4.50886488e-01 6.56579852e-01
    5.35305142e-01 6.12790227e-01 2.89677918e-01 1.12123638e-01
    3.25411201e-01 6.79132879e-01 4.08962667e-02 8.45768094e-01
    1.44841582e-01 9.20390844e-01 2.49612510e-01 2.11632013e-01
    4.91254121e-01 4.48171198e-02 9.71513927e-01 3.75421703e-01
    4.22190219e-01 3.30020815e-01 5.77111900e-01 3.63496661e-01
    6.26642227e-01 9.30482507e-01 1.13998592e-01 1.28776222e-01
    6.89143538e-01 7.48235703e-01 2.58781910e-01 7.59021640e-01
    1.19277447e-01 3.05644125e-01 1.44536853e-01 4.26721066e-01
    8.87143493e-01 4.53232259e-01 7.59158909e-01 9.68706787e-01
    9.87111628e-01 5.41239083e-02 2.89810121e-01 1.83485001e-01
    1.64872438e-01 6.27092898e-01 5.46579480e-01 2.56595850e-01
    3.74118149e-01 8.78853559e-01 7.95670986e-01 8.78696561e-01
    1.69733673e-01 9.19988155e-01 1.22156501e-01 4.28893566e-01
    5.44303894e-01 6.66886151e-01 3.67993474e-01 2.34744638e-01
    7.52746105e-01 7.04277635e-01 2.34390914e-01 3.94629836e-01
    4.85434145e-01 3.00279349e-01 5.08776307e-02 4.06240821e-02
    4.03776765e-03 9.49430943e-01 7.11043119e-01 8.63765001e-01
    9.30988491e-01 5.63322902e-01 4.00391102e-01 4.54834402e-02
    7.26344287e-02 9.74906206e-01 1.59467846e-01 1.82309031e-01
    4.62055475e-01 7.01024532e-01 4.61930633e-02 8.91977787e-01
    7.90194392e-01 6.70580208e-01 2.90948391e-01 7.93290734e-02
    6.34828210e-03 1.45204335e-01 1.52681857e-01 5.90923429e-03
    9.64478731e-01 6.39512539e-02 7.76604474e-01 6.55452073e-01
    4.90964293e-01 3.45302939e-01 8.15878987e-01 8.66073012e-01
    5.19604266e-01 1.53735995e-01 6.89428270e-01 7.03161955e-01
    7.77782440e-01 6.64640546e-01 9.22548354e-01 8.88675094e-01
    5.94799817e-02 3.71795595e-02 9.84621882e-01 7.79546320e-01
    2.48103827e-01 5.19791543e-01 1.64802969e-02 8.65268767e-01
    3.85310411e-01 7.35213518e-01 9.84274447e-02 6.14720762e-01
    1.19987875e-01 4.90435988e-01 7.85092354e-01 1.84312999e-01
    3.10777038e-01 6.83656156e-01 7.26619363e-01 6.75668240e-01
    7.72951841e-01 2.86859661e-01 8.25056911e-01 5.40903926e-01
    1.51552558e-02 1.70133114e-02 6.42554104e-01 1.41668767e-01
    7.35254169e-01 3.02431583e-02 3.14509153e-01 1.32836729e-01
    9.96174335e-01 3.48660588e-01 9.64784622e-01 1.35960102e-01
    2.27182597e-01 1.87842339e-01 6.52858675e-01 3.87694865e-01
    2.06166029e-01 8.64325941e-01 7.70864725e-01 9.67576504e-01
    6.00249231e-01 3.67023468e-01 8.29270899e-01 4.63430703e-01
    3.16443205e-01 7.80286133e-01 7.51868308e-01 6.60774410e-01
    9.85030293e-01 3.96108568e-01 8.93533647e-01 9.08371210e-01
    7.70885587e-01 4.60714370e-01 4.62866604e-01 6.84209943e-01
    9.99665558e-02 5.53808689e-01 1.25419855e-01 8.09761882e-01
    8.16446006e-01 2.98653126e-01 6.30459487e-01 8.10495019e-01
    1.52774692e-01 9.32394385e-01 9.06556845e-03 6.40226901e-01
    1.02576017e-01 6.84855580e-01 8.99764121e-01 6.97545111e-01
    9.84988749e-01 1.85550719e-01 5.37885547e-01 9.83024240e-01
    8.87539029e-01 7.43043423e-02 9.67410445e-01 1.25089884e-02
    6.03769660e-01 2.49805570e-01 4.13227618e-01 7.34471083e-02
    5.12069046e-01 8.34851146e-01 4.18645084e-01 6.68797851e-01
    7.58995116e-02 3.72713089e-01 2.75155306e-01 9.95219111e-01
    4.95287597e-01 8.10779691e-01 3.05794656e-01 2.00002611e-01
    4.36309904e-01 2.11249888e-02 2.18938887e-01 4.57969666e-01
    7.88189888e-01 4.77658212e-02 1.12668872e-02 2.06530929e-01
    8.82658184e-01 2.59040594e-02 9.17446256e-01 8.22155774e-02
    6.87073231e-01 4.81035233e-01 3.59632701e-01 3.52500558e-01
    1.11760646e-01 7.97468126e-02 3.55692446e-01 9.09633636e-02
    1.79336011e-01 8.05358112e-01 2.82326102e-01 2.93297052e-01
    6.94983959e-01 8.46448779e-01 9.41307068e-01 3.56487334e-01
    5.29348731e-01 8.40664268e-01 3.64009798e-01 7.56297350e-01
    7.33825564e-01 5.78191638e-01 9.33999181e-01 4.87473756e-01
    1.02176934e-01 1.51919156e-01 6.41988397e-01 7.10000813e-01
    8.76614869e-01 1.17149770e-01 6.96817636e-01 4.51060146e-01
    3.24136972e-01 4.33622330e-01 5.95384538e-02 4.28048372e-02
    9.83251572e-01 7.67449141e-01 6.58359051e-01 7.88620114e-01
    7.90514708e-01 1.63147420e-01 8.84066641e-01 8.56898427e-01
    6.04312241e-01 4.39255029e-01 3.67932200e-01 4.16203827e-01
    9.66567516e-01 4.06452745e-01 6.15341663e-02 5.10303199e-01
    4.25978422e-01 4.21072632e-01 9.97910500e-01 8.99912119e-01
    4.38185990e-01 3.73651981e-01 6.27352595e-01 2.95336008e-01
    3.09552848e-01 7.82014251e-01 7.36331701e-01 7.86077976e-03
    9.11744952e-01 5.14549613e-01 6.75210416e-01 4.45688725e-01
    7.02748060e-01 5.95162451e-01 6.43131137e-01 3.41360420e-01
    5.29966295e-01 9.92511690e-01 6.58869505e-01 9.50039268e-01
    5.26799738e-01 5.60248852e-01 6.67859495e-01 1.35946542e-01
    4.25419122e-01 5.05438566e-01 5.03537476e-01 8.82952392e-01
    8.24472249e-01 9.66152430e-01 9.05332446e-01 1.62864029e-02
    5.36581397e-01 7.71323323e-01 8.70958269e-02 2.82970965e-02
    5.99820137e-01 7.36057162e-01 8.75513852e-01 5.10391593e-02
    9.41007912e-01 7.05093622e-01 5.82512438e-01 2.23443240e-01
    5.14324546e-01 7.48572230e-01 1.90698326e-01 3.39565873e-02
    3.40251923e-01 5.31175852e-01 5.13209164e-01 4.03274477e-01
    6.44195318e-01 2.57074922e-01 2.90865451e-01 4.70481843e-01
    6.35522187e-01 7.66834915e-02 2.73315907e-02 7.29728103e-01
    6.66253209e-01 9.55450356e-01 2.76890814e-01 5.90252399e-01
    2.17978090e-01 8.03511500e-01 5.12603641e-01 4.88770664e-01
    2.37149268e-01 9.36450243e-01 6.48027599e-01 9.00801122e-01
    7.05681086e-01 8.45217884e-01 9.03786302e-01 7.60992765e-01
    5.00564933e-01 4.91057247e-01 9.41374660e-01 4.89722610e-01
    9.06170905e-02 7.56072402e-01 2.23556161e-01 2.53426045e-01
    8.81014705e-01 3.69779706e-01 2.14440644e-01 5.76766014e-01
    6.69671774e-01 4.58492845e-01 3.96167040e-01 8.58118296e-01
    2.16741830e-01 7.92158246e-01 2.49620944e-01 1.24721050e-01
    9.87838745e-01 9.85332966e-01 9.29487705e-01 3.56897563e-01
    6.90685332e-01 8.88239801e-01 3.35979521e-01 2.81215847e-01
    5.77960968e-01 4.81198907e-01 2.07344562e-01 2.40335017e-01
    9.56605911e-01 5.79032958e-01 3.67343545e-01 9.94459152e-01
    4.39889729e-02 9.04305577e-01 9.61735964e-01 4.49182242e-01
    7.20665634e-01 2.62814701e-01 2.86613792e-01 6.86669767e-01
    5.19428730e-01 2.06431448e-01 3.25623751e-02 6.88978493e-01
    5.20641029e-01 5.52244186e-01 6.04177713e-02 6.98933005e-02
    8.87270689e-01 4.34974611e-01 1.43956542e-01 8.21640491e-02
    2.30917335e-03 7.73462296e-01 9.67401147e-01 8.90599191e-02
    6.91626251e-01 4.66281176e-02 8.46680760e-01 8.98261666e-01
    2.07549483e-01 6.35425210e-01 8.78920734e-01 1.04536563e-01
    1.71822250e-01 1.29494190e-01 2.70168245e-01 3.22742939e-01
    6.37321055e-01 5.01218975e-01 7.07824826e-01 6.40259504e-01
    2.15416610e-01 3.05868089e-02 2.86665618e-01 2.37849295e-01
    1.02035403e-02 4.51372504e-01 5.65919161e-01 4.78480190e-01
    1.02836549e-01 8.38929057e-01 7.16541111e-02 8.12819600e-02
    2.13139653e-02 7.84408450e-01 7.65238523e-01 2.93220192e-01
    2.69009173e-01 9.51686442e-01 5.28952956e-01 7.79780447e-01
    5.80237687e-01 6.07087851e-01 8.14722896e-01 9.10456538e-01
    7.61862040e-01 7.89171338e-01 4.38114643e-01 3.25307548e-02
    3.75510871e-01 7.44971216e-01 7.26173282e-01 6.26605630e-01
    7.38587439e-01 3.14353168e-01 4.16913927e-01 6.35912061e-01
    3.34483683e-02 6.27469301e-01 5.27685642e-01 1.90751016e-01
    3.36563885e-02 4.88534808e-01 3.08054090e-02 6.66855276e-02
    4.38854098e-01 3.93682688e-01 6.90360367e-01 4.97110754e-01
    8.30563188e-01 2.44625092e-01 6.88132524e-01 9.21235561e-01
    8.66317809e-01 7.45342433e-01 3.16797078e-01 2.51149833e-02
    3.29245329e-01 2.42456406e-01 5.54218769e-01 2.69618779e-01
    4.62105900e-01 6.22217357e-01 1.53609067e-01 5.16161978e-01
    2.38422602e-01 6.98650360e-01 7.82418847e-02 1.77969456e-01
    7.71598041e-01 2.22509980e-01 3.95533442e-03 8.98784518e-01
    1.33502364e-01 8.42629790e-01 1.23313993e-01 8.40317249e-01
    6.89374387e-01 6.83472753e-01 8.48541677e-01 6.90312862e-01
    8.37964058e-01 7.61516869e-01 8.01095963e-02 2.14427739e-01
    4.45126891e-01 7.87085652e-01 6.03548706e-01 6.75742269e-01
    2.41545200e-01 2.23110914e-02 5.47256470e-01 3.89957666e-01
    7.51398921e-01 8.19788039e-01 7.26391137e-01 8.19110632e-01
    3.95148128e-01 3.88610959e-02 7.07140744e-01 3.96752298e-01
    9.67002153e-01 5.93899727e-01 6.64058983e-01 2.58926868e-01
    3.43684554e-02 5.98325014e-01 8.49256158e-01 4.37161326e-01
    8.38405132e-01 7.63834000e-01 6.59024358e-01 8.57246041e-01
    1.39024138e-01 2.00963199e-01 4.03011411e-01 8.71333241e-01
    1.14103377e-01 9.96887326e-01 5.75443923e-01 2.51263380e-03
    8.75983238e-01 8.02854419e-01 4.90966439e-01 1.29475147e-01
    6.83176398e-01 9.25748348e-02 4.41272259e-01 2.05839306e-01
    1.53515697e-01 7.82300353e-01 6.94513202e-01 5.26644826e-01
    8.80005598e-01 5.20514846e-02 8.50765705e-02 8.22356105e-01
    2.29726791e-01 6.56782150e-01 2.36520380e-01 5.89760900e-01
    9.72033858e-01 3.94582450e-01 1.40140206e-01 1.80909783e-01
    8.23880553e-01 2.50304908e-01 9.68227625e-01 2.29521692e-02
    9.43187356e-01 9.59100842e-01 1.39202833e-01 3.45541298e-01
    3.76487851e-01 4.22375649e-01 2.37807333e-02 6.43864274e-03
    6.22496009e-03 8.40098560e-02 9.68546629e-01 3.81257385e-01
    4.03518528e-01 2.14977831e-01 6.64048135e-01 4.06911075e-02
    6.97313488e-01 3.84327143e-01 7.45708346e-01 9.24569070e-01
    2.70850807e-01 6.34194732e-01 3.25489402e-01 8.59409571e-01
    1.74014390e-01 5.80448866e-01 8.91052723e-01 2.34930784e-01
    4.50824797e-02 9.40466642e-01 8.62169743e-01 6.15540028e-01
    4.63406980e-01 3.78707916e-01 1.97306573e-01 8.07567239e-01
    2.78606415e-01 1.63228512e-02 6.67261183e-02 9.81890798e-01
    5.80934763e-01 6.66291714e-01 6.12557113e-01 3.36503088e-01
    8.54773164e-01 1.03924245e-01 5.32203496e-01 1.53082699e-01
    1.91475689e-01 7.50083804e-01 9.52528775e-01 6.94599211e-01
    7.65328407e-02 7.79210806e-01 4.74021554e-01 2.58471936e-01
    8.84718299e-01 7.73504674e-01 4.76543069e-01 5.08800268e-01
    1.82951391e-02 5.95505893e-01 9.22150493e-01 6.08917773e-01
    8.99969816e-01 7.45919466e-01 7.14599729e-01 4.35776353e-01
    7.21558392e-01 8.74994516e-01 6.84524238e-01 6.37411654e-01
    2.70155251e-01 6.26084864e-01 2.15387523e-01 9.74306226e-01
    3.94172400e-01 8.05880308e-01 5.45785666e-01 5.80760419e-01
    2.09510833e-01 3.22054565e-01 2.02729344e-01 3.33636582e-01
    6.10376298e-01 6.43419683e-01 6.51032567e-01 9.51452971e-01
    4.51375097e-01 9.45985198e-01 5.86932421e-01 8.45568180e-01
    1.44048840e-01 5.62167406e-01 6.57588661e-01 2.04518855e-01
    4.73313630e-02 9.53497171e-01 4.53330070e-01 1.74871147e-01
    8.04204822e-01 7.33567476e-01 2.52882540e-01 8.30624104e-01
    5.49935460e-01 2.79375911e-02 9.82683778e-01 5.88942349e-01
    3.66215974e-01 6.03342533e-01 4.65589881e-01 9.79596496e-01
    1.24408156e-01 8.64491642e-01 3.97450000e-01 7.63683081e-01
    6.01147532e-01 5.22257328e-01 6.15519524e-01 8.05597901e-01
    9.12891030e-02 2.30331212e-01 5.76037228e-01 7.35302985e-01
    1.51080102e-01 2.43286788e-02 7.96119332e-01 2.37119317e-01
    3.29139173e-01 6.45960569e-01 1.01112932e-01 5.81900656e-01
    8.56318712e-01 7.71617234e-01 2.14771926e-01 5.16894579e-01
    4.24668640e-01 6.80741072e-02 6.33741140e-01 6.11462831e-01
    7.68962502e-01 9.56969380e-01 4.66335118e-02 5.42520761e-01
    1.60017282e-01 2.45493352e-01 2.93111026e-01 4.89155203e-01
    8.72369647e-01 6.76592648e-01 4.77289706e-01 6.44755363e-01
    5.84851980e-01 3.31418216e-01 8.60223174e-01 6.83388233e-01
    6.99730754e-01 8.72565866e-01 8.40251267e-01 7.70813346e-01
    4.14562494e-01 9.67778802e-01 2.94884741e-01 6.28794849e-01
    9.05989647e-01 7.86176682e-01 8.32458973e-01 5.43659627e-01
    1.52396560e-01 5.64238369e-01 7.02904224e-01 4.97702509e-01
    2.44524509e-01 5.03692091e-01 1.60151929e-01 4.87561256e-01
    2.61816829e-01 5.08814454e-01 4.06942606e-01 3.78028691e-01
    6.79955721e-01 3.39043796e-01 1.19442374e-01 2.63588160e-01
    9.91035223e-01 3.09048414e-01 7.02604115e-01 7.38929033e-01
    5.05631030e-01 8.96690905e-01 7.10200310e-01 4.31463420e-01
    8.75869155e-01 9.74474192e-01 5.72800100e-01 5.78292608e-01
    1.64104134e-01 4.68165874e-02 8.67692351e-01 4.59282637e-01
    7.19389677e-01 9.43176866e-01 7.24199116e-01 6.22847438e-01
    3.56673658e-01 7.51803756e-01 1.57716483e-01 9.22352731e-01
    9.33852196e-02 9.27961111e-01 9.51359153e-01 5.65741599e-01
    3.48799467e-01 2.83925414e-01 3.13135564e-01 5.31855226e-02
    6.20876610e-01 4.66077298e-01 3.62251341e-01 2.17563599e-01
    7.67095208e-01 8.50216568e-01 7.73780107e-01 2.33961970e-01
    9.96179938e-01 5.39225698e-01 3.74742121e-01 2.37799108e-01
    1.57321632e-01 3.76126945e-01 3.84126306e-01 1.29314721e-01
    8.76924396e-01 9.46017802e-01 3.49330902e-01 7.83756614e-01
    4.20272350e-03 9.16135311e-01 5.68652868e-01 1.73517376e-01
    9.47314620e-01 4.17468786e-01 6.28294826e-01 8.95747542e-01
    9.53063726e-01 7.84256101e-01 2.79678226e-01 9.43030238e-01
    5.78588128e-01 9.95795250e-01 8.33635330e-01 1.17820382e-01
    1.86068803e-01 8.50396156e-01 3.37631583e-01 6.89409733e-01
    2.10122794e-01 2.83437729e-01 9.31285322e-02 1.20074242e-01
    7.01665938e-01 4.65489656e-01 5.75777829e-01 6.92694485e-01
    9.42728639e-01 4.96987224e-01 2.47107387e-01 9.99947846e-01
    1.16563410e-01 7.00401008e-01 4.57718164e-01 5.76097846e-01
    4.66558844e-01 1.12358689e-01 3.51746678e-01 9.20764744e-01
    1.64736331e-01 3.29113990e-01 5.98609924e-01 4.47223216e-01
    5.18477738e-01 8.64966989e-01 6.70117915e-01 6.24736845e-02
    8.51910353e-01 8.87811542e-01 2.46777236e-02 2.10673720e-01
    2.82488495e-01 1.33987099e-01 4.09195215e-01 5.64670265e-01
    4.31957543e-01 7.70878196e-02 5.50403476e-01 7.61956453e-01
    6.69080913e-02 5.52057862e-01 4.28275406e-01 5.36610782e-01
    4.17106479e-01 7.10572898e-02 9.50133085e-01 8.66030335e-01
    6.02224529e-01 1.11781925e-01 1.09889865e-01 2.71916151e-01
    2.89082229e-01 6.22862577e-03 4.62664962e-01 4.14857805e-01
    3.37586343e-01 2.11756736e-01 8.39366078e-01 9.76274371e-01
    6.69636369e-01 2.22127140e-01 1.14424527e-01 5.53079247e-01
    8.24058115e-01 8.61669064e-01 8.92818213e-01 7.82051265e-01
    3.38498950e-01 2.22840548e-01 7.39880562e-01 8.67977142e-01
    9.74571824e-01 8.48551393e-02 5.60994923e-01 7.83872664e-01
    8.74370456e-01 1.72880948e-01 1.36916667e-01 4.18101072e-01
    8.59210253e-01 2.78810263e-02 8.21623147e-01 3.14760953e-01
    5.45373201e-01 4.38556641e-01 3.05086225e-01 9.92795229e-01
    3.60860348e-01 8.27481091e-01 4.65710849e-01 4.98578966e-01
    2.26570368e-01 2.95352936e-01 4.82980132e-01 2.69927680e-02
    8.25938165e-01 1.55942708e-01 1.25045568e-01 8.32825184e-01
    8.59025598e-01 8.06549788e-02 3.48665953e-01 9.36809778e-01
    4.96362507e-01 7.30323911e-01 4.83150244e-01 5.41351140e-02
    5.62823296e-01 9.15956616e-01 3.37094247e-01 5.63264251e-01
    6.38775945e-01 2.21915692e-01 1.58787459e-01 4.34440911e-01
    6.54544115e-01 3.05203587e-01 7.06137657e-01 5.89922428e-01
    4.69174325e-01 6.72293365e-01 3.09812069e-01 8.60422969e-01
    7.23795712e-01 4.17742163e-01 2.03135878e-01 7.92139113e-01
    2.74047345e-01 7.66079664e-01 9.67978358e-01 3.13020080e-01
    7.07463920e-02 3.70642334e-01 8.31016779e-01 1.85802907e-01
    5.81228971e-01 1.02707297e-01 6.12853050e-01 6.37842059e-01
    1.29171491e-01 7.75992870e-03 1.64724618e-01 6.07017040e-01
    1.39968753e-01 6.05468035e-01 6.28643513e-01 4.50649321e-01
    8.21826994e-01 5.05218506e-02 1.98658496e-01 5.71642339e-01
    4.09009278e-01 9.77720857e-01 5.83872736e-01 7.81258583e-01
    5.02522051e-01 5.28257132e-01 8.60401630e-01 2.31146485e-01
    4.23976064e-01 3.22451472e-01 4.54432011e-01 2.80210614e-01
    2.88646162e-01 4.43487585e-01 7.04455674e-01 3.48166913e-01
    3.17726910e-01 4.88083065e-01 8.29366088e-01 2.80503899e-01
    2.40806341e-02 6.34688318e-01 3.17213178e-01 2.35433161e-01
    1.24917656e-01 1.53971255e-01 1.20306313e-01 2.32493281e-02
    4.94936734e-01 4.62741673e-01 2.54197836e-01 9.82931197e-01
    8.84435654e-01 1.52914613e-01 1.58272386e-02 2.31345981e-01
    1.58438414e-01 2.27977097e-01 9.95150626e-01 1.91690803e-01
    2.03925043e-01 4.30463254e-02 6.58847451e-01 2.95025587e-01
    8.66431296e-02 3.71434122e-01 2.73064971e-01 4.62651253e-03
    9.23168898e-01 5.23535371e-01 8.65501106e-01 3.42660844e-01
    1.76977217e-02 6.90489590e-01 8.15608025e-01 8.00609827e-01
    4.59050149e-01 7.80987501e-01 8.83756161e-01 4.99395341e-01
    7.31706619e-02 9.61531997e-01 8.82108986e-01 6.28711224e-01
    6.65711462e-01 1.96929693e-01 4.79010582e-01 8.46500754e-01
    1.29932672e-01 8.84591103e-01 7.41713524e-01 5.52108228e-01
    8.20978403e-01 5.15151680e-01 4.61255580e-01 1.33523375e-01
    5.47687054e-01 5.89086175e-01 6.28490686e-01 8.15889120e-01
    1.16405100e-01 9.43691611e-01 3.61774892e-01 5.41933596e-01
    7.29045749e-01 7.67987013e-01 4.39996421e-02 1.56726718e-01
    4.19069886e-01 9.34065104e-01 7.58300662e-01 5.06075621e-02
    5.56390762e-01 5.04383087e-01 2.80725300e-01 5.58049142e-01
    1.45337164e-01 7.77502894e-01 7.62229323e-01 9.19524193e-01
    1.94249630e-01 9.01299000e-01 1.43194467e-01 8.10019016e-01
    3.64899904e-01 8.81100416e-01 6.59625113e-01 6.46043122e-02
    8.49319160e-01 7.57847905e-01 7.35957325e-02 1.89338714e-01
    2.03307152e-01 7.58691192e-01 8.32749724e-01 8.81793022e-01
    2.85017431e-01 7.47667491e-01 5.39599776e-01 3.16506058e-01
    9.22634840e-01 1.87946856e-01 9.89086986e-01 3.89177710e-01
    6.90155149e-01 9.88843679e-01 7.28078902e-01 7.44203031e-02
    9.50864375e-01 5.21973908e-01 8.70251775e-01 2.89277524e-01
    7.42317557e-01 8.44218135e-02 1.27206594e-01 1.10820144e-01
    4.46936756e-01 3.58152330e-01 7.07639694e-01 2.87750721e-01
    7.55455494e-01 8.81949067e-03 6.23216271e-01 5.71278870e-01
    2.26451069e-01 8.86750519e-02 4.01830763e-01 2.02607900e-01
    5.81431985e-01 5.51030874e-01 1.16274536e-01 3.99691790e-01
    8.28969836e-01 7.49573827e-01 8.49979937e-01 7.33455241e-01
    8.43804955e-01 4.22710240e-01 1.04595751e-01 3.27277690e-01
    6.90554380e-01 3.53927463e-01 3.64757061e-01 5.67658842e-01
    5.71742356e-01 2.45965004e-01 6.87637210e-01 6.63719416e-01
    5.01403332e-01 2.37798601e-01 4.79000688e-01 9.95687246e-01
    1.62993968e-02 5.11902153e-01 3.30107868e-01 2.91160166e-01
    6.69885278e-02 1.77854896e-01 7.11858749e-01 6.10449612e-01
    1.72623783e-01 2.56250799e-01 5.16324639e-02 9.05116200e-02
    4.08912092e-01 4.58819866e-01 8.68209600e-01 2.76552558e-01
    4.05364901e-01 7.16903031e-01 3.64139974e-01 3.13345999e-01
    2.64232159e-02 1.26428753e-01 3.84474695e-01 1.98103070e-01
    7.11071789e-01 9.89580154e-01 3.48607004e-02 8.50972891e-01
    6.51925921e-01 1.38829499e-01 1.44348025e-01 7.91191816e-01
    3.95373851e-01 9.94622588e-01 6.68873429e-01 2.14909911e-02
    1.95197374e-01 6.80216670e-01 6.31868601e-01 2.91362226e-01
    7.71396995e-01 5.83541512e-01 4.86968368e-01 3.21159601e-01
    7.68940747e-02 5.10834277e-01 4.49039906e-01 6.69648528e-01
    7.10803628e-01 4.37813431e-01 3.82011741e-01 5.16743600e-01
    5.23928046e-01 1.74753875e-01 7.11897433e-01 6.34745061e-02
    6.40058935e-01 8.25830460e-01 7.52228737e-01 1.26923025e-01
    4.72946078e-01 1.17144257e-01 7.66642869e-01 3.18027794e-01
    5.91776073e-01 7.81615853e-01 7.78823495e-01 5.90086579e-01
    8.03122461e-01 8.75624955e-01 4.39750940e-01 5.22650540e-01
    5.16631544e-01 1.06412858e-01 6.92709386e-01 4.49384481e-01
    4.03075010e-01 3.36345494e-01 7.72792518e-01 9.84599888e-01
    7.92203963e-01 3.65484029e-01 9.68534112e-01 6.59836173e-01
    8.56674254e-01 9.28607821e-01 5.73484838e-01 5.63421130e-01
    6.84742212e-01 6.46941543e-01 7.76085436e-01 1.67590827e-01
    6.59538329e-01 1.29744858e-01 2.59115279e-01 4.70749348e-01
    4.91760284e-01 2.91906685e-01 2.00062603e-01 2.71843970e-01
    7.68504739e-01 7.54292488e-01 2.18792856e-02 6.94925904e-01
    4.17348891e-01 9.00197029e-01 4.62569088e-01 4.32457596e-01
    2.89557099e-01 8.31341684e-01 1.04003847e-01 3.66275012e-01
    7.16915548e-01 2.60707617e-01 1.09637856e-01 9.95441258e-01
    2.78954685e-01 2.89439082e-01 7.85376489e-01 6.52715921e-01
    1.44734681e-02 6.54439390e-01 3.67496729e-01 8.34968567e-01
    6.34271562e-01 9.09519494e-01 3.86885464e-01 8.91436875e-01
    2.56247908e-01 6.17370188e-01 9.51717198e-01 9.03472304e-01
    5.70150137e-01 9.39425766e-01 3.88586342e-01 4.53285098e-01
    2.33747363e-01 3.97024900e-01 9.29925084e-01 2.84348547e-01
    8.69251549e-01 1.82943344e-01 2.22292602e-01 1.14319354e-01
    7.45793104e-01 9.68311429e-01 5.21565080e-01 4.72523570e-01
    1.69186294e-02 7.84561038e-03 2.90837854e-01 4.06003803e-01
    2.34350652e-01 7.27102757e-01 3.46527338e-01 7.99655557e-01
    9.67126131e-01 5.15735567e-01 7.80503809e-01 2.28744745e-01
    1.82126760e-02 6.59562945e-02 3.74893665e-01 3.75053674e-01
    1.57519847e-01 8.30027342e-01 6.12225771e-01 1.79736763e-01
    1.11772358e-01 8.68750751e-01 6.39335334e-01 4.41504747e-01
    9.74122643e-01 4.71999764e-01 5.03996611e-01 9.72555101e-01
    9.53294277e-01 4.47339833e-01 1.21176481e-01 8.20089757e-01
    4.00743932e-01 8.35881233e-02 8.47475171e-01 7.29892552e-02
    1.07700586e-01 7.02555418e-01 7.61889577e-01 7.66409516e-01
    2.60512531e-02 6.29911065e-01 2.14394808e-01 9.64555502e-01
    9.18070078e-02 3.99399221e-01 1.43111646e-02 7.56511807e-01
    1.08503401e-02 1.74065202e-01 3.24676871e-01 7.61490822e-01
    3.50716710e-01 5.42079926e-01 1.36943787e-01 4.08100009e-01
    5.23456275e-01 8.81081223e-01 4.74250197e-01 1.98854774e-01
    3.15409780e-01 9.52448845e-02 1.90383255e-01 1.95833474e-01
    2.52574861e-01 7.49715447e-01 9.65836406e-01 5.81741750e-01
    3.94980311e-01 3.13504636e-01 9.97717142e-01 1.70747191e-01
    5.83462000e-01 3.31612736e-01 1.30329758e-01 3.25259656e-01
    4.63989139e-01 9.40115094e-01 6.25094295e-01 4.01983321e-01
    7.40906715e-01 7.14604855e-01 9.03394818e-02 4.83473063e-01
    5.82491279e-01 5.94631374e-01 1.83235139e-01 1.67333961e-01
    5.75461924e-01 3.38841617e-01 2.61195421e-01 3.84986311e-01
    4.94601756e-01 7.89089739e-01 6.92273736e-01 1.54710740e-01
    3.08948815e-01 1.44375294e-01 6.89005554e-01 1.01620346e-01
    9.68575954e-01 4.32625324e-01 7.53262877e-01 2.03924358e-01
    3.15528393e-01 6.79958344e-01 2.03337491e-01 2.05483496e-01
    2.86409855e-02 4.82786715e-01 1.39496267e-01 7.82334208e-01
    6.53649867e-01 9.11427915e-01 4.94028717e-01 8.85342300e-01
    8.43204737e-01 9.44390476e-01 6.30473018e-01 2.18378067e-01
    6.07619107e-01 9.43593562e-01 8.02492857e-01 4.93288398e-01
    4.04227316e-01 5.95604539e-01 1.74798638e-01 2.47540474e-01
    2.69724876e-01 2.64947951e-01 1.13588989e-01 4.24589604e-01
    5.33825517e-01 5.47925830e-02 5.45998156e-01 3.21859747e-01
    8.06900203e-01 7.28763521e-01 1.60505205e-01 7.87546337e-02
    4.19036150e-02 8.50736022e-01 6.78623497e-01 7.92820573e-01
    8.99100006e-02 1.38240755e-01 8.18729162e-01 5.80323339e-01
    4.84144062e-01 6.52240396e-01 3.29943180e-01 7.17350543e-01
    3.40706587e-01 1.60728097e-02 7.28276253e-01 3.45494717e-01
    9.58581090e-01 1.77102536e-01 9.19176042e-02 3.42023700e-01
    6.46336496e-01 9.45787430e-02 8.54227662e-01 7.85336614e-01
    7.63322651e-01 3.78950208e-01 3.65053117e-01 5.98540366e-01
    2.22247094e-01 4.39988673e-01 5.22031903e-01 5.34069896e-01
    5.10674238e-01 3.49589139e-01 1.72013611e-01 9.02223587e-02
    7.16382384e-01 6.22837663e-01 4.67106104e-02 1.03190601e-01
    9.81086314e-01 5.21210730e-02 8.69553566e-01 5.46503901e-01
    1.63220078e-01 5.70750833e-01 3.67785096e-01 6.67308450e-01
    9.62530136e-01 9.70145702e-01 3.91035974e-02 5.25067270e-01
    8.23238611e-01 3.32128823e-01 2.82063216e-01 7.12129653e-01
    5.92216551e-01 6.63658738e-01 7.09742367e-01 7.08458245e-01
    5.61731398e-01 7.32984185e-01 1.66196883e-01 2.76078403e-01
    3.60215932e-01 2.95777023e-02 1.73510581e-01 7.51312077e-02
    5.99524796e-01 5.36807775e-01 3.75164151e-01 3.41851771e-01
    3.62557173e-02 1.70155406e-01 4.27008778e-01 2.53239661e-01
    9.99941587e-01 2.98010409e-02 2.35225350e-01 6.63010836e-01
    7.99442530e-02 3.21958512e-01 7.87802637e-01 4.08772886e-01
    3.07838321e-01 4.75266486e-01 2.20802993e-01 4.69794482e-01
    7.61816859e-01 5.83769739e-01 5.30150115e-01 2.65254945e-01
    4.75144953e-01 1.91184133e-01 9.62598860e-01 9.09456491e-01
    1.69185460e-01 3.62213582e-01 1.63432628e-01 1.38035446e-01
    8.03407669e-01 8.61629307e-01 9.03980911e-01 2.94631004e-01
    1.19579494e-01 9.25925493e-01 7.87906647e-02 6.42375827e-01
    5.24273157e-01 8.07536721e-01 2.19612122e-01 4.04584706e-02
    7.43022084e-01 4.73940015e-01 6.50531590e-01 2.16462195e-01
    7.32902288e-02 5.02860844e-02 2.52374768e-01 5.81068814e-01
    3.30802202e-02 3.63344491e-01 2.68438101e-01 2.29978204e-01
    5.79954684e-01 2.22645104e-02 1.31210238e-01 7.65635073e-01
    7.03765273e-01 4.08637792e-01 6.06398761e-01 4.54038411e-01
    9.19456363e-01 6.04796886e-01 3.84893388e-01 3.27798903e-01
    2.28592753e-02 7.32640803e-01 2.84952939e-01 9.04434681e-01
    6.30226374e-01 4.40871775e-01 6.94416165e-02 2.98778355e-01
    1.83340311e-01 8.28987658e-02 3.84710222e-01 2.03521580e-01
    6.45778656e-01 1.12588525e-01 6.53682292e-01 1.73048645e-01
    8.02414000e-01 6.20285034e-01 2.28803158e-01 1.81266218e-01
    4.66425061e-01 7.06924200e-01 1.09108895e-01 3.91651452e-01
    7.90056109e-01 3.46203864e-01 5.93075752e-01 5.95634818e-01
    5.36263049e-01 7.20250130e-01 4.73400444e-01 5.47886491e-01
    4.37841713e-01 8.04100871e-01 1.68184876e-01 4.72551286e-01
    2.66126573e-01 4.52209800e-01 9.24390972e-01 8.11494112e-01
    1.21351719e-01 8.58603954e-01 9.22708988e-01 7.05927134e-01
    8.61970603e-01 1.87799335e-02 9.25157547e-01 9.88070011e-01
    7.11154342e-02 2.84713089e-01 2.04054058e-01 3.17131042e-01
    1.63954467e-01 5.11735559e-01 1.77152216e-01 1.89424902e-01
    5.82103252e-01 8.22445869e-01 7.23908842e-01 5.77403247e-01
    9.75294352e-01 2.36190736e-01 3.35019231e-02 1.77461505e-02
    6.29625618e-01 3.93871963e-01 7.20297933e-01 3.69710326e-02
    2.87938118e-01 2.42667317e-01 9.96110320e-01 1.96992129e-01
    4.08536255e-01 4.11428511e-01 7.60666847e-01 6.00347638e-01
    1.11589253e-01 9.97561812e-01 8.34196568e-01 3.24964643e-01
    6.86326444e-01 5.03427088e-01 8.58026445e-01 1.86795622e-01
    9.23709750e-01 8.56652379e-01 6.18967235e-01 2.54411638e-01
    5.25127351e-02 4.48326826e-01 3.19358706e-03 6.36114836e-01
    8.95506620e-01 2.61837065e-01 9.95907068e-01 6.69999361e-01
    4.29957896e-01 6.95735216e-02 6.91559136e-01 8.01916480e-01
    3.79711390e-04 6.14452422e-01 2.78404504e-01 8.55253696e-01
    9.05711532e-01 9.53550756e-01 5.21190643e-01 6.71369493e-01
    4.83945489e-01 2.09313840e-01 8.62807691e-01 4.47776198e-01
    8.09285104e-01 3.83498728e-01 3.33634496e-01 7.54768491e-01
    6.06705189e-01 9.69748497e-01 8.33585024e-01 4.17466700e-01
    1.91369653e-03 9.07217622e-01 9.73734260e-01 6.56791687e-01
    8.75616312e-01 4.25414145e-01 3.27199697e-03 4.28409576e-01
    9.00095105e-02 5.24081826e-01 1.57128274e-01 7.28061378e-01
    7.12958157e-01 7.36409664e-01 4.73745257e-01 5.35662532e-01
    7.68034577e-01 1.99408233e-02 9.17177677e-01 3.03882837e-01
    4.06843007e-01 1.86470836e-01 4.44664061e-02 9.80319023e-01
    6.94237828e-01 5.40793061e-01 4.22361791e-02 6.90228045e-01
    2.30352014e-01 7.50665069e-01 3.65987480e-01 4.15783942e-01
    1.95354402e-01 4.68033254e-01 1.68481022e-01 7.03710139e-01
    8.25924158e-01 2.01041043e-01 8.95437837e-01 5.02826452e-01
    7.37588823e-01 2.41607428e-03 1.86385661e-01 7.03658819e-01
    6.89032674e-01 6.38673186e-01 8.05731416e-02 8.09974313e-01
    8.75666738e-01 5.64570367e-01 7.76580691e-01 3.49200845e-01
    8.02327573e-01 3.11663538e-01 7.90486097e-01 2.46598274e-01
    2.75891900e-01 3.79415482e-01 4.24871653e-01 6.59613013e-02
    1.15148813e-01 4.76216793e-01 1.17402971e-01 1.96342260e-01
    6.46947443e-01 7.21179724e-01 4.69379812e-01 4.15693134e-01
    5.25027275e-01 5.01737058e-01 5.35696089e-01 4.60284948e-02
    2.16034055e-03 2.55505323e-01 4.82692152e-01 5.32876015e-01
    3.40065539e-01 6.91688299e-01 7.76928544e-01 5.19991994e-01
    3.46590936e-01 8.23598385e-01 3.96465927e-01 8.96695256e-03
    1.84230566e-01 3.93699616e-01 2.80068934e-01 1.58608675e-01
    1.64466292e-01 9.36202288e-01 3.90140295e-01 8.80363226e-01
    5.19194841e-01 6.13346696e-01 7.95559764e-01 1.66404098e-01
    2.87505627e-01 8.69013071e-01 7.96422958e-01 4.44099039e-01
    7.09314167e-01 7.61368275e-01 1.91650271e-01 5.14996946e-01
    6.84930682e-02 9.54276621e-01 2.85533607e-01 5.61487734e-01
    8.10937285e-01 9.80861783e-02 4.18926120e-01 4.76982892e-02
    3.59021157e-01 4.14485067e-01 5.06314516e-01 2.32948184e-01
    2.27951378e-01 1.94910496e-01 1.87337697e-01 3.34683478e-01
    8.60183656e-01 6.82166517e-02 8.99848342e-01 7.57424355e-01
    7.25207508e-01 2.11557984e-01 1.83480799e-01 8.15204501e-01
    1.43129289e-01 1.83148593e-01 2.53970027e-02 1.67836249e-01
    5.00190258e-02 1.31703526e-01 9.71249104e-01 9.83411789e-01
    2.12860703e-02 1.15209281e-01 7.49263823e-01 8.19982588e-01
    2.73935795e-02 8.39219451e-01 5.44541776e-01 1.32760406e-02
    8.97232652e-01 4.98973966e-01 3.79427075e-02 9.83048916e-01
    9.08851624e-02 1.11007720e-01 2.61818051e-01 3.39361370e-01
    4.95645761e-01 6.70966923e-01 4.37165201e-02 9.37719703e-01
    8.64180446e-01 5.03172934e-01 7.91348279e-01 4.92385685e-01
    2.11957097e-02 5.72084188e-01 3.07239980e-01 4.73135084e-01
    8.09406281e-01 6.38907552e-01 1.10467881e-01 4.76660758e-01
    5.79483211e-01 9.77403939e-01 2.37586111e-01 8.04255366e-01
    7.66065836e-01 4.07849848e-01 6.65609956e-01 4.00344104e-01
    5.75714231e-01 8.28031301e-01 3.16836655e-01 6.96026266e-01
    3.43642533e-01 8.45914364e-01 2.70315051e-01 9.28397298e-01
    7.35351205e-01 3.81228268e-01 5.85084617e-01 4.16153133e-01
    9.22230959e-01 1.19649321e-01 7.55151749e-01 7.47405350e-01
    2.75202990e-02 8.74838054e-01 3.21012557e-01 8.53828788e-01
    7.00704694e-01 1.44586593e-01 3.14363360e-01 6.95490003e-01
    9.42859292e-01 6.73075199e-01 5.12645364e-01 4.73781109e-01
    4.02472019e-01 7.99477339e-01 7.74711847e-01 2.61065602e-01
    2.19877332e-01 9.55620050e-01 2.28277385e-01 7.76716113e-01
    1.52701139e-03 7.65620351e-01 2.10274309e-01 7.09266663e-01
    9.23592567e-01 2.99392968e-01 4.64114577e-01 2.72228181e-01
    3.28434765e-01 6.04979396e-01 4.00131553e-01 8.30823421e-01
    4.96025056e-01 2.26749778e-02 3.94069076e-01 7.51374483e-01
    8.50161314e-01 8.02101493e-01 2.63748527e-01 1.67293638e-01
    6.03687286e-01 1.76217735e-01 5.39912045e-01 2.37992078e-01
    3.07517648e-02 4.63785082e-01 1.31005853e-01 2.16921777e-01
    5.14273584e-01 4.33678508e-01 1.86970890e-01 3.21402282e-01
    8.18084836e-01 1.19974703e-01 1.47305250e-01 6.87293768e-01
    8.02991927e-01 8.98712754e-01 5.84657907e-01 4.01332378e-02
    7.04733372e-01 4.88666862e-01 4.00441170e-01 9.30976987e-01
    9.31927204e-01 7.31145561e-01 4.73094076e-01 3.85069072e-01
    5.28526187e-01 1.02211982e-01 6.91932321e-01 2.96232283e-01
    6.69954300e-01 1.09210551e-01 6.47406578e-01 1.83342427e-01
    2.41228670e-01 3.65436733e-01 7.16773093e-01 4.25463498e-01
    5.93605816e-01 5.31274378e-01 6.57559216e-01 8.26089621e-01
    8.11169505e-01 2.07991421e-01 1.17167592e-01 9.31580782e-01
    6.49269819e-01 4.15546983e-01 5.66174388e-02 2.26076633e-01
    1.95767164e-01 1.90723836e-01 1.37703270e-01 8.37883234e-01
    8.23027492e-02 8.21027458e-01 7.73835778e-02 8.79558027e-02
    1.65220559e-01 7.31159210e-01 6.45793617e-01 2.85230517e-01
    8.86262059e-01 9.20826197e-01 2.65277505e-01 3.00592601e-01
    9.70083177e-02 3.60966146e-01 3.66787642e-01 3.97015512e-02
    6.10841036e-01 2.08187819e-01 2.35314667e-02 5.87981462e-01
    7.99789071e-01 2.31404573e-01 9.49612260e-01 3.57811272e-01
    6.63656592e-02 1.95885956e-01 7.84424245e-01 4.61662918e-01
    4.98701066e-01 6.23782814e-01 6.78935885e-01 8.66675377e-02
    5.01345694e-01 6.45259321e-02 4.58028048e-01 8.94304395e-01
    3.20266962e-01 3.41257155e-01 3.02508950e-01 6.13129139e-03
    5.02172351e-01 4.73157465e-02 6.81434274e-02 1.97438300e-02
    7.54657507e-01 5.52361310e-02 1.00518882e-01 2.23219156e-01
    8.41610432e-01 1.54039443e-01 5.28950989e-01 5.27821839e-01
    6.87527895e-01 3.88411283e-02 2.84597278e-01 1.98774666e-01
    8.65900874e-01 5.35217404e-01 6.10468209e-01 7.08322942e-01
    1.62599295e-01 7.26930797e-02 3.67032945e-01 6.28318131e-01
    5.72871566e-01 9.37941194e-01 7.75518656e-01 3.03926468e-01
    1.52247667e-01 2.68801421e-01 5.73890328e-01 6.56732440e-01
    3.47658396e-02 2.52253652e-01 7.05940306e-01 4.45320070e-01
    7.49405682e-01 8.35595965e-01 5.15589118e-02 3.79661679e-01
    2.40469307e-01 5.53066611e-01 8.51048529e-01 6.95580602e-01
    3.38316023e-01 2.38679469e-01 6.10074520e-01 4.98612821e-02
    4.55703408e-01 9.16331649e-01 8.24439526e-03 6.68681860e-02
    9.28514361e-01 3.16072226e-01 2.27489054e-01 2.97573507e-02
    1.12855822e-01 1.70244902e-01 1.89297557e-01 2.04001367e-01
    3.12199920e-01 4.07369375e-01 4.01651591e-01 6.35749876e-01
    3.18489373e-01 7.34672427e-01 7.33328104e-01 3.22058260e-01
    4.57203865e-01 7.49094009e-01 7.84969807e-01 7.18714237e-01
    8.55102301e-01 5.66819549e-01 1.28701538e-01 1.82724983e-01
    7.66100645e-01 7.09269285e-01 3.53198498e-01 1.12935632e-01
    3.88331085e-01 5.26485980e-01 7.74422824e-01 8.71996403e-01
    3.91693503e-01 4.58075106e-01 9.37947512e-01 6.64137006e-02
    2.66823411e-01 6.55281007e-01 6.13298059e-01 8.83208036e-01
    9.29769874e-02 4.98498291e-01 7.30466545e-01 9.15728331e-01
    2.58813977e-01 7.99803138e-01 9.84919310e-01 5.50377905e-01
    5.43687642e-02 5.12027621e-01 9.69154477e-01 9.90218401e-01
    9.97156501e-01 7.61804521e-01 5.40109336e-01 1.92579955e-01
    4.08410758e-01 4.26073968e-02 5.24452746e-01 5.94140410e-01
    1.82224393e-01 1.33766830e-01 6.51208460e-01 5.98405600e-01
    1.51436538e-01 7.50303566e-01 8.04933071e-01 2.24219382e-01
    7.34376311e-01 5.19093573e-02 7.49057531e-02 3.39780599e-01
    6.93844914e-01 7.69616246e-01 6.81284189e-01 3.72548640e-01
    7.21441269e-01 4.55626726e-01 1.14633739e-01 6.90574408e-01
    4.66794074e-01 8.82227898e-01 7.57469416e-01 7.15778291e-01
    2.48456240e-01 3.02521527e-01 9.50144649e-01 9.73098993e-01
    9.91224051e-01 2.27241486e-01 7.72711992e-01 6.39707029e-01
    1.39062554e-01 2.36298382e-01 4.28780913e-01 8.02734375e-01
    4.44141716e-01 3.02750349e-01 2.41127402e-01 9.82087851e-01
    9.07445908e-01 3.65956128e-02 2.32367277e-01 8.56719017e-01
    4.93692786e-01 4.84118253e-01 5.11193573e-02 6.22430623e-01
    8.68669748e-01 1.52184427e-01 4.90114391e-02 4.48760211e-01
    6.70621514e-01 1.27471864e-01 7.65633345e-01 5.48543215e-01
    4.97627944e-01 1.30381405e-01 9.51806009e-02 5.44375122e-01
    4.75132763e-02 3.70112062e-03 9.98070061e-01 9.39329982e-01
    8.14189911e-01 1.18079424e-01 9.54899430e-01 4.09167141e-01
    5.86702287e-01 9.55499470e-01 7.71331310e-01 1.87200785e-01
    6.00618958e-01 5.01881361e-01 3.95068049e-01 4.66974884e-01
    7.65900731e-01 1.80737108e-01 8.75506341e-01 4.65724021e-01
    5.08109748e-01 2.61340499e-01 2.80181766e-01 2.03371942e-01
    2.05361068e-01 2.65041471e-01 9.98943746e-01 4.64551270e-01
    8.17067444e-01 6.46023273e-01 4.53708738e-01 7.27358222e-01
    1.89139575e-01 4.26540375e-02 8.48724723e-01 2.47764528e-01
    5.49179196e-01 9.69377756e-01 4.35320467e-01 9.50057745e-01
    3.07818741e-01 9.93703425e-01 1.78273827e-01 5.68904042e-01
    5.93450487e-01 9.26636815e-01 5.89622557e-02 2.27177292e-01
    1.68518245e-01 8.60095024e-03 6.97640657e-01 3.29396129e-03
    3.31169963e-01 6.89817250e-01 9.84155178e-01 1.16438001e-01
    5.71488142e-01 8.04178357e-01 1.76894039e-01 9.41150069e-01
    4.88116205e-01 4.35382217e-01 6.07103109e-01 6.69452548e-01
    5.28307557e-01 7.47906268e-02 1.88030839e-01 9.80414033e-01
    3.65692496e-01 7.24119067e-01 5.60331941e-01 5.05718827e-01
    6.57596946e-01 8.09132338e-01 6.76212609e-02 3.73589903e-01
    6.01420403e-01 3.14783156e-01 7.18106151e-01 2.45112389e-01
    8.74149680e-01 3.77842784e-02 1.23350531e-01 5.08578300e-01
    7.54219592e-02 2.56278157e-01 6.97566390e-01 7.27015138e-01
    3.60169947e-01 3.49446893e-01 6.02007747e-01 1.32145762e-01
    7.93265224e-01 8.67050290e-02 7.19130099e-01 4.45286751e-01
    3.50352168e-01 3.94165516e-03 9.55821037e-01 1.84421271e-01
    9.80069339e-02 1.36723369e-01 9.20475423e-02 9.59894538e-01
    9.12770331e-01 1.36064380e-01 8.46156359e-01 5.92790544e-01
    4.39426988e-01 6.68139637e-01 6.42328978e-01 5.97399294e-01
    5.52965701e-01 7.59699583e-01 2.75104016e-01 4.88777846e-01
    4.18613315e-01 8.44950199e-01 1.75263405e-01 3.39137167e-01
    4.41979647e-01 3.84734809e-01 4.77465302e-01 7.45400548e-01
    2.01812536e-01 2.37322539e-01 6.89416647e-01 8.60635459e-01
    5.31063974e-01 3.87782842e-01 9.76948738e-01 6.36172295e-02
    8.47740829e-01 4.79546845e-01 9.97787356e-01 7.35862672e-01
    9.06472802e-01 9.72518802e-01 6.73956990e-01 6.15144968e-02
    8.48088264e-01 7.78225064e-03 1.65303439e-01 3.89673710e-02
    7.21648693e-01 6.15732729e-01 9.24177527e-01 9.58895743e-01
    4.78144884e-01 8.55388522e-01 2.39063144e-01 4.61466759e-01
    4.64637101e-01 1.49178147e-01 8.41474295e-01 8.30385685e-01
    7.55393565e-01 9.67294991e-01 4.84776884e-01 2.43763387e-01
    8.20673645e-01 8.13601255e-01 3.24595392e-01 8.12151551e-01
    2.60438502e-01 9.31789041e-01 4.84311581e-02 4.64911431e-01
    1.07577026e-01 9.80546594e-01 6.00397587e-01 3.96484315e-01
    7.22411990e-01 9.51154828e-02 3.53465974e-02 1.55783504e-01
    9.12678838e-01 6.19130850e-01 7.11160660e-01 3.91158879e-01
    8.64275575e-01 1.48686022e-01 6.95575118e-01 8.75421762e-02
    7.82573938e-01 3.82933736e-01 3.52442026e-01 4.08234924e-01
    8.24211597e-01 1.55256242e-01 9.41500723e-01 4.26638424e-01
    2.94454008e-01 7.27523804e-01 9.67477083e-01 2.26036906e-01
    9.60820794e-01 1.85266346e-01 6.45397782e-01 3.81005704e-01
    3.33920062e-01 2.40391195e-01 2.04766631e-01 4.52087432e-01
    5.31225860e-01 3.32609594e-01 7.57259250e-01 5.82602978e-01
    8.11267495e-01 6.38095021e-01 7.31091142e-01 1.29500687e-01
    8.31057191e-01 9.50597584e-01 4.91344541e-01 5.59167325e-01
    4.16072190e-01 1.94644719e-01 7.83074379e-01 2.87908256e-01
    8.86473536e-01 2.15198904e-01 4.98529643e-01 2.86338627e-02
    4.22430962e-01 5.24434924e-01 7.15929568e-01 5.65681875e-01
    4.09992635e-01 7.91359246e-02 6.07148528e-01 4.83503342e-01
    6.54325366e-01 9.42043245e-01 8.53926539e-01 9.79393601e-01
    7.43000209e-02 8.00291896e-01 7.75710464e-01 9.98184323e-01
    7.41692901e-01 2.02254981e-01 8.41997504e-01 2.33110011e-01
    7.09435821e-01 3.45802754e-01 9.26169872e-01 2.66544968e-01
    9.85434353e-01 7.29734004e-02 8.32802892e-01 8.40211630e-01
    6.83279157e-01 7.18658090e-01 1.81505799e-01 9.87589359e-02
    4.19518352e-02 2.98025906e-02 8.65774333e-01 9.17330861e-01
    8.89485180e-01 9.22408342e-01 8.47374439e-01 5.31541467e-01
    3.03704381e-01 5.10853529e-03 3.94139588e-01 5.60834408e-01
    6.16060138e-01 4.41024423e-01 7.18448639e-01 8.00834894e-01
    1.07202262e-01 4.58454162e-01 2.13669747e-01 7.17499316e-01
    5.81724882e-01 7.21235871e-01 9.27898288e-01 4.01399732e-02
    4.41567600e-01 7.94001639e-01 1.50433838e-01 6.67334318e-01
    6.38946593e-01 6.08192980e-01 9.00367498e-01 7.14537501e-03
    1.02026343e-01 3.55119646e-01 2.93061346e-01 7.30862081e-01
    3.23762596e-02 5.05262911e-01 5.50357282e-01 4.93960321e-01
    5.29638350e-01 2.86104977e-02 2.07750648e-01 6.72185481e-01
    9.51214075e-01 8.58535707e-01 3.07931572e-01 5.29637635e-01
    7.57160068e-01 5.83982289e-01 3.64480406e-01 8.06845188e-01
    7.11895347e-01 7.63981164e-01 1.79842025e-01 2.85704434e-01
    7.49833941e-01 9.95041013e-01 4.70671445e-01 9.19487834e-01
    1.14086062e-01 8.71410847e-01 4.57187980e-01 9.31025743e-01
    9.84731078e-01 1.03201449e-01 7.43492961e-01 7.65429616e-01
    8.63753617e-01 5.06811380e-01 7.64175177e-01 1.12823248e-01
    4.44509476e-01 3.55037242e-01 3.12643051e-01 5.23030698e-01
    5.88232100e-01 4.88652766e-01 3.05602074e-01 1.19582921e-01
    6.59710228e-01 7.84240365e-01 8.24069977e-02 7.99812078e-01
    2.28480130e-01 4.00344789e-01 5.75987816e-01 9.06860590e-01
    7.08451569e-01 1.42923117e-01 5.22534311e-01 4.76434827e-03
    6.61387324e-01 7.14860678e-01 1.27419263e-01 5.09129763e-01
    1.20306611e-02 2.20361888e-01 4.26580608e-02 5.93672395e-01
    3.06842446e-01 6.70792043e-01 5.99639535e-01 1.45663023e-01
    5.34749389e-01 3.55788976e-01 3.46065283e-01 2.50154257e-01
    4.41067576e-01 9.61393952e-01 3.65143359e-01 4.31609035e-01
    1.97263718e-01 7.71665692e-01 2.12958813e-01 4.99676824e-01
    2.53950596e-01 7.42036462e-01 9.49464440e-01 5.84691107e-01
    6.85510635e-02 1.83754712e-01 2.96748877e-02 8.72368693e-01
    5.13613045e-01 1.71607286e-01 4.76970971e-01 9.04473424e-01
    5.98142147e-02 1.95187122e-01 5.83567083e-01 8.49913836e-01
    2.18827039e-01 5.71711540e-01 9.23540771e-01 5.44381499e-01
    4.30274904e-02 8.97238612e-01 4.41738516e-01 8.76651287e-01
    6.86732352e-01 9.85964298e-01 1.77785009e-01 6.79190993e-01
    7.09880888e-02 6.12448394e-01 4.62882847e-01 8.80411029e-01
    8.33803236e-01 7.82333016e-01 5.84807992e-01 4.89434391e-01
    1.17255837e-01 6.63189888e-01 9.52562332e-01 7.04429924e-01
    8.46197248e-01 8.76480818e-01 8.44569564e-01 9.64384437e-01
    4.05749202e-01 4.23916280e-01 9.91903901e-01 7.28191018e-01
    5.46444893e-01 4.11361486e-01 8.58294487e-01 2.16328681e-01
    2.15010375e-01 1.60030961e-01 5.74041903e-02 5.13262212e-01
    8.10626149e-03 5.78282773e-01 2.44212568e-01 6.49725556e-01
    2.34050840e-01 8.74525428e-01 7.75346994e-01 4.13341582e-01
    9.13588405e-01 8.63091946e-01 1.12892270e-01 2.65645981e-01
    5.44804573e-01 8.68021846e-02 5.90431511e-01 8.70582700e-01
    4.22495484e-01 5.24009168e-01 3.77214611e-01 3.67574990e-01
    6.40508890e-01 6.84287786e-01 7.65446305e-01 1.37067467e-01
    3.13490808e-01 1.18226588e-01 4.12348032e-01 1.92784458e-01
    3.93866062e-01 4.53354478e-01 2.37732649e-01 6.37872934e-01
    3.59229594e-01 5.59194148e-01 5.91732979e-01 3.91432673e-01
    4.83934462e-01 3.87515128e-02 6.62356496e-01 1.35007858e-01
    9.84326005e-01 5.76988518e-01 3.33908677e-01 6.82313025e-01
    2.20078647e-01 2.25924999e-01 9.32436943e-01 8.67943048e-01
    2.02152640e-01 4.02070612e-01 9.79196489e-01 6.56426191e-01
    2.33482003e-01 9.84827638e-01 9.70117688e-01 5.31244278e-02
    7.65033305e-01 4.75194991e-01 4.50016350e-01 5.05967915e-01
    2.33881325e-01 8.80376041e-01 3.26851308e-01 4.13363785e-01
    3.77745777e-01 7.63656914e-01 7.62328744e-01 1.16482377e-01
    4.86296982e-01 2.99479544e-01 9.89102840e-01 8.69718730e-01
    8.06727827e-01 4.28732008e-01 7.11490214e-01 1.86104476e-01
    9.19820368e-01 5.58017850e-01 1.33981407e-02 5.20746648e-01
    7.40631521e-01 3.67769122e-01 2.30315775e-01 7.44741201e-01
    9.56679523e-01 5.53462625e-01 7.52092779e-01 2.54233032e-01
    4.44637477e-01 6.17505908e-01 9.88136172e-01 5.26115716e-01
    4.47329581e-01 5.40835500e-01 7.01861143e-01 8.98233175e-01
    2.80636370e-01 8.77424181e-01 7.11968899e-01 3.47336143e-01
    8.65308642e-02 4.20932502e-01 7.60778666e-01 9.63730693e-01
    3.24020803e-01 2.27557570e-01 7.21942902e-01 4.88861054e-01
    7.80330718e-01 6.73337638e-01 1.95643246e-01 6.70310855e-02
    2.37902015e-01 1.38259113e-01 3.46368134e-01 8.18552613e-01
    1.93873703e-01 6.14440978e-01 1.69483453e-01 7.34230161e-01
    3.85593593e-01 2.53885925e-01 9.50404763e-01 8.38069916e-01
    3.95423174e-01 5.40849864e-01 1.13011718e-01 4.57678050e-01
    9.51411128e-02 9.15654242e-01 5.68930566e-01 9.15334344e-01
    7.32890069e-02 9.55588400e-01 4.58480656e-01 4.92451638e-01
    6.76474571e-02 4.95873332e-01 1.25299960e-01 1.02293491e-03
    6.83822393e-01 9.35930490e-01 7.59232283e-01 4.54487503e-01
    4.35299724e-01 8.58936787e-01 7.01866865e-01 8.56982708e-01
    2.63832211e-01 8.57217550e-01 7.28575587e-02 8.21327865e-01
    2.40184039e-01 9.15042758e-01 4.38717127e-01 5.20961463e-01
    2.50827074e-01 5.74857652e-01 7.43078351e-01 6.05438173e-01
    3.73377323e-01 2.19532132e-01 9.41241384e-01 5.84387004e-01
    3.84359807e-01 7.78632760e-01 5.62801719e-01 4.98988569e-01
    2.24106401e-01 4.35593992e-01 7.29475141e-01 5.03228009e-01
    8.38048100e-01 7.69007921e-01 3.71827394e-01 8.75262856e-01
    5.75077951e-01 4.67612207e-01 9.31666195e-02 4.57679182e-01
    5.69747448e-01 5.63510776e-01 2.31068939e-01 1.25149637e-01
    6.45902932e-01 6.54334366e-01 7.32140660e-01 3.01928401e-01
    8.35274100e-01 6.74617648e-01 5.99193096e-01 4.99331355e-01
    5.99617481e-01 4.16713953e-03 9.84366238e-02 5.50449133e-01
    4.77677763e-01 2.81351060e-01 8.32528710e-01 9.69921947e-01
    3.76384586e-01 2.62888342e-01 4.74350095e-01 2.81810045e-01
    3.61265451e-01 1.97158575e-01 6.25464082e-01 6.43593073e-03
    1.94981396e-02 7.02419043e-01 2.47043937e-01 2.00380832e-01
    6.15881026e-01 9.48382497e-01 9.96240139e-01 1.98574543e-01
    7.02375770e-02 2.15807527e-01 9.09804821e-01 5.37944019e-01
    2.55378366e-01 9.67066407e-01 6.46837831e-01 2.16551095e-01
    9.17605639e-01 5.11511505e-01 7.65233159e-01 7.85867870e-02
    7.36127496e-01 1.83870584e-01 9.30908918e-01 5.33084512e-01
    1.66754514e-01 1.58152521e-01 8.00666571e-01 8.76546264e-01
    1.21573329e-01 1.84507459e-01 2.66573757e-01 3.75573337e-01
    3.42135787e-01 2.69328237e-01 9.11693633e-01 3.58007848e-02
    6.97475553e-01 8.60418081e-01 8.57345819e-01 9.50170577e-01
    6.98714256e-02 2.11499572e-01 4.72050905e-02 5.00661850e-01
    9.52321649e-01 2.63060629e-01 7.04050183e-01 3.54561120e-01
    5.99157810e-02 2.17396557e-01 3.19403023e-01 8.93793643e-01
    3.82648706e-02 6.72090173e-01 8.94799173e-01 8.09829354e-01
    1.85794473e-01 7.66842842e-01 7.64146328e-01 2.26691306e-01
    4.89112616e-01 9.85061347e-01 6.26844525e-01 8.76200378e-01
    7.38670766e-01 6.77849412e-01 7.06678271e-01 4.59120631e-01
    4.82773006e-01 1.47390366e-03 8.34271073e-01 3.49773467e-01
    9.02676582e-01 6.09547198e-01 4.10988629e-02 7.20680356e-01
    6.34510875e-01 8.43786538e-01 2.44125903e-01 7.38154352e-01
    8.76054645e-01 4.55138832e-01 7.97610223e-01 1.47980273e-01
    9.87461329e-01 9.89541888e-01 9.10522580e-01 6.14807189e-01
    3.59986216e-01 7.24447966e-01 9.26511049e-01 3.44502151e-01
    6.97134137e-01 9.18401480e-02 5.96457779e-01 3.27984691e-02
    1.33292615e-01 4.40065622e-01 8.20569575e-01 9.29286003e-01
    5.43512702e-01 5.33317208e-01 7.54806399e-02 7.12242842e-01
    4.16030824e-01 5.36188841e-01 2.45615870e-01 9.57593322e-02
    8.07025135e-02 9.81289983e-01 3.97307813e-01 3.97662222e-01
    7.86329865e-01 2.34053165e-01 2.69910455e-01 6.23505294e-01
    4.58272874e-01 6.56119347e-01 9.11228418e-01 6.87687695e-02
    7.88029790e-01 1.49837852e-01 6.45503640e-01 5.46644032e-01
    6.65660799e-02 8.27564418e-01 3.64357591e-01 3.66489947e-01
    8.66514921e-01 6.46682024e-01 9.09945846e-01 3.96111935e-01
    8.16130638e-02 2.64722377e-01 2.29288936e-02 3.88882369e-01
    2.35376835e-01 2.36670613e-01 8.64017010e-02 3.90263021e-01
    1.79085910e-01 6.59963608e-01 8.03661108e-01 8.82575870e-01
    8.64522755e-02 9.88291144e-01 6.86529279e-01 2.61173487e-01
    1.46604240e-01 7.43545234e-01 6.21959150e-01 9.85512495e-01
    1.78481430e-01 8.78877759e-01 8.04471195e-01 8.69996727e-01
    1.86040074e-01 5.11684418e-02 7.20593452e-01 7.21072793e-01
    1.57125175e-01 7.32436478e-02 7.91625023e-01 5.53251922e-01
    7.66062260e-01 3.91651809e-01 2.44519919e-01 1.23290926e-01
    9.53341126e-01 5.35899699e-02 5.15938938e-01 2.38919795e-01
    7.92431355e-01 8.64326119e-01 2.94170797e-01 1.96860433e-02
    1.03381872e-02 6.40667796e-01 6.07462049e-01 2.14833796e-01
    8.88476253e-01 6.68529153e-01 9.91197705e-01 9.19801593e-01
    6.72270060e-01 9.63534117e-01 2.66834199e-02 4.35480416e-01
    8.94933939e-02 6.11052692e-01 6.85406923e-01 1.31120354e-01
    8.23079348e-02 4.06929255e-02 5.92289567e-01 2.68072933e-01
    4.70550030e-01 3.27743053e-01 4.64797854e-01 2.65675277e-01
    1.89550221e-01 1.36923581e-01 7.03117251e-03 2.52746582e-01
    2.81935096e-01 4.39227164e-01 6.65392876e-01 8.05566251e-01
    5.64270914e-02 3.32067490e-01 6.60110831e-01 9.91853952e-01
    8.24993491e-01 7.99808621e-01 1.02298468e-01 2.91706681e-01
    7.12721348e-01 5.75399280e-01 8.17258239e-01 5.21379292e-01
    1.76635981e-01 5.09132206e-01 5.17727613e-01 3.90539438e-01
    6.53401136e-01 8.22399974e-01 2.57687002e-01 8.76808763e-01
    4.10033345e-01 3.46290290e-01 3.42610478e-01 7.44259000e-01
    9.42733049e-01 1.58290863e-02 9.76496160e-01 6.10426664e-02
    1.30168527e-01 6.23224795e-01 6.48448467e-02 4.47153360e-01
    1.72585368e-01 1.84723854e-01 9.43042755e-01 9.40465331e-01
    3.19917738e-01 1.52380377e-01 3.04888278e-01 1.45979613e-01
    8.27328742e-01 1.07166469e-01 6.76900208e-01 9.50921834e-01
    8.88244808e-01 4.77333009e-01 7.64621019e-01 2.92519122e-01
    5.75404823e-01 8.01104188e-01 8.91325355e-01 1.16486073e-01
    2.67058730e-01 7.95337200e-01 7.64194131e-01 4.68208790e-02
    1.86319143e-01 3.28060508e-01 4.15077448e-01 8.72285068e-01
    6.89431131e-02 3.87132376e-01 2.21501291e-02 9.12096024e-01
    3.18004578e-01 1.81450546e-02 2.45346785e-01 2.36361206e-01
    2.09527314e-02 6.59340382e-01 9.92947042e-01 4.72695351e-01
    6.17964208e-01 6.52479529e-02 2.47210562e-02 2.39465475e-01
    2.91635931e-01 7.26660132e-01 7.76444018e-01 5.63826561e-01
    4.24981505e-01 7.31486678e-01 6.04769349e-01 4.14109617e-01
    2.32352883e-01 6.08566046e-01 6.90864563e-01 4.31460440e-02
    3.74149501e-01 2.76141107e-01 7.12523997e-01 6.50081575e-01
    7.87396491e-01 6.67851210e-01 7.87043393e-01 6.32336497e-01
    3.07253540e-01 9.53876615e-01 5.64251542e-01 4.44408745e-01
    6.45233631e-01 9.29529071e-02 4.18356478e-01 9.23653364e-01
    7.28443086e-01 9.05158877e-01 3.98056239e-01 4.96725380e-01
    8.07280421e-01 9.12831903e-01 5.50018787e-01 8.04488778e-01
    9.31679249e-01 7.56864429e-01 7.28746474e-01 4.78661090e-01
    6.20674133e-01 8.23160291e-01 7.10524857e-01 7.84518957e-01
    1.35802388e-01 5.84803998e-01 6.36343300e-01 8.93400908e-01
    3.58338654e-01 3.99309367e-01 3.70342880e-01 3.15338075e-02
    9.61311400e-01 9.43632424e-02 1.24937981e-01 6.03216410e-01
    2.39612311e-01 8.87344718e-01 6.47743464e-01 1.24629229e-01
    3.32130969e-01 1.83274239e-01 8.52987170e-03 1.69814706e-01
    3.32398295e-01 7.07753181e-01 3.06284577e-01 5.93279004e-01
    8.56237113e-01 6.88317657e-01 2.14628965e-01 7.37970769e-01
    4.44619358e-02 9.75028276e-01 6.85368061e-01 1.06201410e-01
    6.27129078e-01 3.01374942e-01 5.24390042e-02 6.62102342e-01
    1.52064741e-01 8.68571401e-01 2.07766116e-01 4.07755792e-01
    1.60650283e-01 9.52763081e-01 8.16856146e-01 3.87457073e-01
    6.96598649e-01 6.76754057e-01 4.88646984e-01 5.85073352e-01
    7.24983811e-01 8.41550410e-01 9.24322307e-02 7.77345300e-01
    2.54707754e-01 4.87259835e-01 4.25839245e-01 6.63754582e-01
    6.06340647e-01 5.85408449e-01 2.67909408e-01 8.26541901e-01
    7.44327366e-01 6.24881864e-01 2.39094496e-02 9.05736864e-01
    6.20419204e-01 2.63816833e-01 8.39256287e-01 5.51412225e-01
    7.86462784e-01 9.31223273e-01 4.39594120e-01 9.46202397e-01
    4.28052783e-01 1.43218040e-01 7.64060736e-01 9.05131459e-01
    1.39966697e-01 5.04932940e-01 6.71334505e-01 3.37380171e-01
    6.33498609e-01 2.45539427e-01 3.63540232e-01 9.73901510e-01
    7.23409653e-01 9.65854824e-02 1.09935194e-01 9.54432964e-01
    5.82903147e-01 7.23757744e-01 3.62361729e-01 6.67776704e-01
    5.97462654e-01 4.20999676e-01 6.54403567e-02 8.32010269e-01
    5.95998764e-02 2.82550335e-01 2.41701931e-01 9.61214781e-01
    4.17044878e-01 9.03320312e-03 8.72683764e-01 3.93345356e-01
    4.58303601e-01 5.87429047e-01 1.12401605e-01 6.53683841e-01
    8.54194522e-01 5.09070933e-01 9.08739865e-01 5.01670480e-01
    1.82963252e-01 7.46930599e-01 6.60493791e-01 9.20947194e-01
    1.82059705e-02 2.15416759e-01 5.30907929e-01 3.79552126e-01
    3.26692462e-02 2.32048035e-02 6.31408453e-01 1.43907756e-01
    7.88345575e-01 3.67590666e-01 8.89421940e-01 7.69959509e-01
    9.77349222e-01 5.74509382e-01 5.72654366e-01 9.47711587e-01
    5.46090722e-01 5.08275032e-01 3.40853155e-01 1.88080132e-01
    8.56980324e-01 5.28294981e-01 6.18983150e-01 4.40200120e-01
    1.93854928e-01 7.06891418e-01 9.20311213e-02 2.37062603e-01
    3.51739675e-01 4.33301270e-01 7.24880755e-01 1.92379415e-01
    3.08030725e-01 8.37084711e-01 7.51297593e-01 2.34751821e-01
    9.31226254e-01 7.98310637e-01 1.86660677e-01 1.56137645e-02
    7.70379543e-01 4.89394963e-01 2.05030382e-01 2.55345404e-01
    1.74933404e-01 1.77040756e-01 9.90945816e-01 6.98544979e-01
    2.53040314e-01 4.50605661e-01 2.99607754e-01 3.10512185e-01
    1.69115990e-01 4.44014668e-02 8.33817720e-01 7.13684320e-01
    5.88623762e-01 2.08797157e-02 8.35597992e-01 4.01605725e-01
    9.73230958e-01 9.96480465e-01 9.27951932e-01 2.47709930e-01
    3.18377912e-02 4.76305574e-01 7.23080754e-01 7.85432458e-01
    3.60305965e-01 7.13840902e-01 1.36600137e-02 8.79442692e-03
    3.64040524e-01 3.47716570e-01 5.41409373e-01 3.93797100e-01
    3.79275680e-02 5.64768791e-01 2.58242786e-02 4.33534235e-01
    2.03795850e-01 8.36064219e-01 8.31556141e-01 1.53903782e-01
    1.81609899e-01 5.07987857e-01 2.96556711e-01 8.22763741e-02
    6.11100733e-01 9.65971947e-02 2.61726856e-01 5.20071805e-01
    1.74054146e-01 1.01071656e-01 7.18411446e-01 7.53698349e-01
    6.16510808e-02 7.65768886e-01 8.61703157e-02 9.45363939e-02
    5.70060968e-01 3.74461114e-02 7.36863494e-01 9.01205182e-01
    5.80440998e-01 3.34990054e-01 1.08413398e-02 8.62150908e-01
    1.67401344e-01 9.39920783e-01 6.25815988e-01 3.76449317e-01
    9.50662971e-01 3.39372754e-01 1.86973095e-01 8.75193000e-01
    9.02644575e-01 5.49532831e-01 8.57337832e-01 1.06908649e-01
    8.11182737e-01 3.86707723e-01 1.02954715e-01 5.65547705e-01
    9.74948168e-01 6.47186935e-01 2.32497901e-01 8.94074321e-01
    8.63208055e-01 5.15192747e-03 4.05762732e-01 2.45817482e-01
    2.19868004e-01 2.22274899e-01 8.83328199e-01 3.37645233e-01
    5.14397979e-01 6.04470611e-01 2.39122957e-01 6.90398812e-01
    5.02669692e-01 4.23871458e-01 4.30041581e-01 5.28837085e-01
    3.54505152e-01 2.67814219e-01 4.51380819e-01 9.31994557e-01
    3.35568905e-01 5.75037122e-01 5.19227982e-01 5.31386018e-01
    1.69174254e-01 3.55010092e-01 6.57263458e-01 1.03738904e-02
    9.68656480e-01 4.33156610e-01 8.71055245e-01 8.27913165e-01
    7.60010421e-01 5.25071740e-01 9.71555591e-01 2.54121929e-01
    3.33777010e-01 5.61935246e-01 5.45366287e-01 4.68205929e-01
    8.20148349e-01 7.67549098e-01 8.26575160e-01 3.33845556e-01
    5.30989051e-01 9.10716116e-01 4.15343106e-01 1.26304328e-02
    6.26108050e-01 6.79005086e-01 6.20857179e-01 1.70026094e-01
    3.28404605e-01 7.64185309e-01 9.47825432e-01 7.51494527e-01
    6.65866971e-01 1.02032721e-01 6.68653607e-01 8.63010049e-01
    5.14069438e-01 8.94064665e-01 9.94633377e-01 3.65309000e-01
    5.88993430e-01 3.90955597e-01 4.08866376e-01 2.60447741e-01
    4.12852466e-02 5.21750689e-01 9.17595029e-01 4.28285569e-01
    5.00065804e-01 7.55389333e-01 4.88981187e-01 2.24634945e-01
    7.91049838e-01 2.51569629e-01 8.02263379e-01 9.97343063e-01
    4.92904842e-01 1.33420646e-01 6.81140423e-01 5.88999033e-01
    7.90392756e-01 9.21579182e-01 4.41065401e-01 9.10481513e-02
    1.78027898e-01 1.06443942e-01 6.41763389e-01 1.69802815e-01
    5.19650042e-01 2.46156335e-01 5.39912224e-01 4.08014178e-01
    3.65073860e-01 6.41170621e-01 4.13839132e-01 7.86393702e-01
    4.60934788e-01 1.21069938e-01 8.79820287e-02 5.77728212e-01
    7.26195455e-01 4.55014735e-01 8.06306720e-01 3.94672543e-01
    3.87087762e-01 3.99374723e-01 4.42824870e-01 9.69432235e-01
    7.64257073e-01 9.89983797e-01 9.26496208e-01 7.70670533e-01
    7.52839923e-01 7.39540100e-01 8.14754963e-01 2.76455283e-03
    1.85141951e-01 8.73941362e-01 5.67319036e-01 2.60954648e-01
    2.22583771e-01 8.92309785e-01 8.77307057e-01 6.41885102e-02
    6.17418945e-01 4.28803056e-01 5.22287667e-01 3.00296426e-01
    6.92995071e-01 9.82704759e-01 5.70501387e-01 4.20862615e-01
    7.93474793e-01 6.75387681e-02 7.94264555e-01 3.05012494e-01
    3.22265506e-01 9.32039857e-01 8.77333879e-01 1.29938304e-01
    5.25807142e-01 2.19120204e-01 4.05445397e-02 7.08010197e-02
    8.55340660e-01 5.97314835e-01 2.66015470e-01 9.25892591e-03
    8.59141111e-01 4.07655537e-01 5.01107812e-01 8.50594997e-01
    4.37978774e-01 8.58938575e-01 3.08967888e-01 5.15108168e-01
    2.14460492e-01 4.76804078e-02 8.92335474e-02 5.87831140e-01
    9.78482068e-01 4.34369147e-02 7.23029673e-01 1.63541436e-01
    4.92126375e-01 7.83704042e-01 4.25990045e-01 6.06787801e-02
    9.04816687e-02 6.92025423e-01 1.04379922e-01 1.33321583e-01
    8.13206673e-01 6.30306482e-01 5.23150265e-01 1.97493732e-01
    3.48885059e-02 9.23700452e-01 6.32735789e-01 9.67082977e-01
    9.99030232e-01 1.49597287e-01 3.04491431e-01 3.16203117e-01
    3.03639054e-01 2.82398164e-02 4.05855805e-01 9.63926435e-01
    1.74452662e-01 5.62043548e-01 6.49812460e-01 7.93227851e-01
    3.67325187e-01 2.70945311e-01 7.00446784e-01 3.10457915e-01
    1.12826943e-01 1.13777637e-01 8.86227608e-01 6.65170789e-01
    2.36963719e-01 9.50523078e-01 4.56406474e-02 8.68285894e-02
    8.24998617e-01 4.58479434e-01 4.09710169e-01 1.53957456e-01
    6.19679451e-01 9.65145946e-01 2.55606383e-01 9.58858669e-01
    9.27439928e-02 5.63581884e-01 8.56403708e-01 2.30207771e-01
    2.54884124e-01 8.95002484e-01 2.88625062e-01 7.52233028e-01
    7.92929828e-01 3.81247759e-01 6.68976963e-01 8.46288681e-01
    5.47656238e-01 8.74705315e-02 4.42592114e-01 2.84388006e-01
    8.84533584e-01 6.21591926e-01 3.23871195e-01 4.68548059e-01
    1.62030101e-01 3.68173301e-01 3.16453725e-01 4.50087667e-01
    9.76104975e-01 2.54629850e-02 2.48124599e-01 1.69723064e-01
    4.47475016e-01 5.95618665e-01 5.05276620e-02 7.85670400e-01
    8.72468054e-02 3.47387969e-01 3.77565384e-01 9.30240393e-01
    6.16567314e-01 6.36946797e-01 5.88702679e-01 7.44490623e-01
    3.11034441e-01 1.45522863e-01 7.38593161e-01 6.81152582e-01
    2.66638398e-01 4.43326592e-01 8.44653547e-02 6.80411398e-01
    8.13975573e-01 5.41444480e-01 2.10436285e-02 6.72553778e-01
    6.01451397e-01 2.71098912e-01 4.62394029e-01 3.25872898e-02
    2.52365410e-01 8.42008114e-01 8.68858814e-01 6.76548958e-01
    6.44330740e-01 2.63589412e-01 4.27855432e-01 4.18971121e-01
    6.14062071e-01 7.57338524e-01 1.44529313e-01 8.77989531e-02
    9.29741800e-01 8.75100136e-01 7.06975937e-01 2.75104851e-01
    2.67513812e-01 8.66643310e-01 4.34219241e-01 1.02415204e-01
    9.30076718e-01 4.83070940e-01 8.08763504e-01 1.45480186e-01
    5.78928590e-02 1.56024247e-01 8.90537381e-01 5.44961095e-01
    6.63152397e-01 3.80861580e-01 4.59964216e-01 7.62839198e-01
    6.77649260e-01 6.02410078e-01 5.99562764e-01 8.00761938e-01
    4.99478877e-01 1.01898193e-01 8.43256712e-01 9.44787741e-01
    9.50577021e-01 4.19512212e-01 2.71177679e-01 2.82612026e-01
    7.78578162e-01 6.26367688e-01 9.87654686e-01 3.50841880e-01
    8.52287173e-01 2.25218743e-01 7.05206990e-01 8.02762270e-01
    8.29576373e-01 4.44581211e-02 9.74211812e-01 1.73566759e-01
    5.72154999e-01 1.83066189e-01 1.57847673e-01 9.24741745e-01
    2.83588678e-01 3.91441703e-01 9.10589218e-01 4.00925964e-01
    9.33622360e-01 1.55422390e-02 4.58274484e-01 5.08971035e-01
    2.97291636e-01 6.89069092e-01 4.71348494e-01 9.23326492e-01
    7.62114108e-01 7.70971715e-01 4.70120311e-01 8.88438046e-01
    8.05621743e-01 7.02092946e-01 6.07525289e-01 4.71799552e-01
    5.05320787e-01 1.88248366e-01 7.59017587e-01 8.21401477e-01
    6.37632608e-02 1.46038651e-01 8.46224666e-01 4.12976950e-01
    7.73746669e-01 2.64967203e-01 7.91399002e-01 1.58923388e-01
    4.68775123e-01 1.01782024e-01 7.48882473e-01 8.13420892e-01
    1.48421973e-01 1.81555063e-01 8.86464238e-01 4.85023826e-01
    9.61136818e-01 6.00666642e-01 3.71978790e-01 1.44108742e-01
    4.31770980e-01 2.39755392e-01 7.93984532e-01 4.15182710e-02
    5.06323218e-01 4.16612893e-01 4.43265408e-01 1.54916644e-01
    9.32976484e-01 6.64329052e-01 8.47227097e-01 5.30237138e-01
    8.05432498e-02 4.10468131e-01 1.20236427e-01 5.62147439e-01
    7.17784345e-01 1.46291167e-01 4.88494247e-01 8.25210929e-01
    5.44325829e-01 2.04189718e-02 3.52679074e-01 6.59849524e-01
    7.55935490e-01 9.65042174e-01 9.75715041e-01 2.65836328e-01
    5.92482746e-01 4.88901198e-01 8.72981071e-01 4.27728146e-01
    9.15057123e-01 2.63763726e-01 7.49873638e-01 7.54869699e-01
    4.43571985e-01 4.94651079e-01 5.86928964e-01 2.60128856e-01
    4.97103870e-01 7.53085434e-01 6.01375759e-01 5.29494762e-01
    8.36109877e-01 6.86322331e-01 3.37641954e-01 1.89609498e-01
    5.70980966e-01 5.78514338e-01 8.84745836e-01 8.63446295e-02
    6.65748179e-01 5.89322925e-01 5.30726671e-01 8.64946008e-01
    4.02580947e-01 1.91679776e-01 1.23873562e-01 1.80747569e-01
    6.46359682e-01 4.72100973e-02 1.14846677e-01 1.97713792e-01
    3.10624242e-01 9.91603136e-01 9.62075949e-01 5.09837508e-01
    9.45348918e-01 7.03540802e-01 2.57359952e-01 3.13006938e-02
    3.76543224e-01 1.70943975e-01 5.52184582e-02 7.86498606e-01
    6.86602890e-01 5.85747719e-01 6.21692300e-01 1.22695416e-01
    8.00702572e-01 5.79930544e-01 5.05670547e-01 6.03775442e-01
    6.22579932e-01 3.79813612e-01 7.28613019e-01 6.06381476e-01
    5.65207422e-01 3.57883871e-02 4.05407041e-01 6.00706577e-01
    7.25066245e-01 9.94221807e-01 6.05344772e-04 8.66603434e-01
    9.52298045e-01 2.99151361e-01 7.93601990e-01 4.28023756e-01
    1.39742941e-01 4.87057865e-02 5.04445970e-01 4.37616289e-01
    3.21329474e-01 3.71415019e-01 8.13514888e-02 6.88948393e-01
    6.17625356e-01 1.44180655e-03 7.50896573e-01 1.71469510e-01
    2.16775626e-01 3.05671513e-01 1.62974954e-01 3.94231021e-01
    9.02663946e-01 1.63744748e-01 4.87787157e-01 4.74807382e-01
    2.78616190e-01 7.24145651e-01 4.83748347e-01 6.41360283e-02
    3.79088521e-02 4.08286512e-01 6.98834777e-01 2.13599443e-01
    7.19514072e-01 2.14235723e-01 4.66335505e-01 4.70839053e-01
    2.77613789e-01 8.06811452e-01 2.75275826e-01 3.74905676e-01
    1.35988712e-01 3.53468776e-01 6.24562621e-01 4.08115804e-01
    3.41082990e-01 9.59624052e-02 6.11316502e-01 1.06735557e-01
    1.43180490e-02 7.38641560e-01 3.04413736e-02 6.99161768e-01
    7.83414006e-01 8.97446871e-01 3.23074251e-01 5.28861225e-01
    8.92846227e-01 7.44143188e-01 4.69369560e-01 9.12476122e-01
    7.56161690e-01 9.90660608e-01 8.33758950e-01 4.01275218e-01
    7.00417936e-01 4.47294801e-01 9.61152136e-01 1.68597400e-02
    3.04215968e-01 8.20568562e-01 4.05042470e-02 2.42795914e-01
    1.15965724e-01 2.28510737e-01 8.20456147e-01 1.34203702e-01
    9.00444090e-02 8.17816675e-01 7.06897199e-01 1.65014207e-01
    3.95509601e-01 8.53475928e-01 9.50878263e-01 9.18615162e-02
    2.15221852e-01 7.84015298e-01 2.74696350e-02 4.74397421e-01
    4.10936922e-01 1.58820480e-01 8.81069899e-01 4.71392810e-01
    3.26272130e-01 9.47793305e-01 4.72085953e-01 3.34884584e-01
    6.49652302e-01 5.94853699e-01 7.55656183e-01 9.58921671e-01
    3.56665730e-01 9.61872160e-01 3.91310543e-01 5.92473149e-01
    3.82114828e-01 9.58070874e-01 1.49277449e-02 4.28497791e-02
    7.55267441e-01 3.63015711e-01 3.31843913e-01 7.99514234e-01
    8.22950482e-01 3.44751060e-01 1.11191601e-01 3.67981136e-01
    5.65452516e-01 2.32112616e-01 9.01969671e-01 1.10526800e-01
    2.76618272e-01 9.89548385e-01 9.38937664e-01 7.61868477e-01
    2.82242060e-01 6.75565302e-02 6.89781308e-01 3.31881702e-01
    1.25544429e-01 9.69139218e-01 3.79981637e-01 5.47601879e-01
    9.08400297e-01 5.70816636e-01 5.41137159e-01 7.10751414e-01
    3.82296234e-01 2.05575585e-01 5.38537860e-01 9.44609880e-01
    1.32974148e-01 9.45635855e-01 5.56913018e-03 4.13622618e-01
    2.28857219e-01 4.08488095e-01 4.67028707e-01 7.59875178e-01
    6.30657136e-01 4.19369936e-02 1.44236684e-02 6.43117011e-01
    1.57732308e-01 7.06821978e-01 2.29816318e-01 4.79024351e-01
    4.35202420e-02 5.71468532e-01 9.38991964e-01 1.67503595e-01
    8.72270465e-01 7.45697618e-01 5.59636235e-01 4.18241978e-01
    9.11255479e-02 6.46204948e-02 9.94923711e-02 6.77431941e-01
    3.77816170e-01 8.34201932e-01 3.09925914e-01 5.15615582e-01
    5.32711804e-01 7.33114183e-01 8.62995028e-01 3.27533543e-01
    5.76570630e-02 9.27113891e-01 9.16637063e-01 4.38159525e-01
    6.95527852e-01 7.46969819e-01 5.39927483e-02 7.78921127e-01
    6.44464850e-01 8.30304027e-02 6.99056864e-01 1.07564300e-01
    3.97776067e-02 3.92917216e-01 7.11807489e-01 5.20214438e-03
    2.00577378e-01 1.91849560e-01 1.70835584e-01 4.54405069e-01
    2.17076987e-01 2.29153395e-01 7.18385279e-01 5.11764228e-01
    1.73504263e-01 1.76126003e-01 8.45398068e-01 6.59821510e-01
    7.98833966e-01 1.08663440e-02 2.42797166e-01 4.69294220e-01
    9.02415216e-02 8.20301056e-01 7.64285982e-01 4.45913494e-01
    5.98301947e-01 6.18230700e-02 4.12318885e-01 2.09338844e-01
    9.36846375e-01 5.71064949e-01 4.84687179e-01 1.83107615e-01
    9.46500540e-01 8.19837511e-01 6.99583769e-01 2.88569689e-01
    2.94120550e-01 5.80300331e-01 6.11884713e-01 7.48279512e-01
    9.91816044e-01 6.47048891e-01 6.14724457e-01 1.83864534e-01
    8.62975001e-01 7.80677021e-01 7.38819838e-02 7.59621203e-01
    7.53752410e-01 7.07596540e-01 3.71753514e-01 2.11515635e-01
    8.86451304e-01 6.59329116e-01 1.00137651e-01 4.92384136e-01
    5.18843651e-01 4.31568027e-02 2.04975605e-02 7.28178859e-01
    5.15665829e-01 9.12409723e-02 3.10996830e-01 3.04940224e-01
    3.00168127e-01 3.61125857e-01 2.33281583e-01 7.02144146e-01
    1.10580146e-01 2.95612454e-01 3.53680193e-01 9.74937558e-01
    9.15812969e-01 3.39199483e-01 6.95981205e-01 6.33554697e-01
    1.07032955e-01 9.74679887e-02 3.52099836e-02 4.34167117e-01
    5.83920300e-01 2.08325177e-01 5.41837096e-01 7.40088999e-01
    8.06946576e-01 5.27393281e-01 1.36314988e-01 3.45165312e-01
    1.78732991e-01 6.66354656e-01 3.60268623e-01 5.64038396e-01
    2.77329147e-01 4.90623146e-01 6.58857167e-01 4.52051520e-01
    3.94561172e-01 8.47923040e-01 1.20523274e-01 7.96566367e-01
    6.96750879e-01 3.19310129e-02 2.56095946e-01 8.77757072e-01
    6.19801879e-01 8.82230341e-01 8.73947024e-01 3.43146026e-01
    4.09181297e-01 6.48907781e-01 5.87666631e-01 5.86410880e-01
    5.59634626e-01 3.06567460e-01 2.79987395e-01 3.80136371e-01
    5.11065483e-01 2.50731409e-02 4.27735001e-01 2.35622227e-01
    3.61832261e-01 9.33491945e-01 1.25114560e-01 9.73923504e-02
    1.44869894e-01 1.39479786e-01 3.84885758e-01 6.06428504e-01
    1.03007942e-01 3.15812111e-01 9.08885300e-02 1.50829345e-01
    2.39475906e-01 1.39806390e-01 9.55493808e-01 2.71742284e-01
    5.13617575e-01 9.21954393e-01 5.65775931e-02 5.27675092e-01
    5.07572770e-01 3.99482250e-02 5.19077361e-01 9.18403983e-01
    2.53404677e-01 3.13703418e-02 4.27233368e-01 4.89181876e-01
    8.04317117e-01 9.49407518e-01 8.46561015e-01 6.71775281e-01
    7.05384135e-01 3.27731282e-01 6.68740690e-01 7.69952536e-02
    2.18553066e-01 7.00334609e-02 4.95006830e-01 3.59774232e-01
    1.81574404e-01 6.52542889e-01 2.40800977e-02 7.65680552e-01
    1.03323162e-02 7.63670683e-01 5.11272550e-01 2.82159746e-02
    5.36935806e-01 4.01407033e-01 3.23409021e-01 6.00004137e-01
    4.10381258e-01 7.08777785e-01 8.34408998e-01 6.89386368e-01
    5.13295829e-02 7.00239182e-01 3.89239013e-01 7.99216986e-01
    2.59012818e-01 8.99957418e-02 6.17977381e-01 1.10003650e-01
    2.89249003e-01 6.48582458e-01 7.41968632e-01 4.37898755e-01
    9.50258315e-01 2.58767724e-01 7.85353422e-01 4.34495509e-02
    4.19675142e-01 8.26687098e-01 6.93133414e-01 4.90448385e-01
    5.10271549e-01 4.24900323e-01 4.10638928e-01 3.90155017e-01
    5.62096179e-01 5.23782849e-01 2.94630021e-01 4.22482759e-01
    9.20140922e-01 3.44844729e-01 6.48418188e-01 9.57695842e-02
    4.82652307e-01 4.91331995e-01 3.47940862e-01 4.65570629e-01
    3.63184422e-01 4.68550026e-02 6.42144620e-01 3.96366507e-01
    2.52551496e-01 9.74545240e-01 9.93682384e-01 6.61851466e-01
    9.85682607e-01 2.20248103e-03 1.02283955e-01 6.80019081e-01
    4.90379304e-01 7.34042466e-01 1.42150819e-01 5.12836039e-01
    1.72359496e-01 9.18447614e-01 3.46386224e-01 6.31038010e-01
    7.77473569e-01 6.20218873e-01 6.06035709e-01 4.34126437e-01
    7.83676922e-01 6.46250010e-01 7.01625645e-01 7.79632628e-02
    1.76067233e-01 6.14253700e-01 2.05024004e-01 8.51073265e-01
    5.05811453e-01 3.85876119e-01 3.75092626e-01 6.14621580e-01
    6.17877007e-01 8.34343910e-01 1.61392272e-01 7.68370390e-01
    5.42920589e-01 1.22446924e-01 3.97311121e-01 5.48497498e-01
    1.27996504e-02 6.45163536e-01 3.11011076e-03 2.66206861e-02
    8.99246097e-01 4.24639076e-01 2.17956901e-02 1.99470848e-01
    9.99788165e-01 1.87567860e-01 3.62895161e-01 3.63017499e-01
    1.27701163e-02 8.96167278e-01 5.55909276e-02 9.85173225e-01
    1.15057826e-01 6.11926794e-01 4.90055382e-02 3.50070208e-01
    6.89765513e-01 2.65072644e-01 4.83555168e-01 1.00319088e-01
    1.52581275e-01 2.19851226e-01 7.62839198e-01 6.29175603e-01
    3.32842171e-01 5.48508763e-03 7.87899971e-01 4.39457238e-01
    1.53467417e-01 9.34013605e-01 2.96837628e-01 6.72925115e-01
    7.21713662e-01 3.27210337e-01 6.77736998e-01 9.00084972e-01
    3.34859759e-01 8.66323709e-02 4.44152653e-01 6.48833215e-01
    6.90076470e-01 4.33031440e-01 2.05187708e-01 8.74460220e-01
    5.04131377e-01 4.10303831e-01 9.78292942e-01 9.48182821e-01
    9.62556779e-01 1.06302381e-01 5.21768808e-01 7.09466159e-01
    8.06058466e-01 7.28792250e-01 4.75667685e-01 8.32073927e-01
    7.17811465e-01 8.56991410e-01 4.91520256e-01 6.50766253e-01
    1.12823963e-01 7.88983524e-01 6.36433482e-01 9.55966473e-01
    3.50892335e-01 3.29649717e-01 7.08677471e-02 8.71882141e-02
    1.67701423e-01 2.71771371e-01 5.51290274e-01 5.43550193e-01
    7.92499900e-01 7.79636621e-01 3.32734019e-01 3.86986107e-01
    3.82152796e-01 7.57718563e-01 8.62890184e-01 5.85232079e-02
    6.70573831e-01 9.23776329e-02 6.52647734e-01 6.28805220e-01
    7.29859054e-01 8.75565290e-01 3.95671695e-01 2.67608523e-01
    3.37669730e-01 2.86617458e-01 2.29893535e-01 4.80384946e-01
    9.71411586e-01 1.16317809e-01 4.16465849e-01 7.09479272e-01
    2.96164572e-01 3.48498404e-01 7.36560464e-01 4.12144125e-01
    5.52103996e-01 6.50895059e-01 5.51404178e-01 4.79295284e-01
    5.10632515e-01 1.51354551e-01 6.00032806e-01 3.70472908e-01
    4.98211473e-01 3.12482417e-01 7.31214583e-01 6.91142678e-01
    1.85360253e-01 1.84018195e-01 4.68052328e-01 1.49482757e-01
    1.37781680e-01 5.51171184e-01 4.87583965e-01 7.65839636e-01
    5.28098583e-01 9.61980820e-02 8.52319956e-01 9.84486043e-02
    6.27376080e-01 7.02615261e-01 1.37098134e-01 4.33337986e-01
    6.47054195e-01 1.37612134e-01 4.79753971e-01 4.62539971e-01
    9.79540169e-01 2.55888760e-01 6.25776350e-02 6.36679709e-01
    3.54610533e-01 5.02032578e-01 5.14008880e-01 4.59226340e-01
    1.50800496e-01 8.16421390e-01 8.24758470e-01 8.23804438e-02
    1.56154335e-02 7.54278064e-01 1.58072531e-01 4.16976571e-01
    7.15179980e-01 6.39317453e-01 7.37213850e-01 4.86221343e-01
    5.99863112e-01 3.71519685e-01 4.20319557e-01 4.11504507e-03
    9.43122625e-01 5.28369069e-01 9.25724745e-01 8.11548710e-01
    8.06995034e-01 4.48623747e-01 8.76139104e-01 6.32929802e-01
    3.58983636e-01 5.34345210e-02 8.83000612e-01 3.36355984e-01
    8.17326546e-01 9.17056680e-01 4.06753898e-01 2.19310969e-01
    9.00266051e-01 6.94251180e-01 3.21020961e-01 8.92503083e-01
    1.99934363e-01 7.29379952e-02 9.93072331e-01 5.62840700e-03
    7.65330434e-01 4.71355438e-01 5.72400689e-02 9.13085580e-01
    2.37754941e-01 5.40042818e-02 8.03011417e-01 2.49421567e-01
    8.95298123e-01 6.75102174e-02 8.64930749e-01 9.95822430e-01
    1.37631148e-01 7.51542151e-02 7.76797831e-02 9.58680212e-01
    5.60654044e-01 7.87074804e-01 8.33170295e-01 5.24765849e-01
    4.83891964e-01 5.05242765e-01 2.05537200e-01 5.34609377e-01
    3.98111671e-01 2.57266104e-01 3.05728495e-01 3.06263208e-01
    8.63011003e-01 5.77567220e-02 7.15091944e-01 8.22706580e-01
    8.79663587e-01 3.05299699e-01 8.53669167e-01 7.56124854e-01
    7.67694116e-01 9.73390222e-01 8.24142814e-01 1.16576552e-01
    5.81724644e-01 9.94005620e-01 1.43787265e-02 3.57402384e-01
    4.39307451e-01 8.97067189e-01 2.30946273e-01 4.83908325e-01
    6.67529106e-02 9.16781247e-01 9.52606499e-01 3.08497548e-01
    9.36848402e-01 1.98815167e-02 4.72343475e-01 6.34952307e-01
    7.30746388e-01 8.83137822e-01 2.56341159e-01 6.52845681e-01
    2.33974367e-01 5.34158111e-01 7.45919764e-01 8.11873674e-01
    2.14188427e-01 5.24104536e-02 2.15703964e-01 7.11175084e-01
    8.05230021e-01 4.81004298e-01 3.62245888e-01 7.89499402e-01
    1.68490350e-01 9.78265941e-01 5.20363152e-01 7.37920105e-02
    1.39834613e-01 2.80044585e-01 9.17884529e-01 8.64360929e-02
    7.38552272e-01 5.23250401e-01 8.52842152e-01 9.89653230e-01
    6.39167547e-01 2.16987640e-01 6.41484976e-01 7.40477800e-01
    2.75036931e-01 6.37331247e-01 7.06561983e-01 2.49020815e-01
    7.26951480e-01 2.42844850e-01 7.63142586e-01 6.53247952e-01
    4.17000949e-01 2.83426672e-01 5.46052992e-01 5.86408377e-01
    2.68615246e-01 4.78992641e-01 8.27570856e-02 7.81961918e-01
    8.15080047e-01 2.72746772e-01 7.45136261e-01 5.14546275e-01
    8.32137048e-01 9.69839692e-01 8.31897616e-01 6.28111243e-01
    6.75666094e-01 2.85133809e-01 2.38073617e-01 4.76331979e-01
    4.59989429e-01 1.06458843e-01 2.39719152e-01 2.09252954e-01
    4.53906268e-01 8.07442427e-01 7.16203928e-01 1.12872154e-01
    1.63521588e-01 2.65627861e-01 1.64917409e-02 9.16692972e-01
    2.64149398e-01 1.82221442e-01 2.82774448e-01 6.26492441e-01
    5.31412125e-01 2.38973081e-01 2.28844821e-01 6.44442677e-01
    4.95787442e-01 4.62580651e-01 4.67109382e-02 4.30077255e-01
    3.24387550e-01 1.33240908e-01 8.32664490e-01 4.17503685e-01
    9.73681152e-01 8.95654321e-01 9.16031718e-01 9.69871700e-01
    2.08225727e-01 7.87214756e-01 4.74198729e-01 5.75491190e-01
    8.77341330e-01 1.91720903e-01 2.19036162e-01 7.76605487e-01
    1.04637712e-01 8.94171596e-01 4.39519644e-01 7.10232139e-01
    5.18026888e-01 2.34043747e-01 6.85088336e-02 1.44397914e-01
    5.78700602e-02 4.76357967e-01 3.32524419e-01 9.94348288e-01
    7.67815113e-01 1.78262860e-01 6.08177900e-01 1.13073885e-01
    4.61564064e-02 8.02515388e-01 9.77446556e-01 4.56457496e-01
    1.47126228e-01 1.21427119e-01 4.35972869e-01 7.73135066e-01
    5.53479016e-01 3.01410913e-01 6.53546512e-01 7.07051992e-01
    5.85580826e-01 8.30138147e-01 6.91688538e-01 3.63711417e-01
    1.01372421e-01 8.62074852e-01 8.61686945e-01 4.55439419e-01
    3.05443645e-01 6.19596779e-01 8.01748633e-01 4.65703607e-01
    4.19237375e-01 3.97316545e-01 6.55242801e-02 7.68611789e-01
    9.43233728e-01 2.91899741e-01 9.13684607e-01 4.13365066e-01
    5.73142827e-01 3.40107441e-01 4.34301287e-01 2.68646240e-01
    8.76765966e-01 7.62094021e-01 3.44180971e-01 5.90213299e-01
    2.78999627e-01 4.68828052e-01 6.35186613e-01 9.08374071e-01
    7.41182446e-01 7.47365415e-01 4.81372356e-01 5.41522503e-02
    2.20756531e-02 3.56872588e-01 5.50131798e-01 7.81607866e-01
    5.54032266e-01 4.27509069e-01 5.63996553e-01 7.41169274e-01
    7.24337518e-01 7.89647698e-01 4.14701283e-01 1.41198069e-01
    6.94694519e-01 4.82657522e-01 4.64341372e-01 8.91002774e-01
    5.41200638e-01 1.12203181e-01 8.47398281e-01 6.06161296e-01
    7.84720361e-01 4.15227801e-01 5.06302476e-01 2.78030843e-01
    7.28161156e-01 7.86504745e-02 6.91379249e-01 4.17131662e-01
    1.98966354e-01 6.86337113e-01 6.59268200e-02 3.70150089e-01
    9.82065797e-01 4.79843318e-02 9.19077635e-01 9.25745130e-01
    1.49211735e-01 5.09185791e-01 9.03630376e-01 5.74071407e-01
    6.89259171e-02 5.44789016e-01 5.15408993e-01 6.24219000e-01
    3.64784479e-01 3.65323901e-01 3.33701551e-01 7.78591275e-01
    5.47353745e-01 8.19628417e-01 3.20626616e-01 5.89085758e-01
    9.90306139e-02 2.33272254e-01 6.06960297e-01 3.03480387e-01
    3.04899812e-01 2.95581043e-01 9.93064761e-01 8.06649148e-01
    1.19475424e-02 3.16598117e-01 2.60122865e-01 1.06394410e-01
    9.01079834e-01 8.29190016e-01 5.59419632e-01 4.94786352e-01
    9.42902803e-01 2.25399941e-01 7.22819448e-01 6.47609115e-01
    5.61332405e-01 2.35281348e-01 7.58567452e-02 1.75965905e-01
    4.71788943e-01 3.76539767e-01 9.64459896e-01 2.06464559e-01
    1.29806608e-01 5.80769181e-01 6.28685772e-01 7.95587003e-01
    7.03480840e-01 8.68787646e-01 8.82586539e-02 9.51590538e-01
    8.07207227e-01 4.47105825e-01 7.28330851e-01 3.56976449e-01
    8.08452129e-01 9.88435030e-01 8.96412849e-01 2.23683298e-01
    3.20265532e-01 2.62564838e-01 6.96726263e-01 8.91191721e-01
    2.46992737e-01 3.56992483e-01 1.56734407e-01 4.22698349e-01
    5.25665581e-01 3.21424484e-01 7.72127509e-02 8.46518040e-01
    9.97313142e-01 9.05683458e-01 4.98316318e-01 9.60756242e-02
    5.91388345e-02 3.14205766e-01 6.68982863e-02 9.02324736e-01
    5.75693548e-02 4.37286854e-01 2.83821344e-01 9.60876942e-01
    6.63536668e-01 3.34993631e-01 5.84992886e-01 1.58533037e-01
    6.70896769e-02 4.77801830e-01 7.48124242e-01 5.19081652e-01
    2.50995278e-01 4.04429793e-01 1.73226506e-01 5.66010356e-01
    8.93609285e-01 3.16784084e-01 4.61550951e-01 8.88342857e-01
    8.23751509e-01 4.77219015e-01 4.29460257e-01 6.90001965e-01
    5.33065081e-01 1.81637675e-01 5.32126427e-01 1.33202672e-02
    5.15226245e-01 9.81633306e-01 9.31094050e-01 9.51684713e-02
    9.93794918e-01 5.91444373e-01 4.23098147e-01 8.18087459e-01
    3.50796998e-01 9.69438076e-01 3.03028464e-01 4.07731324e-01
    6.40136361e-01 5.85865855e-01 8.74766111e-01 6.10915065e-01
    6.01894379e-01 9.53854263e-01 3.95122975e-01 2.56937325e-01
    8.48951161e-01 5.33455610e-01 9.79293764e-01 2.08247960e-01
    4.55831766e-01 1.68088853e-01 8.19269121e-01 1.77463531e-01
    2.43191212e-01 2.45117575e-01 6.84039116e-01 6.76269829e-01
    4.19583023e-01 7.66200781e-01 2.78023452e-01 4.88484949e-01
    6.01127863e-01 3.64725202e-01 1.60358816e-01 7.28406847e-01
    6.82392955e-01 4.59861010e-01 8.29746425e-02 1.88425392e-01
    7.67829180e-01 8.02570462e-01 1.29139543e-01 6.33602619e-01
    9.89800572e-01 5.35658479e-01 4.05048728e-01 1.53275400e-01
    6.95490479e-01 1.61165565e-01 2.90856421e-01 8.05426717e-01
    4.17407334e-01 8.76872838e-01 8.31103921e-01 4.03286546e-01
    6.28540218e-02 3.76748234e-01 7.79592991e-01 5.60938239e-01
    8.04220140e-01 8.32600236e-01 6.02916539e-01 8.30247879e-01
    3.10953856e-02 9.67263818e-01 6.45069599e-01 8.54657710e-01
    9.12122548e-01 2.15323895e-01 8.54623020e-02 1.43575341e-01
    3.96318734e-01 6.45475030e-01 2.47897804e-02 7.75840163e-01
    7.27070212e-01 6.47021174e-01 9.49809313e-01 7.05585659e-01
    5.65711558e-02 4.23772663e-01 8.06203783e-01 2.04841912e-01
    4.51957107e-01 6.58515632e-01 3.02986085e-01 7.54929900e-01
    7.95083642e-01 5.28749764e-01 6.01152480e-01 1.45807236e-01
    2.23423660e-01 4.47781175e-01 2.28339404e-01 3.72800887e-01
    7.83704042e-01 1.25242174e-01 9.53241825e-01 1.55271322e-01
    1.95204645e-01 2.59346157e-01 4.18748051e-01 2.42643952e-01
    7.59652138e-01 3.01246583e-01 4.16560501e-01 3.58039260e-01
    7.31303692e-01 4.18216199e-01 7.75438070e-01 5.27225494e-01
    2.44520098e-01 8.75107169e-01 4.65191901e-01 2.88268030e-01
    6.95162773e-01 2.35182703e-01 8.56368542e-02 3.34541738e-01
    9.89907146e-01 3.01786900e-01 3.61893475e-01 2.26719797e-01
    9.40075278e-01 2.95049340e-01 2.73531586e-01 8.18836510e-01
    6.16442800e-01 5.56690812e-01 9.48053479e-01 9.46781754e-01
    6.20056689e-02 6.52120948e-01 3.83786231e-01 2.62189478e-01
    3.12631488e-01 7.32745409e-01 9.28965449e-01 9.57299888e-01
    7.76316524e-01 5.23185015e-01 5.41363537e-01 8.53572786e-01
    5.13622224e-01 7.41458535e-01 7.55295694e-01 9.48977232e-01
    3.07154894e-01 9.29619312e-01 3.16834390e-01 1.43286794e-01
    2.38923818e-01 6.30927563e-01 5.28820217e-01 6.54124320e-01
    7.53203511e-01 1.96510077e-01 7.29054928e-01 5.91132343e-01
    4.71856117e-01 1.63709223e-01 2.86153793e-01 4.28697437e-01
    8.07779789e-01 1.02912903e-01 6.73328936e-01 9.65123177e-01
    4.84278738e-01 6.38886809e-01 9.02538657e-01 3.86255562e-01
    9.21504200e-01 1.67107165e-01 9.74116802e-01 6.99698329e-01
    1.81504458e-01 7.81138897e-01 8.61000955e-01 3.57620269e-01
    9.85901237e-01 3.19215566e-01 4.07267630e-01 2.92535663e-01
    3.92157495e-01 5.27767241e-01 3.87337863e-01 6.31626606e-01
    5.20546138e-01 3.97032142e-01 2.32144386e-01 7.41543174e-02
    7.15151191e-01 1.08022302e-01 1.66752040e-01 3.47221643e-01
    9.98865247e-01 9.63977695e-01 9.00418878e-01 4.57865149e-01
    1.51257783e-01 9.26262140e-01 7.66058803e-01 5.75310588e-01
    7.35618830e-01 7.83128619e-01 7.96569467e-01 8.25747371e-01
    4.68405187e-02 3.47987831e-01 2.37433523e-01 4.75932539e-01
    1.95253551e-01 8.81585598e-01 8.13169122e-01 4.90588188e-01
    6.86948299e-01 8.14001560e-02 7.28651285e-02 2.43625581e-01
    5.04312038e-01 8.34983170e-01 6.11189365e-01 9.83476162e-01
    3.86985719e-01 8.29718947e-01 9.73584950e-01 1.46831542e-01
    8.57618093e-01 5.63280344e-01 3.89886260e-01 4.40351695e-01
    9.95853901e-01 1.90789968e-01 1.78364873e-01 2.47817576e-01
    2.39260316e-01 9.78469968e-01 4.76571232e-01 3.36843848e-01
    3.43733788e-01 2.49037147e-01 3.70285451e-01 6.81820869e-01
    2.34105587e-02 2.97408700e-01 8.19197714e-01 4.29855406e-01
    2.75817633e-01 5.29199064e-01 9.99423802e-01 2.93832630e-01
    1.52605325e-01 3.47726911e-01 7.51416206e-01 6.67975545e-02
    2.59841979e-02 3.64279926e-01 5.07006645e-01 1.31535977e-01
    1.23624980e-01 6.66274786e-01 3.67432117e-01 6.27030313e-01
    4.56966192e-01 8.12212110e-01 7.69742668e-01 7.83835530e-01
    5.75972676e-01 3.58797431e-01 7.54836559e-01 6.69858336e-01
    1.79137468e-01 5.93244553e-01 7.35153258e-02 3.74014139e-01
    9.96048212e-01 9.88211632e-01 5.97333789e-01 7.46798515e-02
    1.10752106e-01 9.07013535e-01 4.91184354e-01 4.72900718e-01
    5.27520180e-01 9.31071639e-01 4.05929446e-01 6.32219076e-01
    6.63847029e-02 4.80922222e-01 5.73273122e-01 1.54599518e-01
    3.13431203e-01 1.36585236e-01 1.72943324e-01 6.30919099e-01
    2.90482640e-02 2.43385434e-02 4.12139058e-01 2.76753902e-02
    9.06691432e-01 7.75019825e-02 4.33970690e-01 9.77879822e-01
    9.43579376e-01 2.30223417e-01 9.11764383e-01 8.43073785e-01
    7.12695777e-01 1.31804794e-01 4.46109593e-01 8.46907258e-01
    7.30943143e-01 7.05880463e-01 4.66877043e-01 2.61023223e-01
    7.53770351e-01 6.58336937e-01 1.56175435e-01 7.66392946e-01
    5.43265820e-01 6.47512317e-01 6.20943308e-03 6.58150434e-01
    2.18400478e-01 3.69196475e-01 1.49639010e-01 8.96743715e-01
    5.00058532e-01 3.37637395e-01 1.26436353e-01 4.37594384e-01
    1.10688120e-01 6.68322086e-01 3.60138655e-01 2.80466676e-02
    2.19218433e-01 4.90378529e-01 9.10162926e-03 8.90134275e-01
    7.91539431e-01 4.85852450e-01 8.02116752e-01 8.53637755e-02
    4.81487095e-01 7.19314873e-01 8.57082903e-01 5.04699945e-01
    3.26839924e-01 3.91118675e-01 5.72891831e-01 4.83663678e-02
    8.18202615e-01 8.76350880e-01 5.83018899e-01 3.79092455e-01
    6.78427517e-02 1.48143291e-01 8.40765774e-01 6.37326419e-01
    4.07129318e-01 3.66799921e-01 2.12888807e-01 1.44960463e-01
    5.78073144e-01 5.83398342e-03 4.73558098e-01 8.01858902e-01
    3.88599992e-01 2.34736562e-01 2.83489138e-01 4.10094261e-02
    1.45789713e-01 6.47443533e-02 9.95799303e-02 3.78964573e-01
    9.40633178e-01 1.15347564e-01 3.58172774e-01 6.79324508e-01
    7.32962608e-01 2.52887070e-01 2.26727188e-01 7.20418096e-01
    2.29532093e-01 9.70292211e-01 4.24498677e-01 1.00122720e-01
    8.68713558e-02 8.68840456e-01 5.60819149e-01 9.29105401e-01
    7.45085001e-01 6.64999545e-01 6.73133254e-01 8.33060443e-01
    6.25415862e-01 6.43773973e-01 6.10564470e-01 3.94120246e-01
    8.59373927e-01 2.87917882e-01 9.47996736e-01 8.10131490e-01
    8.90709102e-01 5.02224028e-01 4.00254130e-01 6.25961244e-01
    8.39797437e-01 7.22373962e-01 3.38384569e-01 5.28519154e-01
    2.35235035e-01 7.82697797e-02 3.35166663e-01 9.35797513e-01
    2.23095775e-01 4.94167507e-02 2.30626255e-01 7.25105643e-01
    6.97910964e-01 1.00094289e-01 1.54922366e-01 5.51303208e-01
    2.52033591e-01 4.40305382e-01 9.26691115e-01 9.34824347e-01
    3.32789242e-01 3.98385197e-01 7.46709943e-01 4.51126128e-01
    7.13478267e-01 9.16045904e-01 6.94247246e-01 3.56453001e-01
    3.97432715e-01 5.56437433e-01 4.91724312e-02 8.64047289e-01
    7.61912763e-01 4.55325902e-01 6.43029332e-01 2.72703171e-02
    5.88936448e-01 8.34659338e-01 4.89091843e-01 6.77296221e-01
    5.02864122e-01 3.44166785e-01 7.12347448e-01 1.89006269e-01
    9.58766460e-01 3.81629169e-01 6.79264903e-01 8.11621308e-01
    3.66834015e-01 4.46484059e-01 3.80473912e-01 1.61603689e-01
    5.51441312e-01 6.29447579e-01 1.33006871e-01 2.10414797e-01
    2.45138168e-01 6.23730123e-01 2.19822049e-01 8.07113409e-01
    5.22755861e-01 3.31614554e-01 9.25573528e-01 8.55632722e-02
    4.87776667e-01 4.88076538e-01 9.11137462e-01 5.66294193e-02
    6.26671433e-01 5.64997375e-01 9.21525717e-01 6.32977128e-01
    4.54245150e-01 9.81692076e-02 1.08552486e-01 8.95500302e-01
    9.02475476e-01 5.36559641e-01 5.25405109e-01 6.41065776e-01
    5.76602101e-01 6.25298083e-01 4.91730124e-01 7.57982612e-01
    3.55034173e-02 7.93001175e-01 9.52243090e-01 7.18677044e-01
    2.07647592e-01 7.78126478e-01 5.31614721e-02 2.54030824e-01
    1.30417585e-01 6.39699399e-01 3.40261698e-01 7.25121677e-01
    3.17110360e-01 2.94741869e-01 7.94225812e-01 1.58815980e-01
    7.71891952e-01 2.35613286e-02 5.48764467e-01 2.53059387e-01
    6.89028442e-01 2.26086766e-01 2.64596939e-01 9.26294446e-01
    7.40071833e-01 5.35752654e-01 1.64745986e-01 3.74828577e-02
    9.02103662e-01 2.37598270e-01 2.42648512e-01 2.84173459e-01
    6.79499328e-01 6.35918975e-02 5.99065661e-01 4.04256821e-01
    1.42841280e-01 9.64440584e-01 5.80147803e-01 6.40797138e-01
    1.59964859e-01 8.13820362e-01 6.07873023e-01 2.86541641e-01
    7.21429765e-01 1.27552599e-01 9.82514381e-01 5.06366551e-01
    9.41575825e-01 7.79656291e-01 1.24365270e-01 2.46287853e-01
    6.18086755e-01 8.31326604e-01 5.94160199e-01 6.83986187e-01
    5.13519645e-02 2.15089798e-01 8.11868608e-01 9.54503655e-01
    4.94435996e-01 9.04031396e-01 6.57292366e-01 8.72772336e-01
    7.81256378e-01 5.00158072e-01 5.63802421e-02 1.45859361e-01
    5.27183831e-01 3.79109979e-01 7.19378054e-01 3.69816303e-01
    5.40722132e-01 6.82717323e-01 6.53905213e-01 9.50850368e-01
    8.10569763e-01 5.05181134e-01 4.98119473e-01 3.26747239e-01
    8.75826061e-01 7.61686683e-01 7.87639499e-01 9.60699201e-01
    3.14238787e-01 5.05980968e-01 6.00916028e-01 1.80994272e-01
    3.40922922e-01 8.53317380e-02 3.40266526e-01 4.26576465e-01
    4.79482025e-01 5.28952420e-01 7.85928249e-01 9.66819227e-01
    3.12575936e-01 9.80651438e-01 1.82906598e-01 7.72037864e-01
    1.55600250e-01 6.09858453e-01 3.40730011e-01 4.02284324e-01
    4.76556599e-01 2.34685510e-01 8.09268355e-01 9.91538346e-01
    6.91362143e-01 3.00315022e-01 7.94161260e-02 5.52971661e-01
    1.05408281e-01 1.99505121e-01 1.20613545e-01 5.59849739e-01
    6.13948286e-01 4.24710959e-01 8.28458965e-02 5.57355583e-02
    6.16923392e-01 1.46141648e-02 6.37011468e-01 2.17636526e-02
    6.51521206e-01 6.74387336e-01 6.10175133e-01 5.81639349e-01
    6.24408424e-02 4.85853136e-01 7.00291991e-01 8.54157627e-01
    4.58669066e-02 6.91189051e-01 1.52755708e-01 2.58683115e-01
    2.31252730e-01 5.90675592e-01 2.90780783e-01 4.96420503e-01
    8.40561092e-02 9.79695559e-01 5.47095001e-01 7.69811749e-01
    1.97406977e-01 9.63638723e-02 3.37707877e-01 9.20179844e-01
    9.47344303e-01 9.61597323e-01 9.88396764e-01 1.74048364e-01
    8.38357210e-01 9.98495817e-02 5.97512960e-01 9.64650989e-01
    8.80877554e-01 8.08303475e-01 2.06605047e-01 9.74957108e-01
    3.84635985e-01 3.74420464e-01 8.15424323e-03 5.54999411e-01
    1.95863277e-01 9.84673381e-01 9.85246599e-01 4.48982298e-01
    3.96871090e-01 4.08009946e-01 4.93662208e-01 6.64256215e-01
    9.09849107e-01 4.58777606e-01 4.39998001e-01 8.35355401e-01
    5.24805188e-02 5.74870050e-01 7.51078963e-01 7.00221479e-01
    8.90513062e-01 6.90465808e-01 7.46479392e-01 3.63749564e-01
    6.52633011e-01 6.09062254e-01 2.27396160e-01 6.94748044e-01
    4.61930811e-01 7.57453501e-01 4.12333876e-01 8.53724718e-01
    4.76983786e-02 2.95934677e-02 7.53643274e-01 9.09531593e-01
    8.27015996e-01 5.76829255e-01 8.23823094e-01 7.60015011e-01
    1.05502367e-01 9.10271406e-01 1.34224951e-01 2.65945673e-01
    1.27581328e-01 4.92741019e-01 2.02657968e-01 2.93699473e-01
    4.42452937e-01 4.47906911e-01 8.54260385e-01 7.02369213e-01
    9.30652916e-02 7.87167430e-01 6.12768590e-01 6.54646039e-01
    6.06071055e-01 9.33194637e-01 7.30341494e-01 3.45898658e-01
    4.63296354e-01 1.07505143e-01 5.78035116e-01 1.50961965e-01
    4.20940518e-01 2.79543996e-01 6.79501653e-01 8.66442442e-01
    3.44429374e-01 1.28852874e-01 9.38238561e-01 6.18510783e-01
    5.67704737e-01 8.19628239e-02 7.11506724e-01 1.63199097e-01
    3.30210775e-01 7.16203868e-01 3.70904207e-02 3.56510788e-01
    3.89899850e-01 4.50845808e-01 6.30142689e-02 4.74215806e-01
    2.34667808e-01 8.44364345e-01 9.26285803e-01 2.19868898e-01
    2.32149899e-01 6.54401481e-01 1.32105619e-01 8.99762988e-01
    1.27935827e-01 4.07288074e-02 6.96728826e-01 2.05962807e-01
    7.66683817e-02 6.92175388e-01 3.13352585e-01 7.97057629e-01
    3.14768136e-01 9.64273751e-01 9.40826774e-01 6.65606678e-01
    3.90424073e-01 9.51066256e-01 8.03546309e-01 7.64894366e-01
    3.05589736e-01 9.50198710e-01 7.68429399e-01 1.04313344e-01
    8.73591304e-01 6.10471129e-01 3.82408559e-01 4.17062908e-01
    7.70880580e-01 1.81460112e-01 7.23586917e-01 6.71021044e-01
    6.37157977e-01 6.63640201e-01 1.43190324e-01 4.91475433e-01
    8.80777657e-01 9.38906789e-01 4.55581248e-01 7.36035287e-01
    4.76527512e-02 1.00653410e-01 9.70093489e-01 4.83741164e-01
    1.63409531e-01 9.46232796e-01 1.90491796e-01 1.82239592e-01
    8.80272567e-01 4.34552163e-01 8.42230916e-02 1.60386562e-01
    7.76408613e-01 6.33855700e-01 8.29694986e-01 3.51691544e-02
    2.63608873e-01 3.17436755e-01 2.76422143e-01 9.92477298e-01
    4.23806727e-01 4.60932940e-01 2.14172482e-01 6.90416098e-01
    9.81754839e-01 8.19429815e-01 8.42588902e-01 1.17834419e-01
    9.59294915e-01 9.35625672e-01 5.28296471e-01 2.78379560e-01
    7.84299254e-01 7.51211345e-02 9.51565862e-01 8.00819039e-01
    1.37896150e-01 9.81333613e-01 8.26078534e-01 7.04550624e-01
    9.43239093e-01 1.50164217e-01 4.15297151e-02 5.42616427e-01
    1.06129020e-01 7.42853999e-01 5.93109548e-01 5.51982403e-01
    1.07929200e-01 4.31264102e-01 6.02321982e-01 7.03326762e-01
    5.31689346e-01 9.22174811e-01 1.72844529e-01 2.90983140e-01
    5.27738035e-01 6.90916657e-01 5.51867247e-01 7.07512975e-01
    2.46466815e-01 7.69567788e-01 9.44616437e-01 7.16688752e-01
    8.09777200e-01 5.37757814e-01 3.08027267e-02 4.26436335e-01
    9.37647343e-01 6.70493007e-01 5.84218144e-01 8.37970257e-01
    7.15718508e-01 6.77913845e-01 1.00455910e-01 8.09102416e-01
    4.71921355e-01 5.28792322e-01 2.60086864e-01 9.70742822e-01
    3.77955139e-01 3.20764184e-01 6.00763202e-01 9.91506934e-01
    7.31480181e-01 5.25919735e-01 2.85964429e-01 7.74232507e-01
    8.56408358e-01 5.63966453e-01 8.40688109e-01 5.01466930e-01
    9.98919070e-01 7.90349126e-01 4.12998199e-02 8.48900199e-01
    2.00146496e-01 1.36266768e-01 4.71812844e-01 5.22611737e-02
    5.21921456e-01 4.69216228e-01 2.18400955e-01 7.73107409e-02
    2.04190671e-01 7.47055233e-01 4.26401764e-01 2.95210153e-01
    9.34075594e-01 1.25817418e-01 3.40244055e-01 4.49203312e-01
    3.13239038e-01 7.49512553e-01 8.75198603e-01 6.31499410e-01
    9.37745988e-01 6.54897392e-01 1.61530077e-01 7.82491088e-01
    1.32364124e-01 2.52108991e-01 9.85129118e-01 6.82937860e-01
    1.63331389e-01 5.29954433e-01 9.98724043e-01 5.93959093e-01
    4.29829836e-01 9.58004057e-01 8.60759974e-01 4.00350034e-01
    2.19284117e-01 3.48686695e-01 4.51752126e-01 4.97173160e-01
    2.12734938e-02 5.49125731e-01 1.28200352e-02 8.11195850e-01
    7.07995355e-01 3.96551847e-01 8.77985597e-01 5.88252127e-01
    3.65244925e-01 4.12588418e-01 5.07007778e-01 1.87039495e-01
    5.66855907e-01 7.34549761e-01 9.89895165e-02 1.35231733e-01
    4.71887231e-01 4.86214370e-01 2.81941891e-01 7.40509272e-01
    6.57129169e-01 8.02755415e-01 1.89923525e-01 4.68875945e-01
    8.32509041e-01 7.71232963e-01 3.65516245e-02 3.07916492e-01
    5.82063496e-02 3.77878010e-01 2.16732383e-01 3.24003994e-01
    7.42598176e-02 2.46048063e-01 1.84178114e-01 1.53186679e-01
    1.33295864e-01 2.00689256e-01 1.91716880e-01 2.14268953e-01
    9.64007378e-01 4.44852024e-01 9.25926805e-01 8.98080945e-01
    5.69742799e-01 8.92039418e-01 2.00293452e-01 6.48143649e-01
    3.05424809e-01 8.37176859e-01 2.90185213e-04 5.64956963e-01
    6.47922039e-01 3.67944658e-01 9.13747907e-01 2.88160264e-01
    8.84983361e-01 5.66464245e-01 3.37891877e-01 9.75504994e-01
    7.66669869e-01 3.16780269e-01 1.90245509e-01 8.91419768e-01
    4.88797784e-01 9.02027726e-01 8.01892281e-01 4.38603073e-01
    8.92347753e-01 1.75877303e-01 1.07255906e-01 2.13034719e-01
    1.21081680e-01 5.36254704e-01 3.21491718e-01 8.38789225e-01
    9.77810264e-01 1.37428641e-02 2.25029111e-01 5.60147524e-01
    5.37633240e-01 2.66073942e-01 4.25893903e-01 7.15000331e-01
    4.88395721e-01 9.63889897e-01 4.73316580e-01 3.74345839e-01
    3.06714743e-01 6.89918756e-01 5.49891591e-02 5.41472971e-01
    2.14920461e-01 2.35782653e-01 3.42634261e-01 2.18164176e-01
    7.07227468e-01 1.68294251e-01 4.59175706e-01 1.95587575e-02
    2.89477706e-01 2.86685258e-01 1.61745250e-02 3.00653577e-02
    7.10766733e-01 5.53463697e-01 1.83163673e-01 2.49726355e-01
    3.02420080e-01 6.16568744e-01 6.69833302e-01 5.38834870e-01
    4.81564462e-01 7.62279212e-01 7.83716798e-01 6.84331357e-02
    1.28269941e-01 7.60252655e-01 1.44816607e-01 2.11447507e-01
    9.58741784e-01 5.25530875e-01 1.10813081e-02 5.09503424e-01
    7.73358583e-01 6.86492741e-01 4.55273509e-01 9.27131534e-01
    3.17398310e-01 8.21639776e-01 3.44853520e-01 1.63477361e-01
    7.05798030e-01 9.92399335e-01 8.53756428e-01 2.47194946e-01
    5.64136565e-01 9.68614221e-02 6.04734063e-01 1.52657866e-01
    7.30626464e-01 2.29449868e-02 5.73555112e-01 6.10771537e-01
    2.18233764e-02 5.14272511e-01 8.77111554e-01 7.97576070e-01
    8.61225665e-01 2.99191833e-01 5.58517933e-01 9.04739320e-01
    9.79862213e-01 7.64203072e-01 5.15913308e-01 5.17108023e-01
    5.73106885e-01 2.52706230e-01 3.50381196e-01 7.96491325e-01
    6.58679605e-02 7.54417062e-01 2.91812748e-01 5.63117266e-01
    2.12330878e-01 7.49510348e-01 4.63212848e-01 3.93025011e-01
    5.19653678e-01 5.94133139e-01 9.99379754e-01 5.28144240e-01
    2.61282980e-01 8.42670619e-01 3.72770011e-01 8.84406567e-02
    5.62640667e-01 9.23545659e-01 7.16725767e-01 7.00771093e-01
    6.30252540e-01 9.11005259e-01 6.10337377e-01 1.54535413e-01
    1.41080290e-01 6.88465893e-01 8.58434558e-01 8.96459699e-01
    9.87668157e-01 9.30863678e-01 1.96671247e-01 5.16011894e-01
    2.04552233e-01 9.61831450e-01 9.19635534e-01 8.78926396e-01
    1.47545636e-01 5.90799570e-01 3.16783130e-01 5.99907994e-01
    4.69383985e-01 6.31109357e-01 7.61744440e-01 8.10652912e-01
    7.28058279e-01 1.39458954e-01 4.42760706e-01 1.71309173e-01
    9.53463912e-01 5.91679156e-01 9.56299603e-02 1.10838145e-01
    7.99339771e-01 4.17998672e-01 7.52848029e-01 6.74140215e-01
    3.84513021e-01 5.15262485e-01 6.70086026e-01 2.53366649e-01
    8.50222230e-01 4.00397271e-01 2.83919364e-01 1.92872584e-02
    8.23330164e-01 2.86027908e-01 7.92876124e-01 2.33433783e-01
    5.91412663e-01 8.09174776e-01 9.30108786e-01 9.58611846e-01
    9.90028799e-01 6.30084395e-01 8.76919270e-01 9.24280465e-01
    4.65227216e-01 1.02762282e-02 2.11329758e-02 1.51549578e-02
    5.19223452e-01 6.86624348e-01 7.68517852e-01 5.35417199e-01
    1.88391984e-01 2.41622418e-01 4.13469017e-01 2.89583832e-01
    1.34964913e-01 7.99504757e-01 9.87627506e-01 2.12520152e-01
    3.09604049e-01 6.97200179e-01 5.82659006e-01 1.63242042e-01
    3.01815093e-01 7.24230409e-02 4.54520762e-01 1.45507425e-01
    5.36736369e-01 7.26769686e-01 7.17705786e-01 6.61090493e-01
    8.20008993e-01 5.96600652e-01 8.56347382e-01 8.50238919e-01
    1.16806328e-02 1.27583951e-01 7.18170881e-01 5.68231225e-01
    1.79083586e-01 6.28854990e-01 3.84843796e-01 9.79735255e-01
    9.21371281e-01 7.65904665e-01 7.51321316e-01 7.52295256e-02
    4.30812091e-01 2.52695799e-01 3.96333903e-01 1.61098987e-01
    4.87913191e-01 2.45590091e-01 2.02727944e-01 3.49254757e-01
    3.24340075e-01 9.90260005e-01 2.04420090e-02 4.52142209e-01
    9.02114809e-01 6.16247654e-02 1.99757636e-01 6.32635951e-01
    9.50703919e-01 8.15547824e-01 8.78408670e-01 8.29055905e-01
    8.51555943e-01 3.08146000e-01 3.12017798e-01 4.37246442e-01
    1.38254195e-01 8.71339440e-01 1.86324626e-01 6.34722114e-01
    8.36277008e-01 7.40238130e-02 5.33976912e-01 2.65392125e-01
    3.12738329e-01 8.09347451e-01 7.62152255e-01 2.48085946e-01
    3.42565536e-01 7.66831040e-02 2.25998253e-01 8.58292699e-01
    4.22058225e-01 5.68587720e-01 2.75489509e-01 5.97723663e-01
    9.96571779e-01 4.69997287e-01 9.58372116e-01 8.59709263e-01
    7.32696354e-02 6.72296107e-01 6.77782774e-01 8.50244284e-01
    5.79883635e-01 6.60324275e-01 5.71770787e-01 5.34909368e-01
    1.57021940e-01 1.13013983e-02 2.50459135e-01 3.41294557e-01
    3.64001155e-01 3.62191200e-02 5.56528986e-01 8.06810260e-01
    1.95294261e-01 4.06815767e-01 1.70634717e-01 5.08006334e-01
    2.28489280e-01 5.48029363e-01 5.53362250e-01 6.04373336e-01
    9.09718275e-01 4.23282743e-01 9.29020524e-01 8.73499095e-01
    7.86609054e-01 6.55499518e-01 4.13190037e-01 8.37784648e-01
    1.77565604e-01 7.26710856e-02 7.43436217e-01 9.84277546e-01
    6.25231266e-01 1.09913409e-01 5.73110640e-01 1.84410304e-01
    5.63252151e-01 4.04597372e-01 6.47672534e-01 8.85459900e-01
    8.17618430e-01 2.76550680e-01 9.82044041e-01 3.43819171e-01
    1.44185960e-01 8.42251420e-01 8.19870055e-01 6.09106302e-01
    3.08405399e-01 9.24932480e-01 4.20309007e-02 3.10563385e-01
    4.28304970e-01 2.16407478e-02 3.41936588e-01 8.36116076e-03
    8.70824099e-01 9.01762843e-01 6.63130522e-01 3.43031734e-01
    8.47521067e-01 4.65592653e-01 9.12376165e-01 2.73369372e-01
    4.71708596e-01 8.80528092e-01 8.39026451e-01 2.60227919e-01
    6.85647845e-01 3.96209747e-01 6.69049382e-01 2.77540207e-01
    2.39840299e-01 6.01296604e-01 6.05405569e-01 4.64865386e-01
    3.12282741e-01 1.92626685e-01 9.76666152e-01 2.49768049e-01
    6.03341937e-01 2.73634076e-01 5.82327247e-02 7.28134573e-01
    3.86815667e-02 2.14270353e-01 8.78588915e-01 6.46379888e-02
    6.84577167e-01 3.00845802e-01 9.95060325e-01 2.92243063e-01
    7.83662796e-02 8.38929474e-01 3.55197042e-01 1.30356878e-01
    9.76770937e-01 8.41640115e-01 4.46377099e-02 8.39312196e-01
    6.79170132e-01 2.32440978e-01 9.46870923e-01 9.70797002e-01
    8.85764658e-02 5.22452712e-01 5.58241367e-01 6.59491003e-01
    1.82767421e-01 7.26966202e-01 9.41344619e-01 5.97816527e-01
    2.59386301e-01 7.51473546e-01 3.58806342e-01 9.11014557e-01
    8.85976791e-01 2.75640845e-01 2.39396155e-01 9.04160082e-01
    2.27197111e-02 4.35007185e-01 7.10545540e-01 3.57326269e-01
    1.95395738e-01 8.21894109e-01 2.94812620e-02 3.88713241e-01
    7.83770442e-01 6.71780527e-01 7.35892117e-01 6.04363680e-01
    9.76719618e-01 5.15156090e-02 6.61786556e-01 3.99956316e-01
    7.44277358e-01 7.72140145e-01 9.21200275e-01 4.91447479e-01
    2.66235858e-01 3.63390863e-01 7.05234230e-01 5.47129333e-01
    6.69880509e-01 6.61472917e-01 4.03755695e-01 3.12523842e-01
    3.63012791e-01 4.36753780e-01 3.67262602e-01 9.09768999e-01
    6.02350652e-01 1.14583820e-01 8.57372284e-01 5.57871342e-01
    4.62301135e-01 6.00032449e-01 6.40615284e-01 9.76754427e-01
    9.31567609e-01 7.66803265e-01 4.10080791e-01 3.60780597e-01
    5.64808249e-02 6.32103443e-01 1.04010195e-01 4.23203647e-01
    2.73761332e-01 8.53930831e-01 5.54586470e-01 9.43268180e-01
    3.45429718e-01 5.78473747e-01 7.48222053e-01 8.43602538e-01
    7.87219167e-01 2.30737507e-01 9.57292557e-01 7.03719795e-01
    8.35204124e-03 4.60558504e-01 8.43563676e-02 1.96374506e-01
    4.48724926e-01 8.05419445e-01 5.65221906e-02 9.02459621e-01
    8.90349865e-01 2.79964268e-01 7.24767268e-01 5.80721796e-02
    1.52784884e-01 7.56521344e-01 5.50613582e-01 2.88218319e-01
    8.84450853e-01 1.02362841e-01 9.08280373e-01 8.95299733e-01
    3.64807367e-01 1.19983554e-02 1.83349729e-01 7.74973989e-01
    6.85460269e-01 1.69856846e-02 1.95215672e-01 4.78592873e-01
    3.84969980e-01 6.18724883e-01 6.48356378e-02 1.27256840e-01
    4.58752215e-01 9.57123399e-01 9.95606184e-03 3.06360662e-01
    5.01163423e-01 8.59317303e-01 8.04275990e-01 8.51244688e-01
    2.64707267e-01 5.48488796e-01 1.88796103e-01 8.34271967e-01
    9.14390326e-01 9.29126441e-02 8.75113904e-01 3.31826478e-01
    2.94275492e-01 5.72849035e-01 1.99698150e-01 4.43249613e-01
    3.28586817e-01 2.91294992e-01 1.47947013e-01 9.97793436e-01
    5.80498457e-01 5.43132007e-01 6.49988949e-01 6.93602741e-01
    5.66260576e-01 9.95289087e-01 3.65059674e-02 7.06365943e-01
    3.25942725e-01 9.68502045e-01 2.56603062e-01 9.54108477e-01
    6.62383437e-03 9.52107012e-02 5.86672187e-01 6.10542595e-01
    9.47618484e-03 5.02024889e-01 1.43430173e-01 1.82330638e-01
    2.62533605e-01 8.17966104e-01 8.93693924e-01 7.30860114e-01
    2.19005048e-02 8.19571078e-01 9.48886693e-01 3.18105876e-01
    5.83912909e-01 6.65975749e-01 5.18432617e-01 2.86138058e-03
    1.92626238e-01 8.79475474e-01 7.96781361e-01 3.63471687e-01
    6.68551683e-01 5.02731562e-01 5.32473028e-02 9.00184751e-01
    1.31149799e-01 6.96279883e-01 3.89599055e-01 3.32712352e-01
    2.17002153e-01 6.07462823e-02 9.95615244e-01 8.71312261e-01
    1.56703293e-02 8.64984870e-01 1.96824223e-01 3.85183543e-01
    5.14750540e-01 2.68233955e-01 8.75278413e-02 2.72085786e-01
    6.19356036e-01 7.52172589e-01 1.19268298e-02 1.59812063e-01
    1.64248645e-02 7.57043719e-01 1.86044008e-01 7.68756270e-01
    1.07802629e-01 6.11401081e-01 5.90127587e-01 2.36584753e-01
    5.13861299e-01 9.84513760e-01 7.83556283e-01 7.24690676e-01
    6.92011118e-02 6.08427286e-01 4.23840284e-02 3.63891780e-01
    1.17366731e-01 7.54911065e-01 2.44106621e-01 7.92690396e-01
    1.05274498e-01 8.33364069e-01 2.22369313e-01 3.83687854e-01
    8.12712610e-02 3.61996055e-01 4.95125353e-02 1.15086883e-01
    1.69759154e-01 1.82707518e-01 1.06245905e-01 1.59162313e-01
    3.28877211e-01 4.07771409e-01 2.81280875e-02 9.93561745e-03
    6.88974142e-01 4.50480610e-01 7.32981563e-01 5.31764865e-01
    8.51459622e-01 4.49855328e-02 2.31471241e-01 8.01095247e-01
    6.00094497e-01 3.93476635e-01 8.77017736e-01 3.14950705e-01
    1.20709598e-01 8.09001267e-01 7.60843873e-01 1.29032284e-01
    9.96384501e-01 8.29383731e-01 1.57334417e-01 8.78697395e-01
    1.78650916e-02 9.40616012e-01 6.32801056e-02 8.72959375e-01
    2.57691741e-03 4.77654517e-01 6.09427929e-01 1.70074731e-01
    6.96084559e-01 2.39186317e-01 3.15760314e-01 9.02813435e-01
    5.04864573e-01 8.30807447e-01 5.42951286e-01 1.25513345e-01
    2.88753867e-01 5.33284247e-01 6.02733672e-01 7.99782693e-01
    4.21539217e-01 3.66970003e-02 2.87388563e-02 2.81477958e-01
    2.44662166e-01 5.30025423e-01 6.11713052e-01 3.87248456e-01
    1.83114201e-01 1.82078540e-01 9.04397607e-01 4.56273645e-01
    6.75618052e-02 6.20836079e-01 2.89002329e-01 6.53959513e-02
    5.71421087e-01 7.44185328e-01 3.95418048e-01 7.01539397e-01
    6.78199828e-02 9.64573503e-01 2.37838984e-01 4.39028740e-02
    9.58798409e-01 4.38367337e-01 1.30922467e-01 7.62643278e-01
    2.99351245e-01 4.44607437e-02 1.12399548e-01 7.36200809e-01
    5.24498463e-01 3.03283930e-02 3.37986976e-01 2.68401623e-01
    5.50018132e-01 9.05220807e-02 7.70168066e-01 1.51131123e-01
    7.63723195e-01 6.08089447e-01 8.16175938e-02 5.32523870e-01
    3.71538222e-01 4.79959518e-01 8.57935846e-01 1.37600899e-01
    2.52307951e-01 5.25199354e-01 3.27579618e-01 3.09758574e-01
    1.16990715e-01 6.87155902e-01 8.54668260e-01 9.93664265e-01
    9.42587733e-01 9.94457424e-01 9.07129526e-01 2.13000774e-01
    2.48430341e-01 4.40587789e-01 7.55266845e-02 3.21117043e-01
    4.02773589e-01 6.20742202e-01 9.10122037e-01 4.96430993e-02
    2.52925158e-02 8.64401102e-01 9.51136827e-01 2.45753229e-01
    3.46048474e-01 1.35817826e-01 2.60350704e-01 5.21535218e-01
    6.41726255e-01 4.32889879e-01 2.49256611e-01 4.12775695e-01
    4.29233402e-01 4.24037933e-01 4.04692173e-01 3.88270557e-01
    5.17310321e-01 3.95289898e-01 5.83095968e-01 1.56001091e-01
    5.08134425e-01 7.39326715e-01 3.03762704e-01 8.52122188e-01
    3.77713740e-01 6.76164389e-01 5.60251653e-01 3.59286010e-01
    5.97758114e-01 4.05480683e-01 1.02838874e-03 1.56463087e-01
    8.88859510e-01 2.85228074e-01 1.22913271e-01 2.57263571e-01
    3.95189434e-01 9.94757175e-01 5.52067816e-01 4.95691419e-01
    5.42636156e-01 7.42036641e-01 3.14526260e-02 5.07744431e-01
    1.75862789e-01 3.81924599e-01 8.68585229e-01 4.22111094e-01
    3.84534657e-01 1.21853232e-01 3.68132412e-01 9.36629832e-01
    7.20630229e-01 5.95582068e-01 3.76142263e-01 9.89349425e-01
    3.77988935e-01 8.49950790e-01 7.82826185e-01 5.59840918e-01
    5.18388212e-01 4.34908628e-01 9.88371849e-01 2.84228861e-01
    8.55619669e-01 4.48114127e-01 5.37437022e-01 1.30729496e-01
    4.20667291e-01 8.66775513e-02 2.41541028e-01 3.30048978e-01
    4.26230401e-01 8.13906908e-01 7.18257725e-01 7.51275897e-01
    5.04787385e-01 6.77139461e-02 4.22825217e-02 9.55648005e-01
    8.51014733e-01 3.29225689e-01 3.37045908e-01 6.70530438e-01
    7.72939801e-01 7.75807023e-01 3.03685248e-01 3.33280265e-02
    9.68253076e-01 6.34721875e-01 9.96447265e-01 8.02855372e-01
    2.96916842e-01 1.55157715e-01 9.86415148e-01 9.74238038e-01
    3.08400303e-01 1.10785902e-01 3.74925971e-01 1.97126120e-01
    1.19299144e-01 5.24242938e-01 3.71275544e-02 8.84502232e-01
    5.35951138e-01 8.32011282e-01 1.80056423e-01 5.34499288e-01
    6.21735275e-01 8.05487752e-01 1.02051347e-01 1.49647593e-01
    5.12091219e-02 5.84844053e-01 1.25877976e-01 8.40778947e-01
    6.99826360e-01 9.39958096e-01 5.97068429e-01 6.62298918e-01
    5.20302892e-01 7.47111738e-02 6.16152585e-02 4.48840439e-01
    6.24013901e-01 2.32313275e-01 8.83601904e-01 4.32172120e-02
    7.14851618e-01 8.57724428e-01 2.63314426e-01 4.90972340e-01
    2.40964621e-01 7.43467867e-01 1.73845291e-02 8.88786018e-01
    8.24490786e-01 7.33355820e-01 3.01867932e-01 3.48906517e-02
    9.01066959e-02 1.03971571e-01 3.29138637e-01 6.20843053e-01
    1.81331664e-01 7.46460736e-01 7.29733407e-01 7.05946326e-01
    1.58704311e-01 2.23676473e-01 1.31661415e-01 3.58153045e-01
    2.23093063e-01 6.47198081e-01 2.63120830e-01 5.80698729e-01
    7.24831522e-01 5.11451125e-01 8.44646573e-01 2.42144257e-01
    8.61611962e-01 1.53919399e-01 2.26911008e-02 2.79725552e-01
    5.59272647e-01 9.15625095e-02 7.57448673e-01 3.00007045e-01
    4.03244197e-01 2.60450423e-01 8.38692784e-02 4.52075928e-01
    8.68493438e-01 2.43730545e-01 3.66754055e-01 7.03445673e-01
    2.73826897e-01 7.32075810e-01 4.47224349e-01 8.07973742e-01
    6.48413241e-01 3.55051637e-01 6.70364857e-01 9.41800773e-01
    5.51244497e-01 2.48661727e-01 2.45615840e-01 4.50874567e-01
    6.95323706e-01 9.53885198e-01 5.68073511e-01 4.58234519e-01
    6.01013422e-01 5.65787494e-01 2.49414742e-02 5.82663000e-01
    1.64778709e-01 1.67634189e-02 3.39764535e-01 5.45867026e-01
    6.27685368e-01 2.93100417e-01 8.16372216e-01 6.57033622e-01
    8.14814150e-01 8.58392775e-01 6.00650132e-01 2.30192930e-01
    4.14472342e-01 9.31003690e-02 1.03048116e-01 3.55512798e-02
    2.86180079e-01 9.21501815e-01 7.41904497e-01 9.76781845e-01
    9.89307404e-01 7.92614639e-01 6.09860361e-01 6.69165373e-01
    4.14833397e-01 3.24628592e-01 3.14481974e-01 6.33577466e-01
    7.13188648e-01 5.26199579e-01 5.33284128e-01 3.35775495e-01
    2.38199532e-02 4.24573123e-01 4.68526542e-01 3.27195942e-01
    3.46988440e-04 6.42272651e-01 9.95422482e-01 1.02723420e-01
    8.24953616e-02 5.48409879e-01 3.68830621e-01 3.06979001e-01
    1.08745068e-01 3.51894796e-01 3.07785511e-01 7.17257857e-02
    4.32993740e-01 2.70397365e-02 9.51412261e-01 8.86171937e-01
    7.61494875e-01 1.81245089e-01 9.63426828e-01 1.68423861e-01
    6.11811578e-01 6.00819230e-01 9.91458178e-01 6.15966916e-01
    8.77653599e-01 2.83310324e-01 1.82669401e-01 7.21568584e-01
    3.06451410e-01 6.52976334e-01 7.90390611e-01 6.76164031e-01
    5.34699559e-01 8.09904099e-01 9.02970135e-02 8.54520082e-01
    1.63410604e-02 8.13606918e-01 7.01027155e-01 1.63925052e-01
    1.14914536e-01 7.54906356e-01 8.36357296e-01 4.82365489e-02
    6.07040823e-01 1.75085664e-03 6.32947743e-01 3.72612000e-01
    7.88467050e-01 7.84998894e-01 1.06265098e-01 4.73868251e-02
    6.18701160e-01 2.19646037e-01 8.05800557e-01 8.96063805e-01
    3.72722089e-01 5.51016688e-01 4.31329608e-02 4.02718335e-01
    6.22993112e-02 5.26439965e-01 6.12729549e-01 5.85958302e-01
    3.67348671e-01 4.46615845e-01 2.91130722e-01 8.63115072e-01
    8.77496541e-01 8.69237423e-01 4.98375595e-01 9.71429229e-01
    8.14502954e-01 5.11258900e-01 5.59004128e-01 1.90158218e-01
    9.63745177e-01 1.19716048e-01 6.56057775e-01 7.72036433e-01
    2.74888456e-01 9.72787142e-02 2.60855198e-01 1.21080548e-01
    2.75431275e-02 6.14321828e-01 3.74966204e-01 1.52544230e-01
    9.04526234e-01 4.56990629e-01 1.12812549e-01 8.53617728e-01
    9.43535864e-02 9.70402300e-01 4.07806724e-01 9.01258707e-01
    1.86649501e-01 9.00157034e-01 3.26867104e-02 6.53008163e-01
    1.67256057e-01 6.53580487e-01 5.58372974e-01 8.95428538e-01
    5.55405617e-01 5.12392163e-01 4.13983077e-01 5.37327707e-01
    5.07602870e-01 1.53053313e-01 7.66596675e-01 3.37058902e-02
    2.60243237e-01 7.48499155e-01 4.37849253e-01 8.35474133e-01
    1.30746782e-01 6.64529681e-01 4.52384293e-01 9.62288260e-01
    2.86944449e-01 4.68318582e-01 8.14815640e-01 1.35390490e-01
    9.04793620e-01 4.44507331e-01 8.47187877e-01 8.22306216e-01
    3.00779134e-01 9.09476876e-02 4.60221440e-01 1.09781086e-01
    1.25084817e-01 1.98657393e-01 4.87214565e-01 7.71091998e-01
    4.75355238e-01 1.72125876e-01 4.25387561e-01 7.05570042e-01
    4.33266878e-01 6.55508220e-01 8.27196836e-01 1.64946824e-01
    9.28530514e-01 1.21789426e-01 1.68984681e-01 2.36239314e-01
    5.65800130e-01 8.31691563e-01 2.67274737e-01 5.65015852e-01
    3.88446331e-01 2.85118878e-01 3.29519570e-01 3.93260956e-01
    5.33599734e-01 5.48371375e-01 3.51628661e-02 9.88944054e-01
    8.10744047e-01 2.30203837e-01 7.93232918e-02 7.17114151e-01
    3.31434906e-02 5.10973990e-01 2.79850900e-01 8.68479609e-01
    5.40852606e-01 9.62906837e-01 1.34864569e-01 9.41919923e-01
    9.96959329e-01 3.06633413e-01 7.68476486e-01 5.70681453e-01
    6.83302045e-01 9.62224007e-01 7.71741271e-01 8.58621120e-01
    1.91401333e-01 3.02502215e-02 5.24661839e-01 9.66395736e-01
    7.32417107e-01 5.40795147e-01 1.39777213e-01 5.90815425e-01
    9.91142035e-01 1.52768940e-01 3.33304703e-02 3.07489127e-01
    7.27475345e-01 7.99746811e-01 7.57526696e-01 5.26273191e-01
    8.49598229e-01 9.46229696e-01 9.19209123e-01 4.37971383e-01
    9.81532335e-01 1.74442798e-01 1.46252483e-01 8.49546492e-02
    5.27258873e-01 9.94136453e-01 1.18681043e-01 7.86368012e-01
    9.62523222e-02 5.44418693e-01 6.23155832e-01 8.07243347e-01
    2.04563141e-04 9.11293745e-01 8.38042617e-01 5.32466471e-01
    7.84608781e-01 4.03976738e-01 9.95748043e-02 9.57651615e-01
    1.15891159e-01 1.51562989e-02 8.47109675e-01 7.84493446e-01
    9.54872131e-01 4.37007070e-01 8.35674524e-01 7.90473700e-01
    7.38823414e-02 1.01333588e-01 9.64227080e-01 6.47855401e-01
    1.13800555e-01 6.40731156e-02 4.82200623e-01 8.98850083e-01
    2.95838565e-01 6.80063367e-01 5.58381855e-01 3.27053457e-01
    3.68170708e-01 4.32450712e-01 7.20107138e-01 6.42966628e-01
    4.06593382e-01 3.05429041e-01 1.83561832e-01 8.58295083e-01
    4.98420745e-01 8.85641456e-01 6.39849007e-02 4.98667657e-02
    8.26271176e-01 8.47894430e-01 1.16074353e-01 6.19758427e-01
    1.55736327e-01 1.37336671e-01 1.51205391e-01 9.69339252e-01
    6.89787865e-02 6.14257693e-01 5.38629472e-01 2.40188360e-01
    1.97253317e-01 1.35781765e-02 3.34280133e-02 1.04827613e-01
    6.17627084e-01 3.75294983e-01 3.67366254e-01 3.44359130e-01
    6.32461429e-01 7.36185074e-01 9.37652469e-01 2.94503778e-01
    3.05652559e-01 9.23929095e-01 4.05122608e-01 1.35202110e-02
    9.84263182e-01 9.37787414e-01 3.87261361e-01 8.02293539e-01
    9.96418595e-01 3.50552827e-01 4.65899259e-01 6.56161547e-01
    7.66694546e-01 5.44510603e-01 6.57529593e-01 1.16374522e-01
    7.08882213e-01 2.34078646e-01 1.05161071e-01 1.29700840e-01
    1.66726112e-02 6.55623913e-01 1.13970220e-01 1.21404886e-01
    7.42337108e-01 7.10099101e-01 4.90500450e-01 3.83698821e-01
    9.02599871e-01 6.57021105e-02 6.23948872e-01 6.34246647e-01
    2.43174732e-02 1.67826831e-01 6.26563072e-01 7.12034822e-01
    6.27396286e-01 5.53428233e-02 8.58225822e-01 5.66933334e-01
    8.10946584e-01 2.43213445e-01 3.23691070e-02 4.65727448e-02
    6.68902338e-01 7.65264630e-01 9.33679461e-01 1.16156369e-01
    1.05886817e-01 7.01335788e-01 8.49364400e-01 3.70703667e-01
    4.32131857e-01 9.18870211e-01 9.97706532e-01 4.42502081e-01
    2.20991552e-01 8.25845480e-01 6.50119364e-01 3.02126080e-01
    5.13647854e-01 2.81166822e-01 1.86680585e-01 9.40976262e-01
    5.15555143e-02 7.62711763e-01 8.13345730e-01 3.27649951e-01
    7.05144882e-01 8.35815549e-01 6.55382574e-02 8.32569420e-01
    2.42469609e-02 3.22337717e-01 4.52164292e-01 1.13537163e-01
    3.45904708e-01 2.70955443e-01 1.54494047e-02 5.65952122e-01
    7.37706363e-01 7.35635340e-01 5.60804129e-01 4.66719568e-01
    9.87657607e-02 6.23056293e-02 7.79978454e-01 9.73579407e-01
    9.43422318e-03 3.88757795e-01 5.44879138e-01 2.01593012e-01
    5.07459402e-01 9.32512641e-01 1.44349128e-01 2.31712401e-01
    7.67708540e-01 2.34514058e-01 3.70725662e-01 5.35244107e-01
    8.17054272e-01 5.05346179e-01 5.16902983e-01 2.88304299e-01
    8.39560270e-01 3.24860156e-01 2.15395093e-01 1.26698494e-01
    5.89190841e-01 4.39866185e-01 3.22871089e-01 4.56720918e-01
    7.73573995e-01 4.21094239e-01 9.71316814e-01 4.56439137e-01
    3.33762318e-01 3.29825282e-01 6.46561623e-01 7.10666001e-01
    9.39098597e-02 4.15477782e-01 8.96627784e-01 1.47738159e-02
    8.15987349e-01 8.77753317e-01 8.38173985e-01 7.71720052e-01
    8.58830094e-01 4.19530213e-01 6.24462545e-01 6.83540761e-01
    1.85069889e-01 9.09156084e-01 1.48387283e-01 6.52157664e-01
    2.66091913e-01 1.90515310e-01 2.03522295e-01 9.44199443e-01
    7.08790541e-01 8.56335402e-01 6.86341524e-02 4.57081705e-01
    7.03855395e-01 9.71326172e-01 3.91969740e-01 1.90469623e-02
    5.26990652e-01 2.83917785e-01 1.56556338e-01 7.22180724e-01
    7.57501245e-01 1.16743922e-01 8.50408196e-01 5.88101506e-01
    1.83172166e-01 9.90314186e-01 2.89574027e-01 3.55665326e-01
    8.77106965e-01 1.82509810e-01 7.89996266e-01 3.92588615e-01
    4.53026742e-01 5.67940056e-01 4.92840171e-01 8.23370516e-01
    7.06245303e-01 5.83263338e-02 1.62658453e-01 8.26915562e-01
    6.94764137e-01 4.12111282e-01 2.02368200e-01 6.36050224e-01
    1.53057575e-02 3.72383446e-01 4.75741088e-01 4.43592429e-01
    1.82761490e-01 3.66104066e-01 2.38953948e-01 8.28275323e-01
    8.02797914e-01 1.41157895e-01 2.46524721e-01 9.20002162e-01
    8.11087370e-01 8.25535893e-01 4.95261908e-01 7.17182755e-01
    7.04351008e-01 3.65679204e-01 8.16549480e-01 5.58825791e-01
    5.00730991e-01 6.40594780e-01 3.87981236e-02 6.24388635e-01
    1.33434147e-01 1.93995267e-01 8.48214269e-01 5.17926633e-01
    7.44212508e-01 4.02822107e-01 7.01263130e-01 1.82383627e-01
    8.34108233e-01 2.80416757e-01 8.18239093e-01 6.65228426e-01
    6.66937590e-01 8.66849542e-01 2.33905852e-01 3.61367255e-01
    7.55823672e-01 5.02460778e-01 9.05789495e-01 4.76065814e-01
    9.11365449e-01 9.51613426e-01 8.31098557e-01 1.59030527e-01
    5.45580685e-01 8.33696723e-01 9.86899853e-01 2.13040292e-01
    4.89881068e-01 3.09030592e-01 9.08192873e-01 1.23754829e-01
    1.30994707e-01 1.30150199e-01 9.15924907e-01 5.54407358e-01
    1.01875544e-01 7.48072505e-01 2.94662237e-01 4.11234617e-01
    9.81310248e-01 5.40125489e-01 4.47154313e-01 4.11452413e-01
    2.71407068e-01 9.70529079e-01 7.17782736e-01 5.27867973e-01
    7.32871652e-01 2.95128465e-01 8.28093052e-01 9.55833435e-01
    5.76964200e-01 8.29878688e-01 7.96346128e-01 3.20366025e-02
    9.84204888e-01 5.61166406e-01 7.74548590e-01 7.15498805e-01
    7.60807216e-01 1.89273208e-01 5.53458929e-02 8.20964754e-01
    8.73646617e-01 8.33888292e-01 4.14894998e-01 5.65124750e-01
    7.88745224e-01 7.55370617e-01 7.23473907e-01 2.55064309e-01
    4.87464070e-01 3.29126239e-01 2.19679892e-01 6.79423034e-01
    9.89809632e-02 2.16683209e-01 2.61976838e-01 7.59974241e-01
    9.24992740e-01 7.76927352e-01 4.32741970e-01 7.65607476e-01
    7.23134756e-01 8.16024959e-01 1.33727789e-02 5.38162112e-01
    3.82176042e-02 3.68830621e-01 6.00925028e-01 4.95577008e-01
    3.11613441e-01 8.94522548e-01 4.45416451e-01 9.47449565e-01
    4.07520056e-01 3.57362688e-01 5.22627413e-01 9.11769509e-01
    9.05174732e-01 8.04816842e-01 3.05125535e-01 6.14492178e-01
    3.29418778e-01 1.93023175e-01 8.79821420e-01 3.84253711e-01
    7.82522678e-01 3.07097852e-01 3.84290278e-01 7.15561509e-02
    2.16456503e-01 8.64905715e-01 6.56305075e-01 4.15323615e-01
    1.32210463e-01 6.90920949e-01 1.17006093e-01 3.31197560e-01
    1.58903897e-02 4.38863724e-01 5.43939531e-01 9.56755280e-02
    4.81007636e-01 3.28077257e-01 5.84004521e-01 8.47462773e-01
    8.14824164e-01 5.79456031e-01 4.00133550e-01 5.86031854e-01
    5.23354352e-01 2.56124139e-01 2.30520993e-01 7.46031523e-01
    7.75407434e-01 9.71840799e-01 7.38210440e-01 4.60881293e-01
    2.73515642e-01 4.72105175e-01 8.97021055e-01 3.84626091e-02
    4.68756378e-01 6.89248204e-01 7.79389024e-01 1.99726254e-01
    6.32206738e-01 6.77755177e-02 9.31872725e-02 4.39776689e-01
    6.07453644e-01 9.56979871e-01 8.58158946e-01 2.36821413e-01
    9.49859738e-01 2.58750916e-02 7.99348831e-01 2.13157922e-01
    8.33943546e-01 9.66425896e-01 4.12629783e-01 4.96288538e-02
    4.24508721e-01 9.87338543e-01 1.87458962e-01 9.17987287e-01
    8.35329652e-01 4.60469007e-01 3.19413632e-01 8.20579827e-02
    3.77718866e-01 5.88176131e-01 9.36152935e-02 9.36450243e-01
    4.19327527e-01 7.80278087e-01 9.11880136e-02 5.40300727e-01
    1.46908194e-01 4.32146668e-01 2.91583747e-01 4.66465771e-01
    4.98918593e-02 1.85041547e-01 8.29743862e-01 4.86608118e-01
    1.56621963e-01 2.57919967e-01 5.41628540e-01 7.54187346e-01
    3.30876797e-01 4.81429189e-01 3.16316575e-01 4.88443792e-01
    4.85335499e-01 6.95881724e-01 5.21241188e-01 1.13962620e-01
    7.55236983e-01 4.20644820e-01 3.45868766e-01 5.03210425e-02
    2.82769620e-01 2.32608020e-01 2.63412714e-01 6.69232249e-01
    3.18947434e-01 3.09145749e-01 4.49676573e-01 4.47542757e-01
    2.68134952e-01 1.75133377e-01 5.39375305e-01 1.87487602e-01
    5.78239202e-01 6.32914543e-01 4.68582779e-01 6.90939724e-01
    8.64051223e-01 9.38152909e-01 2.16273963e-01 2.34021634e-01
    8.53885770e-01 4.53169554e-01 6.71778738e-01 1.10288441e-01
    5.17745018e-01 8.46842825e-01 1.11829311e-01 8.28987181e-01
    9.81054783e-01 8.63759816e-01 7.40036249e-01 4.15355921e-01
    2.34268785e-01 1.41441524e-02 3.23409945e-01 6.07435942e-01
    9.12453592e-01 5.07349312e-01 3.26424479e-01 4.95557457e-01
    8.61947179e-01 1.46642596e-01 2.94524610e-01 5.30774236e-01
    7.83252716e-02 9.89897847e-01 5.43411016e-01 2.09639668e-01
    7.55847931e-01 3.63616347e-02 5.66307306e-01 2.64925808e-01
    6.60210967e-01 5.97589374e-01 7.30304897e-01 2.31933981e-01
    1.10209554e-01 9.92370963e-01 7.13725448e-01 2.61366278e-01
    9.90674376e-01 6.41542912e-01 2.83225596e-01 8.62785995e-01
    7.23684907e-01 8.52527738e-01 5.20727754e-01 5.20488858e-01
    3.13507676e-01 7.14991927e-01 4.64926660e-02 3.09520066e-01
    5.51472604e-02 3.39778572e-01 5.59611678e-01 1.04888886e-01
    9.69945252e-01 5.63554168e-02 7.46496797e-01 1.99570239e-01
    8.88655782e-01 2.87136257e-01 5.24143398e-01 9.41850960e-01
    7.51971304e-02 3.45100760e-01 3.24677587e-01 9.90122795e-01
    1.53264880e-01 8.64733934e-01 5.87480068e-02 9.68065739e-01
    8.58251154e-01 6.23561442e-01 5.47223747e-01 3.78740728e-02
    3.07731003e-01 9.07178164e-01 3.84082317e-01 2.43594289e-01
    5.98846614e-01 3.57344627e-01 4.69204426e-01 6.99246109e-01
    4.75061834e-01 6.00120485e-01 4.55705136e-01 9.33299422e-01
    2.67735898e-01 3.55558395e-01 7.44137108e-01 2.36400366e-01
    3.95084083e-01 5.81994653e-02 7.80153871e-02 2.14353204e-02
    7.52870083e-01 1.47021383e-01 6.90031290e-01 7.11418629e-01
    6.41299546e-01 4.53566015e-02 6.45809710e-01 2.91172206e-01
    8.11956644e-01 3.45805109e-01 8.94827127e-01 9.80876505e-01
    3.09533656e-01 2.93368638e-01 9.40846682e-01 3.78627270e-01
    1.64240658e-01 2.65585601e-01 7.22595453e-02 5.79372644e-02
    1.25425965e-01 7.69649267e-01 4.52640295e-01 2.85291821e-01
    6.64829254e-01 7.01415718e-01 9.41776395e-01 7.94112921e-01
    3.69544297e-01 6.98881388e-01 1.63836211e-01 2.86845267e-02
    5.60758591e-01 4.58233416e-01 2.86441088e-01 8.64072442e-01
    6.35377228e-01 4.37162638e-01 4.69985127e-01 7.84026980e-01
    5.31878352e-01 4.59942490e-01 8.07350874e-01 5.52243352e-01
    8.10742319e-01 6.57802105e-01 6.92319632e-01 6.85226321e-01
    1.76854908e-01 2.12574393e-01 5.72025836e-01 8.45298946e-01
    8.52046788e-01 5.64108729e-01 5.33730805e-01 1.69086695e-01
    5.03121793e-01 7.29469359e-01 7.90620148e-01 9.08996940e-01
    9.08227861e-01 3.25551987e-01 4.44137216e-01 8.13400507e-01
    2.45998502e-02 9.15840745e-01 8.64123940e-01 1.46124929e-01
    9.39020514e-01 2.05737561e-01 7.63869584e-01 1.41564876e-01
    3.07722628e-01 3.61987352e-02 8.82957518e-01 5.14566839e-01
    9.01634216e-01 5.00494838e-02 9.13840234e-01 2.48774916e-01
    7.16070235e-02 2.64469594e-01 7.38867581e-01 3.15519631e-01
    7.39849508e-02 5.28650343e-01 6.84159696e-01 1.31279439e-01
    2.09962666e-01 7.02213645e-01 6.76230192e-01 9.93219972e-01
    2.72801518e-02 7.55062342e-01 6.73675418e-01 9.54139233e-01
    3.51582766e-01 1.55839741e-01 5.02181172e-01 9.31545258e-01
    6.23984337e-02 7.46413529e-01 2.42062628e-01 5.18602908e-01
    2.69715488e-01 5.30687511e-01 8.18656683e-01 8.69239926e-01
    8.29884708e-02 2.90914774e-02 9.74314988e-01 7.92476892e-01
    3.78241658e-01 1.42038792e-01 4.30214673e-01 5.80985546e-02
    4.00063455e-01 7.73219824e-01 6.44894838e-02 8.56322527e-01
    7.80142665e-01 1.38163209e-01 2.94768751e-01 2.27968335e-01
    6.39241934e-01 9.10654306e-01 8.44148397e-01 6.28136814e-01
    3.97272408e-01 5.22943914e-01 7.63791561e-01 9.46735740e-02
    3.92819524e-01 7.88419724e-01 8.71236622e-02 3.14337134e-01
    8.52549076e-02 5.47364235e-01 7.57380724e-01 7.66645968e-02
    5.03311634e-01 6.28395915e-01 6.18192434e-01 7.51894295e-01
    8.84649396e-01 5.34783602e-01 9.25770044e-01 4.23505872e-01
    1.26990020e-01 9.77635145e-01 7.10030019e-01 3.47501755e-01
    5.37135601e-02 6.38835728e-01 6.20666921e-01 2.60545850e-01
    6.52364373e-01 7.36433804e-01 9.67542887e-01 5.55602193e-01
    6.17020428e-02 6.70261800e-01 6.67475820e-01 7.11620867e-01
    8.35929215e-01 5.86263716e-01 9.76527929e-02 7.86625147e-02
    2.46245921e-01 3.25112224e-01 3.96052897e-01 3.81566346e-01
    2.15851724e-01 2.66365647e-01 8.31995606e-01 1.34310663e-01
    9.42485929e-01 9.90956128e-02 3.15305293e-01 5.56313992e-03
    1.90626234e-01 2.28249758e-01 5.12248993e-01 7.74900436e-01
    2.22283721e-01 6.43796444e-01 2.62548983e-01 4.77978140e-01
    8.08064103e-01 7.69793689e-02 9.13359880e-01 9.77880955e-01
    3.25593054e-01 7.77056336e-01 3.36197644e-01 6.78117156e-01
    9.47570562e-01 6.94546461e-01 4.58808482e-01 3.63459289e-02
    3.97747993e-01 6.20717585e-01 2.78332800e-01 6.60111904e-01
    4.27586496e-01 2.88698077e-03 9.97290075e-01 5.35687506e-01
    5.39016724e-01 5.84924459e-01 1.36159390e-01 2.10554719e-01
    3.50107193e-01 2.71988839e-01 5.68465352e-01 1.30079836e-01
    3.45980972e-01 9.62156951e-02 5.10541975e-01 4.57288176e-01
    6.85237646e-01 4.50797617e-01 1.62796736e-01 5.91125488e-01
    1.43343329e-01 6.30096316e-01 8.81698489e-01 8.36591721e-01
    8.21159840e-01 3.45116287e-01 5.19529223e-01 9.43517804e-01
    7.43954480e-02 2.73237467e-01 6.17130160e-01 8.31375122e-01
    3.56322378e-01 9.95640814e-01 5.59493423e-01 2.77986050e-01
    7.35559881e-01 8.87377143e-01 7.92151988e-01 5.11088908e-01
    5.81949532e-01 8.93604159e-01 3.42064798e-02 4.68418121e-01
    2.84007788e-01 9.83256459e-01 9.42897081e-01 2.39175081e-01
    6.38632417e-01 9.61700678e-02 1.32933974e-01 2.07527012e-01
    4.26405996e-01 1.75265670e-02 9.56402898e-01 1.41588181e-01
    7.62876987e-01 8.98224592e-01 9.04015064e-01 5.50141037e-02
    2.21018076e-01 6.04018867e-01 8.37106586e-01 7.28316009e-01
    9.90682006e-01 6.96271539e-01 4.08996463e-01 6.83814883e-01
    8.32499325e-01 8.34036589e-01 8.03815484e-01 8.62379432e-01
    6.49482012e-01 9.12969232e-01 7.28762746e-01 5.90255678e-01
    5.77267170e-01 3.21288526e-01 7.01713860e-01 9.77933526e-01
    1.16931409e-01 1.49852157e-01 5.10768235e-01 8.43714476e-01
    8.33631158e-01 7.92750597e-01 2.12872177e-01 3.54427546e-01
    3.07206511e-01 8.99438262e-01 8.88965309e-01 2.33977169e-01
    4.90741313e-01 3.13302338e-01 4.74389434e-01 6.30179524e-01
    7.98686743e-01 6.14509881e-01 5.02797246e-01 1.38066858e-01
    2.58254677e-01 6.14876509e-01 9.32973146e-01 8.52809072e-01
    9.66880023e-01 6.30333304e-01 1.26691014e-01 3.40431631e-01
    5.10797143e-01 4.81660455e-01 7.75433719e-01 5.12918115e-01
    4.63286787e-01 1.65476173e-01 9.18738723e-01 4.91619974e-01
    4.38276738e-01 7.13354886e-01 8.76113176e-01 5.42873919e-01
    2.02160090e-01 5.23994386e-01 7.60191321e-01 9.82638240e-01
    8.25331450e-01 7.11698055e-01 6.05149448e-01 3.09220374e-01
    1.22305512e-01 6.98958635e-01 3.47715318e-02 9.02215838e-02
    9.12188590e-02 7.95399308e-01 4.74251479e-01 4.55980301e-02
    5.58481872e-01 9.21725214e-01 6.96930528e-01 2.26027340e-01
    3.81161332e-01 7.88545132e-01 9.76101756e-01 8.59868169e-01
    5.45758963e-01 4.96780336e-01 4.84551430e-01 7.04901755e-01
    8.56562495e-01 9.84874487e-01 1.31267399e-01 3.64236593e-01
    4.77824360e-01 8.13314557e-01 8.55484724e-01 7.45592058e-01
    8.20980668e-01 6.80459797e-01 7.63780773e-01 2.77503073e-01
    6.51853442e-01 6.45165443e-01 3.03908110e-01 3.09938252e-01
    6.82238996e-01 9.15064156e-01 5.45588732e-01 2.36436129e-01
    4.92982864e-01 9.33748126e-01 8.82397234e-01 4.41340744e-01
    9.85325098e-01 8.06532025e-01 4.89630878e-01 7.15453863e-01
    4.23640490e-01 4.11403984e-01 7.36459613e-01 9.16546941e-01
    2.70917565e-01 7.92563796e-01 9.45780277e-01 2.28624016e-01
    7.13855028e-01 9.65358138e-01 8.24616551e-01 3.76554608e-01
    8.38440418e-01 9.87045884e-01 3.97569060e-01 8.07224512e-01
    4.14477378e-01 5.73941827e-01 5.77914119e-02 1.47858441e-01
    6.79635167e-01 1.04753971e-02 9.63768125e-01 1.25311673e-01
    7.81738460e-02 5.86580038e-01 3.76123965e-01 6.03837550e-01
    1.67552561e-01 8.92843962e-01 9.21550333e-01 3.64496231e-01
    2.06419915e-01 6.04695916e-01 7.02875376e-01 5.11763155e-01
    9.47843969e-01 2.37312227e-01 2.73701251e-01 8.42261314e-01
    5.37087142e-01 6.77445292e-01 2.63668239e-01 1.30182326e-01
    8.69054556e-01 3.02684903e-01 7.21686363e-01 2.36003757e-01
    7.48634934e-01 7.04058230e-01 3.40946257e-01 6.80646241e-01
    6.55203342e-01 5.09120762e-01 6.54296517e-01 9.76670802e-01
    2.53574759e-01 7.49774814e-01 7.04487026e-01 9.60350335e-02
    7.30932534e-01 3.89923126e-01 1.69889718e-01 7.14972913e-02
    8.03475976e-01 9.45405841e-01 2.99615771e-01 5.78388929e-01
    8.13499212e-01 5.50667822e-01 3.94116104e-01 4.39996302e-01
    3.52516949e-01 7.63577521e-01 5.96273839e-01 3.04726541e-01
    3.98194969e-01 2.45985210e-01 3.41376364e-02 8.86289954e-01
    4.62273747e-01 5.18395901e-02 6.27372503e-01 1.94128215e-01
    4.59325701e-01 6.56647444e-01 4.15029645e-01 1.59500182e-01
    2.08011448e-01 2.26259381e-01 1.04390860e-01 5.70077777e-01
    1.75098360e-01 3.63588989e-01 6.57099843e-01 6.42549634e-01
    9.53076005e-01 2.42520899e-01 1.26293600e-01 1.80718184e-01
    3.36527973e-01 2.37322748e-02 8.94901752e-01 3.11923683e-01
    7.64779091e-01 6.31078660e-01 9.87881958e-01 1.99265361e-01
    1.07186079e-01 1.04595423e-01 5.99583387e-01 2.93504357e-01
    1.11472696e-01 1.75388545e-01 3.54702383e-01 2.19619334e-01
    4.67306674e-02 6.35574102e-01 5.75959504e-01 8.26771200e-01
    5.78018010e-01 9.33228374e-01 8.17933857e-01 4.06091183e-01
    9.45676804e-01 1.34768307e-01 6.18564487e-01 3.33546579e-01
    4.32279944e-01 2.06787258e-01 8.12583029e-01 8.59372497e-01
    7.21574306e-01 6.68166220e-01 1.26327276e-02 7.96406865e-01
    8.50491941e-01 2.51287490e-01 5.18302321e-01 6.96329355e-01
    1.88304514e-01 9.17578340e-01 8.98681223e-01 2.84781128e-01
    5.27832210e-01 7.97744393e-02 5.52345335e-01 9.10745263e-02
    7.89902091e-01 2.81779766e-02 2.60453999e-01 9.10237670e-01
    8.67528200e-01 4.26102012e-01 8.73549342e-01 6.92789078e-01
    8.18506241e-01 3.74993742e-01 6.82806313e-01 3.79389584e-01
    2.66056418e-01 5.68098426e-01 4.14581299e-01 8.29336107e-01
    9.96372879e-01 8.58779430e-01 4.80205417e-02 2.18205988e-01
    3.90300006e-01 7.01373816e-03 1.66849345e-01 3.13633025e-01
    1.47206694e-01 5.82742870e-01 4.65668857e-01 5.82626760e-01
    9.86438990e-01 6.36717737e-01 5.52902579e-01 4.91316348e-01
    8.14772129e-01 4.38352823e-01 6.28419518e-02 9.98869658e-01
    7.67379284e-01 2.71843433e-01 6.19175434e-02 1.86224312e-01
    5.53944945e-01 2.62965262e-01 1.19508862e-01 5.12948751e-01
    5.51087499e-01 9.40136671e-01 7.94123411e-01 6.38925552e-01
    5.08954048e-01 2.66446739e-01 6.79950535e-01 7.80057192e-01
    9.62844193e-01 7.42333114e-01 6.02078199e-01 2.87868381e-02
    8.77854824e-01 3.20106894e-01 8.34407508e-01 5.19376814e-01
    8.66798759e-01 9.43675160e-01 1.19209945e-01 7.69253790e-01
    1.94653571e-01 7.73766994e-01 1.22487366e-01 1.06328934e-01
    5.60241759e-01 8.26081395e-01 6.06543720e-01 3.67229044e-01
    6.45209789e-01 4.02086556e-01 6.43165112e-01 6.82638407e-01
    4.10798907e-01 2.73050725e-01 9.85007823e-01 3.39943290e-01
    6.26121283e-01 9.61369336e-01 6.75414920e-01 4.55515981e-02
    6.25686884e-01 5.27246892e-01 6.86658680e-01 6.71307385e-01
    5.49179554e-01 4.14821625e-01 4.87324446e-01 6.52444839e-01
    7.66803861e-01 1.59882724e-01 4.94105518e-01 8.94062638e-01
    4.32234854e-01 7.42003798e-01 4.65111136e-01 1.98220879e-01
    6.65674448e-01 2.30106980e-01 7.33326435e-01 5.95001996e-01
    8.18722308e-01 1.55005187e-01 7.49511540e-01 9.05480564e-01
    8.35340977e-01 7.63826251e-01 5.61594903e-01 5.00761330e-01
    3.68040770e-01 6.70657992e-01 1.29194230e-01 7.11520553e-01
    3.84814173e-01 2.91764438e-02 7.71336854e-02 5.70710003e-01
    4.63592082e-01 9.09732223e-01 8.91212583e-01 6.07312918e-02
    3.47812653e-01 7.80166984e-01 6.64539456e-01 5.27462065e-02
    4.11191553e-01 3.24931145e-02 7.90509880e-02 5.24467349e-01
    3.22312057e-01 4.01860774e-01 5.53179860e-01 5.48504531e-01
    5.03801107e-01 7.51040101e-01 4.34562862e-02 3.97380561e-01
    4.46491957e-01 6.76751137e-02 3.99907500e-01 9.25448060e-01
    7.91920424e-01 6.30324900e-01 7.41233647e-01 2.16595531e-02
    7.06193686e-01 2.75612652e-01 6.78034544e-01 8.93373072e-01
    5.86887062e-01 2.15756059e-01 9.08084035e-01 5.16967356e-01
    5.47119319e-01 8.89012694e-01 7.09996223e-01 1.11809611e-01
    8.63511205e-01 3.17161500e-01 8.43718767e-01 7.30903745e-02
    6.20124936e-01 1.18844360e-01 4.34659511e-01 5.85892856e-01
    1.13106519e-01 5.89600861e-01 8.49322915e-01 4.38760728e-01
    9.16046560e-01 5.16900539e-01 1.09469175e-01 6.43620729e-01
    7.87080050e-01 9.49798644e-01 5.53736210e-01 5.24092257e-01
    2.74798810e-01 6.09719992e-01 2.72653818e-01 2.24353582e-01
    7.92313457e-01 4.18685168e-01 7.48879611e-01 8.36071372e-02
    8.66888881e-01 2.38931865e-01 9.71266985e-01 7.34947681e-01
    9.84429181e-01 2.50152886e-01 5.16599774e-01 7.74532735e-01
    3.55786681e-01 7.54111111e-02 1.94087982e-01 3.23216021e-02
    7.47957468e-01 6.49786472e-01 5.33719361e-02 3.91762257e-01
    3.96364838e-01 7.72648811e-01 8.83527994e-01 1.78313076e-01
    1.76824570e-01 1.75276697e-01 6.33938789e-01 9.82795060e-01
    7.83499837e-01 6.08521461e-01 1.54709220e-02 8.85680020e-01
    1.28516167e-01 6.21513605e-01 5.41986108e-01 5.79810739e-01
    1.78469568e-01 5.45184255e-01 6.72530591e-01 5.18842697e-01
    9.82287645e-01 3.30294549e-01 4.86981839e-01 1.25152409e-01
    5.90061605e-01 1.20605379e-01 9.56800938e-01 1.70800805e-01
    6.87743247e-01 5.61251760e-01 8.11106801e-01 5.01699805e-01
    2.97256708e-02 2.61247873e-01 7.05056369e-01 1.38615161e-01
    8.68308902e-01 9.61778522e-01 1.11369669e-01 5.66364169e-01
    6.89432621e-02 4.06660110e-01 7.90466547e-01 1.85522586e-01
    5.40943384e-01 9.81636643e-02 2.85158932e-01 6.78155780e-01
    7.10824668e-01 3.56519818e-02 5.97818136e-01 1.55967325e-01
    4.97127563e-01 9.24306095e-01 7.19821692e-01 4.31928337e-01
    7.19410658e-01 6.49639964e-01 1.05180055e-01 9.99847531e-01
    5.94222367e-01 4.64112759e-01 4.30804759e-01 2.36455798e-02
    9.04130280e-01 3.92988920e-02 1.02116108e-01 6.73989356e-02
    2.12308705e-01 2.50604689e-01 6.77466691e-02 9.49849486e-02
    7.21003532e-01 1.65934086e-01 9.09757018e-02 9.15105700e-01
    1.89498395e-01 5.05119979e-01 8.54496241e-01 5.30032992e-01
    6.79193139e-01 9.32671487e-01 1.82124078e-01 4.97954547e-01
    4.35622156e-01 4.82747257e-02 7.79139161e-01 8.24782014e-01
    4.55844641e-01 6.62606657e-02 4.19508517e-02 6.11314237e-01
    6.73265457e-02 2.01382637e-02 4.59422261e-01 1.84680283e-01
    6.13635957e-01 7.22759962e-03 7.57754385e-01 3.33513021e-02
    3.70856166e-01 3.50115389e-01 3.51987600e-01 4.23500985e-01
    8.46114755e-02 5.75248003e-01 6.33347750e-01 3.05513382e-01
    9.73784804e-01 1.32500529e-01 4.74583387e-01 3.72056693e-01
    4.59837615e-01 2.23817825e-02 7.81821787e-01 8.50572824e-01
    8.74357462e-01 5.92789352e-01 4.21822906e-01 5.83017886e-01
    5.78966081e-01 8.59853864e-01 3.39110196e-01 6.09014094e-01
    1.88326597e-01 9.33940649e-01 4.46530700e-01 7.41858602e-01
    3.75177711e-01 3.84962529e-01 6.59336865e-01 7.99809694e-01
    3.18151414e-02 7.99332261e-01 4.11013305e-01 1.74023628e-01
    6.81556463e-02 8.42402816e-01 7.83887386e-01 5.78896105e-01
    3.07848096e-01 1.84883296e-01 4.47108775e-01 8.04740489e-02
    2.53499925e-01 2.54276901e-01 8.95570576e-01 1.18116856e-01
    2.88139910e-01 2.23907411e-01 2.72456408e-02 3.42943430e-01
    4.03467327e-01 3.03461432e-01 6.12787962e-01 8.06612492e-01
    6.69628143e-01 3.74645978e-01 7.33844161e-01 6.74830198e-01
    4.89091218e-01 2.86516368e-01 6.80301487e-01 8.18691015e-01
    8.19151759e-01 7.55370796e-01 5.83951592e-01 9.33029115e-01
    4.47686344e-01 1.88266605e-01 1.38473034e-01 6.20016515e-01
    3.33903849e-01 6.70707047e-01 3.89785707e-01 5.92017114e-01
    8.62856030e-01 1.38653874e-01 2.65382409e-01 1.46486014e-01
    5.02045155e-01 9.20228362e-01 8.67123544e-01 9.91432965e-01
    1.95868224e-01 8.38639379e-01 1.30446851e-02 5.88272691e-01
    5.21576345e-01 8.37427258e-01 7.31469631e-01 9.42099810e-01
    5.92649281e-02 3.98493469e-01 4.98819917e-01 4.07292187e-01
    6.60308242e-01 9.79698896e-01 3.65451038e-01 7.38276780e-01
    6.65822446e-01 7.68918991e-01 3.21962297e-01 5.74508429e-01
    7.03557611e-01 1.16694152e-01 1.40135467e-01 6.52804494e-01
    1.17772341e-01 4.70726311e-01 9.57538247e-01 9.29508626e-01
    5.11165023e-01 4.78722334e-01 1.25944465e-01 4.56018120e-01
    3.15384984e-01 9.16995585e-01 1.87491328e-01 5.10582864e-01
    9.79515254e-01 9.53679204e-01 3.33866477e-02 1.47662640e-01
    4.54684496e-01 9.04785931e-01 2.63994336e-01 8.82567167e-02
    1.96819514e-01 5.55709183e-01 1.63583696e-01 3.36703598e-01
    4.54686165e-01 7.17545509e-01 1.93148285e-01 2.21948743e-01
    8.72194409e-01 7.90652514e-01 9.49134946e-01 8.38627815e-01
    8.62222195e-01 6.56092584e-01 3.97521287e-01 2.42892563e-01
    5.28329194e-01 7.20776200e-01 7.66572595e-01 3.70801270e-01
    8.64877045e-01 1.66903794e-01 6.14449680e-02 7.06225991e-01
    4.84466463e-01 5.85067630e-01 1.14187002e-02 7.72422552e-01
    6.93303823e-01 3.36418420e-01 4.22867566e-01 6.81357801e-01
    6.15118504e-01 7.99787283e-01 1.32398695e-01 6.07216597e-01
    6.95036530e-01 8.28645527e-02 9.07744467e-02 7.66768515e-01
    7.58532643e-01 9.63920951e-01 6.92355037e-02 7.08478451e-01
    7.91195154e-01 7.14779258e-01 9.91958261e-01 9.16155517e-01
    6.44941032e-01 3.00565124e-01 1.64572597e-02 3.76652986e-01
    3.35078269e-01 6.33303761e-01 9.10182059e-01 1.26144350e-01
    4.91546869e-01 5.59569895e-01 1.95787430e-01 1.84999019e-01
    3.34692925e-01 8.01810622e-01 3.97099972e-01 9.63105261e-02
    7.41208613e-01 9.93587732e-01 5.10771930e-01 5.29550433e-01
    3.74013871e-01 6.57161713e-01 1.84760362e-01 2.50679791e-01
    5.49083650e-02 6.39085591e-01 2.17782348e-01 2.62582928e-01
    2.89208412e-01 8.72059941e-01 8.99017274e-01 4.51423466e-01
    2.51194417e-01 7.98992038e-01 2.33368903e-01 7.15276301e-01
    8.95058870e-01 8.64974558e-02 2.00435698e-01 4.11518335e-01
    5.79756618e-01 6.78881884e-01 5.90740561e-01 4.93136406e-01
    8.96404386e-01 8.50681067e-01 6.63700223e-01 1.12407327e-01
    4.08209354e-01 3.37964773e-01 4.30936515e-01 6.27107382e-01
    6.08531833e-01 7.95664549e-01 5.47456563e-01 6.21640563e-01
    5.58129489e-01 2.15136707e-01 4.09334570e-01 9.67064619e-01
    1.23049200e-01 6.13195956e-01 2.19118863e-01 3.73814166e-01
    1.78983003e-01 4.26583916e-01 1.51904374e-01 3.37892443e-01
    4.11606640e-01 8.72918844e-01 3.48863602e-02 5.72041214e-01
    9.79032159e-01 5.70705473e-01 8.86933804e-01 6.12105191e-01
    1.49044484e-01 2.75430322e-01 9.23474193e-01 4.35388178e-01
    2.15068579e-01 7.63694227e-01 1.21429771e-01 9.00876522e-01
    1.40095830e-01 6.95371509e-01 2.37280130e-02 8.40615749e-01
    6.61043763e-01 9.66313899e-01 4.50812042e-01 9.29800451e-01
    8.70406926e-01 8.06853175e-02 6.94793940e-01 6.43316507e-02
    2.45455861e-01 3.96901548e-01 6.45936131e-01 9.87908363e-01
    6.57071471e-01 2.39256322e-01 5.14588356e-01 9.34028387e-01
    7.78505802e-01 4.54984516e-01 4.74343002e-02 4.48096693e-01
    5.41920543e-01 7.24584460e-02 9.78157520e-02 4.39542323e-01
    9.70652878e-01 5.23073792e-01 5.48201859e-01 4.38080817e-01
    3.75892043e-01 4.20584768e-01 9.37963665e-01 7.33989060e-01
    6.31283045e-01 6.90621912e-01 6.09112442e-01 2.59084463e-01
    3.78742546e-01 5.23210466e-01 9.76669431e-01 3.70978564e-01
    7.82898664e-01 6.65533304e-01 4.38904226e-01 1.77885950e-01
    3.47912103e-01 6.59934163e-01 4.41213220e-01 3.51884484e-01
    5.81211269e-01 4.18917447e-01 3.68539244e-01 4.33423609e-01
    4.96122718e-01 8.24574828e-01 8.69262099e-01 2.30728954e-01
    6.26669526e-01 7.53907144e-01 4.22396541e-01 1.76647007e-01
    5.53176403e-01 2.72518575e-01 8.08763742e-01 8.11260462e-01
    3.36973071e-02 7.39955544e-01 7.74593651e-01 4.72572237e-01
    1.90812945e-01 3.33955824e-01 2.55544186e-01 8.51205051e-01
    7.40843773e-01 5.59583127e-01 7.10668802e-01 2.23707497e-01
    7.26324677e-01 6.17121279e-01 5.61301887e-01 8.56601059e-01
    7.44544029e-01 7.57980525e-01 3.44613791e-01 7.80330062e-01
    1.43582493e-01 3.29165816e-01 2.36679614e-01 4.45904881e-01
    1.87292010e-01 2.45115846e-01 1.45792902e-01 6.91232324e-01
    5.90241134e-01 9.11278486e-01 6.24320924e-01 7.32538044e-01
    1.80271417e-01 1.83754355e-01 6.82665050e-01 7.91459441e-01
    5.72838783e-01 3.99938881e-01 3.55369568e-01 3.96566868e-01
    2.68939614e-01 3.36711109e-02 4.20622170e-01 9.80225921e-01
    1.78914249e-01 9.46725786e-01 3.60185146e-01 9.54467654e-02
    5.48554957e-02 4.69272137e-01 4.12613630e-01 3.44117641e-01
    5.05762696e-02 3.72787029e-01 5.27694106e-01 4.35461521e-01
    6.90881491e-01 8.60647559e-01 5.27086616e-01 4.61880267e-02
    6.18322968e-01 1.67644560e-01 8.58238339e-02 5.21970809e-01
    7.92555332e-01 3.03874373e-01 5.19097805e-01 8.02684486e-01
    8.90687108e-01 6.74528122e-01 8.38445902e-01 6.92927182e-01
    4.82501149e-01 8.40716004e-01 4.55010235e-01 1.00717485e-01
    1.46777362e-01 4.84027386e-01 6.06335580e-01 6.70868874e-01
    8.42220664e-01 1.43817574e-01 9.72783685e-01 1.09837800e-01
    9.73984718e-01 2.57725298e-01 1.71420574e-02 3.70726794e-01
    2.11313665e-01 3.62556010e-01 4.82836127e-01 4.84886199e-01
    2.44208932e-01 1.81373537e-01 8.07577729e-01 5.99367559e-01
    7.91960001e-01 6.16020560e-02 6.04032576e-01 2.73401737e-02
    7.46144414e-01 8.44345570e-01 2.43676722e-01 8.91636908e-02
    7.00643361e-02 4.76826400e-01 9.07717109e-01 3.32263321e-01
    1.13536775e-01 1.04059249e-01 6.99895620e-01 8.92581642e-02
    5.41712046e-01 5.14805615e-01 4.49273437e-01 4.56646383e-01
    8.41511428e-01 5.95077217e-01 8.54672551e-01 3.63863230e-01
    6.36056602e-01 1.42365694e-03 7.37118840e-01 5.16435921e-01
    3.41108978e-01 5.52447319e-01 5.14738858e-01 3.52765381e-01
    6.13964617e-01 8.86629462e-01 3.56821239e-01 4.07933414e-01
    5.60999215e-01 1.97269917e-01 7.26810098e-02 7.46508360e-01
    6.14826262e-01 8.88102055e-01 5.29862046e-01 1.26496404e-01
    2.99316555e-01 3.82721275e-01 2.05068707e-01 2.40764171e-01
    7.70720959e-01 4.43215251e-01 5.33734262e-01 8.04993808e-02
    5.70280612e-01 6.60114050e-01 2.58407235e-01 2.91320264e-01
    2.46095091e-01 2.07222074e-01 3.05276513e-01 6.99559093e-01
    8.51833284e-01 2.29916096e-01 1.40640467e-01 8.97833705e-01
    9.89106834e-01 6.49148583e-01 3.28022361e-01 7.64113307e-01
    8.66263688e-01 4.64173257e-01 2.54575253e-01 2.42924243e-01
    4.47328985e-01 2.47083396e-01 5.03441930e-01 5.10348439e-01
    4.54230398e-01 8.47103238e-01 8.05384636e-01 5.41836619e-02
    5.49544513e-01 6.84939563e-01 8.15585971e-01 9.09513116e-01
    8.25379848e-01 1.46922588e-01 2.02364177e-01 9.68384862e-01
    8.30595851e-01 1.77837431e-01 3.28713715e-01 4.87721145e-01
    8.67190361e-01 1.64801866e-01 4.68260050e-03 4.20781195e-01
    4.53540087e-02 3.85936767e-01 5.94087005e-01 5.00020444e-01
    9.77855921e-02 1.42752439e-01 5.81097484e-01 9.34585690e-01
    8.61925244e-01 2.10150272e-01 9.00781989e-01 1.05136633e-02
    3.51918042e-01 2.02424735e-01 1.57777250e-01 3.37013066e-01
    5.60465753e-01 9.74537373e-01 3.95101398e-01 9.82382596e-02
    2.95229375e-01 5.00069857e-01 9.78307605e-01 8.87490034e-01
    2.96853840e-01 6.09628618e-01 2.56711125e-01 6.06758237e-01
    3.48868668e-02 2.68504560e-01 7.79692769e-01 8.25554729e-01
    8.89016271e-01 1.03500277e-01 6.23162568e-01 5.69682300e-01
    6.97410703e-01 1.37346417e-01 7.66211987e-01 9.79362130e-01
    8.64818096e-01 2.70736217e-01 3.95626724e-02 8.69336605e-01
    8.86851966e-01 6.12055361e-02 4.73062903e-01 1.45835370e-01
    9.68089223e-01 9.84250486e-01 1.86160654e-01 9.47013259e-01
    4.17221278e-01 7.80823469e-01 3.09188962e-01 1.54863596e-02
    5.72348714e-01 2.33776778e-01 5.83066940e-01 7.15917110e-01
    5.10374665e-01 3.97148132e-01 3.65040869e-01 7.94600129e-01
    6.06793582e-01 8.40718746e-02 3.07030320e-01 8.37453127e-01
    2.23567009e-01 5.17577291e-01 1.92942619e-02 5.08225024e-01
    5.43684840e-01 9.37607765e-01 9.17580187e-01 4.52461332e-01
    9.34266508e-01 5.36706507e-01 9.57030177e-01 7.36449659e-02
    5.56051731e-02 6.23181760e-02 6.17375731e-01 7.61307120e-01
    5.71294129e-02 9.11316752e-01 1.34314179e-01 6.28765821e-01
    5.93293548e-01 7.04360008e-01 6.93789303e-01 8.04226041e-01
    6.22394681e-01 2.02327222e-01 7.62297511e-01 4.58068848e-02
    4.99267578e-02 5.69467962e-01 5.73046803e-01 8.12530041e-01
    9.39640462e-01 9.81906891e-01 7.89552748e-01 4.39735681e-01
    9.62800741e-01 6.09476209e-01 1.09703600e-01 5.63724816e-01
    5.07759571e-01 2.53238261e-01 6.83489442e-01 1.49347633e-01
    2.09936678e-01 5.52657783e-01 1.32912755e-01 6.85187578e-01
    8.48584831e-01 2.00901479e-01 3.33416462e-01 1.12615347e-01
    3.80005568e-01 6.76167965e-01 2.08128154e-01 9.01198268e-01
    2.21738696e-01 4.54479426e-01 8.19855332e-01 5.92129350e-01
    5.50336003e-01 5.49955904e-01 2.89628804e-01 8.73286009e-01
    4.05456245e-01 8.73311043e-01 5.73095322e-01 9.28823829e-01
    7.31327534e-02 8.70914936e-01 4.19962406e-02 2.46278822e-01
    9.96444762e-01 4.82344449e-01 6.66110873e-01 5.31089962e-01
    3.37831080e-02 9.55515981e-01 2.09283829e-03 5.74748456e-01
    4.97237802e-01 3.21922898e-02 6.50973439e-01 7.66227245e-01
    9.18193698e-01 6.14981413e-01 2.68822968e-01 2.88208544e-01
    1.52721852e-01 5.91678739e-01 6.97587430e-02 6.95032775e-02
    2.43399143e-02 9.34303641e-01 5.60472608e-01 7.55098462e-01
    1.74758255e-01 2.25212932e-01 6.01879895e-01 6.84370637e-01
    2.34004289e-01 2.86380529e-01 6.85643852e-01 1.98770285e-01
    6.00260079e-01 3.84110421e-01 9.35977936e-01 7.37835884e-01
    5.33055663e-01 8.67515147e-01 7.64490962e-02 7.90035546e-01
    4.07924652e-02 8.37101638e-02 8.32985759e-01 1.98495865e-01
    1.35940671e-01 7.03646779e-01 6.84477687e-01 8.21232557e-01
    4.30420548e-01 6.11166835e-01 8.47077131e-01 8.26343596e-02
    9.87163723e-01 4.19927865e-01 1.62920415e-01 3.66639197e-02
    6.89638436e-01 9.13951874e-01 1.18289471e-01 5.88524342e-03
    4.51825738e-01 7.73185611e-01 5.08248150e-01 2.51953483e-01
    1.18237436e-02 2.89870232e-01 1.23951495e-01 1.08970523e-01
    8.00092161e-01 2.93729872e-01 6.94672048e-01 8.57535362e-01
    2.44935155e-02 7.77805448e-01 9.08473432e-01 9.35781896e-01
    5.73429346e-01 3.24035227e-01 5.60837030e-01 7.15910196e-01
    5.25047421e-01 3.28588188e-01 1.85993314e-01 2.19493717e-01
    8.73299778e-01 4.69962358e-02 3.22639912e-01 7.40554690e-01
    7.47614801e-02 9.21345830e-01 4.29553688e-01 7.24652886e-01
    8.98455381e-01 3.19496632e-01 9.95204091e-01 2.87906021e-01
    5.03497362e-01 1.85946882e-01 9.60415006e-01 9.08693910e-01
    3.67692769e-01 2.74563968e-01 9.57726955e-01 2.89876878e-01
    5.87262571e-01 5.42490065e-01 2.26946980e-01 3.45388293e-01
    4.32996303e-01 7.87346721e-01 1.93721294e-01 6.46053255e-02
    6.67374253e-01 9.60509419e-01 2.72302449e-01 7.22600639e-01
    8.53052497e-01 3.79243255e-01 1.51970685e-02 6.47315979e-01
    5.50262809e-01 6.92647696e-01 8.24639916e-01 2.64097720e-01
    5.70864320e-01 1.16775155e-01 9.31904197e-01 5.84073067e-01
    1.81386530e-01 4.79761600e-01 8.05415928e-01 5.99725008e-01
    6.45895183e-01 4.42703664e-01 4.60190684e-01 4.76078480e-01
    5.81176281e-01 3.19037855e-01 2.63781309e-01 2.74598420e-01
    4.54486012e-01 8.96348894e-01 1.13952130e-01 4.79945779e-01
    2.00759113e-01 1.76467150e-01 4.04248416e-01 2.43678689e-03
    6.33320332e-01 2.15825379e-01 8.57789099e-01 9.56742167e-02
    3.36040258e-01 5.49566686e-01 9.50183988e-01 9.66386974e-01
    5.67429960e-01 1.38767958e-01 9.86324131e-01 5.30447125e-01
    8.62838089e-01 6.72988236e-01 8.76573801e-01 4.53157037e-01
    6.07981384e-02 5.21143794e-01 3.97456765e-01 7.46543765e-01
    6.14108324e-01 6.97630644e-01 2.06145763e-01 1.29933655e-01
    6.82888269e-01 4.78783548e-01 4.32689428e-01 8.19706202e-01
    9.99469161e-01 5.47344089e-01 1.26613081e-02 7.40939021e-01
    7.82562315e-01 6.40149117e-02 2.23997623e-01 4.07942295e-01
    9.91559267e-01 5.18367410e-01 8.92326415e-01 2.47922570e-01
    1.48314595e-01 2.70007163e-01 5.23018718e-01 5.36694646e-01
    6.46905720e-01 7.60703027e-01 6.42387211e-01 7.80243993e-01
    7.64293551e-01 3.99993896e-01 6.57119036e-01 9.86031294e-01
    8.20443988e-01 2.55962610e-02 4.33740616e-02 2.43985534e-01
    3.65757108e-01 2.61693239e-01 3.13576579e-01 2.42467999e-01
    7.28473246e-01 1.71992332e-01 9.73147154e-01 7.91316330e-01
    5.36029518e-01 1.57141924e-01 8.93422961e-01 7.80031443e-01
    3.54584992e-01 6.62110746e-01 4.16591048e-01 5.43619394e-01
    7.32894361e-01 5.24092436e-01 6.76538944e-01 6.55811965e-01
    2.52353638e-01 9.07104671e-01 5.47598302e-01 3.52618724e-01
    6.24453604e-01 6.31995916e-01 7.60773420e-01 1.44363344e-02
    5.32281220e-01 4.41402197e-03 9.77638483e-01 7.02645540e-01
    2.31129318e-01 2.20004916e-02 8.43050361e-01 9.69090819e-01
    1.09371871e-01 6.56366169e-01 6.00894451e-01 3.89664054e-01
    7.10664988e-02 8.63049328e-02 7.27535963e-01 8.87375116e-01
    4.55982804e-01 3.47147137e-01 4.40018892e-01 7.54240513e-01
    3.09289157e-01 3.68049741e-03 1.86924070e-01 7.62785077e-02
    7.26235986e-01 6.44290924e-01 6.39109313e-01 1.53060883e-01
    7.02009261e-01 8.54164243e-01 3.22375178e-01 7.55539417e-01
    3.67359877e-01 2.79255122e-01 8.83287966e-01 7.74355292e-01
    4.49603498e-02 6.95017576e-01 2.87787378e-01 4.77183044e-01
    2.99768448e-01 5.45494974e-01 9.16234851e-01 9.24954057e-01
    1.09030426e-01 4.48776215e-01 5.80067337e-02 1.04411513e-01
    8.39315414e-01 9.53716695e-01 9.11497831e-01 8.58233571e-01
    9.45193708e-01 8.83710384e-01 7.74567008e-01 6.56669676e-01
    8.35782409e-01 5.01583815e-01 3.95418793e-01 4.07929182e-01
    8.35442901e-01 3.29118997e-01 7.75945544e-01 1.53160691e-01
    7.21094847e-01 9.81122375e-01 7.51806855e-01 9.05248046e-01
    6.56712890e-01 4.18212295e-01 9.68837738e-01 8.84859324e-01
    3.56941968e-01 3.86321187e-01 8.56086969e-01 4.67221618e-01
    8.69552612e-01 1.01807475e-01 1.35385454e-01 4.11888927e-01
    8.78754377e-01 7.32128501e-01 8.25774670e-01 8.39296877e-02
    5.23954690e-01 9.21662688e-01 2.88565129e-01 3.26099873e-01
    1.00633711e-01 1.95355415e-01 5.23792863e-01 5.47761321e-02
    7.74675190e-01 1.67674363e-01 8.58227611e-01 5.25967777e-01
    1.89788043e-01 6.96542203e-01 2.17818916e-01 9.96330380e-03
    6.57884181e-02 5.34600675e-01 8.68003964e-01 4.74963099e-01
    2.42080092e-01 7.75085986e-02 4.25050884e-01 4.74494696e-02
    7.37361372e-01 1.55855834e-01 5.78204215e-01 3.18691105e-01
    7.59110808e-01 3.25195819e-01 1.91638112e-01 3.06071281e-01
    4.91328180e-01 6.33485138e-01 5.25615811e-01 7.12444425e-01
    9.71092880e-02 1.71540171e-01 6.63564503e-01 5.38197100e-01
    9.50933576e-01 1.40915364e-01 4.91222978e-01 8.44909489e-01
    7.08858907e-01 1.53953403e-01 3.75459373e-01 5.38349748e-01
    6.30878508e-02 3.49199653e-01 4.28215772e-01 7.61873126e-01
    7.07832992e-01 8.43179941e-01 4.68434095e-01 9.41712856e-02
    7.22388864e-01 6.16699159e-02 4.63101506e-01 8.97109568e-01
    8.15958261e-01 2.89144009e-01 8.48267972e-02 6.75637662e-01
    5.25594532e-01 6.03949010e-01 9.71057773e-01 7.84835935e-01
    3.90578896e-01 8.86806011e-01 5.72385848e-01 9.40924525e-01
    3.88013542e-01 9.40063000e-01 7.83288956e-01 1.13414973e-01
    9.25407410e-01 8.28545690e-01 5.76978683e-01 4.18874800e-01
    7.79122472e-01 7.36976743e-01 1.61373466e-01 3.70884657e-01
    7.09638953e-01 1.63712442e-01 3.12698841e-01 2.49833375e-01
    8.80950332e-01 4.38124895e-01 7.36458898e-02 1.48696244e-01
    2.72008419e-01 7.10717261e-01 6.40019476e-01 2.96055108e-01
    4.32154864e-01 8.76241088e-01 2.67053276e-01 2.40291655e-01
    4.87549484e-01 7.08758354e-01 5.23132086e-01 4.51895118e-01
    2.75637686e-01 5.15703201e-01 2.97065437e-01 9.46573734e-01
    6.83743596e-01 4.89467204e-01 9.73971128e-01 8.17455947e-02
    1.94363564e-01 8.70975971e-01 8.26836705e-01 6.21236145e-01
    2.21694469e-01 7.03708470e-01 3.47676873e-02 2.50822306e-03
    3.01457793e-01 3.44423413e-01 6.11840487e-01 4.37274188e-01
    9.32039380e-01 9.73062456e-01 1.93826258e-01 3.96170169e-01
    6.29674375e-01 2.10850179e-01 8.46954286e-02 8.48086596e-01
    5.80593944e-03 3.57721508e-01 6.55076861e-01 6.24151647e-01
    1.34577096e-01 4.44286406e-01 2.32025236e-01 7.33691156e-01
    5.37564814e-01 7.91520357e-01 7.55617499e-01 4.58016634e-01
    9.05186594e-01 4.87447023e-01 9.93794560e-01 6.38295650e-01
    9.81009960e-01 7.19499409e-01 7.75040030e-01 9.92515683e-03
    3.22657228e-01 7.26032972e-01 2.35862464e-01 9.86306548e-01
    1.59180671e-01 2.93202817e-01 3.53042901e-01 9.71975446e-01
    6.39346242e-02 2.46511102e-01 6.61058962e-01 8.62577438e-01
    1.77213013e-01 9.05011058e-01 8.94719124e-01 4.08039719e-01
    6.55114591e-01 7.70283222e-01 8.83713603e-01 2.56505609e-03
    5.79424024e-01 9.18478966e-01 7.97635674e-01 4.13454592e-01
    6.98381543e-01 3.81794572e-03 5.70232749e-01 3.96241188e-01
    3.20163012e-01 7.61334956e-01 9.47530091e-01 6.81755006e-01
    2.53567815e-01 2.52414346e-01 6.60931170e-02 6.16477191e-01
    2.71516800e-01 3.10912251e-01 3.39621544e-01 1.57901675e-01
    5.57401597e-01 4.38770950e-02 6.04162812e-01 1.20522738e-01
    1.19763672e-01 2.80394256e-01 3.22877079e-01 3.07508528e-01
    1.79711044e-01 2.46617228e-01 7.26823449e-01 7.47104645e-01
    6.80245936e-01 8.62232089e-01 1.15063965e-01 7.53757775e-01
    8.52197766e-01 8.69362831e-01 9.52838361e-01 1.71284854e-01
    3.34420353e-01 1.58558667e-01 8.68945837e-01 1.58328146e-01
    7.45462835e-01 1.23386234e-01 2.98221499e-01 6.23529255e-01
    2.42586434e-02 4.39557374e-01 2.66159832e-01 4.61319327e-01
    8.88615429e-01 9.12396789e-01 6.88678682e-01 1.33499146e-01
    7.23795950e-01 7.03251481e-01 7.44051337e-01 2.42406547e-01
    5.62363982e-01 1.14555210e-01 1.20962411e-01 8.30470502e-01
    4.61804509e-01 2.12806910e-01 4.52491462e-01 8.37101758e-01
    9.46662843e-01 9.51555729e-01 3.39140713e-01 8.06128025e-01
    2.62775570e-01 7.25979447e-01 3.91784608e-02 9.71001387e-02
    2.38755137e-01 5.59253931e-01 3.94721806e-01 6.10656381e-01
    6.51965141e-01 8.30525994e-01 5.55512607e-01 1.15020126e-01
    8.25395226e-01 9.60417151e-01 8.06618094e-01 3.42830449e-01
    1.57135576e-01 2.75579989e-01 4.56746340e-01 4.22749281e-01
    5.78068316e-01 6.13552511e-01 3.75685304e-01 5.00372350e-01
    3.21758807e-01 8.36654425e-01 9.98860002e-01 7.36861289e-01
    3.61823738e-02 6.93595290e-01 7.80162156e-01 6.74642682e-01
    4.73259836e-01 7.11020827e-02 7.76890099e-01 8.81888449e-01
    5.83163381e-01 4.84712750e-01 5.39765954e-02 7.87053704e-01
    1.42584682e-01 1.82950765e-01 6.47277474e-01 3.87132168e-04
    3.83498669e-01 9.07283127e-01 2.16020107e-01 8.97465944e-01
    3.11951101e-01 1.48071259e-01 2.97665596e-04 1.51503742e-01
    6.18120313e-01 3.49649161e-01 6.74972415e-01 3.83165538e-01
    3.93788397e-01 9.76413071e-01 1.44434452e-01 3.58734667e-01
    4.23969090e-01 6.85703158e-01 9.99290228e-01 7.45232701e-01
    4.54253912e-01 8.14931512e-01 1.63645864e-01 9.29568350e-01
    2.31867135e-02 7.17768848e-01 3.39880168e-01 1.55319333e-01
    4.70844477e-01 5.08067966e-01 2.71265566e-01 4.29722428e-01
    7.61757970e-01 6.71613574e-01 5.38433075e-01 2.85362065e-01
    2.77263641e-01 3.44790459e-01 1.86343223e-01 4.66380656e-01
    1.55299217e-01 6.93727374e-01 4.31520283e-01 9.51898158e-01
    6.04009509e-01 8.55574191e-01 8.94851685e-01 7.30716765e-01
    1.37399793e-01 9.81662869e-01 7.75791407e-01 8.09940636e-01
    8.30715775e-01 5.36490500e-01 6.56013370e-01 7.11825609e-01
    4.71007317e-01 3.51071835e-01 6.61545098e-02 7.14979410e-01
    8.37866426e-01 3.66594136e-01 4.56458330e-02 9.72701967e-01
    8.51058304e-01 5.28025925e-01 3.14760387e-01 5.73973358e-01
    7.34812975e-01 2.57544696e-01 4.22370076e-01 7.58042932e-01
    6.71611190e-01 9.03177023e-01 8.61476362e-02 2.86638945e-01
    7.01820433e-01 4.18414801e-01 2.50451803e-01 5.54549396e-01
    2.54923344e-01 3.75852227e-01 6.61159635e-01 7.10268378e-01
    3.07057261e-01 8.45320404e-01 7.91452050e-01 1.50687337e-01
    4.86520737e-01 4.78298157e-01 6.28296316e-01 6.91952705e-01
    2.18745559e-01 5.17918229e-01 8.30500603e-01 8.87247324e-01
    6.61834776e-01 9.76371467e-01 4.83913243e-01 5.78404307e-01
    3.27870965e-01 1.40287250e-01 7.77308941e-01 2.02854276e-01
    6.93880260e-01 1.01184398e-01 9.30014968e-01 6.29353881e-01
    5.58011532e-02 7.26327419e-01 6.01865768e-01 8.49323094e-01
    5.29251158e-01 3.54642957e-01 8.22413683e-01 4.38604057e-01
    3.92073810e-01 4.21345234e-04 3.51454377e-01 1.34839684e-01
    3.38084102e-02 4.97208774e-01 4.39490199e-01 5.54195285e-01
    1.45923674e-01 6.01644754e-01 2.60132909e-01 1.94426417e-01
    6.57537639e-01 4.74103957e-01 1.81136161e-01 1.57048315e-01
    1.41922772e-01 1.31521851e-01 5.73748052e-01 1.23823196e-01
    8.37853312e-01 2.87960917e-01 1.22540355e-01 7.56049335e-01
    6.74320936e-01 2.47673839e-01 1.65911853e-01 9.10598218e-01
    7.52940297e-01 5.13016284e-02 2.40795255e-01 7.48268068e-01
    4.23585773e-01 8.39037657e-01 9.09943461e-01 4.08569992e-01
    9.44509506e-02 6.67765498e-01 1.24657154e-03 8.30685139e-01
    1.81841046e-01 7.70009398e-01 8.63176286e-02 8.46051872e-02
    2.47750551e-01 1.93834305e-02 9.05193269e-01 7.62902439e-01
    5.16104519e-01 1.64353311e-01 1.28687680e-01 1.03160709e-01
    8.48937035e-03 8.54794085e-02 4.91489947e-01 8.14463556e-01
    2.24885643e-01 2.30335444e-01 4.12748456e-02 2.56536514e-01
    2.42625564e-01 8.83110046e-01 9.69118237e-01 8.06911826e-01
    8.48030031e-01 6.11246645e-01 9.74783182e-01 3.88199508e-01
    3.79259646e-01 8.35480034e-01 5.26257455e-01 7.72798538e-01
    5.11976600e-01 4.15152729e-01 1.69380248e-01 5.59081137e-02
    9.10222769e-01 3.48650694e-01 5.98650455e-01 1.99098885e-02
    4.89543587e-01 7.88086176e-01 8.80345464e-01 6.62564516e-01
    7.00107276e-01 1.50633752e-01 1.94753826e-01 1.01627707e-02
    1.38633609e-01 9.49326873e-01 9.79537487e-01 5.55428147e-01
    3.70995820e-01 9.65870857e-01 5.08518875e-01 1.23129010e-01
    7.49795139e-02 9.39116836e-01 2.99326062e-01 6.01824164e-01
    6.38993084e-02 8.48515809e-01 5.98663747e-01 5.09845614e-02
    8.95339727e-01 6.15839601e-01 4.11038697e-01 1.40689015e-01
    8.98462474e-01 2.76769906e-01 6.91607714e-01 7.69267321e-01
    5.34089208e-01 7.61784375e-01 5.52000403e-01 7.74982929e-01
    5.46417773e-01 1.60538137e-01 7.32621789e-01 2.46774554e-01
    3.30438316e-01 6.06583357e-01 6.30739391e-01 4.06443834e-01
    3.23921472e-01 4.48482752e-01 4.56552327e-01 6.06636286e-01
    6.26244247e-01 7.59157479e-01 5.27071059e-01 1.10227764e-01
    6.49342418e-01 3.23046833e-01 3.59035045e-01 4.94583577e-01
    7.59217143e-01 6.77263319e-01 3.87692422e-01 8.95663381e-01
    4.68935698e-01 8.33039761e-01 6.57889247e-01 3.18726063e-01
    7.84818053e-01 1.15789562e-01 7.14043438e-01 4.87105250e-02
    6.24818683e-01 4.32516128e-01 1.40728235e-01 5.41197181e-01
    9.91942525e-01 2.32044071e-01 6.90964460e-01 6.61278188e-01
    3.77645552e-01 7.76108623e-01 7.73211122e-01 3.68334651e-01
    5.39831161e-01 9.99057293e-01 6.94364429e-01 1.06515080e-01
    4.47011352e-01 8.39252114e-01 6.97535932e-01 4.61365908e-01
    5.31394780e-02 6.10245109e-01 4.85738158e-01 2.38133997e-01
    7.96184480e-01 5.59867024e-01 7.42726147e-01 1.06352568e-02
    7.68357158e-01 8.80664825e-01 6.41948879e-01 1.94019854e-01
    1.14317000e-01 4.81734961e-01 3.20459068e-01 2.72144079e-01
    2.14202076e-01 4.71489280e-01 7.00781822e-01 7.76968360e-01
    9.61213827e-01 5.74735761e-01 1.10079527e-01 4.49106634e-01
    3.83273214e-01 9.30047035e-01 8.74781072e-01 6.25693500e-02
    5.15576363e-01 7.93405056e-01 1.28463179e-01 7.14713871e-01
    5.97585142e-02 3.82070839e-01 1.03367418e-01 5.54545701e-01
    9.43149805e-01 3.30050051e-01 8.67645502e-01 6.91808701e-01
    5.35480678e-02 3.17166448e-01 8.22143137e-01 2.17821777e-01
    6.84356153e-01 2.99893439e-01 5.62679768e-03 6.19788468e-01
    3.84623170e-01 6.81525469e-02 6.84638381e-01 4.81282473e-02
    9.27089870e-01 5.18275261e-01 7.59986520e-01 2.67661989e-01
    3.69983256e-01 9.18744206e-01 1.02858245e-01 9.38490748e-01
    8.16238880e-01 5.09030282e-01 7.94034958e-01 7.19213724e-01
    2.18136370e-01 1.09108776e-01 1.49910450e-01 2.05929667e-01
    7.87199616e-01 6.68487906e-01 1.86290056e-01 6.75051272e-01
    6.86995924e-01 3.07289034e-01 2.42990762e-01 7.28547573e-03
    4.29746985e-01 3.99890333e-01 5.78413606e-02 6.52400494e-01
    3.44211400e-01 2.80520976e-01 3.10075998e-01 2.60508358e-02
    3.63313466e-01 8.06527972e-01 2.94919312e-01 9.31225777e-01
    1.77308619e-01 6.45421505e-01 3.74307394e-01 8.28302383e-01
    7.47061729e-01 5.34694672e-01 6.05330408e-01 4.14016008e-01
    9.42667186e-01 6.41196370e-01 5.74557543e-01 3.40440989e-01
    7.59182930e-01 2.54463196e-01 1.82410002e-01 3.30097497e-01
    9.17996824e-01 2.29053199e-01 2.20493972e-02 6.98751807e-01
    4.11868989e-01 5.41301489e-01 3.83869916e-01 7.31532872e-01
    2.42765009e-01 8.88085604e-01 7.11637318e-01 8.14123750e-01
    5.51016331e-02 4.39018309e-02 1.76630646e-01 6.42539501e-01
    4.80486095e-01 1.62844926e-01 5.64264178e-01 5.33645928e-01
    5.16528785e-01 6.98352039e-01 8.30670893e-02 8.19725931e-01
    5.27497590e-01 8.80021572e-01 5.01857758e-01 5.20923316e-01
    5.71664333e-01 5.68933070e-01 1.33919597e-01 6.68017626e-01
    7.37630606e-01 4.96098489e-01 4.06249642e-01 2.83730745e-01
    6.91026509e-01 6.53205276e-01 6.37286067e-01 5.37456632e-01
    1.13992184e-01 6.42922401e-01 4.90960330e-01 9.58938658e-01
    8.80716205e-01 8.36945176e-01 6.00177824e-01 8.54532242e-01
    9.02398825e-01 2.30930954e-01 6.41954839e-01 2.92172074e-01
    4.75045592e-01 7.92918324e-01 6.86085939e-01 7.50040114e-01
    9.70674753e-01 5.73392451e-01 4.82070208e-01 6.32411957e-01
    9.36984003e-01 3.66078913e-01 9.66901124e-01 2.05512673e-01
    6.07651353e-01 6.44477785e-01 6.91803992e-02 9.13212478e-01
    8.26269269e-01 2.78547704e-01 2.64030218e-01 2.66627192e-01
    2.49511153e-01 3.76010776e-01 8.92112851e-01 5.78557432e-01
    4.30530071e-01 9.26674604e-01 7.97018290e-01 9.45816994e-01
    3.59919548e-01 3.12594354e-01 7.19700336e-01 8.03874731e-01
    6.89813077e-01 6.86906159e-01 6.11557186e-01 6.88330531e-01
    1.88821822e-01 9.02270198e-01 9.53038692e-01 6.16802216e-01
    3.81381422e-01 9.32680726e-01 8.46138120e-01 3.48554999e-01
    5.20872891e-01 4.36398625e-01 4.40032154e-01 5.53610623e-02
    2.60622829e-01 9.79709327e-02 8.68529558e-01 1.85210228e-01
    9.21018243e-01 5.48349738e-01 2.83309400e-01 7.81194925e-01
    8.29522312e-01 3.83270532e-01 3.96957994e-03 1.73033744e-01
    9.99257565e-01 9.22624826e-01 3.74187410e-01 3.04253012e-01
    3.56389731e-01 9.75265265e-01 4.96813715e-01 1.06258065e-01
    9.75837469e-01 6.20650649e-01 9.00338054e-01 6.43810391e-01
    6.45648956e-01 6.60289407e-01 4.81807947e-01 1.34362996e-01
    5.15538514e-01 9.05080557e-01 4.50339794e-01 5.20901501e-01
    4.72994119e-01 4.91418153e-01 4.33918327e-01 1.30843818e-01
    1.33756697e-01 2.66277224e-01 3.70521605e-01 6.19234264e-01
    3.26463640e-01 9.79692578e-01 7.60632157e-01 5.06553352e-02
    1.40320659e-02 3.12238395e-01 2.35190958e-01 3.70321989e-01
    6.62885606e-01 6.92091405e-01 8.22719991e-01 7.49505877e-01
    6.07212067e-01 2.89774776e-01 4.96402830e-01 5.47076941e-01
    8.48883629e-01 4.33135390e-01 9.70267177e-01 6.90419555e-01
    6.25805974e-01 2.61653006e-01 4.62681115e-01 1.57169372e-01
    2.67472267e-02 8.35782170e-01 6.53380156e-01 3.93170714e-02
    7.49783516e-02 6.98438883e-01 5.68073392e-01 5.94182730e-01
    1.76131874e-01 6.72709227e-01 9.56497669e-01 7.09752917e-01
    2.04980373e-04 5.50658226e-01 4.95449662e-01 4.04936939e-01
    3.07211041e-01 3.10817957e-01 6.02612793e-01 1.68636799e-01
    1.32825732e-01 5.96897900e-01 7.81289399e-01 5.57203054e-01
    8.15011203e-01 2.21804470e-01 4.81183529e-01 8.89043808e-01
    3.77702832e-01 5.53676605e-01 3.33404362e-01 6.43805504e-01
    2.20242441e-01 2.74587750e-01 7.27583170e-01 3.52782667e-01
    3.22307825e-01 3.23647559e-01 3.75805795e-01 6.32890105e-01
    6.17462099e-02 7.35964537e-01 6.96748078e-01 7.01127946e-01
    9.00681078e-01 6.57480240e-01 8.07572901e-01 3.80083025e-02
    8.32801282e-01 5.75881004e-01 6.84029937e-01 3.53048086e-01
    1.04578882e-01 5.15505672e-03 7.30601072e-01 3.40295613e-01
    7.62397528e-01 8.46895576e-02 9.92506742e-01 3.41418386e-01
    1.19501173e-01 5.26854277e-01 1.04097545e-01 6.50884509e-02
    6.64316773e-01 4.54575688e-01 4.02928591e-01 6.75821006e-01
    8.00717831e-01 2.54236639e-01 1.68394685e-01 2.36268044e-02
    8.97700369e-01 4.67184246e-01 2.98866332e-01 9.45338309e-02
    8.87040019e-01 8.10369074e-01 1.49054885e-01 7.95220196e-01
    7.79572845e-01 8.83918524e-01 8.50816667e-01 2.88004696e-01
    4.54532832e-01 2.81918943e-01 6.53752446e-01 3.73284459e-01
    8.34295928e-01 3.55939627e-01 3.97527099e-01 4.27091837e-01
    9.34537530e-01 5.24636030e-01 8.52580369e-02 3.25928509e-01
    7.04759240e-01 1.96079969e-01 8.73125672e-01 9.77638364e-03
    4.55674767e-01 3.27901304e-01 4.47214067e-01 9.16161776e-01
    5.05551875e-01 4.30858195e-01 7.69136786e-01 9.65794444e-01
    1.62208468e-01 4.13878769e-01 8.58775020e-01 4.95512694e-01
    8.81088972e-01 3.69263768e-01 4.00167525e-01 4.55802053e-01
    1.95666075e-01 7.78965712e-01 7.41421998e-01 9.60217834e-01
    7.33513117e-01 9.23556089e-01 5.49074829e-01 5.54269075e-01
    7.57522941e-01 8.70813072e-01 9.44453835e-01 6.76288486e-01
    4.12724912e-01 6.62669539e-02 8.80866289e-01 1.43125534e-01
    6.77324116e-01 6.21204078e-01 4.70225781e-01 7.58394361e-01
    8.00872147e-02 8.71673644e-01 2.63374448e-02 7.28363752e-01
    7.71263838e-02 2.50894129e-01 6.38816655e-01 5.15718043e-01
    3.95066917e-01 2.63094217e-01 5.31305373e-02 1.85048670e-01
    5.43476939e-01 5.50797820e-01 2.79833198e-01 2.76906341e-01
    2.23541141e-01 6.06302023e-01 5.62433064e-01 8.33259523e-01
    5.19322813e-01 4.16458458e-01 6.34857714e-02 5.14298797e-01
    7.48576701e-01 9.28208828e-02 7.10176468e-01 8.84498954e-01
    8.45561564e-01 9.50456500e-01 4.23786938e-01 4.87881005e-01
    5.19760609e-01 2.52819419e-01 7.15131998e-01 7.04559624e-01
    4.33978319e-01 1.58920705e-01 6.47511780e-01 8.26346457e-01
    3.35545748e-01 8.52764249e-01 4.90769953e-01 5.53090692e-01
    6.37644053e-01 3.43153179e-01 8.03117394e-01 9.57147777e-01
    9.17152047e-01 4.60688770e-02 6.10289693e-01 1.40302628e-01
    4.47396159e-01 9.85051095e-01 9.06821012e-01 8.72451723e-01
    7.59767890e-01 7.04935491e-01 8.15617085e-01 5.95681667e-02
    5.49512506e-02 3.03374380e-01 9.81551409e-01 5.47384739e-01
    9.85007763e-01 2.64845073e-01 4.10756677e-01 8.34802747e-01
    4.98495102e-02 7.38055110e-02 3.71750116e-01 1.21376663e-01
    3.27400148e-01 2.29533315e-01 7.25643277e-01 7.30252385e-01
    3.08986723e-01 5.74474037e-02 3.83287191e-01 6.65191710e-02
    9.26512957e-01 5.38153350e-02 5.32886326e-01 8.78295302e-01
    8.26295137e-01 4.93263662e-01 7.92379022e-01 9.83013451e-01
    1.63741618e-01 2.33331978e-01 7.39604950e-01 3.76746386e-01
    8.51612270e-01 2.53242135e-01 1.90680623e-02 6.19995177e-01
    2.44429678e-01 2.87100434e-01 2.82759964e-02 1.91431940e-02
    5.70470572e-01 8.69724870e-01 5.09072483e-01 4.82660204e-01
    8.82141531e-01 1.13054574e-01 9.68686938e-01 9.95628655e-01
    3.55770588e-02 7.25403368e-01 2.31001824e-01 9.62136745e-01
    3.27999145e-01 3.81223112e-01 1.36300087e-01 8.78220916e-01
    1.58175737e-01 5.98275781e-01 4.45608675e-01 4.89685595e-01
    8.47180367e-01 3.58384430e-01 4.21582818e-01 4.59153116e-01
    5.73641062e-01 5.03422558e-01 9.94680762e-01 3.48587900e-01
    6.15403771e-01 9.43096519e-01 4.23901767e-01 1.29653335e-01
    7.12057769e-01 8.64451349e-01 8.89842570e-01 6.61253452e-01
    4.84000713e-01 5.44271886e-01 5.14195323e-01 5.56950092e-01
    3.26852798e-01 4.40602362e-01 4.81012434e-01 8.67303669e-01
    5.84127545e-01 6.68604553e-01 6.44470394e-01 6.38587117e-01
    7.08436608e-01 3.38247418e-01 8.97107840e-01 4.24828351e-01
    1.40758455e-02 8.42420340e-01 4.38460410e-01 7.91858733e-02
    6.12908423e-01 4.55010623e-01 1.26515120e-01 3.98650318e-01
    8.62621248e-01 9.11733150e-01 4.09158468e-01 1.23976439e-01
    1.20537668e-01 4.68518794e-01 5.71176827e-01 4.20334160e-01
    4.19716537e-02 1.26536250e-01 4.08682823e-01 9.91070628e-01
    2.57225305e-01 6.07111216e-01 7.75286376e-01 3.41778278e-01
    7.65947819e-01 6.65251613e-01 6.31065965e-01 7.86781490e-01
    7.09956586e-01 5.66683412e-01 6.58678710e-02 7.06586897e-01
    1.94406599e-01 7.62488365e-01 1.68716550e-01 4.62841183e-01
    2.84064740e-01 2.31282860e-01 1.73943162e-01 1.72921717e-01
    6.99701548e-01 5.63928246e-01 9.75947022e-01 4.66552705e-01
    6.03111506e-01 9.96785402e-01 8.90752852e-01 1.21107131e-01
    4.94807571e-01 8.46928239e-01 1.20818228e-01 4.01219666e-01
    2.72189260e-01 2.18008071e-01 6.76984668e-01 9.43590999e-01
    1.64182127e-01 8.78011286e-01 1.14281595e-01 7.05605447e-01
    7.24407315e-01 5.18211663e-01 5.82258046e-01 7.15127826e-01
    5.98822415e-01 1.04617923e-01 6.68337464e-01 4.83270705e-01
    7.35437512e-01 4.51957375e-01 5.60478628e-01 9.30063605e-01
    9.36691582e-01 2.65517831e-02 9.37276542e-01 9.01940823e-01
    1.06282353e-01 2.61253417e-02 6.41616166e-01 2.04154313e-01
    3.15808147e-01 1.18921429e-01 1.42033428e-01 2.87308872e-01
    8.65448475e-01 4.81074125e-01 2.15977848e-01 1.44222319e-01
    9.09392595e-01 4.28260446e-01 7.02659428e-01 7.24123597e-01
    9.19722915e-01 6.19243681e-02 2.57436812e-01 2.13196844e-01
    1.14948362e-01 8.03696871e-01 3.14060390e-01 8.78393054e-01
    2.93899715e-01 8.35092545e-01 7.62929618e-01 7.80618131e-01
    2.21360743e-01 3.65308732e-01 3.60853970e-01 6.02798402e-01
    9.84473586e-01 7.69402027e-01 3.73023540e-01 7.50872493e-01
    3.51317525e-01 1.79866016e-01 9.42216098e-01 1.76359683e-01
    5.99313974e-01 1.89983994e-01 8.60509753e-01 4.55541283e-01
    1.26742899e-01 3.48330140e-01 3.69466841e-01 6.56026363e-01
    8.03626835e-01 6.59319818e-01 4.51340914e-01 9.95029092e-01
    1.81042343e-01 5.36301851e-01 9.96909440e-01 7.56786823e-01
    4.42705452e-02 7.81646371e-01 9.88686562e-01 5.63839078e-03
    9.01130795e-01 8.89976621e-01 7.13140726e-01 2.42192626e-01
    3.62690508e-01 6.29065931e-01 8.67816448e-01 3.01187515e-01
    2.36444086e-01 7.95770466e-01 4.22256052e-01 3.98354292e-01
    4.80575264e-01 7.38095701e-01 3.87657285e-02 7.50625849e-01
    1.33000582e-01 7.53361106e-01 6.33914411e-01 7.00240552e-01
    5.55576086e-01 9.90796983e-01 9.33191180e-03 3.90861720e-01
    8.39989781e-01 4.22767878e-01 4.11763728e-01 6.40579164e-01
    7.77863801e-01 7.93372154e-01 3.35462511e-01 7.69243717e-01
    2.28010863e-01 2.50016510e-01 7.47449994e-01 9.36575174e-01
    7.90441215e-01 4.36329097e-01 1.10502988e-01 9.99746501e-01
    6.63365006e-01 5.44932187e-01 2.06722915e-02 2.19463497e-01
    4.82098728e-01 5.25247157e-01 1.29594535e-01 9.09425020e-01
    7.17500925e-01 6.05962813e-01 6.49026752e-01 3.93681347e-01
    2.61823237e-01 4.30323303e-01 3.44793677e-01 6.77156687e-01
    8.38169813e-01 2.95316875e-02 1.83128864e-01 4.88440394e-02
    2.01351285e-01 1.06767744e-01 2.60880351e-01 9.56027806e-01
    1.95513517e-01 5.17796636e-01 9.93329883e-01 4.61208940e-01
    5.75125515e-01 5.05449593e-01 3.90388697e-01 5.38716018e-01
    5.77128053e-01 4.54838246e-01 3.82317513e-01 8.05959225e-01
    8.75401139e-01 1.69042856e-01 7.52611160e-01 2.43951052e-01
    2.08387733e-01 4.07353580e-01 5.34253120e-01 1.42790556e-01
    2.27260083e-01 2.64622211e-01 6.99290514e-01 2.58517861e-01
    8.51841331e-01 3.16410542e-01 7.37333000e-02 5.97592473e-01
    6.13086581e-01 1.08192235e-01 8.39458466e-01 6.02978051e-01
    3.35608453e-01 9.64502692e-01 5.85080624e-01 7.25342333e-01
    6.76368773e-02 9.21908259e-01 3.12305033e-01 9.65537786e-01
    8.34386587e-01 2.08975434e-01 7.28268981e-01 6.59196258e-01
    8.79187226e-01 6.84866786e-01 3.51333678e-01 4.86678749e-01
    4.07412201e-01 1.10953569e-01 6.78877950e-01 6.80872202e-02
    6.87123418e-01 5.55036426e-01 8.59217644e-01 8.95303845e-01
    6.81945384e-02 1.92925960e-01 7.81472325e-01 1.54618382e-01
    3.66821975e-01 4.60063100e-01 8.26688051e-01 7.26931870e-01
    9.45305109e-01 5.89964449e-01 3.82395804e-01 8.31670046e-01
    8.89735341e-01 7.60832548e-01 9.21451211e-01 4.68755931e-01
    2.02352405e-02 4.29430038e-01 8.93503726e-01 8.22683871e-01
    1.08856738e-01 5.25903761e-01 8.11346471e-02 2.94154227e-01
    7.60477602e-01 4.33041215e-01 3.34913224e-01 1.60013586e-01
    1.17291749e-01 6.44864678e-01 6.44755960e-01 2.55688250e-01
    4.30764139e-01 7.44301915e-01 3.93305480e-01 4.88128066e-02
    9.32038188e-01 3.99452448e-02 2.46944696e-01 7.20994711e-01
    3.95879805e-01 6.60073042e-01 9.22774792e-01 7.48159766e-01
    6.82296753e-02 3.78762364e-01 8.49151134e-01 7.61932731e-01
    4.45770979e-01 3.89513403e-01 6.75797343e-01 3.35787684e-01
    3.71938288e-01 7.92426109e-01 4.77292418e-01 7.18275666e-01
    4.97036636e-01 9.59522009e-01 3.77441227e-01 7.91639984e-01
    7.25206792e-01 6.35535777e-01 6.26880765e-01 2.02210009e-01
    9.73280787e-01 2.53780991e-01 8.22396100e-01 7.18619227e-01
    4.82292145e-01 3.31603587e-02 5.35829604e-01 4.39413190e-01
    4.72715080e-01 6.87195063e-02 5.95492244e-01 9.69354033e-01
    6.92527831e-01 5.67994654e-01 2.89642990e-01 9.53090787e-02
    1.83099210e-02 2.97740042e-01 2.48254925e-01 1.86742485e-01
    8.63785982e-01 2.42395520e-01 7.79369950e-01 1.04850292e-01
    7.06083357e-01 9.51314688e-01 3.99022877e-01 7.39908040e-01
    6.98853195e-01 6.17147088e-01 1.67564750e-01 9.35310125e-01
    9.39365327e-02 1.04098529e-01 3.96984041e-01 8.30739141e-01
    9.61602092e-01 1.31283671e-01 9.99725938e-01 8.37179601e-01
    4.57070708e-01 8.86474252e-01 3.12869310e-01 6.46001399e-01
    7.57306695e-01 7.99696326e-01 1.57900155e-01 5.70489764e-01
    7.02128351e-01 3.29045653e-02 6.21156991e-02 1.47513956e-01
    5.91028750e-01 2.97949553e-01 3.48401546e-01 6.19812369e-01
    5.24755776e-01 3.73193800e-01 7.96552896e-01 4.68239963e-01
    9.91922140e-01 4.74387348e-01 8.34054530e-01 1.85970366e-02
    6.06772840e-01 6.81183279e-01 6.23081267e-01 3.49968672e-04
    6.91871643e-02 8.14377785e-01 3.29460442e-01 1.00669205e-01
    4.33388561e-01 2.20017493e-01 3.67138147e-01 7.01094568e-01
    1.94816768e-01 8.01483154e-01 1.59366578e-01 5.13661325e-01
    3.75333607e-01 6.83616340e-01 6.01083159e-01 2.10945010e-01
    9.66856241e-01 2.12189525e-01 8.85947943e-01 8.82817805e-02
    3.73404413e-01 1.34698331e-01 8.29633653e-01 8.30190063e-01
    7.41686821e-01 8.15927744e-01 7.31417894e-01 7.28931248e-01
    2.41359800e-01 2.62035638e-01 6.51858568e-01 8.93910646e-01
    9.84574378e-01 2.98790127e-01 8.83228421e-01 2.83187926e-01
    2.75031954e-01 9.75120068e-01 8.62410665e-03 5.22263944e-01
    1.01131499e-01 4.38031256e-02 1.57159805e-01 6.08747482e-01
    5.08494496e-01 8.99397731e-01 9.50368285e-01 7.48765469e-01
    8.33362460e-01 9.78674948e-01 6.23387396e-01 2.90766895e-01
    8.97417963e-01 9.08351302e-01 4.97884870e-01 7.19266713e-01
    9.61588860e-01 8.91741812e-02 1.34066254e-01 9.51164961e-03
    3.33314002e-01 5.11543155e-02 3.31776649e-01 3.46101999e-01
    4.78315294e-01 4.65242386e-01 4.74152327e-01 4.78931963e-02
    5.04105628e-01 6.40421212e-02 4.62059975e-02 9.12378609e-01
    4.46452618e-01 9.94382501e-01 7.29663014e-01 3.14251363e-01
    2.56047428e-01 9.36867535e-01 3.92987430e-01 7.12619603e-01
    9.84992027e-01 1.83838874e-01 4.75342304e-01 7.20296979e-01
    3.36659372e-01 6.65332019e-01 8.41536283e-01 1.39562547e-01
    9.81081843e-01 3.34654510e-01 7.52126336e-01 8.97888899e-01
    8.95892322e-01 5.87058842e-01 6.91241205e-01 4.55706686e-01
    1.88848197e-01 7.86978722e-01 3.91312599e-01 7.20981479e-01
    5.35287023e-01 9.49089885e-01 7.05339313e-02 3.09367776e-01
    2.62736052e-01 9.90653753e-01 6.66053653e-01 7.43190825e-01
    9.58065569e-01 4.19743598e-01 2.39991426e-01 6.63384378e-01
    2.51519352e-01 7.93392241e-01 1.79085970e-01 5.42240739e-02
    9.71128583e-01 1.61524355e-01 3.80302608e-01 9.95387673e-01
    8.79985809e-01 4.53164637e-01 5.42223811e-01 7.11747468e-01
    8.39397907e-01 1.37085617e-01 2.05542028e-01 2.01984882e-01
    1.19817495e-01 3.10735315e-01 7.82829940e-01 6.00263178e-02
    6.35077000e-01 5.32484114e-01 4.82511938e-01 9.55872416e-01
    2.07114577e-01 7.40831256e-01 7.53586590e-01 8.81306767e-01
    1.87039882e-01 7.81514764e-01 7.47810066e-01 1.99288994e-01
    1.70216620e-01 8.14171791e-01 5.22302806e-01 3.54344785e-01
    8.38054061e-01 8.63644242e-01 8.14056396e-03 9.01240468e-01
    8.14644575e-01 1.71211720e-01 8.13077092e-01 7.66861200e-01
    1.53577119e-01 1.50139868e-01 3.73418033e-01 3.47123206e-01
    5.79041243e-03 3.09601605e-01 6.18140101e-01 7.72380710e-01
    8.58645558e-01 4.38848019e-01 3.58859599e-01 1.76672041e-01
    9.09608483e-01 1.28158361e-01 1.49638712e-01 3.53157520e-04
    2.80238748e-01 7.79095531e-01 4.71779048e-01 1.61140651e-01
    8.77871692e-01 5.23329377e-01 3.40407014e-01 3.64699364e-01
    7.24197924e-01 3.22435915e-01 8.77735972e-01 3.39783728e-02
    5.66664875e-01 3.41310978e-01 6.73819900e-01 9.01440620e-01
    1.32960320e-01 1.86876595e-01 9.23722267e-01 2.46114463e-01
    6.56148493e-01 9.94299293e-01 9.75651562e-01 2.33528495e-01
    8.18600178e-01 2.21643567e-01 4.68733996e-01 7.39135325e-01
    4.79889899e-01 4.35759723e-01 7.77242482e-02 6.59612477e-01
    3.36390585e-01 7.28394508e-01 1.76242560e-01 1.20086312e-01
    7.12292612e-01 5.09589136e-01 5.67170858e-01 4.49867159e-01
    2.29606032e-02 2.05417573e-01 3.95642310e-01 3.98428112e-01
    6.27657771e-01 9.29646969e-01 3.68928790e-01 7.27651954e-01
    1.77726477e-01 8.57333004e-01 9.91183817e-01 6.20906889e-01
    1.85936838e-01 2.00750470e-01 7.77329803e-01 5.00601232e-01
    3.58889550e-01 1.11624748e-01 4.24820483e-01 6.29757226e-01
    9.53958273e-01 8.27922225e-01 3.54558796e-01 9.78352666e-01
    5.71010768e-01 7.21228302e-01 6.18417025e-01 1.50538653e-01
    5.75953543e-01 2.32255757e-02 8.38420987e-02 7.25758374e-02
    6.75651431e-01 7.71027327e-01 3.12864482e-01 9.92187977e-01
    4.93791342e-01 2.40940303e-01 2.69133389e-01 6.34522796e-01
    7.12923825e-01 2.36554861e-01 3.99150670e-01 2.47622639e-01
    1.74790114e-01 8.04078519e-01 1.48746133e-01 8.33337545e-01
    4.86961305e-02 5.21277428e-01 5.17391026e-01 8.68923962e-02
    9.78850186e-01 1.02048218e-02 9.79300976e-01 1.74515396e-01
    3.64879608e-01 8.02601039e-01 7.61075675e-01 9.10464406e-01
    8.23664486e-01 6.62309408e-01 9.26838160e-01 5.09703636e-01
    9.71453190e-01 9.38057423e-01 2.68266201e-01 2.38319427e-01
    3.71543884e-01 8.18653703e-02 9.90662217e-01 1.38429254e-01
    2.90003330e-01 5.77641129e-02 7.71604061e-01 2.30502754e-01
    6.59142673e-01 2.27596223e-01 9.19561386e-01 1.15397334e-01
    3.29480350e-01 6.37722015e-01 4.49187726e-01 7.92444289e-01
    8.56398463e-01 4.81873631e-01 4.88033980e-01 8.73872817e-01
    7.51266241e-01 9.39365268e-01 6.71139657e-01 7.00080156e-01
    3.80897611e-01 7.79967308e-01 1.64095104e-01 3.37273777e-02
    8.16446185e-01 7.45847225e-01 1.42710149e-01 4.43629950e-01
    9.08838630e-01 8.69050622e-01 2.07704335e-01 8.54518056e-01
    2.29770690e-01 5.65838695e-01 4.81409490e-01 9.83267009e-01
    6.27289236e-01 4.24655378e-02 4.36215669e-01 5.26706040e-01
    4.29649651e-02 3.83415610e-01 3.90306115e-03 9.67831194e-01
    3.31450403e-01 3.64249051e-01 5.41846573e-01 1.07731044e-01
    8.95999432e-01 7.40009665e-01 7.70538568e-01 6.76097870e-01
    4.36348587e-01 6.95236802e-01 2.64201343e-01 8.96459222e-02
    7.62573123e-01 9.17792201e-01 8.32562983e-01 8.35475147e-01
    9.04488683e-01 6.11968637e-01 5.72650850e-01 2.21258193e-01
    6.73434615e-01 7.52382398e-01 3.94925505e-01 4.84738350e-02
    1.37277305e-01 6.14341557e-01 6.22321367e-01 7.37965405e-01
    6.38451278e-02 3.62529814e-01 5.47065675e-01 3.47688645e-01
    5.04653633e-01 4.12194371e-01 9.99644279e-01 9.22398329e-01
    4.50083047e-01 5.84958911e-01 4.07183826e-01 6.28293037e-01
    1.25849962e-01 6.59324169e-01 5.70430577e-01 1.31407082e-02
    3.69864762e-01 8.55881214e-01 6.86634064e-01 8.75877857e-01
    4.94041592e-01 6.36369467e-01 8.64021540e-01 9.11072731e-01
    7.01889753e-01 8.97666216e-01 7.63405025e-01 8.27351928e-01
    8.10911119e-01 2.04412848e-01 1.04459256e-01 1.91066831e-01
    4.33521867e-02 7.75684953e-01 1.40248835e-02 3.90225410e-01
    3.53356272e-01 4.87111688e-01 9.16992426e-01 4.73216772e-01
    8.96717310e-01 2.15018034e-01 2.41373897e-01 5.33571362e-01
    7.53767371e-01 3.35746288e-01 1.53455317e-01 1.47011757e-01
    6.03087664e-01 1.30794913e-01 8.06821108e-01 5.79353929e-01
    6.98639929e-01 4.70320433e-01 6.37830853e-01 1.09446436e-01
    8.76303077e-01 9.80093122e-01 5.98212481e-01 4.11968052e-01
    2.04855084e-01 6.09996319e-01 3.14098716e-01 7.18854845e-01
    1.33876532e-01 9.47758377e-01 1.29108697e-01 3.25001478e-02
    2.28964090e-02 9.77391422e-01 8.20606947e-01 6.13795519e-02
    6.24633431e-01 6.72580183e-01 4.18849617e-01 8.05156589e-01
    6.95306659e-01 2.44162887e-01 1.10585541e-01 6.54761553e-01
    2.50065058e-01 8.65805209e-01 3.29730004e-01 1.25027686e-01
    8.69270325e-01 6.33674264e-01 2.13566720e-01 2.26926506e-02
    9.57660317e-01 5.24773002e-01 9.84097302e-01 2.00194538e-01
    4.42628294e-01 1.13204151e-01 5.72031736e-01 2.61161745e-01
    5.90506434e-01 7.65632749e-01 1.31168962e-01 9.29872394e-01
    1.79378837e-01 8.54138136e-01 8.43778372e-01 4.10751522e-01
    6.14981234e-01 7.27765560e-01 3.82343858e-01 1.78905815e-01
    4.51309919e-01 4.41470265e-01 7.34014988e-01 9.95796323e-02
    6.07578397e-01 1.07877105e-01 1.85382664e-02 4.30978745e-01
    3.51128399e-01 3.67176712e-01 3.63094538e-01 5.94102383e-01
    4.15174216e-01 6.32408321e-01 1.29600912e-01 2.95092881e-01
    5.75675786e-01 5.97472906e-01 7.07762480e-01 9.79062796e-01
    5.17695248e-01 9.52503383e-02 4.66356486e-01 4.81454343e-01
    8.78427148e-01 9.33515549e-01 2.24058062e-01 5.95760703e-01
    7.82323241e-01 5.67066312e-01 9.60321784e-01 7.99956620e-02
    9.89856124e-01 4.02583480e-01 4.10055727e-01 2.85381913e-01
    4.55149382e-01 4.74862814e-01 2.14753866e-01 8.43585730e-02
    4.22225207e-01 9.97542858e-01 9.78429854e-01 1.16835475e-01
    3.25308979e-01 5.53989053e-01 5.62943935e-01 6.41970038e-01
    4.49901402e-01 4.03841138e-02 4.72818613e-01 5.90571463e-01
    8.65635872e-01 3.60955238e-01 3.43516946e-01 5.75731993e-01
    2.53705680e-01 7.71711648e-01 1.39502019e-01 7.68522620e-02
    3.36966068e-01 1.22340947e-01 3.81258428e-01 7.02042162e-01
    4.51232553e-01 6.19419754e-01 7.40741253e-01 9.68414843e-01
    7.12931454e-01 3.91205549e-02 5.36222637e-01 4.86118317e-01
    9.96483207e-01 2.17730105e-02 5.41643918e-01 6.15913272e-01
    6.54885650e-01 3.18202138e-01 3.95486325e-01 2.51720011e-01
    9.57254469e-02 5.13212085e-02 4.27574486e-01 4.59565878e-01
    3.58304381e-03 9.54107881e-01 6.45270705e-01 2.64395148e-01
    9.45708036e-01 1.34038299e-01 1.38672858e-01 4.82050508e-01
    8.32325339e-01 4.86477464e-01 8.01380098e-01 2.42360085e-01
    8.51480067e-01 9.33774829e-01 9.74030554e-01 5.84057868e-01
    5.94439149e-01 4.47426647e-01 4.68383759e-01 9.40451503e-01
    8.37236226e-01 4.89360392e-02 4.36539173e-01 9.23741937e-01
    6.56104267e-01 8.65952373e-01 3.32679808e-01 3.93766791e-01
    3.22069943e-01 5.03745615e-01 7.40029573e-01 9.15575922e-02
    6.26453280e-01 4.25925106e-01 4.44739431e-01 7.99489260e-01
    5.20392776e-01 1.11511320e-01 5.70879102e-01 3.16279024e-01
    9.77064729e-01 2.25215733e-01 8.67245376e-01 3.60116899e-01
    7.53617167e-01 5.04522085e-01 9.48661447e-01 3.45716566e-01
    6.66460276e-01 3.70379567e-01 8.72480273e-01 3.54486436e-01
    3.68566841e-01 8.59293461e-01 8.49694788e-01 7.84890175e-01
    3.80095124e-01 5.36910653e-01 5.27883172e-01 8.78440022e-01
    7.30417073e-01 1.05153143e-01 3.15486938e-01 5.27673841e-01
    1.03359759e-01 5.14439940e-01 2.62903571e-02 6.52225792e-01
    1.88448071e-01 8.65974307e-01 4.23775673e-01 5.49388647e-01
    8.02622080e-01 8.63364816e-01 2.95887798e-01 4.55558002e-02
    1.66309476e-02 7.72704244e-01 1.85595363e-01 4.55038548e-01
    6.53167725e-01 6.87857389e-01 6.20487511e-01 8.06491017e-01
    8.73805404e-01 6.58140540e-01 5.66961706e-01 8.05366933e-02
    4.51128811e-01 8.47644210e-01 9.60005224e-02 2.95167387e-01
    9.28837299e-01 5.19413412e-01 7.49562740e-01 9.84473586e-01
    8.49152923e-01 1.98070228e-01 6.38490021e-01 4.69483703e-01
    4.58725154e-01 3.92475188e-01 2.71979749e-01 3.14897597e-02
    9.77373242e-01 6.38239086e-02 5.99401474e-01 1.71937972e-01
    1.21767640e-01 3.60983491e-01 6.84769034e-01 4.75185782e-01
    9.03900266e-01 5.77778518e-02 3.48338902e-01 6.32459521e-02
    9.66062665e-01 6.13200307e-01 7.14082837e-01 7.70642638e-01
    7.30971694e-01 8.45034838e-01 3.81378263e-01 7.88676262e-01
    9.44825172e-01 9.37990606e-01 9.80105460e-01 3.07198465e-02
    9.85309958e-01 5.15348792e-01 1.18458688e-01 7.50880837e-01
    4.32707012e-01 1.27696455e-01 8.51413012e-02 8.84216309e-01
    6.99689209e-01 4.53696758e-01 2.55066633e-01 4.29543972e-01
    2.35752016e-01 5.23400247e-01 7.57311583e-01 4.72946823e-01
    2.17849135e-01 6.33020461e-01 2.34930187e-01 3.20150167e-01
    9.12260175e-01 4.14866149e-01 4.67876732e-01 6.27617359e-01
    3.99381042e-01 9.83430386e-01 9.03185487e-01 3.99686635e-01
    4.48102146e-01 5.07741630e-01 7.31149852e-01 3.44889164e-01
    6.91926897e-01 4.25471187e-01 9.34511781e-01 8.59211326e-01
    6.24820590e-01 1.66935325e-02 1.48103237e-02 5.90458989e-01
    9.87421274e-02 3.40707302e-01 7.50182867e-01 7.39161849e-01
    7.86279500e-01 7.59634793e-01 9.58406568e-01 7.71721482e-01
    9.48891521e-01 5.37015736e-01 4.87882465e-01 8.95585120e-02
    2.61141777e-01 4.18578178e-01 4.78715420e-01 9.81542468e-01
    7.59035647e-01 2.21968710e-01 3.38993818e-01 6.32597804e-01
    9.79935348e-01 8.58022213e-01 9.44450974e-01 6.01156771e-01
    5.89124799e-01 2.20543295e-01 3.40072513e-01 2.69750029e-01
    3.59448910e-01 5.66184282e-01 5.55200875e-01 1.55252069e-01
    4.39137101e-01 1.50946677e-02 7.43355453e-01 9.06048119e-02
    1.79101765e-01 4.74563241e-01 5.45739233e-01 5.28625369e-01
    1.35183334e-04 8.22608829e-01 4.13701952e-01 8.59248877e-01
    7.16566861e-01 7.07281888e-01 5.04961967e-01 5.90437472e-01
    5.25107682e-01 5.65150857e-01 7.69886792e-01 6.77691102e-01
    9.77695584e-01 9.83047128e-01 6.05588853e-02 8.13538969e-01
    6.84888422e-01 8.07668567e-02 4.50466722e-01 2.09640950e-01
    3.51282835e-01 7.91196465e-01 5.76118708e-01 3.64835232e-01
    3.06390762e-01 2.47861624e-01 7.06872702e-01 1.23897821e-01
    8.79519343e-01 5.79723477e-01 3.12935352e-01 7.85022974e-01
    6.47257328e-01 3.51329386e-01 9.89383340e-01 3.18449736e-02
    2.74847686e-01 3.80431145e-01 3.39269519e-01 7.21642494e-01
    7.00446844e-01 1.79479778e-01 7.09743679e-01 5.34836888e-01
    6.59423172e-01 8.41279328e-02 1.67967737e-01 5.16494513e-02
    2.08923846e-01 7.58653283e-01 2.10023880e-01 9.65618372e-01
    1.32387936e-01 9.22579885e-01 3.84514838e-01 7.31421351e-01
    7.66526103e-01 1.58402115e-01 8.92957032e-01 8.00326705e-01
    9.58229125e-01 9.34127033e-01 1.77963346e-01 6.93059564e-02
    3.44182372e-01 5.56760430e-01 5.84478259e-01 2.46139169e-01
    4.75579381e-01 8.43732953e-02 2.87152916e-01 5.25177956e-01
    5.60031414e-01 3.73054147e-02 1.05536699e-01 7.99625158e-01
    6.98498607e-01 7.06066132e-01 5.12905121e-01 4.49087828e-01
    4.73504364e-01 7.72214770e-01 5.03955960e-01 7.61820972e-01
    7.63540626e-01 1.81954354e-01 5.22402287e-01 1.46710813e-01
    7.13874996e-01 6.20273948e-01 1.50322914e-01 8.87722373e-01
    9.27306890e-01 8.02896023e-01 8.22576404e-01 9.80911732e-01
    3.29740047e-01 2.62248814e-01 5.67933381e-01 7.91401982e-01
    1.39921606e-02 4.70488071e-02 9.06549692e-01 5.63556492e-01
    1.66517317e-01 6.61374331e-01 6.19951904e-01 5.91272175e-01
    5.20520687e-01 2.49233842e-02 6.61201417e-01 5.76986611e-01
    6.36193156e-03 8.45471859e-01 8.13492179e-01 6.52842283e-01
    7.52954245e-01 8.99005651e-01 6.24990165e-01 5.23029864e-01
    2.69529223e-03 3.98595691e-01 9.92960691e-01 5.84934115e-01
    8.20374489e-02 2.43771642e-01 5.09435058e-01 1.15233898e-01
    2.79037058e-02 7.99058557e-01 8.65468025e-01 8.30365479e-01
    2.37592638e-01 8.94876838e-01 1.05269819e-01 4.04617786e-01
    6.15251601e-01 3.76758516e-01 3.91180456e-01 2.01277167e-01
    2.71543264e-02 8.36772859e-01 8.88612747e-01 4.60799634e-02
    6.06855571e-01 3.20290089e-01 4.65682894e-01 3.64542723e-01
    7.13198602e-01 7.95702457e-01 2.42836386e-01 9.11500812e-01
    9.48815703e-01 9.66650248e-01 1.75337404e-01 2.54397094e-01
    9.33492541e-01 9.53227878e-01 5.14291048e-01 6.94606662e-01
    9.93859768e-01 5.64261734e-01 4.65926528e-03 5.05403042e-01
    3.08976471e-01 7.67496109e-01 8.44003320e-01 8.49776804e-01
    1.71000689e-01 9.89115357e-01 4.11066234e-01 7.44741321e-01
    9.03050542e-01 4.04878616e-01 3.01213712e-01 6.10575736e-01
    7.96703219e-01 2.18723565e-01 7.38456607e-01 4.56872851e-01
    5.93510509e-01 2.14093387e-01 4.25854325e-03 1.54925555e-01
    4.93923575e-01 4.68772650e-01 2.71494746e-01 6.75642133e-01
    6.10760689e-01 1.43556505e-01 8.44237089e-01 6.52233601e-01
    7.53657639e-01 9.12232518e-01 8.89315069e-01 4.03637141e-01
    9.87290859e-01 2.07716823e-01 2.08482862e-01 8.52570534e-01
    9.58917618e-01 6.71401858e-01 6.59405708e-01 8.82285237e-01
    2.62692481e-01 1.83597893e-01 9.51635778e-01 4.35481012e-01
    6.44849837e-01 9.38282967e-01 1.02060497e-01 7.44719803e-02
    8.67898703e-01 3.64054024e-01 9.30218875e-01 4.56327677e-01
    6.37351394e-01 2.65338600e-01 4.56063360e-01 8.97534728e-01
    4.26259607e-01 6.30743265e-01 1.11920595e-01 2.20113665e-01
    2.02624500e-01 2.42069721e-01 6.19281232e-02 8.36024225e-01
    5.47713161e-01 6.90337896e-01 8.43827009e-01 3.57461810e-01
    2.87485689e-01 9.87493753e-01 8.91267657e-02 3.73542607e-02
    7.71806002e-01 5.28309345e-01 8.74070823e-01 9.08851624e-04
    8.88357282e-01 9.66353536e-01 9.62479532e-01 3.49017799e-01
    6.48311377e-01 3.57427180e-01 4.80332166e-01 1.74664170e-01
    4.16488349e-01 2.67884076e-01 6.41270459e-01 8.12977195e-01
    2.68380404e-01 8.95542622e-01 3.39510530e-01 7.13327944e-01
    1.29714608e-02 2.82719404e-01 6.78718209e-01 4.13751155e-01
    3.89492631e-01 1.70716226e-01 2.90977657e-02 9.15294886e-02
    9.16760266e-01 4.86573935e-01 3.91636968e-01 9.57133055e-01
    4.22942609e-01 7.75665581e-01 1.35463476e-03 4.79727775e-01
    9.93886471e-01 6.46976233e-01 4.51164186e-01 1.99063838e-01
    5.85077167e-01 1.35466933e-01 9.91783381e-01 3.70615125e-01
    6.33265257e-01 6.31112456e-01 8.56686771e-01 2.61190355e-01
    5.64843297e-01 2.32390612e-01 2.81831622e-03 6.57932639e-01
    5.87696850e-01 2.50675797e-01 4.61765975e-01 2.75334716e-02
    1.50503814e-02 2.84213781e-01 4.48745608e-01 5.36976814e-01
    4.97868419e-01 9.29987311e-01 3.44725847e-02 8.68170559e-02
    6.91296041e-01 3.45226914e-01 3.85958254e-02 2.38587469e-01
    5.09848595e-02 7.86195874e-01 7.94714212e-01 3.92688096e-01
    3.75844032e-01 8.70868683e-01 6.75940216e-01 3.13673496e-01
    5.82956135e-01 2.27891952e-01 7.32065737e-01 1.50221884e-02
    8.80544662e-01 8.60946417e-01 8.66524577e-01 5.66605449e-01
    7.40735948e-01 7.91512966e-01 4.62267667e-01 1.88750863e-01
    3.34635675e-01 3.76558691e-01 4.47372377e-01 8.14783156e-01
    1.11809969e-01 3.59906286e-01 1.37857646e-01 6.31915450e-01
    7.80614018e-01 4.98770863e-01 7.25740969e-01 5.38656294e-01
    6.80349827e-01 2.35552162e-01 3.95077676e-01 7.13723898e-01
    6.63048089e-01 2.65146792e-02 3.85078669e-01 7.49893904e-01
    5.16448200e-01 3.90403003e-01 8.24495196e-01 8.12423825e-01
    7.09830046e-01 2.88931757e-01 1.38828963e-01 7.73734450e-02
    6.30302727e-02 8.96814585e-01 4.85266626e-01 8.01982880e-01
    4.55244631e-01 9.82334137e-01 4.81623411e-03 2.21423626e-01
    1.98965281e-01 6.76272750e-01 5.01126230e-01 1.38491035e-01
    1.24060750e-01 8.83979738e-01 8.71520400e-01 6.66424096e-01
    3.10833156e-01 3.31808776e-01 6.93600297e-01 5.89769065e-01
    3.97050202e-01 5.04604697e-01 9.98026252e-01 2.26106495e-01
    3.41120183e-01 2.43266970e-01 7.74616003e-01 6.32811010e-01
    5.72525680e-01 3.92839432e-01 7.36588538e-02 1.99788988e-01
    4.01328772e-01 8.91819239e-01 5.35648406e-01 1.05533898e-02
    4.51178640e-01 7.16966331e-01 4.85503763e-01 6.93656087e-01
    3.12022150e-01 8.25011253e-01 7.48486400e-01 9.65097666e-01
    2.49123931e-01 9.26549733e-02 4.70999241e-01 2.32464731e-01
    4.76148695e-01 8.26349258e-01 9.60890710e-01 3.89721632e-01
    6.36173368e-01 3.24218750e-01 7.52438128e-01 3.23330194e-01
    8.46230805e-01 5.45124352e-01 4.42121565e-01 1.32576376e-01
    5.38918376e-03 5.00803947e-01 3.21806848e-01 1.66416764e-01
    3.23691308e-01 5.73672235e-01 8.12233806e-01 5.27265370e-01
    5.34915388e-01 7.01345861e-01 1.39587253e-01 2.35800773e-01
    9.94398296e-01 1.42042011e-01 6.40642881e-01 7.48437762e-01
    2.00912416e-01 1.85953110e-01 5.70659339e-01 6.20370209e-01
    2.54854620e-01 9.18199718e-01 1.53472006e-01 6.47541046e-01
    6.46617115e-02 2.81851292e-01 4.84977812e-01 5.87860644e-01
    5.01405597e-01 9.07004356e-01 5.83422005e-01 8.71023178e-01
    9.47860062e-01 8.62992823e-01 2.86215484e-01 7.40670443e-01
    5.52502334e-01 6.23281002e-01 4.21449840e-01 9.76237655e-01
    9.86653805e-01 9.66087103e-01 1.74755722e-01 9.97449577e-01
    5.67121804e-01 8.72857213e-01 3.72133136e-01 9.15562868e-01
    5.62617123e-01 5.88547945e-01 4.06062841e-01 9.87743795e-01
    3.03293765e-01 8.17347169e-01 4.69472528e-01 8.70452821e-01
    3.52022588e-01 5.77027678e-01 8.23846340e-01 1.78069443e-01
    7.00540304e-01 6.25745118e-01 1.61965400e-01 4.70870584e-01
    8.43688965e-01 7.85058618e-01 5.33203781e-01 5.88991642e-02
    2.83469856e-02 5.14338255e-01 5.11197567e-01 3.92906338e-01
    1.61406368e-01 1.40469760e-01 6.30877793e-01 8.94512534e-01
    7.67041087e-01 7.47264564e-01 6.22082114e-01 1.61557883e-01
    4.84102666e-02 1.12157613e-01 3.79697978e-01 4.24435854e-01
    3.08848798e-01 2.28294909e-01 5.21431863e-01 5.40849805e-01
    1.39013529e-01 6.07149184e-01 2.16242969e-02 7.24155843e-01
    3.01107347e-01 8.55663419e-03 9.46479738e-02 7.67696321e-01
    8.27774763e-01 2.34521896e-01 8.67894769e-01 9.96968269e-01
    8.00221801e-01 3.32244456e-01 4.62631643e-01 6.82550609e-01
    2.07450271e-01 7.43357837e-01 6.63187385e-01 3.74278605e-01
    8.73365998e-03 2.48857141e-01 6.64527118e-02 6.24432445e-01
    3.34937274e-01 7.10458219e-01 5.19011319e-01 8.31301570e-01
    3.53920937e-01 4.49063808e-01 7.76795626e-01 5.83889127e-01
    1.35364711e-01 4.38962817e-01 2.24113464e-04 6.48131371e-01
    4.65513289e-01 4.88589615e-01 1.21971965e-03 5.94754755e-01
    9.83488441e-01 3.14434946e-01 6.10006750e-01 9.90152478e-01
    9.20926809e-01 9.94100928e-01 9.60821927e-01 6.94463372e-01
    2.44427532e-01 1.73657387e-01 8.33014131e-01 8.46862197e-01
    3.42071503e-01 3.20995629e-01 5.61807930e-01 8.29125285e-01
    2.41248071e-01 8.30010176e-01 3.84523839e-01 6.66611314e-01
    4.46655244e-01 3.08111250e-01 9.90978122e-01 3.93602788e-01
    7.03807175e-02 7.57714391e-01 1.01738006e-01 8.08743000e-01
    3.80928904e-01 3.32188606e-01 1.41031176e-01 3.20775330e-01
    8.23888779e-01 7.97014713e-01 4.15140510e-01 7.19054878e-01
    5.89136899e-01 5.98679245e-01 8.65710378e-02 7.92673767e-01
    2.61448920e-02 2.80056119e-01 3.86087894e-01 2.60012090e-01
    9.99950290e-01 8.82529855e-01 2.14608252e-01 6.41981423e-01
    4.65228438e-01 5.09599864e-01 5.04809558e-01 8.79834890e-01
    4.91903245e-01 4.45980638e-01 5.02756596e-01 6.52476668e-01
    5.17628074e-01 6.64520323e-01 7.09972084e-01 4.31071758e-01
    8.33800256e-01 5.73344171e-01 1.85665697e-01 9.21436071e-01
    8.66595745e-01 1.44461662e-01 5.86737871e-01 5.80208242e-01
    2.83398926e-01 7.16083527e-01 1.33828074e-01 4.92155164e-01
    4.45933938e-02 1.03958160e-01 5.73218405e-01 2.13143408e-01
    8.38326991e-01 3.93402487e-01 5.42367756e-01 4.36088145e-01
    1.38177902e-01 8.43675494e-01 2.05294192e-02 6.96560383e-01
    1.17623031e-01 1.42921358e-01 4.02988851e-01 9.16208267e-01
    5.06362438e-01 8.25489044e-01 2.19535828e-01 6.38317943e-01
    4.84382808e-02 3.74108911e-01 2.56846547e-02 3.84760976e-01
    6.50557995e-01 3.66745353e-01 2.20841199e-01 6.84331000e-01
    1.16353631e-01 1.60643071e-01 4.07824337e-01 6.77632928e-01
    2.95257628e-01 5.16853333e-01 2.83882916e-01 8.13296080e-01
    2.48998016e-01 2.72967845e-01 5.93299031e-01 8.98066759e-01
    6.85274363e-01 4.92400110e-01 4.74006653e-01 7.43990958e-01
    4.21878695e-02 8.08435500e-01 5.98054409e-01 5.95134914e-01
    9.06518996e-01 6.72007143e-01 1.90442771e-01 1.09151840e-01
    4.41602647e-01 9.07553434e-01 5.58569372e-01 2.71951377e-01
    3.61537397e-01 8.85924399e-01 6.70875013e-02 3.57564032e-01
    4.19047385e-01 1.12855524e-01 3.07717860e-01 5.93637824e-01
    5.30371666e-01 9.24643517e-01 3.81203473e-01 3.81916761e-02
    1.74686283e-01 2.13240892e-01 8.33744764e-01 9.96639431e-01
    9.71434355e-01 2.58594364e-01 3.11062038e-01 9.52046752e-01
    9.54835117e-02 7.30829537e-01 6.82092071e-01 3.48623693e-02
    7.26662099e-01 2.57372856e-03 7.26864040e-01 1.57712698e-01
    1.14687294e-01 4.50785071e-01 1.84515297e-01 7.81139970e-01
    9.85027969e-01 8.85850370e-01 3.60312074e-01 6.14018202e-01
    9.78008270e-01 6.72586858e-01 1.93122864e-01 8.77661467e-01
    8.85562658e-01 9.72169876e-01 8.72715831e-01 2.06407309e-02
    7.03704298e-01 3.88994902e-01 7.07491159e-01 2.53797352e-01
    1.99775606e-01 1.38775587e-01 2.32390702e-01 2.33605772e-01
    9.95887041e-01 7.77793765e-01 3.83781731e-01 2.06024766e-01
    4.30437803e-01 2.72935688e-01 5.79373538e-01 5.83725929e-01
    6.96692348e-01 7.09745526e-01 1.34764194e-01 3.24900150e-02
    9.94766295e-01 6.89567626e-01 1.13635212e-01 6.66492581e-02
    3.34742725e-01 1.52359903e-02 2.28972524e-01 4.42555845e-02
    2.42768288e-01 9.00459766e-01 7.31959164e-01 6.15096867e-01
    7.29998112e-01 1.94218755e-01 7.01069951e-01 7.95897782e-01
    3.93625945e-01 4.08848047e-01 1.85075730e-01 5.44007123e-01
    6.34940267e-01 9.62394297e-01 4.07448769e-01 7.52458453e-01
    4.73939747e-01 9.39136147e-01 6.06050134e-01 1.17361844e-01
    4.74817187e-01 1.96183413e-01 7.03012049e-01 5.48379123e-02
    3.48084331e-01 4.21124697e-01 2.05981046e-01 4.55398768e-01
    9.53085780e-01 3.02854896e-01 6.98655605e-01 2.08083689e-02
    5.90771735e-01 6.83495760e-01 2.12653399e-01 3.83502394e-01
    9.83443737e-01 6.17166996e-01 1.76549852e-01 5.71916401e-01
    5.40758193e-01 4.07824516e-01 6.68588638e-01 8.80459189e-01
    9.75625515e-01 1.64031386e-01 8.66194606e-01 6.33559108e-01
    1.35942578e-01 8.97480011e-01 3.95857573e-01 3.84381026e-01
    1.96086705e-01 3.00883830e-01 4.64383990e-01 2.96039164e-01
    9.66276288e-01 3.70931149e-01 5.29856622e-01 6.70311511e-01
    5.35818100e-01 7.85654306e-01 4.35294420e-01 5.38912773e-01
    2.99781442e-01 8.86733770e-01 9.61156428e-01 7.24790692e-01
    1.51190132e-01 2.74599075e-01 1.90090209e-01 4.45234925e-01
    9.39826965e-01 6.83833718e-01 7.12223113e-01 2.56022274e-01
    7.37507045e-02 2.92589307e-01 5.22204936e-01 7.33441293e-01
    3.13848644e-01 9.21745420e-01 8.80310178e-01 5.76768875e-01
    1.42521024e-01 8.41093659e-01 1.34759337e-01 4.96198982e-01
    6.48337066e-01 9.91910696e-03 9.46088135e-01 9.25371170e-01
    4.55577254e-01 6.80470586e-01 5.32108784e-01 6.31939769e-01
    2.42310971e-01 6.00780964e-01 9.10349846e-01 9.22892928e-01
    7.14285493e-01 8.37661326e-01 2.63712943e-01 7.15390444e-01
    3.88818622e-01 6.69398248e-01 5.95759571e-01 3.89219582e-01
    3.13128710e-01 2.85708040e-01 8.28234196e-01 4.87905532e-01
    7.40170240e-01 7.53021061e-01 1.82123393e-01 9.62815523e-01
    3.97628397e-01 9.71643806e-01 4.57410574e-01 4.37092215e-01
    9.64787602e-01 4.82834399e-01 1.60881698e-01 9.56837177e-01
    6.02930725e-01 1.53249621e-01 4.36842144e-01 3.28394532e-01
    1.46063715e-01 2.81963825e-01 7.39930749e-01 6.79233134e-01
    9.14416075e-01 3.95778000e-01 2.42518485e-01 1.35915399e-01
    7.62498498e-01 8.69726658e-01 8.55563879e-01 6.52645111e-01
    1.33413672e-02 4.36335087e-01 4.24935251e-01 9.81877565e-01
    2.30535507e-01 8.62747550e-01 3.62399220e-01 9.11478281e-01
    4.97024298e-01 1.96809500e-01 5.96726179e-01 4.18574214e-02
    6.11922860e-01 3.62213284e-01 2.16271281e-02 7.92295635e-01
    4.29139674e-01 2.20608264e-01 1.35578692e-01 2.32109606e-01
    1.93042338e-01 3.90455663e-01 8.75059366e-02 8.81641567e-01
    1.22906268e-01 3.48356187e-01 7.80428290e-01 7.46621728e-01
    9.43726599e-02 4.03378606e-02 1.97246432e-01 4.35389161e-01
    4.44901049e-01 4.91692573e-01 1.08062923e-01 5.75739741e-02
    7.66949654e-01 8.94334078e-01 4.41914201e-01 1.14099354e-01
    7.13719606e-01 5.15526533e-02 5.98068833e-01 7.21008837e-01
    9.34890985e-01 9.57691252e-01 7.07684457e-01 6.40615523e-02
    7.79806495e-01 5.89138865e-02 1.81642681e-01 6.89454257e-01
    3.20591837e-01 9.84688044e-01 1.56840384e-02 8.94454598e-01
    7.10429609e-01 3.61279488e-01 3.17444146e-01 2.28236079e-01
    2.35849380e-01 8.81749153e-01 7.39479482e-01 5.21857440e-01
    8.75447094e-01 2.53218830e-01 5.92700660e-01 3.24742287e-01
    6.40018463e-01 5.59734464e-01 6.92584515e-02 3.73234391e-01
    6.73006773e-01 1.35063887e-01 3.17359388e-01 5.78827024e-01
    1.50498062e-01 9.79813874e-01 3.16691011e-01 3.05002272e-01
    5.46984315e-01 6.76521420e-01 8.78143549e-01 3.23077828e-01
    8.50965142e-01 2.58244753e-01 3.81451666e-01 4.17048931e-01
    3.12911749e-01 9.07483160e-01 8.97189856e-01 7.07535267e-01
    6.42502606e-01 2.75600970e-01 6.61071956e-01 2.61677533e-01
    9.33416486e-01 2.55274236e-01 8.75535309e-01 9.65533733e-01
    2.68874407e-01 5.25881767e-01 2.02516943e-01 6.75519109e-01
    2.12005109e-01 9.03766751e-02 2.89612770e-01 2.75462329e-01
    1.76402062e-01 6.06873870e-01 2.78357863e-01 9.47608113e-01
    2.61444449e-02 5.41642904e-01 5.64953148e-01 7.23178744e-01
    2.94014275e-01 3.08110535e-01 8.99311423e-01 1.39223576e-01
    4.83037919e-01 7.77192175e-01 9.91236448e-01 9.34780061e-01
    8.77796352e-01 8.45286012e-01 3.90668541e-01 2.83396900e-01
    2.34178096e-01 9.13630724e-01 6.68573320e-01 3.71074796e-01
    9.22720730e-02 1.27704114e-01 5.72253823e-01 8.21043730e-01
    5.78049421e-02 4.72673565e-01 1.52295768e-01 9.79104400e-01
    3.52406323e-01 2.47685879e-01 1.12211198e-01 6.83275402e-01
    8.63825560e-01 5.93841910e-01 5.66215158e-01 3.85291278e-02
    4.91478741e-02 7.11302280e-01 7.27884054e-01 9.59354460e-01
    5.53455293e-01 4.50022012e-01 5.88854730e-01 1.44933015e-01
    2.85296023e-01 7.63360381e-01 8.42412412e-02 6.34023070e-01
    6.45880699e-01 4.58702445e-01 6.80948019e-01 6.96165204e-01
    1.37784481e-01 8.14576447e-02 5.67968726e-01 6.28195286e-01
    8.64866972e-02 2.79907703e-01 1.51834607e-01 9.51421678e-01
    9.76690531e-01 7.43190050e-02 8.38115811e-02 5.28072596e-01
    5.38956225e-01 6.79787338e-01 7.29698241e-02 6.20883822e-01
    1.11684829e-01 9.61858809e-01 9.92396057e-01 5.72634757e-01
    5.57131052e-01 2.93228686e-01 4.43763345e-01 7.99701333e-01
    4.68968719e-01 9.43417728e-01 2.00757682e-02 3.03503096e-01
    2.56312311e-01 4.03377712e-01 2.78497845e-01 1.28070623e-01
    8.21535230e-01 1.01739556e-01 8.53450537e-01 3.48748565e-02
    8.26637387e-01 2.67524123e-02 4.20285106e-01 5.85736275e-01
    3.66010964e-02 3.97228897e-01 7.73069322e-01 2.84495950e-01
    4.97801214e-01 9.04229224e-01 4.93056834e-01 1.00676060e-01
    6.74261212e-01 2.54428387e-02 9.30496573e-01 7.20843613e-01
    7.73151040e-01 2.18136758e-01 4.47258055e-02 7.30312467e-02
    6.44492567e-01 2.60277450e-01 5.56220651e-01 4.95368540e-01
    8.74213815e-01 7.33020544e-01 5.39196491e-01 1.85459197e-01
    9.99683738e-01 9.48791981e-01 1.72943264e-01 7.48969376e-01
    7.38386035e-01 1.80931091e-02 9.25167680e-01 5.02871692e-01
    6.64297819e-01 3.25758278e-01 1.97996944e-01 5.80843806e-01
    7.28515029e-01 7.36088276e-01 8.28816056e-01 4.49945033e-02
    8.03844631e-02 2.89339542e-01 5.77718556e-01 5.65852761e-01
    9.81715202e-01 3.12545627e-01 3.30901176e-01 5.65855086e-01
    2.16601253e-01 3.48732620e-01 2.28109092e-01 6.83244348e-01
    1.26108229e-01 3.43335301e-01 9.85177636e-01 5.30484438e-01
    8.04540813e-01 4.64212596e-01 7.35130370e-01 8.58864307e-01
    8.12127113e-01 1.96587443e-01 9.64792848e-01 6.51256442e-02
    3.05938959e-01 5.65158606e-01 9.88930941e-01 3.36789966e-01
    4.59930271e-01 6.76787734e-01 9.72251236e-01 4.07444030e-01
    1.36652023e-01 1.30100697e-01 6.49547875e-01 8.95866275e-01
    4.74643111e-01 6.37108624e-01 3.10023725e-02 6.93915904e-01
    3.45926583e-02 1.45294935e-01 1.74222499e-01 3.69080484e-01
    6.64550185e-01 5.21823466e-01 2.41325736e-01 3.42314124e-01
    3.66213262e-01 4.30599809e-01 2.42271125e-02 7.52632260e-01
    3.31719637e-01 1.30953729e-01 7.69624472e-01 1.79118276e-01
    1.44222796e-01 2.78448105e-01 8.54739547e-01 4.61663306e-01
    7.81307399e-01 5.36542058e-01 6.68604970e-01 8.75315368e-01
    3.69576097e-01 6.31944060e-01 8.53695691e-01 9.79867578e-01
    3.92160624e-01 3.45627338e-01 2.49530107e-01 8.57219219e-01
    2.03907192e-01 6.20913863e-01 7.90633321e-01 8.85816455e-01
    3.71419877e-01 1.73945934e-01 2.76687831e-01 7.63780177e-01
    7.72634506e-01 4.83517885e-01 9.57198739e-01 4.90505874e-01
    6.10277176e-01 1.54285789e-01 1.10190243e-01 1.77589774e-01
    5.28661668e-01 4.05611575e-01 4.93501127e-01 4.78558779e-01
    4.55175042e-02 7.93000758e-02 5.22516727e-01 3.86799008e-01
    3.94765168e-01 3.64724994e-01 9.74500299e-01 7.68368840e-01
    4.99999940e-01 6.64050877e-01 9.18889940e-01 8.47403288e-01
    7.01376200e-01 6.20946944e-01 5.09425700e-01 2.73229033e-01
    5.47973990e-01 9.12159085e-02 7.30244219e-02 8.26002181e-01
    6.74740016e-01 7.38161564e-01 5.30381620e-01 4.42431509e-01
    9.07034278e-01 5.56724370e-01 3.91182184e-01 4.95103747e-01
    7.60061622e-01 3.83538306e-01 5.13902426e-01 3.39096785e-03
    5.52033901e-01 5.85887372e-01 4.76884544e-01 8.86666298e-01
    9.40265656e-01 8.17559063e-01 7.75716066e-01 8.95451248e-01
    6.48081481e-01 8.48014951e-01 5.34285903e-02 8.71274710e-01
    2.92583764e-01 3.87443513e-01 2.20798582e-01 1.51376247e-01
    8.31221938e-02 3.81134272e-01 4.78239626e-01 8.32934141e-01
    3.67173553e-02 1.34182036e-01 8.41109514e-01 3.22036773e-01
    5.41057765e-01 8.07097316e-01 8.62462878e-01 8.77661526e-01
    1.79253578e-01 6.15089357e-01 9.63518023e-01 3.34547818e-01
    6.70279801e-01 4.05930877e-01 3.24515194e-01 4.78327632e-01
    5.47123313e-01 1.69198513e-01 5.68783343e-01 9.41663384e-01
    3.27612400e-01 2.90018559e-01 8.16636384e-02 1.04577303e-01
    8.47346604e-01 4.05778408e-01 6.98757410e-01 7.23062396e-01
    9.19847131e-01 8.56329560e-01 9.50118363e-01 8.32489252e-01
    7.59172499e-01 5.48148751e-01 5.07250309e-01 2.46393263e-01
    8.18861902e-01 8.27579558e-01 1.65894300e-01 9.46956515e-01
    1.00932121e-01 4.30338264e-01 5.78548014e-01 4.95089799e-01
    5.49285173e-01 6.96444690e-01 4.83369201e-01 6.56687140e-01
    5.27620614e-01 6.24484956e-01 3.44738364e-01 7.23300815e-01
    2.35336661e-01 8.99326801e-03 7.23603368e-02 8.51539373e-02
    5.66406727e-01 3.81896675e-01 8.19748878e-01 4.45346355e-01
    7.21114993e-01 7.69902468e-01 4.94796425e-01 6.88755095e-01
    6.42636240e-01 7.20166564e-01 8.30069602e-01 4.48691547e-02
    4.90155190e-01 4.88183022e-01 7.14625716e-01 5.65569282e-01
    7.66234696e-02 9.56410289e-01 5.68132699e-01 4.55549240e-01
    1.70360148e-01 2.15494931e-02 6.91654682e-02 5.55313647e-01
    2.27526426e-02 6.85153365e-01 7.66588390e-01 2.84683973e-01
    1.05804771e-01 4.00585353e-01 4.25273806e-01 2.82852650e-01
    8.52971077e-02 9.71895397e-01 6.01934612e-01 4.68205929e-01
    4.80659515e-01 9.62761343e-02 4.56884801e-02 6.28993094e-01
    1.07608855e-01 9.65699375e-01 6.22410834e-01 2.78159797e-01
    7.15126634e-01 5.38873196e-01 6.12344801e-01 3.97471130e-01
    8.18172395e-02 8.01581144e-01 5.07365346e-01 2.15650439e-01
    5.60162902e-01 3.50722104e-01 8.16331625e-01 4.27039146e-01
    2.46557683e-01 4.86165911e-01 9.50448215e-02 3.01517934e-01
    2.37285823e-01 7.46636033e-01 5.66907346e-01 5.63938320e-01
    8.13544631e-01 7.87680030e-01 3.77688944e-01 7.31806755e-01
    5.60302973e-01 3.55517775e-01 5.56269407e-01 6.16450906e-01
    4.58203733e-01 9.73275959e-01 3.21549952e-01 8.70468140e-01
    2.20812857e-02 6.26127422e-02 4.29638773e-01 7.43693650e-01
    7.04665661e-01 6.19134784e-01 3.68853211e-01 2.50130624e-01
    3.16743463e-01 5.80634475e-01 7.38213420e-01 6.74259663e-02
    2.64791548e-02 3.87683421e-01 3.01531672e-01 8.68555844e-01
    2.46625096e-01 6.22418284e-01 1.46708786e-02 2.39133060e-01
    5.41743457e-01 8.67256820e-02 5.13276041e-01 6.64592206e-01
    6.49116099e-01 3.56742740e-02 8.36735070e-02 3.38320971e-01
    4.42116290e-01 6.54266953e-01 5.81485569e-01 9.78885472e-01
    5.25534391e-01 1.52779847e-01 4.97851759e-01 3.22221875e-01
    7.80020177e-01 8.22981775e-01 4.05963868e-01 3.07958663e-01
    5.66662490e-01 9.16778803e-01 7.37144411e-01 4.73852396e-01
    2.95929611e-02 7.60089874e-01 4.15338308e-01 7.83619642e-01
    8.33743632e-01 3.25768888e-01 1.05556011e-01 5.15341759e-01
    4.40300792e-01 7.24102497e-01 4.96340215e-01 6.16304874e-01
    4.65762168e-01 4.82341468e-01 7.70582736e-01 5.09839714e-01
    9.19034839e-01 8.09902906e-01 2.94907808e-01 1.46739960e-01
    5.11532545e-01 3.00465494e-01 4.97908980e-01 2.86666036e-01
    4.25590068e-01 2.98112154e-01 7.15553880e-01 5.11082113e-01
    5.51914394e-01 8.31533074e-02 4.13011611e-01 7.44193792e-01
    7.95387149e-01 1.74751610e-01 1.40184730e-01 5.17804325e-02
    5.66440463e-01 5.24227440e-01 8.82793128e-01 9.40570354e-01
    1.75378203e-01 8.65452468e-01 5.09106517e-02 5.47850430e-01
    1.62568986e-01 7.18560219e-02 5.82238793e-01 9.46498394e-01
    1.10738546e-01 2.72892714e-02 1.75205439e-01 2.96165824e-01
    3.32268298e-01 8.92691731e-01 9.08170462e-01 2.03275770e-01
    6.67780995e-01 4.49777305e-01 8.86320233e-01 7.79512525e-02
    3.71251911e-01 2.15791404e-01 4.98441070e-01 3.91056657e-01
    3.77538651e-01 3.13432217e-01 4.42262053e-01 2.38925010e-01
    5.33094406e-02 4.09818560e-01 3.92078161e-01 4.72297013e-01
    4.43384230e-01 5.07254422e-01 5.93605340e-01 3.24249446e-01
    7.83062875e-02 3.22457433e-01 6.37464345e-01 1.66572094e-01
    1.00311160e-01 8.52503419e-01 7.71055520e-02 1.36999488e-02
    3.48569781e-01 4.22502875e-01 2.97528803e-01 4.93604720e-01
    1.66089982e-01 9.04543459e-01 8.78550887e-01 1.27436250e-01
    9.32450354e-01 8.50286841e-01 7.41255283e-01 5.09239495e-01
    5.70157170e-02 4.80872899e-01 3.24684083e-02 8.77089381e-01
    6.75556839e-01 5.12583971e-01 4.45075929e-01 3.12065572e-01
    6.29730344e-01 3.25524330e-01 6.79045379e-01 5.89869738e-01
    9.81400251e-01 4.74383086e-01 6.96804941e-01 7.22503424e-01
    9.69429493e-01 9.47130084e-01 2.05952108e-01 4.18817759e-01
    4.31096196e-01 4.32224751e-01 7.76921809e-01 1.38278395e-01
    2.42484421e-01 5.60336530e-01 4.08415377e-01 4.41897511e-02
    4.82182264e-01 5.54670155e-01 2.80715257e-01 6.84090555e-02
    2.12414533e-01 2.76190937e-02 5.47296643e-01 3.71700495e-01
    4.48727012e-01 9.14155006e-01 5.81802428e-02 7.59048581e-01
    7.58025169e-01 8.76700044e-01 7.49621987e-01 8.41281891e-01
    5.65771222e-01 5.70262015e-01 3.94751966e-01 9.72013056e-01
    1.27795607e-01 1.36251152e-01 4.38971251e-01 7.94924080e-01
    7.79544592e-01 8.19701850e-01 4.12739784e-01 7.42926300e-02
    5.48449993e-01 1.51100278e-01 1.72222704e-01 7.98793554e-01
    3.00476283e-01 7.74666548e-01 4.44651812e-01 9.75337148e-01
    1.03143781e-01 4.80074584e-01 8.71601462e-01 5.65265894e-01
    9.51186240e-01 6.72431946e-01 4.91727769e-01 5.35757542e-02
    2.25831866e-01 3.42458457e-01 6.55404687e-01 6.78259254e-01
    2.13571906e-01 1.22366965e-01 3.70115817e-01 7.55457401e-01
    3.71435821e-01 6.45924330e-01 6.31263375e-01 6.28382683e-01
    1.34689212e-01 7.99654365e-01 6.28574789e-01 9.07498956e-01
    3.06546688e-04 3.26831877e-01 3.25918794e-01 7.03210592e-01
    9.81066167e-01 9.35705006e-02 3.94392133e-01 4.75646198e-01
    9.43382144e-01 9.33841109e-01 9.77248490e-01 5.24633408e-01
    9.58844125e-01 1.20376945e-01 7.31776416e-01 5.82015395e-01
    8.03948045e-01 2.97445387e-01 7.03742087e-01 3.03851485e-01
    8.66806746e-01 6.76154494e-01 4.50923651e-01 9.25333500e-01
    7.88357854e-03 9.55336809e-01 2.55161524e-01 2.22894609e-01
    9.64226007e-01 1.28484726e-01 1.76909775e-01 1.98051929e-01
    8.50748539e-01 7.90792823e-01 9.92672145e-02 2.35550880e-01
    5.08085132e-01 4.64926362e-02 5.30166745e-01 8.54312956e-01
    2.59898692e-01 8.70740533e-01 3.68249714e-01 3.11470032e-01
    9.54037309e-02 9.93232012e-01 3.34174514e-01 7.09599853e-01
    1.22547477e-01 2.99471438e-01 8.40962052e-01 8.16786051e-01
    8.87628973e-01 7.89253116e-01 1.22004747e-01 8.71594429e-01
    2.39576608e-01 7.12425292e-01 3.57100964e-02 1.48800910e-02
    1.57299608e-01 9.38826501e-02 5.85135221e-02 5.36297381e-01
    3.97899210e-01 1.87144250e-01 5.07386029e-02 4.51561391e-01
    7.80171990e-01 7.77946591e-01 9.45555329e-01 3.60966563e-01
    8.31356883e-01 1.58431888e-01 6.36508584e-01 5.62254190e-02
    8.21353257e-01 4.30558205e-01 8.78244519e-01 4.61467534e-01
    9.70883906e-01 2.92802334e-01 5.14016271e-01 8.40220332e-01
    8.52239490e-01 3.08301777e-01 1.55714601e-01 7.34715581e-01
    2.11714208e-02 8.17203581e-01 7.13526666e-01 6.29097939e-01
    6.88038290e-01 9.24801469e-01 8.43344569e-01 6.89554691e-01
    4.22225058e-01 6.00670397e-01 2.04901636e-01 2.03413486e-01
    4.40476894e-01 6.67664886e-01 1.07733697e-01 6.43420219e-01
    6.01364315e-01 2.47058392e-01 1.14972204e-01 4.22274113e-01
    2.46334106e-01 2.31460243e-01 1.00582808e-01 2.22310215e-01
    9.60793734e-01 4.04936522e-01 8.43531668e-01 3.54184568e-01
    4.36514914e-02 9.19474959e-01 4.86530781e-01 2.77684420e-01
    4.16277468e-01 3.72506976e-02 8.77424479e-01 2.60404378e-01
    5.43402314e-01 1.41268373e-01 8.15352798e-02 8.63500357e-01
    3.79121065e-01 2.51447618e-01 5.57446659e-01 8.36858153e-02
    3.98677289e-01 8.91283274e-01 1.27783567e-01 1.21479332e-02
    1.06186718e-01 4.86765534e-01 2.58560628e-01 3.93831611e-01
    5.20595968e-01 1.67829692e-02 5.19852340e-02 8.23095262e-01
    7.17875779e-01 4.09722954e-01 5.98506033e-02 2.89970934e-02
    1.42626852e-01 6.88261569e-01 1.91909254e-01 1.38012469e-02
    4.17286515e-01 9.41408396e-01 5.96886456e-01 1.78649843e-01
    4.92867529e-02 7.66083121e-01 5.98308146e-01 9.11901832e-01
    2.65908748e-01 7.63644338e-01 3.23056966e-01 5.02154231e-01
    2.68435180e-02 2.05089897e-01 7.35528588e-01 3.11277241e-01
    7.54994094e-01 5.59845865e-01 1.29961967e-02 8.59663367e-01
    8.37148249e-01 5.35947144e-01 1.01703227e-01 1.16193682e-01
    4.20945168e-01 6.48528695e-01 5.90562761e-01 9.96828675e-02
    5.63201904e-01 9.87129033e-01 8.10802817e-01 7.01386809e-01
    7.23711312e-01 6.26610696e-01 8.74806166e-01 7.08520353e-01
    9.22361612e-02 4.84918296e-01 2.01379538e-01 1.67603374e-01
    2.82979250e-01 2.61849582e-01 8.25602055e-01 9.26635861e-01
    5.36387205e-01 4.38310683e-01 9.17872965e-01 4.77091163e-01
    8.32705975e-01 5.64515352e-01 9.53274786e-01 6.59538031e-01
    4.71914560e-01 9.44143653e-01 6.02479637e-01 7.54420340e-01
    8.53738785e-01 5.10701776e-01 2.93998599e-01 8.61498475e-01
    4.95141864e-01 8.01773667e-01 6.13651931e-01 5.98367631e-01
    5.55396378e-02 5.73088467e-01 8.42942476e-01 3.94392312e-01
    2.48635709e-01 5.28753340e-01 8.34698617e-01 2.36339122e-01
    7.94919610e-01 9.21827853e-01 1.18927598e-01 1.45503432e-01
    8.63367677e-01 7.26071477e-01 8.31466675e-01 7.25298405e-01
    5.92172146e-05 1.69587165e-01 4.84566510e-01 3.35169077e-01
    3.88742208e-01 6.26858652e-01 9.50701475e-01 4.12540317e-01
    4.70174760e-01 3.01576555e-02 3.53325665e-01 2.94289947e-01
    6.07618630e-01 9.15903568e-01 4.61680263e-01 4.65928763e-01
    4.19230372e-01 8.79992247e-01 7.27307558e-01 7.43280888e-01
    7.19934583e-01 5.48626900e-01 1.80198282e-01 6.79311574e-01
    9.86381769e-02 1.48898482e-01 6.93107009e-01 7.49173164e-01
    6.51427448e-01 8.02301705e-01 5.97088754e-01 5.06527066e-01
    6.51678741e-02 8.97996426e-01 5.44366717e-01 3.89793515e-03
    4.05250490e-02 5.91108739e-01 4.81400788e-01 4.94721055e-01
    2.53280401e-01 1.20565295e-01 8.42665732e-01 7.81292439e-01
    9.36100483e-02 6.66256487e-01 3.83499265e-01 1.52840227e-01
    2.14899242e-01 4.98235643e-01 9.90060687e-01 6.18684649e-01
    3.95783484e-01 3.41055363e-01 9.26761031e-01 2.81208694e-01
    3.19128394e-01 3.28439176e-01 7.91530132e-01 2.18601346e-01
    4.42748308e-01 8.36402535e-01 1.00992113e-01 2.93932557e-01
    9.98097956e-01 4.62622315e-01 1.23821080e-01 9.28661227e-02
    2.47153372e-01 9.40127492e-01 3.44499052e-02 6.12418890e-01
    3.46849769e-01 4.42623228e-01 6.34958684e-01 1.34424120e-01
    8.25206518e-01 9.43450809e-01 6.99440539e-01 1.70775801e-01
    5.24178147e-02 7.23204374e-01 9.01738405e-01 6.66162968e-01
    7.40620494e-03 4.25196737e-01 5.18545806e-02 5.30956566e-01
    4.47624385e-01 1.41130269e-01 9.54840422e-01 3.31550598e-01
    1.20022237e-01 8.37637186e-01 1.63168520e-01 3.40993464e-01
    4.42969620e-01 1.60245836e-01 6.52100861e-01 4.30521965e-01
    7.77957439e-01 8.50958705e-01 1.34367138e-01 6.87711298e-01
    2.96187699e-01 3.05932522e-01 8.35239768e-01 2.97631055e-01
    4.17232066e-01 2.70433128e-01 5.04209697e-02 9.84897792e-01
    7.49028027e-02 1.38148040e-01 5.03237605e-01 4.62806135e-01
    4.09076095e-01 3.45831335e-01 2.63729095e-02 6.64531410e-01
    2.55163074e-01 1.65668428e-02 4.02164757e-02 9.35516596e-01
    7.04330325e-01 2.12037265e-02 9.88962293e-01 5.38719237e-01
    6.80992961e-01 7.14172661e-01 3.73414040e-01 2.74927795e-01
    6.75095618e-01 1.14178956e-01 3.13444018e-01 9.11168635e-01
    4.76866603e-01 9.75830317e-01 9.34997320e-01 8.04913998e-01
    3.85717392e-01 8.08587968e-01 1.53270394e-01 8.33750367e-01
    1.17828637e-01 7.82963932e-01 3.68461996e-01 7.98893392e-01
    3.83176506e-01 4.98565257e-01 4.59792018e-02 9.84867334e-01
    3.66768062e-01 1.22777700e-01 1.28555954e-01 3.68978381e-02
    8.97479653e-01 2.34134525e-01 6.59965336e-01 5.22779226e-01
    1.55881763e-01 6.53653562e-01 2.93396264e-01 4.33791608e-01
    4.08193678e-01 1.06219232e-01 8.78761411e-01 5.26627541e-01
    3.43414605e-01 4.47246403e-01 1.39692128e-02 8.98875058e-01
    3.76955599e-01 4.31933343e-01 6.39318705e-01 5.41785717e-01
    8.46078694e-02 9.21162009e-01 4.03430611e-01 6.41670883e-01
    5.10859191e-02 8.14734995e-02 7.38489509e-01 8.81257057e-01
    8.77830744e-01 4.54144597e-01 4.43665504e-01 1.19851649e-01
    2.70660996e-01 7.79790759e-01 9.86401200e-01 9.40550089e-01
    5.85418046e-02 3.60689282e-01 9.31873024e-01 7.69341886e-02
    1.67158365e-01 5.74575663e-01 6.41199529e-01 5.21037161e-01
    6.64558113e-01 5.40073395e-01 3.60818207e-02 5.16834855e-03
    6.37823403e-01 5.82621574e-01 8.82957578e-01 4.73076314e-01
    8.97417843e-01 2.87101984e-01 5.54796517e-01 6.80960119e-01
    6.60816789e-01 7.79032290e-01 9.51601923e-01 8.57120037e-01
    2.64398724e-01 4.62349683e-01 1.99747086e-02 5.66537619e-01
    5.12771010e-01 6.86467648e-01 7.17288494e-01 8.07865739e-01
    4.90359247e-01 3.27634722e-01 2.78948784e-01 1.27628267e-01
    5.85109591e-01 7.66635358e-01 3.60280901e-01 1.51762187e-01
    9.84786451e-02 8.33120108e-01 6.80475712e-01 7.65615284e-01
    1.93369389e-03 4.37443256e-02 7.68384099e-01 8.63837898e-01
    3.50553453e-01 2.38010079e-01 7.80690908e-02 5.32141089e-01
    3.10237885e-01 1.57479972e-01 1.48399085e-01 3.13089073e-01
    2.73746580e-01 4.33303237e-01 6.08233809e-01 2.80070633e-01
    9.38863039e-01 7.37936795e-02 3.58804703e-01 5.03950119e-01
    4.57701325e-01 1.02746665e-01 7.34654069e-01 9.54954267e-01
    1.94644034e-01 2.17253834e-01 9.53636169e-01 9.13092375e-01
    2.47130394e-01 4.04931724e-01 6.75525665e-01 6.78458452e-01
    7.59831071e-01 9.47130382e-01 5.44889390e-01 9.36766565e-01
    2.90167511e-01 3.42993855e-01 5.87138295e-01 6.05514407e-01
    6.39705241e-01 4.90884900e-01 6.41349196e-01 1.18724376e-01
    8.83454382e-02 8.29256058e-01 1.46546811e-01 5.81470430e-02
    1.58617318e-01 4.26690161e-01 1.84511840e-01 6.68563962e-01
    4.25326854e-01 4.25943494e-01 9.98561502e-01 3.32249463e-01
    1.48282945e-01 5.08814156e-01 1.79953188e-01 5.50317049e-01
    5.91575623e-01 9.49311674e-01 7.34406531e-01 2.92765170e-01
    6.58737838e-01 3.74014020e-01 4.33067828e-01 1.22761756e-01
    7.78158426e-01 4.16566432e-01 2.96115875e-03 2.21164674e-01
    9.02685642e-01 5.15799820e-01 1.21360838e-01 1.51928216e-01
    1.44464403e-01 5.25803268e-01 8.65670681e-01 6.88136935e-01
    2.39250094e-01 7.90457368e-01 8.33455324e-01 6.67178214e-01
    3.68300319e-01 7.85598159e-01 1.48766965e-01 6.54176950e-01
    3.81902307e-01 8.19673538e-01 9.28252161e-01 7.73272276e-01
    8.00828457e-01 2.68950999e-01 6.57005608e-01 6.06808305e-01
    3.82951617e-01 5.82616568e-01 9.31842208e-01 8.87364924e-01
    2.83370048e-01 2.61979908e-01 1.81953281e-01 2.44694471e-01
    5.43890059e-01 3.45421433e-02 9.41288233e-01 2.36485451e-01
    4.35362637e-01 2.67123401e-01 6.95379972e-01 3.31825018e-03
    8.63272309e-01 9.33718026e-01 9.88985777e-01 7.98927784e-01
    7.91741133e-01 2.93281317e-01 6.36225522e-01 8.57432842e-01
    2.06991136e-02 3.07461202e-01 8.93328786e-01 8.31083298e-01
    8.65050077e-01 2.55710840e-01 1.85176969e-01 9.22259569e-01
    1.14119828e-01 8.69766831e-01 4.73267734e-02 8.37848544e-01
    7.98392236e-01 8.53326380e-01 4.67433035e-01 6.24606311e-02
    5.20724118e-01 3.79234821e-01 6.85776949e-01 8.25305104e-01
    8.33688796e-01 5.68955302e-01 7.45329440e-01 7.47729063e-01
    6.97997570e-01 5.91891766e-01 1.46330416e-01 5.96648872e-01
    8.95247459e-02 4.62462455e-01 7.12668717e-01 9.54385042e-01
    5.73509097e-01 6.97417498e-01 6.07614517e-01 1.91129982e-01
    3.84207457e-01 7.00020075e-01 7.26156831e-01 5.12185693e-03
    4.46336925e-01 2.71098316e-01 2.28935659e-01 2.55634487e-02
    4.37793016e-01 7.31792748e-01 7.94813395e-01 3.78868490e-01
    1.71443939e-01 2.99704552e-01 7.87543654e-01 2.08500654e-01
    2.04457641e-01 5.03239512e-01 3.60286057e-01 5.57770252e-01
    7.39417553e-01 3.38470399e-01 7.29465246e-01 8.92989635e-02
    6.64312720e-01 3.92664373e-02 3.22537661e-01 5.75879514e-02
    7.64413238e-01 4.37087774e-01 8.46206248e-01 2.18231827e-01
    1.97571516e-01 7.43286014e-02 6.49599195e-01 3.62769693e-01
    8.14583004e-01 5.73628545e-01 5.21274567e-01 7.79330790e-01
    4.89513099e-01 7.24491119e-01 2.93838620e-01 7.40682542e-01
    7.03239441e-01 1.03609979e-01 5.24680972e-01 2.50857711e-01
    5.44589221e-01 8.07494044e-01 7.43513286e-01 9.69864786e-01
    4.41222429e-01 7.55315006e-01 1.25440150e-01 7.09001124e-01
    8.19097400e-01 6.87202156e-01 1.90438777e-01 3.53992850e-01
    5.02434254e-01 6.05130255e-01 8.31068635e-01 1.62621140e-01
    5.75548232e-01 1.39475495e-01 3.69308561e-01 1.50488347e-01
    3.86747956e-01 8.14805031e-02 6.73897266e-02 9.06380057e-01
    7.83091366e-01 2.73590386e-02 3.16367567e-01 3.26411128e-01
    4.86792356e-01 5.59236586e-01 6.15156710e-01 3.07970464e-01
    1.27746612e-01 8.99134159e-01 4.35738236e-01 8.29673886e-01
    6.77421391e-01 4.69782770e-01 8.24112535e-01 5.39397717e-01
    7.10342228e-02 2.00110674e-03 3.81131053e-01 5.16102970e-01
    7.50758052e-01 4.17632848e-01 9.08458591e-01 3.27223927e-01
    3.73324692e-01 4.26805913e-02 2.76114643e-01 1.81274951e-01
    5.12550592e-01 4.26776737e-01 3.26022148e-01 3.58451843e-01
    7.47447431e-01 3.61759126e-01 1.63614452e-01 6.67855740e-01
    6.99304223e-01 8.09326530e-01 4.67927575e-01 4.88377988e-01
    4.27218795e-01 7.54325867e-01 1.97627634e-01 2.90972590e-01
    4.20860231e-01 7.99909055e-01 6.82509184e-01 6.59706414e-01
    9.96873617e-01 4.61549431e-01 2.93140650e-01 5.14738679e-01
    2.53856182e-02 2.87684679e-01 1.13624334e-01 6.10161304e-01
    4.73042369e-01 2.26174593e-01 1.44667149e-01 3.10618341e-01
    1.25111163e-01 7.72906542e-01 9.01636660e-01 3.29234898e-01
    5.18635333e-01 3.85128081e-01 8.55022252e-01 6.19017363e-01
    3.99762511e-01 3.98827791e-02 7.27311492e-01 4.78512585e-01
    7.10173726e-01 9.89145756e-01 6.36403441e-01 2.97266513e-01
    4.18202102e-01 6.78476095e-02 7.88496733e-01 1.02903843e-01
    1.08855546e-01 6.96128070e-01 9.31446314e-01 7.71986365e-01
    5.82713068e-01 2.10483253e-01 5.71672797e-01 7.64249086e-01
    4.81762826e-01 4.93383676e-01 8.29182744e-01 1.94519222e-01
    6.33980930e-02 4.34900939e-01 5.15271068e-01 7.12352395e-02
    5.66362441e-02 5.86931467e-01 5.37614882e-01 7.84783602e-01
    6.92897081e-01 6.92783833e-01 1.27968371e-01 4.88574475e-01
    7.49948919e-01 2.14755744e-01 6.95093215e-01 2.66795337e-01
    6.75937355e-01 2.07584053e-01 4.85623568e-01 4.63057816e-01
    5.67147136e-02 9.71112847e-01 3.42654437e-01 3.21548462e-01
    5.21725655e-01 4.99448866e-01 4.95322198e-01 1.25271171e-01
    6.77831471e-01 7.02554882e-01 1.18596882e-01 5.51625609e-01
    8.15565884e-01 6.09907806e-01 5.42712331e-01 6.85617268e-01
    2.27504253e-01 8.01926553e-01 4.87133175e-01 1.90945596e-01
    2.09895611e-01 5.38264573e-01 3.47586334e-01 6.63891435e-01
    4.85033810e-01 4.32451129e-01 2.63170302e-01 2.19023168e-01
    5.64512849e-01 6.82883143e-01 8.48437726e-01 1.99123085e-01
    2.41070449e-01 5.37983716e-01 3.90003592e-01 2.48820454e-01
    9.45807338e-01 3.53592455e-01 5.54223776e-01 2.93998480e-01
    3.80213261e-01 1.17423266e-01 5.93765914e-01 1.44748449e-01
    1.57321632e-01 2.25996345e-01 1.31303370e-02 1.34961456e-01
    7.81509280e-02 9.69204664e-01 6.91472173e-01 3.27142417e-01
    6.85584843e-01 3.20693016e-01 1.91563964e-02 9.38791275e-01
    4.93089676e-01 6.86994672e-01 9.02186334e-01 4.45607454e-01
    7.05489516e-02 1.57018036e-01 2.50693798e-01 3.28086317e-02
    3.16806197e-01 8.82604301e-01 1.74815804e-01 7.13612497e-01
    7.37675846e-01 1.66314870e-01 5.67408144e-01 9.21871245e-01
    2.77188003e-01 6.28855467e-01 2.82459438e-01 5.60206831e-01
    3.85560513e-01 2.71020532e-02 3.80727768e-01 9.41746950e-01
    7.12708950e-01 6.16412282e-01 1.04661345e-01 5.80420077e-01
    3.80011678e-01 6.30446434e-01 5.73721707e-01 1.96526676e-01
    3.62245262e-01 4.89825279e-01 2.41226971e-01 6.67130291e-01
    8.09126258e-01 2.42447168e-01 8.20491076e-01 2.48235226e-01
    2.23615378e-01 4.83956337e-01 9.59686160e-01 9.35055315e-01
    5.29865384e-01 7.66696453e-01 8.57534170e-01 1.65842026e-01
    8.14545155e-03 2.52960414e-01 9.88455176e-01 2.02306807e-01
    7.68817186e-01 1.75848395e-01 2.01887786e-02 8.35829139e-01
    3.71399999e-01 1.83819205e-01 6.25602365e-01 6.20722234e-01
    9.04658556e-01 6.84196293e-01 4.34501886e-01 5.23152471e-01
    1.38719618e-01 8.32931995e-01 1.57761514e-01 3.39121282e-01
    5.58079779e-01 2.58937836e-01 6.11375749e-01 4.72956896e-01
    5.56842744e-01 3.79934072e-01 4.68179524e-01 3.94017160e-01
    9.42753673e-01 4.68643010e-01 1.38497651e-02 9.61533844e-01
    7.13653684e-01 3.82954121e-01 8.74323189e-01 9.77119803e-01
    5.19727588e-01 5.56762755e-01 1.76248252e-02 1.08184874e-01
    5.30733824e-01 5.37604511e-01 2.23732352e-01 9.31571126e-01
    7.96691775e-01 2.02492207e-01 4.54612374e-01 1.13683701e-01
    2.66784728e-01 7.96188235e-01 5.83110690e-01 6.70899510e-01
    9.96467590e-01 6.89268112e-04 3.76110286e-01 7.23821282e-01
    7.77744651e-02 1.50454879e-01 4.37915146e-01 1.96145624e-01
    5.34264982e-01 2.71264613e-01 2.52519965e-01 8.01807642e-02
    3.90121400e-01 4.38358992e-01 5.22430658e-01 7.97733665e-01
    7.00959146e-01 9.92656112e-01 1.05963588e-01 8.61501098e-01
    1.13232076e-01 4.96621847e-01 1.39762998e-01 4.93527561e-01
    7.00452626e-01 7.90918589e-01 6.75584078e-02 5.58651030e-01
    6.98736608e-02 9.64272976e-01 9.06439424e-01 9.64532852e-01
    3.97123188e-01 5.75775981e-01 1.91571087e-01 2.57624984e-02
    8.53049695e-01 6.98005617e-01 8.46144795e-01 8.90371621e-01
    2.65385479e-01 5.94809175e-01 3.90497863e-01 9.61783290e-01
    9.70564961e-01 1.47956759e-01 8.07462335e-01 5.37526786e-01
    4.36847210e-01 2.32649356e-01 9.52499807e-02 3.40919226e-01
    5.29544950e-01 9.10833418e-01 6.39950514e-01 4.37127918e-01
    3.60041857e-03 7.44467854e-01 2.79684842e-01 6.89422488e-01
    7.48385072e-01 2.73240775e-01 1.93814069e-01 9.61194277e-01
    7.37585664e-01 2.92221576e-01 8.05701613e-02 9.12069201e-01
    2.19623238e-01 8.34959030e-01 1.49965763e-01 1.42785341e-01
    5.22286177e-01 7.70817995e-02 9.33390856e-01 9.45922136e-01
    5.66788018e-02 6.20756030e-01 5.94901025e-01 4.18162137e-01
    2.47826368e-01 7.81548858e-01 9.49600458e-01 1.66336745e-01
    4.31958079e-01 8.56692553e-01 8.75104785e-01 6.39819980e-01
    5.99175930e-01 2.12583572e-01 5.97915053e-01 1.80153072e-01
    3.13084483e-01 4.49600488e-01 8.07949603e-02 1.78689390e-01
    1.67161852e-01 1.59475625e-01 8.33272576e-01 8.06961894e-01
    8.59890699e-01 9.69740093e-01 6.55334711e-01 9.65047419e-01
    9.40610707e-01 2.49100685e-01 9.58550274e-01 9.49393272e-01
    3.32008481e-01 2.77991325e-01 1.23171926e-01 9.74926829e-01
    4.26219136e-01 4.60888505e-01 9.30505335e-01 3.60003829e-01
    6.23815954e-01 9.11307693e-01 7.72000730e-01 9.33153152e-01
    2.30421811e-01 8.11853647e-01 9.70603108e-01 8.95040512e-01
    6.20859981e-01 3.48727822e-01 7.18208790e-01 9.51266170e-01
    7.35200465e-01 9.97797787e-01 3.75209033e-01 8.41744900e-01
    3.84090662e-01 3.30698103e-01 8.93699884e-01 4.91273403e-02
    2.93534994e-02 3.84631217e-01 3.45559299e-01 1.48253590e-01
    3.95914048e-01 3.24114263e-01 5.90415716e-01 6.98039651e-01
    2.74724245e-01 9.06127214e-01 7.63008475e-01 4.89434004e-01
    3.17901939e-01 9.29034889e-01 2.61073947e-01 9.13091063e-01
    1.58514470e-01 8.91575992e-01 3.40463430e-01 1.69407666e-01
    8.19195986e-01 5.18862903e-01 2.14009136e-01 1.52895689e-01
    4.46962714e-01 8.39243650e-01 2.61699289e-01 9.96812701e-01
    2.66587734e-02 9.31683838e-01 5.82979143e-01 1.89388931e-01
    6.36891901e-01 7.03888535e-02 1.53771728e-01 8.76693845e-01
    8.96607399e-01 2.20512450e-02 3.24004650e-01 6.67690873e-01
    4.00788724e-01 5.55358768e-01 6.92447901e-01 1.88174456e-01
    1.83532864e-01 5.90942323e-01 7.57915139e-01 6.66535378e-01
    6.91119611e-01 2.43013501e-02 3.38018239e-01 9.18046653e-01
    7.47957647e-01 4.31865335e-01 9.05778468e-01 7.54106879e-01
    9.63720798e-01 3.07978570e-01 4.44194198e-01 8.70100498e-01
    3.36871505e-01 2.79603779e-01 3.40103626e-01 7.59178936e-01
    6.59928560e-01 4.69635755e-01 4.50890362e-01 9.53838229e-01
    1.91385329e-01 4.89236593e-01 9.08588588e-01 1.80828184e-01
    4.75392669e-01 4.80729342e-03 1.04564130e-01 2.64767528e-01
    5.15098453e-01 9.62067485e-01 3.67039561e-01 5.48948407e-01
    8.45807850e-01 3.93673301e-01 8.76564384e-01 1.77840114e-01
    2.41632849e-01 7.31870532e-03 4.08968925e-01 3.48350316e-01
    4.27144527e-01 8.01258504e-01 6.75680995e-01 4.74443436e-02
    3.82211030e-01 3.39683890e-03 9.96452034e-01 4.24340695e-01
    9.07089651e-01 1.67179495e-01 3.37532163e-02 3.08271825e-01
    9.70133901e-01 4.97334659e-01 3.18764627e-01 3.13395500e-01
    6.18346393e-01 5.51143885e-01 6.71652496e-01 8.68158042e-01
    9.06960964e-01 6.58380508e-01 6.03446186e-01 8.17799807e-01
    1.34549767e-01 2.56607354e-01 6.11578107e-01 6.07035935e-01
    6.06483519e-01 1.33031011e-01 5.91292083e-01 6.57555401e-01
    9.29272175e-03 3.27344149e-01 8.29088569e-01 2.47630835e-01
    6.13502562e-02 9.47208643e-01 6.08151913e-01 2.61687279e-01
    3.30680311e-02 1.16926879e-01 8.69864225e-01 1.25095189e-01
    7.16159284e-01 1.73426241e-01 9.24984336e-01 6.89517736e-01
    5.87962389e-01 7.82716513e-01 9.22624528e-01 8.66949081e-01
    1.60500944e-01 4.79385465e-01 5.46568990e-01 4.12420571e-01
    2.74506539e-01 8.86621594e-01 4.60243732e-01 6.07416093e-01
    9.58754778e-01 8.57776105e-01 8.37555170e-01 6.58004522e-01
    2.26066887e-01 2.65915692e-01 7.00959027e-01 1.02196455e-01
    5.58896065e-02 1.76378906e-01 8.34024072e-01 5.34582615e-01
    8.63886952e-01 5.68045676e-02 7.13135123e-01 3.15473258e-01
    2.93240368e-01 8.59124660e-01 4.40925390e-01 1.64157093e-01
    6.99977756e-01 7.73142040e-01 8.67447138e-01 6.43255949e-01
    7.25469589e-01 6.07235789e-01 5.72316229e-01 6.18633986e-01
    3.45439374e-01 6.45548761e-01 8.71789336e-01 9.60595846e-01
    2.30525732e-01 5.36388159e-01 3.90513778e-01 1.67739153e-01
    6.94199145e-01 8.12931538e-01 6.87924147e-01 2.08763927e-01
    9.90302205e-01 8.45281363e-01 2.44474292e-01 7.47700930e-01
    1.65743738e-01 6.01716936e-01 7.05675483e-01 4.07329500e-02
    2.81817853e-01 3.76362205e-01 7.41088331e-01 2.93505520e-01
    3.48198771e-01 6.89370632e-01 5.78196943e-01 8.31534266e-02
    1.16740644e-01 2.15482742e-01 4.82893884e-01 4.84126300e-01
    3.47522378e-01 6.89669371e-01 8.44840944e-01 6.11162245e-01
    5.74370325e-01 9.19899702e-01 2.19515979e-01 4.60448235e-01
    3.41737270e-01 1.75787210e-02 4.47867513e-02 9.94726777e-01
    8.73845816e-01 8.93865108e-01 3.00854564e-01 7.77637184e-01
    7.97976613e-01 4.91778642e-01 4.16644484e-01 5.38662195e-01
    6.19624496e-01 3.78864795e-01 9.53548133e-01 5.71257353e-01
    6.46579266e-01 1.45676285e-01 4.00495321e-01 1.84759200e-01
    9.63513076e-01 6.68864965e-01 3.47561538e-01 3.91858965e-01
    1.19210869e-01 1.00304395e-01 1.87269598e-01 4.47120309e-01
    2.95841336e-01 2.38833219e-01 5.59202433e-02 8.79990637e-01
    3.22932750e-01 4.54813778e-01 8.86322021e-01 8.36748779e-01
    6.88020468e-01 5.44517636e-01 9.93573666e-03 2.58973241e-01
    5.23913562e-01 3.63106489e-01 7.53614187e-01 9.42187011e-02
    9.98966217e-01 1.02219135e-01 7.09975958e-01 5.84441662e-01
    8.17504048e-01 5.00278652e-01 2.59917676e-02 6.56427264e-01
    7.98986495e-01 4.51661319e-01 3.13326538e-01 2.05703676e-01
    3.31798851e-01 2.70187855e-03 7.23582745e-01 3.17410260e-01
    8.14808846e-01 5.83728373e-01 7.71302342e-01 8.54735732e-01
    9.09174502e-01 8.56137753e-01 2.94394821e-01 2.42002457e-01
    3.35465074e-02 8.36216807e-01 1.35489047e-01 6.12235606e-01
    8.47578645e-01 6.12884939e-01 3.73903811e-01 9.60029542e-01
    1.59414381e-01 3.07822764e-01 7.88924217e-01 9.70721960e-01
    8.40038180e-01 4.33309346e-01 2.64340401e-01 3.75569612e-01
    3.49852175e-01 7.51998782e-01 8.88588309e-01 7.12371647e-01
    4.88155425e-01 7.42587566e-01 4.41913515e-01 7.24479079e-01
    2.61092305e-01 6.41277373e-01 6.80648923e-01 3.34264576e-01
    8.33446383e-02 4.37185556e-01 5.93688786e-01 9.67159808e-01
    6.13980293e-02 2.20791996e-01 5.65703928e-01 6.31689131e-02
    5.79138398e-02 4.15518284e-01 4.72689867e-01 3.61023843e-02
    5.45903325e-01 2.73386002e-01 3.47529650e-01 8.12244415e-01
    2.62527257e-01 2.09621608e-01 3.37366343e-01 6.47895813e-01
    8.34996223e-01 1.54938042e-01 3.24158549e-01 3.25891316e-01
    8.58224511e-01 2.00950682e-01 8.92077804e-01 2.06747919e-01
    9.89925385e-01 9.71926332e-01 4.53755856e-02 9.17450786e-01
    5.81289351e-01 4.24717844e-01 1.93972051e-01 5.68079412e-01
    5.39056718e-01 6.98034406e-01 4.96249169e-01 2.51973510e-01
    4.38386947e-01 6.65273726e-01 8.41756284e-01 4.73395199e-01
    1.20074093e-01 1.20297432e-01 8.24025750e-01 9.31263030e-01
    6.29867673e-01 3.47247243e-01 9.14084911e-01 2.00292438e-01
    3.69388759e-01 7.57625341e-01 1.41435891e-01 7.88016498e-01
    7.00901151e-01 8.22674394e-01 6.46416783e-01 7.83071160e-01
    2.31528789e-01 9.42150116e-01 1.87658161e-01 6.11558735e-01
    7.33446479e-01 4.29992467e-01 8.63110840e-01 1.62326723e-01
    7.66972601e-02 6.13799036e-01 6.51194274e-01 4.30707633e-02
    2.47214764e-01 9.84185159e-01 1.12073392e-01 6.03014529e-01
    1.57473087e-02 7.19736576e-01 7.85287857e-01 9.27098691e-02
    7.61887491e-01 5.09525895e-01 9.66960311e-01 7.03883171e-03
    9.35451269e-01 2.64160365e-01 1.23118937e-01 6.89953625e-01
    3.35521162e-01 7.67153502e-01 9.10279393e-01 6.58087373e-01
    6.79471374e-01 5.76005697e-01 6.40721083e-01 7.54430294e-01
    2.08565205e-01 5.46446443e-02 5.53262591e-01 9.15107608e-01
    4.67625171e-01 7.31889069e-01 8.00617814e-01 1.31773055e-02
    6.23198390e-01 5.00651836e-01 8.49333167e-01 3.34113836e-02
    5.89890003e-01 5.43009758e-01 6.13337934e-01 2.63792872e-02
    7.52114892e-01 8.51490855e-01 7.30452061e-01 1.49922252e-01
    5.63698590e-01 5.11730313e-01 1.69230282e-01 9.63486671e-01
    9.92417812e-01 5.86632431e-01 9.37062323e-01 6.82875812e-02
    3.51095736e-01 5.40594757e-01 5.93984425e-01 1.84062690e-01
    7.63310671e-01 7.53405571e-01 5.35150468e-01 5.01568139e-01
    1.08254999e-01 5.19244254e-01 7.03174412e-01 8.74994040e-01
    8.66218388e-01 4.83438134e-01 4.49008137e-01 5.18888950e-01
    9.08991337e-01 7.61531472e-01 2.95391738e-01 8.31184030e-01
    6.52107298e-01 8.84379864e-01 9.82344508e-01 8.03708971e-01
    7.50772476e-01 2.88495243e-01 9.03459668e-01 3.70854855e-01
    1.40909284e-01 4.00458962e-01 8.06660831e-01 9.07963157e-01
    3.05825233e-01 1.35897428e-01 5.63999295e-01 4.82152075e-01
    8.29855502e-01 4.47974563e-01 8.97506595e-01 3.96789938e-01
    2.73880452e-01 2.71829903e-01 6.79196000e-01 7.19407678e-01
    9.64748859e-01 9.64786530e-01 2.92021275e-01 8.92626882e-01
    6.92929089e-01 4.01173860e-01 8.63131583e-02 6.71374023e-01
    6.05666101e-01 2.54394710e-02 8.45350981e-01 4.79812384e-01
    5.89065969e-01 4.41555500e-01 2.15913951e-01 7.93172240e-01
    3.86042655e-01 6.12772942e-01 6.41655385e-01 8.79468858e-01
    9.34432983e-01 6.62867486e-01 4.83352959e-01 1.53109163e-01
    8.08832169e-01 8.20162296e-01 5.21946967e-01 3.10587674e-01
    1.27825767e-01 4.49857742e-01 3.22585851e-01 6.43692732e-01
    1.91390514e-01 1.85024887e-01 5.50057769e-01 5.76792181e-01
    3.92881155e-01 8.23895931e-01 2.15471625e-01 2.94471920e-01
    5.04752755e-01 2.82401055e-01 6.22119308e-02 1.17390096e-01
    7.96058774e-01 4.25602734e-01 5.29265523e-01 6.48837209e-01
    5.39834440e-01 7.17031658e-02 5.40516973e-01 1.97903961e-01
    7.37999201e-01 4.49638963e-02 5.44339776e-01 8.65576565e-01
    5.29897869e-01 6.44696116e-01 3.63113225e-01 1.85214460e-01
    3.44638497e-01 1.31048232e-01 1.78797007e-01 3.56840283e-01
    4.09367144e-01 6.31234884e-01 3.47311020e-01 6.72363520e-01
    2.55951643e-01 9.27376866e-01 2.38908529e-02 5.82928419e-01
    9.01423812e-01 4.63151008e-01 7.41448402e-02 7.20718801e-01
    9.44461048e-01 9.79472041e-01 2.84777015e-01 6.65240586e-02
    7.39581168e-01 3.28424335e-01 3.94867688e-01 4.90819991e-01
    5.19855499e-01 5.31062186e-02 3.21027786e-01 3.79947901e-01
    5.31776071e-01 4.49187577e-01 5.87505221e-01 6.33556783e-01
    7.86475599e-01 2.16333002e-01 7.64283478e-01 6.64826035e-02
    1.46726847e-01 1.79657817e-01 1.01268679e-01 8.48950386e-01
    8.88419986e-01 3.64661515e-01 9.34278011e-01 2.09708989e-01
    7.36728311e-01 3.79057080e-01 2.64017820e-01 9.51104820e-01
    6.36447430e-01 2.64645219e-02 9.09523964e-01 3.99475455e-01
    4.92681473e-01 4.41400081e-01 2.49568820e-01 4.34403032e-01
    9.95944083e-01 8.73236537e-01 6.94716811e-01 9.16580677e-01
    6.42052233e-01 8.77351642e-01 3.96088988e-01 1.46720856e-01
    6.76884949e-01 1.50168657e-01 8.96700740e-01 9.16825950e-01
    5.83612621e-01 9.33876574e-01 6.51168585e-01 6.35715067e-01
    4.71954048e-01 2.64831424e-01 3.65119904e-01 8.38393629e-01
    2.41329879e-01 4.34551507e-01 8.93056512e-01 8.08665931e-01
    4.82258826e-01 4.30826247e-02 7.20176935e-01 4.82014567e-01
    9.98908997e-01 1.72515899e-01 6.81273043e-01 7.30324686e-01
    4.88317251e-01 4.01156366e-01 6.72085285e-01 8.56920481e-01
    9.21071529e-01 2.92691648e-01 3.87405932e-01 3.19955051e-01
    7.66856313e-01 1.23508185e-01 8.87777269e-01 4.30002719e-01
    8.74703050e-01 7.92538643e-01 6.20030046e-01 3.89808536e-01
    7.08687544e-01 4.25065190e-01 6.60079479e-01 8.47533643e-02
    1.97333574e-01 4.16354597e-01 1.46844119e-01 3.49930584e-01
    8.58852983e-01 4.50875074e-01 9.11443472e-01 9.49234366e-01
    5.03572226e-02 4.35287565e-01 1.68650448e-02 8.90347958e-01
    7.97317863e-01 6.11405671e-01 9.58947778e-01 2.84808874e-02
    7.53486335e-01 3.87868106e-01 4.81720209e-01 6.37275696e-01
    2.58285552e-01 9.04098451e-01 3.50612819e-01 2.55659103e-01
    4.61044103e-01 2.89956301e-01 4.04635131e-01 3.59526604e-01
    2.39414185e-01 5.22614300e-01 2.34757960e-02 7.22031891e-01
    8.76996875e-01 6.03082120e-01 6.58662558e-01 1.61173165e-01
    7.95161963e-01 6.43684626e-01 4.12885547e-02 6.95355475e-01
    8.05366039e-01 8.62254381e-01 2.36332208e-01 8.87485266e-01
    6.16868377e-01 1.00763500e-01 7.86543012e-01 8.60686421e-01
    9.04871702e-01 5.99189878e-01 4.40789372e-01 2.71237344e-01
    6.10057890e-01 6.96819723e-01 2.62772560e-01 5.33614755e-02
    7.73776174e-01 6.90008402e-01 6.33230627e-01 8.38082373e-01
    3.25823545e-01 5.25575221e-01 9.72778201e-02 1.85555726e-01
    4.46259171e-01 7.48217702e-01 1.26757413e-01 8.33772242e-01
    3.56817454e-01 9.06746686e-02 7.53691554e-01 9.21126366e-01
    2.26745158e-01 8.38286102e-01 8.21462870e-01 1.39456719e-01
    3.08716089e-01 7.48333454e-01 4.15593415e-01 2.79212117e-01
    2.51459360e-01 5.38898230e-01 5.20865738e-01 2.41492510e-01
    3.22445333e-01 5.29897213e-01 8.45928311e-01 2.97692716e-02
    1.13764763e-01 5.06044865e-01 7.75799751e-01 4.43390459e-01
    9.78445351e-01 1.98350042e-01 3.27745378e-01 4.33475405e-01
    3.52734685e-01 3.20096731e-01 8.67616057e-01 2.49514937e-01
    8.63412142e-01 2.36742228e-01 9.20240045e-01 5.09164214e-01
    2.03155279e-02 2.06487119e-01 8.34794641e-02 3.96378815e-01
    8.34921598e-02 7.45004773e-01 8.88594985e-02 5.40872455e-01
    7.19915032e-01 6.58069193e-01 6.35341704e-02 8.03157568e-01
    8.71900201e-01 9.96454418e-01 4.13004369e-01 7.86760926e-01
    4.36175227e-01 5.50652623e-01 2.51677841e-01 5.80486834e-01
    8.71088862e-01 3.45434129e-01 8.58859181e-01 3.54187846e-01
    7.66968548e-01 6.42457128e-01 4.39126194e-02 4.72229123e-02
    9.77690697e-01 9.74544346e-01 9.82119918e-01 3.15317273e-01
    1.15637749e-01 9.72972989e-01 9.88020062e-01 1.37325227e-01
    1.15971595e-01 6.06839359e-01 6.47841573e-01 4.14399594e-01
    9.61793900e-01 4.31488216e-01 5.18521726e-01 5.19604445e-01
    9.53868508e-01 6.17382228e-01 1.29607618e-01 7.44407713e-01
    5.09903252e-01 6.88464642e-01 2.92268485e-01 5.03700972e-01
    4.63651359e-01 9.37145114e-01 6.29398525e-01 3.95700395e-01
    8.26060653e-01 3.41690302e-01 2.59406030e-01 6.14432633e-01
    7.76976466e-01 9.73710537e-01 8.57244194e-01 8.63282084e-01
    4.31568205e-01 8.29988956e-01 5.63156009e-02 5.75390518e-01
    5.08251727e-01 5.84003210e-01 3.04493010e-02 4.19433445e-01
    1.38000607e-01 8.42028618e-01 9.97302532e-01 5.82044542e-01
    3.81856263e-01 2.02344000e-01 7.16369450e-01 8.79487336e-01
    8.22986066e-01 6.96041226e-01 5.92305839e-01 8.29502821e-01
    3.26797277e-01 4.55219626e-01 8.93517494e-01 8.95029187e-01
    8.62555146e-01 2.22464055e-01 8.58957469e-01 5.95428646e-01
    7.51806378e-01 8.90851319e-01 2.62065113e-01 1.14678115e-01
    6.62407100e-01 3.49142849e-02 3.90559137e-02 2.91254163e-01
    6.21843398e-01 2.74782479e-01 2.86712825e-01 8.83282542e-01
    4.27225053e-01 1.46618187e-02 5.04744351e-01 5.20719767e-01
    7.61909544e-01 8.12292695e-01 4.98929799e-01 2.08417773e-01
    9.01755691e-01 1.30497992e-01 9.24183071e-01 5.18288434e-01
    2.96168447e-01 1.66571826e-01 2.29833573e-01 6.36772156e-01
    6.13337398e-01 1.02840662e-01 8.41797709e-01 7.73504078e-02
    8.92642140e-01 9.90758061e-01 5.00069439e-01 8.01079154e-01
    6.42488778e-01 7.09312558e-01 2.38133341e-01 5.32263935e-01
    7.20060229e-01 3.30226421e-01 1.09108388e-02 1.38291657e-01
    3.50180864e-01 8.47308159e-01 7.87327290e-01 5.66287637e-02
    8.75139952e-01 8.02171707e-01 6.05898678e-01 4.59603846e-01
    7.78403759e-01 2.14352489e-01 1.28664315e-01 2.79299915e-02
    8.22839975e-01 8.06799173e-01 7.93361068e-01 9.13985968e-01
    4.22949135e-01 8.74955356e-02 8.87781203e-01 5.25696695e-01
    8.07777643e-02 5.16956210e-01 5.29578924e-01 5.23872912e-01
    5.48954487e-01 8.58586431e-01 6.00732625e-01 3.38945210e-01
    1.37939543e-01 8.50427628e-01 8.70293200e-01 3.92411739e-01
    8.83618355e-01 1.44429624e-01 5.14240026e-01 2.16834247e-02
    3.49035025e-01 5.05819976e-01 3.20025980e-02 7.16388643e-01
    4.73386228e-01 8.83365989e-01 2.62544155e-01 3.22515547e-01
    3.23149025e-01 6.81283236e-01 9.57142413e-02 8.25958371e-01
    8.89457166e-01 1.55305237e-01 3.53688031e-01 6.10243976e-01
    4.67702866e-01 7.04806328e-01 1.51460379e-01 3.79325479e-01
    8.73615623e-01 3.80499065e-01 2.46792972e-01 5.30531883e-01
    9.08188820e-01 2.00586319e-01 5.73633194e-01 2.97620893e-01
    2.82015145e-01 1.96573228e-01 1.84970170e-01 1.93159014e-01
    7.89202690e-01 5.18518567e-01 7.10469007e-01 7.22172499e-01
    5.83403349e-01 3.73130977e-01 8.17892313e-01 3.45530599e-01
    2.24804163e-01 3.89794886e-01 4.72478956e-01 8.30702424e-01
    2.01981038e-01 9.36554909e-01 1.05417013e-01 1.78710669e-01
    5.24109960e-01 7.22350180e-01 4.49855089e-01 6.37755215e-01
    5.13501763e-01 5.45163333e-01 4.20516849e-01 9.56917882e-01
    8.63554776e-01 3.80841434e-01 8.43356013e-01 9.68755484e-01
    2.98779428e-01 9.38272417e-01 7.56022990e-01 6.59226179e-01
    9.02969301e-01 8.08104873e-01 8.79176795e-01 8.90069842e-01
    3.04737300e-01 7.08233237e-01 4.62247223e-01 5.12600422e-01
    4.87016022e-01 3.32332790e-01 8.36257458e-01 5.55622876e-02
    7.46904314e-02 9.61230993e-01 2.82686949e-02 5.24951100e-01
    2.62939036e-01 1.46543592e-01 4.41807270e-01 3.66673708e-01
    7.90251136e-01 9.39673662e-01 8.75600994e-01 7.32142687e-01
    4.81489241e-01 4.63032424e-02 5.88182330e-01 4.58579779e-01
    2.50293612e-02 8.70319605e-02 1.48631364e-01 4.04257745e-01
    8.96824896e-02 5.01874864e-01 7.87528217e-01 8.53574634e-01
    2.46389568e-01 9.55272436e-01 3.14675957e-01 1.49204135e-02
    8.39911699e-02 3.54157507e-01 7.12760568e-01 1.71025157e-01
    3.46673012e-01 8.63867998e-01 4.40220833e-02 2.91277170e-01
    6.54414535e-01 4.18269068e-01 5.99027514e-01 3.13301325e-01
    9.75100040e-01 7.88564682e-01 2.49004424e-01 5.03793538e-01
    6.48714185e-01 3.99253726e-01 5.71919024e-01 9.23213780e-01
    6.97210193e-01 2.00615942e-01 7.00589061e-01 2.16750443e-01
    9.33792353e-01 9.12787855e-01 2.72677481e-01 3.32890570e-01
    7.44630218e-01 8.34672093e-01 6.26865745e-01 7.24983692e-01
    9.33293164e-01 3.52648735e-01 1.50758058e-01 8.44297886e-01
    2.83526450e-01 4.80738580e-01 9.32995677e-02 3.29325974e-01
    1.66031420e-02 9.02890086e-01 6.61696851e-01 8.53955507e-01
    5.92647672e-01 5.43541908e-01 3.21327060e-01 3.83562684e-01
    6.61713064e-01 6.02956116e-02 5.29975772e-01 5.99948466e-01
    3.15367877e-01 8.27869177e-02 9.42586184e-01 1.58627361e-01
    9.46552873e-01 1.00407034e-01 4.86440301e-01 2.87306458e-01
    1.39138371e-01 6.06491923e-01 2.59827852e-01 1.10995263e-01
    3.73378813e-01 6.91263318e-01 2.62021780e-01 4.89700317e-01
    4.08948064e-02 1.90417171e-02 2.76846886e-01 7.40427613e-01
    7.37548351e-01 6.58815026e-01 2.69391090e-01 4.69633728e-01
    1.09856009e-01 3.98760140e-02 4.33201045e-01 8.62063169e-01
    7.72688985e-01 1.64980143e-01 1.94665432e-01 2.18918353e-01
    6.91073179e-01 2.80008197e-01 7.76126385e-01 3.06718171e-01
    4.36047614e-02 4.18041736e-01 3.63857746e-02 7.91955113e-01
    5.74787378e-01 4.27434444e-02 8.73073459e-01 8.39337468e-01
    7.68516421e-01 1.62029862e-02 8.51811349e-01 9.33818936e-01
    7.80071139e-01 7.85193324e-01 7.23621845e-01 2.31850535e-01
    1.83563262e-01 6.69566154e-01 3.82430792e-01 4.23324406e-02
    9.94722664e-01 3.91711175e-01 8.34735334e-02 1.51279211e-01
    1.51898772e-01 7.65107274e-01 8.50744665e-01 8.54012728e-01
    9.93549049e-01 1.38520062e-01 9.36739445e-02 5.05755544e-01
    4.88135278e-01 7.01003671e-01 6.84293568e-01 1.15671694e-01
    7.04529524e-01 7.24654198e-01 4.62335199e-01 1.15920991e-01
    9.90671515e-02 2.23169774e-01 9.12803411e-01 1.45233840e-01
    8.07456970e-01 5.24320185e-01 8.14465225e-01 6.71939254e-02
    4.76448655e-01 2.22600222e-01 3.18449676e-01 9.14319158e-01
    4.45652902e-02 8.28161836e-01 2.11401403e-01 4.00444388e-01
    3.96837413e-01 8.27529550e-01 1.64825946e-01 4.52203214e-01
    6.77120984e-01 2.65561908e-01 9.04372036e-01 6.21533334e-01
    7.03829169e-01 9.37642455e-02 8.12743545e-01 2.77400851e-01
    2.66124725e-01 8.30813110e-01 6.54887497e-01 5.92685342e-01
    6.26864791e-01 6.78723812e-01 3.85067344e-01 5.79671085e-01
    4.33625102e-01 3.36440563e-01 6.11207366e-01 7.59919643e-01
    5.47011256e-01 1.27291352e-01 1.50530338e-02 9.43126321e-01
    9.18095171e-01 2.49245137e-01 9.46786523e-01 2.49982923e-01
    1.92273617e-01 5.32399476e-01 4.54065919e-01 9.05410290e-01
    4.13278878e-01 7.71936059e-01 8.58047724e-01 4.47802186e-01
    8.80230069e-01 2.99810231e-01 5.66647768e-01 5.39806545e-01
    2.01055616e-01 7.63054788e-01 3.15903813e-01 3.39412659e-01
    2.19826400e-01 1.22043669e-01 8.83655429e-01 4.72911000e-02
    2.05502450e-01 3.72769177e-01 7.63171494e-01 8.29651058e-02
    2.89715320e-01 1.52823955e-01 3.15820009e-01 3.41865957e-01
    4.84731495e-01 6.31850421e-01 4.05260265e-01 5.91483712e-02
    6.23830557e-01 7.35018075e-01 3.12577128e-01 1.31928265e-01
    5.49171627e-01 5.00731409e-01 2.39997417e-01 9.88276601e-01
    6.04848742e-01 3.53142619e-01 9.42587078e-01 8.00424099e-01
    4.67065006e-01 3.54657888e-01 6.94302917e-01 4.98395056e-01
    5.82912445e-01 3.62814307e-01 9.32154536e-01 9.13597703e-01
    2.04548120e-01 7.17544317e-01 4.82342660e-01 6.04781628e-01
    3.31215203e-01 4.15235579e-01 6.49520457e-01 6.06524885e-01
    8.92279983e-01 7.22354770e-01 1.12049311e-01 8.91412020e-01
    8.29312027e-01 8.20701599e-01 9.05162454e-01 4.37338591e-01
    4.82435167e-01 6.44915998e-01 5.81729650e-01 3.59566212e-02
    1.94929749e-01 6.43782616e-01 1.64726377e-03 6.95207000e-01
    9.21721041e-01 7.99327731e-01 8.20722103e-01 7.19083786e-01
    7.08449781e-02 6.06519103e-01 3.71340990e-01 2.57831544e-01
    6.38521910e-01 9.64473724e-01 5.77765048e-01 9.29124355e-01
    1.09559774e-01 8.58487368e-01 1.70665562e-01 7.17508674e-01
    9.92714882e-01 9.57680702e-01 6.93412423e-01 7.47837961e-01
    6.91486537e-01 3.91599864e-01 8.29823315e-02 8.51960301e-01
    7.63386488e-01 1.39943480e-01 1.37325644e-01 3.89537632e-01
    2.69705832e-01 5.37124157e-01 1.91079468e-01 3.19896817e-01
    2.71411210e-01 7.87463188e-01 5.24022639e-01 2.04659909e-01
    4.20052767e-01 6.83610857e-01 1.70290440e-01 5.79184115e-01
    8.36533308e-01 7.84091234e-01 1.10311389e-01 5.90506971e-01
    1.82909489e-01 1.60286635e-01 7.93999195e-01 8.76613379e-01
    2.84364581e-01 9.96659756e-01 6.63343906e-01 9.81965005e-01
    3.62427831e-01 2.39527106e-01 3.08872461e-01 2.27026075e-01
    6.32073283e-01 8.27192724e-01 9.08068419e-01 9.33223307e-01
    2.15369791e-01 9.42776918e-01 5.95475554e-01 3.00512701e-01
    4.40180808e-01 9.34900403e-01 4.85466719e-02 5.18043339e-02
    9.80484128e-01 9.32506800e-01 2.83875316e-01 2.22770184e-01
    5.39994717e-01 4.05055791e-01 4.44268882e-02 1.21040374e-01
    5.99478781e-01 4.90858376e-01 6.91343963e-01 9.60168183e-01
    3.97060663e-01 2.58560956e-01 6.67334914e-01 9.73579645e-01
    9.80802238e-01 4.48157877e-01 6.43804073e-01 6.26589298e-01
    2.69313753e-02 9.02468324e-01 4.67557788e-01 8.62783909e-01
    9.63716030e-01 9.38745797e-01 7.87948549e-01 6.59982443e-01
    9.09132242e-01 6.33507729e-01 3.16804409e-01 9.88647640e-02
    6.74639463e-01 1.11486465e-01 5.89647174e-01 7.86575675e-01
    3.55397582e-01 4.78940040e-01 8.66840482e-01 5.35441995e-01
    6.21849418e-01 3.68263245e-01 8.23537111e-01 9.15202141e-01
    7.70312548e-01 5.39619684e-01 6.13897145e-01 3.24761748e-01
    6.24057829e-01 5.96852064e-01 7.61249542e-01 4.24739718e-03
    2.63588101e-01 1.16916209e-01 4.33240533e-02 5.32075644e-01
    2.26598889e-01 2.62389123e-01 8.15198481e-01 2.75451183e-01
    5.64304054e-01 4.67586458e-01 8.44160616e-01 9.60175693e-01
    2.58282840e-01 9.50526357e-01 5.02890527e-01 8.12262416e-01
    3.64657342e-02 3.21362019e-02 3.89578402e-01 6.51965499e-01
    1.32055491e-01 7.82755494e-01 8.99364173e-01 1.20227158e-01
    4.73768324e-01 6.69745445e-01 9.75728989e-01 5.88604689e-01
    7.30182230e-02 2.53916442e-01 2.97903061e-01 4.64329541e-01
    8.64417493e-01 2.83876240e-01 6.31894052e-01 6.98917210e-01
    6.85071349e-01 7.99012482e-02 8.80068123e-01 3.55110407e-01
    3.21847200e-03 5.56733310e-01 4.13218975e-01 5.28257847e-01
    2.34261960e-01 4.10132825e-01 8.83038282e-01 9.54608083e-01
    7.30076849e-01 3.33056748e-01 7.85372555e-01 5.34781754e-01
    8.52253318e-01 3.68955702e-01 9.59716022e-01 9.35526490e-01
    2.72446662e-01 8.00822079e-02 7.22755790e-01 4.56928790e-01
    1.08295530e-01 4.52989548e-01 8.47322822e-01 4.07744944e-02
    6.96341395e-01 4.96507108e-01 3.33679616e-02 4.75190014e-01
    1.85956568e-01 3.80083650e-01 6.25936985e-01 3.80130768e-01
    1.17430091e-01 8.23991179e-01 5.60532331e-01 5.11305928e-02
    6.41944170e-01 8.24806929e-01 4.89237279e-01 7.33011246e-01
    5.09220541e-01 7.14629889e-03 3.49289685e-01 9.58646238e-01
    8.70904863e-01 5.67902923e-02 2.48748064e-02 4.14802313e-01
    8.78022671e-01 5.01786053e-01 9.83321428e-01 3.13367367e-01
    1.20689332e-01 6.21777415e-01 8.26985061e-01 3.31894934e-01
    5.93628407e-01 4.34903294e-01 5.37295580e-01 7.63313532e-01
    4.08946007e-01 3.01301152e-01 4.56661165e-01 7.41326094e-01
    8.54267597e-01 4.65250343e-01 6.50384784e-01 5.97930729e-01
    6.89844966e-01 4.99610245e-01 4.43808198e-01 5.95115244e-01
    6.84579253e-01 9.35674429e-01 8.36384296e-01 7.50638008e-01
    7.80603766e-01 3.89905334e-01 1.25609845e-01 5.59208691e-01
    2.34373689e-01 9.39716816e-01 7.81578064e-01 4.62447196e-01
    2.68102825e-01 3.95395517e-01 4.91111517e-01 7.10643530e-02
    8.15991759e-01 5.86213946e-01 9.04213309e-01 4.23035920e-02
    4.16302502e-01 4.60138321e-02 9.14995074e-01 7.73445487e-01
    4.22859848e-01 7.36811638e-01 8.28344226e-01 2.44374812e-01
    4.79255974e-01 6.88396394e-02 4.36329186e-01 4.49718088e-01
    8.16421926e-01 1.29085660e-01 8.72710824e-01 9.76304233e-01
    3.00488770e-01 4.87599254e-01 3.36250365e-01 2.52604216e-01
    1.34153873e-01 8.14849913e-01 7.01679587e-01 5.97832680e-01
    6.11781657e-01 5.06216109e-01 9.92532253e-01 8.49575758e-01
    5.39160728e-01 7.36172974e-01 3.99668813e-01 6.92299008e-02
    2.19557375e-01 6.87368691e-01 1.42781317e-01 5.72342157e-01
    9.10556316e-02 6.22014880e-01 4.36127216e-01 9.45763171e-01
    4.85909700e-01 5.92539847e-01 9.97380435e-01 8.36042464e-02
    9.51084495e-03 2.76827276e-01 9.01260376e-02 8.38474989e-01
    8.96212459e-01 2.35356301e-01 1.56181335e-01 8.10925663e-02
    6.39993787e-01 9.98039603e-01 9.36028719e-01 7.50185728e-01
    3.23292643e-01 1.86028659e-01 9.53255057e-01 6.39432728e-01
    1.77807510e-02 8.61041605e-01 7.88129210e-01 9.26541150e-01
    4.19151455e-01 8.61074328e-01 5.19061685e-02 9.51569200e-01
    1.25370711e-01 8.34538579e-01 3.57612997e-01 5.40454805e-01
    7.98548996e-01 7.96950161e-01 1.71152860e-01 8.90334666e-01
    2.14882791e-01 8.45478892e-01 2.35087931e-01 9.94414449e-01
    4.26664680e-01 7.19916582e-01 6.80217624e-01 2.55794704e-01
    9.91785049e-01 9.93607700e-01 3.72059345e-02 3.03577363e-01
    4.56268668e-01 2.33880550e-01 6.12649381e-01 4.86226290e-01
    2.41594732e-01 9.01088953e-01 4.54186589e-01 6.90602839e-01
    2.97977328e-01 1.61317378e-01 4.04483765e-01 1.93482041e-02
    2.68403262e-01 9.29033995e-01 6.82032168e-01 1.42479122e-01
    9.98009264e-01 5.47122777e-01 3.80125493e-01 1.27963066e-01
    8.43710899e-01 6.00109994e-01 2.95949817e-01 1.19076759e-01
    1.99621499e-01 9.17010903e-01 2.55467892e-01 4.19677854e-01
    5.99803150e-01 6.71305060e-01 9.30159569e-01 1.48409784e-01
    5.18836975e-02 1.85958982e-01 4.52507079e-01 4.13026333e-01
    4.68060970e-02 6.53737068e-01 6.88504994e-01 3.31518203e-01
    3.49686474e-01 7.31536806e-01 7.63524055e-01 9.22726870e-01
    4.71925080e-01 9.03642416e-01 6.96175396e-02 2.81715304e-01
    1.57097638e-01 5.86807489e-01 2.81590194e-01 5.71072459e-01
    2.29196459e-01 4.69720662e-01 3.54135692e-01 1.28945142e-01
    8.76077235e-01 8.86353612e-01 4.81897742e-01 9.14885342e-01
    2.34923571e-01 4.72721696e-01 3.54573667e-01 5.31810999e-01
    4.32247043e-01 8.43573213e-01 8.36859167e-01 9.70036864e-01
    7.59619474e-01 7.78007209e-01 4.13681269e-02 8.04202795e-01
    3.97518009e-01 1.32305801e-01 1.41089201e-01 5.64056337e-01
    3.85909319e-01 2.26408690e-01 1.04050428e-01 5.56822896e-01
    8.75244617e-01 9.01178062e-01 6.88307166e-01 7.67244160e-01
    6.17941082e-01 6.40872300e-01 5.47607124e-01 9.82245982e-01
    7.33219326e-01 2.25490302e-01 8.89950156e-01 7.59965420e-01
    2.24196345e-01 2.95614600e-01 4.67815131e-01 6.71474516e-01
    1.95993572e-01 9.98683810e-01 6.23955369e-01 1.01953775e-01
    7.06184149e-01 8.26861322e-01 8.43435526e-02 4.36980277e-01
    7.53641307e-01 5.24622738e-01 8.77632618e-01 4.91358250e-01
    5.00123262e-01 2.95091987e-01 9.47022438e-01 1.65486991e-01
    2.06327856e-01 8.04814100e-01 7.16795325e-01 9.96208072e-01
    7.92143643e-01 1.02007210e-01 4.83737826e-01 6.07147217e-01
    5.17388403e-01 3.66391659e-01 6.20134890e-01 7.52625167e-01
    1.72924101e-02 6.48817718e-01 1.71396732e-01 8.83640528e-01
    9.21362936e-01 2.50287086e-01 5.12729883e-01 9.29382801e-01
    5.39828360e-01 2.69743323e-01 8.79293680e-01 2.83407837e-01
    9.32873666e-01 7.34935045e-01 6.46085441e-02 7.74178386e-01
    6.34749651e-01 4.39768910e-01 7.29987383e-01 6.03381097e-01
    6.88318968e-01 8.09080064e-01 2.19067067e-01 3.65435749e-01
    1.56226635e-01 7.78679967e-01 9.29902792e-01 4.43197191e-01
    5.11709034e-01 6.58740759e-01 7.15631902e-01 6.70191348e-01
    9.64975715e-01 7.85418630e-01 6.56856000e-02 6.51195526e-01
    4.34040099e-01 9.60363925e-01 2.52642602e-01 5.00461519e-01
    3.13972324e-01 5.05740702e-01 3.79900903e-01 3.24301183e-01
    5.49253881e-01 2.03774393e-01 9.63241398e-01 3.75078082e-01
    4.54059482e-01 3.75578046e-01 5.69260895e-01 4.68925178e-01
    3.59335363e-01 4.37264323e-01 8.90923500e-01 1.05483204e-01
    8.56845856e-01 4.86666501e-01 5.90168595e-01 6.48205280e-01
    7.37979054e-01 9.26425457e-02 7.74992585e-01 7.60736644e-01
    5.67210078e-01 9.20972764e-01 4.23490614e-01 9.77061152e-01
    1.12160474e-01 3.77912521e-01 5.42837083e-02 1.03346616e-01
    9.74633455e-01 7.28972673e-01 6.23895049e-01 9.00790989e-01
    7.09898412e-01 7.53590167e-02 9.79989648e-01 8.86450171e-01
    2.44459689e-01 4.58852708e-01 9.57376897e-01 9.53511238e-01
    4.91445065e-02 4.89100128e-01 7.57286191e-01 3.52978289e-01
    2.92770416e-01 1.39330775e-01 5.15892029e-01 4.87238526e-01
    7.96945214e-01 4.48445678e-02 5.02682149e-01 1.55631512e-01
    3.07644844e-01 4.71575856e-02 5.55565476e-01 3.73987794e-01
    5.05294561e-01 2.36058384e-01 6.18825853e-01 1.53937936e-01
    6.49468601e-02 7.39698052e-01 6.39338195e-02 9.20863032e-01
    6.08184099e-01 9.12538409e-01 2.15338677e-01 5.50459325e-01
    9.61103916e-01 6.19446635e-01 7.49591053e-01 5.69366097e-01
    5.77157378e-01 8.48622441e-01 2.44695783e-01 7.30531812e-01
    7.02194273e-01 4.02586162e-01 9.40885663e-01 6.95405185e-01
    9.06381845e-01 2.10574925e-01 9.13289666e-01 5.80194712e-01
    7.57795811e-01 5.57294667e-01 9.96332943e-01 5.48234820e-01
    3.08414996e-01 1.85881436e-01 8.70704651e-01 6.34631872e-01
    2.65958965e-01 7.98459232e-01 2.11725205e-01 7.89115667e-01
    2.15636492e-01 4.67856377e-01 3.91464651e-01 7.20684528e-01
    9.07595336e-01 7.40070164e-01 3.41750592e-01 3.54562044e-01
    3.05537879e-01 3.21007788e-01 5.23654103e-01 7.52930045e-01
    8.14808130e-01 2.46779293e-01 1.55964106e-01 3.92374694e-01
    3.25573385e-02 8.55822802e-01 8.02197576e-01 6.23762786e-01
    1.41366541e-01 1.14919752e-01 6.40060067e-01 1.25302404e-01
    7.46888757e-01 3.21501493e-03 6.67075753e-01 8.34742010e-01
    7.47351408e-01 6.92434371e-01 3.78669590e-01 5.12233019e-01
    1.10395819e-01 7.53879547e-04 5.26310384e-01 2.30904311e-01
    8.71048510e-01 1.38284802e-01 9.82913017e-01 1.92620397e-01
    5.04663944e-01 2.79177964e-01 3.39055777e-01 3.16367090e-01
    5.27365744e-01 6.90388560e-01 2.54695058e-01 1.49606735e-01
    2.23095894e-01 9.92887855e-01 8.75770092e-01 1.46850348e-01
    2.46193528e-01 1.90150142e-02 4.28440392e-01 7.53649831e-01
    5.57786822e-01 4.96800840e-01 3.69495451e-01 1.31104290e-02
    2.89660096e-02 6.68484330e-01 2.31994241e-01 3.80217522e-01
    2.75859237e-01 8.84703815e-01 8.95571649e-01 6.41251802e-01
    1.64900213e-01 5.45091987e-01 9.73208189e-01 2.16746002e-01
    9.61561918e-01 8.64787579e-01 9.32638526e-01 5.61022222e-01
    2.80266821e-01 8.55880141e-01 2.33040541e-01 9.58281040e-01
    1.41465098e-01 7.63271093e-01 5.14379978e-01 9.67962384e-01
    6.85871482e-01 8.86368990e-01 2.94548869e-02 3.81199419e-02
    8.59465003e-02 3.60397458e-01 4.65913415e-02 9.36918616e-01
    3.54376137e-01 1.17600560e-01 2.52047628e-01 6.05254650e-01
    5.51140547e-01 6.40997291e-01 7.40058541e-01 9.50335801e-01
    2.86819309e-01 6.56791627e-02 6.98903918e-01 4.63182330e-01
    9.34937596e-01 8.15273762e-01 8.01447868e-01 3.64598125e-01
    7.25066662e-03 9.16088700e-01 2.78971374e-01 8.42704535e-01
    8.51853728e-01 7.21857071e-01 1.77703500e-01 6.40925825e-01
    2.86928356e-01 8.51108611e-01 1.15491688e-01 2.51376927e-01
    8.24007630e-01 9.08930242e-01 8.06742430e-01 2.20821172e-01
    1.28382504e-01 9.33963656e-01 9.59911823e-01 9.26303864e-01
    5.67533731e-01 2.44717330e-01 1.17896616e-01 2.72789478e-01
    8.73035669e-01 2.29742229e-02 9.51243758e-01 8.76046538e-01
    7.41898477e-01 4.67020452e-01 5.78589380e-01 2.78994977e-01
    2.19019055e-02 1.40876442e-01 2.97958374e-01 5.58083892e-01
    6.96772575e-01 6.90622807e-01 9.63402033e-01 8.08120728e-01
    3.78744781e-01 1.60445541e-01 7.95915961e-01 3.24315310e-01
    2.60528028e-02 4.56569225e-01 1.18457943e-01 6.90335393e-01
    6.04870975e-01 5.97898245e-01 7.04342008e-01 7.97752380e-01
    1.96687162e-01 8.31903934e-01 5.80743670e-01 9.42255437e-01
    7.73063600e-01 1.04174256e-01 8.19351554e-01 5.80764115e-01
    2.81877846e-01 5.06778836e-01 5.82313895e-01 8.64647567e-01
    1.51453644e-01 1.91571593e-01 2.04124540e-01 5.95055699e-01
    5.79317391e-01 4.68512923e-01 9.90367770e-01 5.56814730e-01
    6.59424007e-01 3.28311741e-01 4.39942837e-01 9.44120526e-01
    1.97921336e-01 9.29129422e-02 2.97235280e-01 8.43339801e-01
    8.82275999e-02 5.91615260e-01 4.29727584e-01 8.24014783e-01
    3.27312350e-02 8.11290860e-01 4.62261140e-02 5.06502569e-01
    4.04623568e-01 4.45974767e-01 6.65637374e-01 9.70201910e-01
    6.66643798e-01 3.50308895e-01 5.20626843e-01 2.31947243e-01
    3.93998086e-01 2.37823635e-01 1.26003623e-01 5.16769350e-01
    2.74639845e-01 7.57652879e-01 3.50198746e-01 5.77989280e-01
    4.59940523e-01 3.47990870e-01 7.49065995e-01 2.17220724e-01
    4.61517453e-01 4.86389577e-01 8.63086224e-01 5.28198838e-01
    2.69044310e-01 2.32189596e-01 1.23138309e-01 4.64343607e-01
    1.58664316e-01 2.38130689e-01 2.22800046e-01 2.13280499e-01
    5.05080521e-02 3.47220719e-01 4.14329320e-01 2.29214072e-01
    7.28589654e-01 9.69894052e-01 3.95801038e-01 5.11779010e-01
    1.18645579e-01 2.03638971e-01 4.40096200e-01 8.50903332e-01
    3.01205993e-01 9.15681362e-01 5.83100080e-01 2.60851681e-01
    8.62365723e-01 9.30220485e-01 2.31874704e-01 3.66717577e-04
    2.65487254e-01 3.36206853e-01 3.16543698e-01 7.56162226e-01
    2.19931602e-01 1.17659569e-03 8.90547156e-01 5.80729365e-01
    1.46632671e-01 6.45517588e-01 5.48338413e-01 5.79535306e-01
    8.50666881e-01 1.86853886e-01 8.59579086e-01 9.52884495e-01
    6.87577844e-01 4.91087109e-01 4.74972457e-01 4.16110635e-01
    8.78768265e-01 8.19184422e-01 5.68394065e-01 1.90051109e-01
    7.53513575e-01 3.44614089e-02 7.23510981e-03 6.32373393e-02
    5.23927987e-01 4.85491753e-03 8.37251484e-01 7.70805597e-01
    7.72773027e-01 4.39747244e-01 1.32638752e-01 4.56798047e-01
    1.11727655e-01 2.53336132e-01 9.86600399e-01 1.99047774e-01
    1.95067197e-01 3.24077129e-01 2.29273349e-01 6.09660745e-01
    9.57756639e-01 2.88163960e-01 4.31916952e-01 3.99948984e-01
    2.48322546e-01 6.47932291e-01 4.02683705e-01 4.57855374e-01
    4.86675709e-01 9.41665769e-02 4.21548069e-01 5.14794886e-01
    8.21748734e-01 8.52651238e-01 1.11560643e-01 6.96004808e-01
    7.03967094e-01 6.70965970e-01 4.96697187e-01 7.12514281e-01
    6.90052807e-01 5.28055429e-01 5.55317402e-02 8.47993612e-01
    5.05137801e-01 7.36911297e-01 6.94993496e-01 5.64319968e-01
    8.96772802e-01 7.63020277e-01 5.19042611e-02 9.03510571e-01
    7.50154912e-01 7.94799209e-01 1.51220262e-02 7.71212935e-01
    4.96880233e-01 5.68637908e-01 1.32919490e-01 4.96344775e-01
    4.40343320e-02 3.33179414e-01 6.28556609e-01 7.83553720e-01
    3.67770135e-01 7.85386145e-01 8.72965693e-01 1.96546942e-01
    7.76882410e-01 8.51849914e-01 6.02002144e-01 9.19173062e-01
    5.15810907e-01 2.82053202e-01 9.59504247e-01 2.33277708e-01
    5.20522118e-01 4.06973958e-01 2.12667882e-02 8.48361671e-01
    9.46716189e-01 3.25989217e-01 6.66558146e-01 3.11612546e-01
    7.37062395e-02 8.94367993e-02 9.74174440e-02 2.92733371e-01
    6.09342754e-01 2.57444322e-01 3.35939914e-01 4.58420515e-02
    8.75492215e-01 8.07290077e-01 2.42722660e-01 4.92462128e-01
    2.24917710e-01 5.54183841e-01 5.18158913e-01 6.77131534e-01
    7.59251654e-01 2.47173578e-01 3.78883481e-02 1.39929950e-02
    5.08274555e-01 2.37223804e-02 1.39384121e-01 9.83235240e-01
    8.67932498e-01 5.75411975e-01 1.58529758e-01 2.28213996e-01
    2.82206148e-01 5.18816650e-01 6.43343329e-01 9.81932819e-01
    1.20875835e-01 8.66015255e-02 4.65807945e-01 7.65899539e-01
    8.02211404e-01 1.64614975e-01 9.08075094e-01 1.43597633e-01
    6.48199558e-01 8.04060817e-01 7.32694626e-01 4.75696653e-01
    5.05650163e-01 6.53976202e-02 3.80000919e-01 2.87577808e-01
    7.71670401e-01 4.03556824e-02 9.04974341e-03 5.13249636e-03
    1.01849735e-01 1.21608585e-01 6.19731069e-01 2.97108293e-01
    7.12028503e-01 1.19686186e-01 2.41412371e-01 5.94882071e-02
    8.82498860e-01 9.64730382e-02 2.77901411e-01 7.47406840e-01
    3.02608162e-01 7.82045841e-01 8.06927085e-02 2.81173825e-01
    5.89878440e-01 2.89656997e-01 2.42463768e-01 1.55608237e-01
    9.09989774e-01 5.54847598e-01 2.07224667e-01 8.28401387e-01
    1.86659098e-01 8.82496834e-02 3.90968353e-01 5.47355771e-01
    4.39689159e-01 8.96889031e-01 4.92241979e-02 4.82032329e-01
    1.04939580e-01 9.67931449e-01 2.63706028e-01 6.05399847e-01
    4.88552421e-01 4.49674457e-01 1.96269363e-01 8.46123099e-01
    2.69611239e-01 7.85200119e-01 3.37126315e-01 1.02848977e-01
    2.05024421e-01 8.77222121e-02 7.71716237e-01 8.62430573e-01
    9.13337529e-01 5.85524082e-01 3.14255953e-01 6.93992019e-01
    5.28421819e-01 9.97565925e-01 5.07516980e-01 6.18233442e-01
    7.69570470e-01 5.36193311e-01 1.31210297e-01 6.94638014e-01
    8.06033373e-01 9.57247138e-01 2.50160038e-01 2.92349517e-01
    7.87801504e-01 5.51763654e-01 3.44904959e-01 1.91183358e-01
    4.35073733e-01 2.95237392e-01 4.00782436e-01 5.88003457e-01
    8.02389979e-01 8.44864011e-01 4.24463570e-01 4.70942855e-01
    4.11443472e-01 5.15788198e-01 1.78994000e-01 6.50102496e-02
    5.45450985e-01 1.06866896e-01 2.74109244e-01 7.25844860e-01
    5.98100960e-01 8.01672101e-01 3.37717593e-01 6.60243094e-01
    9.45556819e-01 1.32787973e-01 3.71413380e-01 5.75243354e-01
    2.32212335e-01 1.83519453e-01 7.71115243e-01 3.53785217e-01
    4.40774709e-01 3.03471446e-01 9.71893668e-02 9.17416573e-01
    2.37745345e-01 3.14267963e-01 1.90583527e-01 6.64406002e-01
    6.05633974e-01 7.24097192e-02 6.52359366e-01 8.73637676e-01
    4.68410432e-01 1.26027375e-01 4.70850110e-01 1.21262521e-01
    8.37365508e-01 5.78264177e-01 2.50519782e-01 2.54435956e-01
    8.99078012e-01 9.49315965e-01 8.89101624e-01 8.84005785e-01
    6.66685581e-01 8.06185842e-01 3.08987141e-01 5.92438877e-01
    8.97142589e-01 9.31497693e-01 9.17201877e-01 7.18122840e-01
    7.32716143e-01 1.72765911e-01 3.95180255e-01 5.99288940e-01
    1.50837898e-02 6.82471871e-01 5.96446753e-01 4.15556729e-02
    5.64416885e-01 7.18719542e-01 1.92877859e-01 5.65474927e-01
    9.98779833e-02 7.09001362e-01 7.53110766e-01 7.96036839e-01
    1.05141222e-01 1.00388646e-01 8.61753464e-01 4.95532006e-01
    8.94671082e-01 7.15238929e-01 4.68382239e-01 9.47460413e-01
    6.77594483e-01 9.90214229e-01 4.13028747e-01 1.72271967e-01
    3.36236745e-01 3.38808358e-01 4.12737280e-01 1.78270578e-01
    2.97745347e-01 1.08438462e-01 1.46851689e-01 2.83186674e-01
    5.90903759e-02 6.78005576e-01 4.09963191e-01 9.02155519e-01
    1.07971281e-01 3.68627369e-01 2.15836227e-01 1.19457483e-01
    6.69040382e-01 8.35469723e-01 5.18029630e-01 3.83927166e-01
    6.24384165e-01 8.65453005e-01 4.65391874e-02 2.55523264e-01
    8.44177961e-01 3.86291742e-01 2.81588674e-01 9.43206847e-02
    2.53897697e-01 7.81244934e-01 3.30256164e-01 2.30776638e-01
    8.56184125e-01 5.75364530e-01 3.58415484e-01 8.88976216e-01
    9.93435383e-01 9.60139334e-01 7.27401316e-01 4.82638061e-01
    3.49540502e-01 7.35112667e-01 7.25133002e-01 2.29472429e-01
    6.66047812e-01 2.24966079e-01 2.28648126e-01 5.05524337e-01
    2.48203218e-01 1.66967213e-01 8.84846926e-01 6.83845043e-01
    9.77732420e-01 7.94232965e-01 2.00608820e-01 1.76265299e-01
    1.01864338e-01 9.20492947e-01 7.51591384e-01 4.24062550e-01
    9.19577181e-01 1.04262590e-01 2.45098829e-01 1.61412597e-01
    8.11959505e-01 9.52931523e-01 3.99401903e-01 9.59963500e-01
    1.11718595e-01 5.58883548e-01 4.79488671e-02 5.45813560e-01
    6.33389235e-01 4.83552903e-01 5.94251394e-01 7.57715344e-01
    5.15533030e-01 2.17763066e-01 1.63028687e-01 2.83267200e-01
    1.04562104e-01 6.61984146e-01 8.67515087e-01 2.29084730e-01
    6.23012781e-01 3.42211425e-02 7.24502027e-01 9.95773077e-03
    4.36346233e-01 6.31598711e-01 1.14908785e-01 5.56132853e-01
    9.07503366e-01 7.66965508e-01 7.30856657e-01 5.96483827e-01
    7.96604037e-01 5.88745832e-01 8.92763376e-01 9.32135820e-01
    5.23450255e-01 2.33071297e-01 8.84605408e-01 7.20494747e-01
    8.64850879e-01 4.15754646e-01 1.94585174e-01 3.66843194e-01
    6.15904748e-01 7.45425344e-01 4.33245242e-01 7.83271074e-01
    4.62922037e-01 3.91416281e-01 6.31052077e-01 4.52680588e-02
    1.50470406e-01 2.99159646e-01 7.07694829e-01 5.07400572e-01
    6.11224055e-01 7.53997564e-02 4.24457908e-01 7.48734236e-01
    3.04495037e-01 5.76472580e-01 5.85771084e-01 3.02830815e-01
    7.89785385e-03 4.10812259e-01 8.10378313e-01 2.73323119e-01
    9.86412108e-01 4.28685546e-01 9.67842579e-01 1.85996115e-01
    2.39168704e-02 4.28091228e-01 7.12470531e-01 8.15571070e-01
    6.72910929e-01 4.73781884e-01 5.95052123e-01 6.81015015e-01
    9.86957312e-01 1.20898813e-01 2.63773799e-02 1.98479682e-01
    5.52301645e-01 2.87117928e-01 3.62275779e-01 2.61235297e-01
    2.35126495e-01 8.11827779e-02 9.20906425e-01 8.51711094e-01
    6.10781789e-01 7.56475568e-01 7.37268209e-01 2.61475444e-01
    7.73727596e-02 2.41653711e-01 6.30861878e-01 9.72954750e-01
    7.87098169e-01 1.70997500e-01 8.03268075e-01 9.62821245e-02
    8.80100965e-01 3.46421838e-01 9.01213408e-01 4.01591122e-01
    6.78474128e-01 3.72035831e-01 9.95148003e-01 4.24243808e-02
    3.98414224e-01 8.96674871e-01 4.24453527e-01 8.89928460e-01
    3.99401069e-01 8.86640668e-01 5.77357709e-01 4.20485139e-01
    2.92578071e-01 6.38477206e-01 4.49196547e-01 6.81641817e-01
    3.24228644e-01 2.91962564e-01 3.47621143e-01 3.28508437e-01
    8.05531144e-02 1.32904649e-01 2.79223442e-01 5.68032861e-01
    1.19781047e-01 5.89040041e-01 2.66474605e-01 4.83985871e-01
    8.40254366e-01 6.34188056e-01 5.17061055e-02 6.14534080e-01
    6.38496399e-01 8.54263306e-01 8.36798072e-01 1.53694481e-01
    7.82420039e-01 6.70807779e-01 6.70788646e-01 1.72878414e-01
    6.30271792e-01 2.24756539e-01 3.15405726e-01 2.20655501e-01
    7.07134366e-01 5.32884121e-01 3.83400351e-01 7.28053451e-01
    8.19220841e-01 1.59780413e-01 7.44325995e-01 3.13012540e-01
    5.02223670e-01 5.34783125e-01 5.43802738e-01 1.16321832e-01
    6.83522940e-01 1.98222697e-02 4.70746577e-01 5.63718200e-01
    1.16600692e-02 7.30858028e-01 4.39169884e-01 2.12246418e-01
    4.70919251e-01 2.13983983e-01 1.04304224e-01 3.00962299e-01
    9.51639056e-01 3.20981860e-01 1.70819789e-01 6.61482930e-01
    3.69367450e-01 4.11525726e-01 2.93838829e-01 6.96152627e-01
    1.53688818e-01 6.10090077e-01 4.10643816e-01 9.65528011e-01
    3.22533011e-01 5.80711126e-01 5.85101962e-01 1.45161420e-01
    1.65788442e-01 9.34463859e-01 3.19016695e-01 8.89639735e-01
    4.10169423e-01 5.17735779e-01 4.27765608e-01 8.86795044e-01
    7.50311732e-01 6.78826451e-01 9.43096757e-01 1.75667077e-01
    3.09329987e-01 5.97787797e-01 1.79118127e-01 7.80533075e-01
    2.91323483e-01 3.06110024e-01 1.90866590e-02 5.00052452e-01
    8.95737469e-01 5.00944436e-01 4.54983950e-01 4.88600135e-01
    9.05265331e-01 4.18228805e-01 6.44357085e-01 9.24291015e-02
    5.55912197e-01 7.66927123e-01 3.91231149e-01 4.40867066e-01
    8.54268074e-01 3.00133348e-01 3.54419470e-01 3.88446033e-01
    7.20408320e-01 8.10089827e-01 7.71831214e-01 5.85911095e-01
    8.47205222e-02 2.41500765e-01 1.24344826e-02 7.59031832e-01
    4.67108667e-01 8.67521405e-01 1.03204638e-01 9.36596274e-01
    6.34163141e-01 2.53246129e-01 9.43494678e-01 4.43289191e-01
    2.17294335e-01 8.97903681e-01 3.88276190e-01 3.21974456e-02
    5.39181948e-01 3.64795864e-01 5.76078415e-01 6.27616525e-01
    6.74515069e-02 2.29939014e-01 8.55998755e-01 2.23618686e-01
    9.07574773e-01 9.23856258e-01 5.95909357e-01 2.35320181e-01
    2.71940351e-01 4.83420700e-01 9.95367646e-01 6.06354952e-01
    6.49687350e-02 8.98023307e-01 3.34476650e-01 5.45151055e-01
    7.82709062e-01 2.40085721e-02 9.46974516e-01 4.93773550e-01
    9.24287915e-01 5.29497504e-01 9.59023893e-01 1.75552487e-01
    9.41501677e-01 3.48101735e-01 3.38263512e-02 2.02156842e-01
    5.65506518e-01 4.92257655e-01 7.05131292e-01 9.65465307e-01
    7.21481442e-03 6.84836149e-01 2.09202886e-01 7.17011213e-01
    6.05211198e-01 3.17642272e-01 7.70579576e-02 8.73018205e-02
    1.09437525e-01 7.49462247e-01 6.96973860e-01 2.17201829e-01
    7.38531768e-01 6.54976726e-01 4.71328646e-01 4.68763411e-01
    6.59502566e-01 7.98919678e-01 9.47370648e-01 2.57792860e-01
    3.80353600e-01 8.85174453e-01 2.96358347e-01 1.16553247e-01
    3.76176685e-01 3.04047495e-01 5.86780429e-01 1.27710104e-02
    4.34220135e-01 9.28577304e-01 9.60779428e-01 6.31669819e-01
    5.31660616e-01 2.95114607e-01 9.13406610e-01 6.44146800e-01
    5.98999619e-01 3.82005215e-01 2.55473435e-01 5.04176378e-01
    8.39988172e-01 6.68291450e-01 1.96084142e-01 3.22859466e-01
    3.61979812e-01 8.72664928e-01 4.58812505e-01 1.94282949e-01
    2.91009724e-01 3.72682840e-01 9.46697891e-01 6.07728302e-01
    6.26884997e-01 7.25582242e-01 8.39963078e-01 5.22174120e-01
    8.61466527e-01 4.84670430e-01 5.54608822e-01 2.53352076e-01
    6.82016790e-01 9.37620342e-01 3.91226232e-01 9.37386990e-01
    2.19655991e-01 6.15611196e-01 4.49061483e-01 7.18073845e-02
    8.62804353e-02 8.11867237e-01 7.38333106e-01 7.54305720e-01
    1.70232028e-01 4.80731606e-01 4.68564719e-01 6.48186803e-02
    2.36538827e-01 7.38973498e-01 8.25546324e-01 3.95478696e-01
    6.57256246e-01 1.79596633e-01 9.73971784e-02 7.13397563e-02
    3.12585235e-01 4.97737616e-01 5.24321616e-01 1.06668472e-03
    5.70543349e-01 4.49736714e-01 5.06156027e-01 8.85527253e-01
    4.49726880e-01 4.70921636e-01 6.19681001e-01 5.87105989e-01
    9.98971462e-02 3.64588976e-01 9.53517675e-01 2.41920024e-01
    8.16236138e-02 8.50430429e-01 6.98049724e-01 1.92411035e-01
    9.10327554e-01 1.65562421e-01 1.21820450e-01 5.49100816e-01
    1.54533088e-01 5.15285015e-01 6.46735787e-01 2.07852542e-01
    6.44465864e-01 4.33708370e-01 2.40173995e-01 4.83278245e-01
    6.73886657e-01 2.03921199e-01 6.62586451e-01 7.40171134e-01
    2.44146019e-01 6.57926798e-01 5.00539005e-01 3.20226431e-01
    7.69735873e-01 7.46671736e-01 9.44366157e-01 9.98561859e-01
    8.67696404e-01 9.78417397e-01 9.37987387e-01 9.44840193e-01
    7.16151416e-01 8.60532403e-01 9.91757274e-01 8.03109527e-01
    6.55985475e-01 3.33522558e-02 5.21518290e-02 9.86559451e-01
    1.09988064e-01 1.39565259e-01 2.96118379e-01 2.95670539e-01
    4.90860820e-01 8.19748998e-01 9.24421668e-01 5.65333009e-01
    4.44876611e-01 8.57402921e-01 7.81049728e-01 7.09064722e-01
    7.72486925e-01 9.63547707e-01 8.55017662e-01 7.48941481e-01
    5.50296068e-01 7.44122922e-01 2.54332185e-01 5.39749742e-01
    1.42644584e-01 2.11421609e-01 5.53974509e-01 7.03115106e-01
    9.37410951e-01 6.08393669e-01 4.78031367e-01 3.13900381e-01
    9.89524782e-01 8.33343625e-01 8.78125668e-01 1.00141495e-01
    3.09678227e-01 4.58724231e-01 4.00299907e-01 3.81667078e-01
    5.81514597e-01 6.00319326e-01 2.96556175e-01 3.98276836e-01
    9.58754063e-01 1.41959399e-01 3.25864851e-02 7.51049161e-01
    5.89866698e-01 1.50825143e-01 7.21435428e-01 3.65668118e-01
    8.39158416e-01 5.61338961e-01 9.31457043e-01 5.74233234e-02
    5.90439677e-01 9.19394732e-01 4.71938074e-01 2.83721387e-02
    6.47095084e-01 8.78468692e-01 3.99585187e-01 1.82845980e-01
    4.25268024e-01 6.28730536e-01 9.91804242e-01 2.93357372e-01
    5.32572389e-01 3.91312838e-02 8.40038776e-01 4.91171986e-01
    1.20772004e-01 9.98188555e-02 3.50143075e-01 1.92513198e-01
    4.51725394e-01 8.09186399e-02 1.43419325e-01 2.26015955e-01
    3.10268939e-01 7.42349207e-01 9.43068981e-01 5.17569900e-01
    7.07157016e-01 2.21046805e-03 4.97786552e-01 3.24658483e-01
    5.13347983e-02 3.45769405e-01 1.76310688e-01 6.70676112e-01
    5.17340064e-01 1.04226023e-01 8.88830245e-01 4.20943439e-01
    3.39690447e-01 8.31723690e-01 6.01944387e-01 2.72604227e-01
    4.80691046e-01 7.69829392e-01 1.18584663e-01 4.31882203e-01
    7.31063604e-01 1.99588329e-01 2.04614997e-02 9.88020241e-01
    7.16882348e-01 9.80612636e-01 8.41049731e-01 3.36805165e-01
    5.76924860e-01 6.59572542e-01 6.53269410e-01 3.89782578e-01
    2.11117625e-01 4.30256635e-01 7.41809607e-01 7.02308297e-01
    2.04957366e-01 2.25929320e-02 3.73092532e-01 9.32922959e-01
    4.71415341e-01 1.83879554e-01 6.95830226e-01 2.07375020e-01
    7.00055778e-01 3.56582284e-01 5.99858165e-03 8.05905640e-01
    4.01477426e-01 9.14182544e-01 4.04520214e-01 6.45711660e-01
    2.71395713e-01 3.62058938e-01 5.19020021e-01 6.43777847e-01
    5.38476527e-01 3.82738709e-02 2.89920330e-01 6.84865952e-01
    8.32256317e-01 4.40457135e-01 7.10557997e-01 4.76110458e-01
    3.30247581e-01 2.18533963e-01 9.56221461e-01 6.24988019e-01
    5.13320327e-01 7.93650746e-01 7.84228802e-01 9.92559910e-01
    4.93066281e-01 5.53518057e-01 6.04084730e-01 3.49024534e-02
    1.36409640e-01 6.40315652e-01 5.14178574e-01 2.84401596e-01
    7.12715924e-01 6.72141314e-02 9.83421206e-01 9.02818978e-01
    5.71909368e-01 6.32635891e-01 1.23210847e-01 3.97883147e-01
    4.50705022e-01 8.94715011e-01 5.88333607e-03 4.93359566e-01
    6.95362210e-01 9.21615958e-01 1.50123894e-01 6.38936400e-01
    2.81671226e-01 6.65868998e-01 8.88651729e-01 2.36622900e-01
    7.55048394e-01 3.58404368e-01 3.63065600e-02 3.62960100e-01
    3.16393793e-01 2.68262804e-01 5.85235357e-01 7.72113144e-01
    8.64495933e-02 8.90363991e-01 5.30428827e-01 5.44415355e-01
    3.92289251e-01 7.38735676e-01 4.29112852e-01 1.89806223e-02
    6.16623759e-01 6.29529595e-01 4.44403410e-01 3.35910827e-01
    3.95915985e-01 7.96848118e-01 8.79007101e-01 8.30691040e-01
    6.27231896e-02 4.20775831e-01 2.41816938e-01 3.32225680e-01
    7.74158478e-01 6.20166540e-01 5.36768019e-01 8.78607035e-01
    7.39061534e-02 4.38760519e-01 1.74359590e-01 6.59888804e-01
    4.47185993e-01 1.30964130e-01 9.37246799e-01 6.90575480e-01
    7.48996973e-01 7.32031703e-01 3.49890590e-01 2.55107820e-01
    9.96614695e-01 5.06067276e-02 4.71764624e-01 5.94876289e-01
    2.45744318e-01 2.27232039e-01 6.22723639e-01 6.89421952e-01
    3.29521298e-02 4.88478780e-01 1.60323113e-01 8.67484450e-01
    9.58187461e-01 1.07747793e-01 6.64080560e-01 4.81060266e-01
    8.46897423e-01 3.34642917e-01 3.62090468e-02 2.27910787e-01
    3.54864419e-01 6.86811686e-01 7.08410025e-01 9.85482931e-01
    2.39607215e-01 5.81956208e-02 5.62382340e-01 1.45520270e-02
    9.11522388e-01 5.99365413e-01 1.90957755e-01 6.18162692e-01
    6.18071735e-01 3.70830297e-02 1.06096148e-01 5.16793966e-01
    3.03538889e-01 5.45901835e-01 7.38947272e-01 8.44241679e-01
    8.13323259e-01 2.43338883e-01 6.05853319e-01 1.55868441e-01
    6.36096537e-01 2.40145147e-01 2.32410252e-01 1.24415755e-03
    3.50897521e-01 9.75753903e-01 3.55664790e-01 4.33858246e-01
    2.00748175e-01 1.49838090e-01 7.33315706e-01 3.08324337e-01
    4.56043899e-01 5.20824194e-01 2.44146585e-03 9.91165638e-04
    5.00389040e-01 7.99270272e-01 8.77050638e-01 9.26144779e-01
    1.14051789e-01 2.02182680e-01 8.27305794e-01 8.90982032e-01
    7.23973870e-01 9.96200681e-01 9.74290013e-01 8.61351669e-01
    3.32747608e-01 2.83552408e-01 3.32785338e-01 7.30407059e-01
    8.88207555e-01 2.67462045e-01 2.32579410e-02 3.27041060e-01
    8.93177032e-01 8.11219871e-01 6.18371308e-01 3.83358091e-01
    8.65354538e-01 4.05346632e-01 7.31398702e-01 5.11136234e-01
    1.47654951e-01 5.53634584e-01 3.06559443e-01 7.60657191e-01
    7.80326128e-01 4.72969532e-01 8.78483236e-01 2.23053098e-01
    4.65084344e-01 4.28171635e-01 6.58578575e-02 5.81626832e-01
    1.94174945e-02 3.11905712e-01 4.13655758e-01 1.64663315e-01
    9.73190069e-02 2.07854509e-02 8.31815124e-01 2.31916308e-02
    7.86648691e-02 8.64923120e-01 1.56446993e-01 3.57776880e-01
    3.68135571e-02 6.11992836e-01 3.16761911e-01 2.30829120e-01
    8.90221834e-01 6.86871409e-02 2.48031169e-01 2.71882743e-01
    9.53664184e-02 4.49831188e-02 7.72650242e-02 1.22347534e-01
    2.46840447e-01 9.80074644e-01 4.12636817e-01 4.32332098e-01
    9.09548521e-01 4.72249687e-02 7.24880993e-01 2.35712707e-01
    9.98175383e-01 5.88771164e-01 9.56947625e-01 7.07914829e-02
    9.14550543e-01 2.82101989e-01 7.07338035e-01 1.43831760e-01
    6.81119263e-01 3.37782502e-02 3.15541327e-01 8.52901697e-01
    5.43946445e-01 9.19862628e-01 1.21162385e-01 7.79626489e-01
    7.47425854e-02 3.46661091e-01 9.54226255e-02 2.65637040e-03
    8.45794380e-02 1.99941754e-01 6.59385562e-01 4.62746441e-01
    5.23556292e-01 2.05229938e-01 8.68665278e-02 3.98619294e-01
    6.73243284e-01 8.08127224e-02 6.00405931e-02 5.28253376e-01
    3.49017859e-01 3.22090119e-01 1.24554574e-01 4.37545121e-01
    7.97805190e-01 2.27792650e-01 1.57321960e-01 6.97300196e-01
    7.35092700e-01 8.69096398e-01 9.54900265e-01 2.45307386e-02
    1.36793971e-01 7.02555120e-01 2.53923953e-01 6.84645951e-01
    6.41818404e-01 1.80366278e-01 8.33949447e-03 5.57659566e-01
    6.54268801e-01 5.53651869e-01 8.19258332e-01 7.35519588e-01
    9.72071171e-01 1.12676859e-01 4.31203842e-02 5.81590831e-01
    4.77590919e-01 7.64429212e-01 7.77208090e-01 3.41678321e-01
    5.01996756e-01 5.16057909e-02 7.38240719e-01 5.01246870e-01
    1.66665912e-01 1.23730242e-01 6.36932611e-01 3.94123346e-01
    9.42098498e-01 3.75005782e-01 5.73925436e-01 7.46452689e-01
    1.75464451e-02 6.61984980e-01 4.03021514e-01 8.93759489e-01
    5.60018420e-02 6.38364315e-01 4.67290312e-01 7.51269341e-01
    8.75463247e-01 5.42339563e-01 9.12331045e-02 4.43031251e-01
    1.53563499e-01 2.59049416e-01 6.17146134e-01 2.34977573e-01
    1.79651797e-01 2.99876511e-01 4.38658237e-01 3.53286684e-01
    5.16513288e-01 4.77938443e-01 7.86036730e-01 6.98569119e-02
    7.89474010e-01 7.11407185e-01 1.39015317e-01 1.76581740e-02
    2.08451599e-01 4.35401320e-01 2.10110158e-01 3.01938385e-01
    8.93064559e-01 5.29362559e-01 9.58762050e-01 5.35650194e-01
    7.14261830e-01 5.90272069e-01 7.78623521e-02 6.60230696e-01
    7.97393680e-01 5.82032800e-01 2.57741094e-01 1.91809922e-01
    1.45674437e-01 8.88731718e-01 7.17889190e-01 7.61865735e-01
    7.08341956e-01 8.99048686e-01 1.08916372e-01 8.74482751e-01
    3.05609226e-01 2.98508883e-01 2.05869079e-02 6.48446381e-01
    4.44238275e-01 5.14774323e-01 4.52324748e-01 6.09117210e-01
    9.56864238e-01 9.95337307e-01 3.66308630e-01 2.02846348e-01
    4.55381900e-01 3.01799655e-01 8.30350041e-01 2.28196710e-01
    6.44263625e-03 4.60872680e-01 5.71674943e-01 3.75076681e-01
    6.20363235e-01 1.25028670e-01 2.66867131e-01 2.40850896e-01
    2.17672706e-01 4.67638224e-01 8.85382295e-01 6.27434969e-01
    8.55826974e-01 4.95421737e-01 9.22818184e-02 3.36017609e-01
    2.76696622e-01 9.58819509e-01 8.64031076e-01 1.12430006e-01
    2.39454508e-01 2.11719215e-01 2.82936990e-02 3.03022921e-01
    4.07259971e-01 9.75070477e-01 8.58306527e-01 4.76342261e-01
    6.51497662e-01 8.53657365e-01 1.47491693e-04 5.11821449e-01
    5.10894954e-01 9.06376183e-01 5.49385250e-02 4.70854491e-01
    1.28156811e-01 7.41352081e-01 3.09111953e-01 8.00384521e-01
    1.91166401e-02 5.54939687e-01 4.38092649e-01 4.10212606e-01
    9.25238371e-01 7.86204576e-01 9.43564057e-01 3.83600503e-01
    3.86829674e-02 1.71440840e-03 7.92495728e-01 3.45152736e-01
    5.98674178e-01 1.28614902e-02 6.71621263e-02 8.75751019e-01
    4.74485695e-01 9.37152743e-01 1.52311504e-01 9.20847058e-03
    7.89218664e-01 2.15748250e-01 4.26443398e-01 6.70160294e-01
    1.96496934e-01 4.16360587e-01 1.52798742e-01 6.11548841e-01
    9.62615371e-01 7.19298959e-01 1.85503781e-01 2.30765134e-01
    4.12581414e-01 7.97824383e-01 5.09760559e-01 7.32380211e-01
    8.04238319e-01 7.88906813e-01 6.38650537e-01 8.74888301e-01
    7.05188155e-01 4.31183159e-01 4.21146214e-01 3.73128057e-03
    7.17925131e-02 4.53037888e-01 7.42019594e-01 6.77976787e-01
    2.32075632e-01 8.85676622e-01 5.60192585e-01 3.67628932e-01
    7.81980276e-01 2.97096163e-01 1.16356760e-01 8.44293237e-01
    5.72918177e-01 2.61655509e-01 8.41754079e-01 7.67046809e-02
    6.16948545e-01 7.95453489e-01 6.03400767e-01 6.12187564e-01
    3.37373853e-01 9.63951528e-01 9.86341715e-01 9.21868443e-01
    5.58137894e-01 7.51683772e-01 6.78681433e-01 5.50491750e-01
    3.21499944e-01 9.33903456e-01 6.41618669e-02 9.00029719e-01
    5.14225304e-01 7.79675484e-01 6.81017578e-01 2.37630218e-01
    3.19224656e-01 2.89331853e-01 9.31522250e-01 2.15905309e-01
    7.30310500e-01 5.90917051e-01 9.49887633e-02 6.51089609e-01
    3.49303305e-01 4.95938092e-01 3.31041694e-01 7.44946837e-01
    1.67018116e-01 4.25509036e-01 7.75115550e-01 5.30510366e-01
    3.35276127e-01 5.24822414e-01 1.93507046e-01 3.06784153e-01
    5.15425086e-01 3.27793658e-02 5.93800545e-02 3.69113982e-02
    4.03458536e-01 1.51853681e-01 3.09394002e-02 8.42692137e-01
    4.76232588e-01 7.39722610e-01 7.14266062e-01 8.51974010e-01
    9.03407574e-01 3.00553471e-01 4.63978201e-01 7.53190935e-01
    3.44850808e-01 1.06291801e-01 7.91858315e-01 1.59682930e-02
    7.17912555e-01 2.76835322e-01 5.96754253e-01 6.48547053e-01
    5.56637347e-02 8.91689897e-01 2.90682971e-01 7.48934448e-02
    1.06451601e-01 3.58990312e-01 3.34553540e-01 7.63954997e-01
    4.82079715e-01 9.45466757e-01 2.21256673e-01 9.34349239e-01
    3.51589918e-01 6.37265444e-01 7.87639737e-01 4.09177870e-01
    6.29340231e-01 5.43699980e-01 2.78491706e-01 1.55176163e-01
    2.07940936e-01 9.69609261e-01 8.02104473e-01 3.23727131e-02
    5.99590063e-01 9.83504295e-01 1.53765500e-01 3.70627642e-01
    4.54274237e-01 6.43369436e-01 7.21669793e-02 6.81120932e-01
    6.26013279e-01 9.96077836e-01 1.70448661e-01 2.70034760e-01
    2.45479584e-01 3.26184332e-01 4.01618183e-01 9.55468774e-01
    7.42851615e-01 2.39317298e-01 8.00157785e-02 3.41886431e-01
    9.76598918e-01 8.22225153e-01 5.61050415e-01 4.39756513e-01
    7.03112841e-01 5.70412755e-01 6.30045652e-01 3.74032795e-01
    3.06621313e-01 9.61171329e-01 2.25380063e-03 3.28959882e-01
    2.59743512e-01 1.74673468e-01 3.75380367e-01 9.96001840e-01
    5.97138584e-01 6.92113161e-01 4.97502327e-01 5.01367390e-01
    7.72823930e-01 7.22622156e-01 9.70078945e-01 3.63760531e-01
    5.19623458e-01 3.33532780e-01 7.73523092e-01 7.86429882e-01
    8.95964921e-01 5.47684193e-01 7.19284773e-01 4.88426805e-01
    1.25652909e-01 3.07740211e-01 7.93024182e-01 2.44658917e-01
    1.39269292e-01 9.75870013e-01 2.11038560e-01 1.57599598e-01
    8.15009773e-01 2.26897150e-01 3.70309114e-01 7.99862444e-02
    2.04609811e-01 6.34558797e-01 1.16244525e-01 8.10921967e-01
    9.73287821e-01 8.13172698e-01 4.91034359e-01 9.20610726e-01
    3.07544500e-01 6.57615066e-03 5.65950274e-01 7.80802727e-01
    7.41127670e-01 6.52737677e-01 9.82648134e-01 9.10397649e-01
    1.71867758e-01 4.11585093e-01 8.15954506e-02 4.46238011e-01
    5.11384308e-02 5.76356530e-01 9.50389743e-01 3.32368046e-01
    8.94014776e-01 7.85725117e-01 3.28348696e-01 9.27419901e-01
    7.16806293e-01 3.08350027e-01 1.89393312e-01 1.77203685e-01
    8.64761293e-01 3.10017884e-01 8.14363241e-01 5.38391411e-01
    5.94186783e-01 6.81658506e-01 3.72930884e-01 7.94816852e-01
    6.98129058e-01 1.85216248e-01 4.61719424e-01 9.79589581e-01
    6.60359561e-02 1.39678508e-01 6.41699553e-01 9.55878735e-01
    7.02463329e-01 6.44372642e-01 1.14083588e-01 9.03725982e-01
    4.75105703e-01 7.31499672e-01 1.75012887e-01 6.98866963e-01
    4.16851819e-01 8.82607937e-01 7.37792552e-01 8.14864635e-02
    7.45009065e-01 2.76529968e-01 3.84383082e-01 8.35391402e-01
    8.26497912e-01 5.04265070e-01 1.67027831e-01 9.76352274e-01
    6.39352679e-01 4.76426125e-01 1.53140247e-01 2.29597211e-01
    8.37102413e-01 4.85123694e-01 1.40787572e-01 5.26726544e-02
    6.32652879e-01 9.42179799e-01 1.84064835e-01 1.66154444e-01
    1.77836478e-01 7.22714007e-01 3.13752234e-01 6.53240383e-01
    3.83974731e-01 1.93517178e-01 8.26848447e-02 6.80457592e-01
    5.83630979e-01 5.51727414e-02 4.25093204e-01 8.86549354e-01
    1.79947466e-01 2.47376263e-02 3.06671143e-01 5.93261838e-01
    6.08950853e-01 9.36556637e-01 4.40347761e-01 7.30467737e-01
    2.02443063e-01 1.49918646e-01 3.11837614e-01 5.00117123e-01
    7.40830898e-01 8.84529293e-01 1.75421447e-01 4.18228626e-01
    7.72512257e-01 3.10645014e-01 3.54133308e-01 7.95939445e-01
    9.21755135e-01 2.53169566e-01 6.29376113e-01 5.72404683e-01
    6.00681126e-01 2.50534564e-01 1.06832594e-01 5.22416353e-01
    7.16608524e-01 5.18422127e-01 1.40376091e-01 3.51070344e-01
    3.99362743e-02 8.79155397e-02 3.25326711e-01 2.50991404e-01
    2.13067889e-01 1.43476516e-01 5.37452102e-01 9.95516777e-01
    4.67199951e-01 1.51768804e-01 4.42045301e-01 2.13123679e-01
    6.92649007e-01 3.63636076e-01 3.11323285e-01 7.29097605e-01
    2.63508737e-01 4.36631382e-01 1.18137360e-01 3.20699334e-01
    5.01036167e-01 7.51426458e-01 7.47278333e-02 8.87007594e-01
    4.51444358e-01 4.18765306e-01 1.41513199e-01 9.98071134e-01
    1.96079612e-01 7.33158827e-01 5.40438235e-01 7.82783628e-01
    8.60092521e-01 6.75162733e-01 8.17925930e-01 2.22376555e-01
    1.48557007e-01 5.86407185e-01 8.13933015e-01 1.08572602e-01
    8.52769077e-01 1.77261978e-01 2.40410328e-01 5.04431784e-01
    7.81710625e-01 9.90340650e-01 5.34046888e-01 2.37202585e-01
    5.23563206e-01 3.42627406e-01 1.15510643e-01 4.07160521e-01
    2.98953593e-01 1.06706977e-01 8.62366259e-01 8.88057232e-01
    6.94773793e-01 9.48742926e-02 8.63070190e-01 5.46142995e-01
    8.49632978e-01 1.96058393e-01 5.64314663e-01 5.57133794e-01
    5.82804978e-01 8.38609815e-01 9.98824120e-01 3.22516918e-01
    2.76469052e-01 4.99118477e-01 9.06299829e-01 1.67056233e-01
    8.66121769e-01 7.35455632e-01 6.67826176e-01 8.62385154e-01
    8.63728523e-01 9.66131628e-01 1.97491616e-01 2.79466897e-01
    3.37877423e-01 3.81117076e-01 2.93250918e-01 2.02433705e-01
    3.97052556e-01 9.17597413e-02 1.38189793e-02 3.76323551e-01
    9.41003084e-01 1.76504791e-01 4.82608378e-01 6.61470950e-01
    8.11599851e-01 1.75497890e-01 2.03704715e-01 3.92192841e-01
    6.95330381e-01 8.63177776e-02 6.91765666e-01 6.95180297e-02
    8.20227146e-01 2.57786632e-01 9.59717870e-01 9.27437007e-01
    5.12812257e-01 7.75422215e-01 5.99279344e-01 4.23888206e-01
    2.23187953e-01 2.90389419e-01 5.15931845e-01 1.25356317e-01
    5.52925169e-01 8.06527138e-02 2.19555050e-01 7.10076809e-01
    5.60989141e-01 3.53614986e-02 5.38809896e-02 8.28882933e-01
    9.86910105e-01 1.24130249e-02 5.86342633e-01 1.09259784e-02
    2.19751269e-01 8.48190784e-01 8.62743497e-01 7.02256858e-01
    3.04029107e-01 3.33153725e-01 9.19339538e-01 1.52892113e-01
    5.48516631e-01 7.13889718e-01 1.95950121e-01 4.14663076e-01
    9.39540863e-01 6.35542631e-01 4.59373653e-01 7.09102750e-02
    4.85450774e-01 4.32877630e-01 8.21216762e-01 6.59300685e-01
    8.94352198e-01 3.36889684e-01 9.13484097e-01 6.05402589e-01
    2.52928436e-02 1.59502149e-01 1.82737589e-01 2.26987988e-01
    1.97332859e-01 2.19628841e-01 9.92774725e-01 9.15510893e-01
    4.68252122e-01 2.85580158e-01 7.46480227e-02 4.35973346e-01
    3.43215287e-01 4.00616884e-01 2.15230703e-01 6.71061397e-01
    5.00881016e-01 3.93754900e-01 4.52048153e-01 9.05544043e-01
    6.06228888e-01 4.74390715e-01 1.45558208e-01 7.27415323e-01
    9.70740139e-01 9.03558969e-01 3.93570483e-01 2.36623436e-01
    6.86436653e-01 2.11732030e-01 3.95315409e-01 5.67196250e-01
    5.43553174e-01 7.89821386e-01 2.11165756e-01 5.47211766e-01
    3.84176135e-01 5.04949868e-01 2.58909643e-01 8.37717712e-01
    2.98019648e-01 5.30133605e-01 6.70120716e-01 8.58402431e-01
    3.61699045e-01 9.88231421e-01 7.99377382e-01 8.68945718e-01
    8.01342130e-01 6.45952582e-01 7.74962783e-01 1.91312045e-01
    8.25574279e-01 9.60848331e-01 4.00401264e-01 4.96871293e-01
    5.21884620e-01 8.19927633e-01 2.72858948e-01 9.84645724e-01
    2.56712079e-01 9.00479794e-01 6.18804693e-02 5.14325321e-01
    9.64184046e-01 8.24648798e-01 8.74793053e-01 1.81867301e-01
    7.59634614e-01 9.59922194e-01 3.52654248e-01 4.75719839e-01
    8.49126697e-01 8.19771290e-01 1.80927038e-01 7.17163682e-02
    6.41298473e-01 9.66801286e-01 6.12280488e-01 5.25550723e-01
    1.25562102e-01 6.92279220e-01 4.10728991e-01 9.93856013e-01
    7.23489761e-01 3.80867124e-01 3.04141760e-01 7.25676596e-01
    2.11106271e-01 7.09699631e-01 3.71452600e-01 3.31965148e-01
    2.55167842e-01 1.98305368e-01 5.01358330e-01 7.25601435e-01
    3.56188476e-01 5.87280393e-01 3.36514890e-01 3.70741487e-02
    8.18126678e-01 3.24489713e-01 9.97302949e-01 4.52022910e-01
    5.08980572e-01 8.90528560e-02 5.86490929e-02 1.94969773e-01
    6.89592481e-01 1.35087729e-01 9.52138007e-01 2.52975047e-01
    9.01524127e-01 6.19417369e-01 7.27440000e-01 3.91611785e-01
    8.50819767e-01 8.69097054e-01 9.42191362e-01 6.37087345e-01
    3.02734286e-01 4.55093712e-01 5.61762035e-01 9.66888726e-01
    6.20223999e-01 1.43639714e-01 2.60897279e-02 9.74801660e-01
    2.10901767e-01 9.94682431e-01 6.04856014e-01 7.46185780e-01
    3.06791663e-01 9.17817891e-01 6.52078867e-01 2.26218343e-01
    5.96593022e-02 5.27639806e-01 2.28577793e-01 7.76586115e-01
    2.48600096e-01 4.99828368e-01 9.44602370e-01 4.13354278e-01
    5.75313747e-01 4.53421503e-01 7.84236550e-01 2.49630451e-01
    7.91060328e-01 7.35822380e-01 5.65975606e-01 3.86297405e-01
    4.75052893e-01 7.60891855e-01 7.96087265e-01 5.29261589e-01
    5.14092863e-01 9.08789694e-01 3.81825238e-01 9.12686825e-01
    4.70299125e-01 8.69707227e-01 6.09396160e-01 3.37884814e-01
    4.04070973e-01 9.48801458e-01 6.28107071e-01 9.66278017e-02
    8.89219344e-02 8.24090302e-01 7.54855931e-01 9.29124713e-01
    4.27128673e-01 1.98696464e-01 6.60540104e-01 7.17140436e-01
    9.11680698e-01 4.94840682e-01 4.29329246e-01 8.94665718e-01
    5.15336633e-01 3.09170216e-01 3.90270054e-02 4.37845647e-01
    8.95509005e-01 2.19372123e-01 1.45706117e-01 4.27986085e-01
    2.66723067e-01 5.58623195e-01 2.78354883e-02 4.48789477e-01
    7.37596989e-01 1.79398566e-01 3.52383971e-01 4.10358965e-01
    3.20644289e-01 1.21890068e-01 3.28049421e-01 2.61984468e-02
    7.56138086e-01 4.80368435e-02 8.08935165e-02 2.35048413e-01
    7.86058903e-01 6.78399503e-02 5.71573734e-01 5.88325024e-01
    2.81326354e-01 4.89931405e-01 5.98773837e-01 6.35955274e-01
    8.14917684e-01 2.02327549e-01 1.30456656e-01 8.33383799e-01
    1.11848652e-01 1.03849471e-01 2.51244515e-01 2.41474688e-01
    8.44739497e-01 4.18441355e-01 3.94227386e-01 2.56467283e-01
    2.32648194e-01 8.79388213e-01 8.00837517e-01 2.23794848e-01
    9.52721596e-01 4.86469954e-01 9.92449760e-01 5.09883583e-01
    4.03724551e-01 3.69306803e-01 1.35438442e-02 5.47524512e-01
    1.31530404e-01 8.61105323e-01 7.71175504e-01 4.59936023e-01
    6.28504515e-01 2.89087445e-01 9.25936818e-01 1.68981314e-01
    3.90415668e-01 8.30392838e-01 8.84518862e-01 2.92124391e-01
    9.58066225e-01 7.64553428e-01 7.35739529e-01 6.12966418e-01
    1.66067183e-01 7.97251344e-01 4.32505429e-01 8.31229270e-01
    4.12406683e-01 9.81724024e-01 7.21772075e-01 1.60397112e-01
    8.88286948e-01 3.43499571e-01 6.23287857e-02 7.28641391e-01
    8.50304365e-01 3.26433778e-02 2.00842768e-01 5.90726733e-01
    8.85378182e-01 6.62053347e-01 9.11687016e-01 9.31814015e-01
    2.80877650e-02 5.88722229e-01 9.43871498e-01 2.16047108e-01
    2.17791557e-01 9.86191332e-01 4.86967683e-01 3.17065209e-01
    7.84110427e-02 1.48108065e-01 6.37610197e-01 5.84026754e-01
    2.94298470e-01 2.98741400e-01 7.96128273e-01 7.95380950e-01
    8.03968489e-01 8.84423614e-01 8.07747364e-01 9.35246050e-01
    3.85308713e-01 7.46997952e-01 7.14895964e-01 5.49647152e-01
    5.23037791e-01 2.54770726e-01 4.86154556e-02 9.47372913e-01
    6.92261517e-01 3.69489312e-01 7.00676203e-01 1.22377574e-02
    1.64472401e-01 3.87088090e-01 1.14681721e-01 9.47444797e-01
    5.48277438e-01 4.21024919e-01 7.27033794e-01 4.71226186e-01
    4.80406821e-01 4.99082029e-01 3.60514253e-01 8.42462420e-01
    3.71534288e-01 6.81514621e-01 2.57603675e-01 2.84951389e-01
    4.33352113e-01 9.57999527e-01 4.99772191e-01 7.79646099e-01
    9.95437145e-01 9.00489211e-01 9.30102348e-01 3.30764860e-01
    5.59042096e-01 5.58464527e-01 5.79890847e-01 3.96143466e-01
    4.11469400e-01 6.36606693e-01 2.26107180e-01 2.01496035e-01
    9.50716674e-01 6.27856851e-01 1.08414650e-01 6.38963103e-01
    2.88713217e-01 4.09532040e-01 8.08575630e-01 1.63233876e-02
    5.66828787e-01 8.73786211e-01 9.68146324e-01 4.76430237e-01
    8.89162660e-01 9.79604006e-01 8.21556807e-01 7.92983174e-02
    4.24282968e-01 6.15540445e-02 8.30636740e-01 1.53471261e-01
    1.64071858e-01 7.29139447e-02 5.66502929e-01 4.27733988e-01
    4.30240422e-01 6.03983223e-01 5.50935566e-01 8.24793518e-01
    6.27298236e-01 9.67798531e-02 7.88304031e-01 8.91974688e-01
    8.72801840e-02 4.42364842e-01 1.04566187e-01 8.06151152e-01
    7.16362119e-01 1.01782709e-01 7.44912744e-01 5.29979765e-01
    3.72180641e-01 8.31374884e-01 7.97931314e-01 4.22676831e-01
    7.92335272e-01 3.25268626e-01 9.16920602e-01 4.44746017e-02
    1.90576911e-01 2.82692850e-01 8.80231559e-02 7.62244463e-01
    6.24438643e-01 7.87518680e-01 2.34501094e-01 3.85777473e-01
    2.94160843e-01 2.37218261e-01 7.92725980e-02 5.90802193e-01
    8.70647430e-01 9.92744446e-01 7.34544933e-01 7.29191661e-01
    1.79232001e-01 1.08659446e-01 2.09036052e-01 9.28950012e-01
    1.11123294e-01 6.64390206e-01 9.74497318e-01 7.44619250e-01
    8.65249217e-01 8.45351934e-01 8.90472770e-01 2.67879546e-01
    6.48320854e-01 9.54770505e-01 7.45482445e-01 9.62732017e-01
    2.62017131e-01 5.29941380e-01 2.32327193e-01 4.87674385e-01
    7.09323466e-01 6.70748949e-03 1.89711690e-01 3.15208495e-01
    6.81477785e-01 9.98078585e-01 5.81468403e-01 7.62464285e-01
    1.77872181e-01 6.47291303e-01 8.01204562e-01 8.98182869e-01
    2.22693652e-01 4.24237996e-01 5.33406138e-01 6.30693257e-01
    2.23495364e-02 3.89564335e-01 7.22510695e-01 3.93438518e-01
    6.53686643e-01 7.64822125e-01 6.08807325e-01 3.89645308e-01
    1.47080153e-01 7.46844292e-01 4.58435476e-01 7.27263510e-01
    7.47428477e-01 4.35264796e-01 7.81149864e-02 7.72922635e-01
    1.05084330e-01 2.55177349e-01 1.98742092e-01 7.62852430e-01
    2.68169820e-01 9.64402795e-01 7.76691079e-01 8.44409347e-01
    6.95804656e-01 5.35858870e-01 8.10782313e-01 9.95490015e-01
    7.44341016e-02 1.06100231e-01 1.80843383e-01 8.06189537e-01
    9.39757109e-01 7.49321043e-01 4.73745763e-01 1.07067019e-01
    9.93159115e-01 4.60706294e-01 3.99813414e-01 7.36686707e-01
    2.18995094e-01 1.58820570e-01 3.67330611e-02 9.98271823e-01
    5.10519743e-01 5.21801114e-01 4.22462046e-01 9.90425646e-02
    6.54588878e-01 1.69546992e-01 9.93269086e-01 8.38984966e-01
    6.40150726e-01 2.83848286e-01 8.32112014e-01 5.48700392e-02
    8.09884787e-01 1.23101324e-01 5.65356314e-01 9.62549806e-01
    6.40817523e-01 2.41299987e-01 6.45776749e-01 6.80105925e-01
    2.58367062e-01 6.05320632e-01 4.75605041e-01 4.49239105e-01
    7.38274574e-01 5.58745801e-01 5.31970382e-01 3.03960174e-01
    1.17044240e-01 8.93548429e-02 2.88938254e-01 4.35904235e-01
    3.94495875e-01 4.98339534e-03 2.41878897e-01 4.38452959e-02
    5.63671291e-01 1.86820090e-01 2.18205839e-01 4.20691371e-01
    8.70800495e-01 5.50864398e-01 9.87623572e-01 6.95389807e-01
    7.95074463e-01 6.16399944e-01 3.25316608e-01 2.76951283e-01
    5.97730339e-01 6.67844296e-01 4.24031585e-01 7.81623662e-01
    8.37090671e-01 1.52742177e-01 4.05818701e-01 7.10304379e-02
    6.35412216e-01 6.46854281e-01 1.99279189e-02 8.31801891e-01
    8.40074539e-01 5.23997009e-01 3.01017910e-01 9.79711652e-01
    9.66878235e-02 4.65251952e-01 2.97584951e-01 1.10712439e-01
    3.71678442e-01 9.26333785e-01 6.88483059e-01 1.11167550e-01
    6.01530075e-03 5.68209529e-01 9.36327219e-01 4.62845147e-01
    6.75189197e-01 1.57333702e-01 2.43105233e-01 8.72401237e-01
    6.65954471e-01 2.54469126e-01 1.84276432e-01 7.39161849e-01
    6.91084385e-01 3.36234391e-01 5.76988816e-01 3.68094862e-01
    8.26903880e-02 8.78346086e-01 5.58471799e-01 8.84683847e-01
    6.77539825e-01 5.41138351e-01 5.22076130e-01 8.11954618e-01
    9.07549739e-01 1.72521830e-01 9.56829429e-01 2.37865537e-01
    1.02811217e-01 5.84802032e-01 7.03929007e-01 4.33737904e-01
    9.56482172e-01 9.87236500e-02 3.33118737e-01 7.42868900e-01
    7.43414104e-01 2.24308044e-01 5.93431115e-01 8.48984778e-01
    8.63368809e-02 7.90309310e-02 1.35810465e-01 6.02566957e-01
    2.56263644e-01 8.26758146e-01 8.92437518e-01 6.28389418e-01
    4.59499449e-01 1.81348562e-01 4.51564550e-01 9.40377176e-01
    7.86324084e-01 1.32320851e-01 7.65829921e-01 5.22492051e-01
    6.65881813e-01 7.19305456e-01 4.89682049e-01 9.55466390e-01
    9.82612133e-01 2.56882966e-01 8.13564241e-01 6.18178427e-01
    3.78223300e-01 3.47295523e-01 3.82165462e-01 3.65568042e-01
    5.40497601e-01 1.64005429e-01 7.33411968e-01 5.99762797e-01
    2.54124492e-01 6.19588792e-01 1.50294662e-01 9.76545870e-01
    1.78502709e-01 1.13073826e-01 7.15666533e-01 5.78246295e-01
    1.82791471e-01 7.35966265e-02 5.27467787e-01 6.58167660e-01
    4.36462015e-01 5.65936565e-01 2.77475357e-01 5.63950062e-01
    7.05399930e-01 4.15863931e-01 8.10353041e-01 1.17361993e-01
    6.55339241e-01 4.06694055e-01 9.15891171e-01 7.94622242e-01
    9.72603559e-02 8.36966753e-01 6.89431548e-01 5.56677520e-01
    2.00607747e-01 9.72203374e-01 9.05581057e-01 5.75163245e-01
    9.70465064e-01 9.06249046e-01 6.03464544e-01 7.46454418e-01
    4.71668720e-01 9.64777470e-01 9.03369486e-01 8.86871696e-01
    4.18184251e-01 3.31164420e-01 9.73365426e-01 4.89350587e-01
    5.99719584e-02 9.87662196e-01 6.60702705e-01 8.92670989e-01
    2.70774722e-01 4.43339288e-01 2.82576084e-01 6.71350062e-01
    3.20022702e-01 7.99957573e-01 6.19692385e-01 2.59291947e-01
    3.60451460e-01 1.80057585e-01 5.40787280e-01 7.36588955e-01
    3.44788730e-01 8.77177417e-01 9.32548761e-01 3.76462042e-01
    8.14844966e-02 9.19493198e-01 6.22780621e-01 3.42944473e-01
    1.93591386e-01 4.32878971e-01 4.71365303e-01 6.81191742e-01
    7.71474957e-01 7.88703561e-03 8.65733266e-01 4.93201017e-02
    8.16592097e-01 5.93761325e-01 9.40862358e-01 1.85041308e-01
    8.84342313e-01 8.43125224e-01 4.03479725e-01 3.50227088e-01
    4.86846000e-01 3.97853732e-01 7.62359262e-01 1.16882950e-01
    3.03092301e-02 4.58181918e-01 5.06250203e-01 8.08738828e-01
    2.61150450e-01 3.53814006e-01 3.88037741e-01 7.49605417e-01
    4.14777219e-01 8.82870317e-01 3.02504659e-01 2.80494064e-01
    2.30837762e-02 1.71745867e-01 2.89834142e-01 2.64710993e-01
    4.18156266e-01 5.40215671e-02 6.31308079e-01 8.75253201e-01
    3.55309725e-01 2.64772654e-01 1.43126220e-01 7.46983528e-01
    4.95073110e-01 2.29812026e-01 2.03200102e-01 6.14227116e-01
    4.98028010e-01 3.61539274e-01 3.28002512e-01 9.70858574e-01
    2.34096318e-01 2.30321884e-01 9.03109193e-01 8.87109399e-01
    9.88335967e-01 9.96321201e-01 3.11847091e-01 7.51979113e-01
    7.80705214e-01 6.60772979e-01 4.33868289e-01 1.87770844e-01
    4.88402784e-01 7.33917117e-01 4.60612237e-01 5.20637274e-01
    3.98569882e-01 7.08897948e-01 4.21865344e-01 6.86850607e-01
    6.74743533e-01 9.72325921e-01 2.57468939e-01 7.64413834e-01
    3.16941500e-01 9.60159063e-01 4.23649311e-01 3.25184464e-01
    5.46843112e-01 6.65685654e-01 2.10089654e-01 1.97058946e-01
    9.07989800e-01 5.19909620e-01 3.12567204e-01 6.02811575e-04
    1.99191183e-01 2.17403650e-01 9.79349494e-01 5.04594326e-01
    5.07707119e-01 2.73245394e-01 7.27185965e-01 6.48725033e-03
    9.72904682e-01 6.16083145e-01 5.34073412e-02 7.08306789e-01
    7.90000081e-01 2.84042358e-02 1.08435035e-01 6.49049222e-01
    5.03225982e-01 5.85754693e-01 8.98174286e-01 5.44894934e-02
    2.23740250e-01 5.74907839e-01 6.85385823e-01 8.67203295e-01
    7.85933912e-01 3.60385537e-01 2.35338569e-01 1.87418520e-01
    2.18405396e-01 9.98705029e-02 2.97350973e-01 5.42842209e-01
    3.40377212e-01 6.42371655e-01 9.89345133e-01 1.12762153e-01
    9.27668095e-01 2.34670758e-01 9.34874833e-01 3.52180928e-01
    6.83129132e-02 1.37167960e-01 8.56511295e-01 8.04904222e-01
    9.39313471e-01 3.08836192e-01 2.06380606e-01 8.02340031e-01
    3.97304296e-02 6.32412732e-01 6.66338444e-01 7.89444447e-01
    4.75758940e-01 4.29670125e-01 8.98680508e-01 7.48872340e-01
    3.71543765e-01 4.14858103e-01 9.15695727e-02 2.91038781e-01
    9.20603156e-01 5.14357209e-01 7.47412503e-01 8.26545060e-02
    2.76832163e-01 4.94276881e-01 5.06351233e-01 2.57606268e-01
    8.85908484e-01 7.92540789e-01 1.24054998e-01 2.27996200e-01
    7.73441970e-01 4.18513864e-01 3.56169164e-01 3.58682871e-02
    8.12992573e-01 4.75883543e-01 4.35416132e-01 5.43032229e-01
    6.27581775e-01 1.34617031e-01 3.43607813e-01 3.76444787e-01
    8.58355522e-01 7.58901834e-01 2.00416088e-01 2.48178542e-02
    8.15451741e-01 6.05103612e-01 7.62022138e-01 4.31935489e-02
    4.51199532e-01 8.95548701e-01 4.12445515e-01 1.46083832e-01
    1.40121669e-01 9.65742588e-01 4.06462759e-01 8.70348096e-01
    5.80770493e-01 9.12570715e-01 7.51369119e-01 5.80650449e-01
    3.34775925e-01 3.46259773e-02 3.88567865e-01 8.49296272e-01
    2.95857549e-01 4.94191974e-01 7.81243324e-01 3.66471231e-01
    2.77883232e-01 5.20664692e-01 6.31795049e-01 1.39875263e-01
    5.11301756e-02 4.65490818e-02 9.01395559e-01 2.11528093e-01
    5.43168545e-01 7.40925610e-01 6.44448996e-01 7.25683391e-01
    7.38459229e-01 9.32611704e-01 7.74022281e-01 6.64614558e-01
    1.48840487e-01 9.29303527e-01 4.13436890e-01 5.87543786e-01
    6.49223506e-01 1.13489687e-01 3.80206466e-01 9.55673456e-01
    4.25508201e-01 8.29152942e-01 4.76294398e-01 2.51348734e-01
    5.09641469e-01 5.81250668e-01 7.85873532e-01 7.62292147e-02
    2.64527619e-01 1.51513547e-01 2.11021423e-01 2.94246018e-01
    7.72784173e-01 7.64272571e-01 5.96534133e-01 8.08267355e-01
    6.70951128e-01 9.44202363e-01 9.90544081e-01 7.09473133e-01
    4.43066329e-01 8.31997633e-01 8.29479098e-02 8.62526655e-01
    2.02935725e-01 4.92764950e-01 6.89124346e-01 6.82391524e-02
    1.44946188e-01 6.84176087e-01 1.52052909e-01 5.27743459e-01
    5.79627156e-02 8.09912443e-01 1.68222100e-01 4.99828845e-01
    6.94748580e-01 8.00472915e-01 6.53141141e-01 7.45101452e-01
    2.84124523e-01 3.68251860e-01 3.82516384e-01 5.53136528e-01
    5.46023250e-03 1.13645792e-01 5.67123055e-01 8.21177661e-01
    6.93065882e-01 7.62307584e-01 7.26978242e-01 6.32925034e-02
    4.40837055e-01 2.58832663e-01 7.21855283e-01 5.10273814e-01
    9.37157094e-01 7.46703088e-01 3.45593929e-01 8.71985912e-01
    3.01853538e-01 6.98953569e-02 2.08188862e-01 5.27890444e-01
    9.18224812e-01 6.92216635e-01 8.30779672e-01 3.14439714e-01
    8.75975609e-01 2.63157129e-01 7.76337206e-01 9.50015008e-01
    7.12739348e-01 9.58853543e-01 1.20875418e-01 8.44458222e-01
    2.19055831e-01 5.73456824e-01 6.55107498e-01 6.50735974e-01
    1.60637498e-03 5.71730018e-01 2.92747855e-01 7.25162446e-01
    1.46304071e-01 9.80992913e-01 1.27897590e-01 6.46310091e-01
    8.31204295e-01 3.28833461e-01 7.44867623e-02 1.89004540e-01
    4.61838126e-01 8.75238061e-01 6.34424627e-01 1.93134636e-01
    1.38451457e-02 8.08479548e-01 4.57788110e-01 3.36847395e-01
    1.46859854e-01 6.10259354e-01 3.59195381e-01 1.95186645e-01
    9.22657371e-01 4.57673788e-01 7.53222108e-01 2.29810953e-01
    9.65691566e-01 6.71394408e-01 5.34324944e-01 1.84107512e-01
    6.31179452e-01 3.66387069e-01 1.80372894e-01 6.79642081e-01
    2.50709474e-01 9.30253923e-01 8.95495713e-02 9.73999023e-01
    9.62064266e-01 7.80496359e-01 4.20438647e-02 7.52036154e-01
    2.01140732e-01 6.09314740e-01 6.13262355e-01 8.24751377e-01
    7.20539272e-01 5.82015455e-01 9.48472142e-01 8.73884261e-02
    9.97691631e-01 3.71564865e-01 2.76682049e-01 3.01126420e-01
    4.15882111e-01 7.87090659e-01 4.35240120e-01 7.59534061e-01
    5.29666185e-01 4.31800783e-01 1.14627868e-01 4.90360379e-01
    9.66875911e-01 8.59003723e-01 6.24037087e-02 8.62321198e-01
    2.04703808e-02 6.43619180e-01 6.91681206e-01 5.43061852e-01
    2.39918202e-01 5.69984496e-01 1.39195889e-01 7.89787054e-01
    6.57509744e-01 7.47016549e-01 9.57054853e-01 6.31956935e-01
    8.97568464e-02 7.31672943e-01 6.50203586e-01 7.11225569e-01
    1.27671331e-01 1.72764719e-01 7.64842391e-01 2.99858212e-01
    2.04050392e-01 4.97788459e-01 8.99322629e-01 5.64052820e-01
    5.35715818e-02 1.45983636e-01 6.30736351e-01 7.90187955e-01
    9.78073657e-01 2.27814227e-01 8.13715219e-01 1.03140831e-01
    9.45102096e-01 1.61363244e-01 2.00639784e-01 4.64550048e-01
    4.21946287e-01 9.70659256e-01 9.99741971e-01 1.66024059e-01
    1.80867344e-01 4.02830720e-01 5.70501745e-01 1.03251874e-01
    9.97305870e-01 8.52649331e-01 1.42455995e-01 8.48466992e-01
    7.30953276e-01 6.52162373e-01 2.99624503e-01 4.76637006e-01
    9.23326313e-02 9.75396335e-02 1.58267260e-01 9.18197870e-01
    2.62924492e-01 3.84147286e-01 7.81476498e-01 3.71257961e-02
    7.99316764e-01 1.31723821e-01 5.53105056e-01 3.88230264e-01
    4.33021307e-01 3.33821774e-03 2.83977091e-01 4.10714865e-01
    4.60631728e-01 6.59238935e-01 4.22957182e-01 3.27031165e-01
    4.50225145e-01 6.91536784e-01 6.79232955e-01 7.32332051e-01
    9.93278682e-01 7.32983708e-01 9.68565106e-01 6.49658144e-01
    1.11905605e-01 6.95265174e-01 7.19366789e-01 6.96026385e-01
    9.28368330e-01 8.74726355e-01 2.13156611e-01 5.50577521e-01
    5.66627324e-01 1.25018150e-01 7.56747782e-01 2.32180595e-01
    3.89419645e-01 8.63596439e-01 2.71797001e-01 3.00567299e-01
    2.96514511e-01 8.82988155e-01 4.58575577e-01 1.86532617e-01
    3.73118460e-01 7.09210038e-01 7.30981469e-01 5.75041592e-01
    8.94326687e-01 3.70437264e-01 4.41274881e-01 6.73401535e-01
    3.61279935e-01 1.99140251e-01 4.14009631e-01 5.40906549e-01
    8.92184675e-02 4.54350889e-01 8.51702034e-01 8.57514262e-01
    2.76337415e-01 8.78183246e-01 5.91647208e-01 2.20355392e-03
    5.72750211e-01 2.87183523e-02 9.88583148e-01 9.24492836e-01
    9.43421483e-01 6.36291325e-01 9.32612479e-01 3.43379974e-01
    4.08414215e-01 8.84375215e-01 2.49143511e-01 2.91374981e-01
    1.12508208e-01 7.85453677e-01 5.23250580e-01 9.53800380e-02
    6.23543382e-01 2.08444506e-01 2.84066916e-01 2.63097942e-01
    3.00338924e-01 1.95974737e-01 6.08265340e-01 1.52083904e-01
    3.60127896e-01 1.96135283e-01 6.19167209e-01 8.14418674e-01
    3.84678185e-01 4.60490525e-01 1.46002948e-01 9.14227486e-01
    2.44603008e-01 7.61081636e-01 8.85594964e-01 6.08773708e-01
    5.81675649e-01 8.20219934e-01 4.04564440e-01 9.51148272e-02
    3.06297660e-01 5.90077639e-01 2.37782985e-01 7.22103596e-01
    6.76368594e-01 2.79007018e-01 5.89836478e-01 2.76487589e-01
    5.18553615e-01 3.85716110e-01 6.32019520e-01 7.62528896e-01
    3.25844347e-01 4.13536608e-01 3.54914069e-02 5.96200287e-01
    9.63312268e-01 4.02858645e-01 3.01895916e-01 5.57818413e-02
    2.75625139e-01 1.30535483e-01 3.02543938e-02 3.41073573e-01
    9.14126039e-01 7.70522952e-01 9.44828987e-01 2.47622609e-01
    5.81476927e-01 6.79831862e-01 2.29865700e-01 1.38656348e-01
    3.21511090e-01 7.12865710e-01 6.11699700e-01 2.84739673e-01
    3.43783081e-01 5.93340397e-02 3.69827777e-01 8.39170694e-01
    3.09123695e-02 5.53453863e-01 6.71081305e-01 9.43827629e-03
    8.26361775e-02 6.04375541e-01 6.82048798e-02 8.72272849e-01
    7.01679468e-01 6.41495764e-01 1.52128816e-01 8.73181343e-01
    1.68794096e-02 2.60323048e-01 8.20989966e-01 7.21807897e-01
    5.73775470e-02 1.58813596e-02 2.37892121e-01 3.17341208e-01
    5.84989190e-01 9.10370588e-01 4.08554018e-01 3.42390060e-01
    2.52320766e-01 8.35052133e-01 9.27120447e-02 2.42738038e-01
    7.43506074e-01 5.09706140e-03 9.67690945e-02 2.51321733e-01
    5.53268313e-01 4.53949898e-01 9.62580562e-01 9.98794198e-01
    2.06273913e-01 4.65351939e-02 5.42248547e-01 4.07939225e-01
    7.92114973e-01 1.00453317e-01 2.40545392e-01 8.05630326e-01
    3.98496002e-01 1.76716745e-02 8.15812290e-01 9.35319424e-01
    1.05997920e-01 6.67287946e-01 2.88296372e-01 9.92697179e-01
    2.75336295e-01 2.66543567e-01 6.87674880e-01 6.23587489e-01
    3.71200204e-01 6.43432498e-01 8.67482305e-01 3.58802944e-01
    1.83240145e-01 9.50111628e-01 4.74302441e-01 8.37305725e-01
    6.36736691e-01 3.91598403e-01 1.45933390e-01 1.36024117e-01
    2.39730924e-01 4.42731649e-01 8.94234419e-01 6.16535723e-01
    9.77054894e-01 7.22126007e-01 6.44802332e-01 3.89229178e-01
    9.20922279e-01 5.63115060e-01 9.92112756e-01 6.50669158e-01
    6.13828540e-01 5.01033485e-01 8.93455386e-01 7.84334779e-01
    2.11176515e-01 6.59882486e-01 4.19126183e-01 4.06673461e-01
    1.99213237e-01 5.89743972e-01 3.13885927e-01 6.60641670e-01
    9.60351348e-01 6.84647381e-01 5.43921053e-01 3.36885631e-01
    3.12568247e-01 3.64126861e-02 5.14268517e-01 2.73447037e-01
    7.83212185e-02 2.56923437e-02 1.61438048e-01 5.26370108e-02
    9.18018937e-01 3.34241450e-01 9.00498927e-02 6.39987588e-02
    5.41691124e-01 5.49349606e-01 2.78132886e-01 3.30002904e-02
    9.18882787e-02 8.03933144e-01 8.59685719e-01 2.74966836e-01
    5.41209698e-01 4.85891581e-01 1.72593534e-01 3.24530452e-01
    3.05149138e-01 1.39083326e-01 6.88730717e-01 2.99352705e-02
    5.41158319e-01 2.37426370e-01 7.99911201e-01 5.70490777e-01
    5.03031313e-01 9.83169675e-01 5.50941050e-01 1.84801370e-01
    9.25855160e-01 5.09260654e-01 7.42112041e-01 2.18702227e-01
    7.10497797e-01 8.46944332e-01 1.53702646e-01 3.81696522e-01
    3.25459719e-01 4.88981307e-01 3.33217531e-01 1.03967190e-02
    4.25892204e-01 5.63073814e-01 8.06043386e-01 3.09509277e-01
    8.83681595e-01 7.75578082e-01 9.96337116e-01 6.26406968e-02
    6.52534485e-01 7.25238323e-01 9.68194604e-01 9.19346988e-01
    9.27295566e-01 8.87759924e-02 6.46798909e-02 1.06772214e-01
    5.48641920e-01 7.70743966e-01 7.36885667e-02 3.30435872e-01
    6.78608060e-01 6.13500059e-01 6.70990765e-01 8.95156860e-01
    7.46062994e-01 7.00428724e-01 1.10944301e-01 3.10370535e-01
    6.43812060e-01 9.49259877e-01 1.95057720e-01 9.55594063e-01
    8.30495477e-01 4.85926569e-02 1.00927114e-01 6.45257831e-02
    2.80994177e-02 1.53133124e-01 9.96077538e-01 6.26613438e-01
    3.78674567e-01 3.63678932e-01 1.55958712e-01 9.68170166e-02
    8.65016162e-01 3.85245025e-01 6.26460314e-01 2.63219059e-01
    5.52339733e-01 4.22063172e-01 5.20284176e-01 9.31232870e-02
    9.22569156e-01 1.13327324e-01 8.96801472e-01 2.42644757e-01
    6.25125766e-01 6.40749693e-01 1.40310436e-01 4.89893079e-01
    8.28075886e-01 9.30660725e-01 7.38361716e-01 5.08573830e-01
    9.54697251e-01 4.57549214e-01 2.27343380e-01 2.17483640e-02
    9.87183213e-01 2.37529069e-01 9.80482697e-02 5.97435534e-01
    1.46363348e-01 5.54514706e-01 2.00646311e-01 5.03629863e-01
    2.86910534e-01 8.05216670e-01 9.38518167e-01 7.25383878e-01
    2.04347938e-01 9.23468471e-01 8.45322251e-01 5.50143182e-01
    3.23390961e-02 3.78330052e-02 2.99465179e-01 2.55391002e-03
    4.68477249e-01 4.83096033e-01 9.06329155e-01 5.13577819e-01
    6.29745364e-01 1.31368756e-01 1.01721734e-01 4.83410060e-01
    4.20837730e-01 5.75542033e-01 7.28468776e-01 2.88668841e-01
    8.50934207e-01 1.70138717e-01 2.81970143e-01 7.37525821e-01
    6.14888906e-01 7.81771541e-01 7.82995641e-01 6.16341829e-01
    4.75041568e-02 9.48334157e-01 6.34776473e-01 6.93099976e-01
    3.36062074e-01 1.78280950e-01 4.60073650e-01 6.51632369e-01
    4.57391202e-01 3.51661921e-01 1.90033972e-01 3.57584745e-01
    9.76008415e-01 8.44663262e-01 6.27012014e-01 1.47283167e-01
    6.23701215e-01 1.54313803e-01 1.35483921e-01 2.23524868e-02
    5.27187228e-01 7.34884143e-01 8.52504969e-01 8.56310248e-01
    2.63123184e-01 7.93498158e-02 9.34582233e-01 5.55367172e-01
    7.27364898e-01 6.23795927e-01 1.64459437e-01 5.49337745e-01
    9.72715139e-01 7.84310222e-01 8.52166533e-01 8.51159871e-01
    1.19359046e-01 8.49379897e-01 1.82306319e-01 8.03147912e-01
    1.74559891e-01 5.74922800e-01 3.02016556e-01 8.00381660e-01
    5.24881005e-01 8.57177198e-01 7.56668925e-01 5.73018193e-02
    3.16163242e-01 4.16212678e-01 6.86371565e-01 6.35194957e-01
    1.77033544e-01 6.59433007e-01 9.86323416e-01 6.08507812e-01
    4.19098943e-01 6.56294763e-01 8.67924094e-02 6.10482097e-02
    2.94001520e-01 4.96871620e-01 7.81202078e-01 8.73683512e-01
    9.45679665e-01 7.43112862e-01 8.43781352e-01 1.72536224e-01
    8.72620344e-01 6.11013532e-01 9.81003165e-01 1.97539181e-01
    2.16429651e-01 3.50855798e-01 4.66602534e-01 6.92541361e-01
    2.57848024e-01 5.04284799e-01 9.04617071e-01 4.85165626e-01
    1.52085572e-01 9.03153360e-01 7.99326301e-01 6.77165151e-01
    4.51667607e-02 3.29981416e-01 6.66422129e-01 7.97762036e-01
    8.19681764e-01 8.65065157e-01 4.05522019e-01 4.59477186e-01
    7.25034177e-01 9.80243802e-01 5.14003158e-01 1.23264223e-01
    4.09437746e-01 6.64535284e-01 8.83509517e-02 3.51510406e-01
    8.46975684e-01 2.87393093e-01 4.14860368e-01 1.15460187e-01
    7.28188217e-01 6.04199231e-01 6.17274642e-03 2.76525676e-01
    9.92444992e-01 1.33838385e-01 4.73340005e-01 5.15456617e-01
    1.77318573e-01 4.99420524e-01 5.16699493e-01 1.69847518e-01
    4.64155912e-01 7.99416304e-01 7.84020126e-02 7.40974188e-01
    5.36894619e-01 8.17188144e-01 2.69649804e-01 5.04648328e-01
    8.47438395e-01 7.11037993e-01 1.12494826e-02 7.30763972e-01
    7.17467308e-01 5.41916668e-01 5.74463129e-01 8.58208060e-01
    6.46111190e-01 6.78642273e-01 7.51492083e-02 8.03490400e-01
    1.78855151e-01 4.27768052e-01 4.37435210e-01 8.16484690e-02
    5.96127152e-01 8.03769588e-01 7.27095008e-02 1.44057274e-01
    7.89585829e-01 8.05084586e-01 6.14906132e-01 8.56022418e-01
    2.59492993e-01 9.44875836e-01 2.81394422e-01 5.09707868e-01
    5.29828072e-01 8.34038615e-01 6.25383019e-01 7.57472932e-01
    9.58280206e-01 2.06483364e-01 4.53824788e-01 9.34423864e-01
    7.31282473e-01 4.37437654e-01 4.98828113e-01 7.02719390e-01
    2.16260999e-01 2.11535364e-01 4.21034038e-01 8.89037073e-01
    7.94923425e-01 4.58704561e-01 9.80182767e-01 7.98433900e-01
    4.63569254e-01 1.76726818e-01 1.50208175e-02 4.65411931e-01
    3.06931198e-01 9.24043238e-01 2.21111476e-02 5.28714836e-01
    8.17646623e-01 7.77216256e-01 3.17167997e-01 5.34995317e-01
    4.14739311e-01 1.36767328e-01 5.82556129e-01 3.49132240e-01
    5.90579748e-01 4.07051146e-01 2.55112886e-01 4.94814038e-01
    2.36358941e-01 3.39069247e-01 9.89301264e-01 7.63754070e-01
    8.02048922e-01 7.09334016e-02 4.32898253e-01 1.19517565e-01
    7.06261754e-01 7.54808486e-02 5.95821440e-01 3.75004113e-01
    9.12187099e-01 1.15682155e-01 4.90861237e-02 5.69534063e-01
    8.35031867e-01 5.45070171e-01 9.69346046e-01 9.64989066e-02
    9.14190114e-01 2.18825996e-01 3.30569386e-01 9.41002727e-01
    6.14887953e-01 8.62654030e-01 2.96052694e-02 5.40755987e-01
    2.94589758e-01 1.50836647e-01 9.80596423e-01 3.94497395e-01
    6.06180668e-01 9.10293460e-02 9.56415832e-02 4.22457457e-01
    8.00567031e-01 2.97439575e-01 1.36355758e-01 5.14254928e-01
    9.44710612e-01 6.19045794e-01 7.44382024e-01 3.54956508e-01
    4.64102447e-01 8.17367315e-01 2.50649631e-01 2.28831351e-01
    2.42801338e-01 9.83391285e-01 8.05010915e-01 2.75908440e-01
    6.62914395e-01 9.79752600e-01 2.75684714e-01 3.56943369e-01
    2.50249445e-01 6.94382608e-01 9.92081881e-01 4.64033931e-01
    3.59716088e-01 1.60656542e-01 9.96215761e-01 1.00367218e-01
    4.09030497e-01 7.88548529e-01 9.30906296e-01 4.94706392e-01
    3.53724986e-01 8.48790288e-01 6.46340013e-01 7.15573728e-02
    6.26155734e-02 3.29700857e-01 8.73656094e-01 6.18050992e-02
    1.19289100e-01 6.40632391e-01 2.81043351e-02 6.24395847e-01
    5.38174808e-01 2.19848812e-01 9.29061532e-01 6.01812005e-01
    4.69318599e-01 4.65885401e-01 1.71557695e-01 3.93741846e-01
    7.54460454e-01 4.07924205e-01 7.52195120e-01 3.13397914e-01
    6.71640575e-01 5.08959115e-01 4.65056509e-01 5.59092879e-01
    9.83234882e-01 2.88925469e-02 3.46597135e-01 4.33401436e-01
    4.86928850e-01 7.09310055e-01 5.19369543e-02 3.90205681e-01
    4.03261483e-01 9.47956443e-02 3.21210414e-01 2.20934153e-02
    7.97135353e-01 5.99511266e-02 2.00679898e-02 4.04883891e-01
    8.12251747e-01 8.33453298e-01 7.83215523e-01 8.73206139e-01
    9.05733943e-01 8.59782875e-01 9.09881949e-01 6.20470703e-01
    1.35958076e-01 8.37452292e-01 8.04520965e-01 2.19250262e-01
    1.62230879e-01 9.09204841e-01 6.09875739e-01 5.14895678e-01
    1.90231442e-01 9.81874406e-01 6.95507884e-01 6.91952825e-01
    7.15227008e-01 9.95075464e-01 6.46302640e-01 5.74093819e-01
    9.50476527e-01 9.65471447e-01 5.06847322e-01 9.57963347e-01
    7.01457739e-01 8.77715230e-01 1.75096363e-01 3.98762405e-01
    5.30870199e-01 5.50856829e-01 6.98684871e-01 3.48142534e-01
    7.69154549e-01 3.05798709e-01 9.07930851e-01 8.30886364e-01
    9.76101995e-01 4.96335089e-01 4.14564162e-01 6.04936600e-01
    5.53208709e-01 4.64435279e-01 6.10416830e-02 1.85406655e-01
    1.50432140e-01 6.26083612e-01 7.49507368e-01 5.46756804e-01
    7.22857714e-01 3.41574788e-01 4.81265038e-01 8.17625761e-01
    4.90752965e-01 3.76895666e-01 3.41921985e-01 3.26247752e-01
    7.03226030e-01 2.96107292e-01 1.48460597e-01 8.54712248e-01
    6.89607501e-01 8.70478392e-01 8.80873680e-01 6.80554152e-01
    2.54551470e-02 2.19774097e-01 8.75343084e-01 4.37026918e-02
    8.65666568e-02 7.53378332e-01 2.07287461e-01 5.69256186e-01
    1.64890707e-01 6.17555320e-01 2.26311564e-01 8.56389165e-01
    4.88207012e-01 7.61718631e-01 8.82418990e-01 1.39532924e-01
    2.22917795e-02 1.64426625e-01 1.13756835e-01 4.01000321e-01
    2.88374454e-01 6.11786664e-01 2.78159291e-01 9.63575482e-01
    9.46880877e-02 3.63555223e-01 7.04587579e-01 7.95818329e-01
    7.31957793e-01 4.26369429e-01 1.35904700e-01 4.94354784e-01
    2.64598638e-01 7.29708254e-01 4.77503330e-01 1.12461239e-01
    4.58220243e-01 5.54313183e-01 3.50000858e-01 3.34323078e-01
    4.51869577e-01 5.50517738e-02 5.49204051e-02 7.07179368e-01
    6.81317925e-01 9.96828854e-01 8.64287615e-01 8.39928389e-02
    6.25550032e-01 4.57197994e-01 3.83096516e-01 5.47574222e-01
    4.48011309e-01 5.75730920e-01 2.34596163e-01 8.68061900e-01
    9.48254704e-01 8.60261559e-01 2.82230198e-01 9.19864535e-01
    2.71007419e-03 4.31706995e-01 3.00043136e-01 4.67751443e-01
    1.11198246e-01 4.59939629e-01 9.08715963e-01 7.07522392e-01
    1.99954122e-01 1.26019239e-01 6.56711340e-01 4.38226759e-02
    8.79393458e-01 7.10462987e-01 9.46225524e-01 3.05200487e-01
    8.70597720e-01 6.03586972e-01 5.64360499e-01 4.83007014e-01
    1.10443413e-01 2.60351449e-01 9.26437616e-01 9.11049724e-01
    6.72759175e-01 9.19859469e-01 3.65941226e-01 1.11026466e-02
    8.14292073e-01 3.66604030e-01 5.81455052e-01 4.44337755e-01
    9.45430398e-01 8.44136000e-01 1.33751035e-01 3.42645317e-01
    7.47115612e-01 3.86497825e-01 1.92791253e-01 8.97924900e-01
    2.70956397e-01 4.81481731e-01 7.05688655e-01 2.49156535e-01
    2.81018049e-01 8.77920508e-01 5.15553117e-01 2.88669944e-01
    7.11018384e-01 4.97235566e-01 5.46706498e-01 8.63695264e-01
    4.37879324e-01 4.75874841e-02 9.57301497e-01 6.96475983e-01
    7.51841307e-01 9.93164778e-01 1.87139034e-01 8.71694922e-01
    9.82033551e-01 6.44626856e-01 8.16048145e-01 3.42415631e-01
    2.01780349e-01 6.84949696e-01 9.93152976e-01 4.55876291e-01
    1.92294568e-01 5.82170963e-01 4.72437143e-02 8.85502934e-01
    7.36951888e-01 4.28765118e-02 2.32373178e-01 5.58065891e-01
    9.17039275e-01 9.20602560e-01 9.45507646e-01 7.95474648e-02
    4.12775427e-01 6.06018722e-01 5.45086265e-01 5.34700692e-01
    7.82302082e-01 5.17911851e-01 7.88404346e-01 9.27995443e-01
    1.58282399e-01 4.01851356e-01 2.42250055e-01 1.12737477e-01
    1.50318742e-01 6.98478699e-01 6.46905541e-01 9.27835822e-01
    1.74560189e-01 1.16892070e-01 2.53021777e-01 6.31191134e-02
    6.35817647e-01 3.05743396e-01 1.81584269e-01 9.71110821e-01
    6.53500915e-01 9.96566713e-01 5.17007113e-02 3.16094965e-01
    8.69472980e-01 3.72344732e-01 5.74796796e-01 8.46937418e-01
    9.00916040e-01 7.35851765e-01 3.81030679e-01 1.69451356e-01
    8.17654729e-02 6.86299503e-01 9.57807302e-01 6.40999377e-01
    4.65469867e-01 3.11431825e-01 3.85383725e-01 7.53592372e-01
    7.33998239e-01 4.64532077e-01 8.00395489e-01 1.28830731e-01
    6.07799232e-01 4.85030562e-01 9.42816854e-01 1.13687575e-01
    4.99413639e-01 9.16519582e-01 6.29293740e-01 9.95320559e-01
    9.88473356e-01 9.54504907e-01 8.00478160e-02 1.21749818e-01
    5.99381149e-01 5.81501007e-01 2.40383923e-01 2.98277706e-01
    1.98184252e-01 7.42982149e-01 9.56234038e-02 5.19636273e-02
    7.19456673e-01 7.08099782e-01 1.42442137e-01 1.09857380e-01
    9.61261511e-01 6.51745260e-01 4.22682941e-01 4.23093677e-01
    1.43961877e-01 6.23628020e-01 4.25973207e-01 3.79670799e-01
    3.96256745e-01 4.55436558e-01 8.16319942e-01 2.10656554e-01
    6.18128359e-01 1.66791826e-01 4.51973706e-01 5.19035280e-01
    1.46788210e-01 5.88384211e-01 7.35788345e-02 5.86736560e-01
    2.76810050e-01 9.07668471e-01 8.75997305e-01 1.14035904e-01
    3.48527044e-01 1.79902613e-02 2.15232849e-01 6.08144760e-01
    8.15441906e-02 3.64799291e-01 1.27322406e-01 4.79156256e-01
    8.33354712e-01 8.60359669e-01 7.31923103e-01 8.97005677e-01
    8.00671935e-01 3.59325171e-01 7.21343577e-01 6.15592837e-01
    3.42787564e-01 7.61559844e-01 5.15449762e-01 8.28153849e-01
    9.43870425e-01 1.08462930e-01 8.10260832e-01 6.82203293e-01
    3.86353105e-01 2.47814715e-01 1.00334167e-01 3.85003716e-01
    4.87847954e-01 9.13320780e-01 4.03027058e-01 5.88037252e-01
    5.27021825e-01 9.09783483e-01 8.01476240e-01 7.06082582e-02
    3.22625518e-01 9.37237382e-01 9.39884067e-01 3.97445202e-01
    4.51686412e-01 4.97410864e-01 6.21228755e-01 3.83596808e-01
    6.16195500e-01 8.18955421e-01 6.50763571e-01 5.30382335e-01
    6.66057408e-01 4.74682868e-01 1.42812371e-01 6.39493942e-01
    6.44647598e-01 9.47895110e-01 4.46504295e-01 6.13484204e-01
    7.96309948e-01 5.25312841e-01 6.00462496e-01 2.93348700e-01
    9.15247321e-01 4.82495219e-01 1.47064418e-01 3.19093049e-01
    6.40489519e-01 5.31057000e-01 1.43956900e-01 6.91249371e-01
    3.94197106e-02 4.28222597e-01 3.25046837e-01 5.57530224e-01
    9.92387354e-01 2.73155510e-01 8.67461801e-01 6.43269479e-01
    2.36642510e-01 7.07253516e-01 9.00944173e-02 5.99272072e-01
    1.61171049e-01 1.59573287e-01 7.09229171e-01 9.59455967e-02
    8.71168613e-01 2.95481175e-01 4.41258848e-02 4.89241540e-01
    8.60755384e-01 6.70224488e-01 1.63280070e-02 4.73468602e-02
    2.91687548e-02 7.48947442e-01 3.30927372e-01 5.98776698e-01
    9.49273705e-02 5.96648932e-01 1.66152149e-01 1.95213497e-01
    2.50546664e-01 8.26037824e-01 4.28795815e-01 9.11127210e-01
    4.13093150e-01 8.46728921e-01 2.62551039e-01 6.73381984e-01
    9.53384638e-02 6.46645725e-02 8.72335970e-01 8.50672126e-01
    7.71493077e-01 7.20029056e-01 2.44506985e-01 7.48398602e-02
    1.92932069e-01 7.13851333e-01 5.48956394e-01 7.81802654e-01
    4.85662997e-01 7.79621959e-01 6.12231135e-01 9.35454905e-01
    1.61621273e-02 7.65682697e-01 3.66000056e-01 1.26565188e-01
    2.37937719e-01 7.23344624e-01 7.29747534e-01 6.37784541e-01
    9.08053935e-01 1.25966609e-01 6.75896525e-01 1.87737375e-01
    6.61962628e-01 9.24836636e-01 6.02160692e-01 7.36951590e-01
    4.55650985e-02 3.14310819e-01 9.10394669e-01 2.99610019e-01
    2.86497444e-01 2.76325673e-01 6.07513487e-01 6.27573729e-02
    9.03644681e-01 2.52706707e-02 2.50152528e-01 4.02349740e-01
    3.47151935e-01 1.40516490e-01 4.16480988e-01 8.66868854e-01
    3.26782167e-02 6.69463277e-01 2.13573277e-02 1.83895051e-01
    6.13193512e-02 5.31175137e-01 4.26216930e-01 8.69191170e-01
    2.82033950e-01 9.01152134e-01 8.30862880e-01 7.13996351e-01
    4.96263981e-01 4.64175463e-01 7.85286605e-01 5.86621463e-01
    8.74061942e-01 1.61643863e-01 1.88374460e-01 7.81147838e-01
    6.76377714e-02 9.02077794e-01 7.48390436e-01 7.30281293e-01
    5.70867538e-01 8.82283151e-01 2.64392376e-01 5.49206138e-02
    8.38031411e-01 5.43965876e-01 8.05022597e-01 4.75886583e-01
    5.48729599e-02 9.60483670e-01 7.17678845e-01 1.23031914e-01
    4.14508164e-01 2.54678905e-01 4.75635737e-01 3.54563892e-01
    1.99299663e-01 6.86876714e-01 8.17041159e-01 2.69474924e-01
    4.54158455e-01 7.55665541e-01 3.02453339e-02 1.59904152e-01
    6.63825274e-02 4.58946526e-02 4.88873988e-01 7.95135021e-01
    7.97079921e-01 8.10177267e-01 2.98652858e-01 4.79207635e-01
    9.68283415e-03 2.14093268e-01 9.73851502e-01 5.65376639e-01
    5.24326086e-01 1.09121203e-03 4.29040641e-01 4.82339352e-01
    6.74455285e-01 6.85495198e-01 7.79224038e-02 3.35704744e-01
    5.53354025e-01 5.00870526e-01 3.96306574e-01 6.92516744e-01
    9.24822807e-01 8.21372509e-01 2.21644640e-01 7.16332197e-01
    5.71730018e-01 1.67526573e-01 5.74836254e-01 4.12063181e-01
    5.11794567e-01 9.38336849e-01 6.84789240e-01 3.98433566e-01
    5.33620119e-01 5.66728711e-01 2.84621716e-01 1.36528432e-01
    4.50018644e-01 7.37418532e-02 7.42991924e-01 3.97128046e-01
    9.04142201e-01 8.03336799e-01 4.78783548e-01 2.16379702e-01
    2.81367779e-01 7.61126995e-01 5.04714370e-01 4.78118658e-03
    7.70346820e-02 2.45589733e-01 1.67248219e-01 6.70167446e-01
    3.29310954e-01 1.17649138e-01 5.10981441e-01 7.94939518e-01
    3.38446856e-01 1.31425977e-01 7.01708794e-01 9.29763079e-01
    9.23286319e-01 3.50514382e-01 2.04585969e-01 7.04829812e-01
    1.22228622e-01 6.65257573e-02 5.17565548e-01 3.61375451e-01
    3.51124853e-01 2.65693456e-01 8.26910734e-02 5.35654366e-01
    4.71617013e-01 5.39761603e-01 9.60516274e-01 4.97558415e-02
    5.42249680e-02 7.09867716e-01 1.62498742e-01 5.51789999e-04
    2.84177274e-01 4.12582934e-01 4.06475872e-01 8.07032228e-01
    8.02243233e-01 4.23550516e-01 8.87950540e-01 8.11423540e-01
    4.05591697e-01 1.00595564e-01 4.75240350e-02 6.29450381e-01
    1.00086212e-01 2.94464052e-01 9.80215490e-01 5.48017681e-01
    8.43266964e-01 4.54651177e-01 4.40694481e-01 3.41500938e-02
    2.51171201e-01 1.95818514e-01 3.76658499e-01 9.88508224e-01
    2.36436963e-01 1.46696746e-01 3.94805968e-01 7.68907011e-01
    5.94050527e-01 9.39470768e-01 3.50841045e-01 3.76005769e-02
    8.31161976e-01 2.97750175e-01 2.51802623e-01 9.07551348e-01
    6.13487840e-01 7.14030743e-01 6.53601289e-02 3.84305537e-01
    3.15526485e-01 3.85760069e-01 7.08688915e-01 3.58315855e-01
    5.40906370e-01 1.12035275e-01 2.84025550e-01 3.64048034e-01
    2.98031151e-01 7.67718017e-01 5.48886418e-01 7.23852158e-01
    4.48800117e-01 8.23338032e-01 5.08188486e-01 2.68322736e-01
    7.36679792e-01 1.27047867e-01 7.34026670e-01 3.28591347e-01
    3.28674912e-01 5.93155146e-01 5.13339639e-02 3.81260216e-01
    8.19739938e-01 9.44597721e-01 6.80264533e-01 1.23461545e-01
    7.20478833e-01 4.96748418e-01 7.28410125e-01 2.32165158e-02
    4.44313049e-01 1.36567563e-01 9.74501967e-01 2.70083606e-01
    4.23314035e-01 7.86555529e-01 4.47732091e-01 5.06331444e-01
    2.84174323e-01 2.83206880e-01 1.59952998e-01 7.40764439e-01
    5.38365901e-01 3.17481458e-02 3.58954906e-01 8.54990840e-01
    1.93328887e-01 4.77148116e-01 2.31455773e-01 7.53366828e-01
    3.46047401e-01 6.26747608e-01 6.82481050e-01 8.63839269e-01
    9.02268171e-01 6.01345301e-03 2.96205938e-01 2.61251867e-01
    9.46008086e-01 1.19480163e-01 5.91458082e-01 6.44865632e-01
    4.33643162e-01 1.80367589e-01 6.77736700e-01 3.05681139e-01
    5.69231749e-01 7.42936432e-01 5.10807037e-01 2.45610207e-01
    9.42350745e-01 8.19990396e-01 3.45384598e-01 1.74051583e-01
    4.65689898e-01 9.22639966e-01 8.07669044e-01 9.83440876e-01
    9.05194879e-01 3.25205386e-01 3.74719888e-01 6.12374127e-01
    7.86051393e-01 2.42017210e-02 9.52718437e-01 2.32426941e-01
    4.14637774e-01 7.76424408e-01 7.34646738e-01 3.04902077e-01
    7.27667212e-01 7.78394222e-01 5.60686111e-01 8.24388027e-01
    4.54717308e-01 5.33773541e-01 9.86773729e-01 7.16878235e-01
    8.04480672e-01 9.90576446e-01 2.62402445e-01 7.94508457e-02
    8.66563320e-01 6.30204737e-01 4.59639788e-01 4.41546857e-01
    6.58880770e-02 9.47282434e-01 9.98757720e-01 8.67175817e-01
    5.82790375e-03 5.87712169e-01 7.64931083e-01 4.15649474e-01
    4.10708010e-01 4.46188509e-01 3.10401022e-01 8.91389489e-01
    3.96697104e-01 4.71132040e-01 5.53222120e-01 8.31149220e-01
    9.63711917e-01 6.98188305e-01 6.17075682e-01 9.04906631e-01
    7.62294412e-01 8.81934762e-01 5.05162179e-01 1.62054807e-01
    5.81027389e-01 2.83335179e-01 5.54483235e-02 2.99513608e-01
    2.90187001e-01 8.44612241e-01 8.32414865e-01 1.37066633e-01
    2.74687529e-01 9.28331256e-01 2.12259859e-01 7.49904513e-01
    6.05579257e-01 3.39152694e-01 6.33570969e-01 6.27039790e-01
    8.11690092e-01 4.42658603e-01 5.21790981e-01 8.68799686e-01
    5.95831096e-01 1.66790843e-01 6.79983974e-01 4.40394700e-01
    5.31141222e-01 4.52345192e-01 5.25212526e-01 4.85186845e-01
    6.29378319e-01 3.80735189e-01 1.70238286e-01 4.19155419e-01
    7.45486498e-01 3.73326391e-01 4.15505797e-01 9.36928868e-01
    7.27471232e-01 1.47025108e-01 8.35212767e-01 1.90465689e-01
    7.13786960e-01 9.17214692e-01 8.00634801e-01 3.08477581e-02
    8.39756489e-01 3.42162699e-01 3.01785111e-01 6.98624015e-01
    9.70167875e-01 3.75425786e-01 8.95296931e-01 2.39602834e-01
    1.95734799e-01 5.11413634e-01 1.94372356e-01 2.64274657e-01
    7.62377679e-01 9.48186278e-01 4.17095989e-01 1.64908111e-01
    5.28390765e-01 3.01287860e-01 2.65732974e-01 1.47590935e-02
    8.64074469e-01 3.61189693e-01 2.36907303e-01 3.87159646e-01
    3.73451531e-01 3.71233821e-02 4.05929625e-01 3.27795833e-01
    8.97926390e-01 2.56214768e-01 7.74273098e-01 8.67829323e-01
    5.88220239e-01 8.22834611e-01 7.95801401e-01 9.54111874e-01
    9.45474505e-02 9.17145252e-01 5.61336577e-01 1.93064213e-01
    2.77239531e-01 7.95583069e-01 9.30569053e-01 7.36329615e-01
    2.13865787e-01 6.93472207e-01 1.60345882e-01 2.56355226e-01
    4.49282944e-01 4.58087981e-01 7.18728065e-01 7.08590746e-01
    6.64509654e-01 9.36588645e-01 3.94186258e-01 9.41779733e-01
    5.16150594e-01 2.84881949e-01 8.27268481e-01 2.48355836e-01
    4.71483946e-01 1.80248380e-01 7.92044699e-02 2.82822281e-01
    6.85825825e-01 4.68395710e-01 1.48869932e-01 7.20765769e-01
    7.66243100e-01 9.30594206e-02 6.10763967e-01 8.96064699e-01
    5.95506191e-01 4.95220482e-01 7.62246251e-02 1.30409211e-01
    9.21710134e-01 4.83679384e-01 5.94407260e-01 3.97574157e-01
    2.93872714e-01 6.30414903e-01 5.66394091e-01 9.63483036e-01
    9.12261426e-01 9.08649802e-01 3.80972028e-03 5.15135467e-01
    1.69536054e-01 8.46486568e-01 4.40931261e-01 6.60786331e-01
    9.31289554e-01 8.67093265e-01 4.90713745e-01 9.24088717e-01
    2.72995770e-01 3.41053307e-01 6.58328831e-01 1.72529638e-01
    6.05648041e-01 8.79454613e-01 3.28252763e-01 1.22576654e-02
    6.24516904e-01 9.52916741e-01 4.45539147e-01 6.68615460e-01
    8.85692418e-01 5.35591960e-01 2.17209905e-01 8.59296918e-01
    5.47198474e-01 2.49011040e-01 6.02473795e-01 8.44666600e-01
    7.01016188e-02 3.89852673e-01 9.21234012e-01 6.89106703e-01
    8.26598167e-01 8.62910509e-01 4.98044819e-01 9.21780765e-02
    3.83453310e-01 1.76574469e-01 1.80836499e-01 7.91631281e-01
    1.74254656e-01 5.18825471e-01 6.11494124e-01 1.41953528e-02
    9.55915213e-01 7.15042412e-01 8.72038186e-01 4.17328745e-01
    1.87416375e-02 1.34457946e-02 4.12881374e-01 8.09824467e-01
    4.70754027e-01 4.01548862e-01 9.50055897e-01 8.72528851e-01
    7.46942282e-01 4.66742307e-01 7.30046034e-02 2.83460975e-01
    3.45070541e-01 4.14208084e-01 4.77496624e-01 9.81239378e-01
    6.87936485e-01 2.02911615e-01 1.67253017e-01 7.42010474e-01
    9.39909875e-01 3.29564452e-01 9.88234401e-01 6.28314137e-01
    6.43622816e-01 8.97156835e-01 1.90337032e-01 5.00900328e-01
    6.35454059e-01 3.69588733e-01 1.40661001e-02 3.22285891e-02
    3.08304280e-01 1.23338044e-01 2.30776459e-01 9.13384914e-01
    3.29293907e-02 1.51513070e-01 1.28063738e-01 7.96526551e-01
    8.20088744e-01 2.33800411e-02 2.93017566e-01 3.60956252e-01
    1.19990408e-01 4.93018627e-01 2.92959988e-01 6.31311178e-01
    9.25187707e-01 9.91963983e-01 8.62657487e-01 2.88955867e-02
    3.11098516e-01 2.93825954e-01 5.61961830e-02 2.22512364e-01
    1.83465868e-01 1.14269853e-02 1.13843977e-02 4.44946676e-01
    2.87683070e-01 4.69748795e-01 7.65587687e-01 4.32373136e-01
    1.52457207e-01 4.25993472e-01 2.90153623e-01 8.23288381e-01
    9.74059403e-02 8.51206422e-01 4.92384672e-01 3.85432065e-01
    8.87439132e-01 4.74595845e-01 6.75545931e-02 1.21810734e-02
    1.89707577e-02 8.69634628e-01 2.21486032e-01 8.57370675e-01
    5.50907433e-01 3.83996069e-01 4.61644590e-01 5.16962171e-01
    7.51592696e-01 4.82064575e-01 2.23514140e-01 7.90276110e-01
    8.81108761e-01 1.59438491e-01 9.93156612e-01 9.90952015e-01
    3.15548182e-02 3.27066392e-01 7.27676451e-02 1.88816011e-01
    7.99802721e-01 8.52031231e-01 3.21056634e-01 4.81343210e-01
    1.54989362e-02 1.96584910e-01 9.12675738e-01 8.12853396e-01
    3.18621159e-01 5.74308157e-01 4.44135606e-01 9.43327010e-01
    5.35580337e-01 8.97946715e-01 5.27606905e-01 8.80349159e-01
    3.07239294e-01 2.90004790e-01 5.31381786e-01 2.15526015e-01
    1.93277746e-01 7.75407553e-02 5.97212136e-01 7.36998856e-01
    3.02659690e-01 1.29274189e-01 8.21559787e-01 8.79233003e-01
    6.70484662e-01 8.00308466e-01 1.83346778e-01 6.16076708e-01
    6.04317367e-01 7.42683291e-01 1.45564348e-01 4.29661334e-01
    1.18653834e-01 6.91844463e-01 3.45127404e-01 1.49832606e-01
    9.73202467e-01 2.74691105e-01 2.00432599e-01 1.74132288e-01
    3.08370829e-01 3.78778458e-01 9.06413913e-01 8.70074689e-01
    4.24736530e-01 7.98848271e-03 8.32016289e-01 9.50755954e-01
    7.44066656e-01 5.49909472e-02 2.65060306e-01 3.08943927e-01
    7.66079187e-01 8.22118521e-02 2.15725660e-01 4.72601950e-01
    8.67965102e-01 2.79899716e-01 9.39890504e-01 3.75543892e-01
    1.33786827e-01 3.12710404e-02 7.10515857e-01 5.42230308e-02
    1.29660964e-03 3.81902456e-02 6.84071600e-01 6.32294953e-01
    5.99127114e-01 2.06843108e-01 5.87222397e-01 5.14990211e-01
    1.72568351e-01 8.02218795e-01 1.96076334e-01 6.22804165e-01
    4.17117059e-01 1.03854209e-01 9.90268826e-01 2.70471275e-01
    8.01405609e-01 1.28951877e-01 9.87003684e-01 7.03402877e-01
    2.79295981e-01 2.25675106e-03 3.48138571e-01 2.03459054e-01
    2.98667610e-01 8.99210870e-01 7.50928104e-01 9.34230328e-01
    2.27760285e-01 3.86545062e-01 7.94300079e-01 6.14884257e-01
    7.05335975e-01 9.34537470e-01 5.77799797e-01 4.03868258e-01
    5.00252485e-01 1.68564200e-01 3.90150785e-01 4.72183108e-01
    2.67757058e-01 1.10996932e-01 5.87219954e-01 6.00014508e-01
    8.69262815e-01 5.32657921e-01 8.19206953e-01 3.11299026e-01
    2.13954568e-01 7.25516319e-01 9.18216348e-01 1.79530144e-01
    7.23155856e-01 2.63915032e-01 5.63899994e-01 1.24030799e-01
    7.53211617e-01 1.44765139e-01 2.77268052e-01 4.66940105e-02
    2.63676763e-01 5.61312914e-01 8.25231671e-02 8.33939493e-01
    9.43379521e-01 2.33248323e-01 4.36305135e-01 3.35815012e-01
    3.02514255e-01 1.89109892e-01 2.04274625e-01 1.23874605e-01
    3.43683362e-01 4.75863934e-01 2.45739847e-01 4.80217814e-01
    8.84817481e-01 6.71424150e-01 4.92631406e-01 3.53548288e-01
    4.87409562e-01 4.45463836e-01 5.50027192e-01 1.08821124e-01
    1.53764784e-02 8.88010681e-01 2.81307280e-01 2.41453320e-01
    9.58101034e-01 1.18856728e-02 2.67144084e-01 2.35936642e-01
    9.89858150e-01 6.70210838e-01 8.37667167e-01 5.46825290e-01
    1.27428442e-01 2.95650959e-01 7.14499235e-01 3.56809169e-01
    1.93861961e-01 7.82846212e-01 5.46187162e-01 8.49038363e-04
    3.41081619e-01 9.75831747e-01 2.04760104e-01 8.70148420e-01
    6.99898839e-01 5.41269541e-01 9.46247756e-01 6.47193551e-01
    9.61363077e-01 9.67201471e-01 5.83322167e-01 7.62445152e-01
    1.54721022e-01 4.19959188e-01 5.01043260e-01 2.50770152e-01
    6.68172956e-01 3.55085909e-01 2.77032644e-01 2.13032842e-01
    2.43230492e-01 4.20999646e-01 2.65689969e-01 8.88506472e-02
    7.31362104e-01 5.67116022e-01 3.54215711e-01 6.92288101e-01
    7.33598769e-02 6.24790430e-01 6.94649637e-01 7.45992482e-01
    7.58465827e-02 2.12302208e-01 2.75928676e-02 4.20641482e-01
    9.55410600e-01 6.72334433e-02 3.51927102e-01 3.45620155e-01
    9.50157404e-01 3.66449654e-02 1.68165565e-02 9.27059054e-01
    2.34549761e-01 8.11010361e-01 3.79027069e-01 8.49982381e-01
    3.15957248e-01 8.54466259e-01 1.96980417e-01 6.49092019e-01
    8.23029757e-01 9.03826237e-01 3.60255301e-01 9.97695565e-01
    3.98716271e-01 2.86635160e-01 7.06635177e-01 6.05117500e-01
    1.04859948e-01 6.79395139e-01 5.31137347e-01 1.66493922e-01
    7.49151289e-01 4.84389961e-01 8.84948969e-01 3.87644172e-02
    2.34411001e-01 4.07298803e-02 8.90804231e-01 5.39971709e-01
    3.27932477e-01 4.50982511e-01 7.96068430e-01 3.18010807e-01
    2.62871265e-01 3.57790023e-01 8.28426242e-01 1.90259486e-01
    2.89806128e-02 4.85757887e-02 1.60630554e-01 4.65519458e-01
    6.71245039e-01 8.23131442e-01 6.46883368e-01 4.00586516e-01
    1.71940237e-01 9.73232865e-01 6.93789661e-01 3.08991909e-01
    2.00327426e-01 7.31055021e-01 4.67175841e-02 8.73748243e-01
    4.95156318e-01 6.76827848e-01 3.73343289e-01 3.02671909e-01
    7.47628748e-01 1.88864708e-01 9.29181278e-01 3.13638985e-01
    2.81552732e-01 2.31545299e-01 7.46809542e-02 4.28248793e-01
    4.25888717e-01 4.22816038e-01 7.13625431e-01 9.84995723e-01
    1.38638884e-01 8.07010829e-01 1.06576145e-01 9.22035098e-01
    5.58932304e-01 3.77928197e-01 1.55393720e-01 8.20898175e-01
    4.88101512e-01 9.49701309e-01 8.64336193e-01 7.15876520e-01
    4.66304481e-01 7.46461034e-01 3.65232468e-01 8.91135037e-02
    4.61627364e-01 3.99293453e-01 1.78280979e-01 1.59332335e-01
    6.90561175e-01 3.91090453e-01 6.22078121e-01 4.66895849e-01
    5.48596382e-02 4.02079195e-01 2.78831691e-01 9.00993466e-01
    7.50121474e-03 3.10684144e-02 1.89418435e-01 5.16074538e-01
    7.89725065e-01 8.71861517e-01 4.96446043e-01 9.27296996e-01
    7.42332041e-01 3.82595390e-01 3.59869182e-01 5.99462211e-01
    2.22720563e-01 7.16893911e-01 5.46396971e-01 2.35165358e-01
    8.12643766e-03 5.77798247e-01 3.41663182e-01 9.65393662e-01
    9.70347345e-01 4.76165742e-01 2.31285095e-02 6.41257524e-01
    2.12756336e-01 8.95754218e-01 5.57081580e-01 4.87449795e-01
    7.83458352e-02 8.87298584e-03 8.00395668e-01 3.97498906e-01
    9.52919066e-01 9.41219568e-01 4.56828594e-01 9.75732088e-01
    5.00523984e-01 4.14320797e-01 2.42909849e-01 2.90830195e-01
    8.92566442e-02 4.07148570e-01 1.45509869e-01 8.54581892e-01
    2.33915091e-01 5.15593469e-01 5.05376339e-01 6.94380939e-01
    6.69937313e-01 9.26551104e-01 1.73382491e-01 3.28397691e-01
    4.98170286e-01 1.16084129e-01 4.32929665e-01 9.53946114e-01
    9.99836087e-01 2.38521934e-01 8.02021384e-01 9.83744264e-01
    4.84212518e-01 6.00112915e-01 4.42707092e-01 4.42436457e-01
    1.90194637e-01 5.61300933e-01 5.43492556e-01 9.69853997e-01
    4.32095647e-01 3.20786357e-01 7.64982939e-01 4.75600868e-01
    3.04005027e-01 6.87946677e-01 1.62519306e-01 2.52261788e-01
    1.11759752e-01 2.38854110e-01 7.82081485e-01 8.17433059e-01
    3.98738921e-01 7.49480247e-01 3.94159794e-01 3.40543538e-01
    9.83604431e-01 5.46463907e-01 7.96438456e-01 9.95136857e-01
    5.10707498e-03 9.04959738e-02 8.82299542e-01 3.42171907e-01
    8.69884372e-01 2.15694487e-01 5.57327509e-01 2.05147862e-01
    2.88039982e-01 2.60478318e-01 4.60272968e-01 2.67437696e-01
    8.87616277e-01 9.43980992e-01 2.94311464e-01 4.74931687e-01
    4.10590798e-01 1.05320483e-01 1.27341241e-01 2.89007723e-01
    7.24553347e-01 9.57708538e-01 3.46079767e-02 1.54703140e-01
    7.07221687e-01 7.28351057e-01 4.24832016e-01 7.76642621e-01
    5.00862002e-01 6.91851318e-01 4.04315412e-01 1.41970724e-01
    2.97618985e-01 9.67677236e-01 2.00718999e-01 4.65528399e-01
    9.44623947e-02 8.21236372e-02 2.91462004e-01 7.56624699e-01
    9.39250588e-01 6.76721573e-01 7.20014274e-01 5.14052808e-02
    8.23517501e-01 1.73517138e-01 4.76586521e-01 4.31670219e-01
    5.02112627e-01 3.33516240e-01 5.61639786e-01 1.35009855e-01
    6.04716897e-01 3.38337481e-01 6.55087829e-01 3.49704325e-01
    5.34770310e-01 1.89113647e-01 3.92003715e-01 2.12320328e-01
    6.66651189e-01 1.97262734e-01 2.15600461e-01 3.37855548e-01
    1.74949139e-01 6.54378295e-01 2.11879283e-01 5.57489276e-01
    8.07650089e-01 7.19977021e-02 2.19031483e-01 6.47477090e-01
    8.42451334e-01 3.21402609e-01 9.05055523e-01 7.20235467e-01
    2.86268026e-01 9.55526590e-01 7.16963410e-01 3.86357725e-01
    8.04685593e-01 6.10768199e-02 2.22354233e-02 2.80678809e-01
    4.13538396e-01 6.62772775e-01 7.43567944e-02 5.79919696e-01
    3.75158817e-01 4.64608163e-01 1.56100720e-01 9.31157112e-01
    2.00791776e-01 3.01536024e-01 7.32203543e-01 7.90044606e-01
    9.14791226e-03 4.17034686e-01 6.53832138e-01 9.06151533e-03
    1.07667893e-01 6.17260039e-01 7.19519496e-01 3.49703819e-01
    4.63661373e-01 6.27708077e-01 3.67366374e-02 1.88126951e-01
    8.74745250e-01 3.22555929e-01 2.43212968e-01 6.08211398e-01
    6.59819663e-01 4.97396141e-01 6.06070459e-01 1.83525860e-01
    9.92112398e-01 3.78996521e-01 7.33710885e-01 5.46480834e-01
    8.45643461e-01 2.54521430e-01 3.29721600e-01 2.86844313e-01
    9.10183072e-01 5.15604258e-01 8.27585578e-01 9.44494247e-01
    6.98912144e-01 5.77721715e-01 8.43823314e-01 1.69293165e-01
    7.50356734e-01 1.39452845e-01 3.57419997e-01 1.21537775e-01
    2.56616771e-01 4.78950322e-01 4.52624947e-01 9.16998088e-02
    7.08574355e-01 7.52456546e-01 2.94158041e-01 5.01117945e-01
    4.11423147e-01 1.44710153e-01 1.66187316e-01 2.07284212e-01
    2.03883976e-01 2.16751307e-01 6.79007351e-01 8.71275067e-02
    9.35828209e-01 8.59847724e-01 5.13629079e-01 7.95484126e-01
    7.41212070e-01 7.91081905e-01 8.44847441e-01 8.53198171e-01
    8.20011735e-01 7.54102707e-01 9.19583738e-02 1.40212893e-01
    7.51525700e-01 4.14398193e-01 2.15342134e-01 3.69262278e-01
    4.43325996e-01 6.49369717e-01 7.14686036e-01 8.14243674e-01
    8.13955188e-01 5.33412337e-01 3.33562613e-01 7.72413313e-02
    3.42607498e-01 7.08097339e-01 6.26537025e-01 3.03783715e-01
    9.94551480e-01 9.47741270e-01 2.22259164e-02 5.26369333e-01
    7.95920014e-01 7.88172841e-01 1.70792401e-01 1.26728922e-01
    1.91204250e-01 1.92077756e-01 5.67936897e-02 9.04714465e-01
    7.89822280e-01 9.73304510e-01 5.18450081e-01 1.50630713e-01
    3.58458161e-01 8.84727120e-01 3.96870375e-01 5.23517609e-01
    7.96608925e-02 4.44010496e-02 2.58102655e-01 7.02749550e-01
    1.46467924e-01 2.31634408e-01 4.15939242e-01 9.88497496e-01
    5.23937523e-01 6.38017893e-01 8.71942878e-01 6.32939816e-01
    8.27410638e-01 5.76624095e-01 7.46937633e-01 3.25527668e-01
    1.45109624e-01 2.90449500e-01 3.90753061e-01 7.87970960e-01
    2.57666707e-01 5.02312958e-01 7.25795507e-01 8.90659094e-01
    1.01163149e-01 6.36473596e-02 4.93894100e-01 3.01660717e-01
    7.59749770e-01 5.13455093e-01 1.20550126e-01 6.25255823e-01
    9.19523299e-01 1.61645800e-01 7.95095861e-01 5.00470459e-01
    6.14678681e-01 2.14889437e-01 7.90444493e-01 2.91534245e-01
    2.70172924e-01 1.30181015e-01 5.78799069e-01 8.91959965e-02
    4.76466596e-01 7.12465286e-01 8.90879869e-01 8.87259662e-01
    7.00732827e-01 7.08095789e-01 2.02309608e-01 6.48520947e-01
    7.64607787e-01 6.49257302e-02 5.25631845e-01 4.02777135e-01
    2.18448490e-01 6.88488007e-01 2.21532673e-01 8.86169791e-01
    4.14487898e-01 4.12670702e-01 1.31152987e-01 7.74558425e-01
    2.95242965e-02 5.09276330e-01 7.20485568e-01 9.12809908e-01
    4.23934162e-02 5.95605612e-01 6.44204974e-01 5.90543866e-01
    5.69542646e-02 7.33904719e-01 9.63019729e-01 5.28806627e-01
    1.28551155e-01 3.46349478e-01 8.53874505e-01 1.55094385e-01
    3.56717348e-01 7.61705160e-01 3.43950450e-01 1.00096434e-01
    9.05820668e-01 1.90942824e-01 6.79649711e-01 2.25604475e-01
    1.84545428e-01 9.68683362e-01 3.29787731e-01 5.46343207e-01
    4.00974661e-01 1.75156415e-01 6.09106183e-01 4.88829970e-01
    6.67388022e-01 5.09404600e-01 1.20347589e-01 6.23714268e-01
    8.42213154e-01 6.01044238e-01 4.98335123e-01 1.02091134e-02
    6.43054843e-01 5.09325027e-01 3.32809806e-01 5.28612196e-01
    3.15886497e-01 1.80823475e-01 3.71465385e-01 3.83944213e-01
    8.10750365e-01 7.41576672e-01 5.86492836e-01 7.08799064e-01
    4.93012160e-01 9.69851971e-01 7.47252941e-01 1.40770882e-01
    7.35878825e-01 7.51728058e-01 3.69291335e-01 7.92688727e-01
    8.69770169e-01 7.20635295e-01 4.25087392e-01 9.04515266e-01
    8.65149140e-01 8.77991378e-01 5.48872411e-01 5.81050038e-01
    3.84932458e-01 3.06330681e-01 5.92699468e-01 8.79056215e-01
    4.41894531e-01 8.61495435e-02 6.73839390e-01 2.86383748e-01
    3.93982798e-01 9.91917372e-01 1.73361629e-01 8.81460249e-01
    6.57408595e-01 1.02524400e-01 5.17210722e-01 6.46182775e-01
    8.10380578e-01 4.60319698e-01 3.18660676e-01 9.08014536e-01
    6.67770684e-01 3.58748913e-01 9.29350853e-01 5.49110353e-01
    9.51419234e-01 6.95992410e-01 9.25043225e-01 5.28473437e-01
    4.05294597e-02 1.50688827e-01 8.56278300e-01 8.05064738e-01
    5.90518713e-01 3.90536278e-01 8.43187034e-01 2.63011336e-01
    5.24749935e-01 9.41604257e-01 5.51300943e-02 2.48814881e-01
    3.17928612e-01 1.34863406e-01 3.65197659e-03 8.10013533e-01
    3.61749172e-01 7.84075975e-01 7.48894036e-01 9.65326190e-01
    8.31026733e-02 6.84797168e-01 4.70275968e-01 1.82312071e-01
    5.68583310e-02 7.88227320e-01 7.93329954e-01 1.68337792e-01
    3.28585863e-01 9.46472883e-02 1.39728695e-01 3.04239929e-01
    1.75420791e-01 4.03734773e-01 9.91745412e-01 7.50306845e-01
    4.52719033e-01 7.75318921e-01 9.30799007e-01 9.75302935e-01
    3.25516015e-01 3.52796972e-01 4.77403790e-01 3.33551466e-02
    7.06122160e-01 1.62330359e-01 3.91091257e-01 6.95440769e-01
    1.94069326e-01 5.27564764e-01 8.11783075e-02 5.44603646e-01
    3.23763788e-01 5.75807035e-01 2.97687352e-02 2.88264573e-01
    8.84225965e-01 1.56740725e-01 5.41482151e-01 3.84857744e-01
    8.02951932e-01 4.92118061e-01 3.15764874e-01 4.85545427e-01
    8.05102348e-01 4.11852062e-01 6.88014627e-01 2.00312018e-01
    7.28654742e-01 4.19342160e-01 8.81269693e-01 1.54788464e-01
    6.69921815e-01 9.05544519e-01 1.09918714e-02 3.77708048e-01
    6.99424148e-01 6.48591578e-01 8.13974082e-01 3.48743439e-01
    1.10418886e-01 2.80627906e-02 9.52868581e-01 9.80024457e-01
    2.79456556e-01 2.28099734e-01 6.81520879e-01 7.18683064e-01
    7.43916988e-01 3.04519743e-01 9.59793806e-01 7.23641872e-01
    3.57509047e-01 2.16179073e-01 1.81027263e-01 4.10194129e-01
    2.81143785e-01 6.91203892e-01 9.16084468e-01 8.70435238e-02
    4.80662584e-02 3.53234529e-01 8.77748251e-01 7.11351931e-02
    2.58110642e-01 8.47173929e-01 1.25283331e-01 1.67047769e-01
    3.72810543e-01 5.02494454e-01 2.19201386e-01 9.23458815e-01
    3.82992208e-01 8.73389125e-01 4.89190310e-01 6.06175482e-01
    7.00452566e-01 4.55587804e-02 2.13819593e-01 8.25607479e-01
    6.54374599e-01 8.86337936e-01 2.65262604e-01 1.54595494e-01
    3.32363486e-01 1.20641738e-01 6.53751969e-01 8.86444747e-02
    1.56234205e-01 5.34145772e-01 2.95174628e-01 1.24229193e-02
    4.41938311e-01 6.87648892e-01 3.52045208e-01 9.26312804e-02
    5.83170056e-02 2.73026705e-01 4.34439600e-01 4.38478023e-01
    1.81934685e-01 9.22839403e-01 5.07255137e-01 2.42448211e-01
    4.08610016e-01 1.37195349e-01 5.96923888e-01 3.16664994e-01
    1.25349015e-01 5.44895232e-01 4.44355011e-02 5.22090912e-01
    4.60440636e-01 5.50708711e-01 3.00428748e-01 9.47334886e-01
    5.44528663e-01 3.11246336e-01 5.50664544e-01 5.59341371e-01
    2.06216216e-01 2.72561491e-01 8.97964478e-01 6.32870317e-01
    8.47100556e-01 4.70994413e-01 6.94078326e-01 6.65311038e-01
    4.86093193e-01 8.15399110e-01 6.27201200e-01 3.50846350e-01
    6.82116747e-01 7.19264567e-01 9.22967076e-01 8.86682391e-01
    8.27161551e-01 4.73869681e-01 7.37382770e-02 7.57740915e-01
    7.46784866e-01 1.89788163e-01 4.35497224e-01 4.97554064e-01
    5.98927915e-01 7.60746717e-01 9.39556360e-01 1.92348331e-01
    6.64764106e-01 6.67029619e-03 7.02236235e-01 4.39836174e-01
    1.56401157e-01 8.09221148e-01 3.27298939e-01 5.23880959e-01
    1.42864019e-01 2.38908857e-01 9.05630231e-01 8.32004964e-01
    6.55139804e-01 7.39952624e-01 8.21950376e-01 4.47381645e-01
    2.02833414e-01 5.00226378e-01 1.59916401e-01 1.12754703e-02
    6.68240309e-01 1.55378789e-01 8.35780263e-01 2.21490145e-01
    6.06981516e-02 6.66616559e-01 4.63624060e-01 6.01204276e-01
    8.27410221e-01 4.50556964e-01 2.30883896e-01 1.44302130e-01
    9.21806693e-01 2.84086049e-01 6.80985332e-01 4.68315572e-01
    8.85528326e-02 2.25215733e-01 5.51398218e-01 3.34649682e-02
    7.95387328e-02 3.43069315e-01 4.26148146e-01 4.35175389e-01
    7.23176003e-01 5.99980474e-01 4.67252165e-01 9.44709420e-01
    8.97919238e-01 5.04576266e-01 3.90410721e-02 6.07196569e-01
    3.14382017e-01 1.57917053e-01 2.33978748e-01 8.57502460e-01
    2.02637911e-01 5.11376262e-01 3.16814005e-01 8.43495727e-01
    8.99031341e-01 1.61324143e-01 6.65205121e-01 3.38173121e-01
    5.17755330e-01 7.25795865e-01 3.33369374e-01 5.26495218e-01
    8.89251351e-01 6.12417340e-01 9.52019334e-01 7.96263397e-01
    7.17047811e-01 6.60856307e-01 2.48664856e-01 8.04743052e-01
    3.12573969e-01 4.10257131e-01 3.09520721e-01 7.97104180e-01
    6.58244610e-01 4.44121420e-01 9.74276304e-01 1.06307030e-01
    3.00562739e-01 2.84436703e-01 8.28083038e-01 7.13895917e-01
    6.85564876e-02 3.26291263e-01 9.18554604e-01 5.83845079e-01
    5.64638138e-01 3.50214362e-01 5.67484260e-01 2.31177956e-01
    9.07637477e-01 7.77675867e-01 5.35581589e-01 4.84777838e-01
    5.12922168e-01 1.98931545e-01 5.12372911e-01 4.85576302e-01
    3.17030281e-01 7.98187017e-01 1.51216328e-01 6.53347909e-01
    6.31839037e-01 2.74886310e-01 7.14437366e-01 7.14391291e-01
    7.12377727e-01 9.07383084e-01 3.74123931e-01 7.40407407e-02
    2.83830523e-01 1.92701936e-01 3.67312908e-01 9.24912095e-01
    9.65349913e-01 9.15019870e-01 7.58787990e-01 8.70962381e-01
    1.30883455e-02 9.28353310e-01 1.76740289e-01 5.46919107e-01
    5.47840238e-01 9.44673121e-02 8.60562086e-01 5.44090867e-01
    2.36181825e-01 7.20880866e-01 3.86696756e-02 8.70611191e-01
    3.65751028e-01 6.76873267e-01 7.35871196e-02 6.35394335e-01
    3.11452150e-03 9.44902897e-01 2.61066377e-01 1.16583019e-01
    8.99502873e-01 1.96742654e-01 1.76248044e-01 3.84191245e-01
    4.27218556e-01 5.12128174e-01 5.56434393e-01 1.36193693e-01
    2.54958451e-01 5.67228198e-01 1.89616650e-01 4.46980715e-01
    8.00962865e-01 9.38345671e-01 6.68630004e-01 3.51888835e-01
    3.62764090e-01 8.09115171e-03 3.32708180e-01 8.46474826e-01
    9.15171266e-01 4.66607153e-01 3.36968601e-01 6.31831229e-01
    8.93227339e-01 5.72567582e-01 5.89861870e-01 7.11566508e-02
    7.82283664e-01 4.29953635e-02 1.82331473e-01 6.33613229e-01
    1.21076107e-01 3.36119384e-01 1.19713634e-01 9.58203673e-01
    3.95390272e-01 2.82900125e-01 9.70178366e-01 7.61409104e-01
    5.99106848e-01 2.07592249e-01 5.18035948e-01 9.29005980e-01
    4.52912360e-01 5.70789576e-01 8.33527207e-01 2.47448504e-01
    2.78669417e-01 4.35881168e-01 2.87535310e-01 8.91176879e-01
    9.26682830e-01 2.89398313e-01 9.91794944e-01 8.28461409e-01
    6.83354616e-01 2.30691135e-02 4.07319188e-01 3.95632595e-01
    1.13474935e-01 7.59214044e-01 2.47869402e-01 3.95862252e-01
    7.07575381e-01 4.29769695e-01 4.44744915e-01 5.51923692e-01
    2.21908420e-01 8.08197320e-01 7.99800992e-01 8.43478084e-01
    1.97453290e-01 7.23333955e-02 4.39974904e-01 5.73587120e-01
    1.33124769e-01 6.76606655e-01 8.28470588e-01 1.69754744e-01
    5.50384760e-01 6.50283694e-01 3.17837477e-01 9.06566381e-01
    7.94145465e-01 4.63139534e-01 4.27958161e-01 8.73777151e-01
    2.56756216e-01 3.87376279e-01 1.91149920e-01 1.75528765e-01
    4.67072099e-01 7.60103047e-01 2.27156162e-01 8.90101433e-01
    2.39543617e-01 4.97990668e-01 2.66699404e-01 1.15356743e-01
    9.26660776e-01 6.80972338e-01 9.62802589e-01 6.36953473e-01
    8.41245055e-01 7.72427559e-01 4.82521594e-01 3.92070442e-01
    3.58159781e-01 1.21198803e-01 5.23571372e-01 3.94210219e-03
    9.82167602e-01 3.60553861e-01 2.97325015e-01 8.71484518e-01
    4.66643512e-01 4.25818294e-01 6.71850383e-01 2.18406588e-01
    4.59830463e-01 6.99402988e-02 8.73161674e-01 8.09592247e-01
    1.92924649e-01 2.06526667e-01 7.77683258e-01 6.77845836e-01
    4.03018892e-01 3.47632229e-01 8.84401679e-01 7.63413608e-01
    3.79423618e-01 1.50617480e-01 7.70814657e-01 7.71834195e-01
    9.59692121e-01 5.77696562e-01 3.60442102e-02 9.86618817e-01
    8.91946912e-01 2.64411360e-01 4.72899437e-01 2.26370096e-01
    8.33240032e-01 1.35096639e-01 2.59124100e-01 9.97671545e-01
    7.31164932e-01 8.27432632e-01 4.31115687e-01 3.68840396e-02
    7.19581187e-01 1.21280104e-01 9.04108584e-02 5.03907681e-01
    6.30154133e-01 6.20808482e-01 4.66671437e-01 6.31932020e-02
    1.03166372e-01 6.78761721e-01 1.14395440e-01 6.20239735e-01
    2.27760196e-01 8.00836086e-01 4.02443588e-01 1.90756053e-01
    1.68605179e-01 2.58543253e-01 3.33085328e-01 1.44212306e-01
    6.37298942e-01 8.33384991e-01 3.76416266e-01 7.02242792e-01
    7.93336987e-01 6.28775597e-01 4.73508865e-01 2.77242482e-01
    1.11333519e-01 4.27317888e-01 2.34064460e-03 5.09139657e-01
    8.60159993e-02 9.78117943e-01 9.72369552e-01 1.98178321e-01
    3.95905197e-01 2.84844041e-02 2.09863633e-01 6.92072809e-01
    1.89897269e-01 8.35312128e-01 1.72550559e-01 5.95766544e-01
    3.30772936e-01 9.05767202e-01 9.96639431e-02 7.08526194e-01
    6.33465588e-01 6.68978095e-02 6.85986459e-01 4.91156936e-01
    4.22183752e-01 6.66625142e-01 7.89408088e-02 1.89926922e-02
    9.29865599e-01 1.10835910e-01 1.12482309e-01 1.75434530e-01
    9.27335262e-01 6.65975034e-01 3.95670891e-01 4.49153066e-01
    9.69111681e-01 3.58858228e-01 3.58021438e-01 4.28816497e-01
    3.77542615e-01 3.60869110e-01 2.95679301e-01 1.62892461e-01
    6.38702631e-01 7.66088009e-01 6.57850206e-01 6.19642794e-01
    1.72050416e-01 5.20709753e-01 4.78262693e-01 5.47139049e-01
    7.13868558e-01 1.15157962e-01 2.63279885e-01 9.19753611e-01
    9.20949936e-01 4.48799253e-01 3.01060498e-01 3.65629733e-01
    5.49288452e-01 1.56891853e-01 2.33062267e-01 6.23318672e-01
    5.06505728e-01 2.06431091e-01 1.08438373e-01 7.16510177e-01
    4.15368974e-01 5.57406068e-01 7.72403836e-01 5.96596718e-01
    3.78075540e-01 2.40443289e-01 2.61316895e-01 7.87357688e-01
    9.15658355e-01 5.39578378e-01 1.02030843e-01 7.77583599e-01
    9.43736732e-01 7.15106845e-01 6.13380969e-01 2.59515941e-02
    8.80357385e-01 5.01586199e-02 5.01498759e-01 9.07622814e-01
    1.31660223e-01 9.47489262e-01 5.55934310e-01 8.18258405e-01
    3.38108301e-01 7.28215933e-01 1.69729382e-01 5.52830577e-01
    4.77428675e-01 5.43842435e-01 9.39335883e-01 1.55147403e-01
    7.14490891e-01 6.15762949e-01 9.72436547e-01 6.37967467e-01
    5.25556028e-01 9.14100170e-01 2.14982629e-01 8.77384722e-01
    1.57774806e-01 7.79832006e-01 9.64354575e-02 3.17939818e-02
    1.27314627e-01 3.26308399e-01 7.96564102e-01 4.63043153e-01
    9.93175566e-01 8.12430263e-01 8.88619423e-01 9.66878057e-01
    1.95274383e-01 6.54672861e-01 5.97178698e-01 4.50833380e-01
    7.91798115e-01 5.42941153e-01 4.82037097e-01 9.07577991e-01
    6.52673542e-02 3.55222911e-01 6.89932585e-01 6.69515193e-01
    2.00166881e-01 2.78483272e-01 4.19878662e-01 5.31375289e-01
    4.40702707e-01 6.11146808e-01 7.82910466e-01 7.74801493e-01
    2.42514968e-01 4.08907622e-01 9.75282073e-01 7.92293787e-01
    4.08955306e-01 2.88221419e-01 3.17709208e-01 4.08088923e-01
    1.59699202e-01 1.95857435e-01 1.84643328e-01 9.96391058e-01
    2.38316894e-01 7.05821991e-01 5.13991892e-01 8.48502398e-01
    7.77582943e-01 4.33147907e-01 7.15803981e-01 6.20745957e-01
    4.76336002e-01 6.35924757e-01 6.21620536e-01 5.06544292e-01
    4.05197442e-01 5.97273350e-01 8.28222454e-01 2.86406010e-01
    5.44283688e-02 2.56027669e-01 5.41965187e-01 2.81759858e-01
    9.35297608e-02 5.36414981e-02 6.45142198e-01 9.76178169e-01
    6.36234820e-01 7.22065270e-01 4.91370916e-01 3.87277842e-01
    1.31978393e-02 8.56064796e-01 9.05375779e-02 4.43570226e-01
    6.02299571e-02 7.93548226e-01 3.69462132e-01 1.91855490e-01
    1.58295035e-03 3.06414366e-02 8.89463425e-01 2.29176730e-01
    6.38861418e-01 6.60638809e-01 4.49009418e-01 8.02918553e-01
    8.61924052e-01 5.84612906e-01 3.37619781e-02 3.82871509e-01
    6.68237209e-02 9.72168267e-01 5.42179167e-01 9.12331998e-01
    3.29937786e-01 6.83783233e-01 9.73434091e-01 8.33956778e-01
    9.59403813e-02 1.15372866e-01 3.42536390e-01 4.88537550e-02
    8.66954923e-01 5.10752201e-03 5.79634964e-01 2.87771523e-01
    3.79238904e-01 2.68069327e-01 5.55727959e-01 3.48035753e-01
    7.11783528e-01 4.21812087e-01 3.34816009e-01 4.56838667e-01
    8.68870139e-01 4.08552706e-01 4.90107864e-01 8.47498119e-01
    4.03437585e-01 6.61817789e-01 9.12114084e-02 2.18704075e-01
    6.94496632e-01 3.90868902e-01 7.02568889e-03 4.17184770e-01
    2.70489454e-01 8.25088561e-01 3.08779478e-02 2.45102286e-01
    7.23215640e-01 6.82910085e-02 1.99313700e-01 9.31554198e-01
    2.12275475e-01 8.07895660e-01 3.84506047e-01 5.22436678e-01
    8.47132802e-01 1.60315931e-02 4.24491465e-01 6.07567370e-01
    3.44153643e-01 9.74722624e-01 3.13608587e-01 1.67645514e-01
    1.15410030e-01 7.93766499e-01 1.81304395e-01 2.39863515e-01
    1.02191180e-01 9.97877955e-01 2.46961743e-01 4.64938879e-01
    4.74932104e-01 4.59364235e-01 6.72447681e-01 6.52384400e-01
    5.40438950e-01 5.24300814e-01 5.43042719e-02 6.71018720e-01
    2.37361908e-01 1.99369490e-02 1.58841968e-01 1.59848422e-01
    5.59310377e-01 3.18254173e-01 2.19010621e-01 7.08394945e-01
    5.25066078e-01 4.28646415e-01 8.77626538e-01 5.35590291e-01
    1.87604338e-01 8.42681527e-02 5.03736436e-02 1.77080125e-01
    2.08975673e-02 2.30143070e-01 4.58176941e-01 9.36172962e-01
    6.75623417e-01 2.96039522e-01 6.27133608e-01 8.80818248e-01
    1.12730056e-01 6.08952463e-01 6.57302439e-02 6.02414250e-01
    4.00423229e-01 2.83281207e-02 8.55397582e-02 4.53018516e-01
    7.99211860e-01 2.41625011e-02 3.12622100e-01 9.28103447e-01
    5.71089923e-01 3.40481877e-01 1.28970295e-01 7.89196491e-02
    2.33795166e-01 6.43461943e-01 9.85851169e-01 4.56815600e-01
    5.86219847e-01 4.63149756e-01 7.20863581e-01 8.77283335e-01
    3.78769159e-01 8.00772727e-01 1.05209529e-01 7.42554069e-02
    2.56869942e-01 7.39513755e-01 1.09063596e-01 7.59623051e-01
    2.77251005e-01 6.46883011e-01 7.16046453e-01 4.78687227e-01
    8.18407178e-01 3.78047884e-01 9.30893719e-01 4.91266817e-01
    4.52540398e-01 9.06281650e-01 6.29985452e-01 6.52336717e-01
    4.15957481e-01 7.09337533e-01 2.79082537e-01 2.13496655e-01
    4.44959402e-02 9.67332244e-01 7.30207801e-01 6.40341222e-01
    4.32988733e-01 6.88102543e-01 9.54276800e-01 8.74128103e-01
    9.18076634e-02 7.34540462e-01 8.61319900e-03 3.09035957e-01
    5.44917107e-01 8.80935073e-01 6.15289092e-01 4.89991277e-01
    9.45307493e-01 8.13494980e-01 3.86420310e-01 2.75181234e-01
    7.78572798e-01 7.59341896e-01 1.29948944e-01 7.61624396e-01
    7.22263455e-02 8.64583015e-01 6.19762301e-01 6.98680878e-01
    2.23111868e-01 6.71485901e-01 4.94179308e-01 5.30776978e-01
    2.68753827e-01 6.83300972e-01 7.87923217e-01 5.15944660e-01
    8.69834781e-01 3.45922440e-01 4.53512490e-01 4.09641564e-01
    4.88267750e-01 8.80222678e-01 2.41690427e-01 5.41717768e-01
    5.19540012e-01 1.04081959e-01 3.74197066e-02 4.16302353e-01
    3.30081403e-01 5.35063386e-01 3.44214797e-01 9.78727937e-01
    8.18296850e-01 6.67284846e-01 2.24697828e-01 7.03336358e-01
    3.93961608e-01 4.32575792e-01 1.32826775e-01 7.61971891e-01
    9.58266258e-02 9.74678993e-01 6.16658092e-01 9.05537724e-01
    5.55353045e-01 3.46594572e-01 1.16544545e-01 3.35708261e-03
    2.84158170e-01 8.76214862e-01 7.87683845e-01 2.01009095e-01
    8.99831414e-01 7.44074821e-01 4.44299877e-01 5.67137182e-01
    5.19364119e-01 6.90742314e-01 5.73101699e-01 6.99089229e-01
    6.97845101e-01 5.02996504e-01 4.77755636e-01 2.77649701e-01
    6.61732137e-01 1.21537149e-02 2.76250571e-01 1.16290122e-01
    2.73604095e-01 4.31637168e-01 2.51253486e-01 2.79461026e-01
    6.06577933e-01 9.92027402e-01 1.57461911e-01 5.42307198e-01
    7.96067774e-01 4.69600081e-01 4.83518720e-01 9.19166684e-01
    8.75452161e-02 4.14600462e-01 8.78151417e-01 9.62920189e-01
    7.77386665e-01 7.52313316e-01 5.51188707e-01 6.98337018e-01
    6.60328209e-01 9.66663599e-01 2.08352387e-01 1.86919242e-01
    9.76487756e-01 9.80205119e-01 4.26948130e-01 4.33148623e-01
    2.87149191e-01 1.14200175e-01 4.79625612e-01 9.78944361e-01
    7.87252665e-01 8.78029585e-01 7.35211849e-01 3.74748528e-01
    8.61683905e-01 8.09259295e-01 3.28323781e-01 2.07767546e-01
    7.03920782e-01 1.13954455e-01 1.00684762e-01 9.70435977e-01
    9.51365471e-01 9.78194833e-01 5.23412526e-01 2.63131857e-02
    8.88640642e-01 6.81706429e-01 7.28853703e-01 7.23310709e-01
    7.41862714e-01 7.56597996e-01 3.89089346e-01 6.92504346e-01
    6.60256982e-01 3.79240066e-01 7.31452525e-01 5.91251254e-01
    9.32616830e-01 3.15636516e-01 6.63123727e-01 9.13753629e-01
    7.10542083e-01 2.17556745e-01 5.69034219e-01 7.91794896e-01
    2.86226511e-01 3.88366789e-01 4.01866734e-02 2.19693542e-01
    4.02050018e-02 8.33265245e-01 2.68178582e-01 2.18633801e-01
    9.12636220e-02 7.49453425e-01 4.30830747e-01 6.80069685e-01
    3.27753127e-01 4.83596981e-01 1.89763755e-01 9.99360979e-01
    9.91045475e-01 4.03957248e-01 3.02653313e-01 3.12586635e-01
    5.99992990e-01 9.57544148e-02 6.34212673e-01 6.22221172e-01
    1.05988413e-01 6.60035133e-01 1.01505518e-02 6.49110079e-01
    4.52847123e-01 1.75270885e-01 3.38162780e-01 5.06487370e-01
    4.23982918e-01 8.49374533e-01 6.45496786e-01 7.20810711e-01
    9.43310857e-01 3.07251334e-01 6.37804627e-01 4.87651616e-01
    5.46371996e-01 1.14970326e-01 2.77696401e-01 3.09091806e-01
    6.60958886e-01 2.26143330e-01 2.14490294e-01 8.43830109e-01
    7.69816935e-02 1.18776083e-01 9.74315345e-01 7.27801085e-01
    4.54770148e-01 9.71528947e-01 1.07510448e-01 2.29518026e-01
    2.42665350e-01 2.83970773e-01 1.65611506e-03 3.57891113e-01
    4.82193410e-01 6.15910172e-01 1.47739857e-01 5.79821706e-01
    3.23189676e-01 1.01547927e-01 7.72998929e-02 9.05641258e-01
    9.99019623e-01 2.59930193e-01 3.85097235e-01 7.35694766e-02
    1.81179613e-01 8.17085922e-01 6.72527075e-01 2.61326611e-01
    5.93577623e-01 8.02052736e-01 8.37354660e-02 5.28087080e-01
    5.86425841e-01 8.63353193e-01 1.05430245e-01 2.58392781e-01
    3.44500393e-01 2.59709388e-01 4.98469323e-01 2.52640545e-01
    8.42204392e-02 4.21140254e-01 4.84155476e-01 3.46922278e-02
    3.21716756e-01 7.61673927e-01 8.69171083e-01 5.63477755e-01
    1.11562610e-02 5.46820402e-01 7.18843579e-01 8.16944242e-02
    1.40371919e-02 8.17393541e-01 4.32630658e-01 9.90782380e-02
    6.73657179e-01 9.76195216e-01 7.52119601e-01 7.85574436e-01
    3.07297319e-01 8.76137674e-01 8.27369094e-03 6.63831055e-01
    3.63784224e-01 2.20996737e-01 5.34073591e-01 1.46971911e-01
    8.72886777e-01 4.44994688e-01 9.04011250e-01 7.16193318e-02
    3.34452629e-01 7.74313807e-02 1.05785936e-01 9.88058090e-01
    9.37260270e-01 8.47567916e-02 2.80114800e-01 5.43792605e-01
    1.71533287e-01 7.11662650e-01 7.71333396e-01 2.50856996e-01
    3.27320158e-01 8.56580675e-01 7.45233297e-01 6.07547581e-01
    8.74292850e-01 9.19718266e-01 9.89881873e-01 3.65922570e-01
    6.72169805e-01 6.54718399e-01 1.96204603e-01 9.01698589e-01
    1.86310053e-01 1.25415504e-01 5.30979216e-01 1.86221391e-01
    7.85310388e-01 8.11309516e-01 1.84185475e-01 9.79051471e-01
    9.30740356e-01 4.37395126e-01 2.07799226e-01 7.76457846e-01
    3.21998000e-01 2.58583754e-01 4.26579535e-01 5.46272695e-01
    3.04947376e-01 5.44410884e-01 2.08919406e-01 5.16041756e-01
    6.28575385e-01 8.03693175e-01 4.30342615e-01 3.06910723e-01
    6.87651753e-01 3.16788912e-01 5.89709938e-01 1.03359669e-01
    6.27816856e-01 1.42450005e-01 2.32672155e-01 6.70749307e-01
    9.94286716e-01 7.45162368e-01 1.80018663e-01 9.86210585e-01
    8.24425995e-01 7.41797507e-01 9.45871115e-01 3.79285246e-01
    4.80334461e-01 6.35799646e-01 9.61903811e-01 9.89482403e-01
    1.74333900e-01 1.42414331e-01 8.73894811e-01 2.64198840e-01
    3.47341955e-01 2.17096031e-01 3.24631870e-01 8.28515053e-01
    5.11460662e-01 2.59824753e-01 2.02613473e-01 2.32064962e-01
    4.68816757e-01 8.19946170e-01 4.35182989e-01 5.82497895e-01
    8.78456533e-02 1.41626716e-01 4.21859622e-01 1.57372922e-01
    5.27838588e-01 3.32163811e-01 7.34735847e-01 8.64493966e-01
    4.02290940e-01 1.36167854e-01 6.76546097e-01 7.75576353e-01
    9.19761598e-01 9.00293887e-01 6.40280247e-01 6.02875113e-01
    2.59479403e-01 5.75233877e-01 1.20543212e-01 2.35532850e-01
    9.61325288e-01 5.56843460e-01 5.83846211e-01 9.74933624e-01
    3.70450705e-01 8.09270382e-01 2.13992923e-01 5.72486281e-01
    8.64244163e-01 7.82996118e-02 2.06527412e-01 3.98197919e-01
    9.52295899e-01 9.90381598e-01 8.96262169e-01 7.62069821e-01
    3.83232087e-01 8.40348125e-01 2.92310119e-01 4.22024906e-01
    1.52991086e-01 7.87677944e-01 3.16566467e-01 8.07337880e-01
    2.21343458e-01 3.13234031e-01 3.38062942e-01 6.30744815e-01
    4.94406670e-01 4.65605557e-01 6.31339967e-01 9.85960364e-01
    4.49699402e-01 9.67514157e-01 9.35964167e-01 2.60910630e-01
    3.28785777e-01 2.57129133e-01 9.07175541e-01 5.30574799e-01
    6.43119812e-01 3.58255446e-01 2.24858314e-01 7.46258080e-01
    1.60658479e-01 7.21041501e-01 6.84776306e-01 2.75076300e-01
    3.09429109e-01 9.78518426e-02 2.61033177e-01 2.59421378e-01
    5.35423458e-01 6.93901658e-01 7.07541645e-01 8.46917868e-01
    2.25144625e-03 9.83528376e-01 3.61320853e-01 8.73025477e-01
    9.17118073e-01 9.48791027e-01 3.08888257e-01 4.96505618e-01
    7.40068972e-01 6.90186024e-01 8.30743849e-01 6.81579232e-01
    2.56768703e-01 1.97373718e-01 8.28962445e-01 2.13760197e-01
    6.02538884e-02 7.10210621e-01 6.99613214e-01 3.43694925e-01
    8.59554887e-01 7.92678356e-01 3.57446223e-01 4.28621769e-01
    3.92330408e-01 6.29296243e-01 6.13868773e-01 2.16644555e-01
    3.71148586e-01 8.23580086e-01 5.90591192e-01 4.98133272e-01
    7.89350510e-01 6.91540956e-01 2.54262686e-01 7.80701756e-01
    4.51643735e-01 2.50794798e-01 7.93611169e-01 5.80544770e-02
    8.32283020e-01 8.54507446e-01 5.79386890e-01 4.26830441e-01
    8.46970320e-01 5.89457095e-01 3.10841203e-01 7.43740797e-01
    2.90908575e-01 6.59976184e-01 5.20806670e-01 9.48092699e-01
    4.39704418e-01 4.87993777e-01 7.01631904e-01 7.73610473e-01
    4.92316753e-01 9.81294572e-01 8.33760321e-01 6.34868622e-01
    3.82612586e-01 1.13651931e-01 9.79920387e-01 4.45535958e-01
    9.63410974e-01 2.87241668e-01 6.07148588e-01 1.14608794e-01
    5.78222990e-01 4.53282923e-01 9.84380245e-01 6.00488663e-01
    2.55397618e-01 7.01293170e-01 7.40142465e-01 2.14642465e-01
    8.10185432e-01 7.45246291e-01 1.48767114e-01 5.37555218e-01
    8.41763258e-01 1.91687942e-02 6.83818460e-02 5.34780741e-01
    6.68184161e-02 2.63664186e-01 3.20164561e-02 3.54552031e-01
    7.44383633e-02 4.61539716e-01 4.33373928e-01 6.63145125e-01
    6.12609267e-01 5.65841556e-01 8.29209208e-01 8.70948434e-01
    5.09665906e-02 5.29075265e-02 3.53384405e-01 9.99937773e-01
    7.69394755e-01 6.05508327e-01 8.62896085e-01 7.57592499e-01
    7.93314457e-01 4.22886133e-01 3.73828053e-01 4.02983129e-01
    3.38427246e-01 5.94804525e-01 5.13537347e-01 3.55296552e-01
    2.52542973e-01 4.20163274e-02 7.86010742e-01 4.80726570e-01
    5.67035377e-01 3.73528242e-01 2.70816267e-01 8.24074864e-01
    1.31995171e-01 7.69106865e-01 2.85436928e-01 2.22247869e-01
    5.98161638e-01 8.60373497e-01 2.16742665e-01 8.36187720e-01
    6.94561422e-01 4.13962603e-02 7.66848624e-02 9.34799969e-01
    4.18453515e-01 7.80326247e-01 5.74263930e-03 8.79961610e-01
    8.71685028e-01 8.23996305e-01 6.44535542e-01 5.73583007e-01
    6.37156665e-02 2.24109918e-01 5.62965453e-01 4.66546655e-01
    1.08343661e-02 2.60201424e-01 9.26698744e-02 2.92134464e-01
    9.39980447e-02 1.58803374e-01 8.44882011e-01 7.29815960e-01
    4.30101722e-01 6.89878225e-01 4.45211738e-01 4.70877349e-01
    6.16533458e-01 8.54701638e-01 6.76145554e-01 4.76130009e-01
    6.62720084e-01 1.93700731e-01 6.10887766e-01 2.98788011e-01
    1.85791492e-01 4.36787039e-01 1.15381151e-01 9.08454776e-01
    3.09206426e-01 8.09974551e-01 2.66821682e-01 3.49866033e-01
    8.80252302e-01 8.37376475e-01 7.57127047e-01 4.91260707e-01
    5.70080400e-01 6.88469231e-01 7.90880322e-02 6.84339404e-01
    2.85537541e-01 6.42761886e-02 5.78277409e-02 3.24587971e-01
    7.99540401e-01 6.67911887e-01 2.84634233e-01 8.68964672e-01
    2.52545625e-01 1.94488823e-01 6.20702386e-01 6.64328039e-02
    7.10921109e-01 8.86927843e-01 9.57963109e-01 3.18531692e-01
    3.91744375e-01 4.94471759e-01 8.61395955e-01 1.73063695e-01
    6.91817701e-02 4.83431250e-01 4.72078562e-01 1.50618285e-01
    9.62404132e-01 7.59658754e-01 8.48758578e-01 1.04162902e-01
    5.64511120e-02 2.86627620e-01 3.85817289e-01 9.89759922e-01
    1.56244785e-01 6.29063845e-01 5.50545931e-01 2.85065770e-01
    6.59373760e-01 6.99870467e-01 7.17840493e-01 9.81302738e-01
    3.07445675e-01 2.64519006e-01 2.63031960e-01 1.22787714e-01
    8.67857933e-01 3.24326187e-01 3.16008836e-01 1.32686973e-01
    6.16938114e-01 8.23035002e-01 5.09133458e-01 6.17469072e-01
    5.50960124e-01 9.11014795e-01 4.56407785e-01 8.54045272e-01
    4.43920195e-02 1.01204306e-01 4.86781895e-01 2.81190068e-01
    3.63171488e-01 2.59579301e-01 5.88385761e-02 4.22777236e-02
    8.03529918e-01 6.34702146e-02 3.85215819e-01 4.62188423e-01
    4.52541053e-01 1.77779317e-01 7.59912848e-01 3.54652256e-01
    5.51333904e-01 9.61604834e-01 7.24782050e-02 4.96324390e-01
    2.76245654e-01 4.62552637e-01 8.84110332e-01 3.38849127e-01
    9.43090916e-01 1.54068112e-01 9.68277216e-01 4.27496672e-01
    3.73683572e-01 6.09342754e-02 9.73151863e-01 4.55057621e-01
    6.52467489e-01 4.90954906e-01 8.89048994e-01 8.08921754e-02
    7.51357913e-01 4.10127550e-01 4.74765003e-02 1.17421150e-02
    2.08563805e-01 6.96759343e-01 5.64413548e-01 9.12830651e-01
    1.47756487e-01 1.31900728e-01 1.76876754e-01 9.08417702e-01
    7.52894998e-01 8.13924074e-02 6.75624013e-01 7.59493470e-01
    4.49287832e-01 9.46101308e-01 7.67300725e-01 6.00107729e-01
    7.82582045e-01 5.80528617e-01 1.07075334e-01 3.19451690e-02
    7.62334228e-01 9.76609707e-01 4.84429598e-02 5.03207445e-01
    4.83384490e-01 3.45372498e-01 4.91646916e-01 7.70103395e-01
    4.62757885e-01 6.25984490e-01 3.74161184e-01 8.57763290e-01
    4.30608928e-01 5.06250441e-01 7.10519433e-01 7.34510243e-01
    1.36408806e-02 2.45483607e-01 5.47291994e-01 8.45821023e-01
    5.67006469e-01 2.44813859e-01 5.68537712e-01 1.20783657e-01
    4.90096420e-01 3.93019170e-01 8.88095796e-01 4.07098830e-01
    5.06461024e-01 4.77402419e-01 7.91615248e-01 3.98522794e-01
    8.17988575e-01 7.95260668e-01 6.68288767e-02 7.58948028e-01
    7.50666916e-01 3.61835063e-02 8.96001935e-01 3.09628397e-01
    1.11600935e-01 3.28955054e-03 8.02835345e-01 1.99799478e-01
    7.47463405e-01 1.11132413e-01 3.88486087e-02 8.61981153e-01
    8.35255742e-01 8.30242753e-01 5.10801017e-01 2.01707691e-01
    1.09966189e-01 6.29925251e-01 4.06111598e-01 4.17984247e-01
    5.13027251e-01 4.24128473e-01 4.48481679e-01 9.73700762e-01
    8.42637777e-01 8.79546762e-01 1.71643317e-01 2.38327086e-02
    4.64185774e-01 3.14235002e-01 8.77628922e-01 3.56453717e-01
    7.28885233e-01 6.97101712e-01 8.89948249e-01 4.13063943e-01
    6.82122469e-01 6.76816404e-01 4.39121068e-01 6.65426254e-02
    2.92746842e-01 5.68408072e-01 9.26620245e-01 5.98848701e-01
    1.41438037e-01 5.48494637e-01 6.07091606e-01 6.58270419e-01
    6.88132048e-01 7.64806151e-01 1.08656883e-02 5.76325715e-01
    1.15555614e-01 2.37745732e-01 4.77896899e-01 5.70320427e-01
    5.98344266e-01 8.29906821e-01 8.37368846e-01 4.71783638e-01
    1.62768394e-01 3.28220785e-01 1.44767433e-01 4.58503962e-01
    4.27542329e-01 6.96833491e-01 7.98674405e-01 8.77823710e-01
    8.76785517e-01 3.26326072e-01 3.31887782e-01 9.98519421e-01
    4.34607208e-01 1.94518238e-01 3.23412180e-01 5.21775901e-01
    4.73169327e-01 2.96781301e-01 7.54818797e-01 9.74854231e-01
    5.65424562e-03 7.49970555e-01 9.92459416e-01 8.12836647e-01
    8.47272575e-01 3.24291527e-01 8.30569983e-01 6.36448383e-01
    4.72908139e-01 2.83223927e-01 7.04417706e-01 3.15643430e-01
    8.01285505e-01 4.00831044e-01 7.89265215e-01 3.55555713e-02
    1.43235534e-01 3.28052104e-01 1.90456629e-01 6.78213716e-01
    6.86029315e-01 9.00619447e-01 6.48250937e-01 5.24071574e-01
    6.27221465e-01 3.10588181e-01 4.53682125e-01 7.25332499e-01
    2.63087869e-01 3.66191506e-01 6.44181550e-01 4.20715362e-01
    6.41379535e-01 8.02718997e-02 9.91804957e-01 4.33946192e-01
    1.27133399e-01 6.00837529e-01 2.07067132e-02 5.42321205e-02
    9.14663076e-02 2.98172593e-01 1.58820421e-01 4.35270488e-01
    4.86716628e-01 2.05824524e-01 6.71088934e-01 9.12865520e-01
    8.88794899e-01 3.13448906e-01 9.34983671e-01 5.85524440e-01
    7.60310769e-01 6.09389901e-01 7.15800941e-01 5.56806028e-01
    3.94928545e-01 6.68370068e-01 9.60440516e-01 2.30970144e-01
    7.38772154e-02 1.43615097e-01 7.79859245e-01 6.29846871e-01
    2.43208349e-01 9.00512099e-01 6.14070892e-01 3.21402669e-01
    8.10064912e-01 2.83048123e-01 8.71930659e-01 7.44352221e-01
    9.84739602e-01 2.10563391e-01 1.39614820e-01 3.38410795e-01
    4.85633612e-01 8.85397017e-01 7.58571625e-02 1.45284861e-01
    3.39383125e-01 3.06883633e-01 9.12689567e-02 4.20302182e-01
    7.68150806e-01 4.32571769e-02 5.02898872e-01 2.92999566e-01
    2.92184293e-01 6.20459259e-01 5.13623536e-01 2.06078589e-02
    2.85872161e-01 5.29687107e-02 7.47674167e-01 9.85100925e-01
    2.26708055e-01 7.04998493e-01 2.90361941e-01 9.60397124e-01
    7.86351442e-01 2.86270857e-01 9.02675271e-01 4.32433397e-01
    9.16842103e-01 9.27515507e-01 8.43527436e-01 7.01605856e-01
    2.76397347e-01 7.84638047e-01 1.22041106e-01 5.42754948e-01
    4.32439953e-01 9.55113530e-01 5.94903290e-01 2.71846414e-01
    2.15682954e-01 6.65066838e-02 7.68944800e-01 8.32614660e-01
    2.44177580e-01 6.12138152e-01 2.86755562e-02 8.22453499e-01
    8.51061165e-01 2.71068811e-02 5.24740517e-01 5.91926813e-01
    1.74360365e-01 7.54736185e-01 9.51541722e-01 1.17273062e-01
    9.71966505e-01 8.70245934e-01 4.10720408e-02 3.38602334e-01
    2.48326987e-01 2.77943522e-01 3.11427712e-01 2.68871844e-01
    5.78348935e-01 3.39261740e-01 8.11094761e-01 2.38610655e-01
    9.67008233e-01 7.58154869e-01 3.20342541e-01 2.60504842e-01
    6.13238156e-01 7.15290070e-01 6.75490499e-01 1.31411463e-01
    7.97302127e-01 2.97764719e-01 2.42239267e-01 8.31242681e-01
    2.92002857e-02 8.84472489e-01 2.43259639e-01 8.77721667e-01
    8.17729831e-02 3.59367609e-01 6.83679998e-01 6.34028196e-01
    5.22529483e-01 3.46580148e-02 2.10307539e-02 7.61010587e-01
    3.72927278e-01 3.16292405e-01 6.44299686e-01 3.05063546e-01
    2.82113969e-01 9.13185477e-01 2.92331845e-01 3.50322574e-01
    5.26744485e-01 1.16446704e-01 1.88073635e-01 9.84874606e-01
    2.21162379e-01 4.12921190e-01 1.68438017e-01 3.37730289e-01
    6.98533654e-01 7.85974145e-01 6.64622188e-01 1.86976820e-01
    2.11661428e-01 8.65828395e-01 2.13137925e-01 9.17124271e-01
    9.14216340e-02 3.95365059e-02 3.90548348e-01 7.21440911e-01
    3.77788723e-01 4.61114883e-01 2.25969613e-01 9.22450185e-01
    2.93847740e-01 5.72608650e-01 6.09790444e-01 1.09383970e-01
    3.89390051e-01 4.75542039e-01 3.71319979e-01 8.80353093e-01
    4.00319099e-02 1.55883461e-01 6.05700016e-02 4.32680428e-01
    3.29971015e-01 5.60585618e-01 1.70501500e-01 5.92463136e-01
    5.06453454e-01 1.77032888e-01 3.56693625e-01 7.51678109e-01
    4.74337518e-01 9.66727614e-01 1.36219561e-02 1.89870566e-01
    8.86988282e-01 2.83868223e-01 5.91840088e-01 9.19822395e-01
    1.88338757e-01 6.86184406e-01 5.70566595e-01 3.46265405e-01
    1.85777992e-01 6.85267746e-02 4.12705570e-01 3.82500589e-02
    4.01855886e-01 8.21363211e-01 8.14926863e-01 5.44236243e-01
    8.89797211e-01 6.50143147e-01 6.16103709e-01 4.66293365e-01
    6.51744485e-01 2.70265162e-01 1.08939409e-02 6.72826529e-01
    6.33269906e-01 6.02756381e-01 7.18757331e-01 6.05948985e-01
    1.15044594e-01 1.53417200e-01 3.75634611e-01 1.93602383e-01
    9.35715854e-01 3.50871682e-01 7.88104534e-01 3.74267340e-01
    7.88774729e-01 2.86165148e-01 3.83941352e-01 9.06231821e-01
    8.38257194e-01 8.49545240e-01 9.42915142e-01 1.00863606e-01
    4.41784978e-01 1.11128181e-01 7.39183068e-01 4.68698263e-01
    6.18124843e-01 7.51099825e-01 7.40354419e-01 4.13757622e-01
    4.25238311e-02 1.74159944e-01 1.96030051e-01 2.63316005e-01
    7.13007629e-01 3.41614604e-01 9.92961824e-01 1.47331536e-01
    4.56424981e-01 2.45361120e-01 1.49129748e-01 8.44815612e-01
    9.74676549e-01 2.83346027e-01 7.13260114e-01 6.99531555e-01
    1.13920569e-02 1.72381848e-01 7.09345818e-01 7.00900018e-01
    1.01789504e-01 2.28762329e-01 9.18324232e-01 4.64456946e-01
    7.81563520e-01 6.80823147e-01 5.49390197e-01 3.34193647e-01
    9.71036792e-01 7.60645568e-01 7.18421519e-01 9.04759288e-01
    5.09687066e-02 8.75002980e-01 8.27414453e-01 1.42599404e-01
    9.86839652e-01 4.90802675e-01 9.21060205e-01 6.79402113e-01
    6.24176919e-01 5.37015438e-01 3.58935475e-01 5.61833501e-01
    6.65155411e-01 7.72441626e-01 9.84791815e-01 3.22117090e-01
    6.90138698e-01 9.69793797e-02 9.80078697e-01 5.23736000e-01
    5.99262416e-01 6.18418872e-01 8.27815711e-01 3.46458554e-01
    5.25249004e-01 4.29550022e-01 5.08525372e-01 5.30757368e-01
    3.36774707e-01 7.48555720e-01 9.42082286e-01 3.07585061e-01
    7.10162520e-03 6.33735895e-01 3.97702754e-01 8.10266554e-01
    5.49728453e-01 9.20728087e-01 4.41058487e-01 3.07481140e-01
    9.58725214e-02 7.36869216e-01 1.22283190e-01 5.67961872e-01
    3.71571004e-01 9.13998783e-02 9.22711909e-01 5.19226372e-01
    7.89521813e-01 3.62957865e-01 3.36318612e-01 5.50578654e-01
    1.81245774e-01 6.66252673e-01 2.57701993e-01 4.20662493e-01
    8.52978230e-01 4.75137651e-01 2.78087199e-01 2.31059045e-01
    2.60752559e-01 8.44775081e-01 9.57811415e-01 8.82757664e-01
    4.63367581e-01 1.82930410e-01 7.96930015e-01 7.90846467e-01
    5.28154492e-01 6.47118866e-01 7.92768598e-01 6.29014492e-01
    6.61682546e-01 5.25907457e-01 8.15977693e-01 8.30098629e-01
    7.23400831e-01 5.43531775e-03 8.10828805e-01 6.72900498e-01
    9.88903642e-01 4.02255982e-01 7.93567181e-01 3.21049988e-01
    9.05766785e-02 2.02868789e-01 1.75933242e-02 8.14267039e-01
    7.11923122e-01 9.14165854e-01 4.92630601e-01 7.30796695e-01
    7.59342909e-01 1.08536065e-01 4.70894128e-01 3.23294103e-01
    2.23778814e-01 1.25498086e-01 7.14842319e-01 8.86511981e-01
    6.34563982e-01 2.86842585e-01 1.47048980e-01 2.40605772e-01
    5.84465146e-01 7.07392693e-01 6.15930617e-01 8.07426929e-01
    4.90020096e-01 9.02225077e-02 3.09992611e-01 1.68727338e-02
    7.71121323e-01 8.42903495e-01 2.00541914e-01 8.31309915e-01
    8.31589937e-01 2.35809982e-01 7.99281240e-01 6.95272803e-01
    3.85529518e-01 5.52905917e-01 2.65694708e-01 5.99197149e-01
    3.30266565e-01 3.21873933e-01 4.36835170e-01 8.55242074e-01
    3.82699788e-01 6.62262261e-01 4.00100887e-01 1.88785046e-01
    1.23049974e-01 9.24599826e-01 4.63497102e-01 9.35986221e-01
    3.24760646e-01 5.68348646e-01 5.80705881e-01 2.78502405e-01
    9.37645078e-01 5.46016276e-01 9.98316169e-01 7.64894247e-01
    9.41067934e-02 5.25257051e-01 7.97882199e-01 3.69210839e-01
    5.06836057e-01 4.00723845e-01 3.66562009e-01 4.95775074e-01
    3.29224169e-01 1.04599863e-01 1.39668554e-01 5.12098730e-01
    5.06497025e-01 2.20799237e-01 2.34744936e-01 9.09935474e-01
    9.17429626e-02 9.92736936e-01 6.93492889e-01 1.66328996e-01
    9.33059335e-01 4.55293745e-01 2.56396651e-01 6.43484592e-02
    7.34447658e-01 6.77039742e-01 8.37703824e-01 1.91891581e-01
    9.85440016e-01 5.24388134e-01 8.04481506e-01 3.60565543e-01
    1.73071921e-01 6.62154794e-01 2.85217226e-01 7.19174504e-01
    7.69040823e-01 2.99224079e-01 3.31227362e-01 9.96409059e-01
    8.84616613e-01 6.49727941e-01 8.25168490e-01 3.17763984e-01
    4.16506231e-01 3.54361713e-01 2.99537480e-01 5.02239406e-01
    5.88602722e-01 9.28095877e-01 1.49284363e-01 8.14050436e-03
    2.63736367e-01 3.71823311e-01 9.98389482e-01 9.40108657e-01
    1.55038029e-01 4.20025110e-01 9.27816272e-01 9.88394260e-01
    5.89799881e-01 7.58589208e-01 4.62589413e-01 9.38284993e-02
    2.23081976e-01 2.13887513e-01 7.49937415e-01 3.11374724e-01
    9.70486701e-01 5.31051517e-01 9.57516909e-01 7.08822668e-01
    7.80564785e-01 2.28001177e-01 4.79429603e-01 2.34712064e-01
    8.17238808e-01 8.61459374e-01 8.14605772e-01 5.03930449e-03
    5.37995815e-01 9.06781614e-01 3.82382512e-01 5.01697898e-01
    2.35715687e-01 6.48527324e-01 5.65282226e-01 1.84283972e-01
    6.95701599e-01 4.19337004e-01 8.55444014e-01 9.86072421e-02
    7.52154112e-01 8.42927933e-01 3.07844549e-01 4.35878903e-01
    6.94858670e-01 9.14085925e-01 7.71010816e-02 3.83249581e-01
    2.41856009e-01 7.23358035e-01 3.19526404e-01 1.69643283e-01
    6.13610506e-01 6.28718972e-01 3.75999480e-01 3.07745457e-01
    7.03895390e-01 3.37512851e-01 4.68998969e-01 1.54745907e-01
    8.15304160e-01 9.90972519e-01 7.26358175e-01 7.56736875e-01
    1.08589590e-01 7.59064555e-01 3.71675849e-01 8.90673697e-02
    6.09652281e-01 2.04310268e-01 2.05107421e-01 7.33764052e-01
    1.19020581e-01 3.17062438e-01 8.15634847e-01 9.51574266e-01
    9.45347786e-01 8.81648123e-01 7.04788327e-01 9.01976347e-01
    4.25782919e-01 8.69911075e-01 9.86602604e-02 2.52394974e-01
    4.75213230e-01 2.63776422e-01 3.05469543e-01 8.37066710e-01
    2.74942130e-01 3.77633274e-02 6.30274177e-01 4.20555204e-01
    2.22500861e-01 9.01782215e-01 3.25693250e-01 8.07414651e-01
    4.50221688e-01 4.34227049e-01 5.58813691e-01 3.48699450e-01
    9.77770805e-01 1.90187097e-02 8.22482109e-01 7.21027672e-01
    1.22464746e-01 4.82778370e-01 7.92553425e-02 2.39472330e-01
    7.59859979e-01 6.67740881e-01 1.71003282e-01 6.43305779e-01
    8.66838753e-01 5.12282789e-01 6.95986450e-01 6.19580746e-01
    3.65420580e-01 9.84725296e-01 7.81976342e-01 6.43778443e-02
    2.85080314e-01 8.60611796e-02 3.86178195e-01 9.81436014e-01
    3.00091952e-01 2.44210184e-01 8.08871150e-01 6.33511961e-01
    9.84568000e-01 6.73531592e-02 2.39866346e-01 3.28967512e-01
    8.47814083e-01 7.12925553e-01 1.69689268e-01 5.35799682e-01
    6.38175964e-01 8.01689863e-01 8.62034440e-01 5.76382875e-02
    8.13257813e-01 9.41600502e-02 3.83234203e-01 4.38742340e-02
    5.18612921e-01 8.27383995e-03 2.70591915e-01 6.36870503e-01
    1.68769389e-01 6.59797490e-01 1.12960398e-01 2.04118818e-01
    3.54404211e-01 9.06464219e-01 5.59163153e-01 7.87765563e-01
    2.36832500e-01 5.12830496e-01 5.05450249e-01 5.42834222e-01
    6.04035914e-01 8.75352681e-01 4.90035802e-01 1.27454758e-01
    3.15243572e-01 9.72567379e-01 2.02842832e-01 7.11949170e-02
    6.72128499e-02 3.84883285e-02 4.44386601e-01 9.67114627e-01
    1.12257242e-01 6.86036944e-01 5.93666792e-01 2.63530612e-01
    4.78484482e-01 2.11867958e-01 6.74298406e-02 2.77284980e-01
    5.31769872e-01 5.42158484e-01 8.66503477e-01 9.31770802e-02
    7.22453773e-01 8.23645115e-01 4.01386708e-01 4.40019846e-01
    5.86820245e-01 1.51734650e-01 1.34639502e-01 1.07443899e-01
    9.07129407e-01 1.67144746e-01 4.39169854e-01 5.66089749e-02
    9.36997175e-01 5.56021810e-01 3.27131867e-01 6.06358290e-01
    6.73852146e-01 8.36863995e-01 5.25007844e-01 6.41837478e-01
    3.43989551e-01 3.21868062e-01 4.23779100e-01 3.80843997e-01
    3.42965424e-02 2.83318579e-01 4.46159750e-01 6.58243179e-01
    3.77939761e-01 8.90045166e-01 9.52172220e-01 3.23636055e-01
    2.00841159e-01 2.47471005e-01 6.83111370e-01 9.52187300e-01
    6.16946936e-01 5.93025148e-01 9.42387223e-01 2.99451113e-01
    2.61243463e-01 7.61638284e-01 7.25308955e-02 2.46436894e-01
    4.92060423e-01 1.03253126e-02 3.42851758e-01 8.72113705e-01
    6.19819403e-01 6.10048890e-01 9.48655963e-01 7.57903576e-01
    5.48083484e-01 6.19508564e-01 3.38092744e-01 2.13416547e-01
    7.14988768e-01 4.89919513e-01 4.41084057e-01 1.72146916e-01
    2.51616955e-01 1.37608945e-02 9.37472403e-01 1.57398224e-01
    1.66428119e-01 9.08380508e-01 1.48418963e-01 6.47121429e-01
    8.62237811e-01 9.12249327e-01 7.55302787e-01 6.13876700e-01
    2.72967100e-01 7.90164828e-01 1.59893036e-02 3.89361620e-01
    8.82394791e-01 6.57997429e-02 5.76970041e-01 9.88486409e-01
    3.19401085e-01 1.76626146e-02 8.89842510e-01 3.50908399e-01
    2.33458579e-02 3.83023143e-01 1.75736517e-01 4.29701507e-02
    4.93858069e-01 4.54329312e-01 8.82299781e-01 8.07206154e-01
    5.34022391e-01 8.26611221e-02 9.79350090e-01 3.38513494e-01
    8.31779838e-01 1.17226332e-01 9.62635577e-02 3.88047636e-01
    4.19246316e-01 5.84556162e-01 5.19832790e-01 1.98184490e-01
    1.91845834e-01 9.94697094e-01 2.79876649e-01 9.06551957e-01
    5.66390693e-01 9.32738960e-01 5.72871029e-01 6.39285147e-02
    5.53566515e-02 6.34374559e-01 3.50679994e-01 3.18113029e-01
    9.30400610e-01 9.03074384e-01 5.35385847e-01 1.66170806e-01
    9.04018879e-02 2.84895033e-01 8.86837363e-01 4.08622324e-01
    1.35426283e-01 7.11822867e-01 3.32090795e-01 1.69098943e-01
    3.42490286e-01 9.43240762e-01 6.04197681e-01 9.58012700e-01
    4.16424364e-01 7.98284650e-01 7.33018875e-01 1.39619112e-01
    6.72602415e-01 4.90211219e-01 8.65016580e-02 7.19575644e-01
    4.75244015e-01 3.63847911e-01 8.75236511e-01 8.85018349e-01
    1.17151648e-01 2.01695144e-01 6.98240638e-01 7.00590014e-01
    7.49162197e-01 6.76746607e-01 3.74347150e-01 3.73249173e-01
    1.33293629e-01 4.62679982e-01 4.80284512e-01 6.79284871e-01
    7.68111348e-01 3.79241735e-01 4.97102499e-01 3.86992216e-01
    4.97093678e-01 1.72932088e-01 5.81522822e-01 8.10988784e-01
    4.39878136e-01 2.13030815e-01 7.71931827e-01 4.50643808e-01
    5.72792053e-01 4.33010936e-01 8.26501727e-01 1.70763761e-01
    9.48116302e-01 6.41027868e-01 2.36540973e-01 6.97372556e-01
    3.46447378e-01 8.53029370e-01 7.86997557e-01 7.34795153e-01
    7.33728766e-01 1.44047648e-01 6.82644367e-01 5.66161573e-01
    1.63716495e-01 2.52966404e-01 9.61045146e-01 1.67796612e-02
    6.46172404e-01 5.74950576e-01 8.10150862e-01 1.78263664e-01
    2.94058740e-01 7.96497464e-01 6.69315696e-01 8.44899416e-01
    6.43310726e-01 7.68711686e-01 4.01937276e-01 1.50428891e-01
    6.73361540e-01 6.30142212e-01 1.98717117e-02 3.23444963e-01
    4.73248303e-01 9.21916366e-02 9.93033290e-01 7.22582817e-01
    3.09432328e-01 5.98311186e-01 8.56674075e-01 6.75690174e-02
    1.52344584e-01 4.65583235e-01 1.16666913e-01 8.76766145e-02
    3.91369998e-01 3.24958563e-03 7.52174497e-01 3.56766582e-02
    5.09765267e-01 8.87883306e-01 9.92305398e-01 8.32512498e-01
    4.60874140e-01 4.09435809e-01 6.42599940e-01 6.88832104e-01
    2.05051959e-01 2.93052495e-01 2.09677696e-01 3.03342581e-01
    3.35835099e-01 4.04108465e-02 1.70771539e-01 2.56016225e-01
    6.60389721e-01 6.13824189e-01 1.30465776e-01 6.31454229e-01
    2.32848257e-01 9.66362834e-01 3.16589415e-01 1.86724663e-01
    8.05985630e-01 5.88714421e-01 8.38670611e-01 5.01722336e-01
    9.87581849e-01 7.11257637e-01 8.17050755e-01 8.58696103e-01
    2.92210281e-02 4.71299052e-01 2.29587406e-01 1.71679378e-01
    3.78260732e-01 5.89261889e-01 6.46565497e-01 2.67212868e-01
    1.08188093e-02 9.57483172e-01 6.03019953e-01 4.88738805e-01
    5.84961176e-01 9.52521861e-02 8.75564277e-01 6.90793574e-01
    1.02384001e-01 4.97115910e-01 9.79714155e-01 1.10882938e-01
    6.55620992e-02 3.24993700e-01 7.38569975e-01 5.93415380e-01
    6.23816252e-03 8.90719771e-01 7.38464534e-01 1.62446439e-01
    8.45105350e-01 5.22437096e-02 1.87599659e-03 1.85175866e-01
    3.68632674e-01 9.31865096e-01 8.18062305e-01 1.45553052e-01
    4.61821079e-01 8.37053180e-01 7.04756260e-01 6.92157149e-02
    1.62800550e-01 4.90440220e-01 1.03065372e-01 1.03831917e-01
    7.16741025e-01 1.40002310e-01 5.98657727e-01 3.53153914e-01
    9.80636477e-03 9.50321317e-01 1.94687933e-01 7.25232720e-01
    6.42354548e-01 9.09583628e-01 5.74737132e-01 2.94757187e-02
    2.13963062e-01 5.22619903e-01 1.48524076e-01 7.74322271e-01
    5.50968707e-01 8.42979550e-02 2.04549611e-01 7.38672614e-02
    9.79944825e-01 8.69769216e-01 8.86654019e-01 5.23270071e-01
    7.70670295e-01 2.55616188e-01 9.56866860e-01 6.33333385e-01
    6.37381852e-01 8.75920951e-02 7.31908619e-01 3.14747036e-01
    7.34799981e-01 9.94663894e-01 9.85277772e-01 1.99722946e-02
    5.32157063e-01 4.29666758e-01 4.79833275e-01 5.47551334e-01
    4.03617352e-01 8.13753605e-01 6.47716105e-01 7.01442659e-02
    6.34100437e-01 5.09984910e-01 4.07292962e-01 8.01822603e-01
    6.87002420e-01 8.45125258e-01 7.15215325e-01 2.77254045e-01
    1.68436468e-01 7.38159657e-01 5.65618515e-01 5.33637524e-01
    3.94230127e-01 7.29724109e-01 3.73278379e-01 3.76376122e-01
    6.77157164e-01 5.49478948e-01 7.74174452e-01 5.50361753e-01
    7.18109429e-01 3.90651047e-01 1.85853839e-01 7.62925148e-01
    9.73676205e-01 3.44956934e-01 8.14677596e-01 8.98445010e-01
    2.57622838e-01 3.12956482e-01 9.45141196e-01 7.00831056e-01
    6.01389408e-02 9.17948842e-01 9.81782377e-02 7.35919952e-01
    7.36209512e-01 3.72981668e-01 5.65552533e-01 1.40718400e-01
    2.68959522e-01 1.82133347e-01 5.10999143e-01 4.27764326e-01
    7.09505320e-01 3.27458709e-01 5.56255758e-01 9.14647937e-01
    1.24061048e-01 1.16251767e-01 7.02046990e-01 8.86191964e-01
    2.91658401e-01 2.76247263e-01 1.29779696e-01 2.79423356e-01
    1.24910921e-01 4.60866153e-01 9.06922638e-01 6.54410362e-01
    5.27502477e-01 5.70413232e-01 3.16790462e-01 7.64340341e-01
    1.43064559e-02 7.92539358e-01 3.62604201e-01 8.40063810e-01
    1.06437743e-01 5.30831099e-01 2.30199605e-01 4.62375283e-02
    2.37560391e-01 3.07972431e-02 1.15413994e-01 5.83037972e-01
    5.12730122e-01 8.48132849e-01 3.53024065e-01 3.89398187e-01
    4.49984163e-01 7.88132548e-02 3.87858659e-01 6.72939360e-01
    6.20832503e-01 9.61187243e-01 2.39118189e-01 1.46005452e-02
    4.19031680e-01 5.97602725e-01 8.68425429e-01 3.48769546e-01
    2.81753540e-01 7.52242267e-01 8.34596753e-01 6.58898711e-01
    7.00048566e-01 3.81325483e-01 6.65760398e-01 3.89455289e-01
    6.25696778e-01 9.64496255e-01 7.62990117e-01 2.81034559e-01
    6.60609245e-01 2.60340393e-01 9.52512980e-01 2.36548781e-02
    4.01811391e-01 1.83418036e-01 8.15421700e-01 3.28723699e-01
    6.09444380e-01 9.13721800e-01 7.72550583e-01 9.68172431e-01
    7.34380066e-01 8.30027342e-01 5.06063402e-01 6.27598166e-01
    7.35223651e-01 5.82311034e-01 6.27098680e-01 7.28131950e-01
    7.25984991e-01 4.86085922e-01 8.79745007e-01 3.60006273e-01
    2.69483179e-01 7.29546487e-01 6.91002190e-01 4.86653388e-01
    8.34455609e-01 4.34850574e-01 2.50765383e-01 3.91855240e-02
    3.41526747e-01 8.84632289e-01 9.53754485e-01 8.70692432e-02
    7.75523782e-02 1.40581846e-01 7.44739413e-01 7.94561207e-02
    6.70624554e-01 7.59930253e-01 8.31730604e-01 9.09324050e-01
    4.06464398e-01 5.95159650e-01 8.51190090e-02 8.24782312e-01
    5.04723072e-01 8.83055329e-01 2.85981119e-01 8.42952013e-01
    1.31125063e-01 6.43792689e-01 8.77865911e-01 1.56048238e-01
    4.08579439e-01 3.96793336e-01 4.87947732e-01 5.20732105e-02
    1.40601695e-01 9.01943922e-01 3.92891556e-01 8.92025828e-01
    2.75376678e-01 7.09305882e-01 6.65189683e-01 7.70824850e-01
    1.85978174e-01 1.82639390e-01 2.31296450e-01 8.93582880e-01
    2.68916428e-01 8.97147596e-01 2.05945730e-01 7.25203574e-01
    7.27860451e-01 3.12940985e-01 9.32999134e-01 7.56708980e-01
    7.60955930e-01 9.71339703e-01 2.28373706e-01 8.61019492e-01
    2.79645085e-01 7.71063387e-01 8.48982513e-01 9.10834670e-01
    6.31940126e-01 3.42802703e-01 5.47942340e-01 6.16540968e-01
    3.61424088e-02 4.98558879e-01 6.39681995e-01 5.77633500e-01
    3.30369025e-01 3.87474179e-01 4.09935832e-01 3.63419056e-01
    4.48927552e-01 7.61721313e-01 7.76576459e-01 3.50766093e-01
    5.46677053e-01 5.56889832e-01 9.98779416e-01 4.36451972e-01
    1.14899099e-01 1.60703689e-01 7.33468413e-01 8.38205099e-01
    7.59797812e-01 2.10345685e-01 3.61981452e-01 1.77015156e-01
    8.57614994e-01 9.23060775e-01 2.82793581e-01 6.16115153e-01
    7.40402222e-01 5.86827099e-01 7.02273011e-01 2.58545160e-01
    5.63307226e-01 7.79619098e-01 1.64543569e-01 4.08167094e-01
    4.72539812e-01 8.96786690e-01 5.48341155e-01 4.27674592e-01
    3.56698930e-02 2.74960876e-01 8.28233361e-01 4.02019262e-01
    6.68315649e-01 1.15294188e-01 6.94961846e-01 9.34860706e-01
    2.05001026e-01 6.19408488e-01 1.58869565e-01 2.90749431e-01
    4.70745891e-01 6.76823735e-01 7.77733445e-01 1.03142858e-01
    3.89344454e-01 3.23568106e-01 5.38145542e-01 2.94194877e-01
    6.13322675e-01 7.59617925e-01 3.81364226e-01 2.44798124e-01
    1.10986739e-01 7.70265102e-01 3.02664340e-02 3.73981237e-01
    4.86811638e-01 2.20380157e-01 3.04470748e-01 3.45455885e-01
    2.63256937e-01 3.60923618e-01 4.28873599e-02 2.95897305e-01
    5.91502786e-01 3.72925818e-01 3.59476924e-01 4.05697525e-02
    2.47303784e-01 8.39404166e-02 6.53026640e-01 1.85808867e-01
    4.43006277e-01 5.89642763e-01 4.52177912e-01 8.28683257e-01
    4.09980714e-01 2.51592398e-02 3.88761282e-01 8.32371116e-01
    6.87634647e-02 4.60735410e-01 7.31649995e-01 6.50417447e-01
    5.72063804e-01 5.08385956e-01 4.92660284e-01 8.26274931e-01
    6.97366357e-01 4.36035991e-02 5.42600572e-01 6.68510377e-01
    7.21465230e-01 9.11754012e-01 6.88413680e-01 5.84024191e-01
    6.97217762e-01 4.39327687e-01 2.89813697e-01 7.45096803e-01
    9.21440244e-01 5.28118074e-01 3.05426747e-01 5.25017262e-01
    3.38926673e-01 5.87047338e-02 3.02631795e-01 4.40982580e-01
    5.33256471e-01 6.07364953e-01 6.74008250e-01 5.25890410e-01
    8.64834905e-01 9.57089603e-01 2.53987998e-01 8.60541701e-01
    7.47340739e-01 3.64545375e-01 7.32870758e-01 5.12189925e-01
    5.24993002e-01 4.60711479e-01 3.45504880e-02 9.80901361e-01
    3.63853842e-01 3.38936746e-02 3.73769403e-01 1.08602971e-01
    5.18763900e-01 2.26142377e-01 6.62683487e-01 2.28001297e-01
    4.96266693e-01 8.96865785e-01 8.71262312e-01 6.12653315e-01
    2.16071904e-02 1.21109933e-01 5.92243433e-01 6.12009168e-02
    4.82515752e-01 2.24447638e-01 4.74862278e-01 3.70253086e-01
    6.92905307e-01 3.08877885e-01 4.67932642e-01 9.58658099e-01
    7.74818540e-01 2.13238597e-02 1.49447024e-02 1.83738828e-01
    5.66341460e-01 8.33247185e-01 1.49089366e-01 7.23767698e-01
    6.26828611e-01 6.33424640e-01 6.47592843e-02 1.11631572e-01
    6.12832725e-01 2.12534815e-01 8.28033686e-01 8.69521797e-01
    1.99735165e-02 1.60694093e-01 2.93161035e-01 8.69249403e-02
    7.12795377e-01 6.28306091e-01 1.63837433e-01 2.17845023e-01
    7.92283654e-01 4.00582373e-01 5.90920389e-01 6.10841036e-01
    1.09446883e-01 1.31126910e-01 8.20901394e-01 1.96058154e-02
    7.30026007e-01 9.79074001e-01 1.79198802e-01 7.39839971e-01
    2.02668041e-01 9.84878540e-01 8.81406188e-01 3.49835157e-01
    3.70938241e-01 3.67459118e-01 6.25482559e-01 8.69221032e-01
    9.23036575e-01 4.04374063e-01 6.17101133e-01 6.46131456e-01
    9.95254397e-01 1.93571538e-01 1.56736016e-01 8.26425672e-01
    2.01848537e-01 2.03072131e-01 1.32665545e-01 7.37034142e-01
    3.12521845e-01 9.96420324e-01 4.52504426e-01 6.34097695e-01
    1.56491280e-01 7.34807849e-02 8.57085347e-01 5.80660045e-01
    1.50276423e-01 7.88244605e-02 7.08861768e-01 7.22068548e-01
    3.01202804e-01 2.12775141e-01 6.25466347e-01 6.72830582e-01
    6.73360586e-01 2.63020396e-02 1.55210465e-01 7.94492662e-01
    9.74902570e-01 5.46922863e-01 3.44903946e-01 6.13811135e-01
    8.74262571e-01 8.59107673e-02 2.48185277e-01 7.95519948e-02
    8.55371833e-01 9.50448453e-01 9.48067546e-01 1.58399314e-01
    2.82157004e-01 9.37427998e-01 7.11040020e-01 3.40728700e-01
    2.94019282e-01 3.44386458e-01 1.18495375e-01 9.57673073e-01
    2.45750755e-01 6.54157221e-01 3.69962722e-01 2.96452314e-01
    2.40053505e-01 1.51853830e-01 7.63372481e-01 6.99833751e-01
    3.20306510e-01 7.09112346e-01 2.49573439e-01 7.32646942e-01
    7.05953002e-01 2.55343705e-01 7.25076318e-01 9.56127286e-01
    2.41467655e-02 2.49824286e-01 7.49862850e-01 8.64955664e-01
    7.03481078e-01 8.04676533e-01 8.53105247e-01 1.32315546e-01
    4.61303920e-01 7.83891201e-01 3.58883768e-01 7.93949008e-01
    3.67177129e-02 6.43908441e-01 9.14071500e-02 4.25558716e-01
    2.92513132e-01 9.09404993e-01 7.98677146e-01 7.94421732e-02
    4.82542336e-01 7.95082569e-01 6.89929366e-01 9.14513171e-02
    3.76499593e-02 5.07694364e-01 7.25696981e-02 2.19963193e-01
    8.43465805e-01 1.79652333e-01 6.65476561e-01 1.28655493e-01
    7.60627806e-01 8.56550038e-02 8.75725746e-01 5.96089959e-01
    7.64137566e-01 8.72487545e-01 8.84228468e-01 2.15532184e-01
    3.74532759e-01 9.99484777e-01 1.99464619e-01 7.70323157e-01
    9.82660949e-02 4.72304344e-01 3.39999676e-01 5.15323639e-01
    3.98406446e-01 9.22341943e-01 8.15786779e-01 2.30676770e-01
    3.12141061e-01 1.33976758e-01 2.96123594e-01 7.73321271e-01
    9.00821447e-01 4.13223535e-01 5.93062103e-01 1.67728156e-01
    3.27292979e-01 6.25842273e-01 2.16422588e-01 2.11017162e-01
    4.39451307e-01 5.61680317e-01 3.05618137e-01 2.83330917e-01
    8.10075521e-01 6.54927492e-01 4.11344469e-01 7.88417220e-01
    3.42285514e-01 4.96927202e-02 8.16429853e-01 3.42195272e-01
    5.34045517e-01 2.75828481e-01 6.63387239e-01 4.42519009e-01
    7.91979790e-01 8.10856342e-01 5.89529574e-01 8.89110863e-02
    7.52101421e-01 7.69706368e-01 2.09337264e-01 5.99412799e-01
    7.18710542e-01 3.24324429e-01 1.77776515e-02 5.29271305e-01
    2.99323201e-01 6.53130054e-01 4.15248126e-01 6.00010991e-01
    9.64771509e-02 2.39456862e-01 5.53354323e-01 5.23763120e-01
    2.39396393e-01 3.46500129e-01 5.41245043e-02 9.62951064e-01
    2.96915948e-01 2.63220042e-01 5.30904233e-01 3.76560003e-01
    7.20277429e-01 8.76729786e-02 5.38274944e-02 3.52660894e-01
    5.98694265e-01 6.48719609e-01 9.93049741e-01 9.65289593e-01
    9.82912719e-01 8.46736848e-01 2.30432212e-01 5.69198430e-02
    4.83010858e-01 6.79738164e-01 5.02359271e-01 1.89697802e-01
    4.33278382e-02 2.34052390e-01 6.03756964e-01 9.65708971e-01
    5.10352731e-01 5.48359513e-01 3.71163279e-01 2.70722330e-01
    9.59080517e-01 2.38176525e-01 3.15680176e-01 4.53202605e-01
    1.74280077e-01 8.55396867e-01 1.25906438e-01 3.05562854e-01
    9.04987276e-01 6.19144797e-01 5.98973036e-03 7.76372075e-01
    9.32951868e-02 5.06554544e-01 5.76341748e-02 6.57680988e-01
    9.18239236e-01 6.82500899e-02 2.26593226e-01 4.78753150e-02
    7.10676134e-01 2.39465058e-01 1.93300843e-01 2.28708178e-01
    6.93223357e-01 9.72434461e-01 5.61715782e-01 6.03661358e-01
    7.89969802e-01 5.37281275e-01 7.43669271e-01 6.58412814e-01
    2.24367559e-01 8.95976603e-01 2.29720294e-01 1.65194511e-01
    5.12510836e-01 9.28231418e-01 9.14538980e-01 7.41095126e-01
    9.81785297e-01 3.06534797e-01 8.80033731e-01 8.57561469e-01
    5.93315899e-01 5.06879926e-01 2.17355341e-01 1.71867609e-02
    7.95045137e-01 8.59871507e-01 3.87477338e-01 4.69090194e-01
    1.05162561e-02 2.49873221e-01 1.13174140e-01 6.87734067e-01
    2.84692705e-01 2.11281896e-01 5.15656352e-01 7.13970065e-02
    2.66052485e-02 5.61897993e-01 5.22671998e-01 1.96158767e-01
    9.70420003e-01 7.12760985e-01 5.61090171e-01 8.83135140e-01
    7.93510377e-01 7.88215578e-01 3.66102278e-01 4.61161137e-01
    1.13160670e-01 2.27461159e-02 5.34656644e-02 3.84782016e-01
    2.04517633e-01 4.13306355e-02 4.13040161e-01 1.85285240e-01
    3.63385230e-01 1.68167949e-01 8.47170353e-01 8.41977417e-01
    1.73359573e-01 5.85362375e-01 2.95983940e-01 9.81085658e-01
    7.00457394e-01 7.99564302e-01 2.89704084e-01 7.77838767e-01
    4.89987314e-01 8.79466832e-01 6.40666246e-01 5.89250624e-01
    9.50936437e-01 1.95256740e-01 9.53799844e-01 3.09850574e-02
    9.51978683e-01 3.36904436e-01 8.57250571e-01 1.02217346e-01
    2.04968393e-01 7.03838527e-01 5.09897470e-02 4.50116694e-01
    2.40397274e-01 8.77314627e-01 5.46073377e-01 6.30562782e-01
    6.94251537e-01 1.36017799e-03 1.85778737e-01 5.24296880e-01
    1.87427491e-01 8.52673411e-01 8.76037478e-01 5.27836978e-01
    1.91649377e-01 8.45672607e-01 8.68132532e-01 7.07777262e-01
    1.42903626e-02 4.88668531e-01 2.70837247e-01 7.89848506e-01
    7.60385513e-01 7.86675215e-01 7.19766617e-01 6.33275568e-01
    7.44116366e-01 8.73982906e-03 5.98670542e-01 9.17179585e-01
    6.33692861e-01 2.22393870e-02 9.98856723e-01 8.77933145e-01
    6.44676507e-01 7.26438940e-01 8.94038439e-01 7.68526316e-01
    1.05763644e-01 6.58955395e-01 3.42474759e-01 1.90382212e-01
    3.15137029e-01 1.44174695e-02 4.29004610e-01 5.76465487e-01
    6.31615520e-02 4.87800539e-01 9.64585066e-01 4.38202471e-01
    8.36570501e-01 6.99303746e-01 3.86436522e-01 7.25646198e-01
    6.19367659e-01 2.04424649e-01 7.31852174e-01 3.56513560e-02
    5.33832014e-01 7.86369324e-01 9.71748590e-01 6.12441480e-01
    7.65603721e-01 6.56998277e-01 5.13214648e-01 9.49675143e-02
    3.95418167e-01 9.00302410e-01 4.14855242e-01 8.12797189e-01
    7.38513172e-02 1.24132842e-01 7.53745914e-01 1.96598709e-01
    1.30813003e-01 5.60081244e-01 9.24512029e-01 3.13253492e-01
    8.31340551e-01 6.38474762e-01 6.67090595e-01 6.83113098e-01
    2.41683722e-02 8.61005604e-01 2.71206677e-01 1.68548346e-01
    1.82653278e-01 8.77404392e-01 1.90957487e-02 8.75037193e-01
    4.55597639e-02 3.17185283e-01 8.45586538e-01 4.15341616e-01
    1.55028760e-01 8.33204210e-01 7.10240781e-01 3.14645857e-01
    2.51608580e-01 5.74758530e-01 1.03993714e-02 7.39105225e-01
    3.01761925e-01 4.30767834e-01 1.93570554e-02 9.12482738e-01
    5.28043747e-01 1.72045529e-02 3.39518160e-01 9.93379951e-03
    2.85565495e-01 3.86276424e-01 1.08087540e-01 9.72603202e-01
    8.08537722e-01 5.41162193e-01 8.44511032e-01 3.07443142e-01
    3.65060687e-01 1.87008977e-01 2.32841253e-01 4.11510259e-01
    1.20605677e-01 8.69599700e-01 4.36848193e-01 7.31664300e-01
    2.02523768e-01 2.25170732e-01 2.34975815e-01 1.01523697e-01
    1.59977555e-01 7.88473129e-01 1.05051816e-01 5.64473569e-01
    4.92206693e-01 3.34326386e-01 7.26856589e-01 5.92035115e-01
    5.10173857e-01 9.10850704e-01 6.18770719e-02 7.11723566e-01
    5.38915634e-01 7.86656499e-01 4.52212751e-01 2.59641021e-01
    5.39458036e-01 5.83071291e-01 1.51408792e-01 8.08432579e-01
    8.45205307e-01 8.16672683e-01 5.19799769e-01 7.66263783e-01
    4.53708977e-01 8.95610809e-01 6.86456263e-01 7.64367819e-01
    7.86662102e-03 5.97895086e-01 6.22511506e-02 7.48526752e-02
    7.97021270e-01 7.38962054e-01 7.99955130e-01 1.50025785e-01
    6.28739119e-01 8.04639161e-01 3.47944856e-01 7.82881856e-01
    9.10112917e-01 2.60743797e-01 1.36953741e-01 3.33898872e-01
    2.83660114e-01 2.09649682e-01 6.76302552e-01 3.75203580e-01
    5.70635259e-01 5.89118719e-01 4.81665432e-01 9.50357318e-01
    1.76710218e-01 1.97309405e-01 8.28500032e-01 2.03521967e-01
    8.05734992e-02 4.20056432e-01 5.78340173e-01 8.17396343e-01
    4.01959687e-01 3.59007746e-01 9.56052661e-01 9.03696120e-02
    1.53796852e-01 8.66550803e-01 7.67825484e-01 8.65722239e-01
    8.31251919e-01 2.56170213e-01 5.62336445e-01 2.78162301e-01
    3.90058607e-01 7.49566138e-01 6.97302580e-01 3.05784732e-01
    4.74352837e-02 2.98716486e-01 2.41565228e-01 7.91405797e-01
    8.53084922e-02 9.69576180e-01 8.99703741e-01 8.47652733e-01
    3.01895022e-01 3.18789959e-01 5.97579479e-01 5.37057519e-01
    6.26774251e-01 9.38799500e-01 3.45312178e-01 2.39342451e-02
    8.50278735e-01 3.58978808e-02 5.30832827e-01 7.09072590e-01
    7.23835468e-01 3.02356333e-01 8.31159055e-02 7.08714068e-01
    3.43488455e-01 1.95060223e-01 8.88038993e-01 1.60092622e-01
    1.29934281e-01 6.91655993e-01 3.38982701e-01 6.04816079e-02
    8.96594763e-01 4.68429536e-01 5.95861495e-01 9.35946584e-01
    6.43732429e-01 9.94580150e-01 5.58416486e-01 2.49604464e-01
    7.67059565e-01 3.03384691e-01 7.49348760e-01 7.79638529e-01
    2.77485430e-01 4.65673715e-01 4.96700913e-01 8.07720304e-01
    6.06862426e-01 1.38425022e-01 5.48517346e-01 5.49989104e-01
    9.61569011e-01 4.72569048e-01 1.85826063e-01 6.72431231e-01
    5.64302206e-01 5.42855740e-01 7.14723349e-01 6.81381226e-01
    9.64625418e-01 2.86769390e-01 5.56959450e-01 4.93765444e-01
    5.97927392e-01 4.63449955e-01 7.33395338e-01 3.83058995e-01
    9.18466330e-01 3.30282986e-01 3.30499828e-01 1.52651072e-01
    8.73669326e-01 6.76722646e-01 1.71173811e-02 2.69851983e-02
    4.74778265e-01 9.97205973e-01 7.74763107e-01 8.76934230e-01
    6.37383580e-01 8.63746643e-01 4.74648774e-02 6.82795584e-01
    6.62548840e-02 9.36012268e-02 8.11861932e-01 2.26069003e-01
    2.33933628e-02 3.89807105e-01 9.14386511e-01 2.10869342e-01
    8.82491171e-02 9.70682085e-01 2.96204746e-01 8.51599813e-01
    3.65136027e-01 2.91684508e-01 5.25441229e-01 5.74014664e-01
    7.40667164e-01 6.35268629e-01 8.77750278e-01 5.19599378e-01
    6.17854357e-01 7.14881182e-01 6.81932926e-01 4.32283908e-01
    4.19722199e-02 2.16490507e-01 4.00245190e-03 3.52795750e-01
    4.23503280e-01 3.46309066e-01 4.97445762e-02 4.19684529e-01
    7.70675898e-01 6.70293212e-01 8.71744275e-01 5.55645525e-01
    9.18384969e-01 7.59794474e-01 7.82273769e-01 8.79564404e-01
    5.85873961e-01 5.08006036e-01 7.27575421e-01 9.03302133e-02
    7.50548482e-01 6.96234345e-01 6.67296827e-01 2.09376276e-01
    1.34263545e-01 7.28126645e-01 4.23879623e-01 2.70394832e-01
    9.70008612e-01 4.24267530e-01 1.58998460e-01 8.79032254e-01
    7.58011580e-01 4.46933895e-01 7.08365977e-01 9.53828275e-01
    9.97514784e-01 3.54516655e-01 9.64967251e-01 3.16726983e-01
    9.63800311e-01 4.91028726e-01 7.28573263e-01 4.29018140e-02
    7.88801789e-01 1.06947273e-01 4.96903837e-01 6.11325502e-01
    8.24655294e-01 1.60171330e-01 9.37976003e-01 4.30858225e-01
    5.85481346e-01 8.79529119e-03 3.87018532e-01 3.72116983e-01
    4.91565734e-01 2.24963337e-01 5.17539620e-01 2.30146110e-01
    4.44497943e-01 1.03004366e-01 4.53233421e-01 6.46701455e-01
    3.50197613e-01 3.43279958e-01 2.71654904e-01 4.77488816e-01
    7.99093246e-01 6.43112838e-01 2.82796443e-01 9.27523136e-01
    8.54206443e-01 6.01110041e-01 8.65180016e-01 4.79753017e-01
    1.76780641e-01 1.93372011e-01 3.25062573e-01 9.09482241e-01
    2.10133880e-01 5.80984473e-01 8.33297670e-02 1.72875762e-01
    6.17554903e-01 1.37426525e-01 6.21930778e-01 5.36449194e-01
    6.83616161e-01 2.89721251e-01 9.17737842e-01 6.20202482e-01
    6.80301726e-01 9.81278062e-01 7.04693377e-01 7.13956475e-01
    9.09221172e-02 3.13646197e-02 1.96098715e-01 3.04532528e-01
    1.75768912e-01 2.37995446e-01 1.80120438e-01 9.81851220e-02
    4.34355736e-02 8.42033446e-01 9.01037812e-01 3.46447706e-01
    5.63768327e-01 7.62172699e-01 1.50426596e-01 9.75757122e-01
    1.39592201e-01 1.74245447e-01 7.23080873e-01 3.80070120e-01
    3.93374622e-01 7.37678409e-01 3.53377789e-01 3.30566823e-01
    6.66060865e-01 2.17379421e-01 7.79994488e-01 4.24164534e-03
    8.37225914e-02 5.44976234e-01 6.48629129e-01 5.64483643e-01
    6.50579214e-01 2.08363235e-02 7.61728764e-01 9.76955593e-01
    6.26261532e-01 7.37810135e-02 6.50258183e-01 9.14363027e-01
    1.50006771e-01 3.00124168e-01 2.05874056e-01 2.50541687e-01
    4.33906019e-01 2.52028763e-01 9.99919415e-01 8.60349476e-01
    4.56514955e-03 4.92507756e-01 2.00985670e-02 8.77307594e-01
    1.15059942e-01 4.17099416e-01 7.47046292e-01 1.90625876e-01
    7.02575684e-01 8.46295357e-01 3.12661529e-01 6.36488318e-01
    5.23823202e-02 2.10581154e-01 2.02800781e-01 9.47804570e-01
    9.67995524e-01 7.39574373e-01 5.24553657e-03 4.52968121e-01
    6.72174752e-01 7.40575075e-01 5.44844747e-01 7.10384250e-02
    6.90891743e-02 3.96402091e-01 9.40973699e-01 4.88784820e-01
    4.89677191e-01 4.61273432e-01 6.31904721e-01 9.47297633e-01
    3.81400943e-01 9.79732871e-01 3.48280400e-01 4.19535458e-01
    8.90999258e-01 7.36308932e-01 1.96673274e-01 7.83606172e-02
    8.90003443e-01 3.05234790e-01 1.59318745e-01 4.20303762e-01
    7.90015578e-01 1.86311752e-01 9.50721443e-01 1.78599536e-01
    5.95511913e-01 6.93361402e-01 8.10179114e-01 9.37733889e-01
    1.12119675e-01 9.51035023e-02 7.97404230e-01 7.73924708e-01
    2.31783390e-01 9.47045386e-02 9.93562341e-01 8.57704282e-01
    6.93028092e-01 3.06714714e-01 5.61768413e-02 9.16814208e-01
    9.02186751e-01 1.00209922e-01 5.53896844e-01 2.85693705e-02
    9.30941641e-01 9.52883482e-01 7.60810137e-01 4.90879148e-01
    6.21977329e-01 1.05259389e-01 4.16104913e-01 9.30535495e-01
    6.34304285e-01 8.80649686e-02 7.68476903e-01 1.24252915e-01
    7.54588842e-02 1.53068781e-01 5.39126694e-01 2.53695518e-01
    3.37077975e-02 9.57442522e-01 3.97906691e-01 2.45332271e-01
    9.88302827e-02 3.05293143e-01 4.97877598e-01 6.85070515e-01
    2.94677675e-01 6.60187781e-01 3.75667810e-02 8.60256135e-01
    2.11538076e-02 1.35068446e-01 2.94583350e-01 3.22933018e-01
    9.22049880e-02 1.87647730e-01 9.40340102e-01 9.48156714e-02
    1.56421095e-01 8.13985288e-01 7.23370969e-01 3.25737298e-02
    8.57967138e-02 5.49033999e-01 3.72736454e-01 9.86044407e-02
    4.64934111e-01 6.84282780e-02 7.88746595e-01 4.85440701e-01
    1.00036353e-01 2.15625763e-01 1.40569866e-01 9.29672241e-01
    9.71945345e-01 9.44651961e-01 4.24932033e-01 3.76010358e-01
    3.89552325e-01 9.59745765e-01 3.60299200e-01 2.06385851e-02
    8.10467601e-02 8.60745609e-01 5.15762568e-01 1.13603950e-01
    3.64416957e-01 1.97848141e-01 1.08472437e-01 3.37559968e-01
    7.74746776e-01 9.39261556e-01 4.64252561e-01 8.25671256e-01
    6.54176474e-01 9.97570574e-01 4.58126098e-01 7.76152432e-01
    3.82655740e-01 8.49763513e-01 1.10033303e-01 3.63040268e-01
    4.77132976e-01 8.17429721e-02 3.01141560e-01 1.77069843e-01
    1.57870710e-01 2.54852831e-01 2.26592898e-01 5.94454765e-01
    4.00586098e-01 8.44109893e-01 5.77722251e-01 1.82785928e-01
    9.24027562e-01 4.50512022e-01 1.75521225e-01 5.77580690e-01
    9.30898190e-01 8.00219953e-01 7.76121497e-01 9.92093921e-01
    4.64645326e-01 9.55688596e-01 3.04863930e-01 9.28411067e-01
    5.40306270e-01 3.21153849e-01 2.34737486e-01 1.47478640e-01
    2.03226775e-01 3.08662236e-01 9.49007154e-01 9.29477453e-01
    4.30121839e-01 2.38857806e-01 3.21847260e-01 1.81578636e-01
    8.61270666e-01 7.67400503e-01 3.41670096e-01 8.71430278e-01
    9.10570920e-01 8.23375225e-01 7.58959770e-01 7.77288675e-01
    9.53553021e-01 9.88677979e-01 4.26375747e-01 7.52108216e-01
    3.85819077e-01 6.26363277e-01 7.08648920e-01 5.71167469e-01
    3.85536492e-01 8.27634633e-01 8.05892885e-01 2.10769296e-01
    2.54970640e-01 4.85404938e-01 2.93325722e-01 4.41472292e-01
    1.81080550e-01 5.04315555e-01 5.62050641e-01 4.63624239e-01
    9.12058353e-02 8.12879026e-01 9.29594040e-01 3.08598459e-01
    4.85070646e-02 3.65878284e-01 3.92465025e-01 9.94912744e-01
    2.83580095e-01 5.32495379e-01 8.46146047e-01 7.45209694e-01
    2.14087278e-01 8.63371015e-01 1.15369737e-01 6.62839413e-01
    4.92448926e-01 8.48377764e-01 1.37174964e-01 1.30496264e-01
    3.95888239e-01 4.27055061e-01 4.64179933e-01 5.61091125e-01
    8.15072954e-01 6.85089827e-01 8.88177752e-01 5.41497350e-01
    2.65029609e-01 2.66163498e-01 8.24613571e-01 1.81285739e-02
    3.34406734e-01 7.95031309e-01 5.55759370e-02 4.94655401e-01
    1.33095473e-01 1.74769491e-01 1.44168079e-01 7.91843116e-01
    7.01451659e-01 1.58091068e-01 9.77885902e-01 4.15617555e-01
    4.48713630e-01 2.18013287e-01 8.77659261e-01 5.67954421e-01
    5.51134646e-01 5.17897606e-01 8.13280821e-01 4.47105646e-01
    5.33068776e-02 3.88640463e-01 9.05169964e-01 3.09439063e-01
    4.51902360e-01 1.00532174e-03 5.60721695e-01 2.55434573e-01
    4.51690257e-01 4.82302785e-01 5.47842085e-01 4.32345271e-01
    1.54365391e-01 9.77472425e-01 5.92654169e-01 4.10665154e-01
    4.08165574e-01 6.09928846e-01 9.19602752e-01 6.59112632e-01
    6.17065072e-01 7.89323390e-01 2.09180653e-01 8.24407578e-01
    2.27860808e-02 6.41840458e-01 7.58710563e-01 4.86686885e-01
    9.92871165e-01 7.38083541e-01 2.54703760e-02 2.96367824e-01
    4.11146343e-01 5.82837224e-01 9.52822268e-01 9.79529619e-01
    8.40672374e-01 5.36734581e-01 3.36795449e-01 4.35019761e-01
    9.57597971e-01 8.05652142e-02 8.25054944e-01 1.07323706e-01
    9.81905162e-02 4.79820073e-02 4.04707074e-01 7.75938332e-02
    2.92457700e-01 3.86868149e-01 7.87109971e-01 9.06998098e-01
    8.02723169e-01 5.06218314e-01 3.69151831e-02 1.64000869e-01
    8.50393236e-01 9.69605565e-01 5.27835488e-01 3.34522128e-01
    2.58173227e-01 2.79015005e-02 3.21375847e-01 3.11183929e-03
    2.87526369e-01 2.10972577e-01 3.62456262e-01 7.83151627e-01
    4.92745519e-01 4.10083860e-01 4.53669369e-01 1.07565373e-01
    7.43235230e-01 9.09133315e-01 1.77112818e-02 6.62121534e-01
    5.73306978e-01 5.43969810e-01 8.27005744e-01 2.64211714e-01
    7.83877671e-01 6.26986384e-01 3.42318594e-01 5.24550498e-01
    2.30800807e-01 7.20285714e-01 3.64085913e-01 8.00823212e-01
    7.18857586e-01 4.81550425e-01 1.40020460e-01 3.13395292e-01
    7.60094464e-01 9.38493311e-01 9.17553306e-01 3.85797083e-01
    6.62160158e-01 7.61040747e-02 4.50015992e-01 8.76262963e-01
    5.22128761e-01 3.46153259e-01 3.89858693e-01 5.61088979e-01
    2.23567754e-01 4.36160564e-01 1.24643505e-01 6.41659975e-01
    8.96330714e-01 2.30853021e-01 3.46151292e-01 3.60398829e-01
    2.66375780e-01 5.17915905e-01 6.73668802e-01 5.44854403e-01
    7.21147358e-01 6.18721664e-01 9.62270141e-01 6.93145931e-01
    7.37428367e-01 9.10287499e-01 7.53104925e-01 1.24291867e-01
    6.89368904e-01 1.19293153e-01 6.63038254e-01 4.10229683e-01
    8.08590949e-02 5.64122260e-01 6.62452579e-01 4.23620015e-01
    8.82407129e-01 1.41269177e-01 1.45281762e-01 5.87921619e-01
    9.56401587e-01 2.41390377e-01 3.82166147e-01 4.72384989e-01
    6.55772269e-01 7.55130410e-01 5.31195402e-01 3.76222163e-01
    3.87795627e-01 8.48548532e-01 6.64177775e-01 4.07856464e-01
    8.67926121e-01 9.19405699e-01 2.94324756e-01 8.50040436e-01
    9.76430058e-01 6.08527184e-01 6.21481240e-02 1.61212206e-01
    1.25419378e-01 4.49550241e-01 1.37543619e-01 9.99433160e-01
    9.37427759e-01 9.59929824e-01 4.61429209e-01 8.99332285e-01
    8.52778673e-01 1.84508264e-02 6.12673640e-01 6.58865273e-01
    1.22882396e-01 1.79852426e-01 8.44017565e-02 8.36740732e-01
    4.87053305e-01 7.97444403e-01 6.13789737e-01 8.77157927e-01
    1.96296990e-01 3.87620836e-01 8.59805048e-02 2.00877845e-01
    8.40492487e-01 7.81084180e-01 5.93018174e-01 4.32597369e-01
    8.37054133e-01 6.34757876e-01 6.65551066e-01 4.44255143e-01
    7.26033330e-01 8.05785894e-01 7.52178848e-01 4.65781152e-01
    3.56487006e-01 8.90095949e-01 5.28742433e-01 8.77984166e-02
    7.11149514e-01 9.09570098e-01 3.10651124e-01 1.71381056e-01
    4.96174067e-01 9.72326517e-01 8.68527234e-01 6.22763515e-01
    8.99789393e-01 9.56285357e-01 3.87697458e-01 7.55077004e-01
    2.36827850e-01 3.49641204e-01 4.92893755e-01 9.64949012e-01
    2.88114190e-01 1.14707291e-01 7.40220010e-01 1.74225181e-01
    4.21991616e-01 2.66583800e-01 3.25299144e-01 2.68342257e-01
    2.86561728e-01 7.71817684e-01 2.93865204e-01 7.02247620e-01
    8.31189275e-01 2.57167280e-01 7.12800503e-01 1.52660489e-01
    6.69473290e-01 1.30352467e-01 4.44622874e-01 1.71924829e-02
    1.47564977e-01 1.63538426e-01 4.29369777e-01 8.84875417e-01
    5.04786909e-01 7.58846939e-01 8.71942759e-01 6.17625475e-01
    1.33689016e-01 7.63907671e-01 3.52504939e-01 7.61987984e-01
    4.97975200e-01 3.98034990e-01 8.61652553e-01 4.40882236e-01
    2.94957042e-01 6.75993323e-01 4.33796048e-01 3.17290843e-01
    8.21309328e-01 8.03979039e-02 6.65753543e-01 9.29236650e-01
    4.20265794e-02 3.62041473e-01 2.01915830e-01 5.51595688e-02
    2.74342179e-01 8.59665811e-01 3.33231926e-01 5.61467171e-01
    7.06022978e-01 8.11199903e-01 4.90556836e-01 9.88581121e-01
    4.98867005e-01 1.00570321e-02 8.79499435e-01 1.93898320e-01
    8.73159826e-01 8.57694983e-01 3.98128510e-01 8.82364154e-01
    5.04524112e-01 3.39996696e-01 2.57835627e-01 5.37448525e-01
    8.58441949e-01 3.02285254e-01 1.88321978e-01 2.34468222e-01
    5.54083049e-01 8.85984540e-01 9.95029092e-01 8.77162218e-02
    3.21723223e-01 6.49283946e-01 8.06691289e-01 7.04337835e-01
    5.48747182e-01 1.97960436e-01 2.28551000e-01 3.38819176e-01
    5.81056833e-01 1.04710639e-01 4.35905606e-01 7.28396773e-01
    2.89392054e-01 8.31274986e-01 3.18831503e-02 6.49939001e-01
    7.95054853e-01 4.41398919e-01 9.27136064e-01 9.09941792e-01
    9.17776704e-01 1.12317324e-01 1.04871333e-01 3.43988538e-01
    7.57352114e-02 9.29662585e-01 4.03393239e-01 3.42370331e-01
    9.56961751e-01 6.03074253e-01 9.02272046e-01 3.01042020e-01
    7.74455667e-02 6.39307737e-01 9.39543486e-01 8.37515593e-01
    8.16797733e-01 4.74090189e-01 7.13531494e-01 6.84820116e-01
    1.68598920e-01 2.53263891e-01 5.23242652e-01 1.04759187e-01
    5.99177420e-01 6.44926906e-01 5.51067948e-01 5.50193489e-01
    1.80496782e-01 8.01775455e-02 1.63594127e-01 3.27572644e-01
    5.04798055e-01 3.09237778e-01 7.79217243e-01 4.12736565e-01
    5.12284040e-01 3.01922619e-01 6.93906426e-01 3.78354013e-01
    5.98114312e-01 7.16237068e-01 3.03695589e-01 1.77953809e-01
    9.93920803e-01 5.50842226e-01 6.94472313e-01 1.43029004e-01
    2.58737445e-01 4.89788115e-01 6.38026059e-01 2.14949876e-01
    9.45086122e-01 5.45590639e-01 3.71272445e-01 6.13642335e-02
    9.49441671e-01 5.80461204e-01 9.55120146e-01 3.95608544e-02
    5.86699903e-01 7.25173473e-01 4.23309058e-01 1.27554625e-01
    1.11990482e-01 2.92583823e-01 9.61326599e-01 5.94760478e-02
    9.79686260e-01 5.30819774e-01 7.02288568e-01 9.19310689e-01
    1.16940707e-01 7.18711376e-01 1.10952914e-01 8.94369781e-01
    7.61103272e-01 9.07884538e-02 9.13795352e-01 5.70593774e-02
    4.24844325e-01 3.17338437e-01 7.96403706e-01 3.26402843e-01
    2.61988401e-01 2.21980810e-02 8.96753013e-01 1.24650598e-01
    6.94385469e-02 1.79911911e-01 8.38168979e-01 2.61236459e-01
    1.07654631e-02 1.64214075e-01 3.87536049e-01 2.91714549e-01
    4.28242981e-01 1.30804360e-01 8.22092772e-01 2.36201614e-01
    5.58038592e-01 5.46624422e-01 3.37351263e-01 8.17165017e-01
    3.93756002e-01 4.91527826e-01 9.80500340e-01 8.58878970e-01
    2.37440318e-01 6.24281228e-01 8.69366765e-01 7.68920124e-01
    9.51959729e-01 2.22597331e-01 3.46760988e-01 4.70324695e-01
    8.46945524e-01 8.05658102e-01 9.72763538e-01 6.99099541e-01
    4.08587456e-02 3.92815888e-01 3.87398005e-01 3.03222179e-01
    7.29289055e-02 2.74912834e-01 6.58822656e-01 6.96565688e-01
    1.07207507e-01 4.81025934e-01 1.10386640e-01 4.13364410e-01
    1.32417560e-01 6.29750311e-01 4.04181182e-02 8.75571609e-01
    2.45780498e-01 4.01965261e-01 1.97360903e-01 1.58653378e-01
    9.08450842e-01 6.47182643e-01 3.69403958e-01 2.40817666e-02
    2.42358148e-01 4.44903225e-01 6.45584106e-01 4.95158136e-01
    3.91430855e-02 6.47176206e-01 6.35006547e-01 3.91071141e-02
    2.03114241e-01 6.33212388e-01 8.41743231e-01 4.94037122e-01
    7.91301489e-01 5.11979163e-01 5.65969229e-01 3.74676973e-01
    7.51968145e-01 8.83299708e-01 8.60185385e-01 6.93254054e-01
    6.43765330e-01 1.39025241e-01 2.88811326e-02 2.91294813e-01
    7.20158219e-01 5.49456060e-01 5.53201675e-01 8.60805929e-01
    9.73804176e-01 5.04649162e-01 4.48976934e-01 4.64015961e-01
    8.16099167e-01 8.80873203e-01 1.77215934e-02 4.70376372e-01
    8.70268703e-01 6.24961078e-01 2.12369174e-01 5.92176318e-01
    1.67479217e-01 8.41567159e-01 9.49112654e-01 5.89910448e-01
    9.63804722e-01 6.81023598e-01 9.40428257e-01 3.85315925e-01
    2.87597179e-01 4.32806492e-01 4.76888955e-01 5.45513391e-01
    4.74791557e-01 2.60361552e-01 7.33318746e-01 2.88287759e-01
    4.00277615e-01 9.76863742e-01 7.75065422e-01 1.89446300e-01
    4.77387547e-01 7.35708654e-01 6.18878841e-01 3.24852765e-02
    6.90113127e-01 2.60477245e-01 9.06752586e-01 8.04198146e-01
    2.52612650e-01 1.67788208e-01 5.19054413e-01 6.57234192e-01
    2.89912879e-01 1.54100567e-01 3.03372741e-03 6.36354387e-02
    2.72087216e-01 6.88116789e-01 8.57374907e-01 7.94671655e-01
    6.38811648e-01 9.13104117e-01 2.00535715e-01 8.16693068e-01
    4.55755532e-01 7.37578273e-01 4.67141449e-01 1.19629472e-01
    5.28947055e-01 2.13759542e-01 6.50657237e-01 4.88798976e-01
    4.37623054e-01 4.07316506e-01 7.46257603e-01 9.60403979e-01
    6.72729611e-01 3.67635489e-01 1.25652134e-01 7.59762645e-01
    1.60563469e-01 3.23030561e-01 6.83913827e-01 8.65564585e-01
    2.27086514e-01 9.99744892e-01 3.92576218e-01 3.96852970e-01
    6.86390281e-01 9.74043727e-01 8.19260895e-01 3.64231706e-01
    8.42711926e-01 7.90297627e-01 7.71425128e-01 9.36243892e-01
    6.25288308e-01 6.88176215e-01 8.48048329e-01 5.65894246e-02
    6.97109103e-01 6.08227551e-02 1.10075533e-01 7.23949313e-01
    7.36144185e-02 4.76459950e-01 5.44311523e-01 6.17091656e-01
    2.32948333e-01 2.25595772e-01 6.01714194e-01 9.48591828e-01
    1.45848721e-01 4.38488305e-01 3.73680949e-01 8.45199466e-01
    8.61929536e-01 3.72316271e-01 9.38480794e-02 2.93412805e-01
    1.18127674e-01 8.86780858e-01 5.18065035e-01 1.15354568e-01
    4.65276003e-01 3.76372039e-01 8.64658594e-01 1.56350255e-01
    1.00984037e-01 6.00812256e-01 6.15831614e-01 2.53867567e-01
    8.19824696e-01 8.26479852e-01 3.82346809e-02 2.54129350e-01
    2.26590753e-01 1.65166944e-01 9.92847085e-01 9.69934702e-01
    3.95508289e-01 5.81056058e-01 5.76757133e-01 7.40372241e-01
    4.58272696e-01 9.03497696e-01 7.21442401e-01 3.83850336e-02
    9.78730083e-01 3.78239453e-02 4.89725739e-01 3.65770936e-01
    4.32207704e-01 2.23569274e-02 9.90953684e-01 6.88646317e-01
    6.10102236e-01 3.49966049e-01 3.00594270e-01 9.58653867e-01
    6.98816538e-01 3.38899225e-01 1.46591842e-01 5.28396010e-01
    1.15298629e-02 7.73274064e-01 4.25307453e-02 5.79411685e-01
    9.16321576e-01 2.23069400e-01 9.50525582e-01 4.01960701e-01
    6.05205834e-01 6.41352832e-02 6.05048656e-01 8.31191540e-01
    8.74728441e-01 6.61961734e-01 9.39518273e-01 3.66848767e-01
    4.28110123e-01 8.07001233e-01 1.87767625e-01 8.12010884e-01
    9.34119403e-01 3.42737377e-01 2.20326364e-01 4.27396715e-01
    9.89559710e-01 7.96982944e-01 1.13148034e-01 3.10387373e-01
    8.67564976e-01 6.14677548e-01 8.67708623e-01 9.10266519e-01
    8.47630024e-01 4.86114204e-01 3.93410861e-01 2.30913192e-01
    7.24158406e-01 3.60380173e-01 6.46721005e-01 2.28983611e-01
    8.61887336e-01 2.86077023e-01 9.46938276e-01 2.69994617e-01
    7.23706245e-01 5.86487055e-01 9.20057416e-01 3.67730439e-01
    9.81898069e-01 9.86442208e-01 3.66954684e-01 1.04912221e-01
    9.62729037e-01 5.64092636e-01 5.48129380e-01 7.28004158e-01
    8.46260905e-01 7.03502893e-01 1.40091658e-01 7.76615381e-01
    2.24027932e-01 7.65161872e-01 6.93216622e-01 6.33077145e-01
    1.41949236e-01 3.47375631e-01 8.43940377e-01 7.62894094e-01
    3.97667140e-01 1.74578607e-01 7.18368769e-01 4.20028031e-01
    9.41845417e-01 6.20275736e-03 5.15977621e-01 4.02730286e-01
    7.72612154e-01 8.27297390e-01 5.04893422e-01 3.86402249e-01
    4.38148439e-01 8.22662711e-01 6.77347362e-01 1.46924198e-01
    8.06049883e-01 8.92231822e-01 8.53696227e-01 4.88329291e-01
    9.62957621e-01 4.09427792e-01 5.23115218e-01 1.79604262e-01
    9.02348518e-01 5.03662765e-01 1.27157956e-01 1.47996545e-02
    7.40350604e-01 4.60028380e-01 2.32893229e-01 8.61673117e-01
    6.15609884e-01 6.85560703e-01 5.12075722e-02 3.94253969e-01
    1.82758778e-01 5.99327505e-01 4.00513172e-01 5.68376899e-01
    2.33569205e-01 4.78620946e-01 4.54367697e-02 3.03421736e-01
    4.52208281e-01 6.45962298e-01 8.57912421e-01 1.74364150e-02
    2.96957731e-01 1.61017507e-01 4.00750190e-01 8.97237778e-01
    7.15167344e-01 6.45846128e-03 3.09489310e-01 1.27692580e-01
    1.13594472e-01 6.78806961e-01 4.76629227e-01 3.90514433e-01
    7.43931830e-01 7.63060212e-01 6.46937251e-01 3.89203310e-01
    5.84904134e-01 2.51422226e-01 7.28185236e-01 3.88749719e-01
    5.09694695e-01 8.23722064e-01 3.67889345e-01 9.13807094e-01
    1.60505861e-01 4.04472619e-01 5.04453003e-01 8.19634438e-01
    8.32216918e-01 4.80970532e-01 5.13210714e-01 4.29592967e-01
    4.40652221e-01 9.52040255e-02 3.25563550e-03 9.89221931e-01
    1.20165706e-01 3.40750456e-01 2.48264909e-01 1.55856341e-01
    7.52983630e-01 7.86474705e-01 3.75806451e-01 7.79013634e-02
    1.77267134e-01 9.68070745e-01 4.41558957e-01 3.40421796e-02
    2.94993341e-01 7.08168745e-01 1.20265812e-01 9.81314600e-01
    1.52101636e-01 2.03328669e-01 9.87511218e-01 2.85899520e-01
    5.18136322e-01 9.21682119e-02 5.74392796e-01 3.69074345e-02
    2.54112631e-01 8.60955596e-01 1.76912218e-01 6.21486008e-02
    2.09367841e-01 4.79719758e-01 8.60446215e-01 7.86269963e-01
    7.80871511e-02 3.29029560e-01 9.34231997e-01 3.54561627e-01
    5.08232534e-01 9.93113816e-02 8.30503523e-01 9.98207331e-02
    1.11819178e-01 9.51844990e-01 8.53651285e-01 8.58670950e-01
    6.07035935e-01 9.06659245e-01 9.07028198e-01 8.05074811e-01
    2.08418936e-01 6.62197411e-01 4.15606767e-01 5.07115126e-01
    8.82912517e-01 1.76880091e-01 1.08888507e-01 1.17369533e-01
    7.80334234e-01 1.02150023e-01 6.71883762e-01 7.81284273e-02
    6.85881972e-01 6.05962694e-01 6.09015763e-01 2.91192234e-01
    5.19307137e-01 4.99490917e-01 3.30362320e-01 8.21536303e-01
    6.07387722e-01 2.25120783e-02 7.97686815e-01 2.66901046e-01
    2.95840174e-01 7.21634984e-01 1.89565271e-01 8.26116562e-01
    8.21886182e-01 4.39767808e-01 6.02642298e-01 9.50323939e-01
    3.96319330e-01 6.63583815e-01 9.48559940e-01 7.66134977e-01
    4.66049433e-01 8.99203181e-01 2.14462847e-01 6.56117678e-01
    5.25208294e-01 6.16975546e-01 9.72133517e-01 2.40122259e-01
    6.60328686e-01 4.95905280e-02 1.21602625e-01 1.10717922e-01
    5.26440382e-01 6.02224946e-01 7.84916520e-01 3.06965768e-01
    4.51076359e-01 6.28420234e-01 8.30624104e-01 8.16574216e-01
    1.88375235e-01 7.55572915e-01 2.99224734e-01 4.36833888e-01
    5.10439813e-01 1.82703435e-01 9.91812766e-01 6.64694965e-01
    2.86951005e-01 7.19111443e-01 1.38446450e-01 9.45901155e-01
    2.49322772e-01 3.25801373e-01 1.48425400e-01 6.72106802e-01
    4.50141937e-01 9.77289140e-01 8.59599829e-01 1.29509360e-01
    1.35614306e-01 7.53290355e-01 9.10383105e-01 7.14204907e-01
    5.52147746e-01 4.71870780e-01 3.38219106e-01 7.82134056e-01
    1.15665466e-01 2.89417326e-01 5.87669313e-01 3.78026843e-01
    7.56164253e-01 2.13597000e-01 1.07828498e-01 1.08981967e-01
    9.61217403e-01 6.93763077e-01 7.74009228e-01 8.17053616e-02
    9.27002549e-01 9.63645399e-01 2.23070025e-01 4.98425364e-02
    9.66394305e-01 8.14649940e-01 6.76931739e-01 8.03708076e-01
    1.36213809e-01 1.52936339e-01 4.50089753e-01 9.37955022e-01
    3.49747777e-01 5.56021988e-01 8.01305413e-01 1.50956571e-01
    6.22876406e-01 5.31148195e-01 3.25868934e-01 8.19455087e-02
    2.44923741e-01 3.76224160e-01 7.67017305e-01 7.19495893e-01
    2.30712026e-01 4.65124011e-01 3.63425016e-02 2.26484507e-01
    4.15090650e-01 1.04813248e-01 4.67684686e-01 2.76096463e-02
    2.17006475e-01 8.96604061e-01 3.67052436e-01 7.27213502e-01
    5.20562887e-01 7.94842601e-01 2.87821293e-01 2.15609312e-01
    9.23131883e-01 1.13519877e-01 2.08481640e-01 7.75504947e-01
    3.74201834e-01 1.42555714e-01 4.76870477e-01 2.62914658e-01
    4.66094255e-01 7.62238085e-01 1.03653014e-01 5.94940960e-01
    1.13538057e-01 8.02752376e-01 6.73550546e-01 9.96771455e-01
    7.45615959e-01 4.58224148e-01 7.80095816e-01 1.08144581e-02
    6.84503436e-01 9.59973454e-01 7.05261707e-01 2.86049843e-02
    2.62616694e-01 4.35874403e-01 7.86244869e-02 7.25391507e-01
    7.86710024e-01 8.02607894e-01 7.06604242e-01 9.32266235e-01
    8.36059809e-01 9.42653775e-01 4.03246909e-01 5.44006169e-01
    7.01124907e-01 9.09392655e-01 1.83617145e-01 2.50324726e-01
    1.89476192e-01 5.36772132e-01 9.70996618e-01 6.15764678e-01
    1.56117082e-01 9.25503910e-01 7.11444259e-01 5.22141457e-01
    9.26851273e-01 6.35561228e-01 1.54059708e-01 6.95858955e-01
    1.57987028e-01 2.63186634e-01 3.62223983e-02 8.04495394e-01
    3.38881075e-01 8.52690458e-01 4.99045253e-02 8.44518304e-01
    4.64830577e-01 9.12571430e-01 3.12046647e-01 4.07258630e-01
    8.36668313e-01 9.58095789e-01 5.93869746e-01 3.82669508e-01
    6.86047792e-01 4.92027968e-01 9.18547392e-01 3.93356919e-01
    8.11354756e-01 1.90512657e-01 2.27323860e-01 5.51040828e-01
    3.12364101e-03 1.11392856e-01 8.62887859e-01 9.86488044e-01
    6.61103070e-01 3.52911085e-01 3.88294131e-01 8.81389618e-01
    3.30812752e-01 2.19464689e-01 1.56902194e-01 2.36081630e-01
    6.96174502e-01 9.38420475e-01 5.55513263e-01 1.26334310e-01
    5.37190735e-01 8.09829235e-01 4.32650387e-01 7.77109504e-01
    5.10947585e-01 7.34910965e-01 1.95754945e-01 7.75052845e-01
    5.24461508e-01 9.46601212e-01 8.98061037e-01 5.02734423e-01
    5.28913200e-01 1.28674656e-01 1.10729784e-01 2.31313407e-01
    9.65303659e-01 3.78191441e-01 1.56689823e-01 8.09445918e-01
    5.04155159e-01 7.13673770e-01 7.16078281e-01 3.37876856e-01
    3.31796110e-01 4.97446060e-01 8.67115617e-01 6.92775249e-02
    5.41502774e-01 5.78352988e-01 7.80486465e-02 8.72440696e-01
    3.27532053e-01 3.30266595e-01 1.80902451e-01 2.48674959e-01
    7.63942838e-01 1.89548790e-01 1.32492781e-01 5.86016178e-01
    4.47208107e-01 5.88328123e-01 6.42508864e-01 3.98116261e-01
    2.76066482e-01 9.14040565e-01 2.47618824e-01 1.30197823e-01
    2.90012240e-01 6.11146808e-01 6.06500506e-01 5.24739504e-01
    4.90916312e-01 9.56448674e-01 3.98530662e-01 1.46878481e-01
    5.92384696e-01 8.51396859e-01 1.01191640e-01 3.48461658e-01</data></test_img>
<my_img type_id="opencv-matrix">
  <rows>128</rows>
  <cols>256</cols>
  <dt>f</dt>
  <data>
    -1.42070234e-01 1.22416186e+00 -4.09454107e-01 6.59012973e-01
    1.81084585e+00 1.16709661e+00 -2.18537748e-01 -7.30350971e-01
    -5.67553461e-01 3.64988625e-01 -8.73489022e-01 2.90852249e-01
    -2.88053989e-01 1.38946390e+00 -3.92406821e-01 1.16473651e+00
    -7.35914111e-02 4.29591298e-01 6.12428308e-01 -5.43800533e-01
    1.64729714e-01 -1.97438955e-01 1.62747097e+00 5.16978502e-02
    -6.09603763e-01 1.89588189e+00 1.23424959e+00 3.55422974e-01
    3.19304585e-01 4.86011386e-01 -2.14995563e-01 -8.89662504e-02
    1.58015907e+00 1.22977853e-01 -6.88777208e-01 1.22041655e+00
    -9.78350043e-02 1.37383080e+00 -4.95563418e-01 -4.19053078e-01
    -8.01622868e-04 -8.79220486e-01 -3.81336868e-01 1.75470829e+00
    9.88005102e-01 1.09819806e+00 2.46653974e-01 -7.64936447e-01
    1.34957433e-01 -5.78495264e-01 1.92216587e+00 1.69100666e+00
    -5.83507299e-01 7.53376484e-01 -6.88176394e-01 7.28217602e-01
    1.32892168e+00 1.48711753e+00 9.84808087e-01 1.25449705e+00
    1.62442327e+00 1.20888877e+00 1.21187687e+00 1.50042546e+00
    1.45630515e+00 1.52889264e+00 -5.12366593e-01 -5.19199431e-01
    -8.91889930e-02 4.87109721e-01 1.62067711e+00 -1.95159674e-01
    9.94397402e-01 -4.55186844e-01 1.53019643e+00 1.71491241e+00
    -4.78446484e-01 1.91735375e+00 9.87652540e-01 -8.09356451e-01
    -4.82571870e-01 5.16183257e-01 6.40406251e-01 6.83757365e-01
    -3.26204538e-01 1.27396584e+00 1.37993419e+00 8.16223145e-01
    1.91098309e+00 -2.27967083e-01 7.14286983e-01 2.73926377e-01
    7.43610144e-01 1.13706517e+00 1.30118537e+00 4.86371398e-01
    1.34890389e+00 -5.01778126e-01 9.66698647e-01 1.02131629e+00
    7.06672192e-01 1.16141486e+00 1.18204284e+00 8.14482570e-01
    6.97531819e-01 -2.43418574e-01 -1.30661011e-01 -5.56838334e-01
    1.93607187e+00 4.71404970e-01 -9.62844551e-01 -9.34983969e-01
    1.82345700e+00 1.04837477e-01 -7.67020583e-02 8.71725321e-01
    8.17312777e-01 -7.65432715e-02 5.75888216e-01 6.15238786e-01
    1.44346237e+00 9.12895322e-01 1.32043505e+00 -8.31670403e-01
    -9.20192957e-01 1.02112913e+00 5.00681877e-01 -8.93311501e-02
    -2.19456553e-01 -3.59007061e-01 1.71221721e+00 1.23551202e+00
    -6.41559541e-01 -3.04294884e-01 8.54053080e-01 7.16252804e-01
    1.07961059e-01 6.22880816e-01 -8.55100751e-01 5.43118715e-02
    7.84552991e-01 1.11768138e+00 -7.80146897e-01 3.50241601e-01
    -8.09522927e-01 3.35544348e-01 -8.37591171e-01 -8.53934288e-01
    4.65266705e-01 2.38384783e-01 -2.28271842e-01 1.78579772e+00
    5.42120099e-01 -1.40344083e-01 1.64126456e+00 1.43810594e+00
    -2.36188471e-01 1.43834090e+00 8.52904260e-01 7.88676322e-01
    2.80021071e-01 1.04907393e-01 -5.62078893e-01 -3.88287187e-01
    1.36117697e+00 1.38274193e+00 -6.87328458e-01 -4.47725177e-01
    1.60471690e+00 3.82008791e-01 -4.26853418e-01 -1.47675872e-02
    -7.75609016e-02 1.12536228e+00 -1.38117850e-01 -1.00230324e+00
    1.86350536e+00 1.19081545e+00 1.63738704e+00 -9.36603665e-01
    -5.38893223e-01 9.85762239e-01 5.45317292e-01 9.40012813e-01
    1.69677782e+00 1.36253953e-01 -5.89558482e-01 6.33663535e-02
    -2.19036937e-02 1.43547416e+00 1.82306600e+00 7.33810306e-01
    1.73363006e+00 1.33715808e-01 2.17127860e-01 4.70960736e-02
    4.55667078e-01 1.22444868e+00 1.30706584e+00 7.11432397e-01
    -2.85556793e-01 -3.66684556e-01 7.38416076e-01 1.03201854e+00
    -9.36180294e-01 1.80858648e+00 -9.92277801e-01 6.18692756e-01
    -5.58066249e-01 -3.34826708e-01 5.20012259e-01 2.31127918e-01
    -1.35556996e-01 1.52845383e-02 -7.31012464e-01 1.46847606e-01
    -9.11814034e-01 -8.90166581e-01 6.93328440e-01 -2.77329862e-01
    1.45834267e+00 4.85177040e-02 1.53680265e+00 -4.08314705e-01
    1.09370077e+00 -9.53412056e-01 1.05041122e+00 1.54715836e-01
    1.72403717e+00 1.84305763e+00 1.99265718e+00 3.65662217e-01
    9.66446280e-01 -6.86094284e-01 -7.07935750e-01 -7.48807192e-01
    3.86242330e-01 -5.58018625e-01 2.43970394e-01 3.38688135e-01
    1.35038745e+00 1.45568311e+00 -4.18400049e-01 1.26628232e+00
    -5.68801403e-01 1.88527858e+00 1.55850017e+00 6.97870374e-01
    6.00103855e-01 -5.54839492e-01 1.25833869e+00 -9.51447964e-01
    1.08096266e+00 6.50945127e-01 4.71205354e-01 -4.58758354e-01
    3.41063738e-01 1.16564167e+00 -7.77148306e-01 -3.72814417e-01
    9.00708437e-01 1.55319166e+00 7.31581450e-01 -9.26215410e-01
    1.15411925e+00 -8.21241915e-01 1.06520820e+00 1.31442761e+00
    1.47298074e+00 1.13190246e+00 1.52035642e+00 1.20598662e+00
    -3.19582224e-03 4.16006327e-01 1.80243170e+00 1.61426079e+00
    2.63015985e-01 -5.95879912e-01 5.77633619e-01 1.12056601e+00
    7.10330367e-01 2.60190904e-01 1.90975416e+00 1.05610406e+00
    -5.88187814e-01 1.41475606e+00 -4.58387554e-01 1.53398538e+00
    1.08330071e+00 4.10475314e-01 -8.35135221e-01 -8.63691330e-01
    -6.22280419e-01 1.35474944e+00 1.09335613e+00 1.48268318e+00
    2.28936136e-01 5.23987591e-01 1.71946669e+00 1.04378748e+00
    8.62284303e-01 1.86364055e+00 2.49686360e-01 1.28659666e+00
    -4.29667830e-02 6.00528359e-01 3.69626105e-01 1.32427883e+00
    -8.18994164e-01 1.95178676e+00 1.09456038e+00 3.60500991e-01
    3.67831409e-01 1.61090183e+00 -7.56141067e-01 5.03766060e-01
    1.83244824e+00 -1.62760735e-01 9.07842159e-01 8.99053454e-01
    -2.44172573e-01 8.66138577e-01 -2.93317974e-01 -5.72587609e-01
    8.65955949e-01 4.30089831e-01 1.59365726e+00 -2.71183372e-01
    -8.39332342e-02 -2.32593000e-01 1.40081406e+00 -1.29768848e-02
    1.75858712e+00 -4.83829677e-01 1.33579159e+00 -9.35898244e-01
    1.18644536e-01 -5.99785566e-01 1.83381510e+00 4.72652912e-03
    2.22851455e-01 9.33667183e-01 1.06390405e+00 4.41725671e-01
    1.06264901e+00 -6.88007891e-01 3.09743464e-01 -2.34277248e-02
    3.73887241e-01 2.85899639e-02 1.55705082e+00 1.91309547e+00
    -3.50958705e-01 6.65636361e-01 1.49873078e+00 4.81293738e-01
    8.78743589e-01 -8.67502391e-01 -9.48975503e-01 1.48435497e+00
    1.82318234e+00 -3.38507116e-01 -9.38533306e-01 -3.96142721e-01
    -7.06741810e-01 -3.98921788e-01 6.54136062e-01 8.03456485e-01
    1.87455356e-01 6.85798526e-02 1.32309055e+00 1.05817032e+00
    6.64103270e-01 1.70485997e+00 1.68134308e+00 -2.52626061e-01
    1.88692331e+00 -7.89399683e-01 1.46663427e+00 1.41632247e+00
    8.92264724e-01 1.72035623e+00 8.74082446e-02 4.36767936e-01
    1.09533691e+00 3.41774225e-01 -1.26146436e-01 -6.03991449e-01
    -3.56677949e-01 1.41887498e+00 1.31824970e+00 8.31464589e-01
    1.32070112e+00 9.91194844e-01 1.73241067e+00 1.94292545e+00
    1.25528193e+00 5.72014570e-01 -8.35011125e-01 4.46890771e-01
    2.04925013e+00 -1.01439834e-01 8.99745286e-01 -5.73727250e-01
    -1.46427035e-01 1.01396286e+00 1.68308568e+00 1.64684558e+00
    -5.43555856e-01 1.53279722e+00 -5.88438272e-01 1.77591407e+00
    7.78159261e-01 1.94567084e-01 3.23556542e-01 -6.51859879e-01
    -8.01598310e-01 1.18743002e+00 -6.60821378e-01 1.42095351e+00
    1.64993441e+00 1.35661173e+00 1.49536335e+00 -6.77204490e-01
    1.26985252e+00 1.00984764e+00 8.93543839e-01 -9.80626345e-02
    5.18743038e-01 6.00999296e-01 7.83027530e-01 6.89793527e-01
    4.56753075e-01 9.04114544e-01 1.90953207e+00 1.15703535e+00
    4.10976410e-02 -1.88063502e-01 3.91006291e-01 1.47652400e+00
    1.63522959e+00 1.98608577e+00 4.42709565e-01 1.69043326e+00
    3.10203075e-01 1.03401256e+00 -5.10922790e-01 5.92143476e-01
    -7.30104446e-01 -5.17172515e-01 2.23595500e-02 -8.74265134e-01
    1.46472013e+00 -1.27917528e-02 -9.05556440e-01 1.41088021e+00
    9.12177563e-02 -3.75122011e-01 -3.66412163e-01 -1.04146218e+00
    1.26972604e+00 -3.84834409e-02 1.30934954e+00 -6.79980278e-01
    -4.11983967e-01 6.39430761e-01 7.87024260e-01 -8.44053030e-02
    5.72359979e-01 8.31936777e-01 -6.10948145e-01 1.48571968e-01
    5.22905290e-01 9.00779128e-01 4.58628535e-01 1.76219225e+00
    8.75212014e-01 1.21773911e+00 1.92024612e+00 3.98214459e-01
    1.44867778e-01 -1.66313469e-01 2.54483998e-01 6.32799625e-01
    -6.35447145e-01 6.66230261e-01 -1.41026378e-02 6.30529940e-01
    -5.78770220e-01 -2.62550116e-02 1.25197446e+00 5.17843366e-02
    -1.48391724e-02 -5.13429523e-01 1.50430024e+00 1.21860504e+00
    3.23550701e-01 -3.47005129e-01 5.36254048e-01 1.55120695e+00
    -5.27338624e-01 1.05308247e+00 4.32854056e-01 1.76028275e+00
    1.64411211e+00 1.89231515e+00 9.75969076e-01 -7.66602874e-01
    1.96505427e-01 -1.35646522e-01 -4.50265318e-01 3.50041747e-01
    6.09760761e-01 -9.18960750e-01 -5.08274555e-01 -7.47853816e-01
    1.66389799e+00 9.85769570e-01 1.54392874e+00 9.65295672e-01
    -8.32513630e-01 -7.78587461e-02 1.99730682e+00 3.74051392e-01
    6.48731589e-01 -4.35448289e-02 9.36521053e-01 6.83922768e-02
    1.32788444e+00 -4.80337471e-01 1.15685868e+00 -1.48821652e-01
    3.86119246e-01 1.70340300e-01 3.69127393e-01 1.32262886e-01
    3.86358440e-01 1.59758580e+00 7.35486150e-01 1.48714781e-01
    -8.45326602e-01 7.01423883e-02 1.80028725e+00 1.45656884e+00
    -2.14375615e-01 -2.11435556e-02 -8.35714340e-01 3.41270804e-01
    1.98635364e+00 1.42985678e+00 1.92458701e+00 7.48383760e-01
    9.67115343e-01 7.92837977e-01 -6.06976032e-01 -6.22225046e-01
    -8.48187447e-01 1.21499443e+00 -3.49012613e-01 1.89792919e+00
    -6.83977246e-01 1.40491784e+00 7.58697629e-01 1.85696602e+00
    -7.35242605e-01 1.42027843e+00 3.07350457e-01 1.59082174e+00
    1.30434108e+00 1.21048796e+00 -5.50314784e-01 9.99645114e-01
    -3.29726338e-01 3.48102689e-01 2.62961388e-01 1.05951214e+00
    9.63815093e-01 -4.80896354e-01 -7.02890158e-01 1.06775999e-01
    1.00274336e+00 -5.58821201e-01 1.15443754e+00 9.15140271e-01
    -3.64295244e-02 7.82101870e-01 -3.42749357e-01 2.47044206e-01
    1.22619367e+00 1.73489642e+00 -6.33639395e-01 5.58407307e-01
    6.71195924e-01 3.94058168e-01 4.01311636e-01 1.79547429e+00
    3.67144942e-02 3.73155415e-01 -4.34853911e-01 1.88960552e+00
    -8.27495456e-02 3.22808146e-01 1.16936636e+00 1.42156625e+00
    -5.34749031e-01 5.00584364e-01 -4.92185146e-01 8.91904175e-01
    1.46138453e+00 1.47689056e+00 1.65504992e+00 -9.17107463e-01
    9.47065949e-01 -9.84479487e-01 -7.77299881e-01 2.26254106e-01
    -4.15260136e-01 1.48157263e+00 1.67913973e+00 1.07328057e+00
    6.60359859e-04 -9.99923348e-02 -7.43543148e-01 -4.81797814e-01
    1.36266601e+00 1.72743559e+00 -4.09517169e-01 -5.37570357e-01
    8.05882931e-01 1.87720609e+00 1.85374200e+00 1.96248055e-01
    -5.83539844e-01 9.61523652e-01 -7.53503323e-01 -5.67362666e-01
    -6.56783462e-01 -2.56486893e-01 -6.21120334e-02 1.93007398e+00
    -5.81961989e-01 1.83347130e+00 2.76485801e-01 1.81926191e+00
    1.46151280e+00 1.85340667e+00 9.50795412e-01 6.85374141e-01
    1.23089623e+00 -2.00919569e-01 -5.69926381e-01 -2.87642896e-01
    -9.60832179e-01 -8.01070452e-01 -3.06052744e-01 8.79102886e-01
    5.78759909e-01 1.48299885e+00 2.00548744e+00 -1.25773966e-01
    7.68378377e-01 -6.32285953e-01 1.80564809e+00 1.87293434e+00
    -2.83223510e-01 1.34288669e+00 1.04523897e-02 1.66576719e+00
    1.59053433e+00 -1.56425178e-01 5.96777856e-01 -8.92734349e-01
    4.88366663e-01 1.86380219e+00 -1.31375909e-01 7.67003894e-01
    -1.76376998e-01 1.27850580e+00 9.38949108e-01 1.23698390e+00
    9.75853205e-02 8.20936203e-01 -8.09297621e-01 1.13306880e+00
    1.33848023e+00 -5.20872831e-01 1.36868310e+00 -6.07685804e-01
    4.23763573e-01 -7.31016815e-01 5.64959526e-01 1.00341940e+00
    1.59079766e+00 1.14723134e+00 -1.08360827e-01 1.32849717e+00
    3.57450366e-01 1.61844969e-01 -1.67150021e-01 1.14601910e-01
    1.83916736e+00 2.03729343e+00 1.52632594e-01 -8.66785049e-01
    -8.56798828e-01 -2.50036716e-01 2.91079044e-01 -9.68561113e-01
    6.36380076e-01 1.04786611e+00 1.21075237e+00 1.82726669e+00
    -2.64421821e-01 4.48477745e-01 1.06005085e+00 1.34561133e+00
    1.36859977e+00 -2.87318408e-01 2.18022883e-01 1.65618241e-01
    1.75001836e+00 1.72314334e+00 1.84388185e+00 1.28053606e-01
    1.60108328e+00 2.03525472e+00 8.40661108e-01 -1.90235436e-01
    -8.81323636e-01 1.89079702e-01 6.98948145e-01 3.80485892e-01
    1.80557537e+00 1.27834547e+00 -4.28772926e-01 -8.71351123e-01
    9.86880898e-01 1.02467251e+00 5.42254865e-01 1.71427107e+00
    1.88892078e+00 -4.29686397e-01 6.92305386e-01 6.76132202e-01
    1.86606300e+00 -2.71371603e-02 -4.50420648e-01 -7.22176671e-01
    1.62021255e+00 -6.58463597e-01 -3.97963017e-01 1.49203670e+00
    3.01986277e-01 1.77315116e+00 -6.58527613e-02 -3.71741712e-01
    -5.05603373e-01 1.30462718e+00 -8.70664060e-01 -4.55504507e-01
    -1.55812442e-01 1.49060261e+00 1.05505216e+00 9.83675599e-01
    1.50637376e+00 8.85707736e-01 -1.85029209e-01 4.61505353e-01
    1.79115534e-01 -3.70806694e-01 1.88397551e+00 1.78883326e+00
    -3.33348393e-01 -7.27578521e-01 1.01517200e-01 5.74202120e-01
    1.90359282e+00 -1.54821336e-01 -9.08185422e-01 3.92388344e-01
    -4.67678010e-01 -9.62100446e-01 -7.37130344e-01 7.91678429e-02
    1.65741897e+00 7.63072133e-01 1.83397257e+00 -8.65758002e-01
    -2.82792747e-01 1.87654829e+00 1.36950374e-01 -4.35242355e-01
    5.86116314e-02 1.78803527e+00 -2.04569876e-01 5.26309729e-01
    1.03174949e+00 1.51017630e+00 -9.07351315e-01 1.04935718e+00
    -5.32440722e-01 -8.38317990e-01 1.22549295e+00 8.91926646e-01
    6.41341209e-01 5.62590361e-02 1.90078664e+00 -8.79622698e-01
    9.36058998e-01 4.15979505e-01 -3.98996472e-01 1.85540307e+00
    -6.52838826e-01 7.54935741e-02 1.88197553e+00 2.92317152e-01
    1.10189807e+00 1.31046271e+00 5.60953259e-01 4.72466230e-01
    -3.37969720e-01 -1.52648926e-01 4.54764664e-01 3.32428515e-01
    -4.77284193e-02 -9.43206429e-01 -9.05138671e-01 1.91050470e+00
    -8.22831929e-01 5.95295548e-01 1.63837063e+00 2.30342627e-01
    1.62767172e-02 1.27453530e+00 -9.27916646e-01 3.66574526e-01
    1.44198251e+00 1.68993747e+00 -7.46628165e-01 3.96618724e-01
    1.62726283e-01 1.06268752e+00 -8.63811374e-02 1.13027883e+00
    1.73480964e+00 -2.86614299e-01 -3.86040270e-01 8.23508978e-01
    -6.95369124e-01 1.50706911e+00 5.31861782e-02 8.38599265e-01
    2.39339292e-01 -7.81199932e-02 2.61215091e-01 9.59251523e-01
    -2.96714842e-01 1.44657958e+00 8.48859727e-01 6.84497356e-01
    -5.70598364e-01 1.52510905e+00 1.83080804e+00 1.27748168e+00
    -2.57972658e-01 6.08389676e-01 -9.55070496e-01 1.33046818e+00
    3.34572077e-01 -2.73712635e-01 1.90512145e+00 3.64213347e-01
    -8.26704025e-01 1.71983814e+00 1.85282934e+00 1.73850155e+00
    -6.92109644e-01 9.24709022e-01 1.94932342e+00 -3.40588391e-01
    6.96868062e-01 2.80058026e-01 1.38245106e+00 -5.02260983e-01
    -4.91845608e-03 1.18286657e+00 2.76577234e-01 8.50547552e-02
    1.61685264e+00 -1.00749314e-01 1.29129457e+00 6.16649508e-01
    3.03252757e-01 5.64100802e-01 1.08779633e+00 -9.25837159e-02
    1.10305727e+00 1.93708122e-01 3.12527835e-01 -6.75268531e-01
    5.92222214e-01 -3.09755862e-01 8.94278169e-01 -1.56466365e-01
    1.23667097e+00 -9.29227710e-01 -6.56738520e-01 1.91246688e-01
    1.47673428e+00 2.86176562e-01 4.41183567e-01 -8.52992535e-02
    1.62896657e+00 1.11134052e+00 -7.97786295e-01 4.09434855e-01
    -8.11328888e-01 8.23885381e-01 1.68536055e+00 1.17224479e+00
    1.10264194e+00 9.42105889e-01 1.00970089e+00 9.56679821e-01
    1.95624495e+00 -6.35721147e-01 1.31107104e+00 -8.83348823e-01
    -4.45400357e-01 -6.00010633e-01 2.42095351e-01 8.22115779e-01
    1.05347919e+00 2.64129400e-01 1.86667395e+00 5.06728649e-01
    1.41107118e+00 4.42250252e-01 4.44613814e-01 2.80246854e-01
    1.40586472e+00 -4.88483906e-03 3.26202631e-01 -8.81483257e-01
    -7.87459433e-01 1.85560465e-01 1.73673916e+00 5.83527863e-01
    1.29320824e+00 -3.62311721e-01 -4.95512187e-01 -2.97301233e-01
    1.83456409e+00 -7.31211364e-01 -7.83449531e-01 1.86995196e+00
    7.20130861e-01 -8.35095346e-01 2.90019155e-01 6.63750648e-01
    -1.17877781e-01 -2.76608467e-02 -4.51540202e-01 1.70521784e+00
    6.21201694e-01 -3.34932625e-01 1.02491689e+00 1.19398046e+00
    1.51282358e+00 1.21972346e+00 1.71883523e+00 -3.89278114e-01
    1.85793614e+00 1.51525843e+00 6.55243933e-01 -1.44703448e-01
    7.68241048e-01 6.18578434e-01 1.71155405e+00 -3.20182264e-01
    1.54581952e+00 -8.84056509e-01 -8.14847946e-02 5.39397001e-02
    -6.45914793e-01 9.28104520e-01 1.22550297e+00 1.31521797e+00
    -7.23394156e-02 -7.97489107e-01 3.42932999e-01 1.37256157e+00
    -1.94585681e-01 2.38019586e-01 -1.67378902e-01 1.32317603e-01
    -7.31825948e-01 -8.01691890e-01 1.93321562e+00 1.44067025e+00
    1.71555495e+00 -6.06986880e-01 5.55727184e-01 1.22532642e+00
    -7.97654927e-01 -3.35694551e-01 1.77875113e+00 1.68637979e+00
    1.53911066e+00 9.00045514e-01 -1.13365054e-02 1.04606950e+00
    -9.04965401e-03 1.40212727e+00 -4.36668456e-01 1.93446755e+00
    4.77269351e-01 -8.65709364e-01 1.61777604e+00 -8.15864742e-01
    1.45610130e+00 1.59115911e+00 6.99972034e-01 7.71084845e-01
    -3.55962515e-02 -5.31041145e-01 -4.01522100e-01 1.99186254e+00
    1.50659895e+00 1.99019933e+00 -7.39820719e-01 -5.12087882e-01
    1.01486731e+00 1.77950501e+00 5.98384619e-01 7.49577761e-01
    -1.92717791e-01 1.16552544e+00 1.20631516e+00 1.50877786e+00
    -3.00839543e-02 -4.03337717e-01 1.69159567e+00 -7.60266602e-01
    8.40127945e-01 -4.77283567e-01 3.69339228e-01 -5.08118689e-01
    1.52068901e+00 1.58485556e+00 1.42861509e+00 1.13207567e+00
    6.49650097e-01 7.64247298e-01 -4.30126905e-01 1.66224384e+00
    7.68983245e-01 1.73302472e-01 1.09532523e+00 -1.60218537e-01
    2.14870930e-01 5.27545154e-01 3.66705537e-01 1.24092758e-01
    1.57825041e+00 7.34904945e-01 1.68783641e+00 1.11409152e+00
    4.75201547e-01 1.17299962e+00 -4.65648293e-01 3.58873129e-01
    -4.28970367e-01 1.83676839e+00 -3.08551133e-01 -1.77192748e-01
    8.96721482e-02 -2.09475160e-01 -3.83712590e-01 1.63899422e+00
    -6.85963511e-01 1.53357768e+00 1.40499663e+00 1.09064698e-01
    -2.72051096e-02 -2.20118761e-02 3.65552306e-01 5.24871588e-01
    5.61174870e-01 2.54986405e-01 1.69209921e+00 9.15631771e-01
    -9.72513080e-01 1.08857286e+00 4.35760856e-01 7.55966902e-02
    6.62061214e-01 9.11133289e-02 9.26681757e-02 3.85978818e-01
    4.03779745e-02 1.77211261e+00 3.61487269e-01 1.34586346e+00
    4.57367659e-01 1.43055034e+00 7.57417500e-01 -2.67504513e-01
    1.02128887e+00 1.87481892e+00 1.85562789e-01 2.55641580e-01
    -6.10004246e-01 1.80240178e+00 1.43491626e-01 1.48901594e+00
    -1.26822710e-01 -1.01958025e+00 4.06895995e-01 -4.81002629e-01
    -6.05016232e-01 1.44578350e+00 -6.29048705e-01 4.71710801e-01
    6.82484269e-01 9.32238579e-01 1.09233475e+00 6.51051998e-01
    9.19837952e-02 1.06024170e+00 7.00891495e-01 1.37653470e+00
    -5.32639623e-01 1.69883299e+00 6.30079746e-01 9.56090689e-02
    8.79760206e-01 -6.37401164e-01 4.10611510e-01 1.65251851e-01
    -3.26953411e-01 -3.45130920e-01 -7.19089389e-01 -1.31225288e-01
    4.01385963e-01 1.87566757e-01 5.25590897e-01 4.93260384e-01
    3.21565211e-01 -4.21846986e-01 2.67191529e-02 1.70653176e+00
    -4.33755249e-01 -1.55655861e-01 1.57477033e+00 -6.25079393e-01
    8.18452477e-01 1.03352749e+00 -2.61867046e-03 -9.53096867e-01
    3.44126880e-01 5.42854786e-01 1.44296777e+00 6.06337667e-01
    -8.76303077e-01 1.43991840e+00 2.82657743e-01 -1.23842597e-01
    1.90398836e+00 1.25844407e+00 1.14301872e+00 -2.26636052e-01
    -6.54547334e-01 2.74449468e-01 -6.52737260e-01 1.47153437e+00
    -4.30752158e-01 -8.45746636e-01 8.06973934e-01 -5.88378310e-01
    1.44095826e+00 1.86049509e+00 1.84713101e+00 -9.48103666e-02
    -5.17765105e-01 1.40414178e+00 1.60022402e+00 8.25450122e-01
    1.50752509e+00 1.50494218e+00 6.30781054e-01 1.14272952e+00
    1.28349090e+00 -4.44912791e-01 5.12109816e-01 1.63578296e+00
    4.06359434e-02 1.60759640e+00 9.68105733e-01 -2.91687667e-01
    1.64839447e+00 1.58686543e+00 1.89934838e+00 1.76429057e+00
    3.10856700e-01 4.32924271e-01 6.75530136e-01 1.37536848e+00
    8.97872627e-01 -6.15110040e-01 -5.54831982e-01 4.30688858e-02
    4.28105474e-01 -1.94628894e-01 1.34911323e+00 1.36557794e+00
    4.80914354e-01 2.96964109e-01 9.69696641e-02 5.51781058e-01
    1.43570065e+00 1.89164925e+00 1.15505493e+00 1.52721906e+00
    -9.06582773e-01 1.02385449e+00 1.73497391e+00 2.39483297e-01
    -6.03304505e-02 -6.69041395e-01 5.35634995e-01 7.78463006e-01
    -7.38121569e-01 1.17652512e+00 9.35376048e-01 1.63272643e+00
    9.99823093e-01 4.97704208e-01 1.31206203e+00 7.96078146e-01
    9.45020139e-01 2.51530588e-01 8.16114485e-01 -5.25807738e-01
    1.73289251e+00 1.40638995e+00 1.01523614e+00 1.22975063e+00
    -7.85997510e-01 -1.74578249e-01 3.22995007e-01 -7.98270702e-01
    1.75809598e+00 -7.57460952e-01 1.83112144e+00 1.47722220e+00
    -1.01360321e-01 -1.12337053e-01 2.59342015e-01 -7.78994083e-01
    2.07129931e+00 -2.35972524e-01 -5.73313236e-01 -5.42059064e-01
    8.34269106e-01 -1.58912599e-01 1.72221947e+00 1.10881734e+00
    -5.41437507e-01 1.16904712e+00 1.64001286e+00 1.35891330e+00
    1.29060447e-01 5.84250093e-01 -7.24186540e-01 -6.32205009e-02
    -6.07086301e-01 6.53989494e-01 1.95721960e+00 4.36075747e-01
    -7.09170759e-01 -1.28719032e-01 7.09430277e-01 2.38219142e-01
    -4.83597517e-02 -3.66988242e-01 1.07017541e+00 -3.08572173e-01
    5.98746836e-01 1.20725882e+00 1.83116531e+00 6.19430363e-01
    1.11736655e-01 -4.39730048e-01 1.66466320e+00 1.66992319e+00
    3.10477316e-01 1.02016568e-01 3.74095917e-01 1.43012726e+00
    2.50034869e-01 2.14412451e-01 -7.29967594e-01 8.69829357e-01
    -2.24485219e-01 -5.16116321e-01 3.21374536e-01 1.11240470e+00
    -7.86880374e-01 2.16308475e-01 -3.36660922e-01 1.63591886e+00
    1.61502242e+00 1.53071773e+00 1.62354398e+00 3.59319508e-01
    -7.99810171e-01 7.79422998e-01 -9.63416576e-01 -9.69579160e-01
    1.51014209e+00 -1.72200918e-01 1.00675297e+00 8.34674895e-01
    4.23020780e-01 -6.77395284e-01 1.86883545e+00 -5.59593081e-01
    -1.95325673e-01 -4.62120414e-01 9.06214774e-01 5.71900487e-01
    6.60505891e-02 9.24577236e-01 -8.91856015e-01 -3.45695257e-01
    -5.03248632e-01 -7.64261723e-01 9.82253313e-01 -3.59755576e-01
    -3.23640943e-01 1.84315598e+00 -6.26017511e-01 -3.07489634e-01
    1.37408018e+00 1.39318359e+00 1.82090104e+00 8.09754968e-01
    1.58566499e+00 1.27381706e+00 1.21516383e+00 -2.24059820e-02
    -1.55641019e-01 1.14657950e+00 3.01475167e-01 -6.80521786e-01
    1.84315503e+00 1.04358292e+00 1.15765107e+00 -2.03008890e-01
    -5.26486635e-01 -5.36527634e-01 2.56300569e-01 6.73665106e-01
    -3.53547037e-01 6.64505303e-01 -7.16547310e-01 -7.93245435e-01
    3.46261084e-01 1.75033391e-01 1.66164899e+00 1.87344992e+00
    -8.86744320e-01 -7.12209463e-01 1.29528069e+00 -3.97837162e-01
    5.32710850e-01 5.80144584e-01 1.83278346e+00 9.30157125e-01
    1.46943116e+00 1.01669323e+00 1.00240231e+00 -1.64936483e-01
    1.39900780e+00 -1.48680866e-01 1.42513227e+00 1.69254065e+00
    6.14914060e-01 8.15814853e-01 1.88143671e-01 -8.89969766e-01
    -2.21370399e-01 1.48134935e+00 5.30344903e-01 1.29827666e+00
    1.26852298e+00 -4.35484052e-02 -3.18498492e-01 -8.01638901e-01
    1.24025440e+00 1.51103735e-01 1.78183556e+00 5.51129758e-01
    1.33328915e-01 6.35481060e-01 4.90395188e-01 1.39008856e+00
    1.17320144e+00 -8.60271335e-01 2.26657629e-01 -7.67360091e-01
    4.94542480e-01 3.36177766e-01 5.60680628e-01 2.54558444e-01
    5.79725146e-01 -4.47087348e-01 -1.09791636e-01 1.45725775e+00
    -9.36405241e-01 1.89620674e+00 -7.08125710e-01 6.74993992e-02
    1.40978825e+00 1.30760074e+00 -1.09118640e-01 9.44382548e-01
    -5.96085548e-01 2.92157829e-01 5.32324374e-01 1.43701363e+00
    -9.09015417e-01 1.64713657e+00 1.39248097e+00 -5.40317893e-01
    9.30903614e-01 1.74543881e+00 5.83316445e-01 -6.96887136e-01
    1.01815224e-01 1.73432410e+00 2.83998787e-01 1.61246181e-01
    6.72566950e-01 3.00474048e-01 1.76049304e+00 -4.69812751e-01
    5.16301274e-01 6.29493952e-01 -3.85462224e-01 1.25210786e+00
    9.14096832e-04 2.97060788e-01 7.79725790e-01 1.75860035e+00
    -1.46745503e-01 -8.09425116e-02 6.74179792e-02 -8.91662121e-01
    -6.41187310e-01 -4.94765043e-01 -7.17641950e-01 -5.56637526e-01
    1.14442503e+00 -4.28790599e-01 1.90359831e+00 6.65320277e-01
    -7.16171086e-01 5.84726810e-01 -1.48013711e-01 -5.85186362e-01
    1.19376123e+00 7.19543993e-01 2.05750299e+00 3.61220121e-01
    5.77029943e-01 4.03229356e-01 1.08817148e+00 1.82620263e+00
    1.22373927e+00 8.31458747e-01 1.40757775e+00 6.01794958e-01
    6.72071397e-01 -5.75902224e-01 8.60619485e-01 1.53814101e+00
    -7.13487267e-01 1.05854654e+00 -9.34841633e-02 -4.89758044e-01
    1.93325138e+00 2.28693962e-01 4.45778370e-02 -4.21086907e-01
    1.95693886e+00 -2.38897324e-01 -3.31660688e-01 -2.73861349e-01
    7.05637872e-01 2.82191038e-02 -9.23562288e-01 3.51139188e-01
    4.56348956e-01 1.89416027e+00 1.93948233e+00 1.45087290e+00
    2.37737298e-01 1.36099589e+00 6.48886740e-01 1.92925572e+00
    -9.13195431e-01 -7.54791856e-01 -6.64565742e-01 9.15456414e-02
    -4.41543519e-01 1.60481095e+00 1.02621615e-01 -3.87153983e-01
    1.56235576e+00 4.00019646e-01 6.41254604e-01 4.31117654e-01
    -5.03477812e-01 -6.97566509e-01 -1.74523592e-01 -3.94617438e-01
    1.09909272e+00 -1.64588749e-01 -1.70783401e-01 -5.33729792e-01
    -1.40650153e-01 1.40339613e+00 -8.07703733e-01 -3.48121881e-01
    1.24333251e+00 1.75404537e+00 3.39304030e-01 1.86644650e+00
    5.27278543e-01 -7.39335835e-01 -3.77718806e-01 8.24894667e-01
    -1.25908673e-01 1.62545037e+00 1.83063221e+00 9.13063765e-01
    1.65707874e+00 -1.61107957e-01 7.16472864e-01 -2.74586141e-01
    1.22369242e+00 1.46302366e+00 -1.51381552e-01 -2.10160971e-01
    3.33794832e-01 -2.37446189e-01 1.68681669e+00 -7.54111469e-01
    1.27835321e+00 1.29852664e+00 9.70912218e-01 6.66237950e-01
    1.71847498e+00 6.44801795e-01 4.50657487e-01 -9.14651036e-01
    -1.79524839e-01 8.14320445e-02 1.62960172e-01 -5.48503757e-01
    4.28844452e-01 1.92915928e+00 -3.43888938e-01 8.36323977e-01
    1.25612497e+00 -1.70919895e-02 1.63323426e+00 -7.40801454e-01
    -9.48544741e-02 -7.29750276e-01 -2.27383673e-01 -7.62425900e-01
    1.71153533e+00 -7.94714332e-01 -6.90777898e-01 1.20956242e-01
    3.55086684e-01 -4.54317123e-01 1.30929410e-01 3.10944319e-02
    1.83087540e+00 1.78857684e+00 1.62871325e+00 -4.32619929e-01
    -7.95002282e-01 1.81088901e+00 2.53431141e-01 -1.59162641e-01
    -1.51489377e-02 7.92674541e-01 1.13149858e+00 3.66472602e-01
    6.62217379e-01 -7.99053073e-01 1.01715791e+00 3.64624262e-02
    3.05646181e-01 3.48674536e-01 -9.26709533e-01 1.53916526e+00
    1.08857942e+00 4.88209248e-01 8.18720460e-01 -7.25657105e-01
    -5.48156440e-01 1.14192069e-01 2.80910909e-01 1.86365879e+00
    1.40012860e+00 1.33651054e+00 -4.28267241e-01 -4.84155238e-01
    -2.72418797e-01 1.01763046e+00 -3.76803637e-01 1.80283570e+00
    5.86047053e-01 1.56610048e+00 -5.99403679e-01 1.46274328e+00
    1.92754960e+00 3.50085139e-01 -3.53497565e-01 -5.35957098e-01
    7.28117764e-01 -4.32620585e-01 1.55768371e+00 1.58450651e+00
    1.82014906e+00 -4.57150877e-01 1.78824449e+00 -1.12996042e-01
    4.65090513e-01 1.44856143e+00 6.62443399e-01 -7.68847942e-01
    -6.70251846e-01 1.22489119e+00 -2.08999515e-02 1.77951193e+00
    1.79404569e+00 1.36264122e+00 -1.44244194e-01 1.31435251e+00
    1.55434680e+00 7.66019344e-01 1.89728189e+00 -8.46089482e-01
    5.22851825e-01 5.33726811e-01 -6.30266547e-01 2.50025094e-01
    1.18866885e+00 1.27046442e+00 4.46344733e-01 1.79408383e+00
    4.05519128e-01 1.31960082e+00 1.56955051e+00 2.77837753e-01
    -8.35323334e-01 2.07662225e-01 6.54214203e-01 -2.75978684e-01
    1.68495762e+00 6.02777243e-01 1.88597298e+00 1.66859388e+00
    1.03832591e+00 1.48164701e+00 1.67780256e+00 -4.06507850e-02
    -6.34999573e-01 3.44507575e-01 -4.29730892e-01 -8.62952769e-01
    9.96665359e-01 6.98863626e-01 8.68274927e-01 4.09493446e-01
    8.66329789e-01 -7.74419487e-01 3.65121007e-01 1.78060269e+00
    2.16311157e-01 -7.21416831e-01 3.41892838e-02 1.69857776e+00
    6.59267426e-01 1.04140174e+00 9.29789066e-01 -5.38468599e-01
    9.53454912e-01 2.11940169e-01 1.43221974e-01 2.68837333e-01
    5.22614896e-01 1.80444360e+00 -8.43773961e-01 -2.92300940e-01
    -8.05716217e-01 1.97186613e+00 3.00035954e-01 1.65411913e+00
    1.16684628e+00 -8.43198955e-01 9.66665924e-01 1.43072295e+00
    1.44167709e+00 -5.86851418e-01 1.82628918e+00 1.45384049e+00
    5.19767225e-01 2.21761465e-02 7.86868036e-01 1.73281169e+00
    6.83077574e-01 1.74821234e+00 -6.21999502e-01 -3.83447289e-01
    -3.01216245e-02 9.92609143e-01 3.21083069e-01 4.33423162e-01
    -9.24545407e-01 5.09603024e-02 -1.03979528e-01 -9.71975386e-01
    1.36338997e+00 6.70586348e-01 7.34326303e-01 -3.95200253e-01
    -1.79662764e-01 -3.50379765e-01 6.51994348e-02 1.41079617e+00
    -8.56851637e-01 -7.57338822e-01 1.58280253e+00 1.08624136e+00
    1.17416155e+00 -3.74583453e-01 -2.83419132e-01 3.51212442e-01
    -4.85478282e-01 -4.14003730e-02 9.05432642e-01 8.96296442e-01
    1.56521487e+00 -6.65272951e-01 1.34580708e+00 1.64443254e-01
    7.97963262e-01 4.94007051e-01 3.54986966e-01 9.43267226e-01
    -5.26869893e-01 1.41610789e+00 1.89368176e+00 1.76878858e+00
    1.27638125e+00 1.10021210e+00 2.43624628e-01 -7.59170651e-02
    -4.28705454e-01 -7.62298346e-01 1.53271723e+00 -9.98800397e-01
    7.95095682e-01 1.38247013e+00 -2.10679293e-01 5.50304294e-01
    2.72024214e-01 1.13115227e+00 1.14641833e+00 4.30755019e-01
    1.42586875e+00 1.25606573e+00 1.97310984e+00 1.44079542e+00
    1.40624619e+00 8.56490016e-01 1.76705384e+00 7.58802354e-01
    1.12884617e+00 -8.09813440e-01 -6.27256274e-01 -2.84231961e-01
    3.69864106e-01 1.15681767e-01 5.04170060e-01 2.33805716e-01
    -7.54903078e-01 -7.87336469e-01 1.87439656e+00 7.93203115e-01
    9.94677603e-01 -3.64927828e-01 1.73980594e+00 1.36039817e+00
    4.81422186e-01 1.48314285e+00 1.46406126e+00 8.40568066e-01
    6.61559582e-01 -8.66842091e-01 1.87762630e+00 1.21581697e+00
    1.23199856e+00 1.40527356e+00 -5.75679183e-01 1.75671458e+00
    -3.75678420e-01 1.25435865e+00 -2.67229080e-01 2.38429368e-01
    7.85944879e-01 1.26405632e+00 -2.34238148e-01 9.70507026e-01
    1.32304299e+00 9.61140454e-01 1.43529344e+00 -4.51828599e-01
    -8.95145595e-01 3.08602989e-01 1.56521463e+00 1.06057310e+00
    -9.09395218e-02 -4.31960821e-03 9.74929571e-01 3.08148324e-01
    1.40333855e+00 6.57774866e-01 -5.60495138e-01 -3.44290078e-01
    1.74491501e+00 1.74955952e+00 1.25717998e+00 1.33368659e+00
    7.31037557e-01 -5.62110066e-01 8.80248964e-01 -1.42638683e-02
    6.74467266e-01 -4.99792457e-01 5.85106969e-01 1.77273786e+00
    8.06476235e-01 1.62481022e+00 1.14204001e+00 -5.16467094e-01
    9.14678693e-01 -6.14686370e-01 -8.20131183e-01 -2.03141212e-01
    1.30432320e+00 1.23869741e+00 1.83291543e+00 8.49156976e-01
    1.42391479e+00 -6.28991604e-01 1.56432140e+00 1.03061438e+00
    1.23965859e-01 1.15837324e+00 3.18059862e-01 1.09370446e+00
    -5.65533638e-01 9.73169267e-01 1.47740841e+00 1.06260931e+00
    1.01347315e+00 -8.89692008e-01 2.90469766e-01 9.18509662e-01
    8.83570910e-02 1.78560543e+00 -8.10994983e-01 6.05312586e-01
    9.34013128e-01 -8.38439584e-01 -6.38015330e-01 -1.01068580e+00
    1.47931874e-01 -9.92749274e-01 3.85597467e-01 5.85254908e-01
    7.21283197e-01 1.08237243e+00 9.28087473e-01 1.64179254e+00
    3.09973359e-02 1.35472751e+00 1.04170084e-01 2.68823683e-01
    -3.63033831e-01 1.41518259e+00 1.12545991e+00 6.60803258e-01
    1.44224584e-01 1.28601694e+00 1.06660581e+00 1.00339830e-01
    4.24690843e-01 1.22281325e+00 -7.13003695e-01 8.18526745e-02
    -3.24531555e-01 1.40101910e+00 1.70531046e+00 -7.48746097e-01
    9.24232304e-01 9.07444417e-01 2.68347442e-01 -8.31101596e-01
    1.83427644e+00 9.62410927e-01 1.67599595e+00 3.67404342e-01
    1.14678419e+00 -1.53171062e-01 1.45421565e+00 -7.95767903e-02
    1.89451027e+00 6.01162910e-02 1.80237472e-01 1.27835727e+00
    -6.46487832e-01 1.29830718e+00 -2.24049091e-02 -4.78144020e-01
    -2.56109357e-01 -5.75165629e-01 2.69748688e-01 -8.01884651e-01
    1.05879259e+00 1.36448336e+00 -6.93588972e-01 -1.36270046e-01
    2.12502420e-01 1.56321132e+00 8.49469006e-01 -3.96923423e-01
    -3.99519145e-01 -6.20216846e-01 1.59675360e+00 6.05155230e-02
    -2.90634334e-01 -7.29637623e-01 -7.51766264e-01 1.54089856e+00
    1.76322651e+00 3.10960114e-01 9.18029964e-01 3.38965416e-01
    -7.33683705e-01 7.37846553e-01 1.25881720e+00 7.49977350e-01
    1.68840265e+00 -4.98576164e-02 -2.15291858e-01 1.99655831e-01
    -2.86128819e-01 1.71902144e+00 -3.44032109e-01 5.91980398e-01
    1.35337114e-02 2.69362867e-01 6.44637048e-01 1.54485059e+00
    8.66140604e-01 4.15224910e-01 -1.86334252e-01 9.30266798e-01
    1.02445602e+00 -7.37081289e-01 9.24771786e-01 -5.52221894e-01
    1.30648494e+00 -3.18993032e-01 5.50686121e-02 4.41238046e-01
    -4.65273082e-01 -1.86848462e-01 2.56119907e-01 1.65970075e+00
    1.17021918e+00 1.75885391e+00 -6.99310362e-01 1.88119411e+00
    -4.36920404e-01 2.19212592e-01 1.07231140e+00 -4.68935579e-01
    1.58798909e+00 -1.71851575e-01 5.11265993e-02 3.68626118e-01
    1.90516543e+00 -1.34631097e-01 6.02530599e-01 5.48616409e-01
    1.97262859e+00 -4.44405675e-02 -9.89686906e-01 3.69987726e-01
    7.39876986e-01 5.84595144e-01 2.89783418e-01 -8.12933147e-01
    -3.74499917e-01 1.70520651e+00 -9.77044761e-01 1.90212798e+00
    8.86878073e-01 1.33410668e+00 1.03116572e-01 -2.68930137e-01
    1.08218265e+00 9.22002435e-01 2.53239989e-01 1.51076818e+00
    -7.65538216e-03 1.23485625e+00 1.74252415e+00 1.40817571e+00
    1.33134067e+00 -5.21989226e-01 5.54118156e-01 -8.65269840e-01
    -4.21250880e-01 1.21587467e+00 1.61758828e+00 1.34092379e+00
    1.01664186e+00 1.47766066e+00 -4.96362180e-01 1.61410618e+00
    1.56589901e+00 1.79374993e-01 -5.08779943e-01 1.28422022e-01
    1.57024145e+00 1.35383916e+00 1.53916669e+00 1.01068366e+00
    -5.51926434e-01 8.25402975e-01 1.33878613e+00 -7.82771170e-01
    -1.51813030e-01 -5.98613977e-01 -3.33705127e-01 -2.50528693e-01
    -1.62487030e-01 6.86015069e-01 1.16730380e+00 1.67921090e+00
    9.84548211e-01 2.64831305e-01 -4.78785872e-01 -9.17388797e-02
    1.50850177e+00 4.85477269e-01 -6.24153018e-01 5.35637558e-01
    3.16738844e-01 -7.90637016e-01 1.19900608e+00 -7.26586580e-02
    -5.76354265e-01 -5.25540948e-01 1.03449404e+00 1.45870852e+00
    6.08273625e-01 -2.49941528e-01 1.97004986e+00 -6.58568859e-01
    -8.99438560e-01 6.79607034e-01 -8.39947581e-01 6.48041546e-01
    1.27067161e+00 8.39164257e-01 1.99576604e+00 1.35429180e+00
    1.74398112e+00 9.39003229e-02 -7.43039131e-01 1.71039104e+00
    1.17129266e+00 1.99628007e+00 -7.29352236e-02 -5.25548577e-01
    1.07695448e+00 -6.80433035e-01 -1.62286758e-01 -3.12578857e-01
    5.90890169e-01 3.70883107e-01 5.62089324e-01 1.24863970e+00
    1.02555311e+00 9.60572720e-01 1.36402667e+00 -1.80604279e-01
    1.66572654e+00 -1.66058600e-01 1.74502528e+00 1.04818058e+00
    1.82106590e+00 1.59249854e+00 -4.18121994e-01 7.87437558e-01
    1.03901029e-01 1.75575328e+00 -4.69019383e-01 -6.22273803e-01
    -2.76387036e-01 -2.15186417e-01 -3.02655935e-01 1.71375632e+00
    1.80529618e+00 6.75459504e-01 9.29555178e-01 6.61991894e-01
    1.55501842e-01 1.62747943e+00 6.68626785e-01 2.59071589e-02
    -3.75216126e-01 -8.69103491e-01 -6.21886313e-01 1.99662602e+00
    1.40354383e+00 2.15572178e-01 1.64844620e+00 1.53963542e+00
    8.55571866e-01 2.28673577e-01 7.33348846e-01 2.58060575e-01
    -9.19616997e-01 -8.88730705e-01 1.34176064e+00 1.69269609e+00
    7.10462570e-01 -1.32411718e-03 1.03127956e-01 5.02547622e-01
    1.13433433e+00 -5.16671538e-01 -4.97339368e-01 -4.34551924e-01
    -7.31869221e-01 1.85005426e+00 -2.96077967e-01 1.68983006e+00
    -6.43719673e-01 8.34013343e-01 5.23863435e-01 -1.97550058e-02
    1.65736604e+00 -2.51438618e-02 6.90634727e-01 1.69385254e+00
    1.92697644e-02 5.33981681e-01 -2.43134677e-01 1.46822309e+00
    1.95150280e+00 1.58112621e+00 8.85697305e-01 9.26763356e-01
    -1.37072623e-01 8.37028027e-02 -5.63611388e-01 -6.30525231e-01
    1.83144808e-02 3.91771317e-01 1.43411505e+00 1.71901977e+00
    -8.23194444e-01 3.92089307e-01 4.49161291e-01 1.09770513e+00
    6.92532182e-01 1.79904580e+00 1.28514123e+00 6.85921788e-01
    -1.62130833e-01 1.10035038e+00 -2.30328500e-01 2.30545163e-01
    -9.03538227e-01 9.04122710e-01 1.31835938e-02 2.33371377e-01
    -8.62082660e-01 6.70880675e-01 -6.41410410e-01 4.13451195e-02
    1.19199944e+00 1.38529062e+00 -5.90290844e-01 1.78084230e+00
    -3.87174487e-02 -3.47741842e-01 4.92884159e-01 9.08647060e-01
    7.15894639e-01 -6.94787145e-01 1.46623135e+00 -8.24020147e-01
    1.54510379e+00 -8.06129575e-01 5.35904884e-01 -1.49369419e-01
    6.83426440e-01 1.46539688e+00 -1.77022099e-01 -7.05953658e-01
    8.15387726e-01 -4.83137637e-01 -6.92076206e-01 1.56070411e-01
    -9.02957141e-01 1.01081848e-01 4.64295745e-01 1.34003258e+00
    -4.20361102e-01 4.62791026e-01 -7.45644867e-01 -8.18820000e-02
    9.80761349e-01 -1.33856416e-01 2.03311384e-01 1.58701193e+00
    -2.98608422e-01 8.04584861e-01 6.61783993e-01 1.38713717e+00
    -2.21204162e-02 9.54986691e-01 -1.89561069e-01 1.39332271e+00
    -3.92245650e-01 -6.61790133e-01 1.08764267e+00 1.10313475e+00
    -3.74439448e-01 1.42703295e+00 -5.29430509e-01 3.79574895e-01
    3.11185956e-01 4.36762393e-01 -8.39227617e-01 1.97704661e+00
    -2.66484022e-02 2.17909694e-01 -4.11924005e-01 1.44561303e+00
    -8.66756439e-02 -7.14432359e-01 1.38724720e+00 6.79942489e-01
    -8.07167411e-01 -1.90995932e-02 -2.64569938e-01 1.48478889e+00
    8.71161520e-01 7.57018805e-01 1.35801685e+00 1.37446487e+00
    -1.84483588e-01 -9.78694856e-01 -2.56801605e-01 1.85151339e+00
    1.05516756e+00 -3.72636437e-01 8.03969502e-01 -7.33721018e-01
    -3.48024845e-01 1.99451578e+00 8.44416440e-01 -8.61348510e-02
    7.26316094e-01 1.85628891e-01 2.86690474e-01 -6.58206880e-01
    1.67435050e-01 1.20410633e+00 -3.18273365e-01 -3.71430933e-01
    8.16756606e-01 1.78369570e+00 1.63116384e+00 -9.59169269e-02
    -2.69832611e-02 1.31890428e+00 -1.00358403e+00 1.59950900e+00
    -7.12939501e-01 8.12409997e-01 -4.79324758e-01 8.84538889e-02
    1.86505485e+00 1.34991574e+00 9.41402316e-01 3.51266026e-01
    -2.01804996e-01 -6.66474819e-01 2.22427666e-01 1.20185888e+00
    2.47241378e-01 -3.97829771e-01 -7.43067682e-01 -3.40137601e-01
    3.23548555e-01 -9.22168195e-01 -3.77367973e-01 1.09804344e+00
    8.67043078e-01 1.07383263e+00 1.23067641e+00 3.16986501e-01
    4.27031994e-01 -9.15482342e-01 -6.63324952e-01 4.53566432e-01
    1.27279305e+00 1.33337712e+00 8.91482949e-01 1.84212017e+00
    9.02807713e-03 1.76012874e+00 3.02203357e-01 -3.50833833e-01
    1.32697546e+00 1.57146597e+00 -6.32575274e-01 7.52264798e-01
    -4.34611559e-01 1.13591838e+00 5.92200518e-01 -7.98478723e-01
    1.79791367e+00 1.25668526e+00 -1.87527597e-01 1.80353844e+00
    -3.19263935e-02 9.66361880e-01 9.98134077e-01 8.90379608e-01
    3.16673994e-01 2.08255172e-01 1.08923090e+00 1.33367443e+00
    3.81265163e-01 1.31949365e+00 1.48988569e+00 3.01972270e-01
    8.91605258e-01 7.01912045e-01 6.05025768e-01 1.48713481e+00
    1.83798110e+00 -9.35580254e-01 1.60624325e+00 1.38023591e+00
    1.83472204e+00 -6.72634244e-01 -8.88559639e-01 8.21412206e-02
    5.07994711e-01 -7.01251030e-01 6.60151422e-01 3.51107419e-01
    -4.68765825e-01 -6.81942463e-01 1.39331818e-03 -8.08398724e-02
    1.92984295e+00 1.57737339e+00 8.05188417e-01 -5.42748988e-01
    9.66693997e-01 -8.00935388e-01 -5.18200874e-01 -1.25050545e-04
    -9.20919001e-01 3.57311487e-01 3.32721591e-01 1.46425402e+00
    1.44857872e+00 1.39800727e+00 -7.26899624e-01 -3.94487441e-01
    5.57450056e-02 2.00829148e+00 5.67740381e-01 5.75627506e-01
    1.98426580e+00 3.39299262e-01 2.02407312e+00 1.24669802e+00
    -2.34021187e-01 -6.66499615e-01 2.67904520e-01 7.89268017e-02
    -6.98632181e-01 -7.66212881e-01 1.89728689e+00 -5.83500087e-01
    1.65911686e+00 -4.08177257e-01 1.17299843e+00 7.69583225e-01
    1.15072596e+00 -7.99090147e-01 8.28848481e-01 1.27831471e+00
    2.75272846e-01 -8.55908334e-01 2.92290449e-02 4.98977304e-02
    -9.62881565e-01 2.27334499e-02 4.79806662e-01 1.34360468e+00
    1.24864745e+00 1.67366576e+00 8.73893738e-01 2.89177775e-01
    4.92349386e-01 -3.90990973e-02 5.13291121e-01 -7.96481252e-01
    1.64070725e+00 1.92856431e-01 -8.60456109e-01 8.21376145e-01
    5.34557700e-01 -4.49650288e-01 1.16249979e+00 1.32328987e+00
    -8.09455216e-01 -9.82381105e-02 3.43644023e-01 1.84802401e+00
    1.77850294e+00 5.78519881e-01 -3.75896573e-01 5.15679181e-01
    -8.07185829e-01 -6.62420034e-01 4.36024487e-01 8.60866249e-01
    3.26060295e-01 1.90784752e+00 -1.82846427e-01 4.43615913e-01
    -7.09513783e-01 3.16254199e-01 -5.32110393e-01 1.72904944e+00
    2.04205513e-01 -3.19615960e-01 1.47660947e+00 -9.53388989e-01
    -4.03223634e-01 1.43138278e+00 5.58667064e-01 3.05732012e-01
    1.05687976e-02 2.00354981e+00 6.73421502e-01 2.66080499e-01
    5.26958108e-01 -2.88422763e-01 -4.03768033e-01 6.47351146e-01
    1.82609904e+00 2.51949489e-01 1.38850594e+00 3.19074094e-01
    -1.83096230e-01 6.18306577e-01 -8.71842325e-01 5.83329201e-01
    1.55060971e+00 1.01640522e-01 3.88161182e-01 1.43687034e+00
    1.64763439e+00 -2.27437615e-02 1.07158804e+00 -2.12727249e-01
    8.36308479e-01 -5.59762359e-01 -3.94355953e-01 -1.01972818e-02
    5.52349448e-01 9.77663159e-01 5.88542104e-01 -4.73832041e-01
    3.41305077e-01 1.69896901e+00 1.53557503e+00 -5.61182141e-01
    1.46834767e+00 -1.17048085e-01 4.23812747e-01 8.30609858e-01
    1.13810754e+00 -4.37581301e-01 1.37011254e+00 -6.15782440e-01
    1.17560112e+00 -6.27957165e-01 1.12205040e+00 1.44904804e+00
    -4.67513204e-01 4.03761864e-01 1.16929197e+00 1.00803661e+00
    8.35902333e-01 -3.46560240e-01 1.15861058e-01 1.06075621e+00
    1.73754847e+00 5.23328185e-01 8.38628590e-01 9.36462820e-01
    8.89673412e-01 1.78752542e-01 1.33054399e+00 -3.81404698e-01
    1.63913822e+00 1.26512539e+00 1.25168324e+00 -6.36273026e-02
    -3.46126378e-01 -4.51662540e-02 1.18394446e+00 2.73809612e-01
    1.69634080e+00 -1.04910624e+00 -3.72514963e-01 5.99912882e-01
    -5.35578489e-01 1.48095727e+00 5.81130862e-01 -7.85077810e-02
    1.67648840e+00 -2.53854990e-02 1.85201240e+00 -7.40062237e-01
    6.89849496e-01 -2.32828438e-01 9.38258648e-01 5.03853083e-01
    -9.44095731e-01 9.66322839e-01 9.42767978e-01 1.95343733e-01
    1.36603391e+00 1.29918122e+00 1.34467304e-01 5.80546618e-01
    1.79220545e+00 7.29399920e-01 1.35333180e-01 1.33650541e+00
    1.69107533e+00 1.77502728e+00 -5.02092421e-01 -4.54840660e-02
    1.26782835e-01 5.20166993e-01 6.50039911e-02 1.13935685e+00
    9.97625291e-01 1.81227255e+00 7.04486430e-01 7.88313270e-01
    -1.37560546e-01 -5.07434607e-01 1.94107342e+00 9.20105875e-01
    7.37164676e-01 1.28992498e+00 1.49509609e-01 -5.40706038e-01
    -4.42287624e-01 1.52699697e+00 5.51887929e-01 3.29833627e-02
    -4.50902879e-01 -9.34230447e-01 -6.76887035e-02 -5.24016380e-01
    1.84638441e+00 1.50458717e+00 5.55122375e-01 -1.77512825e-01
    1.39209628e-01 9.15565610e-01 3.63400161e-01 1.27776349e+00
    -5.19895554e-01 -5.80369294e-01 5.47449350e-01 1.24510622e+00
    7.44139433e-01 -2.45027900e-01 -5.40359139e-01 -9.30597365e-01
    6.07334256e-01 1.26798201e+00 1.32859039e+00 1.50507486e+00
    1.77128112e+00 8.28271627e-01 1.81140232e+00 5.39801717e-01
    -2.73172677e-01 1.36902189e+00 1.04987276e+00 3.42156112e-01
    1.66183519e+00 -7.30998993e-01 1.21755528e+00 7.29680061e-02
    -2.74802387e-01 1.10830009e-01 -2.94380605e-01 1.25024128e+00
    1.94489837e+00 2.85533726e-01 9.01453316e-01 -9.03108716e-02
    5.45808911e-01 -2.13307798e-01 6.06194854e-01 9.25356150e-02
    9.31085110e-01 -7.94529915e-02 -7.60481536e-01 1.91127610e+00
    1.51130009e+00 -2.33420730e-02 -9.50960338e-01 -9.55002189e-01
    -9.18041945e-01 1.57012057e+00 -6.23332500e-01 4.47602153e-01
    -4.26423907e-01 9.87177968e-01 -4.30872858e-01 1.17035151e+00
    3.52663815e-01 1.05685472e+00 5.20754039e-01 7.10683405e-01
    -4.36612189e-01 -5.39743721e-01 1.58917308e-02 1.84325767e+00
    1.71932220e+00 -9.78748977e-01 -1.91198170e-01 1.38284540e+00
    9.23690319e-01 -5.78924417e-01 6.75948143e-01 4.88204122e-01
    8.59320164e-01 8.22622895e-01 1.00489318e+00 1.12113369e+00
    6.43998623e-01 1.03141391e+00 9.64498281e-01 -5.60572505e-01
    -5.34178674e-01 1.52122462e+00 -2.93923616e-01 1.46851206e+00
    -5.80452561e-01 1.39822650e+00 -9.84436274e-01 3.56078029e-01
    -2.20796466e-02 1.88215220e+00 3.27179432e-02 1.65091026e+00
    1.87361979e+00 1.28613174e+00 1.22731972e+00 1.81351829e+00
    -4.74833608e-01 3.80668402e-01 1.41381502e+00 -2.22986758e-01
    -8.72518897e-01 1.17186344e+00 -7.08308101e-01 8.93529177e-01
    1.77394891e+00 1.54345584e+00 -2.05887556e-02 4.87057686e-01
    3.41246903e-01 -1.15347207e-01 9.27819014e-02 8.05872023e-01
    2.88483620e-01 1.03751016e+00 3.72273386e-01 1.62602723e-01
    1.34200573e+00 1.17896652e+00 -4.28164482e-01 1.30385220e+00
    1.60062551e+00 -1.05678272e+00 -7.07073092e-01 1.50311756e+00
    1.07752883e+00 1.83734894e+00 1.38394165e+00 -5.72633922e-01
    6.72684908e-02 1.16075444e+00 1.25081706e+00 8.55593622e-01
    -8.07047307e-01 1.35236144e+00 4.02901769e-01 5.91591060e-01
    1.36231875e+00 1.83046913e+00 1.29802585e+00 1.33830428e+00
    1.42064309e+00 -5.04517615e-01 9.45490599e-02 9.18414593e-02
    8.65675807e-02 1.85569537e+00 -1.03550911e-01 -5.11804819e-02
    8.98797333e-01 -3.86843204e-01 8.19988430e-01 9.27773237e-01
    -8.63849103e-01 -3.45518649e-01 -2.82832682e-01 -7.34896004e-01
    -5.90147853e-01 6.20821297e-01 1.11785614e+00 3.35693121e-01
    -6.95235193e-01 -6.60795569e-02 4.72053647e-01 -6.98215127e-01
    3.30506563e-01 1.22992921e+00 1.33336973e+00 6.61134601e-01
    1.92556798e-01 1.23604286e+00 1.54944766e+00 6.97422028e-01
    9.14430857e-01 -1.10398638e+00 -2.92084038e-01 -1.42482758e-01
    8.45111370e-01 -3.75962198e-01 1.12464499e+00 3.06633353e-01
    1.85070765e+00 1.66694093e+00 -1.00449026e-01 -2.27564573e-01
    3.65575314e-01 6.59066796e-01 3.61334741e-01 9.22733486e-01
    1.84316659e+00 -3.73668253e-01 -1.42424703e-01 -2.27358162e-01
    1.75331402e+00 5.74414253e-01 7.06917048e-02 -8.29168558e-01
    -3.58909309e-01 -4.94964957e-01 7.34086156e-01 6.20254517e-01
    -7.02471256e-01 4.82141972e-01 5.62485576e-01 -7.59547710e-01
    -7.43763387e-01 -4.06391680e-01 1.58444381e+00 -3.77849877e-01
    1.51086915e+00 1.29353499e+00 3.38060141e-01 1.59966564e+00
    1.79224789e+00 7.85206854e-01 -1.33237600e-01 1.00332475e+00
    1.19946647e+00 6.32538915e-01 8.15897763e-01 -3.39831948e-01
    4.00782108e-01 1.37736416e+00 3.99280310e-01 1.06461167e+00
    2.18685687e-01 -1.43584013e-01 -1.41492486e-01 1.88947141e-01
    1.33072126e+00 8.69942427e-01 -7.65294254e-01 -6.95572257e-01
    1.85012031e+00 7.85622418e-01 -5.36376357e-01 -7.81762362e-01
    -8.98849785e-01 1.57625699e+00 -5.64597189e-01 3.05572808e-01
    1.21797025e-01 -1.19526684e-01 1.24944210e+00 1.83909631e+00
    -3.01626384e-01 1.15363538e+00 -3.76539826e-01 4.42678809e-01
    1.58974862e+00 1.77343690e+00 -5.06142437e-01 1.76166296e-02
    -8.49819601e-01 -5.30094922e-01 1.71854424e+00 1.39929640e+00
    -8.00965428e-01 1.84783030e+00 -9.44547832e-01 4.00904179e-01
    4.74903584e-02 -2.29732990e-01 1.11578822e-01 -8.97220731e-01
    1.78425598e+00 -4.57588971e-01 -9.16186571e-02 1.36133766e+00
    2.55113363e-01 7.33559132e-01 -4.78017747e-01 -3.02962899e-01
    1.57604730e+00 -9.33342516e-01 1.68853092e+00 -6.43177509e-01
    -5.28038502e-01 1.50728416e+00 -2.25030780e-01 7.14825273e-01
    -7.27894127e-01 -1.54295981e-01 1.75328016e+00 -8.08018327e-01
    -4.45764065e-01 -5.94043553e-01 -5.76154470e-01 1.89111829e+00
    1.30796456e+00 1.68747568e+00 9.51665878e-01 -5.70018291e-02
    3.06942940e-01 -1.62592053e-01 1.89753616e+00 4.98955011e-01
    1.29187465e+00 2.66012311e-01 1.49125218e+00 -9.41571057e-01
    -8.80294383e-01 8.64777982e-01 1.47337246e+00 1.10155225e+00
    -3.15590560e-01 9.45035696e-01 -3.98082972e-01 1.23205137e+00
    1.01718521e+00 -4.20080900e-01 -7.66938567e-01 -4.40492988e-01
    -6.16872907e-01 -6.45601690e-01 1.05814338e+00 1.94743490e+00
    -5.60506582e-01 1.52992940e+00 3.83058786e-02 1.38382697e+00
    1.28668141e+00 -5.58000982e-01 8.22250903e-01 1.85005784e+00
    1.48231173e+00 4.11539674e-02 -8.93747807e-02 6.81434035e-01
    -4.39572275e-01 7.06474304e-01 5.56686163e-01 1.64023197e+00
    2.77886212e-01 -9.76273715e-01 -7.95252919e-02 5.91259241e-01
    1.04209268e+00 9.95162606e-01 -5.53762913e-01 4.64726210e-01
    -1.85327530e-02 7.60645390e-01 5.81626058e-01 1.03041124e+00
    2.24188983e-01 7.88549781e-01 1.75461602e+00 -9.49820995e-01
    8.60067248e-01 -2.36907423e-01 1.76931763e+00 8.07155132e-01
    1.75461173e+00 -6.65193260e-01 -1.16608143e-01 1.60972834e+00
    1.88756859e+00 1.75618935e+00 -8.21153820e-01 -7.30328262e-01
    1.73392987e+00 3.09433937e-01 1.64069688e+00 -2.33100057e-01
    -7.08694518e-01 8.11406672e-01 1.75227296e+00 -2.46691704e-03
    1.49450183e+00 -3.47844541e-01 2.56245136e-02 -3.86403203e-01
    2.25631952e-01 2.13760138e-01 7.20455527e-01 1.80041206e+00
    1.30299187e+00 1.50010729e+00 -7.50933886e-02 8.79546523e-01
    -8.79466593e-01 5.25075793e-01 1.24974668e+00 1.92428041e+00
    1.27742100e+00 1.16874850e+00 -3.53969216e-01 2.65166521e-01
    -1.46748245e-01 -6.62419081e-01 -8.88764858e-02 1.83203638e+00
    6.78056300e-01 -5.99433184e-02 1.47500777e+00 1.99809432e-01
    3.81634235e-01 -1.00837231e-01 -6.23705029e-01 7.58413494e-01
    1.16978741e+00 1.61607742e+00 5.58897853e-01 5.52102327e-01
    1.01548767e+00 1.80590522e+00 8.01604807e-01 1.61314130e+00
    -2.77526319e-01 -6.06514096e-01 3.41314733e-01 4.39993680e-01
    1.72686923e+00 1.75453758e+00 2.05982351e+00 4.70932901e-01
    -4.52322870e-01 -6.42139912e-01 7.14545071e-01 1.01843166e+00
    7.85969734e-01 1.83551931e+00 1.32864928e+00 3.53435636e-01
    -4.93275046e-01 -7.51094818e-02 1.62083483e+00 1.26917338e+00
    -1.01868331e+00 1.41067255e+00 3.33879471e-01 -1.94723070e-01
    -3.37774992e-01 9.13559556e-01 -7.53977537e-01 -2.81621337e-01
    1.55683661e+00 3.56457531e-01 4.20015454e-01 -3.61169100e-01
    3.20221245e-01 -5.11668384e-01 1.13447976e+00 5.19028306e-02
    1.61935806e+00 -5.83086252e-01 4.04513478e-01 1.51637268e+00
    -5.03679514e-01 1.05461276e+00 9.71356332e-01 1.19027734e+00
    8.40992808e-01 9.97580290e-02 9.49971914e-01 1.06674480e+00
    3.38238358e-01 -2.80837893e-01 1.80653453e+00 7.90120363e-02
    6.24567270e-02 -7.29064107e-01 1.81325984e+00 1.72283936e+00
    2.31888652e-01 1.19328547e+00 9.45621371e-01 -3.87777030e-01
    -5.04893243e-01 1.95220876e+00 -7.06916153e-01 -8.72230709e-01
    -2.16019630e-01 -2.72462189e-01 1.13554168e+00 1.93372369e+00
    -1.18902326e-02 4.29691374e-01 -3.56041491e-01 1.57250762e+00
    1.73034513e+00 -8.31636906e-01 8.47797334e-01 4.59003568e-01
    -3.01096737e-01 1.94492638e+00 -5.48287511e-01 1.77206409e+00
    8.63199353e-01 2.47259259e-01 -6.94534183e-02 7.90958822e-01
    1.12073815e+00 -3.47318232e-01 1.13088095e+00 4.28464115e-01
    3.90586257e-02 1.10135174e+00 -5.18751442e-01 1.03044510e+00
    4.20868516e-01 4.35433626e-01 1.79674733e+00 8.47068429e-01
    9.21522141e-01 -7.92798758e-01 -1.03862548e+00 -3.96964192e-01
    6.14831805e-01 6.54618025e-01 -1.95087790e-01 3.86138082e-01
    1.12997389e+00 1.04090917e+00 1.90330958e+00 -8.80914271e-01
    1.42558050e+00 -2.94049680e-01 1.18898594e+00 6.08742833e-01
    1.77498424e+00 -8.86065483e-01 9.79793668e-01 3.84809256e-01
    1.53465903e+00 -9.70033884e-01 1.29732871e+00 1.07937658e+00
    5.10760665e-01 -5.04807293e-01 3.28307748e-01 -6.42526329e-01
    3.34778249e-01 -4.80965227e-01 1.61178780e+00 -3.23397756e-01
    1.36024833e+00 7.00393796e-01 8.64873767e-01 9.48670268e-01
    -5.85813165e-01 1.92130375e+00 1.25293636e+00 -8.69722486e-01
    9.71424997e-01 -6.32073998e-01 8.14548433e-01 5.96454859e-01
    -1.54073656e-01 1.56463504e+00 -1.29091084e-01 -7.53654242e-02
    1.50675511e+00 -1.02555287e+00 7.50947833e-01 2.77577996e-01
    1.35640132e+00 1.49979770e+00 5.59937119e-01 1.42805922e+00
    1.44611979e+00 -3.14354897e-04 -7.35501170e-01 1.37371731e+00
    -3.16960752e-01 3.15534055e-01 -1.54277861e-01 2.39213467e-01
    1.78910017e+00 3.60979438e-02 -4.13815707e-01 1.15041184e+00
    -3.46191764e-01 2.69154668e-01 -4.54152882e-01 1.62351322e+00
    9.51461434e-01 1.13339913e+00 1.67911935e+00 8.85669231e-01
    1.18807995e+00 -7.48201966e-01 1.27889943e+00 1.44275892e+00
    1.44760013e+00 -3.41621578e-01 1.03757703e+00 7.62362480e-01
    -8.05743754e-01 1.86792850e-01 3.20317745e-02 4.05701160e-01
    -1.40182376e-02 2.35545814e-01 -2.91803420e-01 1.39740419e+00
    7.00924635e-01 1.08924353e+00 1.59887195e+00 -5.47162354e-01
    1.94682419e-01 1.41962087e+00 -1.01801121e+00 -4.47993815e-01
    6.94867015e-01 1.34454691e+00 2.67394841e-01 7.16658831e-01
    5.38176417e-01 -1.03062773e+00 3.64451408e-01 1.39178181e+00
    1.20072663e+00 5.92450619e-01 -6.57324672e-01 -3.98525178e-01
    8.00519884e-01 3.83569360e-01 6.93445146e-01 -2.30941653e-01
    3.92056167e-01 2.68460929e-01 3.82286370e-01 1.06252956e+00
    -4.22724724e-01 1.55294323e+00 -8.59570444e-01 -4.12115395e-01
    1.46772301e+00 -3.75889897e-01 1.59304345e+00 -2.30326235e-01
    1.79957271e-01 1.73796415e-01 1.18507600e+00 4.97116804e-01
    1.52103806e+00 7.92014599e-03 -8.47013175e-01 -8.84263456e-01
    -3.95597219e-01 -7.86213756e-01 -3.52649689e-02 1.01718557e+00
    1.80686021e+00 7.42985845e-01 9.01271880e-01 -8.08424592e-01
    1.62777805e+00 -5.64323187e-01 2.68498778e-01 -8.38934779e-02
    2.23460078e-01 2.26937473e-01 1.97661495e+00 -7.85483897e-01
    -4.16604042e-01 1.03765965e+00 -1.01404548e-01 1.06167614e+00
    1.70285749e+00 9.14992154e-01 1.10582769e-01 1.34187341e+00
    1.08552718e+00 7.07073331e-01 -2.13881612e-01 1.97372794e-01
    1.72994351e+00 1.38565111e+00 1.01739359e+00 1.19896984e+00
    1.90620422e-02 1.34103107e+00 4.05408084e-01 1.45908153e+00
    -4.64509726e-01 3.33707452e-01 5.80945313e-01 1.53144193e+00
    -1.79248750e-01 1.34224689e+00 8.38352919e-01 1.18341482e+00
    -3.53801131e-01 1.60202336e+00 1.60907936e+00 1.31961358e+00
    1.82305622e+00 -1.71834350e-01 8.16644430e-01 7.92142510e-01
    1.42564964e+00 1.44693744e+00 3.39504838e-01 8.17961156e-01
    1.68863845e+00 1.10518909e+00 -3.89569104e-01 -7.47610092e-01
    -7.42015302e-01 -6.33284092e-01 -3.47442448e-01 1.15133119e+00
    -2.50471711e-01 -7.62010932e-01 9.02732849e-01 -1.95610940e-01
    -7.16928601e-01 1.53877866e+00 1.00458646e+00 1.45177674e+00
    4.82105851e-01 3.58348846e-01 8.66045833e-01 3.21082711e-01
    9.08116281e-01 5.90923488e-01 -4.34864283e-01 1.57334864e+00
    5.50571084e-02 -4.76033449e-01 1.65577197e+00 -4.84447867e-01
    1.62202895e+00 1.43656635e+00 1.83302665e+00 1.06055427e+00
    2.40549088e-01 -8.15759599e-01 1.90526152e+00 1.28053498e+00
    1.49289083e+00 8.53062809e-01 -4.89720613e-01 1.40810692e+00
    -3.44669282e-01 2.42880583e-01 1.73233271e+00 -7.30342031e-01
    3.81414592e-01 1.61159945e+00 -2.92870641e-01 1.01985002e+00
    8.28077376e-01 1.69302058e+00 -5.59360981e-02 9.63751018e-01
    5.19234717e-01 -5.56038618e-02 1.70244932e-01 -8.33188057e-01
    8.55370641e-01 6.87184334e-01 4.28418159e-01 1.23488283e+00
    -4.73276019e-01 1.74555111e+00 9.66233373e-01 6.12444282e-01
    1.08047354e+00 1.51622450e+00 1.58038926e+00 1.63458264e+00
    1.69379973e+00 -6.68154001e-01 -1.23479247e-01 1.55486536e+00
    7.73020387e-01 -5.54964364e-01 -6.55963063e-01 1.01577139e+00
    1.54346514e+00 6.57792628e-01 1.15832734e+00 1.30085409e+00
    -7.60758758e-01 6.20109916e-01 2.93809175e-02 7.65368342e-01
    1.33775091e+00 6.17290378e-01 3.31499696e-01 2.25626826e-01
    -4.59001243e-01 -8.66009831e-01 -5.96931875e-01 -7.07670152e-01
    -5.97737432e-01 7.45782375e-01 -4.68107581e-01 1.82162774e+00
    1.79149067e+00 8.98263335e-01 2.21621990e-01 1.44222045e+00
    1.22916937e+00 -1.58512831e-01 2.11512864e-01 -1.84528232e-02
    -5.25988221e-01 1.38133168e-02 8.94404650e-02 -3.35791230e-01
    1.12032151e+00 1.66035664e+00 9.62231398e-01 1.75811601e+00
    9.65754390e-01 1.29037750e+00 -1.18563354e-01 1.63584352e+00
    5.31195879e-01 1.00066781e+00 6.77295864e-01 -8.30119908e-01
    5.13752103e-02 9.06227529e-01 1.31602180e+00 -1.10859275e-02
    -6.98096395e-01 5.52430153e-01 1.81771922e+00 -7.39267588e-01
    1.98858392e+00 5.85388184e-01 -2.59151340e-01 1.36404312e+00
    1.00372612e-01 1.20497465e+00 -3.82626474e-01 -3.73468637e-01
    7.72792459e-01 1.62352347e+00 -7.76957989e-01 -4.06107366e-01
    6.11371875e-01 1.01086736e+00 8.43960643e-02 1.24849093e+00
    2.33882666e-02 2.41136491e-01 1.17326093e+00 5.81370950e-01
    1.00611687e-01 1.43713212e+00 7.43264794e-01 -9.51245964e-01
    8.68634522e-01 1.88045800e+00 8.66286159e-01 1.13139284e+00
    4.63140965e-01 1.56087625e+00 -7.74639249e-02 1.22260618e+00
    6.58802330e-01 -8.06878805e-02 8.24526548e-01 9.37390387e-01
    -2.52746463e-01 2.21605718e-01 1.38326764e+00 -6.79235399e-01
    1.79141986e+00 -3.72982264e-01 5.42476833e-01 5.09259284e-01
    1.52770352e+00 7.42394567e-01 8.81153703e-01 1.72337329e+00
    2.00040913e+00 -2.04020143e-01 1.42925048e+00 9.36008096e-02
    1.31754541e+00 7.19337940e-01 1.68687522e+00 -3.05056095e-01
    -4.98654783e-01 1.07478380e-01 1.16181850e-01 2.84424186e-01
    1.24087501e+00 6.06220603e-01 1.23074210e+00 8.80782366e-01
    1.71247852e+00 1.70952117e+00 9.96607542e-01 1.16904593e+00
    4.51105714e-01 8.03604364e-01 5.25490046e-02 4.81489062e-01
    1.53668737e+00 -4.05416012e-01 -5.84854484e-01 2.68492758e-01
    -4.00230706e-01 4.33917046e-01 -8.64301503e-01 -5.47882318e-02
    -6.33189440e-01 -1.13505304e-01 -5.41095674e-01 1.34756744e+00
    9.51292515e-02 -8.12683582e-01 2.21046746e-01 1.94996428e+00
    6.87489390e-01 1.64564729e+00 1.37558913e+00 -6.31652713e-01
    -4.35343504e-01 1.59137547e+00 -4.52598840e-01 1.03980076e+00
    -4.17084992e-01 1.31005883e+00 2.01820731e+00 -7.03728378e-01
    -4.27276552e-01 -5.74322820e-01 -1.06610656e-01 -4.57297564e-01
    1.38065445e+00 1.74348903e+00 -6.31879032e-01 1.46767783e+00
    -5.99321246e-01 -3.28635573e-01 8.75251234e-01 6.58353567e-01
    1.26444209e+00 1.09967697e+00 7.47556329e-01 1.10151827e+00
    -2.77147412e-01 1.59380412e+00 1.30604839e+00 1.85909843e+00
    1.58696878e+00 -5.71042478e-01 1.16646409e-01 1.31363213e-01
    1.17611742e+00 6.41501427e-01 -3.48648012e-01 1.72118890e+00
    2.95881093e-01 -5.54728389e-01 -6.99564219e-01 -1.37108505e-01
    2.44363010e-01 -8.01817894e-01 1.26280522e+00 -5.64233780e-01
    9.37842727e-02 9.35350180e-01 5.79643488e-01 4.81950521e-01
    1.58924925e+00 -7.22641945e-01 9.98504937e-01 4.37498152e-01
    8.84866416e-01 2.36882150e-01 1.44630444e+00 6.91225529e-02
    -2.15829730e-01 1.43578768e+00 1.86025739e+00 7.23428726e-01
    4.39043641e-02 -6.62448525e-01 7.76107371e-01 1.54577565e+00
    1.84173167e+00 5.55407107e-01 -2.77418554e-01 -5.94374239e-01
    -8.21378648e-01 -6.53923035e-01 8.71511579e-01 9.11552548e-01
    2.63133645e-01 8.36507797e-01 1.83290601e-01 1.43408656e+00
    4.15723562e-01 1.75269723e+00 1.63073719e-01 -7.42793202e-01
    9.26518917e-01 9.19278264e-02 -2.20986962e-01 8.63813579e-01
    1.81390429e+00 1.14466012e+00 3.67648482e-01 -6.96381271e-01
    2.97720850e-01 5.78072011e-01 -3.10496986e-01 -7.55289316e-01
    -7.82854497e-01 1.23350203e-01 3.25283527e-01 -4.39533591e-01
    1.21383393e+00 1.30159378e+00 8.40698838e-01 1.82894838e+00
    8.17281246e-01 1.71799874e+00 1.25472128e+00 7.56336093e-01
    1.26388645e+00 1.78050065e+00 8.26988220e-01 1.58321869e+00
    1.78609681e+00 -7.05763996e-01 1.83329582e+00 -4.23276603e-01
    9.76928234e-01 -4.31848258e-01 1.74923182e+00 7.72551119e-01
    8.22424352e-01 1.32372391e+00 1.37337673e+00 1.91230774e-02
    1.04196584e+00 1.71648169e+00 1.63822353e+00 -2.07591832e-01
    1.22058392e-01 1.99693918e-01 1.36517441e+00 1.74595046e+00
    -6.25399530e-01 5.50308526e-01 1.40388596e+00 7.35740781e-01
    -7.49730766e-01 1.49797165e+00 1.91912651e+00 1.45656705e+00
    1.34101355e+00 -1.06536686e-01 -6.69167876e-01 1.65115821e+00
    -1.67745233e-01 1.42651081e-01 9.93063509e-01 1.09266758e+00
    1.71788561e+00 5.85384011e-01 1.60867751e+00 3.30249786e-01
    1.82793963e+00 -8.42251599e-01 -5.39177477e-01 2.01737761e-01
    -5.51339388e-02 1.25196826e+00 -3.49508762e-01 1.55600905e-01
    1.55368662e+00 1.33643246e+00 -1.09929085e-01 2.34984696e-01
    -2.63443887e-01 -6.50764465e-01 1.35125113e+00 -5.95704198e-01
    -6.49775565e-01 -2.90052831e-01 1.74075556e+00 -9.02689397e-01
    1.75649524e-01 -2.69786000e-01 2.56604075e-01 -8.53435457e-01
    1.42697930e-01 1.86769688e+00 8.24559212e-01 -3.06523204e-01
    -5.91688395e-01 -7.53886938e-01 -4.74130094e-01 8.29619884e-01
    1.37823784e+00 -6.53221846e-01 -9.02046978e-01 6.82537198e-01
    -6.94689989e-01 1.77548659e+00 -8.93592358e-01 1.22087407e+00
    -1.58872902e-01 4.70086336e-01 1.01119602e+00 4.57239151e-03
    9.50624228e-01 -5.36687374e-01 9.60728109e-01 1.07286525e+00
    6.38128161e-01 9.01699901e-01 1.29156017e+00 6.03807688e-01
    -5.92478573e-01 9.02349174e-01 1.76990891e+00 -4.58032846e-01
    1.83547139e+00 2.15865016e-01 2.12585330e-01 3.19615781e-01
    5.35397053e-01 5.25957048e-01 1.71276510e+00 -7.43494272e-01
    2.08552837e-01 -6.87569380e-02 -2.71829069e-01 -4.76155370e-01
    1.17482257e+00 7.08424747e-01 1.04451263e+00 5.10711610e-01
    9.32809711e-01 1.76491666e+00 1.72480249e+00 -8.34102631e-01
    1.59964919e+00 1.46188951e+00 3.86522174e-01 -1.03851604e+00
    6.43987775e-01 -8.38287652e-01 1.42070591e+00 -2.38586068e-01
    1.19865012e+00 -9.65544701e-01 1.81829917e+00 1.69960213e+00
    -3.62975895e-01 -8.68395269e-01 1.57378232e+00 1.49204779e+00
    1.46342218e+00 1.13933587e+00 1.60642254e+00 -4.94524628e-01
    -1.62788212e-01 -1.00676954e-01 1.21342838e+00 1.17043924e+00
    -1.33155584e-02 1.52650714e-01 1.24532950e+00 -8.13794911e-01
    -4.40875530e-01 1.67633843e+00 5.08367598e-01 -7.35916495e-01
    6.11570597e-01 7.48360038e-01 1.47630441e+00 1.35984182e+00
    8.55076015e-01 6.14224255e-01 -6.05932236e-01 -2.59574890e-01
    -3.75352859e-01 1.24931514e-01 3.55492234e-02 2.00675416e+00
    1.65949345e-01 6.45375252e-02 5.56442857e-01 -7.63756096e-01
    -1.45259678e-01 -6.65844202e-01 1.08168423e+00 -7.64229536e-01
    -4.34629023e-01 7.23665714e-01 1.17437506e+00 1.55224609e+00
    -6.16096139e-01 1.39602649e+00 1.79201841e-01 1.41837454e+00
    2.77121663e-02 1.34267998e+00 1.72769904e+00 6.43628120e-01
    2.90483177e-01 8.64142179e-03 4.49958622e-01 8.56493771e-01
    6.47431016e-02 1.07081819e+00 1.72342134e+00 5.54185808e-01
    -7.95138001e-01 1.65289176e+00 1.22997856e+00 -9.60984051e-01
    8.33331347e-01 1.71658826e+00 8.80241394e-03 1.48921347e+00
    1.72432518e+00 1.50352180e+00 -9.51800346e-02 4.52170134e-01
    -5.96887648e-01 1.49818158e+00 1.43444347e+00 1.24441004e+00
    7.89436698e-01 1.48221493e+00 -5.00663161e-01 -7.45720863e-02
    -5.02415895e-02 7.68189847e-01 -7.90272176e-01 -2.01399267e-01
    1.08614862e+00 4.12256300e-01 1.61530042e+00 -8.20090890e-01
    -2.63272524e-01 3.08627188e-01 -8.87390018e-01 8.34009111e-01
    1.99179006e+00 7.54264712e-01 2.77278423e-01 -1.66243970e-01
    8.96195829e-01 1.01481616e+00 1.03618526e+00 1.64172709e-01
    1.21959805e-01 9.10663009e-01 -5.10564685e-01 -4.34644938e-01
    -9.21641648e-01 1.77148557e+00 -7.35106349e-01 -8.07151139e-01
    1.34669948e+00 1.12213778e+00 -5.60757518e-02 1.78241253e+00
    5.89169383e-01 7.19250679e-01 1.58203363e+00 8.46423328e-01
    1.30547881e-01 1.14726233e+00 1.83130980e+00 8.18087935e-01
    1.01727247e+00 -7.62575150e-01 1.65355706e+00 -7.60595322e-01
    1.06722486e+00 -6.85990870e-01 7.27136552e-01 1.74337685e+00
    1.41307497e+00 1.61166739e+00 4.37738180e-01 6.37593806e-01
    -3.76395762e-01 1.39423406e+00 1.28700912e+00 -6.76957488e-01
    -4.25178230e-01 2.74265051e-01 -3.58745515e-01 -3.46761405e-01
    6.59986138e-01 -3.23089123e-01 3.22221875e-01 1.42735577e+00
    1.63565159e+00 -6.48963869e-01 -4.11473870e-01 1.29166818e+00
    -8.58219147e-01 -1.15894794e-01 2.51707077e-01 8.18541646e-01
    8.34334970e-01 1.06551921e+00 4.29419637e-01 9.29319978e-01
    3.77978683e-01 -9.17033315e-01 -4.24838305e-01 -7.26664126e-01
    9.26659226e-01 -1.78083360e-01 7.68210888e-02 9.45032239e-01
    1.26896977e-01 1.10061288e+00 9.88326788e-01 1.83601964e+00
    1.60061646e+00 1.42882681e+00 7.36353397e-01 1.87565553e+00
    2.43196487e-02 9.31713939e-01 -7.95567274e-01 1.60514069e+00
    5.87370872e-01 -3.05660427e-01 -6.56177223e-01 1.81540096e+00
    1.17847276e+00 1.23906422e+00 1.37511945e+00 -2.64334440e-01
    1.85345244e+00 1.02835453e+00 5.73983669e-01 2.93019116e-01
    9.57001388e-01 1.83488142e+00 1.25301635e+00 9.62214828e-01
    1.10394907e+00 4.91757393e-01 1.65890229e+00 4.35976148e-01
    -8.23103368e-01 5.59923649e-01 -5.45564651e-01 1.19163942e+00
    1.79220378e+00 1.18667245e-01 1.11828232e+00 1.54368234e+00
    1.60598385e+00 5.41640520e-02 -2.87747383e-03 -4.88155067e-01
    -3.62168789e-01 -9.92501497e-01 -9.53044295e-02 5.19857407e-02
    2.21441984e-02 1.09065843e+00 1.54968071e+00 4.48915958e-01
    1.66745532e+00 -8.83606672e-01 3.05917263e-01 1.28033412e+00
    2.72801995e-01 9.67498124e-01 3.96688461e-01 -8.10655653e-01
    5.68196952e-01 -8.72079313e-01 1.99671531e+00 1.96548271e+00
    1.70658982e+00 4.18642819e-01 -3.26467156e-02 3.68824959e-01
    -3.14066350e-01 1.09051180e+00 3.65962148e-01 -3.30998242e-01
    5.03254473e-01 2.23068118e-01 7.06804693e-01 1.03445458e+00
    -6.39095008e-01 1.44177210e+00 -1.50759339e-01 -2.30560720e-01
    1.60520315e+00 1.35854936e+00 1.73493290e+00 -2.51987517e-01
    -8.52032900e-02 1.25083327e+00 1.02636814e+00 1.44784093e+00
    4.67328668e-01 8.94936562e-01 -1.69754386e-01 1.35635853e+00
    -2.83868074e-01 2.40620673e-01 -4.98313189e-01 -8.88478279e-01
    1.37273288e+00 1.26816106e+00 1.11396527e+00 -8.59544754e-01
    6.33284569e-01 1.58869505e+00 1.44370341e+00 -7.92210042e-01
    1.73450255e+00 7.79949129e-01 2.96750009e-01 -7.69889116e-01
    -1.93189740e-01 1.12403512e+00 -8.53377342e-01 1.76474094e+00
    -4.89923269e-01 1.14632940e+00 3.06184888e-02 -4.84916002e-01
    4.70960021e-01 -6.02857709e-01 7.52763748e-02 -7.71867990e-01
    -6.98995590e-01 1.86749220e-01 -1.04150832e-01 1.60750508e-01
    1.25417352e+00 3.99542212e-01 -1.08060241e-02 1.59902310e+00
    -2.47000217e-01 1.26888061e+00 1.03090119e+00 -2.83219814e-02
    1.04040098e+00 7.93161392e-02 -8.48951340e-02 7.80589938e-01
    -2.97083318e-01 -4.33510482e-01 1.35126615e+00 -7.54101634e-01
    3.08229268e-01 1.58335090e+00 -8.01193476e-01 -8.96262825e-01
    3.34798932e-01 -7.12108672e-01 3.50086808e-01 9.62738216e-01
    -8.78707409e-01 -3.85102749e-01 3.42871368e-01 1.90182281e+00
    1.09947085e+00 1.13205552e+00 5.79224944e-01 1.76008844e+00
    1.63777006e+00 8.33914042e-01 -6.78089499e-01 5.20641804e-01
    5.93345165e-01 6.75918937e-01 9.51662898e-01 1.83441114e+00
    1.36257184e+00 -3.73619556e-01 1.15419507e+00 -1.12186074e-01
    1.23247552e+00 8.42629015e-01 1.16545749e+00 -3.66881073e-01
    -6.85566664e-01 -5.23360133e-01 5.12101054e-02 1.50200009e-01
    8.12022865e-01 8.08206558e-01 -8.76383722e-01 -1.11011028e-01
    1.74063563e+00 1.23934889e+00 -5.43604136e-01 -2.92921245e-01
    -7.52177954e-01 8.88866782e-02 5.32916844e-01 -7.55733848e-01
    1.09988737e+00 3.30114543e-01 1.79120958e-01 1.28243470e+00
    -5.19680083e-01 -7.35143423e-01 1.12926769e+00 -6.33636117e-02
    1.28430247e+00 1.42474890e+00 9.40266490e-01 8.56915593e-01
    1.53313124e+00 1.76421237e+00 8.55269074e-01 7.90352762e-01
    4.22289908e-01 1.01742089e+00 6.31264091e-01 -7.02467680e-01
    9.07666087e-01 4.48650837e-01 1.10881984e+00 -1.25290811e-01
    -4.38558459e-01 1.37627268e+00 -7.60096431e-01 1.68848634e+00
    -3.02441418e-01 1.25717282e-01 1.25331235e+00 5.97213089e-01
    -8.58602345e-01 -2.86619604e-01 -5.18480301e-01 -4.74655926e-01
    -2.10860014e-01 -7.00158775e-01 1.06078911e+00 1.70527470e+00
    1.77905881e+00 -9.28459764e-02 -8.30229759e-01 6.02806807e-01
    -5.70654750e-01 1.62462699e+00 1.85279787e+00 1.88238108e+00
    5.87348342e-01 1.83557487e+00 4.07153964e-01 1.05271089e+00
    1.81690526e+00 7.67049432e-01 5.89687467e-01 5.87772012e-01
    4.62311864e-01 7.30903745e-01 1.88650608e+00 1.82822096e+00
    9.63736653e-01 8.52458119e-01 -3.33022892e-01 8.51610184e-01
    1.12318218e+00 8.91203582e-01 1.85505676e+00 3.92496586e-02
    -5.55318117e-01 1.23335481e+00 -1.40793979e-01 1.79706919e+00
    1.85395670e+00 1.80929887e+00 9.18347716e-01 -1.14785433e-02
    -1.00796235e+00 7.78679013e-01 1.37597203e+00 -1.86904609e-01
    1.87258816e+00 2.18649566e-01 1.60660422e+00 -9.16121542e-01
    4.93020654e-01 8.30340147e-01 1.45484102e+00 1.82385397e+00
    1.03374553e+00 5.47322154e-01 1.43027639e+00 -3.01949680e-01
    1.07600558e+00 -4.25020516e-01 1.45635355e+00 -7.34817147e-01
    1.71998250e+00 -9.79856074e-01 7.77928472e-01 1.21766365e+00
    4.35240865e-01 7.60486007e-01 3.12998772e-01 1.01069093e-01
    1.46879137e+00 6.47313833e-01 1.82642663e+00 8.86906505e-01
    8.33855271e-01 7.46123314e-01 1.84345746e+00 1.22923124e+00
    7.65666962e-01 1.59857881e+00 5.76331139e-01 1.56499267e-01
    -1.28335953e-02 7.66874909e-01 4.90450621e-01 7.93985367e-01
    -9.29570258e-01 1.90272808e-01 1.40101302e+00 -8.52845848e-01
    1.00742400e-01 1.35676074e+00 1.23114848e+00 -7.75350094e-01
    -6.76480293e-01 1.24473131e+00 7.75837362e-01 -8.61527324e-02
    9.39520359e-01 -4.82708097e-01 -5.75396180e-01 -6.53784990e-01
    1.03862762e+00 9.36933160e-01 -6.82784855e-01 1.77563119e+00
    5.27900100e-01 -8.14131498e-01 2.76776075e-01 4.04527068e-01
    -2.01974094e-01 7.22857118e-01 1.62408090e+00 1.16419673e+00
    -9.23959970e-01 1.55737746e+00 1.68963158e+00 1.73476827e+00
    -1.12427473e-01 8.13155651e-01 9.96558070e-01 -2.96674132e-01
    1.04733193e+00 4.79133129e-02 -2.79412627e-01 1.69215441e+00
    5.91021359e-01 1.46274471e+00 -2.09987402e-01 5.03256798e-01
    -2.24583983e-01 1.30151248e+00 1.39417672e+00 6.94135666e-01
    1.20468879e+00 1.19862664e+00 -6.59334660e-01 1.69257092e+00
    5.59186280e-01 1.17157936e+00 -4.66089904e-01 4.65085387e-01
    -4.90078598e-01 6.07496560e-01 -4.76611227e-01 1.81826234e-01
    1.77828193e+00 1.32571077e+00 -1.33208632e-02 -8.36209714e-01
    -4.80733156e-01 1.76879883e-01 1.26186752e+00 -1.36420965e-01
    4.49540615e-01 2.00343013e-01 1.86917758e+00 1.60357356e-02
    1.98707807e+00 -2.43654191e-01 -6.60329223e-01 9.89617050e-01
    1.19086099e+00 -4.74061936e-01 9.26970601e-01 1.50382519e-01
    1.40995300e+00 -3.24219465e-02 -1.04671395e+00 1.77867913e+00
    8.83062482e-01 -5.75715661e-01 1.62364268e+00 1.45439661e+00
    -9.19920743e-01 -3.24423492e-01 -6.97277486e-01 9.43994224e-01
    -3.28115940e-01 7.71157146e-01 7.02988386e-01 -1.08855188e-01
    8.65868151e-01 1.39494801e+00 -4.26526785e-01 -4.34016228e-01
    1.72702658e+00 6.72383428e-01 4.38588738e-01 3.00113916e-01
    1.44091725e+00 1.64809203e+00 1.10923290e+00 2.36065388e-01
    -6.88791633e-01 2.48851895e-01 2.26931214e-01 3.78934145e-02
    3.32587719e-01 3.23664546e-01 9.64239836e-01 1.21249735e-01
    -2.11847603e-01 1.57544804e+00 3.21863890e-01 -2.57189333e-01
    1.76071811e+00 2.36011863e-01 -7.29927659e-01 -8.92547131e-01
    1.04640412e+00 1.62288439e+00 -6.46958351e-01 9.07988429e-01
    8.05328846e-01 1.33316588e+00 1.02303147e+00 -7.42395282e-01
    3.34524870e-01 5.20618379e-01 1.09268093e+00 -3.98136914e-01
    1.90030694e+00 -7.71414638e-01 1.04081070e+00 -5.32027423e-01
    1.93368518e+00 7.87752151e-01 -2.38139570e-01 1.27042210e+00
    1.94042325e-01 8.72316360e-02 3.42761517e-01 1.70482302e+00
    -2.90491760e-01 3.08636427e-02 1.20988178e+00 5.19783258e-01
    1.55160308e+00 1.18581712e-01 1.12394810e-01 7.04393029e-01
    -8.27166677e-01 1.09148586e+00 7.38188744e-01 -7.40379333e-01
    5.55591345e-01 9.19683933e-01 -7.00828791e-01 1.42608631e+00
    -5.47155261e-01 6.64204597e-01 8.79641771e-02 7.88804054e-01
    5.29038668e-01 3.79056096e-01 9.36503172e-01 -7.84644842e-01
    -7.11313486e-02 1.75479722e+00 1.42738986e+00 -9.24032688e-01
    1.54459643e+00 1.54936457e+00 1.34552550e+00 -2.81267405e-01
    1.67383468e+00 1.30514419e+00 1.49029124e+00 2.98975945e-01
    -6.43777370e-01 1.50434911e+00 -8.89192998e-01 2.58163571e-01
    8.03068042e-01 1.17162180e+00 2.52931118e-02 1.16714168e+00
    -5.52579522e-01 1.35352421e+00 1.47817039e+00 -7.83930421e-01
    6.08517051e-01 -7.66284108e-01 -4.19569433e-01 1.82823277e+00
    1.93415213e+00 -7.36241937e-02 8.28590393e-02 1.26008344e+00
    5.11295676e-01 1.57135069e+00 4.56075072e-01 1.43574023e+00
    1.16306233e+00 5.53056002e-01 3.66524816e-01 -6.96740508e-01
    -7.90577173e-01 1.39302444e+00 -7.07343340e-01 7.35842526e-01
    1.33969545e+00 8.86514127e-01 4.74311233e-01 -5.70218444e-01
    5.18002987e-01 5.55993676e-01 1.86082470e+00 1.71222651e+00
    -4.04849410e-01 1.91305280e-01 1.14924920e+00 9.35781240e-01
    -1.21596634e-01 2.50556946e-01 -6.55833304e-01 1.55165899e+00
    1.03895628e+00 1.73204696e+00 1.41084230e+00 -8.25897455e-01
    7.29701638e-01 -9.93636012e-01 -3.89945388e-01 -3.77296448e-01
    8.95619750e-01 -6.09067559e-01 -8.26197207e-01 8.34047198e-01
    1.81824434e+00 2.44195342e-01 2.83321261e-01 1.53001463e+00
    1.22254121e+00 2.32216120e-01 1.73845613e+00 -9.63847339e-01
    1.36635458e+00 -3.75313878e-01 1.91816926e+00 -6.49931312e-01
    6.05128586e-01 -4.53782260e-01 2.99258590e-01 1.39690101e+00
    3.60702097e-01 5.68448484e-01 1.48885059e+00 -2.18222678e-01
    -1.64104164e-01 -5.39705157e-01 -3.77151012e-01 -5.26201487e-01
    1.13794625e+00 -4.20079410e-01 -2.46364951e-01 1.21436763e+00
    1.90919471e+00 4.47184622e-01 1.05299401e+00 -3.23934972e-01
    9.34243321e-01 1.15215695e+00 1.67699623e+00 1.90180349e+00
    8.07271600e-01 1.66267002e+00 7.21593499e-01 6.87088490e-01
    1.14546084e+00 -6.25965297e-01 -6.81414366e-01 4.10834074e-01
    5.39912939e-01 -4.17325020e-01 1.66204011e+00 1.26270056e+00
    -1.17195010e-01 -1.62899137e-01 9.85735774e-01 1.16178989e-02
    9.21750069e-01 1.78532088e+00 1.09241092e+00 1.53162670e+00
    4.82503235e-01 1.43347955e+00 1.76730144e+00 -9.60986793e-01
    -3.31716001e-01 -4.06981409e-01 4.35634077e-01 2.87071526e-01
    3.41766894e-01 -7.07473278e-01 5.56345880e-01 8.96732628e-01
    1.32921517e+00 -5.57808936e-01 1.19685268e+00 -6.42068863e-01
    2.96821415e-01 1.07684493e+00 1.65876293e+00 7.60761380e-01
    -2.78620541e-01 -1.62591517e-01 1.97947252e+00 1.35373008e+00
    2.09696889e-01 -3.75448406e-01 -7.00494826e-01 -2.75080860e-01
    1.35337710e-01 2.52149284e-01 1.03821874e-01 1.61240387e+00
    1.16973007e+00 -5.44292867e-01 1.41148567e-01 4.82771039e-01
    2.15995014e-01 1.12140942e+00 1.81272471e+00 -9.71197784e-01
    -6.59714341e-02 7.68312931e-01 9.84794736e-01 -7.52930164e-01
    -4.63873327e-01 1.19225025e+00 1.38816619e+00 -1.56525373e-01
    1.75128126e+00 4.60907936e-01 -7.24159479e-01 9.71161902e-01
    1.57606864e+00 1.13665259e+00 -7.65491426e-01 1.54337585e+00
    2.32076347e-01 6.45123839e-01 -4.01475132e-01 -2.87362456e-01
    1.51747966e+00 9.54603672e-01 -1.02661288e+00 -3.71788919e-01
    8.58137608e-01 1.18767738e+00 1.60151708e+00 -7.03954577e-01
    -2.49552190e-01 -8.13345551e-01 -5.71068287e-01 8.77597809e-01
    1.42364001e+00 -4.81124341e-01 1.33193910e-01 4.49678779e-01
    -6.79579735e-01 1.69037938e+00 5.22875786e-01 1.25722551e+00
    6.10315800e-03 -6.78516448e-01 -5.69952607e-01 1.53259802e+00
    3.95799875e-01 1.54229736e+00 1.07820821e+00 1.79198205e+00
    -2.44424284e-01 -1.52402282e-01 1.71543694e+00 -8.02902758e-01
    -5.62987566e-01 3.27735364e-01 9.71012354e-01 -3.47518563e-01
    9.89532471e-01 1.25275469e+00 1.01297653e+00 5.94977498e-01
    6.23112082e-01 7.35354424e-02 8.24977756e-01 -1.05007553e+00
    6.44484162e-01 -8.27102304e-01 1.79074073e+00 1.22778928e+00
    -6.51356578e-01 -9.80206907e-01 8.73251081e-01 2.98338890e-01
    1.09092772e-01 -8.14064205e-01 -2.32021749e-01 1.56932759e+00
    -7.24858344e-01 1.15906703e+00 5.70658326e-01 -6.60095870e-01
    4.16951895e-01 -4.56137717e-01 5.45598269e-02 1.53847206e+00
    7.52912939e-01 5.27679026e-01 1.66081071e+00 -2.24874556e-01
    -4.59771156e-01 -3.43399942e-01 -6.18317306e-01 -1.42421484e-01
    -6.79919362e-01 7.87920594e-01 -2.01290071e-01 4.91597295e-01
    -7.97016203e-01 1.68075824e+00 9.66361523e-01 1.29929626e+00
    1.85371256e+00 5.14976501e-01 1.53089666e+00 1.62541425e+00
    -6.75816059e-01 1.79900479e+00 5.13869762e-01 1.33517730e+00
    8.27812552e-01 -6.85566783e-01 -6.79712892e-02 -2.21720815e-01
    4.01477814e-02 1.17832303e-01 -3.04551780e-01 -9.02053475e-01
    7.43588746e-01 1.79490662e+00 -5.87763131e-01 -6.58929944e-01
    7.78598845e-01 1.24096322e+00 -7.70381033e-01 -5.53129673e-01
    5.11809647e-01 -1.91350520e-01 -2.69101262e-02 -5.12249351e-01
    1.47244024e+00 1.53735888e+00 1.71115208e+00 1.37960982e+00
    1.48077488e+00 1.90665436e+00 3.98651481e-01 -2.96309233e-01
    6.27240300e-01 -6.03046358e-01 1.61201751e+00 8.13616991e-01
    -3.57734680e-01 1.16205561e+00 -4.54137444e-01 -9.80193198e-01
    8.83829594e-03 -2.56550014e-01 1.73515081e+00 1.63532674e-01
    8.37173700e-01 1.02119756e+00 6.65721416e-01 1.69655025e+00
    1.55053890e+00 4.10235405e-01 1.31491566e+00 4.59805131e-01
    4.34424877e-02 1.38824177e+00 1.10180533e+00 1.38811803e+00
    1.74264121e+00 1.80356979e+00 2.19343424e-01 1.41508520e+00
    6.34137034e-01 1.55032754e+00 -3.38024974e-01 1.02203548e+00
    1.23478055e-01 1.23816729e-01 1.66707540e+00 9.45046604e-01
    7.40732491e-01 -4.31110263e-01 8.19054723e-01 -5.63322186e-01
    1.08739901e+00 1.58079815e+00 -6.25758886e-01 -9.18129683e-02
    1.09551132e+00 7.80941725e-01 5.61064541e-01 1.31759298e+00
    -6.82876766e-01 8.33471954e-01 8.81304264e-01 -8.16376805e-01
    6.79428399e-01 -6.27713978e-01 2.46915579e-01 -2.35367835e-01
    5.11723757e-03 -3.10022056e-01 -6.78739548e-02 4.95215654e-02
    -1.78982973e-01 1.72288811e+00 -9.09955502e-01 5.15705347e-02
    1.34651363e+00 -1.08190370e+00 1.32365799e+00 1.14068449e+00
    -2.23825395e-01 1.29735339e+00 2.51605511e-02 1.37202680e+00
    1.68943477e+00 3.31068039e-01 -4.33720350e-02 4.30082202e-01
    -2.35660434e-01 9.67515230e-01 1.24645245e+00 -5.76806426e-01
    -7.44805217e-01 1.18342924e+00 -5.77281237e-01 -3.81192803e-01
    1.53466010e+00 8.36906433e-01 1.84719038e+00 4.27022457e-01
    1.56344938e+00 6.20295763e-01 -6.47431910e-01 1.23998666e+00
    1.55290055e+00 2.06279516e-01 1.22777402e-01 -4.38055396e-01
    -5.77928782e-01 1.09498835e+00 1.01005101e+00 1.28467035e+00
    4.78318095e-01 1.94833100e+00 1.39707005e+00 1.13190746e+00
    -4.51554656e-02 -3.95395011e-01 7.31192291e-01 -4.76048380e-01
    -3.11911106e-04 1.74265432e+00 4.60077226e-01 1.25102186e+00
    -3.59871328e-01 1.15756893e+00 9.33475733e-01 1.69165850e-01
    1.57416749e+00 1.40542722e+00 1.63246858e+00 3.21670532e-01
    1.20277262e+00 -3.05798650e-01 1.79568589e+00 -1.67752266e-01
    1.54686189e+00 1.47413635e+00 -2.03581095e-01 -7.04248130e-01
    1.54548705e-01 -4.86827016e-01 8.73337746e-01 7.81617403e-01
    1.02348804e+00 9.63210464e-01 -2.72381127e-01 1.33193207e+00
    1.76200783e+00 9.03318405e-01 6.15314245e-02 -9.31679249e-01
    -2.13491738e-01 1.43546748e+00 1.02605677e+00 5.38634062e-01
    -6.16192818e-02 -1.06117725e-01 -4.70253587e-01 1.91035056e+00
    5.03007650e-01 -4.25780058e-01 5.82105637e-01 4.40512419e-01
    -4.56751466e-01 6.02069318e-01 -8.10994744e-01 1.33630562e+00
    4.26325738e-01 8.47089469e-01 1.62698007e+00 -2.27062523e-01
    1.64159358e-01 1.31626928e+00 9.98433352e-01 4.23537195e-01
    5.42253852e-01 5.69874287e-01 6.33233726e-01 1.18502736e-01
    -4.87352312e-01 -8.63163292e-01 4.44947481e-01 -5.86847425e-01
    -4.62422103e-01 1.54686236e+00 -1.12290919e-01 1.62440443e+00
    -3.46272349e-01 3.08851838e-01 1.26120698e+00 9.31907773e-01
    6.46828711e-01 1.14616179e+00 -1.02233016e+00 4.37995911e-01
    1.58306599e+00 6.82842731e-01 -4.28261757e-02 -7.34900951e-01
    3.14135075e-01 1.82391131e+00 -3.36504400e-01 4.36682284e-01
    -7.86917806e-02 1.47569180e-01 1.47149575e+00 2.96472073e-01
    4.00199711e-01 4.72893655e-01 6.12885177e-01 -5.17831802e-01
    1.33261347e+00 -5.46467781e-01 -6.84060156e-01 1.32833409e+00
    -7.73016334e-01 8.14329505e-01 -1.34118378e-01 4.33261454e-01
    1.30264854e+00 1.92973065e+00 -5.63610435e-01 1.90782619e+00
    8.15154195e-01 1.77085161e-01 -6.68904722e-01 7.09083080e-02
    9.03988361e-01 1.98335052e-01 3.73240411e-01 -4.28365290e-01
    1.03692675e+00 -9.85581815e-01 -1.03628218e+00 -3.02141368e-01
    8.28997195e-01 1.94419575e+00 5.49137473e-01 1.20836401e+00
    -1.34222150e-01 -7.94211149e-01 1.75668061e+00 1.46285653e+00
    6.56380951e-01 7.18449593e-01 1.67219186e+00 -8.14664960e-02
    6.58656240e-01 -2.31524706e-02 -1.30453587e-01 -6.60167634e-01
    -7.43434846e-01 3.67541432e-01 -7.28190958e-01 -7.64755726e-01
    -8.61574352e-01 9.90284920e-01 -2.87271261e-01 1.14406323e+00
    1.29592609e+00 -4.52948093e-01 1.42694592e+00 -4.30386364e-01
    5.02451420e-01 1.89296496e+00 1.34900153e+00 -3.89309049e-01
    1.29375339e+00 5.40168524e-01 9.30062652e-01 -4.06830072e-01
    1.50038254e+00 1.55261672e+00 4.14175272e-01 -8.26550364e-01
    -1.43798828e-01 1.46796978e+00 -8.29222739e-01 1.72223473e+00
    1.77209067e+00 1.00682521e+00 3.89941216e-01 -5.93616128e-01
    -9.87688422e-01 -1.44079685e-01 1.36505938e+00 -8.13071847e-01
    1.37218440e+00 -5.69898248e-01 -3.72881174e-01 1.75884068e+00
    -3.82063389e-02 1.21000123e+00 6.57024384e-02 -6.19411469e-04
    -5.96695542e-02 1.77182984e+00 -1.32930875e-01 -8.09726775e-01
    9.12385762e-01 -1.66219115e-01 1.00922513e+00 -9.57571208e-01
    1.61195993e-01 -6.28796101e-01 1.11836886e+00 1.07839608e+00
    4.33363557e-01 3.86959910e-02 -9.53669429e-01 -3.17928374e-01
    5.39260864e-01 1.83908057e+00 -1.53410316e-01 -7.14046478e-01
    1.06825471e+00 1.37175965e+00 -5.29136360e-01 4.25589263e-01
    -6.55709028e-01 -4.78663594e-01 3.87867033e-01 -4.06030834e-01
    -8.34273219e-01 -9.47774172e-01 1.25219989e+00 1.73303580e+00
    -7.02675343e-01 -2.06879020e-01 -9.90376413e-01 1.23501706e+00
    1.01210797e+00 1.25752008e+00 2.63340473e-01 6.09551668e-01
    1.80185139e+00 3.15650463e-01 -7.59322047e-01 8.89913917e-01
    -2.58649588e-02 4.57473159e-01 1.19461775e-01 3.51783156e-01
    -4.87276554e-01 7.16198444e-01 1.34044075e+00 8.80988359e-01
    5.72233438e-01 1.88520062e+00 3.90039384e-01 1.69725430e+00
    3.85636449e-01 5.88494539e-03 1.55108428e+00 1.19911242e+00
    6.53963804e-01 -4.29648399e-01 5.16786516e-01 1.18542027e+00
    1.14166677e-01 -2.01718092e-01 1.18409371e+00 8.81721437e-01
    2.95656562e-01 4.61789548e-01 -4.66146290e-01 1.30472982e+00
    7.15373874e-01 1.80414569e+00 -5.62035382e-01 -3.05000246e-01
    1.53391492e+00 4.01753247e-01 2.21961856e-01 5.56302905e-01
    -4.65124786e-01 -8.25827718e-02 1.82010436e+00 -9.00288463e-01
    1.36561871e-01 4.56526756e-01 1.46352220e+00 6.27466917e-01
    6.76585853e-01 -8.99581075e-01 1.25703108e+00 -7.42464066e-02
    -4.61804688e-01 4.79460776e-01 -1.26853883e-01 3.54057193e-01
    4.35943604e-02 -3.04558575e-01 1.68108904e+00 1.45351052e+00
    -8.31939936e-01 5.61267078e-01 -8.74029994e-01 -9.01050627e-01
    1.29851103e+00 8.71370554e-01 1.73317218e+00 1.29682350e+00
    -7.05733716e-01 -9.51884031e-01 -5.14330745e-01 -7.99096107e-01
    1.54058933e+00 1.57373106e+00 5.16993523e-01 1.62702334e+00
    2.13253260e-01 1.72894394e+00 1.14506650e+00 1.28096032e+00
    1.20202267e+00 -8.77990901e-01 7.28908777e-01 -3.81156683e-01
    1.43356419e+00 9.44418669e-01 1.29440975e+00 -5.16727149e-01
    1.57477641e+00 6.17410123e-01 -1.81519508e-01 1.96524954e+00
    8.04801285e-01 2.69222260e-03 1.54556799e+00 8.44387054e-01
    1.55135345e+00 1.41072154e+00 9.77155924e-01 3.53659511e-01
    5.56257784e-01 -9.49479878e-01 -5.34360409e-01 1.53246474e+00
    6.18486226e-01 9.37379122e-01 9.25285101e-01 1.63814521e+00
    -1.14791930e-01 -4.19292629e-01 6.39776587e-01 1.66259658e+00
    1.85463607e+00 5.50916314e-01 3.21896195e-01 3.40653658e-02
    1.29214120e+00 3.57392192e-01 8.89243364e-01 1.75100112e+00
    7.69264936e-01 1.87141252e+00 1.36798918e-01 -8.69195700e-01
    -2.87133455e-02 1.64336777e+00 7.52917707e-01 5.02039433e-01
    -5.12831807e-01 -3.70889306e-02 8.48254740e-01 2.47087896e-01
    1.20651305e+00 1.18854904e+00 1.81574726e+00 1.30626130e+00
    -2.59570003e-01 -6.66580498e-01 1.04020071e+00 1.41049635e+00
    1.63881612e+00 6.94391966e-01 -3.40185761e-01 7.66961217e-01
    1.67081714e+00 -3.78106356e-01 1.74106503e+00 -1.02127969e+00
    -7.40704536e-02 1.11992013e+00 1.20858741e+00 1.55987263e-01
    1.37784684e+00 -7.07049906e-01 -9.64320421e-01 1.04761791e+00
    1.40146840e+00 1.63028812e+00 4.83195186e-02 1.02002144e+00
    -9.23121214e-01 5.00013888e-01 -1.93480968e-01 7.28227973e-01
    -8.68924260e-01 1.78389502e+00 1.28971386e+00 1.71592247e+00
    1.15745568e+00 -7.77351081e-01 7.76453435e-01 9.60275173e-01
    1.35666180e+00 -6.83475256e-01 -6.65205717e-03 -8.41839135e-01
    -2.12703526e-01 3.20019722e-02 1.77729750e+00 1.61467755e+00
    6.01625383e-01 -5.45382142e-01 -7.93496609e-01 -3.40589881e-02
    9.51180220e-01 1.26526213e+00 -8.08712363e-01 -5.40370703e-01
    4.27595377e-02 -1.31788433e-01 -2.50027359e-01 1.71637726e+00
    1.34146559e+00 -2.98862934e-01 9.41122055e-01 7.02520967e-01
    3.46212745e-01 -6.33193135e-01 1.07152832e+00 6.43073320e-02
    2.45764256e-01 -1.10194385e-01 -4.17976916e-01 1.61626208e+00
    9.37804103e-01 1.49195242e+00 1.55247629e+00 1.49645936e+00
    1.80094588e+00 6.77783847e-01 1.14080799e+00 -3.39190364e-01
    4.34158325e-01 -1.03967512e+00 -1.27423882e-01 6.98141694e-01
    8.51219296e-01 1.00297117e+00 1.36831856e+00 1.66413248e+00
    1.62286484e+00 -6.15372956e-01 1.32475317e+00 -7.01099634e-02
    6.39560878e-01 1.81378341e+00 1.86184549e+00 -1.43315852e-01
    1.14405334e-01 4.42125201e-02 2.09337831e-01 1.77951169e+00
    3.74156237e-03 1.58707666e+00 5.24286807e-01 -7.90281296e-02
    1.78397715e+00 5.09795904e-01 -7.55323291e-01 1.23174524e+00
    -4.10405636e-01 1.23784637e+00 1.63951242e+00 1.75916314e+00
    1.32077503e+00 -3.64914536e-02 1.33358431e+00 1.81513011e-01
    -2.79473662e-01 1.69166970e+00 1.70066285e+00 -7.16570914e-01
    5.64323306e-01 4.34671879e-01 1.01622570e+00 -5.68589151e-01
    -5.60245514e-02 -5.87679863e-01 1.19793987e+00 8.04879189e-01
    -7.99500823e-01 1.59388483e+00 6.66507483e-01 1.74765587e-02
    1.51314974e+00 9.14875627e-01 1.40560508e+00 1.85502505e+00
    1.46322560e+00 1.46334720e+00 -8.80864859e-01 1.62216926e+00
    -6.70642495e-01 -8.81476998e-01 8.83164406e-01 9.63066518e-01
    5.11199415e-01 1.91910291e+00 6.82370245e-01 1.30505335e+00
    -4.69239056e-01 1.21827340e+00 4.28470373e-02 -1.83318853e-01
    1.51655173e+00 -6.01490498e-01 9.12442684e-01 1.87975049e+00
    9.81669486e-01 -4.29419279e-01 -6.16819739e-01 -6.33447051e-01
    1.93955874e+00 1.25739574e+00 1.11605918e+00 1.40161395e+00
    1.76144898e-01 2.45321512e-01 -5.26859164e-02 1.80473709e+00
    -5.13055921e-01 -2.81057954e-02 7.30250955e-01 -2.43061721e-01
    -2.78023958e-01 1.64232183e+00 5.52943468e-01 7.56703854e-01
    1.67790556e+00 -4.28919971e-01 -9.02417064e-01 8.78821373e-01
    4.06561017e-01 1.74247193e+00 1.06650817e+00 1.86763382e+00
    1.25831318e+00 1.16271424e+00 -1.73845410e-01 1.79639864e+00
    -2.09268332e-01 6.80742025e-01 1.01496148e+00 1.06598020e+00
    5.85736275e-01 1.83498859e+00 -1.17492259e-01 4.76798654e-01
    1.49888408e+00 1.42616570e+00 1.85302913e+00 7.29845166e-01
    -3.96814466e-01 -6.47189975e-01 1.52472186e+00 2.48172283e-02
    1.77911127e+00 1.29043162e+00 -6.89831913e-01 1.94732666e-01
    -8.97932529e-01 1.35400844e+00 1.54869974e+00 7.11919487e-01
    1.74291003e+00 1.69173622e+00 1.75729752e+00 3.43908608e-01
    1.92540812e+00 3.13377202e-01 9.81568933e-01 -1.10112548e-01
    -1.22966647e-01 6.96142554e-01 1.83667302e+00 -4.64841843e-01
    5.65280080e-01 -5.99113226e-01 1.69510722e+00 1.78137696e+00
    1.41004109e+00 -2.68731892e-01 -3.85823250e-02 7.08249271e-01
    -5.64261436e-01 -4.43182468e-01 7.79225826e-02 8.98324370e-01
    1.11381400e+00 5.34250617e-01 4.48572040e-01 1.52083421e+00
    -1.63598061e-02 1.15509474e+00 1.15175343e+00 9.82586265e-01
    -2.39636421e-01 1.92335796e+00 1.49139547e+00 6.20632589e-01
    -7.42914677e-01 1.37115276e+00 7.88850129e-01 1.59258592e+00
    6.91131294e-01 5.05639434e-01 1.85446382e+00 3.64295363e-01
    -5.84923327e-01 5.94154298e-01 -5.76233268e-01 -8.75910044e-01
    1.88216126e+00 1.52656364e+00 -1.74918234e-01 8.54042172e-01
    9.51201260e-01 -8.93723369e-02 1.18315232e+00 -8.23726594e-01
    8.95526230e-01 -3.90325904e-01 3.02306414e-02 7.28375912e-01
    -6.58970833e-01 1.40682602e+00 1.08667052e+00 1.50218105e+00
    9.97755587e-01 1.13843620e+00 -1.45415664e-02 -1.01048589e-01
    8.69494736e-01 1.21793723e+00 -7.47213721e-01 -3.40279222e-01
    1.92162740e+00 1.61833787e+00 1.15714896e+00 1.58310473e+00
    1.79492879e+00 1.39423263e+00 4.49917316e-01 -1.31523550e-01
    9.04352903e-01 7.22096205e-01 1.59938037e+00 -1.88571513e-01
    4.23590660e-01 5.86539805e-01 5.64546525e-01 1.40720320e+00
    -2.13819265e-01 8.69084597e-01 -3.93342465e-01 -7.19757020e-01
    1.77619231e+00 -8.04309189e-01 2.92205334e-01 -9.03959095e-01
    -4.49417323e-01 -6.97737455e-01 1.55071366e+00 1.04535806e+00
    1.31604195e+00 1.33176947e+00 2.10089505e-01 -6.32649541e-01
    1.13300657e+00 1.82406425e-01 7.48529017e-01 1.93061948e+00
    1.55002725e+00 9.95088458e-01 -9.35653150e-01 1.41302443e+00
    1.02726471e+00 1.45348847e+00 -5.39391875e-01 -2.52518296e-01
    -9.68727529e-01 1.26026130e+00 3.75392556e-01 9.69349742e-01
    5.41880727e-01 7.48074770e-01 -1.87841296e-01 -7.13235617e-01
    -7.59278536e-02 9.38825965e-01 -9.68605697e-01 1.40045202e+00
    -6.74812376e-01 1.66336620e+00 -3.60809028e-01 -4.55299735e-01
    4.23784852e-01 -8.83019626e-01 1.83467197e+00 9.94416475e-02
    2.27325797e-01 -4.35508490e-02 6.84077263e-01 1.54904366e-01
    9.10292983e-01 1.74690843e+00 -6.59544468e-01 -5.68710804e-01
    1.04202414e+00 1.21586096e+00 -1.76107943e-01 1.30925679e+00
    -5.97934365e-01 -5.43785691e-02 -5.17132282e-01 3.05353761e-01
    1.63766813e+00 3.92544687e-01 1.29484260e+00 1.88065255e+00
    1.94378448e+00 -8.42911720e-01 -1.35344684e-01 -4.14243937e-01
    -5.10506630e-01 8.51971567e-01 5.80723047e-01 -2.67709374e-01
    7.36199617e-02 1.49515426e+00 1.33326292e+00 1.54376948e+00
    -5.54887414e-01 1.66340315e+00 -6.87407434e-01 2.64349759e-01
    5.98526120e-01 9.17461872e-01 3.58414650e-02 -3.94821823e-01
    1.14976442e+00 9.57290411e-01 -3.51333320e-01 1.76927865e-01
    4.26265478e-01 -1.04147792e-01 -7.98399329e-01 -8.03966045e-01
    -9.17864263e-01 1.87478471e+00 1.22600436e+00 1.60686207e+00
    1.78172541e+00 6.96393788e-01 2.27248847e-01 -7.73572862e-01
    -7.07426786e-01 1.96274114e+00 -4.53992426e-01 -4.43967640e-01
    4.14308727e-01 1.06435251e+00 -8.67659092e-01 1.62460446e+00
    1.29389334e+00 9.53058243e-01 -1.75948143e-01 -7.58939564e-01
    -9.18902934e-01 -5.28207302e-01 -4.83353794e-01 -9.27746832e-01
    1.89009428e+00 -7.36193895e-01 1.33458138e+00 9.81215119e-01
    4.72402692e-01 6.84040189e-02 1.43835115e+00 1.58920956e+00
    5.76877534e-01 -5.03266215e-01 1.04394007e+00 1.12080574e+00
    1.34764445e+00 1.02077556e+00 1.72836113e+00 1.63366199e+00
    -7.91814089e-01 -8.60843241e-01 1.94086778e+00 1.32911801e+00
    -2.60813296e-01 5.10914803e-01 -9.71229732e-01 1.53516746e+00
    1.33270144e-01 1.14106762e+00 -7.08965063e-01 8.02388906e-01
    -6.55877352e-01 4.24842119e-01 1.30637026e+00 -4.85701501e-01
    -1.19244933e-01 9.68260169e-01 1.07207513e+00 8.87397647e-01
    1.13822281e+00 -2.53465950e-01 1.34193349e+00 5.44898510e-01
    -9.88918602e-01 -9.26137269e-01 9.31041479e-01 -5.21530569e-01
    1.23933291e+00 -8.60884488e-01 -4.17240858e-02 -5.67023993e-01
    1.95961952e+00 8.82063508e-02 1.85996366e+00 -5.64513087e-01
    -2.87303448e-01 -4.14096057e-01 9.45034862e-01 1.43304050e-01
    -3.55805755e-01 1.60462809e+00 1.27159142e+00 1.87225091e+00
    7.90858328e-01 1.03951454e-01 1.48873019e+00 4.10245717e-01
    4.70083952e-03 1.34353161e+00 1.22550893e+00 9.58976448e-01
    1.86901522e+00 1.16539598e-01 1.60764956e+00 1.65505850e+00
    1.26599610e+00 3.48357916e-01 3.14642549e-01 9.65969205e-01
    -7.16541529e-01 6.29259586e-01 -6.23229921e-01 1.37011778e+00
    1.45108712e+00 -8.28890204e-02 9.05583143e-01 1.43494141e+00
    -4.63033974e-01 1.81216908e+00 -9.00794864e-01 9.65995073e-01
    -6.09655499e-01 1.06286120e+00 1.70966601e+00 1.07824087e+00
    1.94924331e+00 -4.24396455e-01 5.97539067e-01 1.93419576e+00
    1.63146484e+00 -7.65580416e-01 1.84531379e+00 -9.52348471e-01
    7.95189738e-01 -2.54725337e-01 2.26832032e-01 -7.25615144e-01
    5.78930736e-01 1.51978064e+00 2.76629984e-01 9.79413807e-01
    -8.06955218e-01 9.69784856e-02 -1.40904546e-01 1.96980596e+00
    5.03400385e-01 1.38631392e+00 -6.85168505e-02 -3.73141289e-01
    3.31359982e-01 -8.25692773e-01 -2.49988973e-01 4.08919752e-01
    1.36741090e+00 -8.59016716e-01 -9.83546555e-01 -4.17820036e-01
    1.54769588e+00 -9.58719492e-01 1.60936856e+00 -8.37174416e-01
    9.49200034e-01 3.70103717e-01 8.03480148e-02 1.46661997e-01
    -5.35972357e-01 -5.92721522e-01 2.31713235e-01 -5.00679135e-01
    -2.86511600e-01 1.54988003e+00 -8.79675150e-03 -1.61230564e-03
    1.15023851e+00 1.51743853e+00 1.81521559e+00 1.14023983e-01
    5.93286812e-01 1.54139340e+00 1.58442318e-01 1.33211184e+00
    1.23868036e+00 7.65045047e-01 1.88767624e+00 5.30224800e-01
    -6.58269227e-01 -4.83953446e-01 9.38611448e-01 1.10180771e+00
    1.57870603e+00 -6.71408772e-01 1.04837513e+00 3.07252169e-01
    -4.94160056e-02 2.69012332e-01 -8.85195792e-01 -9.46642578e-01
    1.84268451e+00 1.23402774e+00 9.11890507e-01 1.26734853e+00
    1.23043597e+00 -6.46747053e-01 1.51040280e+00 1.44200039e+00
    7.38927364e-01 2.19603539e-01 -9.78827477e-03 1.49563074e-01
    1.75771379e+00 1.59817576e-01 -8.76153827e-01 4.58441019e-01
    2.52202749e-01 2.11624742e-01 1.89822948e+00 1.63442767e+00
    2.83543110e-01 1.07257724e-01 8.66526961e-01 -3.32914591e-02
    -9.04560089e-03 1.31413555e+00 1.18854356e+00 -9.20272291e-01
    1.68676400e+00 5.00647783e-01 9.94647443e-01 3.33356500e-01
    1.08958244e+00 7.77396441e-01 9.50462818e-01 5.63463569e-02
    6.17142022e-01 2.01109767e+00 1.04844189e+00 1.90656543e+00
    6.71540201e-01 7.04448998e-01 1.02576065e+00 -5.07609308e-01
    3.00567746e-01 5.20902276e-01 4.74904180e-01 1.57672048e+00
    1.37251103e+00 1.70958757e+00 1.63193202e+00 -1.01561892e+00
    4.93998170e-01 1.20726740e+00 -8.06028903e-01 -9.13466394e-01
    7.85754263e-01 1.16032267e+00 1.57171559e+00 -9.08122957e-01
    1.74212289e+00 1.00512362e+00 7.29523242e-01 -2.88122416e-01
    5.45892239e-01 1.23049784e+00 -3.66239130e-01 -8.09835434e-01
    9.20457244e-02 6.53339744e-01 6.52714431e-01 2.40608156e-01
    9.58533227e-01 -1.97615802e-01 -6.99555874e-02 4.82469201e-01
    9.59531546e-01 -6.80671096e-01 -8.33461225e-01 1.17854798e+00
    1.02882242e+00 1.82049847e+00 -1.52667820e-01 7.73534596e-01
    -3.42823982e-01 1.37751615e+00 4.91328597e-01 4.41030741e-01
    -2.54521489e-01 1.78762078e+00 9.43339109e-01 1.67187834e+00
    1.08833885e+00 1.51311207e+00 1.68161225e+00 1.29173362e+00
    5.09296119e-01 5.02172530e-01 1.81989217e+00 5.02104998e-01
    -6.91232443e-01 1.25499046e+00 -3.19282293e-01 -2.10474133e-01
    1.62794828e+00 1.35442555e-01 -3.52194786e-01 7.11714923e-01
    1.01414740e+00 4.03035522e-01 2.33849883e-01 1.57515824e+00
    -3.19916964e-01 1.35263085e+00 -2.63218462e-01 -6.17300272e-01
    1.92957330e+00 1.90360522e+00 1.74673736e+00 6.53351545e-02
    1.03420234e+00 1.60405350e+00 -2.01810002e-02 -1.91012740e-01
    6.51100874e-01 3.60658407e-01 -4.78341818e-01 -4.20017958e-01
    1.71246040e+00 6.39075875e-01 2.14885473e-02 1.90309215e+00
    -8.84700239e-01 1.67512465e+00 1.85719895e+00 3.44041288e-01
    1.14280796e+00 -2.36789048e-01 -1.76178217e-01 1.02147245e+00
    5.15564442e-01 -3.96056414e-01 -9.44542289e-01 1.00910556e+00
    5.34574091e-01 6.39791489e-01 -8.01153183e-01 -7.76257873e-01
    1.64797330e+00 3.50604236e-01 -5.24120927e-01 -6.76740050e-01
    -9.31362808e-01 1.34203887e+00 1.93501902e+00 -6.64985836e-01
    1.11411166e+00 -8.04958105e-01 1.52520537e+00 1.67038202e+00
    -3.82083774e-01 8.53183389e-01 1.58782363e+00 -7.06707478e-01
    -4.79696691e-01 -6.08767450e-01 -2.33381689e-01 -8.66667032e-02
    8.53251100e-01 4.36755180e-01 1.06993413e+00 8.47199202e-01
    -3.21035206e-01 -8.86490464e-01 -1.30069494e-01 -2.64160633e-01
    -9.22619700e-01 3.80092442e-01 7.44572222e-01 4.86105800e-01
    -6.10526681e-01 1.51600540e+00 -7.37491667e-01 -7.33184338e-01
    -9.00212586e-01 1.34373093e+00 1.27271199e+00 -1.05925918e-01
    -1.95281267e-01 1.80368412e+00 5.33697844e-01 1.28580320e+00
    6.96285129e-01 7.75844455e-01 1.38657081e+00 1.71176887e+00
    1.28321087e+00 1.36410570e+00 3.33270252e-01 -8.65278244e-01
    1.06776655e-01 1.24666834e+00 1.23480713e+00 9.42124069e-01
    1.26337123e+00 -4.62132692e-03 3.22868943e-01 9.61525679e-01
    -8.24343026e-01 9.65032935e-01 6.60455823e-01 -3.80375504e-01
    -8.74340296e-01 4.15918112e-01 -9.56990302e-01 -8.79857481e-01
    1.88098907e-01 8.17526579e-02 9.07033086e-01 3.26484084e-01
    1.32165933e+00 -3.63123059e-01 1.00397217e+00 1.77386320e+00
    1.65709150e+00 1.34468472e+00 9.48734879e-02 -7.00838745e-01
    1.68011963e-01 -8.40163827e-02 8.24468493e-01 -2.35428214e-02
    5.36445916e-01 9.45708275e-01 -4.16979522e-01 6.63953006e-01
    -1.93313897e-01 1.18979585e+00 -6.07723475e-01 -3.08157682e-01
    1.40237975e+00 -2.37475693e-01 -8.37435663e-01 1.73730302e+00
    -5.67567468e-01 1.55027294e+00 -5.68345189e-01 1.48509884e+00
    1.02604043e+00 9.90036964e-01 1.48173082e+00 1.02782977e+00
    1.49806380e+00 1.27589154e+00 -7.80999601e-01 -4.25293386e-01
    2.84180403e-01 1.33018613e+00 8.00617695e-01 1.00145555e+00
    -3.29360187e-01 -1.01375353e+00 5.49188614e-01 1.15483165e-01
    1.23801422e+00 1.39839447e+00 1.09618580e+00 1.37374997e+00
    9.69982147e-02 -9.15967941e-01 1.04039407e+00 1.68746054e-01
    1.87007976e+00 7.29511738e-01 9.27563429e-01 -2.45339513e-01
    -8.85746658e-01 8.08378160e-01 1.56658673e+00 4.07778859e-01
    1.57108009e+00 1.29521561e+00 1.00793219e+00 1.63638723e+00
    -5.35075188e-01 -3.72292995e-01 2.35411048e-01 1.61147678e+00
    -6.10852659e-01 1.96497560e+00 7.47374654e-01 -9.54510629e-01
    1.59308553e+00 1.41504288e+00 5.00980556e-01 -5.70495963e-01
    1.09051919e+00 -7.02587128e-01 3.30191731e-01 -3.38731408e-01
    -5.25578797e-01 1.31239986e+00 1.04092443e+00 5.46399951e-01
    1.55518889e+00 -9.47390556e-01 -7.54606307e-01 1.39884090e+00
    -3.44633281e-01 9.37866032e-01 -2.96628952e-01 7.97306836e-01
    1.91665399e+00 1.92262173e-01 -5.58109224e-01 -4.94087696e-01
    1.40662789e+00 -3.28603446e-01 1.85936594e+00 -8.78506303e-01
    1.79991615e+00 1.86202860e+00 -4.98460770e-01 1.08721316e-01
    2.09246993e-01 3.48801911e-01 -7.80870259e-01 -9.17579830e-01
    -8.95151615e-01 -6.97014689e-01 1.92899525e+00 2.10646451e-01
    2.67446160e-01 -2.85866857e-01 1.02468765e+00 -8.53390217e-01
    1.11837196e+00 1.33105695e-01 1.22417831e+00 1.75026953e+00
    -2.00154185e-01 8.73735964e-01 -8.00042152e-02 1.49538541e+00
    -4.68448520e-01 7.18895495e-01 1.63985491e+00 -2.89522588e-01
    -8.55761051e-01 1.81044269e+00 1.58498275e+00 9.04306710e-01
    4.67656910e-01 2.33726025e-01 -3.16152751e-01 1.47824502e+00
    -1.12912357e-01 -8.95334661e-01 -7.38864720e-01 1.96752846e+00
    7.82411397e-01 1.04728222e+00 8.47185075e-01 3.07318568e-02
    1.58872843e+00 -6.05188668e-01 6.59191847e-01 -4.84580427e-01
    -3.80962133e-01 1.24314976e+00 1.79512858e+00 1.06613374e+00
    -7.22186804e-01 1.31569767e+00 4.16737497e-01 -2.12672412e-01
    1.59685040e+00 1.26073718e+00 3.77146721e-01 4.83024359e-01
    -9.85576034e-01 6.87125206e-01 1.63752055e+00 6.86149001e-01
    1.56985390e+00 1.14831769e+00 1.05924261e+00 2.71570563e-01
    1.08493888e+00 1.58630490e+00 1.02948558e+00 8.97251189e-01
    -1.98626041e-01 8.16148281e-01 -3.90329778e-01 1.83622563e+00
    1.29610181e-01 1.37023187e+00 5.71329832e-01 7.11472750e-01
    -3.71447265e-01 -4.00112271e-02 -3.98360074e-01 -2.83628106e-02
    8.12065601e-01 9.27930653e-01 9.17571425e-01 1.81251550e+00
    3.16048026e-01 1.79700160e+00 7.74230123e-01 1.51973557e+00
    -5.36482155e-01 6.65583253e-01 9.27273750e-01 -3.95830691e-01
    -8.58443916e-01 1.79441607e+00 3.08400273e-01 -5.30915856e-01
    1.34573781e+00 1.14619648e+00 -2.84930050e-01 1.39938068e+00
    5.91930628e-01 -9.62032557e-01 1.87643445e+00 7.12088227e-01
    1.31362796e-01 7.97264338e-01 4.00245368e-01 1.90984321e+00
    -5.93484282e-01 1.59069109e+00 2.25489557e-01 1.29537988e+00
    8.39828908e-01 5.79616010e-01 8.66190195e-01 1.38787127e+00
    -7.14949727e-01 -2.96399057e-01 7.00279057e-01 1.18205285e+00
    -5.36868215e-01 -9.20595765e-01 1.31672549e+00 -3.00298035e-01
    -1.83587074e-02 9.26689744e-01 -6.78112566e-01 7.64984190e-01
    1.58125722e+00 1.32502997e+00 -3.26903582e-01 5.53551674e-01
    2.32353806e-01 -7.70801663e-01 9.33341563e-01 8.58500779e-01
    1.31985998e+00 1.86380923e+00 -7.81705320e-01 6.79758012e-01
    -4.66298759e-01 -1.83413267e-01 -5.21153808e-02 4.89727914e-01
    1.58937740e+00 9.74853873e-01 3.56272101e-01 8.11457515e-01
    6.17259979e-01 -8.87752771e-02 1.42742741e+00 8.92237425e-01
    9.42512989e-01 1.49328840e+00 1.45375288e+00 1.32775092e+00
    3.08511853e-01 1.96995556e+00 -2.97540426e-03 1.05105591e+00
    1.84600449e+00 1.49059153e+00 1.62638259e+00 7.70565987e-01
    -3.69726330e-01 8.12275350e-01 1.24444604e+00 6.54992044e-01
    -1.25877321e-01 6.56759501e-01 -3.21772724e-01 6.33200049e-01
    -5.55959940e-02 6.34322882e-01 3.62530351e-01 2.15369105e-01
    1.05869246e+00 8.97274613e-02 -5.60953975e-01 -1.70395792e-01
    1.97922039e+00 -6.30654097e-02 1.10124445e+00 1.19934654e+00
    5.36136091e-01 1.67754507e+00 1.06456828e+00 2.08589315e-01
    1.54088616e+00 1.83616745e+00 6.57921433e-01 6.73089981e-01
    -5.89721859e-01 -9.62117851e-01 1.48348045e+00 3.07574034e-01
    1.14072990e+00 1.74436152e+00 1.08982289e+00 7.98321009e-01
    -3.13022137e-02 1.17715406e+00 -5.72236419e-01 1.71061170e+00
    -6.97405100e-01 1.69915700e+00 1.76528418e+00 6.59696102e-01
    5.87892532e-02 -8.86664391e-02 9.18775797e-03 -7.11536229e-01
    9.33761716e-01 4.42417383e-01 1.49303496e-01 -2.52603292e-01
    1.29133368e+00 1.52456260e+00 1.30911350e+00 -2.82748938e-01
    1.96412945e+00 6.08536005e-01 1.35194778e-01 -2.68916249e-01
    -5.09474158e-01 1.68894649e-01 1.76268518e-01 -5.82184553e-01
    1.65900826e+00 1.80997038e+00 4.69802022e-02 1.33656108e+00
    -9.72544014e-01 1.69768453e+00 6.63607001e-01 -4.80321586e-01
    1.76833582e+00 1.39815092e-01 8.53154421e-01 1.63445401e+00
    1.80850935e+00 1.33262348e+00 -1.45851672e-01 1.86521411e+00
    7.68415689e-01 1.96488523e+00 1.50493932e+00 -6.63656354e-01
    -4.52097297e-01 1.45790005e+00 1.03331804e-02 1.09248519e+00
    -3.36112618e-01 -1.03562713e-01 -5.99035680e-01 -5.31761348e-01
    1.18809676e+00 4.94904637e-01 8.58695209e-01 1.12967587e+00
    1.87203562e+00 5.02260149e-01 -1.90152586e-01 2.01421380e+00
    -6.06071711e-01 1.11952364e+00 3.95459116e-01 6.98013842e-01
    4.11801875e-01 -6.86282039e-01 5.93067408e-02 1.70949602e+00
    -5.25775909e-01 -3.81084085e-02 7.08945870e-01 2.71455765e-01
    5.09649754e-01 1.51895559e+00 9.60412621e-01 -8.30760837e-01
    1.48142982e+00 1.61860347e+00 -9.02298212e-01 -3.18073153e-01
    -7.32066631e-02 -5.01199603e-01 3.04317236e-01 7.39703298e-01
    3.10024381e-01 -7.23652959e-01 6.66499615e-01 1.29638863e+00
    -7.63352752e-01 6.52928233e-01 2.76045740e-01 5.86663067e-01
    2.73663104e-01 -7.24174798e-01 1.83937204e+00 1.55791974e+00
    7.92311192e-01 -6.60428703e-01 -6.81077898e-01 -1.83896601e-01
    -1.09695673e-01 -9.77451921e-01 3.68958592e-01 2.35958755e-01
    -1.80053115e-02 -3.96148562e-01 1.44744754e+00 1.85969830e+00
    9.17802930e-01 -4.37582135e-01 -7.57187128e-01 5.20201802e-01
    1.41298950e+00 1.53793502e+00 1.62249994e+00 1.30202556e+00
    -2.55571604e-02 -3.22177052e-01 1.20479512e+00 1.57885194e+00
    1.88353193e+00 -7.61381209e-01 6.32250428e-01 1.29632556e+00
    1.58849096e+00 -4.45678592e-01 -5.64272523e-01 2.97315478e-01
    1.61132038e+00 -8.29866409e-01 1.49890947e+00 3.72856855e-03
    6.83529496e-01 3.71640801e-01 -5.07761836e-02 1.96883583e+00
    6.82941675e-02 1.45271730e+00 4.15029049e-01 5.05791843e-01
    -3.00142288e-01 -1.24678433e-01 4.15044904e-01 -9.16625917e-01
    1.42938733e+00 -5.49502254e-01 -6.49661660e-01 1.40866971e+00
    1.49818575e+00 -7.63826966e-01 1.18672848e-02 1.73831308e+00
    4.59539950e-01 1.14748716e+00 4.50460494e-01 -8.21315110e-01
    7.49724448e-01 1.76239324e+00 5.60289025e-02 7.21705854e-01
    9.27956700e-01 -2.92677224e-01 -4.92292643e-01 3.07608128e-01
    9.78540123e-01 -6.56697750e-02 1.13287747e+00 7.53398895e-01
    3.84062588e-01 9.94298458e-01 -7.09529519e-02 1.57643139e+00
    1.19991803e+00 3.00239444e-01 -3.72952580e-01 1.35932684e+00
    -1.29037082e-01 1.32639313e+00 1.94517231e+00 3.23757529e-02
    -6.79960966e-01 1.78339481e-01 1.51047921e+00 -3.93317759e-01
    7.23914921e-01 -6.75702512e-01 8.74479651e-01 9.27843273e-01
    -5.50258875e-01 -9.07873392e-01 -4.16620582e-01 9.00017083e-01
    -5.11556566e-01 8.97130847e-01 9.81115282e-01 4.28901434e-01
    1.46566236e+00 -8.40614021e-01 -4.53706801e-01 6.20479822e-01
    1.25211954e-01 1.84782410e+00 6.40019178e-01 1.20379937e+00
    3.93388510e-01 5.16464353e-01 1.52213991e+00 -2.47922719e-01
    3.26592743e-01 5.28473854e-02 4.59588230e-01 2.31835246e-02
    2.83750892e-02 4.69071567e-01 1.24324918e+00 2.05050111e-01
    1.31121874e-01 6.26884878e-01 1.64860034e+00 4.13445830e-02
    -7.57565558e-01 1.05926192e+00 1.65466845e-01 -6.00847602e-02
    -4.17965263e-01 -3.70418340e-01 -4.55449551e-01 -8.01359415e-01
    5.32565475e-01 4.83171821e-01 -1.30455256e-01 1.97940528e+00
    1.67389464e+00 -5.18517613e-01 -9.25559461e-01 -2.98973799e-01
    -4.79512036e-01 -2.59495139e-01 1.94082415e+00 -4.62583661e-01
    -3.95122349e-01 -8.60373974e-01 9.57557321e-01 -1.04886413e-01
    -7.58689404e-01 3.27033997e-02 -2.48443127e-01 -1.02590966e+00
    1.75250113e+00 5.24083495e-01 1.52973187e+00 1.11113191e-02
    -9.86867309e-01 1.01187956e+00 1.40020871e+00 1.39447069e+00
    4.27677333e-01 1.31142855e+00 1.60300756e+00 4.87270772e-01
    -7.40501523e-01 1.91342139e+00 1.70390809e+00 1.00565648e+00
    1.08955908e+00 -3.33411813e-01 5.09838164e-01 1.61570406e+00
    -5.52288234e-01 1.65922141e+00 1.24177849e+00 7.01343358e-01
    1.47873259e+00 5.83876312e-01 4.53107536e-01 -5.06085277e-01
    7.13625968e-01 8.68475914e-01 9.73251224e-01 1.51328444e+00
    -5.18534422e-01 1.86401057e+00 1.35874271e-01 6.56755269e-01
    1.17478144e+00 1.26244020e+00 -8.78179491e-01 -5.51239371e-01
    1.87553048e-01 1.62304986e+00 1.21100295e+00 -8.68974149e-01
    6.11821055e-01 4.81591344e-01 -1.60296679e-01 7.23851621e-01
    -4.90121007e-01 1.35414279e+00 1.33697283e+00 1.72231936e+00
    -3.98704708e-01 1.66260886e+00 -5.32665074e-01 1.48949301e+00
    1.51161551e-01 1.65903735e+00 1.06792808e+00 -7.00335145e-01
    1.62399268e+00 1.35685182e+00 -6.28697991e-01 -3.43365848e-01
    -3.17155302e-01 1.25827909e+00 1.51728964e+00 1.64578271e+00
    -1.07799649e-01 1.24239624e+00 6.00709558e-01 -9.68357325e-02
    1.71720922e+00 -5.10549188e-01 1.87862718e+00 1.06182456e-01
    9.98891830e-01 1.87988079e+00 1.08153105e+00 -8.19692731e-01
    1.79117072e+00 5.35225630e-01 1.57921934e+00 -1.15196645e-01
    1.21037197e+00 -7.15867341e-01 -5.95658123e-01 -6.09925032e-01
    3.95059466e-01 1.57787442e-01 1.18616247e+00 -5.57886362e-02
    1.27644134e+00 -9.23482418e-01 8.76170635e-01 7.43318737e-01
    -2.93390632e-01 -6.85390830e-01 2.15914071e-01 -3.82420123e-01
    7.70231128e-01 6.91802979e-01 -6.04620099e-01 2.15462327e-01
    1.48128510e+00 1.24957395e+00 1.51215506e+00 1.17036557e+00
    1.50169897e+00 2.38951921e-01 -6.99210465e-01 -2.83788443e-02
    1.02487242e+00 4.12691832e-02 7.84969330e-02 6.86839521e-01
    6.67966962e-01 -3.10469389e-01 9.75357771e-01 9.02731299e-01
    4.77166831e-01 -2.63252437e-01 4.21158493e-01 1.93133008e+00
    -9.87478733e-01 5.25289714e-01 2.10270882e-02 -1.12419724e-01
    -7.63834655e-01 -4.50158536e-01 1.11691010e+00 8.30899894e-01
    -4.11302090e-01 -1.18435562e-01 -7.42575884e-01 -6.18747830e-01
    3.30685556e-01 4.89171505e-01 1.69084334e+00 -8.33420157e-02
    3.08799565e-01 1.22224295e+00 1.45423472e-01 -4.15885448e-03
    -8.84919286e-01 -5.70609808e-01 1.88481748e-01 -3.82305145e-01
    1.11790025e+00 1.88014352e+00 -9.51226532e-01 1.47040224e+00
    8.85588646e-01 -6.31057560e-01 -6.24290705e-01 1.27972054e+00
    1.14308357e-01 1.92598176e+00 9.70724523e-01 -9.20463443e-01
    -4.11163628e-01 1.02913296e+00 9.29348528e-01 -7.70216584e-02
    1.39641380e+00 8.41119289e-01 5.29462039e-01 5.54621220e-02
    -6.90318584e-01 5.93156457e-01 3.91925454e-01 1.01012135e+00
    1.14549494e+00 3.41090262e-01 1.67417347e-01 5.30418694e-01
    5.37892938e-01 -4.71659005e-01 1.10793424e+00 -7.89278328e-01
    9.45976019e-01 1.47736740e+00 1.22053409e+00 -6.12787962e-01
    4.45376933e-01 -6.19498253e-01 1.32452500e+00 3.05985808e-02
    8.42050433e-01 1.38793087e+00 1.37464142e+00 8.19260657e-01
    1.42088699e+00 1.64154327e+00 4.12310719e-01 6.33430541e-01
    6.25545025e-01 -5.82270026e-01 1.14849555e+00 4.31731164e-01
    2.48708069e-01 9.50970650e-02 1.39570141e+00 2.01005602e+00
    1.39594364e+00 1.19502187e-01 1.85354698e+00 9.10740376e-01
    1.49726343e+00 1.74488711e+00 6.48213387e-01 5.93424916e-01
    9.49433923e-01 8.67963552e-01 1.26911199e+00 -4.38260615e-01
    1.02242208e+00 -5.11092126e-01 -1.22505128e-01 5.63097417e-01
    6.12185478e-01 1.54299736e-02 -2.33002663e-01 -3.48339081e-02
    1.43394160e+00 1.39210391e+00 -7.45818079e-01 1.25137997e+00
    4.04653311e-01 1.85521138e+00 6.02331221e-01 5.20835459e-01
    7.81818032e-02 1.63812971e+00 -4.85245258e-01 2.34924197e-01
    1.22682142e+00 -6.23906851e-02 -5.39335132e-01 2.05314136e+00
    -5.42549491e-02 -4.68368530e-02 1.40183151e+00 9.91492987e-01
    -8.85635018e-01 1.01395941e+00 8.92031193e-02 1.44595134e+00
    8.74294341e-01 1.67567837e+00 1.21522307e-01 1.59861887e+00
    -2.98946500e-01 7.36299038e-01 1.70676792e+00 1.59468770e+00
    6.84531748e-01 1.71621764e+00 1.00125194e-01 3.14261675e-01
    -3.60963345e-01 1.37120247e-01 1.73808980e+00 -1.24800205e-01
    1.62893462e+00 -4.42778707e-01 -3.42149377e-01 -6.58994138e-01
    1.22820985e+00 1.93637216e+00 6.34401321e-01 5.26684880e-01
    -8.32608998e-01 -9.02879059e-01 -7.68694878e-02 2.90407598e-01
    -2.82481790e-01 1.14076209e+00 -1.19066238e-03 1.37742615e+00
    1.85607529e+00 5.47728539e-01 1.36162102e+00 -2.16243386e-01
    -8.27334404e-01 -6.48428619e-01 2.49551892e-01 2.33212352e-01
    -3.97922814e-01 1.52316856e+00 8.62227321e-01 -4.37205911e-01
    -6.93540692e-01 1.51626527e+00 8.42041135e-01 2.72292137e-01
    1.81023717e+00 2.61776686e-01 4.57330823e-01 1.83260214e+00
    1.76805556e+00 3.01876426e-01 -6.57814741e-01 1.45307422e+00
    2.30232000e-01 -7.07931399e-01 1.57121754e+00 -7.75869727e-01
    -6.57919347e-01 1.06386852e+00 1.26221716e+00 1.32763708e+00
    -8.82073760e-01 8.92190635e-01 -2.47766495e-01 1.95130658e+00
    -5.95186114e-01 3.00532997e-01 -7.96624422e-01 1.33537543e+00
    -8.82163167e-01 -4.22712266e-01 2.80632377e-02 1.28268814e+00
    5.13170958e-02 6.11109436e-01 -6.15956545e-01 1.58622146e-01
    5.37260294e-01 1.55220437e+00 3.54575872e-01 -4.59276140e-01
    -1.17938638e-01 -7.68649101e-01 -5.47777116e-01 -5.09158194e-01
    -3.19718778e-01 1.14477646e+00 1.79102898e+00 6.97593331e-01
    1.54225230e-01 -6.79261088e-02 1.96666396e+00 -4.01288271e-01
    8.33888769e-01 1.12834275e-01 -4.76774603e-01 8.85868669e-02
    4.46254551e-01 1.83812523e+00 9.07363534e-01 2.74807513e-01
    1.21993160e+00 1.13406682e+00 -7.04547763e-01 4.45548654e-01
    7.68660367e-01 8.23892832e-01 -4.22847748e-01 -4.73518848e-01
    6.99936807e-01 3.69206667e-02 -2.11677790e-01 1.55283391e-01
    4.71936047e-01 1.31621087e+00 1.02253497e+00 -5.32527208e-01
    -1.10053599e-01 -5.61338186e-01 1.03567004e+00 -6.65245712e-01
    1.83388734e+00 2.41035223e-01 1.18716526e+00 -4.46641445e-01
    -1.11277282e-01 9.80445743e-01 -4.48875606e-01 -4.66155231e-01
    -1.01927280e+00 3.64650965e-01 -6.11351967e-01 1.25794089e+00
    9.04628277e-01 1.65170968e+00 4.41338181e-01 1.60399437e+00
    1.52746940e+00 1.87486398e+00 9.29194272e-01 -2.71046102e-01
    8.77633035e-01 1.87377644e+00 1.47105336e+00 5.47162473e-01
    3.15255284e-01 9.01662886e-01 -3.78828049e-01 -1.71776474e-01
    -1.46648467e-01 -1.32376194e-01 -5.82711220e-01 2.97755837e-01
    6.06496215e-01 -8.62438738e-01 5.61094999e-01 -6.64150119e-02
    1.37456775e+00 1.15089941e+00 -5.31955004e-01 -7.70516992e-01
    -8.83834839e-01 1.52998018e+00 1.01493621e+00 1.35304093e+00
    -7.17615068e-01 -5.75012088e-01 1.46038735e+00 7.78764665e-01
    5.54007351e-01 1.04869902e+00 6.77433014e-02 1.22166324e+00
    7.16337562e-02 -8.78884256e-01 1.20554483e+00 7.34330416e-02
    1.89298177e+00 -4.03523326e-01 -6.61033809e-01 5.05930185e-02
    9.52755570e-01 -6.49867415e-01 1.59204388e+00 1.38713861e+00
    1.34775376e+00 1.87072098e-01 1.14753067e-01 7.86078334e-01
    -2.95923889e-01 3.04369688e-01 5.93047380e-01 6.46785259e-01
    5.79848349e-01 8.71742368e-02 -4.47414875e-01 -6.88785136e-01
    1.13657844e+00 8.80694509e-01 -7.57297993e-01 -6.18556082e-01
    1.96142554e+00 -7.78513610e-01 1.63082278e+00 6.70753241e-01
    -4.91340995e-01 7.34834313e-01 1.43764019e-01 9.95635152e-01
    1.81472623e+00 1.82088900e+00 -9.27804947e-01 4.55359221e-01
    1.34662402e+00 -7.78623223e-02 -2.67629504e-01 9.87985015e-01
    6.44148231e-01 8.79703164e-01 1.03953695e+00 1.10284829e+00
    6.92398608e-01 1.23177743e+00 -4.26279455e-01 -2.59798169e-02
    2.03804731e-01 -7.67997980e-01 -2.96081841e-01 -6.09834611e-01
    9.58029687e-01 7.93927252e-01 3.21405530e-01 2.38859355e-01
    -6.93795979e-01 -2.59566247e-01 5.37693501e-01 2.48343349e-02
    2.19483614e+00 -7.10964501e-01 -9.02404189e-02 1.12642920e+00
    -6.02459311e-01 1.58022225e-01 1.50004721e+00 3.60643744e-01
    5.18233776e-02 5.28369188e-01 -2.28594065e-01 4.68336761e-01
    1.33211827e+00 8.15906703e-01 5.87071478e-01 -2.12109983e-01
    4.35143828e-01 -4.27078724e-01 1.84137762e+00 1.70197618e+00
    -4.92317945e-01 3.00272703e-02 -5.73047578e-01 -6.27434611e-01
    1.40274215e+00 1.50352240e+00 1.62926340e+00 -1.52513325e-01
    -6.98574185e-01 1.68606555e+00 -7.39116430e-01 9.49876964e-01
    6.36967897e-01 1.40356684e+00 -3.28349710e-01 -8.47787619e-01
    1.25618362e+00 5.24535000e-01 1.05315244e+00 -2.29903400e-01
    -6.54708207e-01 -7.65498340e-01 -1.88132048e-01 8.00952196e-01
    -8.47973466e-01 8.43399167e-02 -2.26977170e-01 -3.10109019e-01
    7.21520722e-01 -9.15785909e-01 -5.47120392e-01 1.37483048e+00
    1.21408737e+00 3.67901206e-01 9.51167226e-01 4.63764191e-01
    1.84354663e+00 8.59489977e-01 1.90265656e-01 -7.60489702e-03
    -9.50195551e-01 1.11719096e+00 -1.98635340e-01 1.61312342e+00
    7.89413929e-01 1.67754769e-01 -8.34276617e-01 -1.82790577e-01
    -5.34875154e-01 -8.18308651e-01 5.82023859e-02 -4.33495462e-01
    9.02706563e-01 -6.56147361e-01 9.63902831e-01 -5.00946343e-01
    1.39487553e+00 8.41778755e-01 -2.89555311e-01 -3.85874569e-01
    4.43608224e-01 1.13901401e+00 -5.37494898e-01 2.87483394e-01
    1.48783374e+00 1.52349114e-01 8.87454391e-01 8.43084037e-01
    6.48056924e-01 1.14178824e+00 4.23106194e-01 6.17159605e-01
    2.78744221e-01 1.36371207e+00 -5.34567952e-01 3.42538357e-01
    -2.31126487e-01 2.92839050e-01 1.70158410e+00 1.37042975e+00
    -6.80698752e-01 1.48652768e+00 1.59254479e+00 1.00360286e+00
    1.50109744e+00 -9.52670813e-01 1.72801208e+00 1.95914376e+00
    -7.31339395e-01 -7.54113793e-02 -2.78730392e-01 1.16319239e-01
    -3.36949676e-01 7.00231254e-01 -3.07510614e-01 -2.94237018e-01
    8.05941701e-01 1.50998235e+00 1.20405197e+00 7.90443420e-01
    1.90494478e+00 -2.72961795e-01 -8.75365555e-01 -9.14375007e-01
    9.19774115e-01 2.50250161e-01 1.14842486e+00 -8.71550679e-01
    -1.51910663e-01 -2.30853677e-01 1.96559763e+00 -3.89458954e-01
    2.33603656e-01 2.18353689e-01 1.20732796e+00 7.83179283e-01
    -6.71436667e-01 1.94721031e+00 1.44293046e+00 -3.33863497e-02
    9.89315987e-01 4.07792211e-01 1.45539188e+00 -5.32092273e-01
    1.71415031e+00 1.55019546e+00 8.26700330e-01 -2.76917100e-01
    -9.10377741e-01 2.83863306e-01 -1.00116515e+00 8.33618522e-01
    1.60045111e+00 -2.70653784e-01 1.88466477e+00 9.45958495e-01
    2.70067096e-01 -7.45306015e-01 1.06258357e+00 1.40438008e+00
    -9.39931512e-01 8.82311344e-01 -9.03006196e-02 1.59119773e+00
    1.73457444e+00 1.91381001e+00 6.04644716e-01 1.03427887e+00
    4.59872007e-01 -3.36413562e-01 1.57452118e+00 3.31435323e-01
    1.39198446e+00 1.04717612e-01 -6.35222793e-02 1.18190229e+00
    7.62909889e-01 1.81248176e+00 1.40307748e+00 1.84273481e-01
    -1.03814960e+00 1.66695750e+00 1.84994936e+00 9.08515573e-01
    1.56416953e+00 2.38974214e-01 -9.59871888e-01 3.13892365e-01
    -6.40850067e-01 6.17303073e-01 -4.87996787e-01 1.21661162e+00
    1.13402426e+00 1.22625947e+00 4.42715287e-01 6.10785007e-01
    1.31291246e+00 -8.62925351e-01 1.78746927e+00 -5.87335825e-02
    2.38805473e-01 -3.69596183e-01 -8.05421114e-01 1.94880342e+00
    1.15514541e+00 6.79110467e-01 -8.05372834e-01 1.08117175e+00
    -2.20032990e-01 1.26958346e+00 1.66256130e-01 3.19954395e-01
    -3.17627728e-01 4.55493331e-01 -4.32882309e-01 1.12619388e+00
    1.47518134e+00 -3.63153398e-01 1.74420786e+00 5.80960274e-01
    1.27569687e+00 -9.09118712e-01 -3.62664640e-01 1.13508677e+00
    1.04401374e+00 8.99050713e-01 -7.47839093e-01 1.34196031e+00
    1.47522140e+00 5.48845768e-01 1.18290353e+00 -1.21381879e-01
    1.24590838e+00 -1.83704793e-01 1.19630444e+00 -3.85847330e-01
    -2.57347107e-01 7.24185705e-02 2.31299758e-01 -7.85498440e-01
    -6.13251865e-01 4.70592618e-01 -5.69234610e-01 -2.73417652e-01
    1.02605700e+00 1.22608590e+00 5.20664096e-01 3.48928750e-01
    7.10760295e-01 6.69930041e-01 7.56333590e-01 -6.66417599e-01
    -8.23645592e-01 -5.31976223e-02 6.51777923e-01 8.07704329e-01
    2.04552472e-01 1.19337487e+00 1.45517945e+00 6.83528006e-01
    1.69711649e-01 1.62553787e+00 3.70089412e-01 -7.71866798e-01
    -2.64627934e-01 3.48661244e-01 -1.88520551e-02 -4.13867027e-01
    -4.09918636e-01 1.86606050e+00 1.86676085e-01 1.59697795e+00
    5.43208241e-01 7.88471460e-01 1.33285725e+00 -4.88250524e-01
    -1.41457856e-01 1.54525685e+00 1.30794728e+00 2.88679361e-01
    1.13861835e+00 1.22447634e+00 -4.44126070e-01 5.08228540e-01
    -8.17550659e-01 1.80358183e+00 -1.09099686e-01 7.42847681e-01
    1.51451039e+00 -6.50410116e-01 3.09229910e-01 -7.74810553e-01
    1.81489527e-01 3.85078311e-01 6.46916509e-01 -1.48821235e-01
    -1.71790898e-01 -3.12800705e-01 -3.61484051e-01 8.79977942e-02
    1.58607447e+00 -7.85587490e-01 1.62982738e+00 1.24399137e+00
    1.13520026e+00 -3.67296457e-01 -4.07691717e-01 1.51967490e+00
    -4.44325358e-01 -3.03982973e-01 -7.78365135e-01 -4.05185312e-01
    -7.35304952e-01 -5.38164735e-01 1.89787102e+00 1.90180492e+00
    -9.55966473e-01 -7.01107860e-01 1.16122818e+00 1.38205147e+00
    -9.60551560e-01 1.37085664e+00 5.63358068e-01 -1.00551724e+00
    1.59557486e+00 4.07236814e-01 -9.73014772e-01 1.83251715e+00
    -7.47120023e-01 -6.75612807e-01 -1.90216660e-01 -9.29623842e-03
    4.82181072e-01 9.90082622e-01 -8.36782455e-01 1.85198784e+00
    1.65290439e+00 5.66731036e-01 1.48702490e+00 5.59066415e-01
    -7.86517322e-01 7.88669646e-01 4.42522764e-03 4.43526804e-01
    1.41712046e+00 8.47863913e-01 -7.05999374e-01 3.48297596e-01
    6.61951065e-01 1.82638335e+00 -3.60436201e-01 1.28723252e+00
    1.20723915e+00 1.24704838e-01 9.07139778e-01 1.40005112e-01
    6.30543232e-01 1.38094056e+00 -1.88675344e-01 9.68941450e-01
    -5.00383377e-02 1.47098351e+00 -1.84635043e-01 1.80290723e+00
    1.22702968e+00 2.10115373e-01 8.28283429e-01 3.94530654e-01
    1.86791086e+00 -4.66944546e-01 1.35193491e+00 1.30665994e+00
    -8.71316195e-01 1.61358714e+00 -2.68886685e-02 1.55116463e+00
    1.05586934e+00 -5.84612489e-01 -9.09013152e-02 1.04984403e+00
    1.78024960e+00 1.03617811e+00 5.19266844e-01 4.16998446e-01
    1.94452703e-01 1.41207385e+00 1.32715392e+00 -1.95237517e-01
    -3.02451432e-01 1.85474217e+00 -3.27591240e-01 1.31860781e+00
    -1.00349092e+00 1.25961137e+00 -3.89011562e-01 1.11944151e+00
    1.74323440e+00 -1.51101410e-01 3.33474755e-01 -2.40424931e-01
    -1.70189738e-02 8.43548834e-01 2.28423595e-01 1.46168220e+00
    4.35602903e-01 -9.45840120e-01 1.58693254e-01 1.19725513e+00
    1.48156333e+00 1.34941483e+00 -2.53929377e-01 -5.27157485e-01
    7.88760900e-01 -4.31444407e-01 6.13917053e-01 -2.40502894e-01
    -8.65405679e-01 4.33936357e-01 -5.50979376e-01 -2.97135711e-01
    5.80148041e-01 3.94679844e-01 -3.43051553e-01 5.50941229e-02
    1.49056005e+00 -5.36821783e-01 -4.53048855e-01 1.11337662e+00
    1.43478584e+00 1.67892444e+00 7.09256768e-01 -9.14813399e-01
    1.06167746e+00 4.04753089e-01 1.18104100e-01 1.68242133e+00
    1.69862664e+00 1.13785827e+00 3.68229389e-01 9.87057686e-02
    5.54225624e-01 -7.24528909e-01 1.04948497e+00 -7.70021677e-02
    1.04677951e+00 -6.10007048e-01 9.55232620e-01 -3.90670061e-01
    -2.38535643e-01 1.56181753e-01 1.18018126e+00 3.23924184e-01
    8.18430126e-01 6.56345785e-01 1.02860177e+00 1.50336289e+00
    1.43409872e+00 -3.11087847e-01 -6.00485504e-01 1.80088186e+00
    1.00116837e+00 3.00047159e-01 -7.74691880e-01 -2.89508104e-01
    -3.22183490e-01 -3.54763687e-01 -4.91723716e-01 1.57462609e+00
    -6.47365212e-01 1.49264550e+00 -7.04690874e-01 -6.90866947e-01
    -4.85179871e-01 1.15708256e+00 9.69283879e-01 -8.77729654e-02
    1.67824936e+00 1.75881350e+00 -1.57930732e-01 -5.99994063e-02
    -6.80302262e-01 1.11742139e-01 1.20184481e-01 -8.87544632e-01
    7.31904745e-01 -4.65249121e-01 -9.79165554e-01 6.51929259e-01
    1.31338525e+00 -3.46029401e-01 1.74249792e+00 3.46436501e-02
    -7.85674572e-01 -3.69557083e-01 1.37702370e+00 4.52799082e-01
    5.99669635e-01 9.88371611e-01 1.15211582e+00 -5.56108356e-01
    6.09223783e-01 -7.02058911e-01 4.91432965e-01 1.77399659e+00
    1.19735897e-01 1.87025011e-01 3.30551267e-02 -8.26361597e-01
    6.16518199e-01 -6.79045022e-01 -5.77776670e-01 -7.26370156e-01
    1.39368916e+00 -7.07921147e-01 -5.65185189e-01 -2.19653249e-01
    1.60912514e+00 -3.61841500e-01 7.49349236e-01 7.45845973e-01
    1.19717646e+00 -6.92051411e-01 2.23141909e-03 -2.75826156e-01
    1.70479894e+00 7.34162271e-01 8.94495249e-01 1.14575350e+00
    -4.50684339e-01 -7.39385962e-01 1.11750901e-01 9.03392494e-01
    7.31829524e-01 1.78329718e+00 1.28351009e+00 -8.71508121e-02
    -4.77293342e-01 -1.86163664e-01 7.08034277e-01 9.54425931e-01
    -8.94726396e-01 -2.37158120e-01 1.13563597e+00 4.06555891e-01
    1.32200003e+00 1.50514674e+00 -8.12839091e-01 1.70071125e-01
    -1.88985169e-01 7.81727135e-01 1.62923384e+00 1.17973447e+00
    1.28463745e-01 -1.90404058e-01 8.96055877e-01 -7.36125946e-01
    4.33880091e-01 1.74001670e+00 -9.43011284e-01 -7.44289935e-01
    1.76693821e+00 -3.13447714e-02 -2.58809626e-01 -7.81197011e-01
    -4.89197254e-01 -3.13129604e-01 -2.86764979e-01 -2.90121973e-01
    4.56946492e-02 3.06708336e-01 2.62123406e-01 9.13644731e-01
    -2.99553871e-02 1.14444101e+00 1.12829006e+00 -4.45685387e-02
    3.45565975e-01 1.16432691e+00 1.30049014e+00 1.09838533e+00
    1.51149762e+00 6.40059471e-01 -6.62002325e-01 -4.70917165e-01
    1.27507710e+00 1.12144589e+00 1.06368840e-01 -6.38332903e-01
    1.76836848e-01 5.57970047e-01 1.27826142e+00 1.60984027e+00
    2.22529769e-01 3.85687828e-01 1.85609341e+00 -7.40299106e-01
    -1.05196476e-01 1.01594663e+00 8.92019749e-01 1.65537190e+00
    -6.85336709e-01 4.24555063e-01 1.11941707e+00 1.64340150e+00
    -2.90678203e-01 1.26807821e+00 1.78613901e+00 4.97134805e-01
    -9.49044108e-01 3.71503592e-01 1.74186397e+00 1.81435692e+00
    1.80535626e+00 1.13116837e+00 4.30884838e-01 -5.60597003e-01
    1.05340362e-01 -9.00152922e-01 5.48711061e-01 7.93138385e-01
    -4.27280307e-01 -5.49445570e-01 9.90592480e-01 9.11994636e-01
    -4.11967903e-01 1.35587072e+00 1.46991670e+00 -2.41430461e-01
    1.20913243e+00 -8.09745014e-01 -7.53266335e-01 4.59761024e-02
    1.03108108e+00 1.25834465e+00 1.01618171e+00 1.35216713e-01
    1.16676140e+00 4.24223185e-01 -6.20217323e-01 1.08260036e+00
    3.88338208e-01 1.64176750e+00 1.27149665e+00 1.10636234e+00
    -2.63339162e-01 -1.35020435e-01 1.74300778e+00 1.86982536e+00
    1.88878489e+00 -3.28970313e-01 1.27662861e+00 9.18457687e-01
    -5.32401681e-01 -3.18375051e-01 2.73698390e-01 1.36059248e+00
    3.75890851e-01 -1.07312799e-02 -1.90697730e-01 1.95973754e+00
    1.68958187e+00 -8.90782833e-01 -3.00681412e-01 1.51135087e+00
    4.32541847e-01 3.93265486e-01 -8.81790221e-01 8.01453710e-01
    1.56128716e+00 -5.26284516e-01 -8.29857290e-01 3.68537366e-01
    9.98971820e-01 -5.78759193e-01 1.30779624e+00 6.73718512e-01
    5.26516974e-01 -5.11332273e-01 -6.05649948e-01 6.98668480e-01
    -7.87960589e-01 -8.89490783e-01 2.03235912e+00 1.82507193e+00
    1.43538022e+00 -6.57849193e-01 1.74366915e+00 1.02751732e-01
    6.67345405e-01 1.73785460e+00 1.15843046e+00 -5.45079470e-01
    7.04877496e-01 4.48571682e-01 1.37644291e-01 3.39069963e-01
    1.25269055e+00 -4.87346351e-01 1.59637630e+00 4.28601205e-01
    5.75468302e-01 -1.63767338e-01 -1.29658818e-01 -3.44980776e-01
    -3.48684132e-01 -1.52009904e-01 1.98890996e+00 4.16758001e-01
    1.46008551e+00 9.86431479e-01 4.24856365e-01 1.20817804e+00
    -3.71221900e-01 -7.72210181e-01 1.58436298e+00 -1.87750518e-01
    7.27129161e-01 1.96974111e+00 3.76390278e-01 1.86891496e+00
    2.72040367e-02 2.00485206e+00 -3.59617233e-01 7.86373854e-01
    8.55467677e-01 1.79688787e+00 -7.90317237e-01 -3.12044382e-01
    -5.05337894e-01 -1.00551343e+00 1.07675791e+00 -9.86352921e-01
    -9.28544998e-03 1.03996277e+00 1.92795861e+00 -6.20235384e-01
    7.11486459e-01 1.41354656e+00 -4.32003140e-01 1.79093194e+00
    3.97745252e-01 2.41050720e-01 7.58223295e-01 9.11072135e-01
    5.21772265e-01 -8.19940150e-01 -5.03779888e-01 1.85106981e+00
    6.71511889e-02 1.16088784e+00 6.83739305e-01 5.57394981e-01
    1.02801251e+00 1.50382948e+00 -6.71464026e-01 2.52032578e-01
    8.88161540e-01 1.60995722e-02 1.26057494e+00 -1.31795347e-01
    1.74092960e+00 -6.93971574e-01 -4.90189731e-01 6.53297663e-01
    -6.37844324e-01 -8.37396979e-02 1.24381053e+00 1.30136597e+00
    1.70764506e-01 9.37377214e-02 8.42665553e-01 -5.21003842e-01
    1.43509591e+00 -5.95372200e-01 1.28473783e+00 4.93992627e-01
    2.01350093e-01 -7.87516117e-01 1.99090683e+00 -3.16504657e-01
    -5.75632930e-01 -4.72726941e-01 -6.48315430e-01 1.87088072e+00
    1.73892498e+00 -5.60740232e-01 1.49805737e+00 7.59541869e-01
    3.20255041e-01 9.84048486e-01 8.96377921e-01 7.70088911e-01
    6.72732592e-01 1.22363830e+00 -2.14359403e-01 4.43350255e-01
    2.43710279e-01 1.51457953e+00 -4.23534811e-01 8.78304839e-02
    4.06154394e-01 1.96420014e-01 4.84259367e-01 1.30781507e+00
    -2.46181488e-01 -1.03949189e-01 1.18785572e+00 1.70580935e+00
    7.45010614e-01 3.12364757e-01 2.05028486e+00 -6.38024867e-01
    1.64406312e+00 4.98551309e-01 2.00366950e+00 1.26098454e+00
    1.73849213e+00 1.93470287e+00 1.09019089e+00 -6.51021600e-01
    1.69450736e+00 -7.63142049e-01 -3.19597691e-01 -7.28219450e-01
    1.31035709e+00 9.87384856e-01 1.84834313e+00 1.89143920e+00
    4.58167195e-01 1.53396082e+00 -2.94425011e-01 3.92268002e-01
    3.93544197e-01 -5.75410128e-01 1.46373117e+00 1.43175101e+00
    1.22728252e+00 1.82842386e+00 4.09791112e-01 -2.81256139e-01
    1.44742513e+00 1.43948746e+00 1.08387470e-02 1.42723417e+00
    -1.95105731e-01 1.77701831e+00 -8.27974796e-01 4.03779328e-01
    -6.24655128e-01 1.91421771e+00 8.38314354e-01 2.18259454e-01
    1.19744182e+00 -6.44793630e-01 -8.16506863e-01 -4.96351451e-01
    1.71438122e+00 7.72692919e-01 1.05850220e+00 1.01949811e-01
    1.48961020e+00 -6.27037644e-01 9.59697127e-01 -8.53417575e-01
    1.20575309e+00 4.07255888e-02 -2.86374092e-02 1.32299185e-01
    1.35015833e+00 -6.02222443e-01 1.67157435e+00 1.64555788e-01
    -1.90365314e-01 1.13343477e+00 1.84552312e+00 -3.01058888e-01
    1.85833836e+00 -4.09781694e-01 9.69877779e-01 2.38661647e-01
    1.10020041e-01 -1.77086294e-01 -3.17766726e-01 4.13516223e-01
    6.08268082e-01 3.31914425e-03 1.23237693e+00 7.37864435e-01
    1.36044967e+00 8.48585248e-01 1.13501072e+00 -6.19694233e-01
    1.44937849e+00 1.84378874e+00 4.55130696e-01 6.81679964e-01
    2.32243717e-01 -3.80759537e-01 1.33236289e+00 -1.51285827e-01
    1.61987376e+00 -3.95865023e-01 3.94705772e-01 -9.18944240e-01
    1.93987012e-01 4.94095445e-01 1.06886137e+00 6.86147690e-01
    2.68926680e-01 -7.72700131e-01 8.32145631e-01 4.76125121e-01
    9.91372466e-01 1.85297394e+00 1.57908154e+00 1.90191638e+00
    -8.10724497e-01 1.30842948e+00 1.26229513e+00 1.89015460e+00
    1.09660506e+00 -5.08270502e-01 1.35399044e+00 -4.24336851e-01
    1.01866364e+00 -1.55533552e-02 1.69966733e+00 -2.17145622e-01
    1.88932025e+00 -7.61334121e-01 1.48494565e+00 1.53072727e+00
    1.06707263e+00 1.20219111e+00 -3.71992171e-01 -6.43218458e-01
    -8.38387787e-01 -8.37873161e-01 1.59523535e+00 1.72197020e+00
    1.62488544e+00 1.68648827e+00 1.40936375e+00 4.51696038e-01
    -1.84330285e-01 -1.07229149e+00 2.12705135e-02 5.41900754e-01
    7.42688775e-01 2.72000074e-01 1.09036446e+00 1.33836746e+00
    -6.64946973e-01 3.65619302e-01 -3.15963209e-01 1.19474423e+00
    8.12584400e-01 1.20547998e+00 1.77888322e+00 -8.23186219e-01
    3.50532591e-01 1.40945935e+00 -5.00421286e-01 1.01803553e+00
    9.38741267e-01 8.77731144e-01 1.74141443e+00 -9.14641976e-01
    -6.23874068e-01 1.54128790e-01 -4.17730808e-02 1.21284986e+00
    -8.17494512e-01 5.63959777e-01 6.76198840e-01 4.81008828e-01
    6.36448801e-01 -8.80477130e-01 -3.31985712e-01 1.03764725e+00
    1.88989806e+00 1.58629346e+00 -5.08748293e-02 5.94758034e-01
    1.26072192e+00 7.06595421e-01 1.12325311e-01 1.40123260e+00
    1.11599159e+00 1.24693370e+00 -4.41833436e-01 -1.08258784e-01
    1.24626482e+00 1.96329892e+00 4.48674440e-01 1.75436187e+00
    -6.82498693e-01 1.56813645e+00 3.59561026e-01 1.72237504e+00
    1.89822698e+00 -7.11047232e-01 1.16700172e+00 1.24810755e+00
    1.55802202e+00 5.44920027e-01 1.29056692e+00 -5.75322509e-01
    4.09033716e-01 1.60292089e-01 4.56507802e-02 6.96853340e-01
    8.51780176e-01 5.34767747e-01 4.59672809e-02 -5.11660933e-01
    1.08959532e+00 1.48942327e+00 -6.10756159e-01 1.50893271e+00
    -1.92936122e-01 3.55673254e-01 8.94278347e-01 1.84419179e+00
    1.20625627e+00 -4.96200502e-01 6.10575974e-01 -8.77697110e-01
    1.06205690e+00 1.25245082e+00 -4.64008331e-01 6.86400831e-01
    -7.85119414e-01 -1.37680471e-01 -6.79134250e-01 9.32847857e-01
    6.02875352e-02 1.13117194e+00 8.86316419e-01 -4.72635746e-01
    6.68989420e-01 1.21179879e-01 7.22594857e-02 -2.11164236e-01
    3.34646106e-01 1.87898636e+00 1.09549284e-01 3.17309260e-01
    -3.56681764e-01 1.27869916e+00 -3.57297182e-01 4.91246223e-01
    -2.06380785e-01 1.24722290e+00 1.85866952e+00 7.97537982e-01
    -6.98165357e-01 -3.82524967e-01 -8.33424926e-01 1.67125082e+00
    6.74640656e-01 -3.12201440e-01 5.43035686e-01 1.81849551e+00
    -6.40463471e-01 -2.68281996e-01 8.69831383e-01 1.67113280e+00
    -2.07975209e-01 7.70151913e-01 1.79743886e+00 7.26135492e-01
    -7.80129790e-01 1.71181297e+00 4.14110303e-01 1.73093319e+00
    1.19005251e+00 2.08562231e+00 -3.17212343e-01 1.10963798e+00
    -6.52203918e-01 9.41886842e-01 4.86230493e-01 1.64448881e+00
    1.50591946e+00 1.32191658e+00 7.14470983e-01 4.75771248e-01
    -6.15554154e-01 9.60033774e-01 1.80750990e+00 1.08305156e+00
    1.51171088e+00 1.56167054e+00 1.47818911e+00 1.84245467e+00
    2.28306949e-01 2.92866588e-01 1.97382820e+00 1.19676661e+00
    6.26544774e-01 2.53817141e-01 1.57195675e+00 -3.01624477e-01
    -2.82416165e-01 -4.75111574e-01 -7.43975759e-01 5.64330220e-01
    -9.09279287e-01 7.87659228e-01 -2.06243455e-01 9.48801756e-01
    -3.13225448e-01 1.49735904e+00 1.21489573e+00 1.27663016e-01
    1.60087216e+00 1.45904493e+00 -7.69841254e-01 -3.56527925e-01
    4.85185385e-01 -8.53396475e-01 6.52365327e-01 1.47212911e+00
    1.44251585e-01 4.56950307e-01 -7.37631321e-03 -2.48841047e-02
    8.17848682e-01 9.96981025e-01 1.26337123e+00 -5.50038397e-01
    -1.26852989e-02 -5.73530436e-01 2.95383096e-01 -3.35079134e-01
    2.63746738e-01 4.47659492e-01 -2.18504548e-01 9.48839486e-01
    9.14419889e-02 6.49367213e-01 7.36545563e-01 1.93804502e-01
    4.16168094e-01 -8.97805274e-01 9.19863105e-01 -6.23876095e-01
    1.88739836e+00 7.17108488e-01 -3.91208529e-02 1.02040362e+00
    -3.87208402e-01 -3.16380441e-01 1.74783134e+00 1.54312396e+00
    -3.94328058e-01 1.43584847e-01 1.80572760e+00 9.18152332e-01
    -3.69588435e-01 1.85125422e+00 1.81947386e+00 -8.28068018e-01
    1.30224168e+00 3.64628673e-01 3.39973629e-01 5.36569476e-01
    -2.69005537e-01 1.64523911e+00 -7.08818436e-03 1.77436948e-01
    2.08308697e-02 1.16060233e+00 1.18631232e+00 -7.14763701e-01
    3.48831654e-01 -2.00446188e-01 1.79078698e+00 1.46528256e+00
    1.32072306e+00 2.68596351e-01 1.09939516e+00 -4.35504019e-01
    1.68992853e+00 6.69862449e-01 -9.45701599e-01 5.80229282e-01
    1.22034681e+00 1.63057089e-01 -2.54276931e-01 1.21587431e+00
    1.82422197e+00 6.77122056e-01 1.21451378e+00 -2.56782532e-01
    2.82981515e-01 7.80348897e-01 1.80438411e+00 4.07681227e-01
    2.15726852e-01 4.78423715e-01 9.14676905e-01 1.52816474e+00
    -2.63351381e-01 1.52300167e+00 1.03056765e+00 -3.59128714e-02
    -7.64110565e-01 2.21838593e-01 1.24854970e+00 1.87559402e+00
    1.10470057e-02 -2.77845860e-01 1.15588093e+00 4.58812535e-01
    1.33806598e+00 1.05472064e+00 -3.84364307e-01 -7.58765876e-01
    -2.61172235e-01 -5.24855137e-01 9.73040462e-02 1.47128224e+00
    -3.35002959e-01 9.20580208e-01 -4.10982251e-01 1.22978115e+00
    2.31461465e-01 -1.55350327e-01 1.86742890e+00 1.50745177e+00
    2.30824888e-01 6.01407349e-01 -6.46045208e-01 3.79370689e-01
    -6.42617822e-01 1.74596739e+00 6.84120297e-01 1.70656991e+00
    -7.61799395e-01 1.78923607e+00 3.95028174e-01 4.97425675e-01
    -7.74732411e-01 4.53003287e-01 -6.28538370e-01 -9.50393021e-01
    1.06666708e+00 1.80602419e+00 1.32034016e+00 3.99459660e-01
    2.67215490e-01 1.55969548e+00 1.10444677e+00 1.53899300e+00
    -1.89046979e-01 1.53221059e+00 -7.83068657e-01 1.43715334e+00
    -2.54330695e-01 1.75797844e+00 3.22739124e-01 6.18812144e-01
    -1.69038773e-01 7.85769701e-01 1.25817752e+00 8.69181335e-01
    1.41435802e-01 -3.23927343e-01 1.84384978e+00 7.93462515e-01
    2.08663821e-01 1.39932668e+00 7.35164940e-01 5.74659824e-01
    -2.35158265e-01 4.20176566e-01 1.29109263e+00 6.15245879e-01
    1.53678536e+00 1.29503286e+00 1.36595190e-01 1.65974522e+00
    7.80346572e-01 4.83063638e-01 -6.05766594e-01 5.12033939e-01
    8.30568910e-01 8.65155935e-01 -1.22514665e-01 -4.67062116e-01
    1.03116119e+00 1.06311274e+00 1.27875686e+00 2.30265260e-02
    1.56816173e+00 1.07940936e+00 8.38625073e-01 5.42170823e-01
    8.47702742e-01 -8.93191695e-01 -6.33879185e-01 6.82146251e-01
    4.45951819e-01 -1.67854726e-01 1.44738817e+00 1.87038875e+00
    1.55164540e-01 -1.56439006e-01 4.73917365e-01 -9.73250866e-02
    1.64527833e-01 -3.23904932e-01 9.32772517e-01 -8.53491783e-01
    -7.89015055e-01 1.22120357e+00 -1.81444585e-01 -3.04512560e-01
    9.45146203e-01 1.89513993e+00 2.02377415e+00 -3.12826574e-01
    -7.15742707e-01 -3.30022156e-01 1.70935690e+00 6.69527829e-01
    -1.93466067e-01 1.87955260e+00 9.94451940e-01 -2.31271386e-01
    1.85553837e+00 6.84416533e-01 1.39410579e+00 -6.67750955e-01
    1.28494370e+00 -3.19603324e-01 1.86952376e+00 6.27316952e-01
    -4.33955967e-01 -4.89476353e-01 1.36518741e+00 1.63041627e+00
    -5.94325542e-01 -4.34007108e-01 -2.21162021e-01 1.10372365e-01
    2.30236650e-02 -2.42127359e-01 1.66685379e+00 -9.01273489e-01
    1.07923388e+00 1.59076929e+00 1.58466101e+00 1.85755992e+00
    -7.62677252e-01 -3.32560301e-01 -8.15777838e-01 5.27274728e-01
    1.90155053e+00 -1.55018747e-01 1.16088152e+00 1.16819978e-01
    -7.35246778e-01 -2.44012535e-01 4.47319150e-02 1.70709550e+00
    -8.52109194e-01 9.20847058e-01 1.58365464e+00 1.31577837e+00
    -5.22433698e-01 1.19923472e+00 1.16306949e+00 -4.43338871e-01
    3.42058778e-01 1.82252133e+00 8.01978469e-01 1.54811990e+00
    1.15124488e+00 9.66320395e-01 1.03739083e+00 3.20142627e-01
    4.03266668e-01 -9.70743060e-01 1.48434806e+00 8.14204812e-02
    1.69381571e+00 8.19378734e-01 -8.37420404e-01 1.13685727e+00
    8.80076647e-01 1.51739502e+00 -2.65798688e-01 1.18464565e+00
    1.56354070e+00 3.08479071e-01 1.29020762e+00 -5.66542447e-01
    1.87705135e+00 1.87198186e+00 1.64424527e+00 7.79209018e-01
    4.42149639e-02 1.13677049e+00 1.69852448e+00 4.63557243e-02
    1.04205751e+00 -7.01394200e-01 7.80755699e-01 -8.97352874e-01
    -5.83798647e-01 2.67600179e-01 1.34854102e+00 1.73091257e+00
    5.62233448e-01 5.29796839e-01 -7.75150001e-01 1.13717294e+00
    2.84507573e-01 5.60941219e-01 -2.56913960e-01 -6.76856518e-01
    -7.04065084e-01 1.94002366e+00 1.87599838e-01 1.30935907e-01
    1.22294199e+00 -4.15815949e-01 -2.91740000e-01 7.44898677e-01
    2.42407918e-01 8.09227705e-01 1.54214275e+00 -8.92957211e-01
    1.24594629e+00 -5.85274935e-01 8.85758519e-01 6.18549526e-01
    -8.14048707e-01 1.47930813e+00 1.29003763e-01 1.59339011e-01
    1.60993266e+00 1.00844860e+00 1.79545474e+00 2.38124192e-01
    -7.14871168e-01 -1.38149381e-01 -9.23358917e-01 1.55850649e-01
    -3.04505706e-01 -3.03922474e-01 -8.10610354e-01 1.81288719e-02
    -5.71680129e-01 8.44159961e-01 1.23264372e+00 1.52220094e+00
    -7.91649222e-01 1.87062562e+00 9.68902111e-01 -2.76435733e-01
    -5.86051822e-01 1.17735779e+00 8.18150401e-01 1.91097629e+00
    -4.45357203e-01 1.60326624e+00 1.37621546e+00 1.55628061e+00
    -4.14154351e-01 -7.82032788e-01 1.17436647e+00 1.18606281e+00
    -4.72861916e-01 -7.03443408e-01 1.39608204e+00 6.87852681e-01
    1.35510302e+00 2.70189703e-01 -1.62928343e-01 -5.59638619e-01
    1.91174817e+00 -7.36324251e-01 6.06574535e-01 -2.28968680e-01
    1.42146683e+00 1.57186520e+00 -1.24401987e-01 -9.07113910e-01
    -8.92964959e-01 9.21696484e-01 7.88584828e-01 -3.62955213e-01
    1.64179540e+00 9.47099805e-01 1.96759260e+00 1.77929330e+00
    1.02292800e+00 1.84442329e+00 -8.94422293e-01 3.49968255e-01
    -6.51415706e-01 8.60608041e-01 1.11243820e+00 -5.43657303e-01
    -7.45790958e-01 -8.43346059e-01 7.86546648e-01 -1.87239647e-01
    4.06764865e-01 -5.34000993e-02 3.53199840e-01 -2.27507412e-01
    -4.47432637e-01 -5.82348704e-01 -9.98265088e-01 -2.16439366e-01
    -1.05150878e-01 3.77358973e-01 1.02312207e+00 1.45184660e+00
    -7.71262705e-01 4.61611152e-02 1.05588210e+00 2.03412151e+00
    1.53955936e+00 1.48310530e+00 -6.10700130e-01 -2.04224586e-02
    1.20985389e+00 8.44265580e-01 1.55317450e+00 6.60522580e-01
    -4.16904986e-01 5.46472311e-01 5.84065199e-01 2.47801781e-01
    1.02550554e+00 1.52682185e+00 -1.45339847e-01 1.71577048e+00
    3.25463295e-01 2.22755075e-01 1.81648254e-01 1.34174132e+00
    1.89348543e+00 -8.25687289e-01 2.00323057e+00 -6.67911887e-01
    -4.96485263e-01 9.48246241e-01 -7.31049478e-01 3.94333005e-01
    -4.08333540e-01 -3.48577023e-01 1.85196328e+00 1.81846142e+00
    -4.99092340e-02 -5.55933356e-01 -1.21841848e-01 -5.63243985e-01
    1.46472692e+00 -6.56767368e-01 1.03083587e+00 1.82429862e+00
    1.66441536e+00 4.65470195e-01 1.30342066e+00 -4.24827933e-02
    7.90459216e-01 1.44656992e+00 1.66641164e+00 -6.09535456e-01
    -1.13537192e-01 1.42209518e+00 1.34654832e+00 -7.56515145e-01
    -3.67490351e-01 2.56271362e-02 2.88553119e-01 1.69631791e+00
    -6.97742522e-01 2.05951750e-01 -8.16303849e-01 1.80559886e+00
    8.25283527e-02 -7.85208046e-01 -1.41577899e-01 -2.07854986e-01
    -8.55276465e-01 1.03906798e+00 2.01824498e+00 4.25545812e-01
    8.79263103e-01 -7.56737351e-01 -8.94089580e-01 -2.45469928e-01
    -8.99091959e-02 1.19273949e+00 1.30397046e+00 6.94493771e-01
    2.75631964e-01 1.11759508e+00 7.50713229e-01 1.84833765e-01
    -2.96676755e-01 8.34480703e-01 1.06481957e+00 -8.18460047e-01
    1.30768836e-01 -1.26195073e-01 1.16972482e+00 9.93993938e-01
    1.43529248e+00 1.03949070e+00 1.41366851e+00 9.42101657e-01
    -5.70356846e-03 1.92409122e+00 7.63650358e-01 3.72187972e-01
    9.16731238e-01 -7.86242485e-01 1.69852614e-01 1.64393234e+00
    1.08275855e+00 1.60721743e+00 7.54276514e-02 3.38255763e-01
    1.27515829e+00 1.62130797e+00 5.85854888e-01 1.36983895e+00
    1.73618710e+00 1.22723413e+00 1.13288414e+00 4.22929764e-01
    8.67436528e-01 1.49014330e+00 1.16419005e+00 1.40997982e+00
    -4.99334276e-01 8.11628878e-01 9.66801763e-01 1.70600605e+00
    1.11080289e-01 2.58025110e-01 1.71410918e-01 -8.20866585e-01
    1.88956022e+00 -6.95340395e-01 -6.45468473e-01 8.15112889e-01
    -2.71459520e-01 1.61753464e+00 9.15221214e-01 -6.25170112e-01
    -2.02897787e-02 -4.29746211e-01 -9.69798088e-01 -4.37071323e-01
    -1.10638738e-02 1.14044785e+00 -4.01000977e-02 7.78676867e-01
    1.55193853e+00 1.00585711e+00 -4.57959235e-01 1.13818610e+00
    -9.14265394e-01 1.81926203e+00 9.81716275e-01 -6.71350360e-01
    8.83769631e-01 -1.14837646e-01 -8.12155604e-01 1.01093268e+00
    -4.85532612e-01 1.61607099e+00 -3.43698561e-01 1.93609595e-01
    -5.71023583e-01 1.74101222e+00 1.34136069e+00 8.16006660e-02
    9.64086413e-01 8.77969742e-01 3.28100443e-01 6.35793447e-01
    1.06265652e+00 1.42444336e+00 -7.81955540e-01 1.24973953e+00
    -3.00226927e-01 4.31514621e-01 2.63011158e-01 9.69918847e-01
    8.03702772e-01 7.96797097e-01 -1.29044831e-01 1.49734926e+00
    1.25089025e+00 9.33003783e-01 -9.05575156e-01 1.68562150e+00
    8.43300879e-01 -2.16214538e-01 1.40074325e+00 5.22398353e-01
    1.24294102e+00 1.65600395e+00 1.65366411e-01 1.71358645e+00
    2.26943612e-01 -6.01449966e-01 1.21051478e+00 1.63744032e+00
    -6.03600025e-01 4.55605626e-01 9.53819394e-01 -4.48477268e-03
    8.68704796e-01 -2.82381058e-01 6.56119585e-02 1.84865344e+00
    1.15751171e+00 -6.58333898e-01 -6.13451362e-01 1.87984467e+00
    8.03085446e-01 1.25334775e+00 1.65261030e-01 1.06695008e+00
    9.03420150e-01 3.84426594e-01 -6.84868097e-01 1.51069796e+00
    -7.56703079e-01 -1.10247076e-01 -2.49759614e-01 1.86085558e+00
    2.61515200e-01 -1.00642955e+00 1.52452970e+00 1.51815295e-01
    3.94690156e-01 7.50244677e-01 -6.79166973e-01 9.05859113e-01
    1.51842690e+00 4.72686052e-01 1.70931530e+00 5.32489479e-01
    -4.39402282e-01 1.17717874e+00 9.35016274e-01 1.73518932e+00
    -8.84356737e-01 -3.38248730e-01 6.10977471e-01 1.41358495e-01
    -9.26863134e-01 -9.17149127e-01 8.99761081e-01 -5.52211583e-01
    1.32886469e+00 2.58283615e-02 1.58831871e+00 1.23881316e+00
    1.85766339e+00 6.98087096e-01 6.69045568e-01 1.80631471e+00
    6.68875515e-01 5.77070951e-01 9.18734074e-02 -3.34804893e-01
    1.60460055e+00 6.44368708e-01 9.50981617e-01 4.16898370e-01
    -3.12206089e-01 1.19865060e+00 -6.45317078e-01 -2.04624176e-01
    1.22006536e-01 3.93662453e-01 1.25182295e+00 -3.61471534e-01
    -6.33068085e-02 1.47890186e+00 1.25386417e+00 -2.15793908e-01
    1.84489942e+00 1.43540001e+00 -3.59380662e-01 -8.20084155e-01
    1.41627359e+00 6.65026963e-01 -1.93975806e-01 -7.64026642e-02
    -3.52917969e-01 -3.39134336e-01 2.05364132e+00 1.22356236e+00
    -1.10337794e-01 4.48660016e-01 -2.90209651e-02 -7.54892826e-04
    -4.27430987e-01 -7.67343879e-01 1.52052569e+00 1.14566076e+00
    7.22311378e-01 -9.66398716e-01 1.42076731e+00 1.54280424e-01
    1.86992168e+00 1.95733881e+00 1.76617050e+00 -2.55265474e-01
    -8.66028666e-01 4.60448742e-01 1.17227709e+00 1.38534737e+00
    1.26656890e-01 1.16035366e+00 -9.51113403e-01 -9.75456178e-01
    1.25741482e-01 7.10492730e-02 6.41905606e-01 1.98659837e-01
    -8.57600331e-01 6.69706523e-01 -9.17188525e-01 3.28064442e-01
    -3.63802671e-01 1.45685625e+00 1.47919393e+00 -5.14457345e-01
    -3.92042518e-01 5.78174233e-01 -4.68983650e-02 -6.97279930e-01
    8.61828029e-01 -6.22241497e-01 -1.19207978e-01 5.82571328e-01
    -3.98114204e-01 -6.23502135e-01 1.18224359e+00 1.30328083e+00
    -7.30969667e-01 1.33463073e+00 -7.27193773e-01 -6.88364089e-01
    7.06613481e-01 -8.95630717e-01 1.15988314e+00 1.61452103e+00
    7.08203614e-01 -8.01950693e-03 -9.58991885e-01 1.59693098e+00
    -4.71235096e-01 1.83297157e+00 9.24641073e-01 1.96609914e-01
    1.91787076e+00 9.74272490e-02 -3.13800097e-01 1.68792737e+00
    1.75723171e+00 7.50104845e-01 1.63585591e+00 -6.14427567e-01
    1.41314673e+00 1.06363654e-01 -7.30987251e-01 6.14531398e-01
    1.81582427e+00 8.70625734e-01 -3.84220123e-01 1.54854465e+00
    1.48155737e+00 -9.87513125e-01 2.13356495e-01 -2.43363976e-01
    -3.23607564e-01 -3.03987801e-01 1.62053812e+00 4.33359742e-02
    5.76198757e-01 8.46462607e-01 -2.29307294e-01 1.12625778e+00
    5.75166345e-01 3.44722033e-01 3.68761539e-01 6.44336700e-01
    1.01870835e-01 -1.43158793e-01 4.03581858e-01 1.81424773e+00
    4.27677631e-02 7.34889507e-01 5.19953370e-01 6.09120488e-01
    -4.82552379e-01 5.06870151e-02 9.58257675e-01 -9.43252742e-01
    1.87385094e+00 3.35648775e-01 1.58746159e+00 1.52049088e+00
    1.27336287e+00 6.24485016e-01 1.93513656e+00 -1.79018676e-01
    7.74077177e-02 6.80484831e-01 5.66215634e-01 3.96388173e-01
    1.39762032e+00 1.22864962e+00 1.42116261e+00 2.67983675e-02
    6.11291289e-01 1.67624485e+00 2.64752209e-01 -8.91983926e-01
    9.04123485e-01 1.04638648e+00 8.50166917e-01 -5.25889635e-01
    -9.97321606e-02 1.16926694e+00 1.69097114e+00 1.12047195e+00
    8.31120372e-01 -8.51106167e-01 8.09728384e-01 1.42463434e+00
    4.09679770e-01 1.53453934e+00 1.83396542e+00 2.94473171e-02
    6.64275527e-01 1.04370475e-01 1.61326885e-01 -2.55950391e-01
    -9.04050052e-01 5.65008759e-01 1.75542712e+00 3.14639211e-01
    5.14209688e-01 1.29932642e+00 4.79370892e-01 -3.05843055e-01
    1.37262535e+00 -1.99308872e-01 1.34579599e+00 1.88563704e+00
    4.02662277e-01 -6.57520890e-01 9.04734850e-01 6.58465266e-01
    1.31439650e+00 1.70327640e+00 2.74770141e-01 -7.53150821e-01
    -4.88654673e-01 -7.18440473e-01 8.40744138e-01 -5.19742489e-01
    5.17405033e-01 -3.17952693e-01 5.63233733e-01 1.43246531e-01
    8.41471553e-02 9.33458567e-01 2.86874413e-01 1.41598713e+00
    4.66234505e-01 -4.90509063e-01 -6.04416490e-01 8.06433499e-01
    1.27988315e+00 4.88290250e-01 1.47780788e+00 2.10554361e-01
    1.70640886e-01 2.14372337e-01 3.07590425e-01 1.85869646e+00
    1.27005160e+00 1.87159932e+00 1.66193533e+00 1.24724901e+00
    1.23559427e+00 1.16215360e+00 1.36114526e+00 -1.02849221e+00
    -4.73736763e-01 1.51453912e+00 6.77041113e-01 -2.09379673e-01
    -3.62714171e-01 1.59006715e+00 1.57212412e+00 -7.87848532e-01
    8.78862083e-01 2.73582816e-01 5.83946586e-01 -9.36983824e-02
    1.02409911e+00 1.91113353e+00 6.95900798e-01 2.48354971e-01
    1.32655907e+00 -8.51810873e-01 1.33204722e+00 -1.17961287e-01
    -6.20467067e-02 1.75627208e+00 1.57579434e+00 -5.83547056e-01
    6.29965723e-01 -2.71839857e-01 -8.01181197e-01 -6.93903625e-01
    1.60798991e+00 8.53230715e-01 -1.07688367e-01 -8.53846610e-01
    1.63403630e+00 2.92435050e-01 5.43078184e-01 1.57384443e+00
    3.39447558e-01 1.59451938e+00 -1.66210532e-02 5.46150625e-01
    -3.77302468e-01 -8.78151357e-01 -7.22113371e-01 8.01169634e-01
    1.96001244e+00 -8.06787491e-01 1.19612753e+00 -4.16876614e-01
    5.73439240e-01 1.48960006e+00 4.17264283e-01 -6.78459644e-01
    -6.20216012e-01 1.15671706e+00 -5.47060013e-01 -4.41537559e-01
    1.53543973e+00 9.92978752e-01 6.45243645e-01 -3.03121388e-01
    -8.07783604e-01 1.81161058e+00 9.18037891e-01 1.85772514e+00
    1.89435267e+00 -6.00117683e-01 -1.63808823e-01 -1.20749712e-01
    -1.25040710e-01 -9.02299702e-01 2.28924036e-01 1.87430382e+00
    -4.25548911e-01 7.26212263e-01 9.56512809e-01 1.42732406e+00
    1.78440332e-01 -1.07255399e-01 1.11888242e+00 -6.38487339e-02
    -5.86973429e-01 -5.77719212e-01 1.72546303e+00 1.06955123e+00
    -2.08307743e-01 1.87671638e+00 -7.78301120e-01 -6.47587776e-01
    1.53506517e+00 3.94418716e-01 2.82347620e-01 -4.97410893e-01
    9.19665754e-01 1.94857597e+00 -1.56312525e-01 1.89315796e+00
    -6.46761894e-01 7.56670117e-01 1.62979746e+00 -2.83990324e-01
    -1.59326971e-01 1.68700552e+00 -1.07736826e-01 1.27647722e+00
    1.38060713e+00 1.96199954e-01 9.85647976e-01 1.52462959e+00
    6.72911823e-01 -7.24461675e-01 3.31351340e-01 -1.68650925e-01
    1.62023234e+00 8.72218728e-01 -2.01117992e-02 4.59622502e-01
    -4.53190029e-01 1.80796504e-01 5.22239804e-02 4.38647926e-01
    2.01468325e+00 -7.99276650e-01 -1.38254941e-01 -3.88890654e-01
    4.29374099e-01 8.90355349e-01 -7.49861121e-01 1.35945714e+00
    -7.05404282e-01 2.32434273e-03 9.61380005e-02 1.70379698e+00
    7.83717871e-01 8.43251586e-01 6.62934422e-01 1.10790193e+00
    -1.35420442e-01 -6.01749897e-01 1.17028093e+00 1.01021349e+00
    -1.91365361e-01 3.31931829e-01 -7.41509736e-01 1.03939486e+00
    1.46813655e+00 6.56227827e-01 -8.62979472e-01 1.07326281e+00
    8.61503363e-01 -1.16893291e-01 4.57971096e-01 -8.30659032e-01
    -2.18814731e-01 1.50985503e+00 1.60250688e+00 1.04257536e+00
    9.37597036e-01 -1.84516907e-01 2.58434713e-01 2.79069602e-01
    8.32352877e-01 1.25485051e+00 -5.25313258e-01 -6.88752651e-01
    1.78554165e+00 1.64879274e+00 1.11530340e+00 -1.16499424e-01
    -1.79498672e-01 1.61213303e+00 3.34691226e-01 -6.49848580e-01
    1.81604898e+00 4.34874296e-01 1.33739173e+00 -5.64350843e-01
    -8.43925357e-01 -5.81571698e-01 1.61065245e+00 6.42336905e-01
    9.91591990e-01 9.89769697e-02 3.68137956e-01 1.30528164e+00
    1.08110309e+00 8.41786504e-01 8.25186193e-01 1.36902928e+00
    4.43369508e-01 -7.33880162e-01 1.42373657e+00 1.70949686e+00
    1.66703260e+00 9.43441391e-02 -3.44341695e-01 -2.74959207e-01
    1.19770706e+00 7.52943873e-01 1.82011211e+00 3.84044647e-03
    1.47581983e+00 -3.42857838e-01 1.07703722e+00 1.36636710e+00
    1.41919756e+00 -8.39156985e-01 1.91981411e+00 -4.39889133e-01
    7.28093803e-01 -3.83064330e-01 -4.96043742e-01 1.74680185e+00
    -1.12856209e-01 2.27959752e-01 1.67784977e+00 1.45505071e-01
    1.71792579e+00 -1.00044632e+00 2.52464175e-01 4.28018093e-01
    -1.40008926e-01 1.00073516e+00 3.55204940e-01 1.69112992e+00
    1.23902011e+00 1.25140154e+00 3.58117461e-01 1.59952688e+00
    1.36738408e+00 1.05420244e+00 7.82186747e-01 3.50170970e-01
    5.27810097e-01 -3.71372819e-01 1.33210611e+00 1.53925359e+00
    -6.93937004e-01 -4.24215823e-01 1.59938514e+00 3.22468817e-01
    1.40161705e+00 -9.68306065e-02 1.39648366e+00 -5.39058089e-01
    3.55909824e-01 -7.01254129e-01 1.18120897e+00 1.39209652e+00
    -5.42601645e-01 -4.73927379e-01 1.55306768e+00 4.28144932e-01
    1.88738990e+00 7.94104397e-01 9.82443094e-02 -5.76968670e-01
    2.75640965e-01 -3.39672089e-01 1.34438276e+00 -8.53801787e-01
    4.63086247e-01 1.81222796e-01 2.79497981e-01 -5.17850995e-01
    1.79295802e+00 9.49381351e-01 1.51461112e+00 5.72417796e-01
    -7.54556000e-01 2.48268306e-01 -6.20370984e-01 6.74398720e-01
    1.11599469e+00 -5.88094473e-01 4.82618272e-01 1.46405566e+00
    6.24559402e-01 -9.05254006e-01 6.14041090e-02 9.93619084e-01
    1.31898439e+00 1.90885234e+00 1.92769778e+00 -1.55007720e-01
    8.22485387e-01 5.34993708e-01 1.67685604e+00 3.68424594e-01
    1.80224228e+00 -1.17881119e-01 1.30416107e+00 1.32544553e+00
    3.89437675e-01 5.38075924e-01 8.02392781e-01 -2.05734551e-01
    4.68112111e-01 1.21176672e+00 7.85630465e-01 6.24470651e-01
    1.53181839e+00 1.06819165e+00 4.94567156e-02 -3.51709068e-01
    7.83428609e-01 8.58744204e-01 1.73603749e+00 -6.35892093e-01
    1.03149414e+00 8.18013370e-01 6.72052383e-01 1.66768360e+00
    2.83579528e-01 -3.08475137e-01 -5.52999258e-01 -3.70013595e-01
    9.82455432e-01 -7.70864546e-01 -6.24440908e-01 -4.12419617e-01
    -1.44945204e-01 1.86580539e+00 1.75384676e+00 4.31301713e-01
    1.72757423e+00 1.03787112e+00 -2.54386008e-01 -8.86019886e-01
    1.37474716e-01 -4.46945131e-01 -8.28052521e-01 1.36550534e+00
    1.06768870e+00 7.57425189e-01 8.49836588e-01 -6.32628977e-01
    1.39240241e+00 7.53738165e-01 5.76179564e-01 8.76181245e-01
    8.95618498e-01 1.99491858e-01 1.23942745e+00 9.01920199e-01
    7.89722443e-01 -7.97013998e-01 3.07933986e-01 8.55674326e-01
    1.25274611e+00 2.06350660e+00 -8.89604032e-01 1.65676796e+00
    1.90399432e+00 2.29054689e-03 1.46062875e+00 3.19458425e-01
    -4.89577621e-01 -7.79623389e-01 5.72769642e-01 4.05428231e-01
    4.05163169e-02 2.09903359e-01 -6.92226171e-01 1.10955048e+00
    9.17857468e-01 -9.27290559e-01 1.29704762e+00 -4.48407590e-01
    -3.06680799e-01 -1.61766410e-02 -4.40915823e-01 2.62117207e-01
    1.73249018e+00 -4.15187120e-01 5.45126259e-01 4.89084542e-01
    -7.32542276e-02 1.22592676e+00 5.06740034e-01 -7.58519292e-01
    -8.33499789e-01 2.86701024e-01 1.12456274e+00 -3.45485091e-01
    1.14891005e+00 -3.94878387e-01 3.33814144e-01 3.28564525e-01
    -2.48322010e-01 1.31771493e+00 -2.72389054e-01 2.07560062e-02
    -6.40008926e-01 -4.38845158e-03 8.31967473e-01 2.07389593e-01
    3.94398570e-02 -6.67690694e-01 8.27723384e-01 -6.52632177e-01
    -8.99535358e-01 1.21136355e+00 -8.66497874e-01 1.11161280e+00
    1.36498308e+00 1.69023871e+00 1.15845799e-02 5.93212008e-01
    1.63220167e+00 1.18471074e+00 3.97679567e-01 1.72118855e+00
    1.25789547e+00 1.93618238e+00 1.45020986e+00 2.21330106e-01
    1.08813417e+00 3.66475403e-01 1.88314891e+00 -8.76874328e-01
    -3.83518338e-02 1.49658251e+00 -8.13911080e-01 -1.76693976e-01
    -5.97913563e-01 -2.39230573e-01 1.49762988e+00 -5.07008314e-01
    -6.28809988e-01 1.45683765e+00 1.08117890e+00 -4.87304777e-01
    1.65774047e-01 1.48981667e+00 1.80615699e+00 -6.79934978e-01
    -3.24306369e-01 1.30083954e+00 -8.89856517e-01 4.86214936e-01
    3.02658200e-01 -4.46272522e-01 1.67128229e+00 4.17416036e-01
    -6.13058805e-02 1.76875806e+00 3.49886775e-01 -7.07847476e-02
    7.97817230e-01 6.36948347e-01 1.09039736e+00 1.69595385e+00
    -3.69673967e-02 1.75368977e+00 7.22458363e-02 7.08676338e-01
    9.69852209e-02 1.80190051e+00 -9.75878894e-01 -8.90695930e-01
    1.20034730e+00 7.72005320e-02 1.83516145e-02 1.38201201e+00
    1.43920326e+00 5.28402925e-02 -6.58343315e-01 9.14003253e-02
    7.05746114e-01 -2.64176488e-01 1.63729608e+00 -7.10446477e-01
    -2.00490594e-01 1.88386333e+00 1.69370091e+00 1.18669915e+00
    -1.74931645e-01 -8.15170944e-01 1.01880956e+00 -2.66031027e-02
    -6.33002222e-01 1.83403659e+00 9.76657867e-02 5.99079132e-01
    1.67785406e+00 7.06180513e-01 6.08119965e-01 1.05153418e+00
    1.50137722e-01 -3.44860554e-01 6.44616246e-01 1.86212301e+00
    -5.48688412e-01 1.87974000e+00 -9.51935649e-01 2.56841481e-01
    -2.41485834e-01 2.77266026e-01 4.09111679e-01 1.21884477e+00
    7.98451304e-01 -8.87854636e-01 -1.00651753e+00 8.86212230e-01
    -5.28360963e-01 1.06162775e+00 -3.69229376e-01 4.23407912e-01
    -8.19720626e-01 7.26464212e-01 1.78357792e+00 -4.72806841e-01
    1.58662701e+00 1.18011868e+00 6.77436352e-01 2.63162673e-01
    -7.62538612e-01 -8.48538220e-01 -7.42857337e-01 1.00117946e+00
    1.40406609e-01 1.44232345e+00 -8.23653340e-02 5.19858479e-01
    5.62239647e-01 1.19358778e+00 1.54341793e+00 -3.20120454e-02
    -8.36713672e-01 1.70236850e+00 1.74263549e+00 3.30017984e-01
    1.06757128e+00 1.23323679e+00 -8.17755520e-01 1.36275172e+00
    1.00291860e+00 -6.73926771e-01 1.13187516e+00 -5.99434614e-01
    -7.85526156e-01 2.67061770e-01 1.22345412e+00 -8.63278687e-01
    -2.94456840e-01 -3.27366650e-01 -4.05423522e-01 4.22604322e-01
    -3.04562807e-01 -2.62792230e-01 1.16948652e+00 5.26260912e-01
    -4.89557385e-01 -4.80249524e-01 1.51469946e+00 1.03014755e+00
    1.44412291e+00 -9.05222952e-01 -2.27768123e-01 4.67545152e-01
    -6.36143446e-01 1.58318377e+00 1.39750898e+00 4.29805636e-01
    8.56185794e-01 -7.08733559e-01 3.52705300e-01 -2.23485589e-01
    1.90346098e+00 8.36246550e-01 5.05835652e-01 -3.67552698e-01
    1.87727618e+00 1.49203229e+00 1.07896686e+00 -1.34122968e-01
    -1.75557435e-01 6.64300084e-01 7.43802071e-01 1.17701745e+00
    1.90842927e+00 8.97005081e-01 8.29255641e-01 -4.21298444e-01
    1.55165994e+00 1.31872380e+00 -8.10218573e-01 1.23625708e+00
    1.21223629e+00 1.07121789e+00 8.75911713e-02 -4.16390419e-01
    1.61186612e+00 9.55970168e-01 -6.24627709e-01 5.56595445e-01
    5.94773114e-01 -7.87602127e-01 -8.52690220e-01 1.24736214e+00
    6.62040234e-01 -6.22877717e-01 5.70772290e-02 -1.66431665e-02
    1.85126066e-03 2.00353622e-01 -1.94306731e-01 1.18092680e+00
    -5.63981175e-01 -2.84938216e-02 1.61797345e-01 1.93265104e+00
    1.80218339e+00 8.06947351e-02 1.16228831e+00 9.89202857e-01
    -5.71926713e-01 -5.74448466e-01 -7.87134528e-01 3.95989776e-01
    8.31958771e-01 -2.82512844e-01 7.27945685e-01 1.26596045e+00
    1.45623851e+00 6.55554891e-01 -5.26000917e-01 9.09934044e-02
    -4.17192698e-01 1.04931474e+00 1.44477010e-01 7.03746617e-01
    -1.40123010e-01 4.85512018e-01 9.64617908e-01 3.60872090e-01
    1.85042024e-01 1.54380655e+00 -5.96552014e-01 1.34242105e+00
    1.05920017e+00 -9.34710741e-01 -2.58294225e-01 1.54409778e+00
    7.68233776e-01 1.58185637e+00 1.54121435e+00 -3.72898579e-02
    2.03179359e-01 9.20914173e-01 7.91244447e-01 7.81690776e-01
    7.51340628e-01 -1.60801411e-03 -1.02875054e-01 1.90951645e-01
    6.17548764e-01 -8.32741857e-01 3.47949505e-01 -2.22745001e-01
    1.49704576e-01 1.82004416e+00 -5.43976784e-01 -6.44587398e-01
    -5.34384847e-01 -5.83232403e-01 1.54785872e-01 8.17587137e-01
    -6.46317124e-01 -1.37190223e-02 -7.00162411e-01 -4.54383165e-01
    -2.33047009e-01 -5.16640425e-01 1.90196753e+00 -9.14697051e-02
    6.36954427e-01 1.83715165e+00 -7.44344592e-01 6.60596371e-01
    5.33031464e-01 -8.01254630e-01 6.22118473e-01 1.81964111e+00
    -1.27429605e-01 -8.36651862e-01 2.69444287e-01 4.79930162e-01
    1.39698601e+00 1.81495214e+00 1.53989887e+00 1.05220294e+00
    1.11412930e+00 -2.69966722e-02 1.00226295e+00 -6.63942754e-01
    -2.26829767e-01 -6.82264209e-01 5.68521500e-01 1.22587740e-01
    -4.69628215e-01 9.29027438e-01 -9.44502413e-01 1.19576526e+00
    -1.06884515e+00 1.13025391e+00 3.71343255e-01 -1.02807844e+00
    5.06119609e-01 1.24605536e-01 -1.23064458e-01 7.05268383e-01
    1.73055291e-01 1.04813063e+00 1.43786979e+00 9.98836994e-01
    -9.04233336e-01 1.02504182e+00 1.30411863e-01 1.32903659e+00
    -2.72345006e-01 -7.53847599e-01 7.53702521e-01 -7.60685682e-01
    -2.06503093e-01 8.76836538e-01 1.10222483e+00 2.07579374e-01
    1.71764576e+00 -3.05683136e-01 1.21067750e+00 -9.42705631e-01
    2.19801903e-01 1.44033074e+00 1.05541348e+00 4.57860649e-01
    5.09158611e-01 2.82946289e-01 2.44145632e-01 1.87664628e-01
    7.05342591e-01 6.14474714e-01 -7.24229813e-02 2.45409548e-01
    1.76932251e+00 9.47894454e-02 9.74761963e-01 -6.49252653e-01
    4.70487058e-01 5.47306657e-01 4.70014215e-02 3.80532682e-01
    1.26079023e-01 -8.31675649e-01 8.82732868e-01 1.09329581e-01
    -3.35379601e-01 1.82881033e+00 1.85332894e+00 9.13922191e-01
    1.86829448e+00 -1.04877770e+00 -7.63194203e-01 1.00407565e+00
    4.93777454e-01 1.19072461e+00 -5.68190455e-01 5.33355474e-01
    -4.55945909e-01 1.73600388e+00 7.76203871e-02 9.22677159e-01
    1.26390684e+00 7.91823983e-01 7.57408977e-01 2.68566132e-01
    1.30371928e+00 8.46050501e-01 1.01577652e+00 -8.01322758e-01
    -5.28619349e-01 8.15407693e-01 -4.17295575e-01 1.48209262e+00
    4.70725060e-01 9.61495638e-02 1.40137613e-01 8.20108473e-01
    8.02252173e-01 1.45760572e+00 -5.33517241e-01 1.30951405e+00
    6.70505404e-01 -5.94320416e-01 2.14111507e-01 6.93773568e-01
    -8.49949479e-01 1.03494954e+00 -8.56031060e-01 -7.98165143e-01
    1.75071836e+00 3.69884729e-01 -8.10040057e-01 -2.96289682e-01
    1.98743725e+00 -3.99631560e-01 1.03959918e-01 8.21806788e-02
    -9.58867610e-01 1.63845003e+00 -8.22590709e-01 1.95729637e+00
    -5.77633381e-01 8.57125461e-01 -8.16228986e-01 9.91096497e-02
    1.13214636e+00 -6.35952950e-02 5.75146496e-01 -5.82272530e-01
    -4.53115612e-01 -2.52378225e-01 1.37909031e+00 1.01463318e+00
    1.27413273e-01 -8.47074509e-01 1.39858675e+00 3.84027302e-01
    -4.62531894e-01 1.82251072e+00 -1.15752757e-01 9.89267826e-01
    1.08492196e+00 -7.58153796e-02 9.53886747e-01 1.63682973e+00
    -2.46897340e-02 -7.42861152e-01 3.46814871e-01 9.76699054e-01
    1.06906772e+00 3.32559347e-01 -3.69881690e-01 1.61429048e+00
    5.08289337e-01 2.41092980e-01 1.92008710e+00 1.77575266e+00
    1.85689092e+00 -6.56070709e-01 6.11375630e-01 1.18123245e+00
    1.42743659e+00 1.21607685e+00 4.41866577e-01 1.52019787e+00
    1.22263098e+00 1.59104967e+00 5.48023105e-01 9.57779109e-01
    -6.18840575e-01 1.38765359e+00 9.51380730e-01 1.90703630e+00
    1.07423246e-01 2.77764797e-02 -7.24488437e-01 -7.25140095e-01
    -4.32851017e-01 -1.18828475e-01 7.37645626e-01 6.95178330e-01
    1.40684855e+00 1.39050031e+00 6.40491247e-02 2.36393750e-01
    2.15378463e-01 1.30616140e+00 1.64824343e+00 -7.63053060e-01
    1.03578413e+00 -6.43712282e-01 9.75664675e-01 9.16512549e-01
    1.21162891e+00 1.68569553e+00 2.70455897e-01 -1.68688238e-01
    2.67526507e-02 -1.10378623e-01 -2.88599074e-01 4.55090702e-01
    1.87966537e+00 -6.30354285e-01 2.41789043e-01 1.05057895e+00
    -1.36780620e-01 -6.44326210e-04 1.14202464e+00 1.68927073e-01
    5.71284771e-01 9.29155350e-01 6.41403258e-01 4.29349661e-01
    5.79524279e-01 -4.68275756e-01 8.90287459e-01 2.02686489e-01
    6.26427054e-01 5.65109253e-02 1.25727963e+00 1.13413215e+00
    -3.20728123e-01 -3.57577384e-01 4.75969911e-01 -4.53375459e-01
    -4.77524310e-01 7.24064648e-01 5.42986333e-01 1.30632114e+00
    5.84147573e-01 -7.23098874e-01 1.51811445e+00 -6.92678630e-01
    8.69972050e-01 1.11743474e+00 -5.61671376e-01 3.78915727e-01
    9.84199643e-01 -5.16373158e-01 5.13163567e-01 4.80988801e-01
    2.01026201e+00 -1.04199231e-01 -7.34217703e-01 9.74619746e-01
    9.21993256e-02 5.73233426e-01 6.19486272e-01 4.87451911e-01
    -4.14455593e-01 1.50455904e+00 1.45437050e+00 -7.09856570e-01
    -9.15353894e-01 1.23347497e+00 -4.94789958e-01 3.11697781e-01
    1.14622903e+00 9.14749026e-01 1.22467113e+00 5.61084270e-01
    9.10662830e-01 2.19684064e-01 3.60406280e-01 -9.25459325e-01
    1.78041959e+00 5.90849757e-01 1.73018563e+00 1.34843254e+00
    1.28795612e+00 2.13919163e-01 1.43314040e+00 7.46857762e-01
    -2.48031616e-02 -9.08854485e-01 1.49370182e+00 -1.09112144e-01
    1.33167028e+00 1.62265372e+00 1.47090197e-01 -3.98753822e-01
    1.57023621e+00 1.00601077e+00 -8.04768801e-02 1.60548222e+00
    -4.26476181e-01 -7.95127511e-01 1.86719346e+00 -1.05585217e+00
    1.21775889e+00 3.84287834e-01 -8.89671981e-01 1.63220930e+00
    -3.69473219e-01 -9.17773008e-01 1.27753317e+00 -3.17039073e-01
    1.63788438e+00 -7.82904267e-01 1.55480158e+00 1.93056870e+00
    -6.12404346e-01 -7.70424128e-01 -7.61485100e-01 1.83924997e+00
    6.81248009e-01 1.35432887e+00 1.47552276e+00 5.18888950e-01
    4.71105278e-01 5.56062818e-01 -3.28145444e-01 6.44817114e-01
    2.24372029e-01 -1.30733371e-01 -7.11979866e-02 -8.09695721e-02
    1.57783103e+00 -8.27308297e-01 1.05637908e+00 1.32796633e+00
    1.48544216e+00 -1.96411967e-01 1.39236188e+00 1.16129184e+00
    1.20739210e+00 1.80714595e+00 1.36458898e+00 -6.24363303e-01
    7.95457482e-01 1.98214436e+00 -8.93822372e-01 1.03905141e-01
    3.55507493e-01 1.69088709e+00 -2.45156109e-01 5.15272617e-01
    -8.23156834e-01 1.63911974e+00 1.74548793e+00 -1.32120609e-01
    1.71719861e+00 -1.03648984e+00 3.02911997e-01 7.96138287e-01
    1.06447196e+00 1.58445024e+00 -2.65681028e-01 9.02511358e-01
    -3.10915411e-01 5.70646644e-01 1.26218057e+00 1.43844700e+00
    -3.46523404e-01 -8.01798940e-01 -3.45347404e-01 1.16542149e+00
    1.48068404e+00 4.79167819e-01 1.33612156e-01 1.43567193e+00
    -3.71445835e-01 2.04169369e+00 6.82600498e-01 -6.38376474e-01
    -4.58638281e-01 -5.43717146e-02 1.82498920e+00 -6.42678857e-01
    1.20514941e+00 5.82091868e-01 1.54791844e+00 1.91138160e+00
    8.94552112e-01 -3.31186235e-01 9.24718440e-01 1.26293731e+00
    -6.49762154e-02 9.67459142e-01 1.14566171e+00 -1.97105169e-01
    1.25492167e+00 -1.53590322e-01 1.35554397e+00 1.01475418e+00
    2.96962678e-01 -1.21383131e-01 6.78609073e-01 8.17479491e-01
    -1.23126209e-01 4.64980185e-01 -7.34170079e-01 1.34474874e+00
    1.42875290e+00 -1.86300933e-01 1.16039860e+00 4.93486881e-01
    1.39514887e+00 1.82188570e+00 1.44207895e+00 8.60482454e-01
    9.71443534e-01 -1.62765920e-01 -2.34546661e-01 4.90242600e-01
    4.01213646e-01 -6.29199207e-01 -3.00098836e-01 -3.95471036e-01
    3.24291587e-01 1.39275956e+00 1.12784386e+00 -7.17804909e-01
    -5.40062726e-01 -2.32114553e-01 -9.17153120e-01 1.76406813e+00
    -1.90971375e-01 -4.13998008e-01 -1.36414468e-01 9.14725542e-01
    6.61462605e-01 -2.39087999e-01 -2.41039097e-01 9.27463472e-01
    4.97651815e-01 4.29521680e-01 -7.90879488e-01 3.23232710e-01
    -1.40166879e-02 -5.87554395e-01 1.49239635e+00 2.37474620e-01
    1.90505111e+00 1.67410135e+00 1.75587201e+00 1.89424396e+00
    -3.63244891e-01 1.34492230e+00 4.25711930e-01 7.39195406e-01
    1.61343145e+00 -3.87412190e-01 -2.95473635e-01 1.31690836e+00
    -6.58003926e-01 1.69195676e+00 3.44178319e-01 1.13816452e+00
    5.56359887e-01 -2.23446190e-01 -7.17211902e-01 -5.26239872e-01
    -7.73562908e-01 4.64417219e-01 3.74147892e-02 1.98455858e+00
    1.32420897e+00 -4.06363606e-01 8.30802917e-01 -6.84255779e-01
    -8.50556612e-01 1.32975054e+00 1.85187352e+00 3.08967948e-01
    -5.90895653e-01 -6.32294059e-01 2.94789314e-01 1.28689516e+00
    7.01812267e-01 -5.45150638e-02 1.02533102e+00 1.15943527e+00
    8.28980327e-01 1.51766908e+00 1.10173726e+00 1.41969800e-01
    -5.96526861e-01 1.60176504e+00 1.60852671e+00 4.15472329e-01
    -1.48359537e-02 8.92250478e-01 1.44045210e+00 3.95696878e-01
    2.26283312e-01 1.35902762e-01 -8.09238315e-01 1.25659752e+00
    1.77999341e+00 -9.91973877e-02 1.72353959e+00 2.90338516e-01
    7.39780545e-01 5.28874397e-02 3.66362691e-01 -1.07149661e-01
    1.69822931e+00 1.37823629e+00 9.02023911e-02 8.27237487e-01
    -1.33299589e-01 4.61258113e-01 9.75689232e-01 1.78475547e+00
    1.31164038e+00 1.30933619e+00 4.62045014e-01 -7.72007942e-01
    -8.69380176e-01 1.18588388e-01 7.21537352e-01 1.43376493e+00
    7.29727030e-01 3.41111243e-01 7.47383177e-01 1.33198166e+00
    1.28932238e+00 1.48145485e+00 3.91383052e-01 -4.71917212e-01
    1.09119606e+00 4.72000301e-01 3.85944009e-01 1.59514046e+00
    5.12484312e-01 -7.48959064e-01 1.37950456e+00 6.74477100e-01
    1.23687768e+00 1.59712672e-01 3.92809749e-01 -2.79159486e-01
    1.06248462e+00 -8.39349270e-01 9.79128957e-01 1.54157996e-01
    -5.08592129e-01 9.49947000e-01 -8.75479817e-01 3.43315601e-02
    1.86137056e+00 -8.79514098e-01 1.64721775e+00 1.66078210e+00
    -5.66875279e-01 5.10625362e-01 1.63469124e+00 6.75065875e-01
    -8.20090294e-01 5.69754958e-01 4.68464375e-01 8.01044583e-01
    7.78900981e-02 7.37553835e-02 -1.27409697e-02 1.26976120e+00
    5.74223280e-01 1.38670230e+00 -8.08634162e-02 7.35997975e-01
    -6.83219075e-01 -2.72949636e-01 8.21857989e-01 -1.22426331e-01
    -5.01537919e-02 -7.05609918e-02 1.98622322e+00 1.43569803e+00
    -9.28945959e-01 2.06919312e-02 -2.13564575e-01 -6.77950978e-01
    1.68716407e+00 1.44333005e+00 6.23069048e-01 4.06147242e-01
    1.72755063e+00 -3.54768097e-01 1.10956538e+00 9.40510452e-01
    7.11704075e-01 -2.46849895e-01 -7.04920471e-01 -3.29787791e-01
    5.58104634e-01 2.46403992e-01 1.95261896e+00 -3.19687963e-01
    -5.57364702e-01 7.43199229e-01 9.09735441e-01 1.38823700e+00
    1.01799071e+00 1.47605944e+00 -8.15428495e-01 1.74108875e+00
    1.33490884e+00 2.41443396e-01 1.06918132e+00 -2.04811096e-02
    1.30535090e+00 1.88702595e+00 1.62984288e+00 -3.74073744e-01
    -7.63719082e-02 -2.33333766e-01 1.11378765e+00 1.65786123e+00
    -2.66151607e-01 6.34349585e-02 -5.55240333e-01 2.61038125e-01
    6.17675066e-01 -1.03488564e-02 -7.35670865e-01 1.55068469e+00
    2.04858565e+00 1.80762744e+00 6.17767036e-01 -5.54360986e-01
    -6.81502402e-01 8.15730095e-02 -6.49482846e-01 1.77858007e+00
    -7.77253449e-01 3.26138139e-01 -1.33206785e-01 1.81122744e+00
    9.62100744e-01 2.53862143e-03 7.31156647e-01 -4.82514590e-01
    -7.05355942e-01 4.79414165e-01 1.26294279e+00 5.88509619e-01
    -1.52688324e-01 3.12360108e-01 -3.71579528e-01 7.57492602e-01
    1.70499539e+00 -9.88346338e-03 4.42887962e-01 1.71325767e+00
    1.52248311e+00 4.91511583e-01 3.20722938e-01 1.13812053e+00
    6.72299087e-01 -3.93702507e-01 5.86449325e-01 -9.27758157e-01
    5.11558056e-01 1.89669263e+00 1.75227070e+00 -6.92400813e-01
    1.89091313e+00 7.10258126e-01 2.88362265e-01 1.48839378e+00
    7.77114630e-02 1.89373493e+00 -1.00795865e-01 2.09922850e-01
    8.63234043e-01 7.30244398e-01 1.60869265e+00 7.68052578e-01
    7.40158319e-01 1.78327429e+00 1.89934194e-01 -2.15135515e-01
    1.49860978e+00 6.00456774e-01 1.90459371e+00 -3.42860222e-01
    4.05518413e-01 -4.69031274e-01 1.45261502e+00 -4.60792780e-01
    -2.51483202e-01 -2.17300892e-01 1.09010983e+00 1.05458736e+00
    2.62240112e-01 1.29267871e+00 -1.25088632e-01 4.77033198e-01
    8.42041910e-01 1.53571308e-01 -4.41568017e-01 1.20371485e+00
    1.04081666e+00 3.98835599e-01 -7.31816411e-01 -4.14141119e-01
    1.27043116e+00 1.36556709e+00 -6.04101539e-01 8.55969906e-01
    1.89285278e+00 5.96681595e-01 2.05845535e-01 -5.41796803e-01
    1.07225311e+00 -4.58733618e-01 -8.21662545e-02 1.39370584e+00
    2.66792893e-01 1.63140666e+00 1.48006463e+00 2.33879983e-01
    -7.63393641e-01 1.34456038e-01 1.29460192e+00 6.02981091e-01
    1.36659765e+00 1.39608765e+00 7.37500548e-01 1.42025375e+00
    -9.35114384e-01 1.84310019e+00 9.04601455e-01 1.53606224e+00
    1.74737573e+00 -3.36169958e-01 -6.81063533e-01 -5.25989652e-01
    2.44149685e-01 9.48864460e-01 -8.86262119e-01 1.32042480e+00
    1.20104086e+00 9.20430481e-01 1.83609533e+00 1.12040758e+00
    -7.88465559e-01 2.55596936e-01 1.39492464e+00 -4.14653182e-01
    2.96323895e-01 8.79085779e-01 -1.17380798e-01 1.19939470e+00
    1.34249759e+00 5.97085118e-01 7.92725921e-01 -5.24347544e-01
    -3.06782305e-01 3.56780529e-01 -2.37668037e-01 2.00388014e-01
    1.41385460e+00 -5.01760125e-01 1.87827539e+00 -4.39476758e-01
    -3.47197711e-01 -1.25431418e-01 3.52267146e-01 -1.78573549e-01
    1.34955001e+00 -1.08196139e-02 2.61626244e-01 1.10422373e-01
    1.20047402e+00 2.80063331e-01 1.36772037e+00 6.86132729e-01
    -1.57219827e-01 1.68626153e+00 4.99370635e-01 3.46469879e-02
    1.20130348e+00 -1.56967759e-01 -5.89377165e-01 9.18835998e-02
    1.94966984e+00 -7.07650185e-02 5.16560078e-02 -4.01681006e-01
    1.63526344e+00 -2.44346082e-01 -3.00529718e-01 1.31699610e+00
    7.67703652e-01 5.91069818e-01 1.71054065e+00 1.72686219e+00
    -8.25393438e-01 9.05045867e-01 1.31871819e-01 -2.70233274e-01
    -1.40846670e-01 1.09721625e+00 1.66385972e+00 1.78113234e+00
    1.27002168e+00 5.08450150e-01 5.40188909e-01 1.44430876e+00
    5.18115699e-01 1.19529796e+00 1.21523225e+00 1.82251275e+00
    -9.72663164e-02 1.72330689e+00 -9.17714238e-02 -5.90896010e-01
    -2.77219415e-01 8.58595252e-01 5.56984901e-01 9.00730133e-01
    1.18663371e+00 -4.18558955e-01 1.14487541e+00 7.70565510e-01
    4.42971289e-01 -4.56547678e-01 -9.56104994e-02 2.76872516e-01
    1.43801904e+00 -6.61161184e-01 1.01055694e+00 1.87670839e+00
    4.45327401e-01 9.46320593e-01 1.67325258e+00 1.33941770e-01
    1.73964643e+00 -4.93662626e-01 1.87973630e+00 1.05489016e+00
    -4.76961374e-01 1.28552115e+00 1.54268348e+00 1.06133282e-01
    1.97959208e+00 3.29412222e-02 3.10021102e-01 2.87396312e-02
    3.16254675e-01 6.73702002e-01 2.55916297e-01 8.90720904e-01
    5.42785823e-01 1.55572891e-01 -3.13302636e-01 -8.00868213e-01
    1.01494300e+00 -7.90478468e-01 -5.84926069e-01 -3.65043879e-02
    1.89839661e+00 1.77738655e+00 1.57895267e+00 2.83928275e-01
    -6.02540731e-01 1.69358265e+00 1.23435068e+00 6.45452857e-01
    1.13784349e+00 1.30695343e+00 1.41213238e+00 1.47541690e+00
    -8.43747914e-01 4.76067662e-02 -2.74688005e-01 4.59448934e-01
    -3.35334659e-01 1.65054703e+00 1.44136548e+00 5.04195035e-01
    1.16097152e+00 -6.08688354e-01 -6.33750916e-01 -1.40310705e-01
    6.12244248e-01 1.60330629e+00 9.41290855e-01 2.00318718e+00
    1.95744038e-01 1.48200679e+00 1.91500568e+00 -5.58977485e-01
    1.56938004e+00 7.29216635e-01 2.11783886e-01 3.85127485e-01
    2.07988524e+00 -3.13759267e-01 -3.62171173e-01 -1.77531838e-01
    -1.49749041e-01 2.02715993e+00 5.31263292e-01 1.06235623e-01
    1.13489985e-01 -1.98475778e-01 1.61755025e-01 1.05957556e+00
    -8.70287001e-01 -1.01939797e-01 1.39360738e+00 2.85558105e-01
    -1.74794018e-01 5.71497619e-01 1.91445696e+00 -1.40977919e-01
    -5.68214774e-01 3.69173884e-02 1.23493385e+00 -7.61416793e-01
    -9.29197609e-01 5.88644743e-02 5.15324354e-01 -5.57403147e-01
    -6.09284699e-01 9.83062863e-01 4.63305712e-02 8.14707875e-01
    3.04150820e-01 1.37332857e+00 1.27562070e+00 1.26619780e+00
    6.63602352e-01 2.35430002e-02 1.24626660e+00 1.01334226e+00
    -4.47577417e-01 7.83916116e-01 -7.42912173e-01 1.81687474e-01
    2.02758646e+00 1.97065115e+00 8.25834751e-01 -7.41171360e-01
    -6.23624206e-01 1.73863780e+00 5.29897928e-01 4.65647101e-01
    5.66402555e-01 1.74779463e+00 2.11122513e-01 8.79895508e-01
    -7.71084428e-01 4.51105714e-01 7.18225896e-01 -5.24754763e-01
    -8.00626874e-02 -5.94143093e-01 -4.86449242e-01 8.68636072e-01
    -9.26275015e-01 -9.35691893e-01 1.95765376e-01 -9.40072238e-01
    1.63121128e+00 -7.79279113e-01 2.86550343e-01 1.86866260e+00
    1.80053043e+00 -2.42308259e-01 1.74453425e+00 1.52509582e+00
    1.13670015e+00 -5.61929584e-01 3.40882242e-01 1.51865411e+00
    1.20274079e+00 1.08334899e+00 3.46911192e-01 -2.89463758e-01
    1.19084740e+00 8.70979786e-01 -5.85741401e-01 1.21866930e+00
    5.45689464e-01 8.65596294e-01 -1.00383949e+00 9.12000537e-01
    -3.40604663e-01 7.43085146e-02 -5.32185555e-01 1.62976086e+00
    4.97668564e-01 5.63496351e-03 -6.50323451e-01 2.73226738e-01
    -6.37850583e-01 9.53775406e-01 8.25427175e-02 -9.01901782e-01
    -3.27224016e-01 4.49732184e-01 -9.45013285e-01 1.62566471e+00
    1.33539319e+00 4.12910819e-01 1.39097285e+00 -7.26311564e-01
    4.84590292e-01 1.21227658e+00 1.61118460e+00 5.82406163e-01
    3.71858478e-02 2.16114163e-01 7.71274388e-01 -7.69102037e-01
    1.47795987e+00 1.66132236e+00 7.57414997e-01 1.57473266e-01
    -7.89488852e-01 -5.07635534e-01 1.52903533e+00 9.26665783e-01
    2.69761741e-01 1.70889437e-01 -3.46542120e-01 -5.40107071e-01
    7.21374094e-01 -9.42338347e-01 4.60088968e-01 1.48246050e+00
    2.59609520e-01 -1.98712289e-01 -5.34874201e-02 -7.03240633e-01
    -4.10122395e-01 -6.44094288e-01 -5.50434589e-01 2.01771259e-01
    1.80436444e+00 -6.20608449e-01 4.84174490e-02 9.23943996e-01
    1.01804936e+00 -3.65321696e-01 -4.55558538e-01 1.02499878e+00
    -3.59320879e-01 1.82087076e+00 1.83092833e-01 -7.62377143e-01
    -7.40390599e-01 1.55611038e+00 6.56250894e-01 1.69140840e+00
    1.13736320e+00 8.91443014e-01 8.82048368e-01 1.37694609e+00
    7.91249514e-01 8.16358209e-01 7.07448721e-01 4.84547615e-02
    1.49943042e+00 -1.72074080e-01 1.77387619e+00 1.43521047e+00
    1.64669132e+00 4.82712150e-01 1.84563935e-01 8.46907496e-01
    1.50397944e+00 1.15215921e+00 8.87989998e-04 5.26491761e-01
    -3.36599350e-01 -7.67051339e-01 3.42327356e-03 1.79541349e+00
    -2.75213063e-01 -7.58606911e-01 -2.50262558e-01 1.16635036e+00
    1.11576533e+00 -6.64423466e-01 -5.08344173e-01 6.56864226e-01
    -2.61742532e-01 3.59625578e-01 1.74543321e+00 1.76349878e+00
    3.02928090e-02 1.99501097e-01 1.20079792e+00 3.30338776e-01
    1.09473753e+00 1.69478464e+00 1.06095362e+00 1.08852804e-01
    2.37948239e-01 7.06048489e-01 -7.50062764e-01 1.68653107e+00
    1.38307905e+00 4.52400982e-01 1.01420259e+00 -8.94763231e-01
    7.11323738e-01 1.41995037e+00 4.08193946e-01 9.43490982e-01
    3.80317807e-01 -1.15006804e-01 9.98247981e-01 -5.29682577e-01
    1.76733434e+00 8.24092627e-02 9.63690996e-01 1.36142576e+00
    4.79081869e-02 3.06885481e-01 1.24708533e-01 -5.55626273e-01
    6.12943888e-01 8.60876918e-01 -5.43158889e-01 -3.53466153e-01
    -2.56876171e-01 8.53480577e-01 -3.29873919e-01 1.40305078e+00
    6.04364336e-01 1.45084858e-02 1.76165533e+00 -7.11674452e-01
    5.53150058e-01 5.49625576e-01 1.81531906e+00 -7.09610760e-01
    9.71636176e-01 7.94306755e-01 1.82710934e+00 9.37905371e-01
    3.76801133e-01 -7.05422878e-01 -6.59912884e-01 1.61791337e+00
    1.67569661e+00 6.10492051e-01 5.77544391e-01 9.57932174e-01
    8.32785487e-01 9.44146872e-01 5.54207563e-01 1.32189143e+00
    -7.59123147e-01 1.45584548e+00 1.92799234e+00 1.21713459e+00
    -2.90168405e-01 1.35293508e+00 -7.71006584e-01 -2.01349199e-01
    -5.43410778e-01 9.36533391e-01 2.11440921e-02 1.16669238e+00
    -1.71266794e-02 -1.07655108e-01 1.33426607e+00 -5.08416533e-01
    1.29700756e+00 -8.80008996e-01 6.69704258e-01 -1.78263485e-01
    1.07548809e+00 -2.98074305e-01 -1.39708877e-01 1.84126306e+00
    1.27410841e+00 6.57756746e-01 -4.95762736e-01 -8.90730619e-01
    1.66144800e+00 -2.72130013e-01 -2.42548227e-01 -1.66678190e-01
    9.89854693e-01 -8.62682760e-01 7.52887130e-01 1.92696750e-01
    -5.70026040e-01 1.82845879e+00 7.05098987e-01 9.34864700e-01
    -4.63411510e-01 1.41547704e+00 8.36643159e-01 -1.22367620e-01
    1.16774178e+00 -5.80576241e-01 1.96234107e+00 5.59696913e-01
    1.80078614e+00 1.31476927e+00 -5.79625547e-01 -2.05014765e-01
    9.01313365e-01 1.52951968e+00 8.39037120e-01 1.09448683e+00
    -7.95783162e-01 -3.33311856e-01 1.43486869e+00 1.86485648e+00
    4.77254570e-01 1.68923926e+00 9.42901194e-01 1.56813014e+00
    1.26335084e+00 4.73021984e-01 -8.06011617e-01 -5.77904880e-01
    5.50681949e-01 1.69274032e-01 1.14570689e+00 1.18081510e-01
    6.26488626e-01 1.07018876e+00 9.34018433e-01 1.81936693e+00
    1.43046427e+00 4.75545287e-01 4.21054840e-01 -1.08741522e-01
    1.54831779e+00 1.16549742e+00 1.27991617e+00 1.80172956e+00
    -1.22099578e-01 4.66322541e-01 7.80004621e-01 -4.47825789e-01
    5.93785644e-02 -7.33289480e-01 5.57652712e-02 2.43040800e-01
    4.45583165e-01 5.47474265e-01 1.26109481e+00 1.80481803e+00
    -7.68511891e-02 1.85232627e+00 -4.71270144e-01 1.23671579e+00
    -5.57085991e-01 7.60491848e-01 1.72905326e-02 1.89244449e-01
    4.01172578e-01 -3.40572000e-01 1.37488735e+00 1.90650737e+00
    1.08846116e+00 -2.71307826e-02 -6.83941603e-01 7.02589691e-01
    -6.32658005e-01 -3.55459750e-01 -5.67090034e-01 7.49538660e-01
    8.96464944e-01 3.34296942e-01 -7.08323419e-01 -7.84455597e-01
    8.42413127e-01 -9.15640295e-01 9.11892712e-01 -8.84962440e-01
    9.71628547e-01 1.07231998e+00 8.52610171e-01 7.69721270e-01
    -7.64061809e-01 5.01780748e-01 1.19522476e+00 1.68443227e+00
    -7.09328890e-01 1.17899823e+00 -4.02037293e-01 -5.51130176e-02
    -1.79681599e-01 9.01349366e-01 -3.29601765e-03 5.43768346e-01
    -7.30957806e-01 1.91464281e+00 6.07256413e-01 1.17754483e+00
    -5.67142844e-01 -8.29215527e-01 -1.59254074e-01 1.61126399e+00
    1.73907971e+00 1.80578160e+00 1.85983932e+00 -5.27347684e-01
    1.49717188e+00 -6.80176854e-01 7.79410779e-01 1.81933761e+00
    1.53257167e+00 1.28328633e+00 -5.30336916e-01 1.73872411e+00
    1.98440552e-02 -3.24995518e-02 -1.10494757e+00 4.94073629e-01
    -4.60887015e-01 1.87449336e+00 1.90017128e+00 3.96989346e-01
    2.30277538e-01 2.39311874e-01 4.81612027e-01 9.71821904e-01
    1.72339463e+00 3.84460330e-01 3.19175065e-01 1.44797540e+00
    -8.56271267e-01 7.03311026e-01 1.23855293e+00 1.12157929e+00
    1.71165013e+00 1.14490366e+00 1.28408575e+00 1.11098409e-01
    9.92099643e-01 8.45601201e-01 -2.89421320e-01 1.09076941e+00
    3.63828540e-01 1.27217174e+00 2.23354995e-01 1.49844491e+00
    -8.30487549e-01 -8.99383307e-01 1.21462572e+00 1.68437350e+00
    1.43673778e+00 6.99499965e-01 1.46292925e+00 1.32078254e+00
    -5.93497634e-01 1.78689694e+00 -4.66117650e-01 -4.22565937e-02
    -4.64808106e-01 5.68330109e-01 -2.69828022e-01 -9.99837518e-02
    2.85224915e-01 2.94087291e-01 1.49599087e+00 1.02918291e+00
    -8.04076970e-01 1.21949625e+00 7.35396385e-01 8.65892291e-01
    7.48769045e-01 1.72854006e+00 1.13739526e+00 -7.03334808e-05
    3.35854053e-01 -7.04945982e-01 6.83948994e-01 -6.13478601e-01
    2.16693997e-01 -1.75798118e-01 1.02890038e+00 1.54952073e+00
    1.19421482e-02 -6.26895070e-01 1.74770057e+00 8.20343614e-01
    6.97087407e-01 -7.59920239e-01 1.07942247e+00 -5.23911119e-01
    5.58879972e-02 1.19380856e+00 -7.78670073e-01 1.58778489e-01
    2.69673407e-01 4.58031774e-01 -7.10814178e-01 4.60745454e-01
    -2.88448513e-01 1.47707820e+00 1.72513485e+00 -3.81560981e-01
    -3.22677791e-01 9.22363758e-01 -6.05237007e-01 1.69285703e+00
    -5.04631400e-01 -7.93273151e-01 1.12258339e+00 -3.34081352e-01
    -6.91375732e-01 1.11383009e+00 -8.29887390e-03 1.39235926e+00
    -2.19126344e-02 1.85193658e+00 1.79793596e+00 9.50774074e-01
    1.57783210e-01 1.82797956e+00 1.36729455e+00 1.28470886e+00
    -3.13248634e-02 1.83348083e+00 1.29144537e+00 -6.30505800e-01
    1.64214408e+00 8.77504885e-01 1.99225366e-01 3.27122986e-01
    1.32959044e+00 -4.39168096e-01 1.20701945e+00 1.09007359e+00
    9.81330514e-01 1.04417098e+00 -5.10443330e-01 4.88947749e-01
    1.64724398e+00 1.81660795e+00 4.17482078e-01 1.19446313e+00
    -8.45622241e-01 -7.26752102e-01 1.88477600e+00 4.56210434e-01
    -4.80051547e-01 1.81310058e+00 -3.91740859e-01 -3.48191082e-01
    1.70384777e+00 3.41492951e-01 -6.68552577e-01 -4.57708329e-01
    1.35838890e+00 9.24806535e-01 1.51622319e+00 -8.32260430e-01
    -2.29355335e-01 -7.77111650e-02 -1.58513188e-01 1.96609354e+00
    3.13127518e-01 4.37109530e-01 -2.71582305e-01 1.11305332e+00
    1.96327221e+00 1.48311889e+00 1.57910204e+00 -5.62515497e-01
    1.87645233e+00 1.79467154e+00 5.72493553e-01 -1.64148092e-01
    1.30527174e+00 -7.42951930e-01 1.86237383e+00 1.37352836e+00
    -5.61738610e-01 1.95425224e+00 1.46226811e+00 1.09829044e+00
    1.80212581e+00 -5.16318262e-01 -8.83204579e-01 6.09438360e-01
    -6.49115086e-01 1.18120611e+00 7.12113023e-01 5.82646608e-01
    -6.82242751e-01 2.27832675e-01 7.80958533e-01 1.08215141e+00
    5.35437942e-01 1.71225476e+00 -4.56770062e-01 -1.10177517e-01
    6.25584304e-01 1.05048478e+00 6.78676248e-01 1.05580306e+00
    -2.64415026e-01 1.23442471e+00 1.70454621e+00 1.02177906e+00
    1.33533716e+00 5.02506852e-01 -9.50322807e-01 1.89521790e-01
    1.70980000e+00 8.96973372e-01 7.02265739e-01 1.43550968e+00
    1.08926499e+00 9.60655332e-01 -7.15444088e-01 1.35435104e+00
    4.31517780e-01 6.39704645e-01 -1.33762479e-01 1.94104040e+00
    1.95877492e-01 2.67669559e-02 8.48944068e-01 2.01983142e+00
    1.23578358e+00 6.05539620e-01 -1.42435610e-01 1.29877758e+00
    1.51303160e+00 6.74884915e-01 1.50430799e+00 5.38146794e-01
    1.99976718e+00 1.42705357e+00 -8.11525524e-01 1.55249345e+00
    -3.74232888e-01 -5.38385391e-01 4.96840179e-01 -7.21466303e-01
    6.33499324e-01 4.77056980e-01 -2.50615597e-01 -6.13751531e-01
    -2.57777274e-01 1.35817289e+00 4.02014494e-01 -2.60711908e-02
    1.80622363e+00 -5.61490238e-01 4.20228839e-02 2.82652020e-01
    -1.55235171e-01 1.14279294e+00 1.46997559e+00 8.07746768e-01
    1.76226854e+00 9.45563436e-01 -5.29336691e-01 1.29142344e+00
    -5.36863327e-01 -1.91339433e-01 1.97461700e+00 1.06906629e+00
    -5.10226309e-01 5.15227795e-01 1.84094894e+00 6.39047980e-01
    1.75363660e-01 1.69387662e+00 1.38245058e+00 3.76597643e-02
    -4.22391534e-01 -3.31836939e-02 2.88208485e-01 4.85404670e-01
    -9.05733049e-01 6.17178142e-01 -9.59685802e-01 1.40447485e+00
    1.10871661e+00 1.75408363e-01 1.57677686e+00 7.02690125e-01
    5.38549423e-02 2.15832472e-01 5.33573985e-01 -3.98823917e-01
    7.53079534e-01 1.26414990e+00 -6.27923369e-01 -5.43184757e-01
    4.78282511e-01 4.89463627e-01 -1.36183918e-01 1.20656824e+00
    9.33000863e-01 1.39079177e+00 -4.35746193e-01 3.84422183e-01
    1.48759437e+00 1.27350354e+00 -8.71337235e-01 -3.24048400e-02
    -7.74204075e-01 1.75863802e-01 -2.61539042e-01 7.86520839e-02
    -6.51383162e-01 -1.23526633e-01 -2.66061664e-01 -3.39560568e-01
    -4.21745032e-01 -2.58731365e-01 -2.97620714e-01 -3.32018912e-01
    1.83155537e+00 3.04321289e-01 1.73113811e+00 1.61642897e+00
    6.11715317e-01 1.51280808e+00 -5.01792550e-01 8.23348284e-01
    -1.58119738e-01 1.43936503e+00 -1.03434777e+00 6.13807678e-01
    8.44305038e-01 3.49024534e-02 1.66759551e+00 -2.11886942e-01
    1.58581340e+00 6.73512459e-01 2.03445554e-02 1.88732362e+00
    1.27803278e+00 -3.53995562e-02 -4.22640979e-01 1.66455722e+00
    4.88379657e-01 1.68828797e+00 1.39320898e+00 3.16233635e-01
    1.72598410e+00 -4.12498832e-01 -5.74721098e-01 -2.84589469e-01
    -5.44237494e-01 6.94149852e-01 4.12837863e-02 1.52306747e+00
    1.91684616e+00 -9.56038952e-01 -3.09124768e-01 6.30365491e-01
    5.99750996e-01 -2.05237687e-01 2.88616836e-01 1.15322268e+00
    5.55879176e-01 1.91242707e+00 4.67731953e-01 1.75792992e-01
    7.25448132e-03 1.12506580e+00 -7.50418067e-01 6.45436883e-01
    -3.00761104e-01 -2.84820557e-01 3.32530737e-02 -3.74940097e-01
    1.07676280e+00 -4.94230837e-01 3.43454123e-01 -9.11479414e-01
    -7.93705583e-02 -1.08644843e-01 -9.07502770e-01 -8.31911922e-01
    1.19362044e+00 7.32085347e-01 -3.65008831e-01 -1.32852674e-01
    -1.67495012e-02 8.70517075e-01 1.06094003e+00 7.00312257e-01
    5.26889026e-01 1.34341049e+00 1.38425970e+00 -7.52116323e-01
    -5.77688098e-01 1.26144624e+00 -5.43292999e-01 -3.71019661e-01
    1.80732882e+00 4.98698115e-01 -9.70900297e-01 4.98152673e-01
    1.29277182e+00 1.02130222e+00 3.66972387e-01 1.84336543e+00
    3.51379514e-02 1.48583364e+00 9.57831740e-02 -4.52382714e-01
    1.13267493e+00 1.95168686e+00 1.59302258e+00 -2.15611875e-01
    6.49488926e-01 -7.17542708e-01 8.31173241e-01 -4.65698987e-01
    1.25576544e+00 -7.98360169e-01 8.51814866e-01 9.19592738e-01
    -7.96486437e-01 6.26023471e-01 1.70674348e+00 1.43807089e+00
    1.56284928e+00 -9.18448567e-02 6.31448984e-01 1.64614153e+00
    1.85207772e+00 1.22930026e+00 5.29534101e-01 4.68274713e-01
    6.47398949e-01 -2.26238132e-01 6.71839714e-03 1.32014465e+00
    -8.28291416e-01 1.20451474e+00 -1.74383879e-01 6.48099899e-01
    -3.64019275e-01 1.19239795e+00 3.33766580e-01 1.27031565e-01
    5.25377631e-01 6.86724067e-01 1.92934620e+00 5.42846560e-01
    -2.79474795e-01 1.46578324e+00 9.63572264e-02 -7.56473660e-01
    6.64325833e-01 1.70014572e+00 1.15840173e+00 1.04540110e+00
    8.57221663e-01 1.64748669e+00 7.52240777e-01 -6.02039814e-01
    -6.03154182e-01 9.84350085e-01 1.51024914e+00 1.57748139e+00
    1.86631191e+00 1.66980374e+00 -4.45120692e-01 4.68813777e-01
    -4.21977043e-01 1.77926552e+00 1.69453418e+00 1.54391026e+00
    -5.18738508e-01 8.23160946e-01 3.65025997e-02 8.60511422e-01
    4.66877282e-01 9.45367575e-01 1.31932759e+00 1.46092427e+00
    1.21647549e+00 -5.42052329e-01 2.91484594e-01 -4.84751344e-01
    1.81482160e+00 7.91043103e-01 -6.59285843e-01 -5.91884375e-01
    1.42966104e+00 3.36346865e-01 1.27543068e+00 1.05247104e+00
    1.79788589e-01 5.72701335e-01 1.05649853e+00 -1.51109159e-01
    1.60247326e+00 2.86178768e-01 -3.62663865e-02 -7.77493954e-01
    1.55129004e+00 -2.13056803e-03 1.48598731e+00 -1.72246158e-01
    8.24319303e-01 1.44787478e+00 1.78243744e+00 1.78066397e+00
    1.86711705e+00 8.26219320e-01 1.52773607e+00 1.69507885e+00
    3.95261109e-01 -9.33425665e-01 -9.04628217e-01 -9.40346479e-01
    6.25067890e-01 1.11174893e+00 1.35751581e+00 6.52941465e-01
    -3.93676579e-01 -3.13223898e-01 1.65585518e-01 -2.00262725e-01
    -6.51798844e-01 1.26215136e+00 1.77277577e+00 -4.91307855e-01
    -1.45622969e-01 9.84864593e-01 6.76974177e-01 -4.91040528e-01
    -1.04389906e-01 -8.09913635e-01 3.17482471e-01 -5.73833942e-01
    5.66579461e-01 1.12451708e+00 1.08942401e+00 8.96456599e-01
    1.33986557e+00 7.13215113e-01 1.52951884e+00 1.52563286e+00
    -9.13593233e-01 -5.42558670e-01 1.18027186e+00 7.37328649e-01
    -3.73571932e-01 9.25686300e-01 1.94161773e-01 1.93855834e+00
    1.73785901e+00 1.32296491e+00 1.25545526e+00 -7.50811696e-01
    3.13444138e-01 -2.40218818e-01 2.07687378e-01 -4.45964098e-01
    5.20439684e-01 -1.83943391e-01 -2.89635003e-01 1.51476622e-01
    7.60526061e-02 2.06338382e+00 -7.49798954e-01 5.26014149e-01
    1.80859447e+00 -7.02346563e-01 -2.96079874e-01 9.07010257e-01
    1.81514060e+00 1.42307079e+00 1.59239745e+00 1.43192279e+00
    1.48410368e+00 -1.49755716e-01 -1.30223691e-01 2.31798768e-01
    -6.30039334e-01 1.56020308e+00 -4.71912086e-01 8.49419355e-01
    1.41093910e+00 -8.46642494e-01 5.40856600e-01 -2.72030175e-01
    -9.58495736e-02 1.38112938e+00 1.25882697e+00 -2.70118594e-01
    2.89317966e-02 -7.56466150e-01 -3.36848795e-01 1.55915391e+00
    2.77044654e-01 7.00913548e-01 -1.52926564e-01 7.68614292e-01
    2.03021789e+00 4.38478947e-01 1.91516733e+00 1.64076304e+00
    -6.80008352e-01 1.09589422e+00 1.09531641e+00 1.56237555e+00
    7.68435478e-01 9.55972373e-01 7.22131908e-01 5.69847465e-01
    -5.25214553e-01 -9.43379998e-01 -2.21019208e-01 4.33566570e-02
    1.75315022e-01 -8.27617407e-01 7.00378299e-01 1.44338894e+00
    -3.07541370e-01 2.91535079e-01 -4.13982332e-01 5.59972465e-01
    -2.35713542e-01 6.58367276e-01 6.79007411e-01 7.99336731e-01
    1.69537807e+00 2.61725843e-01 1.74620020e+00 1.60632420e+00
    1.36591995e+00 9.73781168e-01 2.69163489e-01 1.55006146e+00
    -3.60728085e-01 -6.57750130e-01 1.31604099e+00 2.06886649e+00
    9.70914364e-01 -5.59549451e-01 8.04339409e-01 -3.32239926e-01
    7.84599900e-01 3.05816948e-01 1.00011575e+00 1.66097903e+00
    1.46354461e+00 -1.23069048e-01 1.93057942e+00 5.23828268e-02
    -5.51279426e-01 1.45045841e+00 1.42478824e+00 7.89873362e-01
    -8.25653076e-02 1.69575167e+00 -8.82752955e-01 -4.24647331e-03
    3.21894050e-01 -9.22166705e-01 5.22795916e-02 -9.46154654e-01
    1.59729290e+00 1.68809700e+00 1.04327047e+00 6.12560511e-02
    1.48728931e+00 3.58010650e-01 1.74522567e+00 -1.07553422e-01
    4.96709228e-01 1.70917010e+00 1.59734809e+00 -1.43685758e-01
    1.13916039e+00 2.77922273e-01 1.10516167e+00 -8.50318074e-02
    -2.59155631e-01 8.11758399e-01 7.86297202e-01 3.66897047e-01
    -8.84075761e-02 -4.54562783e-01 1.86832762e+00 -3.22095811e-01
    7.23010421e-01 -1.66923165e-01 -8.63459587e-01 1.11883700e+00
    -9.07488525e-01 -3.99635315e-01 1.56134582e+00 -8.13137412e-01
    1.02025104e+00 -1.01255119e-01 1.91673267e+00 -1.50837541e-01
    -7.69729018e-01 1.43134475e+00 7.55507350e-02 -5.88178873e-01
    1.89029384e+00 1.52287960e+00 -8.36117446e-01 1.46559298e+00
    1.02646160e+00 -2.89576530e-01 1.85872853e+00 1.85111845e+00
    -7.30514407e-01 5.00570178e-01 6.15112305e-01 9.02775526e-01
    -4.71233606e-01 1.09216392e+00 1.74938381e+00 6.87708020e-01
    -2.91388452e-01 1.13467252e+00 -5.83529472e-04 1.58583426e+00
    1.54930925e+00 -2.54844606e-01 -2.98988044e-01 1.60556924e+00
    -8.83828521e-01 3.79152775e-01 1.18632543e+00 1.48307085e-01
    -3.41413260e-01 1.48981154e+00 -8.41275752e-01 1.98553979e-01
    1.35456181e+00 9.94605660e-01 1.10927713e+00 7.49140382e-01
    1.84960127e+00 -8.45122278e-01 9.68153000e-01 2.14946806e-01
    1.22466326e+00 1.34769297e+00 1.73793912e+00 4.93700564e-01
    -1.95450246e-01 9.46418643e-02 1.13305998e+00 6.84499621e-01
    1.05190492e+00 1.04556215e+00 3.15427065e-01 6.99433684e-02
    1.77832425e-01 4.12718832e-01 1.95830524e-01 1.78640556e+00
    8.47611248e-01 -6.02721691e-01 1.55904245e+00 6.20856166e-01
    3.43381286e-01 7.49090433e-01 8.60048652e-01 1.90230954e+00
    1.79477525e+00 1.30254173e+00 2.45188951e-01 9.39142108e-02
    -7.22619891e-01 9.46213722e-01 -5.91738820e-01 3.22067499e-01
    -1.55442894e-01 1.50169063e+00 5.85648894e-01 1.72581565e+00
    -2.67277956e-02 6.15519524e-01 1.07683516e+00 1.38888896e+00
    1.25687897e+00 -3.80437791e-01 1.76806986e+00 1.08079958e+00
    -9.94385779e-01 3.16085100e-01 -7.72462785e-01 -4.28959310e-01
    2.78305173e-01 1.32717705e+00 -8.84326458e-01 1.58779669e+00
    1.53449738e+00 -2.31537223e-01 1.10777986e+00 -8.45412195e-01
    -5.29153824e-01 1.27357697e+00 6.80844009e-01 -9.34005380e-02
    1.70132184e+00 -6.03384972e-01 1.78139353e+00 1.74016929e+00
    1.47170484e-01 -8.70187700e-01 -3.72665048e-01 1.33570957e+00
    1.07156730e+00 -9.33812797e-01 -3.74017298e-01 4.77384865e-01
    2.39351988e-01 9.33533490e-01 -6.64610386e-01 -4.88598496e-01
    4.87330675e-01 1.98625708e+00 -7.60888338e-01 8.92902613e-02
    6.28702343e-01 1.62002718e+00 1.45259261e+00 1.50568533e+00
    -2.45412230e-01 5.75576782e-01 -4.91934001e-01 1.38537693e+00
    1.63055372e+00 -8.05067062e-01 1.50229669e+00 -9.23976898e-02
    -1.80656254e-01 6.92702234e-01 -3.96700740e-01 3.37762713e-01
    -1.15618706e-02 -1.55749321e-01 -5.57060838e-01 1.92757666e+00
    7.33904541e-01 6.47900939e-01 9.66566682e-01 1.07152367e+00
    7.10648775e-01 1.96645808e+00 -8.63326490e-01 1.14921784e+00
    2.62960792e-02 1.90462911e+00 -1.84513748e-01 1.82297826e+00
    -8.84540319e-01 -6.65880561e-01 8.14334035e-01 9.03248489e-01
    -8.85250270e-01 5.86413205e-01 -4.60858911e-01 -3.88578415e-01
    -1.35430157e-01 1.44623470e+00 1.68091869e+00 1.15272880e+00
    -9.07904208e-01 1.44402862e+00 1.81250358e+00 -5.74551225e-02
    7.98073232e-01 1.00504267e+00 5.72083175e-01 -9.24885809e-01
    -3.26467872e-01 1.65711284e+00 1.41622138e+00 1.47382617e-01
    1.05140960e+00 5.08230925e-01 -8.16151679e-01 1.65607727e+00
    -6.25986338e-01 1.05092859e+00 1.47342801e-01 -1.25163794e-03
    -3.48502755e-01 -8.15401673e-01 1.96479654e+00 1.63328004e+00
    -8.66221130e-01 1.64335251e+00 -3.23699832e-01 2.51200855e-01
    5.70793748e-01 -1.48146629e-01 -6.61365330e-01 -1.07627034e-01
    9.17879105e-01 1.31093240e+00 -8.54615927e-01 -4.69373554e-01
    -8.66324544e-01 1.32217145e+00 -3.66104126e-01 1.34720755e+00
    -6.25017405e-01 8.06947768e-01 7.73945928e-01 -2.99147248e-01
    5.53984046e-01 1.91891432e+00 1.34985352e+00 1.24004912e+00
    -7.11311638e-01 8.40319753e-01 -7.96137571e-01 1.29858732e-01
    -5.80194354e-01 1.28213835e+00 -1.79964364e-01 1.40095758e+00
    -6.77378535e-01 1.45274591e+00 -2.84207344e-01 2.18151689e-01
    -6.53652370e-01 1.70697033e-01 -7.52722621e-01 -5.87540865e-01
    -4.04213309e-01 -3.71389091e-01 -5.62384784e-01 -4.62579042e-01
    -1.37997270e-02 2.31415153e-01 -9.15850461e-01 -9.58704770e-01
    1.03322840e+00 3.25087249e-01 1.18736172e+00 5.54581046e-01
    1.51866877e+00 -7.99036384e-01 -3.09015155e-01 1.38257635e+00
    7.76410580e-01 1.38835907e-01 1.57301378e+00 -6.92029595e-02
    -6.47604227e-01 1.38433111e+00 1.21939850e+00 -6.23162746e-01
    1.93363464e+00 1.40608418e+00 -5.00327945e-01 1.60768616e+00
    -9.52058315e-01 1.78125238e+00 -8.32979441e-01 1.53672373e+00
    -9.99862790e-01 4.01347637e-01 8.36698830e-01 -5.34490287e-01
    1.00896275e+00 -3.56708109e-01 -1.09604359e-01 1.60926414e+00
    4.39929366e-01 1.36352134e+00 5.29587865e-01 -7.36058474e-01
    -2.19093144e-01 4.86281276e-01 7.11988688e-01 1.25045455e+00
    1.80130720e-01 -9.29320455e-01 -8.91569972e-01 -1.85786784e-01
    -2.08579719e-01 6.59217417e-01 9.04771090e-01 2.34698594e-01
    -3.59167337e-01 -3.69100213e-01 1.73363662e+00 3.95695329e-01
    -7.80422926e-01 8.11664820e-01 -2.19444394e-01 -8.51920128e-01
    6.38343096e-01 1.14305580e+00 1.32164478e-01 1.04287219e+00
    -8.19333315e-01 1.86335301e+00 -2.99191594e-01 -8.51690650e-01
    1.82445979e+00 3.03914785e-01 -5.61554193e-01 1.31781590e+00
    -2.51691341e-02 -7.76843011e-01 -5.54150343e-01 1.29524481e+00
    6.18986487e-01 -8.12613130e-01 6.53035641e-02 -1.40002131e-01
    6.65639639e-01 -6.84046745e-01 1.28953171e+00 -5.79055965e-01
    1.22299635e+00 7.67495394e-01 -7.75812805e-01 5.87050736e-01
    1.26880407e-01 4.27933395e-01 1.53312945e+00 -5.67295909e-01
    -1.35015547e-01 6.36161327e-01 7.41956830e-02 2.53748894e-03
    -5.80925822e-01 1.07213020e+00 1.52615821e+00 1.92461550e+00
    1.76741123e+00 1.85905361e+00 1.58215594e+00 -4.36820149e-01
    -2.98097491e-01 2.68461108e-01 -8.07479084e-01 -2.12652087e-02
    2.05959797e-01 8.34474325e-01 1.71645093e+00 -7.98832655e-01
    -9.14516985e-01 1.53608501e+00 1.76933050e+00 -3.05819988e-01
    -4.79949713e-02 -6.48128033e-01 -2.76256204e-01 5.02674580e-01
    8.78962874e-01 2.99242198e-01 -2.44078219e-01 2.32076168e-01
    3.15509260e-01 3.08402181e-01 2.66470253e-01 2.38394797e-01
    5.78064263e-01 2.45136619e-01 8.13074589e-01 -4.46446896e-01
    6.12225890e-01 1.25674987e+00 1.42584443e-02 1.64675188e+00
    2.69483924e-01 1.14636171e+00 8.11309814e-01 1.98485792e-01
    9.00906861e-01 3.49408746e-01 -7.94183671e-01 -3.64277065e-01
    1.75463080e+00 -6.62732124e-02 -5.40765703e-01 -2.13866174e-01
    1.60109520e-01 1.89788520e+00 5.98002315e-01 3.86139512e-01
    5.44043899e-01 1.10725439e+00 -9.86253917e-01 4.17973280e-01
    -5.41775882e-01 1.16510630e-01 1.54971206e+00 2.37154365e-01
    1.37686431e-01 -6.69386387e-01 6.61668777e-02 1.71150017e+00
    1.08888841e+00 7.57160306e-01 1.14056647e-01 1.91636813e+00
    1.45490706e-01 1.50902367e+00 1.29396272e+00 6.72335088e-01
    5.51122487e-01 3.13329697e-01 1.95410860e+00 -1.69852555e-01
    1.58726144e+00 3.38536501e-01 6.47367358e-01 -5.21189094e-01
    3.17975521e-01 -6.32890344e-01 -1.90183163e-01 3.48157287e-02
    3.67310286e-01 1.45333660e+00 1.18401122e+00 1.23328137e+00
    5.12868345e-01 -7.39958048e-01 -8.33973110e-01 1.86374950e+00
    1.61126161e+00 4.13204432e-02 5.82557321e-02 1.07573009e+00
    1.41749454e+00 1.40392804e+00 -1.07711554e-02 -7.87480056e-01
    1.95419025e+00 9.17308629e-01 1.95717704e+00 1.35871792e+00
    -1.52556181e-01 -5.68121910e-01 1.87074316e+00 1.84965909e+00
    -1.07840180e-01 -6.97596312e-01 1.13272011e-01 -3.83728921e-01
    -5.75024784e-01 6.08695090e-01 -8.14519465e-01 1.70476341e+00
    6.49003029e-01 1.51529288e+00 -3.95890415e-01 6.36272728e-01
    9.33146536e-01 1.46593738e+00 -5.96453369e-01 -5.18774509e-01
    -7.86125422e-01 7.80693710e-01 -5.74280202e-01 1.55161834e+00
    1.12195706e+00 1.76429164e+00 7.93094814e-01 9.63557005e-01
    5.81347525e-01 -7.38512933e-01 -7.45882750e-01 4.53178346e-01
    9.37644720e-01 -2.60243893e-01 1.68098855e+00 -8.24245632e-01
    1.18328846e+00 1.61228907e+00 -1.27111197e-01 5.06421089e-01
    -2.81942666e-01 1.18401718e+00 -8.60396922e-01 1.73514533e+00
    1.56552243e+00 1.27560985e+00 -2.52628326e-03 -7.78706789e-01
    -5.97624421e-01 -5.60899258e-01 1.34802163e-01 9.27395880e-01
    -4.26279724e-01 1.24844849e+00 1.15529156e+00 1.08803415e+00
    -5.36737204e-01 -3.66811693e-01 -6.11992121e-01 1.22877359e-02
    -3.51834595e-01 9.51890409e-01 -2.33918130e-01 7.54013419e-01
    1.17297900e+00 5.00398993e-01 1.49565291e+00 -2.71148801e-01
    1.56171834e+00 -5.20014524e-01 -9.27348614e-01 -1.51533067e-01
    6.48089349e-01 -7.69258499e-01 1.27545166e+00 -6.85260296e-02
    2.13842630e-01 -2.10789740e-01 -7.68328428e-01 3.01645160e-01
    1.54859924e+00 -2.64937460e-01 1.45508528e-01 1.06377661e+00
    -2.19855905e-01 1.12385225e+00 3.10936809e-01 1.38416600e+00
    9.13776040e-01 1.94386244e-02 9.48426008e-01 1.70024765e+00
    5.75201511e-01 -3.22648585e-01 -3.18096817e-01 2.59976506e-01
    9.99216437e-01 1.78755987e+00 6.85307920e-01 3.19042683e-01
    8.27908933e-01 7.33251095e-01 -8.46809030e-01 7.66818821e-01
    -4.75762695e-01 -9.21483457e-01 -7.09480047e-03 5.98827600e-01
    8.21494102e-01 -2.05967188e-01 1.29935718e+00 8.45703244e-01
    1.32032335e+00 1.46930373e+00 7.23215699e-01 -3.45112205e-01
    1.85720086e-01 -7.20504820e-01 -6.89175546e-01 -8.63119125e-01
    -1.31910741e-01 1.75013423e+00 1.23449779e+00 1.95949984e+00
    1.99457884e+00 1.42562151e+00 8.98155212e-01 1.07871675e+00
    2.91207135e-01 5.24142981e-02 -6.31034374e-04 9.38333988e-01
    1.16317701e+00 6.04625762e-01 5.76002121e-01 -4.60270047e-02
    -9.60059881e-01 2.49380708e-01 3.81685078e-01 -2.42613554e-02
    -9.58051980e-01 9.06056166e-01 1.95057559e+00 -6.40379250e-01
    -5.94246686e-01 7.36909151e-01 2.04765558e-01 9.12070274e-03
    -5.80388546e-01 8.06590319e-02 -1.02104962e-01 -8.04789901e-01
    2.37859249e-01 -1.02688205e+00 1.69788444e+00 1.53582668e+00
    1.18984616e+00 -5.19845307e-01 1.77863479e+00 -4.65537637e-01
    8.30621123e-01 8.03922117e-01 1.98877358e+00 8.91612768e-01
    1.60838771e+00 -1.44713163e-01 -4.53495204e-01 1.15368462e+00
    -1.10926747e-01 9.14330006e-01 1.31161511e+00 9.86877561e-01
    5.89199126e-01 1.44163537e+00 -7.05399871e-01 1.54093790e+00
    -9.14304435e-01 1.43623304e+00 1.12524915e+00 -4.25784498e-01
    -6.35773718e-01 1.24201035e+00 1.49594164e+00 -8.09263468e-01
    8.62077832e-01 -9.48042870e-01 9.46554124e-01 2.05469608e-01
    1.43020773e+00 1.45234740e+00 -5.31723499e-01 -7.42661417e-01
    9.37441587e-01 -2.18022585e-01 1.55144024e+00 1.77429295e+00
    1.87895894e-01 6.68894172e-01 -8.20315778e-01 1.90699935e-01
    -8.29734564e-01 5.06941557e-01 7.47429132e-01 6.40060306e-01
    3.31702232e-02 2.67404556e-01 -1.79723680e-01 1.48366940e+00
    1.52556765e+00 1.54673624e+00 4.63312507e-01 1.86109042e+00
    1.40455520e+00 4.67434525e-01 5.98380446e-01 -5.17879426e-01
    1.76079381e+00 -6.88716054e-01 9.21758056e-01 1.26707590e+00
    -1.66962624e-01 -7.26639509e-01 -2.56938756e-01 -6.36232555e-01
    -9.14087951e-01 8.46776962e-01 1.47563159e-01 -5.82811356e-01
    1.69742227e+00 3.23358536e-01 -6.52204752e-01 1.55281281e+00
    -6.83521688e-01 1.93398583e+00 2.58151114e-01 1.67653275e+00
    -3.85668278e-01 1.65808761e+00 -8.85434151e-01 9.24125493e-01
    -4.97943312e-01 9.47476625e-01 6.56501055e-01 1.65866661e+00
    7.32053161e-01 5.81447184e-01 2.83586979e-01 7.12577760e-01
    6.45886600e-01 -4.17601109e-01 1.38116169e+00 -7.60721922e-01
    -1.04261458e-01 1.27915168e+00 3.40576410e-01 1.48187375e+00
    -6.37589872e-01 9.49634790e-01 3.26675296e-01 1.82028401e+00
    -1.75283730e-01 3.39997530e-01 1.39511764e+00 -5.71263433e-01
    1.73759079e+00 3.68153155e-01 1.54691994e+00 1.49318433e+00
    -6.11439347e-02 -6.82986021e-01 4.02346373e-01 -6.38737321e-01
    -5.49126625e-01 -3.40248466e-01 5.32588065e-01 1.31829786e+00
    4.57477331e-01 -4.51187611e-01 2.98358202e-01 1.16697085e+00
    3.38120759e-01 9.22673583e-01 1.44073009e+00 -5.37438631e-01
    1.73003471e+00 -6.45315230e-01 -4.65633035e-01 -2.30746746e-01
    7.10144341e-01 1.45879769e+00 -1.72209740e-01 6.64107919e-01
    1.83953047e-01 -1.19738758e-01 1.18421912e-02 1.91464305e-01
    5.57066560e-01 5.68565130e-01 -8.69945168e-01 1.97307754e+00
    1.49311686e+00 -2.39486933e-01 -6.70599341e-01 1.21275878e+00
    -7.84613848e-01 6.31779611e-01 9.33820009e-03 1.69263577e+00
    6.62889898e-01 1.91509414e+00 -5.59606671e-01 1.82133317e+00
    1.98521066e+00 -6.90341592e-02 1.31624246e+00 6.84262812e-01
    1.06377351e+00 1.92036569e+00 1.28109980e+00 1.59533739e+00
    -3.89654219e-01 -9.06801581e-01 5.50344229e-01 1.84378350e+00
    1.14498961e+00 5.66571593e-01 -6.08285725e-01 7.55650401e-01
    1.90596914e+00 -5.92864275e-01 -8.62492859e-01 -4.90854383e-02
    1.15538752e+00 1.39246178e+00 1.22123206e+00 5.32214999e-01
    1.49677753e+00 1.80583835e+00 1.78375173e+00 3.00346136e-01
    1.87771273e+00 -4.89813566e-01 -5.72376609e-01 -7.49077559e-01
    5.55105984e-01 1.90600014e+00 -6.70321822e-01 1.24978971e+00
    -7.57189095e-01 5.55358887e-01 7.98003793e-01 1.34643328e+00
    -1.00046408e+00 1.67994869e+00 1.49757683e+00 5.68121970e-01
    1.37031531e+00 2.55021572e-01 -6.31841183e-01 1.87970328e+00
    -6.17663980e-01 -9.22131300e-01 1.49112296e+00 1.31920409e+00
    1.80381560e+00 2.55557895e-01 1.41936934e+00 1.28711426e+00
    -8.09274912e-01 -6.99097812e-01 1.84113991e+00 9.54937577e-01
    -6.43585324e-01 -7.74613380e-01 4.50508535e-01 1.67806923e+00
    -8.36896896e-02 1.05309618e+00 6.92775011e-01 4.93669510e-02
    1.50075614e-01 3.66428316e-01 1.22916961e+00 1.00815845e+00
    2.84027934e-01 -1.62291527e-03 -3.85786235e-01 1.60303259e+00
    5.35542786e-01 1.68185449e+00 -7.92924464e-01 -8.62606108e-01
    1.43560123e+00 1.53142500e+00 -6.34041011e-01 8.65200162e-01
    -4.77706999e-01 -5.50864458e-01 -5.11980236e-01 1.93671274e+00
    -6.11155868e-01 9.57680643e-01 7.46007204e-01 -1.16453409e-01
    -2.54177034e-01 -8.40875208e-01 -8.32311273e-01 -6.50512934e-01
    8.19719851e-01 2.07846165e-02 -1.26768351e-02 -6.38122559e-02
    7.72672892e-01 1.07461190e+00 1.64356160e+00 -1.49540484e-01
    -1.07347667e-01 1.72914076e+00 2.55789280e-01 -8.86461556e-01
    1.90422308e+00 1.77787161e+00 1.48343682e-01 1.39126778e+00
    1.89959550e+00 1.21942759e-02 3.30012321e-01 8.85466814e-01
    1.24194646e+00 6.30263269e-01 9.22498822e-01 -6.69900835e-01
    1.09876716e+00 -2.66470194e-01 -6.45742059e-01 -5.26457131e-01
    -9.10199344e-01 9.75530267e-01 -5.97497165e-01 -5.63424170e-01
    1.26027453e+00 1.13067484e+00 4.90886092e-01 2.01039433e-01
    1.70185900e+00 -7.30393291e-01 8.92519891e-01 8.84904385e-01
    -8.96602333e-01 -4.46342885e-01 9.44327474e-01 1.15409303e+00
    8.65540922e-01 -8.51572752e-01 1.53698611e+00 6.62646890e-01
    1.37015867e+00 -3.02497685e-01 -9.25983012e-01 -8.99536192e-01
    9.84455824e-01 1.27581859e+00 1.77972400e+00 -6.63484454e-01
    -7.18451440e-01 1.06688428e+00 1.49644387e+00 9.05147791e-02
    2.69611359e-01 1.65431821e+00 1.87716544e+00 2.23598123e-01
    -4.22909021e-01 1.39648116e+00 9.22986686e-01 -8.75256658e-02
    5.65230310e-01 -1.42143846e-01 -4.17872369e-01 1.82303238e+00
    -7.85987020e-01 1.32226038e+00 1.45808887e+00 -5.95845580e-02
    1.09347725e+00 1.42736256e+00 -8.24823737e-01 1.44236159e+00
    -9.36065316e-01 -4.33778763e-02 3.25782418e-01 -6.72971249e-01
    5.09912968e-02 -2.15320289e-01 -9.75913167e-01 6.41649961e-01
    1.14218009e+00 1.15184319e+00 6.52705193e-01 3.86891067e-01
    -6.31881595e-01 -7.57080615e-01 1.34401751e+00 1.99976802e+00
    -8.27074945e-01 2.61949420e-01 7.09086597e-01 -2.99410701e-01
    6.01220727e-01 1.79053473e+00 -5.54329038e-01 -3.39465499e-01
    1.17547047e+00 -3.65621269e-01 2.65226364e-02 5.03596902e-01
    1.32765961e+00 3.82023931e-01 4.46229577e-01 -1.85425043e-01
    1.49021530e+00 -3.41538787e-02 -3.61824930e-01 -5.83145082e-01
    7.61346340e-01 3.23688626e-01 -3.74102592e-03 3.76790702e-01
    1.33277297e+00 3.11179042e-01 1.94280684e+00 3.64230633e-01
    2.79892683e-02 -4.32151556e-03 9.12643611e-01 1.14634347e+00
    -6.78631961e-01 2.24165142e-01 1.63099933e+00 -9.76484716e-01
    1.40596259e+00 1.58737946e+00 1.50743699e+00 1.34232306e+00
    1.55985093e+00 2.38137186e-01 8.65082920e-01 1.00031817e+00
    -4.29484963e-01 1.69768357e+00 -5.42510509e-01 9.27103579e-01
    -2.28869438e-01 -4.80041325e-01 -3.65063071e-01 1.84539580e+00
    1.19273329e+00 1.58653152e+00 -7.03428626e-01 4.53118503e-01
    1.21781588e+00 1.99594998e+00 3.47312391e-01 -7.87835121e-01
    6.51657283e-01 -2.35069394e-02 -4.18271273e-01 1.25302303e+00
    1.34728587e+00 -5.77096343e-01 1.61399710e+00 8.00831914e-01
    -3.72148693e-01 2.02387142e+00 -1.27128065e-01 1.19497716e-01
    1.62373853e+00 -4.51416552e-01 1.34325778e+00 1.61726415e-01
    3.16057324e-01 6.48474932e-01 4.37918544e-01 1.45374393e+00
    1.06812882e+00 -8.51579726e-01 -4.86964375e-01 1.45253778e+00
    1.04589713e+00 2.62966812e-01 -4.04496908e-01 8.59615922e-01
    -9.61525261e-01 1.24430180e-01 4.69687045e-01 3.14938009e-01
    -4.70631540e-01 8.31861496e-02 -3.06918323e-01 1.45350468e+00
    1.38681090e+00 -5.62679529e-01 -2.61610687e-01 1.67623782e+00
    1.37915671e+00 1.44279206e+00 4.75735366e-01 1.14558446e+00
    1.09552956e+00 9.46121812e-02 1.43867421e+00 6.54558420e-01
    5.38719416e-01 9.43860471e-01 -8.21276069e-01 8.94337833e-01
    -5.71346164e-01 -3.94460261e-01 1.49855912e+00 5.33450425e-01
    1.18733561e+00 1.69666052e-01 1.03079879e+00 -4.98401225e-01
    1.41957712e+00 -1.85372293e-01 1.40518796e+00 9.93736506e-01
    9.57261920e-01 1.56266356e+00 -3.02830994e-01 7.76803493e-02
    1.25966668e+00 5.31346381e-01 1.71241796e+00 4.90646899e-01
    1.75240493e+00 1.92165613e+00 1.57249880e+00 -4.09594297e-01
    7.10278809e-01 1.57465732e+00 1.98847127e+00 -2.71082640e-01
    5.62276065e-01 4.75459695e-02 1.76450634e+00 -5.89028835e-01
    -5.55996239e-01 -5.45227170e-01 1.75029600e+00 6.83879256e-01
    -6.34577394e-01 1.22826195e+00 -1.12121522e-01 2.67097950e-01
    2.04395056e+00 7.12936223e-01 4.58398223e-01 3.62764359e-01
    -5.99078536e-02 1.95069766e+00 1.16826034e+00 5.78461349e-01
    1.13812053e+00 -2.21751094e-01 1.33332348e+00 1.73140931e+00
    6.03245735e-01 1.35239208e+00 1.21066332e+00 -9.59173203e-01
    1.85966766e+00 6.52556658e-01 1.31833303e+00 1.17526126e+00
    1.24419260e+00 -4.25333202e-01 -8.00510287e-01 1.48847818e+00
    1.58812213e+00 1.46384954e+00 1.97827935e-01 6.44449830e-01
    1.31222641e+00 1.26950979e+00 1.14682686e+00 -2.42320657e-01
    4.65873778e-01 4.99070883e-02 -2.61758745e-01 1.13682187e+00
    -6.31871462e-01 -2.86032856e-01 -1.53893292e-01 1.31356013e+00
    1.78410506e+00 1.29925299e+00 2.78025508e-01 1.26154160e+00
    1.10739219e+00 1.42290640e+00 -9.48966384e-01 5.74033737e-01
    -8.77679646e-01 1.28743768e-01 8.65103006e-01 5.25059879e-01
    -2.22407579e-02 1.67623019e+00 3.90755415e-01 1.87620330e+00
    2.71787286e-01 1.24258161e-01 6.11292839e-01 1.72627497e+00
    1.74646425e+00 1.45055604e+00 -3.93044353e-02 8.13634336e-01
    -6.30751848e-02 -4.53054607e-01 1.56550884e+00 9.90091562e-02
    1.27691960e+00 -1.47678018e-01 6.11582994e-02 -8.77355456e-01
    -4.51834917e-01 1.49221277e+00 9.47040260e-01 2.48630881e-01
    -5.38773775e-01 1.09603405e+00 -6.11848116e-01 5.14497757e-02
    -8.46691906e-01 4.28094387e-01 7.28537202e-01 -6.63703024e-01
    4.99357343e-01 -1.32411718e-03 7.58198380e-01 1.55950534e+00
    1.46355844e+00 7.80742824e-01 2.28446603e-01 7.72486866e-01
    5.89663267e-01 -2.37729788e-01 -3.35492671e-01 1.17065370e+00
    1.24007571e+00 1.82181096e+00 1.14236987e+00 3.38243365e-01
    -1.71358347e-01 4.09596384e-01 1.64687586e+00 -7.87150979e-01
    4.77999330e-01 1.09488535e+00 1.35283971e+00 -3.45320165e-01
    9.45882618e-01 -7.69854188e-01 -7.06796765e-01 2.79360652e-01
    7.23088861e-01 1.79206979e+00 1.49479103e+00 -3.42773318e-01
    1.75270188e+00 -1.02770817e+00 1.29672539e+00 -3.78399968e-01
    1.51184678e+00 1.86279655e+00 2.17264414e-01 -8.14063311e-01
    2.78055012e-01 1.93590283e+00 -3.76999557e-01 1.76908517e+00
    1.54461098e+00 4.44408238e-01 6.32935762e-02 -6.88914001e-01
    2.10757792e-01 8.17458987e-01 -6.37067974e-01 1.88767099e+00
    3.34060967e-01 1.35401654e+00 -6.93858504e-01 5.97747922e-01
    -5.43132305e-01 2.90286779e-01 -1.10743344e-01 3.98724198e-01
    -8.61810982e-01 -4.77630675e-01 1.42694306e+00 3.81946683e-01
    -5.39950967e-01 -2.44940162e-01 6.01949751e-01 1.20898914e+00
    -3.99460196e-02 3.81138682e-01 -2.55115628e-02 5.05204618e-01
    5.55322647e-01 1.12709117e+00 6.53158486e-01 -5.45127153e-01
    1.38028002e+00 3.98853958e-01 2.25246429e-01 -6.91571712e-01
    -5.79626560e-02 -1.91818655e-01 -1.12376571e-01 1.06463945e+00
    4.25138474e-02 -2.54693627e-02 4.11813498e-01 3.58762503e-01
    -1.70375824e-01 -4.31157947e-01 5.69840193e-01 -4.36031818e-01
    7.16720283e-01 8.32328320e-01 3.83274674e-01 1.02001321e+00
    1.48831642e+00 1.70894194e+00 -3.88465524e-01 -3.10304940e-01
    1.49929190e+00 2.93124557e-01 9.89411056e-01 -6.80327356e-01
    5.01650929e-01 1.53397775e+00 -6.55087590e-01 1.45030582e+00
    1.91509271e+00 1.60018408e+00 1.26651728e+00 2.51900017e-01
    -3.13430250e-01 -9.39276457e-01 -2.95610428e-02 8.17367911e-01
    1.71337223e+00 5.14831901e-01 -2.29325891e-02 4.51297283e-01
    1.55583799e+00 -5.34374833e-01 -9.66644287e-02 6.13900542e-01
    -7.42370903e-01 1.92252004e+00 6.43011451e-01 -3.62342954e-01
    1.28884435e+00 -8.23888361e-01 7.51325130e-01 -1.44446969e-01
    9.85176742e-01 8.09155107e-01 1.19320488e+00 -2.67604709e-01
    -6.40810728e-01 1.92109323e+00 1.07233417e+00 -2.68590689e-01
    1.87341273e+00 8.64767194e-01 -1.65684640e-01 1.56957686e+00
    1.10368371e+00 1.48907924e+00 5.25180817e-01 5.41358590e-01
    -3.90452743e-02 1.17255497e+00 -7.92128563e-01 8.16702843e-04
    -7.69210100e-01 1.16093218e-01 7.93830097e-01 -5.51590919e-01
    1.94394433e+00 -7.33659685e-01 1.27968705e+00 -3.03811133e-01
    1.73632240e+00 -1.70500875e-02 6.50898457e-01 1.83199930e+00
    -7.01839924e-01 1.23487711e-01 6.17499352e-02 1.99447310e+00
    -4.67759162e-01 1.58269310e+00 -7.88645744e-01 1.90224040e+00
    1.65897226e+00 9.32721078e-01 7.00229406e-01 -7.94927120e-01
    -9.93651152e-03 1.73109579e+00 1.79304183e-01 -2.54829288e-01
    7.64222503e-01 -1.59487724e-02 2.98873067e-01 1.02203333e+00
    3.36421490e-01 7.14473724e-01 2.37424612e-01 1.70153165e+00
    -2.44211614e-01 3.98659706e-02 1.22220492e+00 -2.21827030e-01
    1.70166433e-01 -8.15009117e-01 -7.30684459e-01 -8.67584229e-01
    1.22202229e+00 -5.66907287e-01 1.00403631e+00 1.08091784e+00
    8.85660112e-01 -8.27434123e-01 9.42621052e-01 -1.02008045e-01
    1.46714020e+00 1.30900860e-01 1.73561144e+00 2.03451920e+00
    8.07958841e-03 -7.82491565e-02 1.83625364e+00 1.64463162e-01
    -5.07813871e-01 -2.48463154e-01 -8.08812916e-01 -8.35696459e-01
    -6.77206516e-01 1.25548995e+00 3.16227674e-01 -1.99216902e-01
    9.30948853e-01 1.08535814e+00 1.83664000e+00 1.39313269e+00
    1.41824365e-01 1.10273385e+00 -4.47865278e-01 -8.16868782e-01
    7.42204726e-01 4.33349133e-01 -6.29232526e-02 1.59590948e+00
    9.39108312e-01 3.67505670e-01 4.33172643e-01 1.29311025e+00
    5.13160586e-01 2.97657490e-01 1.33354139e+00 5.81092000e-01
    1.36463618e+00 8.97254348e-01 9.83988523e-01 9.57599282e-01
    -5.21249712e-01 -3.80619347e-01 7.52029836e-01 1.57045078e+00
    1.60465074e+00 7.50222802e-01 6.22451067e-01 -4.19765890e-01
    5.79228163e-01 1.26791430e+00 1.42822003e+00 1.70606005e+00
    1.72584176e+00 -2.89167166e-02 3.17819536e-01 1.42808044e+00
    -8.96241605e-01 1.73952079e+00 1.58753788e+00 -5.20442247e-01
    1.79261613e+00 -4.03562427e-01 1.23305261e+00 -6.21155262e-01
    -1.39247000e-01 -9.22220528e-01 1.56752241e+00 4.73366499e-01
    1.65396142e+00 -8.25730324e-01 1.70896864e+00 -1.83073342e-01
    -6.88934922e-01 -1.40106797e-01 1.22249627e+00 -1.26845837e-02
    -7.17118740e-01 5.70332825e-01 1.01251447e+00 -6.52145386e-01
    -4.62885141e-01 1.02515101e+00 9.57206964e-01 1.89971554e+00
    -9.63066697e-01 1.13641095e+00 9.33359504e-01 1.79673684e+00
    9.64472890e-02 -5.13452530e-01 4.67331767e-01 1.73299158e+00
    -8.42955470e-01 1.19552374e+00 -2.71016300e-01 5.46381533e-01
    -1.74219012e-01 5.97201109e-01 1.46213150e+00 1.58635974e+00
    -6.99896812e-01 -8.71407986e-01 1.90917861e+00 1.43708777e+00
    1.92319274e-01 -5.26904583e-01 3.00981045e-01 -7.93960452e-01
    2.05320239e-01 1.31792593e+00 -7.60031760e-01 1.55798435e+00
    1.28773057e+00 -6.18491769e-01 -1.71669424e-01 -3.98979664e-01
    8.37009549e-01 1.64632249e+00 1.45425224e+00 8.14064980e-01
    1.21284366e-01 4.80433702e-01 1.25079083e+00 -6.93454981e-01
    2.32150018e-01 1.34711862e+00 -6.93091810e-01 -2.86864042e-02
    -6.63779616e-01 7.10167050e-01 1.36625981e+00 -6.84917808e-01
    5.35066128e-01 9.10561204e-01 8.83320153e-01 1.28369570e+00
    1.69221079e+00 6.07429504e-01 1.77138412e+00 2.52067327e-01
    -6.04679346e-01 1.90137196e+00 1.06010413e+00 1.12684965e-02
    -8.56452465e-01 8.27164650e-01 8.34087133e-01 -2.41349339e-01
    8.90660167e-01 1.15804398e+00 1.87142801e+00 6.78043187e-01
    -7.89389491e-01 9.72964883e-01 9.93419945e-01 1.09505856e+00
    1.44791460e+00 7.66338050e-01 -7.14051366e-01 -7.88092375e-01
    -2.79227018e-01 -7.56293535e-03 2.29431748e-01 1.52346373e-01
    -3.65501285e-01 -1.72322392e-01 1.48699450e+00 -5.71023583e-01
    1.82177734e+00 -6.78177953e-01 -3.87076139e-02 -9.54552650e-01
    -3.86454701e-01 -2.79070079e-01 5.30539036e-01 1.31429529e+00
    -3.11349988e-01 9.13900197e-01 -1.61890030e-01 4.40440953e-01
    1.42719817e+00 -7.44668365e-01 1.75086069e+00 1.94985795e+00
    -1.20738745e-02 1.32951999e+00 2.83617377e-02 1.02505827e+00
    1.79777360e+00 1.04493940e+00 3.35618258e-01 -9.28869843e-01
    1.01959825e-01 7.95429349e-01 -2.13419914e-01 9.19953585e-01
    2.01735854e-01 -1.04462326e+00 1.87220752e+00 5.50791860e-01
    5.94777286e-01 7.70162821e-01 -5.67278981e-01 -3.12962413e-01
    8.77867341e-02 -1.08353794e-01 8.12873960e-01 -4.73463893e-01
    8.68211985e-02 -6.42972350e-01 5.70082426e-01 4.34069812e-01
    1.12838674e+00 4.67718482e-01 -4.14747804e-01 8.13924015e-01
    -4.89180624e-01 9.90989625e-01 1.73421717e+00 1.54882264e+00
    1.49391711e+00 5.09551764e-02 5.49487174e-01 1.82987905e+00
    -6.61963463e-01 -1.20445788e-01 8.90022218e-01 1.54269135e+00
    1.69604540e-01 2.05318093e+00 7.45900273e-01 -9.90653634e-02
    1.21727848e+00 1.61659455e+00 1.31139719e+00 5.22829115e-01
    6.79658175e-01 1.58794248e+00 -9.92514670e-01 3.34313273e-01
    -2.13532090e-01 1.87135828e+00 1.78686929e+00 -2.21233964e-01
    8.66135001e-01 -7.16892719e-01 -5.96696973e-01 -3.58863354e-01
    2.40777254e-01 -9.52377319e-01 1.76960456e+00 -6.12821043e-01
    1.22306502e+00 1.65583134e+00 1.67550611e+00 -8.11603546e-01
    -2.86678314e-01 8.71132791e-01 1.56208491e+00 1.28037882e+00
    1.99505031e+00 1.09154105e+00 2.63533831e-01 1.06886721e+00
    1.46636760e+00 1.44035840e+00 1.36330140e+00 1.54131734e+00
    8.85472298e-01 1.70045638e+00 1.14243793e+00 7.19021678e-01
    6.85412407e-01 -3.11762691e-02 1.12162232e+00 1.91500878e+00
    -6.18681669e-01 -5.06231666e-01 5.84109783e-01 1.59919000e+00
    1.55509603e+00 1.43211114e+00 -2.57570744e-01 1.13100767e-01
    -2.88283229e-02 1.71351016e+00 1.64597344e+00 -3.57139051e-01
    3.52459908e-01 -1.74015462e-01 3.04538012e-01 7.79357195e-01
    1.31421435e+00 7.82821298e-01 4.42989945e-01 -6.36326909e-01
    -2.60846496e-01 8.34842801e-01 1.85356736e+00 1.64227390e+00
    1.97464299e+00 9.64771330e-01 -5.58606088e-01 8.77010822e-02
    5.94758332e-01 5.41360617e-01 1.39353347e+00 5.32027662e-01
    3.86225581e-01 -5.32466292e-01 1.68412197e+00 4.45104957e-01
    2.87442446e-01 1.12650847e+00 1.61495924e+00 6.38063252e-01
    -3.50624084e-01 5.57438493e-01 1.23653150e+00 1.87889385e+00
    1.43163335e+00 1.12788510e+00 7.93512762e-01 -1.11020923e-01
    -6.27980709e-01 1.09389091e+00 -8.70344102e-01 -6.30308390e-01
    -6.08515382e-01 1.43590081e+00 4.75219667e-01 -7.58556962e-01
    7.55011380e-01 1.75618887e+00 1.08089101e+00 -3.07474494e-01
    1.06319904e-01 1.32076132e+00 1.85581994e+00 1.48803055e+00
    5.26220679e-01 3.46288681e-01 3.60927224e-01 1.04006064e+00
    1.54818964e+00 1.90419245e+00 -6.47909760e-01 4.78292704e-02
    3.71255040e-01 1.40613663e+00 1.53593266e+00 1.21241677e+00
    1.42305863e+00 1.01280653e+00 1.24723887e+00 -1.95861757e-01
    9.33070302e-01 9.22783613e-01 -8.23439360e-02 5.41979074e-03
    1.07434821e+00 1.74986720e+00 6.23685718e-01 -2.63549507e-01
    4.79680181e-01 1.77699816e+00 1.63241196e+00 2.90734053e-01
    1.85585010e+00 1.32201648e+00 3.75307083e-01 1.02955210e+00
    1.83271646e-01 1.79105282e-01 1.14268661e+00 1.65446639e+00
    -2.28553355e-01 1.29568553e+00 1.80505216e+00 -2.97522962e-01
    1.15434909e+00 1.85408545e+00 1.45022750e+00 1.37683630e-01
    1.52888465e+00 1.97908831e+00 2.93633938e-01 1.45439732e+00
    2.74337411e-01 7.46186078e-01 -7.87838876e-01 -5.18537879e-01
    1.05125570e+00 -9.68592107e-01 1.82644165e+00 -6.86151624e-01
    -7.98434138e-01 7.21412301e-01 7.07050562e-02 7.63569236e-01
    -5.01565576e-01 1.59304190e+00 1.73245764e+00 8.62979889e-02
    -4.11342442e-01 7.49103546e-01 1.06244206e+00 5.00773311e-01
    1.77467024e+00 -3.58980238e-01 -2.21459270e-01 1.43436337e+00
    5.52505732e-01 1.01061189e+00 -2.40029931e-01 -6.54825509e-01
    1.52975869e+00 -9.63056684e-02 1.15439653e+00 -2.82936811e-01
    1.17629182e+00 1.06420565e+00 1.42509937e-02 1.02014065e+00
    9.65758324e-01 5.31724870e-01 9.57851648e-01 1.91584945e+00
    -1.83234453e-01 1.28950441e+00 1.14752579e+00 -6.48625970e-01
    1.20203614e+00 1.93168759e-01 -4.15930629e-01 -7.14489698e-01
    1.44145525e+00 1.80883312e+00 -5.96758723e-02 7.50289738e-01
    1.41246676e+00 6.56098545e-01 1.81980252e-01 3.17263961e-01
    3.56734991e-02 1.24779010e+00 7.62908161e-01 -1.35244310e-01
    1.16586804e-01 -3.21380138e-01 -9.53842938e-01 1.54111695e+00
    2.63464451e-01 -9.46077466e-01 7.48650908e-01 -4.79344428e-01
    3.49765301e-01 9.77523208e-01 2.66433656e-01 -4.34663773e-01
    -2.87790895e-01 -2.08435357e-01 -5.33557415e-01 8.25112104e-01
    -4.07470405e-01 1.71616018e-01 1.03172851e+00 9.97254789e-01
    1.90119362e+00 -1.72939956e-01 -5.30498743e-01 -4.07653272e-01
    5.87439537e-02 -8.15719247e-01 1.75937462e+00 -3.74734402e-03
    1.32981443e+00 9.05519485e-01 1.94024968e+00 -3.59933257e-01
    -5.69784105e-01 -6.13794863e-01 8.32637727e-01 -8.12892914e-02
    -5.88923693e-01 -4.04635251e-01 1.13147855e-01 -2.80276537e-01
    -8.02898109e-01 8.77997100e-01 6.75118446e-01 1.44366789e+00
    6.77391887e-01 1.70257640e+00 1.33790910e+00 1.66803122e-01
    1.75108552e+00 -6.02967381e-01 8.42844248e-01 7.76015520e-02
    2.98563480e-01 -3.55673075e-01 1.44640064e+00 1.57710195e+00
    1.13477838e+00 9.71426129e-01 -1.01706278e+00 1.33442533e+00
    1.46695268e+00 -2.54518867e-01 5.47257066e-01 1.08012104e+00
    -3.86888921e-01 1.78265798e+00 1.74521303e+00 -2.37542391e-03
    6.40740752e-01 -7.09716082e-01 6.89781666e-01 -6.78985476e-01
    1.35148883e+00 -8.92885208e-01 -1.94815159e-01 1.70271373e+00
    1.54186237e+00 2.78909326e-01 1.59909105e+00 1.04938650e+00
    1.42902207e+00 1.37051225e-01 1.04378414e+00 1.20696187e-01
    -2.25614488e-01 6.87244177e-01 2.68169224e-01 1.51799273e+00
    1.98993206e+00 1.57709765e+00 -7.83422947e-01 -2.92438447e-01
    2.23286450e-01 -8.70462894e-01 -4.37931269e-01 -7.95478821e-02
    -5.93299150e-01 6.76327229e-01 3.37360859e-01 6.82693839e-01
    1.89549649e+00 8.72517288e-01 5.86888671e-01 4.06201839e-01
    1.36828530e+00 2.88992584e-01 -7.38422096e-01 2.01592398e+00
    1.33699775e+00 -1.33728445e-01 -8.02752197e-01 -4.14546967e-01
    6.68737769e-01 -1.51050866e-01 -5.84943175e-01 5.10987580e-01
    6.33982658e-01 1.74718964e+00 1.31689703e+00 9.11323369e-01
    5.20149291e-01 -1.71530128e-01 1.05042124e+00 1.34862900e+00
    1.87043643e+00 1.19868505e+00 7.79634655e-01 -9.16658461e-01
    1.57490742e+00 -2.73410082e-02 1.45519328e+00 5.06783843e-01
    1.56092572e+00 1.83074820e+00 -6.15234375e-01 1.34671617e+00
    -3.27801287e-01 1.35523105e+00 -5.80523849e-01 -5.86083174e-01
    7.35228300e-01 1.45686674e+00 7.95968711e-01 1.04077578e-01
    8.85176063e-01 1.88813627e-01 8.87987733e-01 9.83445883e-01
    1.51047707e-01 -2.88350403e-01 1.86764348e+00 1.08441114e-02
    9.05204415e-01 1.87459779e+00 9.89159822e-01 -8.62455487e-01
    8.23781610e-01 5.71712136e-01 1.04814482e+00 1.00119591e+00
    6.26276374e-01 2.22707987e-01 4.14813638e-01 8.79236341e-01
    1.23800969e+00 -5.12413859e-01 4.64970171e-01 1.71100080e+00
    3.12987983e-01 1.19818354e+00 3.36288095e-01 -4.19321895e-01
    9.62315679e-01 -3.06133449e-01 1.16422296e+00 7.12040782e-01
    1.33892977e+00 -6.32033885e-01 1.11695123e+00 1.58907974e+00
    1.39613998e+00 1.20726693e+00 6.03666067e-01 4.14309621e-01
    3.90692949e-02 9.17172074e-01 -6.04344845e-01 1.11003327e+00
    1.50553465e-01 -9.20423508e-01 -7.69836068e-01 7.06587851e-01
    4.10069585e-01 1.75019264e+00 1.73280644e+00 -7.37407207e-01
    1.02124751e-01 1.39509594e+00 1.03378224e+00 -7.60909796e-01
    2.89131165e-01 -8.61139119e-01 -7.39454687e-01 5.42556882e-01
    -5.58196902e-02 1.74004555e-01 5.82866669e-01 5.86158395e-01
    4.69351053e-01 1.16995215e+00 -8.57842982e-01 1.79482460e-01
    3.04075003e-01 -8.09019685e-01 1.94577932e-01 1.74459815e+00
    1.34429264e+00 8.41657996e-01 1.18076336e+00 -9.59185243e-01
    1.06790292e+00 -1.48631394e-01 1.00357819e+00 1.61284602e+00
    7.37535536e-01 -3.26183438e-01 1.70658898e+00 5.41458130e-01
    5.83621025e-01 1.61150432e+00 1.07053041e+00 -6.78457201e-01
    1.55641913e+00 -7.81022310e-02 1.48277593e+00 -7.55290627e-01
    8.75843406e-01 -5.72396100e-01 3.37860465e-01 8.00951898e-01
    -6.02060139e-01 8.05842161e-01 1.59488010e+00 3.82839859e-01
    1.77633941e+00 5.67741454e-01 -6.06585264e-01 9.47921038e-01
    1.34848738e+00 1.83193886e+00 6.49712503e-01 5.93584955e-01
    -1.69779181e-01 8.21607649e-01 -1.56543195e-01 -3.45383167e-01
    1.29767859e+00 1.81711078e-01 1.14911616e+00 -8.19312632e-01
    1.44256890e+00 -3.90357852e-01 1.77390587e+00 1.12520707e+00
    1.90527248e+00 -2.02745914e-01 5.88594496e-01 1.40779996e+00
    1.86599076e-01 -6.26786470e-01 -2.53422976e-01 -7.46953726e-01
    1.30244422e+00 1.03430963e+00 -7.57657647e-01 2.15989828e-01
    2.42781639e-01 1.37469196e+00 1.69385612e+00 -4.09899175e-01
    -4.11869645e-01 -3.84178877e-01 9.45296884e-01 1.94245386e+00
    1.37508535e+00 8.14683914e-01 -9.35306489e-01 1.64882267e+00
    -5.35169303e-01 8.58781636e-01 6.04884028e-01 7.02312231e-01
    -4.59000587e-01 6.04298890e-01 9.55581427e-01 4.88467574e-01
    1.82854509e+00 -1.17622375e-01 3.50930095e-01 -6.63371444e-01
    6.73875690e-01 -7.03368068e-01 1.73264086e+00 -5.32079935e-01
    9.99414563e-01 6.61379457e-01 1.40505445e+00 5.52654982e-01
    -8.93410385e-01 -1.92954838e-01 1.10658431e+00 -5.62208176e-01
    1.55905247e+00 1.82500660e+00 -7.40133643e-01 6.45070672e-01
    -8.45211983e-01 1.82896852e-01 1.32893682e+00 -4.34846997e-01
    6.21503234e-01 -6.66433275e-01 -1.19391501e-01 1.09895015e+00
    1.13717580e+00 -8.82217646e-01 7.82358646e-01 -5.27210236e-01
    4.77688313e-01 1.74623013e+00 1.16445565e+00 3.36140811e-01
    1.12718439e+00 9.51671660e-01 -6.44835293e-01 1.96683788e+00
    7.93428481e-01 3.88297260e-01 3.10579181e-01 -9.06570613e-01
    1.67291152e+00 -8.33845139e-01 -6.36914611e-01 -7.13250518e-01
    -3.00598323e-01 -1.90326571e-01 -6.77279592e-01 -6.20252311e-01
    1.20154691e+00 -4.02027398e-01 -6.46316707e-01 1.72472453e+00
    -4.30590034e-01 4.90483820e-01 1.52571476e+00 5.64355195e-01
    1.02036035e+00 1.79051948e+00 -4.65384662e-01 4.47211862e-01
    2.83808649e-01 -8.17155838e-01 1.38253260e+00 1.50948811e+00
    4.01659191e-01 -7.36201167e-01 -8.56405795e-01 8.24895263e-01
    -7.62503982e-01 -8.59191298e-01 4.10124719e-01 -4.39930856e-01
    8.21488917e-01 -9.71051872e-01 1.22016466e+00 -8.82115722e-01
    1.04810953e-01 5.15089631e-02 3.60832214e-02 2.68949032e-01
    -7.49652267e-01 6.86442256e-01 8.53538156e-01 -1.31993294e-01
    1.82638180e+00 -6.06228113e-01 4.00340378e-01 9.46779251e-02
    3.61813605e-01 -8.86021733e-01 1.29832804e+00 1.53496838e+00
    1.63281012e+00 8.03710520e-01 2.75257647e-01 7.57481873e-01
    7.34335303e-01 1.49567938e+00 -5.54913282e-02 7.70030499e-01
    -4.91581917e-01 1.70840311e+00 2.63287663e-01 1.11808288e+00
    2.52844095e-02 6.68883324e-04 8.88361812e-01 1.34507477e+00
    -8.72820020e-01 1.37665379e+00 1.98248386e-01 -4.91924405e-01
    -8.21981549e-01 1.48979402e+00 1.35689092e+00 7.58477092e-01
    -4.69403267e-02 -4.23250735e-01 3.20182204e-01 -7.69068599e-01
    -2.50871003e-01 -2.23125935e-01 1.67253315e+00 -5.69925189e-01
    -1.09800816e-01 -3.21601152e-01 -9.30949569e-01 3.37524414e-02
    2.23054469e-01 -5.30458093e-02 8.66142392e-01 1.36909950e+00
    9.28974628e-01 4.42773104e-02 1.07763565e+00 9.23830271e-01
    3.85086298e-01 -2.19368577e-01 9.16693330e-01 1.31294668e+00
    1.34722543e+00 1.16371667e+00 7.20890045e-01 1.78017735e+00
    3.50282490e-01 -4.24516976e-01 -5.50285459e-01 8.95673811e-01
    5.54748178e-02 1.04597545e+00 2.52579987e-01 8.25538874e-01
    1.60949230e+00 -5.09704232e-01 -1.55166566e-01 -5.01702487e-01
    5.54117739e-01 1.77153158e+00 1.60795915e+00 1.94037843e+00
    -3.92645895e-01 1.48372126e+00 -9.63925660e-01 7.17773080e-01
    5.40508509e-01 1.43322575e+00 1.15276694e+00 1.78631234e+00
    -8.27351570e-01 1.42545342e-01 4.50703025e-01 1.77696347e-01
    9.15142894e-01 1.82127047e+00 2.00544596e-02 1.11305106e+00
    8.98481250e-01 1.24725378e+00 -8.16867948e-02 6.43879414e-01
    1.04508948e+00 -6.44281030e-01 -5.73405802e-01 9.28867698e-01
    -6.87910795e-01 3.77328753e-01 1.79243207e+00 1.71533620e+00
    5.38459539e-01 4.12356734e-01 -6.23323798e-01 3.84810209e-01
    -1.17772818e-03 1.76569605e+00 -3.96371663e-01 5.95233917e-01
    1.95761466e+00 1.86682844e+00 -8.29647541e-01 -4.84044313e-01
    3.87944043e-01 1.67950940e+00 -1.64548039e-01 -6.92592919e-01
    -3.97788882e-01 6.55703783e-01 -5.14190912e-01 3.20217609e-02
    3.57301414e-01 1.15102804e+00 -3.64416718e-01 -3.32070887e-01
    1.55946743e+00 1.30539262e+00 1.77401876e+00 1.44737148e+00
    1.49248493e+00 8.96809816e-01 1.54362082e-01 -2.63665140e-01
    6.39900029e-01 1.26305354e+00 1.40453863e+00 3.00829291e-01
    1.75137615e+00 -3.07641447e-01 -6.07544839e-01 1.26541066e+00
    5.43006599e-01 8.57052743e-01 -8.53189170e-01 1.33753204e+00
    1.10086846e+00 5.07935286e-02 2.83188462e-01 1.01567340e+00
    8.30557048e-01 1.42440343e+00 -5.57214737e-01 7.97330797e-01
    1.09481859e+00 -7.23677814e-01 -6.85572803e-01 1.32336879e+00
    1.33796859e+00 1.90463531e+00 -7.49129236e-01 1.13181722e+00
    1.38384688e+00 1.12390971e+00 1.90905833e+00 1.68705511e+00
    8.68796706e-01 -1.75862849e-01 -1.01471269e+00 7.78846741e-02
    -6.54215217e-02 8.28745723e-01 1.65079975e+00 -6.14244223e-01
    4.59188759e-01 6.95979357e-01 -3.76984656e-01 -3.53084505e-01
    3.18440795e-02 1.41202867e+00 2.08039343e-01 -7.01162994e-01
    1.18614960e+00 1.91284001e+00 4.45376515e-01 5.61400890e-01
    8.26014280e-02 9.46514487e-01 -4.26070750e-01 -2.17683494e-01
    -7.89310455e-01 9.14707184e-01 -3.34383011e-01 -1.40680671e-01
    -1.21620297e-01 1.54722583e+00 1.63484538e+00 3.22710156e-01
    -2.52166748e-01 1.39718366e+00 -2.42255926e-01 1.20243812e+00
    1.64846754e+00 -7.07336545e-01 -3.58363688e-01 2.52409577e-01
    7.55790055e-01 1.01243949e+00 7.47312009e-01 4.55916762e-01
    1.63851130e+00 1.54480910e+00 1.00702655e+00 -5.87757349e-01
    2.78977513e-01 8.79560113e-02 3.99257541e-01 9.59797680e-01
    8.75368953e-01 1.43798900e+00 7.12178409e-01 8.74899209e-01
    6.75795257e-01 -3.46828401e-01 2.08306432e-01 1.85359871e+00
    -6.07928753e-01 8.63097847e-01 -3.27252388e-01 8.02798271e-02
    -4.67327535e-01 2.96130836e-01 -4.60658282e-01 8.95148516e-02
    2.66953170e-01 1.63686514e+00 -8.77807558e-01 6.91369772e-01
    1.91348433e+00 7.43826866e-01 1.64888573e+00 8.07485580e-01
    -5.48565507e-01 -1.74812257e-01 1.69861746e+00 2.90434718e-01
    -3.54101837e-01 1.25106072e+00 -6.40997171e-01 1.65826905e+00
    -5.94381630e-01 1.02847624e+00 -9.37788308e-01 1.46383190e+00
    9.28633928e-01 1.86437774e+00 3.78018260e-01 1.77103734e+00
    1.60285878e+00 -6.98231936e-01 1.05852926e+00 -7.72108555e-01
    -2.10505962e-01 2.31546521e-01 9.36526954e-01 1.93461192e+00
    9.70917463e-01 -3.08602333e-01 4.90485191e-01 1.73274565e+00
    1.26105273e+00 2.89406776e-01 -9.16573763e-01 2.37740159e-01
    5.16145468e-01 -9.28650260e-01 -7.88070440e-01 2.31900454e-01
    1.84077227e+00 5.20377874e-01 5.66156268e-01 2.56202340e-01
    7.56837130e-02 2.28506565e-01 1.79516363e+00 1.19327784e+00
    8.89975011e-01 1.06467342e+00 7.87876368e-01 -2.42196739e-01
    1.03821635e-01 5.51333904e-01 1.88678432e+00 1.42436504e-01
    1.31481624e+00 9.62007999e-01 2.56116271e-01 -4.82859194e-01
    1.43570900e-02 9.42759275e-01 3.21256042e-01 1.88660622e-03
    6.26464963e-01 1.42108321e-01 -2.58959532e-02 1.92473650e-01
    3.92940164e-01 1.36712360e+00 1.48577881e+00 -4.25243199e-01
    7.71226883e-01 1.15879118e+00 2.42668152e-01 -4.54689503e-01
    6.50974274e-01 -1.89464986e-01 1.39842749e+00 1.42888105e+00
    -8.49336326e-01 1.21625900e+00 1.34060538e+00 4.32310939e-01
    -4.15707052e-01 -7.32553005e-03 -2.55339205e-01 1.50255322e+00
    1.20250440e+00 6.56854510e-01 1.09473670e+00 -3.56765747e-01
    1.12931657e+00 8.15826058e-01 6.36247516e-01 1.49725032e+00
    1.20911765e+00 1.21924067e+00 2.49294043e-02 1.31118965e+00
    -5.70834279e-01 -4.75247502e-02 -3.22579384e-01 2.91815758e-01
    -4.73391593e-01 -3.35356414e-01 -6.33505642e-01 9.92835522e-01
    7.31791496e-01 1.72231388e+00 8.68609190e-01 1.17013073e+00
    -4.21748459e-01 -3.92581463e-01 1.05741692e+00 1.38792992e+00
    6.90881491e-01 1.88219726e-01 3.57629061e-02 1.63103223e-01
    -1.38496935e-01 -8.62661481e-01 2.83844471e-01 1.97502840e+00
    -3.81437659e-01 1.88477325e+00 1.52302504e-01 -6.00878537e-01
    -7.42652118e-01 4.38598633e-01 2.90434122e-01 8.99111032e-02
    -8.15724134e-01 1.31117702e-01 6.21326625e-01 3.16339850e-01
    1.04848540e+00 1.54767430e+00 5.50321162e-01 -8.39396000e-01
    8.58021021e-01 -4.44460601e-01 -6.65060699e-01 5.53928673e-01
    1.35460711e+00 -8.69745612e-02 5.55202186e-01 1.40232992e+00
    1.64190412e+00 1.01193774e+00 1.49166942e+00 1.08281338e+00
    5.16733229e-01 1.61846828e+00 4.99681592e-01 -4.92443711e-01
    -3.60740513e-01 6.36284292e-01 9.95584726e-01 1.17038715e+00
    1.60996830e+00 -4.14416313e-01 2.01596236e+00 -5.55199862e-01
    1.98100781e+00 -1.61540210e-01 -9.05357718e-01 1.04985476e-01
    -3.55974793e-01 1.29771233e-01 4.40599144e-01 4.07530546e-01
    -2.65705168e-01 -4.70217466e-01 1.39906049e+00 8.06274593e-01
    1.40202951e+00 -7.53973246e-01 8.16454351e-01 -8.51014495e-01
    1.24976683e+00 1.49193990e+00 -3.01808953e-01 -7.39451885e-01
    -7.99236894e-01 3.64839196e-01 1.60613048e+00 -5.07398248e-02
    -7.29723155e-01 -7.27837086e-01 1.04490340e+00 -7.01824784e-01
    6.17410779e-01 5.54112494e-01 3.40914309e-01 4.15589869e-01
    1.49458337e+00 7.67668903e-01 1.51617837e+00 4.92495298e-02
    8.48955512e-01 -1.05971777e+00 1.08488238e+00 5.11041880e-01
    4.76461649e-03 6.36371434e-01 5.68488538e-01 1.24794900e-01
    8.68541300e-01 1.63542557e+00 1.01425886e-01 3.11084628e-01
    6.91734791e-01 -4.40550923e-01 -8.01270962e-01 1.15944195e+00
    7.54033804e-01 1.61050868e+00 5.86119294e-01 -5.96307158e-01
    -1.73609734e-01 1.23505831e-01 -3.79520893e-01 -2.56443143e-01
    1.32836318e+00 3.42715740e-01 5.91478705e-01 -7.52138615e-01
    7.02205658e-01 1.00443804e+00 -1.81667626e-01 -5.77297211e-02
    -2.06505179e-01 -3.13942969e-01 8.72391462e-03 1.17903292e+00
    1.60313654e+00 -2.15243518e-01 -4.63289201e-01 1.71293402e+00
    1.96396387e+00 9.49577034e-01 4.66698408e-03 1.28866744e+00
    1.58573389e+00 4.21536028e-01 -2.31780767e-01 -3.11432600e-01
    3.14942837e-01 -2.28763998e-01 5.71846306e-01 5.91106713e-01
    3.88963759e-01 1.57177162e+00 1.42868757e+00 -7.79035747e-01
    6.88269615e-01 1.11778355e+00 1.46058226e+00 1.71128607e+00
    1.45794296e+00 -5.28281033e-01 -4.02036905e-01 1.85596657e+00
    1.45482183e+00 -4.89080191e-01 -4.98792529e-02 4.32046413e-01
    1.52475107e+00 -5.60701966e-01 -1.02199078e+00 2.00406194e-01
    -8.84962022e-01 1.31623030e-01 8.02054524e-01 5.08882344e-01
    -6.85443640e-01 -5.36288977e-01 7.22868621e-01 1.78790617e+00
    1.58547735e+00 -3.62691939e-01 1.65501189e+00 -9.81446326e-01
    3.32845449e-02 -4.34734404e-01 -5.60790718e-01 -7.36790895e-03
    6.23347282e-01 1.84364700e+00 1.40103936e-01 -7.53074765e-01
    -1.84456050e-01 3.40874076e-01 1.81703281e+00 1.56835783e+00
    -1.45661235e-01 7.69463539e-01 -3.18157673e-01 7.36354351e-01
    -9.52763021e-01 -2.36191928e-01 1.33882761e+00 1.46577144e+00
    1.64000273e+00 -6.69941068e-01 8.45964909e-01 7.08594620e-01
    1.05388737e+00 -5.68539262e-01 1.27842164e+00 1.90975833e+00
    1.53893185e+00 -2.05056548e-01 -9.34001386e-01 1.52838504e+00
    1.57381523e+00 -8.32871556e-01 4.10953522e-01 -6.06745839e-01
    1.78231418e+00 1.83449459e+00 -5.38884461e-01 1.75766969e+00
    1.88230515e-01 1.26357293e+00 -1.31793380e-01 -1.04008174e+00
    6.39429450e-01 -3.51705730e-01 7.13170171e-01 1.11012650e+00
    4.73099947e-01 1.38516068e-01 5.44626713e-02 1.32499957e+00
    7.91639984e-01 -7.44075418e-01 -5.17303348e-02 1.50081444e+00
    -3.06373715e-01 5.59863210e-01 -9.05779421e-01 5.33179700e-01
    6.63821757e-01 1.81843674e+00 1.75199461e+00 3.61641765e-01
    1.76445413e+00 6.06584311e-01 1.84354877e+00 -7.87876666e-01
    -7.86193490e-01 -7.71505713e-01 8.81041944e-01 1.31095171e+00
    -7.84688950e-01 1.71005893e+00 -5.74273765e-01 8.59947443e-01
    7.75932789e-01 1.06170404e+00 1.00694096e+00 1.32067311e+00
    7.97281146e-01 -3.88840497e-01 1.24567401e+00 -8.87145460e-01
    -8.55396271e-01 6.66230202e-01 6.67535663e-01 1.38396287e+00
    1.72570848e+00 1.86390936e+00 1.28516746e+00 2.60165334e-01
    1.85495663e+00 8.01096022e-01 -6.38647676e-01 7.37781525e-01
    5.73030293e-01 -1.68352723e-01 1.08935988e+00 -4.65122938e-01
    -2.88114309e-01 6.80345893e-01 -5.30442238e-01 1.08628237e+00
    1.52870131e+00 -3.53845358e-01 7.18977451e-02 -6.07322693e-01
    1.77275062e-01 1.04726470e+00 -3.28555763e-01 1.71645331e+00
    -2.72584677e-01 4.25848126e-01 1.50712335e+00 7.66681731e-01
    6.45724118e-01 6.07552052e-01 -1.49258435e-01 1.58295608e+00
    1.99511826e-01 1.58377385e+00 7.00866163e-01 1.75004339e+00
    -7.18574405e-01 1.67251396e+00 -7.24425614e-01 -8.98854733e-02
    2.13456345e+00 6.28702760e-01 1.17441475e+00 7.47747123e-01
    -8.30978990e-01 1.91639590e+00 -8.85871947e-01 7.74944723e-01
    5.27562320e-01 -8.73106718e-01 9.29689765e-01 1.24194622e+00
    1.69641602e+00 8.35118711e-01 -2.23713577e-01 -1.82355940e-01
    -5.47117710e-01 7.28853106e-01 -7.74051487e-01 -7.60245085e-01
    -8.77776563e-01 1.80082512e+00 6.76563323e-01 1.27121377e+00
    -4.67914045e-01 -3.44034255e-01 7.43845224e-01 1.01196373e+00
    -3.18309844e-01 -1.75447345e-01 9.61908579e-01 -4.47043240e-01
    6.92910790e-01 1.08883262e-01 1.75612915e+00 1.22566533e+00
    6.14633620e-01 1.60766435e+00 -7.62753069e-01 1.38014150e+00
    -8.64588559e-01 -7.49595463e-01 1.42551315e+00 -4.99357700e-01
    -6.73503995e-01 9.57406044e-01 8.93822074e-01 1.37109590e+00
    2.28950858e-01 7.68730640e-01 1.53246355e+00 -6.85349464e-01
    1.98825431e+00 2.71245599e-01 -4.87775981e-01 -8.02390695e-01
    1.07673144e+00 1.68215644e+00 -6.50547922e-01 -9.94451523e-01
    3.00473332e-01 1.29052460e+00 5.52293718e-01 -1.71902895e-01
    -9.57299352e-01 -9.33927894e-02 -5.63555002e-01 -5.69465995e-01
    1.45760012e+00 -6.65100813e-02 1.08893061e+00 1.55122399e+00
    -8.96244168e-01 1.35883832e+00 1.73756933e+00 1.85336971e+00
    7.36678600e-01 2.90117264e-02 7.81469345e-01 1.24137175e+00
    6.58373356e-01 7.48866200e-02 -3.40261936e-01 -2.84150720e-01
    1.61213851e+00 -8.15675497e-01 -1.50480270e-02 1.19107246e+00
    -7.77210474e-01 1.72538996e+00 2.69082487e-01 1.10902071e+00
    1.64368725e+00 -1.57738924e-02 2.01011777e+00 -6.51842952e-02
    5.44516444e-01 -3.52275491e-01 1.91349661e+00 1.76058936e+00
    1.71675682e-01 -8.38947296e-02 1.90301323e+00 -8.12128782e-02
    7.94110239e-01 6.63634896e-01 -2.97816277e-01 5.99133968e-02
    3.16790700e-01 1.33096766e+00 -4.03677881e-01 -7.67299712e-01
    9.88853276e-01 1.82803130e+00 -1.84667468e-01 1.12496543e+00
    1.50347900e+00 1.31045938e-01 -8.96908164e-01 9.21388865e-01
    5.91485262e-01 1.03183448e+00 1.37796533e+00 -2.54479170e-01
    6.67539954e-01 -6.72010064e-01 1.70752609e+00 6.78538680e-01
    -4.74927127e-01 3.90802026e-01 1.35248590e+00 8.05756807e-01
    9.41980720e-01 3.44309270e-01 3.77910435e-01 4.01260734e-01
    7.14360714e-01 -1.34238899e-01 -2.45186746e-01 -2.11060703e-01
    3.32046866e-01 1.62170601e+00 -7.15131402e-01 3.96422625e-01
    -4.22548294e-01 -4.71675217e-01 2.66511619e-01 -9.00332868e-01
    9.62825537e-01 -2.75419652e-01 1.58232796e+00 -6.52973235e-01
    1.21355653e-02 6.68364346e-01 1.83696496e+00 1.86978638e+00
    6.62939429e-01 -5.98042727e-01 1.85647047e+00 5.45627594e-01
    1.54103827e+00 1.01951396e+00 1.62871683e+00 3.35364640e-01
    -8.28479469e-01 5.28943896e-01 1.37844086e-01 1.21745253e+00
    8.26100290e-01 1.06103921e+00 -3.99462998e-01 -6.73946857e-01
    9.80914831e-01 3.90060067e-01 2.90812433e-01 1.43448901e+00
    1.92360175e+00 5.97494125e-01 -9.72347796e-01 1.18133450e+00
    1.34123778e+00 -7.52107739e-01 -2.68399417e-01 2.60482430e-01
    1.96386278e+00 5.72612882e-01 1.66082573e+00 -2.30533659e-01
    -5.08858562e-01 -1.60592616e-01 5.68592727e-01 6.14914119e-01
    9.17951107e-01 1.27595067e+00 9.43513751e-01 1.30777180e+00
    1.30653977e+00 2.39833593e-01 1.02783072e+00 2.00676012e+00
    1.48287296e+00 -8.64150047e-01 -8.22927952e-01 -2.47109652e-01
    1.30247414e-01 -2.05414176e-01 -8.22110772e-02 -3.30951214e-01
    1.09954798e+00 -5.02750874e-01 1.84325898e+00 1.28169656e+00
    5.39925575e-01 -5.61336517e-01 1.58980501e+00 1.27339709e+00
    2.26402283e-03 9.21852946e-01 2.06875205e-01 6.00053787e-01
    1.19843841e+00 5.67822456e-01 1.05032349e+00 1.03297877e+00
    -1.60136759e-01 1.78067303e+00 6.95986509e-01 1.33969188e-01
    9.27207947e-01 9.41341579e-01 1.33428240e+00 -8.89832854e-01
    6.07543886e-01 -9.20500696e-01 1.96330357e+00 1.12900877e+00
    -2.55698502e-01 -8.71219635e-01 1.52180696e+00 1.89871430e+00
    -6.23761892e-01 9.88248408e-01 8.20595384e-01 1.47943139e-01
    -7.67840266e-01 -7.82066941e-01 1.10059643e+00 1.57472479e+00
    2.96408892e-01 -9.62603092e-03 2.62885451e-01 1.18934441e+00
    -9.51702595e-02 -9.69873846e-01 -3.93761277e-01 -6.84922099e-01
    1.25499809e+00 1.01290059e+00 1.00646234e+00 -4.50935692e-01
    1.12920928e+00 1.61846209e+00 4.72380519e-02 1.28563166e+00
    1.35356724e-01 -1.71723962e-01 1.60139430e+00 1.24992764e+00
    -8.82296801e-01 1.06151938e+00 -1.59433663e-01 3.82411599e-01
    -9.86773372e-02 5.99258184e-01 1.75417018e+00 1.77615702e+00
    -6.07782364e-01 3.68917644e-01 -8.12455714e-01 -6.63307786e-01
    1.46772671e+00 1.78720558e+00 1.64768088e+00 1.50343633e+00
    1.75171077e+00 1.58254993e+00 1.25225091e+00 9.23704624e-01
    1.41596258e+00 4.90110755e-01 1.99845731e-01 2.75180340e-01
    1.51334977e+00 1.52603388e-02 1.28118205e+00 -5.14026999e-01
    1.12116921e+00 1.87969232e+00 1.15991306e+00 1.55595350e+00
    8.58197689e-01 1.30970597e-01 1.75729918e+00 1.57319117e+00
    1.55326128e-02 1.07011914e-01 1.55810213e+00 4.54885662e-01
    1.64719629e+00 -6.75593495e-01 -5.88512301e-01 2.63338983e-01
    1.59536648e+00 1.11332810e+00 1.38525975e+00 -8.00528944e-01
    4.93493080e-01 1.69725049e+00 -1.17859721e-01 2.35052705e-02
    -6.96630478e-01 -3.76553416e-01 6.03939235e-01 -7.20798254e-01
    1.37748921e+00 -4.46220487e-01 1.56048465e+00 5.74665785e-01
    -4.07452464e-01 1.13556862e+00 -2.78096259e-01 -8.65265250e-01
    -7.52020061e-01 6.45184040e-01 1.67040229e+00 5.37033319e-01
    -1.80573285e-01 -6.62122548e-01 3.43280494e-01 -8.04095685e-01
    1.22933805e+00 -4.73050028e-01 7.64551401e-01 -5.88446856e-03
    1.27081776e+00 2.22758055e-02 -4.00539935e-01 -8.26454759e-02
    4.87821639e-01 9.26912189e-01 6.17719173e-01 1.14800358e+00
    -6.86048090e-01 -4.27028835e-01 9.84296978e-01 6.29389524e-01
    1.83437872e+00 -5.10983825e-01 5.21195531e-01 1.55823541e+00
    1.18467498e+00 -4.55431521e-01 1.76939726e-01 6.98425770e-01
    -6.93399131e-01 1.24303162e-01 3.52999628e-01 1.32049775e+00
    1.14507580e+00 1.51898026e+00 4.25135732e-01 -7.16455340e-01
    1.12717319e+00 -7.98944116e-01 4.23980117e-01 1.65298414e+00
    1.37750864e+00 -1.40082896e-01 -7.87991822e-01 9.49270487e-01
    5.49305201e-01 7.60687351e-01 1.82167077e+00 1.26755917e+00
    1.38658285e-01 1.59031296e+00 6.66083217e-01 1.81327236e+00
    2.02784896e-01 1.81037462e+00 1.32596064e+00 -6.70890272e-01
    1.72366977e+00 1.36625838e+00 6.83135033e-01 2.13312030e-01
    1.27925694e+00 1.14175451e+00 -5.86458802e-01 6.55094385e-02
    1.06505299e+00 -5.21036744e-01 -1.55879855e-02 -1.89667463e-01
    1.68672872e+00 3.69357049e-01 -7.23447084e-01 -4.91975218e-01
    -1.74883604e-01 1.14357841e+00 9.25317287e-01 -1.10656738e-01
    2.52251863e-01 1.54402232e+00 -2.81490982e-01 -3.26972365e-01
    4.36777830e-01 1.11093986e+00 5.81551850e-01 3.47694397e-01
    -1.64937019e-01 5.53283095e-01 -1.03961289e-01 1.86525393e+00
    1.07462025e+00 4.67785358e-01 1.88644862e+00 -7.80492485e-01
    -4.33681250e-01 1.54892254e+00 1.43619323e+00 8.30756068e-01
    -3.75634491e-01 1.07523036e+00 -8.71999323e-01 -9.69873130e-01
    -6.53330684e-02 7.79848099e-02 8.85420382e-01 3.65190029e-01
    1.79524791e+00 1.89053679e+00 -4.43623126e-01 1.36616349e-01
    8.50639105e-01 -3.96331549e-01 -7.74368465e-01 1.47498190e+00
    -1.00797391e+00 5.83156943e-02 9.60106909e-01 8.39799166e-01
    -5.43715000e-01 3.76531124e-01 -2.06107974e-01 1.28706944e+00
    6.79392219e-01 1.41003072e+00 1.28808451e+00 3.91503155e-01
    1.72956824e+00 4.50537205e-01 1.90868890e+00 8.36925268e-01
    1.83033133e+00 1.07791960e+00 1.24908876e+00 -1.01893497e+00
    -7.34902024e-02 1.13870406e+00 -2.97858834e-01 1.91058278e+00
    -5.43234527e-01 -1.49384201e-01 6.59831166e-02 1.87135553e+00
    -7.61638165e-01 -2.57751524e-01 9.75721538e-01 1.60789239e+00
    -4.05738413e-01 1.74469566e+00 1.70446730e+00 2.66315877e-01
    1.00623512e+00 1.34084320e+00 1.68742657e+00 -9.36359882e-01
    7.34030187e-01 1.78848219e+00 1.43492568e+00 2.66233563e-01
    1.11057115e+00 -9.22476530e-01 7.11530626e-01 2.17629552e-01
    1.73303485e-02 1.32898593e+00 1.86425531e+00 1.03554893e+00
    -1.93343759e-01 -2.65598238e-01 -8.11826348e-01 8.33489060e-01
    -1.89403474e-01 -7.53173232e-02 -3.07893753e-03 -5.48015118e-01
    6.41529083e-01 -8.44158590e-01 8.44740152e-01 -5.65446317e-01
    -5.58472216e-01 -8.20735693e-02 5.05282283e-02 -6.65330887e-03
    -4.25152898e-01 -1.92003608e-01 1.22571039e+00 1.23834407e+00
    1.03717244e+00 1.50444674e+00 -6.84739232e-01 1.17716062e+00
    1.48561287e+00 1.56241882e+00 1.77707255e+00 -5.35332561e-01
    -6.11490011e-03 -5.36004305e-01 1.61243653e+00 -4.77304876e-01
    1.24456644e+00 -5.93170524e-01 -1.12315059e-01 8.66887391e-01
    -9.07289028e-01 3.01732540e-01 -2.31220484e-01 3.51771593e-01
    1.58585596e+00 1.66455019e+00 1.00100052e+00 -6.28394246e-01
    1.08336473e+00 1.05976248e+00 1.19755626e+00 -2.47649431e-01
    6.86671078e-01 -6.46732807e-01 -6.69534504e-01 1.44327641e+00
    3.43822718e-01 -4.04604077e-01 2.39466667e-01 1.32735837e+00
    1.68147945e+00 1.66485083e+00 -1.17548048e-01 1.32220590e+00
    -2.76723683e-01 1.07427812e+00 -8.79941463e-01 -6.48489714e-01
    -2.24815905e-01 6.42042875e-01 1.65396750e-01 8.26785684e-01
    9.19167936e-01 1.38997984e+00 5.96817851e-01 -7.06137061e-01
    1.37993670e+00 1.79771173e+00 1.41085839e+00 7.95316100e-02
    -5.15320539e-01 -1.33229494e-01 4.10647988e-01 3.48034799e-01
    7.95907497e-01 8.39119196e-01 1.18850470e-01 4.57350135e-01
    -7.64851570e-02 1.49637198e+00 1.94976854e+00 1.18280625e+00
    -9.14957643e-01 1.02723241e+00 1.34434426e+00 1.05984974e+00
    4.40313816e-01 -7.40316570e-01 1.33828545e+00 1.63347018e+00
    7.85188377e-01 5.14402926e-01 -7.48329997e-01 1.39006209e+00
    -5.27532458e-01 -3.83695722e-01 9.55338657e-01 -9.74703610e-01
    1.74664795e-01 1.72230005e+00 -3.19081664e-01 1.66254222e+00
    -9.24448371e-02 -5.27532995e-01 -9.77238715e-01 -5.18882990e-01
    8.44063044e-01 8.38178396e-02 1.06316316e+00 1.87607110e-01
    2.51043022e-01 1.96972132e+00 -5.10287642e-01 1.54822767e-01
    3.37055564e-01 1.07488465e+00 2.00142264e+00 1.22355342e+00
    3.83130789e-01 1.40758729e+00 -4.93058175e-01 1.72246373e+00
    -9.54679191e-01 1.11202407e+00 4.27746773e-02 -5.38104057e-01
    3.74184966e-01 5.09805560e-01 -2.28582263e-01 2.45893002e-01
    1.28205490e+00 1.02225947e+00 6.07278585e-01 -1.35674596e-01
    -1.59689724e-01 3.04259062e-02 -4.30755913e-01 4.62387502e-01
    -4.53362823e-01 1.11238551e+00 2.99428105e-01 1.81525850e+00
    7.84097254e-01 1.46299517e+00 1.61599553e+00 1.10630834e+00
    -6.34669840e-01 1.83766377e+00 1.20112777e+00 1.33258557e+00
    1.37994504e+00 5.40556192e-01 9.56604064e-01 1.12174511e+00
    4.32870626e-01 5.44700623e-02 -7.89483726e-01 1.10876346e+00
    1.43100882e+00 8.94424319e-02 -8.79585147e-01 1.83455801e+00
    1.44676793e+00 4.92169976e-01 -1.64921105e-01 6.15203619e-01
    1.14811623e+00 -2.24035323e-01 2.73058355e-01 1.26358223e+00
    1.01138377e+00 1.70725203e+00 -7.06744432e-01 -4.95393872e-02
    1.15228391e+00 2.72965908e-01 -2.26148367e-01 6.27668738e-01
    -2.60564089e-01 7.16881752e-02 9.12935853e-01 1.06347311e+00
    -1.48390889e-01 1.47664642e+00 1.32170391e+00 -5.75527251e-01
    4.53082323e-01 4.47219431e-01 9.27569509e-01 1.12292981e+00
    -3.02663147e-01 5.55741429e-01 1.43849611e+00 1.62265706e+00
    9.94871140e-01 1.89056373e+00 4.29739773e-01 7.16076672e-01
    -2.14304924e-02 -5.32848716e-01 1.36399245e+00 -3.45644116e-01
    1.11299109e+00 -6.13128603e-01 1.86643362e+00 1.00838614e+00
    -7.10557044e-01 1.25027966e+00 8.52391779e-01 1.54994571e+00
    6.25237465e-01 9.12606120e-02 1.41478240e+00 2.49263883e-01
    1.11978412e-01 -1.03591812e+00 -1.64855719e-02 -6.50977731e-01
    -9.27848101e-01 4.38800931e-01 2.75804400e-01 6.32859111e-01
    -5.84699392e-01 7.37256050e-01 -2.26840436e-01 -4.29515719e-01
    9.51269329e-01 3.91914725e-01 -4.57527101e-01 -4.92755204e-01
    -5.40793657e-01 -5.44239759e-01 7.38553226e-01 -5.99191070e-01
    1.52095366e+00 -6.90262318e-02 -5.55516422e-01 1.27590370e+00
    9.96053219e-01 -1.89144313e-01 -4.54909295e-01 1.69901371e+00
    1.25013018e+00 -7.99475193e-01 -2.96803236e-01 1.22234440e+00
    3.20010722e-01 1.57446241e+00 1.77590442e+00 2.80496061e-01
    -5.97921252e-01 1.03436518e+00 -9.36371624e-01 1.53498125e+00
    -3.88619721e-01 1.31288612e+00 -7.12337255e-01 -7.53678322e-01
    -2.70653188e-01 -9.28724349e-01 1.70476532e+00 1.30180454e+00
    5.97279191e-01 -4.32153612e-01 -5.30030370e-01 -6.37535810e-01
    -9.42593098e-01 -6.63366735e-01 5.33068895e-01 1.42620003e+00
    -3.06620777e-01 -3.69792998e-01 -9.33984756e-01 -3.08669627e-01
    -3.30623984e-01 1.56799829e+00 1.78357732e+00 1.31056976e+00
    1.48613977e+00 7.95653582e-01 1.92660022e+00 2.19276667e-01
    1.94411933e-01 1.53834260e+00 6.28650248e-01 1.38498402e+00
    6.04024231e-01 3.04314792e-01 -4.82402653e-01 -8.09151649e-01
    1.65120018e+00 7.96723366e-03 7.28987932e-01 -9.82514024e-01
    3.64637971e-01 1.27336073e+00 1.55395055e+00 9.66410935e-01
    1.07898474e+00 -5.37882566e-01 -4.51994598e-01 -9.69762802e-01
    -6.02837503e-01 1.78551412e+00 1.82008410e+00 5.36465645e-01
    2.61154175e-02 1.73421884e+00 4.08614278e-01 -6.65539145e-01
    -8.16142201e-01 1.70516491e+00 -1.38552248e-01 8.09750736e-01
    -7.76661694e-01 1.46621561e+00 7.42498517e-01 -8.33047867e-01
    1.62366235e+00 7.71359682e-01 1.71408176e-01 -6.24899030e-01
    1.60296249e+00 -2.05243349e-01 1.05117416e+00 1.30378699e+00
    5.62861562e-01 1.27906036e+00 6.56169951e-01 1.35375881e+00
    6.73652530e-01 -5.12400568e-01 1.16079867e+00 -2.87045300e-01
    -3.89935374e-02 8.08571935e-01 8.56233716e-01 2.04093456e-01
    -5.45387864e-02 3.41186523e-01 4.23646152e-01 8.96192491e-01
    9.31648612e-01 1.30454898e+00 6.28102124e-01 -6.15813792e-01
    9.79629695e-01 1.80740356e-02 9.98206735e-02 4.74119902e-01
    1.21177113e+00 9.83260274e-01 1.13937378e-01 1.58301139e+00
    3.33051682e-01 1.44701040e+00 9.29377198e-01 -6.64337873e-02
    1.28377962e+00 -6.06795192e-01 1.16165483e+00 -7.65956759e-01
    9.20142472e-01 3.92459273e-01 -4.50511783e-01 7.20879257e-01
    2.05787969e+00 -1.69168293e-01 1.13542390e+00 1.06964219e+00
    2.12497473e-01 1.35303450e+00 1.33674669e+00 1.17314637e-01
    6.36988580e-01 1.95880580e+00 1.06177092e+00 -6.99396253e-01
    2.86812782e-01 1.46949947e+00 1.10701466e+00 3.75601649e-01
    -8.54730010e-01 7.93214917e-01 3.79585624e-01 -3.20824921e-01
    1.36685896e+00 6.77774370e-01 1.18873143e+00 -9.66930628e-01
    1.27346528e+00 1.59425759e+00 8.88095379e-01 -3.54480088e-01
    -6.01839542e-01 4.51785922e-01 -6.91784620e-02 -2.26356566e-01
    -3.95512760e-01 2.92817593e-01 1.01906562e+00 1.23442590e+00
    1.78237391e+00 6.14218593e-01 -7.59519100e-01 2.75088668e-01
    6.67331219e-02 1.69594193e+00 1.61715460e+00 -7.90818155e-01
    5.60117781e-01 1.34196281e+00 -5.86507082e-01 1.12884581e+00
    -8.40053082e-01 1.71417296e-01 -6.78494453e-01 6.08147383e-01
    1.71742570e+00 -8.80652666e-02 1.46642673e+00 9.39783692e-01
    -8.90428722e-01 -7.31153488e-02 1.41585588e+00 -3.53063881e-01
    1.04905045e+00 -4.11549211e-02 -9.21110988e-01 9.58792686e-01
    2.57013917e-01 -7.08028078e-01 1.09094739e+00 -8.43189120e-01
    1.73637080e+00 4.90948439e-01 1.19303823e+00 -2.51986384e-01
    1.46539211e-02 1.66976094e+00 -7.30175257e-01 1.72118652e+00
    1.42218173e+00 5.17509997e-01 1.39960659e+00 1.19842136e+00
    -3.09760809e-01 -6.55074835e-01 -5.53534091e-01 -3.88380706e-01
    1.34681928e+00 9.78948295e-01 -4.46239114e-01 1.00779033e+00
    1.04422247e+00 -1.51514411e-02 -1.73598468e-01 -8.93762171e-01
    3.82820785e-01 3.14032435e-01 -6.68607235e-01 1.10350347e+00
    1.46500766e-01 -7.00535178e-02 -3.47935557e-02 -8.86784434e-01
    1.03046417e-01 1.40092432e+00 -1.44028783e-01 1.71626639e+00
    -4.95311499e-01 8.86322856e-01 8.63333941e-02 1.44363332e+00
    1.20531774e+00 5.89904070e-01 7.85871506e-01 2.32623339e-01
    1.74117756e+00 8.32467198e-01 6.79808021e-01 -3.80516052e-04
    1.22557545e+00 -2.56554306e-01 -4.61063743e-01 -1.09347701e-02
    1.71128607e+00 -2.69408405e-01 -9.00676847e-01 1.08715844e+00
    2.27452040e-01 6.29088640e-01 1.40857160e-01 1.14423800e+00
    -3.16063166e-01 1.66749954e+00 1.11799073e+00 1.37949097e+00
    -8.36435258e-01 -8.48067880e-01 -4.97205079e-01 9.07177091e-01
    4.89061236e-01 -4.18889195e-01 7.47169256e-01 6.50732458e-01
    6.66369855e-01 1.14830649e+00 -6.58883452e-01 1.54532433e+00
    6.84476614e-01 1.69747829e+00 5.82096696e-01 5.86500883e-01
    7.11191237e-01 7.01543987e-01 -5.46451211e-01 1.03131390e+00
    1.26056862e+00 5.55693328e-01 2.74067521e-01 -1.21412814e-01
    1.09304738e+00 1.02063751e+00 9.55634296e-01 5.95356464e-01
    -6.51116014e-01 8.14839125e-01 3.78195763e-01 1.74346876e+00
    1.52768004e+00 1.38023162e+00 6.56336069e-01 1.41714752e+00
    1.62096000e+00 -3.59762490e-01 9.04442489e-01 -1.11026585e-01
    4.35585856e-01 1.40943980e+00 1.11408806e+00 1.32316351e+00
    1.95225883e+00 7.56863475e-01 4.54275131e-01 8.87678027e-01
    1.72562981e+00 4.76032495e-02 1.79069269e+00 -4.74681616e-01
    6.69537067e-01 8.29982758e-01 -8.43797088e-01 1.68115258e+00
    1.45951176e+00 -1.48103297e-01 -2.14423954e-01 -2.03420639e-01
    -2.37393618e-01 1.31078482e-01 1.59276772e+00 6.43265128e-01
    2.19664931e-01 1.63451934e+00 1.26621926e+00 1.74994195e+00
    3.55700254e-02 -1.34877741e-01 1.10204995e+00 1.39118290e+00
    1.03434944e+00 9.66044068e-01 7.21921563e-01 9.99063611e-01
    -5.07996380e-01 1.55180740e+00 1.70748258e+00 7.24472165e-01
    4.26486731e-02 1.69653559e+00 1.47121727e+00 5.55248857e-02
    5.18479705e-01 3.34673703e-01 3.34729850e-01 -7.64040768e-01
    -1.68146074e-01 -6.85820699e-01 1.54785407e+00 -4.57528770e-01
    1.70337903e+00 6.21608377e-01 -1.93645835e-01 1.28089893e+00
    1.41044831e+00 1.24076962e-01 -9.51012135e-01 -4.06255066e-01
    2.00213480e+00 1.75401592e+00 1.49590135e-01 -6.94332123e-02
    1.08144641e-01 1.91793776e+00 4.95433331e-01 -6.63683057e-01
    1.84309447e+00 7.93636322e-01 1.61352372e+00 8.44787598e-01
    8.42390776e-01 9.16775823e-01 4.11228180e-01 -6.30266964e-01
    4.72940207e-01 1.70625615e+00 3.98851395e-01 6.24363720e-01
    4.79003787e-01 5.84246755e-01 4.25007284e-01 -4.75755781e-01
    -4.17349935e-01 -3.32686305e-02 2.33502984e-01 9.66711521e-01
    9.72988009e-02 1.97732627e+00 1.31015193e+00 -7.93176353e-01
    -9.16326463e-01 -9.52519178e-02 -3.22311640e-01 3.00867558e-02
    8.78764033e-01 9.68064189e-01 1.41863966e+00 1.19941926e+00
    7.45811343e-01 -1.73974812e-01 3.96047115e-01 5.57042241e-01
    1.48235214e+00 2.64041066e-01 1.81985557e+00 9.88971353e-01
    7.88758516e-01 -2.88302302e-01 3.15335631e-01 -5.08975029e-01
    -8.81907821e-01 1.48056912e+00 9.15828943e-01 -8.91130865e-01
    -7.82285213e-01 9.91218686e-01 6.47797108e-01 7.22131014e-01
    -5.13115346e-01 9.07687783e-01 1.73184633e+00 1.03343928e+00
    -1.06050539e+00 5.62409163e-01 4.83045220e-01 2.02417791e-01
    -5.83165288e-02 -8.39340687e-02 8.08532655e-01 -4.47171360e-01
    -5.81612289e-01 8.22104692e-01 1.32972550e+00 6.25759959e-01
    1.36130977e+00 -4.13160384e-01 3.26513290e-01 1.49292278e+00
    1.90883875e-02 5.68945765e-01 -7.41257071e-02 8.64602566e-01
    -3.59441996e-01 -1.55154467e-01 1.18051887e+00 1.58032060e-01
    8.90409350e-02 3.90067697e-02 1.90414071e-01 9.05071259e-01
    -7.77784050e-01 1.16818452e+00 1.01732194e+00 1.03540230e+00
    1.58516562e+00 8.96098852e-01 1.35069132e+00 -9.23577070e-01
    1.45303082e+00 6.96801126e-01 1.05788326e+00 1.25456631e-01
    -6.49177611e-01 -9.39988971e-01 1.18019509e+00 2.85421610e-02
    1.29415345e+00 -7.02877939e-01 1.96186876e+00 6.70964718e-02
    -6.12332821e-01 6.21691167e-01 -6.09488487e-01 -7.45651245e-01
    1.05012715e+00 4.54052031e-01 3.19297850e-01 1.13590586e+00
    1.46403646e+00 -1.58096075e-01 -4.26597446e-01 -8.51147532e-01
    1.72289884e+00 4.36983645e-01 -1.07308149e-01 -7.14558363e-01
    1.60874152e+00 1.37523830e+00 -5.62416673e-01 1.34651589e+00
    1.28841352e+00 1.60744643e+00 1.53325009e+00 -1.15954399e-01
    3.45401645e-01 -1.76843882e-01 9.56805289e-01 1.47157490e-01
    1.48855090e+00 6.89659119e-02 1.92145646e-01 2.81765461e-01
    1.75469398e+00 5.77980936e-01 -7.50714779e-01 -2.79278159e-02
    1.06877947e+00 -3.94873798e-01 1.57365465e+00 -9.98153090e-01
    2.81389236e-01 7.82108307e-03 3.29025328e-01 1.68762112e+00
    4.85425711e-01 2.67825902e-01 1.22033191e+00 1.84317446e+00
    -4.59037662e-01 3.07570636e-01 1.60137367e+00 5.41750908e-01
    1.74089551e+00 1.92833960e-01 2.91156828e-01 5.13587236e-01
    -2.70053625e-01 1.44125223e+00 1.33211398e+00 1.92152214e+00
    1.22934675e+00 1.79031229e+00 7.17196465e-01 7.42329478e-01
    1.36054265e+00 1.69455576e+00 1.87487352e+00 1.03839040e+00
    2.75754333e-01 -7.28725672e-01 1.64122963e+00 -6.03446543e-01
    9.95045006e-01 7.62534738e-01 3.16313982e-01 1.15137196e+00
    -8.52744758e-01 1.44944930e+00 -1.05379570e+00 1.01192713e+00
    -8.52682590e-01 -3.49208891e-01 8.25053573e-01 4.96936083e-01
    1.36292458e-01 -1.99266315e-01 -7.85042644e-01 -3.62901628e-01
    6.78614557e-01 6.86392486e-01 -1.41861796e-01 -1.46751821e-01
    -3.73040676e-01 7.57540822e-01 6.08469605e-01 1.38808620e+00
    4.22462940e-01 1.85023427e-01 -8.42259467e-01 5.18894315e-01
    1.22910488e+00 -6.99357152e-01 1.11534739e+00 1.62284994e+00
    1.49237204e+00 1.80055833e+00 1.97156310e-01 3.75474811e-01
    4.81487393e-01 -3.41176987e-01 1.04682052e+00 1.05350482e+00
    2.91125238e-01 -5.24251878e-01 9.38805163e-01 1.48213673e+00
    1.75205469e-02 1.48120570e+00 3.83282900e-01 5.77934384e-01
    7.81624675e-01 -1.19904280e-01 1.23100889e+00 1.68900394e+00
    1.57408345e+00 -9.53123212e-01 7.17744708e-01 -6.14048660e-01
    2.71677494e-01 1.92259884e+00 1.67156041e+00 1.61785674e+00
    1.28289378e+00 1.12319124e+00 1.42192435e+00 -7.75873899e-01
    -7.66025662e-01 -4.03552651e-02 1.91601372e+00 6.53973162e-01
    1.90346706e+00 -1.81836843e-01 2.70932674e-01 1.54753041e+00
    -7.91364849e-01 -7.67926693e-01 1.19635224e-01 -6.15924537e-01
    -1.53366923e-02 -3.02988529e-01 1.12201750e+00 1.12691939e+00
    -1.47817552e-01 -8.96597505e-01 8.21213722e-02 -8.67884338e-01
    1.63276994e+00 -8.79734397e-01 5.60766935e-01 1.56894243e+00
    1.38833833e+00 4.75842535e-01 1.40280902e+00 1.96622920e+00
    -4.24961746e-01 -1.60368681e-01 1.32231379e+00 2.39317954e-01
    1.68099260e+00 -6.81807399e-02 -7.88207412e-01 9.47940469e-01
    -1.58880591e-01 -5.99117875e-02 -8.52071226e-01 -8.72897863e-01
    7.23477423e-01 1.55595529e+00 4.66033697e-01 3.56385589e-01
    1.53213131e+00 -7.24563956e-01 1.83421814e+00 1.91465247e+00
    -9.55184639e-01 1.08328032e+00 -4.09990668e-01 1.77746511e+00
    -6.02627397e-02 9.59849358e-02 -6.53008103e-01 1.51864243e+00
    -6.00218534e-01 6.87258005e-01 2.55484581e-01 4.47904766e-01
    1.50037444e+00 5.68345189e-02 2.22010970e-01 3.25852513e-01
    6.79293036e-01 4.16161418e-01 1.90466952e+00 2.23994255e-04
    7.88417459e-01 1.69976008e+00 1.57557845e-01 -6.92371607e-01
    1.01403022e+00 1.44273055e+00 1.60464108e+00 9.17169690e-01
    4.34402764e-01 5.69738984e-01 5.50730228e-01 7.09329545e-01
    1.47334337e-02 3.79405856e-01 4.87992227e-01 1.55846739e+00
    7.02060461e-01 9.12686229e-01 8.31590772e-01 7.72206068e-01
    9.85475898e-01 -7.61521459e-02 1.59179735e+00 2.31493354e-01
    -9.55814719e-01 1.52856159e+00 3.31415355e-01 -6.73307180e-01
    9.03535366e-01 4.01414692e-01 -5.63409090e-01 1.96665585e-01
    1.55918849e+00 1.67859137e+00 1.54976249e-01 -6.48248553e-01
    -6.79480553e-01 3.73514414e-01 6.72934771e-01 2.28290200e-01
    -8.31734896e-01 -5.93180895e-01 2.80716181e-01 2.03436422e+00
    -2.02364266e-01 8.37543845e-01 1.32353067e+00 6.51925802e-02
    1.32358623e+00 1.00567007e+00 8.95442069e-01 1.36793172e+00
    1.12131524e+00 7.43935525e-01 -7.15215862e-01 1.14756513e+00
    -3.38516176e-01 1.33799958e+00 -4.16569382e-01 4.69286203e-01
    -1.10451102e-01 -2.87980914e-01 -4.57353592e-01 -4.78070199e-01
    1.07728982e+00 6.61958396e-01 1.86697698e+00 3.83055508e-01
    7.68842340e-01 1.92588902e+00 1.64212620e+00 -6.07704282e-01
    4.93898451e-01 1.53762841e+00 -5.83233058e-01 2.27034152e-01
    -1.65991247e-01 -3.38733971e-01 1.06879544e+00 1.86029649e+00
    -4.69345450e-01 1.62503815e+00 -6.20827556e-01 1.12193823e+00
    1.16195202e+00 5.63381314e-01 7.13951170e-01 1.10000062e+00
    7.34984279e-01 -6.82362795e-01 9.47100759e-01 3.76102686e-01
    1.08162439e+00 3.35224509e-01 6.30928159e-01 1.70343995e+00
    1.72480583e+00 -9.35701311e-01 1.72588849e+00 1.65595794e+00
    -6.32178783e-01 -8.36199403e-01 9.68272567e-01 -3.03756416e-01
    7.95136690e-02 -5.40162563e-01 -4.92483974e-01 -2.09650397e-02
    1.64941478e+00 5.03648102e-01 -2.75609672e-01 -5.40198267e-01
    1.69132853e+00 2.92356014e-01 1.14066887e+00 1.20620847e+00
    1.79320145e+00 -7.04728723e-01 -1.56388402e-01 -3.20624828e-01
    -6.31799579e-01 1.40361524e+00 -5.25293350e-02 1.54751575e+00
    -1.54783726e-01 1.38153565e+00 1.15063846e+00 1.19585097e+00
    -4.62633252e-01 -5.03202677e-02 -5.88648319e-02 6.74116969e-01
    1.83421564e+00 1.21792173e+00 5.85608482e-02 1.20481205e+00
    3.50354314e-02 -4.03685510e-01 1.87839627e+00 -3.39672506e-01
    8.95750046e-01 -3.12055886e-01 1.62592745e+00 4.50597763e-01
    -5.82939982e-01 5.30518889e-02 8.09977055e-02 8.93738151e-01
    1.28457248e+00 8.97003651e-01 2.94684410e-01 1.90768528e+00
    -4.65295970e-01 5.75725436e-01 1.95107317e+00 1.24492741e+00
    -8.62175882e-01 1.30615354e+00 1.87792647e+00 -1.00632632e+00
    1.65140629e+00 1.57720435e+00 1.09285676e+00 -2.68067300e-01
    1.30617619e-01 9.04230416e-01 1.61098671e+00 -4.28623557e-02
    -2.71060407e-01 1.31993675e+00 2.10124373e-01 1.27784848e-01
    3.19212437e-01 1.04076827e+00 -1.02993023e+00 1.08881950e+00
    -7.35402346e-01 1.11782134e+00 7.79476047e-01 9.96188760e-01
    5.72315812e-01 1.92475164e+00 -9.91901219e-01 1.93710923e-01
    1.49217916e+00 2.85892069e-01 2.32495785e-01 9.24780667e-01
    1.36436319e+00 1.39812005e+00 3.04359198e-02 1.30485439e+00
    -3.20648313e-01 -2.32969165e-01 1.23957789e+00 1.80793238e+00
    1.34746587e+00 2.62751102e-01 -6.85745239e-01 1.90187430e+00
    9.14774060e-01 5.49446702e-01 -1.00486708e+00 -4.24369931e-01
    3.31467390e-01 4.51605439e-01 -6.92212105e-01 1.60048878e+00
    1.01097536e+00 7.43136525e-01 9.25376654e-01 1.67318702e-01
    -2.44376242e-01 3.16588044e-01 1.20098114e-01 1.10269475e+00
    1.58262146e+00 -7.38936186e-01 -2.98500061e-01 -7.16366649e-01
    -2.32567966e-01 -5.20102501e-01 -1.02861822e-01 1.90105748e+00
    -3.39931667e-01 5.96686125e-01 1.97546911e+00 4.19090927e-01
    7.27544427e-01 4.71818328e-01 1.21558428e-01 5.27683496e-01
    6.39217496e-01 2.73135543e-01 6.96413517e-02 1.31035459e+00
    1.47317767e+00 -5.85160136e-01 1.11383402e+00 -3.51355851e-01
    -4.20480847e-01 1.87027574e-01 5.35494089e-01 -5.98294735e-01
    -3.39266002e-01 -2.33855069e-01 1.05686593e+00 -1.97271943e-01
    1.55838883e+00 -1.20300055e-02 -7.68257678e-01 7.69489765e-01
    8.41358244e-01 -7.07623839e-01 1.46421444e+00 7.53364325e-01
    -1.85399055e-02 1.75102711e+00 5.93029737e-01 1.01603401e+00
    -8.98665428e-01 1.57599425e+00 -1.48398757e-01 1.76185679e+00
    1.42593133e+00 -4.42417383e-01 1.17446041e+00 1.01609719e+00
    1.66098595e+00 1.10074615e+00 9.46604013e-02 4.35239553e-01
    1.94761395e-01 -7.23571301e-01 9.34809923e-01 -9.04997885e-01
    9.10416007e-01 5.42454243e-01 1.45754445e+00 1.62401807e+00
    -7.57520616e-01 -3.56071651e-01 1.37125278e+00 -4.29307163e-01
    1.91257954e-01 4.48808968e-01 1.53296137e+00 1.20807743e+00
    1.81892085e+00 7.31304288e-01 7.83416033e-02 1.41060293e+00
    1.54383421e+00 1.18976724e+00 1.65685713e+00 3.20495963e-01
    -9.51977015e-01 2.53236771e-01 1.65652740e+00 1.48758078e+00
    -6.77245975e-01 5.67156017e-01 -7.32093632e-01 -9.18873549e-02
    1.27879739e+00 2.84485519e-01 -1.87329054e-02 -5.15980244e-01
    -6.56058550e-01 9.34522748e-01 9.51625764e-01 -2.15347767e-01
    3.02143037e-01 1.24682069e+00 2.26709008e-01 -7.64099121e-01
    1.78645086e+00 -8.51344943e-01 -2.24395990e-01 1.16023099e+00
    2.20565856e-01 1.00199437e+00 1.77722144e+00 1.26319480e+00
    -7.51943767e-01 1.64231122e-01 1.56785762e+00 1.32568848e+00
    3.83935571e-01 2.21336782e-01 1.05304432e+00 2.85001993e-02
    1.08060539e-01 1.31900203e+00 4.39018965e-01 1.16703343e+00
    4.51568365e-01 1.83451724e+00 1.35551274e-01 1.35868692e+00
    1.13317537e+00 8.96074533e-01 8.54219258e-01 -4.14503694e-01
    1.82596004e+00 -2.16752648e-01 1.40671504e+00 1.05774581e+00
    3.39024305e-01 -9.09496129e-01 5.53847432e-01 2.58649468e-01
    3.66387606e-01 -8.04125965e-01 7.11458564e-01 1.85365617e+00
    1.08222198e+00 7.46143758e-01 -6.42402768e-02 -6.39417648e-01
    -8.22200000e-01 -3.60463262e-02 -2.05864727e-01 -3.44206810e-01
    1.62004840e+00 -2.18100548e-01 1.37402606e+00 -6.70485854e-01
    1.07554734e+00 1.80597138e+00 2.18996286e-01 1.21698368e+00
    1.10833740e+00 8.98763597e-01 -4.45125997e-01 1.76783204e+00
    -7.05734730e-01 -6.65861845e-01 1.59857631e-01 1.40606344e+00
    1.82499886e+00 -6.70666516e-01 1.88132906e+00 1.37712121e+00
    2.20816612e-01 1.46979892e+00 -2.10737288e-01 8.08123589e-01
    1.16318274e+00 1.30122995e+00 -5.85552216e-01 6.58530116e-01
    1.04887247e+00 -8.56702209e-01 -7.27042675e-01 -4.57766056e-01
    8.59467924e-01 6.41286373e-04 1.19307220e-01 9.34036553e-01
    6.00243807e-01 1.57778442e-01 1.39630270e+00 4.06688571e-01
    1.90075111e+00 3.86010289e-01 1.43100619e+00 -9.55153286e-01
    8.01866353e-01 9.95704055e-01 8.44096005e-01 -9.95483577e-01
    -8.10152292e-01 1.39693546e+00 -5.94196916e-02 -7.05134869e-01
    2.93359280e-01 -3.62147927e-01 9.66023207e-02 1.08474159e+00
    -3.77302051e-01 1.39617610e+00 -5.05176008e-01 5.59543371e-01
    1.02554679e-01 9.77528453e-01 7.22295284e-01 -4.26966906e-01
    1.75735402e+00 -4.70472932e-01 1.50568902e+00 -7.94952869e-01
    2.99372673e-02 -6.44788206e-01 1.39701545e+00 1.40439200e+00
    1.16055691e+00 1.43843985e+00 1.15000892e+00 1.20825815e+00
    -2.63572276e-01 -1.74073160e-01 9.74167883e-01 1.71711087e+00
    2.02200913e+00 -1.01727843e-02 1.69387627e+00 -7.25603104e-02
    -1.38388872e-01 1.93254852e+00 -9.08209264e-01 6.04828656e-01
    -6.76062346e-01 -8.81727576e-01 -5.53049326e-01 7.66701221e-01
    4.49391246e-01 1.56294036e+00 1.71370780e+00 1.10106754e+00
    1.31130719e+00 1.73457551e+00 6.97382450e-01 -2.47307837e-01
    1.49195588e+00 1.59638524e+00 4.50776815e-01 1.08366203e+00
    1.79774487e+00 -6.93269849e-01 -4.96228516e-01 -8.57029557e-01
    7.52584338e-02 -6.86469316e-01 1.18970513e-01 1.44416273e-01
    5.78296363e-01 5.29057980e-01 5.34119666e-01 -7.71005690e-01
    5.66138506e-01 -7.10394979e-01 -7.98861265e-01 1.77396953e+00
    3.70181262e-01 1.94419742e+00 1.13155293e+00 -1.49923980e-01
    -3.28919351e-01 1.67639089e+00 7.13889599e-02 1.02005649e+00
    1.79192698e+00 -5.38687527e-01 2.95068860e-01 1.04473984e+00
    -3.62482667e-02 9.43052292e-01 1.43557394e+00 -6.08422637e-01
    1.86684763e+00 -5.43993115e-02 1.18949056e+00 1.67797446e+00
    1.70726275e+00 8.06622446e-01 1.08599043e+00 3.88312519e-01
    -3.79956305e-01 1.33056474e+00 1.90772593e-01 1.15134192e+00
    6.10467434e-01 1.73693442e+00 -8.96027744e-01 -1.72146678e-01
    -2.88718581e-01 1.82119715e+00 9.02180910e-01 1.11871505e+00
    1.80118752e+00 1.77865863e-01 -2.61885524e-01 1.05430353e+00
    -1.59326315e-01 1.43301845e+00 -4.06412780e-01 -8.00379872e-01
    1.89271021e+00 -5.51629066e-01 7.93790817e-02 1.84585905e+00
    1.49212563e+00 2.48746276e-01 5.24227142e-01 1.07204807e+00
    1.49485111e+00 -5.34199595e-01 -3.30218554e-01 -2.89059579e-01
    -5.40785730e-01 -1.54673457e-02 1.36971521e+00 -7.63387561e-01
    9.04454410e-01 5.61554551e-01 3.65057945e-01 1.76928020e+00
    -4.85877991e-01 1.11185420e+00 1.15947437e+00 1.55011094e+00
    -4.47423100e-01 1.31080651e+00 1.25033164e+00 -3.06726813e-01
    -4.46140826e-01 1.48363137e+00 6.27645135e-01 1.44543052e-01
    1.54798603e+00 1.57302451e+00 -9.42014456e-01 1.68768430e+00
    1.39415431e+00 -4.67098653e-01 1.43469393e+00 1.28071594e+00
    -5.24271727e-01 -4.93599504e-01 1.88841283e-01 1.23744488e-01
    -9.18545425e-01 -4.66830730e-02 8.95790815e-01 1.32824326e+00
    1.60872841e+00 3.75959277e-01 1.27537012e-01 -4.20350492e-01
    1.70165575e+00 -6.08985722e-01 -5.15099645e-01 -9.63356018e-01
    -1.66932404e-01 1.28840387e+00 3.81041646e-01 -5.67035735e-01
    1.52679706e+00 4.66776371e-01 -2.04463005e-02 5.43239117e-02
    1.03358364e+00 -1.25136018e-01 1.53561318e+00 -9.59942102e-01
    5.95525265e-01 -5.70073128e-02 9.01754141e-01 1.55270338e+00
    -7.10817456e-01 -4.67619240e-01 1.66468298e+00 -3.82752895e-01
    8.30520272e-01 1.87177932e+00 1.81098247e+00 -3.79541337e-01
    1.35593438e+00 -3.78284931e-01 3.25259924e-01 1.17455614e+00
    4.42140937e-01 3.32684636e-01 -6.97471797e-01 1.02353883e+00
    1.03936136e-01 1.21898246e+00 -4.45654988e-01 -5.69696307e-01
    1.14487171e+00 5.40324330e-01 7.31466293e-01 3.37880313e-01
    -9.38939452e-01 -3.76648486e-01 2.07707822e-01 2.03432918e-01
    8.86226118e-01 1.78171730e+00 1.38215959e-01 1.15621126e+00
    -4.90243614e-01 1.50877440e+00 1.86851096e+00 7.54642367e-01
    -4.83620822e-01 -4.60747004e-01 1.25974405e+00 4.29340601e-01
    -2.47324705e-02 -7.69283533e-01 1.77372456e-01 8.19398165e-01
    1.80626392e+00 1.47053099e+00 7.35951662e-02 1.92801785e+00
    7.19821751e-01 1.21074939e+00 9.35435116e-01 -4.67289299e-01
    8.07411849e-01 -8.16260993e-01 -6.84258997e-01 -7.26808190e-01
    9.98541772e-01 1.29070866e+00 -6.15667701e-02 1.93490469e+00
    4.63153243e-01 -2.78404474e-01 -2.05262423e-01 8.62298131e-01
    1.13174915e+00 -2.94739962e-01 2.12462187e-01 -2.53588259e-01
    -4.91261661e-01 1.37089264e+00 -5.90555727e-01 1.43496597e+00
    -8.38314831e-01 5.39558470e-01 5.55790663e-01 -7.15706766e-01
    1.93005049e+00 -9.19676304e-01 1.91786838e+00 -4.31706727e-01
    8.65830779e-02 1.35077167e+00 1.19935715e+00 1.60879529e+00
    1.31611633e+00 8.25064063e-01 1.58302248e+00 3.88626099e-01
    1.75276065e+00 1.69784439e+00 -2.86597133e-01 -3.65855992e-01
    6.74277544e-02 -7.27917552e-01 1.92524469e+00 -5.22259891e-01
    -1.14657879e-01 -7.81017900e-01 1.31164408e+00 -2.47384548e-01
    1.04994583e+00 -2.36309290e-01 1.77491200e+00 -5.90636671e-01
    2.41783857e-02 9.40985680e-01 4.02973354e-01 1.39245772e+00
    1.55038106e+00 4.14878845e-01 4.30259228e-01 1.57367074e+00
    1.18399012e+00 1.68511331e+00 8.96752238e-01 9.55952168e-01
    -7.06899166e-03 1.16142988e+00 -6.27979636e-01 -9.94619548e-01
    1.27629113e+00 1.13863027e+00 -5.62706947e-01 2.99616456e-01
    1.65577126e+00 1.60477972e+00 -2.81902373e-01 1.60902226e+00
    -2.23459423e-01 8.07583869e-01 5.48164904e-01 1.99386597e+00
    9.94788468e-01 -7.18505740e-01 4.35241818e-01 6.44324064e-01
    -7.79049516e-01 2.34525859e-01 -9.10995185e-01 1.93700504e+00
    2.80503035e-02 9.66858268e-02 5.88806152e-01 -7.65156507e-01
    1.53179908e+00 1.08751249e+00 1.16084182e+00 8.84315968e-01
    1.70603395e-01 9.62032795e-01 -3.20260227e-01 -8.27741265e-01
    1.22592485e+00 1.73335731e+00 1.44775486e+00 1.47808361e+00
    1.67303932e+00 7.82113910e-01 6.81468964e-01 -3.10193419e-01
    1.06771684e+00 1.28090477e+00 2.00743258e-01 -8.22751403e-01
    -5.24711430e-01 8.57557595e-01 8.95353317e-01 1.22081709e+00
    -7.55050719e-01 3.36521864e-02 5.50787687e-01 -4.37533855e-02
    4.47511554e-01 1.35356784e-01 1.88988698e+00 1.66745257e+00
    3.26623857e-01 6.85819030e-01 2.46562362e-01 9.49235380e-01
    -4.97102171e-01 1.06341958e+00 7.69672215e-01 -8.97755146e-01
    1.34712636e-01 1.50886559e+00 1.01160371e+00 1.51466191e+00
    3.91146898e-01 8.01908374e-01 1.46671987e+00 1.63679373e+00
    1.06176627e+00 1.66872454e+00 1.28654325e+00 1.49660623e+00
    1.47357202e+00 -3.62889469e-01 -6.56295300e-01 -4.03497159e-01
    -8.66770625e-01 1.25812125e+00 -1.02267444e+00 1.10715866e-01
    -2.58504152e-02 3.65256906e-01 1.65181482e+00 3.69087458e-01
    1.66219831e+00 -3.37278962e-01 -2.25101650e-01 6.88018382e-01
    1.27040768e+00 8.23046565e-02 -4.44885671e-01 -4.56824899e-01
    8.58415127e-01 -5.91673613e-01 1.41128016e+00 7.43787646e-01
    1.06529093e+00 4.20124292e-01 8.95422101e-01 -6.81467593e-01
    1.55418611e+00 1.89688039e+00 8.14916730e-01 2.60700166e-01
    -3.79828453e-01 7.85648346e-01 -6.26632571e-02 1.14635670e+00
    -5.51525712e-01 1.87314141e+00 -5.55914044e-01 -8.36114585e-01
    -8.59852493e-01 1.92877984e+00 1.50683284e+00 -7.34172225e-01
    8.72871101e-01 1.00982952e+00 2.49744833e-01 1.35257828e+00
    9.94961023e-01 -3.74228120e-01 -7.18642712e-01 8.61392379e-01
    -3.96511614e-01 1.41944158e+00 -1.42967045e-01 -7.48589993e-01
    1.42841518e+00 7.54659295e-01 -4.97008085e-01 -1.06473494e+00
    1.69402528e+00 5.23190618e-01 1.86885631e+00 -4.56808984e-01
    2.24945903e-01 -7.07053065e-01 6.27318382e-01 -2.77115643e-01
    6.96279287e-01 1.22831762e+00 -6.78215444e-01 1.71161127e+00
    -4.83291984e-01 1.54304612e+00 1.55139518e+00 3.12371552e-01
    9.21830535e-01 1.21933413e+00 1.74418449e-01 -3.71389270e-01
    4.09834146e-01 3.89882803e-01 1.26981223e+00 -6.27963006e-01
    8.36836219e-01 -6.04911387e-01 -8.54834437e-01 3.28040898e-01
    7.30909705e-02 1.06391132e-01 8.30106735e-02 7.43436933e-01
    2.42020071e-01 8.76168013e-01 -6.42021477e-01 -1.71872795e-01
    6.86612964e-01 7.27947235e-01 1.07116950e+00 1.85594320e+00
    4.78533745e-01 -7.91311622e-01 3.20854783e-01 4.01614904e-01
    1.59249711e+00 1.79767585e+00 -2.90777326e-01 8.34531724e-01
    1.38488126e+00 7.94699013e-01 2.00139546e+00 -6.10545814e-01
    2.08385277e+00 3.60127509e-01 3.28017831e-01 -4.31203842e-02
    3.92057538e-01 4.45930719e-01 -3.31149340e-01 -7.09176838e-01
    2.69681692e-01 1.95521545e+00 1.88985872e+00 -6.63649559e-01
    -2.31850147e-02 6.22003913e-01 6.83789790e-01 8.91774118e-01
    2.77804255e-01 -8.92100036e-01 3.50939751e-01 7.15339422e-01
    1.57027006e+00 6.79604411e-02 5.28682470e-02 7.34442651e-01
    -1.69857562e-01 1.37347138e+00 -5.11563957e-01 -6.68207109e-01
    2.90471315e-02 -6.17301643e-01 1.38729632e-01 1.04303122e+00
    2.54417777e-01 7.23916173e-01 1.06143963e+00 1.75469506e+00
    1.00606453e+00 -9.23837304e-01 4.97180343e-01 3.32489491e-01
    1.87846863e+00 -9.31401432e-01 5.91046333e-01 8.51390839e-01
    9.32052493e-01 -4.99139428e-02 1.71787202e-01 -1.94017112e-01
    -5.81377685e-01 -7.29883790e-01 3.44962835e-01 4.08040106e-01
    -9.24494684e-01 1.88109648e+00 9.80516732e-01 -1.55201614e-01
    1.81030059e+00 -6.25295460e-01 -6.07901275e-01 4.13747191e-01
    1.43560374e+00 3.65134597e-01 1.29005361e+00 -3.73971879e-01
    1.40329564e+00 1.63487041e+00 1.77005875e+00 6.19591832e-01
    6.35713458e-01 2.72841096e-01 3.80695820e-01 1.73766196e+00
    1.42361462e+00 -8.40847790e-01 3.60941470e-01 1.76981425e+00
    9.93043423e-01 1.63680124e+00 4.51002717e-02 2.11462379e-01
    5.81181645e-02 6.20732486e-01 1.31820309e+00 -6.59812927e-01
    9.08214450e-01 3.26863945e-01 3.63349915e-01 1.41156983e+00
    5.53875148e-01 -6.83043718e-01 6.29609227e-01 -1.87476397e-01
    1.73658848e+00 -4.46756899e-01 1.44297755e+00 -5.79352379e-02
    1.11018729e+00 4.08496141e-01 1.71868825e+00 -4.83365059e-02
    9.73917723e-01 1.62606537e-01 1.60173774e+00 8.00631642e-02
    1.02069318e-01 1.51853681e+00 1.50840282e+00 1.34421992e+00
    1.77496850e-01 6.04023457e-01 5.41845202e-01 1.57279575e+00
    1.19096851e+00 -6.40685678e-01 -5.77628613e-03 5.87165356e-01
    -6.57475114e-01 4.70662475e-01 -9.82608318e-01 8.44022989e-01
    -4.92841721e-01 1.45759261e+00 1.79435849e-01 5.43711782e-01
    1.33103931e+00 1.48342037e+00 -7.58908391e-02 -7.68072367e-01
    -8.00892472e-01 1.41864562e+00 -3.34307969e-01 4.44452882e-01
    1.01203799e+00 1.07467413e+00 8.77199888e-01 1.34684098e+00
    1.55179083e+00 8.99044871e-01 6.25199199e-01 -7.90857077e-01
    3.28379393e-01 1.52787304e+00 -6.69045508e-01 -6.25951290e-02
    1.82221568e+00 5.68672180e-01 1.26163507e+00 1.96712422e+00
    1.55292451e+00 -4.00556922e-01 8.54734421e-01 3.79117608e-01
    3.17438364e-01 1.42264366e-01 -1.93075061e-01 -9.01054919e-01
    1.89256155e+00 -8.14571559e-01 8.00939262e-01 -4.03885722e-01
    -6.14967942e-01 1.26970828e-01 1.09450829e+00 4.74943817e-01
    1.71373796e+00 -8.26488972e-01 6.81285858e-02 -7.89196372e-01
    1.82816708e+00 8.19495618e-01 1.10033762e+00 1.23448312e+00
    1.12081003e+00 1.48349440e+00 1.58397019e-01 1.33514476e+00
    1.78300285e+00 1.74349988e+00 1.87967277e+00 -9.00044978e-01
    1.92360020e+00 5.66242695e-01 -6.05899096e-01 1.28103530e+00
    3.64586592e-01 -5.32325029e-01 -6.10785544e-01 1.72969055e+00
    1.15105319e+00 4.01199102e-01 -1.94820404e-01 2.84958124e-01
    -3.22674274e-01 4.69954848e-01 1.17651021e+00 3.10350060e-01
    -4.98766422e-01 7.26612687e-01 -4.20499146e-01 -1.84005737e-01
    1.55347919e+00 8.61175060e-02 2.32519031e-01 6.90398693e-01
    2.23734379e-02 1.84058368e+00 1.58841336e+00 1.09905005e-01
    2.13181019e-01 4.19849634e-01 1.07657814e+00 -4.89219427e-02
    9.90647674e-01 2.26226807e-01 1.69606185e+00 1.51712799e+00
    8.39916527e-01 -8.88503909e-01 -8.56791317e-01 8.76558602e-01
    -5.59610128e-01 1.24361336e-01 1.31261694e+00 1.31709957e+00
    1.45723414e+00 1.38099778e+00 1.97817516e+00 1.39009213e+00
    1.88903713e+00 7.18512237e-01 5.83752990e-01 -6.15246832e-01
    -1.32217348e-01 3.10814917e-01 4.65564847e-01 1.91933012e+00
    1.16051257e+00 -4.27859306e-01 -1.03737891e-01 7.66849637e-01
    1.83424389e+00 1.45374918e+00 1.72846580e+00 7.17532277e-01
    6.79767370e-01 -4.23967659e-01 -4.44762707e-02 -2.24070191e-01
    6.01278543e-02 7.09819674e-01 6.73510134e-01 -4.73472267e-01
    3.59024405e-01 -8.37364793e-01 1.35531139e+00 -5.98884940e-01
    -3.27317357e-01 5.36416411e-01 6.96524620e-01 6.63022041e-01
    -9.24398482e-01 1.47795177e+00 2.40233302e-01 1.54080200e+00
    1.12125373e+00 1.09483552e+00 4.93457854e-01 7.42138684e-01
    5.72005868e-01 6.55822396e-01 1.30839872e+00 1.02540350e+00
    1.86576724e+00 1.90597320e+00 -8.25086236e-01 1.40417695e+00
    1.06156659e+00 -7.44662762e-01 3.75855327e-01 -3.36696923e-01
    1.31652832e-01 1.46213102e+00 8.16512287e-01 2.12526917e-01
    -3.51014733e-02 -2.23183393e-01 1.13649559e+00 -6.07881665e-01
    1.56672454e+00 6.39209747e-01 -1.65160239e-01 1.22704470e+00
    8.42084885e-01 3.18348408e-02 1.85876262e+00 -9.83831286e-01
    -2.29320407e-01 1.37675643e-01 3.47718000e-02 1.17034519e+00
    1.07570720e+00 -4.71422911e-01 1.10451078e+00 6.55044436e-01
    1.10286343e+00 -6.14633560e-01 -4.06175435e-01 -7.71108091e-01
    -3.01422358e-01 1.33507729e+00 -2.66699255e-01 1.91784811e+00
    -5.87205172e-01 1.67407632e+00 1.06564999e-01 1.13888180e+00
    1.22373557e+00 -6.07481003e-01 1.54254949e+00 1.25602579e+00
    1.71490967e+00 1.62526691e+00 -5.84920466e-01 -8.97009671e-01
    -1.03092313e-01 5.95912457e-01 7.28473663e-01 -2.81541586e-01
    3.73043180e-01 -7.33866453e-01 -3.84477973e-02 6.44162774e-01
    7.43052125e-01 -7.70767689e-01 -6.18117213e-01 1.41556227e+00
    1.15433192e+00 1.20898390e+00 6.31285429e-01 3.51528049e-01
    4.01192546e-01 1.28074908e+00 4.81459141e-01 1.25132465e+00
    1.21968734e+00 -5.07625520e-01 4.67125416e-01 -6.81930244e-01
    9.55812573e-01 7.27568030e-01 -6.49236679e-01 1.50984430e+00
    1.63424015e+00 1.28717852e+00 1.33060050e+00 1.82065344e+00
    -2.44621038e-02 -1.41262829e-01 7.07669020e-01 1.36327946e+00
    -9.54050064e-01 -8.72442067e-01 1.68324780e+00 7.15221047e-01
    -4.40104604e-01 9.82105672e-01 8.35646987e-01 7.46790767e-01
    6.05684936e-01 -8.27162504e-01 1.04548216e+00 7.55230784e-01
    -9.19222414e-01 1.46835732e+00 1.35622644e+00 8.47204208e-01
    1.16833162e+00 1.55283833e+00 7.43983150e-01 4.64416146e-01
    -1.01244533e+00 1.24531150e-01 1.95928454e+00 8.12481701e-01
    -6.06107950e-01 -1.26264155e-01 6.11755133e-01 -5.44270396e-01
    -8.14020634e-01 1.41830754e+00 1.62305689e+00 1.44352937e+00
    -3.15914035e-01 1.59975290e+00 -7.17516661e-01 1.69726849e-01
    8.27000916e-01 1.53292954e-01 2.02479541e-01 -3.40157390e-01
    -8.14231515e-01 1.53657889e+00 1.70441437e+00 -7.72768915e-01
    8.68393660e-01 -2.63501406e-02 3.67243767e-01 8.43374133e-02
    1.07168853e+00 1.32900131e+00 -2.95491338e-01 1.68487000e+00
    1.81523061e+00 1.86012197e+00 -4.28236246e-01 -1.59854293e-01
    1.78069568e+00 1.88738418e+00 6.11724555e-01 1.14498711e+00
    1.99187016e+00 6.71955585e-01 -9.59648192e-01 4.88744438e-01
    -1.27532423e-01 1.25961113e+00 1.46377158e+00 1.44005859e+00
    -5.48542976e-01 1.86656833e+00 1.91949844e-01 1.15404081e+00
    1.62265801e+00 1.52699947e-01 -1.32955968e-01 7.82860994e-01
    1.35261154e+00 -3.11947048e-01 1.21852374e+00 4.24203515e-01
    8.59209180e-01 -2.47731030e-01 -8.27079594e-01 -4.04314727e-01
    5.57187974e-01 4.56174910e-01 -1.43767595e-01 1.02397013e+00
    8.07024002e-01 -5.97717702e-01 1.45477259e+00 8.67535591e-01
    1.10913205e+00 1.58993638e+00 1.54093146e+00 9.33153629e-02
    1.79716754e+00 -5.16044199e-01 -5.48372030e-01 1.33454442e+00
    1.64337432e+00 8.87240529e-01 8.33268404e-01 1.51543832e+00
    -3.34644616e-01 -5.39769948e-01 1.75226820e+00 2.52699137e-01
    8.82628322e-01 1.74641109e+00 -7.32115507e-01 -7.77706027e-01
    1.53697407e+00 9.53480005e-02 1.79270339e+00 4.14730072e-01
    9.57123876e-01 -1.48048937e-01 4.06997621e-01 1.74251652e+00
    3.72842252e-01 9.86508429e-01 -5.10149062e-01 -2.29215801e-01
    -2.98084140e-01 -1.62347317e-01 -6.97020173e-01 1.54169011e+00
    6.67573273e-01 1.04147315e+00 1.47180927e+00 -7.01856613e-03
    -2.08160639e-01 1.84349358e+00 -8.11927497e-01 -9.35096860e-01
    1.25704527e+00 5.31484604e-01 1.56688917e+00 -1.01360941e+00
    1.61562669e+00 1.84001291e+00 1.83476615e+00 5.56294322e-02
    9.36420798e-01 1.04777694e-01 4.64389145e-01 -4.19392824e-01
    3.05017531e-01 -1.14464343e-01 1.01720011e+00 1.50101733e+00
    -1.11999750e-01 1.73009896e+00 6.23147488e-02 1.18049598e+00
    -8.89271498e-01 -1.10256791e-01 1.02581620e+00 2.41219044e-01
    1.63427353e-01 -4.59978759e-01 -8.59593928e-01 -6.64117694e-01
    1.76050735e+00 4.64708090e-01 2.31451392e-01 1.86770010e+00
    2.53804266e-01 1.31959844e+00 -9.87394035e-01 3.98466110e-01
    1.92059803e+00 8.91742229e-01 3.49288702e-01 -4.02042329e-01
    7.87992835e-01 -4.97042447e-01 2.01257181e+00 1.96061492e-01
    9.15681839e-01 9.10213530e-01 1.56872225e+00 -2.14983940e-01
    6.19552016e-01 -3.88661265e-01 -1.07924914e+00 8.45957160e-01
    6.73344135e-01 -2.58039057e-01 2.98211098e-01 -1.00089765e+00
    -9.89153266e-01 -1.21351838e-01 3.87248814e-01 6.67742491e-01
    5.24462342e-01 1.78859067e+00 -8.47636938e-01 -6.13194108e-01
    1.24166131e+00 1.71155751e-01 -7.72229493e-01 -2.09404469e-01
    -7.63419867e-01 1.40653312e+00 1.41568184e+00 2.31293440e-01
    1.22806907e-01 1.52946591e+00 9.66607213e-01 -1.00385904e-01
    6.76726580e-01 -4.24360752e-01 1.04464376e+00 -1.04954994e+00
    1.47997153e+00 1.41341877e+00 1.45528090e+00 5.93631744e-01
    1.10537159e+00 1.31286645e+00 3.96180451e-01 -4.03354049e-01
    1.22478604e-02 1.56746387e-01 4.44388747e-01 1.48790073e+00
    -5.75769663e-01 1.50181890e-01 -5.52655697e-01 9.14719522e-01
    1.37174559e+00 5.68085194e-01 1.25715590e+00 6.16773427e-01
    1.02803421e+00 -2.92125583e-01 1.81433380e-01 1.14440441e+00
    9.43735957e-01 -9.40304816e-01 7.21024275e-02 1.08722341e+00
    3.94198537e-01 4.42210436e-02 1.34220040e+00 1.30407202e+00
    9.95797992e-01 -2.18275130e-01 -6.78758740e-01 -8.36189508e-01
    -8.19275081e-01 1.68936133e+00 4.59251404e-01 1.38210607e+00
    3.44992280e-01 1.87717807e+00 -9.81135428e-01 -2.96374500e-01
    -3.48425806e-01 1.00637698e+00 4.83135045e-01 -6.05107784e-01
    -5.84980845e-01 1.67325592e+00 1.64960694e+00 1.01838386e+00
    -3.40303183e-02 -4.81947064e-02 1.01341450e+00 6.62656307e-01
    1.45402074e-01 4.25614715e-01 1.86559141e+00 -3.86370301e-01
    6.26397133e-03 -2.97466576e-01 1.35283053e+00 9.94606137e-01
    8.77188325e-01 3.22551668e-01 -6.63796902e-01 -2.97184944e-01
    3.00189137e-01 1.70719218e+00 6.81338131e-01 -9.37706828e-01
    3.31101060e-01 1.08331013e+00 4.36599612e-01 1.05512500e+00
    -3.30734253e-02 1.49569488e+00 1.28099632e+00 1.92164826e+00
    -1.39014184e-01 -6.10951841e-01 5.34247756e-01 -1.73730135e-01
    5.47927976e-01 1.53201807e+00 1.89290977e+00 2.08394051e-01
    8.81669700e-01 -2.11933255e-02 1.23490572e+00 -7.35187531e-03
    1.52274013e+00 6.12108648e-01 3.37049961e-01 -5.45539379e-01
    -9.58600223e-01 5.47101974e-01 1.94054842e-02 -4.51299399e-01
    -3.17190886e-02 6.59643412e-01 1.38725162e+00 5.20786047e-01
    4.95173335e-01 1.02895713e+00 -6.24906540e-01 -3.84265721e-01
    1.87230515e+00 -6.42254472e-01 8.45264554e-01 1.14028049e+00
    -4.55285430e-01 -4.90689993e-01 6.53086066e-01 8.04344773e-01
    -2.56938934e-01 1.70589375e+00 -5.10289669e-01 9.96516824e-01
    -6.87939882e-01 -3.70499492e-02 5.97711623e-01 8.77522469e-01
    5.81200123e-01 1.77880764e+00 8.12149704e-01 1.62892962e+00
    1.81258655e+00 1.55447996e+00 -1.51740611e-01 1.15848601e+00
    5.45824170e-01 7.80828714e-01 2.05635071e-01 1.82629752e+00
    1.84961307e+00 1.76271987e+00 -6.20810449e-01 1.78274417e+00
    5.19964576e-01 1.48973608e+00 -5.18083572e-04 1.60981572e+00
    5.47500014e-01 6.41330361e-01 1.45625591e-01 1.87568736e+00
    -1.02960467e-01 1.41504526e+00 3.94935966e-01 1.59291315e+00
    4.58113551e-02 7.25325942e-01 1.46807325e+00 -4.15957451e-01
    1.13443804e+00 8.84183943e-01 -5.00524521e-01 4.43153262e-01
    1.56794393e+00 1.43319058e+00 7.33286917e-01 -6.74162447e-01
    -7.73344398e-01 6.77817523e-01 6.61915183e-01 2.96247005e-01
    -4.24258381e-01 -5.40309668e-01 8.69194150e-01 1.59791768e+00
    1.25023246e+00 1.16422582e+00 7.81086922e-01 -5.34171045e-01
    -8.32894564e-01 -6.42622352e-01 1.62360191e-01 2.91852117e-01
    -2.06854343e-02 -2.76113153e-01 6.02792263e-01 6.87930346e-01
    -4.96417075e-01 8.85055244e-01 -8.57263923e-01 1.22254586e+00
    -9.07438993e-03 -8.82022560e-01 -6.06438279e-01 1.36118102e+00
    1.50280929e+00 -2.63007104e-01 1.57671475e+00 1.98000526e+00
    1.42153192e+00 2.13013291e-02 4.10202920e-01 1.04330671e+00
    -3.73400092e-01 1.23576736e+00 1.03249931e+00 1.86244249e-01
    -9.02454495e-01 -2.38226354e-01 -7.36854911e-01 8.46380532e-01
    -4.06748056e-02 1.08770072e+00 4.82394695e-01 1.37519503e+00
    -2.88853645e-02 2.51832008e-01 1.23577332e+00 6.69116497e-01
    -5.84008098e-01 3.64535213e-01 -9.31432009e-01 9.92775977e-01
    4.21169698e-01 5.00088990e-01 -9.22532678e-01 7.91685402e-01
    1.87148213e+00 -1.35060906e-01 7.25400805e-01 1.86465609e+00
    1.70594871e+00 1.98207092e+00 1.83262372e+00 1.02418303e+00
    -2.56500244e-01 -4.01116848e-01 1.58654666e+00 1.63843703e+00
    1.13231719e-01 1.84496641e-02 7.07343042e-01 1.55602956e+00
    -1.10161304e-01 1.58240008e+00 2.37151027e-01 1.01634717e+00
    3.63343835e-01 -4.31830287e-02 1.95564210e+00 1.89267993e-01
    -8.13094974e-01 1.16782463e+00 -7.47335196e-01 1.35473263e+00
    9.99765396e-02 -8.00590515e-02 -6.42308414e-01 -1.05364323e-01
    1.37743080e+00 1.29918075e+00 2.01299191e-01 1.09591091e+00
    7.18154430e-01 7.88233161e-01 -7.03555107e-01 1.35287547e+00
    -9.16649759e-01 -1.78082943e-01 2.06067801e-01 -1.95539534e-01
    1.99512982e+00 1.62884271e+00 -3.79840434e-01 8.94048810e-01
    4.14516330e-01 5.83328426e-01 5.98145723e-01 1.61795568e+00
    4.66909111e-01 3.21740568e-01 4.92631853e-01 9.55777764e-01
    5.25645316e-01 9.41203952e-01 1.02881563e+00 1.54503226e-01
    1.35165596e+00 6.01289153e-01 -5.21504223e-01 1.63707471e+00
    1.46128535e+00 -6.27633691e-01 6.60899997e-01 6.62544489e-01
    -1.45421267e-01 1.14604747e+00 -5.87909639e-01 4.62641835e-01
    -8.72810125e-01 -6.89123869e-01 6.91425622e-01 -3.32994282e-01
    1.51233912e+00 1.66601479e-01 6.03116393e-01 2.83941329e-01
    -5.46242714e-01 1.56004012e+00 -8.67315948e-01 1.07819331e+00
    -6.21730447e-01 -6.07608199e-01 1.53049111e-01 1.63636398e+00
    4.70618129e-01 1.38776898e+00 -4.09442425e-01 8.59514952e-01
    -8.19836318e-01 1.15551651e-01 -8.19618762e-01 2.80563712e-01
    1.12045670e+00 2.62591243e-01 -2.24889934e-01 1.13542747e+00
    -5.25872350e-01 -4.26349580e-01 3.25756013e-01 1.05140281e+00
    -7.72489309e-02 5.13440251e-01 -1.43539131e-01 1.41092467e+00
    -2.17750490e-01 -1.41280413e-01 8.19386482e-01 1.69692683e+00
    1.09998178e+00 4.97043788e-01 5.04974127e-01 1.29714084e+00
    -7.49552846e-01 1.45846140e+00 8.22204649e-01 8.30486417e-01
    1.71350050e+00 1.06083703e+00 -3.35169137e-01 -5.71550786e-01
    3.91147077e-01 1.75145924e+00 7.63829350e-01 -7.08759427e-02
    1.34011209e-01 1.72623217e+00 -7.21514285e-01 1.15059495e-01
    2.60684848e-01 -6.77341342e-01 -8.89974833e-02 7.28674769e-01
    4.80903149e-01 1.67643809e+00 6.22875690e-02 -9.68680918e-01
    -5.77147245e-01 -4.71626043e-01 1.37647533e+00 1.82763100e+00
    1.75082004e+00 -3.17233741e-01 -1.38657212e-01 1.74967206e+00
    -7.31274486e-01 1.15585232e+00 1.03077245e+00 -8.35391998e-01
    1.21956563e+00 -9.00544882e-01 1.25441241e+00 -4.59078610e-01
    -6.03439212e-01 3.66704345e-01 -4.11706150e-01 1.33097112e+00
    1.91001272e+00 1.61133230e+00 7.76860714e-02 7.92014003e-01
    1.81452179e+00 9.34842587e-01 -4.41354513e-01 1.56900620e+00
    1.57834971e+00 1.79868460e+00 1.47725666e+00 -1.06088138e+00
    9.57009673e-01 1.17620230e-01 1.03678071e+00 -3.00703168e-01
    -4.77098048e-01 -6.52842522e-01 -3.36171091e-01 -3.21341634e-01
    1.95435381e+00 1.33668935e+00 1.47667110e-01 -3.49446297e-01
    2.85342932e-01 -1.64212108e-01 7.72797406e-01 7.82767713e-01
    1.12614775e+00 1.13882685e+00 -5.82125902e-01 -8.19391727e-01
    2.01984525e+00 1.14871192e+00 -5.11626244e-01 -6.55775428e-01
    1.53355598e-01 -7.61018991e-01 -1.42841637e-01 -6.96039140e-01
    -1.60104394e-01 1.72068739e+00 1.20954418e+00 8.21775973e-01
    1.16148138e+00 -4.51255023e-01 1.04783022e+00 1.37493348e+00
    2.27524757e-01 2.69533932e-01 -3.84496212e-01 6.60982907e-01
    9.73310769e-01 1.92744851e+00 3.12192559e-01 1.35653973e+00
    5.35946369e-01 1.90252328e+00 9.16666865e-01 -5.29523015e-01
    5.26211083e-01 -3.36408317e-01 1.17313242e+00 -7.48127222e-01
    7.54006505e-02 2.69545496e-01 -3.94419909e-01 3.78509104e-01
    1.87364948e+00 -7.74703622e-02 1.11561537e+00 -8.90376747e-01
    7.72717237e-01 1.05621529e+00 -3.02058935e-01 2.16644883e-01
    1.94427180e+00 8.35664988e-01 -4.25052762e-01 6.91536725e-01
    5.57061672e-01 1.82398200e-01 9.06735778e-01 1.48246074e+00
    1.76463151e+00 -6.29325867e-01 1.45422101e+00 7.68553019e-01
    -6.39943957e-01 1.67487252e+00 2.18589604e-01 2.29028583e-01
    -3.31598580e-01 -8.93962383e-03 4.99184668e-01 -3.90126705e-02
    1.89161396e+00 1.07212901e-01 5.42767286e-01 9.58207726e-01
    5.78776121e-01 1.34977531e+00 2.59414315e-01 5.23800254e-01
    -1.31194830e-01 1.62624335e+00 1.88628197e+00 1.20555401e+00
    -5.20894289e-01 -1.86626375e-01 -4.27634835e-01 3.66499186e-01
    1.89128101e+00 1.10068941e+00 1.16592526e+00 -2.24848568e-01
    -7.35330224e-01 -8.86763334e-02 5.75870395e-01 1.18331611e+00
    -7.24685788e-02 1.68870878e+00 1.58031166e+00 7.26419330e-01
    -5.61816454e-01 1.43266916e+00 -6.40933633e-01 4.36018229e-01
    8.74338150e-01 -1.01341569e+00 1.73741949e+00 1.67478621e+00
    3.08453321e-01 1.03833270e+00 6.12725616e-01 8.98074150e-01
    -2.64495194e-01 7.81136632e-01 1.75197291e+00 1.78807056e+00
    1.20052505e+00 1.52070761e+00 -2.26461351e-01 1.13107991e+00
    1.85117722e-01 1.03943586e+00 8.42336476e-01 1.75605237e-01
    -7.44011402e-02 -1.81289494e-01 1.41297078e+00 4.18166280e-01
    1.12479734e+00 1.16438174e+00 -5.33181608e-01 1.71859503e+00
    6.61431551e-02 1.78430998e+00 2.91525602e-01 2.15849400e-01
    1.77059901e+00 3.86361003e-01 -5.70882440e-01 1.78380775e+00
    8.28155816e-01 -4.89469707e-01 3.09758604e-01 3.47089767e-03
    -5.21247387e-01 -1.11346602e-01 1.23116326e+00 1.07058525e+00
    1.75865996e+00 1.87928379e-01 -2.62524545e-01 -5.84365726e-01
    1.29754174e+00 1.62247944e+00 1.57358932e+00 9.41724181e-01
    -9.18049037e-01 2.66015291e-01 2.16961861e-01 1.84137356e+00
    -3.26032817e-01 1.51814353e+00 2.62409449e-02 1.68266678e+00
    5.09770930e-01 -3.93959105e-01 8.67758095e-01 -7.24208295e-01
    1.00121403e+00 2.42777646e-01 -8.08883786e-01 1.48092127e+00
    4.01410758e-01 -2.33569145e-01 -4.48360026e-01 -2.07257569e-01
    -3.10771644e-01 2.09550083e-01 -6.36176109e-01 1.68769312e+00
    -5.15450954e-01 1.59737706e-01 1.43205571e+00 1.29781616e+00
    -6.29454017e-01 -8.39113295e-01 -3.31194282e-01 3.55155230e-01
    4.01787519e-01 4.77831781e-01 -6.61705256e-01 -7.85193026e-01
    1.28785920e+00 1.71286273e+00 4.11098599e-01 -5.33584595e-01
    1.21666789e+00 -7.42232680e-01 8.89369190e-01 1.25397921e+00
    1.84048784e+00 1.91981483e+00 1.16487885e+00 -7.43630052e-01
    1.33158541e+00 -8.25566947e-01 -4.54298675e-01 1.02723837e+00
    -1.12210810e-01 1.86813080e+00 -9.69139040e-01 1.56991267e+00
    1.01122236e+00 -2.19494104e-02 -1.46913350e-01 -4.26509380e-01
    -4.05931115e-01 1.53457737e+00 1.13941765e+00 4.69523072e-01
    1.55178463e+00 -2.36068845e-01 7.80534506e-01 3.22949886e-02
    9.75347400e-01 7.62634277e-01 -6.60643756e-01 1.94342971e-01
    1.09116006e+00 -5.01679242e-01 2.02771425e-02 7.63267279e-01
    -5.17674565e-01 1.92848170e+00 -3.32779884e-02 -1.18519306e-01
    5.46426415e-01 9.33055520e-01 1.54997194e+00 -9.18304324e-02
    1.45976377e+00 -2.96410441e-01 3.26188803e-02 1.02998137e-01
    -1.84392750e-01 1.62433350e+00 1.57008743e+00 9.99684095e-01
    8.01862955e-01 -2.81028628e-01 8.83335829e-01 -2.93387055e-01
    1.73461652e+00 -2.33067155e-01 1.59191799e+00 1.88140225e+00
    -1.73186064e-01 5.96501470e-01 -3.09023917e-01 1.06000280e+00
    -2.91746914e-01 -6.68872952e-01 -1.00830138e-01 -8.88950825e-02
    -3.67634714e-01 9.15527642e-01 -3.82584929e-02 1.91307187e+00
    -7.51115501e-01 7.80539036e-01 8.32899570e-01 1.27729177e+00
    -4.18577194e-02 -2.61609554e-02 1.72173655e+00 -5.46594739e-01
    4.55560982e-01 1.29608369e+00 1.94184875e+00 1.82235622e+00
    1.67133617e+00 1.56478095e+00 2.15321124e-01 -9.33390260e-02
    -1.68499887e-01 1.81524682e+00 1.10316801e+00 2.40824521e-01
    -5.65010905e-01 -4.53681558e-01 8.60087693e-01 1.56703568e+00
    -6.67942941e-01 4.88087237e-01 -4.35459852e-01 1.98799062e+00
    1.12399936e-01 -2.40888894e-01 -7.00739324e-01 9.92010951e-01
    1.58267009e+00 7.62047291e-01 7.12606072e-01 -8.50151241e-01
    -8.31707180e-01 1.12100434e+00 1.20118618e+00 1.91949463e+00
    7.05315769e-01 3.48790288e-01 7.86862254e-01 -5.51150024e-01
    -1.76852167e-01 1.23572195e+00 -8.15624237e-01 7.57892728e-01
    7.76822209e-01 2.35395432e-01 9.10005808e-01 9.28095698e-01
    -6.80825114e-01 -7.91714072e-01 6.48764610e-01 8.79216373e-01
    -7.18432665e-01 -1.16040170e-01 -4.59485263e-01 1.86760902e+00
    1.92129159e+00 -7.73514867e-01 -7.65901685e-01 5.48682690e-01
    6.12495840e-01 1.05121946e+00 -7.90596843e-01 7.74450302e-01
    -6.82497859e-01 1.83327758e+00 1.98064065e+00 7.67460406e-01
    6.89457119e-01 -1.45816863e-01 3.05471182e-01 1.38231552e+00
    4.68987703e-01 1.84602880e+00 -8.79033685e-01 -1.10501111e-01
    -2.11984873e-01 2.21231580e-01 -1.36262476e-01 -5.87250352e-01
    1.44918776e+00 -6.85210586e-01 1.53207779e+00 -8.34760904e-01
    1.50966787e+00 -9.03579473e-01 2.67677963e-01 7.74252892e-01
    -8.56220007e-01 1.89665139e-01 1.28787899e+00 -1.55436993e-01
    4.97325838e-01 1.74579144e+00 5.28394341e-01 -6.42868280e-01
    1.03018296e+00 -8.61827075e-01 1.83591366e+00 1.20369244e+00
    1.37457681e+00 -3.06430876e-01 -8.73186171e-01 -7.67275274e-01
    9.24532950e-01 -1.99180782e-01 6.72354996e-01 4.45530534e-01
    1.55098855e+00 1.10226989e+00 5.28904557e-01 -5.13793707e-01
    1.86713588e+00 1.71614861e+00 -5.66077173e-01 1.09216118e+00
    1.08946645e+00 -1.01092494e+00 1.69969070e+00 4.49477196e-01
    9.46485758e-01 -2.55447626e-02 -3.89025211e-01 7.38192976e-01
    1.25003839e+00 1.27118587e+00 1.51348400e+00 -7.86773205e-01
    -6.72727823e-01 -5.95356822e-02 7.94067562e-01 7.68436551e-01
    1.99855661e+00 -3.35961580e-02 8.68439674e-05 6.91614866e-01
    -3.19580734e-01 7.63835311e-02 -2.95916736e-01 1.01124465e+00
    -6.28938198e-01 -4.23897505e-02 1.85938561e+00 5.27483702e-01
    1.36672592e+00 3.73259962e-01 1.14969635e+00 1.56280255e+00
    1.45525146e+00 -3.55496526e-01 1.96193767e+00 -6.59397721e-01
    1.00075841e-01 8.37830424e-01 2.01995802e+00 1.25859559e-01
    4.90715206e-01 1.10638762e+00 2.01434898e+00 3.13666344e-01
    -4.63877499e-01 -5.52455604e-01 1.00218952e+00 1.70912576e+00
    4.97996747e-01 9.81902838e-01 -7.92753935e-01 1.12039280e+00
    -8.02770615e-01 -5.38971066e-01 -4.15012062e-01 1.54004812e-01
    1.05700386e+00 5.75923979e-01 -2.64247656e-01 5.02847433e-02
    1.09372735e-01 3.38698089e-01 -8.26665640e-01 1.33941793e+00
    9.18014050e-02 -5.12531877e-01 1.38662481e+00 -3.37151706e-01
    -4.75969821e-01 -1.00414693e-01 1.55792069e+00 3.76587629e-01
    1.29298759e+00 5.50822496e-01 9.49149728e-01 1.54362500e+00
    7.46774673e-03 8.18630457e-01 1.49089992e+00 1.83163965e+00
    1.05654955e-01 -2.56571770e-02 -2.92894363e-01 1.45316958e+00
    -4.46428239e-01 7.95634270e-01 1.30655122e+00 1.56648231e+00
    8.91219378e-02 -4.69244003e-01 -1.74153090e-01 1.29809892e+00
    1.36591041e+00 5.20147204e-01 1.92966318e+00 5.07701159e-01
    8.63077044e-01 -4.81157482e-01 -6.07124567e-01 -4.32119668e-01
    5.47195554e-01 1.90094709e-01 4.36650157e-01 3.45536709e-01
    -9.44902301e-01 -8.26610565e-01 4.95821953e-01 7.87892342e-02
    1.04226232e-01 2.06818581e-02 1.78631604e+00 1.14888620e+00
    3.86806488e-01 9.05492425e-01 1.63199496e+00 1.42300606e+00
    1.00076973e+00 7.67974734e-01 4.81230617e-01 -2.02803493e-01
    6.57522023e-01 -6.77949548e-01 -7.44091213e-01 1.49950039e+00
    1.03850079e+00 1.23414612e+00 6.63848162e-01 3.79485846e-01
    1.75036800e+00 7.02579796e-01 2.29627013e-01 6.12499535e-01
    1.40392256e+00 3.21015716e-01 7.09568977e-01 -8.06698918e-01
    8.28861237e-01 9.39629376e-01 6.00589156e-01 1.79236007e+00
    1.88757920e+00 1.50866127e+00 1.37271178e+00 1.69130087e+00
    9.48119104e-01 1.52264047e+00 -7.94849813e-01 1.66459155e+00
    -1.18139982e-02 2.47771144e-01 -2.54237294e-01 -4.51677114e-01
    -5.95841050e-01 2.43940830e-01 5.25310159e-01 1.55933094e+00
    -7.79736578e-01 -4.82751489e-01 1.61610246e+00 6.60358667e-02
    7.22352207e-01 1.43596625e+00 1.61615944e+00 1.63664865e+00
    -4.46312010e-01 7.97571659e-01 1.76942110e+00 -6.75685406e-02
    9.80707645e-01 1.85885429e-01 -6.18839264e-03 4.45059657e-01
    6.45654917e-01 -4.49859679e-01 7.53274024e-01 1.89275908e+00
    7.26471543e-02 -6.76506758e-02 -6.58186078e-01 -6.15354955e-01
    1.53149509e+00 2.39789188e-01 1.05654430e+00 1.06993723e+00
    1.60987389e+00 1.44067240e+00 1.72363698e+00 1.35947382e+00
    1.15643978e+00 5.76143622e-01 4.68252182e-01 -2.58865535e-01
    1.45385933e+00 1.51591599e+00 -4.17584479e-01 1.84775615e+00
    -6.61806107e-01 2.66297400e-01 6.93154931e-01 4.41892028e-01
    6.42331719e-01 1.09071910e+00 4.13151860e-01 8.84750485e-01
    5.45256257e-01 8.41319978e-01 7.45261312e-02 1.20943189e+00
    -2.38596678e-01 -9.67335999e-01 -7.83974588e-01 -7.18076706e-01
    7.43637681e-01 1.92493021e-01 1.47226667e+00 3.26081097e-01
    1.15439439e+00 1.30525374e+00 5.10392666e-01 1.07601190e+00
    9.42789257e-01 1.14421141e+00 1.47681558e+00 -7.81650484e-01
    5.42313397e-01 4.93967056e-01 1.16007686e+00 7.31399894e-01
    -7.25475371e-01 1.83930373e+00 7.04252720e-01 3.46262336e-01
    -4.86504972e-01 -8.92192781e-01 -7.65201747e-01 6.47131801e-01
    -9.13772464e-01 1.04504132e+00 1.32697296e+00 -9.87821221e-02
    -5.92281342e-01 2.49086857e-01 2.82596946e-01 -1.09968424e-01
    -6.70975566e-01 1.92868042e+00 8.38930547e-01 4.08403397e-01
    4.37997818e-01 -7.35965848e-01 -9.07676399e-01 7.84397006e-01
    -7.57156491e-01 1.76982069e+00 7.45519161e-01 -2.82531619e-01
    1.02541065e+00 5.14168978e-01 7.83317208e-01 1.67265534e-01
    -7.29148030e-01 1.40736628e+00 5.35326540e-01 -2.90357769e-01
    7.88127959e-01 1.50508106e-01 1.49294281e+00 3.43150258e-01
    -2.03808308e-01 5.12421966e-01 -6.35204852e-01 -1.77796483e-02
    -2.14699268e-01 1.20904803e+00 6.71886206e-01 6.73677385e-01
    1.42675650e+00 1.37801409e+00 1.51316822e-01 1.17426062e+00
    6.88656747e-01 4.10354137e-02 6.59316778e-01 8.38900387e-01
    3.81479025e-01 1.89721060e+00 -2.80421972e-02 1.63027096e+00
    -8.64056885e-01 -7.61937976e-01 3.64107847e-01 1.30539262e+00
    1.23288131e+00 9.87766206e-01 2.04318762e-01 -1.33449435e-01
    6.72397017e-02 8.35361600e-01 1.33156192e+00 -6.74266219e-01
    -7.70195246e-01 2.35010266e-01 -7.46583939e-03 1.63506842e+00
    -1.90522432e-01 9.19449568e-01 -8.39764059e-01 -2.22086906e-01
    6.75846338e-01 -7.32747555e-01 5.61316013e-01 9.97124255e-01
    9.95754957e-01 -8.53792310e-01 -7.37248540e-01 2.78568864e-02
    3.51645410e-01 1.03065610e+00 8.48861873e-01 2.03382730e+00
    7.09272563e-01 -3.99867088e-01 6.42272592e-01 1.55474007e-01
    1.45820105e+00 1.54490209e+00 2.52439082e-01 -4.99241948e-02
    6.98745310e-01 1.70028841e+00 1.18062639e+00 4.01673198e-01
    -9.83680904e-01 1.20871890e+00 2.14881301e-01 1.29842746e+00
    1.45285249e+00 -2.98392773e-02 -6.74480200e-01 4.90031123e-01
    2.91470528e-01 1.16029334e+00 5.04764795e-01 8.48692477e-01
    4.42609727e-01 4.82952833e-01 1.30006790e+00 5.76566160e-01
    1.80563235e+00 1.47725701e+00 -1.37164593e-02 -5.22889495e-01
    5.47957301e-01 -1.01558506e-01 4.99296665e-01 -1.23499393e-01
    2.52586663e-01 -9.48536992e-02 1.13233387e+00 4.86841917e-01
    6.11952186e-01 -7.66216755e-01 2.36764371e-01 1.19713330e+00
    1.35000849e+00 -4.74150002e-01 -6.18766189e-01 -9.26321864e-01
    6.04474783e-01 4.90021944e-01 1.55367208e+00 1.72092521e+00
    -5.18774331e-01 1.53023529e+00 -8.42160404e-01 6.06251359e-01
    -4.69235808e-01 -7.34231651e-01 7.84071803e-01 1.86583281e+00
    -5.98439336e-01 -8.49548936e-01 -3.98741663e-01 -4.54432964e-02
    8.79529119e-02 1.71737885e+00 1.77957463e+00 -2.45951474e-01
    1.12058687e+00 4.97555256e-01 1.77685082e+00 -5.98222435e-01
    2.77604222e-01 -1.64801002e-01 6.41467154e-01 3.02032888e-01
    2.10504591e-01 1.32448673e-02 3.66934419e-01 -2.36216545e-01
    -8.01547945e-01 2.44102955e-01 2.11132765e-01 4.90162015e-01
    4.29726064e-01 6.22940063e-01 8.82019699e-01 1.03519678e-01
    -5.53340673e-01 1.13957882e-01 1.02588367e+00 -3.75264227e-01
    -5.75130105e-01 1.63392019e+00 -6.39243245e-01 -8.65275502e-01
    1.46401405e-01 2.90089607e-01 -5.97207546e-02 5.04989445e-01
    -4.89917278e-01 1.65592384e+00 1.53855884e+00 -6.63905680e-01
    1.75311017e+00 1.48579681e+00 1.20051646e+00 5.05831718e-01
    -8.34955275e-01 4.40254271e-01 -8.41221869e-01 1.68346334e+00
    1.07061076e+00 5.75112343e-01 3.82769525e-01 -3.42125297e-02
    8.81431282e-01 -3.64649296e-03 1.00105631e+00 6.73944592e-01
    1.78784108e+00 3.12081814e-01 9.82217312e-01 1.04690993e+00
    1.79338861e+00 1.76685119e+00 -3.92392755e-01 2.66383648e-01
    3.37111354e-01 3.62051129e-01 1.38304782e+00 -5.44251978e-01
    -2.56491899e-01 6.47544324e-01 1.83802724e-01 -9.19222832e-01
    4.04545426e-01 6.29463077e-01 -2.13326931e-01 -8.53401780e-01
    -3.90625596e-01 -8.97074461e-01 6.75229132e-01 1.79015994e-01
    4.15949762e-01 1.72028995e+00 -8.14005315e-01 1.26118112e+00
    1.28127313e+00 1.61741900e+00 1.23701692e+00 1.45504856e+00
    6.68731689e-01 6.91108644e-01 2.04132318e-01 1.90394139e+00
    -5.65113485e-01 -5.64688802e-01 3.55657816e-01 1.42266619e+00
    1.42291784e+00 1.48966765e+00 2.83647954e-01 -7.24210203e-01
    6.62975252e-01 -5.19045949e-01 -4.30492699e-01 1.37261891e+00
    -8.61412883e-02 1.31267881e+00 3.22359383e-01 1.86477768e+00
    -6.88793421e-01 4.16882992e-01 1.59926689e+00 6.75300241e-01
    1.83385861e+00 1.00985289e+00 4.45250273e-01 -8.07186007e-01
    -2.73304582e-01 6.63824081e-02 9.97186303e-01 1.04199374e+00
    -3.20108235e-01 -6.48757815e-01 4.21344042e-02 1.16164482e+00
    3.61936092e-02 8.33068609e-01 7.87911177e-01 7.59254217e-01
    -6.78797245e-01 1.28032219e+00 8.50352824e-01 1.67100310e+00
    -9.88180637e-01 -5.59020042e-03 2.85261869e-03 1.12836289e+00
    2.01357460e+00 -6.13073349e-01 2.41032898e-01 4.77847397e-01
    1.85007238e+00 1.86431098e+00 1.96936440e+00 6.20038927e-01
    1.89279175e+00 -6.45382762e-01 1.14646757e+00 7.26112604e-01
    1.39745677e+00 -6.73891306e-02 1.08531713e+00 -8.80293846e-02
    1.60417891e+00 9.88061786e-01 3.50594401e-01 1.73147535e+00
    -9.70128655e-01 1.81602883e+00 -2.36661077e-01 -2.70059407e-01
    1.90545678e+00 -5.69189608e-01 -3.71568799e-01 -2.93886125e-01
    1.68278980e+00 1.53658652e+00 -5.51981509e-01 -1.63337886e-01
    6.22129738e-01 -7.54937649e-01 6.97274268e-01 1.61022210e+00
    -1.28461719e-01 1.61886334e+00 1.29779041e-01 -5.41656613e-02
    -6.69425607e-01 1.98067951e+00 8.49990249e-02 1.13279307e+00
    -5.77186525e-01 -1.04063630e-01 1.51485860e+00 1.44046283e+00
    1.69279122e+00 1.34546185e+00 -6.36851788e-01 1.56044745e+00
    -2.46523201e-01 1.19135547e+00 -7.87414670e-01 -8.51034343e-01
    -4.39476222e-01 -6.35817051e-01 -7.07606971e-01 7.08301723e-01
    2.62960851e-01 -4.21171725e-01 -8.71779442e-01 2.97537088e-01
    1.27360642e+00 1.26288307e+00 1.74241197e+00 3.28114033e-02
    1.37843859e+00 -5.51176369e-01 8.91326785e-01 -8.09999049e-01
    1.44939876e+00 3.04293990e-01 1.61392641e+00 3.64544511e-01
    1.87934160e+00 -1.02596700e-01 5.53076208e-01 1.50006700e+00
    1.55147600e+00 -6.69307709e-02 -5.37179649e-01 1.20084965e+00
    -8.60864937e-01 1.47278774e+00 1.19661927e+00 9.06242311e-01
    1.07717848e+00 1.75859094e+00 1.55670857e+00 1.11153960e+00
    3.03557098e-01 8.42146158e-01 -3.18048358e-01 -3.73080432e-01
    3.35137725e-01 1.00080156e+00 -6.30217850e-01 9.49018180e-01
    8.11991692e-01 -2.12465823e-01 -6.33386493e-01 2.19538927e-01
    -2.87534893e-01 -3.31035256e-01 -7.05206633e-01 -3.32497239e-01
    1.82692099e+00 2.20838130e-01 1.50810504e+00 6.79445863e-02
    -7.84677982e-01 1.79960918e+00 5.32542586e-01 -8.42922330e-02
    3.08593214e-01 -7.94774294e-01 1.68077910e+00 -1.40954912e-01
    7.04265833e-01 -4.91803080e-01 -6.59320176e-01 1.66829157e+00
    2.34405637e-01 -1.18338108e-01 7.64358044e-01 -6.34179652e-01
    3.11925709e-01 1.76921070e+00 -5.01695275e-01 -8.53223324e-01
    -6.17689252e-01 5.20116746e-01 -1.99222147e-01 1.88452363e-01
    6.01012766e-01 -8.96058619e-01 -8.02323103e-01 1.50977898e+00
    1.20779324e+00 3.10046971e-01 -7.10034907e-01 -7.84825742e-01
    -3.74573618e-01 1.17401052e+00 -2.98701346e-01 -8.22200119e-01
    3.40107381e-01 1.87339580e+00 8.42927575e-01 -4.22164679e-01
    -7.67906547e-01 1.28024888e+00 8.24095905e-01 1.75811613e+00
    -1.68377995e-01 1.27156544e+00 -6.05872869e-02 5.05709648e-01
    -8.59742284e-01 -3.57766569e-01 1.22357225e+00 -4.84757423e-02
    1.20775175e+00 6.56106174e-01 -9.02782440e-01 1.64059329e+00
    1.52362752e+00 6.31028175e-01 -6.52444541e-01 -6.15388095e-01
    2.57156491e-01 9.54611242e-01 7.50104368e-01 -7.65609443e-01
    5.33880591e-01 1.80505598e+00 1.28331995e+00 9.41916585e-01
    1.02358913e+00 7.89025545e-01 1.52636588e+00 1.06762445e+00
    -6.93783998e-01 5.05148292e-01 -3.15164924e-01 -4.41741526e-01
    -9.52442288e-02 -1.79772019e-01 1.45816588e+00 1.74832344e+00
    6.41741455e-01 3.37643504e-01 1.71123457e+00 4.13008630e-01
    1.49735141e+00 7.28773892e-01 1.89283061e+00 1.06299114e+00
    4.99777615e-01 1.83545399e+00 8.18814933e-01 1.27421987e+00
    1.57191706e+00 5.31862020e-01 -1.15288258e-01 1.49775422e+00
    4.25329804e-01 1.35404217e+00 8.03607702e-01 7.83769667e-01
    -7.96102524e-01 6.91161871e-01 1.51860392e+00 2.11870968e-01
    -1.63079143e-01 6.09857142e-01 1.48300183e+00 -2.76882291e-01
    1.35771060e+00 1.72242892e+00 -6.13080502e-01 -5.49771547e-01
    1.57319474e+00 1.17995787e+00 1.46047056e+00 1.13408017e+00
    -9.85648990e-01 -4.78656083e-01 4.58768070e-01 1.87347531e-02
    1.87774122e-01 8.75709355e-01 1.79352176e+00 2.74928033e-01
    4.73414421e-01 -8.34525585e-01 9.78191495e-02 -8.59701037e-02
    8.26497197e-01 1.66960061e+00 3.08362961e-01 3.01437497e-01
    1.62271857e-01 1.51004481e+00 1.05050027e+00 1.08507061e+00
    1.04485345e+00 5.40921688e-01 -4.65926111e-01 1.00866222e+00
    -6.95902348e-01 -5.39547265e-01 1.06001151e+00 1.26433885e+00
    1.02357054e+00 1.41674054e+00 8.00365627e-01 5.14539242e-01
    -7.79745638e-01 1.71590912e+00 6.52081728e-01 -9.32793558e-01
    -8.39164138e-01 7.40313649e-01 4.12605405e-01 4.73489344e-01
    -2.10203469e-01 -6.05310619e-01 1.47665155e+00 1.32240939e+00
    -6.62394404e-01 9.83636975e-01 1.59542024e-01 -5.11528611e-01
    -3.50193202e-01 4.81425345e-01 1.92668509e+00 8.95079732e-01
    2.17624664e-01 1.65770054e-02 1.77922440e+00 -9.15048718e-02
    6.86359406e-02 1.36665881e-01 1.45892334e+00 -2.25493014e-01
    4.09280956e-01 1.53578448e+00 -5.83270192e-01 -5.52450418e-02
    2.00538492e+00 3.82694006e-01 -6.24338388e-01 -7.32445419e-01
    -2.49699056e-01 1.81471169e+00 -8.08487594e-01 8.39328289e-01
    5.91799617e-02 3.22742283e-01 9.25120652e-01 -5.44171512e-01
    1.52080595e+00 1.80884266e+00 1.06436670e+00 -4.91687715e-01
    -7.84914136e-01 1.26871169e+00 1.79739356e+00 1.09349513e+00
    -8.58660221e-01 3.76612306e-01 -6.88626111e-01 7.22408473e-01
    4.48034704e-01 -5.33482552e-01 1.77605820e+00 -8.02321434e-02
    -6.91751719e-01 1.42138648e+00 -5.81398487e-01 -5.50578833e-02
    2.11579800e-01 -5.76734900e-01 9.16385770e-01 3.05121958e-01
    1.34166765e+00 1.56764507e+00 -5.64358175e-01 1.03832853e+00
    -1.07643008e-01 -5.34855723e-02 1.52728510e+00 -8.21397305e-02
    2.62214303e-01 -1.98701203e-01 -8.61020267e-01 1.93051291e+00
    -7.22771645e-01 -5.15487850e-01 5.68084538e-01 4.02452052e-01
    2.61100769e-01 6.94581270e-02 -8.31236064e-01 1.03625321e+00
    -1.86524987e-01 -8.73234272e-01 -8.13496172e-01 1.79616487e+00
    1.13702846e+00 -8.74453247e-01 1.99635625e+00 6.72633767e-01
    1.07985592e+00 1.18759513e+00 1.65563405e-01 -1.89017594e-01
    9.83407855e-01 -6.89913511e-01 -1.10051215e-01 1.62677848e+00
    3.56108904e-01 1.86289597e+00 1.74886703e+00 1.35289180e+00
    1.99643314e-01 1.43980837e+00 -4.84393030e-01 1.52363968e+00
    -5.73099256e-01 1.38885045e+00 1.60050154e-01 1.39838934e+00
    2.11021066e-01 5.35695434e-01 -7.88915813e-01 2.00104618e+00
    1.83125615e-01 -5.26690423e-01 -5.34591794e-01 -8.24495316e-01
    1.74656296e+00 -1.95941627e-01 1.03260946e+00 6.44522309e-01
    -4.66121167e-01 1.01686037e+00 -7.65063763e-02 3.15993249e-01
    2.96746492e-01 -5.91880381e-01 1.66354537e+00 6.63651884e-01
    1.39542937e-01 4.54963923e-01 -8.03349376e-01 1.81122661e+00
    3.26119006e-01 4.54600811e-01 1.05438471e+00 7.66673028e-01
    -6.04127288e-01 1.83867812e+00 2.76416421e-01 9.36049521e-01
    -7.83561468e-01 -7.57992387e-01 1.19580483e+00 1.60977793e+00
    1.58632946e+00 3.23557138e-01 2.68124461e-01 -6.52716398e-01
    -1.72498584e-01 1.31729865e+00 1.95298207e+00 1.79273438e+00
    -8.24549198e-01 7.57977366e-02 1.79091394e+00 -6.78159773e-01
    -4.40488994e-01 7.55897760e-01 9.41601574e-01 5.88354230e-01
    9.92011964e-01 6.36943460e-01 -8.78873706e-01 -1.01597714e+00
    7.72822142e-01 6.28632307e-01 1.50749028e+00 2.76774526e-01
    1.52950335e+00 -2.34691262e-01 5.60004473e-01 9.50546741e-01
    9.49013114e-01 1.33292365e+00 1.85841537e+00 1.54867756e+00
    -1.81697011e-01 3.98481250e-01 -9.19344842e-01 6.94047511e-01
    5.93730569e-01 1.07758486e+00 1.15298104e+00 1.42508233e+00
    5.26741505e-01 5.59726954e-02 -7.27096200e-02 -4.77378011e-01
    8.69129479e-01 1.34393501e+00 1.28819108e-01 -4.79038954e-01
    -6.62800431e-01 1.46262324e+00 1.01014888e+00 1.22058117e+00
    -1.03108752e+00 -8.87332320e-01 1.26474714e+00 1.56951833e+00
    6.79702759e-02 -2.78984249e-01 -7.28517950e-01 6.25233352e-01
    8.26859474e-03 -4.90119457e-01 -5.51587462e-01 -8.21473002e-02
    -1.96820974e-01 2.83494949e-01 8.20530713e-01 -1.47300959e-01
    1.80047488e+00 -7.34809458e-01 8.99601579e-02 5.16906619e-01
    3.91496539e-01 -6.41333818e-01 1.19884396e+00 1.86256194e+00
    -3.59249473e-01 -2.96480119e-01 1.83691764e+00 1.78738093e+00
    -1.73808455e-01 2.60105371e-01 1.03215265e+00 1.05267179e+00
    1.27108097e+00 1.76908147e+00 5.57953477e-01 1.69106114e+00
    -2.34748065e-01 -6.65704012e-02 6.42625690e-01 6.90751433e-01
    8.26296687e-01 3.82867813e-01 8.85412931e-01 -6.25709176e-01
    -7.16233134e-01 1.47050548e+00 -5.48649907e-01 -7.61711955e-01
    -4.27652985e-01 2.89699554e-01 -4.33089733e-01 9.76132989e-01
    2.46972919e-01 2.97666371e-01 1.96643567e+00 4.76348400e-03
    -5.49513459e-01 4.72895741e-01 -4.80022788e-01 6.25412762e-01
    7.62245536e-01 1.79717946e+00 1.11309457e+00 -1.49922967e-01
    9.59731638e-01 1.02356732e-01 2.67636061e-01 -6.38064981e-01
    1.28048849e+00 2.26438820e-01 -9.84563828e-01 -2.90198743e-01
    1.69441140e+00 5.34700394e-01 -6.11021221e-01 -4.73571807e-01
    -4.69404101e-01 6.78413570e-01 1.62502265e+00 1.10415161e+00
    -2.20986068e-01 1.36423326e+00 1.51410758e+00 1.00290895e+00
    8.70006680e-02 1.26029730e+00 -6.05799854e-01 8.77757668e-01
    9.60205793e-02 1.40342855e+00 1.76195836e+00 1.26342404e+00
    1.33732808e+00 -2.13073730e-01 9.61824417e-01 7.94713199e-01
    1.78409100e-01 7.31002808e-01 1.74469543e+00 1.59323084e+00
    -1.14267886e-01 -1.05232775e-01 -3.48930120e-01 -1.61914289e-01
    7.12434053e-01 -7.75279701e-01 1.91746986e+00 -1.59721076e-01
    4.11169589e-01 -1.89958751e-01 9.91639495e-01 -1.05672204e+00
    1.49032879e+00 1.71358776e+00 1.84181643e+00 1.28721404e+00
    1.24747729e+00 -1.70184791e-01 8.97799194e-01 1.58812916e+00
    -8.69617701e-01 -1.84148550e-02 1.67855287e+00 1.48420238e+00
    1.59204507e+00 -1.87034965e-01 -3.61312985e-01 1.78739214e+00
    -5.91200829e-01 1.60804844e+00 -8.37811828e-01 1.51134229e+00
    1.41518497e+00 1.59067333e+00 4.61710215e-01 -7.79254913e-01
    5.65617621e-01 1.70063496e-01 1.10114622e+00 1.50025368e+00
    1.51267636e+00 7.46696055e-01 1.26626205e+00 1.25944233e+00
    1.13678646e+00 8.38863254e-01 -4.63024199e-01 8.67798448e-01
    -6.23093247e-01 4.89741743e-01 1.21755433e+00 1.85167599e+00
    7.33788967e-01 1.04611623e+00 7.88332760e-01 -4.69160259e-01
    1.03990197e-01 1.06964433e+00 1.16508412e+00 -9.75595534e-01
    3.83743167e-01 -1.54654562e-01 -2.62540340e-01 -8.53708029e-01
    3.61376166e-01 1.22571969e+00 1.40329361e+00 1.28934741e-01
    -4.60143447e-01 -6.81819916e-02 1.38189852e+00 -2.75291145e-01
    -3.14582229e-01 5.86202204e-01 1.46190822e-01 7.11033106e-01
    1.27938724e+00 1.18756711e-01 1.23486090e+00 -6.29223824e-01
    1.03185272e+00 -7.79440880e-01 2.24216580e-02 -7.58055449e-01
    1.41942751e+00 4.54405665e-01 1.61361122e+00 -1.96910203e-01
    -2.55533099e-01 -6.02963209e-01 1.09923196e+00 2.33698785e-01
    1.59627652e+00 8.57396722e-01 6.73957944e-01 1.45479512e+00
    5.63853085e-01 1.25081038e+00 -7.05726147e-02 1.20571172e+00
    1.11081672e+00 -7.17813134e-01 5.25929451e-01 -2.82384157e-01
    5.63026071e-01 1.32245648e+00 1.11305439e+00 1.80943835e+00
    2.63987422e-01 1.20922792e+00 -6.03416443e-01 1.10177755e+00
    1.40614676e+00 1.01350784e+00 -4.05842662e-01 1.03623569e-01
    5.10573804e-01 8.38054597e-01 1.47197652e+00 -4.94080722e-01
    7.10301816e-01 -5.59534788e-01 8.86009336e-02 -6.02150202e-01
    2.47504711e-02 -8.49242628e-01 -9.10384834e-01 1.54081011e+00
    1.16654778e+00 -1.03228831e+00 -1.88188136e-01 -1.28663301e-01
    4.14936423e-01 6.64701939e-01 8.32235396e-01 -1.07083797e-01
    -6.37368679e-01 1.65983701e+00 2.70106554e-01 1.45466256e+00
    1.04380989e+00 4.14920747e-01 1.45176685e+00 6.38015151e-01
    -7.03575373e-01 -9.01698232e-01 2.13905215e-01 6.68284774e-01
    1.34673429e+00 3.36572587e-01 1.72375894e+00 2.28495002e-02
    1.29274368e-01 -8.69946182e-01 -1.72238111e-01 -4.92036700e-01
    4.64757800e-01 2.30793953e-01 -5.75897098e-02 5.53196669e-02
    1.21982813e+00 5.86302280e-02 -4.93249387e-01 9.97550666e-01
    1.11253405e+00 1.38248396e+00 3.47910762e-01 4.00807381e-01
    2.37768412e-01 1.20445740e+00 -3.99439573e-01 -1.50551379e-01
    2.59503186e-01 1.37910151e+00 1.03980112e+00 9.88573313e-01
    1.99175000e+00 4.33036685e-01 -1.00702405e-01 5.59698164e-01
    -8.42945576e-01 -9.17357802e-02 -6.01235628e-01 9.08927858e-01
    4.91328895e-01 -2.68847525e-01 -5.33119440e-01 -2.41245627e-02
    -5.78581810e-01 1.27088296e+00 1.63024616e+00 -8.31016302e-02
    4.52752233e-01 5.29575348e-02 1.43924367e+00 7.33138919e-01
    1.24108195e-01 -9.39345062e-01 1.12047219e+00 4.04542327e-01
    1.07890821e+00 1.91243041e+00 8.92889619e-01 -7.92564154e-02
    3.11496317e-01 -8.00222814e-01 1.30985475e+00 -6.93308234e-01
    -6.78170443e-01 1.09247470e+00 1.75906312e+00 1.27172232e+00
    7.04646230e-01 -4.18811440e-01 6.69911385e-01 1.25702822e+00
    4.22108889e-01 4.24786806e-01 1.38937235e+00 -4.41153169e-01
    -7.75711238e-01 3.07782710e-01 5.39522946e-01 -7.63968349e-01
    -8.13101768e-01 7.47295737e-01 6.20431840e-01 1.37761474e+00
    1.09560418e+00 1.05789411e+00 -5.83948910e-01 5.25637984e-01
    1.32667410e+00 -2.30829954e-01 1.15494108e+00 -1.02634609e-01
    1.09216285e+00 -3.29634547e-01 5.10945559e-01 4.29269910e-01
    -7.95321703e-01 1.83759582e+00 -2.50263214e-02 -9.42364335e-02
    4.86454487e-01 4.44500446e-01 4.77575064e-01 -6.50107384e-01
    9.54033494e-01 1.03622651e+00 -6.64731562e-01 6.08902693e-01
    1.40881324e+00 7.97006071e-01 5.66231132e-01 9.75178719e-01
    -2.94426858e-01 1.45701957e+00 5.34710169e-01 -3.23728144e-01
    -2.74069905e-01 7.01837838e-01 1.81860328e-01 1.12628961e+00
    5.82278967e-01 3.10811877e-01 -2.48048961e-01 -4.06246841e-01
    6.21451020e-01 9.75423574e-01 1.44962466e+00 -4.68910396e-01
    -3.63350391e-01 5.51003575e-01 1.78529322e-01 -2.04432607e-01
    1.82925153e+00 1.14891052e-01 6.86360180e-01 -8.78729820e-02
    1.59480274e-01 -6.10911846e-01 8.33112478e-01 -4.88103122e-01
    -4.65339124e-01 -2.81569481e-01 -9.42476749e-01 -5.53443313e-01
    -7.01507747e-01 1.92203784e+00 1.10126400e+00 -2.48224735e-02
    1.01929843e+00 -3.29675078e-02 -8.81572664e-01 1.81318212e+00
    4.64452922e-01 1.02658796e+00 1.67998111e+00 3.41608226e-01
    -7.51864135e-01 -4.99552667e-01 -1.91027880e-01 -8.20453405e-01
    1.27788782e-02 1.71398425e+00 -3.51264775e-01 1.16440940e+00
    1.24591827e+00 -4.80028719e-01 7.08600640e-01 1.69452465e+00
    -2.02575564e-01 8.62730086e-01 -1.40955925e-01 6.44843817e-01
    1.82869613e-01 -9.05529618e-01 1.49946868e-01 1.79888380e+00
    1.14296222e+00 8.59949827e-01 -6.38285398e-01 7.11505413e-01
    1.44018590e-01 8.92819285e-01 7.59102702e-01 -3.06789815e-01
    1.73014164e-01 5.52942812e-01 -2.03584015e-01 1.03208613e+00
    1.49916244e+00 -1.40016198e-01 1.53223515e+00 -1.43389702e-01
    -2.27216601e-01 5.68923175e-01 1.96406412e+00 1.90464425e+00
    7.05839038e-01 1.41144252e+00 1.61368835e+00 -4.00915831e-01
    -8.79934430e-01 -1.37285233e-01 2.02321100e+00 -2.91725039e-01
    1.38993478e+00 -4.01170373e-01 -8.72835934e-01 1.56837702e+00
    1.78981841e-01 -3.39221716e-01 9.20277119e-01 8.91656041e-01
    1.72532773e+00 1.03672671e+00 3.42751741e-01 5.73100269e-01
    -5.74437857e-01 1.46531439e+00 -5.63796341e-01 -2.04247236e-02
    6.12882018e-01 -2.49589264e-01 8.19288313e-01 4.03213322e-01
    6.29915476e-01 1.02936506e-01 3.73961806e-01 1.78949773e-01
    1.77698398e+00 4.19526577e-01 -9.21269000e-01 1.86449432e+00
    1.11588287e+00 1.87641084e-01 1.60346639e+00 1.89653349e+00
    4.90809917e-01 5.99384665e-01 -1.01095343e+00 -7.84659505e-01
    4.47998405e-01 4.86706495e-01 -4.61439252e-01 1.65694141e+00
    1.29956043e+00 -4.05012429e-01 3.63545239e-01 -6.66603208e-01
    -1.98859215e-01 1.37907612e+00 7.15169072e-01 1.01575518e+00
    1.99143982e+00 -9.44007456e-01 1.46194279e-01 1.18449497e+00
    -7.01036930e-01 -4.92209256e-01 3.56150270e-01 -2.88439453e-01
    6.73681378e-01 -1.32166624e-01 -2.38229454e-01 -7.41955519e-01
    1.40984058e-01 2.85026550e-01 5.39115429e-01 1.31279016e+00
    1.02320361e+00 1.91001272e+00 -6.71654820e-01 1.55508709e+00
    -6.14146531e-01 4.69732404e-01 -5.62383056e-01 5.00855446e-01
    1.12636602e+00 1.32790184e+00 -8.41741204e-01 5.89158535e-01
    -8.36688459e-01 1.79630506e+00 1.65728199e+00 1.81258345e+00
    1.59341574e-01 6.95539117e-01 -4.13112342e-01 -8.87879968e-01
    1.54593325e+00 1.11076355e+00 1.51451612e+00 1.66315508e+00
    -1.56727135e-01 8.06604087e-01 2.15995371e-01 1.91975725e+00
    1.93165481e+00 -5.13808489e-01 1.40468395e+00 6.28723383e-01
    3.15984786e-01 -3.27465475e-01 -7.46203542e-01 -6.89698458e-02
    4.69378591e-01 1.59666765e+00 8.15238118e-01 2.10879207e-01
    -1.04835427e+00 1.14740789e+00 -1.88113272e-01 1.01881170e+00
    1.19452870e+00 -1.81563258e-01 -3.86227846e-01 1.89163291e+00
    1.25961590e+00 -1.12414241e-01 -7.72434115e-01 1.67616522e+00
    -3.68312597e-01 1.48712242e+00 -5.61708212e-01 -6.11237705e-01
    5.02381206e-01 -8.13095391e-01 1.72978354e+00 1.79993939e+00
    -8.00188899e-01 8.21084023e-01 7.24259257e-01 2.56527483e-01
    -2.00131059e-01 1.35219765e+00 1.82911897e+00 -4.63858396e-01
    3.01454663e-01 1.53136420e+00 1.61775756e+00 9.40622151e-01
    7.94974864e-01 -3.71697962e-01 7.62516499e-01 -4.30437326e-01
    -1.21668577e-02 4.08358037e-01 -6.91220403e-01 -4.16183233e-01
    -4.74039853e-01 -5.47739983e-01 1.43682480e+00 1.35498846e+00
    1.49647582e+00 1.76153457e+00 8.20074201e-01 1.71734798e+00
    1.65315843e+00 -3.41231048e-01 1.79209161e+00 1.75385892e+00
    -6.73654675e-02 -2.37445712e-01 -6.73353851e-01 1.83758509e+00
    2.59151876e-01 3.64756882e-01 1.72143793e+00 5.53689003e-02
    8.87296677e-01 1.76256275e+00 1.36930370e+00 1.84430015e+00
    -2.16164827e-01 1.51805830e+00 2.00887346e+00 1.79425895e+00
    9.68308687e-01 7.75792599e-02 1.13561988e+00 1.80311751e+00
    1.18822110e+00 1.96525574e+00 9.47991610e-02 1.45955324e+00
    1.13959551e-01 -2.96350121e-02 1.66329598e+00 -7.89740622e-01
    -8.56465995e-01 2.25101292e-01 8.04751515e-02 -4.89195496e-01
    2.37335801e-01 5.24955988e-03 8.64231467e-01 1.18978477e+00
    -7.46113062e-02 1.76442552e+00 1.29243088e+00 5.20166099e-01
    1.30528212e-02 1.79908872e+00 -1.53857529e-01 1.68551397e+00
    -5.53219914e-01 1.61373687e+00 2.54388452e-02 -4.89023834e-01
    1.38349676e+00 5.00861049e-01 -3.69876683e-01 -5.38910031e-01
    3.36732030e-01 1.47579789e+00 -1.89815283e-01 1.97240210e+00
    -8.75967979e-01 1.81860912e+00 8.18009496e-01 -3.95482659e-01
    9.00153518e-01 -7.95914352e-01 -5.26068449e-01 1.53919804e+00
    1.59984815e+00 -9.45468664e-01 -2.38616467e-02 9.64450359e-01
    2.28335142e-01 6.45421088e-01 1.04034638e+00 -4.53645229e-01
    -4.48977470e-01 7.60165513e-01 1.28122640e+00 9.47601676e-01
    1.02695680e+00 -9.13892508e-01 7.09950328e-02 1.81848907e+00
    1.32571673e+00 4.10670340e-01 1.75932729e+00 1.28843880e+00
    1.94500172e+00 4.89341617e-02 4.11823750e-01 1.66110229e+00
    9.02775526e-02 -4.50507998e-02 1.13221943e-01 1.36993647e+00
    1.07558525e+00 5.23652256e-01 4.22587335e-01 1.92433131e+00
    -3.34009945e-01 5.73888719e-01 1.81827235e+00 -3.41914356e-01
    5.16308784e-01 -9.12026763e-01 -6.32966161e-01 -1.37599528e-01
    5.84079921e-01 1.93972087e+00 1.40478849e-01 6.43555403e-01
    1.51443696e+00 1.77694798e-01 1.64926147e+00 -4.32857752e-01
    -2.45911539e-01 -9.28086162e-01 1.98656678e-01 3.87118459e-02
    2.69081473e-01 1.40201592e+00 1.04772139e+00 -8.22758377e-01
    1.46137953e-01 -9.68971491e-01 1.93828523e+00 2.67509937e-01
    1.66336620e+00 -4.68454540e-01 -8.70073915e-01 -7.15611577e-02
    1.85725248e+00 5.01380146e-01 -6.43107891e-02 -6.72485828e-02
    7.99767017e-01 6.11854792e-01 9.29242373e-01 1.48017097e+00
    1.57935417e+00 8.63184214e-01 7.00368285e-01 1.36823356e+00
    -6.10938907e-01 -2.33442307e-01 8.20254207e-01 7.63913035e-01
    7.58651257e-01 -5.88343859e-01 7.24993944e-01 9.35212135e-01
    -9.58458185e-01 -4.95434403e-02 1.41367245e+00 -2.63056993e-01
    -7.83606946e-01 1.83275008e+00 8.19502831e-01 -1.21966958e-01
    -7.99800396e-01 -5.63626170e-01 1.61127567e+00 -5.55442095e-01
    1.14207995e+00 -4.44104254e-01 1.75780368e+00 1.06116652e+00
    7.33770549e-01 1.31771719e+00 1.74148917e+00 1.58431363e+00
    -4.61034089e-01 4.38785434e-01 6.57076299e-01 2.88091481e-01
    -1.18264556e-01 1.60906911e+00 3.14799309e-01 7.39988089e-01
    1.77792084e+00 1.47909319e+00 1.43984318e+00 9.00122881e-01
    -3.61406505e-01 -2.27671385e-01 1.08987737e+00 -6.51057601e-01
    -7.77504146e-01 -3.97378027e-01 1.48822081e+00 6.24573767e-01
    1.59222651e+00 -7.79437125e-01 1.15746379e+00 1.34720206e-02
    -7.79781938e-02 1.53719163e+00 2.85250902e-01 -5.06997049e-01
    1.06028175e+00 1.25430298e+00 1.53958845e+00 8.21419239e-01
    1.02579224e+00 7.02938557e-01 6.12747192e-01 7.62382984e-01
    -2.99626589e-02 8.69252443e-01 1.54985011e+00 1.79363608e+00
    -3.29265893e-01 5.93317628e-01 1.69009387e-01 -4.55896914e-01
    1.10305250e+00 1.40924907e+00 1.01872027e+00 -3.83312762e-01
    1.92871547e+00 1.51971042e+00 -2.55405009e-01 1.21257758e+00
    -4.87166911e-01 7.90706992e-01 1.10218072e+00 -8.23125660e-01
    -8.38868022e-02 1.46076381e-01 1.20547390e+00 -4.83240485e-02
    1.44042253e-01 1.13550270e+00 7.85847783e-01 -6.58302546e-01
    -5.69830358e-01 -3.26233029e-01 4.79481876e-01 5.08512378e-01
    6.60024881e-02 1.04990935e+00 1.48312402e+00 8.35309684e-01
    7.56458879e-01 1.76911998e+00 -2.86292911e-01 4.11536038e-01
    2.69716382e-02 -9.70195234e-01 -9.01693523e-01 1.88004529e+00
    1.49914861e+00 1.51638520e+00 -2.41920233e-01 1.14464772e+00
    1.20428276e+00 3.49455237e-01 1.61520839e-01 5.20378947e-01
    7.80365705e-01 7.18815327e-02 1.75678682e+00 6.54647231e-01
    9.03607488e-01 -5.47226131e-01 1.64765358e-01 -4.70279574e-01
    1.86029220e+00 9.92654741e-01 6.13263845e-02 1.92894399e-01
    -6.19848907e-01 -6.63599610e-01 -4.11411941e-01 3.75130236e-01
    -6.81881905e-02 -3.05663466e-01 -8.47894728e-01 1.56624722e+00
    -2.74178386e-02 3.64018798e-01 1.62298691e+00 1.47554040e+00
    1.03544426e+00 6.10962152e-01 -9.24811363e-01 -1.77518249e-01
    6.06588244e-01 1.48109794e-01 1.28148937e+00 -6.47982061e-01
    2.03080797e+00 -6.39935374e-01 1.22164941e+00 8.55683446e-01
    1.52509129e+00 5.52615285e-01 -8.72498035e-01 1.00749183e+00
    1.40256119e+00 3.64824116e-01 -1.17145181e-02 -3.96972239e-01
    -4.83236909e-02 -9.96988654e-01 1.15828264e+00 -7.59580135e-02
    1.34292042e+00 6.83823705e-01 1.26090240e+00 1.51932633e+00
    1.69980073e+00 1.52913439e+00 -9.68528390e-02 -2.50370383e-01
    -8.44415963e-01 1.54365540e+00 -5.14672995e-01 8.31756413e-01
    1.51051283e+00 7.75346637e-01 1.20514154e-01 1.78003335e+00
    -5.93112946e-01 -1.27071142e-01 1.34355855e+00 1.85856771e+00
    1.52810109e+00 2.79070437e-01 -2.17142522e-01 6.75605536e-02
    2.18584538e-02 1.21403146e+00 1.62858820e+00 1.03369522e+00
    3.89469028e-01 1.15179205e+00 3.39270353e-01 1.20679235e+00
    -1.39106691e-01 9.88233268e-01 1.06113696e+00 9.66733694e-03
    -6.87517166e-01 3.73268187e-01 7.87448525e-01 1.87884903e+00
    -7.85844743e-01 -2.83308208e-01 7.12768495e-01 -7.12709665e-01
    -7.20026493e-01 3.32642913e-01 4.54376161e-01 -8.16538453e-01
    6.68430448e-01 -9.56975818e-02 1.59295321e-01 1.50233471e+00
    -1.44466639e-01 -3.27743232e-01 4.38603759e-02 9.67833400e-01
    1.49992681e+00 -4.36219543e-01 2.99245119e-03 -2.86579728e-02
    1.51996255e+00 -4.07969415e-01 1.65733838e+00 -3.86119485e-01
    1.93453348e+00 1.87995207e+00 -9.03953195e-01 1.66666591e+00
    6.73544288e-01 2.54310489e-01 -4.35295463e-01 6.53580785e-01
    5.54192543e-01 1.01785672e+00 4.23833489e-01 -2.89108098e-01
    2.42654443e-01 9.71078396e-01 1.48968768e+00 4.00243402e-01
    -6.55386925e-01 -6.06677413e-01 1.42258346e+00 1.75983465e+00
    8.46216798e-01 3.72396708e-02 1.65520012e+00 -4.75119591e-01
    7.33733177e-03 1.15712225e+00 -6.77835107e-01 1.25835538e+00
    1.01967549e+00 1.38587308e+00 8.73111844e-01 1.25275242e+00
    -3.60935986e-01 1.79718399e+00 -4.32716012e-01 8.37518752e-01
    1.22637153e+00 3.23465228e-01 1.59625101e+00 -4.23640072e-01
    -6.72580361e-01 9.23312545e-01 1.00334811e+00 -7.33272851e-01
    -1.23203933e-01 2.00806761e+00 -6.06914043e-01 8.57228100e-01
    -9.07757461e-01 1.19206786e+00 1.37106872e+00 -6.64971113e-01
    1.27668309e+00 5.26826441e-01 1.89330888e+00 -9.10780549e-01
    1.84379053e+00 -1.81868196e-01 -5.97569704e-01 1.08053207e+00
    5.61855435e-02 1.27072930e+00 1.65153587e+00 8.96308661e-01
    9.57583189e-01 6.67426586e-01 8.86046171e-01 1.21251941e+00
    -3.91926169e-01 -8.43015075e-01 6.35973752e-01 1.72303402e+00
    4.34000790e-01 1.23852897e+00 1.39499569e+00 -9.10919964e-01
    8.87058496e-01 5.35236061e-01 1.55281329e+00 -8.27205241e-01
    7.80301094e-01 5.98669112e-01 7.73566842e-01 -9.45162714e-01
    1.17286646e+00 1.45053923e+00 1.10624814e+00 -6.51474118e-01
    5.54225564e-01 4.40347672e-01 -5.81084490e-01 1.78056979e+00
    1.87789166e+00 7.04864264e-01 1.73464489e+00 -8.14324975e-01
    4.41638231e-02 6.21245325e-01 7.85052896e-01 -3.76320720e-01
    1.32960629e+00 1.27024412e+00 6.10896647e-01 5.13545156e-01
    -6.47298336e-01 5.73864341e-01 1.09665704e+00 1.58742619e+00
    1.56277609e+00 4.19540763e-01 3.20212722e-01 5.58396876e-01
    1.73480403e+00 1.27090287e+00 -1.06048286e-01 1.51387215e+00
    9.92618680e-01 1.68379712e+00 1.98899245e+00 1.47149992e+00
    1.29288614e+00 -1.06808841e-01 1.70357180e+00 1.61531389e-01
    -5.31350493e-01 2.18406200e-01 1.37822795e+00 1.68942761e+00
    -6.00371957e-02 -5.41654468e-01 7.14080393e-01 4.53050435e-01
    1.45462513e+00 2.86865234e-01 1.59605372e+00 9.81800556e-02
    -3.00507724e-01 -3.33169341e-01 8.25264215e-01 9.39110518e-01
    1.66327763e+00 1.69330752e+00 -2.50948071e-01 1.51189661e+00
    9.65641618e-01 1.21957660e-01 -8.23050141e-01 9.19688225e-01
    7.36233234e-01 -9.31614280e-01 1.46170259e+00 3.84222031e-01
    7.52060771e-01 3.01316738e-01 -3.66429269e-01 1.33696437e+00
    1.47033274e-01 8.36805224e-01 9.21353519e-01 1.63075638e+00
    1.77456200e+00 9.17745709e-01 3.80080462e-01 -5.74830055e-01
    1.39607859e+00 1.43153167e+00 5.44905901e-01 -9.75115299e-02
    -6.35400414e-01 3.28192830e-01 -3.27322483e-02 9.54811454e-01
    -3.81313503e-01 -3.80694330e-01 6.84607506e-01 7.75011897e-01
    2.51798093e-01 1.47955537e+00 -2.56860852e-01 -4.66787815e-03
    5.81741035e-01 -1.15791321e-01 -7.95536160e-01 -6.11322641e-01
    1.37013566e+00 2.62721300e-01 5.78096330e-01 8.82082462e-01
    5.30795932e-01 -8.32954407e-01 5.66800833e-01 -4.82516050e-01
    1.06081164e+00 -9.80140388e-01 5.38982868e-01 1.52396750e+00
    5.66950738e-01 8.98902476e-01 1.13837004e-01 -3.92984211e-01
    1.06467247e-01 -5.09386480e-01 -3.53008091e-01 1.00291133e-01
    2.30106831e-01 8.35359573e-01 4.62594628e-02 9.49975371e-01
    -2.77479589e-01 1.72497940e+00 -8.61402571e-01 7.65516937e-01
    1.73782277e+00 4.09384906e-01 -7.37833261e-01 1.13946939e+00
    1.80375195e+00 1.89557314e+00 -1.67899907e-01 -8.82271290e-01
    1.11264050e+00 -6.47401214e-02 1.69195890e-01 4.68559742e-01
    5.74259460e-01 -7.97251284e-01 -4.35175896e-02 1.08254790e-01
    5.83223581e-01 3.54897380e-01 7.22910762e-01 8.59049082e-01
    1.32323325e+00 -3.62126470e-01 1.24598086e+00 -7.32036471e-01
    -4.97144461e-01 -4.08734977e-01 -6.68399453e-01 1.54007435e+00
    1.65795541e+00 1.38499916e-01 1.87730825e+00 -2.99469173e-01
    1.21147346e+00 1.47906661e-01 -1.92528188e-01 1.85153067e+00
    8.85721266e-01 -8.70131791e-01 1.69446754e+00 1.62334204e-01
    4.40858603e-01 3.08012187e-01 -2.31445074e-01 2.81233966e-01
    1.94173014e+00 1.59893072e+00 1.04882967e+00 1.69701791e+00
    8.65526676e-01 1.59307194e+00 1.74302340e-01 -5.64413071e-01
    9.86557961e-01 -5.74903846e-01 1.62105286e+00 1.68176973e+00
    6.71857119e-01 1.76857555e+00 9.24149573e-01 8.56681228e-01
    3.52047086e-01 -2.06834495e-01 7.08618164e-02 1.49371672e+00
    -2.81520188e-01 3.01377952e-01 1.60817814e+00 1.34279823e+00
    3.72877240e-01 -9.02419984e-01 1.06580937e+00 4.03770447e-01
    1.93749022e+00 -4.94014084e-01 1.01189554e+00 1.13049161e+00
    4.31738138e-01 2.43701041e-01 1.02664757e+00 1.60492539e+00
    1.81042743e+00 -6.25243187e-02 1.97127759e-01 3.05526853e-02
    1.34628701e+00 -5.42784512e-01 1.68043780e+00 3.82040918e-01
    1.68653274e+00 1.41207802e+00 8.73157024e-01 2.33346343e-01
    1.14603066e+00 3.29364657e-01 1.01978958e+00 -6.60890162e-01
    -3.65106463e-01 2.56777406e-01 -5.29529333e-01 6.69041276e-02
    1.58531880e+00 3.31693113e-01 1.68998885e+00 1.79754198e+00
    -8.48869205e-01 2.31131196e-01 -1.02896237e+00 1.51844168e+00
    1.25679874e+00 7.05579162e-01 1.77086222e+00 -9.74795461e-01
    1.16379821e+00 9.34065580e-02 4.06426072e-01 9.01833296e-01
    -1.73888445e-01 1.74788141e+00 1.12252533e-01 -1.56822026e-01
    4.43673909e-01 -6.41866922e-02 2.65824974e-01 1.35654926e-01
    -2.51980424e-01 5.48739851e-01 -9.50440168e-01 1.08880603e+00
    1.50962543e+00 7.07681537e-01 8.87283683e-01 -6.29692614e-01
    1.23550987e+00 8.30353737e-01 -9.58351552e-01 9.77972031e-01
    1.31217849e+00 1.50596535e+00 -3.48977447e-01 1.57684350e+00
    7.98847318e-01 -7.18082607e-01 1.30267322e+00 1.56584167e+00
    1.70405960e+00 7.75328815e-01 2.98907936e-01 -1.90571010e-01
    7.93680906e-01 1.07984853e+00 -2.22999692e-01 -8.46231222e-01
    1.27661860e+00 1.02380431e+00 8.61559033e-01 1.47681332e+00
    8.94248486e-04 5.72736502e-01 -6.99290335e-01 -3.88291776e-01
    3.80437136e-01 1.26846683e+00 -5.59689283e-01 1.51347947e+00
    1.26305580e-01 -6.96744800e-01 1.24719715e+00 1.74696159e+00
    -3.18366945e-01 1.46659744e+00 1.38997674e+00 -5.92746794e-01
    -6.87738061e-02 1.23293746e+00 2.53885031e-01 -1.57085240e-01
    -2.55348682e-01 5.64512491e-01 4.94477749e-01 -3.63973260e-01
    -1.63583696e-01 4.35989738e-01 1.31817579e+00 -1.08054113e+00
    -8.37227345e-01 3.46580744e-01 1.18261003e+00 2.06156135e-01
    1.82837856e+00 -4.49665368e-01 -9.76127386e-02 2.41782188e-01
    4.59313393e-03 -6.55411482e-02 1.52709746e+00 -3.13596964e-01
    1.52202773e+00 -3.60859156e-01 1.66993177e+00 4.57643867e-01
    -9.83147740e-01 -4.23753023e-01 -7.65655160e-01 1.65375233e-01
    -7.48953342e-01 1.15781558e+00 -7.48572230e-01 5.86748600e-01
    1.17195690e+00 9.94384885e-01 -7.54649580e-01 1.39977098e+00
    1.60283327e+00 1.97105408e+00 2.66476572e-01 1.40289640e+00
    3.66562545e-01 7.12304115e-01 -1.93623424e-01 8.12274873e-01
    1.65478802e+00 8.94916654e-02 1.63994265e+00 1.72921300e-01
    1.34745288e+00 9.43677723e-01 -8.51450086e-01 -8.19549024e-01
    1.88152289e+00 1.85881293e+00 1.88879800e+00 -1.09789789e-01
    -7.14927077e-01 1.82132292e+00 1.88533616e+00 -6.34941876e-01
    -7.32175112e-01 7.05377817e-01 8.78419757e-01 2.19082415e-01
    1.84707665e+00 2.74412990e-01 5.62101722e-01 5.66562295e-01
    1.86649096e+00 9.01662290e-01 -5.21492004e-01 1.20905066e+00
    5.10303855e-01 1.00814593e+00 -1.21051848e-01 4.46692348e-01
    3.27793479e-01 1.74360895e+00 8.96114290e-01 1.89710379e-01
    1.50055671e+00 4.50199246e-02 -1.98490858e-01 8.27754676e-01
    1.31718326e+00 1.88684106e+00 1.52576041e+00 1.47371304e+00
    2.24450588e-01 1.44222903e+00 -8.16423059e-01 7.29596496e-01
    5.63351214e-01 7.80445218e-01 -8.71067822e-01 2.25620270e-01
    -5.67890346e-01 1.50272584e+00 1.91675901e+00 6.91034555e-01
    1.14185810e-01 -4.56318557e-01 1.07414055e+00 1.61095357e+00
    1.50917101e+00 1.10744524e+00 7.77072787e-01 1.45826459e+00
    -3.24444771e-02 3.74319017e-01 1.72136831e+00 1.67896414e+00
    1.54342186e+00 -3.29059184e-01 1.54372072e+00 7.87114859e-01
    1.21365011e+00 1.64638138e+00 -2.49238491e-01 -7.12219357e-01
    9.06248808e-01 -8.95786822e-01 -8.74438643e-01 -1.40844107e-01
    8.41007531e-01 -1.61117256e-01 -1.42495751e-01 1.61670518e+00
    2.73094237e-01 -9.04479742e-01 5.12802660e-01 5.48461258e-01
    1.23211503e+00 1.35989583e+00 4.52514291e-01 -4.02572870e-01
    1.61396062e+00 -6.05395436e-01 1.70582402e+00 4.80844498e-01
    -1.96834624e-01 -5.22045016e-01 -3.52096796e-01 8.76324058e-01
    8.10129166e-01 -7.02213705e-01 1.42182744e+00 -8.46344471e-01
    1.56303132e+00 1.88826680e+00 4.26576614e-01 1.35620010e+00
    8.76855254e-01 1.07489061e+00 -2.85911202e-01 5.64731479e-01
    1.13504779e+00 4.35466170e-02 -9.08798575e-01 -4.98189628e-01
    1.36344731e-01 1.58724284e+00 1.36715627e+00 -7.36995578e-01
    1.66851234e+00 1.46472311e+00 8.67500961e-01 4.77409661e-01
    1.40795791e+00 -2.87965536e-01 -5.73171973e-01 -8.32048714e-01
    1.47298121e+00 1.43957233e+00 1.39456511e+00 1.76676643e+00
    2.97250628e-01 -7.22991109e-01 1.62451053e+00 5.73327243e-01
    -6.98463798e-01 5.49013436e-01 5.97608328e-01 5.69218874e-01
    6.31116927e-01 1.48334944e+00 7.06327677e-01 -6.02517128e-02
    -6.42435074e-01 1.43993771e+00 1.53371334e+00 1.24405026e-01
    1.59925222e+00 -5.76444387e-01 5.27296305e-01 -8.81659925e-01
    1.09266698e-01 5.77743292e-01 -8.47396255e-01 1.17342043e+00
    4.37263072e-01 1.60517716e+00 -2.35920668e-01 -4.87245917e-02
    -8.20528865e-02 9.40327764e-01 -7.90779471e-01 1.34715104e+00
    1.49867082e+00 -6.53726876e-01 -3.08319330e-02 6.79599881e-01
    2.60949254e-01 9.81663108e-01 -6.44133449e-01 3.36910486e-02
    1.52769613e+00 1.10493898e-01 -2.74150491e-01 5.47994494e-01
    1.68580937e+00 -3.88462722e-01 7.45981455e-01 -4.90538478e-02
    -1.07762218e-01 -4.02617812e-01 -4.57929254e-01 -4.43247974e-01
    1.31964695e+00 5.56862712e-01 1.09259212e+00 1.11379957e+00
    7.11826921e-01 8.99726152e-02 1.40159619e+00 1.71856284e-02
    -3.02012026e-01 1.49021387e-01 3.81471515e-01 1.47068000e+00
    -4.01756644e-01 1.76578450e+00 -6.62494302e-01 -4.49684501e-01
    5.94659269e-01 1.13175797e+00 3.37118387e-01 8.97072434e-01
    5.24622858e-01 6.07161820e-01 2.14098454e-01 1.80597281e+00
    1.56750464e+00 1.30443275e-01 1.48187184e+00 1.82914329e+00
    -1.75172210e-01 1.69889939e+00 1.16807592e+00 8.50241423e-01
    1.51971936e+00 1.22878039e+00 1.39726388e+00 1.42345822e+00
    -2.91491628e-01 9.43166494e-01 2.34502792e-01 3.84517193e-01
    3.76300931e-01 -4.33837175e-02 1.40423524e+00 -8.48485649e-01
    -7.85318077e-01 1.85113275e+00 -9.25892830e-01 5.07111669e-01
    -2.43010402e-01 -6.35650218e-01 2.31760859e-01 9.41443443e-03
    1.25909388e+00 1.72110796e+00 1.55327499e+00 1.14273226e+00
    4.25184608e-01 -8.86260867e-01 7.23945141e-01 3.45716476e-01
    -8.77168477e-01 -7.08658516e-01 -5.32648563e-01 1.78746700e-01
    -7.29720294e-01 4.91097331e-01 1.33329821e+00 1.55473065e+00
    -2.19312370e-01 1.86359310e+00 -3.93884778e-02 -8.94143581e-01
    -6.86183691e-01 8.49210620e-02 1.16964722e+00 -4.11011994e-01
    6.12139702e-02 1.55369246e+00 -8.89894962e-01 -1.46571338e-01
    9.04417634e-01 1.96367264e-01 7.24607348e-01 -1.49168670e-01
    1.79652905e+00 1.29003119e+00 -2.74004042e-01 4.53473687e-01
    8.50164056e-01 1.00116730e-01 6.56142473e-01 1.70705938e+00
    1.06819534e+00 -4.10718083e-01 1.07986403e+00 -3.50872576e-01
    1.79792547e+00 1.75433898e+00 -1.08626306e-01 -5.43892384e-03
    1.20539379e+00 1.44285619e+00 8.60112309e-01 1.09949410e+00
    1.70560825e+00 9.23383236e-03 -5.14245749e-01 1.51796103e+00
    -7.34702349e-02 4.80790436e-01 -6.72427416e-01 9.72008705e-03
    -9.07911837e-01 1.69599843e+00 9.69068170e-01 1.45791364e+00
    6.97088718e-01 5.88729382e-01 -6.01457357e-02 1.51974559e-01
    1.01375651e+00 -7.57866263e-01 6.08865917e-01 7.66684294e-01
    -3.40297222e-02 -7.08778679e-01 1.79412556e+00 -4.83398199e-01
    1.83676922e+00 -7.10940719e-01 4.45289791e-01 -1.08029485e-01
    -5.07776201e-01 8.31713736e-01 -1.85136259e-01 -6.44263208e-01
    1.23058319e-01 1.07469416e+00 -1.48926139e-01 4.62624192e-01
    -8.93733680e-01 -9.48868573e-01 -1.71243250e-01 1.20427799e+00
    1.17102265e+00 9.42021132e-01 -2.44354844e-01 3.37273359e-01
    -7.15003133e-01 -8.67735505e-01 3.11537504e-01 1.55351758e+00
    1.30015647e+00 -4.63112712e-01 -3.93085539e-01 -3.23930323e-01
    1.05870676e+00 -1.17787004e-01 1.30342340e+00 -8.85861516e-02
    -8.75389934e-01 2.03759313e-01 -9.30833161e-01 1.29645240e+00
    6.39305115e-01 -8.89177263e-01 1.54570389e+00 1.43022728e+00
    1.19321108e+00 -9.71277416e-01 1.44942963e+00 1.74084818e+00
    1.28599012e+00 1.30099285e+00 1.07925546e+00 -3.76016796e-01
    -5.12466848e-01 9.66489077e-01 1.00366235e-01 -8.57415140e-01
    1.91936505e+00 1.61957204e-01 -7.21057951e-01 -5.35867691e-01
    -5.15458047e-01 1.32940125e+00 1.54826236e+00 1.61571312e+00
    2.05045915e+00 -4.66021836e-01 -6.45152211e-01 5.89776635e-01
    5.21787226e-01 1.13676286e+00 1.06921029e+00 -5.55559576e-01
    1.15978646e+00 1.17913008e+00 3.81655395e-01 -5.96377015e-01
    -6.62896633e-01 -2.52621472e-01 1.76224828e+00 -4.64241415e-01
    1.44751644e+00 5.69162846e-01 1.42254567e+00 -7.68804193e-01
    4.62450922e-01 -3.21010113e-01 -5.95262051e-02 1.68458974e+00
    -9.07485962e-01 1.36561966e+00 -4.37680781e-01 1.23296976e-01
    1.23728156e-01 1.37384558e+00 -5.54062247e-01 2.83869505e-01
    9.78465438e-01 -2.20703542e-01 1.68247116e+00 8.69391263e-01
    1.12545204e+00 -6.62812769e-01 1.43171954e+00 -1.16844535e-01
    -1.47482753e-01 1.46624625e+00 9.50856209e-01 7.60825813e-01
    8.35845470e-01 9.66979861e-01 8.61121416e-02 6.29668355e-01
    1.64436579e-01 -1.23617411e-01 7.28341103e-01 1.11131907e+00
    4.66281652e-01 -7.56045222e-01 -1.09029734e+00 1.65340972e+00
    1.63678181e+00 -3.01162481e-01 1.73671746e+00 -3.00917804e-01
    -4.43642676e-01 5.78178704e-01 3.89556587e-01 1.74219537e+00
    2.70589888e-01 1.28800559e+00 1.50781381e+00 3.06593299e-01
    1.58176720e+00 -9.71345305e-02 6.81533337e-01 6.03643358e-01
    -4.01038289e-01 1.27370143e+00 -4.28848863e-02 5.18540740e-02
    -2.74980962e-01 -6.07861698e-01 1.63786173e+00 -8.12850654e-01
    -3.82390738e-01 1.37749374e-01 1.30064619e+00 -7.08930016e-01
    -8.49657059e-02 -5.18949151e-01 -1.92154646e-02 5.19368649e-02
    4.67953086e-01 8.95178020e-01 1.93751633e-01 -8.36780429e-01
    8.43514323e-01 1.14639330e+00 -8.69582891e-02 -6.39020562e-01
    5.62945247e-01 4.29967999e-01 -3.41512680e-01 1.82617497e+00
    6.90672636e-01 -4.07049656e-02 1.67355716e+00 1.23800111e+00
    2.38730073e-01 -5.44872284e-02 9.29005384e-01 3.74636173e-01
    6.85207009e-01 4.53501940e-02 1.68613660e+00 1.65952992e+00
    -4.19709623e-01 1.15004253e+00 4.31106329e-01 7.98096061e-01
    -1.88699961e-02 2.01507211e-01 9.20889497e-01 8.09605062e-01
    1.66928840e+00 1.19502974e+00 -5.96629322e-01 1.71220088e+00
    1.53409326e+00 1.51077449e+00 1.76089764e+00 3.84003997e-01
    5.35090089e-01 9.92185354e-01 8.10634315e-01 -8.53167653e-01
    -3.91614377e-01 9.26911712e-01 -9.73273695e-01 1.08665991e+00
    1.74031091e+00 1.39202690e+00 1.43802238e+00 1.16397476e+00
    -7.35446334e-01 8.31209302e-01 1.93048537e-01 -1.43088520e-01
    9.38289165e-01 1.89329553e+00 7.19195485e-01 1.76901126e+00
    -6.76869035e-01 1.52628314e+00 -5.00540912e-01 1.05263793e+00
    1.88697910e+00 1.81199598e+00 1.03599155e+00 1.16667354e+00
    9.61868405e-01 7.96326399e-02 -7.77618706e-01 1.49792075e+00
    1.26476836e+00 -6.00678682e-01 -5.71069956e-01 1.65445030e-01
    -1.24984205e-01 6.79973125e-01 -3.42569530e-01 -3.89111638e-02
    -1.85150325e-01 1.29710495e+00 5.47521651e-01 -4.47008073e-01
    1.74801826e-01 9.39448237e-01 -4.94790435e-01 7.05056727e-01
    1.50452220e+00 1.32651162e+00 -6.40042782e-01 7.59055555e-01
    -4.39630210e-01 -5.27202487e-01 1.33078575e+00 1.50783288e+00
    -2.16612399e-01 1.92471123e+00 9.61321235e-01 1.92568731e+00
    1.61602259e-01 -2.00123966e-01 1.30084157e-02 -2.70869374e-01
    9.29787159e-01 1.49989319e+00 1.71361351e+00 1.80835402e+00
    -3.00470293e-01 1.77545071e+00 7.85987258e-01 -5.16266823e-02
    3.73264134e-01 1.81714761e+00 -7.67571509e-01 -7.82321095e-01
    1.94047570e+00 1.79144096e+00 -8.16646218e-02 -3.35122228e-01
    5.29050589e-01 1.69785023e-01 -8.80048573e-01 -6.58036947e-01
    7.51531124e-01 4.42633867e-01 1.01220286e+00 1.79683125e+00
    1.51467323e-01 -1.99496329e-01 1.01280212e+00 1.88076234e+00
    1.91656172e+00 3.70949864e-01 9.35487211e-01 8.65425229e-01
    -9.04204369e-01 1.70502830e+00 4.04348552e-01 1.53613555e+00
    1.84376180e+00 1.74510348e+00 1.26710308e+00 8.89654994e-01
    1.62143767e+00 8.50241184e-01 -8.38681459e-02 -7.47732639e-01
    9.20279860e-01 -7.08120108e-01 6.55497074e-01 1.29487240e+00
    2.56451368e-02 3.82083416e-01 1.49078417e+00 5.10771155e-01
    7.50646830e-01 4.57705259e-02 1.36454737e+00 1.67869794e+00
    1.22683156e+00 5.57334185e-01 8.07150424e-01 -6.27231598e-02
    8.30259323e-01 8.02059650e-01 1.27421153e+00 -8.81276786e-01
    -1.03693962e-01 -5.29109299e-01 -7.81855226e-01 6.66510522e-01
    -2.50772715e-01 -1.70448601e-01 1.44768763e+00 -1.13832176e-01
    7.29197919e-01 4.18823242e-01 1.49573648e+00 1.87194610e+00
    -2.08658099e-01 1.87516761e+00 5.71525037e-01 1.50651848e+00
    -8.05817127e-01 -8.91346335e-01 1.61339283e-01 9.42622364e-01
    -5.63991487e-01 1.33238637e+00 1.65442407e+00 -6.44580483e-01
    3.77591372e-01 9.53427553e-01 1.89177191e+00 7.64596641e-01
    -7.41944432e-01 -2.34612465e-01 -9.10019279e-02 3.71037185e-01
    1.56910753e+00 -1.47304773e-01 8.97799313e-01 1.10671282e+00
    1.07580686e+00 -7.20716000e-01 1.62705052e+00 1.00409269e-01
    -9.20411110e-01 6.61563575e-01 2.55512953e-01 5.69576979e-01
    -3.33635151e-01 1.66692734e-01 1.57219827e+00 1.76250923e+00
    1.07946479e+00 -8.63423944e-02 1.29355919e+00 5.02429724e-01
    1.40666521e+00 2.55429745e-03 1.73814857e+00 1.66988659e+00
    -2.54024029e-01 -8.12544227e-01 1.06012332e+00 2.76219845e-01
    -7.22856283e-01 3.26492071e-01 1.52493834e+00 -8.33418965e-01
    1.07525921e+00 4.83839154e-01 -9.00621772e-01 4.17105138e-01
    -4.23837900e-01 1.76585913e-01 8.87405097e-01 1.51246369e-01
    -6.46019161e-01 1.43595815e+00 6.57514572e-01 -8.12074661e-01
    9.49765503e-01 1.43842196e+00 4.43866611e-01 1.16488707e+00
    4.68435287e-01 -9.59955633e-01 7.67636895e-02 1.85328686e+00
    1.59751439e+00 -8.39710474e-01 -8.96812677e-01 2.39950240e-01
    1.61705542e+00 5.33490062e-01 1.91539812e+00 -7.49697089e-02
    -6.36028469e-01 8.13121319e-01 1.41820192e+00 -6.33097291e-02
    6.98392987e-01 2.46290445e-01 5.37055254e-01 1.17702627e+00
    1.45613551e-01 -1.59315109e-01 2.79100537e-01 1.11899292e+00
    1.42608809e+00 3.19309592e-01 8.37833881e-01 7.15360999e-01
    1.04087341e+00 4.60569143e-01 2.74353862e-01 7.49051094e-01
    1.01136816e+00 1.80886316e+00 1.47207224e+00 1.21661067e+00
    1.26236165e+00 7.03318119e-02 -6.81370854e-01 5.90075850e-01
    -3.41932535e-01 1.75589430e+00 1.27610731e+00 3.68366539e-01
    -2.06617832e-01 1.86778069e-01 4.98257160e-01 -7.10021257e-01
    1.51191103e+00 8.16405356e-01 1.74526381e+00 -8.40689778e-01
    2.50680208e-01 -8.26768696e-01 1.71772861e+00 1.30704594e+00
    2.73091257e-01 1.20121765e+00 1.45828605e+00 -2.21831441e-01
    4.92618084e-01 -7.13516891e-01 4.11299825e-01 4.43097591e-01
    1.49402595e+00 -5.53345978e-01 1.59392715e+00 1.91293025e+00
    -1.04415238e-01 4.32279468e-01 -2.95690298e-02 -3.19429219e-01
    -6.44337416e-01 1.37679613e+00 1.04330182e+00 7.31204748e-01
    7.56611586e-01 4.48174238e-01 1.92778921e+00 1.51058269e+00
    6.08848512e-01 1.16833019e+00 2.01592922e-01 -7.71825731e-01
    -2.87341654e-01 1.09735203e+00 -5.10834694e-01 7.05262303e-01
    -7.09084153e-01 8.32807779e-01 3.12767744e-01 1.78349364e+00
    4.36214507e-01 7.51264632e-01 1.98891068e+00 -7.19618738e-01
    -9.19083357e-01 -1.47701442e-01 -6.79116368e-01 1.50893354e+00
    1.67117834e+00 -2.95289993e-01 -5.46150446e-01 -8.22975636e-01
    8.35765600e-01 1.95310938e+00 1.78452623e+00 1.26784348e+00
    4.02498841e-02 -3.71368885e-01 1.87417066e+00 9.26354647e-01
    -9.00312483e-01 1.58430529e+00 1.32433939e+00 1.75548935e+00
    2.65680194e-01 1.52025497e+00 -8.22758675e-01 1.88048077e+00
    -5.67911506e-01 1.48866713e+00 1.01282418e-01 6.07920825e-01
    1.35859227e+00 1.34379435e+00 -4.53333199e-01 1.58528936e+00
    -4.36323702e-01 1.44829321e+00 -3.21714997e-01 1.91291463e+00
    2.55932391e-01 1.13088918e+00 1.01926517e+00 -2.40227640e-01
    1.95540488e+00 2.01392627e+00 -7.89405644e-01 -2.77292728e-02
    4.29608524e-01 -2.27492571e-01 8.77202868e-01 4.70277667e-01
    -2.49303102e-01 1.70018160e+00 3.46919179e-01 1.01945460e+00
    -1.42600298e-01 -5.63556671e-01 1.25807762e-01 -1.00392818e+00
    -2.83531010e-01 1.69774270e+00 9.84479427e-01 -5.99752724e-01
    1.88653612e+00 5.91993690e-01 7.16891289e-02 -6.25997901e-01
    1.45876563e+00 7.62340903e-01 -1.75554335e-01 -7.02067792e-01
    -4.91689503e-01 1.66684818e+00 -2.90912628e-01 2.39778638e-01
    7.45270729e-01 9.97089982e-01 1.76846409e+00 -5.34110487e-01
    -7.98934579e-01 -3.64932358e-01 4.10800815e-01 3.61172140e-01
    -7.25805163e-01 1.08477330e+00 1.14161408e+00 1.04112327e-01
    1.20328367e-01 1.21666610e+00 1.30938435e+00 1.79122365e+00
    4.52395380e-01 1.71244299e+00 -7.67610252e-01 -1.36468589e-01
    -4.99140471e-01 8.27299058e-01 -6.01928830e-02 7.94775665e-01
    -2.25753069e-01 4.09475446e-01 5.30146956e-02 -5.97902954e-01
    1.63910508e+00 1.63406348e+00 4.40741181e-01 1.68651307e+00
    -3.00407469e-01 3.85098338e-01 8.91779065e-02 6.29120231e-01
    3.19662154e-01 1.48543751e+00 1.47465873e+00 1.84249532e+00
    1.25501704e+00 1.29621768e+00 -8.34079742e-01 1.39704072e+00
    2.22306967e-01 -5.57105064e-01 -5.01171470e-01 7.57246733e-01
    2.22201049e-01 -2.94873476e-01 -6.38144374e-01 6.42900586e-01
    1.55490673e+00 1.61684704e+00 1.00357258e+00 1.19703496e+00
    7.46524453e-01 8.16587329e-01 5.86156249e-01 1.81832623e+00
    1.07143629e+00 -3.93973053e-01 1.56187546e+00 1.17284560e+00
    -3.86993527e-01 -1.76633656e-01 3.14695716e-01 9.06774759e-01
    -4.61498022e-01 1.94331074e+00 8.86373222e-01 -6.55537724e-01
    1.10128450e+00 1.45267177e+00 -7.32338190e-01 3.25968087e-01
    1.28153706e+00 6.27173305e-01 1.62892914e+00 4.69085336e-01
    4.92661953e-01 -1.00113571e-01 1.81880391e+00 -4.46091801e-01
    -2.96991408e-01 1.42048454e+00 1.15794587e+00 1.99980521e+00
    1.37590408e+00 -6.20553911e-01 5.36954820e-01 8.90544355e-01
    5.91342092e-01 8.84434581e-02 8.63781154e-01 1.25005865e+00
    -8.99988353e-01 9.54576969e-01 -4.94580746e-01 1.57460189e+00
    1.70571327e+00 -2.83715606e-01 5.15656948e-01 1.70606875e+00
    5.24688125e-01 -2.49688804e-01 1.53403091e+00 -2.26659775e-01
    1.69714141e+00 1.11885500e+00 -8.75443935e-01 1.21735835e+00
    7.80084848e-01 2.57231712e-01 1.08002472e+00 7.57195830e-01
    1.05775547e+00 1.37962925e+00 -3.84233475e-01 8.02884102e-02
    -5.38731933e-01 1.35068250e+00 1.74928927e+00 3.15574288e-01
    4.58163619e-01 8.53167295e-01 1.07045627e+00 9.49141502e-01
    1.87020493e+00 1.35041535e+00 -7.79748142e-01 9.70459223e-01
    3.28269839e-01 1.90402269e+00 -1.52459919e-01 5.85476995e-01
    3.73377204e-02 5.53058326e-01 1.64139688e-01 -3.69036198e-02
    6.13279700e-01 -4.09682930e-01 1.81496251e+00 1.01045966e-01
    3.34206939e-01 1.33764386e-01 6.90621674e-01 4.54098284e-01
    1.48249865e-01 3.66899550e-01 1.74030280e+00 -5.94850898e-01
    1.58228397e+00 4.70078409e-01 7.13738441e-01 9.07810450e-01
    1.13313329e+00 -7.86687434e-01 1.22484219e+00 1.15317512e+00
    6.17417336e-01 1.65610540e+00 1.97949767e-01 1.84085894e+00
    -7.13642776e-01 6.55505657e-02 -8.30932677e-01 -6.90646291e-01
    1.89044273e+00 1.14512122e+00 8.55315268e-01 1.65311122e+00
    1.11620021e+00 -7.46298611e-01 1.89987636e+00 1.58394766e+00
    -3.17153692e-01 3.03351998e-01 1.78855908e+00 1.77587557e+00
    -8.67008686e-01 4.21864271e-01 1.25241137e+00 4.83286977e-02
    -9.65501070e-02 -5.38973808e-01 5.71065128e-01 4.87312317e-01
    1.39810014e+00 -8.53460908e-01 4.77633357e-01 -5.97476244e-01
    -1.21422231e-01 -8.50167274e-01 6.46032512e-01 1.53371990e-01
    5.74083805e-01 -2.48120844e-01 8.72986972e-01 -5.05033433e-01
    -7.56272078e-01 1.22543335e+00 -7.80702591e-01 1.76630545e+00
    8.33243191e-01 1.66477132e+00 -3.40959311e-01 6.87777102e-01
    1.89902031e+00 8.69758248e-01 1.28764439e+00 7.04166651e-01
    7.12802529e-01 1.50258458e+00 -2.31143475e-01 1.14029276e+00
    1.01373935e+00 1.47844195e-01 1.75597000e+00 1.02998686e+00
    1.68849158e+00 -3.61055017e-01 1.70147610e+00 7.24801719e-01
    1.27210236e+00 7.39890277e-01 2.06097174e+00 7.31962562e-01
    4.32205796e-02 -3.21481586e-01 1.68680716e+00 9.66789067e-01
    -1.22492611e-01 1.44478822e+00 -3.20804119e-01 1.35085797e+00
    -3.53870213e-01 3.74286652e-01 1.15205050e-01 1.08917546e+00
    1.63378870e+00 1.17009294e+00 1.55029297e-02 5.19086123e-02
    -1.44231439e-01 -7.29997158e-02 4.74736214e-01 1.18820333e+00
    1.34386027e+00 -3.34240675e-01 -6.40703440e-01 3.99954319e-02
    -1.04992890e+00 1.41606152e+00 1.24561822e+00 7.68419504e-01
    -6.73369467e-01 -6.91478729e-01 9.00025129e-01 -6.15480661e-01
    1.26145673e+00 -8.88227940e-01 1.07426929e+00 1.64167070e+00
    1.38280606e+00 1.23489165e+00 2.57359505e-01 6.43986464e-01
    -5.61214089e-01 -9.30843174e-01 6.05444610e-01 -2.59098828e-01
    1.60734427e+00 -5.75689495e-01 1.89150381e+00 -4.39412236e-01
    4.76487398e-01 -1.41493738e-01 4.33729887e-02 -2.01307535e-02
    6.09592021e-01 1.02422976e+00 -2.51891613e-01 -5.39145112e-01
    -2.87985206e-01 1.94425678e+00 1.59251332e+00 -5.61341524e-01
    -2.57162690e-01 -9.61157322e-01 2.90188611e-01 1.25489104e+00
    6.67048633e-01 4.63774741e-01 1.04553223e-01 -9.49757397e-01
    -8.93540621e-01 9.85662937e-01 -2.55586267e-01 1.63225234e-01
    -1.32872760e-01 1.65035725e+00 1.72302687e+00 9.78894055e-01
    -4.47388381e-01 6.38878763e-01 1.89001048e+00 -3.76853943e-01
    1.79307330e+00 1.50717282e+00 1.70914245e+00 5.71552396e-01
    -2.51147807e-01 1.44559050e+00 -3.61008048e-01 1.75822198e+00
    -6.62713051e-01 1.19141603e+00 4.57102895e-01 1.80717063e+00
    9.95249271e-01 1.56755388e+00 -9.65026438e-01 -9.22328651e-01
    -7.59135127e-01 1.02273285e-01 -7.84726620e-01 1.82425165e+00
    8.68037939e-02 -6.03010297e-01 -1.99191034e-01 8.62375259e-01
    7.21990824e-01 1.01079166e+00 1.26425600e+00 1.88249564e+00
    -6.47951961e-02 -7.21841395e-01 1.10752583e+00 4.41463351e-01
    1.85453618e+00 1.47080493e+00 1.40291882e+00 1.39428675e-01
    -9.42467391e-01 1.75557733e+00 -6.33063912e-02 1.61109066e+00
    1.60366988e+00 1.18634152e+00 -4.03618217e-01 9.57156003e-01
    -8.47006440e-02 1.56255651e+00 -6.44050837e-01 -2.83032835e-01
    1.40922034e+00 1.64385581e+00 1.36326826e+00 -3.96834493e-01
    -7.07739770e-01 1.68899512e+00 1.77869177e+00 1.65261078e+00
    5.97594857e-01 -3.53708148e-01 -7.46131897e-01 -2.91161954e-01
    1.46038520e+00 -9.89665031e-01 1.69329047e+00 1.50288022e+00
    1.18566978e+00 3.56171250e-01 6.69338822e-01 -1.86552703e-01
    -9.33134377e-01 -5.28435230e-01 -8.84514451e-02 6.71164215e-01
    1.00822282e+00 9.50022578e-01 1.78999472e+00 1.34726191e+00
    1.35371625e-01 -5.04787445e-01 1.34620285e+00 -3.09472084e-02
    -8.93815279e-01 4.04933870e-01 -5.73603570e-01 1.13550258e+00
    8.94231737e-01 8.55614722e-01 1.13776767e+00 1.37625408e+00
    -3.98157835e-01 1.46677172e+00 7.25391090e-01 1.80918622e+00
    1.30987692e+00 -6.43023193e-01 1.43538547e+00 7.92020977e-01
    -6.33237362e-02 6.00027025e-01 8.27623188e-01 1.61880326e+00
    -4.96236533e-01 -3.98765445e-01 -4.15480375e-01 7.37529039e-01
    6.46526814e-01 2.97816753e-01 1.83653271e+00 5.56435466e-01
    9.04665709e-01 -8.21024179e-02 2.49403834e-01 1.74547195e+00
    -4.37861502e-01 -7.30939627e-01 -9.64273810e-02 1.48678768e+00
    -7.07041383e-01 7.49963701e-01 2.94091165e-01 1.44211543e+00
    -8.61640513e-01 1.41946614e+00 -8.45128655e-01 4.78543758e-01
    1.68998837e-01 2.71985412e-01 9.49183822e-01 1.83730602e+00
    9.65538144e-01 2.17348337e-02 5.54418683e-01 -3.07527244e-01
    2.01312184e-01 -2.28865385e-01 -5.35377264e-01 6.14466608e-01
    -8.85598660e-02 1.29152858e+00 7.37614036e-02 6.99044108e-01
    3.82169247e-01 8.22619200e-02 1.23619175e+00 -3.08910966e-01
    4.25918043e-01 4.68107283e-01 1.57152152e+00 6.01856530e-01
    -1.50573850e-01 -2.81323671e-01 -6.07472241e-01 4.48301375e-01
    -4.65161026e-01 -2.96331346e-01 -3.09973061e-01 -2.87779987e-01
    -7.71597505e-01 6.64733052e-02 3.23684931e-01 -2.53515363e-01
    1.19728756e+00 1.87864327e+00 2.42757201e-01 5.26895165e-01
    -6.55893624e-01 -3.86557281e-01 3.35427880e-01 1.51026344e+00
    -7.59380460e-02 1.72232771e+00 7.29101539e-01 -2.32964635e-01
    1.56437707e+00 1.79394376e+00 -2.41225004e-01 -9.20514524e-01
    -1.25310957e-01 7.21355677e-02 1.23246908e-02 1.29857516e+00
    -2.61399686e-01 -8.85751367e-01 1.69639015e+00 7.49652684e-01
    -5.39527655e-01 9.18887734e-01 6.17846906e-01 7.06476331e-01
    1.48461902e+00 -4.49116528e-01 1.52075207e+00 1.80050433e+00
    9.74420190e-01 3.96127582e-01 3.28574300e-01 1.73015475e-01
    1.52820766e+00 1.36807060e+00 5.84882021e-01 -5.35810590e-01
    1.09462750e+00 -9.52607155e-01 -1.04765189e+00 -8.42500508e-01
    4.87406492e-01 -9.98350203e-01 1.48489523e+00 1.28092241e+00
    1.33418059e+00 4.01557148e-01 -4.89873916e-01 5.34361720e-01
    -4.80790824e-01 -4.01967168e-02 2.06379604e+00 -2.62558401e-01
    -2.87403643e-01 5.03257513e-02 -2.68080115e-01 8.34829211e-01
    1.85814416e+00 -1.39285266e-01 2.74632096e-01 1.98237777e-01
    -2.38114297e-01 9.61248100e-01 2.62482047e-01 4.41516221e-01
    5.35825551e-01 -6.78480625e-01 2.70387173e-01 5.57966471e-01
    1.47587705e+00 1.54214799e+00 -6.08471632e-01 1.09431291e+00
    1.11895156e+00 9.89936948e-01 5.16267538e-01 1.15145278e+00
    1.08667994e+00 5.82824171e-01 -8.06926906e-01 1.48122263e+00
    4.65753675e-01 1.14312339e+00 1.03812325e+00 6.33667827e-01
    1.63794637e+00 1.23387516e+00 -8.16386819e-01 1.68863201e+00
    1.21924448e+00 1.33789325e+00 -9.48407233e-01 1.26615202e+00
    4.43165302e-01 6.33671165e-01 -6.65558457e-01 3.64989996e-01
    -9.61836696e-01 -8.66092443e-02 7.82548308e-01 1.22037053e+00
    -1.60915852e-02 1.23366129e+00 1.50285006e+00 -4.68457878e-01
    1.25278258e+00 1.45902920e+00 6.96750283e-01 1.66213119e+00
    4.97602224e-01 -1.58056974e-01 1.87623858e+00 -2.75323749e-01
    5.68350315e-01 2.42710829e-01 -8.69090736e-01 1.60635996e+00
    1.92408943e+00 1.36597633e-01 1.10530794e+00 6.66598082e-02
    -6.16532981e-01 -6.06995702e-01 -6.13225698e-01 -7.81971216e-03
    9.39727366e-01 -1.30642235e-01 5.93962669e-02 -7.73558199e-01
    1.61783004e+00 1.45553207e+00 -1.33841574e-01 6.18607819e-01
    -2.03604341e-01 7.37323463e-01 6.41709566e-01 1.13304007e+00
    1.38938808e+00 -1.33137763e-01 -7.97669530e-01 -8.98392618e-01
    5.40122986e-01 -8.88170719e-01 -5.39514661e-01 1.90583587e+00
    1.50544143e+00 6.64239764e-01 -5.35495400e-01 -3.48591149e-01
    -2.17538953e-01 5.00707507e-01 8.20033789e-01 1.82315826e+00
    -7.36318111e-01 -7.78523445e-01 2.97404766e-01 1.19310975e+00
    1.34619009e+00 -5.34104347e-01 1.62439227e+00 -5.98484874e-01
    8.89991879e-01 1.40299392e+00 1.17248571e+00 4.08005357e-01
    4.61380601e-01 -8.44125867e-01 1.22996867e-01 -1.26255929e-01
    1.35254359e+00 -8.04194808e-01 -8.96727502e-01 -9.05748308e-01
    -6.31619453e-01 -5.57249784e-01 9.07144725e-01 -2.17280984e-02
    1.19546843e+00 -5.58821619e-01 -2.12053359e-01 -7.85093129e-01
    1.61263514e+00 -6.67939901e-01 -1.33890092e-01 1.24894094e+00
    -7.32766390e-02 1.34378290e+00 -7.52513349e-01 -1.17386281e-01
    8.08648646e-01 -5.47901392e-02 -2.10466087e-01 -5.17892599e-01
    1.69838476e+00 6.55083239e-01 -3.94068241e-01 1.43580997e+00
    -4.91468489e-01 -8.03137481e-01 7.37967491e-02 5.27601719e-01
    2.59297490e-01 1.59672904e+00 -8.85127544e-01 3.95148754e-01
    -6.91899180e-01 1.83975565e+00 -2.04323769e-01 7.88589537e-01
    4.87150788e-01 3.78265321e-01 -3.64682615e-01 1.51801014e+00
    -1.48656726e-01 1.37108350e+00 5.17046452e-02 -6.56851649e-01
    -3.63695443e-01 -7.38027096e-01 1.27354479e+00 1.54644132e+00
    1.72720337e+00 7.31469452e-01 -5.85551262e-02 1.03136361e+00
    5.68129122e-01 1.98293471e+00 5.69621205e-01 9.08714771e-01
    1.35336304e+00 6.20922625e-01 -5.79727590e-01 1.03832221e+00
    1.42170191e+00 1.89167845e+00 -2.20812023e-01 -7.41674304e-02
    1.39984894e+00 6.76537216e-01 7.63394833e-02 -3.70871425e-01
    3.67374241e-01 -8.73540640e-02 2.14995384e-01 8.25350940e-01
    1.44236922e+00 1.49677694e+00 2.90562510e-01 4.65294361e-01
    2.62687922e-01 5.59556901e-01 -3.72349560e-01 -7.36750841e-01
    6.41308546e-01 -6.72854304e-01 -1.43033922e-01 1.13024247e+00
    7.26021051e-01 1.34166777e+00 2.90137529e-03 9.12380815e-01
    1.76014793e+00 -6.30259335e-01 7.22869635e-02 6.89276695e-01
    -2.80231476e-01 -4.11206841e-01 1.32011950e+00 7.69220591e-02
    3.52571607e-01 -5.99285364e-02 -6.39433980e-01 1.74800539e+00
    -2.56013036e-01 -2.44030356e-02 -4.02930498e-01 9.70203161e-01
    8.00607920e-01 -7.86269426e-01 9.28352058e-01 1.56535459e+00
    3.64089847e-01 -6.41817689e-01 3.72782707e-01 -6.32441521e-01
    1.43115830e+00 6.77241206e-01 -2.97754169e-01 -2.78735220e-01
    1.61021936e+00 1.78246760e+00 1.57849109e+00 1.53554749e+00
    8.61943245e-01 1.33746338e+00 -1.55270159e-01 7.18993783e-01
    1.58863628e+00 1.73284066e+00 1.72098255e+00 1.13702774e+00
    1.23867404e+00 -3.78621638e-01 2.80390620e-01 9.60135162e-01
    -7.50864148e-01 1.23092246e+00 9.14774954e-01 -7.26647258e-01
    8.03134620e-01 1.22421110e+00 -3.42502594e-01 7.32988596e-01
    -6.47400141e-01 1.09152305e+00 1.21996844e+00 1.36013699e+00
    -6.58008575e-01 -6.66498184e-01 1.60139751e+00 5.20491242e-01
    1.70719385e+00 1.11033845e+00 3.95265818e-01 1.82650530e+00
    1.05449402e+00 1.94735742e+00 2.84166396e-01 -4.68222082e-01
    3.47595811e-02 1.76824927e-02 2.83546388e-01 -4.10408139e-01
    -7.44523406e-02 -6.69065714e-01 -5.59680045e-01 -1.92504585e-01
    -8.33311200e-01 9.75413203e-01 1.99562907e-01 1.63125539e+00
    -6.85749710e-01 9.52734351e-02 -2.86967218e-01 -5.74865282e-01
    1.02033710e+00 1.47491407e+00 5.50960541e-01 1.61529362e-01
    8.45130205e-01 1.54426622e+00 -8.96723032e-01 -3.32158267e-01
    1.41662729e+00 8.50096941e-02 -2.19178200e-01 -7.85248697e-01
    -3.44879746e-01 1.22474158e+00 -7.41180182e-02 -3.53189647e-01
    1.49313641e+00 6.38616681e-01 -2.13505030e-02 1.57883966e+00
    1.89000034e+00 1.82435822e+00 1.19921064e+00 4.34688210e-01
    4.62889075e-02 1.19019341e+00 1.19287252e+00 -2.06404567e-01
    1.10464585e+00 -1.37900054e-01 -1.69436455e-01 6.36108100e-01
    -9.42286849e-02 -3.92254919e-01 1.69951189e+00 1.12858641e+00
    1.98268449e+00 1.40612435e+00 -3.71802688e-01 -4.31467891e-01
    -6.96664155e-01 1.74600708e+00 1.32558417e+00 3.79468381e-01
    1.80515552e+00 -6.09095454e-01 -1.91295564e-01 -4.42119360e-01
    1.51049852e+00 1.90923977e+00 2.19098985e-01 1.83035636e+00
    -6.84721470e-01 6.23389363e-01 -8.76736522e-01 5.66644788e-01
    7.82745004e-01 3.40264440e-01 7.18138337e-01 1.19450641e+00
    4.72595692e-01 -3.90201032e-01 -5.91573477e-01 -2.13648736e-01
    -7.71180153e-01 9.21175241e-01 1.50042224e+00 -3.67456079e-01
    8.26809168e-01 -9.05836821e-01 1.11576974e+00 -9.61731315e-01
    2.90119350e-01 9.10683274e-01 -6.23208880e-01 6.61753118e-01
    1.66075468e+00 1.25611115e+00 1.17322648e+00 8.00008118e-01
    1.45687032e+00 8.46613944e-01 1.75890970e+00 1.87265968e+00
    6.63429439e-01 -1.76715553e-01 1.74411023e+00 1.29712105e+00
    1.70522094e+00 3.72023821e-01 -2.97109127e-01 1.50569677e-01
    8.68430495e-01 1.28177965e+00 3.52509201e-01 1.36837685e+00
    3.92123640e-01 2.01731861e-01 8.57942462e-01 -8.29712629e-01
    -4.91408348e-01 -2.51654983e-02 1.15244496e+00 5.30829430e-01
    8.23078573e-01 -7.17557073e-01 2.64000535e-01 1.22486210e+00
    -8.74502659e-02 6.84365273e-01 6.87735915e-01 -1.28837407e-01
    -9.55563426e-01 2.37620294e-01 1.40266633e+00 -1.56142652e-01
    1.96702945e+00 2.80036449e-01 1.88791060e+00 -4.45078552e-01
    -8.97577584e-01 2.79700398e-01 1.10276961e+00 1.38189483e+00
    9.80071783e-01 3.97642136e-01 7.77307987e-01 1.01345336e+00
    1.92381287e+00 -6.56750798e-01 -9.46748435e-01 -4.07186687e-01
    6.71958685e-01 -1.35847092e-01 8.57416391e-02 -2.38437116e-01
    -2.99339592e-01 -7.33062685e-01 1.78729367e+00 1.61726105e+00
    8.87366831e-01 1.26373410e+00 1.21384549e+00 -2.05321014e-01
    -6.93170786e-01 -1.80352688e-01 9.39613581e-01 1.93323922e+00
    1.39687300e+00 -4.21560764e-01 1.46509981e+00 -6.06350303e-01
    1.68400192e+00 7.14621544e-02 1.69749618e+00 2.87418902e-01
    1.09004772e+00 1.18793309e-01 1.96931982e+00 -8.11201930e-01
    2.21838534e-01 1.68863225e+00 3.48919213e-01 1.69589889e+00
    2.19076157e-01 1.63864994e+00 7.50829816e-01 2.27769613e-01
    -1.69157863e-01 8.43973398e-01 3.18077326e-01 9.66964364e-01
    -8.13420415e-02 -1.94897890e-01 -4.30427790e-02 -5.89725971e-02
    -7.16956615e-01 -5.48172176e-01 -1.12486959e-01 7.11894751e-01
    -6.17867649e-01 7.70422280e-01 -1.45870626e-01 4.85800803e-01
    1.53291178e+00 9.37777877e-01 -7.92481184e-01 8.55382621e-01
    9.51293409e-01 1.57906425e+00 1.53132164e+00 -4.85936195e-01
    1.34029222e+00 9.90014553e-01 9.80920315e-01 -4.43327725e-01
    8.53329957e-01 -3.53209853e-01 -7.19510913e-02 -3.52142572e-01
    1.06480193e+00 5.69761038e-01 1.14060044e-01 1.09399557e+00
    1.32150519e+00 -5.42704940e-01 1.14976525e+00 -1.06280327e-01
    4.27608013e-01 5.73612034e-01 6.35654390e-01 -6.49468482e-01
    1.07917118e+00 -8.61291885e-01 4.55856204e-01 8.09765339e-01
    -7.91596889e-01 1.33779502e+00 4.15098727e-01 -2.58159220e-01
    5.08714855e-01 -2.89064527e-01 -6.12850547e-01 -5.29189706e-02
    1.83549929e+00 -5.93544841e-02 -4.87038910e-01 9.87924695e-01
    1.23717606e-01 2.54387200e-01 -6.46833777e-02 1.10427022e+00
    -4.89192575e-01 7.96705544e-01 2.18247473e-01 1.84869134e+00
    -4.09030318e-02 7.23344862e-01 7.88954556e-01 -5.48224628e-01
    -4.69208926e-01 1.77986372e+00 8.30632448e-03 1.65693426e+00
    2.52027214e-01 5.26960790e-01 2.59696305e-01 1.55837727e+00
    1.18954587e+00 9.52719450e-01 1.75601888e+00 -5.15576303e-01
    -1.02844596e-01 7.48231888e-01 -4.14831340e-01 1.34708261e+00
    -1.19092166e-01 -1.12174153e-01 -9.19153214e-01 4.85685110e-01
    1.63158023e+00 4.67088580e-01 3.21196795e-01 3.67377639e-01
    1.60491276e+00 1.97252035e-01 8.81826282e-01 -7.51380146e-01
    5.66093445e-01 1.19830596e+00 1.38846517e-01 2.93046594e-01
    1.51409078e+00 -1.60790801e-01 -4.86719608e-03 1.13191724e-01
    1.08872247e+00 1.39274037e+00 1.34234810e+00 7.32621431e-01
    -7.52396166e-01 -2.64112949e-01 -8.80820751e-01 1.34906197e+00
    5.10163844e-01 1.74760699e+00 -5.33184409e-01 1.89522195e+00
    1.04758549e+00 -1.07598186e-01 1.90283728e+00 4.42589045e-01
    -2.26962328e-01 1.72586322e+00 1.74291790e-01 -8.58453751e-01
    6.21642172e-01 1.31554723e-01 8.02837908e-01 9.64762986e-01
    -7.13309288e-01 -2.59600461e-01 1.62636638e+00 -2.37948060e-01
    1.79181635e+00 1.81540918e+00 8.02037179e-01 -2.99130261e-01
    -2.18520045e-01 3.97744775e-01 1.91185260e+00 7.33037114e-01
    -9.02091503e-01 1.56195474e+00 -4.15252447e-02 5.67559481e-01
    1.27049649e+00 -9.40850794e-01 1.74007821e+00 4.40208673e-01
    1.68477571e+00 5.92079043e-01 1.83149457e+00 -4.62941110e-01
    1.83111644e+00 1.00598574e-01 -8.22757304e-01 -3.22686493e-01
    7.45423794e-01 5.66731572e-01 1.16031718e+00 1.91891360e+00
    -9.51588631e-01 1.05166054e+00 -3.31136703e-01 1.17011142e+00
    9.15903211e-01 6.28033876e-02 -6.22800767e-01 -5.93088984e-01
    -5.36450148e-01 1.36581063e+00 1.22287953e+00 -1.83648288e-01
    1.33829951e+00 1.07075572e+00 5.31448722e-01 4.50834274e-01
    1.00863779e+00 1.44362664e+00 1.87946415e+00 -1.93864703e-01
    1.43146694e-01 1.63347495e+00 -1.46174908e-01 -6.53332353e-01
    1.60345614e-01 -3.90024185e-02 7.70069659e-01 -9.36381042e-01
    2.89355040e-01 1.79400694e+00 1.86082530e+00 9.03840065e-01
    5.82609653e-01 -1.60832882e-01 1.64794660e+00 8.78823400e-01
    7.67797709e-01 1.55595064e-01 -2.12514102e-01 5.47106504e-01
    1.57286811e+00 1.05138850e+00 -3.21027398e-01 -6.29484653e-03
    1.12713993e-01 1.61521137e+00 3.64309788e-01 -4.57775176e-01
    -1.84565246e-01 6.30122423e-02 1.75560164e+00 7.62835264e-01
    8.47335994e-01 1.10864234e+00 1.41859210e+00 5.29402733e-01
    1.55881000e+00 4.35708106e-01 6.12201810e-01 -2.81461656e-01
    9.86082792e-01 1.74677169e+00 1.85581148e-01 1.80601752e+00
    -3.25309992e-01 7.93983936e-01 3.33921194e-01 -7.64719784e-01
    -6.85187042e-01 1.47247696e+00 1.25976610e+00 1.31731868e+00
    -3.80177021e-01 5.49377263e-01 5.59172869e-01 -6.25262499e-01
    -1.58253074e-01 1.29212689e+00 1.53595471e+00 3.21508646e-01
    1.06296372e+00 -3.93867910e-01 -6.49309754e-01 -7.31695533e-01
    1.42395496e-02 5.70628524e-01 6.65997565e-01 -8.71530175e-01
    7.41004348e-01 4.03433442e-01 5.57638168e-01 1.60905254e+00
    3.01304698e-01 3.56003404e-01 8.08863521e-01 6.87034130e-01
    -7.44122386e-01 4.67189550e-02 1.74084675e+00 -2.89364874e-01
    -6.93550885e-01 1.58734524e+00 1.15559828e+00 -3.62997413e-01
    1.73215139e+00 -4.46463227e-01 -5.50270081e-01 7.06276357e-01
    -4.74840045e-01 6.02353036e-01 9.63030577e-01 -3.43349636e-01
    9.72281694e-01 3.55656624e-01 -2.34791994e-01 4.48006630e-01
    1.00610375e+00 -3.76107275e-01 9.46849704e-01 1.21831536e+00
    -2.81209052e-01 9.17091131e-01 4.69580054e-01 -6.49161339e-02
    1.23902369e+00 1.17859030e+00 1.73358476e+00 1.88084316e+00
    1.45891213e+00 1.85761678e+00 1.71799302e+00 1.73552513e+00
    1.02768970e+00 1.51655555e+00 1.92009950e+00 1.33742213e+00
    9.58107829e-01 -8.52518439e-01 -7.99413979e-01 2.02821112e+00
    -5.11334836e-01 -3.76989871e-01 1.62672400e-02 2.00612545e-02
    6.04992151e-01 1.54382145e+00 1.83827376e+00 7.48502016e-01
    3.62827480e-01 1.53574383e+00 1.31438613e+00 1.13826013e+00
    1.31265390e+00 1.88282847e+00 1.57353103e+00 1.22933817e+00
    6.56859398e-01 1.18511331e+00 -2.43361533e-01 5.97751021e-01
    -5.84155679e-01 -3.80558729e-01 6.76493943e-01 1.08062851e+00
    1.80034232e+00 8.30868423e-01 4.86169100e-01 -2.37869620e-02
    1.96796930e+00 1.48482537e+00 1.61998439e+00 -7.11065352e-01
    -6.93482161e-02 3.39350343e-01 1.75972581e-01 8.87105465e-02
    6.88481688e-01 7.34328866e-01 -1.04184031e-01 1.85472429e-01
    1.81152165e+00 -6.28813624e-01 -9.07235563e-01 1.19622970e+00
    7.07096219e-01 -5.89712858e-01 1.07894242e+00 1.28371716e-02
    1.42244887e+00 5.99974394e-01 1.72168875e+00 -8.49547148e-01
    6.67660236e-01 1.63845181e+00 3.72806787e-01 -9.25061822e-01
    8.79231215e-01 1.51830804e+00 1.37787461e-01 -5.03006637e-01
    1.96795344e-01 8.42512250e-01 1.96566272e+00 -1.49451673e-01
    5.49680233e-01 -8.82658899e-01 1.53897762e+00 5.35108447e-01
    -5.32993853e-01 -5.40753722e-01 1.79795027e-01 -2.84224212e-01
    5.02848625e-01 -6.26347065e-01 -4.48561400e-01 -1.96672499e-01
    6.14953637e-02 1.27786684e+00 1.82903147e+00 5.64579725e-01
    1.10434532e+00 -9.35518920e-01 5.83035231e-01 8.25839639e-02
    -7.68089294e-01 5.61208725e-02 -3.87390852e-01 1.07239103e+00
    6.65734053e-01 -5.66914618e-01 1.69123268e+00 2.71922886e-01
    9.73868370e-03 1.44786596e+00 7.95756519e-01 -1.96930528e-01
    3.60926986e-01 1.21973419e+00 -6.65161729e-01 2.53078461e-01
    1.13531983e+00 -4.03983831e-01 -9.39523399e-01 1.93442237e+00
    1.11020160e+00 1.96694994e+00 1.50585508e+00 5.73784113e-02
    7.79931009e-01 1.03779531e+00 1.01632726e+00 2.32011676e-01
    -3.11304688e-01 3.64615619e-01 1.22674966e+00 1.12218070e+00
    -3.80109131e-01 -8.79456282e-01 1.50881231e-01 1.79266429e+00
    5.04620790e-01 -3.20698500e-01 1.21661448e+00 -2.25783467e-01
    1.21593332e+00 1.99138045e-01 -8.33492756e-01 1.52401304e+00
    3.37599874e-01 1.81041861e+00 3.00521135e-01 9.34690535e-01
    -1.47961140e-01 1.37580693e-01 6.18307889e-01 9.37144995e-01
    6.16998374e-01 -8.54747951e-01 -1.47621751e-01 1.02016163e+00
    1.50705218e+00 3.59224319e-01 1.13015199e+00 4.23399746e-01
    -1.26640797e-02 -3.07916880e-01 1.83953261e+00 8.86557341e-01
    5.40631771e-01 1.31389725e+00 1.26747751e+00 1.91784465e+00
    4.51867819e-01 6.43913567e-01 8.04033518e-01 -8.65318835e-01
    -5.25301576e-01 9.33912933e-01 5.75456738e-01 -1.35668635e-01
    1.12417006e+00 -7.83815026e-01 1.89680099e+00 1.64222395e+00
    6.81292295e-01 8.46459985e-01 -6.38043225e-01 1.73534453e-01
    3.34475756e-01 1.61063218e+00 -1.00562608e+00 4.55514491e-01
    1.04754984e+00 1.68517447e+00 -6.01316333e-01 8.13215137e-01
    -2.23713577e-01 9.17764544e-01 1.62210321e+00 -2.89214134e-01
    1.20840061e+00 8.15141201e-03 -8.90891492e-01 7.65893459e-02
    -7.86155462e-03 -1.39398158e-01 8.16465974e-01 1.35831308e+00
    -6.47207975e-01 1.76048493e+00 7.45058060e-01 7.91166902e-01
    3.14248443e-01 1.31924546e+00 4.03284371e-01 -7.54149914e-01
    9.65376139e-01 9.82701778e-01 4.14921999e-01 1.00636482e-01
    2.85134792e-01 1.49333310e+00 1.74467206e+00 1.60629439e+00
    -6.90015495e-01 3.73258889e-01 -1.70040131e-01 1.72327757e-02
    1.28420389e+00 8.29054594e-01 5.99419594e-01 1.58013225e+00
    -7.72385895e-01 3.13713670e-01 -4.81010377e-01 1.00748420e+00
    4.34954226e-01 -4.81894463e-01 1.91604328e+00 1.14911938e+00
    1.31221485e+00 1.25592279e+00 1.32252336e-01 -1.50372267e-01
    1.98356998e+00 -7.68711686e-01 4.34880912e-01 7.74402559e-01
    -2.17046559e-01 -2.60388494e-01 8.90698314e-01 1.06435156e+00
    -8.77333641e-01 4.66120243e-01 -5.29658794e-01 1.61417353e+00
    1.83904314e+00 -6.92546129e-01 9.30959821e-01 3.85992646e-01
    1.43998659e+00 -6.22251630e-02 -9.54883814e-01 -3.89486372e-01
    -8.00071955e-02 9.49081659e-01 9.90543008e-01 1.80928373e+00
    -4.10520971e-01 -8.89931798e-01 6.15128994e-01 -1.02148938e+00
    1.66891313e+00 7.83718765e-01 -4.11824465e-01 9.35343146e-01
    9.65698421e-01 -7.17140377e-01 -5.51120520e-01 6.43902421e-01
    2.84166336e-02 7.07369864e-01 1.28729773e+00 1.56149483e+00
    1.42151713e+00 -2.84687161e-01 7.78720140e-01 -5.34578443e-01
    8.89103830e-01 -2.64599323e-01 -2.96595514e-01 -1.02887475e+00
    2.03067064e-02 1.82506585e+00 3.19961309e-02 2.73507953e-01
    -4.07494366e-01 -5.70827365e-01 1.18709922e+00 -7.61454701e-02
    3.96936238e-01 5.89843810e-01 -9.06014204e-01 -9.65736985e-01
    4.93428230e-01 1.33897746e+00 1.56045377e+00 1.65273046e+00
    -7.15827584e-01 -4.89231944e-01 1.35660362e+00 1.52374232e+00
    1.05511594e+00 1.87153888e+00 1.88898897e+00 1.54383862e+00
    -1.22680664e-02 -1.81376755e-01 8.75997543e-03 1.17776930e+00
    1.62702513e+00 -1.84188187e-01 -9.15205657e-01 -6.41179681e-02
    1.62562788e+00 1.38073540e+00 8.30371916e-01 1.44197881e-01
    1.50318396e+00 1.60926819e-01 1.15024054e+00 4.86784935e-01
    -6.03702068e-01 5.50769091e-01 -1.61485970e-01 1.19068885e+00
    1.22180808e+00 3.40667725e-01 1.57338285e+00 -4.11510289e-01
    3.04524779e-01 2.15004206e-01 -7.80090392e-01 7.77962446e-01
    -8.76194298e-01 2.76525617e-02 3.34371686e-01 -3.90714735e-01
    -5.47003865e-01 -7.96115875e-01 1.60233951e+00 -7.57500529e-01
    -6.21380806e-01 1.64969718e+00 -4.56286639e-01 1.24168038e-01
    -8.25202942e-01 8.93445969e-01 6.76385164e-02 -1.75278783e-01
    1.70562387e+00 -7.29062200e-01 -1.74418688e-01 -1.07422769e-01
    -5.88669837e-01 -7.70070434e-01 -7.31585860e-01 -6.24266624e-01
    -3.03604424e-01 1.87125206e+00 2.30066001e-01 3.02474678e-01
    1.66662657e+00 -8.54189098e-01 1.15883148e+00 -2.85533965e-01
    1.96596992e+00 7.78726816e-01 1.84095168e+00 -7.36892819e-01
    1.70091820e+00 -7.78948069e-02 1.11238170e+00 -5.14261365e-01
    1.08410966e+00 -8.22018683e-01 2.19752192e-02 1.57662129e+00
    6.48554802e-01 1.79675841e+00 -6.08886361e-01 1.35024726e+00
    -7.47351050e-01 7.43902922e-02 -6.57209516e-01 -9.41048443e-01
    -6.43817127e-01 -2.81002223e-01 1.06871367e+00 4.94491041e-01
    6.69768393e-01 -2.65702248e-01 -5.84775031e-01 3.38455737e-01
    1.14056718e+00 -6.16297066e-01 -6.83709443e-01 6.50354385e-01
    1.37240529e-01 6.39558434e-02 -4.87361103e-01 3.69878531e-01
    1.40353060e+00 -2.74851084e-01 -5.19458473e-01 1.06967258e+00
    1.22035193e+00 1.60890031e+00 1.84106362e+00 -9.37421501e-01
    -6.03140712e-01 1.10279226e+00 -2.25515485e-01 1.06080604e+00
    9.09096539e-01 -5.10196865e-01 -1.04745102e+00 6.21737838e-01
    9.05512929e-01 5.92161059e-01 1.37845349e+00 1.13306582e+00
    1.87044907e+00 -6.72032595e-01 -8.47030520e-01 7.19337583e-01
    3.81771326e-01 1.24492371e+00 1.28666615e+00 3.91960144e-03
    4.83427167e-01 -8.63151431e-01 1.16930044e+00 4.76827204e-01
    -4.97545034e-01 -6.43917084e-01 8.35814476e-01 1.37395740e-01
    1.74611139e+00 5.34635782e-02 6.23448730e-01 1.10335732e+00
    -1.02512932e+00 8.78566384e-01 1.64766908e-01 1.62432420e+00
    -8.53923082e-01 8.10020685e-01 3.62811565e-01 1.21045744e+00
    1.63830090e+00 6.56605303e-01 -6.44807220e-01 3.86055350e-01
    -4.70527947e-01 -1.16438091e-01 9.90210295e-01 -1.39126718e-01
    -3.26039255e-01 5.92666864e-03 4.15089190e-01 1.89597070e-01
    6.41615391e-01 5.32730997e-01 1.43591058e+00 -6.58046603e-01
    1.41822314e+00 1.22100282e+00 -4.72683281e-01 -8.29294086e-01
    -3.14266801e-01 3.71114254e-01 -2.87410438e-01 -8.62146616e-02
    1.61882567e+00 5.50328016e-01 1.82054281e+00 5.65922379e-01
    1.11279559e+00 7.71879435e-01 -7.58348584e-01 9.91008461e-01
    1.44712651e+00 8.46351206e-01 -7.68825412e-02 -3.20847929e-01
    -4.75793183e-01 1.69304419e+00 1.19055760e+00 1.33144426e+00
    1.13346565e+00 1.73341155e+00 -6.39093876e-01 1.57632899e+00
    -5.03195524e-02 -5.54738045e-02 -8.71095657e-01 9.62668419e-01
    3.36166620e-01 5.68727493e-01 3.40559721e-01 8.63876462e-01
    1.85636854e+00 1.94698143e+00 8.59944224e-02 -4.13867056e-01
    2.97371268e-01 -1.61087215e-01 1.35755658e+00 -4.18060184e-01
    -1.12582755e+00 2.44395375e-01 5.41587234e-01 -1.92308426e-02
    7.02424049e-01 -7.03387439e-01 -2.53701627e-01 -3.44468355e-01
    -3.56830180e-01 4.21697557e-01 1.68614316e+00 1.01536858e+00
    1.69745421e+00 6.50713027e-01 -5.79523981e-01 1.32900000e-01
    -2.84373760e-02 1.94389081e+00 1.65832925e+00 -6.11658812e-01
    -3.04096758e-01 -4.06505048e-01 -9.49595630e-01 -1.28167152e-01
    1.82915688e-01 1.84684980e+00 1.50054085e+00 3.31833601e-01
    8.74699593e-01 1.46658897e+00 -1.02054071e+00 5.08519173e-01
    5.07445872e-01 1.65974057e+00 -7.75824785e-01 4.30400372e-01
    -5.35546899e-01 1.27016532e+00 4.92376089e-03 1.39769912e+00
    -9.13478792e-01 6.33543611e-01 2.91756272e-01 1.57174110e-01
    1.70577860e+00 1.26419151e+00 1.71945834e+00 7.79526234e-02
    -8.92749906e-01 -9.89716768e-01 1.38847780e+00 5.80452085e-02
    7.86252618e-01 -9.63236868e-01 -7.56928504e-01 1.62656391e+00
    3.98293734e-01 1.75637591e+00 -5.58900893e-01 -9.98531818e-01
    1.30487502e+00 -3.70038152e-01 2.63254642e-01 9.83077407e-01
    -4.41943169e-01 2.28882730e-01 -5.16110957e-01 8.06915581e-01
    1.81226242e+00 1.05934155e+00 -4.96151149e-01 -3.66903901e-01
    1.35767460e-01 1.27985883e+00 4.51683521e-01 1.06183600e+00
    1.29694796e+00 1.26855087e+00 9.02215540e-01 1.62504506e+00
    1.11758184e+00 3.64985764e-01 3.31790805e-01 -8.76831591e-01
    -6.52861238e-01 4.24478352e-01 1.28814459e+00 1.09903097e+00
    -2.17064381e-01 1.70258665e+00 7.25382507e-01 1.50798202e-01
    1.37328267e+00 -2.79719830e-02 -5.26932240e-01 1.63026059e+00
    8.01121175e-01 -1.50689483e-01 1.55482221e+00 -7.22298622e-01
    8.99706781e-01 1.38938737e+00 7.59852648e-01 7.80461788e-01
    -6.91655874e-02 1.78149521e+00 1.86489558e+00 1.68233836e+00
    5.79518437e-01 1.17589188e+00 9.80501056e-01 6.21128500e-01
    -5.94425201e-02 1.74634600e+00 -8.25458467e-01 1.67696714e+00
    5.23547828e-01 1.40134680e+00 1.04928493e+00 -2.31057048e-01
    2.83027291e-02 -5.19462228e-02 1.87189662e+00 -2.71209359e-01
    1.21965098e+00 8.45434189e-01 -6.78115189e-01 9.68925536e-01
    8.14636350e-02 5.24636388e-01 3.00476551e-02 1.20623302e+00
    -4.32518363e-01 3.32617402e-01 1.36875105e+00 6.55156195e-01
    8.47844481e-02 6.21261716e-01 -3.36720169e-01 1.40225291e-02
    6.43224835e-01 -7.90287673e-01 -7.23062336e-01 -8.40929985e-01
    2.61866271e-01 -4.73443151e-01 -8.06979597e-01 1.52364898e+00
    4.31454659e-01 1.18178236e+00 1.06106460e+00 1.47275257e+00
    1.66321898e+00 -1.27928853e-01 3.24265003e-01 1.14789414e+00
    -4.86266613e-02 -7.37711668e-01 1.27259684e+00 -9.80770588e-01
    1.06771290e+00 -2.76680589e-01 6.18668199e-01 8.34441781e-01
    -9.09776926e-01 1.53695548e+00 -2.13110328e-01 -8.41335535e-01
    -6.93285167e-01 3.29527855e-02 -2.50097513e-02 1.24701524e+00
    3.85463238e-01 1.76623833e+00 -3.65061581e-01 1.73490310e+00
    3.29195261e-02 8.42949152e-01 1.30417371e+00 2.00865626e-01
    8.66869926e-01 5.89168668e-01 -2.34082222e-01 -5.66816807e-01
    -3.99568319e-01 1.81993389e+00 1.31208205e+00 -9.77188587e-01
    7.15709329e-01 1.84232080e+00 -5.50719619e-01 1.18773162e-01
    3.42677057e-01 8.62448335e-01 -7.77751625e-01 1.03390169e+00
    9.27315891e-01 1.99819279e+00 -4.21064496e-01 -1.23411477e-01
    -2.12233961e-01 5.50492406e-02 3.07866395e-01 1.95086408e+00
    1.30325162e+00 -1.87238276e-01 -6.61527395e-01 1.56626105e-01
    1.98945248e+00 1.53609776e+00 7.70058155e-01 4.10395741e-01
    1.15221429e+00 7.88806796e-01 9.59892333e-01 2.00401783e-01
    -3.88028622e-02 1.89265001e+00 -9.23272669e-01 -1.46026611e-02
    -2.11062968e-01 -4.68124986e-01 1.37602150e-01 1.96172357e+00
    8.06936324e-01 1.10848629e+00 5.17880142e-01 5.53104579e-01
    1.39699745e+00 1.26062298e+00 2.01816273e+00 1.87586963e-01
    6.12916350e-01 5.65350652e-02 1.34649324e+00 1.39388800e+00
    1.69036937e+00 6.96720362e-01 1.15855122e+00 4.43258286e-01
    -5.75927496e-01 -2.12047100e-02 1.39462304e+00 -2.47753859e-01
    -5.88546872e-01 1.88365412e+00 -4.04060245e-01 -5.18509030e-01
    1.38955629e+00 -3.60693991e-01 6.26955032e-02 -7.83107817e-01
    -4.25318360e-01 8.37151766e-01 -7.15605319e-01 1.32464898e+00
    1.77005148e+00 1.33600819e+00 3.65307450e-01 1.63528860e+00
    -1.81900322e-01 -1.03969514e+00 6.39112949e-01 1.25617695e+00
    1.18636477e+00 9.51535523e-01 1.95655739e+00 1.81307471e+00
    -3.47917974e-01 3.69582832e-01 -6.26854599e-01 4.46560740e-01
    -7.17365503e-01 8.05420995e-01 1.91539741e+00 5.30451536e-02
    1.64293706e+00 1.30047548e+00 -5.21175861e-02 1.72307169e+00
    1.10893774e+00 -6.74115419e-02 -4.30894852e-01 -5.00478864e-01
    1.52272546e+00 -9.94670987e-02 1.41691339e+00 6.20272875e-01
    7.75310993e-01 1.02022398e+00 1.76928401e-01 1.39562845e+00
    1.12549210e+00 -3.83912802e-01 4.07595754e-01 1.87543237e+00
    -8.15770864e-01 -6.14221811e-01 8.49431992e-01 1.71405292e+00
    9.98478293e-01 7.99982667e-01 -7.55472422e-01 1.58723032e+00
    3.75757337e-01 1.16283774e+00 -4.17119801e-01 1.11055756e+00
    2.70252407e-01 1.63395560e+00 1.23208475e+00 -6.87327743e-01
    1.21450663e+00 -1.72142386e-01 1.03837609e-01 1.39943266e+00
    1.39171350e+00 4.64062810e-01 -5.31512737e-01 1.86002636e+00
    8.31386924e-01 3.85192990e-01 -5.35379529e-01 -3.18573236e-01
    1.46972108e+00 4.00737405e-01 -6.11709297e-01 -8.69332314e-01
    8.14668775e-01 1.74546146e+00 -4.75204289e-01 -5.88291407e-01
    -5.25118530e-01 1.06610918e+00 -6.53865337e-02 9.64673579e-01
    1.55731738e-01 -3.56532097e-01 -6.90089464e-01 1.10449553e+00
    8.72922421e-01 -7.24135995e-01 3.74715507e-01 1.72533751e+00
    -3.81133378e-01 -8.20217192e-01 1.17363334e-02 8.47270131e-01
    8.86788547e-01 1.84994054e+00 4.13655758e-01 1.29399765e+00
    -2.87768304e-01 -4.48684484e-01 2.34521627e-02 5.44073999e-01
    1.26840997e+00 1.66242063e+00 -4.86810863e-01 2.28535056e-01
    1.22005880e+00 -1.35878563e-01 7.55715370e-03 1.33187735e+00
    1.65115428e+00 -2.84060299e-01 8.16715240e-01 6.79555416e-01
    7.42994547e-01 -2.81320155e-01 -7.01074123e-01 5.58271348e-01
    1.10405433e+00 6.03634655e-01 -5.52934349e-01 8.34631324e-02
    -8.21007967e-01 -6.70740128e-01 5.34021854e-02 -2.15822279e-01
    -3.37079048e-01 -5.00103235e-01 6.23173237e-01 1.96831536e+00
    4.47453797e-01 -4.62123603e-01 3.90896440e-01 -2.94037223e-01
    1.18259501e+00 1.99864089e-01 4.28698063e-02 1.28237915e+00
    -5.72912097e-02 4.27750111e-01 -5.11730194e-01 1.02558911e-01
    6.36741221e-01 1.35258079e+00 -6.46064162e-01 1.68555295e+00
    4.09639180e-01 2.85520494e-01 -5.19916177e-01 1.94453430e+00
    -4.31804657e-01 1.10604107e+00 5.00506759e-01 1.22296786e+00
    1.48721826e+00 9.30454969e-01 1.33592570e+00 -4.43177998e-01
    -6.44272804e-01 6.49194479e-01 1.33057773e+00 -7.21247494e-01
    1.44136000e+00 -5.95429301e-01 -4.53486860e-01 3.89899611e-01
    1.22620368e+00 1.83792818e+00 5.37497163e-01 -3.34243596e-01
    5.43757081e-01 -4.54664230e-04 -6.47437453e-01 2.19185710e-01
    -1.36454940e-01 -7.11798966e-01 1.49160612e+00 1.55180204e+00
    1.01049685e+00 -7.82159448e-01 1.50215769e+00 5.61080217e-01
    1.48026049e+00 -4.72140133e-01 5.70433497e-01 5.93229294e-01
    6.83664083e-01 1.38845897e+00 1.87954736e+00 -1.25941038e-01
    -2.06898212e-01 4.35947418e-01 1.69800663e+00 -4.41331983e-01
    1.57249463e+00 1.13662362e+00 9.90836799e-01 1.57121158e+00
    1.63487923e+00 1.90086651e+00 -3.39485466e-01 -1.18179202e-01
    6.35743737e-02 2.41071939e-01 3.51728201e-02 -2.26668715e-01
    3.17185998e-01 -6.11867666e-01 -8.35808992e-01 2.67631054e-01
    1.91463113e+00 -3.52058291e-01 5.36287308e-01 1.03327048e+00
    1.45305777e+00 -3.88809860e-01 -2.89222777e-01 2.54662693e-01
    1.10521936e+00 -6.63567901e-01 1.11023939e+00 -7.60209203e-01
    1.43059194e+00 -2.26645887e-01 1.83775735e+00 1.73713195e+00
    5.27768552e-01 1.31926918e+00 7.57434607e-01 2.50724971e-01
    -3.11407328e-01 -9.72468853e-02 6.08938098e-01 -5.84415257e-01
    6.54270768e-01 -7.22979486e-01 -3.29552174e-01 1.13306975e+00
    6.93602800e-01 -8.00477505e-01 -7.66817451e-01 1.45794356e+00
    1.99378192e+00 -8.74160647e-01 8.13833475e-01 -9.04961824e-01
    -3.25908363e-01 1.51655209e+00 1.51923048e+00 1.07778931e+00
    -9.81590748e-02 -5.71666956e-02 1.66939485e+00 -5.76405764e-01
    6.08754873e-01 1.08264732e+00 -4.59652603e-01 1.74925089e-01
    1.69386601e+00 8.29123497e-01 3.00193667e-01 -8.30738544e-01
    3.54696989e-01 1.97408319e-01 1.38214457e+00 8.92643690e-01
    1.60824895e+00 -1.27405524e-02 1.71706069e+00 8.76487553e-01
    -8.20699513e-01 -4.11314964e-01 -3.60605836e-01 -2.31447458e-01
    -3.12176704e-01 -2.59724021e-01 2.02416587e+00 1.74643588e+00
    3.55276227e-01 -2.10868239e-01 -8.29234064e-01 2.47465611e-01
    -1.22398138e-02 1.64263844e-01 -3.84782553e-01 9.23038483e-01
    4.22445536e-01 1.30411983e-01 3.35533500e-01 1.67888093e+00
    7.71308184e-01 3.86068344e-01 -5.15340269e-01 1.19262314e+00
    1.91861510e+00 1.72274268e+00 2.01817930e-01 -3.02557111e-01
    1.01843929e+00 -3.66311610e-01 1.67496026e-01 6.05208874e-01
    5.35320759e-01 1.22552109e+00 -4.62885141e-01 5.44464350e-01
    1.17249370e-01 4.92238104e-01 -1.97032034e-01 1.47133768e+00
    -1.03310943e-01 5.87579489e-01 1.03684747e+00 1.59051406e+00
    8.91768336e-02 1.90749979e+00 1.31175482e+00 1.48910356e+00
    1.32097149e+00 8.68977189e-01 1.23962021e+00 -4.78226364e-01
    1.37326014e+00 1.80089259e+00 1.81110919e-01 4.66366708e-01
    5.67424059e-01 1.40581930e+00 -2.06559062e-01 1.89425492e+00
    -2.59789288e-01 1.63855672e+00 -8.36592495e-01 4.42248464e-01
    1.77930117e+00 1.36130965e+00 1.55508852e+00 -4.27132964e-01
    1.24623144e+00 1.88421297e+00 1.06639028e-01 5.19884467e-01
    1.66664255e+00 1.54744172e+00 -3.49441350e-01 -6.62767947e-01
    9.71362233e-01 1.95210981e+00 9.10820544e-01 6.43559277e-01
    -5.60775995e-01 1.09535062e+00 3.08994591e-01 2.05045676e+00
    1.23364186e+00 2.17762291e-01 -3.70812416e-03 1.19677103e+00
    -3.07685375e-01 1.16122913e+00 1.37291968e-01 -1.86723471e-03
    -2.67496943e-01 -4.24642861e-01 4.64700103e-01 1.15445590e+00
    2.31428146e-02 7.26098299e-01 -1.62326097e-02 -8.83773506e-01
    1.41206229e+00 -1.67710781e-02 1.96788979e+00 4.07369196e-01
    5.49032331e-01 -6.10360980e-01 -7.51601696e-01 -3.46286774e-01
    1.11840034e+00 -5.19173980e-01 1.89712572e+00 -2.19676018e-01
    1.65931225e+00 8.58822405e-01 1.13066185e+00 1.52692139e-01
    1.54995918e+00 1.60967898e+00 1.81357265e+00 8.89463305e-01
    -5.19046783e-02 4.01215971e-01 7.24366903e-01 1.93689477e+00
    9.49365675e-01 -4.74853635e-01 -8.21350038e-01 2.00766993e+00
    -2.13155687e-01 2.08891630e+00 9.52856302e-01 1.29926801e+00
    2.20841169e-02 1.78639412e+00 9.98227954e-01 -3.02471876e-01
    -8.16232443e-01 5.02290368e-01 -4.17792261e-01 1.17367041e+00
    -3.51641238e-01 3.85259986e-01 1.69103265e+00 1.03860378e-01
    6.01712704e-01 2.51762390e-01 1.25848079e+00 -2.85400271e-01
    1.30674970e+00 1.10283864e+00 5.32127738e-01 5.01321554e-02
    3.46676826e-01 1.17628789e+00 1.30906248e+00 5.21295309e-01
    5.05278945e-01 1.66143060e+00 1.21940017e-01 1.68863678e+00
    3.43341708e-01 1.48764908e+00 7.09465742e-01 -8.83078575e-02
    1.30780220e-01 1.70458102e+00 7.81497955e-01 -7.72146463e-01
    -7.32455015e-01 1.40647054e+00 1.16988611e+00 1.72959030e+00
    2.63752520e-01 -4.42877769e-01 9.41370368e-01 1.09262931e+00
    1.71154118e+00 4.66400266e-01 3.42133641e-01 1.74158669e+00
    5.74590921e-01 -6.99043274e-02 -8.25691640e-01 3.51200342e-01
    1.73516273e+00 -2.85340190e-01 -4.84793633e-01 3.08877587e-01
    -1.53479576e-01 7.61109173e-01 -7.63164639e-01 4.71638441e-01
    1.29565787e+00 -3.87145519e-01 1.18794441e-01 3.18622589e-01
    6.10314012e-02 -5.26900530e-01 6.10156059e-02 -8.44767869e-01
    1.27754343e+00 -7.63037980e-01 -6.61173165e-01 -2.11935937e-01
    1.37198257e+00 -7.15981364e-01 7.60702610e-01 7.57846594e-01
    -1.49155557e-01 4.61842895e-01 8.00463021e-01 8.97575915e-01
    1.39765501e+00 -3.71564746e-01 -6.19392037e-01 1.45972180e+00
    -6.14262104e-01 -6.14941001e-01 -1.35143995e-01 -2.25933433e-01
    1.51959121e+00 2.92509258e-01 1.88515484e-01 -2.06451774e-01
    -2.79392898e-01 1.65219128e+00 1.39987302e+00 -3.44316363e-01
    1.87342405e+00 5.05726278e-01 2.00127983e+00 5.73512375e-01
    2.25078046e-01 1.31566167e-01 -9.45458114e-01 6.42158568e-01
    -5.76581299e-01 1.51992285e+00 1.27743959e+00 3.92421603e-01
    9.17932212e-01 -8.09133053e-02 1.77836144e+00 -4.56918776e-01
    1.82673931e-01 1.49277008e+00 1.65638959e+00 -8.23236704e-02
    1.83384860e+00 1.23795831e+00 1.16889226e+00 7.79980779e-01
    -5.09827137e-01 1.36642027e+00 3.24829340e-01 1.54163527e+00
    3.18056285e-01 1.98918104e+00 1.22511089e+00 -4.02515709e-01
    1.74220824e+00 1.26711011e-01 -6.75566316e-01 1.24259257e+00
    1.52527618e+00 -8.82526100e-01 -3.65914345e-01 7.94310629e-01
    1.66817832e+00 1.02168441e+00 1.73409796e+00 1.73346961e+00
    -9.36440885e-01 7.37996638e-01 1.79320014e+00 -3.47624600e-01
    -3.78520846e-01 1.89517570e+00 4.91555095e-01 -5.46884537e-03
    -6.71345115e-01 -4.43735927e-01 9.71385002e-01 7.50615060e-01
    -1.04831994e-01 -8.93640518e-02 1.35754299e+00 1.26740634e+00
    1.31138670e+00 1.50793517e+00 1.26644504e+00 1.65377653e+00
    1.23145819e-01 1.18953729e+00 1.11424470e+00 6.01798892e-01
    5.60004711e-01 -2.46701598e-01 -8.17167342e-01 1.82336950e+00
    1.04255700e+00 5.99178076e-02 1.02391756e+00 -1.00916004e+00
    -5.31962395e-01 1.29055977e-01 -6.71436548e-01 1.75496757e+00
    5.71564198e-01 2.26265073e-01 1.14392531e+00 3.69728088e-01
    4.14248705e-01 4.24474359e-01 1.66487694e-03 1.42831004e+00
    4.20026779e-02 9.55853581e-01 -3.05135787e-01 -2.77228475e-01
    1.76315308e-01 1.70947802e+00 4.05420899e-01 1.27810860e+00
    1.90186846e+00 1.66161692e+00 1.76345336e+00 4.37036157e-02
    7.55232155e-01 7.24185526e-01 7.91471541e-01 2.64986753e-01
    2.84183681e-01 9.62989628e-01 -2.31085122e-01 -3.10408354e-01
    1.87369490e+00 9.37701106e-01 -5.49083114e-01 1.04304051e+00
    -2.25560069e-02 3.09122622e-01 1.50636327e+00 -8.52747679e-01
    7.68053830e-01 1.68096828e+00 1.92898536e+00 4.65656519e-01
    1.63375378e+00 1.91846097e+00 1.43992829e+00 -7.27203250e-01
    2.37810493e-01 -8.07086408e-01 1.43852961e+00 -5.31386375e-01
    -4.96556640e-01 -7.31258512e-01 7.30947912e-01 3.90669644e-01
    3.69344592e-01 9.60906029e-01 7.56437361e-01 1.56542730e+00
    9.72405016e-01 -6.17753148e-01 1.41391611e+00 1.66619158e+00
    -7.51972198e-01 3.08368325e-01 -7.49455571e-01 1.34318745e+00
    1.12500525e+00 -6.84762836e-01 1.22126269e+00 5.53509712e-01
    1.27787530e-01 1.49709749e+00 1.41213846e+00 3.58236790e-01
    1.45900679e+00 7.69048929e-02 1.82172632e+00 -7.08390117e-01
    -2.64298737e-01 -1.45967603e-02 -5.85157156e-01 1.34971154e+00
    9.37412500e-01 1.36889219e+00 -2.88527310e-01 1.11556172e-01
    -1.92202330e-01 -3.93865824e-01 -8.73693109e-01 6.30800247e-01
    1.46136296e+00 1.80812430e+00 1.08474517e+00 1.06700337e+00
    -5.26529253e-01 -7.19008505e-01 -3.95490289e-01 1.73578143e+00
    -6.83188319e-01 9.03617263e-01 1.76900756e+00 1.11168933e+00
    1.48273778e+00 1.41004348e+00 1.57532740e+00 -2.77183950e-01
    8.64739418e-01 1.76794970e+00 1.18708253e+00 1.84002674e+00
    -2.45128095e-01 5.36253691e-01 -3.65107059e-01 3.72961998e-01
    1.06691182e+00 -1.01094651e+00 -4.57196116e-01 -9.09695625e-02
    1.02406788e+00 1.93222630e+00 6.51464343e-01 1.26085055e+00
    -4.48824167e-01 9.00342584e-01 1.37537932e+00 1.65238094e+00
    -3.00103605e-01 2.82738686e-01 6.38574123e-01 9.70252216e-01
    -8.86439621e-01 1.52367353e-01 1.17448044e+00 2.09309876e-01
    9.91672397e-01 1.28879726e+00 8.36388469e-01 1.77288055e-01
    -5.40449023e-01 1.29338861e+00 4.95462596e-01 1.27229309e+00
    1.29086864e+00 3.58558595e-01 -6.84838295e-01 1.38599420e+00
    -5.71988225e-01 -1.23050869e-01 -3.07034731e-01 1.31100631e+00
    -1.31322980e-01 1.94998693e+00 1.39590836e+00 1.56348848e+00
    1.11546409e+00 6.55581951e-01 1.44636929e+00 1.92892504e+00
    -7.90243089e-01 -6.84473276e-01 -4.39893603e-01 1.41885352e+00
    1.79437804e+00 1.24421024e+00 4.05496657e-01 -6.48401380e-01
    1.99902797e+00 4.69846070e-01 3.33617926e-01 1.25948775e+00
    -2.92552948e-01 -4.55294013e-01 -8.44750464e-01 1.99881423e+00
    5.43176293e-01 6.05023444e-01 2.85362244e-01 -7.20270753e-01
    9.79261279e-01 -4.64494526e-01 1.96288037e+00 1.51242566e+00
    9.06003594e-01 -1.39487147e-01 1.44066143e+00 -8.39956045e-01
    1.39745700e+00 -6.52449727e-01 6.66562915e-01 1.86910295e+00
    9.44658697e-01 -2.44666636e-01 9.63980675e-01 1.06941414e+00
    -1.94481194e-01 8.11054289e-01 4.28886533e-01 3.61270070e-01
    1.18637943e+00 6.44717276e-01 5.74945807e-01 -1.21508360e-01
    -6.59827054e-01 -7.19743371e-01 -1.01246536e-01 3.68807495e-01
    2.58973241e-01 -8.84580851e-01 -2.03264475e-01 -7.57077336e-01
    7.63727486e-01 -3.69326115e-01 -2.25402772e-01 3.37557614e-01
    1.58594227e+00 6.27450049e-01 1.90760994e+00 1.04673839e+00
    1.34603047e+00 8.31776321e-01 -3.22536826e-02 -2.53666043e-01
    6.86520219e-01 9.16708708e-01 2.34326839e-01 1.28768504e+00
    1.43344033e+00 -5.77544451e-01 2.09506691e-01 -7.77782202e-01
    9.30524230e-01 9.95411158e-01 -8.57019842e-01 1.46329355e+00
    1.49424577e+00 5.58080971e-01 -1.08640790e-01 1.82360911e+00
    -7.45097280e-01 3.02220106e-01 -1.94701195e-01 -7.17020035e-01
    1.30364537e-01 1.76047587e+00 1.08049321e+00 -6.43051445e-01
    -9.23903644e-01 6.92252219e-01 1.78235602e+00 3.70952904e-01
    9.45784092e-01 -6.06533110e-01 -3.67630541e-01 1.48862159e+00
    9.30269480e-01 -2.70287573e-01 -4.58537817e-01 1.16621327e+00
    1.00867474e+00 -5.07164001e-03 7.01621771e-01 8.06339979e-02
    -7.30329275e-01 1.53837371e+00 5.83114028e-01 1.53467655e+00
    9.38296437e-01 5.44775724e-01 4.58475828e-01 1.26737070e+00
    1.53990126e+00 -6.58676744e-01 1.70081675e+00 -3.72035563e-01
    -7.83918917e-01 6.38992548e-01 1.00925982e+00 2.69187570e-01
    1.84370327e+00 -6.83489084e-01 2.48047113e-02 1.24315810e+00
    1.20655668e+00 -2.79904306e-01 8.38741362e-01 1.57825422e+00
    -6.76258624e-01 -6.89427555e-01 -4.81126666e-01 9.21706557e-01
    -1.53922856e-01 1.51707792e+00 1.71696734e+00 9.03710902e-01
    4.08392012e-01 -3.91280949e-01 3.84085894e-01 1.80400562e+00
    1.31653202e+00 -5.83957851e-01 1.28229690e+00 5.79376638e-01
    9.72164631e-01 1.14362049e+00 4.57989872e-01 1.84044766e+00
    1.91924071e+00 -2.02041388e-01 1.48034346e+00 9.44070756e-01
    2.21139431e-01 1.87751114e-01 2.41029561e-01 1.79492593e-01
    6.89343512e-01 -4.43807662e-01 1.24021113e+00 7.77522922e-01
    -2.79451728e-01 8.10332775e-01 -6.30108953e-01 1.83336234e+00
    -4.79211748e-01 -6.86492324e-01 1.10862732e+00 6.75292373e-01
    -4.54937518e-01 -7.68564880e-01 5.68476975e-01 9.99317527e-01
    3.73278797e-01 7.36564934e-01 -9.69859362e-02 7.66517580e-01
    1.18496740e+00 3.06722701e-01 1.47066092e+00 -6.09090388e-01
    9.72524464e-01 1.84132695e-01 1.66321790e+00 1.26164067e+00
    -8.23361993e-01 1.33179164e+00 9.05755758e-01 5.11807442e-01
    -5.21460772e-01 1.75043023e+00 1.58577514e+00 6.14549994e-01
    1.80209827e+00 1.62154949e+00 7.26159453e-01 1.14458442e+00
    3.42965603e-01 1.76383710e+00 1.54447448e+00 1.52496624e+00
    1.84247017e-01 -1.01553202e-01 1.82631588e+00 4.05767798e-01
    -8.35557342e-01 1.88922668e+00 9.64396238e-01 1.63672113e+00
    -2.21086204e-01 2.61968017e-01 -2.13889360e-01 9.19594526e-01
    -8.24258924e-02 1.31777406e+00 8.12963605e-01 -2.62777746e-01
    9.43700075e-02 -4.59864974e-01 5.36843300e-01 1.18561530e+00
    2.03164220e-02 1.57892263e+00 1.77031636e+00 1.36705458e-01
    -7.10237205e-01 1.74038863e+00 8.98995817e-01 1.40891910e-01
    -3.66832733e-01 3.24876249e-01 4.68130052e-01 1.08500743e+00
    1.33280766e+00 -9.33030367e-01 1.57339561e+00 -8.35228145e-01
    1.38935149e+00 8.07581007e-01 1.87042379e+00 -3.80299628e-01
    1.63560963e+00 1.50698996e+00 2.46023178e-01 1.14715517e-01
    5.24497509e-01 2.93920934e-01 1.36180902e+00 -5.71090341e-01
    -8.17899764e-01 4.65778232e-01 5.99473476e-01 1.45785618e+00
    -1.65529907e-01 1.10961437e-01 2.00362861e-01 1.22355556e+00
    2.31402993e-01 1.62910485e+00 -7.65468478e-02 -1.16458714e-01
    -8.79539907e-01 -4.40610945e-01 -1.27338469e-01 -1.97646976e-01
    2.92962074e-01 -7.38112330e-01 1.00050950e+00 1.68077278e+00
    1.15888357e-01 -1.46034062e-01 -5.32551587e-01 1.27165508e+00
    5.11604309e-01 -2.46738553e-01 -3.73582542e-01 7.86560416e-01
    5.01546443e-01 8.99301171e-02 -1.41295195e-02 1.89518666e+00
    -2.92017996e-01 -2.97449529e-01 1.64475739e+00 1.61846948e+00
    1.93176341e+00 1.90935147e+00 -8.82937908e-02 1.25726366e+00
    1.34963691e+00 9.72313106e-01 3.12513471e-01 -3.85481834e-01
    4.93384302e-01 1.18590450e+00 4.00403678e-01 5.73183358e-01
    1.78222656e-01 1.08401930e+00 2.44904041e-01 1.00570309e+00
    9.83076334e-01 1.86816549e+00 -1.91342115e-01 1.32994890e+00
    2.40300298e-02 1.93757272e+00 3.41821373e-01 7.69736171e-02
    7.10201621e-01 1.01811123e+00 -2.80859768e-01 -3.55751395e-01
    1.64703679e+00 5.22305250e-01 -9.21323299e-02 -1.01266193e+00
    -4.13838089e-01 -3.35436046e-01 1.90231824e+00 4.40693378e-01
    4.55651760e-01 -1.76379502e-01 1.16359448e+00 -9.54730034e-01
    1.85216880e+00 8.16491663e-01 -7.91303515e-01 1.14180231e+00
    1.40909553e+00 -8.07997346e-01 -6.09677911e-01 9.08420026e-01
    4.76049542e-01 7.26047218e-01 1.61788428e+00 -9.38254774e-01
    -4.25076067e-01 5.70075154e-01 8.97282839e-01 1.47019374e+00
    1.33294845e+00 5.93254566e-02 -3.00249994e-01 -4.59536016e-01
    -3.27657998e-01 -7.11587191e-01 -1.16150320e-01 5.70164084e-01
    -7.57864714e-02 7.53136635e-01 1.77617502e+00 -7.79557884e-01
    1.63816607e+00 -4.09995854e-01 1.65931189e+00 -5.57070971e-02
    -8.83862972e-01 -6.57482743e-01 1.47517657e+00 1.31785440e+00
    1.73600960e+00 -1.64145231e-01 -4.71567154e-01 1.29073513e+00
    -9.29576755e-01 8.25724721e-01 8.92554164e-01 1.21194255e+00
    2.78723001e-01 1.06898665e-01 1.53366089e+00 1.12425220e+00
    -2.06505060e-02 1.11438751e-01 -8.14256430e-01 -1.55280709e-01
    1.73418796e+00 5.47148526e-01 1.24852943e+00 -6.96619093e-01
    -1.48125768e-01 5.41337371e-01 6.01793110e-01 -1.57003343e-01
    1.66804779e+00 1.39714193e+00 -5.21083355e-01 -1.86369598e-01
    1.36196709e+00 3.22769165e-01 1.58229113e-01 -8.17479372e-01
    1.45940876e+00 4.86669540e-01 3.53913546e-01 6.46923542e-01
    8.79676580e-01 -5.32554090e-01 6.89469576e-02 1.79222643e-01
    1.57869792e+00 1.31345415e+00 -3.44698429e-01 -8.42509329e-01
    1.48352599e+00 8.68588984e-01 1.37382233e+00 -7.11481690e-01
    4.54407573e-01 1.80139279e+00 3.28682601e-01 -4.61904287e-01
    -4.74839717e-01 1.92806959e+00 2.89417982e-01 1.57858062e+00
    7.02703476e-01 1.69478810e+00 1.17271888e+00 6.98686481e-01
    9.39124823e-03 -9.03442919e-01 1.52117670e-01 1.47143507e+00
    -1.38758063e-01 4.52649355e-01 1.30339539e+00 1.24789238e-01
    -9.86399055e-02 5.79344332e-01 9.09094572e-01 -5.19380450e-01
    -7.72661090e-01 -8.13276649e-01 1.69411242e+00 -3.65659356e-01
    6.14401221e-01 1.14882314e+00 8.79711032e-01 1.08697557e+00
    1.09690678e+00 1.63276720e+00 1.17428327e+00 8.72642517e-01
    -6.49055004e-01 1.63991821e+00 1.47876620e-01 6.31430149e-01
    8.41125846e-01 -7.38163233e-01 6.61306381e-02 1.76036859e+00
    1.70528054e-01 1.33585083e+00 2.68230677e-01 -3.94142151e-01
    4.17677402e-01 5.90040684e-01 1.23941529e+00 -8.46063316e-01
    -2.57277429e-01 -5.59157252e-01 -3.64991605e-01 -1.24742806e-01
    1.27659643e+00 1.23704648e+00 7.45559454e-01 1.36646748e+00
    9.80556548e-01 1.76022959e+00 1.89402211e+00 1.06438160e+00
    3.19580674e-01 1.44429624e+00 -8.28297317e-01 1.52285039e+00
    -4.26788330e-01 4.42002058e-01 1.03338861e+00 -7.87680566e-01
    -5.43510199e-01 1.03795493e+00 -5.11347651e-01 6.68150127e-01
    -7.75348186e-01 1.42694843e+00 -4.56681043e-01 5.32561839e-01
    1.08417273e+00 1.36694026e+00 9.31180358e-01 1.21488833e+00
    -1.87733293e-01 1.33937299e-01 2.00463653e-01 6.70003533e-01
    -9.59125102e-01 -6.23575687e-01 7.50179350e-01 1.52050447e+00
    1.14915347e+00 1.39731276e+00 1.27305484e+00 -7.19704449e-01
    3.73691618e-01 -1.35463119e-01 1.21960306e+00 5.56916833e-01
    1.80077302e+00 1.23783302e+00 4.07833457e-02 1.55299139e+00
    -1.36705279e-01 -7.94678926e-01 -3.91151011e-01 5.77741325e-01
    1.72682595e+00 1.07035899e+00 1.44447255e+00 -5.55647612e-02
    1.63526952e+00 -1.31646752e-01 1.42045224e+00 1.89461327e+00
    1.18649507e+00 1.91851199e+00 -5.59792817e-01 1.58320761e+00
    -2.90061951e-01 7.72132754e-01 9.85425413e-01 9.22050714e-01
    -9.56324100e-01 6.93970442e-01 -1.48463845e-01 1.12792814e+00
    -5.75895071e-01 1.88931620e+00 -6.65101528e-01 8.55463982e-01
    1.40841079e+00 -9.30259824e-02 -8.43518794e-01 -4.40480292e-01
    3.87219429e-01 1.57810998e+00 8.92457247e-01 -3.55869055e-01
    -8.73315513e-01 1.43088222e+00 4.13132250e-01 6.64496422e-02
    -5.11822701e-01 8.37318122e-01 1.11574113e-01 -3.74534905e-01
    1.74673617e+00 3.88650537e-01 1.31391144e+00 -2.04676509e-01
    1.95755696e+00 1.09117234e+00 6.78465843e-01 -3.43619883e-01
    9.32618260e-01 1.33653939e-01 -3.81184220e-01 1.05440819e+00
    -2.85840809e-01 1.73243213e+00 -7.38615036e-01 1.83697355e+00
    1.83522296e+00 1.31667078e+00 -8.70082378e-01 1.15489542e+00
    -4.57775235e-01 8.12819183e-01 8.39754522e-01 1.46763933e+00
    1.12584257e+00 7.06517696e-01 1.83127260e+00 -6.68800354e-01
    2.02408838e+00 1.93919957e-01 -1.38085723e-01 -1.17057741e-01
    2.20549703e-01 1.31360710e+00 2.46840119e-01 1.13047636e+00
    4.37574506e-01 1.20203257e-01 -7.99337029e-01 3.64718556e-01
    1.84281802e+00 1.50551188e+00 -8.09998393e-01 1.53050542e+00
    -8.88468981e-01 9.09275651e-01 1.07767916e+00 6.21797621e-01
    -3.31406891e-01 5.79537272e-01 -6.90667510e-01 1.25233138e+00
    8.82818699e-01 1.11792326e+00 1.75085962e+00 7.81622648e-01
    -8.08192015e-01 1.09710670e+00 8.73428345e-01 1.03881502e+00
    -6.68933749e-01 -5.63543081e-01 1.16001892e+00 -1.91463292e-01
    -4.57288682e-01 4.15830255e-01 1.56343544e+00 5.45243382e-01
    -9.53042924e-01 -7.32793868e-01 7.28811145e-01 1.24601364e+00
    1.77125514e+00 -4.39634681e-01 1.28357327e+00 -7.11166561e-01
    1.79549706e+00 -5.06890774e-01 -3.63572061e-01 4.20989454e-01
    2.83732474e-01 1.95346987e+00 2.09184504e+00 -3.69953394e-01
    -3.82084370e-01 2.61105180e-01 7.90958047e-01 -5.65325737e-01
    2.00684237e+00 1.58579004e+00 -5.10194123e-01 1.51923013e+00
    1.17015553e+00 9.61182892e-01 -7.59085417e-02 4.30416763e-01
    -7.06284642e-01 -6.48991406e-01 -5.00295281e-01 1.75808120e+00
    -1.75904751e-01 1.97413325e-01 1.36031210e+00 -8.02476287e-01
    1.44618750e+00 -5.21977663e-01 7.51019597e-01 2.92996526e-01
    3.81997466e-01 -8.65489602e-01 -1.04267478e-01 2.65022695e-01
    4.10456538e-01 9.45455492e-01 2.56237864e-01 -7.98299909e-02
    2.63888240e-01 9.93324399e-01 9.24407125e-01 1.11571991e+00
    1.91398978e+00 1.11004806e+00 1.82851005e+00 8.70097399e-01
    -7.17943907e-01 1.00415444e+00 1.08951557e+00 1.05837512e+00
    1.77912307e+00 1.57908595e+00 -3.60901237e-01 6.63566232e-01
    7.05363512e-01 -6.13025188e-01 1.22831964e+00 -3.27999890e-01
    1.29731417e-01 1.48627043e+00 -2.24963725e-01 -1.51933610e-01
    -1.92770064e-01 1.50822580e+00 2.86915779e-01 -4.93110418e-01
    3.58656645e-02 1.03939974e+00 1.13371992e+00 6.26761436e-01
    1.57936716e+00 2.73445845e-02 2.37283945e-01 9.02633905e-01
    -2.18737125e-02 -5.15790820e-01 9.25533772e-02 4.44216847e-01
    -8.11874866e-01 2.31174707e-01 1.43524742e+00 1.47568309e+00
    -2.08167970e-01 1.57406425e+00 7.63678312e-01 -9.74798679e-01
    7.01741815e-01 -9.34697092e-01 1.90486526e+00 1.74101841e+00
    1.82666433e+00 9.00478899e-01 1.77932203e+00 2.30916739e-02
    2.54860520e-01 1.64521384e+00 -2.59031713e-01 -9.29158926e-02
    -6.40551269e-01 1.32712042e+00 5.95011771e-01 -6.82005048e-01
    9.01294410e-01 -3.37317050e-01 -9.59361196e-02 -9.80336070e-02
    -3.55336070e-02 -3.29830110e-01 8.76911521e-01 -4.75060284e-01
    1.22571588e-01 -4.06596243e-01 8.38345766e-01 1.41907883e+00
    1.08654618e-01 3.72576237e-01 -5.61836243e-01 1.67111206e+00
    -2.91957796e-01 1.23991358e+00 1.65152717e+00 8.53347778e-01
    7.86030710e-01 1.51968575e+00 2.94910669e-01 -6.41533136e-01
    -2.40705013e-02 8.17874253e-01 -2.16493547e-01 1.15084887e+00
    1.02051973e+00 -1.66622519e-01 7.50360370e-01 -1.84666574e-01
    5.03565907e-01 1.22473598e-01 8.58738959e-01 1.26481783e+00
    3.31342220e-04 2.67674148e-01 -8.89645338e-01 7.65869737e-01
    1.87376261e+00 2.59684801e-01 4.90725040e-04 -7.43963659e-01
    -1.08860910e-01 -5.30995727e-01 -8.44599247e-01 1.04539514e-01
    1.77422333e+00 1.36283684e+00 1.85729098e+00 -2.54226744e-01
    7.46348023e-01 1.02212989e+00 -3.03087115e-01 -5.49033642e-01
    -1.78231001e-02 1.12392020e+00 7.95053363e-01 -1.91000164e-01
    1.88279748e-02 -8.50884438e-01 3.97664309e-02 1.45867014e+00
    -8.93838882e-01 6.16219044e-01 9.81319606e-01 -9.39006865e-01
    -7.06292093e-01 7.95708120e-01 -7.47708857e-01 1.63742244e+00
    1.14313841e+00 9.28791225e-01 -4.97713804e-01 1.62307227e+00
    -9.12663579e-01 -1.95976734e-01 1.50028086e+00 1.21789050e+00
    -7.49217093e-01 -8.99935186e-01 -2.38912404e-01 8.79669189e-03
    7.70419955e-01 1.70346904e+00 2.62081981e-01 4.47517037e-02
    -3.05067778e-01 1.44741511e+00 -7.32909858e-01 -3.13442767e-01
    1.18884659e+00 -9.83739614e-01 -7.22503960e-01 -2.99883604e-01
    5.90948224e-01 3.64485979e-01 1.87445593e+00 2.00686002e+00
    -3.44483197e-01 -8.12861323e-01 6.96646154e-01 3.28655005e-01
    1.45684469e+00 -5.83971381e-01 -2.16099143e-01 1.39375758e+00
    1.96202636e-01 -9.29587483e-01 1.34581113e+00 1.62922180e+00
    -8.16053808e-01 8.19209576e-01 -2.71819055e-01 1.86471772e+00
    -1.78302705e-01 -2.40822852e-01 1.02419138e+00 8.55306447e-01
    1.65199816e-01 9.46279168e-01 1.62967288e+00 1.23515248e-01
    -4.66070473e-01 1.73389554e+00 3.48303318e-01 1.41903555e+00
    8.42306256e-01 1.17145181e-01 -6.05536699e-01 -6.55741811e-01
    -3.50574076e-01 2.64435053e-01 1.60203028e+00 7.72365928e-01
    1.84613526e+00 1.07137430e+00 8.02560925e-01 7.99734592e-02
    1.66928399e+00 6.44602895e-01 1.87894344e+00 8.47311020e-01
    7.24026918e-01 3.51349592e-01 1.53048754e+00 1.26963389e+00
    -4.38044012e-01 8.65114331e-01 1.32210135e-01 1.88394427e-01
    -3.71571064e-01 7.99128234e-01 2.28597522e-02 1.05054426e+00
    1.90859747e+00 1.15471363e+00 7.90044546e-01 1.83211744e-01
    6.35673404e-02 -7.65253127e-01 6.49747610e-01 -5.63834906e-02
    -6.99997485e-01 -8.37005794e-01 -4.55695391e-01 -8.28347743e-01
    1.71071064e+00 1.10117197e-02 -7.13904023e-01 -7.86340475e-01
    6.16237700e-01 7.05497742e-01 -1.24246001e-01 -8.36693227e-01
    -6.53815269e-01 1.44817996e+00 1.60456824e+00 -7.88799524e-02
    7.13864565e-01 5.30797303e-01 -3.66352022e-01 1.05628490e-01
    2.76140571e-02 -4.59783554e-01 1.11054850e+00 -8.43779981e-01
    6.50637269e-01 -2.97441483e-01 1.37273920e+00 6.36630177e-01
    4.25834537e-01 1.86611712e+00 5.90695262e-01 -4.63440061e-01
    1.76446843e+00 5.02475441e-01 1.19819784e+00 -3.47576737e-01
    1.09596634e+00 1.48602772e+00 -5.65936446e-01 1.42947018e-01
    1.41263604e-02 4.66829717e-01 1.55303478e-02 -8.96894395e-01
    3.10925961e-01 7.17993021e-01 1.42999411e+00 -4.69758511e-02
    1.60121107e+00 1.23694670e+00 1.89257312e+00 -8.51815403e-01
    8.45402241e-01 1.03906977e+00 1.77794814e+00 1.63611817e+00
    1.65198421e+00 -7.91281283e-01 -8.04730535e-01 -7.29771793e-01
    5.76923132e-01 1.24045217e+00 -8.15471768e-01 -9.36598778e-02
    9.33355331e-01 7.41166234e-01 9.05323029e-01 1.52969718e+00
    1.17163289e+00 9.99017954e-01 -7.10591435e-01 -9.29897428e-02
    9.11981940e-01 1.82549179e+00 -3.72949123e-01 1.84691691e+00
    1.46633720e+00 -8.54935527e-01 -6.89428091e-01 -7.73423791e-01
    -8.60786557e-01 -5.11393905e-01 1.99026084e+00 8.90847266e-01
    1.91405654e-01 1.28448009e-01 -5.39067686e-01 -6.54233217e-01
    1.59264040e+00 1.77021563e-01 9.12268877e-01 -1.70715928e-01
    6.98377609e-01 3.10680926e-01 6.13961220e-01 -5.77849984e-01
    1.81082261e+00 -5.73977828e-01 1.71685541e+00 -2.11876988e-01
    8.77309978e-01 8.81110072e-01 -5.96251488e-01 4.53627825e-01
    1.40165162e+00 1.73651147e+00 1.17476034e+00 4.70136523e-01
    1.79229105e+00 3.36009502e-01 -2.99534142e-01 -9.02560294e-01
    1.97421360e+00 -2.16341794e-01 -6.36586666e-01 8.11469257e-01
    -5.30493617e-01 6.80240452e-01 -3.45844388e-01 5.06086111e-01
    -1.60787106e-01 1.34318435e+00 1.75227070e+00 1.12606978e+00
    -4.05025780e-01 1.72194767e+00 1.48974252e+00 6.50341034e-01
    -8.71425092e-01 -8.45132351e-01 -1.36889577e-01 -1.00305200e+00
    3.93221676e-01 4.51107860e-01 1.73369336e+00 5.73207021e-01
    8.85282695e-01 -5.65597057e-01 -6.56393468e-01 4.89123225e-01
    2.91307569e-01 7.63145030e-01 1.21915627e+00 -1.39210939e-01
    1.52176154e+00 -4.79311883e-01 -1.74301982e-01 1.19495106e+00
    8.39429557e-01 1.32211506e+00 1.29128778e+00 7.65452504e-01
    -8.70609939e-01 1.74183583e+00 7.98258066e-01 1.01556098e+00
    -1.94467902e-02 -4.95652616e-01 3.47616673e-01 9.24655318e-01
    3.71064484e-01 2.52685547e-02 -3.93936992e-01 1.23863637e-01
    1.94820976e+00 1.53018904e+00 8.94774199e-01 -5.02954960e-01
    8.97978485e-01 -4.83911484e-01 -4.92595166e-01 -8.44260931e-01
    6.34628117e-01 1.22746611e+00 1.56075370e+00 1.59421623e+00
    -1.73820078e-01 -7.55889952e-01 1.78899813e+00 6.50730491e-01
    1.10002005e+00 8.18217278e-01 -5.15642643e-01 6.13529086e-01
    1.85838473e+00 1.28966010e+00 1.49860919e+00 1.45001054e+00
    -7.04214990e-01 1.49837279e+00 -4.53235984e-01 1.39310145e+00
    -4.90729988e-01 7.06760764e-01 -2.69085169e-02 1.46415043e+00
    6.69488549e-01 1.63907588e+00 1.29621720e+00 -7.95212448e-01
    -2.57759094e-02 2.73189068e-01 1.01382267e+00 7.85918832e-01
    -5.80235839e-01 8.32759023e-01 1.83204496e+00 7.85880923e-01
    2.72359192e-01 9.15868640e-01 -7.41861165e-01 -8.10397625e-01
    -7.57324100e-02 5.11552453e-01 1.36289883e+00 1.61195135e+00
    1.74326074e+00 1.09842825e+00 1.40234828e+00 -5.45205474e-01
    1.52216113e+00 7.47237802e-01 1.84306157e+00 -4.80642855e-01
    -4.20929313e-01 4.26435471e-03 3.54982734e-01 1.01358247e+00
    -2.70169020e-01 4.43828940e-01 1.56452489e+00 3.49062681e-01
    -6.12023532e-01 1.63071334e+00 1.28833139e+00 9.20640707e-01
    -9.46416199e-01 -1.28223777e-01 8.88576865e-01 1.33970058e+00
    1.36944246e+00 1.49793267e+00 1.13264322e-01 3.75642955e-01
    1.19358063e+00 1.96570587e+00 6.17100298e-01 -5.40001750e-01
    2.91576445e-01 1.10042357e+00 -5.56268930e-01 2.38179266e-01
    1.63720608e+00 -2.74641514e-02 3.67397249e-01 -5.11677861e-01
    1.21418285e+00 8.75141919e-01 -8.75652134e-01 -1.24060690e-01
    1.97657537e+00 -5.02807856e-01 4.95696247e-01 6.04720056e-01
    -4.02624667e-01 6.13556027e-01 6.21062636e-01 -4.25062507e-01
    4.37654793e-01 1.40159082e+00 -7.53780246e-01 1.20724583e+00
    6.31234109e-01 1.43870854e+00 -1.42693996e-01 5.87267995e-01
    1.59953082e+00 1.19277143e+00 -8.95684361e-01 1.21143794e+00
    1.17334247e+00 5.88062525e-01 7.06388891e-01 1.49240315e+00
    8.47639918e-01 9.55039263e-01 -8.06536198e-01 1.35623181e+00
    -4.41714704e-01 2.53395796e-01 3.08640838e-01 -7.55418777e-01
    7.48259187e-01 1.34220755e+00 -8.10262024e-01 -5.67428231e-01
    1.36449111e+00 1.39146233e+00 8.41715038e-01 1.58907795e+00
    -1.67492330e-01 1.85231471e+00 -9.95665193e-02 5.44344962e-01
    5.57195067e-01 1.41531467e+00 7.93278694e-01 1.17477989e+00
    1.72319031e+00 -4.93787944e-01 2.66106844e-01 1.69314051e+00
    1.07864237e+00 2.39045382e-01 4.64244008e-01 1.04034805e+00
    -3.79307330e-01 -3.88427675e-01 2.18775511e-01 1.54067028e+00
    1.25189769e+00 2.78909564e-01 1.83740759e+00 1.27169991e+00
    3.66209865e-01 -5.08586586e-01 -9.54047143e-01 3.98848832e-01
    -5.32184839e-02 1.76963544e+00 -8.67804229e-01 5.73811412e-01
    1.42685318e+00 1.26603448e+00 -8.86805058e-02 5.70879102e-01
    2.31641591e-01 -5.84931970e-01 7.63224959e-01 8.79260302e-02
    8.27035427e-01 2.50820696e-01 -2.36170053e-01 5.43984473e-01
    -2.46801972e-01 4.55916524e-02 1.98808014e+00 1.29837584e+00
    1.39950323e+00 -7.40596294e-01 3.48285854e-01 -5.28337240e-01
    1.15527153e+00 -6.79993927e-01 8.32410753e-01 1.62950873e-01
    1.69616199e+00 -6.77906275e-01 -8.84083629e-01 6.80475235e-01
    1.43432975e+00 6.07321203e-01 1.84685934e+00 -7.41323948e-01
    1.67875564e+00 -3.50320935e-01 1.23603344e-02 1.82733703e+00
    9.01566267e-01 1.62084854e+00 -8.59090388e-01 6.10950351e-01
    -7.29559660e-02 -4.83600795e-01 1.99145067e+00 2.22403824e-01
    8.08525562e-01 -7.16472030e-01 -7.10127711e-01 2.51819551e-01
    1.35860109e+00 -1.17282569e-01 -5.96238434e-01 5.29455364e-01
    1.80664825e+00 8.69940102e-01 1.18268859e+00 5.71000576e-02
    3.94805610e-01 1.44263721e+00 -1.95126653e-01 -2.68530190e-01
    -2.62974739e-01 1.91778922e+00 1.37505257e+00 -1.67971492e-01
    9.62092698e-01 1.90440869e+00 -1.38857543e-01 4.59108353e-02
    -2.65882134e-01 1.04856515e+00 1.91501510e+00 4.06566441e-01
    1.29592597e-01 -4.63860244e-01 1.98369765e+00 -7.04023242e-01
    2.46229172e-01 1.32805574e+00 1.73932242e+00 4.80345309e-01
    6.65479302e-02 1.51163530e+00 9.35608804e-01 -7.46294975e-01
    -7.41474867e-01 -4.18108702e-03 1.65460205e+00 -7.27278352e-01
    -5.68661928e-01 9.24056768e-01 -8.99974823e-01 8.71170998e-01
    6.17828548e-01 -3.41667175e-01 1.79296756e+00 8.01790833e-01
    4.23881531e-01 4.19553280e-01 -4.31716144e-01 2.56940246e-01
    1.29760456e+00 2.36957073e-01 1.29185414e+00 -1.97327137e-02
    9.96787190e-01 5.36647856e-01 4.20805097e-01 6.76862776e-01
    1.93653059e+00 -9.02407825e-01 3.75152230e-02 2.51252055e-01
    3.98386121e-01 1.08541369e+00 -8.34134340e-01 1.82006121e-01
    2.12456822e-01 -6.91327810e-01 4.25710082e-02 -8.09942722e-01
    1.48142719e+00 -6.88698888e-01 -8.49458337e-01 2.49591827e-01
    1.43854225e+00 1.49052775e+00 1.29630494e+00 1.47198415e+00
    1.53686702e+00 1.40795326e+00 1.58282244e+00 7.79342890e-01
    -6.13478780e-01 1.41652894e+00 1.35740340e+00 -3.51351857e-01
    -4.55914944e-01 1.72659802e+00 8.41750741e-01 5.56329787e-01
    -4.41892326e-01 1.83824992e+00 9.81065750e-01 9.74073291e-01
    1.05397618e+00 1.86821389e+00 8.70696425e-01 6.26171947e-01
    1.71669948e+00 1.77471709e+00 4.36138034e-01 1.77430832e+00
    1.02506232e+00 1.52982736e+00 -5.86673796e-01 9.97322798e-02
    5.37182808e-01 6.43663108e-01 1.05022943e+00 -1.59573555e-03
    1.22230768e+00 -1.57079935e-01 1.63202143e+00 1.46004820e+00
    1.84484458e+00 3.95482540e-01 1.22776747e-01 7.80645788e-01
    6.81052148e-01 4.34238195e-01 -7.29780614e-01 -3.59616756e-01
    -4.62317854e-01 9.73430753e-01 1.38537621e+00 8.17304969e-01
    1.25719273e+00 1.26614332e-01 5.86400628e-01 1.57661569e+00
    5.33626497e-01 2.20418155e-01 1.28782630e-01 4.61513400e-02
    1.14811778e+00 1.62577629e-02 -4.32261646e-01 1.60248804e+00
    1.09110880e+00 1.70436144e+00 1.70173836e+00 1.11279702e+00
    -8.12241197e-01 -2.67149508e-01 1.63597488e+00 -7.90912211e-01
    -6.42382383e-01 1.30494213e+00 -3.01473379e-01 7.96162248e-01
    -3.93955857e-01 9.29128826e-01 -2.55840480e-01 1.58708477e+00
    5.08194864e-01 1.26881242e+00 1.63191271e+00 -5.78765273e-01
    -9.54488039e-01 -5.36840439e-01 -6.73218131e-01 1.93689108e-01
    -1.11770868e-01 7.78861284e-01 -1.81167483e-01 1.82954085e+00
    -7.41659045e-01 5.34310341e-02 1.03808749e+00 1.34332991e+00
    1.18583083e+00 2.75432825e-01 -5.55935979e-01 5.14415145e-01
    -1.55682266e-01 1.22574472e+00 4.85547185e-01 -5.83775997e-01
    3.74599278e-01 6.21661782e-01 4.05061245e-03 -5.36971688e-02
    2.63312459e-01 -9.05007005e-01 -8.79703403e-01 1.03746068e+00
    9.36356902e-01 1.89241230e+00 1.54955709e+00 -7.58167863e-01
    8.52900565e-01 3.82438719e-01 1.54122591e-01 5.90919614e-01
    2.90680528e-01 6.80594444e-01 -2.87063479e-01 1.54069448e+00
    1.82788515e+00 1.54928792e+00 -1.43035293e-01 1.76198804e+00
    -9.29151237e-01 3.30282986e-01 -6.30651116e-02 3.84728968e-01
    -6.66959643e-01 3.48608017e-01 1.65627599e+00 1.09095001e+00
    -4.10316586e-01 -6.27536714e-01 9.83305633e-01 -7.75872231e-01
    1.70012283e+00 1.18404698e+00 1.84441686e+00 2.29431391e-02
    1.63039994e+00 8.61656547e-01 7.80758023e-01 5.08842647e-01
    -6.17086172e-01 -1.63080633e-01 1.81874990e+00 1.81121516e+00
    1.09042454e+00 1.84556448e+00 1.98061347e-01 -8.80207479e-01
    1.43325770e+00 8.54600072e-02 7.11633921e-01 3.32518101e-01
    1.77518010e+00 1.50213182e+00 -5.86534381e-01 -3.46529484e-03
    1.22335696e+00 1.68329120e-01 -3.53631020e-01 1.72604585e+00
    -9.66711640e-02 5.09588897e-01 1.12617385e+00 -2.35034168e-01
    -9.91781354e-02 1.65042603e+00 5.97835600e-01 -1.16647899e-01
    1.10060120e+00 4.97912347e-01 6.15584791e-01 1.54108560e+00
    2.66516924e-01 -8.74813139e-01 1.79581475e+00 1.06074643e+00
    1.23216295e+00 1.93344021e+00 -4.95863795e-01 1.54604292e+00
    1.88082981e+00 8.95554781e-01 1.42332065e+00 3.01130414e-02
    -4.36358511e-01 9.68082070e-01 1.86887491e+00 2.88052559e-01
    -4.86510754e-01 6.77391410e-01 -8.66123497e-01 1.58070827e+00
    1.13306904e+00 -8.90636921e-01 -3.09646785e-01 7.17150688e-01
    1.82364869e+00 1.83146405e+00 1.89820361e+00 -6.81618989e-01
    3.24788749e-01 8.71607184e-01 6.90096438e-01 6.55935228e-01
    1.37836707e+00 5.75423181e-01 1.37046385e+00 1.78231573e+00
    -4.57684368e-01 2.21183360e-01 -1.81289792e-01 -5.52627087e-01
    -4.47163343e-01 1.13613331e+00 9.56433237e-01 1.81605268e+00
    -4.08198774e-01 -5.86970985e-01 -1.39350355e-01 -7.50585556e-01
    9.45873320e-01 -1.55381560e-02 -3.92235696e-01 1.95103180e+00
    1.00155938e+00 1.97549510e+00 -7.79020786e-01 -4.85003591e-02
    1.54119134e+00 7.38587379e-02 7.00606883e-01 1.47252727e+00
    1.66216278e+00 1.12920189e+00 1.00404501e-01 -5.80212474e-01
    -8.11923563e-01 1.01205826e+00 1.82841825e+00 9.16782498e-01
    4.05580878e-01 -5.77175617e-02 2.09663033e-01 1.33321142e+00
    1.30912709e+00 5.06355464e-01 1.45198369e+00 -5.54910898e-01
    8.29073250e-01 4.59775984e-01 1.76741421e+00 -7.27367520e-01
    3.73829126e-01 1.59992683e+00 7.55802274e-01 1.87906599e+00
    1.90674520e+00 1.77821660e+00 -7.54688084e-01 -6.15640879e-01
    8.30591202e-01 7.47576118e-01 -2.51987815e-01 -8.06485415e-02
    -4.00464416e-01 1.13172770e+00 -7.82227993e-01 -9.09368575e-01
    1.05952406e+00 1.01131845e+00 -6.00116014e-01 -7.37996638e-01
    1.76662540e+00 8.43666315e-01 1.93688989e-01 2.12978959e-01
    -6.20776892e-01 7.89794683e-01 1.65816307e-01 5.05160093e-02
    1.54632568e-01 3.70448172e-01 1.43194628e+00 -3.58256876e-01
    8.12569380e-01 -5.14717460e-01 3.17028046e-01 5.58401167e-01
    -5.70809722e-01 6.76974416e-01 -8.58249605e-01 7.08769441e-01
    -1.64363861e-01 1.70862794e+00 1.64606941e+00 -5.88158846e-01
    1.27517521e-01 -8.29420030e-01 -2.11168170e-01 9.44974899e-01
    -6.53619885e-01 1.68445408e-01 -4.83643383e-01 5.42381823e-01
    1.52364862e+00 1.61688197e+00 1.26038837e+00 1.73610210e+00
    1.45670772e+00 2.10718572e-01 1.26179957e+00 9.07312870e-01
    9.98136997e-02 1.41262710e+00 6.52165711e-01 1.54437017e+00
    1.89569116e+00 -5.71356297e-01 1.48753810e+00 1.12452841e+00
    2.71296978e-01 -1.67784393e-01 -6.12843633e-01 2.40699947e-01
    5.48340082e-01 1.78609657e+00 2.38487959e-01 7.65688658e-01
    6.09770238e-01 1.70437741e+00 1.39853740e+00 -7.66521215e-01
    -3.00902724e-02 1.77805400e+00 1.78558302e+00 2.09327817e-01
    3.71814728e-01 4.37901020e-01 8.36232185e-01 1.21688366e-01
    7.82142878e-01 1.36607063e+00 8.68406534e-01 5.42061687e-01
    9.73326266e-01 4.15773749e-01 -5.35340905e-01 9.18799341e-01
    9.36104298e-01 1.83529973e+00 3.75973046e-01 8.63016248e-01
    1.35639095e+00 5.37274003e-01 7.53099084e-01 -1.54937208e-01
    1.65074873e+00 3.99102211e-01 -5.50160408e-01 -5.57625890e-02
    8.80007505e-01 5.71399570e-01 -5.35269737e-01 1.05364943e+00
    -8.58646035e-01 3.05167735e-01 -1.38778090e-02 6.14593506e-01
    1.89221978e+00 -2.06709266e-01 1.59391332e+00 8.82132530e-01
    -2.85796046e-01 1.08167315e+00 -7.37507701e-01 7.66084254e-01
    -5.07881045e-01 -5.10738254e-01 1.09153688e+00 -7.56476402e-01
    1.55179310e+00 -1.23678029e-01 -8.61605942e-01 4.81135786e-01
    1.58114719e+00 1.02646708e+00 -8.65647733e-01 -7.26154685e-01
    -7.71363914e-01 1.30917609e+00 5.08667827e-02 8.86369109e-01
    -6.42727733e-01 8.59004796e-01 -3.99561912e-01 -3.37460756e-01
    -2.22802043e-01 1.48628592e+00 3.41195166e-01 1.78815758e+00
    3.01210105e-01 1.61005306e+00 -1.40511036e-01 1.04138958e+00
    -6.92349195e-01 -7.99311101e-01 1.55633724e+00 1.52711868e+00
    1.23926342e+00 1.11719060e+00 -2.86827743e-01 -7.98542798e-01
    -3.97983015e-01 1.14404440e+00 7.06525922e-01 1.40475845e+00
    5.27404368e-01 1.41035175e+00 8.83810341e-01 1.82856905e+00
    -8.87746036e-01 1.31269240e+00 1.48175120e-01 -5.81680954e-01
    -2.69240737e-01 1.17312503e+00 1.18474460e+00 9.06625569e-01
    1.68275476e+00 -6.23931050e-01 9.83292818e-01 -4.36433613e-01
    9.61452544e-01 1.72594476e+00 7.47863173e-01 1.18865645e+00
    -8.32624257e-01 -4.10760641e-02 1.73415089e+00 -6.29311204e-02
    -1.40431821e-01 -1.83630705e-01 8.03713799e-01 -8.10544193e-01
    1.62022126e+00 -9.56990123e-01 -2.76688039e-01 1.71170712e-01
    -2.73054838e-02 -6.01582408e-01 2.13504076e-01 1.60333657e+00
    -7.87649751e-01 1.10418248e+00 -8.16883326e-01 -3.61395419e-01
    -7.14609444e-01 6.74528539e-01 3.43747616e-01 1.64706564e+00
    -1.02309942e-01 1.69921303e+00 1.49404311e+00 1.16655970e+00
    5.35640180e-01 4.17388558e-01 1.41878986e+00 8.41222107e-01
    1.70292997e+00 -4.12107527e-01 -3.63463342e-01 1.40355110e+00
    -7.02986896e-01 1.76784408e+00 1.36106253e+00 1.24036312e+00
    7.82768726e-01 1.69050670e+00 -1.50407195e-01 -7.58132517e-01
    1.53551054e+00 6.31889582e-01 1.39340353e+00 3.85467887e-01
    -8.74684334e-01 1.80432618e+00 1.12141609e+00 -6.26373112e-01
    2.57390738e-01 -2.60608017e-01 4.16894138e-01 2.32599974e-02
    -4.12933826e-01 1.06623721e+00 1.46879506e+00 -1.41953409e-01
    4.13668215e-01 1.29643679e+00 -7.95966268e-01 -3.98371607e-01
    -6.35924995e-01 -7.06109405e-01 5.46392202e-01 1.41330206e+00
    1.42515278e+00 1.43177319e+00 -1.26526773e-01 3.61441612e-01
    -1.02803719e+00 -4.31466103e-01 1.79429424e+00 6.61906004e-01
    5.50592482e-01 -1.01879692e+00 2.92556465e-01 4.78625298e-01
    1.07201636e+00 1.06371236e+00 -7.35952914e-01 3.69643569e-02
    6.27150834e-01 4.32610393e-01 1.12130880e-01 9.75514054e-01
    1.64841330e+00 1.35093820e+00 -3.54725540e-01 1.07892036e+00
    6.22021914e-01 -5.79514861e-01 6.31124616e-01 1.49865508e-01
    4.16067958e-01 1.68664479e+00 8.88242960e-01 6.89649582e-02
    4.94914770e-01 6.52978897e-01 -1.61157310e-01 -5.88587105e-01
    3.38652134e-01 -7.62121797e-01 1.20934713e+00 2.35664129e-01
    1.68769145e+00 1.34334695e+00 3.65067959e-01 -3.55486155e-01
    -1.42132998e-01 1.28912973e+00 5.91810405e-01 -8.81691456e-01
    -6.43819034e-01 -1.34634793e-01 -3.15042019e-01 1.16714859e+00
    1.16989672e-01 -5.16425252e-01 6.57393217e-01 1.46516848e+00
    6.37458563e-02 -5.33832550e-01 1.14639342e+00 1.80082393e+00
    1.76779461e+00 1.18217945e-01 -3.22304189e-01 1.13235617e+00
    -5.98914266e-01 -6.81536674e-01 6.24509037e-01 1.43268466e-01
    1.41790688e-01 -1.15296364e-01 -6.45859718e-01 6.87540293e-01
    4.88081872e-01 6.55655146e-01 1.88074422e+00 -7.85848558e-01
    -7.56649673e-01 1.14811015e+00 -5.00977755e-01 -9.89404202e-01
    -1.34912193e-01 2.14875698e-01 2.37935483e-01 1.40538514e+00
    1.38354564e+00 2.67225742e-01 1.65258694e+00 1.46351326e+00
    2.70929039e-01 -6.69014454e-01 -7.68732965e-01 9.05490696e-01
    -6.75840318e-01 -1.23643637e-01 1.88329542e+00 6.30681634e-01
    1.52355564e+00 3.69817555e-01 3.49937141e-01 -8.74253631e-01
    -2.21641243e-01 -3.60428512e-01 1.88692331e-01 1.98133230e+00
    -2.79875278e-01 -5.55482507e-01 1.88060343e-01 1.25496876e+00
    7.21560359e-01 1.75202644e+00 3.53628397e-02 -8.98645341e-01
    1.43652475e+00 -1.27113938e-01 -2.53716111e-01 1.66137516e+00
    8.25297058e-01 1.14305186e+00 -7.80896604e-01 9.92317200e-02
    -1.06479943e-01 1.12867832e-01 1.12359452e+00 4.73693609e-02
    6.07603908e-01 -6.55073047e-01 -1.49626434e-01 8.45200419e-02
    -9.40793753e-02 1.28106499e+00 6.45925522e-01 1.11951673e+00
    3.41343760e-01 1.46670759e+00 5.25009513e-01 -1.52197719e-01
    1.23476458e+00 -5.31558931e-01 1.28194475e+00 1.17468774e-01
    1.15005791e-01 8.72090101e-01 -7.62892962e-01 2.51970112e-01
    1.50060558e+00 1.88722706e+00 1.08661318e+00 -5.75711250e-01
    1.12191284e+00 4.72800136e-01 1.17071486e+00 -8.84205818e-01
    3.21255028e-01 -5.49942851e-01 1.89481497e+00 -1.77724779e-01
    2.57412255e-01 1.31269062e+00 3.08100700e-01 5.05804956e-01
    -1.94584548e-01 -1.50165260e-01 -5.03588438e-01 1.18489265e+00
    6.46574974e-01 -8.28890502e-01 1.78264260e-01 1.63249898e+00
    -3.30863118e-01 5.09932637e-01 -2.44920135e-01 1.26675642e+00
    9.44156647e-02 8.86922479e-01 1.05322957e+00 1.57362032e+00
    1.68179584e+00 -9.43301260e-01 -1.02521539e-01 -1.88751936e-01
    1.80207849e+00 -6.58437192e-01 7.23114967e-01 9.16414797e-01
    3.06504786e-01 -4.50748026e-01 9.72112298e-01 -7.59765506e-02
    6.97890639e-01 1.19068360e+00 5.32128215e-01 -2.46454000e-01
    1.76342177e+00 1.40327108e+00 2.45474577e-02 -4.88576233e-01
    3.29406857e-01 1.67994893e+00 1.38378084e+00 1.89650548e+00
    1.62271297e+00 -5.88371158e-02 7.89421797e-02 8.41872156e-01
    1.41262686e+00 -8.16246927e-01 1.89476264e+00 -2.40452409e-01
    3.07198167e-01 1.40000856e+00 1.25947630e+00 -1.46840215e-02
    1.18109822e+00 1.31543279e+00 6.75215602e-01 1.46963239e+00
    3.89573574e-01 5.97048521e-01 1.96302533e+00 1.18640590e+00
    1.45233905e+00 1.98460174e+00 -1.72069073e-01 -6.74970329e-01
    1.60694933e+00 9.07755375e-01 4.54734623e-01 3.34273279e-01
    -7.83333182e-01 1.81813836e+00 1.95356941e+00 1.55830562e+00
    -9.84238446e-01 7.19553471e-01 1.23948860e+00 1.61568165e-01
    1.45954967e-01 2.71551371e-01 -1.11324370e-01 1.59977555e+00
    1.81734622e-01 3.42764020e-01 6.18237019e-01 1.41244495e+00
    1.82689774e+00 1.08338809e+00 8.67332160e-01 1.72076643e+00
    1.31454098e+00 1.65018713e+00 5.93822002e-01 -4.19870317e-01
    8.40049684e-01 -4.24795747e-02 -7.63702750e-01 -7.09983110e-02
    -1.06828153e-01 1.49104667e+00 1.39413643e+00 -6.80060625e-01
    -2.76455164e-01 1.65008569e+00 -4.58962023e-01 1.18861389e+00
    7.59169936e-01 -2.88974047e-02 8.91143620e-01 9.18857336e-01
    1.47100139e+00 3.39867711e-01 5.66380203e-01 1.61975574e+00
    7.79507995e-01 -5.10707438e-01 9.82369542e-01 2.53777862e-01
    5.05275369e-01 2.80287862e-01 5.55331230e-01 3.98527145e-01
    7.97998071e-01 4.70670462e-02 -5.60613990e-01 1.70044422e-01
    1.13928711e+00 5.92097044e-02 1.43181682e-01 1.70684445e+00
    1.13472569e+00 -5.22738576e-01 1.53294981e+00 -3.47323596e-01
    1.19271946e+00 1.78171682e+00 1.43452275e+00 -7.98485577e-01
    1.52348793e+00 1.30927563e-03 -1.66001976e-01 1.02602911e+00
    1.85036230e+00 1.29683018e-01 1.71009624e+00 -2.00358450e-01
    -3.05078983e-01 6.39705062e-01 -2.35084772e-01 -2.12954879e-02
    1.39985085e+00 1.90777409e+00 3.57764244e-01 -4.24105763e-01
    5.92162251e-01 -6.08172417e-02 -1.57294452e-01 -9.19528127e-01
    1.56537461e+00 1.33441448e-01 -2.37728596e-01 1.77607417e-01
    1.13635004e-01 -8.00790370e-01 2.82301664e-01 2.40592957e-02
    1.72795296e+00 -1.54620707e-01 1.35418653e+00 1.64021242e+00
    8.05257022e-01 1.47256935e+00 1.36908257e+00 1.82954073e+00
    -6.79559469e-01 1.70636678e+00 6.37587905e-01 -4.40473497e-01
    -1.80043638e-01 1.33431828e+00 1.77260399e+00 1.19203901e+00
    -3.29244018e-01 1.09244454e+00 -4.43967462e-01 -1.62913859e-01
    4.10561621e-01 4.12719011e-01 1.21465766e+00 1.14644289e+00
    9.85748351e-01 1.75127423e+00 1.20909214e-01 1.73684680e+00
    5.30210197e-01 -1.62942648e-01 1.45297396e+00 -2.67749548e-01
    4.25319672e-01 -3.94920051e-01 -6.77033722e-01 -7.01732635e-02
    1.09609914e+00 4.52355564e-01 -4.79090601e-01 1.17468035e+00
    1.30749202e+00 -6.89332485e-01 8.43154252e-01 1.66549146e+00
    7.88744867e-01 4.90444064e-01 -7.45314896e-01 -6.15191698e-01
    1.72646666e+00 4.38562870e-01 7.69764423e-01 1.41876698e-01
    -1.63970828e-01 8.49797487e-01 7.14003563e-01 1.82646155e+00
    1.71323872e+00 1.69525146e+00 -9.60640013e-01 5.56368053e-01
    -4.39194590e-01 1.54248691e+00 3.29454720e-01 9.36906695e-01
    1.77193761e+00 1.59855032e+00 4.92116213e-01 1.81062829e+00
    -1.14291787e-01 9.21017528e-02 1.05090690e+00 -3.36498022e-01
    9.54059958e-01 1.74432039e+00 9.54825878e-02 -8.09647679e-01
    9.44060743e-01 1.91861725e+00 4.11524236e-01 1.04316473e+00
    1.63597381e+00 5.95440388e-01 -3.19278836e-01 1.58043349e+00
    6.46468639e-01 -2.03204215e-01 8.31497192e-01 1.54091096e+00
    -7.39288926e-01 1.84917867e-01 1.74979043e+00 1.07506776e+00
    1.44364154e+00 1.58919740e+00 5.15395999e-01 -7.12128639e-01
    2.20430374e-01 -3.83446872e-01 -3.54008138e-01 1.42628014e+00
    -3.90053809e-01 6.19395375e-01 8.46085787e-01 -9.21819985e-01
    1.83994174e+00 1.10307336e+00 1.56497931e+00 2.33842432e-01
    -9.46275830e-01 -9.30280030e-01 2.27814317e-01 1.41511941e+00
    3.80735159e-01 1.41075730e-01 1.75327373e+00 1.53608227e+00
    1.16230583e+00 3.44362974e-01 -8.46244633e-01 -1.79505169e-01
    9.45401192e-03 1.98781848e-01 3.99132013e-01 1.88279700e+00
    9.94189858e-01 -4.11904216e-01 -5.06519437e-01 1.15896559e+00
    1.71760678e+00 -8.57442617e-02 1.90658021e+00 8.69553745e-01
    8.75146031e-01 1.66299939e+00 -4.39406395e-01 5.32082677e-01
    9.76881504e-01 1.94558144e-01 -8.58684540e-01 -8.15874100e-01
    5.81318140e-03 -5.27845919e-01 -2.35495806e-01 1.77893603e+00
    -8.56635153e-01 -5.03547549e-01 -5.93100846e-01 1.39905536e+00
    1.49113846e+00 -8.75062108e-01 -3.65473628e-02 1.62005067e-01
    -5.58268428e-01 5.21530390e-01 -8.94672871e-02 9.52807009e-01
    1.77190185e+00 1.95279932e+00 1.62092185e+00 -8.92226756e-01
    -6.06670380e-02 -9.98908281e-02 -7.98156023e-01 -3.02814543e-01
    -4.09355879e-01 -9.05923069e-01 -9.24201131e-01 2.98065782e-01
    -1.68690681e-01 3.88099968e-01 1.28691816e+00 2.98843205e-01
    -5.18901825e-01 2.20227957e-01 -1.48305297e-01 1.40717387e+00
    -7.08285213e-01 1.54902887e+00 5.13722956e-01 1.95906579e-01
    1.69482017e+00 4.91893828e-01 -6.51184857e-01 -8.41200769e-01
    -8.11751604e-01 1.69133949e+00 -2.74933755e-01 1.57520390e+00
    6.58999979e-01 1.26837730e-01 3.01430941e-01 4.25620794e-01
    1.12200403e+00 3.49430680e-01 -4.41333055e-01 1.27373195e+00
    1.51840639e+00 -6.03844762e-01 1.91608202e+00 1.94252837e+00
    -8.55628014e-01 -1.37727261e-02 -7.55802751e-01 -3.75686526e-01
    1.40563726e+00 1.54448140e+00 -2.82059908e-02 4.08267975e-01
    -9.80277717e-01 -4.54784632e-01 1.69470596e+00 1.34879231e+00
    -1.09210074e-01 6.21718168e-01 2.45859861e-01 1.70979989e+00
    5.08788109e-01 1.60347712e+00 4.78604436e-01 1.56568491e+00
    -9.57166553e-02 -1.12594903e-01 6.28340542e-01 -2.77162313e-01
    -3.31383169e-01 -6.54894829e-01 8.52687418e-01 1.28764820e+00
    -4.64369059e-02 -5.90426207e-01 1.41570389e+00 1.59475827e+00
    9.94209707e-01 1.40573931e+00 -3.87085497e-01 8.96294355e-01
    8.89822245e-01 1.28868508e+00 -4.12917644e-01 4.22907114e-01
    -5.11393189e-01 1.15061557e+00 1.24681115e-01 -4.90457207e-01
    1.88721943e+00 -1.73634470e-01 -3.75887871e-01 -4.87071574e-01
    -1.01553440e-01 1.31077468e-01 1.67483234e+00 1.54120767e+00
    2.21767902e-01 -9.12856996e-01 1.50856304e+00 1.84068072e+00
    1.27644110e+00 -7.47009993e-01 -1.27884984e-01 -4.80389595e-03
    1.34683692e+00 -6.83364332e-01 -3.33219945e-01 4.38039064e-01
    1.63081956e+00 -1.47458017e-01 1.77541292e+00 1.33123815e-01
    -5.61991453e-01 -8.72951031e-01 1.16221619e+00 -7.65250325e-01
    -9.14326012e-01 -8.13342690e-01 1.12332940e+00 9.61079895e-01
    8.60243261e-01 -3.05067003e-01 8.34563196e-01 5.78955770e-01
    -4.69175577e-01 1.35036719e+00 -4.66660023e-01 8.08856964e-01
    2.47682929e-01 -6.72267437e-01 1.94819713e+00 -1.91993475e-01
    1.40405202e+00 -5.27896404e-01 2.01983070e+00 1.19856429e+00
    -7.73842931e-02 -9.02673244e-01 9.64842439e-02 -3.34571600e-01
    -4.87058163e-02 1.71790314e+00 1.29116726e+00 1.80837631e+00
    -2.62479603e-01 1.96344852e-01 1.40721834e+00 8.52157950e-01
    1.12221289e+00 1.80140412e+00 7.49049246e-01 1.81798697e-01
    4.59301710e-01 -4.94546622e-01 2.00281560e-01 3.68152857e-01
    -1.97330713e-01 -6.66682959e-01 7.14106441e-01 7.71929741e-01
    1.59604144e+00 6.09291375e-01 1.43249500e+00 -9.61595178e-02
    -3.43758702e-01 1.17542338e+00 1.72382104e+00 -3.95573080e-01
    1.18302107e+00 -1.64554775e-01 7.31595635e-01 -5.19109488e-01
    1.35934615e+00 -4.42018956e-01 -5.93513846e-02 -6.94731057e-01
    -8.93925428e-02 7.88346410e-01 -6.44178748e-01 1.53407061e+00
    1.81965196e+00 -2.99863875e-01 3.23624432e-01 1.11820698e-02
    -9.48104858e-02 -4.02445614e-01 -3.63108158e-01 -6.01930499e-01
    6.84958696e-02 4.26494539e-01 -2.26535738e-01 4.73691702e-01
    1.64749742e+00 1.03146672e+00 5.03986418e-01 7.09922910e-02
    5.36558032e-01 4.10341740e-01 7.28275895e-01 -5.95668316e-01
    -8.86670947e-01 1.66857159e+00 -1.62375987e-01 -2.95571387e-01
    1.85632384e+00 -9.65357482e-01 -2.14010179e-01 -3.13265085e-01
    1.91459322e+00 1.00068641e+00 1.47930515e+00 6.35168612e-01
    -6.40187502e-01 -1.86624408e-01 1.05517030e+00 1.06953382e-02
    -4.70753670e-01 1.25434446e+00 5.24797916e-01 -1.03128624e+00
    -3.54921818e-02 1.83695447e+00 -4.07490551e-01 1.56315744e+00
    1.03543496e+00 6.12806797e-01 1.81206906e+00 9.01777744e-01
    1.80098009e+00 1.81840456e+00 7.32653856e-01 1.27955699e+00
    -5.55478930e-01 2.76603580e-01 4.78752315e-01 -2.15085626e-01
    1.07878900e+00 1.76756144e-01 -6.34891391e-02 -2.74291754e-01
    -1.82549477e-01 3.64634335e-01 -1.23369336e-01 -6.55231595e-01
    1.19611883e+00 7.16800034e-01 5.87843657e-02 1.05891716e+00
    -7.53663301e-01 8.46353471e-01 1.08532667e+00 1.23211384e+00
    -7.41851926e-01 -3.51056159e-01 -9.10290539e-01 2.99323082e-01
    1.83493185e+00 -7.63683438e-01 1.17995203e-01 2.32897997e-02
    1.81174576e+00 -8.63997698e-01 -9.13169503e-01 1.76501250e+00
    -2.72849619e-01 1.44917309e+00 1.62039697e-01 1.49766088e+00
    -5.38533330e-02 1.53614581e+00 -3.60638857e-01 9.61321712e-01
    1.48047519e+00 1.65482986e+00 7.67860413e-02 1.92444086e+00
    1.84958816e-01 -1.28785551e-01 1.13787556e+00 8.34874213e-01
    -6.06683135e-01 1.07933545e+00 6.88851535e-01 -4.02678788e-01
    1.32952118e+00 5.49060404e-01 1.69264054e+00 -8.08464885e-01
    -2.41734385e-01 -8.62120628e-01 1.59861255e+00 5.44438362e-01
    -7.80409575e-02 3.09198380e-01 1.31233656e+00 -6.10541701e-02
    -2.47807324e-01 2.63708830e-02 1.46462202e+00 -3.81526232e-01
    -8.46361220e-01 -7.93455601e-01 -4.56597835e-01 4.59493995e-01
    1.06887531e+00 1.50271463e+00 9.85920191e-01 2.35201657e-01
    -4.48725164e-01 1.90653133e+00 1.11606991e+00 -7.33284950e-02
    -3.96130502e-01 1.15025473e+00 -8.70910883e-01 1.54331684e+00
    4.31142330e-01 9.76973295e-01 6.20684624e-02 -9.75561738e-02
    1.22433519e+00 -3.81598890e-01 1.82585084e+00 6.72042370e-02
    -1.25594139e-02 -1.49492264e-01 -6.27699912e-01 4.24665213e-01
    3.42754304e-01 3.05862427e-01 1.11987019e+00 1.90231252e+00
    -5.93942821e-01 1.40610218e+00 -6.17200673e-01 1.80014396e+00
    7.59006381e-01 2.18715250e-01 -3.88367206e-01 1.58065021e+00
    5.95752656e-01 1.93167937e+00 1.66450226e+00 1.17089915e+00
    3.84677768e-01 1.20342588e+00 1.06097937e-01 -7.36881018e-01
    3.38883877e-01 1.83721006e-01 -4.56217527e-01 -5.27906001e-01
    1.01650560e+00 2.28437066e-01 9.17368114e-01 4.33023214e-01
    -7.43436456e-01 2.98461199e-01 -7.00973868e-02 1.73570776e+00
    -8.97037983e-01 -8.33395004e-01 -4.24817443e-01 5.42433321e-01
    1.39389861e+00 1.60855722e+00 4.89109755e-01 1.75481820e+00
    1.20880175e+00 1.38626933e-01 1.08839452e-01 8.19337249e-01
    -3.03673685e-01 1.13659978e+00 6.52606010e-01 -2.64860272e-01
    -9.38979328e-01 7.52763271e-01 9.36904550e-02 1.88125443e+00
    1.87780416e+00 3.96495819e-01 -9.77987289e-01 8.60520363e-01
    -3.79944384e-01 1.64796484e+00 6.66538298e-01 4.22423601e-01
    -7.43025780e-01 -9.16337073e-01 1.43416059e+00 2.76515543e-01
    1.88184428e+00 1.82498527e+00 3.61129940e-01 1.87529445e+00
    4.98413026e-01 2.48428881e-01 -2.31003404e-01 -1.16704345e-01
    -6.96252465e-01 2.28909671e-01 -5.07939339e-01 1.58348274e+00
    -2.31127501e-01 6.04589045e-01 5.55563688e-01 1.04949462e+00
    9.89690006e-01 1.75539207e+00 -4.22356367e-01 -4.79069352e-02
    4.69788194e-01 -6.75043702e-01 2.24085450e-01 1.78994608e+00
    1.93138289e+00 -3.04924488e-01 1.34158683e+00 1.85017896e+00
    4.24500942e-01 7.79561102e-01 3.03192019e-01 3.46870601e-01
    -3.98523033e-01 7.21768498e-01 6.98200703e-01 1.97857761e+00
    4.41319525e-01 9.81310010e-02 1.39743328e+00 5.82964838e-01
    5.77048659e-02 1.16935611e+00 -4.11799729e-01 -1.88633680e-01
    -6.26146436e-01 -2.79387355e-01 1.34553862e+00 1.42819715e+00
    2.11814761e-01 1.27602053e+00 2.39193439e-01 6.70632720e-02
    1.99594235e+00 6.77131414e-01 1.41135609e+00 1.99312091e+00
    -9.24505830e-01 -6.78911924e-01 1.63054514e+00 1.56147480e-02
    1.64740610e+00 -2.99442887e-01 7.14176893e-01 -3.45087349e-01
    -1.04638100e-01 -2.00906932e-01 3.59274745e-01 -2.05914855e-01
    1.66491282e+00 1.80651355e+00 -1.03365183e-01 4.30068910e-01
    2.51661897e-01 -6.17147565e-01 -5.65354466e-01 -7.83270001e-02
    1.16256237e+00 1.79779482e+00 -9.18803632e-01 -5.47101498e-01
    1.08418512e+00 1.12647879e+00 2.17885256e-01 1.28951907e+00
    4.84323621e-01 1.04674363e+00 2.32338488e-01 -5.10938644e-01
    -8.75558853e-02 1.91616273e+00 -3.45175743e-01 4.00634825e-01
    -7.09983289e-01 -7.64185667e-01 -1.08463883e-01 1.25859356e+00
    1.74218345e+00 1.02610993e+00 1.12577963e+00 -7.85059154e-01
    1.54422748e+00 -3.59449267e-01 5.35671592e-01 3.77118409e-01
    6.03878975e-01 1.27455473e-01 7.54266560e-01 -5.31564593e-01
    8.20498645e-01 3.94836068e-02 9.45008278e-01 5.48414588e-02
    5.97884595e-01 -4.33762968e-01 2.01905012e-01 -3.10763717e-01
    1.01407790e+00 -3.81421804e-01 -3.57809246e-01 5.12494445e-02
    -4.67657447e-01 9.68874037e-01 -3.07670534e-01 6.42965734e-01
    1.36906695e+00 -7.64782548e-01 -3.30258787e-01 9.25963163e-01
    1.51528811e+00 5.51980734e-03 1.71871889e+00 1.14507723e+00
    -1.19640708e-01 1.86818302e+00 1.19790530e+00 2.23243594e-01
    1.46911144e+00 -7.94771314e-01 -8.59776556e-01 -1.28472686e-01
    2.62431800e-01 1.01183450e+00 -6.90053523e-01 7.78542101e-01
    2.24173903e-01 4.80336308e-01 -3.67996663e-01 1.85956299e+00
    -2.83738196e-01 2.77935266e-02 1.26648378e+00 1.40692830e+00
    -8.89397621e-01 2.44936109e-01 9.18419719e-01 -9.90069807e-01
    -6.68913484e-01 8.64341438e-01 1.13991189e+00 6.95093870e-02
    4.03638422e-01 8.67361724e-01 -8.14277112e-01 -3.50679994e-01
    1.65085101e+00 8.59260559e-03 -2.34924018e-01 8.45934510e-01
    1.00932729e+00 5.11589527e-01 8.44550431e-01 -4.37619030e-01
    1.94924819e+00 1.67904198e-01 1.24139237e+00 6.52963042e-01
    1.53360534e+00 -2.15221047e-01 -2.79134512e-03 -1.56076968e-01
    1.68777966e+00 5.22738576e-01 1.40070283e+00 1.77846193e+00
    1.07417524e+00 7.66632020e-01 1.58219433e+00 -3.46643329e-01
    1.38714170e+00 -3.87161463e-01 2.26782441e-01 -4.60736483e-01
    -1.40345991e-01 4.89794075e-01 3.75409484e-01 -7.29079962e-01
    1.07402217e+00 1.22089863e+00 -9.55236554e-02 5.42182326e-01
    3.05596173e-01 -4.69068557e-01 -3.72404933e-01 -2.44480252e-01
    -2.41769612e-01 -2.10736454e-01 1.15628910e+00 -6.45294785e-01
    1.80276716e+00 1.58256102e+00 5.94291270e-01 1.40360880e+00
    1.22660756e+00 1.40333438e+00 1.53994942e+00 1.54737234e+00
    1.44171381e+00 1.32632303e+00 -6.08864069e-01 -5.13964832e-01
    1.30554950e+00 3.19612741e-01 -2.74768293e-01 1.73115492e-01
    3.81622493e-01 9.77343380e-01 1.12793732e+00 1.42126787e+00
    1.47800708e+00 6.32503390e-01 4.45091724e-02 -7.19725966e-01
    3.89143229e-02 1.10876620e+00 9.02059138e-01 -5.00290990e-02
    1.96952689e+00 1.80353355e+00 -9.06720400e-01 5.64533234e-01
    1.36495721e+00 1.37358761e+00 -4.10837591e-01 -5.79213381e-01
    -3.90536308e-01 -4.28161442e-01 -8.72725964e-01 1.64155889e+00
    1.33461046e+00 1.89537001e+00 5.57582140e-01 -5.78348637e-01
    7.92641044e-02 1.63753581e+00 2.52632320e-01 6.65539265e-01
    -6.58116102e-01 -7.98854589e-01 -2.27754295e-01 1.07616401e+00
    -5.40131569e-01 -3.09926569e-01 2.55649567e-01 1.90817392e+00
    5.38118243e-01 8.47274303e-01 1.58159816e+00 8.92005682e-01
    1.50003171e+00 7.63436675e-01 1.25786853e+00 -3.83393764e-02
    -5.66349745e-01 -1.09233201e-01 2.20479071e-01 1.30397224e+00
    -2.34247088e-01 4.28932190e-01 1.06585455e+00 1.56863379e+00
    -7.44604826e-01 -8.54477227e-01 3.89609694e-01 -1.89645231e-01
    1.20736265e+00 4.95116472e-01 -6.66474044e-01 8.51879120e-01
    1.71153748e+00 -4.71970290e-01 1.42739952e+00 6.02250278e-01
    9.74235594e-01 -2.24530339e-01 1.46173072e+00 1.78813934e-02
    -6.74465895e-02 -4.80613202e-01 7.91367888e-01 -6.90794826e-01
    4.19431627e-01 1.10192084e+00 1.65592921e+00 1.62615371e+00
    1.11109686e+00 1.15757298e+00 -3.19301963e-01 9.71858621e-01
    1.35163403e+00 -7.30563283e-01 6.16357684e-01 2.51361489e-01
    -2.97567010e-01 1.07502258e+00 -3.00193846e-01 1.63467121e+00
    3.19637418e-01 2.86438823e-01 -5.36926508e-01 1.33658600e+00
    -8.61754060e-01 5.42385936e-01 1.13252664e+00 1.70547831e+00
    -8.60427678e-01 7.57588506e-01 8.98639560e-01 7.51941144e-01
    -8.02136421e-01 1.23156106e+00 1.89998829e+00 6.41801059e-01
    -5.51550984e-01 6.13598228e-02 1.55392742e+00 -4.76941824e-01
    1.00649774e-01 1.24935591e+00 2.02167034e-02 -6.74787819e-01
    1.68572521e+00 -4.29034770e-01 1.02987123e+00 -3.05921435e-01
    -4.52269316e-01 1.89095545e+00 7.31182098e-03 5.79796553e-01
    1.28237486e-01 -5.56042969e-01 7.61439085e-01 4.08372879e-01
    8.85482192e-01 4.50108528e-01 -7.16484070e-01 8.33254337e-01
    1.52642488e+00 8.24262440e-01 5.41029811e-01 -9.06889975e-01
    9.69177425e-01 6.29142046e-01 8.18458200e-02 6.24098539e-01
    -3.70873213e-02 -4.20025349e-01 1.26694441e-01 1.76134706e-01
    1.41974676e+00 1.18557107e+00 7.46595860e-01 1.12709713e+00
    4.72898901e-01 1.88515568e+00 1.22583914e+00 -5.14540613e-01
    1.18092716e+00 1.25193977e+00 1.61285520e-01 1.34465384e+00
    1.54695678e+00 1.14940929e+00 2.65690982e-01 1.65036178e+00
    1.54002440e+00 1.61389160e+00 6.53708577e-01 7.10604548e-01
    1.38594270e-01 -7.40627646e-02 7.96131432e-01 1.62784624e+00
    3.46937418e-01 -7.51280427e-01 1.02451921e+00 -1.66420639e-01
    1.57716393e-01 1.95107150e+00 -4.37348366e-01 1.61769509e+00
    1.00701535e+00 -6.21801734e-01 6.57909811e-01 9.96077240e-01
    1.51635027e+00 5.08102417e-01 5.19943833e-02 1.77423191e+00
    1.08060551e+00 9.96713638e-02 1.77574825e+00 6.31484032e-01
    1.83645153e+00 1.09086680e+00 1.74548769e+00 5.83315134e-01
    -8.65969837e-01 -5.51978350e-01 1.58571172e+00 1.44120145e+00
    7.94939220e-01 1.93163812e-01 1.51956701e+00 -1.82433546e-01
    6.30737007e-01 1.84752274e+00 -7.46930480e-01 -2.10393131e-01
    4.71764803e-03 -5.11345863e-01 -8.70513737e-01 1.46565259e+00
    1.49279356e-01 1.36251163e+00 1.24749470e+00 1.84379232e+00
    -7.50126362e-01 1.01724339e+00 3.39016795e-01 -4.87627506e-01
    -8.38783145e-01 1.35710764e+00 1.41434658e+00 -3.67682099e-01
    1.42451048e-01 -4.99937713e-01 -3.94162476e-01 8.89064074e-02
    -3.53258848e-01 3.12156081e-01 1.99365950e+00 1.21199965e+00
    3.15427184e-01 1.25852227e+00 1.73421597e+00 1.89852524e+00
    3.23712230e-02 1.13169968e-01 5.09848773e-01 -7.66839623e-01
    1.23767686e+00 -3.70424658e-01 3.40779722e-01 1.18106079e+00
    -3.36270630e-01 6.51270151e-01 -6.24460936e-01 7.01665103e-01
    3.48722935e-03 7.73414493e-01 -8.38617325e-01 -1.02142572e-01
    1.63758266e+00 -4.50421184e-01 6.72146082e-01 1.68222964e-01
    1.42156315e+00 5.27647197e-01 2.56442428e-02 5.05528569e-01
    1.41614580e+00 2.42196083e-01 1.02725112e+00 -3.98011923e-01
    1.20488787e+00 2.81383514e-01 1.64309311e+00 -5.11133552e-01
    1.01047564e+00 1.71132231e+00 -8.72234941e-01 2.19953597e-01
    1.16268182e+00 9.70474422e-01 1.44411969e+00 6.91970587e-02
    -6.34680390e-01 -8.68641257e-01 1.88716328e+00 1.92966986e+00
    -1.29622579e-01 -3.31501663e-01 9.70753431e-01 1.11953187e+00
    1.21285534e+00 -7.84711838e-02 1.84457040e+00 1.09434235e+00
    5.16458750e-02 -3.90154481e-01 -4.26159918e-01 2.90478349e-01
    -1.00576222e-01 1.09525275e+00 1.71352100e+00 -7.20829725e-01
    -8.22110236e-01 5.30704260e-02 1.62071037e+00 -7.70765305e-01
    -2.21140444e-01 1.49419737e+00 -5.99752903e-01 -4.73960549e-01
    1.54992282e-01 5.45189023e-01 -2.80191183e-01 1.74424160e+00
    1.46513999e-01 1.59705377e+00 4.75410759e-01 7.38698840e-01
    1.05050743e+00 -9.18198347e-01 -4.55539763e-01 1.35371780e+00
    8.52424026e-01 1.52366531e+00 -3.20310235e-01 -6.50426447e-01
    -7.87284374e-02 -7.01266766e-01 8.74636769e-01 -7.61284232e-01
    -5.67434430e-01 6.09671056e-01 -6.50568604e-02 -8.39089215e-01
    4.63061213e-01 1.16371214e+00 1.95685863e-01 -5.77417254e-01
    -6.92136645e-01 -6.44686222e-02 3.64395678e-01 3.26986134e-01
    -4.57342148e-01 1.70582378e+00 5.23406208e-01 -2.92754531e-01
    2.52420247e-01 -5.09874582e-01 8.56161892e-01 -1.20151043e-03
    -5.15398502e-01 6.77539945e-01 -8.04920316e-01 5.92851222e-01
    4.07636583e-01 6.54036343e-01 -9.54808593e-02 1.79953718e+00
    6.76824331e-01 -2.06167698e-02 7.00006247e-01 7.15871632e-01
    -3.52699280e-01 -1.58604741e-01 1.65113211e+00 8.71087849e-01
    1.48583293e+00 3.52108359e-01 9.81961370e-01 9.11213636e-01
    4.27281857e-01 1.44206393e+00 8.77554715e-01 6.31828904e-02
    1.02965844e+00 1.11050129e+00 1.72275519e+00 1.65617585e+00
    1.47414601e+00 3.94950807e-01 -7.65550613e-01 1.26225495e+00
    1.24030173e+00 -4.03082013e-01 3.43920887e-01 5.28776944e-01
    8.00113380e-01 1.31086516e+00 1.82760215e+00 -4.28233981e-01
    9.70029712e-01 -9.91064310e-01 1.08102393e+00 3.17591786e-01
    -5.55984616e-01 1.38510263e+00 -5.17522693e-02 5.71979463e-01
    -5.06733537e-01 -2.21729040e-01 1.75415850e+00 1.51472700e+00
    9.94746089e-01 1.28812242e+00 1.50632381e+00 3.71769905e-01
    -3.63159776e-01 5.24034083e-01 -4.84832466e-01 -8.98947299e-01
    1.02884793e+00 -4.94781196e-01 1.51779127e+00 -2.86841869e-01
    -7.72778332e-01 1.01000476e+00 4.15207922e-01 8.38488340e-01
    1.41873443e+00 3.59771371e-01 -2.43771672e-01 -5.40810943e-01
    1.71951473e+00 -1.36001348e-01 1.01721835e+00 3.52941871e-01
    -7.54367590e-01 -3.06786776e-01 6.39237165e-01 -9.28925753e-01
    -7.94289052e-01 1.40103102e-02 3.01844180e-01 3.21926057e-01
    1.19907153e+00 7.93110847e-01 4.67004120e-01 1.82504117e+00
    1.69044828e+00 5.73581874e-01 -7.72398114e-01 8.45811427e-01
    3.55439782e-02 -4.56087410e-01 -2.02241004e-01 1.58415020e+00
    -3.11110854e-01 6.25165701e-01 1.76018476e-03 1.53333879e+00
    1.72021306e+00 -5.10548055e-01 9.85454082e-01 1.87989473e-02
    5.78681707e-01 1.18746901e+00 -3.50534916e-04 5.81402481e-01
    1.65463018e+00 8.47943604e-01 1.90222204e+00 1.46525383e+00
    1.21822286e+00 1.01591182e+00 -1.91834509e-01 1.43824124e+00
    3.91607285e-02 2.92831600e-01 4.11432981e-03 1.38917947e+00
    9.71362233e-01 3.48936141e-01 1.94348907e+00 -6.44069672e-01
    -6.15677834e-02 -1.57643080e-01 1.43187213e+00 1.05833972e+00
    -8.18577290e-01 -5.67637086e-02 1.65071130e+00 6.89397812e-01
    6.68112874e-01 8.82011056e-02 7.79220283e-01 -1.51619673e-01
    1.86958516e+00 1.51082492e+00 7.72176385e-01 6.28536284e-01
    6.62241101e-01 -2.88452446e-01 5.87600052e-01 4.35117781e-01
    -7.87803531e-02 1.32346976e+00 -5.58741689e-01 9.46724951e-01
    9.20595765e-01 -1.35945320e-01 1.19664979e+00 1.20384002e+00
    1.22578979e+00 1.79516268e+00 2.60861576e-01 -6.67436779e-01
    -8.75916481e-02 -3.59614730e-01 1.76037192e-01 1.77418423e+00
    1.84757042e+00 1.71345329e+00 1.24852037e+00 1.55749094e+00
    -9.61484671e-01 1.76976538e+00 -4.30663526e-01 6.20495141e-01
    6.51853681e-01 -6.41766310e-01 1.64251184e+00 6.94861650e-01
    -2.38835514e-01 1.15231073e+00 -8.77107441e-01 1.56073117e+00
    1.25412822e-01 1.03876257e+00 -7.40457535e-01 8.97593021e-01
    -9.76467609e-01 1.81976235e+00 -1.53454244e-01 -5.54272771e-01
    1.75188780e+00 -3.54348123e-01 -4.49876726e-01 1.58102691e-01
    2.84233749e-01 5.65621555e-01 7.14742064e-01 -5.29980540e-01
    -1.90872371e-01 6.68372869e-01 -4.56472754e-01 3.39135230e-01
    1.38752103e+00 1.78598738e+00 9.84182596e-01 -7.26461411e-04
    6.23910427e-02 -9.94691849e-01 4.08479571e-02 1.58673012e+00
    1.80054665e+00 4.72063363e-01 4.84362841e-02 9.23681259e-01
    1.71112347e+00 7.29852796e-01 7.83329785e-01 -7.82232046e-01
    1.32048213e+00 -8.75785649e-01 -4.23131227e-01 8.87966394e-01
    -6.11850142e-01 3.03093791e-02 -6.03832185e-01 1.83821011e+00
    1.95368230e-01 -1.35800600e-01 1.87351966e+00 1.17600322e+00
    7.43850350e-01 -4.33103502e-01 4.45237041e-01 1.67850828e+00
    2.92249203e-01 6.44989491e-01 1.38071728e+00 -3.27628076e-01
    -1.96507037e-01 2.68886447e-01 -1.55437768e-01 1.63089740e+00
    1.73444855e+00 -8.67358446e-02 1.98742175e+00 1.56652200e+00
    1.16929567e+00 -7.84423053e-01 3.70178401e-01 3.12098980e-01
    -5.11097252e-01 1.38428926e+00 -1.64030910e-01 2.18951702e-01
    1.11341047e+00 2.68211007e-01 3.63714099e-01 6.34866059e-01
    -2.93904662e-01 1.45047331e+00 1.43501353e+00 1.52942300e+00
    -3.01537871e-01 -6.97701693e-01 3.83226037e-01 7.46252239e-01
    -5.42900205e-01 1.05314374e+00 1.49843919e+00 -4.39735085e-01
    7.40009844e-01 1.01247287e+00 3.09250951e-02 1.73655879e+00
    1.36909890e+00 3.83220434e-01 2.64876544e-01 1.56987441e+00
    -2.43114054e-01 1.02828622e-01 -5.23005426e-01 -5.46102822e-01
    3.56119394e-01 1.25663781e+00 -3.13912928e-01 1.63677621e+00
    -2.68600821e-01 4.77896690e-01 -1.69597447e-01 -5.83110929e-01
    1.78795123e+00 1.02022910e+00 1.86476254e+00 9.30602372e-01
    1.52312958e+00 1.28635705e+00 4.43806469e-01 1.87309682e-01
    8.47362280e-02 -5.86379528e-01 6.18885875e-01 -9.74256217e-01
    1.90454268e+00 7.52541423e-02 -6.51447773e-02 1.64925885e+00
    4.08813119e-01 2.94580936e-01 1.00002718e+00 -3.29131722e-01
    4.24808443e-01 -7.29116440e-01 1.61879420e+00 1.42603827e+00
    -4.07422960e-01 -3.37090254e-01 1.30650663e+00 9.97591436e-01
    2.03941703e-01 4.13450599e-02 1.59918332e+00 1.28020692e+00
    1.28526688e-01 -5.43511510e-01 1.30538368e+00 1.34115052e+00
    1.86790538e+00 7.41526067e-01 -8.37315023e-01 1.98797941e+00
    1.62644362e+00 -1.70570254e-01 4.76556361e-01 -3.04814935e-01
    1.44298410e+00 -6.04076385e-01 -2.71576881e-01 1.86422157e+00
    1.08278549e+00 1.39999402e+00 2.22840786e-01 -9.86891985e-01
    1.03408146e+00 -6.88188851e-01 -7.19919920e-01 5.18993199e-01
    8.98299336e-01 8.48578691e-01 4.69266176e-01 -7.57737458e-01
    -6.17620051e-01 1.10955894e+00 -5.41428030e-01 8.78439963e-01
    -2.54361451e-01 1.41631901e+00 2.57024467e-01 -4.16250050e-01
    -4.45254922e-01 -1.51956797e-01 2.35476494e-02 -5.32381713e-01
    9.64692473e-01 1.49735379e+00 1.73392832e-01 1.14968336e+00
    1.45118976e+00 9.54694450e-01 4.71912265e-01 -7.78815746e-02
    -5.74659109e-01 3.55812967e-01 -8.59557807e-01 6.43469632e-01
    -6.26615286e-01 1.95457423e+00 1.94542551e+00 -3.50410283e-01
    2.59894073e-01 -8.50127876e-01 -3.12316477e-01 1.08475840e+00
    -4.12192285e-01 1.49653769e+00 -4.26012993e-01 7.88913667e-01
    2.54588723e-02 1.69356918e+00 -6.89480186e-01 1.07225418e+00
    8.52336049e-01 -7.99156308e-01 9.68553662e-01 4.34265375e-01
    2.40946889e-01 9.98255610e-01 -6.84171200e-01 -7.74476588e-01
    1.92797124e+00 -4.61972296e-01 -4.73051578e-01 -2.74487495e-01
    1.89635611e+00 1.12977123e+00 2.97732472e-01 3.61101747e-01
    1.85047829e+00 5.75669408e-02 7.58856535e-02 2.99164414e-01
    1.78411961e-01 1.03682458e-01 -7.37805963e-02 -4.67787623e-01
    9.70531046e-01 1.33733487e+00 1.03899431e+00 8.96711290e-01
    -4.59120154e-01 5.55433750e-01 4.79573607e-01 6.59773469e-01
    1.11383677e+00 -6.45165086e-01 -1.99820697e-01 1.71148086e+00
    1.72150397e+00 3.70949149e-01 -4.23840284e-02 7.65889287e-02
    6.44444048e-01 -4.78656888e-01 -2.26526380e-01 8.89177620e-01
    5.33437848e-01 -3.88563752e-01 -6.77301049e-01 1.09371018e+00
    2.60094404e-01 6.63184702e-01 1.30327570e+00 7.82996416e-01
    1.19952023e-01 -2.86274433e-01 -1.93354189e-01 1.37315881e+00
    1.76822209e+00 6.26321793e-01 -6.95123315e-01 1.28701735e+00
    1.76127398e+00 1.13272953e+00 8.64109635e-01 -8.70521963e-01
    1.61798835e+00 -8.82222235e-01 4.38787818e-01 1.67570758e+00
    -5.84212303e-01 1.82735395e+00 6.71586037e-01 1.39809477e+00
    9.64570045e-03 1.14759862e+00 -4.07399148e-01 7.36296773e-01
    5.14550567e-01 6.85232759e-01 1.80823517e+00 -4.75796580e-01
    1.17837048e+00 8.54963064e-01 1.91812038e+00 8.91520798e-01
    5.93409956e-01 1.73804569e+00 -2.72908211e-01 1.63948429e+00
    -4.94871050e-01 1.32405961e+00 -6.71972275e-01 -8.83695722e-01
    -6.00455940e-01 -2.53356695e-02 1.32675815e+00 2.65207887e-01
    1.88582313e+00 1.33279276e+00 1.53775930e+00 1.78518832e+00
    -4.91821647e-01 8.70862007e-01 6.81450605e-01 2.75583029e-01
    1.32182598e+00 5.82722545e-01 4.10728574e-01 1.66376984e+00
    -7.96370149e-01 1.10074580e-01 1.09416676e+00 1.06731808e+00
    -2.96050370e-01 -9.34618115e-02 3.56155813e-01 6.75092459e-01
    4.46061432e-01 9.29320574e-01 1.39801228e+00 1.32433844e+00
    -2.54999638e-01 2.00562716e-01 1.90689027e+00 1.31490231e+00
    2.27524221e-01 -1.23035491e-01 -2.45899558e-02 2.08641529e-01
    -4.36703712e-01 -3.52233112e-01 -3.77123296e-01 1.98222756e+00
    -2.41696775e-01 1.12949586e+00 5.66019297e-01 1.52420306e+00
    1.36583197e+00 3.37610662e-01 1.16406381e+00 8.59979808e-01
    4.23622489e-01 8.90020788e-01 8.40425134e-01 4.89883721e-01
    1.61524177e-01 6.94505334e-01 1.32905746e+00 -2.41234481e-01
    -8.87297153e-01 -2.67888248e-01 5.73124766e-01 -1.85266316e-01
    -7.20385551e-01 -8.62599850e-01 9.07034874e-01 1.90788257e+00
    8.89626265e-01 1.12758183e+00 4.51979756e-01 1.92551434e-01
    -8.95303845e-01 1.56006598e+00 -6.74675703e-01 3.75716567e-01
    -7.40045905e-01 1.45407617e+00 2.14226365e-01 -3.53660882e-01
    -9.41551924e-01 -8.68576944e-01 1.69788122e+00 -2.46454716e-01
    9.18250203e-01 9.81209159e-01 3.30742598e-01 1.37178206e+00
    1.57416725e+00 7.70702004e-01 -8.82370174e-01 1.28750205e-01
    -7.95050979e-01 1.88649523e+00 5.94977319e-01 1.69190860e+00
    -1.44821405e-03 1.05645633e+00 1.89243841e+00 1.54393673e+00
    -6.50156558e-01 -6.06689811e-01 7.20821023e-02 -7.78352201e-01
    1.58763123e+00 -9.54975724e-01 7.25964546e-01 -1.20088279e-01
    6.27303123e-02 -2.20044374e-01 6.42947257e-01 3.70740891e-05
    1.04100478e+00 1.95790887e-01 -1.00146949e-01 2.51858830e-01
    1.47686851e+00 1.70195103e-01 3.97743106e-01 1.41498065e+00
    1.28305912e-01 9.28599119e-01 -6.99454486e-01 -2.71270692e-01
    1.11102319e+00 1.90401077e-01 -8.85231793e-01 2.90483952e-01
    -1.39738679e-01 1.52305293e+00 -7.94378400e-01 -2.29911447e-01
    1.18694401e+00 -7.52449393e-01 -3.35970938e-01 1.76731062e+00
    -3.10429513e-01 1.48427296e+00 2.03778982e-01 6.02141380e-01
    1.59772158e+00 -8.86093974e-01 3.50931108e-01 8.88755679e-01
    1.49857879e-01 1.98726892e+00 3.12099457e-02 -3.85778278e-01
    -5.57374716e-01 1.44890964e+00 -3.41491878e-01 -1.75755680e-01
    -5.96565843e-01 1.99869442e+00 -1.86417580e-01 4.13774192e-01
    4.53362823e-01 4.00394320e-01 1.02651834e+00 9.58015859e-01
    6.03624940e-01 5.52036703e-01 -8.25698256e-01 9.53697920e-01
    -2.86979437e-01 -9.36448157e-01 -5.51607609e-01 -5.77716470e-01
    6.07967138e-01 -8.77122879e-02 -4.19187427e-01 1.07819808e+00
    5.46128631e-01 3.00019026e-01 1.65134001e+00 7.15991795e-01
    -2.72503257e-01 -5.70391297e-01 -6.51203692e-01 -2.69315243e-01
    -7.86300361e-01 -1.52202964e-01 4.66904044e-01 1.80287814e+00
    1.01645637e+00 -1.11663282e-01 8.67998302e-01 1.62941968e+00
    -6.14248633e-01 8.37901950e-01 -7.43938029e-01 8.49350512e-01
    2.92248070e-01 -8.07410300e-01 -6.09016120e-01 4.56181288e-01
    1.41443205e+00 -8.61690938e-01 1.82552338e-02 1.78385723e+00
    6.82459235e-01 -8.33344460e-03 -6.24306083e-01 -7.86531746e-01
    -3.33759904e-01 9.03522551e-01 1.92022765e+00 3.27590704e-01
    7.18920112e-01 3.87872696e-01 1.18126726e+00 1.59471631e+00
    1.30046666e-01 1.34402657e+00 -6.88002348e-01 -7.85039842e-01
    -1.99024856e-01 1.22492170e+00 -6.21972322e-01 1.28770363e+00
    -1.50694609e-01 9.32560742e-01 1.18033814e+00 4.83796716e-01
    1.49050808e+00 1.50068998e-01 1.73257589e+00 4.59658980e-01
    3.48881423e-01 1.72322166e+00 9.18577433e-01 9.71086085e-01
    2.57762730e-01 1.08827579e+00 -1.80029035e-01 -3.34601581e-01
    -8.29289556e-01 1.87071693e+00 1.19457769e+00 8.93524885e-01
    3.06225359e-01 1.05853498e+00 1.90439820e+00 1.69619262e+00
    -5.85061908e-01 1.27260494e+00 -8.90979230e-01 -1.63899660e-02
    6.85314476e-01 1.64277196e+00 8.66722465e-01 4.63252187e-01
    1.81192374e+00 1.42109716e+00 2.27455139e-01 -1.40833020e-01
    1.34444380e+00 1.28651667e+00 -5.70001721e-01 1.27656102e+00
    -7.48443723e-01 1.56600022e+00 8.15940142e-01 9.62032676e-01
    -3.45664024e-01 9.43888068e-01 4.12858248e-01 5.61454535e-01
    -2.18939960e-01 1.01022243e+00 1.31256175e+00 5.32263577e-01
    1.60717010e+00 4.56193089e-02 3.71492624e-01 2.31930494e-01
    4.65134740e-01 1.65229261e+00 -2.07897604e-01 7.07685351e-01
    6.48628592e-01 -5.83227158e-01 -7.64784932e-01 3.19804192e-01
    9.68014002e-02 6.71899736e-01 9.50479507e-02 1.90397251e+00
    1.41614652e+00 9.68811393e-01 -3.01330090e-01 1.06938744e+00
    2.29384482e-01 3.42558205e-01 -5.16681433e-01 1.30625379e+00
    -5.99766433e-01 1.94372046e+00 8.89284611e-01 1.70887446e+00
    6.82129920e-01 4.98672128e-02 -6.06304288e-01 -9.75110769e-01
    -1.18491590e-01 1.61956394e+00 1.36193991e+00 -4.01980162e-01
    1.65535283e+00 1.18258750e+00 2.83334732e-01 6.01474404e-01
    5.17198086e-01 9.89056587e-01 5.79637170e-01 9.77302909e-01
    1.00871241e+00 4.60144877e-01 3.58991981e-01 -2.38758564e-01
    8.98844600e-01 -1.02618444e+00 -2.25644112e-01 -6.36315107e-01
    -1.89177811e-01 2.76500225e-01 -2.75292635e-01 -1.45215809e-01
    8.38771164e-01 1.95765924e+00 -4.90077078e-01 6.67492747e-01
    1.40986538e+00 4.84597445e-01 5.20858526e-01 1.77577543e+00
    -6.84437633e-01 2.80350149e-01 1.67298698e+00 1.92974114e+00
    1.35205674e+00 1.27430975e+00 6.64774597e-01 1.08575654e+00
    9.79786277e-01 1.88802481e+00 -3.86638045e-01 -4.71896410e-01
    1.87132215e+00 1.89726710e+00 2.43762851e-01 2.54420280e-01
    -1.35670781e-01 -6.16173506e-01 4.28778589e-01 1.95592976e+00
    1.37879956e+00 1.60622716e+00 1.18528485e+00 1.39902472e-01
    1.52160323e+00 1.34578383e+00 -8.75193477e-02 -4.25640643e-01
    9.71116185e-01 -7.35801280e-01 -7.60528326e-01 1.78433168e+00
    1.69626772e+00 1.79745781e+00 4.22390223e-01 -1.03271282e+00
    1.51639140e+00 9.46565270e-01 1.10076153e+00 1.06134391e+00
    1.12599957e+00 1.19639730e+00 1.46454394e-01 1.09124076e+00
    9.72294509e-01 1.39792502e-01 1.19644713e+00 7.46873796e-01
    1.75038576e+00 -3.82917523e-02 1.00181806e+00 1.71037507e+00
    1.11735690e+00 -3.42376232e-01 7.14045405e-01 1.34735906e+00
    -1.11265302e-01 2.30033636e-01 -8.32564533e-01 -3.03029835e-01
    -8.01347971e-01 1.49724758e+00 -1.17180228e-01 -2.79648602e-01
    -6.26849771e-01 1.29259527e+00 3.41717422e-01 1.09066820e+00
    6.26377463e-02 5.20403266e-01 -3.29938412e-01 2.03710604e+00
    2.01453948e+00 2.62226641e-01 -1.35911107e-02 -2.34047174e-02
    8.39489341e-01 -6.68441355e-01 9.33725476e-01 8.85959506e-01
    -6.42087400e-01 9.65902805e-01 -9.48701739e-01 9.00473714e-01
    3.67144585e-01 -4.63051856e-01 5.08671999e-03 4.78462696e-01
    2.57757366e-01 1.49912572e+00 8.67156982e-01 1.12836289e+00
    1.79950929e+00 -3.55528593e-02 9.56097245e-01 5.55694759e-01
    7.39325523e-01 -5.37596881e-01 -4.20953631e-02 4.94396091e-02
    1.04433155e+00 -2.16558158e-01 -3.13587368e-01 1.46998489e+00
    -7.96397388e-01 -6.75825715e-01 1.83429301e+00 1.12212443e+00
    3.27991605e-01 1.83495307e+00 -6.98197484e-01 -3.17162395e-01
    -2.13634491e-01 -7.46882558e-02 -8.65956664e-01 1.81173682e-01
    4.98918176e-01 9.10421252e-01 -4.21245784e-01 8.10837150e-01
    1.16163492e-02 -6.57597899e-01 -7.47826576e-01 1.65615499e+00
    1.94121480e+00 -1.92627966e-01 1.76428378e-01 -7.97559738e-01
    -4.77816761e-01 1.42975605e+00 1.03860235e+00 -1.93937242e-01
    7.93724179e-01 1.36312366e+00 -7.49484539e-01 5.45351744e-01
    7.74853826e-01 1.61337256e+00 -6.09392524e-01 -1.69375300e-01
    5.51691651e-02 -2.00564742e-01 5.45722365e-01 -1.76259995e-01
    -6.46846533e-01 3.14675272e-01 4.27228749e-01 -8.95805180e-01
    -6.04009628e-02 1.25942063e+00 1.57561469e+00 6.75260365e-01
    -9.48622942e-01 6.10661685e-01 1.10178018e+00 -7.35011816e-01
    -9.18713450e-01 1.44000435e+00 3.38372707e-01 -6.66095972e-01
    1.03712630e+00 1.89677525e+00 1.28078246e+00 1.39903045e+00
    2.42686272e-02 1.65720773e+00 -9.32944715e-01 1.00282240e+00
    1.10973120e-01 -3.36014807e-01 6.07435465e-01 -5.63979268e-01
    1.60340142e+00 3.47601593e-01 1.76591206e+00 -7.19665289e-01
    3.27017307e-02 -7.17061758e-01 -6.41426384e-01 1.95191550e+00
    1.80584204e+00 -7.23640382e-01 -1.66767180e-01 5.32804489e-01
    -4.79823530e-01 1.08438897e+00 1.25892043e+00 -2.45429158e-01
    -2.16728449e-02 1.53498149e+00 1.17912233e+00 7.90598571e-01
    1.59990835e+00 1.71488535e+00 1.94739127e+00 1.06607676e-01
    1.02071786e+00 9.77153182e-01 -3.43435585e-01 1.78032804e+00
    -3.44890893e-01 -5.43447256e-01 6.64967000e-01 -3.97348464e-01
    1.39128113e+00 1.44424343e+00 -3.89683485e-01 1.89583600e+00
    1.73362052e+00 3.06749225e-01 -3.30844402e-01 1.30160534e+00
    3.86772752e-02 -1.69385433e-01 3.38165581e-01 6.50842071e-01
    -1.49767995e-02 6.58345461e-01 -3.41514885e-01 5.43991804e-01
    8.81800771e-01 1.36866379e+00 3.04760873e-01 -6.86339140e-02
    1.07416296e+00 -1.07291937e-02 7.79657364e-01 -6.88094378e-01
    8.65913212e-01 -5.52801371e-01 -2.95065641e-01 9.57051396e-01
    1.89885497e+00 1.13544321e+00 -5.65252602e-01 1.82150805e+00
    1.37283254e+00 1.16006243e+00 1.73137844e+00 5.92263937e-02
    3.59540462e-01 8.19625974e-01 1.78836358e+00 1.90249252e+00
    -5.16828060e-01 -6.08234107e-01 1.52247655e+00 -2.25590467e-01
    2.97031999e-02 -3.50285232e-01 -4.53794003e-02 1.48982167e+00
    5.65295875e-01 -1.60489440e-01 -3.27032506e-01 -2.71436989e-01
    4.19924438e-01 1.46731150e+00 3.52680385e-01 8.15456510e-01
    -6.80492580e-01 -5.18773675e-01 2.95852005e-01 -5.00920296e-01
    5.91719568e-01 5.71942329e-03 1.14798319e+00 1.52010465e+00
    1.63513780e-01 -6.24943495e-01 9.39538121e-01 1.23168480e+00
    1.71047926e+00 1.68426061e+00 9.04805958e-01 8.66304219e-01
    -1.61945164e-01 7.44163275e-01 -5.67231536e-01 -2.25831568e-01
    1.85885823e+00 6.44285977e-01 7.01496959e-01 1.87649310e+00
    2.57709026e-02 1.33989787e+00 -4.11317825e-01 6.25091791e-01
    1.47298253e+00 -8.13300490e-01 -4.79995131e-01 1.04056716e-01
    1.72630477e+00 1.87797630e+00 1.63260603e+00 1.22565484e+00
    1.26178384e-01 1.47352505e+00 -1.13418579e-01 3.00513268e-01
    -5.39573908e-01 1.32811642e+00 -5.09729385e-02 1.34473920e+00
    -3.76119554e-01 -1.06828988e-01 2.20417976e-04 8.45237732e-01
    4.72786427e-01 3.95667851e-01 9.03679848e-01 1.93908811e+00
    4.00127649e-01 1.96564984e+00 1.85948682e+00 -1.30331814e-01
    1.06625915e-01 -1.50002480e-01 1.81770849e+00 6.86698794e-01
    1.03333664e+00 1.64003134e-01 -2.42875099e-01 1.30999565e+00
    -4.16240811e-01 1.22231007e+00 1.13464284e+00 -1.08370960e-01
    1.08230710e-02 -6.16686106e-01 -1.08704031e-01 -1.59361005e-01
    6.48489714e-01 1.08545840e+00 1.13175344e+00 1.53250551e+00
    -9.62263882e-01 1.89865780e+00 5.57017326e-02 1.53960645e+00
    1.70593727e+00 1.78833449e+00 -9.84458923e-02 4.38483596e-01
    1.16695857e+00 1.03993428e+00 1.42384815e+00 1.00434554e+00
    -2.35199690e-01 -3.71688366e-01 1.49616301e+00 -2.71905184e-01
    -7.34424949e-01 1.18136883e+00 1.16849005e+00 1.21662557e-01
    1.60870481e+00 1.43036795e+00 1.09827340e-01 2.78949440e-01
    1.60802841e-01 8.63806784e-01 7.96014547e-01 -3.77830863e-01
    7.23320246e-02 1.40126669e+00 7.22036839e-01 4.69919741e-01
    1.37267375e+00 1.12254786e+00 -1.18099034e-01 1.43643355e+00
    4.25592542e-01 -1.45973146e-01 1.49103558e+00 -7.07911730e-01
    1.52068162e+00 1.55825067e+00 7.17596054e-01 2.32624650e-01
    1.49413228e+00 7.71915078e-01 -4.86818552e-02 1.16656661e+00
    -1.58590436e-01 9.40685868e-01 5.88074863e-01 1.82285416e+00
    3.58587325e-01 4.30231452e-01 1.07431710e+00 1.28092194e+00
    5.27711809e-01 2.00560975e+00 1.57810843e+00 9.64815974e-01
    2.06889212e-01 -6.01101637e-01 2.00858712e+00 4.24043298e-01
    1.96034682e+00 -7.54508972e-02 7.92804599e-01 -6.29663467e-01
    7.32988060e-01 3.70426893e-01 1.92847204e+00 8.07919443e-01
    -2.08233297e-01 1.08351374e+00 1.20087743e+00 -3.22079837e-01
    1.42170382e+00 1.23521948e+00 -4.80225205e-01 6.50668859e-01
    1.52902651e+00 -9.07176495e-01 -6.95844889e-01 6.82613313e-01
    -6.89906240e-01 -1.49995923e-01 -8.58028531e-01 8.47247243e-02
    -7.65729547e-01 3.60395491e-01 2.78467119e-01 8.97864819e-01
    7.82441735e-01 6.72764063e-01 1.51582384e+00 1.60000038e+00
    -8.09938610e-01 -7.74263501e-01 1.02195263e-01 2.01085043e+00
    1.35542202e+00 8.29557359e-01 1.54678810e+00 1.17847645e+00
    1.36318004e+00 2.57302523e-01 8.80309343e-02 1.79464698e-01
    -1.69439912e-02 7.18395233e-01 4.64285135e-01 2.79644728e-02
    -2.63589978e-01 -9.17422891e-01 1.28617656e+00 3.86700988e-01
    6.72094405e-01 1.33964300e-01 -1.29033089e-01 1.53540230e+00
    -5.29687941e-01 1.31833720e+00 -9.44626331e-02 -3.41948926e-01
    7.87380874e-01 1.54327393e+00 -3.51353586e-01 1.41890335e+00
    9.93672132e-01 -8.98069203e-01 -7.45097935e-01 1.75413096e+00
    3.13882470e-01 1.37765396e+00 -9.14632142e-01 1.62103343e+00
    1.64672399e+00 1.47459054e+00 9.45549011e-01 7.22973228e-01
    -7.80147135e-01 -3.47941339e-01 6.64419353e-01 3.90525520e-01
    -9.36183512e-01 -2.17038631e-01 -6.91892326e-01 -1.41156852e-01
    -7.21462786e-01 -5.10856450e-01 1.50629890e+00 1.12754750e+00
    2.43859410e-01 9.94301081e-01 2.42248178e-01 3.47608089e-01
    7.98137069e-01 1.53740788e+00 9.91984427e-01 4.14951742e-01
    9.82478976e-01 -3.96944463e-01 8.01104963e-01 -7.83147812e-02
    -4.28211153e-01 2.98941016e-01 -6.86913073e-01 1.67507493e+00
    -1.01646662e-01 1.38097632e+00 -2.07413316e-01 1.05199993e-01
    1.67921495e+00 1.54824758e+00 1.31577516e+00 5.21949589e-01
    7.44332552e-01 1.10859716e+00 -6.80688024e-01 1.09905887e+00
    -1.20546699e-01 -7.89950609e-01 -7.96357512e-01 -1.72366500e-02
    1.39117193e+00 9.96845245e-01 -1.55559480e-01 1.55496502e+00
    -2.63281643e-01 -4.39528823e-01 7.96933532e-01 -8.43300998e-01
    1.10182822e+00 1.63283730e+00 1.82291496e+00 -1.31326914e-03
    1.90380216e-01 4.86531794e-01 1.60348356e+00 -3.97540867e-01
    -7.36769736e-01 4.30088460e-01 3.68695140e-01 -5.69464862e-01
    1.76022947e+00 1.17762959e+00 1.43831933e+00 -7.63630509e-01
    -9.38118219e-01 -2.54966378e-01 1.59016848e-02 1.80454183e+00
    -6.42781019e-01 7.74404526e-01 5.76462269e-01 -2.26002872e-01
    8.95411253e-01 1.04142439e+00 1.11935902e+00 1.92122066e+00
    -8.90511870e-02 -2.08190978e-01 -2.14117527e-01 -6.57232165e-01
    1.55034995e+00 -7.03148842e-02 -7.61536956e-02 -6.20786726e-01
    8.11904311e-01 1.42498755e+00 5.22675514e-01 8.52971077e-01
    6.99104726e-01 1.79619718e+00 4.55549777e-01 1.61401784e+00
    -7.31361091e-01 -5.84466338e-01 5.92037559e-01 -3.00710797e-02
    2.23355711e-01 -1.18367374e-01 -7.19951510e-01 -7.35708117e-01
    1.50358963e+00 -6.82551503e-01 2.70342648e-01 4.71221566e-01
    4.58427191e-01 -3.73028457e-01 1.35094023e+00 1.12042069e-01
    6.69901729e-01 1.85986233e+00 -7.41466761e-01 4.84322786e-01
    -1.73452854e-01 3.51822257e-01 1.58495617e+00 -1.04864836e-02
    1.78735614e+00 -5.47239780e-01 1.83647823e+00 2.34646916e-01
    1.06329799e-01 -8.07487965e-01 1.84191310e+00 3.26242805e-01
    9.05659795e-01 4.82994318e-01 1.67352796e+00 -6.56415224e-01
    1.28998637e+00 2.74881840e-01 -7.50550270e-01 -8.49715114e-01
    -2.89687693e-01 1.17446530e+00 7.24033952e-01 1.70338702e+00
    -5.57667017e-01 -6.01862073e-01 -4.85146940e-01 1.66327345e+00
    1.21148753e+00 -7.49621093e-01 9.92434502e-01 1.27855551e+00
    4.12208915e-01 1.90709019e+00 1.42489636e+00 9.64855075e-01
    1.45333886e+00 8.65468740e-01 -5.01529694e-01 -7.64068246e-01
    1.32523882e+00 1.94244194e+00 -8.33863616e-01 4.72507238e-01
    4.27436531e-01 4.08851504e-02 4.84404922e-01 1.25694966e+00
    3.56215715e-01 8.77341986e-01 1.77936614e-01 1.60416257e+00
    3.75065625e-01 5.20425141e-01 1.14035940e+00 1.19038546e+00
    -8.66445243e-01 -1.42651498e-01 7.33286977e-01 1.58389544e+00
    7.35406399e-01 -2.31417596e-01 7.65814602e-01 -5.65488577e-01
    5.20526588e-01 1.87992334e-01 1.56551898e+00 1.61012173e-01
    4.59849238e-01 3.79237533e-01 1.30807257e+00 1.82928681e-01
    1.42751193e+00 1.36328781e+00 -7.69857287e-01 1.29525590e+00
    1.28953028e+00 -8.34759116e-01 1.72253942e+00 -4.01657820e-03
    -6.00915968e-01 -9.38356638e-01 1.45769262e+00 -3.09927881e-01
    1.32040691e+00 -5.95844626e-01 -8.21946025e-01 1.59808493e+00
    1.50119030e+00 1.45983613e+00 4.99340177e-01 -4.51661408e-01
    -6.84066415e-01 8.40208411e-01 2.34328568e-01 2.59093463e-01
    5.29507935e-01 2.86472857e-01 3.81073356e-01 1.96012926e+00
    1.60172927e+00 1.64610589e+00 -4.68522429e-01 -9.28220749e-01
    4.26825821e-01 -2.64537334e-02 1.60244334e+00 5.69833517e-02
    1.13429165e+00 1.01561141e+00 1.58916056e+00 2.42071211e-01
    1.02990818e+00 9.83215451e-01 3.16440046e-01 -7.72580922e-01
    -6.40318394e-02 7.52209604e-01 1.85072851e+00 9.12623286e-01
    -4.94064599e-01 6.68968797e-01 8.39026868e-01 9.27141547e-01
    1.03951645e+00 1.23157275e+00 -9.58062172e-01 6.43059611e-01
    -7.20441461e-01 -3.02633405e-01 4.70491767e-01 7.44848728e-01
    8.77532661e-01 1.52727079e+00 1.52572441e+00 4.10476089e-01
    -4.57947820e-01 1.45174265e-02 -5.46675146e-01 3.36375356e-01
    2.20721483e-01 1.00530219e+00 1.33002162e+00 1.59717083e+00
    1.60741985e+00 -2.23860145e-02 -1.17765069e-02 1.93595421e+00
    2.90525317e-01 -3.83469462e-01 -1.51088834e-02 5.29800057e-01
    3.71710539e-01 -1.67955041e-01 1.13547337e+00 1.82083607e+00
    -1.02093029e+00 1.21272469e+00 1.90281904e+00 1.37621403e+00
    1.51105809e+00 -3.24639678e-02 1.43472910e+00 9.20852780e-01
    4.18833673e-01 -1.39342248e-01 1.05634367e+00 -5.63242435e-02
    1.37210929e+00 1.84823275e-01 1.34283090e+00 -8.19462597e-01
    -4.89514112e-01 2.82952189e-02 -3.85016084e-01 1.04649258e+00
    1.05749142e+00 1.70629382e+00 9.92840528e-01 6.11419737e-01
    8.64165545e-01 -9.95238423e-02 3.39649498e-01 1.14244008e+00
    -2.13751435e-01 8.55082273e-02 8.72377515e-01 1.95789456e-01
    8.59821320e-01 -7.96747863e-01 1.89197135e+00 2.40442157e-01
    -6.17671013e-01 7.84792423e-01 -9.32093084e-01 -7.58701980e-01
    -6.55691326e-01 -5.25798202e-02 -4.21796769e-01 4.08193290e-01
    5.29339910e-01 -3.40482950e-01 1.00270748e+00 1.69906282e+00
    1.57320881e+00 -1.20928884e-01 1.68503737e+00 6.58834100e-01
    1.13563240e+00 7.07189798e-01 1.00801575e+00 5.49806952e-01
    1.07826114e-01 9.13723230e-01 1.78530359e+00 -3.74289393e-01
    -8.15405309e-01 -5.92742383e-01 1.29330635e+00 8.55542719e-01
    -3.02369535e-01 1.62020040e+00 7.78697133e-01 -9.82530713e-02
    1.36200035e+00 -2.06102431e-01 1.54674447e+00 1.16586888e+00
    1.89674187e+00 -3.68851304e-01 -5.48943341e-01 4.27403450e-02
    5.25493920e-01 1.73607087e+00 -6.53985441e-01 -4.57086682e-01
    1.53325975e-01 5.24675846e-02 -5.41936994e-01 3.93061459e-01
    1.42644513e+00 -7.57674217e-01 5.76948166e-01 4.06080484e-03
    -1.25884414e-02 9.43064272e-01 6.25246882e-01 -8.55297744e-01
    -4.76406813e-02 -7.61164546e-01 1.29158938e+00 1.94865727e+00
    -3.25465024e-01 1.08332205e+00 -1.43932402e-01 1.80810463e+00
    1.28220940e+00 -2.14635611e-01 1.59279501e+00 2.43110657e-01
    1.68719947e+00 1.71129572e+00 1.43705726e+00 1.03088105e+00
    -1.93792164e-01 1.32473743e+00 -6.72048807e-01 5.80845594e-01
    2.52987266e-01 1.82324934e+00 7.73192286e-01 -1.43160164e-01
    -3.39623928e-01 -7.94506550e-01 1.29720640e+00 1.50365555e+00
    -2.31957912e-01 8.65678251e-01 -8.98251534e-01 1.39910281e+00
    1.48211432e+00 -9.45510805e-01 4.91958141e-01 6.85098648e-01
    -5.23978829e-01 1.19070840e+00 1.76888931e+00 -6.34686112e-01
    1.91507447e+00 1.66066730e+00 -7.25176215e-01 2.07223475e-01
    -9.25379992e-02 -2.65707970e-02 7.94144869e-02 -6.66183829e-02
    8.02222252e-01 1.09786153e-01 1.43679702e+00 -2.75537491e-01
    1.86408830e+00 1.24590230e+00 -2.37020850e-02 -2.36054838e-01
    7.86295772e-01 1.09805799e+00 1.01517904e+00 -5.71944475e-01
    1.40351701e+00 -1.47043049e-01 -2.64810979e-01 1.45479012e+00
    -8.27924728e-01 1.71669519e+00 -1.85305297e-01 1.66750789e+00
    -6.86617374e-01 1.15493000e-01 1.11301208e+00 9.57855701e-01
    6.55421078e-01 -8.36437523e-01 -9.39559221e-01 1.23962975e+00
    1.04746401e-01 -8.48714113e-02 8.77179027e-01 -7.71079659e-02
    -1.51903212e-01 1.70512605e+00 -9.94891524e-02 9.42013860e-02
    6.53903067e-01 -5.94616294e-01 -3.39681208e-01 2.00008798e+00
    -2.69199073e-01 2.82397747e-01 -4.09164816e-01 7.16761947e-02
    1.15333223e+00 1.35479534e+00 1.00630045e+00 -4.02430654e-01
    -3.38161826e-01 1.56789720e+00 -3.93065155e-01 1.63343453e+00
    -7.53764987e-01 -8.99131954e-01 1.82677567e-01 1.11353517e+00
    1.01711631e-01 3.55002642e-01 -3.12990725e-01 1.78201413e+00
    -2.24760771e-02 7.54479706e-01 8.31399620e-01 -6.39663517e-01
    2.51892924e-01 4.88007903e-01 1.53942823e-01 1.63593447e+00
    -8.43634844e-01 -5.44476628e-01 -8.40672255e-01 3.08101892e-01
    -1.27004981e-02 6.44947290e-01 -4.68329906e-01 7.78853476e-01
    5.53693533e-01 -4.13244367e-01 1.62054121e-01 1.36971498e+00
    4.71164048e-01 1.87879622e+00 -9.18232262e-01 -4.57569063e-01
    1.60865426e+00 -1.88742161e-01 7.48552024e-01 1.66288614e+00
    -5.08696556e-01 1.01175463e+00 7.50058055e-01 8.12643170e-02
    -3.51568162e-01 -7.32205451e-01 2.51745880e-01 -8.82498622e-01
    2.18653321e-01 1.45205617e+00 1.41553676e+00 5.87396502e-01
    1.58133781e+00 8.84725094e-01 8.27243209e-01 4.22438681e-01
    9.73843694e-01 -1.63618386e-01 -9.31148052e-01 1.01546228e+00
    8.94349158e-01 8.32876384e-01 1.14880455e+00 7.69458175e-01
    -6.78997159e-01 -5.92218041e-01 2.22122669e-03 -4.84459877e-01
    1.69327950e+00 3.86393070e-03 1.27472854e+00 7.58407116e-02
    1.33628571e+00 -1.40477240e-01 1.38380587e-01 1.73098290e+00
    1.49888086e+00 1.55923808e+00 1.80290651e+00 -6.46364391e-01
    3.34210694e-01 -6.50088608e-01 1.22137976e+00 4.66231883e-01
    9.04468060e-01 1.27300858e+00 1.23010492e+00 2.77054131e-01
    -8.19324017e-01 -3.95731449e-01 -3.18171203e-01 -1.29725397e-01
    1.15437818e+00 4.37037349e-02 1.97531819e+00 -5.30067265e-01
    3.68739188e-01 -2.42350280e-01 -5.65829694e-01 1.46669054e+00
    1.85523617e+00 -1.88879430e-01 1.08979106e+00 1.05242205e+00
    -9.27517653e-01 -4.45628524e-01 1.09546757e+00 1.12316930e+00
    -6.42526805e-01 -2.81009078e-01 1.78232622e+00 4.50273454e-01
    1.33986950e+00 9.95679498e-01 5.90814710e-01 -5.83873391e-02
    1.77781343e+00 1.15216160e+00 1.00867665e+00 1.54992557e+00
    -9.89432216e-01 1.45382607e+00 1.32173336e+00 -6.71485305e-01
    1.85171723e+00 4.09443617e-01 1.68264973e+00 9.50823426e-01
    8.19964409e-01 5.77416897e-01 5.62420487e-02 6.49008036e-01
    9.09620881e-01 1.21043289e+00 1.81558776e+00 -1.58858180e-01
    9.51457500e-01 -8.22061419e-01 1.78818905e+00 4.66765165e-01
    7.08060622e-01 7.97415733e-01 1.45308244e+00 3.94789577e-02
    6.41356409e-01 3.95423949e-01 6.25912607e-01 7.08785534e-01
    1.64014161e-01 1.39475942e+00 1.98655415e+00 7.89457560e-02
    -7.91908145e-01 9.83420432e-01 2.56661713e-01 1.50367236e+00
    7.13417649e-01 1.81986225e+00 3.79714429e-01 -2.60511637e-02
    -6.19136572e-01 1.25135398e+00 -5.38007259e-01 7.54603624e-01
    1.38044000e-01 -6.79816484e-01 1.72511208e+00 5.22378683e-01
    1.28030419e+00 -2.53438950e-04 -8.55513215e-02 5.71895480e-01
    -5.00941455e-01 9.09012556e-01 -3.22924912e-01 1.76790714e-01
    1.47769070e+00 3.99109066e-01 -2.09468663e-01 -3.25028002e-01
    -2.50873685e-01 1.49685073e+00 1.83184767e+00 1.62636542e+00
    3.62405479e-01 -4.74283636e-01 1.36627698e+00 1.36852229e+00
    5.79555213e-01 9.47369039e-01 1.34119785e+00 8.57911944e-01
    9.53169823e-01 5.53759933e-01 1.36675048e+00 1.39972496e+00
    1.09123003e+00 -1.01277781e+00 1.34499729e+00 9.87946749e-01
    1.93973613e+00 2.53048480e-01 1.45363593e+00 1.39183879e-01
    -5.63733935e-01 -2.77103305e-01 -8.29830647e-01 1.50259519e+00
    1.14701700e+00 1.75704432e+00 4.89054263e-01 1.14695823e+00
    1.21644497e+00 -7.08500445e-01 3.92315090e-01 -5.45015335e-02
    -3.70038450e-01 -6.29426420e-01 1.12953269e+00 1.62006438e+00
    9.08275306e-01 -1.75030291e-01 -5.42519867e-01 -2.81475902e-01
    7.98379421e-01 1.19629955e+00 9.02335525e-01 1.45034146e+00
    5.36997497e-01 -6.46448374e-01 3.26358080e-02 -8.39892328e-01
    1.40966868e+00 1.58385444e+00 -3.61263573e-01 1.48886049e+00
    1.50223601e+00 -2.76428819e-01 1.36229515e+00 1.08680844e+00
    1.55919075e-01 6.64983511e-01 -1.64769530e-01 8.37122619e-01
    7.61788487e-02 9.89347696e-03 3.94933403e-01 1.63675475e+00
    2.15768397e-01 1.05610490e+00 2.84292161e-01 -3.62129867e-01
    -5.38240492e-01 1.77401841e+00 4.15304720e-01 1.79331625e+00
    -2.34293938e-03 7.12385893e-01 6.83353901e-01 -2.44176447e-01
    1.74017823e+00 6.13338888e-01 1.99487448e+00 1.26992226e+00
    -7.15776742e-01 5.49274027e-01 1.38307691e+00 1.87543452e-01
    6.36926711e-01 2.83195734e-01 1.33979499e-01 5.09674489e-01
    9.18141603e-02 -5.82215369e-01 -4.98911649e-01 5.70294499e-01
    5.39091885e-01 -3.39729846e-01 -3.33653092e-01 1.69953513e+00
    -7.09622562e-01 1.93527365e+00 1.07751358e+00 -4.86367822e-01
    1.79631257e+00 3.72535527e-01 -1.86831474e-01 -6.91740990e-01
    1.20512676e+00 9.79277253e-01 1.44128203e+00 -4.98316944e-01
    1.87787366e+00 5.03123164e-01 1.37842679e+00 4.95690107e-02
    -5.27054965e-01 9.59356308e-01 -8.06084275e-02 1.20257592e+00
    1.37449598e+00 -5.71019650e-02 6.73872232e-03 1.94533300e+00
    1.65456033e+00 9.57750916e-01 1.46842301e+00 -4.48964238e-02
    1.93655252e-01 4.48656082e-02 -7.50979781e-02 5.59971273e-01
    8.03894401e-01 1.78946161e+00 -5.11696935e-01 -9.27878022e-01
    -1.77625000e-01 1.79878056e-01 1.98139405e+00 1.76382101e+00
    -5.83092749e-01 1.63041353e-01 1.61706984e+00 1.83554542e+00
    6.74414039e-01 1.19552255e+00 3.13509107e-01 -7.54959702e-01
    -3.47731590e-01 -3.93350422e-01 1.17240238e+00 -6.54006600e-02
    1.85898399e+00 6.01270199e-01 1.83193922e+00 1.12313271e+00
    1.31936884e+00 -3.12996984e-01 4.60318625e-01 -1.87555134e-01
    1.51708484e+00 1.61257613e+00 1.45881224e+00 -8.92839611e-01
    6.82728350e-01 1.81061566e+00 2.86675811e-01 6.40651405e-01
    -2.00909972e-01 1.00718558e+00 7.79296219e-01 -3.90326023e-01
    1.10049438e+00 3.11613381e-01 1.53931451e+00 -7.02284813e-01
    1.21004438e+00 1.46503103e+00 -1.05258405e-01 2.91865110e-01
    1.11074901e+00 1.75027549e+00 -7.66834855e-01 2.01948345e-01
    -2.17613876e-01 1.19308031e+00 4.85597253e-02 -3.94758672e-01
    8.54605794e-01 8.46086025e-01 8.50155354e-02 -1.25098407e-01
    1.01223540e+00 -6.68702126e-02 3.01996112e-01 -6.45082235e-01
    1.29609835e+00 1.84410727e+00 1.08320034e+00 1.19544506e+00
    -6.67503476e-01 1.25517321e+00 1.24736488e-01 -7.36551762e-01
    8.47913504e-01 -3.46278787e-01 -3.47343862e-01 1.20409119e+00
    -6.46101773e-01 -8.50428343e-02 1.36637604e+00 1.74527192e+00
    1.76445436e+00 1.52851784e+00 1.00955462e+00 1.60055220e+00
    1.97963238e-01 1.52067125e+00 -7.16782391e-01 -2.73910284e-01
    4.33364868e-01 -1.51838541e-01 -2.62417197e-02 1.56501317e+00
    -5.67919016e-02 -7.04958439e-01 1.06668663e+00 4.05641675e-01
    -1.72342598e-01 1.76682281e+00 3.22782993e-02 1.50567257e+00
    4.31324959e-01 4.02828753e-01 7.26538241e-01 9.65279937e-02
    1.99207902e+00 -8.54512274e-01 1.53891706e+00 1.23488522e+00
    -6.00648046e-01 4.64730442e-01 -7.64626980e-01 -3.12810898e-01
    1.19236481e+00 8.76944780e-01 -5.65529644e-01 8.34766746e-01
    1.48553336e+00 4.65017438e-01 9.83361483e-01 7.95357823e-01
    8.66385698e-02 1.93267632e+00 1.32592535e+00 -7.61627793e-01
    -1.25803113e-01 -6.88920140e-01 1.70583010e-01 1.91872871e+00
    -1.34582996e-01 -3.24102819e-01 1.35710442e+00 8.55473995e-01
    1.86119425e+00 -8.32455993e-01 -3.21278393e-01 -4.08926606e-02
    1.48940229e+00 1.09672570e+00 -5.52081585e-01 5.16163349e-01
    8.00203204e-01 1.29073417e+00 1.45564222e+00 -8.90624642e-01
    1.33750057e+00 -7.34596014e-01 1.62710190e-01 -7.27455378e-01
    6.43901527e-01 -9.00463521e-01 -1.44154310e-01 9.54403281e-01
    -4.40858573e-01 1.02110004e+00 -6.11376047e-01 -3.98716688e-01
    1.27284527e-02 1.65002215e+00 6.86359227e-01 1.35755587e+00
    -2.82025754e-01 5.41042268e-01 5.34877837e-01 6.32046759e-01
    8.46430421e-01 1.58918285e+00 4.74432409e-01 -6.24289095e-01
    -1.85841918e-02 1.92422342e+00 -3.66413653e-01 -7.62933254e-01
    -7.63451397e-01 -8.37203860e-01 3.95805776e-01 1.92439890e+00
    -5.39041817e-01 1.13902354e+00 8.34463060e-01 -1.34583712e-01
    5.06491065e-01 -2.94671118e-01 -7.49816000e-01 -1.31068230e-01
    6.01442039e-01 6.51712894e-01 1.60595512e+00 -6.78278804e-01
    1.19180703e+00 1.46036506e+00 2.67985404e-01 3.96530747e-01
    8.10245633e-01 -4.46747184e-01 -5.18768668e-01 -6.25363767e-01
    1.74992418e+00 -4.68670070e-01 3.13728929e-01 -8.30403924e-01
    1.75720203e+00 6.42678916e-01 -9.44200754e-02 7.01866865e-01
    9.48089004e-01 1.45095277e+00 5.86565733e-01 9.14289832e-01
    3.89453769e-02 -4.57108021e-02 2.77233779e-01 2.12566912e-01
    -7.73304105e-01 -6.90294504e-02 3.89970481e-01 1.00144291e+00
    2.39616573e-01 1.71497583e+00 1.89368033e+00 2.83244848e-02
    -3.28998268e-01 -2.16483772e-01 1.01527905e+00 1.83227837e+00
    8.65305543e-01 7.91576087e-01 1.83883679e+00 -5.96031547e-02
    -1.59098983e-01 1.26072836e+00 -7.46152043e-01 -1.88779473e-01
    4.69304204e-01 -1.00060201e+00 -4.72259521e-02 1.47116232e+00
    7.77011037e-01 7.52720475e-01 1.79694533e+00 1.21447992e+00
    5.75195074e-01 8.21500301e-01 3.19516063e-02 -3.22642326e-01
    1.18058157e+00 4.58683550e-01 2.71716356e-01 -5.09252727e-01
    -2.27776229e-01 -9.06677842e-01 1.81514835e+00 -4.95079875e-01
    -5.00002503e-01 1.70638657e+00 -4.92916077e-01 1.00757384e+00
    1.61723137e+00 1.73087859e+00 1.23541653e+00 8.17058980e-01
    -1.85820520e-01 1.35515833e+00 -9.64861929e-01 1.07185245e-01
    1.57112408e+00 -8.48172605e-01 6.26582384e-01 1.87201989e+00
    -9.62222219e-02 -9.67952669e-01 1.58227777e+00 4.81405854e-02
    -9.15732086e-01 9.80201960e-02 -5.09574652e-01 -8.60855937e-01
    4.63484526e-01 3.90554547e-01 1.61587858e+00 1.42184639e+00
    5.91693044e-01 -7.45034158e-01 1.92620933e+00 1.00806832e-01
    1.54747784e+00 -5.90030551e-01 -6.75456166e-01 2.18730211e-01
    3.05520415e-01 8.08842242e-01 6.47148490e-01 -2.78286874e-01
    -3.46284270e-01 2.00415158e+00 -6.77755475e-02 1.73046410e+00
    7.28596449e-01 1.82343078e+00 7.24146545e-01 -7.83624172e-01
    -7.99340487e-01 8.84423137e-01 6.46001101e-02 -2.06810832e-02
    1.83736885e+00 1.74349558e+00 6.13089740e-01 -4.11708087e-01
    -6.31164670e-01 -7.95726776e-02 1.74479508e+00 3.39352190e-01
    -5.30421138e-01 1.13002801e+00 -7.47710466e-03 -4.85284865e-01
    2.30591893e-02 1.76415145e+00 7.49000192e-01 1.73876488e+00
    1.47581816e-01 1.31632853e+00 1.12377536e+00 -5.83993554e-01
    1.01254344e+00 4.88381803e-01 -6.81237578e-01 1.14747477e+00
    4.97618377e-01 1.62221909e-01 1.64865589e+00 1.67517185e+00
    -6.35641277e-01 -4.06593680e-01 1.02568734e+00 1.02307916e+00
    1.21112776e+00 9.41057801e-01 6.75749779e-02 8.85876417e-02
    -6.22292519e-01 3.77789199e-01 4.62469101e-01 1.02802253e+00
    1.32434249e+00 1.93819821e-01 5.71327746e-01 2.59019196e-01
    6.05959594e-01 -3.07178795e-01 9.03130710e-01 1.53993583e+00
    4.52024341e-01 -2.65179753e-01 1.36557770e+00 4.45104659e-01
    7.71526635e-01 3.59386265e-01 1.47773695e+00 -4.69101071e-01
    1.85269904e+00 9.26240325e-01 -2.34503806e-01 1.10378802e+00
    8.94939899e-03 1.52642536e+00 1.31367123e+00 1.16628838e+00
    1.15340507e+00 -6.21779203e-01 9.72699285e-01 6.49760127e-01
    -5.39159536e-01 -2.57492781e-01 1.80484116e+00 -9.44259346e-01
    9.09902215e-01 7.21397579e-01 1.41376615e+00 -4.12911892e-01
    -9.91640687e-02 1.40932727e+00 1.01587152e+00 1.51785731e+00
    8.84372473e-01 1.24834740e+00 1.89677179e-01 -5.64901590e-01
    9.54177380e-01 8.45770955e-01 -9.61564779e-01 -5.08750677e-02
    4.02146876e-01 -7.11519182e-01 1.88068044e+00 1.07276511e+00
    -1.37069583e-01 7.24834561e-01 1.44476175e+00 -8.34874928e-01
    -5.72211444e-01 3.69053781e-01 -6.18378997e-01 -6.15695357e-01
    2.60459542e-01 -9.19530272e-01 1.25984704e+00 -8.04589152e-01
    5.64596295e-01 1.68363094e+00 1.97134876e+00 1.45608282e+00
    3.58247638e-01 2.29884028e-01 9.65146244e-01 1.10351849e+00
    -3.33706141e-01 -8.58281255e-02 -3.16325784e-01 -4.62083220e-02
    7.78416991e-02 -8.35588276e-01 -4.37242568e-01 -2.23701596e-01
    1.00916147e+00 8.54283929e-01 -5.67703485e-01 9.10569489e-01
    -2.45659947e-01 1.92302954e+00 3.83248925e-02 -3.71599197e-01
    1.49303770e+00 8.54876220e-01 1.59810364e+00 5.91238141e-01
    2.01656795e+00 1.19628012e+00 1.46725309e+00 1.59094286e+00
    -8.32858920e-01 4.91349578e-01 -2.26785123e-01 -4.17848647e-01
    2.10791707e-01 7.93540359e-01 9.86314833e-01 -1.20083809e-01
    -9.06884670e-01 1.86466908e+00 7.86894321e-01 4.31337118e-01
    7.10428357e-01 -7.67253995e-01 1.51270080e+00 9.59914684e-01
    -7.53110409e-01 4.29162502e-01 1.80930841e+00 -7.55572200e-01
    -8.56852770e-01 -5.59743047e-02 1.20394838e+00 7.79783010e-01
    -9.48002040e-01 1.62791252e+00 1.21742547e+00 -4.20429647e-01
    1.62353683e+00 -7.24885881e-01 -8.98836553e-01 -3.73982072e-01
    2.01872289e-01 1.83952522e+00 1.49677217e+00 -5.17397285e-01
    4.05813158e-01 1.46883953e+00 1.03500021e+00 -7.97068834e-01
    -5.05044699e-01 4.70850110e-01 -6.56702936e-01 -6.45536065e-01
    1.15480411e+00 -5.81656277e-01 8.02406013e-01 1.30130291e-01
    -9.42745149e-01 1.77390361e+00 -4.86310899e-01 1.03630269e+00
    8.25523019e-01 1.61367917e+00 6.76437736e-01 -9.48675036e-01
    -4.24937546e-01 5.32321453e-01 -5.45736194e-01 1.33509064e+00
    7.28325903e-01 -6.94851041e-01 -3.71469378e-01 -7.37982035e-01
    1.96709728e+00 1.63726008e+00 1.68295741e+00 6.07883155e-01
    1.27962244e+00 -2.30658889e-01 1.84523833e+00 9.28066373e-01
    8.93009007e-01 -7.67583489e-01 1.10976148e+00 -1.20612860e-01
    1.13193941e+00 1.93779373e+00 1.85379136e+00 -9.76742387e-01
    5.39309025e-01 2.28103042e-01 3.78441691e-01 6.25645399e-01
    1.95360839e-01 1.41738379e+00 9.29293573e-01 -7.15664327e-01
    9.26595390e-01 4.98643041e-01 1.65155768e-01 1.35647643e+00
    1.00009084e+00 1.50372910e+00 1.08019459e+00 -2.06794977e-01
    -5.43765545e-01 1.14339232e+00 6.77399933e-01 6.69750571e-01
    2.43588507e-01 1.20762396e+00 1.20588720e-01 1.89758241e-01
    1.08543038e+00 7.04417109e-01 1.37695909e+00 7.39750504e-01
    1.16988158e+00 2.07364798e-01 -3.61899018e-01 1.30435193e+00
    1.89868426e+00 5.83507419e-02 1.41185713e+00 1.63416708e+00
    -2.48527288e-01 -8.75608325e-02 1.77929807e+00 1.06852603e+00
    -7.70644367e-01 1.74997139e+00 -7.00328350e-01 1.24054384e+00
    1.24871731e+00 1.76490724e-01 7.83960283e-01 -4.75409269e-01
    -1.61701381e-01 -4.23067808e-01 5.20485401e-01 2.66157687e-01
    1.07726145e+00 -4.71799374e-02 5.98073006e-01 1.61668193e+00
    -7.03553736e-01 -6.74056411e-01 1.03394234e+00 1.61560702e+00
    -8.97845030e-02 -9.60589051e-02 -5.09703517e-01 -9.42338705e-02
    -4.95838523e-01 4.90122616e-01 1.77459502e+00 1.02068067e+00
    5.94618082e-01 6.88483953e-01 -9.82295275e-02 1.18267751e+00
    -9.90872383e-01 1.24630344e+00 -8.77571106e-03 1.42270124e+00
    -7.22113132e-01 5.72830141e-01 -2.67322838e-01 -8.29802155e-01
    -2.17075765e-01 -8.18013668e-01 -5.33895493e-01 8.63456488e-01
    6.70602381e-01 1.69054687e+00 2.13305473e-01 2.67439246e-01
    4.52915430e-01 -6.90049231e-01 2.04869568e-01 1.05367315e+00
    8.59735847e-01 1.84604323e+00 -3.16955209e-01 -9.91124511e-01
    2.57149398e-01 7.77937412e-01 1.60506153e+00 7.80680776e-02
    -1.75886631e-01 1.24630833e+00 1.50591516e+00 9.99896824e-01
    1.14128220e+00 1.35210276e-01 9.61783469e-01 1.73868597e-01
    8.53541493e-01 1.84968221e+00 1.25216317e+00 -1.67078197e-01
    9.59137797e-01 -2.10726857e-01 1.84559226e+00 -8.62955987e-01
    2.28767097e-01 -3.85280192e-01 1.46273792e+00 -9.72551107e-03
    7.76293039e-01 1.66536224e+00 1.25721693e+00 1.83498716e+00
    1.13799381e+00 1.41938794e+00 4.50339675e-01 8.41400146e-01
    1.18050575e+00 7.49991059e-01 8.11848283e-01 1.09605014e+00
    1.06856585e+00 3.95221949e-01 1.52561653e+00 4.16889191e-02
    -2.04112589e-01 1.17308259e+00 1.09432673e+00 5.78283191e-01
    1.59719253e+00 4.05030727e-01 -2.02322841e-01 -7.93657064e-01
    8.95856619e-02 1.67500901e+00 1.86352324e+00 -7.30207562e-01
    -7.49842525e-01 -5.44533968e-01 1.25516415e+00 -6.59552276e-01
    1.06561184e+00 1.29771483e+00 1.53648484e+00 1.75040627e+00
    3.02160561e-01 8.04550231e-01 -6.76636100e-01 1.46738386e+00
    5.44832647e-01 1.63381815e+00 -1.00858033e-01 1.52451825e+00
    -5.59289455e-01 9.52713907e-01 1.67390323e+00 -4.76564199e-01
    3.22805166e-01 3.00313771e-01 5.84936559e-01 -7.28425205e-01
    -4.55429226e-01 1.78738236e+00 2.45499849e-01 1.70147479e+00
    -9.58234072e-02 1.17135382e+00 1.04532790e+00 1.33602619e+00
    -3.78637195e-01 -4.51467454e-01 -2.77594984e-01 1.69486749e+00
    -1.73556924e-01 1.64831018e+00 -3.99762869e-01 1.10474455e+00
    1.11246943e+00 -1.11242354e-01 1.70458579e+00 1.16276789e+00
    1.17761564e+00 1.81979930e+00 -4.08242345e-01 1.43165648e+00
    -2.46598125e-01 1.24311793e+00 1.49242926e+00 1.69218493e+00
    8.84827793e-01 4.07288671e-02 6.62816644e-01 9.09840703e-01
    -7.52614379e-01 5.80058634e-01 9.80885029e-01 7.79351234e-01
    7.99496174e-02 2.29253888e-01 2.76369572e-01 1.31512284e-01
    3.90302062e-01 1.26862884e+00 1.25953174e+00 1.42318010e-02
    6.12630546e-01 6.70533657e-01 1.97894919e+00 3.18627119e-01
    -6.49364114e-01 -5.38560390e-01 1.18372989e+00 1.56165600e+00
    1.29254222e+00 -3.48775685e-01 3.46362591e-02 -5.50852835e-01
    1.49289727e+00 1.68237782e+00 -1.61912084e-01 8.07657957e-01
    1.15358043e+00 7.49768376e-01 1.10444283e+00 -1.51593029e-01
    7.83415556e-01 1.35829639e+00 -4.60379124e-01 2.62029529e-01
    4.94446278e-01 1.73730195e+00 7.08436608e-01 3.52110445e-01
    -8.32101285e-01 -1.18127286e-01 1.51609218e+00 3.16115916e-01
    1.06835234e+00 -6.26311421e-01 1.03793216e+00 1.73895895e+00
    -4.07018602e-01 8.33803475e-01 -5.85578918e-01 -1.74890876e-01
    3.93018126e-01 1.00601780e+00 1.29780674e+00 -6.35971963e-01
    2.22713113e-01 3.88777852e-02 6.92362964e-01 1.20773315e-02
    9.01602566e-01 1.26381636e+00 1.10548019e-01 -2.65877604e-01
    -6.76077366e-01 1.26967478e+00 -9.39849019e-01 5.51204681e-02
    3.78307223e-01 -3.93635690e-01 -9.70805883e-02 1.16619527e-01
    -1.32201016e-01 1.39592528e-01 -8.08204412e-01 -1.00998878e-02
    8.66465449e-01 2.01663315e-01 1.86565816e-01 -7.24832296e-01
    -2.02970982e-01 -7.05873013e-01 9.87704694e-01 -4.37695265e-01
    2.94919133e-01 7.19234824e-01 3.23791862e-01 1.40870309e+00
    1.73060656e-01 -9.38229561e-01 1.47401512e-01 1.45171618e+00
    -7.41903305e-01 4.03989851e-01 1.17711115e+00 9.79267180e-01
    7.56594539e-01 5.58140218e-01 5.43021500e-01 1.53769386e+00
    1.09747994e+00 -8.32372487e-01 6.28518522e-01 9.90889311e-01
    1.12908900e+00 1.68068004e+00 1.01049173e+00 6.55860901e-01
    9.73584175e-01 2.61806369e-01 -1.73019826e-01 1.17089736e+00
    1.72052264e+00 6.03023350e-01 -1.70927048e-02 6.17018521e-01
    1.33957028e-01 -6.75797701e-01 1.32737756e-02 3.78231466e-01
    6.22367322e-01 8.20184171e-01 9.92479980e-01 5.22546530e-01
    1.54199743e+00 1.74810302e+00 -3.29099894e-01 1.47716928e+00
    1.16079116e+00 7.49850869e-02 1.18414617e+00 4.85402107e-01
    5.45091748e-01 3.43763232e-01 -8.68494570e-01 1.93320704e+00
    1.54861450e-01 -7.85149157e-01 1.86050594e-01 -6.36646509e-01
    5.89481115e-01 -3.12800586e-01 9.66284811e-01 -2.97542870e-01
    4.59101379e-01 1.60301292e+00 1.51247108e+00 7.56021142e-01
    -9.14653003e-01 -6.19283438e-01 7.95209348e-01 -7.46362865e-01
    4.56578732e-01 -2.76536047e-01 4.86879945e-01 1.81947052e-01
    1.15872598e+00 -2.69818902e-02 4.36970413e-01 1.90360773e+00
    1.33617222e+00 -8.89641941e-01 -9.18217957e-01 -4.28459406e-01
    7.08922565e-01 1.48195112e+00 -5.10107338e-01 1.18157363e+00
    8.76911879e-01 9.05779123e-01 -7.67077446e-01 -6.36685193e-01
    7.98761249e-01 -3.84417713e-01 1.41941917e+00 1.53881073e+00
    -9.58278537e-01 -5.53499460e-01 -1.70618892e-01 -7.57128239e-01
    1.08662987e+00 8.72614741e-01 -5.64134359e-01 -4.05383050e-01
    1.27130473e+00 1.52601600e-01 7.00644016e-01 8.08282137e-01
    -6.43928349e-01 -5.50937414e-01 1.50386834e+00 -7.82764196e-01
    1.29691899e+00 2.00086641e+00 -4.22706008e-01 1.25239730e+00
    -3.16377461e-01 1.98219132e+00 1.64745820e+00 2.75938511e-02
    1.11994386e-01 1.29443765e-01 9.03868079e-01 1.65810943e+00
    1.82551467e+00 2.55600989e-01 8.79881382e-01 9.76872742e-01
    2.03069568e+00 -3.58954191e-01 -4.61248547e-01 1.49525321e+00
    -3.23879421e-01 -3.64356697e-01 -5.45200229e-01 1.24023342e+00
    -2.54899263e-03 2.00041604e+00 3.99467170e-01 9.21022058e-01
    -4.41961199e-01 -6.72025442e-01 1.64475155e+00 7.88437426e-01
    -4.77020919e-01 -6.88475370e-01 1.14313817e+00 1.17282224e+00
    -4.51934338e-02 -3.25485051e-01 8.84868443e-01 1.02277589e+00
    1.01911688e+00 -9.46015120e-01 -5.35746098e-01 1.36808324e+00
    1.88482094e+00 5.94223261e-01 -9.97114182e-03 7.53190517e-01
    1.49183416e+00 -8.03403854e-01 -3.28633249e-01 -8.39817464e-01
    1.42171824e+00 1.71703327e+00 1.65103972e+00 -6.69053435e-01
    -2.48541117e-01 1.74786222e+00 1.09034753e+00 4.27390337e-02
    -9.35072303e-02 8.57315063e-02 -5.62675357e-01 1.94115460e+00
    -1.32588506e-01 1.03386378e+00 1.82370782e-01 -3.14229727e-02
    -2.09323049e-01 -5.06737351e-01 1.25656593e+00 1.06826210e+00
    -1.93303823e-02 1.10512948e+00 -3.01564693e-01 1.13136005e+00
    1.06338680e+00 -2.14931428e-01 1.19469380e+00 1.87734175e+00
    -8.88098598e-01 -2.36856043e-01 1.24832177e+00 1.66227961e+00
    1.13827562e+00 1.38964295e+00 1.48418939e+00 -6.70310259e-01
    3.31235766e-01 1.28055918e+00 4.96592522e-02 1.33086050e+00
    -9.31177378e-01 8.84843826e-01 -7.07585216e-01 2.97946453e-01
    -5.62746525e-02 1.70795262e+00 1.37945104e+00 -7.28947997e-01
    5.01456380e-01 1.43425727e+00 1.14544916e+00 -6.13666415e-01
    -7.94508159e-01 5.77779531e-01 -7.18024611e-01 -2.35517859e-01
    1.57235837e+00 -4.39514399e-01 9.51228142e-01 -6.49178386e-01
    1.21424568e+00 -7.51156449e-01 1.53140903e+00 7.74942994e-01
    1.25373125e+00 1.59485674e+00 1.64466763e+00 -2.85465300e-01
    1.77582085e-01 2.03556275e+00 -2.88347542e-01 1.44031954e+00
    -5.61740279e-01 4.60924327e-01 3.92373800e-02 5.53244472e-01
    1.92426920e-01 1.73069024e+00 1.37682211e+00 -3.65234196e-01
    -1.50193989e-01 -6.80140972e-01 -1.62348568e-01 1.33430064e+00
    1.69713700e+00 2.56257713e-01 7.73184717e-01 -4.21217382e-01
    7.59043694e-02 9.28981662e-01 -2.38541424e-01 -2.34556317e-01
    3.33967924e-01 6.88692868e-01 -4.48875427e-02 -1.44853830e-01
    1.38418555e+00 9.07119513e-01 2.12948143e-01 1.29705167e+00
    -2.80481577e-02 -8.71940851e-01 1.40068126e+00 1.42171979e-02
    6.16641223e-01 -1.64303243e-01 9.56834018e-01 3.41886878e-01
    1.36948001e+00 1.42345464e+00 8.23934913e-01 -6.50659800e-01
    1.22999144e+00 1.28445375e+00 -3.38629246e-01 8.12110305e-01
    1.14221919e+00 -1.28754973e-02 -9.05453861e-01 5.23981094e-01
    -1.53593838e-01 9.21910703e-01 2.34647810e-01 7.62249947e-01
    -7.10247517e-01 -2.36816347e-01 7.04371631e-01 5.87041855e-01
    -1.51441991e-01 1.90550089e-01 -6.64307475e-01 1.94251490e+00
    -3.26461196e-02 -1.63075626e-01 5.96633315e-01 1.06006861e-01
    1.15146518e+00 -7.80974925e-01 -8.86990428e-01 -3.49700451e-03
    7.41049051e-01 9.14452434e-01 1.96782041e+00 1.82984126e+00
    1.90018451e+00 1.48056090e+00 -2.89623857e-01 -8.01361084e-01
    4.66415167e-01 1.07829523e+00 5.28695822e-01 -4.23362315e-01
    -8.31158280e-01 -2.99686849e-01 7.78073788e-01 1.85498869e+00
    4.72722530e-01 5.63695431e-01 2.70797014e-02 -2.46367753e-01
    1.83317184e+00 -3.09181273e-01 -5.13961911e-02 3.72232914e-01
    -4.91425931e-01 1.53718877e+00 -5.77410460e-01 -4.69890237e-02
    1.73267078e+00 8.46193910e-01 -9.44684863e-01 1.32980990e+00
    -6.89374685e-01 5.26341438e-01 -8.00163507e-01 9.60069716e-01
    1.73967719e+00 -7.55785704e-01 -2.63325453e-01 -7.66280711e-01
    1.17996347e+00 -2.23555326e-01 -3.56842399e-01 -2.46966779e-01
    1.07200384e+00 1.89978266e+00 6.74607277e-01 7.91603744e-01
    1.32503104e+00 5.78426600e-01 1.20163321e+00 9.78225052e-01
    -2.82499492e-01 1.72988582e+00 -3.00322354e-01 -4.97051358e-01
    5.12082517e-01 1.75884581e+00 1.69568777e+00 1.21883690e+00
    1.92785239e+00 -5.53614497e-02 1.65335953e+00 1.64858341e+00
    8.72950494e-01 5.91341615e-01 -3.32097650e-01 -8.84954035e-01
    1.43068564e+00 1.60758686e+00 2.02549279e-01 3.93610537e-01
    -9.47802544e-01 -2.20459163e-01 -6.17704988e-01 1.11696649e+00
    -5.15395999e-02 -3.25336576e-01 5.80663979e-01 -7.10263371e-01
    -8.07265878e-01 7.44456708e-01 6.40825093e-01 -3.26794565e-01
    1.96250749e+00 1.12945604e+00 7.07172096e-01 1.64061534e+00
    1.38448143e+00 1.37373757e+00 1.18273973e-01 3.93913448e-01
    -5.94914913e-01 -8.56468201e-01 -7.26297438e-01 2.03992486e-01
    -3.05692255e-01 -7.88269043e-01 2.64101863e-01 -3.96900892e-01
    1.18125916e-01 -4.74662334e-01 1.53949285e+00 1.52814198e+00
    -4.42435384e-01 7.03564644e-01 -1.35277867e-01 1.90549314e+00
    1.06054151e+00 1.33882248e+00 -1.79113984e-01 1.22817242e+00
    3.34573030e-01 1.51513505e+00 8.24537277e-01 6.70777321e-01
    1.72087908e+00 -4.69701767e-01 1.70829749e+00 -9.94152904e-01
    1.76000786e+00 1.96312070e-02 1.56699002e+00 -6.26858652e-01
    -3.29149544e-01 1.15917301e+00 -7.68485010e-01 4.18206036e-01
    -1.94030821e-01 1.64873588e+00 6.67088211e-01 9.03493941e-01
    1.09569204e+00 -9.89590526e-01 -4.85026538e-01 5.35736322e-01
    -4.37244833e-01 1.52337766e+00 1.53160250e+00 5.16522050e-01
    -4.44896698e-01 1.50968075e+00 1.60494030e+00 1.12237501e+00
    -9.57459927e-01 4.50545728e-01 -1.81172311e-01 1.41350007e+00
    1.30040050e+00 1.31754589e+00 1.08414423e+00 8.16970825e-01
    1.18547547e+00 -9.73229825e-01 7.68560231e-01 1.70815921e+00
    8.64832640e-01 -9.16277826e-01 1.98442340e+00 1.66131723e+00
    1.01544595e+00 1.22475302e+00 1.71522164e+00 1.35646057e+00
    -5.53112984e-01 1.07436347e+00 1.49561048e-01 -2.98229098e-01
    2.96375155e-02 -8.68143559e-01 3.22351754e-01 7.99888909e-01
    -7.49659777e-01 4.36523974e-01 1.80671275e+00 2.65531540e-01
    1.42944193e+00 1.04050720e+00 7.50201941e-02 1.13285637e+00
    8.19687605e-01 -3.73677790e-01 1.17946959e+00 -8.07352662e-01
    6.49392545e-01 1.40617824e+00 1.97609842e+00 9.69648123e-01
    1.38440061e+00 9.91952658e-01 5.44210672e-01 -6.75146639e-01
    2.06332564e-01 1.70443487e+00 2.33862460e-01 1.39109015e+00
    -8.16276491e-01 -6.75865531e-01 1.22361684e+00 -3.55399787e-01
    -5.64661145e-01 6.78537786e-01 1.74621344e+00 7.33017921e-03
    1.54172683e+00 9.67292845e-01 1.07132816e+00 1.13866830e+00
    -8.73316824e-01 1.57471490e+00 -1.43142104e-01 -4.91356164e-01
    -4.48332846e-01 1.60554481e+00 -9.23382759e-01 1.58439612e+00
    -8.55808258e-01 -2.98022628e-02 1.52144122e+00 2.65815198e-01
    -4.50129747e-01 1.52357185e+00 1.12248778e+00 5.02544641e-03
    -1.83140337e-01 7.62344480e-01 -8.73958826e-01 1.28560162e+00
    -6.87447786e-02 3.02693009e-01 -8.92691195e-01 1.72277927e+00
    5.84922194e-01 -9.05022204e-01 3.32366824e-02 -1.00185978e+00
    -1.97829604e-01 1.33307576e-01 -6.79369450e-01 1.82726991e+00
    1.36047649e+00 6.16928935e-01 1.51174927e+00 -8.51657391e-02
    1.66796327e-01 -3.38184655e-01 -2.05702543e-01 2.72423685e-01
    -5.61907709e-01 1.62867761e+00 3.37145150e-01 1.18478322e+00
    -3.33819211e-01 -3.08135390e-01 -2.87532151e-01 -6.81833029e-01
    -4.86003727e-01 1.36123574e+00 -6.14020944e-01 6.82860970e-01
    4.78000581e-01 -2.80636549e-02 1.16760290e+00 7.72135198e-01
    5.56612432e-01 1.77126098e+00 -7.44549870e-01 1.14403129e+00
    6.37384832e-01 1.32797027e+00 3.54249597e-01 -2.05487609e-01
    6.02167010e-01 6.99980021e-01 -5.92500389e-01 1.36333454e+00
    1.51367033e+00 1.41392636e+00 5.62834263e-01 1.30701375e+00
    3.50035846e-01 1.65857172e+00 1.06789565e+00 1.29852569e+00
    -9.11836505e-01 7.74758875e-01 -7.81185746e-01 -7.15390384e-01
    1.38278985e+00 1.20192420e+00 1.37186456e+00 -5.41829407e-01
    8.66988182e-01 1.38456178e+00 7.73622394e-02 1.39196765e+00
    1.74771023e+00 -1.77645922e-01 -5.35458684e-01 4.57674265e-02
    -1.33318841e-01 -3.45893979e-01 1.00466299e+00 1.01316571e-01
    6.45796418e-01 7.02476144e-01 4.13939953e-01 1.81458330e+00
    -4.44685578e-01 -3.42294335e-01 1.46802485e+00 -3.84227931e-01
    -7.38971293e-01 2.64992893e-01 6.97914243e-01 1.41709566e+00
    1.84868634e-01 5.00586033e-02 1.80772924e+00 -6.85621738e-01
    -4.87940192e-01 1.57003915e+00 1.21673441e+00 1.54556656e+00
    1.48315430e+00 -1.95136964e-01 7.00734735e-01 -1.55612051e-01
    1.70217812e-01 1.24253607e+00 1.08163667e+00 -6.78026676e-03
    -7.38682270e-01 -5.16569018e-02 -2.27102399e-01 1.41106987e+00
    -6.51112199e-01 1.94756651e+00 1.74808896e+00 1.57628989e+00
    -2.81679630e-02 -6.01611137e-02 7.77975380e-01 5.97179532e-01
    8.61780107e-01 1.80567586e+00 4.34636474e-02 -8.83574367e-01
    1.60267067e+00 -7.94309616e-01 6.84831619e-01 1.15447307e+00
    1.20818281e+00 -3.84021997e-02 -7.20214069e-01 1.09616649e+00
    1.54161453e-02 -4.42694426e-01 1.62238264e+00 -4.87269700e-01
    -5.66998482e-01 1.02025342e+00 -8.15063715e-03 -8.25455785e-01
    1.64138591e+00 3.57347012e-01 7.03633189e-01 1.65558231e+00
    7.47812271e-01 1.81792247e+00 5.53388715e-01 -3.48431945e-01
    1.18105853e+00 -1.49966240e-01 1.11099708e+00 1.21267056e+00
    -1.92773640e-01 4.05876517e-01 5.10873139e-01 1.44601011e+00
    8.39164972e-01 -5.45233369e-01 6.30912781e-01 6.59345150e-01
    1.86795509e+00 4.00114119e-01 -4.30144191e-01 9.73062396e-01
    6.50333643e-01 5.44162035e-01 1.02441919e+00 9.82299089e-01
    1.82349014e+00 -1.40728891e-01 6.10709786e-01 4.19052243e-01
    7.71427453e-01 4.24808741e-01 1.24693131e+00 2.00894713e-01
    1.71876454e+00 -3.96549702e-04 -9.99963284e-03 -4.85861570e-01
    1.62897229e+00 9.89418030e-01 -9.79571164e-01 -9.54240739e-01
    4.06264067e-01 1.94521785e+00 1.30963516e+00 1.61748493e+00
    9.19457018e-01 1.58067036e+00 -7.95704663e-01 1.09216619e+00
    -6.83586955e-01 -6.35431051e-01 1.46980524e+00 -2.48006284e-01
    -8.01440537e-01 2.69979775e-01 1.81620407e+00 -2.41512001e-01
    -6.41272366e-01 1.94658637e+00 -3.89087796e-02 1.64482701e+00
    1.75274014e-01 -8.95265341e-02 5.35397649e-01 6.81876779e-01
    1.15264142e+00 8.54712367e-01 1.52683747e+00 5.35784006e-01
    8.15266609e-01 1.10796213e+00 1.00434792e+00 3.28708708e-01
    -8.27313185e-01 -3.03296983e-01 -8.98285985e-01 1.69342399e-01
    3.37211967e-01 5.07852435e-02 -8.27518523e-01 2.69200563e-01
    1.28996205e+00 1.02505970e+00 1.58195686e+00 6.32572532e-01
    1.67507637e+00 1.19461775e+00 1.29757559e+00 1.64184713e+00
    7.69471288e-01 5.18992126e-01 1.17860913e+00 -6.62062287e-01
    1.28770137e+00 1.13590539e+00 1.05998063e+00 -2.52781034e-01
    -5.45868278e-01 1.19885778e+00 3.24272752e-01 -2.03179181e-01
    1.84474623e+00 2.68267930e-01 -5.49707294e-01 1.57339823e+00
    1.21600163e+00 3.32090855e-01 1.08596718e+00 1.80222285e+00
    1.97820473e+00 8.58949423e-02 1.85767245e+00 1.10860467e-02
    1.89135563e+00 4.82761383e-01 1.20699787e+00 -8.03420663e-01
    1.32386041e+00 -6.60554528e-01 4.95155454e-01 8.06416214e-01
    1.41612160e+00 -4.97604877e-01 1.78997123e+00 2.25496054e-01
    6.75910115e-01 -9.68814313e-01 1.27073407e-01 6.62873983e-02
    4.22621846e-01 -3.06462407e-01 5.47492623e-01 -3.08783174e-01
    3.91636848e-01 -6.01844430e-01 4.17142034e-01 9.60167229e-01
    9.20497775e-02 6.20976686e-02 -1.69408560e-01 4.24766123e-01
    1.37275815e+00 8.85375857e-01 -1.74587071e-01 1.72310364e+00
    1.52168357e+00 7.74850726e-01 1.60118628e+00 4.04703975e-01
    -4.78317142e-01 -4.65753376e-01 -3.72017026e-02 1.68778551e+00
    -3.34846854e-01 7.90766776e-01 -6.86125040e-01 -4.60856557e-01
    8.61435056e-01 -5.88265538e-01 8.62495065e-01 6.14307940e-01
    1.02786040e+00 -1.52531445e-01 1.66696954e+00 8.25182080e-01
    1.04136944e+00 1.90680385e+00 1.11592603e+00 1.16848922e+00
    -6.88249171e-01 -8.70407104e-01 -3.76928151e-01 -3.98291349e-02
    -4.27083910e-01 -2.97330141e-01 -4.46679354e-01 -6.76872730e-01
    -8.78763437e-01 1.45582795e+00 1.64304948e+00 9.49382782e-03
    6.25207067e-01 1.23134112e+00 -5.03414869e-01 1.97625792e+00
    -4.91413981e-01 -3.90764058e-01 1.22902656e+00 1.98872745e-01
    2.08019137e-01 1.23852944e+00 7.95188546e-02 -2.03416348e-02
    9.22997475e-01 -4.03609693e-01 1.28465331e+00 -9.73726273e-01
    -7.05947042e-01 6.93451762e-01 9.73567009e-01 7.06463635e-01
    9.60823834e-01 -8.96013558e-01 1.24417043e+00 1.88078439e+00
    8.37468624e-01 -8.00951004e-01 9.01800513e-01 1.68996167e+00
    -5.45311213e-01 -1.13190651e-01 -4.32664335e-01 -2.25691617e-01
    3.58965397e-01 -1.72017694e-01 2.03027749e+00 1.59779525e+00
    -9.13627565e-01 5.29952288e-01 -8.97758603e-01 1.66667128e+00
    -5.69537759e-01 2.53345430e-01 1.20906973e+00 -4.12319541e-01
    1.10302138e+00 1.53236818e+00 -2.49971747e-02 9.11994517e-01
    -8.01418304e-01 -3.98554981e-01 -4.02379513e-01 1.78326225e+00
    1.84600759e+00 1.19996226e+00 -9.63501751e-01 3.78029764e-01
    1.09915125e+00 1.31056988e+00 7.65188515e-01 -6.80812359e-01
    -6.63255811e-01 2.95362830e-01 1.85613036e+00 4.96401131e-01
    4.81335163e-01 3.58273983e-01 8.79379630e-01 1.82218766e+00
    1.66527987e-01 1.86333847e+00 1.60640478e-02 2.38379419e-01
    1.63971806e+00 1.15399039e+00 -4.38088894e-01 -8.47272158e-01
    1.48457241e+00 -1.85006440e-01 -5.96145511e-01 1.69178247e-01
    1.24257386e+00 -5.01504660e-01 1.71430051e+00 -5.47877491e-01
    7.49752283e-01 1.08471000e+00 1.44834375e+00 1.84668398e+00
    -5.77526808e-01 -6.34145617e-01 1.37495363e+00 1.31170058e+00
    -2.89999843e-01 -7.02817798e-01 1.94909501e+00 1.50380421e+00
    1.01131308e+00 -1.65124178e-01 -9.19512510e-01 1.68649733e+00
    1.66756332e+00 -6.79580510e-01 5.78923583e-01 -9.86702859e-01
    1.72004414e+00 1.81604791e+00 1.25478029e+00 4.37323451e-01
    7.62500405e-01 -7.40872562e-01 1.68532372e-01 1.75117254e+00
    8.87610495e-01 -7.63942838e-01 1.23623776e+00 -6.56181157e-01
    -7.58383632e-01 -5.12366831e-01 6.21607304e-01 -1.88128471e-01
    -8.37096453e-01 1.86765695e+00 2.18878925e-01 -2.26053774e-01
    -6.06755376e-01 -9.56362486e-03 5.53437352e-01 1.11359549e+00
    -4.49085236e-03 1.07308698e+00 -7.37151146e-01 1.71064353e+00
    -7.82189190e-01 -4.79992509e-01 -9.42957401e-03 9.92217660e-02
    -6.13410354e-01 -3.72282326e-01 1.78189397e+00 -7.26369500e-01
    -5.61558425e-01 1.36310220e+00 1.07111609e+00 -9.04964685e-01
    -7.84123898e-01 5.92461944e-01 8.33337307e-02 -6.79701328e-01
    3.92792642e-01 -7.67817974e-01 1.37171781e+00 5.46854019e-01
    -6.20371222e-01 -3.19465220e-01 -5.30269742e-01 1.79239869e+00
    1.91098881e+00 1.86161637e+00 2.95581043e-01 1.50654435e-01
    1.51703238e-01 1.81565702e+00 6.01454973e-02 -9.04980183e-01
    -7.28588045e-01 1.54581738e+00 5.53769886e-01 -5.87775588e-01
    1.57881558e-01 -3.17601204e-01 -5.92943788e-01 1.27404749e-01
    1.36746860e+00 1.82924294e+00 4.73749816e-01 1.44760227e+00
    9.31948245e-01 1.96424580e+00 3.54296207e-01 1.31549096e+00
    1.45321429e-01 1.53140724e+00 -6.67408943e-01 6.93554878e-02
    4.67853129e-01 -7.05796182e-01 -9.16628242e-02 -4.30010915e-01
    -5.16052842e-01 -2.47169852e-01 -2.98839092e-01 7.97879517e-01
    1.61939859e-01 1.47266352e+00 7.07077742e-01 -4.58062589e-01
    1.70229936e+00 3.54471445e-01 -4.31999862e-01 6.90982580e-01
    1.71800911e+00 1.36032486e+00 1.25704622e+00 1.88051748e+00
    3.02910686e-01 1.80440223e+00 -9.65314507e-02 1.72560596e+00
    6.25677228e-01 2.06565857e-03 -2.61311173e-01 -5.29136240e-01
    -3.69288027e-01 -3.43926549e-02 1.83723950e+00 1.75012183e+00
    2.64184237e-01 -3.17023456e-01 -8.14959407e-02 -4.85573947e-01
    1.51856589e+00 1.23079407e+00 8.75729322e-03 1.51702225e+00
    1.64857185e+00 1.37313163e+00 1.21581984e+00 1.28227234e+00
    1.84170091e+00 1.98025739e+00 3.33704650e-01 1.26909471e+00
    2.00065851e-01 8.83239150e-01 1.13470030e+00 7.43237317e-01
    1.91108644e-01 1.45612323e+00 1.38659537e+00 -3.47584546e-01
    -1.94549441e-01 4.57543254e-01 -9.23034549e-02 3.84668648e-01
    -4.10932004e-01 5.33895433e-01 7.30910659e-01 4.38586295e-01
    -6.49926066e-01 1.44400668e+00 1.81582499e+00 -1.18671656e-02
    -8.23421121e-01 8.96859765e-02 1.95516407e-01 1.93901718e+00
    -1.59359872e-01 5.74419379e-01 1.54404187e+00 1.27763700e+00
    -2.96905160e-01 1.61700916e+00 -5.64060271e-01 1.02639711e+00
    5.10357380e-01 1.56502855e+00 -5.45011580e-01 -5.86495042e-01
    1.78063631e-01 2.68978894e-01 4.14527416e-01 7.22026467e-01
    1.47845459e+00 1.13084185e+00 1.71055508e+00 6.62664115e-01
    -1.76827967e-01 -1.95310771e-01 1.41187692e+00 -9.69851375e-01
    -4.91412282e-02 1.28105700e+00 -8.75844002e-01 4.17538643e-01
    -6.16165161e-01 -4.80966866e-01 -6.08622432e-01 1.35163760e+00
    1.13094461e+00 -4.84792203e-01 1.94106424e+00 2.53637910e-01
    3.54443610e-01 -3.15449774e-01 1.59298062e+00 7.32209265e-01
    7.06172049e-01 5.53175092e-01 1.42725253e+00 3.64872754e-01
    -7.68112540e-01 2.31443107e-01 1.76423359e+00 -1.85426474e-02
    3.91053200e-01 -1.00921381e+00 6.61002815e-01 -2.48398602e-01
    3.21238279e-01 4.19336438e-01 6.04220629e-01 2.76314795e-01
    -4.77318227e-01 1.97074842e+00 8.63296032e-01 2.73629725e-01
    2.82748103e-01 8.94929051e-01 1.78902817e+00 1.00069404e+00
    8.71682227e-01 1.35333776e+00 -3.57777119e-01 1.47690773e+00
    -8.93119633e-01 8.90486658e-01 1.22648787e+00 4.25336003e-01
    1.93299818e+00 1.15084386e+00 -9.32907641e-01 -1.70216978e-01
    1.16623402e-01 6.81217074e-01 1.76595700e+00 1.86446822e+00
    1.44024301e+00 5.67038655e-01 -4.46090102e-02 2.36645699e-01
    1.83536148e+00 -7.06777334e-01 1.50985885e+00 -5.72903275e-01
    -6.25951409e-01 -7.84718275e-01 2.03128636e-01 -7.60985017e-01
    -1.45048261e-01 1.26013041e-01 1.32855225e+00 1.62988400e+00
    1.30640161e+00 4.14882660e-01 -9.57098007e-01 -5.12527347e-01
    1.52876139e+00 1.89091384e+00 5.17346859e-01 -7.69632459e-02
    -2.56015420e-01 -8.97217333e-01 -4.33614850e-02 -9.99347568e-01
    -2.07206607e-01 -4.26329374e-01 2.51071453e-02 1.30873907e+00
    4.72637713e-01 2.03395247e-01 3.41811657e-01 -6.62133098e-01
    1.22900820e+00 1.73887920e+00 -8.60477328e-01 1.04887724e+00
    8.04994881e-01 6.99602544e-01 1.50234032e+00 -1.50837779e-01
    1.42289948e+00 9.51980710e-01 1.09547615e-01 6.48598611e-01
    -1.83605552e-01 1.24762583e+00 2.21395075e-01 1.54299879e+00
    1.28015614e+00 5.24909019e-01 -4.70086902e-01 7.66085386e-02
    1.33920968e+00 1.82476389e+00 1.71389449e+00 1.21416330e-01
    9.23807740e-01 -8.17626536e-01 2.65014291e-01 1.56070852e+00
    5.01214623e-01 -1.26985312e-02 1.42530799e-01 6.84115052e-01
    -3.11635375e-01 3.22016001e-01 -5.60926795e-01 1.00817752e+00
    1.73065543e+00 -2.51552284e-01 1.02859855e-01 1.32633805e-01
    -1.50187194e-01 6.02454364e-01 1.00855803e+00 6.24221087e-01
    1.10462391e+00 7.95676351e-01 1.79197514e+00 1.03684306e+00
    1.18491006e+00 1.65624011e+00 1.21282971e+00 -5.99280596e-01
    1.06075335e+00 -6.08206391e-01 9.85727668e-01 3.07602465e-01
    -7.14320064e-01 6.79297447e-01 1.03270781e+00 2.53919840e-01
    1.60465801e+00 -5.64624548e-01 -5.61174691e-01 7.71708250e-01
    1.83789337e+00 -2.31617093e-01 1.65196538e-01 4.08127010e-01
    1.00560355e+00 1.27833867e+00 6.08859420e-01 1.91988707e-01
    1.88986421e-01 1.53119767e+00 9.99984086e-01 2.43247986e-01
    1.55045688e+00 1.71846223e+00 -8.23795199e-02 1.54569447e+00
    1.87843132e+00 8.23414445e-01 -7.68161178e-01 -5.26718974e-01
    -6.38039351e-01 3.21222186e-01 -6.47360265e-01 1.85237145e+00
    1.63070953e+00 1.73714375e+00 2.96669126e-01 1.58894396e+00
    1.49960709e+00 -9.29811418e-01 8.09090853e-01 9.50901687e-01
    -6.16402030e-01 -3.93378437e-01 -6.79958224e-01 1.49829221e+00
    4.60126758e-01 1.33368838e+00 7.84274817e-01 1.58291411e+00
    -4.09951031e-01 1.35778189e-01 -7.51587629e-01 -4.38299954e-01
    1.46345222e+00 1.23819757e+00 7.22171903e-01 2.49536514e-01
    1.45792985e+00 8.88827801e-01 9.88976896e-01 3.23609531e-01
    1.14827156e+00 1.35968602e+00 1.23169518e+00 4.15569186e-01
    8.16727281e-02 1.62570143e+00 5.56627214e-01 -7.41116941e-01
    1.11684346e+00 1.66403461e+00 -9.28981900e-02 -4.69586253e-01
    4.54875946e-01 1.86865020e+00 1.59588647e+00 8.91834617e-01
    1.72207403e+00 1.85126543e+00 2.20957160e-01 1.30993426e+00
    -2.63378859e-01 5.69813848e-02 5.01084447e-01 1.85979128e+00
    -1.56459868e-01 -6.50884867e-01 1.23606455e+00 -4.07972574e-01
    2.98021197e-01 -1.55375779e-01 2.51691937e-02 -1.38101697e-01
    -1.02293015e-01 1.32013321e+00 -1.16818249e-01 1.06839979e+00
    1.45343053e+00 -2.19246745e-01 1.14981103e+00 -4.87870216e-01
    1.03807068e+00 -5.08333921e-01 4.09441650e-01 -8.70662093e-01
    -5.16073465e-01 -5.12848377e-01 2.41986394e-01 1.57977855e+00
    4.68420148e-01 1.18116486e+00 1.52938497e+00 7.92482138e-01
    -5.97319603e-01 1.28836823e+00 7.21413493e-02 1.32103789e+00
    5.95096767e-01 2.78915465e-01 1.65993094e+00 3.83746564e-01
    -4.01187539e-02 1.08604753e+00 3.21851730e-01 3.84628773e-03
    1.51951480e+00 -7.26329625e-01 9.90494847e-01 1.77610254e+00
    -8.10706973e-01 1.30752742e-01 -3.28101933e-01 -7.70751715e-01
    -1.43596470e-01 1.48809075e+00 -1.22640133e-02 6.67730868e-01
    1.06184351e+00 1.37442529e+00 4.43596900e-01 1.92573726e+00
    5.33187032e-01 -8.78206491e-01 1.70861745e+00 -3.51953745e-01
    1.63527822e+00 1.61402202e+00 2.50090718e-01 1.65135050e+00
    5.41437984e-01 2.12180018e-02 -2.19512582e-01 6.21850789e-01
    1.53684044e+00 -1.14055932e-01 -4.38528001e-01 -2.91624725e-01
    6.65120244e-01 1.57873237e+00 1.91023183e+00 -7.93430209e-01
    -1.60390556e-01 8.75087380e-01 1.34417820e+00 1.05359972e+00
    5.69714427e-01 -4.49788451e-01 -3.68310094e-01 -4.12849784e-02
    7.45384395e-01 -6.15107834e-01 3.60091865e-01 1.23969531e+00
    -6.75643682e-02 1.51116347e+00 -8.96173775e-01 9.13792789e-01
    1.33206725e+00 2.82719970e-01 1.73965549e+00 1.65705681e+00
    1.65852034e+00 -7.25273609e-01 -7.27682829e-01 4.64721322e-02
    -6.96013808e-01 1.83012533e+00 2.13851392e-01 1.95902586e-02
    1.84505486e+00 8.36365044e-01 1.69478822e+00 -8.15763474e-02
    -7.92083740e-01 8.68245482e-01 1.75538397e+00 1.49303901e+00
    1.42218482e+00 4.04477715e-01 1.10657692e+00 1.04772782e+00
    -4.77144212e-01 -1.91141605e-01 6.06214762e-01 -6.03549480e-01
    8.70117664e-01 1.01609874e+00 7.24669576e-01 7.30464578e-01
    -3.26142073e-01 -6.17274106e-01 -3.80141854e-01 8.77943039e-02
    6.27855062e-01 3.62243056e-02 1.39990759e+00 3.41540515e-01
    6.27722919e-01 -4.13173437e-02 1.11790037e+00 2.17827916e-01
    8.30887496e-01 1.13082826e+00 -1.10098004e-01 -4.79366302e-01
    1.92188549e+00 5.91329813e-01 1.01039279e+00 -5.76365530e-01
    -2.14167953e-01 4.60990489e-01 9.03590977e-01 -2.90045798e-01
    1.83081126e+00 6.67719960e-01 1.76904738e-01 -7.10638821e-01
    1.86310148e+00 7.64122725e-01 1.87681472e+00 -8.29562366e-01
    7.54494905e-01 1.18186426e+00 2.16630101e-01 -6.53056741e-01
    -7.18876839e-01 -1.78591192e-01 1.76978254e+00 -8.57698619e-01
    1.87155581e+00 5.20243287e-01 1.03252411e+00 1.71087754e+00
    -6.39818907e-01 1.11811364e+00 -6.76944375e-01 1.67647624e+00
    1.24716401e+00 -7.40049601e-01 1.74776292e+00 -8.10869098e-01
    2.89977968e-01 -4.07376289e-02 1.36874247e+00 3.42631340e-03
    -1.86296523e-01 -8.67293239e-01 1.67611051e+00 -6.30573511e-01
    -7.48769224e-01 -4.52758491e-01 1.49292195e+00 -1.83685601e-01
    -9.34288621e-01 -4.92890149e-01 1.74657047e-01 -1.08250618e-01
    2.69546330e-01 -6.08392954e-01 1.44827175e+00 -2.82250643e-01
    6.37828112e-01 6.14267766e-01 1.57449841e-02 1.38387728e+00
    1.15833998e-01 3.91737819e-01 1.79125142e+00 1.41235912e+00
    -4.57052052e-01 7.16312766e-01 1.46207714e+00 1.18255198e+00
    1.75761557e+00 -3.47694933e-01 2.33232975e-03 3.77271414e-01
    1.50548363e+00 1.43600893e+00 1.91045928e+00 1.07835698e+00
    -8.93543601e-01 1.22512221e-01 1.07893944e-01 -8.37492347e-02
    -7.39753067e-01 -1.54157281e-01 9.62017655e-01 1.06111741e+00
    -6.48291409e-01 4.09312010e-01 -6.58962250e-01 2.19066858e-01
    -6.25538230e-01 8.50904465e-01 -8.85405183e-01 1.58765733e+00
    -2.59774685e-01 1.79164410e-01 -4.05604124e-01 -5.06365538e-01
    1.71022177e+00 9.24609482e-01 8.46790075e-02 -9.37286496e-01
    -2.97119319e-01 2.79611230e-01 8.70564580e-01 4.59496856e-01
    -8.96161497e-01 8.96708488e-01 9.00749505e-01 -8.05654705e-01
    -3.06736708e-01 9.39170480e-01 1.56223464e+00 5.47800660e-01
    1.39786577e+00 5.59866309e-01 7.18920231e-01 1.12645030e-01
    1.18466437e+00 1.57007408e+00 1.52569115e+00 1.06646502e+00
    8.90385747e-01 -5.81079721e-01 -8.96484315e-01 -1.12697303e-01
    1.14900255e+00 6.30768597e-01 6.35560393e-01 1.54644156e+00
    1.87404907e+00 5.27482748e-01 3.70660007e-01 4.31624830e-01
    1.48574924e+00 1.71400571e+00 -8.17803919e-01 4.82990444e-01
    1.62970281e+00 8.66737962e-01 -3.84879053e-01 7.28346825e-01
    -5.19354999e-01 1.42048013e+00 1.75384760e+00 6.94652200e-01
    1.81922984e+00 1.03036714e+00 1.79006839e+00 2.11924434e-01
    -2.85495520e-02 3.69629323e-01 4.98410225e-01 6.51600540e-01
    4.62108910e-01 -1.74236536e-01 1.15770054e+00 -1.42352223e-01
    1.98972702e-01 1.83646262e+00 1.25131404e+00 -4.38317358e-01
    4.56744790e-01 1.21354651e+00 9.09141243e-01 -8.32425416e-01
    1.10189319e+00 -2.37972260e-01 1.69391990e+00 1.40722370e+00
    -2.63453066e-01 -5.47235847e-01 4.83851790e-01 8.99545550e-01
    -1.41959548e-01 -5.23800194e-01 -9.40199435e-01 -8.04039001e-01
    -2.11713195e-01 1.04057717e+00 1.53838277e+00 1.34893823e+00
    8.85389209e-01 1.67039692e+00 -4.15860474e-01 1.42314839e+00
    3.38470459e-01 1.14962685e+00 3.72211456e-01 -6.37943625e-01
    5.81196666e-01 -3.97792280e-01 9.02209640e-01 3.96052361e-01
    2.08308220e-01 1.97227240e-01 1.21978807e+00 1.86370099e+00
    9.97307897e-01 1.10434473e-01 -5.95639586e-01 1.24167371e+00
    -4.52143401e-01 5.51123023e-02 1.11135125e+00 1.66049004e+00
    -2.45719314e-01 2.02144170e+00 1.73301697e-01 1.71866715e-01
    1.04364407e+00 1.87071419e+00 1.42318535e+00 6.35874271e-02
    1.43049002e+00 1.27937412e+00 1.24877357e+00 1.81450534e+00
    9.26634669e-01 1.12119651e+00 1.54509103e+00 -7.91674614e-01
    1.08978653e+00 -7.47676730e-01 -6.47381783e-01 1.13774276e+00
    -8.22637916e-01 3.89803886e-01 5.95497489e-01 8.39907169e-01
    -2.79292881e-01 -3.09251785e-01 8.07940781e-01 1.88039541e+00
    -4.81129497e-01 4.01792288e-01 2.09624827e-01 1.62330675e+00
    1.69949377e+00 2.71679699e-01 -5.47432125e-01 4.17106152e-02
    -4.60580200e-01 1.80088902e+00 7.10471630e-01 -5.10658681e-01
    5.26823044e-01 2.23351479e-01 1.62459517e+00 -4.49017197e-01
    -6.38806641e-01 7.75683284e-01 8.22883308e-01 -2.00739682e-01
    1.45695996e+00 1.43583822e+00 -8.87600780e-01 -2.44151354e-01
    -3.07183981e-01 -4.93048728e-01 1.96847439e+00 1.92885065e+00
    2.10779786e-01 7.57412076e-01 7.53941357e-01 1.26885748e+00
    4.29975092e-01 1.75758386e+00 1.22842932e+00 -7.78353512e-01
    1.94597340e+00 -8.11843872e-01 5.19127369e-01 1.48542047e-01
    3.03874910e-01 -8.98712337e-01 1.86306274e+00 9.83822227e-01
    7.33842373e-01 -1.35107040e-02 -1.79257572e-01 1.78393149e+00
    1.04163790e+00 -3.70592475e-02 -5.91700494e-01 5.77310443e-01
    -9.33158815e-01 1.31424904e+00 -8.62538576e-01 7.39425242e-01
    1.69254208e+00 -3.57407868e-01 1.85483289e+00 2.10991919e-01
    7.98573196e-01 -8.17537069e-01 7.58775473e-01 1.45171487e+00
    1.58262825e+00 9.87652540e-01 1.77635336e+00 6.11727238e-02
    2.79806852e-01 1.38370097e+00 -4.19321656e-01 1.43340373e+00
    1.78811955e+00 4.34399843e-02 -3.23644519e-01 2.69399524e-01
    1.90493727e+00 1.31147420e+00 -6.72680378e-01 -1.16563559e-01
    1.48962808e+00 7.41910815e-01 1.51001132e+00 1.61247611e+00
    1.41941798e+00 3.35581660e-01 5.35577536e-02 -4.53122795e-01
    9.67287302e-01 -5.51902056e-02 8.22998405e-01 -3.87875319e-01
    1.48892736e+00 -1.61722720e-01 1.75746846e+00 -2.28947103e-01
    1.13183367e+00 7.78294086e-01 1.74215090e+00 8.05680752e-02
    1.83492684e+00 1.84017313e+00 2.95615196e-03 -7.03734696e-01
    1.83591604e+00 6.56384945e-01 6.13374591e-01 1.12283337e+00
    1.50612485e+00 1.07046866e+00 -5.63747883e-01 1.28895533e+00
    -3.49024355e-01 1.26635587e+00 1.04784417e+00 8.69041443e-01
    -5.53282201e-01 2.78143287e-02 1.49289799e+00 1.27437687e+00
    2.19515920e-01 -4.60494220e-01 1.09696865e+00 2.36950397e-01
    1.77726603e+00 -9.80737925e-01 5.31336486e-01 2.37890005e-01
    1.30138326e+00 1.46093380e+00 5.32969296e-01 2.24802613e-01
    3.87334466e-01 1.51521277e+00 1.09431744e+00 -4.71617967e-01
    1.43076348e+00 1.66948938e+00 1.56647968e+00 4.84483361e-01
    1.86423659e+00 2.07673311e-01 5.34564137e-01 -4.63176429e-01
    1.63449597e+00 4.67444658e-01 -6.13812327e-01 -9.29994881e-01
    1.19961119e+00 3.61088753e-01 -2.91067362e-01 1.58413649e+00
    8.59601974e-01 1.07673502e+00 -7.60514736e-01 2.32478738e-01
    -3.93996477e-01 8.44310641e-01 2.54936337e-01 7.19876289e-01
    -3.01642537e-01 3.77543569e-01 -8.96822751e-01 -1.54656649e-01
    3.05137396e-01 8.70136857e-01 1.53644836e+00 -9.29911256e-01
    -8.09203386e-02 -4.43081260e-01 2.46414065e-01 1.73974466e+00
    1.24940252e+00 -8.51482809e-01 1.31853223e-02 -5.98794937e-01
    -6.32801294e-01 1.00235724e+00 3.59415650e-01 1.21510625e-01
    1.15396821e+00 1.17355788e+00 8.34015727e-01 1.33955240e-01
    7.69099653e-01 -2.24547923e-01 1.23595333e+00 2.22205281e-01
    5.89601755e-01 1.45792055e+00 1.25237405e-01 1.71752131e+00
    -5.55169702e-01 1.17846012e-01 4.36783671e-01 1.36569262e+00
    1.44114137e+00 4.22228873e-01 5.25084257e-01 2.59551406e-01
    2.87214994e-01 -7.06783354e-01 -9.53117371e-01 1.91761458e+00
    -6.60509646e-01 -3.26215029e-02 -2.98576951e-01 -5.43065429e-01
    1.18577039e+00 1.27201247e+00 8.71154070e-02 -7.72788167e-01
    -4.60055888e-01 1.83064687e+00 3.03856909e-01 -9.19753134e-01
    -1.54404104e-01 1.12948048e+00 -5.66932142e-01 1.98959172e+00
    -4.88830537e-01 -3.26368332e-01 1.97825050e+00 -1.19888127e-01
    6.33032441e-01 -6.16666317e-01 7.90416360e-01 -7.88841724e-01
    -1.93640590e-01 1.59820592e+00 -4.75711405e-01 -8.13777864e-01
    -3.65518391e-01 3.93773794e-01 1.52392972e+00 1.29604590e+00
    -8.16793919e-01 -9.72926617e-02 1.70012414e+00 8.84078145e-02
    5.73353827e-01 -6.08286142e-01 1.50805902e+00 -6.46371424e-01
    -6.21536136e-01 1.86778653e+00 1.55480373e+00 1.55336404e+00
    7.63511539e-01 1.65834057e+00 1.65136158e+00 1.35669875e+00
    -3.97543132e-01 9.48711991e-01 2.51085460e-01 5.77792287e-01
    1.67150545e+00 -3.72088611e-01 -5.75624764e-01 -4.95777011e-01
    1.48323250e+00 -4.86176401e-01 1.18405724e+00 -5.78748703e-01
    1.20352316e+00 9.64579046e-01 9.67684507e-01 -1.54316425e-03
    6.60688162e-01 5.83313704e-01 5.71581721e-02 1.51098621e+00
    8.70739281e-01 -9.08118546e-01 1.38244343e+00 -1.54604256e-01
    -7.84022212e-02 1.13450480e+00 -4.25571740e-01 1.44921327e+00
    1.43978536e+00 3.12898099e-01 8.47098351e-01 1.90030169e+00
    1.80097461e-01 9.86247778e-01 1.82572842e+00 1.31514025e+00
    4.23547864e-01 1.71307325e+00 -3.04498315e-01 1.00149000e+00
    6.02496326e-01 9.00692880e-01 1.96245050e+00 -1.82384729e-01
    1.01791203e+00 -7.58020878e-01 -6.38962984e-01 -6.42528653e-01
    5.69880009e-01 7.84655273e-01 1.29302633e+00 -1.04743898e-01
    3.44980597e-01 8.38666081e-01 1.44890082e+00 1.45073438e+00
    -4.20911431e-01 1.24267960e+00 -1.06626868e-01 3.03948939e-01
    5.05760193e-01 -4.69316006e-01 1.97594941e+00 9.80292678e-01
    -1.26896024e-01 1.13479042e+00 -5.89230955e-01 1.82519484e+00
    -2.01683044e-01 3.04952860e-02 -5.09249508e-01 9.96868789e-01
    3.97034049e-01 1.93488288e+00 1.59825730e+00 -5.33279598e-01
    -5.38773417e-01 1.24717879e+00 1.70503330e+00 1.09793663e+00
    6.35161757e-01 3.48911524e-01 -1.00340843e-02 1.27674747e+00
    -6.98742330e-01 -1.95007920e-01 7.30170369e-01 7.59749413e-02
    1.18491805e+00 -4.54650700e-01 -7.81939268e-01 -8.23397696e-01
    1.65444446e+00 8.91551137e-01 1.17344880e+00 -8.49290252e-01
    1.65497851e+00 1.78115797e+00 -4.07129765e-01 -9.03231382e-01
    1.83228993e+00 1.43224335e+00 1.02607405e+00 1.35650706e+00
    -6.62750006e-01 -6.00945532e-01 2.86349535e-01 1.77619720e+00
    6.63745999e-02 6.40480638e-01 1.36724329e+00 -5.55447578e-01
    8.58383834e-01 5.81377983e-01 -1.65779591e-02 -7.79722810e-01
    -3.00796926e-01 9.16558504e-02 1.24954879e+00 1.10750771e+00
    -3.02146018e-01 3.54838610e-01 -9.08496499e-01 -3.25382888e-01
    2.70109236e-01 -6.65227175e-01 3.92978370e-01 -8.85911286e-01
    -3.31105769e-01 1.64132404e+00 9.26631093e-02 1.18819141e+00
    5.63215315e-01 1.34178030e+00 -1.58303380e-01 -3.66320550e-01
    1.72502995e+00 -6.44135833e-01 -3.55583906e-01 1.32722676e+00
    1.16200447e-01 -5.74305654e-01 4.19536889e-01 -1.78880453e-01
    4.17136312e-01 1.24564052e+00 -6.96519852e-01 7.61978507e-01
    -6.96090341e-01 1.34487271e+00 9.72449899e-01 1.94728851e+00
    1.19133592e+00 3.30200076e-01 1.30821013e+00 -9.39643621e-01
    1.02543306e+00 1.86239028e+00 1.13626230e+00 -8.47623706e-01
    -1.56757236e-01 3.55277419e-01 -6.90336227e-01 1.19680917e+00
    1.34273183e+00 1.36352289e+00 1.08971953e+00 1.74439466e+00
    1.45628989e+00 1.75920117e+00 2.14869261e-01 6.29205465e-01
    1.09133530e+00 1.73387170e+00 -3.93245816e-01 -1.67170346e-01
    -3.15064430e-01 7.02487886e-01 1.93510795e+00 8.23803484e-01
    -5.33119440e-01 1.70642281e+00 1.04025817e+00 4.64572668e-01
    1.63182282e+00 7.57473588e-01 -6.64404988e-01 1.02186632e+00
    -5.06318212e-01 -1.93791091e-01 -8.01100612e-01 1.44883227e+00
    1.09372377e-01 1.57856524e+00 -8.14985514e-01 1.51738179e+00
    3.24315786e-01 1.60492134e+00 -1.36602640e-01 1.42474532e-01
    1.41764128e+00 1.78416109e+00 7.26624846e-01 1.20056391e-01
    1.01911366e+00 4.76223350e-01 1.74206924e+00 1.79201484e-01
    1.38369012e+00 -4.26241994e-01 -3.09455514e-01 6.62156343e-01
    -9.87319231e-01 -6.75239205e-01 1.55810833e+00 1.92273593e+00
    9.84263122e-01 6.04865551e-02 1.61588728e-01 1.57875395e+00
    -3.36540937e-02 -2.93250620e-01 -4.42262113e-01 -2.05359280e-01
    1.12930584e+00 1.85690761e+00 7.26320565e-01 -5.60555816e-01
    7.01861560e-01 1.47725892e+00 3.57083321e-01 1.36537695e+00
    5.39881885e-01 1.18688297e+00 -4.61816430e-01 1.25180805e+00
    5.28449535e-01 1.74685764e+00 1.61090124e+00 4.59378958e-01
    4.93798733e-01 -6.81539178e-01 -6.91430569e-01 -2.61760354e-01
    1.93555927e+00 2.35803485e-01 -4.42558467e-01 1.48409212e+00
    5.66632688e-01 1.20198846e+00 1.18182635e+00 5.01728058e-02
    -2.24375725e-03 4.70905364e-01 1.55331898e+00 -7.94094741e-01
    6.00419521e-01 7.15832233e-01 -7.39371240e-01 1.64141083e+00
    4.58270311e-03 5.69416881e-02 -3.80314231e-01 -1.48882926e-01
    1.40395248e+00 -2.57150292e-01 -4.42264110e-01 8.79157305e-01
    4.66669858e-01 8.98756385e-01 1.02435243e+00 2.76953995e-01
    -8.71133804e-02 1.75094140e+00 -2.37931848e-01 -5.79318166e-01
    -1.24616265e-01 7.76071072e-01 7.74382353e-01 5.65208197e-01
    4.37009335e-01 1.77323997e+00 1.57499194e-01 -5.94682097e-01
    7.38782287e-01 1.51799095e+00 -6.42265320e-01 1.02595091e-01</data></my_img>
<your_img type_id="opencv-matrix">
  <rows>128</rows>
  <cols>256</cols>
  <dt>f</dt>
  <data>
    5.83646297e-01 1.88481236e+00 1.69039309e-01 1.15572023e+00
    2.27897286e+00 1.63267112e+00 2.63384104e-01 -2.85489142e-01
    -1.30761296e-01 7.83148646e-01 -4.69098687e-01 6.96199417e-01
    1.30996674e-01 1.77291882e+00 2.80036721e-02 1.56730664e+00
    3.73554438e-01 8.87821853e-01 1.09742522e+00 -5.45153692e-02
    6.42864466e-01 2.90208250e-01 2.09720922e+00 5.04951715e-01
    -1.50350660e-01 2.31187248e+00 1.67682910e+00 7.76799500e-01
    7.36150682e-01 9.08501029e-01 1.91167697e-01 3.54935288e-01
    2.02457786e+00 5.43030024e-01 -2.37441257e-01 1.62666333e+00
    3.09755862e-01 1.79387426e+00 -4.73810434e-02 2.65857987e-02
    4.15542722e-01 -4.68472391e-01 5.17110564e-02 2.17516565e+00
    1.43724847e+00 1.56458044e+00 6.85455918e-01 -3.31833780e-01
    5.90542912e-01 -1.08756095e-01 2.38582373e+00 2.15668201e+00
    -1.11082442e-01 1.19713032e+00 -2.61182785e-01 1.17031014e+00
    1.78733623e+00 1.94842172e+00 1.46269274e+00 1.73535311e+00
    2.13706088e+00 1.70638478e+00 1.72107649e+00 2.00554729e+00
    1.97248578e+00 2.03373027e+00 -7.15070311e-03 -1.50432615e-02
    4.06993598e-01 9.53019083e-01 2.09442925e+00 2.80839115e-01
    1.47357380e+00 2.97822477e-03 1.98135817e+00 2.14505148e+00
    -5.52636534e-02 2.36091232e+00 1.40342188e+00 -3.96310747e-01
    -8.83230716e-02 9.30171967e-01 1.06358135e+00 1.12077975e+00
    1.00472875e-01 1.69114470e+00 1.78113949e+00 1.22807324e+00
    2.33177090e+00 2.01880053e-01 1.13642931e+00 6.57587528e-01
    1.11385810e+00 1.52917516e+00 1.68896079e+00 8.73348415e-01
    1.74102247e+00 -8.17822143e-02 1.39818072e+00 1.43315136e+00
    1.16412508e+00 1.62876713e+00 1.64599383e+00 1.28639185e+00
    1.17930627e+00 2.39982575e-01 3.32328975e-01 -9.87673104e-02
    2.42300963e+00 9.51288760e-01 -4.90110159e-01 -4.73583996e-01
    2.28270364e+00 5.52196145e-01 3.52896869e-01 1.28172731e+00
    1.23693860e+00 3.37583274e-01 9.82599139e-01 1.02694035e+00
    1.89020562e+00 1.36743951e+00 1.77991831e+00 -3.74949902e-01
    -4.54856455e-01 1.47577739e+00 9.24241185e-01 3.32342803e-01
    1.92698747e-01 2.83503588e-02 2.07529879e+00 1.61762238e+00
    -2.37390727e-01 1.30005762e-01 1.31316149e+00 1.19518030e+00
    5.94414771e-01 1.12076449e+00 -3.61825943e-01 5.69168329e-01
    1.27491927e+00 1.59400165e+00 -3.17478567e-01 7.80520022e-01
    -3.96716863e-01 7.59010553e-01 -4.17960852e-01 -4.42903727e-01
    8.90607774e-01 6.82064116e-01 2.36190483e-01 2.24031377e+00
    9.85438168e-01 3.16695184e-01 2.07541990e+00 1.84653115e+00
    1.79297283e-01 1.85153186e+00 1.24698019e+00 1.20388091e+00
    6.80381656e-01 5.30026317e-01 -1.31840438e-01 7.27877691e-02
    1.85043657e+00 1.86697626e+00 -2.22420782e-01 3.10003222e-03
    2.03513503e+00 8.25577617e-01 1.38718542e-02 4.55500871e-01
    3.73598546e-01 1.56039584e+00 2.80886263e-01 -5.81588268e-01
    2.30818295e+00 1.62748826e+00 2.06833839e+00 -5.23826480e-01
    -1.53376862e-01 1.37956238e+00 9.55671430e-01 1.36373115e+00
    2.10430837e+00 5.41722953e-01 -1.86666906e-01 4.89920557e-01
    4.20248806e-01 1.87250006e+00 2.24755359e+00 1.13519228e+00
    2.14231706e+00 5.41075528e-01 6.27903521e-01 4.71711963e-01
    8.41947615e-01 1.64323330e+00 1.70405018e+00 1.10809982e+00
    1.27982914e-01 7.18789995e-02 1.22907615e+00 1.53312886e+00
    -4.36039835e-01 2.31061387e+00 -5.26311219e-01 1.11026216e+00
    -5.95375486e-02 1.60829365e-01 1.00122309e+00 6.59727037e-01
    2.86021382e-01 4.35951024e-01 -2.81084180e-01 6.03967786e-01
    -4.73284692e-01 -4.43366677e-01 1.16797471e+00 1.99479714e-01
    1.94692266e+00 5.29198408e-01 2.00501657e+00 7.02195168e-02
    1.55554986e+00 -4.88952190e-01 1.48294103e+00 5.40733695e-01
    2.12625575e+00 2.23352313e+00 2.37136436e+00 7.37156510e-01
    1.30006862e+00 -3.37230802e-01 -3.41485679e-01 -3.83661985e-01
    7.62152016e-01 -2.03813970e-01 6.20039999e-01 7.16470778e-01
    1.72824001e+00 1.83604276e+00 -2.48034541e-02 1.64768052e+00
    -1.61717221e-01 2.32721925e+00 1.97244000e+00 1.09224772e+00
    1.02116120e+00 -1.21890441e-01 1.71175981e+00 -5.05264163e-01
    1.57996500e+00 1.19327807e+00 1.03580880e+00 2.03774452e-01
    9.93008554e-01 1.75899982e+00 -2.75147140e-01 4.75723892e-02
    1.26964188e+00 1.92654848e+00 1.12128580e+00 -5.72865188e-01
    1.50645804e+00 -4.94584978e-01 1.37240708e+00 1.61251903e+00
    1.78287160e+00 1.41284657e+00 1.82073820e+00 1.48021722e+00
    3.06580544e-01 7.21445322e-01 2.12900424e+00 1.95827937e+00
    5.92422903e-01 -2.42545635e-01 9.11997437e-01 1.45166719e+00
    1.06209552e+00 5.72844148e-01 2.25493217e+00 1.38797057e+00
    -2.79009253e-01 1.74270558e+00 -1.47386745e-01 1.88452363e+00
    1.42127490e+00 7.20237970e-01 -4.89730686e-01 -5.58823884e-01
    -3.21628869e-01 1.67090166e+00 1.42830861e+00 1.80956078e+00
    5.31312466e-01 8.23350906e-01 2.03100371e+00 1.34211862e+00
    1.17992795e+00 2.19210911e+00 5.61611056e-01 1.58518541e+00
    2.63729602e-01 9.16091740e-01 6.97942793e-01 1.66665971e+00
    -4.63099509e-01 2.28903103e+00 1.43377030e+00 6.97922111e-01
    7.19481349e-01 1.96583688e+00 -3.81102443e-01 8.61724913e-01
    2.20562506e+00 1.97836637e-01 1.27623618e+00 1.25088382e+00
    1.39710248e-01 1.25682282e+00 1.18714049e-01 -1.70604244e-01
    1.26984000e+00 8.05025935e-01 1.96217740e+00 9.32490304e-02
    2.94755548e-01 1.18743882e-01 1.74739587e+00 3.09792429e-01
    2.07431030e+00 -1.54772922e-01 1.64195514e+00 -6.28118396e-01
    4.08587873e-01 -3.00603718e-01 2.13552666e+00 3.11704546e-01
    5.06906688e-01 1.20905519e+00 1.32401085e+00 7.15524614e-01
    1.34720838e+00 -3.95659477e-01 5.96926272e-01 2.39111453e-01
    6.16620779e-01 2.88789958e-01 1.82477486e+00 2.19393158e+00
    -6.57088831e-02 9.64013755e-01 1.80911088e+00 7.69774914e-01
    1.19339502e+00 -5.48822999e-01 -6.21198058e-01 1.80944622e+00
    2.15657139e+00 1.82080275e-05 -6.08936369e-01 -7.37740844e-02
    -3.47491592e-01 -2.79220808e-02 1.02316129e+00 1.16626000e+00
    5.56083322e-01 4.24607068e-01 1.66194093e+00 1.38280201e+00
    1.01460648e+00 2.03827882e+00 2.00305557e+00 7.49863461e-02
    2.23384285e+00 -4.30731654e-01 1.81955433e+00 1.77061450e+00
    1.24556541e+00 2.06671023e+00 4.10509616e-01 7.64610469e-01
    1.42694569e+00 6.64575696e-01 1.68255150e-01 -2.94682562e-01
    -3.37442309e-02 1.76980007e+00 1.67622089e+00 1.20511127e+00
    1.69908392e+00 1.36624563e+00 2.09832692e+00 2.32245684e+00
    1.61958981e+00 9.24833179e-01 -4.98306751e-01 7.61529326e-01
    2.35414433e+00 2.01126054e-01 1.20638192e+00 -2.74847120e-01
    1.65342763e-01 1.35407233e+00 2.03756595e+00 1.98976088e+00
    -2.02285752e-01 1.88618207e+00 -2.46583149e-01 2.10110784e+00
    1.11144221e+00 5.24636507e-01 6.28455222e-01 -3.23334783e-01
    -4.82571006e-01 1.51279342e+00 -3.33416313e-01 1.76035368e+00
    2.00689220e+00 1.71487427e+00 1.83382428e+00 -3.49489003e-01
    1.56969571e+00 1.31920862e+00 1.20995474e+00 2.38507405e-01
    8.47797513e-01 9.17732775e-01 1.07779729e+00 9.94466364e-01
    7.69472480e-01 1.22250211e+00 2.23822975e+00 1.47147894e+00
    3.36142659e-01 1.06129222e-01 6.86064720e-01 1.78902090e+00
    1.93670535e+00 2.29050970e+00 7.32475162e-01 1.99150276e+00
    6.19343460e-01 1.34655559e+00 -1.95171908e-01 9.00505245e-01
    -4.26253527e-01 -2.09451124e-01 3.38607401e-01 -5.42301893e-01
    1.76828623e+00 3.16511750e-01 -5.94075561e-01 1.71195185e+00
    3.98234278e-01 -3.97365093e-02 1.37224013e-03 -6.74581289e-01
    1.63110173e+00 3.29019964e-01 1.65819013e+00 -3.13012123e-01
    -2.43041012e-02 1.02101421e+00 1.15507269e+00 2.45036855e-01
    8.93655181e-01 1.15985751e+00 -2.72685528e-01 4.89328146e-01
    8.51454437e-01 1.22410083e+00 8.09560001e-01 2.10488963e+00
    1.21831679e+00 1.56450987e+00 2.25190496e+00 7.45401204e-01
    4.78541583e-01 1.65760055e-01 5.57407439e-01 9.09204602e-01
    -3.37133050e-01 9.56907630e-01 2.62972653e-01 9.04304624e-01
    -3.30788761e-01 2.39085346e-01 1.53704906e+00 3.40240538e-01
    2.74800301e-01 -2.38550797e-01 1.79782748e+00 1.51715863e+00
    6.23081923e-01 -4.78749610e-02 8.33922088e-01 1.83153272e+00
    -2.27806449e-01 1.38240719e+00 7.34310448e-01 2.05657768e+00
    1.95316708e+00 2.21233821e+00 1.30706239e+00 -4.29552943e-01
    5.85446298e-01 3.09908897e-01 3.92058864e-02 9.40918148e-01
    1.22554791e+00 -3.89085621e-01 -9.27881077e-02 -4.15494859e-01
    1.92567003e+00 1.24425983e+00 1.80762136e+00 1.20696771e+00
    -6.00756466e-01 1.33483469e-01 2.19211960e+00 5.65593958e-01
    8.50861311e-01 1.45370305e-01 1.13575196e+00 2.62923062e-01
    1.53544438e+00 -2.75776595e-01 1.38310122e+00 8.29873979e-02
    6.03570998e-01 3.97187859e-01 5.81354618e-01 3.42831165e-01
    6.00786150e-01 1.79419148e+00 9.55444038e-01 3.70814860e-01
    -6.34071708e-01 2.95368671e-01 2.00670409e+00 1.69736266e+00
    2.90003456e-02 2.11718082e-01 -5.86514354e-01 5.68834245e-01
    2.20940471e+00 1.67427492e+00 2.17533112e+00 1.00387061e+00
    1.20566070e+00 1.03071201e+00 -3.65678281e-01 -3.79642159e-01
    -5.93563378e-01 1.47897351e+00 -1.16957724e-01 2.13106537e+00
    -4.49841976e-01 1.63508606e+00 9.97472465e-01 2.09951496e+00
    -4.81623739e-01 1.65373111e+00 5.22418082e-01 1.80321944e+00
    1.53093815e+00 1.43878341e+00 -3.09645563e-01 1.21289825e+00
    -1.04483500e-01 5.64865232e-01 4.90987778e-01 1.28319383e+00
    1.21983516e+00 -2.31683984e-01 -4.40676302e-01 3.63019109e-01
    1.27832496e+00 -2.98795909e-01 1.40409982e+00 1.16175759e+00
    2.33962029e-01 1.03884196e+00 -8.72475654e-02 4.85348642e-01
    1.47162831e+00 1.98312235e+00 -4.01542455e-01 7.91498601e-01
    8.90541613e-01 6.09306216e-01 6.24705732e-01 2.01894331e+00
    2.48057514e-01 5.68771601e-01 -2.47725144e-01 2.08927059e+00
    1.15818501e-01 5.16836047e-01 1.36446404e+00 1.59241164e+00
    -3.68543386e-01 6.79487407e-01 -3.11592847e-01 1.07847595e+00
    1.65523255e+00 1.69012368e+00 1.88057745e+00 -7.05568135e-01
    1.18048763e+00 -7.56390929e-01 -5.49617887e-01 4.54879582e-01
    -1.85429737e-01 1.70521450e+00 1.89579821e+00 1.28894579e+00
    2.36133799e-01 1.30939722e-01 -5.20021737e-01 -2.60941714e-01
    1.58576047e+00 1.95355177e+00 -1.89007431e-01 -3.24700713e-01
    1.03634953e+00 2.09543872e+00 2.06817436e+00 4.16565537e-01
    -3.50634724e-01 1.20950925e+00 -5.18689275e-01 -3.41598332e-01
    -4.44579899e-01 -5.50794266e-02 1.28778383e-01 2.12768936e+00
    -3.80807012e-01 2.03417397e+00 4.55788761e-01 2.01004267e+00
    1.67302036e+00 2.09229565e+00 1.19509614e+00 9.31646109e-01
    1.47008634e+00 3.94712873e-02 -3.46225858e-01 -5.44693321e-02
    -7.35587358e-01 -5.93669713e-01 -1.06031857e-01 1.06672442e+00
    7.59394348e-01 1.67815280e+00 2.20345950e+00 8.00607726e-02
    9.86744583e-01 -4.02088672e-01 2.04201913e+00 2.10462475e+00
    -5.15466407e-02 1.58042896e+00 2.27878407e-01 1.88331723e+00
    1.80654955e+00 5.97248822e-02 7.89436460e-01 -6.77147150e-01
    6.92943156e-01 2.08212996e+00 9.41823870e-02 1.00363910e+00
    7.16498718e-02 1.54067552e+00 1.18748295e+00 1.49496555e+00
    3.40438932e-01 1.06287730e+00 -5.76822817e-01 1.37910151e+00
    1.57743847e+00 -3.09161246e-01 1.55731881e+00 -4.28634644e-01
    6.01469815e-01 -5.58791280e-01 7.52787888e-01 1.19466281e+00
    1.76900697e+00 1.33476853e+00 8.63277540e-02 1.53372025e+00
    5.60731232e-01 3.69234085e-01 2.53728721e-02 3.06614697e-01
    2.02600431e+00 2.23139644e+00 3.52053553e-01 -6.77366316e-01
    -6.64029539e-01 -5.06524183e-02 4.92365211e-01 -7.54417121e-01
    8.39690387e-01 1.26908159e+00 1.41354799e+00 2.01315761e+00
    -7.08287507e-02 6.50956452e-01 1.28304327e+00 1.57535720e+00
    1.59338725e+00 -6.98922426e-02 4.22254562e-01 3.74956340e-01
    1.97459710e+00 1.94158268e+00 2.05180407e+00 3.15635920e-01
    1.77254605e+00 2.23206973e+00 1.06410980e+00 3.68438065e-02
    -6.45790815e-01 4.22949642e-01 9.63873327e-01 6.42708480e-01
    2.06398153e+00 1.55171061e+00 -1.83474526e-01 -6.30607545e-01
    1.22795737e+00 1.25540972e+00 7.46303618e-01 1.88459516e+00
    2.07528996e+00 -2.54292071e-01 8.57253075e-01 8.45163286e-01
    2.02919078e+00 1.35603935e-01 -2.69851238e-01 -5.32038510e-01
    1.82063341e+00 -4.61174220e-01 -1.93817049e-01 1.69971192e+00
    5.15248179e-01 1.97445142e+00 1.40474647e-01 -1.76428795e-01
    -3.07956606e-01 1.52341545e+00 -6.71645463e-01 -2.47025147e-01
    6.37449995e-02 1.71959090e+00 1.28572118e+00 1.21182013e+00
    1.80480671e+00 1.27122545e+00 2.59646475e-01 1.02618814e+00
    7.23646164e-01 8.13241079e-02 2.19739437e+00 2.01167274e+00
    -2.00766429e-01 -5.89711726e-01 2.46773973e-01 7.02491403e-01
    2.02934790e+00 -3.90406996e-02 -8.11028719e-01 4.87060279e-01
    -3.76111984e-01 -8.68689716e-01 -6.39697492e-01 1.60669580e-01
    1.74397326e+00 8.48862171e-01 1.93846893e+00 -7.44616747e-01
    -1.59791484e-01 2.00503755e+00 2.58182436e-01 -3.22347134e-01
    1.76380306e-01 1.89937615e+00 -8.45255181e-02 6.42379999e-01
    1.13513482e+00 1.62627327e+00 -8.06034982e-01 1.16616189e+00
    -4.20127064e-01 -7.30426610e-01 1.33256328e+00 9.91339982e-01
    7.35615849e-01 1.67067647e-01 2.01496029e+00 -7.65663266e-01
    1.03061163e+00 5.22602379e-01 -2.78372496e-01 1.98957777e+00
    -5.21537304e-01 2.07315639e-01 1.99849141e+00 4.06977624e-01
    1.21622705e+00 1.42847538e+00 6.74999177e-01 5.73761880e-01
    -2.35669091e-01 -5.84567599e-02 5.40237725e-01 4.12411153e-01
    3.65434736e-02 -8.45088840e-01 -7.95414805e-01 2.00811052e+00
    -7.12077916e-01 7.11019099e-01 1.75432086e+00 3.44904065e-01
    1.51373804e-01 1.40612209e+00 -7.96733081e-01 4.98469353e-01
    1.57518291e+00 1.80459833e+00 -6.44267142e-01 5.16101658e-01
    2.89392173e-01 1.17952466e+00 3.01364418e-02 1.23419893e+00
    1.83439875e+00 -1.77566171e-01 -2.72850454e-01 9.27881598e-01
    -6.07595026e-01 1.59547734e+00 1.46647841e-01 9.30101573e-01
    3.32751781e-01 1.15142800e-02 3.38998377e-01 1.03465462e+00
    -2.13332847e-01 1.52660584e+00 9.31076467e-01 7.49004960e-01
    -5.18125713e-01 1.59353006e+00 1.89688039e+00 1.36010075e+00
    -1.68310255e-01 7.07147360e-01 -8.51929605e-01 1.42757154e+00
    4.53123927e-01 -1.57639444e-01 2.00471377e+00 4.73588377e-01
    -7.25783825e-01 1.81170487e+00 1.93708026e+00 1.82215607e+00
    -6.02455914e-01 1.01050925e+00 2.03488731e+00 -2.45768532e-01
    7.75833309e-01 3.69287401e-01 1.48439813e+00 -3.87862027e-01
    1.21041514e-01 1.30863822e+00 4.02776450e-01 2.09030464e-01
    1.74297333e+00 4.56440486e-02 1.43535304e+00 7.45261073e-01
    4.14280832e-01 6.67710423e-01 1.18231416e+00 6.24031993e-04
    1.21484828e+00 3.08327734e-01 4.21079069e-01 -5.61280310e-01
    7.25549579e-01 -1.60141408e-01 1.04311121e+00 3.51296598e-03
    1.39606917e+00 -7.66891301e-01 -5.09227335e-01 3.27829778e-01
    1.59552705e+00 3.97801071e-01 5.53486943e-01 3.20940502e-02
    1.73706973e+00 1.22481751e+00 -6.89050078e-01 5.26278913e-01
    -6.78281546e-01 9.67616677e-01 1.81992567e+00 1.30022025e+00
    1.21965313e+00 1.06168163e+00 1.10797775e+00 1.05718529e+00
    2.05236125e+00 -5.41381061e-01 1.39138424e+00 -7.86498606e-01
    -3.54083419e-01 -4.90620971e-01 3.52655202e-01 9.41562176e-01
    1.17369604e+00 3.99176955e-01 1.99552262e+00 6.43547237e-01
    1.54409420e+00 5.75924754e-01 5.78431547e-01 4.16011930e-01
    1.55130816e+00 1.25082791e-01 4.38667864e-01 -7.70043790e-01
    -6.85110271e-01 2.74146169e-01 1.83420718e+00 6.82623088e-01
    1.39871621e+00 -2.67783910e-01 -3.96247327e-01 -1.82371080e-01
    1.94421971e+00 -6.16374314e-01 -6.67522550e-01 1.97086668e+00
    8.14092338e-01 -7.34491944e-01 3.95474970e-01 7.62932420e-01
    -2.69398075e-02 7.47498721e-02 -3.44023526e-01 1.82758892e+00
    7.50155866e-01 -2.05050632e-01 1.13701153e+00 1.31133318e+00
    1.63971174e+00 1.35641718e+00 1.85764229e+00 -2.48792529e-01
    1.99247706e+00 1.64064395e+00 7.65679896e-01 -3.34158950e-02
    8.84085178e-01 7.30919361e-01 1.80497611e+00 -2.28882626e-01
    1.63715315e+00 -7.88297653e-01 2.83427425e-02 1.69207543e-01
    -5.28240323e-01 1.03457344e+00 1.34368205e+00 1.43130338e+00
    3.73286381e-02 -6.86044037e-01 4.39154506e-01 1.47252810e+00
    -9.48669165e-02 3.37701648e-01 -7.52781853e-02 2.09606186e-01
    -6.37899697e-01 -7.16195166e-01 2.00803375e+00 1.52765441e+00
    1.79235446e+00 -5.23941040e-01 6.46251440e-01 1.32105315e+00
    -7.01272130e-01 -2.35716894e-01 1.88011956e+00 1.78769326e+00
    1.63333488e+00 9.98196006e-01 8.72492194e-02 1.14183462e+00
    8.89381841e-02 1.51641047e+00 -3.34731936e-01 2.03399110e+00
    5.87862670e-01 -7.41670489e-01 1.72960114e+00 -7.10219800e-01
    1.64879000e+00 1.87944996e+00 1.07326865e+00 1.26483154e+00
    4.20769751e-01 -1.87957138e-01 -1.90844044e-01 2.08884740e+00
    1.50659895e+00 1.99019921e+00 -7.39820659e-01 -5.12087882e-01
    1.01486731e+00 1.77950501e+00 5.98384619e-01 7.49577761e-01
    -1.92717806e-01 1.16552532e+00 1.20631516e+00 1.50877774e+00
    -3.00839841e-02 -4.03337687e-01 1.69159567e+00 -7.60266602e-01
    8.40128005e-01 -4.77283537e-01 3.69339168e-01 -5.08118749e-01
    1.52068889e+00 1.58485544e+00 1.42861521e+00 1.13207579e+00
    6.49650156e-01 7.64247417e-01 -4.30126876e-01 1.66224372e+00
    7.68983305e-01 1.73302442e-01 1.09532523e+00 -1.60218507e-01
    2.14870930e-01 5.27545154e-01 3.66705537e-01 1.24092773e-01
    1.57825041e+00 7.34904945e-01 1.68783653e+00 1.11409163e+00
    4.75201577e-01 1.17299962e+00 -4.65648293e-01 3.58873069e-01
    -4.28970367e-01 1.83676827e+00 -3.08551162e-01 -1.77192792e-01
    8.96721706e-02 -2.09475189e-01 -3.83712560e-01 1.63899434e+00
    -6.85963511e-01 1.53357780e+00 1.40499675e+00 1.09064691e-01
    -2.72050574e-02 -2.20118780e-02 3.65552276e-01 5.24871528e-01
    5.61174870e-01 2.54986405e-01 1.69209909e+00 9.15631831e-01
    -9.72513020e-01 1.08857298e+00 4.35760856e-01 7.55966976e-02
    6.62061155e-01 9.11132544e-02 9.26681682e-02 3.85978878e-01
    4.03780043e-02 1.77211273e+00 3.61487299e-01 1.34586358e+00
    4.57367629e-01 1.43055046e+00 7.57417500e-01 -2.67504513e-01
    1.02128875e+00 1.87481904e+00 1.85562775e-01 2.55641609e-01
    -6.10004246e-01 1.80240178e+00 1.43491551e-01 1.48901594e+00
    -1.26822710e-01 -1.01958013e+00 4.06896085e-01 -4.81002629e-01
    -6.05016291e-01 1.44578350e+00 -6.29048705e-01 4.71710771e-01
    6.82484329e-01 9.32238638e-01 1.09233463e+00 6.51051879e-01
    9.19838175e-02 1.06024158e+00 7.00891495e-01 1.37653458e+00
    -5.32639623e-01 1.69883311e+00 6.30079806e-01 9.56089869e-02
    8.79760265e-01 -6.37401164e-01 4.10611540e-01 1.65251791e-01
    -3.26953381e-01 -3.45130950e-01 -7.19089389e-01 -1.31225258e-01
    4.01385933e-01 1.87566802e-01 5.25590956e-01 4.93260384e-01
    3.21565181e-01 -4.21847016e-01 2.67191641e-02 1.70653164e+00
    -4.33755249e-01 -1.55655876e-01 1.57477045e+00 -6.25079334e-01
    8.18452477e-01 1.03352749e+00 -2.61874311e-03 -9.53096867e-01
    3.44126850e-01 5.42854905e-01 1.44296777e+00 6.06337607e-01
    -8.76303077e-01 1.43991828e+00 2.82657802e-01 -1.23842567e-01
    1.90398836e+00 1.25844419e+00 1.14301884e+00 -2.26636067e-01
    -6.54547334e-01 2.74449468e-01 -6.52737260e-01 1.47153437e+00
    -4.30752218e-01 -8.45746636e-01 8.06973994e-01 -5.88378370e-01
    1.44095826e+00 1.86049521e+00 1.84713101e+00 -9.48103741e-02
    -5.17765105e-01 1.40414178e+00 1.60022402e+00 8.25450182e-01
    1.50752509e+00 1.50494206e+00 6.30781054e-01 1.14272940e+00
    1.28349090e+00 -4.44912821e-01 5.12109876e-01 1.63578284e+00
    4.06359658e-02 1.60759652e+00 9.68105674e-01 -2.91687608e-01
    1.64839447e+00 1.58686554e+00 1.89934850e+00 1.76429057e+00
    3.10856640e-01 4.32924211e-01 6.75530136e-01 1.37536848e+00
    8.97872627e-01 -6.15110040e-01 -5.54832041e-01 4.30689342e-02
    4.28105533e-01 -1.94628909e-01 1.34911323e+00 1.36557782e+00
    4.80914354e-01 2.96964079e-01 9.69697088e-02 5.51780999e-01
    1.43570065e+00 1.89164913e+00 1.15505493e+00 1.52721906e+00
    -9.06582713e-01 1.02385437e+00 1.73497391e+00 2.39483297e-01
    -6.03304468e-02 -6.69041336e-01 5.35634995e-01 7.78462946e-01
    -7.38121569e-01 1.17652512e+00 9.35376108e-01 1.63272631e+00
    9.99823153e-01 4.97704178e-01 1.31206203e+00 7.96078086e-01
    9.45020199e-01 2.51530617e-01 8.16114485e-01 -5.25807679e-01
    1.73289251e+00 1.40639007e+00 1.01523626e+00 1.22975051e+00
    -7.85997570e-01 -1.74578235e-01 3.22994977e-01 -7.98270643e-01
    1.75809598e+00 -7.57460952e-01 1.83112144e+00 1.47722220e+00
    -1.01360351e-01 -1.12337053e-01 2.59342045e-01 -7.78994143e-01
    2.07129931e+00 -2.35972524e-01 -5.73313236e-01 -5.42059004e-01
    8.34269106e-01 -1.58912599e-01 1.72221947e+00 1.10881722e+00
    -5.41437507e-01 1.16904736e+00 1.64001298e+00 1.35891318e+00
    1.29060447e-01 5.84250093e-01 -7.24186599e-01 -6.32204860e-02
    -5.00593007e-01 8.72215569e-01 2.26470804e+00 8.75896990e-01
    -2.58269578e-01 2.20868781e-01 9.32535827e-01 3.41507167e-01
    -4.83597554e-02 -3.66988242e-01 1.07017541e+00 -3.08572173e-01
    5.98746896e-01 1.20725870e+00 1.83116531e+00 6.19430363e-01
    1.11736566e-01 -4.39729989e-01 1.66466308e+00 1.66992307e+00
    3.10477287e-01 1.02016583e-01 3.74095887e-01 1.43012738e+00
    2.50034899e-01 2.14412466e-01 -7.29967535e-01 8.69829416e-01
    -2.24485219e-01 -5.16116321e-01 3.21374476e-01 1.11240482e+00
    -7.86880434e-01 2.16308475e-01 -3.36660922e-01 1.63591886e+00
    1.61502242e+00 1.53071773e+00 1.62354410e+00 3.59319448e-01
    -7.99810171e-01 7.79422998e-01 -9.63416576e-01 -9.69579160e-01
    1.51014209e+00 -1.72200948e-01 1.00675297e+00 8.34674895e-01
    4.23020750e-01 -6.77395284e-01 1.86883545e+00 -5.59593022e-01
    -1.95325688e-01 -4.62120414e-01 9.06214714e-01 5.71900487e-01
    6.60505593e-02 9.24577296e-01 -8.91855955e-01 -3.45695257e-01
    -5.03248632e-01 -7.64261723e-01 9.82253253e-01 -3.59755576e-01
    -3.23640972e-01 1.84315598e+00 -6.26017511e-01 -3.07489634e-01
    1.37408018e+00 1.39318347e+00 1.82090116e+00 8.09754908e-01
    1.58566499e+00 1.27381694e+00 1.21516395e+00 -2.24058740e-02
    -1.55641019e-01 1.14657938e+00 3.01475137e-01 -6.80521786e-01
    1.84315503e+00 1.04358292e+00 1.15765107e+00 -2.03008920e-01
    -5.26486576e-01 -5.36527634e-01 2.56300539e-01 6.73665106e-01
    -3.53547037e-01 6.64505303e-01 -7.16547310e-01 -7.93245435e-01
    3.46261024e-01 1.75033405e-01 1.66164899e+00 1.87345004e+00
    -8.86744320e-01 -7.12209463e-01 1.29528069e+00 -3.97837192e-01
    5.32710910e-01 5.80144584e-01 1.83278334e+00 9.30157065e-01
    1.46943116e+00 1.01669323e+00 1.00240231e+00 -1.64936468e-01
    1.39900768e+00 -1.48680836e-01 1.42513227e+00 1.69254076e+00
    6.14914000e-01 8.15814853e-01 1.88143685e-01 -8.89969766e-01
    -2.21370399e-01 1.48134935e+00 5.30344903e-01 1.29827666e+00
    1.26852298e+00 -4.35483791e-02 -3.18498492e-01 -8.01638901e-01
    1.24025440e+00 1.51103720e-01 1.78183556e+00 5.51129699e-01
    1.33328915e-01 6.35481000e-01 4.90395129e-01 1.39008844e+00
    1.17320144e+00 -8.60271335e-01 2.26657689e-01 -7.67360151e-01
    4.94542420e-01 3.36177796e-01 5.60680568e-01 2.54558414e-01
    5.79725146e-01 -4.47087407e-01 -1.09791651e-01 1.45725775e+00
    -9.36405301e-01 1.89620674e+00 -7.08125710e-01 6.74994439e-02
    1.40978837e+00 1.30760074e+00 -1.09118626e-01 9.44382548e-01
    -5.96085608e-01 2.92157829e-01 5.32324374e-01 1.43701351e+00
    -9.09015417e-01 1.64713669e+00 1.39248109e+00 -5.40317953e-01
    9.30903614e-01 1.74543869e+00 5.83316505e-01 -6.96887136e-01
    1.01815224e-01 1.73432398e+00 2.83998758e-01 1.61246136e-01
    6.72566891e-01 3.00474018e-01 1.76049292e+00 -4.69812721e-01
    5.16301274e-01 6.29493952e-01 -3.85462224e-01 1.25210786e+00
    9.14073607e-04 2.97060847e-01 7.79725790e-01 1.75860035e+00
    -1.46745518e-01 -8.09424743e-02 6.74179941e-02 -8.91662121e-01
    -6.41187251e-01 -4.94765013e-01 -7.17642009e-01 -5.56637526e-01
    1.14442515e+00 -4.28790629e-01 1.90359819e+00 6.65320218e-01
    -7.16171086e-01 5.84726870e-01 -1.48013696e-01 -5.85186362e-01
    1.19376123e+00 7.19544053e-01 2.05750322e+00 3.61220092e-01
    5.77029943e-01 4.03229326e-01 1.08817148e+00 1.82620275e+00
    1.22373927e+00 8.31458807e-01 1.40757787e+00 6.01794958e-01
    6.72071338e-01 -5.75902164e-01 8.60619485e-01 1.53814089e+00
    -7.13487267e-01 1.05854642e+00 -9.34841782e-02 -4.89758044e-01
    1.93325126e+00 2.28693977e-01 4.45778631e-02 -4.21086907e-01
    1.95693898e+00 -2.38897309e-01 -3.31660658e-01 -2.73861349e-01
    7.05637813e-01 2.82191262e-02 -9.23562288e-01 3.51139188e-01
    4.56348896e-01 1.89416039e+00 1.93948245e+00 1.45087302e+00
    2.37737283e-01 1.36099589e+00 6.48886800e-01 1.92925584e+00
    -9.13195431e-01 -7.54791796e-01 -6.64565742e-01 9.15456861e-02
    -4.41543519e-01 1.60481095e+00 1.02621660e-01 -3.87153983e-01
    1.56235576e+00 4.00019586e-01 6.41254544e-01 4.31117713e-01
    -5.03477812e-01 -6.97566509e-01 -1.74523547e-01 -3.94617379e-01
    1.09909284e+00 -1.64588749e-01 -1.70783430e-01 -5.33729792e-01
    -3.16961147e-02 1.62372148e+00 -4.97351706e-01 8.61395150e-02
    1.71059549e+00 2.10681748e+00 5.59111178e-01 1.96114421e+00
    5.27278543e-01 -7.39335835e-01 -3.77718776e-01 8.24894667e-01
    -1.25908688e-01 1.62545037e+00 1.83063221e+00 9.13063765e-01
    1.65707874e+00 -1.61107942e-01 7.16472924e-01 -2.74586171e-01
    1.22369242e+00 1.46302366e+00 -1.51381582e-01 -2.10160926e-01
    3.33794892e-01 -2.37446174e-01 1.68681669e+00 -7.54111469e-01
    1.27835321e+00 1.29852664e+00 9.70912218e-01 6.66237950e-01
    1.71847498e+00 6.44801795e-01 4.50657517e-01 -9.14651096e-01
    -1.79524824e-01 8.14319849e-02 1.62960202e-01 -5.48503757e-01
    4.28844452e-01 1.92915928e+00 -3.43888938e-01 8.36323857e-01
    1.25612509e+00 -1.70919802e-02 1.63323426e+00 -7.40801394e-01
    -9.48545039e-02 -7.29750335e-01 -2.27383673e-01 -7.62425900e-01
    1.71153533e+00 -7.94714332e-01 -6.90777838e-01 1.20956272e-01
    3.55086684e-01 -4.54317093e-01 1.30929396e-01 3.10944375e-02
    1.83087540e+00 1.78857684e+00 1.62871325e+00 -4.32619959e-01
    -7.95002222e-01 1.81088901e+00 2.53431141e-01 -1.59162670e-01
    -1.51489861e-02 7.92674541e-01 1.13149869e+00 3.66472602e-01
    6.62217438e-01 -7.99053133e-01 1.01715779e+00 3.64623591e-02
    3.05646211e-01 3.48674595e-01 -9.26709533e-01 1.53916526e+00
    1.08857930e+00 4.88209218e-01 8.18720460e-01 -7.25657046e-01
    -5.48156440e-01 1.14192039e-01 2.80910909e-01 1.86365867e+00
    1.40012872e+00 1.33651042e+00 -4.28267241e-01 -4.84155238e-01
    -2.72418827e-01 1.01763046e+00 -3.76803637e-01 1.80283582e+00
    5.86046994e-01 1.56610048e+00 -5.99403679e-01 1.46274328e+00
    1.92754960e+00 3.50085139e-01 -3.53497535e-01 -5.35957098e-01
    7.28117704e-01 -4.32620615e-01 1.55768359e+00 1.58450663e+00
    1.82014894e+00 -4.57150906e-01 1.78824461e+00 -1.12996012e-01
    4.65090573e-01 1.44856143e+00 6.62443459e-01 -7.68847942e-01
    -6.70251846e-01 1.22489130e+00 -2.08999775e-02 1.77951205e+00
    1.79404581e+00 1.36264110e+00 -1.44244194e-01 1.31435263e+00
    1.55434692e+00 7.66019344e-01 1.89728189e+00 -8.46089482e-01
    5.22851884e-01 5.33726871e-01 -6.30266607e-01 2.50025094e-01
    1.18866897e+00 1.27046442e+00 4.46344733e-01 1.79408383e+00
    4.05519128e-01 1.31960082e+00 1.56955063e+00 2.77837783e-01
    -8.35323334e-01 2.07662195e-01 6.54214203e-01 -2.75978714e-01
    1.68495774e+00 6.02777243e-01 1.88597298e+00 1.66859376e+00
    1.03832603e+00 1.48164701e+00 1.67780268e+00 -4.06508222e-02
    -6.34999573e-01 3.44507635e-01 -4.29730892e-01 -8.62952769e-01
    9.96665418e-01 6.98863685e-01 8.68274927e-01 4.09493417e-01
    8.66329789e-01 -7.74419427e-01 3.65120977e-01 1.78060269e+00
    2.16311216e-01 -7.21416771e-01 3.41892876e-02 1.69857776e+00
    6.59267366e-01 1.04140186e+00 9.29789126e-01 -5.38468540e-01
    9.53454912e-01 2.11940154e-01 1.43222004e-01 2.68837392e-01
    5.22614956e-01 1.80444360e+00 -8.43773961e-01 -2.92300910e-01
    -8.05716217e-01 1.97186601e+00 3.00035924e-01 1.65411913e+00
    1.16684628e+00 -8.43198955e-01 9.66665924e-01 1.43072295e+00
    1.44167721e+00 -5.86851418e-01 1.82628930e+00 1.45384049e+00
    5.19767284e-01 2.21760981e-02 7.86868036e-01 1.73281157e+00
    6.83077574e-01 1.74821222e+00 -6.21999443e-01 -3.83447230e-01
    -3.01216263e-02 9.92609143e-01 3.21083158e-01 4.33423251e-01
    -9.24545348e-01 5.09602763e-02 -1.03979543e-01 -9.71975386e-01
    1.36338997e+00 6.70586348e-01 7.34326303e-01 -3.95200312e-01
    -1.79662734e-01 -3.50379765e-01 6.51994199e-02 1.41079617e+00
    -8.56851637e-01 -7.57338822e-01 1.58280230e+00 1.08624136e+00
    1.17416167e+00 -3.74583453e-01 -2.83419132e-01 3.51212472e-01
    -4.85478312e-01 -4.14003469e-02 9.05432642e-01 8.96296442e-01
    1.56521475e+00 -6.65272892e-01 1.34580696e+00 1.64443254e-01
    7.97963321e-01 4.94007021e-01 3.54986995e-01 9.43267226e-01
    -5.26869953e-01 1.41610789e+00 1.89368188e+00 1.76878846e+00
    1.27638137e+00 1.10021210e+00 2.43624642e-01 -7.59170949e-02
    -4.28705424e-01 -7.62298405e-01 1.53271711e+00 -9.98800397e-01
    7.95095682e-01 1.38247013e+00 -2.10679308e-01 5.50304294e-01
    2.72024184e-01 1.13115239e+00 1.14641845e+00 4.30754930e-01
    1.54655457e+00 1.47051644e+00 2.28148341e+00 1.88146555e+00
    1.87441003e+00 1.22652185e+00 2.00276566e+00 8.59664500e-01
    1.12884605e+00 -8.09813380e-01 -6.27256215e-01 -2.84231961e-01
    3.69864047e-01 1.15681738e-01 5.04170060e-01 2.33805731e-01
    -7.54903078e-01 -7.87336528e-01 1.87439644e+00 7.93203115e-01
    9.94677544e-01 -3.64927858e-01 1.73980606e+00 1.36039829e+00
    4.81422156e-01 1.48314285e+00 1.46406114e+00 8.40568125e-01
    6.61559522e-01 -8.66842091e-01 1.87762642e+00 1.21581697e+00
    1.23199856e+00 1.40527344e+00 -5.75679183e-01 1.75671446e+00
    -3.75678480e-01 1.25435865e+00 -2.67229110e-01 2.38429442e-01
    7.85944879e-01 1.26405644e+00 -2.34238148e-01 9.70507085e-01
    1.32304299e+00 9.61140394e-01 1.43529356e+00 -4.51828599e-01
    -8.95145595e-01 3.08602959e-01 1.56521451e+00 1.06057310e+00
    -9.09395441e-02 -4.31958679e-03 9.74929571e-01 3.08148265e-01
    1.40333855e+00 6.57774806e-01 -5.60495138e-01 -3.44290107e-01
    1.74491513e+00 1.74955952e+00 1.25717998e+00 1.33368647e+00
    7.31037557e-01 -5.62110066e-01 8.80248964e-01 -1.42638739e-02
    6.74467266e-01 -4.99792427e-01 5.85106969e-01 1.77273786e+00
    8.06476116e-01 1.62481022e+00 1.14203990e+00 -5.16467154e-01
    9.14678633e-01 -6.14686430e-01 -8.20131183e-01 -2.03141183e-01
    1.30432320e+00 1.23869741e+00 1.83291531e+00 8.49156976e-01
    1.42391479e+00 -6.28991544e-01 1.56432140e+00 1.03061426e+00
    1.23965874e-01 1.15837336e+00 3.18059921e-01 1.09370446e+00
    -5.65533638e-01 9.73169208e-01 1.47740841e+00 1.06260931e+00
    1.01347315e+00 -8.89692068e-01 2.90469766e-01 9.18509662e-01
    8.83571059e-02 1.78560531e+00 -8.10995042e-01 6.05312586e-01
    9.34013069e-01 -8.38439584e-01 -6.38015389e-01 -1.01068580e+00
    1.47931814e-01 -9.92749274e-01 3.85597467e-01 5.85254967e-01
    7.21283138e-01 1.08237255e+00 9.28087533e-01 1.64179254e+00
    3.09973229e-02 1.35472739e+00 1.04170062e-01 2.68823713e-01
    -3.63033801e-01 1.41518259e+00 1.12546003e+00 6.60803199e-01
    1.44224659e-01 1.28601682e+00 1.06660581e+00 1.00339845e-01
    4.24690872e-01 1.22281325e+00 -7.13003755e-01 8.18526372e-02
    -3.24531555e-01 1.40101910e+00 1.70531034e+00 -7.48746037e-01
    9.24232304e-01 9.07444477e-01 2.68347383e-01 -8.31101596e-01
    1.83427656e+00 9.62410867e-01 1.67599583e+00 3.67404372e-01
    1.14678419e+00 -1.53171077e-01 1.45421565e+00 -7.95768127e-02
    1.89451015e+00 6.01162203e-02 1.80237502e-01 1.27835739e+00
    -6.46487832e-01 1.29830706e+00 -2.24049445e-02 -4.78144020e-01
    -2.56109357e-01 -5.75165689e-01 2.69748628e-01 -8.01884651e-01
    1.05879259e+00 1.36448324e+00 -6.93588912e-01 -1.36270091e-01
    2.12502450e-01 1.56321144e+00 8.49469006e-01 -3.96923453e-01
    -3.99519116e-01 -6.20216906e-01 1.59675360e+00 6.05154969e-02
    -2.90634364e-01 -7.29637623e-01 -7.51766264e-01 1.54089868e+00
    1.76322651e+00 3.10960084e-01 9.18029964e-01 3.38965446e-01
    -7.33683765e-01 7.37846613e-01 1.25881720e+00 7.49977350e-01
    1.68840253e+00 -4.98576015e-02 -2.15291843e-01 1.99655831e-01
    -2.86128789e-01 1.71902144e+00 -3.44032079e-01 5.91980457e-01
    1.35337124e-02 2.69362837e-01 6.44637048e-01 1.54485059e+00
    8.66140604e-01 4.15224910e-01 -1.86334252e-01 9.30266857e-01
    1.02445602e+00 -7.37081289e-01 9.24771845e-01 -5.52221894e-01
    1.30648494e+00 -3.18993002e-01 5.50685935e-02 4.41238046e-01
    -4.65273112e-01 -1.86848432e-01 2.56119937e-01 1.65970075e+00
    1.17021930e+00 1.75885391e+00 -6.99310422e-01 1.88119411e+00
    -4.36920434e-01 2.19212577e-01 1.07231152e+00 -4.68935579e-01
    1.58798897e+00 -1.71851575e-01 5.11265844e-02 3.68626088e-01
    1.90516543e+00 -1.34631112e-01 6.02530658e-01 5.48616409e-01
    1.97262871e+00 -4.44405377e-02 -9.89686906e-01 3.69987696e-01
    7.39876986e-01 5.84595084e-01 2.89783418e-01 -8.12933147e-01
    -3.74499887e-01 1.70520651e+00 -9.77044821e-01 1.90212798e+00
    8.86878133e-01 1.33410656e+00 1.03116542e-01 -2.68930107e-01
    1.08218241e+00 9.22002435e-01 2.53239959e-01 1.51076806e+00
    -7.65535003e-03 1.23485637e+00 1.74252403e+00 1.40817571e+00
    1.33134067e+00 -5.21989226e-01 5.54118097e-01 -8.65269840e-01
    -3.08587700e-01 1.42571211e+00 1.93187881e+00 1.79901242e+00
    1.44684350e+00 1.82334089e+00 -2.66128808e-01 1.70751250e+00
    1.56589901e+00 1.79374978e-01 -5.08779943e-01 1.28422037e-01
    1.57024157e+00 1.35383928e+00 1.53916681e+00 1.01068366e+00
    -5.51926434e-01 8.25402856e-01 1.33878624e+00 -7.82771170e-01
    -1.51813030e-01 -5.98613977e-01 -3.33705097e-01 -2.50528723e-01
    -1.62487030e-01 6.86015010e-01 1.16730392e+00 1.67921090e+00
    9.84548211e-01 2.64831334e-01 -4.78785843e-01 -9.17388126e-02
    1.50850153e+00 4.85477328e-01 -6.24153018e-01 5.35637558e-01
    3.16738784e-01 -7.90637016e-01 1.19900620e+00 -7.26586282e-02
    -5.76354265e-01 -5.25540948e-01 1.03449404e+00 1.45870852e+00
    6.08273625e-01 -2.49941528e-01 1.97004998e+00 -6.58568859e-01
    -8.99438560e-01 6.79607034e-01 -8.39947522e-01 6.48041546e-01
    1.27067161e+00 8.39164257e-01 1.99576616e+00 1.35429180e+00
    1.74398124e+00 9.39003304e-02 -7.43039131e-01 1.71039093e+00
    1.17129266e+00 1.99628007e+00 -7.29352757e-02 -5.25548577e-01
    1.07695436e+00 -6.80433035e-01 -1.62286729e-01 -3.12578827e-01
    5.90890110e-01 3.70883107e-01 5.62089324e-01 1.24863982e+00
    1.02555311e+00 9.60572779e-01 1.36402667e+00 -1.80604294e-01
    1.66572642e+00 -1.66058540e-01 1.74502528e+00 1.04818058e+00
    1.82106602e+00 1.59249854e+00 -4.18122023e-01 7.87437677e-01
    1.03901111e-01 1.75575328e+00 -4.69019413e-01 -6.22273862e-01
    -2.76387006e-01 -2.15186417e-01 -3.02655905e-01 1.71375632e+00
    1.80529630e+00 6.75459445e-01 9.29555178e-01 6.61991954e-01
    1.55501828e-01 1.62747955e+00 6.68626785e-01 2.59071793e-02
    -3.75216126e-01 -8.69103491e-01 -6.21886313e-01 1.99662602e+00
    1.40354371e+00 2.15572149e-01 1.64844620e+00 1.53963530e+00
    8.55571866e-01 2.28673548e-01 7.33348846e-01 2.58060575e-01
    -9.19616997e-01 -8.88730645e-01 1.34176064e+00 1.69269621e+00
    7.10462630e-01 -1.32409448e-03 1.03127964e-01 5.02547681e-01
    1.13433421e+00 -5.16671538e-01 -4.97339398e-01 -4.34551924e-01
    -7.31869280e-01 1.85005414e+00 -2.96077996e-01 1.68983006e+00
    -6.43719673e-01 8.34013343e-01 5.23863494e-01 -1.97548922e-02
    1.65736604e+00 -2.51439288e-02 6.90634668e-01 1.69385254e+00
    1.92697421e-02 5.33981740e-01 -2.43134692e-01 1.46822321e+00
    1.95150268e+00 1.58112609e+00 8.85697246e-01 9.26763356e-01
    -1.37072653e-01 8.37028027e-02 -5.63611448e-01 -6.30525231e-01
    1.83144733e-02 3.91771346e-01 1.43411517e+00 1.71901977e+00
    -8.23194444e-01 3.92089337e-01 4.49161261e-01 1.09770501e+00
    6.92532122e-01 1.79904580e+00 1.28514123e+00 6.85921729e-01
    -1.62130803e-01 1.10035038e+00 -2.30328530e-01 2.30545118e-01
    -9.03538227e-01 9.04122710e-01 1.31835956e-02 2.33371437e-01
    -8.62082660e-01 6.70880675e-01 -6.41410410e-01 4.13451456e-02
    1.19199932e+00 1.38529062e+00 -5.90290844e-01 1.78084242e+00
    -3.87174487e-02 -3.47741872e-01 4.92884219e-01 9.08647120e-01
    7.15894580e-01 -6.94787145e-01 1.46623135e+00 -8.24020147e-01
    1.54510379e+00 -8.06129575e-01 5.35904944e-01 -1.49369434e-01
    6.83426440e-01 1.46539688e+00 -1.77022144e-01 -7.05953658e-01
    8.15387726e-01 -4.83137608e-01 -6.92076206e-01 1.56070352e-01
    -9.02957141e-01 1.01081893e-01 4.64295805e-01 1.34003270e+00
    -4.20361102e-01 4.62790966e-01 -7.45644867e-01 -8.18820074e-02
    9.80761349e-01 -1.33856401e-01 2.03311384e-01 1.58701193e+00
    -2.98608422e-01 8.04584920e-01 6.61783993e-01 1.38713729e+00
    -2.21204087e-02 9.54986691e-01 -1.89561069e-01 1.39332259e+00
    -3.92245650e-01 -6.61790133e-01 1.08764255e+00 1.10313475e+00
    -3.74439448e-01 1.42703295e+00 -5.29430509e-01 3.79574895e-01
    3.11185956e-01 4.36762452e-01 -8.39227617e-01 1.97704661e+00
    -2.66484190e-02 2.17909619e-01 -4.11924094e-01 1.44561291e+00
    -8.66756812e-02 -7.14432359e-01 1.38724709e+00 6.79942489e-01
    -8.07167411e-01 -1.90995969e-02 -2.64569938e-01 1.48478901e+00
    8.71161520e-01 7.57018805e-01 1.35801673e+00 1.37446499e+00
    -1.84483603e-01 -9.78694856e-01 -2.56801635e-01 1.85151339e+00
    1.05516768e+00 -3.72636408e-01 8.03969562e-01 -7.33721077e-01
    -3.48024815e-01 1.99451578e+00 8.44416440e-01 -8.61348137e-02
    8.44170868e-01 4.04330254e-01 6.02788329e-01 -2.03641579e-01
    5.95569015e-01 1.54183877e+00 -9.82403830e-02 -2.77280003e-01
    8.16756606e-01 1.78369570e+00 1.63116372e+00 -9.59169790e-02
    -2.69832741e-02 1.31890428e+00 -1.00358403e+00 1.59950912e+00
    -7.12939560e-01 8.12410057e-01 -4.79324669e-01 8.84538814e-02
    1.86505473e+00 1.34991574e+00 9.41402256e-01 3.51265967e-01
    -2.01804966e-01 -6.66474879e-01 2.22427607e-01 1.20185888e+00
    2.47241318e-01 -3.97829831e-01 -7.43067682e-01 -3.40137631e-01
    3.23548466e-01 -9.22168195e-01 -3.77368003e-01 1.09804344e+00
    8.67043018e-01 1.07383263e+00 1.23067641e+00 3.16986442e-01
    4.27031964e-01 -9.15482342e-01 -6.63324952e-01 4.53566432e-01
    1.27279305e+00 1.33337724e+00 8.91482890e-01 1.84212017e+00
    9.02810134e-03 1.76012862e+00 3.02203327e-01 -3.50833833e-01
    1.32697546e+00 1.57146597e+00 -6.32575333e-01 7.52264798e-01
    -4.34611559e-01 1.13591838e+00 5.92200458e-01 -7.98478723e-01
    1.79791367e+00 1.25668514e+00 -1.87527582e-01 1.80353844e+00
    -3.19263525e-02 9.66361940e-01 9.98134017e-01 8.90379548e-01
    3.16674024e-01 2.08255172e-01 1.08923090e+00 1.33367443e+00
    3.81265253e-01 1.31949353e+00 1.48988569e+00 3.01972181e-01
    8.91605377e-01 7.01912045e-01 6.05025768e-01 1.48713470e+00
    1.83798122e+00 -9.35580194e-01 1.60624325e+00 1.38023591e+00
    1.83472204e+00 -6.72634244e-01 -8.88559699e-01 8.21412206e-02
    5.07994652e-01 -7.01251030e-01 6.60151422e-01 3.51107359e-01
    -4.68765855e-01 -6.81942523e-01 1.39328302e-03 -8.08398798e-02
    1.92984307e+00 1.57737350e+00 8.05188417e-01 -5.42748988e-01
    9.66693938e-01 -8.00935388e-01 -5.18200874e-01 -1.25039223e-04
    -9.20919001e-01 3.57311547e-01 3.32721502e-01 1.46425402e+00
    1.44857872e+00 1.39800727e+00 -7.26899564e-01 -3.94487441e-01
    5.57450019e-02 2.00829148e+00 5.67740381e-01 5.75627506e-01
    1.98426580e+00 3.39299321e-01 2.02407312e+00 1.24669790e+00
    -2.34021217e-01 -6.66499615e-01 2.67904580e-01 7.89267942e-02
    -6.98632240e-01 -7.66212821e-01 1.89728689e+00 -5.83500087e-01
    1.65911686e+00 -4.08177227e-01 1.17299843e+00 7.69583166e-01
    1.15072608e+00 -7.99090147e-01 8.28848481e-01 1.27831471e+00
    2.75272876e-01 -8.55908394e-01 2.92290375e-02 4.98976856e-02
    -9.62881565e-01 2.27334276e-02 4.79806632e-01 1.34360480e+00
    1.24864733e+00 1.67366564e+00 8.73893738e-01 2.89177865e-01
    4.92349386e-01 -3.90990712e-02 5.13291121e-01 -7.96481252e-01
    1.64070714e+00 1.92856357e-01 -8.60456109e-01 8.21376145e-01
    5.34557700e-01 -4.49650288e-01 1.16249967e+00 1.32328987e+00
    -8.09455216e-01 -9.82381701e-02 3.43643993e-01 1.84802413e+00
    1.77850306e+00 5.78519881e-01 -3.75896573e-01 5.15679240e-01
    -8.07185829e-01 -6.62419975e-01 4.36024517e-01 8.60866189e-01
    3.26060355e-01 1.90784740e+00 -1.82846397e-01 4.43615884e-01
    -7.09513724e-01 3.16254228e-01 -5.32110393e-01 1.72904944e+00
    2.04205573e-01 -3.19615990e-01 1.47660947e+00 -9.53389049e-01
    -4.03223634e-01 1.43138278e+00 5.58667123e-01 3.05731982e-01
    1.05687799e-02 2.00354958e+00 6.73421502e-01 2.66080558e-01
    5.26958108e-01 -2.88422734e-01 -4.03768003e-01 6.47351146e-01
    1.82609904e+00 2.51949519e-01 1.38850570e+00 3.19074124e-01
    -1.83096170e-01 6.18306577e-01 -8.71842325e-01 5.83329201e-01
    1.55060971e+00 1.01640537e-01 3.88161153e-01 1.43687034e+00
    1.64763451e+00 -2.27437597e-02 1.07158792e+00 -2.12727293e-01
    8.36308420e-01 -5.59762359e-01 -3.94355923e-01 -1.01972874e-02
    5.52349508e-01 9.77663100e-01 5.88542163e-01 -4.73832011e-01
    3.41305137e-01 1.69896901e+00 1.53557503e+00 -5.61182141e-01
    1.46834767e+00 -1.17048040e-01 4.23812747e-01 8.30609918e-01
    1.13810754e+00 -4.37581271e-01 1.37011254e+00 -6.15782440e-01
    1.17560112e+00 -6.27957106e-01 1.12205052e+00 1.44904804e+00
    -4.67513233e-01 4.03761953e-01 1.16929197e+00 1.00803673e+00
    8.35902333e-01 -3.46560299e-01 1.15861066e-01 1.06075609e+00
    1.73754859e+00 5.23328185e-01 8.38628590e-01 9.36462820e-01
    8.89673412e-01 1.78752586e-01 1.33054388e+00 -3.81404728e-01
    1.63913834e+00 1.26512539e+00 1.25168335e+00 -6.36272654e-02
    -2.34196559e-01 1.84188649e-01 1.52253544e+00 7.47038484e-01
    2.15775776e+00 -6.86115563e-01 -1.29699141e-01 7.09714413e-01
    -5.35578549e-01 1.48095715e+00 5.81130803e-01 -7.85077959e-02
    1.67648828e+00 -2.53855083e-02 1.85201240e+00 -7.40062237e-01
    6.89849555e-01 -2.32828379e-01 9.38258529e-01 5.03853083e-01
    -9.44095731e-01 9.66322899e-01 9.42767978e-01 1.95343688e-01
    1.36603391e+00 1.29918122e+00 1.34467289e-01 5.80546558e-01
    1.79220545e+00 7.29399979e-01 1.35333285e-01 1.33650541e+00
    1.69107533e+00 1.77502728e+00 -5.02092421e-01 -4.54840101e-02
    1.26782864e-01 5.20167053e-01 6.50040284e-02 1.13935673e+00
    9.97625291e-01 1.81227243e+00 7.04486370e-01 7.88313329e-01
    -1.37560561e-01 -5.07434607e-01 1.94107342e+00 9.20105934e-01
    7.37164676e-01 1.28992510e+00 1.49509653e-01 -5.40705979e-01
    -4.42287594e-01 1.52699697e+00 5.51887870e-01 3.29833701e-02
    -4.50902849e-01 -9.34230506e-01 -6.76886663e-02 -5.24016321e-01
    1.84638453e+00 1.50458717e+00 5.55122316e-01 -1.77512854e-01
    1.39209539e-01 9.15565610e-01 3.63400131e-01 1.27776337e+00
    -5.19895554e-01 -5.80369294e-01 5.47449291e-01 1.24510610e+00
    7.44139493e-01 -2.45027944e-01 -5.40359199e-01 -9.30597305e-01
    6.07334256e-01 1.26798189e+00 1.32859039e+00 1.50507486e+00
    1.77128100e+00 8.28271747e-01 1.81140232e+00 5.39801657e-01
    -2.73172736e-01 1.36902189e+00 1.04987276e+00 3.42156142e-01
    1.66183531e+00 -7.30998993e-01 1.21755517e+00 7.29679763e-02
    -2.74802357e-01 1.10830039e-01 -2.94380605e-01 1.25024128e+00
    1.94489837e+00 2.85533786e-01 9.01453376e-01 -9.03108642e-02
    5.45808852e-01 -2.13307768e-01 6.06194794e-01 9.25355777e-02
    9.31085110e-01 -7.94529766e-02 -7.60481536e-01 1.91127622e+00
    1.51130009e+00 -2.33420748e-02 -9.50960338e-01 -9.55002189e-01
    -9.18041945e-01 1.57012069e+00 -6.23332500e-01 4.47602183e-01
    -4.26423937e-01 9.87177968e-01 -4.30872858e-01 1.17035139e+00
    3.52663845e-01 1.05685461e+00 5.20754039e-01 7.10683405e-01
    -4.36612159e-01 -5.39743721e-01 1.58917382e-02 1.84325755e+00
    1.71932220e+00 -9.78749037e-01 -1.91198185e-01 1.38284540e+00
    9.23690319e-01 -5.78924417e-01 6.75948203e-01 4.88204151e-01
    8.59320223e-01 8.22622955e-01 1.00489330e+00 1.12113357e+00
    6.43998563e-01 1.03141403e+00 9.64498222e-01 -5.60572505e-01
    -5.34178615e-01 1.52122462e+00 -2.93923527e-01 1.46851206e+00
    -5.80452561e-01 1.39822662e+00 -9.84436274e-01 3.56078058e-01
    -2.20796373e-02 1.88215208e+00 3.27178761e-02 1.65091014e+00
    1.87361968e+00 1.28613162e+00 1.22731960e+00 1.81351817e+00
    -4.74833637e-01 3.80668342e-01 1.41381490e+00 -2.22986728e-01
    -8.72518897e-01 1.17186356e+00 -7.08308160e-01 8.93529236e-01
    1.77394903e+00 1.54345596e+00 -2.05887798e-02 4.87057626e-01
    3.41246873e-01 -1.15347154e-01 9.27819088e-02 8.05871964e-01
    2.88483649e-01 1.03751016e+00 3.72273415e-01 1.62602738e-01
    1.34200585e+00 1.17896640e+00 -4.28164512e-01 1.30385232e+00
    1.60062540e+00 -1.05678272e+00 -7.07073152e-01 1.50311744e+00
    1.07752883e+00 1.83734882e+00 1.38394165e+00 -5.72633922e-01
    6.72684982e-02 1.16075432e+00 1.25081694e+00 8.55593681e-01
    -8.07047307e-01 1.35236144e+00 4.02901739e-01 5.91591060e-01
    1.36231899e+00 1.83046913e+00 1.29802585e+00 1.33830428e+00
    1.42064309e+00 -5.04517674e-01 9.45490152e-02 9.18414742e-02
    8.65675434e-02 1.85569537e+00 -1.03550911e-01 -5.11804931e-02
    8.98797333e-01 -3.86843204e-01 8.19988489e-01 9.27773237e-01
    -8.63849044e-01 -3.45518678e-01 -2.82832682e-01 -7.34896004e-01
    -5.90147793e-01 6.20821297e-01 1.11785614e+00 3.35693091e-01
    -6.95235193e-01 -6.60795122e-02 4.72053736e-01 -6.98215127e-01
    3.30506563e-01 1.22992921e+00 1.33336973e+00 6.61134601e-01
    1.92556813e-01 1.23604298e+00 1.54944766e+00 6.97422028e-01
    9.14430916e-01 -1.10398638e+00 -2.92084068e-01 -1.42482713e-01
    8.45111370e-01 -3.75962108e-01 1.12464511e+00 3.06633413e-01
    1.85070765e+00 1.66694081e+00 -1.00448996e-01 -2.27564573e-01
    3.65575314e-01 6.59066737e-01 3.61334741e-01 9.22733545e-01
    1.84316659e+00 -3.73668253e-01 -1.42424673e-01 -2.27358177e-01
    1.88399971e+00 8.17483485e-01 4.25391614e-01 -3.37912053e-01
    7.31648058e-02 -1.63014337e-01 9.49115992e-01 7.23295331e-01
    -7.02471316e-01 4.82141972e-01 5.62485516e-01 -7.59547710e-01
    -7.43763387e-01 -4.06391680e-01 1.58444393e+00 -3.77849877e-01
    1.51086915e+00 1.29353511e+00 3.38060111e-01 1.59966552e+00
    1.79224789e+00 7.85206795e-01 -1.33237615e-01 1.00332487e+00
    1.19946647e+00 6.32538974e-01 8.15897763e-01 -3.39831948e-01
    4.00782049e-01 1.37736404e+00 3.99280310e-01 1.06461155e+00
    2.18685701e-01 -1.43584028e-01 -1.41492471e-01 1.88947126e-01
    1.33072126e+00 8.69942427e-01 -7.65294254e-01 -6.95572197e-01
    1.85012031e+00 7.85622478e-01 -5.36376297e-01 -7.81762362e-01
    -8.98849785e-01 1.57625699e+00 -5.64597189e-01 3.05572778e-01
    1.21796988e-01 -1.19526640e-01 1.24944198e+00 1.83909643e+00
    -3.01626384e-01 1.15363550e+00 -3.76539797e-01 4.42678839e-01
    1.58974862e+00 1.77343690e+00 -5.06142497e-01 1.76166352e-02
    -8.49819660e-01 -5.30094922e-01 1.71854424e+00 1.39929652e+00
    -8.00965428e-01 1.84783030e+00 -9.44547832e-01 4.00904179e-01
    4.74904031e-02 -2.29732960e-01 1.11578777e-01 -8.97220671e-01
    1.78425586e+00 -4.57588971e-01 -9.16187242e-02 1.36133778e+00
    2.55113363e-01 7.33559132e-01 -4.78017747e-01 -3.02962899e-01
    1.57604742e+00 -9.33342576e-01 1.68853092e+00 -6.43177450e-01
    -5.28038502e-01 1.50728405e+00 -2.25030780e-01 7.14825273e-01
    -7.27894187e-01 -1.54295951e-01 1.75328028e+00 -8.08018327e-01
    -4.45764065e-01 -5.94043553e-01 -5.76154530e-01 1.89111841e+00
    1.30796456e+00 1.68747568e+00 9.51665878e-01 -5.70018329e-02
    3.06942999e-01 -1.62592009e-01 1.89753604e+00 4.98955071e-01
    1.29187465e+00 2.66012371e-01 1.49125230e+00 -9.41571116e-01
    -8.80294323e-01 8.64778042e-01 1.47337234e+00 1.10155237e+00
    -3.15590590e-01 9.45035636e-01 -3.98082972e-01 1.23205137e+00
    1.01718521e+00 -4.20080900e-01 -7.66938567e-01 -4.40492958e-01
    -6.16872847e-01 -6.45601749e-01 1.05814338e+00 1.94743490e+00
    -5.60506523e-01 1.52992940e+00 3.83059531e-02 1.38382697e+00
    1.28668153e+00 -5.58000982e-01 8.22250962e-01 1.85005796e+00
    1.48231184e+00 4.11539748e-02 -8.93747583e-02 6.81434035e-01
    -4.39572275e-01 7.06474364e-01 5.56686163e-01 1.64023209e+00
    2.77886182e-01 -9.76273656e-01 -7.95252770e-02 5.91259181e-01
    1.04209268e+00 9.95162547e-01 -5.53762913e-01 4.64726269e-01
    -1.85327567e-02 7.60645390e-01 5.81626058e-01 1.03041124e+00
    2.24189013e-01 7.88549840e-01 1.75461590e+00 -9.49820995e-01
    8.60067189e-01 -2.36907467e-01 1.76931763e+00 8.07155132e-01
    1.75461185e+00 -6.65193260e-01 -1.16608143e-01 1.60972834e+00
    1.88756871e+00 1.75618935e+00 -8.21153820e-01 -7.30328262e-01
    1.73392987e+00 3.09433937e-01 1.64069688e+00 -2.33100027e-01
    -7.08694518e-01 8.11406612e-01 1.75227308e+00 -2.46693613e-03
    1.49450183e+00 -3.47844541e-01 2.56244559e-02 -3.86403173e-01
    2.25631937e-01 2.13760078e-01 7.20455527e-01 1.80041206e+00
    1.30299199e+00 1.50010717e+00 -7.50934258e-02 8.79546583e-01
    -8.79466534e-01 5.25075793e-01 1.24974680e+00 1.92428041e+00
    1.27742088e+00 1.16874838e+00 -3.53969216e-01 2.65166491e-01
    -1.46748230e-01 -6.62419021e-01 -8.88764709e-02 1.83203638e+00
    6.78056300e-01 -5.99433221e-02 1.47500789e+00 1.99809477e-01
    3.81634265e-01 -1.00837179e-01 -6.23705029e-01 7.58413494e-01
    1.16978729e+00 1.61607754e+00 5.58897793e-01 5.52102327e-01
    1.01548779e+00 1.80590510e+00 8.01604748e-01 1.61314142e+00
    -2.77526349e-01 -6.06514096e-01 3.41314733e-01 4.39993650e-01
    1.72686923e+00 1.75453758e+00 2.05982351e+00 4.70932901e-01
    -4.52322841e-01 -6.42139852e-01 7.14545131e-01 1.01843166e+00
    7.85969675e-01 1.83551908e+00 1.32864940e+00 3.53435636e-01
    -4.93275017e-01 -7.51094595e-02 1.62083471e+00 1.26917326e+00
    -1.01868331e+00 1.41067255e+00 3.33879560e-01 -1.94722995e-01
    -3.37775052e-01 9.13559496e-01 -7.53977537e-01 -2.81621337e-01
    1.55683661e+00 3.56457531e-01 4.20015454e-01 -3.61169070e-01
    3.20221215e-01 -5.11668384e-01 1.13447988e+00 5.19028641e-02
    1.61935806e+00 -5.83086252e-01 4.04513508e-01 1.51637256e+00
    -3.68765175e-01 1.29994130e+00 1.32508004e+00 1.66957688e+00
    1.28168368e+00 4.24805731e-01 1.15371501e+00 1.16176069e+00
    3.38238329e-01 -2.80837864e-01 1.80653441e+00 7.90120885e-02
    6.24567308e-02 -7.29064107e-01 1.81325984e+00 1.72283936e+00
    2.31888622e-01 1.19328547e+00 9.45621371e-01 -3.87777001e-01
    -5.04893243e-01 1.95220876e+00 -7.06916153e-01 -8.72230709e-01
    -2.16019660e-01 -2.72462130e-01 1.13554156e+00 1.93372369e+00
    -1.18902102e-02 4.29691285e-01 -3.56041461e-01 1.57250750e+00
    1.73034525e+00 -8.31636846e-01 8.47797334e-01 4.59003508e-01
    -3.01096767e-01 1.94492626e+00 -5.48287451e-01 1.77206409e+00
    8.63199413e-01 2.47259259e-01 -6.94534108e-02 7.90958881e-01
    1.12073815e+00 -3.47318232e-01 1.13088095e+00 4.28464085e-01
    3.90586704e-02 1.10135186e+00 -5.18751442e-01 1.03044510e+00
    4.20868486e-01 4.35433537e-01 1.79674733e+00 8.47068489e-01
    9.21522081e-01 -7.92798698e-01 -1.03862536e+00 -3.96964163e-01
    6.14831805e-01 6.54618025e-01 -1.95087746e-01 3.86138111e-01
    1.12997389e+00 1.04090917e+00 1.90330958e+00 -8.80914271e-01
    1.42558050e+00 -2.94049680e-01 1.18898594e+00 6.08742774e-01
    1.77498412e+00 -8.86065483e-01 9.79793727e-01 3.84809256e-01
    1.53465903e+00 -9.70033884e-01 1.29732859e+00 1.07937670e+00
    5.10760725e-01 -5.04807234e-01 3.28307778e-01 -6.42526329e-01
    3.34778249e-01 -4.80965227e-01 1.61178780e+00 -3.23397785e-01
    1.36024833e+00 7.00393856e-01 8.64873707e-01 9.48670328e-01
    -5.85813165e-01 1.92130363e+00 1.25293636e+00 -8.69722486e-01
    9.71424997e-01 -6.32073998e-01 8.14548433e-01 5.96454918e-01
    -1.54073641e-01 1.56463504e+00 -1.29091084e-01 -7.53654167e-02
    1.50675511e+00 -1.02555275e+00 7.50947893e-01 2.77577996e-01
    1.35640121e+00 1.49979770e+00 5.59937119e-01 1.42805922e+00
    1.44611979e+00 -3.14319128e-04 -7.35501170e-01 1.37371731e+00
    -3.16960782e-01 3.15533996e-01 -1.54277861e-01 2.39213407e-01
    1.78910041e+00 3.60978991e-02 -4.13815707e-01 1.15041196e+00
    -3.46191764e-01 2.69154698e-01 -4.54152882e-01 1.62351346e+00
    9.51461434e-01 1.13339913e+00 1.67911923e+00 8.85669172e-01
    1.18807995e+00 -7.48201907e-01 1.27889943e+00 1.44275892e+00
    1.44760013e+00 -3.41621578e-01 1.03757691e+00 7.62362480e-01
    -8.05743754e-01 1.86792850e-01 3.20318080e-02 4.05701131e-01
    -1.40182404e-02 2.35545769e-01 -2.91803390e-01 1.39740407e+00
    7.00924635e-01 1.08924353e+00 1.59887183e+00 -5.47162354e-01
    1.94682404e-01 1.41962087e+00 -1.01801121e+00 -4.47993785e-01
    6.94866955e-01 1.34454703e+00 2.67394811e-01 7.16658711e-01
    5.38176477e-01 -1.03062773e+00 3.64451438e-01 1.39178181e+00
    1.20072663e+00 5.92450619e-01 -6.57324731e-01 -3.98525178e-01
    8.00519884e-01 3.83569419e-01 6.93445146e-01 -2.30941653e-01
    3.92056197e-01 2.68460959e-01 3.82286310e-01 1.06252956e+00
    -4.22724724e-01 1.55294323e+00 -8.59570503e-01 -4.12115365e-01
    1.46772301e+00 -3.75889927e-01 1.59304345e+00 -2.30326265e-01
    1.79957315e-01 1.73796341e-01 1.18507600e+00 4.97116804e-01
    1.52103806e+00 7.92016275e-03 -8.47013175e-01 -8.84263456e-01
    -3.95597219e-01 -7.86213756e-01 -3.52649391e-02 1.01718557e+00
    1.80686009e+00 7.42985904e-01 9.01271939e-01 -8.08424592e-01
    1.62777793e+00 -5.64323187e-01 2.68498749e-01 -8.38935077e-02
    2.23460108e-01 2.26937547e-01 1.97661495e+00 -7.85483897e-01
    -4.16604042e-01 1.03765965e+00 -1.01404548e-01 1.06167603e+00
    1.70285749e+00 9.14992154e-01 1.10582769e-01 1.34187341e+00
    1.08552718e+00 7.07073390e-01 -2.13881612e-01 1.97372779e-01
    1.72994363e+00 1.38565111e+00 1.01739359e+00 1.19896984e+00
    1.90620776e-02 1.34103096e+00 4.05408055e-01 1.45908153e+00
    -4.64509726e-01 3.33707482e-01 5.80945373e-01 1.53144181e+00
    -1.79248765e-01 1.34224689e+00 8.38352859e-01 1.18341470e+00
    -3.53801161e-01 1.60202336e+00 1.60907936e+00 1.31961370e+00
    1.82305634e+00 -1.71834409e-01 8.16644490e-01 7.92142510e-01
    1.42564952e+00 1.44693756e+00 3.39504868e-01 8.17961216e-01
    1.68863845e+00 1.10518909e+00 -3.89569163e-01 -7.47610092e-01
    -7.42015302e-01 -6.33284092e-01 -3.47442478e-01 1.15133119e+00
    -1.21255465e-01 -5.23493588e-01 1.24364936e+00 2.80677825e-01
    -2.67179728e-01 1.86549747e+00 1.20245171e+00 1.55028296e+00
    4.82105851e-01 3.58348846e-01 8.66045892e-01 3.21082771e-01
    9.08116341e-01 5.90923488e-01 -4.34864283e-01 1.57334864e+00
    5.50571457e-02 -4.76033479e-01 1.65577197e+00 -4.84447837e-01
    1.62202895e+00 1.43656635e+00 1.83302665e+00 1.06055439e+00
    2.40549058e-01 -8.15759599e-01 1.90526152e+00 1.28053498e+00
    1.49289072e+00 8.53062809e-01 -4.89720613e-01 1.40810692e+00
    -3.44669312e-01 2.42880583e-01 1.73233271e+00 -7.30342090e-01
    3.81414652e-01 1.61159933e+00 -2.92870641e-01 1.01985002e+00
    8.28077316e-01 1.69302046e+00 -5.59360981e-02 9.63750958e-01
    5.19234717e-01 -5.56038655e-02 1.70244887e-01 -8.33188057e-01
    8.55370641e-01 6.87184334e-01 4.28418189e-01 1.23488283e+00
    -4.73275989e-01 1.74555111e+00 9.66233432e-01 6.12444341e-01
    1.08047354e+00 1.51622438e+00 1.58038914e+00 1.63458264e+00
    1.69379973e+00 -6.68153942e-01 -1.23479180e-01 1.55486548e+00
    7.73020446e-01 -5.54964304e-01 -6.55963004e-01 1.01577151e+00
    1.54346514e+00 6.57792628e-01 1.15832734e+00 1.30085421e+00
    -7.60758758e-01 6.20109975e-01 2.93808598e-02 7.65368342e-01
    1.33775091e+00 6.17290318e-01 3.31499636e-01 2.25626826e-01
    -4.59001213e-01 -8.66009831e-01 -5.96931875e-01 -7.07670152e-01
    -5.97737432e-01 7.45782375e-01 -4.68107581e-01 1.82162762e+00
    1.79149055e+00 8.98263395e-01 2.21622050e-01 1.44222045e+00
    1.22916937e+00 -1.58512786e-01 2.11512834e-01 -1.84528660e-02
    -5.25988221e-01 1.38133075e-02 8.94403756e-02 -3.35791230e-01
    1.12032163e+00 1.66035664e+00 9.62231398e-01 1.75811589e+00
    9.65754330e-01 1.29037738e+00 -1.18563302e-01 1.63584352e+00
    5.31195819e-01 1.00066793e+00 6.77295804e-01 -8.30119908e-01
    5.13752140e-02 9.06227529e-01 1.31602168e+00 -1.10859387e-02
    -6.98096335e-01 5.52430153e-01 1.81771922e+00 -7.39267588e-01
    1.98858404e+00 5.85388243e-01 -2.59151340e-01 1.36404312e+00
    1.00372642e-01 1.20497453e+00 -3.82626534e-01 -3.73468637e-01
    7.72792459e-01 1.62352347e+00 -7.76957989e-01 -4.06107306e-01
    6.11371934e-01 1.01086736e+00 8.43960494e-02 1.24849093e+00
    2.33882591e-02 2.41136491e-01 1.17326081e+00 5.81370950e-01
    1.00611739e-01 1.43713212e+00 7.43264675e-01 -9.51245904e-01
    8.68634582e-01 1.88045812e+00 8.66286099e-01 1.13139284e+00
    4.63140905e-01 1.56087625e+00 -7.74639100e-02 1.22260606e+00
    6.58802330e-01 -8.06878805e-02 8.24526548e-01 9.37390387e-01
    -2.52746433e-01 2.21605733e-01 1.38326764e+00 -6.79235458e-01
    1.79141986e+00 -3.72982234e-01 5.42476773e-01 5.09259224e-01
    1.52770329e+00 7.42394626e-01 8.81153703e-01 1.72337329e+00
    2.00040913e+00 -2.04020172e-01 1.42925036e+00 9.36007649e-02
    1.31754529e+00 7.19337940e-01 1.68687522e+00 -3.05056095e-01
    -4.98654842e-01 1.07478425e-01 1.16181761e-01 2.84424186e-01
    1.24087489e+00 6.06220603e-01 1.23074210e+00 8.80782366e-01
    1.71247852e+00 1.70952117e+00 9.96607602e-01 1.16904593e+00
    4.51105714e-01 8.03604305e-01 5.25489710e-02 4.81489003e-01
    1.53668737e+00 -4.05416012e-01 -5.84854543e-01 2.68492788e-01
    -4.00230706e-01 4.33917016e-01 -8.64301443e-01 -5.47882132e-02
    -6.33189380e-01 -1.13505311e-01 -5.41095674e-01 1.34756744e+00
    9.51292440e-02 -8.12683642e-01 2.21046716e-01 1.94996428e+00
    6.87489390e-01 1.64564717e+00 1.37558913e+00 -6.31652713e-01
    -4.35343504e-01 1.59137547e+00 -4.52598810e-01 1.03980076e+00
    -4.17085022e-01 1.31005895e+00 2.01820731e+00 -7.03728437e-01
    -4.27276552e-01 -5.74322820e-01 -1.06610633e-01 -4.57297564e-01
    1.38065457e+00 1.74348915e+00 -6.31879032e-01 1.46767783e+00
    -5.99321306e-01 -3.28635544e-01 8.75251293e-01 6.58353627e-01
    1.26444209e+00 1.09967697e+00 7.47556329e-01 1.10151815e+00
    -2.77147442e-01 1.59380424e+00 1.30604839e+00 1.85909843e+00
    1.58696878e+00 -5.71042478e-01 1.16646431e-01 1.31363228e-01
    1.17611730e+00 6.41501367e-01 -3.48648012e-01 1.72118890e+00
    2.95881033e-01 -5.54728329e-01 -6.99564219e-01 -1.37108520e-01
    2.44362995e-01 -8.01817894e-01 1.26280510e+00 -5.64233780e-01
    2.10489035e-01 1.15210819e+00 9.05184031e-01 9.30929184e-01
    2.05737972e+00 -3.79816830e-01 1.19917238e+00 5.39133072e-01
    8.84866357e-01 2.36882120e-01 1.44630444e+00 6.91225007e-02
    -2.15829745e-01 1.43578768e+00 1.86025739e+00 7.23428726e-01
    4.39043641e-02 -6.62448466e-01 7.76107371e-01 1.54577577e+00
    1.84173155e+00 5.55407166e-01 -2.77418554e-01 -5.94374239e-01
    -8.21378648e-01 -6.53923035e-01 8.71511579e-01 9.11552548e-01
    2.63133585e-01 8.36507797e-01 1.83290616e-01 1.43408668e+00
    4.15723532e-01 1.75269723e+00 1.63073748e-01 -7.42793202e-01
    9.26518977e-01 9.19278786e-02 -2.20986947e-01 8.63813579e-01
    1.81390429e+00 1.14466000e+00 3.67648453e-01 -6.96381271e-01
    2.97720820e-01 5.78072011e-01 -3.10496986e-01 -7.55289316e-01
    -7.82854557e-01 1.23350218e-01 3.25283587e-01 -4.39533591e-01
    1.21383393e+00 1.30159378e+00 8.40698838e-01 1.82894826e+00
    8.17281306e-01 1.71799874e+00 1.25472128e+00 7.56336153e-01
    1.26388645e+00 1.78050065e+00 8.26988161e-01 1.58321857e+00
    1.78609681e+00 -7.05763996e-01 1.83329582e+00 -4.23276603e-01
    9.76928234e-01 -4.31848258e-01 1.74923170e+00 7.72551119e-01
    8.22424293e-01 1.32372379e+00 1.37337661e+00 1.91231593e-02
    1.04196572e+00 1.71648157e+00 1.63822365e+00 -2.07591861e-01
    1.22058362e-01 1.99693918e-01 1.36517441e+00 1.74595058e+00
    -6.25399470e-01 5.50308585e-01 1.40388596e+00 7.35740781e-01
    -7.49730766e-01 1.49797177e+00 1.91912639e+00 1.45656717e+00
    1.34101343e+00 -1.06536739e-01 -6.69167936e-01 1.65115821e+00
    -1.67745203e-01 1.42651051e-01 9.93063569e-01 1.09266758e+00
    1.71788573e+00 5.85383952e-01 1.60867739e+00 3.30249757e-01
    1.82793975e+00 -8.42251599e-01 -5.39177477e-01 2.01737791e-01
    -5.51339388e-02 1.25196838e+00 -3.49508733e-01 1.55600861e-01
    1.55368650e+00 1.33643234e+00 -1.09929085e-01 2.34984666e-01
    -2.63443917e-01 -6.50764525e-01 1.35125101e+00 -5.95704257e-01
    -6.49775565e-01 -2.90052831e-01 1.74075544e+00 -9.02689397e-01
    1.75649494e-01 -2.69786000e-01 2.56604075e-01 -8.53435516e-01
    1.42697945e-01 1.86769700e+00 8.24559212e-01 -3.06523263e-01
    -5.91688335e-01 -7.53886878e-01 -4.74130094e-01 8.29619765e-01
    1.37823772e+00 -6.53221846e-01 -9.02047038e-01 6.82537198e-01
    -6.94689989e-01 1.77548647e+00 -8.93592358e-01 1.22087407e+00
    -1.58872962e-01 4.70086277e-01 1.01119602e+00 4.57234634e-03
    9.50624347e-01 -5.36687315e-01 9.60728109e-01 1.07286525e+00
    6.38128161e-01 9.01699841e-01 1.29156005e+00 6.03807747e-01
    -5.92478573e-01 9.02349174e-01 1.76990902e+00 -4.58032846e-01
    1.83547127e+00 2.15864956e-01 2.12585330e-01 3.19615752e-01
    5.35397053e-01 5.25957108e-01 1.71276510e+00 -7.43494213e-01
    2.08552778e-01 -6.87569454e-02 -2.71829098e-01 -4.76155400e-01
    1.17482257e+00 7.08424687e-01 1.04451263e+00 5.10711670e-01
    9.32809651e-01 1.76491666e+00 1.72480249e+00 -8.34102690e-01
    1.59964907e+00 1.46188962e+00 3.86522204e-01 -1.03851593e+00
    6.43987775e-01 -8.38287592e-01 1.42070591e+00 -2.38586098e-01
    1.19865012e+00 -9.65544701e-01 1.81829906e+00 1.69960201e+00
    -3.62975866e-01 -8.68395269e-01 1.57378232e+00 1.49204779e+00
    1.46342218e+00 1.13933587e+00 1.60642266e+00 -4.94524628e-01
    -1.62788212e-01 -1.00676939e-01 1.21342826e+00 1.17043912e+00
    -1.33155584e-02 1.52650759e-01 1.24532938e+00 -8.13794911e-01
    -4.40875530e-01 1.67633843e+00 5.08367598e-01 -7.35916555e-01
    6.11570656e-01 7.48360097e-01 1.47630453e+00 1.35984182e+00
    8.55076075e-01 6.14224255e-01 -6.05932236e-01 -2.59574860e-01
    -3.75352859e-01 1.24931552e-01 3.55492122e-02 2.00675416e+00
    1.65949345e-01 6.45375252e-02 5.56442916e-01 -7.63756096e-01
    -1.45259663e-01 -6.65844202e-01 1.08168411e+00 -7.64229536e-01
    -4.34629083e-01 7.23665714e-01 1.17437494e+00 1.55224609e+00
    -6.16096139e-01 1.39602649e+00 1.79201841e-01 1.41837442e+00
    2.77121123e-02 1.34267998e+00 1.72769916e+00 6.43628120e-01
    2.90483236e-01 8.64143390e-03 4.49958622e-01 8.56493831e-01
    6.47431687e-02 1.07081831e+00 1.72342134e+00 5.54185867e-01
    -7.95138001e-01 1.65289187e+00 1.22997856e+00 -9.60984051e-01
    9.56765175e-01 1.94044948e+00 3.57260823e-01 1.95884740e+00
    2.22518659e+00 1.88001180e+00 1.30318061e-01 5.74526727e-01
    -5.96887648e-01 1.49818146e+00 1.43444359e+00 1.24440992e+00
    7.89436638e-01 1.48221481e+00 -5.00663221e-01 -7.45720565e-02
    -5.02416044e-02 7.68189847e-01 -7.90272176e-01 -2.01399237e-01
    1.08614862e+00 4.12256330e-01 1.61530066e+00 -8.20090890e-01
    -2.63272524e-01 3.08627218e-01 -8.87390018e-01 8.34009051e-01
    1.99178994e+00 7.54264653e-01 2.77278364e-01 -1.66243985e-01
    8.96195769e-01 1.01481616e+00 1.03618526e+00 1.64172724e-01
    1.21959873e-01 9.10662949e-01 -5.10564685e-01 -4.34644938e-01
    -9.21641648e-01 1.77148557e+00 -7.35106409e-01 -8.07151139e-01
    1.34669936e+00 1.12213767e+00 -5.60757145e-02 1.78241253e+00
    5.89169383e-01 7.19250619e-01 1.58203351e+00 8.46423268e-01
    1.30547941e-01 1.14726245e+00 1.83130980e+00 8.18087935e-01
    1.01727247e+00 -7.62575150e-01 1.65355718e+00 -7.60595322e-01
    1.06722498e+00 -6.85990870e-01 7.27136493e-01 1.74337697e+00
    1.41307509e+00 1.61166751e+00 4.37738150e-01 6.37593865e-01
    -3.76395792e-01 1.39423394e+00 1.28700912e+00 -6.76957488e-01
    -4.25178260e-01 2.74265021e-01 -3.58745426e-01 -3.46761435e-01
    6.59986198e-01 -3.23089123e-01 3.22221875e-01 1.42735577e+00
    1.63565159e+00 -6.48963928e-01 -4.11473870e-01 1.29166830e+00
    -8.58219206e-01 -1.15894809e-01 2.51707017e-01 8.18541646e-01
    8.34334910e-01 1.06551909e+00 4.29419726e-01 9.29320037e-01
    3.77978653e-01 -9.17033315e-01 -4.24838364e-01 -7.26664126e-01
    9.26659226e-01 -1.78083330e-01 7.68210590e-02 9.45032179e-01
    1.26896903e-01 1.10061276e+00 9.88326907e-01 1.83601964e+00
    1.60061634e+00 1.42882669e+00 7.36353338e-01 1.87565541e+00
    2.43197102e-02 9.31713939e-01 -7.95567274e-01 1.60514057e+00
    5.87370872e-01 -3.05660456e-01 -6.56177223e-01 1.81540096e+00
    1.17847288e+00 1.23906410e+00 1.37511933e+00 -2.64334440e-01
    1.85345256e+00 1.02835453e+00 5.73983610e-01 2.93019086e-01
    9.57001388e-01 1.83488142e+00 1.25301647e+00 9.62214828e-01
    1.10394895e+00 4.91757303e-01 1.65890229e+00 4.35976207e-01
    -8.23103309e-01 5.59923589e-01 -5.45564651e-01 1.19163942e+00
    1.79220390e+00 1.18667193e-01 1.11828232e+00 1.54368246e+00
    1.60598373e+00 5.41640148e-02 -2.87741888e-03 -4.88155037e-01
    -3.62168819e-01 -9.92501557e-01 -9.53044817e-02 5.19857518e-02
    2.21442524e-02 1.09065831e+00 1.54968071e+00 4.48915958e-01
    1.66745532e+00 -8.83606672e-01 3.05917233e-01 1.28033423e+00
    2.72801965e-01 9.67498183e-01 3.96688461e-01 -8.10655713e-01
    5.68196893e-01 -8.72079253e-01 1.99671519e+00 1.96548259e+00
    1.70658982e+00 4.18642879e-01 -3.26466747e-02 3.68824899e-01
    -3.14066321e-01 1.09051180e+00 3.65962178e-01 -3.30998212e-01
    5.03254533e-01 2.23068193e-01 7.06804752e-01 1.03445470e+00
    -6.39095008e-01 1.44177210e+00 -1.50759250e-01 -2.30560735e-01
    1.60520327e+00 1.35854948e+00 1.73493290e+00 -2.51987547e-01
    -8.52032527e-02 1.25083327e+00 1.02636826e+00 1.44784105e+00
    4.67328668e-01 8.94936562e-01 -1.69754460e-01 1.35635865e+00
    -2.83868104e-01 2.40620643e-01 -4.98313248e-01 -8.88478279e-01
    1.37273300e+00 1.26816094e+00 1.11396539e+00 -8.59544694e-01
    6.33284509e-01 1.58869505e+00 1.44370353e+00 -7.92209983e-01
    1.73450267e+00 7.79949188e-01 2.96750039e-01 -7.69889116e-01
    -1.93189740e-01 1.12403512e+00 -8.53377342e-01 1.76474094e+00
    -4.89923269e-01 1.14632952e+00 3.06184813e-02 -4.84915972e-01
    4.70960021e-01 -6.02857709e-01 7.52763897e-02 -7.71867990e-01
    -6.98995650e-01 1.86749250e-01 -1.04150824e-01 1.60750538e-01
    1.25417340e+00 3.99542242e-01 -1.08060380e-02 1.59902310e+00
    -2.47000217e-01 1.26888061e+00 1.03090107e+00 -2.83219274e-02
    1.04040098e+00 7.93162137e-02 -8.48951116e-02 7.80590057e-01
    -2.97083288e-01 -4.33510453e-01 1.35126615e+00 -7.54101634e-01
    3.08229208e-01 1.58335090e+00 -8.01193476e-01 -8.96262825e-01
    3.34798992e-01 -7.12108672e-01 3.50086778e-01 9.62738216e-01
    -8.78707409e-01 -3.85102749e-01 3.42871398e-01 1.90182269e+00
    1.09947085e+00 1.13205564e+00 5.79224944e-01 1.76008821e+00
    1.74741995e+00 1.05185497e+00 -3.36417198e-01 9.94308293e-01
    1.11988914e+00 1.06110477e+00 1.18214369e+00 1.95390069e+00
    1.36257172e+00 -3.73619616e-01 1.15419519e+00 -1.12186112e-01
    1.23247552e+00 8.42628956e-01 1.16545761e+00 -3.66881073e-01
    -6.85566664e-01 -5.23360074e-01 5.12101129e-02 1.50200009e-01
    8.12022865e-01 8.08206558e-01 -8.76383662e-01 -1.11011073e-01
    1.74063551e+00 1.23934901e+00 -5.43604136e-01 -2.92921245e-01
    -7.52177954e-01 8.88867006e-02 5.32916844e-01 -7.55733848e-01
    1.09988749e+00 3.30114573e-01 1.79121003e-01 1.28243458e+00
    -5.19680083e-01 -7.35143423e-01 1.12926769e+00 -6.33636117e-02
    1.28430247e+00 1.42474902e+00 9.40266490e-01 8.56915593e-01
    1.53313124e+00 1.76421249e+00 8.55269074e-01 7.90352762e-01
    4.22289878e-01 1.01742089e+00 6.31264150e-01 -7.02467799e-01
    9.07666087e-01 4.48650777e-01 1.10881984e+00 -1.25290751e-01
    -4.38558489e-01 1.37627268e+00 -7.60096431e-01 1.68848646e+00
    -3.02441448e-01 1.25717208e-01 1.25331235e+00 5.97213089e-01
    -8.58602285e-01 -2.86619663e-01 -5.18480361e-01 -4.74655837e-01
    -2.10860029e-01 -7.00158775e-01 1.06078899e+00 1.70527458e+00
    1.77905869e+00 -9.28459689e-02 -8.30229759e-01 6.02806807e-01
    -5.70654690e-01 1.62462699e+00 1.85279787e+00 1.88238096e+00
    5.87348402e-01 1.83557487e+00 4.07154053e-01 1.05271089e+00
    1.81690526e+00 7.67049372e-01 5.89687467e-01 5.87772071e-01
    4.62311804e-01 7.30903745e-01 1.88650608e+00 1.82822096e+00
    9.63736653e-01 8.52458179e-01 -3.33022892e-01 8.51610124e-01
    1.12318230e+00 8.91203642e-01 1.85505664e+00 3.92496698e-02
    -5.55318058e-01 1.23335457e+00 -1.40793979e-01 1.79706931e+00
    1.85395682e+00 1.80929887e+00 9.18347776e-01 -1.14785424e-02
    -1.00796235e+00 7.78679073e-01 1.37597203e+00 -1.86904579e-01
    1.87258816e+00 2.18649611e-01 1.60660410e+00 -9.16121483e-01
    4.93020684e-01 8.30340147e-01 1.45484102e+00 1.82385397e+00
    1.03374553e+00 5.47322154e-01 1.43027651e+00 -3.01949650e-01
    1.07600546e+00 -4.25020516e-01 1.45635355e+00 -7.34817207e-01
    1.71998250e+00 -9.79856133e-01 7.77928472e-01 1.21766365e+00
    4.35240805e-01 7.60485888e-01 3.12998682e-01 1.01069160e-01
    1.46879137e+00 6.47313833e-01 1.82642674e+00 8.86906505e-01
    8.33855271e-01 7.46123374e-01 1.84345746e+00 1.22923124e+00
    7.65667021e-01 1.59857869e+00 5.76331079e-01 1.56499282e-01
    -1.28336083e-02 7.66874969e-01 4.90450621e-01 7.93985367e-01
    -9.29570258e-01 1.90272808e-01 1.40101302e+00 -8.52845848e-01
    1.00742407e-01 1.35676074e+00 1.23114836e+00 -7.75350094e-01
    -6.76480234e-01 1.24473131e+00 7.75837362e-01 -8.61527696e-02
    9.39520359e-01 -4.82708067e-01 -5.75396180e-01 -6.53784990e-01
    1.03862762e+00 9.36933160e-01 -6.82784855e-01 1.77563131e+00
    5.27900040e-01 -8.14131498e-01 2.76776105e-01 4.04527128e-01
    -2.01974094e-01 7.22857118e-01 1.62408078e+00 1.16419673e+00
    -9.23959970e-01 1.55737746e+00 1.68963170e+00 1.73476827e+00
    -1.12427458e-01 8.13155591e-01 9.96558070e-01 -2.96674103e-01
    1.04733193e+00 4.79132645e-02 -2.79412568e-01 1.69215441e+00
    5.91021359e-01 1.46274471e+00 -2.09987476e-01 5.03256798e-01
    -2.24583909e-01 1.30151248e+00 1.39417672e+00 6.94135725e-01
    1.20468879e+00 1.19862676e+00 -6.59334660e-01 1.69257081e+00
    5.59186280e-01 1.17157936e+00 -4.66089904e-01 4.65085417e-01
    -4.90078598e-01 6.07496560e-01 -4.76611257e-01 1.81826234e-01
    1.77828205e+00 1.32571077e+00 -1.33208632e-02 -8.36209714e-01
    -4.80733156e-01 1.76879957e-01 1.26186752e+00 -1.36420950e-01
    4.49540585e-01 2.00343013e-01 1.86917770e+00 1.60357095e-02
    1.98707807e+00 -2.43654177e-01 -6.60329223e-01 9.89617050e-01
    1.19086099e+00 -4.74061936e-01 9.26970601e-01 1.50382638e-01
    1.40995300e+00 -3.24218832e-02 -1.04671395e+00 1.77867913e+00
    8.83062422e-01 -5.75715721e-01 1.62364280e+00 1.45439661e+00
    -9.19920683e-01 -3.24423552e-01 -6.97277486e-01 9.43994224e-01
    -3.28115940e-01 7.71157146e-01 7.02988327e-01 -1.08855173e-01
    8.65868092e-01 1.39494801e+00 -4.26526815e-01 -4.34016198e-01
    1.72702658e+00 6.72383547e-01 4.38588709e-01 3.00113887e-01
    1.55620813e+00 1.89033043e+00 1.47874498e+00 7.43145704e-01
    -1.34856880e-01 6.60091341e-01 4.68953758e-01 1.66932523e-01
    3.32587689e-01 3.23664486e-01 9.64239836e-01 1.21249728e-01
    -2.11847574e-01 1.57544804e+00 3.21863949e-01 -2.57189333e-01
    1.76071823e+00 2.36011848e-01 -7.29927659e-01 -8.92547131e-01
    1.04640424e+00 1.62288427e+00 -6.46958351e-01 9.07988429e-01
    8.05328846e-01 1.33316588e+00 1.02303147e+00 -7.42395282e-01
    3.34524870e-01 5.20618320e-01 1.09268093e+00 -3.98136944e-01
    1.90030682e+00 -7.71414638e-01 1.04081070e+00 -5.32027423e-01
    1.93368506e+00 7.87752211e-01 -2.38139570e-01 1.27042210e+00
    1.94042340e-01 8.72316882e-02 3.42761606e-01 1.70482302e+00
    -2.90491670e-01 3.08636744e-02 1.20988166e+00 5.19783258e-01
    1.55160332e+00 1.18581660e-01 1.12394780e-01 7.04393029e-01
    -8.27166677e-01 1.09148598e+00 7.38188744e-01 -7.40379333e-01
    5.55591345e-01 9.19683874e-01 -7.00828791e-01 1.42608619e+00
    -5.47155261e-01 6.64204538e-01 8.79642069e-02 7.88804054e-01
    5.29038608e-01 3.79056126e-01 9.36503172e-01 -7.84644902e-01
    -7.11313412e-02 1.75479734e+00 1.42738974e+00 -9.24032688e-01
    1.54459643e+00 1.54936445e+00 1.34552562e+00 -2.81267464e-01
    1.67383468e+00 1.30514407e+00 1.49029124e+00 2.98975855e-01
    -6.43777430e-01 1.50434911e+00 -8.89193058e-01 2.58163512e-01
    8.03068042e-01 1.17162180e+00 2.52931081e-02 1.16714156e+00
    -5.52579522e-01 1.35352421e+00 1.47817051e+00 -7.83930421e-01
    6.08517051e-01 -7.66284108e-01 -4.19569403e-01 1.82823288e+00
    1.93415225e+00 -7.36242160e-02 8.28590542e-02 1.26008344e+00
    5.11295736e-01 1.57135069e+00 4.56075013e-01 1.43574011e+00
    1.16306221e+00 5.53056061e-01 3.66524816e-01 -6.96740448e-01
    -7.90577173e-01 1.39302444e+00 -7.07343340e-01 7.35842526e-01
    1.33969557e+00 8.86514127e-01 4.74311292e-01 -5.70218444e-01
    5.18002987e-01 5.55993617e-01 1.86082482e+00 1.71222663e+00
    -4.04849440e-01 1.91305369e-01 1.14924908e+00 9.35781240e-01
    -1.21596672e-01 2.50556886e-01 -6.55833244e-01 1.55165887e+00
    1.03895617e+00 1.73204696e+00 1.41084230e+00 -8.25897455e-01
    7.29701638e-01 -9.93636012e-01 -3.89945418e-01 -3.77296448e-01
    8.95619750e-01 -6.09067559e-01 -8.26197267e-01 8.34047139e-01
    1.81824446e+00 2.44195327e-01 2.83321232e-01 1.53001463e+00
    1.22254121e+00 2.32216120e-01 1.73845625e+00 -9.63847280e-01
    1.36635470e+00 -3.75313878e-01 1.91816914e+00 -6.49931371e-01
    6.05128586e-01 -4.53782231e-01 2.99258560e-01 1.39690101e+00
    3.60702097e-01 5.68448424e-01 1.48885059e+00 -2.18222678e-01
    -1.64104193e-01 -5.39705157e-01 -3.77151042e-01 -5.26201487e-01
    1.13794637e+00 -4.20079440e-01 -2.46364921e-01 1.21436775e+00
    1.90919471e+00 4.47184682e-01 1.05299401e+00 -3.23934972e-01
    9.34243381e-01 1.15215707e+00 1.67699623e+00 1.90180337e+00
    8.07271600e-01 1.66267002e+00 7.21593440e-01 6.87088430e-01
    1.14546084e+00 -6.25965357e-01 -6.81414306e-01 4.10834044e-01
    5.39912879e-01 -4.17325020e-01 1.66204011e+00 1.26270068e+00
    -1.17194936e-01 -1.62899211e-01 9.85735893e-01 1.16179530e-02
    9.21750069e-01 1.78532088e+00 1.09241092e+00 1.53162670e+00
    4.82503206e-01 1.43347955e+00 1.76730156e+00 -9.60986793e-01
    -3.31716031e-01 -4.06981409e-01 4.35634106e-01 2.87071496e-01
    3.41766834e-01 -7.07473338e-01 5.56345880e-01 8.96732569e-01
    1.32921529e+00 -5.57808936e-01 1.19685256e+00 -6.42068863e-01
    2.96821415e-01 1.07684505e+00 1.65876293e+00 7.60761380e-01
    -2.78620511e-01 -1.62591547e-01 1.97947252e+00 1.35373020e+00
    2.09696904e-01 -3.75448406e-01 -7.00494766e-01 -2.75080800e-01
    1.35337695e-01 2.52149343e-01 1.03821918e-01 1.61240399e+00
    1.16972995e+00 -5.44292867e-01 1.41148522e-01 4.82771039e-01
    2.15994984e-01 1.12140954e+00 1.81272471e+00 -9.71197784e-01
    -6.59713745e-02 7.68312931e-01 9.84794796e-01 -7.52930224e-01
    -4.63873297e-01 1.19225037e+00 1.38816619e+00 -1.56525388e-01
    1.75128114e+00 4.60907936e-01 -7.24159420e-01 9.71161842e-01
    1.57606852e+00 1.13665271e+00 -7.65491426e-01 1.54337585e+00
    2.32076362e-01 6.45123839e-01 -4.01475072e-01 -2.87362456e-01
    1.62345350e+00 1.18190897e+00 -6.67181730e-01 1.16970979e-01
    1.39930880e+00 1.58108151e+00 1.82960904e+00 -5.81161618e-01
    -2.49552205e-01 -8.13345611e-01 -5.71068227e-01 8.77597809e-01
    1.42364013e+00 -4.81124312e-01 1.33193851e-01 4.49678779e-01
    -6.79579794e-01 1.69037926e+00 5.22875845e-01 1.25722551e+00
    6.10312354e-03 -6.78516448e-01 -5.69952607e-01 1.53259790e+00
    3.95799875e-01 1.54229724e+00 1.07820809e+00 1.79198205e+00
    -2.44424269e-01 -1.52402312e-01 1.71543705e+00 -8.02902758e-01
    -5.62987566e-01 3.27735335e-01 9.71012294e-01 -3.47518593e-01
    9.89532411e-01 1.25275457e+00 1.01297665e+00 5.94977498e-01
    6.23112082e-01 7.35354498e-02 8.24977756e-01 -1.05007565e+00
    6.44484162e-01 -8.27102244e-01 1.79074061e+00 1.22778940e+00
    -6.51356578e-01 -9.80206907e-01 8.73251021e-01 2.98338830e-01
    1.09092720e-01 -8.14064205e-01 -2.32021809e-01 1.56932747e+00
    -7.24858344e-01 1.15906715e+00 5.70658326e-01 -6.60095870e-01
    4.16951895e-01 -4.56137687e-01 5.45597933e-02 1.53847218e+00
    7.52912939e-01 5.27678967e-01 1.66081083e+00 -2.24874556e-01
    -4.59771186e-01 -3.43399972e-01 -6.18317306e-01 -1.42421439e-01
    -6.79919362e-01 7.87920594e-01 -2.01290041e-01 4.91597295e-01
    -7.97016144e-01 1.68075824e+00 9.66361463e-01 1.29929626e+00
    1.85371268e+00 5.14976442e-01 1.53089678e+00 1.62541425e+00
    -6.75816059e-01 1.79900467e+00 5.13869762e-01 1.33517718e+00
    8.27812493e-01 -6.85566783e-01 -6.79712743e-02 -2.21720830e-01
    4.01478335e-02 1.17832281e-01 -3.04551840e-01 -9.02053475e-01
    7.43588746e-01 1.79490662e+00 -5.87763131e-01 -6.58929944e-01
    7.78598845e-01 1.24096322e+00 -7.70381033e-01 -5.53129673e-01
    5.11809647e-01 -1.91350505e-01 -2.69101188e-02 -5.12249351e-01
    1.47244012e+00 1.53735888e+00 1.71115208e+00 1.37960982e+00
    1.48077500e+00 1.90665436e+00 3.98651481e-01 -2.96309233e-01
    6.27240241e-01 -6.03046417e-01 1.61201739e+00 8.13616991e-01
    -3.57734650e-01 1.16205549e+00 -4.54137444e-01 -9.80193257e-01
    8.83830711e-03 -2.56549984e-01 1.73515093e+00 1.63532734e-01
    8.37173700e-01 1.02119756e+00 6.65721357e-01 1.69655037e+00
    1.55053890e+00 4.10235405e-01 1.31491566e+00 4.59805071e-01
    4.34424952e-02 1.38824189e+00 1.10180545e+00 1.38811815e+00
    1.74264121e+00 1.80356979e+00 2.19343513e-01 1.41508508e+00
    6.34137034e-01 1.55032730e+00 -3.38024914e-01 1.02203560e+00
    1.23477980e-01 1.23816669e-01 1.66707516e+00 9.45046604e-01
    7.40732551e-01 -4.31110293e-01 8.19054723e-01 -5.63322186e-01
    1.08739924e+00 1.58079815e+00 -6.25758886e-01 -9.18129683e-02
    1.09551144e+00 7.80941725e-01 5.61064541e-01 1.31759298e+00
    -6.82876766e-01 8.33472013e-01 8.81304204e-01 -8.16376805e-01
    6.79428339e-01 -6.27713978e-01 2.46915534e-01 -2.35367820e-01
    5.11720777e-03 -3.10022056e-01 -6.78740144e-02 4.95215505e-02
    -1.78982928e-01 1.72288799e+00 -9.09955442e-01 5.15704826e-02
    1.34651363e+00 -1.08190370e+00 1.32365799e+00 1.14068449e+00
    -2.23825350e-01 1.29735339e+00 2.51605269e-02 1.37202668e+00
    1.68943477e+00 3.31067979e-01 -4.33720052e-02 4.30082232e-01
    -2.35660508e-01 9.67515171e-01 1.24645257e+00 -5.76806486e-01
    -7.44805217e-01 1.18342912e+00 -5.77281117e-01 -3.81192893e-01
    1.53466010e+00 8.36906433e-01 1.84719050e+00 4.27022427e-01
    1.56344950e+00 6.20295763e-01 -6.47431910e-01 1.23998666e+00
    1.55290043e+00 2.06279501e-01 1.22777373e-01 -4.38055366e-01
    -5.77928841e-01 1.09498823e+00 1.01005113e+00 1.28467035e+00
    4.78318065e-01 1.94833100e+00 1.39707005e+00 1.13190746e+00
    -4.51554134e-02 -3.95395011e-01 7.31192231e-01 -4.76048350e-01
    -3.11864016e-04 1.74265444e+00 4.60077286e-01 1.25102174e+00
    -3.59871328e-01 1.15756881e+00 9.33475792e-01 1.69165850e-01
    1.57416749e+00 1.40542722e+00 1.63246870e+00 3.21670532e-01
    1.20277262e+00 -3.05798680e-01 1.79568577e+00 -1.67752236e-01
    1.54686189e+00 1.47413635e+00 -2.03581125e-01 -7.04248130e-01
    1.54548720e-01 -4.86827016e-01 8.73337686e-01 7.81617403e-01
    1.02348793e+00 9.63210523e-01 -2.72381097e-01 1.33193207e+00
    1.76200783e+00 9.03318465e-01 6.15313873e-02 -9.31679308e-01
    -9.12408978e-02 1.66535008e+00 1.39135826e+00 1.02626562e+00
    4.65428799e-01 2.87628889e-01 -2.34198868e-01 2.02724552e+00
    5.03007650e-01 -4.25779998e-01 5.82105637e-01 4.40512478e-01
    -4.56751466e-01 6.02069378e-01 -8.10994744e-01 1.33630562e+00
    4.26325679e-01 8.47089410e-01 1.62698007e+00 -2.27062568e-01
    1.64159402e-01 1.31626940e+00 9.98433352e-01 4.23537254e-01
    5.42253911e-01 5.69874287e-01 6.33233666e-01 1.18502781e-01
    -4.87352312e-01 -8.63163292e-01 4.44947422e-01 -5.86847425e-01
    -4.62422103e-01 1.54686224e+00 -1.12290926e-01 1.62440467e+00
    -3.46272379e-01 3.08851898e-01 1.26120710e+00 9.31907773e-01
    6.46828651e-01 1.14616168e+00 -1.02233016e+00 4.37995821e-01
    1.58306611e+00 6.82842672e-01 -4.28262055e-02 -7.34900951e-01
    3.14135045e-01 1.82391131e+00 -3.36504430e-01 4.36682254e-01
    -7.86917433e-02 1.47569150e-01 1.47149575e+00 2.96472073e-01
    4.00199741e-01 4.72893596e-01 6.12885118e-01 -5.17831802e-01
    1.33261347e+00 -5.46467721e-01 -6.84060216e-01 1.32833409e+00
    -7.73016334e-01 8.14329565e-01 -1.34118423e-01 4.33261484e-01
    1.30264854e+00 1.92973065e+00 -5.63610435e-01 1.90782619e+00
    8.15154135e-01 1.77085117e-01 -6.68904722e-01 7.09083453e-02
    9.03988361e-01 1.98335037e-01 3.73240441e-01 -4.28365320e-01
    1.03692675e+00 -9.85581815e-01 -1.03628218e+00 -3.02141309e-01
    8.28997135e-01 1.94419575e+00 5.49137473e-01 1.20836413e+00
    -1.34222135e-01 -7.94211090e-01 1.75668049e+00 1.46285653e+00
    6.56380951e-01 7.18449593e-01 1.67219198e+00 -8.14664960e-02
    6.58656240e-01 -2.31524967e-02 -1.30453587e-01 -6.60167634e-01
    -7.43434846e-01 3.67541492e-01 -7.28190958e-01 -7.64755726e-01
    -8.61574352e-01 9.90284920e-01 -2.87271261e-01 1.14406323e+00
    1.29592621e+00 -4.52948064e-01 1.42694592e+00 -4.30386335e-01
    5.02451360e-01 1.89296496e+00 1.34900153e+00 -3.89309108e-01
    1.29375339e+00 5.40168464e-01 9.30062652e-01 -4.06830162e-01
    1.50038254e+00 1.55261683e+00 4.14175212e-01 -8.26550364e-01
    -1.43798858e-01 1.46796989e+00 -8.29222679e-01 1.72223473e+00
    1.77209079e+00 1.00682521e+00 3.89941305e-01 -5.93616128e-01
    -9.87688422e-01 -1.44079626e-01 1.36505949e+00 -8.13071847e-01
    1.37218451e+00 -5.69898307e-01 -3.72881234e-01 1.75884080e+00
    -3.82063165e-02 1.21000111e+00 6.57025129e-02 -6.19318511e-04
    -5.96695729e-02 1.77182984e+00 -1.32930905e-01 -8.09726715e-01
    9.12385821e-01 -1.66219100e-01 1.00922525e+00 -9.57571208e-01
    1.61196053e-01 -6.28796101e-01 1.11836874e+00 1.07839608e+00
    4.33363587e-01 3.86960022e-02 -9.53669488e-01 -3.17928404e-01
    5.39260805e-01 1.83908069e+00 -1.53410330e-01 -7.14046419e-01
    1.06825471e+00 1.37175977e+00 -5.29136360e-01 4.25589204e-01
    -6.55709028e-01 -4.78663623e-01 3.87867123e-01 -4.06030834e-01
    -8.34273219e-01 -9.47774172e-01 1.25219989e+00 1.73303556e+00
    -7.02675343e-01 -2.06879064e-01 -9.90376413e-01 1.23501718e+00
    1.01210797e+00 1.25751996e+00 2.63340503e-01 6.09551668e-01
    1.80185139e+00 3.15650433e-01 -7.59322047e-01 8.89913857e-01
    -2.58649420e-02 4.57473129e-01 1.19461790e-01 3.51783127e-01
    -4.87276495e-01 7.16198325e-01 1.34044075e+00 8.80988359e-01
    5.72233438e-01 1.88520074e+00 3.90039384e-01 1.69725442e+00
    3.85636449e-01 5.88494772e-03 1.55108428e+00 1.19911242e+00
    6.53963804e-01 -4.29648399e-01 5.16786516e-01 1.18542027e+00
    1.14166662e-01 -2.01718107e-01 1.18409371e+00 8.81721377e-01
    2.95656592e-01 4.61789608e-01 -4.66146290e-01 1.30472970e+00
    7.15373874e-01 1.80414557e+00 -5.62035382e-01 -3.05000305e-01
    1.53391492e+00 4.01753336e-01 2.21961826e-01 5.56302905e-01
    -4.65124786e-01 -8.25827569e-02 1.82010436e+00 -9.00288463e-01
    1.36561930e-01 4.56526756e-01 1.46352232e+00 6.27466917e-01
    6.76585913e-01 -8.99581075e-01 1.25703108e+00 -7.42463991e-02
    -4.61804688e-01 4.79460716e-01 -1.26853868e-01 3.54057103e-01
    4.35943455e-02 -3.04558575e-01 1.68108916e+00 1.45351052e+00
    -8.31939936e-01 5.61267138e-01 -8.74029994e-01 -9.01050627e-01
    1.29851103e+00 8.71370614e-01 1.73317218e+00 1.29682362e+00
    -7.05733776e-01 -9.51884031e-01 -5.14330745e-01 -7.99096107e-01
    1.66447961e+00 1.81691384e+00 8.88170123e-01 2.13278866e+00
    7.25762069e-01 2.11349559e+00 1.38144755e+00 1.39823866e+00
    1.20202267e+00 -8.77990842e-01 7.28908777e-01 -3.81156713e-01
    1.43356431e+00 9.44418669e-01 1.29440963e+00 -5.16727149e-01
    1.57477641e+00 6.17410064e-01 -1.81519493e-01 1.96524942e+00
    8.04801345e-01 2.69221189e-03 1.54556799e+00 8.44387054e-01
    1.55135345e+00 1.41072154e+00 9.77155864e-01 3.53659481e-01
    5.56257844e-01 -9.49479818e-01 -5.34360409e-01 1.53246462e+00
    6.18486166e-01 9.37379062e-01 9.25285041e-01 1.63814521e+00
    -1.14791892e-01 -4.19292629e-01 6.39776587e-01 1.66259658e+00
    1.85463619e+00 5.50916314e-01 3.21896195e-01 3.40653695e-02
    1.29214132e+00 3.57392222e-01 8.89243364e-01 1.75100100e+00
    7.69264996e-01 1.87141240e+00 1.36798888e-01 -8.69195640e-01
    -2.87133828e-02 1.64336789e+00 7.52917707e-01 5.02039433e-01
    -5.12831807e-01 -3.70889157e-02 8.48254681e-01 2.47087955e-01
    1.20651305e+00 1.18854904e+00 1.81574726e+00 1.30626130e+00
    -2.59570003e-01 -6.66580498e-01 1.04020071e+00 1.41049623e+00
    1.63881624e+00 6.94392025e-01 -3.40185761e-01 7.66961157e-01
    1.67081702e+00 -3.78106326e-01 1.74106491e+00 -1.02127969e+00
    -7.40705132e-02 1.11992002e+00 1.20858741e+00 1.55987293e-01
    1.37784684e+00 -7.07049847e-01 -9.64320421e-01 1.04761791e+00
    1.40146840e+00 1.63028812e+00 4.83195148e-02 1.02002144e+00
    -9.23121214e-01 5.00013888e-01 -1.93480998e-01 7.28228033e-01
    -8.68924320e-01 1.78389513e+00 1.28971398e+00 1.71592259e+00
    1.15745568e+00 -7.77351081e-01 7.76453376e-01 9.60275233e-01
    1.35666180e+00 -6.83475256e-01 -6.65205857e-03 -8.41839135e-01
    -2.12703556e-01 3.20019498e-02 1.77729762e+00 1.61467743e+00
    6.01625323e-01 -5.45382142e-01 -7.93496609e-01 -3.40590291e-02
    9.51180160e-01 1.26526213e+00 -8.08712423e-01 -5.40370703e-01
    4.27595451e-02 -1.31788447e-01 -2.50027359e-01 1.71637738e+00
    1.34146547e+00 -2.98862934e-01 9.41122055e-01 7.02520907e-01
    3.46212775e-01 -6.33193076e-01 1.07152843e+00 6.43073395e-02
    2.45764256e-01 -1.10194430e-01 -4.17976886e-01 1.61626196e+00
    9.37804043e-01 1.49195254e+00 1.55247629e+00 1.49645948e+00
    1.80094600e+00 6.77783847e-01 1.14080811e+00 -3.39190304e-01
    4.34158295e-01 -1.03967512e+00 -1.27423838e-01 6.98141754e-01
    8.51219356e-01 1.00297117e+00 1.36831856e+00 1.66413236e+00
    1.62286484e+00 -6.15372956e-01 1.32475328e+00 -7.01099187e-02
    6.39560878e-01 1.81378341e+00 1.86184561e+00 -1.43315852e-01
    1.14405371e-01 4.42125462e-02 2.09337875e-01 1.77951169e+00
    3.74152069e-03 1.58707678e+00 5.24286807e-01 -7.90281072e-02
    1.78397703e+00 5.09795904e-01 -7.55323291e-01 1.23174512e+00
    -4.10405636e-01 1.23784649e+00 1.63951230e+00 1.75916314e+00
    1.32077491e+00 -3.64914834e-02 1.33358419e+00 1.81512997e-01
    -2.79473633e-01 1.69166982e+00 1.70066297e+00 -7.16570973e-01
    5.64323306e-01 4.34671849e-01 1.01622570e+00 -5.68589151e-01
    -5.60244769e-02 -5.87679863e-01 1.19793987e+00 8.04879248e-01
    -7.99500763e-01 1.59388483e+00 6.66507542e-01 1.74765158e-02
    1.51314974e+00 9.14875686e-01 1.40560496e+00 1.85502493e+00
    1.46322572e+00 1.46334708e+00 -8.80864859e-01 1.62216926e+00
    -6.70642495e-01 -8.81476998e-01 8.83164465e-01 9.63066518e-01
    5.11199415e-01 1.91910303e+00 6.82370245e-01 1.30505323e+00
    -4.69239056e-01 1.21827340e+00 4.28470522e-02 -1.83318824e-01
    1.51655185e+00 -6.01490438e-01 9.12442684e-01 1.87975049e+00
    9.81669486e-01 -4.29419249e-01 -6.16819739e-01 -6.33446991e-01
    1.93955886e+00 1.25739574e+00 1.11605918e+00 1.40161395e+00
    1.76144913e-01 2.45321512e-01 -5.26859425e-02 1.80473721e+00
    -5.13055921e-01 -2.81057768e-02 7.30250895e-01 -2.43061721e-01
    -2.78023958e-01 1.64232183e+00 5.52943468e-01 7.56703794e-01
    1.67790556e+00 -4.28919971e-01 -9.02417064e-01 8.78821373e-01
    4.06561047e-01 1.74247205e+00 1.06650817e+00 1.86763394e+00
    1.25831318e+00 1.16271424e+00 -1.73845381e-01 1.79639876e+00
    -2.09268361e-01 6.80741966e-01 1.01496148e+00 1.06598020e+00
    5.85736275e-01 1.83498871e+00 -1.17492281e-01 4.76798654e-01
    1.62158668e+00 1.66542947e+00 2.22990894e+00 1.23989725e+00
    9.69613865e-02 -2.75011927e-01 1.76479888e+00 1.47026345e-01
    1.77911115e+00 1.29043150e+00 -6.89831913e-01 1.94732666e-01
    -8.97932529e-01 1.35400856e+00 1.54869974e+00 7.11919487e-01
    1.74290991e+00 1.69173622e+00 1.75729740e+00 3.43908548e-01
    1.92540824e+00 3.13377202e-01 9.81568992e-01 -1.10112570e-01
    -1.22966669e-01 6.96142554e-01 1.83667302e+00 -4.64841872e-01
    5.65280080e-01 -5.99113226e-01 1.69510722e+00 1.78137684e+00
    1.41004097e+00 -2.68731892e-01 -3.85823399e-02 7.08249271e-01
    -5.64261436e-01 -4.43182498e-01 7.79225603e-02 8.98324311e-01
    1.11381388e+00 5.34250557e-01 4.48572010e-01 1.52083433e+00
    -1.63598154e-02 1.15509474e+00 1.15175354e+00 9.82586324e-01
    -2.39636421e-01 1.92335796e+00 1.49139559e+00 6.20632589e-01
    -7.42914677e-01 1.37115264e+00 7.88850069e-01 1.59258580e+00
    6.91131353e-01 5.05639434e-01 1.85446370e+00 3.64295423e-01
    -5.84923327e-01 5.94154298e-01 -5.76233327e-01 -8.75910103e-01
    1.88216126e+00 1.52656364e+00 -1.74918219e-01 8.54042172e-01
    9.51201260e-01 -8.93723369e-02 1.18315220e+00 -8.23726654e-01
    8.95526230e-01 -3.90325904e-01 3.02306544e-02 7.28375852e-01
    -6.58970833e-01 1.40682614e+00 1.08667064e+00 1.50218117e+00
    9.97755587e-01 1.13843620e+00 -1.45415543e-02 -1.01048581e-01
    8.69494796e-01 1.21793723e+00 -7.47213721e-01 -3.40279192e-01
    1.92162752e+00 1.61833787e+00 1.15714896e+00 1.58310485e+00
    1.79492891e+00 1.39423263e+00 4.49917316e-01 -1.31523490e-01
    9.04352784e-01 7.22096264e-01 1.59938025e+00 -1.88571498e-01
    4.23590660e-01 5.86539805e-01 5.64546585e-01 1.40720308e+00
    -2.13819265e-01 8.69084656e-01 -3.93342495e-01 -7.19756961e-01
    1.77619219e+00 -8.04309189e-01 2.92205274e-01 -9.03959095e-01
    -4.49417323e-01 -6.97737515e-01 1.55071366e+00 1.04535806e+00
    1.31604195e+00 1.33176935e+00 2.10089535e-01 -6.32649541e-01
    1.13300657e+00 1.82406440e-01 7.48529017e-01 1.93061948e+00
    1.55002725e+00 9.95088518e-01 -9.35653150e-01 1.41302443e+00
    1.02726471e+00 1.45348847e+00 -5.39391816e-01 -2.52518237e-01
    -9.68727469e-01 1.26026130e+00 3.75392586e-01 9.69349682e-01
    5.41880727e-01 7.48074710e-01 -1.87841326e-01 -7.13235617e-01
    -7.59278536e-02 9.38825905e-01 -9.68605638e-01 1.40045202e+00
    -6.74812317e-01 1.66336620e+00 -3.60809058e-01 -4.55299765e-01
    4.23784852e-01 -8.83019686e-01 1.83467197e+00 9.94415507e-02
    2.27325872e-01 -4.35508788e-02 6.84077203e-01 1.54904366e-01
    9.10292923e-01 1.74690831e+00 -6.59544528e-01 -5.68710804e-01
    1.04202402e+00 1.21586108e+00 -1.76107943e-01 1.30925691e+00
    -5.97934365e-01 -5.43785617e-02 -5.17132223e-01 3.05353701e-01
    1.63766801e+00 3.92544687e-01 1.29484260e+00 1.88065255e+00
    1.94378436e+00 -8.42911720e-01 -1.35344714e-01 -4.14243877e-01
    -5.10506630e-01 8.51971567e-01 5.80723047e-01 -2.67709315e-01
    7.36198723e-02 1.49515426e+00 1.33326280e+00 1.54376948e+00
    -5.54887474e-01 1.66340327e+00 -6.87407434e-01 2.64349759e-01
    5.98526061e-01 9.17461872e-01 3.58414650e-02 -3.94821882e-01
    1.14976454e+00 9.57290530e-01 -3.51333290e-01 1.76927909e-01
    4.26265478e-01 -1.04147740e-01 -7.98399329e-01 -8.03966045e-01
    -9.17864263e-01 1.87478471e+00 1.22600448e+00 1.60686219e+00
    1.78172553e+00 6.96393847e-01 2.27248818e-01 -7.73572862e-01
    -7.07426786e-01 1.96274102e+00 -4.53992456e-01 -4.43967670e-01
    4.14308697e-01 1.06435263e+00 -8.67659152e-01 1.62460446e+00
    1.29389322e+00 9.53058243e-01 -1.75948098e-01 -7.58939624e-01
    -9.18902874e-01 -5.28207302e-01 -4.83353823e-01 -9.27746832e-01
    1.89009428e+00 -7.36193895e-01 1.33458138e+00 9.81215060e-01
    4.72402662e-01 6.84040859e-02 1.43835104e+00 1.58920956e+00
    5.76877534e-01 -5.03266215e-01 1.04393995e+00 1.12080586e+00
    1.34764433e+00 1.02077556e+00 1.72836113e+00 1.63366199e+00
    -7.91814089e-01 -8.60843241e-01 1.94086790e+00 1.32911801e+00
    -2.60813296e-01 5.10914743e-01 -9.71229792e-01 1.53516734e+00
    1.33270115e-01 1.14106774e+00 -7.08965063e-01 8.02388966e-01
    -6.55877292e-01 4.24842179e-01 1.30637026e+00 -4.85701442e-01
    9.05674789e-03 1.21952522e+00 1.46595764e+00 1.40975177e+00
    1.64462578e+00 1.29061475e-01 1.59849644e+00 6.66007459e-01
    -9.88918543e-01 -9.26137269e-01 9.31041539e-01 -5.21530569e-01
    1.23933291e+00 -8.60884488e-01 -4.17241231e-02 -5.67024052e-01
    1.95961940e+00 8.82064253e-02 1.85996354e+00 -5.64513087e-01
    -2.87303478e-01 -4.14096057e-01 9.45034862e-01 1.43303975e-01
    -3.55805725e-01 1.60462797e+00 1.27159131e+00 1.87225103e+00
    7.90858328e-01 1.03951432e-01 1.48873019e+00 4.10245776e-01
    4.70082834e-03 1.34353173e+00 1.22550893e+00 9.58976448e-01
    1.86901510e+00 1.16539516e-01 1.60764956e+00 1.65505838e+00
    1.26599610e+00 3.48357886e-01 3.14642549e-01 9.65969324e-01
    -7.16541529e-01 6.29259586e-01 -6.23229861e-01 1.37011778e+00
    1.45108712e+00 -8.28890353e-02 9.05583143e-01 1.43494141e+00
    -4.63034004e-01 1.81216896e+00 -9.00794864e-01 9.65995014e-01
    -6.09655499e-01 1.06286132e+00 1.70966589e+00 1.07824075e+00
    1.94924343e+00 -4.24396485e-01 5.97539127e-01 1.93419588e+00
    1.63146484e+00 -7.65580416e-01 1.84531367e+00 -9.52348471e-01
    7.95189679e-01 -2.54725307e-01 2.26832062e-01 -7.25615144e-01
    5.78930736e-01 1.51978064e+00 2.76629925e-01 9.79413807e-01
    -8.06955218e-01 9.69785452e-02 -1.40904576e-01 1.96980608e+00
    5.03400385e-01 1.38631403e+00 -6.85168579e-02 -3.73141319e-01
    3.31359982e-01 -8.25692713e-01 -2.49988988e-01 4.08919811e-01
    1.36741078e+00 -8.59016716e-01 -9.83546555e-01 -4.17820036e-01
    1.54769588e+00 -9.58719492e-01 1.60936856e+00 -8.37174356e-01
    9.49200094e-01 3.70103747e-01 8.03480446e-02 1.46661952e-01
    -5.35972357e-01 -5.92721522e-01 2.31713220e-01 -5.00679195e-01
    -2.86511570e-01 1.54988015e+00 -8.79671145e-03 -1.61233777e-03
    1.15023839e+00 1.51743841e+00 1.81521571e+00 1.14023931e-01
    5.93286812e-01 1.54139352e+00 1.58442348e-01 1.33211160e+00
    1.23868036e+00 7.65044987e-01 1.88767612e+00 5.30224860e-01
    -6.58269227e-01 -4.83953416e-01 9.38611388e-01 1.10180783e+00
    1.57870615e+00 -6.71408713e-01 1.04837513e+00 3.07252169e-01
    -4.94160466e-02 2.69012332e-01 -8.85195792e-01 -9.46642578e-01
    1.84268439e+00 1.23402774e+00 9.11890566e-01 1.26734853e+00
    1.23043609e+00 -6.46747053e-01 1.51040280e+00 1.44200039e+00
    7.38927364e-01 2.19603598e-01 -9.78834834e-03 1.49563059e-01
    1.75771391e+00 1.59817532e-01 -8.76153827e-01 4.58441108e-01
    2.52202719e-01 2.11624771e-01 1.89822936e+00 1.63442755e+00
    2.83543140e-01 1.07257694e-01 8.66526961e-01 -3.32914479e-02
    -9.04558320e-03 1.31413567e+00 1.18854356e+00 -9.20272291e-01
    1.68676412e+00 5.00647724e-01 9.94647443e-01 3.33356470e-01
    1.08958232e+00 7.77396500e-01 9.50462878e-01 5.63463233e-02
    6.17141962e-01 2.01109767e+00 1.04844201e+00 1.90656543e+00
    6.71540141e-01 7.04448938e-01 1.02576065e+00 -5.07609248e-01
    3.00567776e-01 5.20902336e-01 4.74904209e-01 1.57672048e+00
    1.37251091e+00 1.70958745e+00 1.63193202e+00 -1.01561892e+00
    4.93998140e-01 1.20726728e+00 -8.06028843e-01 -9.13466394e-01
    7.85754204e-01 1.16032255e+00 1.57171571e+00 -9.08122897e-01
    1.74212301e+00 1.00512373e+00 7.29523301e-01 -2.88122416e-01
    5.45892239e-01 1.23049784e+00 -3.66239160e-01 -8.09835434e-01
    9.20456648e-02 6.53339803e-01 6.52714431e-01 2.40608141e-01
    9.58533168e-01 -1.97615758e-01 -6.99556246e-02 4.82469231e-01
    9.59531486e-01 -6.80671036e-01 -8.33461225e-01 1.17854810e+00
    1.02882242e+00 1.82049835e+00 -1.52667835e-01 7.73534596e-01
    -3.42824042e-01 1.37751615e+00 4.91328567e-01 4.41030771e-01
    -2.54521489e-01 1.78762066e+00 9.43339050e-01 1.67187846e+00
    1.08833885e+00 1.51311207e+00 1.68161237e+00 1.29173362e+00
    5.09296179e-01 5.02172530e-01 1.81989205e+00 5.02104938e-01
    -6.91232502e-01 1.25499034e+00 -3.19282323e-01 -2.10474104e-01
    1.62794828e+00 1.35442525e-01 -3.52194756e-01 7.11714923e-01
    1.01414740e+00 4.03035551e-01 2.33849853e-01 1.57515836e+00
    -3.19916993e-01 1.35263085e+00 -2.63218462e-01 -6.17300272e-01
    1.92957330e+00 1.90360510e+00 1.74673736e+00 6.53351098e-02
    1.03420246e+00 1.60405362e+00 -2.01810226e-02 -1.91012725e-01
    7.87548959e-01 6.14747107e-01 -8.06140155e-02 1.21275514e-01
    2.21454215e+00 1.00785792e+00 2.72691101e-01 2.01535845e+00
    -8.84700239e-01 1.67512453e+00 1.85719895e+00 3.44041377e-01
    1.14280784e+00 -2.36789048e-01 -1.76178247e-01 1.02147245e+00
    5.15564382e-01 -3.96056443e-01 -9.44542348e-01 1.00910544e+00
    5.34574091e-01 6.39791548e-01 -8.01153183e-01 -7.76257873e-01
    1.64797330e+00 3.50604206e-01 -5.24120927e-01 -6.76740050e-01
    -9.31362808e-01 1.34203887e+00 1.93501914e+00 -6.64985836e-01
    1.11411166e+00 -8.04958105e-01 1.52520537e+00 1.67038190e+00
    -3.82083774e-01 8.53183448e-01 1.58782351e+00 -7.06707478e-01
    -4.79696691e-01 -6.08767450e-01 -2.33381718e-01 -8.66667181e-02
    8.53251159e-01 4.36755180e-01 1.06993401e+00 8.47199202e-01
    -3.21035236e-01 -8.86490464e-01 -1.30069509e-01 -2.64160603e-01
    -9.22619700e-01 3.80092442e-01 7.44572163e-01 4.86105829e-01
    -6.10526741e-01 1.51600540e+00 -7.37491667e-01 -7.33184338e-01
    -9.00212646e-01 1.34373093e+00 1.27271211e+00 -1.05925880e-01
    -1.95281297e-01 1.80368412e+00 5.33697844e-01 1.28580308e+00
    6.96285129e-01 7.75844395e-01 1.38657081e+00 1.71176875e+00
    1.28321087e+00 1.36410570e+00 3.33270192e-01 -8.65278244e-01
    1.06776632e-01 1.24666834e+00 1.23480713e+00 9.42124069e-01
    1.26337123e+00 -4.62135952e-03 3.22868913e-01 9.61525679e-01
    -8.24343026e-01 9.65032995e-01 6.60455823e-01 -3.80375504e-01
    -8.74340296e-01 4.15918201e-01 -9.56990302e-01 -8.79857421e-01
    1.88098937e-01 8.17526430e-02 9.07033026e-01 3.26484025e-01
    1.32165945e+00 -3.63123059e-01 1.00397205e+00 1.77386332e+00
    1.65709150e+00 1.34468460e+00 9.48734507e-02 -7.00838745e-01
    1.68011978e-01 -8.40164050e-02 8.24468434e-01 -2.35428177e-02
    5.36445975e-01 9.45708275e-01 -4.16979551e-01 6.63953006e-01
    -1.93313882e-01 1.18979585e+00 -6.07723475e-01 -3.08157682e-01
    1.40237975e+00 -2.37475708e-01 -8.37435663e-01 1.73730302e+00
    -5.67567468e-01 1.55027294e+00 -5.68345129e-01 1.48509896e+00
    1.02604032e+00 9.90036905e-01 1.48173082e+00 1.02782977e+00
    1.49806380e+00 1.27589154e+00 -7.80999601e-01 -4.25293326e-01
    2.84180433e-01 1.33018613e+00 8.00617754e-01 1.00145555e+00
    -3.29360187e-01 -1.01375353e+00 5.49188554e-01 1.15483172e-01
    1.23801410e+00 1.39839458e+00 1.09618580e+00 1.37375009e+00
    9.69981775e-02 -9.15967941e-01 1.04039407e+00 1.68745965e-01
    1.87007976e+00 7.29511797e-01 9.27563369e-01 -2.45339558e-01
    -8.85746658e-01 8.08378160e-01 1.56658685e+00 4.07778919e-01
    1.57108021e+00 1.29521561e+00 1.00793231e+00 1.63638735e+00
    -5.35075128e-01 -3.72292995e-01 2.35411018e-01 1.61147690e+00
    -6.10852718e-01 1.96497548e+00 7.47374654e-01 -9.54510629e-01
    1.59308553e+00 1.41504276e+00 5.00980496e-01 -5.70495963e-01
    1.09051907e+00 -7.02587128e-01 3.30191791e-01 -3.38731408e-01
    -5.25578797e-01 1.31239986e+00 1.04092431e+00 5.46399891e-01
    1.55518889e+00 -9.47390556e-01 -7.54606307e-01 1.39884090e+00
    -3.44633251e-01 9.37865973e-01 -2.96628922e-01 7.97306776e-01
    1.91665399e+00 1.92262143e-01 -5.58109224e-01 -4.94087696e-01
    1.40662789e+00 -3.28603387e-01 1.85936582e+00 -8.78506303e-01
    1.79991603e+00 1.86202860e+00 -4.98460770e-01 1.08721308e-01
    2.09247082e-01 3.48801881e-01 -7.80870259e-01 -9.17579830e-01
    -8.95151615e-01 -6.97014630e-01 1.92899537e+00 2.10646480e-01
    2.67446101e-01 -2.85866886e-01 1.02468765e+00 -8.53390217e-01
    1.11837184e+00 1.33105695e-01 1.22417819e+00 1.75026953e+00
    -2.00154185e-01 8.73736024e-01 -8.00042301e-02 1.49538541e+00
    -4.68448520e-01 7.18895435e-01 1.63985503e+00 -2.89522558e-01
    -8.55761051e-01 1.81044269e+00 1.58498275e+00 9.04306650e-01
    4.67656910e-01 2.33725980e-01 -3.16152781e-01 1.47824490e+00
    -1.12912387e-01 -8.95334661e-01 -7.38864720e-01 1.96752834e+00
    7.82411397e-01 1.04728234e+00 8.47185135e-01 3.07318270e-02
    1.58872843e+00 -6.05188668e-01 6.59191847e-01 -4.84580457e-01
    -3.80962133e-01 1.24314964e+00 1.79512858e+00 1.06613386e+00
    -7.22186863e-01 1.31569767e+00 4.16737527e-01 -2.12672397e-01
    1.59685028e+00 1.26073730e+00 3.77146661e-01 4.83024389e-01
    -8.57826710e-01 9.30470765e-01 2.00803161e+00 1.20274150e+00
    2.04067874e+00 1.48510933e+00 1.29286826e+00 3.68043453e-01
    1.08493888e+00 1.58630502e+00 1.02948558e+00 8.97251189e-01
    -1.98626056e-01 8.16148162e-01 -3.90329748e-01 1.83622563e+00
    1.29610136e-01 1.37023175e+00 5.71329832e-01 7.11472809e-01
    -3.71447265e-01 -4.00112420e-02 -3.98360074e-01 -2.83627342e-02
    8.12065601e-01 9.27930593e-01 9.17571425e-01 1.81251550e+00
    3.16047996e-01 1.79700148e+00 7.74230123e-01 1.51973557e+00
    -5.36482155e-01 6.65583193e-01 9.27273750e-01 -3.95830750e-01
    -8.58443916e-01 1.79441595e+00 3.08400333e-01 -5.30915856e-01
    1.34573781e+00 1.14619637e+00 -2.84930050e-01 1.39938056e+00
    5.91930687e-01 -9.62032557e-01 1.87643445e+00 7.12088287e-01
    1.31362841e-01 7.97264278e-01 4.00245368e-01 1.90984309e+00
    -5.93484282e-01 1.59069109e+00 2.25489497e-01 1.29537988e+00
    8.39828849e-01 5.79616070e-01 8.66190195e-01 1.38787127e+00
    -7.14949667e-01 -2.96399057e-01 7.00279117e-01 1.18205285e+00
    -5.36868274e-01 -9.20595765e-01 1.31672537e+00 -3.00298065e-01
    -1.83587223e-02 9.26689744e-01 -6.78112566e-01 7.64984250e-01
    1.58125734e+00 1.32502997e+00 -3.26903582e-01 5.53551733e-01
    2.32353777e-01 -7.70801663e-01 9.33341503e-01 8.58500719e-01
    1.31985986e+00 1.86380935e+00 -7.81705379e-01 6.79758072e-01
    -4.66298759e-01 -1.83413252e-01 -5.21153733e-02 4.89727885e-01
    1.58937740e+00 9.74853873e-01 3.56272072e-01 8.11457455e-01
    6.17259979e-01 -8.87752622e-02 1.42742753e+00 8.92237425e-01
    9.42513108e-01 1.49328840e+00 1.45375276e+00 1.32775080e+00
    3.08511823e-01 1.96995556e+00 -2.97537213e-03 1.05105591e+00
    1.84600449e+00 1.49059153e+00 1.62638259e+00 7.70565927e-01
    -3.69726330e-01 8.12275350e-01 1.24444604e+00 6.54992044e-01
    -1.25877336e-01 6.56759501e-01 -3.21772754e-01 6.33200049e-01
    -5.55960163e-02 6.34322941e-01 3.62530351e-01 2.15369180e-01
    1.05869246e+00 8.97274613e-02 -5.60953975e-01 -1.70395777e-01
    1.97922027e+00 -6.30654395e-02 1.10124445e+00 1.19934678e+00
    5.36136091e-01 1.67754519e+00 1.06456828e+00 2.08589345e-01
    1.54088616e+00 1.83616734e+00 6.57921374e-01 6.73089921e-01
    -5.89721859e-01 -9.62117851e-01 1.48348033e+00 3.07574093e-01
    1.14072990e+00 1.74436152e+00 1.08982301e+00 7.98321009e-01
    -3.13022658e-02 1.17715406e+00 -5.72236359e-01 1.71061158e+00
    -6.97405100e-01 1.69915700e+00 1.76528418e+00 6.59696221e-01
    5.87893315e-02 -8.86664093e-02 9.18777753e-03 -7.11536229e-01
    9.33761716e-01 4.42417383e-01 1.49303555e-01 -2.52603292e-01
    1.29133356e+00 1.52456272e+00 1.30911338e+00 -2.82748938e-01
    1.96412933e+00 6.08536005e-01 1.35194808e-01 -2.68916249e-01
    -5.09474158e-01 1.68894604e-01 1.76268503e-01 -5.82184494e-01
    1.65900826e+00 1.80997014e+00 4.69801798e-02 1.33656108e+00
    -9.72544014e-01 1.69768453e+00 6.63607001e-01 -4.80321556e-01
    1.76833582e+00 1.39815077e-01 8.53154421e-01 1.63445413e+00
    1.80850935e+00 1.33262348e+00 -1.45851716e-01 1.86521411e+00
    7.68415689e-01 1.96488512e+00 1.50493920e+00 -6.63656294e-01
    -4.52097356e-01 1.45789993e+00 1.03331553e-02 1.09248519e+00
    -3.36112618e-01 -1.03562713e-01 -5.99035621e-01 -5.31761348e-01
    1.18809676e+00 4.94904667e-01 8.58695209e-01 1.12967598e+00
    1.87203562e+00 5.02260149e-01 -1.90152600e-01 2.01421380e+00
    -6.06071711e-01 1.11952353e+00 3.95459086e-01 6.98013902e-01
    4.11801875e-01 -6.86282098e-01 5.93067482e-02 1.70949602e+00
    -5.25775909e-01 -3.81084122e-02 7.08945811e-01 2.71455765e-01
    5.09649754e-01 1.51895571e+00 9.60412621e-01 -8.30760837e-01
    1.48142982e+00 1.61860347e+00 -9.02298152e-01 -3.18073153e-01
    -7.32066259e-02 -5.01199543e-01 3.04317236e-01 7.39703238e-01
    3.10024381e-01 -7.23652959e-01 6.66499615e-01 1.29638863e+00
    -7.63352752e-01 6.52928233e-01 2.76045829e-01 5.86663127e-01
    2.73663104e-01 -7.24174798e-01 1.83937216e+00 1.55791974e+00
    7.92311192e-01 -6.60428703e-01 -6.81077838e-01 -1.83896571e-01
    -1.09695673e-01 -9.77451921e-01 3.68958622e-01 2.35958740e-01
    -1.80052854e-02 -3.96148503e-01 1.44744754e+00 1.85969830e+00
    1.05899572e+00 -1.68196246e-01 -3.50494862e-01 1.05524230e+00
    1.84256601e+00 1.85096860e+00 1.84691155e+00 1.40279531e+00
    -2.55571306e-02 -3.22177023e-01 1.20479512e+00 1.57885206e+00
    1.88353205e+00 -7.61381209e-01 6.32250428e-01 1.29632556e+00
    1.58849096e+00 -4.45678592e-01 -5.64272463e-01 2.97315449e-01
    1.61132026e+00 -8.29866350e-01 1.49890924e+00 3.72856320e-03
    6.83529437e-01 3.71640861e-01 -5.07762171e-02 1.96883583e+00
    6.82941452e-02 1.45271730e+00 4.15029079e-01 5.05791903e-01
    -3.00142288e-01 -1.24678425e-01 4.15044934e-01 -9.16625977e-01
    1.42938745e+00 -5.49502194e-01 -6.49661660e-01 1.40866959e+00
    1.49818563e+00 -7.63827026e-01 1.18672326e-02 1.73831308e+00
    4.59539980e-01 1.14748740e+00 4.50460434e-01 -8.21315050e-01
    7.49724388e-01 1.76239336e+00 5.60289025e-02 7.21705794e-01
    9.27956641e-01 -2.92677224e-01 -4.92292643e-01 3.07608157e-01
    9.78540123e-01 -6.56698123e-02 1.13287747e+00 7.53398955e-01
    3.84062648e-01 9.94298458e-01 -7.09529817e-02 1.57643139e+00
    1.19991791e+00 3.00239474e-01 -3.72952580e-01 1.35932696e+00
    -1.29037067e-01 1.32639301e+00 1.94517219e+00 3.23757567e-02
    -6.79960966e-01 1.78339556e-01 1.51047921e+00 -3.93317729e-01
    7.23914921e-01 -6.75702512e-01 8.74479592e-01 9.27843213e-01
    -5.50258815e-01 -9.07873392e-01 -4.16620582e-01 9.00017083e-01
    -5.11556625e-01 8.97130847e-01 9.81115282e-01 4.28901464e-01
    1.46566236e+00 -8.40614021e-01 -4.53706801e-01 6.20479822e-01
    1.25211984e-01 1.84782410e+00 6.40019178e-01 1.20379925e+00
    3.93388540e-01 5.16464412e-01 1.52213991e+00 -2.47922763e-01
    3.26592714e-01 5.28473854e-02 4.59588200e-01 2.31835227e-02
    2.83751022e-02 4.69071567e-01 1.24324906e+00 2.05050126e-01
    1.31121829e-01 6.26884878e-01 1.64860022e+00 4.13445942e-02
    -7.57565558e-01 1.05926192e+00 1.65466815e-01 -6.00847490e-02
    -4.17965293e-01 -3.70418310e-01 -4.55449522e-01 -8.01359475e-01
    5.32565475e-01 4.83171821e-01 -1.30455256e-01 1.97940528e+00
    1.67389476e+00 -5.18517673e-01 -9.25559461e-01 -2.98973769e-01
    -4.79512036e-01 -2.59495139e-01 1.94082415e+00 -4.62583661e-01
    -3.95122349e-01 -8.60373974e-01 9.57557380e-01 -1.04886442e-01
    -7.58689404e-01 3.27033475e-02 -2.48443142e-01 -1.02590954e+00
    1.75250113e+00 5.24083495e-01 1.52973175e+00 1.11112846e-02
    -9.86867249e-01 1.01187968e+00 1.40020859e+00 1.39447069e+00
    4.27677304e-01 1.31142867e+00 1.60300756e+00 4.87270802e-01
    -7.40501523e-01 1.91342139e+00 1.70390809e+00 1.00565648e+00
    1.08955908e+00 -3.33411813e-01 5.09838164e-01 1.61570406e+00
    -5.52288234e-01 1.65922153e+00 1.24177837e+00 7.01343358e-01
    1.47873271e+00 5.83876312e-01 4.53107566e-01 -5.06085217e-01
    7.13625968e-01 8.68475914e-01 9.73251283e-01 1.51328444e+00
    -5.18534362e-01 1.86401045e+00 1.35874242e-01 6.56755328e-01
    1.17478144e+00 1.26244009e+00 -8.78179431e-01 -5.51239371e-01
    1.87553063e-01 1.62304986e+00 1.21100295e+00 -8.68974149e-01
    6.11821055e-01 4.81591344e-01 -1.60296693e-01 7.23851621e-01
    -4.90121037e-01 1.35414290e+00 1.33697283e+00 1.72231948e+00
    -3.98704708e-01 1.66260874e+00 -5.32665074e-01 1.48949301e+00
    1.51161537e-01 1.65903723e+00 1.06792808e+00 -7.00335145e-01
    1.62399268e+00 1.35685170e+00 -6.28697932e-01 -3.43365848e-01
    -3.17155302e-01 1.25827897e+00 1.51728976e+00 1.64578247e+00
    -1.07799642e-01 1.24239612e+00 6.00709498e-01 -9.68357623e-02
    1.71720922e+00 -5.10549247e-01 1.87862706e+00 1.06182508e-01
    9.98891950e-01 1.87988091e+00 1.08153093e+00 -8.19692671e-01
    1.79117072e+00 5.35225689e-01 1.57921934e+00 -1.15196630e-01
    1.21037197e+00 -7.15867341e-01 -5.95658123e-01 -6.09925032e-01
    3.95059437e-01 1.57787383e-01 1.18616235e+00 -5.57886511e-02
    1.27644145e+00 -9.23482478e-01 8.76170635e-01 7.43318737e-01
    -2.93390602e-01 -6.85390890e-01 2.15914100e-01 -3.82420152e-01
    7.70231068e-01 6.91802979e-01 -6.04620099e-01 2.15462327e-01
    1.48128521e+00 1.24957395e+00 1.51215518e+00 1.17036557e+00
    1.50169897e+00 2.38951921e-01 -6.99210405e-01 -2.83788666e-02
    1.02487254e+00 4.12691571e-02 7.84969032e-02 6.86839581e-01
    8.06074440e-01 -5.26315197e-02 1.36210907e+00 1.41891885e+00
    8.87177229e-01 2.78385971e-02 6.38106346e-01 2.02749753e+00
    -9.87478673e-01 5.25289655e-01 2.10270733e-02 -1.12419739e-01
    -7.63834655e-01 -4.50158507e-01 1.11691010e+00 8.30899894e-01
    -4.11302119e-01 -1.18435539e-01 -7.42575884e-01 -6.18747830e-01
    3.30685496e-01 4.89171565e-01 1.69084334e+00 -8.33420083e-02
    3.08799535e-01 1.22224295e+00 1.45423427e-01 -4.15883353e-03
    -8.84919286e-01 -5.70609808e-01 1.88481778e-01 -3.82305145e-01
    1.11790013e+00 1.88014352e+00 -9.51226592e-01 1.47040212e+00
    8.85588646e-01 -6.31057560e-01 -6.24290705e-01 1.27972054e+00
    1.14308335e-01 1.92598176e+00 9.70724523e-01 -9.20463502e-01
    -4.11163568e-01 1.02913296e+00 9.29348588e-01 -7.70216510e-02
    1.39641380e+00 8.41119289e-01 5.29462039e-01 5.54621145e-02
    -6.90318644e-01 5.93156457e-01 3.91925454e-01 1.01012123e+00
    1.14549506e+00 3.41090292e-01 1.67417392e-01 5.30418694e-01
    5.37892938e-01 -4.71659005e-01 1.10793412e+00 -7.89278328e-01
    9.45976079e-01 1.47736740e+00 1.22053421e+00 -6.12787962e-01
    4.45376962e-01 -6.19498193e-01 1.32452500e+00 3.05985883e-02
    8.42050433e-01 1.38793087e+00 1.37464154e+00 8.19260597e-01
    1.42088687e+00 1.64154315e+00 4.12310719e-01 6.33430541e-01
    6.25545084e-01 -5.82270086e-01 1.14849567e+00 4.31731194e-01
    2.48708114e-01 9.50970501e-02 1.39570129e+00 2.01005602e+00
    1.39594364e+00 1.19502142e-01 1.85354698e+00 9.10740376e-01
    1.49726331e+00 1.74488699e+00 6.48213387e-01 5.93424916e-01
    9.49433923e-01 8.67963493e-01 1.26911211e+00 -4.38260585e-01
    1.02242196e+00 -5.11092126e-01 -1.22505106e-01 5.63097477e-01
    6.12185419e-01 1.54299475e-02 -2.33002678e-01 -3.48339118e-02
    1.43394160e+00 1.39210391e+00 -7.45818019e-01 1.25137985e+00
    4.04653311e-01 1.85521138e+00 6.02331161e-01 5.20835459e-01
    7.81818032e-02 1.63812971e+00 -4.85245258e-01 2.34924242e-01
    1.22682130e+00 -6.23906739e-02 -5.39335132e-01 2.05314136e+00
    -5.42549603e-02 -4.68368605e-02 1.40183151e+00 9.91492987e-01
    -8.85635018e-01 1.01395953e+00 8.92031118e-02 1.44595146e+00
    8.74294341e-01 1.67567825e+00 1.21522278e-01 1.59861887e+00
    -2.98946470e-01 7.36298978e-01 1.70676804e+00 1.59468770e+00
    6.84531748e-01 1.71621752e+00 1.00125112e-01 3.14261734e-01
    -3.60963374e-01 1.37120217e-01 1.73808992e+00 -1.24800190e-01
    1.62893474e+00 -4.42778677e-01 -3.42149347e-01 -6.58994138e-01
    1.22820985e+00 1.93637216e+00 6.34401262e-01 5.26684940e-01
    -8.32608998e-01 -9.02879059e-01 -7.68695101e-02 2.90407568e-01
    -2.82481790e-01 1.14076209e+00 -1.19060755e-03 1.37742603e+00
    1.85607529e+00 5.47728539e-01 1.36162090e+00 -2.16243401e-01
    -8.27334344e-01 -6.48428619e-01 2.49551877e-01 2.33212382e-01
    -3.97922814e-01 1.52316856e+00 8.62227261e-01 -4.37205940e-01
    -6.93540692e-01 1.51626527e+00 8.42041135e-01 2.72292197e-01
    1.81023705e+00 2.61776626e-01 4.57330823e-01 1.83260214e+00
    1.76805544e+00 3.01876396e-01 -6.57814801e-01 1.45307422e+00
    2.30232015e-01 -7.07931459e-01 1.57121754e+00 -7.75869727e-01
    -6.57919347e-01 1.06386852e+00 1.26221704e+00 1.32763708e+00
    -8.82073760e-01 8.92190695e-01 -2.47766510e-01 1.95130658e+00
    -5.95186114e-01 3.00533056e-01 -7.96624422e-01 1.33537543e+00
    -8.82163167e-01 -4.22712266e-01 2.80632246e-02 1.28268814e+00
    5.13170585e-02 6.11109495e-01 -6.15956545e-01 1.58622131e-01
    5.37260294e-01 1.55220437e+00 3.54575932e-01 -4.59276110e-01
    -1.17938690e-01 -7.68649101e-01 -5.47777057e-01 -5.09158134e-01
    -3.19718808e-01 1.14477658e+00 1.79102898e+00 6.97593331e-01
    1.54225215e-01 -6.79261163e-02 1.96666396e+00 -4.01288271e-01
    8.33888769e-01 1.12834267e-01 -4.76774603e-01 8.85868669e-02
    4.46254492e-01 1.83812523e+00 9.07363474e-01 2.74807483e-01
    1.21993160e+00 1.13406682e+00 -7.04547763e-01 4.45548683e-01
    7.68660307e-01 8.23892772e-01 -4.22847778e-01 -4.73518878e-01
    6.99936807e-01 3.69206443e-02 -2.11677805e-01 1.55283362e-01
    4.71936017e-01 1.31621075e+00 1.02253509e+00 -5.32527149e-01
    -1.10053644e-01 -5.61338246e-01 1.03567016e+00 -6.65245712e-01
    1.97679591e+00 5.07424235e-01 1.56713724e+00 7.75535479e-02
    3.15243870e-01 1.28356731e+00 -2.19753638e-01 -3.63625765e-01
    -1.01927292e+00 3.64650935e-01 -6.11352026e-01 1.25794077e+00
    9.04628217e-01 1.65170968e+00 4.41338152e-01 1.60399425e+00
    1.52746928e+00 1.87486386e+00 9.29194212e-01 -2.71046042e-01
    8.77632976e-01 1.87377632e+00 1.47105336e+00 5.47162473e-01
    3.15255284e-01 9.01662946e-01 -3.78828049e-01 -1.71776503e-01
    -1.46648496e-01 -1.32376209e-01 -5.82711279e-01 2.97755867e-01
    6.06496155e-01 -8.62438738e-01 5.61094999e-01 -6.64150342e-02
    1.37456775e+00 1.15089941e+00 -5.31955063e-01 -7.70517051e-01
    -8.83834839e-01 1.52998018e+00 1.01493621e+00 1.35304093e+00
    -7.17615068e-01 -5.75012088e-01 1.46038735e+00 7.78764606e-01
    5.54007292e-01 1.04869902e+00 6.77433014e-02 1.22166324e+00
    7.16337189e-02 -8.78884256e-01 1.20554495e+00 7.34330192e-02
    1.89298177e+00 -4.03523296e-01 -6.61033809e-01 5.05930148e-02
    9.52755511e-01 -6.49867415e-01 1.59204400e+00 1.38713872e+00
    1.34775376e+00 1.87072143e-01 1.14753090e-01 7.86078393e-01
    -2.95923859e-01 3.04369658e-01 5.93047321e-01 6.46785259e-01
    5.79848409e-01 8.71741846e-02 -4.47414845e-01 -6.88785136e-01
    1.13657844e+00 8.80694449e-01 -7.57297993e-01 -6.18556082e-01
    1.96142566e+00 -7.78513610e-01 1.63082266e+00 6.70753181e-01
    -4.91340995e-01 7.34834254e-01 1.43764004e-01 9.95635092e-01
    1.81472635e+00 1.82088900e+00 -9.27805007e-01 4.55359310e-01
    1.34662402e+00 -7.78623521e-02 -2.67629474e-01 9.87985134e-01
    6.44148290e-01 8.79703164e-01 1.03953695e+00 1.10284841e+00
    6.92398608e-01 1.23177731e+00 -4.26279426e-01 -2.59797666e-02
    2.03804761e-01 -7.67997980e-01 -2.96081841e-01 -6.09834611e-01
    9.58029687e-01 7.93927252e-01 3.21405500e-01 2.38859355e-01
    -6.93796039e-01 -2.59566247e-01 5.37693501e-01 2.48343423e-02
    2.19483638e+00 -7.10964501e-01 -9.02404115e-02 1.12642920e+00
    -6.02459252e-01 1.58022240e-01 1.50004721e+00 3.60643774e-01
    5.18233664e-02 5.28369188e-01 -2.28594065e-01 4.68336761e-01
    1.33211827e+00 8.15906644e-01 5.87071478e-01 -2.12109983e-01
    4.35143858e-01 -4.27078694e-01 1.84137762e+00 1.70197618e+00
    -4.92317915e-01 3.00272889e-02 -5.73047578e-01 -6.27434552e-01
    1.40274203e+00 1.50352228e+00 1.62926340e+00 -1.52513295e-01
    -6.98574126e-01 1.68606555e+00 -7.39116430e-01 9.49876904e-01
    6.36967897e-01 1.40356696e+00 -3.28349710e-01 -8.47787678e-01
    1.25618362e+00 5.24535000e-01 1.05315244e+00 -2.29903430e-01
    -6.54708207e-01 -7.65498340e-01 -1.88132018e-01 8.00952196e-01
    -8.47973406e-01 8.43399614e-02 -2.26977199e-01 -3.10109019e-01
    7.21520722e-01 -9.15785909e-01 -5.47120392e-01 1.37483060e+00
    1.21408737e+00 3.67901146e-01 9.51167226e-01 4.63764131e-01
    1.84354663e+00 8.59489918e-01 1.90265685e-01 -7.60493614e-03
    -9.50195491e-01 1.11719084e+00 -1.98635295e-01 1.61312330e+00
    7.89413929e-01 1.67754814e-01 -8.34276617e-01 -1.82790577e-01
    -5.34875154e-01 -8.18308651e-01 5.82023188e-02 -4.33495402e-01
    9.02706504e-01 -6.56147361e-01 9.63902891e-01 -5.00946403e-01
    1.39487541e+00 8.41778815e-01 -2.89555281e-01 -3.85874569e-01
    4.43608195e-01 1.13901389e+00 -5.37494898e-01 2.87483394e-01
    1.48783386e+00 1.52349174e-01 8.87454391e-01 8.43084097e-01
    6.48056984e-01 1.14178824e+00 4.23106223e-01 6.17159545e-01
    2.78744221e-01 1.36371207e+00 -5.34567952e-01 3.42538267e-01
    -2.31126472e-01 2.92839020e-01 1.70158398e+00 1.37042975e+00
    -6.80698872e-01 1.48652780e+00 1.59254479e+00 1.00360286e+00
    1.50109744e+00 -9.52670813e-01 1.72801220e+00 1.95914376e+00
    -7.31339395e-01 -7.54113495e-02 -2.78730363e-01 1.16319284e-01
    -3.36949706e-01 7.00231254e-01 -3.07510644e-01 -2.94236988e-01
    8.05941701e-01 1.50998223e+00 1.20405185e+00 7.90443420e-01
    1.90494478e+00 -2.72961825e-01 -8.75365555e-01 -9.14375007e-01
    9.19774055e-01 2.50250220e-01 1.14842474e+00 -8.71550739e-01
    -1.51910663e-01 -2.30853677e-01 1.96559763e+00 -3.89458954e-01
    2.33603686e-01 2.18353644e-01 1.20732796e+00 7.83179283e-01
    -6.71436667e-01 1.94721031e+00 1.44293034e+00 -3.33863348e-02
    1.12938333e+00 6.87032104e-01 1.84890616e+00 1.61470845e-02
    2.12028313e+00 1.82340240e+00 1.02732849e+00 -1.86677992e-01
    -9.10377741e-01 2.83863276e-01 -1.00116515e+00 8.33618581e-01
    1.60045123e+00 -2.70653754e-01 1.88466465e+00 9.45958555e-01
    2.70067096e-01 -7.45306015e-01 1.06258357e+00 1.40437996e+00
    -9.39931512e-01 8.82311404e-01 -9.03006047e-02 1.59119785e+00
    1.73457444e+00 1.91381001e+00 6.04644716e-01 1.03427899e+00
    4.59872037e-01 -3.36413562e-01 1.57452106e+00 3.31435293e-01
    1.39198446e+00 1.04717597e-01 -6.35223463e-02 1.18190229e+00
    7.62909889e-01 1.81248176e+00 1.40307760e+00 1.84273422e-01
    -1.03814971e+00 1.66695738e+00 1.84994936e+00 9.08515632e-01
    1.56416953e+00 2.38974184e-01 -9.59871888e-01 3.13892424e-01
    -6.40850008e-01 6.17303073e-01 -4.87996787e-01 1.21661150e+00
    1.13402426e+00 1.22625959e+00 4.42715317e-01 6.10785007e-01
    1.31291258e+00 -8.62925291e-01 1.78746915e+00 -5.87336123e-02
    2.38805458e-01 -3.69596183e-01 -8.05421114e-01 1.94880342e+00
    1.15514541e+00 6.79110408e-01 -8.05372834e-01 1.08117175e+00
    -2.20033020e-01 1.26958358e+00 1.66256145e-01 3.19954365e-01
    -3.17627758e-01 4.55493331e-01 -4.32882339e-01 1.12619400e+00
    1.47518134e+00 -3.63153338e-01 1.74420798e+00 5.80960333e-01
    1.27569687e+00 -9.09118712e-01 -3.62664670e-01 1.13508689e+00
    1.04401362e+00 8.99050772e-01 -7.47839093e-01 1.34196031e+00
    1.47522140e+00 5.48845768e-01 1.18290341e+00 -1.21381797e-01
    1.24590838e+00 -1.83704749e-01 1.19630432e+00 -3.85847390e-01
    -2.57347077e-01 7.24185705e-02 2.31299847e-01 -7.85498440e-01
    -6.13251865e-01 4.70592648e-01 -5.69234610e-01 -2.73417652e-01
    1.02605700e+00 1.22608590e+00 5.20664096e-01 3.48928779e-01
    7.10760295e-01 6.69930041e-01 7.56333590e-01 -6.66417599e-01
    -8.23645592e-01 -5.31976409e-02 6.51777923e-01 8.07704270e-01
    2.04552442e-01 1.19337487e+00 1.45517945e+00 6.83528066e-01
    1.69711575e-01 1.62553775e+00 3.70089412e-01 -7.71866798e-01
    -2.64627934e-01 3.48661184e-01 -1.88520551e-02 -4.13867056e-01
    -4.09918666e-01 1.86606061e+00 1.86676085e-01 1.59697807e+00
    5.43208241e-01 7.88471401e-01 1.33285737e+00 -4.88250524e-01
    -1.41457811e-01 1.54525673e+00 1.30794716e+00 2.88679302e-01
    1.13861835e+00 1.22447646e+00 -4.44126040e-01 5.08228600e-01
    -8.17550659e-01 1.80358183e+00 -1.09099656e-01 7.42847741e-01
    1.51451039e+00 -6.50410116e-01 3.09229881e-01 -7.74810612e-01
    1.81489512e-01 3.85078311e-01 6.46916449e-01 -1.48821250e-01
    -1.71790898e-01 -3.12800705e-01 -3.61484081e-01 8.79977942e-02
    1.58607447e+00 -7.85587490e-01 1.62982738e+00 1.24399137e+00
    1.13520014e+00 -3.67296487e-01 -4.07691687e-01 1.51967478e+00
    -4.44325387e-01 -3.03982973e-01 -7.78365135e-01 -4.05185342e-01
    -7.35304952e-01 -5.38164735e-01 1.89787102e+00 1.90180504e+00
    -9.55966532e-01 -7.01107860e-01 1.16122830e+00 1.38205147e+00
    -9.60551620e-01 1.37085664e+00 5.63358068e-01 -1.00551713e+00
    1.59557474e+00 4.07236874e-01 -9.73014832e-01 1.83251715e+00
    -7.47119963e-01 -6.75612807e-01 -1.90216660e-01 -9.29620955e-03
    4.82181102e-01 9.90082562e-01 -8.36782455e-01 1.85198772e+00
    1.65290451e+00 5.66731095e-01 1.48702502e+00 5.59066415e-01
    -7.86517322e-01 7.88669646e-01 4.42522299e-03 4.43526745e-01
    1.41712058e+00 8.47863913e-01 -7.05999434e-01 3.48297536e-01
    6.61951065e-01 1.82638335e+00 -3.60436201e-01 1.28723252e+00
    1.20723915e+00 1.24704845e-01 9.07139659e-01 1.40005112e-01
    6.30543113e-01 1.38094056e+00 -1.88675374e-01 9.68941331e-01
    -5.00383787e-02 1.47098339e+00 -1.84635058e-01 1.80290723e+00
    1.22702980e+00 2.10115343e-01 8.28283370e-01 3.94530624e-01
    1.86791086e+00 -4.66944575e-01 1.35193479e+00 1.30665994e+00
    -8.71316195e-01 1.61358726e+00 -2.68886667e-02 1.55116475e+00
    1.05586946e+00 -5.84612489e-01 -9.09013152e-02 1.04984391e+00
    1.78024960e+00 1.03617823e+00 5.19266844e-01 4.16998476e-01
    1.94452748e-01 1.41207385e+00 1.32715404e+00 -1.95237517e-01
    -3.02451432e-01 1.85474229e+00 -3.27591211e-01 1.31860781e+00
    -1.00349092e+00 1.25961125e+00 -3.89011532e-01 1.11944151e+00
    1.86599207e+00 1.18046068e-01 7.15926826e-01 2.82834798e-01
    3.91120285e-01 1.11978042e+00 4.30178285e-01 1.55453241e+00
    4.35602814e-01 -9.45840180e-01 1.58693224e-01 1.19725525e+00
    1.48156333e+00 1.34941483e+00 -2.53929377e-01 -5.27157485e-01
    7.88760900e-01 -4.31444377e-01 6.13917053e-01 -2.40502924e-01
    -8.65405679e-01 4.33936387e-01 -5.50979376e-01 -2.97135711e-01
    5.80148041e-01 3.94679874e-01 -3.43051583e-01 5.50941378e-02
    1.49056005e+00 -5.36821783e-01 -4.53048855e-01 1.11337662e+00
    1.43478584e+00 1.67892444e+00 7.09256768e-01 -9.14813280e-01
    1.06167746e+00 4.04753089e-01 1.18104093e-01 1.68242145e+00
    1.69862652e+00 1.13785839e+00 3.68229449e-01 9.87057686e-02
    5.54225624e-01 -7.24528968e-01 1.04948497e+00 -7.70021677e-02
    1.04677951e+00 -6.10007048e-01 9.55232561e-01 -3.90670061e-01
    -2.38535643e-01 1.56181797e-01 1.18018115e+00 3.23924124e-01
    8.18430126e-01 6.56345844e-01 1.02860177e+00 1.50336277e+00
    1.43409860e+00 -3.11087817e-01 -6.00485504e-01 1.80088186e+00
    1.00116837e+00 3.00047129e-01 -7.74691880e-01 -2.89508075e-01
    -3.22183460e-01 -3.54763687e-01 -4.91723746e-01 1.57462597e+00
    -6.47365212e-01 1.49264550e+00 -7.04690874e-01 -6.90866947e-01
    -4.85179871e-01 1.15708244e+00 9.69283819e-01 -8.77730176e-02
    1.67824948e+00 1.75881338e+00 -1.57930762e-01 -5.99994026e-02
    -6.80302203e-01 1.11742146e-01 1.20184466e-01 -8.87544692e-01
    7.31904745e-01 -4.65249121e-01 -9.79165554e-01 6.51929319e-01
    1.31338525e+00 -3.46029401e-01 1.74249792e+00 3.46437171e-02
    -7.85674572e-01 -3.69557083e-01 1.37702382e+00 4.52799141e-01
    5.99669635e-01 9.88371670e-01 1.15211582e+00 -5.56108356e-01
    6.09223783e-01 -7.02058911e-01 4.91432965e-01 1.77399659e+00
    1.19735904e-01 1.87025040e-01 3.30550671e-02 -8.26361597e-01
    6.16518259e-01 -6.79045022e-01 -5.77776670e-01 -7.26370215e-01
    1.39368927e+00 -7.07921147e-01 -5.65185189e-01 -2.19653249e-01
    1.60912502e+00 -3.61841500e-01 7.49349177e-01 7.45845973e-01
    1.19717646e+00 -6.92051351e-01 2.23140954e-03 -2.75826097e-01
    1.70479906e+00 7.34162331e-01 8.94495189e-01 1.14575350e+00
    -4.50684309e-01 -7.39385962e-01 1.11750871e-01 9.03392494e-01
    7.31829524e-01 1.78329718e+00 1.28351021e+00 -8.71508494e-02
    -4.77293372e-01 -1.86163649e-01 7.08034217e-01 9.54425931e-01
    -8.94726396e-01 -2.37158090e-01 1.13563597e+00 4.06555831e-01
    1.32199991e+00 1.50514674e+00 -8.12839091e-01 1.70071125e-01
    -1.88985169e-01 7.81727195e-01 1.62923396e+00 1.17973447e+00
    1.28463730e-01 -1.90404043e-01 8.96055937e-01 -7.36125946e-01
    4.33880061e-01 1.74001670e+00 -9.43011284e-01 -7.44289935e-01
    1.76693833e+00 -3.13447267e-02 -2.58809626e-01 -7.81197011e-01
    -4.89197224e-01 -3.13129574e-01 -2.86764979e-01 -2.90121973e-01
    4.56946231e-02 3.06708366e-01 2.62123436e-01 9.13644731e-01
    -2.99553834e-02 1.14444101e+00 1.12828994e+00 -4.45685722e-02
    3.45565975e-01 1.16432691e+00 1.30049014e+00 1.09838533e+00
    1.51149774e+00 6.40059531e-01 -6.62002385e-01 -4.70917135e-01
    1.27507722e+00 1.12144578e+00 1.06368795e-01 -6.38332903e-01
    1.76836863e-01 5.57970047e-01 1.27826154e+00 1.60984027e+00
    2.22529754e-01 3.85687798e-01 1.85609341e+00 -7.40299106e-01
    -1.05196491e-01 1.01594663e+00 8.92019749e-01 1.65537202e+00
    -6.85336649e-01 4.24555093e-01 1.11941719e+00 1.64340150e+00
    -2.90678144e-01 1.26807833e+00 1.78613901e+00 4.97134805e-01
    -9.49044168e-01 3.71503562e-01 1.74186385e+00 1.81435692e+00
    1.80535614e+00 1.13116837e+00 4.30884808e-01 -5.60597003e-01
    1.05340391e-01 -9.00152862e-01 5.48711061e-01 7.93138385e-01
    -4.27280337e-01 -5.49445570e-01 9.90592420e-01 9.11994576e-01
    -4.11967903e-01 1.35587072e+00 1.46991670e+00 -2.41430417e-01
    1.20913231e+00 -8.09745014e-01 -7.53266335e-01 4.59761396e-02
    1.03108096e+00 1.25834477e+00 1.01618171e+00 1.35216683e-01
    1.16676152e+00 4.24223125e-01 -6.20217323e-01 1.08260036e+00
    3.88338238e-01 1.64176738e+00 1.27149653e+00 1.10636234e+00
    -2.63339162e-01 -1.35020494e-01 1.74300766e+00 1.86982524e+00
    1.88878489e+00 -3.28970343e-01 1.27662849e+00 9.18457747e-01
    -4.29265827e-01 -6.32122755e-02 6.34566486e-01 1.86135530e+00
    7.76859701e-01 2.59305865e-01 -1.10586556e-02 2.03699398e+00
    1.68958187e+00 -8.90782833e-01 -3.00681353e-01 1.51135075e+00
    4.32541817e-01 3.93265456e-01 -8.81790280e-01 8.01453650e-01
    1.56128716e+00 -5.26284516e-01 -8.29857290e-01 3.68537396e-01
    9.98971879e-01 -5.78759193e-01 1.30779612e+00 6.73718572e-01
    5.26516914e-01 -5.11332333e-01 -6.05649948e-01 6.98668420e-01
    -7.87960589e-01 -8.89490783e-01 2.03235912e+00 1.82507205e+00
    1.43538034e+00 -6.57849193e-01 1.74366915e+00 1.02751747e-01
    6.67345345e-01 1.73785472e+00 1.15843046e+00 -5.45079470e-01
    7.04877496e-01 4.48571652e-01 1.37644216e-01 3.39069903e-01
    1.25269067e+00 -4.87346441e-01 1.59637630e+00 4.28601205e-01
    5.75468361e-01 -1.63767323e-01 -1.29658863e-01 -3.44980776e-01
    -3.48684162e-01 -1.52009919e-01 1.98890996e+00 4.16758001e-01
    1.46008551e+00 9.86431479e-01 4.24856395e-01 1.20817792e+00
    -3.71221870e-01 -7.72210181e-01 1.58436298e+00 -1.87750503e-01
    7.27129161e-01 1.96974111e+00 3.76390308e-01 1.86891496e+00
    2.72040181e-02 2.00485206e+00 -3.59617233e-01 7.86373913e-01
    8.55467677e-01 1.79688776e+00 -7.90317237e-01 -3.12044352e-01
    -5.05337894e-01 -1.00551343e+00 1.07675779e+00 -9.86352980e-01
    -9.28542018e-03 1.03996265e+00 1.92795873e+00 -6.20235384e-01
    7.11486399e-01 1.41354668e+00 -4.32003140e-01 1.79093194e+00
    3.97745192e-01 2.41050705e-01 7.58223295e-01 9.11072254e-01
    5.21772325e-01 -8.19940209e-01 -5.03779829e-01 1.85106993e+00
    6.71511889e-02 1.16088784e+00 6.83739245e-01 5.57395041e-01
    1.02801251e+00 1.50382948e+00 -6.71464086e-01 2.52032548e-01
    8.88161540e-01 1.60995629e-02 1.26057506e+00 -1.31795317e-01
    1.74092948e+00 -6.93971574e-01 -4.90189731e-01 6.53297722e-01
    -6.37844324e-01 -8.37397277e-02 1.24381065e+00 1.30136597e+00
    1.70764521e-01 9.37376693e-02 8.42665493e-01 -5.21003842e-01
    1.43509591e+00 -5.95372200e-01 1.28473771e+00 4.93992597e-01
    2.01350078e-01 -7.87516117e-01 1.99090672e+00 -3.16504627e-01
    -5.75632930e-01 -4.72726941e-01 -6.48315430e-01 1.87088072e+00
    1.73892486e+00 -5.60740232e-01 1.49805737e+00 7.59541929e-01
    3.20255101e-01 9.84048426e-01 8.96377921e-01 7.70088851e-01
    6.72732592e-01 1.22363842e+00 -2.14359358e-01 4.43350315e-01
    2.43710294e-01 1.51457965e+00 -4.23534811e-01 8.78304988e-02
    4.06154454e-01 1.96420029e-01 4.84259307e-01 1.30781507e+00
    -2.46181488e-01 -1.03949212e-01 1.18785560e+00 1.70580935e+00
    7.45010674e-01 3.12364787e-01 2.05028486e+00 -6.38024867e-01
    1.64406312e+00 4.98551250e-01 2.00366950e+00 1.26098466e+00
    1.73849213e+00 1.93470299e+00 1.09019101e+00 -6.51021600e-01
    1.69450724e+00 -7.63142049e-01 -3.19597691e-01 -7.28219450e-01
    1.31035709e+00 9.87384856e-01 1.84834301e+00 1.89143908e+00
    4.58167195e-01 1.53396070e+00 -2.94425011e-01 3.92268032e-01
    3.93544197e-01 -5.75410128e-01 1.46373117e+00 1.43175089e+00
    1.22728252e+00 1.82842386e+00 4.09791023e-01 -2.81256169e-01
    1.44742513e+00 1.43948746e+00 1.08387461e-02 1.42723405e+00
    -1.95105717e-01 1.77701831e+00 -8.27974796e-01 4.03779268e-01
    -6.24655128e-01 1.91421771e+00 8.38314354e-01 2.18259498e-01
    1.19744170e+00 -6.44793630e-01 -8.16506803e-01 -4.96351480e-01
    1.71438134e+00 7.72692978e-01 1.05850208e+00 1.01949736e-01
    1.48961031e+00 -6.27037644e-01 9.59697247e-01 -8.53417516e-01
    1.20575309e+00 4.07255888e-02 -2.86374316e-02 1.32299125e-01
    1.35015845e+00 -6.02222383e-01 1.67157447e+00 1.64555863e-01
    -1.90365314e-01 1.13343465e+00 1.84552312e+00 -3.01058888e-01
    1.85833836e+00 -4.09781694e-01 9.69877720e-01 2.38661647e-01
    1.10020034e-01 -1.77086294e-01 -3.17766696e-01 4.13516194e-01
    6.08268023e-01 3.31915612e-03 1.23237693e+00 7.37864435e-01
    1.36044967e+00 8.48585248e-01 1.13501072e+00 -6.19694233e-01
    1.44937861e+00 1.84378874e+00 4.55130756e-01 6.81680024e-01
    2.32243687e-01 -3.80759537e-01 1.33236277e+00 -1.51285812e-01
    1.61987388e+00 -3.95864964e-01 3.94705832e-01 -9.18944240e-01
    1.93987027e-01 4.94095474e-01 1.06886137e+00 6.86147749e-01
    3.55967909e-01 -5.33466756e-01 1.16067684e+00 9.35586452e-01
    1.39014816e+00 2.12813306e+00 1.76508224e+00 1.99255896e+00
    -8.10724437e-01 1.30842960e+00 1.26229501e+00 1.89015472e+00
    1.09660518e+00 -5.08270502e-01 1.35399044e+00 -4.24336851e-01
    1.01866364e+00 -1.55533534e-02 1.69966733e+00 -2.17145666e-01
    1.88932025e+00 -7.61334121e-01 1.48494565e+00 1.53072727e+00
    1.06707263e+00 1.20219123e+00 -3.71992141e-01 -6.43218458e-01
    -8.38387787e-01 -8.37873101e-01 1.59523535e+00 1.72197008e+00
    1.62488556e+00 1.68648839e+00 1.40936387e+00 4.51696068e-01
    -1.84330285e-01 -1.07229137e+00 2.12704223e-02 5.41900754e-01
    7.42688835e-01 2.72000074e-01 1.09036458e+00 1.33836758e+00
    -6.64946914e-01 3.65619302e-01 -3.15963209e-01 1.19474423e+00
    8.12584460e-01 1.20547986e+00 1.77888334e+00 -8.23186278e-01
    3.50532621e-01 1.40945923e+00 -5.00421226e-01 1.01803553e+00
    9.38741326e-01 8.77731144e-01 1.74141443e+00 -9.14642036e-01
    -6.23874068e-01 1.54128775e-01 -4.17730585e-02 1.21284974e+00
    -8.17494452e-01 5.63959837e-01 6.76198781e-01 4.81008857e-01
    6.36448801e-01 -8.80477071e-01 -3.31985742e-01 1.03764725e+00
    1.88989818e+00 1.58629334e+00 -5.08748293e-02 5.94758034e-01
    1.26072180e+00 7.06595361e-01 1.12325281e-01 1.40123248e+00
    1.11599171e+00 1.24693370e+00 -4.41833466e-01 -1.08258799e-01
    1.24626470e+00 1.96329904e+00 4.48674470e-01 1.75436187e+00
    -6.82498574e-01 1.56813645e+00 3.59561056e-01 1.72237492e+00
    1.89822698e+00 -7.11047232e-01 1.16700172e+00 1.24810743e+00
    1.55802190e+00 5.44920087e-01 1.29056704e+00 -5.75322509e-01
    4.09033746e-01 1.60292059e-01 4.56507653e-02 6.96853280e-01
    8.51780117e-01 5.34767687e-01 4.59672846e-02 -5.11660993e-01
    1.08959532e+00 1.48942327e+00 -6.10756159e-01 1.50893259e+00
    -1.92936108e-01 3.55673283e-01 8.94278288e-01 1.84419179e+00
    1.20625627e+00 -4.96200532e-01 6.10576034e-01 -8.77697110e-01
    1.06205690e+00 1.25245094e+00 -4.64008331e-01 6.86400771e-01
    -7.85119414e-01 -1.37680471e-01 -6.79134250e-01 9.32847857e-01
    6.02875426e-02 1.13117194e+00 8.86316359e-01 -4.72635776e-01
    6.68989420e-01 1.21179886e-01 7.22594410e-02 -2.11164221e-01
    3.34646165e-01 1.87898624e+00 1.09549247e-01 3.17309260e-01
    -3.56681764e-01 1.27869916e+00 -3.57297182e-01 4.91246253e-01
    -2.06380785e-01 1.24722290e+00 1.85866952e+00 7.97537923e-01
    -6.98165357e-01 -3.82524937e-01 -8.33424926e-01 1.67125082e+00
    6.74640656e-01 -3.12201470e-01 5.43035686e-01 1.81849551e+00
    -6.40463471e-01 -2.68282026e-01 8.69831324e-01 1.67113280e+00
    -2.07975209e-01 7.70151973e-01 1.79743886e+00 7.26135492e-01
    -7.80129790e-01 1.71181297e+00 4.14110392e-01 1.73093331e+00
    1.19005251e+00 2.08562231e+00 -3.17212343e-01 1.10963798e+00
    -6.52203918e-01 9.41886842e-01 4.86230493e-01 1.64448869e+00
    1.50591958e+00 1.32191658e+00 7.14470863e-01 4.75771308e-01
    -6.15554154e-01 9.60033715e-01 1.80750978e+00 1.08305156e+00
    1.51171088e+00 1.56167054e+00 1.47818899e+00 1.84245479e+00
    2.28306934e-01 2.92866617e-01 1.97382820e+00 1.19676673e+00
    6.26544833e-01 2.53817111e-01 1.57195675e+00 -3.01624477e-01
    -2.82416195e-01 -4.75111574e-01 -7.43975699e-01 5.64330280e-01
    -9.09279287e-01 7.87659228e-01 -2.06243455e-01 9.48801756e-01
    -3.13225448e-01 1.49735904e+00 1.21489561e+00 1.27663061e-01
    1.60087228e+00 1.45904493e+00 -7.69841254e-01 -3.56527954e-01
    4.85185355e-01 -8.53396416e-01 6.52365267e-01 1.47212923e+00
    1.44251585e-01 4.56950337e-01 -7.37627409e-03 -2.48841420e-02
    8.17848742e-01 9.96981084e-01 1.26337111e+00 -5.50038397e-01
    -1.26852859e-02 -5.73530436e-01 2.95383155e-01 -3.35079134e-01
    2.63746709e-01 4.47659492e-01 -2.18504503e-01 9.48839486e-01
    9.14419293e-02 6.49367213e-01 7.36545503e-01 1.93804532e-01
    4.16168094e-01 -8.97805274e-01 9.19863105e-01 -6.23876095e-01
    1.88739836e+00 7.17108428e-01 -3.91208716e-02 1.02040374e+00
    -3.87208462e-01 -3.16380471e-01 1.74783123e+00 1.54312396e+00
    -3.94328058e-01 1.43584862e-01 1.80572772e+00 9.18152392e-01
    -3.69588435e-01 1.85125411e+00 1.81947398e+00 -8.28068018e-01
    1.39226949e+00 6.17415965e-01 6.85456395e-01 9.93207216e-01
    1.12202965e-01 1.91411436e+00 1.65908426e-01 2.74967790e-01
    2.08309032e-02 1.16060233e+00 1.18631232e+00 -7.14763701e-01
    3.48831594e-01 -2.00446129e-01 1.79078698e+00 1.46528268e+00
    1.32072294e+00 2.68596411e-01 1.09939528e+00 -4.35504019e-01
    1.68992853e+00 6.69862509e-01 -9.45701659e-01 5.80229282e-01
    1.22034681e+00 1.63057059e-01 -2.54276901e-01 1.21587431e+00
    1.82422197e+00 6.77122056e-01 1.21451366e+00 -2.56782472e-01
    2.82981485e-01 7.80348897e-01 1.80438399e+00 4.07681137e-01
    2.15726838e-01 4.78423625e-01 9.14676905e-01 1.52816486e+00
    -2.63351381e-01 1.52300179e+00 1.03056765e+00 -3.59128788e-02
    -7.64110565e-01 2.21838534e-01 1.24854970e+00 1.87559390e+00
    1.10469926e-02 -2.77845889e-01 1.15588093e+00 4.58812594e-01
    1.33806598e+00 1.05472052e+00 -3.84364307e-01 -7.58765876e-01
    -2.61172205e-01 -5.24855137e-01 9.73039940e-02 1.47128224e+00
    -3.35002959e-01 9.20580268e-01 -4.10982221e-01 1.22978127e+00
    2.31461436e-01 -1.55350342e-01 1.86742902e+00 1.50745165e+00
    2.30824903e-01 6.01407349e-01 -6.46045208e-01 3.79370749e-01
    -6.42617822e-01 1.74596727e+00 6.84120357e-01 1.70656991e+00
    -7.61799335e-01 1.78923607e+00 3.95028144e-01 4.97425705e-01
    -7.74732411e-01 4.53003317e-01 -6.28538430e-01 -9.50392962e-01
    1.06666720e+00 1.80602431e+00 1.32034016e+00 3.99459720e-01
    2.67215401e-01 1.55969560e+00 1.10444689e+00 1.53899300e+00
    -1.89047024e-01 1.53221059e+00 -7.83068597e-01 1.43715346e+00
    -2.54330635e-01 1.75797856e+00 3.22739184e-01 6.18812144e-01
    -1.69038758e-01 7.85769701e-01 1.25817752e+00 8.69181395e-01
    1.41435832e-01 -3.23927343e-01 1.84384990e+00 7.93462455e-01
    2.08663777e-01 1.39932668e+00 7.35164940e-01 5.74659824e-01
    -2.35158309e-01 4.20176595e-01 1.29109263e+00 6.15245819e-01
    1.53678536e+00 1.29503286e+00 1.36595160e-01 1.65974534e+00
    7.80346632e-01 4.83063608e-01 -6.05766594e-01 5.12033999e-01
    8.30568850e-01 8.65155876e-01 -1.22514665e-01 -4.67062116e-01
    1.03116119e+00 1.06311274e+00 1.27875686e+00 2.30265502e-02
    1.56816173e+00 1.07940936e+00 8.38625133e-01 5.42170823e-01
    8.47702682e-01 -8.93191695e-01 -6.33879185e-01 6.82146251e-01
    4.45951879e-01 -1.67854682e-01 1.44738817e+00 1.87038875e+00
    1.55164525e-01 -1.56438991e-01 4.73917335e-01 -9.73251015e-02
    1.64527789e-01 -3.23904932e-01 9.32772458e-01 -8.53491724e-01
    -7.89015055e-01 1.22120368e+00 -1.81444585e-01 -3.04512620e-01
    9.45146263e-01 1.89513993e+00 2.02377415e+00 -3.12826544e-01
    -7.15742648e-01 -3.30022186e-01 1.70935690e+00 6.69527829e-01
    -1.93466082e-01 1.87955260e+00 9.94451940e-01 -2.31271386e-01
    1.85553837e+00 6.84416592e-01 1.39410579e+00 -6.67751014e-01
    1.28494370e+00 -3.19603294e-01 1.86952388e+00 6.27316892e-01
    -4.33955967e-01 -4.89476353e-01 1.36518729e+00 1.63041639e+00
    -5.94325542e-01 -4.34007108e-01 -2.21162066e-01 1.10372379e-01
    2.30237134e-02 -2.42127329e-01 1.66685367e+00 -9.01273489e-01
    1.07923388e+00 1.59076917e+00 1.58466089e+00 1.85756004e+00
    -7.62677252e-01 -3.32560331e-01 -8.15777838e-01 5.27274668e-01
    1.90155041e+00 -1.55018792e-01 1.16088164e+00 1.16820000e-01
    -7.35246837e-01 -2.44012520e-01 4.47318964e-02 1.70709550e+00
    -8.52109194e-01 9.20847058e-01 1.58365464e+00 1.31577849e+00
    -5.22433639e-01 1.19923472e+00 1.16306961e+00 -4.43338871e-01
    3.42058748e-01 1.82252145e+00 8.01978469e-01 1.54812002e+00
    1.15124488e+00 9.66320455e-01 1.03739083e+00 3.20142597e-01
    4.03266639e-01 -9.70743001e-01 1.48434818e+00 8.14204663e-02
    1.69381571e+00 8.19378793e-01 -8.37420404e-01 1.13685727e+00
    8.80076647e-01 1.51739502e+00 -2.65798688e-01 1.18464553e+00
    1.56354082e+00 3.08479100e-01 1.29020762e+00 -5.66542447e-01
    1.87705135e+00 1.87198186e+00 1.64424527e+00 7.79209018e-01
    4.42149527e-02 1.13677037e+00 1.69852448e+00 4.63557318e-02
    1.04205751e+00 -7.01394200e-01 7.80755758e-01 -8.97352874e-01
    -5.83798707e-01 2.67600149e-01 1.34854090e+00 1.73091245e+00
    5.62233448e-01 5.29796779e-01 -7.75150001e-01 1.13717294e+00
    3.83208513e-01 8.20544302e-01 1.04874425e-01 -1.89655975e-01
    -3.27179044e-01 2.20980239e+00 3.60821426e-01 2.23790705e-01
    1.22294211e+00 -4.15815979e-01 -2.91740000e-01 7.44898677e-01
    2.42407903e-01 8.09227765e-01 1.54214275e+00 -8.92957151e-01
    1.24594629e+00 -5.85274935e-01 8.85758519e-01 6.18549466e-01
    -8.14048707e-01 1.47930801e+00 1.29003763e-01 1.59339011e-01
    1.60993278e+00 1.00844872e+00 1.79545474e+00 2.38124177e-01
    -7.14871168e-01 -1.38149396e-01 -9.23358917e-01 1.55850694e-01
    -3.04505706e-01 -3.03922504e-01 -8.10610414e-01 1.81288179e-02
    -5.71680129e-01 8.44160080e-01 1.23264372e+00 1.52220094e+00
    -7.91649282e-01 1.87062562e+00 9.68902111e-01 -2.76435703e-01
    -5.86051822e-01 1.17735779e+00 8.18150461e-01 1.91097617e+00
    -4.45357203e-01 1.60326624e+00 1.37621558e+00 1.55628073e+00
    -4.14154351e-01 -7.82032788e-01 1.17436635e+00 1.18606269e+00
    -4.72861916e-01 -7.03443408e-01 1.39608204e+00 6.87852621e-01
    1.35510314e+00 2.70189673e-01 -1.62928373e-01 -5.59638619e-01
    1.91174817e+00 -7.36324191e-01 6.06574535e-01 -2.28968665e-01
    1.42146683e+00 1.57186520e+00 -1.24401972e-01 -9.07113850e-01
    -8.92964900e-01 9.21696544e-01 7.88584828e-01 -3.62955213e-01
    1.64179540e+00 9.47099805e-01 1.96759272e+00 1.77929330e+00
    1.02292812e+00 1.84442317e+00 -8.94422233e-01 3.49968255e-01
    -6.51415706e-01 8.60607982e-01 1.11243820e+00 -5.43657303e-01
    -7.45790958e-01 -8.43346059e-01 7.86546588e-01 -1.87239617e-01
    4.06764835e-01 -5.34001179e-02 3.53199750e-01 -2.27507442e-01
    -4.47432727e-01 -5.82348704e-01 -9.98265028e-01 -2.16439396e-01
    -1.05150916e-01 3.77359003e-01 1.02312195e+00 1.45184648e+00
    -7.71262705e-01 4.61611114e-02 1.05588222e+00 2.03412151e+00
    1.53955925e+00 1.48310530e+00 -6.10700130e-01 -2.04224307e-02
    1.20985377e+00 8.44265580e-01 1.55317450e+00 6.60522521e-01
    -4.16904956e-01 5.46472311e-01 5.84065259e-01 2.47801766e-01
    1.02550554e+00 1.52682185e+00 -1.45339832e-01 1.71577048e+00
    3.25463355e-01 2.22755030e-01 1.81648165e-01 1.34174120e+00
    1.89348555e+00 -8.25687289e-01 2.00323057e+00 -6.67911887e-01
    -4.96485263e-01 9.48246241e-01 -7.31049478e-01 3.94333005e-01
    -4.08333540e-01 -3.48577023e-01 1.85196316e+00 1.81846130e+00
    -4.99092378e-02 -5.55933416e-01 -1.21841878e-01 -5.63243926e-01
    1.46472681e+00 -6.56767428e-01 1.03083587e+00 1.82429862e+00
    1.66441536e+00 4.65470165e-01 1.30342066e+00 -4.24827784e-02
    7.90459216e-01 1.44656992e+00 1.66641164e+00 -6.09535456e-01
    -1.13537207e-01 1.42209506e+00 1.34654832e+00 -7.56515205e-01
    -3.67490351e-01 2.56271660e-02 2.88553089e-01 1.69631779e+00
    -6.97742522e-01 2.05951750e-01 -8.16303909e-01 1.80559874e+00
    8.25283006e-02 -7.85208046e-01 -1.41577914e-01 -2.07854971e-01
    -8.55276465e-01 1.03906798e+00 2.01824498e+00 4.25545752e-01
    8.79263043e-01 -7.56737351e-01 -8.94089580e-01 -2.45469943e-01
    -8.99092406e-02 1.19273973e+00 1.30397046e+00 6.94493771e-01
    2.75631934e-01 1.11759496e+00 7.50713229e-01 1.84833691e-01
    -2.96676755e-01 8.34480703e-01 1.06481969e+00 -8.18460047e-01
    1.30768836e-01 -1.26195043e-01 1.16972494e+00 9.93993938e-01
    1.43529236e+00 1.03949070e+00 1.41366839e+00 9.42101598e-01
    -5.70356194e-03 1.92409110e+00 7.63650298e-01 3.72187942e-01
    9.16731238e-01 -7.86242485e-01 1.69852585e-01 1.64393234e+00
    1.08275843e+00 1.60721743e+00 7.54275918e-02 3.38255763e-01
    1.27515817e+00 1.62130797e+00 5.85854948e-01 1.36983907e+00
    1.73618710e+00 1.22723424e+00 1.13288403e+00 4.22929734e-01
    8.67436588e-01 1.49014342e+00 1.16419005e+00 1.40997982e+00
    -4.99334306e-01 8.11628878e-01 9.66801822e-01 1.70600605e+00
    1.11080237e-01 2.58025140e-01 1.71410918e-01 -8.20866525e-01
    1.88956010e+00 -6.95340455e-01 -6.45468533e-01 8.15112948e-01
    -2.71459520e-01 1.61753464e+00 9.15221214e-01 -6.25170052e-01
    -2.02897713e-02 -4.29746240e-01 -9.69798088e-01 -4.37071323e-01
    -1.10638924e-02 1.14044797e+00 -4.01000641e-02 7.78676867e-01
    1.55193853e+00 1.00585699e+00 -4.57959294e-01 1.13818610e+00
    -9.14265394e-01 1.81926203e+00 9.81716394e-01 -6.71350360e-01
    9.70189273e-01 1.15770660e-01 -4.73084539e-01 1.48061299e+00
    -8.53892118e-02 1.89530909e+00 -1.70670554e-01 2.78883785e-01
    -5.71023524e-01 1.74101222e+00 1.34136081e+00 8.16007033e-02
    9.64086354e-01 8.77969742e-01 3.28100383e-01 6.35793447e-01
    1.06265664e+00 1.42444324e+00 -7.81955540e-01 1.24973953e+00
    -3.00226986e-01 4.31514710e-01 2.63011098e-01 9.69918907e-01
    8.03702712e-01 7.96797156e-01 -1.29044846e-01 1.49734926e+00
    1.25089014e+00 9.33003724e-01 -9.05575156e-01 1.68562150e+00
    8.43300879e-01 -2.16214538e-01 1.40074337e+00 5.22398412e-01
    1.24294114e+00 1.65600407e+00 1.65366441e-01 1.71358645e+00
    2.26943612e-01 -6.01449966e-01 1.21051466e+00 1.63744032e+00
    -6.03600085e-01 4.55605626e-01 9.53819454e-01 -4.48477874e-03
    8.68704796e-01 -2.82380998e-01 6.56118989e-02 1.84865332e+00
    1.15751159e+00 -6.58333957e-01 -6.13451362e-01 1.87984467e+00
    8.03085446e-01 1.25334787e+00 1.65261045e-01 1.06695008e+00
    9.03420210e-01 3.84426564e-01 -6.84868097e-01 1.51069784e+00
    -7.56703079e-01 -1.10247083e-01 -2.49759585e-01 1.86085570e+00
    2.61515230e-01 -1.00642955e+00 1.52452970e+00 1.51815280e-01
    3.94690186e-01 7.50244737e-01 -6.79166973e-01 9.05859113e-01
    1.51842701e+00 4.72685963e-01 1.70931518e+00 5.32489479e-01
    -4.39402282e-01 1.17717874e+00 9.35016274e-01 1.73518920e+00
    -8.84356737e-01 -3.38248730e-01 6.10977411e-01 1.41358525e-01
    -9.26863074e-01 -9.17149067e-01 8.99761021e-01 -5.52211583e-01
    1.32886481e+00 2.58282833e-02 1.58831859e+00 1.23881316e+00
    1.85766339e+00 6.98087096e-01 6.69045448e-01 1.80631483e+00
    6.68875456e-01 5.77070951e-01 9.18734819e-02 -3.34804893e-01
    1.60460055e+00 6.44368708e-01 9.50981557e-01 4.16898340e-01
    -3.12206060e-01 1.19865060e+00 -6.45317137e-01 -2.04624161e-01
    1.22006603e-01 3.93662453e-01 1.25182271e+00 -3.61471534e-01
    -6.33068234e-02 1.47890186e+00 1.25386417e+00 -2.15793878e-01
    1.84489942e+00 1.43540013e+00 -3.59380662e-01 -8.20084155e-01
    1.41627347e+00 6.65026963e-01 -1.93975836e-01 -7.64026940e-02
    -3.52917999e-01 -3.39134365e-01 2.05364156e+00 1.22356248e+00
    -1.10337749e-01 4.48660076e-01 -2.90209744e-02 -7.54882116e-04
    -4.27431017e-01 -7.67343879e-01 1.52052569e+00 1.14566088e+00
    7.22311378e-01 -9.66398716e-01 1.42076731e+00 1.54280469e-01
    1.86992168e+00 1.95733881e+00 1.76617038e+00 -2.55265445e-01
    -8.66028666e-01 4.60448712e-01 1.17227709e+00 1.38534737e+00
    1.26656860e-01 1.16035366e+00 -9.51113403e-01 -9.75456178e-01
    1.25741467e-01 7.10492134e-02 6.41905546e-01 1.98659807e-01
    -8.57600331e-01 6.69706464e-01 -9.17188525e-01 3.28064501e-01
    -3.63802671e-01 1.45685625e+00 1.47919381e+00 -5.14457405e-01
    -3.92042518e-01 5.78174233e-01 -4.68983650e-02 -6.97279930e-01
    8.61828089e-01 -6.22241497e-01 -1.19207941e-01 5.82571328e-01
    -3.98114175e-01 -6.23502135e-01 1.18224359e+00 1.30328071e+00
    -7.30969608e-01 1.33463097e+00 -7.27193773e-01 -6.88364089e-01
    7.06613481e-01 -8.95630717e-01 1.15988302e+00 1.61452091e+00
    7.08203673e-01 -8.01948830e-03 -9.58991885e-01 1.59693086e+00
    -4.71235096e-01 1.83297145e+00 9.24641013e-01 1.96609914e-01
    1.91787076e+00 9.74272713e-02 -3.13800126e-01 1.68792737e+00
    1.75723183e+00 7.50104845e-01 1.63585603e+00 -6.14427507e-01
    1.41314685e+00 1.06363699e-01 -7.30987251e-01 6.14531338e-01
    1.81582439e+00 8.70625615e-01 -3.84220064e-01 1.54854465e+00
    1.48155737e+00 -9.87513185e-01 2.13356569e-01 -2.43363976e-01
    -3.23607624e-01 -3.03987801e-01 1.62053812e+00 4.33359779e-02
    5.76198757e-01 8.46462607e-01 -2.29307294e-01 1.12625778e+00
    5.75166345e-01 3.44722062e-01 3.68761510e-01 6.44336641e-01
    1.01870842e-01 -1.43158749e-01 4.03581828e-01 1.81424785e+00
    4.27677929e-02 7.34889507e-01 5.19953370e-01 6.09120429e-01
    -4.82552350e-01 5.06870188e-02 9.58257675e-01 -9.43252683e-01
    1.87385094e+00 3.35648775e-01 1.58746159e+00 1.52049100e+00
    1.27336287e+00 6.24484956e-01 1.93513644e+00 -1.79018691e-01
    7.74076954e-02 6.80484891e-01 5.66215634e-01 3.96388233e-01
    1.39762044e+00 1.22864950e+00 1.42116261e+00 2.67983414e-02
    6.95079267e-01 1.89140904e+00 5.90651631e-01 -4.46757317e-01
    1.32119823e+00 1.33910596e+00 1.02833271e+00 -4.34444129e-01
    -9.97321680e-02 1.16926694e+00 1.69097114e+00 1.12047184e+00
    8.31120431e-01 -8.51106226e-01 8.09728324e-01 1.42463422e+00
    4.09679770e-01 1.53453934e+00 1.83396530e+00 2.94473693e-02
    6.64275467e-01 1.04370572e-01 1.61326915e-01 -2.55950451e-01
    -9.04050052e-01 5.65008759e-01 1.75542712e+00 3.14639181e-01
    5.14209628e-01 1.29932642e+00 4.79370922e-01 -3.05843055e-01
    1.37262547e+00 -1.99308857e-01 1.34579611e+00 1.88563716e+00
    4.02662307e-01 -6.57520950e-01 9.04735029e-01 6.58465207e-01
    1.31439650e+00 1.70327640e+00 2.74770170e-01 -7.53150821e-01
    -4.88654643e-01 -7.18440473e-01 8.40744197e-01 -5.19742429e-01
    5.17405033e-01 -3.17952722e-01 5.63233793e-01 1.43246502e-01
    8.41471627e-02 9.33458626e-01 2.86874384e-01 1.41598725e+00
    4.66234475e-01 -4.90509063e-01 -6.04416490e-01 8.06433558e-01
    1.27988327e+00 4.88290280e-01 1.47780788e+00 2.10554317e-01
    1.70640856e-01 2.14372367e-01 3.07590395e-01 1.85869646e+00
    1.27005160e+00 1.87159944e+00 1.66193533e+00 1.24724901e+00
    1.23559427e+00 1.16215360e+00 1.36114538e+00 -1.02849221e+00
    -4.73736733e-01 1.51453912e+00 6.77041113e-01 -2.09379673e-01
    -3.62714231e-01 1.59006727e+00 1.57212412e+00 -7.87848532e-01
    8.78862143e-01 2.73582786e-01 5.83946526e-01 -9.36984271e-02
    1.02409911e+00 1.91113353e+00 6.95900738e-01 2.48355046e-01
    1.32655907e+00 -8.51810932e-01 1.33204722e+00 -1.17961325e-01
    -6.20467030e-02 1.75627208e+00 1.57579422e+00 -5.83547115e-01
    6.29965663e-01 -2.71839797e-01 -8.01181197e-01 -6.93903625e-01
    1.60798991e+00 8.53230715e-01 -1.07688338e-01 -8.53846610e-01
    1.63403642e+00 2.92435050e-01 5.43078184e-01 1.57384443e+00
    3.39447528e-01 1.59451926e+00 -1.66210793e-02 5.46150684e-01
    -3.77302438e-01 -8.78151417e-01 -7.22113371e-01 8.01169574e-01
    1.96001232e+00 -8.06787550e-01 1.19612765e+00 -4.16876614e-01
    5.73439300e-01 1.48960018e+00 4.17264253e-01 -6.78459704e-01
    -6.20216012e-01 1.15671706e+00 -5.47059953e-01 -4.41537589e-01
    1.53543961e+00 9.92978811e-01 6.45243704e-01 -3.03121358e-01
    -8.07783604e-01 1.81161046e+00 9.18037951e-01 1.85772502e+00
    1.89435267e+00 -6.00117683e-01 -1.63808793e-01 -1.20749749e-01
    -1.25040725e-01 -9.02299643e-01 2.28924006e-01 1.87430394e+00
    -4.25548881e-01 7.26212323e-01 9.56512749e-01 1.42732406e+00
    1.78440347e-01 -1.07255407e-01 1.11888230e+00 -6.38487414e-02
    -5.86973429e-01 -5.77719212e-01 1.72546291e+00 1.06955123e+00
    -2.08307728e-01 1.87671638e+00 -7.78301120e-01 -6.47587776e-01
    1.53506529e+00 3.94418746e-01 2.82347620e-01 -4.97410923e-01
    9.19665754e-01 1.94857585e+00 -1.56312570e-01 1.89315784e+00
    -6.46761894e-01 7.56670177e-01 1.62979758e+00 -2.83990324e-01
    -1.59326971e-01 1.68700552e+00 -1.07736856e-01 1.27647734e+00
    1.38060713e+00 1.96199909e-01 9.85648036e-01 1.52462971e+00
    6.72911823e-01 -7.24461675e-01 3.31351370e-01 -1.68650910e-01
    1.62023234e+00 8.72218668e-01 -2.01118048e-02 4.59622532e-01
    -4.53190029e-01 1.80796489e-01 5.22239693e-02 4.38647985e-01
    2.01468325e+00 -7.99276650e-01 -1.38254955e-01 -3.88890654e-01
    4.29374099e-01 8.90355289e-01 -7.49861121e-01 1.35945714e+00
    -7.05404282e-01 2.32437975e-03 9.61379930e-02 1.70379698e+00
    7.83717811e-01 8.43251586e-01 6.62934422e-01 1.10790193e+00
    -1.35420457e-01 -6.01749957e-01 1.17028093e+00 1.01021361e+00
    -1.91365346e-01 3.31931889e-01 -7.41509736e-01 1.03939474e+00
    1.46813655e+00 6.56227767e-01 -8.62979472e-01 1.07326269e+00
    8.61503303e-01 -1.16893321e-01 4.57971126e-01 -8.30659032e-01
    -2.18814775e-01 1.50985491e+00 1.60250676e+00 1.04257536e+00
    9.37596977e-01 -1.84516951e-01 2.58434683e-01 2.79069632e-01
    8.32352936e-01 1.25485039e+00 -5.25313318e-01 -6.88752711e-01
    1.78554165e+00 1.64879274e+00 1.11530328e+00 -1.16499409e-01
    -1.79498658e-01 1.61213303e+00 3.34691256e-01 -6.49848580e-01
    1.81604898e+00 4.34874237e-01 1.33739173e+00 -5.64350784e-01
    -8.43925297e-01 -5.81571758e-01 1.61065257e+00 6.42336905e-01
    1.07910955e+00 3.19517910e-01 7.03705788e-01 1.73675358e+00
    1.49043870e+00 1.13923347e+00 9.98501480e-01 1.45526063e+00
    4.43369448e-01 -7.33880222e-01 1.42373669e+00 1.70949697e+00
    1.66703272e+00 9.43442062e-02 -3.44341636e-01 -2.74959147e-01
    1.19770706e+00 7.52943873e-01 1.82011199e+00 3.84051213e-03
    1.47581995e+00 -3.42857838e-01 1.07703733e+00 1.36636722e+00
    1.41919756e+00 -8.39157045e-01 1.91981411e+00 -4.39889133e-01
    7.28093803e-01 -3.83064359e-01 -4.96043772e-01 1.74680185e+00
    -1.12856209e-01 2.27959752e-01 1.67784977e+00 1.45505071e-01
    1.71792579e+00 -1.00044632e+00 2.52464145e-01 4.28018093e-01
    -1.40008941e-01 1.00073504e+00 3.55204910e-01 1.69113004e+00
    1.23902023e+00 1.25140154e+00 3.58117372e-01 1.59952688e+00
    1.36738420e+00 1.05420256e+00 7.82186747e-01 3.50170970e-01
    5.27810097e-01 -3.71372789e-01 1.33210623e+00 1.53925359e+00
    -6.93937004e-01 -4.24215823e-01 1.59938514e+00 3.22468847e-01
    1.40161681e+00 -9.68305618e-02 1.39648354e+00 -5.39058030e-01
    3.55909854e-01 -7.01254070e-01 1.18120897e+00 1.39209664e+00
    -5.42601645e-01 -4.73927379e-01 1.55306780e+00 4.28144932e-01
    1.88739002e+00 7.94104338e-01 9.82442871e-02 -5.76968729e-01
    2.75640965e-01 -3.39672029e-01 1.34438264e+00 -8.53801787e-01
    4.63086307e-01 1.81222767e-01 2.79498011e-01 -5.17850995e-01
    1.79295790e+00 9.49381411e-01 1.51461124e+00 5.72417855e-01
    -7.54556000e-01 2.48268381e-01 -6.20370984e-01 6.74398780e-01
    1.11599469e+00 -5.88094473e-01 4.82618302e-01 1.46405578e+00
    6.24559402e-01 -9.05254006e-01 6.14041463e-02 9.93619084e-01
    1.31898451e+00 1.90885234e+00 1.92769778e+00 -1.55007705e-01
    8.22485447e-01 5.34993768e-01 1.67685616e+00 3.68424535e-01
    1.80224216e+00 -1.17881119e-01 1.30416119e+00 1.32544541e+00
    3.89437705e-01 5.38075924e-01 8.02392781e-01 -2.05734581e-01
    4.68112141e-01 1.21176672e+00 7.85630465e-01 6.24470592e-01
    1.53181839e+00 1.06819165e+00 4.94567379e-02 -3.51709038e-01
    7.83428669e-01 8.58744204e-01 1.73603773e+00 -6.35892093e-01
    1.03149414e+00 8.18013370e-01 6.72052324e-01 1.66768360e+00
    2.83579499e-01 -3.08475137e-01 -5.52999318e-01 -3.70013624e-01
    9.82455373e-01 -7.70864546e-01 -6.24440908e-01 -4.12419617e-01
    -1.44945189e-01 1.86580539e+00 1.75384665e+00 4.31301773e-01
    1.72757435e+00 1.03787112e+00 -2.54386008e-01 -8.86019826e-01
    1.37474746e-01 -4.46945131e-01 -8.28052521e-01 1.36550534e+00
    1.06768882e+00 7.57425189e-01 8.49836588e-01 -6.32628977e-01
    1.39240229e+00 7.53738225e-01 5.76179504e-01 8.76181245e-01
    8.95618558e-01 1.99491858e-01 1.23942745e+00 9.01920140e-01
    7.89722502e-01 -7.97014058e-01 3.07934016e-01 8.55674386e-01
    1.25274611e+00 2.06350660e+00 -8.89604032e-01 1.65676796e+00
    1.90399432e+00 2.29054806e-03 1.46062875e+00 3.19458395e-01
    -4.89577651e-01 -7.79623449e-01 5.72769582e-01 4.05428231e-01
    4.05163281e-02 2.09903345e-01 -6.92226171e-01 1.10955060e+00
    9.17857468e-01 -9.27290559e-01 1.29704773e+00 -4.48407620e-01
    -3.06680799e-01 -1.61766689e-02 -4.40915853e-01 2.62117118e-01
    1.73249018e+00 -4.15187120e-01 5.45126319e-01 4.89084482e-01
    -7.32542500e-02 1.22592676e+00 5.06740034e-01 -7.58519292e-01
    -8.33499789e-01 2.86701053e-01 1.12456274e+00 -3.45485121e-01
    1.14891005e+00 -3.94878387e-01 3.33814114e-01 3.28564495e-01
    -2.48321980e-01 1.31771481e+00 -2.72389054e-01 2.07560491e-02
    -6.40008926e-01 -4.38845018e-03 8.31967533e-01 2.07389623e-01
    3.94398272e-02 -6.67690694e-01 8.27723324e-01 -6.52632177e-01
    -8.99535358e-01 1.21136332e+00 -8.66497874e-01 1.11161292e+00
    1.36498296e+00 1.69023871e+00 1.15845911e-02 5.93211949e-01
    1.63220179e+00 1.18471086e+00 3.97679567e-01 1.72118843e+00
    1.25789535e+00 1.93618250e+00 1.45020986e+00 2.21330136e-01
    1.08813429e+00 3.66475493e-01 1.88314891e+00 -8.76874328e-01
    -3.83518003e-02 1.49658251e+00 -8.13911080e-01 -1.76693991e-01
    -5.97913563e-01 -2.39230573e-01 1.49763000e+00 -5.07008314e-01
    -6.28809988e-01 1.45683753e+00 1.08117878e+00 -4.87304807e-01
    1.65774092e-01 1.48981678e+00 1.80615699e+00 -6.79934978e-01
    -2.35111952e-01 1.51940727e+00 -5.66781580e-01 8.85118783e-01
    7.03712642e-01 -1.56449631e-01 1.84419334e+00 5.02336144e-01
    -6.13059029e-02 1.76875794e+00 3.49886835e-01 -7.07846954e-02
    7.97817171e-01 6.36948287e-01 1.09039748e+00 1.69595397e+00
    -3.69673073e-02 1.75368965e+00 7.22458214e-02 7.08676219e-01
    9.69852135e-02 1.80190063e+00 -9.75878894e-01 -8.90695870e-01
    1.20034742e+00 7.72005096e-02 1.83516033e-02 1.38201201e+00
    1.43920326e+00 5.28402664e-02 -6.58343375e-01 9.14002731e-02
    7.05746114e-01 -2.64176458e-01 1.63729608e+00 -7.10446417e-01
    -2.00490519e-01 1.88386333e+00 1.69370079e+00 1.18669903e+00
    -1.74931660e-01 -8.15170884e-01 1.01880956e+00 -2.66030654e-02
    -6.33002222e-01 1.83403659e+00 9.76658389e-02 5.99079132e-01
    1.67785406e+00 7.06180453e-01 6.08120024e-01 1.05153418e+00
    1.50137693e-01 -3.44860554e-01 6.44616246e-01 1.86212313e+00
    -5.48688412e-01 1.87973988e+00 -9.51935649e-01 2.56841481e-01
    -2.41485834e-01 2.77266026e-01 4.09111649e-01 1.21884465e+00
    7.98451364e-01 -8.87854636e-01 -1.00651753e+00 8.86212289e-01
    -5.28361022e-01 1.06162775e+00 -3.69229406e-01 4.23407882e-01
    -8.19720626e-01 7.26464212e-01 1.78357792e+00 -4.72806871e-01
    1.58662701e+00 1.18011856e+00 6.77436352e-01 2.63162673e-01
    -7.62538612e-01 -8.48538220e-01 -7.42857337e-01 1.00117946e+00
    1.40406623e-01 1.44232333e+00 -8.23653191e-02 5.19858479e-01
    5.62239647e-01 1.19358778e+00 1.54341781e+00 -3.20120417e-02
    -8.36713731e-01 1.70236838e+00 1.74263549e+00 3.30017924e-01
    1.06757140e+00 1.23323691e+00 -8.17755520e-01 1.36275184e+00
    1.00291860e+00 -6.73926771e-01 1.13187504e+00 -5.99434614e-01
    -7.85526156e-01 2.67061740e-01 1.22345412e+00 -8.63278747e-01
    -2.94456840e-01 -3.27366650e-01 -4.05423552e-01 4.22604382e-01
    -3.04562837e-01 -2.62792289e-01 1.16948652e+00 5.26260912e-01
    -4.89557326e-01 -4.80249524e-01 1.51469946e+00 1.03014755e+00
    1.44412303e+00 -9.05223012e-01 -2.27768138e-01 4.67545152e-01
    -6.36143506e-01 1.58318400e+00 1.39750910e+00 4.29805636e-01
    8.56185794e-01 -7.08733559e-01 3.52705270e-01 -2.23485634e-01
    1.90346110e+00 8.36246490e-01 5.05835652e-01 -3.67552698e-01
    1.87727618e+00 1.49203241e+00 1.07896674e+00 -1.34122968e-01
    -1.75557494e-01 6.64300084e-01 7.43802071e-01 1.17701733e+00
    1.90842927e+00 8.97005141e-01 8.29255581e-01 -4.21298444e-01
    1.55165994e+00 1.31872392e+00 -8.10218513e-01 1.23625696e+00
    1.21223640e+00 1.07121801e+00 8.75911713e-02 -4.16390419e-01
    1.61186612e+00 9.55970228e-01 -6.24627709e-01 5.56595504e-01
    5.94773114e-01 -7.87602127e-01 -8.52690279e-01 1.24736226e+00
    6.62040293e-01 -6.22877657e-01 5.70772626e-02 -1.66431591e-02
    1.85126299e-03 2.00353652e-01 -1.94306746e-01 1.18092680e+00
    -5.63981175e-01 -2.84938086e-02 1.61797389e-01 1.93265116e+00
    1.80218339e+00 8.06947201e-02 1.16228831e+00 9.89202917e-01
    -5.71926653e-01 -5.74448466e-01 -7.87134528e-01 3.95989716e-01
    8.31958771e-01 -2.82512844e-01 7.27945745e-01 1.26596045e+00
    1.45623839e+00 6.55554831e-01 -5.26000977e-01 9.09934342e-02
    -4.17192668e-01 1.04931462e+00 1.44476950e-01 7.03746676e-01
    -1.40122965e-01 4.85512048e-01 9.64617908e-01 3.60872120e-01
    1.85042024e-01 1.54380667e+00 -5.96552074e-01 1.34242117e+00
    1.05920017e+00 -9.34710741e-01 -2.58294135e-01 1.54409790e+00
    7.68233836e-01 1.58185637e+00 1.54121423e+00 -3.72898169e-02
    2.03179359e-01 9.20914173e-01 7.91244388e-01 7.81690776e-01
    7.51340628e-01 -1.60804274e-03 -1.02875009e-01 1.90951630e-01
    6.17548823e-01 -8.32741857e-01 3.47949445e-01 -2.22745001e-01
    1.49704546e-01 1.82004416e+00 -5.43976784e-01 -6.44587398e-01
    -5.34384906e-01 -5.83232343e-01 1.54785842e-01 8.17587078e-01
    -6.46317124e-01 -1.37190167e-02 -7.00162411e-01 -4.54383135e-01
    -2.33047009e-01 -5.16640484e-01 1.90196741e+00 -9.14696753e-02
    6.36954486e-01 1.83715153e+00 -7.44344652e-01 6.60596311e-01
    5.33031523e-01 -8.01254630e-01 6.22118533e-01 1.81964099e+00
    -1.27429634e-01 -8.36651862e-01 2.69444317e-01 4.79930133e-01
    1.39698613e+00 1.81495202e+00 1.53989887e+00 1.05220294e+00
    1.21437156e+00 1.87166408e-01 1.31515598e+00 -2.77108818e-01
    1.62379995e-01 -3.90364528e-01 7.34173000e-01 1.97845638e-01
    -4.69628155e-01 9.29027438e-01 -9.44502354e-01 1.19576526e+00
    -1.06884515e+00 1.13025391e+00 3.71343315e-01 -1.02807844e+00
    5.06119609e-01 1.24605484e-01 -1.23064488e-01 7.05268323e-01
    1.73055261e-01 1.04813063e+00 1.43786979e+00 9.98837054e-01
    -9.04233336e-01 1.02504182e+00 1.30411863e-01 1.32903671e+00
    -2.72345036e-01 -7.53847599e-01 7.53702581e-01 -7.60685742e-01
    -2.06503019e-01 8.76836479e-01 1.10222495e+00 2.07579419e-01
    1.71764576e+00 -3.05683136e-01 1.21067750e+00 -9.42705572e-01
    2.19801918e-01 1.44033074e+00 1.05541348e+00 4.57860619e-01
    5.09158611e-01 2.82946348e-01 2.44145602e-01 1.87664613e-01
    7.05342650e-01 6.14474773e-01 -7.24229813e-02 2.45409593e-01
    1.76932263e+00 9.47893858e-02 9.74762022e-01 -6.49252653e-01
    4.70487088e-01 5.47306657e-01 4.70014401e-02 3.80532712e-01
    1.26078993e-01 -8.31675649e-01 8.82732868e-01 1.09329589e-01
    -3.35379571e-01 1.82881021e+00 1.85332882e+00 9.13922191e-01
    1.86829460e+00 -1.04877770e+00 -7.63194203e-01 1.00407565e+00
    4.93777454e-01 1.19072461e+00 -5.68190515e-01 5.33355474e-01
    -4.55945939e-01 1.73600388e+00 7.76203573e-02 9.22677100e-01
    1.26390684e+00 7.91823924e-01 7.57409036e-01 2.68566102e-01
    1.30371928e+00 8.46050441e-01 1.01577652e+00 -8.01322699e-01
    -5.28619289e-01 8.15407753e-01 -4.17295516e-01 1.48209262e+00
    4.70725030e-01 9.61495191e-02 1.40137568e-01 8.20108473e-01
    8.02252233e-01 1.45760584e+00 -5.33517241e-01 1.30951416e+00
    6.70505404e-01 -5.94320416e-01 2.14111432e-01 6.93773568e-01
    -8.49949479e-01 1.03494954e+00 -8.56031001e-01 -7.98165202e-01
    1.75071836e+00 3.69884759e-01 -8.10040116e-01 -2.96289742e-01
    1.98743701e+00 -3.99631590e-01 1.03959896e-01 8.21806490e-02
    -9.58867610e-01 1.63845003e+00 -8.22590709e-01 1.95729637e+00
    -5.77633381e-01 8.57125521e-01 -8.16228986e-01 9.91096869e-02
    1.13214624e+00 -6.35952801e-02 5.75146496e-01 -5.82272589e-01
    -4.53115582e-01 -2.52378196e-01 1.37909019e+00 1.01463318e+00
    1.27413303e-01 -8.47074509e-01 1.39858675e+00 3.84027332e-01
    -4.62531894e-01 1.82251072e+00 -1.15752749e-01 9.89267766e-01
    1.08492208e+00 -7.58153945e-02 9.53886807e-01 1.63682985e+00
    -2.46898141e-02 -7.42861152e-01 3.46814871e-01 9.76699054e-01
    1.06906772e+00 3.32559347e-01 -3.69881690e-01 1.61429048e+00
    5.08289337e-01 2.41093010e-01 1.92008698e+00 1.77575266e+00
    1.85689080e+00 -6.56070769e-01 6.11375690e-01 1.18123245e+00
    1.42743671e+00 1.21607685e+00 4.41866547e-01 1.52019787e+00
    1.22263110e+00 1.59104955e+00 5.48023105e-01 9.57779050e-01
    -6.18840635e-01 1.38765359e+00 9.51380670e-01 1.90703630e+00
    1.07423216e-01 2.77765021e-02 -7.24488497e-01 -7.25140095e-01
    -4.32850987e-01 -1.18828498e-01 7.37645566e-01 6.95178330e-01
    1.40684867e+00 1.39050031e+00 6.40491545e-02 2.36393705e-01
    2.15378478e-01 1.30616140e+00 1.64824331e+00 -7.63053060e-01
    1.03578413e+00 -6.43712282e-01 9.75664616e-01 9.16512609e-01
    1.21162891e+00 1.68569553e+00 2.70455897e-01 -1.68688178e-01
    2.67526265e-02 -1.10378593e-01 -2.88599044e-01 4.55090731e-01
    1.87966526e+00 -6.30354285e-01 2.41789058e-01 1.05057895e+00
    -1.36780575e-01 -6.44371496e-04 1.14202464e+00 1.68926969e-01
    5.71284711e-01 9.29155350e-01 6.41403198e-01 4.29349631e-01
    5.79524279e-01 -4.68275756e-01 8.90287399e-01 2.02686459e-01
    6.26427114e-01 5.65109402e-02 1.25727952e+00 1.13413203e+00
    -3.20728093e-01 -3.57577413e-01 4.75969881e-01 -4.53375429e-01
    -4.77524281e-01 7.24064708e-01 5.42986333e-01 1.30632114e+00
    5.84147573e-01 -7.23098934e-01 1.51811433e+00 -6.92678630e-01
    8.69972050e-01 1.11743474e+00 -5.61671376e-01 3.78915787e-01
    9.84199643e-01 -5.16373158e-01 5.13163507e-01 4.80988741e-01
    2.01026225e+00 -1.04199260e-01 -7.34217703e-01 9.74619806e-01
    9.21993405e-02 5.73233426e-01 6.19486272e-01 4.87451881e-01
    -4.14455593e-01 1.50455916e+00 1.45437050e+00 -7.09856570e-01
    -9.15353894e-01 1.23347497e+00 -4.94789958e-01 3.11697751e-01
    1.24803019e+00 1.10851920e+00 1.51004040e+00 9.19946671e-01
    1.28591335e+00 4.97841746e-01 5.22890151e-01 -8.48652303e-01
    1.78041959e+00 5.90849757e-01 1.73018551e+00 1.34843254e+00
    1.28795600e+00 2.13919088e-01 1.43314028e+00 7.46857822e-01
    -2.48032529e-02 -9.08854425e-01 1.49370170e+00 -1.09112099e-01
    1.33167028e+00 1.62265360e+00 1.47090256e-01 -3.98753762e-01
    1.57023621e+00 1.00601089e+00 -8.04768577e-02 1.60548222e+00
    -4.26476151e-01 -7.95127511e-01 1.86719346e+00 -1.05585217e+00
    1.21775877e+00 3.84287834e-01 -8.89671922e-01 1.63220918e+00
    -3.69473189e-01 -9.17773068e-01 1.27753305e+00 -3.17039043e-01
    1.63788438e+00 -7.82904267e-01 1.55480146e+00 1.93056870e+00
    -6.12404287e-01 -7.70424128e-01 -7.61485100e-01 1.83924997e+00
    6.81247950e-01 1.35432887e+00 1.47552288e+00 5.18888891e-01
    4.71105337e-01 5.56062877e-01 -3.28145385e-01 6.44817114e-01
    2.24372029e-01 -1.30733356e-01 -7.11980015e-02 -8.09695423e-02
    1.57783103e+00 -8.27308297e-01 1.05637920e+00 1.32796633e+00
    1.48544216e+00 -1.96411937e-01 1.39236188e+00 1.16129196e+00
    1.20739210e+00 1.80714583e+00 1.36458898e+00 -6.24363303e-01
    7.95457542e-01 1.98214436e+00 -8.93822372e-01 1.03905164e-01
    3.55507523e-01 1.69088709e+00 -2.45156109e-01 5.15272558e-01
    -8.23156774e-01 1.63911974e+00 1.74548805e+00 -1.32120654e-01
    1.71719873e+00 -1.03648984e+00 3.02912027e-01 7.96138227e-01
    1.06447208e+00 1.58445013e+00 -2.65681058e-01 9.02511358e-01
    -3.10915381e-01 5.70646703e-01 1.26218057e+00 1.43844712e+00
    -3.46523374e-01 -8.01798999e-01 -3.45347404e-01 1.16542161e+00
    1.48068404e+00 4.79167819e-01 1.33612141e-01 1.43567204e+00
    -3.71445864e-01 2.04169369e+00 6.82600498e-01 -6.38376474e-01
    -4.58638310e-01 -5.43716885e-02 1.82498920e+00 -6.42678916e-01
    1.20514953e+00 5.82091868e-01 1.54791844e+00 1.91138160e+00
    8.94552171e-01 -3.31186265e-01 9.24718440e-01 1.26293719e+00
    -6.49762154e-02 9.67459083e-01 1.14566171e+00 -1.97105154e-01
    1.25492167e+00 -1.53590322e-01 1.35554397e+00 1.01475406e+00
    2.96962678e-01 -1.21383168e-01 6.78609073e-01 8.17479491e-01
    -1.23126209e-01 4.64980125e-01 -7.34170079e-01 1.34474874e+00
    1.42875278e+00 -1.86300963e-01 1.16039872e+00 4.93486971e-01
    1.39514887e+00 1.82188582e+00 1.44207895e+00 8.60482514e-01
    9.71443534e-01 -1.62765861e-01 -2.34546661e-01 4.90242571e-01
    4.01213646e-01 -6.29199207e-01 -3.00098866e-01 -3.95471036e-01
    3.24291557e-01 1.39275956e+00 1.12784398e+00 -7.17804909e-01
    -5.40062726e-01 -2.32114553e-01 -9.17153120e-01 1.76406813e+00
    -1.90971375e-01 -4.13997978e-01 -1.36414468e-01 9.14725482e-01
    6.61462545e-01 -2.39088014e-01 -2.41039053e-01 9.27463472e-01
    4.97651726e-01 4.29521650e-01 -7.90879488e-01 3.23232651e-01
    -1.40166767e-02 -5.87554395e-01 1.49239647e+00 2.37474591e-01
    1.90505123e+00 1.67410135e+00 1.75587201e+00 1.89424396e+00
    -3.63244861e-01 1.34492230e+00 4.25711900e-01 7.39195406e-01
    1.61343133e+00 -3.87412161e-01 -2.95473605e-01 1.31690836e+00
    -6.58003867e-01 1.69195664e+00 3.44178259e-01 1.13816440e+00
    5.56359887e-01 -2.23446175e-01 -7.17211843e-01 -5.26239872e-01
    -7.73562849e-01 4.64417249e-01 3.74148116e-02 1.98455858e+00
    1.32420886e+00 -4.06363606e-01 8.30802917e-01 -6.84255719e-01
    -8.50556672e-01 1.32975042e+00 1.85187340e+00 3.08968067e-01
    -5.90895712e-01 -6.32294059e-01 2.94789344e-01 1.28689504e+00
    7.01812267e-01 -5.45150675e-02 1.02533090e+00 1.15943515e+00
    8.28980267e-01 1.51766908e+00 1.10173726e+00 1.41969740e-01
    -5.96526861e-01 1.60176504e+00 1.60852683e+00 4.15472329e-01
    -1.48359174e-02 8.92250538e-01 1.44045210e+00 3.95696849e-01
    2.26283342e-01 1.35902748e-01 -8.09238315e-01 1.25659752e+00
    1.77999353e+00 -9.91974100e-02 1.72353959e+00 2.90338546e-01
    7.39780605e-01 5.28874137e-02 3.66362661e-01 -1.07149653e-01
    1.69822919e+00 1.37823629e+00 9.02023688e-02 8.27237487e-01
    -1.33299589e-01 4.61258143e-01 9.75689173e-01 1.78475547e+00
    1.31164038e+00 1.30933607e+00 4.62045044e-01 -7.72008002e-01
    -8.69380176e-01 1.18588395e-01 7.21537352e-01 1.43376493e+00
    8.33424926e-01 5.30122161e-01 1.02998149e+00 1.69019687e+00
    1.64749634e+00 1.73805571e+00 5.31841934e-01 -4.12918687e-01
    1.09119630e+00 4.72000271e-01 3.85943979e-01 1.59514046e+00
    5.12484312e-01 -7.48959124e-01 1.37950468e+00 6.74477041e-01
    1.23687768e+00 1.59712672e-01 3.92809719e-01 -2.79159486e-01
    1.06248462e+00 -8.39349270e-01 9.79129016e-01 1.54157907e-01
    -5.08592069e-01 9.49947059e-01 -8.75479877e-01 3.43315899e-02
    1.86137044e+00 -8.79514098e-01 1.64721763e+00 1.66078210e+00
    -5.66875219e-01 5.10625422e-01 1.63469136e+00 6.75065994e-01
    -8.20090294e-01 5.69755018e-01 4.68464404e-01 8.01044524e-01
    7.78900757e-02 7.37554953e-02 -1.27409622e-02 1.26976109e+00
    5.74223280e-01 1.38670230e+00 -8.08634534e-02 7.35997975e-01
    -6.83219075e-01 -2.72949576e-01 8.21857989e-01 -1.22426406e-01
    -5.01537770e-02 -7.05609396e-02 1.98622310e+00 1.43569815e+00
    -9.28945959e-01 2.06919126e-02 -2.13564590e-01 -6.77951038e-01
    1.68716407e+00 1.44333017e+00 6.23068988e-01 4.06147242e-01
    1.72755063e+00 -3.54768038e-01 1.10956538e+00 9.40510392e-01
    7.11704075e-01 -2.46849909e-01 -7.04920471e-01 -3.29787791e-01
    5.58104634e-01 2.46403947e-01 1.95261896e+00 -3.19687963e-01
    -5.57364702e-01 7.43199289e-01 9.09735382e-01 1.38823700e+00
    1.01799059e+00 1.47605944e+00 -8.15428555e-01 1.74108875e+00
    1.33490884e+00 2.41443381e-01 1.06918120e+00 -2.04810351e-02
    1.30535102e+00 1.88702595e+00 1.62984300e+00 -3.74073684e-01
    -7.63718858e-02 -2.33333811e-01 1.11378765e+00 1.65786123e+00
    -2.66151577e-01 6.34349585e-02 -5.55240333e-01 2.61038125e-01
    6.17675126e-01 -1.03488835e-02 -7.35670865e-01 1.55068457e+00
    2.04858589e+00 1.80762732e+00 6.17767036e-01 -5.54360926e-01
    -6.81502402e-01 8.15730169e-02 -6.49482846e-01 1.77858019e+00
    -7.77253449e-01 3.26138139e-01 -1.33206800e-01 1.81122756e+00
    9.62100744e-01 2.53860652e-03 7.31156707e-01 -4.82514590e-01
    -7.05355942e-01 4.79414225e-01 1.26294279e+00 5.88509619e-01
    -1.52688354e-01 3.12360078e-01 -3.71579528e-01 7.57492542e-01
    1.70499527e+00 -9.88350809e-03 4.42887962e-01 1.71325767e+00
    1.52248299e+00 4.91511554e-01 3.20722908e-01 1.13812053e+00
    6.72299027e-01 -3.93702537e-01 5.86449325e-01 -9.27758098e-01
    5.11557996e-01 1.89669275e+00 1.75227082e+00 -6.92400813e-01
    1.89091313e+00 7.10258245e-01 2.88362265e-01 1.48839390e+00
    7.77114332e-02 1.89373493e+00 -1.00795887e-01 2.09922850e-01
    8.63234043e-01 7.30244398e-01 1.60869265e+00 7.68052578e-01
    7.40158260e-01 1.78327429e+00 1.89934224e-01 -2.15135485e-01
    1.49860978e+00 6.00456774e-01 1.90459371e+00 -3.42860252e-01
    4.05518442e-01 -4.69031274e-01 1.45261502e+00 -4.60792750e-01
    -2.51483172e-01 -2.17300862e-01 1.09010983e+00 1.05458724e+00
    2.62240142e-01 1.29267871e+00 -1.25088662e-01 4.77033168e-01
    8.42041969e-01 1.53571293e-01 -4.41568017e-01 1.20371473e+00
    1.04081666e+00 3.98835570e-01 -7.31816411e-01 -4.14141119e-01
    1.27043128e+00 1.36556709e+00 -6.04101539e-01 8.55969965e-01
    1.89285278e+00 5.96681595e-01 2.05845550e-01 -5.41796744e-01
    1.07225299e+00 -4.58733648e-01 -8.21662471e-02 1.39370596e+00
    2.66792864e-01 1.63140678e+00 1.48006475e+00 2.33880028e-01
    -7.63393641e-01 1.34456083e-01 1.29460192e+00 6.02981031e-01
    1.36659753e+00 1.39608765e+00 7.37500548e-01 1.42025387e+00
    -9.35114384e-01 1.84310007e+00 9.04601395e-01 1.53606236e+00
    1.74737573e+00 -3.36169928e-01 -6.81063473e-01 -5.25989711e-01
    2.44149685e-01 9.48864400e-01 -8.86262119e-01 1.32042480e+00
    1.20104098e+00 9.20430481e-01 1.83609533e+00 1.12040758e+00
    -7.88465559e-01 2.55596995e-01 1.39492476e+00 -4.14653152e-01
    2.96323866e-01 8.79085720e-01 -1.17380843e-01 1.19939470e+00
    1.34249759e+00 5.97085118e-01 7.92725861e-01 -5.24347544e-01
    -3.06782246e-01 3.56780469e-01 -2.37668052e-01 2.00387970e-01
    1.41385472e+00 -5.01760125e-01 1.87827539e+00 -4.39476788e-01
    -3.47197711e-01 -1.25431418e-01 3.52267176e-01 -1.78573579e-01
    1.34955001e+00 -1.08196232e-02 2.61626303e-01 1.10422380e-01
    1.20047414e+00 2.80063361e-01 1.36772037e+00 6.86132729e-01
    -6.36271909e-02 1.86679697e+00 7.68836260e-01 3.82727623e-01
    1.57256699e+00 1.01833269e-01 -4.43782985e-01 1.47005171e-01
    1.94966996e+00 -7.07649663e-02 5.16560040e-02 -4.01680976e-01
    1.63526332e+00 -2.44346112e-01 -3.00529718e-01 1.31699598e+00
    7.67703712e-01 5.91069877e-01 1.71054065e+00 1.72686219e+00
    -8.25393438e-01 9.05045867e-01 1.31871790e-01 -2.70233303e-01
    -1.40846729e-01 1.09721613e+00 1.66385961e+00 1.78113234e+00
    1.27002168e+00 5.08450270e-01 5.40188909e-01 1.44430864e+00
    5.18115699e-01 1.19529808e+00 1.21523225e+00 1.82251275e+00
    -9.72663611e-02 1.72330689e+00 -9.17713866e-02 -5.90896070e-01
    -2.77219445e-01 8.58595192e-01 5.56984842e-01 9.00730073e-01
    1.18663359e+00 -4.18558896e-01 1.14487553e+00 7.70565450e-01
    4.42971289e-01 -4.56547707e-01 -9.56104994e-02 2.76872516e-01
    1.43801892e+00 -6.61161184e-01 1.01055694e+00 1.87670827e+00
    4.45327401e-01 9.46320593e-01 1.67325270e+00 1.33941785e-01
    1.73964655e+00 -4.93662655e-01 1.87973642e+00 1.05489016e+00
    -4.76961434e-01 1.28552115e+00 1.54268360e+00 1.06133215e-01
    1.97959220e+00 3.29411849e-02 3.10021073e-01 2.87396461e-02
    3.16254705e-01 6.73701942e-01 2.55916327e-01 8.90720844e-01
    5.42785823e-01 1.55572951e-01 -3.13302606e-01 -8.00868213e-01
    1.01494300e+00 -7.90478528e-01 -5.84926128e-01 -3.65043655e-02
    1.89839649e+00 1.77738643e+00 1.57895255e+00 2.83928186e-01
    -6.02540672e-01 1.69358253e+00 1.23435080e+00 6.45452738e-01
    1.13784361e+00 1.30695331e+00 1.41213238e+00 1.47541702e+00
    -8.43747854e-01 4.76068035e-02 -2.74688035e-01 4.59448934e-01
    -3.35334659e-01 1.65054691e+00 1.44136536e+00 5.04195035e-01
    1.16097152e+00 -6.08688354e-01 -6.33750975e-01 -1.40310705e-01
    6.12244308e-01 1.60330629e+00 9.41290915e-01 2.00318742e+00
    1.95744038e-01 1.48200679e+00 1.91500568e+00 -5.58977485e-01
    1.56938004e+00 7.29216576e-01 2.11783841e-01 3.85127515e-01
    2.07988524e+00 -3.13759238e-01 -3.62171173e-01 -1.77531868e-01
    -1.49749085e-01 2.02715993e+00 5.31263232e-01 1.06235608e-01
    1.13490023e-01 -1.98475793e-01 1.61755025e-01 1.05957556e+00
    -8.70287001e-01 -1.01939850e-01 1.39360738e+00 2.85558134e-01
    -1.74794033e-01 5.71497619e-01 1.91445684e+00 -1.40977964e-01
    -5.68214715e-01 3.69173475e-02 1.23493385e+00 -7.61416852e-01
    -9.29197609e-01 5.88644668e-02 5.15324354e-01 -5.57403147e-01
    -6.09284699e-01 9.83062863e-01 4.63305786e-02 8.14707875e-01
    3.04150879e-01 1.37332845e+00 1.27562070e+00 1.26619768e+00
    6.63602352e-01 2.35429890e-02 1.24626660e+00 1.01334238e+00
    -4.47577387e-01 7.83916175e-01 -7.42912114e-01 1.81687415e-01
    2.02758670e+00 1.97065127e+00 8.25834751e-01 -7.41171420e-01
    -6.23624265e-01 1.73863780e+00 5.29897869e-01 4.65647072e-01
    5.66402614e-01 1.74779451e+00 2.11122513e-01 8.79895508e-01
    -7.71084368e-01 4.51105744e-01 7.18225837e-01 -5.24754763e-01
    -8.00627321e-02 -5.94143093e-01 -4.86449242e-01 8.68636072e-01
    -9.26275015e-01 -9.35691953e-01 1.95765302e-01 -9.40072179e-01
    1.63121128e+00 -7.79279113e-01 2.86550403e-01 1.86866260e+00
    1.80053031e+00 -2.42308274e-01 1.74453425e+00 1.52509582e+00
    1.13670027e+00 -5.61929584e-01 3.40882272e-01 1.51865411e+00
    1.20274091e+00 1.08334899e+00 3.46911162e-01 -2.89463669e-01
    1.19084752e+00 8.70979786e-01 -5.85741460e-01 1.21866930e+00
    5.45689464e-01 8.65596294e-01 -1.00383949e+00 9.12000537e-01
    -3.40604663e-01 7.43084773e-02 -5.32185614e-01 1.62976086e+00
    4.97668624e-01 5.63495792e-03 -6.50323451e-01 2.73226738e-01
    -6.37850583e-01 9.53775465e-01 8.25427622e-02 -9.01901782e-01
    -3.27223986e-01 4.49732184e-01 -9.45013285e-01 1.62566459e+00
    1.33539319e+00 4.12910730e-01 1.39097297e+00 -7.26311564e-01
    4.84590292e-01 1.21227658e+00 1.61118448e+00 5.82406223e-01
    3.71858813e-02 2.16114178e-01 7.71274447e-01 -7.69102097e-01
    1.47795987e+00 1.66132236e+00 7.57414997e-01 1.57473236e-01
    -7.89488912e-01 -5.07635534e-01 1.52903533e+00 9.26665723e-01
    2.69761682e-01 1.70889392e-01 -3.46542150e-01 -5.40107071e-01
    7.21374154e-01 -9.42338347e-01 4.60088998e-01 1.48246038e+00
    3.56691420e-01 -2.22650897e-02 2.16519818e-01 -3.68206322e-01
    -5.29042818e-02 -3.89614046e-01 -4.02376771e-01 2.72681177e-01
    1.80436456e+00 -6.20608449e-01 4.84173782e-02 9.23943937e-01
    1.01804936e+00 -3.65321696e-01 -4.55558568e-01 1.02499890e+00
    -3.59320849e-01 1.82087088e+00 1.83092803e-01 -7.62377143e-01
    -7.40390599e-01 1.55611050e+00 6.56250954e-01 1.69140851e+00
    1.13736331e+00 8.91443074e-01 8.82048368e-01 1.37694597e+00
    7.91249573e-01 8.16358209e-01 7.07448721e-01 4.84547280e-02
    1.49943042e+00 -1.72074109e-01 1.77387631e+00 1.43521047e+00
    1.64669120e+00 4.82712120e-01 1.84563994e-01 8.46907496e-01
    1.50397944e+00 1.15215909e+00 8.88003095e-04 5.26491761e-01
    -3.36599350e-01 -7.67051339e-01 3.42324446e-03 1.79541337e+00
    -2.75213063e-01 -7.58606911e-01 -2.50262588e-01 1.16635036e+00
    1.11576533e+00 -6.64423466e-01 -5.08344173e-01 6.56864166e-01
    -2.61742622e-01 3.59625578e-01 1.74543333e+00 1.76349878e+00
    3.02928239e-02 1.99501097e-01 1.20079792e+00 3.30338717e-01
    1.09473741e+00 1.69478476e+00 1.06095362e+00 1.08852774e-01
    2.37948254e-01 7.06048489e-01 -7.50062764e-01 1.68653119e+00
    1.38307893e+00 4.52401012e-01 1.01420259e+00 -8.94763231e-01
    7.11323678e-01 1.41995037e+00 4.08194005e-01 9.43491042e-01
    3.80317867e-01 -1.15006872e-01 9.98247981e-01 -5.29682636e-01
    1.76733422e+00 8.24093297e-02 9.63690996e-01 1.36142588e+00
    4.79081683e-02 3.06885600e-01 1.24708496e-01 -5.55626273e-01
    6.12943828e-01 8.60876858e-01 -5.43158889e-01 -3.53466183e-01
    -2.56876200e-01 8.53480518e-01 -3.29873919e-01 1.40305090e+00
    6.04364395e-01 1.45084821e-02 1.76165533e+00 -7.11674392e-01
    5.53149998e-01 5.49625635e-01 1.81531906e+00 -7.09610760e-01
    9.71636176e-01 7.94306755e-01 1.82710946e+00 9.37905371e-01
    3.76801223e-01 -7.05422878e-01 -6.59912884e-01 1.61791348e+00
    1.67569661e+00 6.10492110e-01 5.77544451e-01 9.57932115e-01
    8.32785487e-01 9.44146872e-01 5.54207563e-01 1.32189143e+00
    -7.59123147e-01 1.45584536e+00 1.92799246e+00 1.21713459e+00
    -2.90168405e-01 1.35293508e+00 -7.71006584e-01 -2.01349199e-01
    -5.43410838e-01 9.36533451e-01 2.11440735e-02 1.16669250e+00
    -1.71266850e-02 -1.07655108e-01 1.33426607e+00 -5.08416533e-01
    1.29700744e+00 -8.80008996e-01 6.69704199e-01 -1.78263485e-01
    1.07548785e+00 -2.98074305e-01 -1.39708847e-01 1.84126294e+00
    1.27410829e+00 6.57756746e-01 -4.95762736e-01 -8.90730619e-01
    1.66144812e+00 -2.72130013e-01 -2.42548242e-01 -1.66678205e-01
    9.89854753e-01 -8.62682760e-01 7.52887189e-01 1.92696750e-01
    -5.70026040e-01 1.82845867e+00 7.05098987e-01 9.34864700e-01
    -4.63411480e-01 1.41547716e+00 8.36643159e-01 -1.22367620e-01
    1.16774178e+00 -5.80576241e-01 1.96234119e+00 5.59696913e-01
    1.80078626e+00 1.31476927e+00 -5.79625547e-01 -2.05014780e-01
    9.01313424e-01 1.52951980e+00 8.39037180e-01 1.09448695e+00
    -7.95783222e-01 -3.33311886e-01 1.43486857e+00 1.86485648e+00
    4.77254599e-01 1.68923926e+00 9.42901134e-01 1.56813014e+00
    1.26335073e+00 4.73022014e-01 -8.06011617e-01 -5.77904880e-01
    5.50681949e-01 1.69273987e-01 1.14570701e+00 1.18081562e-01
    6.26488566e-01 1.07018852e+00 9.34018433e-01 1.81936693e+00
    1.43046451e+00 4.75545198e-01 4.21054810e-01 -1.08741485e-01
    1.54831791e+00 1.16549742e+00 1.27991605e+00 1.80172944e+00
    -1.22099608e-01 4.66322541e-01 7.80004621e-01 -4.47825789e-01
    5.93785681e-02 -7.33289480e-01 5.57652637e-02 2.43040800e-01
    4.45583165e-01 5.47474265e-01 1.26109469e+00 1.80481815e+00
    -7.68511817e-02 1.85232627e+00 -4.71270114e-01 1.23671567e+00
    -5.57085991e-01 7.60491848e-01 1.72906034e-02 1.89244494e-01
    4.01172549e-01 -3.40572000e-01 1.37488747e+00 1.90650737e+00
    1.08846116e+00 -2.71307789e-02 -6.83941543e-01 7.02589691e-01
    -6.32657945e-01 -3.55459720e-01 -5.67090034e-01 7.49538720e-01
    8.96464944e-01 3.34297001e-01 -7.08323419e-01 -7.84455597e-01
    8.42413068e-01 -9.15640295e-01 9.11892712e-01 -8.84962440e-01
    9.71628487e-01 1.07231998e+00 8.52610171e-01 7.69721270e-01
    -7.64061749e-01 5.01780689e-01 1.19522488e+00 1.68443227e+00
    -6.13394856e-01 1.36095417e+00 -1.38827264e-01 2.83623576e-01
    1.89105079e-01 1.16083264e+00 1.46093294e-01 6.19059980e-01
    -7.30957806e-01 1.91464269e+00 6.07256293e-01 1.17754483e+00
    -5.67142844e-01 -8.29215527e-01 -1.59254014e-01 1.61126399e+00
    1.73907971e+00 1.80578160e+00 1.85983944e+00 -5.27347744e-01
    1.49717176e+00 -6.80176854e-01 7.79410720e-01 1.81933761e+00
    1.53257155e+00 1.28328645e+00 -5.30336916e-01 1.73872399e+00
    1.98440161e-02 -3.24996188e-02 -1.10494757e+00 4.94073659e-01
    -4.60887074e-01 1.87449348e+00 1.90017128e+00 3.96989346e-01
    2.30277568e-01 2.39311904e-01 4.81612027e-01 9.71821845e-01
    1.72339475e+00 3.84460330e-01 3.19175094e-01 1.44797552e+00
    -8.56271207e-01 7.03311026e-01 1.23855305e+00 1.12157917e+00
    1.71165001e+00 1.14490366e+00 1.28408575e+00 1.11098431e-01
    9.92099643e-01 8.45601261e-01 -2.89421290e-01 1.09076953e+00
    3.63828570e-01 1.27217174e+00 2.23355025e-01 1.49844491e+00
    -8.30487490e-01 -8.99383307e-01 1.21462584e+00 1.68437350e+00
    1.43673778e+00 6.99499905e-01 1.46292913e+00 1.32078254e+00
    -5.93497634e-01 1.78689682e+00 -4.66117650e-01 -4.22565974e-02
    -4.64808077e-01 5.68330169e-01 -2.69827992e-01 -9.99837518e-02
    2.85224944e-01 2.94087261e-01 1.49599075e+00 1.02918291e+00
    -8.04076970e-01 1.21949637e+00 7.35396385e-01 8.65892291e-01
    7.48768985e-01 1.72853994e+00 1.13739538e+00 -7.02804318e-05
    3.35853964e-01 -7.04946041e-01 6.83949053e-01 -6.13478541e-01
    2.16693997e-01 -1.75798103e-01 1.02890027e+00 1.54952061e+00
    1.19421454e-02 -6.26895070e-01 1.74770045e+00 8.20343554e-01
    6.97087467e-01 -7.59920299e-01 1.07942247e+00 -5.23911178e-01
    5.58880493e-02 1.19380856e+00 -7.78670073e-01 1.58778518e-01
    2.69673437e-01 4.58031774e-01 -7.10814238e-01 4.60745424e-01
    -2.88448483e-01 1.47707820e+00 1.72513485e+00 -3.81560951e-01
    -3.22677761e-01 9.22363758e-01 -6.05237007e-01 1.69285691e+00
    -5.04631460e-01 -7.93273151e-01 1.12258351e+00 -3.34081411e-01
    -6.91375732e-01 1.11383021e+00 -8.29890464e-03 1.39235926e+00
    -2.19126400e-02 1.85193670e+00 1.79793596e+00 9.50774014e-01
    1.57783180e-01 1.82797968e+00 1.36729455e+00 1.28470874e+00
    -3.13248485e-02 1.83348095e+00 1.29144537e+00 -6.30505741e-01
    1.64214408e+00 8.77504885e-01 1.99225351e-01 3.27122986e-01
    1.32959044e+00 -4.39168096e-01 1.20701945e+00 1.09007359e+00
    9.81330574e-01 1.04417109e+00 -5.10443330e-01 4.88947690e-01
    1.64724398e+00 1.81660795e+00 4.17482078e-01 1.19446313e+00
    -8.45622241e-01 -7.26752102e-01 1.88477600e+00 4.56210434e-01
    -4.80051517e-01 1.81310046e+00 -3.91740888e-01 -3.48191112e-01
    1.70384789e+00 3.41492981e-01 -6.68552577e-01 -4.57708299e-01
    1.35838890e+00 9.24806535e-01 1.51622331e+00 -8.32260430e-01
    -2.29355350e-01 -7.77111948e-02 -1.58513159e-01 1.96609378e+00
    3.13127488e-01 4.37109530e-01 -2.71582305e-01 1.11305332e+00
    1.96327221e+00 1.48311889e+00 1.57910180e+00 -5.62515497e-01
    1.87645233e+00 1.79467142e+00 5.72493494e-01 -1.64148092e-01
    1.30527174e+00 -7.42951930e-01 1.86237383e+00 1.37352824e+00
    -5.61738551e-01 1.95425224e+00 1.46226823e+00 1.09829032e+00
    1.80212569e+00 -5.16318262e-01 -8.83204579e-01 6.09438300e-01
    -6.49115086e-01 1.18120611e+00 7.12113023e-01 5.82646668e-01
    -6.82242811e-01 2.27832675e-01 7.80958593e-01 1.08215141e+00
    5.35438061e-01 1.71225464e+00 -4.56770033e-01 -1.10177547e-01
    6.25584304e-01 1.05048466e+00 6.78676248e-01 1.05580306e+00
    -2.64414966e-01 1.23442459e+00 1.70454621e+00 1.02177906e+00
    1.33533716e+00 5.02506852e-01 -9.50322807e-01 1.89521819e-01
    1.70980012e+00 8.96973312e-01 7.02265799e-01 1.43550968e+00
    1.08926499e+00 9.60655391e-01 -7.15444088e-01 1.35435116e+00
    4.31517780e-01 6.39704585e-01 -1.33762464e-01 1.94104040e+00
    1.95877552e-01 2.67669652e-02 8.48944068e-01 2.01983118e+00
    1.23578346e+00 6.05539680e-01 -1.42435640e-01 1.29877746e+00
    1.51303160e+00 6.74884856e-01 1.50430810e+00 5.38146734e-01
    1.99976707e+00 1.42705345e+00 -8.11525464e-01 1.55249345e+00
    -3.74232918e-01 -5.38385391e-01 4.96840179e-01 -7.21466303e-01
    7.36760855e-01 6.65389597e-01 1.52104553e-02 -2.74587393e-01
    1.08063214e-01 1.61916125e+00 5.52790642e-01 4.68683727e-02
    1.80622375e+00 -5.61490238e-01 4.20228206e-02 2.82651991e-01
    -1.55235156e-01 1.14279306e+00 1.46997559e+00 8.07746768e-01
    1.76226854e+00 9.45563376e-01 -5.29336691e-01 1.29142356e+00
    -5.36863327e-01 -1.91339448e-01 1.97461700e+00 1.06906641e+00
    -5.10226250e-01 5.15227735e-01 1.84094882e+00 6.39047980e-01
    1.75363556e-01 1.69387674e+00 1.38245058e+00 3.76596935e-02
    -4.22391564e-01 -3.31836902e-02 2.88208544e-01 4.85404670e-01
    -9.05733049e-01 6.17178202e-01 -9.59685802e-01 1.40447485e+00
    1.10871673e+00 1.75408334e-01 1.57677698e+00 7.02690065e-01
    5.38549386e-02 2.15832487e-01 5.33573985e-01 -3.98823947e-01
    7.53079534e-01 1.26414979e+00 -6.27923369e-01 -5.43184757e-01
    4.78282541e-01 4.89463598e-01 -1.36183903e-01 1.20656812e+00
    9.33000863e-01 1.39079165e+00 -4.35746223e-01 3.84422094e-01
    1.48759449e+00 1.27350366e+00 -8.71337175e-01 -3.24048735e-02
    -7.74204075e-01 1.75863847e-01 -2.61539042e-01 7.86520764e-02
    -6.51383162e-01 -1.23526603e-01 -2.66061664e-01 -3.39560568e-01
    -4.21745002e-01 -2.58731395e-01 -2.97620684e-01 -3.32018912e-01
    1.83155525e+00 3.04321319e-01 1.73113823e+00 1.61642897e+00
    6.11715257e-01 1.51280820e+00 -5.01792550e-01 8.23348224e-01
    -1.58119723e-01 1.43936515e+00 -1.03434777e+00 6.13807738e-01
    8.44305038e-01 3.49023901e-02 1.66759562e+00 -2.11886942e-01
    1.58581352e+00 6.73512459e-01 2.03445498e-02 1.88732350e+00
    1.27803266e+00 -3.53996083e-02 -4.22641009e-01 1.66455734e+00
    4.88379657e-01 1.68828785e+00 1.39320910e+00 3.16233575e-01
    1.72598410e+00 -4.12498832e-01 -5.74721098e-01 -2.84589529e-01
    -5.44237494e-01 6.94149792e-01 4.12837937e-02 1.52306736e+00
    1.91684628e+00 -9.56038952e-01 -3.09124738e-01 6.30365431e-01
    5.99750936e-01 -2.05237657e-01 2.88616776e-01 1.15322256e+00
    5.55879176e-01 1.91242707e+00 4.67731923e-01 1.75792977e-01
    7.25450041e-03 1.12506580e+00 -7.50418067e-01 6.45436943e-01
    -3.00761074e-01 -2.84820586e-01 3.32530513e-02 -3.74940038e-01
    1.07676291e+00 -4.94230866e-01 3.43454123e-01 -9.11479414e-01
    -7.93705508e-02 -1.08644865e-01 -9.07502770e-01 -8.31911922e-01
    1.19362044e+00 7.32085288e-01 -3.65008831e-01 -1.32852688e-01
    -1.67495217e-02 8.70517135e-01 1.06094003e+00 7.00312257e-01
    5.26889026e-01 1.34341049e+00 1.38425970e+00 -7.52116323e-01
    -5.77688098e-01 1.26144636e+00 -5.43293059e-01 -3.71019602e-01
    1.80732882e+00 4.98698115e-01 -9.70900297e-01 4.98152643e-01
    1.29277182e+00 1.02130234e+00 3.66972446e-01 1.84336543e+00
    3.51379551e-02 1.48583364e+00 9.57831368e-02 -4.52382714e-01
    1.13267481e+00 1.95168686e+00 1.59302270e+00 -2.15611845e-01
    6.49488986e-01 -7.17542708e-01 8.31173301e-01 -4.65698957e-01
    1.25576556e+00 -7.98360169e-01 8.51814926e-01 9.19592679e-01
    -7.96486378e-01 6.26023412e-01 1.70674348e+00 1.43807089e+00
    1.56284940e+00 -9.18449014e-02 6.31448925e-01 1.64614153e+00
    1.85207760e+00 1.22930026e+00 5.29534042e-01 4.68274713e-01
    6.47398889e-01 -2.26238132e-01 6.71838410e-03 1.32014453e+00
    -8.28291357e-01 1.20451486e+00 -1.74383879e-01 6.48099899e-01
    -3.64019305e-01 1.19239807e+00 3.33766669e-01 1.27031565e-01
    5.25377631e-01 6.86724067e-01 1.92934632e+00 5.42846620e-01
    -2.79474795e-01 1.46578324e+00 9.63572785e-02 -7.56473541e-01
    6.64325774e-01 1.70014572e+00 1.15840173e+00 1.04540122e+00
    8.57221663e-01 1.64748669e+00 7.52240837e-01 -6.02039814e-01
    -6.03154182e-01 9.84349966e-01 1.51024926e+00 1.57748139e+00
    1.86631179e+00 1.66980386e+00 -4.45120633e-01 4.68813866e-01
    -4.21977013e-01 1.77926552e+00 1.69453418e+00 1.54391038e+00
    -5.18738508e-01 8.23160946e-01 3.65025885e-02 8.60511482e-01
    4.66877282e-01 9.45367634e-01 1.31932747e+00 1.46092427e+00
    1.21647549e+00 -5.42052329e-01 2.91484624e-01 -4.84751374e-01
    1.81482172e+00 7.91043043e-01 -6.59285843e-01 -5.91884375e-01
    1.42966104e+00 3.36346895e-01 1.27543068e+00 1.05247104e+00
    1.79788589e-01 5.72701335e-01 1.05649853e+00 -1.51109189e-01
    1.70130324e+00 4.68956709e-01 2.21470028e-01 -4.31343377e-01
    1.94060266e+00 2.66358614e-01 1.64243186e+00 -1.02401942e-01
    8.24319363e-01 1.44787455e+00 1.78243756e+00 1.78066397e+00
    1.86711705e+00 8.26219380e-01 1.52773607e+00 1.69507873e+00
    3.95261079e-01 -9.33425665e-01 -9.04628217e-01 -9.40346539e-01
    6.25067890e-01 1.11174893e+00 1.35751581e+00 6.52941465e-01
    -3.93676549e-01 -3.13223898e-01 1.65585488e-01 -2.00262755e-01
    -6.51798785e-01 1.26215136e+00 1.77277589e+00 -4.91307855e-01
    -1.45622998e-01 9.84864712e-01 6.76974118e-01 -4.91040528e-01
    -1.04389913e-01 -8.09913635e-01 3.17482471e-01 -5.73833942e-01
    5.66579401e-01 1.12451720e+00 1.08942401e+00 8.96456659e-01
    1.33986557e+00 7.13215172e-01 1.52951884e+00 1.52563286e+00
    -9.13593233e-01 -5.42558730e-01 1.18027198e+00 7.37328589e-01
    -3.73571962e-01 9.25686300e-01 1.94161788e-01 1.93855834e+00
    1.73785913e+00 1.32296491e+00 1.25545526e+00 -7.50811636e-01
    3.13444167e-01 -2.40218818e-01 2.07687378e-01 -4.45964098e-01
    5.20439684e-01 -1.83943421e-01 -2.89635003e-01 1.51476637e-01
    7.60525838e-02 2.06338382e+00 -7.49798954e-01 5.26014149e-01
    1.80859435e+00 -7.02346504e-01 -2.96079844e-01 9.07010257e-01
    1.81514072e+00 1.42307079e+00 1.59239757e+00 1.43192267e+00
    1.48410380e+00 -1.49755746e-01 -1.30223781e-01 2.31798723e-01
    -6.30039334e-01 1.56020296e+00 -4.71912056e-01 8.49419296e-01
    1.41093910e+00 -8.46642435e-01 5.40856600e-01 -2.72030205e-01
    -9.58495885e-02 1.38112938e+00 1.25882685e+00 -2.70118594e-01
    2.89318077e-02 -7.56466150e-01 -3.36848736e-01 1.55915391e+00
    2.77044654e-01 7.00913489e-01 -1.52926579e-01 7.68614352e-01
    2.03021765e+00 4.38478917e-01 1.91516733e+00 1.64076316e+00
    -6.80008352e-01 1.09589422e+00 1.09531641e+00 1.56237555e+00
    7.68435419e-01 9.55972433e-01 7.22131968e-01 5.69847524e-01
    -5.25214553e-01 -9.43379998e-01 -2.21019268e-01 4.33566235e-02
    1.75315022e-01 -8.27617407e-01 7.00378358e-01 1.44338906e+00
    -3.07541311e-01 2.91535079e-01 -4.13982302e-01 5.59972465e-01
    -2.35713542e-01 6.58367336e-01 6.79007351e-01 7.99336731e-01
    1.69537795e+00 2.61725843e-01 1.74620020e+00 1.60632420e+00
    1.36591995e+00 9.73781168e-01 2.69163519e-01 1.55006158e+00
    -3.60728085e-01 -6.57750130e-01 1.31604087e+00 2.06886649e+00
    9.70914364e-01 -5.59549391e-01 8.04339468e-01 -3.32239896e-01
    7.84599900e-01 3.05816889e-01 1.00011575e+00 1.66097891e+00
    1.46354461e+00 -1.23069026e-01 1.93057942e+00 5.23828194e-02
    -5.51279426e-01 1.45045841e+00 1.42478812e+00 7.89873302e-01
    -8.25653076e-02 1.69575179e+00 -8.82752955e-01 -4.24650358e-03
    3.21893990e-01 -9.22166705e-01 5.22795394e-02 -9.46154654e-01
    1.59729290e+00 1.68809712e+00 1.04327047e+00 6.12559989e-02
    1.48728943e+00 3.58010650e-01 1.74522555e+00 -1.07553400e-01
    4.96709198e-01 1.70917022e+00 1.59734809e+00 -1.43685758e-01
    1.13916028e+00 2.77922273e-01 1.10516179e+00 -8.50318372e-02
    -2.59155631e-01 8.11758399e-01 7.86297202e-01 3.66897047e-01
    -8.84076133e-02 -4.54562783e-01 1.86832774e+00 -3.22095871e-01
    7.23010421e-01 -1.66923180e-01 -8.63459647e-01 1.11883700e+00
    -9.07488525e-01 -3.99635255e-01 1.56134582e+00 -8.13137472e-01
    1.02025092e+00 -1.01255156e-01 1.91673279e+00 -1.50837541e-01
    -7.69729018e-01 1.43134475e+00 7.55506903e-02 -5.88178873e-01
    1.89029396e+00 1.52287960e+00 -8.36117506e-01 1.46559298e+00
    1.02646160e+00 -2.89576560e-01 1.85872841e+00 1.85111856e+00
    -7.30514407e-01 5.00570178e-01 6.15112364e-01 9.02775466e-01
    -4.71233636e-01 1.09216380e+00 1.74938393e+00 6.87708020e-01
    -2.91388422e-01 1.13467252e+00 -5.83541987e-04 1.58583426e+00
    1.54930913e+00 -2.54844546e-01 -2.98988014e-01 1.60556936e+00
    -8.83828521e-01 3.79152805e-01 1.18632555e+00 1.48307055e-01
    -3.41413289e-01 1.48981154e+00 -8.41275811e-01 1.98554009e-01
    1.35456192e+00 9.94605720e-01 1.10927725e+00 7.49140382e-01
    1.84960139e+00 -8.45122218e-01 9.68153000e-01 2.14946732e-01
    1.22466314e+00 1.34769309e+00 1.73793912e+00 4.93700594e-01
    -1.95450276e-01 9.46418196e-02 1.13306010e+00 6.84499681e-01
    1.14312482e+00 1.20913267e+00 5.48420072e-01 4.08525378e-01
    5.69817603e-01 6.91867173e-01 3.60418290e-01 1.85777998e+00
    8.47611308e-01 -6.02721691e-01 1.55904257e+00 6.20856166e-01
    3.43381256e-01 7.49090433e-01 8.60048711e-01 1.90230954e+00
    1.79477513e+00 1.30254161e+00 2.45188922e-01 9.39142331e-02
    -7.22619951e-01 9.46213722e-01 -5.91738820e-01 3.22067499e-01
    -1.55442908e-01 1.50169051e+00 5.85648835e-01 1.72581577e+00
    -2.67278422e-02 6.15519583e-01 1.07683516e+00 1.38888896e+00
    1.25687909e+00 -3.80437762e-01 1.76806998e+00 1.08079970e+00
    -9.94385839e-01 3.16085070e-01 -7.72462726e-01 -4.28959280e-01
    2.78305113e-01 1.32717693e+00 -8.84326518e-01 1.58779657e+00
    1.53449738e+00 -2.31537193e-01 1.10777986e+00 -8.45412195e-01
    -5.29153883e-01 1.27357686e+00 6.80844009e-01 -9.34005678e-02
    1.70132184e+00 -6.03384912e-01 1.78139353e+00 1.74016941e+00
    1.47170544e-01 -8.70187700e-01 -3.72665018e-01 1.33570957e+00
    1.07156718e+00 -9.33812797e-01 -3.74017298e-01 4.77384925e-01
    2.39352003e-01 9.33533490e-01 -6.64610386e-01 -4.88598496e-01
    4.87330675e-01 1.98625708e+00 -7.60888338e-01 8.92902687e-02
    6.28702283e-01 1.62002707e+00 1.45259273e+00 1.50568533e+00
    -2.45412275e-01 5.75576782e-01 -4.91934031e-01 1.38537705e+00
    1.63055372e+00 -8.05067122e-01 1.50229657e+00 -9.23976749e-02
    -1.80656284e-01 6.92702174e-01 -3.96700740e-01 3.37762713e-01
    -1.15619078e-02 -1.55749276e-01 -5.57060838e-01 1.92757666e+00
    7.33904481e-01 6.47900939e-01 9.66566741e-01 1.07152367e+00
    7.10648715e-01 1.96645820e+00 -8.63326490e-01 1.14921772e+00
    2.62960810e-02 1.90462923e+00 -1.84513748e-01 1.82297814e+00
    -8.84540379e-01 -6.65880561e-01 8.14334035e-01 9.03248549e-01
    -8.85250270e-01 5.86413145e-01 -4.60858911e-01 -3.88578385e-01
    -1.35430172e-01 1.44623470e+00 1.68091857e+00 1.15272868e+00
    -9.07904267e-01 1.44402862e+00 1.81250334e+00 -5.74551113e-02
    7.98073173e-01 1.00504267e+00 5.72083235e-01 -9.24885869e-01
    -3.26467872e-01 1.65711296e+00 1.41622150e+00 1.47382617e-01
    1.05140960e+00 5.08230865e-01 -8.16151679e-01 1.65607715e+00
    -6.25986278e-01 1.05092847e+00 1.47342756e-01 -1.25162478e-03
    -3.48502696e-01 -8.15401614e-01 1.96479654e+00 1.63327992e+00
    -8.66221130e-01 1.64335251e+00 -3.23699862e-01 2.51200855e-01
    5.70793748e-01 -1.48146644e-01 -6.61365330e-01 -1.07627004e-01
    9.17879045e-01 1.31093252e+00 -8.54615927e-01 -4.69373584e-01
    -8.66324544e-01 1.32217145e+00 -3.66104096e-01 1.34720743e+00
    -6.25017405e-01 8.06947708e-01 7.73945928e-01 -2.99147218e-01
    5.53984046e-01 1.91891444e+00 1.34985363e+00 1.24004900e+00
    -7.11311638e-01 8.40319693e-01 -7.96137571e-01 1.29858717e-01
    -5.80194354e-01 1.28213835e+00 -1.79964378e-01 1.40095770e+00
    -6.77378535e-01 1.45274591e+00 -2.84207344e-01 2.18151629e-01
    -6.53652370e-01 1.70697078e-01 -7.52722621e-01 -5.87540865e-01
    -4.04213339e-01 -3.71389091e-01 -5.62384784e-01 -4.62579042e-01
    -1.37997139e-02 2.31415227e-01 -9.15850461e-01 -9.58704770e-01
    1.03322840e+00 3.25087309e-01 1.18736160e+00 5.54580986e-01
    1.51866865e+00 -7.99036324e-01 -3.09015155e-01 1.38257635e+00
    7.76410580e-01 1.38835922e-01 1.57301390e+00 -6.92029744e-02
    -6.47604227e-01 1.38433111e+00 1.21939850e+00 -6.23162806e-01
    1.93363464e+00 1.40608430e+00 -5.00328004e-01 1.60768604e+00
    -9.52058315e-01 1.78125238e+00 -8.32979441e-01 1.53672361e+00
    -9.99862731e-01 4.01347607e-01 8.36698830e-01 -5.34490347e-01
    1.00896287e+00 -3.56708109e-01 -1.09604388e-01 1.60926402e+00
    4.39929366e-01 1.36352146e+00 5.29587924e-01 -7.36058474e-01
    -2.19093129e-01 4.86281276e-01 7.11988688e-01 1.25045466e+00
    1.80130735e-01 -9.29320455e-01 -8.91569912e-01 -1.85786769e-01
    -2.08579749e-01 6.59217358e-01 9.04771030e-01 2.34698564e-01
    -3.59167337e-01 -3.69100243e-01 1.73363662e+00 3.95695359e-01
    -7.80422926e-01 8.11664879e-01 -2.19444409e-01 -8.51920128e-01
    6.38343096e-01 1.14305580e+00 1.32164463e-01 1.04287231e+00
    -8.19333315e-01 1.86335289e+00 -2.99191594e-01 -8.51690650e-01
    1.82445991e+00 3.03914756e-01 -5.61554193e-01 1.31781590e+00
    6.24681190e-02 -6.02520287e-01 -2.88819432e-01 1.66325486e+00
    1.01509476e+00 -5.36628664e-01 2.36767739e-01 -7.17080757e-02
    6.65639699e-01 -6.84046745e-01 1.28953171e+00 -5.79056025e-01
    1.22299623e+00 7.67495334e-01 -7.75812745e-01 5.87050736e-01
    1.26880452e-01 4.27933395e-01 1.53312933e+00 -5.67295969e-01
    -1.35015577e-01 6.36161327e-01 7.41956607e-02 2.53750570e-03
    -5.80925822e-01 1.07213008e+00 1.52615833e+00 1.92461562e+00
    1.76741111e+00 1.85905349e+00 1.58215606e+00 -4.36820090e-01
    -2.98097461e-01 2.68461049e-01 -8.07479084e-01 -2.12651901e-02
    2.05959782e-01 8.34474325e-01 1.71645093e+00 -7.98832655e-01
    -9.14516985e-01 1.53608501e+00 1.76933050e+00 -3.05820048e-01
    -4.79949452e-02 -6.48127973e-01 -2.76256204e-01 5.02674639e-01
    8.78962874e-01 2.99242169e-01 -2.44078219e-01 2.32076108e-01
    3.15509260e-01 3.08402151e-01 2.66470253e-01 2.38394737e-01
    5.78064263e-01 2.45136619e-01 8.13074529e-01 -4.46446896e-01
    6.12225890e-01 1.25674987e+00 1.42584629e-02 1.64675200e+00
    2.69483894e-01 1.14636171e+00 8.11309755e-01 1.98485762e-01
    9.00906861e-01 3.49408805e-01 -7.94183671e-01 -3.64277065e-01
    1.75463080e+00 -6.62732124e-02 -5.40765703e-01 -2.13866189e-01
    1.60109550e-01 1.89788520e+00 5.98002195e-01 3.86139542e-01
    5.44044018e-01 1.10725439e+00 -9.86253917e-01 4.17973310e-01
    -5.41775882e-01 1.16510704e-01 1.54971194e+00 2.37154365e-01
    1.37686387e-01 -6.69386327e-01 6.61668628e-02 1.71150017e+00
    1.08888841e+00 7.57160366e-01 1.14056692e-01 1.91636801e+00
    1.45490676e-01 1.50902367e+00 1.29396284e+00 6.72335088e-01
    5.51122546e-01 3.13329697e-01 1.95410860e+00 -1.69852600e-01
    1.58726156e+00 3.38536531e-01 6.47367299e-01 -5.21189153e-01
    3.17975521e-01 -6.32890284e-01 -1.90183148e-01 3.48156989e-02
    3.67310345e-01 1.45333648e+00 1.18401134e+00 1.23328125e+00
    5.12868285e-01 -7.39958048e-01 -8.33973110e-01 1.86374962e+00
    1.61126149e+00 4.13204208e-02 5.82557581e-02 1.07573009e+00
    1.41749454e+00 1.40392804e+00 -1.07711516e-02 -7.87479997e-01
    1.95419037e+00 9.17308629e-01 1.95717704e+00 1.35871804e+00
    -1.52556181e-01 -5.68121850e-01 1.87074304e+00 1.84965909e+00
    -1.07840203e-01 -6.97596252e-01 1.13271944e-01 -3.83728892e-01
    -5.75024784e-01 6.08695149e-01 -8.14519465e-01 1.70476353e+00
    6.49003029e-01 1.51529288e+00 -3.95890445e-01 6.36272728e-01
    9.33146536e-01 1.46593726e+00 -5.96453309e-01 -5.18774509e-01
    -7.86125422e-01 7.80693710e-01 -5.74280202e-01 1.55161834e+00
    1.12195706e+00 1.76429164e+00 7.93094754e-01 9.63557005e-01
    5.81347525e-01 -7.38512933e-01 -7.45882809e-01 4.53178287e-01
    9.37644660e-01 -2.60243922e-01 1.68098867e+00 -8.24245691e-01
    1.18328846e+00 1.61228895e+00 -1.27111182e-01 5.06421089e-01
    -2.81942725e-01 1.18401718e+00 -8.60396922e-01 1.73514521e+00
    1.56552255e+00 1.27560973e+00 -2.52625579e-03 -7.78706789e-01
    -5.97624421e-01 -5.60899258e-01 1.34802163e-01 9.27395940e-01
    -4.26279753e-01 1.24844849e+00 1.15529156e+00 1.08803427e+00
    -5.36737204e-01 -3.66811663e-01 -6.11992180e-01 1.22877713e-02
    -3.51834565e-01 9.51890349e-01 -2.33918190e-01 7.54013419e-01
    1.17297912e+00 5.00399053e-01 1.49565291e+00 -2.71148771e-01
    1.56171823e+00 -5.20014524e-01 -9.27348614e-01 -1.51533082e-01
    6.48089349e-01 -7.69258559e-01 1.27545166e+00 -6.85260594e-02
    2.13842645e-01 -2.10789710e-01 -7.68328428e-01 3.01645190e-01
    1.54859924e+00 -2.64937460e-01 1.45508498e-01 1.06377661e+00
    -2.19855875e-01 1.12385213e+00 3.10936809e-01 1.38416600e+00
    9.13776100e-01 1.94386169e-02 9.48426068e-01 1.70024776e+00
    5.75201452e-01 -3.22648555e-01 -3.18096817e-01 2.59976596e-01
    9.99216378e-01 1.78755999e+00 6.85307920e-01 3.19042712e-01
    8.27908933e-01 7.33251154e-01 -8.46809030e-01 7.66818821e-01
    -4.75762725e-01 -9.21483457e-01 -7.09483493e-03 5.98827541e-01
    8.21494162e-01 -2.05967143e-01 1.29935718e+00 8.45703244e-01
    1.32032335e+00 1.46930373e+00 7.23215818e-01 -3.45112234e-01
    1.85720071e-01 -7.20504820e-01 -6.89175546e-01 -8.63119125e-01
    -1.31910726e-01 1.75013411e+00 1.23449767e+00 1.95949972e+00
    2.10195518e+00 1.61948228e+00 1.19851840e+00 1.47746229e+00
    6.83049500e-01 3.31651390e-01 1.79904580e-01 1.01843011e+00
    1.16317713e+00 6.04625762e-01 5.76002061e-01 -4.60270159e-02
    -9.60059881e-01 2.49380678e-01 3.81685108e-01 -2.42613442e-02
    -9.58051980e-01 9.06056166e-01 1.95057571e+00 -6.40379250e-01
    -5.94246686e-01 7.36909151e-01 2.04765528e-01 9.12067946e-03
    -5.80388546e-01 8.06590095e-02 -1.02104954e-01 -8.04789901e-01
    2.37859279e-01 -1.02688217e+00 1.69788444e+00 1.53582668e+00
    1.18984604e+00 -5.19845366e-01 1.77863467e+00 -4.65537637e-01
    8.30621064e-01 8.03922057e-01 1.98877358e+00 8.91612709e-01
    1.60838771e+00 -1.44713193e-01 -4.53495204e-01 1.15368474e+00
    -1.10926695e-01 9.14329946e-01 1.31161523e+00 9.86877561e-01
    5.89199126e-01 1.44163525e+00 -7.05399811e-01 1.54093790e+00
    -9.14304435e-01 1.43623304e+00 1.12524915e+00 -4.25784498e-01
    -6.35773718e-01 1.24201035e+00 1.49594164e+00 -8.09263527e-01
    8.62077832e-01 -9.48042870e-01 9.46554184e-01 2.05469623e-01
    1.43020773e+00 1.45234728e+00 -5.31723440e-01 -7.42661417e-01
    9.37441587e-01 -2.18022600e-01 1.55144036e+00 1.77429295e+00
    1.87895909e-01 6.68894172e-01 -8.20315778e-01 1.90699950e-01
    -8.29734564e-01 5.06941438e-01 7.47429192e-01 6.40060306e-01
    3.31703089e-02 2.67404497e-01 -1.79723665e-01 1.48366928e+00
    1.52556753e+00 1.54673636e+00 4.63312536e-01 1.86109042e+00
    1.40455508e+00 4.67434555e-01 5.98380387e-01 -5.17879426e-01
    1.76079392e+00 -6.88716054e-01 9.21758056e-01 1.26707590e+00
    -1.66962624e-01 -7.26639569e-01 -2.56938785e-01 -6.36232615e-01
    -9.14087951e-01 8.46776903e-01 1.47563130e-01 -5.82811356e-01
    1.69742215e+00 3.23358476e-01 -6.52204752e-01 1.55281281e+00
    -6.83521688e-01 1.93398583e+00 2.58151174e-01 1.67653275e+00
    -3.85668218e-01 1.65808761e+00 -8.85434210e-01 9.24125493e-01
    -4.97943312e-01 9.47476566e-01 6.56500995e-01 1.65866649e+00
    7.32053220e-01 5.81447184e-01 2.83586979e-01 7.12577701e-01
    6.45886540e-01 -4.17601079e-01 1.38116169e+00 -7.60721862e-01
    -1.04261503e-01 1.27915180e+00 3.40576351e-01 1.48187363e+00
    -6.37589812e-01 9.49634790e-01 3.26675266e-01 1.82028389e+00
    -1.75283715e-01 3.39997500e-01 1.39511776e+00 -5.71263433e-01
    1.73759079e+00 3.68153185e-01 1.54691982e+00 1.49318421e+00
    -6.11439236e-02 -6.82986021e-01 4.02346373e-01 -6.38737381e-01
    -5.49126625e-01 -3.40248466e-01 5.32588005e-01 1.31829786e+00
    4.57477331e-01 -4.51187581e-01 2.98358172e-01 1.16697085e+00
    3.38120729e-01 9.22673643e-01 1.44073009e+00 -5.37438571e-01
    1.73003483e+00 -6.45315170e-01 -4.65633035e-01 -2.30746746e-01
    7.10144341e-01 1.45879769e+00 -1.72209740e-01 6.64107919e-01
    1.83952987e-01 -1.19738773e-01 1.18421558e-02 1.91464350e-01
    5.57066619e-01 5.68565190e-01 -8.69945168e-01 1.97307742e+00
    1.49311674e+00 -2.39486933e-01 -6.70599282e-01 1.21275878e+00
    -7.84613848e-01 6.31779611e-01 9.33816750e-03 1.69263589e+00
    6.62889957e-01 1.91509402e+00 -5.59606671e-01 1.82133317e+00
    1.98521078e+00 -6.90341890e-02 1.31624246e+00 6.84262812e-01
    1.06377351e+00 1.92036581e+00 1.28109980e+00 1.59533739e+00
    -3.89654249e-01 -9.06801581e-01 5.50344169e-01 1.84378350e+00
    1.14498973e+00 5.66571593e-01 -6.08285725e-01 7.55650401e-01
    1.90596914e+00 -5.92864215e-01 -8.62492859e-01 -4.90854383e-02
    1.15538752e+00 1.39246178e+00 1.22123206e+00 5.32214999e-01
    1.49677753e+00 1.80583847e+00 1.78375173e+00 3.00346076e-01
    1.87771285e+00 -4.89813626e-01 -5.72376668e-01 -7.49077499e-01
    5.55105984e-01 1.90600014e+00 -6.70321763e-01 1.24978960e+00
    -7.57189035e-01 5.55358827e-01 7.98003793e-01 1.34643316e+00
    -1.00046408e+00 1.67994881e+00 1.49757683e+00 5.68122029e-01
    1.37031531e+00 2.55021602e-01 -6.31841183e-01 1.87970328e+00
    -6.17663980e-01 -9.22131300e-01 1.49112296e+00 1.31920397e+00
    1.80381548e+00 2.55557954e-01 1.41936922e+00 1.28711426e+00
    -8.09274971e-01 -6.99097812e-01 1.84113979e+00 9.54937518e-01
    -6.43585324e-01 -7.74613321e-01 4.50508624e-01 1.67806935e+00
    -8.36897343e-02 1.05309618e+00 6.92775011e-01 4.93669100e-02
    2.60199726e-01 5.51194310e-01 1.52570128e+00 1.40213537e+00
    6.54405475e-01 2.67991185e-01 -2.07089901e-01 1.68344104e+00
    5.35542786e-01 1.68185437e+00 -7.92924464e-01 -8.62606108e-01
    1.43560112e+00 1.53142512e+00 -6.34040952e-01 8.65200102e-01
    -4.77706969e-01 -5.50864398e-01 -5.11980236e-01 1.93671274e+00
    -6.11155927e-01 9.57680643e-01 7.46007264e-01 -1.16453387e-01
    -2.54177034e-01 -8.40875268e-01 -8.32311273e-01 -6.50512934e-01
    8.19719851e-01 2.07846388e-02 -1.26767838e-02 -6.38122708e-02
    7.72672832e-01 1.07461190e+00 1.64356148e+00 -1.49540454e-01
    -1.07347623e-01 1.72914088e+00 2.55789340e-01 -8.86461556e-01
    1.90422308e+00 1.77787149e+00 1.48343727e-01 1.39126790e+00
    1.89959538e+00 1.21942749e-02 3.30012262e-01 8.85466754e-01
    1.24194646e+00 6.30263209e-01 9.22498822e-01 -6.69900894e-01
    1.09876728e+00 -2.66470224e-01 -6.45741999e-01 -5.26457131e-01
    -9.10199344e-01 9.75530207e-01 -5.97497225e-01 -5.63424170e-01
    1.26027465e+00 1.13067496e+00 4.90886092e-01 2.01039419e-01
    1.70185912e+00 -7.30393231e-01 8.92519832e-01 8.84904325e-01
    -8.96602333e-01 -4.46342885e-01 9.44327533e-01 1.15409315e+00
    8.65540862e-01 -8.51572692e-01 1.53698611e+00 6.62646830e-01
    1.37015867e+00 -3.02497655e-01 -9.25983012e-01 -8.99536192e-01
    9.84455824e-01 1.27581871e+00 1.77972412e+00 -6.63484454e-01
    -7.18451440e-01 1.06688416e+00 1.49644387e+00 9.05147642e-02
    2.69611329e-01 1.65431809e+00 1.87716556e+00 2.23598152e-01
    -4.22909021e-01 1.39648116e+00 9.22986686e-01 -8.75256583e-02
    5.65230310e-01 -1.42143890e-01 -4.17872399e-01 1.82303250e+00
    -7.85986960e-01 1.32226038e+00 1.45808887e+00 -5.95845357e-02
    1.09347725e+00 1.42736244e+00 -8.24823737e-01 1.44236147e+00
    -9.36065376e-01 -4.33778726e-02 3.25782508e-01 -6.72971249e-01
    5.09913266e-02 -2.15320215e-01 -9.75913227e-01 6.41650021e-01
    1.14218020e+00 1.15184319e+00 6.52705193e-01 3.86891037e-01
    -6.31881595e-01 -7.57080555e-01 1.34401762e+00 1.99976802e+00
    -8.27074945e-01 2.61949420e-01 7.09086597e-01 -2.99410641e-01
    6.01220787e-01 1.79053473e+00 -5.54329038e-01 -3.39465529e-01
    1.17547047e+00 -3.65621269e-01 2.65226699e-02 5.03596842e-01
    1.32765949e+00 3.82023931e-01 4.46229577e-01 -1.85425013e-01
    1.49021530e+00 -3.41538638e-02 -3.61824900e-01 -5.83145082e-01
    7.61346281e-01 3.23688656e-01 -3.74099915e-03 3.76790702e-01
    1.33277309e+00 3.11179042e-01 1.94280684e+00 3.64230603e-01
    2.79892646e-02 -4.32151090e-03 9.12643611e-01 1.14634347e+00
    -6.78631961e-01 2.24165112e-01 1.63099933e+00 -9.76484656e-01
    1.40596259e+00 1.58737946e+00 1.50743711e+00 1.34232306e+00
    1.55985081e+00 2.38137171e-01 8.65082920e-01 1.00031805e+00
    -4.29484934e-01 1.69768369e+00 -5.42510509e-01 9.27103579e-01
    -2.28869468e-01 -4.80041385e-01 -3.65063071e-01 1.84539568e+00
    1.19273329e+00 1.58653152e+00 -7.03428626e-01 4.53118503e-01
    1.21781600e+00 1.99594986e+00 3.47312331e-01 -7.87835181e-01
    6.51657283e-01 -2.35069133e-02 -4.18271273e-01 1.25302291e+00
    1.34728587e+00 -5.77096283e-01 1.61399710e+00 8.00831914e-01
    -3.72148722e-01 2.02387142e+00 -1.27128035e-01 1.19497679e-01
    1.62373853e+00 -4.51416552e-01 1.34325790e+00 1.61726385e-01
    3.16057414e-01 6.48474872e-01 4.37918544e-01 1.45374382e+00
    1.06812882e+00 -8.51579726e-01 -4.86964405e-01 1.45253766e+00
    1.04589713e+00 2.62966782e-01 -4.04496849e-01 8.59616041e-01
    -9.61525261e-01 1.24430135e-01 4.69687074e-01 3.14937979e-01
    -4.70631510e-01 8.31861645e-02 -3.06918263e-01 1.45350480e+00
    1.38681090e+00 -5.62679470e-01 -2.61610717e-01 1.67623794e+00
    1.37915671e+00 1.44279194e+00 4.75735307e-01 1.14558434e+00
    1.09552968e+00 9.46121812e-02 1.43867421e+00 6.54558480e-01
    5.38719356e-01 9.43860471e-01 -8.21276069e-01 8.94337893e-01
    -5.71346164e-01 -3.94460261e-01 1.49855924e+00 5.33450484e-01
    1.18733561e+00 1.69666126e-01 1.03079867e+00 -4.98401284e-01
    1.41957724e+00 -1.85372263e-01 1.40518796e+00 9.93736506e-01
    9.57261920e-01 1.56266356e+00 -3.02831024e-01 7.76803344e-02
    1.25966680e+00 5.31346381e-01 1.71241796e+00 4.90646839e-01
    1.86183226e+00 2.09654117e+00 1.86467493e+00 -1.16540017e-02
    1.07471204e+00 1.83365703e+00 2.16839838e+00 -1.81244910e-01
    5.62276006e-01 4.75459658e-02 1.76450634e+00 -5.89028835e-01
    -5.55996239e-01 -5.45227170e-01 1.75029612e+00 6.83879197e-01
    -6.34577394e-01 1.22826195e+00 -1.12121515e-01 2.67097950e-01
    2.04395056e+00 7.12936163e-01 4.58398163e-01 3.62764388e-01
    -5.99078722e-02 1.95069778e+00 1.16826022e+00 5.78461349e-01
    1.13812065e+00 -2.21751094e-01 1.33332336e+00 1.73140919e+00
    6.03245735e-01 1.35239196e+00 1.21066332e+00 -9.59173262e-01
    1.85966778e+00 6.52556598e-01 1.31833303e+00 1.17526138e+00
    1.24419260e+00 -4.25333172e-01 -8.00510287e-01 1.48847818e+00
    1.58812213e+00 1.46384966e+00 1.97827905e-01 6.44449949e-01
    1.31222630e+00 1.26950979e+00 1.14682698e+00 -2.42320687e-01
    4.65873837e-01 4.99070920e-02 -2.61758715e-01 1.13682187e+00
    -6.31871462e-01 -2.86032856e-01 -1.53893232e-01 1.31356013e+00
    1.78410506e+00 1.29925299e+00 2.78025508e-01 1.26154160e+00
    1.10739231e+00 1.42290640e+00 -9.48966444e-01 5.74033797e-01
    -8.77679706e-01 1.28743768e-01 8.65103006e-01 5.25059819e-01
    -2.22408008e-02 1.67623007e+00 3.90755326e-01 1.87620318e+00
    2.71787375e-01 1.24258161e-01 6.11292779e-01 1.72627509e+00
    1.74646437e+00 1.45055604e+00 -3.93044427e-02 8.13634336e-01
    -6.30751625e-02 -4.53054577e-01 1.56550884e+00 9.90092158e-02
    1.27691960e+00 -1.47677988e-01 6.11583404e-02 -8.77355397e-01
    -4.51834947e-01 1.49221277e+00 9.47040200e-01 2.48630881e-01
    -5.38773775e-01 1.09603393e+00 -6.11848116e-01 5.14497384e-02
    -8.46691906e-01 4.28094357e-01 7.28537142e-01 -6.63703024e-01
    4.99357373e-01 -1.32413092e-03 7.58198380e-01 1.55950522e+00
    1.46355832e+00 7.80742824e-01 2.28446573e-01 7.72486866e-01
    5.89663208e-01 -2.37729758e-01 -3.35492581e-01 1.17065370e+00
    1.24007571e+00 1.82181084e+00 1.14236987e+00 3.38243335e-01
    -1.71358317e-01 4.09596443e-01 1.64687598e+00 -7.87151039e-01
    4.77999270e-01 1.09488523e+00 1.35283971e+00 -3.45320106e-01
    9.45882678e-01 -7.69854248e-01 -7.06796706e-01 2.79360682e-01
    7.23088861e-01 1.79206967e+00 1.49479091e+00 -3.42773318e-01
    1.75270200e+00 -1.02770829e+00 1.29672551e+00 -3.78400028e-01
    1.51184678e+00 1.86279643e+00 2.17264459e-01 -8.14063311e-01
    2.78054953e-01 1.93590295e+00 -3.76999527e-01 1.76908517e+00
    1.54461098e+00 4.44408268e-01 6.32935688e-02 -6.88914001e-01
    2.10757867e-01 8.17459047e-01 -6.37067974e-01 1.88767076e+00
    3.34061027e-01 1.35401666e+00 -6.93858504e-01 5.97747922e-01
    -5.43132305e-01 2.90286809e-01 -1.10743389e-01 3.98724139e-01
    -8.61810982e-01 -4.77630645e-01 1.42694306e+00 3.81946772e-01
    -5.39950907e-01 -2.44940132e-01 6.01949751e-01 1.20898914e+00
    -3.99460681e-02 3.81138653e-01 -2.55116038e-02 5.05204558e-01
    5.55322647e-01 1.12709117e+00 6.53158426e-01 -5.45127153e-01
    1.38027990e+00 3.98853958e-01 2.25246429e-01 -6.91571712e-01
    -5.79626448e-02 -1.91818669e-01 -1.12376593e-01 1.06463945e+00
    4.25138287e-02 -2.54693571e-02 4.11813468e-01 3.58762443e-01
    -1.70375839e-01 -4.31157917e-01 5.69840074e-01 -4.36031848e-01
    7.16720283e-01 8.32328320e-01 3.83274704e-01 1.02001321e+00
    1.48831642e+00 1.70894182e+00 -3.88465524e-01 -3.10304970e-01
    1.49929190e+00 2.93124497e-01 9.89411056e-01 -6.80327415e-01
    5.01650989e-01 1.53397775e+00 -6.55087590e-01 1.45030594e+00
    1.91509283e+00 1.60018420e+00 1.26651716e+00 2.51899987e-01
    -3.13430220e-01 -9.39276457e-01 -2.95610353e-02 8.17367971e-01
    1.71337223e+00 5.14831901e-01 -2.29325648e-02 4.51297253e-01
    1.55583811e+00 -5.34374833e-01 -9.66644660e-02 6.13900483e-01
    -7.42370903e-01 1.92251992e+00 6.43011510e-01 -3.62342954e-01
    1.28884423e+00 -8.23888361e-01 7.51325130e-01 -1.44446969e-01
    9.85176742e-01 8.09155166e-01 1.19320500e+00 -2.67604679e-01
    -6.40810728e-01 1.92109334e+00 1.07233405e+00 -2.68590748e-01
    1.87341273e+00 8.64767253e-01 -1.65684640e-01 1.56957686e+00
    1.10368383e+00 1.48907924e+00 5.25180757e-01 5.41358650e-01
    -3.90452892e-02 1.17255497e+00 -7.92128503e-01 8.16698070e-04
    -6.61587954e-01 2.97885209e-01 1.07520163e+00 -1.60663188e-01
    2.32551670e+00 -4.53866810e-01 1.46987963e+00 -2.15538159e-01
    1.73632240e+00 -1.70500800e-02 6.50898516e-01 1.83199942e+00
    -7.01839924e-01 1.23487726e-01 6.17499165e-02 1.99447322e+00
    -4.67759132e-01 1.58269298e+00 -7.88645744e-01 1.90224040e+00
    1.65897214e+00 9.32721019e-01 7.00229406e-01 -7.94927120e-01
    -9.93646774e-03 1.73109579e+00 1.79304183e-01 -2.54829317e-01
    7.64222503e-01 -1.59487966e-02 2.98873067e-01 1.02203333e+00
    3.36421430e-01 7.14473665e-01 2.37424642e-01 1.70153165e+00
    -2.44211569e-01 3.98659371e-02 1.22220480e+00 -2.21827060e-01
    1.70166433e-01 -8.15009117e-01 -7.30684400e-01 -8.67584229e-01
    1.22202229e+00 -5.66907287e-01 1.00403631e+00 1.08091784e+00
    8.85660052e-01 -8.27434123e-01 9.42621052e-01 -1.02008015e-01
    1.46714032e+00 1.30900875e-01 1.73561156e+00 2.03451943e+00
    8.07961076e-03 -7.82491490e-02 1.83625364e+00 1.64463133e-01
    -5.07813871e-01 -2.48463139e-01 -8.08812916e-01 -8.35696399e-01
    -6.77206516e-01 1.25549006e+00 3.16227674e-01 -1.99216917e-01
    9.30948913e-01 1.08535814e+00 1.83663988e+00 1.39313257e+00
    1.41824394e-01 1.10273385e+00 -4.47865248e-01 -8.16868782e-01
    7.42204726e-01 4.33349133e-01 -6.29232377e-02 1.59590936e+00
    9.39108253e-01 3.67505670e-01 4.33172613e-01 1.29311025e+00
    5.13160586e-01 2.97657520e-01 1.33354151e+00 5.81091940e-01
    1.36463618e+00 8.97254348e-01 9.83988523e-01 9.57599163e-01
    -5.21249652e-01 -3.80619317e-01 7.52029896e-01 1.57045078e+00
    1.60465086e+00 7.50222802e-01 6.22451067e-01 -4.19765919e-01
    5.79228163e-01 1.26791430e+00 1.42822003e+00 1.70606005e+00
    1.72584176e+00 -2.89167296e-02 3.17819595e-01 1.42808044e+00
    -8.96241605e-01 1.73952067e+00 1.58753777e+00 -5.20442188e-01
    1.79261613e+00 -4.03562427e-01 1.23305249e+00 -6.21155262e-01
    -1.39246941e-01 -9.22220528e-01 1.56752241e+00 4.73366439e-01
    1.65396142e+00 -8.25730324e-01 1.70896864e+00 -1.83073327e-01
    -6.88934863e-01 -1.40106842e-01 1.22249627e+00 -1.26846079e-02
    -7.17118740e-01 5.70332825e-01 1.01251447e+00 -6.52145386e-01
    -4.62885112e-01 1.02515101e+00 9.57206964e-01 1.89971542e+00
    -9.63066757e-01 1.13641095e+00 9.33359504e-01 1.79673684e+00
    9.64472592e-02 -5.13452590e-01 4.67331797e-01 1.73299158e+00
    -8.42955530e-01 1.19552374e+00 -2.71016300e-01 5.46381533e-01
    -1.74219012e-01 5.97201049e-01 1.46213150e+00 1.58635974e+00
    -6.99896812e-01 -8.71407926e-01 1.90917873e+00 1.43708766e+00
    1.92319214e-01 -5.26904583e-01 3.00981015e-01 -7.93960452e-01
    2.05320239e-01 1.31792581e+00 -7.60031760e-01 1.55798447e+00
    1.28773069e+00 -6.18491828e-01 -1.71669379e-01 -3.98979753e-01
    8.37009549e-01 1.64632261e+00 1.45425224e+00 8.14064980e-01
    1.21284395e-01 4.80433762e-01 1.25079072e+00 -6.93454981e-01
    2.32150063e-01 1.34711850e+00 -6.93091810e-01 -2.86864005e-02
    -6.63779676e-01 7.10166991e-01 1.36625981e+00 -6.84917748e-01
    5.35066128e-01 9.10561204e-01 8.83320093e-01 1.28369570e+00
    1.69221091e+00 6.07429445e-01 1.77138424e+00 2.52067268e-01
    -6.04679346e-01 1.90137196e+00 1.06010425e+00 1.12684797e-02
    -8.56452465e-01 8.27164650e-01 8.34087074e-01 -2.41349295e-01
    8.90660167e-01 1.15804398e+00 1.87142801e+00 6.78043187e-01
    -7.89389491e-01 9.72964883e-01 9.93420005e-01 1.09505868e+00
    1.44791460e+00 7.66338050e-01 -7.14051425e-01 -7.88092375e-01
    -2.79227018e-01 -7.56290788e-03 2.29431689e-01 1.52346328e-01
    -3.65501344e-01 -1.72322407e-01 1.48699450e+00 -5.71023524e-01
    1.82177734e+00 -6.78177953e-01 -3.87075990e-02 -9.54552650e-01
    -3.86454701e-01 -2.79070079e-01 5.30539036e-01 1.31429529e+00
    -3.11350018e-01 9.13900137e-01 -1.61890075e-01 4.40441012e-01
    1.42719793e+00 -7.44668365e-01 1.75086081e+00 1.94985807e+00
    -1.20738391e-02 1.32951987e+00 2.83617564e-02 1.02505839e+00
    1.79777360e+00 1.04493940e+00 3.35618168e-01 -9.28869903e-01
    1.01959795e-01 7.95429349e-01 -2.13419989e-01 9.19953644e-01
    2.01735914e-01 -1.04462326e+00 1.87220752e+00 5.50791860e-01
    5.94777286e-01 7.70162821e-01 -5.67278981e-01 -3.12962413e-01
    1.98317826e-01 7.98992813e-02 1.09218395e+00 -8.78872350e-02
    4.59173560e-01 -3.72570306e-01 7.58315206e-01 5.19035876e-01
    1.12838686e+00 4.67718422e-01 -4.14747834e-01 8.13924015e-01
    -4.89180624e-01 9.90989685e-01 1.73421717e+00 1.54882252e+00
    1.49391723e+00 5.09551577e-02 5.49487174e-01 1.82987916e+00
    -6.61963403e-01 -1.20445758e-01 8.90022278e-01 1.54269123e+00
    1.69604555e-01 2.05318093e+00 7.45900273e-01 -9.90653336e-02
    1.21727836e+00 1.61659443e+00 1.31139731e+00 5.22829115e-01
    6.79658175e-01 1.58794236e+00 -9.92514670e-01 3.34313303e-01
    -2.13532031e-01 1.87135828e+00 1.78686941e+00 -2.21233934e-01
    8.66134942e-01 -7.16892719e-01 -5.96697032e-01 -3.58863354e-01
    2.40777254e-01 -9.52377319e-01 1.76960456e+00 -6.12821043e-01
    1.22306490e+00 1.65583134e+00 1.67550611e+00 -8.11603546e-01
    -2.86678314e-01 8.71132791e-01 1.56208491e+00 1.28037870e+00
    1.99505031e+00 1.09154117e+00 2.63533890e-01 1.06886721e+00
    1.46636772e+00 1.44035840e+00 1.36330128e+00 1.54131722e+00
    8.85472357e-01 1.70045638e+00 1.14243793e+00 7.19021678e-01
    6.85412347e-01 -3.11762709e-02 1.12162220e+00 1.91500890e+00
    -6.18681610e-01 -5.06231666e-01 5.84109843e-01 1.59919012e+00
    1.55509615e+00 1.43211102e+00 -2.57570714e-01 1.13100760e-01
    -2.88283378e-02 1.71351027e+00 1.64597344e+00 -3.57139081e-01
    3.52459967e-01 -1.74015522e-01 3.04537952e-01 7.79357195e-01
    1.31421435e+00 7.82821238e-01 4.42989886e-01 -6.36326909e-01
    -2.60846466e-01 8.34842741e-01 1.85356724e+00 1.64227390e+00
    1.97464287e+00 9.64771330e-01 -5.58606088e-01 8.77010599e-02
    5.94758391e-01 5.41360557e-01 1.39353335e+00 5.32027602e-01
    3.86225551e-01 -5.32466233e-01 1.68412209e+00 4.45105046e-01
    2.87442446e-01 1.12650847e+00 1.61495912e+00 6.38063252e-01
    -3.50624025e-01 5.57438552e-01 1.23653162e+00 1.87889397e+00
    1.43163323e+00 1.12788510e+00 7.93512702e-01 -1.11020975e-01
    -6.27980649e-01 1.09389102e+00 -8.70344043e-01 -6.30308390e-01
    -6.08515322e-01 1.43590069e+00 4.75219607e-01 -7.58557022e-01
    7.55011439e-01 1.75618887e+00 1.08089101e+00 -3.07474524e-01
    1.06319934e-01 1.32076132e+00 1.85582006e+00 1.48803055e+00
    5.26220560e-01 3.46288592e-01 3.60927254e-01 1.04006064e+00
    1.54818976e+00 1.90419257e+00 -6.47909760e-01 4.78292927e-02
    3.71255070e-01 1.40613663e+00 1.53593278e+00 1.21241677e+00
    1.42305863e+00 1.01280665e+00 1.24723864e+00 -1.95861697e-01
    9.33070362e-01 9.22783554e-01 -8.23439583e-02 5.41981636e-03
    1.07434821e+00 1.74986720e+00 6.23685777e-01 -2.63549507e-01
    4.79680151e-01 1.77699816e+00 1.63241208e+00 2.90734053e-01
    1.85585010e+00 1.32201648e+00 3.75307053e-01 1.02955210e+00
    1.83271602e-01 1.79105297e-01 1.14268672e+00 1.65446639e+00
    -2.28553385e-01 1.29568553e+00 1.80505204e+00 -2.97522962e-01
    1.15434909e+00 1.85408545e+00 1.45022750e+00 1.37683630e-01
    1.52888453e+00 1.97908843e+00 2.93633938e-01 1.45439744e+00
    2.74337441e-01 7.46186018e-01 -7.87838876e-01 -5.18537879e-01
    1.05125570e+00 -9.68592107e-01 1.82644176e+00 -6.86151624e-01
    -7.98434198e-01 7.21412301e-01 7.07050338e-02 7.63569295e-01
    -5.01565576e-01 1.59304202e+00 1.73245764e+00 8.62980112e-02
    -4.11342442e-01 7.49103487e-01 1.06244206e+00 5.00773251e-01
    1.77467012e+00 -3.58980209e-01 -2.21459299e-01 1.43436337e+00
    5.52505672e-01 1.01061189e+00 -2.40029961e-01 -6.54825449e-01
    1.52975881e+00 -9.63056460e-02 1.15439653e+00 -2.82936841e-01
    1.17629194e+00 1.06420553e+00 1.42509714e-02 1.02014065e+00
    9.65758324e-01 5.31724811e-01 9.57851589e-01 1.91584957e+00
    -1.83234483e-01 1.28950453e+00 1.14752579e+00 -6.48625970e-01
    1.20203602e+00 1.93168759e-01 -4.15930659e-01 -7.14489698e-01
    1.44145525e+00 1.80883324e+00 -5.96758239e-02 7.50289798e-01
    1.41246688e+00 6.56098604e-01 1.81980297e-01 3.17263991e-01
    3.56734805e-02 1.24779022e+00 7.62908161e-01 -1.35244340e-01
    1.16586842e-01 -3.21380198e-01 -9.53842878e-01 1.54111707e+00
    2.63464481e-01 -9.46077466e-01 7.48650968e-01 -4.79344457e-01
    3.49765211e-01 9.77523148e-01 2.66433656e-01 -4.34663802e-01
    -1.69650301e-01 -9.85449739e-03 -2.28715867e-01 1.23242271e+00
    -3.51419970e-02 4.33418274e-01 1.20628774e+00 1.07048726e+00
    1.90119350e+00 -1.72939956e-01 -5.30498743e-01 -4.07653272e-01
    5.87439463e-02 -8.15719247e-01 1.75937450e+00 -3.74732562e-03
    1.32981443e+00 9.05519485e-01 1.94024968e+00 -3.59933287e-01
    -5.69784105e-01 -6.13794863e-01 8.32637727e-01 -8.12892914e-02
    -5.88923752e-01 -4.04635251e-01 1.13147855e-01 -2.80276567e-01
    -8.02898169e-01 8.77997100e-01 6.75118387e-01 1.44366801e+00
    6.77391887e-01 1.70257640e+00 1.33790910e+00 1.66803062e-01
    1.75108552e+00 -6.02967381e-01 8.42844307e-01 7.76015222e-02
    2.98563540e-01 -3.55673105e-01 1.44640040e+00 1.57710207e+00
    1.13477838e+00 9.71426189e-01 -1.01706278e+00 1.33442545e+00
    1.46695268e+00 -2.54518867e-01 5.47257066e-01 1.08012104e+00
    -3.86888951e-01 1.78265810e+00 1.74521315e+00 -2.37541553e-03
    6.40740752e-01 -7.09716082e-01 6.89781666e-01 -6.78985536e-01
    1.35148883e+00 -8.92885208e-01 -1.94815129e-01 1.70271361e+00
    1.54186249e+00 2.78909355e-01 1.59909105e+00 1.04938650e+00
    1.42902219e+00 1.37051240e-01 1.04378414e+00 1.20696224e-01
    -2.25614443e-01 6.87244117e-01 2.68169254e-01 1.51799262e+00
    1.98993194e+00 1.57709754e+00 -7.83422947e-01 -2.92438477e-01
    2.23286450e-01 -8.70462894e-01 -4.37931240e-01 -7.95478895e-02
    -5.93299210e-01 6.76327348e-01 3.37360859e-01 6.82693839e-01
    1.89549637e+00 8.72517288e-01 5.86888611e-01 4.06201839e-01
    1.36828530e+00 2.88992554e-01 -7.38422096e-01 2.01592422e+00
    1.33699763e+00 -1.33728430e-01 -8.02752256e-01 -4.14546996e-01
    6.68737829e-01 -1.51050866e-01 -5.84943175e-01 5.10987639e-01
    6.33982599e-01 1.74718964e+00 1.31689715e+00 9.11323369e-01
    5.20149291e-01 -1.71530113e-01 1.05042124e+00 1.34862900e+00
    1.87043655e+00 1.19868505e+00 7.79634655e-01 -9.16658521e-01
    1.57490742e+00 -2.73409914e-02 1.45519328e+00 5.06783783e-01
    1.56092596e+00 1.83074820e+00 -6.15234315e-01 1.34671605e+00
    -3.27801287e-01 1.35523105e+00 -5.80523789e-01 -5.86083233e-01
    7.35228240e-01 1.45686674e+00 7.95968771e-01 1.04077570e-01
    8.85176182e-01 1.88813612e-01 8.87987852e-01 9.83446002e-01
    1.51047736e-01 -2.88350433e-01 1.86764359e+00 1.08441086e-02
    9.05204415e-01 1.87459791e+00 9.89159763e-01 -8.62455487e-01
    8.23781610e-01 5.71712196e-01 1.04814494e+00 1.00119591e+00
    6.26276374e-01 2.22708017e-01 4.14813578e-01 8.79236341e-01
    1.23800969e+00 -5.12413859e-01 4.64970171e-01 1.71100080e+00
    3.12988013e-01 1.19818354e+00 3.36288095e-01 -4.19321895e-01
    9.62315679e-01 -3.06133419e-01 1.16422307e+00 7.12040782e-01
    1.33892965e+00 -6.32033825e-01 1.11695123e+00 1.58907974e+00
    1.39613986e+00 1.20726705e+00 6.03666008e-01 4.14309591e-01
    3.90693061e-02 9.17172074e-01 -6.04344904e-01 1.11003339e+00
    1.50553539e-01 -9.20423508e-01 -7.69836068e-01 7.06587791e-01
    4.10069615e-01 1.75019264e+00 1.73280632e+00 -7.37407267e-01
    1.02124766e-01 1.39509594e+00 1.03378224e+00 -7.60909796e-01
    2.89131135e-01 -8.61139059e-01 -7.39454687e-01 5.42556882e-01
    -5.58196828e-02 1.74004659e-01 5.82866669e-01 5.86158454e-01
    4.69351023e-01 1.16995215e+00 -8.57842982e-01 1.79482460e-01
    3.04074973e-01 -8.09019685e-01 1.94577903e-01 1.74459815e+00
    1.34429252e+00 8.41657996e-01 1.18076336e+00 -9.59185183e-01
    1.06790280e+00 -1.48631394e-01 1.00357807e+00 1.61284602e+00
    7.37535477e-01 -3.26183438e-01 1.70658886e+00 5.41458189e-01
    5.83621085e-01 1.61150444e+00 1.07053030e+00 -6.78457260e-01
    1.55641901e+00 -7.81021938e-02 1.48277593e+00 -7.55290627e-01
    8.75843406e-01 -5.72396159e-01 3.37860525e-01 8.00951898e-01
    -6.02060199e-01 8.05842102e-01 1.59488010e+00 3.82839859e-01
    1.77633929e+00 5.67741513e-01 -6.06585264e-01 9.47921038e-01
    1.34848738e+00 1.83193886e+00 6.49712563e-01 5.93584955e-01
    -1.69779122e-01 8.21607649e-01 -1.56543195e-01 -3.45383167e-01
    1.29767859e+00 1.81711093e-01 1.14911604e+00 -8.19312632e-01
    1.44256890e+00 -3.90357852e-01 1.77390575e+00 1.12520719e+00
    1.90527260e+00 -2.02745944e-01 5.88594437e-01 1.40779984e+00
    2.95613289e-01 -4.22221839e-01 4.99203876e-02 -3.42550367e-01
    1.63112128e+00 1.27141964e+00 -5.91714382e-01 2.92778432e-01
    2.42781594e-01 1.37469196e+00 1.69385612e+00 -4.09899145e-01
    -4.11869675e-01 -3.84178877e-01 9.45296943e-01 1.94245398e+00
    1.37508547e+00 8.14683914e-01 -9.35306489e-01 1.64882267e+00
    -5.35169303e-01 8.58781636e-01 6.04884088e-01 7.02312231e-01
    -4.59000587e-01 6.04298830e-01 9.55581367e-01 4.88467515e-01
    1.82854521e+00 -1.17622405e-01 3.50930184e-01 -6.63371384e-01
    6.73875630e-01 -7.03368127e-01 1.73264086e+00 -5.32079875e-01
    9.99414682e-01 6.61379397e-01 1.40505433e+00 5.52654982e-01
    -8.93410325e-01 -1.92954838e-01 1.10658431e+00 -5.62208176e-01
    1.55905259e+00 1.82500660e+00 -7.40133524e-01 6.45070612e-01
    -8.45211983e-01 1.82896882e-01 1.32893670e+00 -4.34846967e-01
    6.21503294e-01 -6.66433275e-01 -1.19391538e-01 1.09895015e+00
    1.13717592e+00 -8.82217646e-01 7.82358706e-01 -5.27210236e-01
    4.77688313e-01 1.74623001e+00 1.16445565e+00 3.36140782e-01
    1.12718451e+00 9.51671720e-01 -6.44835293e-01 1.96683776e+00
    7.93428421e-01 3.88297290e-01 3.10579151e-01 -9.06570673e-01
    1.67291152e+00 -8.33845079e-01 -6.36914611e-01 -7.13250518e-01
    -3.00598353e-01 -1.90326586e-01 -6.77279532e-01 -6.20252311e-01
    1.20154691e+00 -4.02027398e-01 -6.46316767e-01 1.72472453e+00
    -4.30590034e-01 4.90483850e-01 1.52571476e+00 5.64355195e-01
    1.02036035e+00 1.79051948e+00 -4.65384692e-01 4.47211891e-01
    2.83808619e-01 -8.17155838e-01 1.38253248e+00 1.50948811e+00
    4.01659191e-01 -7.36201167e-01 -8.56405795e-01 8.24895203e-01
    -7.62503982e-01 -8.59191298e-01 4.10124719e-01 -4.39930856e-01
    8.21488976e-01 -9.71051812e-01 1.22016454e+00 -8.82115722e-01
    1.04810975e-01 5.15090376e-02 3.60831879e-02 2.68949091e-01
    -7.49652267e-01 6.86442316e-01 8.53538096e-01 -1.31993249e-01
    1.82638168e+00 -6.06228113e-01 4.00340408e-01 9.46779028e-02
    3.61813545e-01 -8.86021733e-01 1.29832792e+00 1.53496838e+00
    1.63281000e+00 8.03710520e-01 2.75257587e-01 7.57481873e-01
    7.34335363e-01 1.49567938e+00 -5.54913841e-02 7.70030379e-01
    -4.91581857e-01 1.70840311e+00 2.63287634e-01 1.11808288e+00
    2.52844188e-02 6.68879133e-04 8.88361812e-01 1.34507489e+00
    -8.72820020e-01 1.37665379e+00 1.98248327e-01 -4.91924465e-01
    -8.21981490e-01 1.48979402e+00 1.35689092e+00 7.58477092e-01
    -4.69403453e-02 -4.23250705e-01 3.20182174e-01 -7.69068658e-01
    -2.50871032e-01 -2.23125950e-01 1.67253315e+00 -5.69925189e-01
    -1.09800808e-01 -3.21601152e-01 -9.30949628e-01 3.37524377e-02
    2.23054454e-01 -5.30458353e-02 8.66142392e-01 1.36909962e+00
    9.28974628e-01 4.42773215e-02 1.07763553e+00 9.23830271e-01
    3.85086268e-01 -2.19368577e-01 9.16693389e-01 1.31294668e+00
    1.34722555e+00 1.16371667e+00 7.20889986e-01 1.78017735e+00
    3.50282460e-01 -4.24516946e-01 -5.50285459e-01 8.95673811e-01
    5.54748215e-02 1.04597545e+00 2.52579957e-01 8.25538874e-01
    1.60949230e+00 -5.09704232e-01 -1.55166522e-01 -5.01702547e-01
    5.54117739e-01 1.77153182e+00 1.60795927e+00 1.94037867e+00
    -3.92645866e-01 1.48372126e+00 -9.63925600e-01 7.17772961e-01
    5.40508449e-01 1.43322575e+00 1.15276694e+00 1.78631222e+00
    -8.27351570e-01 1.42545342e-01 4.50702995e-01 1.77696258e-01
    9.15142953e-01 1.82127035e+00 2.00544242e-02 1.11305106e+00
    8.98481250e-01 1.24725378e+00 -8.16867575e-02 6.43879473e-01
    1.04508948e+00 -6.44281030e-01 -5.73405802e-01 9.28867698e-01
    -6.87910736e-01 3.77328724e-01 1.79243207e+00 1.71533608e+00
    5.38459539e-01 4.12356734e-01 -6.23323739e-01 3.84810269e-01
    -1.17772818e-03 1.76569605e+00 -3.96371722e-01 5.95233858e-01
    1.95761478e+00 1.86682856e+00 -8.29647541e-01 -4.84044313e-01
    3.87944013e-01 1.67950928e+00 -1.64548084e-01 -6.92592919e-01
    -3.97788852e-01 6.55703783e-01 -5.14190853e-01 3.20217721e-02
    3.57301444e-01 1.15102804e+00 -3.64416689e-01 -3.32070857e-01
    1.55946732e+00 1.30539250e+00 1.77401876e+00 1.44737160e+00
    1.49248493e+00 8.96809876e-01 1.54362008e-01 -2.63665140e-01
    6.39900029e-01 1.26305354e+00 1.40453875e+00 3.00829321e-01
    1.86746585e+00 -8.28588828e-02 -2.80658901e-01 1.69089556e+00
    8.68159890e-01 1.07959890e+00 -6.97608292e-01 1.41427934e+00
    1.10086858e+00 5.07934950e-02 2.83188373e-01 1.01567328e+00
    8.30557048e-01 1.42440343e+00 -5.57214737e-01 7.97330797e-01
    1.09481859e+00 -7.23677754e-01 -6.85572803e-01 1.32336879e+00
    1.33796847e+00 1.90463531e+00 -7.49129176e-01 1.13181710e+00
    1.38384700e+00 1.12390995e+00 1.90905833e+00 1.68705511e+00
    8.68796706e-01 -1.75862879e-01 -1.01471257e+00 7.78846294e-02
    -6.54215813e-02 8.28745723e-01 1.65079975e+00 -6.14244223e-01
    4.59188819e-01 6.95979297e-01 -3.76984686e-01 -3.53084445e-01
    3.18440571e-02 1.41202879e+00 2.08039358e-01 -7.01162994e-01
    1.18614960e+00 1.91284013e+00 4.45376486e-01 5.61400831e-01
    8.26013982e-02 9.46514487e-01 -4.26070780e-01 -2.17683449e-01
    -7.89310455e-01 9.14707243e-01 -3.34383041e-01 -1.40680671e-01
    -1.21620297e-01 1.54722595e+00 1.63484538e+00 3.22710156e-01
    -2.52166718e-01 1.39718354e+00 -2.42255926e-01 1.20243800e+00
    1.64846766e+00 -7.07336605e-01 -3.58363718e-01 2.52409577e-01
    7.55790055e-01 1.01243937e+00 7.47311950e-01 4.55916792e-01
    1.63851130e+00 1.54480922e+00 1.00702655e+00 -5.87757289e-01
    2.78977543e-01 8.79559666e-02 3.99257511e-01 9.59797621e-01
    8.75368953e-01 1.43798912e+00 7.12178409e-01 8.74899209e-01
    6.75795197e-01 -3.46828401e-01 2.08306402e-01 1.85359871e+00
    -6.07928753e-01 8.63097847e-01 -3.27252388e-01 8.02797675e-02
    -4.67327535e-01 2.96130866e-01 -4.60658252e-01 8.95148143e-02
    2.66953140e-01 1.63686514e+00 -8.77807558e-01 6.91369712e-01
    1.91348422e+00 7.43826866e-01 1.64888573e+00 8.07485521e-01
    -5.48565507e-01 -1.74812242e-01 1.69861746e+00 2.90434748e-01
    -3.54101837e-01 1.25106072e+00 -6.40997231e-01 1.65826905e+00
    -5.94381571e-01 1.02847612e+00 -9.37788367e-01 1.46383190e+00
    9.28633928e-01 1.86437774e+00 3.78018290e-01 1.77103746e+00
    1.60285866e+00 -6.98231876e-01 1.05852938e+00 -7.72108555e-01
    -2.10505977e-01 2.31546581e-01 9.36526895e-01 1.93461180e+00
    9.70917523e-01 -3.08602363e-01 4.90485221e-01 1.73274577e+00
    1.26105261e+00 2.89406776e-01 -9.16573763e-01 2.37740129e-01
    5.16145468e-01 -9.28650320e-01 -7.88070500e-01 2.31900409e-01
    1.84077215e+00 5.20377934e-01 5.66156328e-01 2.56202400e-01
    7.56837726e-02 2.28506595e-01 1.79516363e+00 1.19327784e+00
    8.89975011e-01 1.06467342e+00 7.87876308e-01 -2.42196783e-01
    1.03821650e-01 5.51333904e-01 1.88678408e+00 1.42436445e-01
    1.31481624e+00 9.62007999e-01 2.56116182e-01 -4.82859224e-01
    1.43570621e-02 9.42759335e-01 3.21256042e-01 1.88660261e-03
    6.26465082e-01 1.42108262e-01 -2.58959997e-02 1.92473605e-01
    3.92940134e-01 1.36712372e+00 1.48577869e+00 -4.25243169e-01
    7.71226883e-01 1.15879130e+00 2.42668152e-01 -4.54689473e-01
    6.50974274e-01 -1.89465016e-01 1.39842749e+00 1.42888093e+00
    -8.49336326e-01 1.21625900e+00 1.34060538e+00 4.32310969e-01
    -4.15707052e-01 -7.32552540e-03 -2.55339235e-01 1.50255334e+00
    1.20250428e+00 6.56854570e-01 1.09473681e+00 -3.56765717e-01
    1.12931657e+00 8.15826058e-01 6.36247575e-01 1.49725032e+00
    1.20911777e+00 1.21924067e+00 2.49294490e-02 1.31118965e+00
    -5.70834279e-01 -4.75247912e-02 -3.22579443e-01 2.91815847e-01
    -4.73391593e-01 -3.35356385e-01 -6.33505583e-01 9.92835581e-01
    7.31791556e-01 1.72231388e+00 8.68609250e-01 1.17013061e+00
    -4.21748430e-01 -3.92581433e-01 1.05741692e+00 1.38792992e+00
    6.90881491e-01 1.88219696e-01 3.57628167e-02 1.63103238e-01
    -1.38496935e-01 -8.62661481e-01 2.83844501e-01 1.97502828e+00
    -3.81437659e-01 1.88477337e+00 1.52302489e-01 -6.00878537e-01
    -7.42652059e-01 4.38598573e-01 2.90434122e-01 8.99110734e-02
    -8.15724075e-01 1.31117672e-01 6.21326625e-01 3.16339850e-01
    1.04848540e+00 1.54767442e+00 5.50321102e-01 -8.39396000e-01
    8.58021021e-01 -4.44460571e-01 -6.65060699e-01 5.53928673e-01
    1.35460699e+00 -8.69745687e-02 5.55202127e-01 1.40233004e+00
    1.64190412e+00 1.01193774e+00 1.49166954e+00 1.08281338e+00
    5.16733289e-01 1.61846828e+00 4.99681652e-01 -4.92443711e-01
    -2.53413618e-01 8.38243127e-01 1.29341793e+00 1.57961047e+00
    1.94956529e+00 -1.86707705e-01 2.17133832e+00 -4.74772573e-01
    1.98100770e+00 -1.61540166e-01 -9.05357718e-01 1.04985543e-01
    -3.55974823e-01 1.29771262e-01 4.40599084e-01 4.07530427e-01
    -2.65705138e-01 -4.70217437e-01 1.39906049e+00 8.06274533e-01
    1.40202951e+00 -7.53973246e-01 8.16454351e-01 -8.51014495e-01
    1.24976683e+00 1.49194002e+00 -3.01808953e-01 -7.39451885e-01
    -7.99236834e-01 3.64839137e-01 1.60613048e+00 -5.07398658e-02
    -7.29723215e-01 -7.27837086e-01 1.04490352e+00 -7.01824844e-01
    6.17410839e-01 5.54112494e-01 3.40914249e-01 4.15589839e-01
    1.49458337e+00 7.67668962e-01 1.51617849e+00 4.92495112e-02
    8.48955452e-01 -1.05971777e+00 1.08488250e+00 5.11041880e-01
    4.76457970e-03 6.36371434e-01 5.68488538e-01 1.24794900e-01
    8.68541300e-01 1.63542545e+00 1.01425961e-01 3.11084628e-01
    6.91734850e-01 -4.40550894e-01 -8.01270962e-01 1.15944195e+00
    7.54033864e-01 1.61050868e+00 5.86119235e-01 -5.96307158e-01
    -1.73609793e-01 1.23505890e-01 -3.79520923e-01 -2.56443143e-01
    1.32836318e+00 3.42715770e-01 5.91478705e-01 -7.52138615e-01
    7.02205598e-01 1.00443804e+00 -1.81667671e-01 -5.77297173e-02
    -2.06505179e-01 -3.13942969e-01 8.72386247e-03 1.17903292e+00
    1.60313666e+00 -2.15243533e-01 -4.63289171e-01 1.71293414e+00
    1.96396399e+00 9.49577034e-01 4.66696080e-03 1.28866744e+00
    1.58573401e+00 4.21536058e-01 -2.31780782e-01 -3.11432600e-01
    3.14942956e-01 -2.28763968e-01 5.71846366e-01 5.91106772e-01
    3.88963729e-01 1.57177162e+00 1.42868757e+00 -7.79035747e-01
    6.88269556e-01 1.11778355e+00 1.46058226e+00 1.71128607e+00
    1.45794296e+00 -5.28281033e-01 -4.02036905e-01 1.85596669e+00
    1.45482183e+00 -4.89080250e-01 -4.98792864e-02 4.32046503e-01
    1.52475107e+00 -5.60701907e-01 -1.02199078e+00 2.00406179e-01
    -8.84962022e-01 1.31623060e-01 8.02054524e-01 5.08882344e-01
    -6.85443640e-01 -5.36288917e-01 7.22868621e-01 1.78790629e+00
    1.58547723e+00 -3.62691909e-01 1.65501189e+00 -9.81446326e-01
    3.32845747e-02 -4.34734374e-01 -5.60790658e-01 -7.36794248e-03
    6.23347223e-01 1.84364688e+00 1.40103951e-01 -7.53074825e-01
    -1.84456021e-01 3.40874076e-01 1.81703293e+00 1.56835783e+00
    -1.45661205e-01 7.69463599e-01 -3.18157703e-01 7.36354291e-01
    -9.52762961e-01 -2.36191899e-01 1.33882773e+00 1.46577144e+00
    1.64000285e+00 -6.69941008e-01 8.45964849e-01 7.08594620e-01
    1.05388749e+00 -5.68539262e-01 1.27842188e+00 1.90975845e+00
    1.53893197e+00 -2.05056503e-01 -9.34001327e-01 1.52838504e+00
    1.57381523e+00 -8.32871497e-01 4.10953581e-01 -6.06745839e-01
    1.78231406e+00 1.83449447e+00 -5.38884401e-01 1.75766969e+00
    1.88230515e-01 1.26357305e+00 -1.31793365e-01 -1.04008174e+00
    6.39429510e-01 -3.51705700e-01 7.13170171e-01 1.11012650e+00
    4.73099887e-01 1.38516054e-01 5.44626862e-02 1.32499945e+00
    7.91639984e-01 -7.44075418e-01 -5.17303459e-02 1.50081444e+00
    -3.06373715e-01 5.59863210e-01 -9.05779421e-01 5.33179760e-01
    6.63821816e-01 1.81843674e+00 1.75199473e+00 3.61641765e-01
    1.76445425e+00 6.06584370e-01 1.84354877e+00 -7.87876666e-01
    -7.86193490e-01 -7.71505713e-01 8.81041884e-01 1.31095171e+00
    -7.84688950e-01 1.71005893e+00 -5.74273765e-01 8.59947443e-01
    7.75932789e-01 1.06170404e+00 1.00694096e+00 1.32067323e+00
    7.97281027e-01 -3.88840467e-01 1.24567401e+00 -8.87145460e-01
    -8.55396211e-01 6.66230261e-01 6.67535603e-01 1.38396299e+00
    1.72570848e+00 1.86390936e+00 1.28516746e+00 2.60165304e-01
    1.85495675e+00 8.01095963e-01 -6.38647616e-01 7.37781465e-01
    5.73030293e-01 -1.68352708e-01 1.08935976e+00 -4.65122938e-01
    -2.88114309e-01 6.80345893e-01 -5.30442238e-01 1.08628237e+00
    1.52870131e+00 -3.53845358e-01 7.18977228e-02 -6.07322633e-01
    1.77275062e-01 1.04726470e+00 -3.28555763e-01 1.71645319e+00
    -2.72584677e-01 4.25848186e-01 1.50712335e+00 7.66681671e-01
    6.45724118e-01 6.07551992e-01 -1.49258479e-01 1.58295608e+00
    1.99511766e-01 1.58377373e+00 7.00866103e-01 1.75004351e+00
    -7.18574405e-01 1.67251396e+00 -7.24425614e-01 -8.98854807e-02
    2.21886277e+00 8.08331609e-01 1.44381058e+00 1.14326012e+00
    -4.40119416e-01 2.18220568e+00 -7.07832336e-01 8.57915819e-01
    5.27562320e-01 -8.73106718e-01 9.29689825e-01 1.24194610e+00
    1.69641614e+00 8.35118711e-01 -2.23713532e-01 -1.82355940e-01
    -5.47117770e-01 7.28853166e-01 -7.74051487e-01 -7.60245085e-01
    -8.77776563e-01 1.80082512e+00 6.76563323e-01 1.27121365e+00
    -4.67914075e-01 -3.44034284e-01 7.43845344e-01 1.01196373e+00
    -3.18309784e-01 -1.75447315e-01 9.61908698e-01 -4.47043210e-01
    6.92910790e-01 1.08883329e-01 1.75612926e+00 1.22566521e+00
    6.14633679e-01 1.60766435e+00 -7.62753069e-01 1.38014150e+00
    -8.64588559e-01 -7.49595463e-01 1.42551315e+00 -4.99357671e-01
    -6.73504055e-01 9.57406104e-01 8.93822134e-01 1.37109590e+00
    2.28950903e-01 7.68730581e-01 1.53246367e+00 -6.85349464e-01
    1.98825443e+00 2.71245599e-01 -4.87775952e-01 -8.02390635e-01
    1.07673144e+00 1.68215656e+00 -6.50547922e-01 -9.94451523e-01
    3.00473332e-01 1.29052460e+00 5.52293718e-01 -1.71902910e-01
    -9.57299352e-01 -9.33928415e-02 -5.63555002e-01 -5.69465995e-01
    1.45760024e+00 -6.65100887e-02 1.08893061e+00 1.55122399e+00
    -8.96244168e-01 1.35883832e+00 1.73756945e+00 1.85336971e+00
    7.36678541e-01 2.90117655e-02 7.81469405e-01 1.24137175e+00
    6.58373296e-01 7.48866424e-02 -3.40261936e-01 -2.84150720e-01
    1.61213863e+00 -8.15675497e-01 -1.50480261e-02 1.19107234e+00
    -7.77210474e-01 1.72539008e+00 2.69082487e-01 1.10902059e+00
    1.64368725e+00 -1.57738831e-02 2.01011777e+00 -6.51842952e-02
    5.44516504e-01 -3.52275521e-01 1.91349661e+00 1.76058936e+00
    1.71675622e-01 -8.38947222e-02 1.90301323e+00 -8.12128708e-02
    7.94110179e-01 6.63634956e-01 -2.97816277e-01 5.99134564e-02
    3.16790611e-01 1.33096778e+00 -4.03677911e-01 -7.67299712e-01
    9.88853216e-01 1.82803142e+00 -1.84667408e-01 1.12496543e+00
    1.50347888e+00 1.31045908e-01 -8.96908224e-01 9.21388865e-01
    5.91485143e-01 1.03183460e+00 1.37796533e+00 -2.54479170e-01
    6.67539895e-01 -6.72010005e-01 1.70752609e+00 6.78538740e-01
    -4.74927127e-01 3.90801996e-01 1.35248601e+00 8.05756748e-01
    9.41980660e-01 3.44309330e-01 3.77910465e-01 4.01260734e-01
    7.14360774e-01 -1.34238929e-01 -2.45186761e-01 -2.11060688e-01
    3.32046837e-01 1.62170601e+00 -7.15131402e-01 3.96422654e-01
    -4.22548264e-01 -4.71675247e-01 2.66511589e-01 -9.00332928e-01
    9.62825596e-01 -2.75419682e-01 1.58232796e+00 -6.52973235e-01
    1.21355439e-02 6.68364286e-01 1.83696496e+00 1.86978638e+00
    6.62939370e-01 -5.98042667e-01 1.85647047e+00 5.45627654e-01
    1.54103839e+00 1.01951396e+00 1.62871683e+00 3.35364640e-01
    -8.28479469e-01 5.28943837e-01 1.37844115e-01 1.21745241e+00
    8.26100290e-01 1.06103945e+00 -3.99463058e-01 -6.73946917e-01
    9.80914772e-01 3.90060067e-01 2.90812463e-01 1.43448913e+00
    1.92360175e+00 5.97494125e-01 -9.72347796e-01 1.18133450e+00
    1.34123778e+00 -7.52107799e-01 -2.68399417e-01 2.60482401e-01
    1.96386278e+00 5.72612882e-01 1.66082585e+00 -2.30533645e-01
    -5.08858562e-01 -1.60592586e-01 5.68592727e-01 6.14914060e-01
    9.17951107e-01 1.27595067e+00 9.43513811e-01 1.30777168e+00
    1.30653965e+00 2.39833683e-01 1.02783072e+00 2.00676036e+00
    1.48287296e+00 -8.64150047e-01 -8.22927952e-01 -2.47109652e-01
    1.30247474e-01 -2.05414176e-01 -8.22110474e-02 -3.30951244e-01
    1.09954810e+00 -5.02750874e-01 1.84325910e+00 1.28169668e+00
    5.39925516e-01 -5.61336517e-01 1.58980513e+00 1.27339697e+00
    2.26404308e-03 9.21853006e-01 2.06875205e-01 6.00053847e-01
    1.19843853e+00 5.67822397e-01 1.05032349e+00 1.03297865e+00
    -1.60136774e-01 1.78067291e+00 6.95986569e-01 1.33969188e-01
    9.27207887e-01 9.41341579e-01 1.33428228e+00 -8.89832854e-01
    6.07543826e-01 -9.20500696e-01 1.96330357e+00 1.12900901e+00
    -2.55698502e-01 -8.71219635e-01 1.52180696e+00 1.89871430e+00
    -6.23761892e-01 9.88248348e-01 8.20595384e-01 1.47943079e-01
    -7.67840266e-01 -7.82066882e-01 1.10059643e+00 1.57472467e+00
    2.96408892e-01 -9.62608773e-03 2.62885541e-01 1.18934441e+00
    -9.51702520e-02 -9.69873905e-01 -3.93761307e-01 -6.84922159e-01
    1.34756160e+00 1.21413374e+00 1.30049813e+00 -2.88627986e-02
    1.53910184e+00 1.88979840e+00 2.31127024e-01 1.37293482e+00
    1.35356694e-01 -1.71723977e-01 1.60139430e+00 1.24992752e+00
    -8.82296801e-01 1.06151938e+00 -1.59433693e-01 3.82411629e-01
    -9.86773521e-02 5.99258184e-01 1.75417030e+00 1.77615702e+00
    -6.07782423e-01 3.68917644e-01 -8.12455714e-01 -6.63307786e-01
    1.46772671e+00 1.78720546e+00 1.64768100e+00 1.50343633e+00
    1.75171089e+00 1.58254993e+00 1.25225103e+00 9.23704565e-01
    1.41596258e+00 4.90110695e-01 1.99845731e-01 2.75180280e-01
    1.51334989e+00 1.52603630e-02 1.28118217e+00 -5.14027059e-01
    1.12116909e+00 1.87969232e+00 1.15991306e+00 1.55595362e+00
    8.58197629e-01 1.30970523e-01 1.75729918e+00 1.57319117e+00
    1.55325551e-02 1.07011959e-01 1.55810201e+00 4.54885602e-01
    1.64719629e+00 -6.75593495e-01 -5.88512361e-01 2.63338953e-01
    1.59536660e+00 1.11332822e+00 1.38525975e+00 -8.00528884e-01
    4.93493140e-01 1.69725060e+00 -1.17859699e-01 2.35052817e-02
    -6.96630538e-01 -3.76553416e-01 6.03939235e-01 -7.20798254e-01
    1.37748933e+00 -4.46220487e-01 1.56048477e+00 5.74665785e-01
    -4.07452464e-01 1.13556850e+00 -2.78096259e-01 -8.65265250e-01
    -7.52020121e-01 6.45184040e-01 1.67040229e+00 5.37033319e-01
    -1.80573255e-01 -6.62122548e-01 3.43280435e-01 -8.04095685e-01
    1.22933805e+00 -4.73050028e-01 7.64551401e-01 -5.88451279e-03
    1.27081776e+00 2.22757794e-02 -4.00539935e-01 -8.26455057e-02
    4.87821609e-01 9.26912189e-01 6.17719173e-01 1.14800358e+00
    -6.86048031e-01 -4.27028835e-01 9.84296918e-01 6.29389524e-01
    1.83437884e+00 -5.10983765e-01 5.21195590e-01 1.55823553e+00
    1.18467498e+00 -4.55431521e-01 1.76939696e-01 6.98425710e-01
    -6.93399131e-01 1.24303162e-01 3.52999568e-01 1.32049775e+00
    1.14507592e+00 1.51898026e+00 4.25135791e-01 -7.16455340e-01
    1.12717330e+00 -7.98944116e-01 4.23980147e-01 1.65298402e+00
    1.37750876e+00 -1.40082896e-01 -7.87991822e-01 9.49270487e-01
    5.49305201e-01 7.60687351e-01 1.82167077e+00 1.26755929e+00
    1.38658330e-01 1.59031296e+00 6.66083276e-01 1.81327236e+00
    2.02784896e-01 1.81037474e+00 1.32596052e+00 -6.70890272e-01
    1.72366965e+00 1.36625838e+00 6.83134973e-01 2.13312030e-01
    1.27925682e+00 1.14175463e+00 -5.86458802e-01 6.55094385e-02
    1.06505299e+00 -5.21036625e-01 -1.55879594e-02 -1.89667463e-01
    1.68672872e+00 3.69357020e-01 -7.23447084e-01 -4.91975218e-01
    -1.74883559e-01 1.14357841e+00 9.25317287e-01 -1.10656776e-01
    2.52251804e-01 1.54402244e+00 -2.81490952e-01 -3.26972455e-01
    4.36777800e-01 1.11093986e+00 5.81551850e-01 3.47694397e-01
    -1.64937034e-01 5.53283095e-01 -1.03961289e-01 1.86525393e+00
    1.07462013e+00 4.67785329e-01 1.88644862e+00 -7.80492485e-01
    -4.33681250e-01 1.54892254e+00 1.43619335e+00 8.30756128e-01
    -3.75634432e-01 1.07523024e+00 -8.71999323e-01 -9.69873130e-01
    -6.53330684e-02 7.79848397e-02 8.85420322e-01 3.65190029e-01
    1.79524791e+00 1.89053690e+00 -4.43623155e-01 1.36616319e-01
    8.50639105e-01 -3.96331489e-01 -7.74368405e-01 1.47498190e+00
    -1.00797391e+00 5.83157279e-02 9.60106909e-01 8.39799106e-01
    -5.43715060e-01 3.76531124e-01 -2.06107959e-01 1.28706944e+00
    6.79392219e-01 1.41003084e+00 1.28808451e+00 3.91503125e-01
    1.72956824e+00 4.50537205e-01 1.90868878e+00 8.36925268e-01
    1.83033133e+00 1.07791948e+00 1.24908888e+00 -1.01893485e+00
    -7.34902546e-02 1.13870406e+00 -2.97858864e-01 1.91058290e+00
    -5.43234527e-01 -1.49384156e-01 6.59831390e-02 1.87135553e+00
    -7.61638105e-01 -2.57751495e-01 9.75721478e-01 1.60789239e+00
    -4.05738443e-01 1.74469566e+00 1.70446730e+00 2.66315848e-01
    1.00623500e+00 1.34084308e+00 1.68742645e+00 -9.36359823e-01
    7.34030187e-01 1.78848231e+00 1.43492568e+00 2.66233534e-01
    1.11057115e+00 -9.22476530e-01 7.11530685e-01 2.17629582e-01
    1.73303895e-02 1.32898569e+00 1.86425531e+00 1.03554893e+00
    -1.93343773e-01 -2.65598178e-01 -8.11826289e-01 8.33489120e-01
    -1.89403430e-01 -7.53172711e-02 -3.07896966e-03 -5.48015118e-01
    6.41529143e-01 -8.44158590e-01 8.44740152e-01 -5.65446317e-01
    -4.60217446e-01 1.17729947e-01 3.48493487e-01 4.07387704e-01
    -4.24893486e-04 9.81445611e-02 1.41762781e+00 1.33113396e+00
    1.03717232e+00 1.50444663e+00 -6.84739292e-01 1.17716074e+00
    1.48561287e+00 1.56241882e+00 1.77707243e+00 -5.35332501e-01
    -6.11487450e-03 -5.36004305e-01 1.61243653e+00 -4.77304846e-01
    1.24456656e+00 -5.93170524e-01 -1.12315066e-01 8.66887391e-01
    -9.07289028e-01 3.01732540e-01 -2.31220528e-01 3.51771623e-01
    1.58585596e+00 1.66455019e+00 1.00100040e+00 -6.28394246e-01
    1.08336461e+00 1.05976260e+00 1.19755626e+00 -2.47649446e-01
    6.86671078e-01 -6.46732807e-01 -6.69534504e-01 1.44327629e+00
    3.43822747e-01 -4.04604048e-01 2.39466667e-01 1.32735848e+00
    1.68147945e+00 1.66485095e+00 -1.17548048e-01 1.32220590e+00
    -2.76723713e-01 1.07427812e+00 -8.79941463e-01 -6.48489714e-01
    -2.24815920e-01 6.42042875e-01 1.65396690e-01 8.26785624e-01
    9.19167936e-01 1.38997972e+00 5.96817851e-01 -7.06137121e-01
    1.37993670e+00 1.79771161e+00 1.41085839e+00 7.95315430e-02
    -5.15320480e-01 -1.33229479e-01 4.10647959e-01 3.48034859e-01
    7.95907497e-01 8.39119256e-01 1.18850455e-01 4.57350165e-01
    -7.64852166e-02 1.49637198e+00 1.94976854e+00 1.18280613e+00
    -9.14957583e-01 1.02723229e+00 1.34434414e+00 1.05984974e+00
    4.40313846e-01 -7.40316570e-01 1.33828545e+00 1.63347030e+00
    7.85188437e-01 5.14402926e-01 -7.48329997e-01 1.39006209e+00
    -5.27532518e-01 -3.83695692e-01 9.55338597e-01 -9.74703610e-01
    1.74664751e-01 1.72230017e+00 -3.19081664e-01 1.66254222e+00
    -9.24448296e-02 -5.27532995e-01 -9.77238715e-01 -5.18883049e-01
    8.44063044e-01 8.38178322e-02 1.06316316e+00 1.87607110e-01
    2.51043081e-01 1.96972132e+00 -5.10287642e-01 1.54822797e-01
    3.37055564e-01 1.07488465e+00 2.00142264e+00 1.22355330e+00
    3.83130699e-01 1.40758729e+00 -4.93058175e-01 1.72246385e+00
    -9.54679191e-01 1.11202407e+00 4.27746773e-02 -5.38104057e-01
    3.74185055e-01 5.09805560e-01 -2.28582293e-01 2.45893002e-01
    1.28205478e+00 1.02225947e+00 6.07278526e-01 -1.35674611e-01
    -1.59689680e-01 3.04259304e-02 -4.30755883e-01 4.62387562e-01
    -4.53362823e-01 1.11238563e+00 2.99428135e-01 1.81525850e+00
    7.84097314e-01 1.46299529e+00 1.61599553e+00 1.10630822e+00
    -6.34669781e-01 1.83766377e+00 1.20112765e+00 1.33258545e+00
    1.37994504e+00 5.40556133e-01 9.56604064e-01 1.12174523e+00
    4.32870567e-01 5.44700399e-02 -7.89483666e-01 1.10876334e+00
    1.43100870e+00 8.94423947e-02 -8.79585207e-01 1.83455789e+00
    1.44676793e+00 4.92169976e-01 -1.64921075e-01 6.15203679e-01
    1.14811635e+00 -2.24035338e-01 2.73058385e-01 1.26358211e+00
    1.01138365e+00 1.70725203e+00 -7.06744432e-01 -4.95393462e-02
    1.15228391e+00 2.72965938e-01 -2.26148382e-01 6.27668679e-01
    -2.60564119e-01 7.16882646e-02 9.12935972e-01 1.06347299e+00
    -1.48390874e-01 1.47664654e+00 1.32170391e+00 -5.75527310e-01
    4.53082383e-01 4.47219402e-01 9.27569449e-01 1.12292993e+00
    -3.02663177e-01 5.55741429e-01 1.43849611e+00 1.62265706e+00
    9.94871140e-01 1.89056385e+00 4.29739743e-01 7.16076612e-01
    -2.14304589e-02 -5.32848716e-01 1.36399233e+00 -3.45644087e-01
    1.11299098e+00 -6.13128603e-01 1.86643362e+00 1.00838602e+00
    -7.10557103e-01 1.25027966e+00 8.52391779e-01 1.54994559e+00
    6.25237405e-01 9.12605599e-02 1.41478240e+00 2.49263912e-01
    1.11978397e-01 -1.03591800e+00 -1.64855849e-02 -6.50977790e-01
    -9.27848101e-01 4.38800931e-01 2.75804400e-01 6.32859170e-01
    -5.84699452e-01 7.37256169e-01 -2.26840481e-01 -4.29515660e-01
    9.51269329e-01 3.91914725e-01 -4.57527101e-01 -4.92755204e-01
    -5.40793657e-01 -5.44239759e-01 7.38553166e-01 -5.99191070e-01
    1.52095354e+00 -6.90262839e-02 -5.55516422e-01 1.27590370e+00
    9.96053278e-01 -1.89144313e-01 -4.54909295e-01 1.69901371e+00
    1.25013006e+00 -7.99475193e-01 -2.96803325e-01 1.22234452e+00
    3.20010751e-01 1.57446253e+00 1.77590430e+00 2.80496150e-01
    -5.97921252e-01 1.03436506e+00 -9.36371624e-01 1.53498137e+00
    -3.88619721e-01 1.31288624e+00 -7.12337255e-01 -7.53678322e-01
    -2.70653218e-01 -9.28724349e-01 1.70476532e+00 1.30180442e+00
    6.80372894e-01 -2.43824854e-01 -2.37296179e-01 -2.17070803e-01
    -5.00000775e-01 -3.66871715e-01 7.20660090e-01 1.52034986e+00
    -3.06620806e-01 -3.69792998e-01 -9.33984697e-01 -3.08669597e-01
    -3.30623984e-01 1.56799841e+00 1.78357732e+00 1.31056988e+00
    1.48613966e+00 7.95653522e-01 1.92660022e+00 2.19276682e-01
    1.94411889e-01 1.53834271e+00 6.28650308e-01 1.38498402e+00
    6.04024172e-01 3.04314852e-01 -4.82402682e-01 -8.09151649e-01
    1.65120018e+00 7.96728209e-03 7.28987932e-01 -9.82514024e-01
    3.64638031e-01 1.27336073e+00 1.55395067e+00 9.66410935e-01
    1.07898486e+00 -5.37882566e-01 -4.51994568e-01 -9.69762802e-01
    -6.02837503e-01 1.78551400e+00 1.82008410e+00 5.36465585e-01
    2.61153933e-02 1.73421884e+00 4.08614278e-01 -6.65539145e-01
    -8.16142201e-01 1.70516491e+00 -1.38552323e-01 8.09750736e-01
    -7.76661694e-01 1.46621561e+00 7.42498517e-01 -8.33047867e-01
    1.62366247e+00 7.71359622e-01 1.71408132e-01 -6.24898970e-01
    1.60296249e+00 -2.05243349e-01 1.05117428e+00 1.30378687e+00
    5.62861562e-01 1.27906048e+00 6.56169951e-01 1.35375893e+00
    6.73652589e-01 -5.12400568e-01 1.16079867e+00 -2.87045360e-01
    -3.89935449e-02 8.08571935e-01 8.56233716e-01 2.04093471e-01
    -5.45387231e-02 3.41186523e-01 4.23646182e-01 8.96192491e-01
    9.31648672e-01 1.30454874e+00 6.28102124e-01 -6.15813732e-01
    9.79629755e-01 1.80740170e-02 9.98207554e-02 4.74119931e-01
    1.21177125e+00 9.83260155e-01 1.13937452e-01 1.58301139e+00
    3.33051711e-01 1.44701040e+00 9.29377258e-01 -6.64338544e-02
    1.28377950e+00 -6.06795251e-01 1.16165483e+00 -7.65956759e-01
    9.20142531e-01 3.92459303e-01 -4.50511783e-01 7.20879197e-01
    2.05787969e+00 -1.69168249e-01 1.13542390e+00 1.06964219e+00
    2.12497503e-01 1.35303450e+00 1.33674657e+00 1.17314637e-01
    6.36988640e-01 1.95880580e+00 1.06177092e+00 -6.99396312e-01
    2.86812812e-01 1.46949947e+00 1.10701454e+00 3.75601649e-01
    -8.54730010e-01 7.93214917e-01 3.79585654e-01 -3.20824921e-01
    1.36685896e+00 6.77774370e-01 1.18873131e+00 -9.66930628e-01
    1.27346528e+00 1.59425759e+00 8.88095379e-01 -3.54480058e-01
    -6.01839542e-01 4.51785952e-01 -6.91783875e-02 -2.26356536e-01
    -3.95512819e-01 2.92817593e-01 1.01906574e+00 1.23442590e+00
    1.78237379e+00 6.14218533e-01 -7.59519100e-01 2.75088668e-01
    6.67331070e-02 1.69594193e+00 1.61715460e+00 -7.90818155e-01
    5.60117781e-01 1.34196281e+00 -5.86507082e-01 1.12884581e+00
    -8.40053141e-01 1.71417266e-01 -6.78494513e-01 6.08147383e-01
    1.71742558e+00 -8.80652741e-02 1.46642661e+00 9.39783573e-01
    -8.90428662e-01 -7.31153190e-02 1.41585577e+00 -3.53063822e-01
    1.04905057e+00 -4.11549099e-02 -9.21111047e-01 9.58792686e-01
    2.57013887e-01 -7.08028138e-01 1.09094727e+00 -8.43189180e-01
    1.73637092e+00 4.90948409e-01 1.19303811e+00 -2.51986414e-01
    1.46538829e-02 1.66976094e+00 -7.30175257e-01 1.72118640e+00
    1.42218161e+00 5.17509997e-01 1.39960647e+00 1.19842136e+00
    -3.09760809e-01 -6.55074835e-01 -5.53534091e-01 -3.88380706e-01
    1.34681928e+00 9.78948295e-01 -4.46239114e-01 1.00779033e+00
    1.04422247e+00 -1.51514197e-02 -1.73598498e-01 -8.93762171e-01
    3.82820785e-01 3.14032465e-01 -6.68607235e-01 1.10350358e+00
    1.46500811e-01 -7.00535104e-02 -3.47935595e-02 -8.86784434e-01
    1.03046454e-01 1.40092432e+00 -1.44028798e-01 1.71626651e+00
    -4.95311499e-01 8.86322737e-01 8.63334388e-02 1.44363332e+00
    1.20531762e+00 5.89904130e-01 7.85871446e-01 2.32623309e-01
    1.74117768e+00 8.32467258e-01 6.79807961e-01 -3.80488636e-04
    1.22557545e+00 -2.56554335e-01 -4.61063772e-01 -1.09347794e-02
    1.71128595e+00 -2.69408405e-01 -9.00676906e-01 1.08715844e+00
    2.27452025e-01 6.29088640e-01 1.40857145e-01 1.14423811e+00
    -3.16063195e-01 1.66749942e+00 1.11799085e+00 1.37949085e+00
    -8.36435258e-01 -8.48067939e-01 -4.97205049e-01 9.07177091e-01
    4.89061207e-01 -4.18889195e-01 7.47169197e-01 6.50732458e-01
    6.66369855e-01 1.14830661e+00 -6.58883512e-01 1.54532456e+00
    6.84476614e-01 1.69747841e+00 5.82096636e-01 5.86500883e-01
    7.11191237e-01 7.01543987e-01 -5.46451211e-01 1.03131390e+00
    1.33430898e+00 7.23149121e-01 5.55163324e-01 2.88810551e-01
    1.51167738e+00 1.30862594e+00 1.13747740e+00 6.91015601e-01
    -6.51116014e-01 8.14839065e-01 3.78195763e-01 1.74346876e+00
    1.52768004e+00 1.38023174e+00 6.56336010e-01 1.41714752e+00
    1.62095988e+00 -3.59762520e-01 9.04442489e-01 -1.11026593e-01
    4.35585946e-01 1.40943992e+00 1.11408806e+00 1.32316351e+00
    1.95225871e+00 7.56863415e-01 4.54275161e-01 8.87677968e-01
    1.72562969e+00 4.76032831e-02 1.79069269e+00 -4.74681675e-01
    6.69537127e-01 8.29982758e-01 -8.43797088e-01 1.68115258e+00
    1.45951176e+00 -1.48103297e-01 -2.14423910e-01 -2.03420654e-01
    -2.37393618e-01 1.31078437e-01 1.59276772e+00 6.43265069e-01
    2.19664946e-01 1.63451934e+00 1.26621926e+00 1.74994206e+00
    3.55699919e-02 -1.34877756e-01 1.10205007e+00 1.39118290e+00
    1.03434932e+00 9.66044128e-01 7.21921504e-01 9.99063730e-01
    -5.07996380e-01 1.55180728e+00 1.70748258e+00 7.24472165e-01
    4.26486805e-02 1.69653547e+00 1.47121727e+00 5.55249341e-02
    5.18479645e-01 3.34673733e-01 3.34729910e-01 -7.64040768e-01
    -1.68146059e-01 -6.85820639e-01 1.54785419e+00 -4.57528800e-01
    1.70337892e+00 6.21608317e-01 -1.93645775e-01 1.28089893e+00
    1.41044831e+00 1.24077000e-01 -9.51012194e-01 -4.06255096e-01
    2.00213456e+00 1.75401592e+00 1.49590120e-01 -6.94331601e-02
    1.08144678e-01 1.91793799e+00 4.95433331e-01 -6.63682997e-01
    1.84309459e+00 7.93636382e-01 1.61352372e+00 8.44787478e-01
    8.42390776e-01 9.16775942e-01 4.11228210e-01 -6.30267024e-01
    4.72940236e-01 1.70625615e+00 3.98851365e-01 6.24363720e-01
    4.79003787e-01 5.84246695e-01 4.25007313e-01 -4.75755811e-01
    -4.17349935e-01 -3.32686454e-02 2.33502969e-01 9.66711462e-01
    9.72987860e-02 1.97732615e+00 1.31015193e+00 -7.93176353e-01
    -9.16326463e-01 -9.52519849e-02 -3.22311699e-01 3.00867707e-02
    8.78764093e-01 9.68064129e-01 1.41863966e+00 1.19941938e+00
    7.45811403e-01 -1.73974767e-01 3.96047086e-01 5.57042301e-01
    1.48235226e+00 2.64041066e-01 1.81985557e+00 9.88971293e-01
    7.88758457e-01 -2.88302213e-01 3.15335631e-01 -5.08975029e-01
    -8.81907761e-01 1.48056912e+00 9.15828943e-01 -8.91130865e-01
    -7.82285273e-01 9.91218686e-01 6.47797167e-01 7.22131014e-01
    -5.13115287e-01 9.07687902e-01 1.73184645e+00 1.03343928e+00
    -1.06050527e+00 5.62409103e-01 4.83045250e-01 2.02417806e-01
    -5.83165288e-02 -8.39340612e-02 8.08532596e-01 -4.47171360e-01
    -5.81612229e-01 8.22104692e-01 1.32972550e+00 6.25759900e-01
    1.36130977e+00 -4.13160384e-01 3.26513380e-01 1.49292278e+00
    1.90883260e-02 5.68945825e-01 -7.41256848e-02 8.64602566e-01
    -3.59442025e-01 -1.55154467e-01 1.18051887e+00 1.58032104e-01
    8.90409499e-02 3.90067250e-02 1.90414101e-01 9.05071259e-01
    -7.77784109e-01 1.16818464e+00 1.01732194e+00 1.03540218e+00
    1.58516562e+00 8.96098912e-01 1.35069144e+00 -9.23577011e-01
    1.45303082e+00 6.96801126e-01 1.05788314e+00 1.25456646e-01
    -6.49177611e-01 -9.39988911e-01 1.18019509e+00 2.85421927e-02
    1.29415345e+00 -7.02877998e-01 1.96186900e+00 6.70964122e-02
    -6.12332821e-01 6.21691108e-01 -6.09488487e-01 -7.45651245e-01
    1.05012715e+00 4.54052031e-01 3.19297880e-01 1.13590574e+00
    1.46403646e+00 -1.58096045e-01 -4.26597446e-01 -8.51147532e-01
    1.72289884e+00 4.36983615e-01 -1.07308149e-01 -7.14558363e-01
    1.60874140e+00 1.37523818e+00 -5.62416673e-01 1.34651601e+00
    1.28841341e+00 1.60744643e+00 1.53325021e+00 -1.15954369e-01
    3.45401704e-01 -1.76843926e-01 9.56805229e-01 1.47157460e-01
    1.48855090e+00 6.89658970e-02 1.92145646e-01 2.81765431e-01
    1.75469410e+00 5.77980936e-01 -7.50714779e-01 -2.79278141e-02
    1.06877947e+00 -3.94873738e-01 1.57365477e+00 -9.98153031e-01
    2.81389326e-01 7.82109331e-03 3.29025328e-01 1.68762112e+00
    4.85425711e-01 2.67825931e-01 1.22033179e+00 1.84317458e+00
    -4.59037632e-01 3.07570696e-01 1.60137355e+00 5.41750848e-01
    1.74089551e+00 1.92834049e-01 2.91156769e-01 5.13587177e-01
    -2.70053625e-01 1.44125211e+00 1.33211398e+00 1.92152202e+00
    1.22934687e+00 1.79031241e+00 7.17196524e-01 7.42329538e-01
    1.41836786e+00 1.86318564e+00 2.15758419e+00 1.46246898e+00
    6.93840206e-01 -4.30142105e-01 1.83907366e+00 -4.87944871e-01
    9.95045006e-01 7.62534797e-01 3.16314012e-01 1.15137196e+00
    -8.52744818e-01 1.44944930e+00 -1.05379558e+00 1.01192725e+00
    -8.52682590e-01 -3.49208921e-01 8.25053573e-01 4.96936113e-01
    1.36292383e-01 -1.99266285e-01 -7.85042644e-01 -3.62901598e-01
    6.78614557e-01 6.86392546e-01 -1.41861841e-01 -1.46751791e-01
    -3.73040676e-01 7.57540882e-01 6.08469546e-01 1.38808608e+00
    4.22462940e-01 1.85023442e-01 -8.42259467e-01 5.18894255e-01
    1.22910500e+00 -6.99357152e-01 1.11534739e+00 1.62284994e+00
    1.49237216e+00 1.80055845e+00 1.97156295e-01 3.75474840e-01
    4.81487364e-01 -3.41177076e-01 1.04682052e+00 1.05350471e+00
    2.91125178e-01 -5.24251819e-01 9.38805163e-01 1.48213673e+00
    1.75205674e-02 1.48120570e+00 3.83282870e-01 5.77934444e-01
    7.81624734e-01 -1.19904302e-01 1.23100901e+00 1.68900406e+00
    1.57408333e+00 -9.53123212e-01 7.17744648e-01 -6.14048660e-01
    2.71677464e-01 1.92259884e+00 1.67156041e+00 1.61785674e+00
    1.28289366e+00 1.12319136e+00 1.42192447e+00 -7.75873899e-01
    -7.66025662e-01 -4.03552689e-02 1.91601360e+00 6.53973162e-01
    1.90346706e+00 -1.81836814e-01 2.70932615e-01 1.54753029e+00
    -7.91364849e-01 -7.67926693e-01 1.19635232e-01 -6.15924537e-01
    -1.53366746e-02 -3.02988499e-01 1.12201762e+00 1.12691951e+00
    -1.47817552e-01 -8.96597505e-01 8.21213648e-02 -8.67884278e-01
    1.63277006e+00 -8.79734397e-01 5.60766935e-01 1.56894243e+00
    1.38833833e+00 4.75842506e-01 1.40280902e+00 1.96622932e+00
    -4.24961776e-01 -1.60368651e-01 1.32231379e+00 2.39317879e-01
    1.68099248e+00 -6.81807473e-02 -7.88207412e-01 9.47940469e-01
    -1.58880636e-01 -5.99117465e-02 -8.52071226e-01 -8.72897863e-01
    7.23477364e-01 1.55595529e+00 4.66033638e-01 3.56385559e-01
    1.53213131e+00 -7.24563897e-01 1.83421826e+00 1.91465247e+00
    -9.55184639e-01 1.08328032e+00 -4.09990638e-01 1.77746522e+00
    -6.02627993e-02 9.59848613e-02 -6.53008044e-01 1.51864243e+00
    -6.00218475e-01 6.87258065e-01 2.55484641e-01 4.47904736e-01
    1.50037444e+00 5.68344668e-02 2.22011000e-01 3.25852543e-01
    6.79293096e-01 4.16161388e-01 1.90466952e+00 2.23971016e-04
    7.88417459e-01 1.69976020e+00 1.57557830e-01 -6.92371547e-01
    1.01403022e+00 1.44273055e+00 1.60464096e+00 9.17169750e-01
    4.34402764e-01 5.69739044e-01 5.50730228e-01 7.09329545e-01
    1.47334579e-02 3.79405856e-01 4.87992227e-01 1.55846739e+00
    7.02060521e-01 9.12686169e-01 8.31590712e-01 7.72206008e-01
    9.85475838e-01 -7.61521533e-02 1.59179747e+00 2.31493428e-01
    -9.55814719e-01 1.52856159e+00 3.31415355e-01 -6.73307240e-01
    9.03535366e-01 4.01414663e-01 -5.63409090e-01 1.96665645e-01
    1.55918837e+00 1.67859125e+00 1.54976174e-01 -6.48248613e-01
    -6.79480493e-01 3.73514473e-01 6.72934830e-01 2.28290275e-01
    -8.31734896e-01 -5.93180895e-01 2.80716211e-01 2.03436422e+00
    -2.02364281e-01 8.37543786e-01 1.32353067e+00 6.51926175e-02
    1.32358623e+00 1.00567007e+00 8.95442069e-01 1.36793184e+00
    1.12131512e+00 7.43935525e-01 -7.15215862e-01 1.14756513e+00
    -3.38516176e-01 1.33799946e+00 -4.16569412e-01 4.69286233e-01
    -1.10451154e-01 -2.87980944e-01 -4.57353592e-01 -4.78070170e-01
    1.07728982e+00 6.61958337e-01 1.86697710e+00 3.83055449e-01
    7.68842280e-01 1.92588890e+00 1.64212632e+00 -6.07704282e-01
    4.93898511e-01 1.53762853e+00 -5.83233058e-01 2.27034152e-01
    -1.65991217e-01 -3.38733941e-01 1.06879544e+00 1.86029649e+00
    -4.69345480e-01 1.62503803e+00 -6.20827496e-01 1.12193823e+00
    1.16195202e+00 5.63381314e-01 7.13951230e-01 1.10000050e+00
    7.34984338e-01 -6.82362854e-01 9.47100759e-01 3.76102716e-01
    1.08162427e+00 3.35224509e-01 6.30928159e-01 1.70344007e+00
    1.72480571e+00 -9.35701251e-01 1.72588849e+00 1.65595794e+00
    -6.32178724e-01 -8.36199403e-01 9.68272507e-01 -3.03756446e-01
    7.95136541e-02 -5.40162623e-01 -4.92483974e-01 -2.09650341e-02
    1.64941466e+00 5.03648102e-01 -2.75609702e-01 -5.40198267e-01
    1.69132841e+00 2.92356044e-01 1.14066887e+00 1.20620847e+00
    1.86016119e+00 -5.34702897e-01 1.30772009e-01 1.01205580e-01
    -1.79972306e-01 1.72569072e+00 1.58988252e-01 1.66421378e+00
    -1.54783770e-01 1.38153565e+00 1.15063846e+00 1.19585109e+00
    -4.62633252e-01 -5.03201932e-02 -5.88648356e-02 6.74117029e-01
    1.83421564e+00 1.21792161e+00 5.85607812e-02 1.20481205e+00
    3.50354537e-02 -4.03685510e-01 1.87839627e+00 -3.39672506e-01
    8.95750046e-01 -3.12055856e-01 1.62592745e+00 4.50597793e-01
    -5.82939982e-01 5.30518815e-02 8.09976310e-02 8.93738091e-01
    1.28457260e+00 8.97003710e-01 2.94684321e-01 1.90768528e+00
    -4.65295941e-01 5.75725555e-01 1.95107329e+00 1.24492741e+00
    -8.62175882e-01 1.30615354e+00 1.87792635e+00 -1.00632644e+00
    1.65140605e+00 1.57720423e+00 1.09285688e+00 -2.68067300e-01
    1.30617663e-01 9.04230475e-01 1.61098671e+00 -4.28623781e-02
    -2.71060407e-01 1.31993663e+00 2.10124403e-01 1.27784848e-01
    3.19212407e-01 1.04076838e+00 -1.02993011e+00 1.08881950e+00
    -7.35402346e-01 1.11782134e+00 7.79476047e-01 9.96188760e-01
    5.72315812e-01 1.92475164e+00 -9.91901219e-01 1.93710968e-01
    1.49217927e+00 2.85892040e-01 2.32495785e-01 9.24780726e-01
    1.36436319e+00 1.39812016e+00 3.04359253e-02 1.30485451e+00
    -3.20648283e-01 -2.32969165e-01 1.23957777e+00 1.80793250e+00
    1.34746587e+00 2.62751043e-01 -6.85745299e-01 1.90187418e+00
    9.14774060e-01 5.49446702e-01 -1.00486708e+00 -4.24369961e-01
    3.31467360e-01 4.51605469e-01 -6.92212105e-01 1.60048866e+00
    1.01097536e+00 7.43136525e-01 9.25376713e-01 1.67318746e-01
    -2.44376227e-01 3.16588014e-01 1.20098099e-01 1.10269475e+00
    1.58262134e+00 -7.38936186e-01 -2.98500091e-01 -7.16366649e-01
    -2.32567951e-01 -5.20102441e-01 -1.02861784e-01 1.90105772e+00
    -3.39931667e-01 5.96686184e-01 1.97546911e+00 4.19090956e-01
    7.27544427e-01 4.71818417e-01 1.21558428e-01 5.27683496e-01
    6.39217556e-01 2.73135483e-01 6.96412846e-02 1.31035447e+00
    1.47317755e+00 -5.85160196e-01 1.11383414e+00 -3.51355851e-01
    -4.20480907e-01 1.87027484e-01 5.35494089e-01 -5.98294675e-01
    -3.39266002e-01 -2.33855054e-01 1.05686581e+00 -1.97271913e-01
    1.55838871e+00 -1.20299933e-02 -7.68257678e-01 7.69489706e-01
    8.41358304e-01 -7.07623780e-01 1.46421444e+00 7.53364325e-01
    -1.85399018e-02 1.75102723e+00 5.93029797e-01 1.01603413e+00
    -8.98665488e-01 1.57599413e+00 -1.48398742e-01 1.76185691e+00
    1.42593133e+00 -4.42417353e-01 1.17446029e+00 1.01609719e+00
    1.66098583e+00 1.10074627e+00 9.46604833e-02 4.35239583e-01
    1.94761410e-01 -7.23571241e-01 9.34809864e-01 -9.04997885e-01
    9.10416067e-01 5.42454302e-01 1.45754433e+00 1.62401807e+00
    -7.57520616e-01 -3.56071651e-01 1.37125278e+00 -4.29307163e-01
    1.91257939e-01 4.48808938e-01 1.53296137e+00 1.20807743e+00
    1.81892085e+00 7.31304288e-01 7.83416927e-02 1.41060305e+00
    1.54383433e+00 1.18976736e+00 1.65685701e+00 3.20495963e-01
    -9.51977074e-01 2.53236711e-01 1.65652740e+00 1.48758066e+00
    -6.77245975e-01 5.67156076e-01 -7.32093632e-01 -9.18873921e-02
    1.27879739e+00 2.84485519e-01 -1.87329371e-02 -5.15980303e-01
    -6.56058609e-01 9.34522748e-01 9.51625705e-01 -2.15347797e-01
    3.02143008e-01 1.24682069e+00 2.26709068e-01 -7.64099181e-01
    1.78645086e+00 -8.51344943e-01 -2.24395975e-01 1.16023088e+00
    2.20565826e-01 1.00199437e+00 1.77722156e+00 1.26319480e+00
    -7.51943767e-01 1.64231092e-01 1.56785762e+00 1.32568848e+00
    3.83935601e-01 2.21336812e-01 1.05304432e+00 2.85001844e-02
    1.08060516e-01 1.31900215e+00 4.39018935e-01 1.16703343e+00
    4.51568335e-01 1.83451736e+00 1.35551304e-01 1.35868692e+00
    1.13317537e+00 8.96074533e-01 8.54219198e-01 -4.14503723e-01
    1.82596016e+00 -2.16752619e-01 1.40671504e+00 1.05774581e+00
    3.39024305e-01 -9.09496069e-01 5.53847432e-01 2.58649528e-01
    3.66387635e-01 -8.04125965e-01 7.11458504e-01 1.85365605e+00
    1.08222210e+00 7.46143758e-01 -6.42402768e-02 -6.39417589e-01
    -8.22200000e-01 -3.60463224e-02 -2.05864757e-01 -3.44206840e-01
    1.62004840e+00 -2.18100578e-01 1.37402594e+00 -6.70485795e-01
    1.07554734e+00 1.80597138e+00 2.18996271e-01 1.21698368e+00
    1.17666304e+00 1.05501366e+00 -1.71343237e-01 2.17334032e+00
    -2.31993496e-01 -3.13377291e-01 4.02356297e-01 1.54171491e+00
    1.82499897e+00 -6.70666456e-01 1.88132918e+00 1.37712121e+00
    2.20816627e-01 1.46979892e+00 -2.10737318e-01 8.08123648e-01
    1.16318274e+00 1.30122995e+00 -5.85552216e-01 6.58530056e-01
    1.04887247e+00 -8.56702209e-01 -7.27042735e-01 -4.57766056e-01
    8.59467864e-01 6.41297724e-04 1.19307168e-01 9.34036553e-01
    6.00243866e-01 1.57778412e-01 1.39630270e+00 4.06688511e-01
    1.90075099e+00 3.86010200e-01 1.43100619e+00 -9.55153227e-01
    8.01866293e-01 9.95704055e-01 8.44096065e-01 -9.95483518e-01
    -8.10152292e-01 1.39693546e+00 -5.94197325e-02 -7.05134809e-01
    2.93359250e-01 -3.62147897e-01 9.66023430e-02 1.08474171e+00
    -3.77302080e-01 1.39617610e+00 -5.05176067e-01 5.59543431e-01
    1.02554642e-01 9.77528393e-01 7.22295225e-01 -4.26966935e-01
    1.75735390e+00 -4.70472902e-01 1.50568891e+00 -7.94952810e-01
    2.99373101e-02 -6.44788206e-01 1.39701545e+00 1.40439212e+00
    1.16055703e+00 1.43843985e+00 1.15000880e+00 1.20825815e+00
    -2.63572276e-01 -1.74073160e-01 9.74167824e-01 1.71711087e+00
    2.02200913e+00 -1.01728365e-02 1.69387615e+00 -7.25603253e-02
    -1.38388842e-01 1.93254852e+00 -9.08209264e-01 6.04828715e-01
    -6.76062346e-01 -8.81727576e-01 -5.53049386e-01 7.66701221e-01
    4.49391335e-01 1.56294036e+00 1.71370792e+00 1.10106754e+00
    1.31130719e+00 1.73457563e+00 6.97382450e-01 -2.47307852e-01
    1.49195588e+00 1.59638524e+00 4.50776905e-01 1.08366215e+00
    1.79774487e+00 -6.93269908e-01 -4.96228546e-01 -8.57029557e-01
    7.52584711e-02 -6.86469316e-01 1.18970513e-01 1.44416288e-01
    5.78296304e-01 5.29057980e-01 5.34119725e-01 -7.71005750e-01
    5.66138446e-01 -7.10394979e-01 -7.98861265e-01 1.77396965e+00
    3.70181262e-01 1.94419742e+00 1.13155282e+00 -1.49923936e-01
    -3.28919381e-01 1.67639089e+00 7.13890195e-02 1.02005661e+00
    1.79192698e+00 -5.38687468e-01 2.95068890e-01 1.04473984e+00
    -3.62483002e-02 9.43052351e-01 1.43557405e+00 -6.08422637e-01
    1.86684775e+00 -5.43993451e-02 1.18949056e+00 1.67797446e+00
    1.70726264e+00 8.06622446e-01 1.08599043e+00 3.88312459e-01
    -3.79956305e-01 1.33056486e+00 1.90772578e-01 1.15134180e+00
    6.10467434e-01 1.73693442e+00 -8.96027744e-01 -1.72146693e-01
    -2.88718641e-01 1.82119715e+00 9.02180910e-01 1.11871493e+00
    1.80118752e+00 1.77865818e-01 -2.61885554e-01 1.05430353e+00
    -1.59326360e-01 1.43301845e+00 -4.06412750e-01 -8.00379872e-01
    1.89271021e+00 -5.51629066e-01 7.93790296e-02 1.84585905e+00
    1.49212575e+00 2.48746291e-01 5.24227142e-01 1.07204807e+00
    1.49485099e+00 -5.34199595e-01 -3.30218554e-01 -2.89059550e-01
    -5.40785730e-01 -1.54673168e-02 1.36971509e+00 -7.63387561e-01
    9.04454470e-01 5.61554611e-01 3.65057945e-01 1.76928020e+00
    -4.85877991e-01 1.11185420e+00 1.15947449e+00 1.55011094e+00
    -4.47423130e-01 1.31080651e+00 1.25033164e+00 -3.06726843e-01
    -4.46140796e-01 1.48363125e+00 6.27645135e-01 1.44543022e-01
    1.54798603e+00 1.57302463e+00 -9.42014456e-01 1.68768418e+00
    1.39415431e+00 -4.67098683e-01 1.43469393e+00 1.28071606e+00
    -5.24271727e-01 -4.93599504e-01 1.88841268e-01 1.23744451e-01
    -9.18545425e-01 -4.66830693e-02 8.95790815e-01 1.32824326e+00
    1.60872841e+00 3.75959218e-01 1.27536967e-01 -4.20350492e-01
    1.70165575e+00 -6.08985722e-01 -5.15099645e-01 -9.63356018e-01
    -1.66932374e-01 1.28840375e+00 3.81041706e-01 -5.67035735e-01
    1.52679694e+00 4.66776401e-01 -2.04463787e-02 5.43239415e-02
    1.03358376e+00 -1.25135988e-01 1.53561318e+00 -9.59942102e-01
    5.95525265e-01 -5.70073947e-02 9.01754200e-01 1.55270338e+00
    -7.10817456e-01 -4.67619210e-01 1.66468287e+00 -3.82752955e-01
    8.30520272e-01 1.87177920e+00 1.81098247e+00 -3.79541427e-01
    1.35593426e+00 -3.78284901e-01 3.25259864e-01 1.17455614e+00
    4.42140996e-01 3.32684696e-01 -6.97471797e-01 1.02353871e+00
    1.03936143e-01 1.21898234e+00 -4.45655018e-01 -5.69696307e-01
    1.14487183e+00 5.40324330e-01 7.31466234e-01 3.37880343e-01
    -9.38939393e-01 -3.76648486e-01 2.07707852e-01 2.03432932e-01
    9.57133114e-01 1.95829308e+00 4.17051256e-01 1.54977310e+00
    -2.93258368e-03 1.88668096e+00 2.12674713e+00 8.98230314e-01
    -4.83620793e-01 -4.60747004e-01 1.25974405e+00 4.29340541e-01
    -2.47323886e-02 -7.69283533e-01 1.77372545e-01 8.19398224e-01
    1.80626392e+00 1.47053111e+00 7.35951513e-02 1.92801785e+00
    7.19821811e-01 1.21074939e+00 9.35435057e-01 -4.67289329e-01
    8.07411790e-01 -8.16260993e-01 -6.84258997e-01 -7.26808190e-01
    9.98541832e-01 1.29070854e+00 -6.15667701e-02 1.93490458e+00
    4.63153213e-01 -2.78404504e-01 -2.05262363e-01 8.62298191e-01
    1.13174903e+00 -2.94739962e-01 2.12462217e-01 -2.53588229e-01
    -4.91261631e-01 1.37089264e+00 -5.90555727e-01 1.43496597e+00
    -8.38314831e-01 5.39558530e-01 5.55790663e-01 -7.15706766e-01
    1.93005049e+00 -9.19676304e-01 1.91786826e+00 -4.31706727e-01
    8.65831003e-02 1.35077167e+00 1.19935715e+00 1.60879517e+00
    1.31611621e+00 8.25064003e-01 1.58302236e+00 3.88626039e-01
    1.75276053e+00 1.69784451e+00 -2.86597073e-01 -3.65855932e-01
    6.74277917e-02 -7.27917552e-01 1.92524481e+00 -5.22259891e-01
    -1.14657916e-01 -7.81017900e-01 1.31164420e+00 -2.47384548e-01
    1.04994583e+00 -2.36309305e-01 1.77491200e+00 -5.90636671e-01
    2.41783857e-02 9.40985680e-01 4.02973324e-01 1.39245760e+00
    1.55038106e+00 4.14878875e-01 4.30259168e-01 1.57367086e+00
    1.18399000e+00 1.68511343e+00 8.96752238e-01 9.55952168e-01
    -7.06900517e-03 1.16142988e+00 -6.27979696e-01 -9.94619489e-01
    1.27629113e+00 1.13863039e+00 -5.62706947e-01 2.99616486e-01
    1.65577126e+00 1.60477960e+00 -2.81902373e-01 1.60902226e+00
    -2.23459423e-01 8.07583928e-01 5.48164964e-01 1.99386609e+00
    9.94788527e-01 -7.18505681e-01 4.35241878e-01 6.44324005e-01
    -7.79049456e-01 2.34525904e-01 -9.10995185e-01 1.93700504e+00
    2.80503109e-02 9.66858268e-02 5.88806152e-01 -7.65156507e-01
    1.53179920e+00 1.08751249e+00 1.16084170e+00 8.84315908e-01
    1.70603409e-01 9.62032914e-01 -3.20260167e-01 -8.27741265e-01
    1.22592473e+00 1.73335719e+00 1.44775486e+00 1.47808361e+00
    1.67303944e+00 7.82113910e-01 6.81468904e-01 -3.10193449e-01
    1.06771684e+00 1.28090489e+00 2.00743273e-01 -8.22751403e-01
    -5.24711430e-01 8.57557595e-01 8.95353317e-01 1.22081697e+00
    -7.55050719e-01 3.36521864e-02 5.50787687e-01 -4.37534377e-02
    4.47511494e-01 1.35356799e-01 1.88988698e+00 1.66745257e+00
    3.26623827e-01 6.85818970e-01 2.46562406e-01 9.49235320e-01
    -4.97102171e-01 1.06341970e+00 7.69672275e-01 -8.97755146e-01
    1.34712726e-01 1.50886571e+00 1.01160359e+00 1.51466191e+00
    3.91147017e-01 8.01908314e-01 1.46671987e+00 1.63679373e+00
    1.06176615e+00 1.66872454e+00 1.28654325e+00 1.49660611e+00
    1.47357202e+00 -3.62889469e-01 -6.56295359e-01 -4.03497130e-01
    -8.66770625e-01 1.25812125e+00 -1.02267444e+00 1.10715911e-01
    -2.58504506e-02 3.65256816e-01 1.65181494e+00 3.69087517e-01
    1.66219819e+00 -3.37278992e-01 -2.25101635e-01 6.88018322e-01
    1.27040768e+00 8.23046267e-02 -4.44885671e-01 -4.56824869e-01
    8.58415127e-01 -5.91673613e-01 1.41128004e+00 7.43787587e-01
    1.06529105e+00 4.20124322e-01 8.95422101e-01 -6.81467593e-01
    1.55418599e+00 1.89688039e+00 8.14916730e-01 2.60700196e-01
    -3.79828423e-01 7.85648286e-01 -6.26632348e-02 1.14635658e+00
    -5.51525712e-01 1.87314141e+00 -5.55914044e-01 -8.36114585e-01
    -8.59852552e-01 1.92877972e+00 1.50683296e+00 -7.34172225e-01
    8.72871101e-01 1.00982964e+00 2.49744833e-01 1.35257828e+00
    9.94960904e-01 -3.74228060e-01 -7.18642771e-01 8.61392319e-01
    -3.96511674e-01 1.41944146e+00 -1.42967045e-01 -7.48589933e-01
    1.42841518e+00 7.54659355e-01 -4.97008085e-01 -1.06473494e+00
    1.69402528e+00 5.23190677e-01 1.86885619e+00 -4.56808984e-01
    2.24945858e-01 -7.07053006e-01 6.27318442e-01 -2.77115703e-01
    6.96279287e-01 1.22831750e+00 -6.78215384e-01 1.71161127e+00
    -4.83292043e-01 1.54304612e+00 1.55139518e+00 3.12371582e-01
    9.21830595e-01 1.21933401e+00 1.74418479e-01 -3.71389270e-01
    4.09834206e-01 3.89882803e-01 1.26981223e+00 -6.27963066e-01
    8.36836219e-01 -6.04911387e-01 -8.54834378e-01 3.28040838e-01
    1.62165672e-01 3.16984981e-01 3.98991644e-01 1.15850711e+00
    6.90808535e-01 1.22665334e+00 -3.97729546e-01 -4.11479697e-02
    6.86613083e-01 7.27947176e-01 1.07116938e+00 1.85594320e+00
    4.78533715e-01 -7.91311622e-01 3.20854843e-01 4.01614904e-01
    1.59249723e+00 1.79767585e+00 -2.90777326e-01 8.34531724e-01
    1.38488126e+00 7.94699013e-01 2.00139546e+00 -6.10545754e-01
    2.08385301e+00 3.60127538e-01 3.28017861e-01 -4.31203693e-02
    3.92057538e-01 4.45930690e-01 -3.31149340e-01 -7.09176838e-01
    2.69681722e-01 1.95521557e+00 1.88985872e+00 -6.63649559e-01
    -2.31849793e-02 6.22003913e-01 6.83789790e-01 8.91774118e-01
    2.77804226e-01 -8.92100036e-01 3.50939691e-01 7.15339482e-01
    1.57027006e+00 6.79605007e-02 5.28682843e-02 7.34442592e-01
    -1.69857517e-01 1.37347138e+00 -5.11563897e-01 -6.68207109e-01
    2.90471539e-02 -6.17301643e-01 1.38729632e-01 1.04303122e+00
    2.54417777e-01 7.23916292e-01 1.06143975e+00 1.75469518e+00
    1.00606453e+00 -9.23837304e-01 4.97180313e-01 3.32489461e-01
    1.87846863e+00 -9.31401432e-01 5.91046393e-01 8.51390839e-01
    9.32052553e-01 -4.99139316e-02 1.71787277e-01 -1.94017082e-01
    -5.81377685e-01 -7.29883790e-01 3.44962865e-01 4.08040106e-01
    -9.24494743e-01 1.88109660e+00 9.80516732e-01 -1.55201659e-01
    1.81030047e+00 -6.25295401e-01 -6.07901335e-01 4.13747191e-01
    1.43560374e+00 3.65134567e-01 1.29005361e+00 -3.73971909e-01
    1.40329564e+00 1.63487053e+00 1.77005875e+00 6.19591773e-01
    6.35713398e-01 2.72841096e-01 3.80695850e-01 1.73766208e+00
    1.42361474e+00 -8.40847790e-01 3.60941440e-01 1.76981425e+00
    9.93043482e-01 1.63680136e+00 4.51002195e-02 2.11462438e-01
    5.81181683e-02 6.20732486e-01 1.31820321e+00 -6.59812927e-01
    9.08214450e-01 3.26863974e-01 3.63349855e-01 1.41156983e+00
    5.53875148e-01 -6.83043718e-01 6.29609227e-01 -1.87476471e-01
    1.73658848e+00 -4.46756840e-01 1.44297755e+00 -5.79352863e-02
    1.11018717e+00 4.08496141e-01 1.71868825e+00 -4.83365096e-02
    9.73917723e-01 1.62606537e-01 1.60173774e+00 8.00632238e-02
    1.02069348e-01 1.51853669e+00 1.50840282e+00 1.34421992e+00
    1.77496836e-01 6.04023457e-01 5.41845143e-01 1.57279563e+00
    1.19096851e+00 -6.40685678e-01 -5.77631406e-03 5.87165356e-01
    -6.57475173e-01 4.70662445e-01 -9.82608378e-01 8.44022930e-01
    -4.92841750e-01 1.45759261e+00 1.79435834e-01 5.43711782e-01
    1.33103919e+00 1.48342025e+00 -7.58908316e-02 -7.68072367e-01
    -8.00892472e-01 1.41864562e+00 -3.34307939e-01 4.44452822e-01
    1.01203811e+00 1.07467413e+00 8.77199829e-01 1.34684110e+00
    1.55179083e+00 8.99044931e-01 6.25199258e-01 -7.90857077e-01
    3.28379333e-01 1.52787292e+00 -6.69045508e-01 -6.25951365e-02
    1.82221580e+00 5.68672180e-01 1.26163507e+00 1.96712410e+00
    1.55292451e+00 -4.00556892e-01 8.54734361e-01 3.79117608e-01
    3.17438275e-01 1.42264426e-01 -1.93075061e-01 -9.01054919e-01
    1.89256167e+00 -8.14571559e-01 8.00939262e-01 -4.03885752e-01
    -6.14967942e-01 1.26970842e-01 1.09450829e+00 4.74943817e-01
    1.71373785e+00 -8.26488972e-01 6.81285486e-02 -7.89196312e-01
    1.82816696e+00 8.19495618e-01 1.10033751e+00 1.23448312e+00
    1.12081015e+00 1.48349440e+00 1.58397064e-01 1.33514476e+00
    1.78300285e+00 1.74349988e+00 1.87967277e+00 -9.00044978e-01
    1.92360020e+00 5.66242754e-01 -6.05899036e-01 1.28103530e+00
    3.64586562e-01 -5.32325029e-01 -6.10785544e-01 1.72969043e+00
    1.15105319e+00 4.01199073e-01 -1.94820419e-01 2.84958184e-01
    -3.22674304e-01 4.69954789e-01 1.17651021e+00 3.10350031e-01
    -4.98766452e-01 7.26612687e-01 -4.20499176e-01 -1.84005767e-01
    1.55347908e+00 8.61174539e-02 2.32519031e-01 6.90398693e-01
    2.23734863e-02 1.84058356e+00 1.58841336e+00 1.09904990e-01
    2.13181019e-01 4.19849545e-01 1.07657826e+00 -4.89219502e-02
    9.90647674e-01 2.26226836e-01 1.69606185e+00 1.51712799e+00
    8.39916587e-01 -8.88503909e-01 -8.56791317e-01 8.76558661e-01
    -5.59610128e-01 1.24361411e-01 1.31261706e+00 1.31709957e+00
    1.45723414e+00 1.38099790e+00 1.97817504e+00 1.39009213e+00
    1.88903713e+00 7.18512237e-01 5.83752990e-01 -6.15246832e-01
    -4.22091708e-02 5.11349201e-01 7.73013890e-01 2.33205795e+00
    1.65664446e+00 -3.05226184e-02 1.69307515e-01 9.13914919e-01
    1.83424401e+00 1.45374918e+00 1.72846568e+00 7.17532396e-01
    6.79767311e-01 -4.23967630e-01 -4.44762819e-02 -2.24070162e-01
    6.01278879e-02 7.09819674e-01 6.73510075e-01 -4.73472238e-01
    3.59024405e-01 -8.37364793e-01 1.35531139e+00 -5.98884881e-01
    -3.27317357e-01 5.36416352e-01 6.96524620e-01 6.63022041e-01
    -9.24398482e-01 1.47795177e+00 2.40233362e-01 1.54080200e+00
    1.12125361e+00 1.09483564e+00 4.93457884e-01 7.42138624e-01
    5.72005868e-01 6.55822396e-01 1.30839872e+00 1.02540338e+00
    1.86576724e+00 1.90597320e+00 -8.25086176e-01 1.40417695e+00
    1.06156659e+00 -7.44662762e-01 3.75855327e-01 -3.36696923e-01
    1.31652787e-01 1.46213114e+00 8.16512287e-01 2.12526903e-01
    -3.51015031e-02 -2.23183379e-01 1.13649559e+00 -6.07881725e-01
    1.56672454e+00 6.39209747e-01 -1.65160194e-01 1.22704458e+00
    8.42084825e-01 3.18347998e-02 1.85876262e+00 -9.83831346e-01
    -2.29320332e-01 1.37675658e-01 3.47717814e-02 1.17034507e+00
    1.07570708e+00 -4.71422940e-01 1.10451090e+00 6.55044377e-01
    1.10286343e+00 -6.14633501e-01 -4.06175435e-01 -7.71108091e-01
    -3.01422387e-01 1.33507740e+00 -2.66699225e-01 1.91784823e+00
    -5.87205172e-01 1.67407632e+00 1.06565051e-01 1.13888192e+00
    1.22373557e+00 -6.07480943e-01 1.54254937e+00 1.25602579e+00
    1.71490979e+00 1.62526703e+00 -5.84920526e-01 -8.97009611e-01
    -1.03092246e-01 5.95912516e-01 7.28473723e-01 -2.81541556e-01
    3.73043209e-01 -7.33866453e-01 -3.84477861e-02 6.44162834e-01
    7.43052125e-01 -7.70767689e-01 -6.18117213e-01 1.41556215e+00
    1.15433168e+00 1.20898378e+00 6.31285429e-01 3.51528019e-01
    4.01192576e-01 1.28074920e+00 4.81459081e-01 1.25132453e+00
    1.21968746e+00 -5.07625461e-01 4.67125416e-01 -6.81930244e-01
    9.55812573e-01 7.27567971e-01 -6.49236679e-01 1.50984430e+00
    1.63424003e+00 1.28717840e+00 1.33060050e+00 1.82065356e+00
    -2.44621355e-02 -1.41262874e-01 7.07669079e-01 1.36327934e+00
    -9.54050124e-01 -8.72442007e-01 1.68324792e+00 7.15221107e-01
    -4.40104604e-01 9.82105732e-01 8.35646987e-01 7.46790826e-01
    6.05684996e-01 -8.27162504e-01 1.04548216e+00 7.55230725e-01
    -9.19222414e-01 1.46835732e+00 1.35622656e+00 8.47204149e-01
    1.16833162e+00 1.55283833e+00 7.43983150e-01 4.64416176e-01
    -1.01244533e+00 1.24531120e-01 1.95928454e+00 8.12481701e-01
    -6.06108010e-01 -1.26264170e-01 6.11755133e-01 -5.44270396e-01
    -8.14020634e-01 1.41830754e+00 1.62305689e+00 1.44352949e+00
    -3.15914035e-01 1.59975302e+00 -7.17516720e-01 1.69726908e-01
    8.27000976e-01 1.53292924e-01 2.02479526e-01 -3.40157360e-01
    -8.14231515e-01 1.53657901e+00 1.70441449e+00 -7.72768915e-01
    8.68393660e-01 -2.63500996e-02 3.67243767e-01 8.43373388e-02
    1.07168853e+00 1.32900131e+00 -2.95491308e-01 1.68487000e+00
    1.81523073e+00 1.86012185e+00 -4.28236276e-01 -1.59854233e-01
    1.78069580e+00 1.88738418e+00 6.11724496e-01 1.14498711e+00
    1.99187028e+00 6.71955585e-01 -9.59648192e-01 4.88744497e-01
    -1.27532363e-01 1.25961125e+00 1.46377158e+00 1.44005871e+00
    -5.48543036e-01 1.86656845e+00 1.91949889e-01 1.15404093e+00
    1.62265813e+00 1.52699903e-01 -1.32955924e-01 7.82860935e-01
    1.35261142e+00 -3.11947018e-01 1.21852374e+00 4.24203515e-01
    8.59209180e-01 -2.47731045e-01 -8.27079594e-01 -4.04314697e-01
    5.57187974e-01 4.56174910e-01 -1.43767565e-01 1.02397025e+00
    8.07024002e-01 -5.97717762e-01 1.45477259e+00 8.67535532e-01
    1.10913193e+00 1.58993638e+00 1.54093134e+00 9.33153182e-02
    1.79716754e+00 -5.16044199e-01 -5.48371971e-01 1.33454430e+00
    1.64337444e+00 8.87240589e-01 8.33268404e-01 1.51543844e+00
    -3.34644705e-01 -5.39769888e-01 1.75226820e+00 2.52699107e-01
    8.82628322e-01 1.74641120e+00 -7.32115567e-01 -7.77706027e-01
    1.53697407e+00 9.53480005e-02 1.79270351e+00 4.14730042e-01
    9.57123876e-01 -1.48048893e-01 4.06997621e-01 1.74251664e+00
    3.72842252e-01 9.86508429e-01 -5.10149062e-01 -2.29215801e-01
    -2.98084140e-01 -1.62347317e-01 -6.97020113e-01 1.54169011e+00
    7.59265363e-01 1.26071858e+00 1.80061293e+00 4.46024448e-01
    2.62901604e-01 2.22345638e+00 -5.48981786e-01 -8.04710507e-01
    1.25704527e+00 5.31484604e-01 1.56688929e+00 -1.01360953e+00
    1.61562669e+00 1.84001291e+00 1.83476627e+00 5.56294471e-02
    9.36420798e-01 1.04777604e-01 4.64389086e-01 -4.19392854e-01
    3.05017561e-01 -1.14464335e-01 1.01719999e+00 1.50101733e+00
    -1.11999705e-01 1.73009896e+00 6.23147301e-02 1.18049598e+00
    -8.89271498e-01 -1.10256784e-01 1.02581620e+00 2.41219014e-01
    1.63427323e-01 -4.59978700e-01 -8.59593987e-01 -6.64117694e-01
    1.76050746e+00 4.64708149e-01 2.31451362e-01 1.86769998e+00
    2.53804296e-01 1.31959844e+00 -9.87393975e-01 3.98466051e-01
    1.92059815e+00 8.91742289e-01 3.49288732e-01 -4.02042329e-01
    7.87992835e-01 -4.97042447e-01 2.01257181e+00 1.96061552e-01
    9.15681899e-01 9.10213470e-01 1.56872213e+00 -2.14983955e-01
    6.19552076e-01 -3.88661265e-01 -1.07924926e+00 8.45957100e-01
    6.73344135e-01 -2.58039027e-01 2.98211128e-01 -1.00089765e+00
    -9.89153206e-01 -1.21351831e-01 3.87248784e-01 6.67742431e-01
    5.24462283e-01 1.78859055e+00 -8.47636938e-01 -6.13194168e-01
    1.24166131e+00 1.71155810e-01 -7.72229493e-01 -2.09404424e-01
    -7.63419867e-01 1.40653312e+00 1.41568172e+00 2.31293440e-01
    1.22806914e-01 1.52946591e+00 9.66607153e-01 -1.00385882e-01
    6.76726639e-01 -4.24360722e-01 1.04464388e+00 -1.04954994e+00
    1.47997153e+00 1.41341877e+00 1.45528102e+00 5.93631744e-01
    1.10537159e+00 1.31286645e+00 3.96180451e-01 -4.03354049e-01
    1.22478344e-02 1.56746358e-01 4.44388688e-01 1.48790061e+00
    -5.75769663e-01 1.50181949e-01 -5.52655756e-01 9.14719462e-01
    1.37174547e+00 5.68085194e-01 1.25715590e+00 6.16773367e-01
    1.02803421e+00 -2.92125612e-01 1.81433380e-01 1.14440465e+00
    9.43736017e-01 -9.40304756e-01 7.21024275e-02 1.08722341e+00
    3.94198447e-01 4.42210697e-02 1.34220052e+00 1.30407214e+00
    9.95798111e-01 -2.18275160e-01 -6.78758681e-01 -8.36189449e-01
    -8.19275081e-01 1.68936133e+00 4.59251404e-01 1.38210618e+00
    3.44992310e-01 1.87717795e+00 -9.81135428e-01 -2.96374530e-01
    -3.48425776e-01 1.00637686e+00 4.83135134e-01 -6.05107725e-01
    -5.84980845e-01 1.67325604e+00 1.64960706e+00 1.01838398e+00
    -3.40303294e-02 -4.81947735e-02 1.01341462e+00 6.62656367e-01
    1.45402014e-01 4.25614744e-01 1.86559141e+00 -3.86370271e-01
    6.26398204e-03 -2.97466576e-01 1.35283065e+00 9.94606197e-01
    8.77188325e-01 3.22551727e-01 -6.63796902e-01 -2.97184974e-01
    3.00189137e-01 1.70719230e+00 6.81338131e-01 -9.37706769e-01
    3.31101000e-01 1.08331013e+00 4.36599612e-01 1.05512500e+00
    -3.30734141e-02 1.49569499e+00 1.28099620e+00 1.92164826e+00
    -1.39014229e-01 -6.10951841e-01 5.34247756e-01 -1.73730105e-01
    5.47927916e-01 1.53201818e+00 1.89290977e+00 2.08394036e-01
    8.81669760e-01 -2.11933572e-02 1.23490572e+00 -7.35188741e-03
    1.52274001e+00 6.12108707e-01 3.37050021e-01 -5.45539379e-01
    -9.58600283e-01 5.47101974e-01 1.94054786e-02 -4.51299399e-01
    -3.17191221e-02 6.59643412e-01 1.38725173e+00 5.20786107e-01
    4.95173365e-01 1.02895713e+00 -6.24906600e-01 -3.84265691e-01
    1.87230504e+00 -6.42254412e-01 8.45264494e-01 1.14028049e+00
    -4.55285370e-01 -4.90690053e-01 6.53086126e-01 8.04344773e-01
    -2.56938934e-01 1.70589375e+00 -5.10289669e-01 9.96516764e-01
    -6.87939882e-01 -3.70499231e-02 5.97711623e-01 8.77522409e-01
    5.81200182e-01 1.77880764e+00 8.12149644e-01 1.62892950e+00
    1.81258667e+00 1.55448008e+00 -1.51740611e-01 1.15848601e+00
    5.45824170e-01 7.80828774e-01 2.05635041e-01 1.82629752e+00
    1.84961319e+00 1.76271987e+00 -6.20810449e-01 1.78274417e+00
    5.19964576e-01 1.48973608e+00 -5.18062094e-04 1.60981572e+00
    5.47500074e-01 6.41330361e-01 1.45625621e-01 1.87568748e+00
    -1.02960505e-01 1.41504538e+00 3.94935966e-01 1.59291303e+00
    4.58113439e-02 7.25326002e-01 1.46807337e+00 -4.15957451e-01
    1.13443804e+00 8.84183943e-01 -5.00524521e-01 4.43153292e-01
    1.56794381e+00 1.43319058e+00 7.33286917e-01 -6.74162447e-01
    -7.73344398e-01 6.77817523e-01 6.61915123e-01 2.96246976e-01
    -3.19797337e-01 -3.07233959e-01 1.20558584e+00 2.05837822e+00
    1.68755937e+00 1.52294278e+00 1.03339398e+00 -4.11779910e-01
    -8.32894504e-01 -6.42622352e-01 1.62360236e-01 2.91852146e-01
    -2.06854511e-02 -2.76113153e-01 6.02792263e-01 6.87930346e-01
    -4.96417105e-01 8.85055244e-01 -8.57263923e-01 1.22254598e+00
    -9.07438900e-03 -8.82022560e-01 -6.06438279e-01 1.36118102e+00
    1.50280917e+00 -2.63007104e-01 1.57671475e+00 1.98000515e+00
    1.42153192e+00 2.13013347e-02 4.10202950e-01 1.04330659e+00
    -3.73400122e-01 1.23576736e+00 1.03249931e+00 1.86244234e-01
    -9.02454495e-01 -2.38226339e-01 -7.36854911e-01 8.46380532e-01
    -4.06748205e-02 1.08770061e+00 4.82394636e-01 1.37519491e+00
    -2.88853832e-02 2.51831979e-01 1.23577332e+00 6.69116437e-01
    -5.84008157e-01 3.64535153e-01 -9.31432009e-01 9.92775977e-01
    4.21169698e-01 5.00088990e-01 -9.22532678e-01 7.91685343e-01
    1.87148201e+00 -1.35060862e-01 7.25400865e-01 1.86465609e+00
    1.70594883e+00 1.98207080e+00 1.83262372e+00 1.02418303e+00
    -2.56500274e-01 -4.01116848e-01 1.58654666e+00 1.63843691e+00
    1.13231696e-01 1.84496604e-02 7.07343042e-01 1.55602968e+00
    -1.10161342e-01 1.58240008e+00 2.37151012e-01 1.01634717e+00
    3.63343865e-01 -4.31830510e-02 1.95564198e+00 1.89267978e-01
    -8.13094974e-01 1.16782463e+00 -7.47335136e-01 1.35473275e+00
    9.99765918e-02 -8.00590366e-02 -6.42308414e-01 -1.05364345e-01
    1.37743068e+00 1.29918063e+00 2.01299220e-01 1.09591091e+00
    7.18154430e-01 7.88233221e-01 -7.03555048e-01 1.35287559e+00
    -9.16649699e-01 -1.78082913e-01 2.06067771e-01 -1.95539534e-01
    1.99512982e+00 1.62884259e+00 -3.79840344e-01 8.94048810e-01
    4.14516300e-01 5.83328426e-01 5.98145664e-01 1.61795580e+00
    4.66909170e-01 3.21740538e-01 4.92631882e-01 9.55777705e-01
    5.25645375e-01 9.41204011e-01 1.02881563e+00 1.54503271e-01
    1.35165584e+00 6.01289093e-01 -5.21504223e-01 1.63707471e+00
    1.46128535e+00 -6.27633631e-01 6.60900056e-01 6.62544489e-01
    -1.45421237e-01 1.14604747e+00 -5.87909639e-01 4.62641865e-01
    -8.72810125e-01 -6.89123869e-01 6.91425622e-01 -3.32994312e-01
    1.51233912e+00 1.66601464e-01 6.03116393e-01 2.83941358e-01
    -5.46242714e-01 1.56004000e+00 -8.67315948e-01 1.07819331e+00
    -6.21730447e-01 -6.07608199e-01 1.53049022e-01 1.63636398e+00
    4.70618188e-01 1.38776886e+00 -4.09442425e-01 8.59515011e-01
    -8.19836318e-01 1.15551651e-01 -8.19618762e-01 2.80563772e-01
    1.12045681e+00 2.62591243e-01 -2.24889889e-01 1.13542747e+00
    -5.25872409e-01 -4.26349580e-01 3.25756013e-01 1.05140293e+00
    -7.72489160e-02 5.13440311e-01 -1.43539131e-01 1.41092467e+00
    -2.17750475e-01 -1.41280428e-01 8.19386482e-01 1.69692695e+00
    1.09998178e+00 4.97043818e-01 5.04974127e-01 1.29714084e+00
    -7.49552786e-01 1.45846152e+00 8.22204649e-01 8.30486417e-01
    1.71350050e+00 1.06083703e+00 -3.35169166e-01 -5.71550786e-01
    3.91147047e-01 1.75145912e+00 7.63829410e-01 -7.08759278e-02
    1.34011179e-01 1.72623205e+00 -7.21514285e-01 1.15059465e-01
    2.60684907e-01 -6.77341342e-01 -8.89974907e-02 7.28674769e-01
    4.80903178e-01 1.67643797e+00 6.22875132e-02 -9.68680918e-01
    -5.77147245e-01 -4.71626073e-01 1.37647533e+00 1.82763100e+00
    1.75081992e+00 -3.17233682e-01 -1.38657168e-01 1.74967206e+00
    -7.31274545e-01 1.15585244e+00 1.03077257e+00 -8.35391998e-01
    1.21956551e+00 -9.00544882e-01 1.25441241e+00 -4.59078580e-01
    -6.03439212e-01 3.66704375e-01 -4.11706150e-01 1.33097112e+00
    1.91001272e+00 1.61133218e+00 7.76860863e-02 7.92013943e-01
    1.81452191e+00 9.34842646e-01 -4.41354543e-01 1.56900620e+00
    1.57834959e+00 1.79868472e+00 1.47725677e+00 -1.06088126e+00
    9.57009733e-01 1.17620245e-01 1.03678071e+00 -3.00703168e-01
    -4.77098018e-01 -6.52842581e-01 -3.36171150e-01 -3.21341634e-01
    1.95435381e+00 1.33668947e+00 1.47667095e-01 -3.49446326e-01
    2.85342902e-01 -1.64212137e-01 7.72797465e-01 7.82767773e-01
    1.12614775e+00 1.13882697e+00 -5.82125902e-01 -8.19391727e-01
    2.01984501e+00 1.14871204e+00 -5.11626244e-01 -6.55775428e-01
    1.53355584e-01 -7.61018991e-01 -1.42841607e-01 -6.96039081e-01
    -5.66163883e-02 1.96011221e+00 1.55216753e+00 1.27988338e+00
    1.59548438e+00 -9.11854878e-02 1.29462862e+00 1.49348497e+00
    2.27524728e-01 2.69533902e-01 -3.84496182e-01 6.60982847e-01
    9.73310769e-01 1.92744851e+00 3.12192619e-01 1.35653973e+00
    5.35946310e-01 1.90252340e+00 9.16666865e-01 -5.29522955e-01
    5.26211143e-01 -3.36408287e-01 1.17313230e+00 -7.48127282e-01
    7.54007027e-02 2.69545496e-01 -3.94419938e-01 3.78509074e-01
    1.87364936e+00 -7.74703473e-02 1.11561513e+00 -8.90376747e-01
    7.72717297e-01 1.05621517e+00 -3.02058905e-01 2.16644824e-01
    1.94427192e+00 8.35664928e-01 -4.25052732e-01 6.91536665e-01
    5.57061613e-01 1.82398200e-01 9.06735837e-01 1.48246074e+00
    1.76463139e+00 -6.29325747e-01 1.45422113e+00 7.68553019e-01
    -6.39943957e-01 1.67487252e+00 2.18589619e-01 2.29028597e-01
    -3.31598580e-01 -8.93961731e-03 4.99184608e-01 -3.90126295e-02
    1.89161396e+00 1.07212953e-01 5.42767286e-01 9.58207667e-01
    5.78776121e-01 1.34977520e+00 2.59414345e-01 5.23800373e-01
    -1.31194815e-01 1.62624335e+00 1.88628185e+00 1.20555401e+00
    -5.20894229e-01 -1.86626434e-01 -4.27634805e-01 3.66499126e-01
    1.89128089e+00 1.10068941e+00 1.16592526e+00 -2.24848583e-01
    -7.35330224e-01 -8.86763185e-02 5.75870395e-01 1.18331599e+00
    -7.24685863e-02 1.68870866e+00 1.58031178e+00 7.26419330e-01
    -5.61816394e-01 1.43266928e+00 -6.40933692e-01 4.36018288e-01
    8.74338090e-01 -1.01341569e+00 1.73741937e+00 1.67478621e+00
    3.08453321e-01 1.03833282e+00 6.12725556e-01 8.98074150e-01
    -2.64495164e-01 7.81136632e-01 1.75197303e+00 1.78807056e+00
    1.20052493e+00 1.52070761e+00 -2.26461411e-01 1.13108003e+00
    1.85117722e-01 1.03943598e+00 8.42336416e-01 1.75605223e-01
    -7.44011030e-02 -1.81289464e-01 1.41297078e+00 4.18166280e-01
    1.12479734e+00 1.16438162e+00 -5.33181548e-01 1.71859491e+00
    6.61431849e-02 1.78431010e+00 2.91525543e-01 2.15849429e-01
    1.77059889e+00 3.86360973e-01 -5.70882380e-01 1.78380787e+00
    8.28155756e-01 -4.89469707e-01 3.09758574e-01 3.47091723e-03
    -5.21247387e-01 -1.11346595e-01 1.23116326e+00 1.07058525e+00
    1.75865984e+00 1.87928364e-01 -2.62524545e-01 -5.84365726e-01
    1.29754186e+00 1.62247956e+00 1.57358932e+00 9.41724181e-01
    -9.18048978e-01 2.66015291e-01 2.16961816e-01 1.84137368e+00
    -3.26032758e-01 1.51814353e+00 2.62408759e-02 1.68266678e+00
    5.09770989e-01 -3.93959135e-01 8.67758095e-01 -7.24208355e-01
    1.00121415e+00 2.42777631e-01 -8.08883786e-01 1.48092103e+00
    4.01410818e-01 -2.33569115e-01 -4.48360026e-01 -2.07257554e-01
    -3.10771614e-01 2.09550068e-01 -6.36176169e-01 1.68769300e+00
    -5.15450954e-01 1.59737706e-01 1.43205571e+00 1.29781616e+00
    -6.29454017e-01 -8.39113355e-01 -3.31194282e-01 3.55155289e-01
    4.01787579e-01 4.77831751e-01 -6.61705196e-01 -7.85193026e-01
    1.28785920e+00 1.71286285e+00 4.11098629e-01 -5.33584535e-01
    1.21666789e+00 -7.42232621e-01 8.89369190e-01 1.25397921e+00
    1.84048784e+00 1.91981483e+00 1.16487873e+00 -7.43630052e-01
    1.33158529e+00 -8.25566947e-01 -4.54298705e-01 1.02723849e+00
    -1.12210788e-01 1.86813080e+00 -9.69139040e-01 1.56991255e+00
    1.01122224e+00 -2.19493564e-02 -1.46913275e-01 -4.26509351e-01
    -4.05931056e-01 1.53457725e+00 1.13941765e+00 4.69523102e-01
    1.55178463e+00 -2.36068845e-01 7.80534565e-01 3.22950147e-02
    9.75347459e-01 7.62634337e-01 -6.60643756e-01 1.94342956e-01
    1.09116006e+00 -5.01679242e-01 2.02771369e-02 7.63267279e-01
    -5.17674565e-01 1.92848158e+00 -3.32780182e-02 -1.18519358e-01
    5.46426415e-01 9.33055460e-01 1.54997194e+00 -9.18304697e-02
    1.45976377e+00 -2.96410382e-01 3.26187871e-02 1.02998227e-01
    -1.84392765e-01 1.62433350e+00 1.57008731e+00 9.99684036e-01
    8.01863074e-01 -2.81028599e-01 8.83335829e-01 -2.93386996e-01
    1.73461640e+00 -2.33067214e-01 1.59191799e+00 1.88140237e+00
    -1.73186079e-01 5.96501470e-01 -3.09023887e-01 1.06000280e+00
    -2.91746914e-01 -6.68872952e-01 -1.00830130e-01 -8.88950899e-02
    -3.67634714e-01 9.15527701e-01 -3.82585041e-02 1.91307187e+00
    -7.51115501e-01 7.80539095e-01 8.32899570e-01 1.27729166e+00
    6.98421672e-02 2.01344088e-01 2.02994585e+00 -1.18059009e-01
    8.64265680e-01 1.62119865e+00 2.16277719e+00 1.91877854e+00
    1.67133617e+00 1.56478107e+00 2.15321079e-01 -9.33389738e-02
    -1.68499872e-01 1.81524682e+00 1.10316789e+00 2.40824506e-01
    -5.65010905e-01 -4.53681558e-01 8.60087752e-01 1.56703556e+00
    -6.67943001e-01 4.88087267e-01 -4.35459822e-01 1.98799050e+00
    1.12399891e-01 -2.40888909e-01 -7.00739324e-01 9.92011011e-01
    1.58267009e+00 7.62047231e-01 7.12606013e-01 -8.50151241e-01
    -8.31707239e-01 1.12100422e+00 1.20118618e+00 1.91949475e+00
    7.05315828e-01 3.48790348e-01 7.86862254e-01 -5.51150024e-01
    -1.76852241e-01 1.23572183e+00 -8.15624177e-01 7.57892728e-01
    7.76822150e-01 2.35395446e-01 9.10005808e-01 9.28095639e-01
    -6.80825174e-01 -7.91714132e-01 6.48764610e-01 8.79216313e-01
    -7.18432605e-01 -1.16040193e-01 -4.59485263e-01 1.86760902e+00
    1.92129159e+00 -7.73514807e-01 -7.65901744e-01 5.48682690e-01
    6.12495840e-01 1.05121958e+00 -7.90596843e-01 7.74450243e-01
    -6.82497919e-01 1.83327758e+00 1.98064065e+00 7.67460406e-01
    6.89457059e-01 -1.45816788e-01 3.05471182e-01 1.38231552e+00
    4.68987614e-01 1.84602892e+00 -8.79033744e-01 -1.10501125e-01
    -2.11984903e-01 2.21231550e-01 -1.36262447e-01 -5.87250352e-01
    1.44918776e+00 -6.85210526e-01 1.53207791e+00 -8.34760904e-01
    1.50966799e+00 -9.03579473e-01 2.67677933e-01 7.74252951e-01
    -8.56220067e-01 1.89665094e-01 1.28787899e+00 -1.55437008e-01
    4.97325838e-01 1.74579132e+00 5.28394341e-01 -6.42868280e-01
    1.03018296e+00 -8.61827075e-01 1.83591378e+00 1.20369232e+00
    1.37457669e+00 -3.06430906e-01 -8.73186231e-01 -7.67275214e-01
    9.24532950e-01 -1.99180782e-01 6.72354996e-01 4.45530593e-01
    1.55098867e+00 1.10226989e+00 5.28904438e-01 -5.13793766e-01
    1.86713588e+00 1.71614861e+00 -5.66077173e-01 1.09216130e+00
    1.08946633e+00 -1.01092494e+00 1.69969082e+00 4.49477226e-01
    9.46485758e-01 -2.55447533e-02 -3.89025182e-01 7.38192916e-01
    1.25003827e+00 1.27118587e+00 1.51348400e+00 -7.86773145e-01
    -6.72727823e-01 -5.95356598e-02 7.94067562e-01 7.68436551e-01
    1.99855661e+00 -3.35961841e-02 8.68684074e-05 6.91614866e-01
    -3.19580764e-01 7.63835162e-02 -2.95916706e-01 1.01124477e+00
    -6.28938198e-01 -4.23896536e-02 1.85938573e+00 5.27483761e-01
    1.36672580e+00 3.73259962e-01 1.14969635e+00 1.56280243e+00
    1.45525134e+00 -3.55496526e-01 1.96193767e+00 -6.59397721e-01
    1.00075833e-01 8.37830484e-01 2.01995802e+00 1.25859573e-01
    4.90715176e-01 1.10638750e+00 2.01434875e+00 3.13666403e-01
    -4.63877499e-01 -5.52455604e-01 1.00218952e+00 1.70912588e+00
    4.97996747e-01 9.81902838e-01 -7.92753935e-01 1.12039280e+00
    -8.02770615e-01 -5.38971126e-01 -4.15012032e-01 1.54004812e-01
    1.05700386e+00 5.75923979e-01 -2.64247686e-01 5.02846912e-02
    1.09372742e-01 3.38698089e-01 -8.26665699e-01 1.33941793e+00
    9.18014348e-02 -5.12531877e-01 1.38662481e+00 -3.37151736e-01
    -4.75969821e-01 -1.00414664e-01 1.55792081e+00 3.76587600e-01
    1.29298747e+00 5.50822377e-01 9.49149728e-01 1.54362500e+00
    7.46773835e-03 8.18630457e-01 1.49089992e+00 1.83163965e+00
    1.05655037e-01 -2.56572515e-02 -2.92894334e-01 1.45316958e+00
    -4.46428239e-01 7.95634329e-01 1.30655122e+00 1.56648242e+00
    8.91218260e-02 -4.69244003e-01 -1.74153075e-01 1.29809904e+00
    1.36591041e+00 5.20147264e-01 1.92966306e+00 5.07701159e-01
    8.63077044e-01 -4.81157511e-01 -6.07124567e-01 -4.32119668e-01
    5.47195554e-01 1.90094650e-01 4.36650157e-01 3.45536768e-01
    -9.44902360e-01 -8.26610625e-01 4.95821923e-01 7.87892640e-02
    1.04226187e-01 2.06818655e-02 1.78631616e+00 1.14888620e+00
    3.86806548e-01 9.05492365e-01 1.63199496e+00 1.42300606e+00
    1.00076973e+00 7.67974675e-01 4.81230676e-01 -2.02803448e-01
    6.57521963e-01 -6.77949548e-01 -7.44091213e-01 1.49950051e+00
    1.03850079e+00 1.23414612e+00 6.63848162e-01 3.79485875e-01
    1.75036800e+00 7.02579796e-01 2.29626969e-01 6.12499535e-01
    1.40392244e+00 3.21015775e-01 7.09569037e-01 -8.06698918e-01
    8.28861237e-01 9.39629316e-01 6.00589097e-01 1.79236019e+00
    1.99911213e+00 1.72339666e+00 1.68609393e+00 2.13055491e+00
    1.36072707e+00 1.85942090e+00 -5.57312787e-01 1.77484751e+00
    -1.18140094e-02 2.47771099e-01 -2.54237264e-01 -4.51677084e-01
    -5.95841050e-01 2.43940786e-01 5.25310159e-01 1.55933106e+00
    -7.79736578e-01 -4.82751459e-01 1.61610246e+00 6.60358667e-02
    7.22352207e-01 1.43596613e+00 1.61615932e+00 1.63664854e+00
    -4.46311980e-01 7.97571659e-01 1.76942110e+00 -6.75685182e-02
    9.80707586e-01 1.85885414e-01 -6.18839497e-03 4.45059597e-01
    6.45654917e-01 -4.49859679e-01 7.53274083e-01 1.89275908e+00
    7.26471022e-02 -6.76507056e-02 -6.58186078e-01 -6.15354955e-01
    1.53149509e+00 2.39789188e-01 1.05654418e+00 1.06993711e+00
    1.60987389e+00 1.44067240e+00 1.72363698e+00 1.35947382e+00
    1.15643978e+00 5.76143622e-01 4.68252152e-01 -2.58865535e-01
    1.45385933e+00 1.51591587e+00 -4.17584509e-01 1.84775615e+00
    -6.61806166e-01 2.66297340e-01 6.93154871e-01 4.41891968e-01
    6.42331719e-01 1.09071910e+00 4.13151801e-01 8.84750485e-01
    5.45256257e-01 8.41319978e-01 7.45262206e-02 1.20943189e+00
    -2.38596678e-01 -9.67335999e-01 -7.83974588e-01 -7.18076646e-01
    7.43637681e-01 1.92492977e-01 1.47226679e+00 3.26081067e-01
    1.15439439e+00 1.30525362e+00 5.10392606e-01 1.07601190e+00
    9.42789257e-01 1.14421129e+00 1.47681558e+00 -7.81650543e-01
    5.42313397e-01 4.93967086e-01 1.16007686e+00 7.31399834e-01
    -7.25475371e-01 1.83930373e+00 7.04252720e-01 3.46262276e-01
    -4.86504972e-01 -8.92192781e-01 -7.65201747e-01 6.47131801e-01
    -9.13772523e-01 1.04504132e+00 1.32697296e+00 -9.87820923e-02
    -5.92281342e-01 2.49086916e-01 2.82597005e-01 -1.09968416e-01
    -6.70975566e-01 1.92868042e+00 8.38930547e-01 4.08403426e-01
    4.37997818e-01 -7.35965788e-01 -9.07676399e-01 7.84397066e-01
    -7.57156432e-01 1.76982069e+00 7.45519161e-01 -2.82531619e-01
    1.02541065e+00 5.14169037e-01 7.83317208e-01 1.67265460e-01
    -7.29148030e-01 1.40736651e+00 5.35326481e-01 -2.90357769e-01
    7.88127959e-01 1.50508061e-01 1.49294293e+00 3.43150288e-01
    -2.03808263e-01 5.12422025e-01 -6.35204792e-01 -1.77796725e-02
    -2.14699283e-01 1.20904815e+00 6.71886146e-01 6.73677385e-01
    1.42675650e+00 1.37801421e+00 1.51316851e-01 1.17426062e+00
    6.88656747e-01 4.10353579e-02 6.59316778e-01 8.38900387e-01
    3.81479025e-01 1.89721048e+00 -2.80421730e-02 1.63027084e+00
    -8.64056885e-01 -7.61937976e-01 3.64107937e-01 1.30539262e+00
    1.23288119e+00 9.87766206e-01 2.04318762e-01 -1.33449450e-01
    6.72396868e-02 8.35361600e-01 1.33156192e+00 -6.74266279e-01
    -7.70195305e-01 2.35010326e-01 -7.46580772e-03 1.63506830e+00
    -1.90522432e-01 9.19449568e-01 -8.39764059e-01 -2.22086892e-01
    6.75846338e-01 -7.32747614e-01 5.61316073e-01 9.97124314e-01
    9.95754898e-01 -8.53792310e-01 -7.37248540e-01 2.78568584e-02
    3.51645440e-01 1.03065610e+00 8.48861873e-01 2.03382730e+00
    7.09272504e-01 -3.99867088e-01 6.42272592e-01 1.55473992e-01
    1.45820093e+00 1.54490209e+00 2.52439082e-01 -4.99242358e-02
    6.98745251e-01 1.70028841e+00 1.18062627e+00 4.01673228e-01
    -9.83680904e-01 1.20871890e+00 2.14881375e-01 1.29842746e+00
    1.45285249e+00 -2.98392754e-02 -6.74480200e-01 4.90031093e-01
    2.91470528e-01 1.16029334e+00 5.04764855e-01 8.48692417e-01
    4.42609727e-01 4.82952833e-01 1.30006802e+00 5.76566160e-01
    1.80563223e+00 1.47725713e+00 -1.37164667e-02 -5.22889495e-01
    5.47957361e-01 -1.01558514e-01 4.99296635e-01 -1.23499401e-01
    2.52586722e-01 -9.48536843e-02 1.13233399e+00 4.86841977e-01
    6.11952186e-01 -7.66216695e-01 2.36764356e-01 1.19713354e+00
    1.35000837e+00 -4.74150032e-01 -6.18766248e-01 -9.26321805e-01
    6.04474843e-01 4.90021914e-01 1.55367208e+00 1.72092521e+00
    -5.18774390e-01 1.53023529e+00 -8.42160463e-01 6.06251478e-01
    -4.69235808e-01 -7.34231651e-01 7.84071743e-01 1.86583281e+00
    -5.98439336e-01 -8.49548995e-01 -3.98741663e-01 -4.54432890e-02
    8.79529193e-02 1.71737897e+00 1.77957475e+00 -2.45951429e-01
    1.12058675e+00 4.97555256e-01 1.77685070e+00 -5.98222435e-01
    2.77604192e-01 -1.64801002e-01 6.41467154e-01 3.02032888e-01
    3.22166115e-01 2.33261198e-01 6.97745740e-01 2.10542426e-01
    -3.91610652e-01 5.74010313e-01 4.38464165e-01 5.97176731e-01
    4.29726064e-01 6.22940063e-01 8.82019758e-01 1.03519671e-01
    -5.53340733e-01 1.13957874e-01 1.02588379e+00 -3.75264257e-01
    -5.75130105e-01 1.63392019e+00 -6.39243245e-01 -8.65275502e-01
    1.46401361e-01 2.90089667e-01 -5.97207695e-02 5.04989505e-01
    -4.89917308e-01 1.65592384e+00 1.53855884e+00 -6.63905740e-01
    1.75311017e+00 1.48579669e+00 1.20051646e+00 5.05831659e-01
    -8.34955215e-01 4.40254331e-01 -8.41221869e-01 1.68346322e+00
    1.07061076e+00 5.75112343e-01 3.82769555e-01 -3.42125110e-02
    8.81431341e-01 -3.64648527e-03 1.00105631e+00 6.73944533e-01
    1.78784096e+00 3.12081814e-01 9.82217133e-01 1.04690993e+00
    1.79338861e+00 1.76685131e+00 -3.92392755e-01 2.66383678e-01
    3.37111354e-01 3.62051129e-01 1.38304782e+00 -5.44251978e-01
    -2.56491899e-01 6.47544265e-01 1.83802769e-01 -9.19222891e-01
    4.04545337e-01 6.29463077e-01 -2.13326961e-01 -8.53401780e-01
    -3.90625566e-01 -8.97074461e-01 6.75229073e-01 1.79016009e-01
    4.15949792e-01 1.72029006e+00 -8.14005256e-01 1.26118112e+00
    1.28127301e+00 1.61741889e+00 1.23701692e+00 1.45504868e+00
    6.68731689e-01 6.91108704e-01 2.04132333e-01 1.90394127e+00
    -5.65113485e-01 -5.64688802e-01 3.55657786e-01 1.42266607e+00
    1.42291784e+00 1.48966753e+00 2.83647954e-01 -7.24210203e-01
    6.62975252e-01 -5.19045949e-01 -4.30492669e-01 1.37261891e+00
    -8.61413032e-02 1.31267869e+00 3.22359324e-01 1.86477757e+00
    -6.88793480e-01 4.16882992e-01 1.59926677e+00 6.75300300e-01
    1.83385861e+00 1.00985289e+00 4.45250243e-01 -8.07186007e-01
    -2.73304552e-01 6.63824454e-02 9.97186303e-01 1.04199374e+00
    -3.20108205e-01 -6.48757756e-01 4.21344601e-02 1.16164482e+00
    3.61935198e-02 8.33068609e-01 7.87911177e-01 7.59254158e-01
    -6.78797245e-01 1.28032219e+00 8.50352883e-01 1.67100298e+00
    -9.88180637e-01 -5.59019158e-03 2.85264966e-03 1.12836289e+00
    2.01357460e+00 -6.13073409e-01 2.41032869e-01 4.77847397e-01
    1.85007238e+00 1.86431086e+00 1.96936429e+00 6.20038986e-01
    1.89279175e+00 -6.45382762e-01 1.14646745e+00 7.26112604e-01
    1.39745688e+00 -6.73891380e-02 1.08531713e+00 -8.80293697e-02
    1.60417891e+00 9.88061845e-01 3.50594372e-01 1.73147535e+00
    -9.70128715e-01 1.81602883e+00 -2.36661062e-01 -2.70059437e-01
    1.90545678e+00 -5.69189608e-01 -3.71568769e-01 -2.93886095e-01
    1.68278992e+00 1.53658664e+00 -5.51981568e-01 -1.63337916e-01
    6.22129798e-01 -7.54937649e-01 6.97274327e-01 1.61022210e+00
    -1.28461719e-01 1.61886334e+00 1.29779056e-01 -5.41656539e-02
    -6.69425607e-01 1.98067951e+00 8.49990174e-02 1.13279307e+00
    -5.77186465e-01 -1.04063600e-01 1.51485872e+00 1.44046283e+00
    1.69279122e+00 1.34546196e+00 -6.36851788e-01 1.56044745e+00
    -2.46523231e-01 1.19135547e+00 -7.87414670e-01 -8.51034343e-01
    -4.39476222e-01 -6.35817051e-01 -7.07606912e-01 7.08301783e-01
    2.62960851e-01 -4.21171695e-01 -8.71779442e-01 2.97537059e-01
    1.27360642e+00 1.26288295e+00 1.74241185e+00 3.28114107e-02
    1.37843847e+00 -5.51176310e-01 8.91326725e-01 -8.09999049e-01
    1.44939888e+00 3.04294020e-01 1.61392641e+00 3.64544451e-01
    1.87934160e+00 -1.02596708e-01 5.53076208e-01 1.50006700e+00
    1.55147612e+00 -6.69307560e-02 -5.37179589e-01 1.20084965e+00
    -8.60864997e-01 1.47278762e+00 1.19661939e+00 9.06242311e-01
    1.07717836e+00 1.75859070e+00 1.55670857e+00 1.11153960e+00
    3.03557098e-01 8.42146158e-01 -3.18048358e-01 -3.73080432e-01
    3.35137695e-01 1.00080156e+00 -6.30217850e-01 9.49018180e-01
    8.11991692e-01 -2.12465808e-01 -6.33386433e-01 2.19539031e-01
    -2.87534893e-01 -3.31035197e-01 -7.05206573e-01 -3.32497269e-01
    1.82692111e+00 2.20838130e-01 1.50810504e+00 6.79445341e-02
    -7.84677982e-01 1.79960930e+00 5.32542586e-01 -8.42922330e-02
    3.08593243e-01 -7.94774234e-01 1.68077910e+00 -1.40954912e-01
    7.04265833e-01 -4.91803050e-01 -6.59320176e-01 1.66829169e+00
    2.34405652e-01 -1.18338138e-01 7.64358103e-01 -6.34179652e-01
    3.11925650e-01 1.76921070e+00 -5.01695275e-01 -8.53223324e-01
    -5.00222564e-01 7.40649939e-01 1.50509909e-01 6.57209456e-01
    9.73126709e-01 -5.99630594e-01 -5.92192590e-01 1.60357463e+00
    1.20779335e+00 3.10047001e-01 -7.10034907e-01 -7.84825742e-01
    -3.74573588e-01 1.17401052e+00 -2.98701376e-01 -8.22200179e-01
    3.40107381e-01 1.87339580e+00 8.42927516e-01 -4.22164649e-01
    -7.67906547e-01 1.28024900e+00 8.24095964e-01 1.75811613e+00
    -1.68377966e-01 1.27156544e+00 -6.05872869e-02 5.05709708e-01
    -8.59742284e-01 -3.57766569e-01 1.22357213e+00 -4.84757870e-02
    1.20775163e+00 6.56106174e-01 -9.02782440e-01 1.64059341e+00
    1.52362752e+00 6.31028235e-01 -6.52444541e-01 -6.15388095e-01
    2.57156551e-01 9.54611242e-01 7.50104308e-01 -7.65609503e-01
    5.33880591e-01 1.80505586e+00 1.28331995e+00 9.41916525e-01
    1.02358913e+00 7.89025605e-01 1.52636576e+00 1.06762457e+00
    -6.93783998e-01 5.05148292e-01 -3.15164924e-01 -4.41741556e-01
    -9.52442437e-02 -1.79772019e-01 1.45816588e+00 1.74832332e+00
    6.41741514e-01 3.37643415e-01 1.71123469e+00 4.13008690e-01
    1.49735129e+00 7.28773892e-01 1.89283073e+00 1.06299114e+00
    4.99777675e-01 1.83545399e+00 8.18814874e-01 1.27421975e+00
    1.57191706e+00 5.31862020e-01 -1.15288258e-01 1.49775434e+00
    4.25329834e-01 1.35404205e+00 8.03607702e-01 7.83769667e-01
    -7.96102583e-01 6.91161811e-01 1.51860380e+00 2.11870983e-01
    -1.63079157e-01 6.09857202e-01 1.48300195e+00 -2.76882321e-01
    1.35771072e+00 1.72242892e+00 -6.13080442e-01 -5.49771547e-01
    1.57319462e+00 1.17995775e+00 1.46047044e+00 1.13408017e+00
    -9.85648990e-01 -4.78656054e-01 4.58768100e-01 1.87347177e-02
    1.87774062e-01 8.75709414e-01 1.79352176e+00 2.74928004e-01
    4.73414391e-01 -8.34525585e-01 9.78191495e-02 -8.59700739e-02
    8.26497197e-01 1.66960073e+00 3.08362961e-01 3.01437408e-01
    1.62271902e-01 1.51004469e+00 1.05050027e+00 1.08507073e+00
    1.04485345e+00 5.40921688e-01 -4.65926081e-01 1.00866210e+00
    -6.95902348e-01 -5.39547265e-01 1.06001163e+00 1.26433897e+00
    1.02357054e+00 1.41674054e+00 8.00365627e-01 5.14539182e-01
    -7.79745579e-01 1.71590912e+00 6.52081728e-01 -9.32793558e-01
    -8.39164197e-01 7.40313590e-01 4.12605405e-01 4.73489344e-01
    -2.10203469e-01 -6.05310619e-01 1.47665155e+00 1.32240951e+00
    -6.62394404e-01 9.83636975e-01 1.59541950e-01 -5.11528671e-01
    -3.50193143e-01 4.81425375e-01 1.92668498e+00 8.95079672e-01
    2.17624694e-01 1.65770520e-02 1.77922463e+00 -9.15048867e-02
    6.86359555e-02 1.36665881e-01 1.45892334e+00 -2.25493014e-01
    4.09280986e-01 1.53578448e+00 -5.83270133e-01 -5.52450232e-02
    2.00538492e+00 3.82694066e-01 -6.24338388e-01 -7.32445419e-01
    -2.49699071e-01 1.81471169e+00 -8.08487594e-01 8.39328349e-01
    5.91799878e-02 3.22742254e-01 9.25120711e-01 -5.44171512e-01
    1.52080595e+00 1.80884278e+00 1.06436670e+00 -4.91687745e-01
    -7.84914136e-01 1.26871157e+00 1.79739356e+00 1.09349525e+00
    -8.58660161e-01 3.76612246e-01 -6.88626111e-01 7.22408533e-01
    4.48034644e-01 -5.33482611e-01 1.77605808e+00 -8.02320838e-02
    -6.91751659e-01 1.42138636e+00 -5.81398487e-01 -5.50579242e-02
    2.11579755e-01 -5.76734900e-01 9.16385770e-01 3.05121958e-01
    1.34166765e+00 1.56764495e+00 -5.64358175e-01 1.03832841e+00
    -1.07643016e-01 -5.34855761e-02 1.52728510e+00 -8.21397230e-02
    2.62214273e-01 -1.98701218e-01 -8.61020207e-01 1.93051279e+00
    -7.22771645e-01 -5.15487850e-01 5.68084538e-01 4.02451992e-01
    2.61100829e-01 6.94580898e-02 -8.31236064e-01 1.03625321e+00
    -1.86524957e-01 -8.73234272e-01 -8.13496172e-01 1.79616475e+00
    1.13702857e+00 -8.74453247e-01 1.99635625e+00 6.72633767e-01
    1.07985580e+00 1.18759513e+00 1.65563360e-01 -1.89017624e-01
    9.83407795e-01 -6.89913452e-01 -1.10051244e-01 1.62677848e+00
    3.56108963e-01 1.86289597e+00 1.74886703e+00 1.35289180e+00
    1.99643299e-01 1.43980849e+00 -4.84393060e-01 1.52363980e+00
    -5.73099315e-01 1.38885045e+00 1.60050139e-01 1.39838934e+00
    2.11021096e-01 5.35695493e-01 -7.88915813e-01 2.00104618e+00
    1.83125615e-01 -5.26690423e-01 -5.34591854e-01 -8.24495316e-01
    1.74656308e+00 -1.95941642e-01 1.03260946e+00 6.44522309e-01
    -3.51219922e-01 1.22817886e+00 2.59910673e-01 7.90411055e-01
    6.73480868e-01 -3.02626729e-01 1.86869979e+00 7.55705357e-01
    1.39542967e-01 4.54963923e-01 -8.03349435e-01 1.81122673e+00
    3.26119035e-01 4.54600811e-01 1.05438483e+00 7.66673088e-01
    -6.04127347e-01 1.83867812e+00 2.76416481e-01 9.36049521e-01
    -7.83561468e-01 -7.57992387e-01 1.19580460e+00 1.60977805e+00
    1.58632946e+00 3.23557109e-01 2.68124431e-01 -6.52716458e-01
    -1.72498584e-01 1.31729853e+00 1.95298195e+00 1.79273427e+00
    -8.24549198e-01 7.57977590e-02 1.79091394e+00 -6.78159773e-01
    -4.40488994e-01 7.55897701e-01 9.41601574e-01 5.88354170e-01
    9.92012024e-01 6.36943519e-01 -8.78873706e-01 -1.01597714e+00
    7.72822142e-01 6.28632307e-01 1.50749028e+00 2.76774526e-01
    1.52950335e+00 -2.34691277e-01 5.60004532e-01 9.50546801e-01
    9.49013114e-01 1.33292353e+00 1.85841525e+00 1.54867744e+00
    -1.81697011e-01 3.98481190e-01 -9.19344842e-01 6.94047511e-01
    5.93730509e-01 1.07758474e+00 1.15298104e+00 1.42508245e+00
    5.26741445e-01 5.59726544e-02 -7.27096424e-02 -4.77377981e-01
    8.69129419e-01 1.34393513e+00 1.28819168e-01 -4.79038954e-01
    -6.62800491e-01 1.46262336e+00 1.01014876e+00 1.22058117e+00
    -1.03108752e+00 -8.87332320e-01 1.26474726e+00 1.56951845e+00
    6.79703131e-02 -2.78984249e-01 -7.28517950e-01 6.25233293e-01
    8.26863665e-03 -4.90119457e-01 -5.51587462e-01 -8.21473300e-02
    -1.96820974e-01 2.83495009e-01 8.20530713e-01 -1.47300944e-01
    1.80047500e+00 -7.34809458e-01 8.99600908e-02 5.16906559e-01
    3.91496569e-01 -6.41333818e-01 1.19884384e+00 1.86256206e+00
    -3.59249473e-01 -2.96480149e-01 1.83691752e+00 1.78738081e+00
    -1.73808455e-01 2.60105312e-01 1.03215265e+00 1.05267179e+00
    1.27108085e+00 1.76908147e+00 5.57953477e-01 1.69106114e+00
    -2.34748080e-01 -6.65704086e-02 6.42625630e-01 6.90751433e-01
    8.26296687e-01 3.82867724e-01 8.85412991e-01 -6.25709236e-01
    -7.16233134e-01 1.47050536e+00 -5.48649907e-01 -7.61712015e-01
    -4.27652985e-01 2.89699614e-01 -4.33089733e-01 9.76132989e-01
    2.46972933e-01 2.97666311e-01 1.96643579e+00 4.76347795e-03
    -5.49513459e-01 4.72895771e-01 -4.80022848e-01 6.25412822e-01
    7.62245536e-01 1.79717946e+00 1.11309457e+00 -1.49922922e-01
    9.59731579e-01 1.02356695e-01 2.67636031e-01 -6.38064981e-01
    1.28048849e+00 2.26438820e-01 -9.84563828e-01 -2.90198714e-01
    1.69441140e+00 5.34700394e-01 -6.11021161e-01 -4.73571777e-01
    -4.69404131e-01 6.78413570e-01 1.62502265e+00 1.10415173e+00
    -2.20986053e-01 1.36423337e+00 1.51410758e+00 1.00290883e+00
    8.70007053e-02 1.26029730e+00 -6.05799913e-01 8.77757668e-01
    9.60205570e-02 1.40342867e+00 1.76195848e+00 1.26342392e+00
    1.33732808e+00 -2.13073760e-01 9.61824417e-01 7.94713199e-01
    1.78409129e-01 7.31002867e-01 1.74469531e+00 1.59323096e+00
    -1.14267886e-01 -1.05232783e-01 -3.48930120e-01 -1.61914274e-01
    7.12433994e-01 -7.75279701e-01 1.91746986e+00 -1.59721062e-01
    4.11169618e-01 -1.89958736e-01 9.91639495e-01 -1.05672204e+00
    1.49032879e+00 1.71358776e+00 1.84181631e+00 1.28721404e+00
    1.24747717e+00 -1.70184806e-01 8.97799194e-01 1.58812916e+00
    -8.69617701e-01 -1.84148233e-02 1.67855275e+00 1.48420227e+00
    1.59204507e+00 -1.87034950e-01 -3.61313015e-01 1.78739202e+00
    -5.91200829e-01 1.60804832e+00 -8.37811828e-01 1.51134217e+00
    1.41518497e+00 1.59067333e+00 4.61710185e-01 -7.79254973e-01
    5.65617681e-01 1.70063436e-01 1.10114610e+00 1.50025356e+00
    1.51267636e+00 7.46696115e-01 1.26626205e+00 1.25944221e+00
    1.13678646e+00 8.38863313e-01 -4.63024229e-01 8.67798507e-01
    -6.23093247e-01 4.89741743e-01 1.21755433e+00 1.85167611e+00
    7.33788967e-01 1.04611623e+00 7.88332701e-01 -4.69160289e-01
    1.03990227e-01 1.06964433e+00 1.16508412e+00 -9.75595534e-01
    3.83743167e-01 -1.54654503e-01 -2.62540370e-01 -8.53708029e-01
    3.61376137e-01 1.22571969e+00 1.40329361e+00 1.28934726e-01
    -4.60143447e-01 -6.81820437e-02 1.38189840e+00 -2.75291145e-01
    -3.14582229e-01 5.86202204e-01 1.46190792e-01 7.11033106e-01
    1.27938724e+00 1.18756697e-01 1.23486090e+00 -6.29223764e-01
    1.13065720e+00 -5.78919053e-01 3.42572361e-01 -3.18101615e-01
    1.76624906e+00 7.27120697e-01 1.81696177e+00 -1.05238974e-01
    -2.55533069e-01 -6.02963269e-01 1.09923196e+00 2.33698800e-01
    1.59627640e+00 8.57396781e-01 6.73957944e-01 1.45479512e+00
    5.63853145e-01 1.25081027e+00 -7.05725700e-02 1.20571184e+00
    1.11081684e+00 -7.17813194e-01 5.25929451e-01 -2.82384157e-01
    5.63026071e-01 1.32245648e+00 1.11305439e+00 1.80943823e+00
    2.63987422e-01 1.20922792e+00 -6.03416502e-01 1.10177743e+00
    1.40614676e+00 1.01350784e+00 -4.05842662e-01 1.03623621e-01
    5.10573804e-01 8.38054657e-01 1.47197652e+00 -4.94080693e-01
    7.10301757e-01 -5.59534788e-01 8.86009261e-02 -6.02150202e-01
    2.47504897e-02 -8.49242687e-01 -9.10384834e-01 1.54081023e+00
    1.16654789e+00 -1.03228843e+00 -1.88188165e-01 -1.28663287e-01
    4.14936453e-01 6.64701879e-01 8.32235396e-01 -1.07083820e-01
    -6.37368739e-01 1.65983713e+00 2.70106494e-01 1.45466256e+00
    1.04381001e+00 4.14920747e-01 1.45176673e+00 6.38015151e-01
    -7.03575373e-01 -9.01698291e-01 2.13905245e-01 6.68284774e-01
    1.34673429e+00 3.36572617e-01 1.72375906e+00 2.28495114e-02
    1.29274338e-01 -8.69946182e-01 -1.72238141e-01 -4.92036760e-01
    4.64757740e-01 2.30793983e-01 -5.75896725e-02 5.53196743e-02
    1.21982801e+00 5.86301945e-02 -4.93249387e-01 9.97550666e-01
    1.11253405e+00 1.38248384e+00 3.47910792e-01 4.00807381e-01
    2.37768322e-01 1.20445728e+00 -3.99439543e-01 -1.50551364e-01
    2.59503156e-01 1.37910140e+00 1.03980112e+00 9.88573372e-01
    1.99174976e+00 4.33036715e-01 -1.00702375e-01 5.59698105e-01
    -8.42945576e-01 -9.17357877e-02 -6.01235628e-01 9.08927798e-01
    4.91328925e-01 -2.68847495e-01 -5.33119440e-01 -2.41245404e-02
    -5.78581810e-01 1.27088284e+00 1.63024628e+00 -8.31016675e-02
    4.52752143e-01 5.29575720e-02 1.43924367e+00 7.33138919e-01
    1.24108218e-01 -9.39345062e-01 1.12047207e+00 4.04542387e-01
    1.07890832e+00 1.91243052e+00 8.92889619e-01 -7.92564228e-02
    3.11496377e-01 -8.00222814e-01 1.30985487e+00 -6.93308175e-01
    -6.78170502e-01 1.09247458e+00 1.75906312e+00 1.27172232e+00
    7.04646230e-01 -4.18811470e-01 6.69911385e-01 1.25702834e+00
    4.22108918e-01 4.24786776e-01 1.38937235e+00 -4.41153258e-01
    -7.75711238e-01 3.07782680e-01 5.39522886e-01 -7.63968349e-01
    -8.13101768e-01 7.47295737e-01 6.20431840e-01 1.37761474e+00
    1.09560418e+00 1.05789411e+00 -5.83948910e-01 5.25637925e-01
    1.32667422e+00 -2.30829939e-01 1.15494108e+00 -1.02634616e-01
    1.09216297e+00 -3.29634607e-01 5.10945499e-01 4.29269910e-01
    -7.95321703e-01 1.83759582e+00 -2.50263344e-02 -9.42363963e-02
    4.86454457e-01 4.44500476e-01 4.77575123e-01 -6.50107324e-01
    9.54033434e-01 1.03622639e+00 -6.64731622e-01 6.08902693e-01
    1.40881324e+00 7.97006071e-01 5.66231132e-01 9.75178659e-01
    -2.94426858e-01 1.45701957e+00 5.34710169e-01 -3.23728144e-01
    -2.74069875e-01 7.01837897e-01 1.81860298e-01 1.12628949e+00
    5.82278967e-01 3.10811907e-01 -2.48048902e-01 -4.06246841e-01
    6.21451139e-01 9.75423694e-01 1.44962466e+00 -4.68910456e-01
    -3.63350481e-01 5.51003635e-01 1.78529263e-01 -2.04432622e-01
    1.82925153e+00 1.14891000e-01 6.86360180e-01 -8.78729448e-02
    1.59480304e-01 -6.10911906e-01 8.33112538e-01 -4.88103092e-01
    -4.65339124e-01 -2.81569481e-01 -9.42476749e-01 -5.53443313e-01
    -7.01507747e-01 1.92203772e+00 1.10126400e+00 -2.48224977e-02
    1.01929832e+00 -3.29675414e-02 -8.81572664e-01 1.81318212e+00
    4.64452922e-01 1.02658784e+00 1.67998099e+00 3.41608226e-01
    -7.51864135e-01 -4.99552667e-01 -1.91027835e-01 -8.20453346e-01
    1.27789127e-02 1.71398413e+00 -3.51264775e-01 1.16440940e+00
    1.24591827e+00 -4.80028749e-01 7.08600640e-01 1.69452465e+00
    -2.02575549e-01 8.62730026e-01 -1.40955925e-01 6.44843817e-01
    1.82869598e-01 -9.05529618e-01 1.49946943e-01 1.79888368e+00
    1.14296222e+00 8.59949827e-01 -6.38285458e-01 7.11505353e-01
    1.44018576e-01 8.92819285e-01 7.59102702e-01 -3.06789815e-01
    1.73014209e-01 5.52942753e-01 -2.03584030e-01 1.03208613e+00
    1.49916255e+00 -1.40016183e-01 1.53223503e+00 -1.43389672e-01
    -1.36467025e-01 7.47078836e-01 2.24053335e+00 2.29886103e+00
    1.06340373e+00 1.68127239e+00 1.81925595e+00 -3.08085889e-01
    -8.79934430e-01 -1.37285218e-01 2.02321076e+00 -2.91725010e-01
    1.38993478e+00 -4.01170403e-01 -8.72835934e-01 1.56837702e+00
    1.78981870e-01 -3.39221746e-01 9.20277119e-01 8.91655982e-01
    1.72532773e+00 1.03672671e+00 3.42751712e-01 5.73100269e-01
    -5.74437857e-01 1.46531439e+00 -5.63796341e-01 -2.04246491e-02
    6.12881958e-01 -2.49589324e-01 8.19288313e-01 4.03213322e-01
    6.29915535e-01 1.02936469e-01 3.73961866e-01 1.78949818e-01
    1.77698398e+00 4.19526547e-01 -9.21269000e-01 1.86449432e+00
    1.11588287e+00 1.87641054e-01 1.60346639e+00 1.89653349e+00
    4.90809858e-01 5.99384606e-01 -1.01095343e+00 -7.84659445e-01
    4.47998405e-01 4.86706555e-01 -4.61439252e-01 1.65694141e+00
    1.29956055e+00 -4.05012459e-01 3.63545239e-01 -6.66603208e-01
    -1.98859230e-01 1.37907612e+00 7.15169013e-01 1.01575530e+00
    1.99143970e+00 -9.44007456e-01 1.46194220e-01 1.18449485e+00
    -7.01036930e-01 -4.92209226e-01 3.56150240e-01 -2.88439482e-01
    6.73681378e-01 -1.32166594e-01 -2.38229424e-01 -7.41955519e-01
    1.40984058e-01 2.85026550e-01 5.39115489e-01 1.31279027e+00
    1.02320361e+00 1.91001284e+00 -6.71654761e-01 1.55508709e+00
    -6.14146590e-01 4.69732434e-01 -5.62383056e-01 5.00855446e-01
    1.12636602e+00 1.32790172e+00 -8.41741204e-01 5.89158595e-01
    -8.36688399e-01 1.79630494e+00 1.65728188e+00 1.81258345e+00
    1.59341529e-01 6.95539176e-01 -4.13112372e-01 -8.87879968e-01
    1.54593325e+00 1.11076367e+00 1.51451623e+00 1.66315520e+00
    -1.56727165e-01 8.06604028e-01 2.15995446e-01 1.91975725e+00
    1.93165469e+00 -5.13808548e-01 1.40468395e+00 6.28723443e-01
    3.15984756e-01 -3.27465445e-01 -7.46203542e-01 -6.89699054e-02
    4.69378680e-01 1.59666765e+00 8.15238118e-01 2.10879162e-01
    -1.04835427e+00 1.14740789e+00 -1.88113242e-01 1.01881170e+00
    1.19452882e+00 -1.81563228e-01 -3.86227876e-01 1.89163280e+00
    1.25961590e+00 -1.12414233e-01 -7.72434115e-01 1.67616522e+00
    -3.68312627e-01 1.48712230e+00 -5.61708212e-01 -6.11237705e-01
    5.02381206e-01 -8.13095331e-01 1.72978342e+00 1.79993939e+00
    -8.00188899e-01 8.21084082e-01 7.24259198e-01 2.56527483e-01
    -2.00131059e-01 1.35219777e+00 1.82911897e+00 -4.63858426e-01
    3.01454723e-01 1.53136420e+00 1.61775768e+00 9.40622151e-01
    7.94974804e-01 -3.71697962e-01 7.62516558e-01 -4.30437326e-01
    -1.21668931e-02 4.08358067e-01 -6.91220403e-01 -4.16183233e-01
    -4.74039853e-01 -5.47740042e-01 1.43682480e+00 1.35498846e+00
    1.49647582e+00 1.76153457e+00 8.20074260e-01 1.71734798e+00
    1.65315855e+00 -3.41231048e-01 1.79209149e+00 1.75385904e+00
    -6.73655048e-02 -2.37445652e-01 -6.73353791e-01 1.83758521e+00
    2.59151816e-01 3.64756882e-01 1.72143805e+00 5.53688928e-02
    8.87296617e-01 1.76256275e+00 1.36930370e+00 1.84430027e+00
    -2.16164783e-01 1.51805830e+00 2.00887370e+00 1.79425883e+00
    9.68308687e-01 7.75792226e-02 1.13561988e+00 1.80311728e+00
    1.18822122e+00 1.96525562e+00 9.47991014e-02 1.45955324e+00
    1.13959573e-01 -2.96349991e-02 1.66329598e+00 -7.89740622e-01
    -8.56465995e-01 2.25101307e-01 8.04751292e-02 -4.89195466e-01
    2.37335801e-01 5.24952868e-03 8.64231467e-01 1.18978477e+00
    -7.46113509e-02 1.76442540e+00 1.29243088e+00 5.20166099e-01
    1.30527932e-02 1.79908860e+00 -1.53857484e-01 1.68551385e+00
    -5.53219855e-01 1.61373687e+00 2.54388098e-02 -4.89023805e-01
    1.38349664e+00 5.00861049e-01 -3.69876683e-01 -5.38910031e-01
    3.36732090e-01 1.47579789e+00 -1.89815238e-01 1.97240222e+00
    -8.75967920e-01 1.81860912e+00 8.18009555e-01 -3.95482659e-01
    9.00153577e-01 -7.95914352e-01 -5.26068449e-01 1.53919816e+00
    1.59984827e+00 -9.45468724e-01 -2.38616522e-02 9.64450419e-01
    2.28335157e-01 6.45421028e-01 1.04034638e+00 -4.53645229e-01
    -4.48977441e-01 7.60165572e-01 1.28122640e+00 9.47601676e-01
    1.02695680e+00 -9.13892508e-01 7.09950179e-02 1.81848907e+00
    1.32571661e+00 4.10670310e-01 1.75932729e+00 1.28843880e+00
    1.94500172e+00 4.89341468e-02 4.11823720e-01 1.66110229e+00
    1.85216203e-01 1.33654103e-01 4.03146863e-01 1.77660835e+00
    1.45252085e+00 8.10238183e-01 6.33989036e-01 2.01492620e+00
    -3.34009916e-01 5.73888719e-01 1.81827247e+00 -3.41914386e-01
    5.16308844e-01 -9.12026763e-01 -6.32966220e-01 -1.37599498e-01
    5.84079981e-01 1.93972099e+00 1.40478820e-01 6.43555403e-01
    1.51443696e+00 1.77694768e-01 1.64926147e+00 -4.32857722e-01
    -2.45911539e-01 -9.28086162e-01 1.98656648e-01 3.87118831e-02
    2.69081473e-01 1.40201592e+00 1.04772139e+00 -8.22758377e-01
    1.46138027e-01 -9.68971491e-01 1.93828523e+00 2.67509907e-01
    1.66336608e+00 -4.68454540e-01 -8.70073915e-01 -7.15611055e-02
    1.85725260e+00 5.01380146e-01 -6.43107742e-02 -6.72485977e-02
    7.99766958e-01 6.11854792e-01 9.29242373e-01 1.48017097e+00
    1.57935405e+00 8.63184273e-01 7.00368285e-01 1.36823356e+00
    -6.10938966e-01 -2.33442336e-01 8.20254207e-01 7.63913035e-01
    7.58651257e-01 -5.88343799e-01 7.24994004e-01 9.35212135e-01
    -9.58458245e-01 -4.95434366e-02 1.41367233e+00 -2.63057053e-01
    -7.83606946e-01 1.83275020e+00 8.19502890e-01 -1.21966980e-01
    -7.99800396e-01 -5.63626170e-01 1.61127579e+00 -5.55442095e-01
    1.14207995e+00 -4.44104284e-01 1.75780356e+00 1.06116652e+00
    7.33770549e-01 1.31771719e+00 1.74148929e+00 1.58431363e+00
    -4.61034060e-01 4.38785374e-01 6.57076299e-01 2.88091540e-01
    -1.18264571e-01 1.60906899e+00 3.14799309e-01 7.39988089e-01
    1.77792096e+00 1.47909319e+00 1.43984318e+00 9.00122941e-01
    -3.61406505e-01 -2.27671444e-01 1.08987737e+00 -6.51057541e-01
    -7.77504146e-01 -3.97378057e-01 1.48822093e+00 6.24573708e-01
    1.59222651e+00 -7.79437125e-01 1.15746379e+00 1.34720383e-02
    -7.79781938e-02 1.53719163e+00 2.85250932e-01 -5.06997049e-01
    1.06028187e+00 1.25430286e+00 1.53958845e+00 8.21419239e-01
    1.02579212e+00 7.02938497e-01 6.12747192e-01 7.62383044e-01
    -2.99626179e-02 8.69252503e-01 1.54984999e+00 1.79363608e+00
    -3.29265922e-01 5.93317628e-01 1.69009373e-01 -4.55896914e-01
    1.10305238e+00 1.40924907e+00 1.01872039e+00 -3.83312762e-01
    1.92871547e+00 1.51971042e+00 -2.55405009e-01 1.21257758e+00
    -4.87166911e-01 7.90707052e-01 1.10218084e+00 -8.23125660e-01
    -8.38868096e-02 1.46076351e-01 1.20547402e+00 -4.83240448e-02
    1.44042209e-01 1.13550270e+00 7.85847783e-01 -6.58302546e-01
    -5.69830358e-01 -3.26233000e-01 4.79481906e-01 5.08512318e-01
    6.60025403e-02 1.04990935e+00 1.48312402e+00 8.35309744e-01
    7.56458938e-01 1.76911986e+00 -2.86292940e-01 4.11536038e-01
    2.69716103e-02 -9.70195234e-01 -9.01693523e-01 1.88004541e+00
    1.49914873e+00 1.51638532e+00 -2.41920203e-01 1.14464784e+00
    1.20428276e+00 3.49455267e-01 1.61520764e-01 5.20379007e-01
    7.80365705e-01 7.18815252e-02 1.75678682e+00 6.54647231e-01
    9.03607488e-01 -5.47226131e-01 1.64765343e-01 -4.70279604e-01
    1.86029232e+00 9.92654741e-01 6.13264143e-02 1.92894325e-01
    -6.19848907e-01 -6.63599670e-01 -4.11411941e-01 3.75130266e-01
    -6.81881458e-02 -3.05663496e-01 -8.47894788e-01 1.56624722e+00
    -2.74178702e-02 3.64018857e-01 1.62298691e+00 1.47554016e+00
    1.03544426e+00 6.10962212e-01 -9.24811363e-01 -1.77518249e-01
    6.06588244e-01 1.48109749e-01 1.28148925e+00 -6.47982061e-01
    2.03080773e+00 -6.39935315e-01 1.22164929e+00 8.55683446e-01
    1.52509129e+00 5.52615285e-01 -8.72497976e-01 1.00749183e+00
    1.40256119e+00 3.64824057e-01 -1.17145022e-02 -3.96972209e-01
    -4.83236276e-02 -9.96988654e-01 1.15828276e+00 -7.59580359e-02
    1.34292030e+00 6.83823764e-01 1.26090229e+00 1.51932645e+00
    1.69980073e+00 1.52913439e+00 -9.68528241e-02 -2.50370413e-01
    -8.44415963e-01 1.54365528e+00 -5.14672995e-01 8.31756413e-01
    1.51051283e+00 7.75346637e-01 1.20514072e-01 1.78003335e+00
    -5.93112946e-01 -1.27071142e-01 1.34355855e+00 1.85856771e+00
    1.52810109e+00 2.79070467e-01 -2.17142507e-01 6.75605610e-02
    2.18583867e-02 1.21403146e+00 1.62858820e+00 1.03369510e+00
    3.89468998e-01 1.15179193e+00 3.39270443e-01 1.20679247e+00
    -1.39106721e-01 9.88233268e-01 1.06113696e+00 9.66733601e-03
    -6.87517107e-01 3.73268187e-01 7.87448525e-01 1.87884903e+00
    -6.88850462e-01 -9.78371352e-02 1.00629210e+00 -3.11092526e-01
    -3.25200230e-01 6.30813956e-01 6.72395229e-01 -7.13542521e-01
    6.68430448e-01 -9.56976265e-02 1.59295291e-01 1.50233471e+00
    -1.44466653e-01 -3.27743262e-01 4.38603908e-02 9.67833459e-01
    1.49992681e+00 -4.36219543e-01 2.99248705e-03 -2.86579970e-02
    1.51996267e+00 -4.07969385e-01 1.65733826e+00 -3.86119455e-01
    1.93453348e+00 1.87995207e+00 -9.03953254e-01 1.66666603e+00
    6.73544228e-01 2.54310519e-01 -4.35295403e-01 6.53580785e-01
    5.54192603e-01 1.01785684e+00 4.23833489e-01 -2.89108038e-01
    2.42654547e-01 9.71078396e-01 1.48968780e+00 4.00243372e-01
    -6.55386925e-01 -6.06677413e-01 1.42258334e+00 1.75983465e+00
    8.46216798e-01 3.72396521e-02 1.65520012e+00 -4.75119561e-01
    7.33729266e-03 1.15712237e+00 -6.77835166e-01 1.25835550e+00
    1.01967549e+00 1.38587296e+00 8.73111844e-01 1.25275242e+00
    -3.60935956e-01 1.79718399e+00 -4.32716012e-01 8.37518752e-01
    1.22637141e+00 3.23465258e-01 1.59625101e+00 -4.23640102e-01
    -6.72580302e-01 9.23312604e-01 1.00334799e+00 -7.33272851e-01
    -1.23203903e-01 2.00806761e+00 -6.06914043e-01 8.57228160e-01
    -9.07757461e-01 1.19206798e+00 1.37106872e+00 -6.64971113e-01
    1.27668321e+00 5.26826441e-01 1.89330888e+00 -9.10780489e-01
    1.84379053e+00 -1.81868196e-01 -5.97569704e-01 1.08053219e+00
    5.61855733e-02 1.27072954e+00 1.65153587e+00 8.96308601e-01
    9.57583189e-01 6.67426527e-01 8.86046112e-01 1.21251953e+00
    -3.91926199e-01 -8.43015134e-01 6.35973752e-01 1.72303402e+00
    4.34000820e-01 1.23852897e+00 1.39499581e+00 -9.10919964e-01
    8.87058496e-01 5.35236001e-01 1.55281317e+00 -8.27205241e-01
    7.80301034e-01 5.98669112e-01 7.73566902e-01 -9.45162654e-01
    1.17286646e+00 1.45053923e+00 1.10624802e+00 -6.51474178e-01
    5.54225564e-01 4.40347642e-01 -5.81084430e-01 1.78056979e+00
    1.87789154e+00 7.04864204e-01 1.73464489e+00 -8.14325035e-01
    4.41638678e-02 6.21245384e-01 7.85052955e-01 -3.76320720e-01
    1.32960618e+00 1.27024424e+00 6.10896707e-01 5.13545156e-01
    -6.47298396e-01 5.73864400e-01 1.09665716e+00 1.58742607e+00
    1.56277609e+00 4.19540733e-01 3.20212692e-01 5.58396816e-01
    1.73480392e+00 1.27090275e+00 -1.06048264e-01 1.51387227e+00
    9.92618680e-01 1.68379700e+00 1.98899257e+00 1.47149992e+00
    1.29288614e+00 -1.06808811e-01 1.70357192e+00 1.61531359e-01
    -5.31350493e-01 2.18406230e-01 1.37822795e+00 1.68942761e+00
    -6.00372069e-02 -5.41654408e-01 7.14080334e-01 4.53050435e-01
    1.45462501e+00 2.86865294e-01 1.59605360e+00 9.81800035e-02
    -3.00507724e-01 -3.33169281e-01 8.25264335e-01 9.39110398e-01
    1.66327763e+00 1.69330740e+00 -2.50948101e-01 1.51189649e+00
    9.65641677e-01 1.21957660e-01 -8.23050082e-01 9.19688165e-01
    7.36233234e-01 -9.31614339e-01 1.46170270e+00 3.84221941e-01
    7.52060771e-01 3.01316708e-01 -3.66429269e-01 1.33696437e+00
    1.47033274e-01 8.36805224e-01 9.21353459e-01 1.63075626e+00
    1.77456212e+00 9.17745769e-01 3.80080432e-01 -5.74830055e-01
    1.39607859e+00 1.43153179e+00 5.44905901e-01 -9.75115746e-02
    -6.35400355e-01 3.28192800e-01 -3.27322483e-02 9.54811454e-01
    -3.81313473e-01 -3.80694300e-01 6.84607446e-01 7.75011957e-01
    2.51798123e-01 1.47955537e+00 -2.56860822e-01 -4.66790423e-03
    5.81740975e-01 -1.15791276e-01 -7.95536160e-01 -6.11322582e-01
    1.37013566e+00 2.62721270e-01 5.78096330e-01 8.82082403e-01
    5.30795872e-01 -8.32954407e-01 5.66800833e-01 -4.82516110e-01
    1.06081176e+00 -9.80140448e-01 5.38982868e-01 1.52396762e+00
    5.66950738e-01 8.98902476e-01 1.13836959e-01 -3.92984182e-01
    1.06467217e-01 -5.09386480e-01 -3.53008121e-01 1.00291163e-01
    2.30106831e-01 8.35359633e-01 4.62594368e-02 9.49975371e-01
    -2.77479619e-01 1.72497952e+00 -8.61402571e-01 7.65516877e-01
    1.73782277e+00 4.09384966e-01 -7.37833202e-01 1.13946939e+00
    1.80375195e+00 1.89557314e+00 -1.67899922e-01 -8.82271349e-01
    1.11264050e+00 -6.47401586e-02 1.69195935e-01 4.68559712e-01
    5.74259520e-01 -7.97251284e-01 -4.35175970e-02 1.08254842e-01
    5.83223641e-01 3.54897350e-01 7.22910762e-01 8.59049022e-01
    1.41830158e+00 -1.56591952e-01 1.55948544e+00 -3.28911185e-01
    -7.35100433e-02 -8.04114640e-02 -4.41143334e-01 1.65487492e+00
    1.65795541e+00 1.38499945e-01 1.87730825e+00 -2.99469173e-01
    1.21147335e+00 1.47906691e-01 -1.92528188e-01 1.85153067e+00
    8.85721207e-01 -8.70131791e-01 1.69446754e+00 1.62334234e-01
    4.40858513e-01 3.08012128e-01 -2.31445074e-01 2.81233996e-01
    1.94173014e+00 1.59893084e+00 1.04882967e+00 1.69701779e+00
    8.65526676e-01 1.59307182e+00 1.74302265e-01 -5.64413071e-01
    9.86558020e-01 -5.74903846e-01 1.62105298e+00 1.68176985e+00
    6.71856999e-01 1.76857555e+00 9.24149573e-01 8.56681168e-01
    3.52047116e-01 -2.06834465e-01 7.08618164e-02 1.49371672e+00
    -2.81520218e-01 3.01377952e-01 1.60817826e+00 1.34279811e+00
    3.72877210e-01 -9.02419984e-01 1.06580925e+00 4.03770387e-01
    1.93749034e+00 -4.94014114e-01 1.01189542e+00 1.13049161e+00
    4.31738138e-01 2.43701041e-01 1.02664769e+00 1.60492539e+00
    1.81042731e+00 -6.25243485e-02 1.97127715e-01 3.05526834e-02
    1.34628701e+00 -5.42784512e-01 1.68043768e+00 3.82040977e-01
    1.68653274e+00 1.41207802e+00 8.73157024e-01 2.33346313e-01
    1.14603066e+00 3.29364717e-01 1.01978958e+00 -6.60890162e-01
    -3.65106493e-01 2.56777465e-01 -5.29529333e-01 6.69041052e-02
    1.58531880e+00 3.31693113e-01 1.68998885e+00 1.79754198e+00
    -8.48869264e-01 2.31131181e-01 -1.02896225e+00 1.51844156e+00
    1.25679874e+00 7.05579162e-01 1.77086234e+00 -9.74795401e-01
    1.16379833e+00 9.34065655e-02 4.06426132e-01 9.01833296e-01
    -1.73888430e-01 1.74788153e+00 1.12252541e-01 -1.56821996e-01
    4.43673879e-01 -6.41866773e-02 2.65824974e-01 1.35654852e-01
    -2.51980424e-01 5.48739851e-01 -9.50440168e-01 1.08880615e+00
    1.50962543e+00 7.07681537e-01 8.87283683e-01 -6.29692674e-01
    1.23550987e+00 8.30353796e-01 -9.58351552e-01 9.77972031e-01
    1.31217849e+00 1.50596523e+00 -3.48977536e-01 1.57684350e+00
    7.98847318e-01 -7.18082666e-01 1.30267334e+00 1.56584156e+00
    1.70405948e+00 7.75328815e-01 2.98907965e-01 -1.90571010e-01
    7.93680906e-01 1.07984841e+00 -2.22999632e-01 -8.46231222e-01
    1.27661872e+00 1.02380431e+00 8.61558974e-01 1.47681344e+00
    8.94264551e-04 5.72736502e-01 -6.99290335e-01 -3.88291776e-01
    3.80437165e-01 1.26846695e+00 -5.59689283e-01 1.51347959e+00
    1.26305595e-01 -6.96744800e-01 1.24719703e+00 1.74696159e+00
    -3.18366945e-01 1.46659732e+00 1.38997674e+00 -5.92746854e-01
    -6.87738284e-02 1.23293746e+00 2.53885001e-01 -1.57085225e-01
    -2.55348682e-01 5.64512432e-01 4.94477808e-01 -3.63973260e-01
    -1.63583681e-01 4.35989797e-01 1.31817567e+00 -1.08054113e+00
    -8.37227225e-01 3.46580803e-01 1.18261003e+00 2.06156090e-01
    1.82837856e+00 -4.49665397e-01 -9.76127312e-02 2.41782293e-01
    4.59305989e-03 -6.55410960e-02 1.52709734e+00 -3.13597023e-01
    1.52202785e+00 -3.60859185e-01 1.66993165e+00 4.57643926e-01
    -9.83147740e-01 -4.23753023e-01 -7.65655160e-01 1.65375158e-01
    -7.48953342e-01 1.15781558e+00 -7.48572230e-01 5.86748600e-01
    1.17195690e+00 9.94384885e-01 -7.54649580e-01 1.39977098e+00
    1.60283315e+00 1.97105408e+00 2.66476601e-01 1.40289629e+00
    3.66562545e-01 7.12304175e-01 -1.93623379e-01 8.12274873e-01
    1.65478790e+00 8.94916207e-02 1.63994265e+00 1.72921360e-01
    1.34745288e+00 9.43677723e-01 -8.51450026e-01 -8.19549024e-01
    1.88152289e+00 1.85881293e+00 1.88879788e+00 -1.09789796e-01
    -7.14927077e-01 1.82132292e+00 1.88533616e+00 -6.34941876e-01
    -7.32175112e-01 7.05377877e-01 8.78419697e-01 2.19082430e-01
    1.84707665e+00 2.74413019e-01 5.62101722e-01 5.66562235e-01
    1.86649084e+00 9.01662290e-01 -5.21492004e-01 1.20905077e+00
    5.10303795e-01 1.00814593e+00 -1.21051826e-01 4.46692407e-01
    3.27793449e-01 1.74360907e+00 8.96114290e-01 1.89710364e-01
    1.50055659e+00 4.50198799e-02 -1.98490858e-01 8.27754736e-01
    1.31718314e+00 1.88684094e+00 1.52576041e+00 1.47371316e+00
    2.24450633e-01 1.44222915e+00 -8.16423059e-01 7.29596496e-01
    5.63351214e-01 7.80445158e-01 -8.71067822e-01 2.25620314e-01
    -5.67890346e-01 1.50272572e+00 1.91675889e+00 6.91034555e-01
    2.02480316e-01 -2.40114033e-01 1.38583338e+00 2.01259804e+00
    1.89042640e+00 1.39494526e+00 9.69393134e-01 1.55577815e+00
    -3.24444808e-02 3.74319077e-01 1.72136831e+00 1.67896426e+00
    1.54342198e+00 -3.29059213e-01 1.54372060e+00 7.87114918e-01
    1.21365023e+00 1.64638126e+00 -2.49238506e-01 -7.12219357e-01
    9.06248808e-01 -8.95786881e-01 -8.74438703e-01 -1.40844077e-01
    8.41007590e-01 -1.61117256e-01 -1.42495751e-01 1.61670518e+00
    2.73094237e-01 -9.04479742e-01 5.12802720e-01 5.48461258e-01
    1.23211503e+00 1.35989594e+00 4.52514231e-01 -4.02572840e-01
    1.61396062e+00 -6.05395436e-01 1.70582402e+00 4.80844498e-01
    -1.96834624e-01 -5.22045016e-01 -3.52096766e-01 8.76324117e-01
    8.10129166e-01 -7.02213705e-01 1.42182744e+00 -8.46344531e-01
    1.56303120e+00 1.88826680e+00 4.26576674e-01 1.35620022e+00
    8.76855254e-01 1.07489061e+00 -2.85911232e-01 5.64731479e-01
    1.13504791e+00 4.35466319e-02 -9.08798575e-01 -4.98189598e-01
    1.36344731e-01 1.58724284e+00 1.36715615e+00 -7.36995578e-01
    1.66851223e+00 1.46472311e+00 8.67500901e-01 4.77409720e-01
    1.40795803e+00 -2.87965566e-01 -5.73171973e-01 -8.32048714e-01
    1.47298110e+00 1.43957233e+00 1.39456499e+00 1.76676643e+00
    2.97250688e-01 -7.22991109e-01 1.62451053e+00 5.73327184e-01
    -6.98463857e-01 5.49013495e-01 5.97608387e-01 5.69218874e-01
    6.31116927e-01 1.48334956e+00 7.06327677e-01 -6.02517426e-02
    -6.42435074e-01 1.43993771e+00 1.53371346e+00 1.24405123e-01
    1.59925234e+00 -5.76444387e-01 5.27296245e-01 -8.81659925e-01
    1.09266683e-01 5.77743292e-01 -8.47396255e-01 1.17342043e+00
    4.37263101e-01 1.60517716e+00 -2.35920608e-01 -4.87245806e-02
    -8.20528641e-02 9.40327883e-01 -7.90779471e-01 1.34715116e+00
    1.49867082e+00 -6.53726876e-01 -3.08319125e-02 6.79599822e-01
    2.60949314e-01 9.81662989e-01 -6.44133508e-01 3.36910672e-02
    1.52769601e+00 1.10493906e-01 -2.74150521e-01 5.47994435e-01
    1.68580937e+00 -3.88462692e-01 7.45981395e-01 -4.90538701e-02
    -1.07762225e-01 -4.02617782e-01 -4.57929194e-01 -4.43247914e-01
    1.31964695e+00 5.56862712e-01 1.09259200e+00 1.11379969e+00
    7.11826980e-01 8.99725631e-02 1.40159607e+00 1.71856359e-02
    -3.02012026e-01 1.49021402e-01 3.81471455e-01 1.47068012e+00
    -4.01756674e-01 1.76578450e+00 -6.62494302e-01 -4.49684501e-01
    5.94659209e-01 1.13175809e+00 3.37118328e-01 8.97072434e-01
    5.24622858e-01 6.07161820e-01 2.14098394e-01 1.80597293e+00
    1.56750464e+00 1.30443230e-01 1.48187184e+00 1.82914329e+00
    -1.75172180e-01 1.69889939e+00 1.16807604e+00 8.50241363e-01
    1.51971924e+00 1.22878039e+00 1.39726388e+00 1.42345822e+00
    -2.91491657e-01 9.43166435e-01 2.34502748e-01 3.84517193e-01
    3.76300991e-01 -4.33837250e-02 1.40423524e+00 -8.48485649e-01
    -7.85318136e-01 1.85113287e+00 -9.25892830e-01 5.07111728e-01
    -2.43010432e-01 -6.35650158e-01 2.31760830e-01 9.41442046e-03
    1.25909400e+00 1.72110808e+00 1.55327499e+00 1.14273238e+00
    4.25184637e-01 -8.86260867e-01 7.23945200e-01 3.45716536e-01
    -8.77168477e-01 -7.08658576e-01 -5.32648563e-01 1.78746611e-01
    -7.29720235e-01 4.91097301e-01 1.33329833e+00 1.55473077e+00
    -2.19312385e-01 1.86359298e+00 -3.93884480e-02 -8.94143581e-01
    -6.86183691e-01 8.49210769e-02 1.16964722e+00 -4.11011994e-01
    6.12139590e-02 1.55369234e+00 -8.89894962e-01 -1.46571383e-01
    9.04417753e-01 1.96367294e-01 7.24607289e-01 -1.49168745e-01
    1.79652905e+00 1.29003131e+00 -2.74004042e-01 4.53473628e-01
    8.50164115e-01 1.00116678e-01 6.56142533e-01 1.70705938e+00
    1.06819522e+00 -4.10718083e-01 1.07986414e+00 -3.50872576e-01
    1.79792559e+00 1.75433886e+00 -1.08626306e-01 -5.43890009e-03
    1.20539391e+00 1.44285631e+00 8.60112309e-01 1.09949398e+00
    1.70560825e+00 9.23384074e-03 -5.14245689e-01 1.51796114e+00
    -7.34702349e-02 4.80790436e-01 -6.72427356e-01 9.72008985e-03
    -9.07911777e-01 1.69599843e+00 9.69068110e-01 1.45791364e+00
    6.97088659e-01 5.88729441e-01 -6.01457208e-02 1.51974514e-01
    1.01375651e+00 -7.57866263e-01 6.08865976e-01 7.66684234e-01
    -3.40296961e-02 -7.08778679e-01 1.79412556e+00 -4.83398229e-01
    1.92977452e+00 -4.85657841e-01 7.63746917e-01 3.08789462e-01
    -1.06716082e-01 1.12786913e+00 2.30099563e-03 -5.53652942e-01
    1.23058319e-01 1.07469416e+00 -1.48926139e-01 4.62624162e-01
    -8.93733621e-01 -9.48868573e-01 -1.71243295e-01 1.20427787e+00
    1.17102265e+00 9.42021072e-01 -2.44354874e-01 3.37273419e-01
    -7.15003192e-01 -8.67735505e-01 3.11537474e-01 1.55351758e+00
    1.30015647e+00 -4.63112712e-01 -3.93085539e-01 -3.23930293e-01
    1.05870676e+00 -1.17787056e-01 1.30342340e+00 -8.85861143e-02
    -8.75389934e-01 2.03759372e-01 -9.30833161e-01 1.29645240e+00
    6.39305174e-01 -8.89177203e-01 1.54570401e+00 1.43022740e+00
    1.19321108e+00 -9.71277475e-01 1.44942963e+00 1.74084818e+00
    1.28599024e+00 1.30099285e+00 1.07925534e+00 -3.76016766e-01
    -5.12466908e-01 9.66489077e-01 1.00366265e-01 -8.57415140e-01
    1.91936493e+00 1.61957175e-01 -7.21057951e-01 -5.35867751e-01
    -5.15457988e-01 1.32940114e+00 1.54826248e+00 1.61571312e+00
    2.05045915e+00 -4.66021806e-01 -6.45152211e-01 5.89776635e-01
    5.21787226e-01 1.13676298e+00 1.06921017e+00 -5.55559576e-01
    1.15978646e+00 1.17913008e+00 3.81655455e-01 -5.96376956e-01
    -6.62896633e-01 -2.52621442e-01 1.76224840e+00 -4.64241445e-01
    1.44751644e+00 5.69162786e-01 1.42254579e+00 -7.68804252e-01
    4.62450862e-01 -3.21010113e-01 -5.95261902e-02 1.68458962e+00
    -9.07485962e-01 1.36561954e+00 -4.37680811e-01 1.23296924e-01
    1.23728082e-01 1.37384558e+00 -5.54062247e-01 2.83869535e-01
    9.78465438e-01 -2.20703527e-01 1.68247116e+00 8.69391203e-01
    1.12545216e+00 -6.62812769e-01 1.43171954e+00 -1.16844520e-01
    -1.47482753e-01 1.46624637e+00 9.50856209e-01 7.60825813e-01
    8.35845470e-01 9.66979921e-01 8.61121863e-02 6.29668355e-01
    1.64436653e-01 -1.23617396e-01 7.28341162e-01 1.11131895e+00
    4.66281712e-01 -7.56045222e-01 -1.09029734e+00 1.65340972e+00
    1.63678169e+00 -3.01162511e-01 1.73671746e+00 -3.00917774e-01
    -4.43642735e-01 5.78178704e-01 3.89556587e-01 1.74219549e+00
    2.70589948e-01 1.28800559e+00 1.50781393e+00 3.06593239e-01
    1.58176732e+00 -9.71345380e-02 6.81533337e-01 6.03643358e-01
    -4.01038229e-01 1.27370155e+00 -4.28848937e-02 5.18540591e-02
    -2.74980962e-01 -6.07861757e-01 1.63786185e+00 -8.12850654e-01
    -3.82390708e-01 1.37749299e-01 1.30064631e+00 -7.08930016e-01
    -8.49657580e-02 -5.18949151e-01 -1.92154814e-02 5.19368239e-02
    4.67953086e-01 8.95178020e-01 1.93751648e-01 -8.36780369e-01
    8.43514323e-01 1.14639342e+00 -8.69582817e-02 -6.39020622e-01
    5.62945247e-01 4.29968059e-01 -3.41512740e-01 1.82617486e+00
    6.90672576e-01 -4.07049209e-02 1.67355728e+00 1.23800099e+00
    2.38730103e-01 -5.44872023e-02 9.29005563e-01 3.74636114e-01
    6.85206950e-01 4.53501195e-02 1.68613660e+00 1.65952992e+00
    -4.19709653e-01 1.15004253e+00 4.31106359e-01 7.98096061e-01
    -1.88699812e-02 2.01507151e-01 9.20889497e-01 8.09605002e-01
    1.66928840e+00 1.19502974e+00 -5.96629322e-01 1.71220076e+00
    1.53409326e+00 1.51077437e+00 1.76089752e+00 3.84004027e-01
    5.35090089e-01 9.92185295e-01 8.10634255e-01 -8.53167713e-01
    -3.91614348e-01 9.26911652e-01 -9.73273695e-01 1.08665991e+00
    1.74031103e+00 1.39202690e+00 1.43802238e+00 1.16397464e+00
    -7.35446334e-01 8.31209302e-01 1.93048537e-01 -1.43088520e-01
    9.38289225e-01 1.89329565e+00 7.19195426e-01 1.76901138e+00
    -6.76869035e-01 1.52628303e+00 -5.00540912e-01 1.05263782e+00
    1.88697910e+00 1.81199586e+00 1.03599143e+00 1.16667342e+00
    9.61868405e-01 7.96325803e-02 -7.77618706e-01 1.49792063e+00
    1.26476860e+00 -6.00678682e-01 -5.71069956e-01 1.65445015e-01
    -1.24984205e-01 6.79973066e-01 -3.42569530e-01 -3.89111452e-02
    -1.85150295e-01 1.29710507e+00 5.47521710e-01 -4.47008014e-01
    1.74801737e-01 9.39448178e-01 -4.94790465e-01 7.05056667e-01
    1.50452232e+00 1.32651162e+00 -6.40042782e-01 7.59055495e-01
    -4.39630210e-01 -5.27202427e-01 1.33078563e+00 1.50783288e+00
    -2.16612428e-01 1.92471135e+00 9.61321294e-01 1.92568719e+00
    1.61602259e-01 -2.00123936e-01 1.30084045e-02 -2.70869374e-01
    9.29787159e-01 1.49989331e+00 1.71361351e+00 1.80835414e+00
    -2.18945771e-01 1.97920609e+00 1.07230186e+00 3.34567428e-01
    8.02514672e-01 2.12671399e+00 -5.70345521e-01 -6.92207634e-01
    1.94047570e+00 1.79144096e+00 -8.16646218e-02 -3.35122257e-01
    5.29050529e-01 1.69785112e-01 -8.80048573e-01 -6.58037007e-01
    7.51531124e-01 4.42633867e-01 1.01220274e+00 1.79683113e+00
    1.51467308e-01 -1.99496329e-01 1.01280212e+00 1.88076222e+00
    1.91656184e+00 3.70949894e-01 9.35487211e-01 8.65425229e-01
    -9.04204309e-01 1.70502818e+00 4.04348612e-01 1.53613567e+00
    1.84376180e+00 1.74510336e+00 1.26710296e+00 8.89655054e-01
    1.62143767e+00 8.50241244e-01 -8.38681385e-02 -7.47732699e-01
    9.20279801e-01 -7.08120167e-01 6.55497074e-01 1.29487252e+00
    2.56450754e-02 3.82083446e-01 1.49078417e+00 5.10771215e-01
    7.50646770e-01 4.57705259e-02 1.36454737e+00 1.67869794e+00
    1.22683144e+00 5.57334065e-01 8.07150424e-01 -6.27231970e-02
    8.30259383e-01 8.02059591e-01 1.27421153e+00 -8.81276786e-01
    -1.03693970e-01 -5.29109299e-01 -7.81855285e-01 6.66510463e-01
    -2.50772744e-01 -1.70448601e-01 1.44768775e+00 -1.13832206e-01
    7.29197919e-01 4.18823212e-01 1.49573648e+00 1.87194610e+00
    -2.08658114e-01 1.87516749e+00 5.71525097e-01 1.50651848e+00
    -8.05817127e-01 -8.91346395e-01 1.61339313e-01 9.42622364e-01
    -5.63991487e-01 1.33238626e+00 1.65442407e+00 -6.44580424e-01
    3.77591312e-01 9.53427553e-01 1.89177179e+00 7.64596581e-01
    -7.41944432e-01 -2.34612450e-01 -9.10019204e-02 3.71037185e-01
    1.56910777e+00 -1.47304803e-01 8.97799253e-01 1.10671294e+00
    1.07580686e+00 -7.20716000e-01 1.62705064e+00 1.00409277e-01
    -9.20411050e-01 6.61563635e-01 2.55512953e-01 5.69576979e-01
    -3.33635181e-01 1.66692734e-01 1.57219827e+00 1.76250911e+00
    1.07946479e+00 -8.63423347e-02 1.29355931e+00 5.02429724e-01
    1.40666521e+00 2.55429442e-03 1.73814857e+00 1.66988659e+00
    -2.54024029e-01 -8.12544227e-01 1.06012332e+00 2.76219845e-01
    -7.22856224e-01 3.26492071e-01 1.52493823e+00 -8.33418965e-01
    1.07525933e+00 4.83839154e-01 -9.00621772e-01 4.17105168e-01
    -4.23837870e-01 1.76585913e-01 8.87405097e-01 1.51246384e-01
    -6.46019161e-01 1.43595827e+00 6.57514572e-01 -8.12074661e-01
    9.49765503e-01 1.43842185e+00 4.43866640e-01 1.16488707e+00
    4.68435377e-01 -9.59955573e-01 7.67637268e-02 1.85328686e+00
    1.59751427e+00 -8.39710474e-01 -8.96812677e-01 2.39950284e-01
    1.61705554e+00 5.33490062e-01 1.91539812e+00 -7.49696791e-02
    -6.36028469e-01 8.13121378e-01 1.41820180e+00 -6.33097887e-02
    6.98392928e-01 2.46290416e-01 5.37055314e-01 1.17702627e+00
    1.45613506e-01 -1.59315139e-01 2.79100537e-01 1.11899304e+00
    1.42608798e+00 3.19309622e-01 8.37833881e-01 7.15360999e-01
    1.04087353e+00 4.60569173e-01 2.74353921e-01 7.49051094e-01
    1.01136827e+00 1.80886304e+00 1.47207224e+00 1.21661055e+00
    1.26236165e+00 7.03318864e-02 -6.81370914e-01 5.90075791e-01
    -3.41932565e-01 1.75589418e+00 1.27610743e+00 3.68366629e-01
    -2.06617862e-01 1.86778069e-01 4.98257220e-01 -7.10021257e-01
    1.51191115e+00 8.16405356e-01 1.74526381e+00 -8.40689719e-01
    2.50680178e-01 -8.26768696e-01 1.71772873e+00 1.30704582e+00
    2.73091286e-01 1.20121765e+00 1.45828593e+00 -2.21831411e-01
    4.92618054e-01 -7.13516891e-01 4.11299795e-01 4.43097591e-01
    1.49402595e+00 -5.53345978e-01 1.59392715e+00 1.91293037e+00
    -1.04415253e-01 4.32279497e-01 -2.95690037e-02 -3.19429219e-01
    -6.44337475e-01 1.37679613e+00 1.04330182e+00 7.31204748e-01
    7.56611526e-01 4.48174238e-01 1.92778921e+00 1.51058269e+00
    6.08848453e-01 1.16833019e+00 2.01592937e-01 -7.71825790e-01
    -2.87341654e-01 1.09735191e+00 -5.10834754e-01 7.05262303e-01
    -7.09084094e-01 8.32807720e-01 3.12767714e-01 1.78349352e+00
    4.36214447e-01 7.51264632e-01 1.98891079e+00 -7.19618797e-01
    -9.19083416e-01 -1.47701457e-01 -6.79116368e-01 1.50893354e+00
    1.67117846e+00 -2.95289993e-01 -5.46150446e-01 -8.22975636e-01
    8.35765541e-01 1.95310926e+00 1.78452623e+00 1.26784337e+00
    4.02499177e-02 -3.71368885e-01 1.87417066e+00 9.26354706e-01
    -9.00312543e-01 1.58430517e+00 1.32433951e+00 1.75548935e+00
    3.41253310e-01 1.71916425e+00 -5.47802150e-01 2.23402882e+00
    -1.58491790e-01 1.78149772e+00 2.82652348e-01 6.98150516e-01
    1.35859239e+00 1.34379423e+00 -4.53333169e-01 1.58528924e+00
    -4.36323702e-01 1.44829321e+00 -3.21714967e-01 1.91291463e+00
    2.55932361e-01 1.13088930e+00 1.01926517e+00 -2.40227669e-01
    1.95540488e+00 2.01392627e+00 -7.89405584e-01 -2.77292505e-02
    4.29608554e-01 -2.27492616e-01 8.77202868e-01 4.70277607e-01
    -2.49303132e-01 1.70018148e+00 3.46919209e-01 1.01945460e+00
    -1.42600283e-01 -5.63556671e-01 1.25807807e-01 -1.00392818e+00
    -2.83530951e-01 1.69774270e+00 9.84479308e-01 -5.99752784e-01
    1.88653624e+00 5.91993570e-01 7.16890618e-02 -6.25997901e-01
    1.45876563e+00 7.62340903e-01 -1.75554305e-01 -7.02067792e-01
    -4.91689533e-01 1.66684818e+00 -2.90912658e-01 2.39778668e-01
    7.45270729e-01 9.97089982e-01 1.76846397e+00 -5.34110487e-01
    -7.98934579e-01 -3.64932418e-01 4.10800844e-01 3.61172140e-01
    -7.25805104e-01 1.08477330e+00 1.14161408e+00 1.04112357e-01
    1.20328397e-01 1.21666610e+00 1.30938423e+00 1.79122365e+00
    4.52395350e-01 1.71244299e+00 -7.67610252e-01 -1.36468589e-01
    -4.99140441e-01 8.27299058e-01 -6.01928867e-02 7.94775605e-01
    -2.25753069e-01 4.09475505e-01 5.30147292e-02 -5.97902954e-01
    1.63910508e+00 1.63406348e+00 4.40741122e-01 1.68651307e+00
    -3.00407499e-01 3.85098368e-01 8.91778693e-02 6.29120231e-01
    3.19662184e-01 1.48543763e+00 1.47465861e+00 1.84249520e+00
    1.25501716e+00 1.29621768e+00 -8.34079742e-01 1.39704061e+00
    2.22306937e-01 -5.57105064e-01 -5.01171470e-01 7.57246673e-01
    2.22201139e-01 -2.94873476e-01 -6.38144374e-01 6.42900586e-01
    1.55490685e+00 1.61684704e+00 1.00357270e+00 1.19703507e+00
    7.46524394e-01 8.16587269e-01 5.86156249e-01 1.81832635e+00
    1.07143617e+00 -3.93973142e-01 1.56187558e+00 1.17284572e+00
    -3.86993557e-01 -1.76633745e-01 3.14695686e-01 9.06774759e-01
    -4.61497992e-01 1.94331086e+00 8.86373222e-01 -6.55537724e-01
    1.10128450e+00 1.45267165e+00 -7.32338190e-01 3.25968146e-01
    1.28153718e+00 6.27173305e-01 1.62892914e+00 4.69085306e-01
    4.92661923e-01 -1.00113600e-01 1.81880391e+00 -4.46091771e-01
    -2.96991408e-01 1.42048454e+00 1.15794599e+00 1.99980521e+00
    1.37590408e+00 -6.20553851e-01 5.36954820e-01 8.90544355e-01
    5.91342151e-01 8.84434357e-02 8.63781214e-01 1.25005853e+00
    -8.99988294e-01 9.54576969e-01 -4.94580716e-01 1.57460177e+00
    1.70571327e+00 -2.83715576e-01 5.15656888e-01 1.70606875e+00
    5.24688065e-01 -2.49688715e-01 1.53403080e+00 -2.26659834e-01
    1.69714141e+00 1.11885488e+00 -8.75443935e-01 1.21735847e+00
    7.80084848e-01 2.57231683e-01 1.08002460e+00 7.57195771e-01
    1.05775535e+00 1.37962914e+00 -3.84233415e-01 8.02883878e-02
    -5.38731933e-01 1.35068250e+00 1.74928939e+00 3.15574318e-01
    4.58163679e-01 8.53167236e-01 1.07045615e+00 9.49141502e-01
    1.87020504e+00 1.35041547e+00 -7.79748082e-01 9.70459223e-01
    3.28269899e-01 1.90402281e+00 -1.52459905e-01 5.85476995e-01
    3.73376906e-02 5.53058326e-01 1.64139643e-01 -3.69036198e-02
    6.13279641e-01 -4.09682900e-01 1.81496263e+00 1.01046003e-01
    3.34207028e-01 1.33764446e-01 6.90621674e-01 4.54098254e-01
    1.48249850e-01 3.66899490e-01 1.74030268e+00 -5.94850898e-01
    1.58228385e+00 4.70078439e-01 7.13738561e-01 9.07810390e-01
    1.13313329e+00 -7.86687434e-01 1.22484219e+00 1.15317512e+00
    6.17417336e-01 1.65610540e+00 1.97949871e-01 1.84085894e+00
    -7.13642776e-01 6.55506402e-02 -8.30932736e-01 -6.90646231e-01
    1.89044285e+00 1.14512122e+00 8.55315328e-01 1.65311122e+00
    1.11620033e+00 -7.46298611e-01 1.89987636e+00 1.58394766e+00
    -3.17153662e-01 3.03352088e-01 1.78855920e+00 1.77587569e+00
    -8.67008686e-01 4.21864212e-01 1.25241148e+00 4.83286679e-02
    -9.65500921e-02 -5.38973868e-01 5.71065128e-01 4.87312287e-01
    1.39810014e+00 -8.53460908e-01 4.77633387e-01 -5.97476184e-01
    -1.21422313e-01 -8.50167274e-01 6.46032453e-01 1.53371975e-01
    5.74083745e-01 -2.48120800e-01 8.72986972e-01 -5.05033433e-01
    -7.56272078e-01 1.22543335e+00 -7.80702531e-01 1.76630545e+00
    9.16971445e-01 1.88335979e+00 -4.74789105e-02 1.08029878e+00
    2.30476141e+00 1.15328741e+00 1.44948173e+00 7.81377316e-01
    7.12802529e-01 1.50258446e+00 -2.31143475e-01 1.14029276e+00
    1.01373935e+00 1.47844210e-01 1.75596988e+00 1.02998674e+00
    1.68849146e+00 -3.61055017e-01 1.70147610e+00 7.24801779e-01
    1.27210248e+00 7.39890277e-01 2.06097174e+00 7.31962621e-01
    4.32205722e-02 -3.21481586e-01 1.68680716e+00 9.66789067e-01
    -1.22492619e-01 1.44478822e+00 -3.20804119e-01 1.35085785e+00
    -3.53870183e-01 3.74286652e-01 1.15205012e-01 1.08917534e+00
    1.63378882e+00 1.17009294e+00 1.55028636e-02 5.19085974e-02
    -1.44231409e-01 -7.29996711e-02 4.74736243e-01 1.18820345e+00
    1.34386027e+00 -3.34240675e-01 -6.40703440e-01 3.99954654e-02
    -1.04992902e+00 1.41606152e+00 1.24561810e+00 7.68419564e-01
    -6.73369408e-01 -6.91478670e-01 9.00025189e-01 -6.15480661e-01
    1.26145673e+00 -8.88227940e-01 1.07426929e+00 1.64167070e+00
    1.38280606e+00 1.23489177e+00 2.57359475e-01 6.43986404e-01
    -5.61214149e-01 -9.30843174e-01 6.05444610e-01 -2.59098828e-01
    1.60734427e+00 -5.75689495e-01 1.89150381e+00 -4.39412296e-01
    4.76487428e-01 -1.41493723e-01 4.33730334e-02 -2.01307535e-02
    6.09591961e-01 1.02422965e+00 -2.51891673e-01 -5.39145172e-01
    -2.87985176e-01 1.94425666e+00 1.59251344e+00 -5.61341465e-01
    -2.57162631e-01 -9.61157322e-01 2.90188640e-01 1.25489116e+00
    6.67048573e-01 4.63774770e-01 1.04553282e-01 -9.49757397e-01
    -8.93540621e-01 9.85662878e-01 -2.55586237e-01 1.63225189e-01
    -1.32872760e-01 1.65035725e+00 1.72302699e+00 9.78894114e-01
    -4.47388381e-01 6.38878822e-01 1.89001048e+00 -3.76853913e-01
    1.79307330e+00 1.50717294e+00 1.70914257e+00 5.71552336e-01
    -2.51147807e-01 1.44559062e+00 -3.61008048e-01 1.75822186e+00
    -6.62713051e-01 1.19141591e+00 4.57102895e-01 1.80717063e+00
    9.95249331e-01 1.56755376e+00 -9.65026498e-01 -9.22328711e-01
    -7.59135187e-01 1.02273300e-01 -7.84726620e-01 1.82425165e+00
    8.68038386e-02 -6.03010297e-01 -1.99191064e-01 8.62375259e-01
    7.21990824e-01 1.01079166e+00 1.26425600e+00 1.88249564e+00
    -6.47952408e-02 -7.21841395e-01 1.10752571e+00 4.41463321e-01
    1.85453606e+00 1.47080481e+00 1.40291882e+00 1.39428675e-01
    -9.42467332e-01 1.75557733e+00 -6.33063838e-02 1.61109066e+00
    1.60367012e+00 1.18634140e+00 -4.03618217e-01 9.57156003e-01
    -8.47005919e-02 1.56255651e+00 -6.44050777e-01 -2.83032835e-01
    1.40922046e+00 1.64385593e+00 1.36326814e+00 -3.96834463e-01
    -7.07739770e-01 1.68899512e+00 1.77869177e+00 1.65261078e+00
    5.97594857e-01 -3.53708178e-01 -7.46131837e-01 -2.91161954e-01
    1.46038532e+00 -9.89665031e-01 1.69329047e+00 1.50288022e+00
    1.18566990e+00 3.56171280e-01 6.69338882e-01 -1.86552659e-01
    -9.33134377e-01 -5.28435171e-01 -8.84514153e-02 6.71164274e-01
    1.00822294e+00 9.50022578e-01 1.78999472e+00 1.34726179e+00
    1.35371640e-01 -5.04787385e-01 1.34620273e+00 -3.09472270e-02
    -8.93815279e-01 4.04933870e-01 -5.73603630e-01 1.13550246e+00
    8.94231737e-01 8.55614722e-01 1.13776767e+00 1.37625408e+00
    -3.98157835e-01 1.46677160e+00 7.25391090e-01 1.80918610e+00
    1.30987692e+00 -6.43023193e-01 1.43538547e+00 7.92020977e-01
    -6.33237511e-02 6.00027025e-01 8.27623129e-01 1.61880314e+00
    -4.96236563e-01 -3.98765445e-01 -4.15480316e-01 7.37528980e-01
    6.46526754e-01 2.97816813e-01 1.83653283e+00 5.56435585e-01
    9.04665649e-01 -8.21024254e-02 2.49403805e-01 1.74547184e+00
    -4.37861562e-01 -7.30939567e-01 -9.64274183e-02 1.48678768e+00
    -7.07041383e-01 7.49963701e-01 2.94091165e-01 1.44211555e+00
    -8.61640573e-01 1.41946626e+00 -8.45128715e-01 4.78543788e-01
    1.68998763e-01 2.71985352e-01 9.49183762e-01 1.83730602e+00
    9.65538144e-01 2.17348039e-02 5.54418743e-01 -3.07527244e-01
    2.01312155e-01 -2.28865355e-01 -5.35377264e-01 6.14466608e-01
    -8.85598585e-02 1.29152858e+00 7.37614408e-02 6.99044108e-01
    3.82169157e-01 8.22619945e-02 1.23619163e+00 -3.08910906e-01
    4.25917983e-01 4.68107253e-01 1.57152164e+00 6.01856470e-01
    -1.50573894e-01 -2.81323642e-01 -6.07472241e-01 4.48301315e-01
    -3.77460331e-01 -6.61522001e-02 5.23029221e-03 1.06157266e-01
    -3.65146488e-01 3.61011982e-01 4.87489641e-01 -1.81512758e-01
    1.19728744e+00 1.87864327e+00 2.42757216e-01 5.26895165e-01
    -6.55893624e-01 -3.86557221e-01 3.35427850e-01 1.51026344e+00
    -7.59380683e-02 1.72232771e+00 7.29101539e-01 -2.32964635e-01
    1.56437695e+00 1.79394376e+00 -2.41224989e-01 -9.20514524e-01
    -1.25310987e-01 7.21355751e-02 1.23246945e-02 1.29857516e+00
    -2.61399716e-01 -8.85751367e-01 1.69639015e+00 7.49652743e-01
    -5.39527595e-01 9.18887794e-01 6.17846906e-01 7.06476271e-01
    1.48461914e+00 -4.49116588e-01 1.52075195e+00 1.80050421e+00
    9.74420190e-01 3.96127492e-01 3.28574300e-01 1.73015475e-01
    1.52820778e+00 1.36807060e+00 5.84882081e-01 -5.35810530e-01
    1.09462750e+00 -9.52607214e-01 -1.04765189e+00 -8.42500508e-01
    4.87406462e-01 -9.98350263e-01 1.48489511e+00 1.28092253e+00
    1.33418071e+00 4.01557118e-01 -4.89873946e-01 5.34361720e-01
    -4.80790824e-01 -4.01967056e-02 2.06379580e+00 -2.62558401e-01
    -2.87403613e-01 5.03257476e-02 -2.68080086e-01 8.34829152e-01
    1.85814416e+00 -1.39285266e-01 2.74632126e-01 1.98237777e-01
    -2.38114253e-01 9.61248100e-01 2.62482047e-01 4.41516191e-01
    5.35825551e-01 -6.78480685e-01 2.70387232e-01 5.57966411e-01
    1.47587717e+00 1.54214787e+00 -6.08471632e-01 1.09431291e+00
    1.11895144e+00 9.89936948e-01 5.16267538e-01 1.15145290e+00
    1.08667994e+00 5.82824171e-01 -8.06926906e-01 1.48122275e+00
    4.65753675e-01 1.14312351e+00 1.03812325e+00 6.33667886e-01
    1.63794625e+00 1.23387516e+00 -8.16386819e-01 1.68863213e+00
    1.21924436e+00 1.33789325e+00 -9.48407233e-01 1.26615214e+00
    4.43165332e-01 6.33671045e-01 -6.65558457e-01 3.64990026e-01
    -9.61836696e-01 -8.66092369e-02 7.82548308e-01 1.22037053e+00
    -1.60915665e-02 1.23366117e+00 1.50285017e+00 -4.68457878e-01
    1.25278270e+00 1.45902920e+00 6.96750343e-01 1.66213119e+00
    4.97602284e-01 -1.58056960e-01 1.87623870e+00 -2.75323749e-01
    5.68350315e-01 2.42710844e-01 -8.69090736e-01 1.60635996e+00
    1.92408931e+00 1.36597604e-01 1.10530794e+00 6.66597933e-02
    -6.16532981e-01 -6.06995761e-01 -6.13225698e-01 -7.81971961e-03
    9.39727366e-01 -1.30642205e-01 5.93962818e-02 -7.73558199e-01
    1.61782992e+00 1.45553207e+00 -1.33841559e-01 6.18607819e-01
    -2.03604296e-01 7.37323463e-01 6.41709626e-01 1.13303995e+00
    1.38938808e+00 -1.33137733e-01 -7.97669470e-01 -8.98392618e-01
    5.40122986e-01 -8.88170779e-01 -5.39514661e-01 1.90583587e+00
    1.50544143e+00 6.64239764e-01 -5.35495400e-01 -3.48591149e-01
    -2.17538968e-01 5.00707507e-01 8.20033789e-01 1.82315826e+00
    -7.36318052e-01 -7.78523445e-01 2.97404706e-01 1.19310963e+00
    1.34619009e+00 -5.34104288e-01 1.62439239e+00 -5.98484933e-01
    8.89991879e-01 1.40299392e+00 1.17248583e+00 4.08005387e-01
    4.61380631e-01 -8.44125867e-01 1.22996785e-01 -1.26255974e-01
    1.35254347e+00 -8.04194808e-01 -8.96727502e-01 -9.05748248e-01
    -6.31619394e-01 -5.57249784e-01 9.07144725e-01 -2.17281114e-02
    1.19546843e+00 -5.58821619e-01 -2.12053344e-01 -7.85093188e-01
    1.61263514e+00 -6.67939901e-01 -1.33890063e-01 1.24894106e+00
    -7.32766539e-02 1.34378278e+00 -7.52513349e-01 -1.17386281e-01
    8.08648705e-01 -5.47901541e-02 -2.10466117e-01 -5.17892540e-01
    1.69838476e+00 6.55083239e-01 -3.94068271e-01 1.43580997e+00
    -4.91468489e-01 -8.03137422e-01 7.37967715e-02 5.27601719e-01
    2.59297490e-01 1.59672916e+00 -8.85127544e-01 3.95148754e-01
    -6.91899180e-01 1.83975577e+00 -2.04323784e-01 7.88589597e-01
    4.87150788e-01 3.78265291e-01 -3.64682615e-01 1.51801014e+00
    -1.48656726e-01 1.37108362e+00 5.17046116e-02 -6.56851709e-01
    -3.63695443e-01 -7.38027036e-01 1.27354467e+00 1.54644132e+00
    1.72720325e+00 7.31469452e-01 -5.85551672e-02 1.03136361e+00
    5.68129182e-01 1.98293459e+00 5.69621265e-01 9.08714771e-01
    1.35336292e+00 6.20922565e-01 -5.79727590e-01 1.03832209e+00
    1.42170191e+00 1.89167857e+00 -2.20812052e-01 -7.41674080e-02
    1.39984906e+00 6.76537216e-01 7.63394833e-02 -3.70871425e-01
    3.67374241e-01 -8.73540789e-02 2.14995340e-01 8.25350881e-01
    1.51984143e+00 1.71914172e+00 6.04818344e-01 8.58312488e-01
    6.86994076e-01 8.53718817e-01 -2.06034437e-01 -6.61413193e-01
    6.41308546e-01 -6.72854364e-01 -1.43033952e-01 1.13024247e+00
    7.26021111e-01 1.34166777e+00 2.90140044e-03 9.12380874e-01
    1.76014793e+00 -6.30259275e-01 7.22870305e-02 6.89276576e-01
    -2.80231476e-01 -4.11206841e-01 1.32011950e+00 7.69220367e-02
    3.52571577e-01 -5.99285327e-02 -6.39433980e-01 1.74800539e+00
    -2.56013036e-01 -2.44030282e-02 -4.02930468e-01 9.70203161e-01
    8.00607979e-01 -7.86269426e-01 9.28351998e-01 1.56535459e+00
    3.64089787e-01 -6.41817629e-01 3.72782797e-01 -6.32441461e-01
    1.43115830e+00 6.77241206e-01 -2.97754198e-01 -2.78735250e-01
    1.61021936e+00 1.78246760e+00 1.57849109e+00 1.53554738e+00
    8.61943245e-01 1.33746350e+00 -1.55270144e-01 7.18993783e-01
    1.58863616e+00 1.73284078e+00 1.72098255e+00 1.13702774e+00
    1.23867404e+00 -3.78621608e-01 2.80390620e-01 9.60135162e-01
    -7.50864148e-01 1.23092246e+00 9.14774895e-01 -7.26647258e-01
    8.03134561e-01 1.22421110e+00 -3.42502564e-01 7.32988536e-01
    -6.47400141e-01 1.09152305e+00 1.21996844e+00 1.36013710e+00
    -6.58008635e-01 -6.66498184e-01 1.60139751e+00 5.20491242e-01
    1.70719385e+00 1.11033845e+00 3.95265877e-01 1.82650518e+00
    1.05449402e+00 1.94735730e+00 2.84166336e-01 -4.68222052e-01
    3.47595736e-02 1.76825356e-02 2.83546418e-01 -4.10408109e-01
    -7.44523406e-02 -6.69065714e-01 -5.59680045e-01 -1.92504644e-01
    -8.33311200e-01 9.75413084e-01 1.99562907e-01 1.63125527e+00
    -6.85749710e-01 9.52734724e-02 -2.86967218e-01 -5.74865282e-01
    1.02033722e+00 1.47491407e+00 5.50960541e-01 1.61529332e-01
    8.45130265e-01 1.54426622e+00 -8.96722972e-01 -3.32158267e-01
    1.41662717e+00 8.50097016e-02 -2.19178230e-01 -7.85248697e-01
    -3.44879806e-01 1.22474146e+00 -7.41180256e-02 -3.53189677e-01
    1.49313629e+00 6.38616741e-01 -2.13504974e-02 1.57883978e+00
    1.89000034e+00 1.82435811e+00 1.19921076e+00 4.34688181e-01
    4.62889411e-02 1.19019330e+00 1.19287241e+00 -2.06404582e-01
    1.10464585e+00 -1.37900025e-01 -1.69436440e-01 6.36108041e-01
    -9.42286775e-02 -3.92254949e-01 1.69951189e+00 1.12858641e+00
    1.98268437e+00 1.40612435e+00 -3.71802688e-01 -4.31467921e-01
    -6.96664155e-01 1.74600708e+00 1.32558417e+00 3.79468322e-01
    1.80515552e+00 -6.09095514e-01 -1.91295534e-01 -4.42119390e-01
    1.51049852e+00 1.90923977e+00 2.19099045e-01 1.83035624e+00
    -6.84721470e-01 6.23389304e-01 -8.76736462e-01 5.66644847e-01
    7.82745004e-01 3.40264469e-01 7.18138397e-01 1.19450641e+00
    4.72595721e-01 -3.90201092e-01 -5.91573417e-01 -2.13648781e-01
    -7.71180212e-01 9.21175182e-01 1.50042224e+00 -3.67456138e-01
    8.26809227e-01 -9.05836761e-01 1.11576974e+00 -9.61731315e-01
    2.90119380e-01 9.10683274e-01 -6.23208880e-01 6.61753058e-01
    1.66075468e+00 1.25611126e+00 1.17322648e+00 8.00008118e-01
    1.45687032e+00 8.46613884e-01 1.75890970e+00 1.87265968e+00
    6.63429439e-01 -1.76715553e-01 1.74411011e+00 1.29712093e+00
    1.70522094e+00 3.72023851e-01 -2.97109157e-01 1.50569692e-01
    8.68430555e-01 1.28177965e+00 3.52509230e-01 1.36837697e+00
    3.92123640e-01 2.01731831e-01 8.57942402e-01 -8.29712629e-01
    -4.91408318e-01 -2.51655094e-02 1.15244484e+00 5.30829489e-01
    8.23078513e-01 -7.17557073e-01 2.64000565e-01 1.22486210e+00
    -8.74502212e-02 6.84365332e-01 6.87735915e-01 -1.28837392e-01
    -9.55563426e-01 2.37620369e-01 1.40266633e+00 -1.56142682e-01
    1.96702945e+00 2.80036539e-01 1.88791060e+00 -4.45078552e-01
    -8.97577584e-01 2.79700428e-01 1.10276961e+00 1.38189483e+00
    9.80071723e-01 3.97642165e-01 7.77308047e-01 1.01345336e+00
    1.92381299e+00 -6.56750798e-01 -9.46748435e-01 -4.07186657e-01
    6.71958745e-01 -1.35847107e-01 8.57416317e-02 -2.38437146e-01
    -2.99339563e-01 -7.33062685e-01 1.78729355e+00 1.61726093e+00
    8.87366891e-01 1.26373410e+00 1.21384561e+00 -2.05321029e-01
    -6.93170786e-01 -1.80352718e-01 9.39613581e-01 1.93323922e+00
    1.39687312e+00 -4.21560735e-01 1.46509993e+00 -6.06350303e-01
    1.68400192e+00 7.14621469e-02 1.69749629e+00 2.87418902e-01
    1.18309581e+00 3.59246939e-01 2.29877067e+00 -4.05224025e-01
    6.45614982e-01 1.96976602e+00 5.18601894e-01 1.76428843e+00
    2.19076127e-01 1.63864994e+00 7.50829756e-01 2.27769539e-01
    -1.69157892e-01 8.43973398e-01 3.18077326e-01 9.66964424e-01
    -8.13421160e-02 -1.94897860e-01 -4.30427864e-02 -5.89725785e-02
    -7.16956675e-01 -5.48172176e-01 -1.12486906e-01 7.11894751e-01
    -6.17867649e-01 7.70422339e-01 -1.45870626e-01 4.85800833e-01
    1.53291178e+00 9.37777817e-01 -7.92481184e-01 8.55382681e-01
    9.51293468e-01 1.57906413e+00 1.53132176e+00 -4.85936165e-01
    1.34029222e+00 9.90014553e-01 9.80920315e-01 -4.43327695e-01
    8.53329957e-01 -3.53209853e-01 -7.19510987e-02 -3.52142572e-01
    1.06480193e+00 5.69760978e-01 1.14060022e-01 1.09399545e+00
    1.32150519e+00 -5.42704999e-01 1.14976513e+00 -1.06280275e-01
    4.27608013e-01 5.73611975e-01 6.35654390e-01 -6.49468482e-01
    1.07917106e+00 -8.61291885e-01 4.55856234e-01 8.09765339e-01
    -7.91596889e-01 1.33779490e+00 4.15098667e-01 -2.58159250e-01
    5.08714855e-01 -2.89064527e-01 -6.12850606e-01 -5.29190004e-02
    1.83549929e+00 -5.93544245e-02 -4.87038910e-01 9.87924695e-01
    1.23717546e-01 2.54387230e-01 -6.46834001e-02 1.10427010e+00
    -4.89192575e-01 7.96705544e-01 2.18247488e-01 1.84869134e+00
    -4.09030467e-02 7.23344803e-01 7.88954496e-01 -5.48224568e-01
    -4.69208896e-01 1.77986372e+00 8.30634311e-03 1.65693426e+00
    2.52027303e-01 5.26960731e-01 2.59696275e-01 1.55837727e+00
    1.18954587e+00 9.52719569e-01 1.75601900e+00 -5.15576243e-01
    -1.02844574e-01 7.48231888e-01 -4.14831311e-01 1.34708273e+00
    -1.19092181e-01 -1.12174124e-01 -9.19153214e-01 4.85685170e-01
    1.63158023e+00 4.67088580e-01 3.21196795e-01 3.67377669e-01
    1.60491264e+00 1.97252035e-01 8.81826341e-01 -7.51380146e-01
    5.66093445e-01 1.19830596e+00 1.38846546e-01 2.93046683e-01
    1.51409090e+00 -1.60790816e-01 -4.86721145e-03 1.13191709e-01
    1.08872247e+00 1.39274037e+00 1.34234810e+00 7.32621431e-01
    -7.52396166e-01 -2.64112949e-01 -8.80820751e-01 1.34906197e+00
    5.10163844e-01 1.74760687e+00 -5.33184409e-01 1.89522195e+00
    1.04758549e+00 -1.07598186e-01 1.90283728e+00 4.42589045e-01
    -2.26962313e-01 1.72586334e+00 1.74291864e-01 -8.58453751e-01
    6.21642172e-01 1.31554708e-01 8.02837908e-01 9.64762986e-01
    -7.13309288e-01 -2.59600461e-01 1.62636626e+00 -2.37948060e-01
    1.79181635e+00 1.81540918e+00 8.02037179e-01 -2.99130231e-01
    -2.18520075e-01 3.97744805e-01 1.91185260e+00 7.33037055e-01
    -9.02091444e-01 1.56195474e+00 -4.15252447e-02 5.67559481e-01
    1.27049649e+00 -9.40850735e-01 1.74007821e+00 4.40208703e-01
    1.68477571e+00 5.92079043e-01 1.83149445e+00 -4.62941080e-01
    1.83111644e+00 1.00598529e-01 -8.22757244e-01 -3.22686464e-01
    7.45423794e-01 5.66731572e-01 1.16031706e+00 1.91891348e+00
    -9.51588631e-01 1.05166054e+00 -3.31136703e-01 1.17011142e+00
    9.15903151e-01 6.28033653e-02 -6.22800767e-01 -5.93088925e-01
    -5.36450207e-01 1.36581075e+00 1.22287941e+00 -1.83648273e-01
    1.33829939e+00 1.07075584e+00 5.31448722e-01 4.50834274e-01
    1.00863779e+00 1.44362676e+00 1.87946415e+00 -1.93864703e-01
    1.43146649e-01 1.63347495e+00 -1.46174967e-01 -6.53332353e-01
    1.60345644e-01 -3.90024036e-02 7.70069599e-01 -9.36381042e-01
    2.89355099e-01 1.79400706e+00 1.86082518e+00 9.03840065e-01
    5.82609653e-01 -1.60832882e-01 1.64794660e+00 8.78823400e-01
    7.67797709e-01 1.55595139e-01 -2.12514117e-01 5.47106445e-01
    1.57286823e+00 1.05138850e+00 -3.21027368e-01 -6.29487168e-03
    1.12713948e-01 1.61521125e+00 3.64309758e-01 -4.57775176e-01
    -1.84565261e-01 6.30122572e-02 1.75560164e+00 7.62835324e-01
    8.47335994e-01 1.10864222e+00 1.41859210e+00 5.29402792e-01
    1.55881000e+00 4.35708106e-01 6.12201810e-01 -2.81461656e-01
    9.86082792e-01 1.74677181e+00 1.85581133e-01 1.80601752e+00
    -3.25310022e-01 7.93983877e-01 3.33921254e-01 -7.64719725e-01
    -6.85187042e-01 1.47247696e+00 1.25976610e+00 1.31731880e+00
    -3.80176991e-01 5.49377263e-01 5.59172809e-01 -6.25262499e-01
    -1.58253089e-01 1.29212689e+00 1.53595483e+00 3.21508676e-01
    1.16230905e+00 -1.55846581e-01 -3.08363795e-01 -3.06505084e-01
    4.02335882e-01 8.22968721e-01 8.25823367e-01 -8.15696895e-01
    7.41004348e-01 4.03433442e-01 5.57638168e-01 1.60905266e+00
    3.01304638e-01 3.56003463e-01 8.08863521e-01 6.87034070e-01
    -7.44122446e-01 4.67190333e-02 1.74084687e+00 -2.89364934e-01
    -6.93550885e-01 1.58734536e+00 1.15559828e+00 -3.62997383e-01
    1.73215139e+00 -4.46463227e-01 -5.50270140e-01 7.06276357e-01
    -4.74840045e-01 6.02352977e-01 9.63030577e-01 -3.43349665e-01
    9.72281694e-01 3.55656594e-01 -2.34792009e-01 4.48006660e-01
    1.00610363e+00 -3.76107275e-01 9.46849763e-01 1.21831536e+00
    -2.81209022e-01 9.17091131e-01 4.69579995e-01 -6.49161413e-02
    1.23902380e+00 1.17859018e+00 1.73358464e+00 1.88084316e+00
    1.45891201e+00 1.85761678e+00 1.71799314e+00 1.73552525e+00
    1.02768970e+00 1.51655555e+00 1.92009950e+00 1.33742225e+00
    9.58107829e-01 -8.52518439e-01 -7.99413979e-01 2.02821112e+00
    -5.11334896e-01 -3.76989901e-01 1.62672978e-02 2.00612228e-02
    6.04992092e-01 1.54382145e+00 1.83827376e+00 7.48501956e-01
    3.62827480e-01 1.53574383e+00 1.31438613e+00 1.13826013e+00
    1.31265402e+00 1.88282847e+00 1.57353091e+00 1.22933841e+00
    6.56859398e-01 1.18511319e+00 -2.43361548e-01 5.97751021e-01
    -5.84155619e-01 -3.80558699e-01 6.76494002e-01 1.08062840e+00
    1.80034244e+00 8.30868483e-01 4.86169100e-01 -2.37869788e-02
    1.96796930e+00 1.48482537e+00 1.61998451e+00 -7.11065412e-01
    -6.93482235e-02 3.39350313e-01 1.75972670e-01 8.87106135e-02
    6.88481748e-01 7.34328866e-01 -1.04184017e-01 1.85472488e-01
    1.81152165e+00 -6.28813624e-01 -9.07235563e-01 1.19622970e+00
    7.07096279e-01 -5.89712799e-01 1.07894254e+00 1.28371119e-02
    1.42244887e+00 5.99974513e-01 1.72168875e+00 -8.49547148e-01
    6.67660236e-01 1.63845181e+00 3.72806817e-01 -9.25061762e-01
    8.79231274e-01 1.51830816e+00 1.37787431e-01 -5.03006637e-01
    1.96795285e-01 8.42512131e-01 1.96566272e+00 -1.49451733e-01
    5.49680173e-01 -8.82658899e-01 1.53897774e+00 5.35108447e-01
    -5.32993853e-01 -5.40753663e-01 1.79795071e-01 -2.84224182e-01
    5.02848625e-01 -6.26347005e-01 -4.48561400e-01 -1.96672484e-01
    6.14953861e-02 1.27786696e+00 1.82903159e+00 5.64579666e-01
    1.10434520e+00 -9.35518920e-01 5.83035171e-01 8.25839564e-02
    -7.68089354e-01 5.61207980e-02 -3.87390822e-01 1.07239103e+00
    6.65734112e-01 -5.66914618e-01 1.69123280e+00 2.71922857e-01
    9.73870419e-03 1.44786584e+00 7.95756519e-01 -1.96930557e-01
    3.60926986e-01 1.21973407e+00 -6.65161729e-01 2.53078401e-01
    1.13531971e+00 -4.03983772e-01 -9.39523399e-01 1.93442249e+00
    1.11020160e+00 1.96695006e+00 1.50585496e+00 5.73784001e-02
    7.79931009e-01 1.03779531e+00 1.01632726e+00 2.32011631e-01
    -3.11304688e-01 3.64615709e-01 1.22674978e+00 1.12218070e+00
    -3.80109131e-01 -8.79456341e-01 1.50881276e-01 1.79266417e+00
    5.04620850e-01 -3.20698500e-01 1.21661437e+00 -2.25783467e-01
    1.21593344e+00 1.99138060e-01 -8.33492756e-01 1.52401292e+00
    3.37599903e-01 1.81041861e+00 3.00521106e-01 9.34690535e-01
    -1.47961155e-01 1.37580752e-01 6.18307889e-01 9.37144995e-01
    6.16998374e-01 -8.54747951e-01 -1.47621796e-01 1.02016163e+00
    1.50705206e+00 3.59224379e-01 1.13015199e+00 4.23399717e-01
    -1.26640787e-02 -3.07916880e-01 1.83953273e+00 8.86557281e-01
    5.40631831e-01 1.31389713e+00 1.26747751e+00 1.91784477e+00
    4.51867789e-01 6.43913567e-01 8.04033518e-01 -8.65318835e-01
    -5.25301516e-01 9.33912873e-01 5.75456738e-01 -1.35668620e-01
    1.12417006e+00 -7.83814967e-01 1.89680099e+00 1.64222395e+00
    6.81292295e-01 8.46460044e-01 -6.38043225e-01 1.73534468e-01
    3.34475756e-01 1.61063218e+00 -1.00562608e+00 4.55514491e-01
    1.04754984e+00 1.68517447e+00 -6.01316392e-01 8.13215137e-01
    -2.23713607e-01 9.17764544e-01 1.62210321e+00 -2.89214104e-01
    1.20840073e+00 8.15145764e-03 -8.90891552e-01 7.65893981e-02
    -7.86157884e-03 -1.39398202e-01 8.16465974e-01 1.35831320e+00
    -6.47207975e-01 1.76048505e+00 7.45058060e-01 7.91166902e-01
    3.14248413e-01 1.31924546e+00 4.03284371e-01 -7.54149914e-01
    1.08115721e+00 1.22137427e+00 7.52833009e-01 5.19240856e-01
    6.84942484e-01 1.75866807e+00 1.91708410e+00 1.67529011e+00
    -6.90015495e-01 3.73258859e-01 -1.70040146e-01 1.72327440e-02
    1.28420377e+00 8.29054594e-01 5.99419594e-01 1.58013225e+00
    -7.72385895e-01 3.13713580e-01 -4.81010318e-01 1.00748420e+00
    4.34954226e-01 -4.81894463e-01 1.91604328e+00 1.14911962e+00
    1.31221485e+00 1.25592268e+00 1.32252380e-01 -1.50372282e-01
    1.98356986e+00 -7.68711686e-01 4.34880883e-01 7.74402559e-01
    -2.17046574e-01 -2.60388494e-01 8.90698314e-01 1.06435156e+00
    -8.77333581e-01 4.66120213e-01 -5.29658794e-01 1.61417353e+00
    1.83904314e+00 -6.92546189e-01 9.30959821e-01 3.85992706e-01
    1.43998671e+00 -6.22251295e-02 -9.54883814e-01 -3.89486402e-01
    -8.00071657e-02 9.49081719e-01 9.90543008e-01 1.80928373e+00
    -4.10520881e-01 -8.89931738e-01 6.15128934e-01 -1.02148926e+00
    1.66891301e+00 7.83718765e-01 -4.11824465e-01 9.35343146e-01
    9.65698361e-01 -7.17140377e-01 -5.51120460e-01 6.43902481e-01
    2.84166764e-02 7.07369864e-01 1.28729784e+00 1.56149495e+00
    1.42151701e+00 -2.84687132e-01 7.78720140e-01 -5.34578383e-01
    8.89103770e-01 -2.64599293e-01 -2.96595514e-01 -1.02887475e+00
    2.03066170e-02 1.82506585e+00 3.19960825e-02 2.73507923e-01
    -4.07494366e-01 -5.70827425e-01 1.18709922e+00 -7.61454776e-02
    3.96936238e-01 5.89843750e-01 -9.06014204e-01 -9.65736985e-01
    4.93428290e-01 1.33897746e+00 1.56045377e+00 1.65273058e+00
    -7.15827525e-01 -4.89232004e-01 1.35660350e+00 1.52374220e+00
    1.05511582e+00 1.87153900e+00 1.88898897e+00 1.54383862e+00
    -1.22680515e-02 -1.81376830e-01 8.75996053e-03 1.17776930e+00
    1.62702501e+00 -1.84188187e-01 -9.15205657e-01 -6.41179532e-02
    1.62562776e+00 1.38073552e+00 8.30371916e-01 1.44197866e-01
    1.50318408e+00 1.60926893e-01 1.15024054e+00 4.86784965e-01
    -6.03702009e-01 5.50769091e-01 -1.61485985e-01 1.19068885e+00
    1.22180796e+00 3.40667665e-01 1.57338285e+00 -4.11510229e-01
    3.04524839e-01 2.15004265e-01 -7.80090392e-01 7.77962446e-01
    -8.76194298e-01 2.76525393e-02 3.34371686e-01 -3.90714765e-01
    -5.47003865e-01 -7.96115935e-01 1.60233963e+00 -7.57500470e-01
    -6.21380806e-01 1.64969730e+00 -4.56286669e-01 1.24168016e-01
    -8.25202882e-01 8.93445969e-01 6.76385090e-02 -1.75278813e-01
    1.70562398e+00 -7.29062140e-01 -1.74418658e-01 -1.07422732e-01
    -5.88669837e-01 -7.70070434e-01 -7.31585860e-01 -6.24266624e-01
    -3.03604424e-01 1.87125218e+00 2.30065942e-01 3.02474618e-01
    1.66662657e+00 -8.54189098e-01 1.15883160e+00 -2.85533965e-01
    1.96596992e+00 7.78726816e-01 1.84095168e+00 -7.36892819e-01
    1.70091820e+00 -7.78947920e-02 1.11238158e+00 -5.14261365e-01
    1.08410978e+00 -8.22018743e-01 2.19751876e-02 1.57662141e+00
    6.48554802e-01 1.79675853e+00 -6.08886421e-01 1.35024726e+00
    -7.47351050e-01 7.43902773e-02 -6.57209516e-01 -9.41048443e-01
    -6.43817127e-01 -2.81002253e-01 1.06871378e+00 4.94491011e-01
    6.69768393e-01 -2.65702277e-01 -5.84775031e-01 3.38455796e-01
    1.14056706e+00 -6.16297066e-01 -6.83709443e-01 6.50354385e-01
    1.37240455e-01 6.39558434e-02 -4.87361103e-01 3.69878531e-01
    1.40353060e+00 -2.74851084e-01 -5.19458473e-01 1.06967247e+00
    1.22035182e+00 1.60890043e+00 1.84106374e+00 -9.37421501e-01
    -6.03140652e-01 1.10279238e+00 -2.25515485e-01 1.06080592e+00
    9.09096599e-01 -5.10196865e-01 -1.04745102e+00 6.21737838e-01
    9.05512989e-01 5.92161119e-01 1.37845361e+00 1.13306582e+00
    1.87044907e+00 -6.72032595e-01 -8.47030520e-01 7.19337642e-01
    3.81771266e-01 1.24492359e+00 1.28666615e+00 3.91961588e-03
    4.83427137e-01 -8.63151431e-01 1.16930032e+00 4.76827145e-01
    -4.97545034e-01 -6.43917084e-01 8.35814595e-01 1.37395680e-01
    1.74611139e+00 5.34635633e-02 6.23448730e-01 1.10335720e+00
    -1.02512932e+00 8.78566325e-01 1.64766982e-01 1.62432420e+00
    -8.53923082e-01 8.10020566e-01 3.62811565e-01 1.21045744e+00
    1.63830101e+00 6.56605244e-01 -6.44807220e-01 3.86055291e-01
    -4.70527917e-01 -1.16438083e-01 9.90210295e-01 -1.39126733e-01
    -3.26039284e-01 5.92670124e-03 4.15089220e-01 1.89597115e-01
    7.52487361e-01 7.52808809e-01 1.73921120e+00 -2.82059669e-01
    1.79938018e+00 1.47524416e+00 -3.00658226e-01 -7.68778265e-01
    -3.14266801e-01 3.71114284e-01 -2.87410468e-01 -8.62146318e-02
    1.61882555e+00 5.50327957e-01 1.82054281e+00 5.65922320e-01
    1.11279547e+00 7.71879494e-01 -7.58348584e-01 9.91008401e-01
    1.44712639e+00 8.46351266e-01 -7.68825114e-02 -3.20847929e-01
    -4.75793213e-01 1.69304419e+00 1.19055760e+00 1.33144426e+00
    1.13346577e+00 1.73341167e+00 -6.39093935e-01 1.57632899e+00
    -5.03195897e-02 -5.54737709e-02 -8.71095657e-01 9.62668419e-01
    3.36166620e-01 5.68727493e-01 3.40559781e-01 8.63876462e-01
    1.85636842e+00 1.94698143e+00 8.59944373e-02 -4.13867056e-01
    2.97371179e-01 -1.61087260e-01 1.35755658e+00 -4.18060184e-01
    -1.12582767e+00 2.44395375e-01 5.41587234e-01 -1.92307867e-02
    7.02424049e-01 -7.03387380e-01 -2.53701627e-01 -3.44468325e-01
    -3.56830150e-01 4.21697587e-01 1.68614304e+00 1.01536846e+00
    1.69745409e+00 6.50713027e-01 -5.79523981e-01 1.32899955e-01
    -2.84373853e-02 1.94389069e+00 1.65832937e+00 -6.11658812e-01
    -3.04096729e-01 -4.06505048e-01 -9.49595630e-01 -1.28167138e-01
    1.82915688e-01 1.84684992e+00 1.50054073e+00 3.31833601e-01
    8.74699533e-01 1.46658885e+00 -1.02054071e+00 5.08519173e-01
    5.07445872e-01 1.65974057e+00 -7.75824845e-01 4.30400401e-01
    -5.35546899e-01 1.27016521e+00 4.92376508e-03 1.39769912e+00
    -9.13478792e-01 6.33543670e-01 2.91756302e-01 1.57174215e-01
    1.70577860e+00 1.26419151e+00 1.71945834e+00 7.79526830e-02
    -8.92749906e-01 -9.89716768e-01 1.38847780e+00 5.80452196e-02
    7.86252677e-01 -9.63236868e-01 -7.56928504e-01 1.62656391e+00
    3.98293704e-01 1.75637603e+00 -5.58900893e-01 -9.98531759e-01
    1.30487490e+00 -3.70038182e-01 2.63254583e-01 9.83077466e-01
    -4.41943169e-01 2.28882760e-01 -5.16110957e-01 8.06915581e-01
    1.81226254e+00 1.05934155e+00 -4.96151209e-01 -3.66903901e-01
    1.35767490e-01 1.27985883e+00 4.51683402e-01 1.06183600e+00
    1.29694796e+00 1.26855087e+00 9.02215540e-01 1.62504494e+00
    1.11758184e+00 3.64985734e-01 3.31790745e-01 -8.76831532e-01
    -6.52861238e-01 4.24478382e-01 1.28814459e+00 1.09903097e+00
    -2.17064381e-01 1.70258665e+00 7.25382507e-01 1.50798246e-01
    1.37328279e+00 -2.79719923e-02 -5.26932240e-01 1.63026059e+00
    8.01121116e-01 -1.50689498e-01 1.55482233e+00 -7.22298682e-01
    8.99706841e-01 1.38938737e+00 7.59852707e-01 7.80461788e-01
    -6.91655651e-02 1.78149521e+00 1.86489558e+00 1.68233836e+00
    5.79518437e-01 1.17589188e+00 9.80501056e-01 6.21128500e-01
    -5.94424866e-02 1.74634612e+00 -8.25458467e-01 1.67696702e+00
    5.23547888e-01 1.40134692e+00 1.04928482e+00 -2.31057033e-01
    2.83026956e-02 -5.19462004e-02 1.87189662e+00 -2.71209389e-01
    1.21965098e+00 8.45434189e-01 -6.78115189e-01 9.68925536e-01
    8.14636573e-02 5.24636328e-01 3.00476365e-02 1.20623314e+00
    -4.32518333e-01 3.32617402e-01 1.36875081e+00 6.55156136e-01
    8.47844407e-02 6.21261656e-01 -3.36720139e-01 1.40225301e-02
    6.43224835e-01 -7.90287673e-01 -7.23062336e-01 -8.40929985e-01
    2.61866331e-01 -4.73443151e-01 -8.06979597e-01 1.52364886e+00
    4.31454629e-01 1.18178236e+00 1.06106460e+00 1.47275245e+00
    1.66321898e+00 -1.27928868e-01 3.24265033e-01 1.14789402e+00
    -4.86266464e-02 -7.37711608e-01 1.27259684e+00 -9.80770648e-01
    1.06771278e+00 -2.76680589e-01 6.18668199e-01 8.34441662e-01
    -9.09776926e-01 1.53695548e+00 -2.13110283e-01 -8.41335535e-01
    -6.93285227e-01 3.29528600e-02 -2.50097364e-02 1.24701524e+00
    3.85463178e-01 1.76623845e+00 -3.65061551e-01 1.73490298e+00
    3.29195634e-02 8.42949152e-01 1.30417383e+00 2.00865641e-01
    8.66869986e-01 5.89168608e-01 -2.34082207e-01 -5.66816807e-01
    -3.99568319e-01 1.81993389e+00 1.31208205e+00 -9.77188587e-01
    7.15709448e-01 1.84232080e+00 -5.50719619e-01 1.18773162e-01
    3.42677057e-01 8.62448335e-01 -7.77751625e-01 1.03390181e+00
    9.27315891e-01 1.99819267e+00 -4.21064496e-01 -1.23411477e-01
    -2.12233976e-01 5.50492629e-02 3.07866454e-01 1.95086408e+00
    1.30325162e+00 -1.87238246e-01 -6.61527395e-01 1.56626046e-01
    2.10553765e+00 1.77617061e+00 1.10203254e+00 8.29790831e-01
    1.53714490e+00 1.04647255e+00 1.12599432e+00 2.61417389e-01
    -3.88028771e-02 1.89264989e+00 -9.23272729e-01 -1.46026751e-02
    -2.11062998e-01 -4.68124956e-01 1.37602180e-01 1.96172369e+00
    8.06936324e-01 1.10848629e+00 5.17880082e-01 5.53104579e-01
    1.39699745e+00 1.26062310e+00 2.01816273e+00 1.87586933e-01
    6.12916410e-01 5.65351173e-02 1.34649324e+00 1.39388812e+00
    1.69036937e+00 6.96720302e-01 1.15855122e+00 4.43258226e-01
    -5.75927496e-01 -2.12047156e-02 1.39462316e+00 -2.47753859e-01
    -5.88546872e-01 1.88365412e+00 -4.04060185e-01 -5.18508971e-01
    1.38955629e+00 -3.60694021e-01 6.26955852e-02 -7.83107877e-01
    -4.25318360e-01 8.37151766e-01 -7.15605319e-01 1.32464886e+00
    1.77005148e+00 1.33600819e+00 3.65307450e-01 1.63528872e+00
    -1.81900382e-01 -1.03969514e+00 6.39112890e-01 1.25617683e+00
    1.18636489e+00 9.51535523e-01 1.95655727e+00 1.81307483e+00
    -3.47918004e-01 3.69582891e-01 -6.26854599e-01 4.46560800e-01
    -7.17365503e-01 8.05420995e-01 1.91539741e+00 5.30451201e-02
    1.64293706e+00 1.30047536e+00 -5.21175601e-02 1.72307169e+00
    1.10893774e+00 -6.74115866e-02 -4.30894822e-01 -5.00478923e-01
    1.52272546e+00 -9.94670540e-02 1.41691339e+00 6.20272875e-01
    7.75310993e-01 1.02022398e+00 1.76928356e-01 1.39562857e+00
    1.12549198e+00 -3.83912772e-01 4.07595724e-01 1.87543225e+00
    -8.15770805e-01 -6.14221811e-01 8.49431932e-01 1.71405292e+00
    9.98478174e-01 7.99982667e-01 -7.55472362e-01 1.58723044e+00
    3.75757277e-01 1.16283774e+00 -4.17119771e-01 1.11055744e+00
    2.70252407e-01 1.63395572e+00 1.23208475e+00 -6.87327743e-01
    1.21450663e+00 -1.72142416e-01 1.03837512e-01 1.39943266e+00
    1.39171362e+00 4.64062840e-01 -5.31512678e-01 1.86002636e+00
    8.31386983e-01 3.85192961e-01 -5.35379529e-01 -3.18573207e-01
    1.46972108e+00 4.00737375e-01 -6.11709356e-01 -8.69332314e-01
    8.14668834e-01 1.74546146e+00 -4.75204349e-01 -5.88291407e-01
    -5.25118589e-01 1.06610918e+00 -6.53865561e-02 9.64673579e-01
    1.55731708e-01 -3.56532127e-01 -6.90089464e-01 1.10449553e+00
    8.72922480e-01 -7.24135995e-01 3.74715537e-01 1.72533751e+00
    -3.81133318e-01 -8.20217192e-01 1.17363129e-02 8.47270072e-01
    8.86788547e-01 1.84994054e+00 4.13655728e-01 1.29399765e+00
    -2.87768275e-01 -4.48684484e-01 2.34521795e-02 5.44074059e-01
    1.26840997e+00 1.66242063e+00 -4.86810833e-01 2.28534982e-01
    1.22005868e+00 -1.35878623e-01 7.55723845e-03 1.33187735e+00
    1.65115440e+00 -2.84060299e-01 8.16715240e-01 6.79555416e-01
    7.42994487e-01 -2.81320095e-01 -7.01074123e-01 5.58271348e-01
    1.10405421e+00 6.03634596e-01 -5.52934349e-01 8.34631249e-02
    -8.21007907e-01 -6.70740128e-01 5.34021556e-02 -2.15822294e-01
    -3.37079048e-01 -5.00103295e-01 6.23173296e-01 1.96831548e+00
    4.47453827e-01 -4.62123603e-01 3.90896380e-01 -2.94037223e-01
    1.18259490e+00 1.99864119e-01 4.28698026e-02 1.28237903e+00
    -5.72911724e-02 4.27750081e-01 -5.11730134e-01 1.02558933e-01
    6.36741281e-01 1.35258090e+00 -6.46064103e-01 1.68555284e+00
    4.09639150e-01 2.85520464e-01 -5.19916117e-01 1.94453442e+00
    -4.31804627e-01 1.10604095e+00 5.00506818e-01 1.22296774e+00
    1.48721838e+00 9.30454969e-01 1.33592570e+00 -4.43177968e-01
    -6.44272745e-01 6.49194419e-01 1.33057761e+00 -7.21247435e-01
    1.44136000e+00 -5.95429301e-01 -4.53486830e-01 3.89899611e-01
    1.22620368e+00 1.83792818e+00 5.37497282e-01 -3.34243625e-01
    5.43757021e-01 -4.54696419e-04 -6.47437453e-01 2.19185770e-01
    -1.36454880e-01 -7.11798966e-01 1.49160624e+00 1.55180204e+00
    1.01049685e+00 -7.82159507e-01 1.50215757e+00 5.61080217e-01
    1.48026049e+00 -4.72140133e-01 5.70433497e-01 5.93229353e-01
    6.83664143e-01 1.38845909e+00 1.87954724e+00 -1.25941083e-01
    -2.06898212e-01 4.35947418e-01 1.69800663e+00 -4.41331983e-01
    1.57249475e+00 1.13662362e+00 9.90836799e-01 1.57121170e+00
    1.63487911e+00 1.90086651e+00 -3.39485466e-01 -1.18179187e-01
    6.35743588e-02 2.41071910e-01 3.51728387e-02 -2.26668715e-01
    3.17185938e-01 -6.11867666e-01 -8.35808992e-01 2.67631114e-01
    2.02158785e+00 -1.22493558e-01 8.65591645e-01 1.46780825e+00
    1.85944772e+00 -1.07874505e-01 -1.15194537e-01 3.16247791e-01
    1.10521948e+00 -6.63567901e-01 1.11023939e+00 -7.60209203e-01
    1.43059194e+00 -2.26645842e-01 1.83775723e+00 1.73713195e+00
    5.27768552e-01 1.31926918e+00 7.57434666e-01 2.50725001e-01
    -3.11407328e-01 -9.72468331e-02 6.08938098e-01 -5.84415257e-01
    6.54270768e-01 -7.22979486e-01 -3.29552174e-01 1.13306987e+00
    6.93602800e-01 -8.00477505e-01 -7.66817510e-01 1.45794356e+00
    1.99378192e+00 -8.74160647e-01 8.13833416e-01 -9.04961824e-01
    -3.25908363e-01 1.51655197e+00 1.51923048e+00 1.07778919e+00
    -9.81590375e-02 -5.71666583e-02 1.66939497e+00 -5.76405764e-01
    6.08754814e-01 1.08264744e+00 -4.59652573e-01 1.74925089e-01
    1.69386601e+00 8.29123497e-01 3.00193727e-01 -8.30738485e-01
    3.54697078e-01 1.97408289e-01 1.38214469e+00 8.92643690e-01
    1.60824895e+00 -1.27405999e-02 1.71706069e+00 8.76487553e-01
    -8.20699513e-01 -4.11314934e-01 -3.60605806e-01 -2.31447473e-01
    -3.12176704e-01 -2.59724051e-01 2.02416587e+00 1.74643588e+00
    3.55276257e-01 -2.10868210e-01 -8.29234064e-01 2.47465640e-01
    -1.22398948e-02 1.64263815e-01 -3.84782523e-01 9.23038423e-01
    4.22445536e-01 1.30412042e-01 3.35533500e-01 1.67888105e+00
    7.71308064e-01 3.86068314e-01 -5.15340328e-01 1.19262314e+00
    1.91861510e+00 1.72274268e+00 2.01817945e-01 -3.02557170e-01
    1.01843917e+00 -3.66311610e-01 1.67496055e-01 6.05208874e-01
    5.35320818e-01 1.22552097e+00 -4.62885141e-01 5.44464350e-01
    1.17249355e-01 4.92238104e-01 -1.97032019e-01 1.47133756e+00
    -1.03310965e-01 5.87579489e-01 1.03684747e+00 1.59051406e+00
    8.91769007e-02 1.90749991e+00 1.31175494e+00 1.48910356e+00
    1.32097161e+00 8.68977189e-01 1.23962021e+00 -4.78226393e-01
    1.37326014e+00 1.80089259e+00 1.81110948e-01 4.66366738e-01
    5.67424059e-01 1.40581930e+00 -2.06559047e-01 1.89425504e+00
    -2.59789258e-01 1.63855660e+00 -8.36592555e-01 4.42248493e-01
    1.77930117e+00 1.36130953e+00 1.55508852e+00 -4.27132905e-01
    1.24623156e+00 1.88421297e+00 1.06639005e-01 5.19884467e-01
    1.66664243e+00 1.54744172e+00 -3.49441350e-01 -6.62767947e-01
    9.71362293e-01 1.95210981e+00 9.10820603e-01 6.43559217e-01
    -5.60775936e-01 1.09535062e+00 3.08994561e-01 2.05045676e+00
    1.23364186e+00 2.17762306e-01 -3.70812067e-03 1.19677114e+00
    -3.07685405e-01 1.16122913e+00 1.37291938e-01 -1.86723832e-03
    -2.67496943e-01 -4.24642861e-01 4.64700013e-01 1.15445602e+00
    2.31428556e-02 7.26098299e-01 -1.62326284e-02 -8.83773506e-01
    1.41206217e+00 -1.67710539e-02 1.96788967e+00 4.07369256e-01
    5.49032390e-01 -6.10361040e-01 -7.51601696e-01 -3.46286774e-01
    1.11840034e+00 -5.19173980e-01 1.89712584e+00 -2.19676048e-01
    1.65931213e+00 8.58822346e-01 1.13066196e+00 1.52692065e-01
    1.54995918e+00 1.60967910e+00 1.81357265e+00 8.89463305e-01
    -5.19046411e-02 4.01215971e-01 7.24366963e-01 1.93689489e+00
    9.49365675e-01 -4.74853635e-01 -8.21350038e-01 2.00766993e+00
    -2.13155702e-01 2.08891654e+00 9.52856302e-01 1.29926813e+00
    2.20841691e-02 1.78639412e+00 9.98227954e-01 -3.02471846e-01
    -8.16232443e-01 5.02290368e-01 -4.17792231e-01 1.17367053e+00
    -3.51641208e-01 3.85259926e-01 1.69103253e+00 1.03860326e-01
    6.01712644e-01 2.51762450e-01 1.25848067e+00 -2.85400242e-01
    1.30674958e+00 1.10283875e+00 5.32127738e-01 5.01321219e-02
    3.46676767e-01 1.17628789e+00 1.30906248e+00 5.21295309e-01
    5.05278945e-01 1.66143060e+00 1.21939987e-01 1.68863678e+00
    3.43341708e-01 1.48764896e+00 7.09465802e-01 -8.83078799e-02
    1.30780220e-01 1.70458090e+00 7.81497955e-01 -7.72146404e-01
    -7.32455015e-01 1.40647042e+00 1.16988611e+00 1.72959018e+00
    2.63752520e-01 -4.42877740e-01 9.41370368e-01 1.09262931e+00
    1.71154118e+00 4.66400266e-01 3.42133641e-01 1.74158680e+00
    5.74590862e-01 -6.99043348e-02 -8.25691700e-01 3.51200283e-01
    1.73516273e+00 -2.85340190e-01 -4.84793633e-01 3.08877617e-01
    -1.53479546e-01 7.61109114e-01 -7.63164639e-01 4.71638441e-01
    1.29565775e+00 -3.87145549e-01 1.18794478e-01 3.18622619e-01
    1.69004202e-01 -3.11596453e-01 3.83182138e-01 -4.26460922e-01
    1.68138802e+00 -4.93522972e-01 -4.89176661e-01 -1.44087195e-01
    1.37198257e+00 -7.15981364e-01 7.60702550e-01 7.57846594e-01
    -1.49155572e-01 4.61842865e-01 8.00463080e-01 8.97575915e-01
    1.39765501e+00 -3.71564686e-01 -6.19392037e-01 1.45972180e+00
    -6.14262104e-01 -6.14941001e-01 -1.35143936e-01 -2.25933433e-01
    1.51959121e+00 2.92509258e-01 1.88515455e-01 -2.06451789e-01
    -2.79392928e-01 1.65219128e+00 1.39987302e+00 -3.44316334e-01
    1.87342405e+00 5.05726278e-01 2.00127983e+00 5.73512316e-01
    2.25078031e-01 1.31566137e-01 -9.45458055e-01 6.42158628e-01
    -5.76581299e-01 1.51992285e+00 1.27743948e+00 3.92421544e-01
    9.17932272e-01 -8.09133276e-02 1.77836144e+00 -4.56918776e-01
    1.82673976e-01 1.49276996e+00 1.65638947e+00 -8.23236853e-02
    1.83384860e+00 1.23795843e+00 1.16889226e+00 7.79980719e-01
    -5.09827197e-01 1.36642015e+00 3.24829400e-01 1.54163527e+00
    3.18056285e-01 1.98918116e+00 1.22511077e+00 -4.02515709e-01
    1.74220812e+00 1.26710981e-01 -6.75566256e-01 1.24259257e+00
    1.52527606e+00 -8.82526100e-01 -3.65914404e-01 7.94310689e-01
    1.66817832e+00 1.02168429e+00 1.73409796e+00 1.73346961e+00
    -9.36440885e-01 7.37996697e-01 1.79320014e+00 -3.47624630e-01
    -3.78520817e-01 1.89517558e+00 4.91555125e-01 -5.46884956e-03
    -6.71345115e-01 -4.43735898e-01 9.71385062e-01 7.50615060e-01
    -1.04831994e-01 -8.93640369e-02 1.35754299e+00 1.26740646e+00
    1.31138682e+00 1.50793517e+00 1.26644504e+00 1.65377665e+00
    1.23145841e-01 1.18953741e+00 1.11424458e+00 6.01798892e-01
    5.60004711e-01 -2.46701598e-01 -8.17167342e-01 1.82336950e+00
    1.04255712e+00 5.99177703e-02 1.02391756e+00 -1.00916004e+00
    -5.31962454e-01 1.29055977e-01 -6.71436608e-01 1.75496757e+00
    5.71564317e-01 2.26265043e-01 1.14392543e+00 3.69728088e-01
    4.14248675e-01 4.24474329e-01 1.66495377e-03 1.42831004e+00
    4.20026407e-02 9.55853462e-01 -3.05135757e-01 -2.77228564e-01
    1.76315308e-01 1.70947814e+00 4.05420959e-01 1.27810860e+00
    1.90186846e+00 1.66161692e+00 1.76345336e+00 4.37035970e-02
    7.55232096e-01 7.24185467e-01 7.91471541e-01 2.64986783e-01
    2.84183711e-01 9.62989628e-01 -2.31085107e-01 -3.10408354e-01
    1.87369490e+00 9.37701166e-01 -5.49083114e-01 1.04304063e+00
    -2.25560479e-02 3.09122622e-01 1.50636327e+00 -8.52747679e-01
    7.68053889e-01 1.68096828e+00 1.92898536e+00 4.65656549e-01
    1.63375378e+00 1.91846085e+00 1.43992841e+00 -7.27203250e-01
    2.37810522e-01 -8.07086408e-01 1.43852961e+00 -5.31386375e-01
    -4.96556640e-01 -7.31258571e-01 7.30947852e-01 3.90669614e-01
    3.69344562e-01 9.60906029e-01 7.56437302e-01 1.56542730e+00
    9.72405076e-01 -6.17753148e-01 1.41391611e+00 1.66619158e+00
    -7.51972139e-01 3.08368325e-01 -7.49455571e-01 1.34318745e+00
    1.12500525e+00 -6.84762776e-01 1.22126269e+00 5.53509712e-01
    1.27787501e-01 1.49709737e+00 1.41213834e+00 3.58236760e-01
    1.45900691e+00 7.69048780e-02 1.82172632e+00 -7.08390057e-01
    -2.64298737e-01 -1.45967305e-02 -5.85157156e-01 1.34971154e+00
    9.37412441e-01 1.36889219e+00 -2.88527310e-01 1.11556098e-01
    -1.92202359e-01 -3.93865764e-01 -8.73693109e-01 6.30800247e-01
    1.46136308e+00 1.80812430e+00 1.08474517e+00 1.06700349e+00
    -5.26529253e-01 -7.19008446e-01 -3.95490199e-01 1.73578155e+00
    -6.83188379e-01 9.03617322e-01 1.76900744e+00 1.11168933e+00
    1.48273766e+00 1.41004360e+00 1.57532728e+00 -2.77183950e-01
    8.64739358e-01 1.76794982e+00 1.18708265e+00 1.84002674e+00
    -2.45128095e-01 5.36253691e-01 -3.65107000e-01 3.72961998e-01
    1.06691170e+00 -1.01094663e+00 -4.57196146e-01 -9.09695700e-02
    1.02406776e+00 1.93222630e+00 6.51464283e-01 1.26085043e+00
    -4.48824167e-01 9.00342584e-01 1.37537932e+00 1.65238094e+00
    -3.00103605e-01 2.82738626e-01 6.38574123e-01 9.70252275e-01
    -8.86439621e-01 1.52367383e-01 1.17448032e+00 2.09309950e-01
    9.91672337e-01 1.28879726e+00 8.36388469e-01 1.77288115e-01
    -5.40449023e-01 1.29338872e+00 4.95462656e-01 1.27229297e+00
    1.29086876e+00 3.58558655e-01 -6.84838355e-01 1.38599432e+00
    -4.64166045e-01 9.43141952e-02 1.03300689e-02 1.74178076e+00
    2.77253360e-01 2.22187734e+00 1.56106627e+00 1.64261556e+00
    1.11546397e+00 6.55582011e-01 1.44636941e+00 1.92892504e+00
    -7.90243089e-01 -6.84473217e-01 -4.39893633e-01 1.41885340e+00
    1.79437804e+00 1.24421024e+00 4.05496746e-01 -6.48401380e-01
    1.99902797e+00 4.69846100e-01 3.33617955e-01 1.25948763e+00
    -2.92552918e-01 -4.55294043e-01 -8.44750464e-01 1.99881423e+00
    5.43176293e-01 6.05023384e-01 2.85362273e-01 -7.20270813e-01
    9.79261279e-01 -4.64494526e-01 1.96288049e+00 1.51242554e+00
    9.06003594e-01 -1.39487177e-01 1.44066155e+00 -8.39956045e-01
    1.39745688e+00 -6.52449667e-01 6.66562974e-01 1.86910295e+00
    9.44658697e-01 -2.44666591e-01 9.63980615e-01 1.06941414e+00
    -1.94481179e-01 8.11054230e-01 4.28886533e-01 3.61270010e-01
    1.18637955e+00 6.44717216e-01 5.74945748e-01 -1.21508308e-01
    -6.59827054e-01 -7.19743371e-01 -1.01246551e-01 3.68807554e-01
    2.58973300e-01 -8.84580851e-01 -2.03264490e-01 -7.57077336e-01
    7.63727546e-01 -3.69326115e-01 -2.25402743e-01 3.37557644e-01
    1.58594227e+00 6.27450109e-01 1.90760982e+00 1.04673839e+00
    1.34603035e+00 8.31776381e-01 -3.22537310e-02 -2.53665984e-01
    6.86520159e-01 9.16708708e-01 2.34326899e-01 1.28768492e+00
    1.43344045e+00 -5.77544391e-01 2.09506691e-01 -7.77782261e-01
    9.30524170e-01 9.95411098e-01 -8.57019842e-01 1.46329355e+00
    1.49424589e+00 5.58080971e-01 -1.08640768e-01 1.82360911e+00
    -7.45097339e-01 3.02220106e-01 -1.94701195e-01 -7.17020035e-01
    1.30364612e-01 1.76047575e+00 1.08049333e+00 -6.43051445e-01
    -9.23903644e-01 6.92252159e-01 1.78235590e+00 3.70952874e-01
    9.45784092e-01 -6.06533051e-01 -3.67630512e-01 1.48862159e+00
    9.30269420e-01 -2.70287514e-01 -4.58537817e-01 1.16621339e+00
    1.00867474e+00 -5.07158879e-03 7.01621771e-01 8.06340873e-02
    -7.30329275e-01 1.53837371e+00 5.83114028e-01 1.53467655e+00
    9.38296437e-01 5.44775724e-01 4.58475888e-01 1.26737082e+00
    1.53990126e+00 -6.58676684e-01 1.70081687e+00 -3.72035503e-01
    -7.83918917e-01 6.38992608e-01 1.00925982e+00 2.69187570e-01
    1.84370339e+00 -6.83489025e-01 2.48047058e-02 1.24315798e+00
    1.20655668e+00 -2.79904336e-01 8.38741422e-01 1.57825410e+00
    -6.76258624e-01 -6.89427555e-01 -4.81126636e-01 9.21706557e-01
    -1.53922841e-01 1.51707804e+00 1.71696734e+00 9.03710842e-01
    4.08391982e-01 -3.91280979e-01 3.84085923e-01 1.80400550e+00
    1.31653202e+00 -5.83957851e-01 1.28229690e+00 5.79376698e-01
    9.72164631e-01 1.14362061e+00 4.57989872e-01 1.84044755e+00
    1.91924059e+00 -2.02041388e-01 1.48034346e+00 9.44070756e-01
    2.21139446e-01 1.87751159e-01 2.41029531e-01 1.79492563e-01
    6.89343512e-01 -4.43807632e-01 1.24021113e+00 7.77522981e-01
    -2.79451728e-01 8.10332835e-01 -6.30108953e-01 1.83336234e+00
    -4.79211777e-01 -6.86492383e-01 1.10862720e+00 6.75292313e-01
    -4.54937547e-01 -7.68564880e-01 5.68477035e-01 9.99317527e-01
    3.73278737e-01 7.36564934e-01 -9.69858989e-02 7.66517520e-01
    1.18496728e+00 3.06722730e-01 1.47066092e+00 -6.09090388e-01
    9.72524464e-01 1.84132770e-01 1.66321790e+00 1.26164055e+00
    -8.23361933e-01 1.33179176e+00 9.05755818e-01 5.11807382e-01
    -5.21460772e-01 1.75043011e+00 1.58577514e+00 6.14549935e-01
    1.80209827e+00 1.62154949e+00 7.26159513e-01 1.14458442e+00
    3.42965603e-01 1.76383710e+00 1.54447460e+00 1.52496624e+00
    1.84247047e-01 -1.01553157e-01 1.82631588e+00 4.05767739e-01
    -8.35557342e-01 1.88922679e+00 9.64396298e-01 1.63672125e+00
    -2.21086130e-01 2.61967987e-01 -2.13889390e-01 9.19594467e-01
    -8.24259669e-02 1.31777394e+00 8.12963605e-01 -2.62777686e-01
    9.43700150e-02 -4.59864974e-01 5.36843359e-01 1.18561542e+00
    2.03163736e-02 1.57892275e+00 1.77031636e+00 1.36705428e-01
    -7.10237205e-01 1.74038875e+00 8.98995817e-01 1.40891865e-01
    -3.66832733e-01 3.24876249e-01 4.68130052e-01 1.08500743e+00
    1.33280778e+00 -9.33030367e-01 1.57339549e+00 -8.35228145e-01
    1.38935149e+00 8.07581067e-01 1.87042403e+00 -3.80299568e-01
    1.63560975e+00 1.50699008e+00 2.46023118e-01 1.14715539e-01
    6.26342833e-01 4.99504983e-01 1.65114546e+00 -1.76177293e-01
    -4.35485750e-01 7.28406906e-01 7.63530552e-01 1.53241837e+00
    -1.65529922e-01 1.10961385e-01 2.00362816e-01 1.22355556e+00
    2.31403038e-01 1.62910485e+00 -7.65468851e-02 -1.16458744e-01
    -8.79539907e-01 -4.40610945e-01 -1.27338424e-01 -1.97646961e-01
    2.92962074e-01 -7.38112330e-01 1.00050950e+00 1.68077290e+00
    1.15888335e-01 -1.46034092e-01 -5.32551587e-01 1.27165520e+00
    5.11604369e-01 -2.46738553e-01 -3.73582572e-01 7.86560416e-01
    5.01546383e-01 8.99301097e-02 -1.41295493e-02 1.89518666e+00
    -2.92017996e-01 -2.97449499e-01 1.64475739e+00 1.61846948e+00
    1.93176329e+00 1.90935135e+00 -8.82937759e-02 1.25726366e+00
    1.34963691e+00 9.72313046e-01 3.12513471e-01 -3.85481834e-01
    4.93384302e-01 1.18590462e+00 4.00403619e-01 5.73183358e-01
    1.78222626e-01 1.08401942e+00 2.44904056e-01 1.00570309e+00
    9.83076394e-01 1.86816537e+00 -1.91342086e-01 1.32994890e+00
    2.40300167e-02 1.93757272e+00 3.41821432e-01 7.69735798e-02
    7.10201681e-01 1.01811135e+00 -2.80859709e-01 -3.55751365e-01
    1.64703667e+00 5.22305191e-01 -9.21323150e-02 -1.01266193e+00
    -4.13838089e-01 -3.35436046e-01 1.90231836e+00 4.40693438e-01
    4.55651671e-01 -1.76379457e-01 1.16359448e+00 -9.54730093e-01
    1.85216868e+00 8.16491663e-01 -7.91303515e-01 1.14180219e+00
    1.40909564e+00 -8.07997286e-01 -6.09677911e-01 9.08420086e-01
    4.76049453e-01 7.26047158e-01 1.61788428e+00 -9.38254714e-01
    -4.25076067e-01 5.70075214e-01 8.97282720e-01 1.47019374e+00
    1.33294833e+00 5.93255125e-02 -3.00249934e-01 -4.59536046e-01
    -3.27657968e-01 -7.11587131e-01 -1.16150305e-01 5.70164084e-01
    -7.57865757e-02 7.53136635e-01 1.77617502e+00 -7.79557884e-01
    1.63816595e+00 -4.09995884e-01 1.65931177e+00 -5.57071753e-02
    -8.83863032e-01 -6.57482743e-01 1.47517657e+00 1.31785440e+00
    1.73600948e+00 -1.64145201e-01 -4.71567184e-01 1.29073501e+00
    -9.29576695e-01 8.25724661e-01 8.92554224e-01 1.21194243e+00
    2.78723001e-01 1.06898673e-01 1.53366101e+00 1.12425208e+00
    -2.06505675e-02 1.11438818e-01 -8.14256370e-01 -1.55280650e-01
    1.73418796e+00 5.47148466e-01 1.24852943e+00 -6.96619153e-01
    -1.48125798e-01 5.41337430e-01 6.01793110e-01 -1.57003358e-01
    1.66804790e+00 1.39714193e+00 -5.21083355e-01 -1.86369613e-01
    1.36196709e+00 3.22769225e-01 1.58229098e-01 -8.17479372e-01
    1.45940864e+00 4.86669630e-01 3.53913486e-01 6.46923602e-01
    8.79676580e-01 -5.32554090e-01 6.89469799e-02 1.79222688e-01
    1.57869780e+00 1.31345415e+00 -3.44698459e-01 -8.42509329e-01
    1.48352599e+00 8.68589044e-01 1.37382245e+00 -7.11481631e-01
    4.54407543e-01 1.80139279e+00 3.28682572e-01 -4.61904258e-01
    -4.74839717e-01 1.92806947e+00 2.89417982e-01 1.57858062e+00
    7.02703416e-01 1.69478810e+00 1.17271888e+00 6.98686421e-01
    9.39122308e-03 -9.03442979e-01 1.52117670e-01 1.47143507e+00
    -1.38758034e-01 4.52649355e-01 1.30339527e+00 1.24789275e-01
    -9.86399353e-02 5.79344332e-01 9.09094572e-01 -5.19380450e-01
    -7.72661150e-01 -8.13276649e-01 1.69411254e+00 -3.65659356e-01
    6.14401281e-01 1.14882302e+00 8.79711092e-01 1.08697557e+00
    1.09690678e+00 1.63276720e+00 1.17428327e+00 8.72642517e-01
    -6.49055064e-01 1.63991809e+00 1.47876665e-01 6.31430089e-01
    8.41125846e-01 -7.38163173e-01 6.61306754e-02 1.76036859e+00
    1.70528039e-01 1.33585095e+00 2.68230706e-01 -3.94142151e-01
    4.17677373e-01 5.90040624e-01 1.23941517e+00 -8.46063256e-01
    -2.57277429e-01 -5.59157312e-01 -3.64991575e-01 -1.24742799e-01
    1.27659643e+00 1.23704648e+00 7.45559394e-01 1.36646748e+00
    9.80556548e-01 1.76022959e+00 1.89402223e+00 1.06438160e+00
    3.19580615e-01 1.44429624e+00 -8.28297317e-01 1.52285051e+00
    -4.26788300e-01 4.42002058e-01 1.03338873e+00 -7.87680566e-01
    -5.43510199e-01 1.03795493e+00 -5.11347651e-01 6.68150127e-01
    -7.75348186e-01 1.42694843e+00 -4.56681013e-01 5.32561779e-01
    1.08417273e+00 1.36694014e+00 9.31180358e-01 1.21488833e+00
    -1.87733263e-01 1.33937344e-01 2.00463653e-01 6.70003533e-01
    -9.59125102e-01 -6.23575687e-01 7.50179291e-01 1.52050447e+00
    1.23914599e+00 1.57761812e+00 1.55726922e+00 -3.20888221e-01
    7.69311666e-01 1.51277199e-01 1.39332652e+00 6.38041019e-01
    1.80077302e+00 1.23783314e+00 4.07833457e-02 1.55299127e+00
    -1.36705235e-01 -7.94678986e-01 -3.91150981e-01 5.77741325e-01
    1.72682595e+00 1.07035899e+00 1.44447255e+00 -5.55647612e-02
    1.63526940e+00 -1.31646752e-01 1.42045224e+00 1.89461339e+00
    1.18649507e+00 1.91851211e+00 -5.59792817e-01 1.58320761e+00
    -2.90061921e-01 7.72132754e-01 9.85425413e-01 9.22050655e-01
    -9.56324100e-01 6.93970442e-01 -1.48463771e-01 1.12792814e+00
    -5.75895071e-01 1.88931608e+00 -6.65101528e-01 8.55464101e-01
    1.40841091e+00 -9.30259451e-02 -8.43518794e-01 -4.40480292e-01
    3.87219459e-01 1.57810986e+00 8.92457247e-01 -3.55869055e-01
    -8.73315513e-01 1.43088233e+00 4.13132191e-01 6.64496571e-02
    -5.11822641e-01 8.37318122e-01 1.11574113e-01 -3.74534875e-01
    1.74673617e+00 3.88650596e-01 1.31391132e+00 -2.04676494e-01
    1.95755684e+00 1.09117234e+00 6.78465843e-01 -3.43619883e-01
    9.32618260e-01 1.33653894e-01 -3.81184250e-01 1.05440819e+00
    -2.85840869e-01 1.73243213e+00 -7.38615036e-01 1.83697367e+00
    1.83522284e+00 1.31667066e+00 -8.70082378e-01 1.15489531e+00
    -4.57775295e-01 8.12819242e-01 8.39754581e-01 1.46763921e+00
    1.12584245e+00 7.06517637e-01 1.83127260e+00 -6.68800354e-01
    2.02408814e+00 1.93920016e-01 -1.38085693e-01 -1.17057703e-01
    2.20549628e-01 1.31360698e+00 2.46840119e-01 1.13047647e+00
    4.37574565e-01 1.20203234e-01 -7.99337029e-01 3.64718527e-01
    1.84281802e+00 1.50551176e+00 -8.09998393e-01 1.53050530e+00
    -8.88468981e-01 9.09275591e-01 1.07767928e+00 6.21797621e-01
    -3.31406862e-01 5.79537272e-01 -6.90667570e-01 1.25233126e+00
    8.82818699e-01 1.11792314e+00 1.75085962e+00 7.81622589e-01
    -8.08192015e-01 1.09710670e+00 8.73428345e-01 1.03881502e+00
    -6.68933809e-01 -5.63543022e-01 1.16001880e+00 -1.91463321e-01
    -4.57288742e-01 4.15830165e-01 1.56343532e+00 5.45243382e-01
    -9.53042924e-01 -7.32793808e-01 7.28811204e-01 1.24601364e+00
    1.77125525e+00 -4.39634711e-01 1.28357315e+00 -7.11166620e-01
    1.79549694e+00 -5.06890774e-01 -3.63572061e-01 4.20989484e-01
    2.83732533e-01 1.95346975e+00 2.09184504e+00 -3.69953394e-01
    -3.82084340e-01 2.61105120e-01 7.90957987e-01 -5.65325737e-01
    2.00684237e+00 1.58579004e+00 -5.10194123e-01 1.51923013e+00
    1.17015564e+00 9.61182952e-01 -7.59085566e-02 4.30416763e-01
    -7.06284642e-01 -6.48991406e-01 -5.00295281e-01 1.75808108e+00
    -1.75904810e-01 1.97413385e-01 1.36031210e+00 -8.02476227e-01
    1.44618738e+00 -5.21977663e-01 7.51019597e-01 2.92996466e-01
    3.81997496e-01 -8.65489602e-01 -1.04267448e-01 2.65022755e-01
    4.10456598e-01 9.45455492e-01 2.56237864e-01 -7.98299983e-02
    2.63888270e-01 9.93324280e-01 9.24407065e-01 1.11572003e+00
    1.91398990e+00 1.11004806e+00 1.82851017e+00 8.70097339e-01
    -7.17943907e-01 1.00415444e+00 1.08951569e+00 1.05837500e+00
    1.77912319e+00 1.57908583e+00 -3.60901207e-01 6.63566232e-01
    7.05363452e-01 -6.13025188e-01 1.22831964e+00 -3.27999830e-01
    1.29731432e-01 1.48627043e+00 -2.24963680e-01 -1.51933640e-01
    -1.92770034e-01 1.50822580e+00 2.86915779e-01 -4.93110478e-01
    3.58656496e-02 1.03939974e+00 1.13371992e+00 6.26761317e-01
    1.57936728e+00 2.73445230e-02 2.37283915e-01 9.02633905e-01
    -2.18736902e-02 -5.15790761e-01 9.25533324e-02 4.44216758e-01
    -8.11874866e-01 2.31174782e-01 1.43524742e+00 1.47568309e+00
    -2.08167970e-01 1.57406437e+00 7.63678253e-01 -9.74798679e-01
    7.01741815e-01 -9.34697032e-01 1.90486515e+00 1.74101830e+00
    1.82666421e+00 9.00478899e-01 1.77932203e+00 2.30916813e-02
    2.54860461e-01 1.64521396e+00 -2.59031713e-01 -9.29158926e-02
    -6.40551269e-01 1.32712030e+00 5.95011771e-01 -6.82005107e-01
    9.01294470e-01 -3.37316990e-01 -9.59361121e-02 -9.80336070e-02
    -3.55336331e-02 -3.29830140e-01 8.76911461e-01 -4.75060284e-01
    1.22571558e-01 -4.06596243e-01 8.38345766e-01 1.41907895e+00
    1.08654559e-01 3.72576237e-01 -5.61836183e-01 1.67111218e+00
    -2.91957796e-01 1.23991358e+00 1.65152717e+00 8.53347838e-01
    8.65913749e-01 1.69724667e+00 5.73638320e-01 -2.50248075e-01
    3.92111450e-01 1.12822592e+00 -2.76672188e-02 1.24938905e+00
    1.02051973e+00 -1.66622490e-01 7.50360310e-01 -1.84666574e-01
    5.03565967e-01 1.22473687e-01 8.58738959e-01 1.26481783e+00
    3.31351155e-04 2.67674118e-01 -8.89645278e-01 7.65869737e-01
    1.87376249e+00 2.59684861e-01 4.90726205e-04 -7.43963659e-01
    -1.08860925e-01 -5.30995727e-01 -8.44599247e-01 1.04539484e-01
    1.77422333e+00 1.36283684e+00 1.85729098e+00 -2.54226744e-01
    7.46348023e-01 1.02213001e+00 -3.03087145e-01 -5.49033642e-01
    -1.78230572e-02 1.12392020e+00 7.95053422e-01 -1.91000208e-01
    1.88279562e-02 -8.50884378e-01 3.97664718e-02 1.45867002e+00
    -8.93838882e-01 6.16218984e-01 9.81319606e-01 -9.39006865e-01
    -7.06292152e-01 7.95708179e-01 -7.47708857e-01 1.63742232e+00
    1.14313841e+00 9.28791225e-01 -4.97713774e-01 1.62307215e+00
    -9.12663519e-01 -1.95976719e-01 1.50028086e+00 1.21789062e+00
    -7.49217033e-01 -8.99935126e-01 -2.38912389e-01 8.79666302e-03
    7.70419955e-01 1.70346892e+00 2.62081921e-01 4.47517298e-02
    -3.05067807e-01 1.44741511e+00 -7.32909858e-01 -3.13442707e-01
    1.18884659e+00 -9.83739614e-01 -7.22503960e-01 -2.99883604e-01
    5.90948284e-01 3.64485979e-01 1.87445593e+00 2.00686002e+00
    -3.44483227e-01 -8.12861323e-01 6.96646154e-01 3.28655034e-01
    1.45684469e+00 -5.83971441e-01 -2.16099143e-01 1.39375758e+00
    1.96202576e-01 -9.29587543e-01 1.34581125e+00 1.62922180e+00
    -8.16053808e-01 8.19209576e-01 -2.71819115e-01 1.86471760e+00
    -1.78302705e-01 -2.40822867e-01 1.02419162e+00 8.55306447e-01
    1.65199816e-01 9.46279168e-01 1.62967300e+00 1.23515263e-01
    -4.66070503e-01 1.73389542e+00 3.48303229e-01 1.41903567e+00
    8.42306256e-01 1.17145069e-01 -6.05536640e-01 -6.55741811e-01
    -3.50574046e-01 2.64434963e-01 1.60203016e+00 7.72365868e-01
    1.84613526e+00 1.07137430e+00 8.02560925e-01 7.99734294e-02
    1.66928411e+00 6.44602895e-01 1.87894344e+00 8.47311080e-01
    7.24026918e-01 3.51349562e-01 1.53048754e+00 1.26963389e+00
    -4.38043982e-01 8.65114331e-01 1.32210091e-01 1.88394472e-01
    -3.71571064e-01 7.99128234e-01 2.28597820e-02 1.05054426e+00
    1.90859747e+00 1.15471351e+00 7.90044546e-01 1.83211729e-01
    6.35673031e-02 -7.65253127e-01 6.49747610e-01 -5.63834645e-02
    -6.99997485e-01 -8.37005794e-01 -4.55695391e-01 -8.28347743e-01
    1.71071076e+00 1.10116852e-02 -7.13904023e-01 -7.86340475e-01
    6.16237760e-01 7.05497682e-01 -1.24246001e-01 -8.36693227e-01
    -6.53815329e-01 1.44817996e+00 1.60456824e+00 -7.88799450e-02
    7.13864565e-01 5.30797243e-01 -3.66352051e-01 1.05628490e-01
    2.76140701e-02 -4.59783554e-01 1.11054850e+00 -8.43780041e-01
    6.50637269e-01 -2.97441453e-01 1.37273920e+00 6.36630177e-01
    4.25834477e-01 1.86611712e+00 5.90695202e-01 -4.63440001e-01
    1.76446843e+00 5.02475441e-01 1.19819784e+00 -3.47576737e-01
    1.09596622e+00 1.48602784e+00 -5.65936446e-01 1.42947078e-01
    1.41263362e-02 4.66829717e-01 1.55303460e-02 -8.96894395e-01
    3.10925931e-01 7.17993021e-01 1.42999411e+00 -4.69758473e-02
    1.60121107e+00 1.23694670e+00 1.89257312e+00 -8.51815403e-01
    8.45402241e-01 1.03906965e+00 1.77794814e+00 1.63611817e+00
    1.65198421e+00 -7.91281283e-01 -8.04730535e-01 -7.29771733e-01
    5.76923192e-01 1.24045229e+00 -8.15471828e-01 -9.36598778e-02
    9.33355331e-01 7.41166174e-01 9.05323029e-01 1.52969730e+00
    1.17163301e+00 9.99018013e-01 -7.10591555e-01 -9.29897279e-02
    9.11981881e-01 1.82549191e+00 -3.72949153e-01 1.84691691e+00
    1.46633732e+00 -8.54935527e-01 -6.89428091e-01 -7.73423791e-01
    -8.60786557e-01 -5.11393964e-01 1.99026084e+00 8.90847266e-01
    1.91405699e-01 1.28448084e-01 -5.39067745e-01 -6.54233217e-01
    1.59264028e+00 1.77021593e-01 9.12268937e-01 -1.70715898e-01
    6.98377550e-01 3.10680956e-01 6.13961279e-01 -5.77850044e-01
    1.81082273e+00 -5.73977828e-01 1.71685529e+00 -2.11876988e-01
    8.77309978e-01 8.81110132e-01 -5.96251428e-01 4.53627795e-01
    1.40165162e+00 1.73651135e+00 1.17476022e+00 4.70136493e-01
    1.79229105e+00 3.36009443e-01 -2.99534142e-01 -9.02560294e-01
    2.03504539e+00 -4.36967723e-02 -3.58887821e-01 1.19536364e+00
    -1.14385620e-01 9.88861501e-01 -1.65063143e-01 5.86695731e-01
    -1.60787061e-01 1.34318435e+00 1.75227070e+00 1.12606966e+00
    -4.05025840e-01 1.72194767e+00 1.48974264e+00 6.50341094e-01
    -8.71425033e-01 -8.45132411e-01 -1.36889517e-01 -1.00305200e+00
    3.93221676e-01 4.51107770e-01 1.73369324e+00 5.73206961e-01
    8.85282695e-01 -5.65597057e-01 -6.56393468e-01 4.89123255e-01
    2.91307539e-01 7.63144970e-01 1.21915627e+00 -1.39210939e-01
    1.52176142e+00 -4.79311883e-01 -1.74301997e-01 1.19495106e+00
    8.39429617e-01 1.32211506e+00 1.29128766e+00 7.65452445e-01
    -8.70609999e-01 1.74183583e+00 7.98257947e-01 1.01556087e+00
    -1.94467623e-02 -4.95652646e-01 3.47616613e-01 9.24655318e-01
    3.71064454e-01 2.52685528e-02 -3.93937021e-01 1.23863719e-01
    1.94821000e+00 1.53018904e+00 8.94774139e-01 -5.02954960e-01
    8.97978485e-01 -4.83911514e-01 -4.92595166e-01 -8.44260991e-01
    6.34628117e-01 1.22746599e+00 1.56075370e+00 1.59421623e+00
    -1.73820078e-01 -7.55889952e-01 1.78899801e+00 6.50730550e-01
    1.10002005e+00 8.18217218e-01 -5.15642643e-01 6.13529086e-01
    1.85838485e+00 1.28966010e+00 1.49860919e+00 1.45001066e+00
    -7.04215050e-01 1.49837279e+00 -4.53236014e-01 1.39310133e+00
    -4.90730017e-01 7.06760764e-01 -2.69084815e-02 1.46415043e+00
    6.69488549e-01 1.63907576e+00 1.29621696e+00 -7.95212448e-01
    -2.57759448e-02 2.73189098e-01 1.01382267e+00 7.85918891e-01
    -5.80235839e-01 8.32758904e-01 1.83204496e+00 7.85880983e-01
    2.72359163e-01 9.15868580e-01 -7.41861165e-01 -8.10397685e-01
    -7.57323727e-02 5.11552453e-01 1.36289883e+00 1.61195147e+00
    1.74326062e+00 1.09842837e+00 1.40234828e+00 -5.45205474e-01
    1.52216113e+00 7.47237802e-01 1.84306157e+00 -4.80642825e-01
    -4.20929343e-01 4.26429091e-03 3.54982615e-01 1.01358259e+00
    -2.70169079e-01 4.43828851e-01 1.56452489e+00 3.49062622e-01
    -6.12023532e-01 1.63071334e+00 1.28833151e+00 9.20640647e-01
    -9.46416199e-01 -1.28223807e-01 8.88576865e-01 1.33970070e+00
    1.36944234e+00 1.49793267e+00 1.13264270e-01 3.75642896e-01
    1.19358087e+00 1.96570587e+00 6.17100298e-01 -5.40001750e-01
    2.91576475e-01 1.10042357e+00 -5.56268930e-01 2.38179237e-01
    1.63720620e+00 -2.74641477e-02 3.67397249e-01 -5.11677802e-01
    1.21418285e+00 8.75141919e-01 -8.75652194e-01 -1.24060668e-01
    1.97657537e+00 -5.02807915e-01 4.95696306e-01 6.04720056e-01
    -4.02624637e-01 6.13556087e-01 6.21062696e-01 -4.25062537e-01
    4.37654734e-01 1.40159094e+00 -7.53780246e-01 1.20724583e+00
    6.31234050e-01 1.43870854e+00 -1.42694041e-01 5.87267995e-01
    1.59953082e+00 1.19277132e+00 -8.95684361e-01 1.21143794e+00
    1.17334259e+00 5.88062584e-01 7.06388950e-01 1.49240315e+00
    8.47639859e-01 9.55039263e-01 -8.06536257e-01 1.35623181e+00
    -4.41714734e-01 2.53395796e-01 3.08640838e-01 -7.55418777e-01
    7.48259246e-01 1.34220755e+00 -8.10261965e-01 -5.67428231e-01
    1.36449111e+00 1.39146245e+00 8.41715097e-01 1.58907795e+00
    -1.67492360e-01 1.85231471e+00 -9.95665118e-02 5.44344962e-01
    5.57195067e-01 1.41531467e+00 7.93278813e-01 1.17477989e+00
    1.72319043e+00 -4.93787944e-01 2.66106904e-01 1.69314051e+00
    1.07864225e+00 2.39045396e-01 4.64244008e-01 1.04034817e+00
    -3.79307330e-01 -3.88427734e-01 2.18775481e-01 1.54067028e+00
    1.25189781e+00 2.78909504e-01 1.83740771e+00 1.27169991e+00
    3.66209894e-01 -5.08586586e-01 -9.54047143e-01 3.98848891e-01
    -5.32185100e-02 1.76963532e+00 -8.67804289e-01 5.73811352e-01
    1.42685330e+00 1.26603448e+00 -8.86805132e-02 5.70879161e-01
    2.31641605e-01 -5.84931970e-01 7.63224959e-01 8.79261121e-02
    8.27035487e-01 2.50820726e-01 -2.36170039e-01 5.43984473e-01
    -2.46801972e-01 4.55916263e-02 1.98808014e+00 1.29837596e+00
    1.39950311e+00 -7.40596294e-01 3.48285884e-01 -5.28337240e-01
    1.15527141e+00 -6.79993927e-01 8.32410753e-01 1.62950858e-01
    1.69616187e+00 -6.77906215e-01 -8.84083688e-01 6.80475235e-01
    1.43432963e+00 6.07321203e-01 1.84685946e+00 -7.41323888e-01
    1.67875564e+00 -3.50320965e-01 1.23603493e-02 1.82733703e+00
    9.52576101e-01 1.79753196e+00 -5.62944651e-01 1.02835155e+00
    3.35061789e-01 -1.71778187e-01 2.16369390e+00 3.05996805e-01
    8.08525622e-01 -7.16472030e-01 -7.10127711e-01 2.51819551e-01
    1.35860109e+00 -1.17282614e-01 -5.96238434e-01 5.29455364e-01
    1.80664837e+00 8.69940042e-01 1.18268847e+00 5.70999794e-02
    3.94805610e-01 1.44263709e+00 -1.95126668e-01 -2.68530220e-01
    -2.62974739e-01 1.91778922e+00 1.37505257e+00 -1.67971477e-01
    9.62092698e-01 1.90440857e+00 -1.38857543e-01 4.59108055e-02
    -2.65882194e-01 1.04856527e+00 1.91501522e+00 4.06566471e-01
    1.29592583e-01 -4.63860244e-01 1.98369777e+00 -7.04023242e-01
    2.46229157e-01 1.32805574e+00 1.73932230e+00 4.80345339e-01
    6.65479153e-02 1.51163530e+00 9.35608864e-01 -7.46294975e-01
    -7.41474867e-01 -4.18107817e-03 1.65460193e+00 -7.27278352e-01
    -5.68661928e-01 9.24056768e-01 -8.99974823e-01 8.71171057e-01
    6.17828548e-01 -3.41667175e-01 1.79296744e+00 8.01790833e-01
    4.23881590e-01 4.19553280e-01 -4.31716144e-01 2.56940246e-01
    1.29760456e+00 2.36957043e-01 1.29185414e+00 -1.97326951e-02
    9.96787190e-01 5.36647856e-01 4.20805037e-01 6.76862776e-01
    1.93653047e+00 -9.02407825e-01 3.75153013e-02 2.51252085e-01
    3.98386180e-01 1.08541381e+00 -8.34134340e-01 1.82006076e-01
    2.12456837e-01 -6.91327751e-01 4.25709933e-02 -8.09942722e-01
    1.48142731e+00 -6.88698888e-01 -8.49458337e-01 2.49591827e-01
    1.43854237e+00 1.49052775e+00 1.29630494e+00 1.47198427e+00
    1.53686702e+00 1.40795314e+00 1.58282244e+00 7.79342949e-01
    -6.13478780e-01 1.41652894e+00 1.35740340e+00 -3.51351827e-01
    -4.55914915e-01 1.72659802e+00 8.41750741e-01 5.56329727e-01
    -4.41892356e-01 1.83825004e+00 9.81065810e-01 9.74073231e-01
    1.05397606e+00 1.86821389e+00 8.70696366e-01 6.26171947e-01
    1.71669960e+00 1.77471721e+00 4.36137974e-01 1.77430832e+00
    1.02506244e+00 1.52982736e+00 -5.86673856e-01 9.97321978e-02
    5.37182808e-01 6.43663049e-01 1.05022955e+00 -1.59569317e-03
    1.22230768e+00 -1.57079890e-01 1.63202143e+00 1.46004808e+00
    1.84484470e+00 3.95482510e-01 1.22776687e-01 7.80645788e-01
    6.81052148e-01 4.34238136e-01 -7.29780614e-01 -3.59616756e-01
    -4.62317884e-01 9.73430753e-01 1.38537610e+00 8.17304909e-01
    1.25719273e+00 1.26614287e-01 5.86400568e-01 1.57661569e+00
    5.33626437e-01 2.20418185e-01 1.28782600e-01 4.61513549e-02
    1.14811778e+00 1.62577145e-02 -4.32261616e-01 1.60248792e+00
    1.09110892e+00 1.70436144e+00 1.70173836e+00 1.11279702e+00
    -8.12241137e-01 -2.67149508e-01 1.63597488e+00 -7.90912211e-01
    -6.42382324e-01 1.30494225e+00 -3.01473379e-01 7.96162248e-01
    -3.93955827e-01 9.29128826e-01 -2.55840451e-01 1.58708489e+00
    5.08194864e-01 1.26881242e+00 1.63191283e+00 -5.78765213e-01
    -9.54488039e-01 -5.36840379e-01 -6.73218191e-01 1.93689182e-01
    -1.11770861e-01 7.78861344e-01 -1.81167468e-01 1.82954085e+00
    -7.41659045e-01 5.34311309e-02 1.03808749e+00 1.34332979e+00
    1.18583083e+00 2.75432855e-01 -5.55936038e-01 5.14415085e-01
    -1.55682266e-01 1.22574472e+00 4.85547215e-01 -5.83775997e-01
    3.74599308e-01 6.21661782e-01 4.05059475e-03 -5.36971912e-02
    2.63312429e-01 -9.05007064e-01 -8.79703462e-01 1.03746080e+00
    9.36356962e-01 1.89241219e+00 1.54955709e+00 -7.58167803e-01
    8.52900624e-01 3.82438719e-01 1.54122576e-01 5.90919614e-01
    2.90680528e-01 6.80594444e-01 -2.87063479e-01 1.54069436e+00
    1.82788515e+00 1.54928780e+00 -1.43035293e-01 1.76198804e+00
    -9.29151237e-01 3.30282956e-01 -6.30651042e-02 3.84729028e-01
    -6.66959643e-01 3.48607987e-01 1.65627599e+00 1.09095001e+00
    -4.10316616e-01 -6.27536714e-01 9.83305693e-01 -7.75872231e-01
    1.70012283e+00 1.18404710e+00 1.84441674e+00 2.29431409e-02
    1.63040006e+00 8.61656547e-01 7.80758023e-01 5.08842647e-01
    -6.17086172e-01 -1.63080618e-01 1.81875002e+00 1.81121516e+00
    1.09042454e+00 1.84556437e+00 1.98061347e-01 -8.80207479e-01
    1.43325782e+00 8.54599401e-02 7.11633861e-01 3.32518160e-01
    1.77518010e+00 1.50213194e+00 -5.86534381e-01 -3.46527155e-03
    1.22335696e+00 1.68329030e-01 -3.53630990e-01 1.72604573e+00
    -2.91893184e-02 6.96771979e-01 1.43510282e+00 1.84921354e-01
    2.85621524e-01 1.94873106e+00 7.68580377e-01 -2.81653740e-02
    1.10060120e+00 4.97912318e-01 6.15584791e-01 1.54108572e+00
    2.66516984e-01 -8.74813199e-01 1.79581475e+00 1.06074643e+00
    1.23216307e+00 1.93344033e+00 -4.95863765e-01 1.54604292e+00
    1.88082969e+00 8.95554781e-01 1.42332053e+00 3.01130693e-02
    -4.36358511e-01 9.68081951e-01 1.86887491e+00 2.88052678e-01
    -4.86510694e-01 6.77391410e-01 -8.66123497e-01 1.58070838e+00
    1.13306892e+00 -8.90636921e-01 -3.09646726e-01 7.17150748e-01
    1.82364869e+00 1.83146393e+00 1.89820349e+00 -6.81618989e-01
    3.24788779e-01 8.71607244e-01 6.90096498e-01 6.55935168e-01
    1.37836719e+00 5.75423181e-01 1.37046385e+00 1.78231585e+00
    -4.57684368e-01 2.21183389e-01 -1.81289837e-01 -5.52627087e-01
    -4.47163314e-01 1.13613331e+00 9.56433177e-01 1.81605268e+00
    -4.08198804e-01 -5.86970985e-01 -1.39350340e-01 -7.50585556e-01
    9.45873260e-01 -1.55381830e-02 -3.92235696e-01 1.95103180e+00
    1.00155938e+00 1.97549498e+00 -7.79020786e-01 -4.85003702e-02
    1.54119134e+00 7.38587007e-02 7.00606883e-01 1.47252727e+00
    1.66216278e+00 1.12920189e+00 1.00404508e-01 -5.80212474e-01
    -8.11923563e-01 1.01205838e+00 1.82841825e+00 9.16782498e-01
    4.05580878e-01 -5.77175431e-02 2.09663063e-01 1.33321130e+00
    1.30912709e+00 5.06355464e-01 1.45198369e+00 -5.54910898e-01
    8.29073310e-01 4.59775954e-01 1.76741409e+00 -7.27367520e-01
    3.73829067e-01 1.59992671e+00 7.55802274e-01 1.87906611e+00
    1.90674520e+00 1.77821660e+00 -7.54688084e-01 -6.15640879e-01
    8.30591202e-01 7.47576058e-01 -2.51987845e-01 -8.06485489e-02
    -4.00464386e-01 1.13172781e+00 -7.82227993e-01 -9.09368634e-01
    1.05952394e+00 1.01131845e+00 -6.00116014e-01 -7.37996697e-01
    1.76662529e+00 8.43666315e-01 1.93688989e-01 2.12979019e-01
    -6.20776892e-01 7.89794624e-01 1.65816337e-01 5.05159982e-02
    1.54632553e-01 3.70448083e-01 1.43194628e+00 -3.58256876e-01
    8.12569439e-01 -5.14717519e-01 3.17028075e-01 5.58401227e-01
    -5.70809722e-01 6.76974356e-01 -8.58249545e-01 7.08769381e-01
    -1.64363876e-01 1.70862794e+00 1.64606941e+00 -5.88158846e-01
    1.27517492e-01 -8.29420030e-01 -2.11168215e-01 9.44974899e-01
    -6.53619885e-01 1.68445423e-01 -4.83643413e-01 5.42381763e-01
    1.52364874e+00 1.61688209e+00 1.26038826e+00 1.73610210e+00
    1.45670772e+00 2.10718542e-01 1.26179957e+00 9.07312810e-01
    9.98136997e-02 1.41262698e+00 6.52165651e-01 1.54437029e+00
    1.89569104e+00 -5.71356237e-01 1.48753810e+00 1.12452841e+00
    2.71297038e-01 -1.67784438e-01 -6.12843692e-01 2.40699962e-01
    5.48340023e-01 1.78609669e+00 2.38487929e-01 7.65688717e-01
    6.09770179e-01 1.70437729e+00 1.39853728e+00 -7.66521215e-01
    -3.00903171e-02 1.77805388e+00 1.78558314e+00 2.09327877e-01
    3.71814638e-01 4.37901080e-01 8.36232126e-01 1.21688329e-01
    7.82142878e-01 1.36607075e+00 8.68406653e-01 5.42061746e-01
    9.73326206e-01 4.15773749e-01 -5.35340965e-01 9.18799341e-01
    9.36104298e-01 1.83529973e+00 3.75973016e-01 8.63016188e-01
    1.35639107e+00 5.37274063e-01 7.53099084e-01 -1.54937178e-01
    1.65074873e+00 3.99102241e-01 -5.50160348e-01 -5.57625778e-02
    8.80007446e-01 5.71399629e-01 -5.35269737e-01 1.05364954e+00
    -8.58646035e-01 3.05167735e-01 -1.38777960e-02 6.14593506e-01
    1.89221990e+00 -2.06709221e-01 1.59391320e+00 8.82132590e-01
    -2.85796046e-01 1.08167315e+00 -7.37507641e-01 7.66084254e-01
    -5.07881045e-01 -5.10738254e-01 1.09153688e+00 -7.56476462e-01
    1.55179322e+00 -1.23678021e-01 -8.61605942e-01 4.81135786e-01
    1.58114719e+00 1.02646720e+00 -8.65647733e-01 -7.26154685e-01
    -7.71363914e-01 1.30917609e+00 5.08667640e-02 8.86369050e-01
    -6.42727733e-01 8.59004736e-01 -3.99561942e-01 -3.37460786e-01
    -2.22802043e-01 1.48628604e+00 3.41195196e-01 1.78815746e+00
    3.01210105e-01 1.61005318e+00 -1.40511066e-01 1.04138958e+00
    -6.92349195e-01 -7.99311101e-01 1.55633724e+00 1.52711868e+00
    1.23926342e+00 1.11719060e+00 -2.86827803e-01 -7.98542798e-01
    -3.97983015e-01 1.14404440e+00 7.06525981e-01 1.40475845e+00
    6.17107451e-01 1.60906708e+00 1.19854462e+00 2.24061084e+00
    -4.96467292e-01 1.63070095e+00 3.46070826e-01 -4.73614246e-01
    -2.69240737e-01 1.17312515e+00 1.18474460e+00 9.06625569e-01
    1.68275487e+00 -6.23931050e-01 9.83292758e-01 -4.36433613e-01
    9.61452603e-01 1.72594476e+00 7.47863114e-01 1.18865645e+00
    -8.32624257e-01 -4.10760827e-02 1.73415077e+00 -6.29311502e-02
    -1.40431836e-01 -1.83630705e-01 8.03713799e-01 -8.10544193e-01
    1.62022114e+00 -9.56990063e-01 -2.76688010e-01 1.71170726e-01
    -2.73054503e-02 -6.01582468e-01 2.13504061e-01 1.60333645e+00
    -7.87649691e-01 1.10418260e+00 -8.16883385e-01 -3.61395419e-01
    -7.14609444e-01 6.74528480e-01 3.43747646e-01 1.64706564e+00
    -1.02309942e-01 1.69921303e+00 1.49404311e+00 1.16655982e+00
    5.35640180e-01 4.17388558e-01 1.41878998e+00 8.41222107e-01
    1.70292997e+00 -4.12107527e-01 -3.63463342e-01 1.40355122e+00
    -7.02986836e-01 1.76784408e+00 1.36106253e+00 1.24036312e+00
    7.82768726e-01 1.69050682e+00 -1.50407165e-01 -7.58132517e-01
    1.53551042e+00 6.31889522e-01 1.39340365e+00 3.85467917e-01
    -8.74684334e-01 1.80432606e+00 1.12141597e+00 -6.26373112e-01
    2.57390708e-01 -2.60608047e-01 4.16894108e-01 2.32599359e-02
    -4.12933826e-01 1.06623733e+00 1.46879506e+00 -1.41953453e-01
    4.13668215e-01 1.29643679e+00 -7.95966268e-01 -3.98371607e-01
    -6.35924995e-01 -7.06109405e-01 5.46392262e-01 1.41330194e+00
    1.42515266e+00 1.43177330e+00 -1.26526773e-01 3.61441553e-01
    -1.02803719e+00 -4.31466162e-01 1.79429424e+00 6.61905944e-01
    5.50592482e-01 -1.01879680e+00 2.92556465e-01 4.78625268e-01
    1.07201636e+00 1.06371236e+00 -7.35952914e-01 3.69643159e-02
    6.27150774e-01 4.32610393e-01 1.12130821e-01 9.75513995e-01
    1.64841330e+00 1.35093820e+00 -3.54725569e-01 1.07892048e+00
    6.22021914e-01 -5.79514742e-01 6.31124675e-01 1.49865568e-01
    4.16068017e-01 1.68664479e+00 8.88242960e-01 6.89649358e-02
    4.94914740e-01 6.52978897e-01 -1.61157295e-01 -5.88587105e-01
    3.38652134e-01 -7.62121797e-01 1.20934713e+00 2.35664174e-01
    1.68769133e+00 1.34334683e+00 3.65067959e-01 -3.55486125e-01
    -1.42132983e-01 1.28912985e+00 5.91810405e-01 -8.81691396e-01
    -6.43819034e-01 -1.34634793e-01 -3.15042049e-01 1.16714859e+00
    1.16989665e-01 -5.16425252e-01 6.57393157e-01 1.46516836e+00
    6.37458935e-02 -5.33832610e-01 1.14639342e+00 1.80082393e+00
    1.76779461e+00 1.18217900e-01 -3.22304159e-01 1.13235617e+00
    -5.98914206e-01 -6.81536674e-01 6.24509096e-01 1.43268466e-01
    1.41790718e-01 -1.15296386e-01 -6.45859718e-01 6.87540293e-01
    4.88081872e-01 6.55655086e-01 1.88074422e+00 -7.85848618e-01
    -7.56649673e-01 1.14811015e+00 -5.00977755e-01 -9.89404202e-01
    -1.34912193e-01 2.14875698e-01 2.37935498e-01 1.40538514e+00
    1.38354564e+00 2.67225742e-01 1.65258718e+00 1.46351314e+00
    2.70929068e-01 -6.69014454e-01 -7.68732965e-01 9.05490637e-01
    -6.75840318e-01 -1.23643637e-01 1.88329542e+00 6.30681634e-01
    1.52355564e+00 3.69817525e-01 3.49937141e-01 -8.74253631e-01
    -2.21641257e-01 -3.60428482e-01 1.88692361e-01 1.98133230e+00
    -2.79875308e-01 -5.55482507e-01 1.88060388e-01 1.25496888e+00
    7.21560299e-01 1.75202656e+00 3.53628546e-02 -8.98645341e-01
    1.43652487e+00 -1.27113953e-01 -2.53716111e-01 1.66137516e+00
    8.25297117e-01 1.14305186e+00 -7.80896604e-01 9.92317721e-02
    -1.06480002e-01 1.12867780e-01 1.12359452e+00 4.73693796e-02
    6.07603967e-01 -6.55073106e-01 -1.49626449e-01 8.45200866e-02
    -9.40793455e-02 1.28106499e+00 6.45925581e-01 1.11951661e+00
    3.41343820e-01 1.46670759e+00 5.25009573e-01 -1.52197689e-01
    1.23476481e+00 -5.31558931e-01 1.28194475e+00 1.17468767e-01
    1.15005806e-01 8.72090101e-01 -7.62892962e-01 2.51970083e-01
    1.50060558e+00 1.88722718e+00 1.08661330e+00 -5.75711250e-01
    1.12191296e+00 4.72800076e-01 1.17071497e+00 -8.84205818e-01
    3.21254998e-01 -5.49942851e-01 1.89481497e+00 -1.77724764e-01
    2.57412225e-01 1.31269062e+00 3.08100730e-01 5.05804956e-01
    -1.94584623e-01 -1.50165290e-01 -5.03588438e-01 1.18489265e+00
    6.46574974e-01 -8.28890502e-01 1.78264275e-01 1.63249910e+00
    -2.30459452e-01 7.35758245e-01 8.66846889e-02 1.69482219e+00
    4.87835974e-01 1.22577727e+00 1.27113235e+00 1.68253577e+00
    1.68179584e+00 -9.43301320e-01 -1.02521546e-01 -1.88751921e-01
    1.80207837e+00 -6.58437133e-01 7.23115027e-01 9.16414738e-01
    3.06504786e-01 -4.50748026e-01 9.72112298e-01 -7.59765431e-02
    6.97890699e-01 1.19068348e+00 5.32128274e-01 -2.46453986e-01
    1.76342177e+00 1.40327096e+00 2.45475117e-02 -4.88576204e-01
    3.29406798e-01 1.67994881e+00 1.38378084e+00 1.89650548e+00
    1.62271285e+00 -5.88371679e-02 7.89421499e-02 8.41872096e-01
    1.41262686e+00 -8.16246927e-01 1.89476264e+00 -2.40452409e-01
    3.07198167e-01 1.40000868e+00 1.25947642e+00 -1.46840336e-02
    1.18109822e+00 1.31543279e+00 6.75215662e-01 1.46963227e+00
    3.89573604e-01 5.97048521e-01 1.96302533e+00 1.18640602e+00
    1.45233917e+00 1.98460174e+00 -1.72069103e-01 -6.74970329e-01
    1.60694933e+00 9.07755375e-01 4.54734564e-01 3.34273249e-01
    -7.83333182e-01 1.81813836e+00 1.95356929e+00 1.55830562e+00
    -9.84238446e-01 7.19553471e-01 1.23948872e+00 1.61568254e-01
    1.45955011e-01 2.71551430e-01 -1.11324362e-01 1.59977555e+00
    1.81734636e-01 3.42764020e-01 6.18237019e-01 1.41244495e+00
    1.82689774e+00 1.08338809e+00 8.67332101e-01 1.72076654e+00
    1.31454098e+00 1.65018725e+00 5.93822002e-01 -4.19870347e-01
    8.40049744e-01 -4.24795598e-02 -7.63702750e-01 -7.09983185e-02
    -1.06828131e-01 1.49104655e+00 1.39413643e+00 -6.80060685e-01
    -2.76455134e-01 1.65008581e+00 -4.58962083e-01 1.18861389e+00
    7.59169936e-01 -2.88974661e-02 8.91143620e-01 9.18857276e-01
    1.47100163e+00 3.39867741e-01 5.66380203e-01 1.61975586e+00
    7.79507995e-01 -5.10707498e-01 9.82369483e-01 2.53777832e-01
    5.05275369e-01 2.80287772e-01 5.55331230e-01 3.98527145e-01
    7.97997952e-01 4.70670573e-02 -5.60613990e-01 1.70044333e-01
    1.13928723e+00 5.92097230e-02 1.43181667e-01 1.70684433e+00
    1.13472569e+00 -5.22738516e-01 1.53294969e+00 -3.47323626e-01
    1.19271946e+00 1.78171694e+00 1.43452275e+00 -7.98485577e-01
    1.52348804e+00 1.30924885e-03 -1.66001990e-01 1.02602923e+00
    1.85036242e+00 1.29683033e-01 1.71009612e+00 -2.00358450e-01
    -3.05079013e-01 6.39705002e-01 -2.35084772e-01 -2.12954599e-02
    1.39985073e+00 1.90777397e+00 3.57764214e-01 -4.24105734e-01
    5.92162251e-01 -6.08172044e-02 -1.57294437e-01 -9.19528186e-01
    1.56537449e+00 1.33441404e-01 -2.37728566e-01 1.77607358e-01
    1.13635026e-01 -8.00790370e-01 2.82301694e-01 2.40593087e-02
    1.72795308e+00 -1.54620707e-01 1.35418653e+00 1.64021230e+00
    8.05257022e-01 1.47256947e+00 1.36908257e+00 1.82954073e+00
    -6.79559529e-01 1.70636666e+00 6.37587905e-01 -4.40473437e-01
    -1.80043638e-01 1.33431816e+00 1.77260411e+00 1.19203913e+00
    -3.29244018e-01 1.09244454e+00 -4.43967432e-01 -1.62913829e-01
    4.10561621e-01 4.12719011e-01 1.21465766e+00 1.14644289e+00
    9.85748410e-01 1.75127435e+00 1.20909147e-01 1.73684680e+00
    5.30210197e-01 -1.62942618e-01 1.45297384e+00 -2.67749488e-01
    4.25319731e-01 -3.94920051e-01 -6.77033722e-01 -7.01732710e-02
    1.09609914e+00 4.52355504e-01 -4.79090571e-01 1.17468023e+00
    1.30749202e+00 -6.89332485e-01 8.43154252e-01 1.66549146e+00
    7.88744867e-01 4.90444034e-01 -7.45314896e-01 -6.15191698e-01
    1.72646666e+00 4.38562900e-01 7.69764364e-01 1.41876668e-01
    -1.63970873e-01 8.49797547e-01 7.14003503e-01 1.82646155e+00
    1.71323884e+00 1.69525146e+00 -9.60640073e-01 5.56368113e-01
    -4.39194620e-01 1.54248679e+00 3.29454690e-01 9.36906636e-01
    1.77193761e+00 1.59855044e+00 4.92116272e-01 1.81062841e+00
    -1.14291735e-01 9.21017379e-02 1.05090690e+00 -3.36498022e-01
    9.54060018e-01 1.74432039e+00 9.54826474e-02 -8.09647739e-01
    9.44060743e-01 1.91861725e+00 4.11524206e-01 1.04316473e+00
    1.63597381e+00 5.95440388e-01 -3.19278866e-01 1.58043361e+00
    6.46468699e-01 -2.03204170e-01 8.31497133e-01 1.54091108e+00
    -7.39288926e-01 1.84917912e-01 1.74979055e+00 1.07506764e+00
    1.44364142e+00 1.58919752e+00 5.15395999e-01 -7.12128639e-01
    2.20430359e-01 -3.83446842e-01 -3.54008138e-01 1.42628014e+00
    -2.95970857e-01 8.39032650e-01 1.18123639e+00 -4.93359149e-01
    2.24560356e+00 1.44987655e+00 1.80039918e+00 3.50734025e-01
    -9.46275890e-01 -9.30280030e-01 2.27814332e-01 1.41511941e+00
    3.80735129e-01 1.41075671e-01 1.75327373e+00 1.53608215e+00
    1.16230571e+00 3.44362974e-01 -8.46244633e-01 -1.79505154e-01
    9.45393648e-03 1.98781878e-01 3.99132013e-01 1.88279688e+00
    9.94189918e-01 -4.11904126e-01 -5.06519377e-01 1.15896571e+00
    1.71760690e+00 -8.57443437e-02 1.90658021e+00 8.69553745e-01
    8.75146031e-01 1.66299927e+00 -4.39406425e-01 5.32082677e-01
    9.76881564e-01 1.94558114e-01 -8.58684599e-01 -8.15874100e-01
    5.81318000e-03 -5.27845919e-01 -2.35495791e-01 1.77893603e+00
    -8.56635213e-01 -5.03547609e-01 -5.93100846e-01 1.39905536e+00
    1.49113858e+00 -8.75062108e-01 -3.65473852e-02 1.62005082e-01
    -5.58268428e-01 5.21530330e-01 -8.94672871e-02 9.52806950e-01
    1.77190197e+00 1.95279908e+00 1.62092185e+00 -8.92226756e-01
    -6.06670491e-02 -9.98908579e-02 -7.98156023e-01 -3.02814543e-01
    -4.09355909e-01 -9.05923069e-01 -9.24201131e-01 2.98065752e-01
    -1.68690711e-01 3.88099968e-01 1.28691828e+00 2.98843205e-01
    -5.18901825e-01 2.20227942e-01 -1.48305357e-01 1.40717387e+00
    -7.08285153e-01 1.54902899e+00 5.13722897e-01 1.95906609e-01
    1.69482028e+00 4.91893798e-01 -6.51184797e-01 -8.41200769e-01
    -8.11751604e-01 1.69133961e+00 -2.74933755e-01 1.57520390e+00
    6.58999979e-01 1.26837730e-01 3.01431000e-01 4.25620884e-01
    1.12200403e+00 3.49430680e-01 -4.41332996e-01 1.27373207e+00
    1.51840639e+00 -6.03844702e-01 1.91608202e+00 1.94252837e+00
    -8.55628014e-01 -1.37727195e-02 -7.55802691e-01 -3.75686526e-01
    1.40563738e+00 1.54448152e+00 -2.82059945e-02 4.08267885e-01
    -9.80277717e-01 -4.54784691e-01 1.69470596e+00 1.34879243e+00
    -1.09209999e-01 6.21718168e-01 2.45859802e-01 1.70979989e+00
    5.08788168e-01 1.60347700e+00 4.78604406e-01 1.56568480e+00
    -9.57166553e-02 -1.12594895e-01 6.28340602e-01 -2.77162313e-01
    -3.31383169e-01 -6.54894829e-01 8.52687359e-01 1.28764808e+00
    -4.64368910e-02 -5.90426266e-01 1.41570389e+00 1.59475839e+00
    9.94209707e-01 1.40573931e+00 -3.87085557e-01 8.96294415e-01
    8.89822185e-01 1.28868508e+00 -4.12917644e-01 4.22907084e-01
    -5.11393189e-01 1.15061545e+00 1.24681160e-01 -4.90457207e-01
    1.88721931e+00 -1.73634499e-01 -3.75887871e-01 -4.87071604e-01
    -1.01553395e-01 1.31077394e-01 1.67483234e+00 1.54120767e+00
    2.21767932e-01 -9.12856936e-01 1.50856304e+00 1.84068072e+00
    1.27644098e+00 -7.47009933e-01 -1.27884999e-01 -4.80393041e-03
    1.34683692e+00 -6.83364391e-01 -3.33219916e-01 4.38039064e-01
    1.63081956e+00 -1.47458032e-01 1.77541304e+00 1.33123800e-01
    -5.61991513e-01 -8.72951031e-01 1.16221619e+00 -7.65250325e-01
    -9.14326012e-01 -8.13342750e-01 1.12332952e+00 9.61079895e-01
    8.60243261e-01 -3.05066943e-01 8.34563196e-01 5.78955710e-01
    -4.69175607e-01 1.35036707e+00 -4.66660053e-01 8.08856964e-01
    2.47682899e-01 -6.72267437e-01 1.94819725e+00 -1.91993475e-01
    1.40405202e+00 -5.27896464e-01 2.01983070e+00 1.19856429e+00
    -7.73842782e-02 -9.02673185e-01 9.64842513e-02 -3.34571630e-01
    -4.87058088e-02 1.71790326e+00 1.29116738e+00 1.80837643e+00
    -2.62479573e-01 1.96344897e-01 1.40721834e+00 8.52157950e-01
    1.12221289e+00 1.80140400e+00 7.49049246e-01 1.81798652e-01
    4.59301621e-01 -4.94546592e-01 2.00281501e-01 3.68152946e-01
    -1.97330713e-01 -6.66683018e-01 7.14106381e-01 7.71929801e-01
    1.59604144e+00 6.09291375e-01 1.43249500e+00 -9.61595550e-02
    -3.43758702e-01 1.17542338e+00 1.72382104e+00 -3.95573050e-01
    1.18302119e+00 -1.64554760e-01 7.31595635e-01 -5.19109488e-01
    1.35934603e+00 -4.42018956e-01 -5.93513809e-02 -6.94731116e-01
    -8.93925056e-02 7.88346410e-01 -6.44178748e-01 1.53407049e+00
    1.81965208e+00 -2.99863845e-01 3.23624402e-01 1.11820409e-02
    -9.48104858e-02 -4.02445585e-01 -3.63108158e-01 -6.01930499e-01
    6.84958175e-02 4.26494539e-01 -2.26535782e-01 4.73691761e-01
    1.64749730e+00 1.03146672e+00 5.03986418e-01 7.09923208e-02
    5.36558032e-01 4.10341740e-01 7.28275895e-01 -5.95668375e-01
    -7.75804877e-01 1.90299165e+00 1.99375272e-01 1.63362473e-01
    2.27475476e+00 -6.10704303e-01 2.55606491e-02 -1.90208986e-01
    1.91459322e+00 1.00068641e+00 1.47930527e+00 6.35168552e-01
    -6.40187502e-01 -1.86624378e-01 1.05517042e+00 1.06953420e-02
    -4.70753700e-01 1.25434458e+00 5.24797916e-01 -1.03128624e+00
    -3.54921967e-02 1.83695447e+00 -4.07490492e-01 1.56315744e+00
    1.03543496e+00 6.12806857e-01 1.81206918e+00 9.01777804e-01
    1.80098009e+00 1.81840456e+00 7.32653856e-01 1.27955687e+00
    -5.55478871e-01 2.76603520e-01 4.78752345e-01 -2.15085641e-01
    1.07878900e+00 1.76756158e-01 -6.34891093e-02 -2.74291724e-01
    -1.82549506e-01 3.64634335e-01 -1.23369381e-01 -6.55231655e-01
    1.19611871e+00 7.16800094e-01 5.87842949e-02 1.05891728e+00
    -7.53663301e-01 8.46353471e-01 1.08532667e+00 1.23211360e+00
    -7.41851926e-01 -3.51056159e-01 -9.10290599e-01 2.99323022e-01
    1.83493173e+00 -7.63683379e-01 1.17995158e-01 2.32897848e-02
    1.81174576e+00 -8.63997698e-01 -9.13169503e-01 1.76501274e+00
    -2.72849560e-01 1.44917297e+00 1.62039697e-01 1.49766099e+00
    -5.38533106e-02 1.53614593e+00 -3.60638857e-01 9.61321652e-01
    1.48047507e+00 1.65482986e+00 7.67860636e-02 1.92444098e+00
    1.84958816e-01 -1.28785565e-01 1.13787556e+00 8.34874213e-01
    -6.06683135e-01 1.07933533e+00 6.88851535e-01 -4.02678758e-01
    1.32952106e+00 5.49060464e-01 1.69264066e+00 -8.08464825e-01
    -2.41734400e-01 -8.62120628e-01 1.59861255e+00 5.44438362e-01
    -7.80409202e-02 3.09198290e-01 1.31233656e+00 -6.10542074e-02
    -2.47807354e-01 2.63708401e-02 1.46462202e+00 -3.81526202e-01
    -8.46361220e-01 -7.93455660e-01 -4.56597805e-01 4.59493995e-01
    1.06887519e+00 1.50271451e+00 9.85920191e-01 2.35201657e-01
    -4.48725164e-01 1.90653133e+00 1.11607003e+00 -7.33285248e-02
    -3.96130472e-01 1.15025473e+00 -8.70910943e-01 1.54331696e+00
    4.31142390e-01 9.76973355e-01 6.20684735e-02 -9.75561440e-02
    1.22433507e+00 -3.81598890e-01 1.82585084e+00 6.72042221e-02
    -1.25594260e-02 -1.49492234e-01 -6.27699912e-01 4.24665213e-01
    3.42754245e-01 3.05862397e-01 1.11987019e+00 1.90231264e+00
    -5.93942761e-01 1.40610230e+00 -6.17200732e-01 1.80014384e+00
    7.59006381e-01 2.18715250e-01 -3.88367206e-01 1.58065009e+00
    5.95752656e-01 1.93167937e+00 1.66450226e+00 1.17089915e+00
    3.84677738e-01 1.20342588e+00 1.06097966e-01 -7.36881018e-01
    3.38883966e-01 1.83720976e-01 -4.56217527e-01 -5.27906001e-01
    1.01650560e+00 2.28437066e-01 9.17368174e-01 4.33023244e-01
    -7.43436456e-01 2.98461199e-01 -7.00973943e-02 1.73570776e+00
    -8.97037983e-01 -8.33395004e-01 -4.24817413e-01 5.42433321e-01
    1.39389861e+00 1.60855711e+00 4.89109755e-01 1.75481808e+00
    1.20880175e+00 1.38626903e-01 1.08839512e-01 8.19337308e-01
    -3.03673685e-01 1.13659966e+00 6.52606070e-01 -2.64860272e-01
    -9.38979328e-01 7.52763271e-01 9.36904475e-02 1.88125455e+00
    1.87780428e+00 3.96495819e-01 -9.77987289e-01 8.60520244e-01
    -3.79944354e-01 1.64796472e+00 6.66538298e-01 4.22423631e-01
    -7.43025720e-01 -9.16337073e-01 1.43416059e+00 2.76515484e-01
    1.88184416e+00 1.82498527e+00 3.61129910e-01 1.87529433e+00
    4.98412997e-01 2.48428881e-01 -2.31003433e-01 -1.16704360e-01
    -6.96252525e-01 2.28909656e-01 -5.07939398e-01 1.58348286e+00
    -2.31127456e-01 6.04589045e-01 5.55563688e-01 1.04949450e+00
    9.89690006e-01 1.75539196e+00 -4.22356367e-01 -4.79069315e-02
    4.69788224e-01 -6.75043702e-01 2.24085405e-01 1.78994596e+00
    1.93138278e+00 -3.04924548e-01 1.34158683e+00 1.85017896e+00
    4.24500912e-01 7.79561102e-01 3.03191990e-01 3.46870631e-01
    -3.98523033e-01 7.21768558e-01 6.98200762e-01 1.97857749e+00
    4.41319525e-01 9.81310084e-02 1.39743316e+00 5.82964838e-01
    5.77048622e-02 1.16935599e+00 -4.11799729e-01 -1.88633636e-01
    -6.26146495e-01 -2.79387385e-01 1.34553862e+00 1.42819726e+00
    2.11814687e-01 1.27602053e+00 2.39193410e-01 6.70631975e-02
    1.99594235e+00 6.77131474e-01 1.41135597e+00 1.99312091e+00
    -9.24505830e-01 -6.78911924e-01 1.63054502e+00 1.56148029e-02
    1.64740610e+00 -2.99442887e-01 7.14176893e-01 -3.45087320e-01
    5.32183843e-03 3.82722579e-02 7.06877410e-01 2.33626023e-01
    2.07956839e+00 2.14747190e+00 1.23362221e-01 5.44303656e-01
    2.51661837e-01 -6.17147505e-01 -5.65354466e-01 -7.83269554e-02
    1.16256249e+00 1.79779482e+00 -9.18803573e-01 -5.47101498e-01
    1.08418524e+00 1.12647879e+00 2.17885181e-01 1.28951919e+00
    4.84323591e-01 1.04674363e+00 2.32338488e-01 -5.10938644e-01
    -8.75559002e-02 1.91616273e+00 -3.45175773e-01 4.00634795e-01
    -7.09983289e-01 -7.64185667e-01 -1.08463898e-01 1.25859356e+00
    1.74218357e+00 1.02610993e+00 1.12577951e+00 -7.85059094e-01
    1.54422748e+00 -3.59449238e-01 5.35671532e-01 3.77118438e-01
    6.03879035e-01 1.27455443e-01 7.54266620e-01 -5.31564593e-01
    8.20498705e-01 3.94836180e-02 9.45008337e-01 5.48414178e-02
    5.97884536e-01 -4.33762938e-01 2.01904953e-01 -3.10763687e-01
    1.01407802e+00 -3.81421804e-01 -3.57809246e-01 5.12494184e-02
    -4.67657447e-01 9.68874037e-01 -3.07670534e-01 6.42965794e-01
    1.36906695e+00 -7.64782548e-01 -3.30258787e-01 9.25963104e-01
    1.51528823e+00 5.51976124e-03 1.71871889e+00 1.14507723e+00
    -1.19640730e-01 1.86818302e+00 1.19790518e+00 2.23243609e-01
    1.46911144e+00 -7.94771314e-01 -8.59776556e-01 -1.28472641e-01
    2.62431771e-01 1.01183438e+00 -6.90053523e-01 7.78542101e-01
    2.24173903e-01 4.80336338e-01 -3.67996663e-01 1.85956299e+00
    -2.83738166e-01 2.77935453e-02 1.26648366e+00 1.40692818e+00
    -8.89397681e-01 2.44936109e-01 9.18419778e-01 -9.90069807e-01
    -6.68913543e-01 8.64341497e-01 1.13991201e+00 6.95094243e-02
    4.03638422e-01 8.67361784e-01 -8.14277112e-01 -3.50680023e-01
    1.65085101e+00 8.59258976e-03 -2.34923989e-01 8.45934570e-01
    1.00932729e+00 5.11589527e-01 8.44550490e-01 -4.37619060e-01
    1.94924808e+00 1.67904124e-01 1.24139237e+00 6.52962983e-01
    1.53360546e+00 -2.15221033e-01 -2.79135653e-03 -1.56076953e-01
    1.68777978e+00 5.22738576e-01 1.40070283e+00 1.77846205e+00
    1.07417524e+00 7.66632080e-01 1.58219445e+00 -3.46643358e-01
    1.38714182e+00 -3.87161463e-01 2.26782501e-01 -4.60736483e-01
    -1.40345976e-01 4.89794046e-01 3.75409514e-01 -7.29080021e-01
    1.07402217e+00 1.22089851e+00 -9.55236405e-02 5.42182326e-01
    3.05596232e-01 -4.69068527e-01 -3.72404933e-01 -2.44480252e-01
    -2.41769582e-01 -2.10736424e-01 1.15628910e+00 -6.45294785e-01
    1.80276716e+00 1.58256114e+00 5.94291270e-01 1.40360880e+00
    1.22660756e+00 1.40333438e+00 1.53994942e+00 1.54737234e+00
    1.44171381e+00 1.32632303e+00 -6.08864069e-01 -5.13964832e-01
    1.30554950e+00 3.19612712e-01 -2.74768263e-01 1.73115447e-01
    3.81622493e-01 9.77343321e-01 1.12793732e+00 1.42126799e+00
    1.47800708e+00 6.32503331e-01 4.45091687e-02 -7.19725966e-01
    3.89143340e-02 1.10876620e+00 9.02059138e-01 -5.00290729e-02
    1.96952677e+00 1.80353355e+00 -9.06720459e-01 5.64533174e-01
    1.36495709e+00 1.37358761e+00 -4.10837591e-01 -5.79213381e-01
    -3.90536278e-01 -4.28161412e-01 -8.72725964e-01 1.64155877e+00
    1.33461046e+00 1.89536989e+00 5.57582140e-01 -5.78348577e-01
    7.92641044e-02 1.63753569e+00 2.52632231e-01 6.65539265e-01
    -6.58116102e-01 -7.98854649e-01 -2.27754295e-01 1.07616401e+00
    -5.40131509e-01 -3.09926599e-01 2.55649507e-01 1.90817404e+00
    5.38118303e-01 8.47274303e-01 1.58159816e+00 8.92005682e-01
    1.50003159e+00 7.63436675e-01 1.25786865e+00 -3.83393541e-02
    -5.66349685e-01 -1.09233230e-01 2.20479116e-01 1.30397213e+00
    -2.34247103e-01 4.28932250e-01 1.06585455e+00 1.56863379e+00
    -7.44604766e-01 -8.54477167e-01 3.89609665e-01 -1.89645216e-01
    1.20736277e+00 4.95116502e-01 -6.66474104e-01 8.51879179e-01
    1.71153748e+00 -4.71970320e-01 1.42739952e+00 6.02250338e-01
    9.74235535e-01 -2.24530339e-01 1.46173060e+00 1.78813823e-02
    -6.74466193e-02 -4.80613202e-01 7.91367948e-01 -6.90794885e-01
    4.19431657e-01 1.10192084e+00 1.65592909e+00 1.62615371e+00
    1.11109698e+00 1.15757298e+00 -3.19301933e-01 9.71858621e-01
    1.35163403e+00 -7.30563223e-01 6.16357744e-01 2.51361489e-01
    -2.97567010e-01 1.07502270e+00 -3.00193816e-01 1.63467109e+00
    3.19637448e-01 2.86438882e-01 -5.36926508e-01 1.33658612e+00
    -7.48819947e-01 7.77817667e-01 1.48387039e+00 2.14870596e+00
    -4.45331544e-01 1.08858097e+00 1.12341726e+00 8.64197016e-01
    -8.02136421e-01 1.23156118e+00 1.89998817e+00 6.41801119e-01
    -5.51550925e-01 6.13597818e-02 1.55392754e+00 -4.76941824e-01
    1.00649782e-01 1.24935579e+00 2.02166419e-02 -6.74787819e-01
    1.68572509e+00 -4.29034770e-01 1.02987123e+00 -3.05921435e-01
    -4.52269316e-01 1.89095545e+00 7.31183589e-03 5.79796672e-01
    1.28237501e-01 -5.56043029e-01 7.61439025e-01 4.08372879e-01
    8.85482192e-01 4.50108469e-01 -7.16484070e-01 8.33254337e-01
    1.52642488e+00 8.24262440e-01 5.41029751e-01 -9.06889975e-01
    9.69177425e-01 6.29142106e-01 8.18458200e-02 6.24098599e-01
    -3.70873138e-02 -4.20025378e-01 1.26694411e-01 1.76134691e-01
    1.41974688e+00 1.18557107e+00 7.46595860e-01 1.12709713e+00
    4.72898901e-01 1.88515556e+00 1.22583914e+00 -5.14540672e-01
    1.18092704e+00 1.25193989e+00 1.61285594e-01 1.34465384e+00
    1.54695678e+00 1.14940917e+00 2.65690982e-01 1.65036178e+00
    1.54002428e+00 1.61389160e+00 6.53708577e-01 7.10604548e-01
    1.38594255e-01 -7.40627274e-02 7.96131492e-01 1.62784636e+00
    3.46937448e-01 -7.51280487e-01 1.02451932e+00 -1.66420668e-01
    1.57716393e-01 1.95107150e+00 -4.37348396e-01 1.61769509e+00
    1.00701535e+00 -6.21801734e-01 6.57909870e-01 9.96077180e-01
    1.51635015e+00 5.08102417e-01 5.19943610e-02 1.77423179e+00
    1.08060551e+00 9.96713564e-02 1.77574825e+00 6.31484091e-01
    1.83645153e+00 1.09086680e+00 1.74548769e+00 5.83315194e-01
    -8.65969777e-01 -5.51978290e-01 1.58571172e+00 1.44120133e+00
    7.94939280e-01 1.93163797e-01 1.51956701e+00 -1.82433560e-01
    6.30737007e-01 1.84752274e+00 -7.46930480e-01 -2.10393116e-01
    4.71763872e-03 -5.11345863e-01 -8.70513737e-01 1.46565270e+00
    1.49279296e-01 1.36251152e+00 1.24749470e+00 1.84379232e+00
    -7.50126302e-01 1.01724327e+00 3.39016706e-01 -4.87627536e-01
    -8.38783085e-01 1.35710776e+00 1.41434658e+00 -3.67682099e-01
    1.42451003e-01 -4.99937713e-01 -3.94162506e-01 8.89063999e-02
    -3.53258818e-01 3.12156081e-01 1.99365962e+00 1.21199977e+00
    3.15427154e-01 1.25852227e+00 1.73421586e+00 1.89852512e+00
    3.23712416e-02 1.13169990e-01 5.09848714e-01 -7.66839623e-01
    1.23767674e+00 -3.70424688e-01 3.40779752e-01 1.18106067e+00
    -3.36270601e-01 6.51270151e-01 -6.24460936e-01 7.01665044e-01
    3.48723237e-03 7.73414552e-01 -8.38617325e-01 -1.02142535e-01
    1.63758266e+00 -4.50421154e-01 6.72146022e-01 1.68222934e-01
    1.42156315e+00 5.27647257e-01 2.56442521e-02 5.05528569e-01
    1.41614592e+00 2.42196053e-01 1.02725112e+00 -3.98011923e-01
    1.20488775e+00 2.81383544e-01 1.64309311e+00 -5.11133552e-01
    1.01047564e+00 1.71132243e+00 -8.72234941e-01 2.19953567e-01
    1.16268182e+00 9.70474362e-01 1.44411969e+00 6.91969916e-02
    -6.34680390e-01 -8.68641257e-01 1.88716340e+00 1.92966998e+00
    -1.29622564e-01 -3.31501663e-01 9.70753372e-01 1.11953199e+00
    1.21285534e+00 -7.84711838e-02 1.84457028e+00 1.09434223e+00
    5.16458005e-02 -3.90154541e-01 -4.26159889e-01 2.90478349e-01
    -1.00576222e-01 1.09525263e+00 1.71352100e+00 -7.20829725e-01
    -8.22110236e-01 5.30704297e-02 1.62071049e+00 -7.70765364e-01
    -2.21140429e-01 1.49419725e+00 -5.99752903e-01 -4.73960519e-01
    1.54992238e-01 5.45189023e-01 -2.80191213e-01 1.74424160e+00
    1.46514028e-01 1.59705365e+00 4.75410730e-01 7.38698900e-01
    1.05050743e+00 -9.18198347e-01 -4.55539852e-01 1.35371792e+00
    8.52424085e-01 1.52366531e+00 -3.20310235e-01 -6.50426507e-01
    -7.87284002e-02 -7.01266766e-01 8.74636829e-01 -7.61284232e-01
    -5.67434430e-01 6.09671056e-01 -6.50568902e-02 -8.39089215e-01
    4.63061213e-01 1.16371214e+00 1.95685789e-01 -5.77417314e-01
    -6.92136586e-01 -6.44685924e-02 3.64395648e-01 3.26986074e-01
    -4.57342118e-01 1.70582366e+00 5.23406148e-01 -2.92754561e-01
    2.52420187e-01 -5.09874582e-01 8.56161892e-01 -1.20153849e-03
    -5.15398502e-01 6.77539945e-01 -8.04920375e-01 5.92851222e-01
    4.07636523e-01 6.54036283e-01 -9.54808742e-02 1.79953718e+00
    6.76824391e-01 -2.06167623e-02 7.00006306e-01 7.15871572e-01
    -2.27713197e-01 8.70840028e-02 2.01769328e+00 1.34324515e+00
    1.91311347e+00 6.97207570e-01 1.22946846e+00 1.04060912e+00
    4.27281827e-01 1.44206405e+00 8.77554774e-01 6.31828681e-02
    1.02965832e+00 1.11050117e+00 1.72275519e+00 1.65617573e+00
    1.47414601e+00 3.94950718e-01 -7.65550613e-01 1.26225495e+00
    1.24030161e+00 -4.03082013e-01 3.43920857e-01 5.28776944e-01
    8.00113380e-01 1.31086504e+00 1.82760203e+00 -4.28233981e-01
    9.70029712e-01 -9.91064310e-01 1.08102393e+00 3.17591786e-01
    -5.55984676e-01 1.38510263e+00 -5.17523140e-02 5.71979463e-01
    -5.06733537e-01 -2.21729055e-01 1.75415862e+00 1.51472712e+00
    9.94746149e-01 1.28812230e+00 1.50632370e+00 3.71769905e-01
    -3.63159776e-01 5.24034083e-01 -4.84832466e-01 -8.98947299e-01
    1.02884781e+00 -4.94781166e-01 1.51779115e+00 -2.86841869e-01
    -7.72778273e-01 1.01000476e+00 4.15207893e-01 8.38488340e-01
    1.41873455e+00 3.59771281e-01 -2.43771687e-01 -5.40810943e-01
    1.71951473e+00 -1.36001393e-01 1.01721835e+00 3.52941871e-01
    -7.54367650e-01 -3.06786776e-01 6.39237106e-01 -9.28925812e-01
    -7.94288993e-01 1.40102590e-02 3.01844150e-01 3.21926087e-01
    1.19907141e+00 7.93110847e-01 4.67004120e-01 1.82504106e+00
    1.69044840e+00 5.73581874e-01 -7.72398174e-01 8.45811427e-01
    3.55439372e-02 -4.56087410e-01 -2.02241004e-01 1.58415031e+00
    -3.11110824e-01 6.25165701e-01 1.76013052e-03 1.53333879e+00
    1.72021294e+00 -5.10548055e-01 9.85454082e-01 1.87989660e-02
    5.78681648e-01 1.18746889e+00 -3.50501534e-04 5.81402540e-01
    1.65463006e+00 8.47943604e-01 1.90222204e+00 1.46525383e+00
    1.21822262e+00 1.01591182e+00 -1.91834524e-01 1.43824124e+00
    3.91606987e-02 2.92831570e-01 4.11434006e-03 1.38917947e+00
    9.71362233e-01 3.48936141e-01 1.94348907e+00 -6.44069672e-01
    -6.15678206e-02 -1.57643095e-01 1.43187213e+00 1.05833960e+00
    -8.18577290e-01 -5.67636676e-02 1.65071130e+00 6.89397752e-01
    6.68112934e-01 8.82011205e-02 7.79220283e-01 -1.51619628e-01
    1.86958516e+00 1.51082492e+00 7.72176385e-01 6.28536284e-01
    6.62241101e-01 -2.88452417e-01 5.87600052e-01 4.35117811e-01
    -7.87803009e-02 1.32346964e+00 -5.58741689e-01 9.46724951e-01
    9.20595765e-01 -1.35945290e-01 1.19664991e+00 1.20384002e+00
    1.22578979e+00 1.79516268e+00 2.60861635e-01 -6.67436779e-01
    -8.75916705e-02 -3.59614760e-01 1.76037237e-01 1.77418423e+00
    1.84757030e+00 1.71345329e+00 1.24852037e+00 1.55749094e+00
    -9.61484730e-01 1.76976538e+00 -4.30663496e-01 6.20495141e-01
    6.51853681e-01 -6.41766310e-01 1.64251184e+00 6.94861710e-01
    -2.38835514e-01 1.15231073e+00 -8.77107382e-01 1.56073105e+00
    1.25412896e-01 1.03876257e+00 -7.40457535e-01 8.97593021e-01
    -9.76467609e-01 1.81976247e+00 -1.53454259e-01 -5.54272771e-01
    1.75188780e+00 -3.54348093e-01 -4.49876726e-01 1.58102751e-01
    2.84233719e-01 5.65621555e-01 7.14742124e-01 -5.29980600e-01
    -1.90872371e-01 6.68372869e-01 -4.56472784e-01 3.39135230e-01
    1.38752103e+00 1.78598726e+00 9.84182656e-01 -7.26399419e-04
    6.23910986e-02 -9.94691849e-01 4.08479758e-02 1.58673012e+00
    1.80054677e+00 4.72063422e-01 4.84363139e-02 9.23681319e-01
    1.71112347e+00 7.29852796e-01 7.83329785e-01 -7.82232046e-01
    1.32048225e+00 -8.75785649e-01 -4.23131227e-01 8.87966394e-01
    -6.11850142e-01 3.03093847e-02 -6.03832185e-01 1.83821011e+00
    1.95368171e-01 -1.35800585e-01 1.87351966e+00 1.17600322e+00
    7.43850350e-01 -4.33103561e-01 4.45237100e-01 1.67850840e+00
    2.92249262e-01 6.44989550e-01 1.38071716e+00 -3.27628106e-01
    -1.96506977e-01 2.68886358e-01 -1.55437753e-01 1.63089740e+00
    1.73444855e+00 -8.67358670e-02 1.98742175e+00 1.56652200e+00
    1.16929567e+00 -7.84423053e-01 3.70178342e-01 3.12098950e-01
    -5.11097312e-01 1.38428926e+00 -1.64030939e-01 2.18951672e-01
    1.11341035e+00 2.68211067e-01 3.63714099e-01 6.34866118e-01
    -2.93904662e-01 1.45047331e+00 1.43501353e+00 1.52942312e+00
    -3.01537901e-01 -6.97701693e-01 3.83226097e-01 7.46252179e-01
    -5.42900205e-01 1.05314374e+00 1.49843919e+00 -4.39735115e-01
    7.40009904e-01 1.01247287e+00 3.09250914e-02 1.73655879e+00
    1.50961089e+00 6.47271037e-01 6.37765229e-01 2.05129004e+00
    1.85320050e-01 4.39040631e-01 -2.67775923e-01 -4.09993500e-01
    3.56119394e-01 1.25663769e+00 -3.13912898e-01 1.63677621e+00
    -2.68600792e-01 4.77896661e-01 -1.69597417e-01 -5.83110929e-01
    1.78795123e+00 1.02022898e+00 1.86476254e+00 9.30602372e-01
    1.52312958e+00 1.28635705e+00 4.43806499e-01 1.87309697e-01
    8.47362727e-02 -5.86379528e-01 6.18885875e-01 -9.74256217e-01
    1.90454268e+00 7.52541497e-02 -6.51448146e-02 1.64925885e+00
    4.08813119e-01 2.94580907e-01 1.00002730e+00 -3.29131722e-01
    4.24808472e-01 -7.29116440e-01 1.61879432e+00 1.42603827e+00
    -4.07422930e-01 -3.37090254e-01 1.30650651e+00 9.97591436e-01
    2.03941748e-01 4.13451307e-02 1.59918320e+00 1.28020680e+00
    1.28526703e-01 -5.43511510e-01 1.30538380e+00 1.34115064e+00
    1.86790538e+00 7.41526067e-01 -8.37314963e-01 1.98797941e+00
    1.62644351e+00 -1.70570254e-01 4.76556331e-01 -3.04814875e-01
    1.44298410e+00 -6.04076326e-01 -2.71576852e-01 1.86422157e+00
    1.08278561e+00 1.39999402e+00 2.22840741e-01 -9.86891985e-01
    1.03408146e+00 -6.88188851e-01 -7.19919920e-01 5.18993199e-01
    8.98299336e-01 8.48578691e-01 4.69266117e-01 -7.57737458e-01
    -6.17620051e-01 1.10955894e+00 -5.41428030e-01 8.78439963e-01
    -2.54361480e-01 1.41631901e+00 2.57024497e-01 -4.16250020e-01
    -4.45254922e-01 -1.51956826e-01 2.35476680e-02 -5.32381713e-01
    9.64692473e-01 1.49735367e+00 1.73392862e-01 1.14968336e+00
    1.45118976e+00 9.54694450e-01 4.71912265e-01 -7.78815821e-02
    -5.74659169e-01 3.55812907e-01 -8.59557807e-01 6.43469572e-01
    -6.26615345e-01 1.95457411e+00 1.94542539e+00 -3.50410283e-01
    2.59894073e-01 -8.50127876e-01 -3.12316477e-01 1.08475852e+00
    -4.12192315e-01 1.49653757e+00 -4.26013023e-01 7.88913667e-01
    2.54588872e-02 1.69356930e+00 -6.89480186e-01 1.07225418e+00
    8.52335989e-01 -7.99156308e-01 9.68553662e-01 4.34265375e-01
    2.40946934e-01 9.98255610e-01 -6.84171140e-01 -7.74476588e-01
    1.92797124e+00 -4.61972326e-01 -4.73051578e-01 -2.74487495e-01
    1.89635623e+00 1.12977123e+00 2.97732502e-01 3.61101717e-01
    1.85047829e+00 5.75669371e-02 7.58856833e-02 2.99164414e-01
    1.78411931e-01 1.03682503e-01 -7.37805963e-02 -4.67787623e-01
    9.70531106e-01 1.33733475e+00 1.03899419e+00 8.96711290e-01
    -4.59120125e-01 5.55433750e-01 4.79573637e-01 6.59773469e-01
    1.11383688e+00 -6.45165026e-01 -1.99820668e-01 1.71148086e+00
    1.72150397e+00 3.70949149e-01 -4.23840582e-02 7.65889511e-02
    6.44443989e-01 -4.78656888e-01 -2.26526394e-01 8.89177680e-01
    5.33437848e-01 -3.88563782e-01 -6.77300990e-01 1.09371018e+00
    2.60094494e-01 6.63184702e-01 1.30327559e+00 7.82996416e-01
    1.19952016e-01 -2.86274433e-01 -1.93354189e-01 1.37315893e+00
    1.76822197e+00 6.26321733e-01 -6.95123315e-01 1.28701735e+00
    1.76127398e+00 1.13272941e+00 8.64109576e-01 -8.70522022e-01
    1.61798847e+00 -8.82222235e-01 4.38787848e-01 1.67570770e+00
    -5.84212303e-01 1.82735384e+00 6.71586037e-01 1.39809477e+00
    9.64567997e-03 1.14759874e+00 -4.07399148e-01 7.36296773e-01
    5.14550567e-01 6.85232759e-01 1.80823517e+00 -4.75796610e-01
    1.17837048e+00 8.54963124e-01 1.91812027e+00 8.91520798e-01
    5.93410015e-01 1.73804581e+00 -2.72908211e-01 1.63948417e+00
    -4.94871020e-01 1.32405972e+00 -6.71972275e-01 -8.83695722e-01
    -6.00455940e-01 -2.53356919e-02 1.32675827e+00 2.65207916e-01
    1.88582313e+00 1.33279264e+00 1.53775918e+00 1.78518820e+00
    -4.91821647e-01 8.70862067e-01 6.81450665e-01 2.75582999e-01
    1.32182610e+00 5.82722604e-01 4.10728484e-01 1.66376972e+00
    -7.96370089e-01 1.10074565e-01 1.09416664e+00 1.06731808e+00
    -2.96050340e-01 -9.34618115e-02 3.56155783e-01 6.75092459e-01
    4.46061432e-01 9.29320514e-01 1.39801216e+00 1.32433832e+00
    -2.54999578e-01 2.00562775e-01 1.90689027e+00 1.31490231e+00
    2.27524281e-01 -1.23035476e-01 -2.45899446e-02 2.08641514e-01
    -4.36703712e-01 -3.52233082e-01 -3.77123296e-01 1.98222756e+00
    -2.41696775e-01 1.12949574e+00 5.66019297e-01 1.52420318e+00
    1.36583185e+00 3.37610573e-01 1.16406369e+00 8.59979808e-01
    5.51540852e-01 1.14087522e+00 1.18989480e+00 9.49163139e-01
    6.20722890e-01 1.05321336e+00 1.59858525e+00 -9.70175564e-02
    -8.87297094e-01 -2.67888218e-01 5.73124826e-01 -1.85266256e-01
    -7.20385551e-01 -8.62599909e-01 9.07034874e-01 1.90788245e+00
    8.89626265e-01 1.12758195e+00 4.51979727e-01 1.92551389e-01
    -8.95303845e-01 1.56006598e+00 -6.74675703e-01 3.75716537e-01
    -7.40045905e-01 1.45407605e+00 2.14226320e-01 -3.53660882e-01
    -9.41551924e-01 -8.68576944e-01 1.69788122e+00 -2.46454746e-01
    9.18250144e-01 9.81209159e-01 3.30742627e-01 1.37178218e+00
    1.57416725e+00 7.70702064e-01 -8.82370174e-01 1.28750280e-01
    -7.95050979e-01 1.88649511e+00 5.94977319e-01 1.69190872e+00
    -1.44821103e-03 1.05645621e+00 1.89243841e+00 1.54393661e+00
    -6.50156558e-01 -6.06689751e-01 7.20821097e-02 -7.78352201e-01
    1.58763134e+00 -9.54975724e-01 7.25964487e-01 -1.20088309e-01
    6.27303049e-02 -2.20044434e-01 6.42947257e-01 3.71658789e-05
    1.04100478e+00 1.95790887e-01 -1.00146987e-01 2.51858801e-01
    1.47686851e+00 1.70195147e-01 3.97743046e-01 1.41498077e+00
    1.28306001e-01 9.28599119e-01 -6.99454427e-01 -2.71270692e-01
    1.11102319e+00 1.90401092e-01 -8.85231793e-01 2.90483892e-01
    -1.39738649e-01 1.52305317e+00 -7.94378400e-01 -2.29911476e-01
    1.18694401e+00 -7.52449393e-01 -3.35970938e-01 1.76731074e+00
    -3.10429513e-01 1.48427308e+00 2.03778997e-01 6.02141321e-01
    1.59772146e+00 -8.86094034e-01 3.50931108e-01 8.88755620e-01
    1.49857864e-01 1.98726892e+00 3.12099364e-02 -3.85778308e-01
    -5.57374656e-01 1.44890964e+00 -3.41491878e-01 -1.75755635e-01
    -5.96565783e-01 1.99869454e+00 -1.86417595e-01 4.13774163e-01
    4.53362793e-01 4.00394291e-01 1.02651834e+00 9.58015859e-01
    6.03624880e-01 5.52036643e-01 -8.25698256e-01 9.53697979e-01
    -2.86979437e-01 -9.36448157e-01 -5.51607609e-01 -5.77716470e-01
    6.07967138e-01 -8.77122805e-02 -4.19187456e-01 1.07819796e+00
    5.46128631e-01 3.00019085e-01 1.65133989e+00 7.15991735e-01
    -2.72503287e-01 -5.70391297e-01 -6.51203692e-01 -2.69315273e-01
    -7.86300361e-01 -1.52202919e-01 4.66904044e-01 1.80287826e+00
    1.01645637e+00 -1.11663282e-01 8.67998302e-01 1.62941980e+00
    -6.14248693e-01 8.37901890e-01 -7.43937969e-01 8.49350512e-01
    2.92248070e-01 -8.07410300e-01 -6.09016120e-01 4.56181258e-01
    1.41443205e+00 -8.61690938e-01 1.82552021e-02 1.78385723e+00
    6.82459176e-01 -8.33342597e-03 -6.24306083e-01 -7.86531806e-01
    -3.33759874e-01 9.03522551e-01 1.92022765e+00 3.27590734e-01
    7.18920171e-01 3.87872726e-01 1.18126726e+00 1.59471631e+00
    1.30046710e-01 1.34402645e+00 -6.88002408e-01 -7.85039842e-01
    -1.99024886e-01 1.22492158e+00 -6.21972263e-01 1.28770351e+00
    -1.50694624e-01 9.32560802e-01 1.18033803e+00 4.83796746e-01
    1.49050796e+00 1.50068969e-01 1.73257577e+00 4.59658951e-01
    3.48881423e-01 1.72322166e+00 9.18577433e-01 9.71086085e-01
    2.57762790e-01 1.08827579e+00 -1.80028960e-01 -3.34601611e-01
    -8.29289615e-01 1.87071705e+00 1.19457757e+00 8.93524885e-01
    3.06225359e-01 1.05853498e+00 1.90439832e+00 1.69619274e+00
    -5.85061967e-01 1.27260482e+00 -8.90979230e-01 -1.63899679e-02
    6.85314476e-01 1.64277196e+00 8.66722465e-01 4.63252127e-01
    1.81192362e+00 1.42109716e+00 2.27455094e-01 -1.40832976e-01
    1.34444380e+00 1.28651655e+00 -5.70001662e-01 1.27656102e+00
    -7.48443723e-01 1.56600010e+00 8.15940201e-01 9.62032735e-01
    -3.45664024e-01 9.43888128e-01 4.12858188e-01 5.61454535e-01
    -2.18939960e-01 1.01022232e+00 1.31256175e+00 5.32263577e-01
    1.60717010e+00 4.56192903e-02 3.71492654e-01 2.31930509e-01
    4.65134740e-01 1.65229273e+00 -2.07897604e-01 7.07685292e-01
    6.48628652e-01 -5.83227158e-01 -7.64784932e-01 3.19804192e-01
    9.68014002e-02 6.71899736e-01 9.50479731e-02 1.90397239e+00
    1.41614652e+00 9.68811333e-01 -3.01330090e-01 1.06938744e+00
    2.29384497e-01 3.42558146e-01 -5.16681492e-01 1.30625379e+00
    -5.99766493e-01 1.94372046e+00 8.89284611e-01 1.70887458e+00
    6.82129920e-01 4.98672575e-02 -6.06304348e-01 -9.75110769e-01
    -1.18491583e-01 1.61956382e+00 1.36193991e+00 -4.01980162e-01
    1.77165651e+00 1.42865098e+00 6.39693618e-01 1.08534038e+00
    9.86024201e-01 1.35178232e+00 8.56474757e-01 1.12217355e+00
    1.00871241e+00 4.60144877e-01 3.58992040e-01 -2.38758534e-01
    8.98844540e-01 -1.02618444e+00 -2.25644156e-01 -6.36315107e-01
    -1.89177826e-01 2.76500225e-01 -2.75292635e-01 -1.45215780e-01
    8.38771164e-01 1.95765913e+00 -4.90077049e-01 6.67492747e-01
    1.40986538e+00 4.84597385e-01 5.20858526e-01 1.77577531e+00
    -6.84437633e-01 2.80350119e-01 1.67298698e+00 1.92974126e+00
    1.35205674e+00 1.27430987e+00 6.64774537e-01 1.08575654e+00
    9.79786336e-01 1.88802481e+00 -3.86638075e-01 -4.71896440e-01
    1.87132227e+00 1.89726710e+00 2.43762895e-01 2.54420340e-01
    -1.35670781e-01 -6.16173565e-01 4.28778589e-01 1.95592976e+00
    1.37879968e+00 1.60622704e+00 1.18528485e+00 1.39902502e-01
    1.52160323e+00 1.34578371e+00 -8.75193551e-02 -4.25640613e-01
    9.71116185e-01 -7.35801280e-01 -7.60528386e-01 1.78433180e+00
    1.69626772e+00 1.79745770e+00 4.22390223e-01 -1.03271282e+00
    1.51639140e+00 9.46565211e-01 1.10076153e+00 1.06134391e+00
    1.12599957e+00 1.19639730e+00 1.46454409e-01 1.09124076e+00
    9.72294509e-01 1.39792487e-01 1.19644701e+00 7.46873856e-01
    1.75038576e+00 -3.82917337e-02 1.00181806e+00 1.71037495e+00
    1.11735678e+00 -3.42376292e-01 7.14045346e-01 1.34735906e+00
    -1.11265317e-01 2.30033636e-01 -8.32564533e-01 -3.03029835e-01
    -8.01347971e-01 1.49724758e+00 -1.17180280e-01 -2.79648602e-01
    -6.26849830e-01 1.29259539e+00 3.41717362e-01 1.09066820e+00
    6.26377389e-02 5.20403326e-01 -3.29938412e-01 2.03710604e+00
    2.01453972e+00 2.62226611e-01 -1.35911200e-02 -2.34046783e-02
    8.39489281e-01 -6.68441355e-01 9.33725476e-01 8.85959566e-01
    -6.42087400e-01 9.65902805e-01 -9.48701739e-01 9.00473714e-01
    3.67144555e-01 -4.63051826e-01 5.08674840e-03 4.78462666e-01
    2.57757336e-01 1.49912572e+00 8.67157042e-01 1.12836289e+00
    1.79950929e+00 -3.55529040e-02 9.56097305e-01 5.55694699e-01
    7.39325583e-01 -5.37596881e-01 -4.20953631e-02 4.94396165e-02
    1.04433155e+00 -2.16558173e-01 -3.13587338e-01 1.46998489e+00
    -7.96397388e-01 -6.75825775e-01 1.83429301e+00 1.12212443e+00
    3.27991605e-01 1.83495307e+00 -6.98197484e-01 -3.17162424e-01
    -2.13634476e-01 -7.46882558e-02 -8.65956664e-01 1.81173697e-01
    4.98918116e-01 9.10421252e-01 -4.21245784e-01 8.10837150e-01
    1.16162971e-02 -6.57597899e-01 -7.47826636e-01 1.65615499e+00
    1.94121492e+00 -1.92627981e-01 1.76428452e-01 -7.97559798e-01
    -4.77816790e-01 1.42975593e+00 1.03860235e+00 -1.93937257e-01
    7.93724120e-01 1.36312354e+00 -7.49484539e-01 5.45351684e-01
    7.74853766e-01 1.61337256e+00 -6.09392583e-01 -1.69375300e-01
    5.51690795e-02 -2.00564682e-01 5.45722425e-01 -1.76259980e-01
    -6.46846473e-01 3.14675212e-01 4.27228779e-01 -8.95805240e-01
    -6.04010262e-02 1.25942075e+00 1.57561481e+00 6.75260425e-01
    -9.48622942e-01 6.10661745e-01 1.10178006e+00 -7.35011816e-01
    -9.18713510e-01 1.44000435e+00 3.38372707e-01 -6.66095972e-01
    1.03712630e+00 1.89677513e+00 1.28078234e+00 1.39903033e+00
    2.42686421e-02 1.65720785e+00 -9.32944715e-01 1.00282252e+00
    1.10973112e-01 -3.36014748e-01 6.07435465e-01 -5.63979208e-01
    1.60340142e+00 3.47601563e-01 1.76591206e+00 -7.19665349e-01
    3.27017531e-02 -7.17061758e-01 -6.41426384e-01 1.95191550e+00
    1.80584204e+00 -7.23640382e-01 -1.66767180e-01 5.32804489e-01
    -4.79823530e-01 1.08438885e+00 1.25892031e+00 -2.45429128e-01
    -2.16728728e-02 1.53498137e+00 1.17912233e+00 7.90598571e-01
    1.59990835e+00 1.71488547e+00 1.94739115e+00 1.06607683e-01
    1.02071786e+00 9.77153242e-01 -3.43435585e-01 1.78032815e+00
    -3.44890893e-01 -5.43447256e-01 6.64967000e-01 -3.97348464e-01
    1.39128113e+00 1.44424331e+00 -3.89683455e-01 1.89583600e+00
    1.73362041e+00 3.06749195e-01 -3.30844432e-01 1.30160522e+00
    3.86772938e-02 -1.69385463e-01 3.38165551e-01 6.50842130e-01
    -1.49767874e-02 6.58345401e-01 -3.41514885e-01 5.43991745e-01
    8.81800830e-01 1.36866391e+00 3.04760873e-01 -6.86338991e-02
    1.07416308e+00 -1.07292188e-02 7.79657364e-01 -6.88094318e-01
    9.63713467e-01 -3.44176084e-01 2.58027911e-02 1.39868891e+00
    2.35472059e+00 1.48361003e+00 -3.15371066e-01 1.96054673e+00
    1.37283254e+00 1.16006243e+00 1.73137844e+00 5.92264272e-02
    3.59540522e-01 8.19625974e-01 1.78836358e+00 1.90249240e+00
    -5.16828001e-01 -6.08234107e-01 1.52247643e+00 -2.25590453e-01
    2.97031626e-02 -3.50285202e-01 -4.53794263e-02 1.48982167e+00
    5.65295935e-01 -1.60489440e-01 -3.27032536e-01 -2.71437019e-01
    4.19924408e-01 1.46731162e+00 3.52680326e-01 8.15456510e-01
    -6.80492580e-01 -5.18773675e-01 2.95852005e-01 -5.00920296e-01
    5.91719568e-01 5.71944844e-03 1.14798319e+00 1.52010477e+00
    1.63513854e-01 -6.24943495e-01 9.39538121e-01 1.23168480e+00
    1.71047926e+00 1.68426073e+00 9.04806018e-01 8.66304219e-01
    -1.61945164e-01 7.44163215e-01 -5.67231536e-01 -2.25831538e-01
    1.85885823e+00 6.44285977e-01 7.01496899e-01 1.87649310e+00
    2.57709585e-02 1.33989799e+00 -4.11317855e-01 6.25091791e-01
    1.47298265e+00 -8.13300550e-01 -4.79995131e-01 1.04056738e-01
    1.72630489e+00 1.87797618e+00 1.63260615e+00 1.22565496e+00
    1.26178458e-01 1.47352505e+00 -1.13418594e-01 3.00513357e-01
    -5.39573908e-01 1.32811630e+00 -5.09729423e-02 1.34473932e+00
    -3.76119584e-01 -1.06829017e-01 2.20402479e-04 8.45237672e-01
    4.72786486e-01 3.95667821e-01 9.03679788e-01 1.93908823e+00
    4.00127649e-01 1.96564972e+00 1.85948670e+00 -1.30331814e-01
    1.06625915e-01 -1.50002435e-01 1.81770837e+00 6.86698794e-01
    1.03333664e+00 1.64003089e-01 -2.42875129e-01 1.30999565e+00
    -4.16240811e-01 1.22230995e+00 1.13464296e+00 -1.08370975e-01
    1.08231045e-02 -6.16686106e-01 -1.08704008e-01 -1.59360975e-01
    6.48489714e-01 1.08545852e+00 1.13175333e+00 1.53250551e+00
    -9.62263882e-01 1.89865780e+00 5.57017662e-02 1.53960645e+00
    1.70593727e+00 1.78833449e+00 -9.84459072e-02 4.38483506e-01
    1.16695869e+00 1.03993428e+00 1.42384827e+00 1.00434566e+00
    -2.35199690e-01 -3.71688426e-01 1.49616301e+00 -2.71905214e-01
    -7.34424949e-01 1.18136883e+00 1.16849005e+00 1.21662550e-01
    1.60870492e+00 1.43036795e+00 1.09827384e-01 2.78949410e-01
    1.60802826e-01 8.63806784e-01 7.96014607e-01 -3.77830833e-01
    7.23319575e-02 1.40126669e+00 7.22036779e-01 4.69919682e-01
    1.37267387e+00 1.12254775e+00 -1.18099026e-01 1.43643367e+00
    4.25592542e-01 -1.45973116e-01 1.49103546e+00 -7.07911730e-01
    1.52068162e+00 1.55825067e+00 7.17595994e-01 2.32624620e-01
    1.49413216e+00 7.71915078e-01 -4.86818328e-02 1.16656673e+00
    -1.58590466e-01 9.40685868e-01 5.88074923e-01 1.82285404e+00
    3.58587295e-01 4.30231512e-01 1.07431710e+00 1.28092182e+00
    5.27711809e-01 2.00560999e+00 1.57810843e+00 9.64815974e-01
    2.06889197e-01 -6.01101637e-01 2.00858712e+00 4.24043298e-01
    1.96034682e+00 -7.54509270e-02 7.92804539e-01 -6.29663408e-01
    7.32988060e-01 3.70426953e-01 1.92847192e+00 8.07919502e-01
    -2.08233282e-01 1.08351386e+00 1.20087731e+00 -3.22079837e-01
    1.42170382e+00 1.23521960e+00 -4.80225176e-01 6.50668800e-01
    1.52902663e+00 -9.07176495e-01 -6.95844889e-01 6.82613313e-01
    -6.89906180e-01 -1.49995908e-01 -8.58028531e-01 8.47247094e-02
    -7.65729547e-01 3.60395461e-01 2.78467089e-01 8.97864759e-01
    7.82441676e-01 6.72764063e-01 1.51582384e+00 1.60000038e+00
    -8.09938610e-01 -7.74263501e-01 1.02195218e-01 2.01085043e+00
    1.35542202e+00 8.29557359e-01 1.54678798e+00 1.17847657e+00
    1.36318004e+00 2.57302552e-01 8.80310088e-02 1.79464757e-01
    -1.69439856e-02 7.18395293e-01 4.64285076e-01 2.79644746e-02
    -2.63589948e-01 -9.17422891e-01 1.28617656e+00 3.86700928e-01
    6.72094464e-01 1.33964285e-01 -1.29033089e-01 1.53540242e+00
    -5.29687941e-01 1.31833708e+00 -9.44626704e-02 -3.41948897e-01
    7.87380815e-01 1.54327381e+00 -3.51353586e-01 1.41890335e+00
    9.93672252e-01 -8.98069203e-01 -7.45097935e-01 1.75413084e+00
    3.13882470e-01 1.37765396e+00 -9.14632201e-01 1.62103331e+00
    1.64672410e+00 1.47459030e+00 9.45548952e-01 7.22973228e-01
    -7.80147076e-01 -3.47941339e-01 6.64419293e-01 3.90525579e-01
    -9.36183512e-01 -2.17038617e-01 -6.91892326e-01 -1.41156882e-01
    -6.20964587e-01 -3.03738505e-01 1.83245277e+00 1.58399916e+00
    7.03933001e-01 1.34809721e+00 4.85028744e-01 4.66197610e-01
    7.98137069e-01 1.53740788e+00 9.91984427e-01 4.14951712e-01
    9.82479036e-01 -3.96944433e-01 8.01105022e-01 -7.83147663e-02
    -4.28211123e-01 2.98940986e-01 -6.86913133e-01 1.67507505e+00
    -1.01646684e-01 1.38097620e+00 -2.07413346e-01 1.05199941e-01
    1.67921472e+00 1.54824758e+00 1.31577516e+00 5.21949589e-01
    7.44332612e-01 1.10859704e+00 -6.80688024e-01 1.09905887e+00
    -1.20546743e-01 -7.89950609e-01 -7.96357512e-01 -1.72366798e-02
    1.39117181e+00 9.96845245e-01 -1.55559480e-01 1.55496490e+00
    -2.63281614e-01 -4.39528823e-01 7.96933591e-01 -8.43300939e-01
    1.10182810e+00 1.63283741e+00 1.82291508e+00 -1.31326320e-03
    1.90380186e-01 4.86531883e-01 1.60348356e+00 -3.97540867e-01
    -7.36769736e-01 4.30088401e-01 3.68695140e-01 -5.69464862e-01
    1.76022935e+00 1.17762959e+00 1.43831933e+00 -7.63630509e-01
    -9.38118160e-01 -2.54966348e-01 1.59016214e-02 1.80454183e+00
    -6.42781019e-01 7.74404466e-01 5.76462269e-01 -2.26002887e-01
    8.95411253e-01 1.04142451e+00 1.11935902e+00 1.92122066e+00
    -8.90511870e-02 -2.08190992e-01 -2.14117482e-01 -6.57232225e-01
    1.55035007e+00 -7.03148842e-02 -7.61537552e-02 -6.20786726e-01
    8.11904252e-01 1.42498767e+00 5.22675455e-01 8.52971017e-01
    6.99104726e-01 1.79619706e+00 4.55549836e-01 1.61401784e+00
    -7.31361091e-01 -5.84466338e-01 5.92037618e-01 -3.00710443e-02
    2.23355681e-01 -1.18367366e-01 -7.19951570e-01 -7.35708117e-01
    1.50358963e+00 -6.82551503e-01 2.70342618e-01 4.71221626e-01
    4.58427191e-01 -3.73028427e-01 1.35094035e+00 1.12042055e-01
    6.69901669e-01 1.85986233e+00 -7.41466761e-01 4.84322786e-01
    -1.73452854e-01 3.51822287e-01 1.58495617e+00 -1.04865246e-02
    1.78735626e+00 -5.47239721e-01 1.83647823e+00 2.34646946e-01
    1.06329761e-01 -8.07487965e-01 1.84191298e+00 3.26242805e-01
    9.05659854e-01 4.82994318e-01 1.67352796e+00 -6.56415224e-01
    1.28998625e+00 2.74881780e-01 -7.50550270e-01 -8.49715114e-01
    -2.89687693e-01 1.17446542e+00 7.24034011e-01 1.70338702e+00
    -5.57667017e-01 -6.01862073e-01 -4.85146910e-01 1.66327345e+00
    1.21148753e+00 -7.49621093e-01 9.92434502e-01 1.27855539e+00
    4.12208825e-01 1.90709019e+00 1.42489636e+00 9.64855134e-01
    1.45333874e+00 8.65468740e-01 -5.01529694e-01 -7.64068246e-01
    1.32523882e+00 1.94244206e+00 -8.33863616e-01 4.72507358e-01
    4.27436501e-01 4.08851095e-02 4.84404892e-01 1.25694966e+00
    3.56215715e-01 8.77341986e-01 1.77936584e-01 1.60416257e+00
    3.75065595e-01 5.20425200e-01 1.14035952e+00 1.19038558e+00
    -8.66445243e-01 -1.42651543e-01 7.33286917e-01 1.58389533e+00
    7.35406399e-01 -2.31417567e-01 7.65814543e-01 -5.65488636e-01
    5.20526528e-01 1.87992364e-01 1.56551886e+00 1.61012128e-01
    4.59849238e-01 3.79237443e-01 1.30807269e+00 1.82928741e-01
    1.42751193e+00 1.36328781e+00 -7.69857228e-01 1.29525590e+00
    1.28953040e+00 -8.34759116e-01 1.72253942e+00 -4.01654700e-03
    -6.00915968e-01 -9.38356638e-01 1.45769274e+00 -3.09927881e-01
    1.32040691e+00 -5.95844626e-01 -8.21946025e-01 1.59808505e+00
    1.50119019e+00 1.45983613e+00 4.99340177e-01 -4.51661438e-01
    -6.84066415e-01 8.40208411e-01 2.34328583e-01 2.59093434e-01
    5.29507935e-01 2.86472797e-01 3.81073356e-01 1.96012926e+00
    1.60172939e+00 1.64610600e+00 -4.68522429e-01 -9.28220749e-01
    4.26825851e-01 -2.64537279e-02 1.60244334e+00 5.69834150e-02
    1.13429153e+00 1.01561141e+00 1.58916044e+00 2.42071167e-01
    1.02990830e+00 9.83215451e-01 3.16439986e-01 -7.72580922e-01
    -6.40318170e-02 7.52209663e-01 1.85072851e+00 9.12623227e-01
    -4.94064629e-01 6.68968797e-01 8.39026928e-01 9.27141547e-01
    1.03951633e+00 1.23157263e+00 -9.58062172e-01 6.43059611e-01
    -7.20441401e-01 -3.02633405e-01 4.70491767e-01 7.44848669e-01
    8.77532661e-01 1.52727079e+00 1.52572441e+00 4.10476059e-01
    -4.57947820e-01 1.45174451e-02 -5.46675146e-01 3.36375386e-01
    2.20721468e-01 1.00530207e+00 1.33002162e+00 1.59717083e+00
    1.60741973e+00 -2.23859698e-02 -1.17765330e-02 1.93595433e+00
    3.91868770e-01 -1.85210794e-01 2.99380749e-01 9.82327819e-01
    8.08638334e-01 1.69193804e-01 1.36200237e+00 1.93425715e+00
    -1.02093029e+00 1.21272469e+00 1.90281904e+00 1.37621403e+00
    1.51105821e+00 -3.24639492e-02 1.43472910e+00 9.20852780e-01
    4.18833643e-01 -1.39342219e-01 1.05634379e+00 -5.63242622e-02
    1.37210929e+00 1.84823260e-01 1.34283078e+00 -8.19462597e-01
    -4.89514142e-01 2.82952040e-02 -3.85016084e-01 1.04649246e+00
    1.05749130e+00 1.70629382e+00 9.92840469e-01 6.11419797e-01
    8.64165545e-01 -9.95238349e-02 3.39649469e-01 1.14244008e+00
    -2.13751450e-01 8.55082124e-02 8.72377515e-01 1.95789441e-01
    8.59821260e-01 -7.96747804e-01 1.89197135e+00 2.40442216e-01
    -6.17671013e-01 7.84792423e-01 -9.32093084e-01 -7.58701980e-01
    -6.55691326e-01 -5.25798500e-02 -4.21796739e-01 4.08193231e-01
    5.29339969e-01 -3.40482950e-01 1.00270748e+00 1.69906294e+00
    1.57320893e+00 -1.20928928e-01 1.68503726e+00 6.58834040e-01
    1.13563240e+00 7.07189739e-01 1.00801575e+00 5.49807012e-01
    1.07826173e-01 9.13723171e-01 1.78530347e+00 -3.74289334e-01
    -8.15405250e-01 -5.92742443e-01 1.29330647e+00 8.55542719e-01
    -3.02369475e-01 1.62020040e+00 7.78697133e-01 -9.82530043e-02
    1.36200035e+00 -2.06102461e-01 1.54674459e+00 1.16586888e+00
    1.89674175e+00 -3.68851244e-01 -5.48943341e-01 4.27403077e-02
    5.25493860e-01 1.73607087e+00 -6.53985441e-01 -4.57086682e-01
    1.53325975e-01 5.24675921e-02 -5.41936994e-01 3.93061429e-01
    1.42644501e+00 -7.57674217e-01 5.76948166e-01 4.06082813e-03
    -1.25884768e-02 9.43064332e-01 6.25246942e-01 -8.55297744e-01
    -4.76406738e-02 -7.61164606e-01 1.29158938e+00 1.94865739e+00
    -3.25465024e-01 1.08332217e+00 -1.43932402e-01 1.80810463e+00
    1.28220940e+00 -2.14635625e-01 1.59279490e+00 2.43110642e-01
    1.68719935e+00 1.71129572e+00 1.43705726e+00 1.03088105e+00
    -1.93792149e-01 1.32473743e+00 -6.72048807e-01 5.80845594e-01
    2.52987176e-01 1.82324946e+00 7.73192286e-01 -1.43160120e-01
    -3.39623928e-01 -7.94506550e-01 1.29720652e+00 1.50365543e+00
    -2.31957942e-01 8.65678191e-01 -8.98251474e-01 1.39910269e+00
    1.48211432e+00 -9.45510805e-01 4.91958082e-01 6.85098708e-01
    -5.23978889e-01 1.19070852e+00 1.76888943e+00 -6.34686172e-01
    1.91507435e+00 1.66066742e+00 -7.25176215e-01 2.07223520e-01
    -9.25379694e-02 -2.65707504e-02 7.94144720e-02 -6.66183755e-02
    8.02222252e-01 1.09786183e-01 1.43679714e+00 -2.75537491e-01
    1.86408818e+00 1.24590230e+00 -2.37020906e-02 -2.36054868e-01
    7.86295652e-01 1.09805810e+00 1.01517904e+00 -5.71944416e-01
    1.40351689e+00 -1.47042975e-01 -2.64810979e-01 1.45479023e+00
    -8.27924728e-01 1.71669507e+00 -1.85305268e-01 1.66750789e+00
    -6.86617315e-01 1.15493022e-01 1.11301196e+00 9.57855701e-01
    6.55421138e-01 -8.36437523e-01 -9.39559221e-01 1.23962963e+00
    1.04746401e-01 -8.48714635e-02 8.77179027e-01 -7.71079510e-02
    -1.51903212e-01 1.70512605e+00 -9.94891673e-02 9.42014083e-02
    6.53903067e-01 -5.94616354e-01 -3.39681208e-01 2.00008798e+00
    -2.69199133e-01 2.82397777e-01 -4.09164816e-01 7.16761947e-02
    1.15333211e+00 1.35479522e+00 1.00630033e+00 -4.02430594e-01
    -3.38161796e-01 1.56789708e+00 -3.93065125e-01 1.63343453e+00
    -7.53764987e-01 -8.99131954e-01 1.82677537e-01 1.11353517e+00
    1.01711668e-01 3.55002642e-01 -3.12990755e-01 1.78201413e+00
    -2.24760752e-02 7.54479706e-01 8.31399679e-01 -6.39663517e-01
    2.51892924e-01 4.88007903e-01 1.53942809e-01 1.63593459e+00
    -8.43634784e-01 -5.44476628e-01 -8.40672195e-01 3.08101922e-01
    -1.27004739e-02 6.44947290e-01 -4.68329906e-01 7.78853416e-01
    5.53693533e-01 -4.13244367e-01 1.62054121e-01 1.36971486e+00
    4.71164018e-01 1.87879610e+00 -9.18232262e-01 -4.57569122e-01
    1.60865414e+00 -1.88742101e-01 7.48551965e-01 1.66288626e+00
    -5.08696556e-01 1.01175475e+00 7.50058055e-01 8.12643170e-02
    -3.51568133e-01 -7.32205451e-01 2.51745909e-01 -8.82498682e-01
    2.18653306e-01 1.45205629e+00 1.41553676e+00 5.87396502e-01
    1.58133793e+00 8.84725153e-01 8.27243209e-01 4.22438622e-01
    9.73843694e-01 -1.63618401e-01 -9.31148052e-01 1.01546228e+00
    1.00228870e+00 1.03874385e+00 1.47781718e+00 1.24541926e+00
    -2.50146538e-01 -2.59812444e-01 2.39776641e-01 -3.70345473e-01
    1.69327939e+00 3.86383897e-03 1.27472854e+00 7.58407414e-02
    1.33628583e+00 -1.40477240e-01 1.38380662e-01 1.73098278e+00
    1.49888098e+00 1.55923808e+00 1.80290651e+00 -6.46364391e-01
    3.34210724e-01 -6.50088608e-01 1.22137988e+00 4.66231912e-01
    9.04468000e-01 1.27300858e+00 1.23010492e+00 2.77054191e-01
    -8.19324017e-01 -3.95731449e-01 -3.18171203e-01 -1.29725397e-01
    1.15437818e+00 4.37037274e-02 1.97531819e+00 -5.30067205e-01
    3.68739128e-01 -2.42350295e-01 -5.65829754e-01 1.46669054e+00
    1.85523617e+00 -1.88879475e-01 1.08979118e+00 1.05242217e+00
    -9.27517653e-01 -4.45628494e-01 1.09546769e+00 1.12316930e+00
    -6.42526805e-01 -2.81009048e-01 1.78232634e+00 4.50273454e-01
    1.33986950e+00 9.95679438e-01 5.90814710e-01 -5.83873615e-02
    1.77781355e+00 1.15216148e+00 1.00867665e+00 1.54992568e+00
    -9.89432275e-01 1.45382595e+00 1.32173324e+00 -6.71485305e-01
    1.85171723e+00 4.09443587e-01 1.68264973e+00 9.50823426e-01
    8.19964409e-01 5.77416897e-01 5.62420189e-02 6.49008095e-01
    9.09620941e-01 1.21043277e+00 1.81558776e+00 -1.58858180e-01
    9.51457620e-01 -8.22061479e-01 1.78818917e+00 4.66765106e-01
    7.08060563e-01 7.97415793e-01 1.45308232e+00 3.94789279e-02
    6.41356349e-01 3.95423889e-01 6.25912607e-01 7.08785474e-01
    1.64014190e-01 1.39475918e+00 1.98655403e+00 7.89457560e-02
    -7.91908145e-01 9.83420491e-01 2.56661773e-01 1.50367260e+00
    7.13417649e-01 1.81986213e+00 3.79714489e-01 -2.60511786e-02
    -6.19136512e-01 1.25135410e+00 -5.38007259e-01 7.54603624e-01
    1.38043955e-01 -6.79816425e-01 1.72511208e+00 5.22378743e-01
    1.28030419e+00 -2.53458624e-04 -8.55513141e-02 5.71895480e-01
    -5.00941515e-01 9.09012496e-01 -3.22924882e-01 1.76790684e-01
    1.47769070e+00 3.99109066e-01 -2.09468633e-01 -3.25028032e-01
    -2.50873685e-01 1.49685085e+00 1.83184755e+00 1.62636530e+00
    3.62405509e-01 -4.74283576e-01 1.36627698e+00 1.36852241e+00
    5.79555213e-01 9.47369039e-01 1.34119785e+00 8.57911885e-01
    9.53169763e-01 5.53759873e-01 1.36675048e+00 1.39972484e+00
    1.09123015e+00 -1.01277781e+00 1.34499729e+00 9.87946689e-01
    1.93973613e+00 2.53048509e-01 1.45363605e+00 1.39183834e-01
    -5.63733935e-01 -2.77103305e-01 -8.29830647e-01 1.50259531e+00
    1.14701700e+00 1.75704432e+00 4.89054233e-01 1.14695835e+00
    1.21644497e+00 -7.08500445e-01 3.92315090e-01 -5.45014925e-02
    -3.70038390e-01 -6.29426420e-01 1.12953269e+00 1.62006450e+00
    9.08275306e-01 -1.75030351e-01 -5.42519867e-01 -2.81475872e-01
    7.98379481e-01 1.19629955e+00 9.02335584e-01 1.45034146e+00
    5.36997497e-01 -6.46448433e-01 3.26358490e-02 -8.39892328e-01
    1.40966856e+00 1.58385444e+00 -3.61263543e-01 1.48886037e+00
    1.50223589e+00 -2.76428819e-01 1.36229515e+00 1.08680844e+00
    1.55919015e-01 6.64983571e-01 -1.64769530e-01 8.37122679e-01
    7.61788636e-02 9.89346765e-03 3.94933343e-01 1.63675487e+00
    2.15768442e-01 1.05610490e+00 2.84292161e-01 -3.62129867e-01
    -5.38240552e-01 1.77401841e+00 4.15304661e-01 1.79331613e+00
    -2.34294054e-03 7.12385893e-01 6.83353901e-01 -2.44176388e-01
    1.74017835e+00 6.13338828e-01 1.99487448e+00 1.26992226e+00
    -7.15776742e-01 5.49274027e-01 1.38307679e+00 1.87543452e-01
    6.36926711e-01 2.83195734e-01 1.33979559e-01 5.09674549e-01
    9.18141603e-02 -5.82215369e-01 -4.98911619e-01 5.70294440e-01
    5.39091825e-01 -3.39729875e-01 -3.33653122e-01 1.69953525e+00
    -7.09622562e-01 1.93527377e+00 1.07751358e+00 -4.86367822e-01
    1.79631257e+00 3.72535616e-01 -1.86831504e-01 -6.91740990e-01
    1.20512688e+00 9.79277253e-01 1.44128215e+00 -4.98316944e-01
    1.87787366e+00 5.03123224e-01 1.37842667e+00 4.95690554e-02
    -5.27054965e-01 9.59356248e-01 -8.06084424e-02 1.20257604e+00
    1.37449586e+00 -5.71019351e-02 6.73870090e-03 1.94533300e+00
    1.65456033e+00 9.57750916e-01 1.46842301e+00 -4.48964052e-02
    1.93655282e-01 4.48656827e-02 -7.50979781e-02 5.59971273e-01
    8.03894401e-01 1.78946161e+00 -5.11696994e-01 -9.27878082e-01
    -6.81155175e-02 3.89220804e-01 2.31267285e+00 2.23765898e+00
    -1.30907893e-01 5.13781548e-01 1.85962272e+00 1.95097482e+00
    6.74413979e-01 1.19552255e+00 3.13509136e-01 -7.54959643e-01
    -3.47731650e-01 -3.93350452e-01 1.17240226e+00 -6.54006377e-02
    1.85898387e+00 6.01270199e-01 1.83193934e+00 1.12313271e+00
    1.31936896e+00 -3.12997013e-01 4.60318655e-01 -1.87555119e-01
    1.51708496e+00 1.61257613e+00 1.45881236e+00 -8.92839611e-01
    6.82728350e-01 1.81061566e+00 2.86675781e-01 6.40651405e-01
    -2.00909987e-01 1.00718558e+00 7.79296279e-01 -3.90326053e-01
    1.10049438e+00 3.11613411e-01 1.53931463e+00 -7.02284813e-01
    1.21004438e+00 1.46503115e+00 -1.05258368e-01 2.91865110e-01
    1.11074901e+00 1.75027561e+00 -7.66834855e-01 2.01948300e-01
    -2.17613846e-01 1.19308043e+00 4.85596955e-02 -3.94758672e-01
    8.54605794e-01 8.46086025e-01 8.50155428e-02 -1.25098392e-01
    1.01223528e+00 -6.68702424e-02 3.01996112e-01 -6.45082235e-01
    1.29609847e+00 1.84410715e+00 1.08320034e+00 1.19544518e+00
    -6.67503476e-01 1.25517321e+00 1.24736525e-01 -7.36551821e-01
    8.47913504e-01 -3.46278787e-01 -3.47343862e-01 1.20409119e+00
    -6.46101773e-01 -8.50429162e-02 1.36637616e+00 1.74527180e+00
    1.76445448e+00 1.52851784e+00 1.00955451e+00 1.60055220e+00
    1.97963342e-01 1.52067137e+00 -7.16782391e-01 -2.73910284e-01
    4.33364838e-01 -1.51838571e-01 -2.62417290e-02 1.56501317e+00
    -5.67919239e-02 -7.04958498e-01 1.06668663e+00 4.05641675e-01
    -1.72342569e-01 1.76682281e+00 3.22782993e-02 1.50567257e+00
    4.31324929e-01 4.02828753e-01 7.26538241e-01 9.65279639e-02
    1.99207902e+00 -8.54512274e-01 1.53891706e+00 1.23488533e+00
    -6.00648105e-01 4.64730471e-01 -7.64626980e-01 -3.12810928e-01
    1.19236493e+00 8.76944721e-01 -5.65529644e-01 8.34766626e-01
    1.48553324e+00 4.65017438e-01 9.83361423e-01 7.95357823e-01
    8.66385251e-02 1.93267620e+00 1.32592535e+00 -7.61627793e-01
    -1.25803143e-01 -6.88920140e-01 1.70582995e-01 1.91872859e+00
    -1.34582996e-01 -3.24102819e-01 1.35710454e+00 8.55474055e-01
    1.86119425e+00 -8.32456052e-01 -3.21278393e-01 -4.08926532e-02
    1.48940217e+00 1.09672570e+00 -5.52081645e-01 5.16163349e-01
    8.00203145e-01 1.29073429e+00 1.45564222e+00 -8.90624642e-01
    1.33750069e+00 -7.34596014e-01 1.62710249e-01 -7.27455378e-01
    6.43901527e-01 -9.00463521e-01 -1.44154325e-01 9.54403281e-01
    -4.40858543e-01 1.02110004e+00 -6.11375988e-01 -3.98716718e-01
    1.27284369e-02 1.65002215e+00 6.86359286e-01 1.35755587e+00
    -2.82025784e-01 5.41042268e-01 5.34877837e-01 6.32046759e-01
    8.46430480e-01 1.58918285e+00 4.74432349e-01 -6.24289095e-01
    -1.85841899e-02 1.92422354e+00 -3.66413683e-01 -7.62933254e-01
    -7.63451397e-01 -8.37203801e-01 3.95805776e-01 1.92439890e+00
    -5.39041817e-01 1.13902354e+00 8.34463000e-01 -1.34583667e-01
    5.06491065e-01 -2.94671118e-01 -7.49816000e-01 -1.31068259e-01
    6.01442099e-01 6.51712835e-01 1.60595512e+00 -6.78278804e-01
    1.19180703e+00 1.46036506e+00 2.67985344e-01 3.96530747e-01
    8.10245574e-01 -4.46747184e-01 -5.18768668e-01 -6.25363767e-01
    1.74992406e+00 -4.68670070e-01 3.13728899e-01 -8.30403864e-01
    1.75720203e+00 6.42678916e-01 -9.44200680e-02 7.01866865e-01
    9.48089004e-01 1.45095289e+00 5.86565733e-01 9.14289773e-01
    3.89453918e-02 -4.57107797e-02 2.77233809e-01 2.12566912e-01
    -7.73304045e-01 -6.90294281e-02 3.89970481e-01 1.00144291e+00
    2.39616603e-01 1.71497571e+00 1.89368045e+00 2.83244923e-02
    -3.28998268e-01 -2.16483787e-01 1.01527894e+00 1.83227837e+00
    8.65305603e-01 7.91576087e-01 1.83883679e+00 -5.96031472e-02
    -1.59099013e-01 1.26072824e+00 -7.46152103e-01 -1.88779503e-01
    4.69304204e-01 -1.00060201e+00 -4.72259112e-02 1.47116244e+00
    7.77011037e-01 7.52720475e-01 1.79694557e+00 1.21447992e+00
    5.75195014e-01 8.21500242e-01 3.19515727e-02 -3.22642297e-01
    1.18058157e+00 4.58683521e-01 2.71716326e-01 -5.09252727e-01
    -2.27776229e-01 -9.06677842e-01 1.81514835e+00 -4.95079875e-01
    -5.00002563e-01 1.70638645e+00 -4.92916048e-01 1.00757384e+00
    1.61723137e+00 1.73087859e+00 1.23541665e+00 8.17058921e-01
    -7.04486072e-02 1.57471657e+00 -6.15916252e-01 5.87108493e-01
    2.04596114e+00 -4.90268350e-01 8.64887595e-01 1.98241436e+00
    -9.62222293e-02 -9.67952669e-01 1.58227777e+00 4.81405891e-02
    -9.15732086e-01 9.80202630e-02 -5.09574592e-01 -8.60855937e-01
    4.63484585e-01 3.90554518e-01 1.61587870e+00 1.42184639e+00
    5.91693103e-01 -7.45034158e-01 1.92620945e+00 1.00806832e-01
    1.54747796e+00 -5.90030551e-01 -6.75456107e-01 2.18730211e-01
    3.05520445e-01 8.08842242e-01 6.47148490e-01 -2.78286874e-01
    -3.46284300e-01 2.00415158e+00 -6.77755624e-02 1.73046410e+00
    7.28596389e-01 1.82343066e+00 7.24146545e-01 -7.83624172e-01
    -7.99340546e-01 8.84423196e-01 6.46001101e-02 -2.06811130e-02
    1.83736885e+00 1.74349570e+00 6.13089800e-01 -4.11708117e-01
    -6.31164610e-01 -7.95727000e-02 1.74479508e+00 3.39352190e-01
    -5.30421138e-01 1.13002813e+00 -7.47710466e-03 -4.85284865e-01
    2.30592396e-02 1.76415157e+00 7.49000132e-01 1.73876488e+00
    1.47581831e-01 1.31632841e+00 1.12377536e+00 -5.83993554e-01
    1.01254356e+00 4.88381803e-01 -6.81237578e-01 1.14747465e+00
    4.97618377e-01 1.62221864e-01 1.64865565e+00 1.67517173e+00
    -6.35641277e-01 -4.06593710e-01 1.02568746e+00 1.02307928e+00
    1.21112788e+00 9.41057861e-01 6.75749704e-02 8.85876417e-02
    -6.22292459e-01 3.77789170e-01 4.62469161e-01 1.02802265e+00
    1.32434249e+00 1.93819806e-01 5.71327746e-01 2.59019256e-01
    6.05959535e-01 -3.07178766e-01 9.03130710e-01 1.53993595e+00
    4.52024341e-01 -2.65179724e-01 1.36557782e+00 4.45104688e-01
    7.71526694e-01 3.59386295e-01 1.47773683e+00 -4.69101042e-01
    1.85269904e+00 9.26240265e-01 -2.34503806e-01 1.10378802e+00
    8.94936733e-03 1.52642524e+00 1.31367111e+00 1.16628838e+00
    1.15340507e+00 -6.21779203e-01 9.72699225e-01 6.49760067e-01
    -5.39159477e-01 -2.57492751e-01 1.80484104e+00 -9.44259346e-01
    9.09902155e-01 7.21397579e-01 1.41376615e+00 -4.12911892e-01
    -9.91640911e-02 1.40932727e+00 1.01587152e+00 1.51785731e+00
    8.84372473e-01 1.24834740e+00 1.89677224e-01 -5.64901650e-01
    9.54177320e-01 8.45770955e-01 -9.61564720e-01 -5.08750528e-02
    4.02146846e-01 -7.11519182e-01 1.88068056e+00 1.07276511e+00
    -1.37069508e-01 7.24834621e-01 1.44476187e+00 -8.34874928e-01
    -5.72211385e-01 3.69053781e-01 -6.18378997e-01 -6.15695417e-01
    2.60459483e-01 -9.19530272e-01 1.25984693e+00 -8.04589152e-01
    5.64596236e-01 1.68363094e+00 1.97134864e+00 1.45608282e+00
    3.58247638e-01 2.29883999e-01 9.65146184e-01 1.10351861e+00
    -3.33706111e-01 -8.58281404e-02 -3.16325814e-01 -4.62083220e-02
    7.78417215e-02 -8.35588276e-01 -4.37242568e-01 -2.23701596e-01
    1.00916159e+00 8.54283929e-01 -5.67703426e-01 9.10569489e-01
    -2.45659992e-01 1.92302954e+00 3.83248776e-02 -3.71599197e-01
    1.49303782e+00 8.54876161e-01 1.59810364e+00 5.91238141e-01
    2.01656795e+00 1.19628024e+00 1.46725321e+00 1.59094274e+00
    -8.32858920e-01 4.91349638e-01 -2.26785094e-01 -4.17848647e-01
    2.10791692e-01 7.93540299e-01 9.86314893e-01 -1.20083831e-01
    -9.06884670e-01 1.86466908e+00 7.86894381e-01 4.31337118e-01
    7.10428417e-01 -7.67254055e-01 1.51270092e+00 9.59914625e-01
    -7.53110349e-01 4.29162443e-01 1.80930841e+00 -7.55572200e-01
    -8.56852770e-01 -5.59743457e-02 1.20394838e+00 7.79783070e-01
    -9.48002040e-01 1.62791252e+00 1.21742535e+00 -4.20429617e-01
    1.62353683e+00 -7.24885941e-01 -8.98836613e-01 -3.73982072e-01
    2.01872289e-01 1.83952522e+00 1.49677217e+00 -5.17397285e-01
    4.05813128e-01 1.46883953e+00 1.03500032e+00 -7.97068894e-01
    -5.05044699e-01 4.70850080e-01 -6.56702936e-01 -6.45536065e-01
    1.15480423e+00 -5.81656277e-01 8.02405953e-01 1.30130276e-01
    -9.42745149e-01 1.77390373e+00 -4.86310899e-01 1.03630269e+00
    8.25523019e-01 1.61367905e+00 6.76437736e-01 -9.48675096e-01
    -4.24937487e-01 5.32321513e-01 -5.45736253e-01 1.33509064e+00
    7.28325844e-01 -6.94851041e-01 -3.71469408e-01 -7.37982035e-01
    1.96709740e+00 1.63726008e+00 1.68295729e+00 6.07883155e-01
    1.27962244e+00 -2.30658904e-01 1.84523833e+00 9.28066432e-01
    8.93008947e-01 -7.67583549e-01 1.10976148e+00 -1.20612867e-01
    1.23833179e+00 2.13542128e+00 2.19402337e+00 -5.28299451e-01
    1.02018237e+00 5.98706424e-01 6.14609540e-01 7.24323153e-01
    1.95360854e-01 1.41738379e+00 9.29293573e-01 -7.15664327e-01
    9.26595330e-01 4.98643041e-01 1.65155709e-01 1.35647643e+00
    1.00009096e+00 1.50372899e+00 1.08019447e+00 -2.06794992e-01
    -5.43765604e-01 1.14339232e+00 6.77399933e-01 6.69750631e-01
    2.43588582e-01 1.20762396e+00 1.20588683e-01 1.89758256e-01
    1.08543038e+00 7.04417050e-01 1.37695897e+00 7.39750445e-01
    1.16988146e+00 2.07364857e-01 -3.61898988e-01 1.30435181e+00
    1.89868438e+00 5.83507456e-02 1.41185713e+00 1.63416719e+00
    -2.48527244e-01 -8.75608250e-02 1.77929795e+00 1.06852603e+00
    -7.70644367e-01 1.74997139e+00 -7.00328350e-01 1.24054372e+00
    1.24871743e+00 1.76490769e-01 7.83960223e-01 -4.75409269e-01
    -1.61701351e-01 -4.23067808e-01 5.20485461e-01 2.66157657e-01
    1.07726157e+00 -4.71799299e-02 5.98072946e-01 1.61668181e+00
    -7.03553796e-01 -6.74056411e-01 1.03394234e+00 1.61560702e+00
    -8.97844881e-02 -9.60588828e-02 -5.09703577e-01 -9.42338482e-02
    -4.95838523e-01 4.90122646e-01 1.77459514e+00 1.02068067e+00
    5.94618082e-01 6.88483894e-01 -9.82294828e-02 1.18267751e+00
    -9.90872383e-01 1.24630344e+00 -8.77572782e-03 1.42270124e+00
    -7.22113132e-01 5.72830141e-01 -2.67322809e-01 -8.29802155e-01
    -2.17075765e-01 -8.18013668e-01 -5.33895493e-01 8.63456547e-01
    6.70602441e-01 1.69054699e+00 2.13305444e-01 2.67439187e-01
    4.52915400e-01 -6.90049231e-01 2.04869598e-01 1.05367315e+00
    8.59735847e-01 1.84604323e+00 -3.16955239e-01 -9.91124570e-01
    2.57149398e-01 7.77937353e-01 1.60506165e+00 7.80680403e-02
    -1.75886646e-01 1.24630833e+00 1.50591516e+00 9.99896884e-01
    1.14128208e+00 1.35210216e-01 9.61783469e-01 1.73868582e-01
    8.53541434e-01 1.84968221e+00 1.25216305e+00 -1.67078227e-01
    9.59137857e-01 -2.10726872e-01 1.84559238e+00 -8.62955987e-01
    2.28767172e-01 -3.85280132e-01 1.46273792e+00 -9.72550921e-03
    7.76292980e-01 1.66536236e+00 1.25721693e+00 1.83498716e+00
    1.13799381e+00 1.41938782e+00 4.50339735e-01 8.41400266e-01
    1.18050587e+00 7.49991119e-01 8.11848342e-01 1.09605002e+00
    1.06856585e+00 3.95221919e-01 1.52561653e+00 4.16889451e-02
    -2.04112574e-01 1.17308259e+00 1.09432685e+00 5.78283191e-01
    1.59719253e+00 4.05030668e-01 -2.02322796e-01 -7.93657064e-01
    8.95856619e-02 1.67500901e+00 1.86352313e+00 -7.30207562e-01
    -7.49842525e-01 -5.44533968e-01 1.25516403e+00 -6.59552276e-01
    1.06561184e+00 1.29771471e+00 1.53648496e+00 1.75040615e+00
    3.02160591e-01 8.04550290e-01 -6.76636040e-01 1.46738386e+00
    5.44832587e-01 1.63381827e+00 -1.00858018e-01 1.52451837e+00
    -5.59289396e-01 9.52713907e-01 1.67390335e+00 -4.76564169e-01
    3.22805256e-01 3.00313711e-01 5.84936559e-01 -7.28425205e-01
    -4.55429226e-01 1.78738248e+00 2.45499820e-01 1.70147479e+00
    -9.58234444e-02 1.17135370e+00 1.04532778e+00 1.33602619e+00
    -3.78637165e-01 -4.51467454e-01 -2.77595013e-01 1.69486761e+00
    -1.73556924e-01 1.64831018e+00 -3.99762869e-01 1.10474467e+00
    1.11246932e+00 -1.11242354e-01 1.70458579e+00 1.16276789e+00
    1.17761552e+00 1.81979930e+00 -4.08242345e-01 1.43165648e+00
    -2.46598095e-01 1.24311805e+00 1.49242926e+00 1.69218493e+00
    8.84827793e-01 4.07289229e-02 6.62816703e-01 9.09840763e-01
    -7.52614439e-01 5.80058634e-01 9.80885029e-01 7.79351175e-01
    7.99496099e-02 2.29253873e-01 2.76369542e-01 1.31512314e-01
    3.90302092e-01 1.26862884e+00 1.25953186e+00 1.42318830e-02
    6.12630546e-01 6.70533597e-01 1.97894931e+00 3.18627149e-01
    -6.49364114e-01 -5.38560390e-01 1.18372989e+00 1.56165600e+00
    1.29254210e+00 -3.48775655e-01 3.46363075e-02 -5.50852835e-01
    1.49289727e+00 1.68237782e+00 -1.61912128e-01 8.07657897e-01
    1.15358031e+00 7.49768376e-01 1.10444272e+00 -1.51593044e-01
    7.83415556e-01 1.35829651e+00 -4.60379124e-01 2.62029529e-01
    4.94446248e-01 1.73730195e+00 7.08436549e-01 3.52110445e-01
    -8.32101285e-01 -1.18127242e-01 1.51609206e+00 3.16115916e-01
    1.06835234e+00 -6.26311362e-01 1.03793216e+00 1.73895895e+00
    -2.96129555e-01 1.03652680e+00 -2.34581754e-01 2.83393145e-01
    8.62007558e-01 1.36404526e+00 1.53401244e+00 -5.30820012e-01
    2.22713068e-01 3.88777815e-02 6.92363024e-01 1.20773306e-02
    9.01602566e-01 1.26381648e+00 1.10548012e-01 -2.65877604e-01
    -6.76077366e-01 1.26967490e+00 -9.39849019e-01 5.51204346e-02
    3.78307164e-01 -3.93635690e-01 -9.70805511e-02 1.16619542e-01
    -1.32201016e-01 1.39592618e-01 -8.08204412e-01 -1.00999037e-02
    8.66465449e-01 2.01663271e-01 1.86565846e-01 -7.24832296e-01
    -2.02970982e-01 -7.05873013e-01 9.87704754e-01 -4.37695265e-01
    2.94919133e-01 7.19234884e-01 3.23791921e-01 1.40870297e+00
    1.73060700e-01 -9.38229561e-01 1.47401541e-01 1.45171618e+00
    -7.41903305e-01 4.03989792e-01 1.17711103e+00 9.79267180e-01
    7.56594539e-01 5.58140278e-01 5.43021441e-01 1.53769386e+00
    1.09747982e+00 -8.32372487e-01 6.28518522e-01 9.90889311e-01
    1.12908888e+00 1.68068016e+00 1.01049161e+00 6.55860841e-01
    9.73584235e-01 2.61806428e-01 -1.73019797e-01 1.17089736e+00
    1.72052276e+00 6.03023350e-01 -1.70926843e-02 6.17018521e-01
    1.33957043e-01 -6.75797701e-01 1.32737728e-02 3.78231496e-01
    6.22367322e-01 8.20184171e-01 9.92479920e-01 5.22546530e-01
    1.54199731e+00 1.74810302e+00 -3.29099953e-01 1.47716928e+00
    1.16079116e+00 7.49851093e-02 1.18414629e+00 4.85402137e-01
    5.45091748e-01 3.43763262e-01 -8.68494511e-01 1.93320692e+00
    1.54861450e-01 -7.85149157e-01 1.86050534e-01 -6.36646509e-01
    5.89481056e-01 -3.12800586e-01 9.66284871e-01 -2.97542870e-01
    4.59101379e-01 1.60301292e+00 1.51247096e+00 7.56021142e-01
    -9.14653003e-01 -6.19283438e-01 7.95209348e-01 -7.46362865e-01
    4.56578791e-01 -2.76536018e-01 4.86880004e-01 1.81946978e-01
    1.15872598e+00 -2.69818958e-02 4.36970443e-01 1.90360773e+00
    1.33617222e+00 -8.89641941e-01 -9.18217957e-01 -4.28459406e-01
    7.08922505e-01 1.48195124e+00 -5.10107338e-01 1.18157375e+00
    8.76911938e-01 9.05779123e-01 -7.67077506e-01 -6.36685193e-01
    7.98761249e-01 -3.84417772e-01 1.41941905e+00 1.53881073e+00
    -9.58278537e-01 -5.53499401e-01 -1.70618922e-01 -7.57128239e-01
    1.08662975e+00 8.72614682e-01 -5.64134359e-01 -4.05383021e-01
    1.27130461e+00 1.52601600e-01 7.00643957e-01 8.08282077e-01
    -6.43928289e-01 -5.50937414e-01 1.50386846e+00 -7.82764196e-01
    1.29691899e+00 2.00086617e+00 -4.22706068e-01 1.25239742e+00
    -3.16377431e-01 1.98219144e+00 1.64745831e+00 2.75938231e-02
    1.11994416e-01 1.29443765e-01 9.03868079e-01 1.65810955e+00
    1.82551467e+00 2.55601048e-01 8.79881442e-01 9.76872742e-01
    2.03069568e+00 -3.58954221e-01 -4.61248547e-01 1.49525309e+00
    -3.23879421e-01 -3.64356697e-01 -5.45200229e-01 1.24023342e+00
    -2.54902779e-03 2.00041604e+00 3.99467140e-01 9.21022117e-01
    -4.41961169e-01 -6.72025442e-01 1.64475155e+00 7.88437426e-01
    -4.77020919e-01 -6.88475370e-01 1.14313817e+00 1.17282236e+00
    -4.51934561e-02 -3.25485021e-01 8.84868503e-01 1.02277589e+00
    1.01911676e+00 -9.46015120e-01 -5.35746098e-01 1.36808312e+00
    1.88482094e+00 5.94223261e-01 -9.97110456e-03 7.53190517e-01
    1.49183404e+00 -8.03403795e-01 -3.28633219e-01 -8.39817405e-01
    1.42171824e+00 1.71703339e+00 1.65103984e+00 -6.69053435e-01
    -2.48541042e-01 1.74786210e+00 1.09034753e+00 4.27390784e-02
    -9.35072377e-02 8.57314840e-02 -5.62675357e-01 1.94115460e+00
    -1.32588550e-01 1.03386390e+00 1.82370827e-01 -3.14230062e-02
    -2.09323093e-01 -5.06737411e-01 1.25656593e+00 1.06826198e+00
    -1.93303656e-02 1.10512948e+00 -3.01564783e-01 1.13136005e+00
    1.06338668e+00 -2.14931414e-01 1.19469392e+00 1.87734175e+00
    -8.88098657e-01 -2.36856088e-01 1.24832177e+00 1.66227961e+00
    1.13827550e+00 1.38964272e+00 1.48418951e+00 -6.70310259e-01
    3.31235796e-01 1.28055930e+00 4.96591851e-02 1.33086038e+00
    -9.31177437e-01 8.84843826e-01 -7.07585216e-01 2.97946483e-01
    -5.62746488e-02 1.70795262e+00 1.37945092e+00 -7.28947997e-01
    5.01456380e-01 1.43425739e+00 1.14544928e+00 -6.13666475e-01
    -7.94508159e-01 5.77779531e-01 -7.18024671e-01 -2.35517889e-01
    1.57235837e+00 -4.39514399e-01 9.51228023e-01 -6.49178386e-01
    1.31585717e+00 -5.51669419e-01 1.87001896e+00 1.19985282e+00
    1.71812725e+00 1.93080235e+00 1.85450351e+00 -1.99403927e-01
    1.77582100e-01 2.03556299e+00 -2.88347512e-01 1.44031954e+00
    -5.61740220e-01 4.60924387e-01 3.92374061e-02 5.53244531e-01
    1.92426935e-01 1.73069012e+00 1.37682211e+00 -3.65234137e-01
    -1.50194064e-01 -6.80141032e-01 -1.62348628e-01 1.33430064e+00
    1.69713700e+00 2.56257683e-01 7.73184657e-01 -4.21217412e-01
    7.59043843e-02 9.28981602e-01 -2.38541394e-01 -2.34556317e-01
    3.33967924e-01 6.88692868e-01 -4.48875464e-02 -1.44853845e-01
    1.38418555e+00 9.07119513e-01 2.12948173e-01 1.29705167e+00
    -2.80481670e-02 -8.71940851e-01 1.40068126e+00 1.42172696e-02
    6.16641223e-01 -1.64303258e-01 9.56833959e-01 3.41886967e-01
    1.36947989e+00 1.42345476e+00 8.23934853e-01 -6.50659800e-01
    1.22999144e+00 1.28445363e+00 -3.38629246e-01 8.12110245e-01
    1.14221919e+00 -1.28754796e-02 -9.05453861e-01 5.23981094e-01
    -1.53593838e-01 9.21910644e-01 2.34647810e-01 7.62249887e-01
    -7.10247517e-01 -2.36816317e-01 7.04371691e-01 5.87041855e-01
    -1.51442021e-01 1.90550104e-01 -6.64307475e-01 1.94251490e+00
    -3.26461680e-02 -1.63075686e-01 5.96633255e-01 1.06006801e-01
    1.15146518e+00 -7.80974984e-01 -8.86990368e-01 -3.49698891e-03
    7.41049051e-01 9.14452493e-01 1.96782041e+00 1.82984114e+00
    1.90018451e+00 1.48056090e+00 -2.89623857e-01 -8.01361084e-01
    4.66415137e-01 1.07829523e+00 5.28695822e-01 -4.23362285e-01
    -8.31158280e-01 -2.99686879e-01 7.78073728e-01 1.85498881e+00
    4.72722501e-01 5.63695371e-01 2.70797368e-02 -2.46367797e-01
    1.83317196e+00 -3.09181362e-01 -5.13961799e-02 3.72232854e-01
    -4.91425931e-01 1.53718865e+00 -5.77410460e-01 -4.69890125e-02
    1.73267078e+00 8.46193910e-01 -9.44684863e-01 1.32980990e+00
    -6.89374685e-01 5.26341498e-01 -8.00163448e-01 9.60069776e-01
    1.73967719e+00 -7.55785704e-01 -2.63325453e-01 -7.66280770e-01
    1.17996335e+00 -2.23555356e-01 -3.56842399e-01 -2.46966764e-01
    1.07200384e+00 1.89978278e+00 6.74607277e-01 7.91603744e-01
    1.32503104e+00 5.78426600e-01 1.20163333e+00 9.78225052e-01
    -2.82499462e-01 1.72988582e+00 -3.00322354e-01 -4.97051358e-01
    5.12082517e-01 1.75884593e+00 1.69568789e+00 1.21883690e+00
    1.92785227e+00 -5.53614311e-02 1.65335965e+00 1.64858353e+00
    8.72950435e-01 5.91341615e-01 -3.32097620e-01 -8.84954035e-01
    1.43068564e+00 1.60758686e+00 2.02549279e-01 3.93610567e-01
    -9.47802544e-01 -2.20459133e-01 -6.17704988e-01 1.11696649e+00
    -5.15395887e-02 -3.25336635e-01 5.80663979e-01 -7.10263371e-01
    -8.07265818e-01 7.44456768e-01 6.40825093e-01 -3.26794535e-01
    1.96250761e+00 1.12945604e+00 7.07172096e-01 1.64061522e+00
    1.38448131e+00 1.37373757e+00 1.18274026e-01 3.93913418e-01
    -5.94914913e-01 -8.56468201e-01 -7.26297438e-01 2.03992516e-01
    -3.05692226e-01 -7.88269043e-01 2.64101893e-01 -3.96900892e-01
    1.18125938e-01 -4.74662334e-01 1.53949273e+00 1.52814209e+00
    -4.42435414e-01 7.03564644e-01 -1.35277867e-01 1.90549314e+00
    1.06054151e+00 1.33882260e+00 -1.79113999e-01 1.22817242e+00
    3.34572971e-01 1.51513505e+00 8.24537277e-01 6.70777321e-01
    1.72087896e+00 -4.69701827e-01 1.70829749e+00 -9.94152904e-01
    1.76000786e+00 1.96312163e-02 1.56699014e+00 -6.26858592e-01
    -3.29149574e-01 1.15917313e+00 -7.68485010e-01 4.18206096e-01
    -1.94030806e-01 1.64873600e+00 6.67088151e-01 9.03494000e-01
    1.09569204e+00 -9.89590585e-01 -4.85026509e-01 5.35736322e-01
    -4.37244862e-01 1.52337766e+00 1.53160262e+00 5.16522050e-01
    -4.44896698e-01 1.50968075e+00 1.60494018e+00 1.12237513e+00
    -9.57459927e-01 4.50545758e-01 -1.81172311e-01 1.41350019e+00
    1.30040050e+00 1.31754589e+00 1.08414412e+00 8.16970885e-01
    1.18547547e+00 -9.73229825e-01 7.68560171e-01 1.70815933e+00
    8.64832640e-01 -9.16277766e-01 1.98442328e+00 1.66131735e+00
    1.01544595e+00 1.22475302e+00 1.71522164e+00 1.35646057e+00
    -5.53112984e-01 1.07436347e+00 1.49561077e-01 -2.98229069e-01
    2.96375062e-02 -8.68143559e-01 3.22351784e-01 7.99888909e-01
    -7.49659836e-01 4.36524004e-01 1.80671275e+00 2.65531451e-01
    1.54080331e+00 1.25436020e+00 4.28336769e-01 1.58127463e+00
    1.30530488e+00 -1.53998910e-02 1.42660701e+00 -7.07386255e-01
    6.49392545e-01 1.40617812e+00 1.97609854e+00 9.69648123e-01
    1.38440049e+00 9.91952658e-01 5.44210732e-01 -6.75146639e-01
    2.06332520e-01 1.70443499e+00 2.33862400e-01 1.39109027e+00
    -8.16276491e-01 -6.75865531e-01 1.22361696e+00 -3.55399758e-01
    -5.64661086e-01 6.78537786e-01 1.74621367e+00 7.33017316e-03
    1.54172695e+00 9.67292786e-01 1.07132816e+00 1.13866830e+00
    -8.73316765e-01 1.57471478e+00 -1.43142074e-01 -4.91356194e-01
    -4.48332876e-01 1.60554492e+00 -9.23382699e-01 1.58439600e+00
    -8.55808258e-01 -2.98022665e-02 1.52144122e+00 2.65815169e-01
    -4.50129777e-01 1.52357173e+00 1.12248790e+00 5.02540357e-03
    -1.83140323e-01 7.62344420e-01 -8.73958826e-01 1.28560162e+00
    -6.87448010e-02 3.02693009e-01 -8.92691195e-01 1.72277927e+00
    5.84922194e-01 -9.05022204e-01 3.32367271e-02 -1.00185978e+00
    -1.97829634e-01 1.33307591e-01 -6.79369450e-01 1.82726991e+00
    1.36047637e+00 6.16928875e-01 1.51174927e+00 -8.51657391e-02
    1.66796327e-01 -3.38184655e-01 -2.05702543e-01 2.72423685e-01
    -5.61907709e-01 1.62867749e+00 3.37145120e-01 1.18478334e+00
    -3.33819211e-01 -3.08135420e-01 -2.87532181e-01 -6.81833088e-01
    -4.86003727e-01 1.36123586e+00 -6.14020884e-01 6.82860970e-01
    4.78000611e-01 -2.80636530e-02 1.16760290e+00 7.72135258e-01
    5.56612372e-01 1.77126110e+00 -7.44549930e-01 1.14403117e+00
    6.37384832e-01 1.32797027e+00 3.54249626e-01 -2.05487624e-01
    6.02166951e-01 6.99980080e-01 -5.92500329e-01 1.36333454e+00
    1.51367033e+00 1.41392636e+00 5.62834203e-01 1.30701387e+00
    3.50035816e-01 1.65857172e+00 1.06789577e+00 1.29852557e+00
    -9.11836505e-01 7.74758875e-01 -7.81185746e-01 -7.15390384e-01
    1.38278973e+00 1.20192409e+00 1.37186456e+00 -5.41829407e-01
    8.66988242e-01 1.38456178e+00 7.73622245e-02 1.39196765e+00
    1.74771023e+00 -1.77645922e-01 -5.35458684e-01 4.57674265e-02
    -1.33318827e-01 -3.45893979e-01 1.00466299e+00 1.01316556e-01
    6.45796478e-01 7.02476084e-01 4.13939983e-01 1.81458330e+00
    -4.44685578e-01 -3.42294306e-01 1.46802485e+00 -3.84227902e-01
    -7.38971293e-01 2.64992923e-01 6.97914183e-01 1.41709566e+00
    1.84868589e-01 5.00585996e-02 1.80772924e+00 -6.85621738e-01
    -4.87940162e-01 1.57003915e+00 1.21673429e+00 1.54556656e+00
    1.48315442e+00 -1.95136994e-01 7.00734735e-01 -1.55612051e-01
    1.70217872e-01 1.24253607e+00 1.08163667e+00 -6.78031566e-03
    -7.38682270e-01 -5.16569130e-02 -2.27102354e-01 1.41106975e+00
    -6.51112199e-01 1.94756639e+00 1.74808896e+00 1.57628989e+00
    -2.81680170e-02 -6.01611584e-02 7.77975440e-01 5.97179532e-01
    8.61780047e-01 1.80567586e+00 4.34636511e-02 -8.83574367e-01
    1.60267067e+00 -7.94309616e-01 6.84831619e-01 1.15447307e+00
    1.20818281e+00 -3.84022407e-02 -7.20214009e-01 1.09616649e+00
    1.54160950e-02 -4.42694396e-01 1.62238276e+00 -4.87269700e-01
    -5.66998482e-01 1.02025330e+00 -8.15060362e-03 -8.25455725e-01
    1.64138579e+00 3.57346982e-01 7.03633189e-01 1.65558231e+00
    7.47812331e-01 1.81792259e+00 5.53388655e-01 -3.48432004e-01
    1.18105853e+00 -1.49966270e-01 1.11099696e+00 1.21267056e+00
    -1.92773670e-01 4.05876577e-01 5.10873139e-01 1.44601011e+00
    8.39164972e-01 -5.45233369e-01 6.30912781e-01 6.59345210e-01
    1.86795521e+00 4.00114089e-01 -4.30144161e-01 9.73062396e-01
    6.50333762e-01 5.44162035e-01 1.02441919e+00 9.82299030e-01
    1.82349002e+00 -1.40728861e-01 6.10709727e-01 4.19052243e-01
    7.71427453e-01 4.24808770e-01 1.24693120e+00 2.00894743e-01
    1.71876454e+00 -3.96550895e-04 -9.99961141e-03 -4.85861570e-01
    1.62897241e+00 9.89418030e-01 -9.79571164e-01 -9.54240739e-01
    4.06264037e-01 1.94521785e+00 1.30963516e+00 1.61748481e+00
    9.19457078e-01 1.58067036e+00 -7.95704663e-01 1.09216619e+00
    -6.83586895e-01 -6.35431111e-01 1.46980512e+00 -2.48006284e-01
    -8.01440537e-01 2.69979745e-01 1.81620419e+00 -2.41511971e-01
    -6.41272366e-01 1.94658649e+00 -3.89087982e-02 1.64482713e+00
    1.75274029e-01 -8.95265415e-02 5.35397708e-01 6.81876779e-01
    1.26648629e+00 1.07271993e+00 1.87736809e+00 9.62891579e-01
    1.30279791e+00 1.46606803e+00 1.26460350e+00 4.50957656e-01
    -8.27313185e-01 -3.03296983e-01 -8.98285985e-01 1.69342354e-01
    3.37211967e-01 5.07852584e-02 -8.27518523e-01 2.69200534e-01
    1.28996217e+00 1.02505970e+00 1.58195674e+00 6.32572472e-01
    1.67507637e+00 1.19461787e+00 1.29757559e+00 1.64184713e+00
    7.69471288e-01 5.18992126e-01 1.17860913e+00 -6.62062287e-01
    1.28770137e+00 1.13590550e+00 1.05998063e+00 -2.52781063e-01
    -5.45868278e-01 1.19885778e+00 3.24272841e-01 -2.03179181e-01
    1.84474635e+00 2.68267959e-01 -5.49707294e-01 1.57339823e+00
    1.21600163e+00 3.32090825e-01 1.08596706e+00 1.80222273e+00
    1.97820461e+00 8.58949274e-02 1.85767245e+00 1.10860392e-02
    1.89135575e+00 4.82761323e-01 1.20699775e+00 -8.03420722e-01
    1.32386053e+00 -6.60554528e-01 4.95155394e-01 8.06416214e-01
    1.41612148e+00 -4.97604907e-01 1.78997123e+00 2.25496143e-01
    6.75910175e-01 -9.68814373e-01 1.27073497e-01 6.62874430e-02
    4.22621816e-01 -3.06462377e-01 5.47492623e-01 -3.08783174e-01
    3.91636819e-01 -6.01844430e-01 4.17141974e-01 9.60167170e-01
    9.20498073e-02 6.20975941e-02 -1.69408545e-01 4.24766064e-01
    1.37275815e+00 8.85375917e-01 -1.74587041e-01 1.72310364e+00
    1.52168369e+00 7.74850726e-01 1.60118628e+00 4.04704064e-01
    -4.78317142e-01 -4.65753376e-01 -3.72016579e-02 1.68778563e+00
    -3.34846884e-01 7.90766776e-01 -6.86125040e-01 -4.60856557e-01
    8.61435115e-01 -5.88265479e-01 8.62495124e-01 6.14307940e-01
    1.02786052e+00 -1.52531415e-01 1.66696954e+00 8.25182140e-01
    1.04136956e+00 1.90680373e+00 1.11592603e+00 1.16848934e+00
    -6.88249171e-01 -8.70407104e-01 -3.76928121e-01 -3.98291685e-02
    -4.27083910e-01 -2.97330111e-01 -4.46679354e-01 -6.76872730e-01
    -8.78763378e-01 1.45582795e+00 1.64304936e+00 9.49380640e-03
    6.25207067e-01 1.23134112e+00 -5.03414869e-01 1.97625780e+00
    -4.91413951e-01 -3.90764028e-01 1.22902644e+00 1.98872790e-01
    2.08019063e-01 1.23852932e+00 7.95189291e-02 -2.03416683e-02
    9.22997534e-01 -4.03609693e-01 1.28465331e+00 -9.73726273e-01
    -7.05947042e-01 6.93451822e-01 9.73566949e-01 7.06463635e-01
    9.60823774e-01 -8.96013558e-01 1.24417031e+00 1.88078451e+00
    8.37468565e-01 -8.00951004e-01 9.01800573e-01 1.68996155e+00
    -5.45311153e-01 -1.13190651e-01 -4.32664335e-01 -2.25691602e-01
    3.58965486e-01 -1.72017723e-01 2.03027749e+00 1.59779513e+00
    -9.13627565e-01 5.29952347e-01 -8.97758603e-01 1.66667116e+00
    -5.69537699e-01 2.53345490e-01 1.20906973e+00 -4.12319511e-01
    1.10302138e+00 1.53236818e+00 -2.49972120e-02 9.11994517e-01
    -8.01418304e-01 -3.98554981e-01 -4.02379543e-01 1.78326225e+00
    1.84600759e+00 1.19996238e+00 -9.63501751e-01 3.78029734e-01
    1.09915125e+00 1.31056988e+00 7.65188456e-01 -6.80812299e-01
    -6.63255811e-01 2.95362771e-01 1.85613048e+00 4.96401161e-01
    4.81335193e-01 3.58274013e-01 8.79379630e-01 1.82218778e+00
    1.66527927e-01 1.86333835e+00 1.60640422e-02 2.38379464e-01
    1.63971806e+00 1.15399051e+00 -4.38088924e-01 -8.47272158e-01
    1.48457241e+00 -1.85006514e-01 -5.96145570e-01 1.69178233e-01
    1.24257386e+00 -5.01504660e-01 1.71430051e+00 -5.47877431e-01
    7.49752223e-01 1.08471012e+00 1.44834387e+00 1.84668386e+00
    -5.77526808e-01 -6.34145617e-01 1.37495363e+00 1.31170058e+00
    -2.89999813e-01 -7.02817798e-01 1.94909501e+00 1.50380421e+00
    1.01131320e+00 -1.65124163e-01 -9.19512510e-01 1.68649721e+00
    1.66756332e+00 -6.79580569e-01 5.78923643e-01 -9.86702859e-01
    1.72004414e+00 1.81604779e+00 1.25478029e+00 4.37323421e-01
    7.62500346e-01 -7.40872622e-01 1.68532327e-01 1.75117266e+00
    8.87610555e-01 -7.63942897e-01 1.23623765e+00 -6.56181216e-01
    -7.58383572e-01 -5.12366831e-01 6.21607304e-01 -1.88128442e-01
    -8.37096453e-01 1.86765683e+00 2.18878925e-01 -2.26053789e-01
    -6.06755376e-01 -9.56363603e-03 5.53437352e-01 1.11359549e+00
    -4.49088402e-03 1.07308698e+00 -7.37151146e-01 1.71064341e+00
    -7.82189190e-01 -4.79992509e-01 -9.42953769e-03 9.92217660e-02
    -6.13410294e-01 -3.72282356e-01 1.78189409e+00 -7.26369500e-01
    -4.59374696e-01 1.58178926e+00 1.42232084e+00 -4.83125269e-01
    -2.81757444e-01 9.56124902e-01 3.43590111e-01 -5.56070149e-01
    3.92792642e-01 -7.67817974e-01 1.37171793e+00 5.46854019e-01
    -6.20371163e-01 -3.19465250e-01 -5.30269742e-01 1.79239869e+00
    1.91098869e+00 1.86161637e+00 2.95581073e-01 1.50654450e-01
    1.51703253e-01 1.81565690e+00 6.01454489e-02 -9.04980183e-01
    -7.28588045e-01 1.54581726e+00 5.53769946e-01 -5.87775588e-01
    1.57881543e-01 -3.17601204e-01 -5.92943788e-01 1.27404720e-01
    1.36746860e+00 1.82924283e+00 4.73749846e-01 1.44760215e+00
    9.31948245e-01 1.96424580e+00 3.54296267e-01 1.31549096e+00
    1.45321414e-01 1.53140712e+00 -6.67409003e-01 6.93555474e-02
    4.67853069e-01 -7.05796182e-01 -9.16628540e-02 -4.30010915e-01
    -5.16052842e-01 -2.47169852e-01 -2.98839122e-01 7.97879517e-01
    1.61939859e-01 1.47266352e+00 7.07077801e-01 -4.58062619e-01
    1.70229948e+00 3.54471475e-01 -4.31999862e-01 6.90982580e-01
    1.71800911e+00 1.36032498e+00 1.25704622e+00 1.88051748e+00
    3.02910715e-01 1.80440211e+00 -9.65314358e-02 1.72560608e+00
    6.25677228e-01 2.06571212e-03 -2.61311203e-01 -5.29136240e-01
    -3.69288057e-01 -3.43926363e-02 1.83723950e+00 1.75012195e+00
    2.64184177e-01 -3.17023486e-01 -8.14959481e-02 -4.85574007e-01
    1.51856589e+00 1.23079407e+00 8.75733886e-03 1.51702225e+00
    1.64857185e+00 1.37313151e+00 1.21581972e+00 1.28227234e+00
    1.84170103e+00 1.98025739e+00 3.33704680e-01 1.26909471e+00
    2.00065866e-01 8.83239150e-01 1.13470030e+00 7.43237317e-01
    1.91108599e-01 1.45612311e+00 1.38659525e+00 -3.47584575e-01
    -1.94549456e-01 4.57543224e-01 -9.23034921e-02 3.84668618e-01
    -4.10932034e-01 5.33895433e-01 7.30910659e-01 4.38586324e-01
    -6.49926066e-01 1.44400656e+00 1.81582499e+00 -1.18672140e-02
    -8.23421180e-01 8.96859467e-02 1.95516333e-01 1.93901706e+00
    -1.59359843e-01 5.74419379e-01 1.54404187e+00 1.27763700e+00
    -2.96905160e-01 1.61700916e+00 -5.64060271e-01 1.02639711e+00
    5.10357440e-01 1.56502867e+00 -5.45011580e-01 -5.86494982e-01
    1.78063571e-01 2.68978834e-01 4.14527416e-01 7.22026467e-01
    1.47845471e+00 1.13084197e+00 1.71055520e+00 6.62664175e-01
    -1.76827952e-01 -1.95310786e-01 1.41187704e+00 -9.69851315e-01
    -4.91412580e-02 1.28105700e+00 -8.75844002e-01 4.17538524e-01
    -6.16165102e-01 -4.80966866e-01 -6.08622372e-01 1.35163772e+00
    1.13094473e+00 -4.84792233e-01 1.94106436e+00 2.53637910e-01
    3.54443640e-01 -3.15449774e-01 1.59298062e+00 7.32209265e-01
    7.06172109e-01 5.53175032e-01 1.42725265e+00 3.64872754e-01
    -7.68112481e-01 2.31443167e-01 1.76423335e+00 -1.85426399e-02
    3.91053259e-01 -1.00921381e+00 6.61002815e-01 -2.48398572e-01
    3.21238309e-01 4.19336438e-01 6.04220569e-01 2.76314825e-01
    -4.77318197e-01 1.97074831e+00 8.63296032e-01 2.73629814e-01
    2.82748044e-01 8.94928992e-01 1.78902817e+00 1.00069404e+00
    8.71682227e-01 1.35333776e+00 -3.57777148e-01 1.47690773e+00
    -8.93119633e-01 8.90486717e-01 1.22648799e+00 4.25335944e-01
    1.93299818e+00 1.15084398e+00 -9.32907701e-01 -1.70216918e-01
    1.16623402e-01 6.81217074e-01 1.76595712e+00 1.86446822e+00
    1.44024301e+00 5.67038655e-01 -4.46090512e-02 2.36645728e-01
    1.83536148e+00 -7.06777275e-01 1.50985885e+00 -5.72903275e-01
    -6.25951469e-01 -7.84718275e-01 2.03128666e-01 -7.60985017e-01
    -1.45048231e-01 1.26012966e-01 1.32855213e+00 1.62988400e+00
    1.30640161e+00 4.14882690e-01 -9.57098007e-01 -5.12527406e-01
    1.52876139e+00 1.89091384e+00 5.17346859e-01 -7.69632608e-02
    -2.56015450e-01 -8.97217333e-01 -4.33614291e-02 -9.99347627e-01
    -2.07206577e-01 -4.26329464e-01 2.51071285e-02 1.30873919e+00
    4.72637743e-01 2.03395233e-01 3.41811657e-01 -6.62133098e-01
    1.22900820e+00 1.73887908e+00 -8.60477328e-01 1.04887724e+00
    8.04994822e-01 6.99602485e-01 1.50234020e+00 -1.50837779e-01
    1.42289972e+00 9.51980770e-01 1.09547608e-01 6.48598611e-01
    -1.83605522e-01 1.24762583e+00 2.21395016e-01 1.54299891e+00
    1.28015625e+00 5.24909019e-01 -4.70086932e-01 7.66085461e-02
    1.33920968e+00 1.82476389e+00 1.71389437e+00 1.21416427e-01
    1.02273798e+00 -5.96590459e-01 6.29794478e-01 2.00135851e+00
    1.05896640e+00 4.25312787e-01 4.72475648e-01 8.89226675e-01
    -2.16542646e-01 4.20515358e-01 -4.80621189e-01 1.09349859e+00
    1.80828202e+00 -1.78026110e-01 1.63785890e-01 2.04449326e-01
    -7.30582178e-02 6.87928855e-01 1.09688258e+00 7.16211379e-01
    1.19619024e+00 8.88629675e-01 1.88810253e+00 1.13671589e+00
    1.27090812e+00 1.75847721e+00 1.32189453e+00 -4.92335558e-01
    1.17490697e+00 -4.91180927e-01 1.10184777e+00 4.08844739e-01
    -6.01246715e-01 7.97603190e-01 1.12962592e+00 3.49977285e-01
    1.69619977e+00 -4.65347439e-01 -4.70232517e-01 8.61621320e-01
    1.92885983e+00 -1.60059631e-01 2.33212963e-01 4.96128500e-01
    1.09220576e+00 1.37547290e+00 6.97402477e-01 2.78682649e-01
    2.79878795e-01 1.61764514e+00 1.10897088e+00 3.69078696e-01
    1.65741932e+00 1.82366884e+00 7.83651322e-03 1.63980126e+00
    1.98940754e+00 9.45900440e-01 -6.32555485e-01 -3.95529509e-01
    -5.06429493e-01 4.68394369e-01 -4.95856375e-01 2.02269769e+00
    1.80762374e+00 1.91631126e+00 4.59936440e-01 1.73990107e+00
    1.63905895e+00 -8.00690651e-01 9.40505743e-01 1.07030535e+00
    -5.01396775e-01 -2.94184297e-01 -5.81114113e-01 1.61442459e+00
    5.75848699e-01 1.46546638e+00 9.20066178e-01 1.69880474e+00
    -2.97102541e-01 2.43917108e-01 -6.35390341e-01 -3.29412252e-01
    1.55563509e+00 1.34480226e+00 8.24178517e-01 3.50155532e-01
    1.58062732e+00 1.01400769e+00 1.11599290e+00 4.47752744e-01
    1.27243447e+00 1.49564636e+00 1.36763847e+00 5.44083118e-01
    2.14301124e-01 1.73883343e+00 6.79615200e-01 -6.15682602e-01
    1.24614859e+00 1.79761076e+00 4.15478982e-02 -3.38484377e-01
    5.88280201e-01 1.98956537e+00 1.71997607e+00 1.00325584e+00
    1.84120131e+00 1.96846700e+00 3.20477217e-01 1.39163530e+00
    -1.74206048e-01 1.40862212e-01 5.85863054e-01 1.95213735e+00
    -5.27634844e-02 -5.63997865e-01 1.32353926e+00 -3.07821780e-01
    4.17846292e-01 -4.25064750e-02 1.48046106e-01 -2.12557632e-02
    3.61468788e-04 1.42409027e+00 -8.34357832e-03 1.17098355e+00
    1.54877639e+00 -1.39192790e-01 1.23560405e+00 -4.03241843e-01
    1.12405944e+00 -4.17302251e-01 4.99591678e-01 -7.78095722e-01
    -4.20938075e-01 -4.09723967e-01 3.41777593e-01 1.66684723e+00
    5.52506447e-01 1.27987862e+00 1.62417591e+00 8.82538736e-01
    -5.20728052e-01 1.36575854e+00 1.36516929e-01 1.38521016e+00
    6.62485123e-01 3.41720372e-01 1.71194708e+00 4.57051247e-01
    3.59221585e-02 1.16936541e+00 4.17568237e-01 1.19168766e-01
    1.63985419e+00 -5.97953498e-01 1.12359607e+00 1.91722429e+00
    -6.82374299e-01 2.54900903e-01 -2.08182603e-01 -6.68100715e-01
    -4.09401879e-02 1.60530937e+00 8.84458646e-02 7.59033382e-01
    1.16062737e+00 1.47487032e+00 5.40042222e-01 2.02661824e+00
    6.36433363e-01 -7.78133273e-01 1.79505348e+00 -2.68776000e-01
    1.73674679e+00 1.71162510e+00 3.57378006e-01 1.75412464e+00
    6.40103042e-01 1.28639266e-01 -1.16580017e-01 7.33450532e-01
    1.66996658e+00 4.33749100e-03 -3.35146874e-01 -2.01158389e-01
    7.62814105e-01 1.69145608e+00 2.02869225e+00 -6.74367249e-01
    -3.55372205e-02 9.86728191e-01 1.45609748e+00 1.17070282e+00
    6.89338207e-01 -3.20089281e-01 -2.39007443e-01 7.98727497e-02
    8.59523833e-01 -5.16834855e-01 4.64789003e-01 1.35231066e+00
    3.75323705e-02 1.62842405e+00 -7.96303868e-01 1.00844991e+00
    1.41691625e+00 3.67257416e-01 1.83118784e+00 1.74342084e+00
    1.73427606e+00 -6.42471373e-01 -6.66282117e-01 1.16347611e-01
    -6.39214098e-01 1.88336682e+00 2.75101066e-01 7.43413940e-02
    1.91047072e+00 9.04150367e-01 1.77580917e+00 2.64161173e-03
    -6.99468195e-01 9.60716367e-01 1.86380076e+00 1.59642947e+00
    1.54136014e+00 5.25779068e-01 1.24262369e+00 1.17286909e+00
    -3.42386186e-01 -7.27674887e-02 7.25311279e-01 -5.00481665e-01
    9.74177063e-01 1.10027182e+00 7.95292735e-01 7.87465513e-01
    -2.60981739e-01 -5.47415495e-01 -3.06578368e-01 1.78808689e-01
    7.21980810e-01 1.44332901e-01 1.52702653e+00 4.73308951e-01
    7.62413740e-01 7.91325569e-02 1.23756289e+00 3.33369404e-01
    9.44797397e-01 1.25428975e+00 9.26507695e-04 -3.85330379e-01
    2.09715843e+00 8.77982378e-01 1.42303586e+00 -9.57479626e-02
    3.59104335e-01 9.46045935e-01 1.30531168e+00 -6.74855476e-03
    2.02874851e+00 8.59277427e-01 3.48752171e-01 -5.17122149e-01
    2.06425691e+00 9.62770998e-01 2.06270361e+00 -6.29517436e-01
    9.67017889e-01 1.39644456e+00 4.55783784e-01 -4.05312806e-01
    -4.80160952e-01 4.47093733e-02 1.99236703e+00 -6.34756446e-01
    2.07697749e+00 7.44186521e-01 1.27581358e+00 1.94630051e+00
    -4.14747566e-01 1.35627043e+00 -4.38698649e-01 1.90738285e+00
    1.48922205e+00 -4.95600313e-01 1.96183419e+00 -6.20750785e-01
    4.61069256e-01 1.53065324e-01 1.55093658e+00 2.00502723e-01
    1.03649497e-03 -7.03529119e-01 1.84725678e+00 -4.24305499e-01
    -5.29624939e-01 -2.02456385e-01 1.72604728e+00 4.93426099e-02
    -7.10054457e-01 -2.70118475e-01 4.18231308e-01 1.48676395e-01
    4.92420733e-01 -3.78349870e-01 1.65694892e+00 -6.88535869e-02
    8.60407352e-01 8.62606645e-01 2.66752630e-01 1.63253951e+00
    3.70002270e-01 6.67852163e-01 2.06396556e+00 1.70311618e+00
    -1.63634285e-01 1.01733935e+00 1.73276126e+00 1.44309556e+00
    2.00999808e+00 -1.17159396e-01 2.49043465e-01 6.02082610e-01
    1.71814203e+00 1.63284373e+00 2.11081910e+00 1.29705918e+00
    -6.57387733e-01 3.62860054e-01 3.58955860e-01 1.26318827e-01
    -5.30396998e-01 4.49920297e-02 1.18462121e+00 1.26383972e+00
    -4.61171061e-01 6.03623688e-01 -4.57270890e-01 4.11857128e-01
    -3.94839257e-01 1.07751477e+00 -6.49488211e-01 1.80584323e+00
    -3.86287197e-02 4.10858929e-01 -1.68471649e-01 -2.69365609e-01
    1.94500887e+00 1.13726914e+00 3.25715899e-01 -6.92059517e-01
    -4.01032902e-02 5.31748950e-01 1.11639166e+00 7.01989830e-01
    -6.51630223e-01 1.12924230e+00 1.12348318e+00 -6.11602187e-01
    -1.14551902e-01 1.11906242e+00 1.73669481e+00 7.18237400e-01
    1.56467986e+00 7.06828833e-01 8.79996061e-01 2.97031879e-01
    1.38968801e+00 1.77788556e+00 1.75095654e+00 1.29693949e+00
    1.14952874e+00 -3.36562932e-01 -6.30638301e-01 1.48040310e-01
    1.39472437e+00 8.85783315e-01 8.81617844e-01 1.77579701e+00
    2.10661221e+00 7.31808007e-01 5.85578322e-01 6.28261924e-01
    1.66907513e+00 1.90647566e+00 -6.29215479e-01 6.80485845e-01
    1.83777678e+00 1.08279252e+00 -1.60652161e-01 9.56901073e-01
    -2.78335243e-01 1.68378413e+00 1.99473751e+00 9.23246622e-01
    2.04329443e+00 1.24264169e+00 1.98751235e+00 3.90452862e-01
    1.36344984e-01 5.28094232e-01 6.55458152e-01 8.50648820e-01
    6.57024562e-01 2.58154273e-02 1.36832821e+00 9.64926034e-02
    4.54016149e-01 2.10285711e+00 1.51670766e+00 -1.84037045e-01
    6.78079784e-01 1.44422770e+00 1.11681211e+00 -6.26838386e-01
    1.30664623e+00 -1.28441565e-02 1.91336811e+00 1.60996068e+00
    -3.70886885e-02 -3.04147124e-01 7.20647573e-01 1.14505804e+00
    9.84546766e-02 -2.96314001e-01 -7.32410014e-01 -6.06733918e-01
    1.22664319e-02 1.25705588e+00 1.77129841e+00 1.57893002e+00
    1.11246610e+00 1.90025425e+00 -1.92263499e-01 1.66081274e+00
    6.04790509e-01 1.41326773e+00 6.16662025e-01 -4.08365190e-01
    8.10903013e-01 -1.45984992e-01 1.15646410e+00 6.52064919e-01
    4.51735139e-01 4.09770817e-01 1.41654336e+00 2.05546188e+00
    1.18994176e+00 3.11184198e-01 -4.09633368e-01 1.43644702e+00
    -2.66929865e-01 2.28904366e-01 1.29435647e+00 1.84394383e+00
    -5.22705242e-02 2.21531272e+00 3.60730588e-01 3.55544537e-01
    1.20278955e+00 2.03370357e+00 1.60209751e+00 2.38431945e-01
    1.60669279e+00 1.45856214e+00 1.40112698e+00 1.96488249e+00
    1.07326388e+00 1.27381539e+00 1.70356524e+00 -6.32173955e-01
    1.26796937e+00 -5.61388671e-01 -4.38503474e-01 1.35866988e+00
    -5.92481256e-01 6.14445567e-01 8.31305027e-01 1.07224429e+00
    -5.04255071e-02 -8.01958963e-02 1.04111397e+00 2.09107137e+00
    -2.70298243e-01 5.93086720e-01 4.11976218e-01 1.80657721e+00
    1.87710595e+00 4.28810745e-01 -3.97716045e-01 1.87816039e-01
    -3.08495015e-01 1.96045518e+00 8.79692852e-01 -3.20349157e-01
    7.17069924e-01 4.37896550e-01 1.86728930e+00 -1.99007675e-01
    -3.82243127e-01 1.03158331e+00 1.08905816e+00 5.07072471e-02
    1.69543052e+00 1.68640912e+00 -6.62612915e-01 -3.73538323e-02
    -4.85781729e-02 -1.47201985e-01 2.39727545e+00 2.40927029e+00
    8.12108755e-01 1.28410578e+00 1.21818721e+00 1.64566767e+00
    7.23528266e-01 2.03843665e+00 1.51256001e+00 -4.65626657e-01
    2.27803588e+00 -4.96134311e-01 8.21994364e-01 4.53283429e-01
    6.23654544e-01 -5.74355960e-01 2.22245622e+00 1.33451080e+00
    1.07536018e+00 3.08429509e-01 1.45410150e-01 2.10198903e+00
    1.34482741e+00 2.87070096e-01 -2.37800673e-01 9.15453792e-01
    -6.10342860e-01 1.64848590e+00 -5.14977336e-01 1.08818269e+00
    2.04921246e+00 -1.94237952e-03 2.15973854e+00 4.88156945e-01
    1.07096016e+00 -5.04705906e-01 1.07462943e+00 1.77431035e+00
    1.89189732e+00 1.28236222e+00 2.07396913e+00 3.95818233e-01
    6.17999136e-01 1.74699044e+00 -8.76762196e-02 1.76452565e+00
    2.09779215e+00 3.54530096e-01 6.93275407e-03 6.32723689e-01
    2.23294473e+00 1.66485381e+00 -3.48344058e-01 2.28245899e-01
    1.83854568e+00 1.13283777e+00 1.88842976e+00 1.99151528e+00
    1.78715968e+00 7.35018134e-01 4.40818936e-01 -4.09748219e-02
    1.37795067e+00 3.49743605e-01 1.18278122e+00 -3.24521624e-02
    1.83664513e+00 1.62393123e-01 2.10398865e+00 1.00833289e-01
    1.44102681e+00 1.07033861e+00 2.03886986e+00 4.02695477e-01
    2.18310499e+00 2.19795442e+00 3.70374054e-01 -3.82134199e-01
    2.15445852e+00 9.67180550e-01 9.43198502e-01 1.44883621e+00
    1.81400073e+00 1.37804461e+00 -2.67001927e-01 1.59728134e+00
    -8.65048915e-03 1.59953129e+00 1.39646935e+00 1.20844936e+00
    -2.29612067e-01 3.66391957e-01 1.83030939e+00 1.62282002e+00
    5.62219620e-01 -1.26619488e-01 1.47084844e+00 5.98720133e-01
    2.14773488e+00 -6.18154705e-01 8.77700448e-01 5.87284565e-01
    1.64262736e+00 1.79073405e+00 8.54817212e-01 5.12655318e-01
    6.80395007e-01 1.78682482e+00 1.36185837e+00 -2.06635058e-01
    1.70043123e+00 1.93624592e+00 1.83140135e+00 7.53917158e-01
    2.15274954e+00 5.14610350e-01 8.75460029e-01 -1.08863384e-01
    2.01729131e+00 8.32961977e-01 -2.47287571e-01 -5.69785714e-01
    1.54407620e+00 7.05164254e-01 2.75005549e-02 1.88541758e+00
    1.15682733e+00 1.36492598e+00 -4.67803627e-01 5.27898192e-01
    -9.52656493e-02 1.17280495e+00 5.90007126e-01 1.07046378e+00
    5.46020865e-02 7.45640516e-01 -5.40173054e-01 2.01544315e-01
    6.51158988e-01 1.21992123e+00 1.84615350e+00 -6.33399427e-01
    2.09523678e-01 -1.62908420e-01 5.28996527e-01 2.00740480e+00
    1.51248074e+00 -5.92020452e-01 2.92598158e-01 -2.59515613e-01
    -3.06264609e-01 1.34192061e+00 6.99186921e-01 4.88051355e-01
    1.55075288e+00 1.57454789e+00 1.24387991e+00 5.10718524e-01
    1.10155535e+00 1.34301543e-01 1.55920684e+00 5.48690259e-01
    9.00384128e-01 1.78770530e+00 4.58768338e-01 2.04089403e+00
    -1.99136734e-01 4.94080156e-01 7.85173059e-01 1.73263872e+00
    1.80742598e+00 7.71511137e-01 8.53843510e-01 5.64218104e-01
    6.10538065e-01 -3.99110109e-01 -6.32405281e-01 2.24943519e+00
    -3.27696204e-01 3.01420480e-01 3.28235552e-02 -1.97826073e-01
    1.56736207e+00 1.64873660e+00 4.49449927e-01 -4.28585559e-01
    -1.08992212e-01 2.20644236e+00 6.73276484e-01 -5.55499375e-01
    1.78747475e-01 1.42641234e+00 -2.85008401e-01 2.26020479e+00
    -2.13209346e-01 -4.86473404e-02 2.23553824e+00 1.60566464e-01
    9.10167873e-01 -3.39053601e-01 1.08901310e+00 -4.80434477e-01
    1.43417209e-01 1.92817557e+00 -1.59120724e-01 -5.10076642e-01
    -8.70766938e-02 6.91437900e-01 1.84803176e+00 1.60725594e+00
    -5.03341734e-01 2.24234596e-01 2.00360084e+00 3.85933667e-01
    8.58532488e-01 -3.30450028e-01 1.78354430e+00 -3.81456852e-01
    -3.23487580e-01 2.17231917e+00 1.86275911e+00 1.86021793e+00
    1.09034336e+00 1.99568415e+00 2.00345469e+00 1.71375847e+00
    -3.15015242e-02 1.29633915e+00 5.97530067e-01 9.09789205e-01
    2.02493834e+00 -4.80100997e-02 -2.53553391e-01 -2.04339191e-01
    1.76705980e+00 -2.44763345e-01 1.41798449e+00 -3.41985971e-01
    1.44339383e+00 1.21161139e+00 1.22506249e+00 2.78501689e-01
    9.43569779e-01 8.89175951e-01 3.90620589e-01 1.85175347e+00
    1.20502865e+00 -5.63748598e-01 1.73183167e+00 1.88992664e-01
    2.67572016e-01 1.50392270e+00 -9.41692293e-02 1.77317071e+00
    1.81007624e+00 7.59865046e-01 1.34282804e+00 2.43178439e+00
    8.74104440e-01 1.59153378e+00 2.37617970e+00 1.79475200e+00
    8.29876959e-01 2.10279226e+00 8.30910280e-02 1.40527725e+00
    1.00755632e+00 1.28449464e+00 2.33389020e+00 1.90705627e-01
    1.41470563e+00 -3.65859330e-01 -1.94564447e-01 -2.05852538e-01
    9.92120802e-01 1.20650601e+00 1.72712493e+00 3.25118065e-01
    7.60231316e-01 1.27670121e+00 1.90947819e+00 1.88520050e+00
    1.42349266e-02 1.70450389e+00 3.45747471e-01 7.64098763e-01
    9.72083747e-01 -1.22693740e-02 2.37660480e+00 1.36114872e+00
    2.48984173e-01 1.54210591e+00 -1.76472485e-01 2.24495769e+00
    2.04020709e-01 4.30125415e-01 -1.02819055e-01 1.44607937e+00
    8.37605357e-01 2.39607525e+00 2.04269409e+00 -1.02783337e-01
    -1.14519961e-01 1.67551923e+00 2.15307331e+00 1.58484352e+00
    1.06802237e+00 8.10845494e-01 4.25891012e-01 1.72057688e+00
    -2.53648102e-01 2.76281893e-01 1.17153120e+00 5.30158937e-01
    1.61881030e+00 2.00145617e-02 -3.04037035e-01 -3.21649402e-01
    2.15303397e+00 1.39646363e+00 1.63422740e+00 -3.82011801e-01
    2.11099720e+00 2.23380613e+00 5.62960617e-02 -4.66892898e-01
    2.24767733e+00 1.83904207e+00 1.42629099e+00 1.79803991e+00
    -1.84666634e-01 -1.28003314e-01 7.51840591e-01 2.20904517e+00
    4.87124890e-01 1.06377673e+00 1.80024254e+00 -1.19967759e-01
    1.26778436e+00 9.75311995e-01 3.70772302e-01 -3.70040119e-01
    1.31091535e-01 5.33420205e-01 1.70107341e+00 1.55521345e+00
    1.18633807e-01 8.01761627e-01 -4.46773440e-01 1.55889109e-01
    7.35711217e-01 -2.00751722e-01 8.78401458e-01 -4.08221573e-01
    1.52806222e-01 2.12010098e+00 5.58093965e-01 1.64481211e+00
    9.94505048e-01 1.77762580e+00 2.79745817e-01 5.91185316e-02
    2.13878155e+00 -2.47530490e-01 5.47470301e-02 1.71634722e+00
    5.11961699e-01 -1.72593385e-01 8.16644669e-01 2.03365222e-01
    8.05130005e-01 1.66816437e+00 -2.44316027e-01 1.21319187e+00
    -1.99722171e-01 1.81853998e+00 1.45557022e+00 2.41798949e+00
    1.65291703e+00 7.95083523e-01 1.74600792e+00 -5.23591757e-01
    1.44479179e+00 2.26074791e+00 1.54203105e+00 -4.55138087e-01
    2.39152849e-01 7.76435435e-01 -2.59125441e-01 1.63402414e+00
    1.79767144e+00 1.81475925e+00 1.52277803e+00 2.17583036e+00
    1.89523876e+00 2.19935679e+00 6.21031284e-01 1.01406682e+00
    1.48412001e+00 2.11469603e+00 -9.81144328e-03 2.10075527e-01
    4.97535877e-02 1.05810964e+00 2.32173085e+00 1.27579880e+00
    -8.41106176e-02 2.16394472e+00 1.49813414e+00 9.64242637e-01
    2.17396522e+00 1.30528998e+00 -1.03898399e-01 1.52833068e+00
    -5.72938286e-02 2.67463773e-01 -3.81721616e-01 1.86923313e+00
    5.15061140e-01 1.99062765e+00 -3.78495485e-01 1.93815684e+00
    7.97404587e-01 2.10619998e+00 3.45813513e-01 6.43413246e-01
    1.92262661e+00 2.26268291e+00 1.18422830e+00 5.31091452e-01
    1.43770850e+00 8.68208587e-01 2.15660596e+00 6.05284691e-01
    1.81952548e+00 -3.34226969e-03 1.07040726e-01 1.08731139e+00
    -5.04297912e-01 -1.97168693e-01 2.01396728e+00 2.36189961e+00
    1.43135345e+00 5.13916910e-01 6.13072276e-01 2.03382158e+00
    3.91049176e-01 7.97373429e-02 -8.20471793e-02 1.64037123e-01
    1.49356830e+00 2.21501637e+00 1.08005178e+00 -1.75324231e-01
    1.09203768e+00 1.88007605e+00 7.96132684e-01 1.81536746e+00
    1.01939368e+00 1.66649139e+00 1.23539362e-02 1.70307708e+00
    9.50653076e-01 2.18008447e+00 2.07370210e+00 8.91604185e-01
    9.43101585e-01 -2.46945426e-01 -2.88634330e-01 1.29333124e-01
    2.30982494e+00 6.03184342e-01 -7.28651807e-02 1.83985543e+00
    9.57932889e-01 1.58096170e+00 1.57472622e+00 4.54535693e-01
    4.21098441e-01 9.12370026e-01 2.00146770e+00 -3.49375427e-01
    1.03792548e+00 1.12876654e+00 -3.05569530e-01 2.06927800e+00
    4.56071615e-01 4.74637479e-01 3.72797772e-02 2.48281315e-01
    1.78484273e+00 8.36673751e-02 -8.80883187e-02 1.23443615e+00
    8.25906336e-01 1.25898409e+00 1.40071881e+00 6.81118548e-01
    3.11333269e-01 2.19171095e+00 2.30857179e-01 -1.01469271e-01
    3.37057590e-01 1.22938693e+00 1.23900318e+00 1.01766825e+00
    8.94869030e-01 2.26703691e+00 6.07041180e-01 -1.43212363e-01
    1.20818424e+00 2.04068851e+00 -6.52971193e-02 7.05927432e-01</data></your_img>
</opencv_storage>
