<?xml version="1.0"?>
<opencv_storage>
<g>1.5200000000000000e+00</g>
<r>4</r>
<filter-type>1</filter-type>
<circular>0</circular>
<L2_diff>9.5907148904779174e+00</L2_diff>
<test_img type_id="opencv-matrix">
  <rows>128</rows>
  <cols>256</cols>
  <dt>f</dt>
  <data>
    8.80941212e-01 8.79344583e-01 7.28421330e-01 7.29309380e-01
    5.59166789e-01 2.08410025e-01 5.60211241e-01 9.99246716e-01
    8.72583628e-01 8.88029814e-01 8.93906534e-01 6.42990708e-01
    8.78745437e-01 1.78880423e-01 2.71934569e-01 6.55274212e-01
    6.33550704e-01 9.28928733e-01 3.06167126e-01 4.49264646e-01
    1.88171089e-01 5.33406377e-01 5.44276774e-01 1.05970949e-01
    6.51431680e-02 6.92943752e-01 5.97079515e-01 7.47830212e-01
    4.08757448e-01 4.40882444e-01 2.66816676e-01 6.76990747e-01
    4.31664020e-01 9.62777138e-02 2.27265418e-01 7.59987533e-02
    7.23631084e-01 6.20742023e-01 1.74284577e-01 3.17693502e-01
    3.85468900e-01 3.42895210e-01 1.95494771e-01 5.37329912e-01
    5.15009046e-01 3.06122601e-01 2.38383889e-01 7.97345042e-01
    6.94140196e-02 2.46955276e-01 8.18580270e-01 7.45916724e-01
    2.19570637e-01 6.48983717e-01 2.82494366e-01 4.94538993e-01
    5.18527329e-02 8.60543728e-01 2.97933221e-02 3.97931457e-01
    6.79212332e-01 2.61492133e-01 8.06710839e-01 7.29757726e-01
    3.92853975e-01 1.56548709e-01 5.89292049e-01 9.33663487e-01
    3.14168930e-01 4.98055309e-01 4.13076580e-01 7.32448757e-01
    5.16091049e-01 3.89414668e-01 3.44766945e-01 8.88151824e-01
    7.46250331e-01 2.49823004e-01 3.70190293e-01 5.32668412e-01
    3.06730270e-01 2.83307135e-01 4.71014380e-01 3.09004784e-01
    2.25376546e-01 1.06868744e-01 1.24674052e-01 7.65643358e-01
    8.99866462e-01 5.19269109e-01 6.93137407e-01 2.05163896e-01
    3.30304503e-01 8.73444796e-01 1.55378431e-01 3.96391213e-01
    9.27591920e-01 6.74216390e-01 1.40518993e-01 9.21069980e-01
    2.80718982e-01 2.00515926e-01 4.52851444e-01 7.83137679e-01
    9.78626728e-01 9.58102345e-01 8.46276522e-01 2.56715298e-01
    7.73575485e-01 3.86318892e-01 6.95026219e-01 9.42816496e-01
    6.21718109e-01 5.58099031e-01 9.62954938e-01 5.18561482e-01
    5.81833422e-01 2.65551895e-01 2.74901330e-01 5.78539968e-02
    6.60055816e-01 1.53606504e-01 4.80546296e-01 2.54258692e-01
    3.22345853e-01 3.83107990e-01 9.29347754e-01 6.72333360e-01
    4.13789988e-01 9.39531088e-01 5.10670543e-01 1.18050933e-01
    6.40511870e-01 3.10432166e-01 1.80877894e-01 3.54775786e-03
    7.01009035e-02 2.68499285e-01 8.39567482e-01 6.29917145e-01
    2.25360096e-01 8.95392060e-01 8.92429650e-02 7.74386525e-01
    2.39704549e-02 3.85552078e-01 6.52698457e-01 7.11101294e-01
    5.54329753e-02 8.04633021e-01 8.05499434e-01 8.31967890e-02
    1.35994136e-01 1.76682979e-01 1.00723922e-01 6.78780615e-01
    7.80491054e-01 5.49467862e-01 6.08543634e-01 9.29191947e-01
    5.86320281e-01 1.98158264e-01 6.73528314e-01 6.27871156e-01
    3.82604212e-01 9.53639388e-01 7.81889200e-01 8.56079578e-01
    2.05021352e-01 1.27720505e-01 1.98249191e-01 9.48856473e-01
    9.04664993e-01 9.92002845e-01 3.08137894e-01 4.51456904e-02
    5.33954322e-01 6.40039980e-01 4.54838693e-01 3.91209900e-01
    8.07829142e-01 6.30566359e-01 1.37489319e-01 3.95531654e-01
    1.69412553e-01 1.46588862e-01 6.20400012e-01 3.43949139e-01
    3.94629955e-01 9.04520035e-01 4.25353527e-01 5.78439832e-01
    2.80125141e-02 1.88534021e-01 6.11856580e-01 9.58417475e-01
    9.10512269e-01 8.08196127e-01 6.05428815e-02 3.45749736e-01
    8.39662433e-01 3.52186710e-01 7.21120358e-01 3.90641332e-01
    8.28496337e-01 6.14864409e-01 7.33954608e-02 6.77160323e-02
    6.85140133e-01 9.30064797e-01 4.33636397e-01 2.33303040e-01
    7.89783359e-01 3.93252194e-01 4.62867707e-01 5.63543916e-01
    1.28229916e-01 1.25049293e-01 8.25016618e-01 5.75738251e-01
    6.58580065e-01 5.57078719e-02 4.09169495e-02 3.12895060e-01
    3.04199338e-01 2.78569758e-02 5.86795211e-01 8.47480178e-01
    5.13192475e-01 2.57475048e-01 7.90209532e-01 1.22639686e-01
    9.97895718e-01 1.12300873e-01 5.08479238e-01 7.30956912e-01
    7.25194335e-01 6.47559106e-01 4.62346494e-01 4.78444815e-01
    2.29214042e-01 3.02231848e-01 6.02300167e-01 7.14525521e-01
    6.63594246e-01 6.47228956e-01 4.91405994e-01 8.19586456e-01
    8.30010116e-01 1.55324578e-01 4.91770953e-01 1.54573172e-01
    3.98657918e-01 3.69282246e-01 2.67261863e-01 8.79538357e-01
    2.48484880e-01 4.04967666e-02 6.43896103e-01 2.31848776e-01
    1.65298879e-01 7.68042684e-01 6.68846786e-01 1.19681388e-01
    9.01941538e-01 4.31113541e-02 4.74493802e-02 2.08227962e-01
    3.89891744e-01 9.96171474e-01 5.67489386e-01 2.12166399e-01
    4.27948147e-01 3.35597813e-01 7.18417883e-01 8.71869206e-01
    9.18103933e-01 5.19513845e-01 9.83805180e-01 5.66031337e-01
    2.86156654e-01 8.83567691e-01 9.45907116e-01 5.24403691e-01
    8.75461698e-02 5.68176746e-01 5.29829800e-01 9.52821016e-01
    2.75516868e-01 9.23160851e-01 6.59040809e-01 7.39720225e-01
    3.21118236e-01 9.69337821e-01 3.22177649e-01 9.40973878e-01
    7.36999571e-01 9.39046025e-01 6.66135132e-01 2.62654424e-01
    1.21152699e-01 3.00857544e-01 4.98753548e-01 4.82016265e-01
    5.07821798e-01 2.45622694e-01 6.61282301e-01 5.77626407e-01
    4.10773456e-02 5.45928001e-01 1.52063280e-01 7.81109631e-01
    3.80879760e-01 1.26818210e-01 9.41771924e-01 2.32541561e-03
    5.03351212e-01 6.63177550e-01 7.71913171e-01 2.65005410e-01
    5.06407857e-01 2.00765729e-01 1.70136005e-01 2.94616222e-01
    3.96937817e-01 5.77339828e-02 9.83534992e-01 9.62511301e-01
    2.21333921e-01 1.18791103e-01 3.00103724e-01 7.05349147e-01
    2.63813317e-01 2.51020104e-01 4.97675329e-01 8.68845165e-01
    5.83212018e-01 8.22548270e-01 5.04660010e-01 9.74064648e-01
    1.30421400e-01 6.39556170e-01 4.03425992e-01 6.94683254e-01
    5.47265172e-01 4.08796370e-02 7.27624416e-01 8.60461354e-01
    3.12005073e-01 3.50102544e-01 5.71987092e-01 1.26950562e-01
    2.07132339e-01 6.60722315e-01 5.63521862e-01 5.22555172e-01
    1.68551862e-01 3.09631914e-01 3.18368852e-01 9.73168194e-01
    9.72416162e-01 6.98662996e-01 2.18356192e-01 6.51975334e-01
    1.53948486e-01 1.97720110e-01 5.65053403e-01 6.16290331e-01
    6.31590247e-01 3.41477990e-01 2.24402100e-01 5.91860533e-01
    9.40070987e-01 4.27898705e-01 6.84758425e-01 8.89681935e-01
    4.33212817e-01 6.20401680e-01 4.94934648e-01 5.27050793e-01
    9.70477939e-01 7.36610413e-01 6.58328295e-01 9.95888412e-01
    1.61120862e-01 6.36838317e-01 6.31148160e-01 3.58558804e-01
    1.26847148e-01 1.92903548e-01 9.21913862e-01 1.33939832e-01
    4.36256528e-01 5.29643536e-01 2.08786935e-01 9.58089769e-01
    7.32634962e-01 1.80915594e-02 2.71217763e-01 3.15503240e-01
    8.32626939e-01 3.23226690e-01 5.33340573e-01 5.60954392e-01
    7.84162819e-01 7.59728909e-01 1.04288846e-01 1.89693749e-01
    8.80739987e-01 8.28818023e-01 8.30166936e-02 1.39328957e-01
    4.27428037e-01 4.53387439e-01 6.19783640e-01 2.48014629e-01
    3.09227586e-01 9.39962268e-03 9.48608160e-01 1.09064758e-01
    4.27288711e-01 5.87533593e-01 9.25191224e-01 4.06123281e-01
    6.58173382e-01 6.32623494e-01 4.03537303e-01 2.40981013e-01
    7.81664729e-01 9.25626516e-01 6.75085902e-01 9.87212121e-01
    4.75633413e-01 1.35107338e-01 5.46102822e-02 6.79204106e-01
    4.86537248e-01 6.19102716e-02 6.68151975e-02 8.29457343e-01
    3.48204851e-01 7.98577428e-01 1.44721389e-01 3.34568620e-02
    6.77123249e-01 8.73473108e-01 7.97218561e-01 6.61876917e-01
    9.16165113e-01 9.76607680e-01 5.64395726e-01 8.64147544e-02
    9.65169728e-01 3.54514301e-01 4.23747182e-01 1.07115507e-03
    6.80661380e-01 1.56048656e-01 3.11971605e-01 2.11538166e-01
    1.51279658e-01 8.59909534e-01 4.57955360e-01 4.38132316e-01
    2.19069242e-01 2.53946543e-01 9.63896036e-01 7.14321136e-01
    6.10078275e-01 3.22859406e-01 4.55934316e-01 2.82238185e-01
    9.49777126e-01 8.55811477e-01 6.15079284e-01 5.95323145e-01
    8.60179305e-01 5.80247283e-01 7.93049574e-01 7.41692185e-01
    8.50375891e-01 5.65602481e-01 6.73993945e-01 1.24773353e-01
    3.08657050e-01 6.34125352e-01 3.30331266e-01 9.86489356e-02
    4.43952739e-01 9.51167047e-01 7.05530047e-01 7.40728080e-02
    6.96877003e-01 5.72263420e-01 8.41032445e-01 4.09262478e-01
    3.69012892e-01 4.52039540e-02 1.13368481e-01 8.03919315e-01
    4.60435629e-01 4.49812323e-01 8.78622949e-01 1.60675257e-01
    8.82638812e-01 8.15322280e-01 6.63901091e-01 2.04695165e-01
    2.87913591e-01 6.98233306e-01 4.81536299e-01 6.48955464e-01
    1.40822381e-01 6.91712201e-01 1.14904970e-01 6.15626335e-01
    8.77753973e-01 8.85681748e-01 3.84154111e-01 7.36811340e-01
    8.56281519e-01 2.90531933e-01 4.55487788e-01 2.57720053e-01
    4.24952984e-01 3.19067150e-01 1.74858898e-01 1.25633597e-01
    9.29737329e-01 5.80339789e-01 9.93998110e-01 8.45092893e-01
    8.02286267e-02 4.28811729e-01 2.09584296e-01 7.32795000e-02
    5.95185876e-01 7.98389554e-01 3.52654099e-01 2.45156705e-01
    1.90765619e-01 9.69325840e-01 1.50622159e-01 1.45239830e-01
    4.97746080e-01 2.49403924e-01 4.30673897e-01 2.59968936e-01
    6.25108778e-01 3.29074562e-02 7.25059867e-01 6.16107285e-01
    2.11539090e-01 1.93233848e-01 2.59042919e-01 9.68833923e-01
    1.88623637e-01 4.05163169e-02 5.87629139e-01 1.29784852e-01
    2.94880867e-02 6.15425408e-01 7.22903073e-01 9.27059412e-01
    1.86893761e-01 5.21482825e-01 2.58839279e-01 1.62411094e-01
    4.30464029e-01 7.83151507e-01 9.18080330e-01 1.40989512e-01
    9.02565956e-01 4.61931378e-01 5.23204863e-01 6.27051353e-01
    2.53501415e-01 3.56598794e-02 2.66165495e-01 1.08935744e-01
    7.02764094e-01 2.07453907e-01 5.33083558e-01 2.02703834e-01
    7.73993433e-01 9.92872000e-01 3.36420000e-01 9.42452788e-01
    5.33203661e-01 2.91690111e-01 4.44471717e-01 6.57534003e-02
    9.70554590e-01 4.62999582e-01 3.42360079e-01 3.94422561e-01
    2.70528793e-02 7.84117103e-01 9.97879148e-01 9.80131924e-01
    8.73985767e-01 1.37712866e-01 4.55034226e-01 2.91981697e-01
    8.94426286e-01 2.11248130e-01 4.46371526e-01 1.16152674e-01
    3.40390146e-01 8.37082088e-01 9.47956324e-01 7.81647265e-02
    6.54170394e-01 3.50772619e-01 7.84319520e-01 8.76100779e-01
    5.33147871e-01 9.85242248e-01 2.37459987e-01 9.17274654e-02
    3.87293845e-01 5.93450487e-01 7.18907773e-01 3.41215611e-01
    8.33867788e-01 8.67214799e-01 2.34488845e-01 8.21834147e-01
    9.85935628e-02 6.51292145e-01 5.34780681e-01 9.92798746e-01
    7.97280073e-01 4.27713156e-01 4.47200537e-01 8.96804214e-01
    3.49912107e-01 3.13087314e-01 2.85941899e-01 2.13426918e-01
    8.68812442e-01 9.81440008e-01 6.28852963e-01 1.66957259e-01
    6.89957142e-01 5.90377331e-01 6.87389553e-01 7.59329200e-02
    8.18090737e-02 3.55920106e-01 7.28615224e-01 3.47579837e-01
    6.79175258e-01 9.29831266e-01 7.07274556e-01 9.83144283e-01
    1.78435296e-01 2.58616775e-01 3.99282157e-01 5.15186787e-01
    8.61371696e-01 8.09602976e-01 1.09772146e-01 5.04170120e-01
    5.79714358e-01 2.77372450e-01 4.81012881e-01 4.74537849e-01
    5.09538174e-01 3.13853323e-02 1.60906821e-01 3.99360001e-01
    3.98845226e-01 1.89119309e-01 6.89814746e-01 1.46840990e-01
    7.04693794e-01 9.67794776e-01 6.34872198e-01 1.21948987e-01
    5.09398341e-01 5.63289583e-01 9.14170325e-01 4.06066567e-01
    9.30229783e-01 5.94125926e-01 5.89403331e-01 2.74664164e-02
    1.28325880e-01 9.84551013e-02 2.16407955e-01 2.47695744e-01
    4.11859393e-01 1.47321075e-01 2.55215973e-01 9.89877939e-01
    6.24549091e-01 3.49119604e-02 4.09192741e-02 2.20532030e-01
    6.18788898e-01 4.70940173e-02 3.33684564e-01 5.09574473e-01
    5.03857315e-01 5.68165541e-01 3.87807220e-01 2.23460227e-01
    5.57816684e-01 3.06635737e-01 6.96398020e-01 7.69059062e-01
    1.96338773e-01 6.85276985e-02 4.42520291e-01 8.09850514e-01
    2.81577826e-01 9.84703720e-01 2.50039369e-01 6.18761539e-01
    3.95413339e-01 8.67707551e-01 7.86511004e-01 3.69328976e-01
    3.09417784e-01 1.71918184e-01 8.99585485e-02 3.92750502e-01
    5.10870755e-01 9.90749657e-01 7.30362952e-01 8.12043726e-01
    9.07966495e-03 5.35001576e-01 4.77227896e-01 6.79200888e-01
    8.91085625e-01 7.68374801e-01 2.69788504e-01 9.65844512e-01
    9.99264121e-01 5.05349874e-01 4.44351137e-02 7.22896814e-01
    8.90314162e-01 9.06920791e-01 7.55369663e-04 4.29608583e-01
    4.22540277e-01 9.91159916e-01 2.77089953e-01 7.19655156e-01
    7.51102567e-01 4.71568704e-01 5.49385011e-01 6.83831513e-01
    4.84185815e-02 3.43208343e-01 6.31726086e-01 8.51572633e-01
    2.37541944e-01 7.52044976e-01 6.42577231e-01 3.21516097e-01
    1.23478323e-01 5.27634203e-01 5.31072676e-01 9.72928524e-01
    7.98032999e-01 6.62001073e-02 8.10119808e-02 5.49896479e-01
    5.46403348e-01 3.56980354e-01 1.21368676e-01 7.42339373e-01
    6.92422330e-01 8.45469952e-01 5.27806342e-01 6.51460350e-01
    2.53209770e-02 4.08823371e-01 5.03168344e-01 8.27285051e-01
    4.45626497e-01 4.70428288e-01 7.06210852e-01 9.28169847e-01
    9.32098985e-01 9.32927370e-01 8.20785701e-01 1.30645812e-01
    3.60890836e-01 2.47035980e-01 6.63185954e-01 2.84246147e-01
    6.47881627e-01 7.02088714e-01 6.93580449e-01 4.67435002e-01
    8.06638837e-01 2.43284911e-01 3.62791657e-01 5.71486890e-01
    9.63830709e-01 4.42569107e-01 3.45377445e-01 8.80145073e-01
    1.16473258e-01 3.22641551e-01 9.80457902e-01 2.17338771e-01
    8.56225848e-01 3.47397923e-01 3.22540879e-01 8.91143680e-02
    3.75229776e-01 3.97648841e-01 5.71281850e-01 2.35880911e-01
    8.35375786e-01 8.69221687e-01 8.16606343e-01 8.36962521e-01
    8.96553814e-01 2.37248033e-01 2.50587821e-01 7.76127338e-01
    7.58682609e-01 4.28276777e-01 3.69323462e-01 5.44432878e-01
    5.95341325e-02 9.86252308e-01 3.58166635e-01 5.37355244e-01
    3.32831442e-01 2.26420254e-01 8.45680952e-01 5.40937722e-01
    5.48969567e-01 1.84744507e-01 3.14461470e-01 7.88909197e-02
    1.87870979e-01 6.35993600e-01 3.81517708e-01 9.50635552e-01
    4.46003258e-01 8.83399069e-01 9.56903279e-01 3.78661275e-01
    8.33456159e-01 8.27841640e-01 9.32704806e-01 7.34775901e-01
    5.00936210e-01 7.35206008e-02 5.91884792e-01 5.42036176e-01
    3.83829832e-01 6.73483074e-01 4.22844529e-01 9.13215995e-01
    4.44805712e-01 2.74967432e-01 4.02378440e-02 3.77099425e-01
    8.89052510e-01 3.05296779e-01 6.38614297e-01 5.54601133e-01
    9.19174433e-01 1.37148082e-01 1.36300802e-01 9.46575284e-01
    6.66087687e-01 4.16661501e-01 4.29193258e-01 5.46065807e-01
    6.29049897e-01 6.21599555e-01 1.04866028e-02 6.69871092e-01
    8.07299614e-02 3.48123342e-01 9.87539887e-01 4.32781935e-01
    8.36890101e-01 5.63855469e-01 7.80646086e-01 9.47071671e-01
    7.62359440e-01 7.24058986e-01 2.64993310e-01 4.99690413e-01
    2.42866337e-01 3.80394787e-01 6.62235856e-01 5.86398840e-01
    2.82631725e-01 4.02887344e-01 1.07885301e-01 1.99507266e-01
    9.76228714e-01 9.64465857e-01 9.17893887e-01 7.74189234e-01
    7.64554381e-01 5.17774642e-01 5.75253725e-01 4.91027415e-01
    8.14970970e-01 9.62379456e-01 1.65681541e-02 2.02272713e-01
    2.56218702e-01 1.69068366e-01 6.11629546e-01 9.30685043e-01
    3.44851911e-02 3.96046281e-01 9.49367642e-01 6.18563294e-01
    3.28134805e-01 8.70169997e-01 9.05441403e-01 5.21484256e-01
    4.14957464e-01 5.56814373e-02 9.93205070e-01 7.09985495e-01
    8.58603716e-01 7.70967782e-01 3.44226956e-01 6.26717567e-01
    7.36398816e-01 4.77426410e-01 4.93224114e-01 1.97127104e-01
    5.92709780e-01 6.08150899e-01 4.08482611e-01 4.48855728e-01
    1.37940228e-01 7.43901253e-01 2.55192459e-01 7.08539605e-01
    1.93241537e-01 8.03832531e-01 3.27887118e-01 8.54846716e-01
    3.93828154e-01 1.61695898e-01 9.51341689e-02 9.65021253e-01
    7.63366997e-01 9.82600093e-01 5.64012229e-02 4.99430329e-01
    6.75551057e-01 5.54642320e-01 6.55012369e-01 1.80416584e-01
    5.89552522e-02 3.79020572e-01 4.93818134e-01 8.84208024e-01
    2.83887923e-01 9.67675567e-01 9.25360918e-01 2.55189449e-01
    2.27703750e-01 6.94395900e-01 5.52859068e-01 4.04617608e-01
    1.22103661e-01 8.53289962e-01 9.49617028e-01 1.60934359e-01
    8.36029053e-01 3.04043651e-01 6.98793352e-01 9.33542192e-01
    9.72214103e-01 7.92205691e-01 6.82092190e-01 9.22032654e-01
    8.10463428e-01 1.98875695e-01 5.81067443e-01 4.38368797e-01
    4.37275618e-01 5.54258227e-01 6.75853848e-01 9.83456969e-01
    8.62898827e-02 5.17337561e-01 9.25480723e-01 3.47046494e-01
    7.53748119e-01 8.42015982e-01 7.09809959e-01 7.85909295e-01
    3.44590753e-01 6.55187488e-01 7.38937497e-01 8.30199361e-01
    2.81447589e-01 1.08048618e-01 2.77089953e-01 4.49836552e-02
    1.17200971e-01 3.41441959e-01 8.34404886e-01 8.58094633e-01
    4.34721082e-01 4.72362936e-01 6.70274794e-01 6.19624257e-01
    6.18300438e-02 2.23083287e-01 2.06876069e-01 6.61584377e-01
    6.75752759e-02 9.00450766e-01 5.69401383e-01 6.11087859e-01
    4.47020233e-01 4.92894441e-01 1.50434196e-01 4.96246129e-01
    7.61327863e-01 2.26659536e-01 4.82649684e-01 8.15823734e-01
    6.83439970e-01 9.71462846e-01 5.22700667e-01 3.57531011e-01
    8.13883543e-02 6.65738940e-01 4.79627728e-01 3.96609157e-01
    7.60994792e-01 8.20323825e-01 1.51238024e-01 5.91042399e-01
    2.17081130e-01 7.50559211e-01 3.03870678e-01 3.73095274e-03
    2.34183222e-01 4.81551200e-01 1.00199699e-01 6.81079745e-01
    8.02431285e-01 9.78937387e-01 8.56621027e-01 3.68405491e-01
    2.31660396e-01 1.31343633e-01 5.92460990e-01 9.20099616e-01
    7.65348732e-01 4.89314854e-01 5.10593593e-01 6.88343048e-01
    4.46677297e-01 9.73972917e-01 6.81047857e-01 2.70600080e-01
    8.16139460e-01 7.68772423e-01 6.00217283e-02 7.07276762e-01
    1.80595428e-01 5.04583299e-01 1.36198908e-01 1.72940046e-01
    1.03787512e-01 2.58902133e-01 7.64617562e-01 1.46913141e-01
    1.85182095e-02 9.67396975e-01 3.59744191e-01 5.47267497e-01
    3.72677147e-01 5.19306242e-01 2.86389351e-01 9.73238051e-01
    8.30261886e-01 1.25799000e-01 4.27479446e-01 8.90632570e-02
    9.51664150e-02 6.36895299e-01 5.48080325e-01 8.33343506e-01
    7.09905744e-01 1.05978280e-01 2.28261054e-01 7.46985316e-01
    8.26085567e-01 5.71550369e-01 8.39838624e-01 6.42843425e-01
    4.50021029e-01 3.48459482e-01 4.83008623e-02 6.32787168e-01
    5.52338064e-01 1.80611432e-01 4.71540809e-01 8.13549995e-01
    1.95842683e-01 9.30140913e-01 3.65348935e-01 6.91655159e-01
    6.71768486e-02 7.54316807e-01 8.81426692e-01 5.47965348e-01
    6.87427163e-01 8.79194856e-01 6.73548818e-01 9.19302106e-01
    1.03516757e-01 9.63222623e-01 8.30721557e-01 3.42758030e-01
    4.62274224e-01 8.99283409e-01 9.10377681e-01 2.96781301e-01
    7.54828155e-01 3.36029947e-01 2.03022182e-01 2.53678799e-01
    6.47596955e-01 1.10460788e-01 8.09452176e-01 4.84791160e-01
    6.93582118e-01 2.50222474e-01 1.60608739e-01 8.86895955e-01
    1.48887634e-02 3.71289611e-01 1.26837581e-01 4.05421823e-01
    4.84958291e-03 9.56033707e-01 3.67943674e-01 5.91591001e-03
    4.19785529e-01 6.56179667e-01 6.31829143e-01 3.84516209e-01
    9.92975652e-01 2.38274157e-01 3.50778222e-01 4.41901624e-01
    4.31868762e-01 2.93086469e-02 1.59832150e-01 8.09264660e-01
    6.58292234e-01 5.66830218e-01 2.57804751e-01 4.37985361e-02
    5.44330597e-01 7.03994036e-02 1.12236440e-02 8.04391384e-01
    2.86547244e-02 4.56542671e-02 1.96574330e-01 9.61753607e-01
    4.16678756e-01 3.98211122e-01 6.37857616e-01 2.41094261e-01
    6.40021622e-01 2.41628379e-01 9.15414453e-01 3.81552041e-01
    3.27247769e-01 5.71250081e-01 3.48250121e-01 8.45755756e-01
    3.70356679e-01 6.31592810e-01 6.26870811e-01 2.42701232e-01
    9.38791990e-01 6.78453207e-01 1.69329315e-01 4.59578604e-01
    6.75380647e-01 7.33862519e-01 6.81693673e-01 3.78652543e-01
    3.52350891e-01 5.96880913e-02 5.16364336e-01 5.19268811e-01
    5.65077364e-01 9.49154854e-01 6.82668149e-01 9.25950646e-01
    3.88671756e-01 6.82761550e-01 1.33577287e-02 5.84516704e-01
    4.86296654e-01 1.49250835e-01 9.37865376e-01 7.17376411e-01
    2.09077805e-01 8.45381021e-01 2.05191076e-01 8.70326996e-01
    1.57394946e-01 6.64739668e-01 2.87766755e-02 9.03668702e-01
    3.20207149e-01 6.64771318e-01 5.17488480e-01 4.54504728e-01
    9.70691323e-01 2.52738595e-03 2.68945426e-01 7.33150661e-01
    7.79397607e-01 3.22709143e-01 2.84871876e-01 8.24728489e-01
    1.71708018e-01 8.07766497e-01 2.13171452e-01 6.24474466e-01
    9.77480769e-01 6.21038318e-01 5.04992604e-01 1.12208068e-01
    1.15226179e-01 3.07321101e-01 8.69724810e-01 1.59704417e-01
    6.11108363e-01 1.96223408e-01 2.50653356e-01 2.81501114e-01
    3.51557881e-01 9.78419304e-01 1.81144655e-01 4.43271130e-01
    8.78352523e-01 3.49312872e-01 5.46428680e-01 2.91846097e-02
    1.86017215e-01 5.22911906e-01 4.75271463e-01 6.78415656e-01
    2.82056034e-02 1.00277901e-01 8.27968895e-01 5.52832723e-01
    2.10542589e-01 9.33388770e-02 4.53635842e-01 8.57065201e-01
    9.23710167e-01 9.08751845e-01 9.89819169e-02 9.14886475e-01
    8.97201657e-01 9.51141596e-01 3.53160203e-01 4.75275606e-01
    9.96898293e-01 3.63193631e-01 5.14231861e-01 7.37237036e-01
    2.58628607e-01 8.48485291e-01 2.86298573e-01 2.19700158e-01
    4.58851635e-01 8.70154023e-01 5.55608988e-01 1.45353079e-02
    1.47597551e-01 4.76407915e-01 7.90029526e-01 8.41825604e-01
    8.03882360e-01 8.35454285e-01 9.31393802e-02 7.50428677e-01
    6.50918603e-01 2.40849733e-01 8.53313386e-01 1.29252970e-01
    4.19481933e-01 8.74435246e-01 9.32501256e-01 2.72903740e-01
    3.81589711e-01 2.80713260e-01 1.52897358e-01 7.77028859e-01
    6.56777442e-01 9.01624918e-01 2.22457647e-01 3.57122123e-02
    6.62837088e-01 1.78562135e-01 6.99963391e-01 7.52256155e-01
    4.73182440e-01 2.98205912e-01 6.09045982e-01 4.07341868e-01
    7.22644389e-01 2.71138012e-01 2.49701411e-01 2.80527234e-01
    5.22448719e-01 8.52686524e-01 6.42387509e-01 1.66183412e-02
    1.64708644e-01 9.55316186e-01 2.21111745e-01 9.21372294e-01
    8.94605219e-02 1.94313049e-01 4.27592546e-01 3.80937755e-01
    4.00810748e-01 4.95447069e-01 7.93642640e-01 5.75142622e-01
    6.43504381e-01 7.36067891e-01 6.39518738e-01 4.68537211e-01
    1.31470025e-01 2.64175057e-01 7.12555051e-01 8.23029876e-01
    3.37442696e-01 1.85098946e-01 5.83119929e-01 7.91531801e-01
    6.45445824e-01 8.73628736e-01 1.09649628e-01 4.62835073e-01
    4.81212676e-01 5.64329445e-01 5.44515789e-01 8.81125808e-01
    8.54600668e-01 9.02258158e-02 6.47870600e-01 9.19004679e-01
    9.24179077e-01 7.88907409e-01 1.06538594e-01 1.56949222e-01
    6.09309673e-02 6.88462317e-01 7.13102698e-01 2.88795352e-01
    4.38139677e-01 2.09618270e-01 3.68569642e-01 1.44933999e-01
    5.20557225e-01 6.19547307e-01 3.45476478e-01 2.47916877e-02
    9.84326243e-01 9.46390212e-01 8.21751714e-01 6.26484811e-01
    9.36005116e-01 1.24333024e-01 5.04180908e-01 5.61747134e-01
    5.39878309e-01 6.15510583e-01 3.47493947e-01 2.86214799e-01
    5.88788390e-02 9.30917144e-01 6.38843775e-02 5.67893684e-01
    9.02777553e-01 1.14464283e-01 4.24860001e-01 3.12082112e-01
    8.06365073e-01 3.88117224e-01 2.78158188e-01 2.26553142e-01
    7.66702056e-01 7.47425437e-01 1.49819314e-01 4.20623302e-01
    6.76220000e-01 1.23072267e-02 2.70102978e-01 8.36702287e-02
    7.05120564e-02 5.37899435e-01 8.95869315e-01 6.33506715e-01
    9.79978144e-02 1.73841983e-01 5.21595478e-01 7.68666029e-01
    7.14100897e-02 7.42374301e-01 1.36166602e-01 2.91818976e-01
    8.06689620e-01 6.71695948e-01 9.56435323e-01 2.61737376e-01
    3.30696791e-01 1.46045774e-01 7.84048676e-01 3.17009330e-01
    6.00233376e-01 6.29638314e-01 2.12717265e-01 6.11717820e-01
    8.56328130e-01 1.02931559e-02 5.06885469e-01 7.68762708e-01
    8.85048509e-03 1.19493425e-01 8.95916343e-01 8.00736904e-01
    2.51688957e-01 1.23123050e-01 3.38643461e-01 6.61180258e-01
    6.19385540e-01 2.41036206e-01 4.23921287e-01 4.77578580e-01
    2.65122294e-01 9.56689775e-01 4.64442551e-01 4.16512072e-01
    2.45741993e-01 3.97007644e-01 1.71073854e-01 8.48546803e-01
    4.86790121e-01 6.90861583e-01 1.19514763e-01 1.97848648e-01
    9.75628793e-01 6.34504974e-01 1.54831469e-01 8.36018384e-01
    4.94315416e-01 2.48348981e-01 4.91677940e-01 3.42423379e-01
    8.63231182e-01 5.71216166e-01 2.83604681e-01 4.39706951e-01
    4.78151441e-03 5.58187783e-01 7.11377859e-01 3.06404889e-01
    6.00065529e-01 6.98884487e-01 4.15584475e-01 8.79203916e-01
    1.43419802e-01 4.04257983e-01 3.15975308e-01 8.71171296e-01
    4.70710158e-01 1.31598830e-01 6.44109845e-01 8.67539346e-01
    8.01269174e-01 8.52662206e-01 1.98776692e-01 4.71938610e-01
    4.66504872e-01 7.15544105e-01 9.47724581e-02 2.45138794e-01
    3.23421478e-01 5.61967432e-01 1.18203580e-01 8.05905879e-01
    4.44590449e-02 6.38388932e-01 5.04968524e-01 2.17090309e-01
    4.05190289e-02 8.52312565e-01 3.09821427e-01 5.44909000e-01
    4.20736611e-01 2.38907158e-01 9.35981870e-01 9.43632305e-01
    2.76787281e-01 7.29224920e-01 3.54485154e-01 8.85074735e-02
    3.83957416e-01 1.10319585e-01 6.13570154e-01 7.61600733e-01
    6.02752805e-01 7.57488012e-02 8.77453208e-01 5.82096934e-01
    3.94926310e-01 7.32624829e-02 5.08324325e-01 1.04556739e-01
    5.04262745e-01 5.34471035e-01 7.54402161e-01 1.73419625e-01
    1.16527796e-01 6.82389975e-01 3.03898484e-01 5.07243991e-01
    2.47937858e-01 5.26494086e-01 8.27363968e-01 8.41643453e-01
    7.67636776e-01 9.25581992e-01 7.57799506e-01 4.20752525e-01
    9.49553013e-01 5.41884363e-01 8.28214884e-02 5.92094600e-01
    5.59637249e-02 7.29913712e-01 7.97784150e-01 6.51844680e-01
    5.71399748e-01 3.08238983e-01 3.65994036e-01 9.31897759e-03
    1.15267485e-01 3.41543972e-01 5.77478886e-01 3.34692895e-01
    5.13512433e-01 9.04342592e-01 5.76072514e-01 5.19472778e-01
    3.24187100e-01 2.21600145e-01 3.98431361e-01 2.25234032e-01
    8.64613891e-01 4.82418656e-01 5.33909917e-01 3.87059599e-01
    3.29069555e-01 9.23206091e-01 2.79747546e-01 7.32986629e-02
    6.01999581e-01 3.66438806e-01 4.98482108e-01 4.97685909e-01
    9.38231468e-01 9.64089751e-01 9.85389948e-03 1.59798622e-01
    6.92298830e-01 5.43904722e-01 6.21007979e-01 7.54129946e-01
    4.78409618e-01 9.14528668e-02 6.93556011e-01 4.17152554e-01
    3.80294144e-01 3.87533098e-01 6.99715018e-01 8.48554969e-01
    2.27469951e-01 2.81575263e-01 1.78793967e-02 1.19211167e-01
    4.61535126e-01 5.93573093e-01 2.36783057e-01 4.51006740e-01
    9.02852654e-01 2.24301070e-01 8.99391592e-01 2.96607673e-01
    9.21811104e-01 3.89149845e-01 1.42139971e-01 9.62202072e-01
    1.35017812e-01 5.95505834e-01 1.53130591e-01 8.99955630e-01
    9.19043064e-01 5.07100821e-01 9.76194263e-01 9.62706149e-01
    4.20199007e-01 6.15325749e-01 5.61188459e-01 1.79420233e-01
    5.80066919e-01 8.78942490e-01 5.15512228e-01 6.99285269e-02
    2.08876699e-01 7.02610910e-02 7.25595713e-01 3.80716681e-01
    7.76544094e-01 6.56940818e-01 1.43331587e-02 9.49195623e-01
    9.64640796e-01 8.53181779e-01 1.79925919e-01 8.16295922e-01
    8.55192065e-01 5.20903289e-01 6.29517317e-01 5.56938171e-01
    6.45811915e-01 7.40004957e-01 9.38187957e-01 6.88372135e-01
    1.50127411e-01 2.93326169e-01 7.62741208e-01 7.60327935e-01
    9.41416025e-02 2.12977678e-01 6.05989456e-01 5.66656649e-01
    5.45485735e-01 9.77634490e-02 1.40362531e-01 6.65946007e-02
    8.23717654e-01 8.59038115e-01 7.90978372e-01 5.05885661e-01
    9.87456799e-01 8.81357074e-01 6.94579422e-01 8.00664186e-01
    8.54587853e-01 5.98107636e-01 6.31996751e-01 6.86219454e-01
    9.58574295e-01 5.50416887e-01 8.71621013e-01 7.56390691e-01
    1.91428423e-01 9.85051632e-01 1.55587524e-01 7.32245445e-02
    8.88319850e-01 2.05446333e-01 9.76737320e-01 2.97541022e-01
    2.45651037e-01 4.21168804e-02 2.47310907e-01 6.42615676e-01
    7.20302343e-01 8.76833916e-01 8.03512692e-01 6.51368380e-01
    2.95441866e-01 8.06048274e-01 6.84028625e-01 3.08629215e-01
    2.09811419e-01 3.34996641e-01 8.91988754e-01 4.15582955e-01
    4.79320854e-01 9.33897734e-01 2.35147178e-01 5.62217772e-01
    9.65950191e-02 1.74739450e-01 6.48312926e-01 3.25998932e-01
    5.85386872e-01 3.32108885e-01 4.99430448e-01 6.50099039e-01
    3.09372187e-01 3.91783625e-01 4.10993040e-01 7.44542181e-01
    4.09186125e-01 6.69523835e-01 8.93879175e-01 4.51318473e-01
    9.39317882e-01 5.93556941e-01 5.39253652e-01 1.71606451e-01
    6.12074316e-01 9.84695077e-01 8.90952051e-02 3.51102054e-01
    5.63968539e-01 7.12026298e-01 8.81967187e-01 3.62826109e-01
    2.74880052e-01 5.45897841e-01 3.30263972e-01 3.45955193e-01
    7.77898550e-01 1.93808347e-01 4.99463916e-01 6.29860759e-02
    1.61282450e-01 1.41999781e-01 4.19119000e-02 1.16508901e-01
    6.69746220e-01 1.52316511e-01 3.32416296e-02 6.15241826e-01
    6.81959391e-01 6.92219019e-01 2.67612278e-01 1.32165641e-01
    2.87514746e-01 2.01892525e-01 8.67187858e-01 3.97371978e-01
    7.42913127e-01 5.89172006e-01 4.61140066e-01 7.63361156e-02
    3.03015649e-01 4.87636209e-01 9.13009644e-01 3.90090853e-01
    7.73049295e-01 5.97780764e-01 6.83953822e-01 3.64439547e-01
    7.47293651e-01 1.84694946e-01 5.32402039e-01 3.35324794e-01
    4.53849375e-01 8.92248571e-01 7.52706885e-01 9.33278084e-01
    1.00205153e-01 6.84800982e-01 1.82832241e-01 5.28610945e-02
    8.39250505e-01 9.91377592e-01 5.03880084e-01 1.02328777e-01
    1.21841043e-01 3.38793576e-01 4.95974541e-01 6.50655627e-02
    2.06949800e-01 3.79573703e-02 2.76911199e-01 8.33680511e-01
    1.98122352e-01 6.10274494e-01 2.86895931e-02 3.44263166e-01
    9.32590485e-01 5.60206175e-02 5.81403196e-01 2.40978777e-01
    3.33843917e-01 8.80108774e-01 3.15868080e-01 8.93281341e-01
    6.90459549e-01 2.67453402e-01 4.73868489e-01 9.42273855e-01
    5.42085111e-01 5.84661901e-01 2.54890829e-01 9.71146822e-01
    7.59840488e-01 7.72492111e-01 6.48605406e-01 9.32166100e-01
    1.07789338e-02 5.01671135e-01 8.21866632e-01 9.71951962e-01
    4.74340618e-01 4.79748279e-01 4.46292847e-01 5.37966549e-01
    2.46494740e-01 4.27721262e-01 5.59758425e-01 3.40021074e-01
    8.53705764e-01 5.73642552e-01 9.87306356e-01 9.28890646e-01
    3.86317074e-02 7.10684061e-01 1.04067564e-01 5.17024457e-01
    3.33730519e-01 6.85670614e-01 5.98341644e-01 5.02722859e-01
    7.45993495e-01 4.16100025e-03 6.46220028e-01 3.69467020e-01
    7.48275816e-01 7.37674415e-01 1.07331008e-01 9.82338786e-01
    4.03249204e-01 5.10292530e-01 1.62843466e-01 2.55636841e-01
    9.19637263e-01 4.36562598e-01 1.38728857e-01 3.99611413e-01
    5.32155991e-01 7.04981267e-01 2.10421622e-01 9.08965707e-01
    2.52240598e-02 5.35377026e-01 6.08803630e-01 9.07156765e-01
    2.70379484e-01 8.61400962e-01 8.40080440e-01 3.36800873e-01
    8.37940097e-01 3.40430498e-01 2.56422281e-01 3.60529989e-01
    6.50426745e-02 9.93964195e-01 1.25063926e-01 2.71192133e-01
    6.78559065e-01 6.91657484e-01 9.68265891e-01 5.68748534e-01
    1.75130248e-01 2.87202299e-01 9.95495498e-01 9.22407329e-01
    1.66184843e-01 8.68189096e-01 1.74721867e-01 2.31944770e-01
    2.38886774e-02 1.13237083e-01 8.47253203e-01 5.67940116e-01
    9.13425088e-01 4.23987597e-01 9.54191804e-01 2.60784447e-01
    1.60019696e-02 9.47645187e-01 9.31432843e-01 9.32694137e-01
    1.83501661e-01 2.41589844e-02 6.51954591e-01 4.04091895e-01
    2.84502447e-01 6.12795651e-01 9.13636327e-01 7.99791574e-01
    7.06347406e-01 5.11872172e-01 4.57968265e-01 3.12765598e-01
    2.43745387e-01 7.55372524e-01 7.21321642e-01 4.15387750e-03
    7.32009590e-01 2.52021313e-01 1.86960846e-01 1.49928570e-01
    4.64488983e-01 5.48733294e-01 2.42467135e-01 8.49425793e-01
    4.76908386e-02 5.51982522e-01 6.79893076e-01 5.48123360e-01
    8.01913500e-01 4.79035795e-01 4.40606296e-01 5.14269292e-01
    6.59618378e-02 3.39435548e-01 8.45780849e-01 6.32446885e-01
    2.34649479e-02 9.75746334e-01 7.13448286e-01 4.21900123e-01
    5.64440668e-01 3.93395960e-01 1.62695974e-01 6.55771017e-01
    7.27507770e-02 4.66311723e-01 5.39925039e-01 4.01660681e-01
    6.74794853e-01 3.30586433e-02 6.69820547e-01 3.47590148e-01
    1.84607238e-01 8.23709905e-01 2.99638838e-01 1.92651808e-01
    6.01775706e-01 6.26667321e-01 2.24878967e-01 7.40429103e-01
    6.06068850e-01 8.28720331e-01 2.44100988e-02 4.43482101e-02
    6.11874104e-01 6.41401768e-01 6.47902191e-01 1.67978376e-01
    3.10644984e-01 9.96814370e-02 5.92171788e-01 3.59354258e-01
    3.81331503e-01 6.49651885e-01 2.38434374e-01 3.67352903e-01
    4.77588952e-01 2.34301180e-01 4.35812175e-01 6.72712922e-01
    4.43365663e-01 3.90957505e-01 8.26946199e-01 3.36516231e-01
    6.00335062e-01 6.10388339e-01 4.06776637e-01 1.10011071e-01
    5.16250372e-01 7.53696203e-01 9.20214772e-01 8.70536804e-01
    7.26413667e-01 8.23722005e-01 6.00982130e-01 6.59729362e-01
    7.32255638e-01 6.65262461e-01 8.64570141e-02 8.86780262e-01
    1.30431473e-01 6.13469481e-01 8.16574574e-01 9.48619008e-01
    8.37440133e-01 3.58379126e-01 5.56992412e-01 7.92248666e-01
    6.55218124e-01 1.72785699e-01 5.24877906e-01 7.33182728e-01
    6.31392181e-01 8.46560478e-01 1.04753375e-02 5.44922829e-01
    2.98923433e-01 8.29049945e-01 1.60386354e-01 4.21418726e-01
    6.71912551e-01 1.25459135e-02 7.70398021e-01 1.82726115e-01
    5.48436701e-01 6.14380062e-01 7.31575549e-01 1.76077366e-01
    7.04978347e-01 9.74077225e-01 7.82636642e-01 9.90248919e-01
    1.70745283e-01 1.67668551e-01 7.68376470e-01 8.96897316e-01
    3.32809836e-01 8.47889125e-01 3.29504967e-01 1.51969731e-01
    9.86196697e-01 1.93446398e-01 3.33612412e-01 7.42650926e-01
    7.69342542e-01 5.50435483e-02 1.95297509e-01 5.06063938e-01
    5.68341911e-02 8.82061541e-01 4.74156946e-01 7.61270285e-01
    9.29997027e-01 6.51510835e-01 6.52213871e-01 8.49782825e-01
    5.10150194e-02 7.87458777e-01 7.41931677e-01 5.40011704e-01
    5.95706463e-01 4.60774302e-02 9.51022208e-01 8.50279689e-01
    1.64460838e-01 1.63720518e-01 6.66278243e-01 3.40771079e-01
    2.99079597e-01 7.51103759e-01 2.29811698e-01 6.67026699e-01
    2.48645902e-01 3.76510948e-01 8.50044131e-01 9.83676195e-01
    6.12492204e-01 8.23442698e-01 5.50756812e-01 2.28719085e-01
    6.86009824e-01 7.69122303e-01 7.71331787e-01 2.87464023e-01
    3.52806896e-01 3.01244855e-02 9.93774295e-01 3.40240836e-01
    7.39846706e-01 2.51353025e-01 6.53335869e-01 3.78961593e-01
    7.63592958e-01 6.58752084e-01 8.85036111e-01 1.16126359e-01
    5.51696718e-02 9.79163527e-01 5.74177384e-01 7.45191574e-01
    3.45334113e-01 4.56652045e-02 8.16040397e-01 1.24715120e-01
    3.85603905e-01 5.87332785e-01 5.23944438e-01 9.11279917e-01
    6.21678770e-01 5.95435739e-01 8.34622383e-01 7.62993157e-01
    2.70142913e-01 2.49369591e-01 8.92330587e-01 4.68732715e-02
    7.64716864e-02 9.26039934e-01 5.24696887e-01 8.22458267e-01
    7.16499805e-01 3.23991001e-01 9.71533358e-02 7.45973051e-01
    6.87044621e-01 7.32557416e-01 2.53125161e-01 3.12650919e-01
    8.97416472e-01 3.41765165e-01 1.98639482e-01 1.11011982e-01
    2.80708253e-01 5.12984097e-01 7.48461962e-01 2.37335265e-01
    7.80344307e-01 1.55238360e-01 7.17138648e-02 6.42941713e-01
    3.72479111e-01 6.71370149e-01 3.95167053e-01 6.91868126e-01
    4.89147335e-01 3.92163336e-01 3.18158031e-01 5.48983634e-01
    4.96335119e-01 8.20019126e-01 2.88084269e-01 9.77610648e-02
    3.51286411e-01 5.39002597e-01 9.35042381e-01 4.79820758e-01
    1.61043197e-01 9.62705255e-01 8.28149319e-01 8.25471282e-01
    6.51778460e-01 3.24095130e-01 5.07415950e-01 2.86221504e-03
    6.50416195e-01 1.23222500e-01 4.90788668e-01 7.44346976e-01
    3.70992899e-01 6.50360584e-01 6.74747765e-01 4.85275000e-01
    5.57503223e-01 8.31967592e-01 7.63742089e-01 7.90033162e-01
    3.47496122e-01 4.00849581e-01 2.64181763e-01 7.08204567e-01
    6.27091169e-01 6.23708010e-01 7.25426912e-01 9.07444239e-01
    4.30808872e-01 5.31018972e-02 4.94629383e-01 3.53956521e-01
    2.15296954e-01 4.13439184e-01 7.94015408e-01 5.89778304e-01
    1.74686462e-01 4.60656047e-01 6.92775369e-01 5.28204203e-01
    3.55383813e-01 7.92054534e-01 9.82728601e-01 7.63770521e-01
    1.28469467e-02 3.87688071e-01 4.49417859e-01 7.66617060e-03
    5.18911779e-02 1.85134143e-01 2.44403064e-01 8.55548918e-01
    1.08055383e-01 8.15170527e-01 3.13482285e-02 5.66122532e-01
    2.90324986e-01 5.21291554e-01 7.36907601e-01 8.42339277e-01
    9.41739082e-01 1.78332895e-01 9.54932570e-01 4.69735712e-01
    3.23903859e-02 8.58351588e-02 2.22440898e-01 9.41512167e-01
    8.21965933e-01 7.56265223e-01 2.08036244e-01 8.08618665e-01
    4.64573413e-01 8.58677506e-01 8.00065219e-01 7.30061531e-02
    3.18967670e-01 9.63568091e-02 7.79284656e-01 6.59227371e-03
    6.17815852e-02 5.98323226e-01 1.77148521e-01 6.49337411e-01
    3.75140846e-01 6.07816935e-01 1.39421999e-01 9.03933406e-01
    1.04393482e-01 1.52131289e-01 2.16263533e-02 5.52075505e-01
    4.64791059e-01 4.66224253e-01 8.02735567e-01 3.98260742e-01
    2.63153374e-01 4.69042331e-01 5.18746853e-01 4.57818389e-01
    3.24404001e-01 9.53354537e-01 5.68725169e-01 7.34126687e-01
    8.75300884e-01 9.66285944e-01 1.06557012e-01 1.11435920e-01
    1.11944675e-02 7.91632533e-01 7.85495043e-01 8.15568566e-02
    6.13180399e-02 1.38044238e-01 4.97995198e-01 7.13706017e-01
    8.76371145e-01 4.19102460e-01 7.96616673e-01 2.43435264e-01
    7.83182740e-01 1.12981468e-01 3.96545589e-01 9.39743221e-01
    1.15702718e-01 9.53763008e-01 5.38959086e-01 4.34538245e-01
    3.61445069e-01 7.68646896e-02 8.74995589e-01 8.17735314e-01
    3.08273554e-01 3.97447020e-01 8.63228738e-02 7.25209415e-01
    4.22904879e-01 8.45768750e-01 6.91842794e-01 7.81502128e-01
    4.46920127e-01 8.68176579e-01 3.90015066e-01 1.42789572e-01
    5.75277627e-01 5.65732002e-01 4.81765032e-01 5.24163246e-01
    8.58923852e-01 8.72725844e-01 2.32574135e-01 7.07350910e-01
    9.45209086e-01 4.99014884e-01 9.73759353e-01 9.24596786e-01
    3.88046235e-01 9.48868871e-01 5.01319766e-02 4.93503690e-01
    6.89341426e-01 9.98324037e-01 5.60791016e-01 9.42861557e-01
    2.22653449e-01 3.40548754e-02 3.67664993e-01 6.75764561e-01
    3.77470970e-01 5.56546152e-01 5.08523881e-01 7.05378056e-01
    7.36027241e-01 3.18792164e-01 4.22878861e-01 1.00881726e-01
    9.96759176e-01 4.26596284e-01 1.70864671e-01 9.68176246e-01
    4.20924038e-01 6.21438026e-02 1.19446367e-01 3.81802619e-02
    1.12164229e-01 5.80716074e-01 5.68922400e-01 7.89121985e-01
    8.46952498e-02 6.66031837e-01 4.21610832e-01 2.50945866e-01
    4.70020652e-01 4.18271542e-01 3.09378803e-02 1.49173379e-01
    6.18773699e-03 8.95948768e-01 3.83957088e-01 7.11843073e-01
    9.03519511e-01 3.51828396e-01 9.41728294e-01 3.96922231e-03
    2.59232849e-01 3.84181321e-01 9.77967739e-01 8.68357003e-01
    4.37499881e-01 6.17196679e-01 8.62895727e-01 1.29879624e-01
    9.88314986e-01 7.47691274e-01 5.32792032e-01 5.68225026e-01
    5.80844939e-01 6.66219950e-01 8.90434861e-01 5.52841187e-01
    8.24030519e-01 6.47637129e-01 4.56436038e-01 7.52085626e-01
    1.15105867e-01 6.81619644e-01 6.49613202e-01 6.24029815e-01
    9.02261257e-01 8.04352880e-01 6.12132907e-01 7.24755883e-01
    6.67681217e-01 4.64752227e-01 2.95979887e-01 3.29818189e-01
    5.10997176e-01 6.75897241e-01 7.45015144e-01 1.71306729e-02
    6.68547750e-02 8.00719380e-01 3.14088106e-01 9.50581551e-01
    6.90461874e-01 2.81104326e-01 8.67467761e-01 1.40932560e-01
    5.11206746e-01 1.92923814e-01 4.49371904e-01 5.21694660e-01
    2.32880414e-01 8.66765380e-01 7.99768925e-01 7.22422659e-01
    2.88662016e-01 9.99583900e-02 9.44195151e-01 8.70985866e-01
    8.99315834e-01 3.41599524e-01 3.77489895e-01 2.11138636e-01
    9.34309363e-02 6.06203258e-01 1.56169653e-01 8.78517449e-01
    4.34773684e-01 6.47833645e-02 7.08472490e-01 1.78462982e-01
    4.91297811e-01 5.06424904e-01 9.62012708e-01 5.08840322e-01
    4.54973698e-01 1.49797291e-01 5.56144476e-01 3.99356782e-02
    1.41837031e-01 4.43199903e-01 7.10706174e-01 3.57826769e-01
    7.90029943e-01 4.91688669e-01 2.54897833e-01 2.49121189e-01
    5.60559452e-01 3.04007173e-01 5.01760840e-02 9.78486538e-02
    5.69555163e-03 7.01076388e-01 6.88866317e-01 1.45413667e-01
    5.82865775e-01 6.63312495e-01 2.42962956e-01 2.08872169e-01
    7.53856659e-01 2.95844913e-01 1.50984228e-01 5.96800029e-01
    4.46194410e-01 2.75626659e-01 6.53142333e-02 8.80062342e-01
    9.25600171e-01 6.56208932e-01 5.42947173e-01 1.46008134e-01
    6.89236641e-01 2.51357794e-01 1.96472108e-02 6.24571264e-01
    8.99614155e-01 6.96609974e-01 5.82406521e-01 6.84420168e-02
    9.45323527e-01 6.45050287e-01 9.65688229e-02 5.23529291e-01
    8.06222677e-01 6.72556400e-01 8.90738964e-01 7.50010371e-01
    9.76310015e-01 8.68078530e-01 6.57108963e-01 3.20153117e-01
    9.15718079e-02 9.07679200e-01 7.86080360e-01 9.51409161e-01
    6.85535073e-01 8.73080492e-01 1.38966262e-01 3.04700077e-01
    9.25946951e-01 1.79438740e-01 5.73838055e-02 3.96274090e-01
    4.39552486e-01 5.04999101e-01 1.36471182e-01 5.04706025e-01
    6.47858083e-02 6.25930607e-01 9.72322464e-01 8.52385283e-01
    1.99281931e-01 7.20460415e-01 9.74164605e-01 5.15320778e-01
    2.18509287e-01 2.35561311e-01 9.85535860e-01 9.90737498e-01
    7.09523559e-01 7.36026287e-01 7.25861847e-01 6.40388846e-01
    5.99588692e-01 8.49914432e-01 4.12927836e-01 7.50164807e-01
    4.21497047e-01 5.65805793e-01 5.31807482e-01 1.18570000e-01
    8.06389689e-01 2.52675831e-01 5.70612013e-01 4.49454933e-01
    1.34773999e-01 4.20918137e-01 6.49571478e-01 8.65382195e-01
    2.50042528e-01 4.45087671e-01 6.23673379e-01 9.36718941e-01
    5.88759840e-01 7.63563752e-01 3.28458905e-01 8.75586987e-01
    2.22811788e-01 4.27914381e-01 4.43772316e-01 8.31462264e-01
    3.41427922e-01 3.07583034e-01 4.91928279e-01 1.87971920e-01
    4.75328714e-01 5.42917728e-01 4.54250276e-02 9.20035958e-01
    5.24236500e-01 9.82766747e-01 6.44140780e-01 3.84944856e-01
    8.99626672e-01 1.56451583e-01 6.97270811e-01 6.64332509e-01
    1.64783180e-01 9.71163630e-01 3.45648050e-01 9.74856138e-01
    3.51204336e-01 8.60121846e-01 6.54337168e-01 3.34375679e-01
    3.18270147e-01 2.96449393e-01 5.72758317e-01 1.04117543e-01
    9.69756782e-01 9.77290452e-01 8.41739178e-01 9.24649656e-01
    6.71645880e-01 4.46045130e-01 9.20075953e-01 7.50157773e-01
    2.11376607e-01 1.40107602e-01 4.43539947e-01 3.85541648e-01
    3.35016787e-01 1.46552235e-01 7.48868763e-01 6.36483610e-01
    9.11916375e-01 2.94580758e-01 6.70168936e-01 7.92989969e-01
    4.99808848e-01 8.07174921e-01 9.64538097e-01 6.65474772e-01
    7.99409211e-01 1.72026962e-01 2.02158689e-02 9.72900748e-01
    1.62588060e-02 9.91287112e-01 4.80749995e-01 4.08625662e-01
    4.56768334e-01 5.83552122e-01 4.99149531e-01 5.99279404e-01
    9.22401309e-01 2.55719066e-01 6.53206944e-01 3.29796761e-01
    2.06146777e-01 3.47920209e-01 7.55958736e-01 8.66437852e-01
    9.89595234e-01 8.86136889e-01 8.45411420e-01 7.16320574e-01
    8.32405567e-01 8.68138671e-01 6.19511366e-01 7.39463210e-01
    1.88216150e-01 3.37282062e-01 6.05900407e-01 4.33602214e-01
    1.28818959e-01 2.29001462e-01 1.84913248e-01 5.20268023e-01
    2.79687881e-01 1.91381603e-01 4.83325630e-01 2.90155351e-01
    6.67755604e-01 8.40995193e-01 4.95834947e-02 1.88464224e-02
    3.71662140e-01 2.70041108e-01 4.17520195e-01 9.54105616e-01
    9.05902088e-02 2.94958293e-01 8.31071734e-02 7.30240464e-01
    4.98693705e-01 3.34628701e-01 8.88363481e-01 4.06948715e-01
    3.05954039e-01 5.70969582e-01 7.02282786e-01 6.72024727e-01
    3.05062443e-01 2.12164372e-01 6.64050996e-01 2.86394745e-01
    5.83082378e-01 2.17660666e-02 2.34885752e-01 9.54871595e-01
    9.18528557e-01 4.42926288e-01 3.77702594e-01 5.82887292e-01
    8.19050074e-01 1.80547297e-01 2.17051923e-01 1.47192806e-01
    5.23248553e-01 7.28107035e-01 8.55862260e-01 6.26755774e-01
    2.77763009e-01 2.03104168e-01 2.03102082e-01 3.71678412e-01
    4.38549042e-01 2.35243142e-01 3.63139510e-01 9.20049727e-01
    8.15093875e-01 8.79284382e-01 4.90032494e-01 9.65900481e-01
    8.36368561e-01 6.58506930e-01 6.18283272e-01 6.45201564e-01
    5.02996504e-01 5.44498324e-01 3.11326981e-02 8.11339736e-01
    6.54117823e-01 3.12774837e-01 9.05576587e-01 3.97617877e-01
    1.81575418e-01 2.62586296e-01 6.99356079e-01 9.53781486e-01
    3.13380063e-01 7.21606016e-02 4.14486915e-01 8.72276425e-01
    2.26883769e-01 7.18063295e-01 5.54527581e-01 9.66496825e-01
    9.11380649e-01 4.12373841e-01 6.29111826e-01 6.62667572e-01
    6.89938486e-01 9.96016502e-01 5.08829117e-01 5.66740334e-02
    1.14621341e-01 5.90558469e-01 4.78501916e-01 5.59100926e-01
    1.19447768e-01 9.74075675e-01 2.62300909e-01 9.33943510e-01
    6.75180554e-01 1.61680758e-01 8.06252360e-02 9.64810848e-01
    3.68652642e-01 4.25578117e-01 8.53951454e-01 9.19550061e-01
    1.63033724e-01 7.35007763e-01 4.86320764e-01 5.42909622e-01
    8.99287581e-01 5.05954802e-01 6.16406977e-01 1.39203578e-01
    6.22426927e-01 2.70803511e-01 4.72985417e-01 8.26023638e-01
    8.66598308e-01 4.45142388e-03 7.03562737e-01 1.91037863e-01
    5.31229794e-01 9.98101830e-01 4.85564023e-01 9.92738724e-01
    1.64415747e-01 6.55597806e-01 9.01119471e-01 4.42355812e-01
    3.22377801e-01 9.22569633e-03 1.47908777e-01 9.15295124e-01
    3.78891349e-01 7.89204121e-01 9.19701099e-01 4.45057839e-01
    8.32627654e-01 4.53739554e-01 4.66505140e-01 7.81835735e-01
    9.17313218e-01 1.58299744e-01 8.40217590e-01 6.03994787e-01
    3.75533730e-01 4.07716036e-01 6.24399066e-01 4.27037299e-01
    6.28281415e-01 9.83264983e-01 1.87017024e-02 8.80231738e-01
    6.71239614e-01 3.63461643e-01 7.97095656e-01 3.00370574e-01
    9.98544693e-02 3.78757447e-01 7.55236506e-01 6.62959278e-01
    7.41371512e-02 7.63459623e-01 8.65861237e-01 7.57274628e-01
    8.06769073e-01 1.16571546e-01 7.66059875e-01 4.89291430e-01
    4.42790329e-01 2.05486774e-01 6.34849846e-01 4.41350728e-01
    9.75507975e-01 8.22617114e-01 2.33541250e-01 8.69642377e-01
    9.84269142e-01 7.74749756e-01 8.52447391e-01 2.52993703e-01
    9.72763896e-01 6.77748263e-01 1.92643702e-02 3.98138821e-01
    8.14802229e-01 9.63877916e-01 9.31727648e-01 4.83470321e-01
    5.52326083e-01 2.95497417e-01 1.14440203e-01 6.23870373e-01
    9.79444683e-01 9.30206776e-01 1.53335810e-01 1.63233280e-03
    3.46650094e-01 3.42745751e-01 6.83410823e-01 5.86632133e-01
    9.43142712e-01 2.61570871e-01 5.59571385e-02 7.16607511e-01
    8.84415746e-01 1.88586831e-01 4.55596387e-01 5.06422222e-01
    8.16787362e-01 5.85234404e-01 2.52834678e-01 5.89453518e-01
    4.24157768e-01 7.35241890e-01 9.35496688e-01 7.25938380e-02
    8.55591893e-01 2.21699476e-01 2.72871196e-01 5.61902702e-01
    6.24432743e-01 2.94335186e-01 4.40627307e-01 2.23571867e-01
    5.25888503e-01 3.79541993e-01 2.68068284e-01 6.77176893e-01
    2.16658860e-01 3.13976824e-01 8.64141703e-01 4.40283239e-01
    5.04735172e-01 6.22594118e-01 6.39049292e-01 6.13459110e-01
    4.97067541e-01 2.41722345e-01 7.31674433e-01 4.08311218e-01
    2.17832714e-01 6.56666279e-01 2.74608582e-01 2.04869688e-01
    3.51992786e-01 2.49580562e-01 2.47680575e-01 2.78485239e-01
    7.58048534e-01 3.81655633e-01 3.57993305e-01 3.09502184e-01
    8.63077581e-01 6.99549556e-01 4.98287976e-02 7.18893468e-01
    2.06499815e-01 3.80296946e-01 8.21360767e-01 9.37878191e-02
    3.61768603e-02 7.72192419e-01 5.64459503e-01 6.15527511e-01
    2.38902777e-01 7.73229301e-02 4.96561527e-01 7.24701583e-02
    4.05378252e-01 6.19787574e-01 9.36395526e-01 6.30878210e-01
    9.12374258e-01 9.38256741e-01 8.99823070e-01 7.07459927e-01
    9.43588376e-01 7.22407281e-01 7.00130224e-01 5.99145412e-01
    8.92336786e-01 1.06690556e-01 7.99320698e-01 6.02343142e-01
    4.45860922e-01 9.02936876e-01 5.70988655e-01 5.73338628e-01
    2.38665074e-01 8.01121831e-01 4.93127286e-01 9.44977522e-01
    6.79095745e-01 4.13421422e-01 6.38518035e-01 9.92749810e-01
    9.93912518e-02 6.36761010e-01 7.59421825e-01 9.12568569e-02
    1.12139136e-01 9.34917033e-01 5.08060992e-01 5.09924293e-02
    9.77864385e-01 1.08066142e-01 1.11670882e-01 7.36320317e-01
    2.16014862e-01 2.74886250e-01 3.98714751e-01 9.70295668e-01
    7.38334298e-01 1.34532452e-02 4.56315517e-01 2.98168302e-01
    9.88559186e-01 3.45758766e-01 9.79183078e-01 6.16153598e-01
    8.47025394e-01 4.40240234e-01 1.15702748e-01 1.68561935e-01
    5.17409205e-01 4.15118933e-01 2.67157227e-01 1.61284834e-01
    4.54830617e-01 5.87791622e-01 8.04182649e-01 5.35736680e-01
    2.61125028e-01 8.81240845e-01 4.47019935e-03 8.66743684e-01
    2.03130811e-01 9.06572819e-01 7.58027315e-01 8.69630814e-01
    3.62210870e-02 7.62900949e-01 6.35404825e-01 4.96297359e-01
    7.43917048e-01 9.44800615e-01 2.73681462e-01 2.33963490e-01
    5.53942740e-01 9.97128844e-01 2.42731512e-01 4.75504547e-01
    1.81415349e-01 1.82330340e-01 1.23244911e-01 8.33517075e-01
    7.53566623e-01 4.49484825e-01 6.05874300e-01 8.47166181e-01
    7.82667160e-01 1.31458908e-01 3.89130443e-01 2.36550778e-01
    8.49673867e-01 1.49195880e-01 3.01287651e-01 5.46211243e-01
    6.01237297e-01 7.48204827e-01 4.58587646e-01 1.97172225e-01
    8.13049197e-01 4.89620119e-01 4.52368557e-01 3.32112491e-01
    4.71671879e-01 3.53603244e-01 3.65855098e-01 9.46031094e-01
    4.03424144e-01 7.51966536e-02 5.40647030e-01 7.17590213e-01
    1.59923911e-01 1.49073154e-01 2.64472961e-02 8.79073501e-01
    7.64138460e-01 5.58815956e-01 2.30358541e-01 6.47131443e-01
    2.30491966e-01 1.15616888e-01 6.83887959e-01 5.96217275e-01
    7.95427561e-01 1.80636287e-01 8.07125807e-01 2.01908410e-01
    6.29664421e-01 3.40666771e-01 9.54883814e-01 2.32362717e-01
    2.89275765e-01 9.41865921e-01 2.09603697e-01 4.38758612e-01
    7.15699613e-01 4.64902937e-01 7.75094628e-01 4.17773664e-01
    9.27737951e-01 5.95656514e-01 5.35424292e-01 1.19691551e-01
    8.38460028e-01 6.83852136e-01 7.88078308e-01 3.00076336e-01
    6.39116466e-01 2.91607141e-01 7.93555081e-01 6.13493919e-01
    2.83152282e-01 5.52687526e-01 7.93079078e-01 3.72277141e-01
    5.95553517e-01 6.75818384e-01 6.12725317e-02 9.69410419e-01
    8.93308401e-01 4.95270938e-01 1.12022966e-01 8.65748525e-01
    7.24213243e-01 6.21145844e-01 7.88675427e-01 1.36903524e-02
    2.21099854e-02 4.52236146e-01 4.61601824e-01 6.84310198e-01
    2.36514628e-01 1.46535158e-01 8.96891356e-01 7.49977350e-01
    5.13871908e-02 6.91951215e-02 1.93013221e-01 5.19711077e-01
    5.64080477e-02 6.43589795e-01 5.96048832e-01 8.73969257e-01
    1.47734672e-01 6.22212529e-01 6.66364431e-02 5.62568367e-01
    8.91356349e-01 6.08137786e-01 2.24324912e-01 9.30136561e-01
    7.76054978e-01 7.93605387e-01 3.35075736e-01 1.19406611e-01
    1.19383991e-01 8.53980720e-01 8.33273172e-01 5.95762908e-01
    9.28817511e-01 9.38500166e-01 5.26790857e-01 1.43783033e-01
    3.32577765e-01 5.21219552e-01 9.43729877e-02 4.55466092e-01
    8.78728092e-01 8.52473259e-01 8.15046430e-01 8.44671488e-01
    8.86011243e-01 7.53607690e-01 2.22009987e-01 4.07160819e-01
    6.31749630e-03 1.51184320e-01 4.36399043e-01 3.87475282e-01
    7.29385495e-01 2.35719293e-01 6.13998771e-02 1.58308357e-01
    3.00679803e-02 2.26403922e-01 7.10510015e-02 4.90799785e-01
    1.16347432e-01 7.96093464e-01 5.60964763e-01 1.21555090e-01
    3.54960978e-01 7.96573758e-01 5.09980738e-01 1.42985791e-01
    4.75383937e-01 9.94807780e-01 3.59921873e-01 7.13867307e-01
    6.45061076e-01 2.36382216e-01 9.94144559e-01 6.03740215e-01
    7.02496648e-01 1.95927322e-01 5.74411154e-02 6.37187958e-01
    1.57693774e-01 5.63896239e-01 2.89048553e-02 7.66887009e-01
    5.42197466e-01 7.54935503e-01 2.68295914e-01 6.75518811e-01
    3.45270008e-01 3.45182657e-01 1.90807402e-01 7.59203017e-01
    4.56711352e-01 5.77894509e-01 7.81150937e-01 9.86373901e-01
    4.79564548e-01 4.87196952e-01 2.69711316e-02 7.36777186e-01
    5.73039472e-01 3.34325910e-01 8.53348970e-01 5.83817840e-01
    9.79872704e-01 6.39133394e-01 3.60140502e-01 3.40381652e-01
    7.89305806e-01 8.06562603e-01 2.00707912e-02 8.88786137e-01
    4.13821816e-01 5.83796203e-01 3.40610087e-01 1.33250326e-01
    5.77639818e-01 6.62776470e-01 3.46741259e-01 5.75201035e-01
    9.84802246e-01 2.21459687e-01 4.24631834e-02 2.01714039e-01
    7.51859069e-01 3.24605703e-01 5.29376090e-01 6.73742771e-01
    6.82316542e-01 4.30859774e-01 8.35190892e-01 1.40440583e-01
    3.52836788e-01 7.88898706e-01 1.94200456e-01 8.03359985e-01
    8.05844724e-01 8.18921328e-01 2.94809580e-01 1.36123002e-01
    8.87524664e-01 2.43802905e-01 4.33215380e-01 7.62226462e-01
    6.63663268e-01 2.40342885e-01 8.40031385e-01 4.11240578e-01
    2.70660698e-01 3.99703920e-01 7.59967625e-01 2.10336447e-01
    8.31962347e-01 9.76304829e-01 9.78618503e-01 3.41331542e-01
    5.25291085e-01 2.07408547e-01 9.34273541e-01 3.65046620e-01
    8.76228333e-01 3.08034182e-01 2.24706352e-01 6.46351278e-02
    4.49942946e-02 6.55760109e-01 4.64540035e-01 7.50174642e-01
    4.50168222e-01 2.51713395e-03 5.99422276e-01 3.94249260e-02
    6.99779391e-01 2.60133982e-01 9.91412282e-01 4.47410047e-01
    4.72728968e-01 3.13521624e-01 7.58318782e-01 9.89971519e-01
    4.91491199e-01 8.00421059e-01 7.68508911e-01 5.39312661e-01
    8.05291116e-01 9.59358335e-01 4.51631546e-01 6.68362260e-01
    6.30327463e-02 1.67221725e-02 4.75839704e-01 1.85077190e-01
    1.30201489e-01 5.47918379e-01 3.57038319e-01 6.47457898e-01
    7.32004523e-01 2.20427185e-01 8.41323376e-01 4.47559595e-01
    2.94164479e-01 6.11676335e-01 8.43846917e-01 1.68948203e-01
    9.19002593e-01 6.67989850e-02 7.67621279e-01 2.17530698e-01
    8.46309423e-01 1.83557421e-01 8.16430569e-01 1.08151555e-01
    5.61730504e-01 8.33797455e-01 1.79737031e-01 2.57824153e-01
    4.46876496e-01 5.36813021e-01 5.29847324e-01 3.23255181e-01
    3.82256448e-01 6.40514493e-03 5.64583242e-01 8.98168862e-01
    6.52653396e-01 9.88557398e-01 6.55036390e-01 5.05120516e-01
    4.75151181e-01 4.19636071e-01 9.03385878e-02 3.92513841e-01
    5.47802925e-01 6.71483934e-01 6.07123315e-01 6.56126916e-01
    6.79759622e-01 5.96708953e-01 1.60987675e-01 8.86269689e-01
    7.95941591e-01 1.94799155e-01 8.47989380e-01 6.36943936e-01
    3.80984515e-01 9.09816086e-01 9.49031711e-01 4.34156507e-01
    4.04432416e-03 3.25330019e-01 2.58404016e-03 5.22133708e-02
    9.41961288e-01 4.77437645e-01 4.86561030e-01 6.30352557e-01
    6.37989342e-01 3.52388918e-02 7.12949991e-01 7.46339798e-01
    7.62592435e-01 2.06574649e-01 1.61589980e-02 8.77917409e-01
    9.96258497e-01 3.25996876e-01 9.57800865e-01 9.47954655e-01
    9.27174568e-01 2.35262811e-02 3.20939779e-01 7.94817448e-01
    7.00470805e-01 1.78640187e-01 3.10274839e-01 4.83848363e-01
    7.79202461e-01 1.45745069e-01 2.16352642e-02 8.64317417e-01
    8.51969004e-01 7.92516768e-01 1.51588857e-01 8.45109284e-01
    4.13925499e-01 7.64420331e-01 3.64081770e-01 8.78006279e-01
    7.21957922e-01 5.49017906e-01 2.91045159e-01 8.27647269e-01
    7.51606107e-01 6.76823258e-01 1.59429252e-01 8.31769407e-02
    2.54165232e-02 8.89641106e-01 2.75952041e-01 8.09452415e-01
    3.94764066e-01 7.07527399e-02 3.38228047e-02 7.46469378e-01
    1.28689408e-01 9.99606729e-01 4.39027846e-01 2.48525500e-01
    8.28976035e-02 5.61062455e-01 4.09249455e-01 5.11311352e-01
    7.56900787e-01 2.36335397e-01 5.16712427e-01 5.86444914e-01
    1.13523632e-01 6.94418550e-01 9.22361016e-01 8.74833465e-02
    6.99646175e-02 8.68695021e-01 2.11284935e-01 7.11830258e-01
    3.48926902e-01 9.27474499e-01 7.27946162e-01 7.81682312e-01
    4.89694178e-02 1.18336678e-02 5.61522305e-01 5.82368672e-01
    5.27262747e-01 5.10244608e-01 2.90154815e-02 1.16259873e-01
    4.12248969e-02 7.72749305e-01 4.61368024e-01 8.53482485e-01
    4.34320986e-01 6.31534636e-01 2.09483564e-01 5.14642596e-01
    4.73281384e-01 2.42778003e-01 9.48648095e-01 1.93914175e-02
    9.75242853e-01 9.74970162e-02 6.73393965e-01 5.48460007e-01
    9.32010174e-01 2.10693210e-01 9.45468068e-01 4.98249620e-01
    8.23103786e-01 7.40500808e-01 5.09194016e-01 6.97901547e-02
    6.59698129e-01 1.85732543e-02 4.32671070e-01 5.66680312e-01
    4.06045794e-01 4.24731016e-01 3.22109431e-01 2.76398361e-02
    6.38501108e-01 2.38942623e-01 7.15036929e-01 1.87144607e-01
    4.80508804e-01 3.90507847e-01 6.58554614e-01 6.33958697e-01
    7.01261759e-01 7.50000775e-02 5.92348218e-01 1.85436010e-03
    4.32641983e-01 5.36879659e-01 7.61019468e-01 8.89429450e-01
    3.47696424e-01 1.49765551e-01 8.13783050e-01 1.71978980e-01
    1.37451440e-01 7.17003345e-01 9.41289783e-01 1.19354576e-01
    9.11498189e-01 2.06332088e-01 5.01195073e-01 3.29399735e-01
    7.01493025e-01 9.72793043e-01 5.54887772e-01 8.20762515e-01
    7.83507943e-01 9.12356019e-01 7.69379735e-01 9.58479643e-02
    1.09632939e-01 7.74229109e-01 5.71265757e-01 6.28588796e-01
    6.56539321e-01 9.40569282e-01 2.30548441e-01 3.68247330e-02
    9.45498943e-01 8.64235282e-01 8.53711426e-01 1.19261384e-01
    5.45461297e-01 1.14929795e-01 5.75180650e-02 8.82208228e-01
    7.37789989e-01 5.81492305e-01 6.46899700e-01 4.91878957e-01
    5.04108071e-01 2.57384837e-01 5.48094928e-01 6.45353317e-01
    8.38513136e-01 6.56870604e-01 3.03784311e-02 2.69486189e-01
    1.57549471e-01 4.53546345e-01 4.42634761e-01 7.19407797e-02
    6.78807795e-02 4.28585112e-01 8.95045221e-01 6.56715930e-01
    2.14529365e-01 5.03849983e-01 2.82221973e-01 6.14736855e-01
    1.43468380e-04 5.66800892e-01 7.68328249e-01 2.42066860e-01
    5.76051950e-01 4.79815125e-01 8.11440051e-02 6.06630027e-01
    5.37563682e-01 4.15383220e-01 3.50153744e-01 6.20726943e-02
    3.53263140e-01 2.55853921e-01 9.42246318e-02 8.79760742e-01
    8.32915187e-01 1.11659139e-01 5.47168851e-02 3.16251218e-01
    3.93443584e-01 6.68209851e-01 2.73049057e-01 3.29963893e-01
    6.06350899e-01 9.45971131e-01 8.77923071e-02 3.40554476e-01
    9.17431116e-02 2.70922601e-01 3.97878081e-01 5.78472137e-01
    5.96937060e-01 7.10209846e-01 2.76396006e-01 4.95082706e-01
    5.79312682e-01 2.65684783e-01 5.20376325e-01 1.35105759e-01
    9.30810809e-01 5.65296412e-01 4.79517311e-01 3.97693276e-01
    9.28134978e-01 4.23296750e-01 2.86796212e-01 3.23028862e-02
    2.10362226e-01 7.59235799e-01 8.43679607e-02 6.74787939e-01
    8.19498122e-01 4.22008067e-01 1.39102697e-01 4.53358114e-01
    1.55820549e-01 4.16497827e-01 1.03325397e-01 8.73679399e-01
    3.83949369e-01 2.33064324e-01 9.30961847e-01 1.76003575e-03
    8.37297678e-01 8.29410255e-02 9.96747494e-01 4.24383610e-01
    4.86447573e-01 8.37557316e-01 9.12363231e-02 5.83833992e-01
    4.02925313e-02 1.87279820e-01 8.22226882e-01 3.37568164e-01
    9.95090783e-01 7.94093311e-01 5.02964973e-01 2.20661610e-01
    9.34076428e-01 4.56759036e-01 8.61060143e-01 3.71040314e-01
    9.86869037e-02 2.96637356e-01 6.36327326e-01 5.27707100e-01
    5.78723192e-01 2.68887162e-01 3.49559426e-01 1.99446976e-02
    6.07033551e-01 2.21419632e-01 2.84261465e-01 9.13199425e-01
    5.67087114e-01 3.20338935e-01 4.59851861e-01 8.75936270e-01
    7.72908568e-01 8.06699038e-01 2.26847380e-01 7.04287291e-01
    9.60224867e-01 1.53812200e-01 7.11273372e-01 8.89712930e-01
    2.14842886e-01 2.55047917e-01 9.62100029e-01 7.09237158e-02
    4.13528979e-01 5.48428893e-01 8.23230803e-01 6.14368796e-01
    7.48471081e-01 2.79107392e-01 4.84741032e-02 6.86282575e-01
    5.16200960e-01 5.35195708e-01 4.45978433e-01 8.07313383e-01
    9.43921089e-01 4.01060820e-01 6.25754833e-01 7.19696105e-01
    8.29759359e-01 1.40768528e-01 4.89064634e-01 3.07197690e-01
    9.28217769e-01 8.06601226e-01 6.63359821e-01 3.93380404e-01
    3.00710499e-02 4.50278938e-01 6.24121249e-01 1.81704760e-02
    3.87305975e-01 6.66801453e-01 2.16343313e-01 9.38134432e-01
    1.70125365e-02 4.70800132e-01 2.16420263e-01 7.09657073e-02
    6.43604398e-01 2.42431760e-01 7.46281981e-01 1.30493045e-02
    9.58638668e-01 1.28631026e-01 5.55155337e-01 4.41627294e-01
    5.98184764e-02 2.67079979e-01 8.29859376e-01 7.85976648e-01
    8.29321742e-01 4.68405813e-01 6.82356834e-01 6.14701629e-01
    2.03036666e-01 2.96906292e-01 5.22556007e-02 9.58317041e-01
    3.66136909e-01 4.53646183e-01 8.97363544e-01 3.97975981e-01
    2.39157528e-01 7.05357909e-01 1.17450237e-01 9.54136252e-03
    4.17169541e-01 5.87236643e-01 1.39464468e-01 6.63904846e-01
    2.98495412e-01 5.02161801e-01 7.19398141e-01 9.62965965e-01
    3.00865799e-01 9.28868651e-02 4.16103005e-02 8.23693156e-01
    8.54518414e-01 3.95224690e-02 8.51185322e-01 1.51496559e-01
    7.27305651e-01 5.96676111e-01 2.34338552e-01 2.24233776e-01
    5.53701222e-01 3.24970424e-01 2.79925168e-01 6.89089119e-01
    9.82887268e-01 8.56254816e-01 3.88815999e-01 7.27678120e-01
    2.61656404e-01 9.48164344e-01 1.72296971e-01 8.68402719e-02
    8.41118455e-01 6.88750863e-01 6.54073656e-02 4.95878488e-01
    7.54272461e-01 7.16325521e-01 3.55804384e-01 6.19542778e-01
    6.41616166e-01 5.36003411e-01 2.27221340e-01 9.45629597e-01
    2.80805409e-01 6.76159680e-01 1.18133038e-01 7.23412991e-01
    3.77548337e-02 2.35698283e-01 4.93976176e-02 9.40958858e-02
    9.12727356e-01 7.43021131e-01 1.11177534e-01 6.53864801e-01
    2.48574048e-01 4.21051204e-01 2.38726437e-02 3.90056491e-01
    9.56598759e-01 7.08128750e-01 3.14740121e-01 5.95887780e-01
    5.26459515e-01 7.67211854e-01 1.39307439e-01 7.67412305e-01
    6.43748701e-01 8.84886444e-01 3.96457911e-01 3.71854782e-01
    7.14439154e-01 2.38575786e-01 6.00415349e-01 3.73749614e-01
    9.69931006e-01 9.26172137e-01 9.18035865e-01 6.53883517e-01
    6.88109457e-01 8.00477862e-01 8.33853960e-01 2.34282017e-01
    9.63644505e-01 4.99466956e-01 1.02248460e-01 2.59893596e-01
    9.71226096e-01 3.51841867e-01 7.25847960e-01 9.39275026e-01
    7.99515963e-01 2.91038632e-01 7.45836198e-01 9.16475177e-01
    8.59467387e-01 5.86135149e-01 5.86331189e-01 2.08817482e-01
    4.24745619e-01 3.70111346e-01 8.08078289e-01 6.29148006e-01
    8.31135154e-01 3.90587032e-01 9.42428410e-01 4.60931957e-02
    5.65442741e-01 1.90958887e-01 6.53155148e-01 9.17253137e-01
    5.99124074e-01 8.86269331e-01 9.14873421e-01 1.66622013e-01
    7.68093705e-01 5.25793374e-01 1.25060111e-01 3.62821639e-01
    9.42242503e-01 2.21132517e-01 1.93319321e-02 1.31055117e-01
    6.93745613e-02 1.40596777e-01 3.57340872e-02 5.15043318e-01
    1.35466158e-02 2.27853656e-02 3.06898534e-01 7.19122112e-01
    9.33988631e-01 1.57444030e-01 1.74253345e-01 9.41726446e-01
    6.09591782e-01 7.72673368e-01 1.97731435e-01 8.45255971e-01
    2.06165314e-01 6.07980669e-01 5.68928421e-02 8.65105391e-01
    3.73222053e-01 2.80037940e-01 5.37586272e-01 7.29651749e-01
    1.60791039e-01 8.62239659e-01 4.52182293e-01 8.08133245e-01
    2.13827670e-01 1.47848278e-01 9.94919837e-02 7.83977926e-01
    9.70426321e-01 8.33737195e-01 2.50774741e-01 1.45887136e-01
    4.93949890e-01 5.04387558e-01 2.44121820e-01 5.37489653e-02
    6.15936339e-01 3.70284438e-01 8.29660535e-01 1.24829322e-01
    2.65504301e-01 1.19838923e-01 5.68013251e-01 2.32647628e-01
    5.88993728e-01 1.63886547e-01 4.48477566e-01 3.35772574e-01
    7.46369183e-01 3.49628985e-01 6.80892944e-01 8.64639461e-01
    6.94571018e-01 8.54677856e-02 5.35199940e-02 8.35370898e-01
    1.14227295e-01 5.18755555e-01 6.59085155e-01 4.77479219e-01
    7.96251774e-01 1.25323653e-01 8.96308064e-01 8.81860137e-01
    2.73761451e-02 3.22021008e-01 5.02715230e-01 5.73293209e-01
    9.78660583e-01 9.97885704e-01 4.12689447e-02 8.51345062e-01
    7.33831644e-01 3.19743931e-01 5.71193576e-01 9.75526929e-01
    9.31173086e-01 3.79142404e-01 2.94763088e-01 3.06944549e-02
    2.65632987e-01 5.48446715e-01 6.86754763e-01 2.22075731e-01
    8.12667906e-01 9.19915140e-01 5.23057044e-01 5.56608081e-01
    6.99949265e-01 1.31855309e-02 6.64780855e-01 5.62678158e-01
    4.66215253e-01 4.18460071e-01 1.70137256e-01 4.61824477e-01
    1.57408386e-01 3.46457779e-01 4.46970642e-01 9.58404660e-01
    8.76273990e-01 1.55151457e-01 7.91300893e-01 7.01963603e-01
    3.84381205e-01 7.82831669e-01 6.77383065e-01 7.56784797e-01
    9.26849961e-01 3.18930805e-01 7.51725078e-01 8.01265240e-03
    7.63560414e-01 8.02561402e-01 4.28479552e-01 7.65971839e-01
    3.24820459e-01 2.37792015e-01 2.50244439e-01 4.45575953e-01
    3.75199318e-03 3.21240604e-01 9.82996464e-01 8.98528576e-01
    3.51695418e-01 6.21057272e-01 6.10929072e-01 1.21747822e-01
    2.14431465e-01 1.43179178e-01 5.72712362e-01 9.65886295e-01
    6.52116358e-01 4.38310415e-01 9.48161483e-01 6.11312687e-01
    6.28160954e-01 5.73297918e-01 9.04697776e-01 8.97390068e-01
    6.84464216e-01 8.63347054e-01 7.56418109e-01 6.29451036e-01
    1.15487874e-01 5.53775251e-01 4.76347446e-01 2.32934684e-01
    2.55185962e-02 6.92971349e-01 4.72299367e-01 1.82450980e-01
    4.65587646e-01 5.28526843e-01 4.20757830e-01 4.62573051e-01
    9.50078368e-01 5.19036174e-01 6.76326215e-01 3.41793060e-01
    6.80336237e-01 7.72463679e-02 6.93683505e-01 9.29679871e-02
    9.25695360e-01 2.61522353e-01 8.84943306e-01 5.76058388e-01
    5.43067515e-01 3.17157835e-01 4.56019729e-01 3.07940990e-01
    1.70047283e-01 4.13259029e-01 8.19035530e-01 5.33200264e-01
    8.77498269e-01 1.83431447e-01 7.93370605e-02 8.11527073e-02
    9.15698349e-01 8.13991368e-01 5.63279986e-01 8.57943892e-01
    3.69852126e-01 8.82024050e-01 3.81790698e-02 1.41811997e-01
    5.37344217e-02 5.86305499e-01 9.14233327e-01 2.66630292e-01
    8.74610186e-01 3.85058552e-01 5.50720930e-01 1.98994875e-01
    6.58250690e-01 7.30161726e-01 3.04038554e-01 6.67501926e-01
    2.33425647e-01 5.21678925e-01 7.97216594e-02 8.07656169e-01
    1.40289038e-01 9.53408480e-02 8.15975189e-01 1.31622255e-02
    2.35628694e-01 7.34104335e-01 7.89941967e-01 8.16936195e-01
    3.82526815e-02 4.16586459e-01 7.53275573e-01 9.28896785e-01
    6.20498776e-01 8.38905275e-01 7.18693018e-01 2.44561225e-01
    1.20182693e-01 3.67752254e-01 2.83905327e-01 1.30235344e-01
    6.17820859e-01 3.00441414e-01 4.78391707e-01 7.89965570e-01
    4.58286107e-02 3.30102742e-01 9.09902751e-01 7.05332041e-01
    3.94837320e-01 6.72636449e-01 3.32115948e-01 9.23890710e-01
    3.31905127e-01 2.09077656e-01 9.73033786e-01 4.53999043e-01
    4.60031182e-01 2.28585243e-01 4.79948908e-01 8.56939673e-01
    8.83504868e-01 9.10768926e-01 6.80941820e-01 8.09587955e-01
    6.30538762e-01 1.34701997e-01 8.23497653e-01 6.50423706e-01
    8.76305819e-01 6.85208321e-01 3.39646518e-01 8.12434077e-01
    3.77483189e-01 2.05164820e-01 1.64246261e-01 2.20161110e-01
    7.09644377e-01 9.10327315e-01 6.76712632e-01 9.71841931e-01
    4.08899963e-01 7.44153678e-01 3.64569545e-01 2.84340084e-01
    4.02705878e-01 3.35452378e-01 9.32166696e-01 9.13952708e-01
    8.83179784e-01 8.02450836e-01 5.11812925e-01 6.41133308e-01
    4.31623220e-01 8.49787593e-01 1.62312746e-01 1.08072162e-03
    2.58589327e-01 4.49477315e-01 6.85398221e-01 2.20460474e-01
    1.44735515e-01 4.28436816e-01 8.96130502e-01 5.90882778e-01
    1.54141217e-01 2.22709775e-01 9.21465874e-01 3.40271890e-01
    6.42300367e-01 3.73853564e-01 9.23789144e-01 9.71663117e-01
    5.58379412e-01 3.77720594e-03 7.74520278e-01 8.04892302e-01
    4.03384656e-01 7.78242886e-01 8.14802170e-01 8.68698955e-02
    8.58949244e-01 9.89623904e-01 7.05654323e-01 5.76359987e-01
    3.63536477e-02 5.17352879e-01 9.36159909e-01 5.95028996e-01
    6.94602728e-01 7.93461859e-01 8.42302680e-01 6.62967920e-01
    8.20360124e-01 3.65082890e-01 3.71485233e-01 9.24229026e-01
    6.28463149e-01 4.45228487e-01 9.58034754e-01 6.04747832e-02
    8.44639361e-01 4.48276252e-01 1.63043290e-01 3.21430445e-01
    3.05039346e-01 5.30918598e-01 6.05385065e-01 4.30486321e-01
    8.76866102e-01 6.54449582e-01 4.85660821e-01 6.18544281e-01
    4.05609608e-02 9.77461219e-01 2.35390365e-01 7.12260664e-01
    5.40410399e-01 7.97888279e-01 4.92872626e-01 1.10189587e-01
    9.04067636e-01 9.83922362e-01 5.44599473e-01 4.72478479e-01
    4.84504044e-01 4.12096441e-01 4.96920556e-01 2.41299242e-01
    7.74568856e-01 7.55312741e-02 1.37197047e-01 2.39824861e-01
    2.74951577e-01 1.89855129e-01 3.43828619e-01 8.05074096e-01
    2.74649262e-02 2.68472552e-01 4.43899572e-01 8.88156772e-01
    9.00973678e-02 3.93868566e-01 6.31386638e-01 2.73605466e-01
    8.11085224e-01 6.17377996e-01 9.85900819e-01 9.28052902e-01
    7.12683201e-02 9.03215110e-02 2.04717755e-01 7.54346848e-01
    1.11869007e-01 6.74482524e-01 1.80220962e-01 7.62789845e-02
    9.35841203e-02 3.35057974e-02 7.61133492e-01 8.24665785e-01
    9.10192490e-01 2.81858295e-01 1.57560408e-01 9.32005644e-01
    7.82262683e-02 3.51395905e-01 2.46579736e-01 2.86543369e-02
    1.37564838e-01 1.02044582e-01 8.55032921e-01 3.31958830e-02
    6.52875006e-01 9.29410458e-01 7.15847790e-01 2.71991551e-01
    6.42062545e-01 3.28200519e-01 2.40158468e-01 4.85527664e-01
    3.70132565e-01 8.02408099e-01 5.12492120e-01 6.73950315e-02
    6.03443801e-01 6.79672956e-02 4.32113856e-01 6.65569365e-01
    8.65456939e-01 4.60691243e-01 1.19118005e-01 3.68899941e-01
    1.00864410e-01 7.11008668e-01 8.90267432e-01 3.49140048e-01
    9.28875625e-01 8.11359823e-01 7.27289319e-01 8.48373771e-01
    3.46737087e-01 7.57276595e-01 9.86465514e-01 9.03447211e-01
    8.82746577e-02 3.16387832e-01 2.38059849e-01 7.02900827e-01
    6.10337436e-01 8.12102556e-02 3.89715135e-02 4.85253751e-01
    3.66981685e-01 8.74799252e-01 2.44790316e-03 9.04554248e-01
    3.84949267e-01 8.08700085e-01 2.94482350e-01 7.41325140e-01
    1.91565931e-01 8.31037879e-01 8.13050151e-01 5.79441845e-01
    8.58768463e-01 6.03883862e-01 6.29627943e-01 5.89238465e-01
    6.11851692e-01 7.99782276e-01 4.52212721e-01 8.45738888e-01
    9.45391476e-01 5.77621520e-01 4.96832520e-01 2.23874748e-02
    7.67466426e-01 4.72135037e-01 5.47900677e-01 8.17499340e-01
    5.68937659e-01 1.96965784e-01 7.34601319e-01 1.01628810e-01
    7.79687703e-01 1.65071875e-01 1.14081144e-01 1.35722220e-01
    1.79870188e-01 1.25395000e-01 9.84564662e-01 9.79954779e-01
    4.63639736e-01 7.21664071e-01 2.94215977e-02 9.25475478e-01
    5.44921339e-01 2.08070219e-01 1.61128968e-01 9.70444202e-01
    2.03069121e-01 3.94887924e-02 3.81219983e-01 3.11507791e-01
    9.36112285e-01 6.83519840e-01 5.14702022e-01 2.48687834e-01
    2.38808393e-02 9.63764191e-01 9.76744533e-01 2.31351227e-01
    6.05612636e-01 3.77959460e-01 9.47666168e-01 9.28576827e-01
    3.60045135e-01 5.72909594e-01 4.41047549e-02 9.21074748e-01
    6.86783314e-01 9.46607232e-01 3.67732495e-01 6.42199278e-01
    9.43916738e-02 7.44722784e-02 4.59876955e-01 6.38279200e-01
    7.33285189e-01 3.44013453e-01 2.75510997e-01 5.50024211e-01
    2.92557120e-01 1.25292033e-01 4.16157842e-01 6.11859739e-01
    7.51778483e-01 2.69255161e-01 4.12132025e-01 3.49949360e-01
    5.11059165e-02 4.15810347e-01 4.28262204e-01 5.88268518e-01
    6.83388472e-01 4.86329257e-01 2.31470883e-01 1.68071002e-01
    3.52498949e-01 3.89408559e-01 8.95464718e-01 5.34354866e-01
    9.75637436e-01 7.76699543e-01 6.51815534e-01 3.77269894e-01
    6.91543043e-01 2.74565548e-01 1.65076762e-01 2.62309074e-01
    6.49368107e-01 2.47493058e-01 7.00942516e-01 4.39861834e-01
    2.04662114e-01 5.31442821e-01 9.19844151e-01 8.37358177e-01
    3.25217724e-01 6.27070189e-01 6.04133904e-02 3.39168131e-01
    7.50075817e-01 7.07374990e-01 2.66130507e-01 2.95063138e-01
    1.21574342e-01 2.55212456e-01 5.38582504e-01 7.20072746e-01
    2.99007595e-02 3.59021962e-01 6.18094563e-01 1.01013064e-01
    2.07565218e-01 7.46173680e-01 3.22609603e-01 8.43876719e-01
    4.48188156e-01 3.85196209e-01 9.49930906e-01 5.05254865e-01
    6.19111180e-01 9.10599351e-01 9.55471933e-01 3.58814776e-01
    2.06171423e-01 9.42409754e-01 3.97190601e-01 7.77236342e-01
    6.56481683e-01 5.00634849e-01 8.31672013e-01 5.06464899e-01
    7.06889033e-01 3.06607664e-01 7.04209507e-01 3.15487683e-02
    7.36742079e-01 9.17846680e-01 9.06473696e-01 1.67229891e-01
    8.16625357e-02 3.42913866e-01 6.15893781e-01 8.90361786e-01
    2.16902614e-01 2.52628982e-01 5.10333776e-02 3.19304049e-01
    3.11209142e-01 3.80731821e-02 8.09576750e-01 5.15966415e-01
    2.77220011e-02 7.25974381e-01 7.33202398e-01 6.25550508e-01
    1.86047256e-01 2.87797421e-01 1.88919425e-01 9.66998458e-01
    8.26869726e-01 4.29921031e-01 9.27275658e-01 3.40742946e-01
    1.34199858e-01 6.24723017e-01 3.49036962e-01 8.64546239e-01
    5.72839379e-01 1.58841610e-01 2.99890339e-01 7.10080743e-01
    7.08274245e-01 7.21004307e-01 8.90003085e-01 1.42630994e-01
    4.60529566e-01 9.74078596e-01 4.22869235e-01 1.93317235e-02
    8.84024382e-01 1.07622623e-01 7.14586258e-01 6.73718512e-01
    2.07827955e-01 2.90652812e-01 8.49079251e-01 4.90196913e-01
    7.53725767e-02 8.25193822e-01 8.69777679e-01 5.89659572e-01
    1.73814952e-01 8.32650900e-01 2.58534551e-02 8.05086672e-01
    8.12352777e-01 6.13133490e-01 5.45618713e-01 6.73982620e-01
    5.76594293e-01 8.58909726e-01 7.55999565e-01 7.90993869e-01
    4.50147927e-01 9.74871576e-01 6.47470951e-02 8.99039209e-01
    3.92173856e-01 9.31385636e-01 8.64280462e-01 5.80480576e-01
    3.77773762e-01 9.33314383e-01 5.26714742e-01 4.31737185e-01
    4.03127253e-01 9.52644825e-01 5.62810659e-01 1.42254502e-01
    1.16193891e-01 5.67144692e-01 8.83944511e-01 3.34719807e-01
    5.73389053e-01 5.69526076e-01 7.70715654e-01 2.99884617e-01
    1.10057533e-01 3.91719311e-01 7.50463426e-01 2.06642687e-01
    2.83408284e-01 1.99530959e-01 7.51775026e-01 8.41435552e-01
    9.54027414e-01 6.48627400e-01 9.01066899e-01 5.97781360e-01
    5.29745877e-01 6.26281977e-01 5.06048381e-01 8.20256114e-01
    4.72688735e-01 4.81826901e-01 2.35245079e-01 3.01522046e-01
    3.06569159e-01 7.51986325e-01 9.15481269e-01 4.14678335e-01
    8.75411272e-01 3.78762782e-02 9.01917815e-02 9.59303617e-01
    5.45673370e-01 7.59927988e-01 2.39673346e-01 9.21242416e-01
    3.01690161e-01 5.21960735e-01 4.86416876e-01 1.45080268e-01
    7.43950903e-01 6.35513008e-01 9.67776179e-01 3.99874866e-01
    7.48712182e-01 9.08413470e-01 7.57743835e-01 7.77004182e-01
    2.80609548e-01 4.00868475e-01 8.41508985e-01 2.06152409e-01
    3.02035570e-01 8.82336974e-01 6.21936440e-01 8.41171205e-01
    7.90276289e-01 4.11795676e-02 6.08638287e-01 5.67741930e-01
    7.26630807e-01 8.61155331e-01 8.81533921e-02 2.20245063e-01
    4.78966862e-01 9.15753245e-01 4.52572823e-01 6.82572126e-01
    3.46594453e-02 5.13090134e-01 3.07174325e-02 5.36722302e-01
    6.05310798e-01 7.37961888e-01 2.54288554e-01 8.33365917e-01
    8.93882155e-01 9.54154015e-01 7.44584203e-03 8.16678882e-01
    9.49330032e-02 5.09449661e-01 6.34787083e-01 2.79956698e-01
    4.86022562e-01 5.16357660e-01 9.58674073e-01 2.43812770e-01
    5.41397750e-01 1.91768169e-01 8.20044935e-01 5.41472852e-01
    5.35291433e-03 5.01573265e-01 8.27294886e-01 8.72936606e-01
    6.11264348e-01 1.73549116e-01 2.31288701e-01 1.79979146e-01
    9.91359591e-01 8.75893950e-01 1.53680563e-01 3.98248643e-01
    6.12875581e-01 7.61373162e-01 6.44001722e-01 3.24837208e-01
    4.54248637e-01 3.44148904e-01 8.98521781e-01 4.47333485e-01
    5.46051919e-01 1.96945995e-01 4.18714970e-01 4.27598685e-01
    9.80056643e-01 2.97081769e-01 5.73736727e-01 6.04822934e-01
    5.21551490e-01 9.07704711e-01 5.36683321e-01 8.88825178e-01
    1.55272692e-01 8.26317310e-01 2.61905789e-01 2.36977875e-01
    9.09404159e-01 8.57066274e-01 1.55008852e-01 9.86120462e-01
    7.20285654e-01 7.88361788e-01 8.53109479e-01 1.77633017e-01
    6.42888188e-01 6.67682230e-01 2.19463408e-02 9.84828651e-01
    2.48820990e-01 1.13789767e-01 8.92909944e-01 3.93407941e-01
    5.84930718e-01 9.91477966e-01 1.69469684e-01 5.98938644e-01
    6.48098052e-01 8.79186809e-01 1.51513815e-01 8.29773188e-01
    6.98362470e-01 8.57629478e-02 2.29275405e-01 7.39905834e-01
    1.56875879e-01 5.44300973e-01 3.59307468e-01 4.19921637e-01
    8.59719515e-01 2.06422985e-01 1.40741825e-01 8.37116480e-01
    5.88797450e-01 8.15530658e-01 1.00775093e-01 8.06580067e-01
    5.35248816e-01 9.52583909e-01 9.70430851e-01 2.39173800e-01
    4.32673931e-01 5.74790478e-01 2.32015014e-01 5.79023838e-01
    1.18253142e-01 4.32094336e-01 4.74295497e-01 1.25603378e-01
    7.15338886e-01 5.34176707e-01 7.39337444e-01 2.30484307e-02
    2.78759599e-02 9.02459264e-01 9.24035072e-01 8.92375469e-01
    3.29344302e-01 3.23016375e-01 1.59196109e-01 4.76189375e-01
    4.42193061e-01 9.46754694e-01 4.61637408e-01 3.16461027e-01
    4.48370665e-01 5.85916638e-01 7.05465257e-01 2.99404144e-01
    3.46081048e-01 6.86990499e-01 2.42913842e-01 1.13156974e-01
    7.63763666e-01 9.05013382e-01 7.27092505e-01 5.00342548e-01
    8.25751603e-01 5.50180614e-01 5.42901754e-01 9.63291228e-02
    7.73954570e-01 3.30149531e-01 8.64746273e-01 5.77355981e-01
    9.73108232e-01 6.16153538e-01 7.80542791e-02 7.92290449e-01
    3.64134908e-02 1.39765859e-01 6.91367269e-01 6.78183138e-01
    9.08828855e-01 8.82962823e-01 3.62655640e-01 2.18494147e-01
    1.64239466e-01 7.32907653e-01 2.53648818e-01 9.50584412e-01
    1.21879280e-01 9.08431292e-01 7.88766026e-01 7.17732787e-01
    2.18034208e-01 5.92965126e-01 3.99718374e-01 7.54658222e-01
    5.75324655e-01 5.83294630e-01 3.24055344e-01 6.80834293e-01
    1.64267302e-01 3.28241348e-01 4.77750242e-01 7.89449871e-01
    2.20613390e-01 1.12783343e-01 8.73338342e-01 3.82853687e-01
    5.70665002e-02 1.06433809e-01 3.40772450e-01 9.93522048e-01
    5.94900131e-01 3.65721852e-01 3.57626677e-01 9.11842704e-01
    8.67305994e-01 6.92126691e-01 9.94762778e-01 8.70613933e-01
    7.90670216e-02 4.29471612e-01 5.62833786e-01 5.53569555e-01
    2.69987345e-01 4.02564108e-02 1.97053492e-01 8.76801252e-01
    9.71194804e-02 7.01651871e-01 9.76839542e-01 5.73986650e-01
    8.04729581e-01 3.37546706e-01 8.11388433e-01 8.21218848e-01
    1.46096945e-01 7.39067078e-01 5.40209234e-01 9.78096724e-01
    4.14851129e-01 5.30280113e-01 8.23051453e-01 7.05508232e-01
    1.14439726e-01 7.09080398e-02 9.25006151e-01 9.17226672e-02
    8.50609899e-01 8.53387594e-01 4.14693356e-01 2.10981637e-01
    1.21059299e-01 2.85386026e-01 5.00573933e-01 9.03395593e-01
    8.57417941e-01 3.52928996e-01 4.06579852e-01 5.45302093e-01
    4.67981100e-01 9.15387154e-01 6.86507344e-01 9.81669188e-01
    2.48897582e-01 7.97914982e-01 3.78139168e-01 7.23683655e-01
    8.78689528e-01 6.95500970e-01 1.11311078e-01 2.74526358e-01
    2.58395970e-01 7.56009340e-01 2.06884831e-01 4.55838591e-01
    8.50646377e-01 7.98610687e-01 5.77528656e-01 3.14749867e-01
    5.87925434e-01 2.42004156e-01 5.55290818e-01 1.16728574e-01
    1.68587685e-01 1.79585755e-01 9.80042934e-01 1.07437164e-01
    3.82841408e-01 3.38018745e-01 4.31604713e-01 3.85715365e-02
    7.57104397e-01 5.34574628e-01 3.34346890e-01 4.57521707e-01
    6.59582794e-01 7.31859922e-01 6.65671647e-01 1.59650147e-02
    9.15372729e-01 1.48084462e-01 9.13802922e-01 3.42464507e-01
    9.68585730e-01 8.19816470e-01 7.06784308e-01 9.30602312e-01
    9.99494791e-01 1.84915215e-01 7.99782574e-01 9.13504183e-01
    5.54377854e-01 7.14763165e-01 6.64037943e-01 3.94868374e-01
    3.01001698e-01 5.96791029e-01 4.12627280e-01 9.87615347e-01
    9.67894435e-01 8.50906372e-02 3.88166964e-01 7.50828326e-01
    2.82395303e-01 7.25100040e-02 8.73699248e-01 4.13512409e-01
    5.84897578e-01 1.89195007e-01 1.18563861e-01 4.56701368e-01
    3.30742091e-01 4.84597206e-01 7.65071213e-01 5.82339585e-01
    2.26534843e-01 1.08848602e-01 9.09471035e-01 6.96335316e-01
    8.12648892e-01 6.36758804e-01 5.91188550e-01 2.99800694e-01
    6.10334814e-01 2.77552009e-01 5.72730899e-02 5.36244452e-01
    3.68065476e-01 5.19021809e-01 8.03202868e-01 9.14656520e-01
    3.82706374e-01 6.57602727e-01 3.44801098e-01 1.16044551e-01
    5.12449503e-01 6.10534966e-01 6.41748786e-01 2.08727062e-01
    9.53935385e-01 2.17536032e-01 2.48859316e-01 6.40959620e-01
    7.76224494e-01 5.54302275e-01 6.47490740e-01 1.98525190e-02
    3.54281366e-02 9.56471741e-01 9.26697016e-01 2.22132206e-01
    3.48221570e-01 5.71320593e-01 1.64132565e-01 2.78290212e-02
    5.97453892e-01 2.78698891e-01 6.99800014e-01 1.66819513e-01
    5.45014620e-01 5.20586431e-01 5.74204624e-01 1.26199454e-01
    3.19465160e-01 5.71477652e-01 4.19244081e-01 6.28659129e-01
    2.59022236e-01 6.84797406e-01 4.18640673e-01 9.89876747e-01
    3.77351493e-01 9.29999948e-01 2.59779751e-01 3.62565219e-01
    6.62334919e-01 6.36228025e-02 8.53915513e-02 8.16160321e-01
    9.79701161e-01 1.69170231e-01 8.03200841e-01 4.94616091e-01
    5.61269343e-01 1.84771925e-01 1.02206409e-01 5.70249200e-01
    7.55544901e-02 4.41096872e-01 3.39176297e-01 2.83373833e-01
    5.15208542e-01 9.47764099e-01 6.02080405e-01 6.94211960e-01
    4.72318530e-02 9.63025093e-01 5.12104273e-01 4.21026766e-01
    2.14292526e-01 4.18300778e-01 9.27690566e-01 2.70369709e-01
    4.57130879e-01 6.59439206e-01 8.60112429e-01 1.35148972e-01
    1.07637793e-01 9.40333009e-02 3.46715093e-01 5.65359652e-01
    6.54264987e-01 9.85610485e-01 3.00652623e-01 6.17585361e-01
    9.08602834e-01 2.41950423e-01 9.83490944e-01 4.12836671e-02
    6.00800931e-01 3.00348222e-01 8.72567892e-02 7.13988066e-01
    5.99012792e-01 8.63594055e-01 5.39225996e-01 9.97668028e-01
    2.10391283e-01 2.53377527e-01 4.69219983e-01 3.74069750e-01
    4.84048158e-01 7.83964872e-01 4.20677423e-01 2.98167884e-01
    3.72847378e-01 1.32701993e-01 7.36064017e-01 8.38550329e-01
    1.02258384e-01 6.93136454e-01 5.68560302e-01 1.23931170e-01
    9.47263241e-01 6.92308843e-01 5.73382020e-01 8.52985620e-01
    2.37403303e-01 5.82669377e-01 2.56210804e-01 9.09980774e-01
    2.37110078e-01 1.50295556e-01 8.64146590e-01 4.02801335e-01
    9.81476486e-01 4.97877985e-01 6.77664220e-01 4.66039836e-01
    8.27212989e-01 6.89153433e-01 2.83012569e-01 8.92690122e-02
    8.24295878e-02 3.01947117e-01 2.57361114e-01 9.23739314e-01
    6.14009500e-01 6.15642726e-01 2.41798222e-01 4.42124873e-01
    6.70692027e-01 9.45528388e-01 6.10724688e-01 6.65211380e-02
    7.64323473e-02 8.00363779e-01 5.05155981e-01 2.14245468e-01
    3.17921668e-01 1.95464522e-01 6.72563374e-01 3.61109138e-01
    5.03582656e-02 6.83919668e-01 9.86899614e-01 8.01494837e-01
    6.67344511e-01 5.17221093e-01 8.83486331e-01 3.67553115e-01
    4.75077569e-01 4.94101375e-01 5.96155345e-01 1.06898248e-01
    1.40199095e-01 5.96877456e-01 3.77414852e-01 6.93083048e-01
    9.97944474e-02 8.15052867e-01 1.89233035e-01 8.57472479e-01
    7.01458514e-01 6.34402871e-01 5.57956517e-01 1.23470724e-02
    3.47565711e-01 7.84074128e-01 8.44735265e-01 2.42857784e-01
    2.42240131e-01 6.42151237e-01 8.91628504e-01 3.71385157e-01
    3.74316126e-01 8.05741608e-01 6.81549489e-01 5.84793627e-01
    8.22995603e-02 8.44879568e-01 2.87838757e-01 8.46008062e-01
    4.22928691e-01 1.83921188e-01 4.49466765e-01 9.40329671e-01
    5.95213592e-01 7.56489038e-02 3.07510287e-01 4.26012874e-01
    8.55566621e-01 2.48135269e-01 8.70683074e-01 6.91930950e-01
    2.58340597e-01 6.80182576e-01 1.57246500e-01 2.14529306e-01
    4.38790232e-01 4.08689171e-01 9.96240497e-01 3.68826985e-01
    8.51995945e-01 6.24487877e-01 9.39341068e-01 5.04441023e-01
    3.26777220e-01 6.08950913e-01 6.88159347e-01 9.69976306e-01
    9.60600019e-01 9.58911419e-01 7.88323641e-01 1.92035854e-01
    5.47319353e-02 6.41234875e-01 3.35212350e-01 5.42798400e-01
    1.42508268e-01 3.34160984e-01 1.61500096e-01 1.70179009e-02
    7.91487455e-01 7.89547265e-01 8.04139078e-02 2.47026682e-02
    5.67215681e-01 9.34333205e-01 4.74344879e-01 2.37872183e-01
    6.95797622e-01 2.75393635e-01 8.42169523e-01 8.01785588e-01
    6.52860641e-01 1.50003165e-01 7.31993914e-01 5.76175690e-01
    1.37568682e-01 9.35948730e-01 8.39883804e-01 8.29513788e-01
    7.58791149e-01 1.58045977e-01 5.34428358e-02 9.24209297e-01
    8.14378738e-01 1.82838678e-01 6.16355479e-01 9.53743696e-01
    4.61988270e-01 4.27248210e-01 3.48416507e-01 3.50955248e-01
    1.49441093e-01 4.05433178e-02 6.55452907e-01 7.27519512e-01
    1.59546971e-01 6.06388092e-01 5.85034728e-01 8.49741995e-02
    2.90317118e-01 9.15280700e-01 4.10213798e-01 6.72518015e-01
    2.63774931e-01 3.69244307e-01 2.62689590e-01 2.23678321e-01
    4.25062656e-01 9.39091802e-01 6.43386245e-01 7.28961229e-01
    1.85816675e-01 9.22609150e-01 2.25014865e-01 5.05498409e-01
    4.17392015e-01 7.67850637e-01 1.87331289e-01 7.89550424e-01
    8.61214459e-01 9.83270109e-01 5.40832877e-02 1.50959879e-01
    3.75142694e-03 8.34713101e-01 8.66295397e-01 3.49993348e-01
    7.38788486e-01 7.64094293e-01 6.44671261e-01 5.51594019e-01
    2.45823294e-01 9.59012687e-01 9.85338092e-01 7.44658887e-01
    2.29568422e-01 5.45632243e-01 8.39467585e-01 2.47180820e-01
    8.97518396e-01 7.46674538e-01 9.87607241e-03 9.96113479e-01
    6.09788954e-01 4.49067444e-01 8.56273055e-01 9.45116222e-01
    6.62242591e-01 1.15383595e-01 5.22484541e-01 3.17424804e-01
    3.67855102e-01 8.16048384e-02 7.34057307e-01 9.72241163e-03
    3.26500535e-01 3.82231653e-01 3.88404131e-02 2.60884702e-01
    2.65476644e-01 3.33454877e-01 2.41160363e-01 5.45068204e-01
    2.21826881e-01 2.59652525e-01 3.15786958e-01 4.50665802e-01
    4.07180309e-01 5.87881386e-01 9.25602973e-01 1.64394766e-01
    8.57506156e-01 7.28263557e-01 7.23081589e-01 6.17361128e-01
    9.78435099e-01 2.94473499e-01 2.59717286e-01 3.46460283e-01
    4.89344537e-01 2.58913785e-01 6.07838809e-01 4.13212508e-01
    1.38639510e-01 4.29771543e-01 4.77275789e-01 2.55202711e-01
    8.53674412e-01 7.03418911e-01 2.39597052e-01 9.32087898e-01
    6.37981057e-01 3.36709142e-01 7.58946896e-01 9.10864651e-01
    9.19324756e-02 4.06377554e-01 3.45581084e-01 2.43661791e-01
    5.80459177e-01 2.17541397e-01 4.72632229e-01 5.91815233e-01
    5.19824147e-01 5.15818894e-01 7.38631785e-02 5.02544582e-01
    4.66236472e-02 6.40054047e-02 3.80746663e-01 3.76123011e-01
    1.06775850e-01 8.32757592e-01 7.53781796e-01 7.84529567e-01
    6.40434861e-01 3.20317626e-01 4.38165575e-01 5.51998615e-01
    9.72449601e-01 2.84810662e-01 6.21405959e-01 1.83196694e-01
    7.89586842e-01 1.12220913e-01 5.39428413e-01 2.88263261e-01
    8.69909048e-01 1.21441454e-01 2.30284572e-01 4.60046321e-01
    8.72356296e-01 1.80845857e-01 9.46646273e-01 1.77496761e-01
    7.38922596e-01 6.93852901e-02 9.65839505e-01 4.89301562e-01
    5.49671054e-01 8.64408135e-01 6.71679139e-01 5.48527718e-01
    2.39203840e-01 7.24933922e-01 8.38842452e-01 3.59138697e-01
    7.92443037e-01 2.09426880e-02 4.15912241e-01 4.97337461e-01
    2.98296452e-01 9.53721404e-01 6.09869242e-01 1.72107369e-01
    8.24564397e-01 8.90411139e-01 7.12050319e-01 7.14787424e-01
    7.17295051e-01 4.63547051e-01 9.86326337e-01 4.58345324e-01
    6.37343168e-01 9.78014290e-01 4.64383841e-01 5.16016364e-01
    1.23375088e-01 8.34160209e-01 1.39400452e-01 6.71334267e-02
    1.39392555e-01 8.68797302e-04 4.52946931e-01 4.33721155e-01
    6.22633219e-01 1.52461022e-01 4.56541955e-01 2.34311283e-01
    6.27374470e-01 6.94119811e-01 1.54686719e-01 1.61208481e-01
    3.16554010e-01 5.10299504e-01 6.89168096e-01 1.01836503e-01
    7.27782309e-01 7.36282706e-01 3.95709634e-01 3.99994045e-01
    3.91726196e-02 4.85417008e-01 9.51523185e-01 8.48293841e-01
    4.47353125e-02 2.38998741e-01 4.66803014e-02 2.16190726e-01
    7.69571185e-01 7.24576712e-01 6.37615502e-01 5.15662372e-01
    3.40172023e-01 7.80341268e-01 6.59393907e-01 7.20547915e-01
    6.27881348e-01 9.22066569e-01 1.01365387e-01 5.19914031e-01
    4.30513680e-01 5.34843445e-01 5.96248150e-01 6.97621644e-01
    7.08960354e-01 8.31125855e-01 3.00524384e-01 4.11915779e-01
    2.82101780e-01 2.01963186e-02 3.20123076e-01 9.84539509e-01
    1.61343575e-01 8.01789165e-01 9.66074169e-01 2.03978211e-01
    5.06862879e-01 1.14300281e-01 2.72681296e-01 5.55379570e-01
    6.76186025e-01 2.53085613e-01 4.27001357e-01 8.09000313e-01
    9.75049615e-01 4.59001303e-01 4.62501943e-01 1.07243091e-01
    8.60899866e-01 5.85080385e-01 6.93019152e-01 8.10085416e-01
    4.27178770e-01 8.91072512e-01 9.00145888e-01 4.95878458e-02
    5.14761925e-01 4.76276249e-01 4.59917843e-01 6.40656412e-01
    4.75662142e-01 6.90398097e-01 3.36827070e-01 6.36972189e-01
    9.78178263e-01 6.87187254e-01 4.11842227e-01 5.99055350e-01
    3.90826702e-01 6.41109169e-01 1.55420691e-01 8.14528525e-01
    1.83418572e-01 2.34109282e-01 6.21632338e-01 5.71314096e-01
    9.21507955e-01 3.40018630e-01 6.26734316e-01 6.39752805e-01
    9.15189266e-01 6.83458447e-01 6.15382731e-01 5.59109569e-01
    6.70378864e-01 6.88904166e-01 1.65773779e-01 9.13644552e-01
    4.73890871e-01 4.83327925e-01 4.29343551e-01 9.15017128e-01
    2.74479717e-01 1.02509499e-01 2.74251461e-01 3.24704111e-01
    1.96477324e-01 5.57430744e-01 5.82736492e-01 5.21820545e-01
    8.50320816e-01 1.71056360e-01 3.42861831e-01 1.76712394e-01
    2.21164942e-01 2.44627506e-01 9.44160700e-01 5.96782565e-01
    8.17842364e-01 4.01222825e-01 4.04279500e-01 6.48536205e-01
    3.79619032e-01 2.36059546e-01 3.87154281e-01 5.71371555e-01
    4.78169769e-01 6.40689969e-01 1.37887478e-01 5.86883783e-01
    6.52228177e-01 8.79861832e-01 7.95900345e-01 4.21989620e-01
    3.02121341e-01 3.35286587e-01 2.72828758e-01 7.99269795e-01
    6.58789277e-02 3.17093015e-01 4.81286526e-01 9.93574440e-01
    8.31501842e-01 7.98417687e-01 9.37885940e-01 8.30495775e-01
    7.23687470e-01 6.49257779e-01 4.10393536e-01 4.91285622e-01
    5.52361727e-01 3.84029150e-02 5.51837027e-01 1.13746554e-01
    9.71084535e-02 5.49129963e-01 6.65643275e-01 4.65332896e-01
    4.30633426e-01 4.05484676e-01 6.54181838e-03 3.13009202e-01
    1.93448693e-01 9.70004082e-01 4.71108526e-01 8.53635550e-01
    7.18614399e-01 6.07997298e-01 7.23786175e-01 3.14571559e-01
    5.93535006e-01 5.57255149e-02 8.13334107e-01 6.90212011e-01
    8.58891129e-01 8.30081582e-01 1.90921158e-01 9.64524686e-01
    8.12343001e-01 6.14102840e-01 2.58332551e-01 7.23799050e-01
    6.10250115e-01 7.83491492e-01 3.66576463e-01 3.37118328e-01
    9.25421715e-02 2.66090572e-01 2.88046509e-01 7.65430093e-01
    8.54509592e-01 3.41495752e-01 8.60118151e-01 9.55629170e-01
    9.80867445e-02 1.22795224e-01 5.88830709e-02 9.59390461e-01
    7.01711059e-01 5.07948101e-02 9.58839774e-01 9.01630521e-03
    1.39494628e-01 9.37733412e-01 4.17668700e-01 7.52949476e-01
    4.02462184e-02 5.99489570e-01 5.94406784e-01 4.39524859e-01
    3.88475358e-01 2.09274590e-02 6.46047592e-02 5.12295067e-01
    9.52280879e-01 8.25703263e-01 2.71653831e-01 2.75766194e-01
    2.97022700e-01 2.11424738e-01 9.43865061e-01 3.46426457e-01
    1.51763588e-01 5.31709492e-02 2.57420063e-01 8.09409738e-01
    5.79501331e-01 6.33219481e-01 5.24316311e-01 6.70309067e-01
    2.24556625e-01 7.05477238e-01 2.04133093e-02 4.39384788e-01
    8.06568563e-02 3.47613126e-01 3.36208999e-01 4.32428181e-01
    2.16235131e-01 6.10005140e-01 3.64345431e-01 7.36289978e-01
    3.44301760e-02 3.34375679e-01 3.53742123e-01 5.76246858e-01
    1.05601758e-01 7.03529835e-01 1.52934879e-01 8.66537988e-02
    2.51439512e-01 4.16528344e-01 6.34677231e-01 3.71375442e-01
    8.46675038e-03 9.56863761e-01 6.11729801e-01 7.71164894e-01
    2.37947971e-01 6.31646872e-01 2.88823485e-01 8.06071162e-01
    9.10284221e-02 8.76896560e-01 7.90175736e-01 9.39614773e-01
    8.70682001e-02 4.87155944e-01 8.68849158e-01 3.16629171e-01
    6.10741258e-01 3.82363558e-01 3.84727031e-01 9.84739661e-01
    1.79173946e-02 7.09813297e-01 4.87247825e-01 5.21188140e-01
    3.94484192e-01 3.45799565e-01 1.61910594e-01 9.51931000e-01
    1.01336658e-01 7.79321253e-01 7.98608184e-01 4.17793274e-01
    9.00437117e-01 2.98992753e-01 1.71995848e-01 4.05624419e-01
    9.60748255e-01 5.31187356e-02 9.27308679e-01 1.17551893e-01
    6.06556833e-01 9.72219467e-01 4.84352857e-01 6.94625378e-01
    9.57721233e-01 4.10329908e-01 8.36835682e-01 8.71089935e-01
    3.55072975e-01 6.21728003e-01 6.43025637e-02 7.98288822e-01
    3.27560306e-01 5.65219939e-01 8.56641114e-01 9.87466753e-01
    9.94811356e-01 6.51561975e-01 7.37676024e-03 1.23799592e-01
    8.14443290e-01 9.25571680e-01 3.60537887e-01 8.85647714e-01
    6.23299718e-01 1.27736837e-01 2.96207696e-01 8.63996744e-01
    8.21144104e-01 6.07632697e-01 1.05173081e-01 3.53392720e-01
    9.85189676e-01 7.39192665e-02 8.94744754e-01 5.91065645e-01
    5.90182781e-01 7.43329585e-01 9.44792151e-01 7.52484381e-01
    5.82040012e-01 1.43442094e-01 3.87239575e-01 2.01280832e-01
    4.94636238e-01 6.17320240e-02 7.33148754e-01 5.95202565e-01
    5.55019259e-01 9.45710540e-01 9.07454133e-01 3.22887003e-01
    2.03039557e-01 7.20609426e-01 4.71409410e-01 2.79400080e-01
    3.10878277e-01 3.03283751e-01 1.11106336e-01 7.05574214e-01
    3.48880291e-02 7.08259642e-02 6.23279929e-01 3.74335945e-01
    1.04110926e-01 7.76381016e-01 1.17210358e-01 1.39321089e-01
    9.29480314e-01 9.86239076e-01 7.85234511e-01 4.43872809e-01
    7.61733651e-01 3.30734193e-01 6.42504692e-02 1.38981640e-01
    1.00952625e-01 7.63709545e-01 6.74860835e-01 7.57389784e-01
    8.45279098e-02 6.04113579e-01 5.43385088e-01 6.88156486e-02
    5.66975772e-01 6.69648647e-02 8.13703537e-01 6.66197538e-01
    2.91323215e-01 1.09961718e-01 6.60594165e-01 6.35427535e-01
    6.12781823e-01 5.65984309e-01 7.80701399e-01 4.52663839e-01
    6.12774909e-01 6.08684838e-01 8.35284889e-01 7.86580086e-01
    9.73930955e-02 5.17305076e-01 5.27745187e-02 6.99077964e-01
    4.59173173e-01 8.58976007e-01 1.31464303e-02 5.11265218e-01
    9.06910121e-01 7.16373026e-02 6.56382442e-01 9.18195963e-01
    6.13956034e-01 3.26248109e-01 4.81599063e-01 5.92305303e-01
    2.73314357e-01 4.67861354e-01 1.27938390e-03 4.88458753e-01
    8.42824697e-01 1.04142219e-01 9.21129704e-01 1.05056763e-02
    1.93919808e-01 8.06211591e-01 9.30336356e-01 2.48930126e-01
    9.41783905e-01 6.13453388e-01 4.16237503e-01 4.95135784e-01
    8.60106051e-02 4.35157597e-01 8.14363599e-01 2.42897987e-01
    5.87067127e-01 7.79275239e-01 9.06615973e-01 1.87708020e-01
    5.16290247e-01 8.74445915e-01 3.18719774e-01 7.20411122e-01
    8.61761808e-01 3.73140037e-01 6.01309359e-01 1.79044574e-01
    4.52067137e-01 9.22910929e-01 4.72484231e-02 4.71885234e-01
    8.93481731e-01 4.07076776e-02 6.92078471e-01 2.17228353e-01
    5.24986088e-01 1.23402327e-01 9.05119181e-02 8.98230195e-01
    6.05994463e-03 5.15012205e-01 7.61922419e-01 3.50664079e-01
    2.41759717e-01 2.00076103e-01 1.85277045e-01 7.78744578e-01
    4.51369494e-01 7.47238100e-01 8.01320553e-01 9.26551223e-01
    1.27104282e-01 7.90388465e-01 3.51158381e-02 1.35858953e-01
    5.31711996e-01 3.43318760e-01 2.14546412e-01 9.86016631e-01
    6.90428078e-01 9.84683871e-01 3.46136570e-01 1.14671707e-01
    8.24238658e-01 9.19176221e-01 6.74019575e-01 6.96180820e-01
    5.17706633e-01 4.16979074e-01 6.75311506e-01 8.62465084e-01
    5.15570521e-01 3.91968161e-01 3.77619088e-01 5.19787014e-01
    4.44559395e-01 6.36314988e-01 8.38209450e-01 5.57048738e-01
    7.91335225e-01 6.21970296e-01 3.94549489e-01 4.22225058e-01
    3.15934420e-01 3.35751116e-01 3.88535798e-01 2.63609260e-01
    9.34420526e-01 3.77453327e-01 8.79692793e-01 5.35745442e-01
    3.98500055e-01 1.98085338e-01 3.19122076e-02 2.89103240e-01
    7.81030297e-01 7.00196922e-02 9.02933359e-01 8.42769504e-01
    1.78976357e-02 2.19886661e-01 9.55185592e-01 3.46843183e-01
    4.92642522e-02 7.62471914e-01 5.07969916e-01 3.05125773e-01
    4.96079892e-01 3.10133636e-01 8.82399559e-01 4.31303501e-01
    3.56003881e-01 5.29212177e-01 5.79221427e-01 9.43032384e-01
    9.66539383e-01 5.32308102e-01 4.45442647e-01 1.44705832e-01
    9.75271404e-01 6.40577078e-02 2.21519440e-01 2.81395882e-01
    3.58435214e-01 6.52001977e-01 1.79849297e-01 6.28520191e-01
    4.96975183e-01 7.69569576e-02 6.94588900e-01 2.07448572e-01
    5.76490998e-01 9.43035841e-01 9.95875895e-01 8.02221656e-01
    4.88485187e-01 2.80232847e-01 4.39397275e-01 1.14332557e-01
    1.95167363e-01 1.60376221e-01 6.82937026e-01 4.11892235e-01
    1.53803706e-01 6.82522893e-01 8.94132078e-01 8.35140944e-01
    5.24688125e-01 9.11755085e-01 3.17878485e-01 6.31464064e-01
    6.92028403e-01 5.60328901e-01 8.17131758e-01 4.47077990e-01
    5.61345398e-01 4.74283040e-01 7.14817643e-01 4.12115186e-01
    5.01173079e-01 7.40095198e-01 7.31077850e-01 9.86781418e-02
    9.75964546e-01 1.19422257e-01 3.43492270e-01 9.23237860e-01
    8.72836351e-01 8.70023131e-01 3.08476388e-02 4.72399175e-01
    4.58389848e-01 1.90737277e-01 5.61739266e-01 6.12636685e-01
    4.25688744e-01 5.55183589e-01 6.71151996e-01 6.40322685e-01
    1.89547837e-01 1.72067881e-01 8.03308368e-01 3.56478214e-01
    8.46415520e-01 5.78082800e-02 8.47679853e-01 9.93004501e-01
    2.85953194e-01 6.14202142e-01 7.07991838e-01 3.54568243e-01
    6.54534996e-01 3.40850741e-01 6.65303349e-01 1.99182570e-01
    8.42130840e-01 8.82181108e-01 2.34062672e-01 7.94617653e-01
    1.90803885e-01 4.12445962e-02 3.15083772e-01 6.36094511e-01
    1.89285368e-01 4.74770069e-01 9.28547263e-01 3.61951530e-01
    8.21376085e-01 3.13458800e-01 3.05141568e-01 6.19279385e-01
    2.18296051e-03 1.42210394e-01 9.80139375e-01 3.92533123e-01
    2.67266661e-01 4.08322334e-01 1.86073571e-01 4.84920651e-01
    9.51640248e-01 7.53628850e-01 5.72127104e-03 6.03835464e-01
    3.23889613e-01 6.28820956e-01 9.92082894e-01 7.26866305e-01
    7.09945679e-01 4.73425955e-01 1.80376768e-01 8.48815203e-01
    7.03904152e-01 4.54766452e-02 3.22354704e-01 5.24691164e-01
    7.38854885e-01 2.51962245e-01 3.62835467e-01 5.47440946e-02
    3.17607492e-01 9.15016651e-01 9.43025231e-01 2.20183253e-01
    1.18309617e-01 2.06636876e-01 6.48041368e-01 4.50401306e-01
    4.35692072e-02 6.47696257e-01 4.77153122e-01 8.96843314e-01
    2.95011431e-01 5.76783121e-02 8.93534124e-01 1.39355063e-02
    7.06051528e-01 9.42257762e-01 1.57494128e-01 2.64631212e-01
    7.17159212e-01 5.23993194e-01 9.28446054e-02 1.58966005e-01
    4.33913708e-01 2.85963655e-01 8.88103783e-01 6.64047480e-01
    2.10037142e-01 1.48346990e-01 4.81626391e-02 1.83588147e-01
    9.87645388e-01 9.29699183e-01 7.62107670e-02 1.38588548e-02
    2.81512976e-01 1.82675093e-01 3.66099954e-01 9.28940773e-02
    9.43270862e-01 4.97523189e-01 4.06657487e-01 4.63531137e-01
    9.07129049e-02 8.18226278e-01 8.85479391e-01 4.99596357e-01
    9.29751396e-02 1.18974388e-01 5.89850128e-01 3.11370075e-01
    7.72601604e-01 9.44243193e-01 4.60930616e-01 6.29228950e-02
    3.28873366e-01 2.22127050e-01 8.37200284e-01 2.57881582e-01
    9.55978394e-01 9.01812792e-01 6.92241848e-01 4.03690487e-01
    1.89982951e-01 4.27236110e-01 4.25828159e-01 8.55188370e-01
    8.88278723e-01 9.09666538e-01 9.29561853e-01 4.87132847e-01
    6.80343330e-01 7.41808712e-02 8.21183324e-01 3.15567493e-01
    1.31341904e-01 1.00274622e-01 9.45647478e-01 9.81611788e-01
    9.65759397e-01 3.54573369e-01 8.34462404e-01 1.11113042e-01
    5.91033459e-01 1.54550493e-01 6.15671217e-01 6.36619270e-01
    5.14687777e-01 7.53743351e-01 3.17982376e-01 9.03615117e-01
    3.97466630e-01 1.86235279e-01 1.35818541e-01 5.90108514e-01
    2.69937694e-01 9.41883206e-01 5.73667943e-01 7.34225869e-01
    7.57866502e-02 2.93996215e-01 6.25735760e-01 8.62134457e-01
    7.25528777e-01 9.04532611e-01 7.22341478e-01 7.29665816e-01
    4.12665486e-01 7.11454153e-01 9.83105004e-02 7.59118855e-01
    3.55126977e-01 1.14456594e-01 2.56916761e-01 1.20784521e-01
    8.23478103e-02 4.05847311e-01 4.88422394e-01 1.30793452e-02
    8.37272763e-01 3.51443708e-01 8.35703850e-01 7.36449599e-01
    3.18557620e-02 5.80518544e-02 3.18772733e-01 1.07448906e-01
    4.30929720e-01 7.80258417e-01 1.80152625e-01 4.51171935e-01
    2.97748268e-01 4.13534909e-01 6.48676634e-01 4.75352824e-01
    7.50867844e-01 1.07745677e-01 2.19488770e-01 3.69344175e-01
    5.36107242e-01 2.93049067e-01 6.57483518e-01 7.55380094e-02
    7.29137778e-01 7.96140552e-01 6.15046501e-01 6.56220138e-01
    8.81044388e-01 9.78136480e-01 3.82401943e-01 1.05742842e-01
    8.08489561e-01 3.26901793e-01 7.30614185e-01 3.59252095e-03
    7.66498804e-01 9.23733473e-01 7.53597498e-01 3.09813470e-01
    6.35514855e-01 2.54158020e-01 3.56678605e-01 9.12537396e-01
    3.96100223e-01 7.93143749e-01 4.20249403e-01 2.85421759e-01
    3.81962717e-01 4.70951915e-01 4.84886765e-03 6.52639985e-01
    6.82381749e-01 1.36143714e-01 6.18199110e-02 8.72711301e-01
    2.61319160e-01 5.10620475e-02 4.56670403e-01 3.31008732e-01
    7.82657623e-01 8.58716667e-01 7.83644080e-01 4.12995249e-01
    3.06137204e-02 1.52107716e-01 5.06841421e-01 8.99269104e-01
    8.92464757e-01 7.02760100e-01 4.32763696e-02 5.00062525e-01
    6.11684322e-01 4.67508942e-01 3.03806722e-01 1.71590328e-01
    8.31908762e-01 1.89785659e-01 6.66396379e-01 6.04282379e-01
    2.34048963e-02 1.82267725e-01 8.90617490e-01 6.24697328e-01
    9.44855571e-01 9.64658380e-01 6.47504508e-01 9.48307633e-01
    8.21753263e-01 5.20315170e-01 5.69738448e-01 9.01453733e-01
    5.04455447e-01 6.32394612e-01 9.66211796e-01 9.10326481e-01
    3.00948679e-01 6.70993209e-01 2.63356328e-01 4.67035472e-01
    4.20141935e-01 3.24787557e-01 4.99042094e-01 4.10673022e-02
    5.98208308e-01 1.76169276e-02 3.41385186e-01 3.18733215e-01
    3.70187879e-01 9.34884191e-01 1.77212805e-01 2.27638453e-01
    8.20446432e-01 3.82743359e-01 9.31914151e-01 9.16132092e-01
    3.98426890e-01 3.29028964e-01 8.58333945e-01 8.99563074e-01
    4.79568362e-01 2.19449997e-01 3.27762336e-01 7.44131804e-01
    6.00570083e-01 9.50651765e-01 5.53398848e-01 5.98289847e-01
    8.43015432e-01 8.79649758e-01 1.87476248e-01 8.91544938e-01
    3.08466554e-01 3.62644553e-01 1.23682499e-01 1.15417242e-02
    8.04950833e-01 5.45181930e-02 9.89734054e-01 1.67786092e-01
    1.71332359e-01 2.77025402e-01 1.07382238e-02 7.50174522e-01
    8.78960192e-01 1.88860685e-01 1.01605892e-01 1.37212485e-01
    9.33038294e-02 6.38056636e-01 8.53155494e-01 1.87588215e-01
    6.56667769e-01 2.22756743e-01 9.77065325e-01 4.32217628e-01
    2.33707160e-01 6.40926480e-01 9.45095181e-01 8.10608864e-01
    1.08151287e-01 8.66489708e-01 7.77725756e-01 5.90290427e-01
    1.89754426e-01 9.27351475e-01 1.82497352e-01 3.93444896e-01
    7.42885470e-01 9.71876025e-01 7.04758525e-01 4.23240721e-01
    1.37815744e-01 6.56655669e-01 8.52789164e-01 2.38462567e-01
    5.01126528e-01 4.32481587e-01 7.14065015e-01 7.74159074e-01
    4.34873879e-01 4.90361333e-01 1.45583749e-01 2.19914019e-02
    1.22137040e-01 8.98101687e-01 7.44174957e-01 8.70536208e-01
    4.73331481e-01 6.99200392e-01 6.87853873e-01 8.20411742e-02
    4.26544368e-01 2.57863522e-01 8.94843578e-01 1.18112296e-01
    1.64626122e-01 8.80599618e-01 4.82834637e-01 6.14753246e-01
    9.25324559e-01 3.84057939e-01 9.01247263e-01 8.00488353e-01
    2.57621318e-01 7.22342849e-01 2.52836585e-01 9.76876140e-01
    4.06467348e-01 1.59374267e-01 4.36377525e-01 3.14855844e-01
    3.89850676e-01 9.23707843e-01 3.86832356e-02 1.86114043e-01
    7.65054822e-01 3.51607949e-01 6.47480786e-01 3.52135837e-01
    6.60165310e-01 3.80815744e-01 8.68487537e-01 8.09811473e-01
    6.04908943e-01 1.68319345e-02 7.22253561e-01 8.04939508e-01
    7.89612532e-01 4.01925445e-01 9.31598306e-01 4.79669988e-01
    3.86031806e-01 4.87590700e-01 5.24496734e-01 8.50297451e-01
    2.94201493e-01 4.02844250e-01 7.95882761e-01 7.00377524e-02
    3.24892402e-02 1.38430148e-01 1.96052164e-01 9.39364552e-01
    4.89247501e-01 4.30818200e-01 6.11061752e-01 8.91941309e-01
    6.55643165e-01 8.48956883e-01 6.31602168e-01 9.04391766e-01
    8.14604998e-01 7.03336716e-01 5.10864437e-01 7.20798671e-02
    6.17404878e-01 4.54589665e-01 5.41933060e-01 4.42530334e-01
    5.05831957e-01 5.61493218e-01 3.78258705e-01 2.76824892e-01
    1.18213743e-01 9.88975167e-01 8.70530605e-01 1.89582318e-01
    7.55908489e-01 4.99387205e-01 6.65924191e-01 1.79119706e-02
    6.57288790e-01 6.75335765e-01 4.50098872e-01 4.47890162e-01
    3.43241394e-01 2.54153013e-01 1.83590442e-01 2.63943613e-01
    7.06689775e-01 3.59647155e-01 8.90074611e-01 1.27484411e-01
    9.86182988e-02 6.74800277e-01 8.47953916e-01 6.82599068e-01
    5.19880056e-01 2.18033969e-01 4.71249670e-01 5.73460400e-01
    4.80745733e-01 3.60930234e-01 2.83699334e-01 2.81729192e-01
    4.19379234e-01 8.83462071e-01 8.27892363e-01 8.72047961e-01
    8.01532865e-01 8.32770765e-01 5.66809177e-02 5.72216988e-01
    3.70912194e-01 4.09351379e-01 5.48379123e-01 8.87336195e-01
    5.65925598e-01 6.45336509e-02 1.31921321e-01 4.32378232e-01
    6.46303415e-01 3.03859830e-01 9.91278052e-01 8.79420996e-01
    1.41180992e-01 3.56596708e-01 4.93356586e-02 5.23142874e-01
    6.91509485e-01 4.73341852e-01 9.53873992e-02 9.44616497e-02
    7.49928474e-01 9.64639962e-01 9.50549304e-01 6.36232495e-01
    5.85709095e-01 9.12849665e-01 8.51563454e-01 7.08169937e-02
    7.56332517e-01 1.19160652e-01 2.11285859e-01 8.83436441e-01
    2.77764201e-01 7.34550595e-01 2.82450497e-01 4.91005629e-01
    2.13116229e-01 9.42255497e-01 6.02940500e-01 9.89254117e-01
    2.55622566e-01 4.49247479e-01 6.14943862e-01 8.49892616e-01
    7.74785399e-01 4.26516414e-01 3.46654952e-01 9.06288564e-01
    2.51486123e-01 2.60381460e-01 1.25318110e-01 3.18452895e-01
    7.07462132e-01 2.41050839e-01 1.44268095e-01 3.95812601e-01
    5.02920747e-01 6.86930120e-01 6.32406652e-01 7.93966770e-01
    7.59133697e-01 5.63557923e-01 1.45110160e-01 6.27917230e-01
    7.52015948e-01 9.50316310e-01 1.15126371e-03 6.99813962e-01
    3.76318723e-01 6.70685291e-01 9.31968808e-01 1.59595549e-01
    7.86393762e-01 3.39528561e-01 9.02330756e-01 2.70815283e-01
    2.81664610e-01 5.81814229e-01 3.36644769e-01 1.70654118e-01
    6.71983242e-01 7.57724047e-03 5.68562031e-01 8.81938934e-01
    2.24349380e-01 8.36817086e-01 7.70434856e-01 9.99901652e-01
    8.19707036e-01 1.05486840e-01 5.88193178e-01 7.03877449e-01
    2.62069792e-01 1.59712285e-01 7.35993147e-01 5.23671329e-01
    6.21667445e-01 7.81612992e-01 4.07963872e-01 4.98397022e-01
    6.89523637e-01 2.63225853e-01 9.93209124e-01 6.54195070e-01
    8.40750396e-01 9.13529396e-01 9.96559381e-01 3.32968652e-01
    3.24571937e-01 7.93724120e-01 5.51652193e-01 9.95582938e-01
    8.48949254e-02 3.73827815e-01 4.48868722e-01 5.68077862e-01
    7.39566982e-02 4.54129279e-02 1.71853304e-01 7.10286975e-01
    3.26244593e-01 5.12745738e-01 1.80429220e-02 4.35626268e-01
    3.66146535e-01 5.70256770e-01 5.94967902e-01 2.12246984e-01
    3.86142731e-03 9.09007072e-01 8.67246687e-02 4.18538958e-01
    2.65049100e-01 2.92110175e-01 7.55488873e-05 4.68519032e-02
    3.23725045e-01 2.87693739e-02 4.25072879e-01 5.18500507e-01
    1.24420881e-01 4.33100998e-01 3.39112103e-01 6.65637136e-01
    1.21756971e-01 3.97311926e-01 1.65044099e-01 5.11452317e-01
    8.03007662e-01 1.55805171e-01 5.65101504e-02 6.50658429e-01
    2.29848772e-01 4.57445234e-01 2.14856148e-01 5.93529046e-01
    6.84393525e-01 9.08530116e-01 4.29729521e-02 7.82664061e-01
    9.00787592e-01 8.45231771e-01 9.35687780e-01 2.97215879e-02
    8.42952371e-01 6.35458112e-01 5.36416709e-01 1.73982918e-01
    6.82561100e-01 3.23652089e-01 3.94384384e-01 5.68008959e-01
    3.07080746e-02 8.35126042e-01 2.34400898e-01 4.81207937e-01
    2.36151218e-02 8.52164149e-01 5.75366914e-01 8.95322442e-01
    5.57825208e-01 7.58670688e-01 4.24382687e-01 2.07059532e-01
    4.08832818e-01 6.81860268e-01 1.55404210e-03 6.90611899e-01
    8.56396675e-01 5.27009964e-01 8.63673806e-01 2.52044320e-01
    9.20437634e-01 4.54929113e-01 7.34091878e-01 1.63650721e-01
    2.12010473e-01 3.02415192e-01 8.83379340e-01 5.54252565e-01
    8.88804436e-01 7.32568681e-01 5.21330118e-01 6.39384985e-01
    9.65865493e-01 6.37750983e-01 7.32754350e-01 2.31566817e-01
    9.27226663e-01 4.32077348e-01 5.99171638e-01 1.25680178e-01
    1.77592456e-01 4.41640168e-01 8.55135322e-02 3.92153919e-01
    4.60894406e-02 2.21407503e-01 1.12434804e-01 9.42492783e-02
    3.68268430e-01 9.73341763e-01 9.85232711e-01 3.85982335e-01
    1.14797950e-02 2.53325224e-01 2.45236635e-01 5.85610569e-01
    4.23046261e-01 6.36368632e-01 2.67473221e-01 2.19441354e-02
    1.07283592e-02 2.83269286e-01 1.97752923e-01 4.19615299e-01
    7.67681301e-02 9.02207434e-01 3.86222750e-01 2.21640676e-01
    5.25133967e-01 2.82184631e-01 2.69938290e-01 8.17841530e-01
    6.17138982e-01 7.30473399e-01 1.09667510e-01 3.03344637e-01
    2.48228312e-02 9.54339385e-01 8.49416256e-01 2.98900813e-01
    5.54585338e-01 7.32170105e-01 1.60663307e-01 3.65953743e-02
    8.51558030e-01 5.42307019e-01 8.90555382e-02 5.66968381e-01
    9.87228394e-01 8.46482396e-01 4.82897490e-01 2.86761910e-01
    2.89944947e-01 7.31102586e-01 2.98425108e-01 5.16599178e-01
    3.78915429e-01 8.58947277e-01 3.44123930e-01 5.14201403e-01
    4.04586673e-01 6.40208244e-01 6.52654529e-01 5.33751309e-01
    8.54350686e-01 6.25586808e-02 8.70980024e-01 7.19193339e-01
    6.74421906e-01 2.29451895e-01 9.83850837e-01 7.94068575e-01
    1.26341581e-01 3.75611782e-02 9.66566205e-02 8.09301436e-01
    7.65641570e-01 3.21316123e-01 8.30982327e-01 9.34790730e-01
    6.22396350e-01 2.92827785e-01 9.00731146e-01 7.94138551e-01
    7.99877524e-01 7.54621625e-01 5.10408282e-02 4.52552080e-01
    7.11936951e-02 2.63741195e-01 3.96117449e-01 8.12010705e-01
    8.73862624e-01 5.13671100e-01 8.57771754e-01 9.09499526e-01
    3.85412157e-01 9.26310301e-01 2.23095417e-02 4.81044650e-02
    7.00412810e-01 8.68018389e-01 2.51992196e-01 9.38530147e-01
    3.25579166e-01 3.19485217e-01 6.88878655e-01 6.68216109e-01
    2.84178197e-01 8.66954803e-01 5.89353085e-01 6.20944619e-01
    6.82967842e-01 4.45653915e-01 4.84047532e-02 5.45424461e-01
    2.10717887e-01 6.56421781e-01 8.97637248e-01 8.38877976e-01
    9.46422338e-01 7.78836012e-02 8.52807045e-01 6.56547070e-01
    1.21968389e-02 7.48529732e-01 5.34683466e-03 3.57140630e-01
    8.31077814e-01 1.13871723e-01 6.51090443e-02 6.74216986e-01
    1.77219599e-01 5.65892458e-01 7.08227992e-01 3.81166577e-01
    2.25741565e-01 8.43632817e-02 4.76193696e-01 8.68080199e-01
    3.45335424e-01 8.25456858e-01 1.14441067e-01 3.64659667e-01
    9.62225258e-01 2.71447569e-01 5.43575585e-02 9.65023398e-01
    2.79411674e-02 8.16872716e-01 7.84406483e-01 1.88719720e-01
    5.14351130e-01 6.62858307e-01 8.21025133e-01 8.59962106e-01
    4.97002691e-01 2.68254161e-01 6.75290227e-01 8.38078558e-01
    6.56497478e-02 5.55894017e-01 3.70854557e-01 1.10266507e-01
    5.33268631e-01 4.97920394e-01 6.54889464e-01 6.56156123e-01
    9.01766539e-01 3.25953484e-01 8.81632447e-01 8.91193092e-01
    9.42188203e-01 9.85685945e-01 5.07328391e-01 6.34691119e-02
    3.34259808e-01 7.06072390e-01 7.63873816e-01 2.04697251e-01
    3.53860587e-01 8.08295846e-01 1.89819157e-01 3.90840471e-02
    7.94868946e-01 3.59844655e-01 5.04151583e-01 7.57839561e-01
    7.97633410e-01 7.61849701e-01 5.46668053e-01 2.95297503e-01
    1.56704485e-01 7.91965723e-01 2.75947034e-01 2.77307749e-01
    1.99274153e-01 9.40530360e-01 7.93584943e-01 2.90850490e-01
    5.98968148e-01 1.49232417e-01 3.56161386e-01 2.20031023e-01
    7.69786417e-01 3.75591636e-01 8.13215911e-01 7.91103363e-01
    9.95232224e-01 5.56213140e-01 3.75238061e-01 8.46405029e-01
    2.85546482e-01 5.43207884e-01 9.60770667e-01 9.53560174e-01
    4.22954142e-01 7.73274541e-01 5.39459884e-01 7.55568862e-01
    4.34471548e-01 4.41640347e-01 8.94396126e-01 2.49290764e-01
    8.59082997e-01 1.38067305e-01 8.83411765e-01 4.60051507e-01
    2.90935040e-01 6.22975111e-01 9.09352064e-01 6.73887849e-01
    1.76851004e-01 8.62990737e-01 8.39426875e-01 1.64852619e-01
    1.46499276e-01 7.67874122e-01 5.78525305e-01 7.25838780e-01
    1.17441744e-01 2.30886847e-01 1.51513219e-02 6.48337424e-01
    1.80482686e-01 6.16107106e-01 7.60945082e-01 8.89351726e-01
    1.38305455e-01 3.71155798e-01 8.58560383e-01 4.66542482e-01
    1.15876347e-01 7.35872269e-01 9.44615185e-01 6.33051991e-01
    6.83123827e-01 4.19078469e-02 8.35059047e-01 3.48062217e-02
    6.00835979e-01 9.64309275e-02 3.43068898e-01 6.20449126e-01
    8.94082069e-01 8.54687095e-01 4.05874997e-01 6.75174594e-01
    5.00773311e-01 7.60918856e-01 3.77751321e-01 6.60476089e-02
    6.62011981e-01 6.75001383e-01 2.95295656e-01 8.48995566e-01
    2.79950112e-01 5.75657845e-01 6.27063513e-01 9.35574591e-01
    7.37460494e-01 5.42550266e-01 9.38136935e-01 8.56552124e-01
    7.92668343e-01 8.93428922e-02 8.46400619e-01 2.00348973e-01
    8.83183718e-01 7.00657547e-01 9.21176791e-01 7.70917535e-01
    9.72099602e-02 9.19558585e-01 8.97952080e-01 1.84404194e-01
    1.32682621e-01 8.69066000e-01 9.73072410e-01 3.32710981e-01
    1.77404821e-01 3.12218964e-02 1.16658032e-01 1.37390316e-01
    2.92226434e-01 7.38252938e-01 3.43520582e-01 2.58154392e-01
    8.86309981e-01 2.43511438e-01 3.09974462e-01 4.97262299e-01
    5.12130320e-01 5.40807128e-01 5.54817915e-02 8.20971608e-01
    8.92104089e-01 2.46048748e-01 6.71963274e-01 8.55805099e-01
    4.55599457e-01 7.24729896e-01 6.19352698e-01 8.70989323e-01
    9.50073361e-01 4.21766579e-01 4.27314043e-01 8.80614161e-01
    1.51843727e-01 5.07677436e-01 2.26888478e-01 5.61236382e-01
    6.93438530e-01 4.45638120e-01 1.69361472e-01 9.07541394e-01
    1.84181750e-01 8.70271742e-01 1.84594750e-01 1.24879926e-01
    8.25638533e-01 5.70983469e-01 5.96026838e-01 6.47305191e-01
    3.57570112e-01 9.95806515e-01 9.32124257e-01 2.88520753e-01
    6.29618168e-01 7.63720274e-01 9.36104059e-01 7.30160177e-02
    8.23185086e-01 3.05584133e-01 7.02910364e-01 6.55337214e-01
    5.55941522e-01 3.45743895e-01 2.66084045e-01 6.93381906e-01
    5.45704484e-01 3.84451032e-01 7.28801668e-01 8.51962447e-01
    1.54684693e-01 3.18993658e-01 5.84901214e-01 5.02933741e-01
    7.00100362e-01 3.35562229e-01 3.76814634e-01 8.14741731e-01
    2.01535404e-01 9.62243378e-02 2.73858547e-01 9.24307764e-01
    7.70031512e-01 7.84867048e-01 7.47592688e-01 7.65272498e-01
    4.87205416e-01 8.27993631e-01 3.18706930e-01 6.50273860e-01
    9.96093750e-01 2.72214234e-01 3.93273681e-01 5.85288048e-01
    8.05743396e-01 6.18445158e-01 6.13506794e-01 1.08821869e-01
    3.22741985e-01 3.98050070e-01 6.19015396e-02 4.93564904e-01
    4.76247340e-01 4.73420948e-01 8.21159720e-01 9.85597253e-01
    8.89202833e-01 2.33171582e-02 7.72738099e-01 3.12885404e-01
    2.67251372e-01 1.23240680e-01 7.58537292e-01 6.52400434e-01
    2.32328743e-01 7.41994083e-01 2.44092137e-01 8.56423616e-01
    7.40258396e-02 6.35984838e-02 9.90634263e-02 2.40208149e-01
    1.88494712e-01 3.38450968e-01 2.17649937e-02 2.98510700e-01
    7.21916676e-01 8.22792113e-01 1.38174623e-01 5.41165948e-01
    2.86948681e-03 7.69150972e-01 2.51708329e-02 2.88561463e-01
    1.07251853e-01 9.99976277e-01 1.47741884e-01 2.20747739e-01
    9.55495358e-01 5.43027997e-01 9.57135558e-02 2.39444762e-01
    9.23408747e-01 3.82164687e-01 8.26501608e-01 5.32059789e-01
    6.98511660e-01 6.41140401e-01 4.42388356e-01 3.23148787e-01
    2.92298585e-01 3.92096341e-02 8.40838909e-01 1.02058351e-01
    4.90159124e-01 2.48961657e-01 5.88144064e-01 7.56617606e-01
    3.04376304e-01 2.94458985e-01 3.74159366e-01 3.78002167e-01
    4.02721882e-01 5.42814493e-01 3.37198555e-01 8.72170568e-01
    9.20323491e-01 4.37856257e-01 6.12489641e-01 7.68269360e-01
    4.63418067e-02 6.53553903e-02 9.90339994e-01 8.61152709e-02
    5.29992938e-01 6.64007008e-01 2.24191397e-01 5.30218661e-01
    6.29990458e-01 5.08434713e-01 7.88202763e-01 5.82714498e-01
    6.84203088e-01 4.71072376e-01 8.28704357e-01 7.15064049e-01
    8.39258432e-01 4.13573682e-01 3.29663783e-01 7.78402448e-01
    5.85815132e-01 4.80051398e-01 3.84050071e-01 8.14549804e-01
    8.29044461e-01 5.21156192e-03 4.35180873e-01 2.46057451e-01
    1.96837455e-01 5.09703398e-01 9.34457183e-02 6.97438121e-01
    3.57161731e-01 6.08610511e-01 9.99038517e-02 9.07890201e-01
    4.38630283e-02 2.06437767e-01 7.24672735e-01 2.24730343e-01
    2.21839577e-01 4.15660203e-01 5.43805063e-01 8.72718692e-01
    7.89775133e-01 3.02068055e-01 4.52222496e-01 2.13241488e-01
    7.91573524e-01 2.95289755e-02 2.35311151e-01 5.14722705e-01
    9.15340066e-01 9.38206494e-01 6.85184419e-01 6.24888659e-01
    2.54089236e-01 6.41193867e-01 2.34877944e-01 2.77746320e-02
    6.94238961e-01 6.86985731e-01 6.24724269e-01 2.07921922e-01
    7.55604208e-02 9.04973149e-02 8.84456754e-01 6.34164929e-01
    4.78752762e-01 2.53210694e-01 1.97961897e-01 4.63863373e-01
    1.88496917e-01 1.70958906e-01 8.02753270e-02 6.22169435e-01
    3.74502242e-01 4.33564484e-02 4.76291567e-01 6.07649148e-01
    7.76623607e-01 7.84342766e-01 2.46665388e-01 4.67470646e-01
    8.32700193e-01 1.13545358e-01 1.54276073e-01 3.91358167e-01
    5.53517282e-01 1.37181550e-01 2.66147137e-01 7.33741760e-01
    4.54826832e-01 5.59362173e-02 4.79860544e-01 6.15824401e-01
    7.51750767e-01 8.01676333e-01 9.75150824e-01 4.66515183e-01
    2.50488549e-01 4.31351572e-01 6.16327405e-01 8.16389799e-01
    4.62237000e-02 1.19384676e-01 2.35459119e-01 4.93165374e-01
    8.27329755e-01 9.88237143e-01 4.08650130e-01 9.23168778e-01
    7.52557039e-01 2.36104250e-01 7.25736201e-01 4.78217959e-01
    2.83826590e-01 9.19656456e-02 1.64529055e-01 8.47992599e-02
    5.54310501e-01 6.03402317e-01 5.40191889e-01 5.18278658e-01
    2.23739296e-01 8.80608082e-01 2.44485348e-01 5.29646695e-01
    1.46554172e-01 6.20036960e-01 2.86491513e-02 8.37617278e-01
    5.60207486e-01 5.56045055e-01 4.67123687e-01 5.52993476e-01
    7.71811008e-02 3.52578580e-01 3.13485414e-01 6.16801858e-01
    9.71402168e-01 2.49485821e-01 4.00702178e-01 5.07611752e-01
    7.32008398e-01 3.93121809e-01 6.18897080e-01 6.45082355e-01
    7.50572562e-01 4.21346456e-01 2.33848691e-01 3.24110866e-01
    2.59209454e-01 3.60268474e-01 6.70673609e-01 7.53231764e-01
    4.55513209e-01 1.57844305e-01 5.02753437e-01 5.21880031e-01
    1.81337059e-01 7.24965453e-01 8.22981596e-01 4.90633726e-01
    9.55502629e-01 7.77873099e-02 2.80416489e-01 3.11649144e-02
    7.49132752e-01 2.86781192e-01 9.80099440e-01 9.70509291e-01
    9.91524816e-01 5.49876750e-01 6.56467557e-01 2.17424929e-02
    4.97412205e-01 9.26830471e-01 1.01924419e-01 4.48785633e-01
    2.93163955e-01 3.45518172e-01 8.76347542e-01 3.44944149e-01
    4.29337800e-01 9.16559756e-01 6.28116131e-01 1.53555751e-01
    2.49215990e-01 8.52690220e-01 8.80350828e-01 6.18654132e-01
    8.19816947e-01 9.25665855e-01 9.46324468e-01 9.02859390e-01
    5.33234239e-01 6.53351545e-02 2.49188036e-01 3.97481859e-01
    4.21018600e-01 6.21331632e-02 5.28375328e-01 7.67107606e-01
    2.29489893e-01 9.52846289e-01 4.20348316e-01 9.77335811e-01
    4.96756554e-01 3.20656985e-01 7.63164520e-01 1.50827020e-01
    9.63590324e-01 3.50299776e-01 7.71603763e-01 5.52706897e-01
    9.76608276e-01 6.57710910e-01 5.92937589e-01 4.61998582e-03
    9.07295883e-01 4.41733569e-01 2.73958325e-01 8.51815939e-02
    4.97854501e-01 4.32516068e-01 5.27741551e-01 8.90430629e-01
    4.47598696e-01 4.38553691e-02 5.47834992e-01 2.72310436e-01
    8.95832777e-01 5.95451951e-01 6.59668922e-01 7.15354919e-01
    7.50657022e-01 6.18941009e-01 7.20248461e-01 4.11327392e-01
    1.53864056e-01 1.99638814e-01 4.54692662e-01 8.15167248e-01
    3.21249157e-01 9.06140447e-01 5.98069310e-01 3.79810959e-01
    4.13210750e-01 1.58260763e-01 8.40356290e-01 1.77060843e-01
    5.34668982e-01 4.88267809e-01 2.16782570e-01 3.36387992e-01
    8.00703883e-01 1.06651694e-01 5.74184835e-01 8.51058304e-01
    2.33093172e-01 1.33880675e-01 8.38001728e-01 8.61691117e-01
    6.09689772e-01 8.50477934e-01 1.58941954e-01 6.25396967e-01
    8.93639565e-01 4.26901102e-01 2.92381972e-01 9.03228998e-01
    1.18464679e-01 6.78871214e-01 1.87525928e-01 4.67926472e-01
    4.57465023e-01 8.02654743e-01 5.20308435e-01 2.67693490e-01
    2.37714618e-01 1.05093628e-01 8.47076356e-01 6.44231379e-01
    6.10240757e-01 8.03406477e-01 2.51647055e-01 2.42452979e-01
    6.96594596e-01 8.22805882e-01 5.24349630e-01 5.69493890e-01
    7.43266582e-01 2.37899035e-01 5.64514160e-01 4.84278738e-01
    5.22954464e-01 4.33983266e-01 9.25700128e-01 1.27395093e-01
    7.93627441e-01 2.29048163e-01 9.79494452e-01 8.40574384e-01
    9.63335633e-01 6.95636511e-01 6.73717320e-01 2.97250569e-01
    2.49004722e-01 1.43583566e-01 5.74315667e-01 2.57305682e-01
    8.09302926e-03 7.87069619e-01 9.67689872e-01 6.85747147e-01
    8.98288488e-01 6.50078297e-01 7.80528784e-02 6.63689971e-02
    7.58191228e-01 5.17624915e-01 4.33326483e-01 2.60585368e-01
    5.69552839e-01 3.36515129e-01 2.53233463e-01 2.52120197e-01
    7.41584599e-01 8.22822571e-01 2.89708376e-01 2.04659015e-01
    3.88579160e-01 7.52956748e-01 8.26834977e-01 9.60182071e-01
    7.63492584e-01 6.47281349e-01 6.28724158e-01 8.02207887e-01
    3.00433815e-01 8.46635103e-01 9.08279121e-01 8.72906685e-01
    9.98426795e-01 3.43859196e-02 1.64355636e-02 2.94490337e-01
    5.47129989e-01 8.43815684e-01 3.91637087e-01 5.26221395e-01
    9.91626799e-01 4.09750193e-01 1.18055522e-01 1.21701896e-01
    1.39221638e-01 5.62687457e-01 2.20888287e-01 9.38508093e-01
    8.62608612e-01 7.30342329e-01 1.64648890e-02 7.58728266e-01
    9.06120300e-01 8.75576437e-01 6.85691535e-01 6.41449213e-01
    3.64805818e-01 5.11138439e-01 2.30099410e-01 8.64426553e-01
    4.78711098e-01 8.85152698e-01 6.51195467e-01 8.92909408e-01
    7.75607467e-01 1.37770683e-01 2.63239324e-01 5.67633271e-01
    3.11333954e-01 3.72008622e-01 3.35581541e-01 5.21590650e-01
    6.88476443e-01 9.63320494e-01 6.57818794e-01 1.69182122e-02
    4.56298292e-01 1.96599364e-01 4.98843789e-02 6.15715683e-02
    5.06366193e-01 8.03818583e-01 7.25589275e-01 8.95813942e-01
    1.14315748e-03 3.67030740e-01 4.87063944e-01 5.38109303e-01
    8.46351027e-01 3.56984138e-01 4.99877661e-01 6.97212279e-01
    8.21670413e-01 3.48850906e-01 1.56627685e-01 7.43665040e-01
    7.42287993e-01 1.03991002e-01 2.25879312e-01 8.77908587e-01
    8.50242496e-01 4.07701284e-01 4.38441843e-01 6.18864954e-01
    4.11650002e-01 1.25245988e-01 6.82770431e-01 5.03642201e-01
    1.90359384e-01 9.41549778e-01 8.74168634e-01 6.93773150e-01
    2.92573482e-01 6.86492980e-01 8.57000947e-01 8.69304359e-01
    9.04942513e-01 4.30471539e-01 3.36693645e-01 2.40995705e-01
    2.05043495e-01 7.29155421e-01 1.85850620e-01 2.40062475e-02
    4.40387428e-01 3.82391065e-01 9.72412884e-01 1.71053201e-01
    7.93103099e-01 3.65713298e-01 8.67768764e-01 5.64821601e-01
    7.83240855e-01 2.95054853e-01 2.68503904e-01 6.12491071e-01
    9.29905772e-02 8.49236250e-02 4.46478873e-01 7.47165263e-01
    1.93694413e-01 2.03051299e-01 8.28417182e-01 7.38698244e-01
    1.40128344e-01 1.81318760e-01 3.40049624e-01 5.45750439e-01
    8.89356732e-01 6.70550466e-01 2.58192241e-01 5.84671855e-01
    4.19137120e-01 4.65088129e-01 7.34241486e-01 5.09217501e-01
    8.66346359e-01 4.36444104e-01 2.40719706e-01 9.18391347e-01
    9.19857562e-01 7.41341710e-01 5.99897385e-01 8.37684512e-01
    4.78293896e-02 6.73713744e-01 9.95127439e-01 3.34544599e-01
    6.03899658e-02 1.99655622e-01 7.05460668e-01 5.82705736e-01
    3.87733370e-01 6.95933700e-01 6.09334648e-01 1.26908869e-01
    1.04240656e-01 7.52151310e-01 9.08129454e-01 8.61513793e-01
    9.34459686e-01 5.09244084e-01 8.55709791e-01 6.81630611e-01
    6.22271955e-01 2.02917755e-01 5.45655131e-01 9.52493072e-01
    4.22580987e-01 8.24381471e-01 4.48977321e-01 8.06121647e-01
    1.20488286e-01 1.99936152e-01 7.22168148e-01 4.64071125e-01
    6.33757710e-01 8.90214145e-01 1.27368301e-01 2.49472052e-01
    4.16431427e-01 8.15114796e-01 1.81132466e-01 7.41880357e-01
    7.76877999e-03 4.37368035e-01 4.43210006e-01 5.71985304e-01
    5.46827137e-01 5.46213984e-01 5.27322769e-01 8.71947765e-01
    4.07248378e-01 9.73256707e-01 5.36660254e-01 6.13126993e-01
    1.41926616e-01 2.71096587e-01 8.12429667e-01 5.61611235e-01
    4.20600742e-01 5.37423134e-01 5.62838316e-01 4.76897210e-01
    2.98673809e-01 4.63714451e-01 9.17696178e-01 2.56142139e-01
    6.91780925e-01 8.67340326e-01 1.22794002e-01 2.75365621e-01
    5.78405380e-01 4.95686740e-01 4.02395785e-01 5.86206257e-01
    9.29501951e-01 1.78395092e-01 6.51291132e-01 5.52291691e-01
    1.34593099e-01 2.21265137e-01 8.53026569e-01 7.87913918e-01
    1.09378695e-01 2.54735738e-01 6.11056089e-02 8.70826483e-01
    2.83071280e-01 2.14894295e-01 1.40807927e-02 7.66096771e-01
    6.29766941e-01 5.83275855e-01 5.04419267e-01 7.85375237e-01
    3.32377911e-01 4.38738495e-01 4.51780051e-01 6.46654487e-01
    2.05124289e-01 9.63040948e-01 2.25976139e-01 4.00789142e-01
    8.29972386e-01 9.54700470e-01 6.19065166e-01 6.46971107e-01
    6.15976632e-01 8.41974616e-01 1.29127204e-02 2.10411608e-01
    2.75491446e-01 1.75088674e-01 3.26641262e-01 1.37247443e-01
    9.86079037e-01 5.57045043e-01 2.81058848e-01 3.00026745e-01
    4.42279220e-01 2.33995616e-01 8.63311291e-02 4.66319293e-01
    9.37691391e-01 3.57463121e-01 2.82062292e-01 9.89000320e-01
    5.20716548e-01 4.63817269e-01 4.34613854e-01 4.05093282e-01
    4.74449247e-01 4.62651640e-01 1.05230361e-01 4.13790643e-02
    8.88803124e-01 2.09872752e-01 7.74555504e-02 6.92288280e-01
    7.57771730e-01 8.14616323e-01 1.53861910e-01 6.17038488e-01
    7.95376897e-02 1.84625387e-03 8.68744731e-01 8.61754179e-01
    4.30537581e-01 1.85538143e-01 9.37273562e-01 1.61724627e-01
    5.85646331e-02 8.32495093e-01 8.86691213e-01 9.03110862e-01
    9.04104710e-01 5.82759559e-01 5.62658370e-01 9.71185148e-01
    1.18202895e-01 2.94708610e-01 5.28619111e-01 3.00623477e-02
    3.38245273e-01 4.74908382e-01 5.18521249e-01 9.42260027e-01
    1.70648456e-01 4.02340651e-01 9.64540064e-01 6.87461853e-01
    5.68018556e-02 3.68878603e-01 9.09993649e-01 3.41842651e-01
    7.77912140e-03 8.86439443e-01 4.27965105e-01 2.21085250e-01
    1.84761882e-02 5.38627207e-02 1.93464160e-01 7.29931653e-01
    1.58723205e-01 6.46861374e-01 5.69091320e-01 5.66406190e-01
    2.27722406e-01 7.37469256e-01 2.55399495e-01 8.46997261e-01
    4.90740597e-01 9.34495389e-01 1.03683650e-01 6.05639637e-01
    8.72781754e-01 5.78203857e-01 4.37428355e-01 7.52289772e-01
    6.88105345e-01 8.17030370e-02 2.78622687e-01 1.50190175e-01
    8.95891726e-01 2.35874504e-01 9.24962401e-01 2.64714658e-01
    5.11125326e-02 4.53914553e-01 6.47222161e-01 5.49641550e-01
    6.03166521e-01 7.69491434e-01 7.76777625e-01 8.22881758e-02
    1.02562517e-01 6.96558774e-01 9.68083262e-01 9.09105539e-02
    2.43100107e-01 4.21778440e-01 8.03826451e-01 6.30246580e-01
    5.53271055e-01 4.54826266e-01 7.57772923e-02 3.92008066e-01
    9.06369150e-01 6.63035929e-01 7.59807348e-01 6.81547999e-01
    4.12695289e-01 1.92060143e-01 3.45236540e-01 2.65370607e-02
    2.63867855e-01 9.98558760e-01 2.95192897e-02 6.54463232e-01
    9.38880861e-01 6.53765917e-01 1.83057159e-01 5.72777390e-02
    9.68442440e-01 2.34351218e-01 2.62030661e-01 3.32105428e-01
    6.72696471e-01 6.40435278e-01 4.30966318e-01 4.19405520e-01
    7.12237954e-02 9.10773873e-02 4.50650990e-01 7.79237032e-01
    2.69523650e-01 8.04944038e-01 1.58202946e-02 5.94360292e-01
    6.19858086e-01 7.35505223e-01 3.77789736e-01 9.58586335e-01
    3.59046638e-01 2.84485519e-02 3.92483711e-01 8.08669209e-01
    2.85346329e-01 3.22351396e-01 1.06069624e-01 1.85922384e-01
    1.72774971e-01 8.65628958e-01 2.09362358e-01 1.77051485e-01
    1.71270430e-01 2.67380536e-01 6.38727725e-01 7.74842501e-02
    2.06812859e-01 9.36663508e-01 8.23059559e-01 9.59564328e-01
    4.04272377e-01 7.53925741e-01 7.30693102e-01 8.87273669e-01
    7.29892671e-01 8.97874355e-01 7.58208990e-01 4.44676280e-01
    5.70266008e-01 6.23926699e-01 8.93352389e-01 7.64237165e-01
    5.45920730e-01 8.57497454e-01 4.94336724e-01 4.54174519e-01
    4.08074260e-03 7.82790065e-01 6.94315791e-01 9.13045883e-01
    2.85744995e-01 8.63829792e-01 2.40540862e-01 9.06379223e-02
    4.17101413e-01 8.35765600e-01 2.35361636e-01 8.96819472e-01
    9.84265864e-01 1.80827200e-01 6.89521432e-02 1.81222558e-02
    9.62493896e-01 4.67695504e-01 9.51032639e-01 4.10305768e-01
    2.77793258e-01 3.47230017e-01 8.02857518e-01 3.42883080e-01
    6.97825670e-01 5.56150377e-01 9.03898716e-01 5.51154494e-01
    4.46200609e-01 4.35132682e-02 6.59370482e-01 6.64327264e-01
    1.57096833e-01 2.80719459e-01 7.46684790e-01 7.56879568e-01
    8.32020581e-01 3.53779912e-01 9.20574665e-01 3.75445485e-01
    6.79979086e-01 5.19484580e-01 9.62866545e-01 7.73507357e-03
    9.34549510e-01 4.92900461e-01 8.41945231e-01 7.29459941e-01
    3.31376970e-01 3.55655313e-01 7.13018179e-01 1.49742663e-02
    8.79197299e-01 6.61794960e-01 7.19193935e-01 9.45617735e-01
    9.99298930e-01 8.71717155e-01 4.87641364e-01 5.19593179e-01
    2.80002177e-01 5.99734247e-01 5.89168072e-02 8.67789507e-01
    7.70293832e-01 7.41194189e-02 8.40337157e-01 4.00958180e-01
    4.84002411e-01 9.22638059e-01 6.30858541e-01 7.39827394e-01
    7.33787954e-01 9.59425449e-01 5.20599782e-01 6.22610807e-01
    5.61200559e-01 8.73584092e-01 6.06125593e-01 1.93246156e-01
    7.35980570e-02 3.89276683e-01 8.30640554e-01 8.06519032e-01
    6.08017325e-01 1.26764268e-01 9.30126250e-01 6.31138742e-01
    8.85441780e-01 2.63140917e-01 9.52441216e-01 8.25153470e-01
    1.49618417e-01 8.51942837e-01 6.42475247e-01 8.22182477e-01
    8.59705091e-01 6.11527860e-01 8.53892207e-01 8.81165266e-03
    6.91062510e-02 5.77710450e-01 5.30606389e-01 1.87531322e-01
    3.98622423e-01 9.51149344e-01 4.53336954e-01 8.30865741e-01
    5.64467371e-01 1.44300044e-01 1.24204785e-01 4.07374680e-01
    4.28762436e-02 4.05545652e-01 9.90972996e-01 4.92880493e-01
    6.77119017e-01 6.50186598e-01 6.70956194e-01 5.04887998e-01
    1.87936127e-01 2.56023526e-01 4.33269799e-01 8.07128310e-01
    4.79567409e-01 7.44175851e-01 9.99725401e-01 3.55148792e-01
    2.45075315e-01 3.61816466e-01 6.58450007e-01 4.19474959e-01
    2.04510450e-01 2.97136635e-01 4.48755026e-02 1.29974633e-01
    5.43604255e-01 8.38512540e-01 2.03952134e-01 9.95425880e-01
    3.34219038e-02 3.42986822e-01 9.06798601e-01 5.48046947e-01
    2.24980563e-01 6.15338147e-01 7.24304199e-01 1.99224591e-01
    6.11592352e-01 8.77720475e-01 7.83669710e-01 2.96570957e-01
    4.97581780e-01 9.93526459e-01 5.54252982e-01 6.68952942e-01
    9.31100368e-01 7.93149769e-01 6.56096935e-02 9.69706714e-01
    5.27818024e-01 5.73049903e-01 9.48423982e-01 7.14392960e-01
    3.54738861e-01 8.82864118e-01 7.36965954e-01 9.31334972e-01
    2.55895793e-01 5.66996813e-01 1.37457460e-01 3.80705625e-01
    5.17089605e-01 5.68665564e-01 7.39728868e-01 9.56506670e-01
    3.44121873e-01 6.13528848e-01 4.57979023e-01 7.70929456e-01
    8.96487236e-01 8.39394093e-01 8.38249266e-01 4.54919934e-01
    3.87029350e-02 8.36173177e-01 1.37252092e-01 4.67997789e-03
    2.55849183e-01 8.88570309e-01 4.28939044e-01 7.55855858e-01
    3.35901439e-01 6.42159581e-02 2.04676092e-01 1.09405905e-01
    1.15839064e-01 6.03492856e-01 9.55732703e-01 3.63018095e-01
    4.30437177e-01 3.59665751e-02 2.76449144e-01 5.51469803e-01
    1.51212007e-01 5.52254617e-01 5.78135431e-01 6.30504966e-01
    4.29397762e-01 3.47305834e-01 1.18706703e-01 7.53063202e-01
    1.53001606e-01 4.17291701e-01 4.65943635e-01 9.70592678e-01
    4.07094181e-01 6.35330200e-01 4.21057224e-01 1.04858220e-01
    5.34347713e-01 3.74577820e-01 1.33938730e-01 9.59406435e-01
    1.02341950e-01 4.98253375e-01 4.22258198e-01 8.40593219e-01
    5.10722399e-01 7.70204842e-01 7.21875668e-01 8.40740800e-02
    1.84331387e-01 4.53988910e-02 8.17169905e-01 6.86129332e-01
    2.71567166e-01 4.55908835e-01 7.98839033e-02 3.01972210e-01
    5.88099480e-01 9.61566031e-01 3.40588748e-01 6.45022810e-01
    3.02356422e-01 5.30847013e-01 8.34207058e-01 7.25405931e-01
    4.94760871e-02 2.07133234e-01 3.31286907e-01 6.27193868e-01
    2.42951185e-01 9.98653531e-01 1.58045471e-01 6.94871128e-01
    9.08243656e-01 8.52354169e-01 8.89354706e-01 9.44980264e-01
    6.38856471e-01 9.52296257e-01 6.21205032e-01 2.48315543e-01
    6.17490590e-01 7.72946000e-01 3.24543715e-01 7.66778827e-01
    9.60983634e-02 8.35941136e-02 7.69464910e-01 2.36804157e-01
    7.28639781e-01 2.76267767e-01 7.29636431e-01 3.64425898e-01
    1.47949874e-01 4.70559061e-01 5.70660412e-01 2.64402002e-01
    5.90858459e-01 9.40672636e-01 5.12532234e-01 3.56425732e-01
    3.36960495e-01 8.78990293e-01 6.49642348e-01 1.06899381e-01
    4.72601622e-01 2.18242526e-01 7.63561130e-01 7.37425625e-01
    6.49307489e-01 6.78652465e-01 5.39829075e-01 5.40952206e-01
    9.94423866e-01 6.91433668e-01 2.78994262e-01 4.95183617e-01
    2.59561181e-01 6.12115383e-01 3.04410964e-01 4.68395561e-01
    9.18398380e-01 6.91803336e-01 3.01506162e-01 7.31627405e-01
    8.95990252e-01 3.30972135e-01 7.53261805e-01 8.61107469e-01
    7.71714807e-01 7.57385671e-01 5.44608891e-01 9.19476867e-01
    5.63233793e-01 8.88028622e-01 7.61620879e-01 2.59889603e-01
    5.36573410e-01 4.32804316e-01 5.27326763e-01 8.16313922e-02
    7.69166946e-02 4.27008867e-01 4.97072339e-02 7.67105579e-01
    9.20785785e-01 7.29807675e-01 8.14739287e-01 6.93527520e-01
    1.85985446e-01 4.97185469e-01 2.27759033e-01 2.78506160e-01
    7.70540237e-01 4.08446193e-01 1.07045770e-01 6.58666551e-01
    5.70515394e-01 7.18431115e-01 3.14244658e-01 8.54333937e-02
    6.02435172e-02 4.42608029e-01 9.73499477e-01 5.84790766e-01
    3.27620506e-01 6.80797577e-01 9.16278303e-01 7.42544174e-01
    1.45746559e-01 1.75543427e-01 9.09906268e-01 8.30367625e-01
    1.95131719e-01 1.80634290e-01 4.45717514e-01 8.76913309e-01
    1.95644021e-01 2.77289152e-02 1.98761702e-01 9.51739848e-02
    7.02574313e-01 6.66479170e-01 4.49467272e-01 4.81298208e-01
    1.39041543e-01 1.96948051e-01 8.97508562e-01 8.73426318e-01
    9.76145744e-01 3.44872385e-01 2.57652819e-01 4.41241115e-01
    7.49393225e-01 1.15156710e-01 6.12831950e-01 1.49170429e-01
    9.80236053e-01 7.57709146e-02 2.85976648e-01 9.53978896e-02
    6.66174889e-02 5.87208688e-01 4.90434378e-01 4.01416391e-01
    3.03709447e-01 3.51308703e-01 5.52279890e-01 6.99451804e-01
    3.15576226e-01 7.74482191e-02 8.83802354e-01 1.05354071e-01
    7.46891856e-01 4.96603310e-01 5.96339703e-01 1.03566557e-01
    6.16841555e-01 2.50124305e-01 5.54025769e-01 7.75772035e-01
    7.83926845e-02 2.70028770e-01 6.67592049e-01 6.06766105e-01
    2.83357799e-02 7.09195852e-01 4.39046383e-01 8.50254595e-01
    1.24806046e-01 5.04219174e-01 2.54052460e-01 2.04820722e-01
    8.62678170e-01 4.60396737e-01 6.70670629e-01 1.65248096e-01
    2.35007107e-02 4.20121700e-01 1.96859598e-01 6.35462165e-01
    2.30216175e-01 2.25478649e-01 8.69247019e-02 2.63734221e-01
    2.01332182e-01 8.37295413e-01 4.77811515e-01 3.35801065e-01
    3.43971670e-01 1.97851360e-01 9.65888202e-02 5.55015266e-01
    4.17085916e-01 5.95352650e-02 4.77743387e-01 3.58473450e-01
    1.04948431e-01 1.01976424e-01 1.71650171e-01 7.14097738e-01
    8.79644096e-01 4.76753861e-01 9.03962612e-01 6.14391565e-02
    7.35057950e-01 8.10618699e-01 4.24179763e-01 2.84991443e-01
    1.63778692e-01 4.76556420e-01 5.00846446e-01 6.55493081e-01
    4.54642534e-01 5.37267029e-02 2.79729307e-01 2.78661817e-01
    6.23670459e-01 9.41510558e-01 9.44995344e-01 3.00535142e-01
    1.84750557e-01 8.36554170e-02 4.55906749e-01 2.90718734e-01
    3.35899889e-02 6.92977369e-01 2.47969061e-01 7.22146869e-01
    2.34804243e-01 1.85665607e-01 1.30224377e-01 3.87201428e-01
    3.25605273e-01 3.58294249e-01 9.28766489e-01 4.25928831e-01
    7.58966327e-01 8.36397052e-01 8.99186730e-01 2.93186724e-01
    9.13802862e-01 6.27908349e-01 9.01508331e-02 9.69942927e-01
    8.06757748e-01 2.48241037e-01 6.85560703e-01 2.33996511e-02
    3.80999267e-01 2.04072267e-01 5.39678931e-01 1.54525578e-01
    3.09258401e-01 8.38325143e-01 3.56610984e-01 6.94314837e-01
    6.00662291e-01 7.92472959e-01 7.04927087e-01 5.99249423e-01
    1.27625465e-03 6.47557974e-01 9.60333169e-01 5.75898588e-02
    6.33232892e-02 9.21279192e-01 2.03101188e-01 1.13771707e-01
    1.25762224e-01 9.90037441e-01 8.72337222e-02 1.67328984e-01
    1.41799420e-01 7.83579350e-01 9.69541132e-01 4.38682944e-01
    7.85008788e-01 3.82969618e-01 4.12324905e-01 9.21870232e-01
    7.67438412e-01 9.07475829e-01 1.26139313e-01 8.98078024e-01
    2.82644629e-02 8.52807343e-01 6.37147129e-01 5.03272533e-01
    8.00274134e-01 2.82277942e-01 3.12399268e-01 8.71965647e-01
    1.73488349e-01 8.08569849e-01 8.28308105e-01 8.77016783e-01
    2.30512381e-01 8.26760530e-02 5.88944077e-01 5.53543627e-01
    3.46887767e-01 4.47012037e-01 4.95175838e-01 2.63460279e-01
    6.94976389e-01 8.27930212e-01 4.62846160e-01 4.15297806e-01
    6.61060512e-02 3.23009014e-01 5.05745053e-01 9.51022506e-01
    1.37036651e-01 4.52064723e-01 6.42194450e-01 3.96052063e-01
    2.24580407e-01 9.61361885e-01 9.41736758e-01 2.40809888e-01
    2.17060775e-01 9.14402366e-01 3.00619423e-01 2.66502678e-01
    2.18579113e-01 3.12097073e-02 4.31189328e-01 6.35618389e-01
    7.00116754e-02 2.47745335e-01 9.76403773e-01 9.82762992e-01
    9.94970679e-01 3.12710613e-01 4.74123061e-02 9.46448743e-02
    8.40404391e-01 5.34895837e-01 1.53966784e-01 6.05887175e-03
    3.15663517e-02 7.10189879e-01 2.34127939e-02 7.91801631e-01
    7.35821426e-01 6.34629965e-01 3.29593450e-01 6.37875557e-01
    3.10640872e-01 5.28500438e-01 3.40576559e-01 6.51089489e-01
    2.14043111e-01 9.62374747e-01 6.64405346e-01 7.81812549e-01
    1.96844339e-04 1.25953496e-01 4.14623380e-01 9.99042749e-01
    9.12402868e-01 3.56967747e-01 3.21817398e-01 7.91114092e-01
    8.62728655e-02 3.35437953e-01 9.79228318e-02 1.85104728e-01
    5.19949079e-01 5.53004384e-01 5.58575451e-01 3.10959220e-02
    2.04140395e-01 3.02360684e-01 5.02907217e-01 6.96815789e-01
    5.41722476e-01 9.80591893e-01 8.97674441e-01 3.54566574e-01
    7.52784848e-01 7.28073657e-01 2.04347730e-01 7.86914229e-01
    1.40386283e-01 1.63860530e-01 2.36047626e-01 8.99198651e-01
    6.86920524e-01 1.24005288e-01 3.20872515e-01 7.50373900e-02
    8.89740646e-01 1.58810139e-01 7.80256629e-01 7.28383482e-01
    1.61138356e-01 5.01596034e-02 7.07177043e-01 7.86696970e-02
    7.48905540e-03 4.79971439e-01 6.02613091e-01 2.34242797e-01
    9.68755960e-01 1.71472847e-01 9.91755605e-01 2.90154636e-01
    8.55082870e-01 7.66465366e-01 3.90813887e-01 8.69874120e-01
    1.84941947e-01 4.54372823e-01 3.25652957e-03 3.56420040e-01
    3.48246783e-01 1.65897399e-01 9.63921189e-01 6.10772669e-01
    2.25325823e-01 8.08803201e-01 5.87132573e-01 5.32742500e-01
    7.44985580e-01 7.34472752e-01 1.25181943e-01 6.40117526e-01
    4.65051174e-01 4.65737283e-01 5.95865607e-01 2.59673029e-01
    3.99697363e-01 6.05618298e-01 8.79311323e-01 3.29483271e-01
    2.66212225e-02 6.56827807e-01 8.55715632e-01 9.10338461e-01
    5.41109085e-01 9.63810563e-01 5.97494543e-01 5.07165074e-01
    4.62741107e-01 7.92009711e-01 5.81733108e-01 4.19220626e-01
    4.48980033e-01 9.83419776e-01 6.58272862e-01 8.30684602e-02
    2.63795167e-01 9.97898281e-02 5.42490900e-01 3.63377035e-02
    8.54501247e-01 5.38481891e-01 7.66653895e-01 1.72134817e-01
    2.37822533e-05 1.89760208e-01 7.97268391e-01 6.11930192e-02
    2.97633111e-01 2.08996952e-01 8.65707815e-01 4.29510057e-01
    8.79442096e-01 1.89352989e-01 6.50200963e-01 5.06028771e-01
    8.05376053e-01 5.79123259e-01 6.15429997e-01 9.59418237e-01
    6.55601203e-01 2.38436371e-01 2.43261546e-01 8.39494109e-01
    8.03730309e-01 3.45674306e-01 7.61349678e-01 3.78435850e-02
    9.25997972e-01 1.76681519e-01 6.78015769e-01 3.14677477e-01
    1.81117654e-01 7.26763606e-01 1.77047431e-01 2.57821232e-01
    9.17948723e-01 3.49230766e-02 2.12388635e-02 5.76834917e-01
    2.32475996e-01 2.24704027e-01 9.70042229e-01 2.35130370e-01
    1.62652731e-02 1.91982687e-02 5.27509034e-01 8.61883163e-03
    5.33693135e-02 2.67733067e-01 5.88957369e-01 6.77694559e-01
    7.98604071e-01 6.86072052e-01 3.69763672e-01 9.35140848e-01
    2.43990213e-01 5.77995837e-01 1.09637707e-01 1.70636863e-01
    7.68877268e-01 7.30275512e-01 9.99682665e-01 8.71477723e-01
    4.18968797e-02 6.40759945e-01 1.13836229e-02 8.36357117e-01
    4.04053748e-01 7.50540912e-01 5.89584291e-01 5.92359900e-02
    6.91024601e-01 2.06650704e-01 7.69564033e-01 7.32187986e-01
    5.59773326e-01 3.83091778e-01 9.93399084e-01 9.50027347e-01
    9.04910803e-01 6.90056145e-01 8.53716671e-01 4.05815333e-01
    9.73744273e-01 5.81168175e-01 1.85251772e-01 6.48982942e-01
    9.06547725e-01 6.16244137e-01 6.16656005e-01 9.81964052e-01
    2.34343112e-01 7.52281368e-01 7.02004552e-01 3.55631918e-01
    3.72665405e-01 7.35656679e-01 7.27596521e-01 8.38106871e-01
    5.43027282e-01 1.00800872e-01 2.97030270e-01 2.76276827e-01
    5.84326446e-01 5.10876179e-02 8.32749605e-02 1.37673289e-01
    3.38468552e-01 9.87000465e-01 7.82843828e-01 4.95278656e-01
    5.85221887e-01 4.29211766e-01 1.05003387e-01 4.93302017e-01
    6.98603034e-01 2.43202835e-01 3.36271882e-01 1.89022034e-01
    7.51814604e-01 2.29524076e-02 6.64517879e-01 7.11740315e-01
    5.47552705e-01 7.13085175e-01 7.19686329e-01 5.19877970e-01
    1.51225626e-02 3.37381959e-01 8.95255208e-02 5.81325412e-01
    7.21689939e-01 8.77979517e-01 3.77963811e-01 4.98259276e-01
    3.53839040e-01 8.87268543e-01 1.00038677e-01 4.12624925e-01
    4.52964783e-01 8.08998764e-01 2.59001911e-01 8.49005878e-01
    7.76918828e-01 4.65685695e-01 1.72231704e-01 7.05517530e-01
    1.48480237e-02 7.15814948e-01 2.87898958e-01 5.26651263e-01
    3.46168816e-01 6.56414747e-01 8.96438241e-01 8.06727827e-01
    6.16339445e-02 5.09633541e-01 8.57493281e-01 9.72715497e-01
    1.77090943e-01 1.89388216e-01 8.79694879e-01 4.91642356e-02
    2.51628220e-01 5.10812163e-01 2.42232710e-01 1.65353477e-01
    7.06727982e-01 4.00593579e-02 4.01943833e-01 4.98691708e-01
    2.04696476e-01 8.15943122e-01 8.53179336e-01 9.43825364e-01
    5.23423970e-01 8.67584407e-01 7.84747601e-01 9.15052176e-01
    8.19168389e-01 6.02163553e-01 9.76434827e-01 3.27300131e-01
    1.83220565e-01 3.99634659e-01 7.16610253e-01 2.43452787e-01
    4.11946416e-01 9.49952960e-01 7.55363107e-01 4.08361137e-01
    3.06467474e-01 4.73136216e-01 2.10991442e-01 3.01757753e-01
    1.34060711e-01 5.53124905e-01 2.37294257e-01 6.62665009e-01
    5.68785191e-01 2.46686369e-01 8.40683579e-01 2.26407051e-01
    7.67534733e-01 3.97980213e-03 3.72638762e-01 9.89114463e-01
    5.60748577e-01 5.49682200e-01 5.40651560e-01 5.73728800e-01
    7.56138802e-01 7.34614134e-01 6.92564666e-01 6.94010913e-01
    9.62757349e-01 3.80978048e-01 2.07874477e-01 1.11039460e-01
    8.29897106e-01 6.97841048e-02 9.59248781e-01 3.21427584e-02
    4.30114925e-01 9.77628112e-01 4.81758028e-01 4.34990466e-01
    8.84854436e-01 7.79251873e-01 7.23375082e-02 5.13524592e-01
    8.28234434e-01 3.66800100e-01 3.63388777e-01 2.57042646e-01
    2.12350667e-01 4.75188673e-01 9.39153552e-01 6.64981127e-01
    2.93496072e-01 5.86241782e-02 3.79538506e-01 1.79317385e-01
    6.47409081e-01 3.74182701e-01 4.16681468e-01 6.09934807e-01
    6.24452651e-01 8.59274685e-01 7.08591044e-01 9.93905962e-02
    9.99610603e-01 6.89974964e-01 7.06249118e-01 3.18107158e-01
    6.12232089e-01 8.74222398e-01 2.28247344e-01 8.43647122e-01
    8.20609152e-01 3.55640054e-03 5.33281624e-01 3.12426627e-01
    4.30933505e-01 7.64513254e-01 2.45303005e-01 9.12582874e-01
    1.50121003e-01 7.55778849e-02 1.27792150e-01 4.50964779e-01
    5.14884531e-01 9.47987080e-01 3.77804995e-01 4.28370357e-01
    6.18645608e-01 3.67689788e-01 1.57473296e-01 6.85002387e-01
    9.53441083e-01 4.71765101e-01 1.48382097e-01 1.42625451e-01
    5.32408357e-01 1.15360945e-01 4.87723798e-01 6.47768855e-01
    9.16001022e-01 1.85991645e-01 4.93453294e-01 9.26665545e-01
    7.96118617e-01 3.20564598e-01 2.96046287e-01 3.55707824e-01
    3.34207892e-01 2.05072433e-01 8.80342007e-01 1.31130010e-01
    6.24938905e-01 6.26157224e-01 3.05273712e-01 4.38759327e-01
    9.31146026e-01 7.23194897e-01 2.46122479e-02 9.97089028e-01
    8.13837886e-01 7.57257938e-01 3.33410919e-01 7.45325267e-01
    5.49695611e-01 7.63866901e-01 9.08256531e-01 5.82962215e-01
    1.47685081e-01 2.98582017e-02 6.49292767e-01 3.81179273e-01
    1.51379019e-01 2.97367334e-01 4.97785062e-01 6.32732511e-01
    8.76562357e-01 5.12576878e-01 2.35569090e-01 1.88802242e-01
    4.88381773e-01 6.06248498e-01 4.41046804e-01 8.95910621e-01
    6.77590251e-01 4.80068415e-01 1.05701655e-01 7.18654037e-01
    3.30707192e-01 8.85705054e-01 7.31787741e-01 9.72763181e-01
    9.58803892e-01 9.09447789e-01 2.27827787e-01 8.95600557e-01
    1.22959167e-01 6.58393681e-01 6.87018275e-01 3.24694932e-01
    5.25477350e-01 1.99057370e-01 1.57398075e-01 2.25706071e-01
    3.27765405e-01 4.70235765e-01 8.27210307e-01 4.01982963e-02
    5.95773220e-01 4.50327992e-01 2.87361503e-01 2.84116864e-01
    7.43741870e-01 5.14578164e-01 7.82630861e-01 8.64768624e-01
    5.94116390e-01 1.54063612e-01 1.47007465e-01 5.94423175e-01
    2.44192630e-01 5.07737458e-01 4.11711544e-01 6.11049235e-01
    9.67218757e-01 8.10133755e-01 2.57772207e-01 5.44335842e-01
    4.60138887e-01 7.98258066e-01 6.43712580e-02 7.87770569e-01
    9.79800582e-01 3.25749218e-01 7.46191502e-01 6.54131949e-01
    1.12337589e-01 8.83484960e-01 7.07982481e-01 4.38221067e-01
    9.62287068e-01 3.48054439e-01 1.85765296e-01 7.53695130e-01
    1.99406922e-01 3.36897612e-01 2.02981532e-02 1.20000839e-02
    4.23493534e-01 8.95815194e-01 2.71961331e-01 4.95513022e-01
    9.84999537e-02 1.99376285e-01 2.80509233e-01 1.18903428e-01
    7.55730629e-01 2.68123418e-01 5.61759651e-01 7.02356339e-01
    1.43049389e-01 9.73594189e-02 2.80748904e-02 3.55426669e-01
    8.47845197e-01 7.77731895e-01 4.09968466e-01 4.57659483e-01
    7.98580647e-01 8.01890671e-01 4.68586504e-01 6.03322148e-01
    6.42874837e-03 1.01730525e-01 5.81826031e-01 7.31029689e-01
    3.67585123e-01 8.65141988e-01 5.24261653e-01 6.01195455e-01
    3.92758340e-01 2.94133902e-01 9.91428852e-01 2.21041232e-01
    8.60023141e-01 2.18407542e-01 2.70873547e-01 7.89373219e-02
    2.70130575e-01 3.01518083e-01 2.69679904e-01 1.95180416e-01
    5.06891787e-01 8.03840280e-01 3.73121172e-01 4.52050894e-01
    3.66211951e-01 5.43278277e-01 7.63286352e-01 7.75812566e-02
    6.08177662e-01 1.14534050e-01 8.70613754e-01 2.69363999e-01
    3.79488200e-01 8.59325886e-01 3.41400504e-01 1.33490473e-01
    1.16913736e-01 2.18268782e-01 3.97783697e-01 4.73228216e-01
    3.57344270e-01 3.47620666e-01 8.98266435e-01 6.51795149e-01
    9.09112334e-01 1.63765043e-01 1.37309760e-01 4.55529302e-01
    9.28722501e-01 1.82098418e-01 8.10674548e-01 8.90479565e-01
    2.76182532e-01 8.41756403e-01 7.42710710e-01 5.15691996e-01
    3.51674497e-01 9.77077484e-01 6.09059930e-01 3.70614350e-01
    9.52418804e-01 7.35717475e-01 8.77809465e-01 9.75265920e-01
    2.37566382e-01 3.90696406e-01 9.04312074e-01 4.69917864e-01
    1.18321270e-01 2.79538780e-01 7.52230406e-01 6.51244819e-01
    4.16863054e-01 2.96648830e-01 6.38439178e-01 2.36909777e-01
    1.14651769e-01 1.05770141e-01 2.87036300e-01 8.03314805e-01
    5.70023596e-01 4.78450388e-01 3.02997947e-01 9.79716778e-02
    4.58925366e-01 5.86548746e-01 2.98496157e-01 1.27866238e-01
    9.85863507e-01 8.47000241e-01 7.63032675e-01 3.84340763e-01
    3.25938702e-01 8.82995725e-01 2.65382290e-01 3.92986238e-02
    7.92447984e-01 1.13257796e-01 5.98910451e-02 1.97724670e-01
    1.71358347e-01 1.71642035e-01 8.63505125e-01 6.69908404e-01
    6.13751411e-02 8.23288023e-01 3.59642923e-01 1.80259138e-01
    9.37995315e-01 3.14960241e-01 4.33909476e-01 8.27666402e-01
    2.17253000e-01 9.48937476e-01 7.85642862e-01 1.41664624e-01
    9.69628215e-01 3.83362532e-01 1.37736857e-01 5.79033852e-01
    4.13152575e-01 9.00315404e-01 1.39393568e-01 5.03296673e-01
    7.80637622e-01 9.71371710e-01 2.42276877e-01 4.50639457e-01
    7.43087292e-01 5.50283194e-02 8.13916683e-01 7.54199386e-01
    3.70195746e-01 9.50838268e-01 8.74628305e-01 7.41076469e-01
    4.76350784e-01 6.12217069e-01 2.28953660e-02 5.99474490e-01
    2.01395243e-01 9.17611003e-01 8.40491533e-01 6.03945911e-01
    2.50882208e-01 5.98406553e-01 6.64347112e-01 8.24313641e-01
    6.31082833e-01 8.94772172e-01 5.76734900e-01 9.61816609e-01
    6.54522419e-01 4.40796226e-01 6.47383571e-01 8.96415710e-01
    1.40056074e-01 2.34369844e-01 5.00167906e-01 9.85862374e-01
    5.65434456e-01 1.07134581e-01 4.69087362e-01 3.42156351e-01
    3.58428955e-01 5.61654866e-01 8.31503868e-01 2.25444913e-01
    9.49552059e-01 7.53537476e-01 1.48731023e-01 1.07316464e-01
    3.28061402e-01 5.68684816e-01 5.29489875e-01 8.33912373e-01
    1.70125276e-01 3.39027703e-01 6.48575544e-01 4.31457341e-01
    3.47088873e-01 6.23308361e-01 3.56793195e-01 1.91789865e-02
    2.10424542e-01 1.63259566e-01 6.76815271e-01 1.68907315e-01
    6.56424284e-01 1.64317369e-01 7.48319745e-01 4.76503581e-01
    3.25624585e-01 3.66073221e-01 3.63719761e-01 7.23525822e-01
    3.89788747e-01 5.12684226e-01 6.67794108e-01 7.06765413e-01
    2.11999118e-02 7.19978869e-01 5.51032066e-01 9.01900768e-01
    6.75082207e-03 1.44340903e-01 7.39873052e-01 5.58671296e-01
    4.84893739e-01 3.08000743e-01 3.93746197e-01 3.25327694e-01
    3.28211159e-01 1.61452323e-01 7.68515229e-01 4.99598652e-01
    7.24991560e-01 7.37834871e-02 6.29263878e-01 1.89250261e-01
    7.19669580e-01 8.93159628e-01 8.33414137e-01 2.78062433e-01
    6.69007540e-01 6.97358549e-02 6.08605742e-01 4.23996747e-02
    5.12450278e-01 5.13051212e-01 6.54579103e-01 4.48328525e-01
    8.49840045e-03 5.38670659e-01 7.19525456e-01 2.17691183e-01
    2.03496337e-01 1.87940598e-02 6.66840613e-01 8.68564487e-01
    8.07087302e-01 8.81906331e-01 6.80620730e-01 1.73905522e-01
    8.53107750e-01 4.03911471e-01 1.29409850e-01 8.92607510e-01
    2.71600604e-01 4.99283433e-01 1.77937627e-01 7.93007016e-02
    8.26152027e-01 8.85162532e-01 5.69173694e-02 5.69095075e-01
    1.37862653e-01 4.82172608e-01 7.16534317e-01 4.50137436e-01
    4.17044669e-01 4.34167922e-01 8.68829787e-02 4.74402547e-01
    3.09004098e-01 6.21463895e-01 9.06641185e-02 3.66609335e-01
    7.63165176e-01 9.80275869e-01 3.38492095e-01 6.68613911e-01
    9.47142482e-01 1.13251090e-01 7.78969169e-01 9.96982813e-01
    9.77519035e-01 4.65472221e-01 5.41291595e-01 3.93323272e-01
    1.27429605e-01 1.56123161e-01 8.59077454e-01 2.24626958e-02
    1.12352014e-01 8.87182713e-01 1.38888061e-02 3.38007927e-01
    4.97585028e-01 8.02727878e-01 5.19917488e-01 6.49414778e-01
    4.00268137e-01 1.40229762e-01 5.76278508e-01 1.35865480e-01
    7.45271444e-01 8.62364173e-01 6.89696431e-01 9.69393909e-01
    8.83172154e-01 6.52644753e-01 9.48827982e-01 8.08429599e-01
    3.00129294e-01 4.72163647e-01 5.20472646e-01 3.69911194e-02
    9.60996747e-01 5.71083307e-01 7.35478222e-01 1.05544537e-01
    7.03597665e-01 7.80770481e-02 3.10769647e-01 5.93182445e-02
    3.29489559e-01 9.29156780e-01 3.23642015e-01 6.14861548e-02
    7.42605448e-01 2.78036416e-01 1.06369078e-01 2.89992630e-01
    2.49808282e-01 7.28184879e-02 7.15945601e-01 5.80060065e-01
    2.30148494e-01 4.09323752e-01 7.37156868e-01 1.85444355e-01
    2.35184819e-01 3.20764840e-01 8.22577477e-01 6.39830768e-01
    1.27150625e-01 7.54002392e-01 5.19892037e-01 9.36077714e-01
    3.92505258e-01 5.60065985e-01 4.58965242e-01 1.66228771e-01
    5.11300683e-01 3.80311579e-01 4.49040860e-01 3.84294569e-01
    8.56397152e-01 6.10495269e-01 4.33099031e-01 7.59966254e-01
    4.57625508e-01 7.30603695e-01 9.79181767e-01 9.67329860e-01
    8.83136272e-01 3.44848603e-01 9.01702046e-03 4.26511526e-01
    1.19440079e-01 9.04460788e-01 5.88925838e-01 7.65019536e-01
    1.26745105e-02 7.66239882e-01 5.83504558e-01 6.05498374e-01
    3.33941460e-01 4.39116865e-01 6.42629981e-01 8.40956688e-01
    6.17500901e-01 7.25050569e-01 4.04796898e-02 5.01653612e-01
    2.45251656e-02 7.58188128e-01 2.03906745e-01 8.19258451e-01
    5.24175167e-01 5.52437127e-01 9.54796612e-01 1.02809638e-01
    3.55097294e-01 2.60929644e-01 4.50668931e-01 1.10982627e-01
    7.93642759e-01 8.46273422e-01 3.54061723e-02 6.05265200e-02
    9.90856647e-01 5.93156695e-01 2.50987649e-01 2.44204700e-02
    9.61051285e-01 7.50704646e-01 8.18035245e-01 1.21338069e-02
    5.77683330e-01 9.36898589e-01 5.89278638e-01 2.80089259e-01
    8.43864083e-02 6.01625919e-01 1.11375123e-01 6.59657240e-01
    1.61884129e-02 8.71720254e-01 6.80969954e-01 1.23787016e-01
    7.68080592e-01 9.85554993e-01 1.95629507e-01 6.29959643e-01
    2.03161001e-01 3.62755448e-01 9.91429925e-01 9.56453681e-01
    4.06820208e-01 6.27859235e-01 5.74032426e-01 5.94645083e-01
    2.79595554e-01 8.45880568e-01 4.53466088e-01 6.19853735e-01
    9.97560322e-02 5.27369678e-01 8.79491329e-01 9.24411058e-01
    1.82181746e-01 3.82195413e-01 8.37593794e-01 1.60986990e-01
    4.23148900e-01 1.46113664e-01 9.55655336e-01 3.45878959e-01
    3.34206045e-01 6.40918434e-01 9.47655320e-01 9.39107716e-01
    5.94457924e-01 9.40038562e-01 8.57118368e-01 8.91612649e-01
    9.26897526e-01 4.64401215e-01 6.14348054e-01 5.65086901e-01
    4.46169883e-01 2.65249729e-01 8.79019439e-01 5.37132621e-01
    7.31202662e-01 8.11955750e-01 3.01564038e-02 7.27314651e-01
    4.77214754e-02 4.30644542e-01 2.69694299e-01 2.99360454e-01
    7.62176991e-01 4.76649642e-01 1.85880154e-01 6.48436725e-01
    5.81366360e-01 6.67952299e-02 8.33590627e-02 4.03049141e-01
    4.90566254e-01 3.20030808e-01 8.82799029e-02 2.36380130e-01
    4.24656928e-01 8.07900071e-01 5.50497770e-01 4.24624264e-01
    4.24983859e-01 5.58592737e-01 3.48998904e-01 3.70869130e-01
    7.83497393e-01 9.50832009e-01 9.51957703e-02 5.69427133e-01
    5.50629973e-01 3.48901629e-01 6.64851189e-01 9.10350382e-02
    7.98809648e-01 4.68764365e-01 7.86664128e-01 4.16742682e-01
    7.83414483e-01 5.43186545e-01 9.20111656e-01 8.85183573e-01
    5.80196142e-01 5.84215164e-01 8.86302710e-01 8.59353662e-01
    3.72202396e-01 2.83656895e-01 9.06407833e-01 4.98522609e-01
    3.29443306e-01 7.88312316e-01 9.90928113e-01 9.63942289e-01
    6.37014627e-01 3.64895463e-01 1.17354602e-01 9.43929553e-02
    7.98847556e-01 7.40806460e-01 4.80490923e-01 4.94499505e-01
    9.33018148e-01 3.46051812e-01 9.27754939e-02 1.31385088e-01
    5.76855302e-01 7.17357159e-01 7.00231493e-01 4.85061795e-01
    8.07735085e-01 3.89273196e-01 9.66806889e-01 4.34781492e-01
    3.43051732e-01 6.98888838e-01 4.53495890e-01 7.63653278e-01
    7.35221088e-01 9.41761732e-02 4.96683568e-01 6.95919871e-01
    1.83791995e-01 9.07960057e-01 3.76793265e-01 2.09749073e-01
    8.30260992e-01 7.63540149e-01 9.92933512e-01 6.07671261e-01
    6.80813730e-01 5.34395635e-01 8.84349942e-01 7.79812694e-01
    5.12426257e-01 1.41171783e-01 9.88678515e-01 6.84675753e-01
    5.23538291e-01 5.52890480e-01 6.02280855e-01 5.46175241e-03
    5.06846964e-01 7.23092437e-01 1.59918606e-01 5.49977422e-02
    3.48191470e-01 2.46940523e-01 5.35476983e-01 2.39030957e-01
    5.02171814e-02 5.99565208e-02 3.72242928e-01 3.35422277e-01
    8.91733289e-01 3.43715250e-02 6.62131786e-01 4.83016133e-01
    9.05781329e-01 6.59132123e-01 7.52850711e-01 5.38726628e-01
    9.12117124e-01 5.30993462e-01 4.30182159e-01 6.40646338e-01
    9.65649009e-01 6.71515524e-01 1.23820245e-01 8.59246731e-01
    2.17521220e-01 1.41343653e-01 5.51828444e-01 8.30332160e-01
    4.91324157e-01 1.87608033e-01 4.23133194e-01 9.58302736e-01
    2.67106593e-02 8.56418729e-01 9.50625062e-01 9.94270325e-01
    1.33837372e-01 3.87624592e-01 8.37172627e-01 1.03700519e-01
    4.32055533e-01 3.29248369e-01 6.88218236e-01 6.06999099e-01
    2.63306499e-02 5.48901677e-01 7.88135052e-01 6.13923907e-01
    2.88810581e-01 8.76910508e-01 6.18702650e-01 7.90214479e-01
    4.22491580e-01 5.01162410e-01 4.91437495e-01 8.09713006e-01
    9.20656502e-01 7.75851011e-01 8.13996673e-01 6.80496097e-01
    5.48432767e-01 2.37001777e-01 2.35251218e-01 8.37964058e-01
    3.55193347e-01 4.44802105e-01 7.22124338e-01 3.22202384e-01
    9.40496683e-01 7.76393592e-01 7.21345305e-01 7.18054056e-01
    1.11491084e-01 3.99176359e-01 3.28611255e-01 7.65256882e-01
    8.73964369e-01 4.32838321e-01 5.08145750e-01 9.34264243e-01
    7.26806223e-01 1.87199771e-01 8.62297416e-01 3.43766600e-01
    3.08042496e-01 6.41602516e-01 4.99444872e-01 6.88925326e-01
    7.47697353e-01 5.85684478e-01 3.33009660e-02 9.80471969e-01
    3.84215117e-02 7.04924822e-01 2.78015167e-01 9.52076554e-01
    3.81395787e-01 8.70033264e-01 5.23331046e-01 5.69240749e-01
    7.37357199e-01 9.04871225e-01 4.08575088e-01 8.95695567e-01
    8.28467250e-01 7.59261012e-01 7.56437778e-01 4.75743443e-01
    2.92916894e-01 6.58069849e-01 4.95588183e-01 2.47200817e-01
    6.65133715e-01 4.29977536e-01 1.97785348e-01 8.65973949e-01
    2.47357011e-01 6.01907551e-01 8.05860162e-01 5.43279588e-01
    6.98163509e-01 3.88073921e-01 2.56606877e-01 1.18179649e-01
    6.11206055e-01 2.83991456e-01 8.22382092e-01 3.17149758e-01
    9.96709704e-01 5.45481026e-01 1.38987005e-02 4.71136153e-01
    8.63974690e-02 6.72510266e-03 8.73380423e-01 8.83144140e-01
    3.66233677e-01 4.87207800e-01 1.32590055e-01 6.01236820e-01
    7.62617111e-01 5.48395514e-02 6.08697295e-01 2.85277784e-01
    9.00870681e-01 1.87112868e-01 4.77291912e-01 8.77240241e-01
    5.81764042e-01 9.43607211e-01 1.74126536e-01 9.55467463e-01
    8.36016655e-01 3.90318573e-01 9.75988984e-01 7.04280615e-01
    8.59400988e-01 2.75888979e-01 8.71968091e-01 9.59447861e-01
    8.42239797e-01 4.53281134e-01 5.39039910e-01 4.29669142e-01
    9.96362209e-01 6.97688103e-01 2.64672220e-01 9.26322043e-01
    8.97387266e-01 6.46044612e-01 8.98289859e-01 8.84536624e-01
    1.51591301e-01 7.52367616e-01 9.68713760e-01 2.82749951e-01
    5.64964354e-01 7.49982119e-01 3.86495262e-01 2.14778811e-01
    6.52296007e-01 2.95480192e-01 4.43571508e-01 5.51522493e-01
    2.60636061e-01 3.12665701e-02 5.11717498e-02 6.45693243e-01
    3.26629043e-01 1.69473290e-02 8.94960463e-02 5.56725681e-01
    7.13935435e-01 7.53526092e-01 6.30372345e-01 6.16526186e-01
    5.02072036e-01 9.22071636e-01 1.14632934e-01 3.15702349e-01
    8.96689594e-01 6.22468531e-01 1.05494440e-01 5.74092269e-02
    7.16107547e-01 7.02154636e-01 6.70782626e-02 4.97761667e-01
    1.34955347e-01 3.50961834e-01 8.46547484e-01 7.35046566e-01
    9.63708162e-02 2.49467224e-01 4.52169359e-01 1.20246142e-01
    8.40396285e-01 6.19579554e-01 5.82973003e-01 4.69746590e-02
    1.50987804e-02 8.12540650e-01 7.19209790e-01 4.35643494e-02
    9.41207051e-01 4.61512417e-01 7.51024485e-01 8.54730606e-01
    5.66536427e-01 3.08247626e-01 5.65490365e-01 4.90182906e-01
    9.17368054e-01 5.19966066e-01 6.52818263e-01 6.81512117e-01
    3.72555554e-01 8.06564093e-01 6.22364819e-01 5.77797711e-01
    4.36978728e-01 7.32521892e-01 8.06808233e-01 2.22605228e-01
    6.79884553e-01 7.29694188e-01 1.08323514e-01 9.07460809e-01
    3.66417080e-01 8.45510900e-01 7.09293664e-01 5.51224589e-01
    2.01337934e-01 8.26926589e-01 3.00935656e-01 9.12392974e-01
    9.43641782e-01 4.30544615e-02 7.19331622e-01 8.29229474e-01
    7.76844978e-01 2.40663767e-01 2.05669612e-01 9.98028517e-01
    3.75495493e-01 7.08301425e-01 4.24879104e-01 8.49648058e-01
    5.74448287e-01 8.37430298e-01 1.06430173e-01 9.92266059e-01
    9.25987959e-01 2.30018437e-01 5.31973183e-01 4.67867911e-01
    9.11942840e-01 9.79499102e-01 9.12167490e-01 3.05077910e-01
    6.98523700e-01 3.45719099e-01 9.78059053e-01 9.22276676e-01
    6.70400083e-01 7.94765234e-01 4.18749154e-02 2.62039214e-01
    1.93581432e-01 1.55140519e-01 4.52844173e-01 4.99044240e-01
    9.56557989e-01 7.79119432e-01 8.61016214e-02 7.73041964e-01
    1.49078608e-01 9.41738605e-01 3.09239864e-01 5.14644086e-02
    2.61956275e-01 4.48590577e-01 9.48450446e-01 9.78538990e-01
    8.88164580e-01 6.52456343e-01 7.91849911e-01 4.81879234e-01
    4.27761823e-01 8.64568353e-03 7.93886781e-02 5.19257426e-01
    4.57113177e-01 6.94557905e-01 7.31329620e-01 9.13143456e-02
    2.62613177e-01 5.23262560e-01 1.79948837e-01 2.16620237e-01
    3.83788168e-01 1.59583479e-01 5.42422831e-02 5.35636067e-01
    8.52596402e-01 1.58006787e-01 1.61777556e-01 1.44487739e-01
    5.61543465e-01 9.59611237e-02 3.80462915e-01 2.91328907e-01
    6.62186623e-01 8.90818834e-01 8.98677588e-01 4.30145502e-01
    5.69395661e-01 9.28702593e-01 8.96621466e-01 5.99441111e-01
    3.90549272e-01 3.45197141e-01 7.37168670e-01 3.30739766e-01
    7.66866744e-01 7.40051866e-01 7.52663612e-03 5.08801401e-01
    9.63144779e-01 2.86692083e-02 6.42155588e-01 3.02292705e-02
    2.61063278e-01 9.91424322e-01 1.09402835e-02 1.58221185e-01
    4.96815562e-01 3.82050961e-01 4.96691048e-01 3.82611006e-01
    9.92832363e-01 9.34190273e-01 6.14220738e-01 6.49913490e-01
    1.10951304e-01 1.43656850e-01 1.11007631e-01 7.30272472e-01
    4.27714854e-01 8.34643424e-01 1.60325319e-01 6.65374517e-01
    8.46818149e-01 6.23397529e-01 5.89525878e-01 3.45645070e-01
    6.18203521e-01 1.66832626e-01 5.74252427e-01 6.96787536e-01
    6.71277642e-02 6.13674045e-01 4.82357442e-02 3.51261914e-01
    5.77788353e-02 2.93597758e-01 6.12004638e-01 8.33815575e-01
    5.06408811e-01 5.33669114e-01 1.73101395e-01 3.62856120e-01
    5.00179172e-01 3.34426761e-01 8.23149681e-01 2.96025008e-01
    2.41411924e-02 3.37516189e-01 1.60900235e-01 4.59006250e-01
    1.93936706e-01 2.86392063e-01 1.66009933e-01 4.11730707e-01
    9.45900202e-01 5.85605860e-01 2.99437106e-01 3.98364663e-03
    8.89236748e-01 3.22048843e-01 1.20073825e-01 2.21369743e-01
    7.49723911e-01 1.29103422e-01 4.41562891e-01 7.75724053e-01
    7.11910248e-01 9.72829580e-01 7.41845727e-01 3.73251140e-01
    4.17697072e-01 6.28539026e-02 5.34122407e-01 3.24504346e-01
    1.44189149e-01 7.10549653e-02 3.02099735e-01 7.83269286e-01
    2.47232020e-02 8.80472541e-01 6.60685241e-01 6.01862252e-01
    2.75652409e-02 6.07540131e-01 8.67014766e-01 9.92850900e-01
    3.46500337e-01 1.06957227e-01 8.71599913e-01 2.78522432e-01
    8.10010672e-01 2.53390133e-01 9.63554025e-01 3.20547044e-01
    8.72527242e-01 5.14399529e-01 8.93326938e-01 1.17077738e-01
    1.49979144e-01 6.35733604e-02 9.57969546e-01 5.93889892e-01
    1.62538290e-01 5.39378166e-01 2.72291869e-01 6.66501045e-01
    8.56021643e-02 6.46708250e-01 2.49612540e-01 3.73535573e-01
    8.75329912e-01 5.30004621e-01 9.91513848e-01 1.07820481e-01
    3.18878829e-01 4.67923284e-01 8.50778520e-01 8.36500823e-02
    2.13666171e-01 1.04738891e-01 2.33750641e-01 6.17408991e-01
    3.94614995e-01 8.68770421e-01 1.09779716e-01 3.83271575e-02
    1.11914217e-01 1.23626918e-01 3.00064504e-01 6.94454551e-01
    8.41688335e-01 3.84780586e-01 6.61622405e-01 2.40340084e-01
    2.62520134e-01 4.59251165e-01 2.75322616e-01 4.11108047e-01
    9.90378201e-01 5.91090620e-01 5.53203464e-01 8.44803989e-01
    7.81385303e-01 2.57229328e-01 3.58037651e-01 5.58352649e-01
    4.16468829e-01 2.14880586e-01 4.06276047e-01 2.16839880e-01
    3.90955389e-01 2.99513042e-02 8.88246298e-03 6.20907247e-02
    7.71414816e-01 8.21060419e-01 7.31071472e-01 9.87623692e-01
    2.72497773e-01 2.65654922e-02 5.44498682e-01 6.60415053e-01
    5.45633316e-01 4.73229647e-01 5.63031316e-01 4.91971046e-01
    3.66128504e-01 8.76474798e-01 8.52790475e-01 5.98777592e-01
    4.05128896e-02 3.24785650e-01 7.21022189e-01 4.32154536e-02
    2.54852295e-01 2.16736615e-01 9.36070383e-01 3.69906425e-01
    4.65343297e-01 7.77059495e-02 9.15837884e-01 9.70017910e-01
    9.71594751e-02 8.13846707e-01 7.74381518e-01 7.92280138e-02
    9.95368004e-01 1.83889031e-01 3.30843389e-01 6.01395130e-01
    3.17104816e-01 7.52488256e-01 8.56371820e-01 9.74351645e-01
    4.76079255e-01 6.01459503e-01 4.17064071e-01 1.45373374e-01
    8.79775226e-01 1.42705828e-01 6.52424991e-01 4.67363507e-01
    4.29458559e-01 3.82108897e-01 7.70290196e-01 4.41349328e-01
    4.58677709e-02 2.74162173e-01 9.34247077e-01 1.91681534e-01
    4.28978384e-01 5.60581923e-01 2.47445673e-01 5.86532354e-01
    2.83308029e-02 7.70294309e-01 3.03490609e-01 2.32370704e-01
    5.95747411e-01 9.99103665e-01 3.78572702e-01 1.46714091e-01
    6.15965366e-01 4.53885198e-02 8.48972917e-01 4.03301269e-01
    7.54751682e-01 4.87603962e-01 5.19913793e-01 2.37927288e-01
    8.02859664e-01 2.41953433e-02 2.61971056e-01 6.17534995e-01
    6.75179064e-01 8.18147242e-01 6.41532958e-01 8.31134081e-01
    9.79329467e-01 4.18610334e-01 3.95307928e-01 9.94878709e-01
    7.79430926e-01 8.03319335e-01 4.91848290e-02 2.41224498e-01
    2.41253376e-02 7.53229260e-01 7.64917612e-01 1.92804992e-01
    1.25850290e-01 4.17822361e-01 5.31514108e-01 3.83219987e-01
    7.16359615e-01 7.76107311e-01 5.93793094e-01 4.52427089e-01
    7.35292912e-01 8.81142557e-01 6.81168497e-01 6.05577469e-01
    2.12417513e-01 2.31596798e-01 9.08047318e-01 3.41447830e-01
    5.04531026e-01 8.47306252e-02 7.07667828e-01 2.23260283e-01
    9.13738489e-01 1.17788881e-01 6.46116138e-01 8.58946741e-02
    3.53967965e-01 9.03515816e-01 5.28144717e-01 2.05720425e-01
    6.62197530e-01 3.90053272e-01 6.28216505e-01 6.38035655e-01
    1.24073058e-01 9.82679129e-01 1.54996157e-01 6.40616775e-01
    5.81901789e-01 3.25573742e-01 5.65407097e-01 5.29915094e-04
    7.43296266e-01 1.75134778e-01 6.35831714e-01 3.30992281e-01
    5.57524979e-01 4.51845914e-01 2.75818706e-01 9.55901146e-02
    8.57331634e-01 6.73533797e-01 6.81342840e-01 3.11664015e-01
    9.25882101e-01 3.89257371e-02 4.76843268e-01 4.05304462e-01
    1.74139112e-01 4.94413704e-01 6.63504481e-01 9.65330601e-01
    6.84456468e-01 5.29940665e-01 5.78530252e-01 8.98915768e-01
    6.32578135e-03 4.69764739e-01 9.38390911e-01 2.20400870e-01
    7.85100698e-01 6.45044863e-01 4.44168746e-02 1.80754513e-01
    9.91996467e-01 1.74319267e-01 3.28218073e-01 1.01254284e-01
    1.34511232e-01 4.85150188e-01 6.99573517e-01 3.76631260e-01
    8.04727674e-01 8.87694597e-01 6.08560145e-02 3.31659615e-02
    4.32973146e-01 2.61102855e-01 6.62181973e-02 5.26084185e-01
    2.09580511e-01 7.47518897e-01 3.96574885e-01 9.51413631e-01
    2.66763568e-03 1.98515445e-01 1.83805794e-01 6.55319691e-01
    5.32581091e-01 3.27810079e-01 4.39923942e-01 1.20416850e-01
    9.09438133e-02 9.80354309e-01 8.41597855e-01 1.03312433e-02
    4.59531844e-02 8.55943561e-03 4.54371214e-01 9.63181019e-01
    6.75795496e-01 3.70414376e-01 9.08127785e-01 9.53409791e-01
    8.80562305e-01 6.46583438e-02 9.12479520e-01 5.09475589e-01
    1.66686893e-01 6.20432913e-01 5.25904536e-01 5.56492448e-01
    5.89335084e-01 6.65650904e-01 5.61149716e-01 6.16100669e-01
    6.57954037e-01 2.87908822e-01 3.59651744e-01 1.53210253e-01
    7.18415737e-01 9.66929853e-01 5.28712153e-01 4.36209172e-01
    3.74015629e-01 6.87961161e-01 1.85101360e-01 9.81307626e-01
    3.36041093e-01 6.95156932e-01 1.34682268e-01 9.28915203e-01
    4.66668069e-01 8.22764635e-03 6.00252092e-01 6.57546818e-01
    3.92481238e-01 8.07996333e-01 4.65221524e-01 1.92009330e-01
    7.38233209e-01 8.05237651e-01 6.58927560e-01 7.84259558e-01
    6.26079082e-01 7.23853052e-01 2.57501006e-02 4.84086573e-02
    1.45717889e-01 2.53693402e-01 8.62904072e-01 7.73503780e-02
    5.15426040e-01 9.82616842e-01 1.18415475e-01 2.67106950e-01
    2.92658240e-01 1.23411298e-01 7.04472244e-01 6.59316659e-01
    2.63076395e-01 4.27574933e-01 1.90170705e-01 4.08044159e-01
    4.20475364e-01 3.59848440e-02 3.70358527e-01 2.80503422e-01
    9.62862551e-01 5.50519586e-01 6.22270763e-01 7.31337190e-01
    5.57227552e-01 7.73030519e-02 6.21998787e-01 2.38342971e-01
    4.88243312e-01 7.72116184e-01 6.83484912e-01 7.16075242e-01
    4.74816263e-02 9.03944254e-01 4.30478752e-02 5.02852082e-01
    7.63156116e-02 9.54040885e-01 1.09665602e-01 6.26397967e-01
    8.19493592e-01 2.84560919e-01 5.22413313e-01 3.53285551e-01
    5.27172804e-01 7.12770343e-01 1.57995045e-01 5.21888316e-01
    5.36654353e-01 6.01302266e-01 7.20534444e-01 1.92206562e-01
    9.47254121e-01 6.89253092e-01 7.01756835e-01 6.46624088e-01
    8.93114090e-01 5.00870228e-01 6.73456609e-01 3.57473314e-01
    1.81242585e-01 8.08838129e-01 3.32723916e-01 9.00503397e-01
    7.96819925e-01 8.25870514e-01 6.26554906e-01 7.01483727e-01
    2.98792779e-01 4.15151954e-01 2.59262979e-01 5.54881990e-01
    3.86374921e-01 1.40775174e-01 9.16877687e-02 9.95620966e-01
    2.14480281e-01 1.74068272e-01 5.45673430e-01 9.39909697e-01
    3.93018961e-01 9.42862511e-01 8.13668907e-01 5.02999961e-01
    7.16233552e-02 7.80719280e-01 3.15996766e-01 1.64044082e-01
    8.47271323e-01 4.67162669e-01 3.43085885e-01 3.63001376e-01
    3.21248770e-01 3.72374833e-01 3.27948064e-01 2.78754115e-01
    8.14841807e-01 6.21867418e-01 6.26545727e-01 2.18408346e-01
    7.21579909e-01 2.33969867e-01 5.12959599e-01 6.05722785e-01
    7.29356408e-02 4.86380666e-01 9.85472441e-01 4.12205547e-01
    9.20780838e-01 4.40766543e-01 9.02469397e-01 7.51044989e-01
    4.04939055e-02 3.06764513e-01 5.40950418e-01 9.18980360e-01
    8.61575305e-01 5.04925549e-01 6.65403724e-01 3.26387405e-01
    6.09589398e-01 8.80764902e-01 1.87112331e-01 7.46161282e-01
    1.62333161e-01 1.59535289e-01 3.17767680e-01 2.14054376e-01
    2.85071522e-01 1.03816718e-01 5.67970574e-02 8.39089632e-01
    4.65124846e-01 1.80943310e-01 9.59904015e-01 6.07754707e-01
    3.88588995e-01 4.23291922e-01 1.00595385e-01 1.09893799e-01
    9.34771180e-01 7.34446347e-02 4.39384848e-01 5.31769037e-01
    8.65479529e-01 3.54921699e-01 4.64757264e-01 5.49914241e-01
    6.44909918e-01 5.72487712e-01 4.06327695e-01 4.77382153e-01
    1.14481568e-01 1.51544809e-04 2.06205040e-01 9.23947692e-02
    2.98588574e-01 6.79972172e-01 6.31930649e-01 6.25939310e-01
    1.86757296e-01 6.33628368e-02 9.38085973e-01 4.42692578e-01
    7.49574959e-01 9.41639185e-01 4.05282408e-01 2.53952414e-01
    5.35562754e-01 7.04129934e-01 3.05260867e-01 2.47016758e-01
    6.34172201e-01 7.35311389e-01 8.76156807e-01 4.21999216e-01
    4.24040318e-01 7.87068248e-01 7.64971793e-01 5.36788821e-01
    7.97221661e-01 3.95882517e-01 4.56263036e-01 7.68029392e-02
    8.12258601e-01 3.22989345e-01 7.03363419e-01 1.43525720e-01
    6.53729856e-01 7.91144133e-01 2.31319815e-01 8.77917886e-01
    6.12730086e-02 6.32089913e-01 8.98322999e-01 4.77464497e-01
    3.55010688e-01 4.60546792e-01 4.02080029e-01 2.28883564e-01
    1.39514536e-01 7.61488438e-01 6.88250780e-01 6.09466314e-01
    1.35884583e-02 1.74629658e-01 7.23070383e-01 9.51379120e-01
    9.23714280e-01 1.41510993e-01 2.64443815e-01 5.35810053e-01
    1.47103727e-01 3.33157808e-01 7.90675640e-01 1.04808092e-01
    6.56328678e-01 1.82716727e-01 4.11092371e-01 9.62835193e-01
    4.49765742e-01 4.68851030e-01 7.99589634e-01 2.73481905e-02
    8.75253916e-01 6.47379398e-01 2.57246494e-01 5.68602860e-01
    8.21626425e-01 8.19439173e-01 2.59797037e-01 8.50148797e-01
    2.71808833e-01 2.85698712e-01 2.79582888e-01 1.11931384e-01
    3.62975597e-01 7.95966864e-01 5.82344770e-01 2.83319473e-01
    7.80530989e-01 7.63237476e-05 1.32355005e-01 7.28955746e-01
    4.28750604e-01 7.07126021e-01 6.45355344e-01 5.63378930e-01
    1.16341740e-01 6.15212440e-01 8.70984435e-01 6.08161509e-01
    5.35065830e-02 8.40248168e-02 7.99849391e-01 1.41912878e-01
    3.19322050e-01 5.49051464e-02 3.35648805e-01 7.89043903e-01
    3.73513341e-01 4.33446258e-01 6.50731087e-01 5.16672313e-01
    7.72772789e-01 1.71862245e-02 3.46792758e-01 2.74863780e-01
    6.89928412e-01 5.65408945e-01 4.83178943e-01 3.26649368e-01
    6.56041384e-01 8.84008884e-01 1.90335333e-01 7.05289721e-01
    8.69922996e-01 2.55425215e-01 4.21970844e-01 5.68465948e-01
    2.05143690e-01 2.69321442e-01 6.42732263e-01 6.61948204e-01
    1.16547495e-01 7.17020750e-01 7.15906620e-02 5.44681549e-02
    8.69122744e-01 7.32942820e-01 3.57894838e-01 1.82120413e-01
    8.97246361e-01 7.38321304e-01 6.25612319e-01 2.33245343e-01
    7.96875954e-02 5.97759843e-01 7.53022730e-02 8.48491251e-01
    7.18274355e-01 9.25160646e-01 7.51816094e-01 8.99979115e-01
    1.80425704e-01 3.93378764e-01 4.18846428e-01 9.21479702e-01
    9.76824641e-01 5.17179787e-01 5.01836777e-01 6.79010570e-01
    5.22268355e-01 2.59687990e-01 9.62367892e-01 8.69367719e-01
    2.68296003e-02 4.42595541e-01 4.92483944e-01 6.78761959e-01
    5.72523832e-01 4.60152656e-01 8.35729837e-02 5.29566526e-01
    8.11756909e-01 4.28111613e-01 4.91129518e-01 6.67509973e-01
    4.76124436e-01 5.33564448e-01 8.07662368e-01 5.74234903e-01
    4.28831458e-01 7.95952797e-01 6.36061251e-01 7.02665091e-01
    5.36280513e-01 8.56818914e-01 4.77508485e-01 2.28925288e-01
    5.37470818e-01 5.83407104e-01 9.46276784e-02 9.86032724e-01
    8.57451200e-01 6.86815321e-01 5.43945849e-01 5.84916174e-01
    7.83746719e-01 8.58352184e-01 6.16427362e-01 9.18229818e-01
    9.67226684e-01 2.81067073e-01 3.81411910e-01 7.43580937e-01
    7.08785534e-01 8.02409410e-01 5.00178576e-01 1.00251436e-01
    7.13105559e-01 5.12587130e-01 3.64291906e-01 2.60943949e-01
    6.11564040e-01 8.70302081e-01 9.66412306e-01 1.18425369e-01
    2.62301356e-01 6.88696802e-01 8.05282950e-01 5.46399713e-01
    8.00218880e-01 7.33062029e-01 4.09493715e-01 2.72405267e-01
    4.00996208e-03 3.03082883e-01 5.06593883e-01 7.26872683e-02
    3.16863894e-01 3.29001725e-01 7.17958927e-01 7.92425990e-01
    9.80506897e-01 3.29984963e-01 5.79813838e-01 9.69477832e-01
    7.68470883e-01 6.05475545e-01 1.23794973e-02 3.62624586e-01
    1.00293159e-02 9.14569378e-01 6.46710277e-01 5.33278584e-01
    7.59153485e-01 8.48723531e-01 8.66580606e-02 8.11609626e-01
    5.28802156e-01 5.32484889e-01 7.80016661e-01 9.02041316e-01
    8.39048982e-01 2.71807909e-02 3.31938386e-01 2.31216431e-01
    5.37845254e-01 6.77300572e-01 8.99852276e-01 1.43565357e-01
    1.96739584e-01 7.83062875e-01 1.36495829e-02 1.99960828e-01
    7.01726019e-01 1.59713566e-01 9.11136866e-01 2.32373178e-02
    1.27823561e-01 2.21804947e-01 4.94153321e-01 3.19309473e-01
    9.41854835e-01 9.20201540e-02 4.50019300e-01 5.11973679e-01
    5.45545697e-01 5.58623672e-01 9.46862102e-02 7.76965857e-01
    5.82391083e-01 5.90047896e-01 4.33158606e-01 7.07162142e-01
    9.39833879e-01 1.13579184e-01 8.02930892e-01 4.61107999e-01
    4.64490622e-01 6.91244364e-01 2.47266054e-01 1.61328286e-01
    9.40229952e-01 1.07910931e-02 8.38539302e-01 4.99178171e-01
    3.96104217e-01 7.20155239e-02 5.79284668e-01 8.54153335e-02
    3.54186028e-01 7.67155409e-01 1.14846230e-03 7.62299299e-01
    6.72545671e-01 8.86911154e-01 4.68892395e-01 3.93786490e-01
    9.84771013e-01 2.07016945e-01 2.82100677e-01 1.50629967e-01
    6.71478331e-01 5.54770410e-01 8.72595131e-01 3.36288124e-01
    5.44920802e-01 1.37070894e-01 4.58060145e-01 8.72793794e-02
    6.18357837e-01 1.14958853e-01 6.51927829e-01 7.74425507e-01
    4.39358830e-01 2.23470718e-01 6.51500523e-02 7.39037395e-01
    6.40968680e-01 1.29775882e-01 8.45612049e-01 3.96908045e-01
    2.76089221e-01 2.83983022e-01 3.86873782e-02 5.60324013e-01
    7.86448717e-01 9.93624806e-01 1.73258215e-01 7.11123109e-01
    6.31830096e-02 2.11077899e-01 2.49397159e-02 3.56971979e-01
    7.35682487e-01 8.31808984e-01 4.87676680e-01 9.43238020e-01
    9.93101120e-01 5.00666261e-01 1.60054445e-01 9.80946779e-01
    1.63880527e-01 4.57066149e-01 2.02271879e-01 4.88784999e-01
    5.99148273e-02 4.77392495e-01 2.54163802e-01 3.73775959e-01
    8.93863201e-01 8.91901493e-01 3.15112352e-01 6.39810860e-01
    1.44970328e-01 7.28426337e-01 2.72904366e-01 2.68739432e-01
    9.39466119e-01 9.64456320e-01 5.93218029e-01 7.41023064e-01
    5.62060118e-01 5.49549282e-01 2.89329171e-01 6.78869963e-01
    3.35208654e-01 4.08814728e-01 3.55193526e-01 4.98250514e-01
    9.35163975e-01 2.20655173e-01 4.00539130e-01 4.28814411e-01
    9.34295654e-01 5.65660477e-01 4.59685832e-01 5.91892302e-01
    6.88102543e-01 1.08368367e-01 8.25804412e-01 3.07149857e-01
    3.10180306e-01 3.90179098e-01 7.97242641e-01 8.34619761e-01
    3.96513164e-01 9.44430113e-01 6.45302832e-01 5.61337650e-01
    4.17293906e-01 3.55740756e-01 7.38052309e-01 9.04226303e-01
    3.86084318e-01 1.62400186e-01 5.91145456e-02 5.09780943e-01
    5.45525014e-01 9.74691749e-01 1.31717354e-01 3.73505652e-01
    5.54160297e-01 8.28002751e-01 3.90996546e-01 4.11471009e-01
    5.61215580e-01 8.23027372e-01 6.40531540e-01 1.84216470e-01
    5.06794095e-01 3.88620973e-01 2.28022069e-01 3.39805335e-01
    2.35659719e-01 6.57363415e-01 4.88220423e-01 7.32743502e-01
    5.71557879e-01 4.33409333e-01 1.19058877e-01 9.59912300e-01
    5.76864779e-02 8.24241638e-01 9.70952034e-01 2.91002154e-01
    5.58870316e-01 6.18229866e-01 6.64917529e-01 9.37870264e-01
    6.74604774e-02 4.31283444e-01 3.36852849e-01 8.18436444e-02
    9.77556705e-01 3.96159708e-01 2.70113945e-01 5.29352069e-01
    6.22784615e-01 3.42171073e-01 9.31967199e-02 2.54077852e-01
    9.54853475e-01 6.35614753e-01 2.32320368e-01 5.70144951e-02
    7.73044348e-01 5.68825603e-01 1.67988926e-01 3.93152803e-01
    8.87105644e-01 9.22988892e-01 1.50704771e-01 2.50506371e-01
    9.16059494e-01 8.22362363e-01 9.72833276e-01 4.99281913e-01
    1.49664223e-01 7.60458350e-01 2.25006491e-01 9.54104364e-01
    3.74430478e-01 7.33384907e-01 9.99488115e-01 3.25818598e-01
    4.62656021e-01 5.82689106e-01 7.68335879e-01 1.14752352e-02
    7.71165013e-01 1.79360032e-01 3.57796848e-02 2.73927629e-01
    4.13886756e-01 5.46602309e-02 4.68231738e-02 7.59185791e-01
    9.69228208e-01 4.58672941e-01 9.75135684e-01 6.01624012e-01
    1.72922254e-01 3.11257303e-01 4.46797252e-01 6.40470088e-02
    2.62621880e-01 7.37994432e-01 6.60046875e-01 8.25822890e-01
    8.41861963e-02 7.59530425e-01 3.29606056e-01 2.47907430e-01
    8.90666842e-01 6.77649796e-01 4.11056817e-01 4.92458940e-02
    1.59854889e-02 3.40305030e-01 1.89003706e-01 7.21082091e-02
    9.80886817e-01 4.12628531e-01 3.16186011e-01 6.49371922e-01
    7.21829355e-01 9.68178749e-01 6.32500291e-01 4.18829471e-01
    9.83627856e-01 9.91696358e-01 2.05316097e-01 1.21365726e-01
    6.41650021e-01 9.65746284e-01 9.75721776e-02 8.01863313e-01
    1.34787917e-01 9.40472007e-01 8.73551190e-01 2.20895708e-02
    7.86856294e-01 2.31722564e-01 6.98921740e-01 4.48106319e-01
    4.64041263e-01 1.03924185e-01 2.99375385e-01 6.85700774e-01
    3.88434827e-02 6.70213223e-01 3.29783261e-01 3.51424932e-01
    7.70641685e-01 3.82659078e-01 3.45568508e-01 6.11952364e-01
    3.70595872e-01 7.45494068e-02 3.12243402e-01 3.63234460e-01
    7.63207793e-01 1.10077173e-01 9.10705030e-01 7.40006506e-01
    2.67391413e-01 3.16913784e-01 4.02444184e-01 1.66587353e-01
    4.09357727e-01 5.39492369e-02 6.68289185e-01 2.94733763e-01
    6.48147464e-02 5.14064610e-01 6.39411747e-01 6.77204430e-01
    5.48963606e-01 7.67032027e-01 3.75202507e-01 7.46150255e-01
    3.54776263e-01 8.62484694e-01 4.56131965e-01 2.26315618e-01
    1.43983364e-01 8.78099501e-01 3.61850858e-03 9.56799269e-01
    5.16758204e-01 4.44369465e-01 5.78919768e-01 8.22873592e-01
    2.31231004e-01 8.27208519e-01 1.06401503e-01 1.26627445e-01
    7.01103926e-01 1.07446402e-01 8.84795487e-01 4.24894273e-01
    6.72867775e-01 2.54235089e-01 1.53780967e-01 4.92304564e-01
    5.94941378e-01 7.08179593e-01 4.44283813e-01 1.37236953e-01
    6.54396117e-02 6.74344301e-02 8.04099441e-02 4.64383066e-01
    5.78143358e-01 6.32843733e-01 5.25101781e-01 3.06696475e-01
    6.49827123e-02 4.58156466e-01 8.64339471e-02 8.64159822e-01
    7.58743227e-01 9.34885442e-01 6.61521852e-01 4.31608796e-01
    4.94247198e-01 6.52663350e-01 7.69207120e-01 5.98340809e-01
    5.10936499e-01 2.05539942e-01 1.09652430e-01 6.64390802e-01
    7.85570562e-01 2.49701411e-01 7.78713524e-01 6.34122372e-01
    8.58811021e-01 5.37034869e-01 2.85518169e-03 3.70903790e-01
    1.26627952e-01 6.98845029e-01 1.17135346e-02 5.07302105e-01
    4.69623625e-01 3.41237873e-01 8.30992937e-01 3.29285443e-01
    1.18317783e-01 8.99201274e-01 7.70372152e-02 2.41791219e-01
    5.52365541e-01 8.22875023e-01 6.94426000e-01 7.45220065e-01
    4.51050311e-01 2.74659663e-01 8.39542866e-01 9.79360104e-01
    4.27846700e-01 9.89684939e-01 3.78178895e-01 2.92045772e-02
    6.37415469e-01 7.55279124e-01 1.65986091e-01 1.27260029e-01
    3.18512708e-01 6.03552282e-01 9.22236085e-01 3.82753193e-01
    3.09399813e-01 5.94607651e-01 9.79296446e-01 6.82984591e-01
    3.50351334e-02 4.11189854e-01 2.63408273e-01 5.18302977e-01
    5.27260900e-01 9.54729676e-01 4.70257252e-01 9.09426093e-01
    2.27516890e-01 8.52480233e-02 1.66959673e-01 4.64696020e-01
    4.50577140e-02 3.43976080e-01 8.42332423e-01 7.53692627e-01
    1.60627961e-02 6.22637808e-01 1.16528690e-01 1.63854152e-01
    6.28332734e-01 7.65181482e-01 3.66950721e-01 6.96498990e-01
    4.48717892e-01 6.49053633e-01 3.65947664e-01 2.19960064e-01
    7.65305281e-01 3.44798863e-02 1.69885546e-01 8.16425920e-01
    1.71375692e-01 5.20488799e-01 5.16486108e-01 6.09347224e-03
    5.42417407e-01 7.25145340e-02 4.29684937e-01 9.15682554e-01
    2.33157247e-01 5.22632718e-01 6.14852130e-01 8.58348310e-01
    1.48348480e-01 9.28866506e-01 6.42908454e-01 7.03653812e-01
    5.71168900e-01 4.12056714e-01 6.42431557e-01 5.41122735e-01
    6.46480560e-01 3.56511056e-01 3.68939131e-01 1.29330307e-01
    7.62977600e-01 4.77456033e-01 6.08949006e-01 9.69478369e-01
    8.11853170e-01 9.23093557e-01 9.39295650e-01 9.95217443e-01
    2.37995297e-01 5.99339426e-01 3.37795854e-01 6.93828464e-01
    7.30213284e-01 9.06503975e-01 3.45310062e-01 5.35083294e-01
    7.21255481e-01 1.60334885e-01 5.08664668e-01 4.40647364e-01
    8.10379744e-01 1.26981884e-01 9.98057723e-02 3.70268345e-01
    8.37208986e-01 9.49545085e-01 3.19100320e-01 8.10174942e-01
    2.07501262e-01 8.14964890e-01 6.74662828e-01 8.99334073e-01
    5.18277287e-03 4.55233514e-01 7.59459853e-01 3.72732580e-02
    9.26690578e-01 3.43831778e-01 3.38495731e-01 5.17403960e-01
    7.58383334e-01 9.82468128e-01 7.58650184e-01 8.43090296e-01
    3.92388463e-01 8.65339816e-01 8.94286871e-01 7.70641506e-01
    7.75261760e-01 8.75444055e-01 4.76751894e-01 7.89491534e-01
    9.90017414e-01 2.94000298e-01 5.95020175e-01 2.47329086e-01
    3.64511669e-01 4.11092699e-01 6.22751176e-01 3.21106970e-01
    1.17134482e-01 7.07355976e-01 6.98658466e-01 8.11570287e-01
    5.83864093e-01 3.54025900e-01 6.97710276e-01 7.48831570e-01
    1.48641139e-01 7.74361849e-01 2.35328406e-01 7.95503020e-01
    2.03707933e-01 1.21160477e-01 8.28689337e-01 4.33538854e-01
    2.00012088e-01 4.91707921e-02 4.95295852e-01 6.68726265e-02
    1.79829389e-01 8.46243978e-01 9.74584818e-01 9.20531631e-01
    8.98494601e-01 3.97885948e-01 8.69559407e-01 2.91820407e-01
    2.18797922e-01 4.45421636e-02 1.41538203e-01 8.68857324e-01
    4.46444869e-01 6.74688637e-01 5.10658383e-01 7.13876903e-01
    8.05710793e-01 8.44974637e-01 8.89649153e-01 2.22145647e-01
    5.71842372e-01 6.35646105e-01 8.58189940e-01 4.03916717e-01
    4.98280406e-01 3.97228867e-01 7.33571649e-01 4.05897260e-01
    9.76948380e-01 7.44295955e-01 1.92735910e-01 9.50000525e-01
    4.02763426e-01 9.22418416e-01 3.72045279e-01 4.75756466e-01
    1.12698376e-01 4.32420790e-01 9.34419394e-01 2.27663428e-01
    6.65932655e-01 2.75712013e-01 6.96627975e-01 1.49777442e-01
    1.85277402e-01 8.51537526e-01 9.34337258e-01 9.86213326e-01
    6.08612478e-01 6.37939692e-01 4.89346534e-01 3.50472420e-01
    4.52639759e-02 7.96316087e-01 3.57815921e-01 1.73004836e-01
    2.23697066e-01 5.40962875e-01 8.91362131e-01 6.06871724e-01
    4.86522079e-01 3.39030147e-01 4.71255898e-01 6.87310398e-01
    9.59994793e-01 5.96163034e-01 8.03219557e-01 2.28671670e-01
    3.23802352e-01 7.40397096e-01 6.47281408e-01 9.28562880e-02
    8.16391706e-02 3.32112610e-01 6.09532595e-02 4.60575134e-01
    8.53756666e-01 7.54181981e-01 2.88540304e-01 2.16583639e-01
    5.50490320e-01 3.84450674e-01 9.63988006e-02 2.52204001e-01
    3.57352555e-01 7.65030861e-01 2.23394692e-01 2.27714717e-01
    8.27865839e-01 3.21822405e-01 3.49397123e-01 5.82727194e-02
    4.92297173e-01 4.66198862e-01 9.55348969e-01 5.45457244e-01
    4.83572602e-01 9.18464422e-01 3.24032754e-01 3.14318180e-01
    8.49823475e-01 7.11069882e-01 7.25817204e-01 5.86031079e-01
    1.07506812e-01 1.47470981e-01 5.66106617e-01 2.02892512e-01
    9.64933813e-01 5.98422647e-01 7.54538596e-01 9.44640040e-01
    5.40366113e-01 5.14051020e-02 1.20477676e-01 6.37320757e-01
    2.47415185e-01 3.14502895e-01 1.63213998e-01 9.97217000e-01
    8.56929183e-01 2.31929332e-01 6.47266805e-01 2.73019493e-01
    5.60160935e-01 2.64337122e-01 5.76810896e-01 6.20174289e-01
    3.52345467e-01 3.98450464e-01 4.07251537e-01 9.11042213e-01
    9.09168482e-01 9.02637482e-01 2.67566800e-01 5.95319569e-01
    1.81699932e-01 8.22206497e-01 4.75572497e-01 8.31974745e-01
    1.29685879e-01 2.62039006e-02 1.90020949e-01 4.26157773e-01
    5.77791750e-01 9.70741451e-01 7.19247520e-01 1.44900978e-01
    1.73992544e-01 4.75056171e-02 7.07501113e-01 3.04163098e-02
    3.09481591e-01 5.71346581e-02 5.33620298e-01 1.22021139e-02
    3.59332621e-01 8.16523194e-01 8.76360118e-01 5.03914773e-01
    5.83412886e-01 7.44655311e-01 7.43257761e-01 9.71529305e-01
    1.48108095e-01 9.92213964e-01 7.48038352e-01 7.61578679e-01
    4.27481949e-01 4.40112561e-01 6.10236228e-01 2.38394320e-01
    3.92835498e-01 8.60624433e-01 1.00763381e-01 8.93104434e-01
    5.27092338e-01 3.94164681e-01 3.66596133e-01 7.29117990e-01
    6.34612679e-01 3.97857338e-01 5.21022439e-01 2.78959870e-02
    7.63654292e-01 1.96679771e-01 7.91659117e-01 8.90077055e-02
    5.27739584e-01 3.87696415e-01 4.00766015e-01 6.88180923e-02
    7.29889691e-01 5.70538163e-01 6.74754620e-01 2.16219485e-01
    7.27558494e-01 6.22746050e-02 5.73245943e-01 8.40765119e-01
    5.39884210e-01 6.51922226e-02 4.46858108e-02 6.01424873e-01
    1.11969799e-01 5.90250552e-01 9.56334829e-01 1.07783437e-01
    2.59885192e-03 9.46461856e-01 8.54984522e-01 3.36556971e-01
    4.52119410e-02 5.03223240e-01 1.85080081e-01 2.25494385e-01
    2.26498455e-01 9.03473616e-01 9.15183425e-01 3.98022085e-01
    8.09829712e-01 7.29438603e-01 2.17174292e-02 2.69939005e-02
    3.57018948e-01 1.83498502e-01 8.58996749e-01 4.55435008e-01
    9.78063941e-01 1.17626429e-01 9.52006698e-01 8.85436714e-01
    9.78104949e-01 2.81167328e-01 5.90300858e-01 3.72212946e-01
    9.71965432e-01 7.84378648e-01 7.36543655e-01 7.14576244e-02
    1.16287470e-01 1.79726511e-01 5.87220788e-01 3.14161181e-01
    1.57826334e-01 9.25432026e-01 4.29504514e-02 2.35995442e-01
    8.83338809e-01 4.85867709e-01 3.37905228e-01 1.80500418e-01
    5.85880280e-01 6.82561815e-01 8.80119801e-02 8.14921498e-01
    3.18349898e-02 2.98058629e-01 4.39372927e-01 8.95477116e-01
    5.43563664e-02 8.31371486e-01 2.84732401e-01 4.08226639e-01
    1.89380348e-01 2.62992978e-02 5.67935348e-01 3.77251804e-02
    3.24749589e-01 9.79883432e-01 8.06058228e-01 8.81472945e-01
    1.66891903e-01 7.26882219e-02 2.82907039e-01 9.54797745e-01
    7.87530541e-01 4.22272980e-02 7.93423533e-01 1.80050820e-01
    3.11725974e-01 9.47599769e-01 3.95810276e-01 1.11191958e-01
    8.74844670e-01 2.47023851e-01 2.58489877e-01 4.66234684e-01
    2.35710919e-01 3.81113827e-01 3.14826965e-02 6.50497675e-01
    6.57915652e-01 7.40531325e-01 6.41565323e-01 5.06189704e-01
    5.46397030e-01 9.74178910e-02 4.71346974e-02 8.18491578e-01
    2.02131271e-01 7.99715817e-01 2.80193865e-01 6.25858307e-01
    9.29903150e-01 1.45362407e-01 5.13606727e-01 9.78895783e-01
    4.78402674e-01 3.10683995e-01 3.24586034e-03 4.72075343e-02
    5.71649432e-01 6.95517182e-01 4.05050009e-01 9.06348467e-01
    7.90381551e-01 3.14855635e-01 4.40554529e-01 7.94672549e-01
    5.53008437e-01 6.36509240e-01 1.01942152e-01 4.93951529e-01
    5.14507890e-01 8.86027098e-01 3.83204758e-01 2.80924976e-01
    8.26996565e-01 5.77811241e-01 5.17170429e-02 2.98203707e-01
    1.30476177e-01 5.94359517e-01 1.48115963e-01 3.41272116e-01
    6.77426100e-01 7.37744868e-02 2.54018903e-01 5.37229061e-01
    4.47136164e-01 5.60025275e-01 1.58826679e-01 5.35633206e-01
    9.48511958e-01 7.76306748e-01 8.46883178e-01 6.25058353e-01
    5.82488835e-01 4.25372303e-01 8.70052218e-01 9.17077363e-02
    2.86415756e-01 4.58900154e-01 2.10276246e-03 7.58004487e-02
    2.67319143e-01 4.52468097e-01 7.70254374e-01 4.25112396e-01
    2.78492659e-01 3.04019302e-01 6.17167950e-01 3.25962365e-01
    4.66505885e-01 4.49494302e-01 6.66413426e-01 2.75466800e-01
    5.07844388e-01 9.19896603e-01 8.27307940e-01 2.34205633e-01
    7.43716598e-01 2.98640311e-01 5.98077774e-01 3.74571890e-01
    4.97811317e-01 1.71930879e-01 6.49111271e-01 8.07429075e-01
    9.86407638e-01 1.65600955e-01 6.34932876e-01 4.11913812e-01
    7.67862499e-01 2.16484040e-01 6.91357970e-01 7.59470701e-01
    8.46494138e-01 9.17748451e-01 2.89021671e-01 3.09455663e-01
    2.43753791e-02 4.62329507e-01 6.37824655e-01 1.38133615e-01
    9.78632510e-01 1.68615758e-01 6.39331341e-01 7.21468508e-01
    8.67128730e-01 6.74770594e-01 4.05714065e-01 8.76449466e-01
    5.68886101e-01 4.96454954e-01 4.99692827e-01 8.88328314e-01
    6.90060258e-01 9.20375466e-01 8.46141875e-02 5.35749137e-01
    9.48723793e-01 6.32898211e-02 2.71381676e-01 6.98284507e-01
    3.50362659e-02 7.98077941e-01 9.04741704e-01 2.48500705e-02
    7.84510195e-01 8.28028083e-01 1.76920831e-01 5.95820606e-01
    1.89935088e-01 2.73288369e-01 7.88132250e-01 2.84596592e-01
    4.70926523e-01 5.53182483e-01 9.02437925e-01 2.17486411e-01
    6.13545120e-01 9.01051402e-01 9.22827721e-02 5.70579827e-01
    5.26003897e-01 2.03058511e-01 9.60118175e-01 7.30089009e-01
    4.88423109e-01 6.64158762e-01 7.67153263e-01 8.12582493e-01
    1.43373668e-01 1.18037105e-01 1.71760678e-01 2.46192485e-01
    3.15739959e-01 1.71482593e-01 1.75037473e-01 6.24632359e-01
    8.12434971e-01 4.58093911e-01 2.22384423e-01 8.17255795e-01
    2.97124922e-01 6.79857969e-01 7.33535767e-01 9.24605846e-01
    7.89048672e-01 5.51925004e-02 8.57418358e-01 8.67966771e-01
    1.03480637e-01 1.08430445e-01 8.37966442e-01 1.68697983e-01
    1.34103596e-02 3.57812077e-01 2.90537745e-01 3.86810571e-01
    9.33297276e-01 2.59537399e-01 8.79186690e-01 3.71026158e-01
    5.20728946e-01 7.01504230e-01 7.09397554e-01 4.10994023e-01
    4.10564959e-01 6.46668434e-01 2.25850582e-01 5.92263341e-02
    5.60747623e-01 6.85606360e-01 5.11996806e-01 8.74340355e-01
    3.21636558e-01 7.57191777e-01 2.27249771e-01 4.77664739e-01
    4.71242011e-01 6.45264983e-01 8.10756385e-01 3.94758344e-01
    4.23071653e-01 7.49314725e-01 7.26580620e-01 9.43517447e-01
    3.33301544e-01 7.84814477e-01 5.11213243e-01 8.95093322e-01
    8.88495922e-01 3.07033360e-01 2.74985135e-01 5.03005981e-02
    9.82033372e-01 1.68528646e-01 8.23011994e-03 7.36157775e-01
    2.91307986e-01 6.11238718e-01 7.17442811e-01 6.30754948e-01
    2.60641336e-01 8.39442372e-01 8.40243220e-01 4.14808393e-02
    2.43117511e-02 9.13783312e-01 5.77373683e-01 2.88125724e-01
    2.55417824e-01 7.03205645e-01 4.23389196e-01 3.76525998e-01
    8.43245447e-01 1.13603860e-01 2.50009716e-01 6.80083096e-01
    9.84656453e-01 4.94379044e-01 1.29473507e-02 1.55786604e-01
    8.57932329e-01 9.13059592e-01 7.83886194e-01 7.23593235e-01
    8.64723921e-01 4.39465642e-01 4.41757441e-01 8.34002495e-01
    2.50443220e-01 3.03104609e-01 2.65217423e-02 4.08842236e-01
    8.69301081e-01 4.24783885e-01 9.47808921e-02 6.63504303e-01
    2.01049715e-01 6.73610747e-01 6.45719767e-01 5.71341991e-01
    9.17509794e-01 7.37723351e-01 3.96420360e-02 3.72255892e-01
    2.00085878e-01 5.87260842e-01 7.56727576e-01 1.66968673e-01
    7.15502918e-01 4.30539846e-02 9.10938025e-01 2.03439146e-01
    2.32340991e-02 6.95530474e-02 2.76464641e-01 1.73977733e-01
    9.80365276e-01 8.64190757e-02 9.56509113e-01 9.83530939e-01
    5.72972238e-01 1.85692698e-01 2.67153978e-01 7.47831345e-01
    5.84676921e-01 7.88288951e-01 8.10553133e-01 1.70233727e-01
    5.29448152e-01 6.09243691e-01 2.09799349e-01 9.42079604e-01
    3.71042967e-01 6.20300770e-01 1.45920068e-01 1.68169111e-01
    2.81554997e-01 5.62706292e-01 4.19048309e-01 5.43338776e-01
    3.77161324e-01 5.14675498e-01 2.80200779e-01 5.86433411e-01
    3.99243683e-01 4.07052040e-03 9.00541902e-01 3.96637440e-01
    5.95817685e-01 2.38736272e-01 4.04019803e-01 2.83124119e-01
    2.35747010e-01 2.20539391e-01 4.77778435e-01 7.72543430e-01
    5.08246720e-02 5.31189263e-01 1.58982635e-01 7.30125785e-01
    1.46026790e-01 2.19019562e-01 6.51845217e-01 5.62418997e-02
    8.44756722e-01 7.96653152e-01 1.87099665e-01 1.75907314e-02
    3.62605751e-01 3.15668046e-01 9.60726142e-02 1.66659176e-01
    4.76248175e-01 5.30700326e-01 9.20891941e-01 2.41408199e-01
    5.04083574e-01 8.81457448e-01 9.79959726e-01 5.18519521e-01
    7.07050502e-01 6.54187977e-01 7.03254521e-01 2.43171185e-01
    2.85168916e-01 1.73476219e-01 2.44940877e-01 8.31771910e-01
    1.50713325e-03 9.10977662e-01 1.19273931e-01 3.28162372e-01
    8.13116789e-01 1.28797859e-01 7.93451309e-01 7.99995780e-01
    9.77935672e-01 1.81238860e-01 2.97926426e-01 1.53507292e-01
    1.12716019e-01 5.02516448e-01 3.03878486e-02 7.26583481e-01
    8.29907775e-01 5.94300389e-01 7.45327234e-01 6.97764218e-01
    7.89489746e-01 4.74027753e-01 7.46143103e-01 7.64662325e-02
    7.67250597e-01 3.85098755e-02 7.84502268e-01 9.11817193e-01
    2.74042875e-01 3.72326642e-01 8.19675803e-01 6.59730256e-01
    8.09147239e-01 5.73916078e-01 6.87143743e-01 7.83004403e-01
    3.76751542e-01 4.62940991e-01 3.10959578e-01 4.26419944e-01
    5.43249369e-01 4.28431094e-01 7.23811150e-01 9.19878006e-01
    1.20435089e-01 7.78392911e-01 3.73373926e-02 9.75653231e-01
    8.44808817e-01 2.76659310e-01 5.78179657e-02 3.49287689e-01
    4.70086873e-01 8.46350729e-01 5.34182370e-01 2.95333982e-01
    2.26597786e-01 4.51456904e-01 5.67424893e-01 2.61902064e-01
    8.13443005e-01 9.65597212e-01 3.37573886e-02 3.22007000e-01
    7.94738531e-02 6.51293755e-01 6.24865353e-01 6.18327022e-01
    2.00538605e-01 7.51663089e-01 1.99672788e-01 1.40940040e-01
    9.07774925e-01 2.73546278e-01 4.17348415e-01 3.59324276e-01
    6.05270863e-01 7.65463948e-01 9.88787711e-01 9.95212555e-01
    9.76370931e-01 9.14532721e-01 4.57480341e-01 1.12475157e-01
    7.08805084e-01 8.58418226e-01 7.13703513e-01 5.58600605e-01
    2.23986000e-01 9.98926282e-01 6.35557294e-01 2.49424756e-01
    6.18390620e-01 7.00526893e-01 7.63570368e-01 1.29632980e-01
    6.64037585e-01 2.52315044e-01 4.10504490e-01 5.68766057e-01
    6.70378327e-01 6.52855933e-01 1.91241264e-01 1.07142627e-02
    7.05832720e-01 8.30557108e-01 6.50904298e-01 4.12842125e-01
    4.10391510e-01 7.23664880e-01 5.21392286e-01 7.32652247e-01
    8.83247733e-01 7.47559428e-01 1.17722839e-01 7.75941193e-01
    9.65855479e-01 6.59733534e-01 1.45882100e-01 5.43277740e-01
    4.11364555e-01 2.12534904e-01 6.38677001e-01 1.57052338e-01
    8.72980595e-01 9.70335722e-01 7.53035247e-02 8.02497268e-01
    3.66291702e-02 1.38516426e-01 7.58333564e-01 8.36628318e-01
    7.57255793e-01 7.16948807e-01 9.87787664e-01 8.73638749e-01
    7.42163062e-02 6.94302320e-01 7.85353959e-01 7.84420192e-01
    1.65859699e-01 3.23170900e-01 6.92866743e-02 6.27048492e-01
    4.10811990e-01 8.45773816e-02 7.20255256e-01 6.32915914e-01
    8.79924595e-01 7.48800278e-01 8.77820611e-01 8.02217364e-01
    3.94365579e-01 6.71120524e-01 3.89565974e-01 6.99233115e-02
    8.43265533e-01 3.50675762e-01 5.77999890e-01 8.39586318e-01
    3.56914759e-01 8.57178092e-01 9.18771327e-02 5.87615371e-02
    7.58719087e-01 2.96489060e-01 5.07761240e-01 8.02563906e-01
    5.50888181e-01 1.39126211e-01 9.57002282e-01 5.02813280e-01
    2.87235200e-01 8.41786206e-01 2.54419476e-01 1.91362858e-01
    2.53282011e-01 5.44013977e-01 2.67836213e-01 8.77580822e-01
    5.57489216e-01 9.32374358e-01 2.06923425e-01 5.25783658e-01
    6.13614798e-01 3.18442881e-01 8.54547024e-01 8.87152374e-01
    7.63913751e-01 2.77624428e-01 3.51066560e-01 5.71045280e-02
    2.89172232e-01 6.20187581e-01 8.96316290e-01 6.83973193e-01
    3.26967537e-02 7.70463586e-01 5.08499563e-01 8.02482069e-01
    1.37079388e-01 9.90193725e-01 2.02640891e-01 7.78035223e-01
    1.16517186e-01 5.87352753e-01 1.52775794e-01 9.94541228e-01
    9.40039158e-01 4.45919216e-01 6.30993605e-01 7.70350456e-01
    3.14813644e-01 5.90422869e-01 5.54366231e-01 5.72071314e-01
    5.80984354e-03 3.08857888e-01 7.92079449e-01 5.55615067e-01
    3.48616838e-01 2.82049775e-01 9.55099702e-01 3.68776560e-01
    3.85329127e-03 5.06984472e-01 8.23054969e-01 8.37369204e-01
    2.78537214e-01 9.13319290e-02 7.96449780e-02 7.86654592e-01
    7.18761981e-01 2.18596727e-01 7.90458322e-01 8.30329835e-01
    3.38679075e-01 2.61991024e-01 1.70315593e-01 5.07546008e-01
    8.53894949e-01 5.12457967e-01 2.72631198e-01 6.18194103e-01
    6.43337905e-01 9.74215031e-01 4.27806914e-01 3.76605630e-01
    5.26633024e-01 9.06664073e-01 3.37300718e-01 5.00118256e-01
    8.32742929e-01 7.38530636e-01 4.58538264e-01 8.64044130e-01
    7.32990742e-01 1.80425704e-01 2.00496584e-01 9.86322165e-02
    6.50873780e-01 1.10368162e-01 3.56170535e-03 7.60259509e-01
    1.08118832e-01 6.61646843e-01 8.85104537e-01 2.16684967e-01
    5.74313700e-02 9.01359916e-01 9.37454998e-02 7.12972283e-02
    5.81667364e-01 7.93084621e-01 3.12936008e-02 2.20409751e-01
    6.76145971e-01 5.35718858e-01 4.08580065e-01 7.58494914e-01
    7.27882743e-01 1.33181781e-01 9.02642250e-01 2.66249955e-01
    3.81941438e-01 2.64371634e-02 4.04386312e-01 7.21322119e-01
    9.46796358e-01 5.95537603e-01 7.92641997e-01 2.87728012e-02
    6.31882727e-01 5.25723159e-01 6.17151797e-01 7.14555144e-01
    7.09384978e-01 2.67846763e-01 1.67518675e-01 1.98616624e-01
    2.89033383e-01 8.70797276e-01 9.01779056e-01 5.27798414e-01
    1.37997270e-01 1.12852365e-01 4.88824248e-01 5.36548734e-01
    2.06247926e-01 8.84784877e-01 2.37285793e-02 8.92015636e-01
    9.36998129e-01 9.98037934e-01 4.45185184e-01 5.83491683e-01
    9.62239623e-01 1.53110445e-01 5.65105081e-01 5.20417988e-01
    2.56396472e-01 1.70034796e-01 7.93530762e-01 8.99407387e-01
    3.66172791e-02 6.54272079e-01 4.86968100e-01 7.58715034e-01
    2.40011215e-02 2.45631397e-01 2.81872541e-01 2.06854105e-01
    8.70507419e-01 9.95022178e-01 2.29400575e-01 8.05374265e-01
    8.28168035e-01 6.04564309e-01 3.18813503e-01 6.04196310e-01
    2.36292839e-01 3.37759793e-01 5.49110770e-02 7.17677236e-01
    8.28754544e-01 6.17275715e-01 6.30391896e-01 3.05154473e-01
    8.37253571e-01 1.54815495e-01 4.92131680e-01 8.46294761e-02
    1.45955026e-01 9.30265546e-01 4.51296896e-01 1.59239978e-01
    2.62467206e-01 7.21380055e-01 5.73386133e-01 9.03350115e-01
    5.48522830e-01 8.26473355e-01 4.82711464e-01 5.22542179e-01
    5.03311038e-01 1.57423198e-01 9.46804881e-01 8.20954442e-01
    5.70675492e-01 5.79350114e-01 6.84828818e-01 5.81814528e-01
    7.20691204e-01 1.00489140e-01 7.27176070e-02 4.99743015e-01
    4.16381955e-01 9.40029085e-01 3.45528185e-01 4.36372310e-01
    8.90503526e-01 5.16319871e-01 8.84833038e-01 9.04698610e-01
    5.17217934e-01 2.28844881e-01 1.01300806e-01 7.79683709e-01
    1.53933287e-01 3.01422477e-01 2.69149840e-02 9.18406248e-01
    3.23854387e-02 6.06312931e-01 3.86614770e-01 3.12105805e-01
    5.24694979e-01 6.96097553e-01 8.32159758e-01 9.69245553e-01
    8.83306682e-01 8.58967304e-01 8.20536852e-01 7.66440630e-01
    7.53334880e-01 4.83015954e-01 1.29608631e-01 9.12239730e-01
    6.20003045e-02 7.58804917e-01 7.00702727e-01 2.95512676e-02
    3.57773244e-01 4.76746917e-01 4.61068571e-01 3.28552186e-01
    8.42429638e-01 7.23029375e-02 7.22982109e-01 5.75826645e-01
    4.88594294e-01 8.78293037e-01 7.37081409e-01 2.92120337e-01
    6.68007731e-02 7.08335042e-01 2.63265103e-01 5.86532652e-02
    3.01909864e-01 5.70713639e-01 2.73328185e-01 1.64488703e-01
    9.64550436e-01 4.49896306e-01 3.08895111e-02 5.20955503e-01
    6.65737092e-02 1.32695973e-01 4.92197007e-01 2.55190313e-01
    8.52171123e-01 2.25287944e-01 1.44177347e-01 4.33584511e-01
    1.43738836e-01 9.45939481e-01 3.45320433e-01 8.12155902e-02
    9.11005974e-01 7.18746960e-01 3.35793495e-02 8.21712315e-01
    6.18188381e-01 4.05046761e-01 7.30567098e-01 5.34684658e-01
    4.80900496e-01 9.85357583e-01 4.56489593e-01 6.43489480e-01
    3.53033841e-01 4.94670689e-01 5.06256700e-01 8.62678885e-01
    5.39595962e-01 9.71653938e-01 4.76611465e-01 7.05848694e-01
    5.18677592e-01 9.40867901e-01 2.34348536e-01 3.94560009e-01
    4.14839536e-01 8.33527923e-01 6.11903131e-01 7.17088401e-01
    8.58130753e-01 3.37280482e-01 2.70037442e-01 9.14211929e-01
    4.97722924e-01 5.26679277e-01 4.40115958e-01 6.07933044e-01
    2.95976877e-01 9.04046774e-01 5.88518918e-01 5.17595828e-01
    8.30577314e-01 6.15759552e-01 5.83658814e-02 6.65639281e-01
    3.69615018e-01 1.14660442e-01 4.74962294e-01 8.05489361e-01
    7.33902097e-01 3.36687505e-01 7.60048687e-01 7.99798310e-01
    9.61398900e-01 6.86178565e-01 9.95031834e-01 3.43019307e-01
    8.47899556e-01 3.63391638e-02 3.66218686e-02 1.23849124e-01
    2.99701750e-01 7.98457503e-01 3.05496663e-01 6.51754379e-01
    2.76659966e-01 5.33698857e-01 8.68581653e-01 3.48262042e-01
    4.94206250e-02 4.76607740e-01 9.72839296e-01 2.95901775e-01
    6.09423757e-01 8.47849846e-01 3.66171777e-01 2.55995035e-01
    6.43274844e-01 6.25311673e-01 9.78697658e-01 9.11210895e-01
    3.66708636e-03 3.93279046e-01 9.74049330e-01 2.78826654e-02
    3.48444849e-01 4.56914872e-01 4.13417011e-01 8.58703434e-01
    7.59442687e-01 6.04004264e-02 3.74110639e-02 6.81199551e-01
    2.89911032e-03 2.06206709e-01 9.67432618e-01 7.61600554e-01
    9.03595567e-01 7.97590017e-01 4.29454327e-01 8.17551196e-01
    1.11325473e-01 9.18938279e-01 5.69278479e-01 5.82382739e-01
    2.74503231e-02 4.49873775e-01 4.36641812e-01 8.26340318e-02
    5.92059374e-01 1.47209555e-01 3.42096239e-01 4.90107566e-01
    6.06864691e-04 4.19804543e-01 6.29782379e-02 5.22646666e-01
    2.72264481e-01 2.38519996e-01 4.73948210e-01 8.42928708e-01
    3.45772922e-01 1.30670309e-01 5.12486458e-01 8.04014802e-01
    2.40749151e-01 2.29626447e-01 3.71626377e-01 4.55213040e-01
    1.22398376e-01 7.00583756e-01 7.69613147e-01 5.41151226e-01
    6.72078371e-01 2.37545758e-01 9.71130013e-01 6.80832684e-01
    6.22555792e-01 6.93340480e-01 6.22897387e-01 4.83929127e-01
    6.18705511e-01 6.26614928e-01 5.27761877e-02 7.99917936e-01
    5.52490234e-01 9.31733727e-01 3.65855128e-01 6.91690028e-01
    5.26235759e-01 4.74204600e-01 3.78393829e-01 1.51247919e-01
    3.85383070e-01 8.59163404e-02 7.11191714e-01 7.56483436e-01
    6.43631101e-01 1.95604980e-01 8.93471241e-01 7.75035620e-01
    5.51029742e-01 5.71909487e-01 6.95193529e-01 2.44782299e-01
    2.21284211e-01 7.68841147e-01 3.99004579e-01 6.50466681e-02
    9.55252767e-01 8.56484056e-01 7.13287234e-01 2.82305658e-01
    9.10113990e-01 5.94941497e-01 7.94250250e-01 1.47654146e-01
    1.51061654e-01 3.10304761e-03 7.83001900e-01 2.51447916e-01
    6.26513958e-02 6.17556393e-01 4.93209362e-01 3.52944553e-01
    8.90944004e-01 2.06503481e-01 1.38236284e-01 9.02099311e-02
    4.81283754e-01 7.16844261e-01 8.75304043e-01 2.21332699e-01
    5.35699487e-01 4.62971717e-01 4.69515502e-01 9.00578976e-01
    4.65267926e-01 7.69041479e-01 5.31059682e-01 8.01844418e-01
    2.20462680e-01 5.69117427e-01 3.03070784e-01 9.39522862e-01
    6.88060760e-01 8.47446740e-01 2.82381952e-01 4.90710557e-01
    2.32685208e-01 7.19811499e-01 9.32938635e-01 1.07434064e-01
    1.89827949e-01 4.57219690e-01 6.02248847e-01 5.82756519e-01
    4.86669302e-01 4.45669681e-01 3.19949239e-01 9.85367179e-01
    3.18229407e-01 3.87572616e-01 2.24913567e-01 1.23462170e-01
    2.11880058e-01 2.29229063e-01 7.75305152e-01 7.85867929e-01
    2.64088929e-01 7.40324438e-01 9.70234275e-01 9.72579241e-01
    9.28354383e-01 1.12493932e-01 9.79955196e-01 7.15273857e-01
    6.81215823e-01 3.45234990e-01 4.90448862e-01 9.41100836e-01
    6.58807397e-01 4.38853502e-02 8.74654412e-01 5.56161821e-01
    7.11036623e-02 7.20973313e-01 7.34478235e-04 8.56092095e-01
    8.73866796e-01 3.75079215e-02 8.28769743e-01 5.54551303e-01
    4.05308574e-01 6.16914332e-02 2.07905352e-01 3.64289939e-01
    7.36630619e-01 7.97269225e-01 4.46305901e-01 9.45839286e-03
    8.55970621e-01 6.54410481e-01 3.67647529e-01 7.61365294e-01
    6.89390182e-01 1.33382767e-01 7.29363561e-01 5.67865908e-01
    6.82336569e-01 9.76364017e-01 3.73480111e-01 7.87972569e-01
    2.87640929e-01 4.44183528e-01 5.29089749e-01 4.49527293e-01
    6.55987501e-01 4.38817918e-01 4.56944913e-01 4.15087461e-01
    1.71609551e-01 6.29628599e-02 2.80758739e-01 4.63680655e-01
    4.48410064e-01 7.27335691e-01 2.86496222e-01 4.32832241e-01
    4.74903882e-02 7.86281943e-01 2.11765558e-01 1.93889707e-01
    5.05959094e-01 5.19669175e-01 3.27207744e-01 6.21482313e-01
    6.48533881e-01 9.63265657e-01 2.15525359e-01 8.27862740e-01
    8.59170914e-01 3.66010666e-01 4.93117571e-02 7.27872849e-01
    7.11729527e-02 8.19773793e-01 6.46915078e-01 1.79063320e-01
    1.55406237e-01 1.99803591e-01 8.32517445e-02 2.93993294e-01
    8.04494977e-01 5.85069537e-01 6.07467294e-02 6.34868562e-01
    7.46125221e-01 1.21798813e-02 6.03094101e-01 1.04776025e-01
    7.76427627e-01 5.24415672e-02 8.00733328e-01 5.11550784e-01
    3.08765233e-01 2.90404677e-01 1.08255804e-01 9.31023240e-01
    7.59093165e-01 7.88176060e-02 7.62769461e-01 6.72135651e-01
    8.24116528e-01 2.66593397e-01 1.88641131e-01 2.41575241e-01
    2.81630278e-01 5.27946651e-02 1.02724731e-02 9.00278211e-01
    2.39875793e-01 8.65245402e-01 6.00024045e-01 3.62655044e-01
    7.08332777e-01 1.39835685e-01 8.36115956e-01 5.06978929e-02
    7.54709005e-01 7.99289227e-01 1.00303650e-01 8.74158025e-01
    7.11466551e-01 5.28846264e-01 5.13638914e-01 2.06858903e-01
    4.52081949e-01 5.64257801e-02 3.32002342e-01 7.25721478e-01
    5.93146443e-01 6.51428819e-01 3.45246315e-01 4.45274025e-01
    8.83203626e-01 3.04445744e-01 3.89133424e-01 8.14162374e-01
    7.93366671e-01 5.62725663e-01 9.32065129e-01 1.85198426e-01
    3.20240021e-01 9.76439118e-01 6.66820705e-01 8.87842417e-01
    1.63795501e-01 2.19530374e-01 7.66102672e-01 3.44557881e-01
    9.00812864e-01 2.79760152e-01 1.45485282e-01 8.96162748e-01
    9.96237874e-01 8.58075082e-01 1.02675796e-01 6.29082382e-01
    7.71132410e-02 7.38085389e-01 9.62608635e-01 5.61150134e-01
    5.36873937e-03 5.93551815e-01 2.44230032e-03 5.37318051e-01
    7.54257858e-01 5.44864058e-01 9.56684947e-02 2.94800997e-01
    2.92461157e-01 4.45781708e-01 7.77033448e-01 8.59635651e-01
    4.72689718e-01 4.85032529e-01 2.57311344e-01 1.09539092e-01
    7.41669536e-01 9.63412225e-02 5.93904734e-01 3.78655493e-02
    6.72275186e-01 7.67061830e-01 5.42196631e-01 6.83647454e-01
    1.66770697e-01 7.71834493e-01 5.82350135e-01 9.97271121e-01
    6.62719369e-01 2.46615112e-01 7.06053138e-01 5.20114541e-01
    3.51000965e-01 1.95994556e-01 4.40954149e-01 1.10967904e-01
    5.04224300e-02 8.96583319e-01 4.29989815e-01 9.44026113e-02
    9.42142546e-01 3.19799781e-03 8.92653704e-01 9.80490446e-01
    3.01522017e-01 4.82820481e-01 3.69499147e-01 3.20110738e-01
    9.99870300e-02 7.69184470e-01 8.48043561e-01 6.32914305e-01
    4.99538004e-01 7.46292353e-01 6.13504112e-01 9.68774974e-01
    4.08776879e-01 4.66539413e-01 4.73148048e-01 9.18426216e-02
    2.61852205e-01 1.80611312e-02 1.38475567e-01 9.99753773e-02
    4.27205533e-01 8.63624573e-01 5.68987668e-01 1.31003469e-01
    7.47182786e-01 5.61833501e-01 1.20305717e-02 9.01397824e-01
    2.58607686e-01 8.56069326e-01 2.53619850e-02 1.39146268e-01
    9.16539907e-01 2.26701587e-01 3.18465114e-01 1.10551596e-01
    2.62211412e-01 5.60642838e-01 5.06072581e-01 4.32943106e-02
    1.42589658e-01 5.30405521e-01 3.07264924e-03 2.33715415e-01
    7.28041112e-01 3.28324556e-01 9.53529298e-01 8.85401964e-01
    7.81307101e-01 9.81301248e-01 5.84028065e-02 2.90256739e-01
    2.18432844e-01 7.04870462e-01 8.46822143e-01 2.23618656e-01
    6.53742373e-01 1.71353787e-01 9.60294604e-02 4.28276747e-01
    2.69156277e-01 8.07648242e-01 8.17821324e-01 8.68039131e-01
    6.84455276e-01 9.18232799e-02 8.86661708e-02 9.82460141e-01
    4.46291625e-01 9.49553013e-01 9.66336846e-01 3.31709385e-01
    6.00722075e-01 5.98387420e-02 5.46479821e-01 4.07879055e-02
    8.12898159e-01 8.19478035e-01 3.87610972e-01 9.85548854e-01
    5.64296722e-01 8.56858253e-01 2.26781934e-01 1.22933626e-01
    4.25240397e-01 6.24033928e-01 1.95388287e-01 8.88309836e-01
    4.58405942e-01 5.69860697e-01 1.05835289e-01 7.24081755e-01
    2.48405218e-01 5.58910966e-02 2.66689658e-01 6.58810794e-01
    6.27182841e-01 5.71273386e-01 5.42824626e-01 5.93490124e-01
    7.21214414e-02 2.20963418e-01 1.13280088e-01 4.87365723e-02
    3.67417336e-01 6.20157778e-01 6.54233515e-01 8.80035758e-01
    4.88829464e-01 7.35290289e-01 5.38635015e-01 7.50882387e-01
    1.00198567e-01 3.00329626e-01 2.90502518e-01 2.09849060e-01
    1.04581952e-01 3.77021611e-01 4.89181727e-01 7.13322163e-01
    9.02840912e-01 7.61727929e-01 3.99403036e-01 5.99507809e-01
    9.47394490e-01 4.08566296e-01 5.06714821e-01 5.33834219e-01
    4.96067584e-01 7.34601378e-01 3.33929062e-03 8.21334362e-01
    7.04131246e-01 5.18219352e-01 3.52890491e-01 4.90909845e-01
    1.06361717e-01 7.65792370e-01 5.37140965e-01 1.64300710e-01
    1.83462590e-01 4.59171832e-01 6.06166422e-01 9.13589239e-01
    3.97419393e-01 7.56324291e-01 2.93330967e-01 8.87100816e-01
    5.54201126e-01 4.18635637e-01 1.20976746e-01 4.93307948e-01
    8.65594268e-01 8.39393139e-01 9.96690691e-01 1.00214928e-01
    9.30216432e-01 2.33710647e-01 6.08735085e-01 8.64907682e-01
    9.97692168e-01 1.09049678e-01 8.90059829e-01 5.64884841e-02
    8.40793848e-01 7.75343478e-02 5.46352327e-01 1.60383373e-01
    8.56546462e-01 4.27150607e-01 3.37792039e-01 6.77464843e-01
    4.39105928e-02 9.33811188e-01 8.07322443e-01 2.64915287e-01
    7.07126260e-01 4.49957639e-01 9.30832386e-01 4.41710204e-01
    5.99028885e-01 4.24623102e-01 9.78194833e-01 6.80178463e-01
    7.37604797e-01 9.58490849e-01 4.74810004e-02 3.58137757e-01
    3.88525695e-01 2.26095676e-01 2.92964637e-01 2.30749041e-01
    6.94397807e-01 8.41228962e-01 3.03227395e-01 2.90406346e-02
    3.75860304e-01 5.08065522e-01 8.59162211e-02 3.06669712e-01
    1.34027719e-01 3.56457561e-01 7.05777586e-01 9.79154885e-01
    1.23337477e-01 7.41712034e-01 5.94836175e-01 7.79194236e-01
    2.64915466e-01 9.08525109e-01 6.56351805e-01 6.72767401e-01
    3.32227170e-01 3.81514966e-01 5.07166266e-01 6.29360437e-01
    9.38862443e-01 9.65403497e-01 9.53378320e-01 4.43611592e-01
    2.19980568e-01 6.81611478e-01 5.86501479e-01 4.94139940e-01
    5.42560279e-01 5.11130869e-01 2.29853213e-01 8.89844120e-01
    2.11724550e-01 3.35107476e-01 8.59700918e-01 9.01042759e-01
    4.59214836e-01 9.79282141e-01 9.15188253e-01 1.04245931e-01
    8.84508610e-01 4.29214776e-01 1.10589415e-01 9.57479477e-01
    2.27130175e-01 9.54526961e-02 8.35069060e-01 8.93672109e-01
    8.55489373e-01 5.30379891e-01 1.04452789e-01 7.01921582e-01
    1.25213206e-01 3.56225669e-01 1.17563993e-01 8.62334013e-01
    5.24346650e-01 4.72156405e-02 5.40731549e-02 7.87013948e-01
    4.78697538e-01 9.67150569e-01 6.01402044e-01 9.93436575e-01
    7.54504204e-01 3.97725135e-01 7.83246875e-01 8.41631413e-01
    7.31589258e-01 2.85691321e-01 8.11780214e-01 6.70049191e-01
    1.91264331e-01 6.11526966e-02 6.58794940e-01 8.69780481e-01
    6.77366257e-02 6.71813488e-01 5.12178361e-01 7.03634202e-01
    5.29457569e-01 4.29104924e-01 2.18358099e-01 2.83656389e-01
    4.69243526e-02 1.81322098e-02 5.93322635e-01 7.02514887e-01
    4.69755799e-01 1.39641792e-01 4.18353945e-01 9.01962698e-01
    2.18583643e-02 9.90682364e-01 9.23467636e-01 5.00761330e-01
    1.73196852e-01 5.06236851e-01 3.07126880e-01 3.65543246e-01
    7.05659986e-01 4.63367194e-01 5.53177416e-01 8.96120965e-02
    6.77725971e-01 5.90217948e-01 3.38254809e-01 2.09600747e-01
    1.74357206e-01 8.05637538e-02 5.42298079e-01 5.62054217e-01
    8.43950510e-01 1.85714871e-01 4.57944781e-01 2.58431792e-01
    8.94536257e-01 5.87921202e-01 1.29425079e-01 8.17302763e-01
    2.28845567e-01 2.71373808e-01 3.88286412e-01 4.33314800e-01
    4.51172739e-01 8.85910988e-01 6.27259135e-01 6.02718413e-01
    5.33655345e-01 6.48459494e-01 8.07202816e-01 3.16247225e-01
    1.41268730e-01 7.70180106e-01 7.03072309e-01 6.09633803e-01
    9.82284188e-01 5.39769411e-01 6.51042879e-01 3.87111843e-01
    1.94527447e-01 1.37978226e-01 1.03178322e-01 9.45855081e-02
    9.46156740e-01 5.18936276e-01 7.18886375e-01 7.43504226e-01
    4.90915745e-01 1.19169384e-01 7.59523511e-02 5.25231600e-01
    3.24166447e-01 7.35559583e-01 6.02618039e-01 7.00192451e-01
    4.67760861e-01 6.50429547e-01 4.62849915e-01 7.80384004e-01
    6.68516755e-02 9.20314193e-02 9.14995432e-01 6.67760730e-01
    8.92354369e-01 3.69442642e-01 4.13029641e-01 6.79385543e-01
    6.65418625e-01 3.10632229e-01 5.04414558e-01 2.63023674e-01
    3.60951692e-01 2.39973277e-01 9.67730522e-01 3.20626318e-01
    6.75706983e-01 6.58263445e-01 4.21494961e-01 5.07725179e-02
    2.32930332e-01 1.12373948e-01 9.67641950e-01 8.68245482e-01
    9.76230562e-01 8.02178621e-01 1.47715211e-03 5.77909231e-01
    2.25583941e-01 8.78826976e-01 8.59097719e-01 7.20594466e-01
    7.47442007e-01 9.20382440e-02 8.63842964e-01 9.56430018e-01
    1.95237130e-01 6.17556572e-01 1.82230353e-01 1.26946568e-01
    2.90018618e-02 4.40047383e-01 3.45993698e-01 7.75264263e-01
    4.12829399e-01 7.29894340e-01 6.41278327e-01 7.62487411e-01
    1.57855093e-01 5.85979879e-01 4.51071560e-02 3.95664662e-01
    6.99822664e-01 8.24372292e-01 7.27853179e-03 3.29908669e-01
    3.08024555e-01 5.83594084e-01 5.79961419e-01 7.67824411e-01
    2.78329194e-01 7.00864494e-01 5.62836051e-01 1.24173760e-02
    3.10838819e-01 7.95452118e-01 2.13295579e-01 1.28076017e-01
    8.63728940e-01 8.96445751e-01 5.69383264e-01 2.44446039e-01
    9.64657664e-01 1.54470176e-01 6.62732124e-01 2.90993333e-01
    7.05297530e-01 8.88975859e-01 6.57811522e-01 5.89612067e-01
    2.21216977e-02 2.71416903e-01 2.38486528e-02 7.33365178e-01
    6.30013049e-02 6.50501549e-01 7.81466901e-01 9.18210566e-01
    8.49372029e-01 9.70950723e-01 1.13663763e-01 7.59925485e-01
    5.14189482e-01 1.93951547e-01 2.04852432e-01 2.59697646e-01
    7.00644851e-02 2.90823519e-01 1.58270836e-01 1.73906088e-01
    6.97487593e-01 7.31133819e-02 5.69982171e-01 1.68766916e-01
    4.41127628e-01 4.35990870e-01 3.15431476e-01 9.08317268e-01
    9.44763184e-01 6.95589900e-01 8.44255745e-01 7.21526265e-01
    8.45723748e-02 7.68501163e-01 4.08891320e-01 9.47078407e-01
    5.66259503e-01 6.90679669e-01 9.61798429e-01 9.69617605e-01
    1.99163914e-01 8.77801955e-01 4.98997271e-01 3.48117530e-01
    5.23534000e-01 2.78503239e-01 6.83120489e-01 7.42704988e-01
    1.98774785e-01 4.42620039e-01 3.95916104e-01 1.23658508e-01
    4.42704588e-01 4.89485651e-01 4.05586988e-01 7.11471438e-01
    2.58276552e-01 6.77878022e-01 7.52762198e-01 5.90317070e-01
    8.76585126e-01 9.93306041e-01 1.61490023e-01 1.44073695e-01
    6.33932769e-01 6.43610954e-01 3.85619104e-01 3.20629716e-01
    7.71800399e-01 8.25624943e-01 2.90807009e-01 2.88292766e-03
    4.52141881e-01 5.22592306e-01 3.48721504e-01 4.07073319e-01
    3.41605753e-01 1.69884771e-01 9.57287788e-01 4.76243198e-02
    6.92829430e-01 5.85589051e-01 1.06962770e-01 6.15902662e-01
    2.84154236e-01 1.28283113e-01 9.03453827e-01 4.37274277e-02
    5.36108494e-01 7.53705919e-01 4.48491514e-01 6.03694618e-01
    8.16801786e-01 7.48037755e-01 4.51210797e-01 1.49968863e-02
    5.59116602e-01 4.22016740e-01 5.31283021e-03 1.44607872e-01
    1.25851184e-01 4.18937832e-01 3.34654212e-01 4.83120412e-01
    5.92080057e-01 9.39683855e-01 7.49999523e-01 4.44193602e-01
    2.16362417e-01 5.93799114e-01 5.81952333e-01 8.56844544e-01
    8.95741701e-01 2.92530656e-03 6.31646514e-01 6.18163645e-02
    5.30532897e-01 6.94500208e-01 9.12278295e-01 8.73435438e-01
    9.02307391e-01 6.03604734e-01 7.45451212e-01 8.78533900e-01
    6.16390288e-01 1.71777248e-01 6.22864664e-01 5.30897677e-01
    1.28045112e-01 1.82214528e-01 9.61727798e-02 8.95798087e-01
    1.43943131e-02 2.84080446e-01 1.20454729e-02 6.24813676e-01
    4.15111840e-01 2.41432428e-01 6.93985820e-01 8.37936997e-03
    7.35733867e-01 9.33260560e-01 1.33374333e-02 9.72848654e-01
    6.02180421e-01 9.85687137e-01 1.55324340e-01 1.63750648e-02
    3.34988058e-01 4.14024234e-01 3.35189402e-01 9.95891929e-01
    6.27841949e-02 7.32111692e-01 5.47699392e-01 3.00992727e-02
    1.43704087e-01 1.70694828e-01 9.00569558e-01 6.91186011e-01
    9.33102369e-01 3.68977368e-01 6.48845553e-01 8.40530992e-02
    6.86023057e-01 1.74516261e-01 6.39804363e-01 5.66116512e-01
    8.43306661e-01 9.51146841e-01 5.45711935e-01 9.49092150e-01
    3.08602899e-01 9.67558801e-01 4.19449210e-02 7.56440401e-01
    4.64124262e-01 9.50574100e-01 1.24256939e-01 6.92163885e-01
    9.94365036e-01 1.78083926e-01 1.22746885e-01 5.71092486e-01
    3.92230988e-01 3.55819762e-02 5.38740814e-01 9.66858029e-01
    1.74376965e-02 5.85538149e-02 8.13509583e-01 2.50302255e-01
    3.05980444e-02 1.76395535e-01 3.46193671e-01 8.40581775e-01
    2.27915049e-01 2.94211090e-01 8.76680017e-02 1.17730767e-01
    8.24563503e-01 2.15122968e-01 2.62980461e-01 8.68312478e-01
    5.40992379e-01 9.87395346e-01 9.07225728e-01 2.42681801e-02
    3.90687197e-01 2.91091889e-01 3.72445613e-01 7.52225161e-01
    3.16830307e-01 1.00505084e-01 5.19735396e-01 3.84539485e-01
    6.95146918e-01 4.91893619e-01 4.92666513e-01 1.40578538e-01
    4.67776209e-01 8.34422648e-01 2.51407743e-01 1.06304467e-01
    7.39923716e-01 9.57728624e-01 2.54131109e-01 1.78988397e-01
    1.73016548e-01 6.82088733e-03 4.95163590e-01 3.46787274e-01
    9.56706285e-01 1.59157217e-01 8.93178105e-01 2.89677501e-01
    7.70581365e-01 8.99973214e-01 1.67584419e-01 1.07265711e-02
    7.85038471e-01 1.23832166e-01 6.41739070e-01 7.68158495e-01
    6.20984614e-01 5.74663877e-01 6.88046515e-01 1.31681770e-01
    1.83859855e-01 2.90013254e-01 7.50669241e-01 9.97116327e-01
    5.85868180e-01 9.95989323e-01 4.24647033e-02 2.97665983e-01
    8.67441475e-01 8.07113886e-01 5.84509492e-01 2.36584783e-01
    3.59670758e-01 5.91418743e-02 2.88520157e-01 9.15349603e-01
    9.45311427e-01 3.50577861e-01 1.67495370e-01 1.32189900e-01
    3.60662878e-01 1.29922777e-01 7.05385447e-01 5.55763900e-01
    6.54612064e-01 8.08477104e-02 2.95908123e-01 5.99565625e-01
    3.26678842e-01 2.71460533e-01 1.73009694e-01 8.35904598e-01
    7.96642601e-02 6.08218253e-01 6.42016232e-01 7.83333242e-01
    3.64782512e-02 1.53207779e-01 6.73845232e-01 4.04050589e-01
    5.30452728e-01 4.82215822e-01 5.79885483e-01 2.22124875e-01
    1.02927566e-01 9.85280335e-01 7.70635307e-01 2.66000658e-01
    4.03230876e-01 2.51825243e-01 6.73762321e-01 5.28943837e-02
    7.23818660e-01 5.08337855e-01 3.59270871e-02 1.01053357e-01
    1.74730659e-01 9.50542629e-01 8.37663174e-01 8.98027897e-01
    5.71309805e-01 3.02745938e-01 7.19597638e-02 6.13381028e-01
    4.03616458e-01 8.61355186e-01 6.60593808e-01 5.13707757e-01
    8.97064924e-01 4.35188144e-01 5.00405610e-01 9.32032347e-01
    2.15247154e-01 2.81089008e-01 6.78647935e-01 2.11366415e-01
    4.86716062e-01 7.56917059e-01 7.79693484e-01 3.36344481e-01
    1.41368926e-01 1.49525702e-02 1.95315868e-01 7.28848755e-01
    8.83469641e-01 9.10270810e-01 9.63016450e-01 8.41299891e-01
    4.84830707e-01 6.78585410e-01 3.67165148e-01 1.61414951e-01
    1.63631707e-01 7.02977836e-01 5.96529126e-01 8.57374072e-03
    2.00150818e-01 7.57272482e-01 3.92175138e-01 2.69500494e-01
    6.60368919e-01 6.32719040e-01 1.34730309e-01 7.40798771e-01
    3.48350585e-01 8.92762959e-01 7.53806055e-01 6.20610297e-01
    1.49988025e-01 5.05563080e-01 2.39623487e-01 7.64337897e-01
    6.09315038e-01 5.80461621e-01 5.12613535e-01 2.88726151e-01
    3.50397110e-01 3.05339962e-01 5.97585082e-01 9.48959947e-01
    3.83737624e-01 6.57136619e-01 4.69309837e-01 9.08957243e-01
    2.32155740e-01 6.20195210e-01 8.02201927e-02 5.41585088e-02
    7.52056301e-01 6.90719724e-01 2.86904514e-01 6.74375713e-01
    9.43348825e-01 9.58974421e-01 9.13335383e-01 4.92820412e-01
    2.28674024e-01 6.82735801e-01 6.53268754e-01 8.62730443e-02
    8.84016275e-01 9.78111267e-01 4.36403573e-01 5.24149001e-01
    3.61464858e-01 8.54470849e-01 9.47127938e-02 5.26619494e-01
    3.71089637e-01 7.88614750e-01 6.48785412e-01 5.95002770e-01
    7.71237910e-01 7.48454928e-01 2.09149033e-01 6.73272312e-01
    8.70223641e-02 9.72074091e-01 6.50751054e-01 9.84649181e-01
    4.73448038e-01 1.85069263e-01 8.92258167e-01 9.01556015e-01
    8.33136320e-01 5.29896736e-01 9.35019612e-01 4.38329905e-01
    6.75225854e-02 9.53248799e-01 7.64917135e-01 6.73797965e-01
    4.21772599e-02 7.27917612e-01 2.26227999e-01 3.97955537e-01
    4.49866354e-01 3.03555191e-01 2.31909841e-01 4.17707384e-01
    4.90910321e-01 7.55711317e-01 1.38321161e-01 8.48864555e-01
    7.23747313e-02 8.46937060e-01 1.70341253e-01 2.14474291e-01
    4.57862765e-01 4.91706282e-01 2.21188307e-01 6.73130453e-01
    1.62271082e-01 2.68709421e-01 5.25808334e-01 7.59362340e-01
    7.79720366e-01 1.27015293e-01 4.60317731e-01 1.80862129e-01
    2.93319464e-01 2.70097256e-01 2.81932294e-01 5.46073854e-01
    4.86956239e-01 6.54953659e-01 5.84610760e-01 9.96415019e-02
    4.47038472e-01 5.51408410e-01 5.28453887e-01 9.20693636e-01
    7.31388211e-01 5.51530719e-01 5.86087525e-01 9.02922392e-01
    2.92692661e-01 5.20528674e-01 8.54553342e-01 6.63691223e-01
    2.44623482e-01 8.45778286e-02 1.43591493e-01 4.06226307e-01
    9.76275086e-01 4.95421499e-01 6.74907923e-01 1.29655302e-02
    4.27739799e-01 5.49757361e-01 1.54337019e-01 1.72135085e-01
    8.83865416e-01 4.67391342e-01 2.25511760e-01 4.65796471e-01
    3.26827705e-01 7.48460531e-01 1.74862653e-01 2.91882753e-01
    7.50577092e-01 5.91320872e-01 1.22144222e-01 4.38670456e-01
    7.58257926e-01 9.86875296e-02 5.14911234e-01 6.84816599e-01
    9.99899983e-01 9.86107051e-01 3.43949050e-01 4.98318255e-01
    4.76714522e-01 2.03751653e-01 2.48571694e-01 8.70393991e-01
    9.34742093e-01 5.81340194e-01 6.15567565e-01 3.70593071e-01
    8.04683089e-01 7.33222365e-01 6.82493448e-01 8.94217372e-01
    8.26711774e-01 1.13331795e-01 7.35609412e-01 6.38182044e-01
    3.46010715e-01 2.34657675e-01 7.79279232e-01 5.75698972e-01
    2.02963978e-01 3.42868865e-02 1.83188826e-01 8.71506095e-01
    1.96266204e-01 3.44764620e-01 6.80197418e-01 6.47752762e-01
    8.58300090e-01 8.41559410e-01 2.15049326e-01 8.47382784e-01
    8.13126445e-01 4.74425554e-01 2.23374844e-01 7.37054050e-01
    9.85394418e-02 9.56417561e-01 6.09483659e-01 6.93412185e-01
    8.43724549e-01 9.49066579e-02 4.26724166e-01 6.84191644e-01
    5.65669298e-01 5.61866164e-01 6.72899187e-02 5.16107976e-01
    8.22614551e-01 6.90804720e-01 8.96253228e-01 4.53954697e-01
    2.59665012e-01 6.55052423e-01 6.44295812e-01 8.41402292e-01
    7.13175476e-01 4.60607439e-01 8.17957819e-02 9.98230696e-01
    8.23247552e-01 5.55109382e-02 5.25562465e-02 7.66147971e-01
    8.75886321e-01 6.97430909e-01 5.19768298e-01 7.00559974e-01
    9.95838881e-01 5.36534250e-01 8.32729936e-01 2.21255988e-01
    4.33146834e-01 6.31257713e-01 8.65287185e-01 1.24004692e-01
    9.57222462e-01 1.41562521e-01 2.91532755e-01 7.84595370e-01
    9.38247740e-02 8.19099545e-01 6.41708136e-01 7.55700588e-01
    8.60394239e-01 9.90280986e-01 7.88727164e-01 3.29050928e-01
    5.72096825e-01 3.99517596e-01 9.78585601e-01 4.07565445e-01
    3.32413912e-01 4.44740444e-01 3.11102748e-01 7.60887325e-01
    8.50075245e-01 4.21169043e-01 5.15853107e-01 9.81647193e-01
    7.47461498e-01 4.93038416e-01 7.73167610e-01 4.92957413e-01
    9.38884854e-01 5.17261028e-02 9.22240019e-01 3.42983067e-01
    2.15131044e-02 8.63752961e-01 5.80582559e-01 6.06068134e-01
    3.15586030e-02 2.52794087e-01 6.44206524e-01 2.97491610e-01
    1.43865734e-01 2.97383696e-01 3.99500400e-01 1.88646108e-01
    7.14364886e-01 2.07341820e-01 4.08386678e-01 8.73769760e-01
    1.71368092e-01 5.21938324e-01 6.23967588e-01 6.72544301e-01
    3.32402885e-01 7.58051872e-02 6.37608647e-01 6.54896498e-01
    8.88536930e-01 1.25502646e-01 2.39348352e-01 5.73729753e-01
    4.58593428e-01 6.21035576e-01 6.62321448e-02 3.90720099e-01
    4.63968277e-01 5.85453033e-01 6.72809601e-01 7.99276531e-02
    3.13579708e-01 6.39504910e-01 2.81380296e-01 1.57321393e-02
    8.47288132e-01 8.73393834e-01 2.24334091e-01 4.08037484e-01
    8.70590627e-01 8.74925256e-01 2.03588903e-01 7.92293549e-01
    3.35764945e-01 4.76518363e-01 5.73857069e-01 2.65954107e-01
    3.18125546e-01 6.01685345e-01 1.97515905e-01 2.80658305e-01
    1.98094308e-01 5.15964985e-01 8.56299162e-01 2.76595056e-01
    6.64946496e-01 3.94165248e-01 8.53190660e-01 6.11382127e-01
    6.02843225e-01 9.43160534e-01 4.04027790e-01 5.69908857e-01
    5.42543471e-01 8.49517584e-01 7.42869973e-02 5.14101744e-01
    9.04487610e-01 4.20146644e-01 7.34411657e-01 1.24183893e-02
    7.17453718e-01 7.83733010e-01 4.30742294e-01 1.16795242e-01
    3.88309598e-01 9.05912697e-01 6.52032495e-01 3.65362614e-01
    5.52807629e-01 7.93467522e-01 7.73699164e-01 5.07428288e-01
    9.93903518e-01 8.81866693e-01 7.48899579e-01 9.63614881e-01
    9.42839205e-01 2.77559549e-01 7.32019365e-01 6.99067175e-01
    7.55591631e-01 5.39071739e-01 3.06602448e-01 7.55576313e-01
    4.04887944e-01 7.26685882e-01 2.15673178e-01 6.56759858e-01
    6.18634999e-01 1.54089034e-01 4.40523088e-01 6.94043994e-01
    3.84705931e-01 5.44642985e-01 4.30385917e-01 5.45033395e-01
    2.57595986e-01 1.20714188e-01 3.63388300e-01 2.19265908e-01
    3.06801409e-01 5.26873052e-01 7.03913569e-01 7.37744272e-01
    1.94095671e-01 7.66384244e-01 2.13726163e-01 1.91172481e-01
    2.10809469e-01 9.68571961e-01 4.93397623e-01 5.71919262e-01
    4.88783449e-01 6.48864090e-01 2.62602061e-01 6.13056839e-01
    2.29135960e-01 5.55454314e-01 5.23595452e-01 3.34986627e-01
    5.97968340e-01 1.71828806e-01 5.42369664e-01 2.41199136e-02
    1.49141639e-01 6.04173660e-01 1.08191371e-02 9.49562907e-01
    9.15682077e-01 1.79075569e-01 8.76899123e-01 5.83803535e-01
    8.19780231e-01 5.77855349e-01 3.97532284e-01 2.22262740e-03
    3.44889879e-01 4.71140712e-01 9.83748198e-01 1.40550435e-01
    3.48323345e-01 5.19283593e-01 3.87536764e-01 9.40401912e-01
    4.76957023e-01 1.52560771e-02 8.10421646e-01 5.26411533e-02
    4.52398866e-01 8.16827416e-01 7.27947652e-02 7.19685078e-01
    3.37194800e-02 7.88480043e-01 7.97645092e-01 1.10156149e-01
    7.77749419e-01 6.72843277e-01 9.53230560e-01 7.19833672e-02
    2.34500319e-01 6.85693383e-01 6.33639455e-01 6.71168447e-01
    8.63239169e-02 1.73650384e-01 5.53828597e-01 1.47230327e-02
    5.84703505e-01 9.06211495e-01 5.11469245e-01 4.73472536e-01
    2.48261601e-01 5.72098553e-01 5.33337235e-01 6.34251475e-01
    6.93631053e-01 1.39481723e-02 9.15610075e-01 3.45355868e-01
    4.33985949e-01 8.34469736e-01 1.59674734e-01 9.97102618e-01
    5.77100217e-01 6.29214466e-01 1.98825121e-01 9.80718374e-01
    5.58272243e-01 5.46283960e-01 2.29322851e-01 3.39931786e-01
    8.32349062e-01 4.81886268e-02 7.45193064e-02 6.56263709e-01
    8.29031467e-02 1.26622021e-02 7.91989803e-01 1.08107477e-01
    7.07638562e-02 5.39161205e-01 5.53050637e-02 8.82630467e-01
    3.74212325e-01 1.56018466e-01 7.54301310e-01 7.06743121e-01
    4.39168811e-02 6.59899771e-01 6.09465599e-01 4.09180582e-01
    7.83153176e-01 4.34032857e-01 2.16969579e-01 9.93630648e-01
    1.58188462e-01 2.40072250e-01 5.24809659e-01 2.63133913e-01
    2.96499133e-01 8.11857462e-01 3.41469049e-02 2.72712469e-01
    7.32120574e-01 4.62045789e-01 1.80743843e-01 4.40710187e-02
    6.09689176e-01 1.87223911e-01 6.97631061e-01 5.22084236e-01
    3.64770710e-01 2.80178815e-01 6.52212143e-01 9.18146729e-01
    4.78547156e-01 4.75827515e-01 5.96024692e-02 6.18457139e-01
    2.03649580e-01 8.17427099e-01 4.71671045e-01 4.18317258e-01
    2.45703965e-01 6.09154344e-01 1.07246339e-01 8.92593861e-01
    8.52066755e-01 9.82262015e-01 5.40007472e-01 8.54462147e-01
    1.20194882e-01 8.95223737e-01 3.87444466e-01 6.77355647e-01
    9.62950468e-01 2.11909056e-01 7.75656462e-01 2.48266131e-01
    2.90100455e-01 9.40730810e-01 5.44207871e-01 3.90750706e-01
    8.29021692e-01 7.04317808e-01 5.86444497e-01 4.71364647e-01
    4.09280151e-01 7.88805604e-01 9.75169897e-01 3.84795487e-01
    4.78320271e-01 8.75982344e-02 4.45036739e-01 4.93360668e-01
    1.25200003e-01 7.03156829e-01 5.11986554e-01 8.81349564e-01
    3.03820193e-01 2.27457464e-01 9.70276713e-01 6.80466533e-01
    8.87249112e-01 4.55961466e-01 7.64344811e-01 6.88684821e-01
    8.84914994e-01 6.16181612e-01 4.01823431e-01 5.32609999e-01
    4.72559065e-01 4.17824328e-01 1.90101415e-01 7.07893968e-01
    1.32303834e-02 2.06533730e-01 7.94540763e-01 6.61518216e-01
    8.88783276e-01 2.42322266e-01 4.37209100e-01 2.49653697e-01
    2.93691576e-01 5.29621363e-01 4.48020041e-01 7.33759701e-02
    8.48919630e-01 9.22190964e-01 8.53291392e-01 6.05425537e-01
    4.12626892e-01 6.90719724e-01 1.42122060e-01 3.04257035e-01
    7.82785952e-01 1.08631790e-01 4.52034324e-01 7.31796861e-01
    8.89359117e-01 2.39018321e-01 2.05293566e-01 2.79992700e-01
    8.65197241e-01 4.84600723e-01 4.41163778e-02 1.17740661e-01
    3.08714211e-01 2.30546504e-01 7.11388946e-01 1.92619741e-01
    2.43826956e-01 2.12380439e-01 5.02054095e-02 4.34960157e-01
    4.38113987e-01 8.15980971e-01 8.20150137e-01 5.67231297e-01
    1.23283714e-01 5.48341274e-01 4.42011356e-01 4.95810211e-01
    9.41557169e-01 7.26646245e-01 8.64805043e-01 6.45432532e-01
    9.08333957e-02 3.76644313e-01 8.64536405e-01 5.62426686e-01
    9.86290097e-01 7.09767640e-02 8.96922529e-01 4.51324284e-01
    3.87249023e-01 7.43223190e-01 8.61316323e-01 8.20016503e-01
    3.56389284e-01 1.32512450e-01 3.65926862e-01 3.66161406e-01
    2.20877200e-01 2.68782794e-01 3.53402436e-01 7.73995996e-01
    6.94504380e-01 5.99176168e-01 8.33408415e-01 2.54523277e-01
    9.64663923e-01 7.63744771e-01 5.75074255e-01 5.21435201e-01
    4.35503066e-01 2.04240084e-01 6.63081050e-01 1.82121515e-01
    7.47070014e-02 2.20966190e-01 8.73016238e-01 4.06250954e-01
    3.40809464e-01 8.05657804e-02 1.81519985e-03 2.00665057e-01
    8.41432989e-01 6.20511234e-01 7.95689225e-02 8.11449528e-01
    1.27888292e-01 9.76657391e-01 2.13687003e-01 9.93831635e-01
    3.54835480e-01 9.15167153e-01 8.16268444e-01 2.70864725e-01
    7.38609672e-01 8.84499550e-02 6.35292649e-01 5.46228528e-01
    3.64503086e-01 1.63617551e-01 7.90240645e-01 3.78275633e-01
    3.04352045e-02 2.07787275e-01 1.91935807e-01 7.97131658e-03
    4.15830672e-01 6.99263930e-01 7.92303443e-01 7.22713768e-02
    6.56389236e-01 9.89688277e-01 9.43323970e-03 4.39360201e-01
    9.63911414e-01 2.92344332e-01 1.83907866e-01 6.78295553e-01
    1.25822097e-01 7.40511298e-01 6.83379292e-01 2.59866774e-01
    2.62602150e-01 7.57325172e-01 1.28220588e-01 4.10703301e-01
    3.01903486e-03 6.10954106e-01 1.03595853e-03 8.33831191e-01
    1.18218213e-01 8.86838794e-01 7.67556548e-01 4.44851428e-01
    3.48888099e-01 4.15846378e-01 8.17520022e-01 8.45891833e-02
    5.65057218e-01 4.15872216e-01 7.87187040e-01 1.77189976e-01
    6.76338851e-01 8.35662484e-01 1.84044510e-01 2.94455111e-01
    8.30038011e-01 1.89437807e-01 9.44159806e-01 8.56801152e-01
    6.30510807e-01 2.03834653e-01 2.79142171e-01 2.11143792e-01
    9.91931915e-01 4.11671251e-01 7.29238749e-01 2.38241553e-02
    9.87722695e-01 9.26280022e-03 5.02569675e-01 1.30814970e-01
    9.67184782e-01 4.81488943e-01 1.29054666e-01 9.73699212e-01
    7.31761336e-01 1.87395871e-01 3.06412190e-01 5.94981611e-02
    8.42479467e-02 5.33821464e-01 6.44021749e-01 7.81966209e-01
    1.60629779e-01 1.38197333e-01 5.37372291e-01 1.43851966e-01
    4.85334694e-01 2.03936994e-02 2.80685872e-01 2.08518505e-01
    7.18554497e-01 5.97006202e-01 4.93105680e-01 7.76927710e-01
    8.29335034e-01 8.29623580e-01 8.18431973e-02 6.89216077e-01
    6.43623650e-01 2.70602286e-01 7.89150476e-01 7.85853744e-01
    1.36221379e-01 7.01248884e-01 8.07502806e-01 4.97609079e-02
    1.04349107e-01 8.60796988e-01 9.56390798e-02 1.33567154e-01
    6.66649461e-01 6.06571853e-01 4.75845486e-01 6.24000192e-01
    4.60104465e-01 3.57237160e-02 9.24643755e-01 8.92622530e-01
    4.70822483e-01 4.32851970e-01 1.20909482e-01 8.72909904e-01
    3.05412501e-01 3.18387330e-01 4.26459461e-01 2.56967187e-01
    7.45726466e-01 4.98938203e-01 3.28044891e-01 7.25265026e-01
    3.71915847e-01 4.60311115e-01 8.44014585e-01 8.96994472e-01
    6.64466739e-01 7.82477856e-01 7.42616355e-01 8.05714250e-01
    6.91512823e-01 7.03414798e-01 6.64492846e-01 7.46826828e-02
    6.04670346e-01 4.15166110e-01 6.96503580e-01 6.55910969e-01
    2.97293186e-01 1.48157179e-01 2.97735333e-02 8.35379958e-01
    5.15843034e-01 2.96480805e-01 5.24710417e-01 4.81528193e-01
    6.85948610e-01 2.43457675e-01 5.03455937e-01 4.85359132e-01
    9.17426825e-01 9.54609513e-01 8.27742219e-01 5.85521162e-01
    3.05914074e-01 1.50299281e-01 5.57591379e-01 2.89586008e-01
    6.77701116e-01 8.35693181e-01 9.15906131e-01 8.17057610e-01
    3.78968745e-01 7.87034452e-01 9.09939408e-02 4.96496618e-01
    5.95332980e-01 9.00163651e-01 6.72218680e-01 5.67572117e-01
    3.19656432e-02 8.01628232e-02 2.55478442e-01 1.32090777e-01
    8.90902400e-01 9.15798664e-01 2.84087837e-01 7.98476815e-01
    9.08040941e-01 8.79950881e-01 3.03583443e-02 6.49928927e-01
    5.54660678e-01 1.31418914e-01 2.08128721e-01 5.71775436e-01
    1.69336021e-01 2.10354358e-01 1.79984361e-01 4.85079765e-01
    7.14545250e-01 2.64237195e-01 7.39261031e-01 7.57011533e-01
    5.85099757e-02 9.33377624e-01 4.40127939e-01 6.49782479e-01
    9.19730127e-01 2.54198968e-01 6.46050394e-01 5.26697636e-02
    8.10278296e-01 2.67203152e-01 3.84001881e-01 7.83593416e-01
    8.84114683e-01 5.97768128e-02 8.01993012e-01 4.66591328e-01
    3.97250861e-01 9.48611379e-01 1.02776110e-01 9.50174689e-01
    9.11426544e-01 5.23700118e-02 2.26304561e-01 9.49402153e-02
    9.87334967e-01 6.21235609e-01 7.54543543e-01 7.03010201e-01
    2.57653117e-01 5.72316468e-01 9.38282430e-01 6.19578719e-01
    5.72815299e-01 2.24000275e-01 7.07108438e-01 9.19483542e-01
    9.97658849e-01 2.68943369e-01 5.79734564e-01 4.85859513e-02
    3.35311979e-01 2.65092194e-01 6.85371637e-01 1.52930945e-01
    9.37761605e-01 2.16739893e-01 5.18732548e-01 3.62669766e-01
    7.27364063e-01 9.70464349e-01 9.04223621e-01 3.74379516e-01
    3.46162140e-01 3.83989483e-01 8.71188641e-02 2.31548876e-01
    3.17138314e-01 9.71792102e-01 2.73106754e-01 8.53053868e-01
    5.12469590e-01 6.74579501e-01 3.91019583e-01 5.37386298e-01
    6.47167563e-02 2.31894881e-01 6.75379336e-02 2.07848221e-01
    6.15304589e-01 5.48357129e-01 2.43158340e-02 1.53602719e-01
    6.57286108e-01 2.36060083e-01 4.60898370e-01 2.09919274e-01
    6.13353670e-01 4.04197484e-01 4.83588219e-01 9.27196503e-01
    5.85823953e-02 5.12480199e-01 6.46075726e-01 5.35240114e-01
    4.22948003e-02 5.98671675e-01 2.58532941e-01 7.33440101e-01
    9.25033152e-01 4.44999188e-01 1.63560867e-01 5.16439676e-01
    5.94676733e-01 6.67694151e-01 1.01843953e-01 7.16809332e-01
    6.84057534e-01 5.53431451e-01 8.70533705e-01 8.27722251e-01
    2.54835486e-01 4.26766694e-01 7.17400312e-01 3.92049551e-01
    9.20848370e-01 9.57647562e-01 7.46720672e-01 8.02605271e-01
    6.49404883e-01 9.36700106e-01 7.40614593e-01 7.53476143e-01
    2.48787731e-01 2.09728986e-01 8.09684157e-01 8.68576527e-01
    2.65304059e-01 2.23491281e-01 3.81980687e-01 6.31263554e-02
    3.90632838e-01 6.64458156e-01 4.23687816e-01 2.61788011e-01
    4.86943960e-01 1.90289140e-01 6.37712002e-01 4.16420668e-01
    1.43767297e-02 8.04034233e-01 6.87586427e-01 9.33757722e-02
    6.06998801e-01 3.02993059e-01 4.64110374e-01 5.98043203e-04
    5.06797254e-01 2.15834230e-01 7.74976611e-01 4.62169051e-01
    3.58216971e-01 6.75959110e-01 6.70046329e-01 8.99301469e-01
    3.19195032e-01 8.72633338e-01 3.69723737e-01 2.20057398e-01
    7.43815362e-01 2.64189363e-01 3.06921810e-01 9.45115089e-01
    9.45934653e-02 6.04545116e-01 9.43894863e-01 7.16496706e-01
    9.63307381e-01 9.44027603e-01 4.48368013e-01 2.97856718e-01
    7.17407942e-01 8.62849653e-02 1.95996881e-01 4.45168376e-01
    9.20572639e-01 9.19023752e-01 6.98764205e-01 9.68549371e-01
    6.37765408e-01 7.18995571e-01 6.23114645e-01 6.07621193e-01
    3.99262875e-01 8.13313603e-01 7.88007855e-01 5.71511447e-01
    1.16871119e-01 5.15961707e-01 5.21988153e-01 8.67700577e-01
    5.18851757e-01 9.92538154e-01 4.33282554e-01 3.55384499e-01
    7.27825642e-01 5.35385430e-01 8.26331973e-02 1.60777628e-01
    4.94750142e-01 2.87061930e-01 1.47121549e-02 5.30449629e-01
    4.41856802e-01 5.88193595e-01 1.56972259e-01 4.11019802e-01
    8.11266899e-01 7.84346461e-01 8.11460733e-01 1.47741616e-01
    1.25635564e-02 9.82607007e-02 6.63020909e-01 7.64755070e-01
    1.85406655e-01 2.27847070e-01 5.27652502e-02 4.62239265e-01
    8.22386682e-01 5.56249976e-01 5.30991673e-01 1.99361622e-01
    4.86922085e-01 7.12304711e-01 4.01001483e-01 3.96269023e-01
    9.98887479e-01 7.01302886e-01 5.78464508e-01 8.66630435e-01
    3.10975075e-01 4.98671472e-01 4.19993520e-01 8.78329754e-01
    6.76402688e-01 3.37762803e-01 4.39985871e-01 8.46537769e-01
    3.44669819e-02 4.60486144e-01 8.50362301e-01 6.87565923e-01
    4.74328697e-01 1.39226407e-01 4.38484430e-01 7.25842595e-01
    6.80284739e-01 6.37434959e-01 8.02537203e-02 2.86100566e-01
    9.31702971e-01 3.47376883e-01 3.86859059e-01 3.52486074e-01
    7.27225542e-01 9.20991898e-01 7.86641538e-01 2.82867134e-01
    4.81929392e-01 4.74800408e-01 4.54568714e-01 5.83148837e-01
    4.75696266e-01 1.45544946e-01 4.85162407e-01 2.57311642e-01
    9.55349207e-01 8.77140760e-02 1.58154428e-01 6.15092337e-01
    8.40784907e-01 9.95288193e-01 1.66084766e-02 9.21309114e-01
    9.73640680e-01 1.69582725e-01 4.99574006e-01 8.80006254e-01
    5.04521430e-01 1.02634847e-01 3.61984670e-01 6.86832249e-01
    2.05681026e-02 2.11142689e-01 1.90779120e-01 8.97735476e-01
    1.08545393e-01 8.72751832e-01 1.30912930e-01 8.99521708e-01
    8.79770517e-01 5.52147329e-01 3.56100976e-01 6.03213549e-01
    6.10355079e-01 8.22037697e-01 9.76142704e-01 7.87650049e-01
    7.20859110e-01 4.99117523e-01 2.22803444e-01 7.62879372e-01
    2.76191115e-01 9.48508561e-01 1.06406778e-01 7.32666731e-01
    4.18443680e-02 6.39390290e-01 8.40569854e-01 6.89747334e-01
    9.51330066e-01 2.95545608e-01 4.80000347e-01 2.11281747e-01
    7.24647105e-01 5.47980487e-01 6.07417822e-01 6.96255267e-02
    4.75686789e-01 5.81210852e-01 1.42185777e-01 5.22376239e-01
    4.76810247e-01 3.36234301e-01 1.79492831e-01 8.83540392e-01
    6.99948967e-02 3.34455311e-01 4.01779860e-01 8.36225867e-01
    3.70120645e-01 3.20668459e-01 4.56401289e-01 5.94795048e-01
    9.57924724e-01 1.85306638e-01 9.93931532e-01 8.58995914e-01
    1.09302729e-01 6.59619629e-01 2.10466087e-02 8.64570618e-01
    7.29742348e-02 8.48958075e-01 7.75747180e-01 5.58962524e-02
    2.86072403e-01 9.71012115e-02 4.81487751e-01 6.06751740e-02
    6.79673612e-01 8.80486667e-02 4.57243294e-01 9.36019421e-03
    9.38730717e-01 8.22757006e-01 5.70331275e-01 5.72237968e-01
    9.91666079e-01 8.41364622e-01 5.48908114e-02 3.52785915e-01
    5.87080598e-01 3.88980269e-01 8.65942001e-01 2.02360481e-01
    1.33761376e-01 1.05728775e-01 1.02323711e-01 5.38578629e-01
    8.31469595e-02 9.39970255e-01 7.26463437e-01 4.30555612e-01
    1.74156725e-02 1.81743801e-02 3.52212608e-01 8.13698530e-01
    2.59110749e-01 7.70255446e-01 5.42418063e-01 9.32202101e-01
    1.63721502e-01 9.82112467e-01 2.93304026e-02 5.82697392e-01
    1.90517604e-01 4.37675416e-01 3.07255626e-01 9.77710128e-01
    4.27803695e-02 6.26123965e-01 4.24423844e-01 2.29449093e-01
    4.68051314e-01 6.20859921e-01 2.96059072e-01 6.37711287e-01
    5.91963530e-02 7.47948766e-01 3.96620035e-02 7.54462242e-01
    3.11019123e-01 5.21384001e-01 3.40039194e-01 2.69432068e-01
    3.59978437e-01 1.06698632e-01 5.89958549e-01 6.91563845e-01
    8.04766059e-01 7.71151781e-01 5.53027034e-01 6.22852147e-01
    9.63457048e-01 1.92941278e-01 5.88263690e-01 4.59757030e-01
    1.96914166e-01 8.70383382e-01 8.21743906e-02 8.47896159e-01
    6.05337739e-01 4.73300338e-01 8.27511311e-01 6.58225298e-01
    1.87697470e-01 9.35202837e-01 5.76602280e-01 1.71489418e-01
    1.41494483e-01 1.62405849e-01 1.63374424e-01 9.46049452e-01
    9.82876539e-01 4.75974113e-01 1.38061732e-01 2.09426194e-01
    5.05021811e-01 9.76925075e-01 8.45848083e-01 3.33714604e-01
    6.53083801e-01 3.70381236e-01 4.90955651e-01 9.23882425e-01
    3.42725247e-01 2.79034138e-01 3.79462630e-01 7.67303824e-01
    7.50400424e-01 6.05467081e-01 7.15823352e-01 7.14370549e-01
    3.35881770e-01 8.00208449e-01 4.72598761e-01 7.02022135e-01
    4.93280888e-01 3.80450696e-01 9.17598724e-01 4.16249037e-03
    2.75269151e-03 6.64782822e-02 9.55072641e-02 6.03223205e-01
    6.52022004e-01 3.38612258e-01 8.44046474e-03 9.10995960e-01
    5.94295979e-01 8.04688036e-01 1.09022439e-01 6.09999955e-01
    8.68157864e-01 1.67597473e-01 3.57444108e-01 7.58612990e-01
    6.38643026e-01 6.43279135e-01 7.64699638e-01 5.61201274e-01
    2.27563322e-01 5.72607160e-01 9.03150797e-01 6.77891791e-01
    9.10637021e-01 4.42252457e-01 5.00738978e-01 6.76334321e-01
    9.35756326e-01 3.34429979e-01 4.94405478e-01 8.61435533e-01
    7.90669501e-01 8.61650705e-02 5.73711753e-01 3.20033967e-01
    2.14290917e-02 7.20500052e-01 8.19054544e-01 8.50075483e-01
    9.83469963e-01 9.58569586e-01 4.60905880e-01 5.02451181e-01
    9.18529332e-02 7.92148590e-01 1.39644146e-01 1.18371457e-01
    7.74423242e-01 3.02995205e-01 9.35923338e-01 6.40380681e-01
    4.25830990e-01 7.92831421e-01 3.94069105e-01 9.55121636e-01
    5.66416204e-01 3.49107474e-01 3.30335975e-01 6.56267524e-01
    5.08798003e-01 4.19526935e-01 9.70252991e-01 3.85851234e-01
    2.71049440e-02 2.10157275e-01 1.79344416e-03 8.90621781e-01
    6.72257900e-01 1.19661242e-01 3.37237597e-01 7.96501875e-01
    3.02492678e-01 6.39454603e-01 1.61532760e-02 4.67046261e-01
    8.74456942e-01 5.61742604e-01 6.57004833e-01 3.05136204e-01
    9.26018357e-02 9.96799707e-01 6.06911659e-01 4.23528433e-01
    8.06897283e-02 3.71219218e-02 5.38900793e-01 9.33088958e-01
    9.67099607e-01 6.42615080e-01 2.12118030e-01 5.08803189e-01
    7.12156355e-01 9.84048724e-01 9.48585153e-01 2.91147530e-02
    9.87962961e-01 9.90884066e-01 4.84311908e-01 3.96133512e-01
    7.56775975e-01 7.92595923e-01 3.63866091e-01 1.60741627e-01
    2.12731302e-01 8.91281426e-01 3.94849271e-01 8.60476196e-01
    8.58262539e-01 5.10954142e-01 3.86602670e-01 4.08732831e-01
    9.84495997e-01 5.86493075e-01 8.47272694e-01 8.14663112e-01
    2.17542470e-01 8.24190319e-01 6.93157613e-01 7.41094828e-01
    6.23938560e-01 6.33220732e-01 7.37097859e-03 1.79180443e-01
    9.28909540e-01 3.50072592e-01 4.47222203e-01 5.82989872e-01
    2.27258623e-01 7.76583314e-01 3.99243563e-01 2.38342524e-01
    1.41315699e-01 7.48118043e-01 9.82284248e-01 7.70250916e-01
    6.56600296e-02 5.35755575e-01 5.24940729e-01 9.50849950e-02
    2.53812879e-01 7.12664366e-01 3.45116317e-01 2.05011040e-01
    1.60632879e-01 5.46356201e-01 9.71894741e-01 4.44504619e-01
    6.76513791e-01 8.86707306e-02 1.88396573e-01 3.58511746e-01
    8.50656867e-01 2.20803946e-01 8.24443579e-01 3.14243972e-01
    8.87204289e-01 1.15209818e-01 7.27223754e-01 4.60976958e-02
    1.41778380e-01 6.55810297e-01 5.89536309e-01 7.98793793e-01
    9.67449665e-01 5.75221837e-01 6.09174252e-01 6.72602296e-01
    1.14554942e-01 8.09476435e-01 1.15907699e-01 7.34596014e-01
    8.03818822e-01 5.74601889e-01 4.75974739e-01 7.35011339e-01
    7.99500465e-01 8.96698356e-01 7.35815227e-01 1.68466091e-01
    8.47490549e-01 6.96644187e-02 3.91861051e-01 8.99404883e-02
    8.83220434e-01 9.00261700e-01 3.50402296e-01 8.95566106e-01
    9.58685875e-02 8.12467933e-01 9.59733784e-01 9.37904835e-01
    6.57394290e-01 4.93812412e-01 1.11529946e-01 7.69573808e-01
    6.66446507e-01 2.82493889e-01 3.79887044e-01 2.67115176e-01
    2.91070104e-01 7.24053442e-01 5.09504616e-01 1.73909068e-01
    5.39464533e-01 1.24815494e-01 6.91158056e-01 8.99358034e-01
    2.87833154e-01 1.09162480e-01 9.16562676e-01 3.29148799e-01
    8.99354160e-01 3.26320648e-01 7.93441713e-01 8.25645208e-01
    1.65706426e-01 9.70274210e-03 9.75541472e-01 4.07953322e-01
    4.27383482e-02 5.12119830e-01 3.67488086e-01 2.49816298e-01
    4.80450064e-01 9.83681262e-01 9.66734052e-01 9.49388921e-01
    2.04884142e-01 2.02603638e-02 2.98783422e-01 3.64435136e-01
    1.70815319e-01 7.08620906e-01 9.68395889e-01 9.75023031e-01
    6.68283224e-01 4.26750422e-01 3.10860157e-01 4.16524559e-01
    8.48919749e-01 9.29183424e-01 7.76636124e-01 7.29789436e-01
    4.83876109e-01 9.92550611e-01 9.15775299e-02 2.82991827e-02
    2.99954921e-01 7.42341220e-01 7.54001856e-01 2.17111975e-01
    1.04719341e-01 8.40298593e-01 7.16746509e-01 5.76597154e-01
    5.86299300e-02 1.51982903e-03 8.39205146e-01 9.67118025e-01
    9.12766218e-01 8.76629710e-01 3.91370535e-01 5.72796583e-01
    8.86007369e-01 5.98610342e-02 4.58333850e-01 3.77805769e-01
    8.09684038e-01 3.24374020e-01 6.88033283e-01 4.06529188e-01
    6.78582430e-01 7.01010466e-01 7.60825396e-01 6.01886392e-01
    4.08023268e-01 3.66625428e-01 3.79164398e-01 2.06921995e-02
    4.84893501e-01 6.74094319e-01 3.42375219e-01 4.91453975e-01
    1.78405195e-01 8.03209543e-01 9.25773740e-01 9.76081133e-01
    3.21622849e-01 8.15193117e-01 2.90038705e-01 6.67581081e-01
    2.80839354e-01 3.88612330e-01 7.39035308e-02 5.23895442e-01
    2.57986784e-03 3.04758668e-01 3.42789859e-01 5.37352264e-01
    9.04050112e-01 3.25069368e-01 8.85502875e-01 4.84878421e-01
    8.96938920e-01 8.54544759e-01 3.13689888e-01 4.80785131e-01
    1.75034404e-02 2.72186995e-01 5.00160038e-01 4.30195034e-01
    5.77943981e-01 1.47096127e-01 6.22685850e-01 9.95561242e-01
    4.18578297e-01 7.16387391e-01 7.97961533e-01 8.74500751e-01
    9.35523868e-01 9.00181532e-01 4.90902245e-01 2.79425561e-01
    8.47793102e-01 2.36058503e-01 4.77113217e-01 9.06507373e-01
    4.87906277e-01 4.27946121e-01 3.43403518e-02 2.29131728e-01
    8.18674862e-02 6.58302903e-02 3.63115907e-01 1.26823992e-01
    9.43563342e-01 1.64601058e-01 2.28719056e-01 2.78593808e-01
    6.02028847e-01 8.01769912e-01 2.95878977e-01 5.82553506e-01
    6.96316302e-01 6.59057617e-01 9.50669289e-01 1.63045049e-01
    6.58046424e-01 1.79357380e-01 8.46432209e-01 6.69683576e-01
    4.14001077e-01 7.39100814e-01 4.90837276e-01 4.76072103e-01
    9.65749502e-01 3.32616746e-01 5.87056577e-01 4.06262904e-01
    5.55555582e-01 2.24114209e-01 8.36518049e-01 5.33420205e-01
    4.39724922e-02 3.87463510e-01 9.01771605e-01 2.00664669e-01
    4.06864047e-01 3.09234679e-01 8.40071440e-02 8.15325499e-01
    3.83924842e-01 3.15313280e-01 8.85459304e-01 2.32812464e-02
    7.09582627e-01 7.17475593e-01 7.88388729e-01 4.03743088e-02
    2.20784813e-01 1.96114480e-01 6.45951569e-01 8.89265954e-01
    8.15432072e-01 8.49523544e-01 9.78277206e-01 3.40837061e-01
    8.82024646e-01 1.21363163e-01 4.67152178e-01 3.17390561e-02
    2.56927431e-01 5.75843871e-01 5.91816962e-01 2.23077714e-01
    2.97871828e-01 1.47003472e-01 5.09740770e-01 2.01918453e-01
    7.91512370e-01 8.58061552e-01 5.45073032e-01 7.81193495e-01
    2.30352521e-01 3.08915019e-01 4.01751518e-01 3.15556407e-01
    7.33992636e-01 1.28287822e-01 8.99126530e-01 9.54806924e-01
    8.21753263e-01 7.36593723e-01 3.98699939e-01 7.37441123e-01
    2.15873301e-01 3.95207435e-01 6.08853281e-01 3.57275963e-01
    5.74436903e-01 9.77028608e-02 6.60353482e-01 7.34788775e-01
    9.35491681e-01 6.38066530e-01 7.67589211e-01 9.55038786e-01
    7.56386459e-01 4.78384465e-01 7.54423618e-01 6.84117556e-01
    4.44918573e-01 5.27413189e-01 3.30555797e-01 5.42714715e-01
    3.53881061e-01 4.91211057e-01 7.42412329e-01 4.51986343e-01
    4.77293164e-01 7.26805389e-01 6.12043917e-01 4.26245034e-01
    6.01168454e-01 8.62118602e-01 2.36467749e-01 8.81816745e-01
    9.17787075e-01 4.71769869e-02 4.99717206e-01 2.99795568e-01
    6.83851719e-01 8.97888422e-01 9.04736340e-01 2.92100787e-01
    1.69702858e-01 9.16765153e-01 5.02593756e-01 5.29102325e-01
    9.28506315e-01 5.52956820e-01 9.76328135e-01 5.50550938e-01
    2.11322814e-01 6.94375217e-01 7.66793609e-01 2.50431299e-01
    8.05782676e-01 8.59077811e-01 3.76333892e-01 6.27274871e-01
    9.63479757e-01 1.72664315e-01 9.39684391e-01 8.48281622e-01
    8.81228566e-01 2.96013534e-01 2.35476375e-01 8.91173422e-01
    6.05960727e-01 9.09003854e-01 5.23176193e-02 8.20784509e-01
    5.98484814e-01 7.76553690e-01 9.39818680e-01 8.30291271e-01
    7.99914300e-01 5.96233368e-01 9.72592950e-01 4.21969712e-01
    4.98855889e-01 3.44847053e-01 5.33091009e-01 8.02032411e-01
    9.25565600e-01 4.60864604e-01 9.13827062e-01 8.67221951e-01
    1.76036686e-01 7.54611433e-01 3.20961118e-01 4.49169129e-01
    8.68465066e-01 4.18266952e-02 8.39392781e-01 8.36041749e-01
    2.50243723e-01 9.62933183e-01 3.61694992e-01 3.45310926e-01
    3.23831677e-01 7.37048745e-01 8.90573978e-01 2.03080207e-01
    7.71265924e-02 6.38417840e-01 2.89941192e-01 4.46052849e-01
    6.96831644e-02 9.04624701e-01 5.41174054e-01 8.47682953e-01
    1.52822793e-01 1.49725109e-01 6.55791819e-01 6.88288927e-01
    1.89467520e-01 5.39939046e-01 1.10391051e-01 1.57990158e-01
    6.62422776e-01 4.56068516e-02 6.29419982e-01 7.60464430e-01
    3.81245017e-02 5.52898705e-01 5.74932873e-01 9.69715059e-01
    5.05383790e-01 3.61255527e-01 6.46003783e-02 9.75794911e-01
    4.27582920e-01 1.20937169e-01 9.38869298e-01 1.01033092e-01
    3.80116105e-01 8.78628969e-01 8.91883016e-01 8.45510960e-02
    8.42221856e-01 1.64628744e-01 2.38255560e-02 1.68078989e-01
    5.63263595e-02 6.24885798e-01 8.17798495e-01 1.58265829e-01
    9.67495143e-02 1.20850652e-01 7.67207623e-01 8.34253907e-01
    5.66370487e-02 5.79330325e-01 1.91484213e-01 4.49134588e-01
    4.69814181e-01 7.55441844e-01 6.31239295e-01 6.35673702e-02
    6.02925777e-01 9.92118418e-02 7.55146384e-01 2.89054513e-01
    7.63810754e-01 9.91010249e-01 2.32677996e-01 6.37100458e-01
    3.90627414e-01 9.60208297e-01 3.47913086e-01 4.73764747e-01
    7.01127708e-01 7.22977638e-01 4.90573049e-03 3.26154351e-01
    4.70949799e-01 9.48106885e-01 1.67921841e-01 2.04693586e-01
    3.67221415e-01 5.28471231e-01 5.21248698e-01 1.80798113e-01
    4.56957877e-01 6.86518431e-01 4.74521905e-01 7.79323459e-01
    5.93085587e-01 8.99404883e-01 4.19229060e-01 3.38224828e-01
    8.63888919e-01 3.46855819e-02 8.39734733e-01 6.22556806e-02
    6.11870885e-01 6.50156617e-01 8.15448821e-01 9.84674513e-01
    8.63933325e-01 8.52042317e-01 3.44249159e-01 2.40346909e-01
    2.45628744e-01 6.54274762e-01 9.48329926e-01 6.45223200e-01
    7.97170818e-01 7.44899869e-01 5.66883802e-01 5.44310033e-01
    3.35627615e-01 3.61193955e-01 4.92712855e-03 2.28235066e-01
    4.80581641e-01 5.79663515e-01 6.85404301e-01 3.87759984e-01
    4.13040876e-01 1.27086341e-01 7.63333797e-01 2.52738357e-01
    2.98087865e-01 9.21458006e-01 1.90431982e-01 3.22570205e-01
    5.18286288e-01 9.19458687e-01 5.04053950e-01 9.07272577e-01
    4.48283583e-01 2.55231559e-01 7.28265047e-01 8.35682452e-02
    2.24092573e-01 1.96060956e-01 3.00567359e-01 9.24918890e-01
    9.69499469e-01 1.05526835e-01 9.06664610e-01 6.40580535e-01
    5.28732777e-01 6.76130652e-02 9.33532000e-01 4.66421545e-02
    2.88368762e-02 9.92964089e-01 5.25559485e-01 4.98971254e-01
    4.41781700e-01 3.93714368e-01 8.10714126e-01 8.12887430e-01
    5.08663237e-01 8.24084699e-01 8.57404470e-01 5.90510488e-01
    3.30367804e-01 8.71153176e-01 1.81806475e-01 8.34978104e-01
    5.27244508e-01 2.28343546e-01 9.60563064e-01 7.86559582e-01
    4.61082757e-02 7.56190419e-01 4.06609774e-01 8.08082104e-01
    8.70645583e-01 8.89748454e-01 9.98507380e-01 6.24256909e-01
    6.74740911e-01 7.09506452e-01 2.42503345e-01 2.05594301e-03
    6.15853786e-01 8.73139024e-01 6.80579543e-02 7.54369617e-01
    9.25166905e-01 6.18918538e-02 7.37961531e-01 7.92128980e-01
    2.44923025e-01 3.17404270e-02 1.93255424e-01 3.84576082e-01
    1.67744011e-01 8.02255571e-02 4.44278210e-01 4.64744002e-01
    5.15512705e-01 8.29473972e-01 6.84071183e-01 1.21291369e-01
    3.63471806e-02 7.84963608e-01 9.77813959e-01 5.57320952e-01
    4.98333693e-01 6.01331592e-01 2.64758766e-01 5.67273915e-01
    8.07965636e-01 5.55943847e-02 3.21296185e-01 7.12252498e-01
    2.79878765e-01 1.20476842e-01 6.64283335e-01 8.97645652e-02
    3.85074615e-02 6.42618120e-01 6.34668112e-01 4.33845788e-01
    7.52815187e-01 9.28731680e-01 3.89566898e-01 6.71749890e-01
    3.88837159e-01 9.33048248e-01 3.12376440e-01 4.85958666e-01
    6.59694314e-01 7.87400723e-01 9.87919450e-01 5.78902006e-01
    2.89134800e-01 4.18285251e-01 2.28631079e-01 4.83624816e-01
    6.02027953e-01 3.47750902e-01 5.15117168e-01 7.93836355e-01
    7.65934587e-01 9.57627833e-01 7.57046342e-01 9.58405614e-01
    4.46141899e-01 8.51035833e-01 1.23245537e-01 5.35398483e-01
    5.11873007e-01 1.81289166e-01 1.27396852e-01 4.23272550e-02
    2.05111980e-01 8.22629809e-01 6.20009124e-01 9.30933118e-01
    3.62500608e-01 5.78273356e-01 5.89424908e-01 7.03653812e-01
    3.16181779e-03 3.96123171e-01 9.97624099e-01 7.38843799e-01
    3.80833328e-01 8.36166620e-01 6.90056562e-01 4.89338398e-01
    2.82279253e-02 1.59125924e-01 9.39643860e-01 4.60437119e-01
    4.37104553e-01 8.28274250e-01 7.50038147e-01 5.41245699e-01
    4.05120611e-01 9.22364354e-01 7.66343951e-01 1.46643043e-01
    6.05947495e-01 7.30853558e-01 7.50587344e-01 2.17386782e-01
    1.09399557e-01 8.48416448e-01 8.57028246e-01 3.63490641e-01
    2.56045103e-01 2.97739238e-01 5.01520813e-01 8.53727579e-01
    6.83440804e-01 7.80855417e-01 4.00104821e-02 6.50401533e-01
    1.89194202e-01 6.56384766e-01 7.46680915e-01 9.64944601e-01
    8.79005551e-01 8.89078677e-01 3.40505660e-01 4.42354858e-01
    2.97088921e-02 4.11385924e-01 5.40796459e-01 3.37010443e-01
    1.57063127e-01 1.56021565e-01 8.74095917e-01 3.37831110e-01
    1.74336255e-01 6.56289995e-01 2.83974707e-01 9.26379561e-01
    4.32941973e-01 7.51001358e-01 6.07555866e-01 5.08956075e-01
    8.12262893e-02 2.40896910e-01 7.35113382e-01 5.91039062e-01
    1.86603010e-01 6.19539857e-01 3.15280378e-01 5.56461275e-01
    7.20599294e-02 3.84853542e-01 8.00746679e-01 4.48822737e-01
    1.97767168e-01 5.76045513e-01 3.33462715e-01 7.20945895e-02
    7.86166668e-01 3.33330363e-01 4.68357474e-01 5.14221311e-01
    3.75195086e-01 5.24098754e-01 8.14721465e-01 8.24892282e-01
    8.03134859e-01 8.32885504e-04 8.83646548e-01 3.07152629e-01
    4.24992025e-01 3.04657578e-01 9.34850931e-01 5.84698796e-01
    7.53826141e-01 9.98630226e-02 3.79408747e-01 3.25499177e-02
    9.24915075e-01 8.63548338e-01 2.75360703e-01 4.73638117e-01
    2.29292601e-01 3.08473229e-01 3.33743393e-01 8.75927031e-01
    5.85340559e-02 8.10983181e-02 7.42678523e-01 6.78378582e-01
    9.55291390e-02 9.15534258e-01 4.41334397e-01 8.89124274e-01
    1.79134369e-01 8.69178891e-01 3.64785194e-02 1.09081596e-01
    4.65571880e-03 7.27191329e-01 6.67752504e-01 6.01317763e-01
    7.22041428e-02 8.71292949e-01 5.03872991e-01 3.09577942e-01
    4.98472035e-01 2.95147598e-01 3.53863120e-01 6.31197691e-01
    8.78837347e-01 8.49164248e-01 3.88181478e-01 7.51954496e-01
    6.50435567e-01 7.89818168e-02 5.06256223e-01 8.09845746e-01
    3.53289604e-01 6.74657166e-01 2.89222181e-01 5.30971706e-01
    1.15891188e-01 3.61806422e-01 2.57241428e-02 4.40736115e-01
    4.49149847e-01 6.74430251e-01 6.01330698e-01 5.37080050e-01
    7.39896536e-01 5.60446501e-01 9.29231822e-01 8.54959071e-01
    7.16330647e-01 7.79083967e-02 8.95944536e-02 4.12307680e-01
    6.85199976e-01 9.20840621e-01 3.56770754e-01 8.42836857e-01
    2.47596323e-01 2.28885561e-01 7.09102392e-01 7.48990357e-01
    5.39059281e-01 9.12821054e-01 8.34143519e-01 5.67348003e-02
    9.85146284e-01 2.59287953e-01 2.77387470e-01 8.22166800e-02
    9.99952853e-02 3.74869108e-01 8.80008340e-01 9.27299917e-01
    9.13811564e-01 9.36550796e-02 9.22215700e-01 9.40196157e-01
    8.73431921e-01 8.34158659e-01 6.65934026e-01 5.89705646e-01
    9.81774688e-01 9.27953601e-01 1.29710138e-02 9.07021344e-01
    1.64389968e-01 5.44561803e-01 6.75949931e-01 8.07760417e-01
    5.66232443e-01 8.40765834e-01 2.93030918e-01 9.22600985e-01
    2.87974298e-01 3.68077427e-01 8.92782927e-01 4.17103440e-01
    2.73114979e-01 9.23073888e-02 7.06366956e-01 1.02810562e-01
    7.41423845e-01 4.34534460e-01 6.53834343e-01 6.38985693e-01
    5.69049895e-01 9.86789346e-01 4.74177003e-01 5.15676320e-01
    6.13472164e-02 9.41341519e-01 6.82551980e-01 7.57582724e-01
    8.28852594e-01 3.31539154e-01 2.45716572e-01 5.30060947e-01
    7.31721282e-01 7.64338255e-01 5.37182987e-01 2.09584236e-01
    8.69530618e-01 6.37839139e-02 8.67367685e-01 6.53693438e-01
    5.40878236e-01 3.74170870e-01 3.74434829e-01 9.42012370e-01
    9.90028620e-01 2.65516818e-01 9.86831069e-01 1.09635770e-01
    3.99466693e-01 5.30397832e-01 7.05474198e-01 7.80655682e-01
    1.28494620e-01 1.61220580e-01 1.00053459e-01 1.45545989e-01
    3.00229192e-02 8.42976868e-01 3.42161477e-01 4.66415584e-02
    1.32742524e-01 6.39699697e-01 2.43423373e-01 7.80920565e-01
    6.62279129e-03 9.89860296e-01 7.86247015e-01 2.57485509e-02
    9.51431096e-02 9.43990648e-02 5.20879090e-01 4.54995394e-01
    7.70317912e-02 7.03612089e-01 7.03627050e-01 3.27810347e-02
    3.27571392e-01 8.16184163e-01 6.49542093e-01 8.46987247e-01
    1.55517638e-01 2.27506399e-01 8.97495031e-01 8.14523995e-01
    2.66740143e-01 8.35902393e-02 6.88534558e-01 1.37126148e-01
    5.51755428e-01 4.22649562e-01 3.65858495e-01 7.93358862e-01
    8.43161106e-01 8.52623165e-01 5.38664818e-01 3.36037993e-01
    8.72981548e-01 7.13907838e-01 1.47228241e-01 5.39989233e-01
    6.14045858e-01 9.15142596e-01 6.00809038e-01 9.75437105e-01
    9.39003170e-01 3.82853270e-01 9.04319048e-01 2.51732171e-01
    9.80099082e-01 4.47552741e-01 6.81621373e-01 2.45836377e-03
    4.14160281e-01 8.39289844e-01 3.27563286e-03 3.88564616e-01
    5.66686988e-01 9.12666619e-01 1.49749815e-02 2.54703343e-01
    7.58319438e-01 2.97202528e-01 4.31002706e-01 5.21943808e-01
    8.41100335e-01 8.10309350e-02 3.10919285e-01 2.81441748e-01
    1.59513861e-01 2.96149373e-01 8.85229349e-01 9.27770615e-01
    1.35496795e-01 7.69199193e-01 4.15724814e-02 4.36742872e-01
    3.19220662e-01 3.76071155e-01 4.19480741e-01 3.85451019e-02
    1.43856734e-01 3.25486004e-01 7.87248254e-01 9.56549883e-01
    3.59380305e-01 7.83960223e-01 4.36832428e-01 5.49445271e-01
    9.17534471e-01 1.29661858e-02 9.91661608e-01 3.92206877e-01
    5.28132975e-01 1.73979342e-01 9.14432108e-02 7.70864904e-01
    5.96852362e-01 7.74235249e-01 6.06272221e-01 7.79827833e-01
    3.20134670e-01 4.87324685e-01 5.19426703e-01 4.43140298e-01
    9.86702681e-01 4.25975740e-01 1.02879822e-01 5.19605041e-01
    3.00743908e-01 1.29099578e-01 1.58125728e-01 5.86850822e-01
    8.06872845e-01 8.81476402e-01 1.92320019e-01 1.16547436e-01
    5.59099495e-01 1.57042325e-01 7.76223004e-01 8.00727665e-01
    8.46363187e-01 7.29386449e-01 2.84339368e-01 1.18994117e-01
    9.44642663e-01 9.70100164e-01 2.43904352e-01 4.53085840e-01
    2.26242393e-01 3.22389901e-01 4.56473410e-01 7.46235013e-01
    2.28359193e-01 9.26295400e-01 8.50978971e-01 6.81223631e-01
    1.88297600e-01 1.80754006e-01 3.90939236e-01 8.32778990e-01
    5.23842931e-01 1.46260828e-01 6.94125116e-01 1.15989536e-01
    6.75204754e-01 6.27574801e-01 3.19949627e-01 5.59216380e-01
    6.37749791e-01 7.19431102e-01 4.14338380e-01 4.69037890e-01
    8.85005057e-01 8.71407747e-01 8.78400385e-01 1.04744017e-01
    1.09812856e-01 4.81274068e-01 1.65600181e-01 8.67001653e-01
    1.51099294e-01 3.15844417e-02 6.03265524e-01 7.52954423e-01
    3.17192972e-01 4.70596433e-01 2.85920084e-01 8.03314209e-01
    9.42813218e-01 4.68508065e-01 4.65879112e-01 8.97033811e-01
    3.52330744e-01 5.69064856e-01 9.17559385e-01 5.90765238e-01
    7.62855411e-02 7.90143490e-01 3.89322877e-01 7.20827997e-01
    9.24961686e-01 8.90196681e-01 2.53839374e-01 8.98633897e-02
    7.45567679e-01 7.45544195e-01 4.96599346e-01 8.17143917e-03
    2.58925080e-01 9.26608741e-02 1.75092012e-01 7.42680252e-01
    1.26389563e-02 1.07444704e-01 4.06420827e-02 8.65206599e-01
    7.90695965e-01 9.95476305e-01 7.41752505e-01 7.72976637e-01
    3.52605164e-01 9.06553388e-01 1.23858422e-01 1.33057564e-01
    2.47594416e-01 1.32048905e-01 6.38608277e-01 6.53714597e-01
    4.00506020e-01 6.37979448e-01 4.07768250e-01 7.20949769e-01
    4.07210886e-02 3.86634856e-01 7.81220436e-01 9.03480351e-02
    2.90027887e-01 8.11737597e-01 6.69657707e-01 9.52755928e-01
    7.18984663e-01 6.43133402e-01 2.93045104e-01 8.72247040e-01
    7.98276782e-01 7.57049322e-01 6.97600305e-01 3.40773970e-01
    5.48937917e-01 2.98422217e-01 8.15634787e-01 8.69593799e-01
    3.25393111e-01 5.06484151e-01 6.20311797e-01 9.93997931e-01
    2.29216605e-01 4.80136752e-01 7.90926456e-01 7.76025236e-01
    7.10056484e-01 6.94257975e-01 6.07803404e-01 4.84142601e-01
    1.56989068e-01 7.41043866e-01 4.60990548e-01 5.00227571e-01
    7.86982059e-01 3.51168036e-01 3.85945141e-02 8.27322245e-01
    7.39543319e-01 8.69316220e-01 9.13737714e-02 4.70551938e-01
    2.90397644e-01 9.26625967e-01 9.45916533e-01 7.16022015e-01
    5.52121282e-01 4.19903636e-01 4.20740783e-01 8.45714688e-01
    1.12707734e-01 1.79962844e-01 3.46123278e-02 4.46057320e-01
    2.10762054e-01 6.40999556e-01 3.22915614e-02 2.57067084e-02
    6.14764392e-02 3.23456526e-03 6.41475439e-01 7.05091476e-01
    7.72616029e-01 6.96010590e-01 6.05615735e-01 1.85191453e-01
    3.97956669e-01 8.72304499e-01 8.34128857e-01 7.73512840e-01
    7.11423814e-01 1.45425260e-01 7.34958947e-01 4.08900946e-01
    5.07742047e-01 7.91099668e-01 9.22206283e-01 1.28870726e-01
    9.60369706e-01 1.89047217e-01 7.56128192e-01 5.59775054e-01
    4.37440515e-01 5.20380735e-01 2.60366380e-01 2.89775014e-01
    8.99149179e-02 4.82235253e-02 2.98328698e-01 8.07608724e-01
    8.98668647e-01 8.10359240e-01 6.66901946e-01 2.07686007e-01
    5.50246656e-01 4.99163687e-01 8.57018828e-01 8.46670926e-01
    1.65742010e-01 2.43932843e-01 7.24096119e-01 7.81236827e-01
    5.67517817e-01 1.13980711e-01 7.06863105e-02 1.77871287e-02
    8.96101713e-01 6.59367800e-01 7.15606093e-01 2.18925864e-01
    5.77496469e-01 4.68561292e-01 7.69285917e-01 1.71527773e-01
    2.62001455e-02 2.37138748e-01 3.31369221e-01 1.43171459e-01
    4.99466807e-01 2.34703004e-01 7.17525363e-01 4.40094441e-01
    3.46373588e-01 9.16512370e-01 3.41661841e-01 1.15079492e-01
    2.94467986e-01 7.32362270e-01 6.44414961e-01 2.16483891e-01
    1.95566535e-01 7.12822676e-01 4.44234937e-01 1.35949969e-01
    3.55671525e-01 5.70567787e-01 1.60225332e-01 9.01218891e-01
    7.26809263e-01 1.78688198e-01 2.65472829e-01 8.00706029e-01
    4.37523186e-01 9.38505709e-01 1.97431684e-01 3.45781863e-01
    3.39298546e-01 4.53357756e-01 8.64324093e-01 4.29672211e-01
    8.20521474e-01 1.18190944e-02 6.79447055e-01 1.04171753e-01
    6.62939906e-01 9.09273267e-01 4.36103612e-01 5.06534517e-01
    4.97620702e-01 6.30930066e-03 8.28492820e-01 7.86895514e-01
    2.03640252e-01 7.15112150e-01 8.52882862e-02 5.03935397e-01
    6.98926926e-01 9.78491366e-01 2.02837884e-01 3.85313034e-02
    3.10396850e-01 1.01828396e-01 6.24972463e-01 1.83039159e-01
    6.47000551e-01 8.53810906e-02 3.83445650e-01 8.66884828e-01
    3.26487899e-01 8.14703703e-01 3.59121919e-01 6.75896585e-01
    2.96707898e-01 8.12575817e-01 2.02355683e-01 9.04877901e-01
    3.44311178e-01 4.40692902e-01 4.28188980e-01 7.03577399e-01
    5.41712284e-01 8.27060699e-01 9.17862713e-01 5.08276880e-01
    2.85604596e-01 9.05377626e-01 1.96332783e-01 5.86960673e-01
    6.01831138e-01 4.34403569e-01 5.35032988e-01 7.53288567e-02
    2.80712247e-01 9.19171631e-01 7.17308939e-01 1.12104535e-01
    6.56581521e-01 9.54685628e-01 4.35230553e-01 9.12761688e-02
    9.29590285e-01 7.68140376e-01 4.47180212e-01 4.91468787e-01
    5.41363358e-02 1.32652104e-01 2.42213368e-01 8.43174338e-01
    1.66007012e-01 5.78749835e-01 5.41669428e-01 9.82873976e-01
    7.36982942e-01 2.16942132e-02 3.50580961e-01 2.38822341e-01
    7.09116340e-01 8.51605773e-01 3.45011145e-01 6.52093887e-01
    8.80837679e-01 6.78463638e-01 7.43487954e-01 3.99983764e-01
    4.21632409e-01 8.01941454e-02 5.12470007e-02 1.72609925e-01
    8.44335496e-01 1.76049739e-01 8.67725015e-01 9.73970592e-01
    5.19592822e-01 3.87773186e-01 7.02406526e-01 6.40745640e-01
    1.93077356e-01 2.55302489e-01 6.15221560e-01 3.79164189e-01
    5.78175187e-01 5.88225007e-01 8.07262540e-01 2.07934618e-01
    1.45178348e-01 7.55124032e-01 6.33848548e-01 5.49365222e-01
    3.32852483e-01 8.25652003e-01 9.47739184e-02 9.63324308e-01
    7.16165662e-01 1.48227692e-01 8.07546079e-01 6.99319124e-01
    3.01605701e-01 3.91290903e-01 1.82664812e-01 7.92983055e-01
    4.73502278e-03 3.44265163e-01 5.37238359e-01 7.36397326e-01
    5.35646915e-01 6.09816194e-01 2.46859550e-01 3.56598973e-01
    9.86765265e-01 8.42077076e-01 5.47828615e-01 9.75919724e-01
    5.60670078e-01 9.59293187e-01 7.31600821e-01 6.15514517e-01
    8.80680978e-01 3.22803319e-01 6.91786468e-01 3.18631202e-01
    1.78344250e-01 3.68026227e-01 2.15605825e-01 3.35656404e-01
    2.41298348e-01 6.30900741e-01 7.44158864e-01 6.08007729e-01
    1.72278017e-01 7.16445208e-01 4.67398912e-01 1.14648074e-01
    6.99555576e-02 5.92193007e-01 8.42202008e-02 4.87445146e-01
    1.25587732e-01 3.99343818e-01 4.12392557e-01 5.75708866e-01
    1.32644475e-01 9.34092224e-01 8.06362271e-01 4.90263104e-02
    8.90181720e-01 2.28639603e-01 1.42947137e-02 4.32981551e-01
    1.68585777e-03 9.37471986e-01 1.72195226e-01 4.45745140e-01
    1.48439109e-01 4.65015411e-01 7.59079218e-01 3.91210079e-01
    1.77446455e-01 7.36522555e-01 1.03292137e-01 9.30929065e-01
    6.27945960e-01 7.70786822e-01 7.53266931e-01 8.92868638e-03
    6.58018947e-01 7.95173764e-01 7.54252434e-01 7.47383952e-01
    4.69526052e-02 4.09279495e-01 1.69848800e-02 8.86891484e-01
    7.02925026e-01 6.15055144e-01 4.68547463e-01 9.38731551e-01
    2.86276877e-01 1.20443732e-01 3.39912057e-01 7.10293412e-01
    2.60165364e-01 9.17418301e-02 6.59485042e-01 1.22647822e-01
    1.53732538e-01 8.22273612e-01 1.23834461e-01 3.32436800e-01
    6.75203383e-01 4.75663900e-01 9.67679799e-01 3.86450619e-01
    2.71924466e-01 9.77697372e-01 5.64810991e-01 6.36463284e-01
    1.77672058e-01 3.41510326e-01 6.83961391e-01 7.52322674e-02
    4.51824665e-01 4.44776654e-01 3.92004639e-01 7.22077191e-01
    2.31775284e-01 2.18069971e-01 4.41105515e-01 6.21690631e-01
    7.84414411e-02 7.22709119e-01 4.59518045e-01 6.46024823e-01
    3.28061700e-01 2.56086290e-02 9.43933010e-01 4.95796561e-01
    1.80983841e-01 9.04822648e-02 4.34815258e-01 4.57982212e-01
    9.64956820e-01 9.67062593e-01 4.83535677e-01 8.14894676e-01
    2.63688028e-01 7.39739835e-02 5.85963845e-01 4.19263721e-01
    8.04583907e-01 7.67091095e-01 3.67671698e-01 3.65295768e-01
    6.49321914e-01 8.45852911e-01 8.32443416e-01 7.67992139e-01
    1.34797454e-01 2.53211677e-01 4.97666061e-01 5.50094903e-01
    6.82282090e-01 7.39040494e-01 4.13023591e-01 2.38329768e-01
    4.09478009e-01 6.35537803e-02 5.37432432e-02 7.93894291e-01
    9.60276723e-01 5.94457150e-01 1.34710401e-01 4.88829374e-01
    5.78558981e-01 7.18782783e-01 8.23276758e-01 4.57185209e-02
    3.69143367e-01 7.61841297e-01 6.61039948e-02 8.13858926e-01
    7.43543446e-01 1.44354284e-01 1.02234006e-01 8.19743276e-02
    9.57041800e-01 5.81873178e-01 4.81208354e-01 1.84648126e-01
    9.93320942e-01 9.38842058e-01 6.42118692e-01 1.28554553e-01
    3.27450871e-01 5.85594356e-01 3.44245434e-02 5.77594757e-01
    3.15019906e-01 3.93239319e-01 1.87365830e-01 2.16857105e-01
    8.26690197e-01 3.99527013e-01 4.37902212e-01 2.81434894e-01
    9.59494233e-01 5.40856302e-01 5.81698537e-01 6.85255766e-01
    9.98103321e-01 3.39857340e-01 5.31893373e-01 9.52356160e-02
    5.33677578e-01 6.30121231e-01 6.39960408e-01 5.73507965e-01
    3.24626684e-01 7.56972075e-01 9.80199695e-01 9.55908835e-01
    3.96021903e-02 9.08648670e-02 5.22578895e-01 8.58633637e-01
    3.47849548e-01 9.72126842e-01 1.51866734e-01 2.61448473e-01
    1.05725974e-01 8.02693725e-01 7.92469680e-02 4.88656878e-01
    5.01761138e-01 7.17201471e-01 4.84888643e-01 8.97161365e-01
    3.11300427e-01 5.94125390e-01 6.38973236e-01 3.07469249e-01
    5.87775171e-01 5.96861720e-01 3.21259201e-01 2.02567458e-01
    4.13818091e-01 8.65671217e-01 9.62740779e-01 7.74492860e-01
    5.30364275e-01 3.93666774e-01 3.35462630e-01 4.22610611e-01
    8.00512135e-01 7.99840212e-01 6.42301321e-01 2.30751425e-01
    8.81003737e-02 3.05355787e-02 9.23445165e-01 8.60560298e-01
    8.95543635e-01 4.56820548e-01 2.62506604e-01 6.16266131e-01
    9.33723807e-01 7.40197718e-01 9.10608172e-01 9.95646536e-01
    3.52931023e-01 2.92302072e-01 6.77879751e-02 9.98206258e-01
    5.69515586e-01 4.50108945e-01 7.07324743e-01 3.32438052e-01
    2.59699285e-01 1.54336989e-01 5.53075254e-01 9.13842618e-01
    4.59069580e-01 2.76899576e-01 2.62567639e-01 6.86451077e-01
    1.25006109e-01 6.14477396e-01 2.68872350e-01 7.93831229e-01
    4.45767045e-01 4.74198014e-01 3.63304466e-01 3.37278813e-01
    4.93195504e-01 8.77061248e-01 3.13353390e-01 9.83897448e-01
    6.55930281e-01 8.30943584e-01 9.20364022e-01 9.81234312e-01
    5.57498634e-01 1.26194268e-01 3.89537215e-03 6.25944614e-01
    6.17921829e-01 6.19631708e-01 7.78650880e-01 4.23580855e-01
    5.61553955e-01 7.94330478e-01 9.05033946e-01 3.62811565e-01
    2.78652012e-01 5.17642260e-01 8.19197595e-02 3.45080912e-01
    7.28664637e-01 5.64955771e-02 6.04321957e-02 8.62679183e-02
    1.98137730e-01 3.73900592e-01 9.74526465e-01 6.29264116e-01
    2.41889358e-02 7.78258801e-01 5.87898314e-01 1.49676979e-01
    9.84600067e-01 3.55399936e-01 4.82982337e-01 4.59252536e-01
    4.25617367e-01 8.07981133e-01 4.80554670e-01 6.47699833e-01
    2.13709474e-03 3.03970218e-01 2.02225715e-01 9.04057503e-01
    5.20742595e-01 7.70520687e-01 5.76992989e-01 7.86463141e-01
    7.47826219e-01 4.58450824e-01 7.57704020e-01 3.20664644e-02
    8.45407069e-01 8.46573174e-01 9.60538387e-01 5.70108771e-01
    1.54913694e-01 4.04520869e-01 1.76176995e-01 8.96803021e-01
    8.95405531e-01 9.73623753e-01 3.98690611e-01 1.26267582e-01
    7.97681212e-01 4.52034265e-01 6.08587265e-02 6.63409352e-01
    9.44087625e-01 1.00740671e-01 2.42203891e-01 8.09817910e-02
    4.58733320e-01 6.04507804e-01 7.49872804e-01 8.65762711e-01
    9.96177077e-01 2.97805965e-01 4.14334744e-01 9.87228453e-01
    3.98314357e-01 3.14808160e-01 2.68967241e-01 3.26281607e-01
    9.04045701e-02 5.81045091e-01 7.21579015e-01 9.63066697e-01
    9.31727648e-01 8.40734482e-01 5.86271107e-01 5.05839586e-01
    8.74818861e-02 9.33513522e-01 1.89242095e-01 5.18120110e-01
    1.33076072e-01 3.92131060e-01 7.51415491e-02 2.85126150e-01
    7.16029644e-01 2.41383642e-01 8.68219852e-01 2.00181007e-01
    2.45731652e-01 2.88331687e-01 7.73706138e-01 8.32617283e-01
    5.98990798e-01 6.07469678e-03 5.35343051e-01 2.14476794e-01
    6.04896188e-01 4.19776589e-01 3.69489193e-01 8.51720214e-01
    9.87902164e-01 6.85755134e-01 2.19420999e-01 1.58069730e-01
    7.15124965e-01 6.15146458e-02 1.42292798e-01 2.29741067e-01
    9.97878015e-01 9.80311930e-01 1.25507176e-01 3.90587389e-01
    4.79622185e-02 2.91587114e-02 8.46410632e-01 7.97515929e-01
    4.52285469e-01 8.33422899e-01 3.06363463e-01 8.75225544e-01
    2.70307660e-02 5.44711947e-02 5.74896693e-01 5.79878688e-03
    3.20310891e-01 5.68170488e-01 5.14094114e-01 7.23601103e-01
    4.12763417e-01 4.89581913e-01 5.31117976e-01 8.74876142e-01
    7.57055998e-01 8.97980392e-01 9.12394524e-01 2.90107012e-01
    3.95331174e-01 8.29879880e-01 1.53028458e-01 5.83577514e-01
    6.86994672e-01 9.55644190e-01 5.09689808e-01 2.81821728e-01
    2.87498385e-01 1.38526708e-01 8.35261464e-01 5.03761292e-01
    4.17684078e-01 1.52967125e-01 9.75062728e-01 8.71300220e-01
    6.21486068e-01 2.30840147e-01 5.37059247e-01 6.91943645e-01
    3.13955456e-01 7.40350008e-01 6.03178978e-01 4.32653189e-01
    3.04331124e-01 5.96565187e-01 8.79916906e-01 5.27576089e-01
    9.70225513e-01 7.95641720e-01 5.77631235e-01 4.70300376e-01
    7.47173667e-01 7.12005198e-02 9.90390003e-01 8.92247796e-01
    5.66939056e-01 6.12011492e-01 1.81109816e-01 7.57868409e-01
    1.71092629e-01 8.29314828e-01 9.09039378e-01 2.91749537e-02
    9.39782262e-01 8.81169438e-02 8.54435682e-01 8.59836817e-01
    9.68907237e-01 1.43635422e-01 1.72594935e-01 2.36650229e-01
    3.14339817e-01 4.33042467e-01 9.19625401e-01 7.30887413e-01
    6.00199580e-01 8.50278914e-01 8.79278302e-01 3.91580164e-01
    7.95039415e-01 9.71664965e-01 1.39565319e-01 9.25732195e-01
    2.66679943e-01 2.03266770e-01 3.24255943e-01 6.26160502e-01
    9.03846741e-01 3.41449201e-01 6.81232214e-01 7.38314450e-01
    8.53391469e-01 4.88966227e-01 5.03933549e-01 5.12328744e-02
    6.29263043e-01 6.96906030e-01 1.45162165e-01 3.48224938e-02
    4.41299379e-02 8.61634493e-01 7.07183480e-02 1.03014290e-01
    8.01524520e-01 8.85517597e-02 9.38695192e-01 7.81232476e-01
    7.00455666e-01 8.51849556e-01 9.81026590e-01 2.84924001e-01
    5.62222302e-02 2.65168428e-01 6.15624905e-01 4.79937494e-02
    4.11437452e-01 3.41811419e-01 4.73151267e-01 3.73963118e-02
    7.31028318e-02 8.60203266e-01 6.40652657e-01 9.59213734e-01
    8.35163891e-02 9.42882061e-01 1.16301537e-01 9.13107872e-01
    2.29724646e-01 4.37998414e-01 9.63837385e-01 1.02773517e-01
    1.63172990e-01 8.65645289e-01 7.06026375e-01 5.52092612e-01
    3.10886323e-01 8.71254206e-01 4.28037822e-01 3.45652044e-01
    7.34882593e-01 5.37559032e-01 3.77310693e-01 2.49378294e-01
    6.31770611e-01 2.10693240e-01 9.01257753e-01 9.13362384e-01
    7.51311779e-01 3.54490072e-01 2.63454378e-01 5.91417432e-01
    5.25552332e-01 2.47578114e-01 3.07507098e-01 2.26074398e-01
    4.26418126e-01 2.87787616e-02 5.21102607e-01 3.63559425e-01
    4.53775853e-01 2.56640077e-01 2.50607729e-01 7.03639090e-02
    5.51518917e-01 9.83202338e-01 5.29079795e-01 1.37669057e-01
    6.76013112e-01 6.04579806e-01 7.02642739e-01 3.81344944e-01
    8.16796660e-01 8.75000834e-01 7.53131032e-01 9.30718362e-01
    4.30795908e-01 9.97920632e-02 5.01861870e-02 4.92205918e-02
    4.37271535e-01 4.29937392e-01 4.86088246e-01 1.26121581e-01
    7.68411696e-01 7.94795930e-01 4.44167793e-01 7.51312375e-02
    1.66149348e-01 5.37247896e-01 1.79134279e-01 7.02976823e-01
    8.84131193e-01 3.54194105e-01 9.01532769e-02 2.52668679e-01
    3.48505139e-01 9.76570845e-01 3.31174672e-01 2.86596954e-01
    3.79929721e-01 3.44270170e-01 9.74436879e-01 8.47950220e-01
    3.47773165e-01 7.17903972e-01 4.86563861e-01 9.59219098e-01
    9.21723366e-01 7.71836281e-01 8.91332388e-01 6.96495473e-01
    5.04615545e-01 7.66231120e-02 8.96197319e-01 9.07743275e-02
    1.22162640e-01 3.09798956e-01 1.86302066e-01 9.77362752e-01
    6.11869514e-01 8.43305349e-01 5.15250921e-01 3.53502154e-01
    9.53948677e-01 5.63555658e-02 2.00586587e-01 6.17552340e-01
    4.27771926e-01 3.81797135e-01 1.87690079e-01 8.41663122e-01
    3.39494050e-01 5.32085478e-01 3.95563096e-01 3.74990582e-01
    8.46112132e-01 2.81957597e-01 5.15113652e-01 6.96715534e-01
    9.93161321e-01 8.28485370e-01 9.13705409e-01 7.40175188e-01
    9.02174652e-01 3.60948265e-01 4.77781892e-02 7.30728030e-01
    9.91517663e-01 2.42035091e-01 3.34510893e-01 9.44097996e-01
    8.03849697e-02 2.36242920e-01 1.57156020e-01 9.19026852e-01
    7.55187869e-02 6.44298911e-01 4.92662311e-01 7.31451809e-02
    9.82080817e-01 3.86329889e-02 8.44175756e-01 2.52841115e-01
    4.60758567e-01 3.48280638e-01 7.54615247e-01 9.71981168e-01
    6.48717761e-01 8.32695961e-01 8.33821535e-01 2.66930640e-01
    7.81553805e-01 9.45968747e-01 8.42848718e-02 6.03694856e-01
    3.61860156e-01 7.14632750e-01 3.55626404e-01 3.58317167e-01
    6.14894211e-01 7.83331275e-01 9.59677041e-01 4.02370095e-01
    7.61429071e-02 2.38847762e-01 5.59311092e-01 4.84580666e-01
    2.15774804e-01 2.24392235e-01 3.57644856e-02 6.02956653e-01
    4.56093669e-01 6.48197174e-01 1.14717841e-01 8.55579913e-01
    1.01608992e-01 5.97298622e-01 7.92881787e-01 2.68393993e-01
    6.32148147e-01 3.14722955e-01 5.74703574e-01 7.76484489e-01
    9.66874123e-01 6.80702746e-01 5.07159650e-01 9.88868475e-02
    9.90546465e-01 3.26305628e-03 4.12391901e-01 5.29869199e-01
    8.90592039e-01 6.01852417e-01 6.67567730e-01 9.05047178e-01
    6.01866364e-01 3.81556123e-01 3.77143502e-01 8.99280250e-01
    4.34220135e-01 4.84076947e-01 4.95390147e-01 8.05988789e-01
    7.09936321e-02 2.78143555e-01 6.17206216e-01 2.98216045e-01
    6.59188032e-01 8.99663687e-01 9.72426474e-01 8.84999156e-01
    8.43321562e-01 4.95392859e-01 9.95753467e-01 6.38123512e-01
    3.28401148e-01 7.64835417e-01 2.09791034e-01 7.62710690e-01
    6.89593315e-01 3.95035565e-01 9.78844464e-01 6.89018130e-01
    9.62373912e-02 9.18620527e-02 7.97271132e-01 5.07501900e-01
    3.54652941e-01 3.35720509e-01 6.46328688e-01 6.22600913e-01
    4.27280188e-01 7.68188775e-01 8.34285080e-01 8.28198731e-01
    2.42009014e-01 5.44133604e-01 1.83748901e-02 1.08914196e-01
    7.40634680e-01 2.38210499e-01 9.65467215e-01 9.94603574e-01
    3.27902615e-01 6.00164294e-01 5.15299797e-01 6.71275139e-01
    9.44866359e-01 8.57942939e-01 2.58085728e-02 8.06364655e-01
    4.65455145e-01 1.02050990e-01 8.81376088e-01 4.84852672e-01
    5.95816672e-01 2.66409636e-01 4.80012953e-01 8.86592627e-01
    5.56429625e-02 3.16052973e-01 6.46908939e-01 2.78133392e-01
    2.02679038e-02 5.98990858e-01 2.53283083e-01 3.94851565e-01
    8.36490691e-01 2.02392995e-01 2.64559329e-01 5.76407492e-01
    1.02523923e-01 8.83117616e-01 3.12044084e-01 2.46490657e-01
    8.54023874e-01 4.65456396e-01 6.51467085e-01 8.49364996e-01
    3.40813696e-01 2.69239128e-01 2.25511849e-01 2.22428858e-01
    3.31297576e-01 5.99921703e-01 4.34604585e-01 2.78769672e-01
    9.36840951e-01 7.40944326e-01 7.74827123e-01 4.63314712e-01
    9.98421431e-01 6.19285345e-01 6.75223827e-01 6.81661427e-01
    7.01949298e-01 3.95289034e-01 9.90842581e-01 3.21068764e-02
    8.26521516e-01 4.07468915e-01 2.78224707e-01 5.89891970e-02
    1.81399286e-01 4.75541949e-02 2.71136463e-01 4.29203063e-01
    5.89538693e-01 8.44637513e-01 7.39138722e-01 6.56400800e-01
    1.87199742e-01 6.41274393e-01 9.26585674e-01 4.19350266e-01
    5.66453218e-01 9.56306100e-01 7.39113033e-01 4.82829511e-02
    6.06986165e-01 1.26399487e-01 7.07864523e-01 8.18304539e-01
    9.48649049e-01 5.93189001e-02 3.68878931e-01 3.96728635e-01
    5.21509051e-01 6.25159204e-01 9.40689921e-01 3.80181581e-01
    7.77762413e-01 9.07899439e-01 3.49169880e-01 3.28504622e-01
    7.23200977e-01 6.94591403e-01 2.05251753e-01 8.94550383e-02
    8.42830837e-02 4.66100961e-01 3.83341253e-01 1.15547478e-02
    8.54267955e-01 2.99766958e-01 5.38004100e-01 2.48952180e-01
    9.01957035e-01 6.08327746e-01 6.24844790e-01 8.16498935e-01
    1.14344746e-01 5.29175639e-01 1.69359863e-01 5.15862465e-01
    7.63525009e-01 8.24005842e-01 2.53304303e-01 4.55589086e-01
    8.44563007e-01 6.81750000e-01 8.99324179e-01 5.75852394e-01
    1.66024894e-01 8.12324762e-01 1.27887219e-01 8.22108984e-01
    3.04035842e-01 9.44212794e-01 9.39333320e-01 6.50778413e-01
    7.28049636e-01 1.40267909e-01 6.04910195e-01 5.11251390e-02
    4.85369056e-01 5.53606749e-01 4.27822202e-01 4.48457718e-01
    9.87847805e-01 6.90287232e-01 5.00244796e-01 8.73337269e-01
    8.18503320e-01 8.44061494e-01 4.72173661e-01 4.62534964e-01
    6.27614141e-01 5.24799824e-02 3.58958155e-01 3.67561996e-01
    1.01835877e-01 6.33030772e-01 1.41121686e-01 4.79517072e-01
    6.92448139e-01 6.79086685e-01 3.83841813e-01 8.15908194e-01
    4.76815403e-01 5.53514361e-01 7.26685345e-01 4.35517669e-01
    3.10089439e-01 1.92302614e-01 3.22379112e-01 3.65468025e-01
    7.59126186e-01 5.56133270e-01 6.87402427e-01 3.43033940e-01
    1.83855623e-01 7.33983517e-01 9.97887790e-01 1.52655542e-02
    1.78774893e-02 3.31283450e-01 3.24175775e-01 8.13804984e-01
    9.75878239e-01 4.32316065e-01 4.54985589e-01 1.08719796e-01
    3.27881277e-01 3.38120699e-01 2.99612045e-01 2.83233225e-02
    9.33782637e-01 3.11895251e-01 3.90750080e-01 8.82760823e-01
    6.40861869e-01 5.59711933e-01 3.81879419e-01 1.63905323e-01
    3.34048033e-01 1.51867241e-01 4.14223969e-01 7.02162325e-01
    9.85251069e-01 3.20104152e-01 5.19108117e-01 5.89509368e-01
    7.77065873e-01 9.35035646e-01 9.73784328e-02 7.82061815e-01
    7.53948510e-01 4.62004244e-02 1.28836095e-01 9.17960048e-01
    6.87585056e-01 6.86627209e-01 4.53425795e-01 1.14748716e-01
    5.90965033e-01 9.99091148e-01 5.30309737e-01 6.30963922e-01
    1.55242890e-01 1.38510913e-01 6.14121854e-02 2.53031313e-01
    1.42257035e-01 8.52478385e-01 4.56768274e-03 8.56672168e-01
    1.41148567e-01 9.09980297e-01 9.61660087e-01 3.74694407e-01
    6.19358897e-01 2.82470375e-01 9.54890668e-01 5.30704260e-01
    9.07328665e-01 3.47265303e-01 8.44722688e-01 3.04087222e-01
    5.53704381e-01 3.47111285e-01 3.87078851e-01 1.84229493e-01
    6.05416596e-02 5.43645561e-01 3.92374367e-01 2.27032512e-01
    5.75514019e-01 1.34488344e-02 8.84809971e-01 6.24884665e-01
    7.54731894e-03 5.90593696e-01 8.01389456e-01 9.72369432e-01
    8.91646028e-01 7.02114344e-01 1.24882013e-01 8.11963201e-01
    2.10453033e-01 3.16824853e-01 8.60054970e-01 9.84580934e-01
    8.63896012e-01 1.54738486e-01 4.01039243e-01 7.12665677e-01
    4.22389507e-01 6.46055460e-01 1.99268162e-02 6.72958851e-01
    3.20379347e-01 1.35856599e-01 5.88913858e-02 5.73514700e-01
    1.92753643e-01 8.10261965e-01 7.37641811e-01 8.75779092e-02
    5.64036250e-01 5.56698501e-01 3.86703998e-01 9.28628206e-01
    2.78494924e-01 2.61841506e-01 6.32838488e-01 9.73663032e-02
    6.16212845e-01 1.74485803e-01 1.63555443e-02 8.69266570e-01
    1.99054033e-01 5.63664854e-01 6.86172843e-01 2.36948818e-01
    3.72475564e-01 1.52167857e-01 6.71761632e-01 2.63182521e-02
    5.03546357e-01 8.29627752e-01 8.55337799e-01 9.60927784e-01
    7.30281353e-01 9.62004542e-01 5.66449881e-01 6.95554316e-02
    4.63830978e-01 3.70216489e-01 2.28799731e-01 7.31099844e-01
    9.29011106e-02 2.41390616e-01 2.02124029e-01 3.39787960e-01
    7.90768147e-01 6.23698831e-02 7.33907759e-01 8.39054763e-01
    6.07939720e-01 9.61016834e-01 2.31165707e-01 9.52190399e-01
    9.27671909e-01 3.74578655e-01 4.10513878e-02 6.69148088e-01
    5.45673192e-01 4.61863518e-01 8.23956013e-01 7.81329513e-01
    9.61285591e-01 7.58580983e-01 9.86450911e-01 2.37488419e-01
    3.21599543e-01 7.70617843e-01 9.49692607e-01 7.71317720e-01
    9.67228532e-01 9.31482077e-01 6.83362544e-01 3.86873364e-01
    2.25288033e-01 6.39750600e-01 3.35569054e-01 9.09319878e-01
    8.39917541e-01 2.83884227e-01 9.99181032e-01 3.49607706e-01
    1.68350309e-01 6.22130692e-01 1.87456608e-03 2.19244987e-01
    2.58871794e-01 6.94236934e-01 6.72210455e-02 3.84849995e-01
    2.46591210e-01 9.96260822e-01 3.73053968e-01 6.45741761e-01
    5.52599728e-01 9.65659976e-01 8.09666991e-01 6.23160601e-01
    9.92652059e-01 8.26650620e-01 8.19201767e-02 9.21053231e-01
    6.88548088e-02 2.75223434e-01 9.56636906e-01 2.40305632e-01
    3.42081964e-01 7.01618493e-01 2.54778385e-01 8.88280272e-01
    2.75300443e-01 2.92134941e-01 9.79392648e-01 9.33238626e-01
    7.33974516e-01 3.94789547e-01 8.49351406e-01 3.37152362e-01
    4.26989883e-01 4.09597725e-01 6.20305181e-01 3.27049315e-01
    7.02862740e-01 4.17160928e-01 4.49026257e-01 9.99741495e-01
    3.74516428e-01 9.76750851e-01 7.86946237e-01 7.28795409e-01
    2.45083213e-01 2.28310257e-01 4.59470600e-01 8.60397220e-01
    6.93600655e-01 4.08286929e-01 7.94692278e-01 9.00917411e-01
    1.39176309e-01 5.89434624e-01 3.99207920e-01 9.58140850e-01
    2.04258204e-01 6.52445495e-01 5.18792152e-01 4.82331157e-01
    6.84187591e-01 7.51504064e-01 2.90108323e-02 4.62320685e-01
    4.22747344e-01 1.72251105e-01 5.93074501e-01 2.56192744e-01
    7.87985325e-02 3.14054281e-01 2.81130165e-01 5.34380317e-01
    8.02395821e-01 1.49667650e-01 9.86847281e-01 2.51658112e-01
    3.49724233e-01 9.33796763e-01 6.08768106e-01 2.06143945e-01
    7.95974255e-01 8.61400962e-01 4.40607131e-01 7.14250565e-01
    7.29715705e-01 4.31847572e-02 7.15774298e-01 9.66937304e-01
    3.52968961e-01 7.14944839e-01 5.02052605e-02 2.44063169e-01
    6.97488785e-01 5.73095143e-01 6.21166885e-01 5.91776967e-01
    9.61273909e-04 3.22614193e-01 7.01621294e-01 5.70505619e-01
    5.20271182e-01 1.49220228e-02 1.81341857e-01 8.00830126e-01
    8.42535794e-01 1.17708296e-01 6.05179310e-01 2.10604608e-01
    8.36965322e-01 1.60987794e-01 9.46903348e-01 2.28537410e-01
    6.73950911e-02 9.39086556e-01 6.87006116e-01 5.51917553e-02
    4.20473695e-01 7.00313151e-01 7.19468176e-01 7.88124084e-01
    2.18007922e-01 4.66099054e-01 4.38243628e-01 5.98957837e-01
    2.14908451e-01 5.49204350e-01 4.88713622e-01 2.54123449e-01
    9.65500414e-01 5.60603797e-01 3.35914940e-01 7.75704741e-01
    2.29363829e-01 9.49828625e-02 9.08724725e-01 8.43063712e-01
    7.46716857e-01 5.72896183e-01 6.77666783e-01 6.70992315e-01
    1.85133517e-01 6.08965278e-01 8.89155507e-01 6.00830853e-01
    4.20904934e-01 4.43674326e-02 4.55287218e-01 2.83208728e-01
    2.30589509e-03 1.77027285e-02 9.18039680e-03 2.16440439e-01
    8.62233043e-01 8.12686980e-01 4.71447974e-01 5.09204626e-01
    5.51461756e-01 1.94514394e-01 1.92994744e-01 4.60404515e-01
    3.64665776e-01 3.13827455e-01 4.51059282e-01 6.64632916e-01
    3.67861092e-01 4.85630006e-01 1.76785171e-01 9.88101304e-01
    5.50660491e-01 2.28483260e-01 6.64827526e-02 8.52488279e-01
    8.78091514e-01 7.24917650e-01 8.29272985e-01 9.30902600e-01
    1.81354046e-01 4.77705240e-01 6.46031380e-01 3.09699267e-01
    8.47545803e-01 9.80690122e-01 6.71847761e-01 8.61189008e-01
    5.07876098e-01 9.05888379e-02 1.06762081e-01 3.59123021e-01
    4.77901280e-01 4.32077378e-01 1.66124403e-01 6.55050516e-01
    7.25084305e-01 6.74877167e-01 8.94802213e-01 9.24242139e-01
    5.76738954e-01 8.54475498e-01 5.52082598e-01 3.09444070e-01
    3.30948025e-01 2.41584271e-01 3.56407046e-01 2.96643257e-01
    3.68184030e-01 1.38808191e-02 8.06406617e-01 6.82278991e-01
    1.47757560e-01 3.14416885e-02 7.26592243e-02 1.14366055e-01
    9.02009964e-01 3.76635224e-01 1.03370428e-01 7.80780315e-01
    8.33702207e-01 6.02961063e-01 8.56130898e-01 6.45350099e-01
    2.53748715e-01 8.21986675e-01 2.84804523e-01 7.00310647e-01
    7.65207648e-01 1.62272751e-01 5.02248943e-01 1.03239983e-01
    1.77860558e-02 5.30677915e-01 2.55047053e-01 4.37171996e-01
    9.46204901e-01 3.70921493e-02 9.12172556e-01 4.38967407e-01
    3.64848584e-01 3.94642830e-01 9.82832313e-01 9.25747752e-02
    2.43322104e-01 3.27264309e-01 3.28613192e-01 1.67310864e-01
    8.31414342e-01 4.26243961e-01 7.50682712e-01 7.83780336e-01
    8.54671240e-01 1.95733666e-01 2.22332776e-01 8.00490022e-01
    6.81615829e-01 3.46392989e-01 2.01713890e-01 5.19756615e-01
    9.03932154e-01 6.34228408e-01 4.69472498e-01 6.30310297e-01
    5.56693256e-01 6.01168513e-01 1.73652411e-01 2.89954305e-01
    6.19868338e-01 7.54490852e-01 6.18244708e-02 8.07789445e-01
    8.89437199e-01 7.65395880e-01 9.86005485e-01 8.35626245e-01
    4.56657261e-01 3.44840765e-01 8.83985996e-01 5.65245152e-02
    2.89169550e-02 2.18771100e-02 3.17328990e-01 8.59427810e-01
    2.54048109e-02 6.23947799e-01 4.68719691e-01 6.42163515e-01
    3.27848673e-01 7.20992982e-01 5.68338394e-01 1.63569808e-01
    2.32366294e-01 8.93030465e-01 4.97410268e-01 5.44210911e-01
    4.07679528e-01 1.90492034e-01 1.64554775e-01 5.14998436e-02
    9.29796576e-01 5.67889690e-01 5.16328275e-01 8.20071101e-01
    7.02859342e-01 6.29687726e-01 9.71764386e-01 9.83636677e-01
    4.45299208e-01 7.50630796e-01 3.20029795e-01 1.32520199e-01
    4.90366936e-01 7.65862942e-01 5.86601436e-01 3.84073555e-01
    4.75565523e-01 4.37328637e-01 2.89855659e-01 6.35098815e-01
    4.43248153e-02 1.69866383e-01 4.03340638e-01 9.11167800e-01
    6.43329442e-01 4.01907206e-01 1.13473803e-01 4.56484050e-01
    4.97533947e-01 6.28643990e-01 5.97365141e-01 3.59889448e-01
    8.13055515e-01 7.76412010e-01 7.76590705e-01 6.37454212e-01
    7.85986066e-01 6.99755251e-01 3.38678867e-01 6.30811036e-01
    9.82472420e-01 5.29074788e-01 3.66423428e-01 8.18229556e-01
    7.67106771e-01 9.57255602e-01 3.72317493e-01 2.60853529e-01
    5.48371017e-01 8.57748151e-01 2.84590513e-01 6.77739739e-01
    8.80515933e-01 6.42526031e-01 9.91685987e-01 2.45521545e-01
    9.69479978e-02 3.06710094e-01 5.62643647e-01 6.93143368e-01
    2.21704543e-01 1.94050521e-01 6.15029216e-01 6.90881968e-01
    7.48471618e-02 7.43414879e-01 7.03864217e-01 1.08506382e-01
    6.86531067e-01 5.65638423e-01 2.13246077e-01 6.63641512e-01
    8.16031396e-01 8.47095847e-01 1.48382097e-01 1.41193122e-01
    2.79572159e-01 5.53654075e-01 9.47731733e-01 5.50587237e-01
    7.62369394e-01 7.79791117e-01 2.19390750e-01 3.17860395e-01
    9.04811144e-01 1.89604759e-02 4.78286386e-01 8.18004549e-01
    1.69506282e-01 6.59358501e-03 3.41737390e-01 7.67846584e-01
    3.79067957e-02 8.49807620e-01 7.67815232e-01 3.48273367e-01
    7.84001887e-01 5.96788526e-01 6.04726970e-01 4.45667803e-01
    3.60326707e-01 9.66516137e-02 4.44606751e-01 6.43975317e-01
    8.12520206e-01 1.26657963e-01 6.94015026e-02 6.59433365e-01
    1.51574612e-03 9.77017522e-01 9.34643209e-01 4.86140311e-01
    5.67374229e-01 1.63756818e-01 6.97668552e-01 9.01018977e-02
    5.12318790e-01 5.56736529e-01 2.46619880e-01 9.87717867e-01
    1.41030073e-01 6.18023813e-01 1.28105581e-02 1.13805920e-01
    5.80624342e-01 2.04979151e-01 2.83745676e-01 8.54673624e-01
    5.84757268e-01 2.10483849e-01 1.94219649e-02 7.64636815e-01
    7.37671733e-01 2.52850354e-01 1.61544323e-01 2.68046021e-01
    4.71854091e-01 7.64948726e-01 1.98022306e-01 3.62647474e-01
    1.79508984e-01 1.00995302e-02 2.13049948e-02 7.85280585e-01
    8.11943114e-01 7.09471524e-01 9.73437726e-02 3.37442577e-01
    5.88495493e-01 1.41919494e-01 8.71732712e-01 9.60860848e-02
    8.16688776e-01 6.74986184e-01 6.64309561e-02 8.75159740e-01
    8.63776207e-01 7.58996487e-01 4.02358830e-01 5.41114151e-01
    6.95325911e-01 8.40050101e-01 9.94748950e-01 8.71845186e-02
    7.71994829e-01 6.50042236e-01 1.22960746e-01 7.26515353e-02
    2.32458055e-01 1.15845501e-01 4.95105594e-01 5.33546090e-01
    7.45396912e-02 8.36100936e-01 6.79772615e-01 8.72250080e-01
    7.41248608e-01 7.36212373e-01 8.37224782e-01 1.88261479e-01
    3.13036442e-01 4.34286535e-01 1.13583386e-01 2.23084956e-01
    1.90669030e-01 6.42841399e-01 2.82145739e-01 2.46467710e-01
    6.78815722e-01 5.21555364e-01 5.56968629e-01 8.54609728e-01
    2.01196015e-01 2.42592692e-01 9.42195833e-01 7.78285384e-01
    4.84625548e-01 2.39386618e-01 4.28788185e-01 6.48805797e-01
    9.86868918e-01 5.89340031e-01 8.15235496e-01 9.02946711e-01
    5.25351167e-02 5.07796943e-01 2.13815182e-01 8.31284761e-01
    8.12847316e-02 3.61084491e-01 2.74028420e-01 9.78435457e-01
    5.97245991e-01 1.31772876e-01 9.83291090e-01 3.21314752e-01
    8.00032854e-01 7.48081207e-02 9.10937726e-01 9.61917043e-01
    1.06131166e-01 3.97682220e-01 6.06295764e-02 6.33513033e-01
    6.56644702e-01 3.77813935e-01 4.39345181e-01 4.38156843e-01
    5.44708073e-01 4.98736501e-02 6.49215758e-01 4.95640129e-01
    8.15031111e-01 4.08590496e-01 6.61710143e-01 4.61096764e-02
    9.69981611e-01 2.22085804e-01 5.09265900e-01 8.77171159e-01
    6.06327653e-01 9.69900489e-01 2.29221761e-01 8.74598622e-01
    6.17583036e-01 7.97839761e-02 4.68820214e-01 1.24213040e-01
    4.40650016e-01 1.08164549e-03 4.56555307e-01 6.12261951e-01
    9.93325651e-01 1.23607129e-01 6.76722646e-01 5.93264937e-01
    4.76521671e-01 4.73450810e-01 4.46886867e-01 4.18213904e-02
    9.38829541e-01 4.74785268e-01 5.51729321e-01 2.37207025e-01
    2.59157419e-01 2.97889769e-01 3.76639038e-01 1.51615173e-01
    2.14327782e-01 9.18880939e-01 6.61559165e-01 7.19625711e-01
    2.34373957e-01 9.96850908e-01 6.20756745e-01 3.55394870e-01
    9.92218852e-01 4.92913961e-01 8.00699711e-01 6.58887506e-01
    2.66187131e-01 2.28495985e-01 6.24669313e-01 2.28607506e-01
    2.41187364e-01 5.46544373e-01 8.27732861e-01 8.93878102e-01
    5.95410705e-01 3.77705872e-01 1.06764853e-01 8.49016190e-01
    3.12201470e-01 4.59535122e-02 3.58951926e-01 1.22452855e-01
    6.44295990e-01 8.86717319e-01 8.04853439e-01 6.80069804e-01
    1.84991509e-01 1.53177887e-01 3.41142654e-01 3.37922335e-01
    5.25406778e-01 6.82207227e-01 6.06806099e-01 3.03900599e-01
    7.07782149e-01 9.21498299e-01 6.01276219e-01 9.21972513e-01
    5.32619119e-01 4.35889453e-01 7.20161796e-02 6.96423948e-02
    7.26543903e-01 8.25676560e-01 3.08760405e-01 9.63642538e-01
    9.80773926e-01 9.15007710e-01 6.24389648e-01 8.61954689e-01
    7.35665977e-01 9.50910270e-01 6.99223697e-01 6.92634702e-01
    8.35786343e-01 7.85535574e-01 2.25876719e-01 8.58846426e-01
    5.21329880e-01 4.07357484e-01 8.13581467e-01 5.93140841e-01
    4.93379742e-01 6.86108530e-01 1.82726949e-01 4.17026132e-01
    7.75268674e-02 3.92769337e-01 6.49800777e-01 4.32833731e-02
    3.61929417e-01 7.95978785e-01 7.97492087e-01 8.88491869e-02
    5.45467257e-01 8.47938657e-01 4.79149640e-01 7.74784446e-01
    4.41770911e-01 4.22720671e-01 1.59905851e-02 9.92490053e-01
    1.92346424e-01 4.28006798e-01 2.34213352e-01 3.60784948e-01
    5.97040355e-01 5.05001485e-01 4.67269301e-01 2.20731229e-01
    4.97074187e-01 1.34394735e-01 1.79290473e-02 1.70858890e-01
    9.79497612e-01 9.15785730e-02 9.22765732e-01 4.41798329e-01
    3.92103493e-02 7.45759249e-01 1.99297577e-01 5.81080735e-01
    5.01935720e-01 5.55912018e-01 6.00243330e-01 7.57761598e-01
    4.49482083e-01 7.06641972e-01 3.54060471e-01 9.10171628e-01
    5.87057352e-01 3.95168453e-01 8.83735001e-01 1.48530602e-02
    9.92284060e-01 3.74960601e-01 7.87280738e-01 8.85995924e-01
    6.67130947e-01 9.74991977e-01 8.61150026e-01 9.57037330e-01
    6.42610490e-01 1.98679298e-01 3.17003906e-01 5.02542138e-01
    1.28594339e-01 7.71243930e-01 7.61185408e-01 1.46762222e-01
    5.11363745e-02 6.52062178e-01 4.77011800e-01 1.61477357e-01
    9.36510563e-01 6.13602698e-02 4.84738797e-01 9.92272079e-01
    1.81814194e-01 8.95473301e-01 4.12789106e-01 9.80981231e-01
    6.75378263e-01 2.74043590e-01 6.29782677e-01 3.52035493e-01
    4.09692526e-02 8.55863988e-02 5.48605800e-01 6.08738363e-01
    1.85522437e-03 8.58446717e-01 1.98300034e-01 6.22895837e-01
    2.10604966e-02 5.51866651e-01 2.18498737e-01 8.07647169e-01
    6.73866272e-01 2.19369531e-02 9.64096129e-01 4.29335028e-01
    1.86363548e-01 3.76670390e-01 4.96993691e-01 6.53510332e-01
    3.85846674e-01 6.86657965e-01 2.59433836e-01 3.13756466e-02
    8.04368317e-01 6.83323383e-01 1.31087899e-02 7.97366798e-01
    7.11966097e-01 5.11806369e-01 4.42972481e-02 5.03395736e-01
    2.70443976e-01 7.56123662e-02 6.05743289e-01 1.89670056e-01
    8.51850986e-01 5.94920516e-02 1.41476244e-01 4.97324318e-01
    7.39439666e-01 1.13018036e-01 1.99208349e-01 9.69755590e-01
    5.12414277e-01 9.49772954e-01 7.23065019e-01 2.75969803e-02
    9.70396876e-01 8.42638254e-01 5.17393649e-01 2.31238723e-01
    4.74691361e-01 6.71758175e-01 2.19581336e-01 6.57433152e-01
    3.83086711e-01 2.24043936e-01 1.97258800e-01 3.23337674e-01
    1.98586851e-01 8.52969348e-01 5.78626692e-01 4.69735265e-02
    3.36672544e-01 9.64897275e-02 7.73269236e-02 9.16375399e-01
    9.01517987e-01 8.21317911e-01 4.48119521e-01 7.89956570e-01
    6.27455413e-01 3.00789416e-01 8.85731459e-01 8.17070723e-01
    4.28456306e-01 5.45212209e-01 6.77614808e-01 8.83362353e-01
    8.68821383e-01 7.08595991e-01 1.72664344e-01 4.54263836e-01
    1.83768868e-01 2.08551019e-01 5.51393330e-02 9.76628065e-01
    1.09518200e-01 1.98752970e-01 1.13006264e-01 2.28491873e-01
    8.75909209e-01 2.89317608e-01 6.57155454e-01 8.92795801e-01
    6.01387858e-01 5.96339524e-01 3.41231883e-01 6.45613372e-01
    2.70156920e-01 3.85280520e-01 8.62433791e-01 4.81306255e-01
    1.78152263e-01 3.53572547e-01 1.09088928e-01 1.92185014e-01
    5.11350989e-01 6.59289658e-01 8.21908832e-01 4.48650122e-03
    3.15183640e-01 1.58406794e-01 6.80292726e-01 7.54111946e-01
    8.80998254e-01 8.87072444e-01 4.14854497e-01 2.78275371e-01
    4.09909010e-01 3.21820498e-01 9.01610613e-01 3.57999384e-01
    5.84225535e-01 1.80729181e-01 3.97496223e-02 6.37293935e-01
    8.72035146e-01 1.39376223e-01 9.69253600e-01 3.97246331e-01
    6.47021353e-01 1.30525947e-01 5.91244519e-01 9.59781706e-02
    7.39760160e-01 6.72437549e-01 3.46920222e-01 4.11488891e-01
    1.63357377e-01 9.78225112e-01 2.67373860e-01 7.17100859e-01
    2.10235804e-01 8.60154450e-01 7.13288248e-01 5.22092998e-01
    4.11818922e-01 8.06447744e-01 3.68499339e-01 3.41189325e-01
    2.97389328e-02 2.88551509e-01 7.91267276e-01 9.68807817e-01
    7.98845828e-01 3.75243515e-01 9.79139090e-01 1.85493410e-01
    7.33250976e-01 2.26188600e-02 7.46297836e-01 5.71297765e-01
    1.98637486e-01 1.61294132e-01 2.56355107e-01 4.38181579e-01
    1.23320431e-01 6.73977911e-01 1.20431691e-01 9.40595984e-01
    4.79608238e-01 9.98478889e-01 7.82518148e-01 8.54129493e-02
    7.37914801e-01 2.98300207e-01 3.32552195e-01 3.57010782e-01
    4.51192558e-02 4.96667445e-01 1.88016176e-01 5.47344387e-02
    7.13056326e-03 4.79622215e-01 9.74949241e-01 5.09284556e-01
    9.85791206e-01 6.56057656e-01 8.16517830e-01 4.53689963e-01
    9.28743839e-01 2.16568977e-01 1.88905299e-02 3.36638898e-01
    6.30032301e-01 7.47730553e-01 3.23409885e-01 4.09195125e-02
    3.38631511e-01 6.04227483e-01 1.14965916e-01 9.79413867e-01
    9.51742530e-02 2.93861032e-02 4.72852588e-01 3.19057405e-01
    3.42884034e-01 3.41769725e-01 3.90700221e-01 7.90844262e-01
    4.85646755e-01 4.37167704e-01 6.74038947e-01 4.56117004e-01
    4.40488100e-01 2.20187157e-01 3.01449299e-02 4.59227651e-01
    7.95120001e-01 6.45760715e-01 7.90444255e-01 2.04798043e-01
    7.44509995e-01 9.55459833e-01 1.43255204e-01 5.35393775e-01
    9.97428060e-01 2.58232951e-01 6.82731807e-01 3.31699252e-02
    5.62312663e-01 2.08303660e-01 4.69269544e-01 6.39184952e-01
    4.39634025e-02 7.30268061e-01 9.79367852e-01 8.98192525e-01
    8.38573396e-01 7.77099848e-01 5.25371075e-01 6.70911551e-01
    4.75280583e-02 7.76703119e-01 7.58855939e-01 6.16158485e-01
    8.79083395e-01 7.06954122e-01 5.67372739e-01 8.86935174e-01
    2.42554158e-01 8.63668978e-01 5.83082676e-01 1.23747230e-01
    7.60904074e-01 4.29756939e-01 9.02004421e-01 9.32433248e-01
    9.93015528e-01 4.21328068e-01 3.25747967e-01 7.93615103e-01
    6.23411775e-01 4.11357343e-01 5.68283796e-02 8.29099834e-01
    1.42700016e-01 3.51695716e-02 3.30652833e-01 1.35311931e-01
    6.68655992e-01 1.35930032e-01 5.05837321e-01 4.25489902e-01
    5.60579002e-01 2.95119703e-01 6.88382626e-01 9.50921893e-01
    2.51854658e-02 3.44698846e-01 1.62421793e-01 3.21540654e-01
    4.29514855e-01 5.86781561e-01 8.67880344e-01 7.80216575e-01
    1.21634811e-01 8.88626039e-01 4.13752615e-01 8.41730118e-01
    5.90140700e-01 7.49998868e-01 5.36334038e-01 6.78609371e-01
    6.55484259e-01 5.28581083e-01 7.74676919e-01 9.61092651e-01
    4.96448904e-01 8.08015943e-01 6.64681137e-01 5.72851717e-01
    7.01778173e-01 2.96121001e-01 1.59435689e-01 6.68654978e-01
    9.21091676e-01 5.84619343e-01 7.67399967e-02 5.26449263e-01
    4.02518153e-01 6.46872640e-01 1.18317366e-01 4.14706349e-01
    5.06336808e-01 5.33924341e-01 5.41299164e-01 6.32320225e-01
    8.67807329e-01 4.47727084e-01 5.14428258e-01 1.06848478e-02
    1.59292608e-01 5.61231613e-01 8.22831452e-01 4.63534504e-01
    1.79800987e-01 4.57771361e-01 3.00957620e-01 3.43940556e-01
    9.14938569e-01 7.27186441e-01 9.11747992e-01 4.14650559e-01
    6.99188530e-01 3.90515804e-01 4.11735475e-01 7.29074538e-01
    3.25110912e-01 5.35573363e-02 9.47334528e-01 4.86392677e-01
    3.01833659e-01 6.95763648e-01 8.99091721e-01 8.10945928e-01
    7.53481388e-01 7.19228208e-01 1.34170294e-01 6.02306902e-01
    1.06287569e-01 5.20795286e-01 9.66540933e-01 8.08859468e-01
    4.63606179e-01 4.87264752e-01 1.17054760e-01 1.53085232e-01
    7.05118358e-01 6.67363048e-01 8.85820925e-01 3.40401709e-01
    8.61068428e-01 7.04244077e-01 6.93571091e-01 9.60942388e-01
    1.17502451e-01 4.62832153e-01 8.73663127e-01 7.42069364e-01
    8.36011052e-01 6.99967146e-04 1.49461061e-01 8.90820742e-01
    6.55277133e-01 9.73330140e-01 3.11688840e-01 7.02560425e-01
    6.73560500e-02 8.85059118e-01 2.68902540e-01 2.24536300e-01
    5.80772877e-01 7.98173904e-01 8.69974792e-01 7.57142365e-01
    8.86138678e-01 4.68098938e-01 8.53104353e-01 6.67896867e-01
    9.40792441e-01 6.68899477e-01 3.24075222e-01 2.77533948e-01
    2.08951563e-01 7.19662488e-01 7.48097777e-01 8.47963750e-01
    4.28135246e-01 6.69322729e-01 7.23829865e-03 9.86304522e-01
    9.12587404e-01 2.90312767e-01 4.91254896e-01 9.83852148e-02
    4.34556067e-01 1.80077404e-01 9.41966891e-01 3.02258998e-01
    7.68631399e-02 6.22802854e-01 4.30913419e-01 3.19121093e-01
    1.71617001e-01 6.80264533e-01 1.63244963e-01 1.96665347e-01
    7.63826370e-02 2.10042000e-01 7.25996733e-01 8.86333823e-01
    3.72440040e-01 6.01000667e-01 7.09779203e-01 8.76874983e-01
    2.10097462e-01 3.24631572e-01 2.19642222e-01 9.77414131e-01
    4.47232723e-02 6.80448651e-01 5.86435199e-01 3.96548808e-01
    8.61043811e-01 1.33778483e-01 2.61332482e-01 4.91851538e-01
    4.89000976e-02 8.86667490e-01 6.83310151e-01 6.09137893e-01
    4.95457888e-01 1.16323531e-01 2.39141762e-01 6.18904829e-04
    3.44723642e-01 3.82523954e-01 7.33889222e-01 2.61493385e-01
    2.91534662e-02 1.11488819e-01 9.87702489e-01 3.97783726e-01
    5.87429643e-01 8.93825412e-01 1.52494192e-01 3.89886379e-01
    6.26727939e-01 6.80239379e-01 4.49056685e-01 4.44541037e-01
    3.65294725e-01 1.76793486e-01 7.85243511e-02 8.29588175e-01
    3.34890783e-02 5.97697139e-01 7.91672945e-01 1.30816698e-02
    3.63306701e-01 8.44205379e-01 3.23187411e-01 1.31969005e-01
    1.29230022e-01 9.08213019e-01 3.43060255e-01 2.29043871e-01
    3.81235540e-01 8.48341465e-01 7.25101054e-01 4.99875844e-01
    8.95238578e-01 6.83144987e-01 6.23883724e-01 7.22562611e-01
    2.83919781e-01 5.03355265e-03 4.02714193e-01 9.38607514e-01
    9.22212839e-01 8.75190496e-01 9.77955282e-01 7.79427230e-01
    4.17241752e-02 3.59037697e-01 4.84467000e-01 8.38895798e-01
    4.27567065e-01 3.97807866e-01 9.30591702e-01 4.39151645e-01
    4.57115173e-01 9.12312150e-01 4.90832418e-01 3.43769997e-01
    5.75449228e-01 8.62260938e-01 2.17637986e-01 2.02395290e-01
    7.70608008e-01 3.46011370e-01 4.51457202e-01 1.61505997e-01
    1.00566924e-01 4.79554236e-02 4.14377451e-03 4.80917692e-02
    4.89365250e-01 8.00326884e-01 8.23813796e-01 6.54533386e-01
    2.94252396e-01 6.95261121e-01 4.51394498e-01 4.14767027e-01
    4.05322641e-01 7.84203529e-01 8.57276917e-02 3.52083445e-02
    8.26293111e-01 5.33690989e-01 6.57817066e-01 3.92811447e-01
    2.67225802e-01 7.37289131e-01 9.10367727e-01 7.86992073e-01
    6.48014605e-01 6.55519485e-01 2.89693177e-01 2.42871642e-02
    1.70180112e-01 1.08894557e-01 1.82210922e-01 6.42592013e-01
    5.06077051e-01 5.78634441e-02 8.27457905e-01 9.47745204e-01
    8.38058829e-01 1.30347878e-01 1.79127246e-01 2.43094623e-01
    6.34488463e-02 7.41593122e-01 4.14775342e-01 6.83203578e-01
    1.29692912e-01 9.93239582e-02 8.28538299e-01 7.72738934e-01
    3.48880053e-01 1.86002910e-01 7.71127701e-01 1.67864561e-02
    2.34186649e-02 7.20465124e-01 3.30129564e-01 4.55740690e-02
    3.96335453e-01 5.81011057e-01 9.39305544e-01 7.38307059e-01
    1.26085222e-01 3.06406140e-01 1.70968056e-01 1.99972749e-01
    9.22367454e-01 5.63997984e-01 1.59554183e-01 6.52285159e-01
    5.40215969e-02 8.31403196e-01 7.38372445e-01 6.77052438e-01
    6.43936634e-01 7.04361558e-01 6.98774517e-01 3.21498275e-01
    9.29437995e-01 4.25942540e-01 2.22899348e-01 9.06614184e-01
    8.85585368e-01 9.48068619e-01 9.54766572e-02 3.44584852e-01
    3.50972354e-01 4.50613081e-01 5.26223838e-01 7.20102727e-01
    6.85013354e-01 5.15259504e-01 1.90233052e-01 3.29582989e-02
    6.00570083e-01 6.52687371e-01 8.67755532e-01 7.25392282e-01
    1.37541205e-01 1.17789626e-01 3.52547705e-01 8.82179976e-01
    2.37843513e-01 6.60850763e-01 3.92648995e-01 1.20672226e-01
    2.11405963e-01 5.94926000e-01 4.33910578e-01 8.30592036e-01
    7.19978809e-01 6.02448225e-01 3.80333960e-01 1.78646594e-01
    3.44821393e-01 5.97022176e-01 7.29747832e-01 6.32181168e-01
    2.05130786e-01 4.53422487e-01 8.81223083e-02 4.86222267e-01
    7.48407066e-01 1.99496329e-01 5.26571631e-01 7.02470839e-01
    6.08948469e-02 4.41399664e-01 2.18086481e-01 1.40109122e-01
    6.54655397e-02 7.46093631e-01 5.90110123e-01 2.73853064e-01
    9.87641752e-01 6.71733201e-01 5.78844547e-01 7.75193036e-01
    8.37535739e-01 7.07289398e-01 5.78230917e-01 4.15053546e-01
    8.87857258e-01 2.11899102e-01 8.09306800e-02 5.62329650e-01
    6.39001012e-01 8.71810317e-02 7.92051077e-01 1.45573139e-01
    7.57004261e-01 6.99621677e-01 3.36329401e-01 2.67583609e-01
    1.76928431e-01 7.12161779e-01 1.59986198e-01 5.57888031e-01
    3.86633873e-01 4.51624393e-02 6.11695647e-01 1.95130557e-01
    5.95865011e-01 9.85879302e-02 7.61619449e-01 9.11890626e-01
    5.11815131e-01 3.04990292e-01 7.86572456e-01 9.51622844e-01
    9.59478736e-01 1.16953641e-01 9.73801076e-01 4.50951338e-01
    7.63949752e-02 9.24838543e-01 4.99435723e-01 6.84344590e-01
    2.34787971e-01 4.02106225e-01 1.67458177e-01 5.86478412e-01
    2.23564506e-02 7.34418154e-01 2.83840656e-01 7.44228780e-01
    1.65656954e-01 1.17137611e-01 9.50886130e-01 6.70672119e-01
    2.56303072e-01 2.27908462e-01 8.21519136e-01 8.02794218e-01
    6.61299467e-01 3.35971445e-01 5.12010574e-01 9.81053710e-02
    6.91626072e-02 5.63483894e-01 6.49840891e-01 3.59106660e-01
    3.99028778e-01 9.23459053e-01 2.39623249e-01 5.43220282e-01
    2.65989304e-01 3.78017873e-01 7.55051255e-01 2.11693347e-02
    7.15839922e-01 3.75623882e-01 3.81411195e-01 8.94965291e-01
    5.72043121e-01 4.30925190e-01 3.85194480e-01 6.61798298e-01
    2.89729238e-01 3.48191321e-01 3.09125364e-01 4.64693516e-01
    1.17956042e-01 4.99001592e-01 2.58478343e-01 8.89869213e-01
    7.56390035e-01 9.68658447e-01 5.70475340e-01 9.32662010e-01
    2.49260068e-01 2.26882875e-01 6.41433656e-01 5.33250391e-01
    7.59354472e-01 1.42366588e-02 2.26501822e-02 1.04901403e-01
    6.89217508e-01 4.86703753e-01 6.02570176e-02 6.43299520e-02
    9.36118603e-01 7.80802011e-01 4.32322472e-01 9.59979892e-02
    1.57899976e-01 5.07344306e-01 3.68303657e-02 8.23893726e-01
    6.79204345e-01 3.42739999e-01 5.97875476e-01 7.45256543e-01
    7.99478889e-01 4.55332279e-01 5.07635653e-01 6.45941675e-01
    2.71961391e-01 4.39577937e-01 7.49713659e-01 9.00724292e-01
    7.94903874e-01 7.09183037e-01 2.50828624e-01 1.05595738e-01
    5.62897027e-01 8.87137234e-01 4.36761975e-02 3.39756250e-01
    1.53538883e-01 1.70596004e-01 1.07859641e-01 6.83808148e-01
    1.66108608e-01 7.99317479e-01 8.02097678e-01 7.04176426e-01
    1.49839848e-01 8.90574336e-01 4.54397619e-01 4.47588354e-01
    9.03827369e-01 8.19805384e-01 8.93626809e-01 6.61581397e-01
    3.25669527e-01 3.62825513e-01 8.36755514e-01 3.45441818e-01
    4.96064633e-01 3.25083196e-01 8.56384635e-02 4.40832436e-01
    6.06592357e-01 3.40791166e-01 2.29832858e-01 3.80882025e-01
    3.95568490e-01 3.02836895e-01 6.56538188e-01 4.97564346e-01
    2.21636027e-01 5.64182281e-01 5.61794281e-01 9.97345567e-01
    3.24012220e-01 9.69100714e-01 8.30942869e-01 6.71407700e-01
    6.16892874e-01 7.61547089e-02 8.06436062e-01 2.95772254e-01
    6.93574548e-02 8.73639166e-01 6.75796270e-02 3.01709831e-01
    4.23980355e-02 6.76253080e-01 6.45004034e-01 3.64421248e-01
    2.39889085e-01 4.10109222e-01 3.51735860e-01 2.62670219e-02
    8.91550899e-01 5.18959463e-01 7.44465590e-02 9.41199899e-01
    8.07142854e-01 9.01199520e-01 9.31661725e-02 9.30250645e-01
    5.00200748e-01 3.37798893e-02 7.36590743e-01 3.12902391e-01
    7.39716291e-01 6.68254197e-02 2.53149271e-01 2.48582751e-01
    9.99763131e-01 4.83369082e-01 8.79569411e-01 5.80698490e-01
    8.72587860e-02 6.15729094e-01 1.14915192e-01 9.14679646e-01
    3.15903425e-02 8.88232708e-01 4.08874750e-01 1.63561404e-02
    9.06385779e-01 4.08156812e-01 4.51113135e-01 1.66368157e-01
    1.33555621e-01 4.88561481e-01 7.18922198e-01 7.05662847e-01
    4.19873744e-01 3.40148807e-03 1.63797021e-01 7.65312195e-01
    9.72735345e-01 9.94396925e-01 6.79892540e-01 9.02113020e-01
    9.72593725e-02 6.74691558e-01 7.89215207e-01 8.06157708e-01
    6.73382998e-01 8.31767559e-01 7.98725545e-01 9.10068452e-02
    7.51583099e-01 7.22087622e-01 1.50924861e-01 2.45510310e-01
    8.81324291e-01 5.46768248e-01 5.14638782e-01 7.40986943e-01
    3.73346269e-01 9.57115948e-01 3.99139166e-01 5.18718362e-03
    4.43699539e-01 4.60601896e-01 9.15017486e-01 7.00240731e-01
    2.37202913e-01 6.83825791e-01 2.21214950e-01 4.78954196e-01
    2.87611187e-02 4.02108938e-01 3.85110319e-01 9.55744684e-01
    1.26988888e-02 8.86506319e-01 6.44789934e-02 7.82048464e-01
    7.95074701e-02 5.34625232e-01 6.83909714e-01 2.27603406e-01
    5.39717972e-01 5.36954582e-01 9.86503363e-01 5.51550210e-01
    3.15776318e-01 5.06622612e-01 2.46889740e-01 3.64950001e-01
    1.73785359e-01 4.04999614e-01 6.85688138e-01 7.05574870e-01
    2.28215247e-01 7.29551017e-02 6.59830809e-01 5.80634236e-01
    4.11598504e-01 8.85604978e-01 9.26070333e-01 3.46933365e-01
    9.83794332e-01 6.64344788e-01 5.99999189e-01 5.80785334e-01
    2.44815350e-01 5.89658916e-01 6.29472733e-01 2.67022133e-01
    6.88634753e-01 5.68566322e-01 1.26999557e-01 9.46409047e-01
    1.13093287e-01 6.66733503e-01 5.60977638e-01 9.03412163e-01
    8.26159716e-02 4.12062705e-01 2.03718632e-01 2.24038184e-01
    5.84352970e-01 8.50862265e-01 9.95357811e-01 2.89546788e-01
    2.65652299e-01 5.35605490e-01 3.98314536e-01 4.66926873e-01
    1.11936927e-01 3.01366508e-01 7.26721704e-01 8.64637852e-01
    6.31722212e-01 5.40108979e-01 9.69502628e-02 6.67586744e-01
    3.13909858e-01 4.50345486e-01 8.37505341e-01 2.94775367e-01
    8.13574910e-01 8.27469587e-01 3.62558961e-01 9.44438338e-01
    4.12458211e-01 1.75613016e-01 3.98085296e-01 2.22144604e-01
    5.50098002e-01 3.22180867e-01 1.15741849e-01 3.92087162e-01
    2.97175646e-02 2.08801925e-01 3.19989383e-01 3.47748399e-03
    6.86728954e-03 1.71208382e-03 4.39496189e-01 2.91113466e-01
    8.23892355e-02 9.00735497e-01 5.75722516e-01 1.53651029e-01
    4.20242190e-01 5.21393478e-01 1.47587150e-01 3.07276368e-01
    9.20161247e-01 5.75572193e-01 2.87469089e-01 7.24205077e-01
    2.60964751e-01 4.64891762e-01 2.70924926e-01 6.01356328e-01
    5.25748909e-01 4.02816921e-01 2.50611097e-01 5.67191720e-01
    9.21255350e-03 4.24352586e-01 3.79223555e-01 3.71693909e-01
    1.97940022e-01 7.07736015e-01 8.06437850e-01 7.94059038e-03
    5.83343387e-01 1.34354442e-01 5.38264096e-01 3.19768876e-01
    3.97903025e-01 9.57679451e-02 7.94648170e-01 7.09308624e-01
    1.03654951e-01 8.01419616e-01 4.88132805e-01 1.95964992e-01
    3.46454978e-03 7.92259693e-01 9.85269189e-01 5.87866664e-01
    5.37735105e-01 8.71796429e-01 5.35688937e-01 4.50690985e-01
    5.36349177e-01 5.82186878e-01 5.19016862e-01 4.89242822e-01
    7.06005514e-01 3.44989419e-01 1.08814299e-01 1.02385700e-01
    2.64050722e-01 5.44453382e-01 8.65687370e-01 2.50263661e-01
    4.83099371e-01 2.55770326e-01 3.17557514e-01 7.36789107e-01
    9.53195930e-01 2.10267037e-01 7.11635351e-01 8.62065017e-01
    5.08883893e-02 6.41487241e-01 1.12867534e-01 2.96694607e-01
    5.64829111e-01 9.72467065e-02 3.98455501e-01 7.50722468e-01
    6.37468576e-01 1.92771286e-01 1.94299728e-01 4.91560608e-01
    3.94442469e-01 8.41511130e-01 1.15035415e-01 3.72480035e-01
    2.89457142e-02 4.35602933e-01 8.00764918e-01 5.91858625e-02
    1.45226091e-01 6.08011305e-01 6.30145133e-01 6.97471023e-01
    1.33594096e-01 2.56545842e-01 5.35900354e-01 8.09398055e-01
    8.65401030e-01 2.86140591e-01 7.16878474e-01 5.67055106e-01
    6.49953127e-01 4.82925475e-01 2.86817938e-01 2.80902624e-01
    3.24124396e-02 3.06975842e-02 2.22467333e-01 3.00693512e-03
    1.32324040e-01 4.04513478e-01 2.10328937e-01 4.39792752e-01
    6.03335917e-01 2.05536932e-01 5.74071765e-01 3.03521156e-02
    2.36999184e-01 1.74023032e-01 6.67627335e-01 2.47889459e-01
    1.13316178e-01 8.17957520e-01 9.06840682e-01 5.74810088e-01
    7.93802142e-01 3.33172292e-01 5.85129142e-01 8.76220226e-01
    5.76634943e-01 4.06134605e-01 3.04550350e-01 1.41451895e-01
    1.35426670e-01 2.14257210e-01 2.82657385e-01 7.56416440e-01
    9.52378273e-01 4.08020020e-01 2.12700605e-01 4.61764365e-01
    9.41980660e-01 4.39052135e-01 4.24778968e-01 8.85422230e-01
    7.24798918e-01 3.52551639e-02 9.40380275e-01 2.57412106e-01
    6.73718870e-01 9.74911690e-01 7.66940296e-01 6.06586337e-02
    5.18648863e-01 2.40831852e-01 2.30911940e-01 3.47548455e-01
    1.95254833e-01 8.99567127e-01 9.81877327e-01 3.06698054e-01
    2.22207069e-01 5.28191507e-01 9.77511108e-01 7.75253177e-01
    8.58197510e-02 2.77723372e-02 3.50682050e-01 3.74436378e-04
    2.33560354e-01 5.82440794e-01 2.64815509e-01 3.63070488e-01
    6.45467043e-01 6.33121789e-01 8.22974741e-01 2.60110974e-01
    7.78290212e-01 2.74210393e-01 9.83851016e-01 7.92266071e-01
    6.10059261e-01 1.74477994e-02 3.80109429e-01 4.59495008e-01
    7.05328941e-01 5.98086298e-01 5.06894410e-01 5.48738241e-02
    6.60170019e-02 5.67155540e-01 2.31833935e-01 6.18942380e-01
    7.93591142e-01 8.24772954e-01 1.56009495e-02 8.79551649e-01
    9.92212296e-02 3.23337555e-01 6.52214289e-02 8.27351689e-01
    7.51777768e-01 8.69687557e-01 7.15131044e-01 6.12277269e-01
    9.40448523e-01 9.30302501e-01 6.46629393e-01 4.86027062e-01
    4.44970220e-01 9.47593689e-01 8.72297525e-01 1.84025049e-01
    1.24233633e-01 9.53589559e-01 9.87165153e-01 5.72424352e-01
    1.10848218e-01 7.12590635e-01 5.87362826e-01 6.62879229e-01
    5.87185860e-01 2.32901871e-02 5.91369450e-01 2.74826825e-01
    8.09123814e-02 7.62044549e-01 3.04571986e-01 3.66518825e-01
    6.19728506e-01 8.55302155e-01 8.39592218e-02 4.53496128e-01
    6.72572851e-01 8.87664557e-01 2.89210737e-01 4.08019066e-01
    5.76317668e-01 9.82495427e-01 2.90671766e-01 6.42830491e-01
    5.79547524e-01 5.45226753e-01 8.74345303e-01 6.90421581e-01
    1.88277453e-01 1.02847159e-01 5.71300685e-01 1.63561016e-01
    4.66170907e-02 6.50154889e-01 4.52833325e-01 5.21288037e-01
    1.93617702e-01 5.27734518e-01 4.42716390e-01 7.86645055e-01
    5.21287858e-01 4.83866036e-02 2.84289211e-01 3.40632319e-01
    1.07281595e-01 4.23651636e-01 7.89331198e-01 8.83169651e-01
    1.36520505e-01 9.78517056e-01 6.76695406e-01 3.30053151e-01
    6.03178144e-01 8.12577605e-01 4.67441797e-01 2.69461870e-01
    1.21252239e-02 3.60324383e-01 2.30955988e-01 2.60460019e-01
    7.82533646e-01 7.12744832e-01 3.95071924e-01 9.18525219e-01
    6.58192337e-02 2.15436757e-01 3.15434754e-01 3.72613013e-01
    6.89853668e-01 6.47427380e-01 7.04289913e-01 4.68656123e-01
    3.77498925e-01 1.17041647e-01 5.74076772e-02 6.85255766e-01
    9.09641623e-01 6.24148309e-01 4.51650053e-01 1.34464741e-01
    6.02880836e-01 2.03276098e-01 9.14592564e-01 3.35469246e-01
    7.74638295e-01 2.01340377e-01 4.39644128e-01 1.06075108e-02
    1.83390915e-01 7.77140617e-01 2.81441152e-01 4.39062804e-01
    1.40151978e-02 1.30818039e-01 3.35261464e-01 8.61015260e-01
    2.59588718e-01 8.78178179e-02 5.00472724e-01 6.73589706e-01
    5.03910899e-01 5.66340923e-01 5.20266891e-01 3.38746786e-01
    9.36395645e-01 3.05796444e-01 1.77261800e-01 7.86825538e-01
    2.23021239e-01 6.67954385e-01 5.41127503e-01 1.76799864e-01
    6.81530416e-01 3.46296847e-01 5.73226094e-01 5.74089885e-02
    4.82750893e-01 9.92747068e-01 4.07766581e-01 9.50338244e-01
    5.12073517e-01 7.18598366e-02 8.88340533e-01 4.30548936e-01
    5.32147169e-01 2.73147166e-01 7.58467197e-01 3.41782033e-01
    5.28444111e-01 1.71434283e-01 6.67192459e-01 6.32704556e-01
    8.81156445e-01 2.15081871e-01 4.72436458e-01 5.73181212e-01
    3.40136290e-02 4.57793057e-01 8.32215309e-01 8.06142688e-01
    7.41920710e-01 3.62209529e-01 2.81730294e-03 1.19626105e-01
    8.75688136e-01 2.38216907e-01 8.66046548e-01 2.96043396e-01
    3.60354900e-01 5.53231955e-01 6.44064844e-02 9.73469615e-02
    7.46798038e-01 2.40475327e-01 4.31994140e-01 2.77352095e-01
    2.07300514e-01 1.53439671e-01 8.12169015e-01 4.29405749e-01
    9.13177967e-01 7.80024290e-01 9.34358776e-01 3.00255001e-01
    3.09296131e-01 1.98777556e-01 5.97200394e-01 8.93353522e-01
    3.26358140e-01 2.27650762e-01 9.75705266e-01 6.60275817e-02
    3.19134712e-01 7.89859891e-01 5.50003827e-01 6.27242625e-01
    5.09378910e-01 9.31358337e-02 2.77773142e-01 4.14426684e-01
    1.99954867e-01 1.48173124e-01 4.65766788e-02 1.32825971e-03
    5.99860847e-01 8.26768160e-01 7.33083427e-01 5.36733627e-01
    9.96904373e-01 1.29434466e-02 1.52423620e-01 7.35461354e-01
    4.74608004e-01 7.04805195e-01 9.09907460e-01 6.57091260e-01
    2.45331615e-01 1.41986698e-01 4.69294310e-01 3.32272857e-01
    6.99529350e-01 5.68735480e-01 3.25650692e-01 1.80368036e-01
    5.22235811e-01 9.47227716e-01 3.83525074e-01 2.99260616e-02
    6.86064243e-01 7.64821529e-01 4.70305979e-02 3.56053829e-01
    8.63520801e-01 7.83805847e-01 3.32694113e-01 4.38475341e-01
    2.94813514e-03 2.30905563e-01 6.22469306e-01 8.59097838e-01
    5.79544127e-01 8.84392083e-01 9.11923409e-01 4.85165387e-01
    1.69418663e-01 6.69357181e-03 5.17286360e-01 6.67839348e-02
    7.96582758e-01 2.54819036e-01 2.79845893e-02 5.38008213e-01
    8.84439111e-01 6.53919280e-01 8.53112817e-01 7.30775297e-01
    9.42555070e-02 9.62398291e-01 7.48554468e-01 4.43911314e-01
    5.26890814e-01 8.33127379e-01 5.47986031e-01 2.83629507e-01
    3.93902540e-01 2.25098252e-01 5.75182557e-01 3.86523366e-01
    9.74046707e-01 5.75612366e-01 3.76216054e-01 2.31051743e-01
    9.03170228e-01 3.12167883e-01 7.85716593e-01 1.45967722e-01
    7.74344206e-02 8.82637262e-01 1.09833658e-01 6.18793130e-01
    8.79754901e-01 9.53844786e-01 4.14507151e-01 8.81998599e-01
    5.62133849e-01 5.79922438e-01 1.18865371e-01 3.15035045e-01
    2.32403666e-01 1.98042125e-01 8.71384859e-01 9.17950571e-01
    7.92188406e-01 2.82948375e-01 3.66553485e-01 7.63412118e-01
    8.99112701e-01 2.77759731e-01 5.82485199e-02 1.36807382e-01
    9.31561768e-01 8.06800961e-01 4.85031664e-01 2.01008856e-01
    9.18084562e-01 1.53757006e-01 7.80551195e-01 8.42803717e-01
    6.85350895e-01 4.27491814e-01 8.89237523e-01 8.88359666e-01
    7.62930393e-01 7.67447054e-02 5.64316392e-01 8.95190239e-01
    4.80425537e-01 6.58834457e-01 5.59580326e-01 5.22716939e-02
    9.44578469e-01 5.35674155e-01 5.53396046e-02 4.27560270e-01
    3.78727555e-01 9.88640606e-01 1.43201053e-02 8.31379950e-01
    7.69207239e-01 2.93798923e-01 5.74973464e-01 9.74049985e-01
    4.61893678e-02 7.13043332e-01 3.86540115e-01 4.42465782e-01
    2.58864164e-01 3.71347576e-01 9.17659819e-01 5.52837789e-01
    6.47435308e-01 9.27510619e-01 5.48545659e-01 5.01575351e-01
    6.86433494e-01 2.53413230e-01 8.82159710e-01 5.89289963e-01
    1.80435300e-01 6.54337585e-01 9.52261329e-01 8.36524665e-01
    2.73433328e-01 1.43781006e-02 5.73606372e-01 1.17440253e-01
    1.67021066e-01 8.62807035e-01 2.32206792e-01 1.63235813e-01
    5.42834163e-01 1.49050027e-01 8.34370852e-02 2.34320194e-01
    3.74026895e-01 7.16822803e-01 3.59626621e-01 8.41584444e-01
    4.52349871e-01 9.59080875e-01 8.11088800e-01 3.49037170e-01
    2.73943603e-01 8.94092083e-01 4.79034692e-01 3.75264198e-01
    8.60481143e-01 5.07606983e-01 4.89929974e-01 6.04473412e-01
    6.08019531e-02 4.83645052e-01 3.82039458e-01 2.72201806e-01
    1.94295943e-02 2.76326925e-01 2.44741738e-01 6.55036747e-01
    6.65139318e-01 7.92159319e-01 1.17056727e-01 4.05727595e-01
    5.12337089e-01 2.82749534e-02 9.65705574e-01 3.26010823e-01
    2.92362213e-01 8.84090960e-02 2.26424336e-01 4.17518824e-01
    2.46510386e-01 7.60130882e-01 4.95382369e-01 4.88022000e-01
    5.64730465e-02 5.64174771e-01 8.36006641e-01 8.28015208e-02
    3.23322654e-01 6.93147659e-01 5.74258268e-01 8.35844517e-01
    8.50001931e-01 9.18297470e-02 1.13670558e-01 1.52651966e-02
    9.48019981e-01 2.08531141e-01 4.93203580e-01 9.13736224e-02
    9.18046832e-02 7.46655583e-01 3.95994842e-01 9.58889127e-01
    2.73833275e-01 5.64363480e-01 5.43487489e-01 5.97297966e-01
    1.64613664e-01 1.70541525e-01 5.65397620e-01 8.43728542e-01
    4.70120907e-01 8.59000325e-01 1.68387830e-01 7.41829157e-01
    8.49837899e-01 3.52871358e-01 1.78542286e-01 7.96184421e-01
    5.58638573e-01 6.02370024e-01 3.94443244e-01 8.04435968e-01
    8.21431398e-01 8.88688266e-01 6.84793949e-01 8.83469343e-01
    6.28189683e-01 2.11753756e-01 9.52900350e-01 4.40904796e-02
    2.92332470e-01 1.99582368e-01 7.14056432e-01 1.07180655e-01
    7.68917322e-01 6.06371999e-01 4.13459182e-01 4.25074816e-01
    8.17571044e-01 6.82667017e-01 5.16480684e-01 7.24828184e-01
    6.14918113e-01 8.82576644e-01 9.39257145e-01 8.79984677e-01
    7.84420133e-01 9.88647044e-02 3.33395720e-01 5.72591662e-01
    2.93372840e-01 5.01342475e-01 2.30085462e-01 4.31508303e-01
    6.81448579e-02 1.52456552e-01 4.70939398e-01 7.53631473e-01
    3.45091224e-02 1.82838529e-01 8.48749399e-01 1.96323425e-01
    2.95341879e-01 5.24931431e-01 6.87815368e-01 3.55253398e-01
    3.97810191e-01 6.21518195e-02 8.84425104e-01 4.93169963e-01
    7.03254580e-01 1.20651156e-01 4.99725312e-01 5.89074790e-01
    4.40178961e-01 8.10847402e-01 8.35759997e-01 4.59441304e-01
    6.90377414e-01 4.36463952e-01 4.91582692e-01 2.76064843e-01
    7.44088888e-02 7.62408972e-01 1.20070934e-01 3.68344188e-01
    5.53547323e-01 6.35222316e-01 4.58652198e-01 1.82556093e-01
    4.67105091e-01 2.71176040e-01 6.60530329e-02 8.93803835e-02
    8.85312974e-01 5.44616580e-02 1.55122280e-01 3.68453085e-01
    4.47002888e-01 6.91090405e-01 1.20254368e-01 6.95141554e-01
    8.32037151e-01 8.56214821e-01 1.02273017e-01 3.44535589e-01
    5.30361593e-01 2.62472451e-01 3.52353513e-01 2.95218825e-01
    7.99279571e-01 1.81333601e-01 2.69483000e-01 2.38096565e-01
    1.20842159e-01 8.01595569e-01 9.48799312e-01 6.46240652e-01
    5.35529554e-01 1.07339025e-01 7.55404830e-01 1.23380601e-01
    1.52123302e-01 9.82104182e-01 2.40270913e-01 6.20742142e-01
    8.37378323e-01 6.34803534e-01 6.33992255e-02 9.30407941e-01
    9.63410020e-01 8.87934923e-01 8.29166055e-01 2.82689393e-01
    1.67160541e-01 7.52451420e-01 1.72952592e-01 8.22223544e-01
    1.26021594e-01 2.82127410e-01 2.12427437e-01 5.66792011e-01
    4.45105016e-01 4.39453542e-01 1.94328934e-01 7.53042459e-01
    3.59294325e-01 8.42414379e-01 6.52005911e-01 3.24210703e-01
    8.28316808e-01 7.67626584e-01 6.29436135e-01 8.59718323e-01
    2.73793221e-01 2.27736890e-01 6.21724188e-01 9.09736633e-01
    7.95289636e-01 9.15103436e-01 3.39024693e-01 8.68278503e-01
    1.45456702e-01 8.91691804e-01 8.13919663e-01 6.43614590e-01
    8.46423030e-01 8.34631681e-01 2.44420856e-01 6.23495579e-02
    7.10246325e-01 7.78764725e-01 3.52098882e-01 3.00006092e-01
    6.84428692e-01 2.30975926e-01 8.54856133e-01 3.02308679e-01
    5.50822914e-01 1.94139242e-01 7.68721700e-01 9.89297032e-01
    5.71495771e-01 7.35713243e-01 8.05510283e-02 5.88391423e-01
    6.05487108e-01 7.78929234e-01 4.28239048e-01 2.31722146e-01
    5.56696236e-01 6.24513984e-01 8.92647326e-01 5.15222490e-01
    8.07252884e-01 1.78555727e-01 4.65402216e-01 1.36187106e-01
    5.02170682e-01 6.97407246e-01 2.84828633e-01 2.48516649e-01
    9.21100318e-01 5.35501599e-01 7.02723563e-01 7.65868306e-01
    2.28388220e-01 7.71882832e-01 3.27930242e-01 6.92844629e-01
    2.65878886e-01 6.83497369e-01 7.62626529e-01 7.46060967e-01
    7.30719507e-01 9.89934862e-01 1.52715981e-01 4.26820278e-01
    9.73643303e-01 5.84019065e-01 9.82610703e-01 6.17715120e-01
    5.73634326e-01 4.09283519e-01 2.90728807e-02 9.85450447e-02
    3.64381731e-01 3.94468367e-01 8.98939967e-02 6.63026810e-01
    7.81001687e-01 1.92566663e-01 6.69030964e-01 2.67969370e-01
    6.32163227e-01 4.10606027e-01 3.07544231e-01 3.99796933e-01
    5.17062485e-01 7.46558070e-01 8.18166256e-01 9.98894691e-01
    6.48669124e-01 5.41932642e-01 4.08966124e-01 1.66938305e-02
    8.61820638e-01 1.65679753e-01 3.63359332e-01 6.24028325e-01
    5.24732292e-01 4.86478984e-01 6.36667371e-01 6.59521818e-01
    8.46626878e-01 8.70353222e-01 6.37414277e-01 9.53970313e-01
    9.41731095e-01 8.95538449e-01 2.65778542e-01 7.63211727e-01
    9.01922703e-01 5.44447899e-01 6.69628322e-01 9.83030856e-01
    2.52506375e-01 5.61394095e-01 7.30942786e-01 9.14436519e-01
    7.66765833e-01 7.13849425e-01 3.32800031e-01 8.18236351e-01
    5.36518097e-02 7.58266985e-01 8.44472170e-01 8.07658076e-01
    9.89607811e-01 2.54146159e-01 1.83062345e-01 5.74785113e-01
    1.63096428e-01 2.13550597e-01 9.53951001e-01 1.54612392e-01
    8.01192403e-01 7.89215088e-01 9.76704597e-01 7.92513788e-02
    5.84485948e-01 9.96676207e-01 2.59725511e-01 7.12358952e-01
    2.00379819e-01 2.21881956e-01 3.48329633e-01 8.42275143e-01
    1.72935396e-01 9.61154759e-01 2.51083076e-01 7.38263249e-01
    4.84339297e-02 4.57766324e-01 5.83392024e-01 7.07058966e-01
    8.79004657e-01 3.76498669e-01 9.08932686e-01 2.26435751e-01
    7.21729755e-01 7.81204700e-01 5.60388267e-01 8.18978250e-01
    7.90738404e-01 7.00293541e-01 9.79212046e-01 4.81669337e-01
    5.15144348e-01 8.28224778e-01 9.85824585e-01 3.87200862e-01
    2.87573040e-01 9.33896601e-02 1.22367769e-01 6.58809185e-01
    5.57631493e-01 4.20839041e-01 9.42743301e-01 9.59817946e-01
    4.40852791e-01 6.48001671e-01 8.02232027e-01 7.50552773e-01
    8.58087897e-01 2.83198714e-01 7.36712217e-01 5.09471238e-01
    9.19744134e-01 4.56049919e-01 3.93707395e-01 3.99191678e-01
    9.64212418e-01 6.59139216e-01 5.15429974e-01 6.16837919e-01
    4.85714644e-01 4.72183973e-01 3.15428168e-01 5.94347179e-01
    1.34472519e-01 8.72008026e-01 2.32448727e-01 1.76833868e-02
    4.33781743e-03 2.19170630e-01 8.57922018e-01 5.60152769e-01
    2.44760990e-01 5.41274667e-01 8.28534782e-01 4.68142807e-01
    1.84578300e-01 5.17089069e-01 6.97126627e-01 6.34344518e-01
    8.14047575e-01 2.98740327e-01 7.22785234e-01 8.02786231e-01
    9.61195230e-01 2.31233776e-01 4.83419895e-02 6.70033753e-01
    1.98792100e-01 5.84620237e-02 3.74896228e-01 5.61225832e-01
    5.88929534e-01 5.68995774e-02 6.89224899e-02 4.75875735e-02
    4.56117660e-01 5.87612689e-01 5.57223499e-01 1.06126964e-02
    2.63000786e-01 8.03799987e-01 5.71290672e-01 2.75267690e-01
    3.20159912e-01 5.24968624e-01 9.15888429e-01 3.41129065e-01
    5.65041482e-01 2.34363198e-01 7.30292380e-01 6.46689534e-03
    9.03345823e-01 1.74553037e-01 6.84043527e-01 2.97342360e-01
    9.05112505e-01 6.78460956e-01 1.74569219e-01 5.68918169e-01
    9.35785174e-01 5.30654848e-01 1.10145152e-01 4.12436843e-01
    1.74909443e-01 1.25289321e-01 6.76653385e-02 3.90368938e-01
    6.70417130e-01 3.47555280e-02 9.43336666e-01 2.80884713e-01
    2.28309035e-02 9.50318098e-01 8.09157193e-02 2.82958180e-01
    2.86705881e-01 2.26260990e-01 7.75187850e-01 5.34045219e-01
    7.59844184e-01 8.50881219e-01 1.72452062e-01 7.77436078e-01
    9.20528173e-01 5.58875322e-01 5.75938642e-01 8.82016480e-01
    5.16977549e-01 8.32007587e-01 3.56575429e-01 7.19949007e-01
    8.22156489e-01 4.05697882e-01 6.74828291e-01 3.48758399e-02
    9.80500817e-01 6.68104947e-01 2.70235419e-01 9.89359617e-01
    4.62988853e-01 7.93037415e-01 5.41198492e-01 9.21728909e-01
    6.66281462e-01 7.48653173e-01 6.10537767e-01 8.40675831e-01
    6.02573991e-01 4.58662033e-01 4.89572704e-01 3.80557150e-01
    7.11845398e-01 4.08073604e-01 8.18578660e-01 6.98675275e-01
    2.61504054e-01 7.38918304e-01 9.04006720e-01 9.96245742e-01
    3.36889714e-01 9.84012783e-01 5.81048131e-01 9.81875360e-02
    8.54567289e-01 2.54267454e-01 4.43024904e-01 6.28629625e-02
    6.17261529e-01 3.81003022e-01 5.58088720e-01 3.15825880e-01
    3.35259020e-01 3.76480758e-01 6.42582357e-01 8.25389504e-01
    6.41361058e-01 4.99833167e-01 4.40033793e-01 5.92900455e-01
    5.44552803e-02 1.35571122e-01 7.75235832e-01 7.63424635e-01
    2.93129742e-01 8.90107632e-01 9.32636797e-01 7.65753686e-01
    8.50743711e-01 2.27406472e-01 1.90064609e-01 5.36995351e-01
    6.75456762e-01 9.99140978e-01 3.42124194e-01 1.70424163e-01
    9.62427616e-01 1.84475392e-01 9.30390596e-01 6.30759060e-01
    7.94145465e-01 5.61081409e-01 9.89419758e-01 4.00080442e-01
    2.76707470e-01 9.04017270e-01 2.81926930e-01 2.68022895e-01
    8.48971546e-01 9.53226566e-01 7.58686662e-02 6.65708065e-01
    2.76136160e-01 1.80785954e-02 6.70967102e-01 2.92475671e-01
    3.44628036e-01 3.58434081e-01 9.19312239e-01 1.63333982e-01
    4.67417657e-01 2.98634470e-01 4.27584946e-01 3.05475354e-01
    4.69173938e-01 1.18802905e-01 9.27611828e-01 1.33372188e-01
    8.60411286e-01 6.92353964e-01 3.78357977e-01 7.29896188e-01
    7.41185784e-01 4.99400347e-01 6.73837066e-01 9.41681564e-01
    8.92440856e-01 4.53628957e-01 4.26603049e-01 2.33205944e-01
    9.49280620e-01 5.93342304e-01 4.69189584e-01 6.24810159e-02
    6.26617193e-01 5.87270260e-01 6.86938941e-01 6.04002655e-01
    9.12755847e-01 2.59549588e-01 2.20602095e-01 4.35526490e-01
    5.85997939e-01 8.24535012e-01 7.37995028e-01 7.11943984e-01
    5.34227967e-01 5.24902284e-01 3.27834845e-01 2.84061790e-01
    9.05820310e-01 8.83707404e-01 7.18863308e-01 6.34161532e-01
    9.63096380e-01 8.51402581e-01 2.31421649e-01 4.54628706e-01
    3.80509794e-01 6.20699823e-01 3.85823965e-01 1.64599359e-01
    1.46603346e-01 6.61940336e-01 4.67062503e-01 9.55078900e-02
    5.91528773e-01 7.38022387e-01 5.33020914e-01 9.68910456e-01
    6.52962208e-01 7.76687443e-01 2.56800354e-01 4.32056785e-01
    9.49293494e-01 2.85852253e-02 4.49162871e-01 8.59634638e-01
    5.78063011e-01 6.22669458e-02 3.49985659e-02 1.76835507e-01
    1.99268281e-01 6.06093347e-01 8.52934122e-01 7.33445227e-01
    9.89570618e-02 6.75982237e-01 8.85044217e-01 7.16261744e-01
    9.17280912e-02 6.95714116e-01 7.55260766e-01 3.84816676e-01
    5.31566203e-01 9.12707329e-01 5.80302179e-01 3.69033515e-02
    8.45996618e-01 2.42423356e-01 1.80991083e-01 2.31613219e-01
    8.18192124e-01 2.66266227e-01 1.69417411e-01 3.53124499e-01
    9.75219131e-01 8.56589377e-02 1.22250646e-01 2.88582981e-01
    2.22723275e-01 9.22381580e-01 2.09206581e-01 8.43293428e-01
    9.72524643e-01 1.11222267e-03 7.81691432e-01 4.66629028e-01
    2.91868716e-01 9.05570865e-01 5.40024221e-01 1.47112876e-01
    4.05172259e-01 8.17325056e-01 9.17467296e-01 7.05125988e-01
    6.44452155e-01 4.82256025e-01 1.85842723e-01 3.41654807e-01
    6.44060254e-01 2.48270452e-01 9.61099744e-01 4.25366461e-01
    6.00881279e-02 6.28825843e-01 3.13758075e-01 6.74064636e-01
    2.65734792e-02 3.56568456e-01 9.09236372e-02 9.02421474e-02
    2.36940950e-01 5.64309835e-01 4.20312673e-01 7.43439555e-01
    6.37504578e-01 4.46076989e-02 1.52619094e-01 5.98662198e-02
    5.30381203e-01 9.61929321e-01 6.80485129e-01 2.22084522e-01
    8.12845349e-01 4.61195707e-01 9.47947145e-01 7.35913932e-01
    4.61962968e-01 4.99379665e-01 8.47540200e-01 5.25698304e-01
    9.70274210e-04 1.31411165e-01 7.24822342e-01 3.10001433e-01
    5.91281056e-03 2.15594560e-01 5.18945217e-01 1.81475371e-01
    5.61320782e-01 6.26101017e-01 4.46599811e-01 8.15180242e-01
    1.71488523e-01 9.91883874e-01 4.99450535e-01 5.98073006e-03
    7.88095713e-01 9.71662223e-01 4.40175503e-01 9.43227828e-01
    5.76974213e-01 6.86498642e-01 2.58913428e-01 4.01797295e-02
    8.86791825e-01 9.67501640e-01 8.42627168e-01 7.37950087e-01
    6.45006657e-01 9.19849515e-01 3.20774853e-01 2.35556871e-01
    6.27615154e-02 7.50161469e-01 5.80785811e-01 1.91576779e-01
    1.62755221e-01 3.68088126e-01 7.02307582e-01 7.51498103e-01
    7.75285006e-01 1.81222707e-01 5.45557022e-01 1.05810344e-01
    5.63028276e-01 7.81037927e-01 3.65535021e-01 4.51311916e-01
    9.17214215e-01 3.21670502e-01 6.88664317e-01 7.08171606e-01
    7.81397939e-01 3.08816850e-01 3.99936408e-01 6.59991503e-02
    4.10970569e-01 1.71063870e-01 4.79103416e-01 1.31038845e-01
    2.20559388e-01 8.41383576e-01 1.62638813e-01 8.17390919e-01
    4.64123666e-01 1.94894969e-02 1.52678221e-01 2.95573771e-01
    6.36311293e-01 7.10963726e-01 1.74271733e-01 1.46943927e-02
    6.06515825e-01 7.77781010e-04 4.78694677e-01 6.51460528e-01
    8.08020711e-01 8.31368446e-01 8.22211206e-02 5.41551411e-02
    6.57838583e-03 4.23723727e-01 7.16977894e-01 8.57637167e-01
    1.06820077e-01 3.55685830e-01 3.29569757e-01 9.74019527e-01
    7.09377706e-01 2.81365186e-01 4.05810565e-01 8.53258014e-01
    6.92170858e-01 6.06498420e-01 3.30812395e-01 4.65932548e-01
    7.72310734e-01 5.04284501e-02 5.75615346e-01 9.21381474e-01
    9.22444463e-01 5.00951707e-01 5.60885072e-02 7.30650306e-01
    1.21364802e-01 7.05539286e-01 4.03235376e-01 3.73564005e-01
    6.76291943e-01 5.23707032e-01 3.18985283e-02 6.89343929e-01
    4.09545600e-02 9.53429103e-01 1.70138866e-01 8.78574610e-01
    8.11969757e-01 3.25275004e-01 6.36270046e-02 4.58954662e-01
    7.95507491e-01 6.57823920e-01 9.36902463e-01 6.96074724e-01
    6.42780423e-01 6.85013354e-01 8.62234354e-01 8.94740582e-01
    6.55760229e-01 1.77439839e-01 3.58831853e-01 6.62400484e-01
    7.24286258e-01 3.77981395e-01 3.61734658e-01 7.09256351e-01
    5.34963727e-01 4.72805858e-01 9.61579919e-01 3.11748654e-01
    7.36787021e-01 3.39283377e-01 6.03743076e-01 7.72811532e-01
    7.78313577e-01 4.09908235e-01 7.10406303e-02 3.42552781e-01
    7.96405315e-01 3.98245603e-01 4.87152398e-01 2.87361652e-01
    3.01564217e-01 6.89034998e-01 6.92701459e-01 3.84394974e-01
    2.98270881e-02 2.96599180e-01 8.18693638e-03 5.02170444e-01
    4.91347224e-01 5.40424109e-01 1.67409986e-01 9.25000906e-01
    7.06374645e-03 7.58367538e-01 3.58794570e-01 2.87596285e-01
    7.83862174e-01 8.78695250e-01 2.88349807e-01 8.41108322e-01
    8.20261002e-01 3.47478688e-01 7.31828690e-01 4.13078964e-02
    4.94038790e-01 1.90306991e-01 7.10095346e-01 4.42915857e-01
    5.43219984e-01 7.70191073e-01 1.48908496e-02 1.51410997e-02
    1.56995296e-01 5.23021877e-01 1.26876980e-01 4.01806474e-01
    3.70912045e-01 3.52543771e-01 6.05348289e-01 3.64785731e-01
    4.86831188e-01 1.25067592e-01 8.54372382e-01 6.35698676e-01
    3.93938303e-01 6.82520270e-02 1.60342962e-01 1.84314400e-01
    6.44794643e-01 2.92060405e-01 9.81568158e-01 7.81633854e-01
    6.24673009e-01 5.10846794e-01 6.48169696e-01 6.28247201e-01
    5.58310628e-01 3.01362604e-01 6.39195144e-02 7.98732400e-01
    2.71885216e-01 7.54250765e-01 5.83555102e-01 3.80519092e-01
    6.45977497e-01 2.28484958e-01 3.07838798e-01 6.44003630e-01
    1.97077692e-02 6.92435622e-01 1.79600179e-01 1.97785288e-01
    7.69250035e-01 8.55436802e-01 5.36952972e-01 9.70720768e-01
    6.97485328e-01 3.91262770e-02 4.74353433e-01 2.22184658e-02
    2.06876755e-01 7.08603501e-01 1.27342105e-01 9.77765560e-01
    8.32095265e-01 8.17667305e-01 9.87661362e-01 1.47641242e-01
    9.75376368e-02 9.46081758e-01 3.65858853e-01 9.67598796e-01
    9.66518521e-01 8.93724561e-01 2.09774703e-01 7.12160945e-01
    3.04080486e-01 4.48467135e-01 8.36020589e-01 4.84197348e-01
    2.58366346e-01 8.08146477e-01 2.33774543e-01 5.27873456e-01
    1.22268498e-02 6.54911041e-01 2.10509151e-01 4.66968924e-01
    4.92655635e-01 2.29994595e-01 9.17027295e-01 2.84770668e-01
    3.02262843e-01 2.89625645e-01 2.41702795e-02 5.85157514e-01
    6.51190460e-01 8.92694533e-01 7.61783123e-03 7.95915604e-01
    3.92332673e-01 3.64173353e-01 5.67205071e-01 4.62384880e-01
    9.48302865e-01 8.91068757e-01 4.73026633e-02 2.17771918e-01
    5.37545025e-01 5.10334909e-01 8.59685659e-01 1.36998743e-01
    7.19872117e-03 4.83026743e-01 5.57012796e-01 8.68568659e-01
    2.77198821e-01 6.45621717e-02 4.83663946e-01 9.67308462e-01
    3.91977906e-01 2.40527064e-01 9.02959704e-03 1.45370066e-01
    3.76624584e-01 3.22903395e-01 4.16924983e-01 2.10863233e-01
    8.91228914e-01 1.00312948e-01 3.17143112e-01 5.35803437e-01
    5.65313280e-01 2.89140642e-01 9.43538249e-02 3.52873445e-01
    6.26249850e-01 9.37356591e-01 1.38746858e-01 3.90062422e-01
    7.34303355e-01 9.36946869e-01 9.95011330e-01 7.70139694e-01
    7.54141212e-02 4.63337541e-01 8.50062668e-01 6.49058819e-01
    3.28389138e-01 9.56862569e-02 7.78977394e-01 5.41775882e-01
    5.17967522e-01 8.18200350e-01 3.16418827e-01 3.35744619e-02
    8.83694768e-01 7.39437640e-02 7.61041343e-02 8.23053837e-01
    8.34170461e-01 3.65411639e-02 3.06617081e-01 5.41143298e-01
    7.12930381e-01 1.39619291e-01 9.09409046e-01 6.96859241e-01
    8.66564989e-01 1.65862292e-01 8.70148420e-01 6.91126108e-01
    1.52795494e-01 6.24449790e-01 9.21277642e-01 1.90378398e-01
    5.43833911e-01 9.81590807e-01 2.97366858e-01 3.52966607e-01
    4.66283649e-01 5.22826791e-01 7.29714334e-02 1.22392118e-01
    1.17413014e-01 9.06444192e-01 8.31252098e-01 1.60940737e-01
    9.72717643e-01 3.83124471e-01 8.41100872e-01 7.17279077e-01
    9.54023600e-01 6.21615112e-01 1.94781244e-01 6.06092632e-01
    2.11101919e-01 2.46029317e-01 4.43110913e-01 5.61487854e-01
    2.17358112e-01 4.03410852e-01 6.04920864e-01 1.45067126e-01
    8.05058002e-01 7.39787102e-01 1.60488486e-03 9.84771252e-01
    1.51577950e-01 4.17005062e-01 3.06986064e-01 4.65030730e-01
    2.07513571e-04 6.85143948e-01 3.51264060e-01 4.20847535e-02
    1.92141175e-01 6.66034043e-01 8.28665197e-02 1.11147314e-01
    5.37881434e-01 9.20318842e-01 3.48264605e-01 2.60744333e-01
    1.24060214e-01 6.22672200e-01 9.96469259e-01 8.53907347e-01
    6.41157806e-01 3.49305898e-01 2.55787462e-01 3.73575658e-01
    2.72522926e-01 2.85805255e-01 2.07930923e-01 7.43581891e-01
    9.27532315e-01 9.77960944e-01 2.57132530e-01 9.55674112e-01
    4.21488762e-01 3.76280725e-01 3.64794731e-02 5.93457043e-01
    8.59529138e-01 3.99166644e-02 1.47890091e-01 1.10923737e-01
    7.75477946e-01 7.23543584e-01 6.35923266e-01 4.54563469e-01
    7.37507999e-01 5.45378327e-02 7.84050703e-01 4.06582505e-01
    8.89605284e-01 9.54118252e-01 9.55126286e-01 2.50096023e-02
    3.65028501e-01 1.78167284e-01 1.23127818e-01 3.79241288e-01
    2.87158787e-01 4.72082973e-01 8.28147292e-01 8.45549405e-02
    9.91863251e-01 2.29023755e-01 1.40886962e-01 2.32035130e-01
    4.83341753e-01 3.22538614e-03 8.89117837e-01 5.64724743e-01
    8.41553211e-01 8.78623247e-01 1.45978481e-01 9.80687380e-01
    2.34964728e-01 2.33879358e-01 2.34636098e-01 4.02274936e-01
    1.94196582e-01 3.95354867e-01 9.49204087e-01 8.58090639e-01
    8.05097103e-01 1.95858121e-01 1.72093570e-01 1.65110081e-01
    7.25530326e-01 1.79817080e-01 6.58025920e-01 5.17994165e-02
    8.09650540e-01 1.88695431e-01 2.75745690e-01 7.00831115e-02
    9.56150413e-01 4.89330441e-01 4.43648130e-01 8.53989661e-01
    9.56687570e-01 2.98052728e-01 4.58597541e-01 6.20814025e-01
    7.50195384e-01 6.12149239e-01 2.40114868e-01 1.90621614e-03
    6.60145462e-01 2.24676967e-01 8.81925404e-01 8.66247535e-01
    2.37213016e-01 3.87884676e-01 3.00454170e-01 6.11846447e-02
    9.97751057e-01 3.88666958e-01 4.26511496e-01 9.39831495e-01
    4.86993879e-01 4.28270519e-01 8.03845048e-01 7.66156852e-01
    8.90572429e-01 2.45148271e-01 3.42512995e-01 8.19340348e-02
    5.35874367e-01 9.25903320e-01 4.90555763e-01 1.89347506e-01
    3.10401917e-01 5.36761940e-01 4.72594678e-01 6.08080149e-01
    4.73755002e-01 8.93295467e-01 3.41574132e-01 1.64481372e-01
    6.37220085e-01 7.84474015e-01 6.72065258e-01 9.32593644e-02
    6.85670197e-01 9.07134295e-01 7.56251514e-01 3.71098220e-01
    9.38285232e-01 7.30780065e-01 7.42983699e-01 3.17022383e-01
    1.79575801e-01 1.38014644e-01 7.09092379e-01 2.14650959e-01
    1.53963834e-01 1.36238128e-01 4.83125269e-01 6.68990016e-01
    9.90207553e-01 4.30666298e-01 9.53128219e-01 1.50983840e-01
    9.59193051e-01 2.38850147e-01 4.79413569e-02 8.25934172e-01
    6.49293303e-01 7.12699771e-01 6.26277089e-01 1.70546472e-01
    5.34009993e-01 5.08538544e-01 2.02673227e-01 7.27508366e-01
    8.73927593e-01 2.00677544e-01 3.17445636e-01 2.31003344e-01
    2.74136096e-01 5.42337716e-01 8.61309052e-01 8.45374584e-01
    8.59414876e-01 2.28469849e-01 3.52609694e-01 8.02169085e-01
    5.37684321e-01 5.46140611e-01 7.18746901e-01 5.86243451e-01
    1.63727641e-01 5.11999726e-01 3.81113380e-01 5.64166486e-01
    3.42052847e-01 7.88768649e-01 3.08380723e-02 1.64017677e-02
    8.13986957e-02 6.58463061e-01 3.14474523e-01 3.09509635e-01
    8.30727339e-01 6.97575867e-01 9.23799694e-01 5.64567447e-01
    9.30203795e-01 6.40647709e-01 1.15827829e-01 9.60586309e-01
    7.00301170e-01 6.26040459e-01 6.22385204e-01 7.78807878e-01
    8.02767694e-01 4.97572899e-01 2.89761901e-01 5.12399256e-01
    4.38342392e-01 9.83846962e-01 9.62876022e-01 7.14907348e-02
    6.98627830e-01 6.81742370e-01 4.87663865e-01 3.82286966e-01
    6.69036150e-01 8.69773984e-01 2.98702419e-01 6.02893531e-01
    1.01062328e-01 3.84087145e-01 3.38198841e-01 1.18311763e-01
    9.62312222e-01 9.27483201e-01 1.36631727e-01 6.87626362e-01
    9.12877560e-01 9.47978318e-01 1.22885406e-01 1.76908493e-01
    7.79602647e-01 9.98637021e-01 4.24980760e-01 9.35600996e-01
    5.59601128e-01 5.54428995e-01 4.84863192e-01 8.58580172e-01
    4.78827327e-01 2.55593300e-01 9.56948161e-01 4.42719460e-03
    4.72868532e-01 7.72780776e-01 7.62101591e-01 5.65372944e-01
    5.15242219e-01 4.18853819e-01 5.92590272e-01 4.65386510e-01
    5.95267177e-01 7.00484574e-01 6.14167154e-02 4.95500922e-01
    3.57310116e-01 8.54966819e-01 3.19423258e-01 3.94249231e-01
    3.03347647e-01 5.31624436e-01 2.88847625e-01 6.85593247e-01
    6.79715037e-01 7.96505511e-02 1.14607751e-01 5.83533823e-01
    7.60285258e-01 3.00091118e-01 3.80922377e-01 8.17044735e-01
    6.22446775e-01 8.01191449e-01 1.31792188e-01 6.49335384e-01
    4.10538912e-03 9.32735384e-01 5.65659463e-01 4.61535722e-01
    4.72936392e-01 9.62219000e-01 7.08363295e-01 4.66706514e-01
    5.62794805e-01 6.84976161e-01 1.58708692e-01 4.91151243e-01
    7.19508886e-01 4.56557900e-01 7.97491968e-02 3.81599545e-01
    4.01801497e-01 9.43201780e-02 1.13078296e-01 6.59315467e-01
    9.52143073e-01 5.33869028e-01 4.99692291e-01 7.27783144e-01
    1.93547904e-01 8.73409390e-01 8.21610808e-01 5.17062843e-01
    8.20921302e-01 5.89556098e-02 6.99074030e-01 9.02852416e-02
    9.64193046e-01 9.21595216e-01 9.11842644e-01 4.37800556e-01
    4.28068638e-01 3.62386823e-01 6.26071811e-01 8.99645209e-01
    2.16395587e-01 3.11478913e-01 3.86378378e-01 1.76318318e-01
    3.73876035e-01 1.35514140e-03 4.33337986e-02 9.94942307e-01
    4.52253371e-01 1.74788862e-01 6.21779263e-01 8.10647011e-03
    8.54294598e-01 5.51883876e-01 5.23101985e-01 7.73402989e-01
    7.71703005e-01 6.47221625e-01 9.60469007e-01 8.31502795e-01
    2.45472997e-01 5.70866406e-01 5.85862815e-01 6.05035365e-01
    9.98745441e-01 9.51293349e-01 4.02444005e-02 2.08925009e-01
    6.04837596e-01 5.05907178e-01 2.85865366e-01 4.17736828e-01
    7.69236803e-01 6.15232587e-01 9.84610558e-01 4.71504837e-01
    6.18514419e-01 9.16180015e-01 3.23663652e-01 8.09190571e-02
    7.51802623e-01 9.40216660e-01 4.87272263e-01 5.06708324e-02
    9.52908397e-02 5.64545095e-01 7.62118161e-01 7.43381977e-01
    3.59270692e-01 1.71149194e-01 3.90285671e-01 2.01075852e-01
    9.53828633e-01 2.21672654e-02 4.04460937e-01 7.19267011e-01
    5.92875779e-01 1.18936658e-01 2.18869805e-01 3.06118399e-01
    8.27505350e-01 6.12474799e-01 4.29913104e-01 9.70277309e-01
    2.35048860e-01 5.37165403e-01 9.82629776e-01 6.88745260e-01
    7.12447822e-01 6.52860105e-02 2.74015546e-01 8.12574267e-01
    2.23806918e-01 2.25907505e-01 7.18904436e-01 2.74085402e-02
    4.14627492e-02 8.45054507e-01 4.57345963e-01 4.25360620e-01
    9.44244862e-01 8.00807774e-02 7.04903841e-01 9.77764547e-01
    1.85553700e-01 2.44239122e-01 8.78394067e-01 9.96952057e-02
    4.59938377e-01 3.03512812e-01 1.35169923e-02 1.20050251e-01
    8.73285830e-01 3.99492383e-02 9.63872313e-01 3.29431713e-01
    8.67756665e-01 2.05264956e-01 9.69234109e-03 6.85704291e-01
    3.04724634e-01 8.32767785e-01 7.99657106e-01 3.37958992e-01
    2.77373165e-01 8.24829638e-01 1.69702888e-01 8.58656228e-01
    5.72725356e-01 2.79164910e-02 1.11030996e-01 8.29929948e-01
    4.68493819e-01 9.97798443e-01 3.24090511e-01 7.45756626e-01
    7.03399062e-01 8.04292679e-01 3.02651644e-01 6.47396326e-01
    9.65236008e-01 9.60681558e-01 3.42794180e-01 8.80506158e-01
    3.16832781e-01 5.00507414e-01 6.37030602e-01 9.59358215e-02
    4.36204344e-01 2.91351199e-01 9.24817562e-01 4.93040085e-01
    1.51972651e-01 7.31664777e-01 8.18269849e-01 8.42033744e-01
    2.25547045e-01 3.19717407e-01 8.05246472e-01 8.93277943e-01
    7.15753078e-01 8.21609139e-01 5.49701571e-01 3.24456453e-01
    1.48808479e-01 1.80001944e-01 3.48399341e-01 4.04618442e-01
    7.23415732e-01 2.25543201e-01 2.35506862e-01 8.34835172e-01
    7.30425775e-01 9.68927979e-01 7.62715936e-01 5.17806470e-01
    3.07994723e-01 4.45172101e-01 1.39760047e-01 9.16648388e-01
    8.69003057e-01 1.97212845e-01 4.41016495e-01 5.30235171e-01
    4.59779173e-01 7.32211590e-01 6.73661888e-01 4.53775764e-01
    3.09078991e-01 7.98273981e-02 4.29413021e-01 3.20639014e-01
    2.56942570e-01 9.29353297e-01 4.83062923e-01 3.84730756e-01
    3.14769775e-01 7.98196793e-01 3.86166960e-01 2.71015167e-01
    3.68651509e-01 9.27166939e-01 4.99792248e-01 5.82958043e-01
    5.51812947e-02 7.73388684e-01 7.72964835e-01 3.85779351e-01
    4.18374240e-02 5.46541810e-01 8.37327957e-01 2.74084747e-01
    5.16462684e-01 6.08477831e-01 3.54264200e-01 9.78038907e-02
    5.61224937e-01 8.19469035e-01 4.49042141e-01 5.28671861e-01
    4.32584107e-01 1.98026717e-01 9.08873379e-01 7.14038610e-01
    6.07690036e-01 4.36879516e-01 4.73632336e-01 9.75229979e-01
    5.43841243e-01 7.42832720e-02 9.53015625e-01 2.63980091e-01
    3.18829000e-01 6.83503449e-01 9.46545124e-01 7.51182199e-01
    3.07454526e-01 5.29669821e-02 2.54280388e-01 6.08624279e-01
    6.49791479e-01 7.72298276e-01 2.70432234e-02 6.13918245e-01
    1.47422642e-01 6.71903491e-02 3.07754397e-01 3.62818241e-01
    9.13069367e-01 2.44090676e-01 8.02579105e-01 4.96369898e-01
    9.38444734e-01 3.77239406e-01 9.57494259e-01 1.63614184e-01
    6.18524015e-01 3.91164362e-01 7.64744997e-01 8.38288009e-01
    7.81337023e-01 9.89709020e-01 3.00464630e-01 3.70665133e-01
    4.28899527e-01 5.44447958e-01 4.61205870e-01 9.93169308e-01
    8.20009708e-02 5.29364049e-01 3.95337969e-01 6.82534099e-01
    7.64927030e-01 3.65630805e-01 9.12910461e-01 7.20805526e-02
    2.47741431e-01 9.40645814e-01 8.16133082e-01 1.66390419e-01
    9.98927236e-01 8.40874195e-01 4.27813590e-01 6.45280361e-01
    5.00646055e-01 4.31109101e-01 2.69464195e-01 8.70605409e-02
    7.17233300e-01 1.26776278e-01 9.88333344e-01 6.22344613e-02
    6.70502782e-01 9.75959897e-02 3.75182420e-01 7.44961381e-01
    1.46919638e-01 9.58115816e-01 4.80331600e-01 1.00751519e-01
    9.46776152e-01 4.16398287e-01 5.51731884e-01 6.14286482e-01
    3.29420418e-01 9.72345352e-01 8.26190174e-01 7.04201996e-01
    6.08380616e-01 3.93129647e-01 7.85185337e-01 3.52364928e-01
    5.82514882e-01 2.76129961e-01 4.28082764e-01 5.23927689e-01
    2.43093789e-01 9.01055455e-01 2.68695176e-01 2.77280718e-01
    6.30844593e-01 3.54812354e-01 7.25296140e-03 8.94300222e-01
    7.95060813e-01 4.45126891e-02 1.68846101e-01 7.53637195e-01
    4.22795922e-01 1.00043535e-01 4.76468980e-01 5.67952991e-01
    3.78775895e-02 7.85779357e-01 4.59938258e-01 1.87008083e-02
    9.30555642e-01 1.82343423e-01 4.70198721e-01 4.35644329e-01
    7.37398326e-01 8.67012978e-01 5.26854694e-02 7.22700000e-01
    7.01728344e-01 9.88102198e-01 5.32854736e-01 5.52989483e-01
    9.71469879e-02 1.73481017e-01 8.13115776e-01 8.01134706e-01
    4.71621305e-01 1.77684724e-02 2.98012674e-01 5.81533372e-01
    2.15273738e-01 4.12439406e-02 9.48936522e-01 3.20841491e-01
    9.05086339e-01 3.04828465e-01 9.19115424e-01 4.94145393e-01
    3.07640970e-01 3.13383788e-01 1.94778264e-01 8.06483746e-01
    5.58013380e-01 6.66899741e-01 8.33216608e-01 6.16259813e-01
    1.17222220e-01 1.45069063e-02 9.80982304e-01 7.76329339e-01
    1.44611508e-01 9.47139263e-01 5.74268103e-02 3.19754481e-02
    4.98847663e-01 9.17640924e-01 5.49763858e-01 5.91400266e-01
    7.95121431e-01 8.99482369e-01 9.49834168e-01 9.91028547e-01
    7.03676939e-01 3.14588070e-01 3.43642771e-01 6.20532334e-01
    6.99913979e-01 6.84070587e-02 9.31143939e-01 5.13516068e-01
    8.00617397e-01 7.03453302e-01 5.11121988e-01 4.28829283e-01
    8.49251628e-01 9.68292832e-01 8.79273891e-01 1.20015889e-01
    9.07328725e-01 4.85438704e-02 3.27736437e-01 3.90391052e-01
    6.61588192e-01 6.69627309e-01 1.00654632e-01 4.14753854e-02
    7.58924484e-02 2.42838055e-01 1.17480636e-01 5.68351150e-01
    8.72631192e-01 2.99872637e-01 9.86714482e-01 1.91030920e-01
    1.42192930e-01 5.53780019e-01 5.81850588e-01 2.44537175e-01
    7.75384665e-01 3.79618108e-01 6.10702395e-01 2.76884377e-01
    2.10444480e-01 7.22214639e-01 3.63872498e-01 7.08022058e-01
    9.51032937e-01 1.20970428e-01 7.93071270e-01 8.55168581e-01
    7.32049227e-01 3.42226744e-01 6.42552018e-01 5.49265504e-01
    4.89856869e-01 3.80002797e-01 1.35471523e-02 1.78841025e-01
    9.16800380e-01 5.13547242e-01 2.24875599e-01 3.38226080e-01
    2.70805091e-01 7.58254766e-01 7.47601986e-01 2.44709671e-01
    4.74605918e-01 3.80376458e-01 3.54754269e-01 7.96538293e-02
    2.67014742e-01 8.45458627e-01 9.72813666e-02 9.55034673e-01
    8.98500085e-01 9.10176635e-01 9.07816529e-01 2.09812433e-01
    9.42958713e-01 2.61599422e-02 1.86970681e-01 4.23000634e-01
    7.68764615e-01 1.84643418e-01 2.55131543e-01 4.45049465e-01
    4.27964628e-01 2.62051225e-02 8.88947368e-01 4.93363976e-01
    3.59644651e-01 7.66321540e-01 3.48079324e-01 7.96770096e-01
    1.15401685e-01 1.63771123e-01 4.71259654e-01 3.58733952e-01
    2.54830003e-01 7.11925924e-02 1.58204079e-01 3.39868337e-01
    6.43475056e-01 5.64476013e-01 5.32193422e-01 8.76247406e-01
    5.21343887e-01 5.22553682e-01 9.03905153e-01 1.36422217e-02
    8.90012085e-01 2.07765400e-01 4.55952018e-01 1.14645958e-02
    9.08028841e-01 9.15532589e-01 4.49707747e-01 2.92037129e-01
    1.01314068e-01 3.26743633e-01 5.70834339e-01 4.22917783e-01
    6.95552230e-01 4.58866149e-01 5.64175367e-01 6.43701732e-01
    9.97714162e-01 1.69258773e-01 8.78772259e-01 1.85945332e-02
    4.03477460e-01 7.47332573e-01 7.58515239e-01 4.30440426e-01
    5.52567601e-01 2.95798331e-01 7.85620391e-01 3.13981712e-01
    5.08836806e-01 6.73451483e-01 3.88852656e-02 7.44223595e-01
    5.67516387e-01 8.31405520e-01 1.67459488e-01 5.69882095e-01
    5.63804030e-01 4.16014612e-01 5.59169650e-01 8.91298950e-02
    7.48358071e-02 1.43889099e-01 2.03182846e-01 3.35128844e-01
    5.55897057e-01 8.06452274e-01 2.02389330e-01 8.85258317e-01
    5.34921348e-01 7.95360804e-02 3.28397989e-01 9.79637027e-01
    7.24137843e-01 4.54076797e-01 9.16522980e-01 4.84829903e-01
    3.46294403e-01 3.81424785e-01 1.36088252e-01 2.22141802e-01
    3.86724263e-01 3.94211471e-01 2.38987178e-01 3.50209892e-01
    6.51707530e-01 9.70386147e-01 2.69960016e-01 3.42868388e-01
    8.73896420e-01 5.71214914e-01 6.97894990e-01 2.00392187e-01
    3.73906910e-01 5.88236034e-01 2.65352666e-01 3.00120622e-01
    6.47132754e-01 9.58098054e-01 7.56493449e-01 4.51747626e-01
    7.53207803e-02 3.46648157e-01 3.96656275e-01 9.09526050e-01
    2.11315393e-01 4.26972985e-01 8.48633349e-01 3.19252014e-01
    8.05724621e-01 1.48914576e-01 5.65900266e-01 7.54972816e-01
    7.79853582e-01 1.87415242e-01 8.55612755e-01 5.99102139e-01
    8.02460313e-03 2.01792866e-01 1.77366763e-01 2.33124375e-01
    5.27084947e-01 3.53982806e-01 8.32900405e-01 8.90940189e-01
    7.29683936e-01 4.55059797e-01 2.09687859e-01 7.08041191e-01
    8.27801824e-01 3.50404710e-01 2.46310174e-01 1.71664625e-01
    7.47518778e-01 6.53953373e-01 6.24260247e-01 6.30458176e-01
    3.46489727e-01 1.95326626e-01 2.30238408e-01 9.13729548e-01
    5.30904531e-01 2.16447949e-01 9.31112885e-01 7.14784265e-01
    9.87021625e-01 2.58170485e-01 8.48189592e-01 6.46407723e-01
    8.95974517e-01 8.24063420e-01 7.47165680e-01 8.68452489e-01
    1.80338740e-01 8.93845975e-01 6.04067922e-01 5.10041118e-01
    8.99267912e-01 5.53131044e-01 5.73456287e-02 2.89468110e-01
    6.70240045e-01 6.31659508e-01 5.05776584e-01 6.29033089e-01
    7.88212717e-01 9.27891135e-01 9.70536947e-01 3.78031194e-01
    5.05428076e-01 9.69291091e-01 2.21188217e-01 5.51530004e-01
    3.62340569e-01 6.93853378e-01 2.25279063e-01 6.52276874e-02
    1.25796080e-01 4.01555300e-01 5.69527984e-01 1.30429000e-01
    3.63329113e-01 2.51800716e-02 9.12408710e-01 4.96854126e-01
    7.08824635e-01 5.97000003e-01 6.58646822e-02 8.22230458e-01
    6.85122728e-01 3.65087211e-01 6.18333697e-01 3.76219928e-01
    8.22379708e-01 7.45316863e-01 5.95413685e-01 5.53994060e-01
    9.87079859e-01 3.42740804e-01 6.01820409e-01 4.15370256e-01
    9.83679175e-01 5.72565436e-01 9.78446662e-01 3.75910521e-01
    1.28088892e-01 5.35042763e-01 3.84836882e-01 1.65920019e-01
    3.89447033e-01 1.80815905e-01 7.53369570e-01 1.16071224e-01
    5.90736628e-01 2.69659460e-01 2.16029972e-01 9.52941835e-01
    3.81961495e-01 4.05081511e-01 8.85471880e-01 1.98647082e-02
    1.74631059e-01 3.04943085e-01 2.05052048e-01 9.28802669e-01
    3.29275846e-01 7.12159514e-01 5.95903516e-01 7.90355444e-01
    9.57180738e-01 1.60094440e-01 2.08109319e-02 7.75910914e-02
    1.75545216e-02 4.83760238e-02 3.91686946e-01 4.22182113e-01
    7.92649269e-01 8.57828975e-01 4.23883796e-01 1.80087626e-01
    3.34636062e-01 5.21344721e-01 9.74613905e-01 6.42663777e-01
    9.97186780e-01 8.17092657e-01 6.86782420e-01 9.49334979e-01
    5.79038560e-01 3.94232899e-01 8.02856505e-01 4.50387657e-01
    9.46400762e-01 8.58851910e-01 5.69177866e-02 7.93626904e-01
    2.94318318e-01 6.81902826e-01 5.28371394e-01 8.16205025e-01
    4.46101725e-01 4.93615687e-01 5.35698891e-01 7.70441830e-01
    4.66371506e-01 2.60773331e-01 5.16709805e-01 7.13520765e-01
    6.45119071e-01 7.87609935e-01 4.89172399e-01 9.97906089e-01
    8.51154685e-01 9.00749922e-01 6.61561549e-01 7.26705670e-01
    3.38315487e-01 5.57896078e-01 8.66437793e-01 6.37434721e-01
    1.14363432e-03 5.21274805e-01 1.23753816e-01 2.42345631e-01
    4.53665674e-01 7.13862181e-01 6.80194318e-01 4.66664672e-01
    4.72526759e-01 8.78771365e-01 5.97936392e-01 8.62421036e-01
    4.88080055e-01 2.45855212e-01 4.02113795e-03 3.57109010e-02
    3.39889526e-02 7.91536331e-01 2.95650721e-01 4.58924651e-01
    8.37264717e-01 9.67447758e-01 1.46749914e-01 8.76461148e-01
    7.88439691e-01 8.35558057e-01 3.39401662e-02 4.47587341e-01
    2.26920366e-01 9.27540660e-02 5.46298385e-01 7.58869231e-01
    4.88175184e-01 8.13707411e-02 5.36314487e-01 5.53913116e-02
    6.20501280e-01 9.06068087e-01 5.91312170e-01 4.24761564e-01
    5.19773901e-01 4.10858035e-01 2.23101497e-01 5.21094561e-01
    5.16999900e-01 7.66962767e-04 2.39608675e-01 2.61137486e-01
    9.16887939e-01 3.84944618e-01 2.32924312e-01 7.93721795e-01
    7.87314177e-02 7.89183378e-01 6.70743108e-01 8.11975896e-01
    8.12084556e-01 1.78653002e-03 5.40165424e-01 8.75809669e-01
    3.63136619e-01 3.80963296e-01 6.48346424e-01 2.88295925e-01
    6.30763888e-01 6.83075011e-01 7.39753366e-01 2.28104532e-01
    3.01672935e-01 7.46219635e-01 6.22127771e-01 7.04817533e-01
    7.62097597e-01 1.53533101e-01 1.39842510e-01 4.05287802e-01
    1.24944627e-01 2.81543434e-02 5.61395407e-01 2.64857590e-01
    1.18814409e-01 7.00941443e-01 1.88629955e-01 4.50821877e-01
    7.87556171e-01 8.43287587e-01 2.31399238e-02 1.71350598e-01
    3.58788878e-01 3.15679610e-01 9.74317312e-01 1.52274758e-01
    3.13889682e-02 3.72607142e-01 6.61259055e-01 4.59837317e-02
    8.69095564e-01 6.70111597e-01 8.81584287e-01 9.21193242e-01
    9.56232190e-01 5.43487668e-01 2.65204966e-01 5.09256601e-01
    9.61502552e-01 8.09778154e-01 1.00503862e-02 2.38595277e-01
    8.53230715e-01 2.16457486e-01 4.36513603e-01 8.95278335e-01
    4.42438930e-01 1.16646409e-01 7.37043023e-01 2.21078396e-01
    3.57762933e-01 9.77561057e-01 8.90299916e-01 6.41171932e-01
    5.52833676e-01 8.71954143e-01 8.65152597e-01 4.47763175e-01
    9.81751204e-01 7.49428153e-01 2.80899048e-01 7.47850239e-01
    9.94592488e-01 1.84150994e-01 5.83532631e-01 9.65803742e-01
    9.71312821e-02 6.93279028e-01 6.82585716e-01 8.48482490e-01
    7.86770701e-01 4.63959873e-02 6.66979849e-02 2.33693302e-01
    8.98014486e-01 5.78675985e-01 1.02223933e-01 1.43764615e-01
    4.40548301e-01 1.49723470e-01 9.13688064e-01 6.68200791e-01
    2.62715399e-01 8.78613710e-01 6.61040008e-01 8.28675210e-01
    3.95823509e-01 9.63503361e-01 2.44054377e-01 6.00615144e-02
    1.09366566e-01 4.01829779e-02 6.29252791e-01 9.77673233e-01
    6.60922050e-01 8.85559797e-01 3.61480296e-01 3.35959017e-01
    9.27410483e-01 7.80959070e-01 5.60803711e-01 7.48488843e-01
    4.10459757e-01 6.47014141e-01 7.56507933e-01 7.98608661e-01
    1.32244706e-01 9.77873564e-01 6.52469039e-01 6.48315012e-01
    4.55435336e-01 3.79187524e-01 2.40108639e-01 2.04776049e-01
    1.48771167e-01 9.41437960e-01 3.30930293e-01 3.43376160e-01
    9.18546319e-03 9.42735076e-01 8.73666286e-01 2.67933607e-01
    6.02068245e-01 7.41240382e-03 9.30927038e-01 9.99944448e-01
    8.50560129e-01 4.38569486e-02 3.48043472e-01 2.81592160e-01
    9.96363163e-01 3.89968783e-01 6.69395149e-01 9.93293941e-01
    5.44684410e-01 6.80700898e-01 4.84570116e-01 6.29876435e-01
    5.23323178e-01 4.97747928e-01 9.87628222e-01 9.22111630e-01
    1.50373012e-01 9.59282875e-01 1.32004708e-01 4.84728724e-01
    1.85255110e-01 7.84067750e-01 8.60497773e-01 4.13782477e-01
    8.92153144e-01 3.91154379e-01 4.66743380e-01 2.77064383e-01
    7.18047261e-01 2.97609329e-01 2.26311684e-02 5.12836277e-01
    1.66006774e-01 5.99770546e-01 4.66327965e-02 7.40354657e-01
    2.25359797e-02 6.68457031e-01 7.92401671e-01 3.30965668e-01
    7.58724213e-01 4.89748001e-01 1.22003913e-01 9.61940050e-01
    3.10583115e-02 8.46790075e-02 9.38419402e-02 9.35801387e-01
    8.13528061e-01 5.22741854e-01 5.12057900e-01 6.93862677e-01
    6.63726509e-01 1.25848681e-01 7.94804811e-01 3.52813303e-01
    8.66422534e-01 9.91793334e-01 8.19133997e-01 3.25994045e-01
    5.08661270e-01 7.26062238e-01 4.72793341e-01 9.96430993e-01
    8.41702104e-01 8.90104175e-02 5.39465249e-01 6.49686098e-01
    1.21350139e-01 1.72450602e-01 4.27634686e-01 7.80509830e-01
    3.90336603e-01 5.69772720e-03 6.00332677e-01 8.67910504e-01
    9.92625356e-01 7.11669266e-01 8.12120676e-01 4.95545954e-01
    7.85435557e-01 6.56401038e-01 3.76599729e-01 2.05798030e-01
    9.88423944e-01 1.63965404e-01 8.41141224e-01 9.25346255e-01
    5.51436841e-01 9.79382694e-01 1.08539581e-01 5.96459270e-01
    1.49603635e-01 3.45941544e-01 2.65901029e-01 5.75942457e-01
    9.88386750e-01 8.05422425e-01 7.13820517e-01 1.29127771e-01
    4.94145483e-01 6.10155880e-01 4.58730996e-01 3.40600014e-01
    4.99176055e-01 3.97148371e-01 8.90359342e-01 2.76936948e-01
    4.12967384e-01 2.81952620e-02 4.28496838e-01 3.63582671e-01
    3.23587537e-01 8.66985917e-01 2.06465095e-01 4.13807452e-01
    7.07855821e-03 8.83336902e-01 6.72299206e-01 3.79527509e-02
    7.21148252e-01 2.04638451e-01 2.31826514e-01 6.24285340e-01
    1.90260112e-01 6.73136115e-01 3.82873952e-01 5.35811543e-01
    9.35260653e-01 1.51557237e-01 8.40057135e-02 2.05096275e-01
    2.86694646e-01 9.60409880e-01 5.87893307e-01 7.71760702e-01
    9.38293099e-01 9.80183482e-03 9.42025661e-01 1.28229469e-01
    7.87781954e-01 5.75200200e-01 1.62003994e-01 2.93165684e-01
    1.89402997e-01 9.13093686e-01 4.31196034e-01 4.35271859e-02
    7.96361923e-01 5.81986129e-01 6.26985729e-01 9.72651362e-01
    4.60955501e-02 5.87126195e-01 7.52974451e-01 7.21840560e-02
    1.50856525e-01 6.86368644e-02 3.41820598e-01 8.79555702e-01
    7.70178556e-01 1.87241942e-01 3.58750641e-01 2.78520882e-01
    6.92598164e-01 7.38831162e-01 2.31401563e-01 3.58170241e-01
    6.93947792e-01 6.21044040e-02 2.01475024e-02 8.95029247e-01
    8.11667621e-01 5.67439914e-01 4.98473644e-03 2.23627597e-01
    8.42586160e-03 5.93189836e-01 8.77823889e-01 8.18689585e-01
    8.29250216e-01 1.34465098e-02 9.89743948e-01 2.00099766e-01
    2.71015257e-01 3.15360606e-01 1.61664695e-01 2.47096926e-01
    8.26431990e-01 8.95653844e-01 6.42791986e-02 9.22853947e-02
    9.27646697e-01 4.13476169e-01 5.75913131e-01 6.55836463e-02
    3.75985116e-01 1.19149446e-01 4.13186103e-01 8.54617834e-01
    7.08431542e-01 2.01825202e-01 5.97907305e-02 7.15865910e-01
    6.46773577e-02 9.50734377e-01 1.81931257e-01 9.39367473e-01
    5.19352674e-01 9.32166934e-01 3.19623590e-01 8.20148885e-01
    3.68054092e-01 2.29235172e-01 1.23894215e-01 6.47557259e-01
    8.71058583e-01 1.76247925e-01 8.77323449e-01 3.78854573e-02
    8.28198910e-01 7.83907533e-01 7.43464708e-01 6.07680976e-02
    4.62663442e-01 7.89757729e-01 6.88618243e-01 4.58613575e-01
    7.54698515e-01 8.90926600e-01 9.32047606e-01 1.89453900e-01
    2.88761795e-01 4.35599685e-02 9.00202274e-01 1.93500131e-01
    4.66099173e-01 6.11019433e-02 1.19961143e-01 6.28874183e-01
    5.71786165e-01 2.95644522e-01 4.35682714e-01 2.35704392e-01
    8.45734715e-01 1.92448109e-01 1.25062674e-01 1.71777099e-01
    3.45038831e-01 9.75076258e-01 4.19303745e-01 6.60627246e-01
    2.62638390e-01 8.41182947e-01 2.46980786e-01 6.93985164e-01
    1.70977414e-01 8.44806433e-01 7.16623008e-01 4.80909556e-01
    2.22368091e-01 8.64681900e-02 3.06520402e-01 4.60163593e-01
    5.04923165e-02 1.27400249e-01 4.25321996e-01 8.12211394e-01
    8.90931845e-01 4.36599016e-01 2.44777381e-01 4.23315406e-01
    7.59090006e-01 4.66092676e-01 3.48745525e-01 8.03307474e-01
    1.46841794e-01 4.01014626e-01 6.87755108e-01 5.74693322e-01
    8.23379040e-01 6.44700468e-01 1.48832053e-01 7.21140146e-01
    3.34388852e-01 8.93771529e-01 1.62407339e-01 8.70347202e-01
    2.67973363e-01 2.45751143e-02 8.12566459e-01 2.43509591e-01
    2.28263736e-01 5.05096436e-01 3.00773382e-01 7.04935789e-02
    3.56285542e-01 4.20296431e-01 7.67201424e-01 2.17626393e-01
    8.29249501e-01 5.19891143e-01 4.18106288e-01 3.79878610e-01
    9.37891185e-01 2.14536101e-01 6.04457736e-01 6.75237179e-03
    6.86642885e-01 1.54911280e-01 4.28959250e-01 1.64862186e-01
    6.08186543e-01 9.40897822e-01 3.44959110e-01 5.18980861e-01
    6.98607564e-02 1.98197752e-01 3.62412632e-01 7.06292987e-01
    2.37051606e-01 9.00890172e-01 2.90871263e-01 8.35351646e-02
    4.41757172e-01 9.80951905e-01 2.74834216e-01 3.99140120e-02
    1.99754655e-01 4.96376157e-02 4.04030502e-01 6.35023832e-01
    9.46250856e-02 1.44139230e-01 6.59339070e-01 5.44630468e-01
    6.70712352e-01 8.71899605e-01 3.30069095e-01 6.34458840e-01
    1.85405254e-01 7.96919584e-01 5.20939410e-01 7.38573968e-02
    9.75020885e-01 4.30141836e-01 2.32689142e-01 7.00176775e-01
    2.00240105e-01 8.84593606e-01 8.76189709e-01 7.87788868e-01
    4.45977479e-01 9.70114529e-01 7.97866166e-01 2.86377072e-01
    7.21264064e-01 2.78494060e-02 8.16608787e-01 7.22638071e-01
    4.83118236e-01 4.44205225e-01 7.25056112e-01 2.96041429e-01
    4.14728045e-01 8.96399260e-01 9.09253895e-01 4.01330590e-02
    3.06967616e-01 3.13752621e-01 9.79979575e-01 6.36446595e-01
    5.56376874e-01 6.55072749e-01 5.92932105e-03 3.50107014e-01
    8.71471763e-02 8.11719179e-01 6.30543411e-01 2.37308681e-01
    1.41997725e-01 4.50129837e-01 8.04413140e-01 2.86995441e-01
    2.63739705e-01 9.63021517e-01 4.15522724e-01 3.43384266e-01
    9.46520567e-01 9.51871336e-01 7.48556554e-02 9.18150544e-01
    9.51096177e-01 6.45554066e-02 4.56613600e-01 1.04015589e-01
    5.08527935e-01 6.50115013e-01 4.66349036e-01 3.99482846e-02
    9.70304966e-01 2.90019989e-01 7.07978487e-01 5.46408057e-01
    4.95694458e-01 7.08755672e-01 4.50040340e-01 3.63839656e-01
    6.20077312e-01 3.22158635e-01 5.23453832e-01 2.24650949e-01
    3.97928178e-01 9.91498828e-02 5.33720076e-01 5.64623475e-02
    9.52085793e-01 4.57144886e-01 5.97190857e-01 6.48233354e-01
    1.82359636e-01 3.04717839e-01 4.83096659e-01 4.98794913e-01
    5.88767231e-01 3.13794494e-01 1.27018392e-02 3.09798062e-01
    4.25311506e-01 8.04287910e-01 8.65201473e-01 3.32044721e-01
    6.79602981e-01 8.76746416e-01 7.41031766e-03 7.45096445e-01
    1.01393431e-01 1.17649108e-01 4.38708514e-01 3.34194541e-01
    3.95416796e-01 9.21227574e-01 6.78617358e-01 9.30567682e-01
    6.56114399e-01 7.54103899e-01 7.06766009e-01 2.74778664e-01
    7.63272524e-01 7.70543694e-01 7.22141743e-01 9.36058402e-01
    1.89554691e-03 6.50999248e-01 1.93396300e-01 5.01579642e-01
    1.75148249e-02 1.30658448e-01 1.03145242e-01 5.43596506e-01
    3.80919814e-01 8.01842391e-01 4.11366969e-01 3.76965404e-02
    3.21203113e-01 2.11155981e-01 3.65106791e-01 2.82300472e-01
    6.36501193e-01 5.03609896e-01 3.34604621e-01 7.39593267e-01
    9.42375362e-01 7.13950515e-01 6.54429495e-01 8.82133901e-01
    6.76367044e-01 4.26431626e-01 2.76750684e-01 4.41167444e-01
    9.11207020e-01 6.03410661e-01 5.54982841e-01 4.51717079e-01
    2.25965261e-01 3.84600371e-01 7.93655634e-01 6.54843509e-01
    1.86913759e-01 3.87538612e-01 2.04338342e-01 5.80040574e-01
    1.61554337e-01 9.09749389e-01 9.99400020e-01 6.90119684e-01
    2.24013507e-01 2.75023311e-01 1.35480911e-01 2.08725333e-01
    7.06413746e-01 8.60150099e-01 6.36756778e-01 6.45312905e-01
    7.14544475e-01 8.67642760e-01 7.06449509e-01 2.19562650e-03
    7.81562686e-01 1.29484355e-01 4.92484957e-01 9.16859984e-01
    3.33146632e-01 4.99569476e-02 5.63517392e-01 3.30298096e-01
    5.12564123e-01 6.28203869e-01 9.04529333e-01 1.92723125e-01
    7.21571207e-01 3.94519448e-01 1.79480910e-01 4.81636316e-01
    6.88279033e-01 9.85226333e-02 1.44416839e-01 3.70444477e-01
    5.52476346e-01 3.69734704e-01 3.76725405e-01 4.26175147e-01
    5.42681396e-01 5.50236225e-01 3.71346414e-01 6.15509450e-01
    8.76586795e-01 2.23219723e-01 6.42928243e-01 5.28388321e-01
    2.78582215e-01 6.43276751e-01 4.50778246e-01 2.87099063e-01
    7.72161484e-02 8.07587385e-01 1.93088055e-01 7.10769296e-01
    6.93677366e-01 1.40089840e-01 9.11640167e-01 5.33604980e-01
    3.57768476e-01 8.52307796e-01 1.40841424e-01 3.02188873e-01
    2.35685498e-01 8.90395045e-01 6.75997138e-01 6.16325796e-01
    9.77287769e-01 2.68610537e-01 4.79607433e-01 2.76721150e-01
    4.80701923e-02 9.10046577e-01 8.74344230e-01 1.35733634e-01
    1.82047457e-01 8.24645996e-01 4.47957665e-01 6.66164100e-01
    6.06975853e-01 4.96234030e-01 3.95145714e-01 3.94265234e-01
    7.20255971e-02 1.51531190e-01 4.97115642e-01 9.14486408e-01
    5.41110456e-01 6.91026390e-01 7.41359472e-01 3.46640348e-01
    4.27249402e-01 2.18943775e-01 4.29283530e-01 6.54884756e-01
    2.97343642e-01 2.60909081e-01 9.98562396e-01 7.13231266e-02
    5.27966380e-01 2.94128418e-01 9.50544834e-01 7.53438950e-01
    9.22589481e-01 4.89768237e-01 6.89121187e-02 6.26345992e-01
    8.38828802e-01 7.41024494e-01 1.02806658e-01 1.31611794e-01
    8.08316886e-01 5.59214830e-01 5.21516979e-01 4.10021782e-01
    6.93849146e-01 5.99379718e-01 7.38178849e-01 2.11490989e-02
    6.98158026e-01 4.08265173e-01 6.67564750e-01 7.65040040e-01
    7.81183541e-01 4.29411054e-01 5.26964307e-01 5.73570609e-01
    6.28900766e-01 1.12366736e-01 8.79246891e-02 8.58193636e-03
    5.11036694e-01 7.04839110e-01 1.64901555e-01 6.63057983e-01
    3.82085770e-01 1.38068229e-01 2.29121357e-01 4.92866397e-01
    1.97399348e-01 2.54832864e-01 5.58855355e-01 7.06854582e-01
    9.36241865e-01 9.05848920e-01 2.15107471e-01 3.28574449e-01
    5.54246902e-02 5.32075167e-01 1.94924295e-01 5.59203446e-01
    3.88549596e-01 3.15651983e-01 1.77709401e-01 3.31264138e-02
    1.99827254e-01 5.96289396e-01 3.78269583e-01 1.46168172e-02
    7.86731482e-01 9.63921845e-02 9.44836140e-01 5.81050992e-01
    9.11613703e-01 4.80852991e-01 4.05393898e-01 1.03623271e-01
    5.72225869e-01 4.89934057e-01 8.23175311e-02 2.22757488e-01
    8.48948717e-01 3.76118690e-01 7.92471766e-01 4.76521850e-01
    5.62189639e-01 8.53456855e-01 8.47970963e-01 9.88317728e-02
    2.29884744e-01 4.13827717e-01 6.40104413e-01 2.42916286e-01
    9.77899849e-01 9.23964262e-01 5.96180856e-01 5.28284192e-01
    3.96165103e-01 3.32876652e-01 4.12012219e-01 4.53784883e-01
    1.50892168e-01 1.43058002e-01 9.18221474e-01 6.63803756e-01
    3.89527678e-01 9.16071713e-01 3.23183298e-01 3.28228116e-01
    2.08641618e-01 7.97702670e-01 6.13810778e-01 2.52346516e-01
    8.22004437e-01 2.16463864e-01 6.87984705e-01 3.22142720e-01
    4.78778869e-01 2.50866413e-01 1.37957036e-02 7.48020887e-01
    5.39083183e-01 4.42399055e-01 1.83413208e-01 4.10403609e-02
    6.16287351e-01 3.82475287e-01 9.17954922e-01 4.21526223e-01
    2.03022957e-01 8.58278513e-01 1.05067551e-01 5.46969891e-01
    6.79363668e-01 5.89165986e-01 6.03393018e-01 4.97382224e-01
    5.21609962e-01 4.59055722e-01 1.76976174e-01 3.52548122e-01
    8.53837907e-01 5.25332391e-01 5.03944576e-01 7.75624454e-01
    2.34480470e-01 6.12744570e-01 4.57029283e-01 8.87547851e-01
    5.37541032e-01 7.82274961e-01 8.31459463e-01 9.70345140e-01
    5.18014431e-01 7.67792463e-01 8.35774839e-01 2.22740680e-01
    1.78947836e-01 6.47397220e-01 4.25418019e-02 5.49572110e-02
    3.80470991e-01 4.37310487e-01 6.20231926e-01 1.37974918e-02
    8.08898568e-01 9.73914862e-01 9.53907967e-01 3.60756159e-01
    6.13564849e-01 2.07202405e-01 9.51311588e-01 6.13160729e-01
    8.69460940e-01 4.26889211e-01 8.37243199e-02 9.53004241e-01
    5.27680457e-01 3.86751473e-01 9.94709730e-01 5.41180670e-01
    9.62945819e-01 5.88980675e-01 8.90179694e-01 8.77428412e-01
    4.87326324e-01 9.90779579e-01 4.55668569e-03 2.15484887e-01
    8.02693427e-01 7.38348961e-01 3.37121248e-01 7.66060829e-01
    8.48541975e-01 9.52661932e-02 8.64088178e-01 8.79603982e-01
    5.91719389e-01 6.39212310e-01 3.87421966e-01 6.85009241e-01
    4.43024784e-01 2.88846552e-01 8.08859766e-02 2.07770914e-01
    6.05738461e-01 5.04086554e-01 6.99128509e-02 1.97486430e-01
    8.07522655e-01 4.38334435e-01 4.88651037e-01 7.97335148e-01
    4.22325402e-01 3.05885136e-01 2.03793585e-01 7.88484514e-01
    8.35769296e-01 7.02072501e-01 5.54839075e-01 6.59326911e-01
    9.81245160e-01 3.68470341e-01 5.94631970e-01 8.48760426e-01
    4.18431461e-02 2.20489025e-01 2.73526192e-01 9.43272650e-01
    2.21965373e-01 2.58765042e-01 8.42704237e-01 4.74438965e-01
    6.89961314e-01 8.30558062e-01 1.11332685e-01 7.99568117e-01
    1.12899125e-01 8.31366539e-01 4.28232253e-01 6.31646216e-01
    9.65009570e-01 5.94298542e-01 6.87779725e-01 5.67397475e-01
    4.13090646e-01 8.10503960e-01 2.32143790e-01 8.18694293e-01
    4.84213233e-03 2.23137915e-01 2.64597774e-01 8.77100468e-01
    6.17394924e-01 9.12146270e-01 1.38346314e-01 3.37108254e-01
    8.78854096e-02 6.61168694e-01 2.43998855e-01 3.97404939e-01
    6.39515400e-01 4.53945100e-01 7.82908797e-01 4.50497985e-01
    4.85444039e-01 1.23769283e-01 6.80801570e-02 1.69694364e-01
    5.10916114e-02 6.03174746e-01 4.55524355e-01 8.00988317e-01
    6.76274300e-02 8.72343183e-01 2.30543911e-02 3.84816527e-02
    6.21498227e-02 7.55351305e-01 3.38627398e-01 6.67191386e-01
    8.17795157e-01 3.93309891e-01 5.35699785e-01 1.43650055e-01
    6.31709456e-01 9.40333366e-01 2.10954577e-01 6.41418099e-01
    6.19027495e-01 1.00435227e-01 7.40027428e-02 1.39981151e-01
    2.27034301e-01 4.56085026e-01 8.33177090e-01 4.36108112e-01
    3.69847894e-01 8.63395095e-01 1.78356469e-01 5.34180105e-01
    1.17448568e-01 9.43084657e-02 6.68153048e-01 2.29422867e-01
    6.03747070e-02 7.73414969e-01 5.78114748e-01 2.01929033e-01
    4.43635941e-01 3.22600305e-02 4.87231344e-01 8.55621815e-01
    1.07845157e-01 3.90726626e-01 4.65650976e-01 8.70669603e-01
    1.20490193e-02 5.31122804e-01 7.39015996e-01 5.35090506e-01
    2.18660772e-01 8.74528944e-01 7.61456609e-01 4.22217280e-01
    8.54016840e-02 2.87022620e-01 1.71538591e-01 1.95346773e-01
    8.40576589e-01 6.01905406e-01 9.24249828e-01 8.08457732e-01
    7.51495361e-01 5.14000177e-01 3.39497864e-01 9.20135081e-02
    4.59701121e-02 4.07578528e-01 3.82986546e-01 2.75286317e-01
    2.69140899e-02 7.85978556e-01 4.25621390e-01 4.43136245e-01
    3.92378926e-01 1.21168792e-02 2.69733667e-01 4.15751934e-02
    9.13597107e-01 4.52494025e-02 5.62046826e-01 3.57445836e-01
    2.92046368e-01 3.05614769e-02 2.80278146e-01 2.35680640e-01
    1.74535602e-01 3.47679555e-02 7.25381553e-01 2.44073927e-01
    3.46407473e-01 5.81367433e-01 9.25970256e-01 9.01883006e-01
    7.32544065e-02 7.22001195e-01 7.41153359e-01 5.82663298e-01
    8.22110057e-01 6.87789738e-01 4.16227341e-01 4.64107394e-02
    9.27703619e-01 3.97059619e-02 2.33272523e-01 5.79986572e-02
    4.95707095e-01 9.41372514e-01 9.79316533e-02 4.18224901e-01
    1.89772397e-01 2.03417808e-01 8.63026202e-01 7.08290577e-01
    2.01610506e-01 7.63274670e-01 7.01547146e-01 1.55601412e-01
    6.41676486e-01 2.37042487e-01 7.58017898e-02 7.95046508e-01
    9.77022767e-01 7.39650011e-01 4.03726935e-01 9.50555801e-01
    9.00217891e-01 9.41523790e-01 6.98949456e-01 8.77710044e-01
    7.23216057e-01 5.05824804e-01 8.44530940e-01 2.42440522e-01
    4.90467876e-01 1.60514146e-01 6.54641628e-01 7.22945631e-01
    1.19763017e-01 5.66214263e-01 3.18974078e-01 1.92163020e-01
    8.64790916e-01 5.95504165e-01 9.84423637e-01 3.01653266e-01
    7.12770045e-01 6.38043165e-01 2.19923764e-01 1.16605401e-01
    1.68381721e-01 2.77677804e-01 5.93328834e-01 4.92469817e-01
    4.44045931e-01 1.00700825e-01 5.16882539e-02 8.05854797e-05
    5.53965688e-01 4.57627118e-01 8.84400368e-01 2.43075043e-01
    1.64199293e-01 1.75828397e-01 3.63749921e-01 5.23659289e-01
    1.52309597e-01 3.80714267e-01 9.18736815e-01 6.82793617e-01
    2.54985839e-01 4.45794940e-01 5.25963068e-01 2.31723964e-01
    4.46342558e-01 7.18721747e-02 9.88647580e-01 1.38108790e-01
    9.19485748e-01 8.19253445e-01 6.95819378e-01 7.27785707e-01
    8.20773125e-01 2.41862535e-02 8.21744919e-01 6.21030152e-01
    7.38259614e-01 5.83413839e-02 1.70870423e-01 3.52202743e-01
    4.23784852e-02 2.39578545e-01 8.65301192e-01 9.03742254e-01
    6.44976974e-01 3.52727860e-01 2.96223819e-01 4.85948175e-01
    1.25454605e-01 1.28602237e-01 9.72307026e-01 9.36267614e-01
    6.67687953e-01 7.11121142e-01 7.64684677e-01 1.11409694e-01
    8.22334766e-01 3.39723527e-02 4.43606317e-01 9.61803198e-01
    7.20120430e-01 9.75848675e-01 8.86120498e-01 4.15398180e-02
    5.90056896e-01 5.37962437e-01 4.84194934e-01 4.87091213e-01
    2.66111672e-01 5.04502296e-01 1.51274711e-01 6.83638096e-01
    7.30007052e-01 6.10737503e-01 7.58147717e-01 6.27661705e-01
    9.86465931e-01 1.44259512e-01 1.32432044e-01 5.05850852e-01
    5.96138895e-01 2.09157765e-02 4.00959909e-01 1.72767341e-01
    3.80051076e-01 2.38202214e-02 5.50111771e-01 5.39924681e-01
    7.87984967e-01 3.20282042e-01 7.59079218e-01 6.11581802e-01
    7.79577971e-01 6.39146090e-01 1.79649860e-01 6.76262736e-01
    9.19719040e-01 6.48644924e-01 6.62321866e-01 5.38842916e-01
    8.70000362e-01 9.06552732e-01 8.16240609e-02 1.10378951e-01
    8.73037338e-01 7.68805981e-01 1.58073843e-01 3.02332938e-01
    4.71336931e-01 6.64352298e-01 9.70846713e-01 6.80548549e-01
    7.77939022e-01 5.82143545e-01 7.45815933e-01 9.23563480e-01
    7.43870735e-01 4.57265198e-01 5.49298882e-01 6.34515703e-01
    7.03314364e-01 6.98349476e-01 7.40985274e-01 5.86936176e-01
    8.81827712e-01 1.20451868e-01 2.59928286e-01 8.21755528e-01
    8.00738335e-02 3.45801175e-01 4.50839341e-01 2.16345608e-01
    8.97442102e-01 3.90075773e-01 7.80786037e-01 1.51008070e-01
    1.88617110e-02 8.28607321e-01 2.69199908e-02 8.95332932e-01
    4.81993973e-01 7.12761164e-01 7.69704342e-01 1.16013020e-01
    8.48606586e-01 8.40056539e-02 9.98161197e-01 2.13523149e-01
    7.12025821e-01 8.66793811e-01 4.60818231e-01 5.53949893e-01
    3.52333218e-01 8.45755100e-01 3.78784180e-01 4.68810916e-01
    9.39197898e-01 7.59767175e-01 2.47300148e-01 5.24038136e-01
    2.39842445e-01 5.42129099e-01 1.81057394e-01 3.75108540e-01
    3.14551771e-01 4.75194484e-01 2.83299387e-02 9.22645569e-01
    2.08185434e-01 6.94908023e-01 8.31330776e-01 6.82465732e-02
    4.77633178e-02 3.05389702e-01 5.98685026e-01 9.51565027e-01
    2.04116285e-01 7.66869307e-01 1.73428029e-01 2.83179998e-01
    6.27654314e-01 8.26204836e-01 4.63803262e-01 4.83118504e-01
    1.56684875e-01 7.54995227e-01 6.94477201e-01 8.87537122e-01
    7.48669565e-01 1.91007555e-01 9.18044448e-02 8.50848913e-01
    5.38737297e-01 2.68538892e-01 6.47151172e-01 6.21775329e-01
    3.39555264e-01 4.87357736e-01 7.94787407e-02 9.63830471e-01
    3.35762680e-01 1.13408595e-01 2.70247221e-01 9.90716100e-01
    1.60002738e-01 1.14426047e-01 6.23730361e-01 1.42050207e-01
    9.63489115e-01 3.92413050e-01 6.33280814e-01 9.45371330e-01
    8.32532644e-01 6.52265906e-01 1.83122575e-01 9.84638095e-01
    2.20156014e-02 1.00673020e-01 9.53024685e-01 6.22697592e-01
    6.75725698e-01 7.94001937e-01 6.12854540e-01 7.70203829e-01
    3.09470475e-01 5.98196626e-01 7.74930239e-01 3.48370552e-01
    2.38253653e-01 5.49585223e-01 2.81123102e-01 8.64759982e-02
    3.77791107e-01 6.57393098e-01 4.22520280e-01 5.63871682e-01
    6.06244206e-01 2.88341999e-01 8.68112087e-01 1.49308085e-01
    7.99577653e-01 7.66519129e-01 1.01963758e-01 2.87311882e-01
    9.95528817e-01 5.77955544e-01 1.22346312e-01 7.47983038e-01
    1.11029476e-01 4.86141533e-01 3.58743250e-01 5.94811499e-01
    7.45281518e-01 2.73782492e-01 6.99285626e-01 5.37163079e-01
    4.76057827e-01 7.69848585e-01 5.43402076e-01 6.48174882e-02
    6.88785613e-01 8.46671343e-01 4.59285975e-01 7.16965139e-01
    9.03324127e-01 2.78414547e-01 7.34347522e-01 6.94297075e-01
    4.82172251e-01 8.91619682e-01 2.89646387e-02 7.04344511e-01
    7.96870172e-01 7.61650205e-01 1.77503139e-01 5.08169830e-01
    8.70481610e-01 3.75755191e-01 1.28245026e-01 2.86847144e-01
    3.84527475e-01 3.95213723e-01 3.48298132e-01 7.26506352e-01
    8.59831452e-01 2.92534709e-01 7.19926476e-01 8.05991352e-01
    9.66694534e-01 1.91696078e-01 9.68239069e-01 4.15423304e-01
    2.21561193e-01 4.95362520e-01 9.37267065e-01 3.81041348e-01
    3.81224722e-01 9.94869113e-01 8.40809107e-01 8.58226418e-01
    2.56233722e-01 5.04437327e-01 5.86061299e-01 5.20065010e-01
    4.74915951e-01 3.51977408e-01 1.73790246e-01 3.01682949e-01
    4.43266273e-01 2.99960554e-01 8.76521945e-01 9.17367458e-01
    7.51666784e-01 4.03961539e-03 8.30170512e-01 6.67435229e-01
    3.71507645e-01 6.80286169e-01 5.99075079e-01 9.74449992e-01
    5.13204634e-02 3.95938456e-01 8.06046963e-01 4.84918773e-01
    2.98372954e-01 4.10877764e-01 7.24054456e-01 5.02525687e-01
    1.22446328e-01 3.07384610e-01 3.64703536e-01 1.44986480e-01
    2.30820835e-01 1.83423251e-01 6.50157988e-01 5.81418216e-01
    7.55994439e-01 7.08396196e-01 2.46828467e-01 3.55818868e-01
    5.13299108e-01 6.85421526e-01 3.19865942e-02 8.95146132e-01
    2.21065909e-01 5.16038775e-01 8.65761638e-01 4.63280886e-01
    4.80603278e-01 1.14156812e-01 3.82526696e-01 9.00800824e-01
    5.45309663e-01 7.54456401e-01 8.73185396e-01 6.19801283e-01
    1.60152912e-01 6.55353546e-01 5.11323154e-01 2.62929916e-01
    8.17397237e-03 2.81662107e-01 2.91111380e-01 2.63161004e-01
    1.50757462e-01 3.70315373e-01 6.41280174e-01 3.05537999e-01
    6.38007879e-01 9.38052475e-01 7.55764246e-01 2.57425368e-01
    6.15745604e-01 9.26401973e-01 1.88579589e-01 6.53902352e-01
    1.91626191e-01 6.18637860e-01 8.61292243e-01 8.20215106e-01
    3.77448857e-01 8.64794850e-01 6.02967083e-01 9.54281271e-01
    7.23333359e-01 3.81458104e-01 4.90262002e-01 1.58617139e-01
    5.88764906e-01 3.27324569e-01 2.03527540e-01 9.87233877e-01
    2.75040150e-01 3.98697048e-01 1.88839734e-01 7.54822612e-01
    2.57376730e-02 5.44321179e-01 2.92023033e-01 9.99884844e-01
    9.84756470e-01 4.47028279e-02 7.27446795e-01 6.26029670e-02
    5.38047850e-01 7.27393448e-01 6.31735444e-01 5.26069283e-01
    4.61718827e-01 4.70677495e-01 2.60339499e-01 2.95852900e-01
    1.54973328e-01 4.74330366e-01 4.94467825e-01 5.38987696e-01
    7.76966453e-01 6.11086488e-01 3.51068735e-01 8.72291565e-01
    8.47739220e-01 5.20503938e-01 4.55033869e-01 8.45775902e-01
    3.74361336e-01 2.25547254e-01 8.84906590e-01 3.20009291e-01
    3.58498722e-01 4.21021312e-01 9.25627351e-01 6.67362988e-01
    3.33232850e-01 1.80578500e-01 6.08740866e-01 4.07774925e-01
    2.12373286e-01 4.23507392e-02 7.83974051e-01 3.31493229e-01
    6.64832950e-01 3.64924967e-02 9.13722873e-01 6.08598232e-01
    5.12524366e-01 1.74412131e-02 8.03380370e-01 4.68754143e-01
    9.62115645e-01 5.73282897e-01 8.03808570e-01 4.20991778e-02
    7.02797174e-01 1.38102800e-01 1.19382650e-01 6.95343137e-01
    5.03732562e-01 9.94971275e-01 7.83152938e-01 1.30124211e-01
    2.60125816e-01 7.29107082e-01 5.81047833e-01 7.92669535e-01
    9.54642117e-01 6.64158225e-01 2.02120841e-01 5.31166553e-01
    8.49077344e-01 8.57962608e-01 2.76494294e-01 5.14323354e-01
    6.08326435e-01 5.87657452e-01 1.09058768e-01 7.99293220e-01
    5.18648028e-01 5.78806043e-01 1.00565940e-01 6.40349448e-01
    1.75599724e-01 2.22806782e-01 4.35500085e-01 5.96307933e-01
    6.95311129e-02 2.57979125e-01 6.58678055e-01 8.39750767e-01
    2.40133703e-01 1.03726745e-01 4.06941116e-01 9.45162296e-01
    8.99037302e-01 3.21233034e-01 9.81380224e-01 6.28943503e-01
    4.34263825e-01 3.52973461e-01 6.18696392e-01 8.89945984e-01
    5.59308052e-01 4.90779817e-01 7.31667757e-01 8.59508216e-01
    8.36632729e-01 6.38386488e-01 4.20838207e-01 2.20804691e-01
    2.31493622e-01 7.04324722e-01 9.44505990e-01 5.05637109e-01
    3.54420274e-01 3.22734296e-01 5.43088675e-01 8.46129894e-01
    8.08621645e-01 9.52791572e-01 8.07725072e-01 3.97286355e-01
    2.96642780e-02 9.14233804e-01 1.68605596e-01 6.91343427e-01
    8.42520714e-01 5.75453281e-01 9.07829285e-01 8.43741059e-01
    7.70946383e-01 2.24312901e-01 4.07593727e-01 3.03092003e-02
    7.38085687e-01 7.93188930e-01 5.24619997e-01 9.83067393e-01
    7.14040339e-01 5.89639604e-01 3.76622409e-01 7.17473626e-01
    8.19002390e-02 7.80009508e-01 2.04076260e-01 5.14135242e-01
    3.68037671e-01 4.74390149e-01 9.86959815e-01 1.98140681e-01
    1.69316471e-01 4.21625823e-01 1.34773314e-01 9.02292728e-02
    9.17253375e-01 4.66956288e-01 2.01912224e-02 2.99540102e-01
    3.75634968e-01 4.58204389e-01 3.41608226e-01 3.15380275e-01
    6.15577698e-02 9.89698410e-01 7.05494881e-02 5.19400775e-01
    8.14682841e-01 9.15405273e-01 7.79812217e-01 4.55583036e-02
    1.28907323e-01 1.39718354e-01 8.92808378e-01 9.21644568e-01
    4.06625420e-01 6.02771640e-01 5.18447101e-01 5.33537090e-01
    7.42446423e-01 8.50526154e-01 6.27039611e-01 5.37955761e-03
    9.31525826e-01 7.08004951e-01 3.17739666e-01 9.46285963e-01
    4.49379683e-01 5.04125416e-01 9.04488564e-01 2.53024220e-01
    4.64528918e-01 4.24238741e-01 1.36193007e-01 2.48358339e-01
    2.00744748e-01 3.69276583e-01 6.11432374e-01 3.80713046e-01
    1.66923046e-01 5.07113457e-01 6.95427656e-02 2.88349390e-03
    5.29259741e-01 5.91865182e-03 7.84348130e-01 9.37163949e-01
    9.70237851e-01 8.69677544e-01 4.82758611e-01 2.69220114e-01
    9.23600018e-01 4.61235136e-01 2.08758742e-01 3.19026470e-01
    9.12920952e-01 2.45974988e-01 2.50053525e-01 8.89611959e-01
    5.29000759e-02 9.75085795e-01 5.41494668e-01 9.91095901e-01
    4.29082960e-01 4.84820098e-01 6.88356638e-01 6.64972663e-01
    7.14176893e-02 6.67699695e-01 6.78918958e-01 8.43733847e-01
    7.37509847e-01 8.34464073e-01 8.07065010e-01 8.21957707e-01
    4.25453544e-01 5.25269091e-01 6.49537623e-01 5.39599717e-01
    3.04850101e-01 6.58614755e-01 4.78559434e-02 2.03758895e-01
    4.32846725e-01 7.07967162e-01 7.29478717e-01 5.01851857e-01
    1.68214738e-01 2.89440989e-01 2.99856663e-01 1.82059407e-03
    7.61666894e-01 3.67448628e-02 7.00829625e-01 1.51226431e-01
    1.33636385e-01 6.77115202e-01 9.35621321e-01 5.73843598e-01
    1.45440280e-01 7.84681320e-01 1.79546505e-01 9.84519064e-01
    5.23818910e-01 1.13592476e-01 9.78814960e-01 1.89425170e-01
    3.84866893e-01 9.54111040e-01 1.71025515e-01 6.56766891e-02
    7.65252471e-01 2.64606267e-01 9.57715392e-01 3.06090653e-01
    1.63401544e-01 7.44974852e-01 4.90170717e-02 2.39904016e-01
    2.50431538e-01 1.40591562e-02 3.74864846e-01 5.46493590e-01
    6.64820313e-01 2.39387155e-02 3.36807489e-01 1.38536990e-02
    9.95257318e-01 5.61670303e-01 7.90713072e-01 1.29822046e-01
    1.85495079e-01 7.81359315e-01 5.24580181e-02 2.35334635e-01
    3.03957999e-01 3.34046781e-02 2.04803795e-01 3.61188114e-01
    7.34577358e-01 2.45060921e-02 1.15866125e-01 7.82404721e-01
    5.17795265e-01 3.85012984e-01 6.07930422e-02 5.27101040e-01
    4.63502258e-01 3.62698495e-01 5.67161560e-01 8.95700932e-01
    6.03815913e-01 1.87808007e-01 1.87649965e-01 3.78799826e-01
    3.42413932e-01 4.48486477e-01 1.92057520e-01 8.50722373e-01
    9.06038761e-01 1.16052806e-01 5.00725269e-01 1.97555453e-01
    2.86286086e-01 7.15909719e-01 5.76124012e-01 4.79416490e-01
    9.77401257e-01 5.69692314e-01 6.08941376e-01 7.29547143e-01
    9.56482649e-01 3.07852596e-01 3.05776000e-01 4.56216991e-01
    8.04769278e-01 2.19099253e-01 5.22179127e-01 6.64545059e-01
    7.34308362e-02 5.24349332e-01 6.65352762e-01 5.55467665e-01
    2.60704339e-01 2.13006943e-01 8.55018437e-01 6.65956318e-01
    2.11519808e-01 9.59670007e-01 2.96710134e-01 4.62454766e-01
    3.96498382e-01 9.94471371e-01 9.82692957e-01 1.07606500e-01
    6.80373847e-01 2.70582080e-01 4.31794584e-01 8.07641625e-01
    9.75907922e-01 2.15062499e-03 8.29902172e-01 1.61361009e-01
    8.63639951e-01 9.20061946e-01 9.04064178e-02 8.93163621e-01
    2.07083642e-01 6.27285898e-01 5.77326536e-01 9.35426354e-02
    8.83495867e-01 5.11598170e-01 3.56768608e-01 7.14573205e-01
    9.02479470e-01 2.54139960e-01 6.23540282e-01 7.57480145e-01
    4.94070709e-01 2.65939206e-01 1.87432021e-01 8.45411658e-01
    9.73971367e-01 9.87361431e-01 8.61822724e-01 1.38523638e-01
    6.71488523e-01 9.42041993e-01 4.89836693e-01 2.19149023e-01
    3.60606670e-01 1.16441756e-01 1.11693412e-01 4.60250676e-01
    3.67487103e-01 8.30853283e-02 8.40037584e-01 6.88916445e-02
    2.16530263e-01 9.17707384e-02 2.80285180e-01 6.60497129e-01
    5.48962057e-01 9.53047156e-01 5.83508909e-01 4.06233579e-01
    3.68490815e-03 8.82249177e-02 3.92233789e-01 1.13254160e-01
    2.34114975e-01 3.83567214e-01 4.26737875e-01 8.23072433e-01
    7.31099010e-01 2.95559913e-01 3.26901197e-01 7.59171307e-01
    3.78984988e-01 8.70143652e-01 6.66774154e-01 3.92225087e-02
    8.09113860e-01 4.35216963e-01 6.47594392e-01 9.43976641e-02
    3.60350728e-01 6.61283672e-01 1.69811368e-01 1.59404516e-01
    4.94408906e-02 3.57358843e-01 4.16851103e-01 3.97817463e-01
    4.50153410e-01 3.73258531e-01 4.73124593e-01 9.01943088e-01
    3.68956327e-02 4.56447750e-01 9.34010506e-01 4.10353243e-01
    5.26795387e-02 8.24871778e-01 8.57778549e-01 3.74337614e-01
    9.34007883e-01 4.67729568e-01 1.57770127e-01 9.15309787e-01
    2.32699722e-01 7.54469156e-01 8.24707389e-01 1.27676159e-01
    9.58820581e-02 7.24394083e-01 8.68469357e-01 5.94523489e-01
    2.37669945e-01 4.47760046e-01 6.15604281e-01 9.49417472e-01
    7.54935145e-02 3.87771308e-01 1.68703586e-01 2.13105202e-01
    7.30610847e-01 8.79289091e-01 6.96355104e-01 6.22164845e-01
    9.09682155e-01 4.18869674e-01 4.42994446e-01 3.94182742e-01
    9.78242457e-01 3.63893241e-01 6.68582976e-01 4.65464771e-01
    1.39676213e-01 4.97577041e-01 5.82082868e-01 1.64087415e-02
    9.79407609e-01 1.17536604e-01 5.72366834e-01 2.66020000e-02
    7.34923124e-01 3.32345158e-01 3.93454373e-01 7.70240128e-02
    2.99868226e-01 9.20044541e-01 4.84651685e-01 9.80577707e-01
    8.22169423e-01 1.41774595e-01 3.51018667e-01 1.56475037e-01
    1.13973498e-01 5.90091169e-01 4.22915816e-02 7.34099686e-01
    1.35854840e-01 4.88847345e-01 5.36061823e-01 3.37601483e-01
    5.86348712e-01 4.60174382e-01 3.49657238e-01 7.37836063e-01
    8.91005516e-01 6.84105396e-01 3.56685221e-02 9.49843168e-01
    3.02800149e-01 2.11119920e-01 6.10640645e-02 6.72496974e-01
    6.73395038e-01 5.33321798e-01 5.10610163e-01 4.97225523e-02
    7.26249456e-01 6.04205191e-01 4.31010783e-01 6.06113672e-03
    8.01393449e-01 9.68127251e-01 1.67965740e-01 4.02132869e-01
    1.15190119e-01 3.62166911e-01 3.87797862e-01 6.03294134e-01
    9.79047298e-01 6.99978173e-01 9.93761897e-01 1.83812916e-01
    1.07461333e-01 2.26516753e-01 5.90424299e-01 2.90799022e-01
    9.30185735e-01 8.08446050e-01 5.01226723e-01 3.65241259e-01
    4.63886499e-01 2.39072859e-01 1.08319312e-01 5.20637095e-01
    6.45237684e-01 2.77891338e-01 1.61101133e-01 5.60049176e-01
    4.40251023e-01 7.74379134e-01 2.35370636e-01 1.23265982e-02
    5.27532995e-01 1.73754662e-01 2.87696093e-01 5.80999494e-01
    7.18056262e-02 3.33835602e-01 6.28072143e-01 3.70152712e-01
    5.72552383e-01 2.79143035e-01 9.16705370e-01 9.28495765e-01
    1.45661533e-02 8.25791240e-01 4.63872254e-01 2.97445297e-01
    8.81426096e-01 2.93765306e-01 1.26777142e-01 8.93412471e-01
    9.95757997e-01 4.17440534e-01 6.12009466e-01 4.65487897e-01
    7.89477944e-01 5.27833521e-01 6.84053957e-01 3.13591659e-02
    9.64000523e-01 7.65966535e-01 2.59520769e-01 6.93031907e-01
    5.09458899e-01 2.02538580e-01 4.79630709e-01 2.35204995e-02
    7.17853129e-01 6.95888400e-01 5.96265793e-01 1.71803325e-01
    6.27694368e-01 4.37174141e-01 8.58620524e-01 5.78969717e-04
    7.90626705e-02 3.88154328e-01 1.01316094e-01 9.60317969e-01
    7.56691694e-01 5.29101133e-01 9.80547786e-01 7.48608708e-01
    1.71699733e-01 4.29807305e-02 8.95402551e-01 8.57593298e-01
    7.63363063e-01 7.16858625e-01 4.88527298e-01 2.52830327e-01
    1.75578803e-01 4.22204375e-01 9.10122871e-01 5.36234438e-01
    6.90306127e-01 8.30301762e-01 8.62550974e-01 8.26013505e-01
    4.53682601e-01 1.45423442e-01 7.19756186e-01 1.10130012e-02
    3.67850572e-01 8.46031308e-01 6.99053824e-01 8.56212556e-01
    7.77643263e-01 1.07698709e-01 8.00297141e-01 8.95487905e-01
    4.24920022e-02 3.91303033e-01 5.63274264e-01 6.80650294e-01
    2.24079520e-01 1.84844941e-01 6.07454300e-01 2.53061682e-01
    9.16674256e-01 6.84362531e-01 4.10080701e-01 3.95957142e-01
    3.23857903e-01 8.23862612e-01 7.04732537e-02 7.92298555e-01
    5.50587833e-01 3.87849510e-01 4.25892889e-01 7.93812871e-02
    3.13705266e-01 6.74223900e-02 2.44388640e-01 3.68093759e-01
    3.30216557e-01 2.65686214e-01 9.47461963e-01 2.78820097e-01
    9.09304619e-01 3.61054718e-01 8.51199150e-01 5.13967752e-01
    7.68027961e-01 7.87296891e-01 7.94736326e-01 5.25739849e-01
    4.72378433e-02 3.79122466e-01 3.70804548e-01 7.14424670e-01
    6.41584516e-01 5.71730554e-01 9.30478632e-01 5.70079446e-01
    4.23916429e-01 1.63278639e-01 1.48381799e-01 4.23759252e-01
    2.44682372e-01 5.15233219e-01 5.66107273e-01 1.03479207e-01
    9.04811382e-01 2.23446846e-01 6.85832620e-01 4.52080756e-01
    8.36029947e-02 8.25442553e-01 4.03824270e-01 4.33225632e-01
    8.68181765e-01 8.30858111e-01 2.08073497e-01 2.08761692e-01
    6.93370581e-01 9.59981918e-01 9.04048324e-01 2.49525160e-01
    4.53841180e-01 2.50560343e-01 5.69730401e-01 3.65947008e-01
    9.03909028e-01 4.75583136e-01 1.98870093e-01 8.00432563e-01
    3.60684752e-01 7.12188601e-01 9.77734804e-01 4.29767191e-01
    6.41761005e-01 3.65821093e-01 5.83456457e-02 6.03645980e-01
    4.54051644e-01 6.12544298e-01 7.17932701e-01 3.66798460e-01
    2.46672630e-02 6.16163850e-01 2.66539037e-01 4.44469631e-01
    9.82181668e-01 9.25027668e-01 6.95907414e-01 7.87157655e-01
    5.90808332e-01 2.75725991e-01 2.15895772e-02 2.93339610e-01
    2.01806307e-01 8.93281698e-01 7.31035292e-01 4.27664936e-01
    1.62728220e-01 4.31309402e-01 4.72153723e-02 6.38987064e-01
    7.69234955e-01 8.19582462e-01 9.61463511e-01 4.72540379e-01
    3.60280156e-01 2.88989961e-01 6.16396725e-01 9.64890420e-02
    7.44053304e-01 7.64416814e-01 2.31608152e-01 6.41023755e-01
    6.09737635e-01 1.26831055e-01 6.73983455e-01 3.34130287e-01
    3.10401499e-01 7.92511582e-01 3.24380517e-01 6.90604925e-01
    9.28456485e-01 1.46449506e-02 8.27075481e-01 3.91500264e-01
    1.33456081e-01 7.82623410e-01 3.27912837e-01 2.20912993e-01
    3.12150955e-01 1.07137531e-01 6.62952244e-01 6.22622609e-01
    9.36337233e-01 9.86103177e-01 9.14775372e-01 5.87866247e-01
    1.02873921e-01 2.54549801e-01 5.91875911e-01 6.13131642e-01
    8.00236762e-02 1.76924407e-01 6.66200280e-01 2.44684875e-01
    1.80691630e-01 9.92575467e-01 1.05403841e-01 8.44112277e-01
    8.94853115e-01 4.80424404e-01 2.27894008e-01 3.86989832e-01
    5.43818474e-01 8.94013047e-03 5.40156901e-01 2.96878874e-01
    6.61243558e-01 9.29036021e-01 4.51930076e-01 1.00874126e-01
    9.70772743e-01 7.11721182e-03 5.69961488e-01 2.17464477e-01
    9.28243637e-01 1.14900321e-01 3.81061405e-01 2.68229663e-01
    4.04210389e-01 8.15288484e-01 9.62698042e-01 7.41972327e-01
    1.82187021e-01 3.92201722e-01 1.73927993e-01 9.19159472e-01
    9.20648515e-01 9.16232944e-01 2.89380848e-02 5.12383938e-01
    9.15669918e-01 2.75340974e-01 9.00716066e-01 7.38112926e-01
    3.29658091e-02 2.70186573e-01 9.64553058e-02 5.68080127e-01
    7.79146194e-01 3.37591887e-01 3.49345118e-01 7.63683081e-01
    7.66478956e-01 9.70097244e-01 3.32836747e-01 7.59080648e-02
    2.75410473e-01 4.63335663e-01 2.14163393e-01 2.34480977e-01
    5.05371213e-01 3.72020066e-01 1.83691800e-01 9.16346669e-01
    6.84008360e-01 7.44706392e-01 3.95985842e-02 5.60360849e-02
    9.97889519e-01 2.63175786e-01 3.34347963e-01 8.05316210e-01
    3.99974585e-01 6.23636544e-01 8.71099412e-01 2.16027468e-01
    7.42415786e-01 9.72854495e-01 9.67475414e-01 5.57275116e-01
    5.94228923e-01 1.48354292e-01 7.22045541e-01 3.20737958e-02
    5.10505140e-01 3.73883963e-01 8.91485333e-01 3.96399289e-01
    1.60929769e-01 5.66424787e-01 4.78346884e-01 9.39140260e-01
    2.69771695e-01 9.13161933e-01 8.07219148e-02 4.00306433e-01
    5.82097411e-01 7.00421214e-01 2.55956352e-02 5.45886457e-02
    6.90402508e-01 8.01705241e-01 6.09724879e-01 2.26387382e-02
    2.31047958e-01 5.35224795e-01 1.84384376e-01 3.63443553e-01
    6.62736833e-01 8.53813589e-02 1.48866355e-01 7.35982358e-01
    8.50072443e-01 5.48940957e-01 4.24825788e-01 7.56893754e-01
    3.90660346e-01 2.74465322e-01 4.64321643e-01 7.31871426e-01
    9.30303454e-01 7.49408007e-02 8.12909544e-01 4.76920336e-01
    1.85936481e-01 8.48707438e-01 7.95918643e-01 3.49944651e-01
    2.29210764e-01 8.02280068e-01 8.86435330e-01 9.34638262e-01
    8.16138446e-01 4.43676114e-01 9.97473478e-01 7.56767750e-01
    9.36366498e-01 1.78088248e-01 4.73442316e-01 8.13217580e-01
    4.25253630e-01 2.03154564e-01 9.68670249e-01 5.46972692e-01
    2.18820035e-01 1.85028613e-01 2.64614433e-01 4.69024509e-01
    7.87771106e-01 9.32419538e-01 5.40758669e-01 5.55217922e-01
    5.84894538e-01 9.39682722e-01 3.41365129e-01 4.99460995e-01
    2.24177212e-01 4.11058664e-01 9.81763959e-01 9.73843098e-01
    5.77860951e-01 3.02982092e-01 7.85692692e-01 1.50296599e-01
    5.77789545e-01 4.82620448e-01 2.79454231e-01 5.76360822e-01
    2.42947102e-01 1.70784265e-01 1.63997591e-01 3.30984652e-01
    2.52458394e-01 7.56506383e-01 7.37345338e-01 5.74154496e-01
    4.32392865e-01 8.62163663e-01 3.53673786e-01 5.42068958e-01
    1.55870616e-01 5.22312284e-01 2.06299603e-01 3.93739074e-01
    4.27936792e-01 8.90019655e-01 6.61000550e-01 3.18924487e-01
    2.14178026e-01 2.44855672e-01 7.99478650e-01 1.04135424e-01
    7.60893226e-02 5.12876213e-02 3.36040795e-01 8.87050748e-01
    4.29088384e-01 8.85694861e-01 3.34658682e-01 6.54857874e-01
    9.91989911e-01 3.36953580e-01 2.88607061e-01 1.01272881e-01
    1.05919003e-01 9.14246440e-02 6.97717667e-01 9.27324533e-01
    3.64624858e-01 4.83638495e-01 1.97853148e-01 8.34663808e-02
    1.61183059e-01 2.48960376e-01 2.49119312e-01 8.75708699e-01
    8.17784786e-01 7.29570806e-01 8.53853106e-01 8.47839594e-01
    3.75199318e-01 2.74149299e-01 6.16847575e-01 7.86368608e-01
    8.98626029e-01 7.24599957e-01 1.77952886e-01 6.85333192e-01
    6.36440277e-01 4.16867465e-01 6.96576297e-01 8.56082797e-01
    8.01798522e-01 8.97953510e-02 5.75298607e-01 7.63474703e-01
    9.08393264e-01 9.58446085e-01 8.05522561e-01 2.41845429e-01
    8.19568396e-01 1.99640870e-01 9.15821910e-01 6.97175264e-01
    4.59663451e-01 5.91677845e-01 4.13071930e-01 5.38995922e-01
    8.37905824e-01 1.92594111e-01 6.25835419e-01 7.94264078e-01
    5.64070344e-01 6.92331612e-01 9.08689380e-01 8.62452030e-01
    7.87602901e-01 6.64234698e-01 2.64405370e-01 2.17705518e-01
    4.32951927e-01 7.15977371e-01 7.23041356e-01 8.34152699e-01
    7.31989682e-01 5.35852194e-01 5.22140265e-02 5.47464371e-01
    8.51761818e-01 4.79289263e-01 4.61350024e-01 7.32311666e-01
    4.03255522e-01 9.67537403e-01 7.85299480e-01 5.87027848e-01
    1.94812000e-01 7.02780128e-01 7.43048072e-01 5.51819801e-01
    3.93970937e-01 8.25180888e-01 4.19503182e-01 9.23362672e-02
    9.96628463e-01 8.74192834e-01 3.25378478e-02 7.79517531e-01
    7.32320726e-01 7.71702051e-01 7.35216737e-01 9.33298945e-01
    3.47967297e-01 2.20427930e-01 8.66805911e-01 7.04160810e-01
    8.86513352e-01 9.54391003e-01 2.92609781e-01 9.12339687e-01
    3.65416527e-01 6.11842096e-01 1.10679358e-01 4.99260783e-01
    3.57297182e-01 5.82577050e-01 6.83638692e-01 4.72884089e-01
    4.79611278e-01 3.85431290e-01 6.25237346e-01 6.93392217e-01
    5.45940518e-01 5.38069129e-01 5.03557861e-01 1.71534121e-01
    2.30632007e-01 7.68354893e-01 8.65371823e-01 6.18414581e-01
    7.70445228e-01 1.14307255e-01 5.57960451e-01 4.21963125e-01
    1.61057800e-01 6.59329176e-01 4.31668699e-01 8.79534364e-01
    8.17044616e-01 3.34865183e-01 7.20523238e-01 1.60359740e-02
    9.25307930e-01 8.77507627e-02 5.58158875e-01 1.60339177e-01
    3.91379863e-01 5.23336232e-02 3.16912234e-01 6.01416707e-01
    2.42760330e-01 8.13219249e-02 9.32487607e-01 3.77643943e-01
    1.71406448e-01 4.05582905e-01 3.80850971e-01 7.59451091e-02
    2.69022763e-01 4.95747805e-01 4.70174164e-01 3.04754972e-02
    2.82848060e-01 3.62991214e-01 3.17397863e-01 5.07726550e-01
    1.70991123e-01 6.69045448e-02 3.68292153e-01 9.47843552e-01
    8.47472370e-01 3.66491020e-01 4.28495526e-01 3.43485773e-02
    2.78686494e-01 9.25127149e-01 8.40399563e-02 8.71850491e-01
    1.28347009e-01 8.62378478e-02 4.07856047e-01 1.50293976e-01
    9.52715039e-01 4.80808705e-01 5.33990622e-01 1.24475956e-01
    3.56241912e-01 1.04677677e-01 7.46594310e-01 6.32985234e-01
    8.06856155e-02 3.97755444e-01 1.29142761e-01 3.99735153e-01
    9.44446266e-01 1.40378058e-01 6.91559136e-01 1.41786337e-01
    3.05369914e-01 8.47737730e-01 8.68803144e-01 9.07598317e-01
    4.77266848e-01 3.77723575e-03 7.87380219e-01 8.72929096e-01
    1.16070211e-02 5.99716187e-01 1.97635919e-01 7.70114779e-01
    3.45060766e-01 2.80245811e-01 2.43909001e-01 3.69186878e-01
    9.93316472e-02 3.14353406e-02 9.27648187e-01 6.33437872e-01
    3.84669423e-01 7.98215389e-01 4.06542659e-01 4.72272933e-01
    6.37651801e-01 5.74559629e-01 7.61583030e-01 5.74010253e-01
    4.92805094e-01 4.77795660e-01 5.63448787e-01 6.32736921e-01
    8.34371269e-01 3.39285672e-01 8.96049261e-01 3.50637555e-01
    5.81958950e-01 9.83398855e-01 9.71401393e-01 4.44010913e-01
    4.31657791e-01 3.60363394e-01 7.24181414e-01 1.55614704e-01
    1.52077913e-01 5.54364502e-01 2.39001781e-01 3.51094306e-01
    1.89582676e-01 5.25184631e-01 5.96190989e-01 3.55556160e-01
    4.42345202e-01 9.61246252e-01 4.64826286e-01 9.56612468e-01
    9.08134103e-01 6.18572116e-01 4.15538371e-01 4.88858402e-01
    6.16197944e-01 6.21262431e-01 5.80608845e-04 7.81163692e-01
    1.73078775e-01 9.10131037e-02 6.27928853e-01 1.34607255e-01
    6.46549344e-01 6.07588589e-01 8.27986121e-01 2.70172924e-01
    1.96145743e-01 7.81241059e-02 7.58383155e-01 1.47454530e-01
    4.04060036e-01 8.72381270e-01 5.67360520e-02 1.06187165e-02
    2.09730208e-01 1.99719638e-01 3.23770225e-01 6.47589207e-01
    7.77804494e-01 2.22584635e-01 3.76788467e-01 3.10101002e-01
    4.43928301e-01 2.44503319e-01 8.51272106e-01 1.33642405e-01
    2.10645646e-01 3.10636818e-01 6.41131878e-01 1.74892396e-01
    3.79956752e-01 2.20636934e-01 1.25976145e-01 2.33082563e-01
    9.62727904e-01 2.59103715e-01 6.65099561e-01 7.72514820e-01
    7.32510388e-02 6.37152791e-01 5.44343710e-01 8.47000480e-01
    9.02011931e-01 3.21952045e-01 9.63434935e-01 8.61353159e-01
    4.54451203e-01 5.90821922e-01 1.91708386e-01 8.25022757e-01
    9.01427865e-01 3.25075656e-01 9.75669026e-01 9.54468250e-01
    3.37670833e-01 6.24217451e-01 8.45547915e-01 4.53432918e-01
    9.18883741e-01 2.85923302e-01 4.88230944e-01 1.05778813e-01
    8.26571167e-01 8.28034163e-01 1.13360256e-01 6.96385801e-01
    5.50741196e-01 6.24681532e-01 1.18415534e-01 7.42321134e-01
    4.70868379e-01 1.23954982e-01 5.58066368e-01 7.28171468e-01
    7.94192076e-01 1.88439965e-01 4.21550095e-01 4.79691982e-01
    1.60672963e-02 5.04418015e-02 5.78998446e-01 7.65958667e-01
    6.24945581e-01 2.75677800e-01 1.98520780e-01 9.40967917e-01
    1.13438368e-02 1.25039876e-01 8.01397264e-01 9.88782883e-01
    6.69891834e-01 1.34695500e-01 3.86189491e-01 5.86345136e-01
    4.40015197e-02 8.23020041e-02 1.99054778e-01 5.02585351e-01
    6.81234956e-01 3.15350026e-01 4.29219216e-01 7.02408552e-01
    4.03668970e-01 6.03137255e-01 5.39093494e-01 3.21930110e-01
    2.48613358e-01 2.72844583e-01 7.65711069e-04 6.22781634e-01
    9.96437311e-01 8.63870859e-01 2.84599423e-01 4.28074270e-01
    1.57584667e-01 1.20224565e-01 3.14743221e-01 5.04229784e-01
    6.01434469e-01 9.37472343e-01 7.20597148e-01 2.34872758e-01
    4.13062930e-01 2.30608582e-01 3.28420788e-01 2.89943874e-01
    5.29261410e-01 4.58819598e-01 7.21281588e-01 8.11105072e-02
    6.86793208e-01 6.56459510e-01 4.82908607e-01 1.30741298e-01
    2.70438850e-01 7.82941580e-01 4.78884697e-01 7.13336885e-01
    1.38123751e-01 7.40125358e-01 4.23537552e-01 6.98417187e-01
    7.86939859e-02 3.21977258e-01 5.26962280e-02 4.92521733e-01
    8.56255889e-01 4.31422830e-01 3.38622093e-01 8.29034328e-01
    9.06429589e-01 4.59755778e-01 2.14224637e-01 7.96526194e-01
    7.22842038e-01 3.73493850e-01 4.91937935e-01 2.73710698e-01
    3.97132456e-01 9.53536391e-01 4.16449338e-01 4.48908567e-01
    4.64435786e-01 4.58218545e-01 4.14928317e-01 3.10515106e-01
    8.08599591e-01 8.82796168e-01 9.92259026e-01 2.54820406e-01
    8.23136687e-01 9.11842942e-01 6.43585384e-01 7.11928904e-02
    8.02826643e-01 4.51103479e-01 4.06798989e-01 6.86948776e-01
    6.74153149e-01 8.37571859e-01 4.46607083e-01 4.08414125e-01
    4.61654872e-01 2.52497464e-01 5.22053421e-01 9.21349525e-01
    4.57070619e-01 7.79720187e-01 1.47621572e-01 2.15201735e-01
    9.36964333e-01 3.12429726e-01 9.70394969e-01 1.01298988e-01
    5.22199214e-01 7.47584224e-01 7.11376011e-01 5.71381748e-01
    7.09731102e-01 1.85698420e-01 1.84341967e-02 9.76192951e-01
    8.90114486e-01 2.52618492e-01 7.59319663e-01 3.81729484e-01
    2.95864254e-01 1.68064535e-02 3.29182237e-01 4.18423593e-01
    6.55096471e-01 9.03454900e-01 5.83510756e-01 3.18935812e-02
    9.52526391e-01 4.86299813e-01 7.50978351e-01 8.44487548e-02
    7.49554038e-01 4.89622355e-02 9.33636010e-01 6.48319364e-01
    7.70964026e-01 5.43201208e-01 5.50989628e-01 7.35229254e-01
    7.52606452e-01 8.36519599e-01 9.14942622e-01 1.59110695e-01
    8.39265406e-01 8.13954413e-01 9.45803285e-01 6.58105314e-02
    9.09199119e-01 7.44962871e-01 4.28926378e-01 7.57611752e-01
    9.57217813e-01 3.51278663e-01 5.75459778e-01 2.70994276e-01
    8.86466920e-01 4.99995023e-01 6.23040259e-01 8.65440369e-01
    8.26863945e-01 4.18793559e-02 4.45673168e-02 2.17010617e-01
    4.25756931e-01 8.85861397e-01 4.11580890e-01 3.47432196e-01
    5.69047928e-01 3.81687105e-01 6.97490871e-01 6.18326724e-01
    7.01164961e-01 7.93850422e-03 3.32563400e-01 6.56794190e-01
    8.34299326e-01 7.79304504e-01 2.32276320e-02 5.52864671e-01
    4.83550698e-01 4.15347219e-01 9.56356406e-01 6.36414766e-01
    5.56015193e-01 2.76284277e-01 5.75445414e-01 9.48097587e-01
    7.60751963e-03 6.49920404e-01 9.61414874e-02 7.78688908e-01
    1.65799528e-01 4.50580418e-01 3.85924160e-01 4.96124893e-01
    3.00619721e-01 9.79788959e-01 1.47090942e-01 9.25639510e-01
    8.55246782e-01 8.13841701e-01 2.86735654e-01 4.78978425e-01
    9.55028117e-01 1.80920959e-03 7.08769560e-01 9.98850465e-01
    4.24020648e-01 6.07864857e-01 6.84505641e-01 9.14310217e-01
    6.24855995e-01 1.20530099e-01 4.46498364e-01 5.67488492e-01
    6.31285846e-01 4.72763896e-01 1.34765238e-01 8.01993191e-01
    7.97599077e-01 9.71558392e-01 7.26528049e-01 3.82449269e-01
    3.71252060e-01 3.42060357e-01 1.32371783e-02 9.27330732e-01
    1.18678123e-01 9.20717180e-01 4.09192681e-01 1.66422755e-01
    1.41315967e-01 4.27869350e-01 3.28139603e-01 9.51229095e-01
    9.55649734e-01 4.29790825e-01 2.80906320e-01 9.47190523e-01
    2.19377846e-01 6.02505803e-01 8.46290290e-02 2.45203346e-01
    3.17013979e-01 2.98709095e-01 7.66342521e-01 6.63259327e-01
    7.40953982e-01 6.22202635e-01 3.59773755e-01 2.94463694e-01
    1.10470504e-01 3.11814755e-01 5.05359113e-01 3.01663697e-01
    6.09353483e-02 9.67193842e-01 1.41196549e-01 4.01054114e-01
    8.71317029e-01 9.48022604e-01 4.49420989e-01 1.26333863e-01
    6.97737336e-01 9.44028437e-01 3.23531151e-01 2.54786074e-01
    5.53531408e-01 7.79306293e-01 3.89087200e-01 7.10565567e-01
    7.82614112e-01 9.31399584e-01 8.80299091e-01 7.98141658e-01
    5.09639561e-01 5.19901335e-01 4.17005777e-01 5.14284015e-01
    2.00167000e-01 9.57609236e-01 6.82449341e-01 9.77653861e-01
    8.20273757e-01 6.96687400e-02 6.51274860e-01 3.37230295e-01
    7.06527591e-01 7.86446452e-01 7.27080047e-01 2.70531237e-01
    6.36782885e-01 3.09873641e-01 2.37188727e-01 6.46507680e-01
    1.44664079e-01 3.28624666e-01 9.59027648e-01 6.57359064e-02
    6.46724582e-01 5.90919554e-01 2.30978101e-01 6.79293156e-01
    8.78872395e-01 7.00838506e-01 7.98422813e-01 8.97233963e-01
    5.89861572e-01 8.87364745e-02 2.13981718e-01 1.41673893e-01
    4.92556036e-01 1.65736079e-02 5.85563719e-01 6.89969361e-02
    9.68923330e-01 9.57540154e-01 4.52434152e-01 9.13069963e-01
    5.07553637e-01 1.76743954e-01 2.13150382e-01 2.42610991e-01
    5.74836493e-01 3.52159023e-01 3.01729023e-01 9.24023986e-01
    5.58141232e-01 3.78057659e-01 9.82895851e-01 2.80605853e-02
    6.39544249e-01 7.84507394e-01 6.94490135e-01 1.89520001e-01
    1.67781025e-01 5.61576247e-01 8.45035076e-01 1.75246119e-01
    6.87196732e-01 1.85447156e-01 1.27666801e-01 5.41435122e-01
    6.63903058e-01 1.10733837e-01 5.88139176e-01 4.36092675e-01
    6.39150620e-01 5.42076826e-01 2.70452201e-02 4.73455399e-01
    8.33674073e-01 5.84809244e-01 3.13630223e-01 9.76309657e-01
    1.65252537e-01 6.44655108e-01 8.99555981e-01 9.32507396e-01
    8.31525922e-01 7.30985701e-02 8.35013092e-01 2.80083328e-01
    2.63361752e-01 6.50965929e-01 4.94017363e-01 1.61193848e-01
    5.25478840e-01 7.13152945e-01 2.25127459e-01 7.86571681e-01
    3.53153825e-01 3.67048264e-01 7.44738102e-01 3.47876549e-02
    2.63172030e-01 2.86491215e-01 9.42980886e-01 2.71995068e-02
    7.26440430e-01 9.10679221e-01 6.12618089e-01 9.93833661e-01
    6.40636384e-02 8.74878049e-01 9.52955604e-01 5.80330670e-01
    3.87659669e-02 6.79574490e-01 2.97740698e-01 4.34791565e-01
    7.21182764e-01 9.54738736e-01 5.42534292e-01 1.52094573e-01
    1.02868795e-01 2.65402257e-01 6.85369551e-01 8.49783540e-01
    5.44262528e-02 9.20852065e-01 5.83405256e-01 9.48086679e-02
    4.45502251e-01 5.97966433e-01 8.66439342e-01 9.02709007e-01
    3.53426635e-01 5.53615749e-01 9.90385354e-01 5.00440836e-01
    1.09115243e-01 1.36722952e-01 1.57605141e-01 9.80850458e-01
    3.89930964e-01 6.99747324e-01 1.17344469e-01 6.60038829e-01
    7.25139678e-02 6.16124272e-01 6.28690660e-01 5.89056194e-01
    5.84366798e-01 4.96429056e-01 5.97236156e-01 1.43322110e-01
    1.25928342e-01 4.26176548e-01 9.06216323e-01 9.88450408e-01
    8.46094787e-02 2.51614094e-01 1.01730227e-01 9.14004505e-01
    1.67316198e-03 2.37440050e-01 6.18246019e-01 3.60647261e-01
    7.59041429e-01 1.81312293e-01 2.25827605e-01 6.40772700e-01
    5.98494947e-01 7.22448826e-01 4.91906703e-01 2.00206846e-01
    6.09907746e-01 3.34973037e-02 2.80273795e-01 1.02799445e-01
    3.90834510e-01 2.30067015e-01 1.44851655e-01 5.62250435e-01
    2.12030649e-01 1.99729502e-01 6.06783032e-01 9.50342655e-01
    2.38236785e-02 6.77536547e-01 3.15156579e-02 4.08580482e-01
    3.06290925e-01 8.54123950e-01 1.90282673e-01 1.58916742e-01
    6.70917034e-01 5.60672760e-01 8.66315901e-01 5.03290236e-01
    7.14595437e-01 6.94412887e-02 3.24184597e-01 8.40030193e-01
    2.36330628e-02 3.94100875e-01 4.23590392e-01 7.86567926e-02
    9.75936711e-01 7.98259616e-01 4.28908825e-01 7.38885880e-01
    1.17212534e-03 3.60609591e-02 7.30000019e-01 7.64049172e-01
    9.54923689e-01 5.96813321e-01 4.08073872e-01 1.83978051e-01
    7.71998525e-01 8.85436416e-01 8.42743039e-01 7.54819393e-01
    5.86656034e-01 9.10307407e-01 2.79345661e-01 9.16081309e-01
    4.73078102e-01 1.45040095e-01 7.23469853e-01 1.58521473e-01
    3.77321422e-01 3.89479578e-01 8.49336505e-01 7.01303303e-01
    9.24414754e-01 8.49429369e-01 8.03540587e-01 8.63304377e-01
    1.63441509e-01 3.65677774e-01 7.76131451e-01 1.35391116e-01
    7.21211433e-02 2.95114100e-01 3.63141060e-01 4.76402313e-01
    8.76928568e-01 6.71500862e-01 9.60141718e-02 6.44866467e-01
    4.49287206e-01 2.94991106e-01 6.75574481e-01 8.73786211e-01
    4.67275262e-01 2.15710074e-01 8.86662006e-01 7.51754642e-03
    8.01033914e-01 4.45330769e-01 8.33136916e-01 3.58235598e-01
    8.96769702e-01 6.87718451e-01 2.32623219e-01 7.64414310e-01
    2.71684468e-01 8.46675873e-01 8.16234589e-01 3.25903594e-01
    6.74735904e-02 8.57367277e-01 7.14706302e-01 1.36390626e-01
    7.36172318e-01 8.94436061e-01 5.23082733e-01 9.75592136e-02
    3.38163525e-01 9.21203017e-01 5.53157926e-03 8.55046391e-01
    4.57349122e-02 8.24427366e-01 5.24716258e-01 1.35639071e-01
    1.38859540e-01 9.20455575e-01 9.35500145e-01 5.46710789e-01
    3.90126288e-01 5.60433269e-01 5.62521160e-01 2.36115783e-01
    5.12246072e-01 7.71683931e-01 8.90510321e-01 5.77908278e-01
    6.81209564e-02 6.42106056e-01 5.93149662e-03 3.12545151e-01
    6.76372349e-01 3.61168563e-01 3.68441582e-01 6.14117384e-01
    9.68268991e-01 1.61433220e-03 2.08791047e-01 8.02002907e-01
    4.43643540e-01 5.77471554e-01 7.91918218e-01 3.16538215e-01
    4.76978600e-01 2.55262017e-01 2.22998857e-01 1.16925538e-01
    5.73112249e-01 5.95766008e-02 1.90339237e-01 5.76855123e-01
    6.66314125e-01 5.58657765e-01 9.63637114e-01 6.89716101e-01
    6.87058270e-01 7.42267013e-01 8.59864116e-01 2.33594894e-01
    8.72697830e-01 8.28556538e-01 1.95624977e-01 3.25959563e-01
    9.96335924e-01 8.87185931e-01 8.76374364e-01 2.67503291e-01
    8.12067688e-02 7.34432817e-01 3.10292572e-01 1.69144303e-01
    5.97317457e-01 4.99224544e-01 4.96022999e-01 4.01676714e-01
    4.51941252e-01 3.19579452e-01 7.29775429e-01 2.45166183e-01
    2.27816373e-01 2.30096161e-01 8.23336244e-01 8.68626356e-01
    6.37016654e-01 5.84352612e-02 6.25888169e-01 1.55953020e-01
    6.75196588e-01 9.55759406e-01 8.15152884e-01 2.54808724e-01
    5.12493253e-01 7.89970040e-01 4.99191642e-01 8.53486240e-01
    1.01062715e-01 7.50663161e-01 4.96279985e-01 9.80997443e-01
    9.85096097e-01 3.92956465e-01 5.53234696e-01 8.47239256e-01
    6.62042797e-01 2.30988622e-01 9.06116605e-01 1.01823002e-01
    6.76157176e-02 5.99204600e-01 2.13277042e-01 3.88204545e-01
    3.22506964e-01 2.41459519e-01 6.56117678e-01 6.29714131e-03
    5.01059711e-01 6.15236044e-01 2.65335888e-01 9.86894965e-01
    6.65118694e-01 1.12878114e-01 1.17410123e-01 6.16500199e-01
    9.54690933e-01 5.28728187e-01 1.12968683e-03 2.94601381e-01
    7.58438349e-01 9.44406331e-01 9.56284881e-01 8.13517034e-01
    7.09410489e-01 7.32413650e-01 9.31171954e-01 1.69412792e-02
    4.22028661e-01 7.26000726e-01 3.16036671e-01 3.66364241e-01
    7.43577778e-02 3.77969205e-01 9.46861744e-01 8.28671694e-01
    9.32439268e-02 4.97203976e-01 9.59270239e-01 7.35153139e-01
    3.76265705e-01 1.27226174e-01 5.18074512e-01 3.84597391e-01
    1.82531029e-01 2.16839015e-01 7.95693517e-01 8.65696669e-01
    9.10961986e-01 8.68805766e-01 6.50211275e-01 1.83597356e-01
    3.39901447e-01 4.83867556e-01 2.02952415e-01 4.52959716e-01
    4.38790262e-01 7.93316722e-01 7.66324818e-01 4.48792994e-01
    7.59587884e-01 6.77186847e-01 1.34839475e-01 8.93830657e-02
    7.90744066e-01 5.16599953e-01 1.04805112e-01 8.58890533e-01
    3.87333810e-01 2.66330957e-01 4.36084270e-02 8.77792478e-01
    5.54335892e-01 4.58420753e-01 1.37224525e-01 2.13254124e-01
    1.60731971e-01 4.08917665e-01 2.82966077e-01 1.10272914e-01
    2.45936662e-01 8.38427305e-01 7.53355742e-01 9.40680087e-01
    6.78623676e-01 5.01724601e-01 6.92273021e-01 6.02628112e-01
    8.69520903e-01 6.29738331e-01 4.51637805e-02 5.71967423e-01
    6.10418022e-02 2.08183646e-01 1.56030566e-01 3.43636721e-01
    7.87778556e-01 5.04761934e-03 4.79504168e-01 8.95457506e-01
    5.38386583e-01 6.17490888e-01 4.11385417e-01 1.27267748e-01
    2.88213044e-01 6.51066184e-01 5.93321562e-01 6.76360011e-01
    1.98276937e-02 3.59913886e-01 1.19703710e-02 4.11261857e-01
    6.50001168e-01 8.11940074e-01 7.10176706e-01 2.36479074e-01
    2.32993692e-01 7.38798141e-01 1.60325527e-01 5.00282466e-01
    5.70746362e-02 8.05069208e-01 5.69589913e-01 2.06574529e-01
    2.13327825e-01 2.08490103e-01 1.24496222e-03 6.09135389e-01
    2.50938684e-01 7.24619627e-01 7.13092208e-01 9.60702360e-01
    6.05271041e-01 6.06920838e-01 1.12452090e-01 9.10802722e-01
    9.89472508e-01 7.47139394e-01 5.65188646e-01 6.29625678e-01
    2.01288432e-01 9.35921848e-01 8.17558765e-02 3.53180021e-01
    8.98299575e-01 1.67089403e-02 9.54116285e-01 4.50503826e-01
    7.60191679e-03 9.53761816e-01 6.91340804e-01 7.46786594e-02
    9.47652876e-01 2.05257535e-01 5.34231603e-01 6.81217313e-01
    4.18361455e-01 5.94412923e-01 8.25755358e-01 3.66321146e-01
    1.84185416e-01 2.09753036e-01 4.12711889e-01 3.90375406e-01
    3.23727608e-01 3.10395867e-01 2.10289061e-02 1.88658237e-02
    3.02371681e-02 1.29860103e-01 3.92405391e-01 2.19637841e-01
    5.40006995e-01 1.34760529e-01 9.57637429e-02 7.81164169e-01
    4.31922942e-01 1.57998681e-01 4.43629205e-01 2.51225531e-01
    8.29914391e-01 4.33120757e-01 3.78168374e-01 1.18993282e-01
    7.50857472e-01 5.25496125e-01 3.05050939e-01 9.76949930e-03
    8.21904659e-01 6.76223159e-01 3.42803091e-01 1.38415366e-01
    4.22712326e-01 5.10032415e-01 9.70762551e-01 4.56444323e-01
    9.95988011e-01 6.55354619e-01 7.21509814e-01 7.15838552e-01
    7.21231878e-01 5.26979923e-01 7.60006070e-01 6.45693839e-02
    3.95908177e-01 3.08784813e-01 6.09179139e-02 2.14532524e-01
    4.44169581e-01 5.48915982e-01 4.04681563e-02 8.41777027e-02
    6.22734547e-01 7.11662412e-01 4.02151406e-01 5.25099754e-01
    9.39637780e-01 8.30831170e-01 8.17501903e-01 3.70518327e-01
    2.60276735e-01 1.10643059e-01 9.42958355e-01 1.70656741e-02
    2.75203049e-01 7.09374487e-01 4.75972801e-01 5.75611115e-01
    6.62570298e-01 3.27199697e-04 5.57231903e-03 2.30334371e-01
    2.52585888e-01 6.49988055e-01 9.71661508e-01 9.70929205e-01
    5.75010478e-02 7.78805375e-01 8.84528399e-01 9.83363986e-01
    6.29886031e-01 8.33912790e-02 6.86720312e-01 4.42785621e-01
    3.20001483e-01 3.11151236e-01 3.69393706e-01 5.05851984e-01
    4.45587039e-02 1.92178786e-01 9.01991427e-02 1.99218094e-02
    1.33964419e-03 2.62241513e-01 1.61467522e-01 6.91727936e-01
    7.73845434e-01 9.05865431e-02 5.60008645e-01 9.72215533e-01
    9.15589690e-01 7.51130164e-01 6.65394902e-01 9.48548436e-01
    8.88616562e-01 3.91525656e-01 1.56705946e-01 8.00187469e-01
    4.46064353e-01 7.46580362e-01 1.75217837e-01 9.81368065e-01
    6.94566369e-02 5.53804815e-01 4.21463192e-01 7.05488503e-01
    3.42474163e-01 1.51129365e-01 8.94556224e-01 1.55647576e-01
    6.58784747e-01 4.69550639e-01 1.43102527e-01 2.78320372e-01
    6.29887044e-01 7.92683005e-01 7.77692318e-01 2.00212002e-03
    7.27912366e-01 9.75409031e-01 5.89728892e-01 9.35323894e-01
    8.17855597e-01 1.81003690e-01 2.48250663e-01 4.58631068e-01
    8.78592849e-01 5.55349469e-01 4.94450510e-01 2.62348026e-01
    5.94912648e-01 1.40260905e-01 2.92040884e-01 5.53768456e-01
    8.54735970e-02 3.33014190e-01 8.82480025e-01 3.89088213e-01
    5.21856546e-02 8.77623796e-01 1.75713360e-01 7.82973289e-01
    9.64127064e-01 1.20880008e-02 8.88508677e-01 5.04806638e-01
    6.62387550e-01 3.79160881e-01 2.74177879e-01 3.47938269e-01
    5.13123691e-01 9.77699757e-01 4.33030844e-01 6.86168969e-02
    9.11384225e-01 1.28108412e-01 2.04824984e-01 5.06872237e-01
    3.24215323e-01 3.59484285e-01 7.85862863e-01 4.80659664e-01
    5.08518457e-01 9.50327277e-01 5.59925437e-01 2.39568621e-01
    6.55755997e-01 2.94598639e-01 2.79296577e-01 2.13163197e-02
    6.96924984e-01 8.39095294e-01 2.48285294e-01 6.53786898e-01
    7.90118337e-01 6.97029531e-02 4.44455326e-01 8.49303484e-01
    4.32720304e-01 2.57349312e-01 6.31760478e-01 2.46041983e-01
    8.30479622e-01 1.10785663e-02 7.19552577e-01 9.73327160e-01
    5.13919652e-01 5.57781518e-01 4.73757744e-01 6.27357006e-01
    2.87211716e-01 4.95046616e-01 6.33375406e-01 2.94802606e-01
    2.58292198e-01 2.69462883e-01 4.41884935e-01 8.43264222e-01
    1.75887048e-01 3.31759036e-01 6.63851321e-01 5.62337577e-01
    3.79327714e-01 5.59240043e-01 2.94657916e-01 4.57121551e-01
    9.93380308e-01 7.23423064e-01 4.59191322e-01 3.67015302e-02
    5.50117433e-01 2.86867261e-01 8.75775814e-01 5.12578487e-02
    4.95398998e-01 5.19007623e-01 2.10681438e-01 3.80035639e-02
    9.34119701e-01 9.84947085e-01 2.13283896e-01 1.75603330e-01
    9.69135523e-01 3.81180286e-01 4.89123702e-01 3.73139083e-02
    7.68859684e-02 1.98583096e-01 3.17028135e-01 5.45540452e-01
    4.90164042e-01 2.26886928e-01 2.86885321e-01 8.88798475e-01
    1.96658283e-01 6.21140420e-01 9.87974524e-01 2.37619340e-01
    6.10676527e-01 1.64490759e-01 5.00943542e-01 8.54117155e-01
    3.33771318e-01 4.32447791e-02 6.09455585e-01 3.96597713e-01
    4.68536586e-01 2.34819740e-01 5.00726819e-01 8.72253895e-01
    8.40305209e-01 6.71976328e-01 3.84340435e-01 5.12418926e-01
    6.07763946e-01 7.89002299e-01 1.74518704e-01 9.51366544e-01
    6.59262538e-01 5.89007676e-01 3.07836235e-01 7.98833609e-01
    9.11365211e-01 6.98146105e-01 6.26059532e-01 2.13938922e-01
    6.69044375e-01 4.81665134e-01 7.60222673e-01 6.12440467e-01
    8.04105282e-01 3.19806933e-01 7.83750951e-01 8.79063606e-01
    8.81276965e-01 3.51480961e-01 2.51556337e-02 6.85711145e-01
    5.83646834e-01 8.04728389e-01 6.04123294e-01 2.67606854e-01
    8.17513645e-01 9.95536804e-01 2.07262069e-01 7.18042135e-01
    7.53529131e-01 4.75570858e-02 1.96171492e-01 4.65537220e-01
    7.34251976e-01 1.15738541e-01 7.15825438e-01 5.08630693e-01
    8.74768138e-01 5.02349198e-01 1.74195945e-01 3.15793574e-01
    4.27321374e-01 3.54392320e-01 2.71474987e-01 1.82186991e-01
    5.08654118e-01 1.80181175e-01 1.84915513e-01 6.98882461e-01
    7.15568662e-01 9.43021894e-01 5.53237677e-01 5.22640109e-01
    3.87328744e-01 7.12812066e-01 1.33882642e-01 4.88625467e-02
    8.82188737e-01 4.92030948e-01 7.92492747e-01 4.80321646e-02
    8.31907034e-01 9.82277036e-01 4.20478582e-02 2.34411180e-01
    3.91716808e-01 6.22388840e-01 5.06740451e-01 6.99848771e-01
    8.62241626e-01 7.23924100e-01 2.15512633e-01 9.42084908e-01
    8.97949934e-01 4.68680859e-02 2.07845867e-01 1.77590191e-01
    6.90373302e-01 2.91052818e-01 9.32038486e-01 8.95830691e-02
    9.17740941e-01 5.93209565e-02 8.19376886e-01 4.52640057e-02
    9.50864196e-01 2.07798898e-01 1.53477013e-01 5.44822931e-01
    1.49511218e-01 6.55578375e-01 4.09734845e-02 8.69041324e-01
    6.77844644e-01 2.93241799e-01 6.07283533e-01 6.01284802e-02
    5.23976624e-01 6.81427717e-01 4.57954526e-01 5.87942064e-01
    5.07670641e-03 7.82496393e-01 7.72556961e-01 7.30332017e-01
    7.61038184e-01 2.47606367e-01 7.47866154e-01 5.85637927e-01
    5.63805521e-01 6.51032448e-01 4.86003458e-02 1.39816672e-01
    5.74439168e-01 6.89493895e-01 1.13194376e-01 5.68936229e-01
    3.58822554e-01 4.46617156e-01 6.09040856e-01 4.40931946e-01
    3.39889556e-01 5.80484390e-01 5.04271090e-02 7.59924233e-01
    3.71623397e-01 3.75888407e-01 7.08482265e-01 7.21296549e-01
    1.69899076e-01 6.59824014e-01 5.68139672e-01 7.51563311e-02
    1.94947034e-01 2.76591510e-01 1.85813606e-02 2.48245388e-01
    3.28190058e-01 2.52181679e-01 6.42753005e-01 5.01111150e-02
    6.56718671e-01 1.80022597e-01 5.75483799e-01 3.39292824e-01
    9.02687788e-01 9.66752946e-01 4.51802969e-01 6.04383171e-01
    6.24015033e-02 7.25237012e-01 3.77257109e-01 2.88082421e-01
    4.77177888e-01 5.48446417e-01 8.32226276e-01 8.93031955e-02
    6.45406783e-01 9.18560863e-01 1.30741537e-01 4.42391455e-01
    4.29783672e-01 4.62935627e-01 9.87090409e-01 2.34604180e-01
    2.65668631e-01 2.97808111e-01 6.50009751e-01 2.64185309e-01
    6.52032137e-01 1.45085752e-02 3.41019571e-01 8.09684396e-01
    4.14277196e-01 9.96384025e-01 5.48442245e-01 6.09685421e-01
    5.63736677e-01 8.10411334e-01 8.99599195e-01 5.75893939e-01
    5.11166155e-02 4.72344786e-01 1.73784196e-01 1.52917206e-02
    3.41937125e-01 9.88386750e-01 6.43075943e-01 7.45977402e-01
    6.22037172e-01 2.50846505e-01 7.25870013e-01 4.22221452e-01
    1.10695213e-01 2.98766732e-01 2.74822623e-01 7.94594467e-01
    2.72052050e-01 2.21165419e-01 6.53033972e-01 4.70793396e-01
    3.55167389e-02 6.55305684e-02 5.41427851e-01 2.72040129e-01
    4.25057203e-01 9.67409015e-01 4.65343833e-01 6.72559142e-02
    7.99146235e-01 4.30022597e-01 1.81311965e-01 2.41449296e-01
    2.68929780e-01 4.23443466e-01 8.53964806e-01 6.86491728e-01
    6.84876561e-01 1.72894299e-02 8.06524873e-01 4.43302125e-01
    9.37216759e-01 5.66616893e-01 6.54272318e-01 5.36427975e-01
    5.35991967e-01 2.21003681e-01 3.35731506e-02 5.86122155e-01
    5.02733350e-01 4.02130783e-01 9.84957933e-01 1.57856524e-01
    8.64695907e-01 9.12321806e-02 6.12917304e-01 9.68159258e-01
    9.50399637e-01 6.35037005e-01 3.72757673e-01 8.84443223e-02
    3.06477308e-01 9.24874902e-01 8.55099559e-01 3.45290244e-01
    3.47852409e-02 2.12548584e-01 1.29791886e-01 9.51315761e-02
    9.51287866e-01 4.78877723e-02 3.97282243e-02 4.35872674e-02
    3.65280449e-01 3.95743936e-01 6.58683777e-01 8.94834399e-01
    1.56971991e-01 8.06799650e-01 7.06541538e-01 5.13133109e-01
    6.60343409e-01 7.70806968e-02 6.67604387e-01 4.93527949e-01
    4.56344783e-01 9.72346365e-01 3.74241471e-02 5.22478640e-01
    9.15306091e-01 3.88941228e-01 4.28269863e-01 9.85107064e-01
    2.66870260e-01 4.38616574e-02 1.91407710e-01 3.10604095e-01
    9.01333153e-01 6.51817620e-01 6.22551918e-01 1.43583059e-01
    2.25584865e-01 1.73731387e-01 7.60730028e-01 2.59746671e-01
    4.14271533e-01 9.40628111e-01 5.61412096e-01 6.58782899e-01
    5.80949843e-01 5.38775921e-01 9.11076546e-01 7.19071686e-01
    4.11466032e-01 7.78378427e-01 5.75507402e-01 1.27184123e-01
    9.35130596e-01 4.81935889e-01 7.61806488e-01 3.62201035e-01
    9.22093451e-01 2.39689559e-01 8.51674795e-01 5.22831082e-01
    6.36975110e-01 7.98811615e-02 8.43461037e-01 5.03285408e-01
    5.47585487e-01 6.37783468e-01 3.22565436e-02 6.44850910e-01
    8.21794093e-01 4.68717158e-01 5.83352566e-01 8.32805514e-01
    7.77515173e-01 4.07890826e-01 8.61557126e-02 7.82786906e-01
    8.29199672e-01 9.52393293e-01 1.45592302e-01 8.21651101e-01
    4.28327322e-02 2.37348139e-01 3.64773154e-01 9.77511287e-01
    1.77901715e-01 3.61054361e-01 2.35027641e-01 2.84883797e-01
    4.45063531e-01 1.47226155e-02 6.22862756e-01 7.27117479e-01
    9.11983609e-01 1.86573863e-02 6.84530377e-01 6.93916082e-02
    6.42409921e-01 8.11420798e-01 8.71177971e-01 2.27998674e-01
    5.30615926e-01 3.13122541e-01 8.56274068e-01 7.49359608e-01
    5.89864790e-01 7.43306518e-01 4.86758918e-01 8.77427936e-01
    8.83388817e-02 8.43913019e-01 1.61178887e-01 1.68170571e-01
    1.50693864e-01 2.97685653e-01 7.42597580e-01 4.28215623e-01
    3.78172696e-02 1.33945644e-01 4.14917767e-01 1.10085338e-01
    4.63891923e-01 5.23027897e-01 9.43382025e-01 5.45811415e-01
    5.29365242e-01 2.81726956e-01 4.02702272e-01 7.77444839e-01
    6.93149745e-01 6.78130865e-01 3.08095753e-01 5.93887031e-01
    7.38154531e-01 8.37575614e-01 1.09118819e-01 7.75523901e-01
    6.56172872e-01 4.73944336e-01 2.19711661e-03 6.56709790e-01
    1.52242571e-01 5.92090845e-01 1.62779629e-01 7.25412428e-01
    2.02286750e-01 9.82021570e-01 7.61458874e-02 9.40267444e-01
    3.34594280e-01 7.48656273e-01 3.15099418e-01 2.57153988e-01
    8.52767527e-02 5.67682683e-02 4.75513339e-02 2.63905585e-01
    3.91490191e-01 2.57576585e-01 8.00363302e-01 3.70926261e-02
    3.58578682e-01 9.80903506e-02 7.08293617e-01 5.41266382e-01
    1.05873734e-01 5.81917644e-01 4.59301353e-01 4.00872320e-01
    4.52075303e-02 9.00738239e-02 8.04103017e-01 4.06941652e-01
    3.98532003e-01 6.68980658e-01 2.75123000e-01 3.53836179e-01
    9.68215644e-01 2.96855748e-01 5.82989156e-01 4.44632471e-01
    4.73271251e-01 5.05334973e-01 3.32972616e-01 8.29428792e-01
    6.36790872e-01 7.26080239e-01 9.80066299e-01 3.60075653e-01
    4.27533090e-01 3.43747318e-01 5.72254479e-01 9.06948805e-01
    8.54681969e-01 6.70985281e-02 4.36346591e-01 1.12741172e-01
    7.18992531e-01 5.74313402e-01 1.98328346e-01 6.57565713e-01
    8.86511564e-01 2.11851954e-01 3.14945906e-01 6.96236730e-01
    7.56075740e-01 9.76202846e-01 9.49437022e-01 7.31117249e-01
    6.98689342e-01 9.43238318e-01 1.34256244e-01 6.85533464e-01
    9.72715735e-01 8.52683604e-01 2.20924467e-01 2.72338808e-01
    1.21555030e-02 7.21142232e-01 2.65708357e-01 1.30765319e-01
    6.63588405e-01 5.47321796e-01 5.05318105e-01 3.32575262e-01
    5.04684031e-01 9.49284434e-01 6.42083704e-01 1.29679710e-01
    3.35412621e-01 7.57826269e-01 7.82158256e-01 4.14911181e-01
    5.58680594e-01 6.43397748e-01 4.51324165e-01 7.06757307e-01
    9.27033842e-01 3.16774815e-01 1.43472850e-01 7.42755949e-01
    6.82546675e-01 9.86417770e-01 2.23518163e-01 5.37781596e-01
    4.40313518e-02 5.98768950e-01 9.59848881e-01 9.15764689e-01
    5.19611478e-01 1.00890309e-01 7.45009720e-01 6.86557949e-01
    7.90137351e-01 5.10757089e-01 8.58317852e-01 2.17772275e-01
    2.35592782e-01 2.37390995e-02 2.68255174e-01 6.08007371e-01
    5.58266938e-01 2.10586786e-01 4.54092979e-01 2.18645036e-01
    5.79687119e-01 1.49855733e-01 2.10820377e-01 1.49366856e-01
    5.71896672e-01 6.48002923e-01 9.88414884e-03 5.73369682e-01
    5.41986704e-01 2.17814803e-01 8.01768899e-02 2.33865112e-01
    5.76949120e-02 6.74389899e-02 3.18175435e-01 2.92480648e-01
    6.98752701e-02 5.73193789e-01 9.48856592e-01 4.31690127e-01
    6.29189134e-01 4.59643006e-01 5.99918425e-01 9.42125916e-01
    5.01132548e-01 7.93166041e-01 6.96388841e-01 2.02542961e-01
    2.52873391e-01 4.00502264e-01 2.24869192e-01 8.53332877e-01
    6.28341913e-01 6.53122783e-01 8.56936753e-01 1.16430223e-02
    8.34779739e-01 6.06787443e-01 4.30145860e-02 8.04185748e-01
    3.74786019e-01 8.56460869e-01 7.42554069e-01 7.06308067e-01
    8.58064890e-01 5.74596345e-01 6.83012962e-01 5.05225718e-01
    9.16718721e-01 4.55823541e-01 2.30042249e-01 8.11198235e-01
    1.55948818e-01 7.31187761e-01 4.49557483e-01 9.92671251e-01
    8.13734233e-01 7.14363694e-01 9.23970282e-01 1.95309430e-01
    4.16096270e-01 8.74211788e-01 5.25441170e-02 4.99788523e-02
    1.23565793e-02 5.28324187e-01 9.73620772e-01 8.76460254e-01
    6.61545277e-01 3.17639768e-01 3.67548347e-01 7.51904249e-01
    5.48617244e-02 2.82061517e-01 2.96336859e-01 1.19367838e-01
    5.59878051e-01 2.82993495e-01 2.74073899e-01 5.50749779e-01
    5.40501952e-01 2.95607209e-01 8.60882401e-01 6.43444300e-01
    1.55471474e-01 6.86043620e-01 9.07765031e-02 5.60274422e-01
    8.90194178e-01 5.35744846e-01 2.54856348e-02 3.65228832e-01
    1.05039388e-01 4.99463737e-01 1.10955745e-01 8.67624402e-01
    2.82768697e-01 8.52837801e-01 3.16562295e-01 9.61468160e-01
    1.46526486e-01 8.75083208e-02 2.75417089e-01 1.70047581e-01
    6.80978298e-01 2.62811333e-01 4.09193873e-01 7.52416790e-01
    3.07576597e-01 5.69508374e-02 3.44019949e-01 3.94616246e-01
    7.45741129e-02 3.60803306e-01 7.97416866e-01 1.88716978e-01
    7.13179946e-01 7.63456702e-01 7.20309198e-01 9.18153763e-01
    3.67623866e-01 5.65868318e-01 9.15682912e-01 6.10587537e-01
    6.62613690e-01 9.87831950e-01 4.24038440e-01 5.30204475e-02
    4.10426348e-01 3.42104733e-01 5.73404431e-02 2.70570517e-02
    1.83266729e-01 3.31436336e-01 8.33557129e-01 1.08764768e-02
    3.06744039e-01 8.23317528e-01 7.06462085e-01 2.90034115e-01
    6.79592729e-01 9.16846633e-01 4.09126729e-01 4.91937935e-01
    7.32223630e-01 3.59659910e-01 8.40396762e-01 2.81482220e-01
    1.91073388e-01 6.35260940e-01 8.86948109e-01 4.33389544e-02
    7.54067898e-01 7.64448762e-01 7.74548888e-01 8.16871524e-01
    2.46799320e-01 8.97656083e-01 1.96297646e-01 3.43800247e-01
    8.57170105e-01 7.51351595e-01 8.56873453e-01 4.82866079e-01
    7.48455524e-01 4.21660542e-02 9.46417093e-01 5.46344101e-01
    1.35628670e-01 3.14823687e-01 1.51936561e-01 9.36198354e-01
    7.95803368e-01 2.92232960e-01 7.02118576e-01 3.68507087e-01
    4.87895072e-01 3.86119306e-01 9.79657054e-01 4.61240172e-01
    6.09696925e-01 1.75417602e-01 7.25621104e-01 2.64564455e-01
    5.87126136e-01 5.34190118e-01 9.61395502e-01 3.79035354e-01
    5.64985514e-01 9.25479293e-01 2.11809158e-01 1.80027187e-01
    4.51224297e-01 3.93294632e-01 7.61072159e-01 7.50106871e-01
    6.92727327e-01 2.39954740e-01 3.45547974e-01 5.97617745e-01
    4.66831416e-01 8.56699824e-01 7.49327421e-01 1.91098630e-01
    8.87158513e-03 3.62226784e-01 4.55528498e-03 8.78765941e-01
    2.18408197e-01 6.48642063e-01 2.79574901e-01 7.69343019e-01
    4.08472866e-01 3.94299656e-01 3.78977239e-01 2.96057314e-01
    1.28421932e-01 6.77143216e-01 6.40013099e-01 5.87401807e-01
    1.02856070e-01 3.68289351e-01 5.89538753e-01 7.60628223e-01
    4.81802702e-01 4.10807848e-01 7.65467703e-01 8.52900505e-01
    3.88870716e-01 5.60671687e-02 5.83705664e-01 6.71769559e-01
    4.37481850e-01 2.21228749e-01 4.58123982e-02 2.78624117e-01
    1.49421781e-01 7.95042515e-02 1.56143963e-01 3.16249371e-01
    3.30852687e-01 4.14683998e-01 4.29382324e-02 7.08483279e-01
    8.19025159e-01 9.81821656e-01 6.90340281e-01 9.84620035e-01
    2.80260324e-01 3.07323873e-01 5.71671486e-01 9.55270290e-01
    7.74890780e-01 1.11250639e-01 2.82079816e-01 6.09113872e-02
    3.48437577e-01 1.28387868e-01 4.33678627e-01 5.19960344e-01
    8.67941499e-01 8.44955623e-01 2.06941277e-01 9.02195334e-01
    9.13531542e-01 4.27503377e-01 2.97285616e-01 1.78007811e-01
    9.84025717e-01 8.82706642e-01 5.08654177e-01 8.93776894e-01
    1.01702690e-01 4.77005064e-01 8.61070514e-01 3.80417645e-01
    1.29378647e-01 7.33150065e-01 4.08266544e-01 4.86591905e-01
    6.49109781e-02 1.23884261e-01 1.67794883e-01 9.46287274e-01
    2.94371724e-01 7.74170458e-01 4.52221632e-02 5.43250203e-01
    1.96810633e-01 4.36895013e-01 1.48323148e-01 4.38143700e-01
    4.83239412e-01 5.49222350e-01 8.29114318e-01 5.45259535e-01
    7.83610582e-01 8.08454454e-02 7.69749165e-01 3.59465480e-02
    1.67954892e-01 9.49552655e-01 2.41749763e-01 5.82213283e-01
    9.54625010e-01 9.73490775e-01 5.97866654e-01 9.50962424e-01
    8.56549144e-01 6.43514931e-01 1.53928101e-02 1.28474206e-01
    9.18594658e-01 8.14174175e-01 6.70363188e-01 5.41590035e-01
    3.48071635e-01 1.21660352e-01 3.56316060e-01 3.16768289e-02
    1.52600706e-02 3.93453240e-01 2.47411370e-01 2.01687574e-01
    1.46636665e-02 9.92073536e-01 2.57995576e-01 8.31020594e-01
    4.97322649e-01 2.61848420e-01 2.03154206e-01 4.45714802e-01
    9.35553253e-01 1.29001737e-01 1.77409708e-01 9.54924166e-01
    9.17262435e-01 2.76534885e-01 3.42223376e-01 3.63233089e-01
    5.51607609e-01 2.47146904e-01 4.26986307e-01 8.29413414e-01
    9.09780979e-01 5.46559334e-01 7.77007937e-01 9.76425469e-01
    7.15721905e-01 7.69570589e-01 3.97148967e-01 6.58897996e-01
    9.09576416e-01 3.57365727e-01 6.05047107e-01 7.66657889e-01
    3.69303793e-01 4.96038735e-01 6.80283308e-02 6.03569388e-01
    5.91216207e-01 3.05063307e-01 5.40374756e-01 2.80937552e-03
    2.69419283e-01 1.33007348e-01 4.19505447e-01 7.38596201e-01
    4.81171817e-01 9.18174386e-01 9.57124829e-01 7.33099043e-01
    5.95541596e-01 8.42505872e-01 3.16112071e-01 1.84148163e-01
    2.25596011e-01 9.39155817e-01 9.86020863e-01 7.94689298e-01
    5.66768050e-01 7.61903226e-02 6.43234313e-01 6.23329580e-01
    9.43420291e-01 2.69681990e-01 3.01453233e-01 3.27280104e-01
    5.47393739e-01 1.29236698e-01 7.69600749e-01 2.73961484e-01
    2.22687513e-01 7.40235209e-01 1.42317563e-01 2.83246815e-01
    1.91600174e-01 1.50691956e-01 2.70268321e-03 5.59520066e-01
    9.95204568e-01 2.04015285e-01 2.85891294e-02 4.60054338e-01
    3.45033675e-01 3.52269411e-01 3.70069623e-01 7.20487654e-01
    7.92634189e-02 4.43747312e-01 4.72339958e-01 1.96362615e-01
    3.05301696e-01 1.30218267e-03 7.06610680e-01 1.69107795e-01
    2.63694465e-01 7.93399930e-01 9.78515565e-01 6.69316590e-01
    8.56611133e-01 1.78383887e-01 6.99766755e-01 2.34407157e-01
    8.62608790e-01 1.57111079e-01 8.03333044e-01 8.21483195e-01
    3.58494490e-01 5.40003955e-01 9.91399884e-02 3.57757300e-01
    7.64141738e-01 8.84207129e-01 5.60741425e-01 4.31192219e-01
    9.87253189e-02 6.05261147e-01 7.88418055e-01 4.15415883e-01
    2.49982357e-01 7.78321266e-01 5.43127954e-01 5.50441623e-01
    1.63583100e-01 6.41562819e-01 3.65607738e-01 3.62500757e-01
    1.24735534e-02 3.61784041e-01 7.02368021e-02 6.63651228e-02
    8.99887085e-01 5.95790744e-02 2.06783623e-01 7.40274131e-01
    5.12781560e-01 2.87345588e-01 8.27392042e-02 7.09640622e-01
    6.00577533e-01 8.36875200e-01 5.17157674e-01 9.27974224e-01
    8.65673900e-01 6.66787148e-01 4.37397689e-01 1.73558086e-01
    4.78648573e-01 4.78263974e-01 2.84768045e-01 1.94815367e-01
    2.47940212e-01 8.82791638e-01 5.43759108e-01 4.53225762e-01
    7.31705427e-02 7.86279798e-01 7.14562118e-01 5.06054640e-01
    5.11375844e-01 6.66495919e-01 3.27582479e-01 8.80244076e-01
    3.43454510e-01 4.41215962e-01 6.16513908e-01 2.17833281e-01
    4.24126387e-01 8.88393760e-01 6.74074411e-01 7.32773244e-01
    6.09489739e-01 9.74509358e-01 1.10802352e-02 5.18279016e-01
    4.40546244e-01 1.82504773e-01 2.91954368e-01 1.35559082e-01
    2.92835355e-01 5.42692304e-01 5.77222168e-01 7.90329218e-01
    1.40286982e-01 1.42490923e-01 5.89301348e-01 9.97976661e-01
    5.72115898e-01 5.85939169e-01 9.06000733e-01 8.26086164e-01
    5.67197025e-01 6.35053217e-01 4.55466509e-02 3.70449483e-01
    8.30790460e-01 6.66165829e-01 3.70071113e-01 4.26314294e-01
    1.43391728e-01 5.26176393e-01 1.46935076e-01 9.07260895e-01
    6.01688683e-01 5.12889743e-01 1.02123916e-02 8.50147128e-01
    6.08311594e-01 2.90625513e-01 2.59655386e-01 2.36589909e-01
    5.51328540e-01 5.06112158e-01 4.15012479e-01 7.01957643e-01
    3.80122453e-01 5.88354588e-01 6.06911540e-01 9.54197884e-01
    5.10175228e-01 9.90582347e-01 7.32831240e-01 5.64835548e-01
    9.27065909e-01 5.68440557e-02 6.92227602e-01 1.91404194e-01
    5.72237194e-01 9.84729469e-01 2.24029213e-01 3.19427550e-01
    3.96660537e-01 6.16499841e-01 8.91936898e-01 6.22648001e-02
    1.23428583e-01 1.34414166e-01 1.61502242e-01 7.98332214e-01
    9.95196700e-02 5.48401296e-01 6.09093070e-01 9.22101855e-01
    7.26519406e-01 1.88172370e-01 7.02480555e-01 6.11835063e-01
    6.83498383e-03 8.72944236e-01 6.65842533e-01 8.22899699e-01
    1.31893665e-01 4.59435642e-01 1.82526410e-01 8.29484403e-01
    5.47634363e-02 5.67031205e-02 2.62599349e-01 1.67814165e-01
    6.63529456e-01 1.52839899e-01 3.24379504e-02 9.42671895e-01
    4.97519553e-01 5.74718833e-01 4.04521585e-01 4.03782755e-01
    2.03463256e-01 2.01117486e-01 5.43035805e-01 7.49795735e-02
    7.77612925e-01 4.07372952e-01 7.08600700e-01 1.97805136e-01
    8.24865222e-01 6.54588044e-02 8.25764239e-01 7.72133172e-01
    5.14963210e-01 3.07293177e-01 7.70573139e-01 9.93839443e-01
    9.95993912e-01 3.53585601e-01 1.57266617e-01 6.15244746e-01
    7.82790065e-01 3.42862844e-01 3.12984049e-01 3.64735633e-01
    3.63891661e-01 9.97315764e-01 6.04836047e-01 9.80768979e-01
    4.74730730e-02 4.19333577e-01 6.26834452e-01 7.23959684e-01
    4.83256876e-02 4.58902121e-03 5.25600314e-02 8.63642573e-01
    8.63259554e-01 5.09984910e-01 2.97737420e-01 3.49236578e-01
    9.88473952e-01 3.49126101e-01 8.72566581e-01 5.32089055e-01
    7.97737777e-01 8.84580433e-01 6.15768254e-01 5.17504513e-02
    1.19598359e-01 3.90482575e-01 9.91625011e-01 3.23375463e-02
    6.66158557e-01 5.72359800e-01 3.83962095e-02 8.67084742e-01
    5.51795959e-01 5.57770789e-01 4.53061432e-01 6.22230768e-01
    8.55955899e-01 2.72564352e-01 4.90052104e-02 9.33705926e-01
    1.45544946e-01 7.16654837e-01 3.56986284e-01 3.47785532e-01
    1.41824186e-02 6.67754650e-01 8.29022169e-01 1.96703225e-01
    3.78449976e-01 2.16208726e-01 8.06411207e-02 1.88111305e-01
    3.14692914e-01 5.92804968e-01 1.46619618e-01 8.55699062e-01
    4.26647097e-01 2.39776731e-01 4.62544322e-01 6.10013127e-01
    3.83242220e-01 2.10367262e-01 8.40470612e-01 1.34511590e-02
    9.19467807e-01 5.95238566e-01 7.12386906e-01 4.07528102e-01
    7.66732693e-01 8.31150413e-01 7.27176309e-01 1.68290257e-01
    4.35413688e-01 3.43737006e-03 2.08108872e-01 2.67760992e-01
    3.46257865e-01 1.14536434e-01 6.65823519e-02 8.55287552e-01
    9.11958694e-01 8.82993400e-01 1.47447318e-01 1.09118283e-01
    5.73686361e-01 2.83196449e-01 6.58258080e-01 2.12001354e-01
    3.21775943e-01 1.99689209e-01 2.71682203e-01 7.17602968e-02
    4.26812738e-01 8.46991777e-01 9.36536014e-01 9.38628435e-01
    6.84326410e-01 3.82092714e-01 7.03178883e-01 9.49642599e-01
    2.92591155e-02 9.63432908e-01 1.53058767e-03 8.93161356e-01
    2.88619220e-01 9.71021295e-01 7.02553570e-01 9.87885118e-01
    2.69840032e-01 1.73970759e-01 1.54906362e-01 8.09234023e-01
    7.17673719e-01 3.49224687e-01 3.30277711e-01 9.56973076e-01
    4.26315308e-01 5.90697885e-01 1.40084505e-01 4.68770087e-01
    5.24955332e-01 5.10312319e-01 5.20259142e-04 5.46914756e-01
    4.84826535e-01 3.92542541e-01 4.52960342e-01 1.59922123e-01
    1.30529523e-01 3.68202448e-01 2.74554938e-01 4.14450347e-01
    4.98009145e-01 2.85365224e-01 7.54803419e-01 5.07665157e-01
    2.63214707e-01 6.03574038e-01 5.51260173e-01 7.64899313e-01
    9.78888333e-01 5.89100063e-01 3.43579143e-01 2.20040083e-02
    1.07213885e-01 1.64596438e-02 8.22146118e-01 1.53052092e-01
    4.17668462e-01 6.05930865e-01 2.75279522e-01 7.77217627e-01
    8.23257208e-01 9.08610225e-03 6.82891607e-01 5.86860299e-01
    4.09720510e-01 8.44947398e-02 2.95115709e-01 1.21039629e-01
    9.00263608e-01 2.32501328e-01 7.08547711e-01 4.24225152e-01
    9.79455531e-01 8.92227411e-01 3.31014842e-01 4.62066948e-01
    6.89544201e-01 9.54537213e-01 2.63940036e-01 7.78353274e-01
    9.72100377e-01 5.71495235e-01 6.12391591e-01 2.55249083e-01
    9.26861465e-01 4.09697592e-01 9.66492236e-01 2.84734070e-01
    8.67206573e-01 5.31163454e-01 7.09412575e-01 2.16968358e-01
    4.28367257e-01 8.31487179e-01 3.97399187e-01 2.54100263e-01
    6.80418372e-01 6.15143836e-01 5.16179383e-01 5.61336100e-01
    7.35891700e-01 2.48553783e-01 1.02926046e-01 2.74358839e-01
    9.90442634e-01 5.14462948e-01 8.86653781e-01 5.21414340e-01
    7.43466020e-01 3.14098716e-01 7.26483703e-01 6.44596517e-01
    8.38801503e-01 8.57740045e-02 8.35353732e-02 1.73041821e-02
    2.24340260e-02 2.87593961e-01 7.08909869e-01 6.48203909e-01
    1.25923991e-01 3.27802598e-01 3.34551811e-01 6.15069032e-01
    2.24574566e-01 7.25427270e-01 4.33993548e-01 7.74961412e-02
    9.21612501e-01 2.19495445e-01 1.61530524e-01 9.75717068e-01
    6.08408630e-01 5.45564115e-01 4.16094959e-02 1.94543600e-01
    8.62490833e-02 5.10313332e-01 6.34973168e-01 4.29972380e-01
    2.64180422e-01 1.33047402e-01 5.62700152e-01 5.88026166e-01
    5.39158821e-01 7.09931016e-01 2.87061393e-01 7.82952487e-01
    5.38842320e-01 5.74165165e-01 5.90137124e-01 4.25598174e-01
    5.08263230e-01 1.96890503e-01 9.81642604e-01 6.16841435e-01
    1.79769427e-01 2.87626565e-01 2.11884469e-01 7.41472423e-01
    7.01078415e-01 3.94300252e-01 6.83193982e-01 2.13152021e-01
    3.59828472e-01 8.06150675e-01 1.40052736e-02 9.56399024e-01
    2.84777403e-01 6.21963620e-01 7.74559975e-01 4.94301647e-01
    7.49074399e-01 9.96184587e-01 5.24376631e-02 2.78231293e-01
    1.38246119e-02 5.62141240e-01 2.88973242e-01 6.32164836e-01
    9.93841112e-01 8.54613781e-01 3.80173922e-02 9.00655985e-04
    1.24123037e-01 7.99237907e-01 9.98109818e-01 2.56296635e-01
    7.14581370e-01 3.02303493e-01 2.37893164e-01 4.44987535e-01
    4.54519868e-01 9.14514184e-01 7.32304871e-01 7.67812252e-01
    2.49092549e-01 3.54296774e-01 7.32972920e-01 4.72536772e-01
    4.60768580e-01 8.23843360e-01 7.75263190e-01 3.56750011e-01
    6.87889338e-01 8.01703095e-01 2.68882036e-01 2.40809172e-01
    4.41240579e-01 9.28574085e-01 4.19897109e-01 6.82830811e-03
    1.67709887e-01 9.59406018e-01 7.67920494e-01 7.89495587e-01
    6.59271359e-01 5.91713309e-01 1.13954633e-01 5.52993357e-01
    5.14045656e-01 9.51136470e-01 5.09737432e-02 9.94009256e-01
    4.83807892e-01 1.05812073e-01 5.92844665e-01 8.82593691e-01
    2.47679919e-01 3.51038903e-01 2.30210900e-01 1.26809597e-01
    1.74159408e-02 6.86435044e-01 5.53419709e-01 1.22940183e-01
    9.79200721e-01 4.85183477e-01 5.94077587e-01 8.65014195e-01
    4.56892222e-01 1.57566816e-01 3.84158731e-01 5.54577053e-01
    6.66294098e-01 3.68729353e-01 6.81225896e-01 2.49892473e-03
    7.26591647e-01 7.24075973e-01 2.24354416e-01 6.36637092e-01
    6.81910038e-01 4.26848382e-01 8.38877141e-01 8.41056108e-01
    3.00752521e-01 4.33049023e-01 2.45360434e-02 9.69747961e-01
    9.52423811e-01 5.98713815e-01 2.93334901e-01 8.97833347e-01
    2.88153976e-01 1.11956000e-01 3.29978049e-01 6.19709253e-01
    5.08349657e-01 7.92135298e-02 3.27123165e-01 8.70529354e-01
    4.85799611e-02 7.93567181e-01 6.73920691e-01 1.30179584e-01
    7.84870863e-01 1.60206676e-01 1.53768182e-01 2.30628401e-01
    6.78842425e-01 7.95278430e-01 7.16172874e-01 3.99713516e-01
    3.30268800e-01 5.05133688e-01 5.76084614e-01 8.47063899e-01
    1.11930430e-01 6.81050599e-01 3.68913502e-01 9.44291472e-01
    8.67745280e-01 8.29939246e-02 8.65861058e-01 5.09353578e-01
    6.38175786e-01 6.48482144e-02 8.86065066e-02 1.33345783e-01
    4.16375518e-01 8.63212049e-02 5.38080513e-01 8.94828081e-01
    3.42323959e-01 9.46261346e-01 3.63782406e-01 7.92844534e-01
    9.21445012e-01 4.76336837e-01 4.55220789e-01 4.42198515e-01
    7.02071011e-01 6.82905912e-01 3.83227080e-01 3.89391273e-01
    5.14166296e-01 3.06998014e-01 9.93401468e-01 5.07891476e-01
    2.52292752e-01 4.65023816e-02 5.83167851e-01 9.46175992e-01
    4.50980484e-01 4.89824980e-01 9.06885624e-01 8.28959823e-01
    5.27985513e-01 9.94540632e-01 5.54623842e-01 8.10454905e-01
    1.34258419e-01 6.23967350e-01 4.87881333e-01 5.01668870e-01
    3.62728357e-01 7.45108843e-01 4.64595348e-01 3.41681123e-01
    6.88209414e-01 9.12954807e-01 3.34447205e-01 2.94618905e-02
    6.27445996e-01 3.20608795e-01 3.68838280e-01 8.75035167e-01
    8.49685907e-01 5.40282547e-01 4.57777321e-01 1.97704256e-01
    7.23547459e-01 4.10227835e-01 5.84245324e-01 1.61676109e-01
    1.96735233e-01 6.04331493e-01 8.06438088e-01 5.31354666e-01
    9.02643204e-01 6.71938777e-01 1.23222560e-01 1.91152096e-04
    8.69312525e-01 2.75781155e-02 3.19281220e-01 6.37458861e-01
    8.69695544e-01 6.60204768e-01 4.98368889e-01 8.51266742e-01
    9.15679932e-01 5.98611236e-01 6.13413930e-01 9.85937119e-01
    2.28437245e-01 6.56667650e-02 6.86214983e-01 3.51825893e-01
    9.07636642e-01 2.12882012e-01 4.87766266e-02 7.34076977e-01
    4.40590054e-01 4.10364985e-01 5.36747634e-01 5.39350688e-01
    3.40537041e-01 8.02346528e-01 7.67760515e-01 9.75282550e-01
    7.59061575e-01 9.51002300e-01 5.70404410e-01 6.31695628e-01
    3.02152902e-01 2.51127511e-01 8.70416880e-01 8.33827257e-01
    1.30203962e-02 3.19185555e-01 7.03231633e-01 3.22531223e-01
    8.25769007e-02 8.48548532e-01 7.05987453e-01 2.12864280e-01
    6.44330621e-01 7.72310555e-01 3.31866562e-01 5.25892615e-01
    3.91610056e-01 5.36065280e-01 3.61466706e-01 7.84042597e-01
    8.42901945e-01 4.69175667e-01 1.54945105e-01 6.43047452e-01
    5.23370922e-01 7.20966816e-01 1.82494134e-01 9.43773150e-01
    5.13517618e-01 3.79458964e-02 2.75636315e-01 7.19531953e-01
    1.31256819e-01 6.30176067e-03 9.99781251e-01 8.87067378e-01
    9.42534924e-01 4.53190804e-01 9.99298811e-01 8.33604634e-02
    2.45158285e-01 6.10954046e-01 6.25511885e-01 2.89711297e-01
    4.80413169e-01 5.73865175e-01 3.98248255e-01 1.72272623e-02
    2.16698974e-01 7.35445857e-01 2.18875647e-01 2.62096524e-01
    4.96627003e-01 3.97785366e-01 7.69615769e-01 3.17827284e-01
    7.48440027e-02 8.04352224e-01 6.29204392e-01 3.90255809e-01
    7.44582295e-01 5.41358769e-01 1.69380605e-02 2.19777852e-01
    8.60540986e-01 3.76842141e-01 8.37780356e-01 2.79135466e-01
    6.36554599e-01 1.40607387e-01 6.58086598e-01 5.30542374e-01
    3.98305357e-01 6.04065239e-01 5.88462353e-01 5.53749323e-01
    8.91056657e-01 9.16364551e-01 5.92879951e-01 4.00150776e-01
    3.99814636e-01 3.27236354e-01 8.09882879e-01 6.82518542e-01
    1.51685089e-01 5.56557775e-01 7.54240513e-01 8.78544331e-01
    3.79073858e-01 5.86861908e-01 5.58842778e-01 2.77789533e-02
    5.36462069e-01 4.23680246e-02 8.72738004e-01 8.06087673e-01
    2.44503826e-01 9.74663615e-01 2.11194575e-01 1.42633140e-01
    4.42843109e-01 9.40491438e-01 3.10780883e-01 4.48689073e-01
    9.51023519e-01 5.37262201e-01 3.23214233e-02 7.63887107e-01
    7.40313172e-01 3.25115621e-01 5.05452394e-01 7.29492426e-01
    6.82405233e-02 4.55046922e-01 1.15884900e-01 2.58040965e-01
    5.92444897e-01 6.58687949e-03 1.87763274e-02 6.01437151e-01
    1.52030051e-01 7.95169115e-01 8.31939042e-01 3.65824044e-01
    4.08362031e-01 5.20332396e-01 9.05058622e-01 3.15295160e-02
    4.10014570e-01 2.57163316e-01 3.23174596e-01 9.64242995e-01
    1.54533356e-01 5.48220992e-01 4.14487958e-01 1.83150440e-01
    2.65784413e-01 7.34698951e-01 7.45298028e-01 9.93338108e-01
    1.21180117e-01 8.76747847e-01 7.73814261e-01 1.95897520e-01
    8.10644150e-01 2.36326516e-01 8.27102363e-01 7.60833144e-01
    6.99490309e-01 5.60134768e-01 5.22399843e-01 6.61791861e-01
    6.80775464e-01 9.57599759e-01 3.56690586e-01 1.21680617e-01
    5.82648754e-01 1.11952007e-01 6.02730691e-01 7.08133340e-01
    2.19535142e-01 4.24560010e-02 6.66277289e-01 8.04704130e-02
    7.56472588e-01 9.35619712e-01 8.12046289e-01 5.50302804e-01
    4.19948757e-01 6.44625008e-01 5.61608911e-01 5.72336853e-01
    8.52698624e-01 9.57912147e-01 3.40830624e-01 6.33743942e-01
    4.22544539e-01 3.15492094e-01 6.16008997e-01 1.20108634e-01
    8.36518764e-01 9.19966996e-01 5.06928563e-01 2.48659670e-01
    5.37135959e-01 4.05094326e-01 2.40732133e-01 9.07302737e-01
    7.21307576e-01 9.28690791e-01 7.09311426e-01 4.76727575e-01
    8.77440929e-01 8.44514370e-01 1.06408030e-01 8.62476707e-01
    3.96941721e-01 3.85028720e-02 1.19176507e-01 1.97086155e-01
    1.54992610e-01 6.29507244e-01 5.53767085e-02 1.99069202e-01
    7.27984548e-01 4.36074495e-01 2.84861356e-01 3.24568331e-01
    8.27538788e-01 2.19445229e-02 5.89228451e-01 9.09461021e-01
    1.98468775e-01 6.42692327e-01 4.81927335e-01 1.90509349e-01
    7.13558435e-01 2.64702559e-01 7.94281900e-01 9.44930553e-01
    6.78723931e-01 8.23982000e-01 6.71503723e-01 5.05082428e-01
    6.96173429e-01 8.92464161e-01 2.37069815e-01 5.12761176e-01
    1.17813468e-01 8.79522562e-01 9.72770810e-01 8.27119112e-01
    2.90894568e-01 8.86105418e-01 4.29775864e-01 9.43490267e-01
    6.23480678e-01 4.27980363e-01 8.40157032e-01 5.41793287e-01
    5.73780954e-01 1.10099018e-01 3.53771269e-01 4.38926041e-01
    4.08134162e-01 8.17073882e-01 8.77073407e-01 3.83770585e-01
    1.81198239e-01 5.25395811e-01 3.06029648e-01 2.59257525e-01
    7.01693654e-01 3.75918150e-02 9.84103560e-01 6.69061542e-01
    4.83514398e-01 7.81041384e-03 5.92469037e-01 8.94534826e-01
    5.13746142e-01 6.33731186e-02 5.13455272e-01 9.75429177e-01
    8.06377769e-01 7.44290471e-01 7.32198477e-01 7.51681268e-01
    8.12791586e-01 1.80798769e-03 3.75143051e-01 8.38452339e-01
    8.07494819e-01 6.38346970e-01 2.63444155e-01 3.90331447e-02
    6.84836268e-01 4.02156889e-01 4.00541902e-01 4.21946436e-01
    8.00814867e-01 1.68832779e-01 9.03728485e-01 7.40566134e-01
    8.11006069e-01 2.50134885e-01 6.00675702e-01 2.27614462e-01
    9.94713783e-01 1.61431432e-01 5.98343074e-01 9.96776104e-01
    1.34615958e-01 6.39744461e-01 9.54975128e-01 9.94819403e-03
    2.57028461e-01 9.99529123e-01 4.54359591e-01 1.88934535e-01
    5.33649921e-01 4.99835521e-01 5.40607572e-01 5.47325075e-01
    6.44948006e-01 3.38647574e-01 7.96368062e-01 3.41198176e-01
    5.45763135e-01 5.66423535e-01 1.97580218e-01 1.08059287e-01
    6.37514591e-01 3.28930795e-01 1.93953812e-01 4.18519974e-02
    4.14079189e-01 1.00446761e-01 7.26256192e-01 9.98151481e-01
    6.84687674e-01 6.57369971e-01 2.86670625e-01 7.86241889e-03
    4.67869848e-01 5.71996212e-01 6.68465972e-01 9.22880828e-01
    3.27098370e-03 1.88723147e-01 2.37086326e-01 4.47857678e-01
    1.62357926e-01 4.47300673e-01 8.89708638e-01 9.80560362e-01
    1.29628688e-01 6.53222620e-01 6.31126583e-01 8.34300995e-01
    8.38767231e-01 3.81402880e-01 5.28641999e-01 3.47855687e-01
    8.55283082e-01 4.36652005e-01 1.21047080e-01 2.58676231e-01
    4.81667370e-01 4.33484912e-01 7.50721753e-01 7.89022446e-01
    2.14937627e-01 6.93214059e-01 5.72297215e-01 1.42654806e-01
    8.27030718e-01 8.97414744e-01 3.61203134e-01 8.60559821e-01
    9.62751508e-02 4.81352061e-01 2.65369654e-01 6.67166710e-02
    3.85742784e-02 7.93094575e-01 8.58015358e-01 5.04683673e-01
    8.54055226e-01 7.65061677e-02 9.79201674e-01 2.47081935e-01
    6.21111274e-01 3.81334066e-01 5.80778480e-01 9.51877236e-01
    2.17692256e-02 8.65653992e-01 4.18405294e-01 2.81728923e-01
    4.97016996e-01 1.32723361e-01 1.38329118e-01 3.60570937e-01
    6.00895584e-01 1.79645717e-02 2.25407571e-01 9.60353911e-02
    4.48495001e-01 2.98748910e-01 8.53189528e-02 7.35198200e-01
    4.48928565e-01 2.99907923e-01 9.74171758e-02 1.08059883e-01
    8.05122733e-01 6.62123680e-01 7.99749374e-01 5.25535703e-01
    5.79127431e-01 8.87723386e-01 4.31947082e-01 5.41342258e-01
    6.14390731e-01 4.68608320e-01 9.54069436e-01 8.17640960e-01
    2.86081433e-02 8.60053003e-01 5.07184684e-01 2.36608893e-01
    8.34572673e-01 4.27298278e-01 4.54291552e-01 6.58517241e-01
    4.14543003e-01 8.01878810e-01 4.32453156e-01 3.53718400e-01
    2.77995169e-01 5.55148125e-02 3.44925463e-01 5.53627729e-01
    2.98501402e-01 3.99318814e-01 7.09786594e-01 6.27914429e-01
    2.69150496e-01 3.74563634e-01 7.64425874e-01 1.10243559e-01
    5.87009549e-01 4.34625685e-01 4.33214039e-01 5.56519926e-01
    3.14233661e-01 7.89731503e-01 1.76542610e-01 3.20137560e-01
    3.42841148e-02 9.02310848e-01 2.41801679e-01 9.88348007e-01
    6.35031104e-01 6.26123548e-01 3.87303829e-01 1.00302905e-01
    1.66271418e-01 9.61459398e-01 5.43626904e-01 4.31876838e-01
    1.02385432e-01 7.35652804e-01 3.12616467e-01 9.17886317e-01
    2.42007047e-01 7.32686460e-01 7.67856419e-01 6.95127547e-01
    9.99647975e-01 8.20816517e-01 2.09784746e-01 6.96008265e-01
    5.55316687e-01 4.64866161e-02 5.37583649e-01 2.45160967e-01
    6.47887468e-01 2.33637393e-01 7.85522223e-01 2.65291512e-01
    8.72028351e-01 5.23393631e-01 1.89657301e-01 9.06331301e-01
    4.46967602e-01 2.36196011e-01 2.21566528e-01 2.99842596e-01
    2.28684425e-01 7.32283473e-01 4.24548030e-01 1.27828062e-01
    9.74237919e-04 1.50086373e-01 7.26098418e-01 7.88692057e-01
    6.22545004e-01 5.87090552e-01 9.47871804e-02 8.83322060e-01
    9.82584000e-01 8.65140915e-01 6.07627332e-02 8.72916698e-01
    7.49937594e-01 7.23544419e-01 8.92589927e-01 4.41552371e-01
    6.92014575e-01 6.55931830e-01 7.76320636e-01 5.57280421e-01
    8.96607578e-01 6.37490034e-01 4.39740121e-01 9.88032103e-01
    5.47598422e-01 6.25480950e-01 4.16465402e-01 4.67985243e-01
    6.05988681e-01 2.30348140e-01 9.01292264e-02 1.33120924e-01
    4.80199099e-01 6.02354884e-01 5.18233955e-01 6.10577941e-01
    4.44419473e-01 2.27432609e-01 9.76478517e-01 8.53369236e-01
    6.24411702e-02 2.04033464e-01 6.75205529e-01 9.00866389e-01
    4.38419878e-02 9.16204751e-01 6.71865344e-01 9.07361865e-01
    3.68499398e-01 3.51538241e-01 4.44660425e-01 5.26972353e-01
    9.85413671e-01 8.28546703e-01 5.64317405e-02 6.25513196e-02
    5.20691276e-03 4.56012189e-02 1.67474568e-01 8.77893150e-01
    3.19885015e-02 2.17795461e-01 2.37811387e-01 1.01931334e-01
    9.26099300e-01 3.20688426e-01 6.70661867e-01 4.51479435e-01
    9.85727191e-01 8.71926546e-03 6.21230900e-01 2.78392673e-01
    1.98101491e-01 1.96748942e-01 4.07767087e-01 4.02882904e-01
    2.29200721e-02 7.27913558e-01 3.08515042e-01 1.78369910e-01
    2.25367308e-01 9.04247999e-01 5.60219347e-01 1.96874201e-01
    4.04251158e-01 8.66964042e-01 7.98848569e-02 5.41127801e-01
    9.65026915e-01 1.38278604e-01 5.65391362e-01 7.82302737e-01
    6.38060391e-01 2.39530206e-01 6.04366004e-01 3.62626463e-01
    2.00612843e-01 9.24638391e-01 1.28793597e-01 2.58406192e-01
    7.14212298e-01 8.61185670e-01 4.11202282e-01 6.28274918e-01
    4.93775666e-01 7.14371800e-02 4.67843086e-01 5.19581556e-01
    6.40717328e-01 2.54019409e-01 7.69022107e-01 4.89865154e-01
    1.02378905e-01 4.04592693e-01 2.47622818e-01 7.42521107e-01
    4.91853327e-01 1.87931776e-01 9.57577169e-01 3.09034526e-01
    7.96505451e-01 4.03318942e-01 5.42704582e-01 8.79984796e-02
    6.29060984e-01 3.86012733e-01 4.60769832e-01 6.07200980e-01
    5.30631840e-01 9.61988866e-02 6.24073982e-01 5.04435897e-01
    9.04236734e-02 2.03380048e-01 3.94132495e-01 6.50168598e-01
    4.37474906e-01 7.80265987e-01 6.92895889e-01 7.47570992e-02
    5.24083436e-01 2.52298772e-01 4.95600343e-01 6.68626428e-01
    8.27329934e-01 3.24490905e-01 8.36527824e-01 6.38326287e-01
    6.91789985e-02 1.78711116e-01 9.53665972e-01 3.43085766e-01
    4.30410445e-01 9.65142667e-01 9.30735767e-02 6.70385361e-01
    1.67360246e-01 9.09874916e-01 7.04686880e-01 6.55106425e-01
    8.96475673e-01 2.96703160e-01 4.01778132e-01 5.26888847e-01
    5.93694806e-01 6.03331566e-01 7.31186390e-01 4.34747308e-01
    6.58208668e-01 6.08239174e-02 7.78850913e-01 8.19021583e-01
    1.33862644e-01 2.63421983e-01 8.03504288e-01 2.62691855e-01
    6.29817307e-01 3.22647542e-01 5.73867261e-01 1.26084894e-01
    9.35864925e-01 5.42747855e-01 7.59299159e-01 7.11470842e-03
    9.35868442e-01 4.32421058e-01 1.78658932e-01 4.66526717e-01
    5.72346747e-02 9.26116228e-01 9.88828540e-01 3.04824054e-01
    5.55755258e-01 5.72935939e-02 9.80127752e-01 6.01256847e-01
    5.34823954e-01 4.02656138e-01 2.86453009e-01 2.73277164e-01
    7.59291947e-01 8.42829883e-01 4.26552504e-01 9.58513916e-02
    3.78534347e-01 5.72289944e-01 1.12887621e-01 2.17556655e-01
    6.49689376e-01 6.74400151e-01 6.01204157e-01 5.06978512e-01
    5.81254125e-01 6.92140818e-01 7.02578247e-01 3.16754282e-01
    7.77317524e-01 3.30584794e-01 6.99109197e-01 8.67249131e-01
    7.84837246e-01 9.20923352e-01 2.82501221e-01 4.45462018e-01
    5.25491774e-01 1.44385070e-01 8.99881721e-01 5.78244269e-01
    1.25223845e-01 5.83858371e-01 3.75300407e-01 2.91299015e-01
    6.93933845e-01 6.60680711e-01 2.67880857e-01 2.15394497e-02
    6.85226321e-01 3.78980815e-01 7.06349194e-01 1.39613092e-01
    3.04192424e-01 4.99704272e-01 5.15254498e-01 7.53469586e-01
    1.03212059e-01 5.61300337e-01 9.21860933e-01 5.57404995e-01
    7.77721286e-01 1.75102949e-01 8.42506409e-01 8.97926927e-01
    7.42188692e-01 3.49363625e-01 4.93614912e-01 6.17369890e-01
    9.45206881e-01 4.10667658e-02 2.86274195e-01 8.94424021e-01
    3.72765660e-01 6.41508698e-01 3.77749413e-01 2.69824803e-01
    4.69988942e-01 8.32535744e-01 9.47609901e-01 2.07007974e-01
    1.01980895e-01 5.67110717e-01 2.81089365e-01 5.67387104e-01
    2.49646306e-02 9.59104657e-01 1.60076827e-01 9.77875948e-01
    8.86484921e-01 4.14408535e-01 1.21975780e-01 3.83399338e-01
    7.86525607e-01 7.72211909e-01 5.93355894e-01 2.34604388e-01
    9.62454438e-01 5.50486982e-01 1.19389474e-01 4.15724993e-01
    2.86892056e-01 1.75081640e-01 4.84371990e-01 1.90173894e-01
    2.85359979e-01 4.26794380e-01 9.46214199e-02 1.08186394e-01
    9.50276017e-01 5.06662071e-01 2.65862077e-01 1.33262247e-01
    5.70992529e-02 7.09346592e-01 9.02160585e-01 4.71654296e-01
    5.29812932e-01 3.63057047e-01 2.80167103e-01 2.36433417e-01
    3.32298666e-01 6.86670482e-01 4.76427615e-01 9.34907436e-01
    5.34768403e-02 3.32525969e-01 8.43644679e-01 9.85245049e-01
    5.75276315e-02 4.34736609e-02 2.21805573e-02 5.26269794e-01
    1.44168556e-01 2.32666403e-01 2.33446270e-01 3.15752178e-01
    4.94849145e-01 7.39213824e-02 1.17713213e-01 4.06378090e-01
    3.56763422e-01 6.17333353e-01 8.77905786e-01 5.97083628e-01
    4.04942244e-01 8.98854613e-01 4.65527624e-01 3.40612411e-01
    7.36390352e-01 5.56891084e-01 5.03583193e-01 1.49351567e-01
    4.22920585e-02 3.18497270e-01 2.80776024e-02 2.91471362e-01
    2.74699271e-01 1.57062948e-01 4.74581450e-01 8.94472003e-01
    7.87187696e-01 9.67267752e-01 3.02244365e-01 7.14485049e-02
    9.62994099e-01 2.98483908e-01 3.68496716e-01 4.05560136e-01
    5.95202863e-01 1.84625685e-02 3.53723675e-01 8.18528056e-01
    3.36503088e-01 5.51745594e-02 8.27581048e-01 7.99157917e-01
    7.90080369e-01 6.67337239e-01 5.41944504e-01 9.12436724e-01
    4.01918501e-01 8.35932791e-02 5.51320016e-02 1.26162797e-01
    6.58852816e-01 3.26961279e-01 4.52334940e-01 5.26514113e-01
    9.82584596e-01 8.47005546e-02 8.90477777e-01 6.02960825e-01
    5.53366780e-01 4.44000304e-01 6.78049862e-01 7.49032021e-01
    7.44190812e-03 6.69517040e-01 2.18104869e-01 1.41126871e-01
    8.89997840e-01 2.40643948e-01 4.70601469e-01 8.61763656e-01
    8.65879178e-01 7.95364976e-02 5.64265013e-01 1.91207141e-01
    1.70963019e-01 9.53663111e-01 8.18602204e-01 7.30212212e-01
    6.31843209e-01 8.66138577e-01 2.24083215e-01 2.92932808e-01
    8.54995966e-01 6.41991019e-01 3.75917733e-01 6.71842456e-01
    4.79483366e-01 5.45984507e-03 8.89036179e-01 9.78683949e-01
    6.08811796e-01 6.52595758e-01 6.11746132e-01 8.05732131e-01
    1.77202821e-01 5.38603663e-02 3.85291189e-01 7.92947292e-01
    9.97632146e-01 8.24202180e-01 2.68102527e-01 9.96034503e-01
    8.46184492e-01 1.44180626e-01 6.53283954e-01 7.90802419e-01
    7.99793482e-01 8.71314347e-01 4.63005215e-01 2.20835328e-01
    2.58609951e-02 8.35986972e-01 1.51975006e-01 7.84724653e-01
    1.36799484e-01 7.97429562e-01 7.27444291e-02 5.27226031e-02
    2.10378021e-01 3.96356672e-01 8.88192236e-01 2.78768539e-01
    7.31428266e-01 8.07446003e-01 4.11650240e-01 6.32314682e-01
    4.13998246e-01 7.59263098e-01 4.42649484e-01 9.21838164e-01
    1.00180328e-01 4.25775766e-01 9.23554301e-01 2.77417362e-01
    2.93266237e-01 5.23703218e-01 7.20902205e-01 3.20784211e-01
    5.23605466e-01 3.11381012e-01 9.33230400e-01 3.46008539e-01
    8.18304062e-01 5.91303349e-01 7.86972165e-01 6.42560661e-01
    6.12053394e-01 4.74817902e-01 1.00728005e-01 8.97876740e-01
    1.72759205e-01 1.54690355e-01 9.19819474e-02 9.37080383e-02
    1.22285843e-01 4.76170242e-01 1.60547793e-02 1.10549390e-01
    4.42178160e-01 6.28376722e-01 7.96489239e-01 1.22845232e-01
    1.72539026e-01 5.98969996e-01 1.35552466e-01 3.50668281e-01
    9.98991847e-01 6.11062050e-01 1.70133471e-01 7.12363422e-01
    5.60070872e-01 5.88219702e-01 6.02786124e-01 5.64395905e-01
    2.52745450e-01 3.29906464e-01 9.88326669e-01 8.64574790e-01
    7.63929963e-01 9.08095241e-02 5.25514185e-02 5.00777364e-01
    2.40557402e-01 8.42634201e-01 7.90153444e-01 3.64701629e-01
    4.76461619e-01 4.88313377e-01 5.75465679e-01 3.10447156e-01
    4.80631024e-01 3.46526384e-01 9.95315790e-01 6.31990910e-01
    2.29403615e-01 8.67206812e-01 3.77080053e-01 2.48979509e-01
    8.78439069e-01 4.53736782e-02 4.19578791e-01 7.57489741e-01
    4.93128210e-01 8.59671414e-01 6.38562560e-01 9.63104606e-01
    2.68085837e-01 9.21803355e-01 1.79524422e-01 9.55889702e-01
    1.70980990e-01 6.82532609e-01 9.04333830e-01 5.23741066e-01
    1.46270871e-01 8.70372772e-01 2.32854784e-02 4.54598844e-01
    2.80002475e-01 6.21983290e-01 6.94887161e-01 2.84405947e-02
    4.19293106e-01 8.47332001e-01 6.82350039e-01 8.44699383e-01
    2.69724786e-01 5.02898574e-01 9.41473484e-01 4.91827220e-01
    2.00647414e-02 8.15071285e-01 5.59283257e-01 5.92864275e-01
    3.56400251e-01 1.70728326e-01 6.85442567e-01 7.15341389e-01
    8.69479537e-01 2.94200271e-01 4.66006964e-01 4.47648466e-01
    5.95078588e-01 1.49014294e-02 5.54954112e-01 9.30447817e-01
    4.80810076e-01 6.62221670e-01 4.85253155e-01 7.69189239e-01
    2.71634609e-01 7.30419874e-01 4.83928502e-01 6.97157145e-01
    6.79426551e-01 6.84163690e-01 1.40235394e-01 5.55077612e-01
    4.55541044e-01 9.60603595e-01 1.33320242e-01 1.33623123e-01
    2.95101106e-01 8.70192766e-01 9.24403369e-02 7.20990181e-01
    1.25248879e-01 8.09219241e-01 6.17996931e-01 1.46346271e-01
    6.04680061e-01 3.55069518e-01 8.19265366e-01 6.04934692e-02
    3.64511907e-01 4.31646585e-01 1.58832937e-01 1.98351920e-01
    9.69783902e-01 8.08060169e-04 7.35415936e-01 2.06678808e-02
    5.96886694e-01 2.76211798e-01 8.89498234e-01 1.93081051e-01
    4.54353780e-01 5.36633313e-01 8.26428413e-01 3.83361191e-01
    5.48892975e-01 8.31946850e-01 5.32305777e-01 3.53500903e-01
    1.94741845e-01 1.43291950e-02 9.74697471e-01 4.15631533e-01
    5.27409315e-02 4.99711871e-01 9.62181985e-01 8.22901368e-01
    9.25567806e-01 6.99711740e-01 2.70837814e-01 1.65051192e-01
    8.82746339e-01 3.80044281e-02 4.78932559e-01 2.72656113e-01
    1.45125389e-01 8.82774353e-01 7.92035103e-01 4.37811583e-01
    7.25799441e-01 1.99604630e-02 6.43754661e-01 4.96606976e-01
    5.73285043e-01 1.15429461e-01 6.64078772e-01 6.96298957e-01
    1.43317759e-01 2.98242688e-01 1.79894507e-01 5.79700887e-01
    6.99363053e-01 8.09118330e-01 3.44246805e-01 5.39457798e-01
    2.81686634e-01 1.49991930e-01 2.44949937e-01 5.97035468e-01
    3.92562836e-01 2.37327069e-01 3.28306556e-01 5.80512345e-01
    9.81555939e-01 3.34618837e-01 3.77313584e-01 1.81887925e-01
    1.01288110e-01 5.48565686e-02 3.86735708e-01 9.55178022e-01
    5.19054234e-01 1.91436589e-01 9.17041540e-01 9.51956213e-02
    5.84536791e-01 9.77579236e-01 2.97946036e-01 7.49824047e-01
    8.72201204e-01 5.26837051e-01 9.42389965e-01 5.90806067e-01
    3.16757470e-01 5.22119462e-01 7.82872260e-01 5.20780504e-01
    3.89153957e-02 1.55498296e-01 6.41851783e-01 6.57798827e-01
    1.24253511e-01 6.86444461e-01 2.34184146e-01 8.89283180e-01
    7.29703486e-01 3.62382591e-01 1.25304520e-01 4.77572560e-01
    4.51303780e-01 9.53900218e-01 6.39049768e-01 1.57166570e-01
    2.58849263e-01 8.59667957e-01 5.65097690e-01 2.92587101e-01
    7.14154184e-01 9.05452132e-01 6.29580736e-01 7.75869906e-01
    8.09194565e-01 8.04364085e-01 6.82791173e-02 9.72330213e-01
    1.95435196e-01 2.73531675e-01 5.18273354e-01 4.43119794e-01
    8.70041490e-01 7.86960959e-01 7.57468343e-01 6.54370785e-01
    9.40077603e-02 6.26749456e-01 4.17323530e-01 6.61872327e-01
    3.32113683e-01 7.47393966e-01 5.09780347e-01 3.74186099e-01
    4.86884177e-01 7.12979734e-02 8.45315456e-01 8.27252030e-01
    8.47788751e-02 5.46348691e-01 1.85304552e-01 1.41960591e-01
    9.62113380e-01 4.19430822e-01 4.81279135e-01 9.36891079e-01
    2.36334652e-01 3.24980617e-01 4.95651007e-01 5.97672701e-01
    4.15636092e-01 5.69015682e-01 7.06186235e-01 6.97555542e-02
    8.44164729e-01 6.00572824e-01 5.53272426e-01 8.74696016e-01
    2.41783112e-01 8.03675354e-01 5.34850478e-01 2.20780075e-02
    4.53331769e-01 1.45367116e-01 8.54521990e-01 6.59323812e-01
    7.59120226e-01 1.74113333e-01 9.61682320e-01 8.34063649e-01
    9.81686711e-01 6.10468984e-01 3.90419275e-01 8.75218034e-01
    6.97668016e-01 1.00002766e-01 8.03843796e-01 3.40309709e-01
    5.68825901e-02 1.39285028e-01 9.40933824e-03 5.25730252e-02
    8.75146687e-01 8.10956955e-02 6.52380586e-02 4.94537890e-01
    1.70303136e-01 1.94924533e-01 6.23433650e-01 3.39761496e-01
    1.71198130e-01 2.61368215e-01 9.96262312e-01 5.20281196e-01
    9.64854360e-01 3.62919658e-01 8.21173251e-01 6.58806980e-01
    1.39936805e-02 5.04940867e-01 8.62926841e-02 2.06888795e-01
    6.96092188e-01 3.64001036e-01 6.72415197e-01 7.96899199e-01
    3.79546762e-01 7.63896346e-01 5.41966856e-01 1.95719510e-01
    3.86799276e-01 9.80774879e-01 5.93864441e-01 2.72296637e-01
    2.54521608e-01 1.84777170e-01 8.36915016e-01 4.59511161e-01
    1.87345773e-01 8.09969068e-01 4.62514132e-01 6.60174727e-01
    3.67173791e-01 1.03508353e-01 5.15514076e-01 4.79591012e-01
    1.79848433e-01 5.06996930e-01 5.01563847e-01 4.96326655e-01
    8.58395934e-01 2.66127884e-01 7.60875285e-01 4.56480622e-01
    2.21823305e-01 8.00638676e-01 3.60657007e-01 6.03022933e-01
    6.50288880e-01 3.36551666e-03 6.24526739e-01 7.99781144e-01
    8.21910799e-01 2.16832012e-01 5.04492164e-01 6.13627672e-01
    6.87617004e-01 5.92965245e-01 7.50743449e-02 7.00291097e-01
    8.93157840e-01 5.98453045e-01 4.45322305e-01 1.12724245e-01
    9.54311967e-01 1.58170283e-01 2.29523331e-01 1.48271948e-01
    3.03459197e-01 1.40699953e-01 7.14844584e-01 1.92450166e-01
    6.60970926e-01 3.09598178e-01 4.51415181e-02 1.13510072e-01
    7.16910720e-01 1.12344503e-01 9.68031049e-01 4.09790158e-01
    2.36103088e-01 4.73536253e-01 1.26520693e-01 8.70507240e-01
    9.59655762e-01 2.14400023e-01 6.46921217e-01 5.15288115e-03
    1.88655704e-01 5.28133929e-01 9.08656776e-01 2.35698700e-01
    5.65927565e-01 6.32540584e-01 8.63290668e-01 2.04566419e-01
    3.80657434e-01 7.57612526e-01 5.47263026e-03 9.96795058e-01
    5.14065087e-01 7.33317018e-01 1.14173383e-01 1.89890862e-01
    1.43907428e-01 8.47624958e-01 3.04867625e-01 7.82119274e-01
    8.93278837e-01 5.60150385e-01 2.81328797e-01 2.49684393e-01
    2.04847455e-01 3.64179492e-01 6.97378516e-02 8.19754720e-01
    7.40370154e-01 6.65679932e-01 1.60130560e-02 8.19429874e-01
    8.22590232e-01 3.53787810e-01 6.27571762e-01 9.88739967e-01
    5.29250324e-01 6.92261159e-01 2.14856863e-02 8.78206909e-01
    6.16073191e-01 5.46975374e-01 8.95321548e-01 9.14353728e-02
    1.82854950e-01 2.38915443e-01 8.18898499e-01 2.13838756e-01
    2.91109681e-02 9.83094871e-02 7.67691135e-01 6.84705317e-01
    5.12979090e-01 4.02641118e-01 9.58330870e-01 4.84710306e-01
    8.42688143e-01 6.57836556e-01 9.00201917e-01 9.67762887e-01
    3.22180957e-01 1.95661873e-01 9.20027912e-01 4.23614442e-01
    9.80450153e-01 7.20531642e-02 8.43585372e-01 5.44744194e-01
    2.47368306e-01 5.94648123e-02 8.54739189e-01 2.77153492e-01
    7.15956271e-01 4.34610397e-01 9.25115228e-01 3.83141577e-01
    2.51909435e-01 3.49060893e-02 5.33405185e-01 8.98463488e-01
    2.26932347e-01 2.38008976e-01 1.34569556e-01 8.09710264e-01
    3.95410985e-01 4.82453644e-01 8.48993540e-01 6.80813730e-01
    1.31803542e-01 7.92197466e-01 1.24276668e-01 3.14130396e-01
    1.54047191e-01 3.88454705e-01 9.48974073e-01 7.99412608e-01
    4.95183796e-01 7.80247629e-01 5.17478228e-01 7.96733141e-01
    8.20482492e-01 7.05325961e-01 4.81052309e-01 1.05511636e-01
    8.08550119e-01 2.28437424e-01 8.47110331e-01 9.30289149e-01
    6.97593331e-01 3.00063372e-01 3.62177283e-01 9.24217522e-01
    2.53634244e-01 1.11494124e-01 8.79501700e-01 8.89182091e-02
    5.31905293e-01 3.57711613e-02 2.68184394e-01 8.91605675e-01
    8.44265938e-01 2.84341604e-01 5.93355596e-02 1.11305505e-01
    8.71290684e-01 8.89203548e-01 2.43786097e-01 4.27210540e-01
    4.07553315e-01 4.53962088e-02 1.34338707e-01 2.54552245e-01
    1.35581523e-01 8.44564795e-01 6.47500336e-01 1.05826914e-01
    3.43315423e-01 5.70951045e-01 5.20720959e-01 1.10653520e-01
    8.62166643e-01 8.48556340e-01 1.06860042e-01 8.51202250e-01
    6.28121555e-01 9.54672337e-01 5.22832215e-01 7.48850644e-01
    1.83033139e-01 1.83652729e-01 4.87925202e-01 2.19759285e-01
    4.00297880e-01 3.97591233e-01 6.80402994e-01 1.44085526e-01
    3.48618656e-01 1.30102545e-01 6.52648509e-01 2.71213055e-03
    7.76800513e-02 1.56071663e-01 1.82971686e-01 7.50728071e-01
    4.91397440e-01 4.19589311e-01 3.76807898e-01 7.04883516e-01
    1.52448714e-02 9.36621904e-01 4.18689251e-01 9.26883519e-02
    2.23334134e-02 6.47110403e-01 4.14905101e-01 5.08846641e-02
    7.62173176e-01 6.31910741e-01 6.41530991e-01 6.57931089e-01
    1.05788231e-01 9.92921472e-01 7.74372220e-02 1.59679532e-01
    2.25477725e-01 4.51188803e-01 4.73136127e-01 2.22185075e-01
    7.47315943e-01 1.43992007e-02 1.77394152e-02 3.30247939e-01
    8.63993645e-01 7.39104211e-01 1.28195137e-01 9.09979343e-01
    8.67623985e-01 1.74282581e-01 5.65160751e-01 3.80028278e-01
    2.40521580e-01 4.01485205e-01 9.50245261e-01 1.30844116e-03
    2.39028841e-01 1.96490377e-01 5.47755718e-01 8.91735196e-01
    5.25691748e-01 8.34892154e-01 4.16671455e-01 1.53559089e-01
    1.23367757e-01 2.38580078e-01 6.11870646e-01 1.94115043e-01
    3.59534383e-01 3.18102360e-01 7.09214091e-01 7.61038423e-01
    6.45513892e-01 3.22214067e-02 3.56108963e-01 9.74602103e-01
    7.35871971e-01 9.31652188e-01 3.39572072e-01 4.32090014e-01
    9.42954421e-03 3.06213021e-01 4.55028981e-01 5.75961590e-01
    3.81104171e-01 5.21970272e-01 5.13999164e-01 5.13962746e-01
    3.65662575e-02 9.96870279e-01 1.08525813e-01 1.74407721e-01
    8.78736377e-03 8.78834724e-02 4.78661239e-01 2.55504966e-01
    6.12550974e-01 5.85590720e-01 9.96344149e-01 2.76821613e-01
    2.51390517e-01 9.76135492e-01 8.78402889e-01 9.40155208e-01
    4.83403921e-01 9.26274657e-02 2.76410878e-01 7.36210585e-01
    4.43507195e-01 1.77209169e-01 2.85848737e-01 6.21527374e-01
    1.62510902e-01 8.80541623e-01 2.57655621e-01 8.11437368e-01
    3.95492613e-01 9.43858862e-01 5.65363348e-01 6.75014019e-01
    5.16136825e-01 4.95668918e-01 7.63705552e-01 5.28656900e-01
    7.40286052e-01 9.22609568e-01 5.55825889e-01 4.92882669e-01
    6.85739160e-01 6.52470589e-01 4.69645649e-01 5.77033281e-01
    4.81312454e-01 3.80433649e-01 3.93132478e-01 7.50671864e-01
    8.32475722e-02 5.86012661e-01 2.16055930e-01 4.87357557e-01
    9.11405206e-01 8.41194808e-01 2.08237767e-03 8.58471572e-01
    3.29995692e-01 9.67798948e-01 9.63922977e-01 8.13868046e-01
    6.53154731e-01 4.53617781e-01 4.96754706e-01 4.75319028e-02
    1.53045803e-01 9.08916950e-01 5.49854577e-01 4.95593250e-01
    6.32011890e-03 4.94950771e-01 9.24088955e-02 1.68115377e-01
    6.51061654e-01 5.94978631e-01 2.21556574e-01 9.35005248e-01
    8.26584697e-01 2.94054210e-01 3.03712398e-01 5.02307892e-01
    3.01401258e-01 5.81433237e-01 9.97282922e-01 5.10070920e-02
    5.82615733e-02 9.60044503e-01 3.02333772e-01 2.91532040e-01
    5.75562119e-01 8.32637250e-01 5.96773148e-01 5.84772348e-01
    6.03781879e-01 5.33474445e-01 2.59934664e-01 5.94870865e-01
    5.08945048e-01 6.87301457e-01 7.32663095e-01 4.63352799e-02
    4.05279577e-01 7.74603248e-01 6.15415275e-01 6.29161835e-01
    3.30253184e-01 1.85571969e-01 5.69159567e-01 3.83842021e-01
    3.03382248e-01 9.23104525e-01 4.56439137e-01 4.08141196e-01
    1.11340404e-01 4.85069096e-01 4.18875098e-01 4.13881361e-01
    9.07432199e-01 7.80051708e-01 1.62853509e-01 4.80926156e-01
    5.22220194e-01 8.49372029e-01 1.89268798e-01 3.62883627e-01
    8.17835093e-01 8.48141313e-01 7.76508570e-01 5.61923027e-01
    1.84054136e-01 6.24866664e-01 4.30849224e-01 9.22451138e-01
    8.18931639e-01 9.09765422e-01 2.34717131e-03 9.17246342e-02
    6.40995204e-01 3.83447528e-01 2.36848235e-01 6.70164108e-01
    3.18945646e-01 4.25655007e-01 9.44278717e-01 8.80553722e-02
    3.85693848e-01 7.98386335e-03 4.21738654e-01 7.23474383e-01
    8.82092535e-01 6.34265125e-01 7.59638190e-01 1.66741014e-01
    5.37583053e-01 2.79400349e-01 2.79294282e-01 5.05405545e-01
    4.27609622e-01 1.67190403e-01 3.36079568e-01 6.11564457e-01
    1.31974727e-01 4.21213299e-01 5.45054913e-01 1.46897912e-01
    7.26235867e-01 6.70468092e-01 8.49382341e-01 2.60202676e-01
    6.82237267e-01 6.86958551e-01 6.26045167e-02 2.69625485e-01
    6.00011110e-01 5.36647916e-01 7.20404267e-01 6.28134370e-01
    3.03829610e-01 2.56244600e-01 7.30108619e-01 7.83373952e-01
    5.70541263e-01 2.60365903e-02 4.52956855e-02 6.62456810e-01
    5.01125395e-01 1.80105567e-02 6.72033250e-01 7.77144670e-01
    7.45841146e-01 2.14957088e-01 6.47779346e-01 1.96346581e-01
    6.88663423e-01 2.13110149e-02 4.20446575e-01 4.33161378e-01
    5.76634109e-02 9.59761739e-02 2.00116128e-01 2.21130311e-01
    5.00353396e-01 5.20346344e-01 3.59121084e-01 1.34627581e-01
    9.69253659e-01 6.68525755e-01 8.34914684e-01 5.15922070e-01
    1.45589411e-02 4.65510488e-01 1.44586116e-01 4.06944036e-01
    8.64770412e-02 9.22401428e-01 6.52006805e-01 9.36156750e-01
    2.41151989e-01 3.10738087e-01 7.46563911e-01 8.55097294e-01
    6.71874046e-01 2.07738161e-01 3.01597625e-01 7.88750410e-01
    1.92202032e-01 7.72135556e-01 9.86482501e-01 8.74940872e-01
    6.46721244e-01 5.08247912e-02 6.02227092e-01 1.18354976e-01
    2.76367903e-01 6.59933984e-01 4.15705472e-01 3.57047468e-01
    4.04144287e-01 8.83550048e-01 2.80720115e-01 9.01580632e-01
    6.49711013e-01 4.27620918e-01 8.94488454e-01 6.23706698e-01
    4.17621821e-01 5.54376841e-01 8.85177851e-02 3.82504374e-01
    1.16927803e-01 3.17805141e-01 3.35545182e-01 2.78585285e-01
    7.83302307e-01 1.44789279e-01 1.93450332e-01 2.82236397e-01
    7.79896855e-01 6.70561075e-01 9.24238801e-01 1.61635280e-01
    1.88908249e-01 2.08081812e-01 3.68739188e-01 3.18112075e-02
    2.82986015e-01 2.64951706e-01 5.77486575e-01 7.76582360e-02
    3.01334441e-01 8.78356874e-01 1.33419514e-01 7.72125423e-02
    4.11869884e-02 8.33499074e-01 7.76549578e-02 6.88390851e-01
    4.38323617e-03 1.19256675e-01 1.31445825e-01 8.81044507e-01
    3.28525066e-01 4.56733108e-02 7.78847218e-01 7.24699199e-01
    8.69160295e-01 1.01460963e-01 3.82041961e-01 7.86192417e-01
    3.89928788e-01 1.71242744e-01 9.45829272e-01 5.78688323e-01
    7.36597300e-01 7.74360001e-01 1.30393475e-01 1.09193921e-01
    4.23996150e-02 9.90533113e-01 5.46875238e-01 2.51148045e-01
    1.03475571e-01 7.06130862e-01 3.22090268e-01 9.05334651e-02
    1.44519001e-01 3.31646681e-01 7.74937332e-01 4.02133822e-01
    6.64792538e-01 3.17003906e-01 9.23589587e-01 9.60716307e-01
    3.86230350e-01 2.40351558e-01 3.57263625e-01 2.14285851e-02
    9.54787970e-01 8.67526054e-01 8.85963917e-01 8.38973641e-01
    6.78601563e-02 3.18039387e-01 2.24066496e-01 3.98419082e-01
    3.93058956e-02 7.64532685e-01 5.89428723e-01 9.70553458e-02
    6.97878063e-01 5.08958161e-01 6.23675346e-01 1.55338645e-02
    7.32609272e-01 2.65207291e-01 7.71200418e-01 8.03582728e-01
    2.38499641e-01 4.91978467e-01 5.92717826e-02 5.86652458e-01
    8.63381863e-01 2.93151468e-01 7.53855467e-01 8.50099564e-01
    8.97428691e-01 3.51414800e-01 8.97145689e-01 5.73898613e-01
    7.10750461e-01 6.95984125e-01 8.80895972e-01 4.82334018e-01
    2.55478442e-01 2.50205815e-01 7.71778584e-01 7.07953453e-01
    5.95532715e-01 5.29969811e-01 1.18889421e-01 5.40677607e-02
    5.69398999e-01 2.50866234e-01 9.02611315e-01 1.75553262e-01
    2.55740285e-01 8.93978953e-01 8.69214773e-01 6.10782206e-02
    7.21830368e-01 6.37935281e-01 6.09479070e-01 7.73234010e-01
    3.50294977e-01 3.52652073e-01 6.95558608e-01 9.75975871e-01
    5.58803022e-01 4.95527238e-01 8.22112560e-01 1.84397757e-01
    1.05823815e-01 1.39241964e-01 9.79915857e-01 2.29750186e-01
    5.70888221e-02 8.67723346e-01 9.21666145e-01 8.90159607e-01
    9.43537176e-01 1.43671542e-01 2.27553248e-01 7.45773375e-01
    3.74829769e-03 7.76314616e-01 7.21661448e-02 7.99148202e-01
    3.33870709e-01 9.92352724e-01 5.30226588e-01 2.74063885e-01
    6.18824244e-01 5.34405589e-01 5.09381235e-01 2.03458518e-01
    6.18923306e-01 5.62100828e-01 8.16548347e-01 3.81922543e-01
    3.72792482e-01 2.93548971e-01 4.15022373e-02 8.08982730e-01
    8.56580377e-01 8.57466459e-03 9.88043904e-01 7.01699138e-01
    6.14813805e-01 3.96036267e-01 8.23639512e-01 7.82375693e-01
    4.41491395e-01 4.05720919e-01 3.06502491e-01 9.98391330e-01
    9.13242102e-01 5.55474460e-02 6.15502656e-01 5.84311604e-01
    6.99460506e-01 2.23750055e-01 9.90594149e-01 5.13149381e-01
    4.10818726e-01 6.49992883e-01 3.33186686e-01 4.83200878e-01
    9.16591167e-01 3.53201151e-01 1.51371330e-01 9.04568911e-01
    4.09233928e-01 3.84903550e-02 4.07266527e-01 9.24812198e-01
    3.20998251e-01 6.87741637e-01 4.13907349e-01 1.25925422e-01
    7.68571734e-01 4.05299425e-01 3.82999629e-01 4.63253856e-02
    4.48305219e-01 6.64352477e-01 2.35082000e-01 1.80743307e-01
    6.57436848e-01 9.43202019e-01 8.49254549e-01 5.53098023e-02
    5.66435814e-01 6.94980264e-01 9.15896952e-01 1.55764818e-01
    2.03640193e-01 7.35693455e-01 1.51585937e-01 6.56695545e-01
    5.82871437e-02 3.44626725e-01 5.91844141e-01 7.54645228e-01
    6.65289879e-01 5.81158280e-01 8.79237056e-01 5.12088418e-01
    9.34436083e-01 6.09394312e-02 2.38248557e-01 4.94310021e-01
    9.55600441e-01 9.44856405e-01 2.64146477e-01 5.31798303e-01
    3.64441574e-01 2.00011462e-01 7.16760218e-01 8.52030218e-02
    8.22104752e-01 3.21301609e-01 5.02410173e-01 1.19734854e-01
    2.06928939e-01 9.45376039e-01 8.01526606e-01 3.00368816e-01
    7.39907026e-01 2.78373957e-02 6.40794277e-01 7.66285241e-01
    7.08827257e-01 7.79834151e-01 2.72034109e-01 3.73593718e-01
    4.94946927e-01 5.36602199e-01 8.89880776e-01 5.39969206e-01
    8.34776521e-01 6.54258728e-01 6.86538815e-02 8.55642617e-01
    1.72635198e-01 9.10369694e-01 6.54667139e-01 9.99724209e-01
    9.21907187e-01 4.83392477e-01 9.91023898e-01 8.71597052e-01
    1.88877463e-01 8.25546503e-01 7.54266500e-01 3.03792953e-01
    2.53584743e-01 6.90900922e-01 1.33623689e-01 6.55770600e-02
    7.07871854e-01 4.24710840e-01 2.85706818e-01 3.13441753e-01
    2.40547389e-01 8.81640494e-01 4.19411838e-01 5.09443045e-01
    5.87755322e-01 8.55072975e-01 9.48622465e-01 5.42027831e-01
    2.17151046e-01 1.44322067e-01 3.98572326e-01 6.45860553e-01
    4.48387027e-01 9.63084757e-01 5.91816902e-02 4.85090256e-01
    6.90014482e-01 5.22819877e-01 2.66926587e-01 2.78103262e-01
    4.56531465e-01 8.98805857e-01 8.83176029e-01 3.13120067e-01
    7.11239874e-01 3.77401531e-01 5.55788517e-01 5.04559577e-01
    8.01171780e-01 4.55243111e-01 6.37338161e-01 8.41742516e-01
    1.86989337e-01 5.33878386e-01 2.26942897e-02 8.95043969e-01
    7.92202830e-01 1.16564751e-01 7.96177983e-01 1.46737695e-03
    8.73359680e-01 5.88382781e-01 8.66579175e-01 4.11272705e-01
    8.45661819e-01 5.38486958e-01 8.98691893e-01 1.76557422e-01
    8.94399047e-01 9.40510571e-01 6.26872003e-01 1.01354927e-01
    7.19089508e-01 7.47659206e-01 4.50584769e-01 5.49409688e-02
    9.04887617e-02 6.37312651e-01 3.32747310e-01 8.88838649e-01
    3.42865169e-01 9.21000957e-01 8.07613134e-01 7.93633699e-01
    5.64867258e-03 7.55616426e-01 7.16900349e-01 4.10147429e-01
    7.41754770e-02 3.04569602e-02 4.38787103e-01 9.89335775e-01
    4.38378513e-01 9.18909192e-01 7.82658815e-01 2.58446336e-01
    8.36340547e-01 5.02619207e-01 2.70197093e-02 8.24328423e-01
    3.33581328e-01 4.10802841e-01 1.25745684e-01 2.64199764e-01
    7.62553811e-01 5.59555292e-01 2.17994243e-01 2.97981083e-01
    1.20436758e-01 3.51197958e-01 5.39884269e-02 1.98152661e-02
    9.78004336e-01 3.95731539e-01 6.89786315e-01 2.69242525e-01
    1.62592232e-01 5.77598035e-01 9.09504652e-01 4.34025794e-01
    5.73679328e-01 1.71570629e-01 2.90450364e-01 3.99693251e-01
    7.31082022e-01 8.31726134e-01 3.12312603e-01 5.06281912e-01
    2.06757277e-01 9.45369720e-01 7.92153478e-01 8.85567069e-02
    9.35061991e-01 9.31679845e-01 2.10790485e-01 7.65243053e-01
    6.80756450e-01 3.83120775e-02 9.00412560e-01 6.71677291e-02
    7.98644066e-01 1.43446267e-01 7.79553592e-01 6.98769331e-01
    9.72576678e-01 7.15268731e-01 6.51911020e-01 3.44248682e-01
    6.10526681e-01 5.75690925e-01 3.07819933e-01 9.69124436e-02
    6.40476823e-01 1.79399252e-01 9.54915822e-01 8.89767289e-01
    1.78659260e-01 5.92032075e-02 6.56238079e-01 5.35346329e-01
    2.20962167e-01 8.18350494e-01 6.55136824e-01 7.08521247e-01
    8.31548929e-01 8.55371356e-01 8.17292929e-01 1.80909634e-02
    8.99097621e-02 5.17015576e-01 4.57812101e-01 4.41995710e-01
    6.83596253e-01 1.91234499e-01 5.71554899e-02 1.87909901e-02
    5.29677629e-01 3.73438478e-01 2.82948643e-01 6.50747716e-01
    6.65165126e-01 6.71178937e-01 2.44466245e-01 6.05774462e-01
    1.83918566e-01 4.28661227e-01 6.82299852e-01 6.55169010e-01
    1.62141174e-01 8.07579875e-01 1.33106351e-01 6.37844741e-01
    7.73858130e-02 4.38436776e-01 4.64109778e-01 5.65042138e-01
    1.97069854e-01 6.25135541e-01 9.95128989e-01 5.45473337e-01
    1.27631426e-02 7.43697286e-02 7.10154653e-01 6.38200939e-01
    6.56012297e-01 8.43605995e-02 2.08124399e-01 4.24036026e-01
    6.02034271e-01 2.95166373e-01 5.75128794e-02 6.17805719e-02
    8.61708701e-01 3.87635797e-01 3.96231353e-01 8.02415848e-01
    6.05314970e-01 1.48931652e-01 1.89251274e-01 6.76482797e-01
    9.04200196e-01 7.17979729e-01 3.11432749e-01 1.94243103e-01
    1.98210567e-01 3.84317517e-01 3.94648790e-01 5.48225224e-01
    2.57567406e-01 3.36662501e-01 3.37007076e-01 6.06036782e-01
    3.45838785e-01 3.51690114e-01 6.55254066e-01 8.03101957e-02
    3.96281511e-01 8.63976002e-01 9.30684566e-01 4.21484768e-01
    9.76293981e-02 3.40248019e-01 1.01582199e-01 1.94152087e-01
    7.80800343e-01 4.50114101e-01 2.98422337e-01 6.99538291e-01
    3.73159230e-01 2.20513642e-02 1.00973964e-01 3.83078665e-01
    5.30978441e-01 1.56651646e-01 4.56805825e-01 3.86228025e-01
    4.91454840e-01 2.05546170e-01 9.97765958e-01 4.60848987e-01
    4.12832141e-01 4.48763996e-01 1.68963492e-01 3.48049939e-01
    8.76878500e-02 9.25888717e-01 6.38326347e-01 7.97782898e-01
    7.24716604e-01 5.51566124e-01 1.11209780e-01 6.33806050e-01
    2.31195658e-01 9.02966499e-01 2.41410732e-02 6.42847419e-01
    1.55705959e-01 8.23967218e-01 5.45645237e-01 7.57810295e-01
    3.54012728e-01 6.57159686e-01 3.51784050e-01 2.43807375e-01
    8.46128821e-01 2.11592346e-01 4.39347446e-01 5.95777094e-01
    9.01429772e-01 5.70816994e-02 4.76027250e-01 7.98433065e-01
    5.68777084e-01 9.45662141e-01 5.93017638e-01 6.40298843e-01
    6.19554758e-01 9.30359364e-01 3.11667711e-01 8.22361469e-01
    9.12260652e-01 9.47949171e-01 3.14000428e-01 2.33180285e-01
    6.68773413e-01 1.64699763e-01 4.20701444e-01 5.64946234e-02
    9.19911027e-01 1.90900445e-01 8.58161986e-01 2.99484104e-01
    8.67527485e-01 8.93534839e-01 7.10622072e-01 3.91630769e-01
    1.51602596e-01 1.45004690e-02 1.10793114e-03 3.88514817e-01
    2.35725999e-01 2.51964062e-01 2.43861765e-01 2.65572011e-01
    3.63762140e-01 7.04149663e-01 8.24697137e-01 7.95657754e-01
    5.28106153e-01 7.21022248e-01 6.95956409e-01 6.36087537e-01
    2.54396677e-01 1.63198262e-01 3.89523178e-01 8.87864947e-01
    7.06226885e-01 4.55512226e-01 3.60559493e-01 2.77471602e-01
    3.71335387e-01 9.08815384e-01 7.47148275e-01 2.54307985e-01
    6.81288600e-01 3.16076159e-01 2.88533270e-02 7.45291352e-01
    7.31196523e-01 2.36618549e-01 4.96248186e-01 5.21593988e-02
    2.14378983e-01 8.48881483e-01 8.60951662e-01 4.12409902e-01
    8.63735735e-01 2.78672040e-01 7.44423747e-01 9.59365010e-01
    9.07417238e-02 6.21034026e-01 8.22891593e-01 6.88715339e-01
    7.80004025e-01 6.53471887e-01 6.23308420e-01 9.92351413e-01
    6.69089317e-01 4.77075577e-01 6.92679167e-01 6.37964010e-02
    8.12042415e-01 5.81610799e-01 2.00506508e-01 1.06235832e-01
    7.26194978e-01 8.64878953e-01 3.13095152e-01 9.49687362e-01
    3.31108302e-01 2.48234153e-01 8.66868317e-01 7.61545002e-01
    2.79842734e-01 6.71154559e-02 7.75434136e-01 5.88123202e-02
    1.97974861e-01 7.65370727e-01 4.88401324e-01 6.83281541e-01
    5.83192527e-01 6.44829452e-01 9.16766047e-01 1.65270507e-01
    1.48295790e-01 9.25779343e-03 9.19360757e-01 1.01961195e-01
    3.02651137e-01 6.78658843e-01 6.34832740e-01 7.50727117e-01
    1.17305964e-01 4.22888130e-01 7.29551315e-02 3.23086679e-02
    2.94559330e-01 5.60282707e-01 4.47001964e-01 7.04119682e-01
    3.00220490e-01 3.60028207e-01 6.97338283e-02 5.59307098e-01
    2.49201864e-01 9.28506494e-01 4.16688144e-01 4.84216332e-01
    3.20905715e-01 7.03699946e-01 4.79866356e-01 7.49517560e-01
    7.78594911e-02 4.45090681e-01 4.46615666e-01 5.32855213e-01
    1.01592273e-01 9.52285051e-01 4.05114889e-03 3.60233605e-01
    3.00456226e-01 5.75406611e-01 5.19140065e-02 1.43089116e-01
    3.74193072e-01 4.95422542e-01 8.96991789e-02 1.62599623e-01
    5.30466676e-01 3.41056198e-01 7.96380341e-01 9.56480563e-01
    8.88184845e-01 9.07602787e-01 5.20008147e-01 2.40475267e-01
    2.69298553e-01 4.76223588e-01 7.96678722e-01 3.24802369e-01
    6.96838319e-01 1.77671403e-01 3.42623889e-01 9.87700224e-01
    5.44037938e-01 8.77264917e-01 1.85227543e-01 7.98166156e-01
    8.51146877e-02 7.09489584e-02 3.93521547e-01 3.89147967e-01
    3.15484613e-01 5.40818989e-01 9.55814719e-01 4.31970358e-01
    7.82303452e-01 9.88736391e-01 5.20170391e-01 9.95038390e-01
    2.07940727e-01 1.01121008e-01 8.89982820e-01 2.64314830e-01
    5.33982038e-01 9.55927253e-01 8.71230304e-01 7.04723716e-01
    3.65623891e-01 1.05551779e-02 3.81341219e-01 2.13443846e-01
    3.10080349e-01 8.24187994e-01 5.79873562e-01 9.39813554e-02
    3.19750160e-01 9.16287065e-01 2.48609185e-01 2.44977862e-01
    5.44179022e-01 5.11202157e-01 8.50151479e-01 3.52992773e-01
    8.22707534e-01 8.86556864e-01 3.34444940e-01 4.14513499e-01
    4.67584610e-01 8.09836984e-01 2.22022623e-01 1.04686320e-01
    1.86716765e-01 1.57570720e-01 6.13503218e-01 7.45708287e-01
    2.03312337e-02 8.31190467e-01 5.52007496e-01 7.31237292e-01
    6.53914928e-01 7.17564881e-01 5.56465566e-01 5.60261369e-01
    9.67550635e-01 9.15569961e-02 7.02141941e-01 9.90789056e-01
    4.00359929e-01 2.35152572e-01 1.50258511e-01 7.04552412e-01
    2.61791945e-01 1.32181615e-01 5.19538283e-01 3.72318447e-01
    2.54316390e-01 2.28774309e-01 2.27171004e-01 5.87821603e-02
    4.09820199e-01 8.42460394e-01 1.50856555e-01 5.75328171e-01
    6.36085689e-01 4.62335289e-01 1.28229082e-01 7.73083389e-01
    9.73221719e-01 7.91567445e-01 9.08361971e-02 9.72754836e-01
    7.64750957e-01 9.18497086e-01 7.09512472e-01 1.53200984e-01
    9.17835176e-01 4.61329192e-01 6.19641483e-01 7.48822212e-01
    7.13764310e-01 2.80598402e-01 2.18443990e-01 8.46219301e-01
    7.45168626e-01 2.79890239e-01 2.71261871e-01 4.94220942e-01
    7.00397551e-01 8.86810243e-01 3.91541541e-01 2.02243418e-01
    7.08680749e-01 8.37188482e-01 3.98418546e-01 1.37432814e-02
    4.26032782e-01 2.99701542e-01 7.47944713e-02 6.63654983e-01
    4.29183125e-01 6.60449147e-01 9.75005627e-01 9.76827741e-01
    8.14614832e-01 5.41557133e-01 5.40807664e-01 5.85675120e-01
    1.69340700e-01 9.33368087e-01 9.61758375e-01 2.14774072e-01
    1.62150264e-01 7.77552962e-01 8.56885433e-01 4.00006801e-01
    7.47058451e-01 9.57341254e-01 4.67379689e-01 3.45569193e-01
    3.00637811e-01 6.79071784e-01 1.65224135e-01 8.27561855e-01
    9.00523722e-01 1.00971192e-01 9.33964849e-01 1.60646409e-01
    7.01157093e-01 6.12392128e-01 9.46216881e-02 4.03053910e-01
    9.47827220e-01 7.97829688e-01 3.07053328e-03 3.70622039e-01
    6.37596130e-01 6.37575507e-01 3.79231870e-01 2.40483791e-01
    9.34639692e-01 8.46484303e-03 6.07991159e-01 7.82563388e-02
    2.85673916e-01 2.10692614e-01 2.67281979e-01 1.08727098e-01
    4.16904598e-01 4.43405509e-01 8.17561746e-01 4.38797027e-01
    9.78237391e-03 4.05969322e-02 4.52002227e-01 4.50343490e-01
    2.81637520e-01 6.87025785e-02 5.74247539e-01 2.36788511e-01
    7.84625053e-01 9.57006454e-01 1.32676333e-01 4.17059362e-02
    9.95035410e-01 7.82333732e-01 1.37711942e-01 5.57895601e-01
    8.41147602e-01 4.05398726e-01 2.05513656e-01 4.50794876e-01
    4.88132805e-01 5.53798020e-01 6.03833675e-01 9.47771966e-02
    7.60172665e-01 5.54596186e-01 1.83011621e-01 1.54978365e-01
    8.92513931e-01 6.77061260e-01 5.91694832e-01 3.12432855e-01
    3.62964571e-01 7.29903758e-01 4.13683742e-01 1.24030620e-01
    3.47918451e-01 7.36711919e-01 7.58165359e-01 6.11589551e-01
    1.45695001e-01 2.65270710e-01 5.31944513e-01 7.98408031e-01
    6.57194495e-01 7.20471978e-01 7.82009721e-01 4.97190684e-01
    7.75332093e-01 9.38887239e-01 5.47298789e-02 8.23766112e-01
    2.37211585e-01 7.10597336e-02 7.89034665e-02 8.31758857e-01
    2.79228210e-01 6.30829811e-01 2.81776488e-01 4.13570702e-01
    9.84856546e-01 6.90742433e-01 3.99244279e-01 2.47491896e-01
    5.70198536e-01 2.66358763e-01 5.17340481e-01 8.70682061e-01
    8.68837595e-01 7.78045654e-02 5.44902861e-01 1.46676242e-01
    3.65740508e-01 8.47957611e-01 1.91987425e-01 3.25865686e-01
    2.57249147e-01 7.92725205e-01 5.97761273e-02 4.11672115e-01
    2.02268064e-01 3.86068225e-01 8.07383716e-01 4.23746526e-01
    6.55338407e-01 3.00567746e-01 1.63420618e-01 1.56240791e-01
    5.11428714e-01 6.19101882e-01 3.17822963e-01 5.83851755e-01
    1.35142297e-01 8.66392255e-01 8.21704865e-01 8.34878385e-02
    9.94111180e-01 7.69083381e-01 1.70077056e-01 3.27805638e-01
    6.71442509e-01 8.25147629e-01 6.94234669e-02 4.58069652e-01
    9.08348918e-01 9.85945821e-01 5.46306014e-01 9.84001994e-01
    1.77599937e-01 1.96978867e-01 6.15559578e-01 2.43432760e-01
    1.48302138e-01 9.40174460e-01 4.19373810e-01 3.23026597e-01
    8.30546498e-01 9.59737301e-01 9.61812198e-01 3.39097559e-01
    7.63393521e-01 4.42049026e-01 4.62566048e-01 5.13079941e-01
    6.18020654e-01 3.92187536e-02 5.86015105e-01 2.36319155e-01
    1.22246444e-01 2.20793009e-01 7.82599747e-02 4.38063264e-01
    6.36457443e-01 6.69680417e-01 5.63710928e-02 7.87410498e-01
    3.09569776e-01 1.52367324e-01 2.81345606e-01 9.53399241e-01
    2.91260928e-01 9.13153768e-01 1.23121411e-01 4.12535250e-01
    5.60668468e-01 5.10981202e-01 9.91860688e-01 7.84879208e-01
    4.44502413e-01 3.02821398e-02 6.02816522e-01 2.10370719e-01
    4.15151477e-01 2.53912270e-01 8.66840184e-02 5.21015525e-01
    8.50552320e-01 1.74799174e-01 3.27532649e-01 1.90366864e-01
    1.48024440e-01 5.49158752e-02 4.64551687e-01 2.85384655e-02
    4.59791481e-01 8.00092220e-01 7.93354869e-01 2.83707291e-01
    9.68301356e-01 7.39701629e-01 1.56284541e-01 7.51737893e-01
    4.17134523e-01 9.60838795e-01 4.77716178e-01 9.57217932e-01
    9.99028087e-01 8.91805768e-01 4.89636123e-01 5.55096030e-01
    6.35402679e-01 1.38076365e-01 8.79168749e-01 6.91194355e-01
    6.67893231e-01 5.88366389e-01 4.57509220e-01 6.69943810e-01
    5.94945490e-01 6.94640458e-01 4.94370371e-01 8.68701935e-03
    5.84811211e-01 2.59963065e-01 5.37141263e-02 1.50460988e-01
    4.89928901e-01 2.23876834e-01 8.06564331e-01 4.07374948e-01
    6.30601943e-02 6.34979069e-01 2.64889121e-01 6.90675676e-01
    4.72362280e-01 7.99811721e-01 7.89221644e-01 6.33867621e-01
    2.74268270e-01 9.08169746e-01 9.30473447e-01 6.60197496e-01
    4.34338391e-01 4.69130576e-02 7.88200319e-01 3.75706017e-01
    2.59550869e-01 2.05687016e-01 8.32469106e-01 8.07058394e-01
    5.19572258e-01 4.64416742e-01 1.72689825e-01 4.00377125e-01
    4.82851923e-01 1.06595218e-01 5.52648604e-02 8.48626018e-01
    7.14701176e-01 1.37382716e-01 3.61088037e-01 8.17325115e-01
    5.46282113e-01 1.09608322e-01 4.34028745e-01 5.68591595e-01
    8.94224286e-01 4.70053673e-01 5.50335228e-01 5.79593778e-02
    7.53962398e-01 2.75574028e-01 6.98294222e-01 5.83079219e-01
    2.06612676e-01 9.65464354e-01 7.49172866e-02 5.59854984e-01
    1.44889802e-01 2.59049296e-01 3.55119675e-01 5.70467353e-01
    6.41158581e-01 2.01797575e-01 6.54947937e-01 2.97084033e-01
    8.48490834e-01 9.57175016e-01 8.72355103e-01 6.85880601e-01
    6.78552508e-01 3.69377911e-01 8.21516514e-01 1.33538127e-01
    4.20861900e-01 6.70361757e-01 5.22500515e-01 5.81128061e-01
    9.91738677e-01 6.14531100e-01 8.97268772e-01 8.92375469e-01
    9.38659370e-01 7.83083618e-01 2.63023704e-01 2.69791842e-01
    4.63473946e-01 2.88842857e-01 5.67511201e-01 4.26227361e-01
    5.37456036e-01 4.91169542e-01 4.62901354e-01 6.73093975e-01
    6.47774220e-01 8.04163694e-01 8.91816854e-01 5.35557568e-01
    2.96521276e-01 3.33821446e-01 4.18067873e-02 4.69467074e-01
    1.61051273e-01 1.72777176e-02 9.49685812e-01 4.54438150e-01
    3.62814903e-01 4.33698833e-01 4.72724438e-01 4.23018217e-01
    4.84341949e-01 3.97440493e-01 6.88738108e-01 5.53514898e-01
    7.34004736e-01 6.49792016e-01 3.68595839e-01 7.87837029e-01
    1.69981599e-01 1.72819197e-02 8.38454962e-01 3.22135091e-01
    6.61382914e-01 5.78721941e-01 1.08630061e-01 8.90573502e-01
    4.90385205e-01 8.77188146e-02 2.70066649e-01 8.46559286e-01
    6.83720052e-01 9.84867454e-01 7.81898558e-01 8.19571555e-01
    3.61878157e-01 3.57860625e-02 3.08711320e-01 7.18941569e-01
    4.59118426e-01 4.24129575e-01 1.27643347e-01 9.74052250e-02
    1.45470083e-01 3.08186322e-01 2.53872842e-01 3.12736273e-01
    6.51485443e-01 6.33159816e-01 6.19082570e-01 9.70932007e-01
    3.22081983e-01 4.13414389e-01 7.72769570e-01 3.66693795e-01
    4.03318435e-01 5.05123496e-01 3.98656875e-01 7.26342797e-02
    3.34310770e-01 6.89083397e-01 1.74032986e-01 1.52554750e-01
    6.23933852e-01 2.92402714e-01 8.05245757e-01 5.07197142e-01
    2.04108804e-01 2.60199189e-01 6.91409469e-01 6.10085964e-01
    9.69137073e-01 2.71853149e-01 8.89052331e-01 9.70292091e-02
    8.07994664e-01 1.24646395e-01 7.39197493e-01 4.29152548e-01
    8.36158872e-01 2.71714866e-01 1.44194365e-02 5.28246343e-01
    6.00864053e-01 7.70718157e-02 8.08476210e-02 1.53138280e-01
    6.93781972e-02 2.04012871e-01 7.71023154e-01 9.65304375e-02
    7.93745041e-01 3.26700985e-01 8.07730317e-01 1.54097736e-01
    3.81876409e-01 5.08785844e-01 3.05582225e-01 9.28914905e-01
    5.47785282e-01 2.02063560e-01 7.43826091e-01 5.70700705e-01
    1.49274081e-01 3.92242968e-02 3.40422153e-01 5.41982114e-01
    6.22175574e-01 6.93607032e-01 4.12139297e-03 1.23821229e-01
    6.31323636e-01 6.91637814e-01 5.15649974e-01 4.41428423e-02
    9.04093504e-01 7.14877367e-01 7.83014536e-01 4.38595355e-01
    2.11780965e-02 6.56151056e-01 4.81082469e-01 4.24429476e-02
    5.73285460e-01 8.90774727e-01 3.71478438e-01 8.79076719e-02
    5.68629205e-01 5.53720415e-01 8.73596072e-01 8.78270745e-01
    8.36606264e-01 1.10312968e-01 4.78179723e-01 4.54777986e-01
    4.42269504e-01 3.27279031e-01 5.88446319e-01 2.54982114e-01
    9.09945011e-01 8.80911469e-01 9.21252370e-03 8.86264741e-02
    6.95283473e-01 7.43135631e-01 4.60613579e-01 1.59918308e-01
    4.11028683e-01 6.46698117e-01 2.87304074e-01 4.51577872e-01
    7.75174677e-01 6.33490205e-01 5.78082740e-01 9.50960815e-01
    5.74653745e-01 3.07526529e-01 3.51976961e-01 9.74071503e-01
    5.16830862e-01 8.37330461e-01 3.76143932e-01 3.70699108e-01
    3.14619243e-02 7.12125540e-01 9.30015087e-01 6.91395998e-01
    1.79764479e-01 8.10714722e-01 5.33036768e-01 8.12141895e-01
    2.89329827e-01 7.84529746e-02 2.79687822e-01 9.99197841e-01
    5.31528831e-01 3.51017892e-01 9.23221231e-01 1.00508630e-01
    8.39590788e-01 8.53925049e-01 1.78451121e-01 3.89240146e-01
    5.74433208e-01 5.95494390e-01 9.48237419e-01 4.83005226e-01
    5.98301053e-01 1.42122537e-01 5.27919650e-01 3.33342224e-01
    1.88491285e-01 8.28753412e-01 7.97303975e-01 9.82186079e-01
    5.27375638e-01 2.54100978e-01 2.95197159e-01 2.44019687e-01
    2.76288152e-01 7.30614305e-01 1.19949967e-01 9.51108932e-02
    8.39120507e-01 7.60315239e-01 4.84908670e-01 7.70176888e-01
    8.42659712e-01 2.51048625e-01 4.76067692e-01 5.61868727e-01
    3.25255156e-01 8.52502942e-01 5.86275160e-01 7.77680635e-01
    3.63455564e-01 7.95352817e-01 3.38593125e-03 2.06505150e-01
    9.06331420e-01 5.33220410e-01 5.93399227e-01 3.43435705e-01
    2.53666788e-01 5.58914781e-01 5.96822202e-01 3.72106850e-01
    7.26642013e-01 2.79740393e-01 7.15849280e-01 2.85693526e-01
    9.86179888e-01 9.83044863e-01 1.13371611e-01 2.88661391e-01
    5.75720429e-01 4.40167189e-02 9.01342332e-02 3.85184467e-01
    4.30865169e-01 8.64457846e-01 6.07442260e-01 8.33321810e-01
    6.71548665e-01 2.37898856e-01 9.63464856e-01 9.84018683e-01
    4.59946007e-01 2.77783453e-01 9.99464273e-01 4.45012093e-01
    8.11930358e-01 9.05523002e-02 2.27423847e-01 8.33156407e-02
    4.49805081e-01 5.21103799e-01 9.37918305e-01 3.11232984e-01
    4.09398854e-01 6.78915560e-01 3.27022433e-01 8.78546774e-01
    2.69346297e-01 2.14570850e-01 2.49287933e-01 8.00666690e-01
    9.15041447e-01 4.17125523e-01 6.37327492e-01 2.43231386e-01
    1.50840193e-01 2.39329696e-01 6.69949949e-02 9.33502913e-01
    3.66901129e-01 8.22108507e-01 6.16873264e-01 7.60258019e-01
    9.01734948e-01 5.54989517e-01 4.15537000e-01 6.11823678e-01
    1.35875672e-01 9.39160526e-01 1.53642774e-01 6.29464746e-01
    5.74849844e-02 7.48425841e-01 5.93603015e-01 8.12011123e-01
    9.47345257e-01 9.66458559e-01 4.83999610e-01 8.95481348e-01
    9.15839612e-01 9.11286473e-01 4.53571230e-01 4.28156495e-01
    8.02309811e-01 2.39039063e-02 6.26570821e-01 6.12725317e-02
    5.27310073e-01 1.79312736e-01 2.63535321e-01 3.03691983e-01
    2.74335980e-01 2.58907109e-01 3.64089340e-01 7.42783785e-01
    3.42297763e-01 7.35512018e-01 4.29120541e-01 8.38435411e-01
    8.31141174e-02 4.35013175e-01 7.43590713e-01 7.59650886e-01
    2.54208207e-01 8.70256424e-01 2.21008867e-01 6.24798536e-01
    9.40068841e-01 9.44899321e-02 6.01341665e-01 9.89593267e-01
    9.13014412e-01 7.95886815e-02 7.81129241e-01 8.93764973e-01
    8.09307814e-01 3.35838377e-01 1.79610014e-01 1.59044594e-01
    4.10494268e-01 8.02088797e-01 4.65606362e-01 6.65380120e-01
    7.85789549e-01 4.06883985e-01 4.29959893e-01 5.34487128e-01
    7.47002006e-01 3.29961896e-01 2.57713079e-01 4.51907218e-01
    9.17335272e-01 3.58680189e-01 1.52748227e-02 8.99931312e-01
    5.18269956e-01 3.01796377e-01 5.77224135e-01 1.50315642e-01
    3.05109620e-02 2.57532895e-02 4.10949051e-01 5.94562173e-01
    6.10090971e-01 7.06993878e-01 1.86493516e-01 1.84488326e-01
    9.39182222e-01 9.96548057e-01 4.97936994e-01 4.86081719e-01
    3.52531135e-01 4.97322589e-01 6.63871467e-02 7.73791730e-01
    6.93600595e-01 8.31097603e-01 2.81597972e-01 5.16092658e-01
    2.45878190e-01 5.13182700e-01 3.73711705e-01 5.59327662e-01
    4.48873311e-01 2.55221725e-02 3.04426789e-01 8.51999760e-01
    8.94616008e-01 2.78597891e-01 1.19855881e-01 7.80725241e-01
    4.24089730e-01 4.60681379e-01 1.79939568e-02 1.90974087e-01
    4.43247795e-01 7.07609892e-01 2.33339787e-01 1.58163697e-01
    9.86335218e-01 3.29898387e-01 6.04805946e-01 4.75419551e-01
    2.66146660e-01 8.06348562e-01 5.18073976e-01 7.53476024e-01
    2.36366689e-02 1.77230835e-02 4.65829968e-01 5.51199794e-01
    2.00504243e-01 2.13515133e-01 4.82238740e-01 5.36552906e-01
    9.55500722e-01 3.80653769e-01 8.03859174e-01 3.12178493e-01
    8.55280936e-01 7.60153770e-01 5.87980270e-01 1.97275877e-01
    6.15743637e-01 4.56183434e-01 4.32544798e-01 2.26602435e-01
    8.97699952e-01 9.01831269e-01 3.66991937e-01 4.71768975e-02
    9.59591269e-01 9.87946749e-01 5.44632375e-01 6.06560767e-01
    4.82693017e-01 8.87531638e-01 2.79785007e-01 5.35958946e-01
    7.71369874e-01 4.94250089e-01 2.93804348e-01 5.05948305e-01
    9.22526121e-01 5.88780046e-01 4.92743254e-02 7.52140999e-01
    5.33308148e-01 5.85277617e-01 7.02184379e-01 6.91257715e-02
    9.77318823e-01 9.50812459e-01 3.12984705e-01 9.98851359e-02
    9.94388580e-01 5.59116602e-01 2.21671402e-01 1.23176098e-01
    7.67467558e-01 6.08144403e-01 3.48080218e-01 2.35658556e-01
    9.89172637e-01 7.55249262e-01 5.50522685e-01 1.46324575e-01
    4.71607000e-01 3.80887210e-01 2.60497957e-01 6.81235135e-01
    1.26236528e-01 1.91281080e-01 3.84684443e-01 7.05334246e-01
    4.43923324e-01 7.38843083e-02 4.21434104e-01 1.65947706e-01
    7.40938544e-01 6.77154064e-01 2.37519234e-01 3.27687860e-02
    4.76614922e-01 4.30364460e-01 2.19478607e-01 9.79686081e-01
    4.28354621e-01 4.41580474e-01 4.74107325e-01 5.98005891e-01
    9.30464745e-01 9.95118141e-01 6.24702871e-01 8.27852011e-01
    4.79758650e-01 9.93494272e-01 7.40107358e-01 5.16782999e-02
    7.26340115e-01 6.67497158e-01 7.27968216e-02 1.17248267e-01
    8.42285693e-01 7.77602136e-01 9.46851671e-02 5.34427166e-01
    9.36272383e-01 9.32337880e-01 8.92589688e-01 7.42448092e-01
    7.68918991e-01 5.14059484e-01 1.50633425e-01 2.58168668e-01
    3.93661916e-01 8.01524639e-01 1.38152838e-01 4.73833591e-01
    1.77959740e-01 2.18891948e-01 2.57750660e-01 6.22567534e-03
    3.57533127e-01 2.50066638e-01 8.34277868e-01 7.92196274e-01
    3.08288515e-01 6.79537654e-02 1.52216792e-01 3.27028096e-01
    9.50167418e-01 8.27561975e-01 8.53410900e-01 4.16529000e-01
    5.49733222e-01 8.02221060e-01 3.13738883e-02 2.96913534e-01
    1.52159214e-01 6.04968965e-02 7.53565431e-02 9.22565937e-01
    9.68360662e-01 6.62918270e-01 4.74348724e-01 8.83963346e-01
    7.28829980e-01 4.93129581e-01 7.32196569e-02 5.47971606e-01
    5.94713628e-01 8.76232505e-01 7.64090717e-02 7.61766136e-02
    3.98943663e-01 9.46738362e-01 7.59637237e-01 8.70130122e-01
    2.52195299e-01 1.68639809e-01 1.75939441e-01 8.38472486e-01
    6.10301435e-01 5.06527305e-01 3.67818475e-02 7.88134336e-01
    4.15258914e-01 9.09483671e-01 9.70911980e-01 7.73130655e-02
    4.69376087e-01 8.01206708e-01 8.83700073e-01 8.28228354e-01
    9.20961857e-01 6.34033978e-02 6.90994382e-01 9.46851373e-01
    9.55433726e-01 6.48902893e-01 9.09960747e-01 6.05006337e-01
    6.70180321e-01 8.42141092e-01 5.01007318e-01 9.31749165e-01
    5.39446473e-02 1.71847820e-01 4.53043133e-01 9.60724831e-01
    3.09832036e-01 1.48349226e-01 7.62564600e-01 4.77694929e-01
    5.54343164e-01 3.09195757e-01 8.47319067e-02 4.17795479e-01
    3.99177700e-01 4.39013958e-01 8.83473694e-01 1.31904364e-01
    8.73753965e-01 2.87942410e-01 9.43150520e-02 6.79692984e-01
    3.78300816e-01 9.00394738e-01 6.07241631e-01 4.90419865e-01
    7.96590447e-01 4.56588417e-01 8.03210437e-02 9.32621658e-01
    6.02967918e-01 1.84363514e-01 7.06831515e-01 6.92742407e-01
    9.91456866e-01 7.37647057e-01 4.46199059e-01 8.77477527e-01
    7.83793986e-01 9.18754697e-01 8.46151412e-02 7.38119185e-01
    5.74546576e-01 5.41336358e-01 7.83534884e-01 4.31694657e-01
    7.42428780e-01 4.01467860e-01 7.78920174e-01 6.48998380e-01
    8.23903918e-01 5.24438500e-01 8.43082905e-01 2.85231590e-01
    6.27318203e-01 7.62815595e-01 1.79373682e-01 8.19400907e-01
    3.68438184e-01 4.90748197e-01 7.99134910e-01 7.95078933e-01
    8.31130505e-01 6.60929203e-01 8.86501670e-02 9.62885737e-01
    4.95406687e-02 6.58840239e-01 1.27139300e-01 9.40140009e-01
    5.22104621e-01 1.88650191e-01 8.22475791e-01 1.86489552e-01
    9.53209698e-01 1.49263531e-01 1.89726710e-01 6.37251616e-01
    1.26428336e-01 7.89996684e-01 1.48816109e-02 2.09741592e-02
    3.98655355e-01 4.71584290e-01 6.83096588e-01 3.68470252e-01
    8.13641369e-01 5.51839709e-01 4.60638344e-01 4.00036871e-01
    1.26766622e-01 6.60254121e-01 9.76778865e-02 8.45677137e-01
    2.94159740e-01 5.86355925e-01 7.27498233e-02 1.65441930e-01
    4.42389220e-01 5.73258996e-01 3.09050441e-01 1.88761055e-02
    1.72139406e-01 3.39137495e-01 3.16252887e-01 8.74067545e-01
    2.93457270e-01 1.63397700e-01 6.41740382e-01 3.44683498e-01
    8.49277258e-01 2.07420170e-01 8.03962052e-01 5.61206043e-02
    1.77394271e-01 2.71374822e-01 6.67473137e-01 6.38167381e-01
    3.05131078e-03 7.57537305e-01 1.62502021e-01 9.07313347e-01
    9.89004314e-01 5.63816309e-01 5.24904072e-01 6.00308061e-01
    2.65963733e-01 3.93211007e-01 1.62707120e-01 8.66871953e-01
    1.47240072e-01 9.29423213e-01 2.38595635e-01 5.64170718e-01
    8.72992873e-02 3.31133217e-01 5.77058911e-01 1.19290143e-01
    9.28279459e-01 5.90024769e-01 7.31467605e-01 6.50353193e-01
    5.05658567e-01 2.37245858e-01 9.85362649e-01 5.72134852e-01
    9.80979085e-01 7.96324313e-01 8.71777534e-03 9.43275928e-01
    5.22883654e-01 2.37852782e-01 5.72076976e-01 8.90245914e-01
    6.14371955e-01 7.23872542e-01 4.06516224e-01 4.09530103e-02
    4.52748835e-01 4.06754911e-02 4.07264382e-01 9.82201815e-01
    6.34650588e-01 2.13555187e-01 6.28889441e-01 4.80816364e-02
    5.16487241e-01 7.70633042e-01 4.32030201e-01 9.84800339e-01
    1.90216184e-01 3.25226367e-01 5.03203571e-02 2.02647835e-01
    1.04943007e-01 3.88534933e-01 5.70649862e-01 6.89222217e-01
    4.37239110e-01 4.73919719e-01 3.77628297e-01 9.64864790e-02
    2.59846091e-01 2.60419190e-01 2.01181173e-02 1.70172006e-01
    1.55359924e-01 1.06286407e-01 3.81553054e-01 2.66046524e-01
    3.74920160e-01 8.40803742e-01 1.30696535e-01 6.66166365e-01
    7.66205192e-01 1.73685580e-01 6.37836754e-01 6.63122118e-01
    3.24208319e-01 8.43082070e-02 5.74045956e-01 3.36227715e-02
    5.14517367e-01 6.59417510e-01 7.51260221e-01 5.38266778e-01
    6.98826432e-01 1.27854556e-01 8.11878860e-01 3.97398680e-01
    6.16303921e-01 7.43588507e-02 6.83553100e-01 2.67242908e-01
    3.24781775e-01 3.33091587e-01 1.15450203e-01 3.24474275e-01
    4.26478118e-01 5.51912427e-01 4.70760912e-01 9.01902556e-01
    2.37931788e-01 1.11053646e-01 9.18540955e-02 7.26092994e-01
    6.80688977e-01 2.01393127e-01 3.88754427e-01 3.47668111e-01
    6.25263035e-01 5.26594818e-01 9.80101943e-01 5.35893261e-01
    6.77983582e-01 5.32370448e-01 1.59084082e-01 3.06337535e-01
    2.08983719e-01 6.94534421e-01 4.81451333e-01 9.57034469e-01
    3.65099430e-01 4.86943960e-01 8.65177274e-01 6.13150954e-01
    5.69725513e-01 6.25261843e-01 8.49058270e-01 7.49908984e-01
    2.46372342e-01 7.20869958e-01 1.27847791e-01 2.75849283e-01
    8.33701849e-01 4.76430655e-02 4.76366311e-01 4.40876454e-01
    5.98825216e-01 1.13379389e-01 2.28525043e-01 6.36816263e-01
    4.14448708e-01 7.05717266e-01 3.68315756e-01 4.68131661e-01
    5.87581277e-01 9.62596655e-01 8.59252930e-01 2.07108378e-01
    5.91389775e-01 5.54596841e-01 1.97236478e-01 2.80549884e-01
    5.58788419e-01 9.44628716e-01 2.45034605e-01 7.28404999e-01
    1.50651842e-01 5.20380199e-01 7.49810815e-01 9.39903617e-01
    1.28631055e-01 5.08040547e-01 4.63754296e-01 4.93896425e-01
    4.39096838e-01 5.41906834e-01 7.51863241e-01 5.93167841e-01
    9.59970236e-01 3.47121060e-02 7.53722847e-01 7.21130967e-02
    7.57099390e-02 7.58588016e-02 7.14344263e-01 1.83721542e-01
    6.82051182e-01 1.36515021e-01 6.23942316e-02 9.53497887e-02
    3.97327274e-01 7.80764818e-02 5.10112882e-01 8.69645596e-01
    6.55419827e-01 5.09109139e-01 4.02488679e-01 8.56958985e-01
    4.30082649e-01 8.21176410e-01 8.45663607e-01 9.70450282e-01
    2.80672938e-01 8.24154019e-01 7.82590806e-01 8.95563543e-01
    6.57311797e-01 6.72624826e-01 1.52927369e-01 9.20510292e-03
    4.67024565e-01 2.24703997e-01 5.91164291e-01 1.81561470e-01
    5.08706033e-01 2.66123563e-01 7.47351050e-02 8.34850788e-01
    4.46355939e-01 1.83483958e-01 8.61791730e-01 6.30015433e-01
    5.47500491e-01 5.54194987e-01 9.50737059e-01 1.41670704e-02
    2.82856643e-01 6.09283328e-01 6.85204268e-01 2.72519588e-01
    8.48444402e-02 6.18143737e-01 3.23886395e-01 5.43237269e-01
    7.64369965e-01 8.67601395e-01 5.25914609e-01 6.71030223e-01
    7.55662024e-01 5.69955349e-01 1.33993328e-02 3.02725166e-01
    3.01179260e-01 2.13480741e-01 5.61721206e-01 7.03906357e-01
    1.99766457e-02 2.42952645e-01 3.86633515e-01 8.29507470e-01
    5.88615477e-01 8.01664591e-02 3.83031160e-01 8.35864425e-01
    2.46164501e-01 4.97889459e-01 2.34899223e-01 3.46351862e-01
    1.02127403e-01 7.09585845e-01 8.61774325e-01 3.24727893e-01
    1.03676617e-01 8.58185053e-01 2.18384653e-01 2.19734728e-01
    5.87821007e-03 4.83559072e-01 5.82574368e-01 5.40718913e-01
    3.25039923e-02 4.82074916e-01 1.24273032e-01 3.93353164e-01
    2.60991395e-01 7.32630491e-01 5.58415592e-01 4.02644008e-01
    1.02748543e-01 8.73161137e-01 9.11783278e-01 3.50992113e-01
    5.00630140e-02 6.77048802e-01 6.59920752e-01 6.23970568e-01
    1.56981617e-01 9.25348878e-01 8.14900279e-01 2.39533842e-01
    6.68441892e-01 7.77388275e-01 3.06172013e-01 3.60986859e-01
    3.99695635e-01 1.87537998e-01 2.77980834e-01 2.84139007e-01
    4.17062283e-01 5.30644476e-01 1.59805179e-01 3.73299062e-01
    8.97392273e-01 5.13573885e-01 7.27409124e-03 5.52337229e-01
    9.54153657e-01 6.42852485e-01 1.38267040e-01 1.87327057e-01
    7.19543219e-01 8.41624796e-01 2.48900294e-01 1.42120540e-01
    1.67546362e-01 2.79711187e-02 5.56557238e-01 2.55750000e-01
    5.90768278e-01 2.46738911e-01 3.68040979e-01 6.24724030e-01
    9.05804038e-02 4.86128956e-01 9.72466588e-01 2.41925150e-01
    3.94025773e-01 9.87460971e-01 5.91760457e-01 4.48038280e-02
    8.22118580e-01 3.34805131e-01 9.89559352e-01 7.67323613e-01
    6.63326859e-01 1.83476627e-01 9.80174780e-01 1.74117565e-01
    6.63811207e-01 1.67675316e-01 2.89109111e-01 3.01103443e-01
    3.07993472e-01 5.50802469e-01 9.07874107e-02 1.05566740e-01
    9.47218418e-01 5.32792449e-01 6.14072323e-01 6.05845511e-01
    9.26374793e-01 1.50651366e-01 7.32850850e-01 9.68108058e-01
    8.59895706e-01 1.98704273e-01 7.59382486e-01 3.03078830e-01
    2.77483553e-01 9.30776119e-01 3.26062799e-01 8.05959702e-01
    9.26827848e-01 2.95198053e-01 3.67518812e-01 8.30569744e-01
    6.58331752e-01 2.07921565e-02 2.03118175e-01 4.13625181e-01
    2.82088369e-01 7.34695673e-01 1.11216635e-01 3.78812909e-01
    3.73319477e-01 8.22284698e-01 3.25766802e-02 6.81091070e-01
    5.07251024e-01 4.07134920e-01 4.24014211e-01 1.41985595e-01
    8.20947349e-01 2.10738182e-02 8.71651053e-01 1.22821987e-01
    7.72339761e-01 6.07493818e-01 6.52415216e-01 7.92047501e-01
    1.10605419e-01 7.62310863e-01 2.08395541e-01 2.85033226e-01
    2.83347964e-01 1.46269798e-04 5.79385042e-01 8.31071556e-01
    7.55491436e-01 9.28990901e-01 3.75570416e-01 8.83468151e-01
    8.94377589e-01 9.76090074e-01 8.91506910e-01 9.13523316e-01
    1.87087715e-01 9.09417331e-01 8.59823883e-01 4.15080935e-01
    9.93966818e-01 3.92074674e-01 5.54533005e-01 3.00223947e-01
    9.22025740e-02 5.93870640e-01 4.04479414e-01 4.84771162e-01
    8.66681278e-01 9.60479081e-02 8.56748104e-01 2.27682650e-01
    1.72525346e-02 7.93541849e-01 1.98783934e-01 8.63341093e-01
    3.14972967e-01 1.04712933e-01 1.35297656e-01 3.58144879e-01
    8.18878472e-01 7.41180480e-01 4.58665431e-01 7.99366117e-01
    1.01832479e-01 8.79045606e-01 4.76293266e-02 5.30481339e-02
    2.09336698e-01 2.50049651e-01 9.55424309e-02 4.45542127e-01
    6.40744448e-01 4.17854786e-01 7.29920864e-01 1.06245726e-01
    9.97392833e-02 3.59467775e-01 5.87264836e-01 3.78348827e-01
    2.57901490e-01 2.67129242e-02 4.34802264e-01 3.89314204e-01
    6.84839189e-01 2.37199515e-01 8.98167491e-03 4.00861204e-01
    2.18219072e-01 3.82570207e-01 7.22386479e-01 4.34603393e-02
    4.18044060e-01 1.77364081e-01 3.91451776e-01 2.59812176e-01
    7.82361031e-01 6.18519604e-01 7.92208791e-01 6.71597719e-02
    6.70072436e-01 6.60805404e-02 3.51544857e-01 9.10099506e-01
    5.27699113e-01 9.09405112e-01 6.45753443e-01 2.09605753e-01
    5.80458939e-02 3.98868263e-01 2.23682016e-01 6.94642305e-01
    4.77660835e-01 1.05188787e-02 2.45654702e-01 3.25938404e-01
    6.90177917e-01 1.76834494e-01 3.52109551e-01 6.16305113e-01
    4.07167464e-01 4.50200021e-01 4.05756563e-01 7.77061343e-01
    3.30542803e-01 6.53502762e-01 6.89092934e-01 4.03181493e-01
    2.17227042e-01 6.15831673e-01 2.80249506e-01 5.54492354e-01
    9.34193254e-01 2.99529374e-01 7.23347366e-01 3.89278531e-01
    3.76726449e-01 6.86697841e-01 9.88492727e-01 5.19182801e-01
    9.50070322e-02 4.71781939e-01 3.86145771e-01 6.59042358e-01
    5.65848172e-01 5.70366979e-01 9.99873817e-01 3.58239889e-01
    7.14603066e-03 2.40072757e-01 8.46376956e-01 1.57243013e-02
    9.55585361e-01 8.38710606e-01 9.70800757e-01 9.48869228e-01
    1.56759679e-01 1.31903201e-01 6.41574502e-01 5.33685505e-01
    7.89215922e-01 4.22691256e-01 4.62691069e-01 7.23925889e-01
    6.81505322e-01 8.16192567e-01 6.61460161e-01 5.56838632e-01
    4.49039102e-01 6.74420714e-01 7.07876563e-01 6.37731254e-02
    8.02593946e-01 2.16076136e-01 4.53099072e-01 3.80874604e-01
    3.88907671e-01 3.85959655e-01 1.29342943e-01 6.04178429e-01
    4.36623752e-01 8.76186132e-01 5.25366127e-01 8.55062783e-01
    6.11578166e-01 1.29474163e-01 4.11825746e-01 3.82143021e-01
    2.35157162e-01 2.59409100e-01 2.61445701e-01 1.50622636e-01
    9.54443455e-01 8.07824016e-01 9.69558001e-01 7.12088645e-01
    2.41121709e-01 9.75686193e-01 3.00411135e-01 7.08986342e-01
    5.22172630e-01 5.40324986e-01 6.46897495e-01 3.51807982e-01
    1.00823939e-01 9.35391426e-01 8.78847063e-01 1.43033385e-01
    6.06211007e-01 1.19034827e-01 3.09725612e-01 5.65923691e-01
    6.35057688e-03 4.53350484e-01 3.01571190e-02 3.81111324e-01
    5.84159017e-01 7.52864301e-01 1.32603586e-01 7.93298542e-01
    1.92158014e-01 4.93648052e-01 2.22798795e-01 9.59863544e-01
    6.76574707e-02 4.86199379e-01 8.91185164e-01 7.77347803e-01
    7.01893747e-01 8.10429871e-01 8.87970805e-01 2.22865075e-01
    7.69147992e-01 4.04681951e-01 3.19243610e-01 4.33969885e-01
    8.08400393e-01 5.64609706e-01 9.15978193e-01 2.11415321e-01
    8.16836298e-01 2.77339101e-01 2.65650451e-02 2.68197060e-01
    9.53643382e-01 8.94414544e-01 7.40916014e-01 8.48781466e-01
    6.94358945e-02 8.02459598e-01 8.48764181e-01 6.92411721e-01
    1.16582513e-01 9.70213532e-01 4.15180773e-01 2.04061091e-01
    6.60365999e-01 4.62808311e-02 1.15749002e-01 8.35802436e-01
    1.82270706e-02 2.72707641e-02 1.14640743e-01 9.76433158e-01
    9.53220248e-01 1.08097076e-01 6.56651735e-01 8.13817739e-01
    6.76085889e-01 7.97228217e-01 8.43423605e-03 2.69693017e-01
    8.41645539e-01 4.65061456e-01 4.62531835e-01 4.09477055e-01
    2.27770716e-01 3.59965831e-01 1.52758271e-01 5.21934748e-01
    7.81909585e-01 9.07350481e-02 9.89741445e-01 4.80627239e-01
    4.94313985e-01 2.32410371e-01 3.79532486e-01 3.08788657e-01
    6.21214271e-01 6.69286311e-01 2.96350718e-02 7.90997863e-01
    3.53738666e-03 7.00279653e-01 2.21732467e-01 6.57471359e-01
    3.15942526e-01 5.71927428e-01 9.08143163e-01 7.28073835e-01
    4.94831741e-01 6.56963527e-01 8.34378123e-01 7.73445010e-01
    3.33561659e-01 2.25858897e-01 2.32810974e-02 9.04518366e-01
    5.01715064e-01 3.24147403e-01 4.50886667e-01 4.59912151e-01
    3.95056188e-01 8.80343199e-01 4.49156582e-01 5.34327924e-01
    7.74142742e-01 9.61241484e-01 1.28257096e-01 8.67929459e-02
    5.33179879e-01 3.09540629e-02 6.07149243e-01 2.57293999e-01
    2.67764479e-01 9.10462499e-01 5.11445940e-01 3.93511385e-01
    3.87011349e-01 2.10944444e-01 9.52110171e-01 5.77223361e-01
    1.69730932e-01 6.92057848e-01 6.96634114e-01 4.82789248e-01
    9.15459812e-01 1.58454776e-02 3.74525309e-01 9.75687683e-01
    5.90951920e-01 7.86160707e-01 5.59835494e-01 6.56459093e-01
    5.67330837e-01 1.64018720e-01 1.87319607e-01 6.64393604e-02
    5.88442087e-01 2.06102312e-01 3.38334501e-01 8.85624766e-01
    2.16630280e-01 3.65571976e-01 9.02931988e-01 9.80076194e-02
    1.33838952e-01 5.03993928e-01 6.55160904e-01 3.11620295e-01
    5.25180519e-01 9.62233186e-01 5.70756495e-02 7.94758081e-01
    6.79972529e-01 2.08367407e-01 9.12353039e-01 1.95469111e-01
    1.32879287e-01 5.50221622e-01 2.54846752e-01 5.00766277e-01
    7.45596468e-01 4.65993017e-01 2.18358189e-01 3.56388509e-01
    6.02754593e-01 8.20094049e-02 5.52271962e-01 9.90036249e-01
    1.22765660e-01 7.77312279e-01 6.54058099e-01 1.19036138e-01
    9.85797644e-01 2.60557950e-01 4.49939311e-01 3.59260291e-01
    3.47751141e-01 4.21535045e-01 1.44875437e-01 9.05695319e-01
    7.64052153e-01 9.90071476e-01 2.71662533e-01 6.74994648e-01
    7.88663268e-01 9.47503865e-01 4.29627717e-01 3.50949168e-03
    7.41938114e-01 1.24791294e-01 8.80065262e-02 4.68109161e-01
    2.07611591e-01 3.44472617e-01 4.32207614e-01 8.11325073e-01
    3.44872773e-01 6.78308487e-01 5.26997685e-01 9.58236456e-01
    1.83048099e-01 1.11585140e-01 4.17976052e-01 9.38139081e-01
    7.94264793e-01 2.31852442e-01 6.31671309e-01 5.57350695e-01
    4.99942005e-02 2.60822833e-01 6.27734780e-01 7.36782670e-01
    2.41121352e-02 2.37198740e-01 1.79681510e-01 9.71674025e-02
    9.79572296e-01 4.77781653e-01 6.07381582e-01 9.42257762e-01
    2.73791730e-01 6.02845192e-01 5.10205150e-01 3.67514700e-01
    5.91597438e-01 8.47701132e-01 8.16089213e-01 6.86923504e-01
    3.00526321e-01 7.11582303e-01 6.11453891e-01 1.61282450e-01
    7.34424114e-01 6.90524578e-01 6.11814857e-01 9.38029766e-01
    6.36470318e-01 9.14211273e-02 4.21144783e-01 4.90812302e-01
    3.29747617e-01 7.17346370e-01 4.90022749e-01 4.15634990e-01
    7.93753266e-01 6.86499834e-01 4.21894938e-01 5.11483729e-01
    7.78152883e-01 8.25484872e-01 4.85194415e-01 3.67056102e-01
    5.84915042e-01 1.15024060e-01 3.78867418e-01 2.08100766e-01
    8.37751031e-01 6.29642725e-01 2.20051646e-01 5.56225955e-01
    9.80398893e-01 5.28916121e-01 1.49812162e-01 9.20094252e-01
    9.01579261e-01 7.87456274e-01 6.81469560e-01 2.85204381e-01
    3.46747816e-01 6.56920850e-01 9.49377418e-01 5.54610491e-02
    5.06886363e-01 3.48279685e-01 8.05968940e-02 2.60187179e-01
    6.20007217e-01 8.87458682e-01 2.82561123e-01 1.95436120e-01
    6.24224484e-01 2.60120749e-01 6.43675864e-01 3.93725783e-01
    9.69271302e-01 3.67604315e-01 1.88361615e-01 6.52951598e-01
    2.22643942e-01 9.25485730e-01 3.78908634e-01 4.53112364e-01
    5.12421131e-01 8.66119862e-01 8.37496758e-01 7.71335065e-02
    5.80118775e-01 3.18540663e-01 7.45467186e-01 9.63572383e-01
    3.70226264e-01 6.55736268e-01 9.81393456e-03 2.95894980e-01
    8.71218801e-01 3.07871222e-01 7.53063560e-01 1.53174728e-01
    8.59797060e-01 5.92615426e-01 1.10395163e-01 8.07953656e-01
    7.24157453e-01 6.88392937e-01 4.17944968e-01 8.87632787e-01
    6.27771020e-03 5.52103043e-01 2.66025007e-01 9.50148702e-02
    1.81355476e-01 9.11809862e-01 4.16114777e-01 5.40537119e-01
    7.99740911e-01 4.58369792e-01 7.66471624e-01 7.95995414e-01
    2.76244015e-01 5.49668074e-01 7.94365168e-01 6.42215252e-01
    3.20477545e-01 6.11266673e-01 9.90250230e-01 1.43035769e-01
    4.36074615e-01 9.39623475e-01 1.67896092e-01 1.84743404e-02
    4.48997140e-01 5.05352676e-01 5.12326539e-01 8.42558742e-01
    1.00612968e-01 5.59261203e-01 4.07335430e-01 4.18891191e-01
    4.63052005e-01 4.56842661e-01 4.91239280e-01 9.93694663e-01
    7.78516591e-01 1.17363274e-01 9.47305799e-01 5.31776488e-01
    7.94500351e-01 2.17201024e-01 6.42519593e-01 1.85834050e-01
    8.01649809e-01 6.97071433e-01 5.37908733e-01 1.29829466e-01
    6.45365596e-01 8.93110991e-01 5.96580148e-01 1.13853037e-01
    3.94584656e-01 3.19252968e-01 7.20113695e-01 7.12353885e-02
    2.07398802e-01 2.82433212e-01 9.33450580e-01 5.77673912e-01
    6.45493865e-01 8.04288089e-02 9.37667131e-01 5.26163280e-02
    2.67961472e-01 2.59043604e-01 5.54977179e-01 5.04458249e-01
    2.05721051e-01 5.12961268e-01 5.11268497e-01 5.83899736e-01
    1.29920036e-01 3.50336879e-01 5.52848339e-01 8.31187487e-01
    3.19414020e-01 3.85428727e-01 4.28533643e-01 5.15216351e-01
    7.93316782e-01 9.37295318e-01 5.81820428e-01 6.92386985e-01
    3.45927387e-01 3.79076451e-01 3.56665432e-01 2.55748957e-01
    2.77158082e-01 5.33130407e-01 7.01651573e-02 3.33089530e-02
    1.14539146e-01 3.62247109e-01 9.35328364e-01 9.56323385e-01
    7.21228898e-01 1.38690770e-02 2.49450833e-01 4.01263654e-01
    1.89289272e-01 5.58027685e-01 1.90759599e-01 1.12538844e-01
    3.80129099e-01 7.45202124e-01 1.93885088e-01 3.19049329e-01
    4.62661594e-01 9.25862193e-02 8.22143912e-01 5.53353369e-01
    4.00338292e-01 2.03573942e-01 2.42461860e-01 1.16486788e-01
    4.87305224e-01 6.91571772e-01 3.33186090e-01 5.64281881e-01
    8.43159497e-01 3.09878379e-01 8.49365354e-01 4.63580608e-01
    1.22984618e-01 7.23179042e-01 4.39236611e-01 5.20358622e-01
    2.46580392e-01 6.62333369e-02 8.57904792e-01 7.96785176e-01
    1.00427210e-01 6.11066580e-01 7.82310843e-01 3.56627882e-01
    1.37497038e-01 6.46970332e-01 4.99227047e-02 2.55391061e-01
    6.60311937e-01 3.54459882e-03 7.45063901e-01 5.70219040e-01
    7.30460584e-02 8.96553874e-01 7.11115956e-01 6.55631661e-01
    2.82196522e-01 6.74547195e-01 9.69835162e-01 7.66915083e-01
    6.82896495e-01 9.30178702e-01 6.08558059e-01 5.47211528e-01
    3.24204683e-01 2.93299556e-01 4.66777980e-01 9.76085663e-01
    3.33781958e-01 5.41370809e-01 9.39612508e-01 8.02873909e-01
    2.47615486e-01 5.21248639e-01 8.42539310e-01 6.94209516e-01
    6.13850355e-03 5.99949658e-01 2.46021390e-01 5.56279838e-01
    9.33323503e-01 7.30782032e-01 2.41578907e-01 6.60096705e-02
    6.85136437e-01 7.93556511e-01 2.71403849e-01 1.80369854e-01
    2.61842012e-01 9.47158515e-01 1.44840032e-01 1.57690436e-01
    9.18419778e-01 1.27272606e-01 2.62525678e-01 1.35942847e-01
    4.39257532e-01 4.05338943e-01 5.29246271e-01 1.67590439e-01
    9.02258039e-01 6.92246675e-01 3.04703623e-01 8.61857176e-01
    3.18996102e-01 6.66060150e-01 2.63846636e-01 8.35408688e-01
    6.08099699e-02 3.43565643e-01 3.98240030e-01 6.24416530e-01
    7.56795108e-01 7.69708633e-01 8.64472032e-01 9.25236464e-01
    7.60262012e-01 3.70340645e-01 7.02693284e-01 9.73800063e-01
    8.09000909e-01 1.62368268e-01 9.99899268e-01 5.71457267e-01
    8.53084087e-01 9.11540449e-01 8.00202608e-01 8.85333657e-01
    9.37897921e-01 7.43275642e-01 1.10638261e-01 1.44016713e-01
    7.24862814e-01 9.29854155e-01 1.05766356e-01 7.78595805e-01
    8.71085525e-01 8.86984408e-01 2.72086918e-01 9.16064739e-01
    4.82448101e-01 3.85180742e-01 3.05705488e-01 3.72933924e-01
    2.40466595e-01 1.60721153e-01 7.98500419e-01 1.48147285e-01
    2.01398909e-01 5.85857689e-01 8.30262423e-01 2.53810763e-01
    8.98441970e-02 8.95609617e-01 7.78526425e-01 3.62928271e-01
    4.80638891e-01 6.57314658e-01 7.34683692e-01 6.85397089e-02
    3.43491435e-01 9.24237609e-01 4.67743963e-01 2.76670158e-01
    9.05018210e-01 2.49518424e-01 9.88892317e-01 6.78881168e-01
    1.95660889e-02 9.26990092e-01 5.44287145e-01 2.98354805e-01
    9.22657728e-01 5.59490681e-01 6.37691438e-01 7.10114956e-01
    9.98629332e-02 6.31835282e-01 4.10259008e-01 5.39801478e-01
    4.61229444e-01 9.48713899e-01 1.57440901e-02 9.26561356e-01
    8.81452799e-01 5.56306183e-01 2.02886790e-01 1.24120027e-01
    9.46634054e-01 3.97760451e-01 6.44550443e-01 1.18054926e-01
    6.92980945e-01 9.43911791e-01 9.33647156e-04 5.66740692e-01
    8.40828300e-01 5.20665050e-02 2.32225388e-01 2.34724879e-02
    1.82885826e-01 2.82304823e-01 9.31308508e-01 4.84053969e-01
    6.15891457e-01 5.82613647e-01 1.42876685e-01 3.95775110e-01
    9.70027328e-01 9.55356956e-01 4.55356151e-01 8.54197204e-01
    9.69147682e-02 6.13586724e-01 9.13889647e-01 8.77399087e-01
    3.54228556e-01 5.02791226e-01 6.33967996e-01 1.10681832e-01
    6.43573105e-01 1.57927871e-02 6.21090472e-01 9.27283883e-01
    2.60479748e-02 7.67921805e-02 9.67193842e-02 4.23959821e-01
    7.78304040e-01 2.73129344e-01 5.97887874e-01 2.38148898e-01
    8.98363590e-01 1.06775761e-01 8.45976830e-01 5.00343025e-01
    4.23387885e-02 4.78993088e-01 5.37337780e-01 3.53314400e-01
    6.58333182e-01 3.22151065e-01 6.30195856e-01 5.55384874e-01
    6.17195666e-02 7.68071294e-01 3.54883164e-01 8.40781927e-01
    1.18444711e-01 7.62835503e-01 8.13267231e-01 8.39688838e-01
    8.28992844e-01 1.80397362e-01 1.33471012e-01 2.40231574e-01
    6.52411044e-01 1.66796267e-01 4.46595728e-01 4.34473455e-02
    8.18740129e-02 3.62574071e-01 9.56994057e-01 9.48360324e-01
    6.06977463e-01 1.64455175e-03 3.01974267e-01 7.49101520e-01
    9.24850702e-01 8.17937016e-01 4.60464895e-01 9.73416865e-02
    5.82552373e-01 7.18420446e-02 4.10664022e-01 8.66855681e-01
    2.12820172e-01 1.80311680e-01 9.67212439e-01 6.88732743e-01
    3.96958679e-01 1.91166371e-01 8.89856458e-01 6.50437474e-02
    4.18392479e-01 9.37184930e-01 5.93286991e-01 9.15539265e-03
    1.78191841e-01 7.30711997e-01 4.24069047e-01 1.91767156e-01
    5.89168906e-01 8.98476481e-01 5.36109924e-01 8.28585744e-01
    6.80855870e-01 5.32786131e-01 8.33737552e-02 2.82561183e-01
    3.59142512e-01 9.97253060e-02 7.55324602e-01 5.97450674e-01
    1.58585966e-01 4.25606966e-02 2.21133292e-01 3.33473325e-01
    9.21409607e-01 2.56354749e-01 6.29751086e-01 6.80958986e-01
    9.06540275e-01 2.12774217e-01 4.04878348e-01 5.47901332e-01
    6.89917028e-01 3.84212196e-01 8.68965089e-01 2.92318940e-01
    8.51712227e-01 8.91427755e-01 6.45080984e-01 4.71350044e-01
    9.84621048e-01 8.83509874e-01 7.43888199e-01 6.00614786e-01
    7.12034404e-01 1.39540672e-01 3.49876076e-01 2.66950786e-01
    8.82946610e-01 9.38758433e-01 7.77918696e-01 4.61809695e-01
    5.53400278e-01 3.40651274e-01 8.37416470e-01 4.36696678e-01
    2.88631678e-01 2.16584146e-01 5.03807187e-01 5.63078761e-01
    4.63093907e-01 4.48972017e-01 3.28084469e-01 8.85129869e-02
    6.23873472e-01 6.46060586e-01 7.50930846e-01 2.31992066e-01
    9.95955706e-01 8.97354424e-01 2.20664114e-01 2.62357175e-01
    7.92357087e-01 7.87240267e-03 8.56033683e-01 4.99799013e-01
    1.95186883e-01 5.05000591e-01 9.96777952e-01 2.68951356e-01
    5.75581193e-01 2.88595349e-01 1.14090443e-02 7.96882868e-01
    9.94304419e-02 9.74545538e-01 5.16046286e-02 6.10444903e-01
    3.06018054e-01 8.80405068e-01 7.70446002e-01 7.09027529e-01
    3.15267444e-01 6.73370361e-01 1.08970702e-02 6.39026165e-01
    7.39583015e-01 3.74975383e-01 1.08328164e-02 3.42001259e-01
    3.13486814e-01 6.36573315e-01 5.57816505e-01 2.05350369e-01
    4.18620110e-02 6.60707057e-01 2.59315223e-01 5.96805513e-02
    3.45712304e-01 4.14151847e-02 9.88915324e-01 6.85196340e-01
    8.61276567e-01 8.56835961e-01 2.98844695e-01 9.87462878e-01
    9.94186759e-01 6.67342722e-01 9.10531878e-01 1.62490904e-02
    5.40914595e-01 5.54132760e-01 8.10162902e-01 6.03581190e-01
    1.24012798e-01 7.11495578e-01 6.62923813e-01 4.92782980e-01
    2.77947307e-01 3.61576796e-01 9.50962067e-01 6.83536172e-01
    7.20383525e-02 8.50585699e-02 1.24267846e-01 4.38448191e-01
    5.02631843e-01 5.89007080e-01 8.91878605e-01 3.01906824e-01
    8.10751081e-01 8.81929398e-02 3.26353312e-02 4.18919325e-03
    7.99068213e-01 3.74428332e-01 8.21346700e-01 9.56152797e-01
    6.14767373e-02 2.02758938e-01 8.04168105e-01 9.91685748e-01
    2.89381981e-01 2.93719769e-02 8.87953758e-01 7.41955698e-01
    8.84862542e-02 9.75051999e-01 3.03115040e-01 6.04478836e-01
    6.27682686e-01 2.09717333e-01 7.07765222e-01 5.67583203e-01</data></test_img>
<my_img type_id="opencv-matrix">
  <rows>128</rows>
  <cols>256</cols>
  <dt>f</dt>
  <data>
    1.89829743e+00 1.78463757e+00 1.34963894e+00 1.33756912e+00
    9.03579354e-01 1.56807899e-03 8.49838912e-01 1.91772807e+00
    1.59365249e+00 1.67051089e+00 1.73378253e+00 1.12987781e+00
    1.73770404e+00 -1.07434690e-02 2.30719805e-01 1.17501950e+00
    1.07510567e+00 1.77949953e+00 1.95111573e-01 5.67135930e-01
    -6.42447472e-02 8.38838637e-01 9.07121062e-01 -1.68718696e-01
    -2.90401429e-01 1.23808599e+00 9.72487211e-01 1.37941480e+00
    5.62544465e-01 6.54950142e-01 2.07830727e-01 1.23852932e+00
    6.35991156e-01 -1.87733263e-01 1.48372471e-01 -2.52840757e-01
    1.35051036e+00 1.07625401e+00 -4.78046834e-02 3.17067713e-01
    4.94238794e-01 4.02510852e-01 5.52779436e-02 9.47947264e-01
    9.23909664e-01 4.12589669e-01 2.36657262e-01 1.63491750e+00
    -2.16904163e-01 1.85769618e-01 1.57884002e+00 1.39141881e+00
    1.00673467e-01 1.21583426e+00 3.06121469e-01 8.40805411e-01
    -2.84932315e-01 1.74073255e+00 -3.60058606e-01 5.53022146e-01
    1.22951829e+00 1.42735898e-01 1.51361489e+00 1.36272633e+00
    5.79714298e-01 2.55737603e-02 1.11006308e+00 1.95215106e+00
    3.67927581e-01 7.98577428e-01 5.42435050e-01 1.33160579e+00
    8.10992479e-01 5.16905069e-01 3.96881551e-01 1.75135672e+00
    1.40833342e+00 1.83022499e-01 4.83201951e-01 8.64121377e-01
    2.75111049e-01 2.19222426e-01 7.18014359e-01 3.48255128e-01
    1.60860896e-01 -1.60522580e-01 -1.80177867e-01 1.37921011e+00
    1.71285772e+00 7.84876585e-01 1.25239658e+00 4.10101712e-02
    3.74072075e-01 1.76417542e+00 -2.86906958e-02 5.68689346e-01
    1.86926198e+00 1.20061421e+00 -1.38505906e-01 1.86242700e+00
    2.78048754e-01 5.42738438e-02 5.99952519e-01 1.32166946e+00
    1.76195478e+00 1.74895000e+00 1.55902863e+00 1.52675450e-01
    1.48262322e+00 4.81067955e-01 1.20615411e+00 1.79019344e+00
    9.77439463e-01 8.38346839e-01 1.87909758e+00 7.75672734e-01
    9.55887496e-01 1.78541720e-01 2.05727637e-01 -3.47265154e-01
    1.17316198e+00 -9.19291377e-02 7.32567191e-01 1.45471901e-01
    2.90271938e-01 4.13294315e-01 1.76664305e+00 1.11258841e+00
    4.67444122e-01 1.81671572e+00 7.90180385e-01 -1.31939411e-01
    1.23101532e+00 4.27559644e-01 1.33343995e-01 -2.91929245e-01
    -1.51054710e-01 2.69658893e-01 1.62307191e+00 1.05140662e+00
    4.10493612e-02 1.76501143e+00 -2.36804530e-01 1.50543904e+00
    -3.78468990e-01 5.23835778e-01 1.16940069e+00 1.28533077e+00
    -3.80732656e-01 1.52588773e+00 1.57862115e+00 -1.90345645e-01
    -2.97774971e-02 8.04153085e-02 -1.23267710e-01 1.29612970e+00
    1.50900972e+00 9.00744140e-01 1.04524946e+00 1.87359285e+00
    1.03981042e+00 6.70273304e-02 1.23609030e+00 1.07556510e+00
    4.01151359e-01 1.79026628e+00 1.35478830e+00 1.59620476e+00
    2.20490992e-02 -1.44401610e-01 -1.73687935e-04 1.81292605e+00
    1.63731396e+00 1.86577797e+00 2.20469654e-01 -3.51502329e-01
    9.41341996e-01 1.23410523e+00 7.61789322e-01 5.79655170e-01
    1.62530041e+00 1.19724154e+00 -3.38236690e-02 6.13629937e-01
    5.12174964e-02 1.20092332e-02 1.20514917e+00 4.64310408e-01
    5.19231319e-01 1.74665928e+00 5.26472867e-01 9.28805590e-01
    -4.43733543e-01 -4.14270461e-02 1.00689864e+00 1.85903728e+00
    1.74218285e+00 1.52956104e+00 -2.98264802e-01 4.48112249e-01
    1.69388711e+00 4.60664839e-01 1.38122284e+00 5.29235125e-01
    1.61526525e+00 1.08598590e+00 -2.47867748e-01 -2.55033702e-01
    1.25694823e+00 1.81699371e+00 5.44739127e-01 6.16503954e-02
    1.50697148e+00 5.45805454e-01 7.31863141e-01 9.61146951e-01
    -1.84205741e-01 -2.43176758e-01 1.49042225e+00 8.74458551e-01
    1.13355327e+00 -3.32556397e-01 -3.50559890e-01 3.23117465e-01
    2.85361022e-01 -4.22793537e-01 9.71854568e-01 1.62520528e+00
    8.00144911e-01 1.83581114e-01 1.53818440e+00 -1.64254725e-01
    2.00359416e+00 -2.47960508e-01 7.51681864e-01 1.30550361e+00
    1.26987243e+00 1.06930208e+00 6.35650575e-01 7.38999963e-01
    1.69630229e-01 3.69094849e-01 1.08968222e+00 1.32211363e+00
    1.15848279e+00 1.08979797e+00 6.67393208e-01 1.47775602e+00
    1.51841617e+00 -1.33154660e-01 7.84931660e-01 -7.23031163e-03
    6.22822404e-01 5.27186751e-01 2.62383282e-01 1.86610627e+00
    2.51463234e-01 -4.07356977e-01 1.03074765e+00 -5.45883179e-02
    -2.55067557e-01 1.23621547e+00 9.51900423e-01 -4.64694768e-01
    1.51220894e+00 -5.94607890e-01 -5.16646028e-01 -7.85657167e-02
    3.83428156e-01 1.91428947e+00 8.34406853e-01 -8.89590979e-02
    3.91695082e-01 8.73065591e-02 1.00515497e+00 1.39012074e+00
    1.54525471e+00 6.01098418e-01 1.83886182e+00 8.29577684e-01
    1.06732070e-01 1.55959630e+00 1.70390570e+00 6.78728163e-01
    -3.90812993e-01 8.17452252e-01 7.05371141e-01 1.76673126e+00
    7.08524585e-02 1.71870351e+00 1.05738020e+00 1.24345231e+00
    1.64587796e-01 1.78162634e+00 1.42904520e-01 1.70193577e+00
    1.20073414e+00 1.73146212e+00 1.07014620e+00 9.39756036e-02
    -2.12745816e-01 2.71796614e-01 7.76146054e-01 7.25219071e-01
    7.60669768e-01 3.48764062e-02 1.02007675e+00 8.00920308e-01
    -5.14016628e-01 7.93960810e-01 -1.83757663e-01 1.39986598e+00
    3.75462651e-01 -2.83983678e-01 1.75845528e+00 -6.23750389e-01
    6.08815253e-01 9.84588206e-01 1.27063501e+00 5.55490255e-02
    7.45741725e-01 2.77440846e-02 -5.20329177e-02 2.30690539e-01
    4.53399956e-01 -4.48900700e-01 1.82907438e+00 1.75276136e+00
    -9.19114947e-02 -3.22597414e-01 1.32348955e-01 1.14674938e+00
    5.42562008e-02 4.34977412e-02 6.42510474e-01 1.51997912e+00
    7.56933331e-01 1.35759497e+00 5.92770815e-01 1.82381654e+00
    -2.86243618e-01 9.53235686e-01 2.82823503e-01 9.79728878e-01
    6.43294871e-01 -5.72052062e-01 1.18914151e+00 1.52954042e+00
    1.62098050e-01 2.89313555e-01 8.78503442e-01 -2.43968785e-01
    -8.37483406e-02 1.01619387e+00 7.68144131e-01 6.96229339e-01
    -1.73657596e-01 1.44843876e-01 6.08786345e-02 1.59514332e+00
    1.55440807e+00 9.30244207e-01 -1.65791094e-01 1.01218832e+00
    -2.23995388e-01 -1.52131110e-01 7.11356997e-01 7.94594347e-01
    8.32537532e-01 1.36899173e-01 -1.22708499e-01 8.20023000e-01
    1.70077515e+00 3.98913682e-01 1.01724124e+00 1.51108623e+00
    3.68848383e-01 8.62220109e-01 5.49480736e-01 6.15969300e-01
    1.72459459e+00 1.13602269e+00 9.38791275e-01 1.78401995e+00
    -3.28167558e-01 8.82760942e-01 9.25199807e-01 3.16867530e-01
    -2.14876413e-01 -2.19402313e-02 1.84527779e+00 -1.22022897e-01
    6.02971673e-01 7.46077001e-01 -1.58219635e-01 1.68094611e+00
    1.12059093e+00 -6.43228889e-01 2.41533518e-02 1.53509080e-01
    1.47670817e+00 2.06792951e-01 7.25361109e-01 7.63444841e-01
    1.30600524e+00 1.26442122e+00 -3.35476220e-01 -7.69540668e-02
    1.68254566e+00 1.55722988e+00 -3.28517020e-01 -2.11453497e-01
    4.84241545e-01 5.32035291e-01 9.52718198e-01 4.19701338e-02
    2.24843025e-01 -5.40612280e-01 1.77437520e+00 -4.06870335e-01
    3.25781524e-01 6.78639352e-01 1.53516459e+00 2.86060452e-01
    9.79955077e-01 9.37017381e-01 3.30371976e-01 -1.50586128e-01
    1.14829683e+00 1.52108753e+00 9.81696546e-01 1.88417554e+00
    6.81048274e-01 -1.37763262e-01 -3.45436960e-01 1.20257473e+00
    7.07936585e-01 -3.58238518e-01 -3.62305820e-01 1.53498709e+00
    3.36329222e-01 1.51466537e+00 -1.21514738e-01 -4.57320571e-01
    1.07702494e+00 1.51027751e+00 1.30132198e+00 9.61158037e-01
    1.60210586e+00 1.76047111e+00 7.34128237e-01 -4.61806923e-01
    1.76306808e+00 2.52526402e-01 4.63256180e-01 -5.78064322e-01
    1.14598560e+00 -1.73174143e-01 2.10144997e-01 -6.71171546e-02
    -2.47239232e-01 1.53301334e+00 5.44985235e-01 5.06696165e-01
    -8.94645452e-02 -7.00398088e-02 1.69136178e+00 1.09688115e+00
    9.01528418e-01 2.28768289e-01 5.60550332e-01 6.00320101e-02
    1.65382731e+00 1.34753060e+00 7.17145622e-01 6.98506594e-01
    1.43266344e+00 7.85799682e-01 1.33657146e+00 1.18701553e+00
    1.44113088e+00 7.16171086e-01 9.86503005e-01 -3.88604671e-01
    1.05916977e-01 9.67176855e-01 2.16749132e-01 -4.02682483e-01
    4.08095241e-01 1.66238654e+00 1.06276226e+00 -5.19137502e-01
    1.02598619e+00 6.93755507e-01 1.39931059e+00 3.84184897e-01
    3.63467157e-01 -4.13442910e-01 -2.59548664e-01 1.44064665e+00
    5.37250578e-01 4.60413277e-01 1.48168898e+00 -3.60758454e-01
    1.46848369e+00 1.34559584e+00 1.04037428e+00 -4.28951383e-02
    1.95691824e-01 1.20998740e+00 6.58726335e-01 1.16461384e+00
    -3.98106277e-02 1.20593858e+00 -3.44077021e-01 8.48125577e-01
    1.46068096e+00 1.45759630e+00 1.71491086e-01 1.02978957e+00
    1.33190477e+00 -3.89935970e-02 4.45620477e-01 -1.71966553e-02
    4.06217039e-01 1.34712696e-01 -2.32401401e-01 -3.81928056e-01
    1.57819974e+00 6.05929434e-01 1.57204080e+00 1.17380452e+00
    -7.14702189e-01 2.46035039e-01 -2.10148990e-01 -4.90168899e-01
    8.20980728e-01 1.29749465e+00 1.76026702e-01 -6.24555945e-02
    -1.92769796e-01 1.74390972e+00 -3.41218919e-01 -3.61443311e-01
    5.29282331e-01 -8.81781578e-02 3.73037934e-01 -6.61205053e-02
    8.42036664e-01 -6.61990821e-01 1.06821406e+00 7.91142583e-01
    -2.09945083e-01 -2.37177700e-01 -6.14471436e-02 1.75403738e+00
    -1.61713749e-01 -4.87814337e-01 9.18771386e-01 -2.31412053e-01
    -5.17230272e-01 8.90485525e-01 1.09998441e+00 1.59826660e+00
    -2.48457700e-01 6.18817925e-01 -2.59479880e-02 -2.62962341e-01
    4.01273549e-01 1.27076244e+00 1.59788859e+00 -3.73153627e-01
    1.52617538e+00 4.04759407e-01 5.84669650e-01 9.10183907e-01
    3.89109850e-02 -4.71030414e-01 1.02184534e-01 -3.23764622e-01
    1.14281130e+00 -1.41660511e-01 6.38005674e-01 -2.12680459e-01
    1.24151433e+00 1.81012678e+00 1.54859543e-01 1.68376744e+00
    6.73986197e-01 7.57580996e-02 4.16286707e-01 -6.23644531e-01
    1.58978152e+00 2.99898744e-01 3.66640687e-02 2.18380332e-01
    -7.00361252e-01 1.15459692e+00 1.62694168e+00 1.57762456e+00
    1.38486111e+00 -3.88390601e-01 4.33548808e-01 5.09655476e-03
    1.52251375e+00 -1.69467509e-01 4.61188614e-01 -3.56127709e-01
    1.81444287e-01 1.39201212e+00 1.65726399e+00 -5.23289979e-01
    9.28150892e-01 1.18036985e-01 1.12224066e+00 1.27227163e+00
    3.99428606e-01 1.61416578e+00 -1.69978917e-01 -4.79411751e-01
    2.59342253e-01 7.33084202e-01 9.98290658e-01 1.56545043e-02
    1.27029753e+00 1.40855348e+00 -1.31605506e-01 1.36844397e+00
    -4.70469296e-01 8.74808073e-01 5.16814888e-01 1.63085914e+00
    1.14654827e+00 2.40009546e-01 2.93336749e-01 1.42216063e+00
    6.83434606e-02 2.32504606e-02 -1.20665431e-02 -1.98656797e-01
    1.42309248e+00 1.69471264e+00 8.46998692e-01 -2.48735875e-01
    1.11265552e+00 8.80398452e-01 1.14360070e+00 -3.97441864e-01
    -4.34040606e-01 1.70379579e-01 1.03458118e+00 4.10541296e-02
    8.85054350e-01 1.54187775e+00 9.95255411e-01 1.70112395e+00
    -2.94451267e-01 -4.37428355e-02 3.40475082e-01 6.24485493e-01
    1.47952831e+00 1.35697401e+00 -3.78925979e-01 6.34594858e-01
    8.30648601e-01 6.41402602e-02 5.62065780e-01 5.27880788e-01
    6.04499817e-01 -6.04348183e-01 -2.69503802e-01 3.61423731e-01
    3.84076118e-01 -1.69485122e-01 1.02237654e+00 -4.21470702e-01
    9.21706021e-01 1.55374837e+00 7.33645380e-01 -5.07934570e-01
    5.05589426e-01 6.51122630e-01 1.51785254e+00 1.93412244e-01
    1.47349906e+00 6.44466877e-01 7.21356750e-01 -5.86899221e-01
    -2.56445259e-01 -2.99477398e-01 -4.98598814e-03 5.75200319e-02
    4.62986946e-01 -2.19075769e-01 8.74257088e-03 1.82041478e+00
    9.19012010e-01 -5.13831615e-01 -4.89576340e-01 -9.82264280e-02
    8.32477033e-01 -6.37260497e-01 8.63237381e-02 5.18471718e-01
    4.83264267e-01 6.48938715e-01 2.29787350e-01 -1.46124363e-01
    7.14630306e-01 8.12869072e-02 1.05887198e+00 1.24571419e+00
    -1.83410555e-01 -4.96006310e-01 4.43634212e-01 1.35413861e+00
    -3.47208977e-03 1.75033915e+00 -8.94304514e-02 8.51641655e-01
    2.54886806e-01 1.38384604e+00 1.15483761e+00 1.43005192e-01
    6.58847690e-02 -2.32747704e-01 -4.62548018e-01 2.10298479e-01
    4.03017640e-01 1.54388309e+00 8.72963011e-01 1.11651111e+00
    -8.35533738e-01 5.55867672e-01 4.35952127e-01 9.32186902e-01
    1.44436026e+00 1.12101912e+00 -1.38678551e-01 1.63190687e+00
    1.75746405e+00 5.58603168e-01 -5.92743635e-01 1.06791496e+00
    1.41828001e+00 1.43637812e+00 -8.12781453e-01 2.94114113e-01
    2.57557929e-01 1.66662216e+00 -1.11814499e-01 1.07410443e+00
    1.23998117e+00 5.89813352e-01 7.93921709e-01 1.12105417e+00
    -5.07454515e-01 1.67046845e-01 8.08342874e-01 1.31965899e+00
    -2.17725813e-01 1.11120629e+00 8.85780573e-01 1.37466192e-01
    -3.23056191e-01 6.94370687e-01 7.13749111e-01 1.92704868e+00
    1.58046651e+00 -4.10768628e-01 -4.65332031e-01 6.53971910e-01
    6.09659076e-01 1.27313673e-01 -4.75448668e-01 1.05740571e+00
    9.17294979e-01 1.33486056e+00 5.83865345e-01 9.21182334e-01
    -6.58931196e-01 3.01407456e-01 5.45691013e-01 1.35987949e+00
    3.50486398e-01 3.19520772e-01 8.18787336e-01 1.32976425e+00
    1.36268878e+00 1.45314634e+00 1.28592777e+00 -3.72452736e-01
    2.21757472e-01 -7.94917941e-02 9.81116593e-01 4.76705432e-02
    9.47518706e-01 1.04091477e+00 9.91105437e-01 4.10083532e-01
    1.25851583e+00 -1.58853054e-01 1.48370862e-01 6.74471140e-01
    1.66302466e+00 3.46077502e-01 8.84392262e-02 1.43350315e+00
    -4.72970575e-01 5.65479994e-02 1.70225549e+00 -2.20539093e-01
    1.42172790e+00 1.87877715e-01 1.69271767e-01 -4.01010513e-01
    2.98523962e-01 3.10745835e-01 7.12896466e-01 -1.50392950e-01
    1.35204864e+00 1.44337201e+00 1.33379042e+00 1.40644753e+00
    1.55513728e+00 -1.23478413e-01 -1.01811767e-01 1.21534812e+00
    1.16247642e+00 3.27155471e-01 2.00459778e-01 6.85096920e-01
    -4.99833941e-01 1.84190416e+00 2.34221637e-01 6.58006191e-01
    1.33295715e-01 -1.35330796e-01 1.42480338e+00 6.64498746e-01
    6.98072255e-01 -2.21155703e-01 9.05119181e-02 -5.05156517e-01
    -2.11529493e-01 9.19158936e-01 2.17131257e-01 1.54731202e+00
    1.95525169e-01 1.28269172e+00 1.50927401e+00 1.03120446e-01
    1.26088572e+00 1.20954061e+00 1.43002033e+00 9.44817245e-01
    4.38534021e-01 -5.61688960e-01 7.46656537e-01 5.76696098e-01
    1.58579946e-01 9.13973689e-01 3.30254972e-01 1.60134077e+00
    4.14536834e-01 -4.75216508e-02 -6.63805127e-01 1.75412774e-01
    1.44878364e+00 -6.05396628e-02 7.30807304e-01 4.87204790e-01
    1.41985643e+00 -4.93102968e-01 -4.36874509e-01 1.61877453e+00
    8.74185741e-01 1.93768740e-01 1.94093525e-01 4.86145794e-01
    7.33462751e-01 7.91059613e-01 -6.79681957e-01 1.00302291e+00
    -5.09539247e-01 1.01882398e-01 1.64099550e+00 2.02182412e-01
    1.22679973e+00 5.56812704e-01 1.10385752e+00 1.52855539e+00
    1.11214399e+00 1.09286356e+00 -1.25184059e-02 5.76296866e-01
    -1.10184073e-01 2.09568083e-01 9.41286802e-01 7.94109762e-01
    5.10324836e-02 3.60656440e-01 -3.78427625e-01 -1.69604421e-01
    1.72934270e+00 1.64074540e+00 1.49226570e+00 1.12534928e+00
    1.10953450e+00 4.90679145e-01 6.21844590e-01 4.03054178e-01
    1.25373745e+00 1.69746852e+00 -6.20026112e-01 -1.28612936e-01
    2.93135643e-03 -2.21224666e-01 8.91591370e-01 1.69067967e+00
    -5.72881281e-01 3.20074856e-01 1.68193173e+00 8.27920973e-01
    9.41733122e-02 1.46170807e+00 1.56021559e+00 6.23942792e-01
    3.78712833e-01 -5.54600596e-01 1.73626995e+00 9.52367067e-01
    1.28448915e+00 1.05699539e+00 5.81967831e-03 7.54777730e-01
    1.05295444e+00 4.03339446e-01 4.34062362e-01 -3.29440951e-01
    6.56971037e-01 7.22849905e-01 2.86531389e-01 4.53932881e-01
    -2.94046134e-01 1.24559808e+00 2.02746987e-02 1.16964650e+00
    -1.26523405e-01 1.38893580e+00 1.38507366e-01 1.42672682e+00
    2.77318060e-01 -2.76076585e-01 -4.55620766e-01 1.67863607e+00
    1.13501382e+00 1.70945907e+00 -5.92480898e-01 5.10767281e-01
    9.15287137e-01 5.97204745e-01 8.80590975e-01 -2.68989384e-01
    -5.48042417e-01 2.47498155e-01 5.06486952e-01 1.47198892e+00
    -3.59153152e-02 1.70042491e+00 1.60685337e+00 -7.77728558e-02
    -1.64496899e-01 9.84741926e-01 6.24502242e-01 2.59276509e-01
    -4.71017599e-01 1.33087325e+00 1.55573678e+00 -4.03067648e-01
    1.35708892e+00 5.25332093e-02 1.01680100e+00 1.52445388e+00
    1.53983307e+00 1.03828609e+00 7.42586792e-01 1.36035168e+00
    1.13258982e+00 -3.32493067e-01 6.88505292e-01 3.43839109e-01
    3.24346721e-01 5.94780445e-01 8.92321169e-01 1.68745494e+00
    -5.31288266e-01 5.90304315e-01 1.61507022e+00 1.01579845e-01
    1.05510330e+00 1.25433564e+00 9.57988203e-01 1.18375754e+00
    6.17910028e-02 8.24362397e-01 1.05457735e+00 1.34728932e+00
    3.66777778e-02 -3.58725101e-01 7.96858668e-02 -4.94999290e-01
    -3.19826305e-01 1.83585644e-01 1.34270430e+00 1.36886549e+00
    3.15667093e-01 4.17690635e-01 9.14333284e-01 8.04570317e-01
    -5.64030230e-01 -1.28117263e-01 -1.26321316e-01 1.13660908e+00
    -3.12731951e-01 1.63443184e+00 7.25411057e-01 7.94829786e-01
    3.67682636e-01 4.92562294e-01 -3.66061449e-01 4.85443413e-01
    1.13739657e+00 -1.99464440e-01 4.66494977e-01 1.30769336e+00
    9.53567386e-01 1.66529369e+00 5.52304089e-01 1.59540832e-01
    -5.60734510e-01 8.28045905e-01 2.62477219e-01 -7.66468048e-03
    9.19038057e-01 1.15196764e+00 -4.18766171e-01 7.69330978e-01
    -1.53628409e-01 1.18599606e+00 7.29623437e-02 -6.67723596e-01
    -1.05330884e-01 4.78142679e-01 -5.05344152e-01 9.51212466e-01
    1.24761844e+00 1.68543911e+00 1.37523901e+00 1.42795444e-01
    -2.01923609e-01 -4.54391360e-01 7.03870475e-01 1.53486145e+00
    1.16360974e+00 4.72873688e-01 5.02802670e-01 9.29504156e-01
    3.28340411e-01 1.69089043e+00 9.94016945e-01 -1.78803205e-02
    1.35244977e+00 1.22647929e+00 -5.56148171e-01 1.06767201e+00
    -2.82804430e-01 5.26864946e-01 -3.75295699e-01 -2.55612701e-01
    -4.33517456e-01 -6.22185469e-02 1.20811462e+00 -3.40923458e-01
    -6.63441122e-01 1.72067356e+00 1.91431463e-01 6.78760827e-01
    2.46576905e-01 5.96124649e-01 -3.22390199e-02 1.66955769e+00
    1.31593275e+00 -4.29614335e-01 3.67639661e-01 -4.45343763e-01
    -4.03646588e-01 9.51744616e-01 6.95668280e-01 1.39941907e+00
    1.10091126e+00 -4.24131364e-01 -1.81928575e-01 1.01804078e+00
    1.13861156e+00 4.84843612e-01 1.19993353e+00 7.51318693e-01
    2.87961960e-01 2.09194422e-02 -7.59190798e-01 7.23486423e-01
    5.83674073e-01 -2.99661309e-01 4.11127985e-01 1.20454359e+00
    -3.85210305e-01 1.49462223e+00 1.37010336e-01 1.01452661e+00
    -5.53934455e-01 1.14293385e+00 1.43362904e+00 5.82337439e-01
    9.22659755e-01 1.38800144e+00 8.61348391e-01 1.48820233e+00
    -5.48324108e-01 1.64323699e+00 1.32318485e+00 6.94860816e-02
    3.05475116e-01 1.34407115e+00 1.34733653e+00 -1.86047494e-01
    1.02342463e+00 5.95240593e-02 -2.00707316e-01 -5.59398532e-02
    9.06215370e-01 -4.98556107e-01 1.21570086e+00 3.77602696e-01
    9.10352767e-01 -2.00671077e-01 -4.30720806e-01 1.41172147e+00
    -7.29841232e-01 2.42413998e-01 -3.30859870e-01 3.67575526e-01
    -6.70121074e-01 1.70848846e+00 2.38151729e-01 -6.55646026e-01
    3.87551785e-01 9.81699169e-01 9.18909967e-01 2.64814496e-01
    1.74664664e+00 -1.79907024e-01 1.12898111e-01 3.55437219e-01
    3.25671136e-01 -7.16453671e-01 -4.28476632e-01 1.19022262e+00
    8.42672050e-01 6.82550550e-01 -3.08847427e-02 -5.38120091e-01
    7.32147753e-01 -4.62888300e-01 -6.22310042e-01 1.36162138e+00
    -6.06646001e-01 -5.88613629e-01 -2.41038889e-01 1.67404175e+00
    3.02494645e-01 2.51949847e-01 8.58667314e-01 -1.11426711e-01
    9.22025800e-01 -9.86959934e-02 1.53960776e+00 1.34096742e-01
    -3.20398211e-02 5.85786104e-01 4.34501171e-02 1.32577634e+00
    1.48139298e-01 8.06095123e-01 7.84254014e-01 -1.82870805e-01
    1.58783567e+00 9.60447073e-01 -2.91706115e-01 4.52098906e-01
    9.90872085e-01 1.13929427e+00 1.02867913e+00 2.94695139e-01
    2.43183434e-01 -5.11899412e-01 6.01533651e-01 5.80989659e-01
    6.95035398e-01 1.66010165e+00 9.55748677e-01 1.52449739e+00
    1.71709597e-01 9.67925131e-01 -6.73616230e-01 7.47464180e-01
    4.46210563e-01 -4.36194420e-01 1.56142497e+00 1.04229832e+00
    -2.03868091e-01 1.40407729e+00 -2.31944978e-01 1.41786265e+00
    -3.86380345e-01 9.08060551e-01 -6.63141131e-01 1.56106222e+00
    7.38843083e-02 9.04648781e-01 5.18125296e-01 3.66929173e-01
    1.66582799e+00 -7.94310331e-01 -1.38418972e-01 1.04162133e+00
    1.19744158e+00 7.78732896e-02 -3.33797932e-02 1.27957845e+00
    -4.01693642e-01 1.17945468e+00 -3.51545691e-01 6.53545141e-01
    1.55821443e+00 7.30390489e-01 5.15510857e-01 -4.39941972e-01
    -4.40406591e-01 2.78920531e-02 1.45164871e+00 -3.07745546e-01
    8.62174273e-01 -1.73341274e-01 -6.01040721e-02 -3.84764075e-02
    7.89414644e-02 1.64308369e+00 -3.28591675e-01 3.67372811e-01
    1.45478034e+00 9.79072452e-02 6.05941057e-01 -6.50963187e-01
    -2.12933689e-01 6.43903852e-01 5.17135918e-01 1.04441941e+00
    -5.76119304e-01 -4.18671459e-01 1.37060356e+00 6.65598869e-01
    -1.91032112e-01 -5.16328931e-01 3.36399853e-01 1.33209848e+00
    1.53704929e+00 1.56027925e+00 -4.02726352e-01 1.79018283e+00
    1.73753643e+00 1.72509646e+00 1.67746186e-01 4.68224108e-01
    1.78044629e+00 1.91731334e-01 5.87693930e-01 1.15714741e+00
    -4.75074649e-02 1.43969297e+00 1.83013082e-02 -1.73097908e-01
    3.87253881e-01 1.39203727e+00 6.05344117e-01 -7.39425182e-01
    -4.22462255e-01 3.41015279e-01 1.05900753e+00 1.14328337e+00
    1.05591297e+00 1.20729017e+00 -5.68180203e-01 1.14803159e+00
    9.07077610e-01 -1.37974620e-01 1.40489101e+00 -4.07041281e-01
    3.27627659e-01 1.46524739e+00 1.61255240e+00 -4.40363288e-02
    2.21480489e-01 -5.27097583e-02 -3.94288242e-01 1.16314697e+00
    8.48398507e-01 1.45851207e+00 -2.50635743e-01 -7.01150835e-01
    9.10500705e-01 -2.95795828e-01 9.99104381e-01 1.10200822e+00
    3.88604701e-01 -3.72822285e-02 7.72836149e-01 2.79608190e-01
    1.07349062e+00 -5.42970896e-02 -8.21280479e-02 6.54423237e-03
    6.00921094e-01 1.42555404e+00 9.14480329e-01 -6.51200831e-01
    -2.98746377e-01 1.67329311e+00 -1.62104666e-01 1.63130653e+00
    -4.57041681e-01 -2.09876746e-01 3.57978940e-01 2.33999133e-01
    2.82623172e-01 5.00271678e-01 1.21211052e+00 6.35064840e-01
    8.16137075e-01 1.08073425e+00 8.78909469e-01 4.98942673e-01
    -3.07422191e-01 3.33923101e-02 1.13724279e+00 1.39233327e+00
    1.66321218e-01 -2.28868872e-01 7.15628684e-01 1.15126181e+00
    7.18268573e-01 1.28021967e+00 -6.21383905e-01 3.00568640e-01
    3.70948613e-01 5.86831808e-01 5.26314378e-01 1.37702680e+00
    1.35315144e+00 -5.35678029e-01 8.37355852e-01 1.44072962e+00
    1.41084576e+00 1.10083044e+00 -5.43013334e-01 -3.54386151e-01
    -5.92502892e-01 9.51874971e-01 9.92600381e-01 -6.82407618e-02
    3.16771865e-01 -2.59051800e-01 1.56577945e-01 -3.76841813e-01
    5.89735329e-01 8.41319084e-01 1.38296902e-01 -7.10238755e-01
    1.63344312e+00 1.46615577e+00 1.11200714e+00 6.13898456e-01
    1.43626547e+00 -5.21008253e-01 5.11760414e-01 6.73744917e-01
    5.89622319e-01 7.41518378e-01 4.69605327e-02 -9.87570882e-02
    -6.56739771e-01 1.53842998e+00 -6.55093610e-01 6.32893920e-01
    1.52871406e+00 -4.08189535e-01 3.91268611e-01 1.04028702e-01
    1.34839630e+00 3.00650895e-01 3.40469480e-02 -9.43571329e-02
    1.25743008e+00 1.21113205e+00 -2.90282995e-01 3.64000201e-01
    9.62483943e-01 -7.20971882e-01 -4.77305055e-02 -5.06231785e-01
    -5.64651132e-01 5.61380565e-01 1.41300154e+00 7.38884330e-01
    -5.78620076e-01 -3.40786517e-01 5.65394938e-01 1.20097280e+00
    -5.40695786e-01 1.16864467e+00 -3.49123895e-01 4.10997868e-02
    1.32667112e+00 9.65184391e-01 1.66714811e+00 -7.86796808e-02
    9.71480012e-02 -3.86049062e-01 1.21495187e+00 6.96421862e-02
    8.23958576e-01 9.00250614e-01 -1.94924295e-01 7.54488409e-01
    1.33890343e+00 -7.95935273e-01 4.69609320e-01 1.16032362e+00
    -7.26884305e-01 -4.50080514e-01 1.49264586e+00 1.26425719e+00
    -8.85117054e-02 -3.92657042e-01 1.47967994e-01 9.37604427e-01
    8.07025433e-01 -1.48402512e-01 3.39079559e-01 5.09139776e-01
    -6.66934252e-03 1.73353028e+00 4.82702971e-01 3.53594124e-01
    -8.56978893e-02 2.70791829e-01 -3.37889999e-01 1.34147680e+00
    4.48431611e-01 1.01584172e+00 -3.95186901e-01 -2.30289847e-01
    1.66780376e+00 7.67849028e-01 -4.40594345e-01 1.30438638e+00
    4.81441319e-01 -1.14754200e-01 4.96286631e-01 9.75953937e-02
    1.39335680e+00 6.72469258e-01 -1.18152499e-02 4.04577494e-01
    -7.14842081e-01 6.36537910e-01 1.00828898e+00 2.02083588e-03
    7.49342203e-01 9.82792556e-01 2.46537387e-01 1.40870345e+00
    -4.20573473e-01 2.70082891e-01 5.80747128e-02 1.45538330e+00
    4.56298590e-01 -3.95871520e-01 8.57607663e-01 1.35981810e+00
    1.16975546e+00 1.33534694e+00 -2.62485027e-01 4.42562938e-01
    4.25019145e-01 1.06854105e+00 -4.49579120e-01 -2.27535963e-02
    1.93955839e-01 7.76122153e-01 -3.86586607e-01 1.29421151e+00
    -6.61260605e-01 8.40950668e-01 5.51275611e-01 -1.39269471e-01
    -6.02630734e-01 1.40341949e+00 2.85656452e-02 6.45051777e-01
    3.48252773e-01 -1.26656651e-01 1.60644102e+00 1.63581610e+00
    -1.27986670e-02 1.14183712e+00 1.96999073e-01 -4.70938087e-01
    2.53778875e-01 -5.04434109e-01 6.84999645e-01 1.04008758e+00
    6.98923767e-01 -5.42836666e-01 1.57360339e+00 9.75368977e-01
    4.51745749e-01 -4.99880195e-01 5.69582045e-01 -4.30443048e-01
    5.80612779e-01 6.57654881e-01 1.23063421e+00 -2.04944253e-01
    -3.28241467e-01 1.09693623e+00 1.20861411e-01 5.92122734e-01
    -1.15593553e-01 5.39071620e-01 1.27213693e+00 1.29134893e+00
    1.07635915e+00 1.43635368e+00 9.85866487e-01 1.24125719e-01
    1.47126448e+00 4.93723929e-01 -6.01614296e-01 7.18214512e-01
    -6.31820798e-01 1.04389095e+00 1.19467640e+00 8.36345375e-01
    6.68610334e-01 3.72532010e-02 2.03259110e-01 -6.89846992e-01
    -4.37421381e-01 1.03163660e-01 6.70827389e-01 4.26534414e-02
    4.77700233e-01 1.44047356e+00 6.01102412e-01 4.79053020e-01
    3.35951447e-02 -1.88084781e-01 2.59996116e-01 -1.96727276e-01
    1.39839411e+00 4.38584208e-01 5.84654212e-01 2.21515417e-01
    6.29499555e-02 1.55200624e+00 -5.32307625e-02 -5.47725737e-01
    7.98204660e-01 2.12313771e-01 5.52520812e-01 5.35056651e-01
    1.60538185e+00 1.65547585e+00 -7.12117970e-01 -2.87775069e-01
    1.06212091e+00 6.57615185e-01 8.14494133e-01 1.13436556e+00
    4.46211338e-01 -5.28517365e-01 9.71584022e-01 2.61651039e-01
    1.73170924e-01 2.00998008e-01 9.98621523e-01 1.40100789e+00
    -1.21096373e-01 4.75139618e-02 -6.13939404e-01 -3.75126511e-01
    4.71669316e-01 7.86246479e-01 -1.50033295e-01 3.36967647e-01
    1.42909801e+00 -3.10154319e-01 1.37995970e+00 -1.32608414e-01
    1.46455753e+00 1.41996622e-01 -4.77708876e-01 1.59144306e+00
    -4.59727049e-01 7.37498522e-01 -3.95635098e-01 1.41646254e+00
    1.41678858e+00 4.00482237e-01 1.65036440e+00 1.66612005e+00
    2.90909290e-01 7.44224131e-01 5.99579036e-01 -3.32130343e-01
    7.04697311e-01 1.46542966e+00 5.66243470e-01 -5.23263276e-01
    -1.51929915e-01 -5.03900170e-01 1.13265944e+00 2.33669460e-01
    1.17578387e+00 8.08003426e-01 -8.73722315e-01 1.43796873e+00
    1.48555183e+00 1.27447045e+00 -3.45402062e-01 1.28449953e+00
    1.35171676e+00 4.59125459e-01 7.14604378e-01 5.60273767e-01
    8.16170096e-01 1.04995251e+00 1.53366220e+00 9.22138929e-01
    -3.87478620e-01 3.37421894e-03 1.18732548e+00 1.18569040e+00
    -4.68733728e-01 -1.44274831e-01 8.54766190e-01 7.50217557e-01
    6.89886212e-01 -4.28761005e-01 -3.10737431e-01 -5.19968510e-01
    1.34039652e+00 1.40940166e+00 1.25294495e+00 5.40812373e-01
    1.72671056e+00 1.41175699e+00 9.01345253e-01 1.16185498e+00
    1.31685424e+00 6.82116270e-01 7.56984770e-01 8.86871219e-01
    1.59769630e+00 6.14045203e-01 1.46457100e+00 1.19737148e+00
    -2.27465540e-01 1.75448883e+00 -3.42551619e-01 -5.36874950e-01
    1.51235235e+00 -2.43867457e-01 1.68333292e+00 6.66457415e-03
    -7.24133849e-02 -5.68663180e-01 -8.08289051e-02 8.70840967e-01
    1.03812695e+00 1.42649722e+00 1.25488162e+00 9.07501698e-01
    4.49691415e-02 1.32926035e+00 1.00185597e+00 6.03568554e-02
    -1.66198790e-01 1.57588005e-01 1.54978728e+00 3.22414339e-01
    4.52926517e-01 1.58531082e+00 -1.66954339e-01 6.73216224e-01
    -4.83809292e-01 -2.66456395e-01 9.52844858e-01 1.58078194e-01
    8.07042718e-01 1.39277041e-01 5.22626162e-01 8.79912376e-01
    3.42250466e-02 2.71000624e-01 3.20373535e-01 1.11698246e+00
    2.13608205e-01 8.39661002e-01 1.41766441e+00 3.39826941e-01
    1.60894501e+00 7.62969375e-01 6.31371379e-01 -3.11254799e-01
    7.79709399e-01 1.72576320e+00 -4.99854803e-01 1.75161779e-01
    6.87354803e-01 1.03011274e+00 1.46179438e+00 1.77831590e-01
    -3.76691818e-02 6.20104313e-01 3.93523574e-02 5.49278259e-02
    1.14963746e+00 -2.96381980e-01 5.02279758e-01 -5.63357830e-01
    -2.72617549e-01 -2.98525304e-01 -5.75983644e-01 -4.46572751e-01
    9.01743531e-01 -4.19208199e-01 -7.33480573e-01 7.08302617e-01
    8.75720382e-01 9.56468403e-01 -2.55627632e-02 -3.01332951e-01
    1.01836681e-01 -1.50399983e-01 1.47383893e+00 2.51328588e-01
    1.11324275e+00 7.52044439e-01 4.76787686e-01 -4.70263064e-01
    6.98540807e-02 4.87231016e-01 1.54205525e+00 2.36420512e-01
    1.20934951e+00 7.50184655e-01 9.41388845e-01 1.35275543e-01
    1.12242913e+00 -2.73079872e-01 6.19671881e-01 1.24965608e-01
    3.79637837e-01 1.39481354e+00 9.72682774e-01 1.44534063e+00
    -5.57801723e-01 1.01776266e+00 -1.54153556e-01 -3.43308151e-01
    1.56571794e+00 1.80458999e+00 5.55075467e-01 -4.27088499e-01
    -3.66200507e-01 1.82812512e-01 5.96759975e-01 -4.60066259e-01
    -7.84328580e-02 -5.02217531e-01 7.25556612e-02 1.42568660e+00
    -2.33558565e-01 7.53637195e-01 -7.58550286e-01 -1.27223134e-02
    1.42834604e+00 -7.98424363e-01 5.34741521e-01 -3.03865910e-01
    -4.70588803e-02 1.35823095e+00 -3.26110721e-02 1.44242644e+00
    9.29965734e-01 -1.61837637e-01 3.30379844e-01 1.52479684e+00
    5.77913105e-01 7.39644170e-01 -7.65249133e-02 1.71344519e+00
    1.15400934e+00 1.15619063e+00 8.26507628e-01 1.54261994e+00
    -7.79550135e-01 4.29192364e-01 1.19776154e+00 1.57260418e+00
    3.61510038e-01 4.28315341e-01 3.71429384e-01 6.01151109e-01
    -1.41234279e-01 3.22598457e-01 6.75742567e-01 1.30491495e-01
    1.39875042e+00 6.48918092e-01 1.67376590e+00 1.55383098e+00
    -6.43955946e-01 1.08296680e+00 -4.40254003e-01 5.69610119e-01
    6.05861545e-02 9.39794064e-01 7.71346033e-01 5.84941566e-01
    1.19632316e+00 -7.25180089e-01 8.37425470e-01 1.20382607e-01
    1.09392810e+00 1.09458089e+00 -4.78445590e-01 1.73531747e+00
    2.75777221e-01 5.21432698e-01 -3.92477870e-01 -1.75356805e-01
    1.52034211e+00 3.45170975e-01 -3.76238436e-01 2.83559382e-01
    6.05846524e-01 1.03036797e+00 -2.22184300e-01 1.52714634e+00
    -7.30898619e-01 5.01514137e-01 6.38565004e-01 1.37804914e+00
    -1.99359298e-01 1.32760239e+00 1.29257584e+00 2.95496583e-02
    1.31643760e+00 9.82794166e-02 -1.12815380e-01 1.00670218e-01
    -6.87846065e-01 1.66840005e+00 -4.61946458e-01 -5.65375090e-02
    9.50329661e-01 9.42590952e-01 1.63551426e+00 6.65772736e-01
    -2.90927708e-01 9.80436802e-04 1.79335535e+00 1.62909901e+00
    -2.64770389e-01 1.49709249e+00 -2.61754334e-01 -1.26117468e-01
    -6.70771897e-01 -4.88389701e-01 1.29808128e+00 5.34937799e-01
    1.39432323e+00 2.11828947e-01 1.62076187e+00 -9.43297148e-02
    -7.51795471e-01 1.51605964e+00 1.43518019e+00 1.47228229e+00
    -3.68554205e-01 -7.74655044e-01 7.75592744e-01 1.57720327e-01
    -9.54906344e-02 7.72936523e-01 1.54923511e+00 1.28197825e+00
    1.07562780e+00 6.03254318e-01 4.63637888e-01 8.86722207e-02
    -8.67663622e-02 1.21348476e+00 1.13662648e+00 -6.89899087e-01
    1.09630132e+00 -1.48924291e-01 -3.13270390e-01 -3.95384759e-01
    3.96402657e-01 5.93994737e-01 -1.98109567e-01 1.31948519e+00
    -7.08858669e-01 5.38316011e-01 8.24792624e-01 4.83133078e-01
    1.16493440e+00 4.22224820e-01 3.89169812e-01 6.12899899e-01
    -5.11263490e-01 1.59693420e-01 1.42735958e+00 9.01129127e-01
    -6.47530913e-01 1.69991505e+00 1.00809669e+00 2.99485326e-01
    7.03686118e-01 2.89106250e-01 -3.04328650e-01 9.24888790e-01
    -5.45405209e-01 4.52628911e-01 6.53612971e-01 3.38804960e-01
    1.05916548e+00 -5.64670384e-01 1.00371075e+00 1.64792418e-01
    -2.50170261e-01 1.36755300e+00 5.79752922e-02 -2.14674324e-01
    7.90817320e-01 8.21455121e-01 -2.18567193e-01 1.05913305e+00
    7.22907782e-01 1.32344437e+00 -6.42898202e-01 -5.46227574e-01
    8.96243870e-01 9.49640930e-01 9.25055504e-01 -3.23792219e-01
    2.08555460e-02 -5.11037111e-01 7.12002575e-01 8.22270513e-02
    9.57908630e-02 7.67800927e-01 -2.23447025e-01 1.65068865e-01
    4.83522296e-01 -1.22229457e-01 3.78330350e-01 9.63749111e-01
    3.74361157e-01 2.44021714e-01 1.35691595e+00 1.23498619e-01
    7.74184406e-01 7.98424423e-01 3.11789989e-01 -4.08625811e-01
    6.15106821e-01 1.18145192e+00 1.55330753e+00 1.38611794e+00
    1.00087130e+00 1.24351907e+00 7.03543723e-01 9.01548445e-01
    1.14546561e+00 1.01050174e+00 -4.57164764e-01 1.52017152e+00
    -4.38220501e-01 7.14735150e-01 1.15254295e+00 1.42929339e+00
    1.15743089e+00 3.41686606e-02 6.46922827e-01 1.31375599e+00
    9.77485597e-01 -2.75016427e-01 5.74460804e-01 1.09056950e+00
    8.52433741e-01 1.42470312e+00 -6.57868266e-01 6.83126211e-01
    2.33664513e-02 1.32398248e+00 -3.63999069e-01 3.12555850e-01
    9.57832754e-01 -7.13601351e-01 1.16980171e+00 -3.25862795e-01
    5.97069204e-01 7.67624497e-01 1.06977940e+00 -3.32439899e-01
    9.55317378e-01 1.55036891e+00 1.01690316e+00 1.58563375e+00
    -3.61041725e-01 -2.63822198e-01 1.32858539e+00 1.77604842e+00
    3.02786529e-01 1.44011843e+00 9.17001963e-02 -3.38213801e-01
    1.77776766e+00 -2.09256411e-01 1.59434259e-01 1.20084119e+00
    1.27546835e+00 -5.21942735e-01 -1.86244130e-01 5.53468049e-01
    -6.28631830e-01 1.41130638e+00 3.41953933e-01 1.00775635e+00
    1.38115108e+00 6.59905195e-01 6.79518402e-01 1.21489882e+00
    -7.59420991e-01 1.12532938e+00 1.03243852e+00 5.36080241e-01
    6.72175407e-01 -7.35687733e-01 1.52619720e+00 1.29615271e+00
    -3.66886050e-01 -3.24786752e-01 9.32782173e-01 7.87066221e-02
    -5.35795689e-02 1.06747246e+00 -2.50917137e-01 8.69635999e-01
    -1.60095453e-01 1.52091324e-01 1.30104733e+00 1.60755455e+00
    6.89263523e-01 1.26450109e+00 6.08502090e-01 -1.94621921e-01
    9.64004219e-01 1.19740987e+00 1.23691809e+00 3.23556662e-02
    1.62416697e-01 -7.23083377e-01 1.65627718e+00 2.95330882e-02
    1.10304904e+00 -7.02632070e-02 9.57418382e-01 2.36268938e-01
    1.16270351e+00 8.96539032e-01 1.52194214e+00 -3.63838494e-01
    -5.35121560e-01 1.71692002e+00 6.22948587e-01 1.02915430e+00
    4.68924642e-02 -6.60869122e-01 1.32694650e+00 -3.81147355e-01
    2.73309648e-01 7.21567690e-01 4.73557353e-01 1.39205730e+00
    6.59514368e-01 6.27465248e-01 1.26779795e+00 1.10738254e+00
    -1.30528092e-01 -1.76307440e-01 1.46784091e+00 -6.39576793e-01
    -5.81011355e-01 1.49855685e+00 4.26551223e-01 1.16330552e+00
    9.33880389e-01 -2.85309553e-03 -5.44523120e-01 1.09603214e+00
    9.58012164e-01 1.09283876e+00 -1.15809977e-01 -4.34488058e-03
    1.43295860e+00 5.25557995e-02 -2.43222654e-01 -4.22264665e-01
    -9.14466381e-03 5.40296376e-01 1.12441969e+00 -1.39669955e-01
    1.25690246e+00 -3.09075356e-01 -5.18483639e-01 9.22708809e-01
    2.30241299e-01 9.56547797e-01 2.38930762e-01 9.86442208e-01
    4.82035041e-01 2.25579381e-01 3.91924381e-03 5.52858233e-01
    4.22239900e-01 1.27953231e+00 -4.80371714e-03 -4.61793512e-01
    1.27227843e-01 5.02945006e-01 1.44031048e+00 3.15265596e-01
    -4.42964286e-01 1.56792462e+00 1.18048334e+00 1.16504455e+00
    7.84976065e-01 3.95595431e-02 5.62708676e-01 -6.75300121e-01
    9.64837492e-01 -3.79010439e-01 5.22875547e-01 1.15450478e+00
    2.25132227e-01 9.45109963e-01 1.01232004e+00 5.17032027e-01
    6.53008938e-01 1.29594326e+00 1.10414124e+00 1.18230081e+00
    9.44628716e-02 2.48692334e-01 -9.94614959e-02 1.00063574e+00
    7.68394113e-01 7.18814552e-01 9.34357703e-01 1.39076543e+00
    2.45158970e-01 -6.23296499e-01 5.56033790e-01 2.33950496e-01
    -1.10879481e-01 3.80081713e-01 1.34268773e+00 8.44074905e-01
    -2.20774561e-01 4.33703244e-01 9.67984259e-01 5.57737768e-01
    1.47852898e-01 1.25623965e+00 1.73677802e+00 1.19963312e+00
    -6.66301429e-01 2.98217237e-01 4.66572046e-01 -6.27339661e-01
    -4.95527059e-01 -1.72736913e-01 -7.81315565e-02 1.39938414e+00
    -5.12803793e-01 1.28926492e+00 -6.34133220e-01 7.48947203e-01
    4.45342660e-02 5.85737348e-01 1.07420754e+00 1.28315842e+00
    1.51015830e+00 -3.79177541e-01 1.65021169e+00 4.94471669e-01
    -5.69170713e-01 -4.33471739e-01 -1.32932186e-01 1.60775661e+00
    1.25070608e+00 1.05508018e+00 -3.55238855e-01 1.12551713e+00
    2.42619276e-01 1.26297641e+00 1.19058275e+00 -5.58863223e-01
    9.69470143e-02 -4.78830248e-01 1.21939754e+00 -7.34775960e-01
    -5.93121052e-01 7.66640067e-01 -2.88104028e-01 8.98483455e-01
    2.10475683e-01 8.28166604e-01 -3.09213877e-01 1.63651490e+00
    -3.88636678e-01 -2.99612135e-01 -6.72192395e-01 6.18590295e-01
    3.55260432e-01 3.20955038e-01 1.16559339e+00 1.97622895e-01
    -7.09223151e-02 4.82467949e-01 5.98617971e-01 4.14901257e-01
    2.76624560e-02 1.52689552e+00 4.57895041e-01 8.13259363e-01
    1.18761265e+00 1.50683153e+00 -5.53018689e-01 -4.76205051e-01
    -7.22048342e-01 1.22135842e+00 1.19746733e+00 -5.50213933e-01
    -5.62531412e-01 -3.47533405e-01 5.53799152e-01 1.06526542e+00
    1.43415534e+00 2.66338706e-01 1.23436999e+00 -1.32272959e-01
    1.24461842e+00 -4.53370720e-01 2.33412743e-01 1.58472502e+00
    -4.97796953e-01 1.60124183e+00 5.43230712e-01 2.72467017e-01
    5.76089621e-02 -7.20861554e-01 1.25441217e+00 1.15892529e+00
    -1.05216503e-02 3.10958564e-01 -4.04813409e-01 1.32217753e+00
    5.66717625e-01 1.45731711e+00 9.92428541e-01 1.20309484e+00
    3.61481071e-01 1.43535244e+00 2.37924099e-01 -4.02273595e-01
    6.65640175e-01 6.39825821e-01 4.29340839e-01 5.15131712e-01
    1.33080459e+00 1.35367036e+00 -2.72832215e-01 8.78897548e-01
    1.41855979e+00 2.54829645e-01 1.45484138e+00 1.37428975e+00
    8.06584954e-02 1.54030657e+00 -6.96798205e-01 4.28379834e-01
    9.13686931e-01 1.68071568e+00 5.81029654e-01 1.57031417e+00
    -2.09386170e-01 -6.82792246e-01 1.20527923e-01 8.61070573e-01
    1.02809370e-01 5.60625613e-01 4.44883823e-01 9.63199258e-01
    1.08360195e+00 5.57835102e-02 2.93659329e-01 -5.60019851e-01
    1.68488050e+00 2.66169131e-01 -3.63421589e-01 1.64704990e+00
    2.76998222e-01 -5.96468985e-01 -4.15797144e-01 -6.06677175e-01
    -4.55001354e-01 6.52967870e-01 5.71551681e-01 1.14598620e+00
    -5.52938640e-01 9.86449659e-01 3.97334993e-01 -5.71991801e-02
    4.55371678e-01 3.20620418e-01 -6.10455573e-01 -2.72562474e-01
    -6.59456253e-01 1.50054383e+00 1.32909358e-01 9.30008292e-01
    1.43480062e+00 9.64454412e-02 1.64600873e+00 -6.63915157e-01
    -1.93169713e-02 2.17883348e-01 1.59953737e+00 1.24594975e+00
    1.43412113e-01 6.19865537e-01 1.27444160e+00 -5.46531320e-01
    1.62772703e+00 1.03720593e+00 5.35076976e-01 6.65523171e-01
    6.97151959e-01 8.66540968e-01 1.38583434e+00 5.29514968e-01
    1.25049114e+00 8.57812107e-01 4.09514189e-01 1.16382766e+00
    -4.38855052e-01 9.87262964e-01 8.87897372e-01 7.83179462e-01
    1.45417261e+00 1.23205829e+00 8.20422709e-01 1.16194153e+00
    1.02571285e+00 4.92819905e-01 4.93648648e-02 1.32733405e-01
    5.95812917e-01 1.01055408e+00 1.17653584e+00 -6.73259079e-01
    -5.80932200e-01 1.22065318e+00 -4.23228145e-02 1.55712867e+00
    9.16784644e-01 -1.06878877e-01 1.36818242e+00 -4.52129245e-01
    5.16279757e-01 -2.42462963e-01 4.36062217e-01 6.20750725e-01
    -1.55394971e-01 1.35566819e+00 1.12147319e+00 9.26246762e-01
    -1.38813794e-01 -6.24143720e-01 1.45403862e+00 1.25177121e+00
    1.38552547e+00 9.06769633e-02 2.73738623e-01 -1.09393239e-01
    -4.24354613e-01 8.22240055e-01 -3.44586909e-01 1.48417640e+00
    3.98629844e-01 -5.08399427e-01 1.11760473e+00 -2.36770451e-01
    5.11483490e-01 5.00614583e-01 1.61204839e+00 4.63072479e-01
    3.50929499e-01 -3.92360598e-01 6.28937721e-01 -6.93736613e-01
    -4.60569084e-01 2.73104966e-01 9.23262298e-01 3.69299650e-02
    1.17242360e+00 4.88063693e-01 -6.22071624e-02 -6.29779100e-02
    7.27865994e-01 1.02370620e-01 -4.99647975e-01 -3.47811490e-01
    -5.98513305e-01 1.08162928e+00 9.86052692e-01 -3.98400962e-01
    7.14389205e-01 9.18626189e-01 -1.40087366e-01 -2.07932055e-01
    1.19395232e+00 5.49415350e-02 -3.13935131e-01 8.02597523e-01
    4.23900068e-01 -2.15766430e-02 -6.03908181e-01 1.38255763e+00
    1.46644461e+00 8.20942819e-01 6.16463482e-01 -3.16683292e-01
    1.06596136e+00 -6.48669004e-02 -6.97770834e-01 7.61132002e-01
    1.40440392e+00 8.97369921e-01 6.65374815e-01 -5.58598042e-01
    1.71407151e+00 9.85683680e-01 -4.37359512e-01 5.41164994e-01
    1.16407919e+00 7.72164583e-01 1.28479612e+00 9.11913753e-01
    1.49722707e+00 1.27704430e+00 8.25334549e-01 4.67919111e-02
    -5.08984804e-01 1.52358556e+00 1.19273055e+00 1.60546136e+00
    9.44847763e-01 1.43395448e+00 -4.04543340e-01 1.55056715e-02
    1.60181916e+00 -2.25300789e-01 -4.82994258e-01 3.77303362e-01
    4.60133553e-01 5.88646591e-01 -3.76915365e-01 5.17607033e-01
    -6.29498959e-01 7.35303700e-01 1.58967733e+00 1.33952117e+00
    -2.23466098e-01 1.12218809e+00 1.73378336e+00 5.31011641e-01
    -2.70175040e-01 -3.03820908e-01 1.50234139e+00 1.47260833e+00
    7.88457632e-01 9.24928427e-01 9.67375517e-01 7.85994411e-01
    6.86562240e-01 1.31577992e+00 2.34412014e-01 1.13108528e+00
    3.46436679e-01 7.21722186e-01 6.16972506e-01 -4.60238010e-01
    1.23953938e+00 -1.61286771e-01 6.59111679e-01 3.73315394e-01
    -4.13826704e-01 2.94808745e-01 8.51356030e-01 1.39272797e+00
    -1.52401745e-01 3.23870778e-01 7.48293757e-01 1.52012396e+00
    6.16837561e-01 1.01021576e+00 -1.12866104e-01 1.30809367e+00
    -2.39852369e-01 3.61416876e-01 4.69067454e-01 1.57001138e+00
    4.01751846e-01 1.36187017e-01 4.94653404e-01 -3.20360869e-01
    3.85481000e-01 5.58927238e-01 -7.01035798e-01 1.46300650e+00
    4.25339341e-01 1.58244872e+00 7.50314415e-01 9.74232554e-02
    1.38868046e+00 -4.64787275e-01 9.22784686e-01 8.21536899e-01
    -4.97929841e-01 1.47391534e+00 -1.17289305e-01 1.51198375e+00
    1.29863620e-02 1.35230827e+00 8.56061459e-01 4.51560020e-02
    -2.23535299e-03 -4.47146893e-02 6.81250751e-01 -4.79091853e-01
    1.69151139e+00 1.66065323e+00 1.25635552e+00 1.43699515e+00
    8.23395610e-01 2.93313146e-01 1.50164104e+00 1.08353615e+00
    -2.33786106e-01 -3.69419277e-01 3.89699161e-01 1.96203768e-01
    3.77392173e-02 -4.30982292e-01 1.09737003e+00 8.08393955e-01
    1.49393606e+00 -5.74568510e-02 9.01008010e-01 1.21413696e+00
    4.53353405e-01 1.18896651e+00 1.56697845e+00 8.45505297e-01
    1.26086688e+00 -2.39345938e-01 -5.87994277e-01 1.78628945e+00
    -6.74968481e-01 1.75783157e+00 4.90606606e-01 3.34439516e-01
    4.41437244e-01 7.08173752e-01 4.43238020e-01 6.75193548e-01
    1.50502682e+00 -1.36186481e-01 9.18267190e-01 1.55735731e-01
    -1.43613994e-01 1.55026197e-01 1.08739960e+00 1.29849720e+00
    1.59087718e+00 1.34560132e+00 1.27033019e+00 9.64491189e-01
    1.26029515e+00 1.35998416e+00 7.69296467e-01 1.11131883e+00
    -2.71285325e-01 7.90202618e-02 7.33157516e-01 2.96717584e-01
    -4.52691793e-01 -1.68072879e-01 -2.48987764e-01 6.15057766e-01
    1.52961016e-02 -2.20544070e-01 4.83978689e-01 -3.77464890e-02
    8.97797704e-01 1.36284256e+00 -5.60836434e-01 -5.73553741e-01
    3.39615762e-01 7.05633163e-02 4.10836816e-01 1.73226190e+00
    -4.65334892e-01 2.89265513e-02 -5.28697252e-01 1.07353687e+00
    4.49903667e-01 -1.34003162e-02 1.34290516e+00 1.19491637e-01
    -1.25910282e-01 5.49601257e-01 8.90148997e-01 8.51729333e-01
    -7.80016184e-03 -1.88000023e-01 9.66684401e-01 -5.50568104e-04
    7.07056344e-01 -7.67178655e-01 -2.84122109e-01 1.51431441e+00
    1.43569136e+00 2.37199366e-01 4.20674086e-02 5.41706622e-01
    1.18750501e+00 -3.17721248e-01 -1.37321115e-01 -2.86405057e-01
    6.32640958e-01 1.10270143e+00 1.40876853e+00 8.62489641e-01
    2.48287916e-02 -1.43269360e-01 -1.46521866e-01 2.61080503e-01
    4.09754336e-01 -1.22569025e-01 1.69682980e-01 1.54107332e+00
    1.26504016e+00 1.42380500e+00 4.18955326e-01 1.59092641e+00
    1.26196194e+00 8.26767266e-01 7.31122732e-01 8.01359892e-01
    4.58962977e-01 5.89337528e-01 -6.93895817e-01 1.26653767e+00
    8.84677231e-01 8.30218792e-02 1.65276766e+00 4.18224156e-01
    -1.43128067e-01 -4.37539816e-03 1.03301001e+00 1.64778113e+00
    3.21184993e-02 -5.79533398e-01 2.81524658e-01 1.44961667e+00
    -1.57465339e-01 1.07814085e+00 6.37557924e-01 1.63813710e+00
    1.47271776e+00 1.95452929e-01 7.15792179e-01 7.72179246e-01
    8.33065748e-01 1.63837385e+00 4.86059785e-01 -5.82579434e-01
    -4.05428112e-01 7.97818005e-01 5.04980981e-01 6.64357543e-01
    -5.07015824e-01 1.61551857e+00 -1.51786149e-01 1.60562181e+00
    1.03144062e+00 -2.16103584e-01 -4.57794845e-01 1.66294599e+00
    5.92498183e-02 1.38255119e-01 1.17978895e+00 1.34306097e+00
    -5.22606313e-01 9.80071545e-01 4.08953130e-01 5.83814740e-01
    1.48183000e+00 4.71450746e-01 7.33944178e-01 -4.75561380e-01
    7.43926466e-01 -1.24539912e-01 4.07960415e-01 1.31828368e+00
    1.45812404e+00 -6.53373301e-01 1.15565872e+00 -1.37088209e-01
    6.82399213e-01 1.81067419e+00 4.78152037e-01 1.73355150e+00
    -3.69542718e-01 8.40164065e-01 1.44872475e+00 3.47400665e-01
    1.31935775e-01 -6.29512966e-01 -3.32587749e-01 1.52483106e+00
    1.16384685e-01 1.10742593e+00 1.39924359e+00 1.91804469e-01
    1.19251573e+00 2.72913933e-01 3.20607662e-01 1.11050582e+00
    1.44999027e+00 -4.43024278e-01 1.31666255e+00 7.72601902e-01
    2.29150116e-01 3.09048057e-01 8.35868001e-01 3.16239178e-01
    8.02533865e-01 1.68996561e+00 -7.39151120e-01 1.42522526e+00
    8.83027554e-01 9.42747593e-02 1.18655014e+00 -4.49208021e-02
    -5.26450992e-01 1.76891863e-01 1.10801888e+00 8.51167440e-01
    -6.72387838e-01 1.01618290e+00 1.25409698e+00 1.01764131e+00
    1.21939850e+00 -4.50047910e-01 1.25687623e+00 6.94729745e-01
    6.69452250e-01 -1.08470321e-01 8.54566991e-01 3.00108373e-01
    1.61406660e+00 1.22100115e+00 -2.77629912e-01 1.28777790e+00
    1.55187702e+00 1.04649842e+00 1.27505612e+00 -2.37146556e-01
    1.56799686e+00 8.54658365e-01 -7.51988828e-01 2.16808081e-01
    1.22204208e+00 1.53220236e+00 1.42292082e+00 3.31919312e-01
    5.81153572e-01 -1.49209499e-02 -4.74580169e-01 7.79385924e-01
    1.66985369e+00 1.58130670e+00 -3.29002917e-01 -6.95491195e-01
    1.40414655e-01 5.94069362e-02 8.48030210e-01 5.85584700e-01
    1.53123224e+00 -1.24554813e-01 -6.27389789e-01 1.02298212e+00
    1.46230078e+00 -2.50597060e-01 4.18815076e-01 4.89319801e-01
    1.23102963e+00 6.63449109e-01 -1.41906083e-01 7.08347619e-01
    2.59456992e-01 1.00205016e+00 1.47815871e+00 -7.08718777e-01
    1.26245725e+00 -3.23365331e-01 -1.65053189e-01 6.09432638e-01
    8.35081398e-01 7.85652995e-02 4.84319448e-01 -9.26219225e-02
    5.99799812e-01 1.75320387e-01 -1.18271649e-01 9.29383993e-01
    -2.14426339e-01 3.16914916e-02 1.41050875e+00 3.41498613e-01
    5.14778614e-01 8.29059839e-01 8.96559775e-01 8.66975963e-01
    5.94161749e-01 -6.98266029e-02 1.11594939e+00 2.62728691e-01
    -2.26911306e-01 8.90153348e-01 -5.64081669e-02 -2.27348149e-01
    1.30439818e-01 -1.34945929e-01 -1.19033873e-01 -1.49192810e-02
    1.19174504e+00 2.22817123e-01 1.54057026e-01 2.65329480e-02
    1.41097295e+00 1.00010896e+00 -6.14100158e-01 1.10661030e+00
    -1.61133468e-01 2.66178966e-01 1.34502864e+00 -5.08672416e-01
    -6.42328024e-01 1.25577116e+00 7.97550738e-01 9.80030775e-01
    4.74965572e-02 -3.82352471e-01 6.25201643e-01 -4.97428954e-01
    3.00030649e-01 8.09069455e-01 1.58016515e+00 7.84640253e-01
    1.46443415e+00 1.49257720e+00 1.36019826e+00 8.55602980e-01
    1.44443691e+00 8.81875813e-01 8.28238130e-01 6.14207149e-01
    1.43180275e+00 -4.82243985e-01 1.27336216e+00 7.48441935e-01
    3.17500114e-01 1.43314075e+00 5.65824509e-01 5.62242627e-01
    -2.67424345e-01 1.16579843e+00 3.83805871e-01 1.50961757e+00
    8.66466045e-01 2.67432630e-01 8.96487117e-01 1.80425560e+00
    -4.69195873e-01 8.60007346e-01 1.17784488e+00 -4.65384662e-01
    -3.84824812e-01 1.68461525e+00 5.88882208e-01 -5.79125106e-01
    1.76661181e+00 -3.93553108e-01 -3.78226459e-01 1.15858912e+00
    -2.00132608e-01 -9.55336094e-02 1.64328396e-01 1.57308495e+00
    1.00711465e+00 -7.73725212e-01 3.70732665e-01 -2.89333463e-02
    1.69268179e+00 5.08727431e-02 1.62209177e+00 6.89358175e-01
    1.29420757e+00 3.52935314e-01 -3.67778391e-01 -1.90144956e-01
    6.65928185e-01 3.53842318e-01 -7.05273747e-02 -3.71163815e-01
    3.51801276e-01 6.80692732e-01 1.23698580e+00 5.90560496e-01
    -7.99484253e-02 1.46682692e+00 -7.90346384e-01 1.32245970e+00
    -4.02008116e-01 1.34546256e+00 9.79150176e-01 1.28446603e+00
    -7.96024978e-01 1.05732548e+00 7.81006455e-01 4.81777966e-01
    1.14494705e+00 1.68860626e+00 2.82896161e-02 -8.97194743e-02
    6.50827408e-01 1.71485925e+00 -1.82312071e-01 4.60055113e-01
    -2.01907039e-01 -1.52068466e-01 -3.38992149e-01 1.34698725e+00
    1.05283666e+00 2.35307574e-01 6.08721316e-01 1.23136163e+00
    1.11659694e+00 -4.75208670e-01 1.97347045e-01 -1.88272417e-01
    1.34194803e+00 -4.42122191e-01 -7.66048431e-02 5.23178577e-01
    6.52281106e-01 1.03935754e+00 3.49637985e-01 -2.60430008e-01
    1.34346938e+00 5.79613924e-01 5.19590139e-01 2.16129541e-01
    5.35576344e-01 1.88255906e-01 1.69747233e-01 1.60439682e+00
    2.34430373e-01 -5.91924489e-01 5.91129780e-01 1.09052682e+00
    -2.40759522e-01 -2.53487885e-01 -6.32618964e-01 1.42371392e+00
    1.08821297e+00 5.75334668e-01 -2.36647069e-01 8.26496065e-01
    -2.10648656e-01 -4.98427421e-01 9.10948277e-01 6.58348382e-01
    1.15022016e+00 -3.67406696e-01 1.27116752e+00 -1.98390543e-01
    8.97160709e-01 1.49474561e-01 1.67190731e+00 -1.62615061e-01
    -3.00971270e-02 1.60161877e+00 -2.65378118e-01 2.77261913e-01
    9.42106664e-01 3.01876903e-01 1.10204768e+00 2.35461771e-01
    1.55574882e+00 7.44815469e-01 6.01114810e-01 -4.69472021e-01
    1.28912878e+00 8.52008581e-01 1.10698497e+00 -8.72667432e-02
    8.22821021e-01 -1.87879801e-03 1.32874894e+00 1.01137173e+00
    2.45418280e-01 7.51901686e-01 1.24597609e+00 1.22209013e-01
    6.51600838e-01 8.40770185e-01 -7.17586875e-01 1.56233442e+00
    1.38643122e+00 4.29818511e-01 -5.09050608e-01 1.36393714e+00
    9.71228004e-01 7.23217666e-01 1.19844985e+00 -7.17862189e-01
    -7.10668623e-01 3.26638281e-01 3.22109163e-01 9.14853632e-01
    -1.44209087e-01 -3.35110426e-01 1.51833737e+00 1.08368003e+00
    -6.96005225e-01 -6.13976717e-01 -2.54438311e-01 5.86464584e-01
    -5.99790692e-01 8.34305644e-01 6.67706907e-01 1.36403775e+00
    -4.12364304e-01 8.44388545e-01 -5.49937129e-01 6.66959524e-01
    1.49426544e+00 8.13076496e-01 -1.62878990e-01 1.54660022e+00
    1.11017203e+00 1.17845392e+00 7.25487471e-02 -4.61639434e-01
    -5.06634235e-01 1.27466190e+00 1.16272306e+00 5.34222841e-01
    1.38475299e+00 1.45934165e+00 4.82731640e-01 -4.36294913e-01
    8.89450908e-02 6.28884494e-01 -4.04400766e-01 4.84326303e-01
    1.47797155e+00 1.33636761e+00 1.20735168e+00 1.29738426e+00
    1.44724452e+00 1.15512419e+00 -1.64105475e-01 3.09447050e-01
    -6.94343388e-01 -3.21664214e-01 4.09394860e-01 3.04985821e-01
    1.18307090e+00 -6.23971224e-02 -5.22425830e-01 -2.99795330e-01
    -6.23916149e-01 -1.12949669e-01 -4.91375744e-01 5.61552227e-01
    -4.05941457e-01 1.28662050e+00 7.01251566e-01 -3.94241929e-01
    1.75187290e-01 1.25952744e+00 5.35920560e-01 -3.88532281e-01
    4.23730969e-01 1.70980453e+00 1.25875473e-01 1.06884468e+00
    9.40677226e-01 -9.10190940e-02 1.78564882e+00 7.91511893e-01
    1.07899237e+00 -1.31067991e-01 -4.16773379e-01 1.07469559e+00
    -1.46496981e-01 8.29405248e-01 -5.84090292e-01 1.21303439e+00
    6.06288850e-01 1.12428045e+00 -1.08724713e-01 9.13188934e-01
    7.02287555e-02 4.21624780e-02 -3.89069974e-01 1.00627410e+00
    2.21763551e-01 5.11802793e-01 1.01874495e+00 1.57079589e+00
    3.73938978e-01 4.63526011e-01 -6.91194713e-01 1.05711603e+00
    6.04246140e-01 -1.98179483e-02 1.28291702e+00 6.18097723e-01
    1.64633703e+00 8.20701778e-01 1.32744312e-01 7.60380030e-02
    1.21169996e+00 1.28934956e+00 -6.60377622e-01 1.53076172e+00
    3.14790845e-01 7.29688287e-01 1.31919801e-01 -3.55904579e-01
    7.78415024e-01 9.71144974e-01 1.33860469e-01 6.83353126e-01
    1.74205518e+00 -1.09323502e-01 -5.13288617e-01 -1.31698310e-01
    1.19560516e+00 5.39909601e-02 5.10209978e-01 8.50903153e-01
    9.02170420e-01 3.20054114e-01 1.36779761e+00 -3.92225325e-01
    1.00470603e-01 1.14632332e+00 -3.93837005e-01 1.12369967e+00
    1.15713811e+00 1.27749395e+00 5.15920520e-02 -3.19954038e-01
    1.53481913e+00 -1.37403131e-01 2.99198866e-01 1.08885348e+00
    8.10415268e-01 -2.57600367e-01 1.29130721e+00 2.69033790e-01
    -5.35886288e-02 2.49775052e-01 1.10293341e+00 -3.46201181e-01
    1.16391444e+00 1.50970018e+00 1.55020404e+00 -1.47831440e-03
    4.93470550e-01 -2.95208216e-01 1.55771816e+00 1.50562942e-01
    1.47058058e+00 8.70514512e-02 -7.88099766e-02 -4.91200924e-01
    -5.98428130e-01 8.92485261e-01 4.07297909e-01 1.16559529e+00
    4.66268837e-01 -6.31995022e-01 8.34286630e-01 -6.63416803e-01
    9.32922602e-01 -1.94598198e-01 1.65908396e+00 3.13738167e-01
    4.09432590e-01 3.22817564e-02 1.15872049e+00 1.73481798e+00
    4.59912241e-01 1.20824420e+00 1.09370279e+00 4.86352384e-01
    1.14103365e+00 1.54493284e+00 3.16678524e-01 9.31064308e-01
    -5.39464772e-01 -6.26693845e-01 5.45852065e-01 -1.79430395e-01
    -3.25903445e-01 6.98426843e-01 1.73071325e-01 8.64536166e-01
    1.06426096e+00 -2.14803994e-01 1.37362742e+00 4.29642022e-01
    9.63598490e-02 8.95646751e-01 1.40568185e+00 -3.81755292e-01
    1.48740554e+00 -6.10721946e-01 1.21023035e+00 -1.53912723e-01
    1.42442822e+00 -2.71319389e-01 1.28108692e+00 -5.47512531e-01
    5.76924205e-01 1.29788375e+00 -2.72497416e-01 -6.35671616e-03
    4.83249307e-01 6.72041893e-01 6.07673109e-01 6.10026121e-02
    1.97789133e-01 -7.64270484e-01 6.12115145e-01 1.41088200e+00
    7.61432648e-01 1.61269653e+00 8.02199125e-01 4.55960989e-01
    4.13991511e-01 3.20106924e-01 -4.74710792e-01 2.75285125e-01
    6.20722055e-01 9.03703332e-01 7.53188252e-01 9.10646439e-01
    1.00545835e+00 8.26764762e-01 -2.19544470e-01 1.72956586e+00
    1.50218117e+00 -1.68552428e-01 1.38684821e+00 8.05179954e-01
    1.33642852e-01 1.45657825e+00 1.55797529e+00 2.83069909e-01
    -7.54083335e-01 1.05310678e-01 -7.01869905e-01 -6.26587391e-01
    1.55927408e+00 3.75409305e-01 4.28853393e-01 8.27297270e-01
    8.57301712e-01 -6.76954031e-01 1.02123046e+00 1.13978231e+00
    1.24265838e+00 -1.39643967e-01 -6.86907291e-01 1.38390660e+00
    1.63404596e+00 -3.14376354e-02 1.60722089e+00 1.61139858e+00
    1.56797791e+00 -7.13356018e-01 2.78242230e-02 1.23606610e+00
    1.04155231e+00 -2.38413692e-01 8.32119584e-02 4.93283689e-01
    1.24775171e+00 -3.11506212e-01 -6.32991016e-01 1.42057180e+00
    1.33629036e+00 1.19935572e+00 -3.81407291e-01 1.36355531e+00
    2.30441868e-01 1.04509616e+00 -3.11113596e-02 1.22554779e+00
    8.51855636e-01 4.83214974e-01 -1.04745388e-01 1.27421427e+00
    1.10740209e+00 9.67063665e-01 -2.93996572e-01 -4.87414002e-01
    -6.80927098e-01 1.43088222e+00 -1.53806031e-01 1.20866489e+00
    2.19985723e-01 -5.52077830e-01 -6.36363804e-01 1.14953351e+00
    -4.06745255e-01 1.80672193e+00 4.18178618e-01 -4.81662750e-02
    -4.64370072e-01 7.27916479e-01 3.14473689e-01 5.40052235e-01
    1.16238058e+00 -1.13346159e-01 6.24752879e-01 8.04662883e-01
    -4.07626420e-01 1.03301990e+00 1.60381091e+00 -5.05760491e-01
    -5.87351203e-01 1.39042175e+00 -2.54498422e-01 1.03112721e+00
    1.05943203e-01 1.53929901e+00 1.04838657e+00 1.24032211e+00
    -5.49758554e-01 -6.37056589e-01 7.18734443e-01 7.65333772e-01
    6.75019503e-01 7.05313861e-01 -4.56124693e-01 -2.33966768e-01
    -4.65376735e-01 1.31110859e+00 4.56103027e-01 1.38892436e+00
    3.08091938e-01 8.07356417e-01 -2.42884040e-01 5.42136431e-01
    4.43113446e-01 -1.62226558e-01 1.56360543e+00 -8.30546796e-01
    1.54547441e+00 -6.83252752e-01 7.68082500e-01 4.94910300e-01
    1.54656625e+00 -2.00827241e-01 1.64908028e+00 4.73131061e-01
    1.24562180e+00 1.01474285e+00 4.37873423e-01 -6.33477032e-01
    9.03235078e-01 -6.65953159e-01 4.06602263e-01 7.46447265e-01
    3.34401190e-01 3.84952843e-01 1.26221776e-01 -6.34223223e-01
    8.77441049e-01 -1.49929941e-01 1.05284882e+00 -2.49327898e-01
    5.11370659e-01 2.65972733e-01 8.84136617e-01 7.74493158e-01
    9.61330771e-01 -5.38599968e-01 8.33921909e-01 -6.44185543e-01
    4.03006136e-01 6.14974022e-01 1.14279056e+00 1.46434951e+00
    1.27256274e-01 -3.40046257e-01 1.34185195e+00 -2.99570680e-01
    -4.41980511e-01 9.58440185e-01 1.48629618e+00 -5.95600247e-01
    1.42509961e+00 -2.76415944e-01 5.48074424e-01 1.30048931e-01
    1.01948392e+00 1.65543294e+00 5.68917692e-01 1.19566703e+00
    1.06034636e+00 1.38477945e+00 1.07774580e+00 -5.46191990e-01
    -4.71903294e-01 1.18738282e+00 6.32893741e-01 7.33238280e-01
    7.70308614e-01 1.48514211e+00 -2.64247358e-01 -6.99897289e-01
    1.62508893e+00 1.44288325e+00 1.43339396e+00 -4.20770794e-01
    6.46510005e-01 -4.17748868e-01 -5.33740699e-01 1.53709257e+00
    1.14064109e+00 7.32048571e-01 9.06040370e-01 5.31777084e-01
    5.74651539e-01 -5.27212620e-02 6.41307056e-01 8.25684190e-01
    1.27670050e+00 8.32873285e-01 -7.08157599e-01 -8.13118815e-02
    -3.58246297e-01 3.91048133e-01 3.72761428e-01 -5.53581834e-01
    -5.73623240e-01 3.01256835e-01 1.43226469e+00 7.93826222e-01
    -3.41876566e-01 3.93241048e-01 -1.22903049e-01 7.77006745e-01
    -7.33319044e-01 6.96909010e-01 1.20569205e+00 -9.96990204e-02
    7.65506744e-01 5.28320670e-01 -5.02707660e-01 7.72757888e-01
    5.63436151e-01 2.54012048e-01 1.13691032e-01 -5.66866815e-01
    2.11667538e-01 -3.66848111e-02 -5.11574209e-01 1.39455462e+00
    1.27491772e+00 -4.69671220e-01 -5.40014267e-01 1.45394325e-01
    3.22821200e-01 9.70302284e-01 -8.39944482e-02 6.98888302e-03
    6.80297256e-01 1.57219791e+00 -5.02169609e-01 2.18323171e-01
    -3.89326632e-01 1.30711794e-02 2.60468006e-01 6.67007744e-01
    6.94225073e-01 9.66798127e-01 -1.50037050e-01 3.71765137e-01
    5.71331382e-01 -1.96518779e-01 4.80781794e-01 -4.68804181e-01
    1.56162953e+00 6.95510209e-01 5.31809568e-01 3.32225144e-01
    1.64812124e+00 3.74654114e-01 5.67071438e-02 -5.53401232e-01
    -7.88931251e-02 1.32508266e+00 -3.37918758e-01 1.24913836e+00
    1.53428257e+00 3.89059722e-01 -4.01480854e-01 3.47896338e-01
    -4.17093933e-01 2.48122692e-01 -5.19473433e-01 1.45873320e+00
    2.69466460e-01 -8.64603519e-02 1.64880860e+00 -7.52097011e-01
    1.30333209e+00 -6.13975108e-01 1.70242703e+00 2.83796430e-01
    4.57531452e-01 1.35050583e+00 -5.12123108e-01 7.78530002e-01
    -5.34145176e-01 -1.59593493e-01 1.35850441e+00 1.87292099e-02
    1.60665703e+00 1.11288285e+00 4.33134973e-01 -2.33031213e-01
    1.58902025e+00 4.01398897e-01 1.43486500e+00 2.22645342e-01
    -4.44126159e-01 4.97404337e-02 8.79409492e-01 6.01643443e-01
    7.71415174e-01 3.93937230e-02 2.36784399e-01 -6.54134333e-01
    7.74710238e-01 -2.01480329e-01 -3.66597176e-02 1.52612233e+00
    6.06353641e-01 -7.25241899e-02 2.24415660e-01 1.24921608e+00
    1.02499509e+00 1.17828822e+00 -2.42700040e-01 9.57251966e-01
    1.59778571e+00 -4.16016102e-01 1.01324320e+00 1.47491181e+00
    -2.35048890e-01 -1.67233646e-01 1.58705544e+00 -6.40525699e-01
    2.71992445e-01 6.36228144e-01 1.31030440e+00 7.53664494e-01
    1.09051871e+00 -5.38737178e-02 -5.90697050e-01 1.02958083e+00
    5.84851563e-01 5.98781049e-01 3.18342924e-01 1.17761970e+00
    1.52840257e+00 2.24423230e-01 8.56559336e-01 1.11996830e+00
    1.38405752e+00 -3.79112303e-01 4.81974661e-01 -6.11543655e-05
    1.51464379e+00 1.17519855e+00 8.41558635e-01 2.11275518e-01
    -6.86912656e-01 3.64988148e-01 8.16855907e-01 -6.61559999e-01
    3.19065452e-01 1.03577673e+00 -1.14721179e-01 1.70625067e+00
    -5.73850453e-01 6.21163249e-01 7.02857971e-04 -3.87352288e-01
    1.00802767e+00 -6.30047917e-02 1.14522123e+00 -7.47178316e-01
    1.62209785e+00 -4.63159293e-01 6.23608947e-01 3.59102905e-01
    -5.85902929e-01 -7.94228315e-02 1.28659475e+00 1.11775780e+00
    1.18612480e+00 2.58684218e-01 8.10554624e-01 7.01607287e-01
    -2.35602200e-01 7.60244727e-02 -5.42064369e-01 1.69314289e+00
    1.51691616e-01 3.38895082e-01 1.45665038e+00 2.39776671e-01
    -1.04487121e-01 1.11211002e+00 -3.43979836e-01 -6.07083499e-01
    4.16039407e-01 8.31226468e-01 -3.26166064e-01 9.57710087e-01
    4.57578897e-03 4.93010759e-01 1.03332067e+00 1.67367077e+00
    3.90257835e-02 -4.96145725e-01 -6.92872882e-01 1.20817101e+00
    1.27458763e+00 -7.26114631e-01 1.38940108e+00 -3.30769777e-01
    1.12498474e+00 7.84011662e-01 -1.30454659e-01 -1.40317559e-01
    7.04634011e-01 1.31586134e-01 7.33238459e-03 1.00676978e+00
    1.69284821e+00 1.32100797e+00 1.11766160e-01 9.52370465e-01
    -2.07549512e-01 1.58545744e+00 -2.94677019e-01 -4.91093159e-01
    1.36875343e+00 9.42007542e-01 -6.58471167e-01 3.81954551e-01
    9.80985582e-01 8.69747460e-01 3.62396240e-05 7.28614271e-01
    8.27278137e-01 5.63939869e-01 -2.28268445e-01 1.57733464e+00
    -9.41759348e-02 9.10893857e-01 -4.76210088e-01 1.08274794e+00
    -5.97672880e-01 -4.77041602e-02 -4.98241335e-01 -4.31727290e-01
    1.56305814e+00 1.10788262e+00 -4.76660281e-01 8.92710984e-01
    -1.25821471e-01 3.36282074e-01 -6.31584644e-01 2.95549452e-01
    1.69330239e+00 1.02156854e+00 -1.48653984e-02 6.54303730e-01
    4.67812061e-01 1.10437918e+00 -4.33836311e-01 1.16338038e+00
    8.38316262e-01 1.44214749e+00 2.29521334e-01 1.89482450e-01
    1.06042314e+00 -1.50734186e-01 7.33750463e-01 1.29364491e-01
    1.60360229e+00 1.48250878e+00 1.48166025e+00 8.53635371e-01
    9.51575816e-01 1.21252918e+00 1.28811812e+00 -1.90003812e-01
    1.69691718e+00 5.59172273e-01 -4.50680733e-01 -1.00590229e-01
    1.64121199e+00 5.67152500e-02 1.00938392e+00 1.59126103e+00
    1.29142475e+00 2.20152736e-02 1.11937463e+00 1.49095345e+00
    1.35178792e+00 7.32801437e-01 8.01963627e-01 -1.20333791e-01
    4.13283765e-01 2.27805674e-01 1.26020241e+00 7.45200813e-01
    1.22527456e+00 1.45969033e-01 1.62180138e+00 -5.49499512e-01
    7.84571469e-01 -2.11320370e-01 8.70669603e-01 1.48180842e+00
    6.60371959e-01 1.36857772e+00 1.41486740e+00 -4.94098365e-01
    1.02435291e+00 4.51630354e-01 -5.19204021e-01 9.39396620e-02
    1.57334375e+00 -1.88738585e-01 -6.38585806e-01 -3.32472861e-01
    -4.81390178e-01 -2.86568373e-01 -5.27937114e-01 7.04297602e-01
    -5.28216720e-01 -4.72449064e-01 2.84234017e-01 1.41164339e+00
    1.81387031e+00 -2.96500415e-01 -3.43414932e-01 1.54519463e+00
    7.11010039e-01 1.16375780e+00 -2.35828638e-01 1.43624878e+00
    -1.53608203e-01 8.41993690e-01 -6.03268623e-01 1.36909270e+00
    9.88830924e-02 -1.29932642e-01 5.42996883e-01 1.04903603e+00
    -3.71919721e-01 1.40706968e+00 4.04142797e-01 1.35535884e+00
    -9.60559845e-02 -2.66693115e-01 -4.57889855e-01 1.17037821e+00
    1.58078098e+00 1.24738097e+00 -1.66902959e-01 -3.81615430e-01
    5.16843796e-01 5.49662948e-01 -9.68760252e-02 -5.61677575e-01
    8.48672271e-01 1.87973261e-01 1.30366087e+00 -4.57491040e-01
    -3.43073010e-02 -3.42077196e-01 7.83159614e-01 -1.13607168e-01
    7.39431441e-01 -3.40371609e-01 3.79990697e-01 7.58435726e-02
    1.06454921e+00 1.27730370e-02 8.12015355e-01 1.28279948e+00
    9.09339905e-01 -5.69691956e-01 -6.40610337e-01 1.30113888e+00
    -5.46906590e-01 4.54412103e-01 8.02682281e-01 3.55921924e-01
    1.17705512e+00 -5.16036510e-01 1.40991867e+00 1.38250709e+00
    -7.37687886e-01 1.65140033e-02 4.50857222e-01 6.03493571e-01
    1.62891626e+00 1.72184372e+00 -6.39012098e-01 1.41339946e+00
    1.09251368e+00 5.63681126e-03 5.73621035e-01 1.53386414e+00
    1.43072093e+00 1.19613051e-01 -3.45647335e-03 -6.29272938e-01
    -5.71084619e-02 6.15484178e-01 9.42141175e-01 -2.47536004e-01
    1.20061314e+00 1.44571245e+00 4.73669291e-01 6.10654712e-01
    1.00418854e+00 -7.12491572e-01 9.51656759e-01 7.32255220e-01
    5.24953008e-01 4.18378234e-01 -2.07015485e-01 5.39301813e-01
    -2.01920599e-01 2.91039288e-01 5.32566130e-01 1.79438984e+00
    1.56319165e+00 -2.87033260e-01 1.26416838e+00 9.92786825e-01
    1.75231218e-01 1.17654657e+00 9.12141144e-01 1.13405907e+00
    1.59086382e+00 5.63600063e-02 1.10563827e+00 -8.23829830e-01
    1.03367376e+00 1.10831404e+00 1.81184769e-01 1.10089242e+00
    9.38975811e-02 -4.83853221e-02 -9.02855396e-03 4.49983001e-01
    -7.05126584e-01 5.98198771e-02 1.72565508e+00 1.55283046e+00
    2.16713846e-01 9.06234622e-01 8.75671625e-01 -3.55041057e-01
    -1.11986220e-01 -2.98086405e-01 7.48631716e-01 1.70030928e+00
    8.87503207e-01 3.32328081e-01 1.61042476e+00 7.86493301e-01
    8.60918105e-01 7.08596289e-01 1.47496605e+00 1.37744045e+00
    8.00179482e-01 1.26753843e+00 1.05606055e+00 7.98888206e-01
    -4.58301723e-01 6.64099991e-01 4.89487886e-01 -1.02214575e-01
    -6.21495664e-01 1.05052233e+00 4.84222651e-01 -2.67358601e-01
    4.04638231e-01 5.18639624e-01 2.13217497e-01 2.94410884e-01
    1.52784681e+00 4.97777343e-01 9.69415188e-01 1.58121586e-01
    9.83606279e-01 -5.76845706e-01 9.48953271e-01 -6.00306273e-01
    1.44482970e+00 -2.68110871e-01 1.30745721e+00 5.68965793e-01
    5.25901616e-01 -2.57282257e-02 3.38008046e-01 1.04504824e-03
    -3.07431370e-01 3.15007925e-01 1.32857275e+00 6.24174595e-01
    1.55236101e+00 -1.27364635e-01 -3.80636781e-01 -4.59378570e-01
    1.53440237e+00 1.22156143e+00 5.87985516e-01 1.34297132e+00
    1.37268305e-01 1.47439981e+00 -6.06654108e-01 -3.39138955e-01
    -6.02709353e-01 6.77643001e-01 1.45708239e+00 -2.02111065e-01
    1.32375503e+00 1.09525740e-01 5.58128893e-01 -3.18550944e-01
    8.29453707e-01 1.01188445e+00 -4.65744138e-02 8.85474801e-01
    -1.89512193e-01 5.59041917e-01 -5.46498895e-01 1.27310205e+00
    -4.35677290e-01 -5.69534600e-01 1.24865127e+00 -7.58819461e-01
    -2.07325459e-01 1.01137185e+00 1.13455844e+00 1.23397577e+00
    -6.73566878e-01 3.22499335e-01 1.17781425e+00 1.59070504e+00
    7.64830947e-01 1.26979589e+00 9.51869309e-01 -2.08065569e-01
    -4.64187145e-01 1.84685707e-01 -5.50134778e-02 -4.81584787e-01
    7.58407176e-01 1.77775025e-02 5.17265856e-01 1.32536888e+00
    -5.46952546e-01 1.39569223e-01 1.53564167e+00 9.47544515e-01
    1.20432794e-01 8.34349632e-01 5.02650738e-02 1.62686849e+00
    1.63407445e-01 -1.92676842e-01 1.66245139e+00 3.16250265e-01
    3.16884041e-01 -2.95237243e-01 2.92176962e-01 1.20840573e+00
    1.28454089e+00 1.40257573e+00 8.66284907e-01 1.20122862e+00
    7.63032794e-01 -4.41279024e-01 1.34800887e+00 9.46524560e-01
    1.53720593e+00 1.06934357e+00 2.04877317e-01 1.41108572e+00
    3.55687320e-01 -2.54830718e-02 -6.87402785e-02 1.71535730e-01
    1.26519120e+00 1.58899593e+00 8.80076051e-01 1.57118917e+00
    1.77948594e-01 1.10016692e+00 2.16409206e-01 4.96446490e-02
    3.40510309e-01 1.22466505e-01 1.55198956e+00 1.44124448e+00
    1.34541249e+00 1.17095137e+00 4.86572027e-01 8.46606314e-01
    3.26238632e-01 1.37736058e+00 -3.39883089e-01 -7.09755421e-01
    -3.16279531e-02 4.46819663e-01 1.00494027e+00 -2.15424359e-01
    -4.32518035e-01 2.99375713e-01 1.51960325e+00 7.81454682e-01
    -3.18432897e-01 -1.61843181e-01 1.59164834e+00 1.34653330e-01
    8.80795419e-01 1.45971060e-01 1.47623694e+00 1.60965800e+00
    6.41674042e-01 -6.91674232e-01 1.25161624e+00 1.28128457e+00
    2.27077127e-01 1.17168510e+00 1.29173875e+00 -5.33811927e-01
    1.37998176e+00 1.66045415e+00 9.21287954e-01 6.25755370e-01
    -6.71503603e-01 5.77345192e-01 1.61776328e+00 7.17165411e-01
    9.22498584e-01 1.12905836e+00 1.22726297e+00 7.79023170e-01
    1.19852614e+00 6.18075132e-02 6.39321804e-02 1.45030332e+00
    7.21768320e-01 2.76380956e-01 1.57580662e+00 -6.80505991e-01
    1.30673409e+00 3.35632265e-01 -3.51320714e-01 5.41228652e-02
    -7.03436136e-03 5.28452158e-01 6.61816418e-01 1.68158889e-01
    1.29610431e+00 8.05345297e-01 4.62631941e-01 8.26348364e-01
    -6.70092106e-01 1.63900411e+00 -2.35656977e-01 9.88664687e-01
    5.53365946e-01 1.18620110e+00 4.27546978e-01 -5.04072785e-01
    1.52922285e+00 1.75996900e+00 6.83063328e-01 5.27671695e-01
    5.72959125e-01 3.94247413e-01 6.14788353e-01 -1.26703978e-02
    1.34017515e+00 -4.39251542e-01 -3.15802097e-01 -6.83533549e-02
    3.56084704e-02 -1.80704594e-01 1.58780813e-01 1.26110613e+00
    -7.27893353e-01 -1.27888739e-01 3.19465041e-01 1.46891308e+00
    -5.07987142e-01 2.58007944e-01 8.21763277e-01 -1.26635075e-01
    1.18702853e+00 6.75126791e-01 1.60990286e+00 1.50946462e+00
    -5.77834904e-01 -4.73101944e-01 -1.66610420e-01 1.21197796e+00
    -4.26851720e-01 9.75637674e-01 -2.52315402e-01 -4.72144514e-01
    -4.11830246e-01 -5.94471216e-01 1.19484830e+00 1.34296250e+00
    1.58385777e+00 1.88392997e-02 -3.10250998e-01 1.62031960e+00
    -5.39542735e-01 1.35347962e-01 -1.41877294e-01 -6.78344250e-01
    -3.84653836e-01 -4.87178952e-01 1.36228275e+00 -7.73056269e-01
    7.34602511e-01 1.41671205e+00 9.10840929e-01 -1.58178210e-01
    8.07512939e-01 3.19914818e-02 -1.69169426e-01 4.74902332e-01
    1.96236372e-01 1.28668284e+00 5.59337318e-01 -5.69846630e-01
    7.51952291e-01 -6.34568453e-01 2.52566040e-01 8.19953382e-01
    1.33024430e+00 3.56959283e-01 -4.40285534e-01 2.23429382e-01
    -4.69665796e-01 1.03004313e+00 1.46282303e+00 8.87988210e-02
    1.51339495e+00 1.16189003e+00 9.17658985e-01 1.23275614e+00
    -2.76875496e-03 1.05088234e+00 1.65135348e+00 1.49564672e+00
    -5.04110456e-01 7.94625282e-02 -1.37365997e-01 1.04845452e+00
    8.79841805e-01 -3.95278335e-01 -5.16763151e-01 5.13657391e-01
    1.14650249e-01 1.34690750e+00 -8.50704849e-01 1.43713164e+00
    1.48372948e-01 1.24487925e+00 -2.41081715e-02 1.10883367e+00
    -2.97918469e-01 1.27580333e+00 1.20148635e+00 5.93984365e-01
    1.28128290e+00 6.30532503e-01 7.05318034e-01 6.19105816e-01
    6.90403223e-01 1.17804742e+00 3.07068229e-01 1.29834640e+00
    1.56886005e+00 6.83042109e-01 5.09749413e-01 -6.86049938e-01
    1.17007256e+00 4.06458616e-01 5.97679019e-01 1.28620052e+00
    6.42741680e-01 -3.40314060e-01 9.82688129e-01 -6.00107968e-01
    1.15022230e+00 -3.54155004e-01 -4.55160648e-01 -3.99322540e-01
    -3.20428133e-01 -5.15771091e-01 1.61024690e+00 1.61618543e+00
    3.61173868e-01 1.03065002e+00 -7.35621810e-01 1.49844837e+00
    5.64404964e-01 -2.21385837e-01 -2.94575304e-01 1.75877476e+00
    -1.68536901e-01 -5.87792397e-01 2.34612465e-01 -1.04432702e-02
    1.49695063e+00 8.48789811e-01 4.86702502e-01 -9.59268808e-02
    -6.24819577e-01 1.71508050e+00 1.70466924e+00 -1.91952944e-01
    7.35154748e-01 1.13235235e-01 1.48258352e+00 1.39194012e+00
    -2.60943770e-02 5.68231106e-01 -7.18480766e-01 1.49829960e+00
    9.09241796e-01 1.59143257e+00 1.73056364e-01 8.95867348e-01
    -4.69359100e-01 -5.21779895e-01 4.41036582e-01 9.00930941e-01
    1.18285525e+00 2.61659622e-01 1.65336132e-01 9.80058849e-01
    2.35103488e-01 -3.99351537e-01 1.82277322e-01 6.18911803e-01
    1.01790380e+00 -9.82198715e-02 3.38014245e-01 1.98635936e-01
    -5.83904684e-01 2.82704890e-01 2.56000042e-01 6.10581994e-01
    8.34269106e-01 3.67269456e-01 -2.18926609e-01 -3.34554434e-01
    1.39851630e-01 2.19365001e-01 1.48763204e+00 5.92753232e-01
    1.72633040e+00 1.23288178e+00 9.06692684e-01 1.97836041e-01
    9.90995109e-01 -3.02940011e-02 -2.74411380e-01 -2.58347988e-02
    9.18803692e-01 -1.34889603e-01 9.90178525e-01 3.46642315e-01
    -2.46868193e-01 5.24085879e-01 1.43813777e+00 1.22028375e+00
    -1.84780359e-02 8.02412271e-01 -6.11909628e-01 5.48228025e-02
    1.05298746e+00 9.55480933e-01 -1.04993880e-01 5.57619333e-03
    -4.41835105e-01 -1.45245612e-01 5.45365214e-01 1.03017020e+00
    -6.52226627e-01 2.03100979e-01 8.35573316e-01 -5.07612586e-01
    -2.87156940e-01 1.02360642e+00 -6.74926639e-02 1.24742723e+00
    2.65683949e-01 1.15784943e-01 1.52293277e+00 3.81934226e-01
    6.74706936e-01 1.43874192e+00 1.59322095e+00 1.24385893e-01
    -2.52331972e-01 1.59645307e+00 2.24059880e-01 1.18698108e+00
    8.83536160e-01 4.84923005e-01 1.29057086e+00 4.26908255e-01
    9.17991221e-01 -5.35295010e-02 9.99274731e-01 -6.92179978e-01
    1.02795672e+00 1.43397665e+00 1.43092060e+00 -3.60705793e-01
    -5.39219379e-01 1.09242380e-01 7.86040306e-01 1.48918033e+00
    -1.79082036e-01 -5.34250140e-02 -5.32643616e-01 1.52688682e-01
    1.22042835e-01 -5.78282177e-01 1.37645388e+00 6.60597444e-01
    -5.72991252e-01 1.13974881e+00 1.10981560e+00 8.40849698e-01
    -2.20208079e-01 6.07959032e-02 -2.27444470e-01 1.66887093e+00
    1.28182888e+00 2.82189369e-01 1.55993557e+00 1.23368323e-01
    -3.67785037e-01 8.58470261e-01 1.28126621e-01 1.38934731e+00
    6.25028431e-01 -4.35326248e-01 -8.29772353e-02 9.59538996e-01
    9.71733272e-01 1.02295732e+00 1.47178268e+00 -3.89276057e-01
    4.18711603e-01 1.72206378e+00 3.70771825e-01 -6.04097366e-01
    1.56971407e+00 -4.42498028e-01 1.02997196e+00 9.18013632e-01
    -2.15377390e-01 3.23816538e-02 1.44394529e+00 5.32603562e-01
    -5.20445049e-01 1.34240961e+00 1.41861594e+00 6.97806776e-01
    -3.46807003e-01 1.31669939e+00 -7.18950272e-01 1.22196269e+00
    1.19951677e+00 6.67538345e-01 4.96445298e-01 8.28555644e-01
    5.81313848e-01 1.28557587e+00 1.04026437e+00 1.16769719e+00
    3.49670529e-01 1.69544029e+00 -5.89553356e-01 1.50268054e+00
    1.99646592e-01 1.53332734e+00 1.35495853e+00 6.43150151e-01
    1.47528231e-01 1.57176530e+00 5.76003850e-01 3.56963158e-01
    2.77938902e-01 1.63913000e+00 6.55045211e-01 -3.85755777e-01
    -4.61588204e-01 6.17246866e-01 1.35607803e+00 -4.61215377e-02
    5.71318150e-01 5.77831268e-01 1.09886670e+00 -5.14236689e-02
    -4.89370257e-01 2.25428939e-01 1.11715317e+00 -2.27450430e-01
    2.85671353e-02 -1.47823393e-01 1.21043301e+00 1.36018741e+00
    1.58567929e+00 8.00883889e-01 1.44775450e+00 6.96242273e-01
    5.29101849e-01 7.62332797e-01 4.42309260e-01 1.22599030e+00
    3.55365634e-01 3.85327816e-01 -2.33514428e-01 -7.73081779e-02
    -9.39847827e-02 9.96818900e-01 1.40590048e+00 1.71447635e-01
    1.36944318e+00 -7.17472434e-01 -5.84922791e-01 1.60245049e+00
    5.80306888e-01 1.15503073e+00 -1.35681570e-01 1.57692599e+00
    -7.50386715e-03 5.28001547e-01 4.42159116e-01 -4.04036373e-01
    1.09062505e+00 7.69165516e-01 1.56147015e+00 1.21717870e-01
    1.02664578e+00 1.47361267e+00 1.14056253e+00 1.21834254e+00
    -4.65618968e-02 1.98502421e-01 1.25953531e+00 -3.39662850e-01
    -7.28048086e-02 1.38946199e+00 7.03428984e-01 1.23382783e+00
    1.13770390e+00 -6.72992110e-01 8.19605470e-01 7.33892977e-01
    1.13097882e+00 1.46546435e+00 -4.98313755e-01 -2.18783259e-01
    3.57014298e-01 1.42530048e+00 3.10818970e-01 9.81377661e-01
    -5.98757029e-01 6.05536759e-01 -6.20582581e-01 6.55489326e-01
    8.09678376e-01 1.08329713e+00 -2.07814932e-01 1.21316409e+00
    1.38631332e+00 1.59477901e+00 -7.51912355e-01 1.28615057e+00
    -5.41370630e-01 5.17636061e-01 8.58387530e-01 -2.49265432e-02
    4.82752502e-01 5.36652446e-01 1.64079726e+00 -1.43782139e-01
    6.45380199e-01 -1.83637589e-01 1.48305726e+00 9.27078545e-01
    -4.95779425e-01 5.18267930e-01 1.17187834e+00 1.23477840e+00
    6.34756088e-01 -3.66648257e-01 -1.60642505e-01 -2.94292420e-01
    1.71156013e+00 1.38314915e+00 -4.62739974e-01 1.30310059e-01
    6.54987216e-01 1.04315591e+00 7.92704701e-01 3.68592739e-02
    3.87653351e-01 1.08043671e-01 1.49676418e+00 3.72067273e-01
    6.49598897e-01 -2.12755263e-01 3.35420430e-01 3.37433219e-01
    1.73472667e+00 5.49092293e-02 7.88595617e-01 8.54353368e-01
    5.85143328e-01 1.49575210e+00 5.39077282e-01 1.45224977e+00
    -3.78928930e-01 1.27166367e+00 -2.20319510e-01 -3.16530466e-01
    1.40461540e+00 1.32608151e+00 -4.14882243e-01 1.66329837e+00
    9.67209935e-01 1.14817703e+00 1.35630214e+00 -3.06738168e-01
    8.72647405e-01 9.13349688e-01 -7.39145279e-01 1.69366097e+00
    -1.21971071e-01 -4.36277002e-01 1.51813149e+00 2.30403304e-01
    6.75441682e-01 1.66949844e+00 -4.06670541e-01 6.85582757e-01
    8.20517540e-01 1.40544534e+00 -4.50552613e-01 1.22670007e+00
    8.94900143e-01 -6.08438551e-01 -1.84954882e-01 1.14518952e+00
    -3.35100234e-01 5.97154081e-01 1.10502541e-01 2.80735612e-01
    1.42362547e+00 -1.91677392e-01 -3.56847823e-01 1.35887408e+00
    6.92303836e-01 1.25602341e+00 -5.34013629e-01 1.22887564e+00
    4.90528762e-01 1.50761938e+00 1.59827757e+00 -1.55732512e-01
    3.80236983e-01 7.28271484e-01 -1.58018887e-01 7.13079453e-01
    -4.27851230e-01 3.96337450e-01 5.28386235e-01 -3.52618575e-01
    1.10488486e+00 6.24053478e-01 1.15528071e+00 -6.16517246e-01
    -6.06124520e-01 1.54397416e+00 1.54127693e+00 1.45515966e+00
    7.68885612e-02 8.92099142e-02 -3.45264614e-01 4.13657665e-01
    3.16987157e-01 1.61077440e+00 4.29693043e-01 1.04649842e-01
    4.50443268e-01 7.73990214e-01 1.03714943e+00 -2.25825906e-02
    6.58453703e-02 9.07389939e-01 -2.17484891e-01 -5.49321294e-01
    1.08107340e+00 1.43677902e+00 1.01473498e+00 4.84461606e-01
    1.32906914e+00 6.51933372e-01 6.67947531e-01 -4.27753627e-01
    1.26281095e+00 9.26432014e-02 1.40615106e+00 6.99786961e-01
    1.75030231e+00 8.90521228e-01 -4.64259297e-01 1.32117379e+00
    -6.02838695e-01 -3.82544607e-01 9.48560119e-01 8.67533445e-01
    1.43056858e+00 1.38077235e+00 1.08803511e-01 -2.30842292e-01
    -3.78803492e-01 1.02673697e+00 -2.06493855e-01 1.52110529e+00
    -5.96710205e-01 1.36976624e+00 1.08751154e+00 9.65468228e-01
    -2.28024185e-01 7.52560079e-01 2.66868770e-01 1.14080930e+00
    6.65312111e-01 6.75789535e-01 3.68429422e-02 9.58077610e-01
    -3.33321273e-01 6.87186718e-02 4.29070294e-01 1.21350181e+00
    -2.14366674e-01 -4.87540483e-01 1.44245672e+00 2.41764128e-01
    -5.67003012e-01 -4.86550093e-01 3.92150283e-02 1.65147591e+00
    6.56286895e-01 9.38987136e-02 7.20270276e-02 1.47189760e+00
    1.37481618e+00 9.36948955e-01 1.69905210e+00 1.41853046e+00
    -5.20509601e-01 3.85800183e-01 6.94099188e-01 6.26634300e-01
    -1.08758032e-01 -6.81762218e-01 -2.70139307e-01 1.45636535e+00
    -5.13148785e-01 9.71601844e-01 1.60721493e+00 5.59449434e-01
    1.15863192e+00 2.33333111e-02 1.24461830e+00 1.26234746e+00
    -4.73277211e-01 9.88432467e-01 4.91687179e-01 1.63519382e+00
    2.57682323e-01 5.67606926e-01 1.30625713e+00 1.01773715e+00
    -4.49933320e-01 -5.44333220e-01 1.60455418e+00 -5.10128379e-01
    1.37512231e+00 1.35220361e+00 2.38329232e-01 -2.65241921e-01
    -5.01403272e-01 -1.26043975e-01 3.77615571e-01 1.38416839e+00
    1.28909123e+00 5.79645038e-02 2.45395660e-01 6.39091134e-01
    4.46466208e-01 1.52706671e+00 9.02195394e-01 1.63428903e+00
    -2.09574878e-01 1.15587723e+00 6.01270199e-02 9.01904047e-01
    1.31389380e+00 9.29984570e-01 -4.58074212e-01 -1.31459832e-02
    -6.80773854e-02 1.16313744e+00 -2.32493222e-01 3.63060713e-01
    1.29477179e+00 1.12625659e+00 6.11536741e-01 3.70610356e-02
    7.87094533e-01 -6.31381273e-02 7.46758223e-01 -3.32763672e-01
    -2.11122185e-01 -2.43011862e-01 1.70573437e+00 -5.22451878e-01
    1.94531262e-01 1.24770463e-01 3.79040420e-01 -6.26230478e-01
    1.17187357e+00 6.24245405e-01 1.35201752e-01 4.34011638e-01
    9.03439105e-01 1.04701209e+00 8.71719778e-01 -7.42810786e-01
    1.55754447e+00 -3.31486553e-01 1.68903756e+00 4.13280576e-01
    1.91381216e+00 1.28946912e+00 8.36528063e-01 1.35961103e+00
    1.59706020e+00 -3.67625147e-01 1.22129345e+00 1.49110961e+00
    5.47362626e-01 9.23123717e-01 7.84188390e-01 9.69532132e-02
    -1.53062582e-01 5.95808387e-01 1.67154670e-01 1.66793978e+00
    1.66138053e+00 -5.41465104e-01 2.32901692e-01 1.17139649e+00
    2.91765332e-02 -4.80366230e-01 1.51601017e+00 3.13751817e-01
    7.34216750e-01 -2.19489455e-01 -3.44990849e-01 5.02826273e-01
    1.19293272e-01 4.34489608e-01 1.11320210e+00 6.73783958e-01
    -2.07459509e-01 -5.42804301e-01 1.40666461e+00 8.36723566e-01
    1.15740252e+00 7.68630326e-01 6.87234640e-01 -5.19661903e-02
    7.09425986e-01 -1.38361216e-01 -6.86822593e-01 5.34338236e-01
    1.30521595e-01 5.23952723e-01 1.22962594e+00 1.49569118e+00
    1.65384829e-01 8.76283407e-01 8.80954862e-02 -5.02853870e-01
    4.80343759e-01 7.26938784e-01 8.29730153e-01 -2.31398225e-01
    1.66423523e+00 -1.94643915e-01 -1.49690688e-01 7.93898046e-01
    1.12561798e+00 6.05509818e-01 9.00999129e-01 -6.49153352e-01
    -6.44767165e-01 1.61026061e+00 1.51416469e+00 -2.20034242e-01
    1.65934741e-01 7.89192021e-01 -2.14253336e-01 -5.91088712e-01
    7.82102883e-01 -7.11476803e-02 9.63553429e-01 -4.04950619e-01
    5.11866391e-01 4.36738849e-01 6.17466211e-01 -4.42058533e-01
    7.64968395e-02 6.97829127e-01 2.91010559e-01 8.05702984e-01
    -1.16394579e-01 9.90491450e-01 3.56306612e-01 1.80050898e+00
    2.24545956e-01 1.58303595e+00 -9.91115570e-02 1.94763780e-01
    9.65319276e-01 -5.71187079e-01 -5.60860574e-01 1.25392270e+00
    1.66273010e+00 -3.84433806e-01 1.19836926e+00 4.21759844e-01
    6.24872088e-01 -2.69784421e-01 -4.26333636e-01 7.81432927e-01
    -4.74058628e-01 4.08209562e-01 1.04481518e-01 -7.96123147e-02
    4.69611287e-01 1.53933263e+00 6.65706933e-01 9.06616867e-01
    -7.13051736e-01 1.60908210e+00 5.03041506e-01 3.15692544e-01
    -1.78062201e-01 3.46163630e-01 1.64233589e+00 -6.67744875e-03
    4.41047311e-01 9.17153418e-01 1.42563486e+00 -3.51723611e-01
    -3.61520618e-01 -3.70196044e-01 2.49193013e-01 7.70834804e-01
    9.70511973e-01 1.76663852e+00 -2.81491280e-02 6.95220947e-01
    1.38134074e+00 -2.95750439e-01 1.61988616e+00 -7.07820177e-01
    7.16951132e-01 -5.22440672e-02 -6.15713716e-01 9.29381132e-01
    6.18080318e-01 1.29240584e+00 5.13444245e-01 1.73277783e+00
    -1.87159359e-01 -5.24613261e-02 4.80431557e-01 2.17945635e-01
    4.81550634e-01 1.24235868e+00 3.50282729e-01 5.63256741e-02
    2.26331830e-01 -4.29126889e-01 1.03959489e+00 1.27874184e+00
    -5.65021038e-01 9.40164745e-01 6.50553107e-01 -4.26385909e-01
    1.67922401e+00 1.01614285e+00 6.63327157e-01 1.33118355e+00
    -2.18548417e-01 6.62932992e-01 -1.69527769e-01 1.46293402e+00
    -2.27688432e-01 -4.32480603e-01 1.37790334e+00 2.40614533e-01
    1.73894310e+00 5.44111669e-01 9.94126439e-01 4.47014749e-01
    1.34699655e+00 9.93898511e-01 -2.80340314e-02 -5.07919192e-01
    -5.26639163e-01 -1.08616352e-02 -1.90026820e-01 1.44745541e+00
    6.91509843e-01 7.55224943e-01 -1.53748274e-01 3.38313818e-01
    8.81611049e-01 1.55818701e+00 7.37386763e-01 -5.87636828e-01
    -5.31470180e-01 1.29667151e+00 5.48899472e-01 -1.74474478e-01
    9.94903445e-02 -2.14172453e-01 9.71539617e-01 1.78491831e-01
    -6.18856549e-01 9.43336964e-01 1.67275250e+00 1.18745518e+00
    8.31668317e-01 4.32740867e-01 1.34879184e+00 6.47256374e-02
    3.58341634e-01 4.30600166e-01 7.28243947e-01 -4.54221934e-01
    -3.46979648e-01 7.78122127e-01 1.80215657e-01 9.44318056e-01
    -5.73111951e-01 1.19986629e+00 -4.12747025e-01 1.24175930e+00
    8.53823364e-01 7.45221436e-01 6.39052093e-01 -6.88958168e-01
    1.41065896e-01 1.20272040e+00 1.33649039e+00 -1.96613014e-01
    -2.38255501e-01 7.40673959e-01 1.40633392e+00 1.77479982e-01
    2.48575926e-01 1.36774349e+00 1.09166074e+00 8.90530407e-01
    -3.70995283e-01 1.50276017e+00 4.17075753e-02 1.42748332e+00
    3.81830871e-01 -1.95021540e-01 4.69525039e-01 1.67671072e+00
    7.88878322e-01 -5.09583473e-01 8.81381035e-02 3.72395098e-01
    1.41104293e+00 -1.62957847e-01 1.39276338e+00 9.56687272e-01
    -1.16611362e-01 9.79747236e-01 -2.43437141e-01 7.72419870e-02
    5.98530412e-01 2.70909548e-01 1.58798933e+00 -2.17752457e-02
    1.26094198e+00 7.58159518e-01 1.57057381e+00 4.47976291e-01
    -4.15107608e-02 6.37472928e-01 8.23679090e-01 1.52979445e+00
    1.50176108e+00 1.50343943e+00 1.10457635e+00 -3.51592302e-01
    -6.54478014e-01 8.54419589e-01 1.09079719e-01 6.66532755e-01
    -3.02750885e-01 1.97281480e-01 -2.67507762e-01 -6.92891657e-01
    1.22427189e+00 1.25377977e+00 -4.65762436e-01 -5.84225535e-01
    7.36772478e-01 1.59667993e+00 4.00997043e-01 -1.96500838e-01
    9.50638533e-01 -1.53172553e-01 1.22177422e+00 1.11613548e+00
    7.94523776e-01 -4.12499100e-01 1.07709575e+00 6.70213044e-01
    -4.66171205e-01 1.50818110e+00 1.22625029e+00 1.18311381e+00
    1.03871202e+00 -4.13195670e-01 -6.49422169e-01 1.52152884e+00
    1.21644664e+00 -3.85149211e-01 7.02300608e-01 1.55086184e+00
    3.22440088e-01 2.64202595e-01 1.10602498e-01 1.60790145e-01
    -3.21664393e-01 -5.99878430e-01 9.10682082e-01 1.04119682e+00
    -4.09510791e-01 7.41074562e-01 7.26775825e-01 -5.25942981e-01
    -5.68236113e-02 1.45641077e+00 1.78170502e-01 9.00027335e-01
    -4.18723822e-02 3.01267564e-01 6.95989132e-02 -4.83715534e-02
    3.97556067e-01 1.61956823e+00 8.14817190e-01 9.90627289e-01
    -4.02780533e-01 1.45203674e+00 -2.73451030e-01 4.73267674e-01
    2.63824642e-01 1.13617110e+00 -3.38441819e-01 1.17055261e+00
    1.36115229e+00 1.71066499e+00 -5.79187393e-01 -3.17357600e-01
    -7.15303421e-01 1.33730650e+00 1.40662575e+00 1.34182155e-01
    1.15207434e+00 1.22940683e+00 9.10498857e-01 6.32963657e-01
    -1.95222497e-01 1.54594779e+00 1.58744144e+00 1.01210594e+00
    -2.08161771e-01 6.76754475e-01 1.48327088e+00 1.04028583e-02
    1.61616457e+00 1.16946030e+00 -7.55157471e-01 1.68252707e+00
    6.84734702e-01 2.71967113e-01 1.30408549e+00 1.55276322e+00
    8.78546894e-01 -4.65185761e-01 5.86678863e-01 9.73620415e-02
    2.44770825e-01 -4.76116657e-01 1.15535343e+00 -6.89877033e-01
    7.73180723e-02 1.99046254e-01 -6.38099551e-01 -1.23622417e-02
    5.71745038e-02 2.41453946e-01 -1.67333484e-02 7.24684715e-01
    -9.63645577e-02 -2.32113600e-02 4.84051704e-02 2.91599274e-01
    1.05006218e-01 5.36529541e-01 1.41743612e+00 -4.54591274e-01
    1.32163036e+00 1.00281787e+00 9.78336394e-01 6.97296560e-01
    1.61915922e+00 -5.89759350e-02 -8.91894698e-02 1.86319411e-01
    5.86975813e-01 9.01806355e-03 8.63766313e-01 3.52758288e-01
    -3.40445459e-01 4.11155760e-01 5.55999577e-01 -8.23611021e-03
    1.44414854e+00 9.81439888e-01 -2.57138550e-01 1.45987642e+00
    7.28398740e-01 -5.37461042e-03 1.09706855e+00 1.53878713e+00
    -4.74375129e-01 3.16403270e-01 1.15470052e-01 -1.91309869e-01
    6.37610197e-01 -2.74581850e-01 3.66314352e-01 6.59903765e-01
    4.89367902e-01 5.06499290e-01 -5.87238073e-01 5.04856706e-01
    -6.22902095e-01 -5.49690306e-01 2.76042104e-01 2.76488602e-01
    -4.15898383e-01 1.38059258e+00 1.15228748e+00 1.22063184e+00
    8.59241903e-01 3.46340537e-02 2.86548436e-01 5.49266934e-01
    1.64889896e+00 -1.65991783e-02 8.56554747e-01 -2.71475494e-01
    1.22656775e+00 -4.83697444e-01 6.22647941e-01 3.11237574e-02
    1.51435030e+00 -3.83174628e-01 -1.24416173e-01 4.51236486e-01
    1.48358500e+00 -2.81250536e-01 1.62965155e+00 -2.97263980e-01
    1.13701749e+00 -5.61414301e-01 1.65575218e+00 4.06047344e-01
    5.20760000e-01 1.30545890e+00 8.43187630e-01 5.68792939e-01
    -1.93959475e-01 1.03100801e+00 1.33825135e+00 1.77969635e-01
    1.30948174e+00 -6.40228033e-01 3.14042866e-01 4.71846700e-01
    -6.94826245e-02 1.54911780e+00 6.56562150e-01 -4.63737011e-01
    1.18559599e+00 1.39681411e+00 1.01871419e+00 1.07154393e+00
    1.07008398e+00 3.91734004e-01 1.68252277e+00 3.37680876e-01
    7.64863133e-01 1.60798359e+00 3.52609932e-01 5.63936114e-01
    -3.58618915e-01 1.46591341e+00 -2.55744457e-01 -4.06995118e-01
    -2.22327292e-01 -6.06053889e-01 4.96580064e-01 4.41796243e-01
    9.39439952e-01 -2.29192555e-01 5.22215664e-01 -7.64040947e-02
    8.82201493e-01 1.04308593e+00 -3.08223814e-01 -2.88929969e-01
    8.39077830e-02 5.39102197e-01 9.69468474e-01 -5.13491869e-01
    1.05943894e+00 1.08927870e+00 3.13426971e-01 5.05291522e-01
    -3.53829890e-01 5.28376341e-01 1.54671764e+00 1.26444006e+00
    -7.01667309e-01 -1.63734078e-01 -6.52959466e-01 -2.65514255e-01
    1.08544636e+00 9.45091784e-01 7.20913529e-01 4.21825111e-01
    -7.69466162e-03 1.11776805e+00 8.36218655e-01 1.01271188e+00
    7.95556366e-01 1.55204010e+00 -4.94096935e-01 5.91628194e-01
    3.99676681e-01 6.79133177e-01 8.06844711e-01 9.93124187e-01
    9.65574324e-01 1.28605354e+00 1.48342848e-02 3.43476951e-01
    8.30340385e-03 -6.89093471e-01 3.36143970e-02 1.68735898e+00
    -4.15413141e-01 1.15205717e+00 1.53466082e+00 -3.58369589e-01
    4.76231754e-01 -4.61785197e-01 -6.44170642e-02 6.13591075e-01
    8.76106381e-01 -2.41195142e-01 1.34696960e-01 1.06280279e+00
    1.52291489e+00 3.21191907e-01 3.97321582e-01 -5.14491737e-01
    1.32860351e+00 5.94162345e-01 8.51609588e-01 1.15347576e+00
    2.17172384e-01 1.42862964e+00 1.49379969e+00 -6.15760207e-01
    5.79028130e-01 4.86432314e-01 4.17948663e-01 8.26672316e-01
    3.85536432e-01 9.37600911e-01 6.24946952e-02 8.03028166e-01
    1.61312103e+00 8.36454690e-01 1.50894463e-01 6.86398923e-01
    2.51554847e-01 9.63654757e-01 -2.14206040e-01 1.44940734e+00
    -1.78412586e-01 -1.21950865e-01 7.72501111e-01 5.84280968e-01
    1.43579614e+00 -3.76968384e-02 6.97772861e-01 7.51382053e-01
    1.45425344e+00 8.71023357e-01 7.07098007e-01 5.77710986e-01
    8.83072138e-01 9.76157069e-01 -2.94482321e-01 1.60545921e+00
    4.76772785e-01 4.63551104e-01 3.10958445e-01 1.56326747e+00
    8.26621056e-03 -3.80407482e-01 5.17016649e-02 1.22922480e-01
    -2.96976566e-01 5.20004511e-01 5.48375070e-01 4.36492443e-01
    1.36226761e+00 -2.36170501e-01 2.81528056e-01 -1.16467297e-01
    -5.70312738e-02 -9.53557491e-02 1.57878029e+00 6.63905144e-01
    1.22381294e+00 1.88515663e-01 2.08441257e-01 8.45918357e-01
    2.05301285e-01 -1.25195444e-01 2.68317580e-01 7.43626833e-01
    5.21241009e-01 9.21669483e-01 -3.81954044e-01 7.04740763e-01
    8.32794189e-01 1.39848423e+00 1.22319746e+00 3.43847692e-01
    9.32472944e-02 1.89186215e-01 1.65668726e-02 1.34183812e+00
    -4.80413258e-01 1.58402503e-01 5.13690114e-01 1.69973636e+00
    1.19379735e+00 1.06515598e+00 1.43312001e+00 1.20965517e+00
    9.82490659e-01 8.13121676e-01 2.05600619e-01 4.07180369e-01
    5.96289933e-01 -6.34205818e-01 7.19384789e-01 -3.39762717e-01
    -3.59995127e-01 7.65281618e-01 1.02301693e+00 4.91418302e-01
    4.01854217e-01 3.62760484e-01 -6.10092998e-01 1.54286981e-01
    -2.20666528e-01 1.63687587e+00 3.09315324e-01 1.24729407e+00
    9.10934150e-01 6.55556858e-01 9.95936096e-01 4.23889756e-02
    8.15136909e-01 -5.30922711e-01 1.32388854e+00 9.36840832e-01
    1.30805373e+00 1.22805321e+00 -3.58504385e-01 1.61491299e+00
    1.25106215e+00 7.75137901e-01 -1.09243870e-01 1.05701613e+00
    7.73052216e-01 1.24269080e+00 2.45448291e-01 2.06382155e-01
    -4.21326220e-01 -3.01997662e-02 -1.99469924e-02 1.16344500e+00
    1.38921475e+00 9.08109546e-02 1.37397289e+00 1.61099601e+00
    -4.99219000e-01 -3.70716572e-01 -5.12349904e-01 1.73434198e+00
    1.05954695e+00 -5.88528275e-01 1.71382701e+00 -6.54926002e-01
    -3.20459038e-01 1.67019582e+00 3.36131632e-01 1.16741061e+00
    -6.49357259e-01 7.23064661e-01 6.82780027e-01 3.10031354e-01
    2.28767276e-01 -6.69428766e-01 -5.74882388e-01 5.06300032e-01
    1.57329965e+00 1.25033379e+00 -1.17382646e-01 -7.80164599e-02
    -2.39577293e-02 -2.58353889e-01 1.58593118e+00 1.10092759e-01
    -3.47939998e-01 -5.92475414e-01 -1.03338659e-01 1.25157499e+00
    6.39635086e-01 7.45860696e-01 4.48715448e-01 8.10693622e-01
    -2.93510735e-01 9.61756170e-01 -7.12865591e-01 3.75945449e-01
    -5.28576791e-01 1.16709948e-01 5.96412420e-02 2.80772030e-01
    -2.84442127e-01 7.01220989e-01 1.23854399e-01 1.14311695e+00
    -5.54683626e-01 2.28801370e-01 2.78154969e-01 8.31254780e-01
    -3.72912765e-01 1.10722673e+00 -2.91230440e-01 -4.39870000e-01
    1.12934113e-02 4.50203717e-01 9.88852024e-01 2.85738885e-01
    -6.72603548e-01 1.68899739e+00 8.17014396e-01 1.23899591e+00
    -9.09883976e-02 8.87204051e-01 2.73466110e-03 1.29201269e+00
    -5.35420895e-01 1.42454815e+00 1.26667500e+00 1.82216334e+00
    -1.77477553e-01 6.13210082e-01 1.43419981e+00 1.61180496e-02
    7.89322734e-01 2.26838708e-01 2.03144372e-01 1.66863441e+00
    -8.01582813e-01 9.35727358e-01 3.91597569e-01 5.04511416e-01
    2.19391644e-01 1.30175531e-01 -3.14564317e-01 1.67045474e+00
    -4.90899116e-01 1.20838714e+00 1.26284146e+00 3.18433106e-01
    1.55258942e+00 4.75911498e-02 -2.95304298e-01 2.25464404e-01
    1.55203247e+00 -7.52012849e-01 1.49889708e+00 -4.78220135e-01
    7.86255062e-01 1.71066678e+00 4.70422804e-01 9.80271578e-01
    1.60654187e+00 1.82449877e-01 1.24083781e+00 1.36422372e+00
    1.21570468e-01 8.11715305e-01 -6.26489997e-01 1.17478323e+00
    -4.73830104e-02 5.18993258e-01 1.21101427e+00 1.51514649e+00
    1.57227516e+00 8.04189503e-01 -7.42646635e-01 -4.55283552e-01
    1.23151207e+00 1.47154474e+00 3.45651507e-02 1.36695075e+00
    7.34698415e-01 -4.80422884e-01 -3.74708772e-02 1.39826965e+00
    1.29886746e+00 7.74735749e-01 -4.97910738e-01 9.56968069e-02
    1.66787839e+00 -6.19297504e-01 1.45216715e+00 6.56729162e-01
    6.08754992e-01 9.67965484e-01 1.48740113e+00 1.05276322e+00
    6.96802139e-01 -3.35482150e-01 3.30000877e-01 -1.12325191e-01
    6.21126235e-01 -5.22659302e-01 1.08393788e+00 6.65106535e-01
    5.25039911e-01 1.48450112e+00 1.37290263e+00 -9.80145931e-02
    -3.92508984e-01 9.19862211e-01 3.12259018e-01 -1.37537718e-01
    -1.53397918e-02 1.01137757e-02 -4.45785731e-01 1.05151439e+00
    -6.57272935e-01 -5.91778636e-01 7.93441713e-01 2.06183255e-01
    -3.96613389e-01 1.36013293e+00 -2.96202600e-01 -3.02282780e-01
    1.58365691e+00 1.63222408e+00 1.09337890e+00 2.72112012e-01
    1.16457200e+00 1.90115452e-01 -3.94946873e-01 -1.86626852e-01
    -3.40874016e-01 1.22372818e+00 9.10981357e-01 1.09320712e+00
    -5.83606839e-01 7.46204913e-01 5.98487616e-01 -5.94225526e-01
    6.76032901e-01 -5.68245173e-01 1.31754947e+00 9.51802731e-01
    1.62997246e-02 -4.59457457e-01 8.73246372e-01 7.53000140e-01
    6.66020274e-01 5.52809417e-01 1.12718034e+00 3.45897615e-01
    7.91089892e-01 8.02158833e-01 1.37617731e+00 1.27125907e+00
    -4.15233552e-01 6.81035340e-01 -5.16898751e-01 1.02171040e+00
    3.14394593e-01 1.26489925e+00 -8.51165116e-01 4.66097593e-01
    1.52177691e+00 -5.66510737e-01 8.83018792e-01 1.52456355e+00
    7.86691308e-01 1.20499849e-01 5.62101424e-01 8.76373887e-01
    8.65031481e-02 5.57021022e-01 -6.62431479e-01 5.25136769e-01
    1.40041053e+00 -4.43445593e-01 1.65667176e+00 -6.28239334e-01
    -2.25609899e-01 1.22920918e+00 1.48687196e+00 -2.43692636e-01
    1.50241935e+00 6.83445632e-01 2.27294207e-01 5.11486173e-01
    -4.33420211e-01 4.69574094e-01 1.36986220e+00 -1.71483099e-01
    6.07470393e-01 1.07677364e+00 1.45534742e+00 -2.92850763e-01
    5.61261296e-01 1.46633101e+00 5.47660589e-02 1.04096627e+00
    1.38196492e+00 1.76715970e-01 8.11848104e-01 -2.05209315e-01
    4.82358277e-01 1.63736975e+00 -5.93949199e-01 4.72802758e-01
    1.53652680e+00 -6.29113615e-01 9.80775297e-01 -2.26185024e-01
    5.86076796e-01 -3.69705588e-01 -4.20350730e-01 1.61994123e+00
    -6.41431987e-01 6.17624819e-01 1.22463346e+00 1.88442051e-01
    -9.42353010e-02 -2.24578261e-01 -2.81948090e-01 1.20398104e+00
    3.57307315e-01 1.05658507e+00 1.14796734e+00 1.46268344e+00
    -5.07421553e-01 1.21412921e+00 -6.67509615e-01 -4.24729705e-01
    5.58244526e-01 9.05573368e-02 -2.14271545e-01 1.73893857e+00
    9.79593992e-01 1.69266188e+00 6.33027554e-02 -5.21514416e-01
    1.27288198e+00 1.51727057e+00 9.00977314e-01 9.55131829e-01
    4.96611595e-01 2.17884600e-01 8.37985277e-01 1.30323803e+00
    4.58017945e-01 1.87673151e-01 1.79404795e-01 5.51685750e-01
    3.69662702e-01 8.47813547e-01 1.33999383e+00 6.08583212e-01
    1.17617297e+00 7.40844429e-01 2.02222824e-01 3.46803904e-01
    1.47110999e-01 2.15189517e-01 3.23054850e-01 -2.96386480e-02
    1.62633920e+00 1.97596908e-01 1.46532726e+00 6.34893537e-01
    3.42391253e-01 -1.27379924e-01 -5.52991092e-01 5.59484363e-02
    1.25334859e+00 -5.67065954e-01 1.52730215e+00 1.40121007e+00
    -6.47512317e-01 -1.34339213e-01 1.70958948e+00 1.63816631e-01
    -6.21232748e-01 1.13991117e+00 5.45746744e-01 2.09065557e-01
    8.95611823e-01 2.47387528e-01 1.57354438e+00 3.98602962e-01
    1.97223783e-01 6.04216397e-01 6.84055805e-01 1.55979097e+00
    1.59739256e+00 5.11043370e-01 3.23467612e-01 -3.93263668e-01
    1.74983025e+00 -4.95788097e-01 -7.47045279e-02 6.03302717e-02
    2.21497118e-01 9.41476703e-01 -2.54758626e-01 8.69793236e-01
    5.27848721e-01 -5.40991187e-01 9.91033435e-01 -2.94864655e-01
    5.58858812e-01 1.44314742e+00 1.60507607e+00 1.18740141e+00
    4.58714306e-01 -2.81881690e-02 3.86450350e-01 -4.45611864e-01
    -2.80142009e-01 -4.06937629e-01 9.04414177e-01 2.51795769e-01
    -3.77524734e-01 9.25417185e-01 1.39504468e+00 1.19592202e+00
    4.00384247e-01 1.38739955e+00 -9.75864530e-02 7.00293660e-01
    8.83300364e-01 6.11739218e-01 1.30465341e+00 3.65194082e-01
    6.26953959e-01 4.00211096e-01 1.00861037e+00 2.49005437e-01
    4.84546244e-01 1.09571397e+00 1.06232095e+00 -5.52039802e-01
    1.65460932e+00 -4.86494303e-01 8.83261561e-02 1.53860450e+00
    1.40791440e+00 1.41495895e+00 -7.05974936e-01 3.61948192e-01
    2.76732266e-01 -4.18370247e-01 5.26420951e-01 6.86018765e-01
    2.62347460e-01 6.44790709e-01 9.90943432e-01 9.60729063e-01
    -1.51550591e-01 -2.22218841e-01 1.29876494e+00 1.10144436e-01
    1.30867124e+00 -7.17413664e-01 1.22642255e+00 1.56523168e+00
    -2.25839853e-01 5.99332809e-01 8.51062298e-01 1.76453590e-03
    8.13216627e-01 6.81490898e-02 9.00287092e-01 -2.88325608e-01
    1.31300187e+00 1.39826453e+00 -2.31415093e-01 1.23262882e+00
    -1.96556091e-01 -4.98189747e-01 2.03630567e-01 9.62193251e-01
    -2.43252665e-01 4.13604736e-01 1.54117608e+00 1.39092982e-01
    1.35368741e+00 1.46803379e-01 1.82558775e-01 9.82452095e-01
    -6.19592965e-01 -3.44181716e-01 1.70457447e+00 2.04882085e-01
    -1.03704095e-01 2.55423605e-01 -3.13679159e-01 4.27161932e-01
    1.60290015e+00 1.11181808e+00 -7.67116964e-01 7.51855373e-01
    5.83088994e-02 8.04236889e-01 1.65949488e+00 9.37324464e-01
    8.78890634e-01 3.00166309e-01 -4.08953696e-01 1.30386579e+00
    9.70634103e-01 -6.59850121e-01 5.10286093e-02 5.79363823e-01
    1.17047954e+00 -2.22802162e-04 2.83858836e-01 -5.53726315e-01
    2.01002359e-02 1.47114134e+00 1.56294584e+00 -1.77568436e-01
    -3.58107150e-01 -1.26205087e-01 9.31237042e-01 3.80524039e-01
    -6.40983403e-01 9.27837491e-01 5.43029964e-01 1.62921464e+00
    1.15968764e-01 -5.11887789e-01 1.54329944e+00 -7.22408414e-01
    9.88746107e-01 1.58647025e+00 -3.48345518e-01 -4.47140336e-02
    1.06701362e+00 5.15122056e-01 -6.08431578e-01 -4.35703427e-01
    2.67568648e-01 -1.07284248e-01 1.43322992e+00 9.48632121e-01
    -9.84583497e-02 -2.12830275e-01 -5.10086417e-01 -2.79663742e-01
    1.63812208e+00 1.47213542e+00 -6.01315796e-01 -6.72195971e-01
    2.75875330e-02 -2.41619617e-01 1.91421211e-01 -5.28605223e-01
    1.59043622e+00 4.76372480e-01 2.94309318e-01 4.85093296e-01
    -4.37563002e-01 1.39832759e+00 1.58477569e+00 6.35671139e-01
    -3.95043731e-01 -3.77536386e-01 7.47989476e-01 1.17003918e-02
    1.18382287e+00 1.65857458e+00 4.92173553e-01 -4.69751298e-01
    2.05980003e-01 -9.48262215e-02 1.41912961e+00 -6.16890192e-02
    1.67569292e+00 1.51351428e+00 9.74307001e-01 2.46039450e-01
    -3.09590042e-01 2.40941584e-01 1.80489063e-01 1.23680639e+00
    1.34134412e+00 1.44017816e+00 1.52683890e+00 4.28494573e-01
    9.29599762e-01 -5.74950874e-01 1.32732368e+00 5.60641289e-02
    -4.24642205e-01 -5.29281020e-01 1.57558155e+00 1.64539182e+00
    1.59137630e+00 5.56757450e-02 1.28661215e+00 -5.12217700e-01
    7.03164041e-01 -4.22888935e-01 7.00058401e-01 7.43473887e-01
    4.62635040e-01 1.08796930e+00 -1.59987211e-02 1.45161641e+00
    1.92662597e-01 -3.14634681e-01 -4.29929405e-01 7.07834959e-01
    -1.18645012e-01 1.55638504e+00 6.40267074e-01 1.09511673e+00
    -5.11514783e-01 5.14509082e-02 8.65028918e-01 1.43174934e+00
    1.06206846e+00 1.48926640e+00 1.02699566e+00 1.07775867e+00
    3.30938816e-01 1.11372757e+00 -4.50103521e-01 1.16936350e+00
    1.17134690e-01 -5.03454089e-01 -1.43887401e-01 -4.67410773e-01
    -5.35955131e-01 2.99512446e-01 5.22428572e-01 -6.74038529e-01
    1.37182784e+00 1.16001248e-01 1.38823640e+00 1.31247592e+00
    -2.50257671e-01 -3.25772882e-01 2.44799614e-01 -3.30966085e-01
    4.38665926e-01 1.26071835e+00 -3.01644504e-01 3.45655680e-01
    -6.90320730e-02 2.18830943e-01 8.42668712e-01 4.57480609e-01
    1.21002769e+00 -3.55705410e-01 -4.53056097e-02 3.23507428e-01
    7.20005274e-01 9.84093547e-02 1.01478148e+00 -4.68916774e-01
    1.14122343e+00 1.27293658e+00 7.86396265e-01 8.46451223e-01
    1.34535742e+00 1.53968787e+00 5.08773327e-02 -5.78759789e-01
    1.26653671e+00 1.04564369e-01 1.13791025e+00 -7.14516521e-01
    1.16942859e+00 1.54411137e+00 1.13056469e+00 3.66897583e-02
    8.38682473e-01 -1.95887923e-01 -1.86886191e-02 1.34206295e+00
    5.48385978e-02 1.11060941e+00 2.36597598e-01 -6.01490140e-02
    2.06773102e-01 4.50103402e-01 -7.23970592e-01 8.84513021e-01
    9.54471707e-01 -3.92254621e-01 -5.55304229e-01 1.48640394e+00
    -6.55891895e-02 -6.13637328e-01 3.77854645e-01 3.38583589e-02
    1.16971231e+00 1.38178313e+00 1.21055746e+00 2.79785454e-01
    -6.77586913e-01 -3.59229326e-01 5.16462624e-01 1.44372034e+00
    1.36311626e+00 8.58011842e-01 -7.99736559e-01 3.69973004e-01
    6.80255175e-01 3.60343516e-01 5.58769703e-03 -2.59981692e-01
    1.45756269e+00 -1.57410622e-01 9.92219687e-01 7.78433621e-01
    -7.20306635e-01 -3.62063557e-01 1.36122394e+00 6.40309513e-01
    1.41591239e+00 1.44357145e+00 6.41505480e-01 1.43204403e+00
    1.17255211e+00 4.65092897e-01 6.07274532e-01 1.43257654e+00
    4.19502974e-01 7.29681373e-01 1.56914580e+00 1.46934509e+00
    2.02998519e-02 1.03060412e+00 2.57079601e-02 5.13620615e-01
    3.60831738e-01 1.07775509e-01 5.55573583e-01 -5.91661453e-01
    8.16978633e-01 -6.33000612e-01 1.94318950e-01 1.30119801e-01
    2.35008776e-01 1.62598777e+00 -3.12661141e-01 -2.07043171e-01
    1.27006030e+00 1.52258396e-01 1.52267027e+00 1.47265029e+00
    1.69707596e-01 5.16676903e-03 1.35039973e+00 1.47232509e+00
    4.28484738e-01 -2.48922348e-01 -3.19598913e-02 9.72584248e-01
    6.05698824e-01 1.51142502e+00 5.38609803e-01 6.74899042e-01
    1.32016802e+00 1.44252634e+00 -2.90437192e-01 1.48885095e+00
    5.27845025e-02 2.38907933e-01 -3.48975897e-01 -6.69516683e-01
    1.27079356e+00 -6.53530538e-01 1.73365533e+00 -2.47521907e-01
    -1.53766245e-01 1.15558743e-01 -6.34360075e-01 1.14563632e+00
    1.44831800e+00 -2.54141420e-01 -4.29407984e-01 -3.18592817e-01
    -4.40330207e-01 8.92583609e-01 1.38136363e+00 -3.43549311e-01
    8.01919103e-01 -3.01050603e-01 1.63751793e+00 3.14170659e-01
    -1.89801276e-01 7.83759058e-01 1.51863301e+00 1.20462286e+00
    -5.26023626e-01 1.39600325e+00 1.18692803e+00 7.83030391e-01
    -1.29072160e-01 1.78086710e+00 -1.29113287e-01 2.97506988e-01
    1.06979823e+00 1.62093794e+00 1.01296735e+00 3.75769436e-01
    -3.30705911e-01 9.45703149e-01 1.41086435e+00 -1.57792330e-01
    4.84742045e-01 3.12876940e-01 1.06190181e+00 1.26431203e+00
    4.43284512e-01 6.15118861e-01 -2.06713378e-01 -4.84949738e-01
    -2.55518436e-01 1.62516654e+00 1.15862060e+00 1.42996883e+00
    4.19584215e-01 1.01224804e+00 1.03180218e+00 -4.43545520e-01
    4.43828702e-01 -1.29264593e-03 1.57483006e+00 -4.03476983e-01
    -3.08314651e-01 1.47557092e+00 4.66840625e-01 7.96566367e-01
    1.55945301e+00 1.50736570e-01 1.40066004e+00 1.11455631e+00
    -2.47326314e-01 9.54375803e-01 -2.05075800e-01 1.62438011e+00
    1.93939388e-01 -4.06233519e-01 3.16491306e-01 2.10133791e-02
    2.05557287e-01 1.54334462e+00 -6.93070650e-01 -3.34350318e-01
    1.10628819e+00 6.00223541e-02 8.20144892e-01 9.71397161e-02
    8.78989875e-01 1.50852859e-01 1.34752047e+00 1.19636035e+00
    6.97568893e-01 -7.89602816e-01 9.49291170e-01 1.13201022e+00
    1.11613464e+00 1.88145876e-01 1.56486487e+00 4.43944395e-01
    1.98639393e-01 4.27499890e-01 5.04161000e-01 1.33978343e+00
    -3.39486599e-02 2.53843307e-01 1.25007105e+00 -5.69290817e-01
    -6.63404346e-01 -4.15734559e-01 -2.81172454e-01 1.61483037e+00
    5.19561291e-01 3.80395114e-01 7.90449858e-01 1.43649054e+00
    8.04221749e-01 1.28039980e+00 7.31788874e-01 1.42999506e+00
    1.22746456e+00 9.79697526e-01 5.30782759e-01 -5.56925178e-01
    8.00210714e-01 3.76583993e-01 6.65250719e-01 5.95349371e-01
    9.39562678e-01 9.64518785e-01 4.42682981e-01 1.52667761e-01
    -2.97514349e-01 1.83514285e+00 1.48701727e+00 -2.74607837e-01
    1.09679818e+00 4.18966055e-01 8.66204262e-01 -7.01229870e-01
    9.74354208e-01 1.06877851e+00 5.28272033e-01 5.23105681e-01
    2.49190032e-01 2.94492245e-02 -1.36387110e-01 5.75618744e-02
    1.13425303e+00 2.11000085e-01 1.51105475e+00 -4.46155161e-01
    -5.75706005e-01 8.22099209e-01 1.25459504e+00 8.92643750e-01
    5.54986715e-01 -1.58946216e-01 4.75971043e-01 6.90514863e-01
    4.16722775e-01 1.17105246e-01 -3.58627439e-02 -1.40568018e-02
    2.90084660e-01 1.36407566e+00 1.14837885e+00 1.24391556e+00
    1.10156178e+00 1.25314975e+00 -6.13826215e-01 7.47627437e-01
    2.64989972e-01 3.61656845e-01 6.81553125e-01 1.48430431e+00
    6.58278823e-01 -5.65980673e-01 -3.52220565e-01 4.12893057e-01
    9.32424426e-01 3.59573364e-02 1.73220325e+00 1.43120766e+00
    -4.19024676e-01 1.49055541e-01 -6.12154603e-01 5.73989749e-01
    9.89880741e-01 4.39197123e-01 -5.37105680e-01 -6.01211071e-01
    9.85289037e-01 1.49025226e+00 1.44586754e+00 6.63835883e-01
    5.63411415e-01 1.43099904e+00 1.33824062e+00 -5.45796394e-01
    1.26384175e+00 -3.11306268e-01 -1.22081280e-01 1.50291872e+00
    -6.86197281e-02 1.04535294e+00 -1.45516276e-01 3.31388712e-01
    -4.03679192e-01 1.40298009e+00 5.29748738e-01 1.51730585e+00
    -2.81931400e-01 2.62505352e-01 7.13650525e-01 1.31318176e+00
    1.12037039e+00 2.24217474e-01 -1.50966644e-03 1.41632247e+00
    -1.78894699e-01 -9.51569676e-02 -4.08333689e-01 7.74276853e-02
    1.06317425e+00 -8.25561285e-02 -2.96142995e-01 3.31033647e-01
    5.66460788e-01 1.00173676e+00 8.47792566e-01 1.24209666e+00
    1.14977336e+00 6.55367613e-01 -4.11662161e-01 7.80755758e-01
    1.06997442e+00 1.55439401e+00 -8.44745994e-01 9.15268600e-01
    1.10847056e-01 8.70374918e-01 1.54644871e+00 -3.79877269e-01
    1.21067488e+00 5.79043627e-02 1.41755199e+00 -2.18989909e-01
    -1.96712732e-01 5.80600679e-01 -1.06487870e-02 -4.00344640e-01
    8.99660468e-01 -7.40362465e-01 6.81885540e-01 1.46256447e+00
    -1.83546424e-01 1.39209497e+00 1.23415804e+00 1.78531861e+00
    1.29786968e+00 -5.10884047e-01 7.44751155e-01 1.12468815e+00
    9.29255486e-02 -1.65926665e-01 1.20122004e+00 5.70276260e-01
    7.74876833e-01 1.19432187e+00 2.82336473e-01 5.19712210e-01
    9.89835083e-01 -1.10196233e-01 1.69409525e+00 8.07153225e-01
    1.25025439e+00 1.42012930e+00 1.65588844e+00 3.30858231e-02
    1.78678632e-02 1.14939070e+00 5.03608882e-01 1.65758824e+00
    -5.65824270e-01 2.02373564e-01 4.09973204e-01 7.63813674e-01
    -3.97764891e-01 -4.21684086e-01 -1.29199535e-01 1.13549125e+00
    6.93519711e-02 5.03739953e-01 -7.11305261e-01 3.76619756e-01
    1.98488593e-01 6.85590684e-01 7.30454326e-01 -2.43435621e-01
    -7.81175435e-01 1.50847793e+00 -5.11701047e-01 3.84701490e-01
    3.38395834e-02 1.36139989e-01 -5.51304817e-01 -4.07848358e-01
    2.57068515e-01 -5.58285713e-01 3.74535024e-01 5.68303466e-01
    -4.45765704e-01 3.32330525e-01 1.17528617e-01 9.73545730e-01
    -3.75359684e-01 3.22256327e-01 -2.62687266e-01 6.12938941e-01
    1.34268427e+00 -2.99995005e-01 -5.59813499e-01 9.23804104e-01
    -1.65043294e-01 3.67026210e-01 -2.81874955e-01 6.55591607e-01
    8.93668890e-01 1.47772026e+00 -7.05994904e-01 1.12511253e+00
    1.39397347e+00 1.25698876e+00 1.50746655e+00 -7.54805803e-01
    1.30953908e+00 8.04919064e-01 5.75148761e-01 -3.31578225e-01
    9.36981678e-01 1.22401118e-02 1.77180886e-01 6.14516139e-01
    -7.39388466e-01 1.27339244e+00 -2.55109847e-01 3.73423278e-01
    -7.70759523e-01 1.29254055e+00 5.43325782e-01 1.32275748e+00
    5.00798345e-01 1.06576347e+00 2.78330326e-01 -2.38743663e-01
    2.66808271e-01 9.24083412e-01 -8.23352873e-01 9.04136956e-01
    1.33327913e+00 5.22329688e-01 1.40332329e+00 -9.71679091e-02
    1.60478282e+00 4.16595399e-01 1.11144888e+00 -3.02176118e-01
    -1.47291780e-01 7.53396153e-02 1.48179936e+00 5.82151651e-01
    1.38120401e+00 9.65831578e-01 4.22589660e-01 7.26365089e-01
    1.57113981e+00 7.71709621e-01 1.03991842e+00 -2.03407466e-01
    1.54870892e+00 3.09018791e-01 8.13935518e-01 -1.92441463e-01
    8.33780468e-02 6.45418704e-01 -2.98981309e-01 4.46842372e-01
    -4.65748549e-01 -7.27452040e-02 -3.93849403e-01 -4.98286009e-01
    1.14975035e-01 1.59199381e+00 1.64712453e+00 2.06954420e-01
    -6.74892008e-01 -2.13843584e-02 -8.44031572e-03 8.61417294e-01
    4.44177687e-01 9.79825020e-01 6.23738170e-02 -5.49135149e-01
    -5.92261672e-01 6.01171851e-02 -1.92616373e-01 3.29893649e-01
    -5.82515359e-01 1.44845879e+00 1.33314252e-01 -2.45397985e-01
    5.79000771e-01 -4.92274761e-04 -5.85962534e-02 1.25458980e+00
    7.02332973e-01 1.00283408e+00 -5.03538072e-01 2.09188461e-02
    -7.17983007e-01 1.54290521e+00 1.23057103e+00 -1.44520044e-01
    5.43027937e-01 1.05150104e+00 -3.11925530e-01 -5.60398996e-01
    1.52916622e+00 7.56140411e-01 -4.26192582e-01 6.98607326e-01
    1.70354033e+00 1.36541378e+00 5.02231658e-01 3.90632153e-02
    4.06742096e-02 1.12256908e+00 2.05880404e-03 5.43117464e-01
    2.17008710e-01 1.45297694e+00 1.49669707e-01 5.34450412e-01
    2.14540482e-01 7.88909376e-01 8.01822007e-01 4.65157688e-01
    1.23414242e+00 -7.90187478e-01 1.22740781e+00 8.48384023e-01
    7.71195233e-01 -2.97675014e-01 1.66351950e+00 1.26546490e+00
    -3.28205168e-01 -5.08991957e-01 -3.97696137e-01 1.32126546e+00
    1.15795135e+00 9.25964117e-03 1.26266885e+00 1.49373925e+00
    6.86156154e-01 -1.63996577e-01 1.34935057e+00 1.07644808e+00
    1.11717987e+00 1.05263436e+00 -6.71525240e-01 3.66525710e-01
    -5.97186089e-01 -1.47737086e-01 1.35626733e-01 1.15938592e+00
    1.33394003e+00 4.61877644e-01 1.35295677e+00 1.49611139e+00
    1.99384928e-01 1.60572910e+00 -6.38311923e-01 -5.82510412e-01
    1.02639437e+00 1.42557776e+00 -1.37829542e-01 1.58384204e+00
    4.00288701e-02 2.28006244e-02 9.34541583e-01 8.61360848e-01
    -1.11054957e-01 1.35928059e+00 6.57995462e-01 7.38464236e-01
    9.08528030e-01 3.31359446e-01 -6.50999188e-01 6.20073676e-01
    -2.13179410e-01 8.84021878e-01 1.42828369e+00 1.22139359e+00
    1.46877933e+00 -7.20697522e-01 1.24077249e+00 7.73169518e-01
    -8.00074458e-01 1.10990477e+00 -7.36389697e-01 1.45485401e-01
    1.34027743e+00 -4.43954200e-01 -5.56011140e-01 9.57804918e-01
    -3.22519600e-01 6.51428461e-01 1.04760003e+00 3.02119672e-01
    -2.06522942e-02 -3.78886044e-01 5.38552463e-01 1.44130635e+00
    6.68837428e-02 1.25621486e+00 -5.42173982e-01 8.30175281e-02
    1.59304106e+00 -1.38340831e-01 -6.84794426e-01 1.60965323e+00
    -7.50608921e-01 1.23232019e+00 1.16017962e+00 -3.10145766e-01
    5.15326202e-01 8.44616890e-01 1.20456636e+00 1.33191931e+00
    4.96738374e-01 -2.19337940e-02 1.02635193e+00 1.47251987e+00
    -4.12915856e-01 8.60127449e-01 3.71654093e-01 -3.65349174e-01
    6.10768676e-01 4.76762354e-01 8.73863637e-01 8.81440997e-01
    1.49023759e+00 2.96620131e-02 1.43278670e+00 1.45512605e+00
    1.57193923e+00 1.69917309e+00 5.60603023e-01 -4.94845152e-01
    2.07831800e-01 1.15536332e+00 1.32623565e+00 -7.26635456e-02
    2.76319742e-01 1.37799358e+00 -2.17283010e-01 -6.30117357e-01
    1.24097610e+00 1.23520255e-01 4.85850275e-01 1.14023018e+00
    1.26081383e+00 1.19270587e+00 6.80655062e-01 8.15384984e-02
    -2.49670625e-01 1.34160066e+00 1.62583590e-02 -8.68409872e-03
    -2.37203777e-01 1.59955859e+00 1.21483684e+00 -4.25499082e-02
    7.54755974e-01 -3.69482309e-01 1.24490082e-01 -2.80519307e-01
    1.05216455e+00 4.85547781e-02 1.17051768e+00 1.14219606e+00
    1.68612361e+00 6.09892964e-01 1.79216146e-01 1.38167453e+00
    -3.75669003e-02 5.78509092e-01 1.58711708e+00 1.54274416e+00
    1.99282706e-01 1.07972980e+00 4.91033137e-01 1.04502690e+00
    2.38382041e-01 2.31345177e-01 1.33301783e+00 -3.03366363e-01
    1.27198839e+00 -4.85070586e-01 1.44040644e+00 3.93045485e-01
    -4.26830053e-02 7.64542937e-01 1.45834160e+00 8.62014949e-01
    -3.73097777e-01 1.37993646e+00 1.35573483e+00 -3.04120392e-01
    -3.34137797e-01 1.22084808e+00 7.42952466e-01 1.13859081e+00
    -3.68297726e-01 -8.79335403e-02 -6.77687883e-01 8.62714708e-01
    -3.51956278e-01 7.21084237e-01 1.06915402e+00 1.39887118e+00
    -4.76319969e-01 1.12357616e-01 1.33417296e+00 3.50699842e-01
    -5.21899045e-01 1.06552732e+00 1.68007851e+00 1.07967150e+00
    1.30964541e+00 -4.08448905e-01 1.54384494e+00 -5.02892137e-01
    8.88296068e-01 -4.17146087e-01 1.70427501e-01 8.20069313e-01
    1.44077802e+00 1.29539394e+00 1.77991092e-01 9.05164540e-01
    5.09200096e-01 1.21058655e+00 3.01096737e-01 -4.52735215e-01
    1.03670835e+00 1.04228556e+00 7.69019127e-02 1.48425269e+00
    6.58406615e-02 8.10141802e-01 9.17618692e-01 1.66074967e+00
    1.12260330e+00 5.97176671e-01 1.57849455e+00 1.38770866e+00
    1.25925529e+00 -5.05024612e-01 1.35477865e+00 -3.54096234e-01
    1.31656528e+00 8.72868836e-01 1.48808885e+00 1.15385127e+00
    -5.56171417e-01 1.47100258e+00 1.39808643e+00 -3.72537404e-01
    -4.56305474e-01 1.44928432e+00 1.76570892e+00 2.01314211e-01
    -1.51971012e-01 -5.05681098e-01 -3.30310553e-01 -3.72236073e-01
    -6.47760034e-02 1.05270720e+00 1.13893211e-01 -4.91300821e-02
    1.54524028e+00 -9.60623026e-02 4.53071594e-02 5.13632119e-01
    5.79564571e-01 6.77850544e-01 -5.74048996e-01 1.26914024e+00
    1.36659634e+00 -2.96575546e-01 7.72004306e-01 1.23642147e+00
    2.32057452e-01 9.04556811e-01 6.19652331e-01 1.25312304e+00
    1.49349117e+00 2.19469011e-01 2.82931805e-01 1.48170662e+00
    -2.84939408e-01 6.53612494e-01 -7.51426220e-02 7.08119392e-01
    9.96802211e-01 3.50168407e-01 -3.65610212e-01 1.47402179e+00
    -3.60447794e-01 1.36297464e+00 -3.69394153e-01 -5.24723291e-01
    1.25207734e+00 6.46816850e-01 7.59808183e-01 9.18298304e-01
    1.73894405e-01 1.72686887e+00 1.50457716e+00 -1.46873295e-01
    7.20301628e-01 1.07938838e+00 1.52741718e+00 -6.41382873e-01
    1.26400697e+00 -1.33383274e-02 1.00512767e+00 8.78550470e-01
    6.22851729e-01 1.09754682e-01 -7.62367249e-02 9.97601449e-01
    6.17706001e-01 1.92333519e-01 1.02361226e+00 1.31325626e+00
    -4.26660240e-01 1.09600425e-02 6.85285032e-01 4.76996541e-01
    9.83651757e-01 7.81481266e-02 1.89377248e-01 1.30407596e+00
    -2.26901531e-01 -5.03391623e-01 -1.07410610e-01 1.46777654e+00
    1.02887130e+00 1.02362370e+00 8.96947026e-01 9.48749900e-01
    3.09000671e-01 1.25669193e+00 4.26439047e-02 9.00776982e-01
    1.77325916e+00 -3.30291986e-02 2.92038262e-01 7.66267300e-01
    1.28737557e+00 7.89343178e-01 7.92301476e-01 -4.23993081e-01
    1.62978172e-01 3.52661848e-01 -5.33438921e-01 5.00241995e-01
    3.98030818e-01 3.39071870e-01 1.17750359e+00 1.57969713e+00
    1.35723197e+00 -7.91669130e-01 1.12319756e+00 -1.95056200e-03
    -7.68867135e-02 -4.25169557e-01 1.17174125e+00 9.11928236e-01
    -1.42258048e-01 1.11198843e+00 -1.82909548e-01 1.36270249e+00
    -5.56386411e-01 -5.31667173e-01 -4.20147806e-01 -4.35581207e-02
    -1.37556344e-01 2.63700664e-01 -5.53957283e-01 7.72531033e-02
    1.06946170e+00 1.28054810e+00 -4.60516423e-01 5.37515700e-01
    -8.31642866e-01 1.11314440e+00 -7.30546057e-01 -5.40475845e-02
    -5.21413565e-01 1.74476731e+00 -3.36309701e-01 -9.26022530e-02
    1.76783979e+00 7.13742554e-01 -4.22591031e-01 -6.91748261e-02
    1.64171541e+00 2.68774271e-01 1.37805521e+00 6.07047975e-01
    9.77553427e-01 7.90561616e-01 2.72808969e-01 -1.91437006e-02
    -7.53538013e-02 -6.82494164e-01 1.38411081e+00 -4.19084281e-01
    5.96038759e-01 -2.68217325e-02 7.77710438e-01 1.15569532e+00
    -1.34265423e-02 -5.18374443e-02 1.60062194e-01 2.05954909e-01
    3.01868260e-01 6.54776216e-01 9.35695767e-02 1.37559354e+00
    1.45122933e+00 2.34451532e-01 7.00562477e-01 1.12342811e+00
    -6.68444514e-01 -6.00339174e-01 1.74415195e+00 -5.19159257e-01
    6.01585925e-01 8.99582326e-01 -2.76692986e-01 4.44339275e-01
    6.82567120e-01 3.83623302e-01 1.09829855e+00 5.84651232e-01
    8.36523592e-01 2.85250962e-01 1.17341852e+00 9.01414573e-01
    1.26680231e+00 2.52160072e-01 6.97612762e-02 1.19528723e+00
    6.84997141e-01 3.92995059e-01 1.44532025e-01 1.25288272e+00
    1.32269347e+00 -7.36665010e-01 3.54808211e-01 -1.10705793e-01
    -2.29587555e-01 5.59833467e-01 -4.74407136e-01 1.06726146e+00
    2.16452837e-01 8.39112699e-01 -4.70662862e-01 1.53861427e+00
    -6.49216354e-01 -2.49411941e-01 1.04414773e+00 -2.10050404e-01
    -2.09446728e-01 2.53911376e-01 5.37639081e-01 1.35816073e+00
    1.17198491e+00 -1.95572376e-02 4.41859424e-01 1.12076998e-02
    1.53279305e+00 -4.96430576e-01 -2.91701555e-02 6.38748944e-01
    1.61409605e+00 1.64867067e+00 9.96987581e-01 8.24441075e-01
    -1.52485371e-01 7.78676450e-01 -2.60098159e-01 -7.72359669e-01
    9.28660572e-01 9.64867711e-01 8.90272141e-01 -1.12783790e-01
    -4.66832846e-01 -4.78568614e-01 1.49487233e+00 8.74664605e-01
    5.21304190e-01 -8.63653421e-03 -1.36325806e-01 5.14706254e-01
    -2.09512234e-01 -2.75922388e-01 -5.18717945e-01 8.35768998e-01
    2.01062620e-01 -6.59271955e-01 3.74860048e-01 6.36451423e-01
    1.02782440e+00 1.06961238e+00 -2.33051240e-01 3.61102164e-01
    1.28150988e+00 -5.53273618e-01 -4.62368786e-01 1.58492088e-01
    6.23834610e-01 -3.59993607e-01 1.19379759e-02 1.21389890e+00
    5.27565777e-01 -4.70847726e-01 5.60854793e-01 8.17743003e-01
    1.08338094e+00 1.20450282e+00 1.69890547e+00 4.70878661e-01
    -6.09408617e-02 3.74339640e-01 8.15923095e-01 1.32140791e+00
    -5.84085822e-01 -3.75337958e-01 -1.28711224e-01 4.10283208e-01
    1.15237999e+00 1.51946020e+00 7.25755095e-02 1.40544403e+00
    1.01239252e+00 -2.80263662e-01 9.32811975e-01 3.00134897e-01
    -1.58370078e-01 -5.96865058e-01 -3.82945985e-01 -5.50362885e-01
    6.87527299e-01 8.59733999e-01 7.10196257e-01 6.31483018e-01
    -1.37367725e-01 1.49415433e+00 -1.36107922e-01 5.53420067e-01
    -4.31538045e-01 7.58821607e-01 -7.16175914e-01 1.34417009e+00
    6.69561446e-01 6.90335870e-01 5.04359305e-01 7.37862349e-01
    -4.91507113e-01 1.35460436e-01 -1.74216628e-02 7.39301622e-01
    1.65650630e+00 -1.44895315e-01 2.28360355e-01 4.75965858e-01
    1.02985954e+00 1.75696194e-01 7.40227580e-01 8.01592827e-01
    1.09043765e+00 3.09721708e-01 -1.31496251e-01 9.18394327e-02
    -8.83765221e-02 1.39673829e-01 8.77253294e-01 1.05571413e+00
    3.22670162e-01 -3.93033028e-01 4.91120458e-01 5.44312060e-01
    -3.00260067e-01 1.07971215e+00 1.32082939e+00 4.77037430e-01
    1.65178418e+00 -5.63733995e-01 -7.74828792e-02 -7.43025303e-01
    1.01358771e+00 -2.29553461e-01 1.43931210e+00 1.39403284e+00
    1.50920391e+00 5.14514625e-01 8.97394836e-01 -6.45958066e-01
    5.53651869e-01 1.63722885e+00 -4.18738306e-01 4.64392662e-01
    3.77674699e-02 1.15917087e-01 1.42977643e+00 1.09204054e-01
    3.46233308e-01 1.57896233e+00 8.44423354e-01 -3.72591317e-01
    -1.75546527e-01 1.29335773e+00 1.32765675e+00 6.68230891e-01
    1.20634651e+00 1.50676143e+00 1.58491147e+00 1.51942873e+00
    6.46307409e-01 -5.06419122e-01 -5.40862083e-02 3.13140929e-01
    3.79974782e-01 -5.36336899e-01 6.00242555e-01 1.17292500e+00
    -1.70324147e-01 1.68593013e+00 3.65864277e-01 1.77881145e+00
    5.77721775e-01 1.38967454e-01 1.23933220e+00 -3.41350734e-01
    1.66738093e+00 9.40321088e-02 1.12499833e+00 5.30439079e-01
    1.57666719e+00 8.00010145e-01 6.88657343e-01 -7.65451550e-01
    1.50489879e+00 3.42278123e-01 -2.40864754e-02 -4.37619686e-01
    6.22191787e-01 4.33618665e-01 6.32409334e-01 1.51843917e+00
    4.04785156e-01 -5.91359615e-01 6.89927101e-01 -2.91432142e-02
    1.47809696e+00 6.54347897e-01 7.84184754e-01 9.31850016e-01
    1.04490685e+00 7.42668986e-01 1.04380465e+00 3.29752624e-01
    -2.75561541e-01 -1.83641076e-01 3.86899948e-01 1.23196876e+00
    -4.21672463e-02 1.42998958e+00 6.80055380e-01 1.82419300e-01
    3.09774041e-01 -3.34496498e-01 1.34406233e+00 -3.74138772e-01
    5.06029725e-01 4.03774738e-01 -2.47519612e-01 7.91172981e-02
    1.26032138e+00 -4.84207064e-01 7.03624010e-01 1.42292857e+00
    -1.26978993e-01 -4.23962086e-01 1.26666451e+00 1.26388896e+00
    6.15948081e-01 1.24090087e+00 -4.82096434e-01 6.93408012e-01
    1.35632062e+00 1.70413613e-01 -1.61658585e-01 1.41360641e+00
    -4.98236001e-01 9.72918630e-01 -2.50090480e-01 4.28312182e-01
    3.58937740e-01 1.20330071e+00 5.06176174e-01 -8.02757144e-02
    -1.13695025e-01 -4.51687574e-01 1.38647628e+00 8.50432813e-01
    7.55884051e-01 1.25647306e+00 -9.80703831e-02 -9.63029861e-02
    1.04215264e+00 1.34054565e+00 5.68467498e-01 6.74696743e-01
    1.12319493e+00 -1.45187199e-01 6.67661905e-01 4.64182973e-01
    5.60386479e-01 3.01924706e-01 1.49512696e+00 -5.20929635e-01
    1.19481540e+00 -1.80962563e-01 1.78663921e+00 1.59340525e+00
    1.93434811e+00 1.13685417e+00 1.02106714e+00 3.47013474e-02
    -1.14028573e-01 -3.91037345e-01 6.95265770e-01 -1.04779720e-01
    -7.60606706e-01 1.14939570e+00 1.55735993e+00 8.23652625e-01
    1.37011468e+00 8.09390485e-01 -5.37547767e-01 -5.19519210e-01
    1.19559610e+00 5.35799026e-01 2.96479046e-01 -1.26491964e-01
    7.01832831e-01 1.83212698e-01 2.23317146e-02 2.28312016e-02
    1.22969580e+00 1.40995216e+00 4.40468192e-02 -2.09944963e-01
    2.00988352e-01 1.07142067e+00 1.21711397e+00 1.52205944e+00
    1.02504921e+00 7.67744243e-01 7.65843511e-01 1.22427738e+00
    -5.01525998e-02 1.29601741e+00 1.41993308e+00 1.33547556e+00
    1.71643877e+00 -6.24126852e-01 -6.17046654e-01 8.83495808e-02
    7.15648830e-01 1.45507455e+00 2.85482645e-01 5.64511657e-01
    1.68939567e+00 2.31116712e-01 -4.58184630e-01 -4.18505788e-01
    -3.75641942e-01 6.76531494e-01 -1.90367222e-01 1.63884997e+00
    1.48841226e+00 1.16782296e+00 -6.88794971e-01 1.07564759e+00
    1.36053157e+00 1.25520051e+00 8.02436948e-01 7.43357778e-01
    9.06514525e-02 4.63128746e-01 -2.74991870e-01 1.30163145e+00
    3.37410986e-01 1.37549555e+00 7.91315019e-01 1.42442513e+00
    1.19158983e+00 -3.44689399e-01 1.52730346e-02 7.93167114e-01
    1.36561155e-01 2.56822228e-01 1.15544736e-01 5.34171045e-01
    9.19683039e-01 1.60459375e+00 8.67229164e-01 -6.86264873e-01
    4.77736413e-01 -1.44699216e-01 -4.93081927e-01 -4.57664788e-01
    6.30326152e-01 1.31974232e+00 1.08937383e+00 1.53743958e+00
    -6.79294944e-01 2.50737131e-01 5.17546475e-01 5.95647097e-01
    1.33919203e+00 8.60837102e-02 4.29112136e-01 9.25131440e-01
    1.27183509e+00 1.29342377e-01 -3.31849098e-01 1.13461041e+00
    1.11044240e+00 -5.18568039e-01 -2.47269511e-01 1.35934520e+00
    1.28754306e+00 1.96699321e-01 2.94174194e-01 7.66421556e-01
    2.76281118e-01 -4.15698409e-01 9.87795413e-01 5.09288788e-01
    -3.09928745e-01 1.56345832e+00 1.39201581e+00 9.46212888e-01
    -8.83721113e-02 8.21222782e-01 1.15273440e+00 1.14908779e+00
    1.29788518e+00 2.27065444e-01 1.21620476e-01 -4.98697162e-02
    -1.51067197e-01 1.14043200e+00 -2.18131244e-01 -5.99252522e-01
    4.31320310e-01 2.19550014e-01 1.64793861e+00 -3.89218986e-01
    1.18600798e+00 1.24415398e-01 1.40751386e+00 6.48612440e-01
    1.17812991e+00 -7.90807605e-02 -1.54446959e-01 7.32057333e-01
    -5.43849587e-01 -5.41679502e-01 3.83874357e-01 1.17474568e+00
    -1.73119992e-01 -1.28638029e-01 1.43463683e+00 1.19542503e+00
    -3.11314940e-01 -2.12891132e-01 1.57343626e-01 6.39399111e-01
    1.50007319e+00 9.76408362e-01 -4.09350991e-02 7.74419427e-01
    3.34423602e-01 4.32001173e-01 1.10358226e+00 5.41417956e-01
    1.45327246e+00 3.65603387e-01 -1.70800686e-01 1.47052956e+00
    1.43907762e+00 1.00945091e+00 6.96956694e-01 1.32119107e+00
    -6.69277132e-01 9.17692244e-01 1.77731287e+00 1.82069838e-01
    -4.66680408e-01 -1.33938015e-01 1.08117366e+00 7.29977131e-01
    2.49595821e-01 1.06545579e+00 8.72350395e-01 -3.62928838e-01
    -4.89996105e-01 1.06606805e+00 1.42848516e+00 1.32959938e+00
    1.54268944e+00 4.89932179e-01 1.38930726e+00 9.97506201e-01
    8.79198372e-01 -2.10416496e-01 5.73841095e-01 1.52925873e+00
    1.58298254e-01 1.16414571e+00 2.40633547e-01 1.18952465e+00
    -4.96722519e-01 -2.94203639e-01 1.00199509e+00 3.40477645e-01
    7.75173187e-01 1.44008708e+00 -4.57761675e-01 -1.37179673e-01
    2.80392110e-01 1.28379226e+00 -2.95256913e-01 1.14583910e+00
    -7.04881012e-01 3.18104982e-01 2.47406006e-01 5.17817497e-01
    4.52698648e-01 4.81264770e-01 4.68030035e-01 1.34261608e+00
    1.50958002e-01 1.55902338e+00 4.66887295e-01 7.03033805e-01
    -4.09381181e-01 -1.69420838e-02 1.36137033e+00 6.88161790e-01
    2.73111045e-01 5.33944368e-01 6.19930267e-01 4.67386425e-01
    6.22490644e-02 4.58570659e-01 1.54583156e+00 -1.70120895e-01
    9.01410103e-01 1.35441303e+00 -4.73508745e-01 -4.38815951e-02
    7.27439463e-01 5.02898574e-01 2.50748336e-01 7.15323627e-01
    1.59831595e+00 -2.92623281e-01 8.72760415e-01 6.03117704e-01
    -4.57747072e-01 -2.63511121e-01 1.29899669e+00 1.14245343e+00
    -5.24154186e-01 -1.05274081e-01 -5.12426257e-01 1.68382239e+00
    2.16047585e-01 -9.74664092e-02 -6.80545509e-01 1.17303801e+00
    8.09610009e-01 6.91346705e-01 4.99871731e-01 1.20787787e+00
    3.72322798e-02 2.44457424e-01 2.12779701e-01 6.64272666e-01
    -4.40557539e-01 1.53599691e+00 -2.31658280e-01 2.50737548e-01
    1.30771375e+00 1.57995343e+00 7.15794921e-01 7.99060822e-01
    7.72813022e-01 1.42639041e+00 -5.87196648e-01 -6.54749870e-02
    7.47712255e-02 -2.14223593e-01 1.26651108e-01 -4.17372733e-01
    1.64310145e+00 5.14339983e-01 -1.87307119e-01 -1.24535978e-01
    2.65206635e-01 -2.10949719e-01 -5.37880778e-01 4.33732748e-01
    1.60055912e+00 9.12751555e-02 -1.54880524e-01 1.60626864e+00
    4.76561189e-01 4.18181181e-01 3.98123264e-01 3.31124842e-01
    4.92577493e-01 4.42722440e-01 -4.89186138e-01 -6.88190937e-01
    1.42561626e+00 -2.76853085e-01 -5.91743052e-01 9.62636828e-01
    1.12469554e+00 1.27559650e+00 -3.59622627e-01 8.58832181e-01
    -4.49725509e-01 -6.49610341e-01 1.47281742e+00 1.37656820e+00
    2.37788856e-01 -3.96034300e-01 1.51514125e+00 -4.02960926e-01
    -6.35715723e-01 1.30863655e+00 1.41765833e+00 1.43822026e+00
    1.42954779e+00 5.95864236e-01 5.16495764e-01 1.55945075e+00
    -5.16540527e-01 1.90966725e-02 6.74466908e-01 -5.48763633e-01
    2.31110990e-01 5.41447341e-01 5.86529434e-01 1.58836937e+00
    -3.99321675e-01 1.76627159e-01 1.63775110e+00 1.02780557e+00
    -4.86071408e-01 3.24081779e-01 1.69141865e+00 2.67033339e-01
    -5.87941170e-01 1.59015942e+00 4.19510841e-01 -7.87746310e-02
    -5.63292205e-01 -4.86988157e-01 -1.88846529e-01 1.10449362e+00
    -3.72018367e-01 8.32167029e-01 6.19493604e-01 6.20676458e-01
    -2.00471222e-01 1.11299241e+00 -9.89053249e-02 1.37094021e+00
    4.50413048e-01 1.55250001e+00 -5.62180281e-01 6.73336148e-01
    1.32722139e+00 5.83133936e-01 2.36529291e-01 1.05216753e+00
    9.41328347e-01 -5.27673006e-01 -1.43365264e-02 -3.76903713e-01
    1.44278967e+00 -2.57503569e-01 1.49212193e+00 -1.25505984e-01
    -6.53656602e-01 2.95682728e-01 6.96671426e-01 4.26893175e-01
    6.19624138e-01 1.14615679e+00 1.27295208e+00 -4.26526457e-01
    -4.08709288e-01 1.02763462e+00 1.70355868e+00 -4.69053179e-01
    -7.55840540e-02 3.25699747e-01 1.21974504e+00 7.39880383e-01
    5.41224599e-01 3.19163144e-01 -5.94492316e-01 2.33560979e-01
    1.53606260e+00 9.20190573e-01 1.17029643e+00 9.87835765e-01
    3.21467102e-01 -2.30721414e-01 1.65741503e-01 -6.08325303e-01
    2.49511600e-02 1.89455545e+00 -5.49768627e-01 1.01262522e+00
    1.71083283e+00 9.68365967e-01 -2.44398266e-01 -5.76977313e-01
    1.73668623e+00 -7.17186928e-02 1.49372220e-02 1.55767202e-01
    9.50910985e-01 8.24487567e-01 2.98073530e-01 3.17844570e-01
    -4.95890796e-01 -4.22889292e-01 4.40771401e-01 1.19631338e+00
    -1.30508065e-01 1.21824455e+00 -7.57742226e-01 7.05552816e-01
    7.73994446e-01 1.08515859e+00 2.31715024e-01 1.75896358e+00
    2.92779505e-01 -5.55713177e-01 2.97477245e-01 1.29699373e+00
    -1.40580535e-02 1.17363393e-01 -4.03123587e-01 -2.18987525e-01
    -3.11569631e-01 1.37837565e+00 -2.77748883e-01 -3.14974427e-01
    -2.90330440e-01 -4.09970284e-02 8.96651030e-01 -4.95825976e-01
    -1.56287849e-01 1.64563179e+00 1.28543150e+00 1.55817533e+00
    1.07667923e-01 9.63006675e-01 9.10703003e-01 1.33647704e+00
    9.67262506e-01 1.39528108e+00 1.05039215e+00 2.90152907e-01
    6.39936626e-01 7.86386669e-01 1.46924603e+00 1.14602113e+00
    5.91545165e-01 1.37882423e+00 4.87831473e-01 4.05627787e-01
    -7.53591359e-01 1.13870513e+00 8.49029422e-01 1.37154138e+00
    -2.02135682e-01 1.28223157e+00 -2.48414218e-01 -6.07571423e-01
    1.98549271e-01 1.22746468e+00 -2.90714920e-01 1.40732992e+00
    1.69858897e+00 -2.51996160e-01 -5.10813057e-01 -6.77782059e-01
    1.63831258e+00 3.52347672e-01 1.58916855e+00 2.89454639e-01
    -4.53770161e-04 1.57023013e-01 1.24922192e+00 3.47323418e-02
    8.85915518e-01 5.19484818e-01 1.43855023e+00 6.14446223e-01
    3.85777414e-01 -6.30194187e-01 9.11338329e-01 9.34164345e-01
    -3.23737830e-01 -2.37492323e-02 1.09893405e+00 1.07863319e+00
    1.25018620e+00 3.76845002e-02 1.46292996e+00 1.06405973e-01
    9.09357131e-01 5.53296447e-01 1.75989127e+00 -4.81827438e-01
    1.87377894e+00 6.01662219e-01 1.38545275e+00 1.04992700e+00
    2.28462219e-02 8.42356682e-02 9.95487988e-01 -7.63970196e-01
    1.38479042e+00 7.81578541e-01 8.66394401e-01 1.39798021e+00
    1.53965843e+00 1.27391982e+00 3.78153861e-01 4.97956514e-01
    -1.14467740e-01 6.61196947e-01 -7.24229634e-01 1.31792045e+00
    1.12307394e+00 -5.37490845e-01 1.48573458e+00 4.16927099e-01
    6.07229471e-01 1.67142057e+00 8.84850204e-01 1.07917249e+00
    9.74211574e-01 1.49758720e+00 4.04291809e-01 7.00397193e-01
    5.95137835e-01 1.44174123e+00 8.21163893e-01 -1.99555159e-01
    -5.20376623e-01 2.24917591e-01 1.27238047e+00 1.17061830e+00
    6.86261773e-01 -4.73963439e-01 1.59869957e+00 8.74594986e-01
    1.51819587e+00 -8.46931934e-02 1.59828413e+00 1.24044943e+00
    -4.68873024e-01 1.30639291e+00 7.82074749e-01 1.24392986e+00
    1.36134291e+00 7.69889235e-01 1.42848802e+00 -6.39245629e-01
    -4.42920119e-01 8.27499509e-01 6.58311605e-01 -2.47914255e-01
    2.65549421e-01 1.64403749e+00 3.76349986e-01 1.31994677e+00
    6.41212940e-01 -4.28731650e-01 -4.84614581e-01 2.32333183e-01
    -6.96957767e-01 1.69047058e-01 1.58760953e+00 3.31275582e-01
    8.67056370e-01 8.91725302e-01 1.00893617e+00 6.24916553e-01
    -1.60488755e-01 -5.72681427e-03 3.88062537e-01 1.26800752e+00
    4.02889669e-01 1.06904435e+00 1.76379967e+00 2.30333388e-01
    2.13604569e-02 3.22374105e-01 1.05980897e+00 4.72042441e-01
    -6.03036284e-02 1.54978096e-01 -4.98775363e-01 -2.83323377e-01
    7.57981837e-01 1.47094250e+00 -1.83998168e-01 1.75972795e+00
    -6.93973243e-01 6.76400661e-02 1.48476529e+00 6.02935731e-01
    -1.78824008e-01 8.19453597e-01 1.08614242e+00 -2.56179929e-01
    7.61925757e-01 1.41213059e+00 1.15894699e+00 -8.48827362e-02
    3.98589015e-01 1.62188363e+00 5.01897335e-01 8.05899978e-01
    1.51958632e+00 1.24303663e+00 -5.58640957e-01 1.68324459e+00
    5.04989564e-01 5.84910452e-01 1.55917251e+00 1.03335381e+00
    1.53770983e-01 1.43901455e+00 1.01335621e+00 1.50336409e+00
    -1.42360389e-01 7.13364780e-01 -3.12321126e-01 3.11393678e-01
    6.03293657e-01 6.62299275e-01 1.07722163e+00 1.66596484e+00
    1.58235610e-01 8.20084095e-01 3.73531938e-01 1.11011863e+00
    1.40772021e+00 1.28998089e+00 1.34829545e+00 4.45764244e-01
    -5.67836285e-01 1.44894743e+00 -3.21193159e-01 -6.79376781e-01
    -8.13983679e-02 1.49362993e+00 3.53849232e-01 1.22312760e+00
    2.08307564e-01 -4.46647525e-01 -7.34106898e-02 -3.13699543e-01
    -3.34022254e-01 8.36582243e-01 1.68181396e+00 1.92739844e-01
    4.16167080e-01 -5.16858280e-01 9.55763459e-02 7.20948935e-01
    -3.87532622e-01 5.54722369e-01 6.25687838e-01 8.37326407e-01
    4.32634473e-01 2.76327312e-01 -3.27824146e-01 1.20633996e+00
    -3.48732144e-01 3.01486671e-01 4.14610445e-01 1.68144441e+00
    2.75506079e-01 8.84561479e-01 3.88401568e-01 -3.69308412e-01
    7.31302023e-01 3.01859915e-01 -3.68219614e-01 1.66070187e+00
    -5.00500917e-01 5.26040077e-01 3.53152514e-01 1.39292884e+00
    5.21563292e-01 1.15020728e+00 1.05360270e+00 -4.89643455e-01
    -1.84419572e-01 -5.22910774e-01 1.41802216e+00 1.09801614e+00
    5.70406914e-02 4.84440267e-01 -5.31650543e-01 -4.91660833e-02
    6.01507902e-01 1.49883711e+00 -7.31079578e-02 7.08264530e-01
    -1.42851353e-01 4.39720094e-01 1.23264921e+00 1.01505685e+00
    -6.44634366e-01 -2.50667274e-01 5.07674813e-02 8.05124760e-01
    -1.50153756e-01 1.76277161e+00 -3.41119707e-01 1.00564337e+00
    1.49454165e+00 1.29172146e+00 1.35699463e+00 1.49756432e+00
    7.24296153e-01 1.50910974e+00 6.91148520e-01 -2.28590667e-01
    6.99599504e-01 1.07047760e+00 -7.95153975e-02 1.03896642e+00
    -6.03386879e-01 -5.68071008e-01 1.19230294e+00 -1.70650363e-01
    1.02407575e+00 -1.43522441e-01 1.01483989e+00 1.42902613e-01
    -3.65286708e-01 4.41947937e-01 6.56795382e-01 -1.60272300e-01
    6.16072297e-01 1.47262359e+00 4.23063099e-01 1.00504696e-01
    1.03956819e-01 1.47644985e+00 8.91748369e-01 -4.56090480e-01
    4.95952368e-01 -1.52700663e-01 1.16551483e+00 1.03884184e+00
    7.87384033e-01 8.64600062e-01 5.34303486e-01 5.58402181e-01
    1.71710610e+00 9.80187953e-01 2.16015577e-02 7.33587980e-01
    2.06363082e-01 9.27427292e-01 4.23863530e-02 3.88966918e-01
    1.48463035e+00 9.07942832e-01 -5.81214428e-02 1.03582716e+00
    1.43122149e+00 -3.34691405e-02 9.86840606e-01 1.23058748e+00
    1.01160264e+00 1.01313865e+00 5.25010288e-01 1.50684166e+00
    6.16115034e-01 1.40504134e+00 1.04134965e+00 -2.40926147e-01
    5.02782047e-01 3.45047116e-01 6.88775301e-01 -3.88028324e-01
    -4.12016153e-01 4.42656338e-01 -5.40654302e-01 1.19863987e+00
    1.49323308e+00 9.52719212e-01 1.16381907e+00 8.87957990e-01
    -3.40799421e-01 5.09386659e-01 -1.09830379e-01 4.19306755e-02
    1.26963782e+00 3.18876386e-01 -4.93480891e-01 8.49525213e-01
    6.09558225e-01 9.94741976e-01 1.45274401e-02 -5.09042919e-01
    -5.48622727e-01 3.67267668e-01 1.61922050e+00 5.88016748e-01
    -5.78591824e-02 8.50345969e-01 1.46386957e+00 1.06822872e+00
    -3.76951337e-01 -2.56605476e-01 1.62520647e+00 1.45934987e+00
    -1.16796911e-01 -1.62790835e-01 4.80429530e-01 1.55871868e+00
    -1.60208106e-01 -6.11110270e-01 -2.33295381e-01 -5.50563991e-01
    9.37169552e-01 8.29779446e-01 3.00092578e-01 4.12237108e-01
    -4.43587989e-01 -3.37353885e-01 1.37779415e+00 1.31923079e+00
    1.64447880e+00 1.31073058e-01 -4.80583310e-02 4.27645981e-01
    1.21443057e+00 -3.78712088e-01 8.55671287e-01 -3.49122137e-01
    1.72043300e+00 -5.50912917e-01 2.74744630e-02 -3.77358794e-01
    -4.00863230e-01 9.05692160e-01 6.46771193e-01 4.39417064e-01
    2.07034886e-01 3.05027544e-01 7.73617089e-01 1.11956954e+00
    1.33323669e-01 -5.02464473e-01 1.47457886e+00 -5.34837484e-01
    1.05974698e+00 4.28136528e-01 6.96126819e-01 -5.11981487e-01
    8.14737141e-01 -9.50512290e-02 6.66080773e-01 1.21456635e+00
    -5.55834651e-01 -9.30525661e-02 8.92934680e-01 7.31898248e-01
    -7.45348394e-01 9.32437360e-01 2.24497795e-01 1.26394892e+00
    -5.28663218e-01 4.83115077e-01 -1.14505470e-01 -2.61447787e-01
    1.34972000e+00 3.23381245e-01 8.97266746e-01 -3.11512500e-01
    -6.42964065e-01 3.25973988e-01 -2.65454710e-01 8.60370934e-01
    -1.17288768e-01 -1.07846797e-01 -4.59425628e-01 -3.17421556e-02
    -2.29470551e-01 1.32589400e+00 4.11885560e-01 8.99337530e-02
    1.47941768e-01 -2.17453331e-01 -5.05548716e-01 6.01230562e-01
    2.21502423e-01 -6.64093971e-01 4.58333850e-01 2.41536677e-01
    -3.47886562e-01 -3.51857185e-01 -2.07424164e-01 1.09848022e+00
    1.44407463e+00 3.96666467e-01 1.50576758e+00 -5.49395204e-01
    1.20708549e+00 1.43900919e+00 4.99359250e-01 1.61885977e-01
    -1.83530480e-01 5.23004770e-01 5.19768178e-01 9.16638672e-01
    4.82727826e-01 -4.57587183e-01 1.07067287e-01 1.47705078e-02
    7.64331281e-01 1.48672080e+00 1.50252867e+00 -3.28266621e-02
    -2.09030330e-01 -3.97142082e-01 5.25181234e-01 5.06399870e-02
    -6.35830104e-01 1.02021241e+00 -9.68001485e-02 1.10471535e+00
    -1.02488041e-01 -1.93405747e-01 -3.06974441e-01 3.46763909e-01
    1.77762210e-01 2.22830057e-01 1.60409808e+00 2.91729867e-01
    1.12879229e+00 1.35550261e+00 1.53777385e+00 3.20595503e-03
    1.53916478e+00 8.03215265e-01 -5.27917504e-01 1.75172830e+00
    1.40309548e+00 2.64063478e-02 1.13833213e+00 -5.22058308e-01
    3.70510399e-01 -1.20708168e-01 6.52353883e-01 -4.02962178e-01
    -9.01670456e-02 1.19916952e+00 -2.15502977e-02 8.37542534e-01
    6.09293163e-01 1.10624075e+00 9.26284671e-01 7.20695436e-01
    -7.52659619e-01 8.55749249e-01 1.62917781e+00 -6.14834607e-01
    -5.57510793e-01 1.62037444e+00 -1.96391463e-01 -4.55577642e-01
    -4.79942203e-01 1.66692066e+00 -5.90553701e-01 -3.67504209e-01
    -4.55486149e-01 1.10790038e+00 1.54609370e+00 2.10825086e-01
    1.09510863e+00 7.82663226e-02 1.27047181e-01 1.38709354e+00
    1.00838947e+00 1.39929247e+00 -5.42521715e-01 1.40291417e+00
    -7.98662305e-01 1.28240585e+00 7.62434065e-01 4.56310034e-01
    1.22771525e+00 -7.49891996e-02 -1.19976401e-02 1.37962556e+00
    -4.05297697e-01 1.17511988e+00 1.24343228e+00 1.42399812e+00
    -1.63249552e-01 -5.41294575e-01 7.20504999e-01 6.56115055e-01
    1.83854461e-01 4.56090033e-01 5.45780718e-01 -9.42081809e-02
    9.55507576e-01 1.29220867e+00 3.97818029e-01 2.96184719e-01
    -5.86257577e-01 6.15932941e-02 5.80807507e-01 1.86051512e+00
    -6.25283420e-02 5.64618647e-01 9.24730361e-01 2.22960114e-01
    -2.59466588e-01 1.59217691e+00 1.57339430e+00 -1.67297244e-01
    -2.32834637e-01 1.49591839e+00 -8.52895379e-02 -1.95547819e-01
    -3.14628065e-01 -7.64385700e-01 2.76165843e-01 8.29536080e-01
    -5.79819560e-01 -1.69001222e-01 1.59637725e+00 1.56918693e+00
    1.63442397e+00 2.04858184e-02 -5.37269950e-01 -3.69311929e-01
    1.50792551e+00 7.38454640e-01 -2.14848548e-01 -6.27153456e-01
    -6.52264535e-01 9.79119360e-01 -7.80879557e-01 1.16538179e+00
    1.06763434e+00 8.76348436e-01 1.59345448e-01 9.48843300e-01
    1.09784007e-01 6.31984830e-01 1.26656353e-01 8.75665009e-01
    -2.53012657e-01 1.61863637e+00 8.86756063e-01 1.23488641e+00
    -7.02827692e-01 -4.32874471e-01 1.99603200e-01 1.61368775e+00
    1.40430558e+00 4.34582233e-02 6.72364235e-03 1.26657200e+00
    -4.28959936e-01 2.38749623e-01 -3.60732138e-01 -1.50689423e-01
    6.86636090e-01 7.61485398e-01 7.73961544e-01 -5.45791984e-01
    -1.16245508e-01 7.96616077e-02 5.01615047e-01 9.09844697e-01
    4.62727129e-01 1.55178368e+00 1.36960340e+00 4.56986427e-02
    1.07349944e+00 1.00214660e+00 -3.31200600e-01 1.15959930e+00
    -4.10803348e-01 -3.00478637e-01 -1.06809258e-01 1.55496013e+00
    1.01740313e+00 -3.89845729e-01 1.16539478e-01 -5.02074242e-01
    1.54929376e+00 -2.81195521e-01 1.32067692e+00 1.24037349e+00
    -1.62408024e-01 -4.52771783e-01 1.19241905e+00 -3.72220725e-01
    -5.41865408e-01 6.17024779e-01 8.72871757e-01 -9.37669873e-02
    1.73201704e+00 -3.17173123e-01 1.68597758e+00 -1.36909246e-01
    1.27290392e+00 1.07279086e+00 1.59843087e-01 1.39854360e+00
    -3.02464277e-01 3.91453266e-01 -7.45215714e-01 1.40398502e-01
    1.17591798e-01 -3.46611679e-01 1.66208053e+00 7.74137437e-01
    -2.11819530e-01 1.22216415e+00 6.35095537e-01 4.88343835e-01
    1.02509844e+00 1.01769543e+00 -4.94808644e-01 8.00761998e-01
    3.45385075e-01 3.62728238e-01 7.44764626e-01 -4.61078882e-02
    3.25419724e-01 8.24892759e-01 1.50528252e+00 1.46273911e-01
    -5.95755458e-01 9.68189895e-01 1.43017149e+00 1.55605674e+00
    6.28604650e-01 1.68615794e+00 7.57368505e-01 5.38994491e-01
    4.41941500e-01 1.27651572e+00 7.31053472e-01 2.83049762e-01
    3.17734718e-01 1.66637850e+00 9.07159925e-01 -4.68641877e-01
    1.90704465e-02 -4.03328091e-01 6.81165457e-01 -6.50888801e-01
    1.34201884e+00 5.19979477e-01 1.13744998e+00 -2.83597261e-01
    -6.51631117e-01 -1.27566814e-01 1.43789196e+00 -4.03070271e-01
    1.56589746e-01 -1.49053037e-01 1.43523884e+00 3.39532495e-01
    1.54365110e+00 -1.31664187e-01 1.01624668e+00 5.58645904e-01
    1.19523466e+00 5.51856399e-01 6.49190545e-01 1.59060490e+00
    9.23590243e-01 -6.70636892e-02 -6.90412521e-02 1.37805605e+00
    1.26233792e+00 1.37028039e-01 1.22934735e+00 -5.69223344e-01
    1.67978191e+00 -2.00036019e-01 1.05879807e+00 1.18941128e-01
    -2.49220431e-01 1.09590697e+00 -3.23919713e-01 -1.47553861e-01
    1.52663589e+00 -6.52828157e-01 -6.53672218e-01 7.41562307e-01
    -1.56882465e-01 -2.03828812e-01 1.67982817e+00 -1.21609151e-01
    -6.07603371e-01 -5.53031862e-01 7.50250340e-01 -5.60205221e-01
    -4.82616425e-01 -4.78225946e-03 7.30454266e-01 8.76905739e-01
    1.11989689e+00 8.08972001e-01 1.29794478e-02 1.44472349e+00
    -2.90158153e-01 5.68769336e-01 -5.69180608e-01 -3.60851765e-01
    1.17118144e+00 1.04950452e+00 1.71823227e+00 1.44362748e+00
    -5.81827760e-01 9.45342720e-01 -6.72444820e-01 1.35282516e+00
    2.23987699e-01 1.10696340e+00 7.52037227e-01 -5.56674182e-01
    9.94741678e-01 -3.11509550e-01 1.03923130e+00 9.24658835e-01
    5.07120907e-01 8.10555816e-02 1.60992575e+00 1.46855652e+00
    1.32971621e+00 7.80351460e-01 1.19293594e+00 7.07994699e-02
    1.52464104e+00 5.73979974e-01 -3.84218425e-01 8.08344960e-01
    1.46907401e+00 7.44342268e-01 7.56270170e-01 1.69388199e+00
    -1.81265116e-01 1.11829281e+00 9.97499168e-01 1.51561081e-01
    2.03015029e-01 1.08750200e+00 1.04166007e+00 1.34646904e+00
    6.66363120e-01 -3.99903238e-01 9.15659666e-02 -4.20439243e-03
    7.29495287e-01 -6.26473248e-01 -5.34326196e-01 -3.87608558e-01
    1.14452064e-01 1.74600279e+00 1.28079069e+00 7.04305351e-01
    1.10175085e+00 5.41211665e-01 -4.07790333e-01 4.75370169e-01
    9.42489684e-01 -1.95024192e-01 8.69907141e-02 -2.48305261e-01
    1.17145061e+00 -6.88889742e-01 8.88631463e-01 9.70969915e-01
    5.48694134e-01 9.83984649e-01 1.03196776e+00 5.64752579e-01
    -6.97501242e-01 6.97873235e-02 -6.28494799e-01 5.66609502e-01
    9.48108971e-01 1.43616331e+00 2.76005626e-01 6.23680472e-01
    2.66724527e-01 1.63427782e+00 -3.12788695e-01 4.61240351e-01
    4.83032644e-01 1.29594064e+00 -1.25501573e-01 1.37226033e+00
    1.23355675e+00 4.97546732e-01 -2.22301513e-01 1.10136807e+00
    -6.71115100e-01 1.07161665e+00 -1.75391436e-02 5.79454839e-01
    1.18430674e-01 8.86655092e-01 1.48794222e+00 1.28243804e+00
    -5.78312337e-01 5.17833173e-01 1.32422495e+00 1.56453621e+00
    -4.37485665e-01 -3.64502102e-01 1.44766784e+00 -5.47288120e-01
    4.80160713e-02 7.27578044e-01 2.38779187e-02 -2.10626185e-01
    1.12583876e+00 -5.62774420e-01 3.58602107e-01 6.14928544e-01
    -1.41131222e-01 1.33840489e+00 1.34702945e+00 1.49937868e+00
    3.90672326e-01 1.24936736e+00 1.07190776e+00 1.44391966e+00
    1.23074651e+00 6.94073379e-01 1.64606202e+00 3.63106132e-02
    -2.88291752e-01 2.84833193e-01 1.08911073e+00 -1.07805014e-01
    3.10647666e-01 1.66964746e+00 1.20015752e+00 3.55094433e-01
    1.16373777e-01 5.45215786e-01 -9.81701612e-02 1.50752604e-01
    -2.74602175e-01 7.62115180e-01 -3.31633687e-02 1.07136393e+00
    8.53423595e-01 1.48865581e-02 1.45785356e+00 -1.34799659e-01
    1.19333673e+00 -7.85855830e-01 6.26297593e-02 1.55552173e+00
    4.77379680e-01 4.98804510e-01 5.21437645e-01 6.27012491e-01
    1.09800577e+00 1.05347610e+00 9.47044194e-01 9.45389926e-01
    1.62450624e+00 1.71731114e-01 -2.42065430e-01 -4.64977384e-01
    1.34415364e+00 -5.95050454e-01 1.62434053e+00 -7.36733913e-01
    2.28032708e-01 1.58485460e+00 3.44343007e-01 2.44993210e-01
    1.39755440e+00 1.17052078e+00 -5.53694963e-01 6.06204033e-01
    1.41496587e+00 2.37680137e-01 2.18728006e-01 -3.49183083e-02
    -1.43284023e-01 4.83305156e-01 1.62002683e+00 9.51184094e-01
    6.17443323e-02 -5.19119084e-01 2.61586785e-01 -2.73260713e-01
    8.96520853e-01 2.11824596e-01 3.15264344e-01 7.75108755e-01
    7.72679150e-01 1.35772061e+00 1.01865590e+00 -4.76676315e-01
    1.78778338e+00 9.85059798e-01 1.01503277e+00 1.59992576e-02
    7.17684686e-01 1.36714208e+00 -2.18436599e-01 1.39954257e+00
    1.39780402e+00 -6.22139096e-01 7.36199319e-01 1.84775829e-01
    4.57171738e-01 1.23862803e+00 -1.21776223e-01 1.56529474e+00
    -3.01739663e-01 -4.47606742e-01 -3.36830616e-01 3.95423770e-01
    4.59834516e-01 1.49320364e+00 6.03023767e-02 2.39073873e-01
    7.84079015e-01 1.88267827e-01 -3.61350536e-01 9.20785069e-01
    1.59306288e+00 4.44214821e-01 -2.92089939e-01 -2.76090860e-01
    6.94372118e-01 -3.78956467e-01 5.28272152e-01 8.87900591e-01
    1.52709508e+00 -3.25465351e-01 4.44910228e-01 1.53628230e+00
    1.23434174e+00 8.57557058e-02 5.05810976e-02 1.84799790e-01
    8.92486572e-02 -2.73505569e-01 1.42494345e+00 -4.21616614e-01
    8.82442236e-01 9.38095570e-01 1.56151712e-01 4.70574081e-01
    1.64509940e+00 1.04840076e+00 -7.67027736e-01 1.63893294e+00
    1.14355242e+00 9.87725198e-01 -7.56221414e-02 9.68786180e-01
    4.79510069e-01 1.02980101e+00 1.42650187e+00 6.53623998e-01
    -4.17040229e-01 -7.28129983e-01 8.27284932e-01 1.96174800e-01
    -3.21727484e-01 5.85801005e-02 5.21697640e-01 8.12148750e-01
    1.41525888e+00 5.34438908e-01 -1.11405611e-01 -2.11807758e-01
    5.00334382e-01 7.14768231e-01 2.25794315e-01 1.34082937e+00
    8.05821240e-01 3.47395837e-01 -5.70164204e-01 9.63357270e-01
    -5.57732582e-02 1.29065704e+00 8.65913212e-01 1.47436655e+00
    1.48117113e+00 1.41489542e+00 -2.54803300e-01 1.45427549e+00
    -4.81225103e-01 8.78662407e-01 9.78061974e-01 1.07674062e-01
    6.40305042e-01 -1.91590250e-01 -3.17908764e-01 -1.57334208e-01
    7.69807100e-02 3.91119361e-01 1.26177871e+00 -6.95043027e-01
    7.72032976e-01 4.64664817e-01 6.57566190e-02 2.54195333e-02
    1.14110231e+00 5.33966899e-01 1.19538343e+00 1.40194011e+00
    7.29979038e-01 -3.59684080e-01 -3.16800684e-01 9.57020402e-01
    2.69181997e-01 7.59298146e-01 3.69642377e-01 7.68228173e-01
    1.62490273e+00 1.25604892e+00 -8.11846256e-02 6.76161528e-01
    4.69992936e-01 1.30571890e+00 -5.86870134e-01 1.18706274e+00
    1.65722156e+00 3.32973003e-02 1.12486625e+00 9.08164918e-01
    -4.79342580e-01 1.40850079e+00 9.16033983e-01 2.26155758e-01
    1.58652210e+00 1.16680443e-01 -2.18004614e-01 1.24233556e+00
    -1.50698423e-01 2.21847534e-01 -5.30232728e-01 -5.45516074e-01
    4.32661593e-01 1.55391788e+00 -3.84930968e-02 5.53915381e-01
    -4.01561171e-01 -1.28131807e-01 4.65880632e-02 -4.23737437e-01
    1.12689626e+00 -1.25380456e-01 6.20388150e-01 9.97761488e-01
    -3.87476832e-01 -4.97817010e-01 -6.86368227e-01 1.28528118e-01
    1.37063873e+00 1.18447912e+00 2.26659596e-01 3.07601511e-01
    1.14575183e+00 1.17307949e+00 4.02946234e-01 8.42593729e-01
    -5.80334604e-01 -3.19035500e-01 8.59335184e-01 1.18754935e+00
    2.36893535e-01 1.48003578e+00 6.31339312e-01 8.38365853e-01
    3.06630552e-01 2.25984454e-02 1.72297978e+00 -2.83610106e-01
    1.27355707e+00 -3.53335440e-01 -1.88403606e-01 -6.32487297e-01
    -1.30011320e-01 -4.78603244e-02 -1.32369816e-01 -3.18008572e-01
    4.80790675e-01 1.24953508e+00 1.87660575e-01 4.11392093e-01
    2.06847012e-01 6.55058622e-01 1.22500038e+00 -4.72102880e-01
    8.82887244e-01 -3.60636622e-01 1.54668081e+00 2.38078833e-02
    2.63927102e-01 1.43677616e+00 1.40899301e-01 -3.31121743e-01
    -3.33524644e-01 -8.69489312e-02 3.22119117e-01 4.66757894e-01
    1.27875507e-01 3.24721336e-02 1.32930815e+00 6.50163651e-01
    1.31371975e+00 -4.99090374e-01 -5.09524107e-01 3.19382429e-01
    1.52455962e+00 -3.46013337e-01 1.23890924e+00 1.43081498e+00
    -1.23953164e-01 1.31525135e+00 1.10334730e+00 5.74797988e-01
    1.82524741e-01 1.75543785e+00 8.10792685e-01 1.68174982e-01
    1.56614578e+00 9.69786882e-01 1.32469583e+00 1.59506154e+00
    -2.31619239e-01 1.99719667e-01 1.54610038e+00 4.93422449e-01
    -3.75909090e-01 1.52522922e-02 1.17907238e+00 9.14360940e-01
    3.20776761e-01 3.96949053e-03 8.71055245e-01 -8.34760666e-02
    -3.28391761e-01 -3.52615654e-01 4.12254930e-02 1.28303647e+00
    6.79401934e-01 4.59053338e-01 2.14739442e-02 -5.10406375e-01
    3.71721625e-01 6.83435977e-01 -2.45739818e-02 -4.44839388e-01
    1.69377410e+00 1.32117414e+00 1.11719966e+00 1.70156837e-01
    7.70145655e-03 1.40927052e+00 -1.13009810e-01 -6.34887874e-01
    1.29414439e+00 -4.08472925e-01 -5.47890306e-01 -2.05495000e-01
    -2.75640875e-01 -2.90672451e-01 1.43840718e+00 9.64874029e-01
    -5.35704255e-01 1.39632022e+00 1.97982371e-01 -3.18826199e-01
    1.52011037e+00 -9.17506218e-02 2.14485407e-01 1.24822271e+00
    -2.44114637e-01 1.61588311e+00 1.17887831e+00 -4.79734540e-01
    1.62062585e+00 2.22207248e-01 -3.14008862e-01 8.17574501e-01
    3.66926610e-01 1.55515599e+00 -3.98922771e-01 4.76863325e-01
    1.14541507e+00 1.62484646e+00 -1.98613703e-01 3.43010724e-01
    1.10952246e+00 -5.91266036e-01 1.32402551e+00 1.14000320e+00
    1.26625955e-01 1.56265879e+00 1.38098168e+00 1.08450866e+00
    4.63364244e-01 8.50836933e-01 -6.10531867e-01 8.06937575e-01
    -2.77460515e-01 1.46321249e+00 1.24999475e+00 6.50798500e-01
    -2.49397457e-01 6.15032673e-01 7.83785880e-01 1.19474959e+00
    7.09481299e-01 1.37416935e+00 5.90240359e-01 1.59204853e+00
    8.36485803e-01 2.87402511e-01 8.00047636e-01 1.44977069e+00
    -4.21323091e-01 -1.75927103e-01 4.74162698e-01 1.68624067e+00
    6.46847844e-01 -4.72319216e-01 4.62963343e-01 1.39616370e-01
    1.47849739e-01 6.05085194e-01 1.23340333e+00 -3.22507083e-01
    1.50836432e+00 1.05499148e+00 -4.18099701e-01 -5.01034915e-01
    2.63874531e-02 5.68201482e-01 4.16173100e-01 1.18301988e+00
    -4.42752779e-01 3.54355574e-02 8.52592885e-01 3.30361784e-01
    1.33510470e-01 8.44084501e-01 2.05732822e-01 -5.96998036e-01
    -9.61194634e-02 -2.51780182e-01 9.80966330e-01 -3.42394769e-01
    8.54605317e-01 -4.21222985e-01 1.02960837e+00 3.69785786e-01
    5.28846979e-02 2.15418398e-01 2.28528559e-01 1.11534333e+00
    2.40361273e-01 5.10583520e-01 8.62428546e-01 9.42357898e-01
    -7.68934727e-01 1.03610647e+00 6.94265127e-01 1.73288679e+00
    -3.25017244e-01 -1.57945573e-01 1.18902397e+00 6.31060243e-01
    4.14000392e-01 -2.46858597e-03 2.54908502e-01 1.05497658e-01
    1.26860738e-01 -2.87185997e-01 1.21627545e+00 4.95320380e-01
    1.05270410e+00 -5.59232593e-01 8.64063859e-01 -2.64490962e-01
    1.00904226e+00 1.38065124e+00 1.20904684e+00 -1.58986032e-01
    8.82387102e-01 -5.68581581e-01 8.33262980e-01 -5.84408104e-01
    5.90209365e-01 6.05093777e-01 1.00463772e+00 5.09999573e-01
    -6.22590423e-01 6.74803317e-01 1.12744188e+00 -9.96749997e-02
    -9.73069668e-02 -5.70824325e-01 9.96430695e-01 1.41702974e+00
    1.19976902e+00 1.36811209e+00 8.71850133e-01 -3.76883894e-01
    1.36499047e+00 2.43423522e-01 -4.62774992e-01 1.44833279e+00
    -1.05794013e-01 4.86855030e-01 -3.23243618e-01 -6.05200768e-01
    1.23223877e+00 1.37099826e+00 -6.67083144e-01 7.05309808e-01
    -3.10429513e-01 5.89612365e-01 1.17331362e+00 4.69663262e-01
    3.48565876e-01 3.68413806e-01 -5.05483389e-01 4.89593923e-01
    9.53525901e-02 8.95446837e-01 -4.61484879e-01 1.68198407e-01
    1.08730447e+00 1.60403132e+00 1.74008012e-02 8.90979171e-01
    1.60462034e+00 -5.14658988e-01 1.13167143e+00 1.65748131e+00
    1.60544896e+00 3.34764719e-01 5.62983274e-01 2.39664972e-01
    -3.89717311e-01 -3.00551593e-01 1.47594392e+00 -6.26204312e-01
    -4.03048635e-01 1.53982496e+00 -6.64889395e-01 1.28732800e-01
    4.69717145e-01 1.18639231e+00 4.82339680e-01 8.69222462e-01
    2.95627415e-01 -3.49712610e-01 7.25390792e-01 -4.15079176e-01
    1.08123231e+00 1.30977869e+00 7.90273547e-01 1.44107997e+00
    1.23365021e+00 7.10379899e-01 1.52037370e+00 1.21640706e+00
    -3.13478112e-02 4.23081815e-01 5.50221145e-01 -6.79889739e-01
    1.63087583e+00 6.50945306e-01 1.09975529e+00 -4.33988720e-01
    1.11705494e+00 -4.43053842e-01 1.24015570e-01 -5.65727472e-01
    3.87286544e-02 1.49614620e+00 -4.27891612e-02 -6.93192244e-01
    1.04241264e+00 -9.53090191e-02 -4.90311801e-01 3.26979160e-03
    -8.16801786e-02 -5.39421558e-01 1.04222703e+00 6.64617658e-01
    -2.29856074e-01 2.32040346e-01 1.10267663e+00 -2.08700836e-01
    -2.47222185e-02 1.67969167e-01 1.34766364e+00 8.22123826e-01
    -4.72727448e-01 1.13208485e+00 5.56530118e-01 1.60417426e+00
    2.21924603e-01 6.29577339e-01 3.68785083e-01 -3.74462426e-01
    4.80622649e-01 1.45170927e-01 3.37389171e-01 1.89716756e-01
    1.37162423e+00 7.48761952e-01 3.27643454e-01 1.18617105e+00
    4.26975667e-01 1.07451725e+00 1.64973617e+00 1.60058975e+00
    1.40779161e+00 7.93492794e-02 -7.40319490e-01 3.43941510e-01
    -4.03790623e-01 1.56985950e+00 7.36026287e-01 1.11986899e+00
    -8.35111737e-01 1.03323650e+00 5.92283726e-01 7.03878701e-01
    7.37369657e-02 3.53354394e-01 8.39801252e-01 1.31005168e+00
    7.64081597e-01 1.10084724e+00 -5.67706466e-01 5.89733005e-01
    -6.56498671e-01 1.15789986e+00 -2.56208420e-01 1.27802491e+00
    5.21503747e-01 5.93169749e-01 1.61185610e+00 -5.32755315e-01
    1.10869408e-01 -1.19810104e-01 3.42146635e-01 -5.52884698e-01
    1.13207054e+00 1.26309848e+00 -7.43861079e-01 -6.33827329e-01
    1.74200892e+00 7.64284670e-01 -8.78491402e-02 -6.96298897e-01
    1.59542465e+00 1.02884793e+00 1.21225381e+00 -7.98742175e-01
    6.23286605e-01 1.51526308e+00 6.41025007e-01 -1.29214466e-01
    -6.23544872e-01 6.73945546e-01 -5.51739573e-01 8.45956504e-01
    -7.77219236e-01 1.35470891e+00 8.50797713e-01 -5.64766169e-01
    1.05873942e+00 1.61583877e+00 -3.48697752e-01 7.91838408e-01
    -2.32817352e-01 1.93413258e-01 1.76714885e+00 1.65480042e+00
    2.46605456e-01 7.78203249e-01 6.16507590e-01 6.45105004e-01
    -1.58145249e-01 1.28907323e+00 3.47241819e-01 8.07670474e-01
    -5.00296175e-01 5.39897740e-01 1.39044845e+00 1.50963426e+00
    -3.20716470e-01 2.17719495e-01 1.38421774e+00 -3.04639101e-01
    3.69107604e-01 -3.17633331e-01 1.74752390e+00 2.46432483e-01
    2.21174479e-01 9.37403202e-01 1.62414026e+00 1.54427052e+00
    6.51560068e-01 1.50801277e+00 1.29354620e+00 1.40818071e+00
    1.55912995e+00 4.55678642e-01 8.57356668e-01 7.22874284e-01
    3.99533153e-01 -9.83274579e-02 1.38726830e+00 4.77086484e-01
    9.67698336e-01 1.22919786e+00 -6.29447579e-01 1.29903245e+00
    -2.61885315e-01 5.26873469e-01 -1.76794529e-02 -2.76367664e-02
    1.11496377e+00 4.12867188e-01 -3.08926463e-01 8.53680134e-01
    6.99458480e-01 -5.63336134e-01 -5.10936856e-01 2.78955102e-01
    4.98658061e-01 9.48589444e-02 -4.79328454e-01 -1.47961974e-01
    2.49211073e-01 1.15520477e+00 5.03987551e-01 2.33651757e-01
    2.86179245e-01 6.54542625e-01 1.43359065e-01 1.97029054e-01
    1.21847868e+00 1.63716507e+00 -4.86237079e-01 7.50150800e-01
    7.17839360e-01 2.04568982e-01 1.00447679e+00 -4.14712042e-01
    1.39513087e+00 5.49129725e-01 1.28530192e+00 2.74011433e-01
    1.14543271e+00 5.24365008e-01 1.48122358e+00 1.41103292e+00
    6.55362666e-01 6.55358255e-01 1.39125490e+00 1.31966376e+00
    1.24112964e-01 -5.82076907e-02 1.52685964e+00 4.74080920e-01
    2.98959017e-03 1.14070439e+00 1.67924738e+00 1.65941107e+00
    8.81833315e-01 2.37815738e-01 -3.57560843e-01 -4.19842452e-01
    1.31724358e+00 1.12815166e+00 4.60054338e-01 5.25977194e-01
    1.68910265e+00 2.62158036e-01 -3.75836879e-01 -3.54899198e-01
    6.61562443e-01 9.71413255e-01 9.68398511e-01 4.83564079e-01
    1.30546069e+00 2.10552454e-01 1.60992014e+00 2.27468014e-01
    -1.97442174e-02 8.87152910e-01 3.01055908e-01 1.13862181e+00
    1.12970781e+00 -4.50814307e-01 5.55753231e-01 1.02593994e+00
    -2.99232513e-01 1.50764012e+00 1.68264568e-01 -2.72286415e-01
    1.23467588e+00 1.01749635e+00 1.60142231e+00 6.85087860e-01
    9.24624205e-01 5.80141962e-01 1.46559310e+00 1.20311761e+00
    5.19384503e-01 -4.56150889e-01 1.61291885e+00 7.86271274e-01
    3.56748402e-01 4.52956796e-01 6.35665059e-01 -7.94730902e-01
    5.26437163e-01 1.09920096e+00 -3.19912642e-01 -6.02096438e-01
    1.18122816e-01 -1.37630105e-01 6.11913979e-01 -9.22458768e-02
    -5.20827472e-01 -4.74147618e-01 2.89647102e-01 1.41143858e-01
    1.48360121e+00 -7.15002656e-01 8.49583924e-01 3.90281558e-01
    1.45476997e+00 8.44526589e-01 1.09432077e+00 5.66895127e-01
    1.52156174e+00 5.59057355e-01 2.67950833e-01 7.48048902e-01
    1.54000497e+00 8.16711485e-01 -4.98798519e-01 1.44066572e+00
    -1.26218677e-01 -3.48173887e-01 6.03486001e-01 1.24864030e+00
    4.04141665e-01 -3.22773695e-01 2.98144162e-01 1.66163254e+00
    -6.84718370e-01 1.38771594e+00 1.59953058e+00 1.69324625e+00
    -4.76512760e-01 1.77923322e-01 1.33878553e+00 -4.93693233e-01
    3.25439334e-01 6.01168871e-02 9.89270389e-01 8.20766628e-01
    -6.53866351e-01 5.82662880e-01 1.09319723e+00 6.18559182e-01
    -1.74635828e-01 1.35405254e+00 7.53075838e-01 1.23774934e+00
    3.52520227e-01 5.56209624e-01 4.93808270e-01 1.22828221e+00
    1.44155598e+00 1.05062544e+00 1.18588924e+00 9.30469811e-01
    6.69067204e-01 -9.41448808e-02 -1.22728407e-01 1.36745703e+00
    1.59533262e-01 4.23893213e-01 1.14033771e+00 1.01671040e-01
    1.61737347e+00 1.19258630e+00 1.06607628e+00 1.06599319e+00
    -4.64105725e-01 2.52152145e-01 5.06674051e-02 1.11559558e+00
    1.36173797e+00 2.35718787e-01 4.07523930e-01 1.45372200e+00
    9.15668905e-01 -4.19665784e-01 1.34223580e+00 9.43748951e-02
    2.74395347e-02 8.67250144e-01 5.00915527e-01 9.51397896e-01
    1.06458688e+00 6.52773798e-01 -7.12946951e-01 1.68772507e+00
    -6.97028875e-01 9.70078290e-01 -1.02176011e-01 1.59957528e+00
    1.49048924e-01 1.37059486e+00 5.14321089e-01 6.52042687e-01
    1.06741166e+00 1.45112848e+00 1.53897285e-01 1.33598566e+00
    1.13838148e+00 9.76377010e-01 1.03171313e+00 4.13899720e-01
    2.85656452e-02 9.74010646e-01 5.42875946e-01 -1.19433284e-01
    9.07462001e-01 3.00197840e-01 -2.97504872e-01 1.36488342e+00
    -2.16542363e-01 6.74570382e-01 1.21633375e+00 5.96107066e-01
    1.01479936e+00 2.33455241e-01 -1.06512427e-01 -4.42051679e-01
    8.32062066e-01 3.28989625e-02 1.40278602e+00 1.37335956e-01
    1.85061026e+00 7.09491074e-01 -6.27510011e-01 5.37681460e-01
    -4.31920052e-01 -6.74261391e-01 1.43748784e+00 1.40594983e+00
    8.03008676e-02 3.82310867e-01 -4.99725938e-01 7.21175671e-01
    1.19501376e+00 -5.26051044e-01 8.93232226e-01 6.90496564e-02
    1.59693718e+00 -2.50309348e-01 3.99589717e-01 1.32901311e+00
    5.65558672e-01 1.54011106e+00 -2.66427130e-01 1.89035952e+00
    1.66646397e+00 3.76747012e-01 1.74014950e+00 9.93278623e-01
    1.36640370e+00 -9.80159044e-02 1.38882780e+00 1.57525420e+00
    1.27677083e+00 3.42004299e-01 6.07345521e-01 3.55710864e-01
    1.79576659e+00 1.05555725e+00 -4.30237651e-02 1.58183265e+00
    1.45377660e+00 7.90279627e-01 1.43821490e+00 1.44247961e+00
    -3.77654761e-01 1.13730145e+00 1.68164849e+00 -4.76902723e-02
    6.44105971e-01 1.08763683e+00 1.82539880e-01 -2.02662706e-01
    9.50334489e-01 7.48468041e-02 4.48320031e-01 7.26764917e-01
    1.09851956e-02 -5.68429351e-01 -5.56156039e-01 8.88054788e-01
    4.10367250e-02 -7.55778849e-01 -5.61660826e-01 6.43591464e-01
    1.04765654e+00 1.10807061e+00 7.39045799e-01 6.85809612e-01
    4.31912780e-01 1.53613234e+00 -4.79019821e-01 1.63159370e-02
    1.45905626e+00 7.65889704e-01 -5.17809391e-01 -6.23590350e-01
    1.04657948e+00 1.03856957e+00 -5.20622134e-01 5.83366752e-01
    -3.58859658e-01 1.36296391e-01 1.36856890e+00 1.13288021e+00
    -3.93867910e-01 5.79868555e-02 5.65543234e-01 -3.58923942e-01
    1.34307683e+00 7.50319779e-01 7.22100019e-01 -5.46538234e-01
    -6.12086356e-01 1.34391594e+00 1.03371906e+00 -7.29067743e-01
    1.50134778e+00 2.91117549e-01 1.04505932e+00 1.35938501e+00
    7.02229500e-01 9.13152695e-02 7.15252757e-01 4.57568944e-01
    1.47202158e+00 4.47720885e-01 7.89082170e-01 8.57182384e-01
    4.72722054e-02 1.11322606e+00 6.57722831e-01 5.91394305e-01
    2.91237593e-01 1.07903457e+00 1.30244732e+00 -1.35631800e-01
    1.03434467e+00 1.14343345e+00 -4.76876616e-01 1.45828414e+00
    2.38746405e-02 1.20683002e+00 9.05580699e-01 5.93275368e-01
    -2.13654697e-01 1.38893962e+00 4.39909697e-02 1.55358696e+00
    1.62125516e+00 -6.38509452e-01 1.08045697e+00 1.37856066e+00
    1.27560878e+00 -6.26764894e-02 -1.73833251e-01 1.78275704e+00
    1.82922959e-01 1.00549555e+00 2.80812025e-01 1.34455061e+00
    6.47723079e-01 1.30622840e+00 -5.46787441e-01 1.67876899e+00
    1.51892447e+00 -2.35641897e-01 4.91863668e-01 2.80538440e-01
    1.36820090e+00 1.55375767e+00 1.44872928e+00 -3.06797028e-03
    1.02696157e+00 1.13214254e-01 1.64524436e+00 1.46170974e+00
    8.35581064e-01 1.18373704e+00 -6.83511972e-01 -1.04956686e-01
    -2.63505161e-01 -3.68255943e-01 3.56509328e-01 4.48491752e-01
    1.59609914e+00 1.16637349e+00 -5.53418875e-01 1.18720961e+00
    -3.97882074e-01 1.59289193e+00 2.73827910e-02 -5.77730834e-01
    -5.41946888e-02 3.31105471e-01 1.49387479e+00 1.53465772e+00
    1.33052182e+00 7.75340319e-01 1.16961575e+00 4.40732658e-01
    3.55163395e-01 -6.77558243e-01 -5.21748066e-01 5.23039460e-01
    2.98640609e-01 8.77448022e-01 1.02359414e+00 -4.98000741e-01
    5.33896685e-03 6.79729819e-01 -2.12882936e-01 -1.51410341e-01
    2.69387007e-01 -2.80519634e-01 -5.58868408e-01 6.09240711e-01
    1.37774634e+00 -3.58222097e-01 -3.16244841e-01 -3.44695151e-01
    6.99345469e-01 -4.96815413e-01 1.74330056e-01 -1.13592982e-01
    7.70934522e-01 1.32925892e+00 1.34373665e+00 1.51824117e-01
    5.03982306e-01 1.45070076e+00 1.44347405e+00 7.56877899e-01
    2.43665159e-01 1.10116184e-01 1.08363795e+00 5.35162687e-02
    1.15080047e+00 1.09754872e+00 -7.29591608e-01 5.27853429e-01
    1.64726353e+00 -7.24404454e-01 8.21100831e-01 -7.29723990e-01
    -1.76292896e-01 1.65034628e+00 -7.85992265e-01 -3.62136632e-01
    5.04601717e-01 1.75237179e-01 3.95459414e-01 4.10978198e-02
    1.54331386e+00 1.41438925e+00 6.81549132e-01 8.69183242e-01
    -4.07771170e-01 -2.88917005e-01 -3.78996640e-01 1.15016556e+00
    3.55031610e-01 1.36034060e+00 -3.51937145e-01 8.99633467e-01
    1.33127737e+00 7.55021334e-01 6.77364886e-01 8.75125527e-02
    8.05360913e-01 -3.13146651e-01 7.22288609e-01 1.04963732e+00
    -5.06002605e-01 9.02687430e-01 -5.01403391e-01 2.65464485e-01
    -4.88823593e-01 8.14337730e-02 8.59723687e-01 1.40583026e+00
    5.81253231e-01 6.43806756e-01 -2.97072351e-01 1.37761235e-01
    4.53150809e-01 3.27993035e-02 1.29178214e+00 2.06338167e-02
    -5.90010643e-01 2.60761797e-01 -1.63613141e-01 5.73365629e-01
    -1.31444126e-01 3.58116031e-02 -3.61904681e-01 1.72248900e-01
    1.49565828e+00 6.47615373e-01 5.91375828e-02 -4.94014621e-01
    1.76556182e+00 1.75923347e-01 -4.23579723e-01 -2.10665047e-01
    1.10923147e+00 -4.48327243e-01 3.21361125e-01 1.11298561e+00
    9.21064854e-01 1.61099386e+00 1.09710479e+00 2.23130465e-01
    3.54013026e-01 -5.50250530e-01 6.08669281e-01 4.60568666e-02
    -4.26608264e-01 -5.97698271e-01 1.97485685e-02 1.26263654e+00
    -6.46643758e-01 1.49128962e+00 9.28674221e-01 7.77825952e-01
    -6.95762455e-01 7.21432924e-01 1.36212587e+00 1.72665787e+00
    1.72295809e-01 -3.92233074e-01 1.52487993e+00 1.75630450e-02
    1.36910605e+00 -1.79685354e-02 1.76536024e+00 1.13020658e-01
    1.45565462e+00 5.22647500e-01 1.50178254e+00 -3.86915624e-01
    -2.70178258e-01 -5.43185711e-01 1.60725307e+00 6.30472600e-01
    -4.41519678e-01 5.48335373e-01 -1.05824590e-01 8.90869141e-01
    -5.63660085e-01 8.71894777e-01 -1.09610081e-01 2.01919854e-01
    1.45155811e+00 5.78566253e-01 1.76094270e+00 -4.47519213e-01
    7.19692111e-02 4.14723814e-01 1.37259603e+00 -5.10358155e-01
    -1.00499749e-01 -3.15396428e-01 -4.45425510e-04 8.77971768e-01
    2.12970555e-01 1.38602495e+00 -4.47753370e-01 -5.32808363e-01
    -3.19663912e-01 -3.32896590e-01 3.90491486e-02 9.64088082e-01
    1.29327822e+00 1.35335147e-01 8.54763687e-01 -1.59695148e-01
    -4.08188701e-02 4.87716496e-01 -1.61761045e-02 2.33874381e-01
    1.61585617e+00 5.86555123e-01 5.06807923e-01 1.25453234e+00
    1.08687627e+00 -2.45625973e-01 1.85480118e-02 5.66936910e-01
    2.73409843e-01 -1.67578697e-01 3.78630102e-01 -4.67244387e-02
    4.14982736e-01 -5.11108577e-01 -6.20317280e-01 -5.77803493e-01
    1.11167312e+00 1.18530488e+00 9.85079646e-01 1.71376896e+00
    -1.16865039e-02 -6.10614359e-01 6.58484757e-01 9.07645702e-01
    6.13677263e-01 4.53734159e-01 6.96896911e-01 5.24049044e-01
    2.12459803e-01 1.49586391e+00 1.41325521e+00 7.44027674e-01
    -6.77304685e-01 4.00697589e-02 1.04502654e+00 -6.50262177e-01
    -1.04974329e-01 -2.07219005e-01 1.58081079e+00 1.35418832e-01
    3.72389853e-01 -6.15297794e-01 1.46620369e+00 1.56822038e+00
    -6.52945280e-01 1.16396701e+00 1.11389613e+00 -5.85149348e-01
    1.73994672e+00 -3.22914422e-01 1.95781589e-02 6.82333469e-01
    -3.13270092e-02 1.07910657e+00 1.35074854e+00 1.65806961e+00
    4.16597426e-01 7.42494881e-01 2.74164677e-01 -4.26276654e-01
    1.41347933e+00 -4.39292163e-01 8.53130996e-01 3.77086699e-01
    2.58948147e-01 1.33279085e-01 1.14138079e+00 3.58629584e-01
    -6.32589102e-01 -1.14075005e-01 1.48882914e+00 -3.88770759e-01
    2.39478886e-01 5.93027532e-01 -1.83841109e-01 6.91264808e-01
    -6.83599830e-01 1.21291447e+00 3.53407264e-02 -1.81685627e-01
    6.89558148e-01 1.70237589e+00 1.92044556e-01 -3.17844391e-01
    9.14580107e-01 -5.22423744e-01 1.46593499e+00 3.09079170e-01
    1.18971634e+00 5.16873360e-01 5.70070803e-01 -1.84207022e-01
    1.22485721e+00 -7.07899809e-01 -6.70943260e-02 8.46426606e-01
    9.79757845e-01 1.31071806e+00 8.16323757e-01 1.22718859e+00
    1.55231023e+00 1.35400295e-01 8.90634060e-02 1.59760642e+00
    1.05820346e+00 1.16021490e+00 -6.72975004e-01 -1.43178999e-01
    -6.92757905e-01 1.12168837e+00 1.14648294e+00 -2.83474565e-01
    -4.39061284e-01 3.13783050e-01 6.12183154e-01 2.23848701e-01
    1.02626073e+00 1.14698207e+00 6.74959660e-01 2.99079537e-01
    9.72296119e-01 1.32020807e+00 8.61330152e-01 7.54478455e-01
    -1.92993581e-01 -1.80413127e-01 1.44086266e+00 -5.74044585e-02
    3.32262397e-01 -6.91276431e-01 9.53312397e-01 -1.82938933e-01
    1.62429619e+00 -3.41028571e-01 1.00497770e+00 -4.14967954e-01
    2.35307693e-01 1.59244537e+00 6.20638013e-01 -2.19330728e-01
    9.08336878e-01 2.08008647e-01 7.96827316e-01 8.19872141e-01
    -4.55935627e-01 1.73358750e+00 -3.31960440e-01 9.15254831e-01
    7.96536088e-01 1.80603981e-01 8.05526733e-01 -6.20320380e-01
    1.22864842e+00 -2.32744187e-01 8.93335223e-01 9.31273699e-02
    6.56760037e-01 4.04894888e-01 -3.86818051e-02 -5.18465161e-01
    1.37514269e+00 9.18659091e-01 9.80115831e-01 1.11800790e-01
    1.72740984e+00 -4.56287086e-01 6.65408313e-01 4.67966497e-01
    -1.66134596e-01 5.61210454e-01 8.98777843e-01 1.59624124e+00
    8.78423512e-01 5.39368570e-01 7.77080953e-01 1.76915181e+00
    -4.65005875e-01 5.42061090e-01 1.64291167e+00 -1.96794808e-01
    1.21895599e+00 8.79333079e-01 -6.35804653e-01 -3.36586118e-01
    1.65953827e+00 -3.92832458e-01 5.36684990e-02 -4.61414218e-01
    -3.65442663e-01 4.87315714e-01 9.82680023e-01 1.41633689e-01
    1.23125315e+00 1.49085689e+00 -5.32686174e-01 -5.71859777e-01
    4.27826881e-01 -2.43484974e-02 -5.21828055e-01 6.27143025e-01
    -2.09308267e-01 1.08985829e+00 1.80471718e-01 1.62144578e+00
    -6.91906452e-01 -1.60230339e-01 -2.14062601e-01 9.56492543e-01
    6.61788404e-01 1.73489690e-01 4.69728529e-01 -3.58556747e-01
    -4.97134149e-01 1.69153714e+00 1.36978722e+00 -6.26373947e-01
    -4.71687287e-01 -6.15158796e-01 3.81595433e-01 1.56876171e+00
    8.34685445e-01 9.78798866e-02 1.47537363e+00 1.60942972e+00
    1.45955598e+00 -5.60426652e-01 1.59689426e+00 5.81965864e-01
    -3.00878644e-01 8.14013898e-01 5.54580331e-01 6.26731753e-01
    7.08942950e-01 8.97838831e-01 6.41018808e-01 8.15433562e-01
    9.77610290e-01 9.04888511e-02 2.67157674e-01 -3.21137637e-01
    1.02226496e+00 1.63446975e+00 5.94919622e-01 4.38170969e-01
    3.14333797e-01 1.09368825e+00 -2.12019354e-01 1.74506903e+00
    8.34613442e-02 9.81975317e-01 -4.13210422e-01 1.62141883e+00
    5.01013994e-01 -6.36516511e-01 8.04411888e-01 8.48544896e-01
    1.02999508e-01 1.13536549e+00 3.00676882e-01 -3.57756287e-01
    1.02520216e+00 1.18338943e+00 8.17059875e-01 1.17344022e+00
    8.45734179e-01 1.16900635e+00 -5.21845460e-01 -4.18608934e-01
    -1.64820552e-01 7.72399902e-02 1.55564809e+00 -5.01445413e-01
    5.22295594e-01 1.65599155e+00 -5.07874012e-01 -8.01943541e-02
    3.49572897e-02 -3.80010366e-01 1.05027306e+00 8.97848248e-01
    -9.89962220e-02 3.49076509e-01 -2.21601307e-01 3.32149744e-01
    3.54738533e-01 -6.27712905e-01 1.88232839e-01 -7.25883842e-02
    1.63069105e+00 6.03048801e-01 8.06900978e-01 1.10850406e+00
    6.91858590e-01 -5.19306540e-01 8.29162955e-01 -1.57482922e-01
    4.62580204e-01 1.16319358e+00 9.20566559e-01 9.86895144e-01
    -7.12553144e-01 1.44421613e+00 -7.02830315e-01 4.74037588e-01
    -6.09754622e-01 1.59059012e+00 -5.26559830e-01 7.93501198e-01
    1.28881407e+00 -6.69618845e-02 5.11738718e-01 6.67263269e-02
    5.05944073e-01 9.92239773e-01 -3.88404906e-01 5.30622005e-01
    5.60770810e-01 7.15733528e-01 1.00027514e+00 -3.63339275e-01
    1.50828624e+00 8.55360866e-01 9.15590823e-01 8.12319577e-01
    1.44113326e+00 4.26550150e-01 8.48451257e-01 8.80107284e-02
    -3.04535151e-01 1.29307079e+00 7.60118961e-02 1.48738515e+00
    1.22486520e+00 1.31159782e+00 8.17291200e-01 9.94590402e-01
    -3.06937099e-02 2.78949082e-01 -7.21238256e-02 7.13113070e-01
    3.05937588e-01 -3.31546068e-01 -4.97046471e-01 1.75054574e+00
    -2.23751247e-01 -3.35784554e-01 5.69396675e-01 1.53497875e+00
    1.62325919e-01 1.58667803e+00 1.30806422e+00 5.49484670e-01
    -5.44399679e-01 1.21826053e+00 5.68962097e-03 -4.36914891e-01
    1.24649465e+00 3.00018728e-01 1.04154944e-02 5.42840362e-02
    -6.16478920e-02 9.15399790e-02 2.39080191e-02 -7.98231363e-02
    1.25901997e+00 7.62051880e-01 7.81692088e-01 -2.36884594e-01
    1.03774643e+00 -1.71337724e-01 5.55651546e-01 7.84681380e-01
    -5.98767042e-01 4.01749492e-01 1.64017689e+00 1.76004291e-01
    1.41628194e+00 1.78536713e-01 1.37859523e+00 1.08289456e+00
    -6.57438993e-01 -2.19744444e-02 4.85597014e-01 1.38353753e+00
    1.24231470e+00 3.97334218e-01 8.83308709e-01 1.05983675e-01
    8.72738183e-01 1.59395647e+00 -1.23176783e-01 1.30151379e+00
    -1.80929363e-01 -2.23432779e-01 1.22326255e-01 -1.90652728e-01
    -3.83394957e-02 -5.05871594e-01 -6.45026147e-01 1.30853307e+00
    3.83766174e-01 -2.89662361e-01 1.71308184e+00 8.52233589e-01
    3.08424175e-01 3.92983317e-01 -4.23068017e-01 -4.07240689e-01
    1.65768373e+00 -5.26276588e-01 3.72124612e-01 5.67116976e-01
    1.38675404e+00 1.12196028e-01 4.04207051e-01 6.17252588e-01
    8.57323468e-01 7.03480899e-01 3.31006169e-01 5.53034186e-01
    -3.28391761e-01 -5.91287494e-01 -5.93110323e-02 -3.60787511e-01
    1.04705691e-01 9.92019594e-01 8.09465826e-01 7.63767123e-01
    -3.39656532e-01 -6.06388092e-01 1.70530248e+00 6.40484333e-01
    1.41175234e+00 1.73434162e+00 3.06052029e-01 -1.03112519e-01
    5.94937921e-01 1.03035629e+00 3.68050933e-02 -1.33193016e-01
    8.01242888e-01 1.04808879e+00 1.43569565e+00 3.27881873e-01
    3.36560667e-01 1.21881461e+00 1.11848271e+00 5.21782577e-01
    1.20051348e+00 2.51313210e-01 4.67527747e-01 -4.60326582e-01
    1.38854051e+00 1.51683331e-01 1.11615300e+00 -3.05092216e-01
    9.38845992e-01 1.23155761e+00 -2.07763672e-01 1.44910479e+00
    -5.49903274e-01 9.16225493e-01 1.57483363e+00 5.11691391e-01
    2.30757236e-01 5.30460298e-01 3.97668719e-01 -6.79274797e-02
    -3.69463444e-01 1.13234532e+00 9.64608073e-01 8.57873976e-01
    -5.72798073e-01 -1.96514696e-01 1.07506645e+00 1.55081105e+00
    1.45315194e+00 -4.95506614e-01 -1.56454623e-01 5.64183652e-01
    -3.68589431e-01 1.40647888e-01 1.31789804e+00 -4.01552618e-01
    9.72962320e-01 -2.64356822e-01 2.56826639e-01 1.61719656e+00
    3.31468701e-01 4.02632535e-01 1.24980092e+00 -6.84277713e-01
    1.47700953e+00 9.34369087e-01 -3.78478765e-02 7.15436935e-01
    1.30818057e+00 1.29342067e+00 -8.73380303e-02 1.43109465e+00
    -8.07839632e-03 4.05465961e-02 2.94413567e-02 -4.06459540e-01
    2.10578501e-01 1.30275178e+00 7.80228853e-01 4.50961590e-02
    1.31798828e+00 -6.50659084e-01 -3.74642253e-01 1.03044236e+00
    2.03736067e-01 9.00760531e-01 7.87619770e-01 6.29852414e-01
    -4.72539783e-01 7.75939643e-01 1.40828538e+00 7.65952587e-01
    -5.80190301e-01 -4.45379913e-01 1.40706205e+00 -2.26970345e-01
    2.08569825e-01 -4.94893551e-01 1.74446225e-01 1.28485119e+00
    2.10764229e-01 3.48375022e-01 8.94296467e-01 5.56368291e-01
    1.20095515e+00 -7.07454681e-01 1.05236113e-01 -9.47888494e-02
    9.66024935e-01 7.00994551e-01 5.38748324e-01 1.56105280e-01
    9.72723186e-01 1.52944636e+00 -2.49021798e-01 1.00374997e+00
    1.39431024e+00 -1.38019145e-01 3.12596917e-01 7.05575764e-01
    -1.95843875e-01 -3.62557173e-02 8.89022410e-01 9.24454153e-01
    -4.59487140e-01 1.04419851e+00 -5.85687816e-01 -6.31306052e-01
    1.40439463e+00 1.03671825e+00 7.87931681e-02 -3.75373721e-01
    1.40830457e+00 1.01052713e+00 7.70816565e-01 -1.66373551e-01
    -5.33513844e-01 7.54464388e-01 -5.98381758e-01 1.31800938e+00
    9.84468937e-01 1.52376962e+00 1.10764122e+00 1.48889375e+00
    -3.29516619e-01 1.90812349e-01 2.26696134e-01 1.45628023e+00
    1.57190347e+00 4.20948029e-01 4.07959819e-01 8.69379342e-01
    4.65594769e-01 -2.13745236e-01 1.57317519e+00 1.40803254e+00
    -6.35856509e-01 4.41524148e-01 5.42737186e-01 9.69148219e-01
    6.71928108e-01 3.78055394e-01 -5.73132277e-01 5.50812244e-01
    1.27808499e+00 3.43287647e-01 5.29989243e-01 9.80849862e-01
    4.83554423e-01 5.92454076e-01 1.24369156e+00 6.34536803e-01
    2.62301445e-01 1.17231905e+00 7.50420749e-01 9.22059536e-01
    5.37906826e-01 1.39576292e+00 4.84481096e-01 -1.22439325e-01
    6.49264812e-01 7.50427127e-01 -5.08172274e-01 1.69103956e+00
    1.33626521e+00 9.18403566e-01 5.72521329e-01 6.51530623e-01
    1.11907911e+00 1.30758440e+00 7.20087290e-01 1.48648882e+00
    1.60047793e+00 -1.25898004e-01 1.37544453e-01 1.04575348e+00
    9.52190816e-01 1.21444416e+00 4.96234179e-01 -5.02972960e-01
    1.00209689e+00 4.56599712e-01 7.41128922e-02 -1.91142261e-01
    6.59079075e-01 1.27384043e+00 1.52360368e+00 -5.64337313e-01
    -1.77729428e-01 8.58468294e-01 1.09356761e+00 4.24075186e-01
    1.09643567e+00 9.92465496e-01 2.59531081e-01 -1.26757622e-02
    -6.40811086e-01 1.52487457e-01 7.05412447e-01 -3.61953676e-01
    2.48296559e-01 2.36698747e-01 1.13633275e+00 1.24008012e+00
    1.67532873e+00 3.27938795e-02 6.49539769e-01 1.61707997e+00
    1.13750291e+00 7.90157020e-01 -6.44307017e-01 2.63028979e-01
    -6.51443541e-01 1.57380867e+00 8.64102006e-01 5.76653540e-01
    1.15844774e+00 1.39494705e+00 -5.31514883e-01 1.26420987e+00
    5.23860395e-01 5.38931668e-01 1.18730831e+00 1.51379895e+00
    1.37366438e+00 -6.40506208e-01 1.56729937e-01 -9.08205509e-02
    6.70076966e-01 1.01525307e+00 1.58112574e+00 -3.34210813e-01
    -2.43808270e-01 1.18327451e+00 -7.84991622e-01 -3.25497508e-01
    9.46809828e-01 -3.67349535e-01 1.65183568e+00 -3.88417184e-01
    -1.54414803e-01 -7.52587318e-02 5.37122190e-01 6.56316876e-02
    1.60872221e+00 -5.41584730e-01 3.70812356e-01 5.29656529e-01
    6.01072609e-01 6.25996113e-01 -5.33561528e-01 1.20325184e+00
    7.20398486e-01 7.25957453e-01 3.00708771e-01 9.75019634e-01
    1.58131528e+00 -4.52443123e-01 1.32906222e+00 4.87024188e-01
    5.00995278e-01 1.08768976e+00 -1.14809871e-02 -2.32081026e-01
    1.69337952e+00 -7.01890945e-01 1.34086347e+00 4.85075057e-01
    2.59183705e-01 -5.34797311e-01 7.50420749e-01 -4.65397567e-01
    2.62826741e-01 1.34051812e+00 -5.89977145e-01 1.28269196e+00
    9.76266384e-01 1.45092666e+00 3.96820009e-01 2.65549958e-01
    1.80629396e+00 -1.66289449e-01 -4.91883755e-02 -4.56898570e-01
    8.21396708e-01 5.36363780e-01 1.36843944e+00 6.26394153e-02
    6.35281742e-01 -3.55829686e-01 4.80729342e-01 -4.39584762e-01
    8.84522915e-01 -4.29867774e-01 8.62859309e-01 1.13427711e+00
    3.02533925e-01 -2.04377472e-01 -5.86882234e-01 1.10824013e+00
    8.65108192e-01 -4.02664214e-01 1.42357922e+00 2.97021151e-01
    -1.58978105e-02 -1.05148554e-03 -6.23402655e-01 6.76817000e-01
    1.23737001e+00 1.77069068e+00 -2.78034508e-01 1.08559716e+00
    -5.40490210e-01 -1.45711243e-01 -5.81767321e-01 2.78643370e-01
    1.24239659e+00 1.47031999e+00 5.46730518e-01 1.60453773e+00
    1.66182256e+00 4.10628080e-01 -4.07854706e-01 1.71999633e+00
    -2.94553012e-01 4.44774628e-01 -2.29551315e-01 4.67985690e-01
    -6.06342196e-01 4.74954903e-01 -5.33730388e-02 2.59226859e-01
    1.54647219e+00 1.50852180e+00 5.08874655e-02 8.95183980e-01
    -3.19505632e-01 1.16821694e+00 1.80894136e-03 -6.39512539e-02
    1.57167304e+00 1.61344910e+00 6.77751899e-01 1.05544519e+00
    6.38038099e-01 6.75186336e-01 8.34040642e-02 1.08350790e+00
    1.99861944e-01 3.64315808e-01 1.98315859e-01 5.09155929e-01
    1.57767320e+00 -2.10841954e-01 2.72709191e-01 3.59002888e-01
    1.63038683e+00 6.91075683e-01 4.15352106e-01 7.42924571e-01
    9.74432707e-01 -4.94498372e-01 1.31952357e+00 1.81644559e-02
    5.19597530e-03 1.61075294e-01 1.14626265e+00 1.22197056e+00
    1.17711961e-01 1.52411711e+00 8.28230381e-01 6.70702219e-01
    3.19491744e-01 1.41390681e-01 1.07755470e+00 1.48242760e+00
    1.84979200e-01 -3.59661520e-01 -6.06827497e-01 5.29202819e-01
    6.06665194e-01 1.66183031e+00 -4.94573981e-01 9.01204944e-02
    5.43548226e-01 1.25365794e+00 1.70179844e-01 2.12239087e-01
    5.57767451e-01 1.19374228e+00 7.58532405e-01 -3.08095783e-01
    6.03534520e-01 3.54568779e-01 -6.96562529e-02 1.56812668e-01
    -1.55819356e-01 8.75286102e-01 4.38602328e-01 1.06627178e+00
    6.94145083e-01 3.82522047e-01 -3.93724978e-01 1.71300840e+00
    -5.90923190e-01 1.29975605e+00 1.63384843e+00 -1.01214111e-01
    5.59023976e-01 6.95122659e-01 8.21152925e-01 1.55351067e+00
    -5.74481487e-01 3.98216963e-01 1.87700510e-01 -4.56477493e-01
    1.78863955e+00 3.20117831e-01 -3.92365456e-03 6.21218443e-01
    8.28566551e-01 1.14404798e-01 -5.26592851e-01 -1.65855229e-01
    1.55188107e+00 7.30257630e-01 -2.78866351e-01 -7.17710376e-01
    1.08097649e+00 5.67972958e-01 -4.36715007e-01 1.25024319e-01
    1.36941385e+00 1.49417818e+00 -4.02352780e-01 -1.39752626e-01
    1.50227118e+00 1.23652458e+00 1.62303376e+00 4.40769255e-01
    -4.61540848e-01 1.03689301e+00 -3.39079320e-01 1.49299157e+00
    1.99043155e-02 8.92160952e-01 1.54351652e+00 -1.27377450e-01
    2.73349404e-01 6.36859059e-01 1.16910744e+00 -6.80079579e-01
    1.27824712e+00 -1.67673886e-01 -4.84007090e-01 1.40074134e-01
    4.85143006e-01 -4.59971130e-01 -5.62243462e-01 1.14041734e+00
    1.62781429e+00 3.46523345e-01 1.64622688e+00 6.94959283e-01
    -3.58670712e-01 5.57095408e-02 4.59808469e-01 -4.88457978e-01
    -3.78842950e-02 1.07514572e+00 8.31790388e-01 1.26817942e+00
    -5.60783267e-01 1.16142762e+00 7.89497495e-02 -1.41006589e-01
    1.46508360e+00 9.39516783e-01 2.97152579e-01 -5.99976242e-01
    -6.90627933e-01 1.19554520e-01 -2.65471101e-01 -5.76315463e-01
    1.68492842e+00 2.38219619e-01 3.24225426e-03 8.42147529e-01
    9.93935049e-01 1.58239937e+00 7.21798182e-01 1.75635517e-01
    1.60714459e+00 1.69256294e+00 -1.42189682e-01 -1.42824680e-01
    1.13150549e+00 1.79692006e+00 -4.60078925e-01 1.27934384e+00
    -4.46419924e-01 1.54976583e+00 1.38670897e+00 -7.27172494e-01
    1.22215378e+00 -1.77318215e-01 9.94803429e-01 3.70640814e-01
    4.28749979e-01 -4.71283108e-01 8.09478760e-03 9.70529318e-01
    -6.46643043e-01 9.75265384e-01 1.43566728e-01 2.12046385e-01
    1.28394938e+00 3.33169580e-01 2.64437675e-01 9.33574975e-01
    2.85622418e-01 -5.28571010e-01 -4.88042831e-04 9.86010432e-02
    1.12415266e+00 -4.92487431e-01 1.56117654e+00 1.19749737e+00
    8.36928487e-02 2.46840656e-01 4.43459451e-01 -2.13862509e-01
    3.13432097e-01 -6.51330411e-01 8.76426339e-01 -3.70125771e-02
    -5.81757009e-01 5.49310088e-01 8.23920727e-01 8.68206322e-01
    5.16301811e-01 1.06998539e+00 1.12265885e-01 1.08755612e+00
    1.31017804e-01 1.42986584e+00 4.28266943e-01 -1.36656284e-01
    -3.53084862e-01 1.46944082e+00 -7.70553768e-01 1.60619855e+00
    5.11627793e-01 3.66896749e-01 7.22793937e-01 1.32928872e+00
    -1.69624805e-01 1.34087753e+00 -4.50428903e-01 -3.72515023e-01
    1.09245110e+00 -4.03302431e-01 1.53524148e+00 3.38615179e-01
    9.29703712e-01 -1.39549077e-01 -3.93800408e-01 4.64018166e-01
    7.42654383e-01 1.07310271e+00 4.67067778e-01 -2.59000778e-01
    -4.14786756e-01 -4.11798596e-01 -4.15910870e-01 4.79020000e-01
    6.90043867e-01 7.86957026e-01 5.24385393e-01 2.05964446e-02
    -5.37303746e-01 4.60637093e-01 -5.27399123e-01 1.36467230e+00
    1.06945062e+00 1.53551197e+00 8.91358554e-01 3.29843104e-01
    4.62278426e-01 8.34342718e-01 1.15279984e+00 7.92287409e-01
    6.43742323e-01 -8.85334015e-02 -3.54987592e-01 9.59414780e-01
    1.18213820e+00 -1.95074081e-01 1.15321302e+00 8.11441839e-01
    1.42167211e+00 6.86426520e-01 -5.92668831e-01 3.47280145e-01
    -2.95918435e-01 1.12045312e+00 -6.40155852e-01 5.57885349e-01
    4.19678926e-01 9.60237384e-02 1.35768056e+00 1.09036684e-01
    -4.32094306e-01 1.51704812e+00 -5.60261965e-01 -1.41997457e-01
    6.32604182e-01 1.30753136e+00 9.93959725e-01 1.12954831e+00
    3.62286985e-01 -1.39855266e-01 1.23743200e+00 1.59119630e+00
    2.37370491e-01 1.69727921e+00 1.98297560e-01 -6.62468433e-01
    8.50518346e-01 1.11755967e+00 -3.74164760e-01 -4.54886377e-01
    5.48081994e-02 7.95802593e-01 1.60744989e+00 2.43689179e-01
    4.04447913e-02 7.24032581e-01 1.65596020e+00 8.93461168e-01
    -7.24662423e-01 2.48113513e-01 -1.19757593e-01 4.95863676e-01
    4.79616106e-01 1.53648281e+00 3.41625690e-01 1.52588832e+00
    -9.76822376e-02 -4.08251286e-01 -2.30906576e-01 4.47711766e-01
    -6.69126749e-01 6.05229735e-02 1.33024883e+00 1.14523220e+00
    -6.71672404e-01 8.79463077e-01 -3.96374404e-01 -2.91816562e-01
    8.60593975e-01 1.18104148e+00 1.45670712e-01 9.36991453e-01
    2.76221156e-01 7.69075155e-01 8.96537900e-02 -2.06074655e-01
    1.24485719e+00 -5.50274611e-01 -2.04934508e-01 1.40473938e+00
    -2.32616216e-01 6.58537388e-01 6.62850201e-01 -6.34146571e-01
    6.85963392e-01 -5.32046914e-01 3.27810466e-01 1.50177896e+00
    -2.64954031e-01 4.34744775e-01 6.57371640e-01 1.27037930e+00
    -5.24368882e-01 1.43681121e+00 7.22993731e-01 8.93680334e-01
    5.86813271e-01 2.26166129e-01 8.45329583e-01 5.94595790e-01
    8.31078470e-01 7.83689022e-02 1.18985891e-01 -4.72705752e-01
    1.11142814e+00 3.58789146e-01 6.48526013e-01 1.51835084e+00
    1.09239364e+00 1.35766649e+00 1.41003036e+00 1.59671307e+00
    -2.56448686e-01 6.96183026e-01 7.58681297e-02 1.01556873e+00
    1.15090990e+00 1.64680326e+00 2.77849674e-01 7.69872189e-01
    1.22299981e+00 -2.21653044e-01 5.97920120e-01 3.57074499e-01
    1.25840306e+00 -4.55584615e-01 -5.27975738e-01 1.35672748e-01
    1.32574677e+00 1.65860796e+00 1.15000010e-01 1.35683894e+00
    -2.11087406e-01 1.24298847e+00 8.54982555e-01 1.45830369e+00
    -7.46351659e-01 3.96534324e-01 1.16054773e+00 -6.47720337e-01
    1.61204720e+00 1.67827308e-01 1.76114738e-01 6.10522747e-01
    1.15691066e+00 1.65924215e+00 1.06395817e+00 1.26415753e+00
    1.16607726e-01 1.31334972e+00 1.41500616e+00 1.12135148e+00
    1.11513424e+00 1.34086347e+00 3.18925142e-01 1.09197164e+00
    1.59936845e+00 -9.67679024e-02 7.97627270e-01 1.27005816e-01
    4.18752849e-01 3.90579104e-01 8.58446717e-01 5.58584929e-02
    -5.20653486e-01 9.17177260e-01 9.07086909e-01 1.25231934e+00
    7.25239873e-01 1.43632531e-01 9.88193631e-01 1.11578035e+00
    -3.75899851e-01 1.21770883e+00 -1.44158244e-01 1.25905108e+00
    -2.20932722e-01 -3.95050496e-01 1.42119610e+00 4.43307936e-01
    -1.27517343e-01 -4.81317014e-01 6.62940681e-01 -4.26283062e-01
    -1.92296624e-01 1.40063286e+00 1.63483810e+00 1.45868897e+00
    1.41897786e+00 1.96398437e-01 1.44527709e+00 8.21201801e-02
    -1.36902332e-02 -4.23222035e-01 -2.11467505e-01 1.55206084e+00
    3.99617910e-01 8.94023061e-01 4.43879306e-01 9.75531816e-01
    1.24857664e+00 1.36224759e+00 1.44484830e+00 -2.82729626e-01
    5.78325450e-01 7.55101979e-01 1.34873307e+00 2.25530267e-01
    4.56616700e-01 1.89189792e-01 1.04484916e+00 2.33905494e-01
    1.68016124e+00 1.10147846e+00 -2.83846468e-01 1.62442803e+00
    2.64943480e-01 1.60778177e+00 2.30138481e-01 4.69301581e-01
    -4.71758723e-01 3.29908729e-01 1.61969805e+00 -1.24113321e-01
    1.01016045e+00 3.16011310e-02 1.06822157e+00 -3.54262829e-01
    -3.10075670e-01 1.33653426e+00 1.52686882e+00 1.65466046e+00
    7.24084139e-01 8.46670449e-01 5.36863923e-01 2.48776257e-01
    -4.71686840e-01 1.44910312e+00 3.43117058e-01 -1.65434092e-01
    -1.13144994e-01 6.13713741e-01 1.46064997e+00 7.52801955e-01
    4.81959939e-01 1.12621963e-01 3.86689663e-01 8.53097737e-01
    1.51612043e+00 6.43742740e-01 1.22826302e+00 -1.99933112e-01
    6.03377819e-03 1.02708304e+00 8.29729915e-01 -4.81433660e-01
    -4.29103583e-01 2.44392157e-01 -4.55166370e-01 4.78328407e-01
    1.39600134e+00 1.13062704e+00 -1.25004649e-02 -1.63070381e-01
    7.14831948e-01 3.50673139e-01 -3.34351182e-01 4.86011505e-02
    2.75943577e-01 1.27884340e+00 -1.09523416e-01 -1.47889733e-01
    1.31282401e+00 2.48802900e-02 1.18334472e-01 -5.90402722e-01
    5.03817022e-01 4.23141539e-01 1.65696025e+00 6.42641485e-01
    4.95672286e-01 1.59491467e+00 1.08828127e-01 8.64375830e-02
    1.40010059e+00 9.87052083e-01 9.86206889e-01 6.62308395e-01
    -4.78277504e-01 -3.31520647e-01 7.30510473e-01 -2.14496911e-01
    1.65412951e+00 6.98152006e-01 1.10441542e+00 1.62266660e+00
    6.41694307e-01 -5.65886676e-01 -3.83200675e-01 9.13862228e-01
    -9.07421708e-02 3.90572548e-02 -3.84642065e-01 1.69688892e+00
    1.35112333e+00 -2.12719381e-01 8.22961628e-01 -1.47947550e-01
    5.54756939e-01 -1.87458754e-01 6.33436024e-01 8.05863023e-01
    2.01598227e-01 3.42286766e-01 3.13397229e-01 1.49639440e+00
    1.44022393e+00 1.43768287e+00 -9.97936130e-02 7.94512272e-01
    -2.13232100e-01 1.39220071e+00 4.91331875e-01 1.37265444e+00
    -3.90715748e-01 -6.43413424e-01 -2.48584539e-01 2.95891106e-01
    6.24365509e-01 1.59841037e+00 1.00031638e+00 -3.82461429e-01
    -2.51349598e-01 -5.44761717e-01 1.10639465e+00 -6.23917222e-01
    7.60663748e-02 -5.32494545e-01 6.99534416e-01 -6.12536490e-01
    2.32349157e-01 1.34096634e+00 1.44582772e+00 4.67537582e-01
    6.32281959e-01 9.97455299e-01 9.60372686e-01 1.52180910e+00
    -5.61361432e-01 1.56258416e+00 9.70420301e-01 1.05502915e+00
    2.67963469e-01 3.40154588e-01 7.89773226e-01 -1.51143074e-01
    2.13231921e-01 1.36862302e+00 -5.47949731e-01 1.45347714e+00
    5.25470734e-01 1.73660100e-01 7.28008747e-02 9.50308800e-01
    6.95174158e-01 1.05177641e-01 4.35381293e-01 -7.79955983e-01
    1.09747744e+00 -3.18418473e-01 1.20308137e+00 -5.23117900e-01
    6.38357103e-01 3.41562152e-01 4.09770072e-01 -4.30077881e-01
    1.20933533e+00 7.86860943e-01 1.02377820e+00 -1.69129312e-01
    1.09817648e+00 -5.82071662e-01 6.87355161e-01 1.33620358e+00
    5.83158016e-01 -5.81785560e-01 -6.12881184e-01 7.84714341e-01
    -4.78314549e-01 6.84008539e-01 1.59239638e+00 -5.10606349e-01
    -7.45303512e-01 1.61654449e+00 1.37208390e+00 9.56436992e-02
    -5.89980662e-01 6.04847312e-01 -1.81119740e-01 -1.19784713e-01
    -2.12732375e-01 1.40144324e+00 1.39163971e+00 8.87561440e-02
    1.13466465e+00 9.56332088e-01 -7.76960135e-01 -7.22804070e-01
    1.07182264e-01 -3.50040615e-01 1.33723295e+00 3.03668797e-01
    1.60957253e+00 -5.32666624e-01 1.66681671e+00 1.68348420e+00
    1.95722842e+00 6.00764155e-02 7.75426745e-01 1.73655927e-01
    1.60729289e+00 1.08057928e+00 9.84785199e-01 -6.12830758e-01
    -4.49976116e-01 -3.08655828e-01 6.76030278e-01 -2.55582333e-02
    -4.02486026e-01 1.55091524e+00 -6.72981799e-01 -1.95452809e-01
    1.45408440e+00 5.12077570e-01 2.00361431e-01 -1.71928048e-01
    8.58274519e-01 1.11851192e+00 -3.70052040e-01 1.43717122e+00
    -5.99349499e-01 -1.63643360e-02 2.63540864e-01 1.39081454e+00
    -7.03638732e-01 1.29238200e+00 -2.84597874e-02 3.66275966e-01
    -1.17263556e-01 -5.20052731e-01 8.11613977e-01 -5.74340045e-01
    7.72076249e-02 1.64623380e+00 1.16635191e+00 1.38363183e+00
    -3.53719622e-01 -5.57478011e-01 -5.96819520e-02 1.57449198e+00
    1.13371050e+00 -7.13657141e-01 1.21337605e+00 -3.39604378e-01
    -5.83112240e-02 1.49776721e+00 1.02872372e-01 -5.91209412e-01
    1.36643362e+00 -1.70575857e-01 -9.92425680e-02 4.51512337e-01
    -9.97951031e-02 2.94926643e-01 -5.93102574e-01 9.20390666e-01
    8.94499958e-01 1.09683776e+00 8.77583444e-01 5.72860718e-01
    6.96650922e-01 -4.39167410e-01 -5.97174883e-01 1.30204749e+00
    -2.87444293e-01 1.20047212e+00 -1.13014817e-01 7.61538446e-01
    1.54153013e+00 -4.05231595e-01 5.68407834e-01 1.79441714e+00
    5.87585747e-01 2.10289001e-01 -5.39711475e-01 -4.41390097e-01
    8.26156080e-01 1.06573200e+00 2.71293044e-01 1.50126493e+00
    1.20380974e+00 -1.04005933e-02 2.48119175e-01 1.08382261e+00
    4.90245402e-01 7.80557394e-01 -4.96931493e-01 4.92426574e-01
    4.87274110e-01 1.38171911e+00 1.47305310e-01 -3.16020846e-02
    1.41218412e+00 8.17655325e-01 -5.13140738e-01 6.51443601e-02
    -3.97238016e-01 7.80092716e-01 -3.00463259e-01 2.20512509e-01
    1.08718538e+00 -4.19254839e-01 3.08056474e-02 7.06558466e-01
    4.39806819e-01 7.10955918e-01 -3.10956776e-01 6.01486683e-01
    1.59735096e+00 1.14704192e+00 1.34397101e+00 8.19257557e-01
    7.31917858e-01 3.34858775e-01 1.46379590e+00 -4.66036856e-01
    5.26406169e-02 4.99792039e-01 -6.43242955e-01 -4.60030854e-01
    -1.32212043e-02 3.91658485e-01 1.15828741e+00 3.26379120e-01
    3.12253833e-02 1.33667290e-01 8.98740590e-01 9.97968316e-02
    3.87286127e-01 3.20348382e-01 8.97095084e-01 -3.62581015e-02
    5.91140389e-01 1.65487027e+00 1.42619896e+00 -8.62938166e-02
    1.16162920e+00 -2.81417370e-03 7.11620510e-01 1.21093988e-01
    4.15944457e-01 -4.20155883e-01 7.62029767e-01 1.14765859e+00
    1.60683894e+00 -4.27449048e-01 8.04491997e-01 2.95177937e-01
    1.23393655e+00 -1.57997072e-01 9.74993706e-01 1.06514728e+00
    1.25622988e+00 1.48794031e+00 2.33352184e-04 1.29603565e-01
    -5.71245074e-01 4.94254172e-01 8.79793942e-01 -4.11652535e-01
    1.72143543e+00 -2.84657866e-01 9.12329137e-01 1.08841026e+00
    1.40916228e+00 9.02844310e-01 2.37900198e-01 1.44997370e+00
    6.92871273e-01 5.13156831e-01 5.05481124e-01 1.46392417e+00
    9.64546561e-01 1.57718813e+00 -4.90834653e-01 6.59084439e-01
    1.68799746e+00 -5.67794621e-01 -7.33543038e-02 9.82336819e-01
    -7.08608210e-01 1.16696215e+00 1.37323260e+00 -8.87095332e-01
    1.00879407e+00 1.12777019e+00 -4.64144081e-01 6.66935921e-01
    -2.90318280e-01 -4.85446453e-02 1.25298917e+00 -2.52625942e-02
    4.26174462e-01 6.13074720e-01 1.48603547e+00 -2.40096092e-01
    7.53652811e-01 1.46865606e+00 -5.85682511e-01 6.07712805e-01
    5.08957922e-01 -2.75429249e-01 1.64793825e+00 1.06084752e+00
    4.31631207e-01 8.55745494e-01 1.12457371e+00 1.28607857e+00
    -3.37891012e-01 -3.49254519e-01 -1.92568451e-01 -2.13354826e-02
    1.28150344e-01 -2.37355739e-01 -2.20922202e-01 9.00442839e-01
    1.34978890e+00 4.27357614e-01 -2.03261495e-01 1.27327633e+00
    -2.85053849e-02 9.54274178e-01 1.09213924e+00 1.56882000e+00
    1.22591257e+00 -6.29082322e-01 1.38910139e+00 1.42254019e+00
    -5.14393985e-01 -5.46340346e-01 1.26316452e+00 -3.98237169e-01
    -7.33499587e-01 1.91256285e-01 5.31250238e-02 2.67909288e-01
    1.56223893e+00 -2.15208292e-01 1.31491375e+00 3.61769199e-02
    4.17739093e-01 8.92265558e-01 9.62401688e-01 2.61116683e-01
    2.73854375e-01 8.66187871e-01 -1.89534783e-01 -6.12697124e-01
    6.31493211e-01 9.42242503e-01 5.69601774e-01 1.64906025e+00
    3.06330979e-01 1.26172304e+00 -1.39832497e-01 4.31212604e-01
    3.29006732e-01 7.14625716e-01 1.16388249e+00 1.93788886e-01
    3.01911354e-01 1.08687377e+00 9.71611679e-01 1.49595881e+00
    -2.60503888e-02 1.13438070e+00 4.46980476e-01 1.40629280e+00
    1.42107797e+00 4.46949601e-02 4.90369201e-02 -4.92893279e-01
    1.84830761e+00 -1.98453933e-01 -6.05136693e-01 1.18597627e+00
    -1.12152696e-02 7.18966484e-01 9.46852028e-01 7.44631767e-01
    -1.42923534e-01 1.34686422e+00 1.37497604e+00 -5.97606480e-01
    -6.11728251e-01 1.61881363e+00 7.49466479e-01 6.94322586e-03
    -1.09225810e-01 9.57458735e-01 2.15630352e-01 1.26345634e-01
    1.37093759e+00 -4.29796249e-01 -1.22608244e-01 8.90514791e-01
    1.63251400e+00 4.26707804e-01 -7.62430608e-01 -4.32269931e-01
    1.26658058e+00 1.35028672e+00 1.02115738e+00 9.04853106e-01
    1.31535137e+00 3.10932159e-01 3.79579246e-01 1.41288567e+00
    -2.32230425e-02 1.28625810e-01 -5.89999437e-01 3.14102829e-01
    1.42790270e+00 3.10865998e-01 -4.87711191e-01 9.66199577e-01
    -2.04851031e-01 9.58358467e-01 8.50364208e-01 6.32464588e-01
    1.49757695e+00 1.05950618e+00 -6.75648272e-01 1.80763960e-01
    -2.45321035e-01 7.40379930e-01 1.19148362e+00 -2.60711968e-01
    1.15849018e+00 -5.01957417e-01 1.71014977e+00 -6.65923953e-02
    -5.40186286e-01 -4.64994282e-01 -2.39259005e-03 -3.19534779e-01
    1.67308092e+00 -6.14917159e-01 1.52489758e+00 1.56434178e+00
    5.81687927e-01 -2.91113526e-01 -1.91816688e-02 1.17124641e+00
    6.77354753e-01 1.12911820e+00 1.20131779e+00 -3.51866305e-01
    6.01348102e-01 8.19614172e-01 -1.90658867e-01 1.63617349e+00
    1.87380016e-01 8.39544296e-01 -3.05862188e-01 -2.12446332e-01
    8.31850171e-02 7.74946749e-01 3.69813263e-01 6.23460889e-01
    1.69796288e-01 5.18592954e-01 -6.56652451e-02 6.91784441e-01
    1.99326158e-01 -8.01598668e-01 1.47934461e+00 2.52361894e-01
    7.87595451e-01 -1.09096527e-01 3.07409465e-01 2.71620154e-02
    -6.14412427e-02 -8.77003670e-02 5.62009513e-01 1.30543220e+00
    -5.32588422e-01 6.29013836e-01 -3.43294114e-01 1.12670946e+00
    -2.77375937e-01 -6.36472702e-02 9.87315595e-01 -5.94127178e-01
    1.32777178e+00 1.19803619e+00 -2.94340312e-01 -6.62485480e-01
    2.56525457e-01 1.68465137e-01 -3.92007709e-01 -2.59922326e-01
    4.60898995e-01 5.51551223e-01 1.50142801e+00 -2.42142022e-01
    3.84537041e-01 1.30630553e+00 1.54354835e+00 3.92044008e-01
    9.00032461e-01 8.23790729e-01 1.01059484e+00 -1.06847942e-01
    1.08825564e-02 -2.92792141e-01 -1.68409884e-01 1.25656962e+00
    -8.35934937e-01 1.52330399e+00 -3.77159417e-01 2.15000093e-01
    1.44309449e+00 -3.30443501e-01 1.26981580e+00 1.23248041e+00
    1.68306255e+00 -2.82598943e-01 5.06727099e-02 -3.06900501e-01
    -4.33352858e-01 5.24832070e-01 -6.73442721e-01 1.07562423e+00
    1.32551455e+00 7.23067284e-01 1.09320092e+00 9.57111061e-01
    1.18041635e+00 4.01162446e-01 1.11146343e+00 -5.59305131e-01
    1.19671857e+00 -6.28519654e-01 1.24857700e+00 1.56988263e+00
    -4.16744947e-02 1.54719532e-01 1.18644369e+00 6.98965669e-01
    1.03942478e+00 4.70370710e-01 8.29474568e-01 1.15924549e+00
    1.95424497e-01 4.28901017e-01 3.79371643e-02 3.23330164e-01
    6.19517505e-01 3.31869483e-01 1.07926762e+00 1.57072651e+00
    -4.58795846e-01 1.17937994e+00 -6.98804855e-01 1.68008399e+00
    1.39674830e+00 1.30460262e-02 -5.28044045e-01 1.73258245e-01
    4.25762653e-01 1.32894611e+00 5.30702889e-01 -4.34157848e-02
    -1.70233667e-01 4.35082912e-01 7.38544524e-01 -4.65867519e-02
    1.33653808e+00 1.74610341e+00 -5.67426085e-01 1.63203537e-01
    -4.78810668e-01 9.07328367e-01 7.88696945e-01 7.57015288e-01
    -2.79779017e-01 1.11768270e+00 -2.79243112e-01 -4.20116156e-01
    1.54079485e+00 -3.48961949e-02 3.23207378e-01 1.43978238e-01
    7.09230781e-01 1.05231190e+00 1.57935095e+00 1.59980369e+00
    1.59035254e+00 1.49687445e+00 4.02589798e-01 -4.55154806e-01
    1.01346326e+00 1.35296535e+00 9.73556459e-01 5.75164855e-01
    -2.84769416e-01 1.66261697e+00 7.72725940e-01 -1.63187802e-01
    7.85574675e-01 1.00676179e+00 1.19137204e+00 -3.91556919e-01
    9.39735770e-01 -1.08517766e-01 3.50250244e-01 9.12783325e-01
    1.19606030e+00 9.98339891e-01 -2.42610097e-01 -7.62819171e-01
    9.06087995e-01 1.17636311e+00 7.59304047e-01 2.27400005e-01
    2.42285490e-01 9.87248778e-01 4.21223462e-01 9.37257886e-01
    1.33923745e+00 1.02283549e+00 -5.62593341e-01 1.09263730e+00
    1.61383343e+00 9.39084053e-01 -2.74742037e-01 7.38286078e-01
    3.83778393e-01 -1.24484062e-01 9.39442158e-01 -3.29304129e-01
    1.38689315e+00 1.56300163e+00 -7.02094793e-01 1.18335462e+00
    -6.74435854e-01 -3.83276910e-01 1.17528903e+00 1.36812723e+00
    1.16911793e+00 1.05403745e+00 1.72753215e+00 1.45016909e+00
    -5.64839065e-01 9.62929189e-01 1.16170526e+00 1.17182934e+00
    -3.43402773e-01 7.46275187e-02 -6.00729465e-01 7.40737438e-01
    1.66382670e-01 -6.41240299e-01 9.73467827e-01 7.29491174e-01
    1.30448318e+00 9.40854907e-01 1.27159333e+00 1.11981881e+00
    1.47999227e-01 9.09125924e-01 2.61267841e-01 -4.95121926e-01
    1.48618746e+00 2.56333888e-01 8.07514668e-01 1.41647112e+00
    1.61160350e-01 1.41980600e+00 -4.96441483e-01 -5.88034987e-01
    1.14133978e+00 -6.75562620e-02 4.34535325e-01 1.17744923e+00
    5.70261121e-01 -4.30304199e-01 1.66692400e+00 5.49164116e-01
    1.62021518e-02 1.41870570e+00 -4.93748784e-02 -1.95562989e-01
    -2.89332867e-02 7.16753662e-01 3.62014174e-02 1.58819699e+00
    7.92008221e-01 1.72750640e+00 -1.46954060e-01 5.88645935e-01
    7.56858349e-01 -2.22778320e-02 1.29458976e+00 1.37296522e+00
    1.12695575e+00 3.62873077e-04 2.38785684e-01 -5.39659977e-01
    -5.29347062e-02 7.09026039e-01 1.40706313e+00 9.11636770e-01
    -7.02317834e-01 1.15966284e+00 4.92630422e-01 1.22480083e+00
    -4.50877994e-01 1.72061408e+00 -2.22906411e-01 1.26143813e+00
    -3.95703226e-01 7.66737163e-01 -3.82925183e-01 1.67622054e+00
    1.51293588e+00 2.79981673e-01 7.63537645e-01 1.11776972e+00
    -2.74317265e-02 6.83305621e-01 6.32198572e-01 7.32952416e-01
    -6.56915069e-01 9.86413956e-02 1.29020095e+00 6.89842105e-01
    1.83743179e-01 2.37412453e-02 1.72053766e+00 2.50310540e-01
    -6.69949770e-01 5.69059551e-01 1.33969223e+00 1.39813447e+00
    4.15025949e-02 -4.12003994e-01 -4.84890163e-01 1.21784997e+00
    9.91417825e-01 -2.66311884e-01 1.21905541e+00 1.37395716e+00
    1.91008508e-01 3.63773704e-02 -2.11569488e-01 5.69191217e-01
    1.37016177e+00 4.67860639e-01 -1.59650743e-01 6.84474707e-01
    7.13909328e-01 1.52762163e+00 1.59040928e-01 5.85795641e-02
    4.81408894e-01 1.50787735e+00 1.40190780e-01 5.74233532e-01
    1.39442420e+00 1.12402034e+00 3.83282065e-01 1.38450098e+00
    1.07000065e+00 -2.69609243e-01 -1.54081166e-01 -3.62900883e-01
    1.03702497e+00 -3.67441267e-01 -7.14493573e-01 1.12568927e+00
    -5.32263398e-01 8.95477116e-01 1.50457096e+00 -1.56222939e-01
    -5.68200350e-01 1.53905499e+00 -4.98893380e-01 -5.50359786e-01
    7.33755827e-01 1.26060009e+00 -6.68798566e-01 -2.11858928e-01
    9.12627220e-01 5.45849800e-01 2.23437607e-01 1.11753643e+00
    1.07855141e+00 -3.73972654e-01 1.58879602e+00 -3.73262167e-03
    2.83709228e-01 -6.71789825e-01 1.61846042e-01 8.47159684e-01
    1.36760795e+00 5.17842174e-01 1.10502076e+00 -7.28087723e-01
    8.39497387e-01 5.70874095e-01 7.84790397e-01 1.03384256e+00
    1.04768920e+00 -3.47082019e-02 -2.69927770e-01 -1.98269486e-01
    8.75651836e-04 1.43565667e+00 1.50463939e+00 5.90643525e-01
    -3.31292152e-01 -3.42402935e-01 6.13484323e-01 6.95811331e-01
    -1.97681367e-01 1.45231640e+00 -7.50183582e-01 1.44231653e+00
    1.58457386e+00 1.76508951e+00 3.76394331e-01 7.16832936e-01
    1.68661046e+00 -3.09300423e-01 7.64740169e-01 6.49867535e-01
    -5.41107059e-02 -3.33705693e-01 1.18672311e+00 1.44686043e+00
    -7.11745799e-01 8.39625776e-01 4.06971395e-01 1.11645055e+00
    -6.79293275e-01 -8.15057755e-02 -3.37958336e-04 -2.50462115e-01
    1.34628510e+00 1.60976839e+00 -3.38542342e-01 1.10535693e+00
    1.17103767e+00 6.48194849e-01 -1.40927434e-02 7.46304810e-01
    -1.60376668e-01 1.10831916e-01 -5.92149138e-01 1.06623816e+00
    1.31327617e+00 7.50406802e-01 7.73675442e-01 -4.07898426e-02
    1.30702400e+00 -3.98697734e-01 4.79527891e-01 -5.24568796e-01
    -3.73913944e-01 1.60181379e+00 4.65024769e-01 -9.96325612e-02
    1.82909518e-01 1.16973615e+00 7.00619578e-01 1.46414447e+00
    5.03976107e-01 1.18199301e+00 3.58491242e-01 5.15789568e-01
    4.75467861e-01 -4.35598850e-01 1.51835132e+00 1.20713639e+00
    6.08562112e-01 6.48497820e-01 9.04624999e-01 6.41557038e-01
    1.03410423e+00 -4.51121300e-01 -4.68655497e-01 6.01320148e-01
    3.60268950e-01 1.66764736e+00 1.59929037e-01 3.36733162e-01
    1.39199233e+00 3.78731906e-01 1.30544400e+00 1.42512405e+00
    5.41708648e-01 -1.36516571e-01 -4.66165394e-01 1.22370410e+00
    -3.54846507e-01 1.47987008e-02 -6.80215955e-01 1.57403374e+00
    -6.54037356e-01 7.71712363e-01 1.91480398e-01 -5.61749935e-03
    5.38325727e-01 9.71045017e-01 1.28702092e+00 1.58719230e+00
    1.34270215e+00 1.28315711e+00 1.20140016e+00 1.07157803e+00
    1.03327799e+00 3.46802592e-01 -5.32304168e-01 1.47039008e+00
    -6.32639766e-01 1.16504073e+00 1.06390464e+00 -5.83006024e-01
    2.75687873e-01 5.90073586e-01 5.42562783e-01 1.73739791e-01
    1.42495108e+00 -5.51890075e-01 1.05547583e+00 6.48215950e-01
    3.87201965e-01 1.33325028e+00 9.67484951e-01 -1.25446677e-01
    -6.47644937e-01 1.00612354e+00 -8.67909193e-02 -5.74559450e-01
    6.16695881e-02 7.55570889e-01 1.23013258e-02 -2.71751553e-01
    1.73085427e+00 4.30291116e-01 -6.17703140e-01 6.40105486e-01
    -4.72194314e-01 -2.94806659e-01 5.68152070e-01 -1.05072260e-01
    1.34388661e+00 -2.54672348e-01 -4.58903790e-01 2.97637939e-01
    -3.64717692e-01 1.73341370e+00 2.45988309e-01 -4.77364480e-01
    1.50826955e+00 9.56781685e-01 -7.66193092e-01 1.24706841e+00
    7.46861160e-01 2.10909843e-01 1.03080046e+00 5.32254875e-01
    3.91854763e-01 1.66657424e+00 3.51049840e-01 8.41521442e-01
    1.21845067e-01 4.70430911e-01 4.66179073e-01 1.32458448e+00
    4.99476314e-01 1.60086250e+00 3.62025976e-01 9.36520159e-01
    4.71593261e-01 1.56706047e+00 -1.51421666e-01 3.26951265e-01
    4.24308002e-01 1.46743226e+00 8.60752881e-01 1.08526027e+00
    1.42667782e+00 1.11081004e-01 -5.70007563e-02 1.57616603e+00
    5.35985112e-01 6.01921618e-01 3.79095197e-01 8.25380266e-01
    7.36807585e-02 1.60995245e+00 7.74542868e-01 5.30371308e-01
    1.27426386e+00 7.33079731e-01 -6.45330846e-01 9.17147338e-01
    2.19041884e-01 -3.81098866e-01 5.10923982e-01 1.27273619e+00
    1.02795243e+00 2.03597546e-03 1.06581879e+00 1.15944159e+00
    1.55315280e+00 8.56076777e-01 1.64774954e+00 2.54188180e-02
    1.33633554e+00 -6.38664782e-01 -5.74100614e-01 -3.44979078e-01
    6.65466785e-02 1.29519808e+00 4.26117182e-02 9.18494582e-01
    -1.63510442e-02 6.43356681e-01 1.50531387e+00 2.22231388e-01
    -5.13555586e-01 5.35887122e-01 1.71675706e+00 -5.30768633e-02
    7.21139371e-01 1.34953046e+00 1.69122398e-01 -1.01346612e-01
    8.56897116e-01 8.03665757e-01 1.72034800e+00 1.59264708e+00
    -6.67673528e-01 3.12524498e-01 1.75030017e+00 -6.71495199e-01
    9.94020104e-02 3.48007798e-01 2.27909029e-01 1.36506844e+00
    1.16572714e+00 -5.32750487e-01 -5.56247771e-01 1.06809938e+00
    -6.64979041e-01 -2.18169212e-01 1.59045923e+00 9.66813624e-01
    1.27980542e+00 1.04899693e+00 2.09752977e-01 1.27232623e+00
    -4.71590847e-01 1.55036330e+00 6.47508502e-01 6.88105524e-01
    -6.74136758e-01 4.28819060e-01 4.13390517e-01 -4.90119517e-01
    7.65466213e-01 -3.78185540e-01 1.10538125e-01 5.07577896e-01
    -6.77850783e-01 4.23585415e-01 -4.61301267e-01 6.71208560e-01
    -1.48385167e-02 -1.59748912e-01 4.01681840e-01 1.34110522e+00
    1.22969985e-01 -3.94010037e-01 5.65516114e-01 1.29127264e+00
    -1.09422863e-01 -1.06532514e-01 2.55394697e-01 4.33711112e-01
    -4.51920927e-01 9.57508326e-01 1.10203040e+00 5.28433204e-01
    8.62735510e-01 -2.56892145e-01 1.57698309e+00 8.88892889e-01
    8.20074022e-01 1.04427814e+00 8.47682238e-01 4.22979236e-01
    6.87822223e-01 6.84006155e-01 -7.45574594e-01 1.14420557e+00
    5.11783838e-01 1.46933341e+00 6.89044595e-02 9.32434499e-01
    5.70455670e-01 4.96827841e-01 2.91314065e-01 -2.83524752e-01
    2.73983300e-01 -5.24695516e-01 1.00832236e+00 1.09059823e+00
    7.87718117e-01 -3.44138950e-01 1.43243706e+00 1.15958619e+00
    6.04587615e-01 6.67829096e-01 1.05275142e+00 9.18888450e-02
    8.99960697e-02 1.28961897e+00 2.46449947e-01 -6.60074949e-01
    1.54558516e+00 1.30624294e+00 9.99338865e-01 -3.99714112e-02
    1.53830206e+00 7.12197959e-01 1.20360243e+00 -3.97950619e-01
    -3.52581620e-01 -7.21886575e-01 1.21205831e+00 -1.47259772e-01
    -6.00298703e-01 8.41006994e-01 5.48887372e-01 1.82000458e-01
    1.51041925e+00 -2.27635086e-01 -4.07903582e-01 -5.66349447e-01
    3.49043250e-01 8.80418777e-01 1.27567351e+00 -3.04465234e-01
    5.84121704e-01 4.57150817e-01 4.74993467e-01 1.55203223e+00
    4.66324568e-01 1.24354815e+00 6.42173409e-01 1.31731367e+00
    -1.56943858e-01 7.06162989e-01 2.24503875e-02 1.61509967e+00
    9.72196460e-01 1.36119986e+00 -8.66799355e-02 4.03332055e-01
    -2.71297276e-01 9.57755864e-01 1.52047110e+00 -5.31077087e-01
    -3.10124815e-01 3.63794029e-01 7.38437772e-01 7.14349151e-01
    5.00844777e-01 4.21357810e-01 1.32317960e-01 1.84266591e+00
    1.88901424e-01 3.83165419e-01 -2.21999884e-02 -3.06675255e-01
    -1.44611061e-01 -1.74661100e-01 1.13492668e+00 1.11735976e+00
    -2.20511794e-01 9.70162988e-01 1.55958152e+00 1.60277188e+00
    1.53321075e+00 -4.98490214e-01 1.70158327e+00 1.05721807e+00
    1.00700164e+00 1.94322586e-01 5.67869067e-01 1.67992067e+00
    9.38573122e-01 -6.30738854e-01 1.45703673e+00 6.74205601e-01
    -5.07096648e-01 1.14920390e+00 -7.09188759e-01 1.36380959e+00
    1.35031796e+00 -7.62034237e-01 1.26832700e+00 6.42568171e-01
    3.42453241e-01 -4.73348767e-01 -1.14099681e-01 2.01180041e-01
    1.03586388e+00 1.13868701e+00 2.72457600e-01 -7.95891941e-01
    1.35492170e+00 8.62536132e-01 1.52573884e-01 1.13724136e+00
    9.32934701e-01 -4.89267319e-01 1.00427914e+00 6.01434708e-01
    9.10261393e-01 1.67222047e+00 1.54221058e-01 1.18623722e+00
    -7.59062767e-02 3.20475340e-01 5.19935668e-01 2.93845356e-01
    8.09504092e-01 2.95449615e-01 4.13873732e-01 3.99423182e-01
    -1.47672236e-01 -4.19143468e-01 7.53695965e-02 4.67211545e-01
    3.82539749e-01 1.06483030e+00 -5.01425266e-02 3.24988723e-01
    -6.32618070e-01 1.24157965e+00 -1.87204957e-01 -1.98505670e-01
    6.17675245e-01 6.50464892e-01 1.33505642e-01 8.28535676e-01
    8.60617459e-01 1.64066565e+00 -2.45239198e-01 1.29976964e+00
    1.40241551e+00 1.89516485e-01 -6.24475718e-01 1.02410078e+00
    -6.75763011e-01 1.21268845e+00 8.03197742e-01 -3.57983440e-01
    -4.16099101e-01 -3.06297243e-01 -6.00389302e-01 -6.92526102e-02
    1.24132776e+00 7.48087406e-01 -5.19266903e-01 9.37807500e-01
    1.20436478e+00 -6.46486282e-01 8.60124469e-01 -3.77578318e-01
    1.30838799e+00 -5.52700400e-01 1.29896975e+00 5.69383979e-01
    7.45022297e-02 1.58553720e-02 -4.93467808e-01 1.53514040e+00
    1.10353017e+00 -5.73846698e-01 1.17114675e+00 9.20408368e-01
    1.26695347e+00 -1.36200249e-01 -2.79657125e-01 -7.98428059e-02
    5.83143234e-02 -5.29179454e-01 -6.87537968e-01 1.49763870e+00
    -2.02310681e-01 1.36809587e+00 7.13580489e-01 1.46588326e-01
    1.06624496e+00 -3.14328253e-01 1.46304142e+00 -5.37527502e-01
    1.18748522e+00 1.24178147e+00 -5.86167455e-01 1.30158091e+00
    8.59798849e-01 4.20737982e-01 4.43441033e-01 -2.70010471e-01
    3.68139267e-01 -6.46383047e-01 3.11561227e-02 1.03636575e+00
    7.36697376e-01 9.11513746e-01 1.44154310e-01 3.79682124e-01
    1.46505475e+00 1.65998936e-04 2.14279056e-01 1.29259670e+00
    1.26851416e+00 7.31521606e-01 1.69378805e+00 -1.95558041e-01
    1.03148997e-01 1.71456671e+00 9.29245651e-01 1.52298141e+00
    -2.51597166e-01 -8.44691992e-02 1.28463078e+00 2.04367876e-01
    1.60646331e+00 3.89490724e-02 -3.35370600e-01 1.49660993e+00
    1.69991243e+00 1.32172775e+00 -5.95250010e-01 7.30887055e-01
    -6.71916783e-01 9.57522154e-01 1.51473379e+00 5.64644575e-01
    -7.45108128e-01 7.79153168e-01 -7.43529797e-01 5.18501759e-01
    9.89057004e-01 4.49816704e-01 -6.36458397e-01 -9.14888978e-02
    -9.16755795e-02 2.75524914e-01 1.10387564e+00 1.34092784e+00
    4.27727163e-01 5.29339969e-01 2.38841772e-03 -3.60794276e-01
    1.21074080e+00 -4.61243004e-01 7.32328355e-01 -7.23560214e-01
    8.36908162e-01 1.05800056e+00 5.02771914e-01 8.87296975e-01
    -3.97969007e-01 1.14100432e+00 7.32083619e-01 1.94657063e+00
    1.19659543e+00 -3.37479115e-02 1.00970399e+00 4.86395419e-01
    5.34727573e-02 -2.96727270e-01 3.82728279e-01 -4.13291097e-01
    -5.79702258e-01 1.52668238e+00 3.54913652e-01 -4.55435872e-01
    1.71525109e+00 -6.55865729e-01 1.53714025e+00 1.71063805e+00
    -1.49891376e-02 4.45110738e-01 1.58872306e-01 2.79843211e-02
    -5.36747634e-01 1.14251399e+00 1.33534229e+00 7.75259852e-01
    4.02530432e-01 9.85193849e-01 6.48370266e-01 1.60137343e+00
    2.72481322e-01 4.63754117e-01 4.82140183e-01 -4.79261041e-01
    -3.08942795e-02 -6.24158442e-01 -3.16114068e-01 -4.25236493e-01
    3.82957995e-01 1.47929013e+00 7.53752172e-01 -3.35672617e-01
    1.21272361e+00 7.19926536e-01 -7.08055615e-01 1.48582745e+00
    -1.61087573e-01 1.34948230e+00 -7.13402152e-01 -3.96986723e-01
    1.56601465e+00 -1.89490139e-01 3.90301347e-02 -4.58402157e-01
    -3.90679836e-02 7.40900040e-01 6.25292361e-01 -5.22484601e-01
    -2.62935758e-01 7.21564233e-01 -6.07199848e-01 -5.82473874e-02
    1.11907268e+00 3.34077477e-02 1.54919815e+00 1.35352254e+00
    1.09788299e+00 1.61993027e+00 -6.84336483e-01 -6.82918429e-02
    -2.19099402e-01 1.01980233e+00 1.37874126e+00 -1.81685746e-01
    9.36774492e-01 -2.34841019e-01 -4.09417093e-01 4.04111922e-01
    -3.31425667e-02 1.29137540e+00 1.29357910e+00 1.41901267e+00
    9.77738261e-01 -5.07415354e-01 -5.55147469e-01 1.62218988e+00
    2.17196465e-01 1.49354768e+00 1.60423672e+00 1.00957394e-01
    8.52375090e-01 -4.95891035e-01 6.86329484e-01 -6.73417687e-01
    1.18909979e+00 1.18076050e+00 1.29912019e-01 1.69006848e+00
    6.67518139e-01 1.43267274e+00 -1.46303773e-01 -4.34104651e-01
    2.80574083e-01 7.43202984e-01 -3.51811528e-01 1.40506589e+00
    3.62550199e-01 6.91324472e-01 -4.59000707e-01 1.08751035e+00
    -1.26341283e-01 -6.29625082e-01 -1.30792797e-01 8.20130885e-01
    7.30083108e-01 6.19116485e-01 6.17068172e-01 8.36742282e-01
    -4.01407093e-01 -1.22957230e-02 -3.35302740e-01 -5.76232135e-01
    1.70648634e-01 7.84679890e-01 8.65643203e-01 1.43676615e+00
    4.65395272e-01 1.10863674e+00 6.41197681e-01 1.21759200e+00
    -3.83930057e-01 1.25568211e-01 7.97097683e-02 -1.49360478e-01
    -4.37100649e-01 2.28031754e-01 4.88759398e-01 1.03614807e+00
    1.51468253e+00 1.16465640e+00 2.22058594e-01 6.66824937e-01
    1.51408553e+00 1.82065189e-01 4.74148154e-01 5.61216414e-01
    4.53822553e-01 1.03623021e+00 -8.15847218e-01 1.24849880e+00
    9.79947925e-01 5.56283295e-01 1.74716532e-01 5.41105092e-01
    -4.05362487e-01 1.29119110e+00 7.53038704e-01 -1.65640026e-01
    -1.39745921e-01 4.89853740e-01 7.96040058e-01 1.54253793e+00
    2.41218388e-01 1.13823199e+00 -5.34430146e-02 1.42580271e+00
    6.08301520e-01 3.17059517e-01 -4.07387942e-01 4.98890162e-01
    1.38870931e+00 1.32295883e+00 1.77295947e+00 -4.31353360e-01
    1.67687333e+00 -1.07759058e-01 7.73355067e-01 1.35893250e+00
    1.67298985e+00 -5.39620638e-01 1.47711968e+00 -5.78867316e-01
    1.42701817e+00 -4.75122482e-01 7.06332445e-01 -3.07510078e-01
    1.38497961e+00 2.65195668e-01 2.74512768e-02 8.72399390e-01
    -7.41740286e-01 1.49538803e+00 1.19073153e+00 -1.59201503e-01
    9.53026474e-01 2.91799545e-01 1.50804448e+00 3.06725442e-01
    7.41214633e-01 3.22300017e-01 1.71428752e+00 9.49376523e-01
    1.08443391e+00 1.63357806e+00 -6.79470778e-01 8.67329240e-02
    1.82806849e-01 -1.66158140e-01 5.98749518e-02 -8.46849680e-02
    1.05937552e+00 1.41089916e+00 7.41688013e-02 -5.66818833e-01
    3.58801544e-01 7.18173504e-01 -3.53614151e-01 1.77641749e-01
    -2.76749074e-01 2.56630659e-01 1.08340192e+00 1.70814395e+00
    -4.94906187e-01 1.03141379e+00 6.36520684e-01 1.08601296e+00
    -2.26684093e-01 1.36837268e+00 7.37621188e-01 8.45548451e-01
    7.29271770e-02 2.28230476e-01 5.02428055e-01 7.19493628e-01
    1.41360033e+00 1.45371246e+00 1.47216237e+00 2.65094638e-01
    -2.55468547e-01 9.00985956e-01 6.49127424e-01 4.35961783e-01
    6.09558284e-01 5.89817166e-01 -7.87675977e-02 1.59532881e+00
    -1.28343999e-01 1.39571846e-01 1.40009570e+00 1.45026541e+00
    3.02483082e-01 1.59897876e+00 1.44815648e+00 -5.75563788e-01
    1.39855051e+00 2.59299994e-01 -4.78865683e-01 1.82335889e+00
    6.63189292e-02 -4.41516817e-01 1.32137966e+00 1.43257260e+00
    1.35189342e+00 5.87562323e-01 -4.27724659e-01 1.09801006e+00
    -3.77978683e-01 1.83390498e-01 -4.02702868e-01 1.51477766e+00
    6.98487937e-01 -5.06269336e-01 -5.42293310e-01 1.23094583e+00
    3.97081971e-01 1.59250641e+00 6.55836999e-01 1.65173721e+00
    1.06753993e+00 1.83806598e-01 1.16492367e+00 1.31491828e+00
    1.02849543e+00 -1.13695562e-01 1.21271276e+00 8.98068309e-01
    -2.55209029e-01 -5.66619039e-01 9.24517095e-01 1.44820476e+00
    -5.57025492e-01 9.93596137e-01 6.13240540e-01 1.09671617e+00
    6.48012459e-01 4.07009065e-01 -7.62163997e-02 1.37296557e-01
    -4.47633564e-01 -5.59454679e-01 8.16168368e-01 1.01694596e+00
    3.90842497e-01 -4.38358217e-01 2.95713365e-01 1.54381514e+00
    -6.79552495e-01 1.72198939e+00 1.52485728e+00 4.79059160e-01
    -2.94199258e-01 5.92802227e-01 1.18559957e-01 2.72304177e-01
    1.11735106e+00 4.91057396e-01 6.99863970e-01 -5.07349372e-01
    9.15297151e-01 6.43712044e-01 -1.72270536e-02 -3.39816153e-01
    -4.04644728e-01 -6.09821916e-01 5.82255661e-01 6.66014910e-01
    1.40950727e+00 -2.34814942e-01 4.45152581e-01 -6.52297139e-02
    1.55417395e+00 8.18221092e-01 -3.17322195e-01 1.40081596e+00
    -1.12387598e-01 -3.46960425e-02 2.31610000e-01 3.17089677e-01
    3.40179443e-01 1.41473925e+00 7.27562904e-01 6.12223268e-01
    4.04915869e-01 7.25760341e-01 1.22278023e+00 9.18163061e-02
    -3.01160514e-01 1.25364935e+00 1.01415610e+00 7.07570910e-01
    1.60134649e+00 4.86287475e-01 8.11879694e-01 2.11849511e-01
    -2.21810460e-01 -3.43605042e-01 -4.46604997e-01 -5.16153574e-01
    1.57123065e+00 4.57691252e-01 9.62344587e-01 1.06038630e+00
    4.85521078e-01 -3.95282745e-01 -4.92535233e-01 6.06697559e-01
    5.83752990e-02 1.06174600e+00 6.96840346e-01 9.15208757e-01
    3.24448347e-01 8.12191308e-01 3.97681057e-01 1.27035356e+00
    -4.69554901e-01 -3.95256460e-01 1.63740969e+00 9.50932086e-01
    1.47927701e+00 1.60412788e-01 2.79015958e-01 9.53208387e-01
    9.28817332e-01 4.85822558e-02 5.47908008e-01 -2.85216570e-02
    2.65650630e-01 -1.74628496e-02 1.81116271e+00 1.76545799e-01
    1.06874251e+00 1.00653768e+00 3.79988372e-01 -5.77654541e-01
    -1.27652884e-01 -4.42046493e-01 1.67275238e+00 1.36177707e+00
    1.60721445e+00 1.19352233e+00 -7.93127000e-01 6.50556087e-01
    -2.78153658e-01 1.33524334e+00 1.28718817e+00 9.73533928e-01
    1.09093738e+00 -5.27284682e-01 1.43009746e+00 1.68737352e+00
    -1.76261455e-01 9.46333230e-01 -1.16163224e-01 -2.53747463e-01
    -5.35545707e-01 4.41897094e-01 1.55832887e-01 1.20875740e+00
    2.77692616e-01 1.06338942e+00 8.32309723e-01 1.13567567e+00
    -3.68753731e-01 7.60388076e-01 -5.58794081e-01 3.15948546e-01
    1.04447412e+00 1.35105515e+00 -6.80131614e-01 1.49671376e-01
    7.88741112e-02 7.34887898e-01 6.74531639e-01 1.10559785e+00
    -1.33846879e-01 9.72244859e-01 6.82500482e-01 -6.70488417e-01
    8.12932849e-02 1.29626179e+00 -1.83250487e-01 -4.39486533e-01
    1.36286521e+00 1.43342602e+00 6.34027839e-01 -1.64661467e-01
    1.63895965e+00 -4.33285266e-01 8.17265511e-01 -1.44506574e-01
    8.77464890e-01 1.33648181e+00 7.82582045e-01 6.60124362e-01
    -7.24281132e-01 -6.83849454e-02 -6.81429625e-01 1.11161530e+00
    -5.77386975e-01 8.79979730e-01 1.15963006e+00 1.46457529e+00
    1.31369805e+00 1.70135331e+00 -3.82310092e-01 1.27074385e+00
    6.38280749e-01 -1.81143224e-01 -1.42977297e-01 2.69122720e-02
    -4.12169814e-01 1.70858443e-01 -1.64400041e-01 -1.46875918e-01
    1.15455389e+00 -4.38485324e-01 7.73679495e-01 -2.90606409e-01
    3.45459700e-01 2.79967129e-01 -7.11495876e-02 1.40215850e+00
    1.49454987e+00 8.64288211e-01 1.24942589e+00 9.88078296e-01
    -5.54295599e-01 1.19218457e+00 2.51346767e-01 1.52775717e+00
    4.75652277e-01 7.36260056e-01 1.45080733e+00 1.56162679e+00
    -3.07732046e-01 1.41648602e+00 4.55435038e-01 8.82596374e-02
    5.70020854e-01 2.30765343e-03 1.05601692e+00 1.21120310e+00
    -1.77990496e-01 3.95423353e-01 2.22957790e-01 -5.05594730e-01
    2.83377051e-01 4.05357838e-01 2.03553617e-01 9.72199380e-01
    -1.84902728e-01 8.72800767e-01 1.13390040e+00 9.03936446e-01
    1.66039538e+00 1.78596985e+00 -3.88308734e-01 -4.44093883e-01
    8.19937348e-01 8.95589113e-01 2.84213662e-01 1.18166625e-01
    1.21914244e+00 1.33199418e+00 6.22659922e-03 -6.69262290e-01
    5.06397188e-01 6.91052616e-01 2.07094550e-01 2.72467434e-01
    2.44492292e-02 -4.69914943e-01 1.49369705e+00 -7.72753656e-01
    9.02605593e-01 6.79879487e-01 -4.93100673e-01 8.04904699e-01
    -3.54985595e-02 -4.45132703e-01 1.50413775e+00 -6.40103459e-01
    6.19300127e-01 1.15305209e+00 3.51928234e-01 7.24136293e-01
    1.27079010e+00 1.13471913e+00 4.29712951e-01 -6.52001619e-01
    7.12481678e-01 3.76016915e-01 -6.18618906e-01 -1.94604874e-01
    -2.08405197e-01 4.92347836e-01 1.91982806e-01 4.76349592e-01
    7.00449169e-01 1.57431567e+00 1.13154936e+00 3.98233235e-01
    -1.79384291e-01 7.16916382e-01 6.29072487e-01 1.31756330e+00
    1.46716309e+00 -7.24069655e-01 8.92777562e-01 -5.36138654e-01
    6.33436203e-01 1.02423930e+00 1.54181671e+00 1.39792943e+00
    1.42457426e+00 6.51354969e-01 1.00794601e+00 1.34705114e+00
    6.99652076e-01 -3.92778754e-01 7.83941448e-01 6.04300320e-01
    -3.63275826e-01 -2.06538171e-01 -4.30683136e-01 1.56573057e+00
    -6.61460400e-01 3.44790220e-02 -6.34324372e-01 9.02331769e-01
    3.52005899e-01 -1.03039026e-01 1.01948023e+00 -7.49614000e-01
    1.02551746e+00 1.47605276e+00 -8.72470856e-01 1.51678669e+00
    5.78092337e-01 1.60248351e+00 -3.77550602e-01 -6.31852806e-01
    1.87312782e-01 3.26541185e-01 5.30949831e-02 1.67445028e+00
    -6.87827289e-01 1.00424576e+00 5.61901927e-01 -6.98775291e-01
    -3.73187989e-01 -3.01827461e-01 1.50674069e+00 9.33801413e-01
    1.49946523e+00 5.68199754e-02 7.81892598e-01 -5.87395191e-01
    9.91981328e-01 -2.54035383e-01 9.17595387e-01 6.88815176e-01
    1.33873081e+00 1.58404732e+00 5.52918553e-01 1.55755329e+00
    -6.07654452e-02 1.61988008e+00 -6.68176770e-01 1.17774498e+00
    4.68651772e-01 1.69737506e+00 -4.05862004e-01 9.88921762e-01
    1.73307753e+00 -3.08278650e-01 -4.26207691e-01 7.08573639e-01
    2.58388340e-01 -6.48998737e-01 5.99049628e-01 1.68995595e+00
    -6.47346973e-01 -4.96432811e-01 1.42311049e+00 1.59810185e-02
    -5.27225196e-01 -1.72852308e-01 2.21917093e-01 1.44117999e+00
    -1.12231374e-01 4.86541390e-02 -4.99591887e-01 -4.71879721e-01
    1.27802610e+00 -2.59698868e-01 -1.46313906e-01 1.33949089e+00
    4.63268876e-01 1.56220686e+00 1.38190317e+00 -7.77612448e-01
    2.15464950e-01 -7.71456957e-03 1.95250273e-01 1.17657399e+00
    1.43599153e-01 -3.48511785e-01 7.13074088e-01 3.41870189e-01
    1.08563268e+00 5.50157070e-01 5.52856743e-01 -3.36083859e-01
    4.65078771e-01 1.36433434e+00 -1.13554835e-01 -4.89543349e-01
    1.10277057e+00 1.68766928e+00 -2.56343484e-02 -1.89625323e-01
    -2.19546109e-01 -6.50510550e-01 5.79597235e-01 1.90804362e-01
    1.69796491e+00 -3.36746514e-01 1.49375939e+00 -4.43725586e-02
    1.16509640e+00 1.51623082e+00 -3.02647829e-01 -7.02649832e-01
    1.22022295e+00 -4.60076541e-01 8.39455783e-01 1.13542914e+00
    7.42115080e-01 6.40568495e-01 9.65279579e-01 -4.16225076e-01
    -3.05430204e-01 -8.59834552e-02 1.02443194e+00 1.60526466e+00
    5.42292416e-01 1.57661963e+00 -7.94046640e-01 -1.02745235e-01
    1.38165569e+00 1.27166700e+00 7.44044781e-01 -1.04071319e-01
    2.20059514e-01 -5.66191316e-01 -5.22156358e-02 1.48672795e+00
    1.59440899e+00 1.80104017e-01 -2.13113964e-01 -2.86886513e-01
    2.66784310e-01 -3.45397055e-01 1.08677602e+00 7.13217020e-01
    9.84280765e-01 -4.37232256e-01 1.11751139e-01 8.69913757e-01
    1.87608659e-01 6.05501533e-02 -1.99138820e-01 1.42832851e+00
    -5.40630937e-01 7.17660606e-01 7.50076413e-01 1.10429263e+00
    -7.45274067e-01 -4.30354834e-01 8.85330439e-01 2.21038699e-01
    5.75338304e-01 4.76553619e-01 7.06614494e-01 -2.57722735e-01
    -6.51083112e-01 1.50207031e+00 9.72859025e-01 -2.16088057e-01
    2.04841137e-01 -1.57575190e-01 8.96391809e-01 -6.64716899e-01
    1.06113398e+00 5.72493374e-01 -5.80888748e-01 -4.18017805e-01
    -2.53570914e-01 1.67223525e+00 1.34673035e+00 1.46264553e+00
    6.33131564e-01 -2.95397639e-02 -6.06480539e-01 7.38518119e-01
    1.83889568e-01 1.34142685e+00 9.20679867e-01 7.38843799e-01
    1.69756019e+00 3.67009223e-01 4.65349436e-01 1.55896330e+00
    -2.08547950e-01 -1.14119053e-03 1.01665282e+00 -1.83870435e-01
    4.61702406e-01 1.10987604e+00 1.17927039e+00 1.08148277e-01
    -3.35035861e-01 -6.31754041e-01 -1.99508876e-01 1.08239126e+00
    1.39126837e+00 1.39176214e+00 1.50754356e+00 1.24138451e+00
    4.12248969e-01 9.67267215e-01 2.26509154e-01 -2.80160695e-01
    -2.91736126e-01 1.03940284e+00 7.54534662e-01 -7.26567328e-01
    -2.50390232e-01 1.12343228e+00 1.65385246e-01 -1.65006161e-01
    8.34042013e-01 8.14650416e-01 -3.83644134e-01 1.16564298e+00
    1.58844352e-01 1.51521420e+00 1.20299911e+00 9.48547125e-01
    -1.80696160e-01 6.96831167e-01 -4.85857129e-02 1.19195580e+00
    7.52666652e-01 6.76947117e-01 5.42323887e-01 1.71061158e-02
    1.70514524e-01 -5.78880310e-04 6.62864745e-01 1.52155471e+00
    1.32658720e-01 8.71545017e-01 4.27264214e-01 1.55225897e+00
    -1.43692434e-01 8.24410617e-01 -5.70438921e-01 -6.85495377e-01
    1.03857422e+00 8.84251177e-01 -1.25277460e-01 8.38673890e-01
    1.50181508e+00 1.55555463e+00 1.49035788e+00 5.00098050e-01
    -1.10158622e-01 1.05429268e+00 9.75704432e-01 -4.70710218e-01
    1.51871407e+00 1.74902201e+00 3.90415072e-01 6.06047869e-01
    1.76826596e-01 1.40801573e+00 -5.15117109e-01 5.31993628e-01
    7.25843310e-02 1.07388484e+00 7.03403294e-01 5.63868523e-01
    1.03020549e+00 1.04486084e+00 -2.09734499e-01 1.03342271e+00
    -4.41972435e-01 1.73510504e+00 8.73531461e-01 1.69885409e+00
    4.11766708e-01 -3.31909925e-01 1.42316985e+00 1.44300485e+00
    1.28463626e+00 5.19762218e-01 1.52545977e+00 2.58573532e-01
    -6.92286074e-01 1.53218555e+00 1.08013165e+00 8.94452155e-01
    -6.62499607e-01 1.08257818e+00 -1.84265018e-01 2.23819315e-01
    3.31315935e-01 -3.39737535e-02 -1.97274864e-01 2.66644359e-01
    4.34068799e-01 1.10477614e+00 -4.20565844e-01 1.39734209e+00
    -5.49775183e-01 1.40588999e+00 -2.99633384e-01 -2.07864285e-01
    3.86599422e-01 4.81227934e-01 -1.78023279e-01 9.64164019e-01
    -3.37931663e-01 -9.97687578e-02 5.10950565e-01 1.10345936e+00
    1.21916926e+00 -3.54536057e-01 5.19025922e-01 -1.74878418e-01
    1.11993372e-01 3.90392542e-02 3.75245214e-02 6.78680122e-01
    5.24520874e-01 9.52634871e-01 7.66992033e-01 -4.86130148e-01
    3.55378985e-01 5.92114031e-01 5.01627862e-01 1.44736910e+00
    9.38299716e-01 4.78600085e-01 5.93320787e-01 1.45724392e+00
    -9.74774361e-03 5.93340576e-01 1.43158913e+00 9.67766166e-01
    -4.32739258e-02 -4.25495923e-01 -3.04157734e-01 3.15082788e-01
    1.73311257e+00 5.43037236e-01 1.04192543e+00 -6.01788819e-01
    4.21401441e-01 6.92532659e-01 -3.29248756e-01 -3.17829579e-01
    1.44493186e+00 4.13004279e-01 -1.37769639e-01 5.07336974e-01
    1.55480087e-01 1.20524931e+00 -2.48229176e-01 3.45396399e-02
    1.17933559e+00 7.83542335e-01 -3.84375930e-01 4.18156505e-01
    1.21833539e+00 -4.51269805e-01 5.73907912e-01 9.57381606e-01
    1.71436000e+00 1.67755222e+00 6.61137700e-02 4.45752740e-01
    3.90379786e-01 -2.62616754e-01 -1.07451558e-01 1.46487570e+00
    1.58560610e+00 6.35779083e-01 6.77496672e-01 3.60243917e-02
    1.11401582e+00 9.30158496e-01 8.18012714e-01 1.38670802e+00
    1.26657140e+00 -4.79166508e-01 1.13049150e+00 9.19301808e-01
    2.03187108e-01 -9.62018371e-02 1.23373270e+00 7.10111022e-01
    -1.84019268e-01 -5.44040978e-01 -1.36406958e-01 1.58229995e+00
    -1.68415636e-01 1.50991976e-01 9.64505017e-01 8.77557039e-01
    1.41692424e+00 1.38876557e+00 -1.78299606e-01 1.42687392e+00
    1.37154412e+00 5.58216274e-01 -6.38082027e-02 1.19318128e+00
    -4.89920974e-01 1.59072208e+00 6.78481281e-01 9.17098284e-01
    1.35121953e+00 -5.07054567e-01 3.22935104e-01 9.64067280e-01
    6.83569133e-01 6.97657645e-01 -5.54305911e-01 5.21981359e-01
    1.20548689e+00 8.02184522e-01 1.32019043e+00 2.67509997e-01
    -1.63972318e-01 8.43988836e-01 8.01402330e-01 1.29603016e+00
    1.00948334e+00 4.33024526e-01 -4.84647989e-01 1.81729162e+00
    1.36020815e+00 -5.77886522e-01 -6.01071358e-01 1.16628587e+00
    1.42833948e+00 9.80782032e-01 5.26818395e-01 9.65534687e-01
    1.70244300e+00 5.68952441e-01 1.40610182e+00 4.30564880e-02
    5.51734984e-01 8.83860707e-01 1.40543532e+00 -4.53847289e-01
    1.68508077e+00 -3.39214563e-01 3.82813215e-02 1.24712634e+00
    -5.43280602e-01 1.24718714e+00 7.92635858e-01 1.10418022e+00
    1.41209650e+00 1.78113317e+00 1.28909159e+00 1.07766509e-01
    6.62597895e-01 1.67924106e-01 1.61251473e+00 2.14496195e-01
    9.21890736e-02 4.39121008e-01 1.40097558e-01 1.27375436e+00
    1.46950078e+00 3.50323260e-01 5.55421233e-01 1.70662284e+00
    1.09457541e+00 4.20333087e-01 1.08769107e+00 3.62517059e-01
    1.51314592e+00 -6.55741453e-01 1.60122657e+00 1.58699632e-01
    -6.83371007e-01 1.39805639e+00 6.95629358e-01 8.30746531e-01
    -5.51598072e-01 7.43627548e-03 9.45593774e-01 1.47103667e-02
    -4.08320576e-01 -2.18241811e-02 2.67908514e-01 -2.35505909e-01
    1.07841384e+00 -2.53693819e-01 1.85783267e-01 1.32699025e+00
    -4.21314150e-01 4.96832013e-01 7.74490595e-01 9.19863462e-01
    8.86839032e-02 -5.55520236e-01 8.30826759e-01 8.32994521e-01
    1.40296292e+00 -5.05059958e-01 -2.06757665e-01 6.11438572e-01
    2.85315037e-01 6.92823648e-01 -6.58808053e-01 2.29018211e-01
    4.65520024e-01 7.87841916e-01 1.00535774e+00 -5.02189338e-01
    5.99915981e-02 8.56762469e-01 -5.43997288e-02 -7.32288301e-01
    1.34672928e+00 1.40460348e+00 -2.35507548e-01 1.93983734e-01
    1.30369163e+00 1.27687764e+00 -4.17257547e-01 1.08609307e+00
    -1.87790394e-02 4.08756495e-01 7.30226278e-01 -8.29577446e-04
    1.35220945e-01 8.29075694e-01 -2.08113551e-01 -3.38792801e-04
    -2.14623690e-01 5.42261183e-01 1.32972240e+00 -1.79777503e-01
    7.88181007e-01 1.13147140e-01 1.28739417e+00 7.00426996e-01
    6.88153386e-01 1.54528737e+00 1.95753515e-01 6.21780276e-01
    5.38250446e-01 1.29354143e+00 -6.61215305e-01 4.55297530e-01
    1.45901883e+00 2.80888438e-01 1.11358356e+00 -7.08540142e-01
    1.03490055e+00 1.18589067e+00 3.13916743e-01 -4.51626867e-01
    2.51434684e-01 1.57338858e+00 9.38873291e-01 1.86568797e-01
    6.18044555e-01 1.22019076e+00 1.19355714e+00 5.24433315e-01
    1.72372985e+00 1.40774953e+00 1.04808712e+00 1.60401642e+00
    1.61932063e+00 1.79175138e-02 1.19521213e+00 1.10569215e+00
    1.23160350e+00 6.64994717e-01 5.51204085e-02 1.17324269e+00
    2.92027473e-01 1.10952306e+00 -1.86269164e-01 8.96056175e-01
    7.64687300e-01 -4.37185705e-01 2.56540895e-01 8.77162576e-01
    9.77324247e-02 5.10535777e-01 2.39212036e-01 5.69211543e-01
    -9.82438326e-02 -4.10454214e-01 2.00621068e-01 -1.61093235e-01
    7.15827942e-02 6.14513636e-01 1.02178645e+00 1.08464324e+00
    -2.64631093e-01 1.23153567e+00 -1.02379262e-01 -1.32371843e-01
    -1.00744426e-01 1.77174544e+00 5.32507420e-01 6.71876729e-01
    4.10169065e-01 8.12353611e-01 -1.18675113e-01 7.96077907e-01
    -1.75138950e-01 6.33275211e-01 5.53654909e-01 9.52221155e-02
    7.84909487e-01 -2.55055577e-01 7.09360719e-01 -5.80550551e-01
    -2.69026846e-01 8.53853822e-01 -6.86816752e-01 1.63203621e+00
    1.52782822e+00 -3.16686541e-01 1.44370258e+00 6.82248056e-01
    1.27000093e+00 6.98123097e-01 2.86248803e-01 -7.17644274e-01
    8.49405527e-02 3.37425768e-01 1.60248888e+00 -5.15444279e-01
    1.36750937e-02 4.41587269e-01 1.14643335e-01 1.53354371e+00
    4.09635127e-01 -7.11406648e-01 1.31927991e+00 -5.69295168e-01
    4.56201434e-01 1.37307930e+00 -5.07216692e-01 1.15267861e+00
    -5.16496778e-01 1.43049622e+00 1.45128787e+00 -3.30951571e-01
    1.27282119e+00 9.41225588e-01 1.62723005e+00 -5.86289227e-01
    -1.74793541e-01 9.62667584e-01 8.41932058e-01 9.56119180e-01
    -4.81180787e-01 -2.16335326e-01 7.61038065e-01 -6.24935806e-01
    7.44684577e-01 1.48393857e+00 4.71151769e-01 4.20397758e-01
    -9.06261206e-02 7.45365083e-01 6.33039832e-01 8.69208574e-01
    1.02643502e+00 -6.66743934e-01 1.59983897e+00 1.09651506e-01
    2.53535271e-01 1.20409179e+00 -4.99358386e-01 1.64894676e+00
    6.24283135e-01 7.58513391e-01 -3.37143779e-01 1.64098346e+00
    6.17490768e-01 6.38325989e-01 -1.39703453e-01 1.18355751e-01
    1.34024382e+00 -6.23520911e-01 -5.45168281e-01 9.08370972e-01
    -5.55813789e-01 -7.51277387e-01 1.19341326e+00 -5.30291855e-01
    -5.94097614e-01 6.35647476e-01 -4.98620868e-01 1.73986530e+00
    4.39114928e-01 -2.69299805e-01 1.17170620e+00 1.05567169e+00
    -5.87835670e-01 9.81166363e-01 8.44123006e-01 3.04519176e-01
    1.20559764e+00 2.96503544e-01 -2.66926706e-01 1.69505572e+00
    -3.74363244e-01 -1.12797558e-01 6.52603269e-01 7.36117363e-03
    5.90077043e-02 1.30655706e+00 -6.71334565e-01 -4.09988165e-02
    1.16780257e+00 5.35738707e-01 -1.47207737e-01 -4.96939659e-01
    8.98741424e-01 -2.09430277e-01 1.02608180e+00 5.38416326e-01
    1.06871486e-01 -1.40283227e-01 7.59950101e-01 1.41262150e+00
    3.39633405e-01 4.09270763e-01 -5.75582087e-01 8.43709350e-01
    -2.39858866e-01 1.25216341e+00 3.64130855e-01 2.71161854e-01
    -1.10132694e-01 8.22314084e-01 -4.53512937e-01 1.50723422e+00
    1.39149988e+00 1.72497082e+00 6.35582626e-01 1.43473291e+00
    -4.49757725e-01 1.44358385e+00 1.07696474e-01 8.16099584e-01
    1.55812836e+00 -3.04160237e-01 1.13161778e+00 -1.79772317e-01
    -5.19521236e-02 1.59043765e+00 5.72989702e-01 1.69489861e-01
    1.27902198e+00 9.87005115e-01 6.96184754e-01 3.74982953e-01
    1.75325811e-01 1.11954272e+00 1.62325811e+00 1.92759812e-01
    4.72689986e-01 -4.96686518e-01 4.02125001e-01 5.11596024e-01
    -4.41807747e-01 9.83793736e-01 4.81428146e-01 1.40069032e+00
    -6.28103614e-02 -2.53350079e-01 1.62258184e+00 8.73478234e-01
    1.35578179e+00 2.42130399e-01 1.02702188e+00 8.77151191e-01
    1.43707561e+00 8.24205101e-01 3.19786847e-01 6.60362124e-01
    5.19631028e-01 3.94582033e-01 -1.77410990e-01 1.11912560e+00
    -6.51958346e-01 -2.15391755e-01 1.18751431e+00 7.80518949e-01
    1.31885552e+00 -3.02856505e-01 2.28942037e-01 -1.93256378e-01
    -5.33021092e-02 5.45921624e-01 3.32937539e-01 -6.39451981e-01
    1.25830114e+00 1.39316392e+00 1.21186090e+00 6.17630899e-01
    1.88272893e-01 9.61356878e-01 -3.68006021e-01 3.82470489e-02
    1.20428324e+00 -5.22724271e-01 3.51850033e-01 1.09563065e+00
    1.54284406e+00 -5.93697429e-02 -1.52561963e-01 -2.73592472e-02
    1.38041043e+00 4.13948536e-01 -6.63253009e-01 -4.72930998e-01
    -1.97094679e-02 -2.34169185e-01 9.82939541e-01 -2.98149228e-01
    -1.17424726e-01 -1.41529202e-01 -5.27597070e-01 4.29277062e-01
    4.12789762e-01 1.33976376e+00 1.32886839e+00 6.85567677e-01
    -4.24346268e-01 6.49889112e-01 3.61528456e-01 4.58162427e-01
    1.54504013e+00 9.78393734e-01 1.31222343e+00 7.61710525e-01
    -6.16347671e-01 1.23729289e-01 1.36011386e+00 6.12669647e-01
    1.71680260e+00 -5.58539987e-01 1.52076399e+00 3.83878887e-01
    2.18632579e-01 1.10268056e+00 1.37677240e+00 1.27801597e+00
    1.56269193e-01 -3.50511968e-01 2.75330365e-01 2.84712553e-01
    -9.15479064e-02 9.73457098e-03 1.80655777e-01 1.16514921e+00
    8.94997716e-01 6.34662747e-01 1.24515939e+00 -1.99415505e-01
    1.57648575e+00 1.05068445e+00 5.81696153e-01 4.88825679e-01
    3.30535889e-01 -2.04488933e-01 9.77166951e-01 -2.24190176e-01
    -4.92734849e-01 -1.32069886e-01 1.49432933e+00 3.09660554e-01
    1.51573896e-01 -4.96327698e-01 -7.15758920e-01 -2.60977924e-01
    1.33115709e+00 8.04355681e-01 -5.21838069e-01 1.30439520e+00
    -4.89665449e-01 1.58710384e+00 -3.39574635e-01 1.66440535e+00
    8.47422481e-02 1.50794494e+00 1.26890874e+00 -8.78114104e-02
    1.11201334e+00 -5.14051914e-01 8.65077734e-01 6.46101654e-01
    2.06182897e-01 -2.83997089e-01 1.31790686e+00 3.34458351e-01
    -4.72267121e-01 1.27494931e-02 -4.75438833e-02 -5.84098279e-01
    3.48586977e-01 9.98957276e-01 1.23196363e+00 -5.59862852e-01
    9.15700257e-01 1.75116801e+00 -7.12619364e-01 3.82673204e-01
    1.72319365e+00 5.81309199e-02 -1.94350660e-01 1.04862368e+00
    -3.77490282e-01 1.12588346e+00 9.76410747e-01 -4.78083491e-02
    -3.98397446e-04 1.24782276e+00 -3.63879681e-01 3.18390548e-01
    -7.14976013e-01 8.30162227e-01 -7.11870968e-01 1.33705974e+00
    -5.32343268e-01 1.36789477e+00 1.07187128e+00 2.78441370e-01
    4.52899933e-02 2.08594918e-01 1.22463763e+00 -5.88098586e-01
    6.74744308e-01 3.30974519e-01 1.25593162e+00 -3.29062492e-01
    8.84328365e-01 1.28414726e+00 -3.30815226e-01 -3.30775380e-02
    1.31398392e+00 -3.25544566e-01 1.54836416e+00 1.33806658e+00
    8.21337044e-01 -1.94147944e-01 6.83871508e-02 3.41384411e-02
    2.02392817e+00 4.18650270e-01 1.16454649e+00 -6.11502707e-01
    1.82727492e+00 -6.38456404e-01 5.88756442e-01 -3.79747599e-01
    1.69613075e+00 4.53794718e-01 -4.46554214e-01 1.68016791e+00
    1.09275413e+00 -2.34175384e-01 1.18302763e-01 -4.69853461e-01
    -4.16129053e-01 6.81806505e-01 9.42268193e-01 1.30532289e+00
    -2.29543120e-01 -2.56883770e-01 7.64951050e-01 -2.28560001e-01
    6.09062552e-01 -6.10640168e-01 -2.12799311e-02 -2.66182005e-01
    9.74693775e-01 6.39133394e-01 3.52317691e-01 1.05854976e+00
    1.22665739e+00 1.29927540e+00 -5.30326843e-01 1.00403118e+00
    8.50637496e-01 -1.49578810e-01 1.11396670e+00 1.10947728e+00
    -4.95372236e-01 9.57102358e-01 1.25403833e+00 -6.26924753e-01
    -4.70414847e-01 1.45369887e+00 -4.55518782e-01 -3.75887752e-01
    9.04932022e-01 6.77488208e-01 2.90877163e-01 6.47680104e-01
    2.65898645e-01 -7.60892034e-01 1.50103199e+00 1.42762971e+00
    3.64235878e-01 2.55757034e-01 -5.37484765e-01 1.37535191e+00
    -2.03189254e-02 3.51859927e-02 2.96204209e-01 -1.73152387e-01
    1.01714706e+00 3.84560287e-01 -2.20955610e-02 1.01736546e+00
    1.60532832e-01 4.03893888e-01 1.37998271e+00 1.50901091e+00
    9.04291093e-01 1.17476737e+00 1.05127418e+00 1.19762909e+00
    9.08450067e-01 9.52431738e-01 8.76388848e-01 -6.03803694e-01
    7.11342216e-01 2.08545327e-01 9.22097802e-01 8.67217541e-01
    3.47686410e-02 -2.94304967e-01 -5.98219037e-01 1.41017485e+00
    6.16586089e-01 9.74084139e-02 6.78637147e-01 5.41967392e-01
    1.02378273e+00 -1.26881659e-01 4.72372115e-01 3.55477095e-01
    1.39028144e+00 1.47742343e+00 1.20030355e+00 6.49909675e-01
    -1.79408193e-02 -4.05660987e-01 6.02814078e-01 -1.12141728e-01
    8.05863917e-01 1.14984488e+00 1.33456707e+00 1.11286747e+00
    7.38252401e-02 1.17960691e+00 -5.26108265e-01 4.94226158e-01
    7.14436769e-01 1.46052623e+00 8.97058606e-01 6.87921822e-01
    -5.88082731e-01 -4.29282308e-01 -2.39691138e-02 -4.28676426e-01
    1.40770650e+00 1.47491062e+00 -6.91912174e-02 1.23902416e+00
    1.49469781e+00 1.42740130e+00 -6.86083376e-01 8.94458115e-01
    6.67791307e-01 -3.79083365e-01 -1.67226851e-01 7.56447554e-01
    -2.62740314e-01 -1.78401649e-01 -2.80481517e-01 4.78577733e-01
    1.06845188e+00 -6.08507395e-02 1.11058688e+00 1.11122787e+00
    -6.82718456e-01 1.50332224e+00 2.49183476e-01 7.78382421e-01
    1.47845984e+00 -1.71546102e-01 8.23056519e-01 -6.77032650e-01
    1.24888885e+00 -9.29331183e-02 1.96336329e-01 1.18371165e+00
    1.44479203e+00 -6.13755465e-01 1.26252317e+00 4.32437718e-01
    2.95866132e-01 1.71942174e+00 -4.05750126e-01 1.71726155e+00
    1.61281681e+00 -5.53316474e-01 -1.43017471e-01 -5.43291688e-01
    1.63590431e+00 6.81175292e-01 1.01103878e+00 8.67770553e-01
    -2.84176767e-01 4.83344197e-01 1.41202784e+00 6.56914473e-01
    6.03889227e-01 -2.29003608e-01 1.00260448e+00 1.53623843e+00
    1.73681974e+00 -8.11663866e-02 7.31718600e-01 -5.74620306e-01
    1.64714754e-01 -1.95066333e-02 1.00561881e+00 -3.82529378e-01
    1.57232618e+00 -2.25550830e-01 5.56640565e-01 1.35626853e-01
    9.87651765e-01 1.55786157e+00 1.41208577e+00 1.33986890e-01
    1.06396854e-01 2.24235296e-01 -5.07424176e-01 -1.35875881e-01
    7.38227963e-02 1.70529199e+00 -7.49664903e-02 1.38503766e+00
    5.51761389e-01 9.93277192e-01 3.15467954e-01 7.39334226e-01
    -3.88974547e-01 6.24660850e-02 -3.82293582e-01 -1.11834407e-01
    8.22434008e-01 6.05555654e-01 -7.00482607e-01 -3.39630753e-01
    9.43611145e-01 -1.19109690e-01 4.49671865e-01 -1.79756403e-01
    8.37495029e-01 3.17234159e-01 5.39701521e-01 1.68721271e+00
    -4.93539929e-01 6.31503820e-01 9.64513123e-01 7.10190892e-01
    -5.18264294e-01 8.62133086e-01 -3.68363857e-02 1.11801445e+00
    1.58341384e+00 3.84571731e-01 -3.25343430e-01 5.19304276e-01
    6.62646830e-01 8.32875729e-01 -5.76188266e-01 9.82620895e-01
    8.90885770e-01 5.54511487e-01 1.37911546e+00 1.33744097e+00
    -4.10428047e-02 4.04433131e-01 1.09029531e+00 1.90761387e-01
    1.44793713e+00 1.51247406e+00 1.00936866e+00 1.20110452e+00
    8.44629407e-01 1.55383527e+00 1.02440941e+00 1.05307412e+00
    -1.78080738e-01 -2.29320228e-01 1.34589076e+00 1.63484442e+00
    2.00394094e-01 -3.96978259e-02 3.19311857e-01 -4.77280021e-01
    3.49937737e-01 1.02919888e+00 4.01425362e-01 -3.84050012e-02
    4.99666929e-01 -2.61718243e-01 8.62987995e-01 3.07066381e-01
    -7.01661885e-01 1.29954290e+00 1.03493476e+00 -4.25254256e-01
    8.88906479e-01 1.20968699e-01 5.21831572e-01 -6.44422770e-01
    6.40416682e-01 -7.81634450e-02 1.34689856e+00 5.66958308e-01
    2.87002444e-01 1.03144360e+00 9.38426971e-01 1.44675446e+00
    -5.92432022e-02 1.31570899e+00 4.05665636e-02 -3.29967558e-01
    1.02903771e+00 -1.20427847e-01 2.37327218e-02 1.62680459e+00
    -5.52195013e-01 6.75130785e-01 1.47434878e+00 8.81813407e-01
    1.52079558e+00 1.50424266e+00 3.02798033e-01 -1.86145902e-02
    1.08681417e+00 -4.70480621e-01 -1.76114410e-01 4.25116062e-01
    1.54483724e+00 1.44849634e+00 8.24013531e-01 1.48420811e+00
    6.93670094e-01 9.65905130e-01 7.64767587e-01 7.23050773e-01
    1.60856545e-01 1.15699387e+00 1.08303618e+00 5.82762182e-01
    -4.99478608e-01 5.33718824e-01 5.22321284e-01 1.33866668e+00
    4.19349730e-01 1.60543656e+00 2.10804999e-01 3.48260999e-02
    9.99733806e-01 5.51577032e-01 -5.51458359e-01 -3.38579267e-01
    4.91760910e-01 -5.58438897e-02 -7.61779070e-01 5.28100252e-01
    3.03536594e-01 6.87558711e-01 -3.60788345e-01 3.18837762e-01
    1.33305645e+00 1.23662925e+00 1.28494120e+00 -3.65225226e-01
    -6.53372467e-01 -4.09515917e-01 9.86749709e-01 1.20548677e+00
    -2.44528234e-01 -9.57847238e-02 -5.30173182e-01 4.62303638e-01
    1.33313632e+00 6.46299362e-01 5.54460824e-01 -3.40093017e-01
    3.23588192e-01 8.70925605e-01 1.18279457e-01 1.61245644e-01
    1.71341586e+00 9.62701499e-01 6.32041872e-01 1.32943726e+00
    -1.04650199e-01 3.34455729e-01 1.15387619e-01 1.27823293e+00
    8.12152803e-01 1.09062791e-02 2.94288814e-01 1.32010293e+00
    -7.25142121e-01 3.54960442e-01 1.36085010e+00 1.00826991e+00
    5.36655307e-01 -2.95325965e-01 3.97190988e-01 1.02483022e+00
    8.52942824e-01 7.69048572e-01 -5.77399969e-01 -4.15557027e-02
    1.57095075e+00 1.08856559e-01 2.36879468e-01 1.50353312e-01
    1.06799042e+00 1.54158568e+00 1.22174525e+00 -9.73141193e-03
    5.18704355e-01 4.94487703e-01 4.13758814e-01 7.21765637e-01
    4.64705050e-01 -3.55166703e-01 4.77020442e-01 -1.41154230e-01
    1.58758581e+00 -6.15671575e-01 -4.53421384e-01 6.91709042e-01
    1.27803302e+00 1.70093036e+00 -7.53913701e-01 1.51221716e+00
    1.64943457e+00 -3.53114754e-01 4.73537564e-01 1.41602325e+00
    4.99791145e-01 -4.54016447e-01 2.35738814e-01 1.06603265e+00
    -6.02706373e-01 -1.17569745e-01 -1.81593239e-01 1.57523525e+00
    -4.29163724e-01 1.49434388e+00 -3.87136668e-01 1.50930715e+00
    1.41104364e+00 5.47493279e-01 1.44243836e-02 5.86100936e-01
    5.57675064e-01 1.07178366e+00 1.47596776e+00 1.04432106e+00
    9.23702478e-01 3.95259142e-01 -2.93792605e-01 1.05977893e+00
    -1.69367552e-01 1.54933786e+00 -5.24064422e-01 1.09709716e+00
    -6.31597519e-01 8.66741180e-01 1.36134958e+00 9.65706587e-01
    1.61264133e+00 -3.99715900e-02 4.20766711e-01 -2.86345124e-01
    9.64387894e-01 5.07546961e-01 6.95205331e-01 -6.04388177e-01
    4.55630541e-01 7.40390480e-01 -3.53934377e-01 6.02556586e-01
    4.68878984e-01 8.44190717e-02 -3.36181879e-01 1.43788064e+00
    -5.81163645e-01 1.28757417e-01 3.41415465e-01 1.47893488e+00
    3.41413498e-01 2.23549604e-01 5.21264374e-01 7.85900056e-01
    1.62193608e+00 -3.55852455e-01 1.70839381e+00 1.41699409e+00
    -4.42122549e-01 9.50406611e-01 -6.55097365e-01 1.48023272e+00
    -5.12318254e-01 1.44106114e+00 1.27844226e+00 -4.87152725e-01
    1.25647366e-01 -3.53892624e-01 6.06720924e-01 -4.53344673e-01
    1.08787191e+00 -4.48422313e-01 4.32970524e-01 -7.29996502e-01
    1.60404527e+00 1.32830441e+00 6.92634940e-01 6.53615296e-01
    1.66020465e+00 1.27195477e+00 -6.98451757e-01 5.01894355e-02
    6.30197763e-01 1.40541494e-01 1.39494312e+00 -1.89365447e-01
    -2.96190828e-01 -3.74652982e-01 -4.54997391e-01 5.50897717e-01
    -6.77890360e-01 1.44275773e+00 9.25397158e-01 2.39350259e-01
    -7.52704859e-01 -7.54749417e-01 4.25100327e-02 1.17242479e+00
    -2.17575550e-01 1.10106933e+00 5.95918357e-01 1.73911393e+00
    -7.73290992e-02 1.84642649e+00 -5.86609840e-01 8.25172365e-01
    -1.56332821e-01 4.54901576e-01 1.00057185e-01 1.74901605e+00
    -6.45168900e-01 8.08075368e-01 3.06339085e-01 -1.74171925e-01
    4.20551419e-01 7.85091996e-01 -3.60354185e-02 8.55866969e-01
    -5.52520812e-01 1.22282004e+00 -5.51939309e-01 1.23257041e+00
    9.95011330e-02 6.37500405e-01 2.11484849e-01 6.06310368e-02
    2.73862660e-01 -4.29423332e-01 7.08116472e-01 9.02557254e-01
    1.15168071e+00 1.05202484e+00 5.01784384e-01 6.97955310e-01
    1.60251474e+00 -2.92300701e-01 7.19209850e-01 3.79629135e-01
    -3.15070629e-01 1.33719242e+00 -6.92840815e-01 1.22225952e+00
    6.25187695e-01 3.12104642e-01 1.23294258e+00 8.57457101e-01
    -2.68398374e-01 1.66082501e+00 7.78420568e-01 -2.68207967e-01
    -4.21467751e-01 -4.63517576e-01 -5.33364177e-01 1.42066360e+00
    1.56477678e+00 3.69103253e-01 -4.31646317e-01 -2.62019217e-01
    4.17953014e-01 1.52773929e+00 1.17165661e+00 -6.61931038e-02
    8.20718050e-01 1.48066461e-01 4.22735929e-01 1.44799006e+00
    -6.57719970e-02 -2.41530895e-01 1.75517797e-02 1.01179171e+00
    1.00550258e+00 7.03043938e-01 1.05152297e+00 1.08435369e+00
    1.20640814e-01 1.26122582e+00 4.18756902e-01 9.93032455e-01
    4.60753560e-01 1.77781403e-01 1.57203817e+00 -6.61337078e-01
    -6.30765200e-01 -5.02878308e-01 -4.84828413e-01 7.75311053e-01
    9.21734154e-01 1.50550842e-01 -7.01798499e-01 1.54126513e+00
    7.49365866e-01 1.31583619e+00 -4.26941603e-01 8.08004141e-01
    1.43599331e+00 -3.34631324e-01 1.24230802e-01 1.08647597e+00
    7.31682599e-01 7.22393811e-01 1.05291462e+00 5.89331746e-01
    -2.19660342e-01 6.48260117e-01 1.46308601e+00 8.78804326e-01
    1.45046878e+00 2.49985576e-01 3.75500500e-01 8.09022009e-01
    1.47531176e+00 -2.64465809e-02 3.73474360e-01 1.30295384e+00
    1.15926719e+00 -5.74876606e-01 6.90576136e-01 9.65503454e-02
    -6.20527983e-01 1.12668228e+00 1.31498599e+00 1.32886600e+00
    1.64431942e+00 1.61910117e+00 4.15414214e-01 5.28386891e-01
    -5.28169394e-01 1.23499608e+00 -3.90541732e-01 -4.48795110e-01
    1.16745687e+00 -5.05759716e-02 1.56083584e+00 8.72139692e-01
    3.80403996e-01 1.30839348e+00 2.70530641e-01 1.66112351e+00
    6.89265668e-01 1.50738060e-01 8.00511837e-02 8.60634208e-01
    4.61013019e-01 2.15485573e-01 1.58202434e+00 1.00701094e-01
    -7.84164071e-01 -2.85191178e-01 -7.91246533e-01 1.43971038e+00
    8.92737031e-01 -4.79579270e-01 6.61451817e-02 1.21418047e+00
    1.32356286e-02 9.47146416e-01 -5.62385857e-01 5.85560858e-01
    1.59922457e+00 7.96465635e-01 1.02095699e+00 1.08008087e-01
    -4.56076294e-01 1.80885065e+00 8.25058043e-01 3.49775493e-01
    -5.46444893e-01 -7.04760432e-01 4.90713656e-01 1.40613842e+00
    1.44119346e+00 6.23859882e-01 -4.24289346e-01 3.65622103e-01
    9.03231621e-01 1.59568977e+00 1.50547767e+00 -8.19692254e-01
    1.58533859e+00 1.60074329e+00 3.53768349e-01 1.54950321e-01
    1.07038212e+00 1.18006897e+00 1.39127076e-01 -3.44289392e-01
    -2.19264686e-01 1.45982814e+00 1.73464060e-01 1.32083368e+00
    1.30444002e+00 4.43330467e-01 1.70414448e-01 2.71938980e-01
    1.75272512e+00 7.63500094e-01 1.42237711e+00 1.32757235e+00
    -2.01793373e-01 1.29847980e+00 9.50796843e-01 1.07871056e+00
    8.11820030e-01 8.74710679e-01 -6.56579137e-01 -1.85959786e-01
    1.71626341e+00 2.35028505e-01 4.19680834e-01 6.78947270e-01
    -2.88806379e-01 1.06967676e+00 1.48539543e-01 -1.97197795e-01
    -3.93379122e-01 1.15796185e+00 1.76833010e+00 1.26501346e+00
    -4.94028509e-01 6.83924437e-01 6.61955655e-01 -3.86398494e-01
    4.33731079e-02 1.20120585e+00 2.63927639e-01 -1.06198788e-01
    -2.57521659e-01 6.59900010e-01 1.69461799e+00 3.60324085e-01
    9.60586250e-01 -5.00123501e-01 -2.53227383e-01 1.32596672e-01
    1.31991601e+00 -2.98664153e-01 1.19986546e+00 -1.05879307e-01
    1.34052324e+00 -5.65816045e-01 1.05095434e+00 -5.75736344e-01
    -2.82832026e-01 9.90887821e-01 7.50600040e-01 1.20039511e+00
    1.56846213e+00 5.47895133e-01 6.34080946e-01 8.28477025e-01
    -5.39062738e-01 1.20868707e+00 -5.87919235e-01 9.19607103e-01
    1.08021009e+00 5.32254338e-01 3.75669718e-01 1.21755433e+00
    1.49485314e+00 1.59441948e+00 1.15700889e+00 -2.53452301e-01
    1.46584547e+00 -5.05625963e-01 2.76462853e-01 -5.33517599e-01
    1.41852927e+00 1.44178498e+00 6.88701272e-02 1.46446943e+00
    -5.48737407e-01 1.23469353e+00 1.58806598e+00 1.55252719e+00
    9.07181263e-01 5.57191730e-01 -3.94062161e-01 1.22305226e+00
    9.20685947e-01 -4.43441272e-02 2.53725529e-01 2.30607390e-02
    7.44287372e-02 1.09376216e+00 4.77649629e-01 -4.10845160e-01
    4.89991426e-01 -5.66262245e-01 8.60439241e-01 1.41171122e+00
    -8.00578594e-02 -4.95496333e-01 1.53584003e+00 3.02069187e-02
    1.43815327e+00 -3.19599509e-02 1.12945306e+00 1.21754813e+00
    -4.31092381e-01 -8.30784500e-01 1.58828199e+00 1.76810086e-01
    -6.88639522e-01 5.48736215e-01 2.10014403e-01 -1.11602843e-01
    3.98972988e-01 1.58977652e+00 1.49640083e+00 1.44577670e+00
    -3.88712466e-01 -7.94623971e-01 -5.67206144e-02 1.01849794e-01
    -4.37416136e-01 8.45863879e-01 1.46824169e+00 1.52644062e+00
    8.32164943e-01 2.68222809e-01 -5.20799756e-02 1.37919486e-01
    1.16031635e+00 1.33059287e+00 9.48519349e-01 8.64551902e-01
    3.11034679e-01 1.68440294e+00 -4.96710896e-01 -6.12949073e-01
    5.95363379e-02 1.14309645e+00 1.16084540e+00 -1.93132281e-01
    -4.95750993e-01 1.33217943e+00 1.04365802e+00 7.63220489e-01
    -4.96638089e-01 -6.73425794e-01 1.37339675e+00 1.66776264e+00
    1.54591799e+00 1.46866083e+00 2.34240413e-01 6.70602858e-01
    1.45759988e+00 -6.06507063e-01 4.12390411e-01 2.15368748e-01
    1.31027985e+00 8.06107521e-02 9.63225007e-01 2.08146453e-01
    8.59449625e-01 9.06686664e-01 1.08121228e+00 7.26059556e-01
    2.68601537e-01 1.65459096e-01 1.85823083e-01 -7.26282060e-01
    4.30425465e-01 8.81936491e-01 1.98735595e-02 3.81907940e-01
    -4.11176741e-01 1.15016532e+00 1.43893981e+00 1.57549119e+00
    -2.07815766e-02 1.27788615e+00 -1.23908520e-02 9.59433198e-01
    -1.01968646e-02 2.40636647e-01 -5.80837667e-01 5.39153874e-01
    -7.61608422e-01 3.46968770e-02 1.53668106e-01 6.26004696e-01
    1.51042581e+00 3.72635126e-02 1.47279263e+00 4.84992325e-01
    1.51130724e+00 1.37682152e+00 2.00068355e-02 4.94166315e-01
    -6.19088590e-01 2.94743180e-02 5.69764674e-01 3.61942291e-01
    7.24709451e-01 -3.68748486e-01 8.02950442e-01 1.70883965e+00
    2.31634617e-01 9.60422277e-01 1.14369154e+00 1.32843173e+00
    1.49703753e+00 1.43785691e+00 4.29771721e-01 -9.72309709e-02
    1.34435856e+00 -1.79893434e-01 4.30410147e-01 1.51256299e+00
    5.02015650e-01 4.36179698e-01 -4.83993083e-01 2.48708725e-02
    -3.67729217e-01 -4.31186825e-01 3.06103587e-01 -3.11573505e-01
    1.71179068e+00 -2.71414787e-01 -1.06744587e-01 1.37794018e-02
    7.92560637e-01 1.23162937e+00 -1.25198781e-01 5.21940291e-01
    7.75002778e-01 7.04932213e-01 1.49287558e+00 -4.48620200e-01
    8.10766757e-01 -4.06691730e-01 1.26068449e+00 8.05762827e-01
    1.49115145e-01 9.60416675e-01 3.30838919e-01 2.82918811e-01
    1.51584196e+00 -2.82556415e-02 7.04657197e-01 3.16635966e-01
    6.91589296e-01 -2.00629234e-01 1.27928138e+00 4.88538384e-01
    -7.35948324e-01 1.54806137e-01 1.48762083e+00 -2.35345423e-01
    3.20501864e-01 8.99116993e-02 -4.86690819e-01 1.32938600e+00
    2.12097585e-01 2.12611556e-02 1.46175110e+00 -6.93214417e-01
    1.04930139e+00 1.08378220e+00 1.30013490e+00 -5.43552101e-01
    -8.30633044e-02 -1.83780640e-01 8.84334445e-01 1.42129493e+00
    1.16567302e+00 1.21649230e+00 1.55712414e+00 4.93746996e-03
    1.42806768e+00 -4.42426175e-01 4.75043058e-01 -5.70488989e-01
    2.56069303e-02 8.16251636e-01 8.30003083e-01 -1.03800774e-01
    9.55919027e-02 -2.78933853e-01 6.29257679e-01 -1.62863433e-01
    1.29106808e+00 1.42188311e+00 6.18819177e-01 1.22883534e+00
    -1.41888320e-01 6.09900951e-02 2.82736838e-01 3.44336629e-02
    1.04152226e+00 -5.41954637e-01 1.33958316e+00 1.44604802e+00
    1.13220358e+00 9.80779111e-01 2.06594706e-01 1.12902868e+00
    -1.56594932e-01 2.71916151e-01 7.58803487e-01 8.23808312e-02
    6.06984675e-01 -6.17679536e-01 7.74135113e-01 9.56398547e-01
    1.47472227e+00 7.16037393e-01 9.99798715e-01 1.42574561e+00
    9.12414193e-01 2.52970517e-01 1.06639981e+00 1.10124707e+00
    5.94621778e-01 6.52376235e-01 1.12426460e-01 6.49281263e-01
    1.66867375e-01 4.94537652e-01 1.09577894e+00 3.16421330e-01
    3.39300632e-01 9.55765307e-01 6.83479190e-01 2.46118546e-01
    7.14518189e-01 1.38122296e+00 -2.02080667e-01 1.43156123e+00
    1.56629813e+00 -5.81889212e-01 5.50522387e-01 -1.65233612e-02
    8.91252041e-01 1.42926145e+00 1.51594639e+00 5.01480103e-02
    -2.57549614e-01 1.54918981e+00 4.33535695e-01 4.78248954e-01
    1.48878932e+00 5.44458449e-01 1.61460400e+00 5.66625118e-01
    -2.47871637e-01 9.89939451e-01 1.15754151e+00 -1.72932029e-01
    1.20172787e+00 1.32533824e+00 1.17544830e-01 7.73575068e-01
    1.62697697e+00 -4.03898239e-01 1.47343302e+00 1.22782469e+00
    1.35309839e+00 -6.01169467e-02 -1.79310679e-01 1.45023096e+00
    6.72388434e-01 1.38812280e+00 -7.88359404e-01 1.15024543e+00
    6.01793468e-01 1.06095052e+00 1.48029220e+00 1.21396482e+00
    1.13568997e+00 5.94577551e-01 1.51694679e+00 1.45340681e-01
    3.90673757e-01 3.78268957e-02 4.87368405e-01 1.09168577e+00
    1.32906091e+00 1.13923430e-01 1.25778425e+00 1.19781637e+00
    -4.43472266e-01 1.12881303e+00 1.26785994e-01 4.84419584e-01
    1.52751136e+00 -5.75816870e-01 1.43602991e+00 1.42501593e+00
    -9.35643911e-02 1.64022994e+00 1.13261402e-01 1.20668352e-01
    1.02454126e-01 1.12135506e+00 1.47824264e+00 -2.39651620e-01
    -5.21290720e-01 8.96781206e-01 -6.75749779e-03 3.60729158e-01
    -6.03692293e-01 1.49750829e+00 6.03597820e-01 1.42082381e+00
    -2.98453361e-01 -3.28440577e-01 8.87345254e-01 9.23306346e-01
    -3.50026995e-01 5.33319235e-01 -5.29874802e-01 -3.72175276e-01
    9.25724566e-01 -6.27333820e-01 8.39292467e-01 1.16931796e+00
    -6.63764596e-01 6.00008130e-01 6.23729885e-01 1.60297441e+00
    4.20941234e-01 3.72642875e-02 -7.23895431e-01 1.59492731e+00
    2.68168151e-01 -4.61247593e-01 1.61127651e+00 -5.10230899e-01
    1.75199330e-01 1.41826558e+00 1.45852065e+00 -5.51953197e-01
    1.38614321e+00 -3.01450968e-01 -6.66027367e-01 -3.47360045e-01
    -6.76656604e-01 7.52357006e-01 1.29257858e+00 -3.02795291e-01
    -4.35954303e-01 -3.98263842e-01 1.21997857e+00 1.42364478e+00
    -4.91994917e-01 8.30672979e-01 -1.76249117e-01 4.40756023e-01
    4.70228851e-01 1.16797042e+00 8.25883687e-01 -6.33220673e-01
    7.08433807e-01 -5.71904361e-01 1.07516193e+00 -9.69552398e-02
    1.10490942e+00 1.68046939e+00 -2.23016560e-01 8.11442256e-01
    2.13000774e-01 1.67156518e+00 1.42618477e-01 4.70134258e-01
    1.07530117e+00 1.18910027e+00 -5.61997414e-01 2.68585145e-01
    6.13311172e-01 1.78727496e+00 -1.92756623e-01 -1.19204283e-01
    2.57010341e-01 6.42688096e-01 6.27152503e-01 -2.36964136e-01
    4.17475045e-01 9.25657928e-01 3.15363407e-01 1.03391290e+00
    5.63585341e-01 1.37813926e+00 2.18180597e-01 4.44847345e-02
    1.37017047e+00 -7.40689158e-01 1.26384568e+00 -7.04132736e-01
    6.81181312e-01 7.74495721e-01 1.16978097e+00 1.55695391e+00
    1.23596334e+00 1.26688409e+00 1.03954494e-01 -6.58128858e-02
    -3.92614007e-02 9.32482958e-01 1.59591365e+00 7.91238546e-01
    1.17826390e+00 1.07031560e+00 6.58306181e-01 6.49716854e-01
    1.64462209e-01 2.36714303e-01 -6.88094854e-01 -1.66228950e-01
    4.43738401e-01 7.02216029e-01 1.00566840e+00 2.81670690e-01
    3.32534969e-01 -4.08314496e-01 1.21868539e+00 -2.04859972e-02
    1.05848134e-01 1.63949704e+00 -2.58485168e-01 1.52172446e-02
    4.46251750e-01 1.41049337e+00 3.54468346e-01 1.40100467e+00
    2.98544168e-01 -1.29834533e-01 1.11880469e+00 -4.50142920e-01
    -6.02374077e-02 -1.41128987e-01 7.48832822e-02 1.60828567e+00
    1.71343994e+00 -4.52386677e-01 1.57294619e+00 9.00968909e-01
    6.12796903e-01 -5.56356430e-01 1.62768722e+00 -6.02237642e-01
    -6.61743522e-01 1.74247324e+00 5.53034723e-01 4.82619941e-01
    3.12459528e-01 1.29280508e-01 1.10699248e+00 1.08377314e+00
    3.58692825e-01 1.22574735e+00 1.36739874e+00 7.23596454e-01
    6.68531656e-02 1.40769029e+00 -3.55589598e-01 1.27703345e+00
    5.00891268e-01 -2.69660115e-01 1.53631735e+00 1.07220674e+00
    -7.95323253e-01 9.83211160e-01 7.34717250e-02 1.05990529e+00
    1.21917415e+00 1.31785393e+00 1.72025013e+00 9.92436349e-01
    1.18492508e+00 1.11758399e+00 -1.22646868e-01 -7.53519118e-01
    7.65478194e-01 1.38825238e+00 -6.67292058e-01 1.02965200e+00
    1.43982637e+00 -7.32183099e-01 9.92075920e-01 1.16500807e+00
    -1.59425855e-01 -6.48847580e-01 -2.31692672e-01 2.36467957e-01
    -3.12425643e-01 -5.35755157e-01 3.44859362e-01 3.31443250e-01
    4.12415028e-01 1.21620893e+00 9.32224751e-01 -3.94762367e-01
    -5.98231494e-01 1.21451497e+00 1.63032746e+00 5.62874973e-01
    4.41202700e-01 7.18558133e-01 -1.22882426e-01 6.55805945e-01
    1.28511405e+00 -6.06201172e-01 4.26700711e-02 9.98734534e-01
    -1.16058171e-01 -5.28253078e-01 8.56961608e-01 -5.62783957e-01
    -6.93768978e-01 7.73903012e-01 6.79613888e-01 1.37364507e-01
    9.70556080e-01 1.48013330e+00 1.68415487e-01 8.70554805e-01
    1.15936220e-01 1.46091866e+00 -1.03929758e-01 3.35459948e-01
    7.61646926e-01 1.05938745e+00 1.55211318e+00 5.43531835e-01
    -1.48045242e-01 1.86264098e-01 -3.18420112e-01 3.05543661e-01
    6.20253146e-01 6.09838963e-03 4.23991144e-01 1.08511531e+00
    9.59066153e-01 1.39654982e+00 8.90378118e-01 1.46601021e+00
    2.95275509e-01 1.43923903e+00 -3.16230178e-01 7.35643089e-01
    6.55354381e-01 -1.84238464e-01 -2.98248321e-01 -5.12573957e-01
    -1.65601015e-01 1.29443860e+00 7.37055957e-01 1.54048228e+00
    1.33474290e-01 6.74213111e-01 7.20635235e-01 1.07856512e+00
    -6.19595945e-01 3.68433058e-01 1.83664978e+00 1.14112699e+00
    2.08419442e-01 1.34311032e+00 1.00951862e+00 5.74176490e-01
    -5.53528309e-01 -2.73584366e-01 1.60690117e+00 3.49061906e-01
    2.82187283e-01 1.26936984e+00 1.08438301e+00 5.89644015e-01
    2.68234968e-01 1.56732249e+00 1.16942120e+00 -3.84322584e-01
    7.69746840e-01 1.05546236e+00 1.07069933e+00 -2.98772275e-01
    -5.96353531e-01 1.24587429e+00 1.27396333e+00 6.89753890e-02
    -1.54305995e-01 -2.47553587e-02 4.81817901e-01 1.34156370e+00
    8.86609852e-01 1.12957799e+00 -7.13199258e-01 8.59072983e-01
    -2.77599871e-01 9.01092529e-01 1.09220099e+00 1.58174574e+00
    1.32687068e+00 1.37849772e+00 8.75051618e-02 4.41571534e-01
    -5.61235964e-01 3.78034294e-01 6.83501720e-01 1.87358797e-01
    -2.38984019e-01 -2.40752876e-01 1.54732680e+00 1.72861278e-01
    -2.56236076e-01 9.42502022e-01 -2.05666423e-02 1.56458974e+00
    2.97544599e-01 1.09977400e+00 7.60633588e-01 5.38493156e-01
    -5.36388636e-01 -1.61887646e-01 1.06297243e+00 7.18105018e-01
    -2.58413851e-01 8.70838523e-01 1.29191339e-01 7.51818597e-01
    -4.56172228e-01 3.50804865e-01 1.42611039e+00 5.53361475e-01
    -9.83750820e-02 8.18010390e-01 1.83324933e-01 -4.92088020e-01
    1.28136873e+00 1.21702969e-01 4.63907540e-01 5.80047548e-01
    2.01565623e-01 5.20213068e-01 1.19451141e+00 1.19754910e+00
    1.16725636e+00 -8.08068633e-01 1.44427264e+00 -6.85900450e-03
    2.77145982e-01 -4.96814847e-02 1.51072764e+00 6.21195674e-01
    1.06466722e+00 -5.63797235e-01 1.30791306e-01 -7.88781762e-01
    1.42642665e+00 1.31385374e+00 -6.39644861e-02 5.31818509e-01
    -4.64174747e-02 1.22469008e-01 1.12877011e-01 1.41531324e+00
    -6.66704297e-01 -5.93620181e-01 1.11783981e+00 1.00955701e+00
    -4.27496433e-01 1.62171006e+00 3.71159673e-01 1.44689703e+00
    -3.50811452e-01 1.43441963e+00 -5.97818315e-01 -3.94679040e-01
    -7.00884044e-01 1.08020949e+00 9.60314333e-01 8.58526349e-01
    -4.48718727e-01 1.53479910e+00 5.61762571e-01 2.75822282e-02
    4.55176651e-01 -1.05898798e-01 1.21933222e-02 7.14459360e-01
    1.37451911e+00 1.34688711e+00 2.25625694e-01 1.17968798e+00
    9.57627416e-01 -4.78132278e-01 5.62626958e-01 1.28515863e+00
    1.22913837e-01 9.46246445e-01 -1.26560330e-02 6.00812674e-01
    -4.41450208e-01 1.85234249e-01 -6.55997097e-01 3.75387728e-01
    3.51346612e-01 8.78507972e-01 6.98809564e-01 5.66312850e-01
    1.07855225e+00 5.80681384e-01 1.45291495e+00 1.25506306e+00
    9.57022846e-01 -5.89131057e-01 -5.32167792e-01 2.69952238e-01
    9.28243935e-01 1.49647427e+00 6.08119369e-02 1.27978945e+00
    -2.20590532e-01 -2.80392945e-01 9.03163016e-01 9.92655516e-01
    4.72220123e-01 1.40881395e+00 1.19231546e+00 -7.73547769e-01
    1.58138394e+00 -1.98269248e-01 -3.62430811e-02 -3.30849409e-01
    -2.55297065e-01 2.83816159e-01 1.48218644e+00 1.55445361e+00
    1.47338092e+00 -6.22370541e-01 1.45336890e+00 1.49032736e+00
    1.32367468e+00 1.23972130e+00 8.38453233e-01 6.87329829e-01
    1.74788260e+00 1.68241334e+00 -6.12740040e-01 1.58894753e+00
    -3.47969651e-01 5.50203204e-01 8.24734032e-01 1.11621308e+00
    5.05689502e-01 1.24457407e+00 -4.29564714e-02 1.63430858e+00
    5.35786748e-02 1.94496870e-01 1.45284081e+00 2.49329388e-01
    -8.17894936e-02 -5.18523693e-01 1.03232837e+00 -4.79769588e-01
    1.13832736e+00 3.55475783e-01 8.83385897e-01 8.17207992e-01
    6.08315825e-01 1.63399839e+00 3.42560649e-01 4.69658017e-01
    -6.69912457e-01 1.50936675e+00 7.95073211e-01 9.45923030e-01
    1.14793801e+00 -3.76892686e-02 -1.93896174e-01 5.35458565e-01
    1.02083993e+00 1.07731867e+00 4.90448892e-01 -3.42328131e-01
    1.31088495e+00 -7.41423607e-01 1.26568687e+00 7.42066145e-01
    4.95586157e-01 8.48661065e-02 4.53632474e-02 1.42983437e+00
    1.54549205e+00 -2.49753773e-01 1.59968972e+00 -6.02851272e-01
    1.05469763e-01 3.98764253e-01 8.35464060e-01 1.08735633e+00
    -4.41131026e-01 -2.46433258e-01 -3.45123202e-01 -2.43833333e-01
    -5.69995522e-01 1.47644401e+00 2.49540865e-01 -4.87682760e-01
    -3.38642597e-01 8.31614017e-01 -2.24288046e-01 1.14277458e+00
    -7.80699372e-01 1.71080542e+00 1.24312329e+00 -5.76016366e-01
    -3.13257337e-01 -3.07832420e-01 7.14790106e-01 4.92009640e-01
    -5.02860785e-01 1.06275034e+00 1.10844588e+00 -5.06752968e-01
    2.56508231e-01 1.41670084e+00 8.96078706e-01 1.33551574e+00
    -4.20299619e-01 -2.40322053e-01 1.46004534e+00 1.28215086e+00
    -8.37374330e-02 -5.63773096e-01 9.46045160e-01 -4.31723446e-01
    6.25673473e-01 2.86654890e-01 1.08871460e-01 1.14359188e+00
    1.22537661e+00 1.22931600e+00 4.61042643e-01 -4.50688601e-03
    1.37992287e+00 9.86240625e-01 -4.49428707e-01 5.24944425e-01
    7.03652978e-01 1.47456563e+00 7.06421137e-01 1.67283070e+00
    1.59280658e+00 1.77815259e-01 1.44112766e+00 -2.65747368e-01
    1.54911709e+00 2.57139564e-01 9.48454201e-01 -6.72026634e-01
    3.94309759e-01 1.44482112e+00 -6.76518857e-01 3.09820116e-01
    7.76821315e-01 1.64569139e+00 -6.35196149e-01 -4.80879545e-02
    1.21872687e+00 6.51198030e-02 3.93223166e-01 5.80501139e-01
    1.33968437e+00 -5.83242416e-01 3.21318507e-02 5.47492504e-03
    -2.90205419e-01 1.76943541e-02 1.47279501e+00 1.60723567e+00
    -3.28483313e-01 1.31618142e+00 -4.93124932e-01 5.11075020e-01
    2.08577454e-01 3.36505890e-01 4.39351976e-01 -5.22697866e-01
    -2.79308796e-01 1.37933016e-01 1.27768469e+00 1.69944799e+00
    1.82183683e-01 1.23552799e+00 3.62186134e-01 6.61818326e-01
    1.58985376e+00 -7.19441831e-01 1.70731080e+00 1.80765390e-01
    5.41202247e-01 -3.23820263e-01 -5.28977752e-01 1.16671336e+00
    7.15931475e-01 1.14874828e+00 6.96285307e-01 1.11594987e+00
    -2.43675709e-02 4.36202526e-01 5.35102069e-01 3.13416243e-01
    1.63925648e+00 2.31124103e-01 -5.20402849e-01 6.10988915e-01
    1.21320307e-01 -3.00452381e-01 -2.79318929e-01 7.22073138e-01
    1.22595167e+00 1.42335963e+00 -2.55689740e-01 -3.84670109e-01
    7.54027903e-01 -2.96293020e-01 1.18520057e+00 1.18334293e+00
    1.30258465e+00 1.07615161e+00 2.41303444e-02 -3.95725250e-01
    1.61852789e+00 1.65017521e+00 -1.18025362e-01 5.05254447e-01
    -2.35785842e-02 1.92823708e-01 4.81391966e-01 1.16976273e+00
    -1.69446051e-01 1.55273461e+00 1.32738638e+00 8.81192267e-01
    -3.50623369e-01 -3.46582323e-01 1.96487069e-01 1.31682515e+00
    5.53350329e-01 -3.83547276e-01 9.96802807e-01 -4.68943566e-01
    9.42841887e-01 8.35305929e-01 6.47247434e-02 6.56487942e-01
    8.41146111e-01 1.04706836e+00 2.85815656e-01 4.09641445e-01
    1.41414261e+00 1.34952092e+00 1.38895392e+00 -5.15723884e-01
    -4.87118721e-01 4.24125135e-01 -4.05256808e-01 1.36166418e+00
    -4.02439445e-01 -6.62505507e-01 7.86660671e-01 1.13760769e+00
    -2.82472372e-03 3.52548718e-01 -1.25641406e-01 1.16644311e+00
    1.50174499e+00 2.90520906e-01 2.80926287e-01 1.39482713e+00
    6.33791685e-02 6.17935300e-01 1.47656870e+00 6.44224763e-01
    -6.37483716e-01 1.19924808e+00 2.81805634e-01 1.29098892e+00
    1.83395958e+00 1.60557353e+00 -6.92870617e-02 -5.42875230e-01
    1.04189205e+00 1.00411952e+00 3.76363158e-01 -8.41511667e-01
    -1.94594800e-01 -5.95809817e-01 -3.63837093e-01 1.11521947e+00
    -6.39632642e-01 -3.21663260e-01 -4.87236977e-01 1.50333393e+00
    1.19247401e+00 1.59857786e+00 8.89723718e-01 9.58138406e-01
    -5.36544323e-02 1.42272043e+00 -4.56646591e-01 -3.56828660e-01
    -4.80097532e-02 -3.79051566e-01 8.52931559e-01 8.89994860e-01
    2.74007499e-01 8.74269128e-01 2.82542646e-01 1.07398653e+00
    -6.34580195e-01 2.23803163e-01 1.19256425e+00 -5.78815758e-01
    -1.17805481e-01 1.15224588e+00 7.75924683e-01 1.50593734e+00
    9.45001185e-01 7.57324398e-01 -1.55413747e-01 1.27531695e+00
    1.10822797e+00 1.06768394e+00 9.83109713e-01 1.16437495e-01
    6.34245694e-01 -3.76734734e-02 1.21417296e+00 1.32240176e+00
    -4.45097685e-02 4.17659760e-01 6.97453678e-01 1.63822985e+00
    -2.79496610e-01 3.40586662e-01 1.07413244e+00 9.86058116e-01
    8.11616063e-01 8.08290124e-01 6.45060480e-01 3.72688651e-01
    -4.50185150e-01 9.95921850e-01 2.84839153e-01 4.31024849e-01
    1.24217188e+00 2.25486279e-01 -5.32266915e-01 1.43059289e+00
    1.17675614e+00 1.50591946e+00 -4.20936167e-01 5.41161299e-01
    2.65306830e-02 1.53802609e+00 1.54693294e+00 9.92332995e-01
    6.13205135e-01 2.97908247e-01 3.46168935e-01 1.50979805e+00
    -2.48294383e-01 -5.60129583e-02 -4.59598124e-01 5.21727622e-01
    -1.16796553e-01 9.57789719e-01 -5.28593779e-01 -4.81313705e-01
    -3.84031951e-01 -6.00693345e-01 9.15333152e-01 1.01558244e+00
    1.16223657e+00 9.64956582e-01 7.54558265e-01 -2.74508566e-01
    2.62817860e-01 1.42219365e+00 1.30040717e+00 1.15952194e+00
    1.02714169e+00 -3.98645580e-01 1.05697918e+00 1.87421560e-01
    3.87666166e-01 1.08390546e+00 1.43956828e+00 -5.26663840e-01
    1.57307649e+00 -3.84795457e-01 1.04010797e+00 5.57509601e-01
    2.75037289e-01 5.14924526e-01 -1.21460080e-01 -4.38830256e-02
    -5.53010583e-01 -6.79131091e-01 -9.31876302e-02 1.14939666e+00
    1.38342667e+00 1.21492004e+00 9.24470782e-01 -1.85105979e-01
    6.84718549e-01 5.43794096e-01 1.45290470e+00 1.45606828e+00
    -2.39746839e-01 -4.77858186e-02 1.13762510e+00 1.25746560e+00
    7.22386777e-01 -3.87776554e-01 -4.81278121e-01 -6.54934049e-01
    1.48739505e+00 8.51035893e-01 1.01320004e+00 -1.86013043e-01
    7.45253980e-01 4.55008686e-01 1.20161819e+00 -2.64992505e-01
    -5.64611137e-01 1.16636157e-02 2.62982786e-01 -2.14696020e-01
    6.62626743e-01 -4.39667106e-02 1.13462973e+00 4.11865652e-01
    1.53230429e-01 1.56491828e+00 1.17060542e-01 -4.29294169e-01
    3.11877131e-02 1.11895764e+00 8.93894672e-01 -1.57509983e-01
    -1.82652354e-01 1.11708570e+00 4.09253776e-01 -4.03564215e-01
    1.29430830e-01 6.67413533e-01 -3.69412601e-01 1.49787235e+00
    1.07159591e+00 -3.09336007e-01 -1.29068971e-01 1.17807937e+00
    2.66028464e-01 1.57469034e+00 -2.51753092e-01 1.12321436e-01
    4.63671088e-02 2.99606681e-01 1.34667945e+00 3.04113030e-01
    1.36069655e+00 -6.31191313e-01 1.03253233e+00 -4.84879076e-01
    8.68690431e-01 1.50113237e+00 3.72353196e-01 6.07686460e-01
    6.01823747e-01 -6.69077754e-01 1.33229733e+00 1.16833663e+00
    -2.95232534e-01 1.05313182e+00 -4.92394209e-01 5.29640436e-01
    9.47538495e-01 1.63817096e+00 -2.28196740e-01 -5.25516152e-01
    2.15632021e-01 -3.28743249e-01 9.39838052e-01 -2.15957373e-01
    9.30284917e-01 -5.05477011e-01 2.11064458e-01 1.39032209e+00
    9.09644365e-03 1.23824930e+00 8.31708312e-02 8.59192312e-01
    -1.12711132e-01 1.20023942e+00 -2.95951366e-01 1.51792490e+00
    1.35016263e-01 3.91654134e-01 3.53870332e-01 1.01637495e+00
    5.71725368e-01 1.27998614e+00 1.52572024e+00 5.02272189e-01
    -7.72728920e-02 1.46941435e+00 -2.99017727e-01 7.16360927e-01
    7.63900280e-01 3.25990677e-01 5.54870784e-01 -6.10277772e-01
    -7.15429187e-02 1.56682467e+00 1.07109642e+00 -4.70769346e-01
    8.59662056e-01 1.57584095e+00 2.56302595e-01 -6.21172845e-01
    1.46051264e+00 1.02016640e+00 2.12007701e-01 3.77680480e-01
    -6.50458395e-01 -4.24340308e-01 -1.70149624e-01 1.32133341e+00
    -3.81629914e-01 6.85289443e-01 6.68897688e-01 1.94203699e+00
    1.37844801e+00 -5.53437114e-01 2.08212733e-01 -1.41623020e-01
    9.60596263e-01 1.26930296e+00 -8.76843929e-03 7.85279095e-01
    1.37996507e+00 8.83778691e-01 1.06934905e+00 2.57243335e-01
    4.06343102e-01 -3.62548232e-01 -4.22217488e-01 -2.09443241e-01
    1.32869411e+00 -5.04809976e-01 1.14934874e+00 1.41863751e+00
    3.45995367e-01 1.05015814e-01 9.75985169e-01 8.72820735e-01
    -2.41031677e-01 -9.93477106e-02 7.99575746e-01 2.25213349e-01
    7.46343553e-01 7.52573431e-01 1.26500106e+00 -2.61116505e-01
    -4.13081408e-01 1.12074351e+00 7.94517517e-01 5.47584593e-01
    -4.36205864e-02 1.15520298e+00 -7.03443885e-01 1.50725377e+00
    9.36103404e-01 -4.54096079e-01 1.20790362e+00 9.19422269e-01
    -6.73201084e-02 2.09959328e-01 -2.56650776e-01 1.32111061e+00
    -6.66744709e-01 1.28350377e-01 5.23702085e-01 9.71843481e-01
    4.78377759e-01 6.99624062e-01 -1.99077487e-01 7.77277350e-02
    1.65980935e+00 1.27218366e+00 4.87834156e-01 1.52957475e+00
    4.80835974e-01 1.51971769e+00 9.98356342e-01 7.42836773e-01
    1.40894175e+00 -2.70804167e-02 8.88721824e-01 -2.53999233e-02
    -3.24567348e-01 1.99047446e-01 -1.71310008e-01 1.22936368e-01
    -1.15286291e-01 8.83872807e-01 1.19201231e+00 8.42748821e-01
    -3.08807820e-01 9.94710743e-01 3.51241529e-01 -5.02575994e-01
    -5.85146427e-01 7.40452945e-01 -5.04708171e-01 5.85514188e-01
    -2.52225131e-01 4.68331397e-01 4.85549092e-01 8.57730031e-01
    -2.94395536e-01 1.72100496e+00 1.43530440e+00 -4.33320284e-01
    1.68403840e+00 -3.56944799e-02 -6.42766714e-01 3.64594519e-01
    -7.46749282e-01 1.60821438e+00 -2.98983544e-01 4.16257560e-01
    -3.41752261e-01 4.15560126e-01 1.13000023e+00 2.11081445e-01
    -3.04938614e-01 1.11096799e+00 -5.02174735e-01 1.54914534e+00
    7.47261822e-01 1.09170032e+00 1.06212425e+00 -8.04640710e-01
    8.06054413e-01 1.11450660e+00 1.00025201e+00 1.00470614e+00
    -7.20082283e-01 2.30832636e-01 -7.41511524e-01 1.44615221e+00
    9.71117437e-01 7.35621810e-01 3.50938439e-01 1.53636467e+00
    -7.67657757e-02 -4.52829450e-01 1.21348321e-01 1.04618406e+00
    -1.07977927e-01 -5.32210648e-01 9.35363412e-01 -3.68354887e-01
    -2.64330506e-01 1.41508627e+00 -3.77270073e-01 1.08665586e-01
    9.68745708e-01 5.12378812e-01 1.79192472e+00 2.97944725e-01
    -7.84769058e-02 1.62575197e+00 5.77539384e-01 8.02392066e-01
    -3.12863648e-01 1.10539079e-01 9.81420577e-01 -5.11300623e-01
    4.97885048e-01 5.17487466e-01 3.88116956e-01 1.20373654e+00
    -6.60740137e-02 -1.58172965e-01 3.42518330e-01 7.59450495e-01
    -6.22479618e-01 1.00717926e+00 3.84293199e-01 9.16544735e-01
    1.49606526e-01 -6.24457240e-01 1.67487013e+00 5.64682961e-01
    -1.93961889e-01 -4.09879029e-01 4.31115627e-01 4.31629717e-01
    1.65422583e+00 1.63850904e+00 4.31703269e-01 1.29976416e+00
    -4.99579310e-02 -5.25691271e-01 7.08442748e-01 2.26883650e-01
    1.19122815e+00 1.14353013e+00 1.84397399e-01 1.77004516e-01
    8.43811035e-01 1.28460443e+00 1.22260630e+00 1.07288003e+00
    -4.71025795e-01 -1.15430951e-01 5.15298843e-01 6.16077960e-01
    9.23351526e-01 1.09385562e+00 3.26518059e-01 -8.73360634e-02
    3.41821074e-01 -5.41204751e-01 -5.91948628e-01 1.24834633e+00
    1.68046618e+00 7.91841209e-01 -3.68523300e-01 4.67529356e-01
    6.29045725e-01 9.81428444e-01 1.32925320e+00 -5.21766543e-01
    3.52483273e-01 1.33702135e+00 -4.53207135e-01 1.39581454e+00
    1.19987893e+00 -3.28109622e-01 -4.74100947e-01 -5.79122543e-01
    1.58756661e+00 6.27286673e-01 3.56446147e-01 -4.32101756e-01
    1.56400168e+00 1.43591285e+00 7.62405396e-01 -4.45865542e-01
    1.05617404e-01 7.71280646e-01 -6.26265168e-01 7.04945207e-01
    -6.38467073e-03 1.72365785e-01 -3.17851841e-01 -2.04664648e-01
    1.34479880e+00 2.62122810e-01 3.58811498e-01 -2.77304053e-02
    1.68167984e+00 6.08341157e-01 6.75410390e-01 9.10637140e-01
    1.70839798e+00 8.42336416e-02 5.95123768e-01 -5.10480940e-01
    5.56596637e-01 7.64589727e-01 7.85987437e-01 6.22534573e-01
    -3.43602896e-02 9.99518096e-01 1.53332484e+00 1.50785351e+00
    -7.26096392e-01 -5.48938751e-01 5.35673916e-01 1.36303401e+00
    7.64147639e-02 1.67642713e+00 -3.15302461e-01 1.18856609e-01
    -2.10445851e-01 1.41316724e+00 -4.81886178e-01 4.82313395e-01
    4.38070297e-01 9.31957245e-01 3.41764033e-01 1.39867163e+00
    -6.32392168e-02 6.52965724e-01 7.75921404e-01 -1.03601813e-02
    7.96415567e-01 9.26679611e-01 2.69520164e-01 -1.03051305e-01
    2.70967662e-01 1.23726010e+00 1.37176287e+00 8.89834046e-01
    3.40125978e-01 7.23861456e-02 -1.72605515e-02 2.35682130e-01
    1.19930220e+00 1.20475399e+00 8.34694266e-01 -1.55800879e-01
    -4.86342311e-01 -6.57094121e-01 1.53257751e+00 1.34015298e+00
    1.43737674e+00 3.43605518e-01 -1.61006093e-01 6.94685340e-01
    1.45739257e+00 9.47678208e-01 1.37956095e+00 1.62536359e+00
    6.17691278e-02 -4.08024788e-02 -5.87763906e-01 1.75769138e+00
    6.91706598e-01 4.27177370e-01 1.11878061e+00 2.00792015e-01
    1.50167942e-03 -3.43487471e-01 5.49390018e-01 1.39104748e+00
    2.58114040e-01 -1.54503882e-01 -1.56474948e-01 9.31166410e-01
    -4.73865777e-01 7.53671348e-01 -1.37565434e-01 1.16804981e+00
    2.95662820e-01 3.94592881e-01 1.51440501e-01 1.02229893e-01
    4.72460806e-01 1.38972688e+00 -6.47287369e-02 1.63041556e+00
    8.34090292e-01 1.29768682e+00 1.53395903e+00 1.70686984e+00
    6.74445450e-01 -3.82466614e-01 -6.80016935e-01 8.69764745e-01
    8.03627491e-01 7.59776711e-01 1.15627313e+00 2.91541040e-01
    6.54654920e-01 1.23887897e+00 1.54007816e+00 2.24001229e-01
    5.93169332e-02 6.87657177e-01 -4.06503290e-01 2.44956136e-01
    1.20105529e+00 -4.87572014e-01 -4.60329354e-01 -3.85948688e-01
    -1.18347257e-01 2.86355078e-01 1.75586939e+00 8.53762269e-01
    -6.88687563e-01 1.21442246e+00 7.59524643e-01 -3.21062922e-01
    1.77725935e+00 1.64947987e-01 4.68385160e-01 4.11234975e-01
    3.41563880e-01 1.31724501e+00 4.91730571e-01 8.96073937e-01
    -7.59866178e-01 -1.52223706e-02 -2.65683711e-01 1.49868751e+00
    4.94661212e-01 1.07403564e+00 5.56945801e-01 1.08151937e+00
    9.98763859e-01 2.92589724e-01 1.06694925e+00 -7.48592079e-01
    1.30968344e+00 1.31980205e+00 1.61911941e+00 6.60612345e-01
    -3.52606446e-01 2.96251595e-01 -2.89614260e-01 1.48902845e+00
    1.44872808e+00 1.64852715e+00 2.50373662e-01 -3.76748055e-01
    1.34762788e+00 4.79918599e-01 -5.35747647e-01 9.32815671e-01
    1.62472987e+00 -4.54926252e-01 -5.00507951e-02 -4.77476090e-01
    3.85933459e-01 6.70897722e-01 1.01979733e+00 1.34785640e+00
    1.71753216e+00 -2.12932229e-02 2.87739635e-01 1.76611173e+00
    3.29915881e-01 1.47346258e-01 2.50000358e-02 1.37112558e-01
    -5.08241653e-01 6.61926389e-01 9.53113496e-01 1.52725184e+00
    1.44962168e+00 1.25070298e+00 6.76045120e-01 5.60306430e-01
    -4.37251568e-01 1.69196558e+00 -2.12914169e-01 6.05187237e-01
    -3.50566089e-01 3.19176912e-01 -4.90785360e-01 -1.25052333e-02
    1.01772976e+00 -1.96485519e-01 1.40860772e+00 -2.24959135e-01
    -6.52822256e-02 3.47149372e-02 1.18894303e+00 1.27101636e+00
    6.73814356e-01 -7.80922771e-01 5.91052234e-01 -2.14860320e-01
    7.38630593e-01 2.29586661e-01 5.98474145e-02 1.24663019e+00
    1.59728241e+00 8.74886990e-01 -2.70974636e-01 -4.23963279e-01
    9.88066733e-01 -6.15594864e-01 -3.76499534e-01 -1.70662940e-01
    1.74109769e+00 1.70912588e+00 -4.17125732e-01 2.76681602e-01
    -5.51325321e-01 -5.79949796e-01 1.44782233e+00 1.26092863e+00
    3.43028128e-01 1.30458426e+00 3.07032466e-02 1.53604591e+00
    -5.56568742e-01 -4.82615411e-01 8.10249746e-01 -6.47302866e-01
    1.24868035e-01 7.19711959e-01 5.34856021e-01 1.01262462e+00
    2.00668037e-01 3.86131227e-01 4.74374771e-01 1.29398715e+00
    9.46645439e-01 1.30928922e+00 1.42930508e+00 -4.39497232e-02
    2.68078983e-01 1.37201118e+00 -3.35902601e-01 7.25135982e-01
    9.37961400e-01 1.58669567e+00 4.88449335e-01 -3.12369466e-02
    1.97020173e-02 -3.50311995e-01 1.40076256e+00 5.70642710e-01
    3.61834168e-01 -3.21403056e-01 1.69972944e+00 1.38936472e+00
    7.55753756e-01 -1.94610178e-01 6.04006112e-01 9.87425327e-01
    1.59502029e-03 1.05130827e+00 7.18063533e-01 3.16680849e-01
    -1.87160373e-02 6.50353789e-01 1.29130101e+00 3.83388281e-01
    1.54096437e+00 1.16040325e+00 6.40571952e-01 3.71124923e-01
    1.07660770e+00 -5.91224730e-01 1.80689979e+00 1.71659541e+00
    9.26583290e-01 8.96247983e-01 -2.71320134e-01 1.12022972e+00
    -4.12183881e-01 1.22071719e+00 1.42685211e+00 -7.74175644e-01
    1.52383900e+00 -6.36196077e-01 1.29158902e+00 1.35314822e+00
    1.73608780e+00 -2.27870017e-01 -1.06498271e-01 -2.98899412e-03
    4.51224446e-02 1.72136784e-01 1.28084850e+00 7.80797720e-01
    4.88431692e-01 1.16536331e+00 1.27925634e+00 8.48435760e-02
    1.12398624e+00 1.58700156e+00 -4.80408013e-01 1.54344189e+00
    -8.66059661e-02 -2.59552419e-01 -1.16926432e-03 7.38740385e-01
    1.46277833e+00 6.85449243e-02 9.13473070e-01 1.03021169e+00
    1.30337918e+00 3.85768354e-01 4.38252091e-01 -6.75904512e-01
    8.14033926e-01 1.01129150e+00 -3.62205982e-01 -6.24743342e-01
    -5.82063615e-01 1.50185180e+00 -4.70664620e-01 -3.89692694e-01
    1.33390141e+00 -5.44129193e-01 1.49791980e+00 1.04343033e+00
    8.51811469e-01 1.26898909e+00 1.61998272e+00 -1.07142329e-01
    -6.47625625e-01 -9.14595127e-02 8.02569509e-01 -6.26496017e-01
    3.01302433e-01 1.48804605e-01 4.99686480e-01 -6.00404978e-01
    -5.42422235e-01 1.38490939e+00 7.86502302e-01 1.58177066e+00
    -6.06802523e-01 1.57167804e+00 -4.98000294e-01 1.54395461e+00
    -1.35754466e-01 4.08555508e-01 1.72949755e+00 -4.58359420e-01
    -3.30845833e-01 1.41844952e+00 1.02064180e+00 6.50601208e-01
    4.35582995e-02 1.44543993e+00 3.35155964e-01 1.43711448e-01
    1.13275123e+00 6.42764986e-01 2.52133071e-01 -5.29349446e-02
    9.33160543e-01 -1.06950164e-01 1.63946342e+00 1.65653801e+00
    1.21857476e+00 1.79084718e-01 -8.96888375e-02 7.07521141e-01
    5.26436210e-01 -1.62033319e-01 2.56592035e-02 -1.45293176e-01
    3.69470835e-01 -6.39903784e-01 5.90529203e-01 1.91756487e-01
    4.30989742e-01 -4.68146205e-02 -5.36360145e-02 -5.22621155e-01
    6.58349991e-01 1.73014855e+00 5.95932305e-01 -3.86197031e-01
    9.43149388e-01 7.17285812e-01 9.17702138e-01 6.56023622e-02
    1.13650203e+00 1.28709424e+00 1.01026618e+00 1.49841857e+00
    2.72658288e-01 -5.43057680e-01 -6.58575654e-01 -6.51071429e-01
    3.32801223e-01 3.15855086e-01 4.56032932e-01 -4.65997875e-01
    1.12191045e+00 1.17431283e+00 3.15133810e-01 -5.71879804e-01
    -3.04757357e-01 6.56409979e-01 -2.52639264e-01 1.02816057e+00
    1.46121526e+00 1.49748743e-01 -4.86926734e-01 -1.00825846e-01
    7.08138347e-02 1.60010004e+00 -2.26921439e-02 -9.61238742e-02
    1.75850630e-01 1.11005306e-01 1.72280288e+00 1.43395233e+00
    2.01675713e-01 1.14298213e+00 5.39706588e-01 1.68327856e+00
    1.52503979e+00 1.08582234e+00 1.34186792e+00 8.27273011e-01
    3.43939662e-01 -7.08865941e-01 1.41822243e+00 -5.26091278e-01
    -3.80668014e-01 1.04038894e-01 -2.38815337e-01 1.71841145e+00
    7.85847425e-01 1.38410068e+00 5.68729103e-01 1.40714586e-01
    1.62089896e+00 -6.52203083e-01 -2.66120553e-01 8.27788889e-01
    3.85195792e-01 2.53492475e-01 -3.05943966e-01 1.27888477e+00
    3.54349613e-04 5.09103894e-01 1.92709148e-01 1.58311605e-01
    1.35155082e+00 -7.92012215e-02 4.75812316e-01 8.86021316e-01
    1.60300040e+00 1.19337916e+00 1.42112875e+00 9.83657062e-01
    1.40279531e+00 7.77993798e-02 -6.91328764e-01 1.00139165e+00
    1.63628793e+00 -2.22686827e-01 6.52968287e-02 1.65741253e+00
    -4.60245430e-01 -3.98041010e-02 -2.66335189e-01 1.60552907e+00
    -5.49545288e-01 8.78541112e-01 5.11599720e-01 -5.21874070e-01
    1.78484941e+00 -5.89845002e-01 1.43430638e+00 -6.72445893e-02
    4.39639091e-01 1.24508560e-01 1.10684335e+00 1.62879586e+00
    8.16349268e-01 1.29292262e+00 1.28926682e+00 -1.79449439e-01
    1.06998110e+00 1.48371625e+00 -6.26607597e-01 7.48389006e-01
    1.59463406e-01 1.04353023e+00 1.46911442e-01 1.59077525e-01
    7.76545465e-01 1.16274834e+00 1.60708308e+00 2.38917887e-01
    -5.46669483e-01 -1.16275489e-01 7.06539989e-01 5.44376493e-01
    -1.04242742e-01 -8.45652223e-02 -6.09746754e-01 7.56761909e-01
    3.63906741e-01 8.67222965e-01 -4.63778257e-01 1.38453829e+00
    -5.47688007e-01 6.92569077e-01 1.22187161e+00 -4.15366292e-02
    8.90913963e-01 2.86713839e-02 5.80693722e-01 1.02003312e+00
    1.50784504e+00 8.45337987e-01 4.50096846e-01 -5.74872613e-01
    1.67936087e+00 -7.61810124e-01 3.66208732e-01 8.24346364e-01
    1.71404362e+00 8.37202728e-01 9.14251983e-01 1.45347905e+00
    6.56456292e-01 1.05013788e-01 1.21580541e-01 1.45607758e+00
    2.67786205e-01 3.55133176e-01 3.73148501e-01 1.21522856e+00
    -5.17299652e-01 1.17891133e-01 1.01421523e+00 1.58527851e-01
    9.41875041e-01 1.40085435e+00 1.47948360e+00 1.22120643e+00
    1.11922979e+00 2.57089853e-01 1.54782534e+00 6.92949116e-01
    -5.06083369e-02 1.05833292e+00 -3.45837653e-01 1.05326521e+00
    8.87903392e-01 1.54571116e-01 1.62265444e+00 9.14400041e-01
    -5.30368865e-01 -5.12720585e-01 1.25785136e+00 5.20409167e-01
    1.45472825e-01 1.14385366e-01 9.11343515e-01 8.64565790e-01
    3.77442420e-01 1.22765183e+00 1.38629770e+00 1.37881970e+00
    -8.53552222e-02 6.82579041e-01 -6.46333277e-01 -4.38016176e-01
    1.11932635e+00 -1.96851611e-01 1.57866609e+00 1.62201643e+00
    -4.72518802e-02 6.48995996e-01 4.26066816e-01 8.25688004e-01
    1.56018972e+00 1.39797449e+00 -6.67730629e-01 1.30830097e+00
    4.68858600e-01 -4.18628186e-01 1.55424309e+00 5.37314177e-01
    7.89193511e-01 -7.71351457e-02 4.28041816e-01 1.44328117e+00
    -6.40760481e-01 2.17089057e-02 8.68753791e-01 -2.95405388e-02
    -6.56187057e-01 7.94639349e-01 -9.61434245e-02 2.52544522e-01
    1.37799537e+00 -1.96833849e-01 -1.69295073e-02 7.79222846e-01
    -4.23108488e-01 1.52876496e+00 7.48540759e-02 -1.17306828e-01
    1.37681699e+00 3.76223385e-01 8.51969779e-01 1.38404787e+00
    1.51679754e-01 1.32020116e-02 -8.13269019e-02 -1.03643715e-01
    1.29458427e-01 7.53146112e-01 2.89154172e-01 -1.36300027e-01
    1.50728703e+00 1.03350854e+00 1.17153883e+00 4.42810357e-01
    1.82606006e+00 8.81700039e-01 1.01484561e+00 1.02146494e+00
    1.07793605e+00 3.20952892e-01 1.81975591e+00 -6.28420830e-01
    1.33096790e+00 2.58849323e-01 -4.90109324e-02 -5.80329776e-01
    -2.74397612e-01 -6.38759255e-01 -1.24302685e-01 2.12949932e-01
    5.77275038e-01 1.22992897e+00 1.01057744e+00 8.52773786e-01
    -3.01104426e-01 8.38439822e-01 1.53102803e+00 2.24507570e-01
    5.72673917e-01 1.55407310e+00 1.03732741e+00 -6.70171320e-01
    7.31350601e-01 -5.15889168e-01 9.25227284e-01 1.21274900e+00
    1.57864916e+00 -6.11714125e-01 1.97290480e-01 2.57250011e-01
    5.46713114e-01 7.95353353e-01 1.57676268e+00 1.31003559e-01
    1.09606564e+00 1.41892469e+00 4.42854762e-02 3.72018814e-02
    1.07111120e+00 1.03756917e+00 -1.56837463e-01 -4.25201505e-01
    -4.38162118e-01 5.08707881e-01 2.73345411e-01 -7.10299015e-01
    1.35465288e+00 -8.72119665e-02 4.88170564e-01 -2.64396250e-01
    1.35694861e+00 6.12161994e-01 6.85555339e-01 1.22544932e+00
    -4.89057839e-01 5.81194341e-01 -3.38814616e-01 5.05050540e-01
    1.11645961e+00 1.28631473e+00 -1.22167051e-01 4.00475085e-01
    1.37299538e+00 9.48348403e-01 1.49656630e+00 7.01807559e-01
    -3.10001343e-01 1.29672563e+00 -4.95879859e-01 1.19581223e+00
    -1.23490334e-01 1.50719118e+00 1.52778101e+00 8.42467427e-01
    1.07337332e+00 -3.94940227e-01 7.58812964e-01 -6.74568892e-01
    3.87009084e-01 5.46590865e-01 2.14623213e-01 2.33680606e-01
    1.56931484e+00 8.27698290e-01 3.57341707e-01 1.28520572e+00
    1.14747000e+00 1.24565637e+00 3.53201628e-01 3.79963279e-01
    8.62886369e-01 -5.38712084e-01 2.37413943e-01 2.42259383e-01
    -4.42871839e-01 8.77874851e-01 -3.77753198e-01 4.65667069e-01
    9.97461796e-01 9.61388648e-01 2.17915773e-01 1.30614960e+00
    4.47426260e-01 6.25029087e-01 1.04051244e+00 3.06158245e-01
    1.96495056e-02 -2.41694123e-01 9.54633355e-02 1.76632643e-01
    1.12472105e+00 5.91739833e-01 9.37266946e-01 8.74112248e-02
    -3.23779911e-01 1.04625058e+00 1.72697067e+00 -7.17341006e-01
    -7.13052809e-01 4.15138602e-02 -3.32969427e-03 1.22543597e+00
    1.64200246e+00 2.95851469e-01 3.90359521e-01 -4.36813712e-01
    1.59194410e-01 2.01780438e-01 7.44391084e-02 -6.65313840e-01
    1.58460391e+00 2.36788392e-02 2.24801600e-01 1.43272328e+00
    7.81821191e-01 5.75133324e-01 1.86168969e-01 -2.72419512e-01
    2.05292284e-01 -2.96687722e-01 2.60401487e-01 9.05236721e-01
    1.61529803e+00 -1.66633129e-02 5.02048135e-01 6.55623794e-01
    1.12207949e+00 1.57545018e+00 -4.17189360e-01 1.48541296e+00
    1.35735035e+00 -5.74456334e-01 -4.55631167e-01 1.47409415e+00
    8.68373096e-01 8.89294028e-01 3.54211867e-01 -4.71857339e-01
    6.91452920e-01 1.65142131e+00 4.46929753e-01 7.63840258e-01
    -3.14077109e-01 -2.50389665e-01 -4.04454648e-01 4.39171195e-02
    -3.23510110e-01 1.36332023e+00 -8.51254523e-01 1.25428498e+00
    -5.67914009e-01 1.36302328e+00 1.51193714e+00 7.81908631e-02
    7.27118731e-01 -1.40305102e-01 1.50242519e+00 4.00477946e-01
    1.35732412e+00 -2.45553255e-02 1.26801515e+00 -3.27575803e-02
    6.62611604e-01 1.70531571e-01 2.65892506e-01 -2.36783266e-01
    -5.14589787e-01 7.37198293e-01 3.76104772e-01 -3.10108662e-02
    8.38603556e-01 -6.12608194e-01 1.54152703e+00 8.62782359e-01
    -7.05297291e-01 7.49449074e-01 1.26364303e+00 1.67886162e+00
    1.46881127e+00 9.88094807e-01 -4.77590650e-01 1.24761868e+00
    -2.60110617e-01 -1.03861094e-03 1.33162487e+00 1.62681341e+00
    1.35759377e+00 -3.74683261e-01 2.68285751e-01 1.05177140e+00
    3.45777214e-01 9.51847494e-01 -6.22374594e-01 9.85003114e-01
    6.65551424e-02 -4.09899920e-01 -6.12264276e-01 6.80554807e-01
    -2.77010977e-01 1.27934754e+00 1.10943484e+00 -5.03761172e-01
    7.02938974e-01 6.58906996e-01 2.00490773e-01 1.56408691e+00
    -3.12787294e-02 -7.75754452e-03 9.74577546e-01 -3.64243180e-01
    9.30061936e-01 -2.04337031e-01 -6.37852967e-01 1.45047784e+00
    -3.07592452e-01 5.65080464e-01 8.62608492e-01 -2.44718313e-01
    1.48544908e-01 -3.50738138e-01 9.96757925e-01 -6.25765800e-01
    5.39266169e-01 1.30454135e+00 1.32677829e+00 1.57335699e+00
    9.89682257e-01 1.59926701e+00 6.61924124e-01 -5.16239643e-01
    5.36396146e-01 3.25678289e-01 -4.31141257e-02 1.19517863e+00
    -4.29465503e-01 -6.27980828e-02 -1.92588091e-01 9.51483846e-02
    1.17845893e+00 -6.71591759e-01 1.04523337e+00 1.34836936e+00
    7.91573763e-01 1.68020844e+00 -1.92385137e-01 1.57467246e+00
    1.49059653e+00 1.30095243e-01 -6.50237799e-01 9.72439408e-01
    6.58538938e-01 4.04340804e-01 1.25397992e+00 1.09145451e+00
    1.51241016e+00 1.00459242e+00 1.62384403e+00 -2.02714145e-01
    2.77886987e-02 1.11927378e+00 1.51652336e+00 1.04914999e+00
    1.57022738e+00 1.53676546e+00 9.61965680e-01 2.31840134e-01
    -1.92595243e-01 8.14669430e-01 -1.14130974e-03 1.40422773e+00
    1.22487390e+00 -1.44197047e-01 1.69962776e+00 9.74455476e-02
    -3.19778234e-01 8.76030862e-01 -6.41820252e-01 -8.59367847e-02
    -1.13939047e-02 1.05733299e+00 -5.42164803e-01 2.33921051e-01
    -1.41426563e-01 1.73488474e+00 1.55567944e-01 8.07466269e-01
    5.18363714e-01 1.52400398e+00 1.13166356e+00 6.80897593e-01
    1.63877058e+00 1.24352014e+00 -6.28628910e-01 1.48075819e+00
    -6.59280419e-01 -1.10252321e-01 1.65195322e+00 -1.11104131e-01
    1.60616457e-01 1.04391241e+00 -1.16849720e-01 1.46419311e+00
    -8.13324451e-02 -6.64905310e-02 1.60446596e+00 1.44434762e+00
    9.44958270e-01 1.25864029e-01 1.32683027e+00 9.78994370e-02
    3.65347266e-01 3.25456262e-01 8.35057855e-01 7.18619227e-02
    1.00932479e+00 2.88766980e-01 3.42557549e-01 1.66663790e+00
    2.84052491e-02 1.52087307e+00 1.04149532e+00 8.98225248e-01
    -3.07441175e-01 -3.27542663e-01 2.75868833e-01 1.32218432e+00
    9.67386127e-01 3.11396062e-01 1.31938362e+00 1.59502256e+00
    -3.40425760e-01 7.57817507e-01 2.46366501e-01 1.63932467e+00
    -2.67233431e-01 8.59533191e-01 5.28870523e-01 4.48269069e-01
    9.66710806e-01 1.13279366e+00 -7.00829446e-01 3.97086084e-01
    3.40933383e-01 -2.34399259e-01 8.55029285e-01 -7.32928514e-03
    -4.99737233e-01 4.28521037e-02 -7.43435621e-02 5.42109072e-01
    1.19549847e+00 -4.61452574e-01 1.66609979e+00 -1.50015771e-01
    1.12744868e-01 1.56907248e+00 7.19100475e-01 -3.33539665e-01
    1.12324238e+00 1.29498935e+00 2.73369968e-01 1.01156998e+00
    1.10024643e+00 -5.93550324e-01 1.10108471e+00 1.69926691e+00
    1.19973242e-01 1.02765155e+00 -6.51955724e-01 -2.04228222e-01
    8.82281423e-01 5.57467937e-01 7.44960785e-01 7.84428477e-01
    -6.22470260e-01 1.80217505e-01 1.06266165e+00 6.72556520e-01
    5.41154623e-01 -7.19889462e-01 -3.30136478e-01 1.17092276e+00
    1.25426078e+00 -5.15803695e-01 8.47122490e-01 5.10224104e-02
    1.55417240e+00 -3.00144374e-01 1.59554636e+00 -2.66532123e-01
    -6.91814542e-01 1.53980088e+00 9.75712001e-01 -5.78247726e-01
    2.95749724e-01 9.08095598e-01 9.08477843e-01 1.12292337e+00
    -2.12654471e-01 5.10785758e-01 4.95521784e-01 9.01059210e-01
    -1.07285023e-01 6.79513752e-01 4.79514003e-01 -1.44662142e-01
    1.62709928e+00 5.94681919e-01 3.56432199e-02 1.16979718e+00
    -2.03885019e-01 -5.97343981e-01 1.37087274e+00 1.15803170e+00
    9.25072253e-01 5.31643629e-01 8.56345773e-01 9.15954828e-01
    -2.38513112e-01 8.56475651e-01 1.55287373e+00 8.30630720e-01
    4.17281866e-01 -4.79706943e-01 5.93230605e-01 1.76560879e-01
    -5.42281747e-01 -5.47798574e-01 -6.30506396e-01 -1.59394979e-01
    1.43209124e+00 1.28308821e+00 4.13544774e-01 5.14393926e-01
    6.41330838e-01 -2.37672567e-01 -2.37784833e-01 4.32602942e-01
    1.94732845e-01 5.80486655e-02 3.72159123e-01 8.87871504e-01
    1.59099221e-01 4.84991312e-01 -3.00882339e-01 1.72006559e+00
    6.41399264e-01 -1.18027627e-01 -5.24109662e-01 1.40062618e+00
    1.42286086e+00 1.03461850e+00 1.30535889e+00 1.55945659e+00
    -3.36408585e-01 4.08553720e-01 8.52973461e-01 3.97344828e-02
    1.41302824e+00 1.73380470e+00 9.22524810e-01 1.38362157e+00
    5.28680801e-01 -4.49951053e-01 -3.48619789e-01 3.07451248e-01
    5.96301019e-01 4.55408752e-01 -2.58838981e-01 9.03096974e-01
    1.00434494e+00 8.21838379e-01 1.34345603e+00 1.41203165e+00
    5.64197481e-01 1.31676435e+00 6.07394397e-01 2.06199884e-02
    5.81187010e-02 -1.98894382e-01 8.10849071e-02 -5.37454486e-02
    1.47139549e-01 -7.19494760e-01 1.32649732e+00 1.08465683e+00
    -1.96484536e-01 -4.61336374e-01 -3.77200603e-01 -3.17043304e-01
    1.62529755e+00 2.61302471e-01 -4.89134759e-01 1.14160633e+00
    1.22439957e+00 6.39205933e-01 1.31458390e+00 8.41915071e-01
    -9.33436155e-02 1.35886729e+00 -1.02406740e-02 1.00534666e+00
    1.16210723e+00 -3.15245748e-01 6.00254893e-01 -3.82196039e-01
    -6.26162708e-01 6.03366852e-01 -1.63899124e-01 2.37652421e-01
    1.49329281e+00 -7.93486595e-01 1.44592237e+00 3.11101854e-01
    1.60145283e-01 2.12336957e-01 1.63857615e+00 -6.38918281e-01
    -2.50489056e-01 2.03382969e-03 5.04602790e-02 -3.30021113e-01
    1.34236288e+00 2.89403737e-01 1.04903638e+00 1.08902204e+00
    1.27579308e+00 -3.45122665e-01 -2.52613604e-01 1.21494877e+00
    9.43686664e-01 1.50113642e-01 -1.75512850e-01 6.21302903e-01
    1.55716753e+00 8.52393270e-01 4.31425750e-01 8.43633533e-01
    6.78845584e-01 8.19675267e-01 -2.51991391e-01 -4.61566448e-03
    7.53522635e-01 1.04396248e+00 -7.12533712e-01 1.16892636e+00
    1.38197541e+00 1.07799315e+00 1.62913346e+00 1.24138248e+00
    2.96402097e-01 5.00378609e-02 1.46564865e+00 -5.57230949e-01
    -5.94930291e-01 -6.39798939e-01 4.11157608e-02 1.35628462e+00
    -7.68566012e-01 7.12277651e-01 2.76761830e-01 6.93040848e-01
    -6.80480003e-02 9.91707921e-01 6.90787077e-01 -2.57244706e-01
    -5.24945259e-02 1.59334338e+00 5.52363515e-01 6.42763019e-01
    3.08671892e-01 -2.17047960e-01 -3.03171456e-01 -6.60907030e-01
    1.47588229e+00 5.26709795e-01 3.89577091e-01 1.15443969e+00
    8.61165524e-01 6.82216167e-01 1.55621028e+00 1.62437117e+00
    3.35897148e-01 1.17239249e+00 1.32326245e-01 -3.26521665e-01
    5.47519326e-01 1.18826306e+00 6.99987710e-01 1.78314567e-01
    4.00588453e-01 2.97006309e-01 -6.28824234e-02 8.33942115e-01
    -6.35343790e-01 -3.28510046e-01 2.30271637e-01 1.50311482e+00
    8.74884009e-01 3.39779437e-01 -3.37430626e-01 5.27710736e-01
    5.83062232e-01 8.39491308e-01 6.96576178e-01 6.58796430e-02
    1.20420897e+00 1.12423277e+00 1.14251363e+00 8.11099946e-01
    1.20003808e+00 9.86597359e-01 5.71157932e-02 7.44461060e-01
    1.57808745e+00 4.20013487e-01 3.37769389e-02 1.21319175e+00
    1.13547397e+00 1.66758823e+00 2.21980691e-01 -7.35263228e-02
    6.12642527e-01 1.36678648e+00 -9.28589106e-02 8.56450140e-01
    1.30541146e+00 6.79953635e-01 1.61341333e+00 -1.54758155e-01
    -4.26466882e-01 1.40314281e-01 7.68549144e-01 1.07098889e+00
    -1.33817077e-01 -2.38339692e-01 7.46251523e-01 8.54041100e-01
    -7.27439761e-01 1.01097298e+00 1.05330682e+00 -2.29385972e-01
    1.16221726e+00 6.98171973e-01 -2.69973576e-01 8.28503191e-01
    1.20889139e+00 1.33064651e+00 -3.59340727e-01 -3.41829747e-01
    -3.81591916e-02 5.55695713e-01 1.47925162e+00 4.83519316e-01
    1.08458805e+00 1.21713722e+00 -1.19186819e-01 1.68478072e-01
    1.64875698e+00 -6.03575408e-01 5.32394588e-01 1.37333083e+00
    -2.70536095e-01 -6.89483523e-01 1.56023681e-01 1.23356295e+00
    -6.40939236e-01 1.31494534e+00 1.01354134e+00 -8.39880109e-02
    1.03613698e+00 6.18770242e-01 7.02374518e-01 3.72211754e-01
    2.24531174e-01 -4.06709939e-01 4.59525347e-01 9.47018683e-01
    1.39233935e+00 -2.84426123e-01 -3.77410114e-01 1.13568366e+00
    -5.32276273e-01 1.88437641e+00 1.71953440e+00 5.36031604e-01
    7.04046249e-01 -3.29368025e-01 1.02206659e+00 -4.86056030e-01
    6.05957687e-01 7.29379416e-01 -6.56118393e-02 1.78296065e+00
    -3.55470777e-01 8.46017420e-01 -6.89519227e-01 -4.43122327e-01
    7.46079862e-01 -1.91957474e-01 -2.27900147e-02 1.37354934e+00
    7.00190663e-01 -1.98935747e-01 -6.75469458e-01 1.14934063e+00
    1.03283155e+00 -1.97290242e-01 -4.22750384e-01 -1.66434407e-01
    3.27481329e-01 1.06613302e+00 -3.25569153e-01 1.51975334e-01
    -2.52427965e-01 -6.61852598e-01 -6.64969862e-01 1.21459031e+00
    1.27265954e+00 1.05005407e+00 -4.43013370e-01 1.95697248e-01
    8.33493888e-01 -3.10058385e-01 1.49426675e+00 -5.13316035e-01
    1.24364948e+00 8.32726538e-01 -7.50348330e-01 1.25040352e+00
    1.21848536e+00 9.88562047e-01 1.36079311e-01 5.16739070e-01
    9.12668049e-01 1.28544569e+00 1.71154594e+00 -5.22649288e-01
    1.24006295e+00 9.48127151e-01 -3.58020335e-01 -4.37640309e-01
    1.98690295e-02 -2.48258412e-01 6.89029157e-01 7.40491450e-01
    -4.67091233e-01 1.39587116e+00 9.29642856e-01 1.34632444e+00
    9.88406181e-01 9.92611766e-01 1.29694355e+00 -2.69735813e-01
    1.05855286e-01 4.36999857e-01 -3.81418467e-01 -1.32140219e-01
    -2.26454288e-01 9.36875165e-01 6.80274963e-02 -1.05378628e-02
    1.04815018e+00 5.98465562e-01 6.30088627e-01 1.33327961e+00
    -3.34008932e-01 -2.26432443e-01 1.55939496e+00 1.19581604e+00
    5.02334952e-01 -1.20332599e-01 3.04571450e-01 8.09983492e-01
    1.65055776e+00 6.70343637e-01 1.26610184e+00 1.50575614e+00
    -6.23371661e-01 5.15007555e-01 -2.73045003e-01 1.23615003e+00
    -6.56978488e-01 7.18163848e-02 -1.38113737e-01 1.63529146e+00
    6.92258835e-01 -4.41264480e-01 1.73309469e+00 5.80802560e-02
    1.24289131e+00 -5.93852043e-01 1.52339399e+00 1.68354213e+00
    -4.16656345e-01 3.76963317e-01 -4.55870450e-01 9.38652039e-01
    9.15002525e-01 1.56829834e-01 3.02339554e-01 3.11373651e-01
    5.96240997e-01 -6.46305859e-01 8.37820947e-01 4.08764422e-01
    1.19269872e+00 1.87685251e-01 8.78786206e-01 -6.08024061e-01
    1.75608897e+00 -1.54604614e-01 4.94945109e-01 1.35108411e+00
    6.29888177e-01 1.52234471e+00 -3.67918909e-01 1.26101613e+00
    6.68824732e-01 -5.89927316e-01 4.92059827e-01 -3.02363247e-01
    5.23077011e-01 -6.10765159e-01 4.77525711e-01 8.29753995e-01
    1.79959679e+00 -3.67796332e-01 1.00543213e+00 7.27424204e-01
    3.71108174e-01 3.42068791e-01 2.74673343e-01 -7.55115092e-01
    1.48824811e+00 3.09076548e-01 5.15833855e-01 -2.26451814e-01
    -9.65371132e-02 6.51174188e-02 3.02731037e-01 -2.57599831e-01
    -1.36398911e-01 1.58097589e+00 8.97922158e-01 1.03032315e+00
    -2.16543972e-01 1.68152189e+00 7.45698273e-01 1.17862463e-01
    1.74869370e+00 4.68437672e-01 1.19213390e+00 8.12306643e-01
    -1.32588089e-01 -1.45851016e-01 9.13643777e-01 -7.52521157e-02
    -8.97249579e-02 6.02986395e-01 1.24995828e+00 1.40303159e+00
    6.81545436e-01 1.74898565e-01 -4.90382731e-01 1.37325859e+00
    1.41330361e-02 -6.56008840e-01 1.17302179e-01 -5.21738172e-01
    7.43656754e-01 1.33086610e+00 1.13336587e+00 8.47138882e-01
    -3.55946600e-01 -3.76641154e-01 1.45418704e-01 1.37419224e-01
    5.61857641e-01 9.05816317e-01 6.87523127e-01 -1.06910348e-01
    8.64096820e-01 1.37430882e+00 5.95610619e-01 1.48419285e+00
    6.00059152e-01 4.32840526e-01 -4.41215456e-01 -4.39832211e-01
    1.18325520e+00 1.35496879e+00 -5.35525680e-02 1.51062703e+00
    1.52942419e+00 1.41508222e+00 8.23416889e-01 1.64734459e+00
    1.30300212e+00 1.68386090e+00 9.76611674e-01 9.43576396e-01
    1.31833434e+00 1.22684145e+00 -1.46245658e-01 1.45924962e+00
    5.70386887e-01 2.02955365e-01 1.15144777e+00 5.72569907e-01
    3.58285487e-01 9.18266594e-01 -2.66696185e-01 3.86071205e-01
    -4.43702877e-01 3.50519657e-01 9.96071458e-01 -5.27124107e-01
    2.82620788e-01 1.37967288e+00 1.39091372e+00 -4.01291430e-01
    6.83934689e-01 1.32671368e+00 2.95861661e-01 1.01252341e+00
    2.09861577e-01 2.22853303e-01 -7.44492173e-01 1.77223897e+00
    -1.83204144e-01 4.53625679e-01 -3.65382433e-02 2.54477143e-01
    8.40127051e-01 6.36192799e-01 5.88708162e-01 -1.13314390e-03
    6.90320730e-01 -2.54121900e-01 -5.88409245e-01 -2.41619766e-01
    1.77147055e+00 -4.71211225e-01 1.63813353e+00 4.55384731e-01
    -5.32124043e-01 1.24521291e+00 -1.67329907e-01 7.56159365e-01
    5.38209021e-01 6.70857906e-01 7.84050643e-01 1.18961990e+00
    4.33351278e-01 1.09200251e+00 1.77865207e-01 1.53134143e+00
    6.96908891e-01 2.31400907e-01 1.47204876e+00 -7.49409020e-01
    1.66755342e+00 8.67035389e-02 1.11145747e+00 1.33057117e+00
    7.47754872e-01 1.52932012e+00 1.29960656e+00 1.63542509e+00
    9.38837111e-01 -1.35820210e-01 1.28576279e-01 5.21207929e-01
    -4.79878217e-01 1.12121618e+00 1.11746693e+00 -3.86819601e-01
    -5.96053481e-01 9.22550201e-01 4.68313515e-01 -3.53866994e-01
    1.56045318e+00 -6.93684816e-01 3.18600118e-01 1.55002761e+00
    -5.10846972e-01 1.30193067e+00 1.13993108e-01 1.57079780e+00
    8.21443021e-01 -1.53051019e-01 8.08141947e-01 1.75148666e-01
    -5.75396419e-01 -4.66982245e-01 6.94418907e-01 8.69400561e-01
    -6.14095747e-01 1.57527876e+00 -9.62796509e-02 9.36221659e-01
    -6.26617253e-01 6.61858916e-01 -2.31675923e-01 1.21709847e+00
    8.85820031e-01 -7.22066879e-01 1.69961643e+00 4.06717777e-01
    -1.58417165e-01 3.38573158e-01 6.27886653e-01 9.87972975e-01
    2.79537976e-01 1.02893054e+00 -3.16861272e-02 -5.95165908e-01
    1.34062684e+00 1.00500000e+00 -7.24523604e-01 1.21100056e+00
    9.74318266e-01 4.74748135e-01 -6.72967553e-01 5.41089058e-01
    7.61669874e-03 -4.82832491e-01 7.98268259e-01 -3.10249537e-01
    1.33533549e+00 -6.54518843e-01 -4.43415016e-01 4.55359221e-01
    1.08791471e+00 -4.72679645e-01 -2.81216025e-01 1.61334252e+00
    4.35919285e-01 1.53744519e+00 9.70718920e-01 -7.72301257e-01
    1.62601221e+00 1.33220112e+00 5.25141895e-01 -2.06841707e-01
    3.99021864e-01 9.09528136e-01 -1.98900640e-01 9.50058937e-01
    3.21230769e-01 -1.88226104e-02 -6.59891963e-02 2.07519472e-01
    -1.92522109e-01 1.38877380e+00 6.85211897e-01 -6.23994291e-01
    1.48836970e-01 -4.34946716e-01 -5.09056211e-01 1.54219913e+00
    1.44818938e+00 1.23323262e+00 3.25780272e-01 1.23919892e+00
    8.58477294e-01 8.60685110e-03 1.40811181e+00 1.15633130e+00
    1.27248943e-01 3.99279475e-01 7.27063119e-01 1.26692581e+00
    1.29831624e+00 9.97448206e-01 -2.57582188e-01 5.14257252e-01
    -1.36830300e-01 -8.29753876e-02 -5.15358806e-01 1.76622963e+00
    -4.25122410e-01 -2.01813638e-01 -4.54702497e-01 -2.21808672e-01
    1.37946296e+00 -8.38080645e-02 8.66861701e-01 1.45450282e+00
    6.86381161e-01 6.41039670e-01 2.46167183e-05 8.22464943e-01
    -4.04979587e-02 3.13077450e-01 1.54371548e+00 5.78178287e-01
    -2.24998266e-01 1.67236805e-01 -4.75040406e-01 -2.81842738e-01
    4.84295368e-01 8.16437662e-01 1.22679210e+00 -7.94248283e-01
    1.57101750e-02 -4.03282106e-01 8.56367528e-01 1.01714408e+00
    1.37664604e+00 1.46474528e+00 3.26003194e-01 -1.31967068e-02
    2.82763958e-01 9.29349661e-03 1.43932319e+00 8.19111466e-02
    7.01916099e-01 -2.61291564e-01 -6.00558817e-01 8.79759490e-01
    1.43775773e+00 -4.29253370e-01 1.64287305e+00 1.74921215e-01
    7.75140584e-01 -5.45302272e-01 6.12878442e-01 -6.27366245e-01
    1.01753592e+00 8.97282779e-01 1.33967280e-01 3.11617851e-01
    -3.58662575e-01 1.63313437e+00 -1.90329611e-01 9.33276355e-01
    -3.53960812e-01 1.27492738e+00 9.11578894e-01 4.61590469e-01
    2.48438656e-01 1.32961118e+00 3.03636074e-01 2.65548706e-01
    -5.55390656e-01 5.13082743e-03 1.17118025e+00 1.55549216e+00
    1.11645222e+00 9.23386216e-02 1.73749447e+00 -5.02479076e-02
    1.35960233e+00 -5.79593956e-01 1.18221962e+00 7.39167929e-01
    -1.85116529e-01 -2.80217379e-01 -6.26867414e-02 3.70449841e-01
    -4.52014923e-01 8.78995180e-01 -5.87226629e-01 1.44310808e+00
    3.03968310e-01 1.67220664e+00 1.20119166e+00 -4.93670374e-01
    1.18254542e+00 8.04211497e-02 1.74364269e-01 2.58017302e-01
    -5.00277400e-01 6.62442803e-01 -9.27141905e-02 -4.36278552e-01
    -6.35903239e-01 4.23100471e-01 1.57048082e+00 3.80335212e-01
    1.62885785e+00 8.59564006e-01 1.31129479e+00 4.37861919e-01
    1.68252432e+00 -7.51884580e-02 -5.72085977e-01 2.02725768e-01
    9.18694019e-01 1.21862316e+00 1.81439340e-01 -4.99398530e-01
    2.51674950e-01 9.00812745e-01 -3.55126321e-01 1.80162740e+00
    -4.42538321e-01 -6.10871017e-01 5.22076011e-01 1.66030467e-01
    2.56717682e-01 2.51286924e-01 3.34016562e-01 1.29328585e+00
    4.90973532e-01 3.51335526e-01 9.46002305e-01 4.11881924e-01
    4.00751829e-01 -1.31283641e-01 -6.13175154e-01 4.34777260e-01
    1.24703884e+00 8.65548849e-01 1.24245131e+00 -2.43574679e-01
    1.07474995e+00 1.56168413e+00 -5.22808492e-01 4.19398665e-01
    1.54622722e+00 -3.04672480e-01 8.36967528e-01 -6.86284304e-01
    7.60131598e-01 -8.60968232e-02 5.22339702e-01 8.54699612e-01
    -7.26609409e-01 9.60154593e-01 1.59485674e+00 1.44007444e+00
    1.34248221e+00 1.21349919e+00 5.80365419e-01 9.28126395e-01
    -6.78481042e-01 1.11452866e+00 1.03034687e+00 6.43601835e-01
    1.29435885e+00 8.62686157e-01 5.21730006e-01 1.33988810e+00
    -2.64686286e-01 1.34355032e+00 7.01036751e-01 -4.03602749e-01
    1.21774399e+00 3.68736625e-01 1.54863644e+00 1.64687800e+00
    1.84811163e+00 4.43357050e-01 1.94913089e-01 1.33064198e+00
    8.53601277e-01 2.85709500e-01 -6.25343442e-01 1.32468307e+00
    -3.74500066e-01 -6.05165303e-01 1.76438689e-01 -2.82453358e-01
    1.08833623e+00 -2.43884891e-01 6.74996555e-01 4.29077923e-01
    7.07859635e-01 -8.28856230e-03 9.74590600e-01 1.65473378e+00
    -6.66303456e-01 1.25030816e-01 -3.68252367e-01 -7.37392902e-03
    2.39911556e-01 6.45665348e-01 1.40562057e+00 1.26395047e+00
    -3.32615227e-01 1.60151863e+00 3.50162745e-01 1.36976290e+00
    7.10446596e-01 1.10640693e+00 5.47853470e-01 8.89678419e-01
    8.58415544e-01 5.83273292e-01 1.20753360e+00 1.64021277e+00
    4.28664863e-01 1.19029045e+00 8.29980254e-01 6.25714481e-01
    9.86323774e-01 -2.04553604e-02 -3.80560935e-01 8.76006782e-01
    1.51069450e+00 6.93749547e-01 -5.38604140e-01 6.46838367e-01
    3.88094962e-01 1.05077434e+00 -2.60024577e-01 4.56128895e-01
    6.07009053e-01 5.99477708e-01 5.99237680e-01 8.69211137e-01
    1.52287471e+00 5.02542377e-01 6.63390100e-01 -6.58078909e-01
    -3.48386407e-01 6.29506409e-01 1.29957938e+00 4.26572561e-01
    -2.76107430e-01 3.89273703e-01 -8.29964876e-02 -5.91396093e-02
    1.32258058e+00 8.31763387e-01 1.30904853e+00 9.32000875e-02
    8.80982280e-01 1.93779588e-01 3.15516829e-01 1.15024781e+00
    1.60595536e-01 -5.02651572e-01 1.74165404e+00 5.52922845e-01
    5.85318804e-02 1.01104426e+00 1.46842396e+00 1.20461917e+00
    1.06802094e+00 1.03664470e+00 -3.85038972e-01 7.97819316e-01
    -5.00929475e-01 4.81363177e-01 1.58401275e+00 1.23602891e+00
    4.51878369e-01 5.74578822e-01 -3.38064820e-01 -2.61115789e-01
    1.09103322e+00 9.54326987e-01 1.48747468e+00 1.06454611e-01
    1.39124703e+00 9.54836130e-01 9.06146944e-01 1.58702886e+00
    -5.28302431e-01 3.26773822e-01 1.33052111e+00 9.91392255e-01
    1.26306129e+00 -7.95677841e-01 -4.00088429e-01 1.45951450e+00
    8.47499669e-01 1.63840413e+00 -2.19622850e-02 9.88432348e-01
    -5.71161151e-01 1.53273332e+00 -4.51219082e-03 -1.43097758e-01
    7.09381878e-01 1.22341776e+00 1.38835740e+00 1.09621954e+00
    1.40809989e+00 3.39005649e-01 1.29915035e+00 8.21465731e-01
    1.50083923e+00 8.35206747e-01 1.17948651e-02 -8.01782608e-02
    -2.77409434e-01 9.64684188e-01 1.01924300e+00 1.28994036e+00
    2.64669836e-01 8.93245041e-01 -7.78870285e-01 1.67764258e+00
    1.51581883e+00 1.53251290e-02 5.95230043e-01 -3.64006549e-01
    4.50775445e-01 -2.63855606e-01 1.59508586e+00 -3.91557813e-02
    -6.06727004e-01 7.90471733e-01 3.96692634e-01 3.00893962e-01
    1.87539756e-02 1.17067122e+00 -1.85990691e-01 -1.04012996e-01
    -4.10752714e-01 -1.19556069e-01 1.10847676e+00 1.46783638e+00
    1.59765840e-01 6.99884772e-01 9.04103220e-01 1.27880311e+00
    -3.88199151e-01 -5.20419478e-02 -2.61585414e-01 1.69721711e+00
    -6.25959098e-01 9.79293346e-01 7.51559615e-01 3.05400193e-01
    1.52211952e+00 -2.66765773e-01 8.67101550e-02 6.59609675e-01
    -5.30596554e-01 1.46670723e+00 8.74451518e-01 6.85239851e-01
    4.47675109e-01 -4.60271001e-01 -1.20782256e-01 -6.90759063e-01
    2.12566555e-01 3.24728310e-01 1.19900203e+00 -1.29229426e-02
    -6.18904412e-01 -4.19601351e-01 1.80907416e+00 3.55734766e-01
    8.42455089e-01 1.60039771e+00 -2.79765993e-01 3.09578240e-01
    8.92450392e-01 1.01665974e+00 4.41723764e-01 4.59733725e-01
    2.96317756e-01 -1.67524308e-01 -4.41300124e-01 1.40678120e+00
    -6.40538812e-01 7.49126375e-01 1.22238851e+00 -7.35543489e-01
    1.67275071e-01 1.40749085e+00 1.16665840e-01 -3.67213100e-01
    -3.91584784e-01 1.56767273e+00 1.60049498e-01 -1.23432100e-01
    2.27995098e-01 1.35366559e+00 9.90482211e-01 3.66299450e-01
    1.32125616e+00 7.96983123e-01 7.20129430e-01 1.08587170e+00
    9.20256376e-02 -5.79501629e-01 3.53376687e-01 1.59961474e+00
    1.48689973e+00 1.34467220e+00 1.62351537e+00 1.17362285e+00
    -6.35139704e-01 1.91207707e-01 5.03014684e-01 1.35923827e+00
    2.69454956e-01 1.55713141e-01 1.49357438e+00 2.68271923e-01
    3.21446419e-01 1.46652138e+00 4.00422156e-01 2.66413689e-02
    6.18063986e-01 1.37362623e+00 -2.05842316e-01 -2.18536496e-01
    1.21338987e+00 1.34700179e-01 4.06746745e-01 -2.90379822e-01
    -3.96755517e-01 -5.06643474e-01 -6.41493678e-01 -5.86647987e-01
    4.75090027e-01 1.24190378e+00 1.31774819e+00 9.24172938e-01
    5.24655581e-02 1.09406257e+00 5.05626738e-01 4.35865402e-01
    4.31072891e-01 1.39946604e+00 -3.64070266e-01 -5.35882950e-01
    1.37155569e+00 5.47099113e-01 8.25326562e-01 1.78447783e-01
    -1.11787975e-01 1.06730342e+00 1.47580433e+00 1.13099730e+00
    7.55590320e-01 7.85347521e-01 -7.06896186e-02 -6.41864300e-01
    -1.98473632e-01 -3.40389103e-01 -1.95257008e-01 9.20677066e-01
    5.54293036e-01 -5.95453262e-01 1.30421638e+00 1.57912552e+00
    1.33173442e+00 -3.90761882e-01 -2.41784543e-01 -1.06547117e-01
    -6.05186939e-01 1.06711042e+00 2.37856090e-01 9.48167145e-01
    -4.04085487e-01 -4.77683932e-01 1.31877685e+00 1.13677013e+00
    6.48174882e-02 -3.16911131e-01 1.20179105e+00 -6.48864150e-01
    -5.83686888e-01 1.21133578e+00 2.49971867e-01 -4.82407928e-01
    3.40298355e-01 7.40370870e-01 1.63159299e+00 1.17013586e+00
    -3.18560272e-01 1.63823843e-01 -1.76908702e-01 -1.29449904e-01
    1.64579248e+00 7.05146253e-01 -3.19864452e-01 9.32483256e-01
    -5.81839561e-01 1.33183122e+00 1.01569796e+00 7.72665918e-01
    6.34176612e-01 7.82149911e-01 7.96181500e-01 -1.09543145e-01
    1.49199820e+00 3.02840829e-01 -1.61110103e-01 1.57668853e+00
    1.54864359e+00 1.74962604e+00 -3.75535607e-01 2.33440876e-01
    1.97482765e-01 3.82015407e-01 5.15515864e-01 9.84528303e-01
    9.31602955e-01 5.77577889e-01 -1.78006113e-01 -5.66253424e-01
    8.09037447e-01 8.62550676e-01 1.36824298e+00 1.04172873e+00
    -3.76035362e-01 -3.82140249e-01 2.22530186e-01 1.54852557e+00
    -1.03730857e-01 9.25440490e-01 2.31305480e-01 -4.47692752e-01
    -2.12326109e-01 7.39052057e-01 2.98914135e-01 1.26304579e+00
    9.61035848e-01 6.51146948e-01 8.67475271e-02 -4.06554520e-01
    4.41381335e-02 6.99539959e-01 1.02500665e+00 7.58191526e-01
    -3.22217941e-01 3.24102163e-01 -5.66376090e-01 4.58720505e-01
    1.13810265e+00 -2.19495296e-01 6.19934440e-01 1.04414845e+00
    -6.12784386e-01 3.19192052e-01 -2.42925882e-01 -4.28887099e-01
    -6.21110260e-01 1.08287549e+00 6.85685098e-01 -1.25131667e-01
    1.63831639e+00 8.16920161e-01 5.95474720e-01 1.11698389e+00
    1.27810419e+00 9.36371386e-01 6.18894339e-01 2.54199862e-01
    1.51013660e+00 -1.51667058e-01 -4.87687379e-01 6.92876399e-01
    8.78144205e-01 -4.79609936e-01 1.33831143e+00 -2.81743944e-01
    1.22409809e+00 1.03120923e+00 9.94764566e-02 -6.08137846e-02
    -2.87603885e-01 1.05311942e+00 -2.85229623e-01 8.81632805e-01
    5.99774837e-01 -3.81352782e-01 9.91134405e-01 -7.21186697e-02
    9.15488243e-01 -4.01421487e-01 1.19157410e+00 1.53847265e+00
    5.38218439e-01 -6.72817230e-03 1.12985754e+00 1.47756159e+00
    1.48562098e+00 -6.09617233e-01 1.59246826e+00 3.19013000e-01
    -5.98112226e-01 1.54289365e+00 4.76591647e-01 9.69597578e-01
    -1.21587336e-01 3.40388596e-01 -2.22955972e-01 8.25892031e-01
    -6.47968948e-01 1.07398415e+00 -1.03975952e-01 1.06510246e+00
    -3.58995646e-01 -4.60291475e-01 1.65492165e+00 9.81715620e-01
    -2.66208649e-02 -9.69414711e-02 1.37459612e+00 1.30690932e+00
    9.32133019e-01 9.81559753e-02 5.59121847e-01 -4.41291332e-01
    -4.91081417e-01 7.48849511e-01 9.62414920e-01 2.31443882e-01
    3.19802344e-01 1.61773062e+00 -1.16452932e-01 6.62959754e-01
    -4.08959389e-03 3.01474273e-01 1.24627328e+00 -6.35797262e-01
    1.07275093e+00 1.77003741e-01 1.65018916e-01 1.44328928e+00
    6.29777312e-01 2.98467696e-01 2.21538723e-01 9.45765853e-01
    2.08690166e-02 1.83272183e-01 1.09995246e-01 5.20211995e-01
    -3.60727102e-01 5.66544294e-01 -8.67123604e-02 1.44983864e+00
    1.07142460e+00 1.60458255e+00 6.55516982e-01 1.66937923e+00
    4.20080423e-02 -1.46836042e-03 9.65249717e-01 5.98787844e-01
    1.12533116e+00 -7.41715312e-01 -6.80082262e-01 -4.29415584e-01
    1.06975651e+00 5.64744353e-01 -5.33793330e-01 -5.86127520e-01
    1.53765106e+00 1.11520445e+00 2.65463412e-01 -5.35114825e-01
    -3.54030222e-01 5.26369512e-01 -6.68752015e-01 1.30537879e+00
    9.44715500e-01 1.19991183e-01 7.85705566e-01 1.15714538e+00
    1.28129637e+00 4.09214139e-01 5.57853162e-01 9.44198370e-01
    3.66277695e-02 4.58848774e-01 1.20135796e+00 1.52837980e+00
    1.22299051e+00 1.00567567e+00 -1.13494873e-01 -4.33501035e-01
    7.51452684e-01 1.58299327e+00 -5.35962224e-01 2.19202459e-01
    -2.33180016e-01 -1.65449947e-01 -3.06828737e-01 1.11610389e+00
    -2.81077802e-01 1.19893277e+00 1.14552498e+00 9.13249791e-01
    -4.48829204e-01 1.42982388e+00 3.25818181e-01 2.89928794e-01
    1.41085505e+00 1.19640875e+00 1.43810058e+00 9.47520494e-01
    1.81579590e-01 3.04938257e-01 1.48531139e+00 2.24237204e-01
    5.85646331e-01 1.24595404e-01 -5.26613832e-01 3.38709593e-01
    7.80493617e-01 1.64453864e-01 -9.24205780e-02 2.62600541e-01
    2.59234965e-01 -3.12691927e-03 8.85468543e-01 5.17294526e-01
    -1.37752593e-01 7.24168956e-01 6.73470855e-01 1.72923446e+00
    2.26941705e-02 1.66189408e+00 1.33958399e+00 9.73123610e-01
    8.75597835e-01 -4.55091596e-01 1.40465164e+00 1.14196420e-01
    -4.87330616e-01 1.50907683e+00 -5.12060821e-01 1.22468293e-01
    -5.01351595e-01 1.09256673e+00 1.00701237e+00 2.98735797e-01
    -3.37712765e-02 3.58946502e-01 1.87687874e-01 -6.39617085e-01
    1.52936912e+00 5.50554335e-01 -6.45583391e-01 1.45595646e+00
    1.07544470e+00 1.32039475e+00 -6.87960684e-01 1.45918322e+00
    4.42875743e-01 -6.46914303e-01 1.18004811e+00 1.30443513e-01
    1.22671878e+00 -4.29397285e-01 6.42937422e-02 3.17148566e-02
    1.86578608e+00 5.00198722e-01 1.45718193e+00 7.00441241e-01
    -5.05739033e-01 8.87980700e-01 -3.21588546e-01 1.70480275e+00
    -5.64485788e-01 1.52193713e+00 2.66728997e-01 -7.24369884e-01
    1.53171360e+00 2.81560659e-01 3.98459494e-01 -3.04411411e-01
    -3.89078647e-01 4.75033820e-01 1.02368832e+00 9.95581567e-01
    3.14328790e-01 -7.07440257e-01 -3.18556607e-01 1.15070248e+00
    1.62735510e+00 1.65367413e+00 8.55277181e-01 1.43364596e+00
    -5.62737107e-01 9.08677518e-01 1.18286991e+00 1.20101786e+00
    8.65272343e-01 1.29397511e+00 1.24217999e+00 -5.35176158e-01
    1.12170792e+00 1.05179811e+00 -3.80575508e-01 -1.58792257e-01
    1.41253567e+00 5.59494972e-01 5.00868022e-01 1.09987295e+00
    1.81762040e-01 1.65463865e+00 2.60570168e-01 -7.33473122e-01
    3.28673661e-01 3.13850760e-01 1.44029689e+00 9.21870649e-01
    -2.22439587e-01 9.08610761e-01 -2.36347258e-01 4.73031342e-01
    -5.85340917e-01 4.02408302e-01 3.57740998e-01 1.76317084e+00
    -6.39565170e-01 1.56079412e+00 -5.03140211e-01 1.28967738e+00
    -5.24733484e-01 5.87184668e-01 9.73023355e-01 -1.45497680e-01
    6.41882420e-01 6.05050385e-01 1.76123905e+00 8.15133750e-01
    4.02260303e-01 7.54559577e-01 3.80865335e-02 3.18909466e-01
    -1.79088175e-01 3.63052070e-01 1.02946186e+00 1.07938552e+00
    -1.01843834e-01 -5.14289141e-01 8.79196644e-01 5.81301987e-01
    1.01202846e-01 1.29664040e+00 1.43859243e+00 3.22524905e-02
    1.67465782e+00 8.78671050e-01 7.14079261e-01 6.67921424e-01
    -1.68016315e-01 7.19510257e-01 8.41436982e-01 -7.09086061e-02
    9.64895248e-01 6.28680825e-01 -4.98064369e-01 1.57219243e+00
    -5.20143747e-01 8.76812637e-01 6.28252745e-01 1.53712130e+00
    -4.94539678e-01 3.28566432e-01 -2.19457507e-01 -1.79177225e-01
    7.12829411e-01 1.36177444e+00 1.73339283e+00 -5.42199612e-03
    -3.53582501e-02 6.50396585e-01 3.11585426e-01 4.99626100e-01
    -3.94621491e-01 6.08814359e-02 1.11106503e+00 1.45379686e+00
    8.79037261e-01 6.63385570e-01 -4.55886364e-01 9.52336907e-01
    2.29490995e-02 3.37879777e-01 1.29020119e+00 -1.07610941e-01
    1.18203461e+00 1.23822999e+00 1.13970280e-01 1.61748946e+00
    2.97550917e-01 -2.78109521e-01 3.14177752e-01 -9.20782685e-02
    7.62226582e-01 1.87953770e-01 -3.59563440e-01 2.96565831e-01
    -6.52725577e-01 -2.18315780e-01 8.44457150e-02 -6.45544410e-01
    -5.69397986e-01 -5.82746983e-01 4.49321449e-01 3.85624170e-03
    -5.37873745e-01 1.55933094e+00 7.92521775e-01 -2.36072779e-01
    4.39359784e-01 6.74397290e-01 -3.10908496e-01 1.53211951e-02
    1.48119807e+00 5.87300718e-01 -9.97593403e-02 1.05468655e+00
    -8.36496353e-02 4.36075151e-01 -5.03178835e-02 7.90666640e-01
    6.20148301e-01 3.34792376e-01 -3.92367840e-02 7.40039885e-01
    -6.96607947e-01 3.28810513e-01 2.20123053e-01 2.29628623e-01
    -1.84193075e-01 1.09300947e+00 1.30859447e+00 -7.39769280e-01
    6.85957730e-01 -4.44301635e-01 6.06761098e-01 1.04262710e-01
    3.36567521e-01 -4.20829475e-01 1.32043624e+00 1.09098709e+00
    -4.22585160e-01 1.37579560e+00 6.29943967e-01 -1.06560558e-01
    -6.71085715e-01 1.19570863e+00 1.60951364e+00 6.16919219e-01
    5.36599755e-01 1.42104125e+00 6.03353381e-01 3.85260582e-01
    5.60566247e-01 6.45969093e-01 5.11080980e-01 5.02366960e-01
    1.11300540e+00 2.35652626e-01 -3.55272979e-01 -3.75033230e-01
    2.12996602e-02 6.94025397e-01 1.45493269e+00 -1.25089586e-01
    4.72933888e-01 -6.89419508e-02 9.42341089e-02 1.12650943e+00
    1.65105653e+00 -2.21689939e-01 1.05639267e+00 1.46603775e+00
    -5.47088563e-01 9.39809978e-01 -4.26792711e-01 2.12317705e-03
    6.65538192e-01 -5.04786789e-01 2.71654189e-01 1.17637992e+00
    9.06656742e-01 -2.03116655e-01 -1.92883044e-01 5.60951412e-01
    3.20470214e-01 1.45594549e+00 -3.50635141e-01 3.28312933e-01
    -5.35983384e-01 4.60269451e-01 1.36798239e+00 -4.85100061e-01
    -2.70267516e-01 8.54667842e-01 8.66803050e-01 1.02027678e+00
    -4.01447356e-01 -1.10246360e-01 5.39497137e-01 1.16931522e+00
    1.28980303e+00 -1.55640423e-01 9.41266656e-01 5.78140140e-01
    8.43873858e-01 5.18610716e-01 1.02040708e-01 1.16151273e-01
    -5.06280303e-01 -5.05197346e-01 -2.17763186e-02 -5.95445037e-01
    -3.08081508e-01 3.44224811e-01 -1.60590827e-01 4.20808494e-01
    8.54129374e-01 -1.14791930e-01 8.43688548e-01 -5.16047478e-01
    -2.11567283e-02 -2.39658505e-01 9.43049729e-01 -1.56359971e-01
    -5.28001666e-01 1.22812629e+00 1.46684515e+00 6.71408951e-01
    1.24796283e+00 6.30586743e-02 6.47444487e-01 1.36719453e+00
    6.57577991e-01 2.86614835e-01 5.40935993e-02 -3.71865571e-01
    -4.22666550e-01 -2.63597488e-01 -1.14951074e-01 1.08830500e+00
    1.61823750e+00 2.77761400e-01 -2.14694262e-01 3.91924500e-01
    1.59576631e+00 3.51905525e-01 3.36566031e-01 1.48125529e+00
    1.03693199e+00 -7.26700008e-01 1.54180992e+00 -1.98708773e-01
    8.30493629e-01 1.59606922e+00 1.10703206e+00 -6.34299517e-01
    5.42642474e-01 -1.40293121e-01 -1.42100215e-01 1.65901244e-01
    -2.41670609e-01 1.48379445e+00 1.66739249e+00 -1.72082186e-02
    -2.10772216e-01 5.60129344e-01 1.70395041e+00 1.24420536e+00
    -4.28019196e-01 -5.32656670e-01 2.90622830e-01 -6.09129965e-01
    -5.37178516e-02 8.01003158e-01 -9.69266891e-03 2.14667618e-01
    8.81386161e-01 8.21442187e-01 1.31635511e+00 -6.52790666e-02
    1.24629021e+00 -5.94196916e-02 1.73243833e+00 1.38487363e+00
    1.07869077e+00 -5.68895400e-01 2.75748193e-01 4.74491358e-01
    1.11238337e+00 8.50347519e-01 6.26862288e-01 -4.89624351e-01
    -4.40490812e-01 8.02588522e-01 -1.23244643e-01 7.35665321e-01
    1.08338320e+00 1.13838720e+00 -8.58917952e-01 1.38568926e+00
    -5.28573990e-01 5.28317690e-02 -6.08872771e-01 1.28665912e+00
    1.07493174e+00 1.37402010e+00 1.00948715e+00 7.64738619e-01
    1.58058500e+00 1.53510904e+00 8.06512773e-01 3.86288643e-01
    2.66252577e-01 1.53705084e+00 1.38966751e+00 -2.85762042e-01
    -4.08802032e-01 1.66707039e+00 1.73977065e+00 7.01597512e-01
    -4.66992229e-01 1.02527475e+00 6.99839592e-01 9.01030779e-01
    7.18777835e-01 -7.00956106e-01 7.44489968e-01 -2.17522979e-02
    -4.81305599e-01 1.24372315e+00 8.59298110e-02 2.32125282e-01
    8.57949972e-01 1.43610454e+00 -5.34021318e-01 3.56331825e-01
    8.77077460e-01 1.41118073e+00 -1.07114196e-01 1.55798316e-01
    5.53253710e-01 1.60413694e+00 -7.96385407e-02 8.43146622e-01
    6.85519278e-01 6.02021873e-01 1.46041083e+00 1.05039406e+00
    -1.59830213e-01 -3.51757199e-01 8.13374221e-01 -2.45087028e-01
    -5.69171190e-01 9.25259113e-01 4.19641435e-01 6.20560050e-01
    -1.65483922e-01 6.73048735e-01 4.04232860e-01 1.21969962e+00
    5.50775826e-01 -5.94220102e-01 5.98416328e-02 2.37995982e-01
    -3.50513399e-01 4.17151690e-01 1.28518605e+00 1.44297755e+00
    -5.11911273e-01 1.58690667e+00 8.57808292e-01 2.52972841e-02
    7.34305501e-01 1.26912475e+00 4.15930629e-01 -5.00681400e-02
    -6.55970514e-01 2.55472958e-01 -6.02175593e-02 -1.06759071e-02
    1.25658822e+00 1.03633332e+00 2.20860124e-01 1.55388021e+00
    -5.77695727e-01 -2.01262772e-01 3.61467600e-02 1.63718760e-01
    9.46671963e-01 8.29188883e-01 9.84417021e-01 4.29612041e-01
    2.41282940e-01 -4.08360183e-01 -5.89973152e-01 9.64814663e-01
    1.54313874e+00 8.78340006e-01 5.07865608e-01 -2.71970570e-01
    8.44809055e-01 -2.69767642e-01 1.45767951e+00 1.02780461e-02
    1.17593813e+00 -1.97210133e-01 4.58721876e-01 -6.21138692e-01
    -2.40497500e-01 1.20091128e+00 -5.67081571e-02 3.67088914e-01
    -6.77687109e-01 -3.72883469e-01 1.48099959e-01 1.48530817e+00
    -2.69151330e-02 -4.86978114e-01 5.09497166e-01 9.17136133e-01
    4.86982226e-01 6.54627144e-01 5.40004909e-01 7.32319355e-02
    1.58627295e+00 2.81298161e-02 -2.59732604e-01 1.30478120e+00
    -1.02411330e-01 1.00752926e+00 6.57453895e-01 -2.87778974e-01
    9.80416477e-01 1.60023093e-01 7.63790429e-01 -5.25891602e-01
    5.33127367e-01 1.79746175e+00 3.09403062e-01 1.68620443e+00
    6.15124464e-01 -4.60479498e-01 1.61487675e+00 4.63345528e-01
    6.97705984e-01 9.30398703e-03 1.22260070e+00 1.94683731e-01
    6.65596902e-01 -2.82210708e-01 9.11280155e-01 8.04583311e-01
    1.44074464e+00 -2.32210755e-01 3.96437466e-01 6.28015220e-01
    -7.24723518e-01 3.63659143e-01 1.30264711e+00 1.22293472e+00
    1.09180093e+00 2.19111681e-01 -6.07334077e-01 -2.88707525e-01
    1.59165800e+00 -5.25087118e-02 1.50117731e+00 4.79344130e-02
    2.03239083e-01 6.98073566e-01 -5.16893387e-01 -4.20681715e-01
    1.22632837e+00 -4.13089991e-02 4.44170177e-01 5.47210574e-02
    -1.35458648e-01 -3.17607105e-01 1.27423620e+00 2.47213542e-01
    1.42419958e+00 1.08001995e+00 1.50071359e+00 -4.50338125e-02
    7.63183832e-03 -2.97991574e-01 6.38675809e-01 1.34620714e+00
    -5.33911586e-02 -2.37233937e-01 1.70029497e+00 -5.66803098e-01
    6.57223463e-02 1.22111285e+00 5.88430226e-01 7.89089680e-01
    5.28246284e-01 -4.83672619e-01 -6.71029091e-03 3.24555099e-01
    -2.27117479e-01 -3.43508422e-01 -5.86144805e-01 -7.26500034e-01
    7.22758412e-01 1.24317777e+00 9.73654330e-01 4.53585267e-01
    1.60212266e+00 -8.62064719e-01 -4.76263285e-01 1.03070188e+00
    4.05535519e-01 1.00968075e+00 1.54558921e+00 9.27627921e-01
    -1.02970362e-01 -3.74465436e-01 4.44318533e-01 1.08373165e-01
    1.03508592e+00 6.87399447e-01 6.52918220e-02 -2.78602779e-01
    6.20094955e-01 1.72068095e+00 3.22083890e-01 -5.64414144e-01
    1.06241965e+00 1.22966886e+00 -5.85515618e-01 1.91965520e-01
    1.45149207e+00 1.23325968e+00 1.03427947e-01 3.91937256e-01
    -7.02254772e-01 -1.59979820e-01 8.23146999e-01 1.54241180e+00
    9.28881347e-01 1.50864220e+00 1.49844003e+00 4.40686226e-01
    -2.98296571e-01 -6.57458067e-01 6.63967729e-01 -4.45299447e-01
    1.41011715e+00 3.90459895e-02 -5.87337077e-01 5.88554978e-01
    1.35215950e+00 7.30994284e-01 1.27260625e+00 1.03925359e+00
    -5.03194571e-01 1.70890498e+00 1.16062033e+00 3.61007631e-01
    5.39515078e-01 1.31390190e+00 6.31976962e-01 -8.04626942e-03
    2.58854866e-01 -2.00106800e-01 6.43936813e-01 1.26593530e-01
    1.57828021e+00 5.92467248e-01 1.54671907e-01 -1.48274302e-01
    1.56277370e+00 5.70098758e-02 1.24330568e+00 -3.57664496e-01
    -5.26439190e-01 1.49031591e+00 -4.75067228e-01 7.84334421e-01
    1.41391706e+00 1.58322144e+00 2.34322786e-01 1.45545805e+00
    7.10371137e-01 8.04249465e-01 -3.34636956e-01 1.56058192e-01
    -7.80952573e-02 -2.05313593e-01 1.44202530e+00 1.50640154e+00
    1.15923715e+00 -1.21349812e-01 8.59431624e-02 1.04669428e+00
    1.35883045e+00 -1.72455728e-01 -6.51705980e-01 -4.14343148e-01
    1.57248044e+00 1.23501182e+00 4.40352619e-01 -2.17226803e-01
    1.65595245e+00 -2.39692181e-01 1.32402539e+00 1.44936705e+00
    1.02785468e+00 3.52133870e-01 1.48851848e+00 1.47837329e+00
    1.17285788e+00 -5.59243083e-01 6.35635793e-01 1.43381023e+00
    3.92437637e-01 8.92683744e-01 7.10347295e-01 -5.20800650e-01
    1.74065518e+00 6.88918948e-01 -5.76303840e-01 2.80752242e-01
    8.76580477e-02 1.60193253e+00 -8.30380380e-01 1.25884008e+00
    1.11453676e+00 -8.28297734e-02 6.42670631e-01 1.69110775e+00
    -5.94124317e-01 1.12655926e+00 3.20749760e-01 4.41105187e-01
    -7.50035644e-02 1.54653788e-01 1.50583363e+00 5.84864259e-01
    8.27295065e-01 1.53416753e+00 5.78467071e-01 4.58868682e-01
    9.15856123e-01 -1.95242286e-01 1.37656653e+00 6.55937314e-01
    -3.37576628e-01 8.74527037e-01 1.60895586e+00 1.29798353e+00
    -1.05629981e-01 -7.00500548e-01 7.75663078e-01 -3.55092496e-01
    -2.89453685e-01 1.37202668e+00 -2.66403854e-01 -4.20678735e-01
    6.03114784e-01 -3.03605914e-01 -4.03705597e-01 -2.04944015e-02
    2.76591003e-01 1.08300507e+00 1.58913910e-01 1.36597180e+00
    3.68693352e-01 1.62438881e+00 1.24990749e+00 1.09703064e-01
    -5.97488284e-02 1.48807192e+00 4.08227563e-01 1.21809721e-01
    1.33375931e+00 4.42910910e-01 4.02802408e-01 7.00705290e-01
    -6.41023636e-01 4.76425529e-01 2.71640062e-01 1.75618529e-02
    -6.28681600e-01 -8.38673115e-03 -1.16240144e-01 9.03443873e-01
    9.42998707e-01 1.30827713e+00 -3.45009059e-01 3.94683421e-01
    6.37614667e-01 -6.20100856e-01 1.71637237e+00 1.15331173e-01
    7.67168403e-02 -3.99611503e-01 -5.40430546e-02 3.98410141e-01
    -7.22354054e-02 1.18728161e+00 5.15254676e-01 5.17568707e-01
    -5.70939541e-01 6.62998080e-01 1.29140067e+00 -6.32642925e-01
    -1.65682435e-02 9.42805767e-01 6.64724231e-01 1.33854473e+00
    1.39518285e+00 -4.96826172e-01 -4.58212227e-01 -7.42545903e-01
    1.60652232e+00 -2.07786500e-01 5.62481761e-01 -4.41761464e-01
    -4.81789827e-01 1.11047339e+00 1.82861507e-01 1.58167100e+00
    -1.35727048e-01 6.37169361e-01 6.34221435e-01 8.02364945e-01
    -2.73179799e-01 -2.62142897e-01 7.12573528e-01 1.39836538e+00
    4.48158085e-01 1.39649081e+00 -4.02202725e-01 9.89148319e-01
    1.24161816e+00 1.04750395e-02 -3.82864833e-01 1.21751761e+00
    6.33064091e-01 7.04916298e-01 1.04873002e-01 1.08414805e+00
    1.13840246e+00 1.36600399e+00 9.12581027e-01 1.45609689e+00
    8.28809977e-01 -2.34804451e-01 1.60871148e+00 -6.83269560e-01
    -3.76158953e-02 -2.45562673e-01 1.06849992e+00 -4.63025421e-01
    1.19103587e+00 7.88879275e-01 3.22915912e-01 3.44016492e-01
    1.28767490e+00 8.94490659e-01 4.29335356e-01 9.19690132e-01
    6.33212984e-01 1.32575250e+00 1.49853349e+00 1.38054872e+00
    1.16849518e+00 -5.44354200e-01 4.78661656e-02 6.60975337e-01
    -1.72610879e-02 5.29883027e-01 -1.40380085e-01 3.67910624e-01
    -5.66571116e-01 -3.86700928e-01 3.90188336e-01 1.09804368e+00
    -7.03240752e-01 -3.07543814e-01 1.40489280e+00 -2.14973360e-01
    1.92711353e-02 5.71330130e-01 9.94931400e-01 2.00966060e-01
    3.37202132e-01 -5.08537412e-01 1.54846573e+00 5.45972228e-01
    1.05427146e+00 -4.48682189e-01 5.06859481e-01 8.54856193e-01
    5.37619293e-01 1.25976503e+00 1.22956419e+00 2.98133552e-01
    9.47590053e-01 3.73497725e-01 5.50471187e-01 2.54756212e-02
    -4.62097019e-01 1.29718876e+00 -3.32875490e-01 2.12770402e-01
    5.72922826e-01 7.24441350e-01 3.04228544e-01 -3.23877335e-01
    4.54881430e-01 -7.61342049e-03 -5.20683229e-01 -4.78025138e-01
    1.50949967e+00 -5.72833061e-01 -2.74791390e-01 2.92985260e-01
    4.70232666e-01 1.02815795e+00 -4.72016364e-01 9.24695432e-01
    1.24449074e+00 1.33185959e+00 -5.02369881e-01 1.65168047e-01
    6.50761783e-01 -3.36678624e-02 1.79476202e-01 2.75346637e-02
    1.29686522e+00 -2.58639276e-01 -4.93174791e-02 -1.66393995e-01
    -5.07522941e-01 1.18192816e+00 1.55744147e+00 8.38727891e-01
    6.36089861e-01 -3.72869730e-01 1.29230022e+00 -3.04500997e-01
    -2.56667197e-01 1.80074310e+00 -1.09185219e-01 7.99337149e-01
    1.30332828e+00 7.79143095e-01 -6.70208812e-01 1.48109198e+00
    1.53959095e+00 1.38400710e+00 1.31288755e+00 -1.91096067e-02
    -3.32075834e-01 1.10013032e+00 -3.60877633e-01 1.33005345e+00
    -3.54231745e-01 7.42922425e-02 -1.13160491e-01 7.53559291e-01
    4.31286693e-01 4.01003599e-01 -2.49086082e-01 1.12038684e+00
    1.02208018e-01 1.30591154e+00 8.07380259e-01 -3.96022797e-02
    1.23882115e+00 1.13996041e+00 8.63932848e-01 1.49481606e+00
    3.73392701e-02 -9.03646946e-02 8.53751481e-01 1.50126588e+00
    1.14419746e+00 1.41933537e+00 -1.60445571e-02 1.34780431e+00
    -4.59196240e-01 1.41901052e+00 1.23734736e+00 8.53383660e-01
    1.41551399e+00 1.41757321e+00 -5.85741997e-02 -5.34850299e-01
    1.05317080e+00 1.18149185e+00 8.20992589e-02 -6.48027658e-02
    8.88502240e-01 -2.63031304e-01 1.30850482e+00 -8.10889602e-02
    5.42782903e-01 -3.71937901e-01 1.05606353e+00 1.61008286e+00
    5.78050852e-01 1.01564670e+00 -6.29513264e-01 6.42785788e-01
    6.96640849e-01 1.18374419e+00 3.58406901e-01 -1.32146358e-01
    6.18395150e-01 7.02635229e-01 1.33930838e+00 4.12560105e-01
    1.21652830e+00 -2.82422036e-01 5.07816315e-01 -3.06717575e-01
    5.83242953e-01 1.03824472e+00 -2.04642415e-02 -1.31832063e-01
    1.52483225e+00 5.10524929e-01 9.16926324e-01 1.09724355e+00
    -2.31312871e-01 1.13419759e+00 -7.31092691e-03 8.94064486e-01
    -1.95290685e-01 8.49769592e-01 1.05574083e+00 1.03168631e+00
    1.02755094e+00 1.73861659e+00 -3.17496449e-01 3.84936690e-01
    1.73754060e+00 7.28538752e-01 1.72381639e+00 8.13430429e-01
    7.28826344e-01 3.56758356e-01 -5.63058972e-01 -3.79356861e-01
    2.68409908e-01 3.12461913e-01 -4.75713313e-01 9.84288335e-01
    1.33028734e+00 -1.23226225e-01 1.05213571e+00 -1.54378414e-02
    8.47042501e-01 2.55836427e-01 -1.43635273e-03 2.54863083e-01
    5.57902992e-01 1.10757923e+00 1.23496854e+00 1.64601696e+00
    7.60087192e-01 5.39556742e-01 2.70528078e-01 -6.75237179e-01
    1.46707225e+00 -2.96031266e-01 1.64285183e-01 7.73950815e-01
    5.06931424e-01 4.27487016e-01 8.24904025e-01 8.79379749e-01
    1.32007909e+00 1.33602214e+00 7.08912313e-01 1.47738624e+00
    1.44793284e+00 1.38337564e+00 -1.29513621e-01 1.17819571e+00
    1.55571473e+00 6.52198493e-01 9.35631573e-01 1.69542956e+00
    -1.56563759e-01 6.02805018e-01 9.94009197e-01 1.42899585e+00
    1.06273198e+00 9.66601908e-01 5.01351953e-02 1.29995108e+00
    -6.30202174e-01 1.10355139e+00 1.25370502e+00 1.11011767e+00
    1.56966341e+00 -2.40104198e-01 -3.72026920e-01 6.48361027e-01
    -3.70043457e-01 -2.44795680e-01 1.59670818e+00 -4.41876471e-01
    1.17782307e+00 1.15794361e+00 1.65345275e+00 -5.99377930e-01
    6.61859393e-01 1.70677185e+00 -1.16355956e-01 1.04922938e+00
    -2.49592006e-01 -2.28532970e-01 4.37695980e-02 1.24773788e+00
    -4.47016209e-01 1.56385076e+00 -1.95695579e-01 1.04862988e+00
    -6.87763214e-01 3.30082595e-01 6.28019094e-01 9.42746878e-01
    1.40717745e+00 1.75512314e-01 1.53234315e+00 -2.00346947e-01
    1.01687300e+00 1.13702345e+00 5.58314860e-01 1.19369054e+00
    1.11973655e+00 9.17018950e-01 1.66820824e+00 4.49515641e-01
    5.24427712e-01 1.29398715e+00 1.72597814e+00 3.03262293e-01
    1.23527646e-01 -3.50105196e-01 -3.10582876e-01 9.85065639e-01
    6.74973845e-01 2.87011385e-01 1.61214793e+00 1.78569806e+00
    5.42966187e-01 8.52990031e-01 1.14150691e+00 1.00840259e+00
    1.32524526e+00 -7.24872947e-02 1.09193087e+00 5.23000538e-01
    1.58687091e+00 4.82221246e-01 3.64497364e-01 3.42287064e-01
    1.67742276e+00 8.39837790e-01 4.72386837e-01 7.71699727e-01
    4.92135823e-01 4.91278887e-01 1.16031110e-01 8.27560723e-01
    -3.32171589e-01 1.53944850e+00 -3.32735777e-02 -5.48498869e-01
    -6.11131668e-01 -1.38907909e-01 1.40698743e+00 6.19113088e-01
    -1.84175491e-01 5.88410795e-01 1.36006331e+00 4.97194111e-01
    -1.89654708e-01 6.57076299e-01 1.09248865e+00 8.99353802e-01
    1.33099198e+00 3.05800438e-02 1.08559036e+00 1.24937320e+00
    1.61238790e+00 -2.40067422e-01 -6.95672691e-01 9.04498398e-01
    -2.13704467e-01 -4.99621361e-01 3.21058989e-01 7.77334332e-01
    8.28624129e-01 -5.21456838e-01 -4.99788821e-01 -5.86095810e-01
    3.88710856e-01 6.78388834e-01 5.82808018e-01 -8.10500920e-01
    -1.79520726e-01 1.21874118e+00 6.96828365e-01 -1.73984170e-02
    6.14523888e-02 5.20451188e-01 1.49352264e+00 9.79697704e-02
    7.38026083e-01 -4.96881008e-02 1.20492208e+00 -6.26206994e-01
    1.63336682e+00 -2.08628029e-01 1.04267180e+00 6.40881062e-03
    1.47489452e+00 8.68821502e-01 -4.11984295e-01 5.80950141e-01
    1.52853394e+00 5.64662397e-01 -4.35346544e-01 3.53308320e-01
    -2.44446546e-01 -3.77433777e-01 -5.49724221e-01 2.08207905e-01
    8.53812933e-01 -7.83543825e-01 1.51168513e+00 -1.24936581e-01
    -7.50700057e-01 1.59179616e+00 -5.77060342e-01 -1.35852695e-02
    4.43885326e-02 -9.42270160e-02 1.28115654e+00 6.54863536e-01
    1.19435620e+00 1.39436054e+00 -3.35354805e-01 1.16654968e+00
    1.50019288e+00 5.68938255e-01 5.99978626e-01 1.36097622e+00
    4.32164609e-01 1.22035098e+00 1.91777349e-02 9.33396697e-01
    1.19491553e+00 1.57989383e-01 8.44917655e-01 -7.74537325e-01
    1.61374342e+00 8.73549700e-01 -7.48478174e-02 1.72754502e+00
    3.17761838e-01 1.06131935e+00 3.96664917e-01 1.38621068e+00
    8.05753469e-01 1.08541012e+00 7.99225032e-01 1.41132236e+00
    8.11491728e-01 4.38293576e-01 5.10129094e-01 2.24816442e-01
    1.03121734e+00 2.24325657e-01 1.23000956e+00 9.30230916e-01
    -1.52475595e-01 1.05538130e+00 1.46002579e+00 1.67778397e+00
    -9.33825970e-04 1.61855233e+00 6.06274486e-01 -5.97913623e-01
    1.33635783e+00 -1.24253511e-01 3.93666923e-01 -5.68827152e-01
    7.98411429e-01 1.95900857e-01 6.65380716e-01 8.37149620e-02
    1.49628878e-01 2.63452351e-01 9.44379866e-01 1.41014469e+00
    9.38196421e-01 5.65492868e-01 4.08422530e-01 8.22141707e-01
    -4.80618775e-01 -2.54386127e-01 1.31347299e+00 1.20473003e+00
    -4.85308170e-02 1.42745852e+00 1.55136895e+00 1.16758204e+00
    1.40723085e+00 -1.70250416e-01 -3.17517251e-01 4.83799994e-01
    8.08802307e-01 1.68842173e+00 1.32839918e-01 -2.40997463e-01
    1.74793983e+00 -2.62197644e-01 1.55023384e+00 7.46092498e-01
    1.14786339e+00 5.65986753e-01 1.64209807e+00 1.50553465e-01
    -1.68389797e-01 1.39754391e+00 -1.94878042e-01 -2.63681650e-01
    1.18857753e+00 1.49956203e+00 -6.26699924e-01 9.28674996e-01
    -1.24012828e-02 -6.55952156e-01 9.56622660e-01 -4.17842865e-02
    6.30702972e-02 8.20181966e-02 1.48299527e+00 -4.23920840e-01
    3.57142866e-01 -3.99274826e-02 3.10751557e-01 1.12018585e-02
    4.14541006e-01 -4.91572231e-01 1.51414180e+00 -5.16031742e-01
    1.31138539e+00 9.06010211e-01 1.31451309e-01 1.02740824e+00
    1.07150209e+00 4.72830892e-01 8.91454220e-01 1.51921320e+00
    1.35408318e+00 2.41581202e-01 1.96883678e-01 -2.72391021e-01
    1.53066611e+00 6.44356251e-01 3.70474994e-01 -6.09758496e-01
    8.35813999e-01 7.31986225e-01 9.52577174e-01 7.08727777e-01
    1.48298931e+00 -1.32038474e-01 -2.01135933e-01 3.34720135e-01
    6.76155448e-01 1.23230171e+00 9.89340544e-01 9.33900118e-01
    5.17483592e-01 5.15322924e-01 1.16525292e-02 -1.27304733e-01
    1.41748619e+00 1.36408734e+00 9.53834593e-01 7.27438450e-01
    1.54721594e+00 1.29250026e+00 -2.20264137e-01 3.68000507e-01
    1.62898421e-01 7.50301719e-01 2.04243124e-01 -2.50832915e-01
    -2.06612706e-01 1.11992955e+00 5.94881475e-01 -4.12715346e-01
    7.69568801e-01 1.10379934e+00 6.16186678e-01 1.84866643e+00
    1.10083604e+00 1.21767497e+00 -1.86660886e-01 2.34534204e-01
    1.55308294e+00 -7.43959248e-01 3.11322212e-01 1.32654941e+00
    6.41607940e-01 -5.74073493e-01 -5.60263097e-01 -1.84811115e-01
    -1.80158556e-01 7.74562359e-01 1.36177552e+00 1.07295191e+00
    -4.95536715e-01 9.86888170e-01 1.54476905e+00 1.14692092e+00
    -4.18078601e-01 1.11142087e+00 1.28776646e+00 3.71662676e-01
    7.10042059e-01 1.60357034e+00 7.10798562e-01 -6.79134727e-01
    1.36566138e+00 -1.34057641e-01 -2.59533703e-01 -9.33182836e-02
    1.43292212e+00 8.02969337e-02 -1.74428672e-01 2.35015035e-01
    1.75248361e+00 -5.19261599e-01 -4.60427016e-01 -7.83597827e-02
    -2.59035468e-01 1.51530230e+00 -2.69769371e-01 1.34831071e+00
    1.72438216e+00 -6.67714238e-01 1.31440902e+00 5.00969350e-01
    4.39202785e-02 1.59553766e+00 6.87333941e-01 -3.19108903e-01
    2.76445210e-01 1.26279926e+00 1.49443853e+00 9.60681915e-01
    8.25939059e-01 4.59332943e-01 -2.43698359e-01 1.48074865e-01
    8.53287578e-01 -2.05643475e-01 1.58223033e+00 2.86631405e-01
    -5.56693614e-01 9.29775238e-01 1.58473551e-01 1.08049691e+00
    -5.38070738e-01 2.94316113e-01 -4.07529116e-01 -4.84218955e-01
    -2.02907383e-01 5.68591297e-01 1.99959457e-01 1.03722811e+00
    8.11937928e-01 -6.34205043e-01 -3.39387417e-01 -5.90146184e-01
    5.73216617e-01 1.66739428e+00 9.72510159e-01 -1.99012220e-01
    1.24424565e+00 3.16211045e-01 1.53933001e+00 1.03740311e+00
    3.76695216e-01 4.81725335e-01 1.38649631e+00 6.33324444e-01
    -6.44480467e-01 -3.13903689e-01 1.16295195e+00 1.01712644e-01
    -6.82064056e-01 -1.74689114e-01 5.74359477e-01 -2.92284071e-01
    6.42468452e-01 7.81227708e-01 3.03139806e-01 1.20050859e+00
    -4.47390378e-01 1.62172270e+00 4.06422973e-01 -8.17196071e-01
    1.15434575e+00 1.61031318e+00 2.62442708e-01 1.51652360e+00
    6.00892246e-01 9.27179873e-01 -1.00000262e-01 -6.71838045e-01
    1.37115479e+00 1.49316204e+00 1.16536677e+00 9.43722129e-01
    7.65692949e-01 1.50676072e+00 3.74710560e-02 -1.45094156e-01
    -5.61594546e-01 1.17669606e+00 7.51568198e-01 -2.25493848e-01
    -2.99718291e-01 1.99091911e-01 1.01275253e+00 1.12100244e+00
    1.18777418e+00 -2.95935065e-01 6.23876035e-01 -4.99287456e-01
    6.26041710e-01 1.15262079e+00 9.22704935e-02 3.04487586e-01
    1.49950445e+00 4.65523601e-02 9.98546779e-01 1.02473617e+00
    1.17707098e+00 -2.32386589e-03 2.72601306e-01 -5.37992775e-01
    3.23705375e-01 -3.05492967e-01 4.64222908e-01 -3.97296429e-01
    -1.58194423e-01 1.40749240e+00 -2.92726874e-01 1.40134144e+00
    5.69237590e-01 -5.37824214e-01 -2.58773327e-01 9.15962458e-03
    7.90857136e-01 9.55206871e-01 -3.65001202e-01 -7.15238929e-01
    8.16739738e-01 -7.02264547e-01 4.45160091e-01 7.85134792e-01
    1.14122486e+00 1.26804399e+00 -5.12029767e-01 -5.22899628e-01
    -6.57698870e-01 3.27139080e-01 9.85967278e-01 1.29307342e+00
    -6.01676345e-01 2.90414691e-02 -4.74308729e-02 1.57239246e+00
    9.12131846e-01 -1.64080143e-01 1.38534129e-01 1.23967779e+00
    8.19036841e-01 6.42655849e-01 2.94139981e-02 4.44034278e-01
    1.26672173e+00 -5.31205535e-01 7.68071830e-01 1.58058763e+00
    1.52822602e+00 4.38738465e-01 -6.82337105e-01 1.02732086e+00
    -4.99129891e-01 9.86352861e-01 2.35430002e-01 1.53636873e-01
    9.03322518e-01 5.19493997e-01 -7.08362877e-01 9.53840494e-01
    -6.79684997e-01 1.61776066e+00 -3.66890699e-01 1.41036224e+00
    1.25648665e+00 5.12154102e-02 -6.18203938e-01 3.24626803e-01
    1.11015368e+00 7.34501898e-01 1.45196629e+00 8.72787297e-01
    7.57498682e-01 8.82666409e-01 1.36044657e+00 1.48414969e+00
    9.20692682e-01 -2.62619376e-01 1.92562163e-01 9.37932432e-01
    1.08595347e+00 2.34099686e-01 2.14742780e-01 1.07043505e+00
    5.70289791e-01 3.55140746e-01 1.56913161e+00 -4.61100340e-02
    1.05223691e+00 4.67582941e-02 6.74810588e-01 1.06248116e+00
    1.08172417e+00 2.01232135e-01 -6.16202176e-01 6.12083673e-02
    1.18917203e+00 2.00521410e-01 4.53051090e-01 -5.17567992e-02
    -5.08314371e-02 9.04440343e-01 9.55341697e-01 2.69932032e-01
    -5.38596511e-01 1.70962572e-01 -5.73595583e-01 6.14449143e-01
    5.41412532e-01 6.66851997e-01 -2.11853147e-01 1.83037066e+00
    -5.12071013e-01 1.20790601e+00 1.22950792e-01 -7.83443451e-02
    1.17104793e+00 1.41152096e+00 -1.06560171e-01 1.23570204e+00
    1.17674994e+00 5.53531647e-02 1.12610793e+00 -5.46037793e-01
    5.92395306e-01 -2.22189724e-01 1.04487467e+00 3.63321424e-01
    6.27392948e-01 1.21922851e+00 -6.53619349e-01 -6.26937687e-01
    -2.65906632e-01 6.59054160e-01 -3.17716956e-01 3.90849710e-01
    2.87139952e-01 1.81153774e-01 7.64127553e-01 1.38299406e-01
    4.56352234e-01 -4.33095902e-01 1.43120384e+00 9.25224185e-01
    3.86573792e-01 -3.71258020e-01 -1.40648156e-01 -1.42240226e-01
    9.45191920e-01 -6.24239445e-03 1.67175364e+00 1.12883270e+00
    7.37815738e-01 4.84245420e-01 8.50941479e-01 8.08836758e-01
    6.58512115e-01 4.85663414e-02 -5.38463235e-01 1.30003285e+00
    -3.71024013e-02 1.18773603e+00 7.69744337e-01 2.40048110e-01
    8.60029101e-01 -2.29796469e-01 -3.73004079e-02 8.18369985e-01
    -7.31559873e-01 1.00426006e+00 -2.63900012e-01 -2.47824013e-01
    1.12261486e+00 1.29071856e+00 4.97058332e-01 1.64523077e+00
    1.02248240e+00 -5.88773847e-01 5.37340879e-01 -5.78912735e-01
    -9.70135927e-02 1.17254162e+00 -3.13071609e-01 1.76484895e+00
    1.30678964e+00 1.20616794e+00 1.62528288e+00 -4.57650453e-01
    -5.33679605e-01 1.63501573e+00 1.55383289e-01 1.62314463e+00
    1.59937787e+00 1.45341098e+00 -2.17832386e-01 1.05850410e+00
    -3.00902128e-03 3.24814141e-01 1.30013335e+00 4.40636694e-01
    -1.09553993e-01 1.27649689e+00 -1.56017900e-01 6.24332249e-01
    -6.46719337e-01 9.70264316e-01 -1.63270354e-01 4.75629330e-01
    5.31714022e-01 -1.42093599e-01 1.58708143e+00 -4.16636467e-03
    3.12263966e-02 -2.31918097e-02 -7.23210752e-01 6.49269700e-01
    7.77551174e-01 1.38637519e+00 -8.01417112e-01 1.23042560e+00
    2.28403807e-01 1.42628968e-01 6.26746416e-01 3.43884110e-01
    1.58144426e+00 1.48152876e+00 -6.12812281e-01 -2.10298419e-01
    5.21112204e-01 3.99025679e-01 1.28658378e+00 -4.90881860e-01
    -7.79420674e-01 4.38106477e-01 6.31881833e-01 1.43017626e+00
    -3.75847220e-02 -5.55448294e-01 5.07202208e-01 1.73423278e+00
    2.98767626e-01 -7.67874718e-02 -6.72109723e-01 -3.47309798e-01
    2.31675029e-01 1.11473441e-01 3.59030485e-01 -1.74869835e-01
    1.50531459e+00 -5.26365399e-01 -1.96695924e-02 5.05252779e-01
    5.97597063e-01 -4.69463468e-02 -5.17189264e-01 9.94185805e-02
    7.51387775e-01 1.54883265e+00 -4.19087857e-01 2.33626962e-01
    1.07609189e+00 1.55092096e+00 1.69538450e+00 1.16212153e+00
    -5.54051757e-01 4.45002675e-01 1.45161819e+00 1.00125396e+00
    2.41007686e-01 -3.51788551e-01 1.30455017e+00 6.14270747e-01
    4.75018501e-01 1.20458198e+00 -2.65908241e-02 -6.81684554e-01
    1.50892806e+00 -5.19238949e-01 -5.73334694e-01 1.20732927e+00
    1.19342256e+00 -7.55686879e-01 1.97726488e-02 6.67622387e-01
    1.10167432e+00 -3.86757314e-01 1.48772407e+00 9.05473650e-01
    1.32070374e+00 -4.48978364e-01 1.31623340e+00 8.63191485e-01
    -4.90049899e-01 6.98649943e-01 1.44628286e+00 -4.01509941e-01
    4.85666692e-01 1.61926794e+00 -4.14353609e-02 1.62858605e-01
    5.03340781e-01 6.84234917e-01 -4.56619680e-01 -3.95562798e-01
    -4.88432527e-01 1.45453882e+00 1.26439667e+00 -4.15052325e-01
    1.63448286e+00 1.61541462e-01 1.32802415e+00 9.98483181e-01
    1.56562829e+00 7.29721367e-01 -3.09154451e-01 7.63899744e-01
    -2.13683367e-01 -1.27239108e-01 3.53118658e-01 6.38986945e-01
    -2.20387280e-01 2.64765382e-01 7.70577073e-01 -4.30103034e-01
    1.16553760e+00 9.52565312e-01 -9.04135466e-01 1.61448276e+00
    -4.42531466e-01 2.51877785e-01 -8.19569826e-03 4.15495634e-01
    -7.18883932e-01 1.04667199e+00 2.31906235e-01 -5.53043544e-01
    -1.98718965e-01 9.90638554e-01 -4.66196775e-01 -4.08665538e-01
    6.12556756e-01 1.52063251e+00 6.30485415e-02 -1.35064244e-01
    -4.55362618e-01 7.86901176e-01 1.67545962e+00 1.27687287e+00
    7.68087268e-01 1.04511440e-01 -8.65283608e-02 1.99894726e-01
    -8.00587535e-02 -5.23345470e-02 -2.46632636e-01 1.08532834e+00
    1.51521409e+00 1.62468004e+00 -1.65790856e-01 1.65220928e+00
    3.65185857e-01 2.89972305e-01 -5.58804274e-01 8.23865592e-01
    1.48985529e+00 -5.29966533e-01 -1.64790779e-01 -1.24940634e-01
    1.42477489e+00 1.13916588e+00 8.55391622e-01 3.82925510e-01
    1.09389961e+00 -6.32941186e-01 1.16055393e+00 1.34385526e-01
    1.30962181e+00 1.50741529e+00 1.59929013e+00 -6.60503745e-01
    2.24899709e-01 -2.65521079e-01 -4.28588152e-01 2.13762283e-01
    -1.13661289e-02 4.65728462e-01 1.37767482e+00 -4.91786480e-01
    1.78302526e+00 -1.38647318e-01 -3.35426718e-01 -8.28274488e-02
    5.38340092e-01 -7.18296826e-01 1.46262729e+00 6.24041557e-01
    1.33365154e+00 1.45337415e+00 -3.58857781e-01 1.79843235e+00
    -5.83052635e-03 5.21316528e-02 4.97293472e-02 4.12039042e-01
    -1.81641310e-01 2.62815475e-01 1.59734368e+00 1.33033931e+00
    1.20500624e+00 -2.94789791e-01 -3.36967260e-01 -3.60955566e-01
    1.05141973e+00 -3.08932334e-01 9.03827786e-01 -6.21266961e-01
    1.29679108e+00 -2.53712684e-01 -3.31287980e-02 -5.83850145e-01
    1.60261381e+00 4.12853420e-01 3.13507855e-01 1.35646367e+00
    1.62106299e+00 -1.86745524e-02 3.92287016e-01 7.62936294e-01
    1.02797198e+00 6.53336227e-01 -2.56462455e-01 -8.02539587e-01
    9.05276120e-01 -1.57980144e-01 1.52330911e+00 1.50039625e+00
    -7.91186690e-02 3.09991658e-01 1.00490868e-01 -5.25385976e-01
    1.76849723e+00 1.64994180e-01 2.30248511e-01 1.54398119e+00
    4.52625155e-01 3.32088768e-01 1.24804258e+00 1.10006118e+00
    1.40941167e+00 -1.58672512e-01 1.45560265e-01 -5.01272380e-01
    6.17427111e-01 1.58175397e+00 4.93268907e-01 -2.48539835e-01
    5.47566414e-02 6.07407033e-01 4.37145054e-01 7.83000767e-01
    4.43559945e-01 1.48872399e+00 8.74395370e-02 -3.61480206e-01
    8.32061410e-01 1.21270692e+00 9.52112019e-01 -4.82422411e-01
    1.01704049e+00 1.55935776e+00 1.15296292e+00 1.49618626e-01
    1.54477668e+00 1.01649857e+00 1.08450806e+00 6.49875998e-02
    -2.50394553e-01 -3.67384434e-01 1.03158057e+00 -2.37184942e-01
    -3.76275182e-01 -3.95306647e-01 4.83456135e-01 9.29365396e-01
    1.70568156e+00 2.84406424e-01 1.61615002e+00 -3.87536228e-01
    1.65147805e+00 -1.73966765e-01 -6.69089437e-01 1.29451001e+00
    8.78185570e-01 1.06761932e+00 8.57494354e-01 -2.91202396e-01
    6.34101391e-01 5.86757421e-01 -1.74361229e-01 1.14003873e+00
    1.49643517e+00 -1.97116971e-01 1.03289366e-01 -1.30611479e-01
    -5.73917627e-02 5.72177112e-01 1.32047296e+00 1.24265897e+00
    1.29787660e+00 -2.35022783e-01 1.01179302e-01 1.20146871e+00
    4.99426901e-01 5.27005553e-01 9.90375221e-01 6.59949660e-01
    -4.32377219e-01 4.21968639e-01 1.06413066e-01 6.09664023e-01
    8.85359645e-02 1.24744594e+00 -6.11530364e-01 -5.84817410e-01
    -3.88108045e-01 1.04229450e+00 1.10102177e-01 1.62799954e-02
    1.25570786e+00 8.86922300e-01 1.48173010e+00 6.33883238e-01
    1.60614026e+00 8.84323359e-01 -5.04060626e-01 1.52309585e+00
    8.23967457e-01 6.85829818e-01 7.61387944e-01 1.22298014e+00
    1.31550848e+00 5.38462818e-01 -2.58896351e-02 4.90515530e-01
    2.76360512e-01 1.63807344e+00 1.57851005e+00 -6.73788965e-01
    8.90973270e-01 8.32768261e-01 3.48717451e-01 1.00541294e-01
    8.38521481e-01 1.36674440e+00 -4.19626832e-02 7.59075761e-01
    -4.55504775e-01 3.12059700e-01 2.10275769e-01 -3.94050181e-01
    1.65502238e+00 1.52084208e+00 -4.74609792e-01 9.19143617e-01
    1.49075937e+00 1.60270000e+00 -4.52706397e-01 -3.38311762e-01
    1.12879527e+00 1.66114175e+00 2.51711190e-01 1.59256935e+00
    6.80859983e-01 6.78406656e-01 4.97188151e-01 1.42639816e+00
    4.56946373e-01 -1.14699244e-01 1.64703810e+00 -7.79655159e-01
    3.40543687e-01 1.03977561e+00 1.01391292e+00 5.74910045e-01
    5.10741472e-01 2.98265457e-01 7.42208600e-01 4.29762840e-01
    7.83962488e-01 1.09504557e+00 -4.73138928e-01 6.19673848e-01
    2.30339289e-01 1.45468938e+00 1.09861374e-01 3.00559282e-01
    4.04773951e-02 5.68583369e-01 -6.79736733e-02 9.46729541e-01
    9.65233028e-01 -5.44209003e-01 -4.99834090e-01 6.48051202e-01
    1.12569809e+00 3.11996341e-02 2.61171937e-01 1.33197761e+00
    7.98603594e-01 1.21879101e+00 -4.84151065e-01 8.10930789e-01
    -8.19835603e-01 1.52166128e+00 6.09243810e-01 3.66397083e-01
    4.20098901e-01 1.68555057e+00 1.07712626e+00 4.84064519e-01
    7.52713501e-01 1.12764180e+00 -9.06856060e-02 8.83695006e-01
    1.29196191e+00 4.81884181e-01 -5.32327533e-01 2.08510995e-01
    2.55542696e-01 -5.25654197e-01 -5.21998286e-01 7.81707048e-01
    1.47084689e+00 4.29864407e-01 4.02818978e-01 1.03721523e+00
    -2.88573176e-01 1.41815567e+00 1.28912008e+00 5.40531039e-01
    1.32102346e+00 -5.95536649e-01 1.01268876e+00 -5.37072599e-01
    1.64680362e+00 1.54271102e+00 1.54454172e+00 3.74641359e-01
    3.50195169e-01 1.59073532e-01 7.91538060e-01 1.47061336e+00
    -2.37849116e-01 2.72283554e-02 2.55028725e-01 -2.20897675e-01
    3.32781792e-01 -5.71681559e-01 -4.80427712e-01 1.86806476e+00
    4.55541313e-01 -2.73488492e-01 8.20693433e-01 -7.51832485e-01
    1.38000774e+00 6.33828580e-01 5.57861269e-01 1.16212606e+00
    1.13877463e+00 8.24519515e-01 1.62022567e+00 1.31338263e+00
    -1.37695670e-01 7.01979339e-01 7.35122561e-01 7.45695353e-01
    1.69786310e+00 1.58282375e+00 -6.83190823e-01 -2.57037520e-01
    7.17419207e-01 4.57339585e-01 -1.03901148e-01 1.99744701e-01
    1.04574943e+00 6.50712490e-01 1.62178898e+00 3.84427369e-01
    7.94313014e-01 1.56724715e+00 8.94362330e-02 -5.23074627e-01
    1.15141916e+00 1.63492537e+00 5.41170835e-01 -5.23761511e-01
    -4.32476938e-01 6.88800693e-01 1.13072586e+00 1.07451642e+00
    1.48159385e-01 -2.89308697e-01 2.43071258e-01 -2.76709735e-01
    1.62477982e+00 -6.70213044e-01 3.31241488e-01 1.12061667e+00
    7.84030914e-01 -4.11301881e-01 -1.42139256e-01 9.21986103e-02
    1.39917088e+00 8.34415376e-01 3.46960604e-01 1.67640924e+00
    -2.13400245e-01 5.13945282e-01 1.61226225e+00 8.62671256e-01
    9.36754763e-01 -6.54662013e-01 -7.86197782e-02 1.32012582e+00
    -1.41912937e-01 -1.38431907e-01 1.08872259e+00 -6.73346758e-01
    -6.59502625e-01 1.35785413e+00 4.01602030e-01 3.65058541e-01
    1.70778203e+00 -4.81098652e-01 1.04033256e+00 1.69248986e+00
    -3.00885588e-01 -1.48765266e-01 1.43598831e+00 -5.31260669e-01
    3.91090989e-01 2.04052925e-02 -7.05814540e-01 -4.63832051e-01
    1.39368832e+00 -7.34772682e-01 1.58462596e+00 7.14325905e-03
    1.41051602e+00 -2.24970102e-01 -7.19900072e-01 9.69565928e-01
    1.16050839e-02 1.36752045e+00 1.31534100e+00 1.55825794e-01
    -2.20590830e-02 1.33591878e+00 -3.27587545e-01 1.38111377e+00
    6.20162725e-01 -7.96652734e-01 -6.31444454e-01 1.15744996e+00
    2.75821388e-01 1.66848302e+00 -2.30133533e-04 1.04463935e+00
    9.15495038e-01 1.17354488e+00 -7.75882602e-02 7.82162845e-01
    1.55887604e+00 1.54157281e+00 1.34516954e-02 1.40791917e+00
    9.36400890e-03 4.90338147e-01 8.77200603e-01 -4.29918706e-01
    4.56794262e-01 7.64938593e-02 1.62573266e+00 4.73264694e-01
    -4.48901623e-01 9.85127568e-01 1.23049355e+00 1.34867144e+00
    -1.60917342e-01 6.76695704e-02 1.21443617e+00 1.33643401e+00
    8.44566226e-01 1.14894629e+00 5.44332862e-01 5.71328402e-02
    -3.33386183e-01 -2.42764741e-01 1.61929548e-01 2.73345768e-01
    1.05175042e+00 -2.13394880e-01 -1.88814163e-01 1.31104755e+00
    1.01155102e+00 1.57480454e+00 1.05189109e+00 4.61659312e-01
    -3.79170179e-02 3.20467710e-01 -4.60096836e-01 1.49100721e+00
    1.40885162e+00 -2.18142688e-01 4.32713807e-01 6.40524983e-01
    4.21227396e-01 1.08223104e+00 9.29636538e-01 3.67520690e-01
    -1.95741653e-04 -5.53544998e-01 3.53186488e-01 5.81814647e-02
    -1.57342553e-01 1.51095402e+00 4.22406435e-01 2.38072932e-01
    1.06673539e-01 1.34112811e+00 3.01226079e-01 -1.19269490e-02
    1.89605474e-01 1.55536485e+00 4.61107612e-01 6.50954127e-01
    -7.32135832e-01 1.02265477e+00 1.02422953e+00 1.11457527e-01
    -6.84837222e-01 6.23964846e-01 1.36286473e+00 -5.58473468e-02
    5.75421453e-01 8.53277266e-01 2.53980219e-01 -3.97854507e-01
    7.21357942e-01 1.33158863e+00 3.96009147e-01 6.07718170e-01
    3.54185641e-01 -2.74178684e-01 1.48723805e+00 1.01005912e+00
    7.92177558e-01 3.89050961e-01 4.55742180e-01 1.69510591e+00
    6.39158726e-01 -4.95579630e-01 1.71940970e+00 -6.84160590e-02
    5.19919395e-03 8.70008767e-01 1.50083697e+00 1.00696325e+00
    -9.01595950e-02 -7.06816971e-01 -1.81932986e-01 7.19971478e-01
    8.34109187e-01 1.16931248e+00 -6.68763280e-01 8.42658758e-01
    -2.97643930e-01 -4.32747781e-01 2.84280986e-01 5.67873478e-01
    1.80937231e+00 -3.25291753e-02 1.28942060e+00 4.79988456e-01
    1.57897902e+00 1.52935445e-01 1.57942986e+00 -4.68500376e-01
    6.58520699e-01 1.10593557e-01 1.09630990e+00 1.30862784e+00
    1.15491891e+00 1.66227591e+00 -6.47593737e-02 1.41164601e-01
    3.03196192e-01 5.89553356e-01 3.63851845e-01 1.68446124e+00
    -6.19316757e-01 5.26400805e-01 2.19585896e-01 9.62924659e-01
    1.17222500e+00 1.56149507e-01 1.52289653e+00 -5.97692013e-01
    -1.44667149e-01 1.62404227e+00 1.35306454e+00 -2.36182362e-01
    1.88980579e+00 1.49404240e+00 4.31291819e-01 9.44112122e-01
    5.57012260e-01 3.82425964e-01 -2.43853331e-02 -4.89524454e-01
    1.10028434e+00 -3.85800213e-01 1.75736451e+00 -6.26990914e-01
    8.72561038e-01 -5.76737344e-01 1.32988393e-01 1.09222865e+00
    -3.83295029e-01 1.67998338e+00 4.73287225e-01 -5.08089662e-01
    1.60154748e+00 2.76480436e-01 6.39120877e-01 7.79043972e-01
    1.32791996e-02 1.60082591e+00 1.22086906e+00 8.98663640e-01
    6.36303127e-01 1.00609660e-01 1.13847589e+00 1.07237399e-01
    7.19430208e-01 -4.49782610e-02 3.35898340e-01 5.58331549e-01
    -1.78835034e-01 1.49048829e+00 -3.06113958e-02 6.94940090e-02
    9.83409584e-01 2.46975660e-01 -6.94877923e-01 1.50670981e+00
    1.27799666e+00 -5.82573056e-01 -2.82291472e-01 1.15595984e+00
    3.22714567e-01 -4.55183685e-01 5.13244689e-01 7.34608591e-01
    -6.13201201e-01 1.27663779e+00 4.79554534e-01 -5.98728478e-01
    1.71820998e+00 -1.77393019e-01 5.06995499e-01 3.53512228e-01
    1.03927112e+00 1.30183744e+00 -7.98353672e-01 8.67793679e-01
    8.38593125e-01 1.62635028e+00 5.48137188e-01 6.45456851e-01
    -4.71758425e-01 -2.58468866e-01 1.35597396e+00 1.31018007e+00
    4.59444165e-01 -6.93226278e-01 2.36042738e-02 7.72283435e-01
    -1.15355194e-01 -5.64213216e-01 1.65906119e+00 2.07155347e-02
    1.47262168e+00 -5.84851503e-02 1.46645546e+00 4.05152500e-01
    -2.29487419e-02 2.61505842e-02 -2.85908580e-01 1.19679081e+00
    5.06940603e-01 7.54476428e-01 1.18864632e+00 6.91381514e-01
    -5.06195903e-01 -7.37006307e-01 1.68540740e+00 1.15329814e+00
    -4.27916050e-01 1.63327551e+00 -5.66018403e-01 -6.23209596e-01
    5.22570670e-01 1.54651761e+00 5.92457891e-01 6.48348391e-01
    1.10259783e+00 1.32561541e+00 1.44035769e+00 1.55679703e+00
    8.72619212e-01 -5.82791567e-02 4.20726538e-02 7.37330079e-01
    9.31531668e-01 -6.53047919e-01 1.52817833e+00 4.65130091e-01
    1.17087364e+00 9.33122575e-01 4.89396572e-01 3.21208060e-01
    1.38147593e+00 1.66022778e+00 1.43281126e+00 -4.57175016e-01
    1.55401397e+00 -5.97749770e-01 8.99283290e-02 2.00456917e-01
    8.32366884e-01 8.41887951e-01 -5.51574826e-01 -6.42451704e-01
    -5.26718438e-01 -1.32254183e-01 -5.25459468e-01 5.26239693e-01
    1.25576544e+00 -1.60485804e-01 1.63660347e+00 -2.95807302e-01
    -3.68640542e-01 6.88580275e-01 7.63089716e-01 -8.88671279e-02
    1.24175239e+00 2.44221091e-01 8.37167025e-01 -9.19580460e-03
    -2.24423468e-01 1.00478601e+00 7.96923637e-02 9.69794273e-01
    1.61412919e+00 -4.78493720e-01 1.16806293e+00 1.28520989e+00
    1.00368333e+00 9.58291888e-02 9.09661293e-01 6.94472194e-01
    5.43830574e-01 2.58744478e-01 -6.84059322e-01 -2.99612671e-01
    1.54054475e+00 5.35588503e-01 -1.78333998e-01 9.03143287e-02
    -1.10567868e-01 1.11800456e+00 1.14223361e+00 -5.53351641e-02
    5.70803106e-01 3.46831262e-01 2.72262037e-01 -4.63455498e-01
    -6.50070906e-02 1.32756603e+00 -5.84776878e-01 1.55821848e+00
    1.37031341e+00 1.35315526e+00 1.34848428e+00 -3.60144854e-01
    1.55018628e+00 -7.15007603e-01 -2.90723413e-01 3.11042547e-01
    1.20375931e+00 -2.27877945e-01 -2.34222412e-02 4.40490842e-01
    3.53000581e-01 -6.95139170e-01 1.47470617e+00 4.88201141e-01
    1.47544444e-01 1.14525104e+00 6.84836507e-02 1.22070801e+00
    -4.35052693e-01 -2.76025534e-01 4.77324426e-01 1.68279767e-01
    -6.83258772e-02 -4.93331671e-01 -2.85887867e-01 1.10117376e-01
    8.02621722e-01 5.39931536e-01 4.11247373e-01 1.25900209e+00
    3.74903500e-01 4.08671319e-01 1.40989041e+00 -7.97277272e-01
    1.43565154e+00 -2.62431324e-01 3.90489638e-01 -7.01069355e-01
    1.59564459e+00 1.68275142e+00 6.22797489e-01 3.78821731e-01
    -1.98141187e-01 1.98986351e-01 7.08114803e-01 2.85977244e-01
    9.50215876e-01 3.30338359e-01 5.55648208e-01 7.26317108e-01
    1.63483095e+00 -3.95444363e-01 1.44796252e+00 -7.05544770e-01
    2.29788959e-01 1.05813694e+00 1.08344221e+00 2.71128595e-01
    5.77789366e-01 -8.47635269e-02 1.12982380e+00 -7.66101480e-02
    4.23027575e-01 8.84931087e-01 -6.58118784e-01 1.14808345e+00
    7.03641653e-01 1.35528672e+00 -3.39452207e-01 6.56930566e-01
    6.41476333e-01 2.95590460e-01 7.10384667e-01 -4.26560521e-01
    -4.56046283e-01 -3.03942412e-01 -1.78973079e-01 1.32423997e-01
    6.77786708e-01 1.31904137e+00 -1.86943412e-01 1.55154550e+00
    6.93519235e-01 -4.41810668e-01 1.49068177e-01 1.72013497e+00
    1.02661729e+00 3.35282922e-01 1.51597238e+00 4.59152520e-01
    1.35883927e-01 2.33960748e-01 -3.85141999e-01 -1.72700882e-01
    2.43978918e-01 2.76839018e-01 -1.11729860e-01 1.33072972e-01
    8.38186800e-01 1.60573077e+00 -1.70670748e-01 4.32163477e-03
    1.33118820e+00 5.85785627e-01 9.63393331e-01 -2.35037386e-01
    2.11753070e-01 7.28180051e-01 -1.12989485e-01 -5.16192317e-02
    8.08023572e-01 1.62453938e+00 1.20191097e+00 5.23954630e-01
    -3.80621254e-01 2.85023630e-01 3.56996119e-01 1.60784268e+00
    -1.58668041e-01 3.88264656e-01 1.43168783e+00 6.33553267e-02
    1.27801871e+00 -3.55888456e-01 7.15999484e-01 1.19515347e+00
    1.25176191e+00 -2.39310801e-01 1.47554016e+00 8.95576060e-01
    -5.37305772e-01 -4.77834940e-02 -1.67977899e-01 -1.22514069e-01
    5.17216861e-01 -2.86334753e-03 1.14042938e+00 1.25572360e+00
    8.78013968e-01 2.66527474e-01 -2.77826726e-01 1.01553130e+00
    1.34916782e+00 1.91924334e-01 -4.64356542e-02 -2.57198900e-01
    1.15789270e+00 9.10017371e-01 8.48679841e-01 8.97849679e-01
    2.15577900e-01 -1.76822126e-01 -1.55140877e-01 1.50283813e+00
    5.00756621e-01 -3.26867461e-01 1.44466579e+00 9.11435902e-01
    1.63959575e+00 -1.71938658e-01 1.28932667e+00 7.14611888e-01
    1.28314948e+00 1.09398139e+00 9.39889610e-01 1.30311036e+00
    -3.81534189e-01 1.43597746e+00 6.99964881e-01 4.65126693e-01
    1.47324824e+00 6.40213788e-01 -5.81253350e-01 4.33409214e-03
    9.53566611e-01 8.54799688e-01 5.18793106e-01 7.61004925e-01
    1.07972002e+00 1.39409733e+00 1.52014065e+00 6.69173002e-02
    4.23420548e-01 1.61643457e+00 -2.56195307e-01 5.80927968e-01
    1.11276984e-01 9.56512630e-01 -2.21154630e-01 -6.35088325e-01
    -4.94259536e-01 2.18087614e-01 6.94897532e-01 -3.64443213e-01
    2.14414656e-01 -6.93905830e-01 1.48581100e+00 4.15387154e-01
    9.59996104e-01 7.06347466e-01 -6.21665239e-01 1.25321078e+00
    8.62289548e-01 5.21242619e-02 7.39061177e-01 1.89844191e-01
    1.33854842e+00 1.11625695e+00 6.78325593e-01 5.20493865e-01
    1.59090066e+00 -1.90141201e-02 6.70259953e-01 2.47629762e-01
    1.72296023e+00 7.21318960e-01 1.77409685e+00 2.75056839e-01
    -3.47710907e-01 6.82505131e-01 3.25095177e-01 -2.23763853e-01
    2.83643961e-01 -3.21379870e-01 1.08694816e+00 -4.96767104e-01
    7.30598927e-01 -9.29376483e-02 -2.95476377e-01 1.51105833e+00
    1.01147473e-01 2.38823295e-01 1.51629543e+00 -6.26596570e-01
    -2.20268071e-01 9.87135172e-02 -1.90412700e-01 1.58661699e+00
    5.02299666e-02 1.01327825e+00 7.12191880e-01 1.18134499e+00
    1.59819448e+00 -3.75377685e-01 -6.61341429e-01 -4.53078181e-01
    -5.62311709e-01 -4.72816467e-01 3.77371788e-01 4.03568506e-01
    1.25463021e+00 1.34606194e+00 2.19342530e-01 -4.12005246e-01
    -5.16325235e-02 3.93124461e-01 1.53851390e+00 7.29895592e-01
    1.66570306e+00 1.25903296e+00 9.65055406e-01 1.64670300e+00
    7.38004565e-01 3.00616145e-01 1.33742571e+00 4.27088141e-01
    1.64258051e+00 1.39751148e+00 -6.24438524e-01 1.24060822e+00
    -2.00564861e-02 9.37941909e-01 5.39278924e-01 1.29069579e+00
    4.15347815e-01 5.64017475e-01 6.36684299e-01 1.18526196e+00
    4.28073466e-01 -5.47686219e-02 5.89831710e-01 1.04121280e+00
    8.13533008e-01 1.12080359e+00 3.15956771e-01 1.54877734e+00
    1.14944375e+00 1.28769088e+00 7.45713055e-01 9.85412598e-01
    5.45222759e-02 6.20305479e-01 1.40015006e+00 8.39738727e-01
    -7.18805611e-01 6.69303775e-01 -2.16401041e-01 2.37573981e-01
    7.11587548e-01 1.19192576e+00 1.00442100e+00 4.31126058e-01
    4.33027565e-01 1.42399681e+00 6.56566143e-01 1.28463960e+00
    3.66850674e-01 -1.73003495e-01 -7.21780300e-01 -6.30899191e-01
    -6.74637914e-01 1.19182968e+00 -6.99667931e-02 3.37053001e-01
    1.27038240e+00 1.57391024e+00 -5.17168760e-01 1.30053830e+00
    1.09419501e+00 1.28632712e+00 -6.42715812e-01 4.50548768e-01
    -1.05124235e-01 -4.77158219e-01 6.11041367e-01 1.09611773e+00
    3.97789657e-01 -5.94393194e-01 6.22675657e-01 -5.33140898e-01
    8.90630126e-01 1.57622647e+00 7.57478595e-01 3.28173637e-01
    5.66356361e-01 3.03761959e-01 -1.47750556e-01 6.38140142e-01
    6.73889995e-01 -5.98788559e-01 -2.21505761e-02 -3.55402827e-02
    1.55669153e+00 1.92170978e-01 -1.79945350e-01 1.26184857e+00
    -5.22373319e-01 1.26916957e+00 9.73454833e-01 1.34189904e+00
    1.35929346e+00 -6.72477365e-01 6.72626972e-01 1.48090637e+00
    1.45660937e-01 1.62519753e-01 8.24825287e-01 -9.05158520e-02
    7.67857313e-01 9.25156295e-01 1.12523413e+00 -1.30426943e-01
    2.68172026e-02 1.08829236e+00 7.29255319e-01 9.19208646e-01
    1.08324301e+00 -3.83039415e-01 -3.26841861e-01 4.16186154e-01
    -2.55127668e-01 -5.04989207e-01 8.07719648e-01 2.50017643e-02
    -3.75132918e-01 1.06674004e+00 -2.48550028e-01 3.80089402e-01
    1.20512819e+00 1.35597062e+00 -6.79415643e-01 -2.83161372e-01
    1.92224860e-01 8.41429234e-02 1.78130603e+00 -2.02411175e-01
    -4.32932198e-01 4.23733890e-01 1.07392001e+00 -5.84575057e-01
    1.38892341e+00 8.13033998e-01 1.29137802e+00 1.36295223e+00
    1.47624183e+00 5.10600865e-01 -1.24951899e-01 5.18029869e-01
    1.69017911e+00 1.37064242e+00 -6.10150874e-01 -7.14959502e-02
    1.41977692e+00 -2.02562451e-01 3.71789515e-01 1.56038570e+00
    4.39360738e-01 -4.02653158e-01 1.10311377e+00 -2.44642258e-01
    7.29818940e-02 1.60407472e+00 1.35794234e+00 7.37895072e-01
    5.40599704e-01 1.34927416e+00 1.29885781e+00 1.87546670e-01
    1.48870945e+00 9.19070661e-01 -2.06201017e-01 1.01309276e+00
    1.65275860e+00 -3.78539711e-01 6.46190405e-01 1.64316654e+00
    -5.06239235e-01 1.01625502e+00 9.83496487e-01 1.39585853e+00
    1.26859927e+00 -5.49822211e-01 -4.97328430e-01 -1.53881371e-01
    1.42422938e+00 5.82614362e-01 -5.87576926e-01 -4.40322191e-01
    3.24781060e-01 -4.12135988e-01 1.50732410e+00 8.90364647e-01
    -1.20329916e-01 1.43953514e+00 8.81531298e-01 1.27933574e+00
    1.73286736e-01 1.62748134e+00 -1.24845922e-01 -5.36118567e-01
    -4.15801555e-01 -6.49393082e-01 7.62938619e-01 1.59150338e+00
    7.79461622e-01 1.36670876e+00 7.06248879e-02 -4.51642275e-03
    1.44798851e+00 1.07046831e+00 5.63759744e-01 1.10898089e+00
    2.97317624e-01 8.79459858e-01 1.11593890e+00 1.19399822e+00
    -4.98671651e-01 1.62466836e+00 8.08667660e-01 8.27857852e-01
    3.92900527e-01 2.56736517e-01 -5.19884825e-02 -1.30580127e-01
    -2.85714954e-01 1.70980954e+00 1.94064558e-01 2.25577176e-01
    -6.82285249e-01 1.58469367e+00 1.38195920e+00 -1.11819923e-01
    7.63102114e-01 -7.56594300e-01 1.50259566e+00 1.63470483e+00
    1.29355788e+00 -6.61785722e-01 1.67074263e-01 3.48501801e-02
    1.84759331e+00 3.01877022e-01 9.65294003e-01 1.74507821e+00
    6.02932990e-01 9.39963937e-01 4.15012538e-01 7.45475650e-01
    4.83924031e-01 4.73067105e-01 1.77065432e+00 1.65075982e+00
    -2.64000118e-01 1.79128408e+00 -2.97107160e-01 5.54707229e-01
    -2.68989801e-01 1.17019844e+00 1.31888485e+00 1.69624031e-01
    1.36330938e+00 1.05459571e-01 3.13729882e-01 -1.48042977e-01
    9.86893356e-01 -3.33368182e-02 -6.87842727e-01 5.74694335e-01
    -2.76222140e-01 8.29963863e-01 -5.72996616e-01 1.15174186e+00
    -6.79953873e-01 9.32978392e-01 1.24716210e+00 9.30082202e-02
    1.17043340e+00 4.80797231e-01 -4.50375527e-01 1.68641460e+00
    -6.24256253e-01 -4.82756466e-01 -5.08831859e-01 1.55351317e+00
    1.24148870e+00 5.52979589e-01 5.57360947e-01 1.00699401e+00
    9.01057422e-01 -4.91541207e-01 1.14666116e+00 -2.95684338e-02
    1.20354486e+00 1.50701535e+00 1.13399029e+00 -1.35765076e-02
    5.09743571e-01 1.06684399e+00 4.15202856e-01 1.74254596e+00
    1.40047836e+00 -4.21018273e-01 8.17310333e-01 1.24062979e+00
    -1.36661410e-01 -1.74435943e-01 3.95242453e-01 1.28699803e+00
    3.16462159e-01 -6.84810400e-01 7.36550927e-01 1.35211754e+00
    1.67218471e+00 1.00906253e+00 1.29735923e+00 5.00912964e-01
    1.20269251e+00 8.51602018e-01 1.41095698e-01 -2.97465920e-01
    1.65163875e+00 -4.47690666e-01 1.23745501e+00 1.42288280e+00
    4.90639746e-01 1.64960361e+00 -4.36900198e-01 8.51918578e-01
    -2.86032796e-01 1.48202360e-01 -1.35056615e-01 5.75346887e-01
    1.58621812e+00 1.15822744e+00 1.00923753e+00 -3.94648761e-01
    5.31908214e-01 7.88372815e-01 3.76129806e-01 7.22721219e-02
    4.82816219e-01 2.48178422e-01 1.51996422e+00 1.60011053e-02
    4.07149911e-01 -5.29332638e-01 4.76609290e-01 2.72220492e-01
    1.13744676e-01 1.44061077e+00 -2.28757381e-01 3.17399025e-01
    -6.86164081e-01 1.53352308e+00 1.01743770e+00 -5.61495543e-01
    1.16916776e+00 -1.42851591e-01 -9.87327695e-02 8.60184312e-01
    -2.60940492e-01 9.36586738e-01 1.98654294e-01 5.84640205e-01
    1.59594536e+00 -3.54950935e-01 -4.86621737e-01 -1.78709328e-01
    -2.71865726e-02 1.60379040e+00 6.24156892e-01 1.08236241e+00
    1.54213274e+00 -7.15112090e-01 1.71832788e+00 -2.83780426e-01
    1.38927329e+00 8.44958663e-01 -2.13329405e-01 8.65026712e-02
    -2.21232682e-01 1.56756592e+00 3.37902665e-01 -6.58312559e-01
    1.21544242e+00 6.82646513e-01 8.34646523e-01 1.74051785e+00
    -5.86203992e-01 7.77309775e-01 1.23070610e+00 -4.03232694e-01
    -1.42537087e-01 -3.62908453e-01 2.50042081e-01 1.51440108e+00
    1.16492105e+00 -3.50014865e-01 4.92775440e-02 -1.76350355e-01
    8.74721646e-01 1.03852153e+00 -1.90146923e-01 1.61129594e-01
    1.05343270e+00 -4.66613173e-01 -5.40663660e-01 1.61448479e+00
    1.33106232e+00 6.83224380e-01 -7.24384904e-01 -1.53389454e-01
    -6.94244385e-01 7.51582384e-01 1.43380189e+00 1.27447462e+00
    1.30486214e+00 -7.62836277e-01 1.67865252e+00 -3.12566400e-01
    -1.30943835e-01 -3.49636078e-02 -4.58000273e-01 -2.88339138e-01
    1.14736629e+00 1.35524178e+00 -6.82952166e-01 -5.94799101e-01
    1.49499536e+00 2.03023732e-01 6.54069602e-01 -5.72063684e-01
    2.53370523e-01 -3.95776033e-01 3.14819515e-01 1.42341018e+00
    1.10980749e+00 -9.69359279e-02 -4.46923941e-01 1.12960696e+00
    -6.05440795e-01 1.59170270e+00 -3.18261087e-01 1.62466252e+00
    5.73378444e-01 1.60143185e+00 4.31516767e-02 1.29229641e+00
    1.50420368e-01 -2.02923656e-01 -4.94421422e-01 7.81174481e-01
    1.31854177e+00 -4.13956076e-01 1.40222359e+00 -6.70684457e-01
    1.32583308e+00 1.18164468e+00 1.03266943e+00 -7.30794013e-01
    2.56642342e-01 1.09170890e+00 8.72874439e-01 3.11314225e-01
    1.03828657e+00 1.36933351e+00 1.51373470e+00 -2.78237313e-01
    2.93328762e-02 -5.85728109e-01 1.54722381e+00 -2.58591801e-01
    3.96176159e-01 -6.65677130e-01 -5.35897613e-01 7.80859232e-01
    7.10254312e-01 8.55903625e-02 4.68995750e-01 -5.70319295e-02
    1.43834138e+00 -2.21133083e-01 -3.74525130e-01 -2.65041262e-01
    1.06250584e-01 1.62250566e+00 2.10035205e-01 8.57768774e-01
    -1.15499020e-01 1.32023501e+00 -2.31648088e-01 8.73256147e-01
    -3.99129331e-01 1.37424421e+00 1.10577106e+00 5.34769475e-01
    -1.21780336e-01 -4.91962612e-01 2.90367603e-02 4.00486529e-01
    -6.25591338e-01 -4.36016798e-01 2.70800054e-01 1.19882703e+00
    1.40752840e+00 3.24604511e-01 -1.03718460e-01 3.70005310e-01
    1.23544681e+00 5.24085283e-01 2.42629230e-01 1.36894190e+00
    -3.37167442e-01 2.40325212e-01 9.07161713e-01 5.83380401e-01
    1.20316184e+00 7.79431403e-01 -4.35238689e-01 1.02661014e+00
    6.99062347e-02 1.50661814e+00 -3.11477631e-01 1.48859084e+00
    -1.97343230e-02 -6.35793626e-01 1.33254719e+00 -1.19782031e-01
    -1.66567922e-01 5.27266860e-01 1.63668990e-02 -5.53770721e-01
    1.72932386e-01 3.32604110e-01 1.20815134e+00 -1.67050898e-01
    1.37838221e+00 5.75136542e-01 2.59699881e-01 1.06433749e-01
    1.51353109e+00 -2.48710215e-01 7.96933293e-01 -6.88197970e-01
    1.00498152e+00 -3.73328656e-01 2.76186347e-01 -4.40710843e-01
    6.14992142e-01 1.42785084e+00 -2.71476507e-02 4.96753097e-01
    -5.70232272e-01 -2.26495594e-01 1.85612559e-01 1.06686163e+00
    -7.13679790e-02 1.65352535e+00 1.84099436e-01 -2.16200322e-01
    6.28328204e-01 1.83202040e+00 1.58175230e-02 -5.33270359e-01
    -9.20282006e-02 -4.92204189e-01 3.24094474e-01 8.37554932e-01
    -5.45671999e-01 -4.17876095e-01 8.80371332e-01 5.86454034e-01
    8.96450281e-01 1.40137124e+00 4.15813327e-02 8.04775476e-01
    -3.42371613e-01 1.18784690e+00 4.78246212e-01 -6.76972389e-01
    1.59316707e+00 2.89768875e-01 -1.06851578e-01 1.11695790e+00
    -1.80278897e-01 1.46055603e+00 1.35181415e+00 1.06284547e+00
    1.74850047e-01 1.52816296e+00 1.17694426e+00 -3.96956801e-02
    1.06541944e+00 -7.19888687e-01 1.22958946e+00 9.86175478e-01
    4.10724998e-01 3.59266698e-01 1.10949445e+00 6.74670339e-02
    4.01291370e-01 1.64175892e+00 1.68786764e+00 -5.17218530e-01
    1.04897261e-01 6.82743788e-02 1.73255742e+00 8.94200385e-01
    7.32374907e-01 1.01498902e+00 -5.94262898e-01 2.84835041e-01
    -3.95091832e-01 1.38774276e+00 8.89101565e-01 -1.27937555e-01
    -3.82110596e-01 3.88462484e-01 1.29115999e+00 5.52266836e-03
    -4.04778719e-02 1.73154843e+00 3.60829413e-01 1.61502600e-01
    1.63351870e+00 1.60535574e+00 -6.21715426e-01 1.50549722e+00
    1.61752462e+00 -5.54193497e-01 5.00931919e-01 -3.51787925e-01
    6.65582776e-01 1.00410986e+00 5.16255379e-01 -6.00159705e-01
    1.69008851e+00 -5.37758470e-02 1.00029278e+00 5.93942285e-01
    4.61374342e-01 1.02124381e+00 4.19272661e-01 2.40533292e-01
    8.87944520e-01 1.24759793e-01 6.47768378e-01 -5.41914701e-02
    4.16458905e-01 -3.52784634e-01 6.97325528e-01 -5.47725260e-01
    1.67667699e+00 4.08067167e-01 7.38988698e-01 8.38262141e-01
    -3.55591416e-01 -3.52904797e-02 4.48458254e-01 5.33964455e-01
    8.29438627e-01 2.15705097e-01 -5.14646351e-01 1.87613487e-01
    4.03351009e-01 1.30198503e+00 1.43230724e+00 8.46002698e-02
    9.49930370e-01 1.42475259e+00 -7.72319853e-01 1.11152768e+00
    -4.83623177e-01 -4.45311338e-01 3.42492640e-01 6.42141104e-02
    2.05735385e-01 1.51033449e+00 8.75353456e-01 1.48855400e+00
    7.97929466e-01 1.08878803e+00 1.01402962e+00 -8.45898390e-02
    1.10765171e+00 1.12792480e+00 1.06300521e+00 1.67201591e+00
    -6.48416579e-01 9.64088619e-01 -2.31441081e-01 5.44905186e-01
    -6.19242907e-01 -2.75740564e-01 -3.41917038e-01 7.06345618e-01
    2.22311974e-01 1.25350142e+00 2.87689924e-01 -6.31087780e-01
    9.07230973e-02 -1.89341486e-01 1.83963716e-01 -5.81355095e-02
    8.02624047e-01 4.46659088e-01 -1.03152394e-02 9.66867983e-01
    1.45381558e+00 8.88919473e-01 7.67520487e-01 1.36750841e+00
    8.61483872e-01 2.26110041e-01 -1.70459986e-01 2.18168974e-01
    1.38520765e+00 6.25474572e-01 5.53981662e-01 3.37989926e-01
    -2.28821754e-01 1.60245061e-01 1.22007489e+00 9.37240481e-01
    -1.88789129e-01 3.28806162e-01 -1.45567656e-01 7.71189511e-01
    -3.46555442e-01 1.46303439e+00 1.65986478e+00 9.30191994e-01
    -1.52258396e-01 4.95356917e-02 -2.90852666e-01 -1.56016648e-01
    1.03686357e+00 1.40142918e+00 8.46175253e-01 8.59573245e-01
    9.89867806e-01 1.33255696e+00 9.23568368e-01 -8.23672831e-01
    1.15468895e+00 -5.13017297e-01 3.62288117e-01 1.43092906e+00
    1.86740160e-02 -6.13671541e-01 7.35955894e-01 1.60548270e-01
    5.93131721e-01 8.41383874e-01 1.50353003e+00 -3.01397860e-01
    1.03850007e+00 2.09470093e-01 -3.74191880e-01 3.47900748e-01
    8.90078068e-01 -5.27209044e-01 -3.60972494e-01 2.27055252e-01
    7.12282836e-01 2.97311068e-01 3.44153702e-01 4.55641031e-01
    7.00802326e-01 6.58145666e-01 1.44357204e-01 7.09716439e-01
    1.35823298e+00 -2.55613089e-01 8.44172120e-01 5.84083796e-01
    -2.31283903e-02 9.08164620e-01 4.15280581e-01 -1.58436894e-02
    -5.61138153e-01 1.26574945e+00 -2.96083480e-01 1.00361323e+00
    9.70320463e-01 -4.16134715e-01 1.52985573e+00 5.83379507e-01
    1.55119419e-01 1.41460192e+00 -3.67002845e-01 4.82022762e-02
    -1.32099390e-01 1.47485232e+00 8.76252770e-01 6.85716271e-01
    1.60989094e+00 -1.09203219e-01 4.92777884e-01 7.16900826e-03
    -5.96064866e-01 1.52749419e+00 1.40024304e+00 -4.90482390e-01
    -4.08185393e-01 1.19677711e+00 2.79422820e-01 8.87205660e-01
    7.91874349e-01 5.49912989e-01 3.23720098e-01 3.58401358e-01
    -4.10158455e-01 -1.86544597e-01 7.08534181e-01 1.85159039e+00
    8.33198428e-01 1.05934525e+00 1.16568232e+00 2.28950143e-01
    4.80858326e-01 -5.15551567e-02 4.17998970e-01 9.18742359e-01
    -2.56049037e-02 -1.42764270e-01 1.70296168e+00 -6.26800299e-01
    5.45839071e-01 -1.71666145e-02 1.65742350e+00 1.16020727e+00
    1.57083130e+00 4.71324205e-01 -5.98014295e-01 7.80963540e-01
    1.30431581e+00 1.10327423e+00 -4.27974105e-01 -3.29282373e-01
    1.31976771e+00 5.97648978e-01 4.21462953e-01 9.04345512e-02
    7.93756306e-01 5.94725192e-01 1.02040100e+00 -7.30932176e-01
    9.69722509e-01 1.94864571e-01 8.09792399e-01 1.05694103e+00
    1.14963317e+00 3.40388298e-01 6.44163072e-01 7.92732537e-01
    9.48402822e-01 -3.40895444e-01 -3.92389446e-01 -6.03631437e-01
    6.17344022e-01 1.05975795e+00 -3.02435130e-01 9.96607304e-01
    3.44980896e-01 -2.29757398e-01 1.55522823e-02 6.71026111e-01
    -1.15276515e-01 -3.57847810e-02 6.77704692e-01 1.02923334e+00
    1.60718751e+00 1.54018939e+00 -1.77688003e-01 1.34223640e-01
    -5.43198586e-01 6.50233090e-01 -2.12133229e-01 6.89675093e-01
    2.40231216e-01 4.76290584e-02 -2.96956539e-01 -6.61730945e-01
    -2.41692007e-01 7.81153262e-01 2.81535745e-01 -5.90804935e-01
    1.36614895e+00 -3.90190899e-01 1.71003366e+00 7.33084261e-01
    1.50370026e+00 3.90036166e-01 2.03952491e-01 -5.45253754e-01
    6.53851211e-01 4.96530414e-01 -4.58846867e-01 -5.61430454e-02
    1.51627421e+00 2.87246168e-01 1.31646276e+00 5.32973468e-01
    7.57847428e-01 1.48141980e+00 1.46208835e+00 -4.15716439e-01
    -8.10319781e-02 3.74391258e-01 9.21500981e-01 -1.20962203e-01
    1.68599129e+00 1.53068924e+00 7.21693039e-01 6.05694234e-01
    3.61142099e-01 2.88119495e-01 5.16163290e-01 5.87151587e-01
    -2.40501016e-01 -3.30714822e-01 1.56881738e+00 9.02661800e-01
    1.98596060e-01 1.51162922e+00 2.31127739e-02 7.00380802e-02
    -2.02048481e-01 1.27585876e+00 7.83225358e-01 -1.49021745e-01
    1.27771258e+00 -2.51338363e-01 9.36541796e-01 1.43514276e-02
    4.25562263e-01 -1.06265664e-01 -6.80057466e-01 1.13459444e+00
    5.57812929e-01 3.23444426e-01 -2.60589123e-01 -5.49771130e-01
    9.17802393e-01 2.83443153e-01 1.57436490e+00 3.12018454e-01
    -2.01667547e-01 1.48674846e+00 -4.04492766e-01 6.82756245e-01
    9.80715692e-01 7.37594008e-01 7.78712571e-01 5.16315818e-01
    5.81136286e-01 4.29488480e-01 -2.93466926e-01 1.00450277e-01
    1.30713487e+00 4.43420768e-01 3.63273740e-01 1.02315092e+00
    -3.48072886e-01 6.17183864e-01 2.43756950e-01 1.34988189e+00
    4.86818075e-01 1.10806417e+00 1.21976328e+00 1.55271983e+00
    4.10072863e-01 1.06923151e+00 1.29803562e+00 -1.98169947e-01
    -3.00623596e-01 8.70816469e-01 -6.35450363e-01 -5.61361551e-01
    2.91499615e-01 4.48730230e-01 9.14990008e-01 -6.33862495e-01
    1.29802191e+00 1.62621641e+00 1.54391205e+00 9.88537669e-02
    8.20737958e-01 -1.42107666e-01 1.73491836e+00 8.30240428e-01
    1.41493011e+00 2.72251189e-01 -5.92255175e-01 1.59827602e+00
    5.12430310e-01 1.40562296e-01 1.66594028e+00 5.25348544e-01
    1.58276820e+00 6.15316272e-01 1.34850979e+00 1.32892072e+00
    4.10812140e-01 1.76712823e+00 -6.55478776e-01 -1.14104033e-01
    1.32548046e+00 1.10626090e+00 4.79642749e-02 1.10057509e+00
    1.29749739e+00 -6.13338709e-01 1.29001629e+00 1.30690360e+00
    6.15533173e-01 8.05120766e-01 2.20078051e-01 1.00260639e+00
    4.45361137e-01 1.23968244e-01 -3.62406105e-01 -5.83251715e-02
    8.86496663e-01 5.57111144e-01 -6.06585026e-01 -3.31222206e-01
    1.20633793e+00 3.14693689e-01 4.85935509e-01 1.29927707e+00
    3.80399168e-01 8.24164152e-02 -2.21043885e-01 1.19192553e+00
    1.26633859e+00 9.09777105e-01 5.38631320e-01 8.19482446e-01
    1.66228747e+00 1.35034025e-01 6.93225563e-01 1.32146335e+00
    -7.00940073e-01 -2.29098320e-01 -7.25827813e-02 1.63747966e+00
    -1.82877362e-01 -1.27867579e-01 1.29873824e+00 3.51125658e-01
    9.16535735e-01 1.32267118e+00 -4.41530079e-01 1.30488765e+00
    -4.56634462e-01 1.30624843e+00 2.59296179e-01 7.62235284e-01
    1.60278916e+00 6.80061519e-01 9.39245999e-01 6.61797881e-01
    3.06345224e-01 1.35359967e+00 -5.08543849e-02 1.48167253e+00
    -5.26759624e-01 2.97768712e-02 1.34126306e-01 1.74966681e+00
    1.00892115e+00 1.59024751e+00 -3.98902625e-01 1.40870690e-01
    -4.41911042e-01 1.01268923e+00 -7.84576535e-02 2.40133405e-01
    7.89033830e-01 2.86492944e-01 1.11233139e+00 3.03599834e-01
    4.43192184e-01 -4.08444881e-01 -5.00950575e-01 -2.35774010e-01
    -5.57773888e-01 8.13851774e-01 4.32971179e-01 1.28442216e+00
    -5.85953355e-01 1.45024014e+00 -6.53786302e-01 -6.09136522e-01
    -6.07783198e-01 1.05063975e+00 -6.86634183e-02 7.25124121e-01
    1.10937071e+00 8.72966647e-02 5.12435794e-01 -4.42658067e-01
    7.62688160e-01 1.48985791e+00 -3.80107284e-01 7.21319020e-01
    7.38404334e-01 -4.71556902e-01 -4.73523796e-01 -2.84317732e-01
    -6.06280565e-02 5.17651498e-01 1.46635616e+00 4.48519707e-01
    2.45072901e-01 1.46399546e+00 -2.41576791e-01 7.11396158e-01
    -2.82772362e-01 -3.16108555e-01 1.12091875e+00 -1.55599117e-02
    -4.95377779e-01 1.23256350e+00 6.90082729e-01 -2.69250751e-01
    3.56127083e-01 -6.58620238e-01 5.08411050e-01 1.44959307e+00
    -4.37757462e-01 2.56156087e-01 4.30181623e-01 1.45210361e+00
    -7.03421414e-01 6.15559220e-01 1.15054560e+00 6.30570889e-01
    -1.90856874e-01 1.45470953e+00 1.20678699e+00 4.07810450e-01
    -4.06615674e-01 1.01454616e-01 -2.24632084e-01 -2.30457008e-01
    1.32997143e+00 6.94992661e-01 1.49975896e+00 1.21456480e+00
    1.10079241e+00 5.68388224e-01 2.15611696e-01 -3.45388830e-01
    -4.66554165e-01 3.83673906e-01 2.68691480e-01 -1.21517181e-02
    -6.30237043e-01 1.28924036e+00 4.02002752e-01 4.81136560e-01
    3.72841179e-01 -5.89455009e-01 3.56357098e-02 -5.84371388e-01
    1.55752981e+00 -6.72442257e-01 6.22689128e-01 1.54138863e-01
    8.46956372e-02 -4.84770954e-01 1.67277753e-01 2.16201544e-02
    -1.85000181e-01 -5.97441912e-01 1.09107471e+00 -1.43140078e-01
    1.13375962e-01 6.98628902e-01 1.56207645e+00 1.51420569e+00
    -5.60169458e-01 1.06345284e+00 1.08343005e+00 6.70561016e-01
    1.28241587e+00 9.60066974e-01 2.84461021e-01 -6.50808394e-01
    1.57797074e+00 -6.30823255e-01 -1.37607753e-01 -6.29864752e-01
    4.21986341e-01 1.56572700e+00 -4.82041180e-01 3.95110786e-01
    -1.66111678e-01 -1.83073461e-01 1.40589523e+00 9.80619311e-01
    -2.84335554e-01 1.15674400e+00 1.02487683e+00 -3.35028678e-01
    8.94843698e-01 -1.27547622e-01 -5.40870070e-01 1.26251268e+00
    1.72082114e+00 1.12776279e+00 2.68626392e-01 1.60053158e+00
    1.41703904e+00 1.47978282e+00 8.38752627e-01 1.26946068e+00
    8.79723549e-01 3.47148478e-01 1.22400808e+00 -2.62027621e-01
    3.91916752e-01 -4.32553947e-01 7.95413971e-01 9.46607709e-01
    -5.71359098e-01 5.89283168e-01 1.52652264e-02 -2.73516268e-01
    1.42147470e+00 7.37669885e-01 1.73328471e+00 3.71870995e-02
    1.08448744e+00 9.03706968e-01 -1.32691443e-01 -3.90491635e-01
    -3.05527091e-01 -9.85527039e-02 6.63399577e-01 4.29989338e-01
    3.52353215e-01 -4.75238711e-01 -5.90450287e-01 -7.47647166e-01
    6.08476102e-01 3.41029286e-01 1.40767932e+00 -2.09618390e-01
    -4.07803506e-01 -3.81283075e-01 8.18881989e-02 4.72352922e-01
    -4.73012388e-01 9.44285989e-02 1.44724321e+00 8.70083988e-01
    -1.57180130e-01 3.97663295e-01 6.59066498e-01 -7.04272389e-02
    4.35492158e-01 -5.61649382e-01 1.69487000e+00 -4.92877543e-01
    1.44841087e+00 1.17543399e+00 8.34434271e-01 9.00373697e-01
    1.16570973e+00 -7.84193516e-01 1.27538776e+00 8.26728880e-01
    1.20082712e+00 -4.39374030e-01 -1.24614924e-01 3.09321165e-01
    -5.40376961e-01 -1.29335225e-01 1.37704706e+00 1.44521689e+00
    8.15134346e-01 1.28214121e-01 3.24062705e-02 5.47369957e-01
    -3.38002980e-01 -3.46423775e-01 1.71468353e+00 1.54061818e+00
    7.98013091e-01 8.80185902e-01 1.02838612e+00 -5.72422206e-01
    1.27334738e+00 -6.96597576e-01 3.00969481e-01 1.56824875e+00
    9.54527378e-01 1.61578655e+00 1.41582727e+00 -6.77191138e-01
    7.21665144e-01 5.73270440e-01 4.16553199e-01 4.24534202e-01
    -1.11626446e-01 5.12537539e-01 -3.62199575e-01 9.79533732e-01
    1.07653821e+00 7.47124910e-01 1.10293949e+00 7.82603264e-01
    1.71322799e+00 -3.79918814e-01 -3.95072848e-01 5.43955684e-01
    7.81083584e-01 -6.29041791e-01 3.86142910e-01 -1.34370238e-01
    4.22733963e-01 -4.70621169e-01 8.63165617e-01 9.15067196e-01
    1.46021938e+00 9.82949734e-02 1.11828852e+00 7.45709479e-01
    1.20844316e+00 8.86460900e-01 -2.90259629e-01 8.92869711e-01
    1.43404508e+00 7.18149662e-01 7.65856504e-01 4.99117494e-01
    1.39890838e+00 1.57026052e+00 -4.38441873e-01 -3.43788624e-01
    1.55306721e+00 1.26145840e+00 -2.87098914e-01 6.75296783e-02
    4.68693614e-01 9.29582179e-01 1.69360960e+00 9.47116733e-01
    1.14042711e+00 5.73510647e-01 9.32107806e-01 1.35927606e+00
    9.19947505e-01 2.45489299e-01 5.35114825e-01 7.72760272e-01
    9.16422307e-01 8.50866795e-01 9.28531349e-01 5.65058529e-01
    1.38936758e+00 -4.32452530e-01 -2.11212635e-02 1.41132975e+00
    -4.57271636e-01 2.12388277e-01 4.76583958e-01 -1.22947395e-01
    1.57718349e+00 2.94407070e-01 1.30616474e+00 -2.34219700e-01
    -5.27907789e-01 1.52021754e+00 -5.24572372e-01 1.62287259e+00
    5.25376439e-01 1.04096913e+00 1.13711882e+00 -5.13959765e-01
    1.36383414e+00 -5.29054999e-01 1.78882158e+00 -1.96143031e-01
    1.03867340e+00 1.40444469e+00 3.75659347e-01 6.28676236e-01
    1.43474936e-01 1.40934777e+00 2.54254162e-01 4.77817774e-01
    1.62752616e+00 1.14877844e+00 -1.20101511e-01 6.30087495e-01
    -4.24169898e-02 7.34894931e-01 -1.94813758e-01 2.41171300e-01
    3.37569714e-02 4.06481028e-01 -7.36818492e-01 1.51620412e+00
    -2.52970994e-01 1.03570080e+00 1.45423245e+00 -4.15811270e-01
    -4.79471952e-01 9.79406238e-02 7.77123213e-01 1.66545880e+00
    -1.86496198e-01 1.26384926e+00 -1.97851628e-01 1.14040434e-01
    9.98566747e-01 1.49126828e+00 5.50926089e-01 5.57419002e-01
    -3.14514726e-01 1.14568782e+00 9.63553905e-01 1.47403622e+00
    1.20751238e+00 -1.16761684e-01 -3.57579052e-01 1.51049924e+00
    6.74910367e-01 -4.61536050e-02 8.80430281e-01 8.18300188e-01
    1.31768286e-01 5.16433775e-01 -5.25106728e-01 1.68399346e+00
    8.86141658e-02 -4.87555027e-01 -1.11099601e-01 1.70549774e+00
    -3.65191013e-01 -4.59406704e-01 8.20055604e-01 -4.21560735e-01
    1.63186336e+00 2.03095913e-01 8.04512560e-01 1.53753877e+00
    1.20715857e+00 7.81104863e-01 -3.21606994e-01 1.76716113e+00
    -6.33715928e-01 -4.64230299e-01 1.62145543e+00 7.40889668e-01
    8.69757831e-01 1.19321752e+00 7.76046634e-01 1.21261311e+00
    7.70099759e-02 8.06022525e-01 1.24018693e+00 1.60465717e-01
    -1.12571299e-01 6.67402267e-01 -2.97547579e-02 -5.51144898e-01
    1.50418460e-01 8.19002450e-01 1.81162536e-01 4.94762301e-01
    5.80672741e-01 -2.16176331e-01 1.27405047e+00 -4.86260921e-01
    1.19998848e+00 1.12844110e+00 -5.74511766e-01 -1.43697321e-01
    1.63633609e+00 6.17080033e-01 -4.95998204e-01 1.09135079e+00
    -5.19021869e-01 4.31831181e-01 1.33923888e-01 7.46757209e-01
    1.12050295e+00 -7.73446560e-02 1.00737691e+00 6.20768249e-01
    4.61284995e-01 1.16722775e+00 5.61382055e-01 -6.66699767e-01
    8.96191478e-01 1.30404544e+00 3.50407302e-01 1.01515102e+00
    1.48543692e+00 -1.00906789e-01 1.02408457e+00 8.96145463e-01
    3.46111655e-01 1.37493360e+00 -8.01050663e-01 8.99225414e-01
    1.14318419e+00 1.08230567e+00 -3.58749121e-01 4.95063722e-01
    1.43089998e+00 2.24563479e-01 -3.61088812e-01 4.66160178e-02
    2.72691548e-01 2.67992675e-01 1.12122238e-01 1.03103900e+00
    1.34558523e+00 -1.02226257e-01 9.43991780e-01 1.13633811e+00
    1.54731596e+00 -3.73697162e-01 1.63440585e+00 3.24367881e-01
    -7.08416104e-02 6.78148329e-01 1.80001712e+00 3.61880600e-01
    2.89059460e-01 1.75285447e+00 1.30677176e+00 1.33901668e+00
    -1.44632816e-01 5.31694114e-01 7.80466795e-01 6.45284832e-01
    5.45710742e-01 2.17443466e-01 -2.87835687e-01 -4.54989672e-02
    2.34426081e-01 -1.62395120e-01 1.31725216e+00 1.49371338e+00
    1.14727449e+00 -7.25250244e-01 1.30779171e+00 8.48712146e-01
    8.78784657e-02 8.68443847e-01 6.74476385e-01 1.64558506e+00
    -6.62466049e-01 2.04115212e-01 1.23883557e+00 4.45486963e-01
    -1.08808279e-02 2.69522369e-01 1.05097938e+00 4.93163347e-01
    -4.65858012e-01 -7.81351328e-03 1.37934268e-01 -3.92681241e-01
    -1.39669418e-01 -2.27910787e-01 9.55996513e-01 7.67597497e-01
    1.19858575e+00 1.09978819e+00 -1.66586041e-02 3.05725813e-01
    7.29886532e-01 1.17283714e+00 -4.42513585e-01 1.83205485e+00
    6.94463253e-02 6.04686916e-01 1.35078430e+00 2.99254775e-01
    3.82794321e-01 -4.83441323e-01 1.98448718e-01 1.44422174e+00
    4.73420620e-01 9.69969034e-01 1.28992867e+00 6.97231174e-01
    -4.00705844e-01 9.21169341e-01 6.23792946e-01 1.74178481e-02
    -6.50531590e-01 7.75468349e-03 2.56550312e-02 -3.61585617e-02
    -3.25936794e-01 1.98484421e-01 8.52336466e-01 -2.05802321e-02
    7.71319687e-01 1.46784973e+00 9.68523860e-01 -2.99378633e-01
    6.14763737e-01 1.43379235e+00 -3.78741622e-01 8.13948512e-01
    -3.79346192e-01 6.40456855e-01 1.21816993e+00 1.14127362e+00
    1.08888209e-01 1.43074226e+00 8.27982008e-01 1.72527242e+00
    1.13558078e+00 2.70476222e-01 5.53197265e-01 -2.68639803e-01
    8.26725721e-01 1.77735329e-01 -1.19386852e-01 1.87328291e+00
    9.28826928e-02 4.00920212e-01 -1.54849261e-01 1.22970748e+00
    -6.60666585e-01 5.85628927e-01 -9.37012434e-02 1.69309473e+00
    1.70051348e+00 -6.22546434e-01 1.10866642e+00 -5.89159429e-01
    5.76787293e-01 1.03076780e+00 7.90662766e-01 5.44222414e-01
    4.02088344e-01 4.53508258e-01 -3.70551348e-02 6.23284578e-02
    -3.30906570e-01 4.35165167e-01 4.95130539e-01 6.51494920e-01
    1.29341376e+00 8.95350456e-01 2.29316711e-01 1.50261354e+00
    1.39793992e+00 5.47539473e-01 3.67902160e-01 1.35803258e+00
    2.08102047e-01 -1.13828540e-01 1.58892417e+00 1.74882293e-01
    2.32425272e-01 3.21652889e-01 1.55952609e+00 9.38829482e-01
    1.54474735e-01 -1.79631263e-01 9.38474834e-01 4.62957561e-01
    -1.65024400e-02 -4.54801619e-01 1.38004756e+00 1.93921387e-01
    9.94947910e-01 -6.20910943e-01 1.56010270e+00 7.94043899e-01
    6.05097353e-01 -5.86240113e-01 1.39020514e+00 4.97876585e-01
    1.69514394e+00 6.85195088e-01 1.24936414e+00 -6.57368779e-01
    1.05221510e+00 -3.34498405e-01 -3.88945013e-01 1.02541924e+00
    5.08559048e-01 1.72445738e+00 1.17917025e+00 -4.55749661e-01
    -9.75620747e-02 1.10634387e+00 7.16862202e-01 1.19917822e+00
    1.56763816e+00 8.30135643e-01 -3.45601559e-01 4.33545589e-01
    1.19379354e+00 1.24395251e+00 -1.49482429e-01 5.09490907e-01
    7.79322505e-01 7.34770656e-01 -4.94976372e-01 1.20972800e+00
    4.96924639e-01 6.77205861e-01 -4.87459570e-01 9.07282889e-01
    -2.45766312e-01 -1.29809976e-01 3.99991155e-01 8.15425813e-01
    -5.01338661e-01 -4.44207191e-02 9.34965670e-01 1.37882686e+00
    -1.33948386e-01 -5.02735317e-01 1.99075937e-01 1.48044002e+00
    1.30679059e+00 -1.68815732e-01 1.52729344e+00 7.16988683e-01
    3.00953388e-01 1.12389803e-01 7.34227717e-01 1.35999632e+00
    5.15095651e-01 3.76494646e-01 1.01560473e+00 1.34347880e+00
    1.28115249e+00 7.91685104e-01 2.68557370e-01 -2.21077085e-01
    -2.10579991e-01 9.55062211e-01 1.56271970e+00 4.89247620e-01
    1.34726882e-01 5.23994565e-02 5.77354372e-01 1.28997803e+00
    1.14517212e+00 1.49198747e+00 1.15259588e+00 1.66733384e-01
    -7.17288733e-01 1.52119327e+00 -3.94416749e-01 8.62915277e-01
    1.20083618e+00 5.18225372e-01 1.36692274e+00 1.22675920e+00
    1.08033752e+00 -2.40438700e-01 2.76475906e-01 -6.50751233e-01
    1.13505316e+00 1.28500938e+00 6.22409701e-01 1.77628767e+00
    1.08839417e+00 7.66135037e-01 2.19404340e-01 1.07390332e+00
    -5.24458528e-01 1.22894859e+00 -2.51404166e-01 4.92142498e-01
    9.87507105e-02 3.68105769e-01 1.70559716e+00 -1.87610656e-01
    -1.68166965e-01 5.03700614e-01 -2.36972630e-01 -3.97135973e-01
    1.62078905e+00 4.21129644e-01 -7.49023914e-01 -5.69016337e-02
    1.58266902e-01 4.07065630e-01 1.51475191e-01 1.14832997e-01
    -5.12728930e-01 1.81322479e+00 -5.42865992e-01 5.19574583e-01
    1.18380451e+00 1.39973474e+00 1.09934127e+00 -6.56514823e-01
    -3.65938962e-01 -3.24307561e-01 1.53661263e+00 1.57505250e+00
    2.60359764e-01 7.36528337e-01 5.04770219e-01 5.38650334e-01
    1.06793046e+00 1.34186959e+00 7.91834533e-01 -7.52674818e-01
    1.58736145e+00 1.00439072e+00 2.08020210e-03 1.58896327e+00
    3.43995512e-01 4.82351482e-01 1.50128698e+00 -1.15168154e-01
    4.45261478e-01 3.65888119e-01 -3.47420543e-01 -6.79304600e-02
    -1.97923422e-01 2.30780900e-01 8.71948183e-01 3.31453204e-01
    -1.84759796e-01 6.83588445e-01 -3.69691074e-01 -4.15584594e-01
    8.68173242e-01 -6.76375926e-01 1.12423944e+00 1.46116447e+00
    1.59622788e+00 1.42374659e+00 4.77419615e-01 -1.08761430e-01
    1.46368706e+00 2.60515273e-01 -3.61788154e-01 -4.60413098e-02
    1.49951088e+00 -1.25307083e-01 -7.73121119e-02 1.52618766e+00
    -6.22107387e-01 1.67250299e+00 5.88386178e-01 1.76013637e+00
    3.76605332e-01 5.17283440e-01 1.00951195e+00 9.22469795e-01
    -6.16113901e-01 8.38147640e-01 8.41519594e-01 1.25549889e+00
    9.96616244e-01 1.26100123e+00 1.21656203e+00 1.25354707e+00
    2.10132062e-01 3.96014631e-01 6.74981534e-01 4.33456481e-01
    -6.38533831e-02 9.28987503e-01 -5.48196793e-01 -1.48622692e-01
    4.03798044e-01 1.07863331e+00 1.14176464e+00 5.97206712e-01
    -2.13229120e-01 1.08933926e-01 1.35029435e-01 -6.25353456e-01
    1.28118122e+00 -5.59687972e-01 1.08277225e+00 -3.47417682e-01
    -4.39050674e-01 8.88490021e-01 1.51789355e+00 6.26012683e-01
    -3.97036374e-01 1.26327038e+00 -2.56584167e-01 1.74317718e+00
    5.51833510e-01 -4.98992682e-01 1.67764354e+00 -3.13579977e-01
    1.74820542e-01 1.63133812e+00 -2.89010257e-01 -5.25811672e-01
    1.20878971e+00 -9.06359553e-02 1.66377258e+00 6.91838861e-02
    -2.43395567e-01 1.24202442e+00 -5.25855303e-01 -8.75949264e-02
    -1.09350622e-01 -7.35495806e-01 1.65604591e-01 6.20638072e-01
    9.72157001e-01 -5.89681327e-01 2.12454796e-01 -6.37766182e-01
    1.76830781e+00 6.22679293e-01 1.20204639e+00 -4.11943704e-01
    -2.12062567e-01 1.33927226e+00 -4.57882047e-01 3.32864523e-02
    2.22408295e-01 -4.62889701e-01 -6.69183731e-02 2.74062932e-01
    1.18303788e+00 -6.10899389e-01 -3.85010034e-01 1.28914285e+00
    6.34433925e-01 3.16308260e-01 -5.14360309e-01 6.26883090e-01
    4.37865913e-01 1.56611025e-01 6.41230762e-01 1.46332741e+00
    7.65731573e-01 -2.38283187e-01 -2.35047340e-01 2.13289261e-01
    8.61238837e-02 3.31746161e-01 -3.21321905e-01 1.35621524e+00
    1.53847551e+00 -4.16497201e-01 5.37439466e-01 -2.91235745e-01
    -1.23780072e-01 9.41941917e-01 5.73294520e-01 2.81938612e-01
    1.49886858e+00 4.97221649e-01 6.63087845e-01 1.01911664e+00
    1.62302828e+00 1.92485452e-02 2.82157063e-02 3.97492170e-01
    1.27478683e+00 -1.78569973e-01 6.07804537e-01 9.74416554e-01
    -5.17262399e-01 6.16649985e-01 9.81384814e-01 7.25617886e-01
    -1.14350915e-02 -1.60365343e-01 1.42713547e+00 9.54204023e-01
    -1.73788369e-01 1.69489741e+00 -4.22250628e-02 2.83357799e-01
    3.10028195e-02 1.49537563e+00 1.49992466e+00 -6.01388812e-01
    9.44254518e-01 -6.63214326e-02 2.76948214e-01 1.15259004e+00
    1.56221771e+00 -8.55098903e-01 1.27051854e+00 -3.96742404e-01
    1.37054563e+00 1.50697410e+00 -5.81451774e-01 1.44165111e+00
    -3.07517767e-01 7.26986825e-01 6.06863081e-01 -5.71557224e-01
    1.46508980e+00 5.52994847e-01 1.52259350e-01 1.00036693e+00
    1.40140009e+00 -2.76978374e-01 6.63674533e-01 1.05622101e+00
    4.58386719e-01 -8.65603685e-02 -3.17163557e-01 1.27341843e+00
    1.54718828e+00 1.56859767e+00 1.26505673e+00 -5.30243039e-01
    8.55585098e-01 1.59508204e+00 5.07935643e-01 -1.54568613e-01
    1.98059857e-01 -4.15063411e-01 -4.22196478e-01 4.50067699e-01
    2.09809721e-01 -5.05194366e-01 1.40923619e+00 -5.16645133e-01
    -1.21945500e-01 -4.29741204e-01 2.63084769e-02 9.49104428e-01
    6.28589869e-01 1.62437320e+00 7.18116045e-01 3.46147895e-01
    -6.01741731e-01 -3.80880445e-01 3.47606957e-01 -4.01078373e-01
    -1.37876689e-01 2.00298727e-01 2.72219539e-01 1.24870276e+00
    1.02514780e+00 -4.22474146e-02 7.39065409e-02 1.20434332e+00
    2.75579691e-01 1.51366103e+00 9.67741549e-01 -6.80849791e-01
    1.17860222e+00 1.97747350e-01 7.75549531e-01 -5.24054766e-01
    2.28433728e-01 1.01998341e+00 -2.18709886e-01 -2.51807064e-01
    -5.49827933e-01 1.81402206e-01 2.81231165e-01 2.05449104e-01
    3.31698596e-01 1.42928064e-01 4.11871135e-01 1.51487529e+00
    -6.61978483e-01 3.71060312e-01 1.55185914e+00 2.31804788e-01
    -6.65597141e-01 1.28296828e+00 1.38007271e+00 1.75480366e-01
    1.58322716e+00 4.06903148e-01 -3.54613096e-01 1.57949567e+00
    -1.31711423e-01 1.18440342e+00 1.38113666e+00 -3.42588276e-01
    -4.05054629e-01 1.18955910e+00 1.61050761e+00 1.05660629e+00
    1.17693663e-01 4.14116621e-01 6.84903145e-01 1.50039780e+00
    -6.28327012e-01 2.54535019e-01 -2.54652858e-01 -1.77648783e-01
    1.05263209e+00 1.37640619e+00 9.10156906e-01 7.46133208e-01
    1.50655723e+00 3.04744184e-01 3.69243979e-01 2.01587260e-01
    1.61534286e+00 4.79958057e-02 8.53958070e-01 4.17944133e-01
    -3.32000047e-01 5.99650741e-01 8.01775157e-01 -6.55653954e-01
    1.72789240e+00 -4.77624655e-01 6.70234263e-01 -6.80687964e-01
    1.12241149e+00 1.10780120e-01 2.47308075e-01 -6.01894796e-01
    -1.22065902e-01 1.36506844e+00 2.45410502e-01 1.55133903e+00
    1.26267290e+00 -3.46169770e-01 2.37625659e-01 -2.57838666e-01
    -4.03833807e-01 7.68850327e-01 -6.05311811e-01 1.16673660e+00
    -3.10163170e-01 5.94107211e-01 7.02942610e-01 1.79680884e-01
    7.87474036e-01 4.47612882e-01 1.27193570e-01 1.04940391e+00
    1.39456511e+00 8.61333728e-01 -7.58371770e-01 1.58795524e+00
    1.75611973e-02 -1.71752572e-01 -5.50778687e-01 9.66573894e-01
    9.51236248e-01 5.86954117e-01 5.08421123e-01 -6.92660809e-01
    9.72821295e-01 6.69228137e-01 2.86987185e-01 -7.36491919e-01
    1.26480615e+00 1.66228080e+00 -3.43760997e-01 2.98955619e-01
    -3.65826309e-01 2.85160840e-01 3.38025689e-01 8.32296729e-01
    1.71242833e+00 9.57997203e-01 1.68466449e+00 -3.26571107e-01
    -4.54149485e-01 -8.87591243e-02 8.42780590e-01 3.86914015e-02
    1.58124256e+00 1.24138474e+00 4.83473122e-01 1.77700937e-01
    4.56817329e-01 -7.76122212e-02 -3.68304074e-01 7.06668079e-01
    1.04391432e+00 1.22707427e-01 -2.02252626e-01 7.52449870e-01
    4.28323090e-01 1.29218030e+00 -4.11256552e-02 -6.10252202e-01
    6.59330070e-01 -2.60184109e-01 3.93086672e-03 7.32157707e-01
    -5.52179813e-01 8.98373127e-02 7.86725581e-01 1.06013179e-01
    6.34024024e-01 -6.87419772e-02 1.54405820e+00 1.54636121e+00
    -7.85286725e-01 1.24543524e+00 3.37511897e-01 -4.96605635e-02
    1.48475480e+00 5.87724447e-02 -3.70113790e-01 1.49335563e+00
    1.68878186e+00 2.07969725e-01 6.75601840e-01 2.56710947e-01
    1.03616834e+00 4.03368890e-01 8.68255317e-01 -7.19461501e-01
    1.66311240e+00 1.19981718e+00 -4.56656218e-02 1.05011475e+00
    5.78239858e-01 -1.98534667e-01 4.91291821e-01 -6.75121844e-01
    1.06688988e+00 1.02991283e+00 8.14454198e-01 -2.31201559e-01
    9.06583130e-01 3.87888849e-01 1.42157555e+00 -7.34560311e-01
    -5.19661903e-01 2.48663366e-01 -5.26701629e-01 1.55516386e+00
    9.50657308e-01 3.24866414e-01 1.49678063e+00 1.02925360e+00
    -3.05196315e-01 -5.95821142e-01 1.49547470e+00 1.33440137e+00
    1.08113146e+00 9.90069985e-01 4.52171683e-01 -1.11801445e-01
    -3.04211438e-01 2.90191352e-01 1.48829865e+00 5.25513709e-01
    8.96110594e-01 1.24218655e+00 1.34511757e+00 1.29881692e+00
    4.10911858e-01 -3.23768824e-01 1.13844228e+00 -6.86020911e-01
    1.33518934e-01 1.26980042e+00 8.83445442e-01 1.31890547e+00
    1.18583190e+00 -4.59011674e-01 1.27706718e+00 1.47309542e+00
    -7.13486493e-01 1.50285900e-01 5.81394851e-01 8.88276756e-01
    -2.32041955e-01 -2.87701279e-01 8.09758544e-01 -7.90912509e-02
    1.58549106e+00 1.00485694e+00 3.21549714e-01 2.82227635e-01
    9.55172777e-02 1.35757077e+00 -5.32597065e-01 1.30832696e+00
    7.26586938e-01 3.28662932e-01 4.17436540e-01 -4.76719826e-01
    7.82667994e-02 -5.77471375e-01 -1.36362553e-01 2.06557810e-01
    1.32837117e-01 -5.40244579e-02 1.61580777e+00 -9.51686502e-02
    1.49446595e+00 1.09515846e-01 1.31928027e+00 4.47387993e-01
    1.09461820e+00 1.16840875e+00 1.22027278e+00 5.95739663e-01
    -5.53005576e-01 3.06086183e-01 2.56160021e-01 1.05246520e+00
    7.87526548e-01 5.62978923e-01 1.48378110e+00 6.39146209e-01
    3.38016152e-01 -2.69136876e-01 -2.70460397e-01 4.39787030e-01
    -3.91506553e-02 5.75646698e-01 6.37053847e-01 -5.57230592e-01
    1.46912229e+00 -2.31677175e-01 9.50166166e-01 3.77515495e-01
    -5.48826456e-01 1.30301714e+00 2.23366976e-01 2.94070363e-01
    1.38868070e+00 1.30030060e+00 -2.49510646e-01 -2.43771434e-01
    9.44936514e-01 1.58604014e+00 1.46229839e+00 -1.38975918e-01
    4.07216191e-01 -9.68802571e-02 7.22677231e-01 2.34150767e-01
    1.60452199e+00 5.40291131e-01 -9.25474167e-02 1.56576145e+00
    3.85435700e-01 1.03818607e+00 1.58027792e+00 2.04621792e-01
    8.29071999e-01 2.34496951e-01 -4.87569630e-01 8.72579038e-01
    4.40431297e-01 7.86466837e-01 1.02671075e+00 1.45035982e-01
    -6.97618186e-01 8.07246327e-01 -9.60674882e-02 2.86628366e-01
    1.57999301e+00 1.43554258e+00 9.26724553e-01 1.25858796e+00
    8.51045012e-01 9.10081863e-02 -5.68948150e-01 7.30781555e-02
    -1.98157310e-01 1.53374887e+00 1.16261482e+00 4.55980182e-01
    -1.81192160e-01 4.76282001e-01 -5.62715828e-01 8.18750501e-01
    1.03666139e+00 1.09620905e+00 1.45576215e+00 2.99348831e-01
    1.28924310e-01 3.65339518e-02 8.91587436e-01 -4.39771056e-01
    1.15367746e+00 1.18718147e+00 -1.45335734e-01 9.07942235e-01
    8.49623203e-01 -3.58710378e-01 1.00313210e+00 1.16626441e-01
    3.64362597e-02 1.22969818e+00 1.01417303e-03 8.59513700e-01
    1.42209601e+00 -8.73267353e-01 1.20925689e+00 1.62835419e-01
    -4.34788346e-01 1.22935390e+00 8.06297064e-02 -1.95500731e-01
    4.08192873e-02 -4.76463795e-01 8.86176705e-01 7.12187111e-01
    1.43714356e+00 1.54937446e+00 1.41267037e+00 6.44731164e-01
    -5.53547621e-01 -1.78719103e-01 6.73259079e-01 7.69835889e-01
    -5.06867230e-01 -2.10617512e-01 1.03568387e+00 -6.49098158e-02
    -3.04588705e-01 1.66703725e+00 -6.02017164e-01 1.27440429e+00
    1.46313155e+00 4.98634517e-01 -1.01495683e-01 2.68935323e-01
    6.17594361e-01 -7.46146262e-01 5.98006546e-01 -1.62839293e-02
    8.94117534e-01 1.58107102e+00 4.18818235e-01 -4.16838288e-01
    1.80827475e+00 -6.16133392e-01 7.71654785e-01 -1.57888710e-01
    1.62562418e+00 -3.86306703e-01 3.23899090e-01 3.16954851e-02
    3.21184993e-01 1.29772615e+00 1.63242197e+00 1.07239735e+00
    -3.20863813e-01 2.09232032e-01 -3.73194784e-01 1.47669840e+00
    1.49385190e+00 1.51106799e+00 -7.28763461e-01 4.51310515e-01
    1.43423593e+00 -1.87352598e-01 1.40581083e+00 1.04214501e+00
    -6.59808934e-01 3.65960598e-03 -4.28665459e-01 7.09097266e-01
    1.19144201e+00 5.44686317e-02 5.16557693e-02 1.03680491e+00
    1.00142026e+00 1.53761935e+00 6.46364689e-03 -5.71325541e-01
    -2.55109072e-02 4.84421551e-01 -1.16183639e-01 -7.12665319e-02
    5.73442757e-01 1.94795072e-01 -3.11868310e-01 1.52061772e+00
    9.52070475e-01 1.15747380e+00 -5.62202990e-01 -5.02286971e-01
    1.84060669e+00 -6.16484880e-02 8.10554624e-02 1.25999904e+00
    2.44601071e-01 8.09103668e-01 1.41347289e+00 -2.87271976e-01
    9.63641107e-01 1.49332380e+00 1.50831878e+00 5.83900809e-01
    7.94364035e-01 -2.82862693e-01 1.13215733e+00 -6.46874011e-01
    5.46934247e-01 2.07040131e-01 1.52330112e+00 2.95416236e-01
    -2.95609117e-01 6.94247305e-01 4.28356886e-01 1.56018710e+00
    -1.36367977e-01 1.49941063e+00 -5.62615573e-01 2.82777011e-01
    7.78560996e-01 1.11748242e+00 -5.55847883e-01 -5.06028116e-01
    1.02272117e+00 1.22688365e+00 7.08825886e-01 -7.53549755e-01
    -1.78360701e-01 6.39206588e-01 -2.23614365e-01 2.11746752e-01
    9.32474911e-01 -5.53291142e-01 -4.14746761e-01 1.06103206e+00
    1.36932635e+00 6.45222843e-01 3.50712299e-01 1.17632627e+00
    2.37364352e-01 -5.09698391e-02 4.38971579e-01 1.11326110e+00
    1.60984492e+00 -5.44069409e-01 1.32322717e+00 4.97939408e-01
    -2.10140467e-01 1.46861815e+00 1.32645154e+00 1.84839129e-01
    -1.47998631e-01 1.26387668e+00 1.45665085e+00 1.57357073e+00
    1.25572777e+00 2.68276334e-01 1.61792302e+00 1.01408136e+00
    1.50751674e+00 -3.77783000e-01 3.56223226e-01 1.20583844e+00
    2.50259578e-01 -2.83781707e-01 1.66190886e+00 6.39688611e-01
    -1.20622337e-01 -1.59286559e-01 3.33485603e-02 4.97381866e-01
    1.23295474e+00 1.53713012e+00 5.22642374e-01 5.66799462e-01
    6.68243647e-01 1.60322642e+00 1.46696329e-01 5.74712574e-01
    -1.47807062e-01 2.51189351e-01 1.62834978e+00 1.59975183e+00
    6.31441176e-01 -3.64965796e-02 1.18482852e+00 -4.17691439e-01
    6.57145739e-01 4.13099647e-01 -1.00322902e-01 6.48273647e-01
    -1.98850214e-01 -3.78962278e-01 -3.74443650e-01 5.56845665e-02
    -1.77073240e-01 1.05252981e+00 1.01906657e+00 6.63978696e-01
    3.43920171e-01 1.43388987e+00 1.61823869e-01 6.55368209e-01
    -3.01542819e-01 6.48048341e-01 -7.25516677e-02 5.48325241e-01
    5.16841173e-01 1.45394087e+00 7.65170395e-01 -8.42946768e-02
    -2.59222806e-01 -7.83027411e-02 1.38655233e+00 -3.56027633e-01
    -4.58532155e-01 -5.65321267e-01 1.19749188e-01 1.49852931e+00
    3.50418210e-01 1.50103426e+00 8.13602805e-02 8.28039348e-01
    1.63117325e+00 -7.56198168e-03 -5.71542978e-02 -4.31136310e-01
    -3.40207189e-01 -3.54266673e-01 1.14154696e+00 1.67270255e+00
    2.23552108e-01 5.33219755e-01 -1.26505077e-01 -3.39374036e-01
    -1.09573334e-01 7.24447966e-02 -3.53415012e-02 1.40781116e+00
    1.16114807e+00 9.05802131e-01 1.24849439e+00 1.31196713e+00
    2.12693036e-01 1.15528703e-02 8.76355588e-01 1.27386594e+00
    1.52619290e+00 1.07803321e+00 -2.91154087e-01 9.98831153e-01
    8.87463391e-01 3.42034996e-01 1.02933359e+00 1.39637375e+00
    1.23877263e+00 -5.72044671e-01 6.05959535e-01 1.01922584e+00
    1.35073495e+00 1.48138332e+00 1.12040019e+00 -2.62188256e-01
    1.23373973e+00 -3.09558094e-01 1.49275184e+00 9.50680435e-01
    3.84880900e-01 7.36925662e-01 2.47599244e-01 4.78484750e-01
    1.15538025e+00 -4.94843453e-01 6.23796403e-01 1.10014033e+00
    5.59386849e-01 8.84983242e-01 1.41994214e+00 1.32759321e+00
    1.20401978e+00 9.67810631e-01 7.32219219e-03 -1.24711752e-01
    3.44999850e-01 9.74958777e-01 9.39159453e-01 1.20513308e+00
    9.87918258e-01 5.74197531e-01 -5.91702342e-01 6.50512099e-01
    1.40047050e+00 4.63794649e-01 4.14840698e-01 1.07130122e+00
    2.14301467e-01 1.63546896e+00 1.21133554e+00 7.66769946e-01
    -1.81983322e-01 1.09633875e+00 1.16158533e+00 6.46770895e-01
    2.53661394e-01 1.38037372e+00 3.96281898e-01 -4.31760311e-01
    1.79784405e+00 1.42337000e+00 -7.49685526e-01 1.11346936e+00
    1.00931108e+00 1.12849212e+00 1.03874874e+00 1.53987861e+00
    8.98963213e-02 -2.07822382e-01 1.40409231e+00 9.38622653e-01
    1.35012317e+00 1.50680470e+00 -1.47299349e-01 1.45034170e+00
    1.31756425e-01 8.11788201e-01 -4.26184386e-01 5.43751419e-01
    1.71592236e-01 7.25190699e-01 9.41358328e-01 3.39901149e-01
    3.00451040e-01 6.98732734e-02 7.38869607e-01 9.87721920e-01
    6.77424192e-01 7.00591505e-01 6.29732728e-01 -2.36534834e-01
    -1.59573019e-01 1.12371039e+00 1.33919334e+00 7.37479091e-01
    1.17669415e+00 -4.01336491e-01 7.76212871e-01 4.41529632e-01
    -2.59263813e-01 9.35718417e-01 3.14751267e-01 1.42157841e+00
    1.26118851e+00 5.94105721e-02 1.04589105e+00 -7.46029973e-01
    1.48667610e+00 -6.74935520e-01 5.26701689e-01 -3.85396153e-01
    3.03282559e-01 -4.93094116e-01 1.74339533e-01 8.82054389e-01
    -2.28514671e-02 -4.42035198e-01 1.67903638e+00 2.63497829e-01
    -2.72062063e-01 2.90939510e-01 1.96707547e-01 -5.92158139e-01
    -1.00142837e-01 5.06950796e-01 4.84647930e-01 -5.99964440e-01
    5.15251160e-02 2.79747665e-01 1.85398221e-01 6.45514667e-01
    -2.63040572e-01 -5.89699149e-01 1.35087729e-01 1.59915447e+00
    1.37946081e+00 2.17381954e-01 4.14741039e-01 -5.79545081e-01
    -9.61428881e-03 1.56523418e+00 -5.85382342e-01 1.39910722e+00
    -4.51407909e-01 -5.22544146e-01 3.05151880e-01 -3.58628660e-01
    1.64175844e+00 4.52765822e-01 5.96346974e-01 -4.37038600e-01
    1.42730474e-01 -4.85177159e-01 1.14668620e+00 8.80540371e-01
    -4.95594710e-01 3.00299883e-01 -3.98371935e-01 2.57781744e-01
    1.60772991e+00 -4.35136706e-01 9.41771507e-01 -4.58963960e-01
    -8.17315578e-02 1.23509896e+00 1.26075864e+00 1.38527942e+00
    3.54464412e-01 -8.11924458e-01 1.15887737e+00 1.38618636e+00
    -7.44324982e-01 7.65217125e-01 -2.55154967e-01 1.19091618e+00
    1.66905582e-01 6.21874332e-02 -2.95817852e-03 3.05854261e-01
    -4.07955199e-01 -6.40755892e-01 1.55143201e+00 7.61812747e-01
    1.09270215e-01 1.16089773e+00 2.18169272e-01 4.18785095e-01
    8.14237475e-01 5.97030044e-01 1.03225422e+00 5.79906940e-01
    4.22403693e-01 4.05887425e-01 6.03715658e-01 7.50078321e-01
    1.24492002e+00 5.47528267e-03 1.42832470e+00 6.63499236e-02
    6.37720764e-01 1.63503933e+00 1.61581194e+00 3.05325449e-01
    2.58907318e-01 5.39494157e-02 9.93373632e-01 -3.84923071e-01
    -3.69967043e-01 6.32448196e-01 -1.69799149e-01 1.22504413e-01
    -2.63015926e-01 6.24671817e-01 8.95421088e-01 4.50120270e-01
    5.51884055e-01 1.64516640e+00 2.79313624e-01 1.50700092e+00
    1.45445037e+00 8.30560088e-01 3.99458647e-01 6.04196906e-01
    8.99393797e-01 8.74824524e-01 -7.13522434e-01 1.24821281e+00
    -2.80812532e-01 -4.90784824e-01 8.41413379e-01 -4.35044110e-01
    8.29969347e-01 7.33254313e-01 1.32436299e+00 -1.72833204e-02
    -1.39026314e-01 -4.12030071e-01 1.27841544e+00 -2.97771037e-01
    3.28269243e-01 1.52018762e+00 -4.84479129e-01 -5.35427690e-01
    -1.62559748e-03 -6.70571923e-02 1.36208475e-01 8.30219448e-01
    1.09368551e+00 -2.97993720e-01 1.40715539e-01 4.30414677e-02
    4.45898116e-01 -2.78789997e-02 1.49160957e+00 -3.44699293e-01
    -1.78970635e-01 5.45950532e-02 8.78396451e-01 -3.01400602e-01
    2.20732570e-01 -1.67295814e-01 -4.14677978e-01 -1.77371323e-01
    1.64162111e+00 -1.41838074e-01 8.47361803e-01 1.07057166e+00
    -7.19023824e-01 6.95841253e-01 4.61645484e-01 1.23718548e+00
    1.40185893e+00 -4.38425541e-02 1.57278633e+00 1.33109725e+00
    3.54448795e-01 7.36968696e-01 -2.96684086e-01 1.21517515e+00
    1.33018374e+00 -1.52344108e-01 1.50161898e+00 1.48986065e+00
    -2.39847302e-02 7.07638443e-01 1.25576758e+00 2.81430185e-01
    1.50882363e+00 -1.23760104e-02 5.53332686e-01 -4.08671111e-01
    1.35620022e+00 1.29239547e+00 -5.66734612e-01 8.60318840e-01
    4.98456538e-01 7.39781320e-01 -4.89699066e-01 1.09180868e+00
    4.19455945e-01 -4.28036869e-01 6.74604595e-01 1.08358848e+00
    1.22689819e+00 -3.07372451e-01 2.97961175e-01 4.86926973e-01
    -6.45084143e-01 -5.64090729e-01 7.28781283e-01 1.16929984e+00
    8.17500710e-01 -3.40220928e-02 -1.96276486e-01 1.68847489e+00
    -6.73377335e-01 -4.36091185e-01 1.21261716e+00 1.65006328e+00
    8.47722471e-01 -4.75273848e-01 1.87278152e-01 7.16145098e-01
    -6.22664094e-01 -5.06308436e-01 -2.26989508e-01 4.82868969e-01
    8.75086427e-01 -8.01347494e-02 1.93730593e-01 8.84124756e-01
    1.56412125e-01 6.99220240e-01 5.75614452e-01 5.71447611e-02
    -1.05998695e-01 -4.05089855e-02 -7.56290853e-01 7.42917657e-01
    1.61891472e+00 1.27118540e+00 -1.45181477e-01 2.86897063e-01
    -3.24564129e-01 -3.70374650e-01 1.28292501e-01 5.63013196e-01
    7.22133875e-01 1.49283636e+00 9.38201845e-01 -2.30215430e-01
    2.95573115e-01 -9.03648138e-02 2.06362426e-01 1.13652945e-01
    6.74311817e-01 4.37229633e-01 1.05406451e+00 -5.78231931e-01
    9.44510162e-01 8.83240342e-01 4.71231937e-01 -4.22051430e-01
    -1.26738608e-01 1.10523832e+00 3.40357423e-01 1.00656128e+00
    -3.41068774e-01 1.24740374e+00 4.75737214e-01 1.17827189e+00
    -3.80543232e-01 2.10525990e-01 -5.15541136e-01 5.41180134e-01
    1.41913271e+00 3.26484561e-01 7.90649652e-02 1.30893779e+00
    1.52513933e+00 4.51398313e-01 -1.27237320e-01 1.34276390e+00
    1.15384853e+00 2.87720382e-01 5.91782868e-01 1.25991106e-02
    2.71684170e-01 1.63052845e+00 2.61749744e-01 3.53923857e-01
    4.16942835e-01 4.40132201e-01 3.74133766e-01 1.16482973e-01
    1.31957674e+00 1.44005966e+00 1.68174553e+00 -1.73744798e-01
    1.28035986e+00 1.53598416e+00 8.79680455e-01 -5.70672989e-01
    1.25566077e+00 3.68737876e-01 2.61661887e-01 9.59354639e-01
    9.20664251e-01 1.35027397e+00 3.92152548e-01 3.05103242e-01
    4.27273929e-01 -1.20542943e-01 5.35629272e-01 1.52293420e+00
    3.42061520e-01 1.15159321e+00 -4.44709539e-01 -2.84325421e-01
    1.51115680e+00 -8.84730816e-02 1.57050514e+00 -5.81313252e-01
    5.18785536e-01 1.09393001e+00 9.98503804e-01 6.69497192e-01
    1.06232798e+00 -2.38542289e-01 -6.89132929e-01 1.69386363e+00
    1.49700785e+00 -5.29663563e-02 1.27403617e+00 3.52221608e-01
    1.28279090e-01 -6.33798420e-01 7.25786090e-02 2.24893093e-01
    7.63887703e-01 1.36965990e+00 5.92700720e-01 -7.58996606e-01
    1.55543256e+00 3.42991769e-01 9.96128738e-01 -6.44220710e-01
    1.08809280e+00 -6.59336686e-01 1.53781044e+00 7.71534741e-01
    1.05662131e+00 4.97953296e-01 5.59040129e-01 1.05770290e+00
    1.09620225e+00 1.27720153e+00 1.46165252e+00 -4.33487654e-01
    1.27604055e+00 1.20399356e+00 1.56676602e+00 -6.04494929e-01
    1.52373874e+00 1.07302785e+00 2.45164871e-01 1.07149720e+00
    1.60472512e+00 1.39051914e-01 8.10731590e-01 2.15501457e-01
    1.71298313e+00 5.47717929e-01 7.35648990e-01 1.29688168e+00
    1.23068118e+00 -6.61275983e-01 -5.80325365e-01 -1.29148424e-01
    3.68842185e-01 1.49680495e+00 2.94438243e-01 1.43286109e-01
    7.09614933e-01 2.39371121e-01 1.03895497e+00 8.42619538e-01
    1.03930306e+00 -7.40902483e-01 5.26418686e-02 8.93181503e-01
    1.40277064e+00 1.30852985e+00 -5.98680496e-01 7.17757702e-01
    5.34399509e-01 3.66606236e-01 1.75169539e+00 9.84640539e-01
    8.11319292e-01 7.93443918e-02 7.42592871e-01 1.58396363e+00
    -8.23432207e-01 8.26797187e-01 -5.03144920e-01 1.28819060e+00
    -2.00648695e-01 5.39662182e-01 3.69119525e-01 6.18691087e-01
    8.81475806e-02 1.76265275e+00 -3.65832388e-01 1.57579148e+00
    1.39974737e+00 1.31625175e+00 -6.16222620e-03 4.57833230e-01
    1.64452577e+00 -7.59202182e-01 1.00469792e+00 1.70484996e+00
    2.38116860e-01 6.93784058e-01 8.73104572e-01 1.44213128e+00
    7.20509410e-01 -5.37268519e-01 2.91164935e-01 6.15724981e-01
    8.26948404e-01 4.72231865e-01 -3.93752784e-01 1.21889257e+00
    1.13603222e+00 1.53706050e+00 9.18952584e-01 7.37267137e-02
    7.10197687e-02 8.83936882e-03 -8.17051053e-01 1.50438964e+00
    -4.87612188e-01 1.58927774e+00 3.37255061e-01 -2.72182196e-01
    -3.59089255e-01 3.29996765e-01 3.39686275e-02 1.54554653e+00
    1.52434814e+00 2.10509896e-01 -1.46851659e-01 1.54030538e+00
    -2.63920069e-01 7.53763020e-01 -5.13616920e-01 -9.99782681e-02
    7.40748644e-02 1.48333311e-02 1.19226003e+00 9.58990455e-01
    1.18608880e+00 8.80605578e-01 1.76820457e-01 -2.97392607e-02
    -5.10766268e-01 3.95017862e-03 5.22758305e-01 5.23804426e-02
    -5.32165825e-01 1.73298717e+00 -3.86843026e-01 2.37274528e-01
    1.41130209e+00 1.61708260e+00 3.89731467e-01 -4.00423169e-01
    1.05689621e+00 1.69527876e+00 1.33204579e-01 -7.82354474e-02
    6.13013864e-01 1.12369847e+00 9.20982957e-02 8.72115791e-01
    1.05529344e+00 1.45769644e+00 1.36488342e+00 1.19102263e+00
    4.92140651e-01 5.35993040e-01 2.72857904e-01 4.79656577e-01
    -3.62313390e-01 1.52652097e+00 8.54932845e-01 1.64588404e+00
    1.30313349e+00 -5.48920035e-01 9.25601006e-01 1.04122758e-01
    9.64614332e-01 1.10083532e+00 9.54099417e-01 -1.34779692e-01
    8.55127275e-01 8.79440308e-02 -5.16715050e-02 9.90987182e-01
    -3.04389089e-01 1.11094832e-01 1.67125845e+00 -5.79306602e-01
    8.92419159e-01 7.62217581e-01 -1.31323159e-01 9.83858168e-01
    1.42692947e+00 9.16448772e-01 1.15965700e+00 1.47744751e+00
    7.99207568e-01 -3.91380221e-01 -4.44110632e-02 -2.20077068e-01
    6.54867411e-01 -5.76327443e-01 8.05432677e-01 -5.52236855e-01
    1.67843986e+00 1.64134955e+00 3.70455861e-01 1.53165352e+00
    5.31070709e-01 -2.52739429e-01 -1.30944014e-01 -6.98449612e-02
    7.55685627e-01 2.06321776e-01 7.41069317e-02 1.59951293e+00
    6.27702594e-01 1.53628230e-01 1.69209635e+00 -6.86471820e-01
    8.71419311e-01 1.25515079e+00 1.05840039e+00 -2.05663413e-01
    -3.02169740e-01 6.31358981e-01 1.30997682e+00 -3.85046244e-01
    9.13923919e-01 -3.27726603e-01 -4.53736335e-01 5.92251301e-01
    8.97239685e-01 -4.91400599e-01 7.13734686e-01 3.16659153e-01
    8.21855783e-01 6.09598160e-01 -6.49115086e-01 4.64592159e-01
    1.31910300e+00 6.51587248e-01 -3.99107933e-02 1.63647366e+00
    -4.04783756e-01 8.00903738e-01 1.44165862e+00 1.52740884e+00
    1.27356780e+00 -6.34907305e-01 1.30732274e+00 -5.20317554e-02
    -7.37254024e-02 8.93634677e-01 4.94763434e-01 -3.16187054e-01
    6.37175441e-01 1.11561382e+00 -1.55090094e-01 1.21442628e+00
    1.21602297e-01 1.95145667e-01 1.19114208e+00 -5.66697121e-01
    -2.36433744e-03 -5.98603487e-03 1.57691538e+00 -7.84943700e-01
    9.31675076e-01 1.37199676e+00 6.39634967e-01 1.64090073e+00
    -6.86956882e-01 1.33953309e+00 1.52914190e+00 6.26889825e-01
    -6.80733204e-01 9.60812628e-01 -2.35705376e-02 2.77867377e-01
    9.73701417e-01 1.57694244e+00 5.86829543e-01 -3.48500967e-01
    -4.65688527e-01 -9.21483040e-02 9.26894844e-01 1.32383716e+00
    -6.92696095e-01 1.48672771e+00 6.62461460e-01 -5.37342072e-01
    3.37631583e-01 6.77551687e-01 1.31197357e+00 1.39319420e+00
    4.59414124e-02 6.25301242e-01 1.83713496e+00 7.72037864e-01
    -1.89341128e-01 -2.87207246e-01 -3.55986029e-01 1.64024234e+00
    1.34063542e-01 9.52424288e-01 -4.71577525e-01 9.08176422e-01
    -5.87858379e-01 7.70673692e-01 8.17618847e-01 7.40623415e-01
    7.33989656e-01 5.16285837e-01 7.98202217e-01 -3.15027595e-01
    -3.74694645e-01 3.07029426e-01 1.44385791e+00 1.65413082e+00
    -5.50720453e-01 -6.63701296e-02 -4.33273971e-01 1.60672152e+00
    -6.86327040e-01 -8.36905241e-02 8.82989109e-01 2.54947484e-01
    1.28432322e+00 -1.89610064e-01 -1.53903902e-01 8.07477832e-01
    6.69716835e-01 1.01655412e+00 5.10412753e-01 -1.42928183e-01
    9.47453558e-01 -4.83134240e-01 1.29675925e-01 -3.53102684e-01
    3.22817028e-01 -1.30842030e-01 -3.85282993e-01 6.40836418e-01
    -2.38195896e-01 -2.38279939e-01 8.11159968e-01 1.67127526e+00
    -6.73367918e-01 9.76849318e-01 -6.51605427e-01 2.86374807e-01
    2.29478478e-02 1.40570807e+00 -2.78761923e-01 -3.83117616e-01
    8.93335998e-01 6.20365560e-01 1.40431750e+00 5.12275159e-01
    1.08405185e+00 -5.06536126e-01 1.35148883e-01 1.39560795e+00
    -7.17679024e-01 1.70331657e-01 2.21045017e-01 -6.57443047e-01
    1.60142088e+00 1.15749073e+00 2.37981558e-01 1.04285944e+00
    -7.73258686e-01 -6.41451120e-01 1.12736630e+00 1.21453071e+00
    1.69794846e+00 7.97511041e-01 2.98188746e-01 -3.23298723e-01
    1.10770941e+00 1.36849344e+00 1.24217772e+00 1.00874078e+00
    6.11145914e-01 1.48875976e+00 -4.01960015e-02 1.60135233e+00
    4.93142307e-01 -3.47382486e-01 1.10538363e+00 -2.90067226e-01
    2.97408700e-01 3.21439981e-01 1.42649209e+00 9.88322735e-01
    1.50477970e+00 1.30303550e+00 1.22036457e+00 1.43837190e+00
    -2.70028442e-01 2.51558423e-01 1.27345371e+00 -3.59965533e-01
    -5.41884422e-01 1.30250454e-02 2.06275582e-01 5.15406549e-01
    1.53783548e+00 1.03734350e+00 -4.00388539e-01 9.57119048e-01
    4.00471449e-01 -6.62454367e-02 8.20205986e-01 1.27425778e+00
    2.46998847e-01 -3.59007776e-01 1.35896051e+00 -8.48502636e-01
    1.15456402e+00 2.78497219e-01 1.28781128e+00 1.04398847e-01
    1.45161736e+00 9.18063283e-01 -2.23078549e-01 1.12903035e+00
    -9.60685015e-02 1.36875606e+00 1.30108333e+00 5.87837100e-02
    -6.35642171e-01 1.29875469e+00 9.32699263e-01 -4.80705768e-01
    1.07780695e+00 1.51764894e+00 6.21009827e-01 -4.33026463e-01
    1.56950831e-01 1.59497452e+00 -7.19866514e-01 1.44896996e+00
    -5.60758948e-01 1.41024220e+00 6.47173226e-01 -3.62927496e-01
    -4.06129062e-01 1.52507997e+00 1.57705247e+00 6.59426272e-01
    3.34219694e-01 8.05626512e-01 8.19391012e-01 -1.68226361e-02
    6.54178679e-01 1.27306104e+00 1.52888060e+00 7.02025175e-01
    -5.95675468e-01 8.67427170e-01 -7.19439268e-01 5.01939058e-02
    9.69219744e-01 2.01955855e-01 2.34853387e-01 8.33624601e-01
    1.71243715e+00 -7.11003482e-01 -1.96167648e-01 1.25440907e+00
    3.13200653e-01 6.57242835e-01 1.23535836e+00 6.72569275e-02
    4.69280422e-01 -9.77288485e-02 -1.68427825e-01 -4.29817677e-01
    6.92661881e-01 -6.41475558e-01 -3.42526406e-01 6.14648461e-01
    8.38497281e-01 5.86487949e-01 1.63086319e+00 9.57212090e-01
    9.62326348e-01 1.11388731e+00 1.41118312e+00 -1.84445620e-01
    1.41997218e+00 1.35103881e+00 -1.95969880e-01 1.09015405e-01
    1.71709037e+00 1.38863933e+00 1.36566710e+00 -1.46324933e-01
    -6.10596776e-01 1.02974057e+00 -3.72213721e-02 -3.78512770e-01
    7.14442909e-01 4.79616880e-01 4.97463226e-01 2.95271993e-01
    4.34874237e-01 9.05449986e-02 1.12459469e+00 -7.23730326e-02
    -9.21584368e-02 -8.59569311e-02 1.37400699e+00 1.44225633e+00
    8.37291360e-01 -6.13394737e-01 8.36194754e-01 -3.35400164e-01
    9.44884419e-01 1.58393776e+00 1.17361295e+00 -2.57191956e-01
    3.89339209e-01 1.08988440e+00 3.75463426e-01 1.30707836e+00
    -5.52702427e-01 1.09528160e+00 4.52639878e-01 1.69470000e+00
    1.74897385e+00 2.88761854e-01 6.88761771e-01 1.40448356e+00
    9.20817137e-01 -1.57860160e-01 1.57296574e+00 -4.21466142e-01
    -5.00758886e-01 8.09303582e-01 -2.11304307e-01 1.89898312e-01
    -1.73944235e-03 -2.17211843e-01 8.33989799e-01 -7.93494642e-01
    4.49768186e-01 7.19451010e-01 -1.85100734e-01 1.62465143e+00
    8.46802950e-01 -4.73465383e-01 -3.58485818e-01 1.05696940e+00
    1.98072183e+00 7.44914889e-01 -7.03886807e-01 -4.57925200e-02
    1.08299685e+00 1.54698324e+00 1.58528304e+00 1.23282886e+00
    9.76562858e-01 1.05362296e+00 1.59215665e+00 -6.87978268e-01
    3.21388066e-01 1.08116460e+00 8.24981332e-02 2.44687378e-01
    -5.20455122e-01 1.48170650e-01 1.49661064e+00 1.20279539e+00
    -5.69369733e-01 5.20423532e-01 1.69861841e+00 1.12631142e+00
    2.33882666e-01 -3.72319490e-01 6.28972709e-01 3.14815760e-01
    -1.70685679e-01 -9.78497863e-02 1.29961276e+00 1.40910554e+00
    1.49472094e+00 1.41090798e+00 9.24325407e-01 -1.75374299e-01
    2.67365456e-01 6.41148686e-01 -8.39638114e-02 5.07128119e-01
    4.23168480e-01 1.27234006e+00 1.16533005e+00 3.36674750e-01
    1.12308586e+00 9.54793751e-01 -3.69166315e-01 -4.74477738e-01
    1.27870893e+00 5.84453642e-01 -4.42854285e-01 1.46401882e+00
    2.83649385e-01 -8.05389881e-03 -5.73070526e-01 1.49890733e+00
    6.55057549e-01 4.07768726e-01 -3.88199896e-01 -1.78271353e-01
    -2.93611526e-01 3.47287536e-01 4.26861048e-02 -3.93793315e-01
    -7.94122815e-02 1.37129319e+00 1.11815476e+00 1.55650234e+00
    8.70627880e-01 4.16250944e-01 8.99273992e-01 6.83726728e-01
    1.38620424e+00 8.19994211e-01 -6.33639991e-01 7.03398645e-01
    -5.64251184e-01 -1.73215330e-01 -3.11303049e-01 1.27695441e-01
    1.21440864e+00 -7.86492527e-01 3.68343115e-01 1.37703490e+00
    4.76433635e-01 7.19472051e-01 2.59834707e-01 -4.07481968e-01
    1.76097155e-02 9.26123381e-01 7.86125720e-01 1.03691936e+00
    -5.71488500e-01 2.78646946e-01 -6.62575603e-01 2.65033126e-01
    8.10902178e-01 1.19992876e+00 9.74221587e-01 -1.47629499e-01
    -8.85768533e-02 1.21468389e+00 -2.43924350e-01 5.90268672e-01
    -5.65804064e-01 1.30212164e+00 7.39280641e-01 -1.35173440e-01
    -9.82294083e-02 -9.59373713e-02 -6.06055796e-01 9.05196428e-01
    -6.13253713e-02 1.04718542e+00 9.39865053e-01 1.51705897e+00
    6.17225826e-01 6.48233771e-01 -5.80923736e-01 1.41173840e+00
    1.58653855e+00 9.96605754e-01 6.02523267e-01 8.28533113e-01
    -2.14471340e-01 1.65138555e+00 -5.08429825e-01 1.50791347e-01
    1.50220990e+00 -7.28002608e-01 1.63782573e+00 3.74434292e-01
    -7.66729772e-01 1.56344497e+00 8.74579191e-01 -6.58955216e-01
    1.57919919e+00 -2.51515388e-01 6.12895846e-01 9.99251962e-01
    3.26547384e-01 7.51643836e-01 1.34652877e+00 2.47003138e-01
    -1.52634591e-01 -7.54044056e-02 4.02942121e-01 2.95740247e-01
    9.27006006e-02 6.60963655e-02 -6.17462337e-01 -5.73700011e-01
    -5.22539914e-01 -2.80526429e-01 3.51275265e-01 -1.20681882e-01
    6.56509101e-01 -3.90104562e-01 -5.19182920e-01 1.18323207e+00
    3.11549067e-01 -3.38454574e-01 4.12078738e-01 -7.85700083e-02
    1.36067891e+00 3.60568166e-01 2.22202897e-01 -4.52440888e-01
    1.12323487e+00 5.60520411e-01 -3.25971842e-03 -7.76006341e-01
    1.26570046e+00 9.39239681e-01 1.43969834e-01 -3.66625279e-01
    3.12220991e-01 5.00260532e-01 1.66350472e+00 3.76946270e-01
    1.72257257e+00 8.39563131e-01 9.84640956e-01 9.54725206e-01
    9.68441069e-01 5.03998458e-01 1.12241626e+00 -6.06681287e-01
    2.43554771e-01 3.27860117e-02 -5.98464370e-01 -2.33080149e-01
    3.40989113e-01 6.52565479e-01 -5.73207557e-01 -4.79052246e-01
    7.99853504e-01 9.71866488e-01 1.95907354e-01 5.21545887e-01
    1.56321239e+00 1.28201938e+00 1.25240135e+00 1.38940692e-01
    -1.29697502e-01 -5.00841737e-01 1.61488795e+00 -6.88300490e-01
    -2.20841169e-02 1.07448936e+00 4.95430768e-01 7.61361361e-01
    9.90020871e-01 -6.74681187e-01 -6.75324202e-01 -1.45057917e-01
    -1.26542628e-01 8.55618775e-01 1.66555774e+00 1.65995550e+00
    -6.79360092e-01 1.07542956e+00 1.30157852e+00 1.55897951e+00
    7.05954313e-01 -6.39119446e-01 8.99436831e-01 3.12565982e-01
    5.49730062e-02 8.01733732e-02 2.44048476e-01 5.93221247e-01
    -5.54002345e-01 -1.67867064e-01 -4.29527879e-01 -6.18802071e-01
    -6.68854535e-01 -6.44075871e-03 -2.59097487e-01 1.07152545e+00
    1.26757920e+00 -4.72069323e-01 6.80064738e-01 1.68296885e+00
    1.50973892e+00 1.07124257e+00 8.31991494e-01 1.53014827e+00
    1.38600469e+00 1.55351341e-01 -4.21878010e-01 1.20457745e+00
    3.38112056e-01 1.15415001e+00 -1.89989150e-01 1.99179482e+00
    -2.29740605e-01 8.11737359e-01 3.54326367e-01 1.00985801e+00
    7.73099065e-02 -4.12041038e-01 1.45045018e+00 -4.16508496e-01
    8.60907078e-01 4.14392591e-01 -3.65473747e-01 -1.00565553e-02
    8.47449839e-01 1.23765469e+00 1.22156334e+00 -7.14025140e-01
    1.07642007e+00 1.61344433e+00 5.75142682e-01 1.45548248e+00
    1.23417568e+00 -2.98077881e-01 -1.07406914e-01 4.13048804e-01
    1.47800112e+00 6.91945374e-01 5.70051074e-01 1.53250694e-02
    8.76738369e-01 -2.75595158e-01 7.25334287e-02 6.97847307e-01
    -4.99295831e-01 1.29367530e-01 1.54779458e+00 3.50034893e-01
    -4.75927860e-01 1.60001659e+00 -1.86032772e-01 1.32006824e+00
    1.75043797e+00 -6.75279975e-01 1.49740005e+00 4.90196347e-01
    8.72645795e-01 1.89294517e-01 -2.24491954e-02 1.90403223e-01
    5.93565643e-01 1.74964154e+00 3.85645926e-01 -5.15395641e-01
    1.62361550e+00 -3.35023671e-01 -1.38433456e-01 6.01343095e-01
    1.09452426e-01 1.79727495e-01 1.25568557e+00 4.93469298e-01
    5.59923768e-01 1.67093778e+00 7.06812561e-01 -7.09564090e-02
    9.83373582e-01 5.07867932e-02 -2.17866302e-02 -7.09114075e-01
    9.63489830e-01 1.30580151e+00 -2.01103866e-01 7.97209322e-01
    1.13707161e+00 -6.57491088e-01 3.10364723e-01 1.35568833e+00
    3.35319161e-01 -8.81922245e-02 8.54078054e-01 -1.20016873e-01
    1.36497307e+00 -6.96042895e-01 1.05829430e+00 1.64416671e+00
    4.49443340e-01 5.63010931e-01 3.85688543e-01 8.15751493e-01
    -1.33669376e-02 5.19279659e-01 8.82906675e-01 7.03660250e-02
    1.88069344e-02 3.59632969e-02 4.07409251e-01 1.35189784e+00
    -3.66585344e-01 1.96864009e-02 8.83274198e-01 6.86149478e-01
    2.86849558e-01 7.73074090e-01 1.06719434e-01 4.82457876e-01
    1.78029108e+00 1.08199739e+00 4.59913254e-01 -5.51231742e-01
    7.64152527e-01 1.11522198e-01 1.61021769e+00 -4.80468035e-01
    5.77190340e-01 5.52101851e-01 -2.93390870e-01 -7.63297617e-01
    1.48855245e+00 1.62942672e+00 -3.13625932e-01 -4.40275311e-01
    1.52765942e+00 6.65479898e-02 4.12599325e-01 -6.38985515e-01
    -4.69510555e-01 -1.25810802e-01 1.58261895e-01 6.80666089e-01
    4.92093921e-01 -1.91102326e-01 -3.58450413e-02 1.49309754e+00
    -2.67225266e-01 7.44995356e-01 1.61638832e+00 -2.77770758e-01
    7.03189909e-01 -3.67359608e-01 5.15567303e-01 1.40932965e+00
    7.74841905e-02 -6.73040390e-01 7.81440973e-01 3.35304677e-01
    6.09143019e-01 4.24107909e-02 6.56656384e-01 1.51725459e+00
    1.41208935e+00 1.03583670e+00 3.83151829e-01 7.40014553e-01
    9.62334335e-01 1.37049139e+00 -2.36779213e-01 1.66702712e+00
    8.98006856e-01 7.06114650e-01 -2.02127099e-02 1.20289016e+00
    1.50805306e+00 1.02693546e+00 8.88956785e-01 -1.52055204e-01
    9.66601133e-01 4.77768481e-01 1.17046595e+00 7.75441945e-01
    1.23260212e+00 -2.74777412e-03 1.14996982e+00 1.38396573e+00
    1.42685819e+00 1.59428775e-01 -6.29145920e-01 1.00266647e+00
    6.78428948e-01 1.19894218e+00 7.10402191e-01 -1.06721342e-01
    1.28220868e+00 1.71244860e+00 -2.96603382e-01 9.71748531e-01
    1.05868649e+00 -6.96270406e-01 -2.90398777e-01 4.07782972e-01
    1.09007251e+00 -4.73897845e-01 1.02013946e+00 4.73721981e-01
    1.39409482e+00 5.00963986e-01 -2.69851387e-01 8.85021687e-02
    3.16506565e-01 9.40185785e-02 -1.16419792e-01 -3.40208590e-01
    4.72461164e-01 -3.60099554e-01 -3.47249925e-01 9.49621379e-01
    9.92416859e-01 1.56623483e+00 5.90687096e-01 5.29451728e-01
    2.03735888e-01 1.04410839e+00 -3.89530391e-01 -5.92266679e-01
    1.50641680e+00 5.33159673e-01 1.30241108e+00 -5.88458359e-01
    1.35031056e+00 1.69820166e+00 -6.87109768e-01 -2.21956849e-01
    1.37134731e-01 6.77393556e-01 3.70781004e-01 8.85324299e-01
    1.35433602e+00 1.05261278e+00 -2.19090402e-01 1.62041461e+00
    1.56195068e+00 -5.11794865e-01 -7.38111138e-02 -1.58874929e-01
    1.11535335e+00 9.06367898e-02 1.68102551e+00 -4.54226732e-01
    1.64440250e+00 -5.02762616e-01 1.40144253e+00 -5.86830378e-01
    1.66127944e+00 -2.19424903e-01 -3.53895843e-01 6.26241267e-01
    -3.88926953e-01 8.52291167e-01 -7.47671008e-01 1.29750991e+00
    8.19731116e-01 -1.08147740e-01 7.25487411e-01 -6.25381947e-01
    5.78933299e-01 1.03450358e+00 5.68725705e-01 1.04476047e+00
    -3.81552637e-01 1.38517904e+00 1.23669672e+00 1.10268593e+00
    1.20788217e+00 -6.87052608e-02 1.17490387e+00 7.39221036e-01
    6.67790174e-01 8.91225934e-01 -6.07794702e-01 -3.76049697e-01
    6.89630985e-01 9.56304252e-01 -4.91838992e-01 6.55798078e-01
    8.95927548e-02 2.52124548e-01 6.22468472e-01 2.08217978e-01
    9.55754519e-03 6.83246553e-01 -6.16059840e-01 1.17394590e+00
    2.05564797e-01 2.53673673e-01 1.13528085e+00 1.19768679e+00
    -1.79080278e-01 1.04701054e+00 8.02291393e-01 -4.47077811e-01
    -1.54153377e-01 3.94309759e-02 -6.07522964e-01 -1.67067647e-02
    1.84096396e-01 -1.46313310e-02 9.70165849e-01 -5.17602324e-01
    1.01612365e+00 -1.89250916e-01 7.78904259e-01 1.32954240e-01
    1.51083910e+00 1.67306924e+00 4.17952836e-01 8.41746509e-01
    -5.28279245e-01 1.11672378e+00 2.34710813e-01 2.74620652e-02
    5.21955013e-01 7.14681089e-01 1.43872428e+00 -4.40996289e-01
    9.28875268e-01 1.58018994e+00 -4.22976077e-01 3.61388266e-01
    3.23590100e-01 4.02354598e-01 1.74324656e+00 -1.12301648e-01
    -6.61110878e-03 7.26916790e-02 9.35830534e-01 -6.75381422e-02
    8.90771210e-01 -7.25559473e-01 6.63495064e-02 1.19326091e+00
    1.54169083e-01 1.61276197e+00 5.05030632e-01 7.00987577e-01
    6.22881591e-01 1.25436819e+00 1.47346663e+00 6.74641073e-01
    -6.00870073e-01 5.00524700e-01 -2.54009366e-01 -6.98559642e-01
    6.71048164e-02 1.66735208e+00 8.08656812e-01 1.10007572e+00
    8.16068590e-01 -1.05174839e-01 1.09831166e+00 3.46815825e-01
    -4.22754705e-01 3.52051854e-02 -7.40584731e-02 1.19323969e+00
    -1.33141637e-01 -2.46863425e-01 8.72608244e-01 4.59696472e-01
    -5.87703824e-01 -4.79607105e-01 7.25514770e-01 1.57497525e-02
    3.49902093e-01 1.70048022e+00 4.75939274e-01 -4.82811153e-01
    1.37441730e+00 4.54503119e-01 -1.48751795e-01 -1.71262026e-03
    5.86307049e-03 3.12113941e-01 1.34749866e+00 9.17813838e-01
    9.13419902e-01 -7.78270245e-01 1.18867898e+00 2.38759041e-01
    1.45767021e+00 5.37392974e-01 8.12660098e-01 5.93802094e-01
    6.78255498e-01 -5.67665100e-02 -5.40164948e-01 7.85857797e-01
    5.17608404e-01 2.51344204e-01 1.74133587e+00 -3.16053182e-01
    1.45801640e+00 -5.51208377e-01 6.89952493e-01 1.56141078e+00
    1.55899620e+00 8.28727841e-01 1.97586894e-01 -5.38951278e-01
    -3.69335413e-02 1.49097085e+00 1.35435534e+00 1.89123213e-01
    -4.70764637e-01 1.05029941e-02 -2.67962396e-01 -4.46965814e-01
    1.69329882e+00 -5.11423528e-01 -4.47848439e-01 -4.11404788e-01
    3.69509935e-01 3.89810979e-01 9.83555377e-01 1.50843740e+00
    -3.98652285e-01 1.22379231e+00 9.65962410e-01 4.78678346e-01
    8.83976281e-01 -5.17263234e-01 1.02344084e+00 5.83350599e-01
    4.56592500e-01 1.73279381e+00 -6.35317802e-01 5.66399097e-01
    1.52334666e+00 1.61357880e-01 2.33908117e-01 1.64689291e+00
    -1.03982747e-01 -6.00380421e-01 -2.17209280e-01 3.26173306e-02
    1.45741343e+00 8.07891786e-01 7.69327819e-01 -3.87606949e-01
    -1.61419272e-01 -3.07030022e-01 1.14203572e+00 -1.50529146e-01
    2.24200666e-01 1.56313658e+00 6.31267130e-01 8.85968626e-01
    6.79496765e-01 5.53906202e-01 1.46941161e+00 9.64940965e-01
    1.87049985e-01 1.14342594e+00 6.78084433e-01 -4.35564965e-01
    1.57536554e+00 4.07751322e-01 1.10311770e+00 8.23405385e-02
    1.47827125e+00 -2.42178380e-01 1.30159366e+00 4.72063899e-01
    7.65702784e-01 -6.30296588e-01 1.29123473e+00 4.24301863e-01
    5.32869995e-01 7.82877207e-01 -7.00800657e-01 8.72564137e-01
    1.33249819e+00 4.70571160e-01 7.99095869e-01 1.44123101e+00
    1.27717447e+00 3.03519189e-01 -5.48293233e-01 1.16630161e+00
    1.24970770e+00 1.54591179e+00 -4.75567192e-01 1.27077830e+00
    -6.23347223e-01 -8.32738280e-02 2.37980485e-01 1.77115870e+00
    -2.08161980e-01 3.15319836e-01 1.94848180e-02 1.15919769e-01
    4.78866696e-01 -6.41322851e-01 8.55859041e-01 1.10676408e+00
    1.59601152e+00 -6.28234506e-01 1.03359056e+00 -5.74418068e-01
    8.18438530e-01 1.24091959e+00 1.42060137e+00 -1.74520612e-01
    5.91348290e-01 1.53629184e-02 1.32444739e+00 9.97244656e-01
    5.84904850e-01 1.00601518e+00 4.08328176e-01 1.44218600e+00
    -4.85938907e-01 1.49317884e+00 -1.23754323e-01 3.74138355e-02
    -1.46636963e-02 1.73115432e-01 1.18939209e+00 4.00179923e-01
    -5.21888614e-01 -2.44581401e-01 4.37684178e-01 -3.85984212e-01
    4.48473155e-01 5.54155231e-01 1.59439957e+00 5.83062589e-01
    5.24149120e-01 -1.12412632e-01 1.92959011e-01 1.13000572e+00
    8.85921359e-01 8.05315375e-01 -1.51245236e-01 5.80308080e-01
    9.89084005e-01 1.30227494e+00 -4.82716501e-01 1.21977305e+00
    9.46379304e-01 5.41570663e-01 -5.92030406e-01 1.08112228e+00
    -1.98779196e-01 8.83593261e-01 -2.13731498e-01 1.20144165e+00
    -1.29294395e-01 1.81231081e+00 -4.79670644e-01 1.69731629e+00
    1.64255083e-01 1.20882320e+00 1.35141134e-01 1.30209923e-02
    -3.98278445e-01 -4.55672801e-01 -4.87171531e-01 1.95312500e-02
    2.89629459e-01 -7.67098665e-02 1.30692649e+00 -5.83769023e-01
    2.24107504e-01 -4.66537654e-01 1.05319166e+00 6.49700820e-01
    -4.21939582e-01 7.93708086e-01 4.94415700e-01 3.40849638e-01
    -5.97973764e-01 -5.46383679e-01 1.21527076e+00 2.15093195e-01
    2.07223177e-01 9.00710881e-01 -7.11129308e-02 1.62713528e-01
    1.74105811e+00 5.31703234e-02 7.49078810e-01 3.73284459e-01
    4.44441915e-01 5.37020206e-01 8.11015964e-02 1.27064466e+00
    7.19337523e-01 9.10568357e-01 1.56371975e+00 5.18887639e-02
    2.66582072e-01 6.26135468e-02 6.28233850e-01 1.48693240e+00
    1.39994335e+00 -5.41242480e-01 4.05804217e-01 -4.30032253e-01
    1.05415964e+00 6.65340304e-01 -2.68157691e-01 9.17965353e-01
    1.51231718e+00 -1.90044761e-01 4.75937128e-02 9.84003842e-01
    1.12601590e+00 1.66944575e+00 1.57332742e+00 9.97616112e-01
    9.19408202e-01 1.56488562e+00 -4.33719873e-01 9.93643880e-01
    1.74946666e+00 1.46856570e+00 -1.16901517e-01 -5.91373444e-03
    -6.91365242e-01 1.09172606e+00 -2.43644118e-02 -3.37974697e-01
    1.01095819e+00 7.33439505e-01 6.58548534e-01 2.20151901e-01
    5.88463604e-01 1.62752366e+00 8.24907899e-01 -4.42971796e-01
    8.68237019e-02 1.12177134e+00 1.13779473e+00 1.77948356e-01
    5.24727643e-01 7.41631389e-01 2.80877590e-01 9.78777528e-01
    1.62005973e+00 1.53070331e-01 -2.85720110e-01 1.16392279e+00
    9.63017583e-01 1.73073292e+00 -1.52223349e-01 6.80326939e-01
    -5.60856342e-01 7.86566079e-01 1.62523723e+00 1.48380411e+00
    5.22312880e-01 -4.73469168e-01 1.16480935e+00 9.68975663e-01
    1.15209675e+00 3.99426758e-01 1.31262457e+00 -1.74044013e-01
    3.77887487e-03 -4.95022625e-01 4.25038934e-02 8.03948700e-01
    6.71473265e-01 -1.24101639e-01 5.73236346e-01 1.18309259e-02
    9.12258983e-01 -2.03929424e-01 -1.12579226e-01 -3.54879260e-01
    6.37471914e-01 8.06142509e-01 -7.96241701e-01 6.36710703e-01
    5.99311709e-01 -1.44260943e-01 -4.38829988e-01 -6.12844825e-02
    -5.46454310e-01 -5.48092782e-01 7.63899088e-02 8.41438770e-04
    -5.85350871e-01 6.47857368e-01 1.57090068e+00 2.81846523e-01
    8.25840652e-01 4.33499932e-01 7.81641066e-01 1.60955429e+00
    4.67001736e-01 1.19742060e+00 9.77877498e-01 -2.31774271e-01
    -8.62936974e-02 2.78811991e-01 -1.86616838e-01 1.37056828e+00
    7.88706362e-01 8.59969974e-01 1.39247167e+00 -7.38932967e-01
    1.30992317e+00 7.07942367e-01 -7.30991900e-01 1.17344630e+00
    8.38717818e-02 1.31270742e+00 1.06358719e+00 1.00484514e+00
    1.38686264e+00 6.51015401e-01 8.95912111e-01 4.11496997e-01
    1.42101085e+00 2.56830692e-01 -3.08038175e-01 1.16251850e+00
    -4.65277433e-01 1.01287055e+00 3.04949760e-01 1.64432883e+00
    1.16153753e+00 9.13320601e-01 1.48728633e+00 -2.88289487e-01
    3.23896646e-01 1.53807592e+00 -4.69176233e-01 -4.39425468e-01
    -5.46917677e-01 7.00205266e-01 1.75621223e+00 1.45223236e+00
    8.77973676e-01 7.63809681e-03 1.49633408e-01 1.15572393e+00
    -5.38514853e-01 8.48270059e-02 1.25178397e-01 -3.35888982e-01
    7.90553689e-01 1.25115156e-01 9.30044055e-02 7.35823691e-01
    6.60848916e-01 1.77476406e-02 1.42337632e+00 8.74603093e-01
    -3.30149531e-01 1.02520192e+00 -5.06767631e-01 6.05061829e-01
    1.38097548e+00 4.83609796e-01 -7.73842096e-01 1.15105212e-01
    -5.14376998e-01 4.81938839e-01 -5.36507845e-01 1.31330299e+00
    -1.81796968e-01 1.27916777e+00 -2.61275172e-02 1.65409589e+00
    -3.29659194e-01 -3.99003267e-01 1.73774123e-01 4.45767641e-02
    1.31624520e+00 9.99208093e-02 3.88571084e-01 1.27643323e+00
    2.29015231e-01 -3.68524194e-01 3.10290873e-01 3.51408839e-01
    -5.44820845e-01 1.03008211e-01 1.16027570e+00 -3.91597778e-01
    9.21882987e-01 1.05327833e+00 9.61810827e-01 1.46305704e+00
    4.22186852e-02 4.93425071e-01 1.35686374e+00 6.16979420e-01
    8.02220643e-01 1.67900634e+00 3.04920673e-01 -6.01124763e-01
    3.36075425e-01 2.27940083e-01 -4.29440141e-01 -4.88256514e-01
    -1.19350076e-01 2.12643385e-01 1.45182228e+00 -6.30335271e-01
    1.01036429e-01 1.38386095e+00 1.08808756e+00 4.46372628e-02
    1.02587581e+00 1.63201928e+00 3.72166991e-01 5.95017076e-01
    1.21278787e+00 2.94336915e-01 1.52393389e+00 1.10041976e-01
    -1.52058393e-01 9.28142309e-01 1.55216002e+00 -5.62629700e-01
    1.21820664e+00 1.20853901e+00 1.21481347e+00 1.34168720e+00
    -6.14063740e-02 1.59842801e+00 -1.65903300e-01 1.87446535e-01
    1.42270529e+00 1.07466340e+00 1.28730726e+00 3.48156929e-01
    1.05254889e+00 -6.92259490e-01 1.61342871e+00 6.31664336e-01
    -3.85106623e-01 6.18231893e-02 -3.76845628e-01 1.58283460e+00
    1.25218987e+00 2.36603022e-02 1.05818963e+00 1.67027891e-01
    3.98822308e-01 9.64739323e-02 1.59106088e+00 3.21418881e-01
    7.32239008e-01 -3.50551784e-01 1.03614259e+00 -1.13923788e-01
    7.17618942e-01 6.00139678e-01 1.69215107e+00 2.32542753e-01
    6.95207655e-01 1.60898554e+00 -1.58072293e-01 -2.07577795e-01
    4.75309551e-01 2.96006203e-01 1.16655207e+00 1.08684242e+00
    9.26301718e-01 -2.10067332e-01 4.74870205e-02 6.66451335e-01
    3.45061183e-01 1.36206019e+00 1.12972713e+00 -2.56507963e-01
    -7.12170839e-01 1.71789765e-01 -7.39456773e-01 1.45278192e+00
    -2.08001077e-01 9.01873350e-01 6.21861219e-03 1.25715852e+00
    3.54943693e-01 3.41348290e-01 3.33676040e-01 1.16008162e-01
    -3.72445494e-01 9.38040197e-01 8.34519029e-01 7.44033873e-01
    -4.58792210e-01 1.71251297e-01 6.73460245e-01 1.07289505e+00
    3.63268495e-01 1.83529139e-01 1.08265841e+00 1.33986759e+00
    2.46355593e-01 -5.27615070e-01 8.04135025e-01 9.81636584e-01
    3.57531190e-01 -1.81531966e-01 -5.87136507e-01 3.74199748e-02
    -2.77626723e-01 -4.82589364e-01 -3.38870674e-01 3.79867554e-02
    1.00955665e-01 3.63537550e-01 -5.58435977e-01 1.06765795e+00
    1.25841451e+00 1.60257363e+00 8.80923510e-01 1.72212577e+00
    5.82574010e-02 1.48412228e-01 7.31161654e-01 1.60896993e+00
    1.15483117e+00 -4.43744868e-01 5.83341122e-02 -4.56557333e-01
    2.96405315e-01 -2.50323921e-01 4.74899173e-01 5.95067561e-01
    1.37940145e+00 1.28897285e+00 -3.10086071e-01 1.45592618e+00
    1.51818132e+00 3.55310977e-01 6.89353943e-02 -2.51019746e-01
    1.73559523e+00 1.45999730e+00 5.19412339e-01 1.49057889e+00
    -5.10568380e-01 4.27633345e-01 1.39434457e+00 1.94620132e-01
    -4.24627066e-01 1.09596992e+00 2.68413067e-01 4.60206211e-01
    -6.03196025e-01 -4.59507406e-01 -3.57173502e-01 1.60020554e+00
    -4.17144299e-02 1.17042029e+00 -6.63917363e-01 5.90751410e-01
    -2.78015077e-01 3.45441282e-01 -3.62447530e-01 3.58859122e-01
    4.38346565e-01 5.77688634e-01 1.27242780e+00 5.45064270e-01
    1.12733531e+00 -6.41016304e-01 1.13654602e+00 -6.56842113e-01
    -3.00040305e-01 1.64931118e+00 -1.84496760e-01 6.13189161e-01
    1.51151800e+00 1.55256510e+00 6.10075951e-01 1.50955749e+00
    1.30514717e+00 8.10266316e-01 -7.59594500e-01 -5.00585318e-01
    1.44941902e+00 1.16532588e+00 8.31671536e-01 5.79573333e-01
    1.79076076e-01 -3.09761792e-01 3.51080835e-01 -4.24672037e-01
    -4.66118276e-01 4.42113578e-01 5.52725792e-03 -1.75412834e-01
    -6.82721198e-01 1.77260745e+00 -7.48702884e-02 1.38107824e+00
    5.76042771e-01 2.42776275e-02 -1.06498957e-01 5.07543564e-01
    1.75780702e+00 -2.66353369e-01 -1.84677929e-01 1.70127749e+00
    1.55791008e+00 -6.41908646e-02 1.06089592e-01 1.68096423e-01
    6.56646848e-01 -1.14233255e-01 2.92195380e-01 1.23879945e+00
    1.39737523e+00 4.70768273e-01 1.05297971e+00 1.57353473e+00
    9.63466406e-01 1.14425755e+00 1.99131370e-01 8.10696125e-01
    1.41900468e+00 5.33186197e-02 7.24242985e-01 1.17406487e+00
    2.16875494e-01 5.86878538e-01 -4.12981957e-01 1.07103550e+00
    1.09003973e+00 2.12366819e-01 7.31302321e-01 -5.99429548e-01
    1.42187655e-01 -1.74771100e-01 4.89201427e-01 1.18988085e+00
    4.43349719e-01 1.47418439e+00 1.53000689e+00 9.41009581e-01
    5.85708022e-01 1.22978830e+00 -5.13960123e-02 -3.65301877e-01
    -3.03454101e-01 1.43291545e+00 1.54325736e+00 1.12042999e+00
    6.16868258e-01 -5.74912369e-01 8.75162661e-01 8.33769500e-01
    1.65986466e+00 9.48196650e-03 1.38191581e-01 2.18330264e-01
    7.51795352e-01 -3.39319795e-01 1.24545157e+00 -1.65082812e-02
    -1.52544498e-01 1.15107334e+00 -3.41392875e-01 2.71502137e-02
    -1.98786855e-01 -2.88630813e-01 -6.44284248e-01 7.58465111e-01
    1.84701085e+00 -1.37176394e-01 -5.45673966e-01 5.68547726e-01
    2.69930363e-01 2.51550734e-01 2.68282890e-01 1.14016056e+00
    -4.92151797e-01 4.01342154e-01 4.64132607e-01 -2.12408274e-01
    9.13091898e-02 -6.60298347e-01 1.10996842e+00 -2.70517528e-01
    -8.79691243e-02 1.16773367e+00 1.57426548e+00 7.92883754e-01
    1.30729771e+00 -3.50033581e-01 1.00244308e+00 -1.49628401e-01
    1.43048692e+00 -3.70082200e-01 1.23266721e+00 1.28229117e+00
    1.61090970e-01 6.77388430e-01 -4.13391590e-01 2.05900192e-01
    1.17520177e+00 1.43491316e+00 5.97987354e-01 2.68286169e-01
    -5.60191453e-01 7.37466097e-01 1.22860122e+00 3.09557259e-01
    -1.12294555e-01 1.20422721e+00 6.18156672e-01 6.63609087e-01
    -2.85710096e-01 9.45362926e-01 2.86204994e-01 3.03766012e-01
    -5.93042076e-01 2.31136739e-01 -5.82571983e-01 -6.58557057e-01
    1.42674518e+00 -6.72147155e-01 -2.92090416e-01 1.05227017e+00
    5.02536118e-01 -2.61089802e-02 -5.17630816e-01 1.05485404e+00
    7.53141105e-01 1.31282663e+00 4.76583421e-01 1.50611424e+00
    1.38438869e+00 9.38352287e-01 4.00534332e-01 -2.53105283e-01
    5.24385750e-01 5.47523499e-01 8.15959573e-02 -1.66235209e-01
    -9.60766077e-02 1.44859314e+00 6.00610256e-01 4.20114756e-01
    -5.17783999e-01 1.24451351e+00 1.01454091e+00 4.62761700e-01
    4.74163294e-01 8.65962863e-01 1.36423707e-02 1.43311167e+00
    1.38654232e-01 4.33589518e-01 8.79714966e-01 -1.49797976e-01
    3.51486623e-01 1.52245343e+00 1.00064468e+00 1.17116761e+00
    8.70227098e-01 1.77379251e+00 -6.92752242e-01 5.53356469e-01
    3.68309438e-01 -2.31421739e-01 8.42089653e-02 -3.25266957e-01
    7.22163916e-03 5.68656087e-01 6.37362897e-01 1.22318625e+00
    -3.49837661e-01 -3.40524405e-01 7.12963939e-01 1.67261243e+00
    6.00576580e-01 6.85520351e-01 1.53934383e+00 1.38518429e+00
    7.93809712e-01 1.00753260e+00 -5.02947748e-01 2.23059595e-01
    1.28641367e+00 8.28768373e-01 7.78868198e-02 2.17136145e-01
    -4.83823448e-01 5.21701574e-01 -3.99952412e-01 1.50352848e+00
    7.01934457e-01 4.70562220e-01 -7.87185967e-01 1.33404064e+00
    7.35978186e-01 -3.83694172e-02 -8.98379087e-02 -1.42142236e-01
    6.32692456e-01 4.96415257e-01 2.64984846e-01 1.00124311e+00
    1.98142707e-01 7.10576594e-01 7.26795137e-01 1.56999254e+00
    4.35923576e-01 1.65759468e+00 1.03515410e+00 6.35800540e-01
    1.56728446e+00 -6.00927711e-01 1.02235985e+00 -2.45557398e-01
    6.84961498e-01 1.70310879e+00 -2.25385368e-01 -8.96131992e-03
    1.51633441e-01 7.04308033e-01 1.45123196e+00 -5.64956069e-01
    -3.68753672e-01 -3.54837924e-01 -3.44602346e-01 1.19172120e+00
    -6.08089507e-01 5.22013903e-01 6.81125522e-01 1.47614992e+00
    1.00621772e+00 -3.22821707e-01 9.83827710e-01 7.50061035e-01
    -7.88862526e-01 1.37390721e+00 8.55360389e-01 1.30133140e+00
    -3.57934564e-01 5.46380639e-01 -9.49826241e-02 1.56507230e+00
    -3.81677896e-01 -4.01006758e-01 6.55992031e-02 -2.34053940e-01
    9.80180502e-01 -3.13918859e-01 -6.22447371e-01 1.65963650e+00
    5.39215147e-01 7.53048658e-01 3.50280583e-01 3.82206440e-01
    -8.68277550e-02 -9.30832028e-02 7.10742474e-01 -5.44754326e-01
    1.18676662e+00 2.55499661e-01 1.02423358e+00 -2.58787692e-01
    1.31767106e+00 -6.16699219e-01 1.25660276e+00 1.08112884e+00
    4.13326383e-01 -1.26441717e-01 1.01717532e+00 1.58451629e+00
    1.64972353e+00 1.01008117e-01 -3.84506583e-01 7.24333644e-01
    1.12453890e+00 5.01755476e-02 2.52541304e-02 1.78346336e-01
    1.79157972e-01 1.78532696e+00 8.52813005e-01 1.93817651e+00
    -2.75272787e-01 4.97814238e-01 9.32227373e-01 1.18186045e+00
    -4.67039376e-01 -5.56033254e-01 -4.89306211e-01 1.46040678e+00
    1.37946844e+00 4.43253636e-01 -1.17883146e-01 -1.29504204e-02
    1.58521402e+00 5.67257404e-03 1.39213347e+00 5.66538811e-01
    1.18898964e+00 1.34192276e+00 6.69869840e-01 -6.73138738e-01
    -4.29600745e-01 2.79111862e-01 1.79005361e+00 -6.44592822e-01
    9.37862873e-01 7.10403621e-01 -6.08810902e-01 1.49933887e+00
    7.02232242e-01 6.94632649e-01 4.04175758e-01 8.15093815e-01
    1.40402579e+00 -5.18141389e-02 -5.94476819e-01 1.64272702e+00
    -3.42564851e-01 1.11632740e+00 2.40789354e-01 2.24048734e-01
    -6.38154089e-01 9.98833239e-01 1.43615437e+00 -1.15240991e-01
    3.47038984e-01 -1.00047529e-01 -4.84086305e-01 -2.40400761e-01
    6.22476339e-02 7.56314576e-01 -3.61483157e-01 1.44122767e+00
    3.75980020e-01 -9.32608247e-02 4.52882826e-01 8.05864751e-01
    2.07503915e-01 -2.79879272e-01 1.25252056e+00 -8.43362570e-01
    1.48021960e+00 7.27067292e-01 1.07686043e+00 3.29559028e-01
    1.20903778e+00 1.32276428e+00 1.03018343e+00 -3.64525139e-01
    3.58232081e-01 -6.72853470e-01 -1.28369749e-01 1.02477074e-02
    1.77561641e-01 -4.36167270e-01 -5.94027758e-01 1.35214758e+00
    1.47976637e+00 1.44067979e+00 -3.55330288e-01 -4.24121767e-01
    7.25552082e-01 -3.84659767e-02 9.07148361e-01 -1.84809327e-01
    1.29534423e-01 -1.48488879e-01 5.76939583e-02 -4.32114124e-01
    4.47602034e-01 1.45227551e+00 1.59393144e+00 1.52277040e+00
    8.58357430e-01 1.15709484e-01 9.48456466e-01 1.59673798e+00
    -6.73716366e-01 1.72633064e+00 -6.85530007e-01 1.53894472e+00
    -2.02172399e-02 1.65488946e+00 9.37644780e-01 1.65159893e+00
    -1.10646069e-01 -2.90042311e-01 -3.02628487e-01 1.35051727e+00
    1.12426162e+00 2.11563110e-01 1.67733908e-01 1.70936823e+00
    3.08492362e-01 6.82474971e-01 -4.34686631e-01 4.42862630e-01
    6.06456220e-01 5.44571579e-01 -7.79076517e-01 5.76624811e-01
    4.21371043e-01 1.92138255e-01 3.42912495e-01 -3.81778598e-01
    -4.17439371e-01 2.19904184e-01 2.71499157e-04 3.54218006e-01
    5.68208694e-01 3.93750072e-02 1.23086333e+00 6.17356837e-01
    2.75182724e-03 8.36613476e-01 6.52245104e-01 1.13768125e+00
    1.66398406e+00 7.21714675e-01 1.60406888e-01 -6.24077141e-01
    -4.30593461e-01 -7.05618441e-01 1.29313898e+00 -3.90180230e-01
    2.94240713e-01 7.64711320e-01 -1.05135202e-01 1.12749100e+00
    1.24745274e+00 -7.81331658e-01 9.36892748e-01 7.34219790e-01
    3.54163408e-01 -4.15322781e-01 1.01886451e-01 -4.09535944e-01
    1.47215247e+00 -2.63175726e-01 9.01666939e-01 1.50375426e-01
    1.53470945e+00 1.33963120e+00 -3.38343382e-02 3.10613453e-01
    8.78096998e-01 1.55209875e+00 -1.72637105e-01 1.13356555e+00
    1.64399362e+00 6.79328561e-01 8.21923673e-01 -8.02366734e-02
    1.57491481e+00 2.44473517e-01 1.65609622e+00 -4.46798801e-02
    1.42261779e+00 5.58357596e-01 9.76694584e-01 -3.00162017e-01
    2.14361429e-01 1.24789858e+00 1.90754294e-01 -1.42427027e-01
    9.46617544e-01 8.02155972e-01 5.77577591e-01 6.97617888e-01
    1.11818647e+00 -1.36180639e-01 -5.35281539e-01 -1.49068415e-01
    1.61547589e+00 4.27369297e-01 1.43119776e+00 5.86170673e-01
    1.18755245e+00 1.02026999e-01 1.09736729e+00 8.33556950e-01
    1.29020715e+00 -6.08874321e-01 -6.12410188e-01 -7.80355573e-01
    -7.61350334e-01 -8.99811387e-02 9.69791770e-01 8.30505252e-01
    -4.59882498e-01 5.31505346e-02 6.03775978e-02 7.85496712e-01
    -1.39929771e-01 1.18857276e+00 4.93599653e-01 -3.99201035e-01
    1.71832645e+00 -7.08813071e-02 -2.53033996e-01 1.75606036e+00
    8.09187412e-01 6.51343405e-01 -6.22845948e-01 -2.59187639e-01
    -5.53707302e-01 5.13021290e-01 8.55268359e-01 3.98490846e-01
    4.11512852e-02 -2.85613358e-01 7.37937629e-01 7.40669668e-01
    5.98795474e-01 1.03292656e+00 -3.86671424e-02 1.19483054e+00
    5.56728184e-01 6.16606295e-01 6.31189644e-01 2.12347746e-01
    4.30831909e-01 -3.61356705e-01 1.58844852e+00 6.67678952e-01
    -3.80763710e-01 -4.58387733e-02 -2.30952561e-01 1.06062078e+00
    9.42038059e-01 2.08627164e-01 9.84411299e-01 -1.96719348e-01
    1.47096276e-01 1.26032186e+00 -6.86944962e-01 1.83123696e+00
    3.28476161e-01 1.01291537e+00 1.29351091e+00 5.64601481e-01
    1.23520184e+00 1.86903632e+00 -5.56223512e-01 -6.01298809e-02
    -7.78100848e-01 5.85156679e-01 -1.06709361e-01 7.48266876e-01
    1.65040600e+00 1.32995105e+00 -6.56123042e-01 -7.08212018e-01
    -4.36929494e-01 1.20532346e+00 1.71492815e+00 -8.49800706e-02
    1.12424052e+00 9.67694521e-02 -7.59467483e-02 4.18974996e-01
    4.02819395e-01 1.53899765e+00 1.09322357e+00 1.21414185e+00
    -7.84261227e-02 1.74424052e-01 1.10600817e+00 4.33256924e-01
    4.00190353e-01 1.32365322e+00 1.20582366e+00 1.36810422e-01
    9.60931122e-01 1.27724504e+00 -9.37044621e-03 -5.11813760e-02
    4.33636189e-01 1.63499510e+00 3.69321465e-01 -6.31622374e-01
    -2.19044536e-01 1.73569870e+00 1.20094442e+00 1.21730351e+00
    8.71248782e-01 7.03134656e-01 -4.84252065e-01 6.39387667e-01
    5.49969494e-01 1.64134634e+00 -6.48541272e-01 1.72267532e+00
    4.46189165e-01 -5.22769570e-01 6.61583483e-01 1.37540722e+00
    -1.84584856e-01 1.51576996e-01 -8.19362998e-02 -3.16241443e-01
    -6.31427646e-01 9.80922580e-01 5.95234334e-01 -4.89692628e-01
    1.70230770e+00 5.02398372e-01 8.09908390e-01 1.49855661e+00
    4.56160009e-01 -3.17833245e-01 2.19136477e-01 6.04579270e-01
    8.74282956e-01 1.71053886e-01 1.02247250e+00 -6.71335101e-01
    1.11507881e+00 1.06572866e+00 -1.99107826e-01 8.70927274e-01
    1.02554464e+00 4.09477234e-01 1.45910907e+00 1.47074366e+00
    1.08586609e-01 4.12693858e-01 -6.86499894e-01 1.61624396e+00
    1.53324676e+00 6.46366000e-01 -9.48235393e-02 1.47889376e+00
    9.25815105e-03 -3.86771858e-01 1.73308849e-01 8.89003694e-01
    5.89187384e-01 -5.24025977e-01 6.02073669e-02 1.41642952e+00
    -6.20053947e-01 1.30493784e+00 1.02587581e+00 -3.48825723e-01
    1.29474020e+00 -2.79965490e-01 -3.10405016e-01 -1.65824175e-01
    8.97789955e-01 1.15349364e+00 9.72760141e-01 2.23217070e-01
    7.31444359e-02 4.97022390e-01 6.44612134e-01 1.31148648e+00
    -5.37136257e-01 8.98961425e-01 1.02386177e-01 1.55106854e+00
    1.38135004e+00 -5.56416273e-01 1.45623040e+00 5.89943588e-01
    9.41311181e-01 -4.83874798e-01 -4.15340662e-01 -3.00223649e-01
    4.06627655e-01 -4.57771063e-01 6.18853033e-01 1.45488358e+00
    2.86626816e-02 1.56043684e+00 1.32403195e-01 1.25107598e+00
    1.58602273e+00 4.47739899e-01 3.67302477e-01 3.11526895e-01
    9.54141736e-01 9.07619596e-01 1.62626922e-01 1.92278683e-01
    5.20524383e-01 3.90917063e-03 1.73325419e+00 5.27133226e-01
    -7.83714652e-02 -5.65573275e-01 7.84334898e-01 1.66166854e+00
    3.59248102e-01 3.98761213e-01 1.38398433e+00 1.12167192e+00
    3.30196500e-01 1.52735615e+00 4.74548459e-01 1.15932727e+00
    -5.32044351e-01 7.15270638e-01 3.98890734e-01 4.61704135e-01
    1.47355258e-01 1.15710735e+00 4.82676923e-01 1.62025154e-01
    9.92905200e-01 1.53285146e+00 8.30765367e-02 -6.79652035e-01
    8.13340127e-01 2.74935961e-02 1.35810435e-01 1.38800383e+00
    1.31341791e+00 5.55952609e-01 3.79750907e-01 -2.59142935e-01
    1.06865835e+00 2.88456023e-01 7.47220635e-01 -3.06461453e-01
    -2.35855818e-01 7.48670816e-01 1.19837844e+00 4.46121395e-01
    1.35704780e+00 8.13517928e-01 -4.94858235e-01 -7.45208561e-01
    1.47137451e+00 -6.43420637e-01 7.95216560e-02 8.50865006e-01
    1.40282774e+00 8.45828772e-01 4.10086572e-01 1.28306794e+00
    1.44672632e+00 6.47261024e-01 6.78034842e-01 1.63172579e+00
    -2.36335874e-01 -6.20098591e-01 9.41460371e-01 1.04399860e-01
    1.54757118e+00 -1.47036672e-01 -5.32985330e-01 1.17861319e+00
    4.04058874e-01 2.94374168e-01 5.86925030e-01 5.78468025e-01
    7.83987641e-02 1.24980974e+00 1.15778625e+00 1.65649295e+00
    1.08407032e+00 1.55900407e+00 6.27398133e-01 8.51319492e-01
    9.76003408e-02 -1.09146833e-02 1.50736141e+00 1.37525010e+00
    -6.95914507e-01 7.40317702e-02 1.01251531e+00 1.37831569e-02
    -6.28018975e-01 1.26951528e+00 8.97664905e-01 -3.21838439e-01
    8.05447459e-01 1.14219391e+00 1.29117370e-02 4.89682496e-01
    1.76445425e-01 5.76616943e-01 1.38029993e-01 1.17680109e+00
    1.32408834e+00 4.22865689e-01 -3.35173041e-01 8.77672911e-01
    5.37595809e-01 1.02763414e+00 -2.68510014e-01 1.80263841e+00
    9.17272925e-01 -4.36737418e-01 5.21668196e-02 1.12780070e+00
    -3.45535368e-01 -6.60162449e-01 1.79387331e+00 1.44576502e+00
    1.55014586e+00 3.15985322e-01 1.71066105e+00 -5.81461787e-01
    -1.69980347e-01 7.75849104e-01 8.73860300e-01 7.17088580e-02
    5.28380215e-01 7.16423750e-01 2.73072958e-01 -6.46171093e-01
    -1.16756141e-01 1.19179046e+00 -1.13994598e-01 -2.32885480e-02
    5.26015043e-01 2.48130679e-01 1.20385718e+00 1.08693302e-01
    -4.82989281e-01 1.34787560e+00 8.91666532e-01 2.74340808e-01
    1.15196490e+00 6.24076605e-01 -7.28640258e-01 -2.62730181e-01
    1.33436120e+00 1.60562575e-01 1.40201795e+00 4.13400531e-02
    9.25113797e-01 -3.62989217e-01 9.38978970e-01 6.46946430e-01
    3.25550497e-01 8.16540480e-01 7.32266068e-01 6.07481122e-01
    1.43606687e+00 1.49120426e+00 6.79410517e-01 2.06248105e-01
    2.14494824e-01 1.62464976e-02 1.20624876e+00 8.90751541e-01
    -4.08883035e-01 6.27782524e-01 1.10108232e+00 1.39723897e+00
    1.72083616e-01 7.70144105e-01 7.71803558e-01 -5.41240692e-01
    6.97996616e-01 -6.28834724e-01 1.39990330e+00 1.21735883e+00
    -1.77532732e-01 1.69664061e+00 -1.94966555e-01 -3.56515944e-01
    3.87387574e-01 1.62515259e+00 2.37369537e-02 3.59427989e-01
    1.64138579e+00 6.51368201e-01 -5.75193942e-01 1.25870872e+00
    1.14180744e+00 4.19126153e-02 4.86321688e-01 1.08347988e+00
    -5.40230155e-01 4.55580235e-01 -4.01388913e-01 -4.53593135e-02
    8.08052897e-01 -6.70869648e-01 -6.81653261e-01 7.27151513e-01
    -4.44673032e-01 1.16653001e+00 1.28072321e+00 1.61468387e-01
    3.34972084e-01 6.58775926e-01 1.63973534e+00 -5.64315677e-01
    3.86491299e-01 -1.54583454e-02 1.17088139e-01 1.71393919e+00
    -3.06454450e-01 7.17584312e-01 3.88539612e-01 -2.13344127e-01
    -2.70422697e-02 1.14119565e+00 1.14783597e+00 1.72670746e+00
    -5.33237636e-01 1.32820070e+00 1.07405567e+00 -3.43595028e-01
    1.23293829e+00 -2.20665514e-01 1.24812579e+00 1.07353580e+00
    9.23757434e-01 5.68665445e-01 4.55640137e-01 7.96864450e-01
    8.59086514e-01 1.60045099e+00 1.46658957e-01 -3.94008338e-01
    7.99489617e-01 -3.68305653e-01 8.75546038e-01 1.13889968e+00
    -1.06162190e-01 -5.85011721e-01 9.42593098e-01 -5.71248353e-01
    1.10324740e+00 1.53673506e+00 1.22795355e+00 5.90271533e-01
    2.83724427e-01 8.52189600e-01 6.23348951e-01 6.20591998e-01
    1.30519176e+00 1.58030081e+00 6.80844784e-02 8.53191912e-01
    3.44156682e-01 7.29072690e-02 8.18263531e-01 -4.41705167e-01
    1.35899448e+00 1.57423449e+00 5.46321332e-01 -1.03111386e-01
    5.95949709e-01 2.05734313e-01 -2.86003113e-01 1.32011318e+00
    8.20175767e-01 1.36993325e+00 8.78149450e-01 3.34469736e-01
    1.35454822e+00 1.28419924e+00 -5.35110474e-01 1.42064309e+00
    2.91459322e-01 -5.80515027e-01 -3.64101648e-01 -1.81406945e-01
    -3.20281386e-01 8.49064171e-01 -6.08019292e-01 -2.65933216e-01
    1.04126668e+00 3.09881687e-01 -5.18424511e-02 4.90159988e-02
    1.31592417e+00 -6.94324493e-01 7.55104721e-01 1.56737804e+00
    -2.30673790e-01 8.82674813e-01 4.79610860e-01 -2.51395494e-01
    1.04902482e+00 -1.29852295e-01 1.13633418e+00 1.46243107e+00
    7.90233314e-01 1.20980489e+00 8.89868855e-01 5.05919755e-01
    9.99034762e-01 1.51044154e+00 -1.18403375e-01 5.81083417e-01
    -4.42843348e-01 1.41469562e+00 1.58042538e+00 1.17736149e+00
    -1.65837109e-01 1.35097623e+00 1.99514925e-01 1.49001312e+00
    7.01105177e-01 2.35233486e-01 1.28946114e+00 5.52136600e-01
    6.68079495e-01 -4.58119184e-01 1.74042106e-01 3.67549479e-01
    2.43018150e-01 1.22574627e+00 1.35130262e+00 1.10585988e-01
    -3.79392445e-01 5.08369684e-01 -4.28562760e-02 -1.81644499e-01
    9.09785390e-01 -7.67351210e-01 1.64558101e+00 9.14630175e-01
    5.24571776e-01 -6.31438434e-01 8.32826555e-01 1.57330918e+00
    6.07528448e-01 -5.45522511e-01 5.42467535e-01 1.65872359e+00
    1.19560683e+00 1.00827527e+00 9.68109488e-01 1.04938412e+00
    1.25987244e+00 -7.52868474e-01 1.75688744e-01 1.31894612e+00
    1.23244655e+00 8.06369245e-01 -1.43496811e-01 -7.08524764e-01
    9.46258664e-01 2.80065715e-01 2.95053244e-01 3.13734353e-01
    1.22403240e+00 -3.65268946e-01 1.56593251e+00 1.31873894e+00
    1.68962133e+00 1.23546541e-01 8.90203238e-01 -9.78583097e-02
    1.84990263e+00 -2.40623564e-01 8.13515544e-01 1.75115359e+00
    -4.59084153e-01 8.13059390e-01 1.63071072e+00 -7.23249257e-01
    -8.46194625e-02 1.81176901e+00 4.88602877e-01 -1.42795354e-01
    7.08850443e-01 5.80107391e-01 6.65249527e-01 6.93222523e-01
    9.43432212e-01 1.67518854e-01 1.32675970e+00 1.77302897e-01
    6.63655877e-01 6.98962867e-01 -1.94550216e-01 -3.64083201e-01
    9.94357884e-01 2.15003610e-01 -1.32058531e-01 -5.32906175e-01
    3.73969913e-01 -4.60327685e-01 1.04722655e+00 1.65943742e+00
    8.51657331e-01 8.44670832e-01 5.66577911e-03 -6.42163813e-01
    5.01450300e-01 7.21736908e-01 9.51573372e-01 1.61013460e+00
    -6.92194581e-01 -2.31226236e-01 -1.30843520e-01 3.81018817e-01
    -3.53673369e-01 3.37383330e-01 1.41959369e+00 1.63610661e+00
    -5.04686594e-01 7.99437940e-01 7.19794154e-01 1.25031424e+00
    1.32604742e+00 2.23574996e-01 5.91630995e-01 1.14435971e-01
    1.40337849e+00 3.97289276e-01 -3.49386632e-01 6.65003061e-03
    5.27380288e-01 3.38438749e-01 1.08603740e+00 1.17223072e+00
    -2.56743729e-01 9.74394083e-01 6.93807006e-01 -3.78212839e-01
    1.33893180e+00 1.50876641e+00 1.62810087e-01 1.44063425e+00
    -4.46821570e-01 5.67077518e-01 3.37448716e-02 -5.07515311e-01
    -6.46800935e-01 1.20450282e+00 1.36727643e+00 5.16584635e-01
    1.43440223e+00 -5.22758007e-01 1.72675514e+00 -1.36679828e-01
    8.14841330e-01 2.24976838e-01 7.19322979e-01 1.63297009e+00
    -7.28921711e-01 1.38776803e+00 2.74314523e-01 -2.25297213e-02
    5.73774040e-01 -3.18666756e-01 -3.07366163e-01 2.40967810e-01
    8.40420187e-01 -6.39321208e-01 -1.37066305e-01 -4.69720513e-01
    4.42867398e-01 9.27289128e-02 -4.54230517e-01 1.13977933e+00
    3.78524363e-01 -1.18141770e-02 -5.31229615e-01 -5.31100094e-01
    1.18362689e+00 7.85673261e-01 1.12207007e+00 4.53743398e-01
    6.18079424e-01 1.40654826e+00 2.59347558e-01 5.43054760e-01
    7.32451141e-01 3.52358103e-01 1.55205035e+00 1.19506025e+00
    -7.84064054e-01 1.35486364e+00 5.33397675e-01 -9.75049734e-02
    1.42446136e+00 3.98645043e-01 4.66934025e-01 9.72561836e-01
    3.28989983e-01 1.26811242e+00 3.19624126e-01 1.29190087e-01
    -6.16602898e-02 -6.47717953e-01 5.62119484e-02 5.86190879e-01
    -3.15806270e-02 2.35903382e-01 1.00668716e+00 7.75742233e-01
    -1.49157345e-01 1.26347005e-01 1.15774465e+00 -4.36634749e-01
    7.86890984e-01 3.97041738e-01 3.77339542e-01 6.59973741e-01
    1.27886534e-02 1.19457686e+00 -3.31333548e-01 5.43099642e-02
    -6.74199522e-01 1.47076154e+00 -2.52862275e-01 1.57914400e+00
    6.80579603e-01 6.93578303e-01 1.41724527e-01 -5.57783604e-01
    -3.94021153e-01 1.62102008e+00 6.16249561e-01 3.87935221e-01
    -4.15355265e-01 1.18031359e+00 1.07622802e-01 1.62929273e+00
    -8.29877257e-02 1.13187647e+00 1.18852770e+00 9.58405197e-01
    1.69188273e+00 1.26419079e+00 -2.23700941e-01 1.02445531e+00
    6.70195222e-01 -6.03788674e-01 6.46180212e-01 -8.36435556e-02
    9.22738612e-01 -1.47238433e-01 1.21841967e+00 -9.91590619e-02
    1.42546630e+00 5.19559383e-01 -3.74478936e-01 1.39037514e+00
    2.37454891e-01 -2.55367100e-01 -2.59489536e-01 -4.86180186e-02
    -2.16622889e-01 1.08264506e+00 3.51198077e-01 -3.66438717e-01
    -6.97719932e-01 -3.86922210e-01 9.79644895e-01 1.09278059e+00
    6.90614402e-01 6.36965811e-01 -5.96198142e-01 1.36716473e+00
    1.59859920e+00 1.31183469e+00 -6.90499485e-01 1.37947440e+00
    1.09324515e+00 1.04494643e+00 1.47766995e+00 3.28417242e-01
    9.21897173e-01 7.79658735e-01 1.04795599e+00 4.93572116e-01
    1.37573195e+00 7.59230793e-01 2.79769838e-01 1.65241385e+00
    5.28587997e-01 7.31719196e-01 2.36136436e-01 4.13561940e-01
    8.19924474e-01 -7.37275481e-02 -4.01426315e-01 -2.95883358e-01
    5.57816446e-01 8.26660395e-01 5.66566050e-01 7.65945137e-01
    3.26707304e-01 -2.42482662e-01 1.63448536e+00 1.34934115e+00
    -5.95545590e-01 -2.10144341e-01 9.72034991e-01 1.52025783e+00
    -6.67703271e-01 1.49255037e+00 8.49632621e-01 1.45716727e+00
    1.54967129e-01 1.73800707e-01 4.27983105e-01 5.98170280e-01
    1.70913351e+00 1.31778586e+00 -5.48557997e-01 -3.70512068e-01
    -3.32583845e-01 -3.97085309e-01 -2.16214925e-01 1.53611016e+00
    -5.54615974e-01 -5.05788326e-02 -3.09531689e-02 -4.36691970e-01
    1.59920287e+00 6.68827295e-02 9.59860325e-01 4.21870053e-01
    1.78653932e+00 -6.39634848e-01 9.51580465e-01 1.09690964e-01
    -1.20426208e-01 -1.75599545e-01 3.23290348e-01 3.03613544e-01
    -6.60835147e-01 1.11210370e+00 7.13545084e-02 -2.44937211e-01
    -1.42870128e-01 1.56500304e+00 7.52459645e-01 -9.05964673e-02
    4.66713130e-01 1.63787413e+00 -3.52241874e-01 7.84124970e-01
    1.80910730e+00 -3.32217783e-01 6.56399071e-01 1.11515594e+00
    7.27943182e-01 -2.16852307e-01 7.94966280e-01 2.40429759e-01
    -1.79556191e-01 1.60839403e+00 -4.12772179e-01 -8.03720951e-02
    1.07858241e+00 1.45780921e+00 3.29803109e-01 8.87238920e-01
    5.51793277e-01 -5.49495757e-01 3.80833745e-01 4.65286851e-01
    7.57849455e-01 -2.36243844e-01 1.04089141e+00 3.68330657e-01
    -5.19918025e-01 3.26462805e-01 -4.56542373e-02 1.17706251e+00
    5.27670801e-01 -2.23914951e-01 1.73188019e+00 8.46182108e-02
    1.26970410e+00 2.27379024e-01 5.46088398e-01 -5.97168863e-01
    7.89400220e-01 2.00304329e-01 4.06905353e-01 7.93006063e-01
    6.13137543e-01 -4.72561121e-01 8.68342757e-01 5.89706302e-01
    -4.16966915e-01 -1.10030293e-01 3.43657255e-01 9.19973969e-01
    3.18254888e-01 1.15851927e+00 9.64798570e-01 -5.44128537e-01
    6.11336946e-01 -9.93037820e-02 4.61814344e-01 8.62523794e-01
    1.26687431e+00 2.66758204e-02 1.33649862e+00 8.45064819e-01
    -5.87605238e-01 -3.10873330e-01 1.66088104e+00 1.68089151e-01
    4.29903269e-01 1.77629972e+00 -4.62261319e-01 9.49621856e-01
    -3.38259667e-01 1.52421761e+00 1.00156260e+00 8.90556991e-01
    1.53695190e+00 5.07823825e-02 2.87492394e-01 5.33885777e-01
    6.48700595e-01 6.63531899e-01 9.94730234e-01 2.50690162e-01
    8.08109581e-01 -7.13368416e-01 1.08052564e+00 1.19298863e+00
    -5.00526905e-01 -1.46497250e-01 1.23620987e+00 -1.03047669e-01
    8.28781188e-01 3.34339738e-02 6.36461198e-01 -5.07719159e-01
    1.54250503e+00 5.98492682e-01 1.21147621e+00 -6.46636903e-01
    1.68243241e+00 3.89422774e-01 -2.59477824e-01 4.51429546e-01
    -6.23692691e-01 1.51785147e+00 1.67043340e+00 -1.91326737e-02
    6.32106006e-01 -6.47049248e-01 1.64659572e+00 6.93192482e-01
    5.56935310e-01 2.46699333e-01 -4.71426845e-02 -9.23033357e-02
    1.11949873e+00 1.33423066e+00 3.18338692e-01 -4.79101181e-01
    2.40238488e-01 7.17071712e-01 -4.52077031e-01 -2.12378561e-01
    8.33719671e-01 8.65164995e-01 6.87718868e-01 4.74853635e-01
    6.71715796e-01 9.40080523e-01 9.46322262e-01 -3.38509083e-02
    1.15004575e+00 6.51686192e-02 1.02432871e+00 1.45259154e+00
    1.23979843e+00 1.59864533e+00 3.06831598e-02 4.66725767e-01
    6.54165268e-01 -3.39494914e-01 1.55103528e+00 7.57311940e-01
    -3.65204155e-01 7.81492829e-01 2.15541899e-01 -5.67829609e-02
    9.18879926e-01 8.64377141e-01 -6.22542500e-02 -6.57734156e-01
    1.00046349e+00 2.18442678e-01 1.05460835e+00 -3.52664649e-01
    6.03989959e-02 5.14702201e-01 5.11340141e-01 1.10522127e+00
    -5.15037179e-01 6.40802562e-01 1.51486540e+00 5.56833863e-01
    1.09760749e+00 -4.20784295e-01 1.25705409e+00 1.40020466e+00
    1.03376770e+00 9.01843309e-02 5.02351880e-01 8.48426044e-01
    1.67849660e+00 -6.41322672e-01 -8.63111615e-02 1.42064404e+00
    1.37739360e-01 8.63738060e-01 2.15748727e-01 -8.37373137e-02
    3.83726299e-01 1.28930640e+00 1.59528029e+00 -2.58072495e-01
    -5.20573378e-01 6.42266512e-01 -8.57165456e-02 6.33115649e-01
    -7.52935946e-01 1.55589867e+00 -5.02495050e-01 1.54122865e+00
    1.33103526e+00 1.81740046e-01 -5.21250486e-01 1.49755180e-01
    1.17132759e+00 1.15544629e+00 7.38307297e-01 -1.39078021e-01
    1.71704006e+00 7.14104593e-01 -3.33209157e-01 4.24226046e-01
    7.03163743e-02 -2.61215448e-01 4.82087433e-01 -2.65844285e-01
    -2.51883864e-02 3.20230663e-01 -5.22649050e-01 -4.71578687e-01
    1.67476130e+00 5.64668894e-01 -4.47223783e-02 -3.82600904e-01
    -6.00165844e-01 9.84533370e-01 1.41922307e+00 3.44200075e-01
    5.59975684e-01 2.16098249e-01 4.00543213e-02 -9.02569294e-02
    1.16743863e-01 1.00103450e+00 5.23128569e-01 1.82124603e+00
    -2.47103155e-01 2.75512993e-01 1.44186234e+00 1.78087473e+00
    -4.97463048e-01 -4.85209227e-01 -5.56357503e-01 6.64559543e-01
    -3.28754932e-01 -1.11061573e-01 -1.13390565e-01 8.54474306e-02
    5.50440252e-01 -4.64104265e-01 -3.06961536e-01 4.23945487e-01
    2.55309641e-01 8.56645107e-01 1.48063064e+00 7.61475742e-01
    2.66784072e-01 1.51121247e+00 4.43625867e-01 1.49835467e-01
    1.14281082e+00 7.01847017e-01 6.35222852e-01 -1.73893750e-01
    -4.01232094e-01 3.01068485e-01 -4.43161547e-01 1.90156519e-01
    1.06942773e-01 -2.36829042e-01 4.87776041e-01 1.45930767e+00
    1.14550269e+00 1.62540913e+00 1.54320002e-02 -5.17222643e-01
    1.72592378e+00 2.14680433e-02 1.76723480e-01 2.63345718e-01
    7.47446060e-01 -6.81976378e-01 1.97255611e-01 1.40882015e+00
    2.14179456e-01 -5.36916792e-01 1.32199168e+00 1.18612385e+00
    1.13412738e+00 7.90521622e-01 4.45543170e-01 1.40864849e+00
    2.16941237e-01 -4.80048805e-01 -5.04669607e-01 -3.43183488e-01
    9.71319318e-01 1.35353804e-01 4.55805361e-01 6.18326128e-01
    1.71391344e+00 -6.04897141e-01 1.39511263e+00 6.78703606e-01
    5.85562348e-01 3.43632936e-01 9.61229384e-01 1.17237496e+00
    -6.62180007e-01 1.02449238e+00 -1.14343584e-01 -3.05351824e-01
    1.60184860e+00 -2.88221836e-02 5.00651717e-01 1.39812851e+00
    1.34841430e+00 -6.28747940e-01 6.43281698e-01 -2.44008899e-01
    -2.79696614e-01 1.65700555e+00 1.25547731e+00 9.90491927e-01
    7.45631456e-01 1.37257087e+00 -2.09042966e-01 -1.64287090e-02
    1.40684617e+00 8.81772578e-01 2.48134017e-01 1.05381393e+00
    6.08246744e-01 -6.17370367e-01 1.51856852e+00 1.66311431e+00
    6.97763741e-01 8.01975250e-01 7.01352298e-01 1.21116555e+00
    -3.36806566e-01 -6.33589149e-01 1.62664592e-01 1.11853719e+00
    1.58540916e+00 1.14581668e+00 -2.35984027e-01 1.62466311e+00
    1.27408910e+00 -4.86449867e-01 7.89476037e-01 1.15081835e+00
    1.21266818e+00 1.42390239e+00 4.16496694e-01 -1.70246184e-01
    -6.56678259e-01 1.35917246e+00 -3.96620393e-01 1.18654299e+00
    -4.24884111e-01 1.29415262e+00 -4.72722799e-01 -5.05179763e-01
    -1.40093744e-01 2.87095726e-01 1.51020336e+00 -3.96292210e-02
    1.05533898e+00 1.19319129e+00 1.86914444e-01 7.72398233e-01
    2.35695660e-01 1.08503091e+00 2.68024445e-01 1.48843956e+00
    -5.49021840e-01 2.90819824e-01 1.54548252e+00 -8.39556456e-02
    -4.33005095e-02 5.39246202e-01 1.04337573e+00 3.59484553e-02
    5.31220257e-01 -1.54442191e-02 1.55908072e+00 8.10452104e-02
    1.24372649e+00 6.33504152e-01 1.11215115e+00 7.63566732e-01
    7.13249147e-01 3.88480961e-01 -5.41355610e-01 1.49103332e+00
    -2.89615482e-01 -2.91190684e-01 -4.30673391e-01 -4.23614800e-01
    -3.42624933e-01 5.70960343e-01 -5.73035896e-01 -3.57094020e-01
    4.24658060e-01 8.50269437e-01 1.27187657e+00 -3.94135445e-01
    -2.37946540e-01 8.37614357e-01 -3.64286870e-01 1.22523010e-01
    1.72151327e+00 7.70582616e-01 -2.86088079e-01 1.09247565e+00
    6.73753083e-01 7.14018285e-01 7.58417130e-01 6.94328427e-01
    -8.08170438e-02 8.14677477e-02 1.70340848e+00 1.39295197e+00
    1.16827321e+00 -5.16106725e-01 -6.42527938e-01 4.37025964e-01
    -2.61036873e-01 1.22218478e+00 1.06506026e+00 1.25020742e-03
    3.30731571e-01 4.24025536e-01 6.91301882e-01 4.89360094e-02
    4.83905017e-01 1.27042949e-01 1.73709631e+00 8.36399376e-01
    -1.21906757e-01 1.54089880e+00 3.25255573e-01 -1.73416734e-02
    1.53900862e+00 -5.71872890e-01 3.66647959e-01 1.20179236e+00
    5.12210906e-01 1.40728307e+00 8.30121398e-01 1.64732647e+00
    -1.10112190e-01 1.50212407e+00 -4.11335379e-01 1.52500725e+00
    -4.41871822e-01 8.75646770e-01 1.47054303e+00 5.44546366e-01
    -3.78309757e-01 1.47602797e+00 -6.30229354e-01 4.60726023e-01
    4.33284044e-03 8.68066788e-01 1.08123219e+00 -5.83746433e-01
    3.71547282e-01 1.40174365e+00 9.67457592e-01 1.39441931e+00
    -3.69707346e-02 5.51650167e-01 1.66195369e+00 5.42227089e-01
    -6.47854209e-01 1.33349085e+00 6.73765659e-01 7.62590110e-01
    1.58199310e-01 -3.56122315e-01 8.90916824e-01 9.72061396e-01
    1.42753279e+00 5.40817380e-02 5.27944803e-01 4.82956290e-01
    8.34481418e-01 -6.52125061e-01 7.25263417e-01 1.79086363e+00
    7.63705969e-01 1.04435325e+00 5.05737603e-01 1.22689664e+00
    2.68506408e-02 1.21276343e+00 5.73766887e-01 1.07903516e+00
    1.01945925e+00 1.02533460e+00 -3.67415845e-01 6.50688529e-01
    4.11160588e-01 1.73354495e+00 -3.14707935e-01 -3.29452842e-01
    3.21112871e-02 1.44949031e+00 -5.15209198e-01 1.06959128e+00
    -4.40663904e-01 1.28341401e+00 8.24547172e-01 -3.43266845e-01
    8.17956150e-01 2.14972615e-01 1.45521688e+00 -3.82171810e-01
    4.15379643e-01 5.82424700e-01 -1.17391080e-01 -3.37727964e-02
    1.89201844e+00 -5.69476604e-01 1.23444307e+00 -6.43016815e-01
    7.39722967e-01 -9.21509862e-02 1.48006189e+00 -2.34076828e-01
    4.28137720e-01 6.03531301e-01 1.29848099e+00 1.66956365e-01
    5.99430144e-01 1.36048913e+00 6.66859984e-01 2.74993241e-01
    -1.01456612e-01 -6.02894068e-01 1.72894955e+00 2.56568909e-01
    -6.97001517e-01 3.77454817e-01 1.49915457e+00 1.16253257e+00
    1.49788713e+00 1.02390683e+00 -4.56243753e-03 -2.77474612e-01
    1.51416707e+00 -6.03127599e-01 5.23896277e-01 -1.72278285e-02
    -4.01700795e-01 1.38848901e+00 1.12378740e+00 2.37360835e-01
    9.97521937e-01 -7.34019876e-01 8.87257516e-01 5.67069590e-01
    8.04309607e-01 -3.35989356e-01 1.02604723e+00 1.08659053e+00
    -3.01863074e-01 9.03123617e-02 -2.60390222e-01 6.51711702e-01
    8.91529024e-01 1.17782092e+00 5.60434461e-02 5.92835307e-01
    -3.79544497e-02 -3.88453871e-01 -1.95750594e-01 6.52459621e-01
    1.37786210e-01 -2.13944137e-01 6.49056435e-02 7.32813954e-01
    1.75523174e+00 1.39351726e-01 2.95188963e-01 -1.20644331e-01
    -2.79685855e-01 -4.44423378e-01 2.72117376e-01 1.60023689e+00
    4.56403255e-01 -3.80631268e-01 1.44369781e+00 -6.20708942e-01
    6.27049565e-01 1.61717486e+00 -1.27279282e-01 9.68021870e-01
    1.25359583e+00 3.87685299e-01 1.45262265e+00 5.99469423e-01
    -5.25215864e-02 4.83291149e-01 1.14458251e+00 5.10600567e-01
    -6.62471533e-01 -3.51154864e-01 8.72598708e-01 9.17044640e-01
    -4.29025918e-01 9.66785669e-01 -1.92911804e-01 1.46472216e+00
    1.10116088e+00 2.28831708e-01 -3.29949588e-01 5.58032632e-01
    4.58489299e-01 1.68854380e+00 8.81755710e-01 -3.40866029e-01
    -1.20001674e-01 1.34495091e+00 5.86122751e-01 -8.80914330e-02
    9.74653125e-01 1.44104600e+00 7.49504626e-01 1.14668226e+00
    1.25402880e+00 1.23613501e+00 -6.38599634e-01 1.63322592e+00
    -3.15597922e-01 -1.14111781e-01 4.91667330e-01 2.74291515e-01
    1.32092845e+00 1.11329889e+00 1.07642543e+00 8.46734941e-01
    -5.79666436e-01 7.17303336e-01 1.58272207e-01 7.84113407e-01
    -1.00120306e-02 1.06838155e+00 4.84867632e-01 1.69388056e-01
    5.07875800e-01 -4.85830396e-01 1.49379992e+00 1.46738470e+00
    -3.78201127e-01 8.03139150e-01 -1.25011623e-01 -2.97020316e-01
    1.70178258e+00 3.08238566e-01 4.82327521e-01 1.66266418e+00
    -8.14347863e-02 1.42458916e-01 5.49232602e-01 7.67876387e-01
    2.88376987e-01 7.02298462e-01 1.09447074e+00 -5.03300667e-01
    1.40524578e+00 7.47880578e-01 6.26919091e-01 1.46837735e+00
    -1.08666062e-01 1.29182577e+00 5.93406320e-01 -6.96173072e-01
    4.05817509e-01 -3.72625947e-01 1.37693346e+00 8.24914455e-01
    1.01734042e+00 -5.02561212e-01 1.46088970e+00 1.16417217e+00
    1.60457611e+00 7.46886253e-01 2.40337551e-01 1.47607994e+00
    1.02392888e+00 -4.94652182e-01 1.28274310e+00 1.65398598e-01
    -4.73888487e-01 -2.14997053e-01 -5.31083941e-01 -4.33015227e-01
    1.63317657e+00 -3.67366314e-01 -4.28882062e-01 6.06786728e-01
    -2.51356453e-01 -2.24619478e-01 8.24093997e-01 9.92004871e-02
    -3.27744097e-01 -1.19963765e-01 1.71000934e+00 5.07316351e-01
    1.63800073e+00 1.35588944e-01 1.31911445e+00 9.49568331e-01
    -6.40650690e-01 6.20684922e-01 -4.20900017e-01 -1.31603956e-01
    1.06195831e+00 2.04586327e-01 9.98369098e-01 1.32243109e+00
    2.39176273e-01 1.16435313e+00 6.04293883e-01 -2.28996634e-01
    2.88482666e-01 1.80279839e+00 8.40902269e-01 3.07235122e-02
    -4.70166802e-02 -2.78628767e-01 1.32496786e+00 3.71627033e-01
    -3.03661704e-01 1.25208914e+00 3.49821389e-01 8.58442545e-01
    1.80372775e-01 -4.18170244e-01 6.58121526e-01 5.78899801e-01
    -1.90288484e-01 5.96094847e-01 5.77670097e-01 6.75638616e-01
    1.67131209e+00 2.36670971e-02 1.21620345e+00 4.72741842e-01
    -8.51398706e-02 1.37352228e+00 2.41129577e-01 8.31410646e-01
    9.35450196e-01 -7.21368492e-01 7.97410846e-01 1.20399547e+00
    1.27853441e+00 -1.98144197e-01 5.41389346e-01 7.81983674e-01
    9.36902046e-01 7.11964369e-01 -5.49796820e-01 1.05541778e+00
    1.54238355e+00 7.95365334e-01 4.14328516e-01 -4.19502586e-01
    1.71017122e+00 -2.60418743e-01 -1.93747282e-02 -1.79064572e-01
    2.12405264e-01 -2.14890599e-01 1.23240232e+00 -6.29523098e-02
    1.13790679e+00 2.59878337e-01 -4.32415456e-01 -3.26155424e-01
    1.10845840e+00 -4.77447420e-01 1.67415309e+00 3.00153196e-01
    -1.31909311e-01 4.29864287e-01 -4.84812856e-01 1.38180113e+00
    1.63861465e+00 -1.75018728e-01 9.85725343e-01 -5.73628962e-01
    -9.10353661e-02 7.21212327e-01 1.60202813e+00 -1.53454065e-01
    6.32822096e-01 7.39655197e-01 1.27016735e+00 -3.90441000e-01
    1.02909386e-01 1.11781454e+00 -7.41588175e-01 1.75385523e+00
    5.34918368e-01 1.10970020e+00 -4.28980589e-01 -2.56274760e-01
    -4.30107921e-01 1.28754187e+00 -9.88799930e-02 1.11203396e+00
    1.41192746e+00 6.11660898e-01 -2.98987627e-02 -4.44247127e-02
    -1.09959960e-01 3.00095379e-01 -4.68095243e-01 1.39420938e+00
    1.19045329e+00 9.98677611e-01 -6.88706458e-01 1.24382854e+00
    1.18785250e+00 4.02927399e-03 7.21422613e-01 1.65690172e+00
    5.20782471e-01 9.37124729e-01 -7.76027262e-01 1.35142398e+00
    6.84839129e-01 5.45638800e-01 1.48787189e+00 -4.78275001e-01
    -2.20218867e-01 -6.83647990e-02 1.43398857e+00 -1.53427720e-02
    -4.38137323e-01 -3.09529066e-01 1.26829386e+00 9.60768938e-01
    4.73600507e-01 1.70603335e-01 1.55607927e+00 3.53283107e-01
    1.25132596e+00 7.78553426e-01 1.37339938e+00 1.53460300e+00
    -8.60272050e-02 -3.94630551e-01 1.44174790e+00 2.16450870e-01
    1.64660287e+00 -6.35462761e-01 1.31229818e+00 5.87357700e-01
    -1.29478812e-01 -6.04408205e-01 1.37249303e+00 -1.00761771e-01
    9.97887254e-01 2.82236278e-01 1.52395856e+00 1.90405011e-01
    -9.25211906e-02 -6.02878332e-01 6.64973974e-01 1.57776570e+00
    -1.28696144e-01 -1.11316800e-01 -3.71211916e-01 1.32964373e+00
    2.62570322e-01 4.42458928e-01 1.34617901e+00 9.23219621e-01
    -4.68497992e-01 1.18398094e+00 -4.78473514e-01 3.85887027e-02
    -3.56950939e-01 1.97234392e-01 1.56322002e+00 1.16396570e+00
    4.02247488e-01 1.12658823e+00 4.49808836e-01 1.11961246e+00
    1.15638733e+00 8.90201449e-01 3.86824787e-01 -5.17722368e-01
    1.23674417e+00 -2.80439436e-01 1.24280310e+00 1.46592927e+00
    9.15323138e-01 -7.43153691e-02 6.73182607e-02 1.48856044e+00
    -1.47123933e-01 -4.28673178e-01 1.56812978e+00 -3.83708179e-01
    7.61556268e-01 -4.83718038e-01 6.01258874e-02 1.55393934e+00
    1.37474251e+00 -4.10925746e-02 -5.76678753e-01 -4.17984068e-01
    1.50536263e+00 1.54550004e+00 -9.84218121e-02 3.36959958e-01
    2.75869012e-01 -6.07281446e-01 -3.33307475e-01 -9.45782661e-03
    -3.35697472e-01 1.41035247e+00 8.98840666e-01 -4.50598478e-01
    1.64352894e-01 7.35030949e-01 5.94269156e-01 -4.48276341e-01
    1.43717504e+00 1.38091099e+00 -5.31688929e-01 1.28517795e+00
    6.65647328e-01 1.45105135e+00 3.59129608e-01 9.71164584e-01
    -3.74451935e-01 -2.88949877e-01 5.23942411e-01 -1.50522351e-01
    2.82477796e-01 2.56631553e-01 9.81814802e-01 -3.07958484e-01
    2.80682504e-01 -2.34709591e-01 1.07830143e+00 -5.64695656e-01
    -3.56346279e-01 -1.35821044e-01 -8.95669460e-02 1.28477454e+00
    5.88736475e-01 3.73480976e-01 2.19950795e-01 1.01685953e+00
    -7.22943604e-01 1.60599065e+00 3.16024125e-01 -4.81187820e-01
    -6.41472518e-01 9.41850245e-01 3.77839744e-01 -5.08693695e-01
    1.30463505e+00 9.82199013e-01 1.00136304e+00 1.01537728e+00
    -4.24250633e-01 1.78364301e+00 -5.11731505e-01 -2.98377007e-01
    -1.68355405e-01 3.60644400e-01 4.30868328e-01 -1.40033424e-01
    1.24302828e+00 -5.68116307e-01 -5.46827972e-01 2.16507316e-01
    1.49319434e+00 1.09131444e+00 -5.12405753e-01 1.44454527e+00
    1.36151314e+00 -3.71824324e-01 6.04773283e-01 1.50835931e-01
    -1.44106507e-01 3.24329734e-01 1.74206626e+00 -6.43965364e-01
    -6.90470934e-02 -2.22701252e-01 6.60491943e-01 1.65138173e+00
    8.42159390e-01 1.48786783e+00 4.00801122e-01 -2.37646639e-01
    -3.01431775e-01 -2.98455954e-02 8.87882710e-01 -1.82520866e-01
    1.98062778e-01 3.16371918e-02 9.52423394e-01 1.05818772e+00
    8.01159322e-01 -7.01924324e-01 1.04305267e-01 1.61450183e+00
    9.99391258e-01 1.54891384e+00 1.45282149e-01 4.40535903e-01
    -6.11173868e-01 1.20131612e-01 4.69181538e-01 7.51794040e-01
    2.65311897e-01 6.59394503e-01 6.84624016e-01 6.91552818e-01
    -5.50164223e-01 1.83295512e+00 -3.93531412e-01 -1.69489771e-01
    -5.29651701e-01 -3.03887963e-01 6.67534709e-01 5.40158153e-02
    8.74103010e-01 7.33952641e-01 1.75195014e+00 -3.34831476e-02
    -9.05287862e-02 1.70805430e+00 1.44194663e+00 1.60910821e+00
    4.95592773e-01 -4.34376240e-01 8.43002200e-02 1.28443003e+00
    5.59964001e-01 -1.46836162e-01 5.88150620e-02 8.43677044e-01
    -3.63783240e-01 1.38614106e+00 -2.31296599e-01 1.16021276e+00
    1.50579810e-01 1.57644057e+00 6.36463583e-01 9.00965691e-01
    4.98866618e-01 4.63148892e-01 1.14597201e+00 5.29908836e-01
    1.02395177e+00 1.47016776e+00 5.70667684e-01 4.30561244e-01
    9.06937540e-01 8.25336814e-01 4.12227750e-01 7.51286507e-01
    5.60024977e-01 3.20458174e-01 3.43150795e-01 1.22989535e+00
    -4.60702509e-01 7.88061261e-01 -1.96043968e-01 4.10154521e-01
    1.42505264e+00 1.23523426e+00 -8.78548026e-01 1.28314209e+00
    -2.76326537e-02 1.60457587e+00 1.59426522e+00 1.19030344e+00
    7.63110340e-01 2.74963558e-01 4.48025465e-01 -6.03062153e-01
    -2.88719893e-01 1.62985373e+00 7.52034426e-01 6.67364836e-01
    -5.44135034e-01 6.47610486e-01 -4.36968923e-01 -3.11499894e-01
    8.53540659e-01 6.82007909e-01 -2.66722679e-01 1.52958465e+00
    1.25058198e+00 -1.04287803e-01 -9.62731838e-02 4.03866112e-01
    -8.60823393e-02 6.32304847e-01 1.68823874e+00 -6.80393100e-01
    -6.55131817e-01 1.60435033e+00 -5.95164299e-02 -6.49607778e-02
    6.75455570e-01 1.31305468e+00 6.76865637e-01 6.09978080e-01
    6.43702328e-01 4.75019217e-01 -1.80261672e-01 7.18112648e-01
    5.48096716e-01 1.01233280e+00 1.11821532e+00 -6.16844893e-01
    2.97924876e-01 1.25062883e+00 8.70791137e-01 9.11427200e-01
    1.40460193e-01 -2.54941106e-01 6.96092129e-01 2.28126109e-01
    1.14041567e-02 1.55684471e+00 4.00231302e-01 3.12125742e-01
    -4.42723304e-01 4.49364901e-01 2.32323647e-01 1.95621967e-01
    1.43770444e+00 1.11484957e+00 -4.57789242e-01 3.18204880e-01
    4.17473316e-01 1.28398490e+00 -3.11242819e-01 1.62492394e-01
    1.28259277e+00 1.30090499e+00 1.09311199e+00 5.74262798e-01
    -3.56387883e-01 7.28025019e-01 1.85374081e-01 1.40552294e+00
    1.19506741e+00 1.52071166e+00 -6.75795376e-01 -3.98683846e-01
    1.00720906e+00 3.53883147e-01 -5.68087697e-02 9.70705509e-01
    3.83274555e-02 3.02567542e-01 1.63362348e+00 -5.02392530e-01
    2.51630902e-01 -7.05291748e-01 3.25960457e-01 1.06659126e+00
    1.45542860e+00 8.58153105e-01 1.23210812e+00 -2.15748966e-01
    7.20418155e-01 3.79209518e-02 4.23520803e-03 5.66045046e-01
    3.83572161e-01 -2.67499596e-01 1.39011919e-01 8.07192028e-01
    -4.25960153e-01 2.70143390e-01 5.38957417e-01 -5.10583341e-01
    9.09580529e-01 7.50501931e-01 1.21600914e+00 -2.16417432e-01
    9.25914228e-01 1.01336527e+00 -5.24926960e-01 -1.38388276e-02
    7.88968921e-01 6.11292958e-01 1.08947265e+00 9.08926427e-01
    1.43481314e-01 3.61776948e-02 1.20939708e+00 1.33250546e+00
    8.26277375e-01 -5.01097322e-01 -4.53067333e-01 1.06176472e+00
    6.23969018e-01 -6.28480673e-01 9.55607891e-01 1.16950107e+00
    1.09011030e+00 -2.11529374e-01 9.30980086e-01 -1.59618050e-01
    1.10400009e+00 -5.69510937e-01 4.52444732e-01 5.03063023e-01
    -4.40520316e-01 -3.57075691e-01 -1.13684654e-01 -9.27791595e-02
    5.61493814e-01 5.80221653e-01 1.79872036e-01 -3.80729169e-01
    1.69268548e+00 9.05857682e-01 1.35167575e+00 6.20540500e-01
    -5.71542382e-01 6.08799696e-01 -1.90274090e-01 4.31170642e-01
    -4.64198709e-01 1.53842330e+00 7.78012395e-01 1.47274208e+00
    -2.49724865e-01 -4.99055386e-02 1.04034626e+00 1.31532693e+00
    9.04086530e-01 -1.95599854e-01 8.24481845e-02 1.30723619e+00
    -2.32560515e-01 1.18774891e+00 1.74953794e+00 1.61414587e+00
    1.18782508e+00 -4.40252066e-01 9.08955634e-01 -3.04083645e-01
    9.00194049e-02 1.03785396e+00 4.12595987e-01 2.48256028e-01
    3.03045452e-01 1.41747379e+00 -1.66011810e-01 1.40249395e+00
    8.22003722e-01 3.00725996e-01 1.45326471e+00 7.16172516e-01
    1.89688087e-01 6.05836570e-01 -4.61346388e-01 3.58176410e-01
    -2.90190399e-01 1.88992977e-01 1.82422698e-01 -5.18053770e-03
    1.26512480e+00 -3.06256741e-01 -1.53640270e-01 4.75238562e-02
    1.23281026e+00 8.97899628e-01 1.53961360e+00 -3.16478193e-01
    -1.71253234e-01 -8.05633664e-02 3.27679455e-01 -5.46420693e-01
    3.37048173e-02 -7.15680122e-02 6.98172331e-01 -5.36028087e-01
    4.53820825e-02 1.50179815e+00 -3.57996583e-01 -4.72731531e-01
    -5.41199923e-01 1.48163927e+00 -3.90708625e-01 1.16894579e+00
    -5.59793949e-01 -3.12408000e-01 -3.46738249e-01 1.48239636e+00
    4.26053405e-02 -7.17874110e-01 1.09586132e+00 9.65261459e-01
    1.37449765e+00 -5.20311654e-01 1.82654381e-01 1.16977584e+00
    1.57376468e-01 -3.87837470e-01 1.55843353e+00 6.03256822e-01
    9.77562785e-01 1.09567535e+00 -4.68206137e-01 -4.96580273e-01
    -7.01247036e-01 1.65031862e+00 5.51325023e-01 -1.38339937e-01
    -4.62423831e-01 1.08689690e+00 1.40689254e-01 -4.34496343e-01
    -3.07714462e-01 1.36424065e-01 1.20822775e+00 2.16339588e-01
    8.43511820e-01 -4.99039888e-02 1.45866203e+00 1.53817379e+00
    1.07657313e-01 -2.21440971e-01 9.42260027e-02 -7.67621458e-01
    1.54816341e+00 1.31326342e+00 1.39776254e+00 1.35173905e+00
    -5.34044087e-01 1.22372091e-01 -9.41250324e-02 3.64517927e-01
    -5.56986332e-01 1.22522736e+00 7.50315845e-01 -5.12929320e-01
    9.68929470e-01 4.74484563e-01 7.82081842e-01 -7.21546113e-01
    1.09185088e+00 -1.10424459e-01 1.12658548e+00 1.18918848e+00
    -2.26240933e-01 4.27412570e-01 -6.51483059e-01 6.87051952e-01
    1.37524247e+00 -8.92399549e-02 1.06191778e+00 1.33185840e+00
    1.48681390e+00 1.07881725e-01 1.43155551e+00 5.55690050e-01
    8.70813668e-01 8.51242840e-01 1.37396204e+00 4.36021686e-01
    -9.92521048e-02 -1.17394269e-01 1.17687333e+00 1.01319623e+00
    7.57664979e-01 6.40411913e-01 -3.56868237e-01 -5.12005806e-01
    7.67245054e-01 -6.11227751e-02 1.57327318e+00 -2.55839258e-01
    -6.89972639e-02 1.51618052e+00 1.45632792e+00 -5.68466663e-01
    1.07757235e+00 8.27160060e-01 7.31687248e-01 1.14203358e+00
    7.62590766e-02 6.83546662e-02 9.07048047e-01 1.59375656e+00
    5.48349380e-01 4.32737887e-01 1.31284833e+00 -2.71079183e-01
    -4.98279393e-01 -4.62548018e-01 1.64176559e+00 -2.22870409e-01
    -6.51050568e-01 1.34281766e+00 1.41351247e+00 1.30895114e+00
    1.47991931e+00 -4.52466160e-01 -1.57215714e-01 1.19433677e+00
    -6.60753310e-01 1.28635645e+00 -5.06036282e-01 1.29345644e+00
    8.71855021e-02 1.72541463e+00 5.58607697e-01 -8.08161497e-02
    7.87670732e-01 5.74425280e-01 5.15620470e-01 -2.54436910e-01
    7.92669237e-01 6.77603662e-01 1.37990487e+00 3.41876149e-01
    3.30114841e-01 9.21217799e-02 -5.99638104e-01 1.30969191e+00
    1.45005536e+00 -6.69852138e-01 1.77508259e+00 1.01314294e+00
    7.57524490e-01 1.66794956e-01 1.20626187e+00 1.07618904e+00
    2.03911126e-01 1.18252754e-01 -1.00820363e-01 1.70036340e+00
    1.55471539e+00 -5.54164171e-01 8.69402230e-01 7.71028340e-01
    1.04112518e+00 -1.54059887e-01 1.80603921e+00 6.39237702e-01
    4.02192593e-01 9.95560765e-01 1.64166570e-01 5.16716182e-01
    1.62871671e+00 2.62684584e-01 -2.18692213e-01 1.66539216e+00
    3.93717229e-01 -5.85787773e-01 2.63907433e-01 1.50569034e+00
    -1.41873360e-02 9.65279400e-01 3.51392031e-01 -3.13852340e-01
    1.32728851e+00 4.09974873e-01 3.57251227e-01 -4.83560324e-01
    5.23422480e-01 1.04598725e+00 -5.96657991e-02 -2.22720206e-01
    9.40296173e-01 1.63040769e+00 1.39325917e+00 -5.96032500e-01
    6.87734544e-01 1.00683820e+00 1.59177804e+00 -2.68491209e-01
    -9.68302488e-02 1.27542198e+00 -1.91949308e-01 1.03977084e+00
    -5.54081976e-01 6.90506697e-02 6.17077410e-01 1.00735188e+00
    8.13947678e-01 6.29360795e-01 1.36581612e+00 4.22094882e-01
    1.51739550e+00 -6.15520597e-01 -1.14140153e-01 5.41245520e-01
    1.68164718e+00 1.64039207e+00 -2.36669779e-02 8.05814326e-01
    5.03678977e-01 -4.48751450e-02 1.19896960e+00 -4.04614985e-01
    1.44134474e+00 1.70616984e-01 6.33828402e-01 -3.43899608e-01
    -2.04852939e-01 1.54820633e+00 1.13595450e+00 -9.02087092e-02
    1.09110904e+00 -6.61615968e-01 8.60509634e-01 1.12040186e+00
    9.57421601e-01 1.19480658e+00 1.50901675e-02 3.51440787e-01
    6.85194552e-01 7.63649762e-01 1.59126258e+00 6.51391864e-01
    1.38275731e+00 9.54871356e-01 -5.05574763e-01 1.44222569e+00
    -3.56971741e-01 1.42765474e+00 7.61231005e-01 1.67694950e+00
    1.55858922e+00 5.10778487e-01 1.81399059e+00 1.51560593e+00
    -2.26710081e-01 1.33676219e+00 1.13786185e+00 2.21245289e-02
    -7.07765222e-02 1.07076430e+00 -2.85098106e-01 -4.27048028e-01
    1.19496012e+00 4.85703945e-01 1.51954651e-01 2.20704257e-01
    1.10089779e-04 1.55206192e+00 3.23869884e-01 5.03299952e-01
    6.68665588e-01 1.31677914e+00 1.53920627e+00 5.26890099e-01
    -2.49780715e-01 -3.99529546e-01 2.24135876e-01 7.95972049e-01
    2.70788074e-01 1.57563972e+00 -6.99203908e-01 3.50082636e-01
    8.47155869e-01 4.51282024e-01 -1.38051927e-01 -9.06690359e-02
    3.18675458e-01 1.38681722e+00 1.34468591e+00 -6.28431439e-02
    9.78693783e-01 1.87377214e-01 6.88864350e-01 5.84668159e-01
    1.32578826e+00 4.36350942e-01 8.74266982e-01 1.36306167e+00
    -3.11473936e-01 5.42330503e-01 -7.71467566e-01 1.40754700e+00
    1.15768003e+00 -5.07215381e-01 1.23972893e+00 -7.60612369e-01
    1.40486240e+00 6.52518034e-01 1.35218441e+00 2.41132140e-01
    1.38198960e+00 6.42141342e-01 1.57015121e+00 -2.53789008e-01
    1.50622475e+00 1.56281066e+00 7.56223559e-01 -5.56057274e-01
    9.93786097e-01 1.05839777e+00 3.43094885e-01 -5.99704981e-01
    -4.84370470e-01 8.70432258e-01 5.31923175e-02 1.41895461e+00
    4.08803225e-02 1.51261902e+00 1.23932338e+00 1.20617187e+00
    -7.97346175e-01 1.06479716e+00 9.67691422e-01 2.39438176e-01
    -5.50000489e-01 -6.46869540e-01 3.26037884e-01 1.62656987e+00
    1.88993216e-01 1.42420924e+00 1.15387118e+00 -1.03210151e-01
    1.36615753e+00 4.99341011e-01 -7.25424170e-01 1.28337193e+00
    8.12333226e-02 3.33098412e-01 -3.40122193e-01 2.09537148e-02
    1.26288998e+00 7.31775820e-01 -1.36445403e-01 6.40961528e-02
    -4.01346833e-01 1.52454734e-01 -6.10218585e-01 -7.02135026e-01
    1.69563913e+00 2.13866711e-01 9.62061524e-01 -7.69585967e-02
    -3.38482589e-01 6.91031814e-01 1.49945116e+00 2.77021468e-01
    6.22508764e-01 -3.64589363e-01 -2.64183879e-02 2.57977843e-01
    1.06366992e+00 1.28233850e+00 -3.13873291e-02 4.81719494e-01
    -2.63982594e-01 1.56822097e+00 1.14655602e+00 -6.40954375e-01
    1.50130868e+00 1.52658296e+00 -2.47648358e-01 1.17476583e+00
    9.72300172e-01 -6.33405507e-01 1.55262613e+00 -5.43516278e-01
    1.28185034e+00 -4.02238488e-01 1.17669439e+00 9.64573741e-01
    1.64741969e+00 9.99791205e-01 8.61283123e-01 1.16170108e-01
    8.08768451e-01 7.51675665e-01 1.29865825e-01 -3.53321135e-01
    1.01662183e+00 -2.02657670e-01 1.67443705e+00 1.47770405e+00
    -2.85063952e-01 -5.56911469e-01 9.28746879e-01 5.77525735e-01
    -2.61315823e-01 1.20346332e+00 7.69293547e-01 9.03731167e-01
    1.22671425e+00 1.30725372e+00 1.24716449e+00 -7.13196218e-01
    -4.77373987e-01 6.26054287e-01 4.66614425e-01 3.99927795e-01
    1.00208187e+00 -2.07639515e-01 -4.97919440e-01 -5.68521082e-01
    7.11887777e-01 2.91391551e-01 2.58031487e-02 9.19301927e-01
    9.64344740e-01 1.03393579e+00 4.19819355e-03 9.16092277e-01
    -1.76576644e-01 3.80408943e-01 9.37973857e-01 8.11031461e-01
    -4.28803116e-01 1.25791633e+00 -3.53934467e-01 9.85133529e-01
    -4.14915413e-01 4.68576193e-01 5.11695981e-01 7.64175832e-01
    -1.62251979e-01 9.02953506e-01 1.81499171e+00 6.62829340e-01
    -7.01813579e-01 -5.64755857e-01 1.04015887e+00 8.83248329e-01
    9.53389108e-01 -4.70977128e-01 -1.43418849e-01 4.15909111e-01
    8.72931421e-01 1.05326712e-01 -4.95884418e-01 -5.22748709e-01
    1.41920590e+00 1.48412049e-01 1.17625594e-01 1.13116765e+00
    6.66035831e-01 -4.55856770e-01 -3.67980659e-01 8.32227886e-01
    1.41521978e+00 9.96641576e-01 3.31181884e-02 -2.21600264e-01
    -1.94072843e-01 2.96487749e-01 3.93331110e-01 9.27906990e-01
    2.13271379e-01 2.65109956e-01 2.03132391e-01 8.71981919e-01
    2.11318851e-01 2.26250827e-01 1.00614166e+00 -4.51593310e-01
    2.69279361e-01 1.35173321e+00 1.48921514e+00 2.59478033e-01
    -4.77655709e-01 1.78889155e-01 -4.35395151e-01 -2.56092638e-01
    1.18759441e+00 3.89087617e-01 9.08681154e-02 1.18053377e+00
    3.97363245e-01 -5.05906582e-01 -3.75390470e-01 2.63831675e-01
    6.09131098e-01 -3.24154496e-01 4.36410844e-01 2.24497020e-01
    4.19092059e-01 -3.76250982e-01 1.58330488e+00 2.57416368e-01
    2.09101439e-01 3.65496874e-01 -3.02947164e-01 1.68773115e-01
    -4.82232451e-01 1.61126208e+00 8.64443123e-01 1.26970243e+00
    1.12140751e+00 7.45135784e-01 -3.02554667e-01 1.04443085e+00
    3.04179192e-02 1.72179699e+00 -4.89611477e-01 1.04338574e+00
    -2.53755420e-01 1.34803295e+00 5.89797020e-01 1.09460020e+00
    6.48247600e-02 8.28061104e-01 5.96936941e-02 -2.15590358e-01
    1.31311691e+00 -2.69799709e-01 2.82542765e-01 6.16492927e-01
    1.35037494e+00 -7.59173632e-01 3.27248812e-01 1.14030266e+00
    5.47120929e-01 1.50221586e+00 6.36460483e-01 7.60455072e-01
    6.86873734e-01 1.44815731e+00 -1.20506227e-01 1.16627991e+00
    1.41795206e+00 1.57357192e+00 4.78902459e-02 -1.25320911e-01
    9.69361484e-01 -2.96550274e-01 3.61504793e-01 -5.64150989e-01
    1.57974100e+00 -2.87483543e-01 1.37725949e+00 -3.64676714e-02
    1.39980721e+00 1.48609030e+00 1.05095160e+00 2.56054401e-01
    -3.71254444e-01 -7.59426296e-01 -8.27635109e-01 1.47446573e-01
    -2.09956467e-01 -1.34812593e-01 -1.30523622e-01 -7.91705251e-02
    1.18318200e-01 9.15387094e-01 1.20909023e+00 1.16621828e+00
    4.99658465e-01 9.69675362e-01 9.19982195e-01 8.19616675e-01
    -9.87060070e-02 -3.23919147e-01 2.21562088e-01 1.45206714e+00
    9.89607036e-01 3.65804493e-01 1.25079930e-01 -1.00111842e-01
    1.15404069e-01 1.45725453e+00 1.06578195e+00 -1.25581264e-01
    1.01363266e+00 1.20774448e-01 -6.50430620e-01 1.05724359e+00
    9.58643317e-01 -2.58070409e-01 4.79134440e-01 -5.87421656e-01
    -1.92398369e-01 1.36404598e+00 1.36809528e+00 2.40265369e-01
    1.40877569e+00 -1.52063966e-02 1.20348525e+00 1.77151585e+00
    -4.10135478e-01 9.17961836e-01 1.40992844e+00 1.05009007e+00
    1.24739647e+00 8.94647181e-01 7.99849510e-01 1.72593129e+00
    9.09306824e-01 4.27580595e-01 9.86590087e-01 -5.70703864e-01
    1.33240509e+00 7.48736501e-01 -2.31852233e-01 -5.05048871e-01
    1.02163291e+00 1.37088430e+00 4.51827049e-03 1.60845649e+00
    1.77221894e-02 -2.17758477e-01 1.33896172e+00 1.09144938e+00
    -9.97250676e-02 -6.17599249e-01 1.18339884e+00 -6.17571354e-01
    -2.81861007e-01 1.13244295e+00 4.32359934e-01 9.25664186e-01
    6.77145839e-01 8.51736128e-01 1.56712770e+00 -3.06594431e-01
    -3.59870195e-01 -7.39879489e-01 1.53696680e+00 -5.20708859e-01
    -1.60556436e-02 9.33478892e-01 8.51099074e-01 1.18807125e+00
    -3.79935324e-01 4.06394541e-01 -4.46306407e-01 -5.14938772e-01
    1.43127143e-01 7.50979662e-01 3.79242301e-01 9.83925402e-01
    -1.33651495e-02 1.65945888e-01 -5.75817704e-01 6.16567314e-01
    -2.08905995e-01 1.47674298e+00 1.92407787e-01 3.92569304e-01
    1.66230202e-02 1.00550449e+00 4.59519446e-01 1.16591954e+00
    -4.93138492e-01 4.44498658e-01 4.29065883e-01 6.14607990e-01
    -4.76326495e-01 1.70941234e+00 -6.24670327e-01 2.89008617e-01
    1.11349344e-01 7.64726877e-01 -5.91562152e-01 -3.86311948e-01
    2.15749323e-01 5.84077239e-01 -3.87067497e-01 -2.04852045e-01
    6.81117177e-01 1.45677745e-01 1.23701262e+00 1.60574055e+00
    1.43856239e+00 1.53945851e+00 6.42962873e-01 -4.92781401e-03
    6.00284934e-02 5.26466250e-01 1.28751445e+00 9.27177072e-02
    1.05090761e+00 -2.46629089e-01 1.59756780e-01 1.76653647e+00
    6.31162226e-01 1.46422100e+00 -2.65158027e-01 1.31492138e+00
    -4.48206574e-01 -4.70320791e-01 3.37739646e-01 3.07372630e-01
    9.46208239e-02 6.46038473e-01 1.68655896e+00 3.39568853e-01
    1.16847539e+00 1.63848686e+00 4.24656808e-01 1.61130905e+00
    -3.53717387e-01 -5.99372089e-01 1.38739955e+00 -1.99360013e-01
    4.91652310e-01 1.59136128e+00 1.43033934e+00 1.06546700e+00
    2.56568432e-01 -5.91391742e-01 4.25042868e-01 1.41624600e-01
    2.92765409e-01 1.43584371e+00 7.71330714e-01 -4.42817152e-01
    1.32487178e-01 1.63704276e+00 -3.67792845e-02 -5.44953346e-02
    6.46044314e-01 5.00887692e-01 1.34556961e+00 1.44106209e-01
    1.39331412e+00 1.59207249e+00 1.92150831e-01 3.45788062e-01
    4.39806819e-01 1.32035100e+00 -9.53521729e-02 -3.18626374e-01
    -6.31077588e-02 -1.46632075e-01 9.28518713e-01 1.17424524e+00
    -6.97661340e-01 1.34754384e+00 6.53259039e-01 1.08226657e+00
    8.25900614e-01 9.17119741e-01 4.74184036e-01 5.01606047e-01
    1.59049606e+00 -5.53430021e-01 1.02821136e+00 1.79182804e+00
    3.35287571e-01 -7.51670599e-02 -3.10629070e-01 1.06826842e+00
    -2.99704075e-02 -3.00925463e-01 7.37051249e-01 3.99311125e-01
    1.06828213e-01 3.45993638e-02 1.30228400e-02 -4.58724529e-01
    3.46890926e-01 1.36286116e+00 -4.19474512e-01 6.34334326e-01
    7.85923183e-01 3.60530317e-01 -4.79581833e-01 1.11348462e+00
    1.58747625e+00 1.12766325e+00 -6.52054906e-01 1.51618803e+00
    9.50838149e-01 1.36271381e+00 8.97101879e-01 -4.66500968e-01
    1.46351385e+00 3.02029490e-01 6.88223779e-01 1.00007641e+00
    9.06411827e-01 -1.83324873e-01 -3.51340353e-01 1.21179307e+00
    9.74853337e-01 -1.25849962e-01 -7.31040239e-02 5.14899254e-01
    1.03391552e+00 1.52931774e+00 3.24952185e-01 -1.45543039e-01
    1.08620787e+00 1.36269081e+00 2.46298194e-01 -7.08461165e-01
    3.40938449e-01 2.51728892e-02 -5.39166629e-01 9.40648735e-01
    3.23930919e-01 8.56508911e-01 1.59586012e+00 1.57797027e+00
    1.18371987e+00 5.24421513e-01 5.51468968e-01 6.79885685e-01
    -3.88801575e-01 1.50197744e+00 1.57617044e+00 -2.70783067e-01
    -3.98818761e-01 1.11169076e+00 1.28550029e+00 1.60218656e-01
    1.08868933e+00 1.66235089e+00 4.47648823e-01 1.40902638e-01
    2.13024020e-02 9.64273810e-01 -3.58671993e-01 1.27576351e+00
    1.44906712e+00 -5.47169566e-01 1.58292258e+00 -3.28745097e-01
    1.07883167e+00 8.84980202e-01 -4.52273250e-01 2.30545342e-01
    1.52998328e+00 1.17578363e+00 -7.46496379e-01 2.22716868e-01
    8.73280525e-01 8.34051371e-01 1.65341735e-01 -1.80206776e-01
    1.58940101e+00 -7.10248888e-01 8.41698468e-01 -4.49982762e-01
    1.06672764e-01 -7.27182031e-02 4.74839211e-02 -3.98589730e-01
    3.23550105e-01 3.50529134e-01 1.28051662e+00 3.31726313e-01
    -7.46538460e-01 -6.73829615e-01 3.64828348e-01 3.83945465e-01
    -1.19581819e-02 -5.33379197e-01 7.28590429e-01 -1.68650270e-01
    1.15333533e+00 1.57197881e+00 -4.82832342e-01 -7.10948408e-01
    1.66033351e+00 1.10248351e+00 -5.26413620e-01 5.36338985e-01
    1.27362311e+00 2.26895392e-01 -2.20028937e-01 4.22617793e-01
    4.95949090e-01 6.23103678e-01 7.20306158e-01 -5.77379584e-01
    1.09627199e+00 5.92992187e-01 -3.19882780e-01 -3.77955437e-01
    1.47270072e+00 9.22833681e-01 7.26374030e-01 5.53358197e-02
    1.97711885e-01 1.12759817e+00 3.56592178e-01 -3.32964659e-01
    2.45486498e-01 1.21024203e+00 1.25919604e+00 9.12334263e-01
    -2.49290079e-01 9.13196802e-03 5.98028243e-01 1.21079135e+00
    8.53250921e-01 1.03249431e+00 1.18790364e+00 4.44494605e-01
    1.11679208e+00 1.52218783e+00 -6.80663109e-01 1.30343866e+00
    -1.27741516e-01 -5.26891172e-01 -5.17506063e-01 1.36959529e+00
    -1.02753639e-02 8.87723148e-01 -4.74578142e-03 2.95769453e-01
    1.72797465e+00 1.02361608e+00 3.32508862e-01 -5.17707467e-02
    7.18118548e-01 -9.82201695e-02 4.96474564e-01 1.37789285e+00
    1.41696763e+00 -4.99765098e-01 7.26221144e-01 -2.89153039e-01
    2.21089542e-01 1.40684211e+00 -2.49877900e-01 9.53434706e-02
    -6.22019768e-02 1.32327461e+00 -4.73922133e-01 4.35987651e-01
    -1.23234391e-01 2.72654057e-01 1.28146744e+00 3.10517907e-01
    9.27507520e-01 6.11370206e-02 -2.84675509e-01 -3.23007375e-01
    5.50864279e-01 8.16828072e-01 7.88047314e-02 7.86968708e-01
    -3.19901168e-01 1.51848173e+00 1.38393819e+00 -5.09886146e-01
    1.74561882e+00 1.15552640e+00 -3.54314327e-01 3.54028344e-02
    8.74477684e-01 1.23125720e+00 -7.06729591e-01 2.44468689e-01
    1.37734842e+00 1.59101284e+00 4.96480584e-01 1.61781907e+00
    -3.77216995e-01 -2.85262078e-01 8.09502006e-01 -8.99634957e-02
    -2.91921407e-01 1.75394976e+00 5.31218827e-01 4.30097789e-01
    1.57075834e+00 1.75396693e+00 1.72714853e+00 1.80147767e-01
    1.26037896e+00 4.47542667e-01 4.92619216e-01 6.02087915e-01
    8.32010806e-01 -6.52394652e-01 7.35087633e-01 -1.03790343e-01
    -3.44353348e-01 -7.04529285e-02 -4.39894319e-01 4.29300368e-01
    9.00295019e-01 9.91465330e-01 -5.19650757e-01 1.36994791e+00
    2.13387966e-01 -1.80505544e-01 7.72379041e-02 1.67461348e+00
    -5.05785942e-02 1.52380919e+00 -4.33300853e-01 2.95288384e-01
    6.17125869e-01 4.29966807e-01 1.60791147e+00 1.09009981e+00
    2.68505156e-01 -7.27729917e-01 7.63706625e-01 -1.70469284e-01
    3.96481693e-01 1.17600560e-02 -4.26340610e-01 6.38708949e-01
    1.46488690e+00 -2.01556593e-01 2.32392848e-01 -8.65210593e-02
    -1.94359839e-01 -4.51197535e-01 5.41791916e-01 -6.09947085e-01
    4.24618363e-01 1.25295973e+00 1.23004937e+00 -5.95703721e-02
    1.66080022e+00 1.09258914e+00 -3.83854866e-01 1.06568241e+00
    1.68386877e-01 1.53042984e+00 3.16464305e-01 1.48761570e+00
    1.54990447e+00 1.29823613e+00 3.59605908e-01 5.94822228e-01
    8.25992227e-01 -4.38220084e-01 1.39663756e+00 8.91415238e-01
    8.21537256e-01 6.18755698e-01 2.67081857e-01 7.74674952e-01
    6.00843728e-01 9.17701125e-01 4.73587275e-01 -7.35769808e-01
    7.15559125e-01 -6.45398498e-02 -5.18865168e-01 -2.50208944e-01
    5.62550485e-01 -1.67477965e-01 1.28322470e+00 2.95576692e-01
    -5.60188234e-01 8.74508440e-01 -6.70760870e-02 9.94030297e-01
    4.14897263e-01 1.18814158e+00 1.10417151e+00 6.83141470e-01
    -2.16897130e-01 1.40071738e+00 1.48279715e+00 8.28994811e-01
    2.72284210e-01 -6.99757218e-01 1.19164419e+00 1.82824790e-01
    -1.20152414e-01 -3.13592792e-01 1.21639538e+00 1.16048169e+00
    4.92794394e-01 4.20178831e-01 -2.69888669e-01 3.12517941e-01
    4.99565661e-01 -4.82771456e-01 -6.55634105e-01 1.31215167e+00
    9.91596937e-01 -4.07075197e-01 2.02363312e-01 1.36938787e+00
    7.00649142e-01 -3.81872386e-01 4.14742291e-01 6.70195937e-01
    1.40778995e+00 3.41372490e-01 6.08229101e-01 -5.91734290e-01
    1.15481091e+00 -6.85149431e-02 9.92268562e-01 7.06721365e-01
    -2.33625591e-01 1.69086361e+00 -5.30068874e-01 7.34938860e-01
    -2.59211928e-01 6.21795654e-02 2.92869568e-01 7.78269291e-01
    8.89041007e-01 -2.53833711e-01 8.90574634e-01 2.07602978e-04
    1.38031018e+00 1.62728763e+00 1.39630914e+00 9.41883326e-01
    9.57391322e-01 2.00900674e-01 1.32587099e+00 -4.65894997e-01
    1.91549361e-01 8.07410657e-01 4.69988644e-01 6.33757591e-01
    1.64924157e+00 6.85869455e-01 1.39591074e+00 1.37616324e+00
    1.50240815e+00 1.16221738e+00 -8.11147690e-02 -3.21301222e-02
    4.37824070e-01 -4.43739891e-02 6.16313934e-01 2.32437611e-01
    5.01837969e-01 3.89091551e-01 3.26546669e-01 8.64362061e-01
    8.14139426e-01 1.24537730e+00 1.52662933e+00 6.80191994e-01
    9.15049314e-02 1.82031810e-01 -5.37407696e-01 5.71703136e-01
    -2.01438129e-01 -5.96349537e-01 1.72631288e+00 4.90800083e-01
    2.82729268e-01 4.36342716e-01 4.58495557e-01 2.68361032e-01
    4.14010286e-01 2.18735874e-01 9.65717196e-01 6.10120177e-01
    1.04127383e+00 8.21491718e-01 1.30072236e-01 1.22247410e+00
    -2.94334561e-01 -6.64247990e-01 1.38549447e+00 6.26524091e-02
    9.26748276e-01 7.38159001e-01 -4.52414930e-01 1.48507273e+00
    4.63477314e-01 -5.26376963e-01 -4.33827639e-02 1.39019179e+00
    9.29461777e-01 1.63511980e+00 1.08557463e+00 1.17659855e+00
    7.54395127e-02 -6.66208148e-01 6.58837557e-02 1.07999039e+00
    3.86667311e-01 2.97307312e-01 -4.06825542e-01 -4.31750596e-01
    -2.73031414e-01 1.65185213e-01 4.39064503e-02 1.79076910e-01
    9.92088318e-01 8.96378160e-01 8.25227261e-01 1.70651484e+00
    8.98090005e-02 3.33534956e-01 1.23453343e+00 1.93686783e-01
    2.63114154e-01 5.04658043e-01 2.49012411e-01 -5.38489103e-01
    1.41323984e-01 1.02255285e+00 -3.07591289e-01 -3.98451805e-01
    7.56341934e-01 -9.40164328e-02 1.20493817e+00 4.60895538e-01
    -3.07090819e-01 -1.83257043e-01 8.63730073e-01 6.19706869e-01
    1.52157450e+00 -2.13832200e-01 1.35537589e+00 -6.16064072e-01
    1.23100591e+00 -4.30768311e-01 1.15366340e+00 3.85661244e-01
    1.42346501e+00 4.18555737e-02 -5.12811959e-01 9.30747867e-01
    9.99369562e-01 -4.49482083e-01 -4.69759762e-01 -2.73535937e-01
    -4.77649927e-01 -1.41878426e-01 1.27028596e+00 -4.61747706e-01
    1.26199508e+00 7.47048259e-02 1.30251515e+00 -3.12071264e-01
    2.99421608e-01 6.44334853e-01 1.29260719e-01 1.68099916e+00
    7.09134758e-01 -1.67629182e-01 1.18613136e+00 7.51817167e-01
    -2.78172195e-01 -5.35646558e-01 1.84332311e-01 6.07129574e-01
    7.47660697e-01 9.40691888e-01 -7.39458740e-01 -4.13442403e-01
    8.33812654e-01 9.40972984e-01 4.68552649e-01 -7.37259388e-01
    1.42705011e+00 9.70216393e-01 1.18702519e+00 3.80458415e-01
    -6.17818058e-01 1.00619316e+00 5.56756079e-01 -5.71626008e-01
    7.54661679e-01 1.57073152e+00 2.85637677e-01 -4.24089193e-01
    7.72554338e-01 7.02803433e-01 1.46023655e+00 1.42987204e+00
    1.32170558e+00 -4.71529126e-01 4.94735301e-01 4.42158580e-01
    3.95574689e-01 9.74980593e-02 7.37984538e-01 -1.56734705e-01
    1.43975854e+00 1.36363697e+00 -8.13892066e-01 -6.32596970e-01
    8.57445598e-01 9.84582722e-01 3.38493407e-01 -3.38931113e-01
    3.43323588e-01 9.41079497e-01 6.70021772e-03 3.84363532e-01
    1.17152345e+00 7.85105586e-01 6.01073146e-01 1.50243163e+00
    5.61809897e-01 -6.14258647e-02 9.21163559e-02 1.66284394e+00
    5.06303191e-01 1.35099196e+00 2.58752525e-01 2.85833299e-01
    -5.90679049e-01 1.07832277e+00 1.60904348e+00 1.01307333e+00
    -2.79350370e-01 1.30047965e+00 6.03247166e-01 1.30775595e+00
    -3.23320031e-02 -6.12338722e-01 -1.60279691e-01 1.62198544e+00
    4.45889235e-01 6.04778528e-03 1.46413124e+00 -5.90179443e-01
    1.29429603e+00 1.36211562e+00 -2.98797965e-01 2.55023479e-01
    6.97880864e-01 6.92828536e-01 1.53591275e+00 3.69557679e-01
    7.10655868e-01 -3.80178541e-01 6.25534773e-01 1.24377549e-01
    -2.85531908e-01 1.28271866e+00 1.17618918e+00 1.64316607e+00
    5.45834899e-01 -6.31970167e-02 9.29083228e-02 -3.67687941e-02
    2.61465907e-02 1.16977191e+00 -3.79792631e-01 -5.04796922e-01
    1.28822052e+00 1.06891286e+00 4.17505562e-01 1.17550087e+00
    1.36641371e+00 -1.25839472e-01 4.45704281e-01 6.70953155e-01
    7.84738660e-02 1.39695454e+00 7.16597319e-01 1.21971714e+00
    2.30642617e-01 1.37720561e+00 -6.05450809e-01 -1.42549336e-01
    1.55685377e+00 5.93804657e-01 7.63328254e-01 1.46760166e-01
    -9.79135633e-02 6.36953592e-01 7.11035728e-01 1.53576136e-01
    1.07398248e+00 -3.85579467e-02 1.02795351e+00 -1.33567035e-01
    1.56185889e+00 1.55425382e+00 -5.82388937e-01 -1.04940712e-01
    6.13851607e-01 -7.29032278e-01 -6.03123188e-01 1.43253744e-01
    2.66607761e-01 1.40110970e+00 8.09344530e-01 1.39904320e+00
    9.64744925e-01 -1.76275432e-01 1.60126758e+00 1.61299586e+00
    2.70839095e-01 -1.93843722e-01 1.63135862e+00 2.59872496e-01
    1.23810136e+00 -4.96371925e-01 -6.44311309e-02 -3.82335603e-01
    5.29417574e-01 6.80367589e-01 1.72946882e+00 1.72707617e-01
    4.26706612e-01 1.08227468e+00 1.70673132e-01 1.56431437e+00
    4.33645844e-02 -1.19669199e-01 -1.02309585e-01 1.23503780e+00
    1.53559864e+00 3.27270746e-01 9.04957592e-01 -1.12056494e-01
    -3.92788291e-01 -2.06047177e-01 -6.48721576e-01 1.55137730e+00
    1.52402341e-01 1.31863356e+00 7.99732924e-01 1.16042900e+00
    1.54196525e+00 6.95438027e-01 3.33988011e-01 7.84237206e-01
    -4.40746427e-01 1.59457111e+00 -3.74468505e-01 8.02657425e-01
    -6.78673863e-01 1.02276397e+00 6.00016475e-01 1.14093614e+00
    1.52459061e+00 1.64734602e+00 4.74728048e-01 1.48782015e+00
    1.49376249e+00 1.48020744e+00 3.79014552e-01 3.84403110e-01
    1.38302112e+00 -5.51018059e-01 9.59930062e-01 -4.97256875e-01
    6.51607931e-01 -2.31505483e-01 -2.18841434e-02 6.86264634e-02
    -2.33258009e-02 -8.55717063e-02 1.60017252e-01 1.10050702e+00
    6.77160025e-02 1.02608562e+00 2.45370388e-01 1.30504739e+00
    -5.66475928e-01 3.17245483e-01 1.06044304e+00 1.06550574e+00
    -2.25664675e-01 1.32815599e+00 -2.97252774e-01 7.28570521e-01
    1.52751088e+00 -6.09707236e-01 6.37731314e-01 1.59244740e+00
    1.41775084e+00 -6.53052330e-01 1.11330318e+00 1.40113199e+00
    1.23756862e+00 1.08746648e-01 -2.52172947e-01 -3.07115287e-01
    3.19391787e-01 1.33799338e+00 5.88623285e-01 1.25292277e+00
    1.48828924e+00 4.04422522e-01 4.18102264e-01 6.75492227e-01
    1.21139359e+00 1.65056825e-01 -2.69161463e-02 4.25874531e-01
    1.55714607e+00 1.29967332e-01 -7.32191443e-01 1.51975048e+00
    5.99048436e-01 9.30950642e-02 7.99964547e-01 -2.80523270e-01
    -5.87153196e-01 -6.21480703e-01 2.97195077e-01 7.19060063e-01
    7.70774722e-01 1.05438018e+00 -2.51219273e-01 -3.04316908e-01
    1.54715908e+00 1.70171022e+00 5.00952065e-01 5.04926264e-01
    1.59937203e-01 5.07420003e-01 -5.93667865e-01 1.16156340e+00
    9.28693891e-01 1.26363719e+00 -1.03512347e-01 5.26454031e-01
    -1.14640355e-01 5.81083179e-01 2.30863392e-01 6.88076079e-01
    4.01770175e-01 -6.62995398e-01 3.86040211e-02 1.40386534e+00
    1.49101198e+00 -9.19520259e-02 -5.37493229e-01 1.10167408e+00
    2.41602957e-01 4.24741089e-01 -6.12084150e-01 -1.56564474e-01
    4.56745446e-01 1.09894609e+00 -1.22223854e-01 -3.56239676e-01
    1.69387031e+00 4.24976349e-02 7.51286030e-01 4.10122335e-01
    -1.47592425e-01 1.21414793e+00 5.33599854e-01 1.19575512e+00
    -5.87207973e-01 -5.78902841e-01 5.45818388e-01 7.41310358e-01
    -1.77980006e-01 -1.99535668e-01 4.14035678e-01 5.03749013e-01
    1.55490446e+00 1.36380315e-01 1.22828114e+00 -1.57122612e-02
    1.33950758e+00 1.11854386e+00 7.35859036e-01 -2.07365930e-01
    8.54999244e-01 4.49910700e-01 3.98167431e-01 -1.21347308e-01
    1.54763579e+00 1.54355001e+00 2.13244379e-01 -5.75017452e-01
    1.70807052e+00 1.72992754e+00 5.54735839e-01 6.78375900e-01
    3.71384203e-01 1.40833235e+00 -1.17944121e-01 5.28806269e-01
    1.13919353e+00 4.83915746e-01 2.99453735e-02 5.84395230e-01
    1.60544825e+00 7.10971296e-01 -6.82295024e-01 1.10127687e+00
    5.89271605e-01 7.52302706e-01 1.04984021e+00 -5.82750618e-01
    1.64456272e+00 1.53756618e+00 -6.41002059e-02 -5.58805406e-01
    1.76765144e+00 7.50329137e-01 -6.01193309e-02 -3.29913974e-01
    1.24928284e+00 8.30691338e-01 1.76861942e-01 -1.36552334e-01
    1.69937086e+00 1.07649684e+00 5.82784235e-01 -4.02291954e-01
    4.27263379e-01 1.93780243e-01 -1.07329905e-01 9.67922986e-01
    -4.23515767e-01 -2.83358127e-01 1.66276753e-01 9.68467593e-01
    3.55956435e-01 -5.04950762e-01 4.08860803e-01 -2.60750532e-01
    1.14252758e+00 9.71202314e-01 -1.18033528e-01 -6.26219273e-01
    4.78193343e-01 3.45894039e-01 -1.89455032e-01 1.73508859e+00
    3.60581517e-01 3.90879333e-01 4.16469812e-01 6.28802299e-01
    1.39492714e+00 1.57270479e+00 7.09144235e-01 1.26472878e+00
    3.82861674e-01 1.67399991e+00 1.06189585e+00 -6.37342989e-01
    1.09659028e+00 9.93416905e-01 -4.63023990e-01 -3.50628227e-01
    1.43164802e+00 1.20792389e+00 -5.70438087e-01 4.92978752e-01
    1.47905898e+00 1.46127820e+00 1.37676644e+00 1.04510117e+00
    1.18845320e+00 6.44804537e-01 -1.83102965e-01 1.16294801e-01
    4.19504046e-01 1.39328432e+00 -3.01027924e-01 5.53659260e-01
    -1.82113826e-01 -8.39595795e-02 3.95184755e-03 -6.29348040e-01
    2.57662833e-01 -4.16586995e-02 1.37297106e+00 1.24026203e+00
    6.17733002e-02 -4.77642953e-01 -2.42939681e-01 1.49929166e-01
    1.63237643e+00 1.25165701e+00 1.28918672e+00 1.97350204e-01
    5.60286999e-01 1.22505546e+00 -6.99441016e-01 -6.79916143e-03
    -3.26594651e-01 -5.20360112e-01 -4.95588481e-01 1.58509660e+00
    1.65969563e+00 8.84848535e-01 4.11495149e-01 1.42711246e+00
    1.01380324e+00 4.01290059e-01 -6.76061511e-01 5.14190853e-01
    6.74236298e-01 1.45856643e+00 -5.14237642e-01 -5.42856693e-01
    2.16018975e-01 1.57954192e+00 1.14179468e+00 1.47411299e+00
    -3.71543169e-02 -2.32862502e-01 -2.39469677e-01 1.39265883e+00
    8.16658974e-01 5.93700230e-01 -5.59955835e-01 1.31947398e+00
    3.30794871e-01 1.52304721e+00 1.64723039e+00 -6.16932690e-01
    3.45228434e-01 1.13514400e+00 1.31779170e+00 1.20258057e+00
    1.48149145e+00 -6.66180193e-01 8.90663087e-01 1.51190138e+00
    1.53465676e+00 7.74999857e-01 1.43688393e+00 6.62319422e-01
    8.25982392e-01 1.26273942e+00 3.93638432e-01 1.47612524e+00
    -7.04821765e-01 -3.78781646e-01 3.17143857e-01 1.58370948e+00
    -2.63033509e-02 -3.86908948e-01 1.18088007e+00 4.51192677e-01
    6.29999697e-01 4.16436791e-02 -4.15040672e-01 6.04914308e-01
    5.33778429e-01 4.91641998e-01 1.54588223e+00 -3.73172462e-01
    1.49061465e+00 2.78402567e-02 -4.52494502e-01 9.99858916e-01
    1.98571622e-01 1.47680497e+00 7.19130993e-01 4.40571308e-01
    1.26542258e+00 4.64147985e-01 -4.66001511e-01 1.66692114e+00
    8.13713193e-01 -2.78113157e-01 9.78334010e-01 8.95268142e-01
    1.65867925e+00 1.07832742e+00 3.96519780e-01 1.48809624e+00
    1.22865355e+00 1.56747901e+00 -5.09882569e-01 1.15318823e+00
    7.41410136e-01 6.63469791e-01 1.28063560e+00 3.80792201e-01
    1.12976491e+00 2.30922759e-01 1.15421414e+00 8.26619506e-01
    1.29145706e+00 5.59954643e-01 1.36596227e+00 -5.16880751e-02
    8.00803721e-01 1.13895226e+00 -3.38919073e-01 1.26124930e+00
    1.12582266e-01 3.96137536e-01 1.13475347e+00 1.11223388e+00
    1.26145005e+00 9.42778707e-01 -4.06902999e-01 1.81961608e+00
    -5.10749698e-01 9.91475761e-01 -3.70839447e-01 1.65895212e+00
    5.96896887e-01 -2.39770591e-01 1.34861577e+00 -2.87644714e-01
    1.61540842e+00 -4.08997297e-01 -2.74098247e-01 9.07086611e-01
    -3.29932630e-01 1.37360859e+00 -5.61174393e-01 -5.38345575e-01
    3.90858471e-01 5.20044267e-01 9.91510510e-01 1.55025661e-01
    1.26424801e+00 6.16410851e-01 3.96596432e-01 2.28986442e-01
    -4.86318856e-01 8.51129055e-01 -5.47715127e-01 1.36309719e+00
    1.90120935e-03 7.81664789e-01 -4.65171069e-01 -2.18076855e-01
    4.55032110e-01 7.65110731e-01 1.13877118e-01 -5.98496139e-01
    -2.23989874e-01 1.48106158e-01 2.62204409e-02 1.39254951e+00
    -6.70053363e-02 -3.79111320e-01 8.24618459e-01 7.16035366e-02
    1.36330414e+00 -2.05986977e-01 1.34995615e+00 -5.14871776e-01
    -2.39501446e-01 -5.73359132e-02 9.15954530e-01 8.68454933e-01
    -6.94251955e-01 1.21622205e+00 -3.05950791e-01 1.51852024e+00
    1.65623617e+00 5.44761360e-01 4.68764424e-01 7.31396794e-01
    -1.86155438e-02 3.71097386e-01 -1.99125379e-01 1.52849340e+00
    -3.44336867e-01 1.60186577e+00 -1.29016042e-01 6.89805329e-01
    -5.50569475e-01 2.55364180e-02 6.50946975e-01 -4.73152250e-01
    1.57444382e+00 7.08027720e-01 1.06022930e+00 8.72797966e-01
    5.16203225e-01 -1.88552797e-01 1.65189755e+00 5.94481230e-01
    1.66018343e+00 1.26409125e+00 -6.69977486e-01 1.68268239e+00
    5.97301245e-01 -1.29788339e-01 7.16369152e-01 1.51693487e+00
    8.22967052e-01 1.11541581e+00 3.37939620e-01 -5.70993483e-01
    4.70625460e-01 -5.81586957e-01 2.75429845e-01 1.61378896e+00
    6.64638579e-01 -3.76153767e-01 7.42843151e-01 -6.82398319e-01
    4.82499659e-01 1.11299694e+00 2.98813820e-01 1.75790763e+00
    -1.83433115e-01 2.07983613e-01 -4.53749150e-01 -8.37391019e-02
    -3.86549234e-01 2.59870946e-01 6.66254222e-01 9.35911179e-01
    2.88355827e-01 3.79962981e-01 1.57631636e-01 -5.04348099e-01
    -2.95464396e-02 4.64333296e-02 -4.94396299e-01 -1.05898708e-01
    -1.94695920e-01 -3.84455740e-01 2.69669056e-01 -2.93595791e-02
    2.52966523e-01 1.43543053e+00 -3.50162476e-01 1.00512600e+00
    1.26003289e+00 -2.54236847e-01 8.75740409e-01 9.32181835e-01
    1.27696931e-01 -4.10942733e-01 8.41313243e-01 -5.79459488e-01
    5.25291026e-01 8.04946482e-01 1.00449824e+00 4.74457443e-01
    9.02245343e-01 -5.09853125e-01 1.23190045e+00 2.16082871e-01
    8.25846910e-01 -4.83618677e-01 1.05490327e+00 -4.46897745e-02
    4.40520644e-02 3.76981497e-02 -5.19403160e-01 -3.27223539e-03
    2.44864821e-01 5.56822360e-01 3.48120928e-01 1.44747365e+00
    -1.66166961e-01 -4.05718327e-01 -4.15255249e-01 1.15601969e+00
    9.96039391e-01 -2.26013362e-01 2.64295042e-01 1.83994412e-01
    8.96659970e-01 6.36087477e-01 1.73538768e+00 5.72687387e-01
    9.40540314e-01 6.33294046e-01 -2.61697412e-01 9.60618258e-02
    -2.03837395e-01 9.67635572e-01 4.05010343e-01 1.59139216e+00
    7.17474818e-02 3.34024727e-01 1.26592731e+00 6.59312963e-01
    5.99737167e-01 7.62811899e-01 1.31766200e+00 1.06102681e+00
    -1.97529256e-01 1.00410724e+00 -5.08333802e-01 -1.63354516e-01
    1.23463011e+00 -7.35404015e-01 3.47437441e-01 2.54402041e-01
    6.67916059e-01 -5.37567019e-01 -2.52504885e-01 7.71687210e-01
    2.29427040e-01 9.85731542e-01 1.40864491e-01 3.77714336e-01
    6.61868691e-01 1.63174021e+00 1.48503423e+00 3.98685336e-02
    1.03243041e+00 7.79499650e-01 -2.05863714e-01 -2.99842358e-02
    6.67599320e-01 1.66030073e+00 -8.28843713e-02 1.12988913e+00
    -3.56410772e-01 5.29851258e-01 1.07261634e+00 1.56223905e+00
    -4.22401309e-01 5.93008101e-01 4.89383101e-01 5.21714687e-01
    3.30103934e-01 5.49693823e-01 1.05046570e+00 6.38970971e-01
    1.59139693e+00 -6.69471443e-01 1.22288358e+00 -4.48665380e-01
    -4.39905286e-01 -4.57267642e-01 1.13782609e+00 -2.10507125e-01
    1.03820896e+00 -3.27594936e-01 -4.94246483e-01 -3.99082661e-01
    3.44151676e-01 -5.12922049e-01 5.15213847e-01 1.39731276e+00
    8.77963006e-01 5.33223152e-01 2.54411221e-01 1.36702156e+00
    2.71013260e-01 1.25633585e+00 1.32353091e+00 1.64544690e+00
    -8.79456997e-02 1.26743817e+00 1.13607442e+00 1.42019320e+00
    8.75559211e-01 1.00513315e+00 -2.35999197e-01 -5.92965961e-01
    5.20161152e-01 -1.26263320e-01 7.92466819e-01 -2.20760286e-01
    6.25447750e-01 1.36568546e-02 -5.08157492e-01 1.34710515e+00
    3.30863953e-01 -3.26738536e-01 1.41795385e+00 8.83491457e-01
    7.15544701e-01 7.53517509e-01 1.77317166e+00 -5.60326576e-01
    1.23031795e-01 9.17667568e-01 1.06623077e+00 -8.92883539e-03
    -4.97235417e-01 8.49112570e-01 1.05893314e-01 6.31919384e-01
    1.15012217e+00 1.38326192e+00 5.12617588e-01 8.83960307e-01
    1.12740231e+00 7.18730211e-01 -6.17533505e-01 1.45292401e-01
    1.34453356e-01 -1.02918923e-01 7.75513172e-01 1.14023995e+00
    -5.91900885e-01 -6.92161322e-02 2.28583992e-01 1.29289210e+00
    6.73370123e-01 -6.02608442e-01 1.61417365e-01 1.31224585e+00
    -1.40486002e-01 5.43624759e-01 -7.13890195e-02 2.27659166e-01
    -4.16940689e-01 1.06134224e+00 1.43077135e+00 1.21398032e-01
    -3.90486687e-01 1.50847793e+00 -1.41253889e-01 -1.94995999e-01
    -8.05714607e-01 3.45184684e-01 6.08898401e-01 5.90618253e-01
    -5.77817559e-01 6.16207302e-01 -3.07763517e-01 2.98447967e-01
    -9.80145931e-02 1.06770170e+00 6.41429722e-01 2.60607004e-01
    -5.17256558e-01 1.38439000e+00 1.47619486e+00 9.53695774e-02
    -6.41502440e-01 9.31304157e-01 8.83663356e-01 8.03110778e-01
    -3.76658052e-01 1.52858186e+00 1.21508729e+00 -2.43622303e-01
    8.66680980e-01 1.19665527e+00 5.33338785e-02 1.94689274e-01
    2.69106328e-01 -2.86331177e-01 -6.92882538e-02 -5.12677431e-02
    3.09492171e-01 6.40068710e-01 -2.56922215e-01 2.91152000e-01
    1.60579014e+00 6.23123109e-01 -7.09829569e-01 5.62416732e-01
    1.50263321e+00 7.32073128e-01 -4.75754768e-01 -3.19384992e-01
    1.00386453e+00 1.30072880e+00 -1.52390480e-01 -3.52924764e-01
    -2.29824126e-01 -5.39384902e-01 8.13783884e-01 3.83278728e-02
    8.26582551e-01 -1.02546453e-01 1.72496438e-01 8.25066864e-01
    -5.03912389e-01 5.04289329e-01 1.74444377e+00 -7.14279413e-02
    3.41539681e-01 1.87362766e+00 9.08771396e-01 -4.78700668e-01
    1.42507052e+00 1.34745538e-01 1.74014664e+00 1.15764296e+00
    8.96927416e-01 -2.97406614e-01 1.72611856e+00 -2.86894917e-01
    9.58997548e-01 -3.05767536e-01 -2.98643708e-02 -1.37001276e-03
    5.72875738e-02 7.23898053e-01 -4.16028440e-01 -4.26886588e-01
    1.60044003e+00 4.86871719e-01 6.70129120e-01 6.50764465e-01
    1.46526575e+00 -4.78179008e-01 9.95320737e-01 1.60906649e+00
    1.39700210e+00 -1.93774879e-01 1.24680877e+00 5.22885919e-02
    -8.97414684e-02 1.50258040e+00 -3.82405519e-02 1.17090821e+00
    1.47787309e+00 -1.11238420e-01 8.04256797e-02 1.28283906e+00
    9.20089424e-01 -6.15307689e-01 -1.26051188e-01 3.91003072e-01
    4.46707010e-02 1.19414508e+00 -3.59951854e-01 3.15821409e-01
    2.87609935e-01 1.38549554e+00 -6.63905203e-01 9.14487541e-01
    4.76544857e-01 2.76173294e-01 3.57313812e-01 -3.67889702e-01
    1.30361986e+00 -7.34522164e-01 1.40690875e+00 -4.86787289e-01
    1.12436068e+00 6.80077374e-01 7.94412136e-01 1.18526697e+00
    -4.87604886e-01 1.17248333e+00 -2.29327083e-01 -4.25463319e-02
    -4.90687490e-02 -7.80183971e-01 6.39324427e-01 1.23858953e+00
    1.04788041e+00 1.50315976e+00 1.09694004e-01 1.37068558e+00
    1.38677740e+00 1.59671545e+00 1.39482105e+00 1.46771717e+00
    -3.43458384e-01 1.48974252e+00 1.37000072e+00 2.39238620e-01
    1.67621875e+00 1.67145431e-01 6.74605608e-01 2.32134402e-01
    -2.17063561e-01 8.71533334e-01 2.97550201e-01 4.70817924e-01
    1.44585013e+00 -4.67315286e-01 1.46629941e+00 -1.23598754e-01
    -6.73563898e-01 1.24463677e+00 -2.92994201e-01 1.38353550e+00
    5.18662930e-02 -4.27610070e-01 -3.53663057e-01 1.42852306e-01
    1.22983170e+00 1.00816345e+00 3.20115268e-01 1.21607912e+00
    -5.02033234e-01 1.51470697e+00 -5.04252315e-01 -4.32145059e-01
    -3.13205719e-02 4.22829390e-02 -3.76650453e-01 4.87520337e-01
    9.63898301e-01 3.90658975e-01 1.18253756e+00 -3.64586651e-01
    -3.73817831e-01 2.41277039e-01 7.57101774e-01 2.12209344e-01
    -6.34301901e-02 -6.24979973e-01 3.73914361e-01 2.03324020e-01
    9.17352378e-01 -2.05169380e-01 -7.58326054e-01 2.59725511e-01
    -1.73657775e-01 2.44597793e-01 1.08910203e+00 -6.18377209e-01
    3.61526966e-01 -1.97137684e-01 3.61769915e-01 1.04719400e-03
    1.26285791e+00 8.16538692e-01 1.27161074e+00 -5.00553310e-01
    1.06414557e+00 -4.62076545e-01 2.02488899e-01 1.54020655e+00
    5.37886381e-01 1.51325893e+00 8.98011088e-01 -1.48251474e-01
    -5.05750239e-01 3.47076714e-01 -9.54323411e-02 1.12109923e+00
    6.11559033e-01 -5.57567716e-01 1.03639364e-02 1.79288268e-01
    1.08188224e+00 -2.05124795e-01 2.35568225e-01 8.68736327e-01
    2.95370042e-01 3.67894053e-01 2.33597994e-01 1.16329849e+00
    5.61584830e-02 9.09986258e-01 1.04910767e+00 3.68385434e-01
    -8.19123983e-02 9.24721122e-01 7.60110021e-02 7.59639621e-01
    1.70303559e+00 7.16330409e-02 1.07947183e+00 1.72752321e-01
    1.04179382e-01 8.78283024e-01 1.65289283e+00 5.02919912e-01
    -5.23415565e-01 4.70964968e-01 2.98916638e-01 1.00951207e+00
    7.56882846e-01 7.28321493e-01 1.80441618e+00 2.34150171e-01
    -6.05601370e-01 -2.61877775e-02 1.45959544e+00 -6.86047852e-01
    1.61693287e+00 1.26368356e+00 1.59814167e+00 1.62865949e+00
    -2.49609917e-01 -2.60297030e-01 9.75218952e-01 6.13476872e-01
    1.19774032e+00 2.58157432e-01 3.71252000e-01 1.04558277e+00
    9.28898990e-01 1.23125815e+00 8.25362682e-01 5.92991948e-01
    3.60647857e-01 9.44670320e-01 1.03508234e+00 -5.87360144e-01
    1.25519514e+00 -2.58621991e-01 3.10868442e-01 1.26222074e-01
    1.70815468e-01 2.00595558e-01 -4.20443386e-01 7.72430241e-01
    3.21116209e-01 1.39469814e+00 4.95708048e-01 1.34629178e+00
    7.82380223e-01 -3.77088755e-01 3.68889987e-01 2.94147789e-01
    -9.24801230e-02 -4.44154739e-02 -7.28749037e-02 -4.22652543e-01
    1.54657137e+00 1.18589461e+00 1.64485741e+00 1.02508330e+00
    -1.74897730e-01 1.66728044e+00 -4.97567654e-03 1.06835055e+00
    6.28613949e-01 6.99561775e-01 9.86145437e-01 2.27973104e-01
    -4.55862731e-01 1.59966564e+00 1.45526743e+00 -3.61683547e-01
    8.44851494e-01 -3.61913621e-01 1.25144243e-01 7.71006644e-01
    -6.38657451e-01 4.97483790e-01 -5.60832083e-01 3.02108109e-01
    7.68167078e-01 1.15044904e+00 -4.53292370e-01 1.17027783e+00
    -3.63798320e-01 4.05408800e-01 -2.52038419e-01 1.63677561e+00
    -5.94570994e-01 4.42145705e-01 1.43236840e+00 1.14714289e+00
    9.96501207e-01 1.31962132e+00 1.53610110e+00 -1.75864160e-01
    1.12977183e+00 1.70089245e-01 -4.73217368e-02 2.43260443e-01
    1.18133378e+00 5.71124911e-01 1.46378446e+00 -2.97117472e-01
    1.27581930e+00 -1.05441213e-02 -6.05878353e-01 -4.34924960e-02
    1.58810854e+00 1.36832857e+00 9.64184344e-01 1.24752343e+00
    -7.04608977e-01 1.15141141e+00 1.29171479e+00 9.47849631e-01
    -4.41181928e-01 1.75175905e+00 3.68404090e-01 -1.58089995e-01
    1.00940824e+00 -5.08442938e-01 -3.12327504e-01 1.49831343e+00
    -5.86866379e-01 -6.07377231e-01 -4.51487929e-01 1.65993643e+00
    1.58847702e+00 -5.10530472e-01 8.93656373e-01 1.27436841e+00
    9.06380773e-01 1.21994877e+00 -7.44122386e-01 -8.04798603e-02
    1.34417915e+00 3.84081244e-01 3.99226129e-01 3.10472488e-01
    -1.16267920e-01 2.17366338e-01 -3.23577732e-01 5.81629455e-01
    1.20740986e+00 -5.72561860e-01 1.65322447e+00 3.57887685e-01
    4.17030990e-01 -2.19491720e-01 1.43765211e-01 -6.32739067e-02
    7.00107694e-01 8.16279233e-01 -7.78752983e-01 1.16739154e+00
    -7.92258680e-01 9.87641096e-01 -1.93209231e-01 9.05601323e-01
    1.36217475e-02 6.40972793e-01 1.55770016e+00 1.28626156e+00
    8.06123614e-01 1.03764248e+00 1.39068961e+00 1.22122025e+00
    1.43736839e-01 -9.10012126e-02 -5.95220208e-01 1.60796165e+00
    5.73553503e-01 9.58733559e-02 3.76675010e-01 3.90172601e-01
    2.61158407e-01 1.52516031e+00 4.34186220e-01 5.80174208e-01
    1.10555518e+00 1.56723797e+00 -4.68953222e-01 -5.06588936e-01
    6.50047839e-01 -5.91189325e-01 9.08852875e-01 7.86380172e-02
    1.16635263e-01 1.71476686e+00 6.95072889e-01 3.99968028e-01
    3.69801760e-01 -1.14608049e-01 1.72278953e+00 7.96625555e-01
    -1.96362346e-01 1.11599469e+00 1.09550166e+00 5.50860047e-01
    1.66771197e+00 -5.88253915e-01 2.75256813e-01 1.72766435e+00
    7.24630952e-01 1.22197795e+00 6.79489613e-01 9.69302297e-01
    7.91072726e-01 -2.06810087e-01 -1.55859053e-01 -4.65134323e-01
    8.63121927e-01 -9.01650190e-02 2.22938061e-01 1.54917264e+00
    -1.96988404e-01 1.48813009e-01 1.53142095e+00 -4.25709456e-01
    -2.80747086e-01 6.47291660e-01 9.78963673e-01 6.12242222e-02
    5.82586288e-01 1.71909785e+00 -4.98186588e-01 1.40732300e+00
    1.11641836e+00 -1.10983849e-01 1.63506603e+00 -1.49015456e-01
    -2.53943980e-01 8.24307680e-01 6.02122545e-02 6.46738708e-01
    1.25789833e+00 5.75680792e-01 -4.11360264e-02 2.71194994e-01
    8.40729296e-01 -5.04230618e-01 6.69328332e-01 1.77440834e+00
    -4.02590662e-01 1.25460076e+00 9.55564439e-01 -3.66149575e-01
    1.85284448e+00 4.89931703e-02 5.29111683e-01 2.86903799e-01
    2.37525940e-01 3.92511904e-01 -3.59793335e-01 1.48733950e+00
    1.07676828e+00 1.63362312e+00 -1.45684421e-01 9.21777308e-01
    1.24832773e+00 1.67974806e+00 4.13751483e-01 -6.29067361e-01
    1.22767961e+00 -3.58782917e-01 -4.65526938e-01 5.20472109e-01
    -9.92183685e-02 2.45633006e-01 4.40321624e-01 1.36567616e+00
    1.49420202e-01 9.44456220e-01 5.58474779e-01 1.71279991e+00
    -1.41365498e-01 -2.85191178e-01 4.23806548e-01 1.63756311e+00
    1.21622980e+00 -2.18018532e-01 7.95626640e-01 6.26127243e-01
    -6.48169458e-01 -1.44945443e-01 7.52967775e-01 1.04370975e+00
    -7.11060762e-01 -1.40655696e-01 -2.66537011e-01 -4.75816607e-01
    1.72082496e+00 4.17035520e-01 7.13220060e-01 1.54785430e+00
    -1.24922693e-01 7.22386003e-01 5.00686049e-01 1.42660916e-01
    6.92871749e-01 1.31185699e+00 1.22246957e+00 9.24138546e-01
    -5.26189804e-04 1.07787967e+00 8.45388710e-01 -2.97720343e-01
    1.12628007e+00 1.01014018e+00 8.09338212e-01 1.60698855e+00
    8.23953271e-01 -5.36211848e-01 3.33877206e-01 5.30589938e-01
    1.12712264e-01 1.08079672e+00 5.23928165e-01 3.50513518e-01
    1.30283499e+00 1.04295325e+00 3.94668818e-01 6.07885480e-01
    1.23218250e+00 1.32018983e+00 4.81719732e-01 2.29323924e-01
    8.14194083e-01 -3.51694852e-01 3.14562857e-01 -1.27849579e-01
    1.44607615e+00 9.18697119e-01 -1.14921391e-01 7.18715131e-01
    1.77166760e+00 6.20001197e-01 -3.72612834e-01 1.50223804e+00
    1.40442598e+00 1.10867369e+00 8.67037058e-01 -9.56923366e-02
    7.39821196e-02 8.31753969e-01 1.54008341e+00 -7.00513005e-01
    4.88267362e-01 1.41214967e-01 -5.17688632e-01 -1.03056312e-01
    7.45490909e-01 1.40026116e+00 -1.07483268e-01 -3.17461759e-01
    7.60983407e-01 -1.41178846e-01 8.51268888e-01 2.36968935e-01
    1.70920300e+00 2.38780677e-01 -1.85280889e-01 9.40965056e-01
    -2.36716688e-01 1.46297681e+00 6.44244552e-02 2.59864330e-01
    4.23905134e-01 1.33472800e+00 1.29938078e+00 -5.66094637e-01
    7.41223693e-01 9.47401524e-02 1.17679095e+00 1.74642098e+00
    2.81192601e-01 1.02729011e+00 -5.83127797e-01 1.38826907e-01
    1.56394577e+00 9.74075198e-02 1.16476583e+00 -3.88599664e-01
    1.38001680e+00 7.18273759e-01 -4.86120522e-01 1.26783013e+00
    1.05565107e+00 9.86932576e-01 3.33534777e-01 1.52368927e+00
    -7.11945891e-01 6.55781507e-01 -4.08313870e-02 -4.28022206e-01
    -1.85412049e-01 1.64975572e+00 3.75068128e-01 6.45218909e-01
    1.24265909e+00 3.31661463e-01 1.08441794e+00 1.18177032e+00
    -7.69662261e-02 6.34347558e-01 1.23079419e+00 8.18804502e-01
    -8.37898254e-03 7.17952728e-01 1.67920196e+00 -4.40081239e-01
    3.22003365e-01 1.63287199e+00 -2.62193263e-01 -6.26915395e-01
    4.22032833e-01 5.34259260e-01 6.03940785e-01 1.59918022e+00
    -1.50474042e-01 8.53797317e-01 3.98010910e-01 4.22048509e-01
    5.68464220e-01 5.92088580e-01 6.83948636e-01 1.92741406e+00
    1.35925245e+00 -3.42801750e-01 1.70364571e+00 6.38663113e-01
    1.32600808e+00 -9.00716186e-02 9.83314693e-01 -2.29077429e-01
    1.24635565e+00 9.76254404e-01 6.44700766e-01 -3.14541996e-01
    1.00157404e+00 1.61818039e+00 8.87422085e-01 -2.87910521e-01
    4.43862796e-01 2.55946696e-01 1.27785909e+00 -3.32636148e-01
    4.95034456e-03 1.39213920e-01 1.72421837e+00 8.36051404e-01
    1.06034589e+00 -3.32478583e-01 1.81875765e+00 -4.19417322e-01
    1.31184638e-01 1.06256008e-01 8.15793812e-01 6.39293373e-01
    -1.41725838e-01 6.31996155e-01 6.50145173e-01 8.82463932e-01
    -2.10284472e-01 3.61676514e-01 8.54921043e-01 1.54012179e+00
    2.50532508e-01 4.13000584e-01 4.92958128e-01 6.61256015e-01
    1.31094885e+00 1.64695215e+00 7.72970200e-01 1.11250186e+00
    2.85631597e-01 3.63292396e-01 2.71549582e-01 -5.13917208e-03
    6.74338937e-02 7.74739861e-01 -3.21192622e-01 -3.83346319e-01
    -2.04260558e-01 3.63645315e-01 1.76894403e+00 1.83536184e+00
    1.28607249e+00 -4.82229948e-01 8.22536945e-02 4.37827647e-01
    -8.18155110e-02 8.86147559e-01 -3.16230655e-02 -2.73317635e-01
    3.45058084e-01 1.24597645e+00 -1.25569522e-01 2.15898037e-01
    5.88000774e-01 -3.58568966e-01 1.45909595e+00 7.87957370e-01
    4.37268853e-01 -2.94302702e-02 7.06672072e-02 -2.60479957e-01
    6.56554997e-01 1.14648914e+00 2.00113952e-01 7.23163724e-01
    1.37330174e+00 1.74928904e-02 1.41854262e+00 5.05621850e-01
    -3.21899086e-01 1.20194244e+00 5.11271775e-01 7.42083669e-01
    4.69617248e-02 -4.43865657e-01 1.52112937e+00 1.37455487e+00
    -3.47005039e-01 9.62863982e-01 1.40298963e+00 3.33717048e-01
    -2.30495393e-01 1.02541602e+00 -4.88828301e-01 7.09291697e-02
    1.16164732e+00 -4.70885038e-01 1.33722615e+00 8.05168986e-01
    -5.09317279e-01 1.53800118e+00 1.06372190e+00 9.37017083e-01
    1.01717710e-02 9.85942543e-01 1.70187378e+00 1.18629980e+00
    9.97940242e-01 1.65141296e+00 8.64164531e-01 7.12490082e-01
    1.27713740e-01 1.43916607e-02 4.19539869e-01 1.68327212e+00
    5.86490035e-02 5.83752632e-01 1.59772468e+00 1.27652574e+00
    -1.01418853e-01 5.90614259e-01 1.39851677e+00 1.03694773e+00
    -6.78549886e-01 8.31070125e-01 -5.47308326e-02 7.20825315e-01
    1.65900517e+00 1.15511131e+00 -5.46447635e-02 -4.82424170e-01
    1.08535552e+00 1.37630916e+00 8.57248902e-02 -1.33795917e-01
    5.98163009e-02 1.78273511e+00 -2.27600902e-01 -1.98856622e-01
    1.69503427e+00 -3.03933293e-01 4.86328006e-02 -2.84480929e-01
    4.38564420e-01 3.38256717e-01 6.79984212e-01 -1.95539802e-01
    1.67189860e+00 1.14790440e+00 1.69102907e-01 1.56309223e+00
    1.83573663e-01 1.04993248e+00 3.35246325e-02 1.48090935e+00
    -4.51367706e-01 2.72399068e-01 3.76925528e-01 8.68602216e-01
    1.13176465e+00 1.13965368e+00 1.39424026e+00 1.57395005e+00
    1.16327119e+00 1.53858364e-01 9.68464136e-01 1.67304933e+00
    1.31806684e+00 -2.57533938e-01 1.86107016e+00 7.40071595e-01
    1.40362632e+00 1.54867601e+00 1.29539752e+00 1.52383995e+00
    1.65922928e+00 1.19530451e+00 -3.55160534e-01 -2.48875350e-01
    1.21683311e+00 1.74783850e+00 -3.14038336e-01 1.35042500e+00
    1.51118779e+00 1.48446655e+00 -1.02031469e-01 1.50980759e+00
    4.27620590e-01 2.11305678e-01 4.95635271e-02 2.53114104e-01
    -6.36159182e-02 -2.60429382e-01 1.36189294e+00 -2.45722741e-01
    -8.88540745e-02 8.83391142e-01 1.50425410e+00 6.06201291e-02
    -3.68983299e-01 1.61869979e+00 1.28751278e+00 2.28765666e-01
    5.24561703e-01 9.68313992e-01 1.16948199e+00 -4.91272628e-01
    2.25953519e-01 1.71420479e+00 5.76199651e-01 8.28127265e-02
    1.63624859e+00 -3.76328826e-02 1.83755136e+00 1.09676671e+00
    -5.29442072e-01 1.77054572e+00 7.93958247e-01 1.26586497e-01
    1.62773705e+00 6.53070152e-01 8.36433411e-01 1.06222296e+00
    -4.13102955e-01 9.43199813e-01 3.53139520e-01 6.55038178e-01
    4.56275344e-01 1.68223536e+00 -6.78356826e-01 1.61270595e+00
    1.51561046e+00 7.44117558e-01 -8.95711780e-02 -2.71583498e-01
    1.77262151e+00 3.68661463e-01 1.03973889e+00 -1.46309704e-01
    1.42966914e+00 1.95777571e+00 -4.61340159e-01 9.64982748e-01
    1.68311167e+00 -2.67563730e-01 2.00851738e-01 -3.38865906e-01
    3.43353748e-02 2.40662277e-01 1.82696915e+00 6.79889560e-01
    1.03261137e+00 9.84199941e-01 -1.17894709e-01 4.70505238e-01
    1.85158467e+00 1.80285084e+00 5.93947291e-01 1.65263295e+00
    -2.47106716e-01 1.03401589e+00 1.78674340e+00 1.72406328e+00
    4.38478589e-01 8.33459437e-01 1.18916202e+00 -9.91028249e-02
    1.24512970e+00 -3.82290035e-01 1.09130502e+00 1.86753130e+00
    -3.47981960e-01 -1.75932512e-01 -1.26708344e-01 6.79186463e-01
    1.55948758e+00 2.75694102e-01 1.07109571e+00 1.36102855e-01
    1.78140545e+00 -2.17713386e-01 1.65875995e+00 8.27118874e-01
    -2.86880046e-01 8.20101380e-01 9.43882167e-01 4.60434258e-01
    1.22573400e+00 3.75008047e-01 1.13385725e+00 9.15607929e-01
    -3.60785306e-01 1.39682972e+00 3.62971008e-01 1.62268782e+00
    -1.71836048e-01 1.44146621e+00 1.54315507e+00 1.60720444e+00
    1.62065172e+00 5.85660934e-02 3.93930078e-03 2.89518237e-01
    1.29843962e+00 2.90779471e-02 7.06651211e-01 -3.01484704e-01
    -1.85984597e-01 5.08893728e-01 1.96637082e+00 1.92643070e+00
    1.09597945e+00 -3.86427224e-01 3.71107578e-01 1.44806111e+00
    1.83932281e+00 1.56648850e+00 7.05704749e-01 -1.66447803e-01
    1.07160604e+00 -2.33282000e-01 5.89147091e-01 1.73133755e+00
    1.05536819e-01 4.07513380e-02 2.01710916e+00 1.30453598e+00
    5.63432932e-01 3.41329575e-02 1.77116036e+00 -3.43680471e-01
    5.08498847e-01 1.80637527e+00 9.78505075e-01 -4.39496696e-01
    7.22536445e-03 1.39533162e+00 6.28663659e-01 5.27309477e-02
    1.03822279e+00 1.77714229e+00 8.29895198e-01 1.56642199e+00
    1.22679043e+00 8.95270228e-01 -2.01730266e-01 3.24043244e-01
    5.19060254e-01 -1.53887779e-01 1.48445642e+00 1.10847509e+00
    4.88977134e-02 -2.27096796e-01 1.78489327e-01 3.88838768e-01
    1.81350052e+00 1.04264736e-01 1.02850640e+00 1.16096735e+00
    1.74483097e+00 -4.48524952e-04 4.67005491e-01 8.13975394e-01
    1.17481208e+00 4.18956161e-01 1.65625441e+00 2.06758916e-01
    1.60094547e+00 1.67622888e+00 1.03161681e+00 5.72977245e-01
    1.84979057e+00 1.58885384e+00 1.25056529e+00 9.27769363e-01
    1.25395775e+00 -1.62348688e-01 3.70950997e-01 1.52226925e-01
    1.68830776e+00 1.81742084e+00 1.41325068e+00 6.21630013e-01
    8.55010867e-01 3.32727253e-01 1.61360240e+00 6.32785797e-01
    2.79787332e-01 1.12118751e-01 8.45246434e-01 9.94639993e-01
    7.35332727e-01 7.04051733e-01 4.12118405e-01 -1.99991897e-01
    1.11772680e+00 1.15568507e+00 1.42013085e+00 9.76916850e-02
    1.99343324e+00 1.74400544e+00 7.05978572e-02 2.00790823e-01
    1.53772175e+00 -4.44805622e-01 1.68780065e+00 7.86576867e-01
    1.34699345e-02 7.83814073e-01 2.01962805e+00 2.05064863e-01
    1.01515305e+00 3.14915717e-01 -4.06020761e-01 1.50954437e+00
    -3.09185773e-01 1.86973953e+00 -4.50900495e-01 9.68053997e-01
    1.93539679e-01 1.61339760e+00 1.31941462e+00 1.18698025e+00
    2.49084055e-01 1.19713891e+00 -4.68154997e-01 1.08123434e+00
    1.30680251e+00 3.98932219e-01 -4.89814699e-01 3.55062008e-01
    2.82269537e-01 1.11732626e+00 9.61330652e-01 9.93382335e-02
    -3.14729333e-01 1.24310386e+00 2.38538802e-01 -2.79147863e-01
    3.94754618e-01 -4.31139201e-01 1.90584135e+00 1.11145949e+00
    1.55816245e+00 1.57424951e+00 1.95268452e-01 1.94274139e+00
    1.96199000e+00 1.14828420e+00 1.79134333e+00 -4.25415754e-01
    9.08012033e-01 9.25454319e-01 1.56485379e+00 1.05757737e+00
    -1.55107051e-01 1.29604173e+00 1.15446663e+00 7.32792377e-01
    1.97759569e-01 3.99830222e-01 1.88706160e+00 1.24414754e+00
    -2.54251361e-01 -1.94448709e-01 -9.80989933e-02 6.63692594e-01
    7.80993938e-01 9.64140177e-01 1.72648704e+00 2.73909390e-01
    1.60143340e+00 -1.83795616e-01 -3.16901207e-01 -4.28075105e-01
    1.50385427e+00 3.74227762e-01 1.48692226e+00 1.86694860e+00
    -3.32723528e-01 3.22110951e-02 1.51438308e+00 1.96884799e+00
    2.10038483e-01 -4.42507714e-01 1.70429707e+00 1.32167053e+00
    -3.16600174e-01 1.95316792e+00 3.01378280e-01 1.07453084e+00
    1.11940694e+00 6.12614453e-02 1.35929132e+00 1.11065376e+00</data></my_img>
<your_img type_id="opencv-matrix">
  <rows>128</rows>
  <cols>256</cols>
  <dt>f</dt>
  <data>
    1.89829743e+00 1.78463757e+00 1.34963894e+00 1.33756912e+00
    9.03579354e-01 1.56806712e-03 8.49838972e-01 1.91772807e+00
    1.59365249e+00 1.67051089e+00 1.73378253e+00 1.12987781e+00
    1.73770416e+00 -1.07434550e-02 2.30719790e-01 1.17501950e+00
    1.07510579e+00 1.77949953e+00 1.95111573e-01 5.67135870e-01
    -6.42446876e-02 8.38838696e-01 9.07121122e-01 -1.68718696e-01
    -2.90401429e-01 1.23808599e+00 9.72487271e-01 1.37941480e+00
    5.62544465e-01 6.54950082e-01 2.07830802e-01 1.23852944e+00
    6.35991156e-01 -1.87733263e-01 1.48372486e-01 -2.52840787e-01
    1.35051048e+00 1.07625401e+00 -4.78046574e-02 3.17067683e-01
    4.94238824e-01 4.02510852e-01 5.52779585e-02 9.47947264e-01
    9.23909605e-01 4.12589699e-01 2.36657277e-01 1.63491750e+00
    -2.16904148e-01 1.85769647e-01 1.57883990e+00 1.39141881e+00
    1.00673459e-01 1.21583426e+00 3.06121469e-01 8.40805471e-01
    -2.84932345e-01 1.74073243e+00 -3.60058606e-01 5.53022206e-01
    1.22951829e+00 1.42735884e-01 1.51361489e+00 1.36272633e+00
    5.79714298e-01 2.55737472e-02 1.11006296e+00 1.95215094e+00
    3.67927611e-01 7.98577368e-01 5.42435110e-01 1.33160579e+00
    8.10992599e-01 5.16905129e-01 3.96881551e-01 1.75135684e+00
    1.40833330e+00 1.83022499e-01 4.83201921e-01 8.64121377e-01
    2.75111020e-01 2.19222382e-01 7.18014300e-01 3.48255098e-01
    1.60860911e-01 -1.60522565e-01 -1.80177882e-01 1.37921011e+00
    1.71285784e+00 7.84876645e-01 1.25239658e+00 4.10101786e-02
    3.74072045e-01 1.76417553e+00 -2.86906827e-02 5.68689406e-01
    1.86926210e+00 1.20061433e+00 -1.38505861e-01 1.86242688e+00
    2.78048754e-01 5.42739145e-02 5.99952579e-01 1.32166946e+00
    1.76195478e+00 1.74895000e+00 1.55902874e+00 1.52675465e-01
    1.48262322e+00 4.81067985e-01 1.20615423e+00 1.79019332e+00
    9.77439463e-01 8.38346899e-01 1.87909758e+00 7.75672674e-01
    9.55887496e-01 1.78541780e-01 2.05727637e-01 -3.47265124e-01
    1.17316198e+00 -9.19291377e-02 7.32567191e-01 1.45471871e-01
    2.90271968e-01 4.13294375e-01 1.76664305e+00 1.11258852e+00
    4.67444211e-01 1.81671572e+00 7.90180385e-01 -1.31939411e-01
    1.23101532e+00 4.27559674e-01 1.33343995e-01 -2.91929245e-01
    -1.51054710e-01 2.69658864e-01 1.62307191e+00 1.05140662e+00
    4.10493538e-02 1.76501143e+00 -2.36804530e-01 1.50543916e+00
    -3.78468990e-01 5.23835838e-01 1.16940069e+00 1.28533077e+00
    -3.80732685e-01 1.52588773e+00 1.57862115e+00 -1.90345645e-01
    -2.97775008e-02 8.04153159e-02 -1.23267688e-01 1.29612958e+00
    1.50900984e+00 9.00744081e-01 1.04524946e+00 1.87359297e+00
    1.03981042e+00 6.70273602e-02 1.23609030e+00 1.07556510e+00
    4.01151419e-01 1.79026628e+00 1.35478830e+00 1.59620476e+00
    2.20491663e-02 -1.44401610e-01 -1.73622364e-04 1.81292605e+00
    1.63731396e+00 1.86577797e+00 2.20469669e-01 -3.51502329e-01
    9.41341996e-01 1.23410523e+00 7.61789322e-01 5.79655111e-01
    1.62530041e+00 1.19724166e+00 -3.38236280e-02 6.13629997e-01
    5.12174964e-02 1.20092360e-02 1.20514929e+00 4.64310408e-01
    5.19231379e-01 1.74665916e+00 5.26472926e-01 9.28805530e-01
    -4.43733573e-01 -4.14270498e-02 1.00689864e+00 1.85903716e+00
    1.74218297e+00 1.52956104e+00 -2.98264772e-01 4.48112279e-01
    1.69388700e+00 4.60664809e-01 1.38122284e+00 5.29235125e-01
    1.61526525e+00 1.08598590e+00 -2.47867763e-01 -2.55033702e-01
    1.25694823e+00 1.81699359e+00 5.44739246e-01 6.16504364e-02
    1.50697148e+00 5.45805454e-01 7.31863141e-01 9.61147070e-01
    -1.84205696e-01 -2.43176728e-01 1.49042213e+00 8.74458611e-01
    1.13355327e+00 -3.32556397e-01 -3.50559860e-01 3.23117495e-01
    2.85361081e-01 -4.22793478e-01 9.71854687e-01 1.62520516e+00
    8.00144911e-01 1.83581144e-01 1.53818440e+00 -1.64254740e-01
    2.00359416e+00 -2.47960493e-01 7.51681864e-01 1.30550361e+00
    1.26987243e+00 1.06930208e+00 6.35650516e-01 7.38999903e-01
    1.69630259e-01 3.69094849e-01 1.08968222e+00 1.32211363e+00
    1.15848267e+00 1.08979797e+00 6.67393208e-01 1.47775614e+00
    1.51841617e+00 -1.33154690e-01 7.84931660e-01 -7.23027112e-03
    6.22822404e-01 5.27186692e-01 2.62383282e-01 2.21643662e+00
    2.51463234e-01 -4.07356977e-01 1.03074753e+00 -5.45883067e-02
    -2.55067527e-01 1.23621547e+00 9.51900423e-01 -4.64694738e-01
    1.51220894e+00 -5.94607890e-01 -5.16646028e-01 -7.85657167e-02
    3.83428186e-01 1.91428947e+00 8.34406912e-01 -8.89590979e-02
    3.91695112e-01 8.73066038e-02 1.00515497e+00 1.39012074e+00
    1.54525459e+00 6.01098418e-01 1.83886170e+00 8.29577684e-01
    1.06732100e-01 1.55959630e+00 1.70390582e+00 6.78728163e-01
    -3.90812963e-01 8.17452252e-01 7.05371141e-01 1.76673126e+00
    7.08524585e-02 1.71870363e+00 1.05738020e+00 1.24345231e+00
    1.64587840e-01 1.78162622e+00 1.42904535e-01 1.70193577e+00
    1.20073426e+00 1.73146224e+00 1.07014632e+00 9.39756408e-02
    -2.12745786e-01 2.71796614e-01 7.76146054e-01 7.25219011e-01
    7.60669827e-01 3.48764174e-02 1.02007687e+00 8.00920367e-01
    -5.14016569e-01 7.93960750e-01 -1.83757678e-01 1.39986587e+00
    3.75462651e-01 -2.83983618e-01 1.75845528e+00 -6.23750389e-01
    6.08815312e-01 9.84588206e-01 1.27063501e+00 5.55489883e-02
    7.45741665e-01 2.77440827e-02 -5.20328693e-02 2.30690569e-01
    4.53400016e-01 -4.48900729e-01 1.82907438e+00 1.75276136e+00
    -9.19115171e-02 -3.22597414e-01 1.32348970e-01 1.14674938e+00
    5.42561971e-02 4.34977934e-02 6.42510533e-01 1.51997912e+00
    7.56933331e-01 1.35759497e+00 5.92770875e-01 1.82381654e+00
    -2.86243588e-01 9.53235686e-01 2.82823503e-01 9.79728937e-01
    6.43294930e-01 -5.72052062e-01 1.18914151e+00 1.52954042e+00
    1.62098050e-01 2.89313614e-01 8.78503442e-01 -2.43968740e-01
    -8.37482661e-02 1.01619399e+00 7.68144190e-01 6.96229458e-01
    -1.73657596e-01 1.44843906e-01 6.08786680e-02 1.59514344e+00
    1.55440807e+00 9.30244267e-01 -1.65791109e-01 1.01218832e+00
    -2.23995373e-01 -1.52131110e-01 7.11356997e-01 7.94594467e-01
    8.32537532e-01 1.36899203e-01 -1.22708492e-01 8.20023000e-01
    1.70077503e+00 3.98913711e-01 1.01724136e+00 1.51108634e+00
    3.68848443e-01 8.62220168e-01 5.49480736e-01 6.15969360e-01
    1.72459471e+00 1.13602269e+00 9.38791335e-01 1.78401983e+00
    -3.28167558e-01 8.82760942e-01 9.25199866e-01 3.16867530e-01
    -2.14876428e-01 -2.19402090e-02 1.84527779e+00 -1.22022897e-01
    6.02971673e-01 7.46077061e-01 -1.58219621e-01 1.68094599e+00
    1.12059093e+00 -6.43228889e-01 2.41533574e-02 1.53509080e-01
    1.47670817e+00 2.06792951e-01 7.25361168e-01 7.63444841e-01
    1.30600512e+00 1.26442122e+00 -3.35476220e-01 -7.69540519e-02
    1.68254578e+00 1.55723000e+00 -3.28516930e-01 -2.11453483e-01
    4.84241575e-01 5.32035291e-01 9.52718318e-01 4.19702157e-02
    2.24842981e-01 -5.40612340e-01 1.77437508e+00 -4.06870306e-01
    3.25781524e-01 6.78639352e-01 1.53516459e+00 2.86060423e-01
    9.79955137e-01 9.37017381e-01 3.30372036e-01 -1.50586084e-01
    1.14829683e+00 1.52108753e+00 9.81696606e-01 1.88417542e+00
    6.81048274e-01 -1.37763262e-01 -3.45436990e-01 1.20257473e+00
    7.07936645e-01 -3.58238578e-01 -3.62305790e-01 1.53498697e+00
    3.36329222e-01 1.51466537e+00 -1.21514730e-01 -4.57320571e-01
    1.07702482e+00 1.51027751e+00 1.30132198e+00 9.61157978e-01
    1.60210574e+00 1.76047111e+00 7.34128237e-01 -4.61806953e-01
    1.76306820e+00 2.52526402e-01 4.63256240e-01 -5.78064382e-01
    1.14598560e+00 -1.73174143e-01 2.10144967e-01 -6.71171397e-02
    -2.47239247e-01 1.53301346e+00 5.44985235e-01 5.06696165e-01
    -8.94645005e-02 -7.00398162e-02 1.69136178e+00 1.09688115e+00
    9.01528418e-01 2.28768289e-01 5.60550332e-01 6.00319877e-02
    1.65382731e+00 1.34753060e+00 7.17145562e-01 6.98506594e-01
    1.43266344e+00 7.85799682e-01 1.33657146e+00 1.18701553e+00
    1.44113100e+00 7.16171145e-01 9.86503005e-01 -3.88604641e-01
    1.05917007e-01 9.67176855e-01 2.16749176e-01 -4.02682424e-01
    4.08095270e-01 1.66238654e+00 1.06276238e+00 -5.19137442e-01
    1.02598619e+00 6.93755448e-01 1.39931059e+00 3.84184927e-01
    3.63467157e-01 -4.13442820e-01 -2.59548664e-01 1.44064653e+00
    5.37250638e-01 4.60413367e-01 1.48168898e+00 -3.60758424e-01
    1.46848357e+00 1.34559584e+00 1.04037428e+00 -4.28951234e-02
    1.95691854e-01 1.20998740e+00 6.58726335e-01 1.63536775e+00
    -3.98105830e-02 1.20593858e+00 -3.44076991e-01 8.48125577e-01
    1.46068084e+00 1.45759630e+00 1.71491072e-01 1.02978957e+00
    1.33190477e+00 -3.89936082e-02 4.45620567e-01 -1.71965882e-02
    4.06217158e-01 1.34712696e-01 -2.32401311e-01 -3.81928027e-01
    1.57819963e+00 6.05929494e-01 1.57204092e+00 1.17380464e+00
    -7.14702189e-01 2.46035099e-01 -2.10148916e-01 -4.90168929e-01
    8.20980787e-01 1.29749465e+00 1.76026702e-01 -6.24555498e-02
    -1.92769825e-01 1.74390972e+00 -3.41218889e-01 -3.61443281e-01
    5.29282331e-01 -8.81781429e-02 3.73038024e-01 -6.61204532e-02
    8.42036664e-01 -6.61990821e-01 1.06821418e+00 7.91142583e-01
    -2.09944993e-01 -2.37177640e-01 -6.14471808e-02 1.75403738e+00
    -1.61713734e-01 -4.87814307e-01 9.18771446e-01 -2.31412038e-01
    -5.17230272e-01 8.90485466e-01 1.09998453e+00 1.59826660e+00
    -2.48457640e-01 6.18817866e-01 -2.59479489e-02 -2.62962312e-01
    4.01273519e-01 1.27076232e+00 1.59788859e+00 -3.73153597e-01
    1.52617538e+00 4.04759467e-01 5.84669709e-01 9.10183907e-01
    3.89109738e-02 -4.71030354e-01 1.02184549e-01 -3.23764592e-01
    1.14281130e+00 -1.41660467e-01 6.38005674e-01 -2.12680444e-01
    1.24151433e+00 1.81012678e+00 1.54859617e-01 1.68376756e+00
    6.73986197e-01 7.57581219e-02 4.16286796e-01 -6.23644471e-01
    1.58978140e+00 2.99898893e-01 3.66640836e-02 2.18380302e-01
    -7.00361192e-01 1.15459681e+00 1.62694180e+00 1.57762444e+00
    1.38486123e+00 -3.88390571e-01 4.33548898e-01 5.09655708e-03
    1.52251387e+00 -1.69467509e-01 4.61188674e-01 -3.56127709e-01
    1.81444287e-01 1.39201212e+00 1.65726399e+00 -5.23289919e-01
    9.28150892e-01 1.18036956e-01 1.12224066e+00 1.27227175e+00
    3.99428546e-01 1.61416566e+00 -1.69978797e-01 -4.79411721e-01
    2.59342253e-01 7.33084202e-01 9.98290718e-01 1.56545024e-02
    1.27029777e+00 1.40855348e+00 -1.31605461e-01 1.36844397e+00
    -4.70469266e-01 8.74808073e-01 5.16814888e-01 1.63085926e+00
    1.14654827e+00 2.40009576e-01 2.93336689e-01 1.42216074e+00
    6.83434531e-02 2.32504569e-02 -1.20665859e-02 -1.98656753e-01
    1.42309248e+00 1.69471240e+00 8.46998632e-01 -2.48735875e-01
    1.11265552e+00 8.80398393e-01 1.14360070e+00 -3.97441775e-01
    -4.34040636e-01 1.70379624e-01 1.03458130e+00 4.10541333e-02
    8.85054350e-01 1.54187787e+00 9.95255470e-01 1.70112395e+00
    -2.94451267e-01 -4.37428206e-02 3.40475172e-01 6.24485493e-01
    1.47952831e+00 1.35697401e+00 -3.78925979e-01 6.34594977e-01
    8.30648601e-01 6.41403124e-02 5.62065721e-01 5.27880788e-01
    6.04499876e-01 -6.04348183e-01 -2.69503802e-01 3.61423731e-01
    3.84076089e-01 -1.69485137e-01 1.02237666e+00 -4.21470702e-01
    9.21706021e-01 1.55374849e+00 7.33645439e-01 -5.07934570e-01
    5.05589485e-01 6.51122630e-01 1.51785243e+00 1.93412229e-01
    1.47349894e+00 6.44466817e-01 7.21356869e-01 -5.86899221e-01
    -2.56445259e-01 -2.99477339e-01 -4.98597883e-03 5.75200282e-02
    4.62986946e-01 -2.19075710e-01 8.74263421e-03 1.82041490e+00
    9.19012010e-01 -5.13831615e-01 -4.89576280e-01 -9.82264504e-02
    8.32477093e-01 -6.37260437e-01 8.63237157e-02 5.18471777e-01
    4.83264327e-01 6.48938775e-01 2.29787380e-01 -1.46124318e-01
    7.14630365e-01 8.12869295e-02 1.05887210e+00 1.24571407e+00
    -1.83410585e-01 -4.96006221e-01 4.43634152e-01 1.35413885e+00
    -3.47209442e-03 1.75033915e+00 -8.94304588e-02 8.51641595e-01
    2.54886806e-01 1.38384593e+00 1.15483773e+00 1.43005192e-01
    6.58847913e-02 -2.32747644e-01 -4.62547988e-01 2.10298494e-01
    4.03017640e-01 1.54388320e+00 8.72963071e-01 1.11651099e+00
    -8.35533679e-01 5.55867732e-01 4.35952097e-01 9.32186902e-01
    1.44436026e+00 1.12101924e+00 -1.38678536e-01 1.63190675e+00
    1.75746405e+00 5.58603168e-01 -5.92743635e-01 1.06791496e+00
    1.41827989e+00 1.43637812e+00 -8.12781334e-01 2.94114143e-01
    2.57557988e-01 1.66662204e+00 -1.11814484e-01 1.07410443e+00
    1.23998117e+00 5.89813292e-01 7.93921769e-01 1.12105417e+00
    -5.07454515e-01 1.67046845e-01 8.08342874e-01 1.31965911e+00
    -2.17725813e-01 1.11120641e+00 8.85780573e-01 1.37466192e-01
    -3.23056191e-01 6.94370627e-01 7.13749170e-01 2.45177984e+00
    1.58046663e+00 -4.10768598e-01 -4.65332061e-01 6.53972030e-01
    6.09659076e-01 1.27313688e-01 -4.75448698e-01 1.05740571e+00
    9.17294979e-01 1.33486056e+00 5.83865404e-01 9.21182334e-01
    -6.58931196e-01 3.01407397e-01 5.45690954e-01 1.35987949e+00
    3.50486428e-01 3.19520772e-01 8.18787277e-01 1.32976425e+00
    1.36268890e+00 1.45314646e+00 1.28592789e+00 -3.72452706e-01
    2.21757457e-01 -7.94918239e-02 9.81116593e-01 4.76705730e-02
    9.47518766e-01 1.04091489e+00 9.91105378e-01 4.10083532e-01
    1.25851583e+00 -1.58853009e-01 1.48370862e-01 6.74471200e-01
    1.66302466e+00 3.46077532e-01 8.84392336e-02 1.43350315e+00
    -4.72970575e-01 5.65479882e-02 1.70225549e+00 -2.20539123e-01
    1.42172801e+00 1.87877715e-01 1.69271782e-01 -4.01010454e-01
    2.98523992e-01 3.10745865e-01 7.12896466e-01 -1.50392935e-01
    1.35204887e+00 1.44337189e+00 1.33379042e+00 1.40644741e+00
    1.55513716e+00 -1.23478420e-01 -1.01811722e-01 1.21534812e+00
    1.16247642e+00 3.27155501e-01 2.00459808e-01 6.85096860e-01
    -4.99833941e-01 1.84190416e+00 2.34221637e-01 6.58006132e-01
    1.33295760e-01 -1.35330781e-01 1.42480350e+00 6.64498687e-01
    6.98072314e-01 -2.21155673e-01 9.05119181e-02 -5.05156577e-01
    -2.11529493e-01 9.19158876e-01 2.17131242e-01 1.54731214e+00
    1.95525214e-01 1.28269172e+00 1.50927401e+00 1.03120454e-01
    1.26088572e+00 1.20954061e+00 1.43002021e+00 9.44817305e-01
    4.38534021e-01 -5.61688960e-01 7.46656537e-01 5.76696098e-01
    1.58580005e-01 9.13973868e-01 3.30255002e-01 1.60134077e+00
    4.14536893e-01 -4.75216880e-02 -6.63805068e-01 1.75412819e-01
    1.44878364e+00 -6.05396889e-02 7.30807364e-01 4.87204850e-01
    1.41985667e+00 -4.93102908e-01 -4.36874509e-01 1.61877453e+00
    8.74185741e-01 1.93768784e-01 1.94093496e-01 4.86145765e-01
    7.33462691e-01 7.91059554e-01 -6.79682016e-01 1.00302291e+00
    -5.09539247e-01 1.01882480e-01 1.64099562e+00 2.02182412e-01
    1.22679973e+00 5.56812763e-01 1.10385740e+00 1.52855551e+00
    1.11214399e+00 1.09286368e+00 -1.25184059e-02 5.76296866e-01
    -1.10184066e-01 2.09568128e-01 9.41286802e-01 7.94109821e-01
    5.10325320e-02 3.60656500e-01 -3.78427625e-01 -1.69604450e-01
    1.72934282e+00 1.64074540e+00 1.49226558e+00 1.12534928e+00
    1.10953462e+00 4.90679175e-01 6.21844590e-01 4.03054178e-01
    1.25373745e+00 1.69746876e+00 -6.20026112e-01 -1.28612950e-01
    2.93140765e-03 -2.21224636e-01 8.91591370e-01 1.69067955e+00
    -5.72881281e-01 3.20074856e-01 1.68193173e+00 8.27921033e-01
    9.41733792e-02 1.46170807e+00 1.56021559e+00 6.23942792e-01
    3.78712863e-01 -5.54600596e-01 1.73626995e+00 9.52367067e-01
    1.28448927e+00 1.05699539e+00 5.81971649e-03 7.54777789e-01
    1.05295444e+00 4.03339565e-01 4.34062332e-01 -3.29440892e-01
    6.56971037e-01 7.22849965e-01 2.86531419e-01 4.53932941e-01
    -2.94046134e-01 1.24559820e+00 2.02746671e-02 1.16964650e+00
    -1.26523405e-01 1.38893592e+00 1.38507411e-01 1.42672682e+00
    2.77318090e-01 -2.76076585e-01 -4.55620736e-01 1.67863607e+00
    1.13501382e+00 1.70945907e+00 -5.92480898e-01 5.10767281e-01
    9.15287137e-01 5.97204745e-01 8.80590975e-01 -2.68989414e-01
    -5.48042357e-01 2.47498140e-01 5.06486893e-01 1.47198892e+00
    -3.59153003e-02 1.70042503e+00 1.60685349e+00 -7.77728334e-02
    -1.64496914e-01 9.84741867e-01 6.24502242e-01 2.59276509e-01
    -4.71017629e-01 1.33087325e+00 1.55573666e+00 -4.03067678e-01
    1.35708892e+00 5.25332317e-02 1.01680100e+00 1.52445376e+00
    1.53983295e+00 1.03828609e+00 7.42586792e-01 1.36035168e+00
    1.13258982e+00 -3.32493097e-01 6.88505411e-01 3.43839109e-01
    3.24346840e-01 5.94780385e-01 8.92321169e-01 1.68745494e+00
    -5.31288266e-01 5.90304315e-01 1.61507022e+00 1.01579845e-01
    1.05510330e+00 1.25433576e+00 9.57988262e-01 1.18375766e+00
    6.17910884e-02 8.24362397e-01 1.05457735e+00 1.34728956e+00
    3.66778299e-02 -3.58725071e-01 7.96858817e-02 -4.94999200e-01
    -3.19826245e-01 1.83585644e-01 1.34270442e+00 1.36886537e+00
    3.15667063e-01 4.17690665e-01 9.14333284e-01 8.04570436e-01
    -5.64030230e-01 -1.28117263e-01 -1.26321271e-01 1.66719258e+00
    -3.12731951e-01 1.63443184e+00 7.25411057e-01 7.94829786e-01
    3.67682725e-01 4.92562264e-01 -3.66061449e-01 4.85443503e-01
    1.13739657e+00 -1.99464440e-01 4.66495007e-01 1.30769348e+00
    9.53567386e-01 1.66529381e+00 5.52304089e-01 1.59540802e-01
    -5.60734570e-01 8.28045964e-01 2.62477279e-01 -7.66464137e-03
    9.19038177e-01 1.15196776e+00 -4.18766141e-01 7.69331038e-01
    -1.53628394e-01 1.18599617e+00 7.29623511e-02 -6.67723596e-01
    -1.05330825e-01 4.78142649e-01 -5.05344152e-01 9.51212466e-01
    1.24761832e+00 1.68543899e+00 1.37523901e+00 1.42795399e-01
    -2.01923653e-01 -4.54391390e-01 7.03870475e-01 1.53486156e+00
    1.16360974e+00 4.72873658e-01 5.02802730e-01 9.29504156e-01
    3.28340381e-01 1.69089055e+00 9.94016945e-01 -1.78802367e-02
    1.35244989e+00 1.22647917e+00 -5.56148171e-01 1.06767190e+00
    -2.82804459e-01 5.26864886e-01 -3.75295699e-01 -2.55612671e-01
    -4.33517426e-01 -6.22185804e-02 1.20811474e+00 -3.40923488e-01
    -6.63441181e-01 1.72067356e+00 1.91431478e-01 6.78760827e-01
    2.46576935e-01 5.96124709e-01 -3.22390273e-02 1.66955757e+00
    1.31593275e+00 -4.29614335e-01 3.67639720e-01 -4.45343733e-01
    -4.03646588e-01 9.51744616e-01 6.95668280e-01 1.39941907e+00
    1.10091126e+00 -4.24131364e-01 -1.81928501e-01 1.01804078e+00
    1.13861156e+00 4.84843731e-01 1.19993353e+00 7.51318693e-01
    2.87961960e-01 2.09194180e-02 -7.59190798e-01 7.23486423e-01
    5.83674014e-01 -2.99661249e-01 4.11128074e-01 1.20454359e+00
    -3.85210305e-01 1.49462235e+00 1.37010306e-01 1.01452672e+00
    -5.53934455e-01 1.14293385e+00 1.43362916e+00 5.82337379e-01
    9.22659814e-01 1.38800168e+00 8.61348450e-01 1.48820221e+00
    -5.48324108e-01 1.64323711e+00 1.32318485e+00 6.94861263e-02
    3.05475116e-01 1.34407127e+00 1.34733653e+00 -1.86047450e-01
    1.02342463e+00 5.95240630e-02 -2.00707257e-01 -5.59398197e-02
    9.06215429e-01 -4.98556107e-01 1.21570086e+00 3.77602696e-01
    9.10352767e-01 -2.00670972e-01 -4.30720687e-01 1.41172159e+00
    -7.29841232e-01 2.42413983e-01 -3.30859870e-01 3.67575616e-01
    -6.70120955e-01 1.70848846e+00 2.38151684e-01 -6.55645967e-01
    3.87551785e-01 9.81699169e-01 9.18909967e-01 2.64814526e-01
    1.74664664e+00 -1.79907009e-01 1.12898067e-01 3.55437189e-01
    3.25671136e-01 -7.16453552e-01 -4.28476602e-01 1.19022262e+00
    8.42671990e-01 6.82550490e-01 -3.08847595e-02 -5.38120091e-01
    7.32147694e-01 -4.62888330e-01 -6.22310042e-01 1.36162150e+00
    -6.06646001e-01 -5.88613689e-01 -2.41038874e-01 1.67404175e+00
    3.02494675e-01 2.51949906e-01 8.58667374e-01 -1.11426681e-01
    9.22025800e-01 -9.86959860e-02 1.53960764e+00 1.34096742e-01
    -3.20397913e-02 5.85786164e-01 4.34501953e-02 1.32577634e+00
    1.48139298e-01 8.06095183e-01 7.84254074e-01 -1.82870820e-01
    1.58783579e+00 9.60447013e-01 -2.91706115e-01 4.52099025e-01
    9.90872145e-01 1.13929427e+00 1.02867913e+00 2.94695169e-01
    2.43183419e-01 -5.11899412e-01 6.01533592e-01 5.80989718e-01
    6.95035338e-01 1.66010177e+00 9.55748737e-01 1.52449727e+00
    1.71709567e-01 9.67925191e-01 -6.73616171e-01 7.47464240e-01
    4.46210653e-01 -4.36194450e-01 1.56142497e+00 1.04229832e+00
    -2.03868136e-01 1.40407729e+00 -2.31944948e-01 1.41786265e+00
    -3.86380255e-01 9.08060551e-01 -6.63141131e-01 1.56106234e+00
    7.38842934e-02 9.04648840e-01 5.18125296e-01 3.66929233e-01
    1.66582787e+00 -7.94310331e-01 -1.38418972e-01 1.04162145e+00
    1.19744158e+00 7.78732896e-02 -3.33797447e-02 1.27957857e+00
    -4.01693672e-01 1.17945468e+00 -3.51545662e-01 6.53545141e-01
    1.55821443e+00 7.30390549e-01 5.15510917e-01 -4.39941972e-01
    -4.40406591e-01 2.78920829e-02 1.45164883e+00 -3.07745546e-01
    8.62174332e-01 -1.73341259e-01 -6.01040907e-02 -3.84764187e-02
    7.89414570e-02 1.64308369e+00 -3.28591555e-01 3.67372811e-01
    1.45478058e+00 9.79072303e-02 6.05941117e-01 -6.50963128e-01
    -2.12933660e-01 6.43903792e-01 5.17135918e-01 1.04441941e+00
    -5.76119244e-01 -4.18671489e-01 1.37060368e+00 6.65598929e-01
    -1.91032127e-01 -5.16328990e-01 3.36399794e-01 1.33209848e+00
    1.53704917e+00 1.56027937e+00 -4.02726322e-01 2.30551386e+00
    1.73753643e+00 1.72509634e+00 1.67746231e-01 4.68224138e-01
    1.78044629e+00 1.91731334e-01 5.87693870e-01 1.15714741e+00
    -4.75073829e-02 1.43969309e+00 1.83013901e-02 -1.73097864e-01
    3.87253910e-01 1.39203727e+00 6.05344057e-01 -7.39425182e-01
    -4.22462255e-01 3.41015369e-01 1.05900753e+00 1.14328337e+00
    1.05591297e+00 1.20729017e+00 -5.68180144e-01 1.14803159e+00
    9.07077551e-01 -1.37974650e-01 1.40489113e+00 -4.07041281e-01
    3.27627659e-01 1.46524739e+00 1.61255252e+00 -4.40363251e-02
    2.21480474e-01 -5.27097620e-02 -3.94288182e-01 1.16314697e+00
    8.48398626e-01 1.45851207e+00 -2.50635594e-01 -7.01150835e-01
    9.10500705e-01 -2.95795828e-01 9.99104440e-01 1.10200822e+00
    3.88604671e-01 -3.72821353e-02 7.72836149e-01 2.79608160e-01
    1.07349062e+00 -5.42970747e-02 -8.21279734e-02 6.54430641e-03
    6.00921094e-01 1.42555404e+00 9.14480388e-01 -6.51200771e-01
    -2.98746377e-01 1.67329323e+00 -1.62104651e-01 1.63130653e+00
    -4.57041651e-01 -2.09876671e-01 3.57978940e-01 2.33999178e-01
    2.82623082e-01 5.00271738e-01 1.21211052e+00 6.35064840e-01
    8.16137075e-01 1.08073437e+00 8.78909528e-01 4.98942703e-01
    -3.07422221e-01 3.33923437e-02 1.13724279e+00 1.39233327e+00
    1.66321278e-01 -2.28868857e-01 7.15628684e-01 1.15126181e+00
    7.18268514e-01 1.28021955e+00 -6.21383786e-01 3.00568610e-01
    3.70948642e-01 5.86831808e-01 5.26314437e-01 1.37702680e+00
    1.35315132e+00 -5.35677969e-01 8.37355912e-01 1.44072974e+00
    1.41084576e+00 1.10083044e+00 -5.43013275e-01 -3.54386151e-01
    -5.92502832e-01 9.51875031e-01 9.92600441e-01 -6.82407767e-02
    3.16771805e-01 -2.59051859e-01 1.56578034e-01 -3.76841754e-01
    5.89735389e-01 8.41319025e-01 1.38296902e-01 -7.10238695e-01
    1.63344312e+00 1.46615577e+00 1.11200702e+00 6.13898516e-01
    1.43626547e+00 -5.21008134e-01 5.11760354e-01 6.73744857e-01
    5.89622378e-01 7.41518378e-01 4.69605550e-02 -9.87570509e-02
    -6.56739771e-01 1.53842986e+00 -6.55093551e-01 6.32894099e-01
    1.52871418e+00 -4.08189565e-01 3.91268581e-01 1.04028709e-01
    1.34839630e+00 3.00650895e-01 3.40469927e-02 -9.43571106e-02
    1.25743008e+00 1.21113205e+00 -2.90282965e-01 3.64000261e-01
    9.62483943e-01 -7.20971823e-01 -4.77305278e-02 -5.06231785e-01
    -5.64651132e-01 5.61380625e-01 1.41300142e+00 7.38884270e-01
    -5.78620017e-01 -3.40786546e-01 5.65394998e-01 1.20097280e+00
    -5.40695786e-01 1.16864479e+00 -3.49123865e-01 4.10998501e-02
    1.32667112e+00 9.65184391e-01 1.66714799e+00 -7.86796212e-02
    9.71480012e-02 -3.86049032e-01 1.21495187e+00 6.96422309e-02
    8.23958576e-01 9.00250614e-01 -1.94924325e-01 7.54488468e-01
    1.33890355e+00 -7.95935214e-01 4.69609290e-01 1.16032374e+00
    -7.26884305e-01 -4.50080484e-01 1.49264574e+00 1.26425719e+00
    -8.85116905e-02 -3.92656982e-01 1.47967994e-01 9.37604368e-01
    8.07025433e-01 -1.48402497e-01 3.39079559e-01 5.09139776e-01
    -6.66931411e-03 1.73353040e+00 4.82702971e-01 3.53594154e-01
    -8.56979042e-02 2.70791829e-01 -3.37889999e-01 1.34147704e+00
    4.48431551e-01 1.01584160e+00 -3.95186931e-01 -2.30289802e-01
    1.66780376e+00 7.67849028e-01 -4.40594345e-01 1.30438650e+00
    4.81441349e-01 -1.14754111e-01 4.96286571e-01 9.75953639e-02
    1.39335680e+00 6.72469318e-01 -1.18152071e-02 4.04577494e-01
    -7.14842081e-01 6.36537850e-01 1.00828898e+00 2.02085730e-03
    7.49342144e-01 9.82792616e-01 2.46537358e-01 1.40870357e+00
    -4.20573473e-01 2.70082891e-01 5.80747575e-02 1.45538330e+00
    4.56298560e-01 -3.95871520e-01 8.57607722e-01 1.35981798e+00
    1.16975534e+00 1.33534694e+00 -2.62484908e-01 4.42562938e-01
    4.25019145e-01 1.06854105e+00 -4.49579090e-01 -2.27535218e-02
    1.93955868e-01 7.76122212e-01 -3.86586607e-01 1.29421151e+00
    -6.61260605e-01 8.40950668e-01 5.51275671e-01 -1.39269456e-01
    -6.02630675e-01 1.40341949e+00 2.85657048e-02 6.45051777e-01
    3.48252833e-01 -1.26656651e-01 1.60644114e+00 1.63581622e+00
    -1.27986167e-02 1.14183724e+00 1.96999162e-01 -4.70938087e-01
    2.53778875e-01 -5.04434109e-01 6.84999645e-01 1.04008770e+00
    6.98923707e-01 -5.42836607e-01 1.57360327e+00 1.46688426e+00
    4.51745778e-01 -4.99880224e-01 5.69582105e-01 -4.30443078e-01
    5.80612719e-01 6.57655001e-01 1.23063421e+00 -2.04944208e-01
    -3.28241378e-01 1.09693623e+00 1.20861381e-01 5.92122734e-01
    -1.15593545e-01 5.39071798e-01 1.27213693e+00 1.29134917e+00
    1.07635915e+00 1.43635368e+00 9.85866487e-01 1.24125764e-01
    1.47126460e+00 4.93723899e-01 -6.01614177e-01 7.18214452e-01
    -6.31820738e-01 1.04389095e+00 1.19467652e+00 8.36345434e-01
    6.68610394e-01 3.72532085e-02 2.03259140e-01 -6.89846992e-01
    -4.37421352e-01 1.03163712e-01 6.70827329e-01 4.26534377e-02
    4.77700353e-01 1.44047356e+00 6.01102412e-01 4.79052991e-01
    3.35951447e-02 -1.88084766e-01 2.59996146e-01 -1.96727291e-01
    1.39839411e+00 4.38584208e-01 5.84654152e-01 2.21515417e-01
    6.29499480e-02 1.55200624e+00 -5.32307737e-02 -5.47725677e-01
    7.98204660e-01 2.12313771e-01 5.52520812e-01 5.35056591e-01
    1.60538173e+00 1.65547609e+00 -7.12117910e-01 -2.87775040e-01
    1.06212103e+00 6.57615185e-01 8.14494193e-01 1.13436556e+00
    4.46211338e-01 -5.28517365e-01 9.71584022e-01 2.61651009e-01
    1.73170924e-01 2.00998008e-01 9.98621523e-01 1.40100777e+00
    -1.21096388e-01 4.75140400e-02 -6.13939404e-01 -3.75126481e-01
    4.71669316e-01 7.86246479e-01 -1.50033250e-01 3.36967677e-01
    1.42909813e+00 -3.10154349e-01 1.37995958e+00 -1.32608458e-01
    1.46455753e+00 1.41996607e-01 -4.77708906e-01 1.59144318e+00
    -4.59727049e-01 7.37498462e-01 -3.95634979e-01 1.41646266e+00
    1.41678858e+00 4.00482297e-01 1.65036440e+00 1.66612017e+00
    2.90909290e-01 7.44224131e-01 5.99578977e-01 -3.32130313e-01
    7.04697311e-01 1.46542966e+00 5.66243410e-01 -5.23263276e-01
    -1.51929885e-01 -5.03900051e-01 1.13265955e+00 2.33669475e-01
    1.17578399e+00 8.08003426e-01 -8.73722315e-01 1.43796885e+00
    1.48555183e+00 1.27447069e+00 -3.45402032e-01 1.28449953e+00
    1.35171700e+00 4.59125429e-01 7.14604437e-01 5.60273767e-01
    8.16170037e-01 1.04995251e+00 1.53366220e+00 9.22138929e-01
    -3.87478620e-01 3.37425107e-03 1.18732548e+00 1.18569052e+00
    -4.68733698e-01 -1.44274846e-01 8.54766250e-01 7.50217617e-01
    6.89886212e-01 -4.28761005e-01 -3.10737431e-01 -5.19968450e-01
    1.34039652e+00 1.40940166e+00 1.25294507e+00 5.40812373e-01
    1.72671056e+00 1.41175711e+00 9.01345313e-01 1.16185498e+00
    1.31685424e+00 6.82116270e-01 7.56984830e-01 8.86871159e-01
    1.59769630e+00 6.14045262e-01 1.46457100e+00 1.19737148e+00
    -2.27465525e-01 1.75448883e+00 -3.42551619e-01 -5.36874890e-01
    1.51235247e+00 -2.43867427e-01 1.68333280e+00 6.66458625e-03
    -7.24133626e-02 -5.68663180e-01 -8.08289200e-02 8.70840907e-01
    1.03812695e+00 1.42649722e+00 1.25488174e+00 9.07501817e-01
    4.49691676e-02 1.32926035e+00 1.00185597e+00 6.03568964e-02
    -1.66198820e-01 1.57588005e-01 1.54978740e+00 3.22414279e-01
    4.52926487e-01 1.58531070e+00 -1.66954324e-01 6.73216224e-01
    -4.83809292e-01 -2.66456366e-01 9.52844918e-01 1.58078238e-01
    8.07042778e-01 1.39276981e-01 5.22626162e-01 8.79912376e-01
    3.42251062e-02 2.71000683e-01 3.20373535e-01 1.11698246e+00
    2.13608310e-01 8.39661002e-01 1.41766441e+00 3.39826941e-01
    1.60894489e+00 7.62969375e-01 6.31371439e-01 -3.11254829e-01
    7.79709399e-01 1.72576332e+00 -4.99854773e-01 1.75161764e-01
    6.87354803e-01 1.03011274e+00 1.46179438e+00 1.77831620e-01
    -3.76691744e-02 6.20104313e-01 3.93523835e-02 5.49278185e-02
    1.14963746e+00 -2.96381980e-01 5.02279758e-01 -5.63357770e-01
    -2.72617459e-01 -2.98525274e-01 -5.75983644e-01 -4.46572691e-01
    9.01743531e-01 -4.19208080e-01 -7.33480453e-01 7.08302617e-01
    8.75720441e-01 9.56468403e-01 -2.55627465e-02 -3.01332980e-01
    1.01836726e-01 -1.50399923e-01 1.47383881e+00 2.51328617e-01
    1.11324275e+00 7.52044499e-01 4.76787657e-01 -4.70263094e-01
    6.98541179e-02 4.87231106e-01 1.54205513e+00 2.36420527e-01
    1.20934951e+00 7.50184715e-01 9.41388786e-01 1.35275573e-01
    1.12242925e+00 -2.73079813e-01 6.19671881e-01 1.24965645e-01
    3.79637778e-01 1.39481366e+00 9.72682774e-01 1.44534075e+00
    -5.57801723e-01 1.01776266e+00 -1.54153541e-01 1.33209959e-01
    1.56571782e+00 1.80458999e+00 5.55075467e-01 -4.27088499e-01
    -3.66200477e-01 1.82812527e-01 5.96759975e-01 -4.60066199e-01
    -7.84328878e-02 -5.02217531e-01 7.25556910e-02 1.42568660e+00
    -2.33558565e-01 7.53637195e-01 -7.58550167e-01 -1.27222715e-02
    1.42834604e+00 -7.98424363e-01 5.34741580e-01 -3.03865939e-01
    -4.70588580e-02 1.35823095e+00 -3.26110572e-02 1.44242632e+00
    9.29965854e-01 -1.61837608e-01 3.30379874e-01 1.52479696e+00
    5.77913046e-01 7.39644170e-01 -7.65248835e-02 1.71344531e+00
    1.15400934e+00 1.15619063e+00 8.26507688e-01 1.54261982e+00
    -7.79550135e-01 4.29192334e-01 1.19776165e+00 1.57260418e+00
    3.61510098e-01 4.28315341e-01 3.71429384e-01 6.01151109e-01
    -1.41234219e-01 3.22598457e-01 6.75742507e-01 1.30491450e-01
    1.39875042e+00 6.48918033e-01 1.67376578e+00 1.55383110e+00
    -6.43955886e-01 1.08296692e+00 -4.40254003e-01 5.69610119e-01
    6.05861321e-02 9.39794064e-01 7.71346033e-01 5.84941626e-01
    1.19632328e+00 -7.25180089e-01 8.37425470e-01 1.20382659e-01
    1.09392810e+00 1.09458089e+00 -4.78445590e-01 1.73531759e+00
    2.75777191e-01 5.21432698e-01 -3.92477870e-01 -1.75356790e-01
    1.52034223e+00 3.45171064e-01 -3.76238406e-01 2.83559442e-01
    6.05846524e-01 1.03036797e+00 -2.22184226e-01 1.52714634e+00
    -7.30898499e-01 5.01514196e-01 6.38564944e-01 1.37804914e+00
    -1.99359253e-01 1.32760239e+00 1.29257596e+00 2.95496527e-02
    1.31643772e+00 9.82793719e-02 -1.12815365e-01 1.00670189e-01
    -6.87846005e-01 1.66840005e+00 -4.61946368e-01 -5.65374196e-02
    9.50329721e-01 9.42590952e-01 1.63551426e+00 6.65772855e-01
    -2.90927678e-01 9.80434474e-04 1.79335535e+00 1.62909901e+00
    -2.64770389e-01 1.49709260e+00 -2.61754274e-01 -1.26117438e-01
    -6.70771897e-01 -4.88389701e-01 1.29808152e+00 5.34937799e-01
    1.39432323e+00 2.11828917e-01 1.62076175e+00 -9.43297148e-02
    -7.51795471e-01 1.51605976e+00 1.43518007e+00 1.47228229e+00
    -3.68554205e-01 -7.74655044e-01 7.75592685e-01 1.57720253e-01
    -9.54906642e-02 7.72936583e-01 1.54923499e+00 1.28197825e+00
    1.07562780e+00 6.03254378e-01 4.63637918e-01 8.86722207e-02
    -8.67663696e-02 1.21348488e+00 1.13662636e+00 -6.89899087e-01
    1.09630120e+00 -1.48924291e-01 -3.13270390e-01 -3.95384640e-01
    3.96402717e-01 5.93994796e-01 -1.98109522e-01 1.31948519e+00
    -7.08858669e-01 5.38316131e-01 8.24792683e-01 4.83133018e-01
    1.16493440e+00 4.22224849e-01 3.89169872e-01 6.12899899e-01
    -5.11263490e-01 1.59693494e-01 1.42735970e+00 9.01129186e-01
    -6.47530913e-01 1.69991517e+00 1.00809658e+00 2.99485356e-01
    7.03686118e-01 2.89106309e-01 -3.04328650e-01 9.24888849e-01
    -5.45405149e-01 4.52628911e-01 6.53613031e-01 3.38805079e-01
    1.05916548e+00 -5.64670384e-01 1.00371075e+00 1.64792463e-01
    -2.50170231e-01 1.36755311e+00 5.79753108e-02 -2.14674279e-01
    7.90817440e-01 8.21455061e-01 -2.18567193e-01 1.05913305e+00
    7.22907960e-01 1.32344425e+00 -6.42898142e-01 -5.46227515e-01
    8.96243930e-01 9.49640989e-01 9.25055504e-01 -3.23792189e-01
    2.08555553e-02 -5.11037052e-01 7.12002635e-01 8.22270438e-02
    9.57909003e-02 7.67801046e-01 -2.23447070e-01 1.65068850e-01
    4.83522326e-01 -1.22229449e-01 3.78330320e-01 9.63749170e-01
    3.74361247e-01 2.44021684e-01 1.35691583e+00 1.23498589e-01
    7.74184465e-01 7.98424482e-01 3.11789989e-01 -4.08625782e-01
    6.15106881e-01 1.18145204e+00 1.55330765e+00 1.38611794e+00
    1.00087130e+00 1.24351895e+00 7.03543723e-01 9.01548386e-01
    1.14546573e+00 1.01050174e+00 -4.57164764e-01 1.52017140e+00
    -4.38220501e-01 7.14735150e-01 1.15254295e+00 1.42929363e+00
    1.15743089e+00 3.41686681e-02 6.46922827e-01 1.31375611e+00
    9.77485657e-01 -2.75016457e-01 5.74460804e-01 1.09056962e+00
    8.52433741e-01 1.42470300e+00 -6.57868147e-01 6.83126211e-01
    2.33664829e-02 1.32398260e+00 -3.63999069e-01 3.12555790e-01
    9.57832694e-01 -7.13601291e-01 1.16980171e+00 -3.25862706e-01
    5.97069263e-01 7.67624497e-01 1.06977940e+00 -3.32439929e-01
    9.55317438e-01 1.55036879e+00 1.01690328e+00 1.58563364e+00
    -3.61041695e-01 -2.63822198e-01 1.32858527e+00 2.26018119e+00
    3.02786529e-01 1.44011843e+00 9.17001441e-02 -3.38213801e-01
    1.77776766e+00 -2.09256411e-01 1.59434319e-01 1.20084119e+00
    1.27546823e+00 -5.21942675e-01 -1.86244130e-01 5.53468108e-01
    -6.28631830e-01 1.41130638e+00 3.41954023e-01 1.00775635e+00
    1.38115120e+00 6.59905195e-01 6.79518342e-01 1.21489871e+00
    -7.59421051e-01 1.12532938e+00 1.03243864e+00 5.36080241e-01
    6.72175407e-01 -7.35687613e-01 1.52619720e+00 1.29615295e+00
    -3.66886079e-01 -3.24786752e-01 9.32782233e-01 7.87066817e-02
    -5.35795987e-02 1.06747246e+00 -2.50917107e-01 8.69635999e-01
    -1.60095468e-01 1.52091324e-01 1.30104721e+00 1.60755467e+00
    6.89263463e-01 1.26450098e+00 6.08502209e-01 -1.94621921e-01
    9.64004278e-01 1.19740987e+00 1.23691809e+00 3.23556885e-02
    1.62416726e-01 -7.23083377e-01 1.65627706e+00 2.95331720e-02
    1.10304892e+00 -7.02631772e-02 9.57418382e-01 2.36268893e-01
    1.16270351e+00 8.96539032e-01 1.52194238e+00 -3.63838464e-01
    -5.35121500e-01 1.71692002e+00 6.22948647e-01 1.02915442e+00
    4.68924753e-02 -6.60869122e-01 1.32694662e+00 -3.81147355e-01
    2.73309678e-01 7.21567690e-01 4.73557323e-01 1.39205742e+00
    6.59514487e-01 6.27465248e-01 1.26779819e+00 1.10738277e+00
    -1.30527988e-01 -1.76307425e-01 1.46784115e+00 -6.39576793e-01
    -5.81011415e-01 1.49855697e+00 4.26551193e-01 1.16330540e+00
    9.33880389e-01 -2.85308133e-03 -5.44523180e-01 1.09603226e+00
    9.58012164e-01 1.09283888e+00 -1.15809977e-01 -4.34486382e-03
    1.43295860e+00 5.25558442e-02 -2.43222639e-01 -4.22264695e-01
    -9.14468523e-03 5.40296435e-01 1.12441969e+00 -1.39669940e-01
    1.25690246e+00 -3.09075296e-01 -5.18483639e-01 9.22708809e-01
    2.30241299e-01 9.56547797e-01 2.38930747e-01 9.86442268e-01
    4.82035130e-01 2.25579381e-01 3.91935837e-03 5.52858293e-01
    4.22239900e-01 1.27953231e+00 -4.80373856e-03 -4.61793542e-01
    1.27227873e-01 5.02945065e-01 1.44031048e+00 3.15265626e-01
    -4.42964286e-01 1.56792450e+00 1.18048334e+00 1.16504455e+00
    7.84976125e-01 3.95595394e-02 5.62708676e-01 -6.75300062e-01
    9.64837492e-01 -3.79010439e-01 5.22875547e-01 1.15450478e+00
    2.25132257e-01 9.45110023e-01 1.01232004e+00 5.17032027e-01
    6.53008878e-01 1.29594326e+00 1.10414124e+00 1.18230081e+00
    9.44629610e-02 2.48692349e-01 -9.94614363e-02 1.00063574e+00
    7.68394172e-01 7.18814671e-01 9.34357762e-01 1.39076555e+00
    2.45158941e-01 -6.23296499e-01 5.56033790e-01 2.33950496e-01
    -1.10879414e-01 3.80081654e-01 1.34268773e+00 8.44074905e-01
    -2.20774546e-01 4.33703244e-01 9.67984259e-01 5.57737768e-01
    1.47852898e-01 1.25623977e+00 1.73677790e+00 1.19963312e+00
    -6.66301429e-01 2.98217297e-01 4.66572165e-01 -6.27339721e-01
    -4.95527059e-01 -1.72736853e-01 -7.81315863e-02 1.39938426e+00
    -5.12803793e-01 1.28926504e+00 -6.34133220e-01 7.48947203e-01
    4.45343107e-02 5.85737407e-01 1.07420766e+00 1.28315842e+00
    1.51015830e+00 -3.79177541e-01 1.65021181e+00 4.94471699e-01
    -5.69170773e-01 -4.33471769e-01 -1.32932186e-01 1.60775661e+00
    1.25070620e+00 1.05508018e+00 -3.55238855e-01 1.12551725e+00
    2.42619261e-01 1.26297653e+00 1.19058287e+00 -5.58863163e-01
    9.69469696e-02 -4.78830218e-01 1.21939766e+00 -7.34775960e-01
    -5.93121052e-01 7.66640127e-01 -2.88104028e-01 8.98483515e-01
    2.10475698e-01 8.28166604e-01 -3.09213847e-01 1.63651490e+00
    -3.88636678e-01 -2.99612105e-01 -6.72192395e-01 6.18590355e-01
    3.55260432e-01 3.20955008e-01 1.16559339e+00 1.97622925e-01
    -7.09223226e-02 4.82467920e-01 5.98617971e-01 4.14901197e-01
    2.76625436e-02 1.52689552e+00 4.57895070e-01 8.13259244e-01
    1.18761265e+00 1.50683165e+00 -5.53018749e-01 -4.76205021e-01
    -7.22048342e-01 1.22135842e+00 1.19746733e+00 -5.50213993e-01
    -5.62531352e-01 -3.47533375e-01 5.53799152e-01 1.06526530e+00
    1.43415534e+00 2.66338706e-01 1.23436999e+00 -1.32272929e-01
    1.24461842e+00 -4.53370661e-01 2.33412743e-01 1.58472514e+00
    -4.97796923e-01 1.60124183e+00 5.43230653e-01 2.72467047e-01
    5.76090701e-02 -7.20861554e-01 1.25441217e+00 1.15892518e+00
    -1.05215264e-02 3.10958564e-01 -4.04813349e-01 1.82752776e+00
    5.66717625e-01 1.45731735e+00 9.92428541e-01 1.20309484e+00
    3.61481100e-01 1.43535256e+00 2.37924114e-01 -4.02273625e-01
    6.65640116e-01 6.39825821e-01 4.29340869e-01 5.15131712e-01
    1.33080471e+00 1.35367048e+00 -2.72832215e-01 8.78897488e-01
    1.41855979e+00 2.54829794e-01 1.45484138e+00 1.37428963e+00
    8.06585252e-02 1.54030669e+00 -6.96798205e-01 4.28379804e-01
    9.13686991e-01 1.68071556e+00 5.81029654e-01 1.57031417e+00
    -2.09386200e-01 -6.82792246e-01 1.20527968e-01 8.61070693e-01
    1.02809504e-01 5.60625553e-01 4.44883853e-01 9.63199317e-01
    1.08360207e+00 5.57835922e-02 2.93659329e-01 -5.60019791e-01
    1.68488061e+00 2.66169190e-01 -3.63421500e-01 1.64705002e+00
    2.76998222e-01 -5.96468985e-01 -4.15797174e-01 -6.06677055e-01
    -4.55001324e-01 6.52967811e-01 5.71551681e-01 1.14598620e+00
    -5.52938640e-01 9.86449599e-01 3.97334963e-01 -5.71991578e-02
    4.55371737e-01 3.20620477e-01 -6.10455573e-01 -2.72562474e-01
    -6.59456193e-01 1.50054407e+00 1.32909358e-01 9.30008233e-01
    1.43480074e+00 9.64454114e-02 1.64600861e+00 -6.63915157e-01
    -1.93169061e-02 2.17883348e-01 1.59953725e+00 1.24594975e+00
    1.43412158e-01 6.19865537e-01 1.27444172e+00 -5.46531260e-01
    1.62772691e+00 1.03720605e+00 5.35077035e-01 6.65523171e-01
    6.97151959e-01 8.66540968e-01 1.38583446e+00 5.29515028e-01
    1.25049126e+00 8.57812166e-01 4.09514189e-01 1.16382766e+00
    -4.38854963e-01 9.87262905e-01 8.87897432e-01 7.83179402e-01
    1.45417273e+00 1.23205829e+00 8.20422828e-01 1.16194153e+00
    1.02571297e+00 4.92819905e-01 4.93648499e-02 1.32733434e-01
    5.95812917e-01 1.01055408e+00 1.17653584e+00 -6.73259079e-01
    -5.80932200e-01 1.22065330e+00 -4.23227996e-02 1.55712855e+00
    9.16784644e-01 -1.06878899e-01 1.36818254e+00 -4.52129245e-01
    5.16279757e-01 -2.42462873e-01 4.36062217e-01 6.20750725e-01
    -1.55394912e-01 1.35566831e+00 1.12147343e+00 9.26246822e-01
    -1.38813794e-01 -6.24143600e-01 1.45403850e+00 1.25177121e+00
    1.38552558e+00 9.06770006e-02 2.73738712e-01 -1.09393276e-01
    -4.24354613e-01 8.22239995e-01 -3.44586939e-01 1.48417628e+00
    3.98629874e-01 -5.08399427e-01 1.11760485e+00 -2.36770406e-01
    5.11483490e-01 5.00614583e-01 1.61204839e+00 4.63072479e-01
    3.50929469e-01 -3.92360568e-01 6.28937662e-01 -6.93736672e-01
    -4.60569113e-01 2.73105025e-01 9.23262358e-01 3.69299725e-02
    1.17242360e+00 4.88063812e-01 -6.22072108e-02 -6.29778951e-02
    7.27866054e-01 1.02370627e-01 -4.99647945e-01 -3.47811460e-01
    -5.98513246e-01 1.08162940e+00 9.86052692e-01 -3.98400992e-01
    7.14389205e-01 9.18626130e-01 -1.40087336e-01 -2.07932070e-01
    1.19395232e+00 5.49415573e-02 -3.13935131e-01 8.02597582e-01
    4.23900068e-01 -2.15766709e-02 -6.03908122e-01 1.38255787e+00
    1.46644473e+00 8.20942819e-01 6.16463482e-01 -3.16683263e-01
    1.06596148e+00 -6.48669451e-02 -6.97770834e-01 7.61132061e-01
    1.40440404e+00 8.97369862e-01 6.65374756e-01 -5.58598042e-01
    1.71407151e+00 9.85683739e-01 -4.37359422e-01 5.41165054e-01
    1.16407931e+00 7.72164643e-01 1.28479600e+00 9.11913812e-01
    1.49722719e+00 1.27704430e+00 8.25334549e-01 4.67918813e-02
    -5.08984804e-01 1.52358544e+00 1.19273067e+00 1.60546136e+00
    9.44847882e-01 1.43395436e+00 -4.04543340e-01 1.55056575e-02
    1.60181916e+00 -2.25300744e-01 -4.82994229e-01 3.77303332e-01
    4.60133612e-01 5.88646531e-01 -3.76915365e-01 5.17607033e-01
    -6.29498839e-01 7.35303700e-01 1.58967745e+00 1.33952117e+00
    -2.23466054e-01 1.12218821e+00 1.73378336e+00 5.31011701e-01
    -2.70175010e-01 -3.03820908e-01 1.50234139e+00 1.47260821e+00
    7.88457632e-01 9.24928427e-01 9.67375457e-01 7.85994411e-01
    6.86562181e-01 1.31577992e+00 2.34412044e-01 1.13108540e+00
    3.46436709e-01 7.21722245e-01 6.16972506e-01 -4.60237950e-01
    1.23953927e+00 -1.61286771e-01 6.59111738e-01 3.73315394e-01
    -4.13826674e-01 2.94808835e-01 8.51356149e-01 1.39272785e+00
    -1.52401626e-01 3.23870927e-01 7.48293817e-01 1.52012384e+00
    6.16837561e-01 1.01021576e+00 -1.12866059e-01 1.30809355e+00
    -2.39852384e-01 3.61416876e-01 4.69067395e-01 2.09528494e+00
    4.01751906e-01 1.36187091e-01 4.94653374e-01 -3.20360869e-01
    3.85480940e-01 5.58927298e-01 -7.01035798e-01 1.46300650e+00
    4.25339282e-01 1.58244860e+00 7.50314474e-01 9.74232107e-02
    1.38868046e+00 -4.64787245e-01 9.22784746e-01 8.21536899e-01
    -4.97929841e-01 1.47391534e+00 -1.17289320e-01 1.51198375e+00
    1.29863573e-02 1.35230827e+00 8.56061518e-01 4.51560281e-02
    -2.23535299e-03 -4.47147302e-02 6.81250811e-01 -4.79091883e-01
    1.69151139e+00 1.66065323e+00 1.25635564e+00 1.43699503e+00
    8.23395669e-01 2.93313295e-01 1.50164115e+00 1.08353615e+00
    -2.33786136e-01 -3.69419307e-01 3.89699131e-01 1.96203798e-01
    3.77392545e-02 -4.30982292e-01 1.09737003e+00 8.08393955e-01
    1.49393606e+00 -5.74568398e-02 9.01008010e-01 1.21413684e+00
    4.53353465e-01 1.18896663e+00 1.56697857e+00 8.45505357e-01
    1.26086712e+00 -2.39345953e-01 -5.87994218e-01 1.78628945e+00
    -6.74968481e-01 1.75783157e+00 4.90606636e-01 3.34439605e-01
    4.41437304e-01 7.08173752e-01 4.43238080e-01 6.75193727e-01
    1.50502682e+00 -1.36186466e-01 9.18267250e-01 1.55735761e-01
    -1.43613935e-01 1.55026197e-01 1.08739948e+00 1.29849720e+00
    1.59087729e+00 1.34560144e+00 1.27033007e+00 9.64491129e-01
    1.26029515e+00 1.35998428e+00 7.69296408e-01 1.11131883e+00
    -2.71285295e-01 7.90203810e-02 7.33157575e-01 2.96717554e-01
    -4.52691793e-01 -1.68072835e-01 -2.48987705e-01 6.15057766e-01
    1.52961323e-02 -2.20544100e-01 4.83978719e-01 -3.77464741e-02
    8.97797644e-01 1.36284244e+00 -5.60836434e-01 -5.73553741e-01
    3.39615762e-01 7.05633163e-02 4.10836846e-01 1.73226178e+00
    -4.65334922e-01 2.89265662e-02 -5.28697252e-01 1.07353675e+00
    4.49903667e-01 -1.34002492e-02 1.34290516e+00 1.19491711e-01
    -1.25910297e-01 5.49601257e-01 8.90148997e-01 8.51729333e-01
    -7.80016556e-03 -1.87999994e-01 9.66684461e-01 -5.50507335e-04
    7.07056344e-01 -7.67178595e-01 -2.84122109e-01 1.51431441e+00
    1.43569136e+00 2.37199381e-01 4.20674123e-02 5.41706562e-01
    1.18750513e+00 -3.17721248e-01 -1.37321085e-01 -2.86404997e-01
    6.32640958e-01 1.10270154e+00 1.40876853e+00 8.62489700e-01
    2.48287804e-02 -1.43269360e-01 -1.46521866e-01 2.61080503e-01
    4.09754395e-01 -1.22569010e-01 1.69682980e-01 1.54107332e+00
    1.26504016e+00 1.42380488e+00 4.18955445e-01 1.59092641e+00
    1.26196182e+00 8.26767325e-01 7.31122673e-01 8.01359892e-01
    4.58963007e-01 5.89337528e-01 -6.93895817e-01 1.26653755e+00
    8.84677231e-01 8.30218717e-02 1.65276778e+00 4.18224275e-01
    -1.43128082e-01 -4.37538605e-03 1.03301001e+00 1.64778101e+00
    3.21185440e-02 -5.79533398e-01 2.81524688e-01 1.44961667e+00
    -1.57465354e-01 1.07814085e+00 6.37557864e-01 1.63813722e+00
    1.47271764e+00 1.95452958e-01 7.15792179e-01 7.72179306e-01
    8.33065808e-01 1.63837385e+00 4.86059844e-01 -5.82579434e-01
    -4.05428052e-01 7.97818065e-01 5.04980981e-01 6.64357483e-01
    -5.07015824e-01 1.61551869e+00 -1.51786178e-01 1.60562193e+00
    1.03144062e+00 -2.16103509e-01 -4.57794845e-01 1.66294599e+00
    5.92498742e-02 1.38255164e-01 1.17978895e+00 1.34306097e+00
    -5.22606194e-01 9.80071545e-01 4.08953100e-01 5.83814740e-01
    1.48183012e+00 4.71450776e-01 7.33944237e-01 -4.75561380e-01
    7.43926406e-01 -1.24539889e-01 4.07960534e-01 1.31828356e+00
    1.45812416e+00 -6.53373301e-01 1.15565872e+00 -1.37088194e-01
    6.82399213e-01 1.81067431e+00 4.78151977e-01 1.73355162e+00
    -3.69542629e-01 8.40164125e-01 1.44872463e+00 3.47400665e-01
    1.31935775e-01 -6.29512906e-01 -3.32587689e-01 1.52483106e+00
    1.16384648e-01 1.10742593e+00 1.39924371e+00 1.91804424e-01
    1.19251561e+00 2.72913933e-01 3.20607722e-01 1.11050582e+00
    1.44999027e+00 -4.43024158e-01 1.31666243e+00 7.72601962e-01
    2.29150206e-01 3.09048146e-01 8.35868001e-01 3.16239238e-01
    8.02533925e-01 1.68996561e+00 -7.39151120e-01 1.42522526e+00
    8.83027613e-01 9.42747593e-02 1.18655026e+00 -4.49208356e-02
    -5.26450932e-01 1.76891819e-01 1.10801888e+00 8.51167381e-01
    -6.72387898e-01 1.01618302e+00 1.25409687e+00 1.01764131e+00
    1.21939838e+00 -4.50047880e-01 1.25687623e+00 1.23301435e+00
    6.69452310e-01 -1.08470313e-01 8.54567051e-01 3.00108463e-01
    1.61406660e+00 1.22100115e+00 -2.77629882e-01 1.28777790e+00
    1.55187702e+00 1.04649842e+00 1.27505624e+00 -2.37146571e-01
    1.56799686e+00 8.54658306e-01 -7.51988709e-01 2.16808066e-01
    1.22204232e+00 1.53220248e+00 1.42292094e+00 3.31919372e-01
    5.81153631e-01 -1.49209192e-02 -4.74580079e-01 7.79385924e-01
    1.66985369e+00 1.58130670e+00 -3.29002947e-01 -6.95491135e-01
    1.40414700e-01 5.94069287e-02 8.48030210e-01 5.85584700e-01
    1.53123212e+00 -1.24554805e-01 -6.27389729e-01 1.02298212e+00
    1.46230090e+00 -2.50597060e-01 4.18815166e-01 4.89319921e-01
    1.23102987e+00 6.63449109e-01 -1.41906068e-01 7.08347678e-01
    2.59457052e-01 1.00205028e+00 1.47815883e+00 -7.08718836e-01
    1.26245725e+00 -3.23365301e-01 -1.65053219e-01 6.09432697e-01
    8.35081398e-01 7.85652772e-02 4.84319478e-01 -9.26218852e-02
    5.99799752e-01 1.75320387e-01 -1.18271701e-01 9.29383993e-01
    -2.14426368e-01 3.16914432e-02 1.41050875e+00 3.41498643e-01
    5.14778674e-01 8.29059839e-01 8.96559715e-01 8.66976023e-01
    5.94161808e-01 -6.98266253e-02 1.11594927e+00 2.62728721e-01
    -2.26911321e-01 8.90153468e-01 -5.64081296e-02 -2.27348119e-01
    1.30439848e-01 -1.34945855e-01 -1.19033799e-01 -1.49192289e-02
    1.19174516e+00 2.22817183e-01 1.54057086e-01 2.65330076e-02
    1.41097283e+00 1.00010908e+00 -6.14100158e-01 1.10661042e+00
    -1.61133409e-01 2.66178995e-01 1.34502852e+00 -5.08672357e-01
    -6.42328084e-01 1.25577116e+00 7.97550797e-01 9.80030835e-01
    4.74965423e-02 -3.82352471e-01 6.25201702e-01 -4.97428954e-01
    3.00030708e-01 8.09069395e-01 1.58016527e+00 7.84640193e-01
    1.46443415e+00 1.49257720e+00 1.36019838e+00 8.55602980e-01
    1.44443703e+00 8.81875873e-01 8.28238189e-01 6.14207149e-01
    1.43180287e+00 -4.82243955e-01 1.27336216e+00 7.48441935e-01
    3.17500174e-01 1.43314087e+00 5.65824628e-01 5.62242627e-01
    -2.67424315e-01 1.16579854e+00 3.83805841e-01 1.50961745e+00
    8.66466105e-01 2.67432779e-01 8.96487236e-01 1.80425560e+00
    -4.69195843e-01 8.60007405e-01 1.17784488e+00 -4.65384662e-01
    -3.84824753e-01 1.68461525e+00 5.88882208e-01 -5.79125106e-01
    1.76661193e+00 -3.93553078e-01 -3.78226459e-01 1.15858912e+00
    -2.00132579e-01 -9.55336243e-02 1.64328322e-01 1.57308495e+00
    1.00711477e+00 -7.73725212e-01 3.70732665e-01 -2.89332625e-02
    1.69268167e+00 5.08727320e-02 1.62209165e+00 6.89358294e-01
    1.29420745e+00 3.52935344e-01 -3.67778420e-01 -1.90144971e-01
    6.65928304e-01 3.53842348e-01 -7.05273077e-02 -3.71163726e-01
    3.51801306e-01 6.80692732e-01 1.23698580e+00 5.90560555e-01
    -7.99484551e-02 1.46682680e+00 -7.90346444e-01 1.32245982e+00
    -4.02008086e-01 1.34546256e+00 9.79150295e-01 1.28446603e+00
    -7.96024978e-01 1.05732548e+00 7.81006455e-01 4.81777966e-01
    1.14494705e+00 1.68860638e+00 2.82896496e-02 -8.97194520e-02
    6.50827467e-01 1.71485937e+00 -1.82312071e-01 4.60055083e-01
    -2.01907009e-01 -1.52068481e-01 -3.38992119e-01 1.34698737e+00
    1.05283666e+00 2.35307559e-01 6.08721256e-01 1.23136151e+00
    1.11659706e+00 -4.75208580e-01 1.97347045e-01 -1.88272431e-01
    1.34194815e+00 -4.42122221e-01 -7.66048357e-02 5.23178577e-01
    6.52281106e-01 1.03935754e+00 3.49638015e-01 -2.60429978e-01
    1.34346938e+00 5.79613864e-01 5.19590199e-01 2.16129571e-01
    5.35576344e-01 1.88255876e-01 1.69747233e-01 1.60439682e+00
    2.34430447e-01 -5.91924489e-01 5.91129720e-01 1.09052694e+00
    -2.40759537e-01 -2.53487825e-01 -6.32618964e-01 1.42371392e+00
    1.08821297e+00 5.75334609e-01 -2.36647084e-01 8.26496005e-01
    -2.10648671e-01 -4.98427451e-01 9.10948396e-01 6.58348382e-01
    1.15022004e+00 -3.67406666e-01 1.27116752e+00 -1.98390543e-01
    8.97160709e-01 1.49474576e-01 1.67190731e+00 -1.62615076e-01
    -3.00971549e-02 1.60161877e+00 -2.65378147e-01 2.77261972e-01
    9.42106664e-01 3.01876992e-01 1.10204768e+00 2.35461712e-01
    1.55574894e+00 7.44815528e-01 6.01114810e-01 -4.69472051e-01
    1.28912878e+00 8.52008641e-01 1.10698497e+00 -8.72667655e-02
    8.22821021e-01 -1.87881943e-03 1.32874906e+00 1.54600465e+00
    2.45418265e-01 7.51901686e-01 1.24597609e+00 1.22209057e-01
    6.51600838e-01 8.40770185e-01 -7.17586875e-01 1.56233442e+00
    1.38643110e+00 4.29818511e-01 -5.09050608e-01 1.36393702e+00
    9.71228063e-01 7.23217726e-01 1.19844985e+00 -7.17862129e-01
    -7.10668623e-01 3.26638341e-01 3.22109222e-01 9.14853632e-01
    -1.44209072e-01 -3.35110426e-01 1.51833749e+00 1.08368003e+00
    -6.96005106e-01 -6.13976717e-01 -2.54438221e-01 5.86464584e-01
    -5.99790692e-01 8.34305644e-01 6.67706966e-01 1.36403763e+00
    -4.12364334e-01 8.44388664e-01 -5.49937069e-01 6.66959584e-01
    1.49426544e+00 8.13076556e-01 -1.62879020e-01 1.54660034e+00
    1.11017203e+00 1.17845392e+00 7.25487396e-02 -4.61639464e-01
    -5.06634235e-01 1.27466202e+00 1.16272295e+00 5.34222960e-01
    1.38475311e+00 1.45934153e+00 4.82731640e-01 -4.36294943e-01
    8.89451131e-02 6.28884554e-01 -4.04400736e-01 4.84326273e-01
    1.47797155e+00 1.33636761e+00 1.20735168e+00 1.29738426e+00
    1.44724464e+00 1.15512431e+00 -1.64105400e-01 3.09447020e-01
    -6.94343388e-01 -3.21664214e-01 4.09394801e-01 3.04985821e-01
    1.18307090e+00 -6.23971410e-02 -5.22425830e-01 -2.99795330e-01
    -6.23916149e-01 -1.12949580e-01 -4.91375744e-01 5.61552286e-01
    -4.05941427e-01 1.28662062e+00 7.01251566e-01 -3.94241929e-01
    1.75187260e-01 1.25952744e+00 5.35920560e-01 -3.88532311e-01
    4.23731059e-01 1.70980465e+00 1.25875503e-01 1.06884456e+00
    9.40677166e-01 -9.10190493e-02 1.78564894e+00 7.91511893e-01
    1.07899237e+00 -1.31068021e-01 -4.16773379e-01 1.07469571e+00
    -1.46496966e-01 8.29405308e-01 -5.84090233e-01 1.21303451e+00
    6.06288791e-01 1.12428045e+00 -1.08724602e-01 9.13188875e-01
    7.02287927e-02 4.21625040e-02 -3.89069974e-01 1.00627422e+00
    2.21763521e-01 5.11802793e-01 1.01874495e+00 1.57079589e+00
    3.73939008e-01 4.63526011e-01 -6.91194654e-01 1.05711603e+00
    6.04246140e-01 -1.98179334e-02 1.28291702e+00 6.18097782e-01
    1.64633691e+00 8.20701718e-01 1.32744297e-01 7.60380998e-02
    1.21169996e+00 1.28934956e+00 -6.60377562e-01 1.53076160e+00
    3.14790934e-01 7.29688346e-01 1.31919861e-01 -3.55904520e-01
    7.78415024e-01 9.71145093e-01 1.33860424e-01 6.83353186e-01
    1.74205518e+00 -1.09323464e-01 -5.13288558e-01 -1.31698340e-01
    1.19560516e+00 5.39909303e-02 5.10209978e-01 8.50903273e-01
    9.02170360e-01 3.20054084e-01 1.36779761e+00 -3.92225266e-01
    1.00470573e-01 1.14632332e+00 -3.93836915e-01 1.12369955e+00
    1.15713799e+00 1.27749395e+00 5.15920073e-02 -3.19954038e-01
    1.53481901e+00 -1.37403101e-01 2.99198985e-01 1.08885348e+00
    8.10415268e-01 -2.57600367e-01 1.29130733e+00 2.69033760e-01
    -5.35886250e-02 2.49775022e-01 1.10293341e+00 -3.46201181e-01
    1.16391432e+00 1.50970018e+00 1.55020416e+00 -1.47817854e-03
    4.93470609e-01 -2.95208216e-01 1.55771816e+00 1.50562942e-01
    1.47058058e+00 8.70514810e-02 -7.88099691e-02 -4.91200924e-01
    -5.98428130e-01 8.92485201e-01 4.07297879e-01 1.16559517e+00
    4.66268748e-01 -6.31995082e-01 8.34286630e-01 -6.63416803e-01
    9.32922602e-01 -1.94598198e-01 1.65908396e+00 3.13738197e-01
    4.09432560e-01 3.22818011e-02 1.15872049e+00 1.73481786e+00
    4.59912270e-01 1.20824432e+00 1.09370291e+00 4.86352354e-01
    1.14103365e+00 1.54493284e+00 3.16678643e-01 9.31064367e-01
    -5.39464712e-01 -6.26693845e-01 5.45852005e-01 -1.79430410e-01
    -3.25903445e-01 6.98426783e-01 1.73071355e-01 8.64536226e-01
    1.06426108e+00 -2.14803949e-01 1.37362742e+00 4.29641992e-01
    9.63598192e-02 8.95646751e-01 1.40568185e+00 -3.81755233e-01
    1.48740566e+00 -6.10721886e-01 1.21023035e+00 -1.53912723e-01
    1.42442834e+00 -2.71319389e-01 1.28108692e+00 -5.47512472e-01
    5.76924264e-01 1.29788375e+00 -2.72497386e-01 -6.35672687e-03
    4.83249307e-01 6.72041893e-01 6.07673168e-01 6.10026121e-02
    1.97789147e-01 -7.64270484e-01 6.12115145e-01 1.41088200e+00
    7.61432588e-01 1.61269665e+00 8.02199066e-01 4.55961019e-01
    4.13991481e-01 3.20106894e-01 -4.74710822e-01 2.75285125e-01
    6.20722115e-01 9.03703392e-01 7.53188372e-01 9.10646379e-01
    1.00545835e+00 8.26764762e-01 -2.19544455e-01 2.23339963e+00
    1.50218117e+00 -1.68552414e-01 1.38684821e+00 8.05179954e-01
    1.33642882e-01 1.45657837e+00 1.55797541e+00 2.83070028e-01
    -7.54083335e-01 1.05310701e-01 -7.01869905e-01 -6.26587391e-01
    1.55927432e+00 3.75409365e-01 4.28853363e-01 8.27297270e-01
    8.57301772e-01 -6.76953912e-01 1.02123046e+00 1.13978243e+00
    1.24265838e+00 -1.39643952e-01 -6.86907351e-01 1.38390672e+00
    1.63404584e+00 -3.14376168e-02 1.60722101e+00 1.61139858e+00
    1.56797791e+00 -7.13356078e-01 2.78241877e-02 1.23606610e+00
    1.04155231e+00 -2.38413692e-01 8.32119882e-02 4.93283659e-01
    1.24775195e+00 -3.11506212e-01 -6.32990956e-01 1.42057180e+00
    1.33629036e+00 1.19935560e+00 -3.81407320e-01 1.36355531e+00
    2.30441973e-01 1.04509616e+00 -3.11113745e-02 1.22554779e+00
    8.51855695e-01 4.83215094e-01 -1.04745395e-01 1.27421415e+00
    1.10740209e+00 9.67063665e-01 -2.93996572e-01 -4.87413943e-01
    -6.80927157e-01 1.43088222e+00 -1.53806046e-01 1.20866489e+00
    2.19985709e-01 -5.52077830e-01 -6.36363745e-01 1.14953351e+00
    -4.06745225e-01 1.80672204e+00 4.18178588e-01 -4.81662191e-02
    -4.64370012e-01 7.27916539e-01 3.14473689e-01 5.40052235e-01
    1.16238058e+00 -1.13346174e-01 6.24752939e-01 8.04662943e-01
    -4.07626450e-01 1.03301990e+00 1.60381091e+00 -5.05760491e-01
    -5.87351203e-01 1.39042175e+00 -2.54498333e-01 1.03112721e+00
    1.05943210e-01 1.53929913e+00 1.04838657e+00 1.24032211e+00
    -5.49758554e-01 -6.37056589e-01 7.18734443e-01 7.65333712e-01
    6.75019503e-01 7.05313921e-01 -4.56124693e-01 -2.33966738e-01
    -4.65376675e-01 1.31110859e+00 4.56103146e-01 1.38892424e+00
    3.08091938e-01 8.07356417e-01 -2.42884070e-01 5.42136490e-01
    4.43113536e-01 -1.62226528e-01 1.56360543e+00 -8.30546737e-01
    1.54547429e+00 -6.83252752e-01 7.68082559e-01 4.94910359e-01
    1.54656613e+00 -2.00827241e-01 1.64908028e+00 4.73131090e-01
    1.24562180e+00 1.01474297e+00 4.37873542e-01 -6.33477032e-01
    9.03235078e-01 -6.65953159e-01 4.06602323e-01 7.46447265e-01
    3.34401190e-01 3.84952873e-01 1.26221806e-01 -6.34223163e-01
    8.77441108e-01 -1.49929971e-01 1.05284882e+00 -2.49327868e-01
    5.11370659e-01 2.65972793e-01 8.84136677e-01 7.74493158e-01
    9.61330771e-01 -5.38599908e-01 8.33921969e-01 -6.44185543e-01
    4.03006166e-01 6.14974082e-01 1.14279056e+00 1.46434975e+00
    1.27256230e-01 -3.40046227e-01 1.34185207e+00 -2.99570680e-01
    -4.41980511e-01 9.58440244e-01 1.48629618e+00 -5.95600188e-01
    1.42509973e+00 -2.76415944e-01 5.48074484e-01 1.30048960e-01
    1.01948392e+00 1.65543294e+00 5.68917692e-01 1.19566703e+00
    1.06034636e+00 1.38477957e+00 1.07774580e+00 -5.46191990e-01
    -4.71903324e-01 1.18738282e+00 6.32893682e-01 7.33238399e-01
    7.70308554e-01 1.48514223e+00 -2.64247358e-01 -6.99897349e-01
    1.62508905e+00 1.44288325e+00 1.43339396e+00 -4.20770794e-01
    6.46509945e-01 -4.17748868e-01 -5.33740699e-01 1.53709245e+00
    1.14064121e+00 7.32048512e-01 9.06040370e-01 5.31777084e-01
    5.74651539e-01 -5.27212955e-02 6.41307116e-01 8.25684249e-01
    1.27670062e+00 8.32873225e-01 -7.08157539e-01 -8.13119188e-02
    -3.58246297e-01 3.91048163e-01 3.72761428e-01 -5.53581834e-01
    -5.73623240e-01 3.01256835e-01 1.43226480e+00 7.93826163e-01
    -3.41876566e-01 3.93241048e-01 -1.22902960e-01 7.77006745e-01
    -7.33319044e-01 6.96908951e-01 1.20569217e+00 -9.96990204e-02
    7.65506864e-01 5.28320670e-01 -5.02707660e-01 7.72758007e-01
    5.63436210e-01 2.54012078e-01 1.13691010e-01 -5.66866815e-01
    2.11667597e-01 -3.66847813e-02 -5.11574209e-01 1.39455450e+00
    1.27491760e+00 -4.69671190e-01 -5.40014207e-01 1.45394295e-01
    3.22821170e-01 9.70302343e-01 -8.39945003e-02 6.98888907e-03
    6.80297196e-01 1.57219791e+00 -5.02169609e-01 2.18323201e-01
    -3.89326632e-01 1.30711533e-02 2.60467976e-01 6.67007804e-01
    6.94225073e-01 9.66798186e-01 -1.50037050e-01 3.71765196e-01
    5.71331382e-01 -1.96518824e-01 4.80781913e-01 -4.68804151e-01
    1.56162953e+00 6.95510209e-01 5.31809568e-01 3.32225204e-01
    1.64812136e+00 3.74654114e-01 5.67071699e-02 -5.53401232e-01
    -7.88931251e-02 1.32508278e+00 -3.37918729e-01 1.70046556e+00
    1.53428257e+00 3.89059693e-01 -4.01480824e-01 3.47896278e-01
    -4.17093933e-01 2.48122737e-01 -5.19473433e-01 1.45873320e+00
    2.69466490e-01 -8.64603519e-02 1.64880872e+00 -7.52097011e-01
    1.30333209e+00 -6.13974988e-01 1.70242715e+00 2.83796579e-01
    4.57531512e-01 1.35050595e+00 -5.12123048e-01 7.78530061e-01
    -5.34145117e-01 -1.59593493e-01 1.35850441e+00 1.87292341e-02
    1.60665715e+00 1.11288285e+00 4.33134943e-01 -2.33031169e-01
    1.58902037e+00 4.01398897e-01 1.43486500e+00 2.22645357e-01
    -4.44126099e-01 4.97404672e-02 8.79409552e-01 6.01643384e-01
    7.71415114e-01 3.93936746e-02 2.36784384e-01 -6.54134393e-01
    7.74710238e-01 -2.01480329e-01 -3.66596580e-02 1.52612221e+00
    6.06353641e-01 -7.25241825e-02 2.24415615e-01 1.24921608e+00
    1.02499509e+00 1.17828822e+00 -2.42700055e-01 9.57251906e-01
    1.59778571e+00 -4.16016072e-01 1.01324320e+00 1.47491169e+00
    -2.35048905e-01 -1.67233661e-01 1.58705544e+00 -6.40525579e-01
    2.71992415e-01 6.36228144e-01 1.31030452e+00 7.53664672e-01
    1.09051871e+00 -5.38736433e-02 -5.90697050e-01 1.02958095e+00
    5.84851563e-01 5.98781109e-01 3.18342984e-01 1.17761970e+00
    1.52840257e+00 2.24423185e-01 8.56559396e-01 1.11996841e+00
    1.38405740e+00 -3.79112303e-01 4.81974661e-01 -6.10494608e-05
    1.51464379e+00 1.17519855e+00 8.41558754e-01 2.11275473e-01
    -6.86912656e-01 3.64988267e-01 8.16855967e-01 -6.61559999e-01
    3.19065481e-01 1.03577673e+00 -1.14721142e-01 1.70625067e+00
    -5.73850453e-01 6.21163189e-01 7.02904479e-04 -3.87352347e-01
    1.00802779e+00 -6.30048066e-02 1.14522111e+00 -7.47178257e-01
    1.62209797e+00 -4.63159263e-01 6.23608887e-01 3.59102964e-01
    -5.85902929e-01 -7.94227868e-02 1.28659475e+00 1.11775780e+00
    1.18612480e+00 2.58684337e-01 8.10554683e-01 7.01607406e-01
    -2.35602215e-01 7.60244727e-02 -5.42064309e-01 1.69314289e+00
    1.51691645e-01 3.38895231e-01 1.45665038e+00 2.39776611e-01
    -1.04487106e-01 1.11211002e+00 -3.43979836e-01 -6.07083440e-01
    4.16039377e-01 8.31226468e-01 -3.26166093e-01 9.57710147e-01
    4.57584392e-03 4.93010759e-01 1.03332067e+00 1.67367077e+00
    3.90258171e-02 -4.96145695e-01 -6.92872941e-01 1.20817113e+00
    1.27458787e+00 -7.26114511e-01 1.38940096e+00 -3.30769747e-01
    1.12498462e+00 7.84011662e-01 -1.30454630e-01 -1.40317544e-01
    7.04634070e-01 1.31586134e-01 7.33239157e-03 1.00676990e+00
    1.69284809e+00 1.32100809e+00 1.11766160e-01 9.52370465e-01
    -2.07549512e-01 1.58545732e+00 -2.94676989e-01 -4.91093159e-01
    1.36875355e+00 9.42007601e-01 -6.58471227e-01 3.81954551e-01
    9.80985582e-01 8.69747519e-01 3.61895545e-05 7.28614271e-01
    8.27278078e-01 5.63939810e-01 -2.28268474e-01 1.57733476e+00
    -9.41758528e-02 9.10893857e-01 -4.76210058e-01 1.08274782e+00
    -5.97672820e-01 -4.77041826e-02 -4.98241305e-01 -4.31727290e-01
    1.56305814e+00 1.10788262e+00 -4.76660252e-01 8.92710984e-01
    -1.25821501e-01 3.36282194e-01 -6.31584585e-01 2.95549482e-01
    1.69330251e+00 1.02156854e+00 -1.48654198e-02 6.54303670e-01
    4.67812032e-01 1.10437906e+00 -4.33836341e-01 1.16338027e+00
    8.38316262e-01 1.44214725e+00 2.29521349e-01 1.89482450e-01
    1.06042314e+00 -1.50734082e-01 7.33750522e-01 1.29364535e-01
    1.60360241e+00 1.48250878e+00 1.48166037e+00 8.53635311e-01
    9.51575756e-01 1.21252906e+00 1.28811824e+00 -1.90003797e-01
    1.69691730e+00 5.59172213e-01 -4.50680733e-01 -1.00590192e-01
    1.64121199e+00 5.67152463e-02 1.00938392e+00 1.59126103e+00
    1.29142475e+00 2.20153686e-02 1.11937463e+00 1.49095368e+00
    1.35178792e+00 7.32801437e-01 8.01963627e-01 -1.20333798e-01
    4.13283706e-01 2.27805629e-01 1.26020217e+00 7.45200872e-01
    1.22527456e+00 1.45969123e-01 1.62180126e+00 -5.49499452e-01
    7.84571528e-01 -2.11320370e-01 8.70669544e-01 1.48180854e+00
    6.60371959e-01 1.36857784e+00 1.41486752e+00 -4.94098306e-01
    1.02435291e+00 4.51630354e-01 -5.19203961e-01 9.39396620e-02
    1.57334363e+00 -1.88738585e-01 -6.38585865e-01 -3.32472831e-01
    -4.81390178e-01 -2.86568314e-01 -5.27937114e-01 7.04297662e-01
    -5.28216720e-01 -4.72449034e-01 2.84233987e-01 1.81218767e+00
    1.81387031e+00 -2.96500444e-01 -3.43414813e-01 1.54519475e+00
    7.11009979e-01 1.16375780e+00 -2.35828638e-01 1.43624890e+00
    -1.53608173e-01 8.41993690e-01 -6.03268623e-01 1.36909270e+00
    9.88831148e-02 -1.29932687e-01 5.42996943e-01 1.04903603e+00
    -3.71919751e-01 1.40706968e+00 4.04142767e-01 1.35535908e+00
    -9.60559547e-02 -2.66693115e-01 -4.57889795e-01 1.17037833e+00
    1.58078086e+00 1.24738121e+00 -1.66902959e-01 -3.81615371e-01
    5.16843796e-01 5.49662948e-01 -9.68760103e-02 -5.61677516e-01
    8.48672330e-01 1.87973306e-01 1.30366087e+00 -4.57491010e-01
    -3.43072861e-02 -3.42077166e-01 7.83159614e-01 -1.13607123e-01
    7.39431500e-01 -3.40371609e-01 3.79990786e-01 7.58436918e-02
    1.06454933e+00 1.27729820e-02 8.12015414e-01 1.28279960e+00
    9.09339905e-01 -5.69691956e-01 -6.40610337e-01 1.30113900e+00
    -5.46906590e-01 4.54412103e-01 8.02682221e-01 3.55921924e-01
    1.17705524e+00 -5.16036510e-01 1.40991867e+00 1.38250697e+00
    -7.37687945e-01 1.65140014e-02 4.50857222e-01 6.03493512e-01
    1.62891626e+00 1.72184360e+00 -6.39012098e-01 1.41339958e+00
    1.09251356e+00 5.63680893e-03 5.73620975e-01 1.53386426e+00
    1.43072093e+00 1.19613148e-01 -3.45644704e-03 -6.29272878e-01
    -5.71084991e-02 6.15484238e-01 9.42141116e-01 -2.47536033e-01
    1.20061314e+00 1.44571257e+00 4.73669231e-01 6.10654652e-01
    1.00418866e+00 -7.12491632e-01 9.51656759e-01 7.32255220e-01
    5.24953067e-01 4.18378264e-01 -2.07015485e-01 5.39301753e-01
    -2.01920584e-01 2.91039288e-01 5.32566190e-01 1.79438984e+00
    1.56319165e+00 -2.87033260e-01 1.26416838e+00 9.92786765e-01
    1.75231233e-01 1.17654669e+00 9.12141085e-01 1.13405907e+00
    1.59086382e+00 5.63600063e-02 1.10563838e+00 -8.23829770e-01
    1.03367376e+00 1.10831404e+00 1.81184888e-01 1.10089242e+00
    9.38975886e-02 -4.83853184e-02 -9.02859960e-03 4.49983001e-01
    -7.05126584e-01 5.98198697e-02 1.72565508e+00 1.55283046e+00
    2.16713876e-01 9.06234682e-01 8.75671685e-01 -3.55041057e-01
    -1.11986257e-01 -2.98086405e-01 7.48631716e-01 1.70030928e+00
    8.87503266e-01 3.32328051e-01 1.61042476e+00 7.86493301e-01
    8.60918164e-01 7.08596408e-01 1.47496617e+00 1.37744045e+00
    8.00179601e-01 1.26753831e+00 1.05606067e+00 7.98888206e-01
    -4.58301693e-01 6.64099991e-01 4.89487857e-01 -1.02214567e-01
    -6.21495605e-01 1.05052245e+00 4.84222710e-01 -2.67358571e-01
    4.04638261e-01 5.18639684e-01 2.13217497e-01 2.94410855e-01
    1.52784693e+00 4.97777373e-01 9.69415247e-01 1.58121586e-01
    9.83606279e-01 -5.76845586e-01 9.48953331e-01 -6.00306273e-01
    1.44482982e+00 -2.68110871e-01 1.30745733e+00 5.68965852e-01
    5.25901616e-01 -2.57282145e-02 3.38008076e-01 1.04505417e-03
    -3.07431340e-01 3.15007985e-01 1.32857275e+00 6.24174595e-01
    1.55236101e+00 -1.27364635e-01 -3.80636781e-01 -4.59378600e-01
    1.53440249e+00 1.22156143e+00 5.87985516e-01 1.34297144e+00
    1.37268305e-01 1.47439981e+00 -6.06654048e-01 -3.39138955e-01
    -6.02709293e-01 6.77643061e-01 1.45708227e+00 -2.02111036e-01
    1.32375515e+00 1.09525837e-01 5.58128953e-01 -3.18550974e-01
    8.29453647e-01 1.01188445e+00 -4.65743281e-02 8.85474861e-01
    -1.89512193e-01 5.59041977e-01 -5.46498895e-01 1.27310193e+00
    -4.35677320e-01 -5.69534600e-01 1.24865127e+00 -7.58819461e-01
    -2.07325473e-01 1.01137185e+00 1.13455844e+00 1.23397589e+00
    -6.73566878e-01 3.22499394e-01 1.17781436e+00 1.59070516e+00
    7.64830947e-01 1.26979589e+00 9.51869249e-01 -2.08065569e-01
    -4.64187145e-01 1.84685662e-01 -5.50134331e-02 -4.81584787e-01
    7.58407116e-01 1.77775566e-02 5.17265916e-01 1.32536900e+00
    -5.46952546e-01 1.39569208e-01 1.53564179e+00 9.47544575e-01
    1.20432787e-01 8.34349692e-01 5.02651706e-02 1.62686861e+00
    1.63407505e-01 -1.92676812e-01 1.66245139e+00 3.16250324e-01
    3.16883981e-01 -2.95237154e-01 2.92176962e-01 1.20840573e+00
    1.28454077e+00 1.40257585e+00 8.66284966e-01 1.20122862e+00
    7.63032794e-01 -4.41278934e-01 1.34800887e+00 9.46524560e-01
    1.53720593e+00 1.06934357e+00 2.04877287e-01 1.41108561e+00
    3.55687320e-01 -2.54830830e-02 -6.87402785e-02 5.54805994e-01
    1.26519120e+00 1.58899593e+00 8.80076170e-01 1.57118928e+00
    1.77948639e-01 1.10016692e+00 2.16409236e-01 4.96446677e-02
    3.40510339e-01 1.22466534e-01 1.55198967e+00 1.44124448e+00
    1.34541237e+00 1.17095149e+00 4.86572027e-01 8.46606374e-01
    3.26238662e-01 1.37736070e+00 -3.39883059e-01 -7.09755361e-01
    -3.16279568e-02 4.46819723e-01 1.00494039e+00 -2.15424284e-01
    -4.32518035e-01 2.99375743e-01 1.51960337e+00 7.81454623e-01
    -3.18432897e-01 -1.61843196e-01 1.59164846e+00 1.34653389e-01
    8.80795479e-01 1.45971194e-01 1.47623706e+00 1.60965812e+00
    6.41674042e-01 -6.91674173e-01 1.25161636e+00 1.28128445e+00
    2.27077112e-01 1.17168510e+00 1.29173863e+00 -5.33811927e-01
    1.37998176e+00 1.66045427e+00 9.21288073e-01 6.25755429e-01
    -6.71503603e-01 5.77345133e-01 1.61776328e+00 7.17165411e-01
    9.22498584e-01 1.12905836e+00 1.22726309e+00 7.79023230e-01
    1.19852614e+00 6.18074723e-02 6.39321357e-02 1.45030320e+00
    7.21768320e-01 2.76380956e-01 1.57580674e+00 -6.80505991e-01
    1.30673409e+00 3.35632235e-01 -3.51320684e-01 5.41229025e-02
    -7.03437068e-03 5.28452337e-01 6.61816478e-01 1.68158919e-01
    1.29610443e+00 8.05345297e-01 4.62632030e-01 8.26348424e-01
    -6.70092106e-01 1.63900411e+00 -2.35656977e-01 9.88664806e-01
    5.53365946e-01 1.18620098e+00 4.27547038e-01 -5.04072726e-01
    1.52922285e+00 1.75996900e+00 6.83063447e-01 5.27671695e-01
    5.72959065e-01 3.94247472e-01 6.14788413e-01 -1.26703540e-02
    1.34017515e+00 -4.39251453e-01 -3.15802097e-01 -6.83533251e-02
    3.56084742e-02 -1.80704534e-01 1.58780903e-01 1.26110625e+00
    -7.27893293e-01 -1.27888739e-01 3.19465011e-01 1.46891308e+00
    -5.07987082e-01 2.58007973e-01 8.21763277e-01 -1.26635090e-01
    1.18702853e+00 6.75126731e-01 1.60990274e+00 1.50946462e+00
    -5.77834904e-01 -4.73101944e-01 -1.66610420e-01 1.21197796e+00
    -4.26851660e-01 9.75637734e-01 -2.52315402e-01 -4.72144485e-01
    -4.11830217e-01 -5.94471276e-01 1.19484842e+00 1.34296262e+00
    1.58385789e+00 1.88393034e-02 -3.10250998e-01 1.62031949e+00
    -5.39542675e-01 1.35347992e-01 -1.41877279e-01 -6.78344250e-01
    -3.84653807e-01 -4.87178922e-01 1.36228287e+00 -7.73056269e-01
    7.34602451e-01 1.41671193e+00 9.10840988e-01 -1.58178136e-01
    8.07512999e-01 3.19915116e-02 -1.69169396e-01 4.74902332e-01
    1.96236417e-01 1.28668272e+00 5.59337318e-01 -5.69846570e-01
    7.51952231e-01 -6.34568453e-01 2.52566040e-01 8.19953442e-01
    1.33024430e+00 3.56959254e-01 -4.40285534e-01 2.23429471e-01
    -4.69665766e-01 1.03004313e+00 1.46282291e+00 8.87989402e-02
    1.51339483e+00 1.16189003e+00 9.17659044e-01 1.23275626e+00
    -2.76871910e-03 1.05088246e+00 1.65135360e+00 1.49564683e+00
    -5.04110456e-01 7.94624984e-02 -1.37365982e-01 1.04845440e+00
    8.79841805e-01 -3.95278335e-01 -5.16763091e-01 5.13657391e-01
    1.14650257e-01 1.34690762e+00 -8.50704849e-01 1.43713164e+00
    1.48373008e-01 1.24487913e+00 -2.41081566e-02 1.10883367e+00
    -2.97918499e-01 1.27580333e+00 1.20148647e+00 5.93984544e-01
    1.28128278e+00 6.30532563e-01 7.05318093e-01 6.19105816e-01
    6.90403223e-01 1.17804742e+00 3.07068259e-01 1.29834640e+00
    1.56886005e+00 6.83042109e-01 5.09749413e-01 -6.86049938e-01
    1.17007256e+00 4.06458646e-01 5.97679079e-01 1.28620052e+00
    6.42741740e-01 -3.40314060e-01 9.82688069e-01 -6.00107968e-01
    1.15022230e+00 -3.54155004e-01 -4.55160618e-01 -3.99322569e-01
    -3.20428163e-01 -5.15771091e-01 1.61024690e+00 1.61618555e+00
    3.61173838e-01 1.03065002e+00 -7.35621810e-01 1.49844837e+00
    5.64405024e-01 -2.21385822e-01 -2.94575304e-01 1.75877476e+00
    -1.68536827e-01 -5.87792397e-01 2.34612450e-01 -1.04432618e-02
    1.49695051e+00 8.48789752e-01 4.86702561e-01 -9.59268883e-02
    -6.24819577e-01 1.71508062e+00 1.70466924e+00 -1.91952899e-01
    7.35154808e-01 1.13235213e-01 1.48258364e+00 1.39194024e+00
    -2.60944013e-02 5.68231165e-01 -7.18480766e-01 1.49829960e+00
    9.09241855e-01 1.59143269e+00 1.73056364e-01 8.95867407e-01
    -4.69359040e-01 -5.21779835e-01 4.41036612e-01 9.00931060e-01
    1.18285525e+00 2.61659592e-01 1.65336102e-01 1.38606095e+00
    2.35103458e-01 -3.99351507e-01 1.82277367e-01 6.18911803e-01
    1.01790392e+00 -9.82198790e-02 3.38014305e-01 1.98635936e-01
    -5.83904684e-01 2.82704920e-01 2.56000012e-01 6.10581994e-01
    8.34269047e-01 3.67269576e-01 -2.18926579e-01 -3.34554404e-01
    1.39851630e-01 2.19364956e-01 1.48763204e+00 5.92753232e-01
    1.72633052e+00 1.23288167e+00 9.06692684e-01 1.97836101e-01
    9.90995169e-01 -3.02939471e-02 -2.74411350e-01 -2.58348044e-02
    9.18803692e-01 -1.34889603e-01 9.90178466e-01 3.46642375e-01
    -2.46868148e-01 5.24085879e-01 1.43813777e+00 1.22028375e+00
    -1.84780546e-02 8.02412331e-01 -6.11909568e-01 5.48227988e-02
    1.05298746e+00 9.55480874e-01 -1.04993865e-01 5.57617424e-03
    -4.41835105e-01 -1.45245582e-01 5.45365214e-01 1.03017032e+00
    -6.52226567e-01 2.03101024e-01 8.35573316e-01 -5.07612467e-01
    -2.87156969e-01 1.02360654e+00 -6.74926415e-02 1.24742723e+00
    2.65684009e-01 1.15785047e-01 1.52293277e+00 3.81934226e-01
    6.74706936e-01 1.43874204e+00 1.59322095e+00 1.24385901e-01
    -2.52331972e-01 1.59645295e+00 2.24059924e-01 1.18698120e+00
    8.83536160e-01 4.84923065e-01 1.29057086e+00 4.26908314e-01
    9.17991161e-01 -5.35293967e-02 9.99274790e-01 -6.92179918e-01
    1.02795672e+00 1.43397653e+00 1.43092060e+00 -3.60705793e-01
    -5.39219320e-01 1.09242402e-01 7.86040246e-01 1.48918045e+00
    -1.79082006e-01 -5.34249693e-02 -5.32643616e-01 1.52688712e-01
    1.22042835e-01 -5.78282177e-01 1.37645388e+00 6.60597384e-01
    -5.72991252e-01 1.13974869e+00 1.10981548e+00 8.40849698e-01
    -2.20208034e-01 6.07958585e-02 -2.27444455e-01 1.66887105e+00
    1.28182912e+00 2.82189399e-01 1.55993545e+00 1.23368353e-01
    -3.67785037e-01 8.58470321e-01 1.28126606e-01 1.38934720e+00
    6.25028431e-01 -4.35326129e-01 -8.29772130e-02 9.59538996e-01
    9.71733332e-01 1.02295721e+00 1.47178268e+00 -3.89275998e-01
    4.18711632e-01 1.72206390e+00 3.70771885e-01 -6.04097366e-01
    1.56971407e+00 -4.42497998e-01 1.02997196e+00 9.18013692e-01
    -2.15377420e-01 3.23817097e-02 1.44394541e+00 5.32603502e-01
    -5.20445049e-01 1.34240961e+00 1.41861606e+00 6.97806776e-01
    -3.46806943e-01 1.31669950e+00 -7.18950272e-01 1.22196269e+00
    1.19951689e+00 6.67538345e-01 4.96445358e-01 8.28555584e-01
    5.81313848e-01 1.28557575e+00 1.04026425e+00 1.16769731e+00
    3.49670500e-01 1.69544017e+00 -5.89553356e-01 1.50268054e+00
    1.99646637e-01 1.53332710e+00 1.35495842e+00 6.43150210e-01
    1.47528216e-01 1.57176518e+00 5.76003909e-01 3.56963277e-01
    2.77938932e-01 1.63913000e+00 6.55045211e-01 -3.85755777e-01
    -4.61588174e-01 6.17246985e-01 1.35607791e+00 -4.61215414e-02
    5.71318150e-01 5.77831268e-01 1.09886670e+00 -5.14236577e-02
    -4.89370227e-01 2.25428954e-01 1.11715317e+00 -2.27450386e-01
    2.85671707e-02 -1.47823349e-01 1.21043313e+00 1.36018741e+00
    1.58567941e+00 8.00883949e-01 1.44775462e+00 6.96242273e-01
    5.29101789e-01 7.62332797e-01 4.42309231e-01 1.22599018e+00
    3.55365753e-01 3.85327846e-01 -2.33514413e-01 -7.73081854e-02
    -9.39847752e-02 9.96818960e-01 1.40590048e+00 1.71447679e-01
    1.36944330e+00 -7.17472434e-01 -5.84922671e-01 1.60245037e+00
    5.80306828e-01 1.15503073e+00 -1.35681599e-01 1.57692611e+00
    -7.50386482e-03 5.28001606e-01 4.42159146e-01 -4.04036373e-01
    1.09062505e+00 7.69165576e-01 1.56147015e+00 1.21717811e-01
    1.02664578e+00 1.47361267e+00 1.14056253e+00 1.21834254e+00
    -4.65618223e-02 1.98502421e-01 1.25953543e+00 -3.39662850e-01
    -7.28048161e-02 1.38946199e+00 7.03429043e-01 1.23382783e+00
    1.13770390e+00 -6.72992110e-01 8.19605470e-01 7.33892977e-01
    1.13097894e+00 1.46546435e+00 -4.98313725e-01 -2.18783215e-01
    3.57014328e-01 1.42530036e+00 3.10819000e-01 9.81377602e-01
    -5.98756969e-01 6.05536819e-01 -6.20582521e-01 6.55489266e-01
    8.09678376e-01 1.08329713e+00 -2.07814947e-01 1.21316409e+00
    1.38631332e+00 1.59477913e+00 -7.51912415e-01 1.28615057e+00
    -5.41370630e-01 5.17636180e-01 8.58387530e-01 -2.49265786e-02
    4.82752472e-01 5.36652505e-01 1.64079726e+00 -1.43782154e-01
    6.45380259e-01 -1.83637604e-01 1.48305714e+00 1.36451161e+00
    -4.95779425e-01 5.18267930e-01 1.17187834e+00 1.23477852e+00
    6.34756029e-01 -3.66648227e-01 -1.60642475e-01 -2.94292361e-01
    1.71156013e+00 1.38314927e+00 -4.62739944e-01 1.30310118e-01
    6.54987216e-01 1.04315579e+00 7.92704701e-01 3.68593074e-02
    3.87653291e-01 1.08043723e-01 1.49676418e+00 3.72067332e-01
    6.49598897e-01 -2.12755278e-01 3.35420460e-01 3.37433219e-01
    1.73472667e+00 5.49092591e-02 7.88595676e-01 8.54353368e-01
    5.85143387e-01 1.49575210e+00 5.39077222e-01 1.45224965e+00
    -3.78928959e-01 1.27166355e+00 -2.20319390e-01 -3.16530377e-01
    1.40461540e+00 1.32608151e+00 -4.14882153e-01 1.66329849e+00
    9.67210054e-01 1.14817703e+00 1.35630214e+00 -3.06738108e-01
    8.72647464e-01 9.13349628e-01 -7.39145219e-01 1.69366109e+00
    -1.21971063e-01 -4.36277002e-01 1.51813161e+00 2.30403289e-01
    6.75441742e-01 1.66949844e+00 -4.06670541e-01 6.85582757e-01
    8.20517600e-01 1.40544546e+00 -4.50552642e-01 1.22670007e+00
    8.94900203e-01 -6.08438551e-01 -1.84954911e-01 1.14518952e+00
    -3.35100174e-01 5.97154081e-01 1.10502519e-01 2.80735672e-01
    1.42362559e+00 -1.91677392e-01 -3.56847793e-01 1.35887420e+00
    6.92303956e-01 1.25602353e+00 -5.34013689e-01 1.22887552e+00
    4.90528852e-01 1.50761938e+00 1.59827745e+00 -1.55732512e-01
    3.80236953e-01 7.28271425e-01 -1.58018827e-01 7.13079512e-01
    -4.27851230e-01 3.96337509e-01 5.28386235e-01 -3.52618545e-01
    1.10488486e+00 6.24053538e-01 1.15528071e+00 -6.16517246e-01
    -6.06124520e-01 1.54397416e+00 1.54127681e+00 1.45515966e+00
    7.68885240e-02 8.92099664e-02 -3.45264614e-01 4.13657725e-01
    3.16987276e-01 1.61077440e+00 4.29693043e-01 1.04649894e-01
    4.50443387e-01 7.73990214e-01 1.03714955e+00 -2.25825589e-02
    6.58453330e-02 9.07389998e-01 -2.17484847e-01 -5.49321294e-01
    1.08107352e+00 1.43677902e+00 1.01473498e+00 4.84461725e-01
    1.32906914e+00 6.51933372e-01 6.67947531e-01 -4.27753657e-01
    1.26281083e+00 9.26431865e-02 1.40615106e+00 6.99786901e-01
    1.75030231e+00 8.90521228e-01 -4.64259326e-01 1.32117379e+00
    -6.02838635e-01 -3.82544607e-01 9.48560178e-01 8.67533386e-01
    1.43056870e+00 1.38077235e+00 1.08803503e-01 -2.30842263e-01
    -3.78803521e-01 1.02673697e+00 -2.06493840e-01 1.52110529e+00
    -5.96710086e-01 1.36976647e+00 1.08751154e+00 9.65468228e-01
    -2.28024200e-01 7.52560079e-01 2.66868860e-01 1.14080930e+00
    6.65312052e-01 6.75789475e-01 3.68429609e-02 9.58077669e-01
    -3.33321273e-01 6.87187091e-02 4.29070294e-01 1.21350181e+00
    -2.14366689e-01 -4.87540483e-01 1.44245672e+00 2.41764173e-01
    -5.67002952e-01 -4.86550093e-01 3.92150171e-02 1.65147603e+00
    6.56286955e-01 9.38987136e-02 7.20269978e-02 1.47189760e+00
    1.37481630e+00 9.36949015e-01 1.69905221e+00 1.41853046e+00
    -5.20509601e-01 3.85800242e-01 6.94099128e-01 6.26634240e-01
    -1.08758040e-01 -6.81762218e-01 -2.70139217e-01 1.45636535e+00
    -5.13148725e-01 9.71601844e-01 1.60721493e+00 5.59449494e-01
    1.15863192e+00 2.33333111e-02 1.24461830e+00 1.26234734e+00
    -4.73277181e-01 9.88432467e-01 4.91687179e-01 1.63519394e+00
    2.57682323e-01 5.67606926e-01 1.30625701e+00 1.01773715e+00
    -4.49933261e-01 -5.44333160e-01 1.60455418e+00 -5.10128319e-01
    1.37512231e+00 1.35220361e+00 2.38329232e-01 -2.65241951e-01
    -5.01403272e-01 -1.26043960e-01 3.77615511e-01 1.38416839e+00
    1.28909135e+00 5.79646379e-02 2.45395705e-01 6.39091194e-01
    4.46466237e-01 1.52706671e+00 9.02195454e-01 1.63428903e+00
    -2.09574744e-01 1.15587723e+00 6.01270013e-02 9.01904047e-01
    1.31389391e+00 9.29984629e-01 -4.58074242e-01 -1.31459972e-02
    -6.80774227e-02 1.16313756e+00 -2.32493252e-01 3.63060772e-01
    1.29477191e+00 1.12625670e+00 6.11536801e-01 3.70610282e-02
    7.87094533e-01 -6.31380975e-02 7.46758223e-01 -3.32763672e-01
    -2.11122125e-01 -2.43011832e-01 1.70573437e+00 -5.22451878e-01
    1.94531262e-01 1.24770440e-01 3.79040420e-01 -6.26230419e-01
    1.17187369e+00 6.24245465e-01 1.35201827e-01 4.34011668e-01
    9.03439164e-01 1.04701221e+00 8.71719837e-01 -7.42810667e-01
    1.55754435e+00 -3.31486583e-01 1.68903768e+00 8.63010585e-01
    1.91381216e+00 1.28946912e+00 8.36528063e-01 1.35961103e+00
    1.59706032e+00 -3.67625117e-01 1.22129333e+00 1.49110949e+00
    5.47362745e-01 9.23123777e-01 7.84188449e-01 9.69532058e-02
    -1.53062627e-01 5.95808387e-01 1.67154744e-01 1.66793978e+00
    1.66138053e+00 -5.41465163e-01 2.32901648e-01 1.17139649e+00
    2.91765016e-02 -4.80366170e-01 1.51601017e+00 3.13751757e-01
    7.34216690e-01 -2.19489425e-01 -3.44990849e-01 5.02826214e-01
    1.19293310e-01 4.34489578e-01 1.11320198e+00 6.73783958e-01
    -2.07459480e-01 -5.42804301e-01 1.40666461e+00 8.36723566e-01
    1.15740263e+00 7.68630385e-01 6.87234759e-01 -5.19661941e-02
    7.09425986e-01 -1.38361186e-01 -6.86822593e-01 5.34338236e-01
    1.30521625e-01 5.23952663e-01 1.22962606e+00 1.49569118e+00
    1.65384829e-01 8.76283407e-01 8.80955011e-02 -5.02853870e-01
    4.80343819e-01 7.26938903e-01 8.29730153e-01 -2.31398195e-01
    1.66423535e+00 -1.94643900e-01 -1.49690703e-01 7.93897986e-01
    1.12561810e+00 6.05509758e-01 9.00999129e-01 -6.49153292e-01
    -6.44767106e-01 1.61026061e+00 1.51416492e+00 -2.20034242e-01
    1.65934771e-01 7.89192021e-01 -2.14253277e-01 -5.91088712e-01
    7.82102942e-01 -7.11477026e-02 9.63553429e-01 -4.04950529e-01
    5.11866391e-01 4.36738819e-01 6.17466211e-01 -4.42058563e-01
    7.64968693e-02 6.97829127e-01 2.91010588e-01 8.05702984e-01
    -1.16394542e-01 9.90491509e-01 3.56306583e-01 1.80050886e+00
    2.24545941e-01 1.58303607e+00 -9.91115719e-02 1.94763839e-01
    9.65319395e-01 -5.71187079e-01 -5.60860574e-01 1.25392270e+00
    1.66272998e+00 -3.84433836e-01 1.19836926e+00 4.21759874e-01
    6.24872148e-01 -2.69784361e-01 -4.26333606e-01 7.81432986e-01
    -4.74058598e-01 4.08209562e-01 1.04481474e-01 -7.96122998e-02
    4.69611317e-01 1.53933263e+00 6.65706873e-01 9.06616926e-01
    -7.13051617e-01 1.60908222e+00 5.03041446e-01 3.15692544e-01
    -1.78062245e-01 3.46163690e-01 1.64233589e+00 -6.67741522e-03
    4.41047370e-01 9.17153418e-01 1.42563498e+00 -3.51723582e-01
    -3.61520559e-01 -3.70196044e-01 2.49193087e-01 7.70834804e-01
    9.70511973e-01 1.76663852e+00 -2.81491224e-02 6.95220947e-01
    1.38134074e+00 -2.95750320e-01 1.61988640e+00 -7.07820177e-01
    7.16951191e-01 -5.22441119e-02 -6.15713716e-01 9.29381251e-01
    6.18080378e-01 1.29240561e+00 5.13444304e-01 1.73277783e+00
    -1.87159389e-01 -5.24612516e-02 4.80431616e-01 2.17945695e-01
    4.81550694e-01 1.24235868e+00 3.50282729e-01 5.63257448e-02
    2.26331845e-01 -4.29126889e-01 1.03959501e+00 1.27874196e+00
    -5.65020919e-01 9.40164745e-01 6.50553167e-01 -4.26385909e-01
    1.67922401e+00 1.01614285e+00 6.63327157e-01 1.33118355e+00
    -2.18548477e-01 6.62933052e-01 -1.69527769e-01 1.46293390e+00
    -2.27688372e-01 -4.32480633e-01 1.37790322e+00 2.40614519e-01
    1.73894310e+00 5.44111669e-01 9.94126439e-01 4.47014749e-01
    1.34699643e+00 9.93898571e-01 -2.80340258e-02 -5.07919192e-01
    -5.26639104e-01 -1.08616306e-02 -1.90026835e-01 1.44745529e+00
    6.91509902e-01 7.55225003e-01 -1.53748304e-01 3.38313788e-01
    8.81610990e-01 1.55818713e+00 7.37386703e-01 -5.87636888e-01
    -5.31470060e-01 1.29667151e+00 5.48899412e-01 -1.74474463e-01
    9.94903222e-02 -2.14172423e-01 9.71539617e-01 1.78491876e-01
    -6.18856490e-01 9.43337023e-01 1.67275238e+00 1.18745506e+00
    8.31668377e-01 4.32740808e-01 1.34879184e+00 6.47257566e-02
    3.58341575e-01 4.30600166e-01 7.28244066e-01 -4.54221904e-01
    -3.46979588e-01 7.78122127e-01 1.80215627e-01 9.44318056e-01
    -5.73111951e-01 1.19986641e+00 -4.12746936e-01 1.24175930e+00
    8.53823483e-01 7.45221376e-01 6.39052093e-01 -6.88958168e-01
    1.41065940e-01 1.20272040e+00 1.33649039e+00 -1.96613029e-01
    -2.38255426e-01 7.40674019e-01 1.40633380e+00 1.77479982e-01
    2.48575956e-01 1.36774349e+00 1.09166074e+00 8.90530467e-01
    -3.70995253e-01 1.50276029e+00 4.17076126e-02 1.42748344e+00
    3.81830931e-01 -1.95021525e-01 4.69525069e-01 1.67671072e+00
    7.88878381e-01 -5.09583473e-01 8.81380737e-02 3.72395068e-01
    1.41104317e+00 -1.62957877e-01 1.39276338e+00 9.56687391e-01
    -1.16611406e-01 9.79747236e-01 -2.43437126e-01 5.40613830e-01
    5.98530412e-01 2.70909518e-01 1.58798945e+00 -2.17752792e-02
    1.26094186e+00 7.58159459e-01 1.57057381e+00 4.47976351e-01
    -4.15107682e-02 6.37472928e-01 8.23679149e-01 1.52979469e+00
    1.50176120e+00 1.50343966e+00 1.10457635e+00 -3.51592302e-01
    -6.54478014e-01 8.54419649e-01 1.09079771e-01 6.66532815e-01
    -3.02750856e-01 1.97281480e-01 -2.67507702e-01 -6.92891598e-01
    1.22427177e+00 1.25377977e+00 -4.65762436e-01 -5.84225535e-01
    7.36772478e-01 1.59667993e+00 4.00997102e-01 -1.96500748e-01
    9.50638652e-01 -1.53172582e-01 1.22177422e+00 1.11613548e+00
    7.94523895e-01 -4.12499070e-01 1.07709587e+00 6.70213103e-01
    -4.66171175e-01 1.50818110e+00 1.22625017e+00 1.18311381e+00
    1.03871202e+00 -4.13195640e-01 -6.49422109e-01 1.52152896e+00
    1.21644664e+00 -3.85149211e-01 7.02300549e-01 1.55086195e+00
    3.22440088e-01 2.64202565e-01 1.10602580e-01 1.60790130e-01
    -3.21664423e-01 -5.99878371e-01 9.10682142e-01 1.04119682e+00
    -4.09510791e-01 7.41074622e-01 7.26775885e-01 -5.25942981e-01
    -5.68236001e-02 1.45641077e+00 1.78170532e-01 9.00027394e-01
    -4.18723673e-02 3.01267564e-01 6.95989430e-02 -4.83714938e-02
    3.97556096e-01 1.61956823e+00 8.14817131e-01 9.90627348e-01
    -4.02780563e-01 1.45203686e+00 -2.73451030e-01 4.73267615e-01
    2.63824612e-01 1.13617110e+00 -3.38441819e-01 1.17055261e+00
    1.36115229e+00 1.71066499e+00 -5.79187393e-01 -3.17357570e-01
    -7.15303421e-01 1.33730662e+00 1.40662575e+00 1.34182170e-01
    1.15207422e+00 1.22940683e+00 9.10498857e-01 6.32963657e-01
    -1.95222482e-01 1.54594779e+00 1.58744144e+00 1.01210594e+00
    -2.08161756e-01 6.76754534e-01 1.48327100e+00 1.04028936e-02
    1.61616445e+00 1.16946030e+00 -7.55157411e-01 1.68252707e+00
    6.84734643e-01 2.71967083e-01 1.30408549e+00 1.55276322e+00
    8.78546834e-01 -4.65185732e-01 5.86678922e-01 9.73620862e-02
    2.44770840e-01 -4.76116598e-01 1.15535343e+00 -6.89877033e-01
    7.73181021e-02 1.99046239e-01 -6.38099551e-01 -1.23622445e-02
    5.71745001e-02 2.41453975e-01 -1.67333502e-02 7.24684775e-01
    -9.63644907e-02 -2.32113302e-02 4.84051220e-02 2.91599274e-01
    1.05006173e-01 5.36529541e-01 1.41743600e+00 -4.54591274e-01
    1.32163024e+00 1.00281799e+00 9.78336394e-01 6.97296560e-01
    1.61915922e+00 -5.89759499e-02 -8.91894773e-02 1.86319426e-01
    5.86975873e-01 9.01806727e-03 8.63766313e-01 3.52758288e-01
    -3.40445429e-01 4.11155790e-01 5.55999637e-01 -8.23602639e-03
    1.44414854e+00 9.81439888e-01 -2.57138520e-01 1.45987642e+00
    7.28398740e-01 -5.37460810e-03 1.09706867e+00 1.53878713e+00
    -4.74375129e-01 3.16403300e-01 1.15470074e-01 -1.91309780e-01
    6.37610257e-01 -2.74581820e-01 3.66314322e-01 6.59903765e-01
    4.89367902e-01 5.06499350e-01 -5.87238014e-01 5.04856765e-01
    -6.22902036e-01 -5.49690306e-01 2.76042104e-01 2.76488632e-01
    -4.15898383e-01 1.38059258e+00 1.15228748e+00 1.22063184e+00
    8.59241903e-01 3.46340574e-02 2.86548465e-01 5.49266934e-01
    1.64889896e+00 -1.65991839e-02 8.56554806e-01 -2.71475494e-01
    1.22656775e+00 -4.83697444e-01 6.22647882e-01 3.11237406e-02
    1.51435030e+00 -3.83174598e-01 -1.24416187e-01 4.51236427e-01
    1.48358512e+00 -2.81250566e-01 1.62965155e+00 -2.97263980e-01
    1.13701737e+00 -5.61414301e-01 1.65575218e+00 4.06047374e-01
    5.20760000e-01 1.30545890e+00 8.43187571e-01 5.68792939e-01
    -1.93959460e-01 1.03100812e+00 1.33825123e+00 1.77969664e-01
    1.30948174e+00 -6.40228033e-01 3.14042985e-01 4.71846700e-01
    -6.94826394e-02 1.54911768e+00 6.56562269e-01 -4.63736892e-01
    1.18559599e+00 1.39681399e+00 1.01871419e+00 1.07154405e+00
    1.07008398e+00 3.91734064e-01 1.68252289e+00 3.37680817e-01
    7.64863133e-01 1.60798359e+00 3.52609873e-01 5.63936055e-01
    -3.58618885e-01 1.46591353e+00 -2.55744457e-01 -4.06995088e-01
    -2.22327277e-01 -6.06053889e-01 4.96580034e-01 4.41796243e-01
    9.39439893e-01 -2.29192495e-01 5.22215664e-01 -7.64040798e-02
    8.82201552e-01 1.04308605e+00 -3.08223754e-01 -2.88929969e-01
    8.39078128e-02 5.39102256e-01 9.69468474e-01 -5.13491809e-01
    1.05943906e+00 1.08927870e+00 3.13426971e-01 1.00798500e+00
    -3.53829831e-01 5.28376341e-01 1.54671764e+00 1.26444006e+00
    -7.01667309e-01 -1.63734064e-01 -6.52959466e-01 -2.65514284e-01
    1.08544648e+00 9.45091844e-01 7.20913529e-01 4.21825022e-01
    -7.69471051e-03 1.11776805e+00 8.36218715e-01 1.01271188e+00
    7.95556366e-01 1.55204022e+00 -4.94096875e-01 5.91628134e-01
    3.99676740e-01 6.79133177e-01 8.06844711e-01 9.93124187e-01
    9.65574324e-01 1.28605354e+00 1.48342457e-02 3.43476921e-01
    8.30344763e-03 -6.89093471e-01 3.36144194e-02 1.68735909e+00
    -4.15413111e-01 1.15205717e+00 1.53466094e+00 -3.58369559e-01
    4.76231784e-01 -4.61785167e-01 -6.44170120e-02 6.13591075e-01
    8.76106322e-01 -2.41195142e-01 1.34696990e-01 1.06280267e+00
    1.52291489e+00 3.21191877e-01 3.97321522e-01 -5.14491737e-01
    1.32860351e+00 5.94162405e-01 8.51609647e-01 1.15347576e+00
    2.17172369e-01 1.42862976e+00 1.49379981e+00 -6.15760207e-01
    5.79028070e-01 4.86432314e-01 4.17948604e-01 8.26672435e-01
    3.85536402e-01 9.37600911e-01 6.24947026e-02 8.03028226e-01
    1.61312103e+00 8.36454749e-01 1.50894463e-01 6.86398923e-01
    2.51554877e-01 9.63654757e-01 -2.14205995e-01 1.44940734e+00
    -1.78412601e-01 -1.21950865e-01 7.72501051e-01 5.84280908e-01
    1.43579614e+00 -3.76968235e-02 6.97772861e-01 7.51382053e-01
    1.45425332e+00 8.71023297e-01 7.07098067e-01 5.77710927e-01
    8.83072138e-01 9.76157069e-01 -2.94482321e-01 1.60545897e+00
    4.76772726e-01 4.63551134e-01 3.10958445e-01 1.56326747e+00
    8.26624781e-03 -3.80407512e-01 5.17016649e-02 1.22922517e-01
    -2.96976477e-01 5.20004570e-01 5.48375070e-01 4.36492443e-01
    1.36226761e+00 -2.36170515e-01 2.81528026e-01 -1.16467297e-01
    -5.70312962e-02 -9.53557491e-02 1.57878041e+00 6.63905263e-01
    1.22381318e+00 1.88515618e-01 2.08441347e-01 8.45918417e-01
    2.05301374e-01 -1.25195369e-01 2.68317580e-01 7.43626893e-01
    5.21241128e-01 9.21669543e-01 -3.81954014e-01 7.04740822e-01
    8.32794249e-01 1.39848423e+00 1.22319746e+00 3.43847692e-01
    9.32472497e-02 1.89186230e-01 1.65668707e-02 1.34183812e+00
    -4.80413198e-01 1.58402503e-01 5.13690174e-01 1.69973648e+00
    1.19379735e+00 1.06515598e+00 1.43312001e+00 1.20965528e+00
    9.82490778e-01 8.13121676e-01 2.05600619e-01 4.07180429e-01
    5.96289933e-01 -6.34205759e-01 7.19384849e-01 -3.39762747e-01
    -3.59995067e-01 7.65281618e-01 1.02301693e+00 4.91418302e-01
    4.01854187e-01 3.62760514e-01 -6.10092998e-01 1.54286981e-01
    -2.20666513e-01 1.63687575e+00 3.09315413e-01 1.24729395e+00
    9.10934091e-01 6.55556798e-01 9.95936155e-01 4.23890166e-02
    8.15136909e-01 -5.30922711e-01 1.32388842e+00 9.36840892e-01
    1.30805385e+00 1.22805309e+00 -3.58504385e-01 1.61491287e+00
    1.25106215e+00 7.75137961e-01 -1.09243870e-01 1.05701613e+00
    7.73052275e-01 1.24269068e+00 2.45448321e-01 2.06382111e-01
    -4.21326190e-01 -3.01997922e-02 -1.99470334e-02 1.16344512e+00
    1.38921487e+00 9.08109620e-02 1.37397289e+00 1.61099601e+00
    -4.99219000e-01 -3.70716572e-01 -5.12349904e-01 1.73434186e+00
    1.05954695e+00 -5.88528275e-01 1.71382701e+00 -6.54926062e-01
    -3.20459038e-01 1.67019606e+00 3.36131632e-01 1.16741061e+00
    -6.49357259e-01 7.23064721e-01 6.82780027e-01 3.10031474e-01
    2.28767335e-01 -6.69428706e-01 -5.74882388e-01 5.06300032e-01
    1.57329965e+00 1.25033391e+00 -1.17382608e-01 -7.80164301e-02
    -2.39576288e-02 -2.58353800e-01 1.58593106e+00 1.10092781e-01
    -3.47939998e-01 -5.92475355e-01 -1.03338689e-01 1.25157523e+00
    6.39635205e-01 7.45860636e-01 4.48715389e-01 8.10693681e-01
    -2.93510735e-01 9.61756229e-01 -7.12865531e-01 3.75945508e-01
    -5.28576732e-01 1.16709962e-01 5.96413240e-02 2.80771971e-01
    -2.84442127e-01 7.01220989e-01 1.23854391e-01 1.14311695e+00
    -5.54683626e-01 2.28801459e-01 2.78154999e-01 8.31254780e-01
    -3.72912765e-01 1.10722673e+00 -2.91230410e-01 -4.39869940e-01
    1.12933852e-02 4.50203747e-01 9.88852084e-01 2.85738885e-01
    -6.72603548e-01 1.68899751e+00 8.17014396e-01 1.23899603e+00
    -9.09883156e-02 8.87204051e-01 2.73471116e-03 1.29201257e+00
    -5.35420835e-01 1.42454827e+00 1.26667488e+00 2.36782932e+00
    -1.77477524e-01 6.13210082e-01 1.43419981e+00 1.61180682e-02
    7.89322674e-01 2.26838768e-01 2.03144357e-01 1.66863441e+00
    -8.01582813e-01 9.35727417e-01 3.91597688e-01 5.04511595e-01
    2.19391674e-01 1.30175576e-01 -3.14564317e-01 1.67045474e+00
    -4.90899056e-01 1.20838702e+00 1.26284134e+00 3.18433106e-01
    1.55258930e+00 4.75911871e-02 -2.95304269e-01 2.25464433e-01
    1.55203247e+00 -7.52012849e-01 1.49889696e+00 -4.78220135e-01
    7.86255121e-01 1.71066666e+00 4.70422745e-01 9.80271518e-01
    1.60654211e+00 1.82449847e-01 1.24083781e+00 1.36422384e+00
    1.21570475e-01 8.11715245e-01 -6.26489997e-01 1.17478323e+00
    -4.73829061e-02 5.18993318e-01 1.21101439e+00 1.51514649e+00
    1.57227504e+00 8.04189503e-01 -7.42646635e-01 -4.55283552e-01
    1.23151207e+00 1.47154486e+00 3.45651880e-02 1.36695075e+00
    7.34698415e-01 -4.80422884e-01 -3.74708623e-02 1.39826965e+00
    1.29886746e+00 7.74735808e-01 -4.97910738e-01 9.56968293e-02
    1.66787851e+00 -6.19297504e-01 1.45216739e+00 6.56729281e-01
    6.08755112e-01 9.67965543e-01 1.48740101e+00 1.05276322e+00
    6.96802199e-01 -3.35482121e-01 3.30000848e-01 -1.12325184e-01
    6.21126235e-01 -5.22659302e-01 1.08393776e+00 6.65106535e-01
    5.25039911e-01 1.48450112e+00 1.37290263e+00 -9.80145782e-02
    -3.92508894e-01 9.19862330e-01 3.12259078e-01 -1.37537748e-01
    -1.53396754e-02 1.01137543e-02 -4.45785701e-01 1.05151451e+00
    -6.57272875e-01 -5.91778636e-01 7.93441653e-01 2.06183225e-01
    -3.96613359e-01 1.36013293e+00 -2.96202570e-01 -3.02282780e-01
    1.58365691e+00 1.63222408e+00 1.09337890e+00 2.72112042e-01
    1.16457200e+00 1.90115482e-01 -3.94946843e-01 -1.86626807e-01
    -3.40874016e-01 1.22372830e+00 9.10981476e-01 1.09320712e+00
    -5.83606720e-01 7.46204972e-01 5.98487616e-01 -5.94225526e-01
    6.76032960e-01 -5.68245232e-01 1.31754959e+00 9.51802850e-01
    1.62997562e-02 -4.59457397e-01 8.73246372e-01 7.53000200e-01
    6.66020274e-01 5.52809417e-01 1.12718046e+00 3.45897645e-01
    7.91089892e-01 8.02158833e-01 1.37617731e+00 1.27125907e+00
    -4.15233552e-01 6.81035399e-01 -5.16898751e-01 1.02171052e+00
    3.14394563e-01 1.26489937e+00 -8.51165116e-01 4.66097593e-01
    1.52177691e+00 -5.66510797e-01 8.83018792e-01 1.52456367e+00
    7.86691308e-01 1.20499864e-01 5.62101424e-01 8.76373827e-01
    8.65032151e-02 5.57021022e-01 -6.62431479e-01 5.25136828e-01
    1.40041041e+00 -4.43445563e-01 1.65667176e+00 -6.28239334e-01
    -2.25609928e-01 1.22920930e+00 1.48687208e+00 -2.43692517e-01
    1.50241935e+00 6.83445811e-01 2.27294296e-01 5.11486173e-01
    -4.33420181e-01 4.69574064e-01 1.36986220e+00 -1.71483085e-01
    6.07470334e-01 1.07677376e+00 1.45534742e+00 -2.92850763e-01
    5.61261356e-01 1.46633101e+00 5.47660254e-02 1.04096651e+00
    1.38196504e+00 1.76715925e-01 8.11848104e-01 -2.05209285e-01
    4.82358336e-01 1.63736975e+00 -5.93949199e-01 4.72802788e-01
    1.53652668e+00 -6.29113555e-01 9.80775297e-01 -2.26184919e-01
    5.86076856e-01 -3.69705558e-01 -4.20350730e-01 1.61994135e+00
    -6.41431928e-01 6.17624879e-01 1.22463334e+00 1.88442066e-01
    -9.42352787e-02 -2.24578232e-01 -2.81948060e-01 1.20398104e+00
    3.57307225e-01 1.05658519e+00 1.14796722e+00 1.46268356e+00
    -5.07421434e-01 1.21412909e+00 -6.67509615e-01 -4.24729615e-01
    5.58244586e-01 9.05574411e-02 -2.14271575e-01 1.73893857e+00
    9.79594111e-01 1.69266188e+00 6.33027926e-02 -5.21514416e-01
    1.27288198e+00 1.51727068e+00 9.00977314e-01 9.55131769e-01
    4.96611536e-01 2.17884645e-01 8.37985277e-01 1.30323803e+00
    4.58017915e-01 1.87673122e-01 1.79404840e-01 5.51685691e-01
    3.69662702e-01 8.47813666e-01 1.33999383e+00 6.08583212e-01
    1.17617297e+00 7.40844429e-01 2.02222809e-01 3.46803874e-01
    1.47111043e-01 2.15189502e-01 3.23054910e-01 -2.96385605e-02
    1.62633932e+00 1.97596937e-01 1.46532738e+00 6.34893656e-01
    3.42391282e-01 -1.27379864e-01 -5.52991092e-01 5.59484176e-02
    1.25334847e+00 -5.67065954e-01 1.52730215e+00 1.40121007e+00
    -6.47512317e-01 -1.34339213e-01 1.70958948e+00 1.63816690e-01
    -6.21232748e-01 1.13991106e+00 5.45746803e-01 7.68916965e-01
    8.95611823e-01 2.47387588e-01 1.57354450e+00 3.98602962e-01
    1.97223768e-01 6.04216397e-01 6.84055746e-01 1.55979085e+00
    1.59739256e+00 5.11043429e-01 3.23467642e-01 -3.93263608e-01
    1.74983013e+00 -4.95788097e-01 -7.47044683e-02 6.03302345e-02
    2.21497133e-01 9.41476762e-01 -2.54758596e-01 8.69793236e-01
    5.27848661e-01 -5.40991187e-01 9.91033435e-01 -2.94864655e-01
    5.58858812e-01 1.44314742e+00 1.60507596e+00 1.18740141e+00
    4.58714277e-01 -2.81880982e-02 3.86450380e-01 -4.45611805e-01
    -2.80142039e-01 -4.06937659e-01 9.04414237e-01 2.51795918e-01
    -3.77524734e-01 9.25417185e-01 1.39504457e+00 1.19592202e+00
    4.00384218e-01 1.38739944e+00 -9.75863338e-02 7.00293779e-01
    8.83300304e-01 6.11739218e-01 1.30465364e+00 3.65194112e-01
    6.26953959e-01 4.00211066e-01 1.00861037e+00 2.49005482e-01
    4.84546244e-01 1.09571385e+00 1.06232107e+00 -5.52039802e-01
    1.65460932e+00 -4.86494213e-01 8.83261785e-02 1.53860462e+00
    1.40791452e+00 1.41495895e+00 -7.05974877e-01 3.61948222e-01
    2.76732266e-01 -4.18370128e-01 5.26421010e-01 6.86018765e-01
    2.62347430e-01 6.44790709e-01 9.90943432e-01 9.60729122e-01
    -1.51550606e-01 -2.22218826e-01 1.29876494e+00 1.10144444e-01
    1.30867136e+00 -7.17413604e-01 1.22642267e+00 1.56523168e+00
    -2.25839764e-01 5.99332869e-01 8.51062417e-01 1.76463125e-03
    8.13216805e-01 6.81491569e-02 9.00287151e-01 -2.88325638e-01
    1.31300187e+00 1.39826453e+00 -2.31415093e-01 1.23262894e+00
    -1.96556062e-01 -4.98189718e-01 2.03630581e-01 9.62193251e-01
    -2.43252665e-01 4.13604826e-01 1.54117608e+00 1.39092967e-01
    1.35368729e+00 1.46803364e-01 1.82558820e-01 9.82452095e-01
    -6.19592905e-01 -3.44181716e-01 1.70457458e+00 2.04882085e-01
    -1.03704013e-01 2.55423635e-01 -3.13679039e-01 4.27161992e-01
    1.60290015e+00 1.11181819e+00 -7.67116964e-01 7.51855373e-01
    5.83089329e-02 8.04236889e-01 1.65949488e+00 9.37324464e-01
    8.78890634e-01 3.00166339e-01 -4.08953726e-01 1.30386579e+00
    9.70634043e-01 -6.59850121e-01 5.10285944e-02 5.79363823e-01
    1.17047954e+00 -2.22775940e-04 2.83858865e-01 -5.53726315e-01
    2.01002471e-02 1.47114134e+00 1.56294572e+00 -1.77568406e-01
    -3.58107090e-01 -1.26205087e-01 9.31237042e-01 3.80524009e-01
    -6.40983343e-01 9.27837551e-01 5.43030024e-01 1.62921476e+00
    1.15968801e-01 -5.11887789e-01 1.54329967e+00 -7.22408354e-01
    9.88746047e-01 1.58647025e+00 -3.48345518e-01 -4.47140224e-02
    1.06701362e+00 5.15122116e-01 -6.08431458e-01 -4.35703397e-01
    2.67568588e-01 -1.07284196e-01 1.43322980e+00 9.48632061e-01
    -9.84582752e-02 -2.12830290e-01 -5.10086417e-01 -2.79663682e-01
    1.63812208e+00 1.47213554e+00 -6.01315796e-01 -6.72195911e-01
    2.75875479e-02 -2.41619602e-01 1.91421211e-01 -5.28605223e-01
    1.59043622e+00 4.76372480e-01 2.94309407e-01 4.85093296e-01
    -4.37563002e-01 1.39832759e+00 1.58477569e+00 6.35671258e-01
    -3.95043671e-01 -3.77536356e-01 7.47989535e-01 1.17003657e-02
    1.18382287e+00 1.65857470e+00 4.92173553e-01 -4.69751239e-01
    2.05980048e-01 -9.48261991e-02 1.41912961e+00 -6.16890267e-02
    1.67569304e+00 1.51351428e+00 9.74307001e-01 2.46039465e-01
    -3.09590042e-01 2.40941569e-01 1.80489078e-01 1.23680651e+00
    1.34134400e+00 1.44017828e+00 1.52683890e+00 4.28494513e-01
    9.29599822e-01 -5.74950814e-01 1.32732368e+00 5.60641065e-02
    -4.24642205e-01 -5.29281020e-01 1.57558167e+00 1.64539182e+00
    1.59137630e+00 5.56757450e-02 1.28661227e+00 -5.12217700e-01
    7.03164041e-01 -4.22888875e-01 7.00058341e-01 7.43473887e-01
    4.62635070e-01 1.08796930e+00 -1.59987379e-02 1.45161641e+00
    1.92662701e-01 -3.14634681e-01 -4.29929376e-01 7.07835078e-01
    -1.18644938e-01 1.55638504e+00 6.40267134e-01 1.09511673e+00
    -5.11514783e-01 5.14509343e-02 8.65028918e-01 1.43174934e+00
    1.06206846e+00 1.48926640e+00 1.02699566e+00 1.07775879e+00
    3.30938846e-01 1.11372757e+00 -4.50103492e-01 1.16936350e+00
    1.17134750e-01 -5.03454089e-01 -1.43887326e-01 -4.67410773e-01
    -5.35955071e-01 2.99512416e-01 5.22428513e-01 -6.74038470e-01
    1.37182796e+00 1.16001301e-01 1.38823640e+00 1.85585296e+00
    -2.50257671e-01 -3.25772882e-01 2.44799599e-01 -3.30966055e-01
    4.38665926e-01 1.26071835e+00 -3.01644534e-01 3.45655829e-01
    -6.90320581e-02 2.18830958e-01 8.42668712e-01 4.57480699e-01
    1.21002769e+00 -3.55705380e-01 -4.53055575e-02 3.23507398e-01
    7.20005214e-01 9.84093547e-02 1.01478148e+00 -4.68916774e-01
    1.14122343e+00 1.27293658e+00 7.86396205e-01 8.46451283e-01
    1.34535754e+00 1.53968799e+00 5.08773327e-02 -5.78759730e-01
    1.26653659e+00 1.04564361e-01 1.13791013e+00 -7.14516580e-01
    1.16942859e+00 1.54411137e+00 1.13056469e+00 3.66897397e-02
    8.38682592e-01 -1.95887923e-01 -1.86886117e-02 1.34206295e+00
    5.48385680e-02 1.11060941e+00 2.36597672e-01 -6.01489209e-02
    2.06773132e-01 4.50103432e-01 -7.23970532e-01 8.84513080e-01
    9.54471827e-01 -3.92254591e-01 -5.55304170e-01 1.48640394e+00
    -6.55892044e-02 -6.13637269e-01 3.77854735e-01 3.38583104e-02
    1.16971242e+00 1.38178325e+00 1.21055758e+00 2.79785514e-01
    -6.77586973e-01 -3.59229356e-01 5.16462684e-01 1.44372034e+00
    1.36311615e+00 8.58011901e-01 -7.99736440e-01 3.69972974e-01
    6.80255115e-01 3.60343516e-01 5.58768492e-03 -2.59981632e-01
    1.45756280e+00 -1.57410637e-01 9.92219627e-01 7.78433621e-01
    -7.20306635e-01 -3.62063557e-01 1.36122382e+00 6.40309513e-01
    1.41591239e+00 1.44357133e+00 6.41505599e-01 1.43204403e+00
    1.17255211e+00 4.65092957e-01 6.07274473e-01 1.43257654e+00
    4.19502974e-01 7.29681432e-01 1.56914580e+00 1.46934497e+00
    2.02998351e-02 1.03060412e+00 2.57080179e-02 5.13620675e-01
    3.60831797e-01 1.07775539e-01 5.55573583e-01 -5.91661453e-01
    8.16978633e-01 -6.33000612e-01 1.94318995e-01 1.30119830e-01
    2.35008821e-01 1.62598777e+00 -3.12661111e-01 -2.07043201e-01
    1.27006042e+00 1.52258441e-01 1.52267027e+00 1.47265017e+00
    1.69707745e-01 5.16676903e-03 1.35039985e+00 1.47232509e+00
    4.28484708e-01 -2.48922318e-01 -3.19598280e-02 9.72584307e-01
    6.05699003e-01 1.51142502e+00 5.38609803e-01 6.74899042e-01
    1.32016790e+00 1.44252634e+00 -2.90437192e-01 1.48885107e+00
    5.27845472e-02 2.38907933e-01 -3.48975867e-01 -6.69516683e-01
    1.27079368e+00 -6.53530538e-01 1.73365521e+00 -2.47521862e-01
    -1.53766200e-01 1.15558803e-01 -6.34360075e-01 1.14563632e+00
    1.44831812e+00 -2.54141390e-01 -4.29407984e-01 -3.18592787e-01
    -4.40330207e-01 8.92583609e-01 1.38136351e+00 -3.43549222e-01
    8.01919103e-01 -3.01050514e-01 1.63751781e+00 3.14170629e-01
    -1.89801276e-01 7.83759058e-01 1.51863289e+00 1.20462286e+00
    -5.26023686e-01 1.39600313e+00 1.18692803e+00 7.83030391e-01
    -1.29072130e-01 1.78086710e+00 -1.29113272e-01 2.97507018e-01
    1.06979835e+00 1.62093782e+00 1.01296735e+00 3.75769526e-01
    -3.30705881e-01 9.45703208e-01 1.41086423e+00 -1.57792360e-01
    4.84742045e-01 3.12876880e-01 1.06190181e+00 1.26431203e+00
    4.43284541e-01 6.15118980e-01 -2.06713408e-01 -4.84949708e-01
    -2.55518436e-01 1.62516654e+00 1.15862060e+00 1.42996871e+00
    4.19584274e-01 1.01224816e+00 1.03180218e+00 -4.43545491e-01
    4.43828762e-01 -1.29264360e-03 1.57483006e+00 -4.03477013e-01
    -3.08314621e-01 1.47557104e+00 4.66840684e-01 7.96566427e-01
    1.55945313e+00 1.50736555e-01 1.40066004e+00 1.11455619e+00
    -2.47326344e-01 9.54375744e-01 -2.05075800e-01 1.62438023e+00
    1.93939388e-01 -4.06233549e-01 3.16491336e-01 2.10134201e-02
    2.05557242e-01 1.54334462e+00 -6.93070531e-01 -3.34350318e-01
    1.10628819e+00 6.00223467e-02 8.20144832e-01 9.71397087e-02
    8.78989935e-01 1.50852859e-01 1.34752047e+00 1.19636035e+00
    6.97568834e-01 -7.89602697e-01 9.49291170e-01 1.13201010e+00
    1.11613464e+00 1.88145906e-01 1.56486487e+00 4.43944424e-01
    1.98639423e-01 4.27499920e-01 5.04160941e-01 1.33978343e+00
    -3.39486636e-02 2.53843307e-01 1.25007105e+00 -5.69290757e-01
    -6.63404286e-01 -4.15734440e-01 -2.81172365e-01 1.61483037e+00
    5.19561291e-01 3.80395114e-01 7.90449858e-01 1.43649054e+00
    8.04221809e-01 1.28039968e+00 7.31788874e-01 1.42999518e+00
    1.22746444e+00 9.79697526e-01 5.30782759e-01 -5.56925178e-01
    8.00210714e-01 3.76583964e-01 6.65250719e-01 1.11517644e+00
    9.39562678e-01 9.64518845e-01 4.42682981e-01 1.52667761e-01
    -2.97514319e-01 1.83514261e+00 1.48701739e+00 -2.74607807e-01
    1.09679818e+00 4.18966055e-01 8.66204262e-01 -7.01229870e-01
    9.74354148e-01 1.06877851e+00 5.28271973e-01 5.23105681e-01
    2.49190062e-01 2.94492245e-02 -1.36387095e-01 5.75619452e-02
    1.13425303e+00 2.11000055e-01 1.51105464e+00 -4.46155190e-01
    -5.75706005e-01 8.22099209e-01 1.25459504e+00 8.92643750e-01
    5.54986775e-01 -1.58946231e-01 4.75971103e-01 6.90514863e-01
    4.16722834e-01 1.17105290e-01 -3.58627588e-02 -1.40567627e-02
    2.90084690e-01 1.36407566e+00 1.14837897e+00 1.24391568e+00
    1.10156167e+00 1.25314987e+00 -6.13826215e-01 7.47627497e-01
    2.64990062e-01 3.61656904e-01 6.81553185e-01 1.48430419e+00
    6.58278763e-01 -5.65980673e-01 -3.52220565e-01 4.12893057e-01
    9.32424426e-01 3.59574109e-02 1.73220325e+00 1.43120754e+00
    -4.19024706e-01 1.49055555e-01 -6.12154603e-01 5.73989749e-01
    9.89880800e-01 4.39197093e-01 -5.37105680e-01 -6.01211071e-01
    9.85289097e-01 1.49025226e+00 1.44586754e+00 6.63835883e-01
    5.63411415e-01 1.43099904e+00 1.33824062e+00 -5.45796394e-01
    1.26384175e+00 -3.11306238e-01 -1.22081265e-01 1.50291860e+00
    -6.86197430e-02 1.04535306e+00 -1.45516276e-01 3.31388801e-01
    -4.03679192e-01 1.40298021e+00 5.29748797e-01 1.51730585e+00
    -2.81931370e-01 2.62505412e-01 7.13650525e-01 1.31318176e+00
    1.12037039e+00 2.24217594e-01 -1.50971650e-03 1.41632259e+00
    -1.78894654e-01 -9.51569751e-02 -4.08333689e-01 7.74277300e-02
    1.06317425e+00 -8.25561360e-02 -2.96142936e-01 3.31033677e-01
    5.66460729e-01 1.00173688e+00 8.47792625e-01 1.24209666e+00
    1.14977324e+00 6.55367553e-01 -4.11662161e-01 7.80755758e-01
    1.06997454e+00 1.55439401e+00 -8.44745994e-01 9.15268660e-01
    1.10847034e-01 8.70375037e-01 1.54644883e+00 -3.79877269e-01
    1.21067500e+00 5.79043739e-02 1.41755188e+00 -2.18989924e-01
    -1.96712747e-01 5.80600739e-01 -1.06486985e-02 -4.00344640e-01
    8.99660468e-01 -7.40362465e-01 6.81885600e-01 1.46256447e+00
    -1.83546439e-01 1.39209509e+00 1.23415792e+00 1.78531849e+00
    1.29786980e+00 -5.10884047e-01 7.44751275e-01 1.12468815e+00
    9.29255560e-02 -1.65926695e-01 1.20122004e+00 5.70276320e-01
    7.74876773e-01 1.19432199e+00 2.82336533e-01 5.19712269e-01
    9.89835024e-01 -1.10196203e-01 1.69409525e+00 8.07153165e-01
    1.25025439e+00 1.42012942e+00 1.65588844e+00 3.30858529e-02
    1.78678911e-02 1.14939070e+00 5.03608882e-01 1.65758836e+00
    -5.65824151e-01 2.02373624e-01 4.09973264e-01 7.63813615e-01
    -3.97764891e-01 -4.21684057e-01 -1.29199535e-01 1.13549125e+00
    6.93519562e-02 5.03739893e-01 -7.11305201e-01 3.76619726e-01
    1.98488668e-01 6.85590744e-01 7.30454445e-01 -2.43435621e-01
    -7.81175435e-01 1.50847793e+00 -5.11700988e-01 3.84701520e-01
    3.38395722e-02 1.36140004e-01 -5.51304758e-01 -4.07848328e-01
    2.57068515e-01 -5.58285654e-01 3.74534994e-01 5.68303466e-01
    -4.45765704e-01 3.32330465e-01 1.17528588e-01 9.73545730e-01
    -3.75359654e-01 3.22256327e-01 -2.62687236e-01 6.12938941e-01
    1.34268415e+00 -2.99994946e-01 -5.59813499e-01 9.23804104e-01
    -1.65043309e-01 3.67026240e-01 -2.81874955e-01 6.55591547e-01
    8.93668830e-01 1.47772026e+00 -7.05994964e-01 1.12511253e+00
    1.39397347e+00 1.25698876e+00 1.50746644e+00 -7.54805803e-01
    1.30953920e+00 8.04919004e-01 5.75148702e-01 -3.31578225e-01
    9.36981857e-01 1.22401072e-02 1.77180931e-01 6.14516199e-01
    -7.39388347e-01 1.27339232e+00 -2.55109757e-01 3.73423278e-01
    -7.70759523e-01 1.29254067e+00 5.43325841e-01 1.32275748e+00
    5.00798345e-01 1.06576359e+00 2.78330296e-01 -2.38743693e-01
    2.66808331e-01 9.24083471e-01 -8.23352814e-01 9.04136956e-01
    1.33327913e+00 5.22329628e-01 1.40332341e+00 -9.71678570e-02
    1.60478282e+00 4.16595429e-01 1.11144888e+00 -3.02176118e-01
    -1.47291809e-01 7.53396079e-02 1.48179936e+00 5.82151651e-01
    1.38120413e+00 9.65831637e-01 4.22589660e-01 7.26365149e-01
    1.57114005e+00 7.71709681e-01 1.03991842e+00 -2.03407466e-01
    1.54870880e+00 3.09018910e-01 8.13935578e-01 3.16714048e-01
    8.33780393e-02 6.45418644e-01 -2.98981309e-01 4.46842372e-01
    -4.65748549e-01 -7.27452189e-02 -3.93849373e-01 -4.98286009e-01
    1.14975020e-01 1.59199369e+00 1.64712453e+00 2.06954420e-01
    -6.74892008e-01 -2.13843081e-02 -8.44032504e-03 8.61417353e-01
    4.44177628e-01 9.79825139e-01 6.23738021e-02 -5.49135149e-01
    -5.92261672e-01 6.01172335e-02 -1.92616373e-01 3.29893678e-01
    -5.82515359e-01 1.44845891e+00 1.33314252e-01 -2.45397970e-01
    5.79000890e-01 -4.92273597e-04 -5.85962795e-02 1.25458968e+00
    7.02333093e-01 1.00283420e+00 -5.03538072e-01 2.09188741e-02
    -7.17983007e-01 1.54290521e+00 1.23057115e+00 -1.44519940e-01
    5.43027997e-01 1.05150104e+00 -3.11925501e-01 -5.60398996e-01
    1.52916622e+00 7.56140351e-01 -4.26192492e-01 6.98607385e-01
    1.70354021e+00 1.36541390e+00 5.02231717e-01 3.90632190e-02
    4.06742245e-02 1.12256908e+00 2.05882196e-03 5.43117464e-01
    2.17008710e-01 1.45297682e+00 1.49669722e-01 5.34450412e-01
    2.14540467e-01 7.88909376e-01 8.01822007e-01 4.65157688e-01
    1.23414254e+00 -7.90187418e-01 1.22740781e+00 8.48384082e-01
    7.71195292e-01 -2.97675014e-01 1.66351950e+00 1.26546490e+00
    -3.28205168e-01 -5.08991897e-01 -3.97696167e-01 1.32126546e+00
    1.15795135e+00 9.25961975e-03 1.26266897e+00 1.49373937e+00
    6.86156154e-01 -1.63996503e-01 1.34935069e+00 1.07644820e+00
    1.11717999e+00 1.05263436e+00 -6.71525300e-01 3.66525650e-01
    -5.97186089e-01 -1.47736996e-01 1.35626763e-01 1.15938592e+00
    1.33393991e+00 4.61877704e-01 1.35295677e+00 1.49611139e+00
    1.99384928e-01 1.60572922e+00 -6.38311923e-01 -5.82510412e-01
    1.02639437e+00 1.42557776e+00 -1.37829423e-01 1.58384216e+00
    4.00288664e-02 2.28006113e-02 9.34541643e-01 8.61360788e-01
    -1.11054860e-01 1.35928059e+00 6.57995462e-01 7.38464177e-01
    9.08527970e-01 3.31359476e-01 -6.50999129e-01 6.20073676e-01
    -2.13179439e-01 8.84021938e-01 1.42828381e+00 1.22139359e+00
    1.46877933e+00 -7.20697582e-01 1.24077237e+00 7.73169637e-01
    -8.00074399e-01 1.10990465e+00 -7.36389697e-01 1.45485416e-01
    1.34027743e+00 -4.43954200e-01 -5.56011140e-01 9.57804918e-01
    -3.22519511e-01 6.51428461e-01 1.04760003e+00 3.02119762e-01
    -2.06523184e-02 -3.78886014e-01 5.38552463e-01 1.44130647e+00
    6.68837428e-02 1.25621486e+00 -5.42173922e-01 8.30175430e-02
    1.59304118e+00 -1.38340816e-01 -6.84794366e-01 1.60965312e+00
    -7.50608921e-01 1.23232007e+00 1.16017962e+00 -3.10145736e-01
    5.15326142e-01 8.44616950e-01 1.20456636e+00 1.33191931e+00
    4.96738404e-01 -2.19337679e-02 1.02635193e+00 1.47251987e+00
    -4.12915826e-01 8.60127449e-01 3.71654093e-01 -3.65349174e-01
    6.10768735e-01 4.76762354e-01 8.73863578e-01 8.81440997e-01
    1.49023759e+00 2.96620317e-02 1.43278670e+00 1.45512593e+00
    1.57193923e+00 1.69917309e+00 5.60603023e-01 -4.94845152e-01
    2.07831904e-01 1.15536332e+00 1.32623565e+00 -7.26635233e-02
    2.76319712e-01 1.37799370e+00 -2.17283010e-01 -6.30117357e-01
    1.24097621e+00 1.23520225e-01 4.85850215e-01 1.14023006e+00
    1.26081371e+00 1.19270599e+00 6.80655122e-01 8.15385357e-02
    -2.49670625e-01 1.34160054e+00 1.62583273e-02 -8.68408475e-03
    -2.37203717e-01 1.59955847e+00 1.21483684e+00 -4.25499268e-02
    7.54755974e-01 -3.69482309e-01 1.24490120e-01 -2.80519277e-01
    1.05216455e+00 4.85548489e-02 1.17051792e+00 1.14219606e+00
    1.68612373e+00 6.09892964e-01 1.79216117e-01 1.38167453e+00
    -3.75669114e-02 5.78509092e-01 1.58711708e+00 1.54274392e+00
    1.99282736e-01 1.07972980e+00 4.91033137e-01 1.04502690e+00
    2.38382027e-01 2.31345206e-01 1.33301783e+00 -3.03366393e-01
    1.27198851e+00 -4.85070586e-01 1.44040632e+00 3.93045485e-01
    -4.26830426e-02 7.64542937e-01 1.45834172e+00 8.62015009e-01
    -3.73097658e-01 1.37993634e+00 1.35573471e+00 -3.04120421e-01
    -3.34137797e-01 1.22084808e+00 7.42952585e-01 1.13859081e+00
    -3.68297696e-01 -8.79335552e-02 -6.77687824e-01 8.62714827e-01
    -3.51956308e-01 7.21084356e-01 1.06915402e+00 1.39887118e+00
    -4.76319969e-01 1.12357587e-01 1.33417296e+00 3.50699812e-01
    -5.21899045e-01 1.06552732e+00 1.68007851e+00 1.59529102e+00
    1.30964541e+00 -4.08448905e-01 1.54384482e+00 -5.02892077e-01
    8.88296127e-01 -4.17146116e-01 1.70427501e-01 8.20069313e-01
    1.44077814e+00 1.29539394e+00 1.77991137e-01 9.05164659e-01
    5.09200215e-01 1.21058655e+00 3.01096827e-01 -4.52735215e-01
    1.03670835e+00 1.04228568e+00 7.69019127e-02 1.48425269e+00
    6.58406615e-02 8.10141861e-01 9.17618692e-01 1.66074967e+00
    1.12260330e+00 5.97176611e-01 1.57849467e+00 1.38770866e+00
    1.25925529e+00 -5.05024612e-01 1.35477877e+00 -3.54096174e-01
    1.31656539e+00 8.72868776e-01 1.48808885e+00 1.15385127e+00
    -5.56171298e-01 1.47100246e+00 1.39808643e+00 -3.72537315e-01
    -4.56305504e-01 1.44928443e+00 1.76570904e+00 2.01314211e-01
    -1.51971012e-01 -5.05681157e-01 -3.30310524e-01 -3.72236013e-01
    -6.47758991e-02 1.05270720e+00 1.13893233e-01 -4.91300337e-02
    1.54524028e+00 -9.60623100e-02 4.53072004e-02 5.13632119e-01
    5.79564631e-01 6.77850544e-01 -5.74049056e-01 1.26914036e+00
    1.36659646e+00 -2.96575576e-01 7.72004366e-01 1.23642147e+00
    2.32057557e-01 9.04556811e-01 6.19652390e-01 1.25312304e+00
    1.49349129e+00 2.19469026e-01 2.82931834e-01 1.48170650e+00
    -2.84939378e-01 6.53612435e-01 -7.51426071e-02 7.08119392e-01
    9.96802211e-01 3.50168467e-01 -3.65610212e-01 1.47402191e+00
    -3.60447705e-01 1.36297476e+00 -3.69394124e-01 -5.24723291e-01
    1.25207734e+00 6.46816969e-01 7.59808302e-01 9.18298304e-01
    1.73894420e-01 1.72686887e+00 1.50457692e+00 -1.46873325e-01
    7.20301688e-01 1.07938838e+00 1.52741706e+00 -6.41382873e-01
    1.26400697e+00 -1.33383302e-02 1.00512767e+00 8.78550470e-01
    6.22851729e-01 1.09754726e-01 -7.62367100e-02 9.97601390e-01
    6.17705941e-01 1.92333549e-01 1.02361226e+00 1.31325614e+00
    -4.26660180e-01 1.09600695e-02 6.85284972e-01 4.76996601e-01
    9.83651757e-01 7.81481043e-02 1.89377278e-01 1.30407596e+00
    -2.26901531e-01 -5.03391564e-01 -1.07410654e-01 1.46777654e+00
    1.02887142e+00 1.02362370e+00 8.96947026e-01 9.48749900e-01
    3.09000731e-01 1.25669181e+00 4.26438935e-02 9.00776982e-01
    1.77325916e+00 -3.30291763e-02 2.92038292e-01 7.66267300e-01
    1.28737545e+00 7.89343178e-01 7.92301536e-01 -4.23993021e-01
    1.62978247e-01 3.52661788e-01 -5.33438921e-01 5.00241935e-01
    3.98030758e-01 3.39071840e-01 1.17750359e+00 1.57969713e+00
    1.35723209e+00 -7.91669130e-01 1.12319756e+00 -1.95058819e-03
    -7.68867582e-02 -4.25169528e-01 1.17174125e+00 9.11928296e-01
    -1.42258048e-01 1.11198843e+00 -1.82909429e-01 1.36270237e+00
    -5.56386411e-01 -5.31667173e-01 -4.20147747e-01 -4.35581170e-02
    -1.37556314e-01 2.63700634e-01 -5.53957283e-01 7.72531182e-02
    1.06946170e+00 1.28054810e+00 -4.60516423e-01 5.37515700e-01
    -8.31642807e-01 1.11314452e+00 -7.30546057e-01 -5.40475808e-02
    -5.21413505e-01 1.74476743e+00 -3.36309701e-01 -9.26022008e-02
    1.76783979e+00 7.13742554e-01 -4.22591031e-01 -6.91748187e-02
    1.64171529e+00 2.68774241e-01 1.37805533e+00 6.07047975e-01
    9.77553427e-01 7.90561616e-01 2.72808939e-01 -1.91437025e-02
    -7.53538013e-02 -6.82494164e-01 1.38411081e+00 -4.19084251e-01
    5.96038759e-01 -2.68216543e-02 7.77710497e-01 1.15569532e+00
    -1.34265348e-02 -5.18374406e-02 1.60062239e-01 2.05954954e-01
    3.01868200e-01 6.54776216e-01 9.35695767e-02 1.37559354e+00
    1.45122921e+00 2.34451577e-01 7.00562537e-01 1.12342811e+00
    -6.68444514e-01 -6.00339174e-01 1.74415207e+00 -5.19159257e-01
    6.01585925e-01 8.99582386e-01 -2.76692986e-01 4.44339275e-01
    6.82567239e-01 3.83623272e-01 1.09829867e+00 5.84651232e-01
    8.36523592e-01 2.85250992e-01 1.17341852e+00 9.01414514e-01
    1.26680219e+00 2.52160043e-01 6.97613955e-02 1.19528735e+00
    6.84997261e-01 3.92995030e-01 1.44532070e-01 1.25288272e+00
    1.32269335e+00 -7.36664951e-01 3.54808182e-01 -1.10705838e-01
    -2.29587585e-01 5.59833527e-01 -4.74407136e-01 1.06726158e+00
    2.16452867e-01 8.39112759e-01 -4.70662892e-01 1.53861427e+00
    -6.49216354e-01 -2.49411941e-01 1.04414773e+00 -2.10050419e-01
    -2.09446698e-01 2.53911436e-01 5.37639081e-01 1.35816061e+00
    1.17198503e+00 -1.95572488e-02 4.41859454e-01 5.37368536e-01
    1.53279293e+00 -4.96430546e-01 -2.91701555e-02 6.38748884e-01
    1.61409593e+00 1.64867055e+00 9.96987581e-01 8.24441075e-01
    -1.52485371e-01 7.78676510e-01 -2.60098070e-01 -7.72359550e-01
    9.28660572e-01 9.64867711e-01 8.90272141e-01 -1.12783760e-01
    -4.66832817e-01 -4.78568614e-01 1.49487245e+00 8.74664545e-01
    5.21304131e-01 -8.63649044e-03 -1.36325806e-01 5.14706314e-01
    -2.09512278e-01 -2.75922418e-01 -5.18717945e-01 8.35769057e-01
    2.01062575e-01 -6.59271896e-01 3.74859989e-01 6.36451483e-01
    1.02782440e+00 1.06961250e+00 -2.33051240e-01 3.61102194e-01
    1.28151000e+00 -5.53273618e-01 -4.62368667e-01 1.58492088e-01
    6.23834550e-01 -3.59993607e-01 1.19380429e-02 1.21389890e+00
    5.27565777e-01 -4.70847726e-01 5.60854852e-01 8.17743003e-01
    1.08338106e+00 1.20450282e+00 1.69890547e+00 4.70878661e-01
    -6.09408729e-02 3.74339670e-01 8.15923095e-01 1.32140803e+00
    -5.84085882e-01 -3.75337958e-01 -1.28711239e-01 4.10283178e-01
    1.15237987e+00 1.51946008e+00 7.25756809e-02 1.40544403e+00
    1.01239264e+00 -2.80263633e-01 9.32811975e-01 3.00134897e-01
    -1.58370033e-01 -5.96865058e-01 -3.82945985e-01 -5.50362885e-01
    6.87527299e-01 8.59733999e-01 7.10196257e-01 6.31483018e-01
    -1.37367725e-01 1.49415433e+00 -1.36107847e-01 5.53420186e-01
    -4.31538045e-01 7.58821785e-01 -7.16175854e-01 1.34417009e+00
    6.69561386e-01 6.90335810e-01 5.04359305e-01 7.37862289e-01
    -4.91507113e-01 1.35460511e-01 -1.74217187e-02 7.39301682e-01
    1.65650630e+00 -1.44895285e-01 2.28360385e-01 4.75965858e-01
    1.02985954e+00 1.75696164e-01 7.40227640e-01 8.01592886e-01
    1.09043777e+00 3.09721708e-01 -1.31496236e-01 9.18394253e-02
    -8.83765593e-02 1.39673799e-01 8.77253354e-01 1.05571425e+00
    3.22670132e-01 -3.93033028e-01 4.91120428e-01 5.44312060e-01
    -3.00260037e-01 1.07971203e+00 1.32082939e+00 4.77037400e-01
    1.65178418e+00 -5.63733935e-01 -7.74828643e-02 -7.43025303e-01
    1.01358783e+00 -2.29553446e-01 1.43931222e+00 1.39403272e+00
    1.50920403e+00 5.14514685e-01 8.97394896e-01 -6.45958066e-01
    5.53651869e-01 1.63722885e+00 -4.18738335e-01 4.64392632e-01
    3.77674699e-02 1.15917094e-01 1.42977643e+00 1.09204084e-01
    3.46233308e-01 1.57896245e+00 8.44423413e-01 -3.72591317e-01
    -1.75546512e-01 1.29335773e+00 1.32765675e+00 6.68230951e-01
    1.20634651e+00 1.50676167e+00 1.58491135e+00 1.51942873e+00
    6.46307468e-01 -5.06419182e-01 -5.40861562e-02 3.13140988e-01
    3.79974812e-01 -5.36336839e-01 6.00242615e-01 1.17292488e+00
    -1.70324117e-01 1.68593013e+00 3.65864247e-01 1.77881145e+00
    5.77721834e-01 1.38967499e-01 1.23933220e+00 -3.41350734e-01
    1.66738081e+00 9.40320864e-02 1.12499857e+00 5.30439019e-01
    1.57666719e+00 8.00010145e-01 6.88657403e-01 -7.65451431e-01
    1.50489891e+00 3.42278123e-01 -2.40863990e-02 -4.37619686e-01
    6.22191727e-01 4.33618605e-01 6.32409334e-01 1.51843905e+00
    4.04785126e-01 -5.91359556e-01 6.89927101e-01 -2.91432589e-02
    1.47809696e+00 6.54347837e-01 7.84184754e-01 9.31849957e-01
    1.04490685e+00 7.42668986e-01 1.04380465e+00 3.29752594e-01
    -2.75561482e-01 -1.83641046e-01 3.86900008e-01 1.23196888e+00
    -4.21671830e-02 1.42998970e+00 6.80055380e-01 1.82419300e-01
    3.09774041e-01 -3.34496468e-01 1.34406221e+00 -3.74138772e-01
    5.06029725e-01 4.03774709e-01 -2.47519583e-01 7.91173726e-02
    1.26032138e+00 -4.84207064e-01 7.03624010e-01 1.42292869e+00
    -1.26978979e-01 -4.23962116e-01 1.26666439e+00 1.26388896e+00
    6.15948081e-01 1.24090075e+00 -4.82096374e-01 6.93408072e-01
    1.35632050e+00 1.70413718e-01 -1.61658615e-01 1.41360641e+00
    -4.98236001e-01 9.72918689e-01 -2.50090510e-01 4.28312212e-01
    3.58937681e-01 1.20330060e+00 5.06176174e-01 -8.02757591e-02
    -1.13694988e-01 -4.51687574e-01 1.38647628e+00 8.50432873e-01
    7.55883992e-01 1.25647318e+00 -9.80703011e-02 -9.63029787e-02
    1.04215264e+00 1.34054554e+00 5.68467498e-01 6.74696684e-01
    1.12319505e+00 -1.45187169e-01 6.67661846e-01 4.64182973e-01
    5.60386539e-01 3.01924706e-01 1.49512696e+00 -5.20929635e-01
    1.19481552e+00 -1.80962503e-01 1.78663909e+00 2.11824751e+00
    1.93434811e+00 1.13685429e+00 1.02106726e+00 3.47013772e-02
    -1.14028566e-01 -3.91037315e-01 6.95265710e-01 -1.04779713e-01
    -7.60606706e-01 1.14939570e+00 1.55736005e+00 8.23652804e-01
    1.37011480e+00 8.09390485e-01 -5.37547708e-01 -5.19519150e-01
    1.19559610e+00 5.35799086e-01 2.96479046e-01 -1.26491964e-01
    7.01832831e-01 1.83212772e-01 2.23317463e-02 2.28311904e-02
    1.22969580e+00 1.40995216e+00 4.40468043e-02 -2.09944934e-01
    2.00988322e-01 1.07142055e+00 1.21711397e+00 1.52205944e+00
    1.02504921e+00 7.67744243e-01 7.65843451e-01 1.22427750e+00
    -5.01525663e-02 1.29601753e+00 1.41993296e+00 1.33547556e+00
    1.71643877e+00 -6.24126792e-01 -6.17046654e-01 8.83495733e-02
    7.15648770e-01 1.45507467e+00 2.85482615e-01 5.64511657e-01
    1.68939567e+00 2.31116712e-01 -4.58184570e-01 -4.18505728e-01
    -3.75641942e-01 6.76531434e-01 -1.90367162e-01 1.63885009e+00
    1.48841226e+00 1.16782296e+00 -6.88794911e-01 1.07564771e+00
    1.36053145e+00 1.25520062e+00 8.02436948e-01 7.43357956e-01
    9.06514302e-02 4.63128716e-01 -2.74991840e-01 1.30163145e+00
    3.37410957e-01 1.37549543e+00 7.91315079e-01 1.42442524e+00
    1.19158983e+00 -3.44689369e-01 1.52730485e-02 7.93167055e-01
    1.36561215e-01 2.56822199e-01 1.15544781e-01 5.34171045e-01
    9.19683099e-01 1.60459375e+00 8.67229104e-01 -6.86264873e-01
    4.77736443e-01 -1.44699216e-01 -4.93081897e-01 -4.57664788e-01
    6.30326152e-01 1.31974232e+00 1.08937371e+00 1.53743970e+00
    -6.79294944e-01 2.50737160e-01 5.17546475e-01 5.95647037e-01
    1.33919203e+00 8.60837102e-02 4.29112136e-01 9.25131440e-01
    1.27183521e+00 1.29342377e-01 -3.31849098e-01 1.13461041e+00
    1.11044240e+00 -5.18568099e-01 -2.47269481e-01 1.35934532e+00
    1.28754318e+00 1.96699291e-01 2.94174224e-01 7.66421556e-01
    2.76281059e-01 -4.15698409e-01 9.87795353e-01 5.09288728e-01
    -3.09928685e-01 1.56345832e+00 1.39201581e+00 9.46212947e-01
    -8.83721486e-02 8.21222842e-01 1.15273428e+00 1.14908791e+00
    1.29788518e+00 2.27065414e-01 1.21620491e-01 -4.98697236e-02
    -1.51067212e-01 1.14043212e+00 -2.18131229e-01 -5.99252462e-01
    4.31320369e-01 2.19550043e-01 1.64793861e+00 -3.89218956e-01
    1.18600798e+00 1.24415480e-01 1.40751386e+00 6.48612440e-01
    1.17813003e+00 -7.90807605e-02 -1.54446840e-01 7.32057273e-01
    -5.43849528e-01 -5.41679442e-01 3.83874416e-01 1.17474568e+00
    -1.73119977e-01 -1.28638014e-01 1.43463683e+00 1.19542503e+00
    -3.11314940e-01 -2.12891161e-01 1.57343671e-01 6.39399111e-01
    1.50007319e+00 9.76408422e-01 -4.09350507e-02 7.74419427e-01
    3.34423602e-01 4.32001173e-01 1.10358226e+00 5.41417897e-01
    1.45327258e+00 3.65603417e-01 -1.70800567e-01 1.47052944e+00
    1.43907750e+00 1.00945091e+00 6.96956813e-01 1.32119095e+00
    -6.69277132e-01 9.17692184e-01 1.77731287e+00 1.82069913e-01
    -4.66680348e-01 -1.33937955e-01 1.08117366e+00 7.29977131e-01
    2.49595806e-01 1.06545579e+00 8.72350395e-01 -3.62928808e-01
    -4.89996076e-01 1.06606817e+00 1.42848504e+00 1.32959938e+00
    1.54268944e+00 4.89932269e-01 1.38930714e+00 9.97506201e-01
    8.79198372e-01 -2.10416451e-01 5.73841214e-01 1.52925873e+00
    1.58298224e-01 1.16414583e+00 2.40633592e-01 1.18952453e+00
    -4.96722519e-01 -2.94203639e-01 1.00199521e+00 3.40477735e-01
    7.75173247e-01 1.44008720e+00 -4.57761705e-01 -1.37179688e-01
    2.80392051e-01 1.28379226e+00 -2.95256883e-01 1.14583910e+00
    -7.04880953e-01 3.18104982e-01 2.47405961e-01 5.17817557e-01
    4.52698618e-01 4.81264800e-01 4.68030035e-01 1.34261620e+00
    1.50958136e-01 1.55902338e+00 4.66887385e-01 7.03033805e-01
    -4.09381211e-01 -1.69421062e-02 1.36137044e+00 6.88161850e-01
    2.73111045e-01 5.33944428e-01 6.19930208e-01 4.67386484e-01
    6.22490831e-02 4.58570689e-01 1.54583156e+00 -1.70120910e-01
    9.01410103e-01 1.35441315e+00 -4.73508775e-01 -4.38816398e-02
    7.27439523e-01 5.02898574e-01 2.50748366e-01 7.15323687e-01
    1.59831583e+00 -2.92623252e-01 8.72760355e-01 6.03117764e-01
    -4.57746953e-01 -2.63511032e-01 1.29899669e+00 1.14245331e+00
    -5.24154186e-01 -1.05274029e-01 -5.12426317e-01 2.19448280e+00
    2.16047585e-01 -9.74664390e-02 -6.80545509e-01 1.17303801e+00
    8.09610069e-01 6.91346765e-01 4.99871820e-01 1.20787799e+00
    3.72322649e-02 2.44457468e-01 2.12779775e-01 6.64272666e-01
    -4.40557599e-01 1.53599679e+00 -2.31658235e-01 2.50737518e-01
    1.30771387e+00 1.57995343e+00 7.15794981e-01 7.99060822e-01
    7.72813022e-01 1.42639041e+00 -5.87196708e-01 -6.54749870e-02
    7.47712255e-02 -2.14223593e-01 1.26651123e-01 -4.17372644e-01
    1.64310157e+00 5.14340103e-01 -1.87307119e-01 -1.24535985e-01
    2.65206605e-01 -2.10949689e-01 -5.37880719e-01 4.33732718e-01
    1.60055912e+00 9.12751108e-02 -1.54880390e-01 1.60626864e+00
    4.76561278e-01 4.18181151e-01 3.98123324e-01 3.31124902e-01
    4.92577583e-01 4.42722470e-01 -4.89186078e-01 -6.88190937e-01
    1.42561638e+00 -2.76853085e-01 -5.91743052e-01 9.62636888e-01
    1.12469554e+00 1.27559662e+00 -3.59622568e-01 8.58832181e-01
    -4.49725449e-01 -6.49610281e-01 1.47281754e+00 1.37656820e+00
    2.37788901e-01 -3.96034300e-01 1.51514125e+00 -4.02960926e-01
    -6.35715783e-01 1.30863667e+00 1.41765845e+00 1.43822038e+00
    1.42954779e+00 5.95864177e-01 5.16495764e-01 1.55945086e+00
    -5.16540527e-01 1.90967098e-02 6.74466908e-01 -5.48763573e-01
    2.31111020e-01 5.41447341e-01 5.86529434e-01 1.58836925e+00
    -3.99321645e-01 1.76627129e-01 1.63775110e+00 1.02780569e+00
    -4.86071378e-01 3.24081808e-01 1.69141853e+00 2.67033339e-01
    -5.87941110e-01 1.59015954e+00 4.19510931e-01 -7.87746236e-02
    -5.63292205e-01 -4.86988157e-01 -1.88846484e-01 1.10449374e+00
    -3.72018367e-01 8.32166970e-01 6.19493544e-01 6.20676458e-01
    -2.00471133e-01 1.11299241e+00 -9.89053398e-02 1.37094033e+00
    4.50413048e-01 1.55249989e+00 -5.62180281e-01 6.73336267e-01
    1.32722151e+00 5.83133996e-01 2.36529291e-01 1.05216765e+00
    9.41328466e-01 -5.27673006e-01 -1.43365311e-02 -3.76903743e-01
    1.44278991e+00 -2.57503569e-01 1.49212205e+00 -1.25505999e-01
    -6.53656662e-01 2.95682788e-01 6.96671486e-01 4.26893234e-01
    6.19624197e-01 1.14615679e+00 1.27295208e+00 -4.26526427e-01
    -4.08709258e-01 1.02763462e+00 1.70355892e+00 -4.69053149e-01
    -7.55840316e-02 3.25699776e-01 1.21974504e+00 7.39880323e-01
    5.41224658e-01 3.19163173e-01 -5.94492316e-01 2.33560994e-01
    1.53606260e+00 9.20190632e-01 1.17029631e+00 9.87835824e-01
    3.21467191e-01 -2.30721369e-01 1.65741548e-01 -6.08325183e-01
    2.49511581e-02 1.89455533e+00 -5.49768627e-01 1.01262534e+00
    1.71083295e+00 9.68365967e-01 -2.44398221e-01 -5.76977313e-01
    1.73668623e+00 -7.17186332e-02 1.49372173e-02 1.55767217e-01
    9.50910985e-01 8.24487627e-01 2.98073530e-01 3.17844599e-01
    -4.95890766e-01 -4.22889322e-01 4.40771401e-01 1.19631338e+00
    -1.30508035e-01 1.21824443e+00 -7.57742226e-01 7.05552816e-01
    7.73994446e-01 1.08515859e+00 2.31715098e-01 1.75896358e+00
    2.92779505e-01 -5.55713177e-01 2.97477245e-01 1.29699385e+00
    -1.40580609e-02 1.17363364e-01 -4.03123587e-01 -2.18987465e-01
    -3.11569542e-01 1.37837565e+00 -2.77748883e-01 -3.14974338e-01
    -2.90330470e-01 -4.09970134e-02 8.96651089e-01 -4.95825976e-01
    -1.56287879e-01 1.64563179e+00 1.28543162e+00 1.55817544e+00
    1.07667908e-01 9.63006735e-01 9.10703003e-01 1.33647692e+00
    9.67262685e-01 1.39528108e+00 1.05039227e+00 2.90152967e-01
    6.39936566e-01 7.86386788e-01 1.46924591e+00 1.14602101e+00
    5.91545165e-01 1.37882423e+00 4.87831533e-01 4.05627817e-01
    -7.53591359e-01 1.13870513e+00 8.49029422e-01 1.37154138e+00
    -2.02135697e-01 1.28223169e+00 -2.48414114e-01 -6.07571423e-01
    1.98549345e-01 1.22746468e+00 -2.90714949e-01 1.40733004e+00
    1.69858885e+00 -2.51996130e-01 -5.10813057e-01 -6.77782059e-01
    1.63831270e+00 3.52347732e-01 1.58916855e+00 2.89454639e-01
    -4.53759421e-04 1.57022998e-01 1.24922192e+00 3.47324386e-02
    8.85915577e-01 5.19484937e-01 1.43855000e+00 6.14446163e-01
    3.85777414e-01 -6.30194187e-01 9.11338389e-01 9.34164405e-01
    -3.23737741e-01 -2.37491913e-02 1.09893405e+00 1.07863331e+00
    1.25018620e+00 3.76845933e-02 1.46293008e+00 1.06405959e-01
    9.09357071e-01 5.53296447e-01 1.75989127e+00 1.94923859e-02
    1.87377882e+00 6.01662159e-01 1.38545275e+00 1.04992700e+00
    2.28462201e-02 8.42356607e-02 9.95488048e-01 -7.63970137e-01
    1.38479042e+00 7.81578541e-01 8.66394401e-01 1.39798009e+00
    1.53965843e+00 1.27391994e+00 3.78153890e-01 4.97956574e-01
    -1.14467762e-01 6.61197007e-01 -7.24229634e-01 1.31792045e+00
    1.12307394e+00 -5.37490845e-01 1.48573470e+00 4.16927129e-01
    6.07229531e-01 1.67142045e+00 8.84850264e-01 1.07917261e+00
    9.74211574e-01 1.49758732e+00 4.04291779e-01 7.00397253e-01
    5.95137775e-01 1.44174123e+00 8.21163893e-01 -1.99555174e-01
    -5.20376623e-01 2.24917620e-01 1.27238035e+00 1.17061830e+00
    6.86261773e-01 -4.73963439e-01 1.59869957e+00 8.74595046e-01
    1.51819587e+00 -8.46931115e-02 1.59828401e+00 1.24044955e+00
    -4.68873054e-01 1.30639291e+00 7.82074690e-01 1.24392986e+00
    1.36134279e+00 7.69889235e-01 1.42848825e+00 -6.39245629e-01
    -4.42920148e-01 8.27499568e-01 6.58311665e-01 -2.47914255e-01
    2.65549451e-01 1.64403749e+00 3.76350135e-01 1.31994677e+00
    6.41212940e-01 -4.28731680e-01 -4.84614611e-01 2.32333302e-01
    -6.96957767e-01 1.69047043e-01 1.58760953e+00 3.31275553e-01
    8.67056429e-01 8.91725361e-01 1.00893617e+00 6.24916553e-01
    -1.60488695e-01 -5.72680729e-03 3.88062537e-01 1.26800740e+00
    4.02889609e-01 1.06904423e+00 1.76379955e+00 2.30333418e-01
    2.13605054e-02 3.22374105e-01 1.05980897e+00 4.72042382e-01
    -6.03035353e-02 1.54978096e-01 -4.98775393e-01 -2.83323318e-01
    7.57981896e-01 1.47094250e+00 -1.83998063e-01 1.75972807e+00
    -6.93973243e-01 6.76401556e-02 1.48476541e+00 6.02935672e-01
    -1.78824022e-01 8.19453597e-01 1.08614242e+00 -2.56179959e-01
    7.61925817e-01 1.41213059e+00 1.15894711e+00 -8.48827064e-02
    3.98588985e-01 1.62188375e+00 5.01897335e-01 8.05899918e-01
    1.51958644e+00 1.24303663e+00 -5.58640897e-01 1.68324447e+00
    5.04989684e-01 5.84910512e-01 1.55917251e+00 1.03335381e+00
    1.53771028e-01 1.43901467e+00 1.01335609e+00 1.50336409e+00
    -1.42360374e-01 7.13364840e-01 -3.12321156e-01 3.11393708e-01
    6.03293777e-01 6.62299216e-01 1.07722151e+00 1.66596484e+00
    1.58235610e-01 8.20084035e-01 3.73531997e-01 1.11011851e+00
    1.40772021e+00 1.28998101e+00 1.34829557e+00 4.45764303e-01
    -5.67836285e-01 1.44894743e+00 -3.21193159e-01 -6.79376781e-01
    -8.13983455e-02 1.49362981e+00 3.53849232e-01 1.22312760e+00
    2.08307564e-01 -4.46647555e-01 -7.34106600e-02 -3.13699543e-01
    -3.34022194e-01 8.36582243e-01 1.68181407e+00 1.92739919e-01
    4.16167110e-01 -5.16858280e-01 9.55763683e-02 7.20948994e-01
    -3.87532622e-01 5.54722369e-01 6.25687778e-01 8.37326407e-01
    4.32634503e-01 2.76327372e-01 -3.27824175e-01 1.20633996e+00
    -3.48732144e-01 3.01486701e-01 4.14610386e-01 1.68144453e+00
    2.75506079e-01 8.84561539e-01 3.88401508e-01 -3.69308352e-01
    7.31302142e-01 3.01859975e-01 -3.68219614e-01 1.66070199e+00
    -5.00500917e-01 5.26040018e-01 3.53152573e-01 1.39292884e+00
    5.21563292e-01 1.15020728e+00 1.05360270e+00 -4.89643425e-01
    -1.84419557e-01 -5.22910774e-01 1.41802216e+00 1.09801614e+00
    5.70406877e-02 4.84440327e-01 -5.31650484e-01 -4.91660088e-02
    6.01507843e-01 1.49883711e+00 -7.31078535e-02 7.08264470e-01
    -1.42851353e-01 4.39720124e-01 1.23264933e+00 1.01505685e+00
    -6.44634366e-01 -2.50667274e-01 5.07674851e-02 8.05124819e-01
    -1.50153652e-01 1.76277173e+00 -3.41119647e-01 1.00564325e+00
    1.49454165e+00 1.29172146e+00 1.35699475e+00 1.49756432e+00
    7.24296093e-01 1.50910985e+00 6.91148520e-01 -2.28590712e-01
    6.99599504e-01 1.07047760e+00 -7.95154124e-02 1.03896642e+00
    -6.03386879e-01 -5.68071008e-01 1.19230282e+00 -1.70650393e-01
    1.02407587e+00 -1.43522441e-01 1.01483977e+00 1.42902672e-01
    -3.65286648e-01 4.41948026e-01 6.56795382e-01 -1.60272256e-01
    6.16072297e-01 1.47262347e+00 4.23063040e-01 1.00504726e-01
    1.03956789e-01 1.47644997e+00 8.91748428e-01 -4.56090480e-01
    4.95952338e-01 -1.52700603e-01 1.16551483e+00 1.03884184e+00
    7.87384093e-01 8.64600122e-01 5.34303546e-01 5.58402121e-01
    1.71710610e+00 9.80188012e-01 2.16016527e-02 1.24786270e+00
    2.06363082e-01 9.27427292e-01 4.23863418e-02 3.88966858e-01
    1.48463035e+00 9.07942772e-01 -5.81214614e-02 1.03582728e+00
    1.43122137e+00 -3.34690176e-02 9.86840665e-01 1.23058760e+00
    1.01160264e+00 1.01313877e+00 5.25010347e-01 1.50684166e+00
    6.16115093e-01 1.40504146e+00 1.04134977e+00 -2.40926147e-01
    5.02782106e-01 3.45047176e-01 6.88775361e-01 -3.88028294e-01
    -4.12016124e-01 4.42656368e-01 -5.40654302e-01 1.19863987e+00
    1.49323308e+00 9.52719152e-01 1.16381896e+00 8.87957990e-01
    -3.40799451e-01 5.09386718e-01 -1.09830372e-01 4.19306792e-02
    1.26963782e+00 3.18876415e-01 -4.93480861e-01 8.49525154e-01
    6.09558165e-01 9.94742036e-01 1.45274289e-02 -5.09042919e-01
    -5.48622727e-01 3.67267758e-01 1.61922050e+00 5.88016748e-01
    -5.78591973e-02 8.50345910e-01 1.46386969e+00 1.06822872e+00
    -3.76951367e-01 -2.56605476e-01 1.62520659e+00 1.45934987e+00
    -1.16796903e-01 -1.62790820e-01 4.80429500e-01 1.55871880e+00
    -1.60208017e-01 -6.11110210e-01 -2.33295381e-01 -5.50563991e-01
    9.37169552e-01 8.29779446e-01 3.00092578e-01 4.12237167e-01
    -4.43587959e-01 -3.37353915e-01 1.37779415e+00 1.31923091e+00
    1.64447892e+00 1.31073058e-01 -4.80583087e-02 4.27645952e-01
    1.21443057e+00 -3.78712088e-01 8.55671287e-01 -3.49122077e-01
    1.72043300e+00 -5.50912857e-01 2.74745170e-02 -3.77358824e-01
    -4.00863230e-01 9.05692160e-01 6.46771193e-01 4.39417183e-01
    2.07034901e-01 3.05027544e-01 7.73617089e-01 1.11956966e+00
    1.33323669e-01 -5.02464473e-01 1.47457886e+00 -5.34837484e-01
    1.05974698e+00 4.28136617e-01 6.96126878e-01 -5.11981428e-01
    8.14737141e-01 -9.50512290e-02 6.66080773e-01 1.21456635e+00
    -5.55834591e-01 -9.30525810e-02 8.92934740e-01 7.31898367e-01
    -7.45348454e-01 9.32437360e-01 2.24497750e-01 1.26394904e+00
    -5.28663158e-01 4.83115107e-01 -1.14505470e-01 -2.61447668e-01
    1.34972012e+00 3.23381275e-01 8.97266746e-01 -3.11512530e-01
    -6.42964065e-01 3.25974017e-01 -2.65454710e-01 8.60370994e-01
    -1.17288753e-01 -1.07846752e-01 -4.59425598e-01 -3.17421556e-02
    -2.29470521e-01 1.32589412e+00 4.11885560e-01 8.99337903e-02
    1.47941753e-01 -2.17453331e-01 -5.05548775e-01 6.01230681e-01
    2.21502528e-01 -6.64094031e-01 4.58333850e-01 2.41536707e-01
    -3.47886503e-01 -3.51857185e-01 -2.07424089e-01 1.09848011e+00
    1.44407463e+00 3.96666497e-01 1.50576770e+00 -5.49395084e-01
    1.20708549e+00 1.43900919e+00 4.99359280e-01 1.61886036e-01
    -1.83530495e-01 5.23004830e-01 5.19768238e-01 9.16638613e-01
    4.82727915e-01 -4.57587153e-01 1.07067294e-01 1.47705376e-02
    7.64331281e-01 1.48672092e+00 1.50252879e+00 -3.28266360e-02
    -2.09030330e-01 -3.97142053e-01 5.25181234e-01 5.06399684e-02
    -6.35830045e-01 1.02021241e+00 -9.68001783e-02 1.10471535e+00
    -1.02487996e-01 -1.93405747e-01 -3.06974471e-01 3.46763939e-01
    1.77762240e-01 2.22830042e-01 1.60409808e+00 2.91729867e-01
    1.12879229e+00 1.35550261e+00 1.53777361e+00 3.20595037e-03
    1.53916478e+00 8.03215265e-01 -5.27917504e-01 1.75172842e+00
    1.40309548e+00 2.64063403e-02 1.13833213e+00 -5.22058249e-01
    3.70510399e-01 -1.20708197e-01 6.52353883e-01 -4.02962148e-01
    -9.01670307e-02 1.19916964e+00 -2.15503536e-02 8.37542534e-01
    6.09293103e-01 1.10624087e+00 9.26284611e-01 7.20695496e-01
    -7.52659619e-01 8.55749249e-01 1.62917781e+00 -6.14834607e-01
    -5.57510734e-01 1.62037456e+00 -1.96391478e-01 -4.55577552e-01
    -4.79942232e-01 1.66692090e+00 -5.90553701e-01 -3.67504209e-01
    -4.55486059e-01 1.10790038e+00 1.54609358e+00 2.10825175e-01
    1.09510863e+00 7.82664046e-02 1.27047122e-01 1.38709354e+00
    1.00838947e+00 1.39929247e+00 -5.42521656e-01 1.40291405e+00
    -7.98662305e-01 1.28240585e+00 7.62434185e-01 4.56310064e-01
    1.22771537e+00 -7.49892145e-02 -1.19976429e-02 1.37962568e+00
    -4.05297726e-01 1.17512000e+00 1.24343216e+00 1.42399824e+00
    -1.63249478e-01 -5.41294515e-01 7.20504940e-01 6.56115055e-01
    1.83854446e-01 4.56090003e-01 5.45780718e-01 -9.42082331e-02
    9.55507576e-01 1.29220867e+00 3.97818059e-01 2.96184689e-01
    -5.86257577e-01 6.15932643e-02 5.80807567e-01 2.39657664e+00
    -6.25283420e-02 5.64618766e-01 9.24730420e-01 2.22960114e-01
    -2.59466529e-01 1.59217691e+00 1.57339442e+00 -1.67297244e-01
    -2.32834637e-01 1.49591851e+00 -8.52895379e-02 -1.95547819e-01
    -3.14628065e-01 -7.64385581e-01 2.76165873e-01 8.29536140e-01
    -5.79819620e-01 -1.69001102e-01 1.59637725e+00 1.56918693e+00
    1.63442397e+00 2.04859264e-02 -5.37269890e-01 -3.69311929e-01
    1.50792539e+00 7.38454759e-01 -2.14848489e-01 -6.27153456e-01
    -6.52264595e-01 9.79119420e-01 -7.80879617e-01 1.16538191e+00
    1.06763434e+00 8.76348495e-01 1.59345448e-01 9.48843360e-01
    1.09784067e-01 6.31984890e-01 1.26656324e-01 8.75665009e-01
    -2.53012657e-01 1.61863649e+00 8.86756003e-01 1.23488641e+00
    -7.02827692e-01 -4.32874411e-01 1.99603185e-01 1.61368787e+00
    1.40430570e+00 4.34582159e-02 6.72365166e-03 1.26657212e+00
    -4.28959966e-01 2.38749638e-01 -3.60732138e-01 -1.50689408e-01
    6.86636209e-01 7.61485457e-01 7.73961544e-01 -5.45791984e-01
    -1.16245516e-01 7.96616226e-02 5.01614988e-01 9.09844637e-01
    4.62727070e-01 1.55178368e+00 1.36960340e+00 4.56986129e-02
    1.07349932e+00 1.00214660e+00 -3.31200629e-01 1.15959930e+00
    -4.10803258e-01 -3.00478578e-01 -1.06809162e-01 1.55496001e+00
    1.01740313e+00 -3.89845729e-01 1.16539471e-01 -5.02074301e-01
    1.54929364e+00 -2.81195521e-01 1.32067692e+00 1.24037349e+00
    -1.62408009e-01 -4.52771723e-01 1.19241905e+00 -3.72220725e-01
    -5.41865408e-01 6.17024839e-01 8.72871816e-01 -9.37669799e-02
    1.73201704e+00 -3.17173123e-01 1.68597746e+00 -1.36909127e-01
    1.27290404e+00 1.07279098e+00 1.59843177e-01 1.39854360e+00
    -3.02464247e-01 3.91453266e-01 -7.45215714e-01 1.40398502e-01
    1.17591813e-01 -3.46611649e-01 1.66208041e+00 7.74137437e-01
    -2.11819530e-01 1.22216415e+00 6.35095537e-01 4.88343894e-01
    1.02509844e+00 1.01769543e+00 -4.94808674e-01 8.00762057e-01
    3.45385134e-01 3.62728328e-01 7.44764626e-01 -4.61078584e-02
    3.25419784e-01 8.24892759e-01 1.50528264e+00 1.46273941e-01
    -5.95755517e-01 9.68189895e-01 1.43017161e+00 1.55605686e+00
    6.28604650e-01 1.68615782e+00 7.57368505e-01 5.38994491e-01
    4.41941589e-01 1.27651560e+00 7.31053472e-01 2.83049792e-01
    3.17734778e-01 1.66637838e+00 9.07159984e-01 -4.68641907e-01
    1.90705266e-02 -4.03328091e-01 6.81165457e-01 -6.50888801e-01
    1.34201884e+00 5.19979477e-01 1.13744998e+00 -2.83597201e-01
    -6.51631117e-01 -1.27566800e-01 1.43789184e+00 -4.03070271e-01
    1.56589717e-01 -1.49053022e-01 1.43523884e+00 3.39532495e-01
    1.54365110e+00 -1.31664172e-01 1.01624668e+00 5.58645964e-01
    1.19523454e+00 5.51856399e-01 6.49190545e-01 1.59060502e+00
    9.23590302e-01 -6.70636594e-02 -6.90412521e-02 1.37805605e+00
    1.26233780e+00 1.37028068e-01 1.22934735e+00 -5.69223285e-01
    1.67978179e+00 -2.00036034e-01 1.05879807e+00 1.18941151e-01
    -2.49220446e-01 1.09590697e+00 -3.23919713e-01 -1.47553891e-01
    1.52663600e+00 -6.52828097e-01 -6.53672218e-01 7.41562247e-01
    -1.56882435e-01 -2.03828797e-01 1.67982829e+00 -1.21609136e-01
    -6.07603371e-01 -5.53031862e-01 7.50250340e-01 -5.60205162e-01
    -4.82616454e-01 -4.78220126e-03 7.30454266e-01 8.76905739e-01
    1.11989701e+00 8.08971941e-01 1.29794097e-02 1.44472349e+00
    -2.90158153e-01 5.68769395e-01 -5.69180608e-01 -3.60851794e-01
    1.17118144e+00 1.04950476e+00 1.71823227e+00 1.44362748e+00
    -5.81827760e-01 9.45342720e-01 -6.72444761e-01 1.35282516e+00
    2.23987758e-01 1.10696328e+00 7.52037168e-01 -5.56674182e-01
    9.94741678e-01 -3.11509550e-01 1.03923130e+00 9.24658775e-01
    5.07120848e-01 8.10555741e-02 1.60992575e+00 1.46855652e+00
    1.32971621e+00 7.80351579e-01 1.19293606e+00 7.07995296e-02
    1.52464116e+00 5.73979974e-01 -3.84218395e-01 8.08344960e-01
    1.46907389e+00 7.44342327e-01 7.56270349e-01 1.69388211e+00
    -1.81265131e-01 1.11829281e+00 9.97499168e-01 1.51561111e-01
    2.03015044e-01 1.08750200e+00 1.04166007e+00 1.34646904e+00
    6.66363180e-01 -3.99903208e-01 9.15660560e-02 -4.20436403e-03
    7.29495287e-01 -6.26473188e-01 -5.34326255e-01 -3.87608498e-01
    1.14452049e-01 1.74600279e+00 1.28079081e+00 1.24810219e+00
    1.10175097e+00 5.41211665e-01 -4.07790273e-01 4.75370347e-01
    9.42489624e-01 -1.95024222e-01 8.69907439e-02 -2.48305202e-01
    1.17145050e+00 -6.88889682e-01 8.88631403e-01 9.70969975e-01
    5.48694074e-01 9.83984709e-01 1.03196764e+00 5.64752698e-01
    -6.97501242e-01 6.97873980e-02 -6.28494799e-01 5.66609502e-01
    9.48109031e-01 1.43616331e+00 2.76005656e-01 6.23680472e-01
    2.66724497e-01 1.63427782e+00 -3.12788725e-01 4.61240321e-01
    4.83032614e-01 1.29594052e+00 -1.25501588e-01 1.37226033e+00
    1.23355675e+00 4.97546792e-01 -2.22301513e-01 1.10136807e+00
    -6.71115100e-01 1.07161665e+00 -1.75391026e-02 5.79454839e-01
    1.18430726e-01 8.86655211e-01 1.48794234e+00 1.28243792e+00
    -5.78312337e-01 5.17833233e-01 1.32422507e+00 1.56453609e+00
    -4.37485695e-01 -3.64502102e-01 1.44766772e+00 -5.47288120e-01
    4.80160750e-02 7.27578044e-01 2.38779224e-02 -2.10626185e-01
    1.12583876e+00 -5.62774420e-01 3.58602107e-01 6.14928484e-01
    -1.41131192e-01 1.33840489e+00 1.34702933e+00 1.49937856e+00
    3.90672326e-01 1.24936736e+00 1.07190764e+00 1.44391966e+00
    1.23074639e+00 6.94073379e-01 1.64606190e+00 3.63107175e-02
    -2.88291723e-01 2.84833252e-01 1.08911061e+00 -1.07804976e-01
    3.10647666e-01 1.66964746e+00 1.20015752e+00 3.55094492e-01
    1.16373748e-01 5.45215726e-01 -9.81701463e-02 1.50752634e-01
    -2.74602145e-01 7.62115180e-01 -3.31633240e-02 1.07136393e+00
    8.53423595e-01 1.48866354e-02 1.45785356e+00 -1.34799629e-01
    1.19333673e+00 -7.85855830e-01 6.26297966e-02 1.55552173e+00
    4.77379680e-01 4.98804480e-01 5.21437645e-01 6.27012491e-01
    1.09800577e+00 1.05347621e+00 9.47044194e-01 9.45389986e-01
    1.62450635e+00 1.71731099e-01 -2.42065459e-01 -4.64977354e-01
    1.34415364e+00 -5.95050454e-01 1.62434053e+00 -7.36733854e-01
    2.28032723e-01 1.58485460e+00 3.44342947e-01 2.44993180e-01
    1.39755440e+00 1.17052090e+00 -5.53694963e-01 6.06204093e-01
    1.41496587e+00 2.37680137e-01 2.18727991e-01 -3.49182598e-02
    -1.43284023e-01 4.83305156e-01 1.62002671e+00 9.51184154e-01
    6.17443547e-02 -5.19119024e-01 2.61586785e-01 -2.73260653e-01
    8.96520853e-01 2.11824611e-01 3.15264374e-01 7.75108755e-01
    7.72679150e-01 1.35772061e+00 1.01865590e+00 -4.76676315e-01
    1.78778350e+00 9.85059917e-01 1.01503277e+00 1.59992930e-02
    7.17684686e-01 1.36714220e+00 -2.18436643e-01 1.39954233e+00
    1.39780414e+00 -6.22139156e-01 7.36199319e-01 1.84775859e-01
    4.57171768e-01 1.23862803e+00 -1.21776164e-01 1.56529474e+00
    -3.01739633e-01 -4.47606713e-01 -3.36830586e-01 3.95423800e-01
    4.59834456e-01 1.49320364e+00 6.03023991e-02 2.39073858e-01
    7.84079015e-01 1.88267857e-01 -3.61350566e-01 9.20785069e-01
    1.59306276e+00 4.44214821e-01 -2.92089880e-01 -2.76090831e-01
    6.94372118e-01 -3.78956437e-01 5.28272152e-01 8.87900591e-01
    1.52709508e+00 -3.25465322e-01 4.44910377e-01 1.53628230e+00
    1.23434174e+00 8.57557058e-02 5.05810902e-02 1.84799850e-01
    8.92486423e-02 -2.73505539e-01 1.42494357e+00 -4.21616614e-01
    8.82442236e-01 9.38095629e-01 1.56151742e-01 4.70574051e-01
    1.64509940e+00 1.04840076e+00 -7.67027736e-01 1.63893294e+00
    1.14355254e+00 9.87725198e-01 -7.56221861e-02 9.68786120e-01
    4.79510069e-01 1.02980101e+00 1.42650187e+00 6.53624058e-01
    -4.17040199e-01 -7.28129923e-01 8.27284873e-01 1.96174815e-01
    -3.21727455e-01 5.85801490e-02 5.21697640e-01 8.12148809e-01
    1.41525888e+00 5.34438968e-01 -1.11405604e-01 -2.11807773e-01
    5.00334382e-01 7.14768350e-01 2.25794449e-01 1.34082949e+00
    8.05821359e-01 3.47395927e-01 -5.70164204e-01 9.63357270e-01
    -5.57732694e-02 1.29065704e+00 8.65913332e-01 1.47436643e+00
    1.48117113e+00 1.41489553e+00 -2.54803270e-01 1.45427549e+00
    -4.81225073e-01 8.78662467e-01 9.78061974e-01 1.07674122e-01
    6.40305042e-01 -1.91590190e-01 -3.17908794e-01 -1.57334164e-01
    7.69807324e-02 3.91119421e-01 1.26177871e+00 -6.95042908e-01
    7.72033036e-01 4.64664876e-01 6.57565668e-02 2.54195388e-02
    1.14110231e+00 5.33966899e-01 1.19538355e+00 1.40194011e+00
    7.29979098e-01 -3.59684110e-01 -3.16800684e-01 1.49794638e+00
    2.69181967e-01 7.59298205e-01 3.69642377e-01 7.68228173e-01
    1.62490273e+00 1.25604904e+00 -8.11846033e-02 6.76161528e-01
    4.69992995e-01 1.30571902e+00 -5.86870134e-01 1.18706274e+00
    1.65722179e+00 3.32972631e-02 1.12486637e+00 9.08164978e-01
    -4.79342580e-01 1.40850091e+00 9.16034043e-01 2.26155803e-01
    1.58652210e+00 1.16680518e-01 -2.18004584e-01 1.24233556e+00
    -1.50698379e-01 2.21847534e-01 -5.30232668e-01 -5.45516074e-01
    4.32661563e-01 1.55391788e+00 -3.84930633e-02 5.53915322e-01
    -4.01561141e-01 -1.28131747e-01 4.65880781e-02 -4.23737437e-01
    1.12689626e+00 -1.25380501e-01 6.20388269e-01 9.97761488e-01
    -3.87476832e-01 -4.97816980e-01 -6.86368227e-01 1.28528118e-01
    1.37063861e+00 1.18447912e+00 2.26659611e-01 3.07601452e-01
    1.14575183e+00 1.17307949e+00 4.02946204e-01 8.42593789e-01
    -5.80334544e-01 -3.19035470e-01 8.59335244e-01 1.18754935e+00
    2.36893490e-01 1.48003566e+00 6.31339312e-01 8.38365972e-01
    3.06630582e-01 2.25985069e-02 1.72297978e+00 -2.83610076e-01
    1.27355707e+00 -3.53335351e-01 -1.88403621e-01 -6.32487237e-01
    -1.30011320e-01 -4.78602499e-02 -1.32369816e-01 -3.18008542e-01
    4.80790645e-01 1.24953508e+00 1.87660590e-01 4.11392123e-01
    2.06847027e-01 6.55058682e-01 1.22500050e+00 -4.72102851e-01
    8.82887304e-01 -3.60636592e-01 1.54668093e+00 2.38078404e-02
    2.63927162e-01 1.43677616e+00 1.40899301e-01 -3.31121713e-01
    -3.33524644e-01 -8.69489387e-02 3.22119087e-01 4.66757864e-01
    1.27875507e-01 3.24721076e-02 1.32930827e+00 6.50163651e-01
    1.31371963e+00 -4.99090344e-01 -5.09523988e-01 3.19382429e-01
    1.52455962e+00 -3.46013337e-01 1.23890936e+00 1.43081510e+00
    -1.23953111e-01 1.31525135e+00 1.10334730e+00 5.74797988e-01
    1.82524785e-01 1.75543785e+00 8.10792625e-01 1.68175101e-01
    1.56614566e+00 9.69786942e-01 1.32469583e+00 1.59506142e+00
    -2.31619194e-01 1.99719653e-01 1.54610026e+00 4.93422419e-01
    -3.75909060e-01 1.52522624e-02 1.17907238e+00 9.14361000e-01
    3.20776820e-01 3.96947283e-03 8.71055305e-01 -8.34760442e-02
    -3.28391731e-01 -3.52615625e-01 4.12255563e-02 1.28303647e+00
    6.79401994e-01 4.59053278e-01 2.14739610e-02 -5.10406315e-01
    3.71721774e-01 6.83436036e-01 -2.45739762e-02 -4.44839269e-01
    1.69377422e+00 1.32117414e+00 1.11719966e+00 1.70156971e-01
    7.70143978e-03 1.40927064e+00 -1.13009848e-01 -6.34887874e-01
    1.29414439e+00 -4.08472925e-01 -5.47890365e-01 -2.05495015e-01
    -2.75640845e-01 -2.90672451e-01 1.43840706e+00 9.64874089e-01
    -5.35704195e-01 1.39632034e+00 1.97982356e-01 -3.18826228e-01
    1.52011037e+00 -9.17506292e-02 2.14485437e-01 1.24822271e+00
    -2.44114518e-01 1.61588311e+00 1.17887843e+00 -4.79734570e-01
    1.62062597e+00 2.22207233e-01 -3.14008862e-01 8.17574501e-01
    3.66926610e-01 1.55515611e+00 -3.98922771e-01 4.76863414e-01
    1.14541519e+00 1.62484646e+00 -1.98613703e-01 3.43010724e-01
    1.10952258e+00 -5.91266036e-01 1.32402563e+00 1.14000320e+00
    1.26625970e-01 1.56265867e+00 1.38098168e+00 1.08450878e+00
    4.63364303e-01 8.50837052e-01 -6.10531926e-01 8.06937635e-01
    -2.77460515e-01 1.46321237e+00 1.24999487e+00 6.50798500e-01
    -2.49397382e-01 6.15032732e-01 7.83785820e-01 1.19474959e+00
    7.09481478e-01 1.37416935e+00 5.90240300e-01 1.59204865e+00
    8.36485744e-01 2.87402540e-01 8.00047696e-01 1.44977069e+00
    -4.21322972e-01 -1.75927073e-01 4.74162638e-01 1.68624079e+00
    6.46847844e-01 -4.72319156e-01 4.62963372e-01 1.39616400e-01
    1.47849783e-01 6.05085254e-01 1.23340321e+00 -3.22507083e-01
    1.50836444e+00 1.05499148e+00 -4.18099672e-01 -5.01034796e-01
    2.63874605e-02 5.68201661e-01 4.16173100e-01 1.18301976e+00
    -4.42752779e-01 3.54355983e-02 8.52592945e-01 3.30361754e-01
    1.33510470e-01 8.44084501e-01 2.05732808e-01 -5.96997976e-01
    -9.61194634e-02 -2.51780123e-01 9.80966389e-01 -3.42394769e-01
    8.54605317e-01 -4.21222985e-01 1.02960837e+00 3.69785815e-01
    5.28847203e-02 2.15418398e-01 2.28528529e-01 1.11534333e+00
    2.40361318e-01 5.10583580e-01 8.62428606e-01 9.42357838e-01
    -7.68934727e-01 1.03610647e+00 6.94265127e-01 2.27278996e+00
    -3.25017214e-01 -1.57945529e-01 1.18902397e+00 6.31060243e-01
    4.14000511e-01 -2.46846443e-03 2.54908532e-01 1.05497681e-01
    1.26860768e-01 -2.87185967e-01 1.21627545e+00 4.95320350e-01
    1.05270422e+00 -5.59232593e-01 8.64063859e-01 -2.64490902e-01
    1.00904226e+00 1.38065147e+00 1.20904684e+00 -1.58986032e-01
    8.82387102e-01 -5.68581522e-01 8.33262920e-01 -5.84408104e-01
    5.90209365e-01 6.05093896e-01 1.00463784e+00 5.09999573e-01
    -6.22590423e-01 6.74803376e-01 1.12744176e+00 -9.96749699e-02
    -9.73069966e-02 -5.70824265e-01 9.96430635e-01 1.41702986e+00
    1.19976902e+00 1.36811209e+00 8.71850133e-01 -3.76883894e-01
    1.36499059e+00 2.43423477e-01 -4.62774962e-01 1.44833291e+00
    -1.05794042e-01 4.86855060e-01 -3.23243499e-01 -6.05200768e-01
    1.23223865e+00 1.37099814e+00 -6.67083204e-01 7.05309808e-01
    -3.10429513e-01 5.89612365e-01 1.17331374e+00 4.69663262e-01
    3.48565906e-01 3.68413746e-01 -5.05483389e-01 4.89593923e-01
    9.53525826e-02 8.95446837e-01 -4.61484879e-01 1.68198436e-01
    1.08730447e+00 1.60403132e+00 1.74007826e-02 8.90979171e-01
    1.60462034e+00 -5.14658928e-01 1.13167155e+00 1.65748143e+00
    1.60544908e+00 3.34764779e-01 5.62983394e-01 2.39665046e-01
    -3.89717311e-01 -3.00551593e-01 1.47594392e+00 -6.26204252e-01
    -4.03048635e-01 1.53982508e+00 -6.64889395e-01 1.28732756e-01
    4.69717175e-01 1.18639231e+00 4.82339621e-01 8.69222403e-01
    2.95627505e-01 -3.49712551e-01 7.25390792e-01 -4.15079176e-01
    1.08123219e+00 1.30977869e+00 7.90273607e-01 1.44107985e+00
    1.23365021e+00 7.10379899e-01 1.52037370e+00 1.21640706e+00
    -3.13478410e-02 4.23081845e-01 5.50221324e-01 -6.79889679e-01
    1.63087583e+00 6.50945365e-01 1.09975517e+00 -4.33988661e-01
    1.11705482e+00 -4.43053812e-01 1.24015585e-01 -5.65727413e-01
    3.87286805e-02 1.49614632e+00 -4.27890532e-02 -6.93192184e-01
    1.04241264e+00 -9.53089893e-02 -4.90311742e-01 3.26979882e-03
    -8.16800892e-02 -5.39421558e-01 1.04222703e+00 6.64617777e-01
    -2.29856089e-01 2.32040420e-01 1.10267663e+00 -2.08700880e-01
    -2.47222316e-02 1.67969212e-01 1.34766376e+00 8.22123766e-01
    -4.72727448e-01 1.13208497e+00 5.56530118e-01 1.60417426e+00
    2.21924573e-01 6.29577398e-01 3.68785203e-01 -3.74462426e-01
    4.80622560e-01 1.45170912e-01 3.37389261e-01 1.89716876e-01
    1.37162423e+00 7.48762012e-01 3.27643543e-01 1.18617094e+00
    4.26975697e-01 1.07451725e+00 1.64973605e+00 1.60058987e+00
    1.40779173e+00 7.93492794e-02 -7.40319490e-01 3.43941480e-01
    -4.03790653e-01 1.56985950e+00 7.36026347e-01 1.11986899e+00
    -8.35111737e-01 1.03323638e+00 5.92283785e-01 7.03878701e-01
    7.37369731e-02 3.53354394e-01 8.39801252e-01 1.31005156e+00
    7.64081597e-01 1.10084713e+00 -5.67706466e-01 5.89733064e-01
    -6.56498611e-01 1.15789986e+00 -2.56208420e-01 1.27802479e+00
    5.21503747e-01 5.93169749e-01 1.61185622e+00 -5.32755315e-01
    1.10869408e-01 -1.19810097e-01 3.42146665e-01 -5.52884638e-01
    1.13207066e+00 1.26309836e+00 -7.43861079e-01 -6.33827269e-01
    1.74200904e+00 7.64284611e-01 -8.78491178e-02 -6.96298897e-01
    1.59542465e+00 1.02884793e+00 1.21225381e+00 -7.98742115e-01
    6.23286545e-01 1.51526320e+00 6.41025126e-01 -1.29214466e-01
    -6.23544872e-01 6.73945546e-01 -5.51739454e-01 8.45956564e-01
    -7.77219236e-01 1.35470879e+00 8.50797713e-01 -5.64766169e-01
    1.05873942e+00 1.61583877e+00 -3.48697752e-01 7.91838408e-01
    -2.32817397e-01 1.93413302e-01 1.76714897e+00 1.65480042e+00
    2.46605515e-01 7.78203189e-01 6.16507649e-01 6.45105064e-01
    -1.58145130e-01 1.28907323e+00 3.47241819e-01 8.07670474e-01
    -5.00296175e-01 5.39897740e-01 1.39044845e+00 1.50963426e+00
    -3.20716470e-01 2.17719525e-01 1.38421774e+00 -3.04639101e-01
    3.69107634e-01 -3.17633301e-01 1.74752378e+00 2.46432498e-01
    2.21174479e-01 9.37403202e-01 1.62414038e+00 1.54427052e+00
    6.51560068e-01 1.50801277e+00 1.29354632e+00 1.40818071e+00
    1.55912995e+00 4.55678642e-01 8.57356727e-01 7.22874343e-01
    3.99533063e-01 -9.83274728e-02 1.38726842e+00 4.77086544e-01
    9.67698276e-01 1.22919786e+00 -6.29447579e-01 1.83283293e+00
    -2.61885315e-01 5.26873410e-01 -1.76794417e-02 -2.76366491e-02
    1.11496389e+00 4.12867188e-01 -3.08926463e-01 8.53680193e-01
    6.99458539e-01 -5.63336134e-01 -5.10936856e-01 2.78955013e-01
    4.98658150e-01 9.48589370e-02 -4.79328454e-01 -1.47961915e-01
    2.49211028e-01 1.15520489e+00 5.03987551e-01 2.33651862e-01
    2.86179304e-01 6.54542685e-01 1.43359110e-01 1.97029009e-01
    1.21847868e+00 1.63716507e+00 -4.86237049e-01 7.50150740e-01
    7.17839301e-01 2.04568997e-01 1.00447679e+00 -4.14712071e-01
    1.39513087e+00 5.49129725e-01 1.28530192e+00 2.74011463e-01
    1.14543271e+00 5.24365067e-01 1.48122358e+00 1.41103303e+00
    6.55362666e-01 6.55358255e-01 1.39125502e+00 1.31966376e+00
    1.24112993e-01 -5.82076944e-02 1.52685964e+00 4.74080920e-01
    2.98956991e-03 1.14070439e+00 1.67924762e+00 1.65941107e+00
    8.81833375e-01 2.37815782e-01 -3.57560873e-01 -4.19842422e-01
    1.31724370e+00 1.12815177e+00 4.60054368e-01 5.25977135e-01
    1.68910253e+00 2.62158036e-01 -3.75836879e-01 -3.54899198e-01
    6.61562443e-01 9.71413255e-01 9.68398571e-01 4.83564109e-01
    1.30546081e+00 2.10552469e-01 1.60992002e+00 2.27468014e-01
    -1.97442323e-02 8.87152970e-01 3.01056027e-01 1.13862181e+00
    1.12970793e+00 -4.50814277e-01 5.55753291e-01 1.02594006e+00
    -2.99232543e-01 1.50764036e+00 1.68264583e-01 -2.72286445e-01
    1.23467577e+00 1.01749647e+00 1.60142231e+00 6.85087979e-01
    9.24624205e-01 5.80142021e-01 1.46559322e+00 1.20311761e+00
    5.19384563e-01 -4.56150860e-01 1.61291885e+00 7.86271393e-01
    3.56748492e-01 4.52956915e-01 6.35665059e-01 -7.94730902e-01
    5.26437223e-01 1.09920108e+00 -3.19912642e-01 -6.02096438e-01
    1.18122816e-01 -1.37630105e-01 6.11914039e-01 -9.22458619e-02
    -5.20827413e-01 -4.74147648e-01 2.89647162e-01 1.41143918e-01
    1.48360133e+00 -7.15002537e-01 8.49583983e-01 3.90281647e-01
    1.45477009e+00 8.44526529e-01 1.09432077e+00 5.66895068e-01
    1.52156174e+00 5.59057355e-01 2.67950863e-01 7.48048902e-01
    1.54000497e+00 8.16711485e-01 -4.98798519e-01 1.44066572e+00
    -1.26218632e-01 -3.48173887e-01 6.03485942e-01 1.24864030e+00
    4.04141635e-01 -3.22773665e-01 2.98144192e-01 1.66163254e+00
    -6.84718370e-01 1.38771594e+00 1.59953070e+00 1.69324636e+00
    -4.76512790e-01 1.77923322e-01 1.33878577e+00 -4.93693233e-01
    3.25439453e-01 6.01168834e-02 9.89270449e-01 8.20766747e-01
    -6.53866291e-01 5.82662880e-01 1.09319723e+00 6.18559122e-01
    -1.74635813e-01 1.35405254e+00 7.53075838e-01 1.23774934e+00
    3.52520257e-01 5.56209564e-01 4.93808299e-01 1.22828221e+00
    1.44155610e+00 1.05062556e+00 1.18588924e+00 9.30469751e-01
    6.69067323e-01 -9.41449031e-02 -1.22728363e-01 1.36745691e+00
    1.59533262e-01 4.23893154e-01 1.14033782e+00 1.01671048e-01
    1.61737347e+00 1.19258630e+00 1.06607628e+00 1.06599331e+00
    -4.64105666e-01 2.52152145e-01 5.06673828e-02 1.11559558e+00
    1.36173797e+00 2.35718772e-01 4.07523990e-01 1.45372212e+00
    9.15668905e-01 -4.19665724e-01 1.34223592e+00 9.43748876e-02
    2.74395403e-02 8.67250144e-01 5.00915527e-01 9.51397896e-01
    1.06458688e+00 6.52773798e-01 -7.12946951e-01 1.68772495e+00
    -6.97028875e-01 9.70078290e-01 -1.02176040e-01 1.59957528e+00
    1.49048924e-01 1.37059474e+00 5.14321089e-01 6.52042747e-01
    1.06741178e+00 1.45112848e+00 1.53897285e-01 1.33598578e+00
    1.13838136e+00 9.76377010e-01 1.03171325e+00 4.13899660e-01
    2.85656434e-02 9.74010706e-01 5.42876005e-01 -1.19433329e-01
    9.07462001e-01 3.00197840e-01 -2.97504812e-01 1.36488354e+00
    -2.16542333e-01 6.74570382e-01 1.21633375e+00 5.96107185e-01
    1.01479948e+00 2.33455256e-01 -1.06512345e-01 -4.42051649e-01
    8.32062125e-01 3.28989699e-02 1.40278590e+00 1.37335941e-01
    1.85061026e+00 7.09491074e-01 -6.27509952e-01 5.37681460e-01
    -4.31920022e-01 -6.74261391e-01 1.43748772e+00 1.40594995e+00
    8.03009123e-02 3.82310897e-01 -4.99725968e-01 7.21175671e-01
    1.19501376e+00 -5.26050985e-01 8.93232226e-01 6.90496713e-02
    1.59693718e+00 -2.50309348e-01 3.99589777e-01 1.32901311e+00
    5.65558672e-01 1.54011118e+00 -2.66427100e-01 2.40777802e+00
    1.66646397e+00 3.76747012e-01 1.74014962e+00 9.93278563e-01
    1.36640370e+00 -9.80158746e-02 1.38882780e+00 1.57525432e+00
    1.27677059e+00 3.42004329e-01 6.07345581e-01 3.55710804e-01
    1.79576671e+00 1.05555713e+00 -4.30237502e-02 1.58183277e+00
    1.45377648e+00 7.90279686e-01 1.43821490e+00 1.44247973e+00
    -3.77654701e-01 1.13730145e+00 1.68164849e+00 -4.76902798e-02
    6.44105911e-01 1.08763683e+00 1.82539880e-01 -2.02662706e-01
    9.50334489e-01 7.48468861e-02 4.48319972e-01 7.26764917e-01
    1.09852329e-02 -5.68429351e-01 -5.56155980e-01 8.88054848e-01
    4.10367064e-02 -7.55778849e-01 -5.61660707e-01 6.43591464e-01
    1.04765654e+00 1.10807061e+00 7.39045799e-01 6.85809731e-01
    4.31912839e-01 1.53613234e+00 -4.79019821e-01 1.63159892e-02
    1.45905614e+00 7.65889764e-01 -5.17809451e-01 -6.23590410e-01
    1.04657948e+00 1.03856957e+00 -5.20622134e-01 5.83366811e-01
    -3.58859628e-01 1.36296377e-01 1.36856890e+00 1.13288021e+00
    -3.93867910e-01 5.79868816e-02 5.65543294e-01 -3.58923912e-01
    1.34307694e+00 7.50319779e-01 7.22100019e-01 -5.46538234e-01
    -6.12086356e-01 1.34391606e+00 1.03371918e+00 -7.29067743e-01
    1.50134790e+00 2.91117638e-01 1.04505932e+00 1.35938489e+00
    7.02229559e-01 9.13152918e-02 7.15252757e-01 4.57568914e-01
    1.47202158e+00 4.47720826e-01 7.89082229e-01 8.57182324e-01
    4.72723134e-02 1.11322606e+00 6.57722831e-01 5.91394365e-01
    2.91237593e-01 1.07903457e+00 1.30244732e+00 -1.35631785e-01
    1.03434467e+00 1.14343345e+00 -4.76876557e-01 1.45828402e+00
    2.38746721e-02 1.20683014e+00 9.05580759e-01 5.93275428e-01
    -2.13654682e-01 1.38893974e+00 4.39910144e-02 1.55358696e+00
    1.62125516e+00 -6.38509452e-01 1.08045697e+00 1.37856066e+00
    1.27560878e+00 -6.26764745e-02 -1.73833266e-01 1.78275704e+00
    1.82923019e-01 1.00549555e+00 2.80811965e-01 1.34455061e+00
    6.47723198e-01 1.30622840e+00 -5.46787441e-01 1.67876899e+00
    1.51892459e+00 -2.35641882e-01 4.91863608e-01 2.80538499e-01
    1.36820090e+00 1.55375767e+00 1.44872916e+00 -3.06797493e-03
    1.02696157e+00 1.13214232e-01 1.64524436e+00 1.46170986e+00
    8.35581124e-01 1.18373728e+00 -6.83511913e-01 -1.04956694e-01
    -2.63505191e-01 -3.68255854e-01 3.56509417e-01 4.48491782e-01
    1.59609926e+00 1.16637361e+00 -5.53418815e-01 1.18720973e+00
    -3.97882044e-01 1.59289181e+00 2.73827910e-02 -5.77730834e-01
    -5.41946739e-02 3.31105530e-01 1.49387467e+00 1.53465772e+00
    1.33052194e+00 7.75340378e-01 1.16961575e+00 4.40732688e-01
    3.55163425e-01 -6.77558243e-01 -5.21748066e-01 5.23039460e-01
    2.98640609e-01 8.77448082e-01 1.02359426e+00 -4.98000681e-01
    5.33898128e-03 6.79729819e-01 -2.12882891e-01 -1.51410311e-01
    2.69387007e-01 -2.80519634e-01 -5.58868408e-01 6.09240711e-01
    1.37774646e+00 -3.58222067e-01 -3.16244781e-01 -3.44695151e-01
    6.99345589e-01 -4.96815383e-01 1.74330071e-01 -1.13592990e-01
    7.70934582e-01 1.32925892e+00 1.34373665e+00 1.51824281e-01
    5.03982306e-01 1.45070064e+00 1.44347405e+00 7.56877899e-01
    2.43665189e-01 1.10116228e-01 1.08363783e+00 5.35162911e-02
    1.15080070e+00 1.09754872e+00 -7.29591608e-01 5.27853549e-01
    1.64726377e+00 -7.24404454e-01 8.21100771e-01 -7.29723990e-01
    -1.76292896e-01 1.65034628e+00 -7.85992265e-01 -3.62136602e-01
    5.04601717e-01 1.75237179e-01 3.95459563e-01 4.10978943e-02
    1.54331374e+00 1.41438913e+00 6.81549072e-01 8.69183242e-01
    -4.07771170e-01 -2.88917005e-01 -3.78996581e-01 1.15016568e+00
    3.55031699e-01 1.36034060e+00 -3.51937085e-01 8.99633527e-01
    1.33127749e+00 7.55021393e-01 6.77364945e-01 8.75125825e-02
    8.05360913e-01 -3.13146621e-01 7.22288609e-01 1.04963732e+00
    -5.06002605e-01 9.02687430e-01 -5.01403391e-01 2.65464544e-01
    -4.88823503e-01 8.14337432e-02 8.59723687e-01 1.40583014e+00
    5.81253171e-01 6.43806815e-01 -2.97072351e-01 1.37761265e-01
    4.53150749e-01 3.27992961e-02 1.29178202e+00 2.06338540e-02
    -5.90010643e-01 2.60761797e-01 -1.63613096e-01 5.73365629e-01
    -1.31444111e-01 3.58115956e-02 -3.61904681e-01 1.72248855e-01
    1.49565840e+00 6.47615373e-01 5.91375493e-02 1.00387894e-02
    1.76556182e+00 1.75923347e-01 -4.23579693e-01 -2.10665017e-01
    1.10923147e+00 -4.48327154e-01 3.21361125e-01 1.11298573e+00
    9.21064794e-01 1.61099398e+00 1.09710479e+00 2.23130450e-01
    3.54013085e-01 -5.50250530e-01 6.08669281e-01 4.60569672e-02
    -4.26608264e-01 -5.97698212e-01 1.97485797e-02 1.26263654e+00
    -6.46643758e-01 1.49128973e+00 9.28674281e-01 7.77826011e-01
    -6.95762455e-01 7.21432924e-01 1.36212599e+00 1.72665775e+00
    1.72295779e-01 -3.92233044e-01 1.52487993e+00 1.75631195e-02
    1.36910617e+00 -1.79685466e-02 1.76536024e+00 1.13020658e-01
    1.45565462e+00 5.22647500e-01 1.50178242e+00 -3.86915624e-01
    -2.70178199e-01 -5.43185771e-01 1.60725307e+00 6.30472600e-01
    -4.41519707e-01 5.48335314e-01 -1.05824620e-01 8.90869141e-01
    -5.63660026e-01 8.71894777e-01 -1.09610058e-01 2.01919928e-01
    1.45155823e+00 5.78566253e-01 1.76094282e+00 -4.47519243e-01
    7.19692111e-02 4.14723784e-01 1.37259591e+00 -5.10358095e-01
    -1.00499749e-01 -3.15396398e-01 -4.45392128e-04 8.77971768e-01
    2.12970585e-01 1.38602495e+00 -4.47753370e-01 -5.32808304e-01
    -3.19663823e-01 -3.32896590e-01 3.90491560e-02 9.64088023e-01
    1.29327822e+00 1.35335192e-01 8.54763746e-01 -1.59695134e-01
    -4.08188365e-02 4.87716496e-01 -1.61760990e-02 2.33874410e-01
    1.61585629e+00 5.86555123e-01 5.06807864e-01 1.25453246e+00
    1.08687627e+00 -2.45625988e-01 1.85480230e-02 5.66936910e-01
    2.73409963e-01 -1.67578727e-01 3.78630102e-01 -4.67244275e-02
    4.14982766e-01 -5.11108518e-01 -6.20317221e-01 -5.77803433e-01
    1.11167312e+00 1.18530500e+00 9.85079706e-01 1.71376896e+00
    -1.16864275e-02 -6.10614300e-01 6.58484757e-01 9.07645702e-01
    6.13677263e-01 4.53734189e-01 6.96896970e-01 5.24048984e-01
    2.12459773e-01 1.49586391e+00 1.41325510e+00 7.44027734e-01
    -6.77304685e-01 4.00697701e-02 1.04502642e+00 -6.50262117e-01
    -1.04974285e-01 -2.07218930e-01 1.58081067e+00 1.35418847e-01
    3.72389853e-01 -6.15297794e-01 1.46620381e+00 1.56822026e+00
    -6.52945280e-01 1.16396701e+00 1.11389613e+00 -5.85149348e-01
    1.73994660e+00 -3.22914422e-01 1.95781775e-02 6.82333589e-01
    -3.13269384e-02 1.07910669e+00 1.35074866e+00 1.65806961e+00
    4.16597486e-01 7.42494881e-01 2.74164706e-01 -4.26276565e-01
    1.41347921e+00 -4.39292163e-01 8.53131175e-01 3.77086669e-01
    2.58948147e-01 1.33279070e-01 1.14138079e+00 3.58629614e-01
    -6.32589042e-01 -1.14074916e-01 1.48882926e+00 -3.88770729e-01
    2.39478946e-01 5.93027532e-01 -1.83841139e-01 6.91264749e-01
    -6.83599770e-01 1.21291459e+00 3.53408121e-02 -1.81685612e-01
    6.89558089e-01 1.70237589e+00 1.92044646e-01 -3.17844361e-01
    9.14580107e-01 -5.22423625e-01 1.46593511e+00 3.09079200e-01
    1.18971634e+00 5.16873360e-01 5.70070744e-01 -1.84207022e-01
    1.22485745e+00 -7.07899809e-01 -6.70942888e-02 8.46426606e-01
    9.79757786e-01 1.31071806e+00 8.16323757e-01 1.22718859e+00
    1.55231023e+00 1.35400385e-01 8.90634879e-02 1.59760630e+00
    1.05820346e+00 1.16021490e+00 -6.72975004e-01 -1.43178940e-01
    -6.92757905e-01 1.12168837e+00 1.14648294e+00 -2.83474535e-01
    -4.39061254e-01 3.13783079e-01 6.12183213e-01 2.23848671e-01
    1.02626073e+00 1.14698207e+00 6.74959719e-01 2.99079567e-01
    9.72296178e-01 1.32020795e+00 8.61330152e-01 7.54478574e-01
    -1.92993626e-01 -1.80413157e-01 1.44086266e+00 -5.74044734e-02
    3.32262337e-01 -6.91276431e-01 9.53312397e-01 -1.82938874e-01
    1.62429631e+00 -3.41028601e-01 1.00497782e+00 -4.14967924e-01
    2.35307753e-01 1.59244549e+00 6.20638072e-01 -2.19330683e-01
    9.08336937e-01 2.08008781e-01 7.96827435e-01 8.19872141e-01
    -4.55935657e-01 1.73358738e+00 -3.31960440e-01 9.15254891e-01
    7.96536088e-01 1.80603966e-01 8.05526733e-01 -6.20320380e-01
    1.22864842e+00 -2.32744187e-01 8.93335283e-01 9.31273922e-02
    6.56760097e-01 4.04894888e-01 -3.86817083e-02 -5.18465102e-01
    1.37514281e+00 9.18659091e-01 9.80115950e-01 1.11800812e-01
    1.72740996e+00 -4.56287086e-01 6.65408373e-01 4.67966586e-01
    -1.66134566e-01 5.61210394e-01 8.98777843e-01 1.59624124e+00
    8.78423512e-01 5.39368510e-01 7.77080953e-01 2.26526785e+00
    -4.65005815e-01 5.42061090e-01 1.64291155e+00 -1.96794853e-01
    1.21895599e+00 8.79333019e-01 -6.35804653e-01 -3.36585999e-01
    1.65953815e+00 -3.92832488e-01 5.36686294e-02 -4.61414158e-01
    -3.65442634e-01 4.87315655e-01 9.82680082e-01 1.41633689e-01
    1.23125315e+00 1.49085677e+00 -5.32686174e-01 -5.71859777e-01
    4.27826881e-01 -2.43485086e-02 -5.21827996e-01 6.27143025e-01
    -2.09308237e-01 1.08985853e+00 1.80471703e-01 1.62144589e+00
    -6.91906393e-01 -1.60230339e-01 -2.14062601e-01 9.56492603e-01
    6.61788464e-01 1.73489705e-01 4.69728500e-01 -3.58556747e-01
    -4.97134149e-01 1.69153714e+00 1.36978734e+00 -6.26373887e-01
    -4.71687257e-01 -6.15158796e-01 3.81595433e-01 1.56876183e+00
    8.34685504e-01 9.78799015e-02 1.47537363e+00 1.60942972e+00
    1.45955598e+00 -5.60426593e-01 1.59689426e+00 5.81965923e-01
    -3.00878644e-01 8.14013839e-01 5.54580331e-01 6.26731813e-01
    7.08942890e-01 8.97838831e-01 6.41018748e-01 8.15433562e-01
    9.77610290e-01 9.04888958e-02 2.67157614e-01 -3.21137667e-01
    1.02226496e+00 1.63446987e+00 5.94919562e-01 4.38171059e-01
    3.14333826e-01 1.09368825e+00 -2.12019369e-01 1.74506915e+00
    8.34613293e-02 9.81975317e-01 -4.13210422e-01 1.62141883e+00
    5.01013935e-01 -6.36516452e-01 8.04411888e-01 8.48545015e-01
    1.02999531e-01 1.13536561e+00 3.00676882e-01 -3.57756287e-01
    1.02520216e+00 1.18338943e+00 8.17059875e-01 1.17344010e+00
    8.45734179e-01 1.16900635e+00 -5.21845460e-01 -4.18608934e-01
    -1.64820537e-01 7.72399530e-02 1.55564809e+00 -5.01445413e-01
    5.22295535e-01 1.65599155e+00 -5.07874012e-01 -8.01943094e-02
    3.49573232e-02 -3.80010366e-01 1.05027294e+00 8.97848308e-01
    -9.89962742e-02 3.49076599e-01 -2.21601292e-01 3.32149684e-01
    3.54738444e-01 -6.27712846e-01 1.88232899e-01 -7.25884289e-02
    1.63069117e+00 6.03048801e-01 8.06901038e-01 1.10850406e+00
    6.91858590e-01 -5.19306540e-01 8.29162955e-01 -1.57482833e-01
    4.62580264e-01 1.16319358e+00 9.20566618e-01 9.86895144e-01
    -7.12553024e-01 1.44421613e+00 -7.02830195e-01 4.74037588e-01
    -6.09754503e-01 1.59059024e+00 -5.26559830e-01 7.93501139e-01
    1.28881419e+00 -6.69618025e-02 5.11738658e-01 6.67264313e-02
    5.05944192e-01 9.92239714e-01 -3.88404906e-01 5.30621946e-01
    5.60770810e-01 7.15733707e-01 1.00027514e+00 -3.63339275e-01
    1.50828624e+00 8.55360925e-01 9.15590882e-01 8.12319517e-01
    1.44113326e+00 4.26550180e-01 8.48451257e-01 8.80106911e-02
    -3.04535180e-01 1.29307079e+00 7.60119334e-02 1.48738515e+00
    1.22486508e+00 1.31159794e+00 8.17291200e-01 9.94590461e-01
    -3.06937154e-02 2.78949142e-01 -7.21237883e-02 7.13113129e-01
    3.05937529e-01 -3.31546098e-01 -4.97046441e-01 1.75054574e+00
    -2.23751262e-01 -3.35784554e-01 5.69396794e-01 1.53497875e+00
    1.62325934e-01 1.58667815e+00 1.30806434e+00 5.49484670e-01
    -5.44399679e-01 1.21826065e+00 5.68973087e-03 -4.36914802e-01
    1.24649465e+00 3.00018728e-01 1.04154684e-02 5.42841293e-02
    -6.16478622e-02 9.15399417e-02 2.39079911e-02 -7.98231065e-02
    1.25901997e+00 7.62051880e-01 7.81692088e-01 -2.36884549e-01
    1.03774631e+00 -1.71337709e-01 5.55651486e-01 7.84681320e-01
    -5.98767042e-01 4.01749581e-01 1.64017689e+00 1.76004335e-01
    1.41628182e+00 1.78536668e-01 1.37859523e+00 1.08289480e+00
    -6.57438934e-01 -2.19744034e-02 4.85597014e-01 1.38353765e+00
    1.24231482e+00 3.97334188e-01 8.83308768e-01 1.05983719e-01
    8.72738242e-01 1.59395659e+00 -1.23176813e-01 1.30151379e+00
    -1.80929378e-01 -2.23432735e-01 1.22326210e-01 -1.90652668e-01
    -3.83394435e-02 -5.05871594e-01 -6.45026088e-01 1.30853319e+00
    3.83766174e-01 -2.89662331e-01 1.71308184e+00 8.52233648e-01
    3.08424145e-01 3.92983288e-01 -4.23067957e-01 -4.07240689e-01
    1.65768361e+00 -5.26276588e-01 3.72124553e-01 5.67116976e-01
    1.38675404e+00 1.12196036e-01 4.04207021e-01 6.17252529e-01
    8.57323468e-01 7.03480899e-01 3.31006140e-01 5.53034127e-01
    -3.28391790e-01 -5.91287434e-01 -5.93110435e-02 -3.60787451e-01
    1.04705676e-01 9.92019653e-01 8.09465766e-01 7.63767123e-01
    -3.39656532e-01 -6.06388092e-01 1.70530236e+00 1.11558533e+00
    1.41175234e+00 1.73434162e+00 3.06052119e-01 -1.03112571e-01
    5.94937921e-01 1.03035629e+00 3.68051156e-02 -1.33192986e-01
    8.01242948e-01 1.04808891e+00 1.43569565e+00 3.27881843e-01
    3.36560667e-01 1.21881461e+00 1.11848271e+00 5.21782517e-01
    1.20051348e+00 2.51313239e-01 4.67527717e-01 -4.60326552e-01
    1.38854039e+00 1.51683331e-01 1.11615300e+00 -3.05092186e-01
    9.38846052e-01 1.23155761e+00 -2.07763687e-01 1.44910491e+00
    -5.49903274e-01 9.16225553e-01 1.57483375e+00 5.11691391e-01
    2.30757251e-01 5.30460298e-01 3.97668749e-01 -6.79274276e-02
    -3.69463414e-01 1.13234532e+00 9.64608073e-01 8.57874036e-01
    -5.72798073e-01 -1.96514696e-01 1.07506645e+00 1.55081105e+00
    1.45315194e+00 -4.95506614e-01 -1.56454593e-01 5.64183712e-01
    -3.68589371e-01 1.40647948e-01 1.31789804e+00 -4.01552647e-01
    9.72962320e-01 -2.64356732e-01 2.56826669e-01 1.61719668e+00
    3.31468731e-01 4.02632535e-01 1.24980104e+00 -6.84277773e-01
    1.47700965e+00 9.34369206e-01 -3.78478281e-02 7.15436935e-01
    1.30818045e+00 1.29342067e+00 -8.73380154e-02 1.43109465e+00
    -8.07843544e-03 4.05466259e-02 2.94413287e-02 -4.06459540e-01
    2.10578516e-01 1.30275190e+00 7.80228913e-01 4.50961739e-02
    1.31798816e+00 -6.50659084e-01 -3.74642223e-01 1.03044248e+00
    2.03736112e-01 9.00760472e-01 7.87619889e-01 6.29852355e-01
    -4.72539783e-01 7.75939703e-01 1.40828538e+00 7.65952528e-01
    -5.80190301e-01 -4.45379883e-01 1.40706205e+00 -2.26970345e-01
    2.08569869e-01 -4.94893521e-01 1.74446255e-01 1.28485119e+00
    2.10764229e-01 3.48375052e-01 8.94296408e-01 5.56368351e-01
    1.20095515e+00 -7.07454622e-01 1.05236091e-01 -9.47888121e-02
    9.66024995e-01 7.00994611e-01 5.38748264e-01 1.56105295e-01
    9.72723246e-01 1.52944636e+00 -2.49021769e-01 1.00374997e+00
    1.39431024e+00 -1.38019145e-01 3.12596947e-01 7.05575764e-01
    -1.95843905e-01 -3.62556875e-02 8.89022470e-01 9.24454272e-01
    -4.59487140e-01 1.04419851e+00 -5.85687876e-01 -6.31306052e-01
    1.40439451e+00 1.03671825e+00 7.87931979e-02 -3.75373691e-01
    1.40830469e+00 1.01052713e+00 7.70816505e-01 -1.66373566e-01
    -5.33513904e-01 7.54464388e-01 -5.98381758e-01 1.31800950e+00
    9.84468997e-01 1.52376962e+00 1.10764122e+00 1.48889375e+00
    -3.29516619e-01 1.90812364e-01 2.26696149e-01 1.45628035e+00
    1.57190347e+00 4.20947999e-01 4.07959849e-01 8.69379282e-01
    4.65594828e-01 -2.13745236e-01 1.57317531e+00 1.40803266e+00
    -6.35856509e-01 4.41524208e-01 5.42737246e-01 9.69148278e-01
    6.71928048e-01 3.78055453e-01 -5.73132336e-01 5.50812185e-01
    1.27808511e+00 3.43287706e-01 5.29989302e-01 9.80849922e-01
    4.83554423e-01 5.92454076e-01 1.24369168e+00 6.34536803e-01
    2.62301505e-01 1.17231917e+00 7.50420749e-01 9.22059596e-01
    5.37906885e-01 1.39576280e+00 4.84481126e-01 -1.22439295e-01
    6.49264753e-01 7.50427186e-01 -5.08172274e-01 1.69103968e+00
    1.33626521e+00 9.18403566e-01 5.72521329e-01 6.51530683e-01
    1.11907911e+00 1.30758440e+00 7.20087290e-01 1.48648882e+00
    1.60047793e+00 -1.25898018e-01 1.37544513e-01 1.04575336e+00
    9.52190876e-01 1.21444428e+00 4.96234179e-01 -5.02972960e-01
    1.00209701e+00 4.56599802e-01 7.41128996e-02 -1.91142276e-01
    6.59079075e-01 1.27384043e+00 1.52360368e+00 -5.64337313e-01
    -1.77729443e-01 8.58468294e-01 1.09356749e+00 4.24075216e-01
    1.09643579e+00 9.92465556e-01 2.59531111e-01 -1.26757743e-02
    -6.40811086e-01 1.52487502e-01 7.05412507e-01 -3.61953646e-01
    2.48296529e-01 2.36698806e-01 1.13633275e+00 1.24008000e+00
    1.67532861e+00 3.27939540e-02 6.49539888e-01 1.61707985e+00
    1.13750279e+00 7.90157080e-01 -6.44307017e-01 2.63028979e-01
    -6.51443481e-01 1.57380855e+00 8.64102185e-01 5.76653600e-01
    1.15844786e+00 1.39494717e+00 -5.31514883e-01 1.26420999e+00
    5.23860455e-01 5.38931668e-01 1.18730831e+00 1.51379895e+00
    1.37366438e+00 -6.40506148e-01 1.56729996e-01 -9.08205584e-02
    6.70076966e-01 1.01525295e+00 1.58112574e+00 -3.34210813e-01
    -2.43808270e-01 1.18327439e+00 -7.84991622e-01 -3.25497508e-01
    9.46809888e-01 -3.67349535e-01 1.65183568e+00 5.85580394e-02
    -1.54414803e-01 -7.52587244e-02 5.37122309e-01 6.56317398e-02
    1.60872245e+00 -5.41584730e-01 3.70812446e-01 5.29656529e-01
    6.01072609e-01 6.25996232e-01 -5.33561528e-01 1.20325184e+00
    7.20398545e-01 7.25957453e-01 3.00708801e-01 9.75019634e-01
    1.58131540e+00 -4.52443123e-01 1.32906222e+00 4.87024128e-01
    5.00995278e-01 1.08768976e+00 -1.14810113e-02 -2.32081011e-01
    1.69337952e+00 -7.01890945e-01 1.34086347e+00 4.85075057e-01
    2.59183675e-01 -5.34797370e-01 7.50420749e-01 -4.65397596e-01
    2.62826711e-01 1.34051812e+00 -5.89977086e-01 1.28269196e+00
    9.76266444e-01 1.45092678e+00 3.96820039e-01 2.65549958e-01
    1.80629396e+00 -1.66289419e-01 -4.91882861e-02 -4.56898481e-01
    8.21396768e-01 5.36363780e-01 1.36843956e+00 6.26394153e-02
    6.35281742e-01 -3.55829626e-01 4.80729431e-01 -4.39584792e-01
    8.84522974e-01 -4.29867744e-01 8.62859309e-01 1.13427711e+00
    3.02533954e-01 -2.04377502e-01 -5.86882234e-01 1.10824025e+00
    8.65108192e-01 -4.02664244e-01 1.42357910e+00 2.97021210e-01
    -1.58977788e-02 -1.05145096e-03 -6.23402655e-01 6.76817060e-01
    1.23737013e+00 1.77069044e+00 -2.78034508e-01 1.08559728e+00
    -5.40490150e-01 -1.45711258e-01 -5.81767261e-01 2.78643370e-01
    1.24239659e+00 1.47031987e+00 5.46730518e-01 1.60453773e+00
    1.66182256e+00 4.10628110e-01 -4.07854706e-01 1.71999645e+00
    -2.94552982e-01 4.44774628e-01 -2.29551330e-01 4.67985660e-01
    -6.06342137e-01 4.74954963e-01 -5.33730760e-02 2.59226888e-01
    1.54647219e+00 1.50852191e+00 5.08874878e-02 8.95183921e-01
    -3.19505602e-01 1.16821694e+00 1.80896639e-03 -6.39512762e-02
    1.57167315e+00 1.61344910e+00 6.77751958e-01 1.05544519e+00
    6.38038099e-01 6.75186276e-01 8.34040791e-02 1.08350790e+00
    1.99861988e-01 3.64315778e-01 1.98315904e-01 5.09155989e-01
    1.57767332e+00 -2.10841924e-01 2.72709191e-01 3.59002888e-01
    1.63038695e+00 6.91075742e-01 4.15352136e-01 7.42924631e-01
    9.74432647e-01 -4.94498402e-01 1.31952357e+00 1.81644950e-02
    5.19596599e-03 1.61075279e-01 1.14626253e+00 1.22197068e+00
    1.17712043e-01 1.52411711e+00 8.28230381e-01 6.70702159e-01
    3.19491714e-01 1.41390622e-01 1.07755470e+00 1.48242772e+00
    1.84979230e-01 -3.59661400e-01 -6.06827438e-01 5.29202878e-01
    6.06665134e-01 1.66183031e+00 -4.94573981e-01 9.01204869e-02
    5.43548226e-01 1.25365794e+00 1.70179948e-01 2.12239057e-01
    5.57767451e-01 1.19374228e+00 7.58532465e-01 -3.08095783e-01
    6.03534639e-01 3.54568809e-01 -6.96561858e-02 1.56812668e-01
    -1.55819356e-01 8.75286222e-01 4.38602358e-01 1.06627178e+00
    6.94145083e-01 3.82522047e-01 -3.93724948e-01 1.71300840e+00
    -5.90923131e-01 1.29975605e+00 1.63384855e+00 -1.01214133e-01
    5.59023976e-01 6.95122659e-01 8.21152866e-01 1.55351067e+00
    -5.74481487e-01 3.98216963e-01 1.87700480e-01 -4.56477433e-01
    1.78863966e+00 3.20117831e-01 -3.92365921e-03 6.21218503e-01
    8.28566492e-01 1.14404768e-01 -5.26592851e-01 -1.65855229e-01
    1.55188107e+00 7.30257630e-01 -2.78866351e-01 -7.17710316e-01
    1.08097661e+00 5.67972898e-01 -4.36714917e-01 1.25024289e-01
    1.36941385e+00 1.49417818e+00 -4.02352720e-01 -1.39752656e-01
    1.50227106e+00 1.23652458e+00 1.62303388e+00 4.40769374e-01
    -4.61540878e-01 1.03689301e+00 -3.39079350e-01 1.49299169e+00
    1.99043974e-02 8.92160952e-01 1.54351652e+00 -1.27377465e-01
    2.73349375e-01 6.36859119e-01 1.16910756e+00 -6.80079639e-01
    1.27824700e+00 -1.67673871e-01 -4.84007090e-01 1.40074179e-01
    4.85143006e-01 -4.59971100e-01 -5.62243521e-01 1.14041734e+00
    1.62781429e+00 3.46523345e-01 1.64622688e+00 6.94959283e-01
    -3.58670712e-01 5.57095632e-02 4.59808469e-01 -4.88457948e-01
    -3.78842838e-02 1.07514584e+00 8.31790328e-01 1.26817954e+00
    -5.60783267e-01 1.16142762e+00 7.89498016e-02 -1.41006559e-01
    1.46508372e+00 9.39516783e-01 2.97152638e-01 -5.99976242e-01
    -6.90627933e-01 1.19554535e-01 -2.65471131e-01 -5.76315403e-01
    1.68492854e+00 2.38219634e-01 3.24236159e-03 8.42147589e-01
    9.93935049e-01 1.58239937e+00 7.21798241e-01 1.75635457e-01
    1.60714459e+00 1.69256282e+00 -1.42189696e-01 3.05841625e-01
    1.13150549e+00 1.79692030e+00 -4.60078895e-01 1.27934396e+00
    -4.46419924e-01 1.54976594e+00 1.38670886e+00 -7.27172494e-01
    1.22215378e+00 -1.77318200e-01 9.94803429e-01 3.70640904e-01
    4.28749979e-01 -4.71283078e-01 8.09483137e-03 9.70529318e-01
    -6.46643043e-01 9.75265443e-01 1.43566772e-01 2.12046340e-01
    1.28394926e+00 3.33169609e-01 2.64437735e-01 9.33574975e-01
    2.85622478e-01 -5.28571069e-01 -4.87973681e-04 9.86010358e-02
    1.12415266e+00 -4.92487341e-01 1.56117654e+00 1.19749725e+00
    8.36928934e-02 2.46840671e-01 4.43459451e-01 -2.13862523e-01
    3.13432068e-01 -6.51330352e-01 8.76426399e-01 -3.70125435e-02
    -5.81757069e-01 5.49310148e-01 8.23920786e-01 8.68206441e-01
    5.16301930e-01 1.06998551e+00 1.12265870e-01 1.08755624e+00
    1.31017789e-01 1.42986584e+00 4.28266913e-01 -1.36656240e-01
    -3.53084832e-01 1.46944082e+00 -7.70553768e-01 1.60619843e+00
    5.11627734e-01 3.66896749e-01 7.22793937e-01 1.32928872e+00
    -1.69624850e-01 1.34087765e+00 -4.50428843e-01 -3.72515023e-01
    1.09245098e+00 -4.03302461e-01 1.53524148e+00 3.38615209e-01
    9.29703772e-01 -1.39549106e-01 -3.93800437e-01 4.64018255e-01
    7.42654324e-01 1.07310283e+00 4.67067897e-01 -2.59000808e-01
    -4.14786726e-01 -4.11798596e-01 -4.15910810e-01 4.79020059e-01
    6.90043867e-01 7.86956966e-01 5.24385393e-01 2.05964670e-02
    -5.37303686e-01 4.60637152e-01 -5.27399123e-01 1.36467242e+00
    1.06945050e+00 1.53551197e+00 8.91358554e-01 3.29843223e-01
    4.62278426e-01 8.34342718e-01 1.15279984e+00 7.92287469e-01
    6.43742383e-01 -8.85333717e-02 -3.54987621e-01 9.59414840e-01
    1.18213820e+00 -1.95074067e-01 1.15321314e+00 8.11441839e-01
    1.42167199e+00 6.86426580e-01 -5.92668831e-01 3.47280174e-01
    -2.95918465e-01 1.12045312e+00 -6.40155792e-01 5.57885349e-01
    4.19678897e-01 9.60238576e-02 1.35768056e+00 1.09036684e-01
    -4.32094336e-01 1.51704824e+00 -5.60261905e-01 -1.41997367e-01
    6.32604122e-01 1.30753136e+00 9.93959785e-01 1.12954831e+00
    3.62287015e-01 -1.39855266e-01 1.23743188e+00 1.59119618e+00
    2.37370551e-01 1.69727910e+00 1.98297590e-01 -6.62468433e-01
    8.50518346e-01 1.11755967e+00 -3.74164641e-01 -4.54886407e-01
    5.48082888e-02 7.95802653e-01 1.60744989e+00 2.43689165e-01
    4.04448174e-02 7.24032640e-01 1.65596020e+00 8.93461168e-01
    -7.24662423e-01 2.48113543e-01 -1.19757481e-01 4.95863765e-01
    4.79616135e-01 1.53648281e+00 3.41625750e-01 1.52588832e+00
    -9.76821855e-02 -4.08251315e-01 -2.30906591e-01 4.47711736e-01
    -6.69126689e-01 6.05229698e-02 1.33024871e+00 1.14523208e+00
    -6.71672404e-01 8.79463017e-01 -3.96374375e-01 -2.91816533e-01
    8.60594034e-01 1.18104148e+00 1.45670712e-01 9.36991453e-01
    2.76221097e-01 7.69075215e-01 8.96537825e-02 -2.06074625e-01
    1.24485719e+00 -5.50274611e-01 -2.04934537e-01 1.40473938e+00
    -2.32616201e-01 6.58537328e-01 6.62850142e-01 -6.34146571e-01
    6.85963392e-01 -5.32046914e-01 3.27810556e-01 1.50177896e+00
    -2.64953971e-01 4.34744745e-01 6.57371640e-01 1.27037930e+00
    -5.24368882e-01 1.43681121e+00 7.22993672e-01 8.93680274e-01
    5.86813390e-01 2.26166159e-01 8.45329583e-01 5.94595730e-01
    8.31078529e-01 7.83688650e-02 1.18985973e-01 -4.72705752e-01
    1.11142814e+00 3.58789206e-01 6.48526013e-01 1.51835096e+00
    1.09239364e+00 1.35766661e+00 1.41003025e+00 1.59671307e+00
    -2.56448567e-01 6.96183026e-01 7.58681744e-02 1.01556873e+00
    1.15091002e+00 1.64680326e+00 2.77849644e-01 7.69872189e-01
    1.22299981e+00 -2.21653000e-01 5.97920120e-01 3.57074589e-01
    1.25840318e+00 -4.55584615e-01 -5.27975798e-01 1.35672763e-01
    1.32574677e+00 1.65860820e+00 1.15000024e-01 1.35683894e+00
    -2.11087421e-01 1.24298859e+00 8.54982495e-01 1.45830369e+00
    -7.46351659e-01 3.96534383e-01 1.16054761e+00 -6.47720337e-01
    1.61204720e+00 1.67827338e-01 1.76114768e-01 6.10522807e-01
    1.15691054e+00 1.65924227e+00 1.06395817e+00 1.26415753e+00
    1.16607733e-01 1.31334960e+00 1.41500616e+00 1.12135160e+00
    1.11513424e+00 1.34086347e+00 3.18925112e-01 1.09197164e+00
    1.59936845e+00 -9.67679024e-02 7.97627330e-01 6.23269320e-01
    4.18752879e-01 3.90579075e-01 8.58446777e-01 5.58585152e-02
    -5.20653427e-01 9.17177260e-01 9.07086968e-01 1.25231934e+00
    7.25239813e-01 1.43632591e-01 9.88193691e-01 1.11578035e+00
    -3.75899881e-01 1.21770883e+00 -1.44158214e-01 1.25905120e+00
    -2.20932722e-01 -3.95050496e-01 1.42119610e+00 4.43308026e-01
    -1.27517328e-01 -4.81317014e-01 6.62940621e-01 -4.26283062e-01
    -1.92296550e-01 1.40063286e+00 1.63483810e+00 1.45868886e+00
    1.41897786e+00 1.96398482e-01 1.44527709e+00 8.21201876e-02
    -1.36902286e-02 -4.23222005e-01 -2.11467445e-01 1.55206096e+00
    3.99617851e-01 8.94023061e-01 4.43879366e-01 9.75531876e-01
    1.24857652e+00 1.36224747e+00 1.44484818e+00 -2.82729626e-01
    5.78325450e-01 7.55101979e-01 1.34873307e+00 2.25530341e-01
    4.56616700e-01 1.89189911e-01 1.04484916e+00 2.33905539e-01
    1.68016112e+00 1.10147846e+00 -2.83846498e-01 1.62442827e+00
    2.64943451e-01 1.60778177e+00 2.30138481e-01 4.69301611e-01
    -4.71758753e-01 3.29908758e-01 1.61969805e+00 -1.24113292e-01
    1.01016057e+00 3.16010900e-02 1.06822169e+00 -3.54262769e-01
    -3.10075670e-01 1.33653438e+00 1.52686894e+00 1.65466034e+00
    7.24084139e-01 8.46670389e-01 5.36863983e-01 2.48776242e-01
    -4.71686840e-01 1.44910324e+00 3.43117028e-01 -1.65434062e-01
    -1.13144986e-01 6.13713801e-01 1.46065009e+00 7.52801895e-01
    4.81959999e-01 1.12621918e-01 3.86689663e-01 8.53097796e-01
    1.51612043e+00 6.43742681e-01 1.22826314e+00 -1.99933007e-01
    6.03384990e-03 1.02708292e+00 8.29729915e-01 -4.81433630e-01
    -4.29103613e-01 2.44392201e-01 -4.55166399e-01 4.78328466e-01
    1.39600134e+00 1.13062704e+00 -1.25004407e-02 -1.63070410e-01
    7.14832008e-01 3.50673169e-01 -3.34351212e-01 4.86011878e-02
    2.75943577e-01 1.27884340e+00 -1.09523378e-01 -1.47889733e-01
    1.31282401e+00 2.48802714e-02 1.18334457e-01 -5.90402663e-01
    5.03816962e-01 4.23141509e-01 1.65696037e+00 6.42641485e-01
    4.95672286e-01 1.59491456e+00 1.08828187e-01 8.64375383e-02
    1.40010071e+00 9.87052083e-01 9.86206889e-01 6.62308395e-01
    -4.78277504e-01 -3.31520647e-01 7.30510473e-01 -2.14496911e-01
    1.65412951e+00 6.98152006e-01 1.10441554e+00 1.62266648e+00
    6.41694367e-01 -5.65886676e-01 -3.83200645e-01 9.13862228e-01
    -9.07421857e-02 3.90572920e-02 -3.84642005e-01 1.69688892e+00
    1.35112333e+00 -2.12719396e-01 8.22961688e-01 -1.47947595e-01
    5.54756880e-01 -1.87458739e-01 6.33436024e-01 8.05863142e-01
    2.01598227e-01 3.42286795e-01 3.13397259e-01 1.49639440e+00
    1.44022393e+00 1.43768287e+00 -9.97936353e-02 7.94512331e-01
    -2.13232055e-01 1.39220071e+00 4.91331935e-01 1.37265432e+00
    -3.90715718e-01 -6.43413424e-01 -2.48584509e-01 2.95891106e-01
    6.24365449e-01 1.59841025e+00 1.00031662e+00 -3.82461369e-01
    -2.51349598e-01 -5.44761658e-01 1.10639465e+00 -6.23917162e-01
    7.60663375e-02 -5.32494426e-01 6.99534476e-01 -6.12536490e-01
    2.32349113e-01 1.34096646e+00 1.44582784e+00 4.67537522e-01
    6.32282019e-01 9.97455299e-01 9.60372686e-01 1.52180922e+00
    -5.61361313e-01 1.56258428e+00 9.70420361e-01 1.05502915e+00
    2.67963558e-01 3.40154558e-01 7.89773226e-01 -1.51143044e-01
    2.13231921e-01 1.36862290e+00 -5.47949731e-01 1.45347714e+00
    5.25470734e-01 1.73660070e-01 7.28008226e-02 9.50308800e-01
    6.95174158e-01 1.05177663e-01 4.35381234e-01 -7.79955983e-01
    1.09747744e+00 -3.18418473e-01 1.20308137e+00 -5.23117840e-01
    6.38357162e-01 3.41562092e-01 4.09770072e-01 -4.30077851e-01
    1.20933533e+00 7.86861002e-01 1.02377820e+00 -1.69129342e-01
    1.09817648e+00 -5.82071662e-01 6.87355220e-01 1.33620346e+00
    5.83158135e-01 -5.81785560e-01 -6.12881184e-01 7.84714401e-01
    -4.78314549e-01 6.84008539e-01 1.59239626e+00 -5.10606349e-01
    -7.45303512e-01 1.61654437e+00 1.37208390e+00 9.56436992e-02
    -5.89980662e-01 6.04847372e-01 -1.81119740e-01 -1.19784705e-01
    -2.12732270e-01 1.40144324e+00 1.39163971e+00 8.87561664e-02
    1.13466489e+00 9.56332088e-01 -7.76960135e-01 -7.22804070e-01
    1.07182257e-01 -3.50040644e-01 1.33723283e+00 3.03668857e-01
    1.60957253e+00 -5.32666624e-01 1.66681671e+00 2.23130059e+00
    1.95722842e+00 6.00764044e-02 7.75426865e-01 1.73655957e-01
    1.60729289e+00 1.08057928e+00 9.84785259e-01 -6.12830758e-01
    -4.49976087e-01 -3.08655828e-01 6.76030219e-01 -2.55582053e-02
    -4.02486056e-01 1.55091524e+00 -6.72981739e-01 -1.95452824e-01
    1.45408440e+00 5.12077630e-01 2.00361446e-01 -1.71928063e-01
    8.58274579e-01 1.11851180e+00 -3.70051980e-01 1.43717122e+00
    -5.99349439e-01 -1.63642317e-02 2.63540864e-01 1.39081466e+00
    -7.03638732e-01 1.29238212e+00 -2.84598060e-02 3.66275966e-01
    -1.17263541e-01 -5.20052731e-01 8.11614037e-01 -5.74340045e-01
    7.72075877e-02 1.64623380e+00 1.16635203e+00 1.38363183e+00
    -3.53719503e-01 -5.57478011e-01 -5.96818477e-02 1.57449210e+00
    1.13371062e+00 -7.13657081e-01 1.21337605e+00 -3.39604318e-01
    -5.83112091e-02 1.49776721e+00 1.02872394e-01 -5.91209471e-01
    1.36643362e+00 -1.70575887e-01 -9.92425531e-02 4.51512426e-01
    -9.97951105e-02 2.94926673e-01 -5.93102574e-01 9.20390725e-01
    8.94500077e-01 1.09683764e+00 8.77583444e-01 5.72860777e-01
    6.96650982e-01 -4.39167410e-01 -5.97174883e-01 1.30204749e+00
    -2.87444204e-01 1.20047212e+00 -1.13014847e-01 7.61538386e-01
    1.54153025e+00 -4.05231595e-01 5.68407774e-01 1.79441714e+00
    5.87585747e-01 2.10288957e-01 -5.39711475e-01 -4.41390127e-01
    8.26156139e-01 1.06573200e+00 2.71293104e-01 1.50126481e+00
    1.20380962e+00 -1.04005169e-02 2.48119175e-01 1.08382249e+00
    4.90245402e-01 7.80557394e-01 -4.96931493e-01 4.92426574e-01
    4.87274081e-01 1.38171911e+00 1.47305280e-01 -3.16020548e-02
    1.41218424e+00 8.17655325e-01 -5.13140678e-01 6.51443303e-02
    -3.97238016e-01 7.80092776e-01 -3.00463170e-01 2.20512494e-01
    1.08718538e+00 -4.19254869e-01 3.08056958e-02 7.06558526e-01
    4.39806849e-01 7.10955858e-01 -3.10956717e-01 6.01486742e-01
    1.59735096e+00 1.14704192e+00 1.34397125e+00 8.19257557e-01
    7.31917799e-01 3.34858805e-01 1.46379602e+00 -4.66036797e-01
    5.26406467e-02 4.99792099e-01 -6.43242955e-01 -4.60030854e-01
    -1.32212089e-02 3.91658515e-01 1.15828741e+00 3.26379120e-01
    3.12254466e-02 1.33667290e-01 8.98740530e-01 9.97968540e-02
    3.87286156e-01 3.20348412e-01 8.97095144e-01 -3.62580195e-02
    5.91140389e-01 1.65487015e+00 1.42619896e+00 -8.62938389e-02
    1.16162932e+00 -2.81415461e-03 7.11620510e-01 1.21093974e-01
    4.15944546e-01 -4.20155853e-01 7.62029886e-01 1.14765859e+00
    1.60683882e+00 -4.27449077e-01 8.04491937e-01 2.95178056e-01
    1.23393643e+00 -1.57997027e-01 9.74993706e-01 1.06514728e+00
    1.25623000e+00 1.48794031e+00 2.33361716e-04 1.29603580e-01
    -5.71245134e-01 4.94254172e-01 8.79793942e-01 -4.11652505e-01
    1.72143555e+00 -2.84657806e-01 9.12329137e-01 1.08841026e+00
    1.40916216e+00 9.02844310e-01 2.37900183e-01 1.44997358e+00
    6.92871213e-01 5.13156950e-01 5.05481124e-01 1.46392417e+00
    9.64546621e-01 1.57718813e+00 -4.90834564e-01 6.59084439e-01
    1.68799746e+00 -5.67794621e-01 -7.33542219e-02 9.82336819e-01
    -7.08608270e-01 1.16696215e+00 1.37323248e+00 -8.87095332e-01
    1.00879419e+00 1.12777007e+00 -4.64144081e-01 6.66935980e-01
    -2.90318310e-01 -4.85445894e-02 1.25298917e+00 -2.52625663e-02
    4.26174492e-01 6.13074720e-01 1.48603559e+00 -2.40096152e-01
    7.53652751e-01 1.46865618e+00 -5.85682511e-01 6.07712746e-01
    5.08957982e-01 -2.75429249e-01 1.64793825e+00 1.06084740e+00
    4.31631178e-01 8.55745494e-01 1.12457359e+00 1.28607869e+00
    -3.37890953e-01 -3.49254489e-01 -1.92568406e-01 -2.13354416e-02
    1.28150389e-01 -2.37355769e-01 -2.20922187e-01 9.00442779e-01
    1.34978890e+00 4.27357644e-01 -2.03261510e-01 1.27327621e+00
    -2.85054035e-02 9.54274237e-01 1.09213924e+00 1.56882000e+00
    1.22591257e+00 -6.29082322e-01 1.38910127e+00 1.42254007e+00
    -5.14393985e-01 -5.46340287e-01 1.26316440e+00 -3.98237199e-01
    -7.33499587e-01 1.91256255e-01 5.31250387e-02 2.67909348e-01
    1.56223905e+00 -2.15208292e-01 1.31491375e+00 3.61769237e-02
    4.17739093e-01 8.92265618e-01 9.62401688e-01 2.61116683e-01
    2.73854434e-01 8.66187871e-01 -1.89534783e-01 -6.12697184e-01
    6.31493151e-01 9.42242622e-01 5.69601774e-01 2.20333767e+00
    3.06331038e-01 1.26172304e+00 -1.39832482e-01 4.31212664e-01
    3.29006732e-01 7.14625716e-01 1.16388249e+00 1.93788886e-01
    3.01911414e-01 1.08687377e+00 9.71611679e-01 1.49595892e+00
    -2.60503870e-02 1.13438070e+00 4.46980596e-01 1.40629268e+00
    1.42107821e+00 4.46949489e-02 4.90369685e-02 -4.92893279e-01
    1.84830773e+00 -1.98453858e-01 -6.05136693e-01 1.18597639e+00
    -1.12152770e-02 7.18966544e-01 9.46852028e-01 7.44631827e-01
    -1.42923474e-01 1.34686422e+00 1.37497616e+00 -5.97606480e-01
    -6.11728191e-01 1.61881363e+00 7.49466479e-01 6.94320537e-03
    -1.09225772e-01 9.57458675e-01 2.15630338e-01 1.26345664e-01
    1.37093771e+00 -4.29796249e-01 -1.22608230e-01 8.90514791e-01
    1.63251424e+00 4.26707894e-01 -7.62430608e-01 -4.32269931e-01
    1.26658070e+00 1.35028672e+00 1.02115738e+00 9.04853046e-01
    1.31535137e+00 3.10932130e-01 3.79579157e-01 1.41288567e+00
    -2.32230183e-02 1.28625810e-01 -5.89999437e-01 3.14102948e-01
    1.42790258e+00 3.10865998e-01 -4.87711132e-01 9.66199636e-01
    -2.04850972e-01 9.58358586e-01 8.50364208e-01 6.32464647e-01
    1.49757707e+00 1.05950618e+00 -6.75648212e-01 1.80763945e-01
    -2.45321020e-01 7.40379930e-01 1.19148362e+00 -2.60711938e-01
    1.15849018e+00 -5.01957417e-01 1.71014965e+00 -6.65923953e-02
    -5.40186346e-01 -4.64994282e-01 -2.39256141e-03 -3.19534749e-01
    1.67308104e+00 -6.14917159e-01 1.52489758e+00 1.56434190e+00
    5.81687868e-01 -2.91113526e-01 -1.91816781e-02 1.17124653e+00
    6.77354753e-01 1.12911832e+00 1.20131779e+00 -3.51866186e-01
    6.01348162e-01 8.19614232e-01 -1.90658823e-01 1.63617361e+00
    1.87380061e-01 8.39544356e-01 -3.05862159e-01 -2.12446332e-01
    8.31850022e-02 7.74946749e-01 3.69813204e-01 6.23460948e-01
    1.69796288e-01 5.18592894e-01 -6.56652078e-02 6.91784441e-01
    1.99326128e-01 -8.01598668e-01 1.47934473e+00 2.52361983e-01
    7.87595510e-01 -1.09096579e-01 3.07409406e-01 2.71620695e-02
    -6.14412352e-02 -8.77003521e-02 5.62009513e-01 1.30543232e+00
    -5.32588363e-01 6.29013836e-01 -3.43294114e-01 1.12670958e+00
    -2.77375907e-01 -6.36472851e-02 9.87315655e-01 -5.94127178e-01
    1.32777166e+00 1.19803619e+00 -2.94340342e-01 -6.62485421e-01
    2.56525427e-01 1.68465182e-01 -3.92007709e-01 -2.59922326e-01
    4.60899025e-01 5.51551342e-01 1.50142801e+00 -2.42142037e-01
    3.84537041e-01 1.30630565e+00 1.54354858e+00 3.92043948e-01
    9.00032580e-01 8.23790669e-01 1.01059484e+00 -1.06847912e-01
    1.08825723e-02 -2.92792112e-01 -1.68409899e-01 1.25656950e+00
    -8.35934877e-01 1.52330422e+00 -3.77159417e-01 2.15000108e-01
    1.44309437e+00 -3.30443472e-01 1.26981580e+00 1.23248041e+00
    1.68306255e+00 -2.82598943e-01 5.06726652e-02 -3.06900501e-01
    -4.33352768e-01 5.24832129e-01 -6.73442662e-01 1.07562423e+00
    1.32551467e+00 7.23067224e-01 1.09320104e+00 9.57111120e-01
    1.18041635e+00 4.01162475e-01 1.11146343e+00 -5.59305131e-01
    1.19671857e+00 -6.28519654e-01 1.24857688e+00 1.56988263e+00
    -4.16745096e-02 1.54719517e-01 1.18644381e+00 6.98965609e-01
    1.03942490e+00 4.70370680e-01 8.29474568e-01 1.15924549e+00
    1.95424542e-01 4.28901017e-01 3.79371792e-02 3.23330134e-01
    6.19517565e-01 3.31869543e-01 1.07926762e+00 1.57072651e+00
    -4.58795816e-01 1.17937994e+00 -6.98804736e-01 1.68008411e+00
    1.39674842e+00 1.30460337e-02 -5.28044045e-01 1.73258245e-01
    4.25762653e-01 1.32894599e+00 5.30702889e-01 -4.34158146e-02
    -1.70233712e-01 4.35082942e-01 7.38544464e-01 -4.65866476e-02
    1.33653808e+00 1.74610341e+00 -5.67426085e-01 1.63203612e-01
    -4.78810638e-01 9.07328367e-01 7.88697004e-01 7.57015228e-01
    -2.79778957e-01 1.11768258e+00 -2.79243141e-01 -4.20116156e-01
    1.54079485e+00 -3.48961838e-02 3.23207438e-01 1.43978193e-01
    7.09230840e-01 1.05231190e+00 1.57935107e+00 1.59980369e+00
    1.59035254e+00 1.49687445e+00 4.02589709e-01 -4.55154777e-01
    1.01346314e+00 1.35296535e+00 9.73556459e-01 5.75164914e-01
    -2.84769356e-01 1.66261697e+00 7.72725999e-01 -1.63187832e-01
    7.85574794e-01 1.00676167e+00 1.19137204e+00 -3.91556919e-01
    9.39735711e-01 -1.08517729e-01 3.50250274e-01 1.43329048e+00
    1.19606030e+00 9.98339951e-01 -2.42610052e-01 -7.62819171e-01
    9.06087995e-01 1.17636299e+00 7.59304166e-01 2.27400124e-01
    2.42285490e-01 9.87248778e-01 4.21223432e-01 9.37258005e-01
    1.33923745e+00 1.02283549e+00 -5.62593341e-01 1.09263730e+00
    1.61383331e+00 9.39084113e-01 -2.74741977e-01 7.38286078e-01
    3.83778334e-01 -1.24484040e-01 9.39442158e-01 -3.29304129e-01
    1.38689315e+00 1.56300175e+00 -7.02094734e-01 1.18335462e+00
    -6.74435854e-01 -3.83276850e-01 1.17528903e+00 1.36812735e+00
    1.16911793e+00 1.05403757e+00 1.72753215e+00 1.45016932e+00
    -5.64839005e-01 9.62929189e-01 1.16170514e+00 1.17182934e+00
    -3.43402773e-01 7.46275559e-02 -6.00729465e-01 7.40737438e-01
    1.66382656e-01 -6.41240239e-01 9.73467827e-01 7.29491234e-01
    1.30448306e+00 9.40854907e-01 1.27159333e+00 1.11981869e+00
    1.47999242e-01 9.09125984e-01 2.61267871e-01 -4.95121926e-01
    1.48618758e+00 2.56333888e-01 8.07514668e-01 1.41647112e+00
    1.61160409e-01 1.41980600e+00 -4.96441454e-01 -5.88034928e-01
    1.14133978e+00 -6.75562620e-02 4.34535354e-01 1.17744946e+00
    5.70261180e-01 -4.30304229e-01 1.66692424e+00 5.49164116e-01
    1.62021331e-02 1.41870582e+00 -4.93748002e-02 -1.95562989e-01
    -2.89332457e-02 7.16753781e-01 3.62014137e-02 1.58819687e+00
    7.92008281e-01 1.72750628e+00 -1.46954060e-01 5.88645995e-01
    7.56858408e-01 -2.22778060e-02 1.29458964e+00 1.37296510e+00
    1.12695575e+00 3.62856401e-04 2.38785744e-01 -5.39659917e-01
    -5.29347099e-02 7.09026217e-01 1.40706313e+00 9.11636829e-01
    -7.02317774e-01 1.15966284e+00 4.92630512e-01 1.22480094e+00
    -4.50878024e-01 1.72061408e+00 -2.22906381e-01 1.26143813e+00
    -3.95703167e-01 7.66737223e-01 -3.82925183e-01 1.67622066e+00
    1.51293600e+00 2.79981613e-01 7.63537765e-01 1.11776972e+00
    -2.74315998e-02 6.83305562e-01 6.32198513e-01 7.32952356e-01
    -6.56915009e-01 9.86414328e-02 1.29020095e+00 6.89842165e-01
    1.83743268e-01 2.37412546e-02 1.72053778e+00 2.50310540e-01
    -6.69949710e-01 5.69059551e-01 1.33969223e+00 1.39813459e+00
    4.15026210e-02 -4.12004024e-01 -4.84890163e-01 1.21785009e+00
    9.91417766e-01 -2.66311854e-01 1.21905553e+00 1.37395728e+00
    1.91008538e-01 3.63773480e-02 -2.11569503e-01 5.69191337e-01
    1.37016189e+00 4.67860579e-01 -1.59650669e-01 6.84474766e-01
    7.13909328e-01 1.52762163e+00 1.59041002e-01 5.85796461e-02
    4.81408954e-01 1.50787747e+00 1.40190825e-01 5.74233532e-01
    1.39442420e+00 1.12402034e+00 3.83282095e-01 1.38450086e+00
    1.07000065e+00 -2.69609183e-01 -1.54081181e-01 -3.62900853e-01
    1.03702509e+00 -3.67441267e-01 -7.14493573e-01 1.12568927e+00
    -5.32263339e-01 8.95477116e-01 1.50457096e+00 -1.56222939e-01
    -5.68200350e-01 1.53905511e+00 -4.98893380e-01 -5.50359845e-01
    7.33755887e-01 1.26059997e+00 -6.68798566e-01 -2.11858839e-01
    9.12627280e-01 5.45849800e-01 2.23437622e-01 1.11753631e+00
    1.07855153e+00 -3.73972595e-01 1.58879602e+00 -3.73261701e-03
    2.83709258e-01 -6.71789825e-01 1.61846146e-01 8.47159684e-01
    1.36760807e+00 5.17842233e-01 1.10502076e+00 -7.28087604e-01
    8.39497387e-01 5.70874155e-01 7.84790397e-01 1.03384268e+00
    1.04768920e+00 -3.47082093e-02 -2.69927740e-01 -1.98269501e-01
    8.75643513e-04 1.43565679e+00 1.50463951e+00 5.90643585e-01
    -3.31292093e-01 -3.42402875e-01 6.13484323e-01 6.95811391e-01
    -1.97681367e-01 1.45231640e+00 -7.50183582e-01 1.44231653e+00
    1.58457375e+00 1.76508951e+00 3.76394302e-01 7.16832936e-01
    1.68661046e+00 -3.09300363e-01 7.64740288e-01 6.49867535e-01
    -5.41107431e-02 -3.33705723e-01 1.18672311e+00 1.44686031e+00
    -7.11745799e-01 8.39625716e-01 4.06971484e-01 1.11645055e+00
    -6.79293215e-01 -8.15058202e-02 -3.37959529e-04 -2.50462145e-01
    1.34628510e+00 1.60976851e+00 -3.38542372e-01 1.10535705e+00
    1.17103767e+00 6.48194849e-01 -1.40927434e-02 7.46304810e-01
    -1.60376668e-01 1.10831976e-01 -5.92149138e-01 1.06623816e+00
    1.31327629e+00 7.50406861e-01 7.73675501e-01 -4.07898389e-02
    1.30702388e+00 -3.98697734e-01 4.79527950e-01 -5.24568737e-01
    -3.73913944e-01 1.60181367e+00 4.65024769e-01 4.01284754e-01
    1.82909504e-01 1.16973603e+00 7.00619578e-01 1.46414447e+00
    5.03976166e-01 1.18199313e+00 3.58491242e-01 5.15789568e-01
    4.75467861e-01 -4.35598850e-01 1.51835155e+00 1.20713627e+00
    6.08562112e-01 6.48497939e-01 9.04625058e-01 6.41557097e-01
    1.03410423e+00 -4.51121300e-01 -4.68655437e-01 6.01320088e-01
    3.60268921e-01 1.66764724e+00 1.59929037e-01 3.36733133e-01
    1.39199245e+00 3.78731877e-01 1.30544400e+00 1.42512405e+00
    5.41708648e-01 -1.36516571e-01 -4.66165364e-01 1.22370410e+00
    -3.54846478e-01 1.47986701e-02 -6.80215895e-01 1.57403386e+00
    -6.54037297e-01 7.71712363e-01 1.91480383e-01 -5.61753381e-03
    5.38325787e-01 9.71045017e-01 1.28702092e+00 1.58719242e+00
    1.34270203e+00 1.28315723e+00 1.20140028e+00 1.07157815e+00
    1.03327799e+00 3.46802622e-01 -5.32304049e-01 1.47039020e+00
    -6.32639766e-01 1.16504073e+00 1.06390452e+00 -5.83006024e-01
    2.75687873e-01 5.90073705e-01 5.42562783e-01 1.73739865e-01
    1.42495108e+00 -5.51890075e-01 1.05547583e+00 6.48216009e-01
    3.87201905e-01 1.33325028e+00 9.67484951e-01 -1.25446647e-01
    -6.47644937e-01 1.00612366e+00 -8.67909119e-02 -5.74559450e-01
    6.16695583e-02 7.55570948e-01 1.23012848e-02 -2.71751493e-01
    1.73085427e+00 4.30291206e-01 -6.17703140e-01 6.40105486e-01
    -4.72194314e-01 -2.94806600e-01 5.68152189e-01 -1.05072275e-01
    1.34388673e+00 -2.54672229e-01 -4.58903670e-01 2.97637910e-01
    -3.64717633e-01 1.73341370e+00 2.45988309e-01 -4.77364391e-01
    1.50826943e+00 9.56781685e-01 -7.66193092e-01 1.24706852e+00
    7.46861219e-01 2.10909829e-01 1.03080046e+00 5.32254875e-01
    3.91854882e-01 1.66657424e+00 3.51049900e-01 8.41521442e-01
    1.21845059e-01 4.70431000e-01 4.66179132e-01 1.32458460e+00
    4.99476343e-01 1.60086250e+00 3.62025976e-01 9.36520159e-01
    4.71593261e-01 1.56706035e+00 -1.51421621e-01 3.26951236e-01
    4.24308032e-01 1.46743226e+00 8.60752881e-01 1.08526027e+00
    1.42667794e+00 1.11080997e-01 -5.70007488e-02 1.57616591e+00
    5.35985112e-01 6.01921678e-01 3.79095167e-01 8.25380325e-01
    7.36808032e-02 1.60995245e+00 7.74542928e-01 5.30371368e-01
    1.27426398e+00 7.33079731e-01 -6.45330906e-01 9.17147338e-01
    2.19041869e-01 -3.81098896e-01 5.10923982e-01 1.27273631e+00
    1.02795243e+00 2.03595869e-03 1.06581879e+00 1.15944159e+00
    1.55315292e+00 8.56076837e-01 1.64774954e+00 2.54188664e-02
    1.33633554e+00 -6.38664722e-01 -5.74100614e-01 -3.44979078e-01
    6.65467009e-02 1.29519820e+00 4.26117592e-02 9.18494582e-01
    -1.63510293e-02 6.43356740e-01 1.50531375e+00 2.22231358e-01
    -5.13555586e-01 5.35887182e-01 1.71675706e+00 -5.30768335e-02
    7.21139371e-01 1.34953046e+00 1.69122398e-01 -1.01346590e-01
    8.56897116e-01 8.03665817e-01 1.72034800e+00 1.59264708e+00
    -6.67673528e-01 3.12524527e-01 1.75030017e+00 -6.71495199e-01
    9.94020328e-02 3.48007768e-01 2.27909043e-01 1.36506855e+00
    1.16572714e+00 -5.32750487e-01 -5.56247771e-01 1.06809938e+00
    -6.64978981e-01 -2.18169168e-01 1.59045947e+00 9.66813564e-01
    1.27980542e+00 1.04899693e+00 2.09753051e-01 1.27232623e+00
    -4.71590817e-01 1.55036342e+00 6.47508502e-01 6.88105524e-01
    -6.74136698e-01 4.28819150e-01 4.13390458e-01 -4.90119487e-01
    7.65466273e-01 -3.78185540e-01 1.10538177e-01 5.07577896e-01
    -6.77850723e-01 4.23585474e-01 -4.61301267e-01 6.71208560e-01
    -1.48385046e-02 -1.59748897e-01 4.01681811e-01 1.34110522e+00
    1.22969948e-01 -3.94010007e-01 5.65516114e-01 1.29127264e+00
    -1.09422877e-01 -1.06532440e-01 2.55394727e-01 4.33711201e-01
    -4.51920927e-01 9.57508266e-01 1.10203040e+00 5.28433204e-01
    8.62735510e-01 -2.56892145e-01 1.57698309e+00 8.88892949e-01
    8.20074022e-01 1.04427814e+00 8.47682238e-01 4.22979295e-01
    6.87822163e-01 6.84006155e-01 -7.45574534e-01 1.14420581e+00
    5.11783898e-01 1.46933329e+00 6.89045191e-02 9.32434499e-01
    5.70455730e-01 4.96827781e-01 2.91314095e-01 -2.83524752e-01
    2.73983270e-01 -5.24695456e-01 1.00832236e+00 1.09059834e+00
    7.87718117e-01 -3.44138920e-01 1.43243694e+00 1.15958619e+00
    6.04587555e-01 6.67829156e-01 1.05275142e+00 6.16851389e-01
    8.99961144e-02 1.28961885e+00 2.46450037e-01 -6.60074949e-01
    1.54558504e+00 1.30624294e+00 9.99338984e-01 -3.99714597e-02
    1.53830206e+00 7.12197959e-01 1.20360243e+00 -3.97950649e-01
    -3.52581590e-01 -7.21886516e-01 1.21205819e+00 -1.47259697e-01
    -6.00298703e-01 8.41007054e-01 5.48887312e-01 1.82000518e-01
    1.51041925e+00 -2.27635071e-01 -4.07903582e-01 -5.66349447e-01
    3.49043339e-01 8.80418777e-01 1.27567351e+00 -3.04465234e-01
    5.84121704e-01 4.57150906e-01 4.74993497e-01 1.55203223e+00
    4.66324538e-01 1.24354815e+00 6.42173409e-01 1.31731367e+00
    -1.56943873e-01 7.06162930e-01 2.24503875e-02 1.61509967e+00
    9.72196519e-01 1.36119998e+00 -8.66799355e-02 4.03332025e-01
    -2.71297246e-01 9.57755804e-01 1.52047122e+00 -5.31077087e-01
    -3.10124785e-01 3.63794088e-01 7.38437831e-01 7.14349270e-01
    5.00844777e-01 4.21357751e-01 1.32317990e-01 1.84266603e+00
    1.88901469e-01 3.83165389e-01 -2.21999902e-02 -3.06675225e-01
    -1.44611076e-01 -1.74661100e-01 1.13492668e+00 1.11735976e+00
    -2.20511675e-01 9.70162928e-01 1.55958140e+00 1.60277212e+00
    1.53321075e+00 -4.98490185e-01 1.70158315e+00 1.05721807e+00
    1.00700164e+00 1.94322556e-01 5.67869067e-01 1.67992055e+00
    9.38573122e-01 -6.30738914e-01 1.45703661e+00 6.74205661e-01
    -5.07096648e-01 1.14920378e+00 -7.09188819e-01 1.36380982e+00
    1.35031796e+00 -7.62034237e-01 1.26832700e+00 6.42568171e-01
    3.42453301e-01 -4.73348796e-01 -1.14099696e-01 2.01180056e-01
    1.03586400e+00 1.13868690e+00 2.72457570e-01 -7.95891821e-01
    1.35492170e+00 8.62536192e-01 1.52573884e-01 1.13724136e+00
    9.32934761e-01 -4.89267200e-01 1.00427926e+00 6.01434767e-01
    9.10261452e-01 1.67222047e+00 1.54221192e-01 1.18623722e+00
    -7.59062842e-02 3.20475489e-01 5.19935608e-01 2.93845356e-01
    8.09504151e-01 2.95449615e-01 4.13873762e-01 3.99423212e-01
    -1.47672266e-01 -4.19143409e-01 7.53695816e-02 4.67211515e-01
    3.82539779e-01 1.06483018e+00 -5.01424335e-02 3.24988723e-01
    -6.32618070e-01 1.24157953e+00 -1.87204927e-01 -1.98505700e-01
    6.17675245e-01 6.50464833e-01 1.33505687e-01 8.28535736e-01
    8.60617518e-01 1.64066577e+00 -2.45239213e-01 1.29976964e+00
    1.40241563e+00 1.89516455e-01 -6.24475658e-01 1.02410078e+00
    -6.75763011e-01 1.21268857e+00 8.03197801e-01 -3.57983440e-01
    -4.16099072e-01 -3.06297243e-01 -6.00389242e-01 -6.92525804e-02
    1.24132800e+00 7.48087406e-01 -5.19266844e-01 9.37807500e-01
    1.20436490e+00 -6.46486223e-01 8.60124469e-01 -3.77578318e-01
    1.30838811e+00 -5.52700400e-01 1.29896975e+00 5.69384038e-01
    7.45022446e-02 1.58553235e-02 -4.93467718e-01 1.53514040e+00
    1.10353017e+00 -5.73846698e-01 1.17114675e+00 9.20408309e-01
    1.26695347e+00 -1.36200234e-01 -2.79657125e-01 -7.98428208e-02
    5.83143756e-02 -5.29179513e-01 -6.87537909e-01 1.49763882e+00
    -2.02310681e-01 1.36809587e+00 7.13580430e-01 1.46588340e-01
    1.06624496e+00 -3.14328194e-01 1.46304131e+00 -5.37527442e-01
    1.18748522e+00 1.24178159e+00 -5.86167514e-01 1.30158079e+00
    8.59798849e-01 4.20737952e-01 4.43441123e-01 -2.70010471e-01
    3.68139327e-01 -6.46383047e-01 3.11561134e-02 1.03636587e+00
    7.36697376e-01 9.11513746e-01 1.44154415e-01 3.79682124e-01
    1.46505475e+00 1.66082376e-04 2.14279100e-01 1.29259682e+00
    1.26851416e+00 7.31521666e-01 1.69378793e+00 -1.95558026e-01
    1.03148997e-01 1.71456671e+00 9.29245651e-01 1.52298141e+00
    -2.51597106e-01 -8.44691545e-02 1.28463078e+00 2.04367936e-01
    1.60646331e+00 3.89490724e-02 -3.35370541e-01 1.49660993e+00
    1.69991231e+00 1.32172775e+00 -5.95250010e-01 7.30887115e-01
    -6.71916783e-01 9.57522213e-01 1.51473367e+00 5.64644516e-01
    -7.45108187e-01 7.79153168e-01 -7.43529797e-01 5.18501818e-01
    9.89057004e-01 4.49816763e-01 -6.36458337e-01 -9.14889351e-02
    -9.16755944e-02 2.75524884e-01 1.10387576e+00 1.34092772e+00
    4.27727163e-01 5.29340029e-01 2.38851062e-03 -3.60794187e-01
    1.21074080e+00 -4.61243004e-01 7.32328296e-01 -7.23560274e-01
    8.36908102e-01 1.05800056e+00 5.02771914e-01 8.87297094e-01
    -3.97968948e-01 1.14100432e+00 7.32083559e-01 2.51312327e+00
    1.19659543e+00 -3.37479375e-02 1.00970399e+00 4.86395478e-01
    5.34728356e-02 -2.96727240e-01 3.82728249e-01 -4.13291126e-01
    -5.79702258e-01 1.52668250e+00 3.54913682e-01 -4.55435872e-01
    1.71525109e+00 -6.55865669e-01 1.53714025e+00 1.71063793e+00
    -1.49891516e-02 4.45110738e-01 1.58872366e-01 2.79843062e-02
    -5.36747575e-01 1.14251399e+00 1.33534241e+00 7.75259912e-01
    4.02530432e-01 9.85193849e-01 6.48370266e-01 1.60137343e+00
    2.72481382e-01 4.63754177e-01 4.82140183e-01 -4.79260951e-01
    -3.08942869e-02 -6.24158442e-01 -3.16114098e-01 -4.25236493e-01
    3.82957995e-01 1.47929013e+00 7.53752112e-01 -3.35672557e-01
    1.21272373e+00 7.19926536e-01 -7.08055615e-01 1.48582733e+00
    -1.61087483e-01 1.34948230e+00 -7.13402212e-01 -3.96986723e-01
    1.56601477e+00 -1.89490154e-01 3.90301608e-02 -4.58402127e-01
    -3.90679687e-02 7.40899980e-01 6.25292361e-01 -5.22484601e-01
    -2.62935758e-01 7.21564293e-01 -6.07199788e-01 -5.82473949e-02
    1.11907268e+00 3.34078558e-02 1.54919827e+00 1.35352266e+00
    1.09788311e+00 1.61993027e+00 -6.84336424e-01 -6.82918504e-02
    -2.19099373e-01 1.01980233e+00 1.37874150e+00 -1.81685746e-01
    9.36774492e-01 -2.34841034e-01 -4.09417123e-01 4.04111952e-01
    -3.31425704e-02 1.29137540e+00 1.29357910e+00 1.41901278e+00
    9.77738261e-01 -5.07415295e-01 -5.55147469e-01 1.62218988e+00
    2.17196494e-01 1.49354780e+00 1.60423684e+00 1.00957431e-01
    8.52375209e-01 -4.95890945e-01 6.86329424e-01 -6.73417687e-01
    1.18909967e+00 1.18076050e+00 1.29912004e-01 1.69006836e+00
    6.67518198e-01 1.43267286e+00 -1.46303728e-01 -4.34104651e-01
    2.80574083e-01 7.43202925e-01 -3.51811498e-01 1.40506577e+00
    3.62550199e-01 6.91324472e-01 -4.59000647e-01 1.08751023e+00
    -1.26341298e-01 -6.29625082e-01 -1.30792797e-01 8.20130825e-01
    7.30083168e-01 6.19116485e-01 6.17068172e-01 8.36742342e-01
    -4.01407063e-01 -1.22957304e-02 -3.35302711e-01 -5.76232076e-01
    1.70648634e-01 7.84679949e-01 8.65643263e-01 1.43676627e+00
    4.65395242e-01 1.10863674e+00 6.41197681e-01 1.21759188e+00
    -3.83930027e-01 1.25568211e-01 7.97098055e-02 -1.49360493e-01
    -4.37100619e-01 2.28031725e-01 4.88759488e-01 1.03614807e+00
    1.51468241e+00 1.16465652e+00 2.22058639e-01 6.66824877e-01
    1.51408577e+00 1.82065204e-01 4.74148184e-01 5.61216354e-01
    4.53822523e-01 1.03623021e+00 -8.15847158e-01 1.24849868e+00
    9.79947925e-01 5.56283295e-01 1.74716607e-01 5.41105151e-01
    -4.05362487e-01 1.29119110e+00 7.53038645e-01 -1.65639952e-01
    -1.39745846e-01 4.89853710e-01 7.96040058e-01 1.54253781e+00
    2.41218373e-01 1.13823199e+00 -5.34430034e-02 1.42580259e+00
    6.08301461e-01 3.17059547e-01 -4.07387912e-01 4.98890162e-01
    1.38870931e+00 1.32295907e+00 1.77295947e+00 -4.31353301e-01
    1.67687345e+00 -1.07759021e-01 7.73355007e-01 1.35893250e+00
    1.67298996e+00 -5.39620638e-01 1.47711968e+00 -5.78867257e-01
    1.42701817e+00 -4.75122422e-01 7.06332505e-01 -3.07510078e-01
    1.38497961e+00 2.65195727e-01 2.74513010e-02 8.72399509e-01
    -7.41740286e-01 1.49538791e+00 1.19073164e+00 -1.59201384e-01
    9.53026533e-01 2.91799545e-01 1.50804448e+00 3.06725442e-01
    7.41214573e-01 3.22299987e-01 1.71428764e+00 9.49376523e-01
    1.08443391e+00 1.63357806e+00 -6.79470658e-01 8.67329165e-02
    1.82806894e-01 -1.66158125e-01 5.98750003e-02 -8.46849978e-02
    1.05937552e+00 1.41089940e+00 7.41687790e-02 -5.66818833e-01
    3.58801484e-01 7.18173504e-01 -3.53614122e-01 1.77641749e-01
    -2.76749045e-01 2.56630659e-01 1.08340192e+00 1.70814383e+00
    -4.94906217e-01 1.03141379e+00 6.36520684e-01 1.08601296e+00
    -2.26684093e-01 1.36837256e+00 7.37621129e-01 8.45548511e-01
    7.29272217e-02 2.28230506e-01 5.02428055e-01 7.19493628e-01
    1.41360021e+00 1.45371246e+00 1.47216249e+00 2.65094608e-01
    -2.55468577e-01 9.00985956e-01 6.49127424e-01 4.35961813e-01
    6.09558344e-01 5.89817166e-01 -7.87675455e-02 1.59532905e+00
    -1.28343910e-01 1.39571831e-01 1.40009582e+00 1.45026553e+00
    3.02483052e-01 1.59897876e+00 1.44815648e+00 -5.75563729e-01
    1.39855051e+00 2.59299964e-01 -4.78865653e-01 2.41284823e+00
    6.63189739e-02 -4.41516846e-01 1.32137990e+00 1.43257260e+00
    1.35189342e+00 5.87562382e-01 -4.27724630e-01 1.09801006e+00
    -3.77978653e-01 1.83390528e-01 -4.02702779e-01 1.51477766e+00
    6.98487937e-01 -5.06269395e-01 -5.42293251e-01 1.23094583e+00
    3.97082001e-01 1.59250641e+00 6.55837059e-01 1.65173721e+00
    1.06754005e+00 1.83806568e-01 1.16492355e+00 1.31491828e+00
    1.02849555e+00 -1.13695607e-01 1.21271265e+00 8.98068249e-01
    -2.55209029e-01 -5.66619039e-01 9.24517095e-01 1.44820476e+00
    -5.57025492e-01 9.93596137e-01 6.13240600e-01 1.09671617e+00
    6.48012519e-01 4.07009125e-01 -7.62164071e-02 1.37296557e-01
    -4.47633505e-01 -5.59454679e-01 8.16168308e-01 1.01694596e+00
    3.90842527e-01 -4.38358247e-01 2.95713454e-01 1.54381537e+00
    -6.79552555e-01 1.72198951e+00 1.52485728e+00 4.79059130e-01
    -2.94199228e-01 5.92802286e-01 1.18559979e-01 2.72304207e-01
    1.11735094e+00 4.91057515e-01 6.99863970e-01 -5.07349432e-01
    9.15297270e-01 6.43711984e-01 -1.72270015e-02 -3.39816153e-01
    -4.04644668e-01 -6.09821856e-01 5.82255602e-01 6.66014969e-01
    1.40950739e+00 -2.34814897e-01 4.45152521e-01 -6.52296841e-02
    1.55417395e+00 8.18221152e-01 -3.17322195e-01 1.40081596e+00
    -1.12387642e-01 -3.46959978e-02 2.31609970e-01 3.17089707e-01
    3.40179592e-01 1.41473913e+00 7.27562904e-01 6.12223327e-01
    4.04915899e-01 7.25760341e-01 1.22278023e+00 9.18163210e-02
    -3.01160514e-01 1.25364935e+00 1.01415622e+00 7.07570910e-01
    1.60134661e+00 4.86287504e-01 8.11879694e-01 2.11849496e-01
    -2.21810430e-01 -3.43605012e-01 -4.46604937e-01 -5.16153574e-01
    1.57123065e+00 4.57691222e-01 9.62344706e-01 1.06038630e+00
    4.85521168e-01 -3.95282716e-01 -4.92535174e-01 6.06697619e-01
    5.83753064e-02 1.06174600e+00 6.96840346e-01 9.15208817e-01
    3.24448287e-01 8.12191427e-01 3.97681028e-01 1.27035356e+00
    -4.69554842e-01 -3.95256430e-01 1.63740969e+00 9.50932145e-01
    1.47927701e+00 1.60412759e-01 2.79016018e-01 9.53208447e-01
    9.28817332e-01 4.85822409e-02 5.47907948e-01 -2.85216551e-02
    2.65650630e-01 -1.74628198e-02 1.81116283e+00 1.76545814e-01
    1.06874251e+00 1.00653780e+00 3.79988462e-01 -5.77654541e-01
    -1.27652839e-01 -4.42046493e-01 1.67275238e+00 1.36177731e+00
    1.60721445e+00 1.19352233e+00 -7.93127000e-01 6.50556087e-01
    -2.78153688e-01 1.33524334e+00 1.28718829e+00 9.73533988e-01
    1.09093750e+00 -5.27284682e-01 1.43009758e+00 1.68737352e+00
    -1.76261455e-01 9.46333170e-01 -1.16163224e-01 -2.53747433e-01
    -5.35545647e-01 4.41897154e-01 1.55832887e-01 1.20875728e+00
    2.77692646e-01 1.06338942e+00 8.32309723e-01 1.13567567e+00
    -3.68753761e-01 7.60388076e-01 -5.58794081e-01 3.15948576e-01
    1.04447424e+00 1.35105526e+00 -6.80131614e-01 1.49671391e-01
    7.88741633e-02 7.34887838e-01 6.74531639e-01 1.10559785e+00
    -1.33846879e-01 9.72244918e-01 6.82500541e-01 -6.70488417e-01
    8.12933221e-02 1.29626191e+00 -1.83250487e-01 -4.39486504e-01
    1.36286521e+00 1.43342614e+00 6.34027839e-01 -1.64661452e-01
    1.63895965e+00 -4.33285296e-01 8.17265570e-01 -1.44506559e-01
    8.77464831e-01 1.33648181e+00 7.82581985e-01 6.60124302e-01
    -7.24281132e-01 -6.83848858e-02 -6.81429625e-01 1.11161530e+00
    -5.77386975e-01 8.79979789e-01 1.15963018e+00 1.46457517e+00
    1.31369805e+00 1.70135331e+00 -3.82310063e-01 1.27074397e+00
    6.38280690e-01 -1.81143194e-01 -1.42977297e-01 2.69122850e-02
    -4.12169814e-01 1.70858443e-01 -1.64400071e-01 -1.46875918e-01
    1.15455401e+00 -4.38485324e-01 7.73679495e-01 -2.90606409e-01
    3.45459700e-01 2.79967248e-01 -7.11495504e-02 1.40215838e+00
    1.49454999e+00 8.64288330e-01 1.24942613e+00 9.88078237e-01
    -5.54295599e-01 1.19218445e+00 2.51346797e-01 1.52775717e+00
    4.75652277e-01 7.36260056e-01 1.45080733e+00 1.56162679e+00
    -3.07731926e-01 1.41648591e+00 4.55435067e-01 8.82597640e-02
    5.70020914e-01 2.30765576e-03 1.05601680e+00 1.21120310e+00
    -1.77990466e-01 3.95423412e-01 2.22957790e-01 -5.05594611e-01
    2.83377141e-01 4.05357957e-01 2.03553572e-01 9.72199321e-01
    -1.84902743e-01 8.72800827e-01 1.13390052e+00 1.48759902e+00
    1.66039526e+00 1.78596997e+00 -3.88308734e-01 -4.44093913e-01
    8.19937468e-01 8.95589113e-01 2.84213692e-01 1.18166730e-01
    1.21914256e+00 1.33199430e+00 6.22657314e-03 -6.69262230e-01
    5.06397247e-01 6.91052675e-01 2.07094565e-01 2.72467405e-01
    2.44492013e-02 -4.69914973e-01 1.49369705e+00 -7.72753656e-01
    9.02605593e-01 6.79879487e-01 -4.93100673e-01 8.04904759e-01
    -3.54984999e-02 -4.45132703e-01 1.50413787e+00 -6.40103459e-01
    6.19300127e-01 1.15305209e+00 3.51928234e-01 7.24136293e-01
    1.27079010e+00 1.13471901e+00 4.29712921e-01 -6.52001560e-01
    7.12481737e-01 3.76016974e-01 -6.18618846e-01 -1.94604844e-01
    -2.08405212e-01 4.92347836e-01 1.91982850e-01 4.76349592e-01
    7.00449228e-01 1.57431555e+00 1.13154948e+00 3.98233324e-01
    -1.79384336e-01 7.16916323e-01 6.29072547e-01 1.31756318e+00
    1.46716321e+00 -7.24069655e-01 8.92777562e-01 -5.36138654e-01
    6.33436203e-01 1.02423942e+00 1.54181671e+00 1.39792967e+00
    1.42457414e+00 6.51354969e-01 1.00794613e+00 1.34705114e+00
    6.99652195e-01 -3.92778754e-01 7.83941448e-01 6.04300380e-01
    -3.63275766e-01 -2.06538156e-01 -4.30683076e-01 1.56573045e+00
    -6.61460340e-01 3.44790369e-02 -6.34324312e-01 9.02331769e-01
    3.52005929e-01 -1.03039011e-01 1.01948035e+00 -7.49613881e-01
    1.02551746e+00 1.47605276e+00 -8.72470856e-01 1.51678669e+00
    5.78092396e-01 1.60248351e+00 -3.77550602e-01 -6.31852806e-01
    1.87312767e-01 3.26541245e-01 5.30950055e-02 1.67445040e+00
    -6.87827289e-01 1.00424576e+00 5.61901987e-01 -6.98775351e-01
    -3.73188019e-01 -3.01827371e-01 1.50674057e+00 9.33801413e-01
    1.49946523e+00 5.68199381e-02 7.81892538e-01 -5.87395191e-01
    9.91981268e-01 -2.54035413e-01 9.17595446e-01 6.88815236e-01
    1.33873081e+00 1.58404744e+00 5.52918553e-01 1.55755341e+00
    -6.07654378e-02 1.61988008e+00 -6.68176770e-01 1.17774487e+00
    4.68651801e-01 1.69737506e+00 -4.05862004e-01 9.88921702e-01
    1.73307729e+00 -3.08278650e-01 -4.26207632e-01 7.08573639e-01
    2.58388400e-01 -6.48998797e-01 5.99049687e-01 1.68995595e+00
    -6.47346914e-01 -4.96432781e-01 1.42311060e+00 1.59810130e-02
    -5.27225196e-01 -1.72852293e-01 2.21917167e-01 1.44117999e+00
    -1.12231418e-01 4.86541614e-02 -4.99591887e-01 -4.71879721e-01
    1.27802610e+00 -2.59698778e-01 -1.46313846e-01 1.33949077e+00
    4.63268906e-01 1.56220698e+00 1.38190317e+00 -7.77612448e-01
    2.15464950e-01 -7.71454675e-03 1.95250303e-01 1.17657411e+00
    1.43599153e-01 -3.48511785e-01 7.13074148e-01 3.41870189e-01
    1.08563268e+00 5.50157070e-01 5.52856743e-01 -3.36083859e-01
    4.65078771e-01 1.36433434e+00 -1.13554806e-01 -4.89543349e-01
    1.10277057e+00 1.68766928e+00 -2.56343950e-02 -1.89625248e-01
    -2.19546095e-01 -6.50510550e-01 5.79597175e-01 1.90804362e-01
    1.69796479e+00 -3.36746514e-01 1.49375951e+00 -4.43725586e-02
    1.16509628e+00 1.51623094e+00 -3.02647769e-01 -7.02649832e-01
    1.22022295e+00 -4.60076421e-01 8.39455783e-01 1.13542902e+00
    7.42115080e-01 6.40568435e-01 9.65279758e-01 -4.16225016e-01
    -3.05430204e-01 -8.59834477e-02 1.02443206e+00 1.60526454e+00
    5.42292476e-01 1.57661963e+00 -7.94046640e-01 -1.02745213e-01
    1.38165569e+00 1.27166712e+00 7.44044721e-01 -1.04071349e-01
    2.20059559e-01 -5.66191316e-01 -5.22155687e-02 1.48672807e+00
    1.59440899e+00 1.80104002e-01 -2.13113904e-01 -2.86886513e-01
    2.66784310e-01 -3.45396996e-01 1.08677614e+00 7.13217020e-01
    9.84280705e-01 -4.37232286e-01 1.11751132e-01 8.69913816e-01
    1.87608644e-01 6.05501793e-02 -1.99138761e-01 1.42832851e+00
    -5.40630877e-01 7.17660666e-01 7.50076354e-01 1.10429275e+00
    -7.45274067e-01 -4.30354804e-01 8.85330498e-01 2.21038759e-01
    5.75338304e-01 4.76553649e-01 7.06614435e-01 -2.57722706e-01
    -6.51083112e-01 1.50207043e+00 9.72859025e-01 -2.16088042e-01
    2.04841182e-01 -1.57575101e-01 8.96391869e-01 -6.64716899e-01
    1.06113398e+00 5.72493434e-01 -5.80888689e-01 -4.18017775e-01
    -2.53570914e-01 1.67223537e+00 1.34673047e+00 1.46264553e+00
    6.33131504e-01 -2.95397956e-02 -6.06480479e-01 7.38518059e-01
    1.83889598e-01 1.34142697e+00 9.20679808e-01 1.29454350e+00
    1.69756007e+00 3.67009282e-01 4.65349495e-01 1.55896330e+00
    -2.08547935e-01 -1.14115234e-03 1.01665282e+00 -1.83870405e-01
    4.61702436e-01 1.10987616e+00 1.17927039e+00 1.08148277e-01
    -3.35035861e-01 -6.31753981e-01 -1.99508816e-01 1.08239126e+00
    1.39126849e+00 1.39176226e+00 1.50754356e+00 1.24138463e+00
    4.12249029e-01 9.67267275e-01 2.26509109e-01 -2.80160695e-01
    -2.91736096e-01 1.03940284e+00 7.54534721e-01 -7.26567328e-01
    -2.50390232e-01 1.12343228e+00 1.65385216e-01 -1.65006161e-01
    8.34042072e-01 8.14650357e-01 -3.83644134e-01 1.16564298e+00
    1.58844307e-01 1.51521397e+00 1.20299923e+00 9.48547184e-01
    -1.80696189e-01 6.96831107e-01 -4.85856682e-02 1.19195592e+00
    7.52666593e-01 6.76947057e-01 5.42323947e-01 1.71060916e-02
    1.70514584e-01 -5.78862440e-04 6.62864804e-01 1.52155471e+00
    1.32658720e-01 8.71545017e-01 4.27264184e-01 1.55225909e+00
    -1.43692419e-01 8.24410558e-01 -5.70438921e-01 -6.85495377e-01
    1.03857434e+00 8.84251177e-01 -1.25277445e-01 8.38673949e-01
    1.50181508e+00 1.55555475e+00 1.49035776e+00 5.00097990e-01
    -1.10158622e-01 1.05429268e+00 9.75704491e-01 -4.70710218e-01
    1.51871407e+00 1.74902201e+00 3.90415043e-01 6.06047869e-01
    1.76826641e-01 1.40801585e+00 -5.15117049e-01 5.31993628e-01
    7.25843981e-02 1.07388484e+00 7.03403413e-01 5.63868582e-01
    1.03020549e+00 1.04486084e+00 -2.09734499e-01 1.03342259e+00
    -4.41972375e-01 1.73510504e+00 8.73531401e-01 1.69885421e+00
    4.11766827e-01 -3.31909895e-01 1.42316985e+00 1.44300485e+00
    1.28463626e+00 5.19762218e-01 1.52545989e+00 2.58573532e-01
    -6.92286074e-01 1.53218555e+00 1.08013165e+00 8.94452155e-01
    -6.62499607e-01 1.08257818e+00 -1.84265018e-01 2.23819345e-01
    3.31315935e-01 -3.39737833e-02 -1.97274894e-01 2.66644418e-01
    4.34068799e-01 1.10477614e+00 -4.20565873e-01 1.39734209e+00
    -5.49775183e-01 1.40588999e+00 -2.99633384e-01 -2.07864240e-01
    3.86599392e-01 4.81227905e-01 -1.78023264e-01 9.64164019e-01
    -3.37931573e-01 -9.97687355e-02 5.10950625e-01 1.10345948e+00
    1.21916926e+00 -3.54536057e-01 5.19025922e-01 -1.74878433e-01
    1.11993372e-01 3.90393026e-02 3.75245251e-02 6.78680182e-01
    5.24520874e-01 9.52634871e-01 7.66992033e-01 -4.86130118e-01
    3.55378956e-01 5.92114091e-01 5.01627862e-01 1.44736898e+00
    9.38299716e-01 4.78600115e-01 5.93320847e-01 1.45724392e+00
    -9.74774826e-03 5.93340576e-01 1.43158913e+00 9.67766106e-01
    -4.32739668e-02 -4.25495923e-01 -3.04157704e-01 3.15082788e-01
    1.73311269e+00 5.43037176e-01 1.04192543e+00 -6.01788759e-01
    4.21401411e-01 6.92532718e-01 -3.29248726e-01 -3.17829579e-01
    1.44493175e+00 4.13004309e-01 -1.37769639e-01 5.07336974e-01
    1.55480057e-01 1.20524931e+00 -2.48229161e-01 3.45396101e-02
    1.17933559e+00 7.83542335e-01 -3.84375960e-01 4.18156505e-01
    1.21833539e+00 -4.51269776e-01 5.73907912e-01 9.57381606e-01
    1.71435988e+00 1.67755222e+00 6.61137626e-02 4.45752770e-01
    3.90379727e-01 -2.62616754e-01 -1.07451491e-01 1.46487582e+00
    1.58560622e+00 6.35779083e-01 6.77496731e-01 3.60244215e-02
    1.11401606e+00 9.30158556e-01 8.18012774e-01 1.38670802e+00
    1.26657140e+00 -4.79166478e-01 1.13049150e+00 9.19301748e-01
    2.03187138e-01 -9.62017998e-02 1.23373282e+00 7.10111022e-01
    -1.84019312e-01 -5.44040978e-01 -1.36406928e-01 1.58230007e+00
    -1.68415576e-01 1.50991991e-01 9.64505076e-01 8.77557039e-01
    1.41692424e+00 1.38876557e+00 -1.78299591e-01 1.42687404e+00
    1.37154412e+00 5.58216333e-01 -6.38081878e-02 1.19318128e+00
    -4.89920944e-01 1.59072220e+00 6.78481281e-01 9.17098284e-01
    1.35121953e+00 -5.07054508e-01 3.22935075e-01 9.64067280e-01
    6.83569074e-01 6.97657704e-01 -5.54305911e-01 5.21981418e-01
    1.20548677e+00 8.02184582e-01 1.32019055e+00 2.67509997e-01
    -1.63972303e-01 8.43988776e-01 8.01402390e-01 1.29603040e+00
    1.00948334e+00 4.33024615e-01 -4.84647989e-01 1.81729174e+00
    1.36020815e+00 -5.77886522e-01 -6.01071358e-01 1.16628587e+00
    1.42833960e+00 9.80782032e-01 5.26818335e-01 9.65534687e-01
    1.70244288e+00 5.68952560e-01 1.40610170e+00 5.57565093e-01
    5.51735044e-01 8.83860767e-01 1.40543532e+00 -4.53847289e-01
    1.68508065e+00 -3.39214563e-01 3.82813849e-02 1.24712634e+00
    -5.43280542e-01 1.24718714e+00 7.92635858e-01 1.10418022e+00
    1.41209650e+00 1.78113306e+00 1.28909159e+00 1.07766576e-01
    6.62597835e-01 1.67924106e-01 1.61251497e+00 2.14496180e-01
    9.21890512e-02 4.39121038e-01 1.40097618e-01 1.27375448e+00
    1.46950078e+00 3.50323290e-01 5.55421174e-01 1.70662284e+00
    1.09457552e+00 4.20333117e-01 1.08769107e+00 3.62517059e-01
    1.51314592e+00 -6.55741453e-01 1.60122645e+00 1.58699647e-01
    -6.83371007e-01 1.39805639e+00 6.95629418e-01 8.30746651e-01
    -5.51598072e-01 7.43633974e-03 9.45593774e-01 1.47103807e-02
    -4.08320546e-01 -2.18241997e-02 2.67908484e-01 -2.35505894e-01
    1.07841384e+00 -2.53693730e-01 1.85783297e-01 1.32699025e+00
    -4.21314150e-01 4.96831954e-01 7.74490595e-01 9.19863522e-01
    8.86839405e-02 -5.55520236e-01 8.30826819e-01 8.32994699e-01
    1.40296304e+00 -5.05059898e-01 -2.06757531e-01 6.11438632e-01
    2.85315126e-01 6.92823708e-01 -6.58808053e-01 2.29018211e-01
    4.65520054e-01 7.87841916e-01 1.00535774e+00 -5.02189279e-01
    5.99916242e-02 8.56762469e-01 -5.43996617e-02 -7.32288361e-01
    1.34672916e+00 1.40460348e+00 -2.35507548e-01 1.93983704e-01
    1.30369163e+00 1.27687776e+00 -4.17257547e-01 1.08609319e+00
    -1.87790748e-02 4.08756465e-01 7.30226338e-01 -8.29547644e-04
    1.35220945e-01 8.29075694e-01 -2.08113566e-01 -3.38802347e-04
    -2.14623690e-01 5.42261183e-01 1.32972240e+00 -1.79777503e-01
    7.88181067e-01 1.13147125e-01 1.28739429e+00 7.00427055e-01
    6.88153386e-01 1.54528749e+00 1.95753545e-01 6.21780276e-01
    5.38250446e-01 1.29354155e+00 -6.61215186e-01 4.55297530e-01
    1.45901895e+00 2.80888379e-01 1.11358345e+00 -7.08540142e-01
    1.03490055e+00 1.18589067e+00 3.13916832e-01 -4.51626807e-01
    2.51434654e-01 1.57338846e+00 9.38873351e-01 1.86568812e-01
    6.18044555e-01 1.22019076e+00 1.19355714e+00 5.24433315e-01
    1.72372985e+00 1.40774953e+00 1.04808712e+00 1.60401654e+00
    1.61932051e+00 1.79175008e-02 1.19521224e+00 1.10569227e+00
    1.23160350e+00 6.64994717e-01 5.51204309e-02 1.17324269e+00
    2.92027414e-01 1.10952318e+00 -1.86269149e-01 8.96056116e-01
    7.64687300e-01 -4.37185615e-01 2.56540954e-01 8.77162516e-01
    9.77324545e-02 5.10535777e-01 2.39211977e-01 5.69211543e-01
    -9.82438698e-02 -4.10454243e-01 2.00621113e-01 -1.61093175e-01
    7.15827867e-02 6.14513755e-01 1.02178645e+00 1.08464313e+00
    -2.64631063e-01 1.23153579e+00 -1.02379255e-01 -1.32371798e-01
    -1.00744389e-01 1.77174544e+00 5.32507360e-01 6.71876729e-01
    4.10169065e-01 8.12353551e-01 -1.18674979e-01 7.96077907e-01
    -1.75138965e-01 6.33275211e-01 5.53654969e-01 9.52221453e-02
    7.84909546e-01 -2.55055577e-01 7.09360719e-01 -5.80550551e-01
    -2.69026846e-01 8.53853762e-01 -6.86816752e-01 1.63203621e+00
    1.52782834e+00 -3.16686511e-01 1.44370270e+00 6.82248116e-01
    1.27000093e+00 6.98123157e-01 2.86248833e-01 -7.17644274e-01
    8.49405229e-02 3.37425798e-01 1.60248899e+00 -5.15444279e-01
    1.36750601e-02 4.41587210e-01 1.14643425e-01 1.53354383e+00
    4.09635127e-01 -7.11406589e-01 1.31927991e+00 -5.69295108e-01
    4.56201404e-01 1.37307930e+00 -5.07216632e-01 1.15267861e+00
    -5.16496778e-01 1.43049634e+00 1.45128798e+00 -3.30951571e-01
    1.27282119e+00 9.41225588e-01 1.62722993e+00 -5.86289227e-01
    -1.74793571e-01 9.62667584e-01 8.41932058e-01 9.56119180e-01
    -4.81180817e-01 -2.16335312e-01 7.61038005e-01 -6.24935806e-01
    7.44684577e-01 1.48393846e+00 4.71151769e-01 4.20397788e-01
    -9.06261280e-02 7.45365143e-01 6.33039773e-01 8.69208574e-01
    1.02643514e+00 -6.66743934e-01 1.59983909e+00 1.09651543e-01
    2.53535271e-01 1.20409179e+00 -4.99358356e-01 1.64894664e+00
    6.24283135e-01 7.58513451e-01 -3.37143779e-01 1.64098346e+00
    6.17490768e-01 6.38326049e-01 -1.39703378e-01 1.18355751e-01
    1.34024382e+00 -6.23520911e-01 -5.45168281e-01 9.08371031e-01
    -5.55813730e-01 -7.51277387e-01 1.19341338e+00 -5.30291855e-01
    -5.94097674e-01 6.35647535e-01 -4.98620838e-01 2.22422886e+00
    4.39114958e-01 -2.69299775e-01 1.17170620e+00 1.05567181e+00
    -5.87835729e-01 9.81166422e-01 8.44123065e-01 3.04519176e-01
    1.20559752e+00 2.96503574e-01 -2.66926736e-01 1.69505584e+00
    -3.74363244e-01 -1.12797543e-01 6.52603269e-01 7.36121554e-03
    5.90077415e-02 1.30655706e+00 -6.71334505e-01 -4.09987792e-02
    1.16780245e+00 5.35738766e-01 -1.47207767e-01 -4.96939629e-01
    8.98741364e-01 -2.09430277e-01 1.02608168e+00 5.38416326e-01
    1.06871516e-01 -1.40283227e-01 7.59950161e-01 1.41262150e+00
    3.39633435e-01 4.09270734e-01 -5.75582087e-01 8.43709350e-01
    -2.39858866e-01 1.25216341e+00 3.64130855e-01 2.71161824e-01
    -1.10132724e-01 8.22314084e-01 -4.53512907e-01 1.50723422e+00
    1.39149988e+00 1.72497082e+00 6.35582566e-01 1.43473303e+00
    -4.49757725e-01 1.44358385e+00 1.07696451e-01 8.16099584e-01
    1.55812836e+00 -3.04160237e-01 1.13161778e+00 -1.79772347e-01
    -5.19521274e-02 1.59043753e+00 5.72989762e-01 1.69489861e-01
    1.27902186e+00 9.87005115e-01 6.96184695e-01 3.74982953e-01
    1.75325885e-01 1.11954284e+00 1.62325799e+00 1.92759812e-01
    4.72689986e-01 -4.96686429e-01 4.02124941e-01 5.11596143e-01
    -4.41807777e-01 9.83793676e-01 4.81428206e-01 1.40069032e+00
    -6.28103763e-02 -2.53350109e-01 1.62258196e+00 8.73478234e-01
    1.35578191e+00 2.42130384e-01 1.02702188e+00 8.77151251e-01
    1.43707585e+00 8.24205160e-01 3.19786876e-01 6.60362184e-01
    5.19631088e-01 3.94581944e-01 -1.77411005e-01 1.11912560e+00
    -6.51958346e-01 -2.15391755e-01 1.18751419e+00 7.80518889e-01
    1.31885552e+00 -3.02856386e-01 2.28942022e-01 -1.93256393e-01
    -5.33020087e-02 5.45921564e-01 3.32937479e-01 -6.39451981e-01
    1.25830114e+00 1.39316404e+00 1.21186090e+00 6.17630959e-01
    1.88273042e-01 9.61356878e-01 -3.68006051e-01 3.82470526e-02
    1.20428336e+00 -5.22724271e-01 3.51850033e-01 1.09563065e+00
    1.54284406e+00 -5.93696833e-02 -1.52561933e-01 -2.73591764e-02
    1.38041031e+00 4.13948596e-01 -6.63252890e-01 -4.72930998e-01
    -1.97094660e-02 -2.34169096e-01 9.82939541e-01 -2.98149198e-01
    -1.17424659e-01 -1.41529158e-01 -5.27597010e-01 4.29277092e-01
    4.12789702e-01 1.33976376e+00 1.32886839e+00 6.85567677e-01
    -4.24346238e-01 6.49889112e-01 3.61528486e-01 4.58162397e-01
    1.54504037e+00 9.78393734e-01 1.31222343e+00 7.61710525e-01
    -6.16347671e-01 1.23729333e-01 1.36011386e+00 6.12669647e-01
    1.71680272e+00 -5.58539927e-01 1.52076399e+00 3.83878887e-01
    2.18632668e-01 1.10268056e+00 1.37677228e+00 1.27801609e+00
    1.56269282e-01 -3.50511909e-01 2.75330335e-01 2.84712583e-01
    -9.15479064e-02 9.73457843e-03 1.80655763e-01 1.16514921e+00
    8.94997716e-01 6.34662747e-01 1.24515927e+00 -1.99415520e-01
    1.57648575e+00 1.05068445e+00 5.81696212e-01 4.88825798e-01
    3.30535799e-01 -2.04488918e-01 9.77166951e-01 -2.24190176e-01
    -4.92734849e-01 -1.32069901e-01 1.49432933e+00 3.09660494e-01
    1.51573896e-01 -4.96327668e-01 -7.15758920e-01 -2.60977924e-01
    1.33115709e+00 8.04355741e-01 -5.21838069e-01 1.30439532e+00
    -4.89665478e-01 1.58710384e+00 -3.39574635e-01 1.66440535e+00
    8.47422406e-02 1.50794506e+00 1.26890874e+00 -8.78114253e-02
    1.11201334e+00 -5.14051855e-01 8.65077794e-01 6.46101713e-01
    2.06183001e-01 -2.83997118e-01 1.31790698e+00 3.34458351e-01
    -4.72267121e-01 1.27494689e-02 -4.75438721e-02 -5.84098279e-01
    3.48587066e-01 9.98957276e-01 1.23196363e+00 -5.59862792e-01
    9.15700257e-01 1.75116801e+00 -7.12619364e-01 3.82673234e-01
    1.72319388e+00 5.81309497e-02 -1.94350600e-01 1.04862368e+00
    -3.77490252e-01 1.12588346e+00 9.76410747e-01 -4.78083603e-02
    -3.98404605e-04 1.24782276e+00 -3.63879710e-01 3.18390548e-01
    -7.14976072e-01 8.30162346e-01 -7.11870909e-01 1.33705962e+00
    -5.32343268e-01 1.36789489e+00 1.07187140e+00 2.78441399e-01
    4.52900156e-02 2.08595008e-01 1.22463763e+00 -5.88098586e-01
    6.74744308e-01 3.30974549e-01 1.25593162e+00 -3.29062492e-01
    8.84328306e-01 1.28414714e+00 -3.30815226e-01 -3.30774337e-02
    1.31398392e+00 -3.25544477e-01 1.54836416e+00 1.33806658e+00
    8.21337044e-01 -1.94147944e-01 6.83871508e-02 5.32082379e-01
    2.02392840e+00 4.18650240e-01 1.16454649e+00 -6.11502647e-01
    1.82727504e+00 -6.38456404e-01 5.88756442e-01 -3.79747570e-01
    1.69613075e+00 4.53794748e-01 -4.46554154e-01 1.68016791e+00
    1.09275413e+00 -2.34175369e-01 1.18302763e-01 -4.69853431e-01
    -4.16129023e-01 6.81806564e-01 9.42268193e-01 1.30532289e+00
    -2.29543135e-01 -2.56883711e-01 7.64951050e-01 -2.28560001e-01
    6.09062552e-01 -6.10640168e-01 -2.12798901e-02 -2.66181976e-01
    9.74693775e-01 6.39133334e-01 3.52317691e-01 1.05854976e+00
    1.22665727e+00 1.29927528e+00 -5.30326784e-01 1.00403106e+00
    8.50637615e-01 -1.49578854e-01 1.11396682e+00 1.10947728e+00
    -4.95372266e-01 9.57102358e-01 1.25403833e+00 -6.26924753e-01
    -4.70414817e-01 1.45369875e+00 -4.55518752e-01 -3.75887722e-01
    9.04932082e-01 6.77488148e-01 2.90877134e-01 6.47680163e-01
    2.65898585e-01 -7.60892034e-01 1.50103211e+00 1.42762971e+00
    3.64235908e-01 2.55757093e-01 -5.37484705e-01 1.37535179e+00
    -2.03187987e-02 3.51860821e-02 2.96204239e-01 -1.73152387e-01
    1.01714694e+00 3.84560436e-01 -2.20955610e-02 1.01736546e+00
    1.60532787e-01 4.03893888e-01 1.37998283e+00 1.50901103e+00
    9.04291034e-01 1.17476737e+00 1.05127418e+00 1.19762921e+00
    9.08450007e-01 9.52431738e-01 8.76388907e-01 -6.03803694e-01
    7.11342216e-01 2.08545297e-01 9.22097802e-01 8.67217541e-01
    3.47686857e-02 -2.94304997e-01 -5.98219037e-01 1.41017497e+00
    6.16586089e-01 9.74084437e-02 6.78637147e-01 5.41967392e-01
    1.02378273e+00 -1.26881614e-01 4.72372115e-01 3.55477214e-01
    1.39028144e+00 1.47742343e+00 1.20030355e+00 6.49909616e-01
    -1.79408267e-02 -4.05660987e-01 6.02814078e-01 -1.12141728e-01
    8.05863976e-01 1.14984488e+00 1.33456695e+00 1.11286747e+00
    7.38252699e-02 1.17960691e+00 -5.26108205e-01 4.94226158e-01
    7.14436769e-01 1.46052623e+00 8.97058666e-01 6.87921822e-01
    -5.88082671e-01 -4.29282308e-01 -2.39691045e-02 -4.28676397e-01
    1.40770638e+00 1.47491062e+00 -6.91912398e-02 1.23902416e+00
    1.49469793e+00 1.42740130e+00 -6.86083376e-01 8.94458175e-01
    6.67791367e-01 -3.79083335e-01 -1.67226851e-01 7.56447554e-01
    -2.62740225e-01 -1.78401634e-01 -2.80481458e-01 4.78577793e-01
    1.06845176e+00 -6.08507134e-02 1.11058688e+00 1.11122799e+00
    -6.82718515e-01 1.50332224e+00 2.49183580e-01 7.78382421e-01
    1.47845995e+00 -1.71546131e-01 8.23056579e-01 -6.77032530e-01
    1.24888885e+00 -9.29330066e-02 1.96336299e-01 1.18371165e+00
    1.44479227e+00 -6.13755465e-01 1.26252317e+00 4.32437807e-01
    2.95866132e-01 1.71942163e+00 -4.05750066e-01 1.71726155e+00
    1.61281681e+00 -5.53316474e-01 -1.43017441e-01 -5.43291688e-01
    1.63590443e+00 6.81175292e-01 1.01103878e+00 8.67770553e-01
    -2.84176648e-01 4.83344197e-01 1.41202796e+00 6.56914473e-01
    6.03889227e-01 -2.29003638e-01 1.00260448e+00 1.53623831e+00
    1.73681974e+00 -8.11663717e-02 7.31718659e-01 -5.74620247e-01
    1.64714813e-01 -1.95066333e-02 1.00561893e+00 -3.82529378e-01
    1.57232618e+00 -2.25550860e-01 5.56640625e-01 1.35626897e-01
    9.87651825e-01 1.55786145e+00 1.41208565e+00 1.33986875e-01
    1.06396891e-01 2.24235252e-01 -5.07424176e-01 -1.35875925e-01
    7.38228038e-02 1.70529199e+00 -7.49664977e-02 1.38503790e+00
    5.51761389e-01 9.93277252e-01 3.15467983e-01 7.39334285e-01
    -3.88974577e-01 6.24661222e-02 -3.82293522e-01 -1.11834459e-01
    8.22434068e-01 6.05555594e-01 -7.00482547e-01 -3.39630693e-01
    9.43611205e-01 -1.19109660e-01 4.49671924e-01 -1.79756388e-01
    8.37495089e-01 3.17234159e-01 5.39701462e-01 1.68721271e+00
    -4.93539929e-01 6.31503820e-01 9.64513123e-01 7.10190892e-01
    -5.18264294e-01 8.62133145e-01 -3.68363485e-02 1.11801445e+00
    1.58341384e+00 3.84571701e-01 -3.25343430e-01 5.19304395e-01
    6.62646949e-01 8.32875729e-01 -5.76188266e-01 9.82620895e-01
    8.90885770e-01 5.54511487e-01 1.37911546e+00 1.33744097e+00
    -4.10427898e-02 4.04433161e-01 1.09029520e+00 1.90761447e-01
    1.44793725e+00 1.51247394e+00 1.00936878e+00 1.20110440e+00
    8.44629467e-01 1.55383515e+00 1.02440941e+00 1.05307424e+00
    -1.78080663e-01 -2.29320258e-01 1.34589088e+00 2.18881273e+00
    2.00394094e-01 -3.96978110e-02 3.19311917e-01 -4.77279961e-01
    3.49937767e-01 1.02919900e+00 4.01425362e-01 -3.84049527e-02
    4.99666870e-01 -2.61718214e-01 8.62987995e-01 3.07066411e-01
    -7.01661825e-01 1.29954314e+00 1.03493488e+00 -4.25254256e-01
    8.88906538e-01 1.20968677e-01 5.21831572e-01 -6.44422710e-01
    6.40416741e-01 -7.81634822e-02 1.34689867e+00 5.66958308e-01
    2.87002534e-01 1.03144372e+00 9.38427031e-01 1.44675446e+00
    -5.92432208e-02 1.31570888e+00 4.05665711e-02 -3.29967469e-01
    1.02903783e+00 -1.20427839e-01 2.37327032e-02 1.62680459e+00
    -5.52194953e-01 6.75130844e-01 1.47434878e+00 8.81813467e-01
    1.52079570e+00 1.50424266e+00 3.02798063e-01 -1.86144505e-02
    1.08681417e+00 -4.70480591e-01 -1.76114380e-01 4.25116122e-01
    1.54483724e+00 1.44849634e+00 8.24013531e-01 1.48420811e+00
    6.93670094e-01 9.65905190e-01 7.64767528e-01 7.23050714e-01
    1.60856470e-01 1.15699387e+00 1.08303630e+00 5.82762241e-01
    -4.99478638e-01 5.33718824e-01 5.22321284e-01 1.33866680e+00
    4.19349700e-01 1.60543668e+00 2.10805148e-01 3.48261334e-02
    9.99733806e-01 5.51577032e-01 -5.51458418e-01 -3.38579297e-01
    4.91760880e-01 -5.58439158e-02 -7.61779070e-01 5.28100193e-01
    3.03536594e-01 6.87558830e-01 -3.60788316e-01 3.18837762e-01
    1.33305657e+00 1.23662937e+00 1.28494120e+00 -3.65225226e-01
    -6.53372467e-01 -4.09515917e-01 9.86749709e-01 1.20548666e+00
    -2.44528234e-01 -9.57847759e-02 -5.30173123e-01 4.62303638e-01
    1.33313632e+00 6.46299303e-01 5.54460824e-01 -3.40092987e-01
    3.23588192e-01 8.70925665e-01 1.18279368e-01 1.61245644e-01
    1.71341586e+00 9.62701440e-01 6.32041872e-01 1.32943726e+00
    -1.04650199e-01 3.34455699e-01 1.15387611e-01 1.27823281e+00
    8.12152803e-01 1.09062633e-02 2.94288814e-01 1.32010281e+00
    -7.25142062e-01 3.54960471e-01 1.36084998e+00 1.00826991e+00
    5.36655366e-01 -2.95325965e-01 3.97191048e-01 1.02483022e+00
    8.52942824e-01 7.69048572e-01 -5.77399969e-01 -4.15557362e-02
    1.57095075e+00 1.08856648e-01 2.36879468e-01 1.50353312e-01
    1.06799042e+00 1.54158580e+00 1.22174537e+00 -9.73140914e-03
    5.18704414e-01 4.94487673e-01 4.13758785e-01 7.21765578e-01
    4.64705110e-01 -3.55166674e-01 4.77020502e-01 -1.41154170e-01
    1.58758581e+00 -6.15671575e-01 -4.53421295e-01 6.91708982e-01
    1.27803290e+00 1.70093036e+00 -7.53913701e-01 1.51221728e+00
    1.64943469e+00 -3.53114784e-01 4.73537564e-01 1.41602314e+00
    4.99791265e-01 -4.54016417e-01 2.35738918e-01 1.06603253e+00
    -6.02706313e-01 -1.17569774e-01 -1.81593210e-01 1.57523537e+00
    -4.29163754e-01 1.49434388e+00 -3.87136668e-01 1.50930715e+00
    1.41104364e+00 5.47493339e-01 1.44243790e-02 5.86100996e-01
    5.57675064e-01 1.07178354e+00 1.47596788e+00 1.04432118e+00
    9.23702538e-01 3.95259231e-01 -2.93792546e-01 1.05977893e+00
    -1.69367537e-01 1.54933786e+00 -5.24064422e-01 1.09709728e+00
    -6.31597579e-01 8.66741180e-01 1.36134946e+00 9.65706646e-01
    1.61264145e+00 -3.99715677e-02 4.20766622e-01 -2.86345154e-01
    9.64387894e-01 5.07546961e-01 6.95205331e-01 -6.04388237e-01
    4.55630600e-01 7.40390480e-01 -3.53934348e-01 6.02556586e-01
    4.68879074e-01 8.44191536e-02 -3.36181879e-01 1.43788075e+00
    -5.81163645e-01 1.28757432e-01 3.41415524e-01 1.47893500e+00
    3.41413528e-01 2.23549619e-01 5.21264434e-01 7.85900116e-01
    1.62193620e+00 -3.55852455e-01 1.70839381e+00 1.41699409e+00
    -4.42122519e-01 9.50406671e-01 -6.55097365e-01 1.48023272e+00
    -5.12318194e-01 1.44106126e+00 1.27844238e+00 -4.87152696e-01
    1.25647426e-01 -3.53892565e-01 6.06720924e-01 -4.53344673e-01
    1.08787191e+00 -4.48422253e-01 4.32970494e-01 -7.29996443e-01
    1.60404551e+00 1.32830453e+00 6.92635000e-01 6.53615236e-01
    1.66020477e+00 1.27195489e+00 -6.98451817e-01 5.01895398e-02
    6.30197763e-01 1.40541524e-01 1.39494324e+00 -1.89365476e-01
    -2.96190828e-01 -3.74652982e-01 -4.54997361e-01 5.50897717e-01
    -6.77890360e-01 1.44275784e+00 9.25397158e-01 2.39350230e-01
    -7.52704740e-01 -7.54749417e-01 4.25100476e-02 1.17242491e+00
    -2.17575565e-01 1.10106933e+00 5.95918357e-01 2.34914923e+00
    -7.73291215e-02 1.84642661e+00 -5.86609840e-01 8.25172484e-01
    -1.56332746e-01 4.54901636e-01 1.00057162e-01 1.74901605e+00
    -6.45168900e-01 8.08075488e-01 3.06339055e-01 -1.74171939e-01
    4.20551538e-01 7.85091996e-01 -3.60353142e-02 8.55866969e-01
    -5.52520752e-01 1.22282004e+00 -5.51939249e-01 1.23257041e+00
    9.95011628e-02 6.37500405e-01 2.11484879e-01 6.06310852e-02
    2.73862660e-01 -4.29423243e-01 7.08116472e-01 9.02557254e-01
    1.15168071e+00 1.05202496e+00 5.01784384e-01 6.97955251e-01
    1.60251474e+00 -2.92300731e-01 7.19209850e-01 3.79629135e-01
    -3.15070599e-01 1.33719254e+00 -6.92840815e-01 1.22225964e+00
    6.25187814e-01 3.12104672e-01 1.23294258e+00 8.57457161e-01
    -2.68398315e-01 1.66082489e+00 7.78420627e-01 -2.68207967e-01
    -4.21467751e-01 -4.63517606e-01 -5.33364177e-01 1.42066371e+00
    1.56477678e+00 3.69103312e-01 -4.31646317e-01 -2.62019187e-01
    4.17952955e-01 1.52773929e+00 1.17165661e+00 -6.61930889e-02
    8.20718169e-01 1.48066461e-01 4.22735929e-01 1.44799018e+00
    -6.57720044e-02 -2.41530851e-01 1.75517742e-02 1.01179159e+00
    1.00550258e+00 7.03043878e-01 1.05152285e+00 1.08435380e+00
    1.20640874e-01 1.26122594e+00 4.18756962e-01 9.93032455e-01
    4.60753649e-01 1.77781373e-01 1.57203805e+00 -6.61337078e-01
    -6.30765200e-01 -5.02878308e-01 -4.84828413e-01 7.75311053e-01
    9.21734154e-01 1.50550902e-01 -7.01798439e-01 1.54126513e+00
    7.49365985e-01 1.31583607e+00 -4.26941574e-01 8.08004200e-01
    1.43599343e+00 -3.34631294e-01 1.24230891e-01 1.08647609e+00
    7.31682539e-01 7.22393751e-01 1.05291474e+00 5.89331746e-01
    -2.19660372e-01 6.48260176e-01 1.46308601e+00 8.78804386e-01
    1.45046866e+00 2.49985576e-01 3.75500441e-01 8.09022009e-01
    1.47531188e+00 -2.64465529e-02 3.73474449e-01 1.30295372e+00
    1.15926719e+00 -5.74876547e-01 6.90576136e-01 9.65503231e-02
    -6.20527923e-01 1.12668240e+00 1.31498587e+00 1.32886612e+00
    1.64431965e+00 1.61910129e+00 4.15414244e-01 5.28386950e-01
    -5.28169394e-01 1.23499620e+00 -3.90541732e-01 -4.48795050e-01
    1.16745687e+00 -5.05758710e-02 1.56083584e+00 8.72139752e-01
    3.80403936e-01 1.30839360e+00 2.70530641e-01 1.66112351e+00
    6.89265668e-01 1.50738075e-01 8.00511762e-02 8.60634208e-01
    4.61012989e-01 2.15485618e-01 1.58202422e+00 1.00701153e-01
    -7.84164131e-01 -2.85191178e-01 -7.91246474e-01 1.43971038e+00
    8.92737031e-01 -4.79579300e-01 6.61452785e-02 1.21418047e+00
    1.32357003e-02 9.47146475e-01 -5.62385798e-01 5.85560858e-01
    1.59922469e+00 7.96465635e-01 1.02095711e+00 1.08008094e-01
    -4.56076324e-01 1.80885077e+00 8.25058043e-01 3.49775553e-01
    -5.46444952e-01 -7.04760313e-01 4.90713775e-01 1.40613854e+00
    1.44119334e+00 6.23859882e-01 -4.24289346e-01 3.65622163e-01
    9.03231740e-01 1.59568977e+00 1.50547779e+00 -8.19692194e-01
    1.58533859e+00 1.60074317e+00 3.53768319e-01 1.54950351e-01
    1.07038212e+00 1.18006885e+00 1.39127061e-01 -3.44289392e-01
    -2.19264671e-01 1.45982826e+00 1.73464075e-01 1.32083368e+00
    1.30444002e+00 4.43330467e-01 1.70414507e-01 2.71938950e-01
    1.75272524e+00 7.63500154e-01 1.42237687e+00 1.32757235e+00
    -2.01793373e-01 1.29847980e+00 9.50796902e-01 1.07871056e+00
    8.11820090e-01 8.74710739e-01 -6.56579137e-01 -1.85959816e-01
    1.71626341e+00 2.35028461e-01 4.19680864e-01 6.78947389e-01
    -2.88806409e-01 1.06967676e+00 1.48539618e-01 -1.97197780e-01
    -3.93379062e-01 1.15796173e+00 1.76833010e+00 1.26501346e+00
    -4.94028538e-01 6.83924377e-01 6.61955774e-01 -3.86398494e-01
    4.33731414e-02 1.20120585e+00 2.63927698e-01 -1.06198817e-01
    -2.57521600e-01 6.59900069e-01 1.69461823e+00 3.60324085e-01
    9.60586190e-01 -5.00123501e-01 -2.53227353e-01 1.32596642e-01
    1.31991601e+00 -2.98664033e-01 1.19986546e+00 -1.05879270e-01
    1.34052348e+00 -5.65816045e-01 1.05095434e+00 -5.75736344e-01
    -2.82831997e-01 9.90887880e-01 7.50600100e-01 1.20039511e+00
    1.56846201e+00 5.47895193e-01 6.34081006e-01 8.28477085e-01
    -5.39062619e-01 1.20868719e+00 -5.87919116e-01 9.19607103e-01
    1.08021021e+00 5.32254338e-01 3.75669718e-01 1.85222852e+00
    1.49485314e+00 1.59441960e+00 1.15700877e+00 -2.53452271e-01
    1.46584547e+00 -5.05625904e-01 2.76462913e-01 -5.33517480e-01
    1.41852939e+00 1.44178498e+00 6.88701570e-02 1.46446943e+00
    -5.48737407e-01 1.23469377e+00 1.58806610e+00 1.55252719e+00
    9.07181263e-01 5.57191730e-01 -3.94062132e-01 1.22305226e+00
    9.20686066e-01 -4.43441682e-02 2.53725529e-01 2.30607409e-02
    7.44287670e-02 1.09376228e+00 4.77649719e-01 -4.10845071e-01
    4.89991456e-01 -5.66262245e-01 8.60439241e-01 1.41171134e+00
    -8.00578296e-02 -4.95496333e-01 1.53584003e+00 3.02069169e-02
    1.43815327e+00 -3.19599472e-02 1.12945306e+00 1.21754813e+00
    -4.31092292e-01 -8.30784440e-01 1.58828211e+00 1.76810116e-01
    -6.88639522e-01 5.48736155e-01 2.10014462e-01 -1.11602828e-01
    3.98973018e-01 1.58977652e+00 1.49640071e+00 1.44577670e+00
    -3.88712347e-01 -7.94623971e-01 -5.67205846e-02 1.01849794e-01
    -4.37416166e-01 8.45863879e-01 1.46824169e+00 1.52644062e+00
    8.32164943e-01 2.68222809e-01 -5.20799495e-02 1.37919635e-01
    1.16031647e+00 1.33059299e+00 9.48519409e-01 8.64552021e-01
    3.11034858e-01 1.68440294e+00 -4.96710837e-01 -6.12949073e-01
    5.95363639e-02 1.14309645e+00 1.16084540e+00 -1.93132296e-01
    -4.95750934e-01 1.33217943e+00 1.04365814e+00 7.63220429e-01
    -4.96638060e-01 -6.73425794e-01 1.37339687e+00 1.66776264e+00
    1.54591799e+00 1.46866083e+00 2.34240457e-01 6.70602977e-01
    1.45759988e+00 -6.06507063e-01 4.12390471e-01 2.15368763e-01
    1.31027985e+00 8.06108192e-02 9.63224947e-01 2.08146513e-01
    8.59449744e-01 9.06686664e-01 1.08121240e+00 7.26059556e-01
    2.68601567e-01 1.65459096e-01 1.85823202e-01 -7.26281941e-01
    4.30425525e-01 8.81936431e-01 1.98736414e-02 3.81907970e-01
    -4.11176741e-01 1.15016520e+00 1.43893969e+00 1.57549119e+00
    -2.07815319e-02 1.27788603e+00 -1.23907877e-02 9.59433198e-01
    -1.01968087e-02 2.40636662e-01 -5.80837727e-01 5.39153874e-01
    -7.61608422e-01 3.46969143e-02 1.53668121e-01 6.26004755e-01
    1.51042581e+00 3.72635163e-02 1.47279263e+00 4.84992296e-01
    1.51130724e+00 1.37682140e+00 2.00068727e-02 4.94166434e-01
    -6.19088650e-01 2.94742864e-02 5.69764733e-01 3.61942381e-01
    7.24709451e-01 -3.68748456e-01 8.02950442e-01 1.70883954e+00
    2.31634706e-01 9.60422277e-01 1.14369166e+00 1.32843184e+00
    1.49703765e+00 1.43785691e+00 4.29771721e-01 -9.72309709e-02
    1.34435856e+00 -1.79893330e-01 4.30410087e-01 1.51256299e+00
    5.02015710e-01 4.36179727e-01 -4.83993053e-01 2.48708930e-02
    -3.67729157e-01 -4.31186765e-01 3.06103647e-01 -3.11573476e-01
    1.71179056e+00 -2.71414787e-01 -1.06744573e-01 1.37794148e-02
    7.92560577e-01 1.23162949e+00 -1.25198767e-01 5.21940351e-01
    7.75002778e-01 7.04932153e-01 1.49287570e+00 -4.48620111e-01
    8.10766697e-01 -4.06691641e-01 1.26068449e+00 8.05762827e-01
    1.49115115e-01 9.60416675e-01 3.30838889e-01 2.82918841e-01
    1.51584208e+00 -2.82555278e-02 7.04657257e-01 3.16636026e-01
    6.91589296e-01 -2.00629175e-01 1.27928126e+00 4.88538414e-01
    -7.35948324e-01 1.54806212e-01 1.48762083e+00 -2.35345349e-01
    3.20501864e-01 8.99117067e-02 -4.86690789e-01 1.32938612e+00
    2.12097570e-01 2.12611649e-02 1.46175122e+00 -6.93214417e-01
    1.04930151e+00 1.08378208e+00 1.30013490e+00 -5.43552101e-01
    -8.30632821e-02 -1.83780655e-01 8.84334385e-01 1.42129505e+00
    1.16567314e+00 1.21649241e+00 1.55712414e+00 4.93751280e-03
    1.42806768e+00 -4.42426175e-01 4.75043118e-01 -5.70488930e-01
    2.56069656e-02 8.16251576e-01 8.30003083e-01 -1.03800707e-01
    9.55919847e-02 -2.78933823e-01 6.29257739e-01 -1.62863404e-01
    1.29106820e+00 1.42188311e+00 6.18819177e-01 1.22883534e+00
    -1.41888306e-01 6.09900579e-02 2.82736838e-01 3.44336852e-02
    1.04152215e+00 -5.41954577e-01 1.33958316e+00 1.44604814e+00
    1.13220370e+00 9.80779111e-01 2.06594780e-01 1.12902880e+00
    -1.56594932e-01 2.71916151e-01 7.58803487e-01 8.23809281e-02
    6.06984615e-01 -6.17679536e-01 7.74135113e-01 9.56398487e-01
    1.47472227e+00 7.16037452e-01 9.99798656e-01 1.42574561e+00
    9.12414253e-01 2.52970517e-01 1.06639981e+00 1.72397625e+00
    5.94621778e-01 6.52376175e-01 1.12426467e-01 6.49281204e-01
    1.66867390e-01 4.94537622e-01 1.09577906e+00 3.16421390e-01
    3.39300603e-01 9.55765367e-01 6.83479309e-01 2.46118605e-01
    7.14518130e-01 1.38122308e+00 -2.02080578e-01 1.43156111e+00
    1.56629801e+00 -5.81889212e-01 5.50522387e-01 -1.65233500e-02
    8.91252100e-01 1.42926133e+00 1.51594639e+00 5.01480699e-02
    -2.57549524e-01 1.54918981e+00 4.33535695e-01 4.78248894e-01
    1.48878944e+00 5.44458449e-01 1.61460400e+00 5.66625118e-01
    -2.47871503e-01 9.89939451e-01 1.15754151e+00 -1.72932044e-01
    1.20172787e+00 1.32533836e+00 1.17544837e-01 7.73575068e-01
    1.62697685e+00 -4.03898269e-01 1.47343326e+00 1.22782469e+00
    1.35309851e+00 -6.01169653e-02 -1.79310679e-01 1.45023084e+00
    6.72388434e-01 1.38812280e+00 -7.88359284e-01 1.15024543e+00
    6.01793468e-01 1.06095052e+00 1.48029220e+00 1.21396482e+00
    1.13568997e+00 5.94577551e-01 1.51694691e+00 1.45340696e-01
    3.90673816e-01 3.78269963e-02 4.87368375e-01 1.09168565e+00
    1.32906091e+00 1.13923386e-01 1.25778413e+00 1.19781649e+00
    -4.43472296e-01 1.12881303e+00 1.26785949e-01 4.84419644e-01
    1.52751148e+00 -5.75816929e-01 1.43602991e+00 1.42501605e+00
    -9.35643986e-02 1.64023006e+00 1.13261409e-01 1.20668337e-01
    1.02454141e-01 1.12135506e+00 1.47824275e+00 -2.39651576e-01
    -5.21290660e-01 8.96781325e-01 -6.75750244e-03 3.60729098e-01
    -6.03692293e-01 1.49750817e+00 6.03597879e-01 1.42082381e+00
    -2.98453331e-01 -3.28440517e-01 8.87345254e-01 9.23306346e-01
    -3.50026995e-01 5.33319235e-01 -5.29874802e-01 -3.72175246e-01
    9.25724566e-01 -6.27333820e-01 8.39292467e-01 1.16931808e+00
    -6.63764596e-01 6.00008130e-01 6.23730004e-01 1.60297453e+00
    4.20941204e-01 3.72643173e-02 -7.23895431e-01 1.59492731e+00
    2.68168151e-01 -4.61247593e-01 1.61127663e+00 -5.10230899e-01
    1.75199330e-01 1.41826570e+00 1.45852065e+00 -5.51953256e-01
    1.38614321e+00 -3.01450908e-01 -6.66027308e-01 -3.47360045e-01
    -6.76656604e-01 7.52357066e-01 1.29257858e+00 -3.02795291e-01
    -4.35954303e-01 -3.98263842e-01 1.21997857e+00 1.42364466e+00
    -4.91994888e-01 8.30672979e-01 -1.76249132e-01 4.40756083e-01
    4.70228910e-01 1.16797054e+00 8.25883746e-01 -6.33220613e-01
    7.08433807e-01 -5.71904361e-01 1.07516205e+00 -9.69552845e-02
    1.10490942e+00 1.68046927e+00 -2.23016515e-01 8.11442196e-01
    2.13000759e-01 1.67156518e+00 1.42618477e-01 4.70134318e-01
    1.07530117e+00 1.18910027e+00 -5.61997414e-01 2.68585175e-01
    6.13311231e-01 1.78727508e+00 -1.92756549e-01 -1.19204216e-01
    2.57010341e-01 6.42688096e-01 6.27152503e-01 -2.36964166e-01
    4.17475134e-01 9.25657988e-01 3.15363407e-01 1.03391302e+00
    5.63585281e-01 1.37813938e+00 2.18180552e-01 4.44847383e-02
    1.37017047e+00 -7.40689039e-01 1.26384568e+00 -7.04132736e-01
    6.81181431e-01 7.74495661e-01 1.16978121e+00 1.55695391e+00
    1.23596346e+00 1.26688409e+00 1.03954583e-01 -6.58128634e-02
    -3.92614044e-02 9.32483017e-01 1.59591365e+00 7.91238546e-01
    1.17826402e+00 1.07031560e+00 6.58306241e-01 6.49716854e-01
    1.64462209e-01 2.36714378e-01 -6.88094854e-01 -1.66228935e-01
    4.43738341e-01 7.02216029e-01 1.00566828e+00 2.81670749e-01
    3.32534969e-01 -4.08314526e-01 1.21868539e+00 -2.04859860e-02
    1.05848119e-01 1.63949704e+00 -2.58485138e-01 1.52172418e-02
    4.46251780e-01 1.41049337e+00 3.54468286e-01 1.40100467e+00
    2.98544139e-01 -1.29834563e-01 1.11880469e+00 -4.50142890e-01
    -6.02374487e-02 -1.41128957e-01 7.48833343e-02 1.60828578e+00
    1.71344006e+00 -4.52386647e-01 1.57294619e+00 9.00968909e-01
    6.12796903e-01 -5.56356490e-01 1.62768710e+00 -6.02237642e-01
    -6.61743462e-01 1.74247324e+00 5.53034663e-01 4.82619971e-01
    3.12459707e-01 1.29280537e-01 1.10699248e+00 1.08377326e+00
    3.58692795e-01 1.22574735e+00 1.36739874e+00 7.23596454e-01
    6.68531880e-02 1.40769029e+00 -3.55589598e-01 1.27703345e+00
    5.00891209e-01 -2.69660085e-01 1.53631723e+00 1.07220662e+00
    -7.95323193e-01 9.83211160e-01 7.34717771e-02 1.05990517e+00
    1.21917415e+00 1.31785393e+00 1.72025013e+00 1.57312739e+00
    1.18492520e+00 1.11758399e+00 -1.22646838e-01 -7.53519118e-01
    7.65478253e-01 1.38825250e+00 -6.67292058e-01 1.02965200e+00
    1.43982625e+00 -7.32182980e-01 9.92075920e-01 1.16500807e+00
    -1.59425795e-01 -6.48847520e-01 -2.31692672e-01 2.36468002e-01
    -3.12425613e-01 -5.35755098e-01 3.44859391e-01 3.31443399e-01
    4.12414968e-01 1.21620893e+00 9.32224751e-01 -3.94762367e-01
    -5.98231494e-01 1.21451509e+00 1.63032758e+00 5.62875032e-01
    4.41202641e-01 7.18558192e-01 -1.22882448e-01 6.55805945e-01
    1.28511405e+00 -6.06201172e-01 4.26700562e-02 9.98734593e-01
    -1.16058201e-01 -5.28253078e-01 8.56961548e-01 -5.62784016e-01
    -6.93768978e-01 7.73903131e-01 6.79613829e-01 1.37364492e-01
    9.70556080e-01 1.48013341e+00 1.68415502e-01 8.70554864e-01
    1.15936212e-01 1.46091866e+00 -1.03929773e-01 3.35459977e-01
    7.61646867e-01 1.05938745e+00 1.55211318e+00 5.43531775e-01
    -1.48045257e-01 1.86264232e-01 -3.18420082e-01 3.05543661e-01
    6.20253146e-01 6.09840406e-03 4.23991174e-01 1.08511555e+00
    9.59066212e-01 1.39654994e+00 8.90378177e-01 1.46601033e+00
    2.95275539e-01 1.43923891e+00 -3.16230208e-01 7.35643089e-01
    6.55354440e-01 -1.84238449e-01 -2.98248321e-01 -5.12573898e-01
    -1.65600985e-01 1.29443872e+00 7.37055957e-01 1.54048228e+00
    1.33474335e-01 6.74213111e-01 7.20635295e-01 1.07856500e+00
    -6.19595885e-01 3.68433058e-01 1.83664978e+00 1.14112699e+00
    2.08419472e-01 1.34311044e+00 1.00951862e+00 5.74176550e-01
    -5.53528309e-01 -2.73584396e-01 1.60690117e+00 3.49061877e-01
    2.82187283e-01 1.26936984e+00 1.08438301e+00 5.89644015e-01
    2.68234998e-01 1.56732237e+00 1.16942120e+00 -3.84322584e-01
    7.69746900e-01 1.05546236e+00 1.07069945e+00 -2.98772275e-01
    -5.96353531e-01 1.24587429e+00 1.27396345e+00 6.89754784e-02
    -1.54305950e-01 -2.47553196e-02 4.81817961e-01 1.34156394e+00
    8.86609852e-01 1.12957799e+00 -7.13199258e-01 8.59072983e-01
    -2.77599871e-01 9.01092529e-01 1.09220099e+00 1.58174574e+00
    1.32687056e+00 1.37849772e+00 8.75052512e-02 4.41571534e-01
    -5.61235964e-01 3.78034383e-01 6.83501780e-01 1.87358826e-01
    -2.38983959e-01 -2.40752891e-01 1.54732692e+00 1.72861278e-01
    -2.56236047e-01 9.42502022e-01 -2.05666944e-02 1.56458974e+00
    2.97544569e-01 1.09977412e+00 7.60633647e-01 5.38493156e-01
    -5.36388516e-01 -1.61887616e-01 1.06297231e+00 7.18105078e-01
    -2.58413821e-01 8.70838523e-01 1.29191354e-01 7.51818657e-01
    -4.56172228e-01 3.50804865e-01 1.42611039e+00 5.53361475e-01
    -9.83750671e-02 8.18010390e-01 1.83324948e-01 -4.92087960e-01
    1.28136873e+00 1.21703006e-01 4.63907599e-01 5.80047488e-01
    2.01565653e-01 5.20213068e-01 1.19451129e+00 1.19754910e+00
    1.16725636e+00 -8.08068633e-01 1.44427276e+00 -6.85900217e-03
    2.77145952e-01 -4.96815071e-02 1.51072776e+00 6.21195734e-01
    1.06466722e+00 -5.63797235e-01 1.30791292e-01 -7.88781762e-01
    1.42642665e+00 1.31385386e+00 -6.39645308e-02 5.31818449e-01
    -4.64174598e-02 1.22469097e-01 1.12877019e-01 1.41531324e+00
    -6.66704297e-01 -5.93620181e-01 1.11783981e+00 1.00955701e+00
    -4.27496463e-01 1.62171018e+00 3.71159613e-01 1.44689691e+00
    -3.50811332e-01 1.43441963e+00 -5.97818255e-01 -3.94678980e-01
    -7.00883985e-01 1.08020949e+00 9.60314333e-01 8.58526349e-01
    -4.48718756e-01 1.53479922e+00 5.61762631e-01 2.75822524e-02
    4.55176741e-01 -1.05898835e-01 1.21933175e-02 7.14459479e-01
    1.37451899e+00 1.34688699e+00 2.25625739e-01 1.17968798e+00
    9.57627416e-01 -4.78132278e-01 5.62626958e-01 1.28515863e+00
    1.22913949e-01 9.46246445e-01 -1.26559706e-02 6.00812674e-01
    -4.41450208e-01 1.85234249e-01 -6.55997097e-01 3.75387728e-01
    3.51346612e-01 8.78507972e-01 6.98809564e-01 5.66312850e-01
    1.07855237e+00 5.80681443e-01 1.45291519e+00 1.25506306e+00
    9.57022786e-01 -5.89131057e-01 -5.32167792e-01 2.69952267e-01
    9.28243995e-01 1.49647439e+00 6.08119816e-02 1.27978957e+00
    -2.20590532e-01 -2.80393004e-01 9.03162956e-01 9.92655516e-01
    4.72220093e-01 1.40881407e+00 1.19231534e+00 -7.73547769e-01
    1.58138382e+00 -1.98269188e-01 -3.62430997e-02 2.07186028e-01
    -2.55297095e-01 2.83816189e-01 1.48218632e+00 1.55445373e+00
    1.47338092e+00 -6.22370422e-01 1.45336878e+00 1.49032724e+00
    1.32367480e+00 1.23972130e+00 8.38453233e-01 6.87329829e-01
    1.74788260e+00 1.68241334e+00 -6.12740040e-01 1.58894753e+00
    -3.47969651e-01 5.50203204e-01 8.24734092e-01 1.11621308e+00
    5.05689502e-01 1.24457431e+00 -4.29564230e-02 1.63430858e+00
    5.35786748e-02 1.94496825e-01 1.45284081e+00 2.49329433e-01
    -8.17895308e-02 -5.18523693e-01 1.03232837e+00 -4.79769558e-01
    1.13832736e+00 3.55475783e-01 8.83385897e-01 8.17207992e-01
    6.08315825e-01 1.63399863e+00 3.42560679e-01 4.69658077e-01
    -6.69912457e-01 1.50936663e+00 7.95073211e-01 9.45922971e-01
    1.14793789e+00 -3.76891606e-02 -1.93896160e-01 5.35458565e-01
    1.02084005e+00 1.07731867e+00 4.90448922e-01 -3.42328101e-01
    1.31088495e+00 -7.41423607e-01 1.26568699e+00 7.42066205e-01
    4.95586127e-01 8.48660991e-02 4.53632772e-02 1.42983437e+00
    1.54549205e+00 -2.49753743e-01 1.59968972e+00 -6.02851272e-01
    1.05469756e-01 3.98764193e-01 8.35464120e-01 1.08735633e+00
    -4.41130936e-01 -2.46433288e-01 -3.45123202e-01 -2.43833318e-01
    -5.69995522e-01 1.47644401e+00 2.49540880e-01 -4.87682760e-01
    -3.38642538e-01 8.31613958e-01 -2.24288076e-01 1.14277470e+00
    -7.80699372e-01 1.71080542e+00 1.24312341e+00 -5.76016307e-01
    -3.13257307e-01 -3.07832450e-01 7.14790106e-01 4.92009580e-01
    -5.02860725e-01 1.06275022e+00 1.10844588e+00 -5.06752968e-01
    2.56508261e-01 1.41670072e+00 8.96078706e-01 1.33551586e+00
    -4.20299649e-01 -2.40322053e-01 1.46004522e+00 1.28215098e+00
    -8.37374702e-02 -5.63773096e-01 9.46045160e-01 -4.31723416e-01
    6.25673473e-01 2.86654860e-01 1.08871542e-01 1.14359188e+00
    1.22537673e+00 1.22931600e+00 4.61042613e-01 -4.50693117e-03
    1.37992299e+00 9.86240625e-01 -4.49428707e-01 5.24944425e-01
    7.03652978e-01 1.47456574e+00 7.06421196e-01 1.67283070e+00
    1.59280658e+00 1.77815273e-01 1.44112778e+00 -2.65747368e-01
    1.54911721e+00 2.57139623e-01 9.48454261e-01 -6.72026575e-01
    3.94309849e-01 1.44482112e+00 -6.76518857e-01 3.09820086e-01
    7.76821256e-01 1.64569151e+00 -6.35196149e-01 -4.80879582e-02
    1.21872687e+00 6.51198104e-02 3.93223166e-01 5.80501080e-01
    1.33968437e+00 -5.83242416e-01 3.21318880e-02 5.47497254e-03
    -2.90205419e-01 1.76944304e-02 1.47279513e+00 1.60723579e+00
    -3.28483284e-01 1.31618142e+00 -4.93124902e-01 5.11075079e-01
    2.08577424e-01 3.36505860e-01 4.39351976e-01 -5.22697806e-01
    -2.79308766e-01 1.37933046e-01 1.27768469e+00 1.69944799e+00
    1.82183668e-01 1.23552799e+00 3.62186193e-01 6.61818326e-01
    1.58985364e+00 -7.19441831e-01 1.70731080e+00 1.80765390e-01
    5.41202366e-01 -3.23820263e-01 -5.28977811e-01 1.16671336e+00
    7.15931535e-01 1.14874840e+00 6.96285367e-01 1.11594999e+00
    -2.43675765e-02 4.36202496e-01 5.35102069e-01 3.13416272e-01
    1.63925660e+00 2.31124073e-01 -5.20402730e-01 6.10988915e-01
    1.21320307e-01 -3.00452411e-01 -2.79318869e-01 7.22073197e-01
    1.22595179e+00 1.42335963e+00 -2.55689710e-01 -3.84670079e-01
    7.54027903e-01 -2.96292990e-01 1.18520057e+00 1.18334293e+00
    1.30258477e+00 1.07615161e+00 2.41303518e-02 -3.95725191e-01
    1.61852777e+00 1.65017533e+00 -1.18025392e-01 5.05254447e-01
    -2.35785358e-02 1.92823693e-01 4.81391966e-01 1.16976273e+00
    -1.69446021e-01 1.55273449e+00 1.32738626e+00 8.81192327e-01
    -3.50623339e-01 -3.46582353e-01 1.96487114e-01 1.31682527e+00
    5.53350389e-01 -3.83547246e-01 9.96802807e-01 -4.68943596e-01
    9.42841828e-01 8.35305929e-01 6.47247806e-02 6.56487942e-01
    8.41146111e-01 1.04706848e+00 2.85815686e-01 4.09641415e-01
    1.41414273e+00 1.34952116e+00 1.38895392e+00 -5.15723944e-01
    -4.87118721e-01 4.24125165e-01 -4.05256808e-01 1.36166406e+00
    -4.02439445e-01 -6.62505448e-01 7.86660671e-01 1.13760769e+00
    -2.82474281e-03 3.52548748e-01 -1.25641361e-01 1.16644323e+00
    1.50174499e+00 2.90520877e-01 2.80926257e-01 1.39482725e+00
    6.33792654e-02 6.17935359e-01 1.47656858e+00 6.44224823e-01
    -6.37483776e-01 1.19924819e+00 2.81805664e-01 1.81648660e+00
    1.83395946e+00 1.60557342e+00 -6.92870244e-02 -5.42875230e-01
    1.04189205e+00 1.00411940e+00 3.76363218e-01 -8.41511548e-01
    -1.94594786e-01 -5.95809758e-01 -3.63837093e-01 1.11521947e+00
    -6.39632642e-01 -3.21663260e-01 -4.87236917e-01 1.50333381e+00
    1.19247401e+00 1.59857798e+00 8.89723718e-01 9.58138347e-01
    -5.36544286e-02 1.42272055e+00 -4.56646591e-01 -3.56828690e-01
    -4.80097048e-02 -3.79051566e-01 8.52931559e-01 8.89994800e-01
    2.74007440e-01 8.74269187e-01 2.82542676e-01 1.07398653e+00
    -6.34580195e-01 2.23803252e-01 1.19256413e+00 -5.78815699e-01
    -1.17805459e-01 1.15224588e+00 7.75924683e-01 1.50593734e+00
    9.45001125e-01 7.57324338e-01 -1.55413628e-01 1.27531695e+00
    1.10822809e+00 1.06768394e+00 9.83109653e-01 1.16437517e-01
    6.34245694e-01 -3.76734771e-02 1.21417296e+00 1.32240176e+00
    -4.45097610e-02 4.17659849e-01 6.97453797e-01 1.63822997e+00
    -2.79496610e-01 3.40586662e-01 1.07413244e+00 9.86058116e-01
    8.11616123e-01 8.08290184e-01 6.45060480e-01 3.72688621e-01
    -4.50185120e-01 9.95921850e-01 2.84839153e-01 4.31024849e-01
    1.24217188e+00 2.25486308e-01 -5.32266855e-01 1.43059301e+00
    1.17675626e+00 1.50591946e+00 -4.20936197e-01 5.41161299e-01
    2.65306905e-02 1.53802598e+00 1.54693294e+00 9.92332935e-01
    6.13205254e-01 2.97908187e-01 3.46169025e-01 1.50979793e+00
    -2.48294368e-01 -5.60129620e-02 -4.59598124e-01 5.21727622e-01
    -1.16796494e-01 9.57789719e-01 -5.28593838e-01 -4.81313616e-01
    -3.84031922e-01 -6.00693345e-01 9.15333092e-01 1.01558256e+00
    1.16223657e+00 9.64956641e-01 7.54558206e-01 -2.74508506e-01
    2.62817889e-01 1.42219365e+00 1.30040705e+00 1.15952194e+00
    1.02714169e+00 -3.98645550e-01 1.05697918e+00 1.87421620e-01
    3.87666225e-01 1.08390546e+00 1.43956828e+00 -5.26663840e-01
    1.57307637e+00 -3.84795457e-01 1.04010797e+00 5.57509601e-01
    2.75037259e-01 5.14924586e-01 -1.21460006e-01 -4.38830219e-02
    -5.53010523e-01 -6.79131031e-01 -9.31876227e-02 1.14939690e+00
    1.38342655e+00 1.21492016e+00 9.24470842e-01 -1.85105950e-01
    6.84718609e-01 5.43794096e-01 1.45290458e+00 1.45606828e+00
    -2.39746809e-01 -4.77858037e-02 1.13762522e+00 1.25746560e+00
    7.22386777e-01 -3.87776554e-01 -4.81278092e-01 -6.54934108e-01
    1.48739505e+00 8.51035833e-01 1.01320004e+00 -1.86013028e-01
    7.45253921e-01 4.55008715e-01 1.20161819e+00 -2.64992505e-01
    -5.64611137e-01 1.16635989e-02 2.62982786e-01 -2.14696005e-01
    6.62626743e-01 -4.39667478e-02 1.13462985e+00 4.11865622e-01
    1.53230473e-01 1.56491828e+00 1.17060609e-01 -4.29294169e-01
    3.11877504e-02 1.11895776e+00 8.93894732e-01 -1.57509983e-01
    -1.82652295e-01 1.11708558e+00 4.09253776e-01 -4.03564215e-01
    1.29430816e-01 6.67413533e-01 -3.69412601e-01 1.49787223e+00
    1.07159603e+00 -3.09336007e-01 -1.29068956e-01 1.17807949e+00
    2.66028494e-01 1.57469046e+00 -2.51753062e-01 1.12321407e-01
    4.63671423e-02 2.99606711e-01 1.34667957e+00 3.04113090e-01
    1.36069643e+00 -6.31191313e-01 1.03253233e+00 -4.84879017e-01
    8.68690491e-01 1.50113225e+00 3.72353137e-01 6.07686520e-01
    6.01823807e-01 -6.69077694e-01 1.33229744e+00 1.16833663e+00
    -2.95232564e-01 1.05313194e+00 -4.92394149e-01 5.29640436e-01
    9.47538614e-01 1.63817108e+00 -2.28196800e-01 -5.25516152e-01
    2.15632096e-01 -3.28743219e-01 9.39838052e-01 -2.15957373e-01
    9.30284858e-01 -5.05477011e-01 2.11064547e-01 1.39032209e+00
    9.09656007e-03 1.23824918e+00 8.31708610e-02 8.59192371e-01
    -1.12711020e-01 1.20023930e+00 -2.95951366e-01 1.51792502e+00
    1.35016292e-01 3.91654164e-01 3.53870302e-01 1.01637495e+00
    5.71725488e-01 1.27998614e+00 1.52572036e+00 5.02272248e-01
    -7.72729069e-02 1.46941435e+00 -2.99017727e-01 7.16360927e-01
    7.63900280e-01 3.25990796e-01 5.54870725e-01 -6.10277772e-01
    -7.15428814e-02 1.56682467e+00 1.07109654e+00 -4.70769316e-01
    8.59662116e-01 1.57584107e+00 2.56302565e-01 -6.21172845e-01
    1.46051276e+00 1.02016628e+00 2.12007701e-01 3.77680540e-01
    -6.50458336e-01 -4.24340308e-01 -1.70149609e-01 1.32133365e+00
    -3.81629914e-01 6.85289443e-01 6.68897748e-01 2.47684240e+00
    1.37844789e+00 -5.53437114e-01 2.08212733e-01 -1.41623005e-01
    9.60596323e-01 1.26930296e+00 -8.76844488e-03 7.85279155e-01
    1.37996495e+00 8.83778751e-01 1.06934917e+00 2.57243365e-01
    4.06343043e-01 -3.62548202e-01 -4.22217518e-01 -2.09443226e-01
    1.32869411e+00 -5.04809916e-01 1.14934874e+00 1.41863763e+00
    3.45995426e-01 1.05015829e-01 9.75985229e-01 8.72820735e-01
    -2.41031617e-01 -9.93477106e-02 7.99575806e-01 2.25213423e-01
    7.46343553e-01 7.52573490e-01 1.26500118e+00 -2.61116385e-01
    -4.13081408e-01 1.12074351e+00 7.94517457e-01 5.47584593e-01
    -4.36205864e-02 1.15520310e+00 -7.03443885e-01 1.50725377e+00
    9.36103404e-01 -4.54096049e-01 1.20790362e+00 9.19422388e-01
    -6.73201010e-02 2.09959328e-01 -2.56650716e-01 1.32111061e+00
    -6.66744649e-01 1.28350347e-01 5.23702025e-01 9.71843600e-01
    4.78377700e-01 6.99624062e-01 -1.99077442e-01 7.77277276e-02
    1.65980923e+00 1.27218366e+00 4.87834275e-01 1.52957475e+00
    4.80835915e-01 1.51971781e+00 9.98356283e-01 7.42836833e-01
    1.40894186e+00 -2.70803757e-02 8.88721824e-01 -2.53999289e-02
    -3.24567318e-01 1.99047476e-01 -1.71309963e-01 1.22936338e-01
    -1.15286283e-01 8.83872867e-01 1.19201219e+00 8.42748880e-01
    -3.08807850e-01 9.94710684e-01 3.51241618e-01 -5.02575994e-01
    -5.85146427e-01 7.40452945e-01 -5.04708230e-01 5.85514247e-01
    -2.52225071e-01 4.68331337e-01 4.85549092e-01 8.57730031e-01
    -2.94395477e-01 1.72100496e+00 1.43530440e+00 -4.33320284e-01
    1.68403828e+00 -3.56945246e-02 -6.42766654e-01 3.64594519e-01
    -7.46749282e-01 1.60821450e+00 -2.98983485e-01 4.16257590e-01
    -3.41752231e-01 4.15560067e-01 1.13000023e+00 2.11081475e-01
    -3.04938585e-01 1.11096811e+00 -5.02174735e-01 1.54914522e+00
    7.47261822e-01 1.09170043e+00 1.06212425e+00 -8.04640651e-01
    8.06054354e-01 1.11450660e+00 1.00025189e+00 1.00470614e+00
    -7.20082343e-01 2.30832636e-01 -7.41511524e-01 1.44615221e+00
    9.71117437e-01 7.35621810e-01 3.50938380e-01 1.53636479e+00
    -7.67657906e-02 -4.52829421e-01 1.21348299e-01 1.04618406e+00
    -1.07977889e-01 -5.32210708e-01 9.35363472e-01 -3.68354857e-01
    -2.64330477e-01 1.41508627e+00 -3.77270013e-01 1.08665593e-01
    9.68745649e-01 5.12378871e-01 1.79192472e+00 2.97944725e-01
    -7.84768686e-02 1.62575197e+00 5.77539325e-01 8.02392125e-01
    -3.12863648e-01 1.10539079e-01 9.81420517e-01 -5.11300564e-01
    4.97884989e-01 5.17487466e-01 3.88116986e-01 1.20373654e+00
    -6.60740212e-02 -1.58172980e-01 3.42518389e-01 7.59450555e-01
    -6.22479618e-01 1.00717926e+00 3.84293228e-01 9.16544855e-01
    1.49606556e-01 -6.24457240e-01 1.67487013e+00 5.64683080e-01
    -1.93961859e-01 -4.09878999e-01 4.31115657e-01 4.31629747e-01
    1.65422583e+00 1.63850915e+00 4.31703359e-01 1.29976428e+00
    -4.99579459e-02 -5.25691211e-01 7.08442748e-01 2.26883680e-01
    1.19122827e+00 1.14353025e+00 1.84397414e-01 1.77004561e-01
    8.43811035e-01 1.28460443e+00 1.22260642e+00 1.07288003e+00
    -4.71025676e-01 -1.15430959e-01 5.15298903e-01 6.16077900e-01
    9.23351586e-01 1.09385562e+00 3.26518118e-01 -8.73360708e-02
    3.41821074e-01 -5.41204751e-01 -5.91948569e-01 1.24834621e+00
    1.68046618e+00 7.91841269e-01 -3.68523270e-01 4.67529356e-01
    6.29045784e-01 9.81428444e-01 1.32925320e+00 -5.21766484e-01
    3.52483273e-01 1.33702147e+00 -4.53207105e-01 1.39581454e+00
    1.19987905e+00 -3.28109562e-01 -4.74100947e-01 -5.79122603e-01
    1.58756673e+00 6.27286673e-01 3.56446147e-01 -4.32101756e-01
    1.56400156e+00 1.43591285e+00 7.62405336e-01 -4.45865542e-01
    1.05617441e-01 7.71280646e-01 -6.26265168e-01 7.04945266e-01
    -6.38469914e-03 1.72365785e-01 -3.17851841e-01 -2.04664573e-01
    1.34479868e+00 2.62122840e-01 3.58811498e-01 -2.77304128e-02
    1.68167996e+00 6.08341157e-01 6.75410509e-01 9.10637259e-01
    1.70839798e+00 8.42336342e-02 5.95123827e-01 -5.10480940e-01
    5.56596696e-01 7.64589727e-01 7.85987437e-01 6.22534752e-01
    -3.43603119e-02 9.99518096e-01 1.53332484e+00 1.50785351e+00
    -7.26096332e-01 -5.48938751e-01 5.35673916e-01 1.36303389e+00
    7.64147639e-02 1.67642713e+00 -3.15302461e-01 6.58850133e-01
    -2.10445851e-01 1.41316712e+00 -4.81886148e-01 4.82313365e-01
    4.38070357e-01 9.31957304e-01 3.41764003e-01 1.39867175e+00
    -6.32392168e-02 6.52965784e-01 7.75921404e-01 -1.03602270e-02
    7.96415627e-01 9.26679611e-01 2.69520164e-01 -1.03051260e-01
    2.70967692e-01 1.23726022e+00 1.37176287e+00 8.89834046e-01
    3.40126097e-01 7.23862424e-02 -1.72605291e-02 2.35682145e-01
    1.19930220e+00 1.20475399e+00 8.34694326e-01 -1.55800879e-01
    -4.86342281e-01 -6.57094121e-01 1.53257740e+00 1.34015298e+00
    1.43737686e+00 3.43605518e-01 -1.61006033e-01 6.94685340e-01
    1.45739269e+00 9.47678149e-01 1.37956107e+00 1.62536347e+00
    6.17691092e-02 -4.08024043e-02 -5.87763846e-01 1.75769138e+00
    6.91706657e-01 4.27177429e-01 1.11878061e+00 2.00792044e-01
    1.50165800e-03 -3.43487412e-01 5.49390018e-01 1.39104760e+00
    2.58114129e-01 -1.54503882e-01 -1.56474844e-01 9.31166470e-01
    -4.73865688e-01 7.53671348e-01 -1.37565404e-01 1.16804993e+00
    2.95662880e-01 3.94592911e-01 1.51440516e-01 1.02229923e-01
    4.72460866e-01 1.38972688e+00 -6.47287667e-02 1.63041556e+00
    8.34090233e-01 1.29768682e+00 1.53395903e+00 1.70686996e+00
    6.74445510e-01 -3.82466555e-01 -6.80016935e-01 8.69764745e-01
    8.03627491e-01 7.59776652e-01 1.15627325e+00 2.91541100e-01
    6.54654980e-01 1.23887908e+00 1.54007840e+00 2.24001259e-01
    5.93169443e-02 6.87657177e-01 -4.06503320e-01 2.44956180e-01
    1.20105529e+00 -4.87572014e-01 -4.60329354e-01 -3.85948688e-01
    -1.18347257e-01 2.86355078e-01 1.75586939e+00 8.53762269e-01
    -6.88687563e-01 1.21442246e+00 7.59524703e-01 -3.21062863e-01
    1.77725947e+00 1.64947987e-01 4.68385160e-01 4.11234885e-01
    3.41563851e-01 1.31724489e+00 4.91730511e-01 8.96073997e-01
    -7.59866178e-01 -1.52223203e-02 -2.65683681e-01 1.49868739e+00
    4.94661212e-01 1.07403564e+00 5.56945860e-01 1.08151948e+00
    9.98763859e-01 2.92589724e-01 1.06694925e+00 -7.48592138e-01
    1.30968332e+00 1.31980205e+00 1.61911941e+00 6.60612404e-01
    -3.52606446e-01 2.96251535e-01 -2.89614230e-01 1.48902833e+00
    1.44872808e+00 1.64852726e+00 2.50373691e-01 -3.76747996e-01
    1.34762788e+00 4.79918659e-01 -5.35747647e-01 9.32815731e-01
    1.62472999e+00 -4.54926252e-01 -5.00508286e-02 -4.77476060e-01
    3.85933429e-01 6.70897722e-01 1.01979744e+00 1.34785652e+00
    1.71753228e+00 -2.12932564e-02 2.87739635e-01 1.76611185e+00
    3.29915822e-01 1.47346258e-01 2.50000991e-02 1.37112588e-01
    -5.08241594e-01 6.61926389e-01 9.53113437e-01 1.52725184e+00
    1.44962192e+00 1.25070298e+00 6.76045179e-01 5.60306430e-01
    -4.37251568e-01 1.69196546e+00 -2.12914184e-01 6.05187297e-01
    -3.50566089e-01 3.19176972e-01 -4.90785331e-01 -1.25052622e-02
    1.01772976e+00 -1.96485549e-01 1.40860760e+00 -2.24959165e-01
    -6.52821437e-02 3.47149298e-02 1.18894303e+00 1.27101648e+00
    6.73814416e-01 -7.80922771e-01 5.91052294e-01 -2.14860231e-01
    7.38630712e-01 2.29586646e-01 5.98474257e-02 1.24663031e+00
    1.59728253e+00 8.74886990e-01 -2.70974547e-01 -4.23963279e-01
    9.88066673e-01 -6.15594864e-01 -3.76499474e-01 -1.70662880e-01
    1.74109781e+00 1.70912600e+00 -4.17125702e-01 2.76681632e-01
    -5.51325321e-01 -5.79949796e-01 1.44782233e+00 1.26092863e+00
    3.43028069e-01 1.30458426e+00 3.07032298e-02 1.53604603e+00
    -5.56568682e-01 -4.82615381e-01 8.10249746e-01 -6.47302866e-01
    1.24868065e-01 7.19712019e-01 5.34855962e-01 1.01262462e+00
    2.00668111e-01 3.86131227e-01 4.74374801e-01 1.29398727e+00
    9.46645498e-01 1.30928922e+00 1.42930520e+00 -4.39496599e-02
    2.68078983e-01 1.37201107e+00 -3.35902542e-01 7.25135922e-01
    9.37961400e-01 1.58669567e+00 4.88449305e-01 -3.12369820e-02
    1.97020136e-02 -3.50311995e-01 1.40076256e+00 5.70642769e-01
    3.61834139e-01 -3.21403027e-01 1.69972944e+00 1.38936472e+00
    7.55753696e-01 -1.94610134e-01 6.04006171e-01 9.87425387e-01
    1.59512879e-03 1.05130827e+00 7.18063474e-01 3.16680878e-01
    -1.87160429e-02 6.50353730e-01 1.29130101e+00 3.83388311e-01
    1.54096437e+00 1.16040337e+00 6.40572131e-01 3.71124923e-01
    1.07660782e+00 -5.91224670e-01 1.80689979e+00 2.24846435e+00
    9.26583290e-01 8.96247983e-01 -2.71320105e-01 1.12022984e+00
    -4.12183851e-01 1.22071719e+00 1.42685223e+00 -7.74175584e-01
    1.52383888e+00 -6.36196077e-01 1.29158914e+00 1.35314822e+00
    1.73608756e+00 -2.27870017e-01 -1.06498279e-01 -2.98904185e-03
    4.51224446e-02 1.72136828e-01 1.28084850e+00 7.80797601e-01
    4.88431782e-01 1.16536343e+00 1.27925646e+00 8.48436356e-02
    1.12398624e+00 1.58700144e+00 -4.80407983e-01 1.54344189e+00
    -8.66058841e-02 -2.59552419e-01 -1.16926664e-03 7.38740444e-01
    1.46277833e+00 6.85449913e-02 9.13473010e-01 1.03021181e+00
    1.30337918e+00 3.85768384e-01 4.38252032e-01 -6.75904393e-01
    8.14034045e-01 1.01129162e+00 -3.62205923e-01 -6.24743342e-01
    -5.82063556e-01 1.50185168e+00 -4.70664591e-01 -3.89692664e-01
    1.33390152e+00 -5.44129193e-01 1.49791968e+00 1.04343021e+00
    8.51811469e-01 1.26898921e+00 1.61998272e+00 -1.07142210e-01
    -6.47625625e-01 -9.14594606e-02 8.02569449e-01 -6.26496017e-01
    3.01302552e-01 1.48804620e-01 4.99686509e-01 -6.00404978e-01
    -5.42422235e-01 1.38490939e+00 7.86502302e-01 1.58177066e+00
    -6.06802464e-01 1.57167792e+00 -4.98000324e-01 1.54395461e+00
    -1.35754451e-01 4.08555567e-01 1.72949755e+00 -4.58359420e-01
    -3.30845833e-01 1.41844964e+00 1.02064168e+00 6.50601268e-01
    4.35582586e-02 1.44543993e+00 3.35155994e-01 1.43711492e-01
    1.13275123e+00 6.42765105e-01 2.52133101e-01 -5.29348701e-02
    9.33160484e-01 -1.06950141e-01 1.63946354e+00 1.65653801e+00
    1.21857476e+00 1.79084763e-01 -8.96888003e-02 7.07521141e-01
    5.26436210e-01 -1.62033334e-01 2.56592203e-02 -1.45293146e-01
    3.69470865e-01 -6.39903784e-01 5.90529203e-01 1.91756517e-01
    4.30989832e-01 -4.68146354e-02 -5.36360107e-02 -5.22621095e-01
    6.58349931e-01 1.73014843e+00 5.95932364e-01 -3.86197001e-01
    9.43149328e-01 7.17285872e-01 9.17702258e-01 6.56023696e-02
    1.13650203e+00 1.28709424e+00 1.01026618e+00 1.49841845e+00
    2.72658229e-01 -5.43057621e-01 -6.58575535e-01 -6.51071310e-01
    3.32801223e-01 3.15855116e-01 4.56032962e-01 -4.65997905e-01
    1.12191057e+00 1.17431271e+00 3.15133899e-01 -5.71879804e-01
    -3.04757297e-01 6.56409979e-01 -2.52639264e-01 1.02816057e+00
    1.46121526e+00 1.49748757e-01 -4.86926734e-01 -1.00825839e-01
    7.08138570e-02 1.60010016e+00 -2.26921197e-02 -9.61238295e-02
    1.75850630e-01 1.11005403e-01 1.72280288e+00 1.43395221e+00
    2.01675698e-01 1.14298213e+00 5.39706588e-01 1.68327868e+00
    1.52503967e+00 1.08582234e+00 1.34186780e+00 8.27273071e-01
    3.43939751e-01 -7.08866000e-01 1.41822255e+00 -5.26091278e-01
    -3.80667984e-01 1.04038931e-01 -2.38815308e-01 1.71841145e+00
    7.85847545e-01 1.38410068e+00 5.68729043e-01 1.40714586e-01
    1.62089908e+00 -6.52203083e-01 -2.66120553e-01 8.27788949e-01
    3.85195792e-01 2.53492504e-01 -3.05943966e-01 1.27888489e+00
    3.54316231e-04 5.09103954e-01 1.92709133e-01 1.58311605e-01
    1.35155070e+00 -7.92011991e-02 4.75812316e-01 8.86021376e-01
    1.60300040e+00 1.19337916e+00 1.42112863e+00 9.83657062e-01
    1.40279531e+00 7.77993873e-02 -6.91328764e-01 1.00139165e+00
    1.63628781e+00 -2.22686812e-01 6.52969182e-02 1.65741241e+00
    -4.60245430e-01 -3.98040824e-02 -2.66335189e-01 1.60552895e+00
    -5.49545288e-01 8.78541172e-01 5.11599660e-01 -5.21874070e-01
    1.78484929e+00 -5.89845002e-01 1.43430638e+00 -6.72445521e-02
    4.39639062e-01 1.24508619e-01 1.10684335e+00 1.62879598e+00
    8.16349328e-01 1.29292250e+00 1.28926671e+00 -1.79449484e-01
    1.06998122e+00 1.48371625e+00 -6.26607478e-01 7.48389065e-01
    1.59463435e-01 1.04353023e+00 1.46911487e-01 1.59077555e-01
    7.76545465e-01 1.16274834e+00 1.60708308e+00 2.38917887e-01
    -5.46669483e-01 -1.16275504e-01 7.06539929e-01 5.44376612e-01
    -1.04242727e-01 -8.45651925e-02 -6.09746754e-01 7.56761849e-01
    3.63906771e-01 8.67223144e-01 -4.63778257e-01 1.38453829e+00
    -5.47688007e-01 6.92569077e-01 1.22187161e+00 -4.15366478e-02
    8.90914023e-01 2.86713727e-02 5.80693722e-01 1.02003312e+00
    1.50784504e+00 8.45337987e-01 4.50096816e-01 -5.74872553e-01
    1.67936075e+00 -7.61810124e-01 3.66208702e-01 1.33527040e+00
    1.71404350e+00 8.37202728e-01 9.14252043e-01 1.45347917e+00
    6.56456292e-01 1.05013773e-01 1.21580586e-01 1.45607758e+00
    2.67786205e-01 3.55133146e-01 3.73148501e-01 1.21522868e+00
    -5.17299652e-01 1.17891125e-01 1.01421511e+00 1.58527881e-01
    9.41875100e-01 1.40085423e+00 1.47948360e+00 1.22120643e+00
    1.11922991e+00 2.57089883e-01 1.54782534e+00 6.92949176e-01
    -5.06083332e-02 1.05833292e+00 -3.45837653e-01 1.05326521e+00
    8.87903333e-01 1.54571161e-01 1.62265420e+00 9.14399981e-01
    -5.30368745e-01 -5.12720525e-01 1.25785124e+00 5.20409167e-01
    1.45472854e-01 1.14385374e-01 9.11343515e-01 8.64565730e-01
    3.77442449e-01 1.22765183e+00 1.38629758e+00 1.37881982e+00
    -8.53551999e-02 6.82579100e-01 -6.46333218e-01 -4.38016146e-01
    1.11932635e+00 -1.96851626e-01 1.57866609e+00 1.62201631e+00
    -4.72518764e-02 6.48995996e-01 4.26066786e-01 8.25688124e-01
    1.56018972e+00 1.39797449e+00 -6.67730570e-01 1.30830097e+00
    4.68858629e-01 -4.18628186e-01 1.55424309e+00 5.37314177e-01
    7.89193451e-01 -7.71351606e-02 4.28041786e-01 1.44328129e+00
    -6.40760481e-01 2.17089485e-02 8.68753791e-01 -2.95405630e-02
    -6.56187057e-01 7.94639409e-01 -9.61434022e-02 2.52544552e-01
    1.37799525e+00 -1.96833804e-01 -1.69295054e-02 7.79222846e-01
    -4.23108488e-01 1.52876496e+00 7.48541132e-02 -1.17306836e-01
    1.37681711e+00 3.76223356e-01 8.51969779e-01 1.38404799e+00
    1.51679784e-01 1.32020162e-02 -8.13268721e-02 -1.03643686e-01
    1.29458457e-01 7.53146172e-01 2.89154232e-01 -1.36300042e-01
    1.50728714e+00 1.03350842e+00 1.17153871e+00 4.42810386e-01
    1.82606006e+00 8.81700099e-01 1.01484549e+00 1.02146494e+00
    1.07793605e+00 3.20952863e-01 1.81975603e+00 -6.28420770e-01
    1.33096778e+00 2.58849412e-01 -4.90108989e-02 -5.80329835e-01
    -2.74397612e-01 -6.38759196e-01 -1.24302708e-01 2.12949947e-01
    5.77275038e-01 1.22992897e+00 1.01057744e+00 8.52773905e-01
    -3.01104337e-01 8.38439763e-01 1.53102791e+00 2.24507570e-01
    5.72674036e-01 1.55407310e+00 1.03732753e+00 -6.70171380e-01
    7.31350660e-01 -5.15889168e-01 9.25227344e-01 1.21274924e+00
    1.57864904e+00 -6.11714065e-01 1.97290465e-01 2.57250011e-01
    5.46713233e-01 7.95353353e-01 1.57676268e+00 1.31003588e-01
    1.09606564e+00 1.41892457e+00 4.42855172e-02 3.72019187e-02
    1.07111120e+00 1.03756917e+00 -1.56837448e-01 -4.25201476e-01
    -4.38162118e-01 5.08708000e-01 2.73345470e-01 -7.10298955e-01
    1.35465300e+00 -8.72119814e-02 4.88170534e-01 -2.64396280e-01
    1.35694861e+00 6.12161994e-01 6.85555339e-01 1.22544932e+00
    -4.89057809e-01 5.81194460e-01 -3.38814616e-01 5.05050659e-01
    1.11645961e+00 1.28631473e+00 -1.22167014e-01 4.00475055e-01
    1.37299538e+00 9.48348403e-01 1.49656641e+00 7.01807559e-01
    -3.10001314e-01 1.29672563e+00 -4.95879829e-01 1.19581223e+00
    -1.23490341e-01 1.50719130e+00 1.52778113e+00 8.42467427e-01
    1.07337332e+00 -3.94940138e-01 7.58812964e-01 -6.74568832e-01
    3.87009144e-01 5.46590924e-01 2.14623183e-01 2.33680591e-01
    1.56931472e+00 8.27698350e-01 3.57341707e-01 1.28520572e+00
    1.14747012e+00 1.24565649e+00 3.53201658e-01 3.79963249e-01
    8.62886429e-01 -5.38712025e-01 2.37413898e-01 2.42259368e-01
    -4.42871809e-01 8.77874970e-01 -3.77753168e-01 4.65667158e-01
    9.97461736e-01 9.61388648e-01 2.17915833e-01 1.30614960e+00
    4.47426289e-01 6.25029087e-01 1.04051244e+00 3.06158245e-01
    1.96496453e-02 -2.41694063e-01 9.54633951e-02 1.76632628e-01
    1.12472105e+00 5.91739774e-01 9.37267005e-01 8.74112770e-02
    -3.23779911e-01 1.04625070e+00 1.72697067e+00 -7.17341006e-01
    -7.13052809e-01 4.15139534e-02 -3.32968007e-03 1.22543597e+00
    1.64200234e+00 2.95851409e-01 3.90359551e-01 -4.36813653e-01
    1.59194440e-01 2.01780483e-01 7.44391829e-02 -6.65313840e-01
    1.58460391e+00 2.36788932e-02 2.24801645e-01 1.43272352e+00
    7.81821311e-01 5.75133443e-01 1.86168998e-01 -2.72419512e-01
    2.05292270e-01 -2.96687663e-01 2.60401428e-01 9.05236661e-01
    1.61529803e+00 -1.66631993e-02 5.02048194e-01 6.55623734e-01
    1.12207937e+00 1.57545018e+00 -4.17189300e-01 1.97079575e+00
    1.35735047e+00 -5.74456215e-01 -4.55631137e-01 1.47409415e+00
    8.68373096e-01 8.89294028e-01 3.54211986e-01 -4.71857369e-01
    6.91452980e-01 1.65142119e+00 4.46929783e-01 7.63840199e-01
    -3.14077049e-01 -2.50389665e-01 -4.04454648e-01 4.39170860e-02
    -3.23510110e-01 1.36332023e+00 -8.51254523e-01 1.25428486e+00
    -5.67914009e-01 1.36302328e+00 1.51193714e+00 7.81908631e-02
    7.27118671e-01 -1.40305117e-01 1.50242531e+00 4.00477976e-01
    1.35732400e+00 -2.45553236e-02 1.26801515e+00 -3.27575468e-02
    6.62611604e-01 1.70531586e-01 2.65892565e-01 -2.36783206e-01
    -5.14589846e-01 7.37198353e-01 3.76104772e-01 -3.10108699e-02
    8.38603556e-01 -6.12608194e-01 1.54152703e+00 8.62782300e-01
    -7.05297232e-01 7.49449074e-01 1.26364303e+00 1.67886162e+00
    1.46881139e+00 9.88094807e-01 -4.77590561e-01 1.24761856e+00
    -2.60110617e-01 -1.03850605e-03 1.33162475e+00 1.62681353e+00
    1.35759389e+00 -3.74683291e-01 2.68285722e-01 1.05177140e+00
    3.45777273e-01 9.51847553e-01 -6.22374594e-01 9.85003054e-01
    6.65551648e-02 -4.09899861e-01 -6.12264335e-01 6.80554748e-01
    -2.77010858e-01 1.27934754e+00 1.10943484e+00 -5.03761172e-01
    7.02939034e-01 6.58907056e-01 2.00490728e-01 1.56408715e+00
    -3.12787108e-02 -7.75746955e-03 9.74577546e-01 -3.64243150e-01
    9.30061996e-01 -2.04337046e-01 -6.37852907e-01 1.45047784e+00
    -3.07592362e-01 5.65080464e-01 8.62608552e-01 -2.44718328e-01
    1.48544863e-01 -3.50738138e-01 9.96757984e-01 -6.25765741e-01
    5.39266169e-01 1.30454123e+00 1.32677829e+00 1.57335687e+00
    9.89682317e-01 1.59926689e+00 6.61924064e-01 -5.16239583e-01
    5.36396086e-01 3.25678259e-01 -4.31140959e-02 1.19517875e+00
    -4.29465473e-01 -6.27980828e-02 -1.92588031e-01 9.51483920e-02
    1.17845881e+00 -6.71591759e-01 1.04523325e+00 1.34836924e+00
    7.91573822e-01 1.68020844e+00 -1.92385167e-01 1.57467222e+00
    1.49059641e+00 1.30095273e-01 -6.50237799e-01 9.72439468e-01
    6.58538938e-01 4.04340804e-01 1.25398004e+00 1.09145451e+00
    1.51241040e+00 1.00459254e+00 1.62384403e+00 -2.02714160e-01
    2.77887844e-02 1.11927378e+00 1.51652324e+00 1.04914999e+00
    1.57022738e+00 1.53676546e+00 9.61965680e-01 2.31840208e-01
    -1.92595243e-01 8.14669371e-01 -1.14131090e-03 1.40422773e+00
    1.22487390e+00 -1.44197062e-01 1.69962776e+00 9.74455178e-02
    -3.19778234e-01 8.76030922e-01 -6.41820252e-01 -8.59367698e-02
    -1.13938544e-02 1.05733299e+00 -5.42164743e-01 2.33921066e-01
    -1.41426533e-01 1.73488486e+00 1.55567929e-01 8.07466328e-01
    5.18363714e-01 1.52400410e+00 1.13166344e+00 6.80897653e-01
    1.63877046e+00 1.24352038e+00 -6.28628910e-01 1.48075807e+00
    -6.59280300e-01 -1.10252284e-01 1.65195310e+00 -1.11104116e-01
    1.60616532e-01 1.04391253e+00 -1.16849720e-01 1.46419311e+00
    -8.13323408e-02 -6.64905682e-02 1.60446596e+00 1.44434762e+00
    9.44958270e-01 1.25864044e-01 1.32683027e+00 9.78994519e-02
    3.65347266e-01 3.25456291e-01 8.35057914e-01 7.18619749e-02
    1.00932479e+00 2.88766921e-01 3.42557639e-01 1.66663802e+00
    2.84052771e-02 1.52087295e+00 1.04149544e+00 8.98225248e-01
    -3.07441145e-01 -3.27542573e-01 2.75868833e-01 1.32218444e+00
    9.67386127e-01 3.11396092e-01 1.31938374e+00 1.59502268e+00
    -3.40425730e-01 7.57817447e-01 2.46366531e-01 1.63932467e+00
    -2.67233431e-01 8.59533191e-01 5.28870583e-01 4.48269069e-01
    9.66710865e-01 1.13279378e+00 -7.00829446e-01 3.97086114e-01
    3.40933323e-01 -2.34399199e-01 8.55029345e-01 -7.32929958e-03
    -4.99737203e-01 4.28521559e-02 -7.43434429e-02 5.42109072e-01
    1.19549835e+00 -4.61452603e-01 1.66609991e+00 -1.50015771e-01
    1.12744994e-01 1.56907248e+00 7.19100475e-01 -3.33539665e-01
    1.12324238e+00 1.29498947e+00 2.73369968e-01 1.01157010e+00
    1.10024655e+00 -5.93550265e-01 1.10108471e+00 1.69926691e+00
    1.19973227e-01 1.02765155e+00 -6.51955724e-01 -2.04228178e-01
    8.82281542e-01 5.57467878e-01 7.44960785e-01 7.84428477e-01
    -6.22470260e-01 1.80217519e-01 1.06266165e+00 6.72556520e-01
    5.41154563e-01 -7.19889462e-01 -3.30136448e-01 1.17092276e+00
    1.25426102e+00 -5.15803695e-01 8.47122550e-01 5.30723631e-01
    1.55417240e+00 -3.00144345e-01 1.59554636e+00 -2.66532153e-01
    -6.91814542e-01 1.53980088e+00 9.75712061e-01 -5.78247726e-01
    2.95749784e-01 9.08095658e-01 9.08477843e-01 1.12292361e+00
    -2.12654442e-01 5.10785758e-01 4.95521814e-01 9.01059151e-01
    -1.07285000e-01 6.79513752e-01 4.79514062e-01 -1.44662172e-01
    1.62709916e+00 5.94681978e-01 3.56432460e-02 1.16979718e+00
    -2.03885004e-01 -5.97343981e-01 1.37087274e+00 1.15803182e+00
    9.25072253e-01 5.31643629e-01 8.56345773e-01 9.15954769e-01
    -2.38513127e-01 8.56475651e-01 1.55287385e+00 8.30630720e-01
    4.17281926e-01 -4.79706913e-01 5.93230546e-01 1.76560909e-01
    -5.42281687e-01 -5.47798574e-01 -6.30506396e-01 -1.59394950e-01
    1.43209136e+00 1.28308821e+00 4.13544804e-01 5.14393985e-01
    6.41330898e-01 -2.37672567e-01 -2.37784848e-01 4.32602882e-01
    1.94732830e-01 5.80486879e-02 3.72159183e-01 8.87871563e-01
    1.59099206e-01 4.84991282e-01 -3.00882280e-01 1.72006559e+00
    6.41399264e-01 -1.18027613e-01 -5.24109662e-01 1.40062618e+00
    1.42286074e+00 1.03461850e+00 1.30535889e+00 1.55945659e+00
    -3.36408615e-01 4.08553690e-01 8.52973521e-01 3.97344530e-02
    1.41302836e+00 1.73380458e+00 9.22524929e-01 1.38362157e+00
    5.28680861e-01 -4.49951053e-01 -3.48619789e-01 3.07451248e-01
    5.96301019e-01 4.55408722e-01 -2.58839011e-01 9.03097034e-01
    1.00434482e+00 8.21838379e-01 1.34345603e+00 1.41203165e+00
    5.64197481e-01 1.31676424e+00 6.07394516e-01 2.06199735e-02
    5.81187867e-02 -1.98894277e-01 8.10849294e-02 -5.37454374e-02
    1.47139534e-01 -7.19494700e-01 1.32649720e+00 1.08465683e+00
    -1.96484536e-01 -4.61336344e-01 -3.77200574e-01 -3.17043334e-01
    1.62529755e+00 2.61302471e-01 -4.89134729e-01 1.14160633e+00
    1.22439969e+00 6.39205933e-01 1.31458390e+00 8.41915071e-01
    -9.33435783e-02 1.35886741e+00 -1.02406926e-02 1.00534678e+00
    1.16210723e+00 -3.15245718e-01 6.00254953e-01 -3.82196039e-01
    -6.26162648e-01 6.03366911e-01 -1.63899079e-01 2.37652391e-01
    1.49329293e+00 -7.93486595e-01 1.44592237e+00 3.11101884e-01
    1.60145313e-01 2.12336957e-01 1.63857603e+00 -6.38918340e-01
    -2.50489026e-01 2.03379639e-03 5.04602604e-02 -3.30021113e-01
    1.34236288e+00 2.89403766e-01 1.04903638e+00 1.08902192e+00
    1.27579296e+00 -3.45122695e-01 -2.52613604e-01 1.21494877e+00
    9.43686664e-01 1.50113657e-01 -1.75512820e-01 6.21302903e-01
    1.55716753e+00 8.52393210e-01 4.31425780e-01 8.43633473e-01
    6.78845644e-01 8.19675267e-01 -2.51991391e-01 -4.61571943e-03
    7.53522635e-01 1.04396236e+00 -7.12533712e-01 1.16892624e+00
    1.38197553e+00 1.07799315e+00 1.62913358e+00 1.24138236e+00
    2.96402156e-01 5.00378571e-02 1.46564865e+00 -5.57230949e-01
    -5.94930351e-01 -6.39798880e-01 4.11157832e-02 1.35628462e+00
    -7.68566012e-01 7.12277651e-01 2.76761889e-01 6.93040848e-01
    -6.80479258e-02 9.91707981e-01 6.90787077e-01 -2.57244706e-01
    -5.24944998e-02 1.59334338e+00 5.52363515e-01 6.42763138e-01
    3.08671832e-01 -2.17047945e-01 -3.03171426e-01 -6.60907030e-01
    1.47588217e+00 5.26709795e-01 3.89577210e-01 1.15443969e+00
    8.61165524e-01 6.82216167e-01 1.55621028e+00 1.62437105e+00
    3.35897118e-01 1.17239249e+00 1.32326260e-01 -3.26521635e-01
    5.47519326e-01 1.18826318e+00 6.99987710e-01 1.78314567e-01
    4.00588423e-01 2.97006369e-01 -6.28824532e-02 8.33942175e-01
    -6.35343790e-01 -3.28510046e-01 2.30271608e-01 1.50311494e+00
    8.74884009e-01 3.39779437e-01 -3.37430596e-01 5.27710795e-01
    5.83062291e-01 8.39491308e-01 6.96576178e-01 6.58796430e-02
    1.20420897e+00 1.12423277e+00 1.14251375e+00 8.11100006e-01
    1.20003808e+00 9.86597300e-01 5.71157858e-02 7.44461060e-01
    1.57808745e+00 4.20013458e-01 3.37769277e-02 1.21319175e+00
    1.13547397e+00 1.66758811e+00 2.21980721e-01 -7.35262632e-02
    6.12642646e-01 1.36678648e+00 -9.28588063e-02 8.56450260e-01
    1.30541134e+00 6.79953694e-01 1.61341345e+00 -1.54758155e-01
    -4.26466823e-01 1.40314236e-01 7.68549204e-01 1.07098877e+00
    -1.33817092e-01 -2.38339648e-01 7.46251523e-01 8.54041100e-01
    -7.27439702e-01 1.01097298e+00 1.05330682e+00 2.73436069e-01
    1.16221726e+00 6.98171973e-01 -2.69973576e-01 8.28503191e-01
    1.20889139e+00 1.33064663e+00 -3.59340638e-01 -3.41829687e-01
    -3.81591991e-02 5.55695713e-01 1.47925162e+00 4.83519375e-01
    1.08458805e+00 1.21713722e+00 -1.19186819e-01 1.68478042e-01
    1.64875686e+00 -6.03575349e-01 5.32394528e-01 1.37333071e+00
    -2.70536065e-01 -6.89483464e-01 1.56023681e-01 1.23356307e+00
    -6.40939236e-01 1.31494534e+00 1.01354122e+00 -8.39880183e-02
    1.03613698e+00 6.18770242e-01 7.02374518e-01 3.72211814e-01
    2.24531174e-01 -4.06709909e-01 4.59525347e-01 9.47018683e-01
    1.39233935e+00 -2.84426123e-01 -3.77410084e-01 1.13568354e+00
    -5.32276273e-01 1.88437653e+00 1.71953440e+00 5.36031604e-01
    7.04046190e-01 -3.29368025e-01 1.02206659e+00 -4.86056089e-01
    6.05957627e-01 7.29379475e-01 -6.56117946e-02 1.78296065e+00
    -3.55470717e-01 8.46017361e-01 -6.89519167e-01 -4.43122298e-01
    7.46079803e-01 -1.91957489e-01 -2.27900371e-02 1.37354934e+00
    7.00190604e-01 -1.98935702e-01 -6.75469458e-01 1.14934063e+00
    1.03283155e+00 -1.97290257e-01 -4.22750384e-01 -1.66434363e-01
    3.27481419e-01 1.06613302e+00 -3.25569063e-01 1.51975304e-01
    -2.52427876e-01 -6.61852658e-01 -6.64969862e-01 1.21459019e+00
    1.27265978e+00 1.05005419e+00 -4.43013400e-01 1.95697308e-01
    8.33493888e-01 -3.10058385e-01 1.49426687e+00 -5.13316095e-01
    1.24364948e+00 8.32726598e-01 -7.50348330e-01 1.25040352e+00
    1.21848547e+00 9.88562167e-01 1.36079311e-01 5.16739130e-01
    9.12667990e-01 1.28544569e+00 1.71154594e+00 -5.22649288e-01
    1.24006295e+00 9.48127091e-01 -3.58020335e-01 -4.37640280e-01
    1.98690370e-02 -2.48258442e-01 6.89029157e-01 7.40491450e-01
    -4.67091203e-01 1.39587116e+00 9.29642916e-01 1.34632432e+00
    9.88406181e-01 9.92611766e-01 1.29694343e+00 -2.69735783e-01
    1.05855234e-01 4.36999887e-01 -3.81418437e-01 -1.32140145e-01
    -2.26454303e-01 9.36875165e-01 6.80275410e-02 -1.05378600e-02
    1.04815018e+00 5.98465621e-01 6.30088687e-01 1.33327985e+00
    -3.34008873e-01 -2.26432487e-01 1.55939507e+00 1.19581616e+00
    5.02334952e-01 -1.20332599e-01 3.04571450e-01 8.09983492e-01
    1.65055788e+00 6.70343637e-01 1.26610184e+00 1.50575626e+00
    -6.23371601e-01 5.15007555e-01 -2.73045003e-01 1.23615003e+00
    -6.56978488e-01 7.18164146e-02 -1.38113767e-01 1.63529158e+00
    6.92258775e-01 -4.41264451e-01 1.73309469e+00 5.80802262e-02
    1.24289143e+00 -5.93852103e-01 1.52339411e+00 1.68354201e+00
    -4.16656345e-01 3.76963347e-01 -4.55870420e-01 9.38652098e-01
    9.15002525e-01 1.56829879e-01 3.02339554e-01 3.11373591e-01
    5.96240997e-01 -6.46305859e-01 8.37820888e-01 4.08764452e-01
    1.19269872e+00 1.87685251e-01 8.78786206e-01 -6.08024061e-01
    1.75608909e+00 -1.54604524e-01 4.94945079e-01 1.35108411e+00
    6.29888237e-01 1.52234471e+00 -3.67918819e-01 1.26101613e+00
    6.68824852e-01 -5.89927375e-01 4.92059857e-01 -3.02363217e-01
    5.23077011e-01 -6.10765100e-01 4.77525741e-01 8.29754055e-01
    1.79959667e+00 -3.67796332e-01 1.00543213e+00 7.27424204e-01
    3.71108115e-01 3.42068821e-01 2.74673313e-01 -7.55115092e-01
    1.48824811e+00 3.09076607e-01 5.15833974e-01 -2.26451740e-01
    -9.65370759e-02 6.51174113e-02 3.02731037e-01 -2.57599801e-01
    -1.36398897e-01 1.58097601e+00 8.97922218e-01 1.03032315e+00
    -2.16543958e-01 1.68152201e+00 7.45698273e-01 1.17862478e-01
    1.74869370e+00 4.68437731e-01 1.19213378e+00 8.12306702e-01
    -1.32587984e-01 -1.45851001e-01 9.13643837e-01 -7.52521381e-02
    -8.97249356e-02 6.02986515e-01 1.24995840e+00 1.40303171e+00
    6.81545377e-01 1.74898520e-01 -4.90382701e-01 1.37325847e+00
    1.41330538e-02 -6.56008840e-01 1.17302217e-01 -5.21738172e-01
    7.43656814e-01 1.33086622e+00 1.13336587e+00 8.47138882e-01
    -3.55946630e-01 -3.76641124e-01 1.45418793e-01 1.37419283e-01
    5.61857700e-01 9.05816317e-01 6.87523246e-01 -1.06910236e-01
    8.64096880e-01 1.37430882e+00 5.95610619e-01 1.48419285e+00
    6.00059152e-01 4.32840616e-01 -4.41215456e-01 -4.39832181e-01
    1.18325508e+00 1.35496891e+00 -5.35524860e-02 1.51062679e+00
    1.52942431e+00 1.41508222e+00 8.23417008e-01 2.17212582e+00
    1.30300212e+00 1.68386102e+00 9.76611733e-01 9.43576455e-01
    1.31833422e+00 1.22684133e+00 -1.46245643e-01 1.45924962e+00
    5.70386827e-01 2.02955365e-01 1.15144777e+00 5.72569847e-01
    3.58285457e-01 9.18266654e-01 -2.66696155e-01 3.86071235e-01
    -4.43702847e-01 3.50519687e-01 9.96071517e-01 -5.27124107e-01
    2.82620847e-01 1.37967288e+00 1.39091384e+00 -4.01291400e-01
    6.83934689e-01 1.32671356e+00 2.95861661e-01 1.01252341e+00
    2.09861591e-01 2.22853258e-01 -7.44492054e-01 1.77223885e+00
    -1.83204114e-01 4.53625619e-01 -3.65382247e-02 2.54477143e-01
    8.40127110e-01 6.36192858e-01 5.88708162e-01 -1.13314029e-03
    6.90320790e-01 -2.54121840e-01 -5.88409305e-01 -2.41619781e-01
    1.77147055e+00 -4.71211195e-01 1.63813365e+00 4.55384701e-01
    -5.32124043e-01 1.24521279e+00 -1.67329863e-01 7.56159365e-01
    5.38209021e-01 6.70857847e-01 7.84050643e-01 1.18961990e+00
    4.33351338e-01 1.09200251e+00 1.77865237e-01 1.53134143e+00
    6.96908891e-01 2.31400907e-01 1.47204888e+00 -7.49408901e-01
    1.66755354e+00 8.67036581e-02 1.11145735e+00 1.33057117e+00
    7.47754872e-01 1.52932024e+00 1.29960668e+00 1.63542497e+00
    9.38837111e-01 -1.35820180e-01 1.28576338e-01 5.21207929e-01
    -4.79878098e-01 1.12121618e+00 1.11746681e+00 -3.86819571e-01
    -5.96053421e-01 9.22550201e-01 4.68313515e-01 -3.53866994e-01
    1.56045330e+00 -6.93684757e-01 3.18600178e-01 1.55002749e+00
    -5.10846972e-01 1.30193079e+00 1.13993041e-01 1.57079792e+00
    8.21443081e-01 -1.53051019e-01 8.08142066e-01 1.75148755e-01
    -5.75396419e-01 -4.66982216e-01 6.94418967e-01 8.69400620e-01
    -6.14095688e-01 1.57527876e+00 -9.62795913e-02 9.36221659e-01
    -6.26617253e-01 6.61859035e-01 -2.31675893e-01 1.21709836e+00
    8.85820031e-01 -7.22066879e-01 1.69961643e+00 4.06717747e-01
    -1.58417150e-01 3.38573128e-01 6.27886653e-01 9.87972975e-01
    2.79538006e-01 1.02893066e+00 -3.16860862e-02 -5.95165908e-01
    1.34062696e+00 1.00500000e+00 -7.24523604e-01 1.21100056e+00
    9.74318326e-01 4.74748194e-01 -6.72967553e-01 5.41088998e-01
    7.61673693e-03 -4.82832491e-01 7.98268378e-01 -3.10249448e-01
    1.33533573e+00 -6.54518843e-01 -4.43415016e-01 4.55359250e-01
    1.08791471e+00 -4.72679645e-01 -2.81216055e-01 1.61334264e+00
    4.35919404e-01 1.53744519e+00 9.70718920e-01 -7.72301257e-01
    1.62601209e+00 1.33220112e+00 5.25141954e-01 -2.06841707e-01
    3.99021894e-01 9.09528136e-01 -1.98900610e-01 9.50058937e-01
    3.21230739e-01 -1.88225191e-02 -6.59891367e-02 2.07519501e-01
    -1.92522094e-01 1.38877380e+00 6.85211957e-01 -6.23994231e-01
    1.48836955e-01 -4.34946746e-01 -5.09056211e-01 1.54219902e+00
    1.44818950e+00 1.23323250e+00 3.25780362e-01 1.23919892e+00
    8.58477354e-01 8.60685855e-03 1.40811181e+00 1.15633130e+00
    1.27248943e-01 3.99279594e-01 7.27063119e-01 1.26692605e+00
    1.29831624e+00 9.97448146e-01 -2.57582158e-01 5.14257252e-01
    -1.36830226e-01 -8.29753280e-02 -5.15358806e-01 1.76622963e+00
    -4.25122440e-01 -2.01813564e-01 -4.54702526e-01 -2.21808702e-01
    1.37946308e+00 -8.38080943e-02 8.66861761e-01 1.45450282e+00
    6.86381102e-01 6.41039729e-01 2.45881074e-05 8.22464883e-01
    -4.04979251e-02 3.13077450e-01 1.54371548e+00 5.78178287e-01
    -2.24998295e-01 1.67236775e-01 -4.75040406e-01 -2.81842709e-01
    4.84295398e-01 8.16437602e-01 1.22679234e+00 -7.94248283e-01
    1.57101676e-02 -4.03282106e-01 8.56367469e-01 1.01714408e+00
    1.37664616e+00 1.46474528e+00 3.26003283e-01 -1.31966639e-02
    2.82764047e-01 9.29360371e-03 1.43932319e+00 8.19112509e-02
    7.01916158e-01 -2.61291534e-01 -6.00558758e-01 8.79759431e-01
    1.43775761e+00 -4.29253280e-01 1.64287305e+00 1.74921259e-01
    7.75140643e-01 -5.45302272e-01 6.12878501e-01 -6.27366245e-01
    1.01753604e+00 8.97282839e-01 1.33967310e-01 3.11617821e-01
    -3.58662546e-01 1.63313448e+00 -1.90329507e-01 9.33276296e-01
    -3.53960842e-01 1.27492738e+00 9.11578894e-01 4.61590499e-01
    2.48438731e-01 1.32961130e+00 3.03636163e-01 2.65548706e-01
    -5.55390656e-01 5.13087772e-03 1.17118025e+00 1.55549216e+00
    1.11645222e+00 9.23385695e-02 1.73749435e+00 4.67443407e-01
    1.35960233e+00 -5.79593897e-01 1.18221962e+00 7.39167988e-01
    -1.85116529e-01 -2.80217379e-01 -6.26867637e-02 3.70449960e-01
    -4.52014893e-01 8.78995180e-01 -5.87226629e-01 1.44310808e+00
    3.03968281e-01 1.67220676e+00 1.20119166e+00 -4.93670374e-01
    1.18254542e+00 8.04211572e-02 1.74364284e-01 2.58017361e-01
    -5.00277400e-01 6.62442863e-01 -9.27142054e-02 -4.36278492e-01
    -6.35903239e-01 4.23100591e-01 1.57048094e+00 3.80335271e-01
    1.62885785e+00 8.59564066e-01 1.31129491e+00 4.37861949e-01
    1.68252420e+00 -7.51884431e-02 -5.72085977e-01 2.02725738e-01
    9.18694019e-01 1.21862316e+00 1.81439340e-01 -4.99398500e-01
    2.51674950e-01 9.00812805e-01 -3.55126321e-01 1.80162740e+00
    -4.42538321e-01 -6.10870957e-01 5.22076070e-01 1.66030467e-01
    2.56717682e-01 2.51286894e-01 3.34016562e-01 1.29328585e+00
    4.90973532e-01 3.51335526e-01 9.46002364e-01 4.11881864e-01
    4.00751799e-01 -1.31283566e-01 -6.13175154e-01 4.34777319e-01
    1.24703884e+00 8.65548849e-01 1.24245131e+00 -2.43574619e-01
    1.07474995e+00 1.56168413e+00 -5.22808373e-01 4.19398814e-01
    1.54622710e+00 -3.04672509e-01 8.36967647e-01 -6.86284304e-01
    7.60131538e-01 -8.60967636e-02 5.22339702e-01 8.54699731e-01
    -7.26609349e-01 9.60154593e-01 1.59485674e+00 1.44007444e+00
    1.34248221e+00 1.21349919e+00 5.80365360e-01 9.28126454e-01
    -6.78481042e-01 1.11452866e+00 1.03034699e+00 6.43601835e-01
    1.29435897e+00 8.62686098e-01 5.21730125e-01 1.33988798e+00
    -2.64686286e-01 1.34355044e+00 7.01036751e-01 -4.03602719e-01
    1.21774399e+00 3.68736625e-01 1.54863656e+00 1.64687824e+00
    1.84811151e+00 4.43357140e-01 1.94913089e-01 1.33064198e+00
    8.53601217e-01 2.85709500e-01 -6.25343382e-01 1.32468307e+00
    -3.74500066e-01 -6.05165362e-01 1.76438689e-01 -2.82453328e-01
    1.08833623e+00 -2.43884921e-01 6.74996614e-01 4.29077953e-01
    7.07859695e-01 -8.28853156e-03 9.74590778e-01 1.65473378e+00
    -6.66303456e-01 1.25030875e-01 -3.68252367e-01 -7.37388851e-03
    2.39911631e-01 6.45665348e-01 1.40562057e+00 1.26395047e+00
    -3.32615197e-01 1.60151875e+00 3.50162774e-01 1.36976302e+00
    7.10446537e-01 1.10640693e+00 5.47853410e-01 8.89678359e-01
    8.58415544e-01 5.83273292e-01 1.20753360e+00 1.64021289e+00
    4.28664893e-01 1.19029033e+00 8.29980195e-01 6.25714481e-01
    9.86323833e-01 -2.04553977e-02 -3.80560905e-01 8.76006782e-01
    1.51069462e+00 6.93749607e-01 -5.38604140e-01 6.46838307e-01
    3.88094962e-01 1.05077434e+00 -2.60024577e-01 4.56128865e-01
    6.07009053e-01 5.99477649e-01 5.99237740e-01 8.69211137e-01
    1.52287483e+00 5.02542377e-01 6.63390160e-01 -6.58078909e-01
    -3.48386437e-01 6.29506409e-01 1.29957938e+00 4.26572621e-01
    -2.76107341e-01 3.89273763e-01 -8.29964876e-02 -5.91395535e-02
    1.32258058e+00 8.31763387e-01 1.30904841e+00 9.32001099e-02
    8.80982220e-01 1.93779588e-01 3.15516859e-01 1.15024781e+00
    1.60595521e-01 -5.02651513e-01 1.74165392e+00 5.52922845e-01
    5.85318767e-02 1.01104426e+00 1.46842396e+00 1.20461917e+00
    1.06802106e+00 1.03664470e+00 -3.85038972e-01 7.97819257e-01
    -5.00929475e-01 4.81363118e-01 1.58401263e+00 1.23602891e+00
    4.51878488e-01 5.74578881e-01 -3.38064820e-01 -2.61115819e-01
    1.09103322e+00 9.54327047e-01 1.48747456e+00 1.06454641e-01
    1.39124691e+00 9.54836190e-01 9.06146944e-01 1.58702886e+00
    -5.28302312e-01 3.26773822e-01 1.33052111e+00 9.91392255e-01
    1.26306129e+00 -7.95677781e-01 -4.00088429e-01 1.45951462e+00
    8.47499609e-01 1.63840413e+00 -2.19623111e-02 9.88432348e-01
    -5.71161091e-01 1.53273332e+00 -4.51219548e-03 -1.43097743e-01
    7.09381819e-01 1.22341776e+00 1.38835728e+00 1.09621954e+00
    1.40810001e+00 3.39005709e-01 1.29915035e+00 8.21465731e-01
    1.50083923e+00 8.35206807e-01 1.17948484e-02 -8.01781416e-02
    -2.77409434e-01 9.64684129e-01 1.01924300e+00 1.28994024e+00
    2.64669865e-01 8.93245101e-01 -7.78870285e-01 1.67764246e+00
    1.51581895e+00 1.53251411e-02 5.95229983e-01 -3.64006579e-01
    4.50775474e-01 -2.63855577e-01 1.59508574e+00 -3.91558148e-02
    -6.06727004e-01 7.90471792e-01 3.96692604e-01 8.04185152e-01
    1.87539645e-02 1.17067122e+00 -1.85990676e-01 -1.04013003e-01
    -4.10752714e-01 -1.19556025e-01 1.10847688e+00 1.46783650e+00
    1.59765810e-01 6.99884713e-01 9.04103339e-01 1.27880323e+00
    -3.88199121e-01 -5.20419031e-02 -2.61585385e-01 1.69721723e+00
    -6.25959039e-01 9.79293346e-01 7.51559675e-01 3.05400223e-01
    1.52211964e+00 -2.66765803e-01 8.67101774e-02 6.59609675e-01
    -5.30596614e-01 1.46670711e+00 8.74451518e-01 6.85239851e-01
    4.47675139e-01 -4.60270941e-01 -1.20782211e-01 -6.90759063e-01
    2.12566569e-01 3.24728370e-01 1.19900203e+00 -1.29229240e-02
    -6.18904412e-01 -4.19601321e-01 1.80907404e+00 3.55734795e-01
    8.42455089e-01 1.60039783e+00 -2.79765964e-01 3.09578240e-01
    8.92450392e-01 1.01665962e+00 4.41723824e-01 4.59733695e-01
    2.96317816e-01 -1.67524353e-01 -4.41300124e-01 1.40678132e+00
    -6.40538812e-01 7.49126434e-01 1.22238839e+00 -7.35543549e-01
    1.67275071e-01 1.40749085e+00 1.16665855e-01 -3.67213100e-01
    -3.91584754e-01 1.56767285e+00 1.60049513e-01 -1.23432092e-01
    2.27995113e-01 1.35366571e+00 9.90482211e-01 3.66299391e-01
    1.32125616e+00 7.96983182e-01 7.20129490e-01 1.08587182e+00
    9.20256749e-02 -5.79501629e-01 3.53376746e-01 1.59961486e+00
    1.48689985e+00 1.34467220e+00 1.62351537e+00 1.17362297e+00
    -6.35139704e-01 1.91207692e-01 5.03014743e-01 1.35923827e+00
    2.69454956e-01 1.55713096e-01 1.49357438e+00 2.68271953e-01
    3.21446419e-01 1.46652126e+00 4.00422126e-01 2.66413502e-02
    6.18064046e-01 1.37362611e+00 -2.05842271e-01 -2.18536466e-01
    1.21338999e+00 1.34700164e-01 4.06746715e-01 -2.90379792e-01
    -3.96755517e-01 -5.06643474e-01 -6.41493618e-01 -5.86647987e-01
    4.75090057e-01 1.24190366e+00 1.31774819e+00 9.24173057e-01
    5.24655208e-02 1.09406257e+00 5.05626738e-01 4.35865462e-01
    4.31072891e-01 1.39946604e+00 -3.64070266e-01 -5.35882950e-01
    1.37155569e+00 5.47099113e-01 8.25326562e-01 1.78447768e-01
    -1.11788027e-01 1.06730342e+00 1.47580421e+00 1.13099730e+00
    7.55590320e-01 7.85347462e-01 -7.06895888e-02 -6.41864300e-01
    -1.98473573e-01 -3.40389073e-01 -1.95257008e-01 9.20677066e-01
    5.54292977e-01 -5.95453143e-01 1.30421638e+00 1.57912564e+00
    1.33173454e+00 -3.90761882e-01 -2.41784528e-01 -1.06547169e-01
    -6.05186880e-01 1.06711042e+00 2.37856075e-01 9.48167145e-01
    -4.04085457e-01 -4.77683932e-01 1.31877673e+00 1.13677025e+00
    6.48174807e-02 -3.16911101e-01 1.20179093e+00 -6.48864150e-01
    -5.83686888e-01 1.21133578e+00 2.49971911e-01 -4.82407957e-01
    3.40298384e-01 7.40370989e-01 1.63159299e+00 1.17013586e+00
    -3.18560243e-01 1.63823828e-01 -1.76908642e-01 -1.29449919e-01
    1.64579237e+00 7.05146313e-01 -3.19864392e-01 9.32483196e-01
    -5.81839561e-01 1.33183110e+00 1.01569796e+00 7.72666037e-01
    6.34176552e-01 7.82149911e-01 7.96181440e-01 -1.09543152e-01
    1.49199808e+00 3.02840889e-01 -1.61110118e-01 1.57668853e+00
    1.54864359e+00 1.74962604e+00 -3.75535637e-01 2.33440876e-01
    1.97482824e-01 3.82015377e-01 5.15515924e-01 9.84528303e-01
    9.31602955e-01 5.77577949e-01 -1.78006053e-01 -5.66253424e-01
    8.09037507e-01 8.62550676e-01 1.36824286e+00 1.04172885e+00
    -3.76035333e-01 -3.82140249e-01 2.22530216e-01 1.54852569e+00
    -1.03730798e-01 9.25440490e-01 2.31305525e-01 -4.47692722e-01
    -2.12326065e-01 7.39051998e-01 2.98914313e-01 1.26304567e+00
    9.61035907e-01 6.51146948e-01 8.67475271e-02 -4.06554520e-01
    4.41381522e-02 6.99540019e-01 1.02500665e+00 7.58191586e-01
    -3.22217941e-01 3.24102193e-01 -5.66376090e-01 4.58720475e-01
    1.13810265e+00 -2.19495237e-01 6.19934440e-01 1.04414856e+00
    -6.12784386e-01 3.19192082e-01 -2.42925927e-01 -4.28887129e-01
    -6.21110141e-01 1.08287549e+00 6.85685158e-01 -1.25131607e-01
    1.63831639e+00 8.16920280e-01 5.95474720e-01 1.11698401e+00
    1.27810431e+00 9.36371386e-01 6.18894398e-01 2.54199892e-01
    1.51013672e+00 -1.51666999e-01 -4.87687320e-01 6.92876399e-01
    8.78144264e-01 -4.79609907e-01 1.33831143e+00 -2.81743884e-01
    1.22409809e+00 1.03120935e+00 9.94765013e-02 -6.08137473e-02
    -2.87603855e-01 1.05311942e+00 -2.85229623e-01 1.40587783e+00
    5.99774778e-01 -3.81352782e-01 9.91134405e-01 -7.21186399e-02
    9.15488183e-01 -4.01421487e-01 1.19157410e+00 1.53847265e+00
    5.38218439e-01 -6.72809593e-03 1.12985766e+00 1.47756159e+00
    1.48562086e+00 -6.09617174e-01 1.59246826e+00 3.19013000e-01
    -5.98112226e-01 1.54289377e+00 4.76591617e-01 9.69597578e-01
    -1.21587284e-01 3.40388596e-01 -2.22955957e-01 8.25892150e-01
    -6.47968888e-01 1.07398415e+00 -1.03975870e-01 1.06510246e+00
    -3.58995646e-01 -4.60291475e-01 1.65492165e+00 9.81715620e-01
    -2.66208053e-02 -9.69414413e-02 1.37459600e+00 1.30690932e+00
    9.32133019e-01 9.81559753e-02 5.59121847e-01 -4.41291273e-01
    -4.91081417e-01 7.48849452e-01 9.62414980e-01 2.31443882e-01
    3.19802403e-01 1.61773074e+00 -1.16452940e-01 6.62959814e-01
    -4.08952963e-03 3.01474303e-01 1.24627328e+00 -6.35797203e-01
    1.07275105e+00 1.77003741e-01 1.65019050e-01 1.44328928e+00
    6.29777372e-01 2.98467636e-01 2.21538737e-01 9.45765853e-01
    2.08690073e-02 1.83272228e-01 1.09995291e-01 5.20211995e-01
    -3.60727131e-01 5.66544354e-01 -8.67123231e-02 1.44983864e+00
    1.07142472e+00 1.60458255e+00 6.55516982e-01 1.66937935e+00
    4.20080572e-02 -1.46834133e-03 9.65249777e-01 5.98787785e-01
    1.12533116e+00 -7.41715312e-01 -6.80082262e-01 -4.29415524e-01
    1.06975663e+00 5.64744353e-01 -5.33793271e-01 -5.86127460e-01
    1.53765118e+00 1.11520445e+00 2.65463412e-01 -5.35114765e-01
    -3.54030192e-01 5.26369512e-01 -6.68752015e-01 1.30537891e+00
    9.44715500e-01 1.19991250e-01 7.85705626e-01 1.15714538e+00
    1.28129637e+00 4.09214139e-01 5.57853281e-01 9.44198370e-01
    3.66277955e-02 4.58848864e-01 1.20135796e+00 1.52837980e+00
    1.22299051e+00 1.00567567e+00 -1.13494791e-01 -4.33501065e-01
    7.51452625e-01 1.58299327e+00 -5.35962224e-01 2.19202474e-01
    -2.33180031e-01 -1.65449947e-01 -3.06828707e-01 1.11610389e+00
    -2.81077832e-01 1.19893277e+00 1.14552498e+00 9.13249791e-01
    -4.48829085e-01 1.42982376e+00 3.25818151e-01 2.89928824e-01
    1.41085517e+00 1.19640863e+00 1.43810058e+00 9.47520554e-01
    1.81579560e-01 3.04938227e-01 1.48531139e+00 2.24237218e-01
    5.85646331e-01 1.24595404e-01 -5.26613772e-01 3.38709533e-01
    7.80493677e-01 1.64453909e-01 -9.24206153e-02 2.62600601e-01
    2.59235024e-01 -3.12691205e-03 8.85468543e-01 5.17294526e-01
    -1.37752503e-01 7.24169016e-01 6.73470914e-01 1.72923446e+00
    2.26941518e-02 1.66189408e+00 1.33958399e+00 9.73123610e-01
    8.75597835e-01 -4.55091596e-01 1.40465164e+00 1.14196427e-01
    -4.87330586e-01 1.50907683e+00 -5.12060821e-01 1.22468330e-01
    -5.01351595e-01 1.09256685e+00 1.00701249e+00 2.98735857e-01
    -3.37713100e-02 3.58946443e-01 1.87687874e-01 -6.39617026e-01
    1.52936935e+00 5.50554276e-01 -6.45583332e-01 1.45595634e+00
    1.07544470e+00 1.32039475e+00 -6.87960684e-01 1.45918322e+00
    4.42875832e-01 -6.46914244e-01 1.18004811e+00 1.30443543e-01
    1.22671878e+00 -4.29397285e-01 6.42937198e-02 3.17148305e-02
    1.86578619e+00 5.00198781e-01 1.45718205e+00 7.00441301e-01
    -5.05739033e-01 8.87980759e-01 -3.21588546e-01 1.70480287e+00
    -5.64485788e-01 1.52193725e+00 2.66728997e-01 -7.24369884e-01
    1.53171360e+00 2.81560659e-01 3.98459584e-01 -3.04411381e-01
    -3.89078647e-01 4.75033820e-01 1.02368832e+00 9.95581567e-01
    3.14328790e-01 -7.07440257e-01 -3.18556577e-01 1.15070260e+00
    1.62735522e+00 1.65367401e+00 8.55277181e-01 1.43364596e+00
    -5.62736988e-01 9.08677578e-01 1.18286991e+00 1.20101786e+00
    8.65272343e-01 1.29397500e+00 1.24217999e+00 -5.35176098e-01
    1.12170792e+00 1.05179822e+00 -3.80575508e-01 -1.58792213e-01
    1.41253567e+00 5.59494972e-01 5.00868082e-01 1.09987307e+00
    1.81762055e-01 1.65463865e+00 2.60570228e-01 -7.33473122e-01
    3.28673691e-01 3.13850760e-01 1.44029689e+00 9.21870649e-01
    -2.22439498e-01 9.08610821e-01 -2.36347273e-01 4.73031342e-01
    -5.85340858e-01 4.02408421e-01 3.57741028e-01 1.76317084e+00
    -6.39565170e-01 1.56079412e+00 -5.03140092e-01 1.28967750e+00
    -5.24733424e-01 5.87184668e-01 9.73023355e-01 -1.45497650e-01
    6.41882420e-01 6.05050385e-01 1.76123905e+00 1.38990653e+00
    4.02260274e-01 7.54559636e-01 3.80865410e-02 3.18909466e-01
    -1.79088190e-01 3.63052100e-01 1.02946186e+00 1.07938552e+00
    -1.01843879e-01 -5.14289141e-01 8.79196703e-01 5.81301928e-01
    1.01202950e-01 1.29664040e+00 1.43859243e+00 3.22524793e-02
    1.67465770e+00 8.78670990e-01 7.14079261e-01 6.67921543e-01
    -1.68016210e-01 7.19510317e-01 8.41436982e-01 -7.09085986e-02
    9.64895308e-01 6.28680885e-01 -4.98064369e-01 1.57219231e+00
    -5.20143628e-01 8.76812696e-01 6.28252804e-01 1.53712130e+00
    -4.94539618e-01 3.28566432e-01 -2.19457477e-01 -1.79177150e-01
    7.12829411e-01 1.36177444e+00 1.73339283e+00 -5.42200822e-03
    -3.53581868e-02 6.50396645e-01 3.11585456e-01 4.99626070e-01
    -3.94621432e-01 6.08814508e-02 1.11106515e+00 1.45379686e+00
    8.79037321e-01 6.63385510e-01 -4.55886334e-01 9.52336967e-01
    2.29491200e-02 3.37879747e-01 1.29020119e+00 -1.07610933e-01
    1.18203473e+00 1.23822999e+00 1.13970272e-01 1.61748946e+00
    2.97550917e-01 -2.78109521e-01 3.14177781e-01 -9.20782611e-02
    7.62226641e-01 1.87953785e-01 -3.59563410e-01 2.96565890e-01
    -6.52725577e-01 -2.18315750e-01 8.44457820e-02 -6.45544350e-01
    -5.69397926e-01 -5.82746923e-01 4.49321479e-01 3.85623565e-03
    -5.37873745e-01 1.55933106e+00 7.92521894e-01 -2.36072794e-01
    4.39359874e-01 6.74397290e-01 -3.10908467e-01 1.53211690e-02
    1.48119795e+00 5.87300718e-01 -9.97593552e-02 1.05468655e+00
    -8.36495683e-02 4.36075151e-01 -5.03178686e-02 7.90666699e-01
    6.20148301e-01 3.34792346e-01 -3.92367244e-02 7.40039885e-01
    -6.96607947e-01 3.28810573e-01 2.20123038e-01 2.29628697e-01
    -1.84193090e-01 1.09300947e+00 1.30859447e+00 -7.39769280e-01
    6.85957789e-01 -4.44301516e-01 6.06761098e-01 1.04262747e-01
    3.36567551e-01 -4.20829475e-01 1.32043624e+00 1.09098709e+00
    -4.22585160e-01 1.37579548e+00 6.29943967e-01 -1.06560580e-01
    -6.71085656e-01 1.19570863e+00 1.60951352e+00 6.16919219e-01
    5.36599815e-01 1.42104113e+00 6.03353441e-01 3.85260671e-01
    5.60566187e-01 6.45969152e-01 5.11081100e-01 5.02366960e-01
    1.11300540e+00 2.35652611e-01 -3.55273008e-01 -3.75033259e-01
    2.12996453e-02 6.94025397e-01 1.45493281e+00 -1.25089556e-01
    4.72933888e-01 -6.89419582e-02 9.42341834e-02 1.12650943e+00
    1.65105641e+00 -2.21689984e-01 1.05639255e+00 1.46603775e+00
    -5.47088563e-01 9.39810038e-01 -4.26792711e-01 2.12322362e-03
    6.65538132e-01 -5.04786789e-01 2.71654189e-01 1.17637992e+00
    9.06656861e-01 -2.03116670e-01 -1.92883059e-01 5.60951471e-01
    3.20470244e-01 1.45594549e+00 -3.50635141e-01 3.28312933e-01
    -5.35983384e-01 4.60269392e-01 1.36798239e+00 -4.85100031e-01
    -2.70267487e-01 8.54667842e-01 8.66803110e-01 1.02027678e+00
    -4.01447356e-01 -1.10246353e-01 5.39497137e-01 1.16931522e+00
    1.28980291e+00 -1.55640408e-01 9.41266596e-01 5.78140080e-01
    8.43873918e-01 5.18610716e-01 1.02040745e-01 1.16151311e-01
    -5.06280303e-01 -5.05197287e-01 -2.17763167e-02 -5.95445037e-01
    -3.08081478e-01 3.44224781e-01 -1.60590768e-01 4.20808583e-01
    8.54129493e-01 -1.14791900e-01 8.43688548e-01 -5.16047478e-01
    -2.11566761e-02 -2.39658475e-01 9.43049788e-01 -1.56359926e-01
    -5.28001666e-01 1.22812605e+00 1.46684527e+00 6.71409070e-01
    1.24796283e+00 6.30587563e-02 6.47444546e-01 1.36719441e+00
    6.57577932e-01 2.86614835e-01 5.40936440e-02 -3.71865571e-01
    -4.22666579e-01 -2.63597518e-01 -1.14951089e-01 1.08830500e+00
    1.61823761e+00 2.77761459e-01 -2.14694262e-01 3.91924500e-01
    1.59576631e+00 3.51905584e-01 3.36566061e-01 1.48125529e+00
    1.03693211e+00 -7.26699948e-01 1.54180980e+00 -1.98708728e-01
    8.30493748e-01 1.59606910e+00 1.10703218e+00 -6.34299397e-01
    5.42642593e-01 -1.40293121e-01 -1.42100245e-01 1.65901273e-01
    -2.41670638e-01 1.48379457e+00 1.66739261e+00 -1.72082167e-02
    -2.10772187e-01 5.60129285e-01 1.70395064e+00 1.24420547e+00
    -4.28019196e-01 -5.32656670e-01 2.90622801e-01 -6.09130025e-01
    -5.37178516e-02 8.01003158e-01 -9.69266612e-03 2.14667648e-01
    8.81386280e-01 8.21442246e-01 1.31635511e+00 -6.52790815e-02
    1.24629021e+00 -5.94196953e-02 1.73243845e+00 1.99651051e+00
    1.07869089e+00 -5.68895400e-01 2.75748193e-01 4.74491358e-01
    1.11238337e+00 8.50347519e-01 6.26862288e-01 -4.89624351e-01
    -4.40490812e-01 8.02588463e-01 -1.23244621e-01 7.35665321e-01
    1.08338320e+00 1.13838720e+00 -8.58917952e-01 1.38568914e+00
    -5.28573990e-01 5.28317727e-02 -6.08872831e-01 1.28665900e+00
    1.07493174e+00 1.37401998e+00 1.00948715e+00 7.64738619e-01
    1.58058500e+00 1.53510916e+00 8.06512713e-01 3.86288732e-01
    2.66252756e-01 1.53705096e+00 1.38966763e+00 -2.85762012e-01
    -4.08802003e-01 1.66707051e+00 1.73977065e+00 7.01597452e-01
    -4.66992170e-01 1.02527463e+00 6.99839652e-01 9.01030838e-01
    7.18777895e-01 -7.00956047e-01 7.44489908e-01 -2.17522793e-02
    -4.81305569e-01 1.24372327e+00 8.59298632e-02 2.32125312e-01
    8.57950032e-01 1.43610454e+00 -5.34021318e-01 3.56331855e-01
    8.77077460e-01 1.41118073e+00 -1.07114218e-01 1.55798346e-01
    5.53253710e-01 1.60413694e+00 -7.96385705e-02 8.43146563e-01
    6.85519338e-01 6.02021873e-01 1.46041095e+00 1.05039406e+00
    -1.59830227e-01 -3.51757228e-01 8.13374281e-01 -2.45086953e-01
    -5.69171190e-01 9.25259173e-01 4.19641495e-01 6.20560050e-01
    -1.65483907e-01 6.73048735e-01 4.04232889e-01 1.21969950e+00
    5.50775886e-01 -5.94220042e-01 5.98416813e-02 2.37995997e-01
    -3.50513369e-01 4.17151660e-01 1.28518605e+00 1.44297743e+00
    -5.11911213e-01 1.58690667e+00 8.57808292e-01 2.52973009e-02
    7.34305501e-01 1.26912475e+00 4.15930629e-01 -5.00681028e-02
    -6.55970514e-01 2.55472958e-01 -6.02175668e-02 -1.06758783e-02
    1.25658834e+00 1.03633332e+00 2.20860079e-01 1.55388033e+00
    -5.77695668e-01 -2.01262742e-01 3.61467972e-02 1.63718760e-01
    9.46672022e-01 8.29188943e-01 9.84417021e-01 4.29612041e-01
    2.41282970e-01 -4.08360183e-01 -5.89973092e-01 9.64814663e-01
    1.54313886e+00 8.78340065e-01 5.07865667e-01 -2.71970570e-01
    8.44809115e-01 -2.69767702e-01 1.45767939e+00 1.02781439e-02
    1.17593825e+00 -1.97210148e-01 4.58721846e-01 -6.21138692e-01
    -2.40497530e-01 1.20091128e+00 -5.67080602e-02 3.67088974e-01
    -6.77687109e-01 -3.72883439e-01 1.48100019e-01 1.48530817e+00
    -2.69151349e-02 -4.86978143e-01 5.09497225e-01 9.17136133e-01
    4.86982197e-01 6.54627144e-01 5.40004969e-01 7.32319281e-02
    1.58627284e+00 2.81298049e-02 -2.59732574e-01 1.30478132e+00
    -1.02411263e-01 1.00752938e+00 6.57453954e-01 -2.87778974e-01
    9.80416477e-01 1.60023093e-01 7.63790369e-01 -5.25891662e-01
    5.33127427e-01 1.79746175e+00 3.09403092e-01 1.68620443e+00
    6.15124404e-01 -4.60479498e-01 1.61487675e+00 4.63345557e-01
    6.97706044e-01 9.30399448e-03 1.22260070e+00 1.94683671e-01
    6.65597022e-01 -2.82210737e-01 9.11280215e-01 8.04583490e-01
    1.44074464e+00 -2.32210755e-01 3.96437496e-01 6.28015220e-01
    -7.24723518e-01 3.63659173e-01 1.30264723e+00 1.22293484e+00
    1.09180093e+00 2.19111666e-01 -6.07334137e-01 -2.88707495e-01
    1.59165800e+00 -5.25087267e-02 1.50117719e+00 4.79343832e-02
    2.03239143e-01 6.98073566e-01 -5.16893327e-01 -4.20681745e-01
    1.22632849e+00 -4.13089059e-02 4.44170296e-01 5.47210760e-02
    -1.35458648e-01 -3.17607045e-01 1.27423632e+00 2.47213483e-01
    1.42419946e+00 1.08001995e+00 1.50071347e+00 -4.50337827e-02
    7.63188349e-03 -2.97991574e-01 6.38675749e-01 1.34620714e+00
    -5.33911735e-02 -2.37233937e-01 1.70029497e+00 -5.66803157e-01
    6.57223463e-02 1.22111285e+00 5.88430226e-01 7.89089680e-01
    5.28246284e-01 -4.83672559e-01 -6.71021687e-03 3.24555099e-01
    -2.27117509e-01 -3.43508422e-01 -5.86144745e-01 -7.26500034e-01
    7.22758472e-01 1.24317777e+00 9.73654270e-01 4.53585267e-01
    1.60212278e+00 -8.62064660e-01 -4.76263195e-01 1.03070188e+00
    4.05535638e-01 1.00968075e+00 1.54558921e+00 9.27627981e-01
    -1.02970354e-01 -3.74465406e-01 4.44318473e-01 1.08373180e-01
    1.03508592e+00 6.87399507e-01 6.52918220e-02 -2.78602719e-01
    6.20095015e-01 1.72068083e+00 3.22083950e-01 -5.64414144e-01
    1.06241977e+00 1.22966897e+00 -5.85515559e-01 1.91965565e-01
    1.45149207e+00 1.23325968e+00 1.03427984e-01 3.91937315e-01
    -7.02254772e-01 -1.59979776e-01 8.23146999e-01 2.16492653e+00
    9.28881347e-01 1.50864220e+00 1.49844003e+00 4.40686196e-01
    -2.98296571e-01 -6.57458067e-01 6.63967669e-01 -4.45299447e-01
    1.41011715e+00 3.90460044e-02 -5.87337077e-01 5.88555038e-01
    1.35215962e+00 7.30994284e-01 1.27260613e+00 1.03925371e+00
    -5.03194571e-01 1.70890510e+00 1.16062033e+00 3.61007661e-01
    5.39515138e-01 1.31390166e+00 6.31976962e-01 -8.04628525e-03
    2.58854896e-01 -2.00106785e-01 6.43936813e-01 1.26593575e-01
    1.57828033e+00 5.92467248e-01 1.54671997e-01 -1.48274332e-01
    1.56277370e+00 5.70098981e-02 1.24330568e+00 -3.57664466e-01
    -5.26439190e-01 1.49031615e+00 -4.75067168e-01 7.84334481e-01
    1.41391718e+00 1.58322144e+00 2.34322742e-01 1.45545805e+00
    7.10371137e-01 8.04249465e-01 -3.34636927e-01 1.56058252e-01
    -7.80952573e-02 -2.05313548e-01 1.44202530e+00 1.50640154e+00
    1.15923715e+00 -1.21349841e-01 8.59432817e-02 1.04669428e+00
    1.35883057e+00 -1.72455713e-01 -6.51705980e-01 -4.14343178e-01
    1.57248044e+00 1.23501182e+00 4.40352648e-01 -2.17226803e-01
    1.65595245e+00 -2.39692152e-01 1.32402527e+00 1.44936705e+00
    1.02785456e+00 3.52133960e-01 1.48851848e+00 1.47837341e+00
    1.17285788e+00 -5.59243143e-01 6.35635793e-01 1.43381011e+00
    3.92437637e-01 8.92683744e-01 7.10347295e-01 -5.20800591e-01
    1.74065530e+00 6.88919008e-01 -5.76303780e-01 2.80752271e-01
    8.76581445e-02 1.60193264e+00 -8.30380380e-01 1.25884008e+00
    1.11453676e+00 -8.28297958e-02 6.42670631e-01 1.69110763e+00
    -5.94124258e-01 1.12655938e+00 3.20749789e-01 4.41105306e-01
    -7.50034750e-02 1.54653788e-01 1.50583351e+00 5.84864199e-01
    8.27295125e-01 1.53416753e+00 5.78467071e-01 4.58868682e-01
    9.15856123e-01 -1.95242330e-01 1.37656653e+00 6.55937254e-01
    -3.37576598e-01 8.74527097e-01 1.60895598e+00 1.29798341e+00
    -1.05629966e-01 -7.00500548e-01 7.75663078e-01 -3.55092466e-01
    -2.89453655e-01 1.37202680e+00 -2.66403735e-01 -4.20678705e-01
    6.03114784e-01 -3.03605944e-01 -4.03705627e-01 -2.04944201e-02
    2.76591003e-01 1.08300507e+00 1.58913955e-01 1.36597180e+00
    3.68693382e-01 1.62438893e+00 1.24990737e+00 1.09703086e-01
    -5.97488619e-02 1.48807180e+00 4.08227593e-01 1.21809751e-01
    1.33375943e+00 4.42910999e-01 4.02802408e-01 7.00705349e-01
    -6.41023636e-01 4.76425588e-01 2.71640122e-01 1.75619144e-02
    -6.28681600e-01 -8.38673674e-03 -1.16240114e-01 9.03443933e-01
    9.42998827e-01 1.30827725e+00 -3.45008999e-01 3.94683421e-01
    6.37614727e-01 -6.20100856e-01 1.71637237e+00 1.15331225e-01
    7.67169297e-02 -3.99611473e-01 -5.40429913e-02 3.98410201e-01
    -7.22354054e-02 1.18728161e+00 5.15254617e-01 5.17568707e-01
    -5.70939541e-01 6.62998080e-01 1.29140091e+00 -6.32642925e-01
    -1.65681466e-02 9.42805767e-01 6.64724231e-01 1.33854461e+00
    1.39518273e+00 -4.96826142e-01 -4.58212227e-01 -7.42545903e-01
    1.60652244e+00 -2.07786441e-01 5.62481761e-01 -4.41761494e-01
    -4.81789798e-01 1.11047339e+00 1.82861552e-01 1.58167088e+00
    -1.35727018e-01 6.37169540e-01 6.34221435e-01 8.02365005e-01
    -2.73179799e-01 -2.62142867e-01 7.12573647e-01 1.39836538e+00
    4.48158145e-01 1.39649081e+00 -4.02202696e-01 9.89148378e-01
    1.24161816e+00 1.04750423e-02 -3.82864803e-01 1.21751738e+00
    6.33064091e-01 7.04916298e-01 1.04873016e-01 1.08414817e+00
    1.13840258e+00 1.36600411e+00 9.12581086e-01 1.45609701e+00
    8.28810036e-01 -2.34804437e-01 1.60871148e+00 -6.83269560e-01
    -3.76158059e-02 -2.45562658e-01 1.06849992e+00 -4.63025451e-01
    1.19103587e+00 7.88879216e-01 3.22916031e-01 3.44016522e-01
    1.28767478e+00 8.94490600e-01 4.29335356e-01 9.19690073e-01
    6.33213043e-01 1.32575250e+00 1.49853337e+00 1.38054860e+00
    1.16849530e+00 -5.44354260e-01 4.78661694e-02 6.60975397e-01
    -1.72610767e-02 5.29883027e-01 -1.40380114e-01 3.67910713e-01
    -5.66571116e-01 -3.86700869e-01 3.90188277e-01 1.09804380e+00
    -7.03240752e-01 -3.07543784e-01 1.40489268e+00 -2.14973301e-01
    1.92711409e-02 5.71330130e-01 9.94931400e-01 2.00966105e-01
    3.37202191e-01 -5.08537412e-01 1.54846585e+00 5.45972228e-01
    1.05427134e+00 -4.48682129e-01 5.06859601e-01 1.48446846e+00
    5.37619233e-01 1.25976503e+00 1.22956419e+00 2.98133671e-01
    9.47590053e-01 3.73497695e-01 5.50471246e-01 2.54756343e-02
    -4.62097049e-01 1.29718876e+00 -3.32875490e-01 2.12770432e-01
    5.72922766e-01 7.24441469e-01 3.04228634e-01 -3.23877335e-01
    4.54881459e-01 -7.61339441e-03 -5.20683169e-01 -4.78025079e-01
    1.50949967e+00 -5.72833061e-01 -2.74791360e-01 2.92985260e-01
    4.70232666e-01 1.02815795e+00 -4.72016364e-01 9.24695551e-01
    1.24449086e+00 1.33185947e+00 -5.02369940e-01 1.65168107e-01
    6.50761783e-01 -3.36678810e-02 1.79476187e-01 2.75346618e-02
    1.29686534e+00 -2.58639306e-01 -4.93174717e-02 -1.66394040e-01
    -5.07522941e-01 1.18192840e+00 1.55744147e+00 8.38727891e-01
    6.36089861e-01 -3.72869700e-01 1.29230034e+00 -3.04500967e-01
    -2.56667137e-01 1.80074298e+00 -1.09185196e-01 7.99337089e-01
    1.30332816e+00 7.79143155e-01 -6.70208693e-01 1.48109186e+00
    1.53959107e+00 1.38400710e+00 1.31288743e+00 -1.91095751e-02
    -3.32075834e-01 1.10013032e+00 -3.60877544e-01 1.33005345e+00
    -3.54231715e-01 7.42922127e-02 -1.13160446e-01 7.53559232e-01
    4.31286722e-01 4.01003629e-01 -2.49086052e-01 1.12038672e+00
    1.02208033e-01 1.30591142e+00 8.07380319e-01 -3.96023244e-02
    1.23882103e+00 1.13996041e+00 8.63932848e-01 1.49481606e+00
    3.73392329e-02 -9.03646573e-02 8.53751540e-01 1.50126600e+00
    1.14419746e+00 1.41933537e+00 -1.60444845e-02 1.34780443e+00
    -4.59196210e-01 1.41901052e+00 1.23734725e+00 8.53383660e-01
    1.41551399e+00 1.41757333e+00 -5.85741997e-02 -5.34850299e-01
    1.05317080e+00 1.18149173e+00 8.20992813e-02 -6.48028031e-02
    8.88502359e-01 -2.63031304e-01 1.30850470e+00 -8.10889676e-02
    5.42783082e-01 -3.71937901e-01 1.05606353e+00 1.61008286e+00
    5.78050971e-01 1.01564670e+00 -6.29513204e-01 6.42785847e-01
    6.96640790e-01 1.18374419e+00 3.58406931e-01 -1.32146329e-01
    6.18395209e-01 7.02635288e-01 1.33930850e+00 4.12560076e-01
    1.21652830e+00 -2.82421976e-01 5.07816374e-01 -3.06717575e-01
    5.83242953e-01 1.03824461e+00 -2.04641968e-02 -1.31832018e-01
    1.52483225e+00 5.10524869e-01 9.16926265e-01 1.09724355e+00
    -2.31312901e-01 1.13419747e+00 -7.31087802e-03 8.94064486e-01
    -1.95290670e-01 8.49769652e-01 1.05574083e+00 1.03168619e+00
    1.02755105e+00 1.73861670e+00 -3.17496389e-01 3.84936661e-01
    1.73754060e+00 7.28538692e-01 1.72381651e+00 8.13430488e-01
    7.28826284e-01 3.56758356e-01 -5.63058913e-01 -3.79356802e-01
    2.68409908e-01 3.12461942e-01 -4.75713313e-01 9.84288454e-01
    1.33028734e+00 -1.23226233e-01 1.05213571e+00 -1.54378535e-02
    8.47042561e-01 2.55836368e-01 -1.43634318e-03 2.54863173e-01
    5.57902932e-01 1.10757923e+00 1.23496854e+00 1.64601707e+00
    7.60087192e-01 5.39556861e-01 2.70528138e-01 -6.75237119e-01
    1.46707237e+00 -2.96031266e-01 1.64285243e-01 7.73950815e-01
    5.06931484e-01 4.27487046e-01 8.24903965e-01 8.79379809e-01
    1.32007921e+00 1.33602202e+00 7.08912253e-01 1.47738624e+00
    1.44793308e+00 1.38337576e+00 -1.29513577e-01 1.17819571e+00
    1.55571473e+00 6.52198613e-01 9.35631573e-01 1.69542968e+00
    -1.56563699e-01 6.02805018e-01 9.94009197e-01 1.42899597e+00
    1.06273198e+00 9.66601968e-01 5.01352213e-02 1.29995096e+00
    -6.30202115e-01 1.10355151e+00 1.25370502e+00 1.11011767e+00
    1.56966352e+00 -2.40104243e-01 -3.72026920e-01 6.48361087e-01
    -3.70043427e-01 -2.44795710e-01 1.59670842e+00 -4.41876471e-01
    1.17782307e+00 1.15794361e+00 1.65345287e+00 -5.99377930e-01
    6.61859453e-01 1.70677185e+00 -1.16355985e-01 1.04922938e+00
    -2.49591962e-01 -2.28532940e-01 4.37696129e-02 1.24773788e+00
    -4.47016180e-01 1.56385064e+00 -1.95695594e-01 1.04862988e+00
    -6.87763214e-01 3.30082566e-01 6.28019154e-01 9.42746878e-01
    1.40717745e+00 1.75512403e-01 1.53234315e+00 -2.00346842e-01
    1.01687300e+00 1.13702345e+00 5.58314919e-01 1.19369066e+00
    1.11973667e+00 9.17018890e-01 1.66820824e+00 4.49515581e-01
    5.24427652e-01 1.29398715e+00 1.72597814e+00 3.03262323e-01
    1.23527676e-01 -3.50105196e-01 -3.10582906e-01 9.85065579e-01
    6.74973845e-01 2.87011504e-01 1.61214793e+00 2.41874123e+00
    5.42966187e-01 8.52990031e-01 1.14150679e+00 1.00840259e+00
    1.32524538e+00 -7.24872127e-02 1.09193087e+00 5.23000598e-01
    1.58687103e+00 4.82221305e-01 3.64497364e-01 3.42287004e-01
    1.67742276e+00 8.39837849e-01 4.72386807e-01 7.71699727e-01
    4.92135853e-01 4.91278917e-01 1.16031140e-01 8.27560663e-01
    -3.32171589e-01 1.53944862e+00 -3.32735144e-02 -5.48498929e-01
    -6.11131608e-01 -1.38907835e-01 1.40698743e+00 6.19113088e-01
    -1.84175462e-01 5.88410795e-01 1.36006343e+00 4.97194111e-01
    -1.89654663e-01 6.57076299e-01 1.09248877e+00 8.99353862e-01
    1.33099198e+00 3.05800661e-02 1.08559036e+00 1.24937332e+00
    1.61238801e+00 -2.40067422e-01 -6.95672631e-01 9.04498398e-01
    -2.13704422e-01 -4.99621332e-01 3.21059018e-01 7.77334332e-01
    8.28624189e-01 -5.21456778e-01 -4.99788791e-01 -5.86095750e-01
    3.88711005e-01 6.78388894e-01 5.82808018e-01 -8.10500920e-01
    -1.79520726e-01 1.21874130e+00 6.96828425e-01 -1.73983499e-02
    6.14523925e-02 5.20451248e-01 1.49352252e+00 9.79697928e-02
    7.38026083e-01 -4.96880934e-02 1.20492208e+00 -6.26206994e-01
    1.63336682e+00 -2.08628029e-01 1.04267180e+00 6.40880130e-03
    1.47489452e+00 8.68821621e-01 -4.11984265e-01 5.80950201e-01
    1.52853394e+00 5.64662397e-01 -4.35346544e-01 3.53308350e-01
    -2.44446561e-01 -3.77433717e-01 -5.49724221e-01 2.08208025e-01
    8.53812933e-01 -7.83543706e-01 1.51168513e+00 -1.24936610e-01
    -7.50700057e-01 1.59179628e+00 -5.77060342e-01 -1.35851828e-02
    4.43885475e-02 -9.42269787e-02 1.28115666e+00 6.54863536e-01
    1.19435632e+00 1.39436066e+00 -3.35354805e-01 1.16654968e+00
    1.50019288e+00 5.68938255e-01 5.99978626e-01 1.36097622e+00
    4.32164699e-01 1.22035098e+00 1.91777349e-02 9.33396757e-01
    1.19491577e+00 1.57989457e-01 8.44917715e-01 -7.74537325e-01
    1.61374331e+00 8.73549640e-01 -7.48477951e-02 1.72754514e+00
    3.17761809e-01 1.06131923e+00 3.96664917e-01 1.38621080e+00
    8.05753648e-01 1.08541012e+00 7.99225092e-01 1.41132236e+00
    8.11491728e-01 4.38293546e-01 5.10129154e-01 2.24816456e-01
    1.03121722e+00 2.24325657e-01 1.23000956e+00 9.30230916e-01
    -1.52475581e-01 1.05538130e+00 1.46002579e+00 1.67778397e+00
    -9.33841453e-04 1.61855233e+00 6.06274545e-01 -5.97913563e-01
    1.33635783e+00 -1.24253519e-01 3.93666893e-01 -5.68827152e-01
    7.98411429e-01 1.95900902e-01 6.65380776e-01 8.37149397e-02
    1.49628937e-01 2.63452441e-01 9.44379866e-01 1.41014469e+00
    9.38196421e-01 5.65492868e-01 4.08422500e-01 8.22141707e-01
    -4.80618745e-01 -2.54386067e-01 1.31347311e+00 1.20473003e+00
    -4.85308208e-02 1.42745841e+00 1.55136895e+00 1.16758204e+00
    1.40723085e+00 -1.70250431e-01 -3.17517251e-01 4.83799934e-01
    8.08802247e-01 1.68842161e+00 1.32839873e-01 -2.40997449e-01
    1.74793994e+00 -2.62197644e-01 1.55023396e+00 7.46092498e-01
    1.14786363e+00 5.65986693e-01 1.64209807e+00 1.50553599e-01
    -1.68389767e-01 1.39754379e+00 -1.94877982e-01 -2.63681710e-01
    1.18857753e+00 1.49956214e+00 -6.26699984e-01 9.28675056e-01
    -1.24012800e-02 -6.55952156e-01 9.56622660e-01 -4.17842604e-02
    6.30704388e-02 8.20182487e-02 1.48299539e+00 -4.23920840e-01
    3.57142925e-01 -3.99275124e-02 3.10751557e-01 1.12018157e-02
    4.14541036e-01 -4.91572201e-01 1.51414180e+00 -5.16031742e-01
    1.31138539e+00 9.06010211e-01 1.31451398e-01 1.02740824e+00
    1.07150209e+00 4.72830862e-01 8.91454220e-01 1.51921320e+00
    1.35408318e+00 2.41581216e-01 1.96883738e-01 -2.72391021e-01
    1.53066611e+00 6.44356370e-01 3.70474935e-01 -6.09758556e-01
    8.35813999e-01 7.31986225e-01 9.52577293e-01 7.08727717e-01
    1.48298931e+00 -1.32038444e-01 -2.01135844e-01 3.34720165e-01
    6.76155448e-01 1.23230171e+00 9.89340484e-01 9.33900058e-01
    5.17483652e-01 5.15322864e-01 1.16525507e-02 -1.27304688e-01
    1.41748619e+00 1.36408758e+00 9.53834534e-01 7.27438509e-01
    1.54721606e+00 1.29250026e+00 -2.20264137e-01 3.68000507e-01
    1.62898466e-01 7.50301659e-01 2.04243243e-01 -2.50832886e-01
    -2.06612721e-01 1.11992967e+00 5.94881475e-01 -4.12715316e-01
    7.69568801e-01 1.10379934e+00 6.16186678e-01 2.44165444e+00
    1.10083604e+00 1.21767497e+00 -1.86660841e-01 2.34534159e-01
    1.55308318e+00 -7.43959188e-01 3.11322242e-01 1.32654941e+00
    6.41608000e-01 -5.74073434e-01 -5.60263097e-01 -1.84811115e-01
    -1.80158541e-01 7.74562418e-01 1.36177552e+00 1.07295191e+00
    -4.95536655e-01 9.86888230e-01 1.54476905e+00 1.14692092e+00
    -4.18078572e-01 1.11142075e+00 1.28776634e+00 3.71662676e-01
    7.10042119e-01 1.60357046e+00 7.10798621e-01 -6.79134667e-01
    1.36566138e+00 -1.34057641e-01 -2.59533674e-01 -9.33182687e-02
    1.43292212e+00 8.02969337e-02 -1.74428672e-01 2.35015035e-01
    1.75248373e+00 -5.19261599e-01 -4.60427016e-01 -7.83597901e-02
    -2.59035379e-01 1.51530218e+00 -2.69769371e-01 1.34831083e+00
    1.72438216e+00 -6.67714179e-01 1.31440902e+00 5.00969410e-01
    4.39202897e-02 1.59553766e+00 6.87334001e-01 -3.19108903e-01
    2.76445180e-01 1.26279926e+00 1.49443841e+00 9.60681915e-01
    8.25939178e-01 4.59332973e-01 -2.43698299e-01 1.48074836e-01
    8.53287578e-01 -2.05643430e-01 1.58223045e+00 2.86631405e-01
    -5.56693554e-01 9.29775238e-01 1.58473596e-01 1.08049691e+00
    -5.38070738e-01 2.94316083e-01 -4.07529116e-01 -4.84218955e-01
    -2.02907294e-01 5.68591475e-01 1.99959591e-01 1.03722811e+00
    8.11937869e-01 -6.34205043e-01 -3.39387357e-01 -5.90146124e-01
    5.73216617e-01 1.66739440e+00 9.72510159e-01 -1.99012160e-01
    1.24424553e+00 3.16211015e-01 1.53932989e+00 1.03740311e+00
    3.76695335e-01 4.81725395e-01 1.38649631e+00 6.33324504e-01
    -6.44480467e-01 -3.13903689e-01 1.16295207e+00 1.01712607e-01
    -6.82064056e-01 -1.74689069e-01 5.74359477e-01 -2.92284042e-01
    6.42468452e-01 7.81227708e-01 3.03139776e-01 1.20050859e+00
    -4.47390407e-01 1.62172258e+00 4.06422913e-01 -8.17196012e-01
    1.15434563e+00 1.61031318e+00 2.62442738e-01 1.51652372e+00
    6.00892246e-01 9.27179933e-01 -1.00000277e-01 -6.71837926e-01
    1.37115479e+00 1.49316204e+00 1.16536677e+00 9.43722188e-01
    7.65692949e-01 1.50676060e+00 3.74710485e-02 -1.45094126e-01
    -5.61594546e-01 1.17669618e+00 7.51568198e-01 -2.25493863e-01
    -2.99718291e-01 1.99091926e-01 1.01275253e+00 1.12100244e+00
    1.18777442e+00 -2.95935005e-01 6.23876035e-01 -4.99287456e-01
    6.26041710e-01 1.15262079e+00 9.22705010e-02 3.04487675e-01
    1.49950433e+00 4.65523675e-02 9.98546779e-01 1.02473617e+00
    1.17707098e+00 -2.32378719e-03 2.72601247e-01 -5.37992775e-01
    3.23705405e-01 -3.05492997e-01 4.64222938e-01 -3.97296458e-01
    -1.58194423e-01 1.40749228e+00 -2.92726845e-01 1.40134132e+00
    5.69237590e-01 -5.37824214e-01 -2.58773297e-01 9.15961061e-03
    7.90857136e-01 9.55206811e-01 -3.65001112e-01 -7.15238929e-01
    8.16739738e-01 -7.02264488e-01 4.45160061e-01 7.85134912e-01
    1.14122486e+00 1.26804411e+00 -5.12029827e-01 -5.22899628e-01
    -6.57698929e-01 3.27139050e-01 9.85967338e-01 1.29307342e+00
    -6.01676404e-01 2.90415194e-02 -4.74308692e-02 1.57239258e+00
    9.12131786e-01 -1.64080173e-01 1.38534233e-01 1.23967791e+00
    8.19036841e-01 6.42655849e-01 2.94139646e-02 4.44034308e-01
    1.26672173e+00 -5.31205475e-01 7.68071830e-01 1.58058763e+00
    1.52822590e+00 4.38738525e-01 -6.82337165e-01 1.02732098e+00
    -4.99129891e-01 9.86352861e-01 2.35430062e-01 1.53636873e-01
    9.03322518e-01 5.19494057e-01 -7.08362877e-01 9.53840435e-01
    -6.79684997e-01 1.61776066e+00 -3.66890728e-01 1.41036224e+00
    1.25648665e+00 5.12154736e-02 -6.18203938e-01 3.24626744e-01
    1.11015356e+00 7.34501898e-01 1.45196652e+00 8.72787297e-01
    7.57498682e-01 8.82666409e-01 1.36044669e+00 1.48414993e+00
    9.20692742e-01 -2.62619376e-01 1.92562148e-01 9.37932491e-01
    1.08595347e+00 2.34099716e-01 2.14742810e-01 1.07043505e+00
    5.70289850e-01 3.55140775e-01 1.56913173e+00 -4.61100675e-02
    1.05223691e+00 4.67582643e-02 6.74810588e-01 1.06248116e+00
    1.08172417e+00 2.01232240e-01 -6.16202056e-01 6.12083636e-02
    1.18917215e+00 2.00521439e-01 4.53051090e-01 -5.17568365e-02
    -5.08314259e-02 9.04440403e-01 9.55341637e-01 2.69932121e-01
    -5.38596511e-01 1.70962602e-01 -5.73595583e-01 6.14449084e-01
    5.41412473e-01 6.66851997e-01 -2.11853132e-01 2.33100224e+00
    -5.12071013e-01 1.20790601e+00 1.22950904e-01 -7.83443749e-02
    1.17104781e+00 1.41152084e+00 -1.06560171e-01 1.23570216e+00
    1.17674994e+00 5.53531609e-02 1.12610793e+00 -5.46037734e-01
    5.92395365e-01 -2.22189710e-01 1.04487467e+00 3.63321424e-01
    6.27392948e-01 1.21922851e+00 -6.53619349e-01 -6.26937628e-01
    -2.65906632e-01 6.59054220e-01 -3.17716926e-01 3.90849799e-01
    2.87140042e-01 1.81153774e-01 7.64127553e-01 1.38299406e-01
    4.56352204e-01 -4.33095902e-01 1.43120372e+00 9.25224185e-01
    3.86573792e-01 -3.71258020e-01 -1.40648142e-01 -1.42240167e-01
    9.45191979e-01 -6.24234555e-03 1.67175364e+00 1.12883282e+00
    7.37815857e-01 4.84245360e-01 8.50941420e-01 8.08836758e-01
    6.58512175e-01 4.85663563e-02 -5.38463175e-01 1.30003273e+00
    -3.71024236e-02 1.18773603e+00 7.69744396e-01 2.40048155e-01
    8.60029101e-01 -2.29796484e-01 -3.73003148e-02 8.18369925e-01
    -7.31559813e-01 1.00425994e+00 -2.63899982e-01 -2.47824013e-01
    1.12261486e+00 1.29071856e+00 4.97058392e-01 1.64523065e+00
    1.02248228e+00 -5.88773847e-01 5.37340820e-01 -5.78912675e-01
    -9.70136002e-02 1.17254162e+00 -3.13071579e-01 1.76484907e+00
    1.30678976e+00 1.20616794e+00 1.62528288e+00 -4.57650453e-01
    -5.33679605e-01 1.63501573e+00 1.55383289e-01 1.62314463e+00
    1.59937787e+00 1.45341098e+00 -2.17832342e-01 1.05850410e+00
    -3.00892349e-03 3.24814081e-01 1.30013335e+00 4.40636724e-01
    -1.09553993e-01 1.27649701e+00 -1.56017900e-01 6.24332309e-01
    -6.46719337e-01 9.70264316e-01 -1.63270369e-01 4.75629240e-01
    5.31714082e-01 -1.42093614e-01 1.58708155e+00 -4.16640518e-03
    3.12264226e-02 -2.31918003e-02 -7.23210692e-01 6.49269640e-01
    7.77551234e-01 1.38637519e+00 -8.01417112e-01 1.23042572e+00
    2.28403822e-01 1.42628938e-01 6.26746416e-01 3.43884110e-01
    1.58144414e+00 1.48152888e+00 -6.12812221e-01 -2.10298404e-01
    5.21112263e-01 3.99025619e-01 1.28658378e+00 -4.90881860e-01
    -7.79420614e-01 4.38106537e-01 6.31881893e-01 1.43017626e+00
    -3.75846699e-02 -5.55448294e-01 5.07202268e-01 1.73423278e+00
    2.98767656e-01 -7.67874941e-02 -6.72109723e-01 -3.47309798e-01
    2.31675059e-01 1.11473501e-01 3.59030515e-01 -1.74869835e-01
    1.50531459e+00 -5.26365459e-01 -1.96696296e-02 5.05252779e-01
    5.97597063e-01 -4.69462648e-02 -5.17189264e-01 9.94185880e-02
    7.51387715e-01 1.54883289e+00 -4.19087857e-01 2.33627021e-01
    1.07609189e+00 1.55092084e+00 1.69538450e+00 1.16212153e+00
    -5.54051697e-01 4.45002705e-01 1.45161808e+00 1.00125396e+00
    2.41007656e-01 -3.51788521e-01 1.30455017e+00 6.14270747e-01
    4.75018501e-01 1.20458210e+00 -2.65908465e-02 -6.81684554e-01
    1.50892806e+00 -5.19238889e-01 -5.73334694e-01 1.20732927e+00
    1.19342256e+00 -7.55686939e-01 1.97726656e-02 6.67622387e-01
    1.10167432e+00 -3.86757314e-01 1.48772407e+00 9.05473650e-01
    1.32070386e+00 -4.48978394e-01 1.31623340e+00 8.63191545e-01
    -4.90049869e-01 6.98649883e-01 1.44628274e+00 -4.01509941e-01
    4.85666782e-01 1.61926806e+00 -4.14353944e-02 1.62858665e-01
    5.03340840e-01 6.84234977e-01 -4.56619710e-01 -3.95562798e-01
    -4.88432556e-01 1.45453882e+00 1.26439679e+00 -4.15052354e-01
    1.63448298e+00 1.61541462e-01 1.32802403e+00 9.98483181e-01
    1.56562829e+00 7.29721427e-01 -3.09154361e-01 7.63899803e-01
    -2.13683367e-01 -1.27239078e-01 3.53118628e-01 6.38986945e-01
    -2.20387191e-01 2.64765382e-01 7.70577073e-01 -4.30102944e-01
    1.16553783e+00 9.52565312e-01 -9.04135466e-01 1.61448276e+00
    -4.42531466e-01 2.51877755e-01 -8.19569919e-03 4.15495694e-01
    -7.18883872e-01 1.04667199e+00 2.31906280e-01 -5.53043485e-01
    -1.98718935e-01 9.90638554e-01 -4.66196716e-01 -4.08665508e-01
    6.12556696e-01 1.52063262e+00 6.30485713e-02 -1.35064110e-01
    -4.55362618e-01 7.86901116e-01 1.67545962e+00 1.27687299e+00
    7.68087268e-01 1.04511544e-01 -8.65283087e-02 1.99894726e-01
    -8.00588056e-02 -5.23345806e-02 -2.46632650e-01 1.08532834e+00
    1.51521420e+00 1.62468016e+00 -1.65790856e-01 1.65220928e+00
    3.65185887e-01 2.89972305e-01 -5.58804274e-01 8.23865592e-01
    1.48985517e+00 -5.29966533e-01 -1.64790779e-01 2.79527813e-01
    1.42477500e+00 1.13916588e+00 8.55391622e-01 3.82925481e-01
    1.09389961e+00 -6.32941127e-01 1.16055393e+00 1.34385556e-01
    1.30962193e+00 1.50741529e+00 1.59929001e+00 -6.60503745e-01
    2.24899709e-01 -2.65521079e-01 -4.28588122e-01 2.13762328e-01
    -1.13660665e-02 4.65728492e-01 1.37767482e+00 -4.91786450e-01
    1.78302526e+00 -1.38647303e-01 -3.35426688e-01 -8.28274041e-02
    5.38340032e-01 -7.18296826e-01 1.46262729e+00 6.24041557e-01
    1.33365154e+00 1.45337403e+00 -3.58857781e-01 1.79843235e+00
    -5.83054079e-03 5.21316640e-02 4.97293510e-02 4.12039101e-01
    -1.81641251e-01 2.62815565e-01 1.59734368e+00 1.33033955e+00
    1.20500636e+00 -2.94789791e-01 -3.36967230e-01 -3.60955566e-01
    1.05141973e+00 -3.08932245e-01 9.03827846e-01 -6.21266961e-01
    1.29679096e+00 -2.53712654e-01 -3.31287012e-02 -5.83850086e-01
    1.60261393e+00 4.12853569e-01 3.13507885e-01 1.35646379e+00
    1.62106299e+00 -1.86745189e-02 3.92287105e-01 7.62936294e-01
    1.02797210e+00 6.53336227e-01 -2.56462485e-01 -8.02539587e-01
    9.05276060e-01 -1.57980174e-01 1.52330923e+00 1.50039625e+00
    -7.91185871e-02 3.09991688e-01 1.00490898e-01 -5.25385916e-01
    1.76849711e+00 1.64994135e-01 2.30248615e-01 1.54398131e+00
    4.52625185e-01 3.32088798e-01 1.24804258e+00 1.10006118e+00
    1.40941167e+00 -1.58672526e-01 1.45560294e-01 -5.01272321e-01
    6.17427111e-01 1.58175409e+00 4.93268847e-01 -2.48539865e-01
    5.47566451e-02 6.07407093e-01 4.37145084e-01 7.83000767e-01
    4.43559974e-01 1.48872399e+00 8.74395072e-02 -3.61480206e-01
    8.32061350e-01 1.21270692e+00 9.52112019e-01 -4.82422382e-01
    1.01704049e+00 1.55935788e+00 1.15296292e+00 1.49618670e-01
    1.54477668e+00 1.01649857e+00 1.08450818e+00 6.49876222e-02
    -2.50394464e-01 -3.67384434e-01 1.03158057e+00 -2.37184986e-01
    -3.76275182e-01 -3.95306647e-01 4.83456194e-01 9.29365456e-01
    1.70568168e+00 2.84406394e-01 1.61615002e+00 -3.87536198e-01
    1.65147817e+00 -1.73966780e-01 -6.69089437e-01 1.29451001e+00
    8.78185511e-01 1.06761932e+00 8.57494414e-01 -2.91202426e-01
    6.34101450e-01 5.86757421e-01 -1.74361244e-01 1.14003885e+00
    1.49643540e+00 -1.97116971e-01 1.03289433e-01 -1.30611435e-01
    -5.73917292e-02 5.72177172e-01 1.32047284e+00 1.24265897e+00
    1.29787660e+00 -2.35022798e-01 1.01179272e-01 1.20146883e+00
    4.99426872e-01 5.27005553e-01 9.90375221e-01 6.59949660e-01
    -4.32377219e-01 4.21968639e-01 1.06413089e-01 6.09664142e-01
    8.85359719e-02 1.24744594e+00 -6.11530364e-01 -5.84817410e-01
    -3.88108015e-01 1.04229450e+00 1.10102206e-01 1.62799787e-02
    1.25570786e+00 8.86922300e-01 1.48173010e+00 6.33883238e-01
    1.60614026e+00 8.84323418e-01 -5.04060566e-01 1.52309597e+00
    8.23967457e-01 6.85829937e-01 7.61387885e-01 1.22298014e+00
    1.31550860e+00 5.38462818e-01 -2.58896183e-02 4.90515500e-01
    2.76360512e-01 1.63807356e+00 1.57850993e+00 -6.73788846e-01
    8.90973270e-01 8.32768261e-01 3.48717421e-01 1.00541376e-01
    8.38521421e-01 1.36674440e+00 -4.19626385e-02 7.59075820e-01
    -4.55504745e-01 3.12059700e-01 2.10275829e-01 -3.94050151e-01
    1.65502238e+00 1.52084219e+00 -4.74609792e-01 9.19143558e-01
    1.49075937e+00 1.60270011e+00 -4.52706367e-01 -3.38311791e-01
    1.12879527e+00 1.66114175e+00 2.51711249e-01 1.59256947e+00
    6.80859923e-01 6.78406715e-01 4.97188151e-01 1.42639804e+00
    4.56946343e-01 -1.14699192e-01 1.64703822e+00 -7.79655218e-01
    3.40543658e-01 1.03977561e+00 1.01391304e+00 5.74910045e-01
    5.10741413e-01 2.98265487e-01 7.42208600e-01 4.29762900e-01
    7.83962488e-01 1.09504557e+00 -4.73138928e-01 6.19673848e-01
    2.30339333e-01 1.45468926e+00 1.09861381e-01 3.00559282e-01
    4.04773727e-02 5.68583429e-01 -6.79736957e-02 9.46729541e-01
    9.65233028e-01 -5.44208944e-01 -4.99834090e-01 6.48051202e-01
    1.12569821e+00 3.11996303e-02 2.61171937e-01 1.33197761e+00
    7.98603594e-01 1.21879101e+00 -4.84151036e-01 8.10930848e-01
    -8.19835603e-01 1.52166128e+00 6.09243870e-01 3.66397142e-01
    4.20098841e-01 1.68555069e+00 1.07712638e+00 4.84064579e-01
    7.52713501e-01 1.12764180e+00 -9.06856060e-02 1.23770118e+00
    1.29196191e+00 4.81884181e-01 -5.32327473e-01 2.08511040e-01
    2.55542755e-01 -5.25654197e-01 -5.21998286e-01 7.81707168e-01
    1.47084689e+00 4.29864466e-01 4.02819008e-01 1.03721523e+00
    -2.88573176e-01 1.41815567e+00 1.28912020e+00 5.40531099e-01
    1.32102346e+00 -5.95536649e-01 1.01268876e+00 -5.37072480e-01
    1.64680362e+00 1.54271114e+00 1.54454172e+00 3.74641359e-01
    3.50195199e-01 1.59073517e-01 7.91538060e-01 1.47061348e+00
    -2.37849116e-01 2.72283927e-02 2.55028754e-01 -2.20897675e-01
    3.32781792e-01 -5.71681499e-01 -4.80427712e-01 1.86806488e+00
    4.55541313e-01 -2.73488492e-01 8.20693374e-01 -7.51832485e-01
    1.38000774e+00 6.33828640e-01 5.57861209e-01 1.16212606e+00
    1.13877463e+00 8.24519634e-01 1.62022591e+00 1.31338274e+00
    -1.37695655e-01 7.01979339e-01 7.35122621e-01 7.45695412e-01
    1.69786310e+00 1.58282387e+00 -6.83190823e-01 -2.57037550e-01
    7.17419267e-01 4.57339555e-01 -1.03901029e-01 1.99744806e-01
    1.04574931e+00 6.50712550e-01 1.62178898e+00 3.84427309e-01
    7.94313014e-01 1.56724739e+00 8.94362256e-02 -5.23074627e-01
    1.15141928e+00 1.63492548e+00 5.41170835e-01 -5.23761511e-01
    -4.32476938e-01 6.88800693e-01 1.13072586e+00 1.07451642e+00
    1.48159385e-01 -2.89308608e-01 2.43071258e-01 -2.76709706e-01
    1.62477982e+00 -6.70213044e-01 3.31241488e-01 1.12061667e+00
    7.84030974e-01 -4.11301911e-01 -1.42139271e-01 9.21985731e-02
    1.39917088e+00 8.34415376e-01 3.46960604e-01 1.67640913e+00
    -2.13400230e-01 5.13945341e-01 1.61226225e+00 8.62671256e-01
    9.36754704e-01 -6.54662013e-01 -7.86197335e-02 1.32012582e+00
    -1.41912907e-01 -1.38431862e-01 1.08872259e+00 -6.73346758e-01
    -6.59502566e-01 1.35785401e+00 4.01602000e-01 3.65058601e-01
    1.70778203e+00 -4.81098592e-01 1.04033256e+00 1.69248998e+00
    -3.00885558e-01 -1.48765236e-01 1.43598855e+00 -5.31260669e-01
    3.91090930e-01 2.04053354e-02 -7.05814421e-01 -4.63831961e-01
    1.39368832e+00 -7.34772563e-01 1.58462608e+00 7.14331400e-03
    1.41051602e+00 -2.24970087e-01 -7.19900012e-01 9.69565988e-01
    1.16051007e-02 1.36752045e+00 1.31534088e+00 1.55825749e-01
    -2.20590848e-02 1.33591890e+00 -3.27587575e-01 1.38111389e+00
    6.20162666e-01 -7.96652615e-01 -6.31444335e-01 1.15744996e+00
    2.75821328e-01 1.66848314e+00 -2.30160949e-04 1.04463935e+00
    9.15495098e-01 1.17354476e+00 -7.75882602e-02 7.82162905e-01
    1.55887616e+00 1.54157269e+00 1.34516479e-02 1.40791929e+00
    9.36403312e-03 4.90338296e-01 8.77200603e-01 -4.29918706e-01
    4.56794262e-01 7.64939412e-02 1.62573290e+00 4.73264754e-01
    -4.48901504e-01 9.85127628e-01 1.23049355e+00 1.34867144e+00
    -1.60917327e-01 6.76696002e-02 1.21443629e+00 1.33643389e+00
    8.44566286e-01 1.14894640e+00 5.44332862e-01 5.71327843e-02
    -3.33386123e-01 -2.42764711e-01 1.61929533e-01 2.73345888e-01
    1.05175042e+00 -2.13394836e-01 -1.88814148e-01 1.31104755e+00
    1.01155114e+00 1.57480443e+00 1.05189109e+00 4.61659342e-01
    -3.79170179e-02 3.20467710e-01 -4.60096836e-01 1.49100721e+00
    1.40885150e+00 -2.18142718e-01 4.32713717e-01 6.40525103e-01
    4.21227425e-01 1.08223104e+00 9.29636598e-01 3.67520750e-01
    -1.95758344e-04 -5.53545058e-01 3.53186548e-01 5.81814647e-02
    -1.57342553e-01 1.51095414e+00 4.22406584e-01 2.38072887e-01
    1.06673561e-01 1.34112799e+00 3.01226079e-01 -1.19269658e-02
    1.89605474e-01 1.55536497e+00 4.61107671e-01 6.50954187e-01
    -7.32135832e-01 1.02265477e+00 1.02422965e+00 1.11457489e-01
    -6.84837222e-01 6.23964846e-01 1.36286473e+00 -5.58472686e-02
    5.75421453e-01 8.53277206e-01 2.53980249e-01 -3.97854507e-01
    7.21357942e-01 1.33158851e+00 3.96009117e-01 6.07718229e-01
    3.54185611e-01 -2.74178654e-01 1.48723805e+00 1.01005912e+00
    7.92177558e-01 3.89050901e-01 4.55742240e-01 1.69510579e+00
    6.39158726e-01 -4.95579571e-01 1.71940970e+00 -6.84160814e-02
    5.19915344e-03 8.70008767e-01 1.50083697e+00 1.00696325e+00
    -9.01595652e-02 -7.06816912e-01 -1.81932881e-01 7.19971538e-01
    8.34109306e-01 1.16931248e+00 -6.68763280e-01 8.42658818e-01
    -2.97643930e-01 -4.32747781e-01 2.84281045e-01 9.14301991e-01
    1.80937231e+00 -3.25290933e-02 1.28942049e+00 4.79988515e-01
    1.57897890e+00 1.52935520e-01 1.57942998e+00 -4.68500406e-01
    6.58520699e-01 1.10593572e-01 1.09630978e+00 1.30862772e+00
    1.15491879e+00 1.66227591e+00 -6.47592992e-02 1.41164571e-01
    3.03196222e-01 5.89553416e-01 3.63851786e-01 1.68446124e+00
    -6.19316757e-01 5.26400805e-01 2.19585896e-01 9.62924659e-01
    1.17222500e+00 1.56149566e-01 1.52289665e+00 -5.97692013e-01
    -1.44667149e-01 1.62404227e+00 1.35306454e+00 -2.36182377e-01
    1.88980591e+00 1.49404240e+00 4.31291878e-01 9.44112122e-01
    5.57012320e-01 3.82426053e-01 -2.43853405e-02 -4.89524484e-01
    1.10028446e+00 -3.85800213e-01 1.75736451e+00 -6.26990914e-01
    8.72561157e-01 -5.76737344e-01 1.32988349e-01 1.09222877e+00
    -3.83295059e-01 1.67998338e+00 4.73287284e-01 -5.08089662e-01
    1.60154748e+00 2.76480436e-01 6.39120817e-01 7.79044032e-01
    1.32792108e-02 1.60082591e+00 1.22086895e+00 8.98663640e-01
    6.36303067e-01 1.00609653e-01 1.13847601e+00 1.07237436e-01
    7.19430208e-01 -4.49782051e-02 3.35898370e-01 5.58331668e-01
    -1.78835005e-01 1.49048829e+00 -3.06113679e-02 6.94940835e-02
    9.83409584e-01 2.46975690e-01 -6.94877923e-01 1.50670981e+00
    1.27799678e+00 -5.82572937e-01 -2.82291472e-01 1.15595984e+00
    3.22714597e-01 -4.55183595e-01 5.13244689e-01 7.34608591e-01
    -6.13201201e-01 1.27663791e+00 4.79554594e-01 -5.98728538e-01
    1.71820998e+00 -1.77392960e-01 5.06995559e-01 3.53512198e-01
    1.03927124e+00 1.30183756e+00 -7.98353672e-01 8.67793739e-01
    8.38593245e-01 1.62635028e+00 5.48137248e-01 6.45456910e-01
    -4.71758425e-01 -2.58468896e-01 1.35597396e+00 1.31018019e+00
    4.59444165e-01 -6.93226218e-01 2.36042477e-02 7.72283494e-01
    -1.15355209e-01 -5.64213157e-01 1.65906119e+00 2.07155254e-02
    1.47262192e+00 -5.84850907e-02 1.46645534e+00 4.05152470e-01
    -2.29486581e-02 2.61506569e-02 -2.85908550e-01 1.19679070e+00
    5.06940603e-01 7.54476488e-01 1.18864620e+00 6.91381574e-01
    -5.06195962e-01 -7.37006247e-01 1.68540740e+00 1.15329814e+00
    -4.27916080e-01 1.63327539e+00 -5.66018343e-01 -6.23209536e-01
    5.22570729e-01 1.54651749e+00 5.92457950e-01 6.48348391e-01
    1.10259783e+00 1.32561541e+00 1.44035780e+00 1.55679703e+00
    8.72619271e-01 -5.82791567e-02 4.20726575e-02 7.37330198e-01
    9.31531668e-01 -6.53047919e-01 1.52817833e+00 4.65130180e-01
    1.17087352e+00 9.33122635e-01 4.89396602e-01 3.21208149e-01
    1.38147604e+00 1.66022778e+00 1.43281126e+00 -4.57175016e-01
    1.55401373e+00 -5.97749770e-01 8.99283066e-02 2.00456917e-01
    8.32366884e-01 8.41888011e-01 -5.51574826e-01 -6.42451644e-01
    -5.26718438e-01 -1.32254198e-01 -5.25459468e-01 5.26239693e-01
    1.25576544e+00 -1.60485744e-01 1.63660347e+00 -2.95807213e-01
    -3.68640482e-01 6.88580215e-01 7.63089657e-01 -8.88670981e-02
    1.24175239e+00 2.44221076e-01 8.37167084e-01 -9.19574499e-03
    -2.24423438e-01 1.00478601e+00 7.96923712e-02 9.69794333e-01
    1.61412907e+00 -4.78493750e-01 1.16806316e+00 1.28520989e+00
    1.00368345e+00 9.58291888e-02 9.09661293e-01 6.94472253e-01
    5.43830633e-01 2.58744568e-01 -6.84059262e-01 -2.99612671e-01
    1.54054451e+00 5.35588562e-01 -1.78333983e-01 9.03143436e-02
    -1.10567890e-01 1.11800456e+00 1.14223361e+00 -5.53351641e-02
    5.70803165e-01 3.46831262e-01 2.72262096e-01 -4.63455498e-01
    -6.50070310e-02 1.32756615e+00 -5.84776878e-01 1.55821860e+00
    1.37031341e+00 1.35315526e+00 1.34848440e+00 -3.60144854e-01
    1.55018628e+00 -7.15007603e-01 -2.90723413e-01 3.11042517e-01
    1.20375931e+00 -2.27877930e-01 -2.34221984e-02 4.40490842e-01
    3.53000611e-01 -6.95139170e-01 1.47470629e+00 4.88201201e-01
    1.47544459e-01 1.14525115e+00 6.84836507e-02 1.22070813e+00
    -4.35052663e-01 -2.76025474e-01 4.77324367e-01 1.68279737e-01
    -6.83258846e-02 -4.93331611e-01 -2.85887867e-01 1.10117413e-01
    8.02621722e-01 5.39931536e-01 4.11247402e-01 1.25900209e+00
    3.74903470e-01 4.08671290e-01 1.40989041e+00 -7.97277331e-01
    1.43565154e+00 -2.62431324e-01 3.90489608e-01 -7.01069355e-01
    1.59564471e+00 1.68275142e+00 6.22797549e-01 7.35933542e-01
    -1.98141187e-01 1.98986366e-01 7.08114862e-01 2.85977215e-01
    9.50215876e-01 3.30338299e-01 5.55648208e-01 7.26317108e-01
    1.63483083e+00 -3.95444363e-01 1.44796240e+00 -7.05544770e-01
    2.29788959e-01 1.05813694e+00 1.08344221e+00 2.71128595e-01
    5.77789366e-01 -8.47635195e-02 1.12982380e+00 -7.66100436e-02
    4.23027545e-01 8.84931147e-01 -6.58118784e-01 1.14808345e+00
    7.03641653e-01 1.35528672e+00 -3.39452207e-01 6.56930566e-01
    6.41476333e-01 2.95590520e-01 7.10384667e-01 -4.26560551e-01
    -4.56046283e-01 -3.03942382e-01 -1.78973004e-01 1.32423997e-01
    6.77786767e-01 1.31904149e+00 -1.86943367e-01 1.55154550e+00
    6.93519235e-01 -4.41810697e-01 1.49068162e-01 1.72013485e+00
    1.02661741e+00 3.35282981e-01 1.51597226e+00 4.59152579e-01
    1.35883972e-01 2.33960778e-01 -3.85141999e-01 -1.72700912e-01
    2.43978918e-01 2.76838988e-01 -1.11729890e-01 1.33073077e-01
    8.38186741e-01 1.60573077e+00 -1.70670733e-01 4.32162546e-03
    1.33118820e+00 5.85785627e-01 9.63393390e-01 -2.35037357e-01
    2.11753115e-01 7.28180170e-01 -1.12989463e-01 -5.16192205e-02
    8.08023632e-01 1.62453938e+00 1.20191097e+00 5.23954630e-01
    -3.80621254e-01 2.85023659e-01 3.56996179e-01 1.60784280e+00
    -1.58668026e-01 3.88264626e-01 1.43168795e+00 6.33553341e-02
    1.27801871e+00 -3.55888426e-01 7.15999544e-01 1.19515347e+00
    1.25176191e+00 -2.39310771e-01 1.47554016e+00 8.95576060e-01
    -5.37305772e-01 -4.77835350e-02 -1.67977870e-01 -1.22514084e-01
    5.17216802e-01 -2.86324508e-03 1.14042950e+00 1.25572371e+00
    8.78013968e-01 2.66527444e-01 -2.77826637e-01 1.01553130e+00
    1.34916782e+00 1.91924348e-01 -4.64355908e-02 -2.57198900e-01
    1.15789270e+00 9.10017431e-01 8.48679841e-01 8.97849679e-01
    2.15577930e-01 -1.76822066e-01 -1.55140817e-01 1.50283813e+00
    5.00756621e-01 -3.26867372e-01 1.44466567e+00 9.11435962e-01
    1.63959599e+00 -1.71938673e-01 1.28932667e+00 7.14611948e-01
    1.28314936e+00 1.09398139e+00 9.39889550e-01 1.30311060e+00
    -3.81534159e-01 1.43597734e+00 6.99964941e-01 4.65126723e-01
    1.47324824e+00 6.40213847e-01 -5.81253350e-01 4.33411356e-03
    9.53566611e-01 8.54799688e-01 5.18793106e-01 7.61004925e-01
    1.07972014e+00 1.39409721e+00 1.52014077e+00 6.69173747e-02
    4.23420608e-01 1.61643457e+00 -2.56195307e-01 5.80927968e-01
    1.11277074e-01 9.56512630e-01 -2.21154645e-01 -6.35088265e-01
    -4.94259536e-01 2.18087584e-01 6.94897592e-01 -3.64443183e-01
    2.14414656e-01 -6.93905830e-01 1.48581100e+00 4.15387094e-01
    9.59996104e-01 7.06347644e-01 -6.21665239e-01 1.25321090e+00
    8.62289548e-01 5.21243550e-02 7.39061117e-01 1.89844206e-01
    1.33854866e+00 1.11625695e+00 6.78325593e-01 5.20493865e-01
    1.59090054e+00 -1.90141313e-02 6.70260012e-01 2.47629762e-01
    1.72296035e+00 7.21318960e-01 1.77409685e+00 2.75056869e-01
    -3.47710907e-01 6.82505250e-01 3.25095177e-01 -2.23763838e-01
    2.83643991e-01 -3.21379900e-01 1.08694828e+00 -4.96767104e-01
    7.30599046e-01 -9.29376408e-02 -2.95476317e-01 1.51105833e+00
    1.01147488e-01 2.38823354e-01 1.51629567e+00 -6.26596570e-01
    -2.20267996e-01 9.87135321e-02 -1.90412670e-01 1.58661711e+00
    5.02299257e-02 1.01327813e+00 7.12191820e-01 1.18134499e+00
    1.59819436e+00 -3.75377715e-01 -6.61341429e-01 -4.53078121e-01
    -5.62311649e-01 -4.72816408e-01 3.77371758e-01 4.03568476e-01
    1.25463033e+00 1.34606183e+00 2.19342560e-01 -4.12005216e-01
    -5.16325310e-02 3.93124491e-01 1.53851402e+00 7.29895651e-01
    1.66570306e+00 1.25903296e+00 9.65055466e-01 1.64670300e+00
    7.38004625e-01 3.00616175e-01 1.33742583e+00 4.27088171e-01
    1.64258051e+00 1.39751136e+00 -6.24438524e-01 1.24060822e+00
    -2.00565234e-02 9.37941909e-01 5.39278984e-01 1.29069591e+00
    4.15347785e-01 5.64017534e-01 6.36684358e-01 1.18526185e+00
    4.28073376e-01 -5.47685623e-02 5.89831650e-01 1.04121268e+00
    8.13533008e-01 1.12080348e+00 3.15956771e-01 1.54877734e+00
    1.14944363e+00 1.28769088e+00 7.45713055e-01 9.85412657e-01
    5.45222647e-02 6.20305598e-01 1.40014994e+00 8.39738727e-01
    -7.18805552e-01 6.69303775e-01 -2.16401041e-01 6.10710979e-01
    7.11587608e-01 1.19192576e+00 1.00442111e+00 4.31126058e-01
    4.33027595e-01 1.42399693e+00 6.56566143e-01 1.28463960e+00
    3.66850674e-01 -1.73003450e-01 -7.21780241e-01 -6.30899131e-01
    -6.74637914e-01 1.19182956e+00 -6.99667707e-02 3.37053150e-01
    1.27038240e+00 1.57391024e+00 -5.17168760e-01 1.30053842e+00
    1.09419501e+00 1.28632724e+00 -6.42715812e-01 4.50548708e-01
    -1.05124235e-01 -4.77158189e-01 6.11041367e-01 1.09611785e+00
    3.97789717e-01 -5.94393194e-01 6.22675657e-01 -5.33140838e-01
    8.90630126e-01 1.57622635e+00 7.57478535e-01 3.28173637e-01
    5.66356421e-01 3.03762019e-01 -1.47750542e-01 6.38140202e-01
    6.73889995e-01 -5.98788559e-01 -2.21505817e-02 -3.55402343e-02
    1.55669153e+00 1.92171112e-01 -1.79945350e-01 1.26184869e+00
    -5.22373259e-01 1.26916957e+00 9.73454833e-01 1.34189904e+00
    1.35929358e+00 -6.72477305e-01 6.72626972e-01 1.48090649e+00
    1.45660967e-01 1.62519857e-01 8.24825406e-01 -9.05158669e-02
    7.67857313e-01 9.25156355e-01 1.12523413e+00 -1.30426928e-01
    2.68171765e-02 1.08829248e+00 7.29255259e-01 9.19208705e-01
    1.08324313e+00 -3.83039385e-01 -3.26841801e-01 4.16186243e-01
    -2.55127639e-01 -5.04989207e-01 8.07719588e-01 2.50018332e-02
    -3.75132948e-01 1.06673992e+00 -2.48550013e-01 3.80089432e-01
    1.20512819e+00 1.35597074e+00 -6.79415584e-01 -2.83161342e-01
    1.92224905e-01 8.41429308e-02 1.78130615e+00 -2.02411145e-01
    -4.32932168e-01 4.23733950e-01 1.07392013e+00 -5.84575057e-01
    1.38892329e+00 8.13034058e-01 1.29137802e+00 1.36295223e+00
    1.47624183e+00 5.10600865e-01 -1.24951914e-01 5.18029869e-01
    1.69017911e+00 1.37064254e+00 -6.10150874e-01 -7.14959055e-02
    1.41977680e+00 -2.02562436e-01 3.71789485e-01 1.56038570e+00
    4.39360768e-01 -4.02653188e-01 1.10311377e+00 -2.44642273e-01
    7.29819089e-02 1.60407472e+00 1.35794234e+00 7.37895012e-01
    5.40599644e-01 1.34927404e+00 1.29885769e+00 1.87546596e-01
    1.48870945e+00 9.19070661e-01 -2.06200913e-01 1.01309264e+00
    1.65275848e+00 -3.78539741e-01 6.46190405e-01 1.64316642e+00
    -5.06239176e-01 1.01625502e+00 9.83496487e-01 1.39585841e+00
    1.26859915e+00 -5.49822271e-01 -4.97328460e-01 -1.53881326e-01
    1.42422938e+00 5.82614303e-01 -5.87576926e-01 -4.40322191e-01
    3.24781090e-01 -4.12136018e-01 1.50732422e+00 8.90364647e-01
    -1.20329909e-01 1.43953502e+00 8.81531298e-01 1.27933562e+00
    1.73286706e-01 1.62748122e+00 -1.24845922e-01 -5.36118507e-01
    -4.15801525e-01 -6.49393082e-01 7.62938619e-01 1.59150338e+00
    7.79461741e-01 1.36670876e+00 7.06248805e-02 -4.51641809e-03
    1.44798839e+00 1.07046831e+00 5.63759685e-01 1.10898101e+00
    2.97317654e-01 8.79459858e-01 1.11593890e+00 1.19399822e+00
    -4.98671651e-01 1.62466836e+00 8.08667600e-01 8.27857912e-01
    3.92900467e-01 2.56736517e-01 -5.19884825e-02 -1.30580038e-01
    -2.85714924e-01 1.70980966e+00 1.94064558e-01 2.25577220e-01
    -6.82285249e-01 1.58469379e+00 1.38195932e+00 -1.11819960e-01
    7.63102055e-01 -7.56594300e-01 1.50259566e+00 1.63470495e+00
    1.29355788e+00 -6.61785722e-01 1.67074248e-01 3.48501503e-02
    1.84759331e+00 3.01876992e-01 9.65294003e-01 1.74507833e+00
    6.02932990e-01 9.39963996e-01 4.15012538e-01 7.45475769e-01
    4.83924091e-01 4.73067075e-01 1.77065432e+00 1.65075970e+00
    -2.64000088e-01 1.79128420e+00 -2.97107130e-01 5.54707229e-01
    -2.68989831e-01 1.17019844e+00 1.31888485e+00 1.69624075e-01
    1.36330938e+00 1.05459623e-01 3.13729942e-01 -1.48042992e-01
    9.86893356e-01 -3.33368070e-02 -6.87842727e-01 5.74694335e-01
    -2.76222110e-01 8.29963923e-01 -5.72996616e-01 1.15174198e+00
    -6.79953814e-01 9.32978451e-01 1.24716210e+00 9.30082798e-02
    1.17043340e+00 4.80797261e-01 -4.50375438e-01 1.68641460e+00
    -6.24256313e-01 -4.82756406e-01 -5.08831859e-01 1.55351329e+00
    1.24148881e+00 5.52979589e-01 5.57360888e-01 1.00699401e+00
    9.01057363e-01 -4.91541207e-01 1.14666116e+00 -2.95684561e-02
    1.20354486e+00 1.50701523e+00 1.13399041e+00 -1.35765327e-02
    5.09743571e-01 1.06684399e+00 4.15202856e-01 1.74254596e+00
    1.40047848e+00 -4.21018273e-01 8.17310274e-01 1.63720894e+00
    -1.36661351e-01 -1.74435943e-01 3.95242393e-01 1.28699803e+00
    3.16462189e-01 -6.84810400e-01 7.36550927e-01 1.35211742e+00
    1.67218471e+00 1.00906241e+00 1.29735923e+00 5.00912905e-01
    1.20269251e+00 8.51602077e-01 1.41095713e-01 -2.97465891e-01
    1.65163875e+00 -4.47690696e-01 1.23745501e+00 1.42288291e+00
    4.90639806e-01 1.64960372e+00 -4.36900139e-01 8.51918578e-01
    -2.86032796e-01 1.48202345e-01 -1.35056615e-01 5.75346887e-01
    1.58621824e+00 1.15822744e+00 1.00923765e+00 -3.94648761e-01
    5.31908154e-01 7.88372934e-01 3.76129746e-01 7.22721443e-02
    4.82816279e-01 2.48178467e-01 1.51996422e+00 1.60010997e-02
    4.07149941e-01 -5.29332638e-01 4.76609290e-01 2.72220492e-01
    1.13744713e-01 1.44061089e+00 -2.28757381e-01 3.17398995e-01
    -6.86164081e-01 1.53352332e+00 1.01743770e+00 -5.61495543e-01
    1.16916776e+00 -1.42851621e-01 -9.87327620e-02 8.60184312e-01
    -2.60940462e-01 9.36586738e-01 1.98654264e-01 5.84640205e-01
    1.59594536e+00 -3.54950935e-01 -4.86621678e-01 -1.78709254e-01
    -2.71865670e-02 1.60379028e+00 6.24156952e-01 1.08236241e+00
    1.54213274e+00 -7.15112031e-01 1.71832788e+00 -2.83780456e-01
    1.38927329e+00 8.44958663e-01 -2.13329434e-01 8.65027010e-02
    -2.21232623e-01 1.56756592e+00 3.37902695e-01 -6.58312559e-01
    1.21544242e+00 6.82646513e-01 8.34646642e-01 1.74051785e+00
    -5.86203933e-01 7.77309775e-01 1.23070610e+00 -4.03232694e-01
    -1.42537072e-01 -3.62908393e-01 2.50042081e-01 1.51440120e+00
    1.16492105e+00 -3.50014776e-01 4.92775701e-02 -1.76350355e-01
    8.74721646e-01 1.03852141e+00 -1.90146804e-01 1.61129609e-01
    1.05343270e+00 -4.66613173e-01 -5.40663660e-01 1.61448479e+00
    1.33106244e+00 6.83224440e-01 -7.24384904e-01 -1.53389379e-01
    -6.94244385e-01 7.51582444e-01 1.43380177e+00 1.27447474e+00
    1.30486226e+00 -7.62836218e-01 1.67865264e+00 -3.12566429e-01
    -1.30943820e-01 -3.49635817e-02 -4.58000213e-01 -2.88339138e-01
    1.14736617e+00 1.35524178e+00 -6.82952046e-01 -5.94799101e-01
    1.49499536e+00 2.03023702e-01 6.54069662e-01 -5.72063684e-01
    2.53370523e-01 -3.95775974e-01 3.14819545e-01 1.42341018e+00
    1.10980749e+00 -9.69359353e-02 -4.46923912e-01 1.12960708e+00
    -6.05440736e-01 1.59170270e+00 -3.18261087e-01 1.62466252e+00
    5.73378444e-01 1.60143185e+00 4.31516804e-02 1.29229653e+00
    1.50420472e-01 -2.02923700e-01 -4.94421363e-01 7.81174481e-01
    1.31854188e+00 -4.13956076e-01 1.40222359e+00 -6.70684516e-01
    1.32583308e+00 1.18164468e+00 1.03266943e+00 -7.30793953e-01
    2.56642312e-01 1.09170902e+00 8.72874439e-01 3.11314285e-01
    1.03828657e+00 1.36933351e+00 1.51373482e+00 -2.78237283e-01
    2.93329265e-02 -5.85728109e-01 1.54722381e+00 -2.58591801e-01
    3.96176130e-01 -6.65677130e-01 -5.35897672e-01 7.80859351e-01
    7.10254252e-01 8.55903774e-02 4.68995750e-01 -5.70318624e-02
    1.43834126e+00 -2.21133024e-01 -3.74525130e-01 -2.65041232e-01
    1.06250606e-01 1.62250566e+00 2.10035279e-01 8.57768834e-01
    -1.15498982e-01 1.32023513e+00 -2.31648073e-01 8.73256147e-01
    -3.99129301e-01 1.37424433e+00 1.10577106e+00 5.34769475e-01
    -1.21780321e-01 -4.91962582e-01 2.90367268e-02 4.00486499e-01
    -6.25591338e-01 -4.36016738e-01 2.70800054e-01 1.19882703e+00
    1.40752840e+00 3.24604541e-01 -1.03718475e-01 3.70005280e-01
    1.23544681e+00 5.24085343e-01 2.42629245e-01 1.36894178e+00
    -3.37167382e-01 2.40325227e-01 9.07161832e-01 5.83380401e-01
    1.20316195e+00 7.79431343e-01 -4.35238659e-01 1.02661026e+00
    6.99062794e-02 1.50661814e+00 -3.11477572e-01 1.48859084e+00
    -1.97343249e-02 -6.35793626e-01 1.33254719e+00 -1.19781993e-01
    -1.66567966e-01 5.27266920e-01 1.63669419e-02 -5.53770661e-01
    1.72932431e-01 3.32604110e-01 1.20815134e+00 -1.67050913e-01
    1.37838233e+00 5.75136542e-01 2.59699851e-01 1.06433749e-01
    1.51353121e+00 -2.48710260e-01 7.96933293e-01 -6.88198030e-01
    1.00498152e+00 -3.73328626e-01 2.76186317e-01 -4.40710843e-01
    6.14992142e-01 1.42785084e+00 -2.71475837e-02 4.96753097e-01
    -5.70232272e-01 -2.26495534e-01 1.85612604e-01 1.06686163e+00
    -7.13678896e-02 1.65352535e+00 1.84099451e-01 2.10508615e-01
    6.28328204e-01 1.83202052e+00 1.58174820e-02 -5.33270359e-01
    -9.20282230e-02 -4.92204189e-01 3.24094445e-01 8.37555051e-01
    -5.45672059e-01 -4.17876095e-01 8.80371332e-01 5.86453974e-01
    8.96450341e-01 1.40137136e+00 4.15813476e-02 8.04775476e-01
    -3.42371583e-01 1.18784678e+00 4.78246331e-01 -6.76972389e-01
    1.59316707e+00 2.89768875e-01 -1.06851541e-01 1.11695790e+00
    -1.80278897e-01 1.46055615e+00 1.35181415e+00 1.06284547e+00
    1.74850047e-01 1.52816296e+00 1.17694438e+00 -3.96956503e-02
    1.06541955e+00 -7.19888687e-01 1.22958946e+00 9.86175537e-01
    4.10724968e-01 3.59266698e-01 1.10949433e+00 6.74669743e-02
    4.01291430e-01 1.64175892e+00 1.68786764e+00 -5.17218471e-01
    1.04897283e-01 6.82743341e-02 1.73255742e+00 8.94200325e-01
    7.32374966e-01 1.01498914e+00 -5.94262898e-01 2.84835011e-01
    -3.95091772e-01 1.38774288e+00 8.89101624e-01 -1.27937540e-01
    -3.82110626e-01 3.88462514e-01 1.29115999e+00 5.52273402e-03
    -4.04778495e-02 1.73154831e+00 3.60829443e-01 1.61502570e-01
    1.63351870e+00 1.60535586e+00 -6.21715426e-01 1.50549722e+00
    1.61752462e+00 -5.54193497e-01 5.00931919e-01 -3.51787925e-01
    6.65582776e-01 1.00410998e+00 5.16255319e-01 -6.00159645e-01
    1.69008851e+00 -5.37759028e-02 1.00029290e+00 5.93942285e-01
    4.61374342e-01 1.02124393e+00 4.19272661e-01 2.40533292e-01
    8.87944639e-01 1.24759816e-01 6.47768497e-01 -5.41914403e-02
    4.16458905e-01 -3.52784634e-01 6.97325528e-01 -5.47725260e-01
    1.67667699e+00 4.08067226e-01 7.38988698e-01 8.38262141e-01
    -3.55591387e-01 -3.52903754e-02 4.48458284e-01 5.33964515e-01
    8.29438746e-01 2.15705067e-01 -5.14646351e-01 1.87613502e-01
    4.03351009e-01 1.30198479e+00 1.43230724e+00 8.46002474e-02
    9.49930370e-01 1.42475271e+00 -7.72319853e-01 1.11152768e+00
    -4.83623087e-01 -4.45311338e-01 3.42492819e-01 6.42142370e-02
    2.05735520e-01 1.51033461e+00 8.75353396e-01 1.48855400e+00
    7.97929466e-01 1.08878803e+00 1.01402962e+00 -8.45898464e-02
    1.10765183e+00 1.12792480e+00 1.06300533e+00 1.67201591e+00
    -6.48416579e-01 9.64088678e-01 -2.31441081e-01 5.44905186e-01
    -6.19242847e-01 -2.75740534e-01 -3.41916978e-01 7.06345737e-01
    2.22312033e-01 1.25350142e+00 2.87689924e-01 -6.31087720e-01
    9.07230899e-02 -1.89341515e-01 1.83963761e-01 -5.81354611e-02
    8.02623987e-01 4.46659058e-01 -1.03152422e-02 9.66868103e-01
    1.45381558e+00 8.88919413e-01 7.67520487e-01 1.36750853e+00
    8.61483872e-01 2.26109996e-01 -1.70459867e-01 2.18169048e-01
    1.38520765e+00 6.25474632e-01 5.53981721e-01 3.37990075e-01
    -2.28821635e-01 1.60245165e-01 1.22007501e+00 9.37240541e-01
    -1.88789085e-01 3.28806132e-01 -1.45567641e-01 7.71189570e-01
    -3.46555412e-01 1.46303439e+00 1.65986490e+00 9.30191994e-01
    -1.52258337e-01 4.95357066e-02 -2.90852636e-01 -1.56016693e-01
    1.03686357e+00 1.40142941e+00 8.46175194e-01 8.59573245e-01
    9.89867926e-01 1.33255708e+00 9.23568428e-01 -8.23672831e-01
    1.15468907e+00 -5.13017297e-01 3.62288177e-01 1.43092895e+00
    1.86740328e-02 -6.13671541e-01 7.35955894e-01 1.60548255e-01
    5.93131721e-01 8.41383934e-01 1.50353003e+00 -3.01397860e-01
    1.03850007e+00 2.09470049e-01 -3.74191880e-01 3.47900718e-01
    8.90078127e-01 -5.27209044e-01 -3.60972494e-01 2.27055296e-01
    7.12282896e-01 2.97311038e-01 3.44153732e-01 4.55641091e-01
    7.00802267e-01 6.58145726e-01 1.44357264e-01 7.09716439e-01
    1.35823309e+00 -2.55613118e-01 8.44172239e-01 5.84083796e-01
    -2.31283735e-02 9.08164740e-01 4.15280640e-01 -1.58436727e-02
    -5.61138213e-01 1.26574945e+00 -2.96083450e-01 1.00361323e+00
    9.70320523e-01 -4.16134715e-01 1.52985573e+00 5.83379447e-01
    1.55119449e-01 1.41460192e+00 -3.67002875e-01 4.82022911e-02
    -1.32099390e-01 1.47485244e+00 8.76252890e-01 6.85716271e-01
    1.60989094e+00 -1.09203130e-01 4.92777824e-01 7.16905948e-03
    -5.96064866e-01 1.52749431e+00 1.40024304e+00 -4.90482390e-01
    -4.08185363e-01 1.19677722e+00 2.79422879e-01 8.87205601e-01
    7.91874349e-01 5.49913049e-01 3.23720127e-01 3.58401358e-01
    -4.10158455e-01 -1.86544552e-01 7.08534181e-01 2.30450583e+00
    8.33198428e-01 1.05934513e+00 1.16568244e+00 2.28950173e-01
    4.80858326e-01 -5.15551679e-02 4.17998970e-01 9.18742418e-01
    -2.56049074e-02 -1.42764270e-01 1.70296180e+00 -6.26800299e-01
    5.45839012e-01 -1.71665996e-02 1.65742362e+00 1.16020739e+00
    1.57083142e+00 4.71324205e-01 -5.98014355e-01 7.80963540e-01
    1.30431569e+00 1.10327423e+00 -4.27974105e-01 -3.29282373e-01
    1.31976771e+00 5.97648919e-01 4.21462923e-01 9.04345959e-02
    7.93756247e-01 5.94725311e-01 1.02040112e+00 -7.30932176e-01
    9.69722569e-01 1.94864526e-01 8.09792399e-01 1.05694091e+00
    1.14963317e+00 3.40388268e-01 6.44163132e-01 7.92732477e-01
    9.48402822e-01 -3.40895385e-01 -3.92389446e-01 -6.03631377e-01
    6.17344022e-01 1.05975795e+00 -3.02435130e-01 9.96607363e-01
    3.44980925e-01 -2.29757428e-01 1.55522833e-02 6.71026170e-01
    -1.15276538e-01 -3.57848220e-02 6.77704632e-01 1.02923334e+00
    1.60718751e+00 1.54018950e+00 -1.77687928e-01 1.34223610e-01
    -5.43198586e-01 6.50233150e-01 -2.12133199e-01 6.89675093e-01
    2.40231231e-01 4.76291142e-02 -2.96956569e-01 -6.61730886e-01
    -2.41691947e-01 7.81153262e-01 2.81535745e-01 -5.90804875e-01
    1.36614895e+00 -3.90190899e-01 1.71003354e+00 7.33084261e-01
    1.50370026e+00 3.90036166e-01 2.03952506e-01 -5.45253694e-01
    6.53851211e-01 4.96530443e-01 -4.58846837e-01 -5.61430193e-02
    1.51627421e+00 2.87246138e-01 1.31646276e+00 5.32973468e-01
    7.57847488e-01 1.48141980e+00 1.46208835e+00 -4.15716439e-01
    -8.10319334e-02 3.74391317e-01 9.21501040e-01 -1.20962203e-01
    1.68599141e+00 1.53068924e+00 7.21693099e-01 6.05694234e-01
    3.61142099e-01 2.88119435e-01 5.16163290e-01 5.87151647e-01
    -2.40501031e-01 -3.30714822e-01 1.56881738e+00 9.02661741e-01
    1.98596045e-01 1.51162910e+00 2.31127795e-02 7.00381473e-02
    -2.02048406e-01 1.27585876e+00 7.83225417e-01 -1.49021730e-01
    1.27771270e+00 -2.51338392e-01 9.36541796e-01 1.43514397e-02
    4.25562382e-01 -1.06265657e-01 -6.80057466e-01 1.13459444e+00
    5.57812929e-01 3.23444426e-01 -2.60589093e-01 -5.49771130e-01
    9.17802453e-01 2.83443123e-01 1.57436490e+00 3.12018514e-01
    -2.01667503e-01 1.48674858e+00 -4.04492766e-01 6.82756245e-01
    9.80715692e-01 7.37594068e-01 7.78712630e-01 5.16315818e-01
    5.81136286e-01 4.29488480e-01 -2.93466866e-01 1.00450255e-01
    1.30713499e+00 4.43420798e-01 3.63273680e-01 1.02315092e+00
    -3.48072886e-01 6.17183924e-01 2.43756920e-01 1.34988189e+00
    4.86818165e-01 1.10806417e+00 1.21976328e+00 1.55271983e+00
    4.10072893e-01 1.06923163e+00 1.29803562e+00 -1.98169962e-01
    -3.00623506e-01 8.70816469e-01 -6.35450363e-01 -5.61361551e-01
    2.91499645e-01 4.48730230e-01 9.14990008e-01 -6.33862495e-01
    1.29802191e+00 1.62621665e+00 1.54391205e+00 9.88538489e-02
    8.20737958e-01 -1.42107576e-01 1.73491836e+00 8.30240488e-01
    1.41493011e+00 2.72251248e-01 -5.92255175e-01 1.59827590e+00
    5.12430489e-01 1.40562296e-01 1.66594028e+00 5.25348663e-01
    1.58276844e+00 6.15316212e-01 1.34850979e+00 1.32892072e+00
    4.10812080e-01 1.76712835e+00 -6.55478776e-01 -1.14103980e-01
    1.32548058e+00 1.10626090e+00 4.79642898e-02 1.10057497e+00
    1.29749751e+00 -6.13338649e-01 1.29001641e+00 1.30690348e+00
    6.15533173e-01 8.05120766e-01 2.20078066e-01 1.00260651e+00
    4.45361197e-01 1.23968266e-01 -3.62406105e-01 -5.83251864e-02
    8.86496723e-01 5.57111144e-01 -6.06584966e-01 -3.31222177e-01
    1.20633805e+00 3.14693660e-01 4.85935569e-01 1.29927719e+00
    3.80399197e-01 8.24163929e-02 -2.21043840e-01 1.19192564e+00
    1.26633847e+00 9.09777164e-01 5.38631380e-01 8.19482505e-01
    1.66228759e+00 1.35034025e-01 6.93225563e-01 1.32146347e+00
    -7.00940073e-01 -2.29098216e-01 -7.25827813e-02 1.63747966e+00
    -1.82877347e-01 -1.27867535e-01 1.29873812e+00 3.51125658e-01
    9.16535676e-01 1.32267106e+00 -4.41530108e-01 1.30488777e+00
    -4.56634462e-01 1.30624855e+00 2.59296179e-01 7.62235224e-01
    1.60278904e+00 6.80061579e-01 9.39245939e-01 6.61798000e-01
    3.06345254e-01 1.35359967e+00 -5.08544259e-02 1.48167253e+00
    -5.26759684e-01 2.97768712e-02 1.34126335e-01 2.21029329e+00
    1.00892115e+00 1.59024763e+00 -3.98902625e-01 1.40870690e-01
    -4.41911072e-01 1.01268923e+00 -7.84576535e-02 2.40133435e-01
    7.89033830e-01 2.86493033e-01 1.11233139e+00 3.03599775e-01
    4.43192214e-01 -4.08444852e-01 -5.00950575e-01 -2.35773981e-01
    -5.57773888e-01 8.13851833e-01 4.32971209e-01 1.28442228e+00
    -5.85953355e-01 1.45024014e+00 -6.53786302e-01 -6.09136581e-01
    -6.07783198e-01 1.05063975e+00 -6.86633959e-02 7.25124121e-01
    1.10937071e+00 8.72967988e-02 5.12435853e-01 -4.42658037e-01
    7.62688160e-01 1.48985779e+00 -3.80107313e-01 7.21318960e-01
    7.38404453e-01 -4.71556872e-01 -4.73523796e-01 -2.84317672e-01
    -6.06280416e-02 5.17651439e-01 1.46635616e+00 4.48519677e-01
    2.45072916e-01 1.46399534e+00 -2.41576791e-01 7.11396158e-01
    -2.82772332e-01 -3.16108525e-01 1.12091887e+00 -1.55598447e-02
    -4.95377719e-01 1.23256350e+00 6.90082788e-01 -2.69250780e-01
    3.56127024e-01 -6.58620238e-01 5.08411050e-01 1.44959295e+00
    -4.37757462e-01 2.56156117e-01 4.30181682e-01 1.45210350e+00
    -7.03421354e-01 6.15559220e-01 1.15054572e+00 6.30570889e-01
    -1.90856859e-01 1.45470965e+00 1.20678699e+00 4.07810479e-01
    -4.06615615e-01 1.01454638e-01 -2.24632069e-01 -2.30456993e-01
    1.32997143e+00 6.94992661e-01 1.49975884e+00 1.21456480e+00
    1.10079229e+00 5.68388224e-01 2.15611711e-01 -3.45388830e-01
    -4.66554165e-01 3.83673877e-01 2.68691480e-01 -1.21517042e-02
    -6.30237043e-01 1.28924048e+00 4.02002752e-01 4.81136471e-01
    3.72841150e-01 -5.89454949e-01 3.56357060e-02 -5.84371328e-01
    1.55752981e+00 -6.72442198e-01 6.22689128e-01 1.54138878e-01
    8.46956521e-02 -4.84770954e-01 1.67277738e-01 2.16201562e-02
    -1.85000151e-01 -5.97441852e-01 1.09107471e+00 -1.43140063e-01
    1.13375999e-01 6.98628962e-01 1.56207645e+00 1.51420569e+00
    -5.60169399e-01 1.06345284e+00 1.08343017e+00 6.70560956e-01
    1.28241599e+00 9.60066974e-01 2.84461051e-01 -6.50808394e-01
    1.57797074e+00 -6.30823255e-01 -1.37607723e-01 -6.29864752e-01
    4.21986461e-01 1.56572711e+00 -4.82041180e-01 3.95110816e-01
    -1.66111723e-01 -1.83073476e-01 1.40589511e+00 9.80619371e-01
    -2.84335583e-01 1.15674400e+00 1.02487683e+00 -3.35028678e-01
    8.94843698e-01 -1.27547652e-01 -5.40870070e-01 1.26251268e+00
    1.72082114e+00 1.12776279e+00 2.68626392e-01 1.60053182e+00
    1.41703916e+00 1.47978294e+00 8.38752568e-01 1.26946056e+00
    8.79723549e-01 3.47148627e-01 1.22400820e+00 -2.62027651e-01
    3.91916811e-01 -4.32553947e-01 7.95413971e-01 9.46607828e-01
    -5.71359158e-01 5.89283228e-01 1.52652813e-02 -2.73516297e-01
    1.42147470e+00 7.37669826e-01 1.73328495e+00 3.71870883e-02
    1.08448756e+00 9.03706908e-01 -1.32691398e-01 -3.90491575e-01
    -3.05527061e-01 -9.85526890e-02 6.63399518e-01 4.29989487e-01
    3.52353215e-01 -4.75238711e-01 -5.90450227e-01 -7.47647166e-01
    6.08476043e-01 3.41029376e-01 1.40767932e+00 -2.09618330e-01
    -4.07803386e-01 -3.81283075e-01 8.18882734e-02 4.72352952e-01
    -4.73012358e-01 9.44286212e-02 1.44724321e+00 8.70084047e-01
    -1.57180130e-01 3.97663385e-01 6.59066498e-01 -7.04272091e-02
    4.35492098e-01 -5.61649382e-01 1.69487011e+00 -4.92877513e-01
    1.44841087e+00 1.17543399e+00 8.34434390e-01 9.00373638e-01
    1.16570985e+00 -7.84193456e-01 1.27538776e+00 8.26728880e-01
    1.20082712e+00 -4.39374030e-01 -1.24614879e-01 3.09321225e-01
    -5.40376961e-01 -1.29335210e-01 1.37704718e+00 1.44521689e+00
    8.15134346e-01 1.28214106e-01 3.24062407e-02 5.47370017e-01
    -3.38002950e-01 -3.46423715e-01 1.71468365e+00 1.54061830e+00
    7.98013091e-01 8.80185902e-01 1.02838600e+00 -5.72422206e-01
    1.27334738e+00 -6.96597576e-01 3.00969422e-01 1.56824887e+00
    9.54527378e-01 1.61578667e+00 1.41582727e+00 -6.77191198e-01
    7.21665144e-01 5.73270440e-01 4.16553229e-01 4.24534231e-01
    -1.11626431e-01 5.12537658e-01 -3.62199575e-01 9.79533851e-01
    1.07653821e+00 7.47124970e-01 1.10293949e+00 7.82603323e-01
    1.71322787e+00 -3.79918784e-01 -3.95072818e-01 5.43955743e-01
    7.81083643e-01 -6.29041791e-01 3.86142939e-01 -1.34370223e-01
    4.22734022e-01 -4.70621169e-01 8.63165677e-01 1.36061025e+00
    1.46021938e+00 9.82950032e-02 1.11828876e+00 7.45709538e-01
    1.20844316e+00 8.86460841e-01 -2.90259600e-01 8.92869711e-01
    1.43404520e+00 7.18149602e-01 7.65856683e-01 4.99117494e-01
    1.39890838e+00 1.57026041e+00 -4.38441902e-01 -3.43788564e-01
    1.55306709e+00 1.26145840e+00 -2.87098944e-01 6.75296634e-02
    4.68693614e-01 9.29582238e-01 1.69360960e+00 9.47116792e-01
    1.14042711e+00 5.73510706e-01 9.32107806e-01 1.35927606e+00
    9.19947445e-01 2.45489359e-01 5.35114765e-01 7.72760332e-01
    9.16422307e-01 8.50866854e-01 9.28531408e-01 5.65058589e-01
    1.38936746e+00 -4.32452530e-01 -2.11212318e-02 1.41132975e+00
    -4.57271636e-01 2.12388262e-01 4.76583958e-01 -1.22947328e-01
    1.57718360e+00 2.94407099e-01 1.30616474e+00 -2.34219670e-01
    -5.27907729e-01 1.52021754e+00 -5.24572372e-01 1.62287271e+00
    5.25376499e-01 1.04096925e+00 1.13711882e+00 -5.13959825e-01
    1.36383426e+00 -5.29054999e-01 1.78882146e+00 -1.96142972e-01
    1.03867340e+00 1.40444458e+00 3.75659376e-01 6.28676176e-01
    1.43474936e-01 1.40934789e+00 2.54254133e-01 4.77817774e-01
    1.62752628e+00 1.14877856e+00 -1.20101511e-01 6.30087554e-01
    -4.24169786e-02 7.34894991e-01 -1.94813788e-01 2.41171330e-01
    3.37569714e-02 4.06481028e-01 -7.36818492e-01 1.51620412e+00
    -2.52970934e-01 1.03570068e+00 1.45423245e+00 -4.15811241e-01
    -4.79471982e-01 9.79406387e-02 7.77123153e-01 1.66545868e+00
    -1.86496213e-01 1.26384926e+00 -1.97851628e-01 1.14040479e-01
    9.98566747e-01 1.49126816e+00 5.50926089e-01 5.57419002e-01
    -3.14514726e-01 1.14568794e+00 9.63553965e-01 1.47403634e+00
    1.20751238e+00 -1.16761617e-01 -3.57579023e-01 1.51049924e+00
    6.74910367e-01 -4.61535901e-02 8.80430281e-01 8.18300247e-01
    1.31768271e-01 5.16433716e-01 -5.25106788e-01 1.68399346e+00
    8.86141956e-02 -4.87555027e-01 -1.11099623e-01 1.70549762e+00
    -3.65190893e-01 -4.59406704e-01 8.20055664e-01 -4.21560735e-01
    1.63186336e+00 2.03096032e-01 8.04512560e-01 1.53753889e+00
    1.20715857e+00 7.81104863e-01 -3.21606964e-01 1.76716113e+00
    -6.33715868e-01 -4.64230299e-01 1.62145531e+00 7.40889668e-01
    8.69757831e-01 1.19321752e+00 7.76046634e-01 1.21261311e+00
    7.70100057e-02 8.06022644e-01 1.24018681e+00 1.60465702e-01
    -1.12571232e-01 6.67402267e-01 -2.97547989e-02 -5.51144838e-01
    1.50418445e-01 8.19002450e-01 1.81162477e-01 4.94762450e-01
    5.80672801e-01 -2.16176346e-01 1.27405047e+00 -4.86260891e-01
    1.19998848e+00 1.12844098e+00 -5.74511766e-01 -1.43697336e-01
    1.63633621e+00 6.17080092e-01 -4.95998204e-01 1.09135091e+00
    -5.19021869e-01 4.31831151e-01 1.33923858e-01 7.46757269e-01
    1.12050295e+00 -7.73446783e-02 1.00737691e+00 6.20768368e-01
    4.61284935e-01 1.16722775e+00 5.61382174e-01 -6.66699827e-01
    8.96191478e-01 1.30404544e+00 3.50407481e-01 1.01515102e+00
    1.48543704e+00 -1.00906774e-01 1.02408469e+00 8.96145463e-01
    3.46111655e-01 1.37493372e+00 -8.01050663e-01 8.99225473e-01
    1.14318419e+00 1.08230579e+00 -3.58749121e-01 4.95063782e-01
    1.43089986e+00 2.24563435e-01 -3.61088753e-01 4.66160811e-02
    2.72691637e-01 2.67992675e-01 1.12122327e-01 1.03103900e+00
    1.34558535e+00 -1.02226146e-01 9.43991840e-01 1.13633823e+00
    1.54731596e+00 -3.73697191e-01 1.63440585e+00 3.24367791e-01
    -7.08416104e-02 6.78148329e-01 1.80001712e+00 3.61880630e-01
    2.89059430e-01 1.75285459e+00 1.30677176e+00 1.33901656e+00
    -1.44632831e-01 5.31694174e-01 7.80466795e-01 6.45284891e-01
    5.45710802e-01 2.17443466e-01 -2.87835658e-01 -4.54989895e-02
    2.34426111e-01 -1.62395164e-01 1.31725216e+00 1.49371350e+00
    1.14727437e+00 -7.25250185e-01 1.30779183e+00 8.48712146e-01
    8.78784955e-02 8.68443847e-01 6.74476445e-01 1.64558494e+00
    -6.62466109e-01 2.04115242e-01 1.23883569e+00 4.45486903e-01
    -1.08808223e-02 2.69522488e-01 1.05097938e+00 4.93163347e-01
    -4.65857983e-01 -7.81350583e-03 1.37934268e-01 -3.92681152e-01
    -1.39669389e-01 -2.27910802e-01 9.55996513e-01 7.67597437e-01
    1.19858587e+00 1.09978831e+00 -1.66586060e-02 3.05725843e-01
    7.29886532e-01 1.17283714e+00 -4.42513615e-01 2.25576830e+00
    6.94462955e-02 6.04686975e-01 1.35078430e+00 2.99254775e-01
    3.82794350e-01 -4.83441234e-01 1.98448792e-01 1.44422174e+00
    4.73420680e-01 9.69969094e-01 1.28992879e+00 6.97231233e-01
    -4.00705814e-01 9.21169400e-01 6.23792946e-01 1.74178798e-02
    -6.50531590e-01 7.75469281e-03 2.56550927e-02 -3.61585394e-02
    -3.25936735e-01 1.98484421e-01 8.52336586e-01 -2.05802042e-02
    7.71319747e-01 1.46784973e+00 9.68523979e-01 -2.99378514e-01
    6.14763856e-01 1.43379235e+00 -3.78741622e-01 8.13948512e-01
    -3.79346222e-01 6.40456915e-01 1.21817005e+00 1.14127386e+00
    1.08888239e-01 1.43074226e+00 8.27982008e-01 1.72527254e+00
    1.13558078e+00 2.70476192e-01 5.53197265e-01 -2.68639773e-01
    8.26725721e-01 1.77735329e-01 -1.19386762e-01 1.87328291e+00
    9.28827226e-02 4.00920272e-01 -1.54849246e-01 1.22970736e+00
    -6.60666466e-01 5.85628986e-01 -9.37011540e-02 1.69309473e+00
    1.70051360e+00 -6.22546434e-01 1.10866654e+00 -5.89159369e-01
    5.76787293e-01 1.03076780e+00 7.90662766e-01 5.44222414e-01
    4.02088374e-01 4.53508288e-01 -3.70551310e-02 6.23284318e-02
    -3.30906570e-01 4.35165197e-01 4.95130509e-01 6.51494980e-01
    1.29341376e+00 8.95350397e-01 2.29316786e-01 1.50261354e+00
    1.39793980e+00 5.47539413e-01 3.67902160e-01 1.35803258e+00
    2.08102047e-01 -1.13828488e-01 1.58892417e+00 1.74882278e-01
    2.32425287e-01 3.21652859e-01 1.55952597e+00 9.38829541e-01
    1.54474795e-01 -1.79631263e-01 9.38474834e-01 4.62957591e-01
    -1.65024530e-02 -4.54801589e-01 1.38004744e+00 1.93921417e-01
    9.94947910e-01 -6.20910943e-01 1.56010282e+00 7.94043839e-01
    6.05097413e-01 -5.86240113e-01 1.39020514e+00 4.97876525e-01
    1.69514394e+00 6.85195088e-01 1.24936426e+00 -6.57368779e-01
    1.05221510e+00 -3.34498376e-01 -3.88945043e-01 1.02541924e+00
    5.08559048e-01 1.72445750e+00 1.17917025e+00 -4.55749661e-01
    -9.75620821e-02 1.10634387e+00 7.16862142e-01 1.19917822e+00
    1.56763828e+00 8.30135584e-01 -3.45601499e-01 4.33545619e-01
    1.19379365e+00 1.24395251e+00 -1.49482414e-01 5.09490907e-01
    7.79322565e-01 7.34770596e-01 -4.94976252e-01 1.20972812e+00
    4.96924639e-01 6.77205861e-01 -4.87459511e-01 9.07282889e-01
    -2.45766312e-01 -1.29809931e-01 3.99991155e-01 8.15425813e-01
    -5.01338661e-01 -4.44206968e-02 9.34965670e-01 1.37882698e+00
    -1.33948416e-01 -5.02735317e-01 1.99075982e-01 1.48044002e+00
    1.30679083e+00 -1.68815747e-01 1.52729332e+00 7.16988742e-01
    3.00953388e-01 1.12389833e-01 7.34227657e-01 1.35999632e+00
    5.15095830e-01 3.76494616e-01 1.01560473e+00 1.34347880e+00
    1.28115249e+00 7.91685164e-01 2.68557459e-01 -2.21077010e-01
    -2.10580006e-01 9.55062270e-01 1.56271970e+00 4.89247561e-01
    1.34726971e-01 5.23994751e-02 5.77354431e-01 1.28997791e+00
    1.14517200e+00 1.49198735e+00 1.15259588e+00 1.66733399e-01
    -7.17288733e-01 1.52119327e+00 -3.94416690e-01 8.62915218e-01
    1.20083606e+00 5.18225491e-01 1.36692286e+00 1.22675943e+00
    1.08033752e+00 -2.40438715e-01 2.76475966e-01 -6.50751233e-01
    1.13505316e+00 1.28500938e+00 6.22409701e-01 1.77628779e+00
    1.08839417e+00 7.66134977e-01 2.19404370e-01 1.07390332e+00
    -5.24458468e-01 1.22894859e+00 -2.51404136e-01 4.92142588e-01
    9.87506732e-02 3.68105859e-01 1.70559704e+00 -1.87610641e-01
    -1.68166980e-01 5.03700674e-01 -2.36972660e-01 -3.97135973e-01
    1.62078893e+00 4.21129704e-01 -7.49023914e-01 -5.69016039e-02
    1.58266902e-01 4.07065690e-01 1.51475176e-01 1.14832960e-01
    -5.12728870e-01 1.81322479e+00 -5.42866051e-01 5.19574642e-01
    1.18380451e+00 1.39973462e+00 1.09934127e+00 -6.56514764e-01
    -3.65938932e-01 -3.24307561e-01 1.53661251e+00 1.57505250e+00
    2.60359794e-01 7.36528397e-01 5.04770160e-01 5.38650393e-01
    1.06793058e+00 1.34186971e+00 7.91834474e-01 -7.52674818e-01
    1.58736157e+00 1.00439072e+00 2.08021887e-03 1.58896315e+00
    3.43995571e-01 4.82351571e-01 1.50128698e+00 -1.15168139e-01
    4.45261478e-01 3.65888089e-01 -3.47420514e-01 -6.79304525e-02
    -1.97923422e-01 2.30780929e-01 8.71948123e-01 3.31453145e-01
    -1.84759766e-01 6.83588386e-01 -3.69691074e-01 7.26640457e-03
    8.68173242e-01 -6.76375926e-01 1.12423956e+00 1.46116447e+00
    1.59622788e+00 1.42374647e+00 4.77419645e-01 -1.08761430e-01
    1.46368706e+00 2.60515332e-01 -3.61788154e-01 -4.60413545e-02
    1.49951112e+00 -1.25307068e-01 -7.73120448e-02 1.52618754e+00
    -6.22107327e-01 1.67250288e+00 5.88386178e-01 1.76013637e+00
    3.76605302e-01 5.17283440e-01 1.00951195e+00 9.22469854e-01
    -6.16113961e-01 8.38147581e-01 8.41519654e-01 1.25549901e+00
    9.96616244e-01 1.26100123e+00 1.21656203e+00 1.25354719e+00
    2.10132018e-01 3.96014571e-01 6.74981475e-01 4.33456570e-01
    -6.38533756e-02 9.28987503e-01 -5.48196793e-01 -1.48622707e-01
    4.03798074e-01 1.07863319e+00 1.14176464e+00 5.97206712e-01
    -2.13229090e-01 1.08933911e-01 1.35029525e-01 -6.25353456e-01
    1.28118122e+00 -5.59687972e-01 1.08277237e+00 -3.47417623e-01
    -4.39050555e-01 8.88490081e-01 1.51789367e+00 6.26012683e-01
    -3.97036374e-01 1.26327038e+00 -2.56584138e-01 1.74317718e+00
    5.51833510e-01 -4.98992652e-01 1.67764342e+00 -3.13580006e-01
    1.74820587e-01 1.63133824e+00 -2.89010197e-01 -5.25811732e-01
    1.20878971e+00 -9.06359553e-02 1.66377258e+00 6.91838935e-02
    -2.43395567e-01 1.24202442e+00 -5.25855243e-01 -8.75949189e-02
    -1.09350652e-01 -7.35495806e-01 1.65604711e-01 6.20638013e-01
    9.72156942e-01 -5.89681327e-01 2.12454796e-01 -6.37766242e-01
    1.76830769e+00 6.22679234e-01 1.20204628e+00 -4.11943704e-01
    -2.12062567e-01 1.33927226e+00 -4.57882047e-01 3.32864560e-02
    2.22408295e-01 -4.62889731e-01 -6.69183731e-02 2.74062932e-01
    1.18303800e+00 -6.10899389e-01 -3.85009974e-01 1.28914285e+00
    6.34434044e-01 3.16308230e-01 -5.14360309e-01 6.26883149e-01
    4.37865853e-01 1.56610996e-01 6.41230702e-01 1.46332729e+00
    7.65731573e-01 -2.38283128e-01 -2.35047281e-01 2.13289335e-01
    8.61239135e-02 3.31746101e-01 -3.21321905e-01 1.35621524e+00
    1.53847551e+00 -4.16497171e-01 5.37439466e-01 -2.91235775e-01
    -1.23779982e-01 9.41941857e-01 5.73294520e-01 2.81938612e-01
    1.49886870e+00 4.97221678e-01 6.63087785e-01 1.01911664e+00
    1.62302840e+00 1.92485210e-02 2.82157231e-02 3.97492170e-01
    1.27478695e+00 -1.78569913e-01 6.07804537e-01 9.74416614e-01
    -5.17262399e-01 6.16649926e-01 9.81384873e-01 7.25617886e-01
    -1.14350794e-02 -1.60365283e-01 1.42713559e+00 9.54204023e-01
    -1.73788399e-01 1.69489741e+00 -4.22249362e-02 2.83357859e-01
    3.10028382e-02 1.49537575e+00 1.49992466e+00 -6.01388693e-01
    9.44254458e-01 -6.63214400e-02 2.76948184e-01 1.15259004e+00
    1.56221783e+00 -8.55098903e-01 1.27051866e+00 -3.96742374e-01
    1.37054551e+00 1.50697422e+00 -5.81451774e-01 1.44165123e+00
    -3.07517737e-01 7.26986825e-01 6.06863081e-01 -5.71557224e-01
    1.46508980e+00 5.52994907e-01 1.52259350e-01 1.00036693e+00
    1.40139997e+00 -2.76978374e-01 6.63674593e-01 1.05622113e+00
    4.58386809e-01 -8.65603536e-02 -3.17163557e-01 1.27341843e+00
    1.54718828e+00 1.56859767e+00 1.26505685e+00 -5.30243039e-01
    8.55585098e-01 1.59508216e+00 5.07935643e-01 -1.54568568e-01
    1.98059812e-01 -4.15063441e-01 -4.22196418e-01 4.50067669e-01
    2.09809765e-01 -5.05194366e-01 1.40923619e+00 -5.16645074e-01
    -1.21945515e-01 -4.29741174e-01 2.63084266e-02 9.49104428e-01
    6.28589928e-01 1.62437320e+00 7.18116105e-01 3.46147925e-01
    -6.01741791e-01 -3.80880386e-01 3.47607017e-01 -4.01078373e-01
    -1.37876704e-01 2.00298727e-01 2.72219598e-01 1.24870288e+00
    1.02514780e+00 -4.22473364e-02 7.39065409e-02 1.20434344e+00
    2.75579691e-01 1.51366115e+00 9.67741549e-01 -6.80849731e-01
    1.17860234e+00 1.97747320e-01 7.75549591e-01 -5.24054706e-01
    2.28433698e-01 1.01998341e+00 -2.18709841e-01 -2.51807094e-01
    -5.49827933e-01 1.81402236e-01 2.81231195e-01 2.05449075e-01
    3.31698686e-01 1.42928183e-01 4.11871165e-01 1.51487541e+00
    -6.61978424e-01 3.71060342e-01 1.55185926e+00 2.31804878e-01
    -6.65597081e-01 1.28296828e+00 1.38007271e+00 1.75480381e-01
    1.58322704e+00 4.06903177e-01 -3.54613096e-01 1.57949567e+00
    -1.31711394e-01 1.18440342e+00 1.38113678e+00 -3.42588276e-01
    -4.05054599e-01 1.18955910e+00 1.61050761e+00 1.49819922e+00
    1.17693640e-01 4.14116710e-01 6.84903204e-01 1.50039780e+00
    -6.28327012e-01 2.54535019e-01 -2.54652858e-01 -1.77648723e-01
    1.05263209e+00 1.37640643e+00 9.10156906e-01 7.46133268e-01
    1.50655723e+00 3.04744303e-01 3.69244009e-01 2.01587349e-01
    1.61534274e+00 4.79958355e-02 8.53958070e-01 4.17944103e-01
    -3.32000077e-01 5.99650860e-01 8.01775098e-01 -6.55653834e-01
    1.72789240e+00 -4.77624655e-01 6.70234203e-01 -6.80687964e-01
    1.12241137e+00 1.10780127e-01 2.47308075e-01 -6.01894677e-01
    -1.22065909e-01 1.36506855e+00 2.45410457e-01 1.55133915e+00
    1.26267290e+00 -3.46169740e-01 2.37625703e-01 -2.57838637e-01
    -4.03833777e-01 7.68850267e-01 -6.05311811e-01 1.16673660e+00
    -3.10163200e-01 5.94107211e-01 7.02942610e-01 1.79680839e-01
    7.87474036e-01 4.47612882e-01 1.27193555e-01 1.04940391e+00
    1.39456511e+00 8.61333728e-01 -7.58371770e-01 1.58795524e+00
    1.75612383e-02 -1.71752527e-01 -5.50778687e-01 9.66573894e-01
    9.51236367e-01 5.86954176e-01 5.08421302e-01 -6.92660809e-01
    9.72821295e-01 6.69228137e-01 2.86987185e-01 -7.36491859e-01
    1.26480627e+00 1.66228104e+00 -3.43760997e-01 2.98955679e-01
    -3.65826279e-01 2.85160840e-01 3.38025689e-01 8.32296729e-01
    1.71242845e+00 9.57997203e-01 1.68466449e+00 -3.26571077e-01
    -4.54149455e-01 -8.87591392e-02 8.42780530e-01 3.86914164e-02
    1.58124256e+00 1.24138474e+00 4.83473212e-01 1.77701026e-01
    4.56817418e-01 -7.76122138e-02 -3.68303984e-01 7.06668079e-01
    1.04391432e+00 1.22707427e-01 -2.02252597e-01 7.52449989e-01
    4.28323120e-01 1.29218030e+00 -4.11256440e-02 -6.10252142e-01
    6.59330070e-01 -2.60184020e-01 3.93091328e-03 7.32157707e-01
    -5.52179813e-01 8.98372903e-02 7.86725521e-01 1.06013238e-01
    6.34024024e-01 -6.87419549e-02 1.54405832e+00 1.54636109e+00
    -7.85286605e-01 1.24543524e+00 3.37511927e-01 -4.96605411e-02
    1.48475480e+00 5.87724559e-02 -3.70113820e-01 1.49335551e+00
    1.68878186e+00 2.07969800e-01 6.75601840e-01 2.56710887e-01
    1.03616834e+00 4.03368890e-01 8.68255317e-01 -7.19461501e-01
    1.66311240e+00 1.19981730e+00 -4.56656516e-02 1.05011475e+00
    5.78239799e-01 -1.98534623e-01 4.91291851e-01 -6.75121844e-01
    1.06688988e+00 1.02991295e+00 8.14454257e-01 -2.31201500e-01
    9.06583130e-01 3.87888879e-01 1.42157567e+00 -7.34560311e-01
    -5.19661963e-01 2.48663396e-01 -5.26701629e-01 1.55516398e+00
    9.50657308e-01 3.24866474e-01 1.49678063e+00 1.02925360e+00
    -3.05196315e-01 -5.95821202e-01 1.49547470e+00 1.33440125e+00
    1.08113134e+00 9.90069985e-01 4.52171713e-01 -1.11801401e-01
    -3.04211408e-01 2.90191293e-01 1.48829854e+00 5.25513768e-01
    8.96110594e-01 1.24218643e+00 1.34511745e+00 1.29881692e+00
    4.10911918e-01 -3.23768854e-01 1.13844228e+00 -6.86020851e-01
    1.33518964e-01 1.26980031e+00 8.83445442e-01 1.31890535e+00
    1.18583190e+00 -4.59011674e-01 1.27706707e+00 1.47309566e+00
    -7.13486552e-01 1.50285929e-01 5.81394911e-01 8.88276815e-01
    -2.32041940e-01 -2.87701279e-01 8.09758544e-01 -7.90912807e-02
    1.58549118e+00 1.00485706e+00 3.21549714e-01 2.82227695e-01
    9.55172852e-02 1.35757089e+00 -5.32597005e-01 1.30832696e+00
    7.26586938e-01 3.28662962e-01 4.17436540e-01 -4.76719826e-01
    7.82667547e-02 -5.77471375e-01 -1.36362568e-01 2.06557855e-01
    1.32837132e-01 -5.40244617e-02 1.61580765e+00 -9.51686576e-02
    1.49446595e+00 1.09515853e-01 1.31928015e+00 4.47388053e-01
    1.09461832e+00 1.16840875e+00 1.22027266e+00 5.95739782e-01
    -5.53005517e-01 3.06086212e-01 2.56160051e-01 1.05246520e+00
    7.87526488e-01 5.62979043e-01 1.48378110e+00 6.39146209e-01
    3.38016212e-01 -2.69136846e-01 -2.70460427e-01 4.39787030e-01
    -3.91506217e-02 5.75646698e-01 6.37053847e-01 -5.57230651e-01
    1.46912241e+00 -2.31677175e-01 9.50166166e-01 3.77515525e-01
    -5.48826456e-01 1.30301714e+00 2.23366976e-01 2.94070363e-01
    1.38868058e+00 1.30030060e+00 -2.49510646e-01 -2.43771464e-01
    9.44936514e-01 1.58604014e+00 1.46229839e+00 -1.38975799e-01
    4.07216281e-01 -9.68803018e-02 7.22677350e-01 2.34150782e-01
    1.60452199e+00 5.40291131e-01 -9.25474018e-02 2.01709008e+00
    3.85435730e-01 1.03818607e+00 1.58027804e+00 2.04621911e-01
    8.29071999e-01 2.34496936e-01 -4.87569630e-01 8.72579038e-01
    4.40431356e-01 7.86466837e-01 1.02671087e+00 1.45035967e-01
    -6.97618186e-01 8.07246327e-01 -9.60674807e-02 2.86628395e-01
    1.57999289e+00 1.43554258e+00 9.26724672e-01 1.25858796e+00
    8.51044953e-01 9.10081416e-02 -5.68948150e-01 7.30782077e-02
    -1.98157325e-01 1.53374898e+00 1.16261470e+00 4.55980211e-01
    -1.81192160e-01 4.76282060e-01 -5.62715828e-01 8.18750620e-01
    1.03666151e+00 1.09620893e+00 1.45576215e+00 2.99348861e-01
    1.28924310e-01 3.65340039e-02 8.91587496e-01 -4.39771056e-01
    1.15367758e+00 1.18718147e+00 -1.45335719e-01 9.07942355e-01
    8.49623263e-01 -3.58710319e-01 1.00313210e+00 1.16626404e-01
    3.64362821e-02 1.22969818e+00 1.01417070e-03 8.59513760e-01
    1.42209613e+00 -8.73267293e-01 1.20925701e+00 1.62835434e-01
    -4.34788346e-01 1.22935390e+00 8.06297213e-02 -1.95500761e-01
    4.08193171e-02 -4.76463795e-01 8.86176825e-01 7.12187231e-01
    1.43714368e+00 1.54937434e+00 1.41267025e+00 6.44731224e-01
    -5.53547502e-01 -1.78719088e-01 6.73259079e-01 7.69835830e-01
    -5.06867230e-01 -2.10617468e-01 1.03568399e+00 -6.49097785e-02
    -3.04588735e-01 1.66703725e+00 -6.02017164e-01 1.27440441e+00
    1.46313143e+00 4.98634547e-01 -1.01495683e-01 2.68935353e-01
    6.17594361e-01 -7.46146262e-01 5.98006487e-01 -1.62839349e-02
    8.94117594e-01 1.58107102e+00 4.18818206e-01 -4.16838288e-01
    1.80827475e+00 -6.16133451e-01 7.71654844e-01 -1.57888651e-01
    1.62562418e+00 -3.86306673e-01 3.23899060e-01 3.16954963e-02
    3.21184963e-01 1.29772604e+00 1.63242173e+00 1.07239735e+00
    -3.20863813e-01 2.09232032e-01 -3.73194784e-01 1.47669852e+00
    1.49385202e+00 1.51106799e+00 -7.28763342e-01 4.51310486e-01
    1.43423605e+00 -1.87352598e-01 1.40581083e+00 1.04214501e+00
    -6.59808934e-01 3.65963113e-03 -4.28665489e-01 7.09097266e-01
    1.19144213e+00 5.44686466e-02 5.16557693e-02 1.03680491e+00
    1.00142026e+00 1.53761923e+00 6.46368973e-03 -5.71325541e-01
    -2.55108625e-02 4.84421551e-01 -1.16183653e-01 -7.12665692e-02
    5.73442698e-01 1.94795072e-01 -3.11868310e-01 1.52061772e+00
    9.52070415e-01 1.15747380e+00 -5.62202930e-01 -5.02286911e-01
    1.84060669e+00 -6.16484806e-02 8.10554624e-02 1.25999916e+00
    2.44600996e-01 8.09103787e-01 1.41347289e+00 -2.87272006e-01
    9.63641107e-01 1.49332380e+00 1.50831878e+00 5.83900750e-01
    7.94364035e-01 -2.82862723e-01 1.13215721e+00 -6.46873951e-01
    5.46934307e-01 2.07040086e-01 1.52330124e+00 2.95416266e-01
    -2.95609087e-01 6.94247305e-01 4.28356856e-01 1.56018710e+00
    -1.36367857e-01 1.49941075e+00 -5.62615573e-01 2.82777041e-01
    7.78560996e-01 1.11748242e+00 -5.55847883e-01 -5.06028116e-01
    1.02272129e+00 1.22688353e+00 7.08825946e-01 -7.53549755e-01
    -1.78360730e-01 6.39206588e-01 -2.23614305e-01 2.11746752e-01
    9.32474852e-01 -5.53291082e-01 -4.14746761e-01 1.06103218e+00
    1.36932623e+00 6.45222962e-01 3.50712359e-01 1.17632639e+00
    2.37364382e-01 -5.09698093e-02 4.38971579e-01 1.11326110e+00
    1.60984504e+00 -5.44069409e-01 1.32322717e+00 4.97939467e-01
    -2.10140452e-01 1.46861827e+00 1.32645166e+00 1.84839144e-01
    -1.47998601e-01 1.26387680e+00 1.45665073e+00 1.57357061e+00
    1.25572765e+00 2.68276334e-01 1.61792302e+00 1.01408136e+00
    1.50751686e+00 -3.77783000e-01 3.56223255e-01 1.20583844e+00
    2.50259548e-01 -2.83781677e-01 1.66190875e+00 6.39688611e-01
    -1.20622255e-01 -1.59286544e-01 3.33486013e-02 4.97381866e-01
    1.23295474e+00 1.53713000e+00 5.22642314e-01 5.66799581e-01
    6.68243587e-01 1.60322642e+00 1.46696329e-01 5.74712574e-01
    -1.47807032e-01 2.51189381e-01 1.62834966e+00 1.59975183e+00
    6.31441355e-01 -3.64965722e-02 1.18482852e+00 -4.17691410e-01
    6.57145739e-01 4.13099587e-01 -1.00322895e-01 6.48273706e-01
    -1.98850244e-01 -3.78962189e-01 -3.74443680e-01 5.56845516e-02
    -1.77073196e-01 1.05252981e+00 1.01906657e+00 6.63978755e-01
    3.43920261e-01 1.43388975e+00 1.61823884e-01 6.55368268e-01
    -3.01542789e-01 6.48048341e-01 -7.25516230e-02 9.92222488e-01
    5.16841173e-01 1.45394087e+00 7.65170455e-01 -8.42946917e-02
    -2.59222806e-01 -7.83027485e-02 1.38655245e+00 -3.56027573e-01
    -4.58532155e-01 -5.65321267e-01 1.19749174e-01 1.49852943e+00
    3.50418240e-01 1.50103426e+00 8.13602880e-02 8.28039408e-01
    1.63117337e+00 -7.56193884e-03 -5.71542867e-02 -4.31136310e-01
    -3.40207160e-01 -3.54266703e-01 1.14154685e+00 1.67270255e+00
    2.23552108e-01 5.33219755e-01 -1.26505077e-01 -3.39374065e-01
    -1.09573320e-01 7.24448264e-02 -3.53414863e-02 1.40781116e+00
    1.16114795e+00 9.05802310e-01 1.24849439e+00 1.31196725e+00
    2.12693051e-01 1.15529513e-02 8.76355648e-01 1.27386594e+00
    1.52619290e+00 1.07803321e+00 -2.91154057e-01 9.98831153e-01
    8.87463391e-01 3.42034996e-01 1.02933359e+00 1.39637375e+00
    1.23877251e+00 -5.72044671e-01 6.05959594e-01 1.01922584e+00
    1.35073507e+00 1.48138332e+00 1.12040031e+00 -2.62188226e-01
    1.23373973e+00 -3.09558094e-01 1.49275196e+00 9.50680494e-01
    3.84880900e-01 7.36925721e-01 2.47599274e-01 4.78484809e-01
    1.15538025e+00 -4.94843483e-01 6.23796403e-01 1.10014045e+00
    5.59386849e-01 8.84983242e-01 1.41994226e+00 1.32759309e+00
    1.20401978e+00 9.67810690e-01 7.32215634e-03 -1.24711730e-01
    3.44999909e-01 9.74958777e-01 9.39159513e-01 1.20513296e+00
    9.87918258e-01 5.74197531e-01 -5.91702342e-01 6.50512159e-01
    1.40047050e+00 4.63794619e-01 4.14840728e-01 1.07130122e+00
    2.14301482e-01 1.63546896e+00 1.21133554e+00 7.66770005e-01
    -1.81983337e-01 1.09633887e+00 1.16158545e+00 6.46770895e-01
    2.53661454e-01 1.38037384e+00 3.96282017e-01 -4.31760371e-01
    1.79784417e+00 1.42337000e+00 -7.49685526e-01 1.11346936e+00
    1.00931108e+00 1.12849212e+00 1.03874886e+00 1.53987849e+00
    8.98962840e-02 -2.07822412e-01 1.40409219e+00 9.38622653e-01
    1.35012329e+00 1.50680470e+00 -1.47299349e-01 1.45034170e+00
    1.31756574e-01 8.11788201e-01 -4.26184356e-01 5.43751359e-01
    1.71592250e-01 7.25190759e-01 9.41358328e-01 3.39901119e-01
    3.00451010e-01 6.98733106e-02 7.38869607e-01 9.87721920e-01
    6.77424192e-01 7.00591505e-01 6.29732668e-01 -2.36534774e-01
    -1.59572974e-01 1.12371027e+00 1.33919334e+00 7.37479210e-01
    1.17669404e+00 -4.01336491e-01 7.76212931e-01 4.41529632e-01
    -2.59263754e-01 9.35718417e-01 3.14751327e-01 1.42157841e+00
    1.26118863e+00 5.94105646e-02 1.04589105e+00 -7.46029973e-01
    1.48667622e+00 -6.74935520e-01 5.26701689e-01 -3.85396123e-01
    3.03282559e-01 -4.93094087e-01 1.74339533e-01 8.82054508e-01
    -2.28514709e-02 -4.42035228e-01 1.67903638e+00 2.63497829e-01
    -2.72062093e-01 2.90939450e-01 1.96707562e-01 -5.92158139e-01
    -1.00142859e-01 5.06950796e-01 4.84647989e-01 -5.99964440e-01
    5.15251048e-02 2.79747665e-01 1.85398251e-01 6.45514667e-01
    -2.63040572e-01 -5.89699090e-01 1.35087729e-01 1.59915459e+00
    1.37946093e+00 2.17381999e-01 4.14741039e-01 -5.79545081e-01
    -9.61425621e-03 1.56523407e+00 -5.85382223e-01 1.39910722e+00
    -4.51407939e-01 -5.22544146e-01 3.05151910e-01 -3.58628660e-01
    1.64175832e+00 4.52765793e-01 5.96346915e-01 -4.37038571e-01
    1.42730504e-01 -4.85177100e-01 1.14668632e+00 8.80540371e-01
    -4.95594680e-01 3.00299853e-01 -3.98371935e-01 2.57781833e-01
    1.60772991e+00 -4.35136706e-01 9.41771567e-01 -4.58963990e-01
    -8.17316025e-02 1.23509896e+00 1.26075864e+00 1.38527954e+00
    3.54464531e-01 -8.11924398e-01 1.15887749e+00 1.38618624e+00
    -7.44324923e-01 7.65217125e-01 -2.55154997e-01 1.19091630e+00
    1.66905597e-01 6.21874630e-02 -2.95812613e-03 3.05854291e-01
    -4.07955140e-01 -6.40755892e-01 1.55143201e+00 7.61812747e-01
    1.09270208e-01 1.16089797e+00 2.18169272e-01 4.18785155e-01
    8.14237416e-01 5.97029984e-01 1.03225422e+00 5.79907060e-01
    4.22403693e-01 4.05887544e-01 6.03715658e-01 7.50078261e-01
    1.24492013e+00 5.47524681e-03 1.42832458e+00 6.63499385e-02
    6.37720883e-01 1.63503921e+00 1.61581206e+00 3.05325508e-01
    2.58907318e-01 5.39494455e-02 9.93373692e-01 -3.84922981e-01
    -3.69967014e-01 6.32448196e-01 -1.69799164e-01 1.22504540e-01
    -2.63015926e-01 6.24671876e-01 8.95421088e-01 8.96001518e-01
    5.51884174e-01 1.64516628e+00 2.79313564e-01 1.50700104e+00
    1.45445037e+00 8.30560029e-01 3.99458677e-01 6.04196846e-01
    8.99393916e-01 8.74824584e-01 -7.13522434e-01 1.24821281e+00
    -2.80812502e-01 -4.90784794e-01 8.41413498e-01 -4.35044020e-01
    8.29969406e-01 7.33254313e-01 1.32436299e+00 -1.72833074e-02
    -1.39026299e-01 -4.12030041e-01 1.27841544e+00 -2.97771037e-01
    3.28269303e-01 1.52018762e+00 -4.84479129e-01 -5.35427690e-01
    -1.62553077e-03 -6.70571774e-02 1.36208475e-01 8.30219626e-01
    1.09368563e+00 -2.97993630e-01 1.40715539e-01 4.30415645e-02
    4.45898145e-01 -2.78789941e-02 1.49160957e+00 -3.44699264e-01
    -1.78970635e-01 5.45950420e-02 8.78396451e-01 -3.01400602e-01
    2.20732570e-01 -1.67295784e-01 -4.14677918e-01 -1.77371264e-01
    1.64162123e+00 -1.41838074e-01 8.47361743e-01 1.07057178e+00
    -7.19023824e-01 6.95841253e-01 4.61645424e-01 1.23718560e+00
    1.40185893e+00 -4.38424759e-02 1.57278633e+00 1.33109725e+00
    3.54448766e-01 7.36968696e-01 -2.96684057e-01 1.21517515e+00
    1.33018363e+00 -1.52344108e-01 1.50161898e+00 1.48986053e+00
    -2.39847153e-02 7.07638502e-01 1.25576770e+00 2.81430155e-01
    1.50882363e+00 -1.23759601e-02 5.53332627e-01 -4.08671111e-01
    1.35620022e+00 1.29239547e+00 -5.66734612e-01 8.60318899e-01
    4.98456568e-01 7.39781499e-01 -4.89699036e-01 1.09180868e+00
    4.19456005e-01 -4.28036869e-01 6.74604595e-01 1.08358860e+00
    1.22689831e+00 -3.07372451e-01 2.97961205e-01 4.86926943e-01
    -6.45084083e-01 -5.64090729e-01 7.28781283e-01 1.16929984e+00
    8.17500770e-01 -3.40220854e-02 -1.96276486e-01 1.68847489e+00
    -6.73377335e-01 -4.36091155e-01 1.21261740e+00 1.65006340e+00
    8.47722590e-01 -4.75273848e-01 1.87278122e-01 7.16145158e-01
    -6.22664094e-01 -5.06308436e-01 -2.26989433e-01 4.82868910e-01
    8.75086427e-01 -8.01347569e-02 1.93730652e-01 8.84124696e-01
    1.56412125e-01 6.99220300e-01 5.75614452e-01 5.71447983e-02
    -1.05998702e-01 -4.05089371e-02 -7.56290793e-01 7.42917597e-01
    1.61891460e+00 1.27118552e+00 -1.45181492e-01 2.86897063e-01
    -3.24564040e-01 -3.70374590e-01 1.28292486e-01 5.63013196e-01
    7.22133994e-01 1.49283636e+00 9.38201785e-01 -2.30215430e-01
    2.95573175e-01 -9.03648138e-02 2.06362426e-01 1.13652915e-01
    6.74311757e-01 4.37229604e-01 1.05406463e+00 -5.78231812e-01
    9.44510221e-01 8.83240402e-01 4.71231937e-01 -4.22051400e-01
    -1.26738638e-01 1.10523832e+00 3.40357453e-01 1.00656128e+00
    -3.41068774e-01 1.24740386e+00 4.75737244e-01 1.17827189e+00
    -3.80543232e-01 2.10526004e-01 -5.15541136e-01 5.41180134e-01
    1.41913259e+00 3.26484561e-01 7.90649354e-02 1.30893779e+00
    1.52513933e+00 4.51398283e-01 -1.27237290e-01 1.34276390e+00
    1.15384853e+00 2.87720412e-01 5.91782808e-01 1.25991330e-02
    2.71684200e-01 1.63052857e+00 2.61749774e-01 3.53923887e-01
    4.16942865e-01 4.40132201e-01 3.74133825e-01 1.16483040e-01
    1.31957662e+00 1.44005978e+00 1.68174541e+00 -1.73744678e-01
    1.28035998e+00 1.53598416e+00 8.79680574e-01 -5.70672929e-01
    1.25566089e+00 3.68737936e-01 2.61661887e-01 9.59354579e-01
    9.20664430e-01 1.35027397e+00 3.92152518e-01 3.05103153e-01
    4.27274019e-01 -1.20542899e-01 5.35629213e-01 1.52293432e+00
    3.42061579e-01 1.15159333e+00 -4.44709569e-01 -2.84325421e-01
    1.51115692e+00 -8.84731114e-02 1.57050526e+00 -5.81313312e-01
    5.18785536e-01 1.09393001e+00 9.98503923e-01 6.69497252e-01
    1.06232810e+00 -2.38542229e-01 -6.89132929e-01 1.69386375e+00
    1.49700773e+00 -5.29663414e-02 1.27403617e+00 3.52221638e-01
    1.28279090e-01 -6.33798361e-01 7.25786090e-02 2.24893034e-01
    7.63887644e-01 1.36965978e+00 5.92700779e-01 -7.58996606e-01
    1.55543256e+00 3.42991859e-01 9.96128738e-01 -6.44220650e-01
    1.08809280e+00 -6.59336686e-01 1.53781056e+00 7.71534920e-01
    1.05662143e+00 4.97953326e-01 5.59040070e-01 1.05770290e+00
    1.09620225e+00 1.27720153e+00 1.46165252e+00 -4.33487654e-01
    1.27604067e+00 1.20399356e+00 1.56676602e+00 -6.04494929e-01
    1.52373874e+00 1.07302773e+00 2.45164901e-01 1.07149732e+00
    1.60472512e+00 1.39051899e-01 8.10731649e-01 6.82905555e-01
    1.71298301e+00 5.47717929e-01 7.35648990e-01 1.29688168e+00
    1.23068118e+00 -6.61275983e-01 -5.80325365e-01 -1.29148409e-01
    3.68842185e-01 1.49680507e+00 2.94438213e-01 1.43286154e-01
    7.09615052e-01 2.39371151e-01 1.03895497e+00 8.42619538e-01
    1.03930306e+00 -7.40902424e-01 5.26418388e-02 8.93181622e-01
    1.40277064e+00 1.30852973e+00 -5.98680437e-01 7.17757702e-01
    5.34399629e-01 3.66606295e-01 1.75169539e+00 9.84640479e-01
    8.11319292e-01 7.93444365e-02 7.42592871e-01 1.58396375e+00
    -8.23432088e-01 8.26797247e-01 -5.03144860e-01 1.28819060e+00
    -2.00648665e-01 5.39662182e-01 3.69119525e-01 6.18691087e-01
    8.81476179e-02 1.76265264e+00 -3.65832388e-01 1.57579148e+00
    1.39974737e+00 1.31625175e+00 -6.16227370e-03 4.57833230e-01
    1.64452589e+00 -7.59202182e-01 1.00469792e+00 1.70484984e+00
    2.38116905e-01 6.93783998e-01 8.73104513e-01 1.44213140e+00
    7.20509470e-01 -5.37268519e-01 2.91165054e-01 6.15724981e-01
    8.26948404e-01 4.72231954e-01 -3.93752813e-01 1.21889269e+00
    1.13603222e+00 1.53706062e+00 9.18952644e-01 7.37267211e-02
    7.10198209e-02 8.83932505e-03 -8.17050993e-01 1.50438952e+00
    -4.87612188e-01 1.58927763e+00 3.37255031e-01 -2.72182196e-01
    -3.59089285e-01 3.29996765e-01 3.39686237e-02 1.54554653e+00
    1.52434826e+00 2.10509881e-01 -1.46851704e-01 1.54030538e+00
    -2.63920069e-01 7.53763020e-01 -5.13616979e-01 -9.99782085e-02
    7.40748644e-02 1.48333833e-02 1.19226027e+00 9.58990395e-01
    1.18608868e+00 8.80605578e-01 1.76820457e-01 -2.97392439e-02
    -5.10766208e-01 3.95031553e-03 5.22758305e-01 5.23804724e-02
    -5.32165825e-01 1.73298705e+00 -3.86842996e-01 2.37274528e-01
    1.41130197e+00 1.61708260e+00 3.89731467e-01 -4.00423169e-01
    1.05689633e+00 1.69527888e+00 1.33204579e-01 -7.82354623e-02
    6.13013923e-01 1.12369859e+00 9.20983180e-02 8.72115850e-01
    1.05529344e+00 1.45769644e+00 1.36488342e+00 1.19102263e+00
    4.92140621e-01 5.35993099e-01 2.72857964e-01 4.79656607e-01
    -3.62313360e-01 1.52652097e+00 8.54932845e-01 1.64588416e+00
    1.30313361e+00 -5.48920095e-01 9.25601006e-01 1.04122765e-01
    9.64614332e-01 1.10083532e+00 9.54099357e-01 -1.34779692e-01
    8.55127394e-01 8.79439935e-02 -5.16714714e-02 9.90987122e-01
    -3.04389089e-01 1.11094870e-01 1.67125857e+00 -5.79306543e-01
    8.92419159e-01 7.62217581e-01 -1.31323144e-01 9.83858228e-01
    1.42692959e+00 9.16448772e-01 1.15965688e+00 1.47744763e+00
    7.99207568e-01 -3.91380191e-01 -4.44110595e-02 -2.20077053e-01
    6.54867470e-01 -5.76327384e-01 8.05432618e-01 -5.52236855e-01
    1.67843986e+00 1.64134943e+00 3.70455831e-01 1.53165364e+00
    5.31070709e-01 -2.52739429e-01 -1.30943984e-01 -6.98449612e-02
    7.55685627e-01 2.06321806e-01 7.41069466e-02 1.59951305e+00
    6.27702534e-01 1.53628290e-01 1.69209647e+00 -6.86471820e-01
    8.71419311e-01 1.25515079e+00 1.05840039e+00 -2.05663398e-01
    -3.02169710e-01 6.31359100e-01 1.30997682e+00 -3.85046273e-01
    9.13924038e-01 -3.27726573e-01 -4.53736216e-01 5.92251301e-01
    8.97239685e-01 -4.91400510e-01 7.13734686e-01 3.16659182e-01
    8.21855783e-01 6.09598279e-01 -6.49115145e-01 4.64592189e-01
    1.31910288e+00 6.51587248e-01 -3.99107747e-02 1.63647354e+00
    -4.04783756e-01 8.00903678e-01 1.44165874e+00 1.52740896e+00
    1.27356768e+00 -6.34907305e-01 1.30732274e+00 -5.20317629e-02
    -7.37253726e-02 8.93634677e-01 4.94763494e-01 -3.16187054e-01
    6.37175441e-01 1.11561394e+00 -1.55090064e-01 1.21442616e+00
    1.21602289e-01 1.95145652e-01 1.19114208e+00 -5.66697061e-01
    -2.36434699e-03 -5.98606095e-03 1.57691550e+00 -7.84943700e-01
    9.31675136e-01 1.37199676e+00 6.39635026e-01 1.64090073e+00
    -6.86956763e-01 1.33953309e+00 1.52914202e+00 6.26889825e-01
    -6.80733144e-01 9.60812569e-01 -2.35705003e-02 2.77867377e-01
    9.73701477e-01 1.57694232e+00 5.86829543e-01 -3.48500937e-01
    -4.65688497e-01 -9.21482891e-02 9.26894844e-01 1.32383728e+00
    -6.92696095e-01 1.48672783e+00 6.62461460e-01 -5.37342072e-01
    3.37631613e-01 6.77551746e-01 1.31197357e+00 1.39319420e+00
    4.59413975e-02 6.25301242e-01 1.83713496e+00 1.26111090e+00
    -1.89341113e-01 -2.87207276e-01 -3.55986029e-01 1.64024234e+00
    1.34063542e-01 9.52424288e-01 -4.71577555e-01 9.08176363e-01
    -5.87858379e-01 7.70673692e-01 8.17618787e-01 7.40623415e-01
    7.33989775e-01 5.16285837e-01 7.98202157e-01 -3.15027535e-01
    -3.74694645e-01 3.07029366e-01 1.44385779e+00 1.65413082e+00
    -5.50720453e-01 -6.63700774e-02 -4.33273971e-01 1.60672152e+00
    -6.86327040e-01 -8.36904943e-02 8.82989228e-01 2.54947454e-01
    1.28432322e+00 -1.89610049e-01 -1.53903902e-01 8.07477891e-01
    6.69716775e-01 1.01655412e+00 5.10412693e-01 -1.42928123e-01
    9.47453558e-01 -4.83134240e-01 1.29675910e-01 -3.53102624e-01
    3.22817028e-01 -1.30842045e-01 -3.85282934e-01 6.40836418e-01
    -2.38195941e-01 -2.38279983e-01 8.11159968e-01 1.67127514e+00
    -6.73367918e-01 9.76849318e-01 -6.51605427e-01 2.86374867e-01
    2.29478460e-02 1.40570807e+00 -2.78761894e-01 -3.83117646e-01
    8.93335998e-01 6.20365560e-01 1.40431762e+00 5.12275279e-01
    1.08405185e+00 -5.06536126e-01 1.35148838e-01 1.39560795e+00
    -7.17678964e-01 1.70331657e-01 2.21045002e-01 -6.57443106e-01
    1.60142088e+00 1.15749073e+00 2.37981543e-01 1.04285955e+00
    -7.73258686e-01 -6.41451061e-01 1.12736630e+00 1.21453071e+00
    1.69794858e+00 7.97511101e-01 2.98188716e-01 -3.23298723e-01
    1.10770941e+00 1.36849332e+00 1.24217772e+00 1.00874078e+00
    6.11145973e-01 1.48875988e+00 -4.01959568e-02 1.60135245e+00
    4.93142396e-01 -3.47382456e-01 1.10538363e+00 -2.90067166e-01
    2.97408670e-01 3.21440041e-01 1.42649221e+00 9.88322735e-01
    1.50477970e+00 1.30303538e+00 1.22036445e+00 1.43837178e+00
    -2.70028383e-01 2.51558423e-01 1.27345371e+00 -3.59965503e-01
    -5.41884363e-01 1.30251385e-02 2.06275582e-01 5.15406549e-01
    1.53783536e+00 1.03734350e+00 -4.00388509e-01 9.57119048e-01
    4.00471389e-01 -6.62453324e-02 8.20205986e-01 1.27425790e+00
    2.46998966e-01 -3.59007746e-01 1.35896039e+00 -8.48502636e-01
    1.15456402e+00 2.78497279e-01 1.28781128e+00 1.04398869e-01
    1.45161748e+00 9.18063283e-01 -2.23078549e-01 1.12903047e+00
    -9.60685313e-02 1.36875629e+00 1.30108333e+00 5.87836802e-02
    -6.35642171e-01 1.29875457e+00 9.32699323e-01 -4.80705768e-01
    1.07780695e+00 1.51764894e+00 6.21009827e-01 -4.33026433e-01
    1.56950861e-01 1.59497452e+00 -7.19866514e-01 1.44896984e+00
    -5.60758948e-01 1.41024232e+00 6.47173226e-01 -3.62927467e-01
    -4.06129062e-01 1.52507985e+00 1.57705271e+00 6.59426332e-01
    3.34219724e-01 8.05626452e-01 8.19391012e-01 -1.68225691e-02
    6.54178679e-01 1.27306116e+00 1.52888060e+00 7.02025235e-01
    -5.95675349e-01 8.67427170e-01 -7.19439209e-01 5.01939654e-02
    9.69219744e-01 2.01955840e-01 2.34853402e-01 8.33624601e-01
    1.71243703e+00 -7.11003423e-01 -1.96167633e-01 1.25440907e+00
    3.13200682e-01 6.57242835e-01 1.23535836e+00 6.72568977e-02
    4.69280481e-01 -9.77288634e-02 -1.68427810e-01 -4.29817587e-01
    6.92661941e-01 -6.41475558e-01 -3.42526346e-01 6.14648402e-01
    8.38497341e-01 5.86488008e-01 1.63086319e+00 9.57212090e-01
    9.62326407e-01 1.11388743e+00 1.41118312e+00 -1.84445560e-01
    1.41997218e+00 1.35103893e+00 -1.95969850e-01 1.09015405e-01
    1.71709037e+00 1.38863945e+00 1.36566710e+00 -1.46324903e-01
    -6.10596716e-01 1.02974057e+00 -3.72213684e-02 -3.78512651e-01
    7.14442909e-01 4.79616910e-01 4.97463256e-01 2.95272052e-01
    4.34874296e-01 9.05449837e-02 1.12459457e+00 -7.23729655e-02
    -9.21584442e-02 -8.59568939e-02 1.37400687e+00 1.44225633e+00
    8.37291420e-01 -6.13394618e-01 8.36194754e-01 -3.35400164e-01
    9.44884419e-01 1.58393776e+00 1.17361307e+00 -2.57191926e-01
    3.89339149e-01 1.08988440e+00 3.75463396e-01 1.30707836e+00
    -5.52702367e-01 1.09528160e+00 4.52639818e-01 1.69469988e+00
    1.74897397e+00 2.88761824e-01 6.88761771e-01 1.40448368e+00
    9.20817196e-01 -1.57860190e-01 1.57296574e+00 -4.21466172e-01
    -5.00758886e-01 8.09303641e-01 -2.11304307e-01 1.89898282e-01
    -1.73946144e-03 -2.17211857e-01 8.33989918e-01 -7.93494642e-01
    4.49768245e-01 7.19451070e-01 -1.85100764e-01 1.62465143e+00
    8.46802950e-01 -4.73465413e-01 -3.58485818e-01 1.55358052e+00
    1.98072195e+00 7.44914830e-01 -7.03886807e-01 -4.57924232e-02
    1.08299685e+00 1.54698336e+00 1.58528304e+00 1.23282886e+00
    9.76562917e-01 1.05362296e+00 1.59215665e+00 -6.87978268e-01
    3.21388096e-01 1.08116460e+00 8.24981630e-02 2.44687438e-01
    -5.20455122e-01 1.48170665e-01 1.49661052e+00 1.20279527e+00
    -5.69369674e-01 5.20423591e-01 1.69861841e+00 1.12631142e+00
    2.33882710e-01 -3.72319460e-01 6.28972769e-01 3.14815819e-01
    -1.70685619e-01 -9.78497565e-02 1.29961276e+00 1.40910554e+00
    1.49472094e+00 1.41090810e+00 9.24325466e-01 -1.75374284e-01
    2.67365515e-01 6.41148686e-01 -8.39638039e-02 5.07128119e-01
    4.23168391e-01 1.27234006e+00 1.16533005e+00 3.36674750e-01
    1.12308598e+00 9.54793692e-01 -3.69166255e-01 -4.74477708e-01
    1.27870893e+00 5.84453702e-01 -4.42854285e-01 1.46401882e+00
    2.83649445e-01 -8.05386808e-03 -5.73070407e-01 1.49890721e+00
    6.55057609e-01 4.07768816e-01 -3.88199866e-01 -1.78271338e-01
    -2.93611497e-01 3.47287595e-01 4.26861793e-02 -3.93793315e-01
    -7.94122666e-02 1.37129319e+00 1.11815476e+00 1.55650234e+00
    8.70627880e-01 4.16251004e-01 8.99273932e-01 6.83726788e-01
    1.38620436e+00 8.19994211e-01 -6.33639991e-01 7.03398705e-01
    -5.64251184e-01 -1.73215345e-01 -3.11303020e-01 1.27695486e-01
    1.21440876e+00 -7.86492467e-01 3.68343115e-01 1.37703490e+00
    4.76433665e-01 7.19472110e-01 2.59834647e-01 -4.07481968e-01
    1.76097341e-02 9.26123440e-01 7.86125720e-01 1.03691947e+00
    -5.71488500e-01 2.78646976e-01 -6.62575543e-01 2.65033066e-01
    8.10902119e-01 1.19992876e+00 9.74221587e-01 -1.47629455e-01
    -8.85768011e-02 1.21468389e+00 -2.43924350e-01 5.90268672e-01
    -5.65804064e-01 1.30212152e+00 7.39280581e-01 -1.35173410e-01
    -9.82293859e-02 -9.59373266e-02 -6.06055737e-01 9.05196428e-01
    -6.13252930e-02 1.04718542e+00 9.39864993e-01 1.51705897e+00
    6.17225885e-01 6.48233712e-01 -5.80923736e-01 1.41173840e+00
    1.58653855e+00 9.96605694e-01 6.02523327e-01 8.28533173e-01
    -2.14471340e-01 1.65138555e+00 -5.08429885e-01 1.50791422e-01
    1.50220978e+00 -7.28002608e-01 1.63782585e+00 3.74434322e-01
    -7.66729653e-01 1.56344497e+00 8.74579191e-01 -6.58955216e-01
    1.57919908e+00 -2.51515299e-01 6.12895846e-01 9.99251962e-01
    3.26547414e-01 7.51643896e-01 1.34652877e+00 2.47003227e-01
    -1.52634576e-01 -7.54043758e-02 4.02942151e-01 2.95740247e-01
    9.27006379e-02 6.60963655e-02 -6.17462277e-01 -5.73700011e-01
    -5.22539854e-01 -2.80526400e-01 3.51275265e-01 -1.20681852e-01
    6.56509101e-01 -3.90104562e-01 -5.19182801e-01 1.18323219e+00
    3.11549097e-01 -3.38454545e-01 4.12078798e-01 -7.85700381e-02
    1.36067903e+00 3.60568166e-01 2.22202867e-01 -4.52440888e-01
    1.12323499e+00 5.60520470e-01 -3.25970049e-03 -7.76006401e-01
    1.26570058e+00 9.39239681e-01 1.43969864e-01 -3.66625249e-01
    3.12221050e-01 5.00260592e-01 1.66350460e+00 3.76946270e-01
    1.72257245e+00 8.39563191e-01 9.84640896e-01 9.54725325e-01
    9.68441129e-01 5.03998458e-01 1.12241650e+00 -6.06681287e-01
    2.43554801e-01 3.27860117e-02 -5.98464370e-01 -2.33080059e-01
    3.40989023e-01 6.52565539e-01 -5.73207498e-01 -4.79052186e-01
    7.99853444e-01 9.71866429e-01 1.95907354e-01 5.21545887e-01
    1.56321228e+00 1.28201962e+00 1.25240135e+00 1.38940692e-01
    -1.29697502e-01 -5.00841737e-01 1.61488795e+00 -6.88300490e-01
    -2.20840406e-02 1.07448924e+00 4.95430797e-01 7.61361301e-01
    9.90020871e-01 -6.74681246e-01 -6.75324261e-01 -1.45057902e-01
    -1.26542643e-01 8.55618954e-01 1.66555786e+00 1.65995550e+00
    -6.79360092e-01 1.07542956e+00 1.30157852e+00 1.55897963e+00
    7.05954254e-01 -6.39119446e-01 8.99436831e-01 3.12565953e-01
    5.49729578e-02 8.01734179e-02 2.44048506e-01 5.93221247e-01
    -5.54002345e-01 -1.67867094e-01 -4.29527849e-01 -6.18802071e-01
    -6.68854475e-01 -6.44073589e-03 -2.59097487e-01 1.07152545e+00
    1.26757920e+00 -4.72069323e-01 6.80064738e-01 1.68296897e+00
    1.50973892e+00 1.07124269e+00 8.31991553e-01 1.53014839e+00
    1.38600445e+00 1.55351341e-01 -4.21878010e-01 1.20457757e+00
    3.38112026e-01 1.15415013e+00 -1.89989150e-01 2.47304749e+00
    -2.29740605e-01 8.11737299e-01 3.54326308e-01 1.00985789e+00
    7.73099214e-02 -4.12041008e-01 1.45045018e+00 -4.16508496e-01
    8.60907197e-01 4.14392620e-01 -3.65473717e-01 -1.00564817e-02
    8.47449839e-01 1.23765469e+00 1.22156334e+00 -7.14025199e-01
    1.07642019e+00 1.61344433e+00 5.75142741e-01 1.45548236e+00
    1.23417568e+00 -2.98077881e-01 -1.07406907e-01 4.13048834e-01
    1.47800136e+00 6.91945314e-01 5.70051134e-01 1.53250685e-02
    8.76738429e-01 -2.75595158e-01 7.25334510e-02 6.97847307e-01
    -4.99295831e-01 1.29367575e-01 1.54779446e+00 3.50034893e-01
    -4.75927860e-01 1.60001659e+00 -1.86032698e-01 1.32006836e+00
    1.75043797e+00 -6.75279975e-01 1.49740016e+00 4.90196347e-01
    8.72645795e-01 1.89294606e-01 -2.24492420e-02 1.90403312e-01
    5.93565583e-01 1.74964166e+00 3.85645866e-01 -5.15395641e-01
    1.62361538e+00 -3.35023612e-01 -1.38433427e-01 6.01343155e-01
    1.09452471e-01 1.79727510e-01 1.25568545e+00 4.93469298e-01
    5.59923887e-01 1.67093778e+00 7.06812620e-01 -7.09563941e-02
    9.83373582e-01 5.07868305e-02 -2.17866134e-02 -7.09114075e-01
    9.63489771e-01 1.30580163e+00 -2.01103896e-01 7.97209382e-01
    1.13707173e+00 -6.57491088e-01 3.10364723e-01 1.35568845e+00
    3.35319161e-01 -8.81922394e-02 8.54078114e-01 -1.20016813e-01
    1.36497307e+00 -6.96042836e-01 1.05829442e+00 1.64416659e+00
    4.49443281e-01 5.63011050e-01 3.85688573e-01 8.15751493e-01
    -1.33668827e-02 5.19279718e-01 8.82906616e-01 7.03660399e-02
    1.88069921e-02 3.59633751e-02 4.07409221e-01 1.35189795e+00
    -3.66585255e-01 1.96864065e-02 8.83274198e-01 6.86149538e-01
    2.86849588e-01 7.73074090e-01 1.06719404e-01 4.82457906e-01
    1.78029108e+00 1.08199728e+00 4.59913224e-01 -5.51231742e-01
    7.64152586e-01 1.11522250e-01 1.61021781e+00 -4.80468035e-01
    5.77190340e-01 5.52101851e-01 -2.93390900e-01 -7.63297677e-01
    1.48855233e+00 1.62942684e+00 -3.13625842e-01 -4.40275311e-01
    1.52765954e+00 6.65480494e-02 4.12599295e-01 -6.38985455e-01
    -4.69510585e-01 -1.25810772e-01 1.58261940e-01 6.80666149e-01
    4.92093891e-01 -1.91102341e-01 -3.58449742e-02 1.49309766e+00
    -2.67225266e-01 7.44995296e-01 1.61638832e+00 -2.77770728e-01
    7.03189850e-01 -3.67359519e-01 5.15567362e-01 1.40932965e+00
    7.74841979e-02 -6.73040330e-01 7.81440973e-01 3.35304677e-01
    6.09143019e-01 4.24108468e-02 6.56656325e-01 1.51725459e+00
    1.41208923e+00 1.03583670e+00 3.83151770e-01 7.40014613e-01
    9.62334275e-01 1.37049139e+00 -2.36779243e-01 1.66702700e+00
    8.98006916e-01 7.06114650e-01 -2.02127248e-02 1.20289016e+00
    1.50805318e+00 1.02693558e+00 8.88956845e-01 -1.52055234e-01
    9.66601074e-01 4.77768481e-01 1.17046595e+00 7.75441945e-01
    1.23260224e+00 -2.74773594e-03 1.14996982e+00 1.38396597e+00
    1.42685819e+00 1.59428805e-01 -6.29145920e-01 1.00266659e+00
    6.78428948e-01 1.19894218e+00 7.10402131e-01 -1.06721371e-01
    1.28220868e+00 1.71244848e+00 -2.96603382e-01 9.71748590e-01
    1.05868649e+00 -6.96270287e-01 -2.90398777e-01 4.07783002e-01
    1.09007263e+00 -4.73897845e-01 1.02013958e+00 4.73722070e-01
    1.39409471e+00 5.00964105e-01 -2.69851387e-01 8.85022283e-02
    3.16506684e-01 9.40185487e-02 -1.16419770e-01 -3.40208590e-01
    4.72461164e-01 -3.60099584e-01 -3.47249925e-01 9.49621439e-01
    9.92416859e-01 1.56623483e+00 5.90687096e-01 5.29451728e-01
    2.03735903e-01 1.04410839e+00 -3.89530420e-01 -5.92266679e-01
    1.50641668e+00 5.33159673e-01 1.30241108e+00 -5.88458359e-01
    1.35031056e+00 1.69820154e+00 -6.87109768e-01 -2.21956849e-01
    1.37134850e-01 6.77393496e-01 3.70781153e-01 8.85324240e-01
    1.35433590e+00 1.05261278e+00 -2.19090417e-01 1.62041461e+00
    1.56195068e+00 -5.11794806e-01 -7.38111213e-02 -1.58874869e-01
    1.11535335e+00 9.06368271e-02 1.68102551e+00 -4.54226702e-01
    1.64440250e+00 -5.02762616e-01 1.40144253e+00 -5.86830318e-01
    1.66127956e+00 -2.19424859e-01 -3.53895843e-01 6.26241326e-01
    -3.88926983e-01 8.52291107e-01 -7.47671068e-01 1.29750991e+00
    8.19731116e-01 -1.08147733e-01 7.25487411e-01 -6.25381947e-01
    5.78933299e-01 1.03450358e+00 5.68725646e-01 1.48161399e+00
    -3.81552666e-01 1.38517904e+00 1.23669684e+00 1.10268593e+00
    1.20788205e+00 -6.87052608e-02 1.17490387e+00 7.39221036e-01
    6.67790115e-01 8.91225934e-01 -6.07794642e-01 -3.76049697e-01
    6.89631045e-01 9.56304252e-01 -4.91838872e-01 6.55798078e-01
    8.95927250e-02 2.52124488e-01 6.22468472e-01 2.08218068e-01
    9.55763739e-03 6.83246553e-01 -6.16059780e-01 1.17394602e+00
    2.05564782e-01 2.53673613e-01 1.13528073e+00 1.19768691e+00
    -1.79080263e-01 1.04701054e+00 8.02291334e-01 -4.47077811e-01
    -1.54153302e-01 3.94310765e-02 -6.07523024e-01 -1.67067610e-02
    1.84096426e-01 -1.46312844e-02 9.70165849e-01 -5.17602324e-01
    1.01612365e+00 -1.89250931e-01 7.78904319e-01 1.32954285e-01
    1.51083934e+00 1.67306924e+00 4.17952836e-01 8.41746569e-01
    -5.28279245e-01 1.11672378e+00 2.34710902e-01 2.74621304e-02
    5.21954954e-01 7.14681089e-01 1.43872428e+00 -4.40996259e-01
    9.28875268e-01 1.58019006e+00 -4.22975987e-01 3.61388326e-01
    3.23590070e-01 4.02354658e-01 1.74324667e+00 -1.12301663e-01
    -6.61108037e-03 7.26917312e-02 9.35830534e-01 -6.75381199e-02
    8.90771270e-01 -7.25559473e-01 6.63494915e-02 1.19326067e+00
    1.54169023e-01 1.61276209e+00 5.05030692e-01 7.00987697e-01
    6.22881651e-01 1.25436819e+00 1.47346663e+00 6.74641132e-01
    -6.00870073e-01 5.00524819e-01 -2.54009336e-01 -6.98559582e-01
    6.71047866e-02 1.66735220e+00 8.08656871e-01 1.10007572e+00
    8.16068530e-01 -1.05174825e-01 1.09831166e+00 3.46815854e-01
    -4.22754675e-01 3.52051891e-02 -7.40584582e-02 1.19323993e+00
    -1.33141652e-01 -2.46863440e-01 8.72608244e-01 4.59696472e-01
    -5.87703824e-01 -4.79607135e-01 7.25514710e-01 1.57497469e-02
    3.49902123e-01 1.70048022e+00 4.75939304e-01 -4.82811123e-01
    1.37441730e+00 4.54503149e-01 -1.48751780e-01 -1.71260117e-03
    5.86308725e-03 3.12113971e-01 1.34749854e+00 9.17813897e-01
    9.13419962e-01 -7.78270304e-01 1.18867910e+00 2.38759026e-01
    1.45767045e+00 5.37392974e-01 8.12660038e-01 5.93802094e-01
    6.78255498e-01 -5.67664690e-02 -5.40164948e-01 7.85857856e-01
    5.17608464e-01 2.51344323e-01 1.74133575e+00 -3.16053212e-01
    1.45801640e+00 -5.51208377e-01 6.89952493e-01 1.56141067e+00
    1.55899608e+00 8.28727841e-01 1.97586879e-01 -5.38951337e-01
    -3.69335376e-02 1.49097085e+00 1.35435522e+00 1.89123243e-01
    -4.70764577e-01 1.05030760e-02 -2.67962366e-01 -4.46965784e-01
    1.69329882e+00 -5.11423528e-01 -4.47848409e-01 -4.11404788e-01
    3.69509935e-01 3.89811009e-01 9.83555377e-01 1.50843751e+00
    -3.98652285e-01 1.22379231e+00 9.65962410e-01 4.78678375e-01
    8.83976340e-01 -5.17263234e-01 1.02344084e+00 5.83350599e-01
    4.56592441e-01 1.73279381e+00 -6.35317802e-01 5.66399097e-01
    1.52334678e+00 1.61357924e-01 2.33908057e-01 1.64689291e+00
    -1.03982769e-01 -6.00380361e-01 -2.17209220e-01 3.26173678e-02
    1.45741355e+00 8.07891786e-01 7.69327819e-01 -3.87606889e-01
    -1.61419302e-01 -3.07029992e-01 1.14203572e+00 -1.50529176e-01
    2.24200681e-01 1.56313670e+00 6.31267130e-01 8.85968745e-01
    6.79496825e-01 5.53906143e-01 1.46941161e+00 9.64941025e-01
    1.87049940e-01 1.14342594e+00 6.78084493e-01 -4.35564905e-01
    1.57536566e+00 4.07751262e-01 1.10311759e+00 8.23405385e-02
    1.47827125e+00 -2.42178351e-01 1.30159366e+00 4.72063988e-01
    7.65702784e-01 -6.30296648e-01 1.29123461e+00 4.24301952e-01
    5.32869935e-01 7.82877207e-01 -7.00800657e-01 8.72564137e-01
    1.33249807e+00 4.70571220e-01 7.99095929e-01 1.44123089e+00
    1.27717447e+00 3.03519219e-01 -5.48293114e-01 1.16630173e+00
    1.24970770e+00 1.54591167e+00 -4.75567132e-01 1.27077842e+00
    -6.23347163e-01 -8.32738280e-02 2.37980500e-01 1.77115870e+00
    -2.08161950e-01 3.15319866e-01 1.94848217e-02 1.15919769e-01
    4.78866726e-01 -6.41322851e-01 8.55858982e-01 1.10676420e+00
    1.59601152e+00 -6.28234506e-01 1.03359044e+00 -5.74418068e-01
    8.18438530e-01 1.24091947e+00 1.42060125e+00 -1.74520537e-01
    5.91348350e-01 1.53628858e-02 1.32444739e+00 9.97244596e-01
    5.84904850e-01 1.00601518e+00 4.08328176e-01 1.44218600e+00
    -4.85938847e-01 1.49317884e+00 -1.23754293e-01 4.23789829e-01
    -1.46636907e-02 1.73115477e-01 1.18939209e+00 4.00179923e-01
    -5.21888614e-01 -2.44581401e-01 4.37684178e-01 -3.85984242e-01
    4.48473155e-01 5.54155290e-01 1.59439957e+00 5.83062589e-01
    5.24149299e-01 -1.12412564e-01 1.92959011e-01 1.13000560e+00
    8.85921359e-01 8.05315554e-01 -1.51245192e-01 5.80308139e-01
    9.89084005e-01 1.30227494e+00 -4.82716411e-01 1.21977317e+00
    9.46379304e-01 5.41570663e-01 -5.92030406e-01 1.08112228e+00
    -1.98779181e-01 8.83593321e-01 -2.13731453e-01 1.20144165e+00
    -1.29294351e-01 1.81231093e+00 -4.79670554e-01 1.69731629e+00
    1.64255142e-01 1.20882308e+00 1.35141194e-01 1.30209588e-02
    -3.98278385e-01 -4.55672741e-01 -4.87171531e-01 1.95311997e-02
    2.89629430e-01 -7.67098442e-02 1.30692637e+00 -5.83769023e-01
    2.24107519e-01 -4.66537625e-01 1.05319154e+00 6.49700880e-01
    -4.21939582e-01 7.93708086e-01 4.94415820e-01 3.40849638e-01
    -5.97973764e-01 -5.46383679e-01 1.21527076e+00 2.15093344e-01
    2.07223251e-01 9.00710881e-01 -7.11129010e-02 1.62713528e-01
    1.74105811e+00 5.31703681e-02 7.49078810e-01 3.73284429e-01
    4.44442004e-01 5.37020206e-01 8.11016560e-02 1.27064455e+00
    7.19337642e-01 9.10568357e-01 1.56371963e+00 5.18887267e-02
    2.66582042e-01 6.26135394e-02 6.28233850e-01 1.48693240e+00
    1.39994323e+00 -5.41242480e-01 4.05804187e-01 -4.30032223e-01
    1.05415964e+00 6.65340364e-01 -2.68157661e-01 9.17965293e-01
    1.51231742e+00 -1.90044746e-01 4.75937426e-02 9.84003782e-01
    1.12601590e+00 1.66944563e+00 1.57332754e+00 9.97616112e-01
    9.19408202e-01 1.56488562e+00 -4.33719873e-01 9.93643999e-01
    1.74946678e+00 1.46856558e+00 -1.16901532e-01 -5.91369160e-03
    -6.91365182e-01 1.09172606e+00 -2.43643746e-02 -3.37974697e-01
    1.01095831e+00 7.33439565e-01 6.58548594e-01 2.20151976e-01
    5.88463664e-01 1.62752390e+00 8.24907899e-01 -4.42971706e-01
    8.68237019e-02 1.12177134e+00 1.13779473e+00 1.77948385e-01
    5.24727702e-01 7.41631389e-01 2.80877620e-01 9.78777528e-01
    1.62005973e+00 1.53070331e-01 -2.85720140e-01 1.16392291e+00
    9.63017523e-01 1.73073280e+00 -1.52223364e-01 6.80327058e-01
    -5.60856283e-01 7.86566019e-01 1.62523723e+00 1.48380399e+00
    5.22312880e-01 -4.73469138e-01 1.16480947e+00 9.68975723e-01
    1.15209687e+00 3.99426788e-01 1.31262457e+00 -1.74044013e-01
    3.77887022e-03 -4.95022595e-01 4.25039232e-02 8.03948760e-01
    6.71473324e-01 -1.24101587e-01 5.73236346e-01 1.18308924e-02
    9.12259042e-01 -2.03929335e-01 -1.12579219e-01 -3.54879200e-01
    6.37471914e-01 8.06142509e-01 -7.96241701e-01 6.36710763e-01
    5.99311829e-01 -1.44260943e-01 -4.38829929e-01 -6.12845197e-02
    -5.46454251e-01 -5.48092723e-01 7.63899609e-02 8.41412519e-04
    -5.85350871e-01 6.47857368e-01 1.57090068e+00 2.81846493e-01
    8.25840712e-01 4.33499962e-01 7.81641006e-01 1.60955429e+00
    4.67001885e-01 1.19742060e+00 9.77877498e-01 -2.31774300e-01
    -8.62937048e-02 2.78812110e-01 -1.86616838e-01 1.37056839e+00
    7.88706422e-01 8.59970033e-01 1.39247179e+00 -7.38933027e-01
    1.30992329e+00 7.07942367e-01 -7.30991960e-01 1.17344618e+00
    8.38718042e-02 1.31270754e+00 1.06358719e+00 1.00484514e+00
    1.38686275e+00 6.51015401e-01 8.95912051e-01 4.11496997e-01
    1.42101097e+00 2.56830692e-01 -3.08038205e-01 1.16251850e+00
    -4.65277433e-01 1.01287055e+00 3.04949790e-01 1.64432883e+00
    1.16153753e+00 9.13320601e-01 1.48728633e+00 -2.88289458e-01
    3.23896587e-01 1.53807592e+00 -4.69176173e-01 -4.39425409e-01
    -5.46917677e-01 7.00205266e-01 1.75621223e+00 1.45223236e+00
    8.77973676e-01 7.63814198e-03 1.49633422e-01 1.15572393e+00
    -5.38514853e-01 8.48270431e-02 1.25178382e-01 -3.35888982e-01
    7.90553689e-01 1.25115171e-01 9.30044726e-02 7.35823810e-01
    6.60848856e-01 1.77476387e-02 1.42337632e+00 8.74603093e-01
    -3.30149531e-01 1.02520192e+00 -5.06767631e-01 6.05061889e-01
    1.38097560e+00 4.83609796e-01 -7.73842037e-01 1.15105212e-01
    -5.14376938e-01 4.81938809e-01 -5.36507845e-01 1.31330287e+00
    -1.81796968e-01 1.27916777e+00 -2.61275619e-02 1.65409601e+00
    -3.29659134e-01 -3.99003297e-01 1.73774093e-01 4.28519905e-01
    1.31624520e+00 9.99207944e-02 3.88571084e-01 1.27643323e+00
    2.29015291e-01 -3.68524224e-01 3.10290903e-01 3.51408869e-01
    -5.44820845e-01 1.03008211e-01 1.16027570e+00 -3.91597778e-01
    9.21883047e-01 1.05327845e+00 9.61810768e-01 1.46305704e+00
    4.22186777e-02 4.93425041e-01 1.35686374e+00 6.16979599e-01
    8.02220762e-01 1.67900634e+00 3.04920733e-01 -6.01124763e-01
    3.36075515e-01 2.27940038e-01 -4.29440111e-01 -4.88256544e-01
    -1.19350031e-01 2.12643385e-01 1.45182228e+00 -6.30335271e-01
    1.01036429e-01 1.38386095e+00 1.08808768e+00 4.46372293e-02
    1.02587581e+00 1.63201940e+00 3.72167110e-01 5.95017076e-01
    1.21278787e+00 2.94336915e-01 1.52393401e+00 1.10041983e-01
    -1.52058363e-01 9.28142309e-01 1.55215991e+00 -5.62629759e-01
    1.21820652e+00 1.20853889e+00 1.21481347e+00 1.34168708e+00
    -6.14063144e-02 1.59842813e+00 -1.65903315e-01 1.87446520e-01
    1.42270517e+00 1.07466328e+00 1.28730726e+00 3.48157018e-01
    1.05254889e+00 -6.92259490e-01 1.61342871e+00 6.31664336e-01
    -3.85106593e-01 6.18231855e-02 -3.76845628e-01 1.58283460e+00
    1.25218987e+00 2.36603376e-02 1.05818963e+00 1.67027920e-01
    3.98822337e-01 9.64740217e-02 1.59106100e+00 3.21418911e-01
    7.32239068e-01 -3.50551784e-01 1.03614247e+00 -1.13923810e-01
    7.17618942e-01 6.00139678e-01 1.69215107e+00 2.32542783e-01
    6.95207655e-01 1.60898542e+00 -1.58072293e-01 -2.07577750e-01
    4.75309640e-01 2.96006292e-01 1.16655207e+00 1.08684254e+00
    9.26301777e-01 -2.10067332e-01 4.74871248e-02 6.66451395e-01
    3.45061153e-01 1.36206019e+00 1.12972713e+00 -2.56507933e-01
    -7.12170839e-01 1.71789736e-01 -7.39456713e-01 1.45278192e+00
    -2.08001032e-01 9.01873350e-01 6.21864665e-03 1.25715852e+00
    3.54943722e-01 3.41348350e-01 3.33676040e-01 1.16008170e-01
    -3.72445464e-01 9.38040257e-01 8.34519029e-01 7.44033992e-01
    -4.58792239e-01 1.71251297e-01 6.73460186e-01 1.07289505e+00
    3.63268614e-01 1.83529139e-01 1.08265841e+00 1.33986759e+00
    2.46355593e-01 -5.27615011e-01 8.04134965e-01 9.81636643e-01
    3.57531160e-01 -1.81531951e-01 -5.87136507e-01 3.74200195e-02
    -2.77626723e-01 -4.82589364e-01 -3.38870674e-01 3.79867703e-02
    1.00955673e-01 3.63537610e-01 -5.58435977e-01 1.06765795e+00
    1.25841451e+00 1.60257375e+00 8.80923569e-01 1.72212589e+00
    5.82574308e-02 1.48412257e-01 7.31161594e-01 1.60896993e+00
    1.15483117e+00 -4.43744838e-01 5.83341122e-02 -4.56557274e-01
    2.96405315e-01 -2.50323892e-01 4.74899262e-01 5.95067561e-01
    1.37940156e+00 1.28897285e+00 -3.10085952e-01 1.45592618e+00
    1.51818144e+00 3.55311006e-01 6.89353943e-02 -2.51019776e-01
    1.73559511e+00 1.45999730e+00 5.19412339e-01 1.49057901e+00
    -5.10568380e-01 4.27633464e-01 1.39434445e+00 1.94620177e-01
    -4.24627095e-01 1.09596992e+00 2.68413126e-01 4.60206240e-01
    -6.03195906e-01 -4.59507376e-01 -3.57173502e-01 1.60020542e+00
    -4.17144597e-02 1.17042017e+00 -6.63917363e-01 5.90751410e-01
    -2.78015107e-01 3.45441371e-01 -3.62447441e-01 3.58859152e-01
    4.38346595e-01 5.77688694e-01 1.27242780e+00 5.45064211e-01
    1.12733531e+00 -6.41016304e-01 1.13654602e+00 -6.56842113e-01
    -3.00040305e-01 1.64931107e+00 -1.84496805e-01 6.13189101e-01
    1.51151824e+00 1.55256510e+00 6.10076070e-01 1.50955760e+00
    1.30514729e+00 8.10266376e-01 -7.59594500e-01 -5.00585377e-01
    1.44941914e+00 1.16532588e+00 8.31671536e-01 5.79573393e-01
    1.79076076e-01 -3.09761763e-01 3.51080894e-01 -4.24672008e-01
    -4.66118246e-01 4.42113578e-01 5.52732684e-03 -1.75412849e-01
    -6.82721198e-01 1.77260745e+00 -7.48703107e-02 1.38107800e+00
    5.76042771e-01 2.42776629e-02 -1.06498882e-01 5.07543623e-01
    1.75780702e+00 -2.66353399e-01 -1.84677958e-01 1.70127761e+00
    1.55791020e+00 -6.41908273e-02 1.06089607e-01 1.68096438e-01
    6.56646907e-01 -1.14233173e-01 2.92195439e-01 1.23879945e+00
    1.39737535e+00 4.70768332e-01 1.05297971e+00 1.57353473e+00
    9.63466465e-01 1.14425743e+00 1.99131399e-01 8.10696185e-01
    1.41900456e+00 5.33186346e-02 7.24242926e-01 1.17406487e+00
    2.16875494e-01 5.86878538e-01 -4.12981957e-01 1.52099490e+00
    1.09003973e+00 2.12366879e-01 7.31302321e-01 -5.99429548e-01
    1.42187670e-01 -1.74771115e-01 4.89201456e-01 1.18988085e+00
    4.43349659e-01 1.47418439e+00 1.53000689e+00 9.41009641e-01
    5.85707963e-01 1.22978830e+00 -5.13959937e-02 -3.65301847e-01
    -3.03454131e-01 1.43291545e+00 1.54325724e+00 1.12042999e+00
    6.16868317e-01 -5.74912369e-01 8.75162721e-01 8.33769560e-01
    1.65986454e+00 9.48194228e-03 1.38191596e-01 2.18330294e-01
    7.51795411e-01 -3.39319795e-01 1.24545157e+00 -1.65082533e-02
    -1.52544484e-01 1.15107334e+00 -3.41392815e-01 2.71502249e-02
    -1.98786825e-01 -2.88630813e-01 -6.44284248e-01 7.58465111e-01
    1.84701085e+00 -1.37176335e-01 -5.45673907e-01 5.68547726e-01
    2.69930393e-01 2.51550764e-01 2.68282890e-01 1.14016056e+00
    -4.92151737e-01 4.01342154e-01 4.64132637e-01 -2.12408245e-01
    9.13091600e-02 -6.60298288e-01 1.10996842e+00 -2.70517528e-01
    -8.79690945e-02 1.16773355e+00 1.57426560e+00 7.92883754e-01
    1.30729783e+00 -3.50033492e-01 1.00244296e+00 -1.49628446e-01
    1.43048692e+00 -3.70082170e-01 1.23266721e+00 1.28229117e+00
    1.61090955e-01 6.77388489e-01 -4.13391531e-01 2.05900282e-01
    1.17520177e+00 1.43491328e+00 5.97987413e-01 2.68286228e-01
    -5.60191512e-01 7.37466097e-01 1.22860122e+00 3.09557229e-01
    -1.12294517e-01 1.20422721e+00 6.18156731e-01 6.63609147e-01
    -2.85710096e-01 9.45362985e-01 2.86204994e-01 3.03766012e-01
    -5.93042076e-01 2.31136754e-01 -5.82571924e-01 -6.58556998e-01
    1.42674518e+00 -6.72147155e-01 -2.92090446e-01 1.05227017e+00
    5.02536178e-01 -2.61089951e-02 -5.17630756e-01 1.05485415e+00
    7.53141105e-01 1.31282651e+00 4.76583421e-01 1.50611424e+00
    1.38438857e+00 9.38352346e-01 4.00534302e-01 -2.53105223e-01
    5.24385750e-01 5.47523439e-01 8.15959349e-02 -1.66235209e-01
    -9.60766077e-02 1.44859314e+00 6.00610197e-01 4.20114756e-01
    -5.17783940e-01 1.24451363e+00 1.01454091e+00 4.62761700e-01
    4.74163353e-01 8.65962863e-01 1.36424210e-02 1.43311167e+00
    1.38654292e-01 4.33589548e-01 8.79714906e-01 -1.49798006e-01
    3.51486564e-01 1.52245331e+00 1.00064480e+00 1.17116761e+00
    8.70227098e-01 1.77379251e+00 -6.92752302e-01 5.53356409e-01
    3.68309498e-01 -2.31421724e-01 8.42090473e-02 -3.25266927e-01
    7.22168200e-03 5.68656087e-01 6.37362897e-01 1.22318637e+00
    -3.49837661e-01 -3.40524375e-01 7.12964058e-01 1.67261255e+00
    6.00576580e-01 6.85520411e-01 1.53934383e+00 1.38518429e+00
    7.93809712e-01 1.00753260e+00 -5.02947688e-01 2.23059580e-01
    1.28641367e+00 8.28768373e-01 7.78867900e-02 2.17136189e-01
    -4.83823478e-01 5.21701634e-01 -3.99952412e-01 1.50352836e+00
    7.01934457e-01 4.70562309e-01 -7.87185967e-01 1.33404064e+00
    7.35978246e-01 -3.83693911e-02 -8.98378715e-02 -1.42142206e-01
    6.32692516e-01 4.96415257e-01 2.64984876e-01 1.00124300e+00
    1.98142737e-01 7.10576534e-01 7.26795316e-01 1.56999242e+00
    4.35923576e-01 1.65759468e+00 1.03515410e+00 6.35800540e-01
    1.56728435e+00 -6.00927651e-01 1.02235985e+00 -2.45557338e-01
    6.84961557e-01 1.70310879e+00 -2.25385383e-01 -8.96133669e-03
    1.51633427e-01 7.04308093e-01 1.45123196e+00 -5.64956129e-01
    -3.68753672e-01 -3.54837924e-01 -3.44602317e-01 1.19172108e+00
    -6.08089507e-01 5.22013962e-01 6.81125581e-01 1.47615004e+00
    1.00621772e+00 -3.22821677e-01 9.83827710e-01 7.50061035e-01
    -7.88862467e-01 1.37390709e+00 8.55360389e-01 1.30133128e+00
    -3.57934535e-01 5.46380639e-01 -9.49825868e-02 1.56507230e+00
    -3.81677926e-01 -4.01006788e-01 6.55992553e-02 -2.34053954e-01
    9.80180502e-01 -3.13918799e-01 -6.22447371e-01 1.65963662e+00
    5.39215207e-01 7.53048658e-01 3.50280613e-01 3.82206410e-01
    -8.68277252e-02 -9.30832550e-02 7.10742474e-01 -5.44754326e-01
    1.18676662e+00 2.55499661e-01 1.02423358e+00 -2.58787662e-01
    1.31767106e+00 -6.16699278e-01 1.25660276e+00 1.08112884e+00
    4.13326383e-01 -1.26441672e-01 1.01717532e+00 1.58451641e+00
    1.64972353e+00 1.01008102e-01 -3.84506613e-01 7.24333704e-01
    1.12453902e+00 5.01756035e-02 2.52541192e-02 1.78346366e-01
    1.79158002e-01 1.78532696e+00 8.52813065e-01 2.47153783e+00
    -2.75272757e-01 4.97814298e-01 9.32227373e-01 1.18186057e+00
    -4.67039376e-01 -5.56033194e-01 -4.89306211e-01 1.46040690e+00
    1.37946832e+00 4.43253636e-01 -1.17883138e-01 -1.29504241e-02
    1.58521402e+00 5.67258336e-03 1.39213347e+00 5.66538811e-01
    1.18898952e+00 1.34192276e+00 6.69869840e-01 -6.73138738e-01
    -4.29600775e-01 2.79111922e-01 1.79005384e+00 -6.44592881e-01
    9.37862933e-01 7.10403621e-01 -6.08810842e-01 1.49933875e+00
    7.02232242e-01 6.94632649e-01 4.04175758e-01 8.15093815e-01
    1.40402567e+00 -5.18141240e-02 -5.94476759e-01 1.64272714e+00
    -3.42564821e-01 1.11632740e+00 2.40789413e-01 2.24048778e-01
    -6.38154089e-01 9.98833239e-01 1.43615437e+00 -1.15240932e-01
    3.47039044e-01 -1.00047499e-01 -4.84086335e-01 -2.40400732e-01
    6.22476488e-02 7.56314635e-01 -3.61483097e-01 1.44122779e+00
    3.75979990e-01 -9.32608396e-02 4.52882797e-01 8.05864751e-01
    2.07504004e-01 -2.79879212e-01 1.25252044e+00 -8.43362451e-01
    1.48021984e+00 7.27067292e-01 1.07686043e+00 3.29559058e-01
    1.20903790e+00 1.32276416e+00 1.03018355e+00 -3.64525169e-01
    3.58232111e-01 -6.72853470e-01 -1.28369644e-01 1.02477046e-02
    1.77561685e-01 -4.36167270e-01 -5.94027817e-01 1.35214770e+00
    1.47976625e+00 1.44067967e+00 -3.55330318e-01 -4.24121797e-01
    7.25552022e-01 -3.84659991e-02 9.07148361e-01 -1.84809297e-01
    1.29534483e-01 -1.48488864e-01 5.76939732e-02 -4.32114154e-01
    4.47602063e-01 1.45227563e+00 1.59393144e+00 1.52277052e+00
    8.58357430e-01 1.15709461e-01 9.48456466e-01 1.59673810e+00
    -6.73716366e-01 1.72633064e+00 -6.85529947e-01 1.53894496e+00
    -2.02172566e-02 1.65488958e+00 9.37644839e-01 1.65159893e+00
    -1.10646077e-01 -2.90042341e-01 -3.02628398e-01 1.35051739e+00
    1.12426174e+00 2.11563125e-01 1.67733938e-01 1.70936811e+00
    3.08492303e-01 6.82475030e-01 -4.34686631e-01 4.42862600e-01
    6.06456280e-01 5.44571579e-01 -7.79076457e-01 5.76624811e-01
    4.21371013e-01 1.92138240e-01 3.42912525e-01 -3.81778538e-01
    -4.17439371e-01 2.19904244e-01 2.71538505e-04 3.54218006e-01
    5.68208635e-01 3.93749587e-02 1.23086333e+00 6.17356837e-01
    2.75187730e-03 8.36613536e-01 6.52245164e-01 1.13768125e+00
    1.66398418e+00 7.21714735e-01 1.60406873e-01 -6.24077082e-01
    -4.30593461e-01 -7.05618382e-01 1.29313910e+00 -3.90180230e-01
    2.94240683e-01 7.64711320e-01 -1.05135150e-01 1.12749112e+00
    1.24745286e+00 -7.81331658e-01 9.36892748e-01 7.34219909e-01
    3.54163349e-01 -4.15322751e-01 1.01886488e-01 -4.09535915e-01
    1.47215247e+00 -2.63175726e-01 9.01666939e-01 1.50375456e-01
    1.53470945e+00 1.33963120e+00 -3.38342339e-02 3.10613483e-01
    8.78097057e-01 1.55209875e+00 -1.72636986e-01 1.13356555e+00
    1.64399350e+00 6.79328501e-01 8.21923673e-01 -8.02366063e-02
    1.57491469e+00 2.44473532e-01 1.65609622e+00 -4.46798541e-02
    1.42261767e+00 5.58357656e-01 9.76694643e-01 -3.00162017e-01
    2.14361399e-01 1.24789870e+00 1.90754324e-01 -1.42426997e-01
    9.46617544e-01 8.02156031e-01 5.77577591e-01 6.97617888e-01
    1.11818635e+00 -1.36180609e-01 -5.35281479e-01 -1.49068415e-01
    1.61547589e+00 4.27369267e-01 1.43119776e+00 5.86170673e-01
    1.18755245e+00 1.02026969e-01 1.09736741e+00 8.33557010e-01
    1.29020715e+00 -6.08874261e-01 -6.12410188e-01 -7.80355513e-01
    -7.61350334e-01 -8.99810642e-02 9.69791770e-01 8.30505252e-01
    -4.59882468e-01 5.31505495e-02 6.03775829e-02 7.85496712e-01
    -1.39929771e-01 1.18857276e+00 4.93599713e-01 -3.99201006e-01
    1.71832645e+00 -7.08813369e-02 -2.53033966e-01 1.75606036e+00
    8.09187353e-01 6.51343405e-01 -6.22845948e-01 -2.59187639e-01
    -5.53707302e-01 5.13021231e-01 8.55268419e-01 3.98490876e-01
    4.11513560e-02 -2.85613358e-01 7.37937629e-01 7.40669727e-01
    5.98795414e-01 1.03292668e+00 -3.86671424e-02 1.19483066e+00
    5.56728184e-01 6.16606295e-01 6.31189704e-01 2.12347776e-01
    4.30831939e-01 -3.61356586e-01 1.58844852e+00 6.67679012e-01
    -3.80763739e-01 -4.58386764e-02 -2.30952546e-01 1.06062078e+00
    9.42038119e-01 2.08627224e-01 9.84411359e-01 -1.96719304e-01
    1.47096306e-01 1.26032197e+00 -6.86944962e-01 2.41012549e+00
    3.28476191e-01 1.01291549e+00 1.29351079e+00 5.64601481e-01
    1.23520184e+00 1.86903620e+00 -5.56223512e-01 -6.01298772e-02
    -7.78100848e-01 5.85156739e-01 -1.06709413e-01 7.48266876e-01
    1.65040600e+00 1.32995105e+00 -6.56123042e-01 -7.08211958e-01
    -4.36929494e-01 1.20532346e+00 1.71492803e+00 -8.49801004e-02
    1.12424052e+00 9.67694670e-02 -7.59466887e-02 4.18974966e-01
    4.02819455e-01 1.53899777e+00 1.09322357e+00 1.21414173e+00
    -7.84260854e-02 1.74424022e-01 1.10600817e+00 4.33256924e-01
    4.00190324e-01 1.32365322e+00 1.20582366e+00 1.36810467e-01
    9.60931063e-01 1.27724493e+00 -9.37046297e-03 -5.11813611e-02
    4.33636099e-01 1.63499522e+00 3.69321465e-01 -6.31622314e-01
    -2.19044507e-01 1.73569882e+00 1.20094442e+00 1.21730340e+00
    8.71248901e-01 7.03134596e-01 -4.84252065e-01 6.39387667e-01
    5.49969614e-01 1.64134634e+00 -6.48541272e-01 1.72267532e+00
    4.46189225e-01 -5.22769570e-01 6.61583543e-01 1.37540722e+00
    -1.84584826e-01 1.51577011e-01 -8.19362476e-02 -3.16241413e-01
    -6.31427586e-01 9.80922580e-01 5.95234334e-01 -4.89692569e-01
    1.70230782e+00 5.02398372e-01 8.09908390e-01 1.49855661e+00
    4.56160009e-01 -3.17833185e-01 2.19136536e-01 6.04579329e-01
    8.74282897e-01 1.71053931e-01 1.02247250e+00 -6.71335101e-01
    1.11507881e+00 1.06572866e+00 -1.99107721e-01 8.70927393e-01
    1.02554464e+00 4.09477204e-01 1.45910919e+00 1.47074378e+00
    1.08586572e-01 4.12693828e-01 -6.86499834e-01 1.61624396e+00
    1.53324664e+00 6.46366000e-01 -9.48235467e-02 1.47889364e+00
    9.25813336e-03 -3.86771858e-01 1.73308894e-01 8.89003694e-01
    5.89187384e-01 -5.24025977e-01 6.02073707e-02 1.41642964e+00
    -6.20053947e-01 1.30493796e+00 1.02587593e+00 -3.48825723e-01
    1.29474032e+00 -2.79965520e-01 -3.10405016e-01 -1.65824160e-01
    8.97790015e-01 1.15349364e+00 9.72760081e-01 2.23217130e-01
    7.31444582e-02 4.97022361e-01 6.44612134e-01 1.31148636e+00
    -5.37136257e-01 8.98961365e-01 1.02386154e-01 1.55106854e+00
    1.38135016e+00 -5.56416214e-01 1.45623040e+00 5.89943588e-01
    9.41311240e-01 -4.83874828e-01 -4.15340662e-01 -3.00223678e-01
    4.06627655e-01 -4.57771033e-01 6.18853092e-01 1.45488369e+00
    2.86626741e-02 1.56043684e+00 1.32403195e-01 1.25107598e+00
    1.58602273e+00 4.47739869e-01 3.67302507e-01 3.11526865e-01
    9.54141796e-01 9.07619596e-01 1.62626937e-01 1.92278653e-01
    5.20524383e-01 3.90927773e-03 1.73325419e+00 5.27133286e-01
    -7.83714354e-02 -5.65573215e-01 7.84334838e-01 1.66166866e+00
    3.59248221e-01 3.98761272e-01 1.38398445e+00 1.12167203e+00
    3.30196619e-01 1.52735627e+00 4.74548489e-01 1.15932715e+00
    -5.32044351e-01 7.15270638e-01 3.98890734e-01 4.61704165e-01
    1.47355273e-01 1.15710723e+00 4.82676893e-01 1.62025139e-01
    9.92905200e-01 1.53285158e+00 8.30766261e-02 -6.79651976e-01
    8.13340247e-01 2.74935644e-02 1.35810480e-01 1.38800383e+00
    1.31341803e+00 5.55952549e-01 3.79750878e-01 -2.59142905e-01
    1.06865835e+00 2.88456082e-01 7.47220576e-01 -3.06461424e-01
    -2.35855803e-01 7.48670816e-01 1.19837844e+00 4.46121335e-01
    1.35704780e+00 8.13517928e-01 -4.94858235e-01 -7.45208561e-01
    1.47137451e+00 -6.43420637e-01 7.95216337e-02 8.50865066e-01
    1.40282774e+00 8.45828831e-01 4.10086572e-01 1.28306806e+00
    1.44672632e+00 6.47261024e-01 6.78034961e-01 1.63172603e+00
    -2.36335754e-01 -6.20098591e-01 9.41460371e-01 1.04399860e-01
    1.54757118e+00 -1.47036612e-01 -5.32985330e-01 1.17861319e+00
    4.04058874e-01 2.94374228e-01 5.86925030e-01 5.78468025e-01
    7.83987641e-02 1.24980974e+00 1.15778625e+00 1.65649307e+00
    1.08407044e+00 1.55900395e+00 6.27398193e-01 8.51319611e-01
    9.76003408e-02 -1.09146871e-02 1.50736153e+00 1.37525010e+00
    -6.95914507e-01 7.40318373e-02 1.01251531e+00 1.37831261e-02
    -6.28018916e-01 1.26951540e+00 8.97664964e-01 -3.21838409e-01
    8.05447459e-01 1.14219403e+00 1.29118469e-02 4.89682436e-01
    1.76445395e-01 5.76616883e-01 1.38029948e-01 1.17680109e+00
    1.32408834e+00 4.22865778e-01 -3.35173011e-01 8.77672851e-01
    5.37595809e-01 1.02763426e+00 -2.68509984e-01 2.37830830e+00
    9.17272925e-01 -4.36737418e-01 5.21668494e-02 1.12780070e+00
    -3.45535308e-01 -6.60162508e-01 1.79387331e+00 1.44576502e+00
    1.55014575e+00 3.15985322e-01 1.71066093e+00 -5.81461728e-01
    -1.69980332e-01 7.75849164e-01 8.73860359e-01 7.17088953e-02
    5.28380275e-01 7.16423690e-01 2.73072958e-01 -6.46171033e-01
    -1.16756074e-01 1.19179046e+00 -1.13994539e-01 -2.32885219e-02
    5.26015103e-01 2.48130709e-01 1.20385718e+00 1.08693309e-01
    -4.82989222e-01 1.34787571e+00 8.91666591e-01 2.74340838e-01
    1.15196490e+00 6.24076605e-01 -7.28640258e-01 -2.62730151e-01
    1.33436108e+00 1.60562709e-01 1.40201795e+00 4.13400680e-02
    9.25113857e-01 -3.62989217e-01 9.38978910e-01 6.46946430e-01
    3.25550497e-01 8.16540480e-01 7.32266068e-01 6.07481062e-01
    1.43606687e+00 1.49120414e+00 6.79410577e-01 2.06248134e-01
    2.14494854e-01 1.62464734e-02 1.20624876e+00 8.90751541e-01
    -4.08882946e-01 6.27782583e-01 1.10108221e+00 1.39723885e+00
    1.72083631e-01 7.70144105e-01 7.71803498e-01 -5.41240692e-01
    6.97996676e-01 -6.28834724e-01 1.39990330e+00 1.21735883e+00
    -1.77532732e-01 1.69664073e+00 -1.94966584e-01 -3.56515914e-01
    3.87387604e-01 1.62515259e+00 2.37369686e-02 3.59428018e-01
    1.64138579e+00 6.51368201e-01 -5.75193942e-01 1.25870872e+00
    1.14180744e+00 4.19126526e-02 4.86321688e-01 1.08347976e+00
    -5.40230155e-01 4.55580235e-01 -4.01388884e-01 -4.53593433e-02
    8.08052838e-01 -6.70869589e-01 -6.81653321e-01 7.27151513e-01
    -4.44673032e-01 1.16653001e+00 1.28072333e+00 1.61468357e-01
    3.34972113e-01 6.58775866e-01 1.63973546e+00 -5.64315677e-01
    3.86491299e-01 -1.54583612e-02 1.17088236e-01 1.71393931e+00
    -3.06454450e-01 7.17584312e-01 3.88539612e-01 -2.13344112e-01
    -2.70423051e-02 1.14119565e+00 1.14783597e+00 1.72670770e+00
    -5.33237576e-01 1.32820082e+00 1.07405555e+00 -3.43595058e-01
    1.23293829e+00 -2.20665559e-01 1.24812591e+00 1.07353580e+00
    9.23757493e-01 5.68665385e-01 4.55640197e-01 7.96864390e-01
    8.59086573e-01 1.60045087e+00 1.46658957e-01 -3.94008279e-01
    7.99489617e-01 -3.68305624e-01 8.75546098e-01 1.13889956e+00
    -1.06162183e-01 -5.85011780e-01 9.42593217e-01 -5.71248353e-01
    1.10324752e+00 1.53673518e+00 1.22795355e+00 5.90271473e-01
    2.83724457e-01 8.52189600e-01 6.23349011e-01 6.20592058e-01
    1.30519164e+00 1.58030093e+00 6.80845976e-02 8.53191972e-01
    3.44156742e-01 7.29072690e-02 8.18263590e-01 -4.41705137e-01
    1.35899448e+00 1.57423437e+00 5.46321332e-01 -1.03111386e-01
    5.95949709e-01 2.05734357e-01 -2.86003023e-01 1.32011318e+00
    8.20175767e-01 1.36993325e+00 8.78149450e-01 3.34469795e-01
    1.35454822e+00 1.28419924e+00 -5.35110474e-01 1.42064297e+00
    2.91459322e-01 -5.80514967e-01 -3.64101678e-01 -1.81406960e-01
    -3.20281327e-01 8.49064171e-01 -6.08019352e-01 -2.65933186e-01
    1.04126680e+00 3.09881777e-01 -5.18423952e-02 4.90160026e-02
    1.31592417e+00 -6.94324374e-01 7.55104780e-01 1.56737816e+00
    -2.30673790e-01 8.82674813e-01 4.79610860e-01 -2.51395434e-01
    1.04902494e+00 -1.29852265e-01 1.13633418e+00 1.46243095e+00
    7.90233374e-01 1.20980489e+00 8.89868915e-01 5.05919755e-01
    9.99034762e-01 1.51044166e+00 -1.18403345e-01 5.81083477e-01
    -4.42843378e-01 1.41469574e+00 1.58042550e+00 1.17736161e+00
    -1.65837035e-01 1.35097623e+00 1.99514866e-01 1.49001324e+00
    7.01105237e-01 2.35233486e-01 1.28946137e+00 5.52136540e-01
    6.68079555e-01 -4.58119184e-01 1.74042121e-01 3.67549419e-01
    2.43018195e-01 1.22574627e+00 1.35130262e+00 1.10585973e-01
    -3.79392415e-01 5.08369625e-01 -4.28562351e-02 -1.81644469e-01
    9.09785390e-01 -7.67351210e-01 1.64558113e+00 9.14630294e-01
    5.24571836e-01 -6.31438434e-01 8.32826555e-01 1.57330918e+00
    6.07528508e-01 -5.45522571e-01 5.42467594e-01 1.65872359e+00
    1.19560671e+00 1.00827539e+00 9.68109488e-01 1.04938412e+00
    1.25987256e+00 -7.52868414e-01 1.75688773e-01 1.31894612e+00
    1.23244667e+00 8.06369245e-01 -1.43496782e-01 -7.08524764e-01
    9.46258664e-01 2.80065686e-01 2.95053303e-01 3.13734323e-01
    1.22403228e+00 -3.65268975e-01 1.56593263e+00 1.86622667e+00
    1.68962133e+00 1.23546526e-01 8.90203297e-01 -9.78582650e-02
    1.84990251e+00 -2.40623593e-01 8.13515544e-01 1.75115347e+00
    -4.59084034e-01 8.13059390e-01 1.63071072e+00 -7.23249316e-01
    -8.46194625e-02 1.81176901e+00 4.88602877e-01 -1.42795324e-01
    7.08850384e-01 5.80107450e-01 6.65249527e-01 6.93222523e-01
    9.43432271e-01 1.67518899e-01 1.32675958e+00 1.77302897e-01
    6.63655937e-01 6.98962867e-01 -1.94550231e-01 -3.64083171e-01
    9.94357884e-01 2.15003610e-01 -1.32058531e-01 -5.32906115e-01
    3.73969913e-01 -4.60327685e-01 1.04722655e+00 1.65943742e+00
    8.51657331e-01 8.44670832e-01 5.66586247e-03 -6.42163813e-01
    5.01450360e-01 7.21736908e-01 9.51573491e-01 1.61013448e+00
    -6.92194641e-01 -2.31226236e-01 -1.30843520e-01 3.81018847e-01
    -3.53673398e-01 3.37383270e-01 1.41959381e+00 1.63610661e+00
    -5.04686654e-01 7.99437881e-01 7.19794154e-01 1.25031435e+00
    1.32604730e+00 2.23574966e-01 5.91630936e-01 1.14436001e-01
    1.40337849e+00 3.97289306e-01 -3.49386632e-01 6.65007578e-03
    5.27380347e-01 3.38438749e-01 1.08603752e+00 1.17223072e+00
    -2.56743729e-01 9.74394023e-01 6.93807006e-01 -3.78212839e-01
    1.33893180e+00 1.50876653e+00 1.62810087e-01 1.44063425e+00
    -4.46821541e-01 5.67077518e-01 3.37449126e-02 -5.07515311e-01
    -6.46800935e-01 1.20450270e+00 1.36727643e+00 5.16584575e-01
    1.43440223e+00 -5.22757947e-01 1.72675526e+00 -1.36679783e-01
    8.14841270e-01 2.24976897e-01 7.19322979e-01 1.63296986e+00
    -7.28921711e-01 1.38776803e+00 2.74314463e-01 -2.25297194e-02
    5.73774099e-01 -3.18666756e-01 -3.07366103e-01 2.40967810e-01
    8.40420187e-01 -6.39321208e-01 -1.37066275e-01 -4.69720542e-01
    4.42867398e-01 9.27289575e-02 -4.54230517e-01 1.13977945e+00
    3.78524363e-01 -1.18141798e-02 -5.31229615e-01 -5.31100094e-01
    1.18362701e+00 7.85673320e-01 1.12207007e+00 4.53743368e-01
    6.18079424e-01 1.40654826e+00 2.59347588e-01 5.43054760e-01
    7.32451200e-01 3.52358133e-01 1.55205047e+00 1.19506013e+00
    -7.84064054e-01 1.35486364e+00 5.33397734e-01 -9.75049511e-02
    1.42446136e+00 3.98645103e-01 4.66934025e-01 9.72561896e-01
    3.28989983e-01 1.26811242e+00 3.19624156e-01 1.29190192e-01
    -6.16602525e-02 -6.47717893e-01 5.62119894e-02 5.86190939e-01
    -3.15806456e-02 2.35903382e-01 1.00668728e+00 7.75742173e-01
    -1.49157330e-01 1.26347035e-01 1.15774465e+00 -4.36634749e-01
    7.86891043e-01 3.97041857e-01 3.77339572e-01 6.59973741e-01
    1.27887540e-02 1.19457686e+00 -3.31333578e-01 5.43099977e-02
    -6.74199522e-01 1.47076166e+00 -2.52862304e-01 1.57914388e+00
    6.80579603e-01 6.93578243e-01 1.41724482e-01 -5.57783604e-01
    -3.94021124e-01 1.62101996e+00 6.16249561e-01 3.87935221e-01
    -4.15355265e-01 1.18031359e+00 1.07622772e-01 1.62929273e+00
    -8.29876363e-02 1.13187647e+00 1.18852782e+00 9.58405256e-01
    1.69188273e+00 1.26419079e+00 -2.23700866e-01 1.02445531e+00
    6.70195282e-01 -6.03788674e-01 6.46180212e-01 -8.36435407e-02
    9.22738671e-01 -1.47238389e-01 1.21841967e+00 -9.91590619e-02
    1.42546642e+00 5.19559503e-01 -3.74478906e-01 1.39037514e+00
    2.37454921e-01 -2.55367070e-01 -2.59489506e-01 -4.86179702e-02
    -2.16622904e-01 1.08264518e+00 3.51198047e-01 -3.66438687e-01
    -6.97719932e-01 -3.86922121e-01 9.79644895e-01 1.09278059e+00
    6.90614343e-01 6.36965811e-01 -5.96198142e-01 1.36716461e+00
    1.59859931e+00 1.31183481e+00 -6.90499485e-01 1.37947440e+00
    1.09324515e+00 1.04494643e+00 1.47766984e+00 3.28417301e-01
    9.21897173e-01 7.79658735e-01 1.04795587e+00 4.93572056e-01
    1.37573195e+00 7.59230793e-01 2.79769897e-01 1.65241385e+00
    5.28587997e-01 7.31719196e-01 2.36136392e-01 4.13561881e-01
    8.19924474e-01 -7.37275407e-02 -4.01426256e-01 -2.95883298e-01
    5.57816446e-01 8.26660395e-01 5.66566110e-01 7.65945196e-01
    3.26707333e-01 -2.42482707e-01 1.63448548e+00 1.34934115e+00
    -5.95545530e-01 -2.10144311e-01 9.72034991e-01 1.52025783e+00
    -6.67703152e-01 1.49255025e+00 8.49632680e-01 1.45716727e+00
    1.54967114e-01 1.73800692e-01 4.27983075e-01 5.98170221e-01
    1.70913351e+00 1.31778598e+00 -5.48557997e-01 1.57629326e-01
    -3.32583815e-01 -3.97085279e-01 -2.16214895e-01 1.53611004e+00
    -5.54615974e-01 -5.05787954e-02 -3.09531260e-02 -4.36691940e-01
    1.59920287e+00 6.68827221e-02 9.59860384e-01 4.21869993e-01
    1.78653920e+00 -6.39634848e-01 9.51580405e-01 1.09690972e-01
    -1.20426185e-01 -1.75599560e-01 3.23290318e-01 3.03613603e-01
    -6.60835087e-01 1.11210370e+00 7.13545159e-02 -2.44937211e-01
    -1.42870173e-01 1.56500316e+00 7.52459705e-01 -9.05964822e-02
    4.66713220e-01 1.63787425e+00 -3.52241904e-01 7.84124970e-01
    1.80910730e+00 -3.32217753e-01 6.56399131e-01 1.11515594e+00
    7.27943182e-01 -2.16852322e-01 7.94966280e-01 2.40429714e-01
    -1.79556176e-01 1.60839391e+00 -4.12772208e-01 -8.03720951e-02
    1.07858253e+00 1.45780909e+00 3.29803199e-01 8.87238920e-01
    5.51793277e-01 -5.49495757e-01 3.80833685e-01 4.65286911e-01
    7.57849514e-01 -2.36243859e-01 1.04089153e+00 3.68330628e-01
    -5.19917965e-01 3.26462865e-01 -4.56542224e-02 1.17706251e+00
    5.27670920e-01 -2.23914921e-01 1.73188019e+00 8.46182555e-02
    1.26970410e+00 2.27379099e-01 5.46088338e-01 -5.97168803e-01
    7.89400280e-01 2.00304404e-01 4.06905353e-01 7.93006122e-01
    6.13137484e-01 -4.72561121e-01 8.68342757e-01 5.89706302e-01
    -4.16966885e-01 -1.10030323e-01 3.43657315e-01 9.19974029e-01
    3.18254888e-01 1.15851927e+00 9.64798510e-01 -5.44128537e-01
    6.11337006e-01 -9.93038118e-02 4.61814404e-01 8.62523913e-01
    1.26687419e+00 2.66758483e-02 1.33649862e+00 8.45064938e-01
    -5.87605178e-01 -3.10873330e-01 1.66088092e+00 1.68089196e-01
    4.29903269e-01 1.77629983e+00 -4.62261230e-01 9.49621856e-01
    -3.38259697e-01 1.52421749e+00 1.00156260e+00 8.90556991e-01
    1.53695178e+00 5.07823862e-02 2.87492484e-01 5.33885837e-01
    6.48700595e-01 6.63532019e-01 9.94730175e-01 2.50690192e-01
    8.08109641e-01 -7.13368356e-01 1.08052564e+00 1.19298863e+00
    -5.00526905e-01 -1.46497220e-01 1.23620987e+00 -1.03047669e-01
    8.28781247e-01 3.34340073e-02 6.36461258e-01 -5.07719100e-01
    1.54250515e+00 5.98492742e-01 1.21147621e+00 -6.46636903e-01
    1.68243253e+00 3.89422804e-01 -2.59477794e-01 4.51429516e-01
    -6.23692572e-01 1.51785135e+00 1.67043340e+00 -1.91326365e-02
    6.32106006e-01 -6.47049248e-01 1.64659584e+00 6.93192542e-01
    5.56935310e-01 2.46699274e-01 -4.71426062e-02 -9.23033655e-02
    1.11949873e+00 1.33423054e+00 3.18338662e-01 -4.79101151e-01
    2.40238503e-01 7.17071712e-01 -4.52076972e-01 -2.12378561e-01
    8.33719730e-01 8.65164995e-01 6.87718928e-01 4.74853635e-01
    6.71715856e-01 9.40080523e-01 9.46322262e-01 -3.38509455e-02
    1.15004575e+00 6.51687309e-02 1.02432859e+00 1.45259166e+00
    1.23979843e+00 1.59864533e+00 3.06831263e-02 4.66725767e-01
    6.54165268e-01 -3.39494944e-01 1.55103540e+00 7.57311881e-01
    -3.65204126e-01 7.81492770e-01 2.15541914e-01 -5.67829795e-02
    9.18879986e-01 8.64377141e-01 -6.22542351e-02 -6.57734096e-01
    1.00046349e+00 2.18442723e-01 1.05460835e+00 -3.52664649e-01
    6.03990071e-02 5.14702201e-01 5.11340261e-01 1.10522127e+00
    -5.15037179e-01 6.40802562e-01 1.51486528e+00 5.56833863e-01
    1.09760749e+00 -4.20784295e-01 1.25705397e+00 1.40020466e+00
    1.03376758e+00 9.01843607e-02 5.02351820e-01 8.48426104e-01
    1.67849672e+00 -6.41322672e-01 -8.63111764e-02 1.42064416e+00
    1.37739375e-01 8.63738120e-01 2.15748787e-01 -8.37373063e-02
    3.83726239e-01 1.28930652e+00 1.59528041e+00 -2.58072466e-01
    -5.20573378e-01 6.42266512e-01 -8.57165158e-02 6.33115649e-01
    -7.52935946e-01 1.55589855e+00 -5.02494991e-01 1.54122865e+00
    1.33103526e+00 1.81740046e-01 -5.21250486e-01 1.49755195e-01
    1.17132759e+00 1.15544641e+00 7.38307297e-01 -1.39078006e-01
    1.71703994e+00 7.14104652e-01 -3.33209127e-01 4.24226046e-01
    7.03163594e-02 -2.61215478e-01 4.82087493e-01 -2.65844256e-01
    -2.51883678e-02 3.20230693e-01 -5.22649109e-01 -4.71578687e-01
    1.67476130e+00 5.64668894e-01 -4.47223708e-02 -3.82600874e-01
    -6.00165844e-01 9.84533370e-01 1.41922307e+00 3.44200075e-01
    5.59975743e-01 2.16098264e-01 4.00543623e-02 -9.02569219e-02
    1.16743885e-01 1.00103450e+00 5.23128510e-01 2.35596681e+00
    -2.47103170e-01 2.75513023e-01 1.44186223e+00 1.78087473e+00
    -4.97463048e-01 -4.85209227e-01 -5.56357563e-01 6.64559543e-01
    -3.28754961e-01 -1.11061491e-01 -1.13390580e-01 8.54475126e-02
    5.50440252e-01 -4.64104205e-01 -3.06961536e-01 4.23945516e-01
    2.55309701e-01 8.56645167e-01 1.48063076e+00 7.61475801e-01
    2.66784102e-01 1.51121247e+00 4.43625987e-01 1.49835482e-01
    1.14281082e+00 7.01847017e-01 6.35222971e-01 -1.73893780e-01
    -4.01232064e-01 3.01068455e-01 -4.43161547e-01 1.90156475e-01
    1.06942832e-01 -2.36829013e-01 4.87776071e-01 1.45930791e+00
    1.14550269e+00 1.62540901e+00 1.54320672e-02 -5.17222583e-01
    1.72592378e+00 2.14680862e-02 1.76723555e-01 2.63345808e-01
    7.47446060e-01 -6.81976318e-01 1.97255611e-01 1.40882015e+00
    2.14179456e-01 -5.36916733e-01 1.32199168e+00 1.18612397e+00
    1.13412738e+00 7.90521622e-01 4.45543200e-01 1.40864861e+00
    2.16941178e-01 -4.80048746e-01 -5.04669607e-01 -3.43183517e-01
    9.71319377e-01 1.35353863e-01 4.55805421e-01 6.18326068e-01
    1.71391368e+00 -6.04897141e-01 1.39511263e+00 6.78703725e-01
    5.85562408e-01 3.43632936e-01 9.61229384e-01 1.17237496e+00
    -6.62179947e-01 1.02449238e+00 -1.14343584e-01 -3.05351824e-01
    1.60184872e+00 -2.88221184e-02 5.00651717e-01 1.39812851e+00
    1.34841442e+00 -6.28747940e-01 6.43281698e-01 -2.44008914e-01
    -2.79696643e-01 1.65700543e+00 1.25547719e+00 9.90491986e-01
    7.45631456e-01 1.37257087e+00 -2.09042937e-01 -1.64286904e-02
    1.40684617e+00 8.81772518e-01 2.48134062e-01 1.05381393e+00
    6.08246803e-01 -6.17370427e-01 1.51856852e+00 1.66311431e+00
    6.97763741e-01 8.01975310e-01 7.01352298e-01 1.21116567e+00
    -3.36806506e-01 -6.33589149e-01 1.62664607e-01 1.11853731e+00
    1.58540916e+00 1.14581680e+00 -2.35983938e-01 1.62466323e+00
    1.27408898e+00 -4.86449838e-01 7.89476097e-01 1.15081847e+00
    1.21266830e+00 1.42390251e+00 4.16496634e-01 -1.70246154e-01
    -6.56678200e-01 1.35917258e+00 -3.96620363e-01 1.18654299e+00
    -4.24884021e-01 1.29415274e+00 -4.72722739e-01 -5.05179763e-01
    -1.40093759e-01 2.87095755e-01 1.51020324e+00 -3.96291725e-02
    1.05533898e+00 1.19319141e+00 1.86914384e-01 7.72398233e-01
    2.35695675e-01 1.08503091e+00 2.68024415e-01 1.48843956e+00
    -5.49021840e-01 2.90819854e-01 1.54548252e+00 -8.39556530e-02
    -4.33004834e-02 5.39246202e-01 1.04337573e+00 3.59484665e-02
    5.31220317e-01 -1.54441800e-02 1.55908072e+00 8.10452476e-02
    1.24372661e+00 6.33504212e-01 1.11215103e+00 7.63566673e-01
    7.13249087e-01 3.88481021e-01 -5.41355669e-01 1.49103332e+00
    -2.89615422e-01 -2.91190654e-01 -4.30673331e-01 -4.23614770e-01
    -3.42624903e-01 5.70960343e-01 -5.73035777e-01 -3.57094020e-01
    4.24658149e-01 8.50269437e-01 1.27187669e+00 -3.94135475e-01
    -2.37946510e-01 8.37614417e-01 -3.64286810e-01 1.22523129e-01
    1.72151327e+00 7.70582616e-01 -2.86088109e-01 1.09247565e+00
    6.73753083e-01 7.14018285e-01 7.58417070e-01 6.94328427e-01
    -8.08170065e-02 8.14677626e-02 1.70340848e+00 1.39295173e+00
    1.16827321e+00 -5.16106665e-01 -6.42527878e-01 4.37026054e-01
    -2.61036813e-01 1.22218478e+00 1.06506038e+00 1.25027180e-03
    3.30731720e-01 4.24025565e-01 6.91301942e-01 4.89360504e-02
    4.83904958e-01 1.27042964e-01 1.73709631e+00 8.36399496e-01
    -1.21906742e-01 1.54089880e+00 3.25255543e-01 -1.73416380e-02
    1.53900874e+00 -5.71872890e-01 3.66647929e-01 1.20179236e+00
    5.12210965e-01 1.40728307e+00 8.30121338e-01 1.64732659e+00
    -1.10112146e-01 1.50212419e+00 -4.11335379e-01 1.52500725e+00
    -4.41871822e-01 8.75646770e-01 1.47054291e+00 5.44546425e-01
    -3.78309727e-01 1.47602808e+00 -6.30229354e-01 4.60726023e-01
    4.33286419e-03 8.68066847e-01 1.08123219e+00 -5.83746433e-01
    3.71547341e-01 1.40174365e+00 9.67457592e-01 1.39441919e+00
    -3.69706973e-02 5.51650167e-01 1.66195357e+00 5.42227149e-01
    -6.47854209e-01 1.33349085e+00 6.73765659e-01 7.62590170e-01
    1.58199355e-01 -3.56122345e-01 8.90916824e-01 9.72061336e-01
    1.42753279e+00 5.40817790e-02 5.27944803e-01 4.82956231e-01
    8.34481418e-01 -6.52125061e-01 7.25263476e-01 2.34472847e+00
    7.63705969e-01 1.04435337e+00 5.05737603e-01 1.22689664e+00
    2.68506706e-02 1.21276355e+00 5.73766887e-01 1.07903504e+00
    1.01945937e+00 1.02533460e+00 -3.67415816e-01 6.50688529e-01
    4.11160678e-01 1.73354495e+00 -3.14707875e-01 -3.29452813e-01
    3.21113318e-02 1.44949031e+00 -5.15209198e-01 1.06959140e+00
    -4.40663874e-01 1.28341401e+00 8.24547112e-01 -3.43266815e-01
    8.17956209e-01 2.14972615e-01 1.45521677e+00 -3.82171720e-01
    4.15379643e-01 5.82424760e-01 -1.17391095e-01 -3.37727927e-02
    1.89201832e+00 -5.69476664e-01 1.23444307e+00 -6.43016815e-01
    7.39723027e-01 -9.21510234e-02 1.48006177e+00 -2.34076753e-01
    4.28137809e-01 6.03531361e-01 1.29848087e+00 1.66956410e-01
    5.99430144e-01 1.36048913e+00 6.66859984e-01 2.74993241e-01
    -1.01456560e-01 -6.02894068e-01 1.72894967e+00 2.56569028e-01
    -6.97001457e-01 3.77454877e-01 1.49915457e+00 1.16253269e+00
    1.49788725e+00 1.02390695e+00 -4.56244592e-03 -2.77474582e-01
    1.51416719e+00 -6.03127539e-01 5.23896337e-01 -1.72277652e-02
    -4.01700824e-01 1.38848901e+00 1.12378752e+00 2.37360850e-01
    9.97521996e-01 -7.34019876e-01 8.87257457e-01 5.67069590e-01
    8.04309607e-01 -3.35989356e-01 1.02604723e+00 1.08659041e+00
    -3.01863104e-01 9.03123617e-02 -2.60390192e-01 6.51711822e-01
    8.91529024e-01 1.17782104e+00 5.60434945e-02 5.92835307e-01
    -3.79544161e-02 -3.88453871e-01 -1.95750624e-01 6.52459621e-01
    1.37786180e-01 -2.13944092e-01 6.49056435e-02 7.32814014e-01
    1.75523174e+00 1.39351726e-01 2.95188993e-01 -1.20644264e-01
    -2.79685825e-01 -4.44423348e-01 2.72117376e-01 1.60023677e+00
    4.56403255e-01 -3.80631238e-01 1.44369769e+00 -6.20708942e-01
    6.27049565e-01 1.61717474e+00 -1.27279297e-01 9.68021929e-01
    1.25359583e+00 3.87685329e-01 1.45262277e+00 5.99469423e-01
    -5.25214449e-02 4.83291149e-01 1.14458251e+00 5.10600626e-01
    -6.62471533e-01 -3.51154894e-01 8.72598827e-01 9.17044580e-01
    -4.29025829e-01 9.66785669e-01 -1.92911789e-01 1.46472239e+00
    1.10116088e+00 2.28831694e-01 -3.29949558e-01 5.58032632e-01
    4.58489358e-01 1.68854368e+00 8.81755710e-01 -3.40866029e-01
    -1.20001577e-01 1.34495091e+00 5.86122751e-01 -8.80913958e-02
    9.74653125e-01 1.44104588e+00 7.49504626e-01 1.14668214e+00
    1.25402880e+00 1.23613489e+00 -6.38599634e-01 1.63322604e+00
    -3.15597802e-01 -1.14111803e-01 4.91667300e-01 2.74291486e-01
    1.32092834e+00 1.11329877e+00 1.07642543e+00 8.46734941e-01
    -5.79666436e-01 7.17303336e-01 1.58272192e-01 7.84113467e-01
    -1.00120138e-02 1.06838155e+00 4.84867692e-01 1.69388011e-01
    5.07875860e-01 -4.85830396e-01 1.49380004e+00 1.46738482e+00
    -3.78201127e-01 8.03139091e-01 -1.25011593e-01 -2.97020346e-01
    1.70178258e+00 3.08238536e-01 4.82327551e-01 1.66266418e+00
    -8.14347565e-02 1.42458931e-01 5.49232721e-01 7.67876387e-01
    2.88376927e-01 7.02298462e-01 1.09447086e+00 -5.03300607e-01
    1.40524590e+00 7.47880638e-01 6.26919150e-01 1.46837747e+00
    -1.08666055e-01 1.29182577e+00 5.93406320e-01 -6.96173012e-01
    4.05817449e-01 -3.72625887e-01 1.37693346e+00 8.24914455e-01
    1.01734054e+00 -5.02561152e-01 1.46088970e+00 1.16417205e+00
    1.60457611e+00 7.46886373e-01 2.40337580e-01 1.47607994e+00
    1.02392900e+00 -4.94652152e-01 1.28274322e+00 1.65398628e-01
    -4.73888457e-01 -2.14997023e-01 -5.31084001e-01 -4.33015198e-01
    1.63317657e+00 -3.67366254e-01 -4.28882062e-01 6.06786728e-01
    -2.51356453e-01 -2.24619463e-01 8.24094057e-01 9.92005616e-02
    -3.27744067e-01 -1.19963773e-01 1.71000934e+00 5.07316351e-01
    1.63800061e+00 1.35588989e-01 1.31911433e+00 9.49568391e-01
    -6.40650690e-01 6.20684862e-01 -4.20900017e-01 -1.31603926e-01
    1.06195831e+00 2.04586372e-01 9.98369157e-01 1.32243109e+00
    2.39176244e-01 1.16435301e+00 6.04293942e-01 -2.28996605e-01
    2.88482636e-01 1.80279851e+00 8.40902328e-01 3.07235755e-02
    -4.70166616e-02 -2.78628737e-01 1.32496786e+00 3.71627003e-01
    -3.03661674e-01 1.25208926e+00 3.49821448e-01 8.58442605e-01
    1.80372849e-01 -4.18170244e-01 6.58121526e-01 5.78899741e-01
    -1.90288410e-01 5.96094906e-01 5.77670097e-01 1.25074315e+00
    1.67131209e+00 2.36671325e-02 1.21620345e+00 4.72741872e-01
    -8.51398110e-02 1.37352240e+00 2.41129622e-01 8.31410587e-01
    9.35450196e-01 -7.21368432e-01 7.97410846e-01 1.20399535e+00
    1.27853441e+00 -1.98144168e-01 5.41389346e-01 7.81983674e-01
    9.36902106e-01 7.11964309e-01 -5.49796820e-01 1.05541790e+00
    1.54238367e+00 7.95365274e-01 4.14328545e-01 -4.19502616e-01
    1.71017122e+00 -2.60418713e-01 -1.93747096e-02 -1.79064542e-01
    2.12405279e-01 -2.14890629e-01 1.23240221e+00 -6.29523024e-02
    1.13790679e+00 2.59878367e-01 -4.32415426e-01 -3.26155394e-01
    1.10845852e+00 -4.77447391e-01 1.67415297e+00 3.00153196e-01
    -1.31909251e-01 4.29864347e-01 -4.84812856e-01 1.38180137e+00
    1.63861454e+00 -1.75018698e-01 9.85725343e-01 -5.73628962e-01
    -9.10353735e-02 7.21212387e-01 1.60202813e+00 -1.53453976e-01
    6.32822096e-01 7.39655197e-01 1.27016723e+00 -3.90441000e-01
    1.02909438e-01 1.11781454e+00 -7.41588175e-01 1.75385523e+00
    5.34918368e-01 1.10970020e+00 -4.28980589e-01 -2.56274730e-01
    -4.30107921e-01 1.28754175e+00 -9.88800228e-02 1.11203396e+00
    1.41192758e+00 6.11660838e-01 -2.98986789e-02 -4.44247089e-02
    -1.09959953e-01 3.00095439e-01 -4.68095273e-01 1.39420938e+00
    1.19045341e+00 9.98677611e-01 -6.88706458e-01 1.24382842e+00
    1.18785238e+00 4.02927771e-03 7.21422672e-01 1.65690160e+00
    5.20782471e-01 9.37124670e-01 -7.76027203e-01 1.35142398e+00
    6.84839129e-01 5.45638859e-01 1.48787189e+00 -4.78274971e-01
    -2.20218822e-01 -6.83647692e-02 1.43398857e+00 -1.53427552e-02
    -4.38137323e-01 -3.09529066e-01 1.26829386e+00 9.60768878e-01
    4.73600477e-01 1.70603335e-01 1.55607939e+00 3.53283197e-01
    1.25132608e+00 7.78553486e-01 1.37339926e+00 1.53460312e+00
    -8.60271975e-02 -3.94630551e-01 1.44174790e+00 2.16450900e-01
    1.64660299e+00 -6.35462761e-01 1.31229830e+00 5.87357640e-01
    -1.29478797e-01 -6.04408205e-01 1.37249303e+00 -1.00761734e-01
    9.97887313e-01 2.82236308e-01 1.52395844e+00 1.90405026e-01
    -9.25211906e-02 -6.02878273e-01 6.64973974e-01 1.57776570e+00
    -1.28696144e-01 -1.11316808e-01 -3.71211916e-01 1.32964361e+00
    2.62570351e-01 4.42458868e-01 1.34617901e+00 9.23219681e-01
    -4.68497902e-01 1.18398094e+00 -4.78473395e-01 3.85887548e-02
    -3.56950909e-01 1.97234377e-01 1.56322002e+00 1.16396582e+00
    4.02247608e-01 1.12658823e+00 4.49808896e-01 1.11961257e+00
    1.15638721e+00 8.90201509e-01 3.86824816e-01 -5.17722309e-01
    1.23674405e+00 -2.80439466e-01 1.24280322e+00 1.46592939e+00
    9.15323257e-01 -7.43154064e-02 6.73182458e-02 1.48856044e+00
    -1.47123948e-01 -4.28673089e-01 1.56812966e+00 -3.83708149e-01
    7.61556327e-01 -4.83718038e-01 6.01259619e-02 1.55393934e+00
    1.37474251e+00 -4.10925746e-02 -5.76678693e-01 -4.17984068e-01
    1.50536275e+00 1.54550016e+00 -9.84218195e-02 3.36960018e-01
    2.75868982e-01 -6.07281387e-01 -3.33307445e-01 -9.45785549e-03
    -3.35697472e-01 1.41035247e+00 8.98840666e-01 -4.50598478e-01
    1.64352924e-01 7.35030949e-01 5.94269216e-01 -4.48276281e-01
    1.43717527e+00 1.38091099e+00 -5.31688929e-01 1.28517795e+00
    6.65647388e-01 1.45105124e+00 3.59129578e-01 9.71164525e-01
    -3.74451905e-01 -2.88949877e-01 5.23942471e-01 -1.50522336e-01
    2.82477826e-01 2.56631643e-01 9.81814861e-01 -3.07958424e-01
    2.80682534e-01 -2.34709606e-01 1.07830143e+00 -5.64695656e-01
    -3.56346309e-01 -1.35821074e-01 -8.95669088e-02 1.28477466e+00
    5.88736475e-01 3.73481005e-01 2.19950885e-01 1.01685941e+00
    -7.22943604e-01 1.60599065e+00 3.16024214e-01 -4.81187761e-01
    -6.41472518e-01 9.41850245e-01 3.77839804e-01 -5.08693635e-01
    1.30463517e+00 9.82198954e-01 1.00136304e+00 1.01537728e+00
    -4.24250603e-01 1.78364289e+00 -5.11731505e-01 -2.98377007e-01
    -1.68355346e-01 3.60644370e-01 4.30868328e-01 -1.40033409e-01
    1.24302828e+00 -5.68116248e-01 -5.46827972e-01 2.16507390e-01
    1.49319446e+00 1.09131444e+00 -5.12405753e-01 1.44454527e+00
    1.36151326e+00 -3.71824324e-01 6.04773283e-01 1.50835901e-01
    -1.44106537e-01 3.24329764e-01 1.74206626e+00 -6.43965364e-01
    -6.90470561e-02 -2.22701192e-01 6.60492003e-01 2.24717259e+00
    8.42159450e-01 1.48786771e+00 4.00801122e-01 -2.37646654e-01
    -3.01431745e-01 -2.98455935e-02 8.87882769e-01 -1.82520837e-01
    1.98062807e-01 3.16371918e-02 9.52423394e-01 1.05818772e+00
    8.01159263e-01 -7.01924384e-01 1.04305364e-01 1.61450195e+00
    9.99391198e-01 1.54891384e+00 1.45282209e-01 4.40535933e-01
    -6.11173868e-01 1.20131612e-01 4.69181508e-01 7.51794100e-01
    2.65311867e-01 6.59394503e-01 6.84624076e-01 6.91552758e-01
    -5.50164163e-01 1.83295524e+00 -3.93531382e-01 -1.69489771e-01
    -5.29651701e-01 -3.03887933e-01 6.67534709e-01 5.40158264e-02
    8.74103010e-01 7.33952701e-01 1.75195014e+00 -3.34831588e-02
    -9.05287489e-02 1.70805430e+00 1.44194651e+00 1.60910821e+00
    4.95592713e-01 -4.34376180e-01 8.43001902e-02 1.28443003e+00
    5.59964061e-01 -1.46836132e-01 5.88151030e-02 8.43677044e-01
    -3.63783151e-01 1.38614106e+00 -2.31296629e-01 1.16021264e+00
    1.50579795e-01 1.57644057e+00 6.36463583e-01 9.00965631e-01
    4.98866647e-01 4.63148892e-01 1.14597201e+00 5.29908776e-01
    1.02395189e+00 1.47016764e+00 5.70667624e-01 4.30561215e-01
    9.06937599e-01 8.25336874e-01 4.12227720e-01 7.51286566e-01
    5.60024977e-01 3.20458144e-01 3.43150795e-01 1.22989535e+00
    -4.60702538e-01 7.88061261e-01 -1.96043998e-01 4.10154462e-01
    1.42505276e+00 1.23523426e+00 -8.78548026e-01 1.28314209e+00
    -2.76326817e-02 1.60457599e+00 1.59426522e+00 1.19030356e+00
    7.63110399e-01 2.74963558e-01 4.48025465e-01 -6.03062153e-01
    -2.88719893e-01 1.62985384e+00 7.52034366e-01 6.67364895e-01
    -5.44134974e-01 6.47610545e-01 -4.36968923e-01 -3.11499864e-01
    8.53540599e-01 6.82007909e-01 -2.66722679e-01 1.52958465e+00
    1.25058186e+00 -1.04287840e-01 -9.62731689e-02 4.03866112e-01
    -8.60823169e-02 6.32304966e-01 1.68823862e+00 -6.80393040e-01
    -6.55131817e-01 1.60435033e+00 -5.95164262e-02 -6.49607629e-02
    6.75455570e-01 1.31305468e+00 6.76865637e-01 6.09978080e-01
    6.43702388e-01 4.75019217e-01 -1.80261701e-01 7.18112648e-01
    5.48096716e-01 1.01233280e+00 1.11821532e+00 -6.16844893e-01
    2.97924906e-01 1.25062883e+00 8.70791256e-01 9.11427200e-01
    1.40460208e-01 -2.54941106e-01 6.96092129e-01 2.28126153e-01
    1.14042172e-02 1.55684471e+00 4.00231332e-01 3.12125713e-01
    -4.42723274e-01 4.49364990e-01 2.32323661e-01 1.95621967e-01
    1.43770456e+00 1.11484945e+00 -4.57789242e-01 3.18204820e-01
    4.17473376e-01 1.28398478e+00 -3.11242849e-01 1.62492365e-01
    1.28259301e+00 1.30090499e+00 1.09311211e+00 5.74262798e-01
    -3.56387824e-01 7.28025019e-01 1.85374022e-01 1.40552294e+00
    1.19506717e+00 1.52071154e+00 -6.75795317e-01 -3.98683816e-01
    1.00720906e+00 3.53883147e-01 -5.68087772e-02 9.70705450e-01
    3.83274704e-02 3.02567482e-01 1.63362348e+00 -5.02392471e-01
    2.51630872e-01 -7.05291688e-01 3.25960398e-01 1.06659138e+00
    1.45542872e+00 8.58153045e-01 1.23210812e+00 -2.15748966e-01
    7.20418155e-01 3.79209667e-02 4.23521874e-03 5.66045105e-01
    3.83572131e-01 -2.67499596e-01 1.39011979e-01 8.07191968e-01
    -4.25960153e-01 2.70143390e-01 5.38957477e-01 -5.10583341e-01
    9.09580648e-01 7.50501931e-01 1.21600902e+00 -2.16417462e-01
    9.25914228e-01 1.01336515e+00 -5.24926901e-01 -1.38388155e-02
    7.88968921e-01 6.11292958e-01 1.08947277e+00 9.08926427e-01
    1.43481329e-01 3.61777171e-02 1.20939708e+00 1.33250546e+00
    8.26277494e-01 -5.01097322e-01 -4.53067273e-01 1.06176472e+00
    6.23969078e-01 -6.28480673e-01 9.55607951e-01 1.16950107e+00
    1.09011018e+00 -2.11529374e-01 9.30980086e-01 -1.59618035e-01
    1.10400009e+00 -5.69510937e-01 4.52444762e-01 5.03063023e-01
    -4.40520346e-01 -3.57075661e-01 -1.13684677e-01 -9.27791670e-02
    5.61493814e-01 5.80221653e-01 1.79872066e-01 -3.80729169e-01
    1.69268560e+00 9.05857682e-01 1.35167575e+00 6.20540500e-01
    -5.71542382e-01 6.08799756e-01 -1.90274075e-01 4.31170642e-01
    -4.64198709e-01 1.53842318e+00 7.78012514e-01 1.47274196e+00
    -2.49724776e-01 -4.99055162e-02 1.04034626e+00 1.31532681e+00
    9.04086530e-01 -1.95599839e-01 8.24481472e-02 1.30723619e+00
    -2.32560515e-01 1.18774903e+00 1.74953794e+00 2.20485091e+00
    1.18782508e+00 -4.40252006e-01 9.08955753e-01 -3.04083675e-01
    9.00194049e-02 1.03785396e+00 4.12596017e-01 2.48256072e-01
    3.03045511e-01 1.41747391e+00 -1.66011795e-01 1.40249407e+00
    8.22003782e-01 3.00725937e-01 1.45326483e+00 7.16172576e-01
    1.89688042e-01 6.05836570e-01 -4.61346388e-01 3.58176440e-01
    -2.90190339e-01 1.88993022e-01 1.82422712e-01 -5.18048415e-03
    1.26512480e+00 -3.06256741e-01 -1.53640240e-01 4.75239046e-02
    1.23281026e+00 8.97899687e-01 1.53961360e+00 -3.16478163e-01
    -1.71253189e-01 -8.05633515e-02 3.27679455e-01 -5.46420693e-01
    3.37048769e-02 -7.15680420e-02 6.98172390e-01 -5.36028087e-01
    4.53820378e-02 1.50179827e+00 -3.57996583e-01 -4.72731531e-01
    -5.41199863e-01 1.48163927e+00 -3.90708625e-01 1.16894579e+00
    -5.59793949e-01 -3.12408030e-01 -3.46738189e-01 1.48239636e+00
    4.26053032e-02 -7.17874110e-01 1.09586143e+00 9.65261519e-01
    1.37449765e+00 -5.20311654e-01 1.82654411e-01 1.16977596e+00
    1.57376453e-01 -3.87837499e-01 1.55843341e+00 6.03256822e-01
    9.77562726e-01 1.09567535e+00 -4.68206078e-01 -4.96580303e-01
    -7.01247036e-01 1.65031874e+00 5.51325083e-01 -1.38339937e-01
    -4.62423831e-01 1.08689690e+00 1.40689209e-01 -4.34496373e-01
    -3.07714492e-01 1.36424094e-01 1.20822775e+00 2.16339618e-01
    8.43511760e-01 -4.99038957e-02 1.45866215e+00 1.53817391e+00
    1.07657358e-01 -2.21440911e-01 9.42261070e-02 -7.67621398e-01
    1.54816329e+00 1.31326354e+00 1.39776266e+00 1.35173917e+00
    -5.34044087e-01 1.22372143e-01 -9.41250101e-02 3.64517987e-01
    -5.56986332e-01 1.22522736e+00 7.50315905e-01 -5.12929380e-01
    9.68929589e-01 4.74484682e-01 7.82081902e-01 -7.21545994e-01
    1.09185100e+00 -1.10424474e-01 1.12658560e+00 1.18918848e+00
    -2.26240918e-01 4.27412599e-01 -6.51483059e-01 6.87051952e-01
    1.37524235e+00 -8.92399400e-02 1.06191778e+00 1.33185828e+00
    1.48681378e+00 1.07881717e-01 1.43155551e+00 5.55690110e-01
    8.70813608e-01 8.51242840e-01 1.37396193e+00 4.36021775e-01
    -9.92521197e-02 -1.17394298e-01 1.17687333e+00 1.01319623e+00
    7.57664979e-01 6.40411854e-01 -3.56868267e-01 -5.12005866e-01
    7.67244995e-01 -6.11227266e-02 1.57327318e+00 -2.55839288e-01
    -6.89972788e-02 1.51618063e+00 1.45632768e+00 -5.68466663e-01
    1.07757235e+00 8.27160120e-01 7.31687248e-01 1.14203358e+00
    7.62590468e-02 6.83546662e-02 9.07047987e-01 1.59375644e+00
    5.48349440e-01 4.32737887e-01 1.31284833e+00 -2.71079183e-01
    -4.98279393e-01 -4.62548018e-01 1.64176559e+00 -2.22870439e-01
    -6.51050508e-01 1.34281766e+00 1.41351247e+00 1.30895126e+00
    1.47991931e+00 -4.52466160e-01 -1.57215655e-01 1.19433677e+00
    -6.60753310e-01 1.28635657e+00 -5.06036222e-01 1.29345632e+00
    8.71855468e-02 1.72541463e+00 5.58607638e-01 -8.08161646e-02
    7.87670910e-01 5.74425280e-01 5.15620410e-01 -2.54436880e-01
    7.92669177e-01 6.77603602e-01 1.37990487e+00 3.41876179e-01
    3.30114841e-01 9.21217576e-02 -5.99638045e-01 1.30969203e+00
    1.45005548e+00 -6.69852138e-01 1.77508271e+00 1.01314294e+00
    7.57524431e-01 1.66794911e-01 1.20626199e+00 1.07618916e+00
    2.03911081e-01 1.18252777e-01 -1.00820325e-01 1.70036340e+00
    1.55471539e+00 -5.54164171e-01 8.69402289e-01 7.71028280e-01
    1.04112518e+00 -1.54059887e-01 1.80603909e+00 6.39237702e-01
    4.02192652e-01 9.95560825e-01 1.64166614e-01 5.16716123e-01
    1.62871671e+00 2.62684524e-01 -2.18692213e-01 1.66539228e+00
    3.93717200e-01 -5.85787773e-01 2.63907433e-01 1.50569022e+00
    -1.41873769e-02 9.65279460e-01 3.51392150e-01 -3.13852280e-01
    1.32728863e+00 4.09974873e-01 3.57251227e-01 -4.83560354e-01
    5.23422480e-01 1.04598725e+00 -5.96657321e-02 -2.22720221e-01
    9.40296173e-01 1.63040757e+00 1.39325929e+00 -5.96032441e-01
    6.87734544e-01 1.00683820e+00 1.59177792e+00 -2.68491238e-01
    -9.68301892e-02 1.27542198e+00 -1.91949248e-01 1.03977084e+00
    -5.54081976e-01 6.90506548e-02 6.17077529e-01 1.00735188e+00
    8.13947797e-01 6.29360855e-01 1.36581624e+00 4.22094822e-01
    1.51739550e+00 -6.15520597e-01 -1.14140108e-01 5.41245580e-01
    1.68164730e+00 1.64039195e+00 -2.36669853e-02 1.34013176e+00
    5.03678977e-01 -4.48750779e-02 1.19896960e+00 -4.04614955e-01
    1.44134486e+00 1.70616984e-01 6.33828461e-01 -3.43899578e-01
    -2.04852894e-01 1.54820633e+00 1.13595438e+00 -9.02086720e-02
    1.09110892e+00 -6.61615968e-01 8.60509694e-01 1.12040186e+00
    9.57421660e-01 1.19480669e+00 1.50901917e-02 3.51440758e-01
    6.85194492e-01 7.63649762e-01 1.59126258e+00 6.51391804e-01
    1.38275743e+00 9.54871416e-01 -5.05574763e-01 1.44222558e+00
    -3.56971741e-01 1.42765486e+00 7.61231005e-01 1.67694950e+00
    1.55858910e+00 5.10778546e-01 1.81399059e+00 1.51560593e+00
    -2.26710081e-01 1.33676231e+00 1.13786197e+00 2.21245065e-02
    -7.07764700e-02 1.07076442e+00 -2.85098135e-01 -4.27047998e-01
    1.19496012e+00 4.85703886e-01 1.51954606e-01 2.20704287e-01
    1.10167268e-04 1.55206192e+00 3.23869914e-01 5.03299952e-01
    6.68665648e-01 1.31677914e+00 1.53920615e+00 5.26890099e-01
    -2.49780655e-01 -3.99529546e-01 2.24135891e-01 7.95972049e-01
    2.70788133e-01 1.57563984e+00 -6.99203908e-01 3.50082606e-01
    8.47155809e-01 4.51282144e-01 -1.38051853e-01 -9.06690210e-02
    3.18675488e-01 1.38681722e+00 1.34468591e+00 -6.28431141e-02
    9.78693724e-01 1.87377334e-01 6.88864350e-01 5.84668219e-01
    1.32578826e+00 4.36350942e-01 8.74266922e-01 1.36306179e+00
    -3.11473876e-01 5.42330563e-01 -7.71467507e-01 1.40754700e+00
    1.15768003e+00 -5.07215381e-01 1.23972881e+00 -7.60612309e-01
    1.40486228e+00 6.52517974e-01 1.35218441e+00 2.41132110e-01
    1.38198960e+00 6.42141342e-01 1.57015133e+00 -2.53788978e-01
    1.50622487e+00 1.56281066e+00 7.56223619e-01 -5.56057274e-01
    9.93786156e-01 1.05839789e+00 3.43094975e-01 -5.99704981e-01
    -4.84370470e-01 8.70432258e-01 5.31923585e-02 1.41895473e+00
    4.08802927e-02 1.51261902e+00 1.23932338e+00 1.20617175e+00
    -7.97346175e-01 1.06479728e+00 9.67691481e-01 2.39438236e-01
    -5.50000429e-01 -6.46869481e-01 3.26037943e-01 1.62656987e+00
    1.88993275e-01 1.42420924e+00 1.15387130e+00 -1.03210069e-01
    1.36615741e+00 4.99341071e-01 -7.25424170e-01 1.28337181e+00
    8.12334120e-02 3.33098471e-01 -3.40122193e-01 2.09536999e-02
    1.26288998e+00 7.31775820e-01 -1.36445403e-01 6.40962124e-02
    -4.01346833e-01 1.52454793e-01 -6.10218585e-01 -7.02134967e-01
    1.69563913e+00 2.13866740e-01 9.62061584e-01 -7.69585446e-02
    -3.38482529e-01 6.91031873e-01 1.49945128e+00 2.77021468e-01
    6.22508764e-01 -3.64589393e-01 -2.64183078e-02 2.57977873e-01
    1.06367004e+00 1.28233850e+00 -3.13873440e-02 4.81719524e-01
    -2.63982624e-01 1.56822109e+00 1.14655602e+00 -6.40954375e-01
    1.50130880e+00 1.52658296e+00 -2.47648329e-01 1.17476583e+00
    9.72300291e-01 -6.33405447e-01 1.55262613e+00 -5.43516219e-01
    1.28185034e+00 -4.02238488e-01 1.17669439e+00 9.64573741e-01
    1.64741993e+00 9.99791265e-01 8.61283064e-01 1.16170123e-01
    8.08768451e-01 7.51675606e-01 1.29865855e-01 -3.53321135e-01
    1.01662183e+00 -2.02657625e-01 1.67443705e+00 1.47770405e+00
    -2.85063863e-01 -5.56911469e-01 9.28746998e-01 5.77525795e-01
    -2.61315733e-01 1.20346332e+00 7.69293606e-01 9.03731167e-01
    1.22671425e+00 1.30725384e+00 1.24716449e+00 -7.13196158e-01
    -4.77373928e-01 6.26054347e-01 4.66614395e-01 3.99927855e-01
    1.00208187e+00 -2.07639500e-01 -4.97919351e-01 -5.68521023e-01
    7.11887836e-01 2.91391611e-01 2.58031432e-02 9.19301927e-01
    9.64344800e-01 1.03393567e+00 4.19821730e-03 9.16092336e-01
    -1.76576629e-01 3.80408973e-01 9.37973857e-01 8.11031461e-01
    -4.28803116e-01 1.25791645e+00 -3.53934437e-01 9.85133588e-01
    -4.14915353e-01 4.68576223e-01 5.11696041e-01 7.64175832e-01
    -1.62251994e-01 9.02953506e-01 1.81499171e+00 6.62829399e-01
    -7.01813579e-01 -5.64755797e-01 1.04015887e+00 8.83248389e-01
    9.53389049e-01 -4.70977128e-01 -1.43418849e-01 4.15909141e-01
    8.72931480e-01 1.05326779e-01 -4.95884359e-01 -5.22748709e-01
    1.41920590e+00 1.48412019e-01 1.17625564e-01 1.13116753e+00
    6.66035891e-01 -4.55856800e-01 -3.67980570e-01 8.32227945e-01
    1.41521978e+00 9.96641695e-01 3.31181884e-02 -2.21600190e-01
    -1.94072813e-01 2.96487749e-01 3.93331110e-01 1.38152754e+00
    2.13271394e-01 2.65109986e-01 2.03132421e-01 8.71981919e-01
    2.11318836e-01 2.26250827e-01 1.00614178e+00 -4.51593250e-01
    2.69279420e-01 1.35173321e+00 1.48921525e+00 2.59477973e-01
    -4.77655709e-01 1.78889140e-01 -4.35395122e-01 -2.56092578e-01
    1.18759441e+00 3.89087647e-01 9.08680856e-02 1.18053389e+00
    3.97363275e-01 -5.05906522e-01 -3.75390470e-01 2.63831645e-01
    6.09131157e-01 -3.24154496e-01 4.36410904e-01 2.24497020e-01
    4.19092178e-01 -3.76250952e-01 1.58330500e+00 2.57416487e-01
    2.09101588e-01 3.65496993e-01 -3.02947134e-01 1.68773115e-01
    -4.82232481e-01 1.61126208e+00 8.64443123e-01 1.26970243e+00
    1.12140751e+00 7.45135844e-01 -3.02554637e-01 1.04443085e+00
    3.04179937e-02 1.72179711e+00 -4.89611447e-01 1.04338586e+00
    -2.53755420e-01 1.34803295e+00 5.89797080e-01 1.09460020e+00
    6.48247898e-02 8.28061044e-01 5.96936792e-02 -2.15590373e-01
    1.31311691e+00 -2.69799739e-01 2.82542765e-01 6.16492927e-01
    1.35037494e+00 -7.59173512e-01 3.27248931e-01 1.14030278e+00
    5.47120929e-01 1.50221586e+00 6.36460543e-01 7.60455132e-01
    6.86873734e-01 1.44815731e+00 -1.20506249e-01 1.16627979e+00
    1.41795218e+00 1.57357192e+00 4.78902422e-02 -1.25320926e-01
    9.69361424e-01 -2.96550304e-01 3.61504823e-01 -5.64151049e-01
    1.57974100e+00 -2.87483513e-01 1.37725961e+00 -3.64676751e-02
    1.39980733e+00 1.48609030e+00 1.05095160e+00 2.56054431e-01
    -3.71254414e-01 -7.59426296e-01 -8.27635109e-01 1.47446573e-01
    -2.09956512e-01 -1.34812608e-01 -1.30523592e-01 -7.91705027e-02
    1.18318230e-01 9.15387154e-01 1.20909023e+00 1.16621828e+00
    4.99658495e-01 9.69675362e-01 9.19982135e-01 8.19616795e-01
    -9.87059996e-02 -3.23919147e-01 2.21562073e-01 1.45206714e+00
    9.89607155e-01 3.65804493e-01 1.25079900e-01 -1.00111850e-01
    1.15404189e-01 1.45725453e+00 1.06578195e+00 -1.25581309e-01
    1.01363266e+00 1.20774440e-01 -6.50430620e-01 1.05724359e+00
    9.58643317e-01 -2.58070290e-01 4.79134470e-01 -5.87421656e-01
    -1.92398384e-01 1.36404598e+00 1.36809552e+00 2.40265429e-01
    1.40877581e+00 -1.52063509e-02 1.20348525e+00 1.77151585e+00
    -4.10135448e-01 9.17961776e-01 1.40992844e+00 1.05008996e+00
    1.24739647e+00 8.94647181e-01 7.99849451e-01 1.72593141e+00
    9.09306765e-01 4.27580595e-01 9.86590147e-01 -5.70703864e-01
    1.33240509e+00 7.48736441e-01 -2.31852233e-01 -5.05048871e-01
    1.02163291e+00 1.37088442e+00 4.51828726e-03 1.60845661e+00
    1.77222118e-02 -2.17758492e-01 1.33896184e+00 1.09144938e+00
    -9.97251049e-02 -6.17599308e-01 1.18339884e+00 -6.17571294e-01
    -2.81861037e-01 1.13244307e+00 4.32359964e-01 9.25664186e-01
    6.77145839e-01 8.51736248e-01 1.56712759e+00 -3.06594372e-01
    -3.59870225e-01 -7.39879489e-01 1.53696680e+00 -5.20708859e-01
    -1.60556547e-02 9.33478832e-01 8.51099014e-01 1.18807125e+00
    -3.79935294e-01 4.06394571e-01 -4.46306407e-01 -5.14938712e-01
    1.43127173e-01 7.50979662e-01 3.79242390e-01 9.83925343e-01
    -1.33651448e-02 1.65945947e-01 -5.75817704e-01 6.16567314e-01
    -2.08905980e-01 1.47674298e+00 1.92407817e-01 3.92569214e-01
    1.66230183e-02 1.00550449e+00 4.59519446e-01 1.16591954e+00
    -4.93138492e-01 4.44498658e-01 4.29065943e-01 6.14607990e-01
    -4.76326436e-01 1.70941234e+00 -6.24670327e-01 2.89008617e-01
    1.11349396e-01 7.64726996e-01 -5.91562212e-01 -3.86311948e-01
    2.15749353e-01 5.84077239e-01 -3.87067497e-01 -2.04852045e-01
    6.81117237e-01 1.45677835e-01 1.23701262e+00 1.60574055e+00
    1.43856263e+00 1.53945851e+00 6.42962933e-01 -4.92782472e-03
    6.00284487e-02 5.26466191e-01 1.28751445e+00 9.27176997e-02
    1.05090749e+00 -2.46629044e-01 1.59756750e-01 1.76653659e+00
    6.31162226e-01 1.46422088e+00 -2.65158057e-01 1.31492150e+00
    -4.48206544e-01 -4.70320761e-01 3.37739617e-01 3.07372630e-01
    9.46208239e-02 6.46038413e-01 1.68655908e+00 3.39568824e-01
    1.16847539e+00 1.63848698e+00 4.24656779e-01 1.61130893e+00
    -3.53717417e-01 -5.99372089e-01 1.38739967e+00 -1.99360013e-01
    4.91652340e-01 1.59136117e+00 1.43033934e+00 1.06546688e+00
    2.56568402e-01 -5.91391742e-01 4.25042897e-01 5.37878513e-01
    2.92765409e-01 1.43584383e+00 7.71330655e-01 -4.42817181e-01
    1.32487208e-01 1.63704276e+00 -3.67792584e-02 -5.44953384e-02
    6.46044374e-01 5.00887632e-01 1.34556973e+00 1.44106179e-01
    1.39331436e+00 1.59207273e+00 1.92150831e-01 3.45788091e-01
    4.39806759e-01 1.32035112e+00 -9.53521803e-02 -3.18626314e-01
    -6.31076992e-02 -1.46632075e-01 9.28518713e-01 1.17424536e+00
    -6.97661340e-01 1.34754395e+00 6.53259039e-01 1.08226657e+00
    8.25900555e-01 9.17119741e-01 4.74184036e-01 5.01605988e-01
    1.59049606e+00 -5.53429961e-01 1.02821136e+00 1.79182804e+00
    3.35287511e-01 -7.51670077e-02 -3.10629040e-01 1.06826842e+00
    -2.99703702e-02 -3.00925463e-01 7.37051249e-01 3.99311125e-01
    1.06828183e-01 3.45993675e-02 1.30229117e-02 -4.58724529e-01
    3.46890956e-01 1.36286116e+00 -4.19474483e-01 6.34334326e-01
    7.85923243e-01 3.60530317e-01 -4.79581803e-01 1.11348474e+00
    1.58747637e+00 1.12766337e+00 -6.52054846e-01 1.51618814e+00
    9.50838149e-01 1.36271393e+00 8.97101879e-01 -4.66500938e-01
    1.46351373e+00 3.02029461e-01 6.88223779e-01 1.00007629e+00
    9.06411886e-01 -1.83324873e-01 -3.51340383e-01 1.21179307e+00
    9.74853396e-01 -1.25849947e-01 -7.31040239e-02 5.14899254e-01
    1.03391564e+00 1.52931786e+00 3.24952215e-01 -1.45542994e-01
    1.08620799e+00 1.36269081e+00 2.46298239e-01 -7.08461165e-01
    3.40938509e-01 2.51728911e-02 -5.39166570e-01 9.40648675e-01
    3.23931038e-01 8.56508970e-01 1.59586036e+00 1.57797015e+00
    1.18372011e+00 5.24421573e-01 5.51469028e-01 6.79885805e-01
    -3.88801455e-01 1.50197744e+00 1.57617033e+00 -2.70783067e-01
    -3.98818642e-01 1.11169076e+00 1.28550017e+00 1.60218582e-01
    1.08868945e+00 1.66235101e+00 4.47648793e-01 1.40902698e-01
    2.13023815e-02 9.64273870e-01 -3.58671993e-01 1.27576351e+00
    1.44906712e+00 -5.47169566e-01 1.58292270e+00 -3.28745067e-01
    1.07883155e+00 8.84980202e-01 -4.52273250e-01 2.30545372e-01
    1.52998340e+00 1.17578387e+00 -7.46496379e-01 2.22716853e-01
    8.73280525e-01 8.34051371e-01 1.65341720e-01 -1.80206642e-01
    1.58940113e+00 -7.10248888e-01 8.41698527e-01 -4.49982762e-01
    1.06672823e-01 -7.27181435e-02 4.74839024e-02 -3.98589760e-01
    3.23550135e-01 3.50529164e-01 1.28051674e+00 3.31726372e-01
    -7.46538401e-01 -6.73829615e-01 3.64828438e-01 3.83945435e-01
    -1.19581567e-02 -5.33379257e-01 7.28590548e-01 -1.68650255e-01
    1.15333545e+00 1.57197881e+00 -4.82832342e-01 -7.10948408e-01
    1.66033351e+00 1.10248363e+00 -5.26413620e-01 5.36338985e-01
    1.27362323e+00 2.26895392e-01 -2.20028862e-01 4.22617763e-01
    4.95949060e-01 6.23103678e-01 7.20306218e-01 -5.77379644e-01
    1.09627199e+00 5.92992246e-01 -3.19882780e-01 -3.77955437e-01
    1.47270083e+00 9.22833741e-01 7.26374030e-01 5.53358272e-02
    1.97711930e-01 1.12759817e+00 3.56592298e-01 -3.32964689e-01
    2.45486513e-01 1.21024227e+00 1.25919604e+00 9.12334263e-01
    -2.49290079e-01 9.13199224e-03 5.98028302e-01 1.21079147e+00
    8.53250980e-01 1.03249419e+00 1.18790352e+00 4.44494605e-01
    1.11679208e+00 1.52218783e+00 -6.80663168e-01 1.30343878e+00
    -1.27741545e-01 -5.26891172e-01 -5.17506063e-01 1.36959529e+00
    -1.02753332e-02 8.87723088e-01 -4.74571250e-03 2.95769513e-01
    1.72797465e+00 1.02361619e+00 3.32508922e-01 -5.17707057e-02
    7.18118608e-01 -9.82201472e-02 4.96474534e-01 1.37789297e+00
    1.41696751e+00 -4.99765068e-01 7.26221144e-01 -2.89153039e-01
    2.21089602e-01 1.40684211e+00 -2.49877915e-01 9.53434929e-02
    -6.22020066e-02 1.32327449e+00 -4.73922104e-01 4.35987711e-01
    -1.23234339e-01 2.72654057e-01 1.28146744e+00 3.10517848e-01
    9.27507520e-01 6.11370355e-02 -2.84675539e-01 -3.23007345e-01
    5.50864279e-01 8.16828072e-01 7.88047463e-02 7.86968708e-01
    -3.19901139e-01 1.51848161e+00 1.38393807e+00 -5.09886146e-01
    1.74561906e+00 1.15552640e+00 -3.54314238e-01 3.54028791e-02
    8.74477744e-01 1.23125732e+00 -7.06729472e-01 2.44468734e-01
    1.37734842e+00 1.59101295e+00 4.96480703e-01 1.61781895e+00
    -3.77216965e-01 -2.85262078e-01 8.09501946e-01 -8.99634436e-02
    -2.91921377e-01 1.75394976e+00 5.31218767e-01 8.14027011e-01
    1.57075834e+00 1.75396681e+00 1.72714841e+00 1.80147767e-01
    1.26037896e+00 4.47542638e-01 4.92619216e-01 6.02087975e-01
    8.32010806e-01 -6.52394652e-01 7.35087574e-01 -1.03790350e-01
    -3.44353348e-01 -7.04529360e-02 -4.39894319e-01 4.29300487e-01
    9.00295019e-01 9.91465330e-01 -5.19650757e-01 1.36994791e+00
    2.13387951e-01 -1.80505544e-01 7.72379264e-02 1.67461348e+00
    -5.05786128e-02 1.52380931e+00 -4.33300823e-01 2.95288473e-01
    6.17125928e-01 4.29966807e-01 1.60791159e+00 1.09009981e+00
    2.68505216e-01 -7.27729917e-01 7.63706565e-01 -1.70469269e-01
    3.96481723e-01 1.17600989e-02 -4.26340580e-01 6.38709068e-01
    1.46488702e+00 -2.01556608e-01 2.32392848e-01 -8.65209848e-02
    -1.94359869e-01 -4.51197505e-01 5.41791916e-01 -6.09947085e-01
    4.24618483e-01 1.25295973e+00 1.23004949e+00 -5.95703274e-02
    1.66080010e+00 1.09258914e+00 -3.83854866e-01 1.06568241e+00
    1.68386832e-01 1.53042996e+00 3.16464305e-01 1.48761559e+00
    1.54990458e+00 1.29823625e+00 3.59605908e-01 5.94822288e-01
    8.25992286e-01 -4.38220084e-01 1.39663744e+00 8.91415298e-01
    8.21537375e-01 6.18755698e-01 2.67081857e-01 7.74674952e-01
    6.00843668e-01 9.17701066e-01 4.73587275e-01 -7.35769808e-01
    7.15559185e-01 -6.45397976e-02 -5.18865108e-01 -2.50208974e-01
    5.62550545e-01 -1.67477950e-01 1.28322470e+00 2.95576751e-01
    -5.60188293e-01 8.74508440e-01 -6.70760721e-02 9.94030297e-01
    4.14897382e-01 1.18814158e+00 1.10417140e+00 6.83141470e-01
    -2.16897145e-01 1.40071738e+00 1.48279715e+00 8.28994751e-01
    2.72284210e-01 -6.99757218e-01 1.19164419e+00 1.82824790e-01
    -1.20152421e-01 -3.13592762e-01 1.21639550e+00 1.16048157e+00
    4.92794335e-01 4.20178860e-01 -2.69888669e-01 3.12517911e-01
    4.99565691e-01 -4.82771456e-01 -6.55634046e-01 1.31215167e+00
    9.91596937e-01 -4.07075197e-01 2.02363327e-01 1.36938787e+00
    7.00649202e-01 -3.81872326e-01 4.14742321e-01 6.70195878e-01
    1.40779006e+00 3.41372490e-01 6.08229101e-01 -5.91734290e-01
    1.15481102e+00 -6.85149506e-02 9.92268503e-01 7.06721485e-01
    -2.33625501e-01 1.69086361e+00 -5.30068874e-01 7.34938920e-01
    -2.59211898e-01 6.21795319e-02 2.92869568e-01 7.78269291e-01
    8.89040947e-01 -2.53833741e-01 8.90574634e-01 2.07674500e-04
    1.38031018e+00 1.62728763e+00 1.39630902e+00 9.41883385e-01
    9.57391262e-01 2.00900674e-01 1.32587099e+00 -4.65894878e-01
    1.91549331e-01 8.07410777e-01 4.69988763e-01 6.33757591e-01
    1.64924157e+00 6.85869515e-01 1.39591074e+00 1.37616324e+00
    1.50240827e+00 1.16221750e+00 -8.11147392e-02 -3.21301147e-02
    4.37824070e-01 -4.43739630e-02 6.16313934e-01 2.32437640e-01
    5.01838088e-01 3.89091641e-01 3.26546699e-01 8.64362061e-01
    8.14139485e-01 1.24537718e+00 1.52662921e+00 6.80192053e-01
    9.15049314e-02 1.82031825e-01 -5.37407696e-01 5.71703076e-01
    -2.01438144e-01 -5.96349418e-01 1.72631288e+00 4.90800023e-01
    2.82729328e-01 4.36342835e-01 4.58495587e-01 2.68361092e-01
    4.14010406e-01 2.18735844e-01 9.65717196e-01 6.10120177e-01
    1.04127371e+00 8.21491718e-01 1.30072340e-01 1.22247410e+00
    -2.94334561e-01 -6.64247930e-01 1.38549459e+00 6.26524091e-02
    9.26748216e-01 7.38159001e-01 -4.52414900e-01 1.48507273e+00
    4.63477343e-01 -5.26376963e-01 -4.33828160e-02 1.39019191e+00
    9.29461777e-01 1.63511992e+00 1.08557475e+00 1.17659867e+00
    7.54395351e-02 -6.66208148e-01 6.58837333e-02 1.07999039e+00
    3.86667252e-01 2.97307342e-01 -4.06825483e-01 -4.31750596e-01
    -2.73031384e-01 1.65185258e-01 4.39064838e-02 1.79076880e-01
    9.92088377e-01 8.96378219e-01 8.25227261e-01 1.70651472e+00
    8.98090526e-02 3.33534867e-01 1.23453343e+00 1.93686783e-01
    2.63114214e-01 5.04658103e-01 2.49012411e-01 -5.38489103e-01
    1.41324043e-01 1.02255285e+00 -3.07591289e-01 -3.98451805e-01
    7.56341934e-01 -9.40164551e-02 1.20493805e+00 4.60895509e-01
    -3.07090819e-01 -1.83257028e-01 8.63730073e-01 6.19706929e-01
    1.52157450e+00 -2.13832200e-01 1.35537601e+00 -6.16064012e-01
    1.23100579e+00 -4.30768251e-01 1.15366352e+00 3.85661274e-01
    1.42346513e+00 4.18555364e-02 -5.12811959e-01 1.33118081e+00
    9.99369562e-01 -4.49482054e-01 -4.69759792e-01 -2.73535877e-01
    -4.77649927e-01 -1.41878396e-01 1.27028596e+00 -4.61747676e-01
    1.26199508e+00 7.47048631e-02 1.30251503e+00 -3.12071264e-01
    2.99421668e-01 6.44334793e-01 1.29260689e-01 1.68099916e+00
    7.09134817e-01 -1.67629167e-01 1.18613136e+00 7.51817167e-01
    -2.78172135e-01 -5.35646558e-01 1.84332341e-01 6.07129693e-01
    7.47660697e-01 9.40691948e-01 -7.39458740e-01 -4.13442433e-01
    8.33812654e-01 9.40972924e-01 4.68552768e-01 -7.37259388e-01
    1.42705023e+00 9.70216393e-01 1.18702519e+00 3.80458474e-01
    -6.17817998e-01 1.00619316e+00 5.56756079e-01 -5.71625948e-01
    7.54661679e-01 1.57073140e+00 2.85637736e-01 -4.24089193e-01
    7.72554338e-01 7.02803373e-01 1.46023667e+00 1.42987216e+00
    1.32170558e+00 -4.71529096e-01 4.94735301e-01 4.42158580e-01
    3.95574689e-01 9.74980742e-02 7.37984538e-01 -1.56734720e-01
    1.43975854e+00 1.36363709e+00 -8.13892007e-01 -6.32596910e-01
    8.57445657e-01 9.84582782e-01 3.38493437e-01 -3.38931024e-01
    3.43323648e-01 9.41079617e-01 6.70021167e-03 3.84363472e-01
    1.17152345e+00 7.85105586e-01 6.01073146e-01 1.50243175e+00
    5.61810076e-01 -6.14258200e-02 9.21163410e-02 1.66284382e+00
    5.06303132e-01 1.35099185e+00 2.58752525e-01 2.85833329e-01
    -5.90679049e-01 1.07832277e+00 1.60904348e+00 1.01307333e+00
    -2.79350340e-01 1.30047965e+00 6.03247166e-01 1.30775619e+00
    -3.23318988e-02 -6.12338722e-01 -1.60279691e-01 1.62198544e+00
    4.45889354e-01 6.04783790e-03 1.46413112e+00 -5.90179443e-01
    1.29429615e+00 1.36211562e+00 -2.98797995e-01 2.55023539e-01
    6.97880924e-01 6.92828476e-01 1.53591287e+00 3.69557619e-01
    7.10655928e-01 -3.80178541e-01 6.25534773e-01 1.24377578e-01
    -2.85531878e-01 1.28271866e+00 1.17618918e+00 1.64316607e+00
    5.45834839e-01 -6.31970465e-02 9.29083452e-02 -3.67687717e-02
    2.61466391e-02 1.16977203e+00 -3.79792601e-01 -5.04796863e-01
    1.28822064e+00 1.06891286e+00 4.17505652e-01 1.17550087e+00
    1.36641371e+00 -1.25839427e-01 4.45704281e-01 6.70953214e-01
    7.84738734e-02 1.39695466e+00 7.16597259e-01 1.21971726e+00
    2.30642647e-01 1.37720561e+00 -6.05450749e-01 -1.42549336e-01
    1.55685389e+00 5.93804657e-01 7.63328254e-01 1.46760225e-01
    -9.79135111e-02 6.36953533e-01 7.11035728e-01 1.53576121e-01
    1.07398248e+00 -3.85579765e-02 1.02795351e+00 -1.33566946e-01
    1.56185901e+00 1.55425394e+00 -5.82388937e-01 -1.04940742e-01
    6.13851786e-01 -7.29032278e-01 -6.03123188e-01 1.43253803e-01
    2.66607702e-01 1.40110981e+00 8.09344590e-01 1.39904308e+00
    9.64744985e-01 -1.76275432e-01 1.60126746e+00 1.61299586e+00
    2.70839095e-01 -1.93843633e-01 1.63135862e+00 2.59872466e-01
    1.23810136e+00 -4.96371925e-01 -6.44311011e-02 -3.82335544e-01
    5.29417574e-01 6.80367649e-01 1.72946882e+00 1.72707617e-01
    4.26706672e-01 1.08227468e+00 1.70673102e-01 1.56431448e+00
    4.33645621e-02 -1.19669147e-01 -1.02309577e-01 1.23503768e+00
    1.53559875e+00 3.27270776e-01 9.04957652e-01 -1.12056449e-01
    -3.92788291e-01 -2.06047222e-01 -6.48721576e-01 1.55137742e+00
    1.52402371e-01 1.31863356e+00 7.99732983e-01 1.16042900e+00
    1.54196525e+00 6.95437968e-01 3.33988070e-01 7.84237266e-01
    -4.40746427e-01 1.59457123e+00 -3.74468476e-01 8.02657425e-01
    -6.78673804e-01 1.02276397e+00 6.00016415e-01 1.14093626e+00
    1.52459061e+00 1.64734590e+00 4.74728078e-01 1.48782015e+00
    1.49376237e+00 1.48020720e+00 3.79014492e-01 3.84403169e-01
    1.38302100e+00 -5.51018000e-01 9.59930003e-01 -4.97256845e-01
    6.51607931e-01 -2.31505439e-01 -2.18841080e-02 6.86265156e-02
    -2.33257357e-02 -8.55716690e-02 1.60017222e-01 1.10050714e+00
    6.77159727e-02 1.02608562e+00 2.45370433e-01 1.30504727e+00
    -5.66475928e-01 3.17245454e-01 1.06044316e+00 1.06550574e+00
    -2.25664660e-01 1.32815611e+00 -2.97252774e-01 7.28570521e-01
    1.52751088e+00 -6.09707236e-01 6.37731314e-01 1.59244728e+00
    1.41775084e+00 -6.53052330e-01 1.11330318e+00 1.40113211e+00
    1.23756862e+00 1.08746670e-01 -2.52172917e-01 -3.07115287e-01
    3.19391847e-01 1.33799338e+00 5.88623285e-01 1.67675793e+00
    1.48828924e+00 4.04422551e-01 4.18102235e-01 6.75492227e-01
    1.21139359e+00 1.65056884e-01 -2.69160978e-02 4.25874472e-01
    1.55714607e+00 1.29967302e-01 -7.32191443e-01 1.51975060e+00
    5.99048495e-01 9.30950120e-02 7.99964547e-01 -2.80523300e-01
    -5.87153137e-01 -6.21480703e-01 2.97195077e-01 7.19060123e-01
    7.70774722e-01 1.05438018e+00 -2.51219273e-01 -3.04316938e-01
    1.54715896e+00 1.70171022e+00 5.00952065e-01 5.04926383e-01
    1.59937188e-01 5.07419944e-01 -5.93667805e-01 1.16156352e+00
    9.28693831e-01 1.26363707e+00 -1.03512362e-01 5.26454091e-01
    -1.14640340e-01 5.81083179e-01 2.30863392e-01 6.88076079e-01
    4.01770175e-01 -6.62995338e-01 3.86040732e-02 1.40386534e+00
    1.49101186e+00 -9.19519961e-02 -5.37493229e-01 1.10167408e+00
    2.41603017e-01 4.24741149e-01 -6.12084091e-01 -1.56564504e-01
    4.56745416e-01 1.09894621e+00 -1.22223832e-01 -3.56239706e-01
    1.69387031e+00 4.24976498e-02 7.51285970e-01 4.10122305e-01
    -1.47592425e-01 1.21414793e+00 5.33599854e-01 1.19575512e+00
    -5.87207973e-01 -5.78902841e-01 5.45818448e-01 7.41310477e-01
    -1.77979991e-01 -1.99535638e-01 4.14035618e-01 5.03748953e-01
    1.55490458e+00 1.36380449e-01 1.22828114e+00 -1.57122798e-02
    1.33950746e+00 1.11854386e+00 7.35858977e-01 -2.07365930e-01
    8.54999244e-01 4.49910730e-01 3.98167431e-01 -1.21347286e-01
    1.54763567e+00 1.54355013e+00 2.13244379e-01 -5.75017512e-01
    1.70807052e+00 1.72992778e+00 5.54735780e-01 6.78376019e-01
    3.71384203e-01 1.40833247e+00 -1.17944099e-01 5.28806269e-01
    1.13919353e+00 4.83915776e-01 2.99454108e-02 5.84395230e-01
    1.60544813e+00 7.10971355e-01 -6.82295084e-01 1.10127687e+00
    5.89271605e-01 7.52302706e-01 1.04984033e+00 -5.82750618e-01
    1.64456272e+00 1.53756618e+00 -6.41001761e-02 -5.58805406e-01
    1.76765156e+00 7.50329196e-01 -6.01193085e-02 -3.29913974e-01
    1.24928284e+00 8.30691457e-01 1.76861942e-01 -1.36552319e-01
    1.69937074e+00 1.07649696e+00 5.82784176e-01 -4.02291954e-01
    4.27263439e-01 1.93780214e-01 -1.07329920e-01 9.67922986e-01
    -4.23515707e-01 -2.83358157e-01 1.66276753e-01 9.68467534e-01
    3.55956405e-01 -5.04950762e-01 4.08860773e-01 -2.60750532e-01
    1.14252770e+00 9.71202254e-01 -1.18033513e-01 -6.26219273e-01
    4.78193372e-01 3.45894098e-01 -1.89454973e-01 1.73508871e+00
    3.60581636e-01 3.90879303e-01 4.16469842e-01 6.28802299e-01
    1.39492714e+00 1.57270467e+00 7.09144354e-01 1.26472878e+00
    3.82861733e-01 1.67399991e+00 1.06189585e+00 -6.37342930e-01
    1.09659016e+00 9.93416965e-01 -4.63023990e-01 -3.50628167e-01
    1.43164802e+00 1.20792377e+00 -5.70438087e-01 4.92978722e-01
    1.47905898e+00 1.46127832e+00 1.37676644e+00 1.04510117e+00
    1.18845320e+00 6.44804537e-01 -1.83102980e-01 1.16294801e-01
    4.19504017e-01 1.39328420e+00 -3.01027864e-01 5.53659201e-01
    -1.82113856e-01 -8.39596018e-02 3.95188946e-03 -6.29348040e-01
    2.57662892e-01 -4.16586660e-02 1.37297106e+00 1.24026215e+00
    6.17733188e-02 -4.77642924e-01 -2.42939666e-01 1.49929225e-01
    1.63237643e+00 1.25165713e+00 1.28918672e+00 1.97350219e-01
    5.60287118e-01 1.22505534e+00 -6.99441016e-01 -6.79915771e-03
    -3.26594621e-01 -5.20360112e-01 -4.95588481e-01 1.58509672e+00
    1.65969586e+00 8.84848535e-01 4.11495179e-01 1.42711246e+00
    1.01380336e+00 4.01290089e-01 -6.76061571e-01 5.14190853e-01
    6.74236298e-01 1.45856643e+00 -5.14237702e-01 -5.42856634e-01
    2.16018900e-01 1.57954204e+00 1.14179468e+00 1.47411299e+00
    -3.71543169e-02 -2.32862473e-01 -2.39469662e-01 1.39265895e+00
    8.16659033e-01 5.93700171e-01 -5.59955776e-01 1.31947398e+00
    3.30794811e-01 1.52304709e+00 1.64723039e+00 -6.16932690e-01
    3.45228553e-01 1.13514411e+00 1.31779182e+00 1.20258045e+00
    1.48149145e+00 -6.66180193e-01 8.90663207e-01 1.51190126e+00
    1.53465688e+00 7.74999857e-01 1.43688405e+00 6.62319481e-01
    8.25982332e-01 1.26273942e+00 3.93638462e-01 1.47612536e+00
    -7.04821765e-01 -3.78781646e-01 3.17143857e-01 1.58370960e+00
    -2.63033416e-02 -3.86908948e-01 1.18088007e+00 4.51192677e-01
    6.29999697e-01 4.16436866e-02 -4.15040672e-01 1.05284464e+00
    5.33778429e-01 4.91642058e-01 1.54588234e+00 -3.73172492e-01
    1.49061465e+00 2.78402548e-02 -4.52494532e-01 9.99858856e-01
    1.98571667e-01 1.47680497e+00 7.19130993e-01 4.40571278e-01
    1.26542270e+00 4.64148015e-01 -4.66001540e-01 1.66692102e+00
    8.13713253e-01 -2.78113127e-01 9.78333950e-01 8.95268261e-01
    1.65867925e+00 1.07832742e+00 3.96519840e-01 1.48809612e+00
    1.22865355e+00 1.56747901e+00 -5.09882510e-01 1.15318823e+00
    7.41410136e-01 6.63469851e-01 1.28063571e+00 3.80792260e-01
    1.12976491e+00 2.30922833e-01 1.15421414e+00 8.26619565e-01
    1.29145706e+00 5.59954584e-01 1.36596215e+00 -5.16881049e-02
    8.00803721e-01 1.13895226e+00 -3.38919073e-01 1.26124918e+00
    1.12582274e-01 3.96137446e-01 1.13475347e+00 1.11223388e+00
    1.26145005e+00 9.42778647e-01 -4.06902969e-01 1.81961632e+00
    -5.10749698e-01 9.91475821e-01 -3.70839417e-01 1.65895224e+00
    5.96896887e-01 -2.39770561e-01 1.34861577e+00 -2.87644714e-01
    1.61540842e+00 -4.08997327e-01 -2.74098217e-01 9.07086670e-01
    -3.29932630e-01 1.37360859e+00 -5.61174393e-01 -5.38345516e-01
    3.90858501e-01 5.20044267e-01 9.91510630e-01 1.55025661e-01
    1.26424813e+00 6.16410851e-01 3.96596402e-01 2.28986487e-01
    -4.86318856e-01 8.51129055e-01 -5.47715127e-01 1.36309719e+00
    1.90130586e-03 7.81664789e-01 -4.65171039e-01 -2.18076795e-01
    4.55032080e-01 7.65110791e-01 1.13877095e-01 -5.98496139e-01
    -2.23989859e-01 1.48106202e-01 2.62204725e-02 1.39254940e+00
    -6.70053139e-02 -3.79111320e-01 8.24618578e-01 7.16036633e-02
    1.36330402e+00 -2.05986962e-01 1.34995627e+00 -5.14871836e-01
    -2.39501432e-01 -5.73359169e-02 9.15954471e-01 8.68454933e-01
    -6.94251895e-01 1.21622205e+00 -3.05950761e-01 1.51852024e+00
    1.65623617e+00 5.44761419e-01 4.68764365e-01 7.31396914e-01
    -1.86154786e-02 3.71097416e-01 -1.99125320e-01 1.52849329e+00
    -3.44336897e-01 1.60186589e+00 -1.29016027e-01 6.89805329e-01
    -5.50569475e-01 2.55363807e-02 6.50947094e-01 -4.73152280e-01
    1.57444394e+00 7.08027661e-01 1.06022942e+00 8.72797966e-01
    5.16203284e-01 -1.88552693e-01 1.65189767e+00 5.94481230e-01
    1.66018343e+00 1.26409125e+00 -6.69977427e-01 1.68268228e+00
    5.97301304e-01 -1.29788369e-01 7.16369212e-01 1.51693487e+00
    8.22967112e-01 1.11541581e+00 3.37939680e-01 -5.70993483e-01
    4.70625430e-01 -5.81586957e-01 2.75429845e-01 1.61378884e+00
    6.64638698e-01 -3.76153767e-01 7.42843151e-01 -6.82398319e-01
    4.82499629e-01 1.11299694e+00 2.98813790e-01 1.75790763e+00
    -1.83433101e-01 2.07983658e-01 -4.53749180e-01 -8.37391019e-02
    -3.86549205e-01 2.59870946e-01 6.66254222e-01 9.35911119e-01
    2.88355857e-01 3.79963011e-01 1.57631621e-01 -5.04348099e-01
    -2.95463782e-02 4.64333147e-02 -4.94396299e-01 -1.05898686e-01
    -1.94695905e-01 -3.84455711e-01 2.69669056e-01 -2.93595474e-02
    2.52966523e-01 1.43543053e+00 -3.50162446e-01 1.00512600e+00
    1.26003289e+00 -2.54236847e-01 8.75740349e-01 9.32181895e-01
    1.27696961e-01 -4.10942763e-01 8.41313303e-01 -5.79459488e-01
    5.25291026e-01 8.04946482e-01 1.00449848e+00 4.74457413e-01
    9.02245343e-01 -5.09853065e-01 1.23190045e+00 2.16082916e-01
    8.25846910e-01 -4.83618647e-01 1.05490327e+00 -4.46897894e-02
    4.40520719e-02 3.76981087e-02 -5.19403160e-01 -3.27217346e-03
    2.44864732e-01 5.56822360e-01 3.48120987e-01 1.44747365e+00
    -1.66166842e-01 -4.05718267e-01 -4.15255249e-01 1.15601969e+00
    9.96039510e-01 -2.26013333e-01 2.64295042e-01 1.83994427e-01
    8.96659970e-01 6.36087477e-01 1.73538768e+00 5.72687447e-01
    9.40540314e-01 6.33294106e-01 -2.61697412e-01 9.60618705e-02
    -2.03837425e-01 9.67635572e-01 4.05010372e-01 1.59139204e+00
    7.17474669e-02 3.34024698e-01 1.26592720e+00 6.59312963e-01
    5.99737287e-01 7.62811899e-01 1.31766212e+00 1.06102693e+00
    -1.97529256e-01 1.00410724e+00 -5.08333802e-01 -1.63354486e-01
    1.23463023e+00 -7.35403955e-01 3.47437382e-01 2.54402071e-01
    6.67916179e-01 -5.37567019e-01 -2.52504855e-01 7.71687210e-01
    2.29427174e-01 9.85731661e-01 1.40864462e-01 3.77714336e-01
    6.61868691e-01 1.63174021e+00 1.48503423e+00 5.21913111e-01
    1.03243053e+00 7.79499590e-01 -2.05863699e-01 -2.99842376e-02
    6.67599320e-01 1.66030085e+00 -8.28843415e-02 1.12988913e+00
    -3.56410712e-01 5.29851258e-01 1.07261622e+00 1.56223905e+00
    -4.22401249e-01 5.93008041e-01 4.89383101e-01 5.21714747e-01
    3.30103964e-01 5.49693823e-01 1.05046570e+00 6.38971031e-01
    1.59139693e+00 -6.69471502e-01 1.22288370e+00 -4.48665380e-01
    -4.39905316e-01 -4.57267612e-01 1.13782620e+00 -2.10507035e-01
    1.03820896e+00 -3.27594876e-01 -4.94246453e-01 -3.99082661e-01
    3.44151795e-01 -5.12922049e-01 5.15213907e-01 1.39731288e+00
    8.77963006e-01 5.33223152e-01 2.54411221e-01 1.36702168e+00
    2.71013200e-01 1.25633585e+00 1.32353103e+00 1.64544702e+00
    -8.79456028e-02 1.26743817e+00 1.13607430e+00 1.42019308e+00
    8.75559211e-01 1.00513315e+00 -2.35999182e-01 -5.92965961e-01
    5.20161092e-01 -1.26263350e-01 7.92466760e-01 -2.20760286e-01
    6.25447869e-01 1.36568705e-02 -5.08157492e-01 1.34710526e+00
    3.30863893e-01 -3.26738507e-01 1.41795373e+00 8.83491516e-01
    7.15544641e-01 7.53517449e-01 1.77317178e+00 -5.60326576e-01
    1.23031884e-01 9.17667687e-01 1.06623077e+00 -8.92879255e-03
    -4.97235447e-01 8.49112630e-01 1.05893321e-01 6.31919444e-01
    1.15012217e+00 1.38326180e+00 5.12617648e-01 8.83960307e-01
    1.12740242e+00 7.18730152e-01 -6.17533505e-01 1.45292446e-01
    1.34453341e-01 -1.02918945e-01 7.75513172e-01 1.14023995e+00
    -5.91900885e-01 -6.92161545e-02 2.28583947e-01 1.29289222e+00
    6.73370063e-01 -6.02608323e-01 1.61417395e-01 1.31224585e+00
    -1.40486017e-01 5.43624759e-01 -7.13890195e-02 2.27659211e-01
    -4.16940719e-01 1.06134224e+00 1.43077123e+00 1.21398009e-01
    -3.90486658e-01 1.50847805e+00 -1.41253889e-01 -1.94995970e-01
    -8.05714607e-01 3.45184773e-01 6.08898401e-01 5.90618253e-01
    -5.77817559e-01 6.16207361e-01 -3.07763547e-01 2.98447967e-01
    -9.80145857e-02 1.06770182e+00 6.41429782e-01 2.60607064e-01
    -5.17256558e-01 1.38439012e+00 1.47619486e+00 9.53695402e-02
    -6.41502440e-01 9.31304216e-01 8.83663297e-01 8.03110838e-01
    -3.76658022e-01 1.52858198e+00 1.21508718e+00 -2.43622333e-01
    8.66681039e-01 1.19665539e+00 5.33339083e-02 1.94689289e-01
    2.69106328e-01 -2.86331177e-01 -6.92882165e-02 -5.12677282e-02
    3.09492201e-01 6.40068710e-01 -2.56922185e-01 2.91152030e-01
    1.60579002e+00 6.23123169e-01 -7.09829569e-01 5.62416852e-01
    1.50263333e+00 7.32073188e-01 -4.75754768e-01 -3.19385022e-01
    1.00386453e+00 1.30072892e+00 -1.52390480e-01 -3.52924734e-01
    -2.29824111e-01 -5.39384902e-01 8.13783944e-01 3.83278839e-02
    8.26582611e-01 -1.02546424e-01 1.72496453e-01 8.25066864e-01
    -5.03912330e-01 5.04289329e-01 1.74444366e+00 -7.14279190e-02
    3.41539711e-01 1.87362754e+00 9.08771396e-01 -4.78700638e-01
    1.42507064e+00 1.34745598e-01 1.74014676e+00 1.15764296e+00
    8.96927476e-01 -2.97406554e-01 1.72611845e+00 -2.86894888e-01
    9.58997548e-01 -3.05767566e-01 -2.98644044e-02 -1.36999006e-03
    5.72875701e-02 7.23898113e-01 -4.16028440e-01 -4.26886559e-01
    1.60044014e+00 4.86871779e-01 6.70129120e-01 6.50764525e-01
    1.46526563e+00 -4.78179008e-01 9.95320737e-01 1.60906637e+00
    1.39700222e+00 -1.93774849e-01 1.24680877e+00 5.22885807e-02
    -8.97414833e-02 1.50258040e+00 -3.82405519e-02 1.17090809e+00
    1.47787321e+00 -1.11238435e-01 8.04256573e-02 1.28283906e+00
    9.20089483e-01 -6.15307689e-01 -1.26051217e-01 3.91003042e-01
    4.46707234e-02 1.19414520e+00 -3.59951854e-01 3.15821409e-01
    2.87609905e-01 1.38549566e+00 -6.63905203e-01 9.14487541e-01
    4.76544827e-01 2.76173353e-01 3.57313901e-01 -3.67889702e-01
    1.30361986e+00 -7.34522045e-01 1.40690887e+00 -4.86787289e-01
    1.12436068e+00 6.80077434e-01 7.94412196e-01 1.18526697e+00
    -4.87604856e-01 1.17248333e+00 -2.29327068e-01 -4.25463393e-02
    -4.90687750e-02 -7.80183971e-01 6.39324367e-01 1.23858964e+00
    1.04788053e+00 1.50315976e+00 1.09693974e-01 1.37068558e+00
    1.38677728e+00 1.59671533e+00 1.39482105e+00 1.46771717e+00
    -3.43458295e-01 1.48974252e+00 1.37000084e+00 2.39238709e-01
    1.67621887e+00 1.67145431e-01 6.74605668e-01 7.56564319e-01
    -2.17063576e-01 8.71533334e-01 2.97550142e-01 4.70817953e-01
    1.44585025e+00 -4.67315257e-01 1.46629953e+00 -1.23598762e-01
    -6.73563838e-01 1.24463689e+00 -2.92994112e-01 1.38353539e+00
    5.18663190e-02 -4.27610040e-01 -3.53663027e-01 1.42852336e-01
    1.22983170e+00 1.00816345e+00 3.20115179e-01 1.21607912e+00
    -5.02033234e-01 1.51470697e+00 -5.04252374e-01 -4.32145089e-01
    -3.13205421e-02 4.22829948e-02 -3.76650393e-01 4.87520397e-01
    9.63898361e-01 3.90659034e-01 1.18253756e+00 -3.64586681e-01
    -3.73817801e-01 2.41277084e-01 7.57101774e-01 2.12209359e-01
    -6.34301826e-02 -6.24979913e-01 3.73914361e-01 2.03324080e-01
    9.17352319e-01 -2.05169380e-01 -7.58325994e-01 2.59725571e-01
    -1.73657745e-01 2.44597808e-01 1.08910215e+00 -6.18377209e-01
    3.61526966e-01 -1.97137684e-01 3.61769944e-01 1.04717258e-03
    1.26285791e+00 8.16538692e-01 1.27161074e+00 -5.00553250e-01
    1.06414557e+00 -4.62076515e-01 2.02488884e-01 1.54020643e+00
    5.37886322e-01 1.51325893e+00 8.98011029e-01 -1.48251519e-01
    -5.05750179e-01 3.47076684e-01 -9.54322889e-02 1.12109923e+00
    6.11558974e-01 -5.57567596e-01 1.03639150e-02 1.79288283e-01
    1.08188224e+00 -2.05124795e-01 2.35568225e-01 8.68736327e-01
    2.95370072e-01 3.67894024e-01 2.33597919e-01 1.16329849e+00
    5.61584756e-02 9.09986258e-01 1.04910767e+00 3.68385524e-01
    -8.19123909e-02 9.24721122e-01 7.60110915e-02 7.59639621e-01
    1.70303559e+00 7.16330111e-02 1.07947195e+00 1.72752306e-01
    1.04179382e-01 8.78283024e-01 1.65289295e+00 5.02919912e-01
    -5.23415565e-01 4.70965058e-01 2.98916578e-01 1.00951207e+00
    7.56882846e-01 7.28321552e-01 1.80441630e+00 2.34150246e-01
    -6.05601370e-01 -2.61877328e-02 1.45959544e+00 -6.86047792e-01
    1.61693299e+00 1.26368380e+00 1.59814179e+00 1.62865961e+00
    -2.49609903e-01 -2.60297060e-01 9.75218952e-01 6.13476872e-01
    1.19774032e+00 2.58157521e-01 3.71251971e-01 1.04558277e+00
    9.28898990e-01 1.23125815e+00 8.25362623e-01 5.92991889e-01
    3.60647947e-01 9.44670260e-01 1.03508246e+00 -5.87360144e-01
    1.25519514e+00 -2.58621991e-01 3.10868412e-01 1.26222074e-01
    1.70815438e-01 2.00595558e-01 -4.20443416e-01 7.72430301e-01
    3.21116209e-01 1.39469826e+00 4.95708078e-01 1.34629166e+00
    7.82380164e-01 -3.77088785e-01 3.68889958e-01 2.94147789e-01
    -9.24800709e-02 -4.44154814e-02 -7.28748888e-02 -4.22652572e-01
    1.54657137e+00 1.18589473e+00 1.64485729e+00 1.02508330e+00
    -1.74897760e-01 1.66728044e+00 -4.97569190e-03 1.06835067e+00
    6.28613949e-01 6.99561775e-01 9.86145437e-01 2.27973148e-01
    -4.55862701e-01 1.59966576e+00 1.45526755e+00 -3.61683547e-01
    8.44851494e-01 -3.61913621e-01 1.25144303e-01 7.71006703e-01
    -6.38657451e-01 4.97483879e-01 -5.60832083e-01 3.02108139e-01
    7.68167138e-01 1.15044916e+00 -4.53292370e-01 1.17027783e+00
    -3.63798350e-01 4.05408829e-01 -2.52038449e-01 1.63677561e+00
    -5.94570994e-01 4.42145675e-01 1.43236840e+00 1.14714301e+00
    9.96501207e-01 1.31962132e+00 1.53610122e+00 -1.75864145e-01
    1.12977183e+00 1.70089230e-01 -4.73216362e-02 2.43260533e-01
    1.18133390e+00 5.71124852e-01 1.46378458e+00 -2.97117442e-01
    1.27581918e+00 -1.05441688e-02 -6.05878353e-01 -4.34925184e-02
    1.58810854e+00 1.36832857e+00 9.64184463e-01 1.24752331e+00
    -7.04608977e-01 1.15141141e+00 1.29171491e+00 9.47849691e-01
    -4.41181958e-01 1.75175905e+00 3.68404031e-01 -1.58089995e-01
    1.00940812e+00 -5.08442938e-01 -3.12327474e-01 1.49831355e+00
    -5.86866379e-01 -6.07377172e-01 -4.51487929e-01 1.65993643e+00
    1.58847702e+00 -5.10530412e-01 8.93656313e-01 1.27436852e+00
    9.06380832e-01 1.21994877e+00 -7.44122446e-01 -8.04798678e-02
    1.34417927e+00 3.84081244e-01 3.99226069e-01 3.10472488e-01
    -1.16267845e-01 2.17366353e-01 -3.23577762e-01 5.81629515e-01
    1.20740986e+00 -5.72561741e-01 1.65322435e+00 3.57887715e-01
    4.17030960e-01 -2.19491675e-01 1.43765241e-01 -6.32738695e-02
    7.00107634e-01 8.16279233e-01 -7.78752983e-01 1.16739154e+00
    -7.92258739e-01 9.87641096e-01 -1.93209231e-01 9.05601382e-01
    1.36217065e-02 6.40972793e-01 1.55770016e+00 1.83474612e+00
    8.06123555e-01 1.03764248e+00 1.39068973e+00 1.22122025e+00
    1.43736839e-01 -9.10011232e-02 -5.95220149e-01 1.60796165e+00
    5.73553622e-01 9.58733782e-02 3.76675040e-01 3.90172660e-01
    2.61158466e-01 1.52516031e+00 4.34186280e-01 5.80174208e-01
    1.10555506e+00 1.56723809e+00 -4.68953252e-01 -5.06588936e-01
    6.50047839e-01 -5.91189325e-01 9.08852875e-01 7.86380470e-02
    1.16635323e-01 1.71476698e+00 6.95072889e-01 3.99968058e-01
    3.69801790e-01 -1.14608012e-01 1.72278941e+00 7.96625555e-01
    -1.96362287e-01 1.11599469e+00 1.09550166e+00 5.50860107e-01
    1.66771209e+00 -5.88253856e-01 2.75256872e-01 1.72766447e+00
    7.24631011e-01 1.22197807e+00 6.79489613e-01 9.69302297e-01
    7.91072845e-01 -2.06810117e-01 -1.55859083e-01 -4.65134323e-01
    8.63121927e-01 -9.01649967e-02 2.22938076e-01 1.54917276e+00
    -1.96988404e-01 1.48812994e-01 1.53142083e+00 -4.25709456e-01
    -2.80747116e-01 6.47291660e-01 9.78963614e-01 6.12242445e-02
    5.82586408e-01 1.71909785e+00 -4.98186558e-01 1.40732288e+00
    1.11641836e+00 -1.10983863e-01 1.63506603e+00 -1.49015427e-01
    -2.53943950e-01 8.24307621e-01 6.02122471e-02 6.46738708e-01
    1.25789833e+00 5.75680733e-01 -4.11360003e-02 2.71194994e-01
    8.40729356e-01 -5.04230678e-01 6.69328332e-01 1.77440822e+00
    -4.02590692e-01 1.25460076e+00 9.55564499e-01 -3.66149604e-01
    1.85284460e+00 4.89932001e-02 5.29111624e-01 2.86903858e-01
    2.37525925e-01 3.92511994e-01 -3.59793305e-01 1.48733962e+00
    1.07676816e+00 1.63362312e+00 -1.45684302e-01 9.21777308e-01
    1.24832773e+00 1.67974794e+00 4.13751513e-01 -6.29067361e-01
    1.22767961e+00 -3.58782917e-01 -4.65526909e-01 5.20472169e-01
    -9.92183909e-02 2.45632976e-01 4.40321654e-01 1.36567605e+00
    1.49420157e-01 9.44456279e-01 5.58474898e-01 1.71280003e+00
    -1.41365483e-01 -2.85191178e-01 4.23806548e-01 1.63756311e+00
    1.21622968e+00 -2.18018502e-01 7.95626700e-01 6.26127362e-01
    -6.48169458e-01 -1.44945443e-01 7.52967894e-01 1.04370987e+00
    -7.11060703e-01 -1.40655652e-01 -2.66537040e-01 -4.75816578e-01
    1.72082496e+00 4.17035520e-01 7.13220060e-01 1.54785430e+00
    -1.24922685e-01 7.22385943e-01 5.00685990e-01 1.42660931e-01
    6.92871809e-01 1.31185710e+00 1.22246969e+00 9.24138486e-01
    -5.26111107e-04 1.07787979e+00 8.45388830e-01 -2.97720283e-01
    1.12627995e+00 1.01014018e+00 8.09338272e-01 1.60698855e+00
    8.23953271e-01 -5.36211848e-01 3.33877146e-01 5.30589938e-01
    1.12712272e-01 1.08079672e+00 5.23928165e-01 3.50513607e-01
    1.30283511e+00 1.04295325e+00 3.94668877e-01 6.07885480e-01
    1.23218250e+00 1.32018983e+00 4.81719792e-01 2.29323968e-01
    8.14194083e-01 -3.51694882e-01 3.14562827e-01 -1.27849609e-01
    1.44607615e+00 9.18697059e-01 -1.14921391e-01 7.18715131e-01
    1.77166772e+00 6.20001256e-01 -3.72612834e-01 1.50223792e+00
    1.40442586e+00 1.10867369e+00 8.67037117e-01 -9.56923217e-02
    7.39821345e-02 8.31753910e-01 1.54008353e+00 -7.00513005e-01
    4.88267362e-01 1.41214997e-01 -5.17688692e-01 -1.03056297e-01
    7.45490909e-01 1.40026116e+00 -1.07483231e-01 -3.17461729e-01
    7.60983407e-01 -1.41178817e-01 8.51268947e-01 2.36968890e-01
    1.70920289e+00 2.38780692e-01 -1.85280874e-01 9.40965056e-01
    -2.36716717e-01 1.46297669e+00 6.44245297e-02 2.59864300e-01
    4.23905134e-01 1.33472812e+00 1.29938078e+00 -5.66094697e-01
    7.41223693e-01 9.47401896e-02 1.17679083e+00 1.74642098e+00
    2.81192631e-01 1.02728999e+00 -5.83127797e-01 1.38826966e-01
    1.56394601e+00 9.74075645e-02 1.16476583e+00 -3.88599634e-01
    1.38001668e+00 7.18273759e-01 -4.86120522e-01 1.26783013e+00
    1.05565107e+00 9.86932635e-01 3.33534807e-01 1.52368939e+00
    -7.11945891e-01 6.55781448e-01 -4.08314280e-02 -4.28022206e-01
    -1.85411990e-01 1.64975572e+00 3.75068158e-01 6.45218968e-01
    1.24265909e+00 3.31661493e-01 1.08441794e+00 1.18177021e+00
    -7.69661590e-02 6.34347558e-01 1.23079407e+00 8.18804622e-01
    -8.37901328e-03 7.17952669e-01 1.67920208e+00 -4.40081239e-01
    3.22003335e-01 1.63287187e+00 -2.62193233e-01 -6.26915395e-01
    4.22032833e-01 5.34259319e-01 6.03940845e-01 2.12324810e+00
    -1.50474042e-01 8.53797317e-01 3.98010880e-01 4.22048628e-01
    5.68464220e-01 5.92088640e-01 6.83948576e-01 1.92741406e+00
    1.35925245e+00 -3.42801750e-01 1.70364583e+00 6.38663113e-01
    1.32600808e+00 -9.00716186e-02 9.83314753e-01 -2.29077443e-01
    1.24635553e+00 9.76254344e-01 6.44700766e-01 -3.14541996e-01
    1.00157416e+00 1.61818039e+00 8.87422085e-01 -2.87910491e-01
    4.43862796e-01 2.55946696e-01 1.27785909e+00 -3.32636148e-01
    4.95035527e-03 1.39213949e-01 1.72421837e+00 8.36051404e-01
    1.06034589e+00 -3.32478583e-01 1.81875753e+00 -4.19417322e-01
    1.31184608e-01 1.06255993e-01 8.15793812e-01 6.39293373e-01
    -1.41725853e-01 6.31996155e-01 6.50145233e-01 8.82463932e-01
    -2.10284457e-01 3.61676574e-01 8.54920983e-01 1.54012167e+00
    2.50532448e-01 4.13000613e-01 4.92958099e-01 6.61256015e-01
    1.31094885e+00 1.64695203e+00 7.72970200e-01 1.11250186e+00
    2.85631627e-01 3.63292426e-01 2.71549553e-01 -5.13914460e-03
    6.74339384e-02 7.74739921e-01 -3.21192622e-01 -3.83346349e-01
    -2.04260558e-01 3.63645315e-01 1.76894391e+00 1.83536172e+00
    1.28607249e+00 -4.82229948e-01 8.22537094e-02 4.37827587e-01
    -8.18155035e-02 8.86147559e-01 -3.16230878e-02 -2.73317665e-01
    3.45058113e-01 1.24597645e+00 -1.25569507e-01 2.15898082e-01
    5.88000715e-01 -3.58568937e-01 1.45909607e+00 7.87957370e-01
    4.37268883e-01 -2.94302609e-02 7.06671998e-02 -2.60479957e-01
    6.56554937e-01 1.14648914e+00 2.00114012e-01 7.23163664e-01
    1.37330198e+00 1.74928792e-02 1.41854262e+00 5.05621850e-01
    -3.21899027e-01 1.20194244e+00 5.11271775e-01 7.42083669e-01
    4.69617620e-02 -4.43865657e-01 1.52112937e+00 1.37455499e+00
    -3.47005039e-01 9.62863982e-01 1.40298975e+00 3.33717048e-01
    -2.30495423e-01 1.02541602e+00 -4.88828242e-01 7.09291548e-02
    1.16164732e+00 -4.70884979e-01 1.33722639e+00 8.05168927e-01
    -5.09317279e-01 1.53800118e+00 1.06372190e+00 9.37017143e-01
    1.01718018e-02 9.85942543e-01 1.70187378e+00 1.18629968e+00
    9.97940183e-01 1.65141296e+00 8.64164531e-01 7.12490141e-01
    1.27713755e-01 1.43916635e-02 4.19539869e-01 1.68327224e+00
    5.86490110e-02 5.83752573e-01 1.59772468e+00 1.27652574e+00
    -1.01418845e-01 5.90614319e-01 1.39851689e+00 1.03694761e+00
    -6.78549826e-01 8.31070125e-01 -5.47308438e-02 7.20825315e-01
    1.65900517e+00 1.15511131e+00 -5.46447784e-02 -4.82424170e-01
    1.08535552e+00 1.37630928e+00 8.57248828e-02 -1.33795887e-01
    5.98163456e-02 1.78273511e+00 -2.27600887e-01 -1.98856637e-01
    1.69503427e+00 -3.03933263e-01 4.86328043e-02 -2.84480870e-01
    4.38564450e-01 3.38256776e-01 6.79984152e-01 -1.95539787e-01
    1.67189872e+00 1.14790440e+00 1.69102922e-01 1.56309235e+00
    1.83573648e-01 1.04993248e+00 3.35247070e-02 1.48090947e+00
    -4.51367706e-01 2.72399038e-01 3.76925617e-01 8.68602276e-01
    1.13176465e+00 1.13965368e+00 1.39424038e+00 1.57394993e+00
    1.16327119e+00 1.53858364e-01 9.68464077e-01 1.67304933e+00
    1.31806695e+00 -2.57533908e-01 1.86107028e+00 7.40071654e-01
    1.40362632e+00 1.54867601e+00 1.29539752e+00 1.52384007e+00
    1.65922928e+00 1.19530451e+00 -3.55160534e-01 -2.48875305e-01
    1.21683323e+00 1.74783862e+00 -3.14038306e-01 1.35042500e+00
    1.51118779e+00 1.48446655e+00 -1.02031484e-01 1.50980771e+00
    4.27620620e-01 2.11305693e-01 4.95635979e-02 2.53114134e-01
    -6.36158809e-02 -2.60429353e-01 1.36189282e+00 -2.45722711e-01
    -8.88540670e-02 8.83391142e-01 1.50425410e+00 6.06201813e-02
    -3.68983269e-01 1.61869979e+00 1.28751266e+00 2.28765652e-01
    5.24561703e-01 9.68313932e-01 1.16948211e+00 -4.91272599e-01
    2.25953475e-01 1.71420479e+00 5.76199710e-01 8.28126743e-02
    1.63624871e+00 -3.76328975e-02 1.83755124e+00 1.09676683e+00
    -5.29442132e-01 1.77054572e+00 7.93958247e-01 1.26586512e-01
    1.62773705e+00 6.53070152e-01 8.36433411e-01 1.06222296e+00
    -4.13102925e-01 9.43199754e-01 3.53139520e-01 6.55038178e-01
    4.56275344e-01 1.68223536e+00 -6.78356826e-01 1.61270583e+00
    1.51561058e+00 7.44117558e-01 -8.95711854e-02 -2.71583498e-01
    1.77262151e+00 3.68661582e-01 1.03973889e+00 2.97498405e-01
    1.74631202e+00 2.37865782e+00 2.35279091e-03 1.42818654e+00
    2.11888742e+00 1.31207585e-01 5.85207999e-01 5.91506697e-02
    4.60872293e-01 7.11408138e-01 2.34689736e+00 1.21981597e+00
    1.55204642e+00 1.46818638e+00 3.60049248e-01 9.97353256e-01
    2.44446898e+00 2.40749955e+00 1.14749753e+00 2.15257692e+00
    2.44225219e-01 1.54623854e+00 2.30300188e+00 2.21104574e+00
    8.92655969e-01 1.26703393e+00 1.59759939e+00 2.78918207e-01
    1.62180424e+00 3.97978239e-02 1.56514800e+00 2.33675528e+00
    6.56408966e-02 1.93516299e-01 2.43732855e-01 1.06837881e+00
    1.96132612e+00 6.88285947e-01 1.50667739e+00 6.00135207e-01
    2.26387620e+00 2.69074917e-01 2.13186169e+00 1.26086438e+00
    1.06693745e-01 1.20706260e+00 1.35409117e+00 8.90352309e-01
    1.65899956e+00 8.11820686e-01 1.58809352e+00 1.39956987e+00
    1.55533314e-01 1.93553960e+00 8.94305587e-01 2.11877036e+00
    2.98480660e-01 1.92234552e+00 2.04943347e+00 2.11601591e+00
    2.08906198e+00 4.54601347e-01 3.36346954e-01 6.05383575e-01
    1.64407587e+00 4.20326591e-01 1.12542129e+00 1.09487310e-01
    2.06322506e-01 9.13686633e-01 2.41162491e+00 2.38986802e+00
    1.52958322e+00 4.14427044e-03 7.60975122e-01 1.88773584e+00
    2.33062387e+00 2.06120133e+00 1.16037154e+00 2.45301053e-01
    1.46803200e+00 1.81041956e-01 1.03487337e+00 2.18447638e+00
    5.36306858e-01 4.54385430e-01 2.43737531e+00 1.73560655e+00
    1.00033581e+00 4.81739253e-01 2.24243832e+00 1.63910240e-01
    1.05434906e+00 2.36170602e+00 1.49508321e+00 2.30715889e-02
    4.49043453e-01 1.84139419e+00 1.06865394e+00 4.83253241e-01
    1.48470569e+00 2.26416063e+00 1.35099697e+00 2.08803606e+00
    1.71575677e+00 1.34262109e+00 2.10101858e-01 7.12054193e-01
    9.05039132e-01 2.51307786e-01 1.90341794e+00 1.50557566e+00
    3.99636626e-01 1.07252955e-01 5.57255924e-01 8.40352774e-01
    2.32195210e+00 6.46013975e-01 1.58697271e+00 1.71601665e+00
    2.28448153e+00 5.36191046e-01 1.02029347e+00 1.38071132e+00
    1.73859096e+00 9.68214750e-01 2.18979192e+00 7.36643732e-01
    2.14631486e+00 2.24639797e+00 1.62560403e+00 1.18780208e+00
    2.48124504e+00 2.22644496e+00 1.87459826e+00 1.51354921e+00
    1.79432666e+00 3.51642489e-01 8.81687701e-01 6.72715962e-01
    2.22502542e+00 2.36567116e+00 1.96035516e+00 1.16376042e+00
    1.39456868e+00 8.58441234e-01 2.11028957e+00 1.10047567e+00
    7.27351844e-01 5.45792043e-01 1.26959407e+00 1.41895843e+00
    1.16699660e+00 1.13140953e+00 8.26772869e-01 2.23052725e-01
    1.57216120e+00 1.62807262e+00 1.89234579e+00 5.84619999e-01
    2.50980830e+00 2.26133323e+00 5.56073546e-01 6.61140084e-01
    1.99673986e+00 1.98384542e-02 2.15720487e+00 1.25949347e+00
    4.91870940e-01 1.27260149e+00 2.51188040e+00 6.77757442e-01
    1.45046461e+00 7.27260292e-01 2.87507921e-02 2.00814486e+00
    2.50564724e-01 2.45585465e+00 1.30043671e-01 1.53832114e+00
    7.71165490e-01 2.21862078e+00 1.94152391e+00 1.78674936e+00
    7.94473946e-01 1.69689333e+00 2.74606161e-02 1.61034596e+00
    1.86374915e+00 9.44937944e-01 2.72986963e-02 8.61843169e-01
    7.89986789e-01 1.60416472e+00 1.40569758e+00 5.17482936e-01
    1.05492264e-01 1.66498184e+00 6.53474331e-01 1.50394991e-01
    8.71195018e-01 1.04366265e-01 2.49206662e+00 1.72669482e+00
    2.17041683e+00 2.15922666e+00 7.53088653e-01 2.48840642e+00
    2.50535059e+00 1.68170369e+00 2.29454041e+00 4.09477092e-02
    1.36310482e+00 1.39641452e+00 2.04161048e+00 1.52102458e+00
    3.12512249e-01 1.79296887e+00 1.67056799e+00 1.24181306e+00
    7.00427234e-01 9.11173522e-01 2.39642429e+00 1.72251117e+00
    1.81536645e-01 2.14347601e-01 3.13154966e-01 1.10488939e+00
    1.26663220e+00 1.48429787e+00 2.24753404e+00 7.60805190e-01
    2.04309273e+00 2.22246215e-01 8.22410360e-02 1.05567668e-02
    2.01365185e+00 9.43559408e-01 2.06979370e+00 2.40950513e+00
    1.54921383e-01 5.10952532e-01 2.02650356e+00 2.49904799e+00
    7.29242563e-01 7.40173832e-02 2.23764348e+00 1.86972833e+00
    2.22985357e-01 2.45713115e+00 7.63849914e-01 1.52328670e+00
    1.58176041e+00 5.28487682e-01 1.78356838e+00 1.43030965e+00</data></your_img>
</opencv_storage>
