<?xml version="1.0"?>
<opencv_storage>
<g>1.6699999999999999e+00</g>
<r>4</r>
<filter-type>0</filter-type>
<circular>0</circular>
<L2_diff>9.1100208935083806e+00</L2_diff>
<test_img type_id="opencv-matrix">
  <rows>128</rows>
  <cols>256</cols>
  <dt>f</dt>
  <data>
    2.96750128e-01 7.76373684e-01 1.23153716e-01 9.06415820e-01
    8.51049125e-01 6.13727868e-02 3.69961143e-01 1.88366771e-01
    1.62579358e-01 2.60096729e-01 2.01901048e-01 7.01684356e-01
    3.58936667e-01 2.18705386e-01 6.43686056e-01 8.73707116e-01
    2.87185818e-01 1.50914431e-01 3.09877098e-01 3.49377096e-02
    4.60195094e-01 2.19728082e-01 9.64855075e-01 5.59538722e-01
    1.25078976e-01 4.89971727e-01 1.95615679e-01 4.30483252e-01
    6.16284907e-02 6.71292901e-01 1.65407419e-01 9.32744265e-01
    2.51155436e-01 6.95482731e-01 6.11858368e-01 1.77652121e-01
    7.66334474e-01 2.08042771e-01 8.25407207e-02 8.94218922e-01
    2.56693780e-01 4.66959536e-01 2.36163735e-01 8.92322183e-01
    1.53385550e-01 2.87743539e-01 8.36497068e-01 3.47994030e-01
    8.14659119e-01 8.08736444e-01 3.51857603e-01 5.09359598e-01
    8.44343543e-01 9.93176818e-01 9.59264636e-01 6.10800326e-01
    9.84376431e-01 7.57107675e-01 8.60702753e-01 3.58030647e-01
    2.30996668e-01 3.79812419e-02 7.39231765e-01 7.49585867e-01
    2.34740138e-01 5.79354048e-01 7.88503528e-01 8.83780837e-01
    9.86192584e-01 5.15525639e-01 7.32966423e-01 5.78708410e-01
    8.54594290e-01 6.39017165e-01 8.95500004e-01 3.89495254e-01
    4.12699372e-01 4.76783246e-01 3.37374210e-01 9.56887424e-01
    1.37664557e-01 1.23477578e-01 5.27501047e-01 8.07531178e-02
    7.08089828e-01 5.35776615e-01 8.82908463e-01 1.55556381e-01
    2.05567777e-01 5.80253661e-01 4.38009828e-01 2.96143323e-01
    3.57834041e-01 1.77826881e-02 5.75234175e-01 3.65117282e-01
    4.57425356e-01 1.95734710e-01 6.86346650e-01 9.83751178e-01
    3.36512327e-02 8.40359032e-01 2.02455282e-01 9.83881712e-01
    4.84842956e-01 1.84862554e-01 7.24760652e-01 4.85038340e-01
    7.92643547e-01 4.22585756e-01 8.10880661e-01 9.23040748e-01
    9.21742558e-01 8.30949545e-01 9.07052159e-02 4.75072145e-01
    6.61966801e-01 5.69439709e-01 4.98302877e-01 2.99823582e-01
    3.57638776e-01 8.08252394e-01 5.15204668e-02 9.81721520e-01
    7.88705647e-01 3.26362878e-01 4.16422606e-01 6.17775917e-02
    2.23177612e-01 7.99421787e-01 3.20214540e-01 9.32918549e-01
    5.82563639e-01 4.41198558e-01 7.89994359e-01 3.91648710e-01
    2.11908013e-01 7.39157975e-01 6.24224246e-01 9.16752815e-01
    2.03262568e-01 8.32939029e-01 5.25913000e-01 4.09283042e-02
    9.67222095e-01 5.12825131e-01 2.67727971e-01 8.64942849e-01
    7.25662470e-01 9.19130325e-01 3.73507321e-01 4.32363987e-01
    6.48233294e-03 1.69420540e-01 1.29415423e-01 1.19109869e-01
    1.28447056e-01 5.37936747e-01 3.47770691e-01 4.44500417e-01
    6.74369812e-01 8.26878667e-01 7.39137352e-01 9.36759710e-02
    8.70146811e-01 2.99185216e-01 8.30176473e-02 9.22528625e-01
    6.25901520e-02 2.20276982e-01 6.82575822e-01 1.00340486e-01
    4.76684511e-01 7.87335277e-01 2.09404856e-01 6.42801762e-01
    4.61982757e-01 7.01813698e-02 2.83251703e-01 9.38727498e-01
    3.89250189e-01 3.24552953e-02 1.95353210e-01 1.74496353e-01
    7.65426993e-01 7.47808695e-01 3.05741727e-01 6.61408365e-01
    4.73177940e-01 3.03286970e-01 5.48310876e-01 8.56177509e-01
    5.53884804e-01 7.92195499e-02 7.42106676e-01 3.05925280e-01
    1.85655147e-01 5.93106151e-01 2.92518169e-01 5.98150611e-01
    3.67866367e-01 2.72299290e-01 5.67928076e-01 5.90065122e-03
    5.00723302e-01 4.64197576e-01 9.25601959e-01 5.33011913e-01
    3.08217824e-01 6.09366775e-01 2.70576477e-01 9.67607617e-01
    5.51274955e-01 2.83681691e-01 8.70408356e-01 3.97319853e-01
    9.30263698e-02 3.50403160e-01 9.60566103e-02 9.90954101e-01
    8.87025237e-01 9.38497424e-01 6.42861724e-01 1.04171425e-01
    5.98745883e-01 9.21832860e-01 5.44479311e-01 5.40814042e-01
    7.80080080e-01 4.80262071e-01 4.30692703e-01 7.23666191e-01
    2.01035351e-01 9.68305588e-01 9.64269400e-01 7.08051145e-01
    2.44676054e-01 2.73580045e-01 3.46706927e-01 4.57534492e-01
    7.84837246e-01 6.17135704e-01 8.11657310e-01 4.01737005e-01
    4.52702880e-01 9.43350434e-01 8.82254839e-01 9.82953668e-01
    2.07278252e-01 8.41075659e-01 3.55615377e-01 6.90242648e-02
    5.46028435e-01 8.16823125e-01 3.09087753e-01 2.55105495e-01
    3.31404448e-01 6.47210896e-01 3.88569087e-01 7.32547402e-01
    2.81216025e-01 2.21477777e-01 7.80835867e-01 5.00742733e-01
    2.06761867e-01 2.17560232e-01 6.25965953e-01 3.14944565e-01
    3.74616683e-01 4.49130356e-01 5.51305115e-01 7.66190290e-01
    6.42914534e-01 3.48036349e-01 2.42764533e-01 2.93768227e-01
    3.11043859e-02 8.95277858e-01 7.66974628e-01 7.25028038e-01
    9.88433003e-01 4.60850984e-01 3.05539727e-01 3.08472335e-01
    7.54840493e-01 3.55325639e-01 8.62184644e-01 1.94961756e-01
    1.58484876e-02 6.03855848e-01 3.18104327e-01 5.10776997e-01
    4.96317804e-01 4.29767698e-01 6.12007737e-01 2.36847699e-02
    7.89262772e-01 5.48309505e-01 2.97408164e-01 3.72301698e-01
    5.51430225e-01 4.91151810e-02 9.12822723e-01 6.83648169e-01
    4.18552160e-02 4.12362009e-01 6.95562243e-01 6.19633973e-01
    1.68741286e-01 2.91017652e-01 3.41944218e-01 8.38545918e-01
    9.74014878e-01 2.18189240e-01 4.68326986e-01 4.78745997e-01
    8.68099928e-01 3.37340534e-01 1.33380979e-01 9.61161554e-01
    8.65655184e-01 7.39030600e-01 9.74279642e-01 8.33536685e-01
    7.97265530e-01 5.83113611e-01 9.88287687e-01 1.46851271e-01
    5.55238664e-01 5.19522250e-01 4.22429740e-01 2.56998926e-01
    2.27401912e-01 6.42237365e-01 2.39785284e-01 1.13405824e-01
    4.81180787e-01 4.25717771e-01 7.18926787e-02 2.34936267e-01
    2.12082565e-01 5.15970051e-01 6.69348776e-01 5.38045764e-01
    7.68896937e-02 5.54473758e-01 5.89475632e-02 2.24000901e-01
    8.09322000e-01 4.01687741e-01 7.61432350e-02 3.27468216e-01
    3.76503646e-01 1.99859172e-01 3.10415804e-01 7.87341833e-01
    8.91041160e-01 4.05537605e-01 3.25549275e-01 9.03291225e-01
    8.92474592e-01 8.93922806e-01 5.75231731e-01 4.87548739e-01
    9.38493431e-01 3.00552726e-01 2.19907045e-01 6.69252813e-01
    8.48547399e-01 8.71227264e-01 3.63747418e-01 1.61316603e-01
    2.81016052e-01 2.85326838e-01 2.39532888e-01 3.91406715e-02
    1.30364150e-01 3.63284051e-01 1.97820634e-01 5.34854054e-01
    8.35290670e-01 2.79760540e-01 8.73076320e-01 6.84341550e-01
    7.25662470e-01 5.60965717e-01 1.05784774e-01 8.38628888e-01
    1.31896466e-01 7.49396205e-01 3.42835188e-01 6.05880201e-01
    6.19363546e-01 4.24830616e-01 8.22623849e-01 6.48618340e-01
    8.63806963e-01 6.06305897e-01 2.46014178e-01 3.28361928e-01
    1.57036722e-01 2.76270330e-01 8.83590043e-01 9.97490764e-01
    1.66489869e-01 4.23474431e-01 8.08030486e-01 6.60868883e-02
    3.39778662e-01 6.09184563e-01 6.79685771e-02 4.89978075e-01
    4.48930234e-01 7.23175526e-01 1.72226697e-01 2.45905370e-01
    8.82623494e-02 7.60312200e-01 6.76696956e-01 5.56185305e-01
    8.27170432e-01 3.50684524e-01 5.05412519e-01 7.39831984e-01
    8.25797915e-01 7.51524210e-01 9.50998902e-01 4.81230766e-01
    7.63194144e-01 8.53402376e-01 3.81165147e-02 4.94239569e-01
    6.21761680e-02 3.23789716e-02 4.85578358e-01 4.82788146e-01
    9.91528928e-02 9.69982743e-01 4.88817602e-01 7.59101212e-01
    4.44074094e-01 5.94866753e-01 8.73975039e-01 8.33162844e-01
    6.60417259e-01 7.76963592e-01 5.71255326e-01 3.60269129e-01
    4.85612780e-01 3.98940504e-01 1.00916952e-01 6.40523672e-01
    8.30400825e-01 6.08946204e-01 8.74799490e-03 6.30400777e-01
    9.39301848e-01 8.85595918e-01 8.37463856e-01 8.11087012e-01
    1.66347563e-01 8.13981473e-01 7.94762850e-01 3.06524575e-01
    7.79513359e-01 1.17901117e-01 9.39139366e-01 9.07345772e-01
    5.95313311e-01 7.41681933e-01 2.55609363e-01 8.19582224e-01
    5.95438898e-01 5.42604387e-01 6.25725448e-01 4.22308028e-01
    8.40825617e-01 4.08394128e-01 4.68973488e-01 7.35751152e-01
    8.23288918e-01 2.41811126e-01 6.69257045e-02 9.42386389e-01
    4.73560005e-01 7.84822702e-01 2.41333246e-03 2.33896971e-02
    9.75501716e-01 3.59561741e-01 7.54785240e-01 4.55779940e-01
    7.07049668e-01 6.74640417e-01 7.52445996e-01 9.53319311e-01
    6.20990574e-01 8.47157061e-01 4.02965307e-01 6.43742144e-01
    2.94261783e-01 1.08541369e-01 3.31287593e-01 8.93852234e-01
    9.29996014e-01 2.94241309e-01 7.90066123e-01 4.56369400e-01
    8.55201960e-01 1.27561569e-01 4.99249876e-01 4.83914942e-01
    1.44193500e-01 4.81161833e-01 1.80183053e-02 9.33503866e-01
    9.49979782e-01 1.67885840e-01 8.34139228e-01 5.12231886e-02
    4.12169874e-01 6.48455918e-02 1.86137885e-01 2.26087630e-01
    5.50907552e-01 5.68532228e-01 6.97180986e-01 5.32245219e-01
    9.00436282e-01 9.16565597e-01 4.41751391e-01 1.04184866e-01
    6.62604690e-01 1.40033066e-01 7.95515895e-01 3.49705279e-01
    1.47432685e-01 8.34575355e-01 5.17335773e-01 1.65062726e-01
    3.07889223e-01 6.31008625e-01 3.04829180e-01 1.99970245e-01
    2.27471560e-01 6.09175026e-01 7.07664847e-01 8.17009211e-02
    5.20360470e-02 5.14371276e-01 3.64242792e-02 1.10720783e-01
    3.90113235e-01 8.81208062e-01 7.34841347e-01 1.41558528e-01
    7.60234058e-01 5.41559815e-01 4.47932571e-01 8.15513432e-01
    8.00684929e-01 8.32220793e-01 2.86375970e-01 4.47099447e-01
    1.56170905e-01 6.20440245e-01 4.87260997e-01 8.21440578e-01
    2.25754917e-01 3.40469182e-02 9.81630981e-01 3.25371265e-01
    7.47445107e-01 5.82906067e-01 8.41385126e-01 7.96988606e-01
    1.00927323e-01 1.10449702e-01 5.25637925e-01 5.54554224e-01
    7.29860127e-01 1.70939505e-01 9.18979704e-01 2.01070368e-01
    9.28449988e-01 5.79272866e-01 7.69000053e-01 8.62995625e-01
    7.17919052e-01 8.75174046e-01 7.40366220e-01 1.31891757e-01
    9.11620140e-01 3.28383088e-01 1.87441766e-01 5.40122688e-01
    5.85651100e-01 1.69892073e-01 9.49510217e-01 4.28742260e-01
    2.55638301e-01 7.90899277e-01 8.97397816e-01 9.58682001e-02
    3.58229339e-01 4.55851197e-01 3.95473033e-01 8.97415876e-01
    6.78159177e-01 1.17199421e-01 7.59976387e-01 6.07529998e-01
    4.20497537e-01 9.75503922e-02 7.14281082e-01 9.30531502e-01
    9.16557908e-02 8.29880714e-01 7.77257144e-01 4.59919155e-01
    3.81167680e-01 4.75463539e-01 1.14856541e-01 1.96608454e-01
    2.36945271e-01 4.36450541e-01 5.83694518e-01 4.91568029e-01
    8.12178731e-01 5.43534577e-01 7.44352937e-01 4.51176286e-01
    4.03882384e-01 3.62000585e-01 3.61360461e-01 5.01659214e-01
    5.50657809e-01 4.61798877e-01 4.22335088e-01 9.14156735e-01
    7.56886184e-01 2.69931853e-01 5.09711206e-02 4.51386571e-02
    9.74721014e-02 1.50781035e-01 7.75103569e-02 6.09912515e-01
    6.28726184e-01 4.56416816e-01 3.35387707e-01 2.86992490e-02
    7.05180526e-01 7.37490177e-01 1.10263199e-01 7.81328917e-01
    9.43901777e-01 3.99459124e-01 5.01896381e-01 7.19586074e-01
    2.97105610e-01 2.70288497e-01 6.05006576e-01 2.19324440e-01
    4.44913745e-01 5.29792905e-02 3.48134339e-02 9.84337389e-01
    5.02502978e-01 6.43678784e-01 4.26297128e-01 7.37761319e-01
    7.70189285e-01 2.59916604e-01 4.69005346e-01 4.52767551e-01
    6.89584970e-01 7.60890365e-01 2.53103077e-02 8.28253627e-01
    7.30721653e-02 5.39949834e-02 4.58880961e-02 9.07872379e-01
    9.23976183e-01 2.33635306e-01 7.49802113e-01 9.03190017e-01
    4.69624877e-01 5.61447918e-01 6.20287001e-01 6.47283673e-01
    2.95191586e-01 1.72071218e-01 4.39855963e-01 3.93565714e-01
    4.11344171e-02 6.32896543e-01 3.23125035e-01 5.34581304e-01
    4.34621990e-01 4.83771801e-01 1.85651332e-01 1.01213753e-01
    9.28380609e-01 9.65428114e-01 8.56050849e-02 9.48095202e-01
    2.65008748e-01 8.45292807e-01 5.93434453e-01 8.61464918e-01
    1.91848278e-02 1.18517548e-01 5.28591871e-02 2.47200817e-01
    9.64602351e-01 2.51923501e-01 6.04742467e-02 5.06171644e-01
    7.41943955e-01 9.38751578e-01 7.24273920e-02 4.50159431e-01
    8.55179906e-01 2.60765046e-01 9.91461158e-01 7.84250855e-01
    9.52302814e-01 4.49645549e-01 4.34278548e-02 7.53946185e-01
    7.06962645e-01 2.77494371e-01 2.01497197e-01 4.05553281e-01
    5.34062505e-01 4.82727587e-01 4.81796265e-03 7.06846654e-01
    7.11787641e-01 6.73470974e-01 5.04006386e-01 5.91439366e-01
    3.63975465e-01 2.28605539e-01 6.65342391e-01 7.58785307e-01
    9.14588451e-01 8.15689266e-01 7.47757077e-01 4.43388760e-01
    5.30448973e-01 3.44541132e-01 7.31238544e-01 8.34132195e-01
    8.09431672e-01 8.04470301e-01 1.22201145e-01 8.94792616e-01
    7.36550510e-01 1.97521508e-01 8.07437420e-01 9.07021463e-01
    6.72819614e-02 1.88556522e-01 4.52586681e-01 2.94084251e-02
    3.46973538e-02 2.67619669e-01 8.36849153e-01 7.21038640e-01
    4.55451638e-01 2.61183381e-01 4.17957187e-01 4.86781299e-02
    9.46096420e-01 4.07658219e-01 3.64259839e-01 6.75175607e-01
    6.98649883e-01 9.15941060e-01 2.64531434e-01 3.26654077e-01
    9.73856807e-01 1.82056427e-02 1.46491379e-01 6.96210980e-01
    6.92617416e-01 5.45571327e-01 8.11591864e-01 8.53759766e-01
    7.83655643e-01 9.89309967e-01 3.14919412e-01 7.24190056e-01
    3.47377717e-01 3.48603964e-01 4.73643273e-01 8.68893564e-01
    4.11028266e-02 5.28083861e-01 4.44289893e-01 9.71703827e-02
    7.05928564e-01 5.81327319e-01 7.01034427e-01 3.53790164e-01
    8.95081162e-01 7.03416467e-02 2.84639597e-02 5.12081563e-01
    9.08736467e-01 9.98098373e-01 9.16513324e-01 5.08031845e-01
    1.66964948e-01 5.76404512e-01 7.21156359e-01 6.45325661e-01
    8.73363614e-01 8.90453041e-01 2.68501043e-03 1.04268968e-01
    2.74331033e-01 9.40273523e-01 6.08133733e-01 3.74725342e-01
    3.62227917e-01 3.67320120e-01 5.33362150e-01 5.73160112e-01
    4.92635071e-02 9.95206833e-02 6.98190212e-01 4.65493798e-01
    1.14063293e-01 2.64289975e-02 5.57186246e-01 7.93841779e-02
    6.00609720e-01 2.12312937e-02 4.37297940e-01 9.69996691e-01
    9.40702558e-02 5.17677248e-01 6.11104190e-01 5.73733926e-01
    8.68665278e-02 4.52468187e-01 9.95620966e-01 8.02590609e-01
    4.38862771e-01 3.45804632e-01 3.73166382e-01 1.21084064e-01
    7.45146275e-01 3.60122621e-01 1.63029969e-01 4.63147759e-02
    7.89541006e-03 8.90465140e-01 4.25230205e-01 6.05917573e-01
    4.04490381e-01 8.60498846e-02 2.48388201e-01 5.01263738e-02
    5.69651484e-01 6.77053928e-01 6.38830662e-01 3.92691672e-01
    7.18921185e-01 4.00072694e-01 8.84984672e-01 8.80034566e-01
    2.51696467e-01 1.86265558e-01 2.07156837e-02 5.52032769e-01
    3.52434993e-01 9.62486506e-01 4.50258553e-01 9.99483883e-01
    1.37534916e-01 2.60589182e-01 9.20128226e-01 4.79614407e-01
    4.24716055e-01 3.05169255e-01 4.67796922e-01 1.28271043e-01
    7.59601593e-04 8.89094114e-01 8.00906181e-01 9.58652496e-01
    7.05717742e-01 2.10657865e-01 9.27234113e-01 4.83553529e-01
    2.95349717e-01 6.67012215e-01 5.96430898e-01 4.18441594e-02
    4.56962436e-01 2.21675009e-01 8.81749094e-01 3.85945350e-01
    5.75076342e-01 6.42892778e-01 5.13016403e-01 2.08139420e-03
    9.98504043e-01 7.78465152e-01 1.16429329e-02 3.89280498e-01
    7.68693447e-01 1.13931537e-01 9.91004825e-01 8.89398038e-01
    6.92562819e-01 5.33082783e-01 8.47266257e-01 4.73772287e-01
    4.76436645e-01 9.38448608e-01 7.59067535e-01 7.07398891e-01
    7.75753021e-01 4.56455678e-01 7.35371172e-01 3.27487409e-01
    9.24928546e-01 1.71513557e-01 8.20517182e-01 5.10448515e-02
    1.99504554e-01 6.26136482e-01 4.81260836e-01 7.88166165e-01
    6.14423513e-01 9.83540893e-01 8.98778021e-01 9.75354373e-01
    7.96521604e-01 8.19299340e-01 4.75333035e-01 8.04326773e-01
    7.12200582e-01 9.60553765e-01 6.90622747e-01 6.09532356e-01
    6.67022586e-01 5.30121386e-01 8.78593922e-01 3.84392172e-01
    8.76820445e-01 2.44503856e-01 5.59397519e-01 3.05286855e-01
    9.41969156e-01 3.78423572e-01 1.28106892e-01 5.57109654e-01
    9.43700194e-01 8.43267739e-01 6.02306247e-01 7.93704867e-01
    1.14445686e-01 7.33897984e-01 5.52880764e-01 8.71287704e-01
    4.53969300e-01 5.93840778e-01 3.74763370e-01 3.78230482e-01
    4.92740422e-01 4.83806759e-01 4.92605239e-01 1.08971030e-01
    6.24949932e-01 9.88296747e-01 9.12220418e-01 9.73503828e-01
    7.83569455e-01 8.58002901e-01 7.16394126e-01 9.92796421e-01
    7.09808528e-01 3.22715223e-01 9.60292637e-01 2.52079606e-01
    4.14573789e-01 2.02862471e-01 5.38558722e-01 6.91894174e-01
    4.95784849e-01 9.80709314e-01 4.55885828e-01 9.78051305e-01
    7.18662620e-01 1.62862003e-01 5.54357648e-01 4.10826862e-01
    2.17077136e-03 9.41461325e-01 2.14958519e-01 5.68015158e-01
    4.26603287e-01 8.19740593e-01 8.32017779e-01 1.44704461e-01
    5.63709557e-01 7.01255083e-01 7.62985885e-01 1.75938696e-01
    9.84643817e-01 3.65173876e-01 9.84967351e-01 8.95181298e-02
    7.49214411e-01 2.30395883e-01 3.79566669e-01 7.94143558e-01
    4.46760654e-03 4.33423579e-01 8.05290699e-01 8.17273974e-01
    2.93716729e-01 1.13770723e-01 4.61262435e-01 9.90729630e-02
    5.16505122e-01 2.79927701e-01 5.78395784e-01 1.48515105e-01
    4.83863652e-02 8.71819615e-01 1.06277943e-01 1.56670004e-01
    8.54389787e-01 5.14087915e-01 9.88224447e-02 1.27656132e-01
    3.17173660e-01 3.52368355e-02 5.57318091e-01 9.98750865e-01
    1.31139159e-02 4.26884264e-01 8.54847312e-01 6.99342370e-01
    6.41574860e-02 2.92577863e-01 3.94704342e-01 5.00972986e-01
    8.75398040e-01 6.97677612e-01 8.12495112e-01 5.13751984e-01
    1.60259575e-01 2.78209120e-01 5.54424286e-01 1.32580101e-02
    3.65963876e-02 6.13737404e-01 9.54837620e-01 4.82851893e-01
    4.28946406e-01 4.26161736e-01 2.74544299e-01 9.68336582e-01
    8.23756576e-01 5.70261836e-01 7.50695944e-01 7.12714076e-01
    6.00035846e-01 5.13071179e-01 1.75039828e-01 9.48252439e-01
    8.66078794e-01 9.05909657e-01 2.12263793e-01 5.24331570e-01
    7.71439195e-01 6.31918490e-01 6.60136580e-01 5.20515144e-01
    2.17190146e-01 5.50983012e-01 7.24295557e-01 9.90500212e-01
    5.88742256e-01 8.92046928e-01 1.14783168e-01 9.51612830e-01
    7.11210072e-02 5.82121015e-01 5.55237889e-01 8.11591148e-01
    9.57114339e-01 5.04843533e-01 6.89554751e-01 8.85334253e-01
    4.28449452e-01 8.95242929e-01 6.91715479e-01 1.88200623e-01
    3.34845483e-02 9.65217650e-02 5.08263946e-01 6.66674495e-01
    3.87298822e-01 5.23841023e-01 9.73944545e-01 1.66452646e-01
    4.69179809e-01 9.68584418e-03 3.46362054e-01 2.24851161e-01
    7.18633175e-01 8.13457489e-01 7.25914478e-01 8.68806958e-01
    4.83432472e-01 9.00099397e-01 7.95631647e-01 2.71151662e-02
    2.82423973e-01 1.03972435e-01 6.81277037e-01 4.08810556e-01
    9.04192507e-01 5.49659014e-01 9.47036028e-01 5.37841380e-01
    7.30694532e-01 4.02262092e-01 2.55797148e-01 8.42431903e-01
    5.92436612e-01 7.03284383e-01 3.50502074e-01 9.20718551e-01
    6.91636264e-01 1.77523136e-01 6.92771196e-01 9.79192019e-01
    4.58131582e-01 8.40147376e-01 3.84069085e-02 3.90157670e-01
    6.42848670e-01 2.88387239e-01 8.66060197e-01 8.02633643e-01
    5.69203615e-01 9.92570162e-01 1.43148482e-01 7.81782150e-01
    8.88761878e-03 7.23123252e-01 6.29576385e-01 1.32894963e-01
    7.87125468e-01 3.98729324e-01 7.33891904e-01 7.86831975e-01
    5.02795696e-01 3.82916749e-01 6.03901446e-01 7.88360119e-01
    2.88496137e-01 8.07400942e-01 3.68817806e-01 5.67325175e-01
    6.33825719e-01 4.73985791e-01 3.42530280e-01 3.20593625e-01
    6.82742596e-01 6.03306115e-01 5.76745212e-01 3.62086415e-01
    7.19417572e-01 9.43366885e-01 1.19141132e-01 8.16169500e-01
    6.89351618e-01 9.85446453e-01 5.05189896e-01 2.80281276e-01
    8.75373781e-02 2.30297148e-02 1.05805099e-02 4.93879706e-01
    6.07019007e-01 6.86678588e-01 9.93812799e-01 6.55840039e-01
    9.96922672e-01 3.87433410e-01 4.50241685e-01 9.70944464e-02
    3.55157286e-01 7.43666768e-01 3.27329129e-01 7.50428200e-01
    6.23963714e-01 5.24575591e-01 4.97712493e-02 1.21894240e-01
    3.67443979e-01 9.76843596e-01 6.61742449e-01 8.59611750e-01
    9.82453704e-01 9.10135508e-01 5.42823553e-01 5.56717396e-01
    2.80199230e-01 4.01452571e-01 1.53792948e-01 6.77542865e-01
    9.48097944e-01 8.37176621e-01 8.74676049e-01 2.67266154e-01
    7.40503371e-02 2.55919963e-01 1.76878870e-02 4.48728114e-01
    8.17776203e-01 5.99839687e-01 5.63307941e-01 8.38239789e-01
    1.56458110e-01 2.67965525e-01 4.38472986e-01 2.19681263e-01
    6.63405061e-01 8.18304598e-01 5.81107020e-01 9.62876856e-01
    6.01658344e-01 1.10598922e-01 6.80262089e-01 2.88720936e-01
    5.74321270e-01 6.17691755e-01 7.83451676e-01 7.61027932e-01
    1.98259205e-01 2.22521126e-01 7.49439597e-01 2.05945283e-01
    2.41074473e-01 8.95208895e-01 7.89793491e-01 1.01014256e-01
    2.66266227e-01 3.52826536e-01 7.92618394e-02 6.17872417e-01
    8.87556136e-01 3.25254560e-01 2.70990133e-01 9.50100958e-01
    7.21963048e-01 2.94128358e-02 7.07528651e-01 1.94386244e-01
    3.57719600e-01 5.18907726e-01 1.18191719e-01 9.43668127e-01
    4.80774045e-02 2.12833822e-01 5.42107463e-01 5.46141267e-01
    8.09416413e-01 9.54628944e-01 4.44892943e-01 2.61035144e-01
    8.29486072e-01 9.41165388e-02 9.80456471e-01 7.52390504e-01
    9.41630483e-01 9.21237767e-01 9.41747844e-01 6.18482411e-01
    7.52052069e-02 9.77009594e-01 6.53352857e-01 3.16947877e-01
    7.39201188e-01 9.05905128e-01 8.95541906e-02 2.61571407e-01
    8.22727203e-01 8.09124112e-02 2.03840286e-01 6.29381180e-01
    6.29553437e-01 5.61330020e-01 8.02773297e-01 1.98154211e-01
    2.27985591e-01 4.37166899e-01 1.43414676e-01 3.48469228e-01
    4.74650204e-01 9.97241855e-01 9.53959763e-01 9.47772145e-01
    5.85356355e-02 3.48237991e-01 7.49645412e-01 8.49554420e-01
    8.40076685e-01 6.96585298e-01 8.64134192e-01 4.63001192e-01
    9.85062122e-01 6.19828999e-02 3.76022309e-01 3.79562080e-01
    8.08544278e-01 2.87464261e-01 9.56688881e-01 3.79024953e-01
    1.95762813e-02 2.48540878e-01 3.47585559e-01 6.80219889e-01
    2.14214921e-01 6.80987358e-01 1.24628425e-01 6.58307612e-01
    9.67372537e-01 9.48651075e-01 4.67020690e-01 1.04275048e-02
    3.81707191e-01 8.42926502e-01 8.19057226e-01 7.17341661e-01
    4.63620126e-01 3.05794179e-01 1.57732725e-01 9.01637256e-01
    4.81952906e-01 7.53655910e-01 5.99518478e-01 5.52978694e-01
    7.37633765e-01 8.97943616e-01 8.20471883e-01 6.38939202e-01
    6.62004471e-01 1.83064610e-01 6.82776809e-01 9.63260770e-01
    5.81062794e-01 5.32640219e-01 2.70933300e-01 9.09124970e-01
    1.68897539e-01 1.93947554e-03 4.50492322e-01 2.65550584e-01
    7.30511129e-01 2.29456842e-01 9.83797789e-01 2.46628016e-01
    7.45014727e-01 1.71789706e-01 8.92043948e-01 7.80443788e-01
    2.20498919e-01 3.04831624e-01 5.62022746e-01 6.63602233e-01
    5.00720024e-01 6.05508029e-01 9.67985153e-01 3.82941484e-01
    3.27875495e-01 7.35524893e-02 2.55447447e-01 2.19016403e-01
    5.15093565e-01 9.81495023e-01 6.45536125e-01 7.54736125e-01
    6.45368695e-01 1.33625329e-01 4.18719649e-02 6.23145700e-02
    4.79170680e-02 2.40913421e-01 1.96536660e-01 2.09851414e-01
    6.41776025e-01 3.96266818e-01 1.92785919e-01 2.93179542e-01
    6.35325611e-01 6.07067704e-01 1.81003183e-01 3.13878655e-02
    3.94478977e-01 5.08225203e-01 3.46159220e-01 9.88130093e-01
    9.77664709e-01 2.66307235e-01 2.52318323e-01 4.27772999e-01
    8.16955686e-01 4.75514233e-02 8.58340204e-01 4.40095007e-01
    5.02060652e-01 8.21160436e-01 6.75790846e-01 9.78737116e-01
    7.81129301e-01 7.70359397e-01 7.24282384e-01 2.39605606e-01
    3.92116010e-01 9.01789069e-01 2.79799700e-02 7.96308041e-01
    8.52483630e-01 6.09362125e-03 2.14039475e-01 4.44319934e-01
    5.25641322e-01 5.34883797e-01 6.81786299e-01 2.12089688e-01
    8.25041533e-02 8.71365309e-01 8.37083936e-01 2.63076365e-01
    2.95795381e-01 1.28654450e-01 7.35944033e-01 1.92513287e-01
    6.53496027e-01 6.66730583e-01 5.87642968e-01 9.37121928e-01
    4.02356327e-01 3.43383968e-01 6.35830224e-01 8.82066727e-01
    9.38641429e-01 6.49667382e-02 3.79722744e-01 1.08459204e-01
    5.13338149e-01 4.77394938e-01 5.40828407e-01 9.32914317e-01
    7.59630919e-01 7.33732939e-01 9.55388665e-01 3.12781632e-01
    6.97903216e-01 1.49553120e-01 4.47690725e-01 1.98221207e-02
    7.79533386e-02 5.00663340e-01 7.44964600e-01 3.35105211e-01
    9.37521517e-01 5.25118411e-01 3.19871992e-01 7.61932731e-02
    9.01855350e-01 3.24881315e-01 2.67082870e-01 5.49978137e-01
    5.20348370e-01 4.34139073e-01 8.59726548e-01 2.83510625e-01
    6.94680214e-01 6.21431112e-01 9.21875119e-01 4.24565673e-01
    2.97916949e-01 4.73849952e-01 1.47699326e-01 8.89657497e-01
    5.79417169e-01 4.87836897e-01 9.88761067e-01 1.42866075e-02
    6.79509282e-01 5.44915795e-01 6.42801881e-01 7.94679642e-01
    8.20445895e-01 5.79697967e-01 8.24479818e-01 6.04440212e-01
    1.07196689e-01 2.99974948e-01 1.35917097e-01 6.02411389e-01
    9.76454735e-01 8.18958759e-01 7.71803737e-01 1.79416060e-01
    5.73755562e-01 1.88131660e-01 9.54290628e-01 4.66917247e-01
    6.32591724e-01 1.80053413e-01 8.06785107e-01 7.08324194e-01
    7.62651563e-01 4.73648310e-04 4.38409716e-01 3.61020267e-02
    2.38343179e-01 5.42440712e-01 7.78162122e-01 8.28602016e-02
    7.61106014e-01 7.31310964e-01 9.28038001e-01 4.96516198e-01
    3.51584047e-01 3.39745224e-01 1.88958317e-01 3.36683363e-01
    3.56172919e-01 1.61952376e-01 8.97132754e-01 5.42103946e-01
    8.75573397e-01 3.46169174e-02 4.27779734e-01 6.47109330e-01
    3.80131125e-01 7.73669362e-01 1.19089872e-01 5.60593843e-01
    3.50142658e-01 5.71653485e-01 5.24923980e-01 7.95830488e-01
    7.66320109e-01 3.46015871e-01 6.85896516e-01 4.61042792e-01
    3.50036234e-01 9.84777212e-01 4.00032759e-01 4.53233719e-03
    5.57900071e-01 4.07790244e-02 6.28004730e-01 1.67888641e-01
    7.05105960e-01 4.20811951e-01 1.24667764e-01 6.88866973e-02
    5.16034126e-01 8.57241869e-01 2.45392919e-01 6.05443239e-01
    8.16721976e-01 9.67092693e-01 2.02433467e-02 3.44688833e-01
    1.04417443e-01 1.17403597e-01 9.80744481e-01 4.11477119e-01
    9.35236752e-01 4.64844495e-01 6.35273337e-01 1.89908147e-02
    6.11232281e-01 5.86229861e-01 2.94956267e-02 2.56941497e-01
    4.92965072e-01 9.84320164e-01 7.55010128e-01 3.33050579e-01
    5.44494629e-01 7.57755518e-01 6.20900631e-01 9.92674351e-01
    5.54522395e-01 8.42573762e-01 2.10882246e-01 6.85651839e-01
    1.54545486e-01 8.46038103e-01 9.04878080e-01 6.52086079e-01
    3.23949575e-01 1.00652784e-01 9.39663410e-01 4.38470304e-01
    7.29482651e-01 3.38178098e-01 4.36129987e-01 4.57365662e-01
    4.39575315e-02 1.63529932e-01 5.59999645e-01 9.26477373e-01
    7.76759624e-01 3.37356985e-01 2.35034704e-01 8.13068628e-01
    1.54038787e-01 3.52991939e-01 4.99508828e-01 2.70880163e-01
    5.62464356e-01 1.97106659e-01 1.25693947e-01 5.92109621e-01
    4.67713535e-01 3.87928486e-02 2.88957357e-02 6.45334899e-01
    6.73688233e-01 6.28560424e-01 4.99815345e-02 7.12485135e-01
    7.21791148e-01 6.46372497e-01 3.51359516e-01 2.11397827e-01
    1.11397922e-01 2.17643082e-02 2.59155691e-01 1.17735475e-01
    4.31854844e-01 7.77400613e-01 8.43781471e-01 4.27782595e-01
    1.04828954e-01 6.02101862e-01 1.64001554e-01 7.90344059e-01
    5.46633840e-01 9.27804530e-01 1.17671937e-01 7.14599788e-02
    1.45139098e-01 7.56608784e-01 7.75009871e-01 4.24019337e-01
    4.58301008e-01 2.69649386e-01 9.67816949e-01 4.10894454e-01
    7.92796910e-01 3.15130442e-01 5.72019100e-01 8.15309823e-01
    1.09331310e-02 9.12118316e-01 4.81415063e-01 5.01075208e-01
    8.17318559e-01 2.67126232e-01 9.78419125e-01 2.06728876e-02
    4.18033004e-01 9.21049714e-01 7.25530624e-01 6.67032719e-01
    1.62081599e-01 6.47076368e-02 3.78739744e-01 1.52196229e-01
    1.75742120e-01 8.53073478e-01 9.68932152e-01 9.40784156e-01
    3.88975233e-01 6.50376201e-01 2.30240315e-01 4.29103971e-01
    4.81997818e-01 1.91917419e-02 3.79865974e-01 7.55308270e-01
    3.01899254e-01 5.97214997e-01 8.10654402e-01 6.36168599e-01
    2.89404213e-01 7.15560019e-02 4.15918708e-01 3.50991309e-01
    7.42022872e-01 6.49531960e-01 3.20169628e-01 5.22057295e-01
    5.32197952e-01 7.10317075e-01 3.81070673e-01 5.29216707e-01
    2.10194856e-01 8.76176178e-01 7.45120883e-01 9.18132126e-01
    4.80130881e-01 3.12152863e-01 9.81642604e-02 1.75952941e-01
    1.85098857e-01 5.40973425e-01 1.31582409e-01 5.86589873e-01
    1.58264309e-01 5.58615923e-01 1.64422363e-01 4.15944815e-01
    4.98344272e-01 6.28101230e-01 7.88201332e-01 5.15311301e-01
    3.36544991e-01 1.11315250e-02 9.03809607e-01 1.55376017e-01
    6.41433358e-01 2.24548489e-01 8.18164706e-01 5.98718584e-01
    1.80179268e-01 1.65193379e-01 1.55655473e-01 1.84461862e-01
    9.10771847e-01 4.67486233e-01 2.57012725e-01 7.75343895e-01
    3.95983845e-01 3.02924633e-01 3.74381363e-01 7.54326284e-02
    7.79876947e-01 1.32019103e-01 6.84063792e-01 6.50425375e-01
    1.55886859e-01 5.82929671e-01 1.51438713e-02 6.87136352e-02
    6.40889406e-01 2.89616674e-01 7.55551994e-01 3.33304077e-01
    6.39891803e-01 3.79872441e-01 9.78752673e-01 6.96444869e-01
    8.23007226e-01 9.29105282e-01 9.30753708e-01 6.14886343e-01
    9.87688065e-01 8.42400551e-01 5.52733243e-02 2.67812371e-01
    3.62321973e-01 4.06904787e-01 7.96842813e-01 1.84596241e-01
    3.34647119e-01 8.82400632e-01 1.53558582e-01 8.32408965e-01
    5.57700694e-01 2.09293604e-01 8.12545598e-01 4.57400382e-01
    4.87453043e-01 4.45203304e-01 6.62438512e-01 6.62218511e-01
    4.76416945e-01 4.08878028e-01 5.29199243e-02 9.00130153e-01
    2.62782097e-01 7.46178508e-01 8.84395003e-01 5.10318637e-01
    9.28980052e-01 5.89861453e-01 3.51098299e-01 4.83411372e-01
    8.37426603e-01 6.06744409e-01 6.48196042e-02 7.54169106e-01
    5.57632685e-01 9.49935257e-01 7.50303328e-01 4.37408686e-02
    5.56962073e-01 5.49062669e-01 7.16310620e-01 9.48732436e-01
    6.30302966e-01 9.28754747e-01 2.13014305e-01 6.58760428e-01
    1.71614289e-02 4.75497335e-01 5.77848315e-01 2.71584034e-01
    3.90826106e-01 9.96247590e-01 8.17163646e-01 3.82961035e-02
    3.71062279e-01 7.56583691e-01 8.10962796e-01 5.39419532e-01
    1.61550254e-01 2.74815202e-01 2.90960371e-01 4.95765597e-01
    6.45795703e-01 2.37946570e-01 1.76549971e-01 5.17025173e-01
    6.19543374e-01 2.74672210e-01 9.73700523e-01 6.52721345e-01
    7.25807309e-01 5.16537845e-01 2.19824642e-01 5.95114410e-01
    7.26360440e-01 6.87667668e-01 9.25578654e-01 9.06557977e-01
    7.13444650e-01 4.64219242e-01 6.50426328e-01 8.94151926e-02
    5.36479115e-01 1.61423892e-01 1.96685970e-01 2.62745947e-01
    9.54193711e-01 6.58380628e-01 5.39470375e-01 4.29349840e-02
    6.09568715e-01 1.71497643e-01 7.07677126e-01 9.34442282e-01
    3.31400931e-02 2.73791373e-01 2.98197359e-01 8.83712530e-01
    2.13691890e-01 7.51731157e-01 6.88153207e-02 5.88214159e-01
    3.67015690e-01 6.57901764e-01 8.98147225e-01 8.89486909e-01
    4.49746668e-01 1.34519845e-01 6.94858730e-01 1.42002970e-01
    1.08355761e-01 6.86865211e-01 3.52803171e-02 7.54948914e-01
    3.22694778e-02 2.15532959e-01 5.83537817e-01 3.54835033e-01
    2.36301780e-01 2.95924723e-01 3.74516606e-01 5.21587193e-01
    8.79951954e-01 8.93839121e-01 8.64482343e-01 4.27025139e-01
    9.24386442e-01 5.44467747e-01 7.51524866e-01 4.61072743e-01
    1.98566198e-01 9.16864038e-01 6.69279695e-01 5.01073182e-01
    7.33007133e-01 3.16159874e-01 7.78279424e-01 5.71533442e-02
    3.69448364e-01 7.96488822e-01 1.70809448e-01 7.29480386e-02
    1.41843736e-01 3.92672509e-01 8.55618119e-02 8.63884687e-02
    2.16197819e-01 1.82219505e-01 1.27880156e-01 4.75552410e-01
    4.74206388e-01 3.32767367e-01 7.17967749e-01 2.93537736e-01
    5.82893014e-01 7.50440955e-01 3.47114980e-01 8.09570074e-01
    7.20499873e-01 8.39177847e-01 5.95697224e-01 2.88521498e-01
    9.75149870e-01 5.49639583e-01 5.72509944e-01 4.91569400e-01
    7.66788781e-01 2.11079925e-01 3.56266201e-02 8.80428553e-01
    6.72707558e-02 4.31338549e-01 1.55943900e-01 6.33261442e-01
    8.80387783e-01 9.99747813e-02 6.36093915e-02 1.03492439e-01
    2.63366163e-01 4.66708183e-01 4.27605927e-01 3.23915124e-01
    9.18714046e-01 3.17166060e-01 5.96099615e-01 6.06374443e-01
    3.49527895e-02 8.15061390e-01 1.63863003e-02 5.88384807e-01
    2.41478801e-01 7.71220326e-01 9.29656327e-02 3.12004209e-01
    8.33879948e-01 1.13381416e-01 2.38424063e-01 2.83540368e-01
    9.22954917e-01 7.96300173e-03 7.66184270e-01 3.50854903e-01
    8.31392646e-01 9.88826036e-01 5.14071584e-01 9.60799992e-01
    1.72244340e-01 7.97686696e-01 9.92536247e-02 5.46041369e-01
    1.21505022e-01 5.94580293e-01 4.80858535e-01 3.37202549e-01
    6.45889401e-01 9.84077811e-01 5.66805780e-01 9.03606772e-01
    6.67224765e-01 9.07322168e-01 3.37971151e-02 4.45620567e-01
    3.46602798e-02 8.70914817e-01 2.40940720e-01 9.55261588e-02
    5.25328219e-02 9.67156887e-03 3.67729962e-01 4.50684428e-01
    7.41918206e-01 7.72192240e-01 3.25653076e-01 7.98141956e-03
    5.46826661e-01 7.70120621e-02 3.48890483e-01 2.72495747e-02
    6.23037040e-01 6.13719344e-01 8.00706744e-01 5.34503877e-01
    4.42392528e-02 3.93126428e-01 6.56815648e-01 8.84077072e-01
    9.66642737e-01 4.08072472e-02 3.57505083e-01 6.33382618e-01
    5.76536834e-01 7.05060482e-01 4.79134023e-02 8.17518711e-01
    5.55705428e-01 6.20615423e-01 6.75872624e-01 4.39048827e-01
    3.34473282e-01 1.75431371e-02 4.90123063e-01 3.05435687e-01
    9.62696314e-01 1.54524505e-01 4.99288142e-02 2.46211797e-01
    9.36414003e-01 4.47442651e-01 4.63632852e-01 5.75285852e-01
    8.07421386e-01 9.71773744e-01 6.22540116e-02 9.59721923e-01
    4.24885035e-01 4.27988917e-01 9.95855629e-01 2.69165039e-01
    6.34838104e-01 3.03634524e-01 1.54519051e-01 5.71309626e-02
    5.78268528e-01 7.18485951e-01 1.47946835e-01 8.81212533e-01
    2.23130494e-01 5.58820426e-01 9.14716244e-01 1.86670721e-01
    7.59082675e-01 8.74055266e-01 6.32083833e-01 5.53920031e-01
    9.55520391e-01 3.15106452e-01 3.70308280e-01 3.35661262e-01
    9.35849905e-01 9.57185566e-01 7.83815503e-01 6.87608778e-01
    2.55403280e-01 9.75803912e-01 3.95969629e-01 2.61832982e-01
    6.12458527e-01 1.40056610e-02 7.72348821e-01 5.61886668e-01
    4.15539652e-01 2.43924499e-01 5.75514734e-01 6.08748257e-01
    3.71300399e-01 1.25535905e-01 1.44944310e-01 6.96583271e-01
    9.27572310e-01 7.75161266e-01 4.81708050e-02 2.59059191e-01
    3.63086164e-01 7.59991109e-01 1.23524904e-01 2.53790617e-03
    4.53205854e-01 6.96866393e-01 4.97495085e-01 3.33128363e-01
    5.71340501e-01 6.07292771e-01 7.11246669e-01 8.27062964e-01
    5.53153038e-01 1.15304351e-01 3.15408766e-01 1.65662378e-01
    9.58806753e-01 5.54913402e-01 3.77442241e-02 5.43707669e-01
    7.68318355e-01 5.10924935e-01 6.66781664e-01 1.65659755e-01
    3.43687236e-01 2.18365848e-01 2.07106411e-01 2.54524231e-01
    9.82557654e-01 2.67563879e-01 7.85109878e-01 5.80349922e-01
    9.40016806e-02 6.62657142e-01 7.77594805e-01 4.65085417e-01
    2.70727873e-01 5.02047181e-01 3.07194829e-01 1.47285044e-01
    6.58883452e-01 9.51510668e-01 9.64241385e-01 5.95318556e-01
    5.26861727e-01 6.95819914e-01 5.51561952e-01 1.75467461e-01
    3.35891068e-01 4.19474870e-01 3.57873738e-02 6.91409707e-01
    9.03707743e-01 1.17083013e-01 3.76580894e-01 4.97537047e-01
    5.76697052e-01 9.52445328e-01 6.41673803e-04 1.05380327e-01
    5.06889343e-01 1.35654300e-01 6.87469244e-01 2.56189525e-01
    8.59564304e-01 5.22572637e-01 3.63938808e-01 5.48988044e-01
    9.22059059e-01 6.95655942e-02 4.20997888e-01 2.16228873e-01
    8.62599313e-02 8.96270216e-01 5.54928124e-01 4.95582491e-01
    3.17875803e-01 3.28601062e-01 2.86739171e-01 5.88845909e-01
    3.69339168e-01 3.42286229e-02 7.03679740e-01 1.16380125e-01
    3.60276699e-01 2.47412980e-01 7.33050823e-01 3.49302709e-01
    4.60089803e-01 5.26748121e-01 1.14145458e-01 6.52204394e-01
    8.08754563e-01 6.81550860e-01 9.81137276e-01 9.84773636e-01
    3.59288454e-02 5.03346443e-01 1.91529661e-01 3.26320231e-01
    6.76645279e-01 5.54682016e-01 4.67461228e-01 2.54070371e-01
    9.12791789e-02 2.59302557e-01 8.92776906e-01 6.66914523e-01
    8.98320556e-01 3.27144653e-01 6.53876662e-01 2.45528996e-01
    2.96030104e-01 9.68683481e-01 3.29453945e-01 8.05115402e-01
    8.46697271e-01 1.91408366e-01 1.77511394e-01 5.82930684e-01
    5.48893750e-01 2.12718934e-01 8.89648736e-01 9.17881727e-02
    5.33087552e-02 8.12688828e-01 9.65090811e-01 4.11516249e-01
    9.28962827e-01 9.96113658e-01 4.83449131e-01 8.05179834e-01
    6.54994011e-01 9.78005826e-02 2.94472456e-01 3.74156177e-01
    4.05698121e-01 7.76572704e-01 4.63637859e-01 7.84782290e-01
    2.66035080e-01 9.23624873e-01 1.62323684e-01 2.23329365e-02
    7.01019168e-03 3.81025612e-01 2.19148695e-02 8.20016623e-01
    5.56431651e-01 5.61740994e-01 5.69524467e-02 2.44203180e-01
    5.48841655e-02 5.58762908e-01 5.98789513e-01 9.72886801e-01
    1.16263777e-01 2.35871822e-01 8.76641929e-01 6.76357090e-01
    7.63573885e-01 1.40182823e-01 3.25233340e-02 1.70938075e-01
    5.42503357e-01 7.97542870e-01 7.10964739e-01 5.33769727e-02
    2.82191277e-01 8.44380260e-01 2.63257205e-01 6.85748518e-01
    1.22749567e-01 6.61184669e-01 7.59072840e-01 4.78044540e-01
    3.33463728e-01 7.32771754e-01 9.04701471e-01 8.32176328e-01
    1.90081060e-01 9.15995836e-01 8.08191180e-01 8.18143964e-01
    8.22472394e-01 5.64977586e-01 4.53642279e-01 3.28970730e-01
    8.20796430e-01 3.27855587e-01 7.97421455e-01 2.80911505e-01
    8.82504880e-02 9.14546311e-01 5.64994395e-01 7.91487455e-01
    6.23089612e-01 8.63525331e-01 4.37441230e-01 2.70049065e-01
    8.69681001e-01 6.18435621e-01 6.06475174e-01 6.31472051e-01
    5.72238922e-01 9.51401412e-01 9.26797986e-01 2.35401183e-01
    1.78138286e-01 5.36274254e-01 8.67133617e-01 9.79820728e-01
    2.43933618e-01 6.11255646e-01 2.02606022e-02 7.41830826e-01
    7.88545907e-01 9.37054396e-01 8.44762206e-01 1.89522356e-01
    4.88242745e-01 7.35252500e-01 2.26745933e-01 6.94541037e-01
    6.49048328e-01 6.88615799e-01 4.71853912e-01 7.33463347e-01
    8.18294287e-01 9.06236410e-01 2.96759844e-01 4.69729304e-03
    5.22801638e-01 9.28094864e-01 3.02154124e-01 4.91318166e-01
    3.36215854e-01 6.21725619e-01 6.84904635e-01 6.97554886e-01
    5.04313648e-01 4.73304272e-01 3.73634398e-01 3.46732914e-01
    9.32947636e-01 3.45314980e-01 5.02943337e-01 9.04870808e-01
    4.46021676e-01 2.89057016e-01 5.58624387e-01 9.09408391e-01
    6.24454737e-01 2.10197330e-01 6.38480365e-01 3.67961824e-02
    1.01024508e-01 9.41093504e-01 6.17792428e-01 4.24125791e-02
    4.69926000e-03 2.64756024e-01 8.74765098e-01 5.92942536e-02
    7.30882108e-01 9.10108566e-01 6.50631547e-01 5.97734153e-01
    9.15771127e-02 1.84749216e-01 5.82458615e-01 7.96457648e-01
    3.96782845e-01 2.84938067e-01 7.71693408e-01 1.59070939e-01
    5.45838296e-01 3.16846043e-01 4.79390919e-01 6.26579046e-01
    1.90598071e-01 6.56084120e-01 7.35265911e-02 2.93522775e-01
    7.77502358e-01 7.38048434e-01 8.21877599e-01 8.76941204e-01
    4.40872729e-01 9.67536747e-01 9.19765294e-01 5.87359548e-01
    7.02420056e-01 8.29971373e-01 9.84783173e-02 2.49427289e-01
    7.70197451e-01 6.89732730e-02 3.66273075e-01 5.15988886e-01
    6.09800875e-01 9.86996770e-01 2.71828055e-01 6.63344800e-01
    2.65034974e-01 7.87895679e-01 7.89083540e-02 8.31162035e-01
    6.79599524e-01 3.64390194e-01 6.03024602e-01 5.25614679e-01
    2.20006466e-01 9.81427670e-01 4.13691521e-01 2.86041617e-01
    1.32805139e-01 2.83694923e-01 6.45560801e-01 1.32949233e-01
    2.79233813e-01 4.99926269e-01 8.45826447e-01 4.18523997e-01
    3.67791951e-01 4.77451652e-01 2.98642963e-01 8.42153907e-01
    7.42965937e-02 3.39074314e-01 6.39645517e-01 1.32337272e-01
    6.87347472e-01 1.53764695e-01 4.08997178e-01 3.08689535e-01
    7.02366889e-01 9.35701489e-01 5.05878866e-01 7.53424168e-01
    2.63715237e-01 6.51687860e-01 7.57587612e-01 1.32813185e-01
    2.59147823e-01 6.32414341e-01 7.46142149e-01 1.12288237e-01
    9.84076202e-01 8.74830008e-01 8.50878000e-01 7.28919566e-01
    8.55576038e-01 7.25354970e-01 3.96231204e-01 9.65805233e-01
    2.25421548e-01 1.66361332e-02 4.26853985e-01 1.35505676e-01
    2.96387196e-01 3.21906328e-01 8.58153164e-01 2.66848147e-01
    4.22035515e-01 1.71701342e-01 4.11631197e-01 7.86239982e-01
    7.33504176e-01 8.26749206e-01 4.56743330e-01 9.37033653e-01
    5.40179551e-01 3.75599146e-01 3.05598885e-01 5.34954667e-03
    2.84497321e-01 2.29496062e-02 7.85898447e-01 4.28055048e-01
    7.00920820e-01 6.63102388e-01 3.07007015e-01 8.59955788e-01
    8.71551812e-01 7.97166228e-01 3.26758236e-01 1.20810449e-01
    6.46255016e-01 6.75953031e-01 6.92319572e-01 5.13784707e-01
    6.43735528e-01 5.81124127e-01 3.10461372e-01 3.28590810e-01
    8.40905607e-01 5.11195481e-01 1.33591026e-01 2.20953822e-02
    7.85493672e-01 6.43683076e-02 9.13291097e-01 7.42992699e-01
    6.47209287e-02 3.38327765e-01 6.20420992e-01 9.58707094e-01
    6.65283084e-01 4.61893857e-01 6.07478082e-01 5.87311745e-01
    4.88631845e-01 5.46780467e-01 6.20978951e-01 8.98751497e-01
    4.97456104e-01 1.92110538e-02 1.35008305e-01 7.93734908e-01
    2.78515518e-01 8.59578013e-01 3.39279473e-01 6.24485850e-01
    2.68515885e-01 5.16843915e-01 3.18730921e-01 2.51140058e-01
    2.17982143e-01 2.80187666e-01 7.62395263e-01 2.21733302e-01
    5.77851832e-01 2.38670409e-02 9.31459904e-01 8.12938750e-01
    5.72263300e-02 2.02330679e-01 1.29470229e-03 2.28171080e-01
    6.74721599e-02 9.10255790e-01 1.66950971e-01 6.91103935e-01
    5.08584559e-01 5.68612814e-01 1.77127242e-01 8.31877470e-01
    6.88408017e-01 5.60135722e-01 8.08446825e-01 5.40940702e-01
    6.22569621e-01 1.19829029e-01 2.06853211e-01 3.09150219e-02
    6.23591542e-01 5.39877415e-02 5.86581171e-01 1.75624520e-01
    2.94795990e-01 5.42899430e-01 4.01392817e-01 9.13349748e-01
    2.31912315e-01 5.86134076e-01 6.68297887e-01 6.89250290e-01
    9.12942469e-01 3.22155237e-01 2.72679389e-01 7.73015618e-01
    3.73803735e-01 9.61945891e-01 8.56099129e-02 4.54294682e-01
    3.85666788e-01 5.24515212e-01 4.15479869e-01 2.23297179e-01
    9.88721251e-01 2.36509323e-01 6.78098798e-01 7.44318366e-02
    6.64548218e-01 5.83280325e-01 4.72581089e-01 6.83782220e-01
    2.67870367e-01 3.46339643e-01 7.70761847e-01 2.16896713e-01
    3.80161196e-01 6.45071268e-04 6.04011893e-01 4.10028100e-01
    2.29280502e-01 3.77325505e-01 1.16208076e-01 5.14435112e-01
    4.39807475e-02 5.10259330e-01 9.63728905e-01 6.50267601e-01
    2.03109026e-01 4.69588637e-02 6.17049336e-02 6.11157238e-01
    6.24459922e-01 5.49451530e-01 9.17640448e-01 9.18152213e-01
    6.99962497e-01 6.00621760e-01 3.48997116e-02 2.86977768e-01
    4.96333152e-01 1.83671892e-01 8.20025504e-01 1.17898524e-01
    1.75990254e-01 4.17591721e-01 7.16317117e-01 3.87560695e-01
    3.62497985e-01 5.80028534e-01 1.44636005e-01 3.41395199e-01
    8.57175529e-01 6.43797040e-01 6.56424224e-01 1.63905919e-01
    4.10774887e-01 9.85225558e-01 1.83078587e-01 6.64562464e-01
    2.88179457e-01 9.80470181e-01 4.39483941e-01 8.12321246e-01
    5.74396074e-01 3.22574735e-01 7.68498063e-01 9.18981194e-01
    3.92612964e-01 2.08591193e-01 7.50397801e-01 8.97177994e-01
    4.22275662e-02 9.23792362e-01 8.94941926e-01 3.23072076e-03
    8.61724019e-02 8.40234876e-01 7.38510728e-01 7.36797512e-01
    7.58226395e-01 7.06919491e-01 6.50920272e-01 4.04810160e-01
    1.97222471e-01 2.21345037e-01 9.50015545e-01 9.74364638e-01
    8.21989715e-01 2.75669456e-01 2.90662050e-02 3.28069389e-01
    4.59222257e-01 7.06055820e-01 4.45883393e-01 5.61892807e-01
    5.71321428e-01 4.40119505e-01 7.79398561e-01 6.05887115e-01
    7.02981353e-01 4.84006464e-01 1.14554048e-01 7.92721868e-01
    7.84608126e-02 8.74314666e-01 1.23591065e-01 2.88022637e-01
    1.87576085e-01 9.04738307e-01 2.60122955e-01 5.05044758e-01
    7.48342752e-01 6.85257673e-01 8.98691893e-01 5.03251553e-01
    2.63015330e-01 9.99960065e-01 8.29106450e-01 5.73708534e-01
    7.00759470e-01 9.36052799e-01 8.24086070e-01 7.50111341e-01
    2.07081258e-01 2.79535621e-01 9.27218854e-01 8.30363393e-01
    1.47442728e-01 4.78360027e-01 6.45216465e-01 5.74051261e-01
    6.79612160e-02 8.76027584e-01 2.66112626e-01 2.37011313e-02
    2.70659387e-01 6.08209431e-01 2.13310957e-01 5.87658167e-01
    5.18239677e-01 7.89694369e-01 1.17812455e-01 5.76727211e-01
    6.58349752e-01 6.72467649e-01 1.88019693e-01 3.48711431e-01
    1.75491959e-01 2.66235471e-02 1.01524383e-01 4.09712076e-01
    9.41814780e-01 2.46728867e-01 6.83524311e-01 9.92608428e-01
    2.41246819e-03 4.22631502e-01 9.89207506e-01 2.69990027e-01
    6.07596815e-01 2.68921912e-01 2.44725794e-01 5.03040254e-01
    3.53772819e-01 7.39550412e-01 2.64767468e-01 7.62787223e-01
    9.70509410e-01 4.57032233e-01 6.62974119e-02 5.40150166e-01
    9.72537398e-02 2.58131355e-01 2.50341535e-01 8.63343775e-02
    6.13247335e-01 1.91698462e-01 4.67792571e-01 5.19782662e-01
    3.08770537e-02 8.41291070e-01 3.94968659e-01 9.45775867e-01
    3.08989972e-01 8.20812643e-01 7.16928482e-01 4.02143300e-01
    1.60094559e-01 3.90249491e-02 1.76875681e-01 6.64292991e-01
    9.53632116e-01 9.62362528e-01 6.22579455e-01 2.91792244e-01
    6.82454944e-01 4.24501956e-01 1.95009291e-01 9.95814919e-01
    2.96449304e-01 5.54214120e-01 7.65191257e-01 7.80492067e-01
    4.80488330e-01 9.75482464e-01 2.81323791e-01 7.02875793e-01
    2.09311545e-02 8.71738315e-01 6.17689788e-01 1.43160492e-01
    1.59240901e-01 9.83903646e-01 1.17997229e-02 6.09865487e-01
    4.20005858e-01 4.22081232e-01 1.41713828e-01 1.36774808e-01
    8.46463799e-01 2.22416133e-01 9.48653936e-01 4.47297394e-01
    3.39202583e-02 7.34419167e-01 6.86035454e-01 5.49282730e-01
    2.73558974e-01 4.45508808e-01 3.11345667e-01 5.80365956e-02
    9.62000847e-01 5.30768394e-01 4.01071846e-01 8.21388483e-01
    2.48907208e-01 8.62676203e-02 3.24577153e-01 3.39723945e-01
    9.21213746e-01 6.35836422e-01 8.57532620e-01 9.07382727e-01
    4.26936626e-01 8.17035437e-01 8.54321301e-01 1.42209858e-01
    7.90007472e-01 2.69307554e-01 5.46874762e-01 4.23516452e-01
    8.59528542e-01 9.73777890e-01 9.15276289e-01 4.15763617e-01
    1.42633915e-01 5.26303172e-01 9.23762202e-01 5.67448437e-01
    9.99071896e-02 9.17553008e-01 2.46403813e-01 1.03384048e-01
    4.74489808e-01 3.03200632e-01 4.37544167e-01 6.15017772e-01
    1.71529740e-01 5.93993485e-01 7.97910929e-01 8.70972157e-01
    5.04823565e-01 8.70337069e-01 8.18812549e-02 7.02000737e-01
    9.20048952e-01 1.38144046e-01 8.85339379e-01 5.51825404e-01
    4.77468371e-02 1.92423642e-01 1.61639869e-01 7.26533651e-01
    8.06683779e-01 8.98852944e-03 9.25568342e-02 3.44579458e-01
    3.65186274e-01 1.69614613e-01 1.03653580e-01 2.20429122e-01
    6.14276290e-01 8.79680753e-01 2.66672343e-01 3.76329362e-01
    8.41155410e-01 3.88361454e-01 5.36049008e-02 5.07252157e-01
    6.83506250e-01 9.77339566e-01 5.91316998e-01 9.44889009e-01
    4.14715767e-01 6.41441762e-01 2.62770653e-02 1.50517225e-02
    4.28144574e-01 5.21630228e-01 4.30864125e-01 7.24918187e-01
    5.66807151e-01 8.62684727e-01 3.15169990e-01 5.01726449e-01
    6.54857457e-01 8.15775633e-01 7.60012150e-01 6.32612348e-01
    6.85355902e-01 2.66080827e-01 2.28750110e-01 6.82683647e-01
    2.72764862e-02 3.75635028e-01 8.65081906e-01 4.01839435e-01
    1.36440098e-02 3.77057463e-01 3.67003232e-01 9.75578904e-01
    5.24901092e-01 7.12872744e-01 9.34132516e-01 5.36661506e-01
    4.41113383e-01 9.17985618e-01 5.95187247e-02 7.36953199e-01
    2.07361281e-01 4.55009222e-01 8.52631152e-01 1.89918786e-01
    4.38970178e-01 2.07044721e-01 7.43066132e-01 4.92416888e-01
    5.05394936e-01 1.68396831e-02 9.37533379e-01 8.84891093e-01
    1.46615148e-01 7.79211402e-01 7.81779349e-01 3.19362640e-01
    9.61265922e-01 2.35883594e-02 1.43054813e-01 9.29973722e-02
    9.77800488e-01 9.90156114e-01 9.57526565e-01 7.82839775e-01
    6.92796528e-01 5.28414726e-01 2.91824639e-01 4.33097780e-02
    7.93306470e-01 1.90446198e-01 3.74550700e-01 4.73970443e-01
    6.02829456e-02 9.11556482e-01 5.47632873e-01 1.81799144e-01
    6.40549302e-01 8.08938742e-01 8.57103467e-01 9.54757452e-01
    5.75690866e-02 1.18515790e-02 2.78649688e-01 9.14392948e-01
    7.53566027e-01 9.62349117e-01 5.66040635e-01 7.34217763e-02
    1.25983745e-01 8.10704827e-01 4.69976485e-01 4.87135172e-01
    9.20216262e-01 2.90703803e-01 7.89902091e-01 5.60883105e-01
    8.96747589e-01 4.19802219e-01 8.50092888e-01 1.11609101e-01
    2.59763598e-02 2.13078409e-01 9.59995031e-01 9.41008210e-01
    7.05420852e-01 8.75214934e-01 4.00885224e-01 2.95260102e-01
    1.90313846e-01 9.03062463e-01 4.77746695e-01 5.53802669e-01
    7.56203294e-01 7.46331632e-01 5.22601187e-01 4.35626149e-01
    9.32917237e-01 3.34012449e-01 5.62619030e-01 2.17841238e-01
    8.50417852e-01 2.81330854e-01 5.58725595e-01 5.47128260e-01
    2.22333133e-01 2.01578438e-01 5.35471261e-01 6.99514449e-01
    5.90658128e-01 2.25554287e-01 9.79596436e-01 2.49692410e-01
    6.39747262e-01 2.82712400e-01 4.15160358e-02 5.71227074e-02
    7.80387759e-01 2.71188259e-01 4.30358946e-01 3.30128670e-01
    8.98764670e-01 9.08499599e-01 6.64816916e-01 7.45355964e-01
    3.90294611e-01 7.45221555e-01 9.84195113e-01 2.51863420e-01
    7.35930204e-01 7.47175634e-01 6.80111289e-01 9.16358709e-01
    3.65298271e-01 5.17564774e-01 2.80821800e-01 8.97513866e-01
    1.09394163e-01 6.14505410e-01 8.38043332e-01 7.63019085e-01
    2.52830029e-01 3.27535808e-01 4.22719896e-01 5.32932818e-01
    4.60086048e-01 8.92389297e-01 5.37780106e-01 4.13010359e-01
    5.60721993e-01 9.83168364e-01 6.73047304e-01 3.05876881e-01
    9.41655517e-01 6.96314633e-01 3.18611801e-01 2.84490883e-01
    8.59269857e-01 8.67344439e-01 5.86607933e-01 9.55280066e-01
    8.25891018e-01 9.58996177e-01 7.78899550e-01 8.25827599e-01
    1.84858978e-01 2.28068501e-01 8.75068486e-01 7.86569595e-01
    4.08087373e-01 4.51848477e-01 9.59616780e-01 9.34669316e-01
    7.16556907e-02 7.06707418e-01 1.89035803e-01 7.62021363e-01
    3.89910251e-01 9.29343939e-01 7.31384754e-02 7.94245660e-01
    9.42169726e-02 8.57155442e-01 4.79377091e-01 8.86535347e-01
    7.36997426e-02 7.47520745e-01 1.25598818e-01 8.26530695e-01
    5.38446069e-01 6.28121316e-01 6.91250145e-01 3.06147635e-02
    9.05101538e-01 7.05743790e-01 1.18500710e-01 7.70224214e-01
    9.67898726e-01 2.42923588e-01 1.73134059e-01 8.88232172e-01
    8.96399617e-01 6.71016395e-01 9.73403454e-01 3.51451337e-02
    8.28808069e-01 6.17420971e-02 2.34215260e-01 9.29638505e-01
    5.50943613e-01 6.55434489e-01 1.39159292e-01 9.94614124e-01
    2.96138018e-01 1.33953810e-01 3.75984490e-01 1.08917654e-02
    5.25783598e-01 5.11696637e-01 5.98383248e-01 4.36164498e-01
    2.24380463e-01 5.90429544e-01 4.70972955e-01 8.53150249e-01
    3.89076829e-01 9.12892342e-01 9.67876315e-02 4.45868671e-02
    1.22627139e-01 8.21564317e-01 9.34362650e-01 9.52338696e-01
    4.90809977e-02 1.18445694e-01 1.39821380e-01 3.84658515e-01
    5.21310031e-01 4.95075583e-01 4.43163514e-02 8.42559814e-01
    8.31787527e-01 5.14095187e-01 8.60083580e-01 6.32221997e-02
    6.69932365e-01 7.62625635e-01 4.57759202e-02 8.63542557e-02
    5.36890864e-01 9.75619793e-01 6.04545116e-01 3.85001302e-02
    1.42644197e-01 5.09595275e-01 2.49546349e-01 8.80915761e-01
    1.00846976e-01 1.46460056e-01 6.61275685e-01 9.96647596e-01
    3.96296829e-01 1.14495307e-01 7.21921265e-01 3.16923141e-01
    1.73459053e-02 4.19480830e-01 9.37089324e-02 2.75740623e-01
    3.57513547e-01 9.61208999e-01 1.74549997e-01 3.84178460e-01
    4.67724144e-01 7.58092761e-01 4.38794911e-01 3.11548471e-01
    1.02796465e-01 7.05287158e-02 9.14784074e-01 3.67821813e-01
    4.66352671e-01 7.78590441e-01 7.53272891e-01 2.89796621e-01
    2.93076634e-01 2.69707263e-01 8.37674022e-01 8.92665386e-02
    5.55999994e-01 7.88803458e-01 5.95340729e-01 7.98894644e-01
    7.71938384e-01 6.47652984e-01 6.93469286e-01 8.73648167e-01
    5.15383422e-01 3.22237760e-01 9.66776848e-01 6.90658212e-01
    9.97748256e-01 6.01903737e-01 3.23416114e-01 5.91863096e-01
    4.42841232e-01 6.99027777e-01 2.34918386e-01 5.09121478e-01
    9.44117785e-01 4.19599056e-01 6.92906857e-01 3.09933960e-01
    9.87634361e-01 4.86894667e-01 2.46646821e-01 6.26124024e-01
    4.16147530e-01 5.04796147e-01 2.01229781e-01 9.29323435e-01
    2.90772170e-01 4.68519002e-01 3.61279011e-01 7.68241048e-01
    3.10175121e-01 7.48581290e-01 5.35834134e-01 3.74437898e-01
    8.22156429e-01 8.23044896e-01 4.79454339e-01 6.59981191e-01
    5.30739188e-01 9.63461518e-01 7.93785691e-01 1.10291839e-02
    4.52407062e-01 2.46785372e-01 8.16646099e-01 4.48456854e-01
    6.52826071e-01 7.41584063e-01 7.64689147e-02 6.31840110e-01
    3.53395134e-01 7.05605686e-01 8.82794976e-01 5.47944069e-01
    6.24220490e-01 6.78642452e-01 4.01724339e-01 7.97841311e-01
    1.23206228e-01 1.57389104e-01 4.63645399e-01 5.05709708e-01
    5.00585258e-01 1.60655200e-01 3.48392040e-01 2.53020525e-02
    7.50612915e-02 4.54619527e-02 3.42148781e-01 1.10796392e-01
    7.43196368e-01 9.28738296e-01 3.48247468e-01 5.06440103e-01
    9.34949219e-01 3.83120120e-01 1.55276239e-01 8.52411985e-03
    9.45289552e-01 2.10521668e-01 4.72383887e-01 5.76190889e-01
    7.82156587e-01 3.64399284e-01 1.59405321e-01 4.87951308e-01
    3.14778447e-01 1.36590004e-02 8.98392618e-01 6.57070637e-01
    7.75494576e-01 5.48920214e-01 7.90298343e-01 6.67848289e-02
    3.51442546e-01 3.21485013e-01 8.35633516e-01 8.67984414e-01
    4.60266858e-01 8.42434764e-01 7.34314919e-01 1.26324594e-02
    8.68129015e-01 1.09574169e-01 8.38200808e-01 5.34544051e-01
    4.52205420e-01 7.73735464e-01 4.19495523e-01 3.47009599e-01
    1.77308291e-01 8.07250261e-01 8.65407646e-01 4.65381145e-01
    6.05658770e-01 6.11868322e-01 8.96823049e-01 2.64898777e-01
    8.42062235e-02 2.89062321e-01 9.11902785e-02 6.25698626e-01
    6.22894764e-01 9.21400428e-01 4.98698801e-01 9.32486773e-01
    6.47687018e-01 2.03312188e-01 8.84852409e-01 7.14480579e-02
    1.25831604e-01 6.47036433e-01 4.17867184e-01 4.18216377e-01
    3.96672815e-01 3.25243771e-01 5.84129095e-01 9.79039967e-01
    3.80735785e-01 7.55414367e-02 5.76257288e-01 1.06129229e-01
    6.43429160e-01 4.96955365e-01 7.62763202e-01 1.68602288e-01
    7.62648880e-02 3.12431097e-01 7.99055636e-01 3.39175224e-01
    4.13862109e-01 4.29782689e-01 5.01202226e-01 7.77494013e-01
    1.23997360e-01 4.16009277e-01 3.34094912e-01 1.68593287e-01
    5.44105291e-01 9.99709249e-01 3.63686860e-01 6.28413856e-01
    1.31018400e-01 6.79107249e-01 5.35004377e-01 9.15812552e-01
    6.33595824e-01 6.21207893e-01 8.83534551e-01 2.95616031e-01
    4.72329378e-01 1.61397725e-01 3.76000971e-01 4.38376516e-01
    2.42696643e-01 1.76283747e-01 7.15181231e-01 6.35900557e-01
    1.72866940e-01 1.73410952e-01 6.75491035e-01 9.87804055e-01
    1.66396648e-01 4.32459116e-01 6.19776011e-01 3.21637034e-01
    3.62663567e-02 4.09272730e-01 9.33741331e-01 7.59291828e-01
    4.12042528e-01 1.99039251e-01 7.74820805e-01 1.78221792e-01
    1.67899400e-01 2.34853059e-01 2.86591321e-01 3.43433261e-01
    7.75592625e-02 6.83392406e-01 3.06069851e-01 8.75593305e-01
    8.42239141e-01 5.25176644e-01 7.12232232e-01 5.30819833e-01
    5.37789106e-01 8.15469265e-01 8.35163832e-01 4.05579805e-01
    1.18766874e-01 6.75269604e-01 5.68225801e-01 9.26255286e-02
    5.24150133e-01 9.16291952e-01 2.09682584e-02 4.85328227e-01
    1.86170727e-01 6.71832561e-01 5.01228571e-01 9.38133717e-01
    2.91728288e-01 4.30123687e-01 4.77204353e-01 3.49578291e-01
    2.56482363e-01 8.93973231e-01 4.33636129e-01 7.79918551e-01
    1.56227618e-01 3.87892008e-01 8.58361006e-01 4.87758040e-01
    8.90534878e-01 7.70068407e-01 5.38405359e-01 2.45193988e-01
    8.53453994e-01 9.00470138e-01 8.32042634e-01 4.62940931e-02
    8.28573644e-01 2.44892806e-01 2.29203492e-01 4.02423084e-01
    4.74819541e-03 6.85562134e-01 4.86201614e-01 1.08007014e-01
    4.95963126e-01 5.14429569e-01 6.56851172e-01 4.52467620e-01
    4.37692195e-01 5.35283983e-01 2.88788527e-01 4.60695326e-01
    3.09541166e-01 4.12460506e-01 5.15357018e-01 8.21954727e-01
    5.81969857e-01 3.56472254e-01 5.08557498e-01 2.51412272e-01
    6.39235437e-01 8.56937706e-01 5.36564410e-01 9.27585840e-01
    9.77729440e-01 2.62678415e-01 6.59015179e-01 4.50078130e-01
    8.11293662e-01 4.20143068e-01 7.56123483e-01 3.45547199e-01
    3.65151227e-01 3.98471832e-01 3.46359313e-02 7.42450356e-02
    5.60746908e-01 1.57544583e-01 5.54178655e-01 3.36488724e-01
    2.47164756e-01 8.01363945e-01 7.56599009e-01 1.97824240e-01
    5.33633053e-01 6.21954322e-01 8.16803157e-01 3.11916113e-01
    1.79977894e-01 5.07783175e-01 6.29183114e-01 4.08205986e-01
    2.16019154e-03 4.72895175e-01 5.40182829e-01 6.05690479e-01
    8.95439386e-01 7.50231981e-01 5.12895405e-01 2.83720672e-01
    6.45039916e-01 7.33794868e-01 5.29786706e-01 2.15496600e-01
    5.41766942e-01 8.31473351e-01 8.85990679e-01 3.75658005e-01
    8.76961172e-01 7.62929320e-02 1.29507780e-02 2.00294226e-01
    8.63126874e-01 2.11541742e-01 7.54689753e-01 4.66054201e-01
    8.18300843e-01 4.53501910e-01 1.31148726e-01 8.36517215e-01
    1.94790483e-01 7.21254945e-02 5.79291165e-01 8.94770026e-01
    9.72787261e-01 2.54545212e-02 8.36665034e-02 6.89069033e-01
    1.70004994e-01 5.92982352e-01 9.70876575e-01 7.54947603e-01
    6.75924301e-01 3.61946404e-01 4.64072883e-01 6.17070317e-01
    4.53999549e-01 6.42780781e-01 4.83660251e-01 5.08952022e-01
    1.22609228e-01 4.69360054e-02 2.99015671e-01 1.22488022e-01
    7.33670354e-01 5.15012741e-02 3.94581974e-01 8.62831473e-02
    2.61640847e-02 6.55631125e-01 4.18489367e-01 6.57981634e-01
    8.88795078e-01 3.54188800e-01 6.36546135e-01 3.01087677e-01
    9.70363200e-01 5.13868868e-01 6.56041741e-01 9.73144293e-01
    1.28064007e-01 2.22974092e-01 9.91249144e-01 6.83628976e-01
    9.02579427e-01 8.21722388e-01 7.92640209e-01 1.82016969e-01
    1.15215123e-01 5.64758122e-01 7.22255945e-01 5.87748885e-02
    5.01077831e-01 9.95260775e-01 7.88236380e-01 7.03331172e-01
    1.55204564e-01 2.96440125e-02 8.89474273e-01 9.92824554e-01
    4.43027794e-01 9.99874949e-01 6.62699163e-01 5.80930352e-01
    8.19347680e-01 4.65570867e-01 2.34026819e-01 3.29451561e-02
    5.00384510e-01 8.93151522e-01 3.41506183e-01 6.53085828e-01
    3.11313182e-01 4.05469477e-01 2.63704717e-01 9.75387216e-01
    8.82893741e-01 3.36586297e-01 9.85435605e-01 2.18798965e-01
    1.99568570e-02 2.93806106e-01 5.03781974e-01 7.48311877e-01
    1.87073082e-01 8.43062043e-01 9.02000248e-01 6.65760517e-01
    7.56305218e-01 4.97646600e-01 1.94931835e-01 6.18287027e-02
    6.02197826e-01 8.89433622e-01 4.55142558e-02 1.28768086e-02
    1.66565418e-01 2.17123568e-01 3.32180202e-01 8.57238770e-01
    2.51546174e-01 3.12094688e-01 7.92766929e-01 4.14251387e-02
    8.03411841e-01 1.27830207e-02 3.55663061e-01 8.06032956e-01
    2.00133890e-01 7.26247311e-01 6.84201062e-01 5.53747594e-01
    3.19495231e-01 1.13427728e-01 3.84944677e-02 4.46755379e-01
    1.59883380e-01 3.93263996e-01 2.10936874e-01 8.90515447e-02
    6.54096842e-01 7.25285292e-01 3.57639372e-01 5.46133459e-01
    7.64919519e-02 6.58438683e-01 8.58256280e-01 2.23661602e-01
    8.19942594e-01 5.22850633e-01 1.23460650e-01 8.22806716e-01
    9.18898165e-01 8.04772079e-01 2.74919748e-01 7.59572387e-01
    1.90517694e-01 4.04560685e-01 7.03004241e-01 3.99366587e-01
    3.44105154e-01 5.87781250e-01 2.19869792e-01 3.46093357e-01
    7.40290165e-01 7.38801003e-01 3.54265630e-01 7.72355616e-01
    2.99169898e-01 1.08777881e-01 9.52348351e-01 7.19220459e-01
    2.88447618e-01 9.90641713e-02 6.87856078e-02 2.52358794e-01
    4.51521099e-01 5.94729424e-01 7.92362988e-01 6.88985825e-01
    7.14847088e-01 6.37680650e-01 4.11668360e-01 3.17644477e-01
    3.52920026e-01 3.17112505e-01 2.72885084e-01 7.38056302e-01
    5.06264389e-01 5.50535262e-01 5.13588786e-01 2.07433254e-01
    1.62175596e-01 6.99717104e-01 6.33981287e-01 3.50304842e-02
    7.48323083e-01 9.14182067e-01 5.15756845e-01 1.24803811e-01
    6.81349516e-01 7.57576644e-01 3.89615446e-01 7.25780964e-01
    6.65251434e-01 9.70431685e-01 1.55802608e-01 6.02801204e-01
    2.73654699e-01 9.08719897e-01 7.20731616e-01 8.36081028e-01
    6.35952353e-01 2.44838089e-01 5.58691800e-01 8.74385238e-02
    7.31021166e-01 9.95466352e-01 2.16731250e-01 6.49782419e-02
    1.34321749e-01 7.37744331e-01 8.32798958e-01 1.73206508e-01
    8.80994081e-01 4.69925016e-01 2.09527016e-02 5.50049186e-01
    9.73217368e-01 8.61514866e-01 4.23515260e-01 3.04725170e-01
    1.96106434e-02 1.22703016e-02 4.85699058e-01 1.98459119e-01
    6.02947593e-01 8.23153496e-01 5.84828854e-01 8.55642676e-01
    8.91168952e-01 9.37130809e-01 7.72863030e-01 2.44275719e-01
    5.99166274e-01 7.82921195e-01 3.04466158e-01 5.52166283e-01
    8.38757813e-01 5.31317592e-01 3.77937138e-01 5.41905284e-01
    1.34363145e-01 4.05475706e-01 9.99118447e-01 6.65335000e-01
    1.49286985e-02 5.37625790e-01 3.03430855e-02 4.45906520e-01
    8.86521041e-01 8.28030467e-01 6.02664590e-01 8.11645687e-02
    7.25513458e-01 8.78801227e-01 6.53759003e-01 1.00460738e-01
    1.12890810e-01 9.16033030e-01 6.93747103e-01 1.29132062e-01
    6.94578171e-01 2.66526282e-01 7.73973286e-01 7.59962976e-01
    7.83877969e-02 7.69394517e-01 7.18774259e-01 7.25293398e-01
    8.79314899e-01 8.17307532e-01 2.19333708e-01 1.53357923e-01
    4.76556867e-01 6.82224870e-01 6.66137397e-01 2.82551050e-02
    1.77202135e-01 1.19359702e-01 7.37121522e-01 1.98318779e-01
    9.22096848e-01 9.81605768e-01 9.98057306e-01 9.60056007e-01
    3.38546038e-01 9.55621004e-02 4.52309132e-01 8.98398757e-02
    1.05786264e-01 6.02844834e-01 7.71476984e-01 2.33357340e-01
    7.74362266e-01 3.53541851e-01 4.73514378e-01 4.58225399e-01
    5.94807327e-01 1.46009922e-01 1.35389030e-01 3.85056138e-02
    5.28585792e-01 5.23191392e-01 1.91213757e-01 9.18112397e-01
    9.25856054e-01 5.42766631e-01 1.69784725e-01 3.65056694e-01
    7.65478790e-01 3.78533840e-01 4.79054809e-01 8.66621494e-01
    2.89149553e-01 9.13590193e-03 4.93149340e-01 1.54206157e-01
    7.41464794e-01 5.90321064e-01 9.06733155e-01 7.99846292e-01
    4.88876045e-01 2.81941473e-01 9.18772817e-03 2.92817295e-01
    4.25458014e-01 3.87703478e-02 1.83266550e-01 5.69697201e-01
    5.29498160e-02 5.63748360e-01 8.33394885e-01 2.51428604e-01
    3.89232337e-02 9.09626186e-02 9.58794117e-01 5.34598529e-02
    6.01513386e-02 7.63067722e-01 6.65946186e-01 4.85086918e-01
    2.00546831e-01 1.54001027e-01 4.48366702e-01 3.87273043e-01
    4.34975982e-01 9.56999063e-01 8.75281096e-01 5.79209208e-01
    3.97136450e-01 8.70934725e-01 1.68028504e-01 7.33085036e-01
    9.79624152e-01 4.50864762e-01 5.87242305e-01 8.82873833e-02
    7.52955437e-01 1.16606951e-01 3.95545930e-01 5.70347428e-01
    1.70064956e-01 9.91075397e-01 1.34387344e-01 3.55491936e-02
    8.94662261e-01 8.39637160e-01 4.49736089e-01 7.71569014e-01
    8.74148905e-01 9.92983937e-01 8.58960271e-01 5.82365155e-01
    2.37951040e-01 7.46646166e-01 2.39108860e-01 1.47895366e-01
    6.39746785e-01 9.61563826e-01 9.83686805e-01 3.39408994e-01
    1.54489160e-01 9.77829337e-01 7.97069669e-01 6.71162188e-01
    5.52450657e-01 8.52757096e-01 4.70725596e-02 2.70999074e-02
    3.52026582e-01 1.37434870e-01 8.77724707e-01 7.24130392e-01
    4.92806971e-01 9.97631431e-01 9.22613561e-01 7.28689373e-01
    7.35993385e-01 9.45374727e-01 8.94871712e-01 9.86790717e-01
    5.90837002e-02 7.49677539e-01 6.94454730e-01 8.96698236e-01
    4.36893791e-01 9.92708921e-01 5.57666481e-01 9.35992837e-01
    6.91589117e-01 2.47961789e-01 3.01015198e-01 4.47345287e-01
    8.69956017e-01 7.53816366e-01 5.84231496e-01 3.50664318e-01
    8.88167322e-02 2.89263129e-01 8.22550297e-01 1.82604015e-01
    6.52781606e-01 8.31710696e-01 7.09013760e-01 5.81341386e-02
    4.62305218e-01 8.33438635e-01 1.74993843e-01 8.97908330e-01
    4.76743788e-01 4.07541752e-01 8.77037048e-01 7.50863552e-03
    1.07868731e-01 7.40326583e-01 5.52162468e-01 9.32180166e-01
    9.26733851e-01 8.55051756e-01 6.51453614e-01 4.54811543e-01
    6.78113580e-01 2.39248633e-01 3.20071816e-01 8.01777601e-01
    8.77327442e-01 4.46652502e-01 4.85343575e-01 8.41099739e-01
    9.89441514e-01 4.68051612e-01 7.78227091e-01 2.59523511e-01
    3.67294729e-01 9.25773025e-01 3.08226615e-01 9.67544079e-01
    3.12282145e-02 1.90897316e-01 5.41552663e-01 1.53626025e-01
    9.15290415e-02 7.55853295e-01 7.83651233e-01 8.15198898e-01
    9.66401219e-01 3.38235199e-01 5.37961423e-02 1.41440153e-01
    4.16247755e-01 9.58581328e-01 3.88214618e-01 4.06623781e-01
    8.51731896e-01 4.05742943e-01 8.00010622e-01 1.06711090e-02
    2.11868078e-01 9.89197612e-01 6.27402723e-01 9.12698984e-01
    2.22524226e-01 3.19038093e-01 9.38028574e-01 3.66170555e-01
    8.11295629e-01 6.02592170e-01 4.06599432e-01 2.45431721e-01
    8.12186718e-01 7.85409689e-01 6.50304735e-01 7.40322173e-01
    7.23118246e-01 9.64002967e-01 8.94747853e-01 9.36644912e-01
    8.72683406e-01 7.13049054e-01 8.96181107e-01 1.47397161e-01
    9.61061716e-02 9.80453014e-01 6.04543567e-01 5.44892311e-01
    4.93599564e-01 1.84158087e-02 3.13932717e-01 4.12608624e-01
    7.28443742e-01 2.82655060e-01 4.77974951e-01 3.08150530e-01
    9.20476973e-01 2.01159090e-01 2.16681063e-01 8.72576714e-01
    8.91511023e-01 4.45648849e-01 9.00714755e-01 6.39654398e-01
    8.39315653e-01 7.35048115e-01 9.79993284e-01 2.37412453e-02
    3.58801663e-01 7.37379551e-01 4.11988199e-02 9.26088095e-01
    5.61983109e-01 2.17070043e-01 4.55876648e-01 6.53466105e-01
    4.83846366e-02 6.66795611e-01 9.25894558e-01 5.26417196e-01
    1.97518557e-01 1.65524930e-01 3.82909954e-01 5.96303940e-01
    4.57947969e-01 1.14764452e-01 4.19306695e-01 8.08933139e-01
    1.24763668e-01 9.00874972e-01 7.96447992e-01 7.75248885e-01
    2.65714586e-01 5.13529956e-01 1.19173557e-01 5.51360548e-01
    8.69590163e-01 5.41927636e-01 8.25047731e-01 7.12973714e-01
    7.85794497e-01 3.40030491e-01 7.11292505e-01 8.83929074e-01
    6.73252106e-01 8.30896139e-01 4.44589317e-01 6.88602030e-01
    7.14781463e-01 3.86966437e-01 6.79598451e-01 9.60613549e-01
    4.78547812e-03 5.28382242e-01 8.61638665e-01 2.40722120e-01
    3.88325989e-01 5.71694314e-01 8.66521478e-01 9.26797569e-01
    9.65614974e-01 8.37775111e-01 7.61352777e-01 1.80524409e-01
    1.95614100e-02 5.20874798e-01 6.72658503e-01 8.83805990e-01
    6.38367832e-01 3.00674886e-01 8.52161407e-01 1.54719293e-01
    4.79832053e-01 9.00864720e-01 9.76668835e-01 8.68806005e-01
    1.91544235e-01 4.01823640e-01 2.29711592e-01 4.98204827e-02
    4.18227166e-01 2.49946773e-01 5.36923528e-01 2.50413597e-01
    1.65873170e-02 1.47146642e-01 9.52484608e-01 8.75470042e-02
    4.81382102e-01 8.37829232e-01 9.63675678e-01 2.51694977e-01
    1.66094482e-01 7.28195667e-01 8.79137397e-01 8.11251462e-01
    8.04438293e-01 3.39124382e-01 5.16876996e-01 2.02301562e-01
    1.27270728e-01 9.50233817e-01 9.81929243e-01 2.30399847e-01
    5.55489182e-01 2.53930748e-01 7.37381220e-01 9.01389837e-01
    9.96242404e-01 1.98600173e-01 8.12920332e-01 7.78062940e-01
    4.54955578e-01 8.96695077e-01 8.29198062e-02 5.41581213e-01
    9.55860734e-01 1.29501551e-01 6.09009326e-01 7.24429786e-01
    3.48321736e-01 5.81176281e-01 1.66870594e-01 8.70369315e-01
    4.97137427e-01 5.66080928e-01 5.52352369e-01 8.12994421e-01
    4.68780786e-01 7.71989584e-01 6.57476068e-01 4.72229898e-01
    6.85573757e-01 9.51953411e-01 5.00636518e-01 7.18024373e-01
    4.95337486e-01 9.38749790e-01 2.26782262e-01 2.01446831e-01
    6.16040826e-01 1.39720559e-01 7.70839691e-01 6.01267815e-01
    4.96843338e-01 7.72971630e-01 8.31770718e-01 7.12194502e-01
    7.63078570e-01 3.12402546e-02 3.84417474e-02 8.75271678e-01
    8.09146047e-01 3.50313246e-01 2.46112466e-01 5.94693661e-01
    7.57649899e-01 9.45197880e-01 6.35331333e-01 1.60831869e-01
    7.12620258e-01 8.75194311e-01 1.59839541e-01 3.93115848e-01
    8.49316597e-01 3.06263030e-01 5.55806577e-01 7.03478098e-01
    7.88859010e-01 3.83714378e-01 9.99184012e-01 8.89232099e-01
    2.76752353e-01 9.44023252e-01 4.05281126e-01 3.56716573e-01
    6.04422092e-01 5.31099379e-01 9.48792100e-02 4.64872748e-01
    3.66814911e-01 5.40196955e-01 4.25458461e-01 5.28036535e-01
    3.12850535e-01 3.03521723e-01 4.61863250e-01 4.43964630e-01
    4.89261240e-01 6.59303784e-01 6.31607652e-01 1.69699371e-01
    7.59764612e-01 5.53933978e-01 8.02910209e-01 8.15786898e-01
    5.79788804e-01 1.74605221e-01 4.79539871e-01 4.64767843e-01
    8.03672552e-01 5.07325470e-01 3.00082326e-01 9.47001100e-01
    1.37411147e-01 7.85438418e-01 6.76761568e-02 6.36381805e-01
    3.74356210e-01 8.49598289e-01 5.92944086e-01 5.44366956e-01
    8.54592025e-01 8.33333492e-01 9.55259264e-01 8.30037296e-01
    1.32852167e-01 8.06867778e-02 9.85330462e-01 4.67458665e-02
    7.29343355e-01 7.58416474e-01 1.29563510e-01 8.65475655e-01
    2.62246132e-01 9.76172566e-01 5.33821762e-01 3.20330739e-01
    6.56459630e-01 4.73805368e-02 6.06619000e-01 1.56820625e-01
    5.04237413e-03 5.00371993e-01 8.99333596e-01 8.88284326e-01
    3.15518796e-01 9.05824840e-01 3.43493521e-02 9.29474831e-01
    1.35739952e-01 7.52844453e-01 9.12199438e-01 7.99545348e-01
    5.15728056e-01 7.21264362e-01 6.76598549e-02 6.42213404e-01
    1.23725176e-01 6.87595725e-01 7.23593235e-01 3.79676551e-01
    3.08201581e-01 8.36907625e-01 2.96134233e-01 7.14353085e-01
    2.25893855e-01 8.25501084e-01 1.50135309e-01 9.30464745e-01
    6.52326524e-01 3.99842322e-01 9.49679315e-01 6.23828948e-01
    6.73324466e-02 7.53700733e-05 5.10025263e-01 8.77943277e-01
    2.31874049e-01 2.86583543e-01 6.32416546e-01 2.06675917e-01
    1.46135777e-01 8.50778162e-01 6.81657195e-01 2.33672649e-01
    3.05553913e-01 8.07511687e-01 3.74152720e-01 7.84375429e-01
    6.92646563e-01 5.26194036e-01 5.45332193e-01 8.33789229e-01
    9.03501511e-01 8.73742938e-01 5.64368904e-01 5.06536067e-01
    3.90838146e-01 6.66918159e-01 7.00520694e-01 7.87834585e-01
    6.13932014e-01 6.28348231e-01 6.38818741e-01 8.80358517e-01
    6.51120901e-01 4.95837778e-01 2.50246525e-02 7.42730439e-01
    4.70960915e-01 7.72656381e-01 4.94547695e-01 6.77496314e-01
    5.04710972e-01 7.76578069e-01 5.72889805e-01 8.77110302e-01
    8.95640671e-01 3.90721858e-01 7.83250391e-01 5.32378078e-01
    2.27143943e-01 7.29893446e-01 8.06371331e-01 7.34571040e-01
    4.53011721e-01 6.54528737e-01 8.03856432e-01 3.40680957e-01
    4.17844057e-01 1.94607377e-02 1.24264240e-01 2.72937417e-01
    7.13429749e-02 3.98568094e-01 2.67573297e-02 1.58707917e-01
    4.53639477e-01 8.41325223e-01 6.81238592e-01 1.42078966e-01
    9.49757099e-02 2.01667696e-01 8.06063294e-01 1.69906795e-01
    9.56945181e-01 8.73530090e-01 8.09197128e-01 6.34925246e-01
    4.93998379e-01 4.96104598e-01 6.69967592e-01 3.36573035e-01
    3.55077386e-01 2.74751365e-01 2.91704714e-01 7.17136562e-02
    3.01666617e-01 6.82884693e-01 6.96166158e-01 1.29621297e-01
    3.78183722e-02 6.97630584e-01 6.39961362e-01 5.99984527e-01
    9.53153551e-01 3.97206962e-01 3.32594544e-01 9.84578013e-01
    2.52719343e-01 3.13332796e-01 4.06987429e-01 5.98713040e-01
    6.92958355e-01 2.63568461e-01 9.86287355e-01 8.74529362e-01
    2.10124910e-01 9.18481350e-01 1.62689656e-01 1.31476313e-01
    4.52639043e-01 3.14658463e-01 1.26660079e-01 7.44325817e-02
    6.48829818e-01 5.20229638e-01 8.44659328e-01 9.00334179e-01
    9.98233557e-02 1.93949193e-01 9.93691206e-01 5.33875823e-03
    8.00806999e-01 2.07459390e-01 1.05654269e-01 3.65422130e-01
    5.58694065e-01 9.72165167e-02 1.01054221e-01 8.85669529e-01
    2.98587322e-01 4.62835252e-01 4.38862145e-01 7.18645930e-01
    5.54876328e-01 1.23670965e-01 4.07522351e-01 9.39907670e-01
    4.77756977e-01 2.95114815e-02 1.67424113e-01 8.40059876e-01
    6.65421069e-01 2.80458987e-01 2.36196190e-01 7.14070261e-01
    1.94029361e-01 7.70098329e-01 1.55342400e-01 1.03496969e-01
    9.56983447e-01 6.20105624e-01 4.51137155e-01 8.84154797e-01
    6.79026246e-01 6.49721384e-01 9.90906596e-01 8.41838717e-01
    9.28682089e-01 7.55542815e-02 4.05247062e-01 8.56227279e-01
    8.04577887e-01 3.65753055e-01 6.05445921e-01 7.11599410e-01
    1.21178955e-01 7.76579857e-01 4.77039367e-01 9.83221352e-01
    6.24536633e-01 6.12797558e-01 9.23802137e-01 1.77914709e-01
    8.00993919e-01 4.09741253e-01 2.76975334e-01 9.50260043e-01
    1.34518892e-01 6.41159177e-01 1.02350920e-01 4.83138055e-01
    3.85336399e-01 8.35227489e-01 7.34072149e-01 5.90456724e-02
    1.68582231e-01 8.93757820e-01 5.97569823e-01 3.18391323e-01
    9.33237374e-01 6.83309793e-01 9.55352545e-01 2.45558769e-01
    4.48085964e-01 8.02425623e-01 7.16387808e-01 5.13750315e-01
    4.96181488e-01 6.76904261e-01 6.23542964e-01 1.56248003e-01
    3.73395681e-01 6.25654340e-01 1.68994546e-01 8.29911232e-03
    3.41361403e-01 6.66062176e-01 8.87135863e-01 9.07051861e-01
    6.95644855e-01 8.54531527e-01 7.55844831e-01 5.59180975e-03
    1.41776383e-01 1.38064474e-01 9.11116004e-01 6.39326632e-01
    3.00643563e-01 2.80436099e-01 6.50744200e-01 9.32904482e-01
    7.72475541e-01 8.01219046e-01 3.39664817e-01 6.99397445e-01
    4.43748891e-01 3.32398295e-01 3.03163439e-01 6.73793316e-01
    7.96026945e-01 1.33106112e-02 9.92241323e-01 1.12581432e-01
    1.92219198e-01 6.98550463e-01 8.03248525e-01 5.46180010e-01
    2.49475449e-01 9.66326237e-01 3.33546638e-01 6.53721929e-01
    4.46180403e-02 6.43282235e-01 4.58465785e-01 6.22807860e-01
    8.07749808e-01 6.84613705e-01 3.47720861e-01 4.97467667e-01
    5.49845576e-01 4.96942163e-01 8.26845765e-01 2.57877499e-01
    8.02632689e-01 4.11435217e-01 4.55300838e-01 8.22551310e-01
    8.57729495e-01 4.42454100e-01 8.23821187e-01 2.53443986e-01
    4.16155934e-01 8.12771916e-01 3.63152087e-01 6.63503766e-01
    2.15374827e-02 7.45823026e-01 1.49088621e-01 2.97892392e-02
    5.96334875e-01 9.87895131e-01 9.77787495e-01 4.82387990e-01
    8.63888860e-03 8.44161034e-01 9.76149738e-02 4.34042871e-01
    8.46329927e-01 1.45662248e-01 7.05800653e-02 6.60370827e-01
    4.24414814e-01 5.39194703e-01 4.31774110e-01 8.96018565e-01
    1.79551542e-02 7.85020709e-01 6.81679606e-01 8.75029683e-01
    1.56742275e-01 4.25203234e-01 8.51831079e-01 5.61558127e-01
    2.04174161e-01 9.95459616e-01 4.79540348e-01 8.76875043e-01
    8.71042371e-01 1.38915390e-01 7.30290473e-01 4.97804880e-02
    3.08476418e-01 8.29824388e-01 6.97323084e-01 1.19593143e-02
    2.64645338e-01 8.95682931e-01 8.31914067e-01 1.70387208e-01
    3.44929695e-01 6.68933153e-01 4.91648704e-01 7.54944921e-01
    4.30375308e-01 7.96414018e-01 7.55532622e-01 8.43007445e-01
    9.79539156e-01 2.12060809e-02 6.12274110e-01 3.87404531e-01
    2.94999838e-01 4.34115767e-01 7.36812055e-01 5.72494030e-01
    9.23937798e-01 9.91230369e-01 7.34533846e-01 3.07134926e-01
    2.26244569e-01 8.85329366e-01 8.21633697e-01 3.55592370e-02
    7.65722752e-01 1.42079651e-01 1.75104707e-01 8.64238858e-01
    2.01868027e-01 7.81269431e-01 9.20972884e-01 6.71367824e-01
    2.40174413e-01 8.42497945e-02 9.91104007e-01 7.50140667e-01
    3.73049378e-01 9.77431118e-01 2.16477722e-01 7.09019423e-01
    7.70020962e-01 4.45855618e-01 7.23863542e-01 2.14807510e-01
    8.66124868e-01 3.18765700e-01 1.29242748e-01 4.67152953e-01
    6.22973740e-01 7.82334924e-01 3.95905972e-01 7.22967267e-01
    7.50800967e-01 6.56220794e-01 6.48833215e-01 8.64104211e-01
    8.68058085e-01 7.08642542e-01 5.52070558e-01 2.74958849e-01
    1.82972223e-01 3.98623288e-01 9.01729465e-01 4.27988380e-01
    8.96036625e-01 8.26609254e-01 3.89975071e-01 5.65204620e-01
    8.85674000e-01 1.69643939e-01 2.47658253e-01 8.97536397e-01
    4.62603897e-01 4.25521880e-01 9.05145049e-01 2.40004063e-01
    8.07368279e-01 6.22388124e-02 9.63856697e-01 7.80037403e-01
    8.81890178e-01 7.64755905e-01 9.85248625e-01 6.85243964e-01
    6.96760178e-01 4.63513136e-01 6.22942209e-01 3.99430573e-01
    9.18316960e-01 5.15002847e-01 3.78897756e-01 1.99033320e-02
    9.49050903e-01 6.05491161e-01 6.35365248e-01 2.54730284e-02
    1.24332786e-01 3.25971007e-01 6.81339204e-01 2.65067637e-01
    9.16825712e-01 5.56060374e-01 7.46239781e-01 1.93225384e-01
    7.99342930e-01 5.89335799e-01 8.69067669e-01 8.32024932e-01
    5.25407195e-02 4.70004082e-02 7.38620043e-01 7.97204614e-01
    7.40288138e-01 5.74650049e-01 4.49565589e-01 8.48927915e-01
    1.86600029e-01 6.40116930e-01 5.96321285e-01 5.18148839e-01
    7.51622438e-01 5.83851516e-01 4.13971305e-01 7.96158433e-01
    2.57135510e-01 7.02712297e-01 8.46668124e-01 8.61863852e-01
    4.86124068e-01 6.89331353e-01 1.45928651e-01 5.87396443e-01
    9.90280807e-02 8.88784170e-01 1.06108963e-01 2.15045244e-01
    5.21325469e-02 4.25269365e-01 4.08201456e-01 1.96420133e-01
    3.05032492e-01 9.33787167e-01 4.27817255e-01 6.90539956e-01
    2.00581193e-01 9.46749270e-01 2.90688574e-02 3.60641539e-01
    7.51407981e-01 8.48602295e-01 6.64628923e-01 7.63234794e-02
    2.20069021e-01 4.38104928e-01 1.82954192e-01 4.73962009e-01
    4.44709480e-01 9.37379956e-01 3.59632820e-01 8.97227407e-01
    4.70232010e-01 5.97282171e-01 5.99391639e-01 1.66865081e-01
    8.63442540e-01 4.62071627e-01 1.89932048e-01 8.49514961e-01
    2.28740156e-01 2.61813879e-01 2.73930490e-01 1.27777189e-01
    9.80324566e-01 7.15446174e-01 2.34318256e-01 6.34904206e-01
    1.24931037e-02 7.50186682e-01 2.07039118e-01 1.94618255e-01
    6.14151537e-01 6.75351620e-01 2.98800349e-01 9.56773102e-01
    1.63650900e-01 6.57291293e-01 6.10414088e-01 9.08539057e-01
    8.40101480e-01 6.93544865e-01 6.88919544e-01 1.55825287e-01
    3.30188394e-01 9.46703792e-01 2.92059779e-01 9.46359754e-01
    5.06519318e-01 6.99741066e-01 2.01597929e-01 2.99024463e-01
    8.85047257e-01 1.61605000e-01 7.00691462e-01 6.51762009e-01
    9.24688935e-01 2.64750361e-01 6.05145335e-01 3.66437912e-01
    4.23396707e-01 9.67683196e-02 3.15622747e-01 4.43860322e-01
    5.85184455e-01 6.99063718e-01 7.35972106e-01 2.16174066e-01
    2.94302493e-01 9.60194945e-01 8.22611213e-01 4.62870121e-01
    5.53659976e-01 7.90452361e-01 6.69298410e-01 1.54060483e-01
    5.84713340e-01 9.26431656e-01 1.58257514e-01 8.13949823e-01
    3.37627828e-01 8.73257399e-01 9.05113757e-01 2.54943281e-01
    6.90407813e-01 7.29338825e-01 3.53965223e-01 1.10034764e-01
    1.30274624e-01 6.20888233e-01 5.82873642e-01 8.37858915e-01
    6.70859158e-01 8.88820052e-01 1.13157183e-01 1.96829647e-01
    6.12134278e-01 6.77794755e-01 7.39743710e-02 8.28228891e-02
    8.97840977e-01 7.16219068e-01 1.83042943e-01 6.39428258e-01
    4.31314290e-01 2.70000070e-01 3.92355204e-01 3.25726509e-01
    1.45210594e-01 8.53250504e-01 9.07458246e-01 3.48252416e-01
    4.30025160e-01 5.75454056e-01 9.68952179e-01 5.02779126e-01
    6.64775670e-01 3.13448846e-01 3.79295051e-01 4.76281613e-01
    5.84053040e-01 8.17505836e-01 1.34019911e-01 7.19069242e-01
    8.70866418e-01 8.46052229e-01 5.24813950e-01 2.24746644e-01
    5.34008324e-01 7.47953832e-01 3.67492020e-01 4.56375033e-01
    9.35610056e-01 5.34170151e-01 3.21379989e-01 3.50373089e-02
    5.51690996e-01 7.21245944e-01 6.79440618e-01 6.28155351e-01
    8.50356281e-01 1.76502466e-01 7.99346328e-01 9.30200338e-01
    5.70465744e-01 4.84542966e-01 4.06474471e-01 3.62260014e-01
    8.23562622e-01 1.23229444e-01 8.06830406e-01 7.99373388e-01
    5.24125218e-01 2.25228459e-01 4.43096399e-01 7.33364522e-01
    3.23274970e-01 3.31553102e-01 8.16142559e-01 9.12646055e-01
    1.99227810e-01 7.70554721e-01 1.34178400e-01 7.80596375e-01
    5.81474006e-02 2.28813142e-01 2.31114686e-01 1.09276384e-01
    3.07197243e-01 4.31683868e-01 7.97795653e-01 6.22274876e-02
    9.70196009e-01 3.84247154e-01 5.41430175e-01 6.32710695e-01
    5.98296165e-01 4.65540707e-01 9.42200363e-01 9.04643297e-01
    3.97052467e-02 8.45306873e-01 7.51831532e-01 6.17115617e-01
    4.88859236e-01 1.26726478e-01 4.68298882e-01 6.89383447e-02
    7.03793705e-01 4.46931571e-01 8.87089670e-02 4.12011862e-01
    3.35416198e-02 4.85491037e-01 9.24336910e-01 8.39432716e-01
    6.16769373e-01 8.71162176e-01 3.95646483e-01 1.22984350e-02
    2.03080565e-01 8.01925838e-01 8.33263993e-03 8.99140656e-01
    7.31505215e-01 9.86612737e-02 2.37952173e-01 1.63781315e-01
    9.00933206e-01 1.42019331e-01 6.08863711e-01 7.13165879e-01
    9.44748640e-01 2.10532010e-01 9.77079034e-01 3.63945663e-02
    7.20971823e-03 8.87556434e-01 6.72288299e-01 9.37292576e-02
    6.49354458e-01 3.79141897e-01 6.12672925e-01 2.77632892e-01
    6.35520399e-01 3.72680634e-01 2.92115211e-02 5.41031659e-02
    7.25907087e-02 5.45383275e-01 8.65926862e-01 5.81493497e-01
    4.17756319e-01 9.62170839e-01 5.91377258e-01 4.10214365e-01
    1.96530819e-01 9.88275409e-01 7.35069454e-01 8.91490400e-01
    4.27672237e-01 8.61244380e-01 1.43358827e-01 6.02437198e-01
    7.72662401e-01 3.54259789e-01 3.00981641e-01 2.68623888e-01
    1.64827287e-01 8.83260369e-02 4.00345385e-01 7.32427359e-01
    3.72635841e-01 3.80494714e-01 6.85821772e-01 1.76207572e-01
    4.31859702e-01 1.65320665e-01 2.50300139e-01 9.59186852e-02
    9.34655130e-01 2.42229611e-01 6.69284642e-01 7.58135200e-01
    4.70070779e-01 8.66483748e-02 7.84657359e-01 6.81529582e-01
    2.90251791e-01 9.68649507e-01 6.70873284e-01 8.90319049e-02
    8.78997862e-01 5.49553216e-01 2.73043305e-01 1.10377401e-01
    9.24426556e-01 8.55272710e-02 2.96658367e-01 5.10640502e-01
    9.72284913e-01 3.56449306e-01 9.81764197e-01 3.99838954e-01
    6.72468543e-01 4.11152959e-01 7.95093298e-01 6.44505501e-01
    5.40672839e-01 1.17879957e-01 5.95121264e-01 6.78782701e-01
    1.72359765e-01 7.70300031e-01 5.45677662e-01 4.31816995e-01
    8.42766583e-01 8.80643010e-01 1.86210573e-01 3.67784321e-01
    8.33954096e-01 7.92370439e-01 6.01045251e-01 3.56458277e-01
    6.15104616e-01 8.86956990e-01 1.55188352e-01 7.98592746e-01
    7.38796294e-02 9.05749857e-01 8.90356779e-01 6.10986829e-01
    1.29071981e-01 4.54480767e-01 5.88442683e-02 5.43104947e-01
    6.41296744e-01 5.76481581e-01 1.23456120e-03 8.20149899e-01
    5.08850038e-01 2.22774476e-01 8.29312146e-01 8.78833950e-01
    6.88872933e-01 9.25741911e-01 4.94076699e-01 8.28879952e-01
    6.36511743e-01 3.15293968e-01 7.85924792e-01 5.50624728e-01
    8.32843065e-01 9.44879770e-01 3.88617843e-01 5.30445933e-01
    3.60079825e-01 5.95753431e-01 1.19192302e-02 4.07545924e-01
    4.87426877e-01 7.28561282e-01 9.05413866e-01 5.31084895e-01
    4.32732373e-01 3.90265197e-01 6.08405471e-03 4.51851577e-01
    1.42417550e-01 2.10180879e-01 8.32737803e-01 1.60674989e-01
    3.61195177e-01 2.44285107e-01 3.49161029e-01 2.17141211e-01
    1.91989124e-01 8.92692685e-01 5.22507131e-01 8.23296428e-01
    3.83328736e-01 1.77190155e-01 3.02074015e-01 1.36968493e-02
    7.82783508e-01 7.69922376e-01 1.29518062e-01 1.96974069e-01
    2.90746093e-02 9.22462821e-01 9.89512205e-01 3.01963866e-01
    2.26774246e-01 6.84292316e-02 7.63744175e-01 9.25766826e-01
    1.51730061e-01 9.42829609e-01 6.89766049e-01 3.38200212e-01
    6.23119891e-01 1.76337063e-01 4.44259584e-01 6.06019974e-01
    8.97788048e-01 4.42546397e-01 9.14227605e-01 2.80440748e-02
    2.58257121e-01 6.60656929e-01 5.67827106e-01 6.98090553e-01
    9.53062296e-01 2.60396242e-01 3.62426400e-01 8.09269786e-01
    2.44301617e-01 9.70293581e-02 9.51859534e-01 7.39445806e-01
    7.54272223e-01 3.24154943e-01 3.82553101e-01 3.57020199e-02
    6.28381312e-01 1.67080253e-01 3.81420791e-01 6.99405372e-02
    2.98087001e-02 2.40806073e-01 6.96674466e-01 5.52633584e-01
    2.89274096e-01 3.47110510e-01 2.47573674e-01 7.18849659e-01
    1.03774905e-01 9.65587854e-01 3.45794350e-01 4.96172309e-02
    8.66084933e-01 4.17335808e-01 7.78784096e-01 4.14534330e-01
    5.28587580e-01 4.70067203e-01 2.78963655e-01 9.52338159e-01
    3.04880083e-01 2.40758777e-01 4.89543140e-01 6.30402386e-01
    6.06346548e-01 7.05903530e-01 6.24753058e-01 9.42600131e-01
    6.82305455e-01 1.24915481e-01 3.98315817e-01 9.07655835e-01
    2.89591134e-01 6.73249602e-01 8.53812158e-01 2.23906934e-02
    4.47005033e-04 2.53125727e-01 5.60613930e-01 6.18829489e-01
    6.93699121e-01 2.17438638e-01 4.08653378e-01 9.73678708e-01
    8.54396105e-01 3.44509125e-01 6.57549739e-01 9.43347692e-01
    5.06701827e-01 1.68057978e-01 5.17042160e-01 8.46280992e-01
    1.55118257e-01 7.27122307e-01 7.23714232e-01 5.72898448e-01
    9.72833276e-01 6.24772966e-01 8.06649804e-01 5.64167023e-01
    1.62840843e-01 3.21745157e-01 8.38089824e-01 3.67399991e-01
    8.17086756e-01 2.28061467e-01 9.06035423e-01 4.08114344e-01
    5.16091943e-01 4.23579514e-01 3.71773005e-01 4.78296459e-01
    8.53958249e-01 9.22421575e-01 8.80607367e-02 7.72080302e-01
    2.60168046e-01 9.29819703e-01 5.76200187e-02 7.16190934e-01
    8.57440948e-01 8.01465452e-01 4.75229204e-01 7.61341929e-01
    5.23926854e-01 2.78816879e-01 3.99136603e-01 6.41853273e-01
    2.03310937e-01 6.18925452e-01 8.35790873e-01 1.70645863e-01
    8.91673207e-01 9.50325787e-01 5.62995374e-01 2.55816311e-01
    8.76507401e-01 1.21830612e-01 7.27708220e-01 5.26453018e-01
    8.84636343e-02 3.46416622e-01 8.61123025e-01 8.19721580e-01
    8.42767954e-01 7.68014789e-01 7.47500479e-01 1.87904805e-01
    2.84030914e-01 1.47361726e-01 9.67562675e-01 5.82893908e-01
    8.77202272e-01 1.13889933e-01 8.73617291e-01 4.47045714e-01
    8.40859115e-01 1.30796134e-01 8.38745356e-01 1.94244295e-01
    4.81960744e-01 7.50872552e-01 2.76594728e-01 8.04218352e-02
    3.83457541e-03 6.89378619e-01 6.64921045e-01 3.71291608e-01
    7.49791384e-01 8.91075015e-01 7.03245819e-01 3.81121665e-01
    7.42752314e-01 2.29715854e-01 5.70040286e-01 1.87707454e-01
    3.53135169e-01 8.89617324e-01 8.87542009e-01 3.31688017e-01
    3.93203795e-01 5.69068134e-01 6.66984081e-01 5.67021549e-01
    7.44396150e-01 2.32486129e-01 9.94174957e-01 8.44872952e-01
    7.15560257e-01 5.92243254e-01 9.56735969e-01 3.42395425e-01
    8.24751139e-01 1.69301927e-01 7.34780252e-01 8.36481690e-01
    6.61156595e-01 9.80666041e-01 3.99466634e-01 6.13306224e-01
    9.50697184e-01 5.63654602e-02 3.28137219e-01 9.88936841e-01
    5.92226386e-01 5.15025496e-01 7.00998664e-01 4.40421700e-03
    3.79279166e-01 7.07351029e-01 6.52026236e-02 3.24635148e-01
    4.23297018e-01 9.34922099e-01 7.63366342e-01 2.33096898e-01
    3.12175155e-01 4.95154768e-01 5.13502717e-01 6.71388626e-01
    7.75319934e-01 7.75824785e-02 5.13384044e-01 5.89805365e-01
    4.37674910e-01 7.10272968e-01 8.49755526e-01 1.24119818e-02
    8.48377287e-01 5.68368316e-01 9.50854421e-01 2.25639731e-01
    8.76259804e-01 6.96291506e-01 9.11924422e-01 2.97394574e-01
    3.93439889e-01 5.40678680e-01 1.41039610e-01 6.50570631e-01
    5.27802050e-01 5.71668684e-01 4.38786477e-01 3.69215697e-01
    6.42583132e-01 9.45692837e-01 7.55183637e-01 3.48198086e-01
    1.98094547e-01 7.22625494e-01 9.29283202e-02 4.77487296e-01
    1.61774009e-01 3.88687253e-01 1.38656348e-01 8.98814321e-01
    3.14212322e-01 2.41726935e-02 6.09599054e-02 6.49450898e-01
    9.42585170e-01 4.46048677e-02 5.35811126e-01 3.30245912e-01
    1.10447705e-02 2.65075028e-01 4.84652966e-01 9.43497896e-01
    6.41341090e-01 9.73536134e-01 2.05973804e-01 9.07078266e-01
    3.27762634e-01 6.79244399e-01 8.28879118e-01 6.24151170e-01
    9.54875946e-01 6.63370192e-02 3.44438195e-01 1.22982174e-01
    6.37537777e-01 9.30939615e-01 9.12194371e-01 3.21504951e-01
    5.35708249e-01 1.73359185e-01 3.45824897e-01 7.55633354e-01
    7.95887232e-01 5.58556795e-01 3.11359465e-01 5.02181053e-03
    8.94074798e-01 5.93177557e-01 8.20210397e-01 2.83448160e-01
    9.23426032e-01 2.30943561e-01 4.83701855e-01 2.40680635e-01
    5.09084404e-01 3.63375664e-01 4.50602770e-02 9.82918084e-01
    6.02882981e-01 6.36318922e-01 6.98395491e-01 7.04585671e-01
    6.49398208e-01 5.32516062e-01 7.90705681e-01 6.66405261e-01
    8.68833065e-01 5.74540377e-01 1.20307207e-02 6.53863549e-01
    5.84657073e-01 8.83990765e-01 7.89305270e-01 1.07268453e-01
    6.56854451e-01 1.59766465e-01 8.59961808e-01 7.68490136e-01
    5.36913455e-01 9.07346904e-01 6.97782695e-01 5.53396404e-01
    6.86467290e-01 7.56246388e-01 7.41955340e-01 9.31382895e-01
    1.51426643e-01 9.41158056e-01 6.06860101e-01 8.24543357e-01
    1.81326121e-01 9.77296114e-01 9.63717520e-01 8.51612985e-02
    7.67722130e-01 3.35689306e-01 1.53144062e-01 9.41175818e-01
    1.83493704e-01 3.09563696e-01 9.48306561e-01 7.96230197e-01
    1.29256397e-01 5.71797967e-01 5.03161311e-01 6.48810625e-01
    4.49438512e-01 8.49491060e-02 7.65054584e-01 5.24428189e-02
    8.37327123e-01 9.36138272e-01 4.50005561e-01 7.42777348e-01
    8.39626193e-02 5.48042536e-01 5.30257463e-01 4.05409098e-01
    3.19077283e-01 9.66693163e-02 2.75056481e-01 5.61226547e-01
    9.79757905e-02 4.91248786e-01 9.87273455e-01 2.61899054e-01
    6.56628847e-01 8.49033237e-01 3.88557017e-01 6.67121172e-01
    9.49975014e-01 6.77213609e-01 7.36353278e-01 9.65194106e-01
    9.51706290e-01 4.68463898e-02 2.83180594e-01 4.15211916e-02
    6.57103062e-01 9.16221857e-01 3.56791973e-01 6.81562304e-01
    5.65536082e-01 8.90339732e-01 4.07606065e-02 3.19311500e-01
    9.49040294e-01 4.56083596e-01 9.86479342e-01 9.64211106e-01
    7.85339832e-01 3.66449714e-01 5.32401562e-01 5.31403601e-01
    9.21918154e-01 8.63116324e-01 7.21840322e-01 8.28283906e-01
    3.19852591e-01 7.75429368e-01 8.87839198e-01 3.87646496e-01
    9.88461018e-01 7.93864727e-02 8.54443371e-01 7.35184908e-01
    1.27596945e-01 6.37906909e-01 8.71784508e-01 8.69571686e-01
    4.30890769e-01 8.92489076e-01 2.06151396e-01 8.68974447e-01
    9.91626501e-01 8.97107363e-01 5.02208471e-01 2.03518093e-01
    8.21921945e-01 8.53912711e-01 5.16084433e-01 5.98422229e-01
    3.72731626e-01 3.65043461e-01 1.45391375e-01 1.21505022e-01
    2.35678107e-01 2.84712106e-01 2.49204218e-01 4.76111770e-02
    3.79010797e-01 7.85422564e-01 8.37389588e-01 3.18622649e-01
    3.33983570e-01 9.43090975e-01 3.68007720e-01 9.23770070e-01
    3.10449511e-01 9.31894660e-01 2.15653419e-01 3.51416826e-01
    1.73110366e-02 4.82893586e-01 8.41283560e-01 1.20263636e-01
    7.67985642e-01 6.67890549e-01 5.50223708e-01 3.48981798e-01
    8.74809027e-02 5.44509947e-01 1.21812373e-01 8.52627993e-01
    1.95319474e-01 7.78561831e-03 2.48102158e-01 4.43450898e-01
    1.43819451e-01 8.69503140e-01 1.24662936e-01 3.26188982e-01
    8.01687539e-02 4.78310436e-01 4.52852368e-01 2.52454638e-01
    4.89553779e-01 4.45554197e-01 2.55013704e-01 2.13991672e-01
    8.94539595e-01 4.71938342e-01 1.80393279e-01 2.19965249e-01
    1.24998540e-01 9.28266943e-01 5.97181797e-01 7.67930150e-02
    7.22015262e-01 2.46036947e-02 3.93376946e-02 6.83655024e-01
    5.79212368e-01 5.46356142e-01 9.76776004e-01 8.09610486e-01
    8.17590714e-01 1.89155817e-01 8.83676410e-02 8.25573087e-01
    3.35552454e-01 9.99136865e-02 1.40636563e-02 9.83645618e-01
    2.64336765e-01 7.76390076e-01 3.97738457e-01 6.00425363e-01
    6.40534222e-01 5.37209392e-01 2.92668998e-01 4.90835309e-02
    2.14611083e-01 1.69047505e-01 9.37823057e-01 4.51855093e-01
    2.89904714e-01 1.83806717e-01 4.29736614e-01 5.77982426e-01
    2.77817369e-01 3.93492639e-01 5.61240971e-01 6.50705993e-01
    6.37921095e-02 7.90365219e-01 5.34257948e-01 2.34423816e-01
    8.46466720e-01 2.06153393e-01 5.73354065e-01 9.82278049e-01
    1.50687307e-01 9.70388889e-01 6.33525074e-01 9.81439650e-02
    2.68950522e-01 9.35530722e-01 3.63581002e-01 9.40890074e-01
    6.13616049e-01 5.83565354e-01 4.06902552e-01 9.02613997e-02
    3.45627069e-02 1.97655201e-01 1.39249861e-01 4.51329559e-01
    5.65560281e-01 8.29298377e-01 9.24979329e-01 3.77300620e-01
    5.96126914e-01 6.14856184e-01 8.90557110e-01 7.38501728e-01
    6.69123292e-01 5.77055633e-01 7.99156785e-01 1.75757885e-01
    6.69795632e-01 2.33361542e-01 3.45225453e-01 8.31035137e-01
    8.75055909e-01 5.18301606e-01 9.40279365e-01 2.88360506e-01
    9.23295438e-01 3.70500624e-01 3.61711681e-02 1.21706158e-01
    4.30461347e-01 9.93128657e-01 9.47521627e-02 8.09146523e-01
    2.71759927e-02 4.62257892e-01 5.43287396e-02 4.34389979e-01
    2.47350305e-01 2.30030417e-02 5.74978888e-01 1.20371819e-01
    6.10598862e-01 8.44146371e-01 6.47389591e-01 2.24398971e-02
    5.31953573e-01 9.89577472e-01 8.05116832e-01 1.25185996e-01
    6.06325567e-01 7.54874825e-01 3.62146199e-01 3.88676703e-01
    1.71767473e-01 5.83520710e-01 8.26478362e-01 9.19786870e-01
    7.82746077e-01 6.66126490e-01 2.39318192e-01 2.34496117e-01
    1.17262095e-01 2.92694271e-01 7.17875242e-01 3.96397620e-01
    3.94084424e-01 7.79874504e-01 5.34151256e-01 8.62618685e-01
    1.20900750e-01 4.09878671e-01 8.94018054e-01 3.25076342e-01
    8.84858370e-02 9.88308311e-01 1.52148932e-01 1.09278172e-01
    9.30649102e-01 8.76822650e-01 7.54573405e-01 9.06757951e-01
    3.20841491e-01 3.47374022e-01 9.70023334e-01 1.08912826e-01
    2.71378219e-01 7.44831324e-01 7.71554947e-01 8.71607184e-01
    4.06016588e-01 4.52552557e-01 6.37854040e-01 1.64946944e-01
    7.55606830e-01 7.66716242e-01 7.98099160e-01 1.62654698e-01
    9.72549617e-02 7.55321980e-01 6.08252585e-01 9.19009328e-01
    7.72985578e-01 5.76394200e-01 1.55848563e-02 6.94505215e-01
    6.09953701e-02 1.99811846e-01 9.49873507e-01 2.78249681e-01
    2.98494995e-01 9.99938607e-01 6.08380735e-02 4.92452711e-01
    7.14976907e-01 9.42027152e-01 1.19966060e-01 9.72433448e-01
    4.02857572e-01 9.15084898e-01 1.08085245e-01 4.68081951e-01
    5.89759350e-01 9.39215064e-01 3.32018852e-01 1.70356482e-01
    4.33795691e-01 8.56143773e-01 2.99094439e-01 2.56372988e-02
    3.17995250e-01 5.27481258e-01 9.10446167e-01 2.82930553e-01
    6.88271880e-01 7.69946992e-01 3.31673592e-01 2.67919689e-01
    9.28286135e-01 4.96192425e-01 9.08074439e-01 4.98549223e-01
    7.35262811e-01 4.34457302e-01 8.78965378e-01 6.34312332e-01
    1.65905952e-01 1.97931349e-01 5.63625693e-02 6.80174768e-01
    9.77372766e-01 7.94256926e-02 8.87554169e-01 5.12354076e-01
    3.39787006e-02 9.05950189e-01 1.09181911e-01 6.57803774e-01
    6.11832798e-01 4.93288934e-01 3.87220085e-01 8.44251037e-01
    7.44578183e-01 5.03854632e-01 6.53829217e-01 7.78912187e-01
    1.43953800e-01 9.35009420e-01 3.85839701e-01 8.68720293e-01
    4.09248233e-01 3.09791535e-01 4.25896108e-01 1.00474536e-01
    8.19469392e-01 6.52509034e-02 5.37803292e-01 5.38914680e-01
    3.80439281e-01 6.35012269e-01 8.18394840e-01 6.99370086e-01
    4.39869463e-02 3.80612671e-01 6.81516886e-01 3.67859006e-02
    6.75075650e-02 4.56141829e-02 2.93948293e-01 7.27668405e-03
    3.51105213e-01 5.16842484e-01 6.32915199e-02 2.41763443e-01
    2.45970219e-01 7.92158842e-01 3.19016278e-02 6.13812804e-01
    8.63732338e-01 8.44349682e-01 2.31134683e-01 2.12368965e-02
    4.44726855e-01 3.73719990e-01 9.72604156e-01 5.17672896e-01
    1.76559359e-01 7.86730647e-01 2.74824977e-01 2.30542213e-01
    5.76419771e-01 9.57700133e-01 4.90796268e-01 4.87916648e-01
    6.82125449e-01 9.12328482e-01 6.14022851e-01 1.29323304e-01
    7.26027071e-01 8.06701064e-01 3.25405836e-01 5.21135807e-01
    9.93132591e-01 6.90310001e-02 1.43600971e-01 3.27005982e-03
    5.64882278e-01 7.69189596e-01 9.25330520e-01 4.18116599e-01
    8.21346641e-01 7.54252255e-01 8.19305480e-01 2.39147514e-01
    3.31050456e-02 5.84540725e-01 3.79092216e-01 1.72418296e-01
    8.39741349e-01 8.88609171e-01 3.38064075e-01 2.84863085e-01
    7.74131298e-01 5.70850432e-01 9.84646797e-01 8.82105589e-01
    2.05200076e-01 4.76653963e-01 4.14097726e-01 7.09590793e-01
    6.83223188e-01 5.13553023e-01 1.35181189e-01 9.95733619e-01
    3.24230164e-01 6.38869107e-02 8.66183460e-01 9.03879166e-01
    1.85131580e-01 9.04662311e-02 8.34437132e-01 7.20419824e-01
    9.67764497e-01 4.24854755e-02 9.84585643e-01 1.80974364e-01
    8.92451882e-01 7.67810464e-01 2.52793014e-01 5.68162501e-01
    1.51763409e-01 9.49336410e-01 9.13895667e-01 1.82803601e-01
    1.19802982e-01 8.17293227e-01 4.19020027e-01 1.20630741e-01
    8.11737895e-01 5.94004750e-01 1.85787588e-01 5.35889089e-01
    5.18817067e-01 6.84480071e-01 3.89442056e-01 5.24133146e-01
    4.83955085e-01 8.99985135e-01 2.28934497e-01 1.09936923e-01
    3.23215842e-01 3.76091152e-01 5.56054533e-01 7.45281756e-01
    2.87852466e-01 3.31835926e-01 3.65197062e-01 9.41469550e-01
    5.30507565e-01 2.86457330e-01 1.04351133e-01 4.78611648e-01
    3.53654802e-01 2.17769682e-01 9.14830744e-01 8.98764253e-01
    9.54907894e-01 5.22350669e-02 7.82342076e-01 8.88825357e-01
    3.48954439e-01 7.34866440e-01 3.52974176e-01 9.34350789e-02
    5.28329670e-01 6.50204122e-01 4.79840338e-02 2.67724633e-01
    6.09533727e-01 4.08090591e-01 3.76961172e-01 7.72629142e-01
    4.02010262e-01 1.33861423e-01 6.91620886e-01 2.30252892e-01
    4.39866751e-01 5.39029479e-01 5.99263728e-01 5.98037302e-01
    9.95225787e-01 9.33824301e-01 4.48523223e-01 4.99586761e-02
    1.27153546e-01 4.66718376e-01 9.08771753e-02 7.66361833e-01
    6.23829007e-01 9.21852589e-01 2.88459063e-01 5.91447771e-01
    5.80727577e-01 6.63840175e-02 7.63226211e-01 7.83721328e-01
    4.59362835e-01 7.59492874e-01 5.17256677e-01 9.43755150e-01
    8.17177057e-01 4.21290696e-01 5.76666296e-02 3.36005449e-01
    4.86782938e-01 6.91221535e-01 9.20705914e-01 5.94357491e-01
    1.63403600e-01 2.35776246e-01 8.92215967e-03 2.26487935e-01
    5.04131913e-02 4.78421330e-01 8.79722238e-01 4.03415322e-01
    1.23098463e-01 4.39574987e-01 4.69376236e-01 7.43386745e-02
    2.42936879e-01 2.19713062e-01 5.99986970e-01 2.72067189e-02
    3.82981360e-01 9.70457017e-01 1.93357468e-02 3.41680110e-01
    2.57793009e-01 7.14177549e-01 1.75120741e-01 5.39555430e-01
    7.81458139e-01 4.73927557e-01 8.79135847e-01 1.57904804e-01
    6.25596762e-01 7.24529624e-02 1.28091633e-01 7.50398755e-01
    6.88611627e-01 3.27968061e-01 6.56880498e-01 8.18747401e-01
    6.98962927e-01 4.98169363e-02 7.18817174e-01 9.66632366e-01
    3.95501256e-02 2.12669879e-01 2.21830368e-01 8.75116885e-01
    1.39248610e-01 9.22717750e-02 6.33922815e-01 1.80779308e-01
    9.61660564e-01 5.26616335e-01 2.81550288e-02 3.13167989e-01
    4.39693123e-01 1.94085449e-01 4.09454823e-01 7.62883067e-01
    6.22994304e-01 7.96986341e-01 5.62022328e-02 3.86762202e-01
    1.97251499e-01 4.23400789e-01 4.37238514e-02 4.26274389e-01
    7.53910065e-01 4.79173124e-01 9.68750477e-01 6.91898167e-01
    6.86850011e-01 3.38082552e-01 6.20720088e-02 7.37030625e-01
    9.65144634e-01 2.29597241e-01 1.41328037e-01 5.08005202e-01
    9.71537828e-03 7.37158239e-01 6.76551700e-01 3.63360107e-01
    1.88883722e-01 7.24898160e-01 1.66500896e-01 4.51247960e-01
    4.98320580e-01 1.47845060e-01 9.73750830e-01 8.13157678e-01
    3.41301233e-01 6.60427809e-02 6.30561233e-01 4.27634984e-01
    1.88891590e-01 5.92213333e-01 1.75934762e-01 5.09401262e-01
    6.57435536e-01 6.88792050e-01 7.70338893e-01 7.28506863e-01
    1.18427873e-01 9.77434814e-01 9.89299715e-01 3.38735402e-01
    9.74873781e-01 4.21587944e-01 3.51000547e-01 6.12150550e-01
    4.51064199e-01 8.97474766e-01 5.44131100e-01 4.03325379e-01
    3.42137128e-01 2.91978538e-01 2.69544184e-01 1.77442223e-01
    7.37096190e-01 1.12044513e-01 4.29084837e-01 7.34105408e-01
    6.74687982e-01 6.39990568e-01 9.29110289e-01 9.74052072e-01
    2.71094441e-01 2.81618178e-01 2.43574381e-01 1.40775442e-02
    2.07921475e-01 5.23311198e-02 4.97338533e-01 3.72999996e-01
    1.98561549e-01 3.37242067e-01 8.06778789e-01 9.20125544e-01
    2.90999532e-01 9.78358030e-01 3.07962835e-01 2.11808234e-01
    9.55313444e-01 5.10891736e-01 9.34819221e-01 5.72985291e-01
    7.56952167e-01 8.85707736e-01 2.58401155e-01 4.96638179e-01
    2.75042832e-01 1.56697601e-01 7.79606700e-01 2.04509556e-01
    5.47548831e-02 6.48132086e-01 6.76023901e-01 1.87292993e-01
    2.18633920e-01 5.38320184e-01 9.15915906e-01 7.73178697e-01
    1.71535730e-01 2.37987667e-01 9.55083609e-01 1.35590196e-01
    4.89171267e-01 5.09722948e-01 2.27962255e-01 9.84988630e-01
    8.10351253e-01 4.24135447e-01 6.46017313e-01 5.84056497e-01
    2.50337601e-01 6.11296594e-02 1.99792325e-01 2.53053635e-01
    9.73555803e-01 9.95329022e-01 9.32450354e-01 5.46230674e-02
    2.29220212e-01 8.52805018e-01 9.31157827e-01 7.58812606e-01
    6.97227776e-01 2.97305703e-01 3.09068203e-01 5.98792791e-01
    8.98123920e-01 8.39600742e-01 1.92066550e-01 7.71759927e-01
    9.33261216e-02 5.56153297e-01 1.77803338e-01 4.63492036e-01
    4.08312857e-01 1.90867305e-01 9.36625361e-01 4.96507347e-01
    3.47643793e-01 5.85795522e-01 3.27090442e-01 9.71066713e-01
    2.59423018e-01 9.44246888e-01 3.98970515e-01 6.20131493e-02
    3.47404003e-01 9.90450263e-01 2.14159220e-01 5.05469441e-01
    4.05965775e-01 2.57198989e-01 3.89021665e-01 1.75924093e-01
    1.71434969e-01 9.00259733e-01 3.68076682e-01 3.90128911e-01
    8.55196774e-01 8.54137897e-01 6.29841924e-01 8.24591041e-01
    3.76429856e-01 6.32172108e-01 8.03933978e-01 2.64319181e-02
    3.27858448e-01 9.38476026e-02 5.11723936e-01 3.69954646e-01
    9.03805792e-02 1.45429075e-01 1.61805063e-01 9.49076533e-01
    5.47009706e-01 6.89958513e-01 3.52342695e-01 9.82773304e-01
    1.34874880e-02 1.24101996e-01 1.96246594e-01 6.43152714e-01
    4.10966873e-02 5.04375219e-01 6.45609617e-01 1.65696830e-01
    6.38276696e-01 6.83208108e-01 1.59728646e-01 5.35900474e-01
    2.71288276e-01 3.73584241e-01 5.18042564e-01 1.17877096e-01
    2.63511002e-01 8.59232783e-01 7.11572766e-01 4.79887962e-01
    7.55546808e-01 7.93148994e-01 1.58361197e-01 8.93783271e-02
    1.29626513e-01 6.92216873e-01 5.45681715e-01 1.31334931e-01
    5.95901608e-01 5.20415306e-01 2.67171592e-01 2.69300163e-01
    4.27704424e-01 7.52597988e-01 5.89713991e-01 7.60124385e-01
    6.85834050e-01 3.13376486e-01 7.78284669e-02 4.76883024e-01
    7.87305832e-02 5.90842903e-01 8.65186095e-01 8.13012600e-01
    6.85331941e-01 2.36932367e-01 2.44669020e-01 4.46592420e-01
    6.21152103e-01 6.44091368e-02 5.44357002e-01 9.27460670e-01
    5.63286543e-01 2.28265524e-02 9.36358035e-01 6.71196818e-01
    4.51818824e-01 4.55246925e-01 6.92376196e-01 9.91853178e-02
    5.35879076e-01 8.93761635e-01 1.63187414e-01 3.10151696e-01
    2.80396938e-01 4.68026340e-01 8.94837022e-01 9.27940130e-01
    3.93902838e-01 2.08385527e-01 7.85724759e-01 4.55072373e-01
    9.64924872e-01 6.41655326e-01 5.75000644e-01 8.53839874e-01
    6.69082165e-01 4.77412969e-01 7.45107889e-01 9.93200541e-02
    2.61626244e-02 9.04779553e-01 4.43562835e-01 6.30655468e-01
    9.83961225e-01 3.51840079e-01 6.72106266e-01 5.82297742e-02
    3.73569429e-01 5.98569512e-01 9.46608245e-01 9.75331306e-01
    2.04149544e-01 8.32355857e-01 4.14026052e-01 1.89753681e-01
    5.70426285e-02 3.27429891e-01 4.50816125e-01 8.18297625e-01
    6.15150869e-01 6.28346086e-01 5.73472261e-01 4.82513994e-01
    8.71769190e-01 4.17518914e-01 5.18268466e-01 4.62839723e-01
    9.50385869e-01 9.76832807e-02 9.59231377e-01 8.54070127e-01
    8.72772336e-01 2.43284613e-01 5.82573950e-01 8.47030997e-01
    6.50258005e-01 8.29865754e-01 8.04699838e-01 9.06966925e-02
    4.66066241e-01 4.94114220e-01 6.44127011e-01 8.66424680e-01
    1.60452574e-01 9.39787626e-01 4.49563265e-02 1.74391180e-01
    4.19797271e-01 6.59632683e-01 8.17499936e-01 9.40020561e-01
    2.98041880e-01 5.31748891e-01 8.90531301e-01 1.98691517e-01
    7.55083263e-02 4.00925219e-01 2.10464746e-01 9.98572707e-01
    1.31278515e-01 4.95948434e-01 5.04375696e-01 1.54368341e-01
    9.41709518e-01 3.59343469e-01 6.28568888e-01 7.25367904e-01
    1.19023502e-01 1.98633760e-01 5.80516338e-01 2.33363181e-01
    4.01564866e-01 2.32070118e-01 2.92220294e-01 5.68348587e-01
    8.47971916e-01 3.25788021e-01 8.24009180e-02 5.54446101e-01
    2.66435951e-01 4.82939154e-01 3.76860917e-01 4.36894923e-01
    7.19769299e-02 8.40382576e-01 7.85395801e-02 4.33990717e-01
    4.76982564e-01 7.72986770e-01 8.84533882e-01 2.11620390e-01
    3.99352968e-01 8.06010127e-01 2.88667530e-01 6.60514832e-01
    7.03424931e-01 6.32422447e-01 7.59724498e-01 1.78798556e-01
    5.85904360e-01 1.34744048e-02 9.35719371e-01 3.31985235e-01
    3.35401207e-01 6.27834976e-01 5.16239762e-01 3.93466711e-01
    4.18729365e-01 8.98624420e-01 5.58289468e-01 7.83584535e-01
    8.58492136e-01 3.60131145e-01 5.86933911e-01 6.76887810e-01
    9.75561023e-01 2.06793964e-01 7.71011591e-01 8.23605001e-01
    6.58917904e-01 2.63435721e-01 4.15886879e-01 5.57602942e-01
    1.28252417e-01 8.03478122e-01 2.23727256e-01 7.76238620e-01
    3.73832971e-01 2.02659786e-01 4.28183645e-01 2.50874698e-01
    8.67015481e-01 5.81952572e-01 3.24854374e-01 1.28267884e-01
    5.58721423e-01 1.86148375e-01 7.70009756e-01 5.12219608e-01
    9.25506890e-01 5.90428710e-01 7.16016233e-01 2.22671062e-01
    8.28596950e-01 2.60420978e-01 8.48380685e-01 4.34486151e-01
    5.27301133e-01 2.80683964e-01 8.97179842e-01 1.07738853e-01
    9.19752955e-01 9.56951737e-01 9.33406115e-01 3.64376128e-01
    5.65787137e-01 4.04027969e-01 8.25647116e-01 1.22685730e-02
    1.47348076e-01 9.11644399e-01 9.69849885e-01 1.26979619e-01
    5.12347281e-01 2.49163568e-01 7.05929577e-01 9.95228648e-01
    5.27807891e-01 8.23312700e-02 5.76027095e-01 5.92460334e-01
    4.44629788e-01 1.86814636e-01 2.42913961e-02 7.39882350e-01
    9.82458353e-01 8.96575332e-01 5.22136152e-01 6.96507096e-03
    1.24570400e-01 2.24954486e-02 1.24570370e-01 8.23572457e-01
    9.31925178e-01 7.89140344e-01 9.11014438e-01 8.69302571e-01
    1.50316954e-02 9.90474522e-01 5.17662823e-01 1.34666234e-01
    9.08130050e-01 1.64072305e-01 8.50480795e-02 2.72315025e-01
    7.84520030e-01 4.39629465e-01 8.76616895e-01 2.99322605e-03
    1.51968300e-01 2.10242510e-01 7.68460333e-02 5.00562608e-01
    5.64043164e-01 4.06139970e-01 4.24705058e-01 1.86074376e-01
    9.35658336e-01 4.33892608e-02 3.26988190e-01 7.10384965e-01
    9.92820024e-01 6.61360443e-01 8.51741552e-01 4.01376456e-01
    4.25637186e-01 9.58709955e-01 8.20352912e-01 2.96656162e-01
    7.89284706e-01 4.43110466e-01 7.15779364e-01 5.82203150e-01
    9.87009048e-01 6.43361926e-01 3.28642130e-01 2.00854719e-01
    5.22557497e-01 2.61481464e-01 6.95568919e-01 7.22557485e-01
    7.55911291e-01 4.99570519e-01 2.05950975e-01 2.19083786e-01
    7.47903764e-01 7.99384117e-01 9.75979209e-01 7.08394885e-01
    8.29142034e-01 6.23941600e-01 6.19000018e-01 8.90125334e-02
    2.65565246e-01 1.89223289e-02 7.82893181e-01 2.83383131e-02
    8.86389375e-01 6.73894584e-02 1.19117647e-01 4.40645248e-01
    8.25017571e-01 8.11838090e-01 3.47591460e-01 3.73953581e-01
    9.96003389e-01 9.39296603e-01 8.88322294e-02 8.74635458e-01
    9.56223726e-01 8.47899437e-01 6.79518700e-01 4.15639251e-01
    5.00236869e-01 1.88349932e-01 3.09556425e-01 4.12766993e-01
    3.66997063e-01 4.99823391e-02 8.32460284e-01 5.56959808e-01
    9.06244397e-01 7.16586113e-02 6.60372674e-01 6.77923381e-01
    9.98694897e-01 1.10857129e-01 8.70349824e-01 4.45045650e-01
    2.08785176e-01 2.07645923e-01 4.11302090e-01 8.23024988e-01
    5.65351188e-01 1.07659698e-01 4.75082248e-01 3.14338923e-01
    9.50179577e-01 5.34571707e-02 7.26541758e-01 5.29470026e-01
    8.64974618e-01 2.57756591e-01 7.84244776e-01 5.61819017e-01
    6.16602302e-02 3.15853000e-01 1.53401196e-01 6.05239511e-01
    7.20576584e-01 6.12790048e-01 8.80609155e-01 3.53192568e-01
    6.45408034e-03 7.58843303e-01 1.94617361e-01 3.43654811e-01
    9.13406253e-01 7.56020188e-01 8.46933484e-01 7.31770694e-02
    5.82301080e-01 9.93790030e-01 2.16463357e-01 4.77380872e-01
    2.13183761e-01 8.89429092e-01 9.70766544e-01 9.89925385e-01
    4.74552929e-01 7.10332751e-01 8.70572209e-01 8.70779037e-01
    9.13238466e-01 9.22084212e-01 2.71467805e-01 5.00609338e-01
    5.45293152e-01 9.60837126e-01 7.95528531e-01 7.59704947e-01
    7.01248586e-01 5.36173880e-02 9.26834822e-01 1.86088085e-02
    9.02887881e-01 2.61331379e-01 2.31015682e-01 9.60477293e-01
    6.95580602e-01 9.87517715e-01 8.16758513e-01 8.45560431e-01
    4.19196218e-01 1.59170270e-01 2.62318760e-01 9.38009620e-01
    9.36183095e-01 3.22614521e-01 6.37906432e-01 1.38618797e-01
    1.50025636e-01 4.88880843e-01 3.70015889e-01 6.66700065e-01
    5.98902464e-01 5.63514769e-01 6.36226416e-01 3.79983306e-01
    4.90820408e-01 2.07038194e-01 8.61631334e-01 2.29432583e-01
    6.68169022e-01 6.57352567e-01 3.59003603e-01 6.91002786e-01
    1.47803694e-01 7.46042848e-01 8.30986977e-01 9.92953658e-01
    3.03656429e-01 6.48028851e-01 5.78390598e-01 9.02603626e-01
    3.11859787e-01 2.16589332e-01 3.10894102e-01 7.37895608e-01
    1.21932596e-01 6.09452486e-01 5.36211014e-01 1.48551255e-01
    1.79891020e-01 1.61631554e-01 8.26393962e-02 9.11316395e-01
    2.79745519e-01 1.57339841e-01 5.46648443e-01 1.86494410e-01
    6.52892530e-01 8.13361168e-01 5.94440579e-01 8.26956034e-01
    8.47573400e-01 4.86775815e-01 1.42258942e-01 8.52425098e-01
    9.13600147e-01 1.89523935e-01 6.32670820e-01 9.11776125e-02
    8.89272332e-01 7.73193061e-01 4.26823020e-01 4.20736611e-01
    8.82802606e-01 5.13566732e-01 9.73695397e-01 1.63169205e-02
    1.95587963e-01 8.96096170e-01 1.40972346e-01 5.42737961e-01
    8.87389541e-01 4.30975258e-02 4.38239753e-01 1.24058157e-01
    3.71548921e-01 7.53806233e-02 1.56780779e-02 1.31055802e-01
    6.69690490e-01 4.41128671e-01 1.33700818e-01 7.39670157e-01
    2.46138901e-01 6.33648276e-01 3.46705288e-01 9.95558798e-01
    8.15451324e-01 5.67611575e-01 4.48074102e-01 8.09719086e-01
    7.37472475e-02 5.28996170e-01 1.69483006e-01 7.04155028e-01
    4.36223626e-01 1.01821750e-01 1.37699485e-01 2.99967468e-01
    2.73437500e-01 1.33251876e-01 7.68533826e-01 8.99352312e-01
    2.58342654e-01 5.14542401e-01 4.13836956e-01 2.94243753e-01
    8.64632726e-01 8.88698936e-01 1.30184293e-02 3.23230624e-01
    2.12499499e-02 9.41218257e-01 8.34186494e-01 9.19773281e-02
    8.96353006e-01 6.33848667e-01 3.05997610e-01 3.37322414e-01
    5.29706180e-01 2.57491201e-01 9.38119590e-01 7.01670349e-02
    2.27593839e-01 3.85660797e-01 2.09068686e-01 8.21847558e-01
    2.09687501e-01 5.47141194e-01 3.69208872e-01 9.71593142e-01
    9.21042264e-02 7.85559595e-01 1.96664870e-01 4.56749767e-01
    3.70835662e-02 9.33838308e-01 3.10883462e-01 1.14806682e-01
    4.60548401e-01 9.87499654e-02 4.72623765e-01 6.49158895e-01
    5.98934293e-01 9.73283350e-02 4.34345007e-01 3.47966105e-01
    6.93636000e-01 4.19430137e-02 2.23635435e-02 8.52392673e-01
    6.52002454e-01 1.86114043e-01 8.44993472e-01 8.38151932e-01
    2.41235554e-01 6.58688068e-01 9.67574477e-01 5.27142644e-01
    8.98545027e-01 2.49952406e-01 6.43627703e-01 2.88102090e-01
    4.78742778e-01 6.27496004e-01 4.36953068e-01 7.63486028e-01
    2.70083606e-01 7.62442827e-01 5.30156553e-01 8.15124512e-01
    8.62334907e-01 6.22645915e-02 6.50729060e-01 8.90911818e-01
    4.53474343e-01 4.11051065e-01 2.41475612e-01 3.84009540e-01
    5.77886581e-01 2.96669006e-01 2.45474041e-01 3.22746694e-01
    1.83540374e-01 5.86554348e-01 3.33928913e-01 3.60466689e-01
    3.05527121e-01 1.77791834e-01 8.07011127e-03 5.97370386e-01
    3.03747326e-01 7.11252213e-01 9.56319153e-01 5.33648610e-01
    1.02839410e-01 5.66153526e-01 2.04414189e-01 9.81312096e-01
    8.65911603e-01 1.64443582e-01 6.48655295e-01 4.10197854e-01
    4.21232879e-01 9.11489487e-01 4.59156930e-02 1.64375603e-02
    2.67326593e-01 1.91438407e-01 1.34707838e-01 4.50333774e-01
    5.85395098e-01 4.08180833e-01 2.57755041e-01 8.75275552e-01
    4.80202109e-01 6.83481097e-02 1.39601916e-01 7.92195201e-02
    8.54509056e-01 9.90707695e-01 2.34223425e-01 2.36209631e-01
    6.24618053e-01 2.96484470e-01 7.98666954e-01 5.68592548e-01
    4.20143604e-01 9.01966333e-01 3.08525681e-01 3.94560039e-01
    7.63322473e-01 8.35236967e-01 4.37515140e-01 2.44496077e-01
    8.51898193e-01 9.46598053e-02 9.79350686e-01 3.09387535e-01
    8.33404779e-01 1.71099633e-01 3.29925835e-01 5.02566338e-01
    9.39950705e-01 2.18909323e-01 9.00968909e-01 5.98361850e-01
    6.51588321e-01 1.56511962e-01 8.27000380e-01 8.83263648e-01
    1.91170931e-01 8.77252102e-01 7.58724749e-01 2.20992386e-01
    2.06620902e-01 2.99303114e-01 5.65601707e-01 4.06605005e-01
    7.55637765e-01 4.77083027e-01 3.32883358e-01 3.45370591e-01
    5.82830906e-02 2.37210304e-01 5.20726264e-01 9.14709806e-01
    4.04386848e-01 4.46410894e-01 1.48015022e-01 3.01417023e-01
    7.90616274e-01 9.17063236e-01 8.32717538e-01 8.11876416e-01
    6.59238994e-01 9.80219543e-01 2.53691375e-01 7.97988296e-01
    3.56180489e-01 5.71261525e-01 8.84841740e-01 4.11129504e-01
    1.74136907e-01 9.77518857e-02 5.04636884e-01 5.96170068e-01
    1.53742403e-01 5.02340496e-01 9.30335641e-01 6.78837955e-01
    3.59669447e-01 6.47684693e-01 4.91419733e-02 7.90454865e-01
    6.75658226e-01 9.67346191e-01 4.89123613e-01 3.55452746e-01
    6.53723240e-01 4.85558540e-01 6.97435200e-01 9.41206813e-01
    1.09748542e-02 3.57679039e-01 4.21911955e-01 3.09133142e-01
    2.96587348e-02 7.41590559e-01 8.83737564e-01 6.07460916e-01
    9.29080844e-01 2.60925114e-01 1.26724154e-01 1.66714460e-01
    6.14487350e-01 8.98270190e-01 3.25992972e-01 7.34835267e-01
    7.15661049e-02 2.40861714e-01 9.98202324e-01 2.07045376e-01
    6.82477057e-02 2.08778560e-01 4.18672830e-01 1.99997246e-01
    1.69806659e-01 2.41475403e-01 7.06744552e-01 9.79007244e-01
    6.29084229e-01 1.16800547e-01 1.34298146e-01 2.21623272e-01
    1.04710162e-02 7.44620264e-01 9.27721143e-01 1.16345286e-03
    9.79339957e-01 9.84942794e-01 7.37079918e-01 4.51017737e-01
    3.75946790e-01 4.19915915e-02 8.45453024e-01 9.07338858e-02
    4.96944517e-01 8.90823960e-01 7.87532926e-01 2.16832370e-01
    3.50461483e-01 7.68114448e-01 4.21694577e-01 3.28434348e-01
    3.18844914e-01 6.43216610e-01 1.38264209e-01 3.03977400e-01
    8.69804502e-01 9.00805950e-01 7.66100287e-01 7.35606909e-01
    2.51918137e-02 8.05383623e-02 4.10688818e-02 4.80696708e-01
    4.60785836e-01 3.02048922e-02 2.99279451e-01 1.23635858e-01
    1.07025415e-01 3.09241951e-01 8.49640369e-01 5.12921810e-03
    8.43134224e-01 2.68345267e-01 6.56827450e-01 7.25620985e-01
    7.50325561e-01 7.60248423e-01 3.78058136e-01 9.45739388e-01
    5.14086425e-01 8.13581347e-01 5.67492664e-01 1.99136823e-01
    5.28106034e-01 7.09256887e-01 2.30240881e-01 9.88527119e-01
    8.86719823e-01 6.91486359e-01 5.40530920e-01 7.99713850e-01
    7.13934064e-01 1.44831240e-01 8.64705920e-01 1.31145388e-01
    1.58746809e-01 2.62584090e-02 6.52943373e-01 5.93804240e-01
    8.44429851e-01 6.62278235e-01 4.18626755e-01 2.41792649e-01
    1.59908503e-01 7.42365956e-01 1.62945628e-01 9.97393489e-01
    8.29270005e-01 4.55492198e-01 4.66972530e-01 5.89857042e-01
    6.55066967e-02 5.17512381e-01 6.17888629e-01 4.16820198e-01
    2.97565490e-01 1.07498169e-02 9.60209191e-01 2.80601084e-02
    4.55008060e-01 9.73597527e-01 9.98500824e-01 6.85674906e-01
    2.55574346e-01 8.72058809e-01 8.86023104e-01 1.74017251e-01
    4.76667285e-03 6.75186634e-01 7.58610845e-01 2.13345706e-01
    8.13319504e-01 4.24108177e-01 1.87259048e-01 8.42187524e-01
    1.92195326e-01 2.38937438e-01 1.38274133e-02 3.12884688e-01
    6.81194246e-01 7.43989170e-01 5.85502386e-02 8.70558321e-02
    8.61733556e-01 3.62592101e-01 1.89780474e-01 4.25394028e-01
    1.03304148e-01 3.64305079e-02 6.46718681e-01 2.58250386e-01
    2.20001757e-01 2.21933216e-01 3.08296084e-01 9.28504348e-01
    4.67362165e-01 3.58851254e-02 6.87524557e-01 8.17054749e-01
    2.08560109e-01 6.69470131e-02 7.00795054e-01 4.88156378e-02
    1.44201607e-01 7.95415163e-01 4.51119840e-01 3.20609510e-02
    9.18528557e-01 6.69859946e-01 6.29530191e-01 7.92383850e-01
    9.58508372e-01 1.22497678e-02 3.08900863e-01 8.06029677e-01
    7.78109193e-01 7.33795166e-01 1.10166281e-01 2.94537663e-01
    4.47677165e-01 8.61236930e-01 8.17125201e-01 4.14150298e-01
    3.37151229e-01 4.81502444e-01 9.32400167e-01 5.88450432e-01
    3.49144608e-01 7.30728030e-01 3.75941902e-01 7.66026258e-01
    9.39524591e-01 3.18876326e-01 4.21458393e-01 1.20847642e-01
    5.16131401e-01 3.05101126e-01 1.20676368e-01 6.97780132e-01
    7.17572331e-01 8.49779844e-01 9.14507031e-01 4.22770679e-02
    3.07628810e-02 9.38183427e-01 3.95945668e-01 4.43889499e-01
    3.81181210e-01 8.48611236e-01 8.64975095e-01 2.41905957e-01
    1.07416272e-01 6.69537067e-01 5.35928369e-01 5.18308640e-01
    5.54926753e-01 4.38152552e-02 4.08114791e-01 3.27043355e-01
    6.15470290e-01 9.45934951e-02 1.67758673e-01 9.50104952e-01
    9.29305553e-02 2.55141616e-01 2.62586594e-01 2.82600075e-01
    2.16299891e-01 3.67046654e-01 3.83607626e-01 6.44458473e-01
    2.32900351e-01 9.30803895e-01 2.74661481e-02 6.78276241e-01
    6.61263943e-01 5.52483857e-01 1.21850371e-01 9.20505881e-01
    3.52507204e-01 4.43963885e-01 1.96638525e-01 9.56648588e-01
    6.27421439e-02 6.99865520e-02 9.04100657e-01 2.92431712e-02
    8.04069400e-01 4.23535734e-01 3.61890733e-01 4.71764266e-01
    2.29407221e-01 5.66619337e-02 5.49570203e-01 2.56340563e-01
    8.55333209e-01 9.78696704e-01 2.95721948e-01 7.40331411e-01
    1.83337688e-01 7.13715553e-02 8.87516856e-01 4.72216606e-01
    8.70848894e-02 1.83609188e-01 6.09635293e-01 6.39728844e-01
    3.02849591e-01 1.77584946e-01 8.10898483e-01 7.16672838e-01
    5.97194076e-01 1.81725353e-01 6.98751807e-01 5.08815229e-01
    3.81285638e-01 1.39430612e-01 6.75159335e-01 4.55839485e-01
    1.09663039e-01 7.99765706e-01 6.15575790e-01 6.05818033e-01
    2.66468078e-01 9.62217212e-01 8.97633910e-01 4.17609721e-01
    5.25250018e-01 3.17493796e-01 9.73285198e-01 4.13792521e-01
    1.49592280e-01 8.48646462e-01 4.91077483e-01 9.45121527e-01
    8.88034940e-01 2.27324218e-01 7.71313310e-02 4.36035216e-01
    6.63741887e-01 8.46755087e-01 4.74063396e-01 5.65280497e-01
    2.61189699e-01 8.93053353e-01 9.70396996e-01 3.29845726e-01
    6.76945329e-01 5.74869990e-01 8.03529024e-01 8.34241152e-01
    9.20027673e-01 8.08837891e-01 1.19282216e-01 7.68672824e-01
    6.94930911e-01 2.75458753e-01 8.34947109e-01 8.61474812e-01
    4.76939380e-01 2.51301527e-01 8.02813530e-01 2.40174651e-01
    1.97702348e-02 6.33854270e-02 4.30648327e-02 7.37016499e-01
    7.82482743e-01 9.91438210e-01 5.98863959e-01 8.06483150e-01
    5.03427565e-01 5.65047026e-01 8.75254095e-01 3.54125798e-02
    4.94183928e-01 1.32297754e-01 1.71550870e-01 9.92700458e-01
    4.48624253e-01 4.32740360e-01 3.68903756e-01 7.36231923e-01
    6.01739585e-01 4.40291047e-01 3.84369791e-01 4.45842981e-01
    9.80104983e-01 9.37365294e-01 6.59155011e-01 5.30674458e-01
    3.66495043e-01 1.49874985e-02 9.03810978e-01 8.56700778e-01
    1.95986927e-01 7.21761107e-01 4.78418320e-01 3.61135483e-01
    7.86676526e-01 8.43821049e-01 4.78406876e-01 6.67468190e-01
    9.26327705e-01 6.61046863e-01 8.91934395e-01 4.32173431e-01
    9.76030886e-01 5.08331239e-01 5.83702981e-01 9.97729301e-01
    7.32864559e-01 1.05536580e-02 2.10886776e-01 1.49043441e-01
    3.72246087e-01 5.90142608e-02 5.11592865e-01 3.97945821e-01
    7.28370070e-01 7.19901085e-01 6.85008109e-01 4.52613950e-01
    2.77294099e-01 3.67561579e-01 4.41491872e-01 8.64512742e-01
    7.50765860e-01 7.26146698e-02 6.38350010e-01 2.96463549e-01
    5.40538430e-02 8.65270495e-01 1.19101107e-01 5.65887392e-01
    1.80152625e-01 3.34808856e-01 8.13397169e-01 2.62680203e-01
    6.25648201e-01 8.90763223e-01 8.74032676e-02 7.46780872e-01
    5.24922729e-01 9.43639994e-01 6.01434112e-02 3.92670095e-01
    9.81299877e-02 4.31099534e-03 2.69290447e-01 5.73603451e-01
    2.05713987e-01 2.08541304e-01 5.19246459e-02 4.53855693e-02
    4.08960581e-01 5.69822967e-01 1.73865378e-01 6.80892646e-01
    5.18742740e-01 7.57536054e-01 3.13462079e-01 2.23565847e-01
    6.67017698e-01 1.27452254e-01 9.67661858e-01 3.39995682e-01
    8.32110226e-01 9.24098372e-01 3.49325657e-01 6.11873865e-01
    2.18601048e-01 8.50146651e-01 9.50013280e-01 5.42536139e-01
    1.28765374e-01 6.95470870e-02 6.47250652e-01 8.94813299e-01
    6.77427351e-01 8.37200820e-01 5.03879726e-01 6.49555743e-01
    9.09227610e-01 3.16014588e-02 6.97210550e-01 5.33419847e-03
    1.16615027e-01 7.66127944e-01 1.46138966e-02 2.11897790e-01
    8.77002835e-01 9.32129741e-01 7.12044954e-01 8.63136351e-01
    4.72664654e-01 9.14961457e-01 4.73402679e-01 1.73301607e-01
    8.58082116e-01 6.43177509e-01 6.89227223e-01 2.14203566e-01
    8.55422258e-01 8.54312599e-01 6.65715635e-01 3.22084218e-01
    6.76507831e-01 8.76350224e-01 8.09469700e-01 4.79592741e-01
    5.53262234e-01 3.56364727e-01 3.47786158e-01 1.28907144e-01
    8.36552978e-02 6.95900619e-01 7.12679803e-01 4.78875697e-01
    7.44048953e-01 9.03440416e-02 8.17198932e-01 3.16003203e-01
    9.41423178e-01 2.37144798e-01 8.36641133e-01 2.17711836e-01
    3.85399163e-01 7.61446059e-01 2.13336915e-01 9.90172744e-01
    1.47920370e-01 9.65136766e-01 3.33190084e-01 2.60868073e-02
    9.37123656e-01 8.57320786e-01 9.98181224e-01 6.65047169e-02
    2.06036836e-01 2.93057263e-01 7.16869950e-01 6.51444674e-01
    6.33643389e-01 3.74228776e-01 7.42073715e-01 2.14883953e-01
    4.38488364e-01 3.52448523e-01 8.78346741e-01 4.23252225e-01
    9.41823959e-01 6.58894122e-01 9.17471707e-01 6.91895664e-01
    8.49659145e-02 6.12790346e-01 1.84145570e-02 8.34797800e-01
    5.96143007e-02 6.29614353e-01 1.84227377e-01 6.56502366e-01
    7.54326582e-01 6.01871371e-01 6.10925615e-01 3.49714220e-01
    1.11180753e-01 1.89562470e-01 7.48796940e-01 5.58472991e-01
    7.97998607e-01 3.09701800e-01 9.72364068e-01 2.80479431e-01
    1.58851743e-01 4.72621620e-01 7.04816937e-01 9.87651825e-01
    6.58333421e-01 3.81940693e-01 1.90454006e-01 9.56315279e-01
    1.11320794e-01 1.30649954e-01 6.37189865e-01 8.18933845e-01
    3.16682458e-03 9.71615195e-01 2.85076201e-01 5.18356442e-01
    7.69055009e-01 5.76888263e-01 3.51443529e-01 4.45377648e-01
    5.03196478e-01 6.42763674e-01 7.09000945e-01 1.23030335e-01
    2.55903900e-02 6.44880176e-01 2.46390104e-02 9.44361746e-01
    1.57991379e-01 2.13929594e-01 3.45845729e-01 5.44222593e-01
    9.74452198e-02 6.62083685e-01 1.79210484e-01 5.98960996e-01
    2.07246095e-01 8.24598670e-01 2.36775786e-01 2.22964495e-01
    4.75199431e-01 2.79416680e-01 7.87344098e-01 5.13567507e-01
    7.97832131e-01 4.28933620e-01 5.28154194e-01 4.79428679e-01
    6.87898636e-01 3.95627439e-01 9.36109602e-01 8.61791849e-01
    8.53723764e-01 7.62792706e-01 1.69205517e-01 3.26414883e-01
    3.96773756e-01 3.10966671e-01 9.47042942e-01 6.59149408e-01
    7.18766332e-01 4.69806790e-02 3.96476001e-01 3.74319673e-01
    7.14649916e-01 7.68787265e-01 2.80795753e-01 9.39761817e-01
    9.82994616e-01 2.43853062e-01 6.57343864e-02 1.24473363e-01
    3.71608615e-01 7.80279577e-01 2.03419864e-01 7.96325743e-01
    2.58457780e-01 5.12213945e-01 4.22449648e-01 4.67449397e-01
    5.80576837e-01 3.27886462e-01 4.89402413e-01 7.57508636e-01
    1.69403672e-01 6.35414779e-01 2.70134330e-01 3.22464705e-01
    9.10825849e-01 9.31409359e-01 4.90043610e-01 3.77137721e-01
    8.36054564e-01 8.86976421e-01 5.73190987e-01 4.52181101e-02
    6.01399839e-01 1.19067997e-01 8.55629325e-01 5.78984737e-01
    6.56850517e-01 9.40823734e-01 1.31312609e-01 1.31222337e-01
    8.61976027e-01 6.02525711e-01 8.29114079e-01 4.23496425e-01
    5.44943750e-01 1.53870463e-01 9.78361189e-01 6.01545393e-01
    6.44329667e-01 6.11500978e-01 6.40752792e-01 4.24512148e-01
    1.92191273e-01 8.89567733e-02 8.53174329e-01 1.35205597e-01
    5.37502766e-02 1.10377312e-01 6.12244189e-01 2.05797344e-01
    6.42688215e-01 1.95650905e-01 5.79999328e-01 9.92190123e-01
    7.29184449e-01 8.36274505e-01 4.98346686e-01 5.76507330e-01
    1.61737382e-01 8.85268450e-02 9.09587264e-01 6.86674058e-01
    8.62249494e-01 9.97988462e-01 7.32255876e-02 1.60096407e-01
    3.64871144e-01 9.62491989e-01 9.43821788e-01 4.71636146e-01
    4.45709854e-01 8.27057183e-01 9.46200669e-01 1.36042356e-01
    9.94863093e-01 8.99113536e-01 3.28725636e-01 2.21620023e-01
    7.06048608e-02 4.35534179e-01 3.82251501e-01 8.69571090e-01
    5.09079695e-01 2.28061169e-01 4.29896444e-01 2.78554261e-02
    2.70956755e-01 5.47349274e-01 7.28046834e-01 1.31327987e-01
    1.40080929e-01 1.97963893e-01 4.97511894e-01 3.39488149e-01
    7.71372616e-02 7.88488150e-01 3.60606045e-01 5.25600731e-01
    9.87472653e-01 3.72769535e-02 2.89330363e-01 3.44186068e-01
    5.75203836e-01 1.35233194e-01 9.69051480e-01 6.43657327e-01
    3.16970348e-01 5.91011107e-01 5.07409871e-02 5.65699935e-01
    1.55985177e-01 7.92469382e-02 7.68012822e-01 2.92382538e-01
    7.65951395e-01 3.55189800e-01 9.53809023e-02 5.68322778e-01
    1.11700118e-01 3.01099956e-01 7.39911318e-01 3.40628624e-01
    7.46027708e-01 3.34594250e-02 3.02245826e-01 5.35068035e-01
    6.00794554e-01 3.48017126e-01 9.25359368e-01 8.53173375e-01
    8.33186209e-01 5.49978197e-01 2.30072081e-01 6.79376721e-01
    6.29819214e-01 4.24135923e-02 5.59424818e-01 2.39845812e-01
    5.35841942e-01 7.15710044e-01 6.14031136e-01 2.95183718e-01
    3.95404607e-01 3.38363111e-01 3.14590216e-01 6.29957497e-01
    5.87105036e-01 9.65818405e-01 2.77951896e-01 4.61242795e-01
    5.21031916e-01 9.51580703e-02 7.54481018e-01 4.84201461e-01
    8.69694591e-01 2.18801767e-01 6.95900321e-01 1.23187602e-01
    5.30569255e-01 4.61935073e-01 4.83030498e-01 2.34365672e-01
    8.33519220e-01 5.88729560e-01 8.77495170e-01 8.74624908e-01
    9.52818930e-01 6.48279786e-02 9.97388959e-01 4.35628504e-01
    5.32599092e-02 3.85260880e-01 8.24674129e-01 1.51167721e-01
    4.84637827e-01 3.66005570e-01 3.05252135e-01 1.29528910e-01
    3.87187928e-01 7.26930737e-01 4.17604417e-01 7.48169005e-01
    4.46362793e-02 5.63890100e-01 9.00484264e-01 5.97685874e-01
    8.92300844e-01 8.31766903e-01 3.44585776e-01 9.64743853e-01
    4.08821821e-01 7.63098538e-01 8.98033381e-01 6.17113411e-01
    7.15667009e-02 2.68975914e-01 1.18264407e-01 2.01987118e-01
    5.00062406e-01 7.55571485e-01 4.71914589e-01 4.64567155e-01
    7.45627940e-01 8.62816453e-01 8.50971758e-01 8.38491559e-01
    7.71026134e-01 7.62939930e-01 8.52304161e-01 3.61638963e-02
    4.72629696e-01 1.94879413e-01 4.51366216e-01 6.22678638e-01
    6.61523521e-01 6.37836456e-01 6.24949157e-01 8.57655168e-01
    3.18655372e-02 5.40539086e-01 7.49505699e-01 7.12560475e-01
    2.51010001e-01 1.74435288e-01 9.98699963e-01 4.00500000e-01
    2.67244041e-01 3.89397711e-01 2.63495207e-01 9.93743062e-01
    8.55831981e-01 4.96036738e-01 1.54208302e-01 9.62875009e-01
    9.02270555e-01 6.07229829e-01 2.84758806e-01 9.70053196e-01
    2.76639402e-01 6.30624831e-01 9.38546658e-03 6.05507076e-01
    7.73448110e-01 1.34486735e-01 4.92478162e-01 3.30015570e-01
    4.32075202e-01 8.02103400e-01 3.01164448e-01 8.33455920e-01
    5.20009458e-01 3.09048176e-01 8.90693307e-01 5.21462202e-01
    4.26096261e-01 4.61051524e-01 7.05341697e-01 5.29164135e-01
    7.51646757e-02 4.26835090e-01 5.80356359e-01 5.78761160e-01
    6.23685539e-01 8.92258286e-02 8.11008453e-01 7.97266245e-01
    7.17563093e-01 2.37288475e-02 1.78526521e-01 1.36909693e-01
    6.21218383e-02 4.48185295e-01 2.87834734e-01 1.10717297e-01
    3.30048680e-01 6.99285686e-01 5.08890986e-01 2.07510829e-01
    2.93684483e-01 7.21603632e-01 1.24952465e-01 4.09083962e-01
    3.68953615e-01 5.00399709e-01 7.51259565e-01 1.46938056e-01
    1.11432105e-01 3.22762519e-01 3.68049204e-01 5.64435005e-01
    4.26363349e-01 3.23404253e-01 5.94054163e-02 2.20406592e-01
    2.17617571e-01 2.60469675e-01 3.68799686e-01 8.24944615e-01
    9.75849748e-01 7.78438210e-01 7.14846909e-01 5.85261703e-01
    5.24101615e-01 6.33591175e-01 1.71101898e-01 5.46487570e-01
    5.78921854e-01 6.15684509e-01 2.63379097e-01 3.29605997e-01
    1.54446751e-01 4.04381275e-01 6.48286939e-01 1.41350716e-01
    5.81947386e-01 7.55257607e-02 6.20986700e-01 7.54215717e-01
    9.35352802e-01 6.08856678e-01 6.03542268e-01 3.96177232e-01
    2.18761086e-01 4.28029776e-01 3.17866266e-01 5.24500489e-01
    7.68014610e-01 9.17359293e-02 5.77830136e-01 7.69598663e-01
    3.42285216e-01 9.55792665e-02 2.50690043e-01 7.66458154e-01
    5.15419066e-01 2.89402664e-01 8.52516055e-01 2.06965566e-01
    6.57804370e-01 6.15737736e-02 4.99522716e-01 3.18186224e-01
    8.61089230e-01 5.53747714e-01 6.22175336e-01 9.54855382e-01
    7.63842344e-01 3.81420523e-01 2.62531340e-01 9.95714605e-01
    9.73875761e-01 9.49138999e-01 5.22333086e-01 2.98830450e-01
    3.33420992e-01 9.04425025e-01 5.63218713e-01 3.50507259e-01
    2.36345977e-01 7.39396453e-01 4.06907946e-01 8.01036954e-01
    3.67627919e-01 8.36529553e-01 4.65021223e-01 5.23413122e-02
    2.99081355e-01 2.30664700e-01 5.20331085e-01 5.92935979e-01
    1.26836419e-01 3.98382962e-01 4.91603315e-02 2.04708666e-01
    5.60330689e-01 6.82537794e-01 6.72778904e-01 7.77978182e-01
    5.81511378e-01 8.55555296e-01 3.25701892e-01 5.15897274e-01
    2.75506079e-01 7.75821388e-01 6.74816668e-02 7.23002076e-01
    3.65397602e-01 8.68743360e-02 8.38105440e-01 6.78364277e-01
    6.75365090e-01 3.52745056e-01 5.77359915e-01 7.57306218e-01
    8.72757137e-01 6.75070405e-01 6.21221602e-01 8.74230981e-01
    1.34342074e-01 3.51463944e-01 7.30753362e-01 9.44080174e-01
    1.25243992e-01 1.76855922e-01 5.45723617e-01 1.27173454e-01
    2.52516955e-01 4.68020737e-01 1.97922498e-01 8.22921157e-01
    3.31406713e-01 6.10621274e-02 9.54627156e-01 2.59433478e-01
    7.45034575e-01 4.84579355e-01 1.61212176e-01 1.69661224e-01
    1.08312994e-01 9.05708730e-01 4.08763677e-01 9.24944282e-01
    1.96083993e-01 8.00645947e-01 8.75278115e-01 1.38190955e-01
    5.86569369e-01 6.87739909e-01 1.30170047e-01 1.80809200e-01
    7.16803074e-02 9.32363749e-01 1.15048438e-01 7.72910357e-01
    1.05329156e-01 3.22178960e-01 6.69566751e-01 8.08530390e-01
    5.15339613e-01 9.07383919e-01 9.53685760e-01 5.63379467e-01
    9.60181952e-02 5.23896158e-01 9.95952249e-01 6.38301909e-01
    2.24553883e-01 7.38184988e-01 3.68958116e-01 2.11549491e-01
    3.71279567e-01 6.87622309e-01 6.10195100e-02 5.96283257e-01
    5.31713426e-01 9.12012637e-01 8.34077001e-01 7.88706422e-01
    6.71259999e-01 6.19156480e-01 4.01429951e-01 8.18561077e-01
    5.86866558e-01 6.91884756e-01 2.87044942e-02 8.39451075e-01
    7.34704554e-01 8.46333086e-01 4.54747677e-02 3.87033284e-01
    5.97730756e-01 4.49933141e-01 3.63272190e-01 5.32949865e-02
    3.04499090e-01 8.59026313e-01 6.91669464e-01 4.87907231e-01
    5.43351412e-01 4.80610281e-01 7.38960147e-01 2.46767998e-02
    4.10817593e-01 4.41535473e-01 6.05532467e-01 7.63075352e-01
    2.53644288e-01 7.68852592e-01 1.83853447e-01 4.41101074e-01
    9.29292917e-01 7.94083774e-02 9.40522254e-02 2.61012912e-02
    6.91537619e-01 2.79512584e-01 4.24472094e-01 8.77315760e-01
    6.39712214e-01 1.13237888e-01 5.44832528e-01 2.48770982e-01
    4.00793284e-01 7.88744807e-01 4.97383803e-01 2.26214528e-02
    2.87053764e-01 4.84922171e-01 6.95264220e-01 5.44702590e-01
    5.80771625e-01 1.81485534e-01 5.95659316e-01 2.93115139e-01
    7.32430875e-01 6.65366292e-01 2.34784752e-01 2.86247432e-01
    9.37928677e-01 8.67931843e-01 8.10494065e-01 6.62302971e-01
    3.85377645e-01 8.38131547e-01 5.42605758e-01 7.69298136e-01
    2.78232336e-01 8.28080416e-01 5.12436509e-01 5.31098425e-01
    6.78602755e-01 1.15028322e-02 5.68178773e-01 9.35223699e-01
    2.72185504e-01 5.92305660e-01 1.01141036e-02 2.94793844e-01
    1.92738056e-01 5.79971135e-01 2.65892833e-01 6.04452491e-01
    1.80475444e-01 7.95047045e-01 1.22603238e-01 4.42071617e-01
    3.20737123e-01 1.92389160e-01 2.17840940e-01 6.79337323e-01
    7.08813488e-01 7.61486590e-02 7.95955241e-01 9.92956042e-01
    3.29305083e-01 7.39413500e-01 6.18239403e-01 9.99874830e-01
    8.83820891e-01 4.28282738e-01 1.91938877e-01 1.85424864e-01
    4.96723473e-01 7.98860312e-01 9.96617079e-01 2.37825722e-01
    4.68731493e-01 2.63234854e-01 8.61953795e-01 1.00007325e-01
    8.15421700e-01 9.15395975e-01 2.47005850e-01 7.63375819e-01
    2.64306068e-01 7.42737353e-01 4.23836648e-01 3.65702689e-01
    5.24845660e-01 2.69466698e-01 7.91350067e-01 7.86757588e-01
    1.81451291e-01 8.19567323e-01 4.12976742e-01 1.85442805e-01
    1.50649786e-01 9.66964364e-01 8.57558250e-01 2.43041128e-01
    5.55775642e-01 8.33701015e-01 7.62442470e-01 8.57610941e-01
    6.25342667e-01 8.81895542e-01 4.46286470e-01 8.56827736e-01
    1.52231097e-01 3.13442647e-02 6.07606769e-01 4.77712870e-01
    3.88750255e-01 8.59981179e-01 3.71305287e-01 6.11534655e-01
    9.38355863e-01 1.60501629e-01 9.08890963e-01 8.73196661e-01
    9.34298277e-01 4.00001109e-01 8.56721401e-02 3.50389779e-01
    1.67163819e-01 3.74473512e-01 3.16433787e-01 7.21848607e-01
    9.57509041e-01 9.64384913e-01 1.31379068e-01 2.02656627e-01
    4.63685036e-01 4.19556290e-01 9.94418859e-01 9.24975157e-01
    5.68466663e-01 5.51802516e-02 9.71339524e-01 7.71540999e-01
    4.28246081e-01 5.03177047e-01 5.43538451e-01 2.65818477e-01
    7.43161201e-01 5.68844557e-01 7.28647351e-01 3.75191003e-01
    1.33816868e-01 3.38639259e-01 9.11236525e-01 7.38006175e-01
    9.88164842e-02 5.82961202e-01 9.73111629e-01 7.98308969e-01
    8.40764582e-01 6.48146868e-01 5.97993314e-01 9.45434391e-01
    3.40408832e-01 5.36617219e-01 4.70920354e-01 1.07888162e-01
    9.12884474e-02 2.86340863e-01 7.09762871e-02 1.14863187e-01
    8.06668043e-01 1.09363526e-01 1.34991288e-01 9.84233022e-02
    1.25622064e-01 6.65222406e-02 4.34729457e-03 7.25232840e-01
    1.39359444e-01 4.27591175e-01 5.41885734e-01 9.04847741e-01
    5.97425997e-01 1.87465757e-01 9.92914140e-02 1.47159845e-01
    4.84175712e-01 4.07603443e-01 3.36412877e-01 8.76294851e-01
    1.19545966e-01 7.57271767e-01 8.57559085e-01 4.48273808e-01
    9.64538217e-01 1.82056069e-01 8.91794384e-01 1.94211841e-01
    1.46593153e-02 9.39276636e-01 5.22653043e-01 2.20077693e-01
    8.98776650e-01 2.64880300e-01 7.22237468e-01 2.81648159e-01
    1.64452314e-01 2.24339962e-02 7.61393309e-01 4.84698951e-01
    6.33714437e-01 9.02074695e-01 1.17702842e-01 5.21200478e-01
    9.27632332e-01 5.52953243e-01 7.86071897e-01 8.34587514e-02
    1.57948792e-01 9.20258522e-01 9.26744938e-03 5.38316071e-02
    3.91655177e-01 5.13923287e-01 7.63180733e-01 3.85299206e-01
    8.78189802e-02 7.83783913e-01 4.58516061e-01 9.83683765e-02
    4.22787249e-01 4.07812715e-01 1.34062767e-01 4.49221134e-02
    8.10902178e-01 6.07092381e-01 6.16120815e-01 3.94987524e-01
    1.25346810e-01 2.46147007e-01 4.38990802e-01 1.76486492e-01
    7.08528697e-01 9.86906946e-01 6.17887139e-01 5.28458536e-01
    5.42612374e-01 2.53978610e-01 1.86953038e-01 7.45858788e-01
    4.18900579e-01 2.43348032e-01 1.67540908e-02 8.19862604e-01
    5.88780642e-01 3.65871727e-01 6.81834817e-01 9.28409815e-01
    4.63226974e-01 4.00297821e-01 3.27519000e-01 9.19479132e-01
    5.17440856e-01 9.24361169e-01 7.39156008e-01 6.56942427e-01
    2.06498116e-01 8.06567192e-01 3.10518473e-01 1.16157949e-01
    6.37833774e-01 1.51087046e-02 3.07570159e-01 3.89990270e-01
    7.77190745e-01 3.21213007e-01 1.22864634e-01 6.10567749e-01
    1.43197268e-01 4.39406186e-01 1.50471032e-01 1.00048482e-02
    9.66167748e-02 1.36192858e-01 4.04357910e-02 6.89366102e-01
    9.15350556e-01 4.44440722e-01 7.02630043e-01 1.83369577e-01
    5.94317198e-01 8.83070707e-01 1.13452971e-02 2.57016540e-01
    1.48115575e-01 6.46307051e-01 4.99508858e-01 3.76955271e-01
    9.56714571e-01 3.03341866e-01 9.38911676e-01 3.54659975e-01
    8.20038080e-01 5.55300117e-01 9.09288526e-01 9.03630733e-01
    9.63163018e-01 9.42409754e-01 8.28430474e-01 7.30804205e-01
    9.94992852e-02 1.67416871e-01 6.40224636e-01 1.79586172e-01
    7.97838271e-02 2.45124102e-03 3.93168569e-01 8.24418187e-01
    7.60078847e-01 4.99638587e-01 5.21957397e-01 6.03184581e-01
    6.91105723e-02 7.51613677e-02 2.73258984e-02 7.78482080e-01
    7.22795904e-01 7.70985723e-01 1.02348834e-01 3.68154019e-01
    9.16110873e-01 6.77645504e-02 9.62597609e-01 1.38499558e-01
    1.60096616e-01 2.94117957e-01 1.99041426e-01 3.33319426e-01
    6.98244274e-02 9.53521311e-01 8.17722380e-01 6.50804520e-01
    7.87883639e-01 1.41691267e-02 8.18720222e-01 8.92633677e-01
    7.86691666e-01 3.08111787e-01 3.35178971e-01 1.97588563e-01
    2.75967538e-01 9.38939631e-01 1.50680184e-01 7.63528585e-01
    7.50139415e-01 3.72613430e-01 7.21494377e-01 5.83850563e-01
    2.71662176e-01 3.09585094e-01 9.25323606e-01 3.68046165e-01
    6.43362403e-01 6.45358205e-01 2.31831521e-01 2.14537323e-01
    9.06168580e-01 1.80432796e-01 4.74041700e-02 7.45003641e-01
    5.91632366e-01 7.33560145e-01 2.87172914e-01 9.52290893e-01
    3.28167409e-01 9.66150761e-01 7.38055110e-01 1.44571662e-02
    8.96772623e-01 3.39586973e-01 4.77865905e-01 1.25806957e-01
    5.93924224e-01 6.70537233e-01 9.70449686e-01 9.31617677e-01
    1.41201645e-01 7.78374434e-01 1.14231825e-01 4.34880018e-01
    7.16455698e-01 9.04842854e-01 7.98216462e-01 4.90987837e-01
    7.70894706e-01 9.08579707e-01 7.13566542e-01 1.25170469e-01
    8.34089398e-01 2.29371816e-01 2.10201651e-01 1.44820452e-01
    5.90011775e-01 9.33285713e-01 7.85950899e-01 8.13948810e-02
    3.75625640e-01 6.77516937e-01 1.52224720e-01 6.66560054e-01
    1.59988701e-01 4.27883357e-01 9.27758098e-01 7.52851844e-01
    2.25266516e-02 2.19148099e-02 1.33920699e-01 3.54195118e-01
    4.81097341e-01 8.28562379e-01 9.94328499e-01 2.29018837e-01
    1.86958313e-02 7.28786528e-01 5.76674819e-01 3.06567729e-01
    2.00090021e-01 7.01156437e-01 3.48274469e-01 8.16196740e-01
    2.16426224e-01 6.20641232e-01 8.94264460e-01 5.54349184e-01
    1.73490375e-01 2.83869743e-01 4.25855070e-01 6.01321995e-01
    5.48589826e-02 6.56698108e-01 1.57260984e-01 3.61098409e-01
    7.32829869e-02 7.12194800e-01 1.43785805e-01 3.28158140e-01
    7.11175680e-01 8.34935308e-02 9.55826819e-01 5.26182950e-01
    1.37691736e-01 4.01033223e-01 9.61246550e-01 3.90245050e-01
    7.99167633e-01 6.36084914e-01 4.56524760e-01 4.21338737e-01
    1.85354620e-01 6.45514309e-01 6.33168221e-01 5.55875301e-01
    9.32300925e-01 8.23597193e-01 6.79896772e-01 8.62196207e-01
    7.25428522e-01 4.33707297e-01 9.53979492e-01 3.92168701e-01
    2.04774737e-01 3.94675285e-01 5.86608768e-01 3.60409617e-01
    8.94094825e-01 2.21916765e-01 8.94214511e-01 1.01367921e-01
    6.83005810e-01 7.83299088e-01 1.41354442e-01 9.47254658e-01
    5.14180660e-02 3.37506235e-01 6.54289305e-01 3.17490697e-02
    1.28883719e-01 2.26174653e-01 4.52879727e-01 6.58633709e-01
    8.40937138e-01 1.80335701e-01 4.53961492e-01 6.36030734e-02
    5.94309330e-01 9.95566249e-01 3.09673786e-01 4.84783262e-01
    1.90636516e-01 4.35765058e-01 8.37411404e-01 5.12790799e-01
    7.61646748e-01 4.97354865e-02 3.66183043e-01 1.55585885e-01
    1.80103630e-01 2.83183455e-01 7.50282168e-01 7.08061099e-01
    7.16969907e-01 8.65453660e-01 5.57815731e-01 8.16762209e-01
    4.76883113e-01 1.46130025e-02 3.56408358e-02 6.81126595e-01
    9.89930391e-01 3.19601536e-01 4.43354547e-01 2.03991652e-01
    3.79982829e-01 6.66876078e-01 7.25467086e-01 6.23740554e-01
    4.40858006e-02 1.42474383e-01 8.46200883e-01 7.07323134e-01
    6.41531765e-01 3.47607672e-01 2.54527450e-01 7.35073805e-01
    8.89727890e-01 8.10060382e-01 5.61943531e-01 2.72234976e-01
    4.68570590e-01 7.05299139e-01 1.99415892e-01 1.90453291e-01
    5.96078634e-01 6.60997152e-01 8.92122447e-01 6.86359107e-01
    7.11984038e-01 4.51401740e-01 8.17814887e-01 2.05203503e-01
    5.00181735e-01 2.82803774e-01 7.28188038e-01 1.77745551e-01
    9.39360261e-01 4.09531295e-02 7.38547564e-01 5.55626750e-01
    6.97270036e-03 1.53310418e-01 9.60419297e-01 5.23574412e-01
    5.94344616e-01 1.13928884e-01 5.90199590e-01 1.57296062e-02
    4.12232727e-01 9.49502587e-01 3.62649143e-01 6.58138931e-01
    9.60655808e-01 6.56360209e-01 4.81534421e-01 7.19281256e-01
    2.82345712e-02 9.00546491e-01 2.76343882e-01 9.08185840e-01
    5.90400696e-02 1.23122036e-01 2.44036376e-01 8.32490802e-01
    3.62791300e-01 5.02286255e-02 4.79195863e-01 1.09730929e-01
    2.69098133e-01 5.02849817e-02 8.60893369e-01 3.58541191e-01
    4.56916153e-01 5.65685451e-01 5.64218044e-01 7.61232555e-01
    4.95366812e-01 6.52214527e-01 7.28856802e-01 8.72998118e-01
    5.33331752e-01 9.06791091e-01 1.38722211e-01 9.73765492e-01
    3.53074908e-01 2.95639038e-01 9.30465937e-01 8.63983214e-01
    8.97424996e-01 5.88743150e-01 1.22188479e-01 6.75866663e-01
    9.50953186e-01 3.86098921e-02 7.83780813e-02 3.77833605e-01
    4.18030024e-02 8.49128842e-01 5.56371450e-01 7.79497385e-01
    9.73103881e-01 5.84261417e-01 8.62339854e-01 4.49502617e-01
    4.10124242e-01 1.03534967e-01 4.47227657e-01 5.46198428e-01
    8.07846725e-01 7.61757314e-01 4.95661527e-01 2.68589377e-01
    2.06191242e-02 6.63900197e-01 2.03172445e-01 5.40141881e-01
    7.24048615e-01 8.79399598e-01 3.87540966e-01 6.25299335e-01
    3.24398339e-01 3.52365196e-01 4.92166519e-01 6.36570394e-01
    1.14585072e-01 6.97251558e-01 2.54989147e-01 4.91410494e-02
    9.04885054e-01 5.15991628e-01 9.73036587e-02 9.66589272e-01
    5.36259294e-01 9.67386305e-01 7.24217951e-01 7.39414752e-01
    1.36992782e-01 3.85571122e-02 6.41192794e-01 8.57942998e-02
    3.21197331e-01 7.53587306e-01 7.18185306e-01 1.24626368e-01
    7.57663608e-01 4.10228431e-01 7.32655823e-01 5.40899813e-01
    8.42813134e-01 9.98500586e-01 2.96553820e-01 3.08167517e-01
    4.02145684e-01 8.48939598e-01 1.26099199e-01 9.31294918e-01
    1.16901755e-01 6.78892851e-01 5.20187140e-01 7.54762292e-01
    7.98436642e-01 5.72902381e-01 6.92052066e-01 6.48626924e-01
    8.78164768e-01 5.27566135e-01 4.69754428e-01 3.14787626e-02
    2.73395061e-01 5.76154351e-01 1.41795784e-01 8.02908421e-01
    9.89316106e-01 2.58856326e-01 1.28937304e-01 2.54580796e-01
    4.89524484e-01 1.44119233e-01 3.13792229e-02 3.36196333e-01
    6.30178750e-01 2.04887271e-01 1.64887249e-01 1.77013308e-01
    6.56956851e-01 9.14891243e-01 7.02254355e-01 3.81151617e-01
    1.02052957e-01 5.43958962e-01 6.49920404e-02 1.63862586e-01
    3.84185612e-02 2.61586875e-01 1.16141528e-01 8.30793321e-01
    3.33544582e-01 5.25012314e-01 6.62899017e-01 8.84989738e-01
    2.70836651e-01 1.53028041e-01 5.82109690e-01 2.56610215e-01
    7.49594152e-01 7.30249941e-01 6.94548309e-01 6.78889275e-01
    4.05739725e-01 3.51914525e-01 7.02440619e-01 6.59304798e-01
    1.37796342e-01 8.35244894e-01 2.45581180e-01 1.29590511e-01
    3.81806135e-01 1.95372134e-01 6.66112006e-02 8.64659429e-01
    6.54882312e-01 1.43104613e-01 3.75011563e-03 5.31200469e-01
    2.66719639e-01 7.25589991e-01 4.66034979e-01 8.75589848e-02
    2.93737054e-01 3.23303819e-01 7.15759575e-01 2.32228696e-01
    7.12638497e-01 4.38335687e-01 1.73053235e-01 1.43695772e-01
    6.46627903e-01 7.18820572e-01 8.13606501e-01 4.33680236e-01
    5.95881939e-01 6.45717084e-01 4.10969973e-01 1.38048947e-01
    4.90702897e-01 1.82633013e-01 3.97791028e-01 6.53155804e-01
    1.84984505e-02 7.37671256e-02 7.92901874e-01 2.33872890e-01
    5.16194403e-01 7.38140941e-01 5.51233649e-01 7.09845543e-01
    4.13610190e-01 9.23445046e-01 9.49471831e-01 6.41311765e-01
    2.14912236e-01 2.53961086e-01 8.32389832e-01 9.30938423e-01
    3.02463919e-01 6.34202421e-01 3.86698514e-01 9.81198013e-01
    8.52889836e-01 9.73283410e-01 9.86679673e-01 2.12465852e-01
    4.68683481e-01 6.72379315e-01 5.99963129e-01 6.38161540e-01
    9.45511937e-01 6.37224138e-01 1.66343153e-01 3.22616160e-01
    3.98355842e-01 7.61784136e-01 4.89855349e-01 3.02441955e-01
    3.57722849e-01 7.85718918e-01 5.16297400e-01 4.69771296e-01
    8.80777180e-01 4.22212660e-01 9.21543479e-01 1.89947844e-01
    6.18026555e-02 9.40420508e-01 3.85557204e-01 1.71196461e-02
    1.24678671e-01 5.05271256e-01 3.26824486e-02 3.24063212e-01
    6.49054945e-01 9.66257930e-01 4.84548986e-01 4.63936210e-01
    2.50985712e-01 6.59348071e-02 8.84117663e-01 9.56746578e-01
    5.79319537e-01 2.46501386e-01 4.08886433e-01 5.60570300e-01
    1.00414664e-01 4.43524182e-01 1.28750145e-01 7.51937926e-02
    6.30847037e-01 1.58567011e-01 6.99959993e-01 1.65141523e-01
    4.55354810e-01 1.83689237e-01 4.40324783e-01 7.58660853e-01
    9.38810110e-01 9.39897358e-01 2.80431390e-01 5.26814878e-01
    7.74300694e-01 2.53855467e-01 7.08351076e-01 1.09621078e-01
    2.75156796e-01 8.98599982e-01 6.02875412e-01 2.31190354e-01
    4.12171423e-01 8.60124350e-01 4.74256635e-01 4.65627015e-01
    6.58071756e-01 2.78924346e-01 5.05395651e-01 8.71252418e-01
    2.81359732e-01 3.02608669e-01 6.78352118e-01 9.47499514e-01
    7.96591878e-01 6.25691295e-01 9.41704512e-01 9.63688970e-01
    8.09926629e-01 4.61694866e-01 3.60156387e-01 9.73343194e-01
    1.01582289e-01 2.70999014e-01 6.26342058e-01 3.88704568e-01
    7.89608121e-01 4.35268879e-01 2.01088697e-01 3.54984164e-01
    1.03339553e-02 6.26786292e-01 2.02706754e-02 7.23261595e-01
    3.62024009e-01 9.50204730e-01 8.90486240e-01 8.10132861e-01
    3.77772629e-01 8.15579176e-01 6.24272943e-01 4.96764451e-01
    1.51340812e-01 7.26287425e-01 2.14462221e-01 2.80926764e-01
    3.29509079e-02 7.41903543e-01 2.42971987e-01 5.54973304e-01
    6.99381948e-01 3.04193169e-01 2.58715004e-01 5.74216008e-01
    1.00536644e-02 4.17795837e-01 1.43497944e-01 4.17522728e-01
    6.27150714e-01 2.96294093e-02 7.44477451e-01 7.76316643e-01
    2.68262744e-01 1.14732742e-01 5.98368526e-01 6.51200593e-01
    5.17164171e-01 2.50335515e-01 9.37748551e-01 1.13986522e-01
    8.53292644e-02 3.60739470e-01 6.20924056e-01 7.97305107e-01
    3.03447992e-01 2.50627697e-01 3.38634461e-01 7.28916764e-01
    5.45220375e-02 2.20301360e-01 8.85953188e-01 8.59776974e-01
    9.55185056e-01 1.64873749e-01 3.05922002e-01 7.95649767e-01
    4.51631367e-01 9.17542458e-01 3.07823718e-01 2.88603008e-02
    5.83935142e-01 6.21678352e-01 2.43944734e-01 7.88915455e-02
    9.31989193e-01 7.53149629e-01 9.03616190e-01 8.52386057e-01
    5.65503895e-01 8.91727746e-01 5.91613829e-01 8.40117335e-02
    5.49079895e-01 2.13200986e-01 5.47742724e-01 5.98282099e-01
    3.15106422e-01 1.74634337e-01 5.41292250e-01 4.89304066e-02
    1.16284907e-01 9.64442015e-01 9.17534769e-01 9.24629927e-01
    3.36331844e-01 6.15407526e-02 7.42756724e-01 1.85353816e-01
    7.94892967e-01 5.25409520e-01 9.72081184e-01 6.93603218e-01
    5.26328027e-01 1.89835280e-01 1.53434277e-02 8.81597340e-01
    9.65314984e-01 2.03137010e-01 4.80530471e-01 8.06100965e-01
    5.33654928e-01 5.18826842e-02 4.10819024e-01 4.63753343e-02
    3.30969512e-01 6.09462321e-01 5.66793442e-01 2.86775470e-01
    7.00094402e-01 6.69616818e-01 4.37053889e-01 6.58414304e-01
    2.10681200e-01 9.40506399e-01 7.54646122e-01 7.13461161e-01
    5.75686097e-02 9.85149443e-02 7.43847251e-01 7.66398430e-01
    1.91619188e-01 4.82729763e-01 3.15981895e-01 1.87819988e-01
    3.98562253e-02 4.86319870e-01 4.26612020e-01 1.53146386e-02
    8.82734299e-01 6.43064082e-02 4.43867087e-01 6.54618382e-01
    7.06997514e-01 4.21752483e-01 8.47007751e-01 9.86931980e-01
    8.08159649e-01 1.44831568e-01 4.46923971e-02 4.92575347e-01
    2.68337041e-01 4.50227082e-01 8.35198879e-01 3.41625988e-01
    4.26113307e-02 8.00282538e-01 3.83137912e-01 2.05979526e-01
    3.15947413e-01 9.20236468e-01 8.82357359e-04 7.21303463e-01
    6.59477413e-01 4.64335799e-01 7.28371322e-01 2.23575920e-01
    1.85811102e-01 8.57504845e-01 4.82751042e-01 9.93282080e-01
    5.16266704e-01 7.89094269e-01 8.35423589e-01 2.31802166e-01
    9.66873050e-01 6.95625484e-01 3.82365078e-01 6.59836173e-01
    4.69284952e-01 2.33005852e-01 5.26758432e-02 3.03390563e-01
    1.74478233e-01 3.56020570e-01 3.69963765e-01 4.30611551e-01
    6.53960586e-01 9.72319365e-01 1.43685937e-03 1.19678140e-01
    7.92558312e-01 6.25119805e-01 8.39476287e-01 6.87233686e-01
    7.70604193e-01 6.34335518e-01 7.70163119e-01 9.49778557e-02
    4.23686028e-01 1.62276506e-01 9.82829869e-01 3.53383690e-01
    7.77690291e-01 5.24837673e-01 1.87084794e-01 9.76567507e-01
    9.43367481e-01 5.39722085e-01 9.22109663e-01 8.21618974e-01
    7.28431046e-01 9.41747427e-02 2.43416369e-01 9.45016921e-01
    8.93185496e-01 9.04165447e-01 9.70772386e-01 8.76493692e-01
    3.85475874e-01 5.21443665e-01 5.07074654e-01 4.04191315e-01
    5.71716845e-01 5.32922745e-02 6.34281874e-01 9.25272465e-01
    9.07409787e-01 5.10267794e-01 3.80868226e-01 3.76576334e-01
    5.58200181e-02 9.08074260e-01 9.33017790e-01 1.71292007e-01
    2.07489252e-01 2.11512208e-01 2.78564155e-01 7.52824545e-03
    3.82561594e-01 6.17359340e-01 8.27737331e-01 6.54052198e-01
    3.82497430e-01 1.82083368e-01 9.51830447e-02 2.32843190e-01
    3.69626462e-01 6.90701663e-01 4.42183882e-01 8.70856583e-01
    6.00265443e-01 5.33606231e-01 5.88638067e-01 2.37315893e-04
    7.89188027e-01 1.17121607e-01 1.04552150e-01 8.46676946e-01
    6.58146679e-01 8.92552257e-01 9.55701232e-01 5.12222111e-01
    7.18966722e-01 6.25611961e-01 5.46482503e-01 9.50449109e-02
    6.51939511e-02 8.54427099e-01 5.82847416e-01 8.46930981e-01
    6.82861805e-01 8.43119085e-01 9.12093878e-01 7.09130526e-01
    7.68917084e-01 3.47080290e-01 9.32708025e-01 3.11473370e-01
    2.27864683e-02 3.27909052e-01 6.40707374e-01 8.08476508e-02
    1.27003610e-01 4.93629992e-01 2.55776078e-01 8.87869954e-01
    1.28410012e-01 4.27212924e-01 1.75051987e-02 7.36563146e-01
    9.91135418e-01 8.13290954e-01 4.53098655e-01 8.31757307e-01
    6.61943614e-01 7.77352691e-01 4.83712703e-01 4.59586084e-02
    1.19453013e-01 6.00156128e-01 7.55343616e-01 4.93338168e-01
    6.53075099e-01 1.29244417e-01 2.64376700e-02 7.81462669e-01
    8.83170843e-01 1.08601063e-01 4.54777300e-01 3.28609645e-01
    8.61962676e-01 6.93816662e-01 4.26706582e-01 3.43298972e-01
    8.76253605e-01 3.34019840e-01 3.02871197e-01 5.16802728e-01
    3.46526980e-01 8.67831826e-01 1.15922809e-01 8.32256079e-01
    3.56572151e-01 4.05412585e-01 2.43869394e-01 1.97989941e-01
    9.82556462e-01 6.86604857e-01 1.07370317e-02 4.69800115e-01
    1.86828077e-02 7.32385516e-02 9.11777377e-01 6.99676096e-01
    3.70056331e-01 4.17507321e-01 3.25489223e-01 6.94489598e-01
    7.28604853e-01 3.51037890e-01 2.75308102e-01 4.26418185e-02
    7.49974489e-01 7.90874600e-01 3.21214318e-01 7.94087291e-01
    3.25918466e-01 4.90325272e-01 5.42419016e-01 1.07621014e-01
    5.45909762e-01 7.19346046e-01 9.91657138e-01 2.05330819e-01
    3.70602727e-01 1.54144824e-01 2.31463194e-01 5.40176213e-01
    1.29680812e-01 6.98155403e-01 3.12056839e-01 3.29808801e-01
    1.19941831e-02 5.73465407e-01 5.61002016e-01 5.31168282e-02
    3.43096018e-01 5.98760724e-01 2.60732770e-01 8.76029611e-01
    6.92589879e-01 5.66708982e-01 7.56750107e-01 9.81975317e-01
    7.10620165e-01 7.01772273e-02 3.45429480e-01 8.59862447e-01
    9.48789775e-01 6.01423800e-01 8.64916325e-01 1.03298455e-01
    3.31843853e-01 2.55083442e-02 5.33941805e-01 4.98816282e-01
    7.37563729e-01 2.72311866e-01 8.29007626e-02 6.75573289e-01
    2.93395817e-01 5.36109090e-01 9.22098219e-01 5.79454124e-01
    7.31546283e-01 2.05445021e-01 6.49947226e-01 9.21534419e-01
    4.12105441e-01 5.51328659e-01 5.33580422e-01 2.34045357e-01
    7.30890036e-02 2.74770021e-01 8.51720870e-01 8.35024655e-01
    8.58510673e-01 8.07116032e-02 8.75712395e-01 3.36424291e-01
    5.02981126e-01 3.94608855e-01 4.05910194e-01 3.18630189e-01
    3.58729959e-01 4.89678383e-01 9.23862815e-01 5.76624870e-01
    1.19899154e-01 1.64043248e-01 1.59691930e-01 2.39414275e-02
    9.92538393e-01 9.13496554e-01 2.29557574e-01 1.89675629e-01
    3.51849198e-03 6.87626243e-01 7.15883672e-01 4.28829551e-01
    1.93653345e-01 7.48775899e-01 6.71358705e-01 9.49373364e-01
    9.92065191e-01 2.23820120e-01 3.11477184e-02 1.86230242e-02
    9.95925128e-01 6.41111434e-02 2.48347014e-01 8.38986635e-02
    8.42030287e-01 7.55311131e-01 8.43746722e-01 9.60482776e-01
    8.57433736e-01 3.54042828e-01 8.87793839e-01 4.28506821e-01
    5.19568086e-01 6.75468385e-01 8.28453004e-02 4.27837729e-01
    5.83226502e-01 3.51590812e-01 1.62932009e-01 4.02107358e-01
    8.30551863e-01 2.00458169e-02 6.19810045e-01 6.36591315e-01
    9.04798508e-02 6.08365655e-01 4.68117297e-01 2.38413364e-01
    6.08405054e-01 4.56811219e-01 1.11419350e-01 9.06988084e-02
    7.06223369e-01 1.04076266e-01 5.71507692e-01 4.27907646e-01
    7.99876213e-01 8.04764867e-01 2.00636894e-01 8.99265766e-01
    1.83228910e-01 2.24630684e-01 1.23912245e-01 5.11976063e-01
    3.99929881e-02 6.27426505e-01 1.50014013e-01 4.38990980e-01
    3.40219229e-01 4.14112955e-01 9.32540536e-01 5.74234903e-01
    1.87202275e-01 4.17918533e-01 5.26915848e-01 8.02675366e-01
    1.99744433e-01 9.32040215e-01 4.57468092e-01 6.09357655e-01
    8.33239436e-01 1.23956293e-01 8.41297746e-01 8.52924049e-01
    6.89657331e-01 3.48349452e-01 2.28856385e-01 4.23812330e-01
    8.75507951e-01 9.28523421e-01 7.42857218e-01 7.28313684e-01
    7.85112023e-01 4.24114704e-01 9.09256041e-01 5.24876475e-01
    2.36961156e-01 8.93582940e-01 9.19697881e-01 3.21011126e-01
    1.97073251e-01 8.05473328e-01 7.13397563e-02 7.26005912e-01
    9.73177195e-01 4.55902159e-01 9.65921998e-01 4.59874064e-01
    9.88804996e-02 4.54300582e-01 7.61348844e-01 5.29303849e-01
    3.94385278e-01 4.22945350e-01 1.34595275e-01 4.35577154e-01
    6.93603933e-01 6.42216206e-01 8.81619155e-01 8.93126130e-01
    3.20993066e-01 2.72059143e-02 1.05551183e-01 1.71153456e-01
    7.88774729e-01 5.71055472e-01 5.47950745e-01 8.45037162e-01
    8.31546247e-01 7.25734234e-01 9.26370025e-02 8.56320024e-01
    8.62939000e-01 4.85024959e-01 6.81130290e-02 6.21242821e-01
    7.62793541e-01 9.27045226e-01 4.53018725e-01 2.69872040e-01
    1.34643763e-01 1.68689042e-01 7.94293642e-01 7.52469778e-01
    2.23785043e-01 9.92437005e-01 9.88467336e-01 7.92193055e-01
    2.71508574e-01 8.59583259e-01 7.28045464e-01 9.17550027e-01
    8.99231076e-01 5.00464261e-01 5.75074553e-01 8.08611214e-02
    3.53187919e-01 8.57171655e-01 6.84712291e-01 7.84849644e-01
    6.67702854e-01 1.12881958e-02 1.75723791e-01 7.59602189e-01
    6.20256662e-01 5.96529901e-01 6.92312360e-01 6.91884518e-01
    7.15242505e-01 4.65152293e-01 2.96248794e-01 8.83867860e-01
    7.69165099e-01 7.12613225e-01 2.77334452e-01 3.68044943e-01
    2.71537274e-01 1.84210330e-01 9.49826121e-01 8.98358107e-01
    7.78100491e-02 1.72157347e-01 3.49340677e-01 8.85478854e-01
    3.33276212e-01 4.02903140e-01 2.54833341e-01 4.96713281e-01
    4.96770591e-01 8.33115697e-01 3.14637035e-01 4.21731710e-01
    5.39591849e-01 4.61320668e-01 2.10071445e-01 2.04151541e-01
    9.89356756e-01 8.92408490e-02 7.42418706e-01 7.40288377e-01
    5.71840882e-01 3.81544232e-02 4.87319112e-01 4.89933223e-01
    7.75774777e-01 4.37687904e-01 8.08595598e-01 8.67487788e-01
    1.47875160e-01 1.90549791e-01 8.12883079e-01 7.57146478e-02
    8.09230447e-01 6.93733811e-01 7.18140006e-01 2.82490909e-01
    9.57582831e-01 1.63460791e-01 1.94582075e-01 2.16448456e-01
    3.46223891e-01 6.28454804e-01 3.72113466e-01 7.56275415e-01
    3.25571001e-01 4.94082272e-01 8.52857947e-01 2.09951788e-01
    4.86579537e-01 1.13822222e-02 2.32858181e-01 1.65899098e-02
    9.31221664e-01 6.74590349e-01 8.30911756e-01 1.66974187e-01
    8.65797102e-02 9.16707635e-01 1.34205818e-03 4.31748629e-01
    7.96543479e-01 5.29242933e-01 7.69247174e-01 2.91818559e-01
    1.43609434e-01 7.10991263e-01 6.96308255e-01 4.50455189e-01
    5.30919731e-01 5.42407870e-01 5.42029560e-01 7.32572258e-01
    4.06083733e-01 9.33083892e-02 5.37737727e-01 8.02308559e-01
    5.71743667e-01 1.09987259e-02 5.27251124e-01 2.76193470e-01
    8.95423889e-01 8.11159492e-01 7.05203176e-01 6.16425216e-01
    1.01541311e-01 6.65524662e-01 1.16386890e-01 7.29268670e-01
    8.79753888e-01 8.54361653e-01 9.26446497e-01 4.98671472e-01
    2.28806257e-01 6.06350780e-01 5.03413022e-01 6.49196446e-01
    3.78993124e-01 3.78544629e-01 3.77685100e-01 1.82176292e-01
    8.92675638e-01 2.47736186e-01 7.04891682e-01 8.45073164e-02
    1.58439010e-01 1.06725067e-01 9.34779644e-01 9.26113486e-01
    2.97888756e-01 1.78842515e-01 6.26921356e-01 8.31902742e-01
    1.97263807e-01 1.67183518e-01 6.34131193e-01 8.50101411e-01
    6.05826557e-01 9.65306461e-01 5.91444075e-01 5.54463029e-01
    1.10157073e-01 8.64333272e-01 4.16578054e-02 3.69181395e-01
    4.25040543e-01 4.63679790e-01 6.35324895e-01 8.32763612e-01
    2.44143665e-01 4.22896743e-01 5.21963239e-01 2.02593207e-03
    9.72870290e-02 7.81414270e-01 9.30931926e-01 4.72063363e-01
    7.46793270e-01 1.89791083e-01 4.18070436e-01 7.61994243e-01
    4.67224777e-01 2.25036144e-02 4.99859750e-01 5.73892117e-01
    2.77557969e-03 3.34532738e-01 7.06562400e-03 8.33255053e-01
    1.95082307e-01 4.04109806e-01 7.90512443e-01 8.71827602e-01
    6.67878151e-01 2.41939932e-01 3.23663831e-01 8.65080297e-01
    2.81658471e-02 9.16797876e-01 6.92142129e-01 5.96401215e-01
    3.02026719e-01 6.23792410e-03 1.02927834e-01 2.23264128e-01
    2.52868831e-02 5.44582427e-01 7.56132126e-01 7.54824281e-03
    5.24792969e-01 7.09596515e-01 3.20384204e-01 9.56177592e-01
    5.75343728e-01 4.05976892e-01 8.96291971e-01 2.74605751e-02
    5.24695694e-01 6.38268888e-01 4.15391624e-01 1.48130000e-01
    1.15299881e-01 8.68421555e-01 6.39693141e-02 6.98188245e-02
    1.13965273e-01 1.85159832e-01 8.29033852e-02 9.20026600e-02
    3.58701050e-02 8.67182732e-01 8.54173064e-01 3.65669310e-01
    3.43266964e-01 1.54690176e-01 3.02531779e-01 8.42284203e-01
    6.74164295e-03 4.70172375e-01 7.64735341e-01 5.85576773e-01
    5.34129441e-01 8.98705363e-01 8.61848235e-01 9.00336266e-01
    8.41227651e-01 5.40812731e-01 2.85418570e-01 9.07915831e-03
    8.29501331e-01 9.62781012e-01 5.84741235e-02 1.61640644e-02
    7.79388309e-01 2.09700584e-01 4.89860773e-01 7.54706502e-01
    7.35563874e-01 6.69987857e-01 4.22026455e-01 4.71768290e-01
    7.89745331e-01 9.86974001e-01 4.65546429e-01 2.41934359e-01
    4.02357519e-01 2.57954448e-01 9.58162069e-01 3.98350477e-01
    9.71170187e-01 1.41799271e-01 7.91983724e-01 6.16905153e-01
    6.87566221e-01 2.75322258e-01 6.59683287e-01 9.57253218e-01
    7.87907481e-01 7.17385471e-01 5.77149093e-01 8.81236196e-01
    6.06064022e-01 5.60003221e-02 4.61222827e-02 3.56052756e-01
    5.26213944e-01 6.45109296e-01 9.37527418e-01 8.81713092e-01
    1.32483244e-02 6.63257241e-01 4.29994464e-02 1.50984377e-01
    1.84606910e-01 8.47939312e-01 7.89634883e-01 4.17952240e-01
    9.24661756e-03 2.71731019e-01 5.87375045e-01 9.97059464e-01
    9.95059073e-01 7.11648762e-02 4.96777505e-01 9.30650592e-01
    9.85798359e-01 6.29184663e-01 5.49733520e-01 7.32989848e-01
    4.37667668e-02 3.97075832e-01 7.19820976e-01 9.79019463e-01
    9.72816646e-01 7.22159088e-01 3.34661603e-01 9.94314730e-01
    9.14717555e-01 1.18855357e-01 8.30077767e-01 7.77991831e-01
    1.67045861e-01 1.11341447e-01 8.57574701e-01 6.00217700e-01
    6.13775611e-01 7.88875997e-01 2.29540706e-01 9.37393606e-01
    5.92082739e-04 1.13067508e-01 1.16656035e-01 1.93200558e-01
    2.43053108e-01 3.14737797e-01 3.96118224e-01 5.05622327e-01
    6.86481476e-01 7.28078067e-01 6.74799263e-01 9.13285375e-01
    6.87328100e-01 8.98366213e-01 5.90388536e-01 8.34233046e-01
    1.01635367e-01 4.15008664e-01 5.53860068e-01 5.91853797e-01
    5.25124490e-01 6.67676866e-01 1.97339356e-01 7.85992026e-01
    8.86057913e-01 4.78541851e-01 4.08536285e-01 8.68152380e-01
    9.16025698e-01 2.72218645e-01 5.76496601e-01 5.21638036e-01
    3.13134313e-01 3.84151906e-01 2.63148665e-01 8.36674154e-01
    2.04099953e-01 4.16017115e-01 7.91463733e-01 5.03213346e-01
    2.00653017e-01 7.94845819e-03 1.95902079e-01 6.45021677e-01
    5.17454684e-01 6.78608119e-01 4.04568911e-02 5.94968379e-01
    9.81490731e-01 7.70964265e-01 3.04266751e-01 1.17591470e-01
    8.68325233e-01 8.76000643e-01 9.71377254e-01 1.19083643e-01
    3.62120330e-01 1.60837561e-01 6.43421412e-02 8.20950687e-01
    2.43071020e-02 9.93735552e-01 5.76407492e-01 2.06634104e-01
    7.32053280e-01 7.90728331e-01 3.72410506e-01 8.82598639e-01
    3.44874442e-01 5.57895958e-01 1.01876557e-02 3.51712465e-01
    7.58338451e-01 3.12685639e-01 1.08995438e-02 9.57878590e-01
    2.78348505e-01 4.13335979e-01 7.61761665e-01 6.71449244e-01
    3.74066114e-01 5.45967638e-01 2.21115619e-01 1.34218067e-01
    7.87974119e-01 1.95868224e-01 6.42009676e-01 5.71551025e-01
    8.68180752e-01 8.94887149e-02 5.31758606e-01 9.54383433e-01
    8.37213695e-01 5.56613743e-01 7.10096598e-01 1.80198729e-01
    8.79407227e-02 8.62460256e-01 7.39906371e-01 6.39276505e-01
    4.89204228e-02 3.72073054e-01 9.83009696e-01 4.28260297e-01
    8.21256220e-01 2.36200005e-01 1.45106226e-01 3.63556832e-01
    3.47296804e-01 2.37875819e-01 6.77835524e-01 2.84825921e-01
    5.07934093e-01 1.49819404e-01 2.55628288e-01 8.30604672e-01
    9.82121825e-01 9.40335333e-01 9.35702324e-01 9.94470119e-01
    7.29823112e-01 8.05902362e-01 3.06083977e-01 6.47155344e-01
    3.53924602e-01 8.01027417e-01 7.01457977e-01 7.75849342e-01
    8.20578814e-01 6.97575748e-01 6.32731616e-01 7.16950595e-01
    9.60069180e-01 1.49375230e-01 6.93945408e-01 5.90704501e-01
    5.20367742e-01 6.08796239e-01 3.71282965e-01 7.62363315e-01
    8.63681912e-01 3.13195586e-03 7.11861074e-01 4.34729129e-01
    7.87510991e-01 7.45434523e-01 3.67426038e-01 1.43922746e-01
    1.09837741e-01 3.46578181e-01 3.48221362e-01 6.73298836e-01
    1.01929516e-01 4.64004636e-01 1.62072659e-01 1.51709825e-01
    2.05807686e-02 9.12600756e-01 6.42833412e-02 8.63022327e-01
    3.90869647e-01 1.13428235e-01 8.48956168e-01 5.57838678e-01
    7.65950561e-01 1.48808986e-01 7.73334205e-01 5.21867514e-01
    1.16241574e-01 1.72652334e-01 6.23385549e-01 6.84656322e-01
    6.90347314e-01 8.57281089e-01 6.41990960e-01 9.79782522e-01
    5.24140775e-01 1.46869510e-01 5.46316504e-02 5.15552580e-01
    2.63203561e-01 6.75158739e-01 3.46751750e-01 1.03113294e-01
    7.65006721e-01 2.43269116e-01 4.93789017e-01 1.01705104e-01
    5.72040737e-01 3.40406001e-02 5.28217137e-01 9.30064082e-01
    4.97245252e-01 2.68138826e-01 1.05006188e-01 2.15466917e-01
    6.72498524e-01 8.94786417e-01 2.15103269e-01 3.16606581e-01
    1.92404747e-01 8.71017933e-01 2.59296715e-01 1.72304541e-01
    7.74483681e-01 7.56502390e-01 4.68325794e-01 2.93591797e-01
    8.86228919e-01 8.66228938e-01 6.54858232e-01 5.97412765e-01
    6.75251842e-01 7.03678071e-01 1.06544614e-01 3.25332642e-01
    2.99426794e-01 3.07605922e-01 7.52606690e-02 6.16390765e-01
    8.27243209e-01 3.38382870e-01 2.69307494e-01 2.88619936e-01
    3.95881176e-01 3.91283572e-01 2.45304942e-01 7.18280375e-01
    7.44021833e-01 1.76378936e-01 4.44091260e-01 9.70910192e-02
    1.71805322e-01 7.41230309e-01 1.93000525e-01 9.76627588e-01
    2.63700485e-01 9.78911459e-01 4.47018772e-01 9.95237231e-01
    2.35348523e-01 5.17135859e-01 4.15078789e-01 2.33070105e-01
    4.02789414e-01 6.37873590e-01 2.72557616e-01 5.85620761e-01
    4.27263409e-01 8.18883181e-01 6.39539897e-01 2.06415355e-02
    4.87145901e-01 6.30091071e-01 1.53975397e-01 4.25050497e-01
    4.53606278e-01 6.07595205e-01 3.34345400e-01 8.22063684e-01
    5.59294224e-02 3.94359440e-01 8.20629001e-02 7.88292110e-01
    2.42672861e-02 3.48633349e-01 8.08231533e-02 1.68981701e-01
    7.26752579e-01 5.73678911e-01 6.02402568e-01 2.11002499e-01
    8.42355490e-01 8.51420760e-02 8.58667135e-01 1.32205665e-01
    1.28741205e-01 8.45873117e-01 3.60566258e-01 6.05757535e-01
    3.67029518e-01 5.73507965e-01 5.45153379e-01 2.81426162e-01
    8.80218387e-01 4.90107119e-01 6.65395916e-01 9.69954729e-01
    2.38952160e-01 4.72218812e-01 6.49827123e-01 7.38581419e-02
    6.50645137e-01 6.94981933e-01 6.53943121e-01 9.84592319e-01
    1.11327440e-01 9.78671849e-01 8.95677567e-01 6.37554169e-01
    3.20030749e-01 4.07838613e-01 4.96976823e-01 3.37648451e-01
    5.99259436e-01 5.43578625e-01 9.43913937e-01 8.62018466e-01
    3.19277853e-01 7.30830252e-01 5.95152438e-01 1.03011370e-01
    2.98565090e-01 3.45222294e-01 4.09810841e-01 3.08147848e-01
    8.93850327e-01 5.60906768e-01 9.07050252e-01 3.56175244e-01
    6.44853592e-01 6.48119152e-02 6.00596666e-02 8.66789639e-01
    7.22886920e-02 7.50714242e-01 7.86296666e-01 4.14846152e-01
    1.83413267e-01 9.30151701e-01 1.43518955e-01 2.84626365e-01
    6.77264154e-01 9.40369010e-01 9.63513017e-01 2.81819105e-02
    7.41120279e-01 3.39020252e-01 8.57314289e-01 5.95745444e-03
    6.27747655e-01 9.10406768e-01 6.51376724e-01 1.57981634e-01
    5.06302774e-01 7.51792133e-01 8.36145759e-01 5.38789690e-01
    9.29996848e-01 9.04932261e-01 8.38034987e-01 5.95274389e-01
    5.03284633e-02 1.38793468e-01 6.41276836e-02 1.57832593e-01
    8.62520576e-01 5.05706489e-01 6.11356795e-02 9.08003449e-02
    5.68424761e-02 6.83816195e-01 3.32662940e-01 8.71727824e-01
    4.93589163e-01 5.52914202e-01 4.23510969e-01 2.08862871e-01
    9.68783915e-01 5.05241752e-03 6.78076386e-01 6.87947750e-01
    4.36394006e-01 6.83872104e-01 4.69654143e-01 6.79211974e-01
    8.47416520e-01 9.23119187e-01 4.55663800e-02 3.33154976e-01
    9.92878437e-01 1.64407402e-01 6.26976728e-01 6.34945750e-01
    8.82405996e-01 4.32392746e-01 6.05972826e-01 4.82322961e-01
    5.70963502e-01 7.09120452e-01 7.74574578e-01 6.03425920e-01
    3.51110458e-01 6.73531771e-01 7.46942401e-01 4.06255692e-01
    7.80681431e-01 3.49440753e-01 6.55883968e-01 9.80058730e-01
    6.36866152e-01 9.04055834e-01 8.34263444e-01 4.57267463e-02
    7.91545033e-01 2.70986527e-01 9.08030748e-01 3.88707519e-01
    8.05740476e-01 2.02990264e-01 9.04726267e-01 1.03446275e-01
    4.89994228e-01 3.72967660e-01 7.70572424e-02 3.50053310e-01
    3.99160832e-01 8.45540226e-01 5.64692676e-01 7.50194490e-02
    4.14050043e-01 6.91055655e-01 7.97173202e-01 8.45624804e-01
    9.05083656e-01 3.41056943e-01 3.77181768e-01 3.99104506e-01
    4.92145687e-01 1.73573583e-01 1.22345060e-01 7.30847836e-01
    7.84766018e-01 2.31825382e-01 2.99986064e-01 5.24610639e-01
    2.02186525e-01 4.38214362e-01 7.68331051e-01 1.74486637e-03
    4.80427653e-01 7.03552604e-01 5.57752490e-01 7.67194629e-01
    9.44928288e-01 3.92210871e-01 1.01962537e-01 2.94658244e-02
    9.86859560e-01 3.55702400e-01 2.61405587e-01 4.56447214e-01
    1.37260020e-01 6.88377023e-01 1.33306444e-01 5.79373479e-01
    2.01387942e-01 9.58851099e-01 3.79018039e-01 4.81193662e-01
    3.15369695e-01 4.59682047e-01 1.99419856e-02 5.09028852e-01
    7.59938955e-02 9.97418284e-01 9.31649804e-01 6.84992433e-01
    9.31520581e-01 4.51994270e-01 6.82983577e-01 8.89121950e-01
    5.48231602e-01 5.94859302e-01 3.25182110e-01 7.18489170e-01
    1.50725931e-01 7.09032297e-01 2.52169907e-01 2.60159791e-01
    9.49333429e-01 4.58400100e-01 7.56758153e-01 4.26751375e-01
    5.41717112e-02 9.33261395e-01 8.80903900e-02 2.39275366e-01
    4.36017811e-01 4.28809404e-01 6.26128197e-01 8.01338911e-01
    4.32160676e-01 2.18472779e-02 1.77755624e-01 8.56718600e-01
    4.66573477e-01 4.74996418e-01 5.66142201e-01 7.36344159e-01
    3.66267115e-01 1.30775988e-01 9.30309176e-01 1.68605268e-01
    6.18985415e-01 9.82912660e-01 9.34878826e-01 6.67964578e-01
    7.23291278e-01 8.27262104e-02 3.27029526e-02 3.32684696e-01
    8.00512791e-01 3.77062201e-01 7.23789871e-01 9.27998066e-01
    2.32505500e-01 5.83933115e-01 1.23367876e-01 7.27171957e-01
    5.26574373e-01 9.99007344e-01 3.40629220e-01 4.60290313e-02
    3.14658284e-01 5.97207785e-01 1.62435770e-02 9.10996079e-01
    6.74577653e-02 3.51844490e-01 5.60366571e-01 3.01467478e-02
    9.77663398e-01 7.41282344e-01 9.53897119e-01 1.67923391e-01
    5.57189286e-01 3.28971714e-01 3.69724929e-02 3.99410963e-01
    1.30320549e-01 8.92439485e-01 2.74751902e-01 5.58049619e-01
    8.78122091e-01 1.85526639e-01 8.87041211e-01 1.53533638e-01
    9.71968412e-01 1.65217221e-01 3.88744771e-01 2.63152242e-01
    4.22877312e-01 1.52284414e-01 1.54410720e-01 9.46933031e-03
    9.48528409e-01 3.88392866e-01 6.47547007e-01 5.34818530e-01
    2.14981377e-01 4.62634057e-01 8.41105521e-01 2.90600657e-01
    8.20469856e-02 1.21571898e-01 4.72216487e-01 2.42801279e-01
    6.26494884e-02 3.52701992e-01 8.75963569e-01 7.05345333e-01
    3.07959557e-01 7.51413465e-01 5.78508258e-01 6.84880137e-01
    2.23783702e-01 7.50126600e-01 3.69879991e-01 2.88527668e-01
    3.52334380e-01 8.22210610e-02 9.78629112e-01 3.04409087e-01
    4.48880762e-01 6.13869429e-02 5.11602402e-01 4.66561913e-02
    6.58108890e-01 2.55005360e-01 9.05492663e-01 7.69696236e-01
    1.83019638e-02 7.94742703e-02 9.00205076e-02 7.79316783e-01
    2.75156558e-01 4.68750656e-01 5.78492582e-02 8.30329299e-01
    9.83185470e-02 1.20035619e-01 5.63512146e-01 9.22065973e-02
    8.04783225e-01 4.42280710e-01 2.45365918e-01 3.69773656e-01
    1.93591923e-01 3.22611213e-01 1.74391717e-01 2.48595893e-01
    6.81373477e-03 8.87476683e-01 1.02578789e-01 3.77015471e-01
    1.36677325e-01 2.38516688e-01 9.04554963e-01 8.29394698e-01
    5.90638399e-01 3.94925416e-01 8.53331208e-01 7.94401050e-01
    5.68909585e-01 5.49956620e-01 3.01522017e-03 8.38706970e-01
    3.07903349e-01 6.63802087e-01 1.36629969e-01 7.62854576e-01
    4.24545318e-01 4.28613424e-02 4.00491476e-01 9.31505084e-01
    4.30833995e-02 5.85995018e-01 4.60075498e-01 9.35401082e-01
    6.53432012e-02 1.58030540e-01 8.87246847e-01 6.62156582e-01
    5.55324435e-01 9.87654805e-01 6.84308052e-01 1.06739253e-01
    1.33779168e-01 2.25913525e-01 5.79806805e-01 8.31533074e-01
    8.02811384e-02 1.31010771e-01 3.92904431e-01 8.70041609e-01
    1.38620883e-01 1.92718834e-01 5.45643210e-01 9.98318493e-01
    8.16138089e-01 9.00670409e-01 4.50389951e-01 9.36101675e-01
    6.50992572e-01 4.88019168e-01 2.35115588e-02 4.02878076e-01
    9.58359957e-01 8.30971062e-01 8.13098788e-01 6.90269828e-01
    6.09517634e-01 5.68151474e-01 5.65628529e-01 5.45890331e-02
    9.16365862e-01 6.54346943e-01 6.61016703e-01 2.79511452e-01
    8.43130708e-01 8.05262089e-01 2.47066110e-01 9.25300121e-01
    2.97489703e-01 7.64965415e-01 6.60488784e-01 3.52933943e-01
    6.16748154e-01 7.33881354e-01 5.36230922e-01 9.39655840e-01
    8.97548437e-01 9.97099400e-01 9.21960831e-01 9.04696703e-01
    3.28370214e-01 6.06539130e-01 3.95048440e-01 7.88179934e-02
    4.43140477e-01 3.92432302e-01 7.42368162e-01 1.88421696e-01
    6.00169003e-01 6.08392179e-01 4.47406024e-01 9.31727171e-01
    4.52701628e-01 7.41443515e-01 4.86139983e-01 5.32337546e-01
    9.00096774e-01 5.24478078e-01 5.36642075e-01 1.38941735e-01
    9.38260198e-01 5.66791117e-01 1.30719453e-01 4.83429849e-01
    1.98896348e-01 9.99160409e-01 8.68420362e-01 1.14368260e-01
    5.61176121e-01 5.61871946e-01 9.30536211e-01 8.06952417e-02
    6.44882858e-01 2.19630778e-01 8.09047222e-01 3.34235728e-01
    5.48747778e-01 2.82829463e-01 9.75544989e-01 7.36411691e-01
    6.94710672e-01 7.65780270e-01 3.86951745e-01 8.47178340e-01
    9.62659597e-01 1.60545111e-01 2.89739907e-01 4.27004427e-01
    3.84888679e-01 9.87606645e-01 8.81561041e-02 7.89921939e-01
    8.43198657e-01 5.69209516e-01 6.06031775e-01 9.22938466e-01
    8.92872930e-01 9.26169872e-01 9.02783871e-03 1.41174048e-01
    8.48279715e-01 2.11151868e-01 5.78831971e-01 6.31005287e-01
    3.61352861e-02 1.39722824e-02 5.25750041e-01 2.67173201e-01
    9.59807396e-01 2.95443863e-01 5.83613515e-01 4.70013082e-01
    2.96370089e-01 4.92810279e-01 2.34719962e-01 9.12420928e-01
    4.58398789e-01 8.20080101e-01 1.60172164e-01 3.39443237e-01
    5.98755777e-02 4.05834198e-01 7.21660852e-01 9.02855039e-01
    5.10085344e-01 7.30862916e-01 9.53563511e-01 9.46091235e-01
    8.35693121e-01 8.70669365e-01 3.17228496e-01 8.56381655e-03
    1.28376126e-01 3.55533838e-01 2.30354428e-01 9.71586287e-01
    9.65404749e-01 1.57871872e-01 8.17996681e-01 2.67123342e-01
    6.05506659e-01 5.63359141e-01 1.42724842e-01 5.42218983e-01
    1.70338333e-01 9.37086701e-01 6.63821697e-01 9.35580790e-01
    7.65616536e-01 8.43361914e-01 2.82736242e-01 9.92543697e-02
    8.98149073e-01 2.38829553e-01 9.86988246e-01 1.68798596e-01
    9.61684763e-01 7.08836138e-01 6.84766650e-01 3.31597149e-01
    4.48249489e-01 6.38294220e-03 6.05704010e-01 4.62332696e-01
    8.13811719e-01 9.35127318e-01 7.99371183e-01 5.20775199e-01
    9.54167962e-01 6.12811208e-01 6.47840202e-02 3.03280890e-01
    6.22696936e-01 5.64265728e-01 1.09798729e-01 3.64966542e-01
    3.87830436e-01 7.48726130e-02 5.12643218e-01 3.13025713e-01
    3.91930699e-01 1.77320838e-02 9.98005748e-01 6.92990065e-01
    2.57483780e-01 3.28870445e-01 4.90132302e-01 9.24871445e-01
    9.14367259e-01 2.09571779e-01 3.33353877e-03 2.39807069e-02
    9.82972741e-01 3.00413698e-01 9.68721628e-01 9.22014296e-01
    3.70505810e-01 2.44117945e-01 8.59881520e-01 9.63004231e-01
    7.33929634e-01 5.39362431e-03 1.43733919e-02 3.27596545e-01
    3.48195255e-01 8.71473968e-01 4.74575579e-01 8.65716577e-01
    6.92635596e-01 2.26119339e-01 8.83579254e-03 7.27983117e-02
    5.15239716e-01 5.13507783e-01 9.21655536e-01 6.88305497e-01
    1.28043264e-01 2.66760945e-01 1.67813271e-01 1.37190759e-01
    9.35778856e-01 6.24280453e-01 5.31444848e-02 6.57223821e-01
    9.06299055e-02 5.78863740e-01 4.55293745e-01 6.41717613e-01
    9.51126814e-01 6.74441218e-01 6.13798261e-01 9.81689513e-01
    9.82119739e-02 9.42809045e-01 1.49582744e-01 3.49836320e-01
    7.29832172e-01 5.42196155e-01 5.75189292e-01 5.21298051e-01
    9.40853357e-01 3.91976148e-01 9.02198255e-02 5.26936114e-01
    4.90895540e-01 6.68248117e-01 4.81352121e-01 6.69588149e-02
    4.15736347e-01 2.54716903e-01 2.35003829e-02 1.44385993e-01
    4.93899196e-01 6.11412346e-01 4.29427743e-01 9.64937806e-01
    8.58533263e-01 8.06710422e-01 7.52506018e-01 8.09928000e-01
    9.82104123e-01 5.97596347e-01 5.86936533e-01 5.89800894e-01
    9.37959671e-01 7.36514151e-01 9.88372445e-01 2.06835896e-01
    6.70033038e-01 3.19993377e-01 3.41766268e-01 2.79959857e-01
    5.23933470e-02 8.84415507e-01 1.91341370e-01 2.38548338e-01
    1.01354301e-01 1.04731053e-01 1.09209269e-01 3.51833999e-01
    7.49834538e-01 7.76812077e-01 5.79919338e-01 5.73383331e-01
    9.20099378e-01 6.38636887e-01 9.06226635e-01 9.65563416e-01
    6.11919880e-01 2.91125476e-02 4.40879166e-01 6.14841759e-01
    4.22593415e-01 8.50045502e-01 2.67032027e-01 5.49374759e-01
    8.06586206e-01 5.04525781e-01 3.21251541e-01 6.60518765e-01
    2.23021299e-01 1.25520349e-01 4.05874312e-01 2.11480349e-01
    8.83824825e-01 4.35519218e-03 4.78860676e-01 1.73526943e-01
    2.67060101e-01 3.34921062e-01 6.19677484e-01 9.38714981e-01
    3.49041224e-01 6.61472976e-01 6.96956813e-02 3.22543710e-01
    3.40130925e-01 5.36335945e-01 7.77214050e-01 1.57541007e-01
    7.85993576e-01 5.26788414e-01 1.45583451e-01 7.90343404e-01
    7.14270532e-01 4.48039770e-02 7.72578478e-01 6.43969774e-01
    1.65199429e-01 1.59928650e-01 7.21296430e-01 2.16161013e-02
    2.11119175e-01 1.47574872e-01 7.25226343e-01 9.23911333e-01
    8.13731074e-01 1.90844297e-01 3.28954726e-01 7.81863213e-01
    8.67916346e-01 1.31785184e-01 6.19120479e-01 2.66998112e-01
    1.22545063e-02 3.21590632e-01 5.04311562e-01 6.55198812e-01
    4.59583014e-01 7.11566567e-01 3.66364419e-01 8.97229016e-01
    3.77412528e-01 6.29905522e-01 4.35669959e-01 5.75051606e-01
    2.68161356e-01 1.99760497e-01 5.96825242e-01 1.68493032e-01
    9.34317827e-01 7.84995437e-01 3.41520786e-01 3.04273605e-01
    7.51764774e-01 9.31660891e-01 5.61199546e-01 7.50675619e-01
    4.48990315e-01 6.52632654e-01 5.99768221e-01 1.01519644e-01
    8.25995803e-01 2.56085098e-02 3.56205225e-01 4.57869202e-01
    9.15571868e-01 3.35599035e-01 2.49144435e-02 4.62933809e-01
    6.18571162e-01 3.26971889e-01 9.74153101e-01 8.90412092e-01
    9.13337171e-02 4.32914674e-01 1.43156528e-01 7.86876202e-01
    3.80289227e-01 7.41942048e-01 4.80753779e-02 3.57053250e-01
    1.26562208e-01 5.46185613e-01 6.89122438e-01 7.10822821e-01
    5.85183442e-01 5.28210104e-02 8.68495107e-01 7.24932671e-01
    4.92970735e-01 2.93053985e-01 3.75505894e-01 5.65520585e-01
    1.52355671e-01 2.74856448e-01 7.43140697e-01 2.17800230e-01
    7.03462958e-03 7.54163384e-01 7.25510359e-01 1.40486181e-01
    6.66280329e-01 3.48475516e-01 9.54595447e-01 2.71217883e-01
    6.90577805e-01 6.40603304e-01 1.43877834e-01 9.54478741e-01
    2.26666808e-01 2.73437083e-01 6.61379099e-01 8.67145360e-01
    4.84303385e-01 6.27705097e-01 7.65350103e-01 6.92716539e-01
    4.67852503e-01 8.81573558e-01 2.50352770e-01 5.16514957e-01
    3.13732028e-01 9.37825561e-01 2.63444066e-01 9.86982346e-01
    2.55816936e-01 1.00154340e-01 7.64260530e-01 6.52853847e-01
    7.96467662e-01 3.36561382e-01 8.59664083e-01 6.40321255e-01
    9.72251058e-01 8.73532772e-01 4.21172738e-01 9.81624365e-01
    5.84023118e-01 4.60087299e-01 5.34645200e-01 2.12607741e-01
    6.65939391e-01 2.39137769e-01 3.68685067e-01 9.32453871e-01
    9.93747473e-01 9.73371506e-01 4.46805239e-01 9.75356519e-01
    4.52375680e-01 4.84784752e-01 3.66391569e-01 4.31094110e-01
    2.00404853e-01 3.38232338e-01 3.66060197e-01 1.22178823e-01
    1.66893691e-01 6.14458323e-01 2.82539219e-01 2.97935724e-01
    5.46339631e-01 9.69366789e-01 2.67597318e-01 6.45750403e-01
    2.29922026e-01 6.68340862e-01 1.07932657e-01 5.79365194e-02
    8.82592142e-01 8.96896958e-01 6.55108988e-01 1.81449234e-01
    6.65009379e-01 7.42372572e-02 2.22308546e-01 9.39737916e-01
    1.79106086e-01 2.48006582e-01 2.11626530e-01 8.31171095e-01
    6.27285898e-01 8.46732855e-01 6.26481473e-01 6.34009540e-02
    2.54963666e-01 1.91021532e-01 3.14356029e-01 7.99915433e-01
    4.33683783e-01 2.25588232e-01 4.73674774e-01 9.73556876e-01
    7.26056218e-01 8.27999830e-01 8.46999288e-01 3.42770815e-01
    9.23102796e-01 2.22574681e-01 3.19739163e-01 3.26919407e-01
    1.81669682e-01 7.79279292e-01 9.56288636e-01 2.49832064e-01
    4.52753097e-01 1.30016625e-01 2.84644812e-01 6.31018460e-01
    8.66566420e-01 1.05100125e-01 2.33178705e-01 9.65233207e-01
    4.33710307e-01 4.48310643e-01 5.72726071e-01 9.64650393e-01
    6.58011556e-01 3.21097910e-01 8.78765702e-01 5.38284302e-01
    1.06714368e-02 4.73312318e-01 1.81157589e-02 1.21401787e-01
    1.98554069e-01 7.46962368e-01 1.69209540e-01 2.50670016e-02
    8.35850060e-01 8.29896092e-01 4.98120636e-01 9.83397603e-01
    7.48959720e-01 5.05144835e-01 6.17335796e-01 8.00777078e-02
    2.72177398e-01 3.61325592e-01 8.69814515e-01 6.44900203e-01
    4.01959836e-01 6.87613010e-01 3.76886725e-01 6.05390847e-01
    6.96483970e-01 9.54382181e-01 4.63467896e-01 2.13138491e-01
    8.49580586e-01 3.83126020e-01 3.43122125e-01 5.23836792e-01
    9.83084738e-01 9.94367003e-02 1.22011751e-01 3.85763824e-01
    3.32126796e-01 3.45747828e-01 8.47220182e-01 6.21594191e-01
    6.37446523e-01 9.07957792e-01 7.71114707e-01 2.49128610e-01
    9.17577028e-01 3.89890790e-01 1.75934136e-01 1.96542501e-01
    1.68528557e-01 6.65142536e-01 7.84571886e-01 2.92772412e-01
    6.39973462e-01 9.53048110e-01 7.87528932e-01 4.74992096e-01
    8.96403253e-01 9.79849160e-01 2.00192451e-01 1.35060668e-01
    2.17653364e-01 6.21560335e-01 4.13599789e-01 4.49070007e-01
    9.48977232e-01 6.48812532e-01 4.74005550e-01 9.52249229e-01
    1.58922255e-01 6.18099868e-01 9.76769090e-01 3.63642514e-01
    7.53470540e-01 6.99212968e-01 1.43591762e-01 7.83360243e-01
    8.05706382e-01 9.86601710e-01 8.49557102e-01 4.53675330e-01
    1.72427744e-01 6.40641987e-01 1.55345052e-01 2.10364968e-01
    6.93007350e-01 7.49370098e-01 1.94384336e-01 6.57299638e-01
    5.99784255e-02 2.26975799e-01 9.88833666e-01 4.69312042e-01
    8.16620231e-01 9.60759282e-01 8.38635087e-01 6.81613684e-01
    5.62456012e-01 3.84948671e-01 2.41838574e-01 5.12532592e-01
    1.93999052e-01 4.54891056e-01 6.00102484e-01 1.13687277e-01
    2.63499141e-01 9.52533782e-02 6.05449021e-01 9.62691545e-01
    9.15610909e-01 6.42325461e-01 9.89760160e-01 1.28870338e-01
    6.88322961e-01 8.18675995e-01 2.81068325e-01 4.38399702e-01
    8.02749276e-01 6.83814526e-01 4.85768169e-01 6.75080240e-01
    8.57173204e-01 1.59369498e-01 3.40868235e-02 2.35206664e-01
    1.03575498e-01 8.62299323e-01 3.07164818e-01 3.73953164e-01
    8.92458975e-01 5.45393229e-02 1.23097867e-01 3.21718484e-01
    6.03319526e-01 4.23631668e-01 7.47978806e-01 7.62672901e-01
    5.61709762e-01 9.07625675e-01 3.71903747e-01 1.61361635e-01
    5.03137410e-02 1.65917844e-01 9.37292337e-01 4.44429904e-01
    8.76457930e-01 2.19240963e-01 7.25410163e-01 6.06455028e-01
    3.78507078e-01 3.92479300e-01 6.40991449e-01 4.43631709e-02
    4.49478507e-01 3.60824466e-02 5.48787534e-01 6.91307783e-01
    5.38431823e-01 4.42541093e-01 3.16264331e-01 3.04517150e-01
    7.15045750e-01 7.72465825e-01 2.03720927e-02 6.18621409e-01
    3.85868490e-01 3.36140990e-01 5.87529480e-01 3.61723840e-01
    3.05935949e-01 1.98645920e-01 3.02128792e-01 9.78478730e-01
    7.50429988e-01 7.19169080e-01 2.03589082e-01 2.93220639e-01
    7.63102055e-01 1.23416483e-01 5.19937217e-01 1.30283207e-01
    4.91128266e-01 5.71973324e-02 3.39601099e-01 1.97349578e-01
    5.68041682e-01 4.14712071e-01 1.06195271e-01 6.21098936e-01
    4.46731240e-01 9.60976839e-01 5.34223497e-01 7.39775896e-01
    9.76590991e-01 5.19535065e-01 1.54934943e-01 9.61763263e-01
    8.53701830e-01 2.90874302e-01 8.46658051e-01 1.02450728e-01
    5.09577096e-01 2.32806504e-01 6.12209320e-01 4.45998877e-01
    1.44276798e-01 3.51202965e-01 3.92066807e-01 4.59357828e-01
    1.86537474e-01 2.19235390e-01 1.77863210e-01 1.58125550e-01
    5.27261496e-01 2.63873637e-01 1.68690860e-01 2.91200459e-01
    9.87253189e-01 2.50288546e-01 8.87212336e-01 7.84693003e-01
    1.28604561e-01 9.94962573e-01 4.75696713e-01 5.24391890e-01
    8.63094628e-02 9.25213099e-01 6.23097122e-02 3.31027091e-01
    8.58601034e-02 1.36048049e-01 1.39293194e-01 4.93250340e-01
    5.72488427e-01 2.05580235e-01 4.59449172e-01 6.73478842e-03
    3.82097244e-01 5.89535475e-01 3.05823147e-01 2.22172260e-01
    4.69797492e-01 1.76347047e-01 1.03190601e-01 6.83505714e-01
    5.11154711e-01 8.00857544e-01 8.95926058e-02 8.90516162e-01
    6.40008152e-01 6.69063628e-01 2.37968534e-01 8.36555302e-01
    8.18105459e-01 1.70382380e-01 8.52913558e-01 4.61252928e-01
    6.55283272e-01 3.94528687e-01 7.68518746e-01 6.93028569e-01
    1.37832731e-01 9.26804841e-02 3.69622231e-01 2.17761099e-01
    3.09336782e-02 2.56990314e-01 5.22417903e-01 8.78660381e-01
    9.10701156e-01 1.48729742e-01 7.22230971e-01 8.15344453e-01
    7.74154782e-01 7.04860926e-01 5.91898739e-01 9.72688675e-01
    1.63526058e-01 9.71271455e-01 4.44845170e-01 5.78863144e-01
    7.18412519e-01 9.78694856e-02 4.34561729e-01 2.49142855e-01
    8.58315527e-01 8.53244901e-01 1.67344958e-01 8.19453239e-01
    6.07689321e-02 2.45750517e-01 6.71527147e-01 1.29310638e-01
    7.71390438e-01 5.27636528e-01 9.67371941e-01 7.35556722e-01
    4.64441717e-01 4.31442440e-01 7.22867131e-01 7.76631892e-01
    9.80051160e-01 9.75016117e-01 9.56741631e-01 4.48695987e-01
    3.60832274e-01 3.93096209e-02 8.35990012e-02 8.37642014e-01
    3.96497935e-01 1.37866139e-01 1.31467789e-01 5.26755154e-02
    2.97341943e-01 8.03895116e-01 2.37027586e-01 8.78292441e-01
    2.26391375e-01 9.86726522e-01 3.75569075e-01 3.05774570e-01
    9.73707795e-01 6.46421850e-01 7.93588340e-01 9.09823298e-01
    3.84238362e-03 3.54540944e-01 8.70794773e-01 8.69390011e-01
    9.42641497e-01 6.97482944e-01 7.67481029e-02 5.82047701e-01
    7.62988150e-01 8.64341855e-01 8.17698300e-01 6.24103427e-01
    2.18779474e-01 5.82947373e-01 9.46581960e-01 3.12150300e-01
    9.03476357e-01 2.09044427e-01 7.92358994e-01 7.84009814e-01
    7.50246048e-01 4.82897073e-01 4.62208599e-01 5.74192703e-01
    5.46592772e-01 2.41896212e-02 4.56035316e-01 9.52236593e-01
    5.89345634e-01 2.07932740e-01 7.44063854e-02 8.72972429e-01
    7.24714160e-01 5.95141947e-01 3.13115120e-03 3.52384180e-01
    7.70264745e-01 5.36461532e-01 7.78858304e-01 4.32838470e-01
    6.71538591e-01 6.82087243e-02 4.53680485e-01 8.03623199e-01
    7.24595547e-01 1.58071518e-01 2.69089073e-01 6.68626726e-02
    6.10443413e-01 8.57476950e-01 7.99413621e-01 1.94454044e-01
    2.19937891e-01 2.15408921e-01 1.98096216e-01 3.15484881e-01
    8.63451481e-01 7.79222012e-01 8.49412799e-01 4.38894689e-01
    5.28090715e-01 3.07277918e-01 6.68976963e-01 4.11833167e-01
    7.94027686e-01 6.87695801e-01 9.81204152e-01 3.74870628e-01
    5.02032399e-01 7.90840507e-01 6.01486146e-01 8.59294415e-01
    6.55194521e-02 9.48617816e-01 6.71837270e-01 7.12527931e-02
    9.85087454e-02 3.10364187e-01 4.78411913e-02 1.57194793e-01
    7.44131029e-01 1.22783601e-01 6.43989444e-01 1.24925464e-01
    5.31496167e-01 8.46650124e-01 4.09319103e-02 8.33719850e-01
    3.91238183e-01 5.61338961e-02 2.34002978e-01 4.72789407e-01
    2.86023021e-02 2.59690046e-01 2.46870816e-02 6.57917738e-01
    2.27811933e-01 9.71798956e-01 5.08974731e-01 3.29137623e-01
    8.04965019e-01 8.36232960e-01 8.96315634e-01 1.98768586e-01
    3.56137753e-01 4.87709969e-01 8.00295651e-01 4.62557673e-02
    7.08925962e-01 5.43399215e-01 3.97921324e-01 4.78764743e-01
    6.41305447e-01 3.90534073e-01 8.52183223e-01 8.30317318e-01
    4.93675977e-01 6.31912172e-01 8.08208466e-01 2.59258449e-01
    4.78780508e-01 7.25142241e-01 8.73144269e-01 2.31812000e-01
    2.82229930e-01 1.38592422e-02 6.95713639e-01 2.66783535e-02
    2.80094326e-01 6.75425887e-01 5.53216219e-01 4.28855598e-01
    1.47765964e-01 9.40255225e-01 4.96952593e-01 8.41133237e-01
    4.58853543e-01 8.82655501e-01 1.87592089e-01 3.85920882e-01
    5.95215976e-01 1.39399886e-01 8.16288590e-01 8.74622047e-01
    6.14751220e-01 6.50362968e-02 1.99684799e-02 4.37694788e-03
    5.00165999e-01 1.77260935e-01 5.12585044e-02 5.71306705e-01
    6.67394280e-01 3.79264712e-01 3.35674584e-01 9.20851469e-01
    9.93756771e-01 7.11629868e-01 2.06900805e-01 4.66770411e-01
    6.29505038e-01 1.64043009e-01 8.44474554e-01 8.33467484e-01
    9.55088496e-01 5.90013981e-01 1.82560384e-01 1.50169134e-01
    6.72066212e-01 8.94084334e-01 1.02340281e-02 4.05030549e-02
    2.61303246e-01 2.25045621e-01 4.46684480e-01 2.10357785e-01
    7.75064409e-01 8.76145661e-01 5.80375373e-01 7.87802219e-01
    2.88187265e-01 4.12425995e-01 5.27054071e-01 8.45190883e-01
    8.70350480e-01 7.26711094e-01 4.94789213e-01 2.33096689e-01
    3.06245059e-01 3.04014623e-01 8.46232176e-02 6.93135858e-01
    5.00036478e-01 8.21128488e-03 4.21448827e-01 3.81153435e-01
    6.54915392e-01 8.86356354e-01 8.63230824e-01 5.80761254e-01
    4.37102020e-02 8.99796486e-02 7.38886297e-01 4.67642695e-01
    8.36513340e-02 6.19213641e-01 5.57991266e-01 2.56457746e-01
    8.97792935e-01 4.01834488e-01 8.57545733e-01 9.10629451e-01
    1.72178447e-02 5.01130760e-01 4.48264778e-02 5.21960437e-01
    9.11797702e-01 6.27332866e-01 3.69633436e-02 4.06825960e-01
    3.25261444e-01 4.63089168e-01 1.69700325e-01 9.21422303e-01
    3.83824974e-01 9.82038975e-01 1.25538498e-01 8.41782570e-01
    1.15515471e-01 6.43205643e-03 5.82083344e-01 9.70176160e-02
    1.38508290e-01 2.91360557e-01 5.45387268e-02 6.40861392e-01
    9.02872562e-01 2.92165369e-01 1.12762183e-01 2.25325078e-01
    3.20992351e-01 4.67598110e-01 8.32623363e-01 4.99964833e-01
    8.16574693e-03 3.41365755e-01 1.05824560e-01 1.13973498e-01
    9.33982968e-01 8.04354846e-02 9.79458988e-01 9.19268847e-01
    2.68878281e-01 2.75791585e-02 8.89755607e-01 8.33669543e-01
    4.10784125e-01 4.07820702e-01 7.54394829e-01 6.28147840e-01
    9.96692240e-01 6.05641007e-01 2.20346600e-01 8.05458307e-01
    1.22083783e-01 2.70723939e-01 3.73930782e-01 7.59657860e-01
    4.65526283e-02 7.75872231e-01 8.09567511e-01 4.90595222e-01
    7.19145000e-01 9.39702988e-03 3.94934952e-01 7.55071998e-01
    5.20205498e-02 6.32725656e-02 7.19527602e-01 6.48123920e-02
    7.51254201e-01 9.56905544e-01 5.10096371e-01 8.64744008e-01
    4.35048819e-01 4.79807675e-01 9.65510786e-01 9.54234004e-01
    9.66422319e-01 3.74158621e-01 1.14915639e-01 7.49441385e-01
    4.69181776e-01 1.11380965e-01 1.30956918e-01 1.36602491e-01
    1.00923836e-01 6.52060628e-01 9.98049736e-01 7.21928775e-02
    2.75639743e-01 3.85707140e-01 1.93147719e-01 7.60559559e-01
    1.87601715e-01 2.88010687e-01 2.72409737e-01 9.38431621e-01
    6.89640164e-01 4.22529638e-01 6.79765761e-01 5.37715077e-01
    6.49187565e-01 9.42407787e-01 5.64310849e-01 5.27015626e-01
    8.31027746e-01 7.72284269e-01 1.29528046e-02 5.66322982e-01
    2.92212367e-02 8.73368263e-01 9.95194852e-01 8.44586194e-01
    7.04375744e-01 4.88883466e-01 9.83894050e-01 7.40941048e-01
    8.06502342e-01 4.35241610e-01 1.49511039e-01 3.21975857e-01
    2.12471485e-01 7.97483325e-01 5.46369910e-01 4.18138385e-01
    8.94247293e-01 3.18957865e-01 3.75026703e-01 1.22596353e-01
    9.20921803e-01 4.41508919e-01 8.52742434e-01 8.81261766e-01
    2.45920390e-01 4.44822460e-01 7.80247986e-01 4.37845290e-02
    5.01060069e-01 1.97783560e-01 2.34877616e-01 1.14833534e-01
    2.96942830e-01 4.45071995e-01 8.53210926e-01 1.17645264e-01
    2.86751270e-01 6.48086548e-01 6.06998146e-01 8.42969120e-02
    2.30626792e-01 4.79398668e-02 5.04591763e-02 7.56470680e-01
    1.34411454e-02 5.72820187e-01 3.02551150e-01 6.26514196e-01
    7.77659953e-01 8.17999184e-01 2.46208906e-02 7.17861712e-01
    5.32431662e-01 9.41628933e-01 5.68955243e-02 4.23725128e-01
    4.02791262e-01 3.14808786e-01 7.82312274e-01 7.39983439e-01
    4.42231715e-01 7.72088468e-02 4.43381488e-01 5.20986974e-01
    1.40762985e-01 1.32765949e-01 3.12267661e-01 8.93417001e-01
    9.29036260e-01 2.09243596e-01 4.32069480e-01 7.32547402e-01
    5.64993620e-01 9.98452187e-01 1.53611690e-01 1.38347626e-01
    6.25562191e-01 6.60597682e-01 7.58823156e-02 1.12425208e-01
    4.52792794e-01 6.58748090e-01 4.81311083e-01 6.13345742e-01
    7.06295371e-01 5.08058369e-02 7.09638357e-01 8.31518769e-01
    3.26747239e-01 5.94141066e-01 1.63207352e-02 8.55274320e-01
    2.00547576e-02 2.39438474e-01 5.15069783e-01 9.94269788e-01
    3.04669619e-01 3.22063625e-01 1.73223674e-01 7.24902630e-01
    3.24672103e-01 1.21853054e-01 2.35131383e-02 5.79049289e-01
    7.63181329e-01 1.68768525e-01 5.24454176e-01 1.13909900e-01
    7.83378601e-01 2.22285360e-01 8.55498552e-01 7.36608565e-01
    3.87219965e-01 9.80672181e-01 6.94363594e-01 8.33528876e-01
    2.90099084e-02 3.41258943e-01 7.49045372e-01 6.30222738e-01
    9.71634269e-01 5.87652445e-01 1.20796382e-01 1.32033736e-01
    7.40445018e-01 3.23733270e-01 8.40561152e-01 1.09521806e-01
    1.37755334e-01 4.03468192e-01 5.74295640e-01 2.87775815e-01
    2.12577283e-02 5.20777464e-01 6.99455023e-01 3.23253036e-01
    7.24465370e-01 7.41973221e-01 4.85549927e-01 4.29389864e-01
    3.43532562e-02 5.65129638e-01 7.50278234e-01 1.26737356e-01
    9.70941126e-01 6.08410656e-01 7.77804852e-01 7.29452252e-01
    6.92199647e-01 3.25241983e-01 4.71504748e-01 8.18349838e-01
    4.48318452e-01 1.72390044e-02 5.29959381e-01 5.30066907e-01
    8.59369278e-01 9.88100529e-01 1.99853182e-02 9.07121062e-01
    4.12296772e-01 7.42969453e-01 4.40927386e-01 8.30810428e-01
    3.49062443e-01 7.62098312e-01 1.47211343e-01 2.38630712e-01
    2.78906673e-01 3.51341128e-01 4.37977195e-01 4.79493320e-01
    9.15390849e-01 4.78431582e-02 9.46481943e-01 8.54536295e-01
    3.78181458e-01 5.45830011e-01 7.16551185e-01 5.26846051e-01
    8.96228254e-02 5.24581730e-01 3.35079849e-01 7.30625033e-01
    5.29868662e-01 9.72079158e-01 3.05634290e-01 7.51964688e-01
    7.03532577e-01 1.72891796e-01 8.53659272e-01 8.87360096e-01
    8.21780920e-01 8.60050321e-01 1.04499489e-01 6.26423359e-01
    5.07514715e-01 6.35358334e-01 1.15435660e-01 1.41410202e-01
    7.52365053e-01 4.60570097e-01 6.62844419e-01 4.59649861e-02
    5.74244142e-01 4.31027979e-01 9.57466066e-01 1.29575521e-01
    8.89664710e-01 9.74281549e-01 8.40399027e-01 8.96142960e-01
    7.68754721e-01 2.42222846e-02 5.09737194e-01 2.84451723e-01
    8.52001548e-01 8.43142509e-01 9.91854668e-01 5.86744010e-01
    7.53837347e-01 9.55075622e-01 4.61427867e-01 5.05877972e-01
    5.44480801e-01 8.13439906e-01 2.72644222e-01 4.06090736e-01
    4.57231998e-02 6.71344101e-02 4.98095393e-01 8.98506641e-01
    7.62183070e-01 8.63123596e-01 2.59940892e-01 2.44833827e-01
    9.15606737e-01 4.30826426e-01 8.89163494e-01 6.41441762e-01
    9.20130610e-02 2.69085646e-01 7.97137499e-01 3.96942765e-01
    6.09721541e-01 3.72582644e-01 4.87387657e-01 2.56449342e-01
    1.90240115e-01 1.23174131e-01 5.96306980e-01 7.14803219e-01
    2.80270517e-01 5.05922616e-01 7.64363408e-01 7.22012043e-01
    8.10551703e-01 7.10538507e-01 6.53522730e-01 5.81285894e-01
    6.52273297e-01 8.56488943e-03 1.20808095e-01 4.35502261e-01
    3.53282571e-01 8.50665808e-01 3.29534352e-01 8.62520576e-01
    4.30614114e-01 2.65143156e-01 5.60747087e-02 5.15211523e-01
    4.38703775e-01 1.56253994e-01 7.74957299e-01 8.49276781e-01
    3.40328604e-01 4.66237664e-02 3.65146995e-02 1.52072668e-01
    1.01872534e-01 2.77829945e-01 4.80612099e-01 3.40987444e-02
    5.81854045e-01 4.36127692e-01 9.17941093e-01 2.10230678e-01
    8.20783377e-01 8.92368376e-01 4.61400390e-01 8.43602657e-01
    8.52211356e-01 3.53860617e-01 8.94450307e-01 5.11632144e-01
    4.41656470e-01 4.62506562e-01 6.13586903e-01 2.25208223e-01
    3.46163929e-01 9.68976796e-01 5.99177837e-01 4.89661098e-03
    8.68301868e-01 2.19043553e-01 1.95611268e-01 2.40671843e-01
    6.93755448e-02 6.04253232e-01 3.18565071e-02 6.60859525e-01
    5.92833400e-01 2.54758000e-01 1.00555331e-01 1.00348711e-01
    7.19716728e-01 8.73122454e-01 7.82158613e-01 2.27664322e-01
    1.97099447e-02 7.19961882e-01 2.19759434e-01 6.08381569e-01
    5.80205381e-01 9.38163280e-01 2.69592404e-02 8.67744625e-01
    1.55445337e-02 1.10883147e-01 6.62761211e-01 7.79793084e-01
    1.98820829e-02 5.20209670e-01 5.28020859e-01 9.49512124e-01
    1.23343915e-01 1.52143180e-01 3.46345305e-01 8.88269246e-02
    8.38171482e-01 6.65838063e-01 1.60913229e-01 4.20154035e-01
    1.10714734e-01 3.27490598e-01 6.56902492e-01 9.42922413e-01
    3.31836641e-01 5.14776051e-01 2.17703879e-01 1.07530773e-01
    2.05695122e-01 8.14905584e-01 9.46583450e-02 5.74328780e-01
    4.41360116e-01 4.89974886e-01 9.87439990e-01 9.79426503e-01
    2.74720132e-01 9.11217809e-01 7.48024881e-02 4.09442455e-01
    6.93140924e-01 1.02368057e-01 3.88198376e-01 6.79358840e-01
    1.95500076e-01 7.18081832e-01 9.53865647e-01 4.10003334e-01
    4.78032440e-01 8.52955937e-01 8.03378284e-01 1.24929458e-01
    1.24844849e-01 3.26138258e-01 8.55714917e-01 2.55677819e-01
    4.27600265e-01 7.93247819e-02 6.76033556e-01 3.25091779e-01
    5.84165335e-01 3.06725502e-01 6.99375272e-02 9.38517094e-01
    4.08742547e-01 7.54836082e-01 6.77553415e-01 5.70334017e-01
    8.51542830e-01 6.73553646e-02 8.79912615e-01 5.21948814e-01
    4.29468751e-02 3.23547065e-01 7.05500841e-01 7.70289361e-01
    5.60355783e-01 7.45227039e-01 1.09124422e-01 8.08089077e-01
    1.89892113e-01 3.78571570e-01 6.25227094e-01 6.45111978e-01
    6.93912268e-01 6.76280737e-01 4.33363289e-01 3.69733125e-01
    6.50848150e-02 4.83558834e-01 1.93990618e-01 8.65284204e-02
    9.69013095e-01 2.01398313e-01 1.77693039e-01 1.99035287e-01
    8.98805439e-01 4.45333064e-01 4.31123912e-01 6.55479789e-01
    3.82435679e-01 9.68218565e-01 6.67208552e-01 6.20758653e-01
    5.68088949e-01 2.93829381e-01 1.49013460e-01 6.33498192e-01
    9.65580821e-01 3.75555426e-01 7.97047257e-01 4.55538630e-02
    6.38484895e-01 5.73316991e-01 6.65109158e-01 3.09012890e-01
    4.47923392e-01 3.08765560e-01 3.78551900e-01 8.49165201e-01
    9.80514109e-01 5.54515064e-01 1.13095641e-02 5.59798896e-01
    8.82708132e-02 2.85170943e-01 1.72085762e-02 9.07516003e-01
    4.01099324e-02 7.80313551e-01 7.80239999e-02 2.59672672e-01
    8.66817355e-01 5.25968611e-01 2.71578729e-01 8.51437032e-01
    1.90655231e-01 2.35779136e-01 3.45013857e-01 1.68192476e-01
    2.94171900e-01 5.92882276e-01 2.09795564e-01 2.63863862e-01
    8.91566396e-01 3.62904310e-01 5.38251758e-01 6.85520709e-01
    8.61539125e-01 1.92965090e-01 8.02628040e-01 9.41781521e-01
    2.48188615e-01 4.39600617e-01 3.34026694e-01 2.01930583e-01
    7.96082616e-01 1.26946121e-01 4.93346930e-01 5.94386876e-01
    8.47849488e-01 2.91923046e-01 9.36222911e-01 9.15849566e-01
    8.78200233e-01 5.38949668e-01 2.06057131e-01 3.62846315e-01
    2.56697536e-01 9.42464113e-01 2.28293806e-01 3.44523728e-01
    1.67866170e-01 5.97276986e-01 6.72366202e-01 9.78356957e-01
    7.63978124e-01 5.33829033e-01 6.88432872e-01 3.38015825e-01
    8.37561011e-01 6.02971017e-01 6.91755533e-01 2.68373072e-01
    5.02942204e-01 3.68026912e-01 8.01790237e-01 2.32382953e-01
    6.26663446e-01 3.18107754e-01 4.96966541e-01 8.65398347e-02
    7.70013511e-01 5.89445591e-01 7.16994524e-01 2.83826292e-01
    4.50883567e-01 3.62989277e-01 3.13387871e-01 6.02399111e-01
    8.69383037e-01 4.36040461e-01 8.28230500e-01 1.03819937e-01
    4.40036207e-01 5.08758068e-01 5.23824632e-01 8.16659689e-01
    1.42759591e-01 3.53523731e-01 4.53740656e-02 8.22151780e-01
    8.84591579e-01 2.80502439e-03 3.76635790e-01 7.94954896e-01
    2.12049842e-01 5.77477336e-01 4.06661928e-01 9.25732851e-01
    3.37519825e-01 1.67371392e-01 4.12999094e-02 7.66941547e-01
    6.59187078e-01 4.58423615e-01 7.30262637e-01 6.06962740e-01
    3.90798181e-01 3.49494100e-01 2.47645676e-01 7.96341658e-01
    1.13049299e-01 2.44323134e-01 5.06460667e-01 4.08631474e-01
    1.98557705e-01 2.18241811e-01 1.02597326e-01 4.89593357e-01
    7.09264696e-01 6.25138044e-01 4.19678390e-02 6.00219250e-01
    8.04351330e-01 8.51893544e-01 8.73471022e-01 9.96358931e-01
    3.87310416e-01 7.60445356e-01 1.12844288e-01 6.32798314e-01
    6.72122002e-01 1.47957951e-01 4.39205676e-01 6.97841704e-01
    1.67782724e-01 6.57004237e-01 7.18266368e-01 4.29280400e-02
    7.24992156e-01 5.86173892e-01 6.99312866e-01 7.27693617e-01
    5.15414834e-01 5.81011057e-01 7.50615299e-01 6.20766640e-01
    6.42999470e-01 7.08979130e-01 7.39432395e-01 8.05626035e-01
    5.07107675e-02 5.71876407e-01 7.90605068e-01 3.23431671e-01
    8.84270906e-01 3.41232717e-01 5.71655989e-01 4.87058580e-01
    2.69726366e-01 2.04476416e-02 6.19170964e-02 2.67768800e-01
    1.27939761e-01 6.18386984e-01 9.29052770e-01 3.19141805e-01
    1.52974606e-01 5.91202140e-01 4.91903901e-01 2.53136635e-01
    5.00978708e-01 9.96725798e-01 2.78930843e-01 9.43199039e-01
    9.47209358e-01 4.33219731e-01 4.26642418e-01 2.69966751e-01
    3.78820896e-02 1.29758507e-01 2.36690640e-01 1.20020509e-01
    1.71429515e-01 7.66903400e-01 1.94395214e-01 1.65036231e-01
    8.42804551e-01 8.51905346e-03 5.96526086e-01 1.60198063e-01
    1.63262218e-01 9.18408096e-01 8.43028963e-01 2.18711466e-01
    8.52682114e-01 8.74334574e-01 4.53962147e-01 1.86359584e-01
    7.52456903e-01 5.16317368e-01 5.95824063e-01 8.47187698e-01
    1.91935986e-01 2.19409823e-01 4.35638219e-01 9.62613225e-01
    9.07481790e-01 8.00683856e-01 8.31247330e-01 4.91580307e-01
    8.45542848e-01 8.50424230e-01 8.15951824e-02 2.42758036e-01
    4.40130621e-01 5.17312229e-01 6.88055158e-03 1.98415130e-01
    4.99015868e-01 8.80152643e-01 8.64707232e-01 1.72380775e-01
    9.26513374e-01 1.64922357e-01 8.97808373e-01 1.42600656e-01
    8.61129761e-01 4.52696264e-01 1.76557571e-01 2.94904828e-01
    4.57825065e-01 7.46244907e-01 6.61198020e-01 4.65141505e-01
    1.55464709e-01 7.42419541e-01 5.74472070e-01 8.58269811e-01
    5.02650321e-01 9.03733194e-01 8.08099508e-01 2.58352876e-01
    7.69841313e-01 9.09165263e-01 9.69749570e-01 1.03925228e-01
    5.76430440e-01 9.42891121e-01 3.56717408e-01 4.09856707e-01
    7.59800076e-01 8.41231883e-01 5.61193705e-01 9.75417793e-02
    9.49332178e-01 6.11135006e-01 6.13747418e-01 4.11104202e-01
    4.58741188e-02 3.43552411e-01 4.93891835e-02 3.15330803e-01
    1.73881978e-01 8.92623365e-02 4.25208688e-01 1.67700410e-01
    6.33201361e-01 8.22793365e-01 4.03264165e-01 4.43859488e-01
    8.68588090e-01 2.50752419e-01 3.92392933e-01 4.10053432e-02
    3.80635947e-01 7.00807750e-01 9.13169742e-01 5.10328650e-01
    9.42742825e-03 1.53973401e-02 8.16090763e-01 3.18221122e-01
    8.66897643e-01 7.39900827e-01 8.56576443e-01 1.42743796e-01
    8.08534086e-01 1.45334363e-01 8.08089375e-02 6.73788905e-01
    6.81597531e-01 5.10296464e-01 7.44407594e-01 9.57891226e-01
    8.22099745e-02 9.94513273e-01 6.86318994e-01 2.04082638e-01
    8.26164961e-01 9.82044816e-01 7.03981340e-01 1.28602177e-01
    1.02009147e-01 1.59996808e-01 3.85608971e-02 3.56132776e-01
    2.62995005e-01 4.50946659e-01 7.66424060e-01 1.33458018e-01
    1.94690436e-01 9.07887995e-01 2.13318676e-01 6.42359257e-02
    4.88378882e-01 9.31523323e-01 3.49670887e-01 3.52026016e-01
    6.47413731e-03 9.84599113e-01 3.48373890e-01 2.77836353e-01
    3.36514771e-01 5.44618964e-01 6.87029779e-01 7.30914593e-01
    7.32038915e-02 6.20820820e-01 6.95622683e-01 4.08691049e-01
    5.29376447e-01 8.18288088e-01 8.07335079e-01 9.87175107e-02
    1.37415141e-01 3.82362306e-02 3.57439131e-01 2.93268681e-01
    8.95552039e-02 9.36001718e-01 3.99999529e-01 4.03993428e-01
    9.65822577e-01 4.35404360e-01 2.97850460e-01 5.85852087e-01
    2.52578735e-01 1.92631006e-01 5.37687302e-01 2.14846015e-01
    6.70681000e-01 3.80089581e-02 7.26537406e-01 1.66114122e-01
    6.54031575e-01 3.10518414e-01 7.81202078e-01 3.61198545e-01
    4.76810634e-02 4.11427975e-01 2.73810863e-01 9.01727438e-01
    6.40781760e-01 8.92552733e-01 6.76771700e-01 5.74725091e-01
    7.28280902e-01 5.61139047e-01 9.62536573e-01 7.04718709e-01
    5.34884691e-01 5.66176176e-01 9.55525398e-01 7.92029977e-01
    3.65746349e-01 1.02448463e-01 6.63187146e-01 8.84156883e-01
    8.83939326e-01 5.20452082e-01 6.49858057e-01 8.18501115e-02
    9.02624011e-01 2.67296731e-02 3.13404799e-02 6.72809958e-01
    5.15420914e-01 2.69356310e-01 5.50924182e-01 1.76800877e-01
    1.12294376e-01 9.05004859e-01 3.58737648e-01 9.67050374e-01
    8.00978243e-02 7.83633590e-01 8.10275078e-01 4.25002068e-01
    3.14597189e-02 7.24531472e-01 1.71383560e-01 8.42687607e-01
    8.55011821e-01 4.61309999e-01 2.86166906e-01 7.63080359e-01
    8.03332746e-01 3.83724570e-01 4.43849266e-01 3.55773568e-01
    8.89308453e-01 4.54317033e-02 2.01008439e-01 6.07816041e-01
    1.05074346e-01 8.02935600e-01 6.16637588e-01 5.62886834e-01
    9.82356310e-01 4.61176306e-01 6.37371778e-01 8.63429546e-01
    2.49953657e-01 8.39562774e-01 1.09035075e-01 9.83321786e-01
    6.00504398e-01 9.25577998e-01 9.48301315e-01 2.69762874e-02
    2.08739132e-01 4.04933691e-01 5.05097270e-01 9.08280015e-01
    8.00208449e-01 1.77741468e-01 4.73554254e-01 7.25495040e-01
    9.59349811e-01 2.08336294e-01 8.10342908e-01 9.14790869e-01
    2.77240962e-01 4.98538584e-01 7.44349539e-01 7.48969555e-01
    9.65368152e-02 2.35807836e-01 1.73376679e-01 3.64338160e-01
    6.82454467e-01 7.55605817e-01 5.72739601e-01 8.62643480e-01
    8.26872230e-01 6.99187636e-01 6.48881495e-01 1.03734583e-01
    9.07786369e-01 5.66309273e-01 5.54138243e-01 9.45552707e-01
    4.88908231e-01 3.90687883e-02 3.96537185e-01 9.88054872e-01
    3.94964486e-01 1.20476782e-01 9.23958778e-01 7.73086548e-01
    4.11672324e-01 6.54262304e-02 6.84342980e-01 4.02468204e-01
    3.67588878e-01 2.37827152e-01 7.70320594e-01 9.41092372e-02
    6.50704265e-01 3.39414001e-01 5.40894628e-01 5.57789862e-01
    9.17673945e-01 2.34314263e-01 3.64609867e-01 5.98195434e-01
    2.10746884e-01 8.64582837e-01 6.81501567e-01 1.73116058e-01
    4.78266895e-01 9.99332309e-01 8.95603299e-01 7.15838552e-01
    3.44963074e-01 1.89758480e-01 6.19442880e-01 4.11012471e-02
    5.84341586e-02 1.34216130e-01 7.94369459e-01 3.59512568e-02
    7.82904744e-01 9.90702271e-01 7.54534543e-01 2.45640308e-01
    2.49488175e-01 9.63174880e-01 1.54166490e-01 6.29466891e-01
    4.56296325e-01 7.72384048e-01 8.50597322e-02 8.59439075e-02
    9.68210459e-01 6.46190047e-01 3.68687212e-01 4.53605622e-01
    8.31287563e-01 4.68725860e-01 8.03449154e-01 9.76282120e-01
    3.09980929e-01 9.52518106e-01 8.25403810e-01 5.46796262e-01
    7.71508932e-01 9.56501365e-01 6.68537021e-01 6.49502158e-01
    1.99488908e-01 9.67236996e-01 4.21086460e-01 2.10060596e-01
    4.36146080e-01 1.57521665e-01 5.60348868e-01 7.26992726e-01
    9.46863592e-02 4.98015225e-01 5.33151209e-01 7.86644399e-01
    2.15101004e-01 4.37353671e-01 9.70798969e-01 5.81084609e-01
    9.78999734e-01 9.68546987e-01 5.82692444e-01 6.09309852e-01
    7.08599567e-01 7.48362422e-01 8.64832222e-01 5.15793562e-01
    8.34609568e-02 1.79037929e-01 6.15159869e-01 3.32890123e-01
    4.61966366e-01 7.38186777e-01 4.51289177e-01 8.79187644e-01
    3.06671053e-01 7.87086189e-02 6.07982337e-01 2.28292793e-01
    6.58804834e-01 1.01329416e-01 5.92765152e-01 9.96513188e-01
    6.81715310e-02 1.11901045e-01 7.65648603e-01 7.37282872e-01
    2.91105509e-02 5.56999147e-02 1.01365775e-01 7.11839080e-01
    2.55271852e-01 6.36673808e-01 2.36550361e-01 7.21215308e-01
    2.26689696e-01 8.85282218e-01 7.56561041e-01 8.30054283e-01
    7.47845292e-01 2.20839202e-01 7.29508877e-01 1.20891631e-02
    3.38546097e-01 1.49358690e-01 7.74541974e-01 1.04555637e-01
    8.80234420e-01 7.41964042e-01 9.60346818e-01 7.88105249e-01
    6.36388838e-01 2.57400632e-01 6.84026480e-01 5.02095163e-01
    7.25811779e-01 9.35951769e-02 1.37844801e-01 1.95827723e-01
    2.46514767e-01 3.20826948e-01 8.39942575e-01 7.67196059e-01
    4.02018726e-01 5.02481043e-01 4.17947829e-01 7.11516857e-01
    7.07659721e-01 6.14371359e-01 6.12517118e-01 3.27590793e-01
    4.57637578e-01 5.13896465e-01 8.90790582e-01 1.15575522e-01
    6.68041170e-01 6.15319908e-01 3.55877459e-01 4.17727292e-01
    9.16170597e-01 2.14009225e-01 3.34206164e-01 3.70977700e-01
    3.26688766e-01 9.43250358e-02 3.83481681e-02 4.70529974e-01
    5.43641567e-01 3.49824846e-01 9.32526469e-01 7.45346546e-01
    8.56748462e-01 2.51432240e-01 7.13901997e-01 8.56591046e-01
    7.79413342e-01 5.07294536e-01 4.33130473e-01 4.24927831e-01
    8.78070951e-01 2.78264403e-01 6.32227063e-01 8.51777434e-01
    6.39955401e-01 2.27889955e-01 2.20027387e-01 7.23193228e-01
    4.61319119e-01 7.07453549e-01 2.38615185e-01 4.72503483e-01
    9.96835709e-01 2.56163269e-01 7.57799625e-01 3.88614595e-01
    7.65047729e-01 6.89976811e-01 9.70175326e-01 9.85886097e-01
    1.72973335e-01 3.27528417e-02 3.60724151e-01 3.60090435e-01
    6.56937063e-01 8.58628333e-01 7.42121458e-01 3.47299665e-01
    6.15796447e-03 4.60011065e-02 8.04356694e-01 1.43995911e-01
    2.53982008e-01 1.28541708e-01 3.80218327e-01 3.39910388e-03
    1.59910411e-01 1.31722599e-01 3.41684580e-01 8.47636223e-01
    8.06130290e-01 2.00486511e-01 1.01076156e-01 5.29066682e-01
    8.67725670e-01 5.82370758e-01 3.39621067e-01 4.12688434e-01
    7.82264233e-01 5.02883852e-01 1.91220284e-01 4.66073334e-01
    8.72884393e-01 2.74861127e-01 2.43568808e-01 9.16358531e-01
    5.03324211e-01 2.91629672e-01 4.35577631e-01 7.64821351e-01
    8.19052100e-01 4.41762209e-01 7.10569024e-02 6.17819428e-02
    4.78908420e-01 2.27681816e-01 1.85720980e-01 1.18716240e-01
    2.43448973e-01 4.70633000e-01 9.08076465e-01 7.70533621e-01
    9.58759189e-01 5.22421718e-01 3.42658699e-01 8.33130181e-01
    9.12578881e-01 6.17142558e-01 6.21413350e-01 9.68221545e-01
    2.85208106e-01 7.06450284e-01 8.64903688e-01 1.97265148e-02
    2.03035057e-01 7.92352319e-01 6.50746465e-01 6.84221864e-01
    2.59395480e-01 7.26168215e-01 9.59234059e-01 5.70788682e-01
    9.45555806e-01 4.99640405e-01 3.91182005e-02 7.91924655e-01
    2.61275440e-01 2.01729536e-01 8.25860918e-01 5.82101464e-01
    1.60870314e-01 2.46409982e-01 9.65779185e-01 4.23193038e-01
    6.09787047e-01 3.92761141e-01 3.14149261e-02 9.51913357e-01
    5.36315799e-01 4.67344075e-01 1.12453967e-01 4.21591669e-01
    5.05731702e-02 4.82276142e-01 3.57653081e-01 8.33662987e-01
    6.88531697e-01 1.58471644e-01 1.35045677e-01 5.70768416e-01
    5.39349854e-01 2.55179405e-02 3.57968956e-01 9.68266845e-01
    7.18980670e-01 9.48846340e-01 3.80687773e-01 4.51051414e-01
    6.53940141e-01 7.60808945e-01 6.39894307e-01 1.33274198e-01
    2.76579976e-01 3.21095973e-01 5.54575443e-01 7.09163010e-01
    9.43640590e-01 1.96855068e-02 4.12363380e-01 3.68978113e-01
    2.38270283e-01 3.49194169e-01 2.13448286e-01 6.04345620e-01
    6.57103777e-01 6.44573689e-01 5.99517524e-02 8.96605372e-01
    9.04325366e-01 4.20679778e-01 4.25300896e-02 9.66746509e-01
    6.00571334e-02 1.56966686e-01 9.28173542e-01 6.60814822e-01
    7.88565576e-01 7.18208909e-01 1.46875083e-01 7.88899064e-01
    6.34190917e-01 9.19230700e-01 4.01647151e-01 9.60089207e-01
    7.08449304e-01 6.03854358e-01 3.46033037e-01 1.72359496e-01
    6.96130276e-01 1.52407467e-01 8.13156664e-01 8.48350048e-01
    7.93047071e-01 4.51521277e-01 5.29416144e-01 6.71876967e-01
    7.50014305e-01 7.43851066e-02 7.02840805e-01 1.16089642e-01
    5.65812230e-01 6.59996271e-03 6.74015284e-01 6.51239395e-01
    1.75697237e-01 3.14423800e-01 2.49332607e-01 8.73097777e-01
    3.04091245e-01 3.25506032e-01 1.66846186e-01 6.21884108e-01
    5.38207650e-01 5.24614811e-01 8.30782115e-01 4.22176868e-01
    8.83452296e-01 8.29714537e-01 9.16263103e-01 8.97763491e-01
    5.13494074e-01 3.70396823e-01 4.36066777e-01 3.58451813e-01
    5.78275323e-01 8.46643090e-01 3.27157319e-01 6.13495827e-01
    5.40254235e-01 8.55971813e-01 9.43541884e-01 3.75428796e-03
    3.35582256e-01 1.38419002e-01 1.25936776e-01 5.80659270e-01
    4.20433581e-02 2.41628945e-01 3.23730439e-01 5.33713460e-01
    6.39344573e-01 1.34660870e-01 7.11397231e-01 2.73797899e-01
    4.01101679e-01 3.75350654e-01 8.66576731e-02 5.00877142e-01
    2.46197551e-01 6.20078564e-01 3.45214248e-01 5.06897092e-01
    8.63038063e-01 1.53501123e-01 9.41661000e-02 7.22611248e-01
    7.55330265e-01 4.83018965e-01 1.22122556e-01 1.46878451e-01
    1.38643295e-01 7.10717916e-01 2.63962567e-01 8.97003651e-01
    6.61779046e-01 1.40074790e-01 6.63949609e-01 4.92011368e-01
    4.24327850e-01 6.96328998e-01 3.21660638e-02 7.16153681e-01
    4.15435940e-01 2.58050799e-01 9.21444297e-01 5.05960882e-01
    2.91282564e-01 1.48556143e-01 8.52310658e-01 3.08195531e-01
    2.56176800e-01 5.40784001e-02 4.74052817e-01 6.35415077e-01
    7.10062981e-01 6.09416306e-01 2.64558613e-01 1.18305206e-01
    8.05769682e-01 1.50085717e-01 7.51917243e-01 9.09376323e-01
    3.59495640e-01 1.29708946e-01 6.95318282e-01 3.23708653e-01
    3.23970377e-01 8.30287933e-01 8.78588617e-01 9.28687155e-02
    6.28749311e-01 2.98970401e-01 2.98267692e-01 8.09444070e-01
    3.56696665e-01 4.77983862e-01 4.25839543e-01 5.91292024e-01
    5.79532683e-02 3.83219242e-01 1.02847517e-01 6.10030293e-01
    1.62971556e-01 1.21647984e-01 1.64187849e-01 6.30152822e-02
    3.14674705e-01 7.67614484e-01 2.58545369e-01 6.79925382e-02
    9.29415941e-01 4.12858754e-01 2.48114973e-01 4.10422385e-02
    9.63110924e-01 2.08667278e-01 9.94814336e-02 5.93584895e-01
    9.11699533e-02 9.72230673e-01 2.01196223e-01 9.18437719e-01
    4.80115414e-05 1.71201229e-02 6.69782281e-01 1.26148015e-01
    2.27561593e-03 3.83567750e-01 4.59978908e-01 4.95256186e-01
    7.64760077e-02 7.96729267e-01 3.30130666e-01 3.06544304e-01
    5.28457701e-01 8.63741040e-01 3.09587717e-01 5.15222371e-01
    6.57127321e-01 5.76094031e-01 7.21695304e-01 7.61005878e-01
    1.89421296e-01 5.33572733e-01 4.29252923e-01 8.45118523e-01
    6.35988295e-01 2.87519217e-01 2.92448938e-01 5.57235539e-01
    1.96835846e-01 7.64734030e-01 7.57419825e-01 5.97849786e-01
    2.33998895e-03 5.28229296e-01 6.55670226e-01 5.14569581e-01
    8.28795910e-01 5.34717381e-01 9.35240149e-01 9.55190659e-02
    5.32693267e-01 5.95143497e-01 1.34858787e-01 6.29513085e-01
    9.35742319e-01 7.40469515e-01 7.79899538e-01 8.01563621e-01
    8.22806060e-02 4.08222079e-01 3.86393666e-01 5.38543344e-01
    3.82130384e-01 1.08714730e-01 6.35437131e-01 2.44174480e-01
    2.11694926e-01 4.38010603e-01 2.17507899e-01 6.67034566e-01
    4.23692465e-02 9.83074188e-01 5.66879272e-01 6.57805681e-01
    3.41086596e-01 7.44153976e-01 1.74108893e-01 1.66152865e-01
    4.85519230e-01 7.78408527e-01 1.37393117e-01 5.70034981e-01
    9.40875173e-01 6.09080732e-01 9.27331328e-01 7.47232735e-01
    1.93740696e-01 3.16959023e-01 2.91472435e-01 8.62311482e-01
    8.19755912e-01 8.55385900e-01 1.02341086e-01 5.34565687e-01
    5.91620862e-01 4.71194685e-01 9.46783185e-01 6.90849304e-01
    6.53142393e-01 1.09711349e-01 5.53119779e-01 3.43614280e-01
    5.25613904e-01 2.61393785e-02 2.67034709e-01 8.01126122e-01
    4.33639586e-02 6.02361441e-01 1.53483868e-01 3.10491949e-01
    6.01469755e-01 5.75339377e-01 8.96667540e-01 5.03335774e-01
    2.45997161e-01 1.44951493e-01 8.62442434e-01 3.66293848e-01
    3.20056677e-02 6.07292175e-01 7.29169250e-02 1.02668822e-01
    1.77154839e-02 7.91138887e-01 2.13662416e-01 2.21305043e-01
    3.98398370e-01 5.51357269e-02 8.16564560e-01 2.92747885e-01
    3.87877405e-01 1.47837102e-01 6.58639610e-01 9.65839684e-01
    3.21673125e-01 4.48071241e-01 2.91845798e-01 9.25727844e-01
    7.34198391e-01 1.77776128e-01 3.61548185e-01 2.77321368e-01
    9.21251297e-01 4.63021398e-02 1.31107330e-01 7.22261965e-01
    2.79625177e-01 2.99842656e-01 7.43901551e-01 5.59368491e-01
    2.38229156e-01 8.98371935e-01 8.92680049e-01 1.68819904e-01
    8.12966943e-01 7.69944429e-01 3.47997963e-01 7.89221704e-01
    4.73623812e-01 9.09392118e-01 1.57852024e-01 1.58476859e-01
    7.10497975e-01 5.88584125e-01 2.70974636e-01 3.73923063e-01
    6.04209423e-01 5.82464993e-01 8.19413662e-01 8.12025905e-01
    8.79852057e-01 8.29504848e-01 4.75775242e-01 9.15930510e-01
    9.78729010e-01 4.64191765e-01 8.21017742e-01 1.16377741e-01
    3.88165951e-01 7.21294045e-01 3.97305191e-01 2.18634903e-01
    3.09975773e-01 9.51398969e-01 8.84066820e-01 7.29491472e-01
    2.94016719e-01 9.50560391e-01 8.58744502e-01 7.32066751e-01
    4.39707607e-01 7.09075630e-01 5.99105060e-01 5.17382860e-01
    4.20843929e-01 2.37603515e-01 3.22937369e-01 2.62191474e-01
    1.56718820e-01 3.56436372e-02 3.66181910e-01 8.02823424e-01
    3.65155607e-01 4.93103892e-01 4.86674845e-01 8.70518565e-01
    5.05928814e-01 5.73708117e-02 5.54633379e-01 1.26119137e-01
    8.04208636e-01 4.12546307e-01 3.94114017e-01 6.72169924e-01
    7.82254100e-01 2.68654823e-01 2.29351312e-01 7.56991029e-01
    2.66802192e-01 3.00044626e-01 2.86652863e-01 3.00372720e-01
    6.70062065e-01 1.77348554e-01 2.56543338e-01 2.07868397e-01
    3.81621718e-02 9.28002357e-01 2.85741687e-03 7.01439381e-01
    8.39949131e-01 8.58021259e-01 3.32884818e-01 2.53604352e-02
    1.33510500e-01 3.39491427e-01 7.05825508e-01 3.70873868e-01
    4.19101119e-01 2.81741530e-01 8.04908693e-01 5.59981108e-01
    6.05857968e-01 5.95748127e-01 9.69146729e-01 5.21367967e-01
    6.71989739e-01 3.93838227e-01 4.05656576e-01 1.21477544e-01
    2.21708953e-01 5.38504720e-01 1.73448920e-02 5.17251909e-01
    5.96713126e-01 9.71019626e-01 1.27608389e-01 3.46855670e-01
    8.17828715e-01 3.95425916e-01 1.22361839e-01 1.61587358e-01
    5.17282665e-01 9.22705650e-01 4.18215483e-01 6.87624216e-01
    5.88401556e-02 4.12568122e-01 7.48309076e-01 6.28369451e-02
    9.85814929e-01 1.64918244e-01 4.46612328e-01 3.05598974e-02
    1.12229794e-01 5.15497983e-01 6.92601800e-01 3.72691482e-01
    6.33192837e-01 4.60649103e-01 8.68794918e-01 4.20640767e-01
    4.06202734e-01 8.32645714e-01 7.44529426e-01 7.99656630e-01
    1.14796400e-01 3.45798135e-01 1.29870117e-01 8.33972394e-02
    5.99617183e-01 7.26865172e-01 8.36850166e-01 2.25583017e-01
    4.13180649e-01 7.86498606e-01 5.49200296e-01 7.19996393e-01
    8.58235359e-01 1.00799084e-01 2.95675218e-01 9.79372859e-01
    1.25499219e-01 6.95803821e-01 8.55438888e-01 4.96633887e-01
    5.67258000e-02 2.65773833e-02 2.16976315e-01 9.42604423e-01
    7.49705732e-01 3.37261677e-01 1.07430279e-01 2.52667964e-01
    2.70196855e-01 2.03725517e-01 3.51731330e-01 9.17307377e-01
    3.54802251e-01 3.47617537e-01 5.61426520e-01 3.07627916e-01
    8.17357779e-01 4.88797277e-01 7.25566387e-01 1.41957045e-01
    3.58507067e-01 8.82773459e-01 9.98445749e-02 5.30787110e-02
    9.17257011e-01 8.99562836e-01 6.12863183e-01 8.66804361e-01
    3.77109110e-01 9.55342412e-01 7.09047258e-01 5.72271883e-01
    3.47185671e-01 7.82814503e-01 7.51035810e-01 6.05590463e-01
    5.58876097e-01 3.18216980e-02 7.11392701e-01 9.02521491e-01
    8.42839718e-01 9.67357814e-01 3.32561910e-01 5.18834412e-01
    1.17064029e-01 6.86271071e-01 3.11098456e-01 1.37931228e-01
    3.73379767e-01 7.36289501e-01 2.15768605e-01 6.89282835e-01
    4.83396173e-01 2.97313064e-01 9.21851993e-01 1.92953348e-01
    4.76612478e-01 9.19087052e-01 6.79632246e-01 8.32867920e-02
    5.01757622e-01 2.30221570e-01 4.73121911e-01 1.60261691e-02
    4.69189167e-01 2.24322557e-01 3.78393114e-01 1.77264452e-01
    9.95440245e-01 6.52727723e-01 3.94705385e-01 5.17081976e-01
    3.95518839e-02 3.21338415e-01 6.10674679e-01 2.35474288e-01
    7.71058619e-01 3.01247835e-01 3.84395719e-01 2.29146719e-01
    2.69344240e-01 4.65756387e-01 8.25378120e-01 6.61198199e-01
    4.94669348e-01 4.78243083e-01 6.05211556e-02 1.47050917e-02
    6.98371172e-01 3.81129950e-01 1.24164909e-01 6.87818050e-01
    1.09514534e-01 2.07126647e-01 2.70085156e-01 7.83795357e-01
    9.64772344e-01 3.95206004e-01 6.66435122e-01 5.06451190e-01
    9.29956675e-01 1.98469728e-01 8.96124065e-01 2.15553641e-02
    1.93658829e-01 8.62282515e-01 8.87341797e-02 8.82792711e-01
    5.15824258e-01 6.20106459e-01 6.10270381e-01 5.67803025e-01
    3.75229031e-01 9.50479627e-01 9.50914979e-01 5.91459155e-01
    8.51453066e-01 2.31054991e-01 7.98588693e-01 2.80028343e-01
    2.05467582e-01 2.64360756e-01 7.57848322e-02 1.94892228e-01
    3.91119391e-01 1.71933681e-01 7.90075183e-01 2.17986256e-01
    2.83224821e-01 7.47998774e-01 3.62202048e-01 3.90533447e-01
    7.38749564e-01 3.90576810e-01 6.30183339e-01 9.28191364e-01
    1.25306726e-01 8.56523573e-01 4.02840674e-02 3.51036310e-01
    1.37816191e-01 4.42339450e-01 2.49897122e-01 6.68094516e-01
    1.11091882e-01 1.67882800e-01 7.56195426e-01 1.71431988e-01
    8.39112520e-01 4.75566357e-01 5.27421832e-01 3.24896842e-01
    2.82615125e-01 5.86333275e-01 8.49868655e-01 1.19664282e-01
    7.71926165e-01 4.70900208e-01 3.72379750e-01 2.92150170e-01
    1.56907678e-01 5.59400916e-02 3.45183790e-01 9.85904336e-02
    9.17938054e-01 4.41433251e-01 4.55446780e-01 6.87105775e-01
    3.86145711e-02 6.24907613e-01 3.60803783e-01 1.90793246e-01
    5.90200126e-02 2.89411902e-01 8.18322718e-01 1.87521189e-01
    7.06419945e-02 7.22263098e-01 2.30316669e-01 6.81443453e-01
    9.93136942e-01 5.14965296e-01 2.16725290e-01 2.02592790e-01
    2.39728957e-01 1.54623777e-01 8.56725097e-01 2.22439557e-01
    7.83499300e-01 9.42903638e-01 2.45052338e-01 4.79390115e-01
    5.15784681e-01 4.87447381e-01 7.08640218e-02 3.09987187e-01
    7.71547794e-01 1.03400260e-01 6.33774042e-01 8.68083000e-01
    2.84987688e-01 8.47051561e-01 4.52953964e-01 2.59017766e-01
    4.29901004e-01 7.86339283e-01 5.06027997e-01 5.69784462e-01
    8.90558243e-01 9.45715189e-01 7.59334683e-01 6.29982114e-01
    3.68077278e-01 8.79302144e-01 2.67459691e-01 7.49701381e-01
    4.53314453e-01 5.89270413e-01 8.22692990e-01 8.46138954e-01
    3.16694677e-01 3.42515230e-01 5.27348399e-01 2.39408404e-01
    4.26077783e-01 1.58790082e-01 4.98091817e-01 7.36744583e-01
    1.52715743e-02 9.23490167e-01 4.24114496e-01 3.88138056e-01
    6.87681258e-01 6.25568330e-01 3.89104724e-01 9.03101444e-01
    3.90850276e-01 8.62376332e-01 6.45441651e-01 6.09980226e-01
    1.86823189e-01 5.63865423e-01 6.20089889e-01 8.23343992e-01
    3.07646126e-01 1.09004974e-01 3.26610208e-02 5.61082482e-01
    2.18685120e-01 4.40038770e-01 5.08752823e-01 1.32273376e-01
    9.15915251e-01 9.91555452e-01 7.40948439e-01 3.09642851e-01
    8.85651708e-01 5.55819333e-01 1.61935568e-01 7.21042633e-01
    1.76526040e-01 1.78421527e-01 1.59214675e-01 4.02932763e-02
    6.88884497e-01 2.03848839e-01 9.93184924e-01 7.40563989e-01
    3.47368300e-01 7.57037044e-01 5.88169932e-01 2.26005465e-01
    6.77884698e-01 2.76202619e-01 6.55181885e-01 6.53106272e-02
    9.33576703e-01 3.86076212e-01 3.93451661e-01 6.49786770e-01
    7.31639862e-01 3.16940427e-01 2.25886703e-01 7.57810116e-01
    9.96291041e-01 8.58751416e-01 3.46506834e-01 7.81491935e-01
    5.25323391e-01 8.96029115e-01 7.80665278e-01 7.79995203e-01
    7.64659405e-01 3.46442044e-01 2.10540295e-01 4.20972675e-01
    5.85750997e-01 7.12241828e-02 3.45006764e-01 3.61932993e-01
    4.60338354e-01 5.05278885e-01 6.25650525e-01 5.07392585e-01
    2.30131954e-01 1.75572425e-01 6.04301929e-01 4.26091343e-01
    2.96337456e-01 4.01974946e-01 2.79519558e-02 8.14160883e-01
    1.04923785e-01 8.85997891e-01 7.85396576e-01 6.12181664e-01
    7.92326212e-01 6.90047503e-01 3.84908140e-01 9.34291482e-01
    8.26007009e-01 8.06186616e-01 7.33534694e-02 8.80909264e-02
    3.00074041e-01 9.12060142e-01 7.24093318e-02 7.34417975e-01
    1.93883091e-01 1.96857810e-01 1.38004005e-01 6.17877245e-01
    2.74402440e-01 1.90209001e-01 1.33721381e-01 4.11935151e-02
    8.50294352e-01 5.25448859e-01 5.07383943e-02 7.61589885e-01
    2.06844330e-01 8.48946452e-01 7.44393945e-01 4.03051943e-01
    7.25122988e-02 8.25653374e-01 4.47051227e-01 9.14834142e-02
    3.17094386e-01 6.84886694e-01 6.30123734e-01 7.88983703e-01
    6.05761111e-02 3.06322157e-01 5.64488292e-01 9.69611108e-01
    5.82014024e-01 7.01056302e-01 3.48613262e-01 9.59797144e-01
    2.08986968e-01 9.45534408e-02 7.76056051e-01 1.42528117e-02
    2.01693058e-01 3.85858119e-01 9.99320388e-01 7.44584203e-01
    1.16571516e-01 4.59488779e-01 9.70064640e-01 9.62627053e-01
    3.59943748e-01 4.00934130e-01 9.56803203e-01 9.69421148e-01
    2.57824361e-02 4.00254846e-01 2.57674038e-01 9.16863024e-01
    8.20809007e-01 2.28766322e-01 8.09422731e-01 1.31246775e-01
    3.12135816e-01 8.25029492e-01 3.62966597e-01 2.81485081e-01
    5.48022985e-03 2.54797578e-01 9.70969200e-01 2.02450126e-01
    5.61006367e-02 9.17643666e-01 2.03418016e-01 4.64419991e-01
    8.76723409e-01 7.08419263e-01 3.49415541e-02 7.26340234e-01
    9.66116071e-01 1.95101827e-01 8.37556839e-01 4.07253683e-01
    3.09192121e-01 9.88939881e-01 4.76924747e-01 6.18838072e-01
    5.67148209e-01 5.87719619e-01 5.94988048e-01 4.36470509e-01
    7.88377881e-01 7.02439308e-01 5.78682959e-01 5.78856647e-01
    4.66915339e-01 2.53651798e-01 3.44772696e-01 7.50063658e-02
    4.90109742e-01 2.32760549e-01 4.19360936e-01 9.72665668e-01
    2.40335107e-01 4.64502573e-01 9.08637583e-01 3.86633098e-01
    3.47454667e-01 1.95423603e-01 3.85946393e-01 3.03187221e-01
    7.91978657e-01 7.28319347e-01 9.33929920e-01 2.77474582e-01
    9.13246751e-01 6.73326850e-02 4.52845424e-01 3.10771823e-01
    1.57490909e-01 9.80107963e-01 7.64112830e-01 3.62288952e-03
    1.42788291e-02 8.64661932e-01 7.62616575e-01 3.25440764e-01
    2.84705758e-02 8.19647670e-01 2.51441836e-01 7.50964761e-01
    8.53673339e-01 3.99510384e-01 1.42023861e-01 1.83618069e-03
    7.50988662e-01 5.72114170e-01 7.42595315e-01 3.18966895e-01
    4.65570956e-01 2.42005438e-01 1.84775293e-01 5.40696740e-01
    2.06596732e-01 2.96360552e-01 7.41039634e-01 1.08372897e-01
    8.47865522e-01 2.80117095e-02 5.02145648e-01 6.01093233e-01
    7.30798602e-01 5.84215522e-02 5.55040538e-01 7.58256435e-01
    6.57348096e-01 5.13932586e-01 4.08787429e-02 1.21773183e-02
    2.73526549e-01 4.52022851e-02 2.98478574e-01 7.70759940e-01
    7.34322071e-01 4.14129555e-01 6.34749770e-01 3.42903078e-01
    1.83651358e-01 8.60521197e-03 3.83784324e-01 5.02154887e-01
    5.03132045e-02 7.51803100e-01 2.85721481e-01 6.64585054e-01
    6.84906006e-01 5.51154792e-01 3.54072362e-01 4.29796785e-01
    3.34160626e-02 5.59482634e-01 9.85314488e-01 2.97768414e-02
    6.32859409e-01 8.38324428e-02 9.44084406e-01 6.21620893e-01
    5.02981305e-01 2.32287049e-01 4.25705254e-01 3.16014439e-01
    7.48125136e-01 9.83416259e-01 1.90923363e-01 8.51308465e-01
    5.61417937e-02 6.10933721e-01 4.90779281e-01 4.32821989e-01
    8.66841257e-01 4.26958203e-02 8.97291660e-01 6.61094129e-01
    4.29834485e-01 2.51486897e-03 5.03826320e-01 9.59153056e-01
    8.29748154e-01 4.55839932e-01 2.37071067e-01 5.31993628e-01
    7.38324583e-01 6.78381860e-01 9.22227502e-01 6.85748696e-01
    5.65144956e-01 4.10768062e-01 2.35524833e-01 3.94803047e-01
    4.80807275e-01 1.12355858e-01 8.47257912e-01 3.12245965e-01
    3.98166716e-01 9.47752893e-01 6.36021376e-01 2.60708004e-01
    3.36341262e-02 9.86405730e-01 3.69412899e-01 7.08428025e-01
    9.71874475e-01 2.96852291e-01 2.55064130e-01 1.80868536e-01
    6.21634841e-01 7.65676737e-01 6.81172371e-01 2.23201931e-01
    1.80623412e-01 5.28629363e-01 8.13653231e-01 7.96168923e-01
    1.00053281e-01 5.94492316e-01 6.62683487e-01 3.54315042e-02
    2.67356455e-01 8.35318267e-01 4.47479814e-01 1.12024158e-01
    9.23585773e-01 7.69154727e-01 5.77015877e-01 6.25186741e-01
    4.19628650e-01 2.89216876e-01 6.68779850e-01 1.99298948e-01
    8.38620961e-01 7.48699307e-01 9.72999454e-01 7.20880270e-01
    9.60958004e-02 4.22354728e-01 4.79143053e-01 3.67136627e-01
    7.29294837e-01 9.45292830e-01 1.05115116e-01 8.55383039e-01
    4.63069856e-01 7.95541286e-01 2.40201861e-01 7.46681094e-02
    5.33350527e-01 5.20541728e-01 1.61997080e-01 3.96187335e-01
    2.42817909e-01 7.66544700e-01 1.15034133e-01 4.61469531e-01
    5.84782004e-01 5.54297388e-01 1.30626917e-01 3.49895358e-02
    6.47515357e-02 4.03238773e-01 9.26229715e-01 8.90016198e-01
    4.50005054e-01 6.52639747e-01 5.79882860e-01 3.68966877e-01
    9.70778704e-01 2.98797458e-01 9.30249333e-01 6.48643315e-01
    6.23805702e-01 3.91172618e-01 3.28718126e-02 9.43910003e-01
    5.24609983e-02 4.38096941e-01 2.66651094e-01 9.48824763e-01
    4.62475717e-01 8.48695576e-01 6.41284764e-01 8.61289740e-01
    8.08832407e-01 1.97160423e-01 9.76825953e-01 9.31664824e-01
    5.16384900e-01 7.61609256e-01 9.50310469e-01 9.26196337e-01
    2.13310599e-01 6.21029675e-01 3.47771764e-01 1.65666670e-01
    2.43709892e-01 4.28396761e-02 2.79956967e-01 8.45194459e-01
    8.93508196e-02 5.23965180e-01 1.69611663e-01 3.94854665e-01
    4.18831736e-01 7.38876224e-01 2.78414607e-01 3.71581793e-01
    9.01668429e-01 3.53093743e-02 2.76324123e-01 5.62809467e-01
    7.44291425e-01 9.76311564e-02 4.71384525e-02 5.37606716e-01
    9.48451638e-01 2.89503962e-01 4.08850193e-01 8.78090143e-01
    7.18927622e-01 8.57709765e-01 8.06680322e-01 9.21175539e-01
    9.48573947e-01 1.12912655e-01 3.63216311e-01 5.36926866e-01
    4.67057824e-01 8.17127526e-02 1.81616247e-01 7.76293397e-01
    8.83296728e-01 6.56943202e-01 2.01744944e-01 6.53522313e-02
    9.27125573e-01 1.78788304e-01 7.36222744e-01 3.46782148e-01
    1.09085768e-01 7.29426324e-01 1.22923583e-01 6.46136224e-01
    8.70197356e-01 1.96935266e-01 8.29036236e-01 7.81237245e-01
    6.43441498e-01 2.88055182e-01 9.43893313e-01 4.23432410e-01
    8.18693995e-01 6.81771517e-01 5.00558019e-01 3.30668896e-01
    4.68227297e-01 6.21930957e-01 8.44313145e-01 7.28283346e-01
    8.82850528e-01 4.02781367e-02 6.19408607e-01 3.39591801e-01
    2.64903426e-01 4.04798448e-01 9.26924944e-01 2.87629068e-01
    7.88061023e-01 6.55502081e-01 3.36160243e-01 9.14914668e-01
    2.16067195e-01 1.79011136e-01 8.12567770e-02 9.04662371e-01
    2.52718866e-01 7.70472765e-01 9.46181118e-02 6.98713779e-01
    7.85488129e-01 4.83258903e-01 2.48551965e-01 9.72881496e-01
    1.65753007e-01 4.14834648e-01 2.78427631e-01 9.76005793e-01
    5.49814999e-02 6.22239411e-02 6.98409736e-01 4.46593940e-01
    1.02533787e-01 9.16218221e-01 1.99450552e-02 7.94243932e-01
    3.47950727e-01 1.60554945e-01 9.28879976e-02 4.87575978e-01
    3.53680819e-01 8.51120591e-01 8.25018406e-01 6.16454840e-01
    5.76885164e-01 8.37404132e-02 4.67941940e-01 5.47742069e-01
    9.09674585e-01 4.19016540e-01 3.90877634e-01 6.49954081e-01
    6.64767623e-01 8.76079023e-01 7.41914868e-01 4.98519897e-01
    5.10897160e-01 5.07767439e-01 6.11985147e-01 4.98634815e-01
    5.54629445e-01 3.93121600e-01 2.15543091e-01 1.17154926e-01
    4.44647402e-01 5.90342402e-01 5.05747974e-01 7.94474244e-01
    8.62116694e-01 7.13875949e-01 3.95490348e-01 2.59234190e-01
    2.14494497e-01 1.48368776e-01 9.65225697e-02 5.31845391e-02
    7.49300420e-01 6.38339818e-02 8.29798341e-01 9.56562281e-01
    5.35074353e-01 7.19678283e-01 1.01616323e-01 7.09611535e-01
    9.74031091e-01 5.33226311e-01 7.78931975e-01 8.32832932e-01
    1.48667991e-02 7.45326519e-01 9.84924674e-01 6.29916131e-01
    5.80990136e-01 4.09219265e-01 6.61807001e-01 7.97130108e-01
    8.88384044e-01 3.69338155e-01 4.77469355e-01 7.49304533e-01
    5.02118647e-01 1.94723606e-01 6.62536263e-01 9.51209068e-02
    6.00184321e-01 9.38310027e-02 2.97994912e-02 8.89210284e-01
    4.09142286e-01 7.85871089e-01 2.75007904e-01 7.97574759e-01
    8.00431132e-01 8.23053479e-01 8.42292666e-01 6.08836651e-01
    4.94385749e-01 6.26533926e-01 5.25249302e-01 9.99734402e-01
    4.05395836e-01 7.14518428e-01 6.88951313e-02 9.58458483e-02
    4.89638507e-01 2.25528479e-02 7.42474198e-02 6.65207982e-01
    1.06485426e-01 1.74701601e-01 5.49213648e-01 8.96405816e-01
    8.48914981e-01 5.54516792e-01 3.06177139e-02 9.69724655e-01
    8.43955100e-01 9.75250900e-02 8.34242463e-01 7.14331210e-01
    3.03314447e-01 3.82292688e-01 8.34383488e-01 5.82898498e-01
    2.36929834e-01 1.07986808e-01 8.01348984e-01 7.46670008e-01
    4.94321287e-01 9.13521171e-01 1.63367659e-01 2.07861751e-01
    4.90600526e-01 9.90805805e-01 3.77875954e-01 6.07665956e-01
    8.05945396e-01 8.00987184e-01 3.10601711e-01 1.62959456e-01
    5.06913245e-01 7.87248254e-01 7.07856059e-01 7.23862648e-01
    4.53307092e-01 3.18779409e-01 9.19663012e-01 6.45503044e-01
    6.03791893e-01 3.71697128e-01 4.22314644e-01 5.33550978e-01
    8.82933319e-01 8.92532825e-01 5.41970909e-01 7.02688575e-01
    4.54970241e-01 7.02806413e-01 6.75646186e-01 8.97767186e-01
    5.73777378e-01 2.92828023e-01 9.96086121e-01 1.71591640e-01
    2.51357734e-01 5.09663999e-01 7.49974012e-01 1.43118829e-01
    6.03320658e-01 6.84393227e-01 2.56709099e-01 8.04444551e-01
    5.26683569e-01 5.29705882e-02 8.41982961e-01 9.19003963e-01
    5.93392074e-01 5.51366568e-01 1.86135650e-01 8.37316155e-01
    1.39736086e-01 9.08280313e-02 2.96983391e-01 2.81034291e-01
    3.34751010e-01 9.71323252e-02 6.57353401e-01 7.31313527e-01
    2.02563494e-01 6.78835332e-01 2.10888356e-01 9.66946483e-01
    8.13508272e-01 3.17144334e-01 6.05463088e-01 7.95667529e-01
    1.32033795e-01 5.83922029e-01 4.24989104e-01 9.56545413e-01
    8.90625119e-01 4.94926006e-01 1.29968971e-01 7.59714305e-01
    2.33319521e-01 7.78735936e-01 1.71277910e-01 8.93649101e-01
    2.99832821e-01 4.85847384e-01 3.07825357e-01 2.09398657e-01
    6.38208032e-01 4.53714818e-01 3.71165991e-01 2.92887926e-01
    6.43269181e-01 7.46274948e-01 4.82515395e-01 2.51064092e-01
    1.75925791e-02 2.51133263e-01 7.29279757e-01 8.84582400e-01
    1.72585636e-01 4.50583518e-01 2.06061751e-01 8.31938028e-01
    6.14886999e-01 9.17679489e-01 2.24760205e-01 9.36926007e-02
    3.11763883e-02 2.63637841e-01 5.87009370e-01 8.10944915e-01
    9.96631742e-01 1.89313143e-01 9.37093973e-01 2.81700611e-01
    8.28079879e-02 4.98859584e-01 6.99239075e-01 4.69465345e-01
    4.96899486e-01 5.55260122e-01 5.42515993e-01 5.67624032e-01
    9.01891351e-01 6.57657683e-01 7.14747667e-01 2.71110415e-01
    4.19247776e-01 2.65604496e-01 2.03327119e-01 7.79643297e-01
    1.88995659e-01 5.85611284e-01 6.72228932e-02 7.13005424e-01
    1.12542808e-01 7.76917040e-01 7.48670578e-01 5.03665686e-01
    8.08617055e-01 3.83047462e-02 8.13256145e-01 2.40131021e-02
    8.56475234e-01 9.21782970e-01 8.80822241e-01 2.16112435e-02
    4.29607362e-01 9.13288713e-01 4.06287849e-01 4.33353364e-01
    4.27447617e-01 8.64759803e-01 4.54743624e-01 8.00334692e-01
    9.55949545e-01 3.10483158e-01 4.65561390e-01 1.57399535e-01
    9.43469763e-01 8.45458746e-01 9.22028899e-01 6.12700105e-01
    2.29423136e-01 9.70077276e-01 9.86847639e-01 4.72955495e-01
    4.66288924e-01 3.39574218e-01 8.61643910e-01 9.96279180e-01
    4.14843142e-01 4.89309847e-01 7.63557971e-01 8.46938252e-01
    3.43125761e-01 8.64191234e-01 9.22109246e-01 7.06523299e-01
    3.95279527e-02 5.16943753e-01 8.34995747e-01 2.59091437e-01
    4.43096161e-01 9.59482431e-01 8.81814778e-01 6.59254670e-01
    7.72466242e-01 5.75702786e-01 3.13616842e-01 4.69008923e-01
    3.59803885e-01 7.35514224e-01 4.55398500e-01 4.73491997e-01
    3.70688856e-01 5.07525027e-01 2.83592910e-01 4.46348757e-01
    6.30824506e-01 5.00513852e-01 6.55238688e-01 3.97179723e-02
    1.34004444e-01 8.93043041e-01 5.28215110e-01 8.31012845e-01
    6.05808794e-02 3.98406029e-01 3.54459047e-01 8.00588429e-01
    7.27339089e-01 1.06987059e-02 1.46557927e-01 5.03937483e-01
    5.47649622e-01 6.92623258e-01 1.17030352e-01 8.06577265e-01
    5.50852716e-01 5.17906547e-01 9.53084469e-01 4.68596876e-01
    1.97262883e-01 7.93970227e-01 5.76418936e-02 6.37174606e-01
    2.11854815e-01 6.86988413e-01 2.39550769e-02 7.21547246e-01
    4.79682744e-01 2.61320680e-01 7.40426779e-02 1.30088449e-01
    7.98197985e-01 9.80820000e-01 2.45396137e-01 5.49521327e-01
    3.11770916e-01 8.47944379e-01 8.09291840e-01 8.70705366e-01
    9.37878132e-01 7.67171741e-01 8.11947823e-01 4.39075023e-01
    9.83978987e-01 6.21233881e-01 9.38145638e-01 5.36752105e-01
    5.89902699e-01 4.07572210e-01 9.67148900e-01 4.44738448e-01
    6.30514145e-01 2.16554374e-01 4.27865356e-01 9.93931413e-01
    5.68048775e-01 1.93913341e-01 2.09186703e-01 9.54305291e-01
    3.71880531e-01 4.93283927e-01 5.97979486e-01 1.99495047e-01
    2.08606571e-01 1.10762894e-01 9.63136554e-02 3.11389387e-01
    1.87580407e-01 6.06212378e-01 8.86762023e-01 4.96921539e-02
    6.90010846e-01 1.13828123e-01 5.32736063e-01 3.30694735e-01
    2.00912893e-01 3.98306698e-01 7.64013410e-01 6.19392514e-01
    8.57630074e-01 8.16404939e-01 3.17283988e-01 7.75654912e-01
    7.29688466e-01 1.30960315e-01 1.83447540e-01 4.21394616e-01
    9.90304947e-01 2.35332340e-01 4.46744561e-02 1.41421258e-01
    3.39919299e-01 6.63225114e-01 4.81081605e-02 5.52964151e-01
    3.35739374e-01 9.61340427e-01 3.69322717e-01 7.84595013e-01
    9.00951385e-01 5.37428558e-01 6.54882073e-01 6.85952842e-01
    5.64216256e-01 5.71507931e-01 8.34250391e-01 5.30047953e-01
    2.92263746e-01 6.11665249e-02 7.77128935e-01 2.33325750e-01
    8.23091745e-01 6.45754039e-01 6.90800726e-01 4.38043714e-01
    7.11188436e-01 2.54323781e-02 6.34100795e-01 7.67220914e-01
    5.14246881e-01 4.06353027e-01 1.38208210e-01 8.53596926e-02
    6.64763868e-01 6.09005928e-01 2.50463128e-01 6.64516926e-01
    5.80344737e-01 1.04321331e-01 7.19521761e-01 9.27508473e-01
    7.94850826e-01 7.06525207e-01 9.04722571e-01 6.69526577e-01
    1.90868288e-01 4.26824778e-01 9.17462587e-01 5.23396492e-01
    5.75205982e-02 9.52930331e-01 8.36841345e-01 3.76643896e-01
    3.70829701e-02 4.72292662e-01 2.35288501e-01 7.32392132e-01
    1.79534614e-01 5.07007658e-01 6.88178241e-02 1.13703638e-01
    3.22190166e-01 7.73429275e-02 8.29821825e-01 2.79749453e-01
    5.72322667e-01 8.32425117e-01 7.02003598e-01 2.00986564e-02
    3.61018419e-01 9.84849095e-01 7.83348322e-01 6.80542767e-01
    5.75097740e-01 7.27235556e-01 3.11205298e-01 2.51151562e-01
    9.68827903e-01 9.60222304e-01 3.09086323e-01 6.93905234e-01
    7.10421383e-01 8.95020068e-02 6.26302481e-01 1.40123963e-01
    9.33259487e-01 9.46588576e-01 1.35337383e-01 9.30691004e-01
    8.14298630e-01 5.28512895e-01 9.69425082e-01 2.58556783e-01
    1.34284765e-01 1.35165334e-01 4.00968343e-01 1.07680261e-01
    3.15431595e-01 6.88811123e-01 7.30843067e-01 5.84910512e-01
    5.02410114e-01 9.45391417e-01 3.59142601e-01 6.58313096e-01
    6.69610441e-01 9.05477762e-01 2.09938794e-01 9.24452424e-01
    9.20516729e-01 1.32113397e-02 8.18406343e-01 1.56034827e-01
    3.94869417e-01 2.61932582e-01 7.22683609e-01 6.00625813e-01
    5.87903380e-01 6.63790941e-01 1.69259071e-01 3.52483690e-02
    4.16292071e-01 4.04807419e-01 5.79871058e-01 5.29486716e-01
    4.79434341e-01 9.08166885e-01 9.03028548e-02 3.05942178e-01
    8.39110434e-01 2.43325144e-01 9.51591134e-01 5.55426538e-01
    4.76864934e-01 9.71134961e-01 4.60777640e-01 7.02370763e-01
    4.54726666e-01 1.99918270e-01 6.38952851e-03 4.83647168e-01
    6.34726405e-01 2.85931885e-01 1.12727463e-01 2.59929240e-01
    2.02103555e-02 3.26782465e-03 4.31251526e-01 5.30730784e-01
    9.21542287e-01 8.86835098e-01 3.10166478e-01 3.55208039e-01
    8.87430012e-02 1.58407897e-01 5.26593745e-01 5.87306023e-01
    3.02334666e-01 4.31508273e-01 6.51010156e-01 8.60474527e-01
    1.42776519e-01 7.45437086e-01 2.18289793e-02 8.30214024e-01
    8.31990957e-01 6.11494780e-01 9.20400798e-01 6.30207896e-01
    3.61029357e-01 2.25309014e-01 1.35698646e-01 8.80883634e-02
    4.52927649e-02 8.02633524e-01 9.10680890e-01 5.25923133e-01
    5.44274390e-01 5.28962076e-01 6.28320158e-01 2.09031433e-01
    3.94903064e-01 6.30750179e-01 7.44459748e-01 6.14855289e-02
    8.52987528e-01 9.03299749e-02 9.12025630e-01 2.33864188e-01
    2.68738329e-01 5.63846469e-01 5.08238971e-01 9.48071659e-01
    4.19311851e-01 7.32674897e-01 8.75481367e-01 3.14364523e-01
    4.74810392e-01 2.20819741e-01 1.67478859e-01 9.35260892e-01
    5.41200578e-01 6.36974454e-01 1.29773974e-01 4.62802321e-01
    1.40974224e-01 8.89835596e-01 5.69284201e-01 7.51536429e-01
    4.88214880e-01 2.21429795e-01 6.29285634e-01 9.20217633e-01
    5.44083774e-01 6.75622404e-01 1.92399770e-01 9.68774021e-01
    6.73348308e-01 6.23945892e-02 1.91068769e-01 3.54554176e-01
    9.27802086e-01 4.81435061e-02 6.99839532e-01 8.58401418e-01
    1.50282860e-01 9.68360245e-01 5.46852112e-01 3.44623446e-01
    7.50836670e-01 3.57771903e-01 5.44512451e-01 4.81834531e-01
    2.39923954e-01 3.13642144e-01 9.79161382e-01 8.87439251e-01
    3.04628670e-01 1.72418565e-01 6.21161461e-02 8.38348031e-01
    1.07747197e-01 9.81639981e-01 3.30947697e-01 5.61879694e-01
    5.91093957e-01 7.28342772e-01 4.39553082e-01 4.24860477e-01
    1.52588516e-01 8.91113102e-01 3.73316288e-01 3.14467728e-01
    9.86392856e-01 9.76704776e-01 2.56203115e-01 4.72842097e-01
    8.41404021e-01 3.06170106e-01 4.71425802e-01 2.12474853e-01
    9.62370872e-01 9.30619597e-01 5.36638498e-01 4.06612396e-01
    1.56686604e-01 6.48034811e-01 7.38786995e-01 1.97432458e-01
    9.76631641e-01 9.18764353e-01 2.32203662e-01 6.72479749e-01
    9.74014044e-01 1.71398103e-01 1.67784065e-01 5.04967153e-01
    2.46183515e-01 5.56673169e-01 9.06263888e-01 6.64838850e-02
    7.00098515e-01 1.73338443e-01 1.28732651e-01 1.40464634e-01
    3.35449219e-01 7.98401654e-01 4.28495824e-01 4.18659449e-01
    1.59524530e-01 7.20217884e-01 3.65763485e-01 5.20731032e-01
    3.21353376e-02 8.16000581e-01 7.39089072e-01 9.19452369e-01
    3.19294214e-01 3.59743953e-01 3.21379721e-01 7.22723722e-01
    1.77287251e-01 9.79013264e-01 6.04279637e-01 8.16263080e-01
    7.79533088e-02 8.86177421e-02 9.42056954e-01 1.03078336e-01
    7.89528847e-01 3.60498190e-01 6.06554866e-01 2.46820837e-01
    1.40334606e-01 8.14535141e-01 4.12681729e-01 5.07701218e-01
    7.92355657e-01 1.51853591e-01 3.09865177e-01 6.26167953e-02
    4.56332743e-01 6.31133139e-01 3.62441003e-01 8.33999932e-01
    7.49445856e-02 9.28298116e-01 3.15246910e-01 5.24188638e-01
    6.93307042e-01 6.83692098e-01 3.44797850e-01 6.45537555e-01
    8.05958271e-01 2.01256931e-01 9.44862008e-01 1.17019624e-01
    3.90767455e-01 3.86777371e-01 2.30093896e-02 9.59649265e-01
    8.56531739e-01 1.28352344e-02 5.81001997e-01 2.36479640e-02
    6.51817679e-01 8.64965200e-01 5.52299857e-01 2.34729737e-01
    6.05124533e-02 5.39396048e-01 1.84303850e-01 3.37703943e-01
    3.30418229e-01 1.60369307e-01 6.67289138e-01 7.50701606e-01
    9.32259440e-01 1.02758408e-01 9.34829116e-02 4.11967784e-01
    5.72240591e-01 9.48703349e-01 1.13614261e-01 3.76308233e-01
    1.30087018e-01 4.20000404e-01 3.02980840e-01 9.79334235e-01
    4.76592958e-01 7.72056699e-01 6.20325387e-01 7.97644496e-01
    8.91664028e-01 3.65938932e-01 6.04387283e-01 3.02135706e-01
    7.61666298e-01 1.82355374e-01 2.84998059e-01 3.83813679e-01
    8.99323881e-01 7.98642039e-02 6.85202897e-01 5.79026043e-01
    1.10773772e-01 5.82856536e-01 4.01697993e-01 5.96003950e-01
    8.86028171e-01 3.76703292e-01 8.23129058e-01 3.02309453e-01
    8.63391519e-01 6.44899011e-01 4.92878556e-02 3.45330715e-01
    6.82647049e-01 7.50155270e-01 6.72577560e-01 8.88882041e-01
    1.36124521e-01 8.67046237e-01 8.74785542e-01 8.12775493e-01
    9.36736226e-01 3.35981131e-01 7.40364730e-01 5.74323893e-01
    5.52593708e-01 1.33236885e-01 1.90546483e-01 2.68592000e-01
    2.29025155e-01 4.99829650e-01 5.21672130e-01 5.05436182e-01
    1.44915432e-01 9.48959053e-01 8.02735507e-01 1.07303679e-01
    9.11561131e-01 8.76134276e-01 6.92735195e-01 3.47513497e-01
    7.87509322e-01 4.53372389e-01 1.76161528e-01 2.35776782e-01
    3.39918971e-01 2.42149830e-01 5.22565424e-01 9.87385035e-01
    3.25574934e-01 2.45156884e-01 2.41099954e-01 1.17466807e-01
    4.85707074e-01 5.41436672e-01 8.10887814e-01 6.00810170e-01
    6.97961509e-01 6.16799057e-01 1.90658748e-01 5.26091278e-01
    6.39822721e-01 1.36420310e-01 6.38386726e-01 1.56876922e-01
    2.64135540e-01 5.15870035e-01 6.36375487e-01 1.09277070e-01
    7.29339480e-01 2.13930756e-01 2.41660506e-01 8.40172350e-01
    2.70140618e-01 2.47665793e-01 4.97379094e-01 7.83718050e-01
    1.92288160e-01 4.93862659e-01 5.42908907e-01 9.36677158e-01
    1.84293538e-01 7.95778871e-01 4.66349572e-01 6.82190895e-01
    7.01769590e-01 3.24410498e-01 8.78702879e-01 6.86993420e-01
    2.27163941e-01 4.97050852e-01 7.49714375e-01 8.96097898e-01
    4.18946743e-02 8.37029338e-01 6.52575374e-01 9.70457435e-01
    2.88549125e-01 7.41405249e-01 3.30948293e-01 1.97978109e-01
    4.01937306e-01 1.76358730e-01 1.44667506e-01 7.47940838e-01
    4.36018020e-01 5.47093987e-01 2.71569222e-01 8.32504630e-01
    4.68445510e-01 4.99502450e-01 3.43348026e-01 2.40539670e-01
    4.82404500e-01 8.19727063e-01 7.70650268e-01 4.04385597e-01
    4.42123830e-01 7.06419349e-02 1.45509809e-01 3.10943455e-01
    3.23154867e-01 7.86605597e-01 5.77700794e-01 1.74271077e-01
    9.50500727e-01 3.73243034e-01 3.99999857e-01 5.20928442e-01
    9.18331981e-01 5.47419548e-01 8.24491858e-01 8.60551953e-01
    9.76799428e-01 5.41503131e-01 6.10243857e-01 2.72412539e-01
    7.07046390e-02 5.78469038e-03 8.17902982e-01 1.56512260e-01
    1.49917006e-02 1.86619997e-01 5.98069370e-01 2.33180285e-01
    5.19613028e-01 5.97380102e-02 7.13941932e-01 5.00788808e-01
    8.56227577e-02 3.67308587e-01 1.43596381e-01 9.22101200e-01
    9.11519051e-01 9.74102020e-02 1.55995578e-01 7.39353061e-01
    4.16247845e-02 4.08613205e-01 7.06130087e-01 6.67661130e-01
    6.10140502e-01 6.27118826e-01 4.11975265e-01 1.94422573e-01
    4.10970211e-01 2.96496630e-01 4.05062139e-01 9.37972665e-01
    4.10114348e-01 1.10059202e-01 6.13246799e-01 1.67289078e-01
    3.64883184e-01 9.24436629e-01 6.34478390e-01 2.77694851e-01
    6.18068755e-01 6.59787953e-01 8.40342939e-01 1.09707415e-01
    6.95551515e-01 8.51438165e-01 9.76428986e-02 7.77804852e-01
    1.72918558e-01 8.88332605e-01 2.64643908e-01 4.69887257e-01
    7.47218072e-01 7.15525150e-01 5.36421597e-01 7.69883394e-01
    1.39333367e-01 5.06442547e-01 3.29078734e-02 4.63017464e-01
    1.80935562e-02 4.24994707e-01 4.74478304e-02 4.86336648e-02
    9.66354191e-01 9.96310055e-01 1.68095648e-01 5.99293470e-01
    3.08021963e-01 7.40051270e-02 5.79926610e-01 2.78022826e-01
    7.37614512e-01 5.31107664e-01 8.52440238e-01 2.12617636e-01
    1.66715592e-01 5.23405254e-01 4.25946057e-01 4.07572567e-01
    3.26073349e-01 3.11595500e-02 5.99140584e-01 6.59319758e-03
    1.19981736e-01 6.07388794e-01 7.39861965e-01 2.30393052e-01
    9.51219201e-02 6.92572176e-01 2.10876644e-01 9.61830139e-01
    3.85607302e-01 4.83633578e-01 7.58504152e-01 7.89095998e-01
    6.13595188e-01 6.54834330e-01 2.16923296e-01 1.25521809e-01
    2.24688143e-01 5.78111112e-01 1.10338688e-01 6.13477886e-01
    1.65635824e-01 1.53820157e-01 2.56246626e-02 7.14482427e-01
    5.08614957e-01 9.28378224e-01 6.72279954e-01 5.00905812e-01
    6.41532660e-01 7.07430422e-01 8.89070392e-01 7.27420986e-01
    7.92920709e-01 2.02417821e-01 2.89211631e-01 5.48446357e-01
    2.24657387e-01 4.04426903e-01 5.93087196e-01 6.77440763e-01
    8.02155197e-01 9.49409723e-01 4.02863771e-01 2.49330759e-01
    4.94417310e-01 9.89732504e-01 8.83421779e-01 3.02994251e-02
    3.80310297e-01 6.57763243e-01 7.16688871e-01 4.77723360e-01
    9.82822537e-01 2.03199267e-01 5.76472580e-01 1.86050564e-01
    1.12285018e-02 6.71050251e-01 7.25043595e-01 7.30953574e-01
    1.93792731e-01 6.66319728e-02 5.16852140e-01 5.00418544e-01
    9.85098958e-01 1.80037469e-01 9.73518968e-01 9.62549090e-01
    2.84685969e-01 5.60314834e-01 2.58562207e-01 4.20361519e-01
    4.21789616e-01 5.22782266e-01 9.91978645e-02 3.71802926e-01
    5.84565639e-01 1.49850637e-01 3.17871690e-01 8.19751382e-01
    1.80352092e-01 7.06479728e-01 8.69432449e-01 9.20613885e-01
    3.91413271e-02 9.98999476e-01 5.41484535e-01 7.11465001e-01
    1.68204665e-01 6.79085612e-01 8.74772966e-02 3.52630019e-02
    8.81075919e-01 3.90629232e-01 7.78361917e-01 6.03329003e-01
    9.91370440e-01 1.72837615e-01 4.24595535e-01 8.66584063e-01
    4.36924934e-01 8.53912473e-01 1.78602129e-01 4.84430164e-01
    8.57370436e-01 2.99325883e-01 8.45697522e-02 2.53155947e-01
    7.86234260e-01 3.23890924e-01 8.90279770e-01 2.88538933e-01
    4.72616851e-01 9.89893258e-01 4.07273710e-01 1.07761502e-01
    8.67012620e-01 5.93092442e-01 7.02607751e-01 2.39405543e-01
    2.56081700e-01 6.88714385e-01 6.29401445e-01 1.04403764e-01
    9.92113709e-01 7.73478150e-02 2.07692325e-01 4.69605953e-01
    6.35828674e-01 1.38771117e-01 3.26460898e-01 6.08475387e-01
    2.03916311e-01 5.37811160e-01 6.56725228e-01 5.87339878e-01
    6.47526205e-01 6.81008160e-01 5.01370013e-01 6.02461040e-01
    9.18220401e-01 5.64228296e-01 5.52072823e-02 5.31298161e-01
    6.86916232e-01 5.74803352e-02 3.60403955e-02 3.00991952e-01
    8.85880709e-01 7.89151788e-01 1.60248518e-01 6.75113380e-01
    6.06887817e-01 3.09856087e-01 8.03343892e-01 9.13243175e-01
    9.00672555e-01 3.62810016e-01 6.51657641e-01 1.38000548e-02
    1.86151266e-03 7.98192859e-01 9.88411665e-01 8.22646260e-01
    8.08739483e-01 8.37377787e-01 4.62441444e-02 9.78727758e-01
    2.98670828e-01 4.77915823e-01 9.18955207e-02 7.71164596e-02
    3.77858132e-01 9.30023193e-01 7.91918099e-01 4.00689840e-02
    6.55788541e-01 2.42459476e-02 5.47949553e-01 8.68029296e-02
    1.12502396e-01 8.69551539e-01 1.22583151e-01 1.60291255e-01
    1.43972933e-02 1.02509081e-01 5.32408297e-01 3.18053901e-01
    6.04966044e-01 2.91949689e-01 7.59509504e-02 6.00182116e-01
    5.79411447e-01 2.54018456e-01 4.14114714e-01 7.87899673e-01
    3.58764380e-01 9.35937166e-01 2.06057012e-01 5.55429995e-01
    2.36794680e-01 4.53389108e-01 8.52386951e-01 5.36818326e-01
    4.16832954e-01 4.48007524e-01 7.25365698e-01 3.58587146e-01
    9.86659229e-01 8.97857070e-01 1.70141309e-01 1.58185810e-01
    8.47726405e-01 3.50025356e-01 5.07134795e-02 8.81291091e-01
    1.39076322e-01 6.67981625e-01 4.64448094e-01 8.60312939e-01
    5.81666112e-01 6.62665963e-01 4.72735167e-01 8.49216342e-01
    7.93458343e-01 5.01333177e-01 5.36946356e-02 2.05718219e-01
    3.44894975e-01 8.37362826e-01 1.71715379e-01 4.89412129e-01
    9.93955612e-01 1.53344482e-01 3.32235605e-01 5.80145776e-01
    6.98013127e-01 4.47288036e-01 5.82443535e-01 1.02826059e-01
    4.83069062e-01 5.08500218e-01 9.10995364e-01 1.52927905e-01
    8.62478137e-01 7.49301195e-01 6.14578247e-01 7.57292271e-01
    4.24196064e-01 1.33599192e-01 8.90561521e-01 2.60139674e-01
    7.29839444e-01 5.40266335e-02 3.44036043e-01 7.91547358e-01
    1.28678799e-01 9.07667875e-02 9.63006616e-01 1.01612687e-01
    9.94417906e-01 2.02741921e-01 7.82049596e-02 5.19117177e-01
    2.35824078e-01 4.18906927e-01 7.57297397e-01 1.08525187e-01
    9.78844166e-01 9.92798150e-01 9.32875335e-01 8.25691521e-02
    1.29297316e-01 5.25443673e-01 4.88663316e-02 4.47053015e-02
    3.38434279e-01 1.90213710e-01 4.23495740e-01 7.75106072e-01
    5.28311729e-03 4.80555952e-01 6.76673412e-01 8.42329204e-01
    1.62559986e-01 7.86034882e-01 4.24724877e-01 9.75300312e-01
    8.19017529e-01 3.37814808e-01 9.47393477e-01 7.92764068e-01
    2.55635977e-01 6.66329324e-01 1.73117191e-01 4.39925760e-01
    6.88466430e-03 1.77164197e-01 2.24862486e-01 4.78371501e-01
    1.43321037e-01 7.34802723e-01 8.58871043e-01 1.55231893e-01
    5.86219549e-01 5.38329899e-01 7.51107156e-01 5.78211248e-02
    4.16287988e-01 7.38301575e-01 8.70199800e-01 9.54924107e-01
    1.03607476e-02 1.74547791e-01 4.81101930e-01 8.41736674e-01
    2.61400700e-01 5.91201723e-01 8.04581821e-01 5.56689501e-02
    5.88638484e-01 9.05946732e-01 1.37882203e-01 9.60683346e-01
    8.46177101e-01 4.03544992e-01 2.68644899e-01 3.04108620e-01
    9.17540967e-01 5.20402312e-01 5.09004116e-01 7.48011470e-01
    9.57608402e-01 3.85843992e-01 7.78758049e-01 7.90288806e-01
    3.99655014e-01 1.95501417e-01 4.12304133e-01 4.20133442e-01
    1.70370549e-01 7.70313680e-01 1.55773163e-01 6.98213696e-01
    3.18661809e-01 8.15587401e-01 4.32941735e-01 1.52022243e-02
    3.90430868e-01 6.67787433e-01 3.71265531e-01 3.03599209e-01
    7.38743782e-01 7.92852044e-02 2.65897185e-01 1.94091290e-01
    6.25336289e-01 2.29262412e-01 4.68289137e-01 8.98940325e-01
    3.66911054e-01 9.52918172e-01 5.60209155e-01 4.76323038e-01
    4.18977469e-01 4.84564930e-01 4.57583666e-02 8.37153673e-01
    1.60281509e-01 1.02785558e-01 1.88174635e-01 2.93976456e-01
    4.42362279e-01 4.76960629e-01 2.69468784e-01 7.43531883e-01
    9.73426998e-01 6.98114574e-01 8.04620981e-03 2.43243873e-02
    1.32687300e-01 4.54319507e-01 6.81921601e-01 7.10042298e-01
    9.14616704e-01 4.66287017e-01 5.71288764e-01 1.76698416e-01
    8.32883954e-01 5.93369007e-01 1.00310206e-01 6.31017387e-02
    6.16382241e-01 8.03622127e-01 7.24301815e-01 3.55809152e-01
    8.57630432e-01 1.99182957e-01 1.82488501e-01 9.17989850e-01
    7.20453382e-01 8.89928639e-02 6.85258150e-01 5.12693882e-01
    5.21230102e-01 8.21900725e-01 7.99316883e-01 1.16066188e-01
    1.96529716e-01 8.78745019e-01 6.46639943e-01 8.99384260e-01
    4.90337133e-01 5.23988724e-01 5.12494922e-01 3.77613902e-01
    2.44442344e-01 2.14540362e-01 8.18795919e-01 1.85189694e-01
    5.14317751e-01 3.93662632e-01 8.99377346e-01 7.40834594e-01
    7.47677028e-01 4.16711360e-01 2.42102146e-02 2.39660740e-01
    6.88607752e-01 2.53181338e-01 6.09433472e-01 4.99143362e-01
    8.74796212e-01 2.15685368e-02 3.47248435e-01 2.49362469e-01
    6.20570064e-01 6.17648780e-01 6.09282851e-01 4.28037137e-01
    8.20865512e-01 2.79617935e-01 2.52226949e-01 4.38976169e-01
    6.38293266e-01 5.42133510e-01 8.57923269e-01 5.25278151e-01
    9.58707929e-02 4.03465331e-01 7.98719406e-01 1.45419598e-01
    2.66856432e-01 8.17536354e-01 3.04689765e-01 5.05378723e-01
    9.41824198e-01 2.47767925e-01 2.69085616e-01 3.98410648e-01
    5.32051504e-01 6.81926131e-01 5.13885021e-01 4.76617366e-01
    2.29743689e-01 3.68110776e-01 2.50830948e-01 8.52733552e-01
    1.96894377e-01 5.61418176e-01 5.00112951e-01 4.28464711e-02
    2.41421908e-01 9.34212923e-01 3.69128525e-01 3.02235901e-01
    9.06890392e-01 2.17193425e-01 2.10820168e-01 2.89485872e-01
    4.23650086e-01 8.62067223e-01 8.12544584e-01 9.08065438e-01
    1.74041241e-01 8.68837118e-01 9.03273582e-01 4.60683078e-01
    9.61363971e-01 2.31207520e-01 4.34763372e-01 2.67638087e-01
    2.48206407e-01 9.16343331e-02 8.19118798e-01 9.78415012e-02
    4.33100700e-01 1.97111785e-01 5.20125628e-02 1.61446691e-01
    5.27974010e-01 2.27040261e-01 6.23107791e-01 5.94091296e-01
    7.39263654e-01 3.59829009e-01 5.73722005e-01 2.33362526e-01
    5.19239843e-01 1.40335798e-01 9.70906138e-01 8.84473681e-01
    2.33017683e-01 7.26008475e-01 9.58669424e-01 6.86870515e-02
    8.83100748e-01 2.69595504e-01 3.13913822e-02 8.90814662e-02
    8.40250492e-01 1.89205945e-01 6.79228485e-01 8.61930847e-03
    7.56039262e-01 6.53370082e-01 2.07598090e-01 6.54913723e-01
    8.14064801e-01 3.30095947e-01 5.79322398e-01 7.22952783e-02
    4.98522550e-01 2.42702216e-01 2.34258771e-01 5.51244676e-01
    7.88550019e-01 1.08191848e-01 1.26963109e-01 1.52108252e-01
    6.47021055e-01 2.58438885e-01 3.61848831e-01 6.23433888e-02
    1.65385842e-01 4.16806042e-02 3.39066178e-01 6.57189727e-01
    2.25048453e-01 5.62203348e-01 7.72723973e-01 8.22636247e-01
    7.31407464e-01 8.00915122e-01 6.13375306e-01 7.34096587e-01
    9.07705963e-01 9.79172289e-02 2.22245902e-01 7.91114748e-01
    4.38106954e-02 3.62927556e-01 8.85757685e-01 3.69270325e-01
    2.49568313e-01 5.63311160e-01 6.88214898e-01 9.08197999e-01
    9.98130918e-01 7.38230824e-01 8.02544475e-01 8.67779851e-02
    8.88790965e-01 2.90245384e-01 1.26805753e-01 3.78325045e-01
    1.70049071e-02 2.95073271e-01 1.84816778e-01 6.82283819e-01
    7.18785465e-01 8.85055065e-01 4.57143426e-01 5.89002907e-01
    3.22310627e-02 7.45756745e-01 6.98933542e-01 3.63362372e-01
    8.01941037e-01 6.21003807e-02 1.58554018e-02 9.85882223e-01
    9.68861997e-01 5.45674086e-01 7.98350811e-01 5.14831066e-01
    8.78367245e-01 6.65309489e-01 4.09436822e-01 7.74912417e-01
    7.66712904e-01 9.90168750e-02 3.62190604e-01 7.33187199e-01
    3.77782553e-01 9.65854824e-01 2.43142724e-01 8.23253036e-01
    9.51532066e-01 4.95669633e-01 3.39539945e-01 3.54259908e-02
    6.86477900e-01 9.95870471e-01 5.98089814e-01 6.35519922e-02
    7.47260928e-01 6.83911860e-01 2.56062478e-01 8.74817550e-01
    1.86164379e-01 3.44484001e-01 1.58200324e-01 7.32557893e-01
    2.08331436e-01 4.71847564e-01 7.88233578e-02 5.59798479e-01
    1.49963677e-01 7.24591076e-01 8.01752329e-01 9.18358445e-01
    3.29713851e-01 9.83527422e-01 7.81092048e-01 6.86118782e-01
    6.56772137e-01 4.77137059e-01 3.87417763e-01 6.16782308e-01
    2.81572998e-01 9.56130743e-01 1.03236884e-01 6.76572919e-02
    9.42313910e-01 1.10746324e-01 7.60974288e-01 5.76985419e-01
    5.13071895e-01 1.55565441e-01 7.87717223e-01 5.82919598e-01
    7.83937037e-01 8.84367764e-01 5.56821525e-02 6.30303800e-01
    8.31378102e-01 1.18081540e-01 1.55887604e-01 4.13054526e-02
    4.48620975e-01 9.24169362e-01 3.93110871e-01 5.21141529e-01
    6.14213169e-01 4.91437912e-02 4.91645277e-01 8.85020494e-01
    6.88570380e-01 2.39011198e-01 1.46575361e-01 6.05366170e-01
    2.06285626e-01 1.65979654e-01 2.17616588e-01 5.76450884e-01
    9.22413111e-01 8.96639466e-01 6.44590437e-01 8.98844123e-01
    8.14613104e-01 9.54951644e-01 1.91859514e-01 1.00980639e-01
    3.09115738e-01 8.72037888e-01 7.84334183e-01 8.36156905e-01
    3.26716840e-01 8.96146894e-01 9.79288697e-01 6.95898414e-01
    4.19807136e-01 5.38981020e-01 8.54350686e-01 3.65115345e-01
    3.16866696e-01 9.79466081e-01 6.44340217e-02 5.09155869e-01
    7.08762825e-01 3.89005274e-01 7.04812229e-01 8.30967784e-01
    1.59599930e-01 3.81624401e-02 2.38348126e-01 2.17449903e-01
    9.78413343e-01 1.02226198e-01 5.14422894e-01 2.72072017e-01
    8.66859138e-01 9.24705684e-01 2.64312267e-01 4.07835841e-01
    8.99031937e-01 3.12066972e-02 1.01125002e-01 7.31424809e-01
    3.04959416e-02 1.63198382e-01 6.99898958e-01 3.21322858e-01
    2.01501548e-01 6.45016074e-01 5.83799839e-01 3.93489599e-01
    3.22288185e-01 3.23043495e-01 8.43563914e-01 7.41862237e-01
    5.27640700e-01 2.43473977e-01 9.49436903e-01 8.59146118e-01
    1.49797946e-01 9.43554640e-02 8.74525607e-02 1.98039472e-01
    4.69472110e-01 9.93577957e-01 8.80976677e-01 8.73286963e-01
    9.97134507e-01 4.95496809e-01 4.82109189e-01 3.08158517e-01
    1.34502083e-01 8.62126708e-01 3.69363844e-01 2.10049450e-02
    3.26872170e-01 6.03812873e-01 5.52774131e-01 9.30603623e-01
    7.79311061e-01 3.53829652e-01 2.52207637e-01 6.52328491e-01
    2.47534990e-01 4.40332919e-01 9.53765273e-01 7.97148943e-02
    3.96707028e-01 8.19415689e-01 7.46298492e-01 3.98727208e-01
    5.40931463e-01 6.02889657e-01 2.14689553e-01 2.54061699e-01
    6.36607170e-01 8.06700945e-01 2.13716030e-02 5.90086937e-01
    5.55573761e-01 4.07746553e-01 2.76393592e-02 4.99110669e-01
    3.49886000e-01 5.51740825e-02 1.24686062e-02 9.07563806e-01
    4.37674403e-01 1.25078350e-01 9.54310298e-01 9.00093555e-01
    9.85627532e-01 9.36108470e-01 4.88504052e-01 3.52410078e-01
    5.23804724e-01 3.29716891e-01 4.10471916e-01 2.38197178e-01
    3.43833268e-02 1.74633205e-01 5.96862197e-01 3.83989245e-01
    4.60938305e-01 9.14917469e-01 7.05294073e-01 7.06287384e-01
    6.30464792e-01 9.41802561e-01 5.78643858e-01 2.03755856e-01
    5.92920601e-01 5.13139784e-01 1.89067572e-01 7.28123546e-01
    5.64755201e-02 5.28856814e-01 6.14381313e-01 1.25608087e-01
    1.38094068e-01 3.16495538e-01 4.36586440e-02 1.39945626e-01
    4.13069725e-01 7.59866357e-01 9.36804175e-01 1.30376518e-01
    7.32925415e-01 8.22055340e-01 3.55788410e-01 6.17797673e-02
    6.87821209e-01 8.40306759e-01 9.27518725e-01 2.57102132e-01
    6.89460158e-01 8.14473748e-01 9.12063062e-01 9.76420105e-01
    7.57120550e-02 9.85019505e-01 5.56687117e-01 1.08713835e-01
    3.03948522e-01 9.06157851e-01 6.67291880e-01 7.08313107e-01
    8.96697640e-02 7.21082747e-01 6.22791886e-01 2.80991793e-01
    9.88556743e-01 6.30205035e-01 2.72876978e-01 3.37777168e-01
    9.63739216e-01 6.24167085e-01 2.58079290e-01 5.37335575e-02
    6.55873656e-01 4.06796932e-02 6.94991171e-01 3.19419920e-01
    3.67901027e-02 2.64710039e-01 4.83640790e-01 8.14784169e-01
    5.97191155e-01 4.49053645e-01 4.32658732e-01 7.58843660e-01
    6.72925174e-01 7.47773230e-01 6.81778073e-01 6.97946191e-01
    9.96266127e-01 6.05988085e-01 4.48946118e-01 9.73809838e-01
    2.14096904e-02 5.77364504e-01 8.07086229e-01 8.11528087e-01
    5.33434987e-01 7.56210327e-01 2.76409626e-01 1.77322686e-01
    4.13588613e-01 1.07161462e-01 3.55740935e-01 2.40024209e-01
    9.63744521e-01 5.07654250e-01 2.83137262e-02 5.98134398e-02
    8.24535370e-01 4.71780121e-01 3.59265924e-01 5.54284632e-01
    9.86378551e-01 7.85403192e-01 5.88685751e-01 2.05247402e-01
    3.96786481e-01 8.16869855e-01 5.90154529e-01 7.16001749e-01
    5.64018488e-02 2.17864215e-02 3.09529811e-01 9.98458028e-01
    7.43204713e-01 8.77505541e-01 1.75597906e-01 2.63555378e-01
    1.66254550e-01 6.51215076e-01 2.37195402e-01 4.37149704e-02
    4.97399271e-02 5.10906398e-01 9.64819372e-01 8.28684688e-01
    6.36301935e-01 3.20996791e-01 9.79588687e-01 3.95193577e-01
    2.35489607e-02 5.61845064e-01 7.31287003e-02 3.14518094e-01
    4.38970983e-01 2.47914404e-01 8.17090511e-01 5.26939034e-01
    6.32561445e-01 1.83725297e-01 8.98362160e-01 3.84694040e-01
    9.49903250e-01 1.31538898e-01 4.75108862e-01 9.83960748e-01
    9.81240928e-01 1.32267892e-01 4.72639203e-01 4.80240762e-01
    8.86999607e-01 3.95070106e-01 5.34883797e-01 1.89104348e-01
    8.55919600e-01 4.55473930e-01 5.41995168e-01 9.62570071e-01
    7.75573015e-01 4.52377051e-01 7.12752521e-01 8.38264227e-01
    9.68155921e-01 5.76925159e-01 6.27621055e-01 5.53807139e-01
    5.89703560e-01 8.42808127e-01 9.49275196e-02 8.13692808e-01
    7.57686853e-01 6.49848282e-02 1.38372123e-01 7.29219437e-01
    8.94178808e-01 9.11868453e-01 3.83238018e-01 6.22972369e-01
    5.22190034e-01 5.49593329e-01 5.03754020e-02 8.09525847e-01
    7.99374223e-01 2.97372162e-01 2.74343431e-01 1.42833859e-01
    1.91336334e-01 9.30582762e-01 6.77567780e-01 3.49650741e-01
    8.70859981e-01 2.29005605e-01 5.06036818e-01 3.62534523e-02
    3.14056098e-01 9.72853899e-01 5.85502863e-01 6.43886268e-01
    8.18021894e-01 2.90952474e-01 2.88489461e-03 3.48698199e-01
    9.68431115e-01 6.58374667e-01 9.15246904e-01 8.91920686e-01
    7.60483980e-01 4.49210554e-01 3.49846601e-01 1.28590703e-01
    1.56543881e-01 1.53894514e-01 4.49761420e-01 2.78137594e-01
    6.18351400e-01 2.26925939e-01 1.05915457e-01 2.99748182e-01
    6.96286142e-01 4.63436186e-01 2.08737016e-01 4.02035415e-02
    5.43671489e-01 2.00607926e-01 9.46671903e-01 9.20905769e-02
    8.19596887e-01 8.67843747e-01 8.81677091e-01 3.60656857e-01
    2.13340998e-01 7.74440289e-01 3.60855281e-01 7.80628085e-01
    2.77014852e-01 7.76171625e-01 1.77422673e-01 4.06293273e-01
    1.22323036e-02 8.59756351e-01 8.86839509e-01 9.04978812e-02
    2.40830481e-02 8.39827418e-01 7.41246700e-01 5.41821539e-01
    7.52439380e-01 5.25712967e-03 1.99982494e-01 8.20459723e-01
    4.84990954e-01 1.91578299e-01 3.54172975e-01 7.95361996e-01
    7.87095904e-01 6.51695251e-01 4.17701721e-01 7.09290147e-01
    8.01558495e-01 2.59494781e-02 9.39749360e-01 8.62625360e-01
    7.34504044e-01 7.15723395e-01 1.18775666e-01 4.05569643e-01
    3.30560863e-01 4.56883311e-02 9.64625478e-01 2.49039233e-01
    5.77983022e-01 1.51343405e-01 2.42083907e-01 9.55993831e-02
    8.29248726e-02 9.63916659e-01 8.03183794e-01 6.58247650e-01
    5.35451233e-01 5.81688821e-01 9.23389435e-01 6.14505887e-01
    3.41908932e-02 5.41257143e-01 1.93210453e-01 1.51564628e-01
    3.58242095e-02 7.82588899e-01 6.90936685e-01 7.82289624e-01
    8.56073916e-01 9.28539276e-01 2.82101333e-01 9.64962244e-01
    5.38535833e-01 7.44952559e-01 1.10026181e-01 6.72609866e-01
    7.74193048e-01 2.24673420e-01 7.96627402e-02 1.57815546e-01
    4.27294105e-01 4.10540104e-02 2.21209407e-01 6.93121552e-02
    3.48347038e-01 8.58240724e-02 5.64486384e-01 5.24928689e-01
    4.99751002e-01 3.67075026e-01 2.43222505e-01 9.04783368e-01
    7.94795752e-02 4.71023470e-01 9.00722027e-01 7.50935316e-01
    4.39651251e-01 7.17869997e-02 3.24827433e-03 2.39072442e-02
    2.33060479e-01 9.45748925e-01 8.36189032e-01 5.18361151e-01
    5.28488874e-01 8.10138822e-01 2.71091104e-01 7.70930171e-01
    2.93509901e-01 4.24687982e-01 9.28056180e-01 5.44753373e-02
    3.24738771e-01 5.09399056e-01 6.13405883e-01 5.14682829e-02
    2.58893460e-01 1.73888326e-01 1.01188421e-02 6.94773316e-01
    6.59698009e-01 1.90653682e-01 3.38904440e-01 9.86141443e-01
    5.69700122e-01 9.93769705e-01 3.45655799e-01 4.59971935e-01
    5.49276888e-01 4.53272551e-01 8.73714387e-01 1.89881116e-01
    2.76572108e-01 8.72494221e-01 6.02100730e-01 8.11584771e-01
    8.72220278e-01 9.09829438e-01 3.43813568e-01 1.02119297e-01
    2.75779188e-01 1.11172616e-01 4.69199002e-01 1.08838052e-01
    7.11048305e-01 4.65789378e-01 3.93903285e-01 8.00967455e-01
    1.36826038e-01 3.01554024e-01 9.88625765e-01 8.61887932e-01
    2.57838070e-01 4.45928872e-02 6.81246221e-01 8.52933526e-01
    2.67703563e-01 6.18153572e-01 2.33560592e-01 5.65608025e-01
    8.28570783e-01 2.28839099e-01 2.34797210e-01 6.41324580e-01
    3.32988590e-01 5.01127899e-01 5.23222864e-01 1.11321241e-01
    9.60718572e-01 9.44979429e-01 2.96812624e-01 3.57030153e-01
    2.78340876e-02 1.26288831e-02 7.82322049e-01 8.04560423e-01
    9.86089587e-01 5.15421450e-01 7.98254490e-01 2.95971513e-01
    2.27449030e-01 4.41370457e-01 5.99589467e-01 4.18206424e-01
    8.28518510e-01 9.97579336e-01 8.43485892e-02 9.47771549e-01
    6.79979146e-01 1.39051557e-01 4.11205769e-01 8.36190820e-01
    2.13503569e-01 6.40688062e-01 1.07287705e-01 7.59683490e-01
    1.08041376e-01 3.53344381e-01 9.08466220e-01 2.05255121e-01
    4.67562675e-01 4.30393755e-01 8.77590775e-01 3.04744422e-01
    3.76441777e-01 7.69524515e-01 8.22253942e-01 4.41309273e-01
    5.53638875e-01 5.81564307e-02 5.22216558e-01 3.13384235e-02
    6.71486378e-01 9.86225128e-01 3.48554134e-01 7.01048732e-01
    5.23642898e-01 3.55742067e-01 6.22268558e-01 4.69251394e-01
    6.13950968e-01 8.46480131e-01 8.31730723e-01 6.73498750e-01
    9.77287829e-01 4.78137374e-01 9.96248126e-02 4.98923570e-01
    5.33816218e-03 3.01218063e-01 7.22256124e-01 5.81666231e-02
    5.39648652e-01 1.94757968e-01 1.70647562e-01 3.57076854e-01
    5.08300841e-01 9.17607248e-01 6.61457121e-01 5.13857126e-01
    9.08083439e-01 9.03361022e-01 5.49522519e-01 7.81446755e-01
    8.55930090e-01 4.59609956e-01 6.02841377e-03 7.72201180e-01
    8.69249344e-01 7.09289491e-01 8.77167404e-01 5.24384677e-02
    2.34275848e-01 3.68134528e-01 3.49763960e-01 2.89438933e-01
    2.97598094e-01 1.14495128e-01 7.62265325e-01 7.66089022e-01
    6.51841283e-01 8.49137008e-01 9.80971515e-01 7.05948710e-01
    1.90076500e-01 9.42659259e-01 8.83582890e-01 5.97325027e-01
    5.14723957e-01 8.90054524e-01 4.40647334e-01 2.06495851e-01
    9.45571065e-01 8.23479295e-02 7.02870429e-01 7.25898504e-01
    7.91771531e-01 5.58222711e-01 9.66725588e-01 3.76909226e-01
    1.03327841e-01 5.64469814e-01 6.78774714e-01 6.25785530e-01
    8.97898197e-01 6.74300849e-01 5.13719678e-01 7.32174516e-01
    7.90734589e-02 3.09105963e-01 2.44247496e-01 7.26804852e-01
    3.38639736e-01 4.07876998e-01 4.88095790e-01 4.16385114e-01
    9.31334436e-01 7.73804784e-01 3.65501791e-01 8.58103275e-01
    7.28652477e-01 4.68531668e-01 9.16094065e-01 7.96079576e-01
    5.22736728e-01 5.64504266e-01 2.07920074e-02 9.77644324e-01
    4.50476706e-02 6.65044367e-01 7.38319874e-01 9.74733829e-01
    2.15957016e-01 1.43559039e-01 3.78944337e-01 3.74968499e-01
    9.39607084e-01 6.23598456e-01 5.23501039e-02 9.43638325e-01
    3.33160549e-01 4.98007596e-01 7.38525152e-01 8.69758070e-01
    1.06150687e-01 3.55469584e-02 4.05013561e-03 6.24030292e-01
    5.28964639e-01 5.65321743e-01 6.88015580e-01 8.88190269e-01
    9.02099609e-01 1.06946290e-01 3.69206965e-01 7.41833031e-01
    8.63014221e-01 4.28180963e-01 1.73635185e-01 7.77685285e-01
    5.54386616e-01 4.08850312e-02 4.15324718e-01 3.60384762e-01
    2.02846020e-01 6.01949751e-01 2.50045568e-01 2.40777254e-01
    9.83264744e-01 7.71393478e-02 8.66963685e-01 9.12987769e-01
    8.55957985e-01 3.14877748e-01 2.75407016e-01 7.87554741e-01
    2.69745409e-01 4.53249037e-01 1.66086793e-01 9.52322721e-01
    1.86866403e-01 8.63683224e-01 8.25128078e-01 1.94163263e-01
    5.16025782e-01 7.39992023e-01 8.69406998e-01 1.68564349e-01
    9.32579041e-02 8.59885514e-01 7.31346905e-02 3.97527218e-03
    6.09412372e-01 6.61884546e-01 9.23676491e-02 1.10491961e-01
    6.77585661e-01 3.23080420e-01 6.40611947e-01 2.65602469e-01
    8.18389952e-01 7.95277476e-01 1.66367173e-01 1.64187551e-02
    5.05690336e-01 8.64493847e-01 2.02450395e-01 8.25477481e-01
    1.12626255e-02 3.48452419e-01 6.13415837e-01 3.83040309e-03
    4.18974757e-01 9.70998645e-01 2.51210600e-01 2.85318941e-01
    8.56546044e-01 9.09255505e-01 1.74016804e-01 8.37147593e-01
    6.59545422e-01 5.15893817e-01 6.93729401e-01 5.63825250e-01
    6.53864443e-01 7.44971335e-01 1.58864558e-01 7.03873277e-01
    3.57973874e-01 6.28194571e-01 8.85315657e-01 1.93391442e-02
    7.96559215e-01 3.14000994e-01 4.97851968e-01 4.10145819e-02
    7.41875648e-01 7.64007986e-01 2.96702862e-01 1.24809831e-01
    5.69214702e-01 2.08767503e-01 8.81563902e-01 6.34631813e-02
    7.88590968e-01 9.81387973e-01 6.05240464e-01 5.45734644e-01
    1.06573910e-01 2.33406603e-01 2.29340732e-01 3.18686873e-01
    6.29547536e-01 2.93578744e-01 9.97441947e-01 2.31841028e-01
    4.72242415e-01 4.80514884e-01 5.30337989e-01 3.71046603e-01
    2.03799605e-01 1.31651610e-01 1.54287100e-01 6.38458312e-01
    3.35787475e-01 3.17030847e-01 2.77058721e-01 7.16618061e-01
    6.21404946e-01 3.34749043e-01 7.98650742e-01 2.27532536e-01
    2.18396723e-01 8.06287229e-02 8.08863401e-01 9.53127861e-01
    6.41761184e-01 6.12808704e-01 4.24998254e-01 7.80607939e-01
    8.86992216e-01 2.86821246e-01 2.94345349e-01 9.05259430e-01
    9.01332974e-01 1.54543012e-01 1.42975241e-01 6.07458770e-01
    3.87820423e-01 7.10383713e-01 3.35294783e-01 1.69988185e-01
    3.02186251e-01 7.91286707e-01 3.70141387e-01 7.77397037e-01
    8.05839896e-01 5.88331819e-01 8.26980710e-01 7.38439322e-01
    2.71552831e-01 5.02730668e-01 5.02625585e-01 6.24542117e-01
    5.63018978e-01 6.55682862e-01 9.81996417e-01 4.49807465e-01
    7.20727801e-01 5.75298488e-01 8.49140227e-01 9.73919034e-01
    5.34012914e-02 1.04431242e-01 1.55486703e-01 2.75008231e-01
    3.04509521e-01 3.94975841e-02 4.56898540e-01 4.51761574e-01
    6.33512139e-01 1.66436702e-01 9.34343100e-01 3.13265145e-01
    7.02554584e-01 5.30384958e-01 6.68792903e-01 5.43311834e-02
    9.36552405e-01 4.16090667e-01 2.56239831e-01 1.81318939e-01
    5.90471804e-01 9.51521516e-01 5.34039199e-01 6.21244073e-01
    3.82696003e-01 2.29245931e-01 3.44928771e-01 5.86640239e-01
    5.63067019e-01 4.65083599e-01 6.61491275e-01 3.47026855e-01
    6.39984608e-02 4.92963523e-01 9.34863925e-01 4.14077699e-01
    1.72639281e-01 3.23321283e-01 5.39592564e-01 5.51133037e-01
    9.53803182e-01 3.62425864e-01 6.46910071e-01 6.37926996e-01
    8.87866914e-02 1.99550658e-01 7.91500390e-01 5.73027611e-01
    8.09172273e-01 1.21866912e-01 5.76303422e-01 4.03619349e-01
    4.68886495e-02 5.16259670e-01 6.86928391e-01 5.83257556e-01
    5.72068691e-01 3.85477066e-01 8.74884725e-02 9.96115744e-01
    9.42625821e-01 3.96769166e-01 3.88692707e-01 2.33033478e-01
    7.70376563e-01 8.67743850e-01 6.73005521e-01 9.60652053e-01
    8.89966965e-01 5.67338705e-01 6.82638049e-01 3.61103833e-01
    8.71204019e-01 5.41782498e-01 4.27334547e-01 7.17526495e-01
    6.06603324e-01 8.37312698e-01 2.82573819e-01 3.99470508e-01
    4.25021112e-01 1.05607808e-01 7.50688910e-01 8.31429839e-01
    1.82207525e-01 8.05136859e-01 1.15578473e-01 2.66721845e-01
    8.77614260e-01 1.61970168e-01 8.57956171e-01 5.92974067e-01
    7.63323307e-01 4.92776275e-01 3.68333787e-01 2.22706974e-01
    6.45156085e-01 7.14288950e-01 7.79344916e-01 8.40245008e-01
    5.29144287e-01 6.33065641e-01 2.20694989e-01 7.19018340e-01
    6.77965403e-01 3.73467714e-01 5.72150350e-01 3.08659881e-01
    1.91248327e-01 3.80187780e-01 1.32441521e-02 4.50895578e-01
    2.36599803e-01 6.56169415e-01 6.54157043e-01 3.88531387e-01
    7.05183029e-01 8.78842652e-01 2.92865276e-01 3.80131245e-01
    8.33846569e-01 8.80718708e-01 4.79778945e-01 3.22632492e-01
    5.44057190e-01 8.76298487e-01 5.18324852e-01 5.64647615e-01
    2.02293783e-01 3.46339107e-01 3.87210160e-01 2.95163333e-01
    9.17845249e-01 4.72511113e-01 5.61579823e-01 1.77863955e-01
    2.50718534e-01 1.71809912e-01 6.83910608e-01 1.66558355e-01
    8.00528884e-01 7.07249641e-01 2.07467765e-01 1.97104126e-01
    4.39265549e-01 8.26745987e-01 8.59976768e-01 6.87252760e-01
    9.94458079e-01 6.55058742e-01 5.75352192e-01 3.65398169e-01
    4.76303995e-01 6.06139600e-01 2.02468604e-01 7.62686491e-01
    4.13021445e-03 7.15880394e-01 6.35622382e-01 2.07491547e-01
    5.29018939e-01 1.56819403e-01 4.00316358e-01 3.98260444e-01
    7.26411939e-01 6.40780985e-01 1.68567598e-01 5.47722757e-01
    8.15977097e-01 7.30435550e-02 1.59420192e-01 7.40595341e-01
    4.17674422e-01 3.60805213e-01 2.04232186e-01 6.61188245e-01
    9.05697584e-01 8.89036894e-01 6.16282642e-01 4.00401831e-01
    7.86864519e-01 7.33774006e-01 7.65319467e-01 9.79869068e-02
    1.09749764e-01 7.15972126e-01 7.72471428e-01 6.86474442e-01
    8.32029283e-01 3.14700782e-01 7.79279828e-01 7.97592759e-01
    7.91583478e-01 9.18602347e-01 5.16035318e-01 1.21188879e-01
    4.79386300e-01 1.25663072e-01 7.25596309e-01 9.36098576e-01
    2.55054027e-01 2.24055558e-01 3.26456726e-01 5.10243535e-01
    5.28147161e-01 3.71173084e-01 4.06765938e-01 5.23796856e-01
    5.99611700e-02 9.63639736e-01 4.02900040e-01 7.20107794e-01
    2.17502147e-01 6.20747268e-01 7.46600449e-01 3.62857521e-01
    8.90108347e-02 8.08356166e-01 4.76261437e-01 6.09131277e-01
    9.90889013e-01 7.26058722e-01 9.08433616e-01 7.58697808e-01
    4.84531075e-01 4.63692933e-01 8.63946319e-01 9.35718596e-01
    8.46989572e-01 8.15740824e-01 3.11403751e-01 9.20743823e-01
    8.53546262e-01 3.06298912e-01 7.38561213e-01 5.73036432e-01
    6.50976181e-01 2.86845267e-01 2.72233516e-01 2.88898796e-01
    2.44515359e-01 5.34775913e-01 7.88607359e-01 3.48097026e-01
    5.36081493e-01 3.25513184e-02 2.58285671e-01 6.91097736e-01
    4.86850381e-01 5.01404285e-01 4.86881793e-01 5.04448056e-01
    2.54148334e-01 1.45187825e-01 8.95247102e-01 6.84806824e-01
    8.26076269e-01 7.08526015e-01 5.64114571e-01 4.22923207e-01
    2.21755743e-01 6.24011457e-01 1.02564067e-01 5.99708498e-01
    7.73431778e-01 7.15740442e-01 1.53241664e-01 2.46706843e-01
    1.25968397e-01 6.16143346e-01 5.81672668e-01 2.02184439e-01
    4.65316713e-01 8.17026734e-01 5.88464439e-01 1.80858374e-03
    9.04868364e-01 9.56333876e-01 3.05790722e-01 6.36495590e-01
    4.04271573e-01 7.95145392e-01 8.33261251e-01 1.35508090e-01
    5.99360704e-01 3.64179194e-01 3.97979558e-01 1.25511199e-01
    1.43545121e-01 7.48690844e-01 5.91973484e-01 4.48581934e-01
    4.57937717e-01 1.42535031e-01 3.97552818e-01 9.70176399e-01
    7.05632865e-01 9.06909585e-01 7.86740661e-01 8.50566268e-01
    2.17954159e-01 2.48872101e-01 1.15355998e-01 9.65057373e-01
    9.81664300e-01 9.39520836e-01 1.13239437e-01 1.83110744e-01
    3.13016891e-01 6.39489830e-01 2.71152556e-02 1.92289650e-02
    6.91194534e-01 8.50690544e-01 3.82323772e-01 4.62226212e-01
    2.81206846e-01 2.21186340e-01 5.40304005e-01 2.55972147e-01
    6.40310645e-01 6.77885771e-01 8.90585005e-01 8.91394138e-01
    5.77330291e-01 2.82544374e-01 3.76265883e-01 9.46613908e-01
    7.04187095e-01 3.09108555e-01 8.31890821e-01 8.86228681e-01
    3.64185005e-01 2.11320847e-01 1.91275090e-01 7.63921976e-01
    7.74976909e-01 5.06550968e-02 8.84772897e-01 4.38695699e-01
    9.94433880e-01 3.13042819e-01 1.12694800e-02 2.19432116e-02
    1.72580779e-02 5.00831306e-01 5.00138938e-01 3.34871531e-01
    2.69003570e-01 7.47492433e-01 9.46227431e-01 5.63288450e-01
    3.63402784e-01 4.26107436e-01 3.72054875e-02 2.89901674e-01
    6.16765320e-02 8.62976670e-01 3.86487842e-01 9.82725859e-01
    2.24255055e-01 9.46943283e-01 7.32977688e-01 7.64117360e-01
    7.95936882e-01 7.90770054e-01 7.00609386e-01 1.61093086e-01
    9.97537613e-01 2.64404476e-01 9.16353345e-01 4.04520273e-01
    4.71462548e-01 3.80935252e-01 5.59418976e-01 1.33717060e-03
    7.20439017e-01 5.54913640e-01 6.62207901e-02 9.66210663e-02
    4.13275957e-01 1.57823771e-01 3.73863965e-01 6.91333234e-01
    6.41884089e-01 1.37704343e-01 7.90832639e-01 7.13078022e-01
    6.59811497e-02 8.16798449e-01 7.87360072e-01 5.44888616e-01
    2.28523612e-01 7.19730496e-01 6.17454290e-01 4.96555060e-01
    4.98676300e-03 5.72790384e-01 6.72427714e-02 9.43718314e-01
    4.22822922e-01 2.98671991e-01 7.36859381e-01 1.92244619e-01
    7.54691958e-01 5.48827410e-01 7.35053718e-01 5.79492390e-01
    2.73617506e-02 6.88455820e-01 9.35874581e-01 8.97933066e-01
    8.20565581e-01 9.31830049e-01 5.15846670e-01 1.88413858e-01
    2.74696022e-01 3.80958915e-01 7.27012575e-01 7.39915252e-01
    6.11714363e-01 9.47243094e-01 5.32736301e-01 3.42606664e-01
    8.04460287e-01 8.30283999e-01 6.13598704e-01 6.25413954e-02
    1.44430399e-02 5.90288997e-01 3.85935664e-01 6.94577634e-01
    1.96927935e-01 1.42758340e-01 9.18251872e-01 4.56185579e-01
    6.08052552e-01 1.53193325e-01 9.42311883e-01 4.13733214e-01
    8.43906403e-02 7.96367884e-01 2.32030451e-01 1.37581229e-02
    8.87369275e-01 6.83569312e-01 6.79400384e-01 3.08857083e-01
    4.20391858e-02 1.60517544e-01 1.50243253e-01 6.67929649e-01
    1.86560750e-02 6.07549310e-01 7.90529549e-02 4.05154914e-01
    8.19412172e-01 8.12018991e-01 3.58924270e-03 1.96882457e-01
    8.85220051e-01 6.86988473e-01 8.33685517e-01 5.44009030e-01
    6.09890699e-01 9.72487807e-01 5.71876049e-01 5.90511143e-01
    1.73488200e-01 5.82847655e-01 8.10967803e-01 7.40460157e-01
    4.77421105e-01 7.64484048e-01 3.58961403e-01 7.94069767e-01
    3.24400067e-01 9.06544864e-01 5.23907840e-02 7.55499482e-01
    3.58298838e-01 6.83102012e-01 3.97658855e-01 3.16051215e-01
    3.42446029e-01 1.49542779e-01 8.68987560e-01 6.50083542e-01
    9.29724634e-01 3.52389336e-01 8.43697786e-01 5.62637448e-01
    3.13542664e-01 2.21778303e-01 9.62542176e-01 7.17894137e-02
    2.63757080e-01 1.12209111e-01 6.39677584e-01 7.29469836e-01
    1.14524305e-01 1.11144572e-01 9.97055352e-01 7.56010234e-01
    6.97815657e-01 4.19698149e-01 7.93823957e-01 2.26795137e-01
    4.22451258e-01 5.57012558e-02 1.44755125e-01 3.35287452e-02
    7.74334371e-02 4.46526766e-01 2.37585962e-01 7.61290669e-01
    1.37222677e-01 4.31779027e-02 6.65316880e-01 9.38493788e-01
    5.95841646e-01 8.46470356e-01 9.96311426e-01 9.31124568e-01
    4.85461533e-01 8.99173021e-01 7.93092430e-01 1.43503159e-01
    1.11774653e-01 9.72729266e-01 6.82320356e-01 9.34242606e-01
    7.13611364e-01 7.99225688e-01 9.03580546e-01 9.21481133e-01
    3.90066683e-01 9.53491330e-01 7.35718429e-01 9.00426745e-01
    7.05722928e-01 4.50893700e-01 8.06391835e-01 3.30622375e-01
    8.72516990e-01 1.16476625e-01 3.37211370e-01 8.76175702e-01
    4.04262215e-01 1.83870465e-01 7.80104995e-01 8.79133344e-02
    8.21799517e-01 5.52213311e-01 4.90099281e-01 5.14057755e-01
    1.82234377e-01 4.08142149e-01 4.13442492e-01 9.34408069e-01
    9.22053933e-01 7.82554269e-01 2.07318842e-01 9.93849516e-01
    1.73904628e-01 3.51928234e-01 3.08308512e-01 3.76702428e-01
    2.76952535e-01 5.99116981e-02 7.87521720e-01 3.43202204e-01
    7.54287183e-01 3.29683900e-01 6.45859361e-01 4.88715351e-01
    1.34051323e-01 3.11343968e-01 7.28884339e-01 3.01319361e-02
    9.75305319e-01 2.92417586e-01 1.36730969e-01 9.04629529e-02
    1.38946295e-01 5.07270277e-01 3.43004346e-01 6.80304229e-01
    7.78772116e-01 7.22583532e-01 4.31637913e-01 5.49116135e-02
    3.64893079e-02 3.17000449e-01 5.27262449e-01 3.80284607e-01
    8.48566890e-01 9.78453755e-01 3.79754305e-01 4.94789124e-01
    5.85804880e-01 8.25612903e-01 1.51467234e-01 1.85027808e-01
    4.32007283e-01 5.77548563e-01 3.87429655e-01 1.12679482e-01
    6.74065948e-03 4.33582217e-01 3.54538262e-01 2.96043515e-01
    4.81345445e-01 3.98228526e-01 2.94954181e-02 8.88883173e-02
    3.21769536e-01 7.33980000e-01 6.11109316e-01 7.15455651e-01
    6.35810614e-01 4.18111384e-01 3.91970694e-01 8.97838593e-01
    3.24453771e-01 4.63974983e-01 5.88063896e-01 6.90170884e-01
    6.71884954e-01 4.79978383e-01 2.13998944e-01 6.84558988e-01
    8.62932086e-01 3.00139606e-01 9.66330647e-01 8.93819094e-01
    8.43825102e-01 3.00314844e-01 8.87673795e-02 7.99567282e-01
    9.55654860e-01 5.47133863e-01 2.74449736e-01 6.55378520e-01
    3.97586703e-01 2.61863410e-01 9.56464112e-01 5.74638546e-01
    5.98223746e-01 1.16286993e-01 9.50627625e-01 8.64335418e-01
    3.51171046e-01 9.81049776e-01 5.98256946e-01 1.26868248e-01
    3.82332444e-01 2.70034909e-01 1.30524933e-01 1.07906044e-01
    6.47679090e-01 6.51267052e-01 1.56654835e-01 2.46280015e-01
    6.97004795e-01 2.09291160e-01 3.71200681e-01 8.57792854e-01
    6.91371858e-01 2.57684052e-01 6.14433944e-01 4.09190953e-02
    6.99723661e-02 1.28543079e-02 1.73650026e-01 8.47543597e-01
    3.19308788e-01 6.48398042e-01 4.70708936e-01 5.06559253e-01
    5.88731289e-01 7.44319618e-01 5.07787347e-01 2.97470868e-01
    1.18262500e-01 1.54178441e-01 6.97866678e-01 8.50515127e-01
    4.12829816e-01 2.32605338e-01 2.76925802e-01 6.86986387e-01
    8.79798412e-01 5.90569317e-01 1.35868460e-01 8.36549878e-01
    7.94036865e-01 5.65162063e-01 3.33119631e-02 7.34535575e-01
    9.26837265e-01 6.50349438e-01 6.57162368e-02 7.59554148e-01
    9.19705391e-01 7.51992524e-01 3.20864260e-01 1.46453768e-01
    2.98732221e-01 2.79333651e-01 4.59572762e-01 8.20930600e-01
    8.15952778e-01 5.91703892e-01 2.30480224e-01 1.63226157e-01
    4.58770335e-01 3.56765032e-01 8.67612720e-01 4.50145334e-01
    1.59226507e-01 4.54709977e-01 1.31184012e-01 9.95869577e-01
    2.86307305e-01 3.03638041e-01 7.59682059e-01 6.01527989e-01
    5.25298953e-01 6.88003540e-01 7.10041642e-01 8.31462741e-01
    7.10397959e-03 8.62247527e-01 5.34098625e-01 3.96156967e-01
    1.77711427e-01 6.20610714e-01 5.05602837e-01 3.31028044e-01
    9.63268876e-01 5.84469795e-01 9.32670653e-01 5.01332819e-01
    3.88434827e-02 9.16055322e-01 7.09388494e-01 8.32346916e-01
    1.25945747e-01 7.59047210e-01 2.76899159e-01 7.30045795e-01
    1.90494388e-01 7.74366021e-01 9.72990990e-01 9.84215617e-01
    1.64319038e-01 4.54033405e-01 4.51020211e-01 4.06692803e-01
    7.58981884e-01 4.16363835e-01 3.13184083e-01 6.99769557e-01
    6.39165103e-01 7.23513246e-01 3.21396589e-01 5.40691018e-01
    8.09262872e-01 9.34582829e-01 5.89815617e-01 6.15869522e-01
    2.34769881e-01 8.85437489e-01 1.96621209e-01 8.18903983e-01
    7.39834785e-01 2.54425436e-01 8.82610440e-01 3.43086988e-01
    6.50723696e-01 5.72616160e-01 3.64728838e-01 2.67564058e-01
    7.74720252e-01 8.67536426e-01 9.19751406e-01 5.53496778e-01
    4.12231743e-01 2.04473734e-01 8.88588309e-01 1.73389912e-03
    7.97470450e-01 9.56200242e-01 3.39849234e-01 2.82955468e-02
    5.90222776e-01 7.31539071e-01 7.46577084e-02 6.19041860e-01
    3.15818787e-01 7.50349939e-01 2.97505289e-01 2.53163517e-01
    6.18245482e-01 5.10175526e-01 9.31775451e-01 9.24850225e-01
    5.88276744e-01 3.08815747e-01 4.52278376e-01 2.59260088e-01
    7.93354988e-01 4.24834490e-02 5.77250123e-01 5.19506454e-01
    2.81364799e-01 7.64338672e-01 9.57501769e-01 1.65850639e-01
    5.51560521e-01 5.37999034e-01 5.04592896e-01 8.64657640e-01
    2.87390351e-01 8.28195333e-01 8.72741342e-01 8.23665380e-01
    4.01704371e-01 8.23251307e-02 8.59582424e-01 5.08091033e-01
    7.10944414e-01 5.18422544e-01 8.64779115e-01 9.75612998e-01
    7.27156281e-01 1.95898414e-02 1.28239185e-01 4.02421057e-02
    2.42065340e-01 9.49763954e-01 8.57902288e-01 9.49320078e-01
    6.89649582e-01 5.60015619e-01 1.26570702e-01 5.71799695e-01
    7.27737844e-02 2.63228118e-01 4.11116391e-01 3.76893580e-02
    1.21168166e-01 9.13570285e-01 9.78752911e-01 9.93756831e-01
    1.99083060e-01 6.93298459e-01 8.35115492e-01 4.47862685e-01
    7.84024417e-01 6.83051169e-01 9.37902510e-01 9.16864872e-01
    6.39381170e-01 6.86404705e-01 7.35285163e-01 6.18564606e-01
    4.16430652e-01 8.63985121e-01 2.61749446e-01 2.00690746e-01
    6.59154356e-01 8.18105280e-01 1.60683393e-01 1.97404772e-01
    7.24205673e-02 2.90313542e-01 1.85299218e-02 7.00265110e-01
    4.25647259e-01 8.21241617e-01 6.27675831e-01 2.16554224e-01
    2.00836360e-02 2.82506585e-01 7.76314735e-03 2.89072514e-01
    2.57362425e-02 4.23369020e-01 1.76500708e-01 3.24540973e-01
    5.54969192e-01 8.67465734e-02 8.56732130e-01 3.15441757e-01
    5.11363029e-01 6.69211030e-01 6.24668539e-01 9.82202172e-01
    7.61738360e-01 8.63788724e-01 5.87490618e-01 7.08936751e-02
    7.43283927e-02 9.93250847e-01 9.81298089e-03 8.73488784e-01
    6.34283781e-01 9.77768600e-01 1.66189432e-01 2.01439232e-01
    4.42559481e-01 9.50981975e-01 2.51481295e-01 7.32243836e-01
    8.18966985e-01 2.22620159e-01 2.63145089e-01 3.06257278e-01
    1.99055672e-03 9.63513017e-01 8.78629088e-01 7.11228430e-01
    8.68153095e-01 1.82146698e-01 7.67539442e-01 4.28332388e-01
    4.25631791e-01 2.73104429e-01 8.19588721e-01 8.47614765e-01
    8.04674089e-01 8.39734912e-01 5.24130225e-01 8.17583442e-01
    6.75567627e-01 1.50247753e-01 6.19295239e-01 1.36856377e-01
    7.64638186e-01 6.72270119e-01 3.93117398e-01 8.61185193e-02
    6.86921060e-01 1.07746840e-01 7.12562323e-01 7.28398442e-01
    8.19713593e-01 7.81266451e-01 2.27358937e-02 4.78682190e-01
    8.89693797e-01 8.71494651e-01 6.12432241e-01 5.90440392e-01
    2.22563744e-03 6.56219423e-02 7.53111601e-01 6.41281605e-01
    6.45537138e-01 8.70159566e-02 3.88210535e-01 3.25295150e-01
    2.55001903e-01 1.33492351e-01 3.48163277e-01 8.42515588e-01
    3.77272427e-01 3.38445842e-01 3.36761475e-01 1.97279751e-02
    8.06123018e-04 1.32366031e-01 2.33754307e-01 3.26146841e-01
    2.80659437e-01 1.75399095e-01 5.87774873e-01 8.94984126e-01
    5.03190577e-01 1.43907577e-01 8.61297905e-01 1.25262946e-01
    2.27300435e-01 5.72023869e-01 9.59156811e-01 1.32935435e-01
    1.09366119e-01 5.56640744e-01 6.53864622e-01 7.56703615e-01
    1.14979088e-01 3.04215521e-01 9.37548161e-01 6.88055873e-01
    6.57045364e-01 6.77202284e-01 7.62435198e-02 5.54056346e-01
    1.42644137e-01 7.90881217e-01 2.14423418e-01 3.95661712e-01
    2.73787200e-01 4.97754276e-01 5.42208195e-01 2.15596408e-01
    7.88154006e-02 9.22933638e-01 9.31275725e-01 1.59471065e-01
    4.81053025e-01 7.27807403e-01 1.96295768e-01 9.25964594e-01
    6.40603662e-01 1.00028574e-01 6.29014969e-01 9.05558765e-02
    8.45112145e-01 2.39779145e-01 3.81530732e-01 9.09699202e-01
    5.50307989e-01 3.01210195e-01 9.61211324e-01 5.36286473e-01
    9.00986433e-01 3.40597987e-01 4.81858432e-01 9.01815295e-02
    3.77159625e-01 8.66417766e-01 8.17335725e-01 2.64078349e-01
    3.35097492e-01 7.07846999e-01 8.27807009e-01 8.89177144e-01
    1.82179809e-01 7.86059618e-01 8.63361657e-01 1.26480848e-01
    4.80341911e-01 7.96181381e-01 5.84835649e-01 6.30490899e-01
    2.73668230e-01 7.16603637e-01 1.53292865e-01 1.82472199e-01
    2.45047390e-01 7.35196948e-01 7.06275761e-01 4.36391532e-01
    1.23211086e-01 7.68702924e-02 7.99715102e-01 3.38880539e-01
    1.36421174e-01 9.68448400e-01 8.01052928e-01 5.17899275e-01
    5.30988872e-01 6.80827618e-01 8.78779590e-01 2.43295461e-01
    3.19392383e-01 8.12270164e-01 3.23722124e-01 5.15230656e-01
    6.36353374e-01 3.39398652e-01 4.03970420e-01 4.53338891e-01
    9.24127102e-01 9.37948942e-01 3.98302466e-01 6.87465668e-01
    9.56746101e-01 7.26687312e-02 9.59551454e-01 4.25187945e-02
    3.56179059e-01 4.99802977e-01 7.80519724e-01 3.19813639e-01
    8.57365012e-01 2.65446305e-03 8.69806409e-01 2.56750405e-01
    9.07595158e-01 4.26907003e-01 8.20142269e-01 3.50663126e-01
    7.58492649e-01 7.46587813e-01 6.70400202e-01 8.77344251e-01
    1.15574688e-01 9.63484943e-02 2.83420533e-01 6.10000312e-01
    4.61003244e-01 8.40465009e-01 6.76798940e-01 6.52740598e-01
    6.86846018e-01 2.22714216e-01 5.52165866e-01 9.07786965e-01
    2.60556161e-01 3.70101154e-01 2.17563361e-01 8.14570189e-01
    7.74460435e-01 8.47671390e-01 1.63320094e-01 2.81362236e-01
    4.08531547e-01 2.95844853e-01 2.95298576e-01 4.94168788e-01
    3.72856766e-01 6.85278773e-01 6.37361407e-03 4.19824570e-01
    4.44200069e-01 3.58727574e-03 9.25295353e-02 3.91844809e-01
    5.82474470e-03 6.70601547e-01 9.01700020e-01 3.41922998e-01
    2.53084391e-01 2.69221246e-01 5.85736454e-01 6.29587591e-01
    5.49402237e-01 1.50634527e-01 5.09739459e-01 6.67281926e-01
    7.33611166e-01 6.75779641e-01 9.80044127e-01 1.12070322e-01
    3.92433435e-01 7.61756778e-01 6.81351006e-01 4.73181009e-01
    2.56646037e-01 9.38405633e-01 3.26915741e-01 8.58059406e-01
    9.39840198e-01 7.79246211e-01 9.23857987e-02 4.08032298e-01
    3.85374099e-01 1.31610572e-01 9.66061652e-02 1.81099892e-01
    6.98733389e-01 1.46349013e-01 1.34033382e-01 9.35443163e-01
    2.25837767e-01 4.38634753e-01 4.53256071e-01 3.04367542e-02
    9.89435673e-01 8.95508230e-02 3.21941286e-01 8.78691077e-02
    2.29998469e-01 7.57348537e-02 1.80745065e-01 7.98068345e-02
    5.47473550e-01 4.94876355e-01 4.21140999e-01 7.04224706e-01
    7.96019793e-01 2.09761143e-01 1.03584826e-01 9.20912266e-01
    1.38053596e-01 7.53299713e-01 1.84411496e-01 9.00059998e-01
    4.16159749e-01 1.95676088e-01 6.11371100e-01 7.97599077e-01
    4.23983157e-01 6.69852018e-01 8.89396787e-01 4.53308463e-01
    8.10821414e-01 1.64603978e-01 4.76238251e-01 3.20404768e-04
    1.13392085e-01 8.73862743e-01 2.10287392e-01 2.24086851e-01
    9.73492861e-01 9.51304853e-01 1.35290116e-01 6.46427512e-01
    9.25655544e-01 5.80468774e-01 3.81224155e-01 1.83747411e-02
    1.79843903e-01 5.94055653e-02 7.31156647e-01 6.53907061e-01
    7.67096519e-01 9.62250113e-01 6.48805499e-03 9.38529491e-01
    3.20798755e-02 9.43853617e-01 3.02587569e-01 8.48319113e-01
    9.14096594e-01 1.86481059e-01 9.08426642e-01 2.34166682e-02
    1.99489176e-01 8.38394880e-01 3.39649141e-01 3.11177790e-01
    4.84479249e-01 2.22399503e-01 9.10189867e-01 7.97869205e-01
    8.85735273e-01 1.47151023e-01 9.94945228e-01 3.20840895e-01
    4.76894975e-02 7.40170240e-01 9.62742448e-01 7.74106383e-01
    7.03050077e-01 5.58948874e-01 3.94099385e-01 8.13804626e-01
    4.65202749e-01 1.40176147e-01 7.99451947e-01 7.22619295e-02
    8.42561007e-01 1.14481926e-01 1.43397272e-01 9.96350944e-02
    3.41086715e-01 8.79793048e-01 1.25450611e-01 9.21655536e-01
    6.73389792e-01 4.69315052e-02 1.71431005e-02 9.56316590e-01
    6.03214860e-01 9.73482251e-01 1.53751642e-01 4.89258736e-01
    9.79138494e-01 2.45301038e-01 6.14630580e-01 5.74198663e-01
    3.66050661e-01 3.12249243e-01 3.95719647e-01 3.73120576e-01
    1.26665503e-01 5.70324421e-01 5.10832012e-01 5.79772472e-01
    9.72555399e-01 8.40173364e-01 3.61045897e-02 1.23539895e-01
    3.28955859e-01 4.51374084e-01 7.09763348e-01 2.35591173e-01
    9.35292721e-01 3.13494712e-01 5.96265018e-01 8.25055242e-01
    2.98337698e-01 1.61913097e-01 9.10970807e-01 6.79787874e-01
    7.84630299e-01 7.82151341e-01 8.01174939e-02 4.64718759e-01
    4.22807753e-01 1.53160393e-01 3.84224266e-01 4.27902997e-01
    8.83121312e-01 7.36147463e-01 4.58131164e-01 2.66240150e-01
    7.05066919e-01 3.98836970e-01 1.12518370e-02 4.51343626e-01
    8.45927596e-01 4.99145925e-01 6.60293818e-01 7.54692912e-01
    4.50910419e-01 6.09899819e-01 7.09209740e-01 6.62002087e-01
    9.20378089e-01 1.58661127e-01 3.43308926e-01 2.98797578e-01
    6.05890453e-02 5.91540694e-01 3.16002607e-01 9.12102461e-01
    3.72574031e-01 9.71411228e-01 3.12826693e-01 6.61200523e-01
    9.57728863e-01 7.11298525e-01 3.87849510e-02 5.18011808e-01
    3.35220993e-01 2.45346427e-02 7.25058496e-01 1.84951097e-01
    7.75546849e-01 6.04046643e-01 7.30477631e-01 8.30341697e-01
    7.27175474e-02 9.60556507e-01 6.08408332e-01 6.57566905e-01
    6.02337360e-01 7.16680765e-01 3.23737979e-01 2.25559175e-01
    7.51821458e-01 5.67243993e-01 6.76418662e-01 1.17676437e-01
    4.91578907e-01 8.80622268e-01 8.56151581e-01 8.34861875e-01
    8.01719427e-01 7.72643328e-01 9.85482097e-01 9.89511132e-01
    8.52108300e-02 4.31330323e-01 5.50949156e-01 1.09965652e-01
    1.02871686e-01 7.18582511e-01 5.94344199e-01 8.69953513e-01
    8.28062415e-01 4.23991770e-01 4.77642596e-01 8.28195155e-01
    2.51848221e-01 7.49551535e-01 2.04224467e-01 9.72651243e-01
    9.01335716e-01 4.52965885e-01 6.20671690e-01 3.14664543e-01
    1.83252931e-01 4.41866368e-01 9.33545947e-01 8.37655783e-01
    6.59047842e-01 3.58715177e-01 3.80801499e-01 4.58476990e-01
    9.18677211e-01 8.52410853e-01 4.91590679e-01 4.34522092e-01
    6.18156195e-02 8.80254507e-01 1.43391907e-01 5.88721633e-01
    7.01433301e-01 9.39049959e-01 5.16660452e-01 5.21852076e-02
    4.47791308e-01 4.57958728e-01 6.34498477e-01 1.78704083e-01
    6.16255045e-01 5.24722397e-01 7.39242435e-01 7.21901536e-01
    1.45868450e-01 6.30148530e-01 9.65790749e-01 8.29338670e-01
    6.62428379e-01 4.88302857e-01 4.79486942e-01 8.04907560e-01
    4.38916743e-01 4.91779149e-01 4.76595879e-01 7.63684511e-01
    1.99795872e-01 9.70992267e-01 8.80719721e-01 4.00100291e-01
    4.41388339e-01 5.02076268e-01 7.25866318e-01 9.84563768e-01
    9.10978317e-02 2.93783009e-01 4.77998257e-02 1.51855260e-01
    3.38431001e-01 3.43402863e-01 6.98550224e-01 4.43958759e-01
    4.80437636e-01 8.48469198e-01 8.30414295e-01 5.86952388e-01
    9.21419621e-01 5.25754631e-01 1.52157307e-01 2.97147900e-01
    3.36536646e-01 2.53339350e-01 6.95733070e-01 8.27379167e-01
    5.07081687e-01 9.19583857e-01 8.26343298e-01 9.93794322e-01
    4.91984636e-01 5.10324240e-01 8.56273890e-01 4.99266833e-01
    5.74274898e-01 2.75378585e-01 1.43507302e-01 4.55558091e-01
    4.67365444e-01 4.39132154e-01 3.44588578e-01 3.40560317e-01
    9.41163778e-01 5.30060232e-01 2.83434808e-01 5.45950472e-01
    7.05206633e-01 2.64090180e-01 9.51322794e-01 7.02584147e-01
    2.90287375e-01 2.64808774e-01 1.89248025e-01 3.23995143e-01
    5.20532608e-01 4.51389253e-02 3.96494627e-01 6.58905089e-01
    2.52801716e-01 1.87585384e-01 7.08270431e-01 6.09208226e-01
    6.62571669e-01 6.98873997e-01 9.86568630e-01 5.97748816e-01
    8.71249557e-01 3.29715610e-02 4.74867523e-01 2.14739144e-01
    4.11129028e-01 3.92073214e-01 7.71609485e-01 4.23189819e-01
    4.45173264e-01 5.94571054e-01 9.00480151e-01 9.35703516e-01
    5.12241364e-01 3.43535781e-01 5.73933244e-01 5.77481031e-01
    1.68324322e-01 9.78186488e-01 4.01548862e-01 7.14667022e-01
    8.90103400e-01 5.50812304e-01 4.46851969e-01 8.39300990e-01
    8.56588244e-01 4.15663362e-01 4.92371053e-01 9.30433989e-01
    7.62454867e-01 9.18574929e-02 2.30324328e-01 5.53587914e-01
    5.42987466e-01 6.53940141e-02 4.36107099e-01 3.85080367e-01
    9.60894108e-01 8.92266214e-01 8.69245470e-01 7.29392409e-01
    7.89137542e-01 8.01964998e-01 5.90222657e-01 9.56954777e-01
    2.70572901e-02 3.48218203e-01 8.17099452e-01 9.21039045e-01
    2.46133000e-01 5.09280562e-01 5.49097955e-02 1.96435720e-01
    5.59724212e-01 7.73834586e-01 3.80997598e-01 4.51749146e-01
    1.46921605e-01 3.00324261e-01 5.00280559e-02 8.01278949e-01
    2.99721450e-01 1.99301422e-01 3.92283469e-01 6.58936203e-01
    6.48588657e-01 1.27929240e-01 8.31823945e-01 1.07740015e-01
    5.93156934e-01 6.57579243e-01 7.48256087e-01 6.04858398e-02
    5.57914376e-02 4.20732677e-01 8.88950825e-02 3.50748599e-01
    3.57841313e-01 3.41777116e-01 1.99068755e-01 5.13403833e-01
    2.13953733e-01 8.18424821e-01 4.83399332e-02 7.57637262e-01
    8.04676592e-01 9.69526172e-01 4.93327230e-01 4.86493737e-01
    8.88442457e-01 7.81541109e-01 5.71214080e-01 4.78984654e-01
    1.67512000e-01 9.43481803e-01 8.41155648e-02 7.32950866e-01
    2.04359263e-01 5.21507978e-01 8.00029159e-01 7.94964194e-01
    2.55006850e-01 3.81745219e-01 2.17849016e-02 2.52532125e-01
    6.86118960e-01 5.82202077e-01 9.82542992e-01 4.62517500e-01
    9.98232126e-01 2.87040949e-01 2.85433590e-01 3.12861264e-01
    7.85234213e-01 6.71989560e-01 1.80779755e-01 8.84558916e-01
    1.50247306e-01 3.27646136e-01 1.83122784e-01 3.55437160e-01
    2.73844004e-01 5.76358914e-01 4.66229618e-01 1.63085490e-01
    7.03721762e-01 7.11319804e-01 5.79783499e-01 3.04997832e-01
    9.61195469e-01 8.30455899e-01 4.90241647e-01 2.77848750e-01
    4.90726769e-01 3.64192724e-01 7.10274398e-01 6.29501581e-01
    1.63555264e-01 9.66913939e-01 1.23058558e-01 3.06000650e-01
    8.62194419e-01 6.57486081e-01 2.15899467e-01 1.55859888e-02
    3.83868039e-01 8.46807957e-01 5.88678837e-01 2.43127853e-01
    2.56100893e-01 7.26622283e-01 9.02081132e-02 1.53756440e-02
    9.18967128e-01 2.59143621e-01 7.88532913e-01 5.21384418e-01
    2.01841593e-02 6.16119564e-01 7.83866346e-02 4.06598210e-01
    3.60374302e-01 3.15753102e-01 2.44498700e-01 9.92503285e-01
    8.63422751e-01 7.86648929e-01 3.24401259e-01 3.64840031e-02
    9.64778483e-01 3.59540552e-01 6.60923541e-01 5.94729900e-01
    6.10866845e-01 5.28783798e-02 3.92873943e-01 3.26699644e-01
    8.48554850e-01 8.19439888e-01 8.02927732e-01 6.85412407e-01
    4.90518034e-01 6.16539896e-01 3.74157220e-01 5.95521867e-01
    8.66293788e-01 3.09576690e-01 1.64353073e-01 9.39329922e-01
    2.59855986e-02 4.84016001e-01 8.31256151e-01 6.79290891e-01
    8.11724782e-01 5.70470512e-01 3.01854968e-01 7.81931162e-01
    4.15462315e-01 8.85698199e-01 2.79507369e-01 2.19863623e-01
    1.75775051e-01 5.38738728e-01 7.99790025e-03 1.55667007e-01
    3.97829533e-01 7.62846947e-01 2.58280188e-01 6.19621098e-01
    2.62696505e-01 5.19756317e-01 4.81445193e-01 9.82745349e-01
    7.41409659e-01 8.69308770e-01 9.04307365e-01 4.14690971e-02
    6.66629970e-02 9.74313200e-01 4.00761634e-01 8.62664580e-01
    7.07940102e-01 3.64538133e-02 8.64221692e-01 3.04947197e-01
    8.95265698e-01 3.99312615e-01 5.96124887e-01 1.82007343e-01
    1.17477745e-01 8.63247395e-01 8.50376010e-01 1.47736013e-01
    4.42990601e-01 6.14981353e-01 9.85032260e-01 3.10018778e-01
    4.02136356e-01 8.88578057e-01 2.43298709e-01 7.91746318e-01
    5.11766076e-02 5.34001172e-01 7.44577229e-01 4.85586315e-01
    7.44825184e-01 7.76121259e-01 5.30675948e-01 1.54568106e-01
    6.63175583e-01 7.80207098e-01 7.02682137e-01 2.19204217e-01
    9.09770787e-01 5.23531377e-01 3.21538061e-01 7.94222116e-01
    8.65579069e-01 1.39335454e-01 9.02688384e-01 8.28948379e-01
    9.80422795e-01 7.49860466e-01 4.27636504e-01 1.15132332e-02
    3.79797280e-01 9.57844019e-01 8.64280462e-02 4.57998514e-02
    4.51687068e-01 1.54617548e-01 6.10168993e-01 5.75633824e-01
    4.06820774e-02 8.25543404e-01 5.56075215e-01 9.19824839e-03
    5.33471167e-01 6.06834650e-01 8.55299234e-01 5.18860400e-01
    2.14339703e-01 7.30991364e-03 5.57941854e-01 9.45661008e-01
    4.22438622e-01 5.04810870e-01 9.99024391e-01 5.53829372e-01
    2.16999382e-01 2.16446042e-01 9.45617080e-01 5.14908016e-01
    4.96820599e-01 4.55678999e-02 9.92098093e-01 3.27485830e-01
    6.41964376e-01 9.41364169e-01 5.77068031e-01 5.68325579e-01
    6.40860796e-01 9.49991107e-01 8.02574575e-01 8.16490293e-01
    5.36054134e-01 8.65695834e-01 7.97703743e-01 6.70895934e-01
    8.01838279e-01 2.16326118e-03 5.77315807e-01 5.53059578e-01
    1.99231535e-01 8.97835672e-01 9.73957300e-01 4.27071691e-01
    6.84573412e-01 1.13088936e-01 3.37664485e-01 7.70831406e-01
    6.80958509e-01 6.10270143e-01 6.06109679e-01 7.94426024e-01
    4.08098370e-01 2.32763827e-01 8.34971607e-01 3.42783719e-01
    3.96783352e-01 4.95402932e-01 3.77694190e-01 2.97515482e-01
    9.28078413e-01 6.53203368e-01 2.13006467e-01 7.40652084e-01
    4.90390211e-01 8.91900718e-01 8.86689842e-01 8.70791316e-01
    1.79756880e-01 5.95405400e-01 9.80143309e-01 6.58456564e-01
    7.12536693e-01 9.31201279e-02 5.32362401e-01 1.08035058e-01
    8.87448668e-01 6.72315478e-01 5.76862335e-01 9.73432362e-01
    1.21763647e-01 9.72632766e-01 3.31702828e-01 2.80100465e-01
    8.15164447e-02 8.45807314e-01 2.27427095e-01 8.24977517e-01
    7.32686102e-01 9.18089449e-02 1.93433583e-01 1.39057457e-01
    6.95216000e-01 2.30004758e-01 2.10972607e-01 7.62254119e-01
    9.72638726e-02 8.99464369e-01 9.83605862e-01 4.26658034e-01
    5.25440693e-01 5.94248116e-01 9.40470457e-01 4.59412932e-01
    7.51592040e-01 3.35202992e-01 3.20924133e-01 9.48002458e-01
    2.23213464e-01 5.62913656e-01 3.26576710e-01 9.04911280e-01
    9.39365625e-02 8.63976300e-01 1.81687415e-01 9.32267249e-01
    7.75914431e-01 6.67944849e-01 6.73130333e-01 4.61010873e-01
    7.75480032e-01 6.99587941e-01 1.86219811e-03 2.79719710e-01
    8.48493099e-01 7.08711743e-01 5.80289960e-03 4.11681712e-01
    5.60086966e-01 9.37336981e-01 9.76615071e-01 8.94265950e-01
    5.74859738e-01 1.57676190e-01 7.64154077e-01 3.59292626e-02
    2.26426423e-02 7.72958279e-01 9.35361385e-01 4.18879390e-02
    2.87415445e-01 3.17732990e-02 9.38010454e-01 9.06543612e-01
    9.90134001e-01 5.42460442e-01 4.34147656e-01 5.05333483e-01
    8.00746083e-01 9.69141245e-01 5.75104117e-01 6.50904179e-01
    2.14337438e-01 7.55981326e-01 1.23604953e-01 5.92016876e-01
    4.93852735e-01 8.25437069e-01 7.81734765e-01 6.72484696e-01
    7.28344440e-01 8.47765803e-01 9.60137844e-01 1.00684166e-03
    3.57179344e-02 6.73078895e-01 8.94302130e-01 6.34624243e-01
    2.30676919e-01 2.11722434e-01 8.76221657e-02 1.43660754e-01
    6.10673845e-01 4.89460528e-02 3.91848564e-01 2.88793147e-01
    7.84201384e-01 4.82907385e-01 3.28791261e-01 6.15453601e-01
    8.88696969e-01 8.96207094e-02 2.97478020e-01 9.08544064e-01
    7.30471134e-01 6.78427935e-01 8.59008849e-01 4.42782700e-01
    6.27642274e-01 7.21173167e-01 5.48559368e-01 1.03697181e-02
    1.47534907e-02 5.83171964e-01 2.12110788e-01 1.84124410e-01
    2.10567147e-01 6.89144373e-01 8.40445280e-01 5.43772101e-01
    4.80892718e-01 1.97197050e-01 8.12068880e-01 8.89171243e-01
    3.16908926e-01 6.12274766e-01 6.42073154e-01 2.47338325e-01
    1.83921456e-01 5.83019257e-02 5.06066382e-02 6.79922700e-02
    4.91752833e-01 5.85996270e-01 1.56763494e-01 5.65503478e-01
    2.44344771e-01 9.46279407e-01 6.52461648e-01 7.02014387e-01
    1.46608531e-01 2.69135475e-01 8.76778543e-01 1.29015297e-01
    3.89979064e-01 8.73948216e-01 1.82630002e-01 5.06974399e-01
    2.71641850e-01 7.69599378e-02 4.92934078e-01 5.08112788e-01
    7.95116544e-01 1.47041559e-01 9.97517824e-01 8.66904259e-01
    6.99745357e-01 3.16725731e-01 2.62639999e-01 8.00021291e-01
    6.79718852e-01 6.44322753e-01 4.24715549e-01 5.10993719e-01
    1.04851723e-02 5.89812696e-01 8.92612040e-01 3.85292441e-01
    9.88368094e-01 1.53813303e-01 1.64282918e-02 2.92007983e-01
    3.00166965e-01 5.18952727e-01 3.99811178e-01 2.63049364e-01
    6.45481348e-01 9.01423752e-01 6.28894567e-02 6.16206527e-02
    8.92241597e-02 8.46497297e-01 4.18473482e-01 6.14081979e-01
    6.99177027e-01 7.32244730e-01 4.81987238e-01 9.07693505e-01
    7.06989050e-01 9.34556842e-01 1.07575446e-01 2.37831742e-01
    1.58468723e-01 6.24580801e-01 2.23060280e-01 6.61592841e-01
    4.28210497e-01 7.86369681e-01 3.89912963e-01 2.18980938e-01
    7.45159149e-01 1.53714150e-01 4.94711220e-01 5.64554453e-01
    7.20594764e-01 3.93676162e-01 5.49333036e-01 8.47513437e-01
    3.96170020e-01 7.66352654e-01 9.68405128e-01 2.01135814e-01
    5.79432547e-02 1.95932001e-01 3.24974030e-01 5.49697161e-01
    2.48216093e-01 2.66512513e-01 2.04278886e-01 5.37291348e-01
    1.42085105e-01 3.06617290e-01 2.06612706e-01 9.42308068e-01
    5.29972136e-01 5.18593788e-02 6.24656618e-01 4.06974882e-01
    5.23088276e-02 7.21377492e-01 9.05610800e-01 3.35503817e-02
    6.35953188e-01 2.98476875e-01 5.60092688e-01 5.09460032e-01
    1.63748860e-02 2.64330208e-02 6.59648240e-01 9.32302773e-02
    9.03639078e-01 4.46843207e-01 1.19295299e-01 7.64926910e-01
    1.44545287e-01 2.70256102e-01 1.85259342e-01 4.90488946e-01
    5.41236103e-01 7.14994311e-01 7.45560884e-01 3.09146374e-01
    7.36436069e-01 7.43550539e-01 4.13135827e-01 6.64551318e-01
    3.01325291e-01 8.94356787e-01 8.15746188e-01 5.23991466e-01
    3.73966902e-01 5.99623322e-01 3.60533118e-01 8.52688909e-01
    5.98022044e-02 5.25115311e-01 4.75161374e-02 5.06669402e-01
    2.69142419e-01 5.56439042e-01 5.78482747e-01 9.17232156e-01
    2.21022218e-01 6.80290163e-01 8.62986267e-01 7.58583665e-01
    3.13483179e-02 7.29907036e-01 5.87248206e-01 5.98558187e-01
    4.37976450e-01 1.40304983e-01 4.85324144e-01 1.90875113e-01
    9.01797056e-01 4.02235866e-01 8.38258803e-01 4.06867951e-01
    4.49809551e-01 9.51656461e-01 1.28029615e-01 1.83325380e-01
    8.31043363e-01 9.34293866e-03 1.63327962e-01 9.17106569e-02
    9.47051644e-01 3.26984346e-01 4.93694782e-01 5.98302543e-01
    5.82203567e-01 1.21799797e-01 7.65663445e-01 1.62263036e-01
    3.86679530e-01 1.45893216e-01 3.66638184e-01 7.79992223e-01
    7.17667937e-02 6.98027134e-01 5.66098213e-01 3.08332950e-01
    9.51008856e-01 2.47404635e-01 5.18731833e-01 5.72560251e-01
    3.47337157e-01 6.45820856e-01 9.81161594e-02 8.94956231e-01
    4.48056936e-01 9.38719511e-01 9.74540710e-02 5.72377086e-01
    6.87365830e-01 7.52627909e-01 8.98946285e-01 1.04314893e-01
    5.59016109e-01 3.52156252e-01 4.37642574e-01 1.54794216e-01
    5.29287994e-01 1.54589534e-01 2.51188099e-01 2.64352798e-01
    9.12775993e-01 4.10687745e-01 1.99485362e-01 7.00331211e-01
    6.18989468e-01 3.06727052e-01 8.65264833e-02 3.04387152e-01
    9.91011262e-02 2.32805610e-02 9.46830809e-01 3.99702132e-01
    9.28950310e-01 8.09924603e-01 7.05943644e-01 6.52964711e-02
    5.69630265e-01 4.54216093e-01 7.53278792e-01 5.17751873e-01
    7.02670455e-01 6.82523847e-03 7.81780481e-01 4.31916118e-03
    8.82397771e-01 2.85980970e-01 4.22730744e-02 2.86647320e-01
    2.51488388e-02 3.33973497e-01 5.70334911e-01 8.68380547e-01
    5.94881773e-02 3.37063253e-01 6.96658790e-02 9.32261944e-01
    4.52085584e-01 3.18006456e-01 5.24371028e-01 4.86975044e-01
    2.67414510e-01 7.15641260e-01 6.22944117e-01 3.55970800e-01
    2.94293135e-01 8.27434421e-01 7.02255666e-02 5.63577116e-02
    5.59563994e-01 4.10295844e-01 7.31850207e-01 7.93114781e-01
    6.83699191e-01 8.46676350e-01 8.30547333e-01 8.12867880e-01
    7.67708778e-01 2.76354194e-01 7.03874886e-01 3.09989274e-01
    6.56551123e-01 3.26961815e-01 4.06670362e-01 2.64664412e-01
    1.49304450e-01 3.83714080e-01 7.46628046e-01 1.96725160e-01
    2.96047360e-01 2.56187022e-02 6.08049095e-01 7.67585635e-01
    2.55336165e-01 9.87530351e-02 9.93663192e-01 8.44190538e-01
    9.60889459e-03 5.97095370e-01 9.78392482e-01 9.00820792e-01
    2.51823515e-01 2.48952806e-01 7.28809834e-02 9.04296100e-01
    2.59173393e-01 8.95932615e-02 1.51459426e-01 5.18903255e-01
    9.23178315e-01 3.78739268e-01 3.37608814e-01 9.17480469e-01
    6.00580037e-01 7.36650646e-01 8.58278871e-01 8.05337429e-01
    2.00143009e-01 8.80342126e-01 5.87937832e-01 7.77494192e-01
    9.46246505e-01 8.25302958e-01 3.83803517e-01 3.86981219e-01
    1.29404217e-01 9.90992486e-01 4.05908346e-01 3.71945858e-01
    8.78955841e-01 8.97001624e-01 8.32233548e-01 4.57419217e-01
    9.33414340e-01 7.17013240e-01 8.19580078e-01 4.00968730e-01
    1.47364438e-02 2.06819981e-01 7.06871688e-01 6.58828080e-01
    1.95257127e-01 9.69372690e-02 7.48303831e-01 8.49067390e-01
    8.70576799e-01 5.25804520e-01 3.44871670e-01 8.80640149e-01
    9.99383867e-01 9.52618957e-01 3.52019727e-01 6.79483235e-01
    8.54087114e-01 7.14001358e-01 5.91482878e-01 1.67822570e-01
    6.22876406e-01 3.31516922e-01 8.11792374e-01 1.37055308e-01
    8.79469514e-02 7.55907893e-01 7.70026863e-01 6.11875176e-01
    8.31609130e-01 6.64978027e-01 7.34370112e-01 2.16935754e-01
    9.52086985e-01 5.33239603e-01 4.85028148e-01 9.95931387e-01
    2.43704200e-01 8.66573155e-01 8.90572727e-01 1.28310114e-01
    5.95992386e-01 8.59436631e-01 6.34329557e-01 2.20279157e-01
    3.96381617e-01 6.35586679e-02 3.14367861e-01 8.25898230e-01
    2.06845075e-01 7.04209387e-01 2.55897105e-01 1.87734753e-01
    2.62848735e-02 7.38121808e-01 2.32240111e-01 3.61318409e-01
    7.53093719e-01 3.99596572e-01 5.04562378e-01 5.90638936e-01
    9.42309797e-01 5.37154913e-01 6.66707575e-01 1.11287564e-01
    2.05055743e-01 2.42597789e-01 4.17655528e-01 9.33540046e-01
    2.09770262e-01 2.89842486e-02 8.05502534e-02 1.08826488e-01
    2.69281864e-02 3.04265261e-01 8.13622117e-01 4.22994375e-01
    7.72929847e-01 6.71598017e-01 1.65544450e-02 8.81642103e-01
    8.84864807e-01 3.23253214e-01 7.06973076e-01 7.09174871e-02
    8.37167084e-01 3.78317326e-01 1.55818880e-01 2.90994942e-01
    3.53311062e-01 3.69871974e-01 3.28983545e-01 2.18896478e-01
    9.20018375e-01 6.78604722e-01 1.95547760e-01 9.53405261e-01
    5.83563328e-01 5.31148434e-01 3.32325697e-02 6.17188454e-01
    6.04213297e-01 5.78240037e-01 3.52076173e-01 1.32790893e-01
    5.02585709e-01 4.05435413e-01 8.23819160e-01 3.71679246e-01
    7.47197449e-01 7.21074641e-02 6.70712829e-01 3.07684243e-01
    1.83240652e-01 4.29142237e-01 6.73358321e-01 9.58381057e-01
    4.71537679e-01 7.19252050e-01 8.11234832e-01 3.86580229e-01
    2.96289325e-01 2.83060372e-02 3.67382705e-01 1.35536909e-01
    5.91378450e-01 7.68557191e-02 1.36246473e-01 4.99010056e-01
    5.86866200e-01 2.01833248e-02 3.66566271e-01 8.62131953e-01
    5.00093877e-01 3.14179778e-01 2.25915909e-02 3.63473207e-01
    2.94302285e-01 9.92150247e-01 1.35523975e-01 1.62785053e-01
    3.91432285e-01 5.81010818e-01 6.43974423e-01 1.67360604e-02
    7.00863123e-01 4.97126251e-01 2.77936846e-01 9.72350359e-01
    9.41147685e-01 3.79557610e-01 2.41093278e-01 5.44988394e-01
    8.30793917e-01 8.02163124e-01 2.44898140e-01 1.52257740e-01
    6.02558017e-01 4.33628023e-01 1.57499164e-01 9.07339036e-01
    7.95413077e-01 4.01838839e-01 7.56911337e-02 1.23483062e-01
    3.57495248e-02 2.34457821e-01 4.10376012e-01 8.39612842e-01
    1.94208860e-01 3.87193561e-02 7.08344758e-01 8.37238073e-01
    7.71489382e-01 6.00427628e-01 8.33243430e-01 7.93674290e-01
    1.38684213e-01 4.71485883e-01 3.00752580e-01 4.42070901e-01
    6.72310352e-01 3.03183198e-01 9.00757909e-01 7.39219189e-01
    8.84006381e-01 8.74256968e-01 2.53418028e-01 5.57250679e-02
    8.08844090e-01 9.76178825e-01 6.70715809e-01 9.58302379e-01
    5.69854259e-01 5.15478551e-01 1.18328154e-01 8.91142726e-01
    8.27059865e-01 9.57411826e-02 8.24199617e-01 9.59825039e-01
    3.94542277e-01 3.05790812e-01 4.93406862e-01 3.38261485e-01
    7.59968340e-01 6.96051717e-01 9.25302386e-01 7.21247494e-01
    9.35712516e-01 8.88441503e-02 1.20275855e-01 4.65575188e-01
    5.97665489e-01 8.81179810e-01 5.76696992e-01 4.69206065e-01
    2.39203572e-02 3.40364933e-01 9.49508727e-01 8.00276160e-01
    7.11614132e-01 1.03806704e-01 1.46669209e-01 5.09972036e-01
    1.82743818e-01 3.50047410e-01 2.93586671e-01 9.03467894e-01
    2.40446061e-01 8.88750017e-01 3.95881593e-01 1.31101757e-01
    1.70704722e-03 5.75447619e-01 9.62346673e-01 8.49839628e-01
    3.21960270e-01 5.95131934e-01 6.52881563e-01 7.42693245e-02
    6.05719984e-01 5.56522667e-01 2.65020430e-01 9.64533091e-01
    5.56239724e-01 2.32193261e-01 8.41989458e-01 6.54442310e-01
    3.13870609e-02 5.12917459e-01 9.29940224e-01 3.22682768e-01
    5.02932370e-01 2.67051578e-01 6.69464469e-01 9.29523051e-01
    4.24094021e-01 5.83276868e-01 5.44541895e-01 6.55305982e-01
    8.72685313e-01 3.95875067e-01 8.51365805e-01 6.96465909e-01
    4.71431494e-01 6.59849107e-01 3.78783703e-01 5.48621595e-01
    9.36338902e-01 3.29858959e-02 8.44049931e-01 6.75748289e-01
    3.03171664e-01 6.60755754e-01 8.69205952e-01 9.98699963e-02
    6.72387242e-01 9.62467074e-01 5.91067851e-01 3.05769712e-01
    3.95884395e-01 2.03876972e-01 4.86417741e-01 2.14253604e-01
    4.63225752e-01 2.48749852e-02 4.29277837e-01 4.57692921e-01
    5.73613048e-01 5.52299440e-01 4.01330352e-01 3.10661614e-01
    2.53667176e-01 5.30241728e-01 3.62567842e-01 4.55163777e-01
    3.16695660e-01 3.51021945e-01 9.57860947e-02 9.03972328e-01
    4.71569777e-01 9.42535281e-01 8.68348360e-01 6.80781484e-01
    2.84462571e-01 9.31891620e-01 6.81727886e-01 2.43029118e-01
    9.76726115e-01 1.46977752e-01 5.68089068e-01 2.71043688e-01
    7.50160038e-01 8.70524228e-01 6.80254340e-01 3.79406959e-01
    6.80688202e-01 3.11894804e-01 3.18565607e-01 6.83417201e-01
    8.78662169e-02 9.04797792e-01 2.10619748e-01 4.14183885e-01
    6.98369980e-01 3.00936759e-01 7.01532006e-01 9.07119155e-01
    6.39712691e-01 5.21329641e-01 5.96780539e-01 2.00558633e-01
    7.43673146e-01 8.81119609e-01 9.36088264e-01 6.59721255e-01
    9.26025152e-01 5.07898271e-01 9.00451124e-01 9.05311227e-01
    4.76103008e-01 9.63494301e-01 8.66309047e-01 4.78572041e-01
    1.34411544e-01 6.72505856e-01 6.67276263e-01 3.68976772e-01
    3.98208827e-01 2.39170045e-01 3.77408266e-02 4.27538574e-01
    2.41457820e-02 4.39113379e-01 2.20050931e-01 5.81235707e-01
    4.77337241e-01 4.61937487e-02 4.61288065e-01 7.76223004e-01
    2.47173965e-01 3.91232908e-01 6.04593515e-01 5.54654121e-01
    7.62732983e-01 5.55685759e-02 7.01757312e-01 9.81350541e-01
    9.01983023e-01 1.51177645e-01 7.83828974e-01 6.79695487e-01
    1.43514961e-01 7.55717635e-01 9.85003233e-01 1.69041723e-01
    5.46740532e-01 2.05095679e-01 7.56666660e-02 2.00678676e-01
    9.14074063e-01 4.77247596e-01 6.09025896e-01 6.50224209e-01
    5.71781456e-01 7.52884388e-01 7.76789665e-01 9.61256027e-01
    9.35293138e-02 8.55523348e-01 3.77829999e-01 5.12485743e-01
    4.07544434e-01 9.63071823e-01 5.58504224e-01 7.86412239e-01
    4.58956540e-01 4.77657974e-01 3.52509528e-01 9.57472622e-02
    9.21886683e-01 6.41993821e-01 4.73228127e-01 8.29075277e-01
    2.00801075e-01 2.52211511e-01 5.24987578e-02 5.05295575e-01
    4.39088613e-01 6.25737786e-01 9.69831288e-01 1.96050704e-02
    2.94191241e-01 7.97941685e-01 2.54230738e-01 9.86589551e-01
    5.26816487e-01 7.48728633e-01 5.21227717e-01 5.44272304e-01
    1.34119302e-01 9.41047013e-01 9.41970527e-01 8.41927171e-01
    3.22322935e-01 2.92625308e-01 4.37112600e-01 2.44964272e-01
    3.64557922e-01 5.17966986e-01 1.76977634e-01 2.63349652e-01
    4.06969994e-01 4.27950978e-01 1.36327595e-01 7.08700955e-01
    9.81893957e-01 7.16201365e-01 4.82277602e-01 4.02556598e-01
    3.09241831e-01 9.25827026e-02 9.44881618e-01 5.29560983e-01
    8.63986611e-01 3.21987033e-01 9.67180610e-01 4.52984035e-01
    7.15505660e-01 7.41187096e-01 8.71521413e-01 5.26596129e-01
    5.43745339e-01 8.16882133e-01 2.79033691e-01 1.64588034e-01
    6.95275486e-01 4.56702471e-01 8.93972397e-01 5.58338940e-01
    1.66467428e-02 7.63475895e-01 7.64959753e-02 3.38268787e-01
    4.73975837e-01 4.31345701e-01 1.93307400e-02 8.68663430e-01
    6.30727887e-01 5.71970344e-02 1.77718520e-01 2.73049563e-01
    5.11522889e-02 6.42788768e-01 8.77097249e-02 3.84884715e-01
    8.28795135e-01 4.00071263e-01 3.82790685e-01 5.17624199e-01
    8.86722803e-01 7.36223221e-01 9.20598447e-01 5.38017452e-01
    7.69405365e-01 4.38564986e-01 5.20807862e-01 8.06616902e-01
    6.93224907e-01 4.50421542e-01 6.03512347e-01 8.84281337e-01
    3.72205377e-02 1.32655740e-01 5.71676195e-02 2.56744921e-01
    4.92658079e-01 3.61640602e-01 9.17459130e-01 2.20229387e-01
    6.77192450e-01 9.99962389e-02 2.18338251e-01 5.10056853e-01
    3.48507881e-01 5.23141146e-01 7.29552805e-02 5.05608022e-01
    9.78195667e-01 8.29500675e-01 6.93035007e-01 5.14345229e-01
    7.57469773e-01 7.53817558e-01 5.76661408e-01 4.35355276e-01
    3.21948141e-01 5.94944835e-01 9.03402209e-01 9.51228917e-01
    2.84148753e-01 8.54826808e-01 4.99941617e-01 2.24168897e-01
    2.00424194e-02 7.67560840e-01 9.80830491e-02 6.81098223e-01
    3.73550177e-01 3.78921330e-01 7.20985651e-01 6.96017146e-02
    6.06398106e-01 5.18738866e-01 8.33236933e-01 8.17702055e-01
    8.25652838e-01 4.84316617e-01 7.06517696e-01 7.34470248e-01
    4.71148193e-01 4.29457426e-02 9.92413878e-01 8.09621334e-01
    9.25806046e-01 5.14629841e-01 5.08884788e-01 4.59227145e-01
    3.04798365e-01 1.75040752e-01 9.77839947e-01 7.72890866e-01
    2.78049707e-03 2.88693547e-01 7.77476788e-01 2.96184063e-01
    3.77921581e-01 8.37738752e-01 3.01169664e-01 3.22802782e-01
    5.14579713e-02 8.07652950e-01 1.20869279e-02 5.23481607e-01
    4.59297299e-01 3.87272656e-01 5.03700376e-01 6.25487030e-01
    8.41582775e-01 4.77731407e-01 3.17957401e-01 6.46550596e-01
    6.81594908e-01 9.23043013e-01 7.80733705e-01 9.38232422e-01
    2.29860514e-01 4.84874010e-01 9.10104513e-01 2.68768489e-01
    2.31964886e-02 6.83526516e-01 3.00622463e-01 6.43527985e-01
    9.61328447e-02 2.34499156e-01 3.04773808e-01 3.35544944e-01
    7.00155616e-01 4.62119371e-01 2.93893218e-02 5.33800125e-01
    6.80420101e-02 4.33908522e-01 6.24542594e-01 8.66224051e-01
    7.34095693e-01 9.52295125e-01 3.60094905e-02 6.94018066e-01
    6.46339715e-01 7.97948837e-02 7.18234301e-01 1.55270070e-01
    4.01546657e-02 3.64903033e-01 4.97203946e-01 8.87588501e-01
    4.77375805e-01 6.65481448e-01 2.64695287e-02 3.41483951e-01
    3.65816474e-01 2.43998379e-01 1.30157113e-01 9.59662199e-01
    3.56265962e-01 3.09036285e-01 8.50860834e-01 2.07147121e-01
    1.93369091e-01 4.64796305e-01 8.18104744e-01 9.88700032e-01
    6.95551515e-01 2.45563567e-01 3.41667414e-01 5.26668310e-01
    2.75898427e-01 5.84054768e-01 6.48981690e-01 4.55627412e-01
    8.32595587e-01 1.91283822e-01 9.44673896e-01 2.11165577e-01
    7.44583964e-01 7.88494766e-01 9.48905110e-01 8.86750102e-01
    6.45695210e-01 9.45809722e-01 4.03724194e-01 7.28357732e-01
    1.36954188e-02 7.99397111e-01 3.32469940e-02 9.50465262e-01
    3.99398535e-01 2.70051420e-01 3.69588494e-01 3.67148876e-01
    2.32665479e-01 4.90665972e-01 5.81615448e-01 6.28012180e-01
    4.90886062e-01 6.38668180e-01 3.91102076e-01 4.00483072e-01
    2.44569480e-02 2.46582568e-01 7.44729221e-01 3.24318826e-01
    1.24073923e-02 6.36663377e-01 3.55684459e-02 5.39161026e-01
    9.26568508e-02 9.44818139e-01 5.86078107e-01 3.45079839e-01
    5.78301668e-01 6.24237657e-02 9.68420625e-01 4.69852448e-01
    4.05090958e-01 6.10432506e-01 7.53958404e-01 3.15971553e-01
    8.52763474e-01 3.15492988e-01 2.24906504e-02 4.57364619e-02
    3.15215886e-02 7.96668530e-01 8.26998770e-01 7.85746336e-01
    8.34021389e-01 1.48916841e-02 8.77286494e-01 7.90295601e-01
    8.43964815e-01 2.87813902e-01 7.12977886e-01 1.71882540e-01
    5.35326958e-01 2.50045359e-01 4.30017948e-01 2.17192143e-01
    2.74803668e-01 4.92586255e-01 8.92033577e-01 9.83321369e-01
    9.32723880e-01 4.21964318e-01 9.02534246e-01 2.17863768e-01
    2.28958607e-01 3.02520782e-01 8.36175323e-01 8.25674057e-01
    2.86204934e-01 6.06525421e-01 8.90878201e-01 3.37449312e-01
    8.23888838e-01 1.51637167e-01 8.01618755e-01 4.19460416e-01
    8.04815590e-02 4.53861713e-01 1.11998081e-01 6.32216692e-01
    3.01782697e-01 3.16622406e-01 7.44368315e-01 2.03397483e-01
    9.36583281e-01 9.12247598e-02 6.45165622e-01 8.37518156e-01
    1.13775462e-01 2.48563915e-01 2.87662029e-01 6.03550553e-01
    5.29411018e-01 9.21622872e-01 9.82583761e-01 5.12175262e-01
    7.95088828e-01 8.97547483e-01 5.65459251e-01 2.68090189e-01
    7.02210784e-01 5.75352013e-02 8.19829226e-01 4.18444991e-01
    6.26056194e-01 6.22587919e-01 8.57704997e-01 5.46142042e-01
    8.18178236e-01 1.51858240e-01 1.21544600e-02 2.11993366e-01
    9.69746709e-01 5.69669008e-02 9.57938433e-01 6.43858254e-01
    7.11993098e-01 8.65781665e-01 6.41265035e-01 4.40096915e-01
    7.30393350e-01 4.06520724e-01 1.39964223e-02 9.81898069e-01
    1.89846158e-01 4.94277745e-01 6.20598555e-01 7.56747127e-01
    3.80771637e-01 8.26653600e-01 7.47686386e-01 3.81292105e-02
    6.18110895e-01 4.52569664e-01 3.01162779e-01 9.88198400e-01
    7.78167009e-01 6.03407681e-01 5.87474406e-01 1.36736125e-01
    3.41507971e-01 5.90655982e-01 8.72426450e-01 5.58184385e-01
    4.40600663e-01 1.93019569e-01 7.04040170e-01 2.95998305e-01
    1.92925572e-01 1.52018577e-01 6.13273501e-01 4.68781173e-01
    7.04559982e-01 5.31307042e-01 5.89985251e-02 2.98125923e-01
    8.90589476e-01 7.91346848e-01 5.63493133e-01 3.95146579e-01
    7.48267293e-01 2.06198096e-02 2.18103737e-01 7.17205107e-01
    7.11407363e-01 4.18741316e-01 2.77695239e-01 8.95162463e-01
    9.70651627e-01 5.82159758e-01 1.88391566e-01 2.82505214e-01
    1.72564268e-01 8.86375546e-01 4.90350574e-01 2.24494815e-01
    9.14696813e-01 8.39086890e-01 2.09376633e-01 5.90262115e-02
    6.03525043e-02 9.80984390e-01 3.64493608e-01 3.37817192e-01
    7.73558140e-01 4.39531118e-01 3.48075569e-01 5.44980943e-01
    1.94559604e-01 3.29523444e-01 1.25218213e-01 5.82610190e-01
    1.57231718e-01 4.41334903e-01 7.74570584e-01 4.82339591e-01
    1.51355445e-01 1.41260624e-02 1.53462321e-01 8.68148983e-01
    8.91642928e-01 7.81482518e-01 5.08407474e-01 7.76966453e-01
    3.32491726e-01 9.91340518e-01 9.30267870e-02 6.59002125e-01
    9.03592110e-02 5.07929087e-01 7.08850503e-01 4.90250558e-01
    1.47253394e-01 2.65974700e-01 3.61775875e-01 5.16647696e-01
    8.69659066e-01 5.23620367e-01 1.06933773e-01 7.02318251e-01
    3.00726771e-01 2.76679099e-02 8.76311541e-01 2.41725206e-01
    8.33058238e-01 9.23889339e-01 6.69857025e-01 1.41363114e-01
    8.32152069e-01 1.24204546e-01 1.45210147e-01 2.25420892e-01
    8.92248273e-01 2.92503238e-01 2.58201838e-01 5.65661550e-01
    8.96894038e-01 7.25933075e-01 5.03844619e-02 7.38279343e-01
    8.90186310e-01 4.46459413e-01 4.42758530e-01 2.49066979e-01
    7.55990505e-01 2.91786730e-01 8.16182613e-01 5.68116963e-01
    9.80804086e-01 7.88622022e-01 1.43678278e-01 2.50720680e-02
    1.28055722e-01 9.47755277e-01 9.52562988e-02 5.55044770e-01
    3.44313383e-01 1.39702827e-01 7.54015088e-01 9.65754867e-01
    6.96221888e-02 4.72769588e-01 6.59675837e-01 2.29718924e-01
    9.98872995e-01 7.69472897e-01 6.66824877e-01 4.42114800e-01
    9.34112608e-01 3.64068091e-01 2.17220098e-01 3.80152464e-03
    7.08386302e-02 4.51452464e-01 5.14235020e-01 6.74676895e-01
    1.61610872e-01 4.90768880e-01 4.86543536e-01 9.23537016e-02
    8.17866325e-01 3.86028975e-01 4.48653758e-01 2.58152664e-01
    8.68281007e-01 7.67729282e-02 6.03932500e-01 7.66887546e-01
    6.58695757e-01 8.40304494e-01 5.80467105e-01 5.74159086e-01
    3.78133953e-01 7.19470143e-01 4.68307614e-01 4.34670627e-01
    4.65157479e-01 9.28531110e-01 1.00896657e-02 2.54883111e-01
    9.25171971e-01 4.74542826e-01 9.49707985e-01 5.56775928e-03
    1.17001325e-01 6.77172542e-01 5.43433547e-01 3.47644389e-01
    3.49612683e-01 4.84103799e-01 7.77685404e-01 9.50976491e-01
    1.95820659e-01 3.02161276e-01 5.26101470e-01 2.41147459e-01
    4.26898032e-01 8.18480670e-01 2.61356801e-01 6.93452716e-01
    8.12944412e-01 1.31163895e-02 3.40613842e-01 6.96443975e-01
    7.63999343e-01 6.81034088e-01 4.15995926e-01 8.66328180e-01
    5.50646544e-01 8.68007779e-01 4.53697294e-01 8.27093840e-01
    7.74087191e-01 9.92788434e-01 2.53578305e-01 7.11215079e-01
    4.95690227e-01 8.64660144e-01 3.43051642e-01 9.24035430e-01
    1.02072775e-01 3.38488370e-01 9.17735815e-01 1.82347924e-01
    9.10347462e-01 9.74572599e-02 5.48799753e-01 6.91538811e-01
    4.07374322e-01 6.55161619e-01 8.56075466e-01 1.51474029e-01
    1.62392855e-02 1.45963132e-02 3.20121646e-01 5.54068625e-01
    1.43497646e-01 7.34935284e-01 7.41795301e-01 7.57604480e-01
    8.66434753e-01 5.38316369e-02 7.98905969e-01 4.55019474e-02
    1.57390714e-01 5.27870178e-01 8.35358262e-01 5.12597382e-01
    6.13983452e-01 5.88954210e-01 6.46798372e-01 7.79312849e-01
    8.97772789e-01 2.49995947e-01 8.20466697e-01 5.30214548e-01
    5.46757460e-01 9.63986456e-01 5.27489364e-01 9.68888044e-01
    8.78570259e-01 4.78413880e-01 7.64465928e-01 8.41745079e-01
    3.84579092e-01 2.39412963e-01 6.52703106e-01 5.81082761e-01
    1.79818630e-01 1.36710703e-01 1.91265106e-01 7.93112516e-01
    4.43660885e-01 4.09915924e-01 5.16241193e-02 6.36729300e-01
    3.50652754e-01 3.47291529e-01 4.33454186e-01 4.66583282e-01
    6.75771058e-01 9.15241361e-01 6.35926962e-01 7.49701619e-01
    4.68600452e-01 3.70476604e-01 3.26587379e-01 9.77021575e-01
    2.74047852e-01 7.45841980e-01 8.58450711e-01 6.01473570e-01
    5.26124060e-01 9.77998137e-01 4.64227319e-01 3.19942832e-03
    6.75666630e-02 8.87418091e-02 3.81619692e-01 3.90990973e-02
    4.10266817e-01 9.16740894e-01 9.31704402e-01 9.88948107e-01
    6.73362195e-01 5.33656001e-01 1.97688431e-01 2.10091621e-01
    5.71402907e-03 1.14553601e-01 1.69048250e-01 7.24545956e-01
    5.35381377e-01 5.46478748e-01 8.04781556e-01 9.85998213e-02
    4.21965659e-01 9.97892261e-01 8.92731726e-01 5.47827184e-01
    4.14964080e-01 8.99156451e-01 9.52450514e-01 2.75588095e-01
    7.82456756e-01 4.11195964e-01 3.35418671e-01 8.90176356e-01
    7.05769122e-01 3.36138159e-01 8.02728176e-01 5.12539566e-01
    9.53285933e-01 6.34044945e-01 3.58963013e-01 6.87361181e-01
    2.11775303e-02 9.38812673e-01 9.91556168e-01 7.00122297e-01
    7.15367973e-01 1.34500623e-01 5.84359348e-01 7.76582003e-01
    2.38991112e-01 7.29818225e-01 8.59206915e-01 3.12866449e-01
    8.56320441e-01 5.37188888e-01 8.70234728e-01 8.23457778e-01
    8.38426948e-01 7.90129185e-01 1.00875854e-01 6.00405455e-01
    1.96357369e-01 9.73362684e-01 6.39025807e-01 4.29535031e-01
    3.46207738e-01 4.31314766e-01 1.17244929e-01 1.72654659e-01
    9.16223049e-01 2.94690877e-01 3.65446866e-01 7.42332876e-01
    9.12556410e-01 1.78683490e-01 1.56679988e-01 3.43731642e-02
    9.99401212e-01 2.65985727e-03 4.78359818e-01 1.85294420e-01
    2.55063683e-01 2.74881631e-01 6.69819593e-01 1.39225066e-01
    4.22340602e-01 8.06970835e-01 4.50733811e-01 5.83120763e-01
    1.83816999e-01 5.47061086e-01 8.69214296e-01 3.24541986e-01
    6.49972916e-01 5.13838530e-01 4.93451446e-01 1.73818380e-01
    3.10420275e-01 5.12823164e-01 5.19749880e-01 2.84821093e-01
    3.62538159e-01 4.27380800e-01 3.82335991e-01 1.72811419e-01
    6.16609752e-01 3.79555345e-01 2.42845953e-01 3.59055102e-02
    4.54869330e-01 1.30895078e-02 7.17886686e-01 3.92868429e-01
    7.34331727e-01 3.15107107e-01 6.69496417e-01 5.71921825e-01
    1.87435389e-01 9.18493688e-01 2.76455373e-01 3.42556059e-01
    2.48475641e-01 2.92419970e-01 3.39502990e-02 8.00426126e-01
    2.17160493e-01 5.80384731e-01 4.16428924e-01 2.23126084e-01
    7.26114392e-01 1.82693273e-01 3.77985656e-01 3.89551580e-01
    9.58115399e-01 3.47110391e-01 2.78483868e-01 7.67212510e-01
    7.10672915e-01 1.12108618e-01 9.43529487e-01 6.62792325e-01
    3.48485291e-01 8.58584166e-01 7.22796857e-01 9.01189923e-01
    8.84127915e-02 5.92949867e-01 3.78970504e-02 4.60492074e-02
    1.98768288e-01 7.16218412e-01 2.63338864e-01 9.01402593e-01
    5.22014678e-01 1.20847791e-01 7.48130322e-01 5.99075854e-02
    7.94959068e-01 3.57724011e-01 4.86630052e-01 1.49298817e-01
    7.15096176e-01 9.14052606e-01 3.81386071e-01 1.10157758e-01
    1.81228966e-01 7.18064249e-01 3.78415108e-01 5.08814931e-01
    2.54580379e-01 6.74371123e-02 3.76431525e-01 7.09754825e-01
    9.97002423e-01 6.73926830e-01 8.30765724e-01 6.89584613e-01
    6.45151019e-01 4.24101859e-01 3.23814869e-01 9.89521086e-01
    7.03429520e-01 4.43678260e-01 1.65350050e-01 6.02218568e-01
    8.53520393e-01 4.39337522e-01 5.08181989e-01 3.30300778e-01
    9.94136393e-01 4.68770713e-01 1.62972361e-01 1.15353644e-01
    3.44960809e-01 1.97801441e-01 9.11144912e-02 1.92011625e-01
    6.95599020e-01 6.34465873e-01 5.14989555e-01 4.34828788e-01
    5.30871272e-01 6.51047587e-01 1.81537837e-01 3.61791849e-01
    3.68939638e-01 1.19965702e-01 9.90968585e-01 3.23150754e-01
    6.01553857e-01 1.10303909e-01 4.60873097e-01 2.85830259e-01
    8.36233735e-01 7.01278985e-01 9.50783849e-01 6.76773727e-01
    2.31458396e-01 2.05627054e-01 9.87844348e-01 7.30328560e-01
    6.39000833e-01 2.20850706e-02 1.36443377e-01 8.31527174e-01
    6.24648333e-01 3.83216172e-01 8.38824511e-01 1.01658851e-01
    8.55354428e-01 5.16482651e-01 9.09832597e-01 7.26232111e-01
    5.68255901e-01 6.67077363e-01 7.37566531e-01 3.48795235e-01
    4.77585912e-01 1.93440229e-01 5.45732677e-01 7.46924102e-01
    8.76597047e-01 3.03438127e-01 4.10129994e-01 2.20502138e-01
    8.31875563e-01 5.28554916e-01 3.95221233e-01 5.97344816e-01
    9.13557172e-01 1.74721837e-01 9.69771922e-01 4.82508302e-01
    1.86502248e-01 6.35272503e-01 3.42505783e-01 6.51457250e-01
    2.73669362e-01 1.08986527e-01 7.61655927e-01 1.25774205e-01
    5.98879635e-01 6.00611806e-01 9.46235180e-01 8.52431536e-01
    2.85823405e-01 2.26556063e-01 1.50376469e-01 5.24079680e-01
    6.39006078e-01 7.01499581e-01 9.32193398e-01 1.92600697e-01
    4.71292764e-01 2.05797821e-01 8.79853427e-01 7.86470890e-01
    3.51959825e-01 9.80207026e-01 9.87621725e-01 7.67084002e-01
    4.13286388e-01 7.44508147e-01 7.57764876e-01 8.71869326e-01
    5.66590071e-01 7.74992704e-01 5.33177078e-01 6.05970085e-01
    1.30329013e-01 3.14549863e-01 9.82025743e-01 4.56791401e-01
    1.75357312e-01 2.78340161e-01 2.61693656e-01 5.08467615e-01
    8.31780434e-01 1.49756223e-01 2.30202526e-01 1.14177436e-01
    8.11694920e-01 4.85854089e-01 3.25966954e-01 8.60996366e-01
    4.87256289e-01 8.57980967e-01 7.03435063e-01 9.52378392e-01
    6.68820620e-01 6.58416867e-01 1.98738277e-02 6.25364363e-01
    1.65448874e-01 2.46871054e-01 5.30414402e-01 6.97179437e-01
    8.43569517e-01 8.99685204e-01 5.97850621e-01 1.53860450e-01
    7.65810132e-01 6.53176606e-02 4.41273272e-01 2.06995219e-01
    2.61456907e-01 8.60841393e-01 5.89886546e-01 8.89439464e-01
    3.61431509e-01 1.88528270e-01 9.80733931e-01 6.27425253e-01
    5.92020750e-01 2.27484912e-01 4.21914965e-01 9.89092529e-01
    3.49952877e-02 8.19378972e-01 2.32271254e-01 1.17205471e-01
    9.47660804e-02 5.94479442e-01 5.05990922e-01 6.86143041e-02
    1.80368215e-01 1.36261463e-01 2.03811973e-01 7.00273216e-02
    3.42129797e-01 8.16190779e-01 2.97889173e-01 9.26614523e-01
    4.74261105e-01 9.62775946e-03 5.45442462e-01 1.10483766e-02
    2.12928593e-01 2.26375282e-01 3.36089075e-01 5.56961119e-01
    8.70210409e-01 2.49106795e-01 8.43828380e-01 4.15866196e-01
    6.88692451e-01 9.38264847e-01 3.85469705e-01 9.54898059e-01
    9.70206738e-01 6.40421450e-01 8.81438673e-01 7.20924735e-01
    3.54547679e-01 6.96269155e-01 4.00092304e-02 4.00290996e-01
    2.92468041e-01 9.33803439e-01 6.90155327e-02 7.12116420e-01
    8.48751664e-02 6.54505610e-01 3.45190614e-01 2.41777897e-01
    3.82507980e-01 1.55466676e-01 1.05129570e-01 6.80105209e-01
    8.55684400e-01 5.22355080e-01 4.19017524e-01 4.03597087e-01
    7.46353865e-01 8.38149726e-01 2.89698452e-01 6.60852253e-01
    1.81487203e-01 3.33040953e-01 4.85997885e-01 2.10124522e-01
    3.56910288e-01 1.01032585e-01 4.42489684e-02 6.03600860e-01
    8.18386555e-01 7.66627073e-01 7.92227089e-02 7.98924565e-01
    2.33847499e-02 1.98015839e-01 4.74237740e-01 3.93360317e-01
    5.52545190e-01 8.87828648e-01 1.31449819e-01 3.67288649e-01
    5.15588403e-01 8.02939713e-01 1.02134138e-01 2.52171457e-01
    5.08071780e-02 3.84132981e-01 5.75217724e-01 6.85566425e-01
    4.13379222e-01 3.70759517e-01 1.06719017e-01 9.96148288e-02
    6.94535911e-01 5.95801353e-01 6.83852792e-01 7.65622139e-01
    3.59984159e-01 9.33980346e-01 3.30858052e-01 5.41753292e-01
    1.82574183e-01 5.15435815e-01 9.94028747e-01 6.56095028e-01
    6.46189332e-01 5.16051710e-01 5.23096263e-01 6.33464932e-01
    6.21009588e-01 3.15668225e-01 6.94454193e-01 4.62705940e-01
    7.33947515e-01 4.80048656e-02 6.85645342e-02 8.03739905e-01
    8.58837843e-01 3.02108347e-01 1.14801705e-01 7.17126608e-01
    9.39452291e-01 2.90027082e-01 2.94465065e-01 6.44898355e-01
    1.39332443e-01 7.62016296e-01 7.82485962e-01 1.42751127e-01
    1.30864650e-01 3.61063242e-01 2.91195393e-01 6.11902595e-01
    8.40935528e-01 6.60329521e-01 3.94490957e-02 1.12420321e-02
    2.49355257e-01 3.64820749e-01 6.99716806e-01 7.12260485e-01
    1.25394017e-01 5.04863441e-01 1.91407114e-01 4.92907524e-01
    6.76478744e-01 6.65018916e-01 4.12665009e-01 7.26487339e-01
    9.35597062e-01 5.16727805e-01 5.06666660e-01 9.07185972e-02
    4.74711359e-01 6.97140038e-01 3.96551490e-01 5.65529466e-01
    4.00269032e-03 1.41275525e-02 9.90719914e-01 6.01600349e-01
    6.15649998e-01 5.28419137e-01 7.18139470e-01 3.74255419e-01
    9.27389979e-01 4.06403363e-01 7.60361791e-01 8.41121674e-01
    1.62111580e-01 2.04117388e-01 8.85510325e-01 1.99082285e-01
    9.75121319e-01 7.98896670e-01 4.33116853e-02 6.62623763e-01
    4.64670777e-01 6.04442954e-01 8.16336989e-01 8.08113098e-01
    4.79460776e-01 3.85502249e-01 6.41733766e-01 2.29328305e-01
    5.74873686e-01 8.44777465e-01 5.28008759e-01 9.41880882e-01
    5.28052449e-01 1.95369720e-01 8.16366315e-01 4.73673344e-02
    7.36154318e-01 4.86986458e-01 5.85639715e-01 3.72242332e-01
    9.45845366e-01 5.07814229e-01 4.05663788e-01 4.36468810e-01
    4.57864791e-01 7.61485696e-01 8.50730002e-01 8.50166440e-01
    6.79003477e-01 2.73259699e-01 2.25634962e-01 6.83332443e-01
    1.72693878e-01 6.03218555e-01 1.71421498e-01 5.36921144e-01
    6.28786385e-01 9.20225739e-01 5.52321374e-01 9.76537585e-01
    1.78876102e-01 1.13245100e-01 3.92599165e-01 6.51795685e-01
    6.98261857e-02 5.35081267e-01 5.53023994e-01 6.62339032e-02
    9.31942582e-01 7.44387746e-01 4.62076545e-01 5.30839443e-01
    3.96520495e-01 1.35542840e-01 8.92934561e-01 7.01629102e-01
    1.66129351e-01 5.89450657e-01 3.94474149e-01 4.18680817e-01
    2.56307006e-01 4.16992128e-01 6.47983193e-01 9.89935994e-01
    5.94614863e-01 2.38702774e-01 5.51022530e-01 2.73314118e-01
    2.28100657e-01 9.67015505e-01 2.85540611e-01 6.06858790e-01
    4.36307192e-02 2.67843068e-01 4.42294747e-01 1.57454312e-01
    1.07145905e-01 5.78399897e-02 5.23528636e-01 9.84446466e-01
    3.67387384e-01 5.60278177e-01 6.23728335e-02 5.83811104e-01
    5.06701350e-01 9.27414358e-01 8.93446684e-01 6.48459673e-01
    5.95417738e-01 5.38134336e-01 6.74299896e-01 9.64247763e-01
    6.06918693e-01 9.37784195e-01 1.35868251e-01 9.74857688e-01
    6.53562844e-02 8.78693104e-01 2.20910281e-01 5.49943328e-01
    1.47486776e-01 3.66195083e-01 6.62927747e-01 3.82742703e-01
    1.47027165e-01 2.57945716e-01 2.86357999e-01 3.28833938e-01
    7.69241989e-01 8.75273347e-03 4.09871548e-01 5.91484666e-01
    6.01208270e-01 3.28952014e-01 5.49712896e-01 2.22769231e-01
    4.12143409e-01 5.05903482e-01 7.74442196e-01 1.45293623e-01
    6.26054883e-01 2.42841989e-01 3.86586666e-01 3.02745104e-01
    8.50987971e-01 7.32508302e-03 4.31033373e-01 7.53395319e-01
    1.04731143e-01 9.91113067e-01 9.86004531e-01 8.80181193e-01
    2.13608116e-01 4.96596605e-01 7.08171248e-01 7.15172529e-01
    3.99707079e-01 8.60507607e-01 5.89713633e-01 3.18570793e-01
    2.23245502e-01 9.48696017e-01 2.00649172e-01 8.01195502e-01
    1.29268110e-01 5.04201710e-01 5.87657511e-01 7.09934115e-01
    5.13045430e-01 6.76319063e-01 8.64982247e-01 5.77451169e-01
    8.84996176e-01 1.46634936e-01 4.39071864e-01 8.22741866e-01
    4.38407958e-01 9.53082323e-01 3.79532456e-01 7.02137351e-01
    3.88161659e-01 1.90548152e-01 1.45240247e-01 9.67537642e-01
    1.34512484e-01 3.45211089e-01 2.74362206e-01 8.20059240e-01
    6.22798443e-01 1.30328238e-01 7.47942746e-01 7.06194103e-01
    8.36271405e-01 3.51653665e-01 5.38701415e-01 5.72853565e-01
    5.60866654e-01 1.07710212e-01 7.39901423e-01 1.43522769e-01
    8.25724006e-01 1.72729850e-01 6.55419946e-01 9.93393660e-01
    1.08687192e-01 7.12228477e-01 8.93226981e-01 4.68396127e-01
    4.47286487e-01 2.54493713e-01 6.56372607e-01 9.95094121e-01
    9.02527571e-02 9.43148732e-01 4.88836020e-01 9.11239386e-01
    6.68460727e-02 9.12438869e-01 6.11388206e-01 7.04024196e-01
    5.86496830e-01 9.28138018e-01 2.01949805e-01 1.33955806e-01
    6.70931101e-01 5.21672666e-01 4.85435724e-02 8.98766696e-01
    3.25220048e-01 2.22081542e-01 2.71790624e-01 2.47316927e-01
    2.99398482e-01 2.25249678e-01 1.89510524e-01 6.16773844e-01
    4.44561243e-01 7.99127162e-01 7.74292469e-01 7.13165164e-01
    8.35754991e-01 3.56591761e-01 1.42716706e-01 4.23839688e-01
    6.55971467e-01 3.53930444e-01 6.81186914e-01 2.69818991e-01
    1.77652836e-02 8.86406422e-01 5.70664644e-01 1.87711179e-01
    5.87456524e-01 9.95892882e-01 4.19837534e-01 2.29554772e-01
    1.63713157e-01 7.26896346e-01 4.25015658e-01 1.61607981e-01
    6.05224252e-01 7.91230559e-01 2.12819666e-01 1.53080672e-01
    3.42063665e-01 4.23284888e-01 4.44416702e-01 3.49815786e-01
    7.92204142e-02 8.92227054e-01 2.77242959e-01 7.41809487e-01
    4.57069486e-01 7.20093846e-01 2.38952875e-01 8.06839943e-01
    1.05763495e-01 8.95399630e-01 8.53202343e-02 9.70398188e-01
    7.00384378e-02 3.22389901e-01 9.23523605e-02 2.69936562e-01
    1.18767530e-01 7.50577688e-01 1.74714178e-01 6.02149129e-01
    8.53718102e-01 5.36970317e-01 2.34746635e-01 6.36667013e-01
    4.18314457e-01 1.34334832e-01 4.00723517e-01 6.73796594e-01
    7.20885277e-01 1.46521956e-01 2.48880893e-01 6.58667862e-01
    5.19425929e-01 3.31868052e-01 8.06572258e-01 8.21663737e-02
    5.45050681e-01 1.80939257e-01 9.28394496e-01 7.68986225e-01
    2.67325401e-01 3.23353410e-02 9.22872424e-01 3.20686489e-01
    6.80269003e-01 2.64298916e-03 2.76379704e-01 9.08623576e-01
    5.02232611e-01 9.78553712e-01 9.77429748e-02 1.45952284e-01
    4.92587864e-01 6.05835736e-01 3.53436589e-01 6.78998828e-01
    5.40286124e-01 8.42390060e-01 8.02019238e-01 2.92821139e-01
    4.37345862e-01 8.51509452e-01 8.58993411e-01 7.55485177e-01
    1.42581671e-01 8.30652058e-01 2.95155346e-01 1.70128673e-01
    5.95622420e-01 5.64393222e-01 6.21721864e-01 5.18370986e-01
    5.43404102e-01 9.69650388e-01 6.68668449e-01 6.93104625e-01
    7.70959973e-01 8.05998147e-02 1.65436566e-01 2.26120114e-01
    1.41761154e-01 9.07816768e-01 3.95856678e-01 2.87321746e-01
    2.28860974e-01 3.68313879e-01 2.44627297e-02 6.26077771e-01
    5.65667450e-02 6.90126419e-01 2.59478033e-01 8.73955488e-02
    7.05708265e-01 3.31041723e-01 7.28348494e-02 5.20687759e-01
    1.34946823e-01 2.08613664e-01 3.61746371e-01 3.82425815e-01
    5.83627164e-01 6.75850391e-01 7.40361214e-01 6.87548578e-01
    9.22940791e-01 8.20888877e-02 4.38328534e-01 8.47666860e-01
    2.62319922e-01 4.93183345e-01 7.78151751e-01 1.61806434e-01
    3.78683984e-01 4.30212021e-01 7.23398328e-01 3.73670727e-01
    3.22783589e-01 6.34558916e-01 6.03582799e-01 2.45419145e-03
    5.19609094e-01 7.67284155e-01 1.73992693e-01 3.01004320e-01
    5.50435543e-01 5.23674607e-01 5.15579760e-01 7.15419948e-01
    4.10831660e-01 4.55284625e-01 2.00202256e-01 6.59558415e-01
    8.20228815e-01 4.34462100e-01 3.80086303e-01 2.47395962e-01
    1.22276068e-01 1.86574459e-02 7.42383242e-01 8.32747877e-01
    6.77420974e-01 4.97934431e-01 5.30272961e-01 7.36780882e-01
    8.37902546e-01 6.47656620e-01 8.02776754e-01 2.17659861e-01
    2.57997394e-01 9.65120494e-01 6.04186893e-01 1.03501081e-01
    5.69162369e-01 8.19890857e-01 6.08342052e-01 5.48500061e-01
    8.34170759e-01 7.99686074e-01 4.88293648e-01 5.09702563e-01
    4.54028755e-01 5.03040016e-01 5.04416406e-01 6.09215617e-01
    1.51571333e-02 6.40550375e-01 5.88757157e-01 6.05350137e-01
    2.67596364e-01 9.10457730e-01 1.53788388e-01 3.20870221e-01
    4.78275537e-01 5.00241816e-01 3.15109074e-01 5.51558018e-01
    4.35410678e-01 1.13978118e-01 5.64772189e-01 4.41446900e-03
    9.57699001e-01 8.72899771e-01 1.78102732e-01 6.70752704e-01
    8.13926220e-01 5.40774286e-01 1.64071381e-01 4.05747414e-01
    7.03546882e-01 5.60503900e-01 2.79671013e-01 4.93307799e-01
    1.27257496e-01 5.36002398e-01 3.09846222e-01 6.35519862e-01
    1.14240348e-01 9.15841222e-01 9.30553973e-01 4.82102543e-01
    3.34734619e-01 2.88923085e-01 7.17619300e-01 4.44886267e-01
    8.73484015e-01 3.69583488e-01 5.78117609e-01 9.37627435e-01
    1.47137254e-01 3.02092791e-01 6.45671964e-01 9.64334667e-01
    9.18973386e-01 7.24980712e-01 7.15175509e-01 7.94920146e-01
    6.12604976e-01 4.10490960e-01 4.68887866e-01 9.01836634e-01
    8.10985446e-01 4.65997398e-01 4.79396403e-01 3.40596139e-02
    3.92076194e-01 3.63583624e-01 3.71080458e-01 7.53921270e-02
    8.92495036e-01 9.26078439e-01 5.45368969e-01 5.12642562e-01
    4.09680843e-01 8.98976684e-01 3.19491953e-01 7.08797991e-01
    2.88675785e-01 8.90484989e-01 3.05382460e-01 8.14404607e-01
    1.92049593e-01 6.21193945e-02 1.80767179e-02 6.64542735e-01
    2.03884631e-01 8.08444381e-01 8.58638406e-01 6.42763734e-01
    5.42878568e-01 2.31170237e-01 3.04126352e-01 8.14888120e-01
    1.84272677e-01 3.18767697e-01 6.41006351e-01 6.63481414e-01
    6.81377530e-01 6.85226321e-01 2.61099517e-01 4.44286495e-01
    5.12808442e-01 1.26406431e-01 4.30231094e-01 4.10857350e-01
    5.64029634e-01 5.66398025e-01 2.38364547e-01 7.94111133e-01
    5.26487291e-01 3.44014466e-01 6.15367174e-01 2.96756625e-02
    8.13271105e-01 9.48505282e-01 6.18612170e-01 7.54375875e-01
    4.27287459e-01 1.95295334e-01 5.86523831e-01 2.67421603e-01
    6.70842767e-01 3.31132919e-01 2.98582494e-01 1.91676021e-02
    7.54111111e-02 1.40875638e-01 1.28979117e-01 4.70362008e-02
    1.95362240e-01 4.28242922e-01 4.86269176e-01 9.42000628e-01
    7.11970806e-01 9.73261595e-01 8.01315725e-01 1.18007123e-01
    8.10906410e-01 1.16474926e-02 6.33728743e-01 2.26257145e-02
    6.08885229e-01 5.29874384e-01 4.41070288e-01 9.54914689e-01
    6.53670728e-01 5.31879961e-01 7.77273417e-01 1.27152830e-01
    3.21211755e-01 8.04275751e-01 7.36697912e-01 2.24847525e-01
    3.86921972e-01 7.03175843e-01 4.77886289e-01 9.17689264e-01
    3.29012573e-02 8.31901133e-01 3.61192971e-01 5.21821320e-01
    4.59338844e-01 6.33213341e-01 1.76358461e-01 4.96312052e-01
    3.33396018e-01 9.55769181e-01 6.65622652e-01 5.22118211e-01
    5.56739390e-01 1.41828716e-01 4.94976789e-01 5.45643985e-01
    2.68693298e-01 1.63358450e-01 7.20602214e-01 2.04906166e-02
    8.72241497e-01 8.07538569e-01 7.16653824e-01 9.41062450e-01
    1.78969473e-01 8.90122533e-01 5.41478395e-01 6.79282427e-01
    9.15239573e-01 9.13874507e-02 6.12969518e-01 7.75404811e-01
    5.84128439e-01 7.78087854e-01 8.18809390e-01 7.78570831e-01
    7.22535074e-01 6.17136836e-01 3.35272789e-01 5.92201412e-01
    1.93905383e-01 8.58287811e-02 2.18444109e-01 7.58881450e-01
    1.70194000e-01 5.72430313e-01 7.17723787e-01 7.68130422e-02
    8.83429408e-01 8.69411945e-01 9.82004881e-01 5.65604866e-02
    7.34593511e-01 3.44856739e-01 3.91840994e-01 7.94797897e-01
    9.80758548e-01 7.50735044e-01 6.56761765e-01 6.68511987e-01
    2.74573207e-01 3.83940399e-01 9.93877053e-01 5.53636074e-01
    8.94656301e-01 2.42417157e-01 6.59625292e-01 7.04887986e-01
    2.57553548e-01 9.20426488e-01 3.97066027e-01 8.38248193e-01
    8.65761936e-02 9.58292782e-01 2.29184985e-01 1.52311742e-01
    9.78653431e-01 3.97874743e-01 4.58122760e-01 8.74497056e-01
    2.51797169e-01 5.69383800e-01 6.35116518e-01 4.58383203e-01
    9.52552915e-01 1.43314034e-01 9.52488184e-03 2.80301422e-01
    2.36795425e-01 1.04447901e-02 8.74381304e-01 2.69656301e-01
    6.25226200e-02 6.24786198e-01 9.56780910e-01 6.48145258e-01
    2.97039598e-01 8.27764928e-01 9.85867620e-01 8.52041245e-01
    5.53363204e-01 4.32224482e-01 7.21366048e-01 2.49343306e-01
    3.79029572e-01 4.63138223e-01 7.59132862e-01 4.10213411e-01
    7.29301929e-01 9.33909535e-01 7.93823004e-02 4.52371240e-02
    1.99377656e-01 9.22437906e-01 3.83904845e-01 3.79334331e-01
    7.47227311e-01 5.54245710e-01 1.30790412e-01 3.68111253e-01
    6.80804253e-01 5.97786367e-01 9.00319695e-01 7.48310447e-01
    5.94125748e-01 3.97633016e-01 5.89520812e-01 4.71300185e-01
    2.05536783e-01 2.52984643e-01 1.03165060e-01 6.88041627e-01
    1.59542263e-01 4.32608128e-01 3.52331638e-01 9.84191716e-01
    5.88805079e-02 3.27381194e-01 7.92703032e-03 3.66040647e-01
    6.50016248e-01 4.70706850e-01 1.77068830e-01 6.59442604e-01
    6.69060469e-01 6.46555305e-01 9.11961675e-01 7.86949635e-01
    5.39860249e-01 8.71489823e-01 1.29013270e-01 9.36666727e-01
    5.50472736e-02 4.07570273e-01 3.71713966e-01 6.35347843e-01
    4.92114693e-01 3.16305310e-01 5.19102573e-01 9.82522845e-01
    9.49105620e-01 1.43814534e-01 5.09144247e-01 9.53673840e-01
    6.54202819e-01 8.40979695e-01 6.60485625e-01 5.76796055e-01
    7.75316715e-01 6.80924952e-02 8.74042332e-01 4.09430861e-01
    5.82892418e-01 2.33813226e-02 5.40681183e-02 8.09663296e-01
    3.93009037e-01 1.95321620e-01 1.72368258e-01 7.96498895e-01
    1.54708385e-01 2.02991158e-01 3.81160021e-01 6.20389581e-01
    3.61678898e-01 5.83758712e-01 4.55006272e-01 3.26581389e-01
    3.88007581e-01 9.19609308e-01 1.06420606e-01 7.85601258e-01
    1.65955722e-01 1.54015481e-01 6.09773576e-01 2.02627659e-01
    3.19701523e-01 4.92134064e-01 9.96639132e-01 5.87179601e-01
    4.06315804e-01 3.36700737e-01 5.92381895e-01 5.78398466e-01
    2.88899392e-01 8.34425986e-01 8.52977514e-01 5.74672222e-01
    9.08816576e-01 6.25217319e-01 2.45250344e-01 8.65100145e-01
    6.76458001e-01 7.96175361e-01 6.17500663e-01 3.62769574e-01
    9.24853086e-01 5.56143343e-01 6.96021199e-01 8.36782932e-01
    4.80174422e-02 8.66507709e-01 2.82797515e-01 6.58268809e-01
    6.53366745e-01 6.38778806e-02 4.61888760e-01 3.38585198e-01
    7.13570476e-01 4.25833106e-01 3.19334775e-01 8.60777020e-01
    2.20043361e-02 1.52273625e-01 1.92108601e-01 1.84226930e-01
    4.36441660e-01 4.29456592e-01 7.26917684e-01 9.93514478e-01
    5.55139542e-01 6.65003598e-01 5.09110034e-01 1.51464701e-01
    4.15464073e-01 7.90650129e-01 2.70929784e-01 2.47132868e-01
    9.66973305e-01 9.39114869e-01 1.73037171e-01 6.58844888e-01
    4.68567133e-01 6.90834045e-01 1.96213067e-01 4.29736555e-01
    5.22101462e-01 8.34439695e-02 1.92444682e-01 2.08468378e-01
    6.99369073e-01 7.62060761e-01 9.49355125e-01 5.24212599e-01
    1.46233559e-01 9.60969687e-01 9.54188883e-01 5.84957123e-01
    5.25769234e-01 4.84425724e-01 2.93212414e-01 6.55304968e-01
    6.02046967e-01 4.86457646e-02 7.96913803e-01 5.25392771e-01
    2.42292255e-01 3.54489177e-01 3.88885647e-01 8.42058957e-01
    2.41235018e-01 9.21228111e-01 3.33590209e-01 2.76109099e-01
    1.30613923e-01 4.83847171e-01 7.81775713e-02 7.44682670e-01
    2.69398868e-01 6.23754680e-01 4.36287403e-01 9.62505579e-01
    7.05263078e-01 9.09007072e-01 5.22620142e-01 2.67181993e-01
    4.17939186e-01 5.19389808e-01 8.68790865e-01 1.00049496e-01
    2.73774803e-01 8.92293453e-01 8.71941149e-02 3.56680393e-01
    5.44843435e-01 7.95214534e-01 9.44399774e-01 1.50413096e-01
    6.74929082e-01 2.14774400e-01 9.41670656e-01 6.81329131e-01
    5.96930742e-01 7.15907454e-01 1.68022215e-02 6.12130344e-01
    8.55792046e-01 7.50135243e-01 2.50866473e-01 8.56982470e-01
    9.60539818e-01 1.61332041e-01 5.32508910e-01 9.38602090e-01
    9.42655563e-01 2.00038880e-01 1.46133721e-01 1.81507468e-01
    5.66023946e-01 8.71047139e-01 1.30399764e-01 9.61215675e-01
    5.65606713e-01 6.92537069e-01 3.40592802e-01 5.53721368e-01
    7.82099366e-03 3.43905389e-02 4.87475246e-01 6.93815887e-01
    5.46711683e-02 2.09364116e-01 2.39420712e-01 5.18690109e-01
    3.00571680e-01 4.33403730e-01 1.88403606e-01 9.09523487e-01
    5.42048872e-01 1.01935714e-01 6.63018823e-01 3.76693606e-01
    4.60578799e-01 6.60853922e-01 1.29385710e-01 3.16667467e-01
    9.78525937e-01 5.04268110e-01 2.11511254e-01 5.75061262e-01
    2.53643692e-01 4.42925394e-01 2.90755153e-01 2.74014115e-01
    5.43606102e-01 4.69575971e-01 9.61362243e-01 5.76765895e-01
    4.16911185e-01 1.06873423e-01 5.65701604e-01 6.85775816e-01
    5.74843764e-01 8.69246125e-01 3.55880886e-01 5.08240938e-01
    9.51657534e-01 1.86003387e-01 7.90065229e-01 4.22683835e-01
    8.18393111e-01 6.50045276e-01 7.62185335e-01 1.23359084e-01
    8.63486290e-01 5.27993083e-01 9.59712505e-01 8.47787440e-01
    5.22683203e-01 8.42095375e-01 9.01880980e-01 9.33405042e-01
    7.92182326e-01 2.26596355e-01 5.67448854e-01 5.83050787e-01
    5.17918944e-01 7.57349968e-01 9.54176843e-01 2.49501437e-01
    7.73978353e-01 2.45453387e-01 2.34079033e-01 7.80673742e-01
    6.02827489e-01 1.91185057e-01 7.13647842e-01 7.24938214e-02
    7.64983892e-01 5.92854381e-01 8.20847809e-01 7.76966631e-01
    9.87948239e-01 4.94425416e-01 7.60944188e-02 3.57052952e-01
    1.27687454e-01 9.57206905e-01 8.25069010e-01 2.09157825e-01
    8.43336225e-01 5.11916399e-01 3.70920062e-01 3.68510902e-01
    5.89484930e-01 1.10989571e-01 2.89041013e-01 2.36329287e-01
    3.50401044e-01 9.59851086e-01 2.33317226e-01 2.28709072e-01
    7.50933886e-01 2.98376381e-02 5.07064402e-01 2.51909018e-01
    3.00042450e-01 5.05171120e-01 6.77295327e-01 1.34153545e-01
    9.26086307e-01 3.38426828e-01 7.01942563e-01 8.13881397e-01
    6.76248670e-01 9.80176687e-01 3.95632774e-01 6.22443497e-01
    8.68455410e-01 4.03348565e-01 3.39700997e-01 1.85830951e-01
    9.97940183e-01 3.71407986e-01 4.30573791e-01 8.27897787e-01
    6.01532817e-01 5.89556873e-01 4.41082776e-01 7.64231324e-01
    8.99286926e-01 1.75945014e-01 9.38984632e-01 6.59654021e-01
    7.52898812e-01 1.43125206e-01 9.49142158e-01 7.93942213e-02
    8.52211177e-01 5.96766651e-01 5.27970791e-01 2.47558743e-01
    4.43894178e-01 2.18700171e-01 6.64956450e-01 1.46301776e-01
    3.90486807e-01 9.29915309e-01 8.53158593e-01 8.29255819e-01
    9.26058710e-01 6.18317246e-01 7.35318244e-01 9.12729681e-01
    9.31238592e-01 1.35948032e-01 3.86421829e-01 8.12283397e-01
    3.88642669e-01 4.48087156e-02 8.08295608e-01 5.17881513e-02
    1.59366727e-01 4.36237752e-02 3.49981636e-01 3.48555028e-01
    7.09302068e-01 9.19049144e-01 7.56952763e-01 4.86697584e-01
    5.28442025e-01 1.90877855e-01 9.09478545e-01 6.68606997e-01
    1.42723113e-01 2.21473277e-01 8.30562949e-01 7.46655941e-01
    7.81711459e-01 6.33136988e-01 3.38625550e-01 5.98375499e-01
    2.58714318e-01 7.41490841e-01 7.73992538e-02 7.03683197e-02
    9.15113091e-03 9.98304188e-01 7.48233795e-01 8.18253756e-01
    1.85789108e-01 3.63232791e-02 7.09330738e-01 8.65007520e-01
    8.61171305e-01 7.60831654e-01 8.16951990e-01 3.23179841e-01
    2.94981092e-01 5.30356884e-01 4.86382246e-02 9.51124609e-01
    5.40922701e-01 2.56772041e-01 9.56469715e-01 4.21944737e-01
    4.09037173e-02 1.53312802e-01 5.65078616e-01 7.93317497e-01
    3.51251364e-01 4.30633426e-02 3.40848356e-01 8.95604968e-01
    3.42677295e-01 2.38027573e-02 2.07209229e-01 5.17530382e-01
    6.51127458e-01 5.21074533e-02 7.57869005e-01 2.25228965e-01
    9.26485777e-01 8.20004463e-01 3.76438439e-01 7.21957088e-02
    5.56555331e-01 1.00059986e-01 4.58620250e-01 9.78288710e-01
    7.48194218e-01 9.65855598e-01 1.26033306e-01 3.46995234e-01
    5.83997428e-01 5.52230835e-01 5.67494750e-01 1.25346363e-01
    7.38089681e-01 8.41613472e-01 4.65539634e-01 8.43059003e-01
    7.52153337e-01 1.94557101e-01 1.01398528e-01 5.42694569e-01
    9.82935905e-01 8.45451593e-01 1.83131427e-01 6.37147427e-01
    9.43158388e-01 7.95391679e-01 7.31426537e-01 8.26388061e-01
    2.16906428e-01 1.59109414e-01 3.53000641e-01 2.29456186e-01
    7.70971775e-02 4.39993680e-01 4.21689212e-01 3.60405982e-01
    8.10627580e-01 3.21413726e-01 8.42545688e-01 8.14464271e-01
    6.88651800e-01 8.53885114e-01 7.73362160e-01 3.96225840e-01
    3.65186036e-01 6.23621285e-01 9.33682084e-01 4.48793977e-01
    6.44633353e-01 5.88722289e-01 6.99838638e-01 6.22117817e-02
    2.37620443e-01 3.25258791e-01 6.42644525e-01 8.89318287e-02
    1.51832908e-01 5.27122915e-01 1.21315479e-01 4.10284102e-02
    5.17598152e-01 1.96518898e-01 6.90541744e-01 2.23407239e-01
    5.79154670e-01 4.21109974e-01 3.01910102e-01 6.99966669e-01
    2.77494520e-01 5.73234856e-02 6.74208045e-01 8.74839664e-01
    6.61062360e-01 9.47419405e-01 8.41326714e-01 4.53582108e-02
    1.28765911e-01 2.98527777e-02 3.12877655e-01 5.07627606e-01
    7.50023246e-01 1.82996243e-01 6.14487886e-01 2.07046270e-02
    9.45717692e-01 3.44178319e-01 2.65330672e-01 9.67762768e-01
    7.58419156e-01 3.25296640e-01 5.90140760e-01 2.57218421e-01
    4.07969475e-01 6.89376295e-01 7.64953136e-01 3.64324331e-01
    8.72329712e-01 4.48902965e-01 9.05524850e-01 4.22809303e-01
    4.69917327e-01 6.05987430e-01 4.90593910e-03 9.56857562e-01
    4.32065547e-01 8.14769328e-01 3.18835974e-01 9.12845612e-01
    5.47661662e-01 8.03191543e-01 7.22467005e-01 2.48833299e-02
    1.34719908e-01 5.50627112e-01 8.63294721e-01 1.43967986e-01
    6.72937751e-01 1.87525123e-01 4.53284264e-01 7.82281399e-01
    3.48451436e-02 2.37035066e-01 5.10450423e-01 3.34516376e-01
    6.81213915e-01 9.32185650e-01 8.94771039e-01 7.67877519e-01
    8.07957530e-01 3.65203828e-01 3.25975448e-01 9.97424603e-01
    2.11547196e-01 1.76045835e-01 6.55890405e-02 4.55038458e-01
    9.85026956e-01 2.70159185e-01 8.21244359e-01 1.09654993e-01
    4.24606681e-01 8.02612066e-01 2.31568664e-01 8.82702410e-01
    4.42779362e-02 7.29899347e-01 3.26970607e-01 4.84054565e-01
    4.76289243e-01 3.17842424e-01 4.81264889e-02 5.69215178e-01
    7.49181271e-01 4.47157264e-01 5.39515972e-01 3.13801497e-01
    2.89105773e-02 4.46524382e-01 7.36865103e-02 5.64511597e-01
    5.26611507e-01 7.95003176e-01 4.04034615e-01 3.53047609e-01
    1.27439320e-01 5.97807825e-01 2.59237647e-01 8.31003189e-01
    7.13352323e-01 8.19241405e-01 3.59261692e-01 4.94971484e-01
    5.07670939e-01 7.54384279e-01 2.26978362e-02 6.91957414e-01
    5.83951473e-01 5.60026407e-01 2.64531374e-01 8.54375839e-01
    5.61328828e-01 1.57533050e-01 8.53825867e-01 2.91072607e-01
    6.00889266e-01 7.05112219e-01 9.93974626e-01 5.00578582e-01
    9.67618227e-01 2.43007958e-01 4.45044339e-01 9.10201550e-01
    6.97762549e-01 8.63682568e-01 3.26356590e-01 9.41510320e-01
    4.55621243e-01 6.39897764e-01 4.40011024e-01 2.33806968e-01
    7.16573834e-01 8.54574621e-01 1.53917164e-01 1.54639721e-01
    7.35295236e-01 8.86241019e-01 6.16926610e-01 3.38044763e-01
    7.98734486e-01 6.00230634e-01 1.01958990e-01 7.42288709e-01
    4.22694415e-01 1.44568384e-01 8.24078262e-01 9.44695890e-01
    2.77871192e-01 2.74484158e-01 3.25572193e-01 3.75327945e-01
    7.04870462e-01 8.81173968e-01 8.99225712e-01 2.40640640e-01
    9.49453831e-01 3.24951589e-01 4.21859682e-01 1.85735732e-01
    5.89242995e-01 8.15011144e-01 3.99613321e-01 5.64223707e-01
    1.53011084e-03 1.03246033e-01 7.24700034e-01 2.25577950e-01
    3.78467947e-01 6.53508365e-01 1.30229115e-01 6.47270381e-01
    5.77122927e-01 4.80061263e-01 1.11980647e-01 2.18585134e-02
    6.00705385e-01 3.13524097e-01 1.89644247e-01 8.42058778e-01
    5.47474682e-01 1.49851263e-01 6.39493704e-01 5.70872903e-01
    7.13294804e-01 6.01252615e-01 5.74987710e-01 2.44852602e-02
    2.71091819e-01 4.96471167e-01 1.63787603e-01 8.78935456e-01
    1.10439509e-01 5.17013192e-01 6.64369881e-01 6.02359414e-01
    7.59738624e-01 3.18551064e-01 3.38693798e-01 1.34113044e-01
    5.91090739e-01 6.71652436e-01 9.60782528e-01 8.63639474e-01
    1.71348214e-01 8.43674541e-01 3.63560915e-01 5.61691582e-01
    3.32860291e-01 5.92047870e-02 3.06067646e-01 1.98436767e-01
    9.72573340e-01 6.38090372e-01 8.14583778e-01 7.53309250e-01
    8.44914854e-01 3.08688819e-01 4.84931409e-01 3.44482362e-02
    6.61359668e-01 6.49174452e-02 9.76801634e-01 2.32838720e-01
    1.82360411e-02 2.52204180e-01 9.65141773e-01 1.12669736e-01
    5.37787914e-01 7.92328954e-01 4.03414816e-01 3.26718003e-01
    5.45065165e-01 5.53137839e-01 3.66129994e-01 8.82983267e-01
    1.11639500e-02 8.33496451e-03 1.20694011e-01 9.47471559e-02
    1.63646668e-01 6.95659220e-01 5.37229598e-01 7.07499504e-01
    5.17148077e-01 6.64236069e-01 7.55617023e-01 9.85010982e-01
    5.05664527e-01 5.04630446e-01 9.77180719e-01 4.25485164e-01
    2.11922765e-01 6.60522580e-01 4.19298679e-01 1.58430845e-01
    2.34949023e-01 3.15081298e-01 7.60974348e-01 4.76979434e-01
    4.23250586e-01 6.23011231e-01 8.76059234e-02 1.61657512e-01
    1.57554597e-01 6.40359521e-03 8.18108499e-01 9.89216328e-01
    9.35632348e-01 9.57292914e-01 2.09348142e-01 7.28298306e-01
    4.80533183e-01 5.80717087e-01 9.53055978e-01 6.52177930e-01
    3.50541323e-01 2.22525686e-01 8.40225816e-01 7.43577063e-01
    6.67041779e-01 2.81837583e-02 5.84958553e-01 8.14591169e-01
    7.07630157e-01 9.30540323e-01 1.52029008e-01 6.60755873e-01
    6.12194359e-01 8.04994106e-01 6.71399832e-01 3.62784147e-01
    1.52472854e-01 2.33684272e-01 8.02150190e-01 3.86495739e-01
    9.72993851e-01 2.49531537e-01 7.10266650e-01 1.19023174e-01
    8.23498189e-01 8.93279314e-01 7.04250574e-01 5.93284607e-01
    1.82572037e-01 3.17849219e-01 8.07237625e-01 4.42863733e-01
    5.91402233e-01 4.72085238e-01 5.33501804e-01 4.15505141e-01
    3.48205268e-02 5.28330803e-01 7.49429524e-01 2.30624497e-01
    6.13045454e-01 2.38021106e-01 5.02924383e-01 2.13860840e-01
    7.93456078e-01 6.02035224e-01 4.34049904e-01 2.18414545e-01
    9.82334137e-01 5.00609398e-01 1.78741664e-01 3.29474330e-01
    9.64927316e-01 9.42873836e-01 1.41828954e-02 5.29825330e-01
    1.19112015e-01 5.21358609e-01 6.71556652e-01 2.05296636e-01
    3.91190529e-01 4.27340657e-01 8.59487653e-01 9.39450622e-01
    2.49536544e-01 9.32133913e-01 7.93978631e-01 3.84406030e-01
    9.98860836e-01 4.92900461e-01 4.20452118e-01 7.95932651e-01
    2.71903515e-01 9.15670991e-01 7.39291191e-01 7.65675902e-01
    1.43760353e-01 9.85141993e-01 2.11956978e-01 6.90539896e-01
    8.33165526e-01 3.81162465e-01 9.92279172e-01 7.55673647e-01
    8.96574020e-01 2.98470259e-03 1.26536548e-01 5.79954207e-01
    2.72890687e-01 1.18394762e-01 8.38307679e-01 9.24764395e-01
    9.47823822e-01 3.42340052e-01 8.82611573e-01 4.37665075e-01
    4.13273573e-01 9.77349877e-01 4.17922437e-02 9.21493888e-01
    3.02247465e-01 2.23145485e-02 9.97491360e-01 9.26473498e-01
    2.91048080e-01 9.31971669e-01 6.95016980e-02 2.39681095e-01
    6.51681483e-01 2.99112022e-01 5.18606603e-02 5.10979116e-01
    9.54753995e-01 5.74153543e-01 7.11821139e-01 2.41873920e-01
    2.95857847e-01 1.72803849e-01 5.11546612e-01 6.73469901e-02
    8.51895332e-01 1.58300281e-01 3.06049824e-01 4.93347645e-02
    6.69871688e-01 3.52856815e-01 9.53143358e-01 5.87082803e-02
    3.27915847e-01 6.28626704e-01 9.32274818e-01 1.52042210e-02
    5.63085377e-01 5.05056918e-01 3.99458408e-01 4.06573623e-01
    7.44650662e-01 3.79717499e-01 6.45212650e-01 9.02219772e-01
    8.86181951e-01 7.04434812e-01 9.64303136e-01 5.68970501e-01
    9.50689197e-01 2.32657969e-01 2.82268465e-01 8.18745077e-01
    9.82597232e-01 7.10924268e-01 3.82936180e-01 1.00319326e-01
    5.28618217e-01 5.82394898e-01 2.90126204e-01 4.70541716e-02
    4.89051342e-01 9.99078155e-01 9.38124299e-01 2.92194694e-01
    7.26995230e-01 3.91485661e-01 8.27431798e-01 4.50885266e-01
    8.56693804e-01 5.78355610e-01 9.11580682e-01 6.08221591e-02
    1.43494904e-01 4.78261411e-02 2.28864253e-02 3.61397862e-03
    5.22154391e-01 9.18649733e-02 4.93679702e-01 3.32570493e-01
    3.79501522e-01 3.51844430e-01 9.98804867e-02 4.76621807e-01
    1.84665799e-01 3.10893953e-01 3.28853071e-01 8.81888390e-01
    9.91269708e-01 6.88408554e-01 4.86900419e-01 3.20583880e-02
    2.15363681e-01 5.27863204e-02 3.72165740e-01 6.20140254e-01
    7.41179109e-01 8.13293695e-01 5.67854941e-02 2.19840884e-01
    7.12486267e-01 2.57222474e-01 6.15876019e-02 4.95525986e-01
    8.07806969e-01 7.74089992e-01 5.18667221e-01 6.19615018e-01
    7.75634885e-01 2.21271783e-01 2.33355671e-01 7.64125109e-01
    8.63483906e-01 3.09728861e-01 2.95771301e-01 6.26012504e-01
    7.24258721e-02 1.06177360e-01 3.96689773e-01 1.93721890e-01
    5.54836690e-01 5.97286224e-01 7.58830845e-01 7.16627240e-01
    1.86798364e-01 8.73592973e-01 5.28541982e-01 2.55830616e-01
    7.52813935e-01 6.76198542e-01 7.55191743e-02 3.51367116e-01
    5.60575426e-01 9.40981030e-01 2.85094112e-01 4.08081979e-01
    1.32014900e-01 7.75861502e-01 3.23547840e-01 4.52052861e-01
    8.83447826e-01 8.37410569e-01 5.38341284e-01 3.16187084e-01
    8.95056367e-01 5.18075228e-01 6.91547990e-03 9.01988864e-01
    7.15135872e-01 5.10191917e-03 7.94153094e-01 2.83745259e-01
    8.44852805e-01 1.24854088e-01 9.77735281e-01 3.54530334e-01
    3.47167373e-01 6.14836454e-01 1.72410637e-01 9.17997599e-01
    2.35776186e-01 6.14191175e-01 6.77397132e-01 7.85093069e-01
    7.28544831e-01 1.00696713e-01 9.07714844e-01 3.15604985e-01
    6.57284439e-01 5.82684219e-01 2.28836238e-01 3.23965788e-01
    4.30443734e-01 8.71917427e-01 2.52092540e-01 3.63316059e-01
    2.20499665e-01 8.74934435e-01 3.14012140e-01 2.69658774e-01
    4.32671249e-01 3.10046971e-01 5.00462353e-01 2.90349782e-01
    3.38151038e-01 4.76509452e-01 7.71208048e-01 3.43646407e-02
    7.33567536e-01 7.24345207e-01 3.63262445e-01 5.34492850e-01
    3.93171132e-01 6.54250920e-01 2.93015897e-01 8.27136159e-01
    2.07821578e-01 1.88623309e-01 3.15706134e-02 2.56534517e-01
    2.39273280e-01 9.93084908e-01 5.01087189e-01 1.41989589e-01
    6.05014563e-01 8.84306908e-01 5.31081617e-01 9.41398442e-01
    8.11448038e-01 1.30860806e-02 9.17230070e-01 3.05394471e-01
    3.75718474e-02 3.48646075e-01 1.06795579e-01 2.18934089e-01
    3.38304490e-01 3.52102190e-01 8.89508426e-01 9.09793675e-02
    7.24010229e-01 1.08039767e-01 1.48892671e-01 4.52643931e-02
    6.97468996e-01 1.49859786e-01 8.58677387e-01 4.86200243e-01
    4.25699353e-03 6.77567363e-01 1.44104511e-01 4.20030177e-01
    5.51522076e-02 7.86174774e-01 9.61561441e-01 1.07028961e-01
    4.31664914e-01 3.18883896e-01 1.30542994e-01 8.16186965e-01
    6.70618951e-01 1.71194673e-02 7.78088570e-01 5.43058574e-01
    9.45026815e-01 1.16294324e-02 7.69765675e-01 1.89337373e-01
    8.83992076e-01 4.95883137e-01 3.16165268e-01 5.33962190e-01
    5.84704399e-01 8.20973217e-01 6.67343199e-01 8.75485182e-01
    4.94076699e-01 8.16373825e-02 4.14832950e-01 7.95521438e-02
    4.25341457e-01 1.23641163e-01 2.58530378e-02 4.13927972e-01
    8.82853866e-01 4.88840640e-02 3.88883740e-01 5.60448289e-01
    1.69747263e-01 5.19551456e-01 3.73042017e-01 4.48492199e-01
    2.04482257e-01 5.67122102e-02 4.11139607e-01 8.25987577e-01
    8.23256254e-01 3.81410718e-02 3.87404025e-01 4.22967017e-01
    1.93464041e-01 1.08791679e-01 8.08335364e-01 1.71490639e-01
    9.28640008e-01 2.79950202e-01 5.08822560e-01 9.44716930e-01
    5.32804072e-01 7.16925263e-01 2.05762357e-01 5.51498055e-01
    3.31631213e-01 4.93479788e-01 3.54503393e-02 1.35134310e-01
    1.53529078e-01 3.93235415e-01 8.72537851e-01 9.31115746e-01
    4.23083723e-01 6.19411469e-01 9.03346062e-01 5.73652148e-01
    4.14650381e-01 8.10213089e-01 4.01271313e-01 5.49640417e-01
    3.86956394e-01 3.43779594e-01 4.60917443e-01 8.81076574e-01
    5.01440287e-01 4.80463624e-01 4.96581763e-01 2.23128498e-01
    6.80427074e-01 8.28954697e-01 8.93226504e-01 2.70976275e-01
    5.45175076e-02 8.00502002e-02 9.10284996e-01 3.56171072e-01
    2.23458767e-01 7.94595420e-01 5.79602897e-01 9.62343097e-01
    9.32330728e-01 7.79312372e-01 6.48728430e-01 3.01596999e-01
    2.53808439e-01 9.81160164e-01 1.59756333e-01 1.09881669e-01
    5.14349401e-01 9.51621771e-01 5.42419255e-02 5.83182871e-02
    4.51669991e-02 1.13303334e-01 5.05433977e-01 7.67890513e-01
    2.88497746e-01 1.93112195e-02 5.48666596e-01 3.75416458e-01
    8.89800131e-01 1.65504992e-01 7.75456429e-01 9.95399356e-01
    5.27211964e-01 7.68303990e-01 6.70655370e-02 5.46833575e-01
    2.52830625e-01 5.62996089e-01 5.51370680e-01 3.00632745e-01
    2.25895226e-01 4.22719389e-01 7.85305500e-01 9.48350191e-01
    3.81933630e-01 3.89835536e-02 3.07213187e-01 2.63401747e-01
    6.31366968e-02 2.67392725e-01 2.28981942e-01 3.78742516e-01
    4.92016047e-01 9.78423834e-01 2.21500367e-01 1.77413434e-01
    6.41063213e-01 4.72339481e-01 4.66761291e-01 9.40776587e-01
    2.13250577e-01 9.63856697e-01 9.28479612e-01 9.25054014e-01
    8.12681496e-01 6.90140605e-01 9.50288951e-01 3.47028852e-01
    7.88895249e-01 8.23473394e-01 9.94109631e-01 4.29205298e-02
    8.22535634e-01 3.71353030e-01 8.77853870e-01 1.44193828e-01
    6.50961041e-01 7.67348170e-01 8.99328947e-01 9.87405837e-01
    9.22697663e-01 8.48453999e-01 7.27006674e-01 8.89002085e-01
    8.96257818e-01 5.28700054e-01 1.67773873e-01 9.36962366e-01
    1.26424849e-01 8.68286014e-01 6.80607498e-01 4.06378180e-01
    4.24765319e-01 1.21249855e-01 4.49833900e-01 1.22140825e-01
    6.11276269e-01 8.48022938e-01 7.13614404e-01 4.05371517e-01
    8.67810845e-01 3.21536541e-01 5.11989117e-01 3.39328229e-01
    4.06329662e-01 4.22247320e-01 5.04316986e-01 9.49745059e-01
    2.89662838e-01 7.96153784e-01 7.29216576e-01 6.17387652e-01
    4.81308699e-02 4.21379983e-01 7.40291834e-01 4.68862534e-01
    6.26813889e-01 4.10844505e-01 9.38875914e-01 5.02918959e-01
    6.64935648e-01 9.74826336e-01 1.26878113e-01 3.60723108e-01
    4.83007580e-01 2.22897232e-02 2.89574951e-01 8.02593946e-01
    7.09787309e-02 7.06052899e-01 3.88324201e-01 1.80758536e-02
    1.17384166e-01 5.72142720e-01 7.57232785e-01 8.80280852e-01
    1.68825984e-02 5.14073312e-01 3.46240699e-01 7.10716605e-01
    4.99817491e-01 9.92838800e-01 1.53912902e-01 5.86965322e-01
    9.95682240e-01 4.96322513e-02 1.64621174e-01 6.57325268e-01
    4.11071479e-01 8.48174453e-01 1.17000043e-01 2.60936588e-01
    8.83395910e-01 1.38902426e-01 2.52251148e-01 1.02683336e-01
    8.17206800e-01 2.54086733e-01 1.84013635e-01 5.03404915e-01
    2.03315586e-01 3.73230100e-01 4.00073647e-01 6.33908391e-01
    1.44358277e-02 6.23535216e-02 1.33985102e-01 1.72837496e-01
    6.73337340e-01 3.09959680e-01 4.47474718e-01 6.73276961e-01
    4.79236424e-01 8.79599452e-02 4.37602401e-03 3.65495861e-01
    9.58469868e-01 4.33501452e-01 3.79040956e-01 6.00489497e-01
    5.60821831e-01 8.13107848e-01 9.45391059e-02 8.14223766e-01
    2.08365738e-01 8.66669416e-01 1.95237994e-01 9.70040083e-01
    1.14420295e-01 6.36489451e-01 8.03561926e-01 1.49980277e-01
    9.50574160e-01 7.99360752e-01 3.26016366e-01 4.60476756e-01
    4.44521904e-02 1.02062255e-01 5.41002512e-01 6.43360615e-01
    8.13561797e-01 9.35336351e-01 3.63728225e-01 9.80545580e-01
    4.27527845e-01 7.30228066e-01 6.64629936e-01 1.68814868e-01
    3.97993743e-01 2.28770673e-01 2.23356187e-02 2.43283451e-01
    5.04967034e-01 1.57965213e-01 8.46998453e-01 8.67838502e-01
    4.23843265e-01 7.89469898e-01 4.23505247e-01 1.95679069e-03
    5.97017527e-01 7.18013942e-01 3.20499778e-01 3.73865247e-01
    3.85237098e-01 1.89775199e-01 8.06858897e-01 2.83650279e-01
    3.89508635e-01 8.60934973e-01 2.92304456e-02 1.71095669e-01
    5.34232557e-02 1.76676780e-01 2.68401414e-01 1.33299142e-01
    4.78449702e-01 1.84123427e-01 4.95800972e-02 2.67890096e-02
    3.91377151e-01 9.58294034e-01 2.99165249e-01 1.29315645e-01
    5.11949837e-01 3.45316976e-01 9.35886860e-01 1.78799957e-01
    3.03571403e-01 5.90815842e-01 5.81050754e-01 2.73730695e-01
    3.43701065e-01 2.54044473e-01 7.48299062e-01 1.32454067e-01
    7.01428890e-01 6.61695778e-01 4.72915232e-01 9.23443913e-01
    5.42745471e-01 3.85474682e-01 1.84469521e-01 7.08607256e-01
    6.11874402e-01 4.65675712e-01 8.72132063e-01 9.69635010e-01
    9.59288955e-01 4.88998622e-01 8.90749097e-02 4.39126670e-01
    8.34703326e-01 7.37162590e-01 3.41075301e-01 5.68191648e-01
    7.06537902e-01 4.52396512e-01 5.17776549e-01 7.41087794e-02
    3.97980362e-01 5.19520044e-03 3.22152525e-01 3.67321968e-01
    3.22336137e-01 3.42446089e-01 7.96918631e-01 8.95245433e-01
    8.97334218e-01 7.89240301e-01 5.33622682e-01 8.36312294e-01
    2.84912944e-01 6.52726173e-01 2.03393161e-01 3.49930346e-01
    5.01314044e-01 8.38908076e-01 6.92789316e-01 3.18420649e-01
    5.14773786e-01 1.88713938e-01 5.69648266e-01 4.42112148e-01
    8.21457803e-01 4.98881817e-01 3.48213792e-01 8.01122189e-01
    9.63857174e-01 9.04015481e-01 1.55389667e-01 3.72785181e-01
    2.87358046e-01 9.09067631e-01 7.45249450e-01 2.76869714e-01
    1.88500881e-01 9.71501350e-01 1.78590268e-01 1.72320247e-01
    4.54937279e-01 3.54469061e-01 9.67849493e-01 8.39542329e-01
    3.27764153e-02 9.96772945e-01 2.54472613e-01 5.98294497e-01
    2.86948830e-01 4.36111540e-01 3.49323809e-01 9.45431948e-01
    9.43459153e-01 5.99180281e-01 6.74374342e-01 3.99171978e-01
    8.26897740e-01 6.78918779e-01 9.80747461e-01 9.53096747e-02
    9.21605229e-01 3.95696312e-01 9.97732222e-01 1.65715784e-01
    1.71021491e-01 7.39234924e-01 2.45926291e-01 6.99524939e-01
    5.25629759e-01 2.15456784e-02 1.43667430e-01 5.50899684e-01
    1.37195289e-01 3.43934000e-02 8.61363649e-01 6.74450696e-02
    4.44061756e-01 2.45968789e-01 5.61287165e-01 8.84019554e-01
    1.20918512e-01 9.71977711e-01 4.89422828e-01 7.62169003e-01
    6.33972764e-01 8.97389174e-01 3.47808599e-01 2.40878999e-01
    7.99642265e-01 5.61260462e-01 5.23516357e-01 5.88465750e-01
    2.53340721e-01 4.84868944e-01 7.34369695e-01 6.61159754e-02
    4.32682812e-01 5.69987059e-01 6.40693665e-01 1.55808777e-01
    9.68724668e-01 4.40592289e-01 5.59699655e-01 5.14162302e-01
    6.99583828e-01 5.72198987e-01 3.08494806e-01 1.48517251e-01
    6.10257030e-01 8.84570003e-01 4.67825025e-01 1.25761926e-02
    4.77612674e-01 7.68151879e-01 6.43898606e-01 4.89626646e-01
    7.33527005e-01 7.64160872e-01 9.70050454e-01 5.09787619e-01
    2.23868400e-01 7.29821205e-01 3.73533130e-01 7.01329052e-01
    6.12733483e-01 4.01642621e-01 6.61195993e-01 4.40528631e-01
    9.12572443e-02 6.53929710e-01 5.64230263e-01 4.23457950e-01
    7.32288659e-01 5.64485788e-03 6.27264678e-02 2.70079374e-02
    7.97936201e-01 4.28796798e-01 9.76979733e-04 4.57524061e-02
    5.18200815e-01 4.65706706e-01 1.13254100e-01 4.52102125e-01
    1.42662346e-01 7.90241301e-01 8.97909403e-01 3.16934019e-01
    4.41358685e-02 8.92360330e-01 3.93391848e-02 7.73819864e-01
    7.17944682e-01 3.18064153e-01 4.92733538e-01 4.94645953e-01
    6.44070446e-01 5.86331666e-01 6.14699721e-02 7.12026179e-01
    9.92995501e-01 9.75365877e-01 5.82792461e-01 1.28006071e-01
    8.70256066e-01 3.40453535e-01 8.04714441e-01 8.22408795e-01
    1.40801489e-01 2.54733324e-01 1.82703376e-01 4.35679197e-01
    7.00522840e-01 3.24627310e-01 3.26575279e-01 9.12350655e-01
    4.67132092e-01 4.15797353e-01 2.48151451e-01 4.87282753e-01
    6.84824347e-01 8.93215537e-01 5.71896791e-01 8.96154225e-01
    6.11889184e-01 1.92850828e-02 2.86151469e-01 8.49594176e-02
    6.84633851e-01 6.98687196e-01 2.54925400e-01 4.51004922e-01
    3.98776919e-01 1.50798321e-01 9.31532979e-01 3.81922662e-01
    6.77344918e-01 5.06493986e-01 1.16581529e-01 9.48709726e-01
    5.30882180e-01 6.72387362e-01 6.28699839e-01 8.35345864e-01
    9.83402491e-01 9.92582023e-01 3.03385109e-01 4.28731352e-01
    8.93411756e-01 3.46923590e-01 2.21107870e-01 8.13789487e-01
    1.89134151e-01 6.85264289e-01 3.27097118e-01 1.04778707e-01
    5.60831547e-01 5.12992620e-01 2.75530756e-01 3.68969887e-01
    9.36096013e-01 8.66533935e-01 2.96020806e-02 5.70865631e-01
    8.25405121e-03 1.46696329e-01 9.56441402e-01 1.28806084e-01
    8.28040242e-01 5.67293823e-01 6.90854549e-01 7.07649469e-01
    7.90961862e-01 3.44539762e-01 8.04423451e-01 6.85815692e-01
    3.35598946e-01 3.10912967e-01 1.31428212e-01 8.08781028e-01
    8.39269400e-01 1.27003342e-01 2.33460665e-02 6.07952774e-02
    1.27794087e-01 6.95770800e-01 8.34591329e-01 5.86892903e-01
    9.98746276e-01 4.07832861e-02 4.27480936e-01 1.96746200e-01
    3.92453611e-01 6.58817291e-01 9.83013272e-01 9.56963241e-01
    6.88989520e-01 3.42427075e-01 6.49673522e-01 1.43879861e-01
    8.65700006e-01 2.31606573e-01 8.45265269e-01 1.08987331e-01
    9.00203884e-01 8.78375530e-01 3.07359785e-01 8.80759954e-01
    4.07395422e-01 8.83151293e-01 1.41763389e-01 1.93530977e-01
    1.62761807e-02 2.00257599e-02 8.45568180e-01 4.71842855e-01
    5.30314565e-01 3.58716905e-01 2.56817400e-01 8.72714520e-01
    4.83962059e-01 5.40902257e-01 8.43634665e-01 1.03148609e-01
    6.80239916e-01 3.23862791e-01 2.19443530e-01 3.41915905e-01
    5.84078610e-01 6.64138079e-01 8.50140333e-01 8.97676349e-01
    9.42116141e-01 6.99470043e-01 6.74709797e-01 8.40152383e-01
    5.56708574e-01 1.58409476e-02 1.47427231e-01 5.82421839e-01
    1.71034187e-01 6.11302495e-01 7.48101115e-01 8.77301455e-01
    3.76934946e-01 2.20880300e-01 1.85638905e-01 3.40443432e-01
    1.69784158e-01 5.82076907e-02 3.31851423e-01 5.49412727e-01
    6.84654474e-01 6.73309863e-02 9.30836082e-01 2.36474723e-01
    8.86615813e-01 2.56271422e-01 6.87198460e-01 1.86001956e-02
    4.07066107e-01 4.52953368e-01 7.80265749e-01 4.43604976e-01
    7.19372988e-01 6.60484672e-01 2.56933630e-01 1.15491271e-01
    4.89054233e-01 1.37180686e-02 7.98509717e-02 6.77084267e-01
    2.58027375e-01 3.20659399e-01 2.87788540e-01 9.10839915e-01
    8.76215994e-02 1.97482467e-01 5.42665124e-01 1.86555117e-01
    4.39675927e-01 6.08994722e-01 2.09912747e-01 8.28281045e-03
    9.32959557e-01 9.30447936e-01 9.51573372e-01 2.81376153e-01
    5.93661964e-01 5.74862897e-01 7.94191062e-02 6.84646249e-01
    4.40749079e-01 2.46361732e-01 7.40396738e-01 8.17350030e-01
    9.62745309e-01 6.10876977e-02 5.77397943e-01 4.19505805e-01
    1.69966668e-01 9.99789953e-01 1.05920583e-01 3.12284172e-01
    1.51800096e-01 8.92087460e-01 2.81600952e-02 3.20317388e-01
    8.81623864e-01 5.34776092e-01 9.08978462e-01 3.23211968e-01
    1.46793216e-01 3.80340546e-01 5.81663549e-01 7.00961113e-01
    2.23966926e-01 9.34337139e-01 1.21360570e-01 2.33592629e-01
    3.22274774e-01 6.98465765e-01 2.96691775e-01 6.44670844e-01
    5.79761863e-01 1.47117138e-01 8.12347412e-01 8.96611214e-01
    8.39325309e-01 2.81931818e-01 6.31363988e-01 8.99484992e-01
    7.52230287e-01 9.08621430e-01 7.11440980e-01 7.35415280e-01
    7.39856899e-01 8.82825613e-01 7.64604926e-01 4.10435855e-01
    7.65391350e-01 1.27491325e-01 5.78087926e-01 8.48499537e-01
    2.89813817e-01 7.58218884e-01 2.26659894e-01 2.99711078e-01
    1.34192407e-01 3.90047103e-01 6.44599199e-02 2.79013813e-01
    6.78333938e-01 4.65670139e-01 3.30604941e-01 2.99357474e-01
    5.93076527e-01 2.52928555e-01 6.03827000e-01 1.95732981e-01
    1.92193270e-01 7.16914833e-02 3.62234712e-02 3.19286644e-01
    4.53110814e-01 9.85924959e-01 5.64914644e-01 4.70404565e-01
    5.15368879e-01 3.07621121e-01 3.06137800e-01 5.98498285e-01
    2.62490094e-01 9.51759100e-01 5.05166829e-01 4.83722091e-01
    3.27558994e-01 8.43152761e-01 3.41889620e-01 9.33876634e-01
    4.24111724e-01 3.73287201e-02 4.83111262e-01 7.19019532e-01
    5.83709836e-01 3.42829943e-01 2.29343861e-01 2.43696183e-01
    9.48807299e-02 9.24726486e-01 5.66451192e-01 4.53771830e-01
    4.06941801e-01 9.80650187e-01 8.92345905e-01 8.14444065e-01
    9.76814032e-02 1.48313165e-01 7.27554619e-01 5.96602678e-01
    8.77758980e-01 7.51556993e-01 9.46050584e-02 9.40743625e-01
    4.72576112e-01 8.39262724e-01 9.75027382e-02 8.86981487e-01
    2.99106479e-01 7.70252049e-01 3.18309039e-01 1.91853940e-01
    5.43196976e-01 7.08284914e-01 9.31105018e-02 9.65332150e-01
    1.13487184e-01 1.35919899e-01 6.04094684e-01 7.34994113e-02
    7.90152907e-01 2.04042196e-01 3.81126821e-01 7.07446098e-01
    3.05373073e-02 2.18051255e-01 6.19133353e-01 1.34816766e-01
    7.85776019e-01 5.97215295e-01 6.71988130e-01 1.48787290e-01
    7.96939731e-01 5.54455519e-02 4.96581227e-01 8.53745937e-01
    8.86425257e-01 4.11851466e-01 7.81777501e-02 9.32489574e-01
    8.49054575e-01 1.51234835e-01 5.23451447e-01 2.15938002e-01
    4.17130649e-01 1.04011416e-01 6.54703975e-01 2.76777446e-02
    2.87036121e-01 2.88268089e-01 8.31240416e-01 4.24587637e-01
    9.98215079e-01 8.57195020e-01 6.51858747e-02 9.23228741e-01
    7.50348628e-01 1.68002427e-01 8.95301700e-01 5.40691078e-01
    3.71131122e-01 6.48788452e-01 9.66757655e-01 4.00987715e-01
    1.11155003e-01 2.42987245e-01 5.41508675e-01 7.40879476e-01
    9.08418536e-01 8.53796840e-01 4.39278185e-02 6.63306415e-01
    7.07569182e-01 9.07915592e-01 6.56596780e-01 4.16764408e-01
    9.40246642e-01 6.78730786e-01 5.38944662e-01 3.07998538e-01
    1.01076305e-01 6.99707866e-02 4.17474151e-01 2.12712437e-01
    1.36661112e-01 5.17323196e-01 4.85229909e-01 6.68397784e-01
    6.35219395e-01 9.81135964e-01 8.79534006e-01 8.62906992e-01
    7.88602769e-01 9.04872537e-01 8.59391689e-02 7.75774300e-01
    9.43289161e-01 5.70128262e-01 7.72567928e-01 8.71061444e-01
    4.52385068e-01 6.84925914e-01 1.40294909e-01 3.09700072e-02
    1.26044035e-01 9.79031682e-01 2.16604531e-01 2.18259722e-01
    7.68320203e-01 4.14173186e-01 8.23705196e-01 3.24186265e-01
    7.76937008e-01 6.32362485e-01 6.81184590e-01 7.60091066e-01
    3.29068840e-01 6.74403667e-01 2.06488580e-01 9.05212879e-01
    8.27663183e-01 7.32249677e-01 4.03396189e-01 9.51136112e-01
    6.10794842e-01 8.95344853e-01 2.09794164e-01 4.63901728e-01
    3.52069825e-01 9.24531281e-01 5.75809181e-01 1.92343533e-01
    4.98960137e-01 3.64957184e-01 1.03874654e-01 1.10454261e-01
    1.06882423e-01 5.04793108e-01 6.95432425e-01 6.10017717e-01
    7.99798369e-01 6.09274387e-01 3.20295244e-01 2.78866500e-01
    1.51109129e-01 7.99935937e-01 6.33853376e-01 1.66968971e-01
    6.21727169e-01 7.14246273e-01 1.40362412e-01 4.11461055e-01
    5.43515086e-01 2.37532169e-01 8.96997750e-02 5.39982498e-01
    3.67586613e-01 6.86972022e-01 2.31679976e-01 6.28416121e-01
    1.69067621e-01 2.70502180e-01 9.01719451e-01 2.80150235e-01
    7.78094411e-01 3.96521419e-01 4.24498916e-01 7.74406075e-01
    7.70139754e-01 4.12590146e-01 8.96485090e-01 6.67640209e-01
    4.14766669e-02 6.76669836e-01 2.57420599e-01 1.55276030e-01
    7.16517985e-01 2.28813887e-01 7.52630472e-01 2.22425312e-01
    4.74019438e-01 1.70165718e-01 2.61212349e-01 7.21589863e-01
    5.35326421e-01 9.50341105e-01 3.97674233e-01 6.69926226e-01
    1.28060460e-01 3.78807425e-01 2.47270644e-01 7.72521257e-01
    8.95939708e-01 3.39047194e-01 5.33885002e-01 2.33678699e-01
    2.63210118e-01 5.78469336e-01 7.36061990e-01 4.27622825e-01
    9.61481154e-01 7.46246099e-01 3.76249939e-01 2.52793342e-01
    5.20671844e-01 9.90289330e-01 8.77050757e-01 1.60107017e-03
    2.99439669e-01 6.29100144e-01 9.31063771e-01 3.35385203e-01
    7.26838350e-01 8.84504318e-01 4.43651140e-01 9.24279749e-01
    8.62508297e-01 1.50136411e-01 9.73005772e-01 6.57779455e-01
    6.70937240e-01 7.42921054e-01 6.33831680e-01 2.24399656e-01
    8.75639081e-01 9.24324036e-01 2.47897327e-01 7.73549736e-01
    2.91959226e-01 9.80694354e-01 9.23682392e-01 6.42719448e-01
    6.36130810e-01 6.90764368e-01 8.45260143e-01 1.35075301e-01
    8.44476521e-02 6.31508172e-01 5.99821806e-01 5.59439600e-01
    4.57615286e-01 9.50766683e-01 3.40234637e-01 8.56376648e-01
    2.96805888e-01 1.40335411e-01 4.16317463e-01 6.84267640e-01
    3.09803903e-01 1.00900352e-01 8.10086250e-01 5.34111381e-01
    3.01419616e-01 3.30848545e-01 2.23376662e-01 5.43452740e-01
    6.36389792e-01 5.28930068e-01 7.54447043e-01 6.79158509e-01
    3.83320540e-01 5.36355674e-02 8.95786822e-01 7.80794680e-01
    9.99034584e-01 8.30797613e-01 5.93967438e-01 2.04229116e-01
    2.87047863e-01 2.56717503e-02 5.13500094e-01 7.48134792e-01
    5.57467699e-01 5.72869480e-01 1.72111839e-01 5.40754318e-01
    9.24468696e-01 9.84209180e-01 1.90893859e-01 6.50344789e-01
    3.70646954e-01 7.95763373e-01 1.19022369e-01 8.04665446e-01
    1.42309159e-01 4.33425754e-01 7.96845973e-01 4.27564800e-01
    7.96628773e-01 2.09282398e-01 6.75533533e-01 2.04875708e-01
    1.12939566e-01 2.53316969e-01 8.69307160e-01 3.80264461e-01
    6.99750960e-01 8.47144485e-01 2.60968626e-01 1.32672906e-01
    2.80206650e-01 6.63650155e-01 5.42757630e-01 5.54780781e-01
    7.40188122e-01 9.52621818e-01 2.86535978e-01 5.02316236e-01
    4.93194878e-01 8.61875653e-01 5.91093898e-01 4.61976528e-02
    2.44634867e-01 5.66352665e-01 3.20233792e-01 4.71331954e-01
    2.50294387e-01 7.73332477e-01 3.78502250e-01 6.82001173e-01
    4.01130378e-01 4.76840466e-01 7.84660697e-01 8.65885973e-01
    5.29887736e-01 9.14209723e-01 1.30071610e-01 2.99122453e-01
    5.16861260e-01 9.76161063e-01 5.70344508e-01 6.89966798e-01
    8.53294551e-01 8.07460546e-01 6.14998400e-01 2.42998093e-01
    6.69571161e-01 9.36722815e-01 4.56381023e-01 7.05012798e-01
    1.47579908e-01 8.56241465e-01 7.55237222e-01 1.92766517e-01
    7.42367089e-01 4.15446103e-01 7.43047297e-01 9.35862660e-01
    2.23241180e-01 8.17949176e-02 8.13051343e-01 1.73055679e-01
    6.91153884e-01 7.13707805e-02 1.00524783e-01 6.62244141e-01
    4.93171185e-01 3.22776973e-01 6.62636995e-01 7.30251431e-01
    7.68062353e-01 7.11011112e-01 7.22018421e-01 4.02624726e-01
    3.72502208e-01 5.66283941e-01 5.88970304e-01 8.46224785e-01
    9.15081859e-01 4.55930889e-01 4.66491312e-01 2.48092324e-01
    6.10822856e-01 6.17540300e-01 5.34165502e-01 1.82276070e-01
    2.03355670e-01 5.76165676e-01 3.92033935e-01 8.50156188e-01
    5.29019594e-01 9.26300466e-01 6.71576858e-02 8.61384511e-01
    7.01057553e-01 5.18403530e-01 9.59388018e-01 1.46258444e-01
    6.07293963e-01 9.77923632e-01 2.81665146e-01 5.88138103e-01
    8.42798233e-01 2.39391327e-02 1.53785586e-01 8.82326603e-01
    3.04063380e-01 8.81293774e-01 7.42296219e-01 1.52644813e-02
    1.03086531e-02 9.46783781e-01 1.15649641e-01 8.92327070e-01
    8.54935646e-01 6.89638555e-02 7.18533337e-01 5.59243381e-01
    5.19084513e-01 5.58528423e-01 9.74334836e-01 8.47179651e-01
    1.32313967e-01 4.08165812e-01 1.48730040e-01 4.14376527e-01
    5.03928781e-01 8.09114635e-01 7.73607969e-01 3.50553453e-01
    4.86294627e-01 1.39074624e-01 9.55660105e-01 9.65085804e-01
    4.17562276e-01 4.36540663e-01 1.69169217e-01 3.08131009e-01
    3.17748934e-01 9.08343911e-01 9.33933020e-01 2.99226463e-01
    6.96817100e-01 8.52752388e-01 5.99999011e-01 9.30491984e-01
    6.05426669e-01 7.28563070e-02 5.30207217e-01 9.75371003e-01
    6.38689756e-01 4.02396977e-01 8.29727709e-01 2.64660537e-01
    6.15973830e-01 1.03014082e-01 9.17224765e-01 1.45113319e-01
    2.44683415e-01 6.38677955e-01 1.19623959e-01 2.15120822e-01
    4.83912885e-01 6.29793108e-01 3.85002494e-02 6.01104140e-01
    4.51408923e-02 7.64717817e-01 1.06346875e-01 4.38237727e-01
    7.35204816e-01 3.03590477e-01 9.20830965e-02 1.80128664e-01
    9.12861526e-01 3.07694256e-01 2.56617397e-01 5.30531049e-01
    8.85204971e-02 4.12759274e-01 3.61692369e-01 7.35980272e-03
    9.76029038e-02 6.96559727e-01 8.01150799e-01 3.15746367e-02
    4.42049146e-01 8.55110049e-01 5.82033634e-01 6.87995195e-01
    8.60104084e-01 4.61851686e-01 7.65296221e-01 7.26611137e-01
    3.44424009e-01 9.22124326e-01 5.43056726e-01 8.96142840e-01
    8.65411282e-01 5.98258257e-01 9.74177122e-01 9.67899501e-01
    9.05834079e-01 1.98493510e-01 9.71277058e-01 9.97218549e-01
    6.53624058e-01 7.55440712e-01 1.14688277e-02 5.22815585e-02
    5.13486207e-01 2.01777160e-01 3.30761135e-01 9.83118176e-01
    6.92788005e-01 9.61872935e-03 2.74146497e-01 8.38887453e-01
    3.75887990e-01 2.77615368e-01 7.30509281e-01 9.30799305e-01
    6.57071114e-01 8.17374587e-01 4.39611435e-01 3.41085017e-01
    3.03478599e-01 4.28860784e-02 9.77918506e-01 1.38161927e-01
    3.44077528e-01 4.49121416e-01 5.02744853e-01 3.07614505e-02
    9.57663059e-01 1.08797461e-01 9.89697456e-01 4.62181866e-01
    2.28133619e-01 4.70054209e-01 7.99749613e-01 1.95284486e-02
    5.90813756e-01 6.37432098e-01 5.92310667e-01 1.10353529e-02
    7.62348175e-01 5.19839823e-02 1.25998855e-02 1.32609308e-01
    3.61003458e-01 2.78884679e-01 3.46705735e-01 8.41018558e-01
    5.61815083e-01 7.76149333e-02 1.88482255e-01 3.72113645e-01
    1.92904711e-01 1.10516697e-01 7.73401499e-01 1.82155609e-01
    8.13062966e-01 9.46354032e-01 5.76114714e-01 3.16766500e-01
    2.91902721e-01 2.59806424e-01 6.08914912e-01 9.17067409e-01
    2.30460703e-01 1.46515846e-01 4.85314935e-01 7.58230388e-01
    5.08162737e-01 8.97630155e-02 5.71184516e-01 1.42831445e-01
    9.38383102e-01 1.34674579e-01 4.35046911e-01 6.04889870e-01
    6.01523817e-01 6.51173830e-01 7.97832489e-01 1.12575173e-01
    7.02348232e-01 9.45014954e-01 7.14349508e-01 5.93922734e-02
    7.61023343e-01 7.31368423e-01 4.36780572e-01 1.43359005e-01
    8.72408807e-01 7.13567257e-01 2.13436306e-01 9.47491765e-01
    9.44462001e-01 3.41418266e-01 8.50914359e-01 4.08782661e-01
    5.50958633e-01 9.71430063e-01 1.81217015e-01 6.97147369e-01
    8.67512465e-01 5.16639411e-01 6.27857149e-02 3.98266524e-01
    5.93575776e-01 7.11330175e-01 3.17981750e-01 2.33019263e-01
    3.43858957e-01 8.77191067e-01 9.64959502e-01 2.71534234e-01
    4.50148284e-02 9.12706614e-01 5.87460220e-01 9.61596370e-01
    7.96859264e-01 9.99559641e-01 1.19653791e-01 6.42773569e-01
    8.02890897e-01 2.25020915e-01 8.86706591e-01 7.69862831e-02
    4.08968985e-01 7.85312116e-01 7.81225324e-01 2.30794400e-01
    6.54481769e-01 5.04602253e-01 2.46604651e-01 5.83913028e-01
    2.79450119e-02 2.96692610e-01 9.68635082e-02 1.28985047e-02
    8.58707011e-01 4.09715563e-01 9.48978782e-01 6.55370533e-01
    7.52828181e-01 9.70684528e-01 1.53695554e-01 9.14231658e-01
    3.11197340e-01 1.34959549e-01 8.38176847e-01 3.88029099e-01
    1.94781333e-01 1.17052525e-01 9.16047871e-01 2.87514627e-01
    6.49859071e-01 2.79234111e-01 5.43371022e-01 7.72576511e-01
    8.05060983e-01 8.80623817e-01 5.67863584e-02 3.00031066e-01
    2.95953870e-01 1.67259574e-03 7.58824944e-02 4.95740771e-03
    2.20078975e-01 7.18261540e-01 6.87702179e-01 4.62697208e-01
    5.95961213e-02 6.88701749e-01 3.87972295e-02 4.64770198e-02
    7.47679353e-01 2.16942132e-01 1.55228764e-01 1.75781012e-01
    2.36557782e-01 2.23564774e-01 7.41208792e-01 9.78930950e-01
    5.11493683e-01 6.12458825e-01 1.31405085e-01 5.47279298e-01
    2.08654523e-01 5.86980641e-01 5.02213478e-01 2.19078809e-01
    7.22905636e-01 2.52297878e-01 9.47905183e-02 9.11074102e-01
    2.28911817e-01 4.54094201e-01 8.28460097e-01 5.28923988e-01
    6.53375924e-01 2.21696585e-01 8.70814919e-03 7.00675428e-01
    3.26393247e-01 2.13911146e-01 1.46620393e-01 2.82516837e-01
    3.53125155e-01 4.78108764e-01 9.46807742e-01 5.60721755e-01
    2.41174966e-01 7.90727437e-01 2.75842547e-01 6.49228215e-01
    2.22609490e-01 5.02708912e-01 6.52721286e-01 5.10673165e-01
    8.22722197e-01 9.75891888e-01 1.69444084e-01 5.70602238e-01
    1.89495295e-01 8.71631742e-01 2.45834410e-01 2.04754770e-01
    5.78989506e-01 2.88993299e-01 2.11839825e-01 8.93001795e-01
    2.90003955e-01 6.01317763e-01 4.36021090e-01 8.22788239e-01
    1.92576557e-01 9.94341075e-01 3.98691416e-01 6.10155761e-01
    2.66637415e-01 3.81849647e-01 4.41952020e-01 9.33797121e-01
    6.10463262e-01 8.67072344e-02 1.27206683e-01 3.02079201e-01
    6.27990246e-01 2.52601326e-01 7.71611691e-01 5.13897836e-01
    5.84671676e-01 2.30451375e-01 3.45886111e-01 1.61862493e-01
    2.86221147e-01 3.40981722e-01 3.30543458e-01 1.69602215e-01
    2.04833388e-01 8.81365359e-01 9.85345840e-01 2.75957167e-01
    2.85798728e-01 3.69726866e-01 7.72053480e-01 2.96773493e-01
    5.99718988e-02 1.60971195e-01 5.68567038e-01 8.29504848e-01
    9.04042959e-01 7.79990315e-01 6.12114072e-02 6.66342437e-01
    3.37137878e-02 4.86158282e-01 7.69916058e-01 7.47830808e-01
    8.71380687e-01 8.77147973e-01 5.49632072e-01 5.18841088e-01
    1.21885985e-01 4.67120051e-01 7.85816669e-01 2.36300528e-02
    8.07195485e-01 8.01354468e-01 6.28320694e-01 4.29074585e-01
    7.38877177e-01 3.05249691e-01 3.72259378e-01 3.96782637e-01
    8.30394030e-03 2.84475148e-01 6.73169136e-01 1.89806104e-01
    6.51611090e-01 9.80696321e-01 8.35747480e-01 5.69209516e-01
    9.01634216e-01 2.82062888e-01 2.04053760e-01 1.97667450e-01
    7.32854724e-01 1.08023167e-01 7.14293718e-01 3.99318039e-01
    6.80139959e-01 8.28437865e-01 8.86440873e-02 6.27352953e-01
    8.32356870e-01 5.48505545e-01 7.66601264e-02 9.13421750e-01
    5.40623486e-01 1.22817487e-01 2.71969229e-01 1.88852698e-01
    5.77528834e-01 9.21849549e-01 6.12368643e-01 6.87701702e-01
    4.10789728e-01 7.23504603e-01 8.62770557e-01 6.60890460e-01
    6.91579461e-01 7.45383203e-01 9.34441924e-01 5.53123951e-01
    3.22967708e-01 9.95432496e-01 4.47948694e-01 3.24301124e-01
    3.35349768e-01 5.84289134e-02 7.50112474e-01 7.72089243e-01
    8.06663990e-01 9.09549236e-01 6.55361474e-01 7.45527089e-01
    7.36836731e-01 8.08893502e-01 2.02673763e-01 5.48704743e-01
    8.03023577e-02 7.32237935e-01 6.84502661e-01 8.04746926e-01
    7.40023494e-01 1.23730212e-01 7.04604685e-02 5.16910374e-01
    2.36493230e-01 2.45435834e-01 4.51961160e-03 3.63295585e-01
    9.28118050e-01 6.44835591e-01 5.40574789e-01 5.67771852e-01
    1.69633240e-01 6.77991867e-01 4.85340059e-02 1.87956035e-01
    1.50154412e-01 3.66122216e-01 1.18521810e-01 2.19702721e-03
    7.26660013e-01 8.17527771e-01 9.39365268e-01 6.42542720e-01
    3.18913877e-01 3.04959744e-01 5.79500735e-01 1.24241382e-01
    9.49026048e-01 5.75861990e-01 5.97435653e-01 8.33040178e-01
    5.78969538e-01 9.48585331e-01 5.58810651e-01 6.95499480e-02
    4.64786649e-01 9.20477033e-01 8.74537587e-01 2.83506632e-01
    7.85731435e-01 3.19572538e-01 1.49584681e-01 3.69343281e-01
    5.70734739e-02 3.05375934e-01 4.10298288e-01 8.18192244e-01
    2.98811495e-01 1.54486626e-01 8.70159864e-01 3.42715263e-01
    7.84057260e-01 7.67826319e-01 9.45361495e-01 7.11168826e-01
    7.55196691e-01 9.49916124e-01 5.49535275e-01 4.80276227e-01
    8.92845631e-01 9.72707033e-01 5.05709410e-01 2.07776815e-01
    7.56789744e-02 8.18228841e-01 3.03931236e-01 6.26273453e-02
    7.92132854e-01 3.18297803e-01 1.74806803e-01 5.04831910e-01
    9.82415676e-01 5.90124011e-01 4.08290923e-01 7.38791585e-01
    1.22047275e-01 3.07107627e-01 8.95452797e-01 3.56844306e-01
    2.09328622e-01 1.44919246e-01 9.31827545e-01 7.66083598e-01
    1.04523480e-01 5.91980934e-01 9.85186458e-01 7.19295502e-01
    8.52265060e-02 2.29505926e-01 9.57915902e-01 8.55105042e-01
    4.93437409e-01 8.61338019e-01 4.05178189e-01 2.69082397e-01
    6.66246295e-01 4.83082473e-01 9.48340416e-01 9.97791409e-01
    4.22609568e-01 9.56279397e-01 3.40825468e-01 4.87544030e-01
    3.93991321e-01 7.76192904e-01 6.85161829e-01 4.45805848e-01
    9.82943654e-01 5.80088139e-01 8.08172226e-01 9.67344522e-01
    5.03656745e-01 6.49598837e-02 8.89953673e-02 7.81466246e-01
    7.12622762e-01 9.24292505e-02 4.82717574e-01 7.95891881e-01
    9.02820230e-02 2.93734491e-01 6.21036589e-01 5.71227551e-01
    6.15173697e-01 7.34264016e-01 8.57094646e-01 1.76243603e-01
    2.14582413e-01 9.54109192e-01 1.47779197e-01 8.43199909e-01
    2.68683791e-01 8.06829691e-01 5.45204222e-01 8.63461018e-01
    9.53225732e-01 1.71879262e-01 3.61338079e-01 6.44458413e-01
    9.36756551e-01 8.79935384e-01 8.60606432e-01 5.87772369e-01
    1.90315723e-01 4.39847112e-01 8.52564156e-01 6.54586494e-01
    9.05870676e-01 5.88335693e-01 4.10645664e-01 8.61780882e-01
    5.87393343e-02 1.51326895e-01 4.54148859e-01 6.24614000e-01
    6.72689676e-01 4.23906803e-01 2.12678313e-01 2.36974001e-01
    1.63692266e-01 2.19759762e-01 8.23793173e-01 6.61155820e-01
    9.35200930e-01 5.34319758e-01 2.62354553e-01 9.27347243e-01
    2.16700971e-01 2.16266960e-01 8.64792883e-01 7.91845500e-01
    6.07280493e-01 6.91972375e-02 7.34028339e-01 5.10263026e-01
    4.98527497e-01 4.93167907e-01 2.89340317e-02 5.23454249e-02
    5.98217070e-01 1.82217747e-01 1.33418709e-01 7.25708842e-01
    3.33618402e-01 8.38641524e-02 7.14193642e-01 8.29517007e-01
    2.22894162e-01 2.08573639e-01 1.21065706e-01 8.09068561e-01
    2.18351066e-01 2.51695275e-01 1.08663470e-01 7.49710023e-01
    6.26674056e-01 7.39367425e-01 6.25088573e-01 1.33742303e-01
    7.97541559e-01 1.11538678e-01 1.87486589e-01 5.28779507e-01
    4.14751470e-01 6.12537861e-01 8.78968239e-02 5.25637448e-01
    9.42181766e-01 4.04671490e-01 8.80284071e-01 5.29522896e-01
    3.35502625e-01 3.91785681e-01 6.45592809e-01 1.67343795e-01
    1.21567696e-01 5.21403611e-01 6.15019560e-01 8.97652984e-01
    6.81248069e-01 1.41931504e-01 3.44382524e-02 6.99669123e-03
    6.74375892e-03 6.60799921e-01 3.59194696e-01 4.88923639e-01
    5.67199528e-01 4.34964389e-01 7.00433612e-01 9.61459875e-01
    7.09342182e-01 7.87474394e-01 1.95597500e-01 8.07789207e-01
    9.67505932e-01 8.38508248e-01 5.44529140e-01 4.30152953e-01
    9.94228005e-01 5.86670518e-01 7.00810015e-01 2.79023528e-01
    8.95281911e-01 2.98097849e-01 9.27527070e-01 2.74876952e-01
    4.91252780e-01 7.48350263e-01 5.40337503e-01 1.04863286e-01
    8.78134727e-01 7.57131338e-01 6.61170185e-01 8.12560618e-01
    6.57441318e-01 9.43226218e-01 1.02326512e-01 9.58532751e-01
    1.00716472e-01 3.20910811e-02 4.40218866e-01 7.38759816e-01
    6.33135438e-01 6.76880836e-01 1.45437777e-01 4.54906970e-01
    6.93152666e-01 2.57077008e-01 7.01686144e-01 3.24447572e-01
    6.76263571e-01 9.16938543e-01 9.75836456e-01 2.31118977e-01
    6.30952537e-01 5.69224775e-01 7.88420081e-01 5.57445109e-01
    8.32221687e-01 6.71724796e-01 2.14338511e-01 2.33060837e-01
    1.30182803e-01 6.37849092e-01 2.73515821e-01 9.92184699e-01
    7.89556205e-02 1.52736008e-02 9.78660285e-02 8.94676745e-02
    8.36463451e-01 1.17520094e-01 8.94381702e-02 5.93224227e-01
    4.90669847e-01 1.15091026e-01 4.70320106e-01 7.38405466e-01
    5.29670119e-01 6.65062726e-01 2.57948816e-01 5.70644557e-01
    6.46211982e-01 5.81638157e-01 2.03849137e-01 3.38522911e-01
    5.94356358e-01 1.95180804e-01 7.04381406e-01 9.54985261e-01
    9.79100466e-01 5.75545132e-01 7.81222701e-01 9.51064467e-01
    2.66497642e-01 7.45678306e-01 1.39203817e-01 4.96608913e-01
    1.00892037e-01 8.11731577e-01 3.57684523e-01 2.20338762e-01
    7.02797532e-01 7.03054905e-01 4.83232588e-01 4.27063376e-01
    5.44681787e-01 7.81421304e-01 1.24583215e-01 2.82447517e-01
    2.45052576e-03 8.30414951e-01 3.07843566e-01 7.61554122e-01
    5.04182398e-01 5.53495824e-01 2.91165948e-01 2.08441526e-01
    7.46902823e-03 3.19028616e-01 1.46313131e-01 7.68870950e-01
    5.48071265e-01 5.97912788e-01 6.08671010e-02 6.24318600e-01
    7.34474897e-01 5.84830165e-01 2.79527843e-01 8.28330755e-01
    5.44063389e-01 1.17599308e-01 8.41274321e-01 4.16876674e-01
    6.05752230e-01 1.45869523e-01 6.11680269e-01 8.93227935e-01
    5.73558211e-02 8.38583946e-01 5.44874907e-01 3.29721868e-01
    7.13578045e-01 1.65896803e-01 7.82241821e-01 9.51451063e-01
    9.95041072e-01 6.43246412e-01 2.33740628e-01 9.96884406e-01
    3.50174487e-01 9.59883928e-02 9.69574273e-01 7.62140155e-02
    8.20209980e-01 5.35433114e-01 9.85651255e-01 8.19093466e-01
    5.54984629e-01 1.52254313e-01 6.03128076e-02 1.37321949e-02
    9.83744323e-01 7.83031821e-01 7.76637733e-01 6.67074144e-01
    5.38019180e-01 9.84465778e-02 1.77905142e-01 4.13452864e-01
    3.70448261e-01 8.33743215e-02 2.31446326e-02 9.34676409e-01
    8.99075150e-01 2.70344377e-01 4.08583134e-01 2.83095241e-01
    2.76233882e-01 2.01718062e-01 2.37643808e-01 9.77264702e-01
    7.11541533e-01 2.70330906e-02 4.92439926e-01 2.37151831e-01
    5.57406962e-01 6.15818202e-01 8.62717152e-01 1.86272264e-01
    4.37841058e-01 3.19428146e-02 3.34305704e-01 4.20837462e-01
    6.20894194e-01 5.92847764e-01 5.88643193e-01 3.17422181e-01
    8.40219736e-01 8.22155595e-01 8.08919787e-01 5.72434068e-02
    1.97154015e-01 7.82545090e-01 8.86677980e-01 4.31461245e-01
    7.67159045e-01 9.41731095e-01 2.28523999e-01 3.80209267e-01
    1.60235196e-01 4.22701746e-01 3.55519056e-02 8.33280206e-01
    3.16989720e-01 7.60645330e-01 9.50965881e-02 3.65575552e-02
    4.60193455e-02 2.68512487e-01 4.17117178e-01 2.26554245e-01
    7.85640597e-01 3.06717068e-01 9.88282204e-01 5.17784357e-01
    4.86262292e-01 7.33284831e-01 3.48912358e-01 4.43154961e-01
    2.47649014e-01 9.65691745e-01 6.11200452e-01 8.02692413e-01
    4.24932957e-01 8.04349363e-01 5.06944537e-01 4.64391381e-01
    8.67100477e-01 7.28281617e-01 1.21419340e-01 8.97725105e-01
    6.79466307e-01 5.19034147e-01 8.12975645e-01 8.65534067e-01
    8.86000037e-01 4.63028073e-01 9.88405943e-03 3.85314584e-01
    6.63374603e-01 6.93711042e-01 9.32374120e-01 4.84435856e-02
    7.27720678e-01 2.68631041e-01 1.10210508e-01 9.60689008e-01
    9.20527399e-01 9.43009019e-01 9.38209772e-01 3.87515128e-01
    8.00485373e-01 4.73385692e-01 3.99671793e-02 7.42264688e-02
    1.36784911e-02 5.12153685e-01 2.51474172e-01 1.74156398e-01
    8.79472494e-01 9.80006099e-01 5.46934664e-01 9.82627630e-01
    9.39193010e-01 7.96324611e-01 3.32027793e-01 4.45083290e-01
    4.44313169e-01 6.98161125e-02 9.43552375e-01 1.22039676e-01
    3.89608502e-01 4.45875823e-01 9.61279511e-01 6.93054557e-01
    7.63710499e-01 1.17859840e-01 1.55215919e-01 7.19493389e-01
    4.19058025e-01 6.00745499e-01 7.87740290e-01 1.81013644e-02
    5.50034046e-02 9.47791517e-01 5.37952900e-01 7.56720781e-01
    5.55737853e-01 5.32640994e-01 3.75059307e-01 9.82372403e-01
    4.34537709e-01 8.95428777e-01 8.77978683e-01 5.63160837e-01
    3.54681551e-01 3.29590440e-01 4.27150726e-02 7.16107905e-01
    2.14534998e-02 4.39036489e-02 1.79809809e-01 6.96383119e-01
    6.50644779e-01 6.62279129e-01 2.79898763e-01 3.85745287e-01
    6.63120449e-01 8.89175832e-02 6.91273928e-01 7.87313640e-01
    8.33190978e-02 5.06577492e-01 1.03994876e-01 6.96617603e-01
    3.27294528e-01 4.84260589e-01 1.72422767e-01 9.65003610e-01
    5.72185278e-01 4.60645944e-01 7.16854334e-01 3.56446803e-02
    6.67736650e-01 1.61979616e-01 8.08305144e-01 1.91251040e-02
    5.76398373e-02 9.49746370e-01 4.83514905e-01 6.26899838e-01
    7.70702064e-02 4.79990840e-01 3.24733526e-01 5.26468039e-01
    3.68692279e-01 7.90998340e-02 7.64758706e-01 8.42866778e-01
    8.21794569e-01 6.72526896e-01 4.35568511e-01 5.86406171e-01
    8.22402954e-01 3.96615028e-01 4.82479036e-01 9.33529139e-01
    9.58918393e-01 2.45993227e-01 6.31133020e-02 3.07824492e-01
    9.97882426e-01 4.38696027e-01 6.46306574e-01 5.86466968e-01
    9.13596392e-01 6.62278533e-01 2.06912607e-01 7.48192608e-01
    1.96054995e-01 1.08197302e-01 7.54690826e-01 3.38204026e-01
    4.41948026e-01 6.66669726e-01 3.32897127e-01 2.41438538e-01
    4.48679507e-01 3.86781991e-01 2.36934125e-01 7.14416146e-01
    5.32891750e-01 3.57110322e-01 4.65136886e-01 3.97987783e-01
    5.73925853e-01 5.65210402e-01 3.23998332e-01 4.96036828e-01
    5.53642154e-01 1.85745209e-01 6.31982446e-01 8.03258359e-01
    3.16159129e-02 7.58450150e-01 1.08176589e-01 6.80620670e-01
    2.04948664e-01 5.49076855e-01 9.72496152e-01 2.09217548e-01
    9.95626628e-01 2.75549650e-01 2.37582147e-01 7.48105526e-01
    2.91907787e-01 4.23013151e-01 1.76451504e-02 7.45557606e-01
    4.97830778e-01 9.52080131e-01 2.69823790e-01 3.16259265e-02
    9.90217805e-01 3.69039088e-01 2.50587821e-01 5.41869521e-01
    7.52054214e-01 9.51729536e-01 9.24244404e-01 1.58723086e-01
    1.26764625e-01 7.35134006e-01 1.60297751e-03 6.91503227e-01
    8.43936026e-01 2.92647481e-01 5.98403156e-01 5.58410466e-01
    1.61486775e-01 1.08081788e-01 8.92359972e-01 1.00243539e-01
    3.14699769e-01 9.50550675e-01 1.60473049e-01 4.96963203e-01
    9.75616574e-01 9.23948944e-01 8.67306352e-01 1.28262669e-01
    2.42999792e-02 2.17755288e-01 6.77719235e-01 2.14969367e-01
    5.56057036e-01 8.67316604e-01 2.64710367e-01 8.93774092e-01
    8.60980153e-01 1.42224103e-01 5.19141853e-01 1.38803422e-01
    5.34994900e-01 5.35484970e-01 2.16909945e-01 4.85708684e-01
    7.18882263e-01 8.37851882e-01 8.32300186e-01 1.32900238e-01
    8.36184144e-01 4.58139032e-01 7.72554398e-01 8.26677799e-01
    5.93987644e-01 6.22174501e-01 1.62010223e-01 5.14260888e-01
    2.44892240e-01 3.29899490e-01 3.43373120e-01 8.34574461e-01
    3.86944473e-01 7.03412056e-01 6.13922179e-01 3.25598001e-01
    2.49212235e-01 5.63483238e-02 2.49487907e-01 3.31614286e-01
    8.20907116e-01 9.83430803e-01 8.89092624e-01 5.63695252e-01
    8.43824029e-01 9.73360837e-02 7.09718227e-01 1.22204304e-01
    1.39288306e-01 9.63571191e-01 2.83211112e-01 8.83253157e-01
    8.72727633e-01 1.12281740e-01 4.21382785e-01 9.85023737e-01
    8.62847567e-01 1.81496322e-01 5.94175875e-01 2.35841930e-01
    4.43919897e-02 4.08202201e-01 5.91031611e-01 6.16810739e-01
    1.93581253e-01 3.31726730e-01 8.12896609e-01 1.14780098e-01
    5.76777697e-01 1.40898526e-02 2.07218081e-01 3.56829166e-03
    6.38484418e-01 3.40451419e-01 6.25303388e-02 2.74423748e-01
    7.14209557e-01 5.50126672e-01 8.94662142e-01 6.58385992e-01
    3.94015610e-02 3.62700045e-01 1.69242322e-02 3.28964293e-01
    8.69282246e-01 1.41784489e-01 7.11776614e-01 3.17933857e-01
    5.56742668e-01 3.77732754e-01 8.29288006e-01 1.46771640e-01
    2.47782469e-02 6.85509384e-01 3.76565695e-01 4.27630067e-01
    6.98878288e-01 6.48868322e-01 1.41142577e-01 6.44477010e-01
    7.32380629e-01 1.52634650e-01 1.38392419e-01 4.27869529e-01
    7.63955951e-01 6.50037825e-01 1.56459153e-01 2.06570148e-01
    5.84127903e-01 5.79321384e-02 6.00311518e-01 2.64401615e-01
    7.07449317e-02 2.57842332e-01 8.00134063e-01 5.34818769e-02
    2.65464187e-03 5.90819597e-01 7.98178852e-01 4.01314527e-01
    9.30439949e-01 3.73418987e-01 7.03415155e-01 8.39238763e-02
    3.24381977e-01 4.08498347e-02 3.43610644e-01 6.20790422e-01
    4.27015126e-02 9.39569235e-01 5.56764603e-01 4.04670000e-01
    2.57852167e-01 9.98975635e-02 9.62908685e-01 3.55405331e-01
    9.92664099e-01 5.53591967e-01 2.42513806e-01 3.37445736e-03
    4.00127947e-01 8.72992158e-01 3.90824258e-01 9.66926336e-01
    4.80549008e-01 7.64552474e-01 7.31623411e-01 9.07563269e-01
    6.90619946e-01 9.52331543e-01 8.57861221e-01 8.95742834e-01
    4.01806235e-02 3.39541912e-01 4.28244472e-01 2.46844202e-01
    2.09599614e-01 7.83925056e-02 5.23277044e-01 2.27207929e-01
    5.24999201e-01 6.02165282e-01 3.58246058e-01 1.88029647e-01
    6.07349873e-01 5.44433236e-01 7.51042068e-01 4.05235827e-01
    2.32067466e-01 9.12629902e-01 1.96112305e-01 4.60961133e-01
    7.17513800e-01 8.69071007e-01 5.81272781e-01 1.78893387e-01
    2.02279538e-01 7.63729095e-01 1.84988081e-02 3.34846705e-01
    2.18902916e-01 5.75524092e-01 6.41496420e-01 6.03370130e-01
    6.78464830e-01 1.55980557e-01 8.45126867e-01 8.52654219e-01
    1.18131518e-01 9.75648046e-01 4.16481793e-01 7.15213835e-01
    7.33368158e-01 7.81903267e-01 8.02702069e-01 4.34600562e-01
    5.78373849e-01 7.56585240e-01 4.80676174e-01 7.63207316e-01
    6.92021966e-01 4.57546741e-01 4.56757635e-01 8.22506785e-01
    3.84092808e-01 5.57596445e-01 6.21951699e-01 9.42083180e-01
    2.64954269e-01 8.92585158e-01 5.49174547e-01 5.54697037e-01
    4.24622297e-02 1.38553619e-01 5.11751235e-01 5.43168366e-01
    5.92070162e-01 6.22276008e-01 8.01793218e-01 6.43862247e-01
    8.19001913e-01 3.51217270e-01 5.90678930e-01 8.75307322e-01
    2.61015773e-01 8.62761497e-01 3.33522022e-01 5.03086329e-01
    2.03915864e-01 7.58937418e-01 1.43029273e-01 1.93210363e-01
    5.44067085e-01 4.29260910e-01 4.87934589e-01 3.64863545e-01
    1.49327517e-02 7.20665455e-01 1.92420304e-01 3.13699543e-01
    9.22436833e-01 3.78753841e-02 4.20383096e-01 5.98521233e-01
    3.67409170e-01 4.42056954e-01 9.48132396e-01 9.37807500e-01
    8.25381160e-01 3.21512789e-01 5.27052343e-01 8.47028434e-01
    3.42412710e-01 7.66068399e-01 9.68396664e-01 3.37104619e-01
    9.40310478e-01 2.74265945e-01 5.15784860e-01 9.39165831e-01
    6.78684771e-01 4.44756955e-01 7.19323516e-01 7.55803585e-01
    2.85572350e-01 3.41867983e-01 5.41525781e-01 8.71779680e-01
    2.92140931e-01 8.37787688e-01 1.07987612e-01 7.87243783e-01
    4.76757765e-01 7.29657829e-01 3.29899669e-01 1.25189722e-02
    3.68547916e-01 6.72178268e-01 9.36297119e-01 4.29637849e-01
    2.67850935e-01 6.23602688e-01 9.51274276e-01 2.88119733e-01
    6.13233209e-01 8.59081507e-01 7.53770649e-01 8.73324633e-01
    9.65107322e-01 3.58383775e-01 2.42635608e-02 3.07022989e-01
    5.95922410e-01 5.88773131e-01 9.78766620e-01 5.05470753e-01
    2.32002288e-01 9.80585992e-01 8.72462213e-01 2.58359253e-01
    1.12003297e-01 2.00253159e-01 3.27739656e-01 1.20153874e-01
    1.24419153e-01 2.29666889e-01 6.53800666e-01 2.12408960e-01
    1.69002622e-01 3.70020390e-01 5.66826761e-01 3.74244392e-01
    6.84410334e-04 4.64990139e-02 1.77232623e-02 8.97036314e-01
    8.35969329e-01 3.15361589e-01 8.86508584e-01 7.07067192e-01
    7.34100103e-01 8.20568800e-01 2.09534824e-01 3.95293057e-01
    4.09707457e-01 3.79703045e-02 6.90334618e-01 9.12944198e-01
    4.72132325e-01 2.72672176e-02 3.66727471e-01 2.42083639e-01
    6.14865541e-01 2.82064378e-02 9.29748774e-01 5.43495357e-01
    9.65245485e-01 1.98165923e-01 9.80015755e-01 3.93276423e-01
    2.48772502e-02 3.17529261e-01 9.65101779e-01 3.07632923e-01
    8.55544031e-01 3.20672929e-01 1.65054262e-01 6.82728052e-01
    7.05757916e-01 1.61279231e-01 7.56696343e-01 4.35515106e-01
    6.32280350e-01 9.35139775e-01 7.67119169e-01 7.78427541e-01
    4.60354298e-01 2.23580897e-02 8.76159728e-01 8.61276031e-01
    5.38305938e-02 6.74131691e-01 5.71698785e-01 4.12552387e-01
    3.92733335e-01 6.94494247e-01 5.29623449e-01 8.96535397e-01
    7.90671527e-01 8.71213794e-01 1.67205065e-01 8.27150106e-01
    3.59829128e-01 6.10402346e-01 4.51569319e-01 4.05762017e-01
    4.96144772e-01 8.04596901e-01 7.56957531e-01 6.07399821e-01
    1.34852171e-01 3.38275909e-01 7.27017641e-01 7.75229752e-01
    6.26344264e-01 6.86644912e-02 9.01589632e-01 1.01166666e-02
    6.06963933e-02 4.90408272e-01 4.99103099e-01 6.85253143e-01
    2.65652925e-01 9.45143521e-01 4.32684809e-01 8.10013473e-01
    9.49469090e-01 5.64778030e-01 7.73724079e-01 1.41923040e-01
    2.38089412e-01 1.93700761e-01 5.34230292e-01 1.64139122e-01
    6.52367294e-01 8.66438270e-01 7.10552692e-01 7.27211535e-01
    1.40278101e-01 1.55858427e-01 7.38399863e-01 4.06109810e-01
    2.14152664e-01 3.08601916e-01 1.66437626e-02 8.98123145e-01
    5.41408718e-01 4.48814869e-01 8.36464643e-01 2.90942967e-01
    4.12488282e-02 9.32245195e-01 5.40030897e-01 5.48139811e-02
    4.98577654e-02 2.47331291e-01 5.74618578e-01 5.98840415e-01
    3.85676950e-01 3.36907983e-01 5.56736648e-01 7.84378290e-01
    5.46767116e-01 1.09810561e-01 3.16554725e-01 8.55676770e-01
    9.27948833e-01 8.65640104e-01 3.02358210e-01 5.93552351e-01
    5.41093946e-03 9.91190076e-01 9.27936435e-02 1.21748298e-01
    6.01977944e-01 9.87060428e-01 5.51592827e-01 2.30732679e-01
    6.14237249e-01 6.79472327e-01 4.02531624e-02 1.91851556e-01
    6.72190666e-01 9.33673859e-01 5.70005238e-01 5.84794581e-01
    5.71751297e-01 7.68723726e-01 9.87358034e-01 1.25348449e-01
    2.07091987e-01 2.74872452e-01 9.77328420e-01 7.07893252e-01
    4.72247601e-01 9.40028369e-01 6.98984146e-01 6.17621064e-01
    6.39861465e-01 2.30307579e-01 8.27065110e-02 2.35346526e-01
    3.98706138e-01 5.76326966e-01 6.59069180e-01 2.02787727e-01
    7.64882863e-01 7.25957036e-01 6.41931951e-01 7.82081008e-01
    7.98163116e-01 6.12749219e-01 1.61408484e-01 9.60599065e-01
    7.27289438e-01 9.74831700e-01 9.54979658e-01 4.23407137e-01
    9.67405856e-01 9.49007690e-01 4.09829915e-02 3.11462730e-01
    4.47107017e-01 3.22165072e-01 3.71606529e-01 3.39335203e-02
    1.76416695e-01 9.77771580e-02 6.71046555e-01 4.90417540e-01
    6.84390783e-01 8.76293659e-01 9.61132169e-01 5.17489910e-01
    4.71094906e-01 4.13130879e-01 2.13195533e-01 3.65712076e-01
    5.31012893e-01 6.48489892e-01 3.84665370e-01 9.54694152e-02
    9.86116946e-01 5.69999397e-01 1.25429213e-01 4.58515257e-01
    1.79184705e-01 8.24573636e-03 1.65418208e-01 8.62009108e-01
    8.41123581e-01 7.91031122e-01 5.59010923e-01 5.96240282e-01
    8.53501439e-01 9.75052238e-01 6.73993289e-01 1.01487339e-02
    1.40976876e-01 4.69978482e-01 1.31119192e-01 4.06496465e-01
    6.86595798e-01 4.53441173e-01 1.46877855e-01 2.87374735e-01
    3.80781978e-01 8.73588026e-02 2.65725553e-01 7.37559974e-01
    1.44338995e-01 2.82262117e-01 9.08929825e-01 4.30375695e-01
    1.30541176e-01 7.06129551e-01 9.91875410e-01 9.48844314e-01
    2.30756611e-01 7.15012968e-01 2.46330291e-01 3.65120560e-01
    9.98349309e-01 3.16399843e-01 2.86856353e-01 1.24111801e-01
    6.45928085e-01 8.09512973e-01 1.10205710e-01 1.59315467e-01
    8.55169952e-01 8.44685793e-01 9.22813356e-01 5.83172560e-01
    5.39142191e-02 9.77249980e-01 6.48162127e-01 7.82770514e-01
    1.60354435e-01 8.75597596e-01 6.22013688e-01 7.28668571e-01
    4.27378744e-01 7.71048546e-01 9.73876715e-01 4.45350945e-01
    2.76739895e-02 3.94061655e-01 8.06936979e-01 6.01993680e-01
    5.95919490e-01 9.52144027e-01 9.50883269e-01 8.04662108e-01
    6.53799176e-01 3.27737629e-02 8.89081955e-01 8.97246540e-01
    6.17591739e-01 8.57059121e-01 9.68682766e-02 9.70348716e-01
    3.88753742e-01 6.48514926e-02 5.24908543e-01 3.24100077e-01
    4.52411205e-01 5.46941161e-01 9.18200016e-01 7.08360195e-01
    6.65018797e-01 7.62667298e-01 8.74620080e-01 3.34563375e-01
    3.03157628e-01 7.16773272e-01 7.74106741e-01 2.81934381e-01
    2.75031775e-01 2.00138986e-01 4.71731484e-01 1.31416887e-01
    7.08474159e-01 7.50723004e-01 7.98475385e-01 2.39000410e-01
    5.29505134e-01 4.13219273e-01 8.00444663e-01 2.88596332e-01
    2.85997808e-01 4.45139349e-01 3.92611086e-01 3.45221996e-01
    8.05402994e-01 3.17026317e-01 7.05167353e-01 3.56286108e-01
    4.80181724e-01 2.77185202e-01 4.83006537e-02 6.11152053e-02
    5.05427420e-01 8.15182924e-01 2.46955633e-01 2.40710199e-01
    2.41649061e-01 4.76065636e-01 9.20869768e-01 9.59585071e-01
    4.54337090e-01 4.96960849e-01 5.72369516e-01 3.23444486e-01
    1.80924803e-01 8.81942213e-01 2.23793864e-01 1.87482744e-01
    7.58631170e-01 9.01827037e-01 8.92440796e-01 5.29434204e-01
    3.37731957e-01 3.13311994e-01 9.52157795e-01 9.03863907e-01
    4.52997148e-01 6.13059282e-01 2.04786956e-02 9.72413361e-01
    4.07931805e-01 5.93078792e-01 8.25097919e-01 1.86727434e-01
    9.34525013e-01 3.53737563e-01 8.22765768e-01 5.51061690e-01
    1.83042109e-01 9.53572869e-01 9.55061078e-01 1.77601814e-01
    7.58494794e-01 7.65759110e-01 9.68993485e-01 6.98182702e-01
    6.54165387e-01 9.44557190e-01 5.11052728e-01 6.13218248e-01
    3.49708200e-01 2.27101386e-01 6.36339188e-02 3.28860253e-01
    1.43400311e-01 9.36042547e-01 7.60123610e-01 6.52731955e-01
    5.94385564e-01 8.59930098e-01 5.83901286e-01 2.68834829e-02
    9.21794772e-02 7.13658333e-01 9.15682673e-01 8.49655807e-01
    6.61657989e-01 6.97673917e-01 6.79014564e-01 8.77748728e-01
    5.76529860e-01 3.02017033e-01 3.87767822e-01 5.55585921e-02
    5.00253916e-01 9.28742409e-01 9.27530885e-01 3.98027509e-01
    3.84137928e-01 8.27196777e-01 3.84315610e-01 5.94700456e-01
    6.03158653e-01 3.43313396e-01 6.93215430e-01 4.53600883e-01
    3.39594364e-01 4.50305939e-01 4.25103009e-01 2.73946762e-01
    3.95749092e-01 2.59154975e-01 2.70212173e-01 5.44684827e-02
    8.17233026e-01 8.51356983e-01 8.51201832e-01 9.45942044e-01
    7.96832860e-01 9.05042171e-01 1.38375938e-01 7.23666012e-01
    8.39641690e-01 1.24832153e-01 3.64190042e-02 8.81171942e-01
    4.10883725e-02 3.14757168e-01 3.46092582e-02 4.61052597e-01
    8.44500661e-01 6.60634995e-01 4.72599745e-01 9.24702406e-01
    4.76366401e-01 7.53631830e-01 2.22573638e-01 8.53263974e-01
    6.62645340e-01 6.97389424e-01 4.07226562e-01 2.12185293e-01
    9.57557261e-02 6.13274097e-01 7.11246371e-01 5.02654254e-01
    3.78973991e-01 6.95348263e-01 3.53653431e-01 8.23209286e-01
    6.44419134e-01 6.05308950e-01 4.55122292e-02 5.89996815e-01
    8.07933807e-01 5.85367739e-01 5.29567003e-01 3.41096878e-01
    8.76077890e-01 6.91932976e-01 4.48665917e-02 1.04200155e-01
    2.43990093e-01 7.00967491e-01 8.78114343e-01 9.87396121e-01
    5.66556454e-02 8.91071677e-01 2.84349799e-01 5.13800204e-01
    9.62529063e-01 4.59919930e-01 3.24116051e-01 6.56673193e-01
    6.82310164e-02 2.23883659e-01 8.10306489e-01 9.42721844e-01
    1.71424091e-01 6.37627125e-01 6.86856091e-01 2.98231393e-01
    5.75855851e-01 3.98464829e-01 9.03781772e-01 6.86145425e-01
    1.77946448e-01 8.15858364e-01 2.18837827e-01 9.31227207e-01
    4.41062272e-01 4.35589641e-01 7.53424168e-02 8.75800133e-01
    8.40685487e-01 7.55153656e-01 6.31304979e-02 8.35170448e-02
    1.31367922e-01 2.57647008e-01 5.78578293e-01 7.79175878e-01
    6.85328066e-01 4.65606153e-02 5.80030859e-01 9.82055783e-01
    5.37418664e-01 8.11467111e-01 5.67525625e-03 2.35007495e-01
    9.45624352e-01 4.72175062e-01 4.11357403e-01 5.83071291e-01
    6.92741036e-01 1.15964592e-01 4.44860578e-01 3.90611947e-01
    4.90686268e-01 4.37946171e-01 3.43225330e-01 5.16307414e-01
    3.05201203e-01 7.58069038e-01 4.95871902e-03 1.77502275e-01
    7.90444732e-01 7.34898627e-01 6.08907819e-01 9.71343637e-01
    7.87586927e-01 8.69946718e-01 6.98306561e-01 1.69414788e-01
    9.07745719e-01 7.29123831e-01 3.61424506e-01 6.67606592e-01
    9.58924055e-01 5.76891005e-02 3.24893355e-01 9.50543880e-01
    7.27405310e-01 3.67029488e-01 5.68337262e-01 1.17834449e-01
    8.79052043e-01 1.96823716e-01 2.93514639e-01 3.84222269e-02
    1.90391213e-01 1.65043920e-01 2.28925645e-02 5.60028017e-01
    8.31759572e-01 8.17717016e-02 1.74322993e-01 3.75109762e-01
    2.62124121e-01 7.43471146e-01 3.22397828e-01 7.38753378e-01
    9.89525616e-01 1.05476707e-01 7.50873327e-01 5.26723862e-01
    8.63832176e-01 4.46422994e-02 6.53201640e-01 4.80610639e-01
    9.07154500e-01 5.85665822e-01 6.25005841e-01 9.17329371e-01
    6.81870222e-01 8.11727166e-01 3.53367895e-01 2.09768206e-01
    5.91567099e-01 8.90986323e-02 8.13488364e-01 7.67157137e-01
    9.94486332e-01 3.77762318e-03 5.96876860e-01 2.81211138e-01
    3.91296476e-01 7.30254948e-02 6.94348216e-01 3.78121912e-01
    4.56422955e-01 9.28794622e-01 9.04733241e-02 5.05095661e-01
    8.58778358e-01 3.91951144e-01 5.65641761e-01 7.63182163e-01
    6.81466460e-01 9.93866503e-01 7.15248704e-01 5.39856553e-01
    8.72407913e-01 1.10102475e-01 5.50201118e-01 9.92746592e-01
    3.69867682e-01 6.65252268e-01 9.37695205e-02 8.99686098e-01
    9.20613170e-01 6.56008124e-02 8.03746879e-02 8.52853537e-01
    1.85180455e-01 9.85541821e-01 7.57601857e-01 3.34655195e-01
    1.99170858e-01 7.70958960e-02 4.81462806e-01 6.59524024e-01
    2.23570913e-01 1.80714428e-02 4.53155816e-01 6.98149920e-01
    6.07156038e-01 3.41895342e-01 8.39832544e-01 7.69424498e-01
    4.27085221e-01 7.83410072e-01 9.02680278e-01 8.97035241e-01
    3.60372663e-01 6.77370369e-01 4.89469200e-01 7.18802691e-01
    7.73393393e-01 7.95585513e-01 4.11419809e-01 3.21452111e-01
    7.91226208e-01 8.59807134e-01 6.93190694e-01 4.39319491e-01
    5.78611493e-02 6.83504820e-01 9.36155915e-01 5.27338862e-01
    7.42031991e-01 4.01938975e-01 9.69986916e-01 8.77862334e-01
    9.51848507e-01 4.46784109e-01 9.97495890e-01 2.19303310e-01
    5.65032244e-01 9.95147824e-02 9.27042902e-01 8.77347946e-01
    8.63360405e-01 3.48411143e-01 1.85250223e-01 6.20148361e-01
    7.78621733e-01 7.71883786e-01 7.32332230e-01 2.49897808e-01
    4.32701290e-01 4.75460202e-01 9.96791363e-01 5.86025894e-01
    8.29310894e-01 5.44184864e-01 4.04360026e-01 3.02813858e-01
    6.61580503e-01 1.59136891e-01 4.44237769e-01 6.03865206e-01
    9.71561849e-01 7.78617859e-01 9.57767129e-01 9.67241704e-01
    7.13855088e-01 4.41349566e-01 2.85725117e-01 4.06202435e-01
    1.30012304e-01 1.67680442e-01 3.38715136e-01 8.13421488e-01
    9.59522843e-01 6.93801403e-01 6.18965626e-01 7.77222991e-01
    6.50290728e-01 4.82647270e-01 1.67674452e-01 5.21823645e-01
    4.70693231e-01 2.93326735e-01 8.48470092e-01 2.39909470e-01
    6.82864904e-01 4.93999481e-01 6.69042468e-01 5.90962589e-01
    4.75644112e-01 8.61502349e-01 4.00880247e-01 7.30082810e-01
    3.74229431e-01 5.26961088e-01 5.10114074e-01 6.20429575e-01
    5.16158044e-02 8.12779248e-01 1.58227175e-01 3.09417814e-01
    8.81035566e-01 9.97636974e-01 2.55228877e-02 4.45774108e-01
    8.44344497e-03 6.20501935e-02 1.88300371e-01 6.37716413e-01
    1.26261115e-01 8.31886888e-01 1.20721310e-01 2.35868514e-01
    3.50868404e-01 6.52148128e-02 2.79717028e-01 4.04978007e-01
    7.89349318e-01 5.89209676e-01 6.54723108e-01 1.32794410e-01
    5.25891840e-01 6.15640461e-01 5.65663576e-01 7.83208489e-01
    2.07096934e-01 6.96786642e-02 7.66750515e-01 4.14282203e-01
    5.71202815e-01 2.13451385e-02 4.25115347e-01 3.83413553e-01
    6.81363404e-01 6.68025851e-01 8.01375151e-01 1.70694232e-01
    1.53791040e-01 7.42393196e-01 5.54077506e-01 5.93528569e-01
    3.33994806e-01 6.09995127e-01 3.32475305e-01 7.34052896e-01
    4.41696674e-01 1.11032724e-01 1.99744165e-01 6.01361990e-01
    3.74207437e-01 6.72512293e-01 2.44799197e-01 1.82650298e-01
    1.76753700e-01 7.47562826e-01 3.36798251e-01 5.68747520e-03
    1.95913613e-02 7.72827864e-01 4.79571402e-01 6.94791079e-01
    1.09854579e-01 5.28343141e-01 2.58783937e-01 2.37569809e-01
    6.89599037e-01 8.40242267e-01 9.90386546e-01 3.69977951e-03
    7.64570057e-01 9.49953794e-01 1.86876059e-02 7.72543907e-01
    4.00772393e-01 6.01964116e-01 3.59708667e-01 1.26818419e-02
    8.87175918e-01 7.79783487e-01 4.04719740e-01 6.44216299e-01
    8.56529176e-02 6.13476694e-01 5.20705581e-01 5.51592410e-02
    4.34298128e-01 5.36821008e-01 8.78412068e-01 4.02379036e-01
    8.35255861e-01 3.66296768e-01 6.21474743e-01 2.72894740e-01
    4.47366238e-01 5.42721987e-01 3.67457300e-01 9.36617017e-01
    4.80233014e-01 5.70904672e-01 8.95697474e-01 5.74125707e-01
    7.21541464e-01 3.56900990e-01 1.80563718e-01 6.81906044e-01
    6.65595174e-01 4.40430582e-01 9.07152832e-01 7.64509618e-01
    9.06026065e-01 5.07243872e-01 7.90863276e-01 4.04952079e-01
    2.13462830e-01 5.59887111e-01 6.19856715e-01 3.69219631e-01
    5.22823513e-01 8.15483332e-01 6.52438879e-01 7.81441808e-01
    9.46268857e-01 9.55541968e-01 5.86977303e-02 1.70384288e-01
    5.84284127e-01 8.78334165e-01 2.53341019e-01 7.30771184e-01
    6.78494573e-02 5.85657597e-01 7.96385050e-01 3.92409265e-01
    2.32846498e-01 7.03423202e-01 6.46823883e-01 1.11510217e-01
    2.19412446e-02 1.55478925e-01 5.78404605e-01 2.19795913e-01
    5.81391275e-01 4.52170849e-01 2.97128558e-01 4.89629477e-01
    1.28211200e-01 5.79294562e-01 8.21045876e-01 5.22833705e-01
    5.66464782e-01 3.94179285e-01 4.02439356e-01 8.50396514e-01
    8.20432246e-01 8.69434476e-02 5.89298129e-01 2.72618711e-01
    2.43426085e-01 2.27568746e-02 1.45027816e-01 4.61191505e-01
    2.38962173e-02 6.58905447e-01 8.93259525e-01 3.36263478e-02
    4.38099891e-01 5.03497005e-01 5.72749734e-01 9.82890725e-01
    8.00362885e-01 9.15691257e-01 5.64577460e-01 8.26142311e-01
    8.74335289e-01 2.15117544e-01 5.67213535e-01 8.54074657e-02
    8.19161832e-02 1.90768600e-01 5.24387717e-01 6.33083045e-01
    6.44941628e-02 8.86877656e-01 8.50401521e-01 7.86857486e-01
    1.06177956e-01 5.13964295e-02 6.59238696e-02 1.96499109e-01
    4.13093716e-01 4.75038320e-01 6.42474413e-01 3.58958304e-01
    7.09448338e-01 8.54552269e-01 1.72678322e-01 2.33202130e-01
    9.15557504e-01 9.60413933e-01 5.52996755e-01 3.27223778e-01
    5.59693158e-01 6.27932966e-01 9.16767240e-01 7.32248843e-01
    6.28320396e-01 6.07225895e-01 7.08795309e-01 6.70406520e-01
    5.71347356e-01 1.63994670e-01 7.12989271e-02 4.32649970e-01
    6.29869223e-01 1.21769369e-01 2.27853686e-01 5.34436285e-01
    6.80956841e-02 4.33748066e-01 7.98144937e-01 2.07688481e-01
    3.79751742e-01 5.55261016e-01 5.35330951e-01 4.82556254e-01
    9.92359757e-01 5.00122666e-01 9.73097086e-01 8.50451291e-02
    3.15869749e-01 3.56057972e-01 5.75694084e-01 3.00351679e-02
    1.73869997e-01 5.27864933e-01 1.81229204e-01 5.68451643e-01
    1.52156353e-01 1.96511358e-01 9.23290014e-01 4.44549561e-01
    8.37665081e-01 9.37040269e-01 3.95720690e-01 4.65495557e-01
    5.20111799e-01 4.57358062e-01 8.57923031e-01 4.41861153e-03
    5.41365981e-01 8.35430384e-01 5.52988291e-01 5.57588220e-01
    7.09099054e-01 9.93220508e-01 1.68470651e-01 3.95485759e-02
    1.82646304e-01 9.94509637e-01 5.56008458e-01 6.12555385e-01
    3.26235414e-01 1.36730671e-01 9.77415919e-01 2.70004690e-01
    1.70534104e-01 7.80881047e-01 3.49889159e-01 6.31168127e-01
    3.19698453e-02 7.80347705e-01 3.72887850e-02 5.99453509e-01
    4.23133880e-01 5.30517101e-02 4.58047211e-01 4.57223594e-01
    1.12757206e-01 4.66772228e-01 9.07799244e-01 5.20821333e-01
    8.88588786e-01 3.78186226e-01 4.47146297e-01 7.40237474e-01
    3.77294987e-01 8.67564082e-01 4.84966785e-01 8.03159595e-01
    1.57388389e-01 4.24293458e-01 7.46036172e-01 8.51872385e-01
    9.46773767e-01 3.01140070e-01 9.77862716e-01 8.10708046e-01
    3.94849032e-01 9.44004774e-01 1.82881981e-01 6.58682346e-01
    3.83841395e-01 8.82525921e-01 4.89880025e-01 1.09012276e-01
    4.80419129e-01 2.78930336e-01 5.44241071e-03 8.77392292e-02
    8.77055347e-01 8.29239488e-01 4.29019928e-02 2.22429335e-02
    8.55624199e-01 7.42833257e-01 3.66694957e-01 2.62483299e-01
    4.77708876e-02 6.38750672e-01 8.59326243e-01 2.62141854e-01
    3.31746995e-01 8.82037044e-01 2.20705003e-01 1.23264194e-02
    8.62012744e-01 4.28400934e-02 5.52205086e-01 1.09666049e-01
    6.21496439e-02 5.12823761e-02 5.93851805e-01 3.65894914e-01
    3.36191475e-01 9.56456423e-01 5.50922036e-01 8.67413640e-01
    8.53993297e-02 9.39676642e-01 3.61030638e-01 6.69219732e-01
    3.84280086e-01 5.06443083e-02 8.37527215e-02 5.41636705e-01
    1.10827118e-01 3.05773318e-02 6.04742050e-01 9.03385162e-01
    9.01443243e-01 2.83814132e-01 9.35968995e-01 6.22966588e-01
    4.30170417e-01 5.86258888e-01 1.05092466e-01 7.49777377e-01
    4.47105736e-01 1.51154399e-01 2.32367396e-01 9.17928278e-01
    7.49961615e-01 7.65309453e-01 7.58312345e-01 8.07872832e-01
    3.86804521e-01 1.82598591e-01 4.25634384e-01 1.40074551e-01
    7.46696353e-01 3.49690080e-01 9.62828636e-01 9.51144993e-02
    6.07627749e-01 2.70537496e-01 2.74535716e-01 7.67965794e-01
    5.17786682e-01 3.52502674e-01 6.29806876e-01 1.36763811e-01
    9.40155506e-01 9.71297920e-01 4.57162261e-02 4.94030535e-01
    9.01293993e-01 6.10425770e-02 5.66040695e-01 1.46857679e-01
    2.47837007e-01 8.96975577e-01 2.64461577e-01 3.87119889e-01
    9.75113869e-01 3.92009228e-01 6.66665852e-01 5.27265489e-01
    3.14260364e-01 5.98875046e-01 7.19143331e-01 2.12409437e-01
    5.47652602e-01 1.58907920e-01 1.59950256e-01 2.00118363e-01
    6.88816667e-01 8.58931065e-01 6.94440842e-01 9.74904180e-01
    7.37551630e-01 8.67189765e-01 2.58724988e-02 4.32891041e-01
    3.59218299e-01 7.43442178e-01 4.15652424e-01 1.30840302e-01
    3.27657670e-01 6.82188153e-01 6.94260240e-01 9.23859477e-01
    4.27279890e-01 7.90681124e-01 7.19277859e-02 8.81746650e-01
    3.63477886e-01 4.89542484e-02 8.64042699e-01 7.28405058e-01
    5.13994932e-01 4.96251374e-01 1.74993247e-01 1.86398536e-01
    1.71317995e-01 6.82842970e-01 7.89375305e-01 6.05784893e-01
    4.05253232e-01 3.90523553e-01 2.54781365e-01 9.95133758e-01
    6.89232588e-01 7.18149543e-01 1.33175939e-01 9.61695671e-01
    8.94484878e-01 6.78318679e-01 7.34193742e-01 4.73257869e-01
    6.84005141e-01 8.54186893e-01 4.52697664e-01 6.26483798e-01
    9.73162770e-01 6.20020926e-01 7.70247936e-01 5.47433913e-01
    6.91474557e-01 3.99719298e-01 2.63434589e-01 3.99477601e-01
    5.24813831e-02 7.73414493e-01 4.07256126e-01 4.31082040e-01
    4.93034780e-01 9.07556295e-01 2.77495861e-01 8.90304089e-01
    7.78511167e-01 9.33788419e-02 2.65796930e-01 7.66487837e-01
    6.81252897e-01 6.76396489e-01 3.02885652e-01 4.50973511e-02
    3.57840121e-01 9.70147848e-01 2.76991367e-01 3.73980522e-01
    2.72284210e-01 8.38859379e-02 4.87442672e-01 9.19198692e-02
    6.55606985e-01 7.14378774e-01 4.43635106e-01 7.58558273e-01
    1.74595654e-01 5.19957900e-01 7.36777961e-01 8.13048601e-01
    8.39663386e-01 6.12928629e-01 4.64320779e-01 5.91612101e-01
    1.87511563e-01 9.83725965e-01 9.91379201e-01 4.53116953e-01
    9.61282909e-01 1.17055237e-01 5.00736654e-01 8.84084582e-01
    3.16343933e-01 7.10614026e-01 1.35755539e-02 7.57087588e-01
    9.92570043e-01 5.85867047e-01 1.08728677e-01 2.28143722e-01
    5.20305455e-01 8.45139444e-01 6.93524361e-01 3.55690718e-03
    4.83736932e-01 6.75804734e-01 1.10459626e-02 2.81059206e-01
    3.74651700e-01 6.72877014e-01 9.49680805e-01 1.66228801e-01
    6.84995890e-01 9.13092375e-01 6.79790378e-01 3.60178947e-02
    5.84995985e-01 2.85820484e-01 3.50719005e-01 1.29080713e-01
    1.11492962e-01 2.63533831e-01 8.99059176e-01 8.67718637e-01
    3.01149428e-01 3.81505013e-01 1.57283098e-01 9.55681324e-01
    6.50928795e-01 2.66196370e-01 5.42321622e-01 5.14408588e-01
    8.16735029e-01 7.33518004e-02 8.31602335e-01 9.11121726e-01
    9.60139990e-01 3.37612987e-01 7.86010861e-01 7.81396151e-01
    7.46173859e-01 1.48867071e-02 1.17084563e-01 4.06646788e-01
    4.67157274e-01 1.75780177e-01 1.01517856e-01 7.82145262e-02
    3.90886962e-02 6.98339105e-01 1.05126262e-01 4.03896749e-01
    3.39037180e-03 3.02420557e-01 2.99302280e-01 7.68071651e-01
    1.68427676e-01 5.41635334e-01 1.08276606e-02 8.72469425e-01
    4.91483986e-01 6.96661353e-01 6.86021209e-01 5.19449472e-01
    9.21428084e-01 5.87247014e-01 6.82101727e-01 2.24286795e-01
    2.12105513e-02 8.14994574e-01 5.56353033e-01 9.06022787e-01
    9.61666346e-01 1.57398641e-01 6.49911165e-01 6.22367859e-01
    6.01503611e-01 6.04233027e-01 1.87831074e-01 4.04184818e-01
    9.40756679e-01 8.46854568e-01 2.37640291e-01 6.59057438e-01
    4.62911755e-01 3.46460104e-01 4.30099010e-01 5.66245198e-01
    4.92286652e-01 1.95278555e-01 8.29628944e-01 6.02024198e-01
    5.72205782e-02 4.07419741e-01 1.09380662e-01 6.01818204e-01
    6.95250273e-01 5.67082644e-01 7.82883286e-01 9.11716342e-01
    3.24870110e-01 4.82645810e-01 1.79463118e-01 8.67655456e-01
    4.14625734e-01 8.61405730e-01 6.34580851e-03 9.92720664e-01
    4.05531049e-01 4.27862167e-01 4.45795000e-01 7.29229689e-01
    8.41579676e-01 8.79228354e-01 1.01494402e-01 2.67240554e-01
    1.60314411e-01 8.94961536e-01 2.13438570e-01 8.35877419e-01
    5.09825230e-01 3.00205827e-01 4.11541969e-01 4.89148825e-01
    5.22429943e-01 8.16495895e-01 5.08977056e-01 2.90040970e-01
    1.74638808e-01 3.30956340e-01 6.51754081e-01 2.43017107e-01
    3.59422922e-01 1.30921632e-01 1.28103793e-01 7.69153535e-02
    2.95306355e-01 3.50719184e-01 1.83922142e-01 4.61586773e-01
    4.79240596e-01 8.81917238e-01 9.46288228e-01 4.37747359e-01
    2.91674256e-01 4.00140196e-01 8.23402405e-01 6.90665364e-01
    4.49512541e-01 9.56403553e-01 7.66000390e-01 6.54187083e-01
    5.59816658e-01 2.84644902e-01 5.08723140e-01 6.09071732e-01
    3.33899200e-01 4.37754750e-01 6.73390985e-01 5.02840221e-01
    5.97214341e-01 1.28438234e-01 7.81322598e-01 8.09587598e-01
    1.19783103e-01 4.86782342e-01 3.68890882e-01 4.65422869e-04
    2.82099843e-01 9.68388557e-01 4.10170943e-01 8.17178130e-01
    9.35518146e-02 4.27609980e-01 8.30147266e-01 9.02863145e-02
    1.54510140e-01 2.28313059e-01 4.34368491e-01 5.17869115e-01
    1.90123707e-01 5.01350462e-01 9.63810980e-02 3.88683677e-02
    4.43530321e-01 8.45592141e-01 6.92931890e-01 2.33255655e-01
    6.49520457e-01 1.25224441e-01 1.91594869e-01 3.84572089e-01
    6.04212523e-01 6.75554514e-01 1.66716278e-02 5.84658206e-01
    8.46786618e-01 1.42146289e-01 1.37299359e-01 4.69760954e-01
    4.04384106e-01 8.98988724e-01 7.87198544e-04 6.55921102e-02
    1.29594773e-01 6.66756868e-01 8.52109194e-01 9.04582441e-01
    3.87262821e-01 2.61042714e-01 4.90641326e-01 7.99852967e-01
    9.62544322e-01 9.42484736e-01 1.93078905e-01 5.01108527e-01
    4.32079196e-01 2.25105017e-01 3.82923901e-01 5.02793491e-01
    6.94474280e-02 7.56821632e-02 2.94347644e-01 7.78395653e-01
    2.04138994e-01 5.12477040e-01 4.50178266e-01 5.24405062e-01
    8.44830394e-01 7.72898436e-01 7.42252946e-01 9.35630918e-01
    4.74464685e-01 4.69116271e-02 7.64796734e-01 3.65673095e-01
    8.29434276e-01 4.21882123e-01 1.11526251e-01 5.00395656e-01
    2.98425317e-01 1.27209812e-01 3.84179741e-01 6.23525321e-01
    8.54530990e-01 2.88307369e-02 3.33641887e-01 9.30824161e-01
    7.99377084e-01 7.26666093e-01 9.68740344e-01 6.91645145e-01
    5.39937913e-02 6.34399652e-01 9.84725475e-01 1.77965492e-01
    9.11687553e-01 6.91498220e-01 4.13503915e-01 8.80908370e-01
    1.07924372e-01 9.37157154e-01 5.77199221e-01 9.03498769e-01
    3.81833971e-01 2.13302106e-01 8.39059353e-01 6.57881379e-01
    6.33313656e-02 6.58853114e-01 2.89406508e-01 7.17860937e-01
    1.19431496e-01 1.84004307e-02 5.21252632e-01 4.22445595e-01
    3.64528060e-01 9.72428560e-01 8.94691646e-02 2.98625022e-01
    7.85411835e-01 9.51528549e-03 5.54698348e-01 7.84757853e-01
    9.58768666e-01 5.68187535e-02 8.58260155e-01 7.64198184e-01
    2.12846369e-01 5.07465780e-01 9.85831022e-03 9.48921561e-01
    6.24081016e-01 7.01471329e-01 6.47821665e-01 7.72485256e-01
    8.50089014e-01 8.43145967e-01 3.79367471e-01 7.42377043e-02
    4.70578820e-01 5.80894589e-01 9.79217172e-01 5.39449871e-01
    9.02730942e-01 7.31007755e-01 4.09398466e-01 2.33615935e-01
    9.31275010e-01 6.70514405e-01 7.99328804e-01 7.04908371e-01
    3.11512411e-01 7.12596357e-01 1.85294449e-01 9.08837259e-01
    7.13647962e-01 5.34832954e-01 3.80511403e-01 8.09813738e-02
    4.66609240e-01 1.94214195e-01 7.75086761e-01 2.88394153e-01
    7.17137694e-01 2.20205843e-01 4.07766163e-01 7.39834309e-01
    3.55416000e-01 6.78557158e-03 7.84400284e-01 1.96670175e-01
    9.78995681e-01 4.92101341e-01 5.50095499e-01 5.49283147e-01
    9.36203837e-01 5.66429973e-01 2.83243895e-01 9.24467802e-01
    2.04790473e-01 7.93373466e-01 7.49709308e-02 3.58576179e-01
    6.91915751e-02 5.15474021e-01 8.43128800e-01 6.26195431e-01
    7.76729822e-01 5.47848940e-01 2.54328549e-01 9.47704017e-02
    5.27396142e-01 5.09769320e-01 2.95369565e-01 9.61187601e-01
    8.32432210e-01 3.92001808e-01 7.90999472e-01 7.36101151e-01
    7.65757322e-01 8.24628234e-01 3.79125208e-01 7.25793540e-01
    7.83270359e-01 7.10111201e-01 8.50560844e-01 6.58352673e-02
    2.08172679e-01 3.59102756e-01 5.41966319e-01 2.40961015e-01
    4.79706407e-01 4.90139276e-01 1.02822006e-01 3.96113992e-02
    4.86292839e-01 6.23382807e-01 1.72340065e-01 4.57173854e-01
    6.31313443e-01 1.56299710e-01 8.73906314e-02 4.50789928e-01
    6.10395133e-01 1.23329282e-01 3.49407792e-02 4.54243481e-01
    9.19082582e-01 8.70913863e-01 3.44205558e-01 5.58905542e-01
    6.08677328e-01 3.76180649e-01 6.41343117e-01 9.59759712e-01
    2.72161663e-02 8.86479020e-03 3.70017290e-01 1.42403752e-01
    5.08114994e-01 2.52523661e-01 9.94477272e-01 6.60801232e-01
    8.53838921e-01 3.05412471e-01 6.61283910e-01 1.70193553e-01
    7.72165060e-01 6.78341329e-01 7.68034339e-01 9.24281120e-01
    6.25713170e-01 9.36549544e-01 3.87291312e-01 1.03460997e-01
    4.19868320e-01 4.63424951e-01 6.91112876e-01 2.73275286e-01
    1.38158113e-01 3.59145314e-01 5.20383120e-02 7.07210064e-01
    3.14208329e-01 3.11407030e-01 6.88610971e-01 8.77791166e-01
    5.23856282e-01 3.81545067e-01 6.72788024e-02 7.69912839e-01
    7.60324121e-01 4.02453005e-01 9.08994198e-01 4.44815010e-01
    9.87428784e-01 2.25070119e-02 7.54400134e-01 6.51398897e-01
    8.14254403e-01 1.09498918e-01 6.69880390e-01 1.07950032e-01
    9.94014740e-01 5.87253809e-01 1.61153197e-01 3.53625119e-01
    8.46249580e-01 7.54434228e-01 2.08046407e-01 5.06678879e-01
    5.79350114e-01 1.07962728e-01 9.78526711e-01 3.35044354e-01
    7.83299327e-01 2.44585067e-01 4.67081368e-01 7.52931654e-01
    6.29650712e-01 2.56300688e-01 4.07733142e-01 5.09500802e-01
    3.83175671e-01 8.42982948e-01 2.14207113e-01 2.82775402e-01
    9.24020410e-01 4.95088607e-01 2.94254243e-01 3.39533329e-01
    8.68762732e-01 7.53267586e-01 2.48212248e-01 9.77922618e-01
    1.18517131e-01 9.77451622e-01 7.21134901e-01 5.90273023e-01
    4.38547343e-01 3.28575313e-01 4.37075436e-01 8.96125674e-01
    8.81043077e-01 6.69635534e-02 9.49098468e-02 2.24514931e-01
    6.44333124e-01 1.57408983e-01 9.69206452e-01 9.85167325e-01
    5.76291978e-01 9.49672759e-02 8.59841764e-01 9.98968601e-01
    1.39192820e-01 2.81620026e-02 3.00934076e-01 6.65130496e-01
    9.25711691e-01 4.79089975e-01 1.51048601e-01 9.77883339e-01
    6.11696482e-01 5.95690548e-01 8.22700858e-01 3.30251098e-01
    7.09747612e-01 1.11815095e-01 6.32047653e-03 2.16083646e-01
    8.17931294e-01 1.57837600e-01 9.98637795e-01 2.56227702e-01
    6.93060756e-01 8.01311135e-01 4.46930647e-01 1.33416772e-01
    3.29588234e-01 2.14528680e-01 7.33515680e-01 9.99543786e-01
    7.11450636e-01 8.76706243e-02 9.31093276e-01 8.27048361e-01
    3.15772772e-01 7.35686719e-02 7.71287441e-01 1.25672847e-01
    5.55974543e-01 3.40384722e-01 1.54156476e-01 8.21578503e-01
    8.03402960e-01 2.70515382e-01 8.76820683e-01 3.06860030e-01
    5.60864747e-01 7.76334405e-01 9.98957098e-01 3.01969945e-02
    2.85372674e-01 8.87717366e-01 1.35647327e-01 7.84155726e-01
    2.47707367e-01 7.60857880e-01 7.74574280e-01 4.44518864e-01
    9.96534228e-01 5.71897805e-01 8.69178653e-01 3.10471743e-01
    7.20801353e-01 3.77051115e-01 2.28575051e-01 3.01294833e-01
    1.87707722e-01 4.20065641e-01 6.95602834e-01 3.69888723e-01
    4.51220512e-01 7.33360112e-01 4.63295281e-01 8.46650481e-01
    2.81400681e-01 8.67220402e-01 1.21693671e-01 5.44132590e-01
    2.48615146e-02 3.98266137e-01 1.58679485e-01 2.21136570e-01
    1.86815679e-01 3.82247597e-01 4.39874172e-01 1.79461122e-01
    1.68019176e-01 9.18697715e-01 1.41201407e-01 6.54962480e-01
    2.29975522e-01 7.51317143e-01 6.15522861e-01 3.77456129e-01
    2.55210400e-02 9.86255527e-01 9.40785408e-01 8.93351138e-02
    4.33986217e-01 9.73637342e-01 1.15003288e-02 1.52042359e-01
    3.23239982e-01 8.79297376e-01 4.19589877e-01 6.49630785e-01
    5.03580630e-01 5.62654376e-01 2.71249294e-01 7.95651615e-01
    4.88106698e-01 1.64691240e-01 5.95733285e-01 6.48779988e-01
    5.71078956e-01 3.31945658e-01 9.35499072e-01 9.80721235e-01
    9.31034982e-02 1.35266960e-01 2.84571320e-01 9.75125194e-01
    4.29693729e-01 9.49966431e-01 9.41271424e-01 7.84112334e-01
    1.37916535e-01 5.25568008e-01 6.53367996e-01 8.01121414e-01
    5.25430620e-01 9.90333438e-01 2.33810633e-01 7.19530821e-01
    9.35968459e-01 8.48662317e-01 2.67974943e-01 8.08008671e-01
    5.06529629e-01 5.21702111e-01 2.07309544e-01 7.49125004e-01
    4.79589939e-01 1.01577342e-01 4.52297509e-01 1.16200298e-01
    6.27091527e-02 8.25059712e-02 4.29873884e-01 2.60412395e-01
    7.14432895e-01 1.89213157e-01 4.26573485e-01 7.71057844e-01
    3.00649554e-01 5.66358089e-01 3.89793158e-01 5.91527224e-01
    1.89986974e-01 2.01588660e-01 7.84656048e-01 2.25216568e-01
    3.88059616e-01 9.19216156e-01 9.32393551e-01 8.62536252e-01
    2.22832412e-01 1.76757753e-01 5.00531137e-01 9.58461285e-01
    7.88201213e-01 2.15319008e-01 7.82149792e-01 9.39571261e-01
    1.47966713e-01 6.11293375e-01 4.16877568e-01 4.90486532e-01
    5.58145881e-01 8.74488652e-01 7.70937443e-01 7.80941546e-01
    1.88582182e-01 7.37904787e-01 2.19995141e-01 6.90107107e-01
    3.11740398e-01 1.78243876e-01 4.24196035e-01 6.60930932e-01
    9.66766894e-01 1.57597065e-01 8.12661946e-01 9.44810688e-01
    6.08875155e-01 7.28304148e-01 4.30674851e-02 1.57290488e-01
    8.74263108e-01 6.85955763e-01 6.70006156e-01 1.43043756e-01
    8.19401383e-01 2.25203246e-01 8.11501145e-01 6.00157738e-01
    8.41894865e-01 3.94625425e-01 1.73729300e-01 5.30355096e-01
    7.49432147e-02 8.46750140e-01 2.33423144e-01 5.97582698e-01
    8.57898116e-01 5.58239222e-03 7.85375953e-01 1.22734725e-01
    8.90843332e-01 5.93441308e-01 1.99178249e-01 4.57691491e-01
    8.31253588e-01 7.91431308e-01 6.35404110e-01 1.54353023e-01
    3.43445301e-01 1.18946135e-01 1.03920043e-01 6.35722220e-01
    3.50377917e-01 3.36320162e-01 5.21199048e-01 7.59789944e-02
    2.29777426e-01 9.40315485e-01 3.28392595e-01 9.82141018e-01
    3.39555144e-01 2.81702876e-01 8.83405924e-01 1.47011340e-01
    6.69214725e-01 7.37611055e-02 4.16478872e-01 9.21978176e-01
    8.48946095e-01 3.74865204e-01 7.81162024e-01 1.49515867e-01
    8.64169240e-01 5.80777287e-01 1.37495995e-02 4.24368620e-01
    5.95682800e-01 6.61708474e-01 5.96089542e-01 6.40334129e-01
    9.30792809e-01 4.58886385e-01 9.14743781e-01 4.22691733e-01
    1.94992423e-02 9.90257084e-01 4.09156829e-01 2.09956944e-01
    7.76972532e-01 2.08605111e-01 3.62168700e-01 5.74090064e-01
    8.32236111e-01 7.88628578e-01 8.18207026e-01 1.87505096e-01
    6.10865235e-01 7.87615538e-01 9.40130949e-01 7.30508268e-02
    6.39702022e-01 5.70255697e-01 4.30293620e-01 3.95842731e-01
    3.98169070e-01 5.06386340e-01 1.85430706e-01 1.28168672e-01
    2.22484648e-01 1.78850770e-01 2.70379782e-01 9.07982349e-01
    7.94474602e-01 1.50201023e-02 9.70726192e-01 8.78163040e-01
    5.10624647e-01 2.21020609e-01 3.87346536e-01 4.50872213e-01
    9.62853491e-01 9.60646570e-01 1.20839000e-01 4.38431472e-01
    3.48941743e-01 7.09000111e-01 7.05415130e-01 3.35065603e-01
    1.83972955e-01 7.10669816e-01 7.03359246e-01 7.30205297e-01
    9.22384381e-01 8.21943104e-01 4.77048576e-01 5.83002627e-01
    3.02874446e-01 4.65363652e-01 9.63476181e-01 1.23732805e-01
    6.34003282e-01 1.15934074e-01 7.66240716e-01 2.99517155e-01
    2.55704701e-01 2.23639011e-01 3.94691408e-01 3.39114964e-01
    9.36052501e-01 2.99940825e-01 3.37243706e-01 7.12888956e-01
    8.52465630e-03 4.70862925e-01 9.67837214e-01 5.49440801e-01
    6.81057572e-01 6.55388832e-03 6.90627694e-01 8.38618994e-01
    1.12747461e-01 6.56033874e-01 5.04634559e-01 2.60422826e-02
    1.70745939e-01 4.71122861e-01 5.36727130e-01 6.33472025e-01
    4.90223706e-01 1.94341779e-01 5.24538875e-01 4.70558167e-01
    9.20278490e-01 4.39099282e-01 1.56642497e-02 7.65527070e-01
    3.57482225e-01 3.19085777e-01 7.90146828e-01 4.10814583e-02
    5.03644645e-01 8.12757969e-01 3.86630356e-01 5.01256645e-01
    5.53381085e-01 2.24141955e-01 4.34058905e-03 5.37996054e-01
    9.26138878e-01 7.29286313e-01 5.32095253e-01 5.62462568e-01
    8.28280151e-02 2.09318072e-01 6.90396249e-01 4.64695930e-01
    6.37481093e-01 3.35805118e-02 9.93827701e-01 5.63706696e-01
    6.70576811e-01 5.03594398e-01 7.79045403e-01 8.17991316e-01
    9.78047490e-01 7.69510627e-01 1.71265334e-01 3.38563055e-01
    5.66966355e-01 7.19762921e-01 4.89332169e-01 9.01316702e-02
    1.10103220e-01 7.02976227e-01 3.11525941e-01 6.72784209e-01
    3.17522883e-02 8.49261761e-01 8.29502106e-01 5.42811036e-01
    6.33564651e-01 9.38796997e-02 7.19487667e-01 6.21788800e-01
    5.77063978e-01 6.91163957e-01 9.64042842e-02 3.29286039e-01
    5.48245609e-01 4.80070502e-01 9.48607922e-01 7.56759286e-01
    9.72005606e-01 7.13923335e-01 4.05226111e-01 1.07672751e-01
    2.43133664e-01 9.91710782e-01 6.46571159e-01 4.84109849e-01
    9.25010026e-01 4.67606723e-01 1.96599513e-01 7.55425692e-02
    8.89544129e-01 6.26033306e-01 7.87134409e-01 6.50278509e-01
    3.99461895e-01 3.95681530e-01 4.19815570e-01 1.92442089e-01
    4.30059135e-01 3.46545458e-01 2.69377261e-01 8.58619213e-02
    3.55671465e-01 4.85703290e-01 8.17987621e-02 6.83684945e-02
    1.08704865e-02 3.18370521e-01 5.85442543e-01 6.46979809e-01
    3.36014032e-01 1.07041508e-01 5.80509126e-01 2.77195543e-01
    9.24022555e-01 1.05971187e-01 2.11829543e-01 6.09321296e-01
    7.66654074e-01 5.55677831e-01 5.19907773e-02 7.07726777e-02
    6.74701333e-01 3.40462267e-01 8.89877021e-01 8.44843626e-01
    3.07584882e-01 1.42381221e-01 7.90994763e-01 5.69853961e-01
    9.00561810e-01 9.50845301e-01 5.44418156e-01 7.07949400e-01
    4.45735693e-01 6.34561539e-01 1.11063719e-02 7.64071226e-01
    8.56207013e-02 4.92961407e-02 2.20747083e-01 2.56171703e-01
    7.06201613e-01 1.33659154e-01 6.18684471e-01 4.61779118e-01
    4.31940854e-02 3.88493389e-01 8.21912289e-02 8.45145226e-01
    6.20805562e-01 9.67803359e-01 9.97327745e-01 8.67541611e-01
    9.47791338e-01 9.81421351e-01 4.75627393e-01 4.54501033e-01
    7.01056838e-01 8.47082734e-01 1.12226129e-01 8.36658597e-01
    3.74289483e-01 3.65525842e-01 8.95433366e-01 6.34376764e-01
    3.83927017e-01 7.54801989e-01 9.31932569e-01 4.83362496e-01
    1.82902545e-01 1.51846141e-01 3.42952460e-01 8.25135231e-01
    1.86478972e-01 7.93927550e-01 9.78015304e-01 6.74764693e-01
    3.65080178e-01 6.01547182e-01 3.25687706e-01 3.36927950e-01
    1.42731935e-01 9.69332457e-01 7.67259896e-02 8.32808495e-01
    9.05402184e-01 2.87305593e-01 7.45164871e-01 3.19818079e-01
    7.85793900e-01 9.36972976e-01 5.87433934e-01 1.56067044e-01
    8.80912423e-01 7.21029103e-01 5.75886726e-01 9.18421030e-01
    4.88911033e-01 1.94614619e-01 5.40654421e-01 1.14452004e-01
    2.50112355e-01 5.44521093e-01 6.45552278e-01 3.43095899e-01
    1.65241659e-01 4.78649199e-01 3.91009152e-02 9.05563354e-01
    9.47274685e-01 5.34179151e-01 1.13381922e-01 3.85551929e-01
    6.95095062e-01 7.17836142e-01 9.29788709e-01 4.44018304e-01
    5.16944528e-01 8.13723505e-02 3.08108807e-01 9.98425245e-01
    5.30148149e-01 4.96389627e-01 2.37163395e-01 8.98760557e-01
    1.28618896e-01 2.30611086e-01 2.11072415e-01 9.52731013e-01
    4.44303453e-01 6.58058882e-01 7.18347371e-01 8.81970525e-02
    6.34096205e-01 5.43266535e-03 5.23442984e-01 9.11306739e-01
    8.07175398e-01 2.77170539e-01 5.16471565e-01 8.41727793e-01
    2.78088987e-01 6.82253897e-01 2.69945592e-01 5.97969532e-01
    4.53197390e-01 3.27008843e-01 8.12055349e-01 6.88261271e-01
    7.84069717e-01 8.81293237e-01 7.34388292e-01 3.37887883e-01
    5.17860413e-01 7.38267124e-01 5.83152115e-01 9.72729027e-01
    9.05405343e-01 9.68007803e-01 7.66315579e-01 8.60067308e-02
    9.68531609e-01 2.29672521e-01 7.48553514e-01 1.04137927e-01
    6.68377280e-01 5.14186502e-01 3.32586646e-01 5.62902212e-01
    1.33410960e-01 7.54805565e-01 9.40980554e-01 1.33216143e-01
    7.64705002e-01 3.22084248e-01 7.44220257e-01 9.93958712e-02
    9.47868228e-01 3.39415669e-02 6.18143320e-01 6.32806420e-01
    7.17934728e-01 8.60906601e-01 3.75120044e-02 7.17912316e-01
    8.22782040e-01 8.99382949e-01 9.11675811e-01 2.50165105e-01
    1.12883627e-01 4.05166626e-01 8.71991217e-01 3.06951463e-01
    8.70731354e-01 9.76769328e-02 8.81010294e-02 4.73063797e-01
    6.43728495e-01 4.21109200e-01 4.76771146e-01 8.99356663e-01
    8.98496151e-01 5.73486805e-01 7.19178319e-02 1.71021909e-01
    4.73696291e-01 4.56781924e-01 7.38526642e-01 9.26385283e-01
    9.17018533e-01 1.70524418e-02 7.36656010e-01 2.42422700e-01
    4.72438186e-01 9.93553281e-01 1.66781843e-02 7.65511990e-01
    7.13741183e-01 3.75466406e-01 5.41501820e-01 9.10251021e-01
    6.05581045e-01 1.36407912e-02 5.38407385e-01 1.44224972e-01
    6.65105999e-01 7.97463238e-01 8.47255230e-01 4.39370930e-01
    2.55075157e-01 4.26814526e-01 8.75527740e-01 5.05019665e-01
    3.13396633e-01 8.06951165e-01 5.45269608e-01 3.05197835e-01
    3.70510995e-01 6.72137141e-01 1.81622475e-01 4.95434374e-01
    1.13111526e-01 8.45121264e-01 3.58526766e-01 3.98085237e-01
    9.26843286e-02 7.11641550e-01 1.98135108e-01 2.31485963e-02
    7.24339485e-01 8.73329639e-01 4.61503804e-01 6.33071899e-01
    6.73774362e-01 5.60598016e-01 7.04234242e-01 3.45763862e-02
    2.85264254e-01 1.64752096e-01 2.33428180e-02 6.64831519e-01
    2.45389491e-01 5.44967532e-01 3.24635863e-01 6.45809889e-01
    3.35091770e-01 4.91642118e-01 5.54053426e-01 6.84029460e-01
    1.96288615e-01 1.11018598e-01 6.43452108e-01 7.58779645e-02
    5.65726638e-01 8.02554369e-01 9.60688651e-01 3.19590569e-01
    4.90287602e-01 9.61099207e-01 9.13463354e-01 6.77448452e-01
    8.41222703e-01 9.55826998e-01 2.93888450e-02 9.11253810e-01
    8.13591361e-01 3.07336807e-01 2.82967091e-03 8.99355292e-01
    8.35508943e-01 1.76906049e-01 1.66760534e-01 2.75103629e-01
    5.46624660e-01 8.11809719e-01 3.59684527e-02 2.33181745e-01
    2.83118069e-01 6.36686087e-01 3.00459146e-01 4.93609458e-01
    8.82473588e-01 7.09296346e-01 3.06000143e-01 9.02745724e-01
    4.59756404e-01 2.96364844e-01 4.53368336e-01 1.04347140e-01
    5.97361326e-01 2.45678633e-01 3.08403492e-01 7.72286177e-01
    6.73112035e-01 7.29164600e-01 7.67570376e-01 8.60106587e-01
    5.50091982e-01 3.55345488e-01 2.97119200e-01 4.63862270e-01
    1.29254341e-01 1.00800067e-01 1.00214303e-01 9.14510012e-01
    2.70364046e-01 8.00746500e-01 3.25111598e-01 2.75347352e-01
    9.46243167e-01 6.89138830e-01 8.29409003e-01 9.63026345e-01
    5.61815381e-01 2.80535311e-01 4.11375463e-02 8.55660439e-01
    5.13615549e-01 8.89927745e-01 4.51366544e-01 5.07092297e-01
    1.13834471e-01 6.32433832e-01 4.81204838e-01 1.79931521e-02
    4.79022264e-02 5.74580371e-01 8.43436420e-02 7.15160489e-01
    6.57436371e-01 8.12370896e-01 6.20065153e-01 4.88624185e-01
    4.23401594e-03 5.61982036e-01 5.91694236e-01 4.80523050e-01
    8.70212913e-01 5.42773604e-01 1.44837618e-01 2.82640576e-01
    7.72982478e-01 3.81323546e-01 3.26598495e-01 5.31263232e-01
    9.78049040e-01 3.84772182e-01 8.51270676e-01 7.83389688e-01
    1.78879887e-01 9.21406806e-01 8.95639837e-01 3.93169999e-01
    5.70368171e-02 1.71890289e-01 7.83731699e-01 9.07964885e-01
    1.35030687e-01 9.03784752e-01 3.29083681e-01 5.01004517e-01
    1.89135820e-01 6.80287421e-01 6.53548777e-01 8.44165981e-01
    7.58732080e-01 1.54451758e-01 9.83390689e-01 8.77890110e-01
    2.55240887e-01 5.30309916e-01 6.81401610e-01 4.64691460e-01
    5.71190357e-01 5.03154516e-01 5.72001457e-01 7.02563047e-01
    8.79957795e-01 2.75391221e-01 9.63804483e-01 8.73472929e-01
    9.67674255e-01 4.69734550e-01 7.00306177e-01 2.83316553e-01
    8.25513721e-01 1.49642497e-01 7.03669608e-01 7.70057678e-01
    4.53858614e-01 9.05901551e-01 1.37583584e-01 3.38627815e-01
    3.44452918e-01 7.85044909e-01 3.93781960e-02 4.84274417e-01
    3.36909652e-01 3.95292342e-02 6.95345044e-01 6.55823350e-01
    5.59799671e-01 4.75218236e-01 9.67680693e-01 5.53667009e-01
    6.18493021e-01 8.62741113e-01 5.99588633e-01 6.98800564e-01
    4.54218984e-01 7.17383623e-03 7.18395233e-01 3.72655332e-01
    5.47026634e-01 2.96718061e-01 7.82456160e-01 5.89571536e-01
    1.93570375e-01 4.49848980e-01 2.01724678e-01 9.52053905e-01
    6.71102524e-01 4.83437717e-01 3.15922260e-01 7.32282996e-01
    7.12004602e-01 9.47259784e-01 2.58200943e-01 5.48416913e-01
    2.40458190e-01 9.03782308e-01 9.76019204e-01 1.00638777e-01
    7.48880863e-01 6.71400547e-01 4.66669112e-01 4.85942364e-01
    9.97172356e-01 5.27393222e-01 2.82483459e-01 8.81221533e-01
    3.75878036e-01 5.74829876e-02 2.68317640e-01 5.82972348e-01
    8.94518256e-01 2.90751457e-02 6.15348518e-01 2.22583532e-01
    2.75834531e-01 5.22876263e-01 6.42006040e-01 1.81100965e-01
    9.88002181e-01 3.13848853e-02 7.96791494e-01 3.92313391e-01
    1.12734348e-01 4.76270288e-01 7.94760644e-01 3.67421567e-01
    2.85600632e-01 9.04101729e-02 6.34098291e-01 9.14679289e-01
    9.83513117e-01 9.84384537e-01 3.71521294e-01 6.30612493e-01
    9.68297243e-01 6.88530982e-01 7.11445570e-01 1.33330286e-01
    6.96924925e-02 2.30418265e-01 8.47033501e-01 3.13831031e-01
    7.43499041e-01 1.03588283e-01 8.29190135e-01 3.36833596e-02
    7.25596070e-01 2.25220561e-01 6.48443580e-01 4.26529437e-01
    8.72250199e-01 6.53098702e-01 5.80534756e-01 4.27598208e-01
    8.53976250e-01 4.74939942e-01 7.62070537e-01 1.85519338e-01
    7.15440869e-01 3.65506530e-01 6.06564879e-01 4.57638979e-01
    6.03139162e-01 5.78024983e-01 2.62190491e-01 5.28575778e-01
    4.48635221e-01 9.67947006e-01 1.19137168e-02 4.71332788e-01
    4.18448478e-01 6.51872575e-01 8.00043046e-02 5.92132032e-01
    5.19535661e-01 8.02590609e-01 7.90823102e-01 3.51365775e-01
    6.52823448e-01 3.30859065e-01 5.98190606e-01 6.95385456e-01
    3.45611215e-01 4.74912912e-01 8.88063967e-01 6.61808312e-01
    1.00456148e-01 5.40974259e-01 7.32626796e-01 6.27822399e-01
    4.75759417e-01 7.68589675e-01 2.10397393e-01 8.34036589e-01
    2.05895126e-01 9.93813396e-01 7.60521054e-01 1.88234836e-01
    4.07153815e-01 2.72990108e-01 4.69382644e-01 7.67582357e-02
    8.50046754e-01 8.32553029e-01 6.33067131e-01 7.65605390e-01
    8.54204178e-01 8.56081486e-01 3.23643506e-01 7.56121039e-01
    3.62616181e-02 8.11558127e-01 3.08314383e-01 6.96027279e-01
    1.49650753e-01 9.01674986e-01 8.40658784e-01 8.85506272e-01
    9.81213212e-01 5.35756469e-01 7.00212479e-01 5.17667532e-02
    2.55222142e-01 5.86900353e-01 9.03018117e-01 5.89673519e-01
    9.59907174e-01 6.13698781e-01 1.88186884e-01 6.72238350e-01
    3.77486587e-01 5.77709615e-01 7.26572096e-01 3.72938037e-01
    9.43974733e-01 3.73406351e-01 9.81357098e-01 5.18629432e-01
    4.74995613e-01 9.42179680e-01 9.92885232e-01 3.85138690e-02
    1.06976449e-01 3.18653882e-02 7.68953681e-01 9.35092568e-01
    2.17140406e-01 7.51288533e-01 8.11254740e-01 3.29684794e-01
    5.97540855e-01 4.62997913e-01 5.94129145e-01 4.16808188e-01
    3.83460492e-01 4.18620676e-01 5.34682810e-01 5.63212276e-01
    7.09322989e-02 4.08622801e-01 2.35765278e-02 3.06147546e-01
    7.16954589e-01 8.67510676e-01 2.08564103e-02 6.57226920e-01
    2.94832230e-01 1.58724993e-01 9.53911424e-01 2.65119076e-01
    1.39445931e-01 1.46223307e-02 7.93045759e-01 5.94083071e-01
    6.69997513e-01 7.60228038e-01 5.33758461e-01 9.12857115e-01
    2.67949879e-01 3.57359231e-01 7.54318476e-01 9.40339684e-01
    6.68161094e-01 3.84320259e-01 4.52843696e-01 8.02345276e-01
    7.08580375e-01 7.54514694e-01 3.24121416e-02 4.32971418e-01
    7.76999950e-01 1.11170977e-01 6.02350175e-01 1.76965266e-01
    7.83446789e-01 9.06238198e-01 4.17235762e-01 5.44560730e-01
    3.44453871e-01 4.03334320e-01 7.59364367e-02 8.39675784e-01
    3.38737845e-01 1.25350952e-02 3.54929626e-01 9.33832049e-01
    7.99608231e-01 1.85907423e-01 4.85153079e-01 6.37790859e-01
    4.01517570e-01 9.07447577e-01 6.81094289e-01 7.22289622e-01
    7.31944084e-01 9.17393506e-01 6.31804883e-01 5.92056811e-01
    3.07285011e-01 2.87513137e-01 1.43955767e-01 5.97836733e-01
    8.18572223e-01 9.91945028e-01 2.91433036e-01 2.13367879e-01
    2.57357001e-01 8.82140100e-02 6.89908683e-01 2.14520276e-01
    5.96587002e-01 8.99432421e-01 9.63525772e-01 5.57999074e-01
    8.98306668e-02 9.52640533e-01 4.61726785e-01 6.66380942e-01
    9.22002316e-01 1.31700695e-01 5.09164453e-01 1.26279682e-01
    8.04556370e-01 9.69689548e-01 6.62279785e-01 7.06612945e-01
    6.69960618e-01 3.29331040e-01 4.08240378e-01 7.00585067e-01
    8.59505296e-01 2.22945243e-01 8.01174641e-01 5.85341871e-01
    5.47649741e-01 1.49648190e-01 1.71342790e-01 9.83314335e-01
    4.60865200e-02 3.89477462e-01 4.29874361e-02 6.88931108e-01
    1.41715497e-01 4.19331193e-01 9.34487641e-01 1.19004071e-01
    5.32791317e-01 1.99296147e-01 3.11579525e-01 1.43947244e-01
    4.56594288e-01 6.24551296e-01 9.78650153e-01 9.92606759e-01
    4.47178245e-01 5.67788780e-01 2.49464929e-01 8.60377133e-01
    4.09806669e-01 8.37412596e-01 4.47058380e-02 4.24397707e-01
    1.53429329e-01 6.52337372e-02 1.59079105e-01 6.93807662e-01
    5.08172333e-01 4.07166064e-01 3.44260573e-01 4.06322718e-01
    7.33133495e-01 9.05212462e-01 4.85997379e-01 9.03257012e-01
    7.68060207e-01 2.11268157e-01 9.44738686e-02 3.78387928e-01
    8.74445081e-01 5.63103020e-01 8.12379897e-01 4.44763899e-03
    4.92020547e-02 2.96257406e-01 8.66422892e-01 9.38723028e-01
    1.71073645e-01 1.74797237e-01 9.86866057e-01 6.67270839e-01
    6.89526916e-01 7.12148130e-01 9.89146471e-01 3.36364686e-01
    1.00198001e-01 2.11003244e-01 6.94686949e-01 5.90378463e-01
    9.23069417e-02 7.63977051e-01 1.30880326e-01 3.25177312e-01
    1.85614884e-01 6.88399076e-01 8.53932261e-01 8.68236423e-01
    4.41321135e-01 9.94751751e-01 3.66242886e-01 1.52562976e-01
    7.05927610e-01 3.09301704e-01 5.61532855e-01 1.53152943e-01
    7.50492215e-01 3.55852067e-01 5.83898127e-01 5.04519880e-01
    9.85423923e-01 7.28606820e-01 2.61038959e-01 3.75285268e-01
    3.58471394e-01 6.75418973e-02 2.20280975e-01 2.15676874e-01
    5.19201696e-01 8.35700631e-01 8.38633239e-01 8.86591673e-01
    1.07945174e-01 7.82096326e-01 7.66748428e-01 5.02856791e-01
    2.76991606e-01 1.81801856e-01 2.19502836e-01 3.59118760e-01
    6.58374429e-02 9.80505824e-01 5.91133595e-01 4.61154819e-01
    3.88746738e-01 2.95129299e-01 8.39727521e-01 2.33480364e-01
    3.51438016e-01 9.07417417e-01 4.35934603e-01 4.19517696e-01
    2.48949021e-01 3.01269829e-01 8.82939517e-01 1.76607788e-01
    3.50253761e-01 6.15157008e-01 1.63647741e-01 5.36067903e-01
    5.20218730e-01 1.64768100e-03 7.01628268e-01 2.27704287e-01
    5.36121130e-01 9.07553315e-01 4.53168809e-01 4.75341499e-01
    4.57107037e-01 2.09893763e-01 1.20611995e-01 2.82940805e-01
    4.82798755e-01 4.02966201e-01 7.59558439e-01 5.28541863e-01
    7.10605025e-01 7.45956898e-02 5.72098196e-01 9.06912088e-01
    9.38198447e-01 7.63813138e-01 6.37747347e-02 4.81605023e-01
    4.02440578e-01 1.24122500e-02 3.76080960e-01 1.26861066e-01
    8.82237554e-02 4.87799942e-02 2.09865808e-01 4.47174966e-01
    3.72175038e-01 2.05001324e-01 8.88496161e-01 4.45894539e-01
    3.96013558e-02 9.76408243e-01 9.23996389e-01 2.15248764e-02
    9.63755369e-01 1.77510917e-01 3.80664110e-01 1.91255242e-01
    6.58715785e-01 7.19634891e-01 7.57125616e-01 4.04950529e-01
    8.33198190e-01 9.92457271e-02 4.08758104e-01 2.21217275e-02
    3.71256143e-01 1.95179224e-01 6.83575511e-01 3.34461331e-01
    8.21180880e-01 6.87371790e-01 9.35422778e-01 6.60901129e-01
    2.60940194e-02 8.51718068e-01 8.38653803e-01 4.21360582e-01
    8.20610642e-01 7.25619972e-01 8.50610733e-01 5.36874950e-01
    2.76434839e-01 8.55615377e-01 7.34272599e-03 1.20266944e-01
    4.90730554e-01 7.52601504e-01 6.56539977e-01 4.22423393e-01
    7.79011786e-01 5.44319391e-01 8.68885517e-01 2.29394168e-01
    3.99302095e-01 9.45981145e-01 7.28245795e-01 9.30413365e-01
    9.24856424e-01 4.24713790e-01 4.18787718e-01 4.26371127e-01
    9.79808211e-01 6.67393923e-01 7.44007707e-01 9.01569724e-01
    2.07880110e-01 7.41990328e-01 1.65025651e-01 3.62034142e-01
    5.34004211e-01 1.03242993e-02 1.13007516e-01 9.11027253e-01
    5.69175959e-01 7.27123618e-01 4.81694013e-01 2.35391170e-01
    8.17103922e-01 5.01796722e-01 3.55602503e-02 4.23929036e-01
    7.11904287e-01 8.69187832e-01 3.00183296e-01 8.32234144e-01
    4.41565335e-01 1.86074376e-01 9.50672388e-01 2.50071734e-01
    8.83843482e-01 9.08197165e-01 8.74305665e-02 3.17507505e-01
    5.26813507e-01 5.37295401e-01 2.91322351e-01 5.95768690e-02
    6.36293054e-01 4.72063661e-01 2.16580570e-01 4.92275655e-01
    7.18176782e-01 3.41918796e-01 7.42103338e-01 9.65332806e-01
    2.55837381e-01 7.97019958e-01 6.16567254e-01 1.12080783e-01
    2.81987876e-01 4.35219646e-01 8.23077202e-01 5.49056888e-01
    2.93135166e-01 9.70685482e-01 9.10529435e-01 7.98547745e-01
    2.62280703e-01 5.54438114e-01 8.97073865e-01 2.53372133e-01
    7.26190567e-01 1.10754639e-01 1.52854204e-01 4.27257717e-02
    4.90450859e-02 8.41738880e-01 6.96976602e-01 9.99340415e-01
    6.18565083e-02 6.16750479e-01 9.58133936e-01 5.70982397e-02
    8.75327468e-01 5.89492857e-01 1.13298893e-01 6.76886678e-01
    5.73519230e-01 6.89284503e-02 7.93583870e-01 1.43506855e-01
    1.90546125e-01 6.11892223e-01 2.69732952e-01 6.22313142e-01
    2.29632378e-01 1.36735111e-01 9.96529698e-01 1.20342940e-01
    9.63929415e-01 7.66365886e-01 2.14060783e-01 1.26307040e-01
    9.56421375e-01 4.84463871e-01 1.77333742e-01 3.05503607e-04
    4.08158064e-01 7.39889562e-01 9.48168755e-01 8.98917615e-01
    2.56511033e-01 3.44304651e-01 5.16852081e-01 4.62179780e-01
    5.57007551e-01 8.16185832e-01 4.09289539e-01 5.15978813e-01
    7.44374156e-01 3.90794009e-01 2.72863477e-01 4.47718263e-01
    4.43379939e-01 8.05940747e-01 3.61442983e-01 6.18764460e-01
    1.50226325e-01 3.09300184e-01 7.99581528e-01 5.90026438e-01
    3.53902340e-01 9.30059433e-01 1.95382953e-01 9.01956737e-01
    3.16352427e-01 6.77874148e-01 6.86477244e-01 8.33975434e-01
    2.60133505e-01 6.85127258e-01 6.95883870e-01 3.83827806e-01
    8.42317939e-03 2.42253900e-01 6.09559715e-01 3.98386329e-01
    5.27040958e-02 5.25021076e-01 6.08799934e-01 2.39439487e-01
    8.41028631e-01 6.63758636e-01 4.87375885e-01 7.29010940e-01
    5.09461045e-01 7.25912154e-01 1.25395298e-01 3.26801002e-01
    3.08310390e-01 6.97650611e-01 9.16501880e-01 6.43574834e-01
    3.10197234e-01 2.18591154e-01 8.48189712e-01 4.05396968e-01
    6.96016431e-01 8.50585818e-01 4.06307518e-01 5.68716347e-01
    7.69422531e-01 2.38148957e-01 9.48915124e-01 4.48921025e-02
    1.44625455e-01 1.47131324e-01 8.66128206e-01 3.01721692e-02
    1.19946152e-01 6.30395651e-01 3.90379846e-01 3.14499974e-01
    2.63393462e-01 5.28642237e-01 8.92064691e-01 6.62421942e-01
    5.96481323e-01 5.11194348e-01 1.58452302e-01 5.23750842e-01
    4.27874446e-01 3.84025395e-01 3.78631592e-01 6.06592178e-01
    5.67274034e-01 2.38309681e-01 2.07699925e-01 9.22113657e-01
    8.91841054e-02 2.91730553e-01 2.57465869e-01 2.63260365e-01
    2.69285738e-01 1.71734750e-01 2.89020836e-01 1.16224706e-01
    6.00770652e-01 8.33294988e-01 3.97597462e-01 2.46884018e-01
    8.54546666e-01 3.02515745e-01 7.03231633e-01 5.79579234e-01
    6.04189456e-01 9.52689528e-01 8.57188582e-01 6.72043324e-01
    8.91726851e-01 5.27946234e-01 1.54275835e-01 1.47694647e-02
    8.08973849e-01 6.98594034e-01 5.22355378e-01 8.42494607e-01
    6.28832459e-01 4.04791832e-02 6.05199337e-01 5.08004785e-01
    1.19980872e-01 5.65245450e-01 4.77523655e-01 3.85604441e-01
    6.43762350e-01 6.38133645e-01 1.66087091e-01 1.88604355e-01
    4.04134691e-01 4.62132007e-01 8.10626447e-01 2.26365358e-01
    4.17582810e-01 5.95474660e-01 1.40385300e-01 4.36490923e-01
    7.88849115e-01 6.02435827e-01 9.47289228e-01 8.03917766e-01
    2.57336378e-01 3.53623420e-01 6.31396770e-02 5.22483170e-01
    1.78840280e-01 1.03282779e-01 5.99098504e-02 3.25495005e-03
    4.40650195e-01 4.75855231e-01 4.31039751e-01 2.16943741e-01
    9.56135392e-01 5.08505225e-01 3.50917757e-01 7.40851402e-01
    4.96004313e-01 9.19645548e-01 9.64274526e-01 5.04656851e-01
    2.60980994e-01 6.03214204e-01 6.94676459e-01 4.83754307e-01
    3.10195535e-01 9.76586103e-01 6.78893089e-01 3.43589842e-01
    8.88615608e-01 7.85313189e-01 7.93416858e-01 5.32271266e-01
    8.05455267e-01 7.34808028e-01 1.40112698e-01 1.52295619e-01
    3.98992062e-01 6.50490046e-01 3.50475073e-01 5.23444355e-01
    5.80760181e-01 9.85446692e-01 3.91642451e-01 4.01584417e-01
    8.42247486e-01 3.06926042e-01 8.42022657e-01 9.12751913e-01
    9.10178483e-01 2.98569798e-01 6.28840744e-01 7.77366638e-01
    9.31589842e-01 7.75352716e-01 6.17326796e-02 6.07941151e-02
    7.90963292e-01 8.15213144e-01 1.52414411e-01 6.21862292e-01
    3.58376324e-01 4.37964290e-01 6.99479163e-01 6.13139570e-01
    4.79222387e-01 9.91887093e-01 2.28431284e-01 6.75001264e-01
    8.67498875e-01 1.34083569e-01 4.21631843e-01 5.32668054e-01
    2.02759296e-01 4.43224460e-01 9.03492928e-01 5.07447600e-01
    5.26140332e-01 7.29244590e-01 5.79806745e-01 5.58545053e-01
    5.05340993e-01 8.74668419e-01 9.81502056e-01 7.86313295e-01
    2.39264071e-02 4.17047650e-01 1.58181906e-01 3.23940188e-01
    4.10607994e-01 4.84450370e-01 6.87323332e-01 2.44818509e-01
    4.83590931e-01 2.49313861e-01 3.16126347e-01 6.66711092e-01
    2.04528570e-02 4.15142477e-01 4.39133406e-01 8.87327671e-01
    1.40655071e-01 8.04877400e-01 8.24904084e-01 3.01225603e-01
    5.94765663e-01 3.90243232e-02 3.90872240e-01 7.81703413e-01
    6.17191195e-01 5.36253750e-02 7.52511024e-01 1.24734938e-01
    6.23702466e-01 5.15185118e-01 7.85334706e-01 5.56108356e-02
    3.97394538e-01 9.46269989e-01 3.46181214e-01 1.43203527e-01
    3.93527031e-01 9.64990556e-01 7.75089264e-01 7.11789966e-01
    5.14700532e-01 6.32403612e-01 4.86963362e-01 5.42496145e-02
    9.12833035e-01 1.32613420e-01 3.49668294e-01 9.28292334e-01
    8.71472239e-01 2.79852957e-01 3.95703137e-01 2.40990072e-01
    5.60768783e-01 7.33349502e-01 4.95174348e-01 4.71465826e-01
    8.13236415e-01 5.44707298e-01 2.55963624e-01 7.83496380e-01
    4.78039950e-01 1.69098437e-01 8.03336620e-01 9.90229964e-01
    9.64575350e-01 8.32862258e-02 9.11684990e-01 2.58171797e-01
    1.04641318e-02 9.69708860e-01 5.09920239e-01 2.92661667e-01
    8.38419378e-01 7.73017764e-01 4.10895586e-01 5.82271874e-01
    8.97034407e-02 1.00652307e-01 3.69613320e-01 9.05053258e-01
    3.90283823e-01 5.98391354e-01 7.81392097e-01 5.75016499e-01
    2.77560771e-01 9.68048096e-01 2.63048410e-02 5.63599944e-01
    5.45071781e-01 2.07767665e-01 9.24790263e-01 1.91945612e-01
    3.99342775e-02 4.55142945e-01 1.33453786e-01 8.56637836e-01
    3.76465112e-01 9.70171988e-01 2.86377072e-02 7.28511989e-01
    2.76609659e-02 5.05061448e-01 4.57298875e-01 2.75092810e-01
    2.81071842e-01 6.68045521e-01 7.33842850e-01 4.19183731e-01
    4.79087681e-01 9.14421141e-01 9.13669288e-01 1.97522551e-01
    3.72844994e-01 7.39900827e-01 3.19590867e-01 7.57140875e-01
    7.39006460e-01 1.36670470e-02 2.52587378e-01 2.63538063e-02
    6.53055310e-02 6.39427066e-01 8.45560730e-01 3.36517036e-01
    7.78020501e-01 7.27858126e-01 4.67973799e-01 6.36344850e-02
    5.48620760e-01 7.06014931e-01 5.82048178e-01 9.89309549e-01
    7.81862259e-01 3.33947003e-01 4.55704987e-01 2.39874214e-01
    4.49312240e-01 5.94188809e-01 8.94050241e-01 7.59584069e-01
    4.62560952e-02 4.57904965e-01 5.11099279e-01 6.41245127e-01
    4.25711542e-01 7.13780880e-01 2.87313372e-01 1.43003941e-01
    1.71314895e-01 5.21706223e-01 8.76808167e-01 8.87847602e-01
    9.70289409e-01 9.72538888e-01 8.46271753e-01 6.72961235e-01
    5.95208406e-02 6.22435868e-01 8.17467809e-01 3.20403159e-01
    6.47747457e-01 5.90351522e-01 7.95565605e-01 3.24553996e-01
    5.61803579e-01 6.67232871e-01 5.49633920e-01 8.72576952e-01
    1.72514737e-01 3.67744088e-01 7.45882988e-01 6.92531288e-01
    8.03227305e-01 2.38889903e-01 3.22424054e-01 2.85817951e-01
    4.50420618e-01 3.99513006e-01 7.34446108e-01 9.58669543e-01
    8.77578378e-01 4.37656432e-01 8.08500648e-01 3.70664001e-02
    9.03473496e-01 6.95194602e-01 6.58465862e-01 9.22066867e-02
    1.14851505e-01 5.38944542e-01 9.90768671e-01 8.67373228e-01
    1.86192065e-01 4.42623764e-01 2.52033293e-01 4.63624895e-01
    5.72125614e-01 3.96427870e-01 5.48207462e-01 1.97128445e-01
    5.79865515e-01 6.31274402e-01 6.12169683e-01 9.65121508e-01
    3.08332264e-01 9.74830389e-02 3.55655372e-01 5.81730366e-01
    5.43682814e-01 4.66515809e-01 6.12967610e-01 4.92366433e-01
    4.78804380e-01 5.12659788e-01 8.77359271e-01 3.52384299e-01
    5.38523495e-01 8.96697164e-01 2.87711859e-01 8.05181265e-01
    9.28521276e-01 3.36254567e-01 5.61618805e-01 8.88533115e-01
    6.92040920e-02 1.77839249e-01 5.35338998e-01 3.31254750e-01
    2.11835235e-01 3.54929209e-01 1.83885992e-01 2.01741159e-01
    1.24631822e-01 4.59806979e-01 9.98689532e-01 1.12465620e-02
    4.82717156e-01 1.97248042e-01 7.01120019e-01 1.82018906e-01
    7.08230853e-01 5.00947654e-01 8.58474612e-01 1.68394238e-01
    9.94124055e-01 4.82166082e-01 2.82040119e-01 3.34658056e-01
    2.89270222e-01 9.52568173e-01 8.14270973e-03 2.63976038e-01
    7.79414773e-01 7.24398613e-01 7.73239374e-01 8.37029755e-01
    9.23363864e-02 5.62274694e-01 9.96892512e-01 3.12084407e-01
    8.93198192e-01 9.11797822e-01 9.67730880e-01 9.18656111e-01
    8.46166909e-01 5.07533789e-01 3.55249584e-01 2.23520607e-01
    9.55731511e-01 8.04197788e-01 5.13654113e-01 6.87159300e-02
    5.35963416e-01 7.11102426e-01 1.30584240e-01 3.55464399e-01
    5.59394896e-01 9.73846197e-01 1.09648854e-01 2.20689833e-01
    2.17581630e-01 4.69089419e-01 2.93122351e-01 4.15809512e-01
    5.30926526e-01 4.63900208e-01 8.33407640e-01 2.36254394e-01
    2.46499598e-01 7.38909662e-01 7.71417856e-01 5.01584291e-01
    2.53277540e-01 9.09739375e-01 9.97063220e-02 3.64497066e-01
    3.61125648e-01 3.08581740e-01 2.86322832e-01 3.82522702e-01
    1.75392538e-01 5.56630194e-02 2.79907465e-01 6.75279140e-01
    8.24470222e-01 8.90621662e-01 7.62832224e-01 2.15664655e-01
    4.06768262e-01 1.50722504e-01 6.23707533e-01 3.14262688e-01
    6.51818156e-01 1.11626089e-02 6.29801452e-02 1.11639738e-01
    9.25996304e-01 4.39774156e-01 3.79027843e-01 8.60266805e-01
    2.13978887e-01 4.62382734e-01 9.02638435e-01 4.22597229e-02
    2.07135260e-01 6.51341736e-01 4.02433634e-01 6.66144490e-01
    9.78329718e-01 8.77691686e-01 1.24146938e-01 3.34080637e-01
    8.87007892e-01 7.62610435e-01 5.10019898e-01 9.68878269e-01
    1.54921710e-02 8.69020343e-01 8.59580398e-01 2.11112797e-01
    3.76251310e-01 8.52738738e-01 5.53981662e-01 3.41770887e-01
    5.83050549e-02 8.40878785e-01 6.45831048e-01 4.05025005e-01
    3.80892187e-01 8.41999769e-01 8.49616051e-01 8.33373845e-01
    2.18941718e-01 2.79402405e-01 5.71235716e-01 9.61499691e-01
    8.61039519e-01 4.28768754e-01 1.09790862e-01 3.68688345e-01
    2.00581551e-03 8.04601133e-01 8.30123603e-01 6.08927965e-01
    1.78122580e-01 6.85531616e-01 4.92249370e-01 1.61501199e-01
    8.43862653e-01 1.61350161e-01 9.03922200e-01 8.77416193e-01
    8.96387696e-01 6.28066361e-01 3.25285733e-01 7.28735328e-01
    3.92626137e-01 6.84906244e-01 7.68386602e-01 2.47050077e-01
    4.65502143e-01 8.56755495e-01 1.30802989e-02 2.75258809e-01
    8.55430961e-01 1.87646449e-01 2.37151176e-01 4.15722013e-01
    6.27830803e-01 8.08874369e-01 5.22255003e-01 4.05963540e-01
    4.44535375e-01 1.94711089e-01 8.22969079e-01 9.16824996e-01
    6.10999882e-01 3.82229716e-01 2.36612320e-01 1.02769017e-01
    6.74282670e-01 5.87883651e-01 4.43527102e-01 8.85514498e-01
    1.59269422e-01 8.48974824e-01 1.05317384e-01 4.04446423e-01
    2.65827537e-01 1.20433688e-01 2.93145895e-01 3.57589722e-02
    9.47865725e-01 8.75651121e-01 4.62391317e-01 1.96952820e-02
    9.16295648e-01 5.17900586e-01 3.96885872e-01 8.18303704e-01
    9.14083481e-01 7.13229179e-01 2.93390602e-01 6.06075525e-02
    2.25377113e-01 8.52176011e-01 4.44072485e-02 2.41329342e-01
    4.66447353e-01 3.09527993e-01 4.22124356e-01 2.98573583e-01
    3.33391309e-01 2.32841402e-01 8.22915733e-02 5.06216705e-01
    7.74765193e-01 1.86782867e-01 3.70314598e-01 2.74985522e-01
    3.26753646e-01 4.58679855e-01 9.53829765e-01 9.44178343e-01
    5.74910343e-01 1.80431068e-01 9.38641787e-01 4.16634351e-01
    1.51026130e-01 7.51943588e-01 1.36364639e-01 9.69266355e-01
    7.14231610e-01 8.94991398e-01 5.27456701e-01 1.53895319e-01
    1.81056112e-01 4.04583126e-01 3.72008681e-01 4.92582858e-01
    1.47360533e-01 3.66708040e-02 4.84902889e-01 3.83875430e-01
    4.26062942e-03 7.13862658e-01 9.50689673e-01 1.39351189e-01
    2.93702781e-01 1.52753860e-01 8.03803563e-01 5.04380524e-01
    9.65816259e-01 5.59837997e-01 7.75173068e-01 2.96068013e-01
    2.30924249e-01 3.48505020e-01 3.07525337e-01 4.84073073e-01
    5.81037164e-01 8.72376859e-01 6.94274664e-01 9.68792796e-01
    2.80059636e-01 3.34177554e-01 6.75492525e-01 7.01226830e-01
    5.03844321e-02 2.87690878e-01 9.17729735e-01 5.15992165e-01
    2.44684368e-01 1.72652334e-01 3.84545237e-01 1.61605328e-01
    2.75013208e-01 2.58670479e-01 9.18788552e-01 5.15839100e-01
    2.75026798e-01 2.68756688e-01 1.08354479e-01 6.08072758e-01
    2.04881817e-01 7.60809183e-01 8.66418719e-01 2.66835362e-01
    9.56059813e-01 8.01093638e-01 3.45529079e-01 2.88931668e-01
    8.39447379e-01 1.20735914e-01 5.98342419e-02 2.36107916e-01
    1.90180242e-01 5.35006285e-01 3.05820584e-01 9.46239948e-01
    2.86119848e-01 5.33680618e-02 3.49661708e-02 8.00995231e-02
    6.94254696e-01 5.28728485e-01 2.57814467e-01 1.86766803e-01
    6.55623317e-01 8.05535138e-01 5.85849345e-01 4.16962117e-01
    5.70990682e-01 7.17501342e-02 9.84935343e-01 6.31805003e-01
    3.65410626e-01 7.96628356e-01 1.39223546e-01 4.96857762e-02
    8.03821445e-01 8.93228173e-01 6.64067805e-01 7.11536765e-01
    2.80320406e-01 2.03689277e-01 5.16236603e-01 2.23831296e-01
    4.21622306e-01 8.51489425e-01 3.75264466e-01 4.86625344e-01
    6.66749179e-01 6.18009448e-01 5.46984613e-01 3.08923036e-01
    8.27962816e-01 1.95289344e-01 6.67475224e-01 7.13081002e-01
    5.06300926e-01 6.74893200e-01 9.55937266e-01 9.37951565e-01
    7.74670601e-01 4.10092920e-01 7.86970854e-01 3.83589864e-01
    4.16132420e-01 7.77885616e-02 4.92682159e-02 3.90586585e-01
    1.75119549e-01 8.50373030e-01 6.81581795e-01 7.10169673e-01
    3.21316302e-01 9.42628682e-01 5.97160101e-01 5.33605218e-02
    7.41346061e-01 9.59940910e-01 3.61434519e-01 2.47473717e-01
    4.29662466e-02 6.79744005e-01 8.83346081e-01 6.65735304e-01
    3.33090246e-01 4.22728539e-01 6.53018713e-01 7.65909433e-01
    1.19131416e-01 6.47870004e-01 4.76939678e-02 4.78257984e-01
    9.21999276e-01 7.12426305e-01 6.66492701e-01 2.38717854e-01
    6.59124255e-01 2.08817035e-01 2.74235696e-01 9.05328214e-01
    2.53234088e-01 7.06388116e-01 3.40323716e-01 2.90818512e-02
    1.45474821e-01 5.02567649e-01 6.37028515e-01 6.63628876e-02
    5.58004856e-01 3.86928529e-01 1.42327160e-01 3.81747544e-01
    6.91577971e-01 3.77421290e-01 6.46715462e-01 3.39377999e-01
    4.68819588e-01 9.29511189e-01 1.06215268e-01 2.50336707e-01
    9.45585549e-01 5.03511846e-01 5.40814042e-01 2.86779165e-01
    5.12937844e-01 2.19886810e-01 6.61238492e-01 9.28416729e-01
    5.63781559e-01 5.98316371e-01 5.49429834e-01 4.56578165e-01
    5.25803864e-01 4.33070660e-01 6.07899606e-01 4.40653205e-01
    3.83207947e-01 7.32510448e-01 8.78062367e-01 7.75346100e-01
    6.13852024e-01 4.21221703e-01 1.61560774e-02 5.87356210e-01
    1.73611760e-01 1.08481139e-01 6.74358666e-01 9.88262415e-01
    7.60292411e-01 6.13799691e-01 7.66533375e-01 9.50655937e-01
    7.74138808e-01 5.97071528e-01 8.91766787e-01 5.03321767e-01
    2.37110227e-01 2.24217564e-01 9.64908004e-01 8.87337089e-01
    4.93122935e-02 1.28746063e-01 9.74241912e-01 7.78999209e-01
    4.54233289e-02 1.83742911e-01 4.66656744e-01 3.63144517e-01
    3.38952422e-01 5.05021513e-01 4.39209282e-01 9.03061628e-01
    8.03068280e-01 3.47134769e-01 7.90903807e-01 3.74799192e-01
    1.37648195e-01 2.89293289e-01 4.02281702e-01 8.34219098e-01
    3.14777017e-01 8.64502668e-01 7.84652472e-01 8.89958739e-01
    5.89909315e-01 8.08165669e-02 2.53246278e-01 3.59695971e-01
    5.71940660e-01 5.20523012e-01 8.94013345e-02 8.46173465e-02
    3.96756977e-01 8.92504394e-01 4.78423804e-01 7.61274755e-01
    9.60752547e-01 4.38598096e-02 5.52584708e-01 5.59590638e-01
    4.49116558e-01 8.34087014e-01 2.09339738e-01 3.30458343e-01
    3.54245901e-02 9.49802995e-01 6.54403925e-01 2.26099074e-01
    6.95892870e-01 5.71983814e-01 6.00398242e-01 2.71042317e-01
    7.83748686e-01 5.73533177e-01 7.98301399e-02 7.11625934e-01
    1.28133148e-01 7.00048208e-02 3.41622651e-01 9.82614756e-02
    4.12959278e-01 4.82815325e-01 9.97163117e-01 6.32787108e-01
    4.98074144e-01 8.72363567e-01 7.92928457e-01 5.60563862e-01
    1.86400205e-01 2.66171992e-01 8.79991174e-01 8.79064679e-01
    5.78231335e-01 2.87250280e-01 8.59801292e-01 2.13070661e-01
    6.70772195e-01 4.16975856e-01 8.77700508e-01 1.04196280e-01
    1.07358962e-01 2.82793701e-01 8.03514004e-01 7.95839548e-01
    7.63276935e-01 4.72119093e-01 7.93366432e-01 6.65915310e-01
    5.90209842e-01 1.65877342e-02 3.61301631e-01 9.32018757e-01
    9.91152525e-01 9.43653941e-01 3.58296901e-01 2.41688490e-01
    3.49825978e-01 4.98297036e-01 3.66663992e-01 5.15035748e-01
    5.20556033e-01 3.27166438e-01 8.47732663e-01 1.16730422e-01
    5.24275124e-01 7.50969350e-02 9.58484530e-01 2.44415045e-01
    4.96545076e-01 2.60260761e-01 7.21305013e-01 8.04975629e-01
    7.12831855e-01 2.55866915e-01 5.11635602e-01 4.87662792e-01
    4.26663607e-01 2.86428839e-01 1.04055554e-01 1.51982754e-01
    7.47460663e-01 1.59459949e-01 2.44273722e-01 4.68645692e-01
    2.67433524e-01 4.11306083e-01 4.07965750e-01 7.88114309e-01
    3.10727715e-01 4.04342473e-01 9.42780852e-01 2.70731628e-01
    9.91019964e-01 5.40102720e-01 1.15070939e-01 3.50598872e-01
    4.61450756e-01 1.50759548e-01 7.75200129e-01 5.82573891e-01
    3.91117901e-01 1.16156638e-01 9.64519560e-01 9.61958647e-01
    6.47903442e-01 7.40433455e-01 2.72474468e-01 2.46532023e-01
    7.14064658e-01 3.20858240e-01 8.28359962e-01 3.89757633e-01
    6.30590022e-02 2.71451801e-01 9.75688338e-01 2.16657877e-01
    6.39765620e-01 2.67406344e-01 9.10306096e-01 3.71708333e-01
    6.62956715e-01 2.34235227e-01 5.19540191e-01 5.80344200e-01
    8.28142047e-01 2.51558065e-01 4.08524752e-01 3.99770737e-02
    1.73651874e-01 4.88365501e-01 8.62495899e-02 5.03532052e-01
    8.97821784e-03 9.04364109e-01 7.76373386e-01 7.50894725e-01
    3.39364111e-01 4.82874960e-01 7.46749282e-01 3.76294076e-01
    3.90775710e-01 2.34315991e-01 3.06088895e-01 8.23115826e-01
    8.09953451e-01 8.68076801e-01 8.28717887e-01 9.13364887e-01
    4.94265258e-02 9.00215030e-01 7.26399422e-01 8.60618234e-01
    8.26727033e-01 7.46177018e-01 6.67100608e-01 6.57733262e-01
    1.48671925e-01 8.47200274e-01 9.71354306e-01 3.09669405e-01
    1.12929016e-01 7.73124039e-01 9.77053702e-01 1.64135396e-01
    3.03642452e-01 4.18219298e-01 9.93923545e-01 6.00290656e-01
    5.98487496e-01 3.74033451e-02 9.27504897e-01 4.86399204e-01
    3.36289406e-04 8.38091493e-01 9.60384011e-01 6.04142785e-01
    2.03675985e-01 9.95377600e-02 3.33175421e-01 6.68887377e-01
    7.14648366e-01 5.55472076e-01 5.41761875e-01 2.05579728e-01
    6.29174471e-01 1.18246496e-01 9.03055310e-01 8.79633844e-01
    8.61291230e-01 1.68854386e-01 7.51459956e-01 6.26852214e-02
    4.28719521e-02 6.06462479e-01 4.55947042e-01 8.91381800e-02
    9.08640385e-01 4.75701123e-01 5.50136030e-01 4.80129629e-01
    7.87214875e-01 8.10455084e-01 1.05960011e-01 3.72942120e-01
    8.79805446e-01 3.80954385e-01 7.68365264e-01 9.56821442e-03
    4.10710096e-01 3.26237679e-01 1.48723125e-02 7.61851907e-01
    1.61642224e-01 6.66105747e-01 2.84791172e-01 8.09753537e-01
    8.47379148e-01 6.16357803e-01 8.65084350e-01 2.69597292e-01
    1.70192182e-01 8.50175202e-01 3.26155901e-01 4.54470456e-01
    9.89006042e-01 4.23690677e-01 1.90336525e-01 2.41293401e-01
    8.17638218e-01 1.59568071e-01 9.83210087e-01 6.67415500e-01
    9.24058914e-01 1.90292805e-01 6.54024541e-01 7.84135997e-01
    8.22757840e-01 4.91207868e-01 5.57883799e-01 2.49671608e-01
    1.80733442e-01 8.73991728e-01 7.56286383e-01 3.37942779e-01
    6.45838261e-01 2.42249370e-01 3.51132572e-01 7.60776043e-01
    6.11756682e-01 5.83297908e-01 4.65521038e-01 3.10201555e-01
    3.90965700e-01 8.03395271e-01 1.21878117e-01 2.11283356e-01
    5.47228575e-01 9.67963934e-01 3.67434025e-01 2.65565872e-01
    8.88096750e-01 2.76803076e-01 1.94776654e-02 8.51727247e-01
    7.77031064e-01 6.80196643e-01 7.86163211e-01 8.07437599e-02
    1.15889907e-01 2.98877954e-01 6.72784746e-01 3.46167982e-02
    9.99835134e-02 7.01278508e-01 3.15219581e-01 8.96294594e-01
    9.55201328e-01 8.86621773e-01 2.58152068e-01 4.50871676e-01
    6.08458877e-01 2.80402929e-01 5.19132197e-01 3.43157887e-01
    1.56134933e-01 6.95705116e-01 5.47159314e-01 6.57508492e-01
    1.90232903e-01 9.69774127e-02 2.34834820e-01 5.11263013e-01
    5.34538865e-01 7.74565101e-01 9.52242911e-02 6.93774104e-01
    7.42702186e-02 5.71428239e-01 7.39267588e-01 8.64148021e-01
    6.98742867e-02 5.87825656e-01 5.13830721e-01 2.39865780e-01
    3.78726661e-01 2.15690196e-01 4.97083843e-01 2.42178738e-01
    4.28933084e-01 7.32603550e-01 4.08814877e-01 1.46919221e-01
    8.39684010e-01 9.78743434e-02 6.70732141e-01 9.18069839e-01
    6.04914367e-01 1.85930431e-02 2.80231506e-01 1.38742238e-01
    9.26177740e-01 7.79225349e-01 5.01569033e-01 8.75980675e-01
    7.62919068e-01 8.73725653e-01 6.83836937e-01 4.71697956e-01
    4.45140451e-01 8.20936680e-01 9.04914498e-01 7.30678916e-01
    2.22167909e-01 7.48062789e-01 6.55354738e-01 6.38516843e-01
    3.95720720e-01 3.61048162e-01 6.62379920e-01 9.40664232e-01
    7.28817523e-01 2.87207127e-01 6.18700624e-01 6.20106816e-01
    8.63218307e-01 5.03889263e-01 5.19888699e-02 4.89534140e-01
    4.82290328e-01 8.33766341e-01 4.63240802e-01 7.82487571e-01
    2.38200843e-01 3.18675131e-01 1.13749802e-02 8.64903808e-01
    4.17618692e-01 7.59394169e-01 7.78734803e-01 5.50296783e-01
    5.04014730e-01 6.83116496e-01 8.26764345e-01 8.13682556e-01
    4.24397677e-01 4.11255449e-01 6.90116882e-02 6.89782083e-01
    3.93533409e-02 9.30649459e-01 6.58706486e-01 2.05275446e-01
    4.46680248e-01 4.88766879e-01 2.38327354e-01 2.11328477e-01
    8.83127749e-01 2.98418403e-01 4.93886173e-02 1.92529351e-01
    2.30741680e-01 1.67201161e-01 6.85120106e-01 1.22974813e-02
    9.78353977e-01 9.61639762e-01 4.01380390e-01 5.51640987e-02
    7.08367288e-01 5.96604645e-01 8.53094578e-01 7.88281202e-01
    1.85024679e-01 5.34132838e-01 5.33585668e-01 8.86143923e-01
    1.97305769e-01 7.16042936e-01 3.72130215e-01 8.69777203e-01
    6.85619414e-01 3.24809253e-02 6.18436575e-01 6.06229007e-01
    2.65225053e-01 2.24951118e-01 9.33379292e-01 1.99353606e-01
    8.45465779e-01 1.44619733e-01 9.14834142e-02 6.32148504e-01
    2.97024459e-01 6.78328931e-01 7.11261868e-01 1.85292572e-01
    3.51584733e-01 8.86739075e-01 3.84014994e-01 4.04930413e-02
    2.98675954e-01 7.20966160e-02 4.12596643e-01 5.14688969e-01
    8.51997614e-01 9.08847868e-01 5.83255947e-01 4.08768684e-01
    4.41356272e-01 8.13817859e-01 8.69000375e-01 4.81247008e-02
    8.56562436e-01 5.86241841e-01 3.07872027e-01 9.08228397e-01
    8.80894899e-01 1.73367321e-01 9.63828743e-01 6.70890927e-01
    8.94241571e-01 8.59887838e-01 8.08616161e-01 3.44359875e-03
    5.03290772e-01 7.66830444e-02 2.25099683e-01 7.55846679e-01
    9.15553927e-01 3.37720454e-01 2.62706101e-01 6.58553541e-01
    8.40490460e-01 2.60573238e-01 7.30193555e-01 4.59361076e-02
    7.96078801e-01 4.30450022e-01 5.42905867e-01 6.69955015e-01
    1.96539134e-01 6.88191295e-01 7.83427656e-02 2.41235852e-01
    7.07674503e-01 1.10121429e-01 7.70437717e-03 1.96058393e-01
    8.68345380e-01 9.42058682e-01 9.17938709e-01 5.84662437e-01
    8.79425645e-01 6.00662231e-02 8.32047462e-01 1.95158184e-01
    1.49818838e-01 5.38843513e-01 3.27671766e-02 6.00291133e-01
    4.99870390e-01 4.82415259e-01 6.72384739e-01 8.37828279e-01
    3.37293029e-01 7.33920813e-01 6.05984032e-02 5.52352667e-01
    1.07937902e-01 6.43181622e-01 5.30398965e-01 1.23679638e-02
    1.35998249e-01 5.89089334e-01 1.70635432e-01 9.27897096e-01
    7.04192162e-01 3.11104834e-01 2.83644021e-01 6.03242218e-02
    9.22223210e-01 9.54686403e-01 8.55133891e-01 5.70032537e-01
    2.14535445e-01 7.07784474e-01 1.86601639e-01 3.41999263e-01
    4.63047266e-01 3.07951570e-02 3.41594219e-04 7.95184255e-01
    7.27251649e-01 1.65988296e-01 3.54316950e-01 5.27899802e-01
    9.60851073e-01 1.11900270e-01 8.95619750e-01 3.47668558e-01
    8.54020834e-01 9.35049236e-01 2.93492377e-01 6.66845858e-01
    6.20685458e-01 9.88020778e-01 2.25882232e-01 6.87449694e-01
    7.36247718e-01 7.97832370e-01 5.49116731e-01 1.21156871e-02
    4.38007206e-01 7.59075403e-01 5.47916889e-01 9.28158045e-01
    2.08392829e-01 7.56540775e-01 5.94298184e-01 9.69043612e-01
    3.42395902e-01 9.40660477e-01 6.66661024e-01 7.02475309e-01
    9.51482534e-01 3.76560152e-01 9.30832148e-01 1.96415305e-01
    4.21387792e-01 7.75246024e-01 4.46275592e-01 8.09767365e-01
    2.97090709e-02 7.83699989e-01 4.14319098e-01 5.53620875e-01
    3.74411553e-01 2.76210517e-01 9.25626516e-01 3.97585630e-01
    8.53055179e-01 9.00127053e-01 9.80196357e-01 3.49981725e-01
    5.48034608e-02 1.61951661e-01 5.11831045e-01 1.71476603e-01
    1.78063363e-01 9.61630106e-01 5.40263891e-01 3.37186575e-01
    7.39708960e-01 6.67917490e-01 5.60711384e-01 3.11425269e-01
    3.91273141e-01 2.85443783e-01 4.48219121e-01 3.23707938e-01
    9.28058565e-01 7.33992457e-02 5.49250841e-01 6.07398748e-02
    8.83968949e-01 6.90790236e-01 7.59463549e-01 3.98280025e-02
    8.60266566e-01 9.26917374e-01 9.18076634e-01 6.18719757e-01
    2.28541255e-01 9.92883086e-01 4.39385921e-01 7.59122550e-01
    4.63344187e-01 6.96393311e-01 9.36938405e-01 8.87856781e-01
    4.04697180e-01 1.51668340e-01 7.70051837e-01 4.72257853e-01
    4.36944842e-01 1.40635639e-01 4.25907969e-02 6.32055402e-02
    1.25849336e-01 2.89757848e-02 9.91347313e-01 5.14199972e-01
    6.03163004e-01 1.55377299e-01 9.44607377e-01 4.22573745e-01
    5.80649436e-01 6.54571176e-01 7.06221700e-01 5.96802771e-01
    5.85757911e-01 8.72389555e-01 4.04420435e-01 5.06143689e-01
    8.31621110e-01 8.14903498e-01 2.15816826e-01 3.51146758e-01
    5.13044119e-01 7.62627661e-01 8.27682853e-01 1.80486560e-01
    9.46245492e-01 5.86187243e-01 4.10332620e-01 4.38415200e-01
    3.28450799e-02 8.19099128e-01 1.79111928e-01 7.90651917e-01
    4.39601243e-01 3.38115841e-01 5.01357019e-01 2.64458358e-01
    8.70555043e-02 4.87599313e-01 6.80381179e-01 9.24749970e-02
    3.97415459e-01 7.39279091e-01 5.73343873e-01 7.34183073e-01
    3.52333128e-01 5.89225113e-01 2.71782398e-01 3.75094116e-02
    7.38538027e-01 6.34668291e-01 4.20422077e-01 1.08885944e-01
    7.35469937e-01 8.47912908e-01 9.34305072e-01 3.60186815e-01
    4.68579620e-01 7.28034675e-01 2.99932599e-01 7.54060328e-01
    1.17206454e-01 1.10194981e-01 8.58514428e-01 2.46818483e-01
    5.74652970e-01 6.77720368e-01 8.74548554e-01 8.99362564e-02
    7.48339295e-02 6.78225338e-01 9.78007555e-01 4.04203475e-01
    2.96871543e-01 1.54342353e-02 6.97418571e-01 1.57264292e-01
    2.63124675e-01 8.02908838e-01 5.06426990e-01 1.74626917e-01
    3.55578393e-01 9.35957730e-01 6.24009490e-01 6.86743200e-01
    8.08416247e-01 1.54502720e-01 3.09857249e-01 2.23905742e-01
    2.37833112e-01 3.30919623e-01 2.47605473e-01 5.25849879e-01
    9.25882578e-01 6.19138002e-01 7.38347471e-02 9.49407935e-01
    2.97397017e-01 6.67844415e-02 4.44396496e-01 3.40576231e-01
    4.80250269e-01 8.86530995e-01 8.43295217e-01 9.92246389e-01
    8.71669888e-01 5.79631329e-01 2.67786980e-01 2.09388614e-01
    2.42674470e-01 7.55670071e-01 4.01585400e-02 6.77382708e-01
    8.88089776e-01 9.80916560e-01 5.73074281e-01 2.34941363e-01
    8.68311644e-01 4.08722878e-01 3.96868289e-02 8.24854791e-01
    1.53961450e-01 9.15280819e-01 4.84137535e-02 8.56838822e-02
    8.17910552e-01 1.95965737e-01 5.39448977e-01 3.61155570e-02
    2.70772696e-01 8.62378836e-01 6.27584517e-01 6.81371748e-01
    2.57432163e-02 7.43954420e-01 3.73416454e-01 7.26152956e-01
    9.54140306e-01 6.17766023e-01 6.06323063e-01 4.71739560e-01
    8.33511174e-01 1.21035188e-01 4.06426191e-03 2.79166400e-02
    6.32844925e-01 3.67595851e-01 5.52139640e-01 3.09400797e-01
    3.28871191e-01 1.22067392e-01 2.00314522e-02 8.05741668e-01
    3.15056860e-01 3.67045403e-02 3.06071401e-01 4.73570645e-01
    6.24356568e-02 5.35929263e-01 6.89612329e-02 6.09947443e-02
    8.13665628e-01 3.31056744e-01 5.73306620e-01 8.57096314e-01
    3.45440090e-01 4.26761568e-01 1.48508370e-01 5.87536514e-01
    9.23278630e-02 5.48097491e-01 6.77398503e-01 8.44549000e-01
    4.95692343e-01 4.20539141e-01 9.97059166e-01 8.37822258e-02
    9.93566930e-01 8.25185895e-01 9.80787814e-01 2.31774330e-01
    5.36881626e-01 7.37866402e-01 3.42411250e-01 5.33324838e-01
    7.57605016e-01 3.18016797e-01 2.32338518e-01 8.12303543e-01
    8.06569338e-01 1.13249511e-01 9.89605188e-01 1.14113748e-01
    8.59727561e-01 9.09915805e-01 3.56228828e-01 3.96578789e-01
    3.95754129e-01 9.00491178e-02 8.78165066e-02 5.24028838e-01
    4.89096493e-01 4.78615910e-01 6.77784085e-02 1.05838090e-01
    1.15564018e-01 2.11284757e-01 2.68306196e-01 4.07281756e-01
    7.44516015e-01 7.97855496e-01 2.60461032e-01 3.28902900e-01
    3.13255638e-01 4.70836163e-02 2.84579009e-01 8.30652952e-01
    1.12637341e-01 5.32580435e-01 1.64748430e-01 6.72070622e-01
    3.22505832e-01 6.93775117e-01 3.22256744e-01 8.20919156e-01
    4.39459056e-01 4.64225173e-01 1.73513740e-01 8.33662629e-01
    2.96883970e-01 7.83642769e-01 9.30990279e-02 6.77947760e-01
    7.17695355e-01 7.29019046e-02 5.68752289e-02 2.41531849e-01
    4.73480165e-01 4.66619134e-01 4.06041890e-01 2.90603608e-01
    7.65190125e-01 2.79286742e-01 3.83246541e-01 5.07905543e-01
    9.47312236e-01 4.39181030e-01 4.80008632e-01 5.24727583e-01
    1.51425272e-01 4.88509625e-01 7.43889272e-01 2.20223784e-01
    7.48819470e-01 3.59237105e-01 1.67166710e-01 5.74926198e-01
    7.71723866e-01 1.50115341e-01 2.65098751e-01 8.34513545e-01
    5.63596427e-01 2.22727954e-02 3.50740910e-01 6.85306668e-01
    1.32589817e-01 4.09908354e-01 3.09294760e-02 8.06139708e-01
    4.09633279e-01 6.24437928e-01 6.25072062e-01 4.69339490e-01
    6.26699924e-02 5.13162911e-02 2.69602597e-01 3.54004562e-01
    9.31416512e-01 5.71832001e-01 7.86600113e-01 5.53330064e-01
    1.88935518e-01 4.82159257e-02 9.79304612e-02 6.28963411e-01
    4.59322810e-01 3.98587883e-02 8.80471230e-01 2.91957974e-01
    1.54547483e-01 4.87155408e-01 1.01520121e-01 6.10264838e-02
    3.59768808e-01 7.14544594e-01 7.54180551e-01 9.12292004e-02
    3.69766235e-01 7.34115601e-01 5.94221413e-01 6.37195110e-02
    2.74541438e-01 1.26175880e-01 4.04608250e-01 6.53333008e-01
    3.68815958e-02 8.40899944e-02 3.60065103e-01 7.33278275e-01
    8.39912176e-01 4.98955131e-01 4.13489044e-02 3.46553206e-01
    9.31005538e-01 9.66974616e-01 6.22956753e-01 3.07264507e-01
    3.82295698e-01 4.95014340e-01 6.77773595e-01 6.97244644e-01
    8.05065870e-01 8.67582440e-01 7.95380473e-01 1.37352735e-01
    7.13665128e-01 7.89438605e-01 5.03302813e-01 8.26131999e-01
    6.47481978e-01 3.10147405e-01 4.97841239e-01 1.65555865e-01
    8.17054152e-01 9.54471111e-01 6.75619245e-02 3.86509299e-01
    8.32375288e-01 9.78307366e-01 5.78699052e-01 4.00222659e-01
    8.71651173e-02 6.60621524e-01 2.31714487e-01 1.15549475e-01
    3.41696620e-01 2.91849375e-02 2.58463979e-01 4.57987368e-01
    3.32906723e-01 5.42213619e-02 6.72568440e-01 9.39458132e-01
    2.49089897e-02 5.13115287e-01 9.04234290e-01 8.58492851e-01
    2.24242806e-02 3.78302574e-01 4.17298168e-01 4.28429544e-01
    6.18854761e-01 1.85294151e-01 7.60938525e-01 9.69171762e-01
    7.99444258e-01 2.38608390e-01 3.94640058e-01 7.70075321e-01
    5.36773503e-01 7.75353789e-01 5.54378390e-01 4.77465928e-01
    2.96443760e-01 2.38283336e-01 4.41774905e-01 6.71692312e-01
    4.03812945e-01 2.39187837e-01 7.23853409e-02 5.11771619e-01
    3.11316252e-01 9.57521319e-01 8.63794088e-02 8.18137705e-01
    2.43125319e-01 3.81362617e-01 9.66428280e-01 7.88440228e-01
    5.42250395e-01 2.23751217e-01 3.03048134e-01 7.86605418e-01
    5.44846356e-01 4.37615424e-01 4.05505270e-01 7.11574316e-01
    3.53827268e-01 6.45717025e-01 4.14500803e-01 5.98554611e-02
    4.87983614e-01 8.74376774e-01 6.15935504e-01 5.17227292e-01
    3.61212194e-02 1.34421408e-01 4.65005755e-01 2.08186805e-01
    4.60311770e-03 7.97105193e-01 6.04799271e-01 4.41655487e-01
    7.39915490e-01 2.68192112e-01 9.40761983e-01 4.78609085e-01
    2.15563148e-01 1.26784116e-01 4.84531641e-01 8.38433325e-01
    9.59872842e-01 9.00018573e-01 8.41759801e-01 5.82937360e-01
    2.86173105e-01 5.65678775e-02 8.84648323e-01 8.24244142e-01
    8.71455252e-01 2.48814613e-01 5.65442145e-02 1.23954803e-01
    8.67048264e-01 3.38111818e-01 8.99696589e-01 9.77624655e-01
    9.43431914e-01 1.93510354e-02 1.28307343e-01 9.33359206e-01
    5.42967379e-01 2.89612144e-01 4.79224324e-01 8.87119174e-02
    4.54838872e-01 2.95228899e-01 4.08786476e-01 6.48174763e-01
    2.39917636e-01 3.78229201e-01 3.09680909e-01 1.12876505e-01
    6.31156504e-01 6.29208088e-02 7.13685453e-02 3.55540633e-01
    8.25998425e-01 1.78128779e-02 1.39644355e-01 7.47574031e-01
    2.73837566e-01 7.93996632e-01 6.43875718e-01 5.27901471e-01
    2.65428662e-01 4.22469646e-01 2.68653035e-01 3.61464798e-01
    7.51447678e-01 3.04741025e-01 5.03361285e-01 9.54424083e-01
    6.75595403e-01 1.23771876e-01 5.08481741e-01 3.54804337e-01
    7.66088724e-01 9.61468041e-01 1.16845101e-01 8.50832760e-02
    1.02804124e-01 1.55355662e-01 5.19568145e-01 1.14439368e-01
    3.43067676e-01 5.60006976e-01 5.24370611e-01 6.84248686e-01
    2.58256972e-01 4.27066386e-02 6.70061827e-01 9.98298883e-01
    1.10025972e-01 8.40355039e-01 6.29090190e-01 7.11893082e-01
    7.63336062e-01 3.53294551e-01 7.88427472e-01 2.14546919e-02
    2.49164909e-01 1.33457243e-01 9.87702608e-01 9.18303788e-01
    1.51447684e-01 4.53491360e-01 4.45763379e-01 1.27770871e-01
    4.75532681e-01 5.77422202e-01 5.97289264e-01 5.04108846e-01
    5.17234206e-01 8.32221627e-01 8.40704203e-01 7.34735012e-01
    3.42067510e-01 5.01600027e-01 5.09471536e-01 8.42935205e-01
    3.76486778e-03 6.73764110e-01 2.06205189e-01 3.93568009e-01
    9.22723532e-01 8.21331620e-01 2.41470933e-01 8.30068350e-01
    3.23739052e-01 1.53792560e-01 5.26481867e-02 3.97769541e-01
    2.04283535e-01 9.88920629e-02 3.91891778e-01 4.57818627e-01
    4.03789848e-01 6.60239518e-01 6.41194105e-01 7.40279913e-01
    9.20100152e-01 1.10192299e-01 7.66748071e-01 9.11214650e-02
    5.01530468e-01 6.12621665e-01 9.07614827e-01 9.09606397e-01
    5.06574392e-01 2.98016071e-02 8.00987780e-02 9.89196420e-01
    3.39551866e-01 2.74591684e-01 7.90863156e-01 9.57348228e-01
    2.74005234e-02 2.73313642e-01 1.91066235e-01 1.55670434e-01
    6.31610632e-01 9.42438126e-01 6.05805516e-01 7.69421577e-01
    4.30895388e-01 6.21363044e-01 2.64600575e-01 2.04195380e-01
    6.40211880e-01 1.58086121e-02 1.44970000e-01 4.00103301e-01
    2.00351506e-01 8.53149295e-01 6.73768163e-01 6.56361639e-01
    1.17574424e-01 9.99725461e-01 2.07107127e-01 4.33794260e-02
    3.41720998e-01 6.22640014e-01 4.73245442e-01 7.13253319e-02
    8.15879881e-01 7.71379948e-01 6.38397634e-02 2.91514397e-01
    8.71523619e-01 5.21798372e-01 1.93117261e-02 1.21806771e-01
    2.48828530e-01 5.37697434e-01 2.77395844e-02 7.60229468e-01
    1.55629158e-01 5.34066617e-01 4.13291574e-01 8.19252551e-01
    6.49171174e-02 3.13176036e-01 2.35123098e-01 4.13747311e-01
    3.82486790e-01 5.10642469e-01 5.58920979e-01 4.50193226e-01
    8.10147822e-02 3.47047210e-01 4.22257721e-01 2.29937255e-01
    7.43632197e-01 8.93841684e-01 7.15086341e-01 5.08016229e-01
    4.32915151e-01 1.03433549e-01 6.53335333e-01 3.71138155e-01
    7.05533683e-01 6.74073875e-01 8.47436190e-02 5.14844835e-01
    2.90265381e-01 3.50457370e-01 2.73395479e-01 4.46707904e-02
    6.47130549e-01 6.13572776e-01 4.46647882e-01 8.89445066e-01
    6.16525054e-01 4.09527183e-01 7.93906093e-01 3.25727165e-01
    9.23141778e-01 5.95940411e-01 5.66586256e-01 6.92988157e-01
    5.18086731e-01 2.40196288e-02 3.80828023e-01 6.20954871e-01
    2.80791223e-01 7.67784894e-01 2.23141611e-01 1.42629206e-01
    6.58258677e-01 1.54057264e-01 2.62569666e-01 2.58442760e-01
    8.39764535e-01 3.54932904e-01 2.93718219e-01 2.18280435e-01
    1.87984467e-01 1.18833512e-01 7.46362805e-02 9.21392679e-01
    7.77729630e-01 7.70807683e-01 8.04518819e-01 1.45321906e-01
    9.93698716e-01 4.61908996e-01 2.11953938e-01 3.73601794e-01
    2.61039853e-01 8.04335177e-01 7.53814697e-01 1.33416891e-01
    9.70307112e-01 2.32274234e-02 2.15441585e-02 6.15097702e-01
    5.37848830e-01 1.77732170e-01 1.99088573e-01 4.41383362e-01
    4.82058764e-01 6.29800618e-01 6.31275594e-01 5.52126408e-01
    9.93808508e-01 3.70704591e-01 9.26221967e-01 9.95586276e-01
    4.92357343e-01 5.14038026e-01 5.30676007e-01 4.83140618e-01
    3.87138575e-01 2.35954493e-01 6.58250332e-01 1.26287073e-01
    1.96565747e-01 3.54546696e-01 3.74184608e-01 9.03297067e-01
    8.09911847e-01 3.30210984e-01 3.59360218e-01 5.83636642e-01
    2.05037475e-01 5.98408937e-01 4.60184634e-01 1.00152522e-01
    7.73213565e-01 9.59507346e-01 7.32429624e-01 4.41645533e-01
    1.50257975e-01 9.17942047e-01 3.52278382e-01 3.71872902e-01
    6.38675809e-01 8.18382502e-01 5.09928107e-01 7.67105520e-02
    3.19531173e-01 4.81474996e-02 6.69906557e-01 2.93462574e-01
    4.26220417e-01 7.28555679e-01 7.89184093e-01 5.72972953e-01
    5.72143197e-01 2.71380961e-01 6.75378442e-01 6.31574810e-01
    4.19836700e-01 6.20443642e-01 3.07328105e-01 1.49062783e-01
    5.70648253e-01 6.20921731e-01 7.35936403e-01 1.91756368e-01
    5.27999401e-01 7.67098308e-01 9.64808524e-01 2.24994093e-01
    3.46937537e-01 8.98703635e-02 8.04959774e-01 9.96003270e-01
    2.26769984e-01 7.41332769e-03 4.06874329e-01 9.26544070e-01
    2.13703811e-01 3.12923163e-01 5.52609503e-01 9.74918008e-01
    5.96136093e-01 2.90583313e-01 4.09811735e-03 4.32628989e-02
    2.58179754e-01 5.86996734e-01 4.08541262e-02 4.58116531e-01
    1.62947476e-02 9.81586814e-01 4.38532650e-01 1.27656758e-01
    5.19661605e-01 9.04867947e-01 7.59559870e-01 4.70567852e-01
    7.98258185e-02 3.25972259e-01 1.68991536e-01 9.40428495e-01
    9.39107239e-01 1.51032597e-01 2.13246047e-01 7.72230327e-02
    9.38664675e-01 1.22977942e-01 7.85230756e-01 2.21623778e-01
    1.70960754e-01 8.16432238e-01 3.15467119e-02 1.51781112e-01
    3.32374990e-01 5.10659099e-01 3.18899333e-01 5.48810780e-01
    5.93398213e-01 5.84211051e-02 2.02038050e-01 1.73224539e-01
    4.73697782e-02 4.14370656e-01 4.70122874e-01 5.54378569e-01
    5.29281259e-01 2.58548588e-01 8.12532902e-01 7.08747327e-01
    6.36416972e-02 9.24000621e-01 9.02055740e-01 3.29044104e-01
    6.64335608e-01 8.62191141e-01 7.52761364e-01 4.22374696e-01
    3.97365153e-01 2.03731716e-01 4.08997506e-01 5.27492762e-02
    2.79772997e-01 4.71997559e-01 2.16383874e-01 1.83175832e-01
    7.66710281e-01 3.89654547e-01 6.48020446e-01 9.61463749e-01
    6.61322832e-01 5.89251518e-03 6.09511673e-01 5.98912060e-01
    1.91428840e-01 4.43109810e-01 9.56796110e-01 5.46664298e-01
    6.73915744e-01 6.43037200e-01 6.45208418e-01 7.31698036e-01
    7.92583108e-01 6.51573658e-01 6.44006014e-01 1.08489335e-01
    3.90173972e-01 7.94160545e-01 5.18932164e-01 8.76419723e-01
    1.23129666e-01 8.82180929e-01 6.76227927e-01 8.45589995e-01
    9.16626871e-01 8.36958408e-01 8.81191373e-01 7.45912433e-01
    3.59876215e-01 4.43043828e-01 4.46739644e-01 7.30896711e-01
    7.08778858e-01 1.18250877e-01 2.39779681e-01 8.14277172e-01
    4.75802839e-01 1.78869754e-01 6.21138692e-01 6.67046070e-01
    6.13208234e-01 8.71724844e-01 3.57778996e-01 4.59841520e-01
    5.59104621e-01 8.67955387e-02 9.95009065e-01 2.99824893e-01
    8.31035018e-01 1.58798248e-01 6.30969405e-01 5.73303044e-01
    2.10871398e-02 8.50752711e-01 2.23412007e-01 7.25943685e-01
    7.70470142e-01 9.59050417e-01 5.03509641e-02 7.20165730e-01
    2.45496213e-01 5.41641772e-01 5.54353535e-01 8.96126032e-04
    5.33632696e-01 3.38368416e-01 4.87477869e-01 3.96678805e-01
    9.73878980e-01 1.31920367e-01 7.74462223e-01 1.85876995e-01
    1.16995394e-01 6.45812452e-02 9.24626827e-01 9.02288079e-01
    7.01114178e-01 2.94254571e-01 6.28602028e-01 7.83517540e-01
    4.96226639e-01 8.01424146e-01 5.98616719e-01 6.12046599e-01
    5.34342289e-01 7.86593556e-01 8.30194414e-01 5.34853816e-01
    1.55266643e-01 4.42009449e-01 3.11743408e-01 1.09935045e-01
    3.32083344e-01 8.18517447e-01 5.47333360e-01 1.76779240e-01
    8.94430995e-01 1.15904212e-01 2.41239041e-01 8.07263970e-01
    7.81021416e-01 8.94667745e-01 6.76427186e-02 6.83835626e-01
    6.35724664e-01 2.45564550e-01 7.62142718e-01 4.19027776e-01
    3.15025866e-01 5.16113997e-01 4.63290662e-01 4.14312035e-01
    2.21892297e-02 3.05409193e-01 5.09758770e-01 1.89453453e-01
    4.77133512e-01 6.55997157e-01 8.82424116e-01 6.28525376e-01
    3.60519558e-01 3.06987941e-01 6.35106921e-01 7.06266522e-01
    3.24624121e-01 5.09238422e-01 3.48861516e-01 7.87549317e-02
    4.33633655e-01 3.51055562e-01 4.04141933e-01 6.12150908e-01
    5.35319865e-01 6.03663027e-01 5.16283333e-01 6.15526319e-01
    1.80188447e-01 9.82901454e-03 2.37209976e-01 6.59005940e-01
    6.53602719e-01 2.41137594e-01 2.08522767e-01 7.48020291e-01
    7.06773400e-01 4.32147384e-01 3.52848053e-01 2.33171791e-01
    3.93789798e-01 1.34870797e-01 4.77403730e-01 6.06041908e-01
    5.30409455e-01 3.11228991e-01 9.67116773e-01 5.33517241e-01
    4.82813001e-01 7.32693017e-01 1.77350789e-01 6.32746637e-01
    9.11091089e-01 7.71566510e-01 7.28703439e-02 9.41719890e-01
    1.82548612e-01 8.93407106e-01 4.61897850e-01 7.82287955e-01
    7.97890782e-01 5.70291281e-03 8.09316635e-02 2.06932902e-01
    4.34043795e-01 3.35972488e-01 5.33207595e-01 8.33523989e-01
    5.96070647e-01 3.13501000e-01 8.73496294e-01 9.72915709e-01
    6.24477684e-01 5.37124395e-01 3.83316875e-02 3.14680159e-01
    3.99532735e-01 4.52525914e-02 8.54170084e-01 8.29662442e-01
    3.31716776e-01 7.45239735e-01 5.38422108e-01 7.38214910e-01
    1.96516514e-03 2.37120539e-01 2.70874679e-01 7.07840025e-02
    2.65011072e-01 3.49650443e-01 4.90715802e-02 1.99776471e-01
    4.39673126e-01 1.03509992e-01 5.16753495e-01 2.08877474e-01
    5.40722787e-01 5.82081914e-01 6.09372437e-01 3.29828441e-01
    6.73495173e-01 5.95813096e-02 2.72433728e-01 5.30668199e-01
    3.27409685e-01 8.49548697e-01 5.97981632e-01 2.49441624e-01
    4.71793711e-01 8.00610185e-01 7.02125669e-01 1.15836293e-01
    6.96918726e-01 3.29914808e-01 7.79580832e-01 9.46883500e-01
    5.31364918e-01 6.00613892e-01 9.67038870e-02 5.23009121e-01
    4.79945242e-02 4.78589684e-01 5.71382284e-01 2.56193519e-01
    2.15394348e-01 7.22786844e-01 9.53056335e-01 8.37269425e-03
    6.17928565e-01 1.81819528e-01 2.48855054e-02 1.07517242e-02
    3.15649867e-01 8.69962037e-01 5.43362260e-01 3.08207721e-01
    1.44232512e-02 9.56110001e-01 1.32558644e-01 7.82773077e-01
    9.74935532e-01 2.51128376e-01 4.15257901e-01 8.47680330e-01
    3.49416435e-01 6.67744935e-01 1.55217052e-01 6.26113474e-01
    5.31690300e-01 6.59568787e-01 4.31579560e-01 7.08338737e-01
    5.45213997e-01 3.74499321e-01 7.76858211e-01 9.84460711e-02
    8.19676697e-01 1.10889345e-01 1.04613572e-01 4.53796446e-01
    4.03641164e-01 5.08323312e-03 5.65106511e-01 6.80114865e-01
    4.14404303e-01 9.96402502e-02 6.27372324e-01 3.77870917e-01
    6.66397154e-01 9.83883142e-02 6.30598903e-01 9.80892181e-02
    2.66914129e-01 1.49082989e-01 3.47074836e-01 7.67306089e-01
    8.22482824e-01 3.02793682e-01 4.64739919e-01 1.13876760e-01
    5.72586775e-01 5.93194067e-01 6.73745751e-01 9.12470698e-01
    2.41935760e-01 3.49632978e-01 4.48824972e-01 4.68791991e-01
    8.47450674e-01 2.29316384e-01 6.16761148e-01 9.59958196e-01
    1.67193770e-01 5.68774760e-01 6.49333358e-01 2.81163394e-01
    7.78143644e-01 2.85938621e-01 5.93220711e-01 2.53555655e-01
    1.39672667e-01 8.02519798e-01 5.10693848e-01 4.34669167e-01
    7.65449405e-02 9.72657025e-01 7.30631828e-01 7.99731255e-01
    9.85613108e-01 5.20032585e-01 6.18172824e-01 3.64471883e-01
    3.10691118e-01 9.96366143e-01 6.81978464e-01 8.14873338e-01
    5.44702411e-02 5.88513374e-01 5.46689510e-01 2.94613063e-01
    2.13062435e-01 2.56042004e-01 8.50445569e-01 6.66663647e-01
    2.91620880e-01 5.58766305e-01 9.74126518e-01 9.86200213e-01
    8.19202065e-02 1.09393090e-01 4.57569242e-01 1.78946882e-01
    3.67676944e-01 5.84199250e-01 5.38074732e-01 5.40976167e-01
    6.85339987e-01 5.49214900e-01 5.26712358e-01 3.67050201e-01
    1.12951845e-01 1.15711123e-01 3.66469532e-01 6.16239905e-02
    4.60132986e-01 7.87657380e-01 6.17992163e-01 7.09380746e-01
    6.26541615e-01 9.88847017e-03 8.66644025e-01 5.48663557e-01
    9.96534586e-01 4.33067113e-01 1.80465847e-01 2.17358351e-01
    4.77921158e-01 2.66541719e-01 9.37161505e-01 2.28131354e-01
    6.11841977e-01 9.68201995e-01 8.75126123e-01 7.57263064e-01
    6.88205898e-01 3.45200926e-01 1.71350211e-01 1.22230291e-01
    1.48361892e-01 6.52276814e-01 9.55181718e-01 7.61329293e-01
    3.11388493e-01 9.34682786e-01 9.45534587e-01 4.93167251e-01
    9.21782255e-01 1.05018258e-01 9.30091918e-01 9.58640099e-01
    4.78568852e-01 8.56617570e-01 9.77011204e-01 9.84394252e-02
    7.20362663e-02 3.66981685e-01 8.36152971e-01 5.49124539e-01
    4.88197684e-01 4.08750206e-01 6.82485461e-01 7.66570508e-01
    7.57009029e-01 8.01372409e-01 4.71474528e-01 9.86606240e-01
    7.02142835e-01 3.03602159e-01 2.56149322e-01 4.79107767e-01
    1.99197471e-01 4.71299171e-01 7.98110247e-01 3.80274504e-01
    2.00732917e-01 9.24320877e-01 7.76533127e-01 3.14595371e-01
    3.82507473e-01 2.12285191e-01 7.24597752e-01 7.44688928e-01
    4.68134671e-01 9.32141244e-02 6.16311431e-01 7.24669099e-02
    1.49497986e-01 7.15752244e-01 7.91307807e-01 8.15014362e-01
    6.32448614e-01 3.24920297e-01 4.85240549e-01 8.30053926e-01
    4.57360208e-01 6.80585206e-01 5.26773751e-01 8.27046275e-01
    3.45700413e-01 5.68713248e-01 3.81618500e-01 3.40456784e-01
    6.11361802e-01 4.61031169e-01 3.89802188e-01 9.12029505e-01
    4.52207625e-02 9.78681207e-01 1.29511595e-01 4.73706692e-01
    3.22102964e-01 9.68399048e-01 7.52888083e-01 6.01081491e-01
    1.54083967e-02 2.29700744e-01 6.68290257e-03 4.66433585e-01
    6.42977774e-01 1.59234673e-01 5.33300459e-01 2.80597240e-01
    9.41935301e-01 7.43140161e-01 6.38904691e-01 7.04924703e-01
    2.15025753e-01 4.25063848e-01 2.46861935e-01 8.38042140e-01
    8.90125036e-02 1.73142731e-01 1.61852151e-01 3.09325635e-01
    1.43163830e-01 4.23265070e-01 1.03249937e-01 6.86903119e-01
    3.55005801e-01 5.72683215e-01 5.12421906e-01 7.57961273e-02
    8.11492205e-01 7.09321797e-02 6.08416080e-01 2.52066702e-01
    9.81017470e-01 4.84630197e-01 6.27367795e-01 5.38212895e-01
    4.71251279e-01 4.79096919e-01 7.98591375e-01 6.66789293e-01
    8.93784761e-01 3.58188897e-01 7.76060939e-01 3.97157758e-01
    1.85588717e-01 6.34992719e-01 5.05864382e-01 4.11606908e-01
    8.78149152e-01 7.03778207e-01 1.88124567e-01 4.35691535e-01
    6.58515573e-01 9.82381701e-01 7.25454211e-01 1.75141752e-01
    4.07282054e-01 2.23304898e-01 8.34303021e-01 9.22429979e-01
    2.49171376e-01 2.37012506e-02 4.14994746e-01 9.35739398e-01
    4.90652472e-01 4.83701438e-01 2.74765432e-01 9.41386223e-01
    2.89068282e-01 5.94732046e-01 5.28112590e-01 4.78161335e-01
    1.07728541e-01 3.15038681e-01 1.76096529e-01 3.91912371e-01
    5.95008433e-01 6.23327732e-01 3.38025093e-01 3.36897433e-01
    5.31699181e-01 3.31480861e-01 1.12166107e-02 1.43008441e-01
    5.13281226e-02 1.32370889e-02 9.11269546e-01 7.16072679e-01
    6.22022629e-01 3.81608725e-01 1.20719373e-01 8.51753950e-02
    2.36342847e-02 1.33686781e-01 7.81586766e-01 9.85904217e-01
    6.51674807e-01 8.96637022e-01 2.59194374e-01 6.34126186e-01
    6.86934710e-01 2.20901042e-01 1.41692758e-02 9.78768170e-01
    7.19775259e-01 8.09112906e-01 4.59719598e-02 6.87199950e-01
    3.37404907e-02 6.93476498e-02 5.54079175e-01 8.64511728e-02
    9.06685710e-01 6.99535370e-01 8.57970834e-01 2.39064932e-01
    1.03431612e-01 5.70275843e-01 6.01409376e-01 8.80290926e-01
    9.22328949e-01 8.48282576e-01 9.49212790e-01 2.96213567e-01
    6.55341148e-01 5.33771217e-01 7.97941327e-01 3.70329678e-01
    9.38323259e-01 9.44933414e-01 8.82467151e-01 4.55622375e-02
    7.22463191e-01 3.84249359e-01 4.63918835e-01 7.95179069e-01
    2.37475187e-01 8.64321709e-01 9.20448661e-01 1.92033648e-01
    3.23632240e-01 8.58598351e-01 2.69291818e-01 2.17398196e-01
    9.68181610e-01 8.13732266e-01 8.50759029e-01 5.14064312e-01
    4.34072256e-01 4.55355346e-02 2.07872480e-01 8.22763801e-01
    2.68264890e-01 7.73395419e-01 8.40497017e-01 9.12647247e-01
    5.68620384e-01 2.24760562e-01 5.45665205e-01 8.82150650e-01
    8.12109947e-01 1.84154749e-01 6.12680554e-01 2.06613123e-01
    2.44882792e-01 8.16463828e-01 6.32015407e-01 7.32096136e-01
    8.06571603e-01 3.21325064e-01 7.97434807e-01 3.15467685e-01
    1.02123857e-01 2.19686598e-01 1.02206230e-01 5.59131563e-01
    5.08692503e-01 1.52719527e-01 6.33416831e-01 1.86786652e-02
    1.14203721e-01 3.14506292e-01 3.32555473e-01 5.40096521e-01
    2.39769787e-01 5.90225160e-02 1.01043046e-01 5.13549387e-01
    4.95007455e-01 3.87707859e-01 8.19665849e-01 5.60781658e-02
    8.07038248e-01 4.39607501e-01 6.56691015e-01 4.25421655e-01
    9.27968621e-01 3.56445611e-01 5.57667077e-01 9.47796702e-01
    6.88157678e-01 9.45001841e-01 6.52123034e-01 9.99068499e-01
    5.04403353e-01 5.65246582e-01 4.65954214e-01 7.62456298e-01
    6.15581155e-01 3.17752063e-02 6.04695380e-02 2.48040885e-01
    9.86917019e-01 8.01932573e-01 5.04863322e-01 8.36772919e-01
    6.00796044e-01 8.58989000e-01 3.98904860e-01 3.62262428e-01
    5.68706989e-02 4.30939317e-01 4.46200907e-01 5.90925932e-01
    5.31593859e-01 6.11771345e-02 9.92714822e-01 4.33368981e-02
    2.25415409e-01 3.46913874e-01 6.09410584e-01 6.30193710e-01
    5.27825952e-01 2.68130690e-01 7.91492701e-01 4.21938062e-01
    5.96536994e-02 8.65857005e-01 3.15803885e-01 8.84493291e-02
    2.90992081e-01 4.04278904e-01 9.65445042e-02 6.91849887e-01
    1.57899648e-01 2.98697889e-01 8.20718527e-01 8.27551365e-01
    6.27922237e-01 9.42066431e-01 7.21360028e-01 1.86546981e-01
    6.34520471e-01 6.77609146e-02 4.94115442e-01 6.36613250e-01
    2.33144760e-02 8.71434450e-01 6.64997637e-01 7.20215797e-01
    9.48828936e-01 2.93882787e-01 2.79421419e-01 7.51690567e-01
    9.39535022e-01 7.85922170e-01 1.70495123e-01 5.59506834e-01
    1.61333978e-01 1.62502468e-01 6.71394467e-01 6.67949319e-01
    2.34999835e-01 3.77596349e-01 9.66175318e-01 4.34504122e-01
    1.43012017e-01 1.96964085e-01 6.30229354e-01 8.90807867e-01
    6.68428659e-01 2.33332634e-01 1.02741659e-01 4.74664718e-01
    6.24802291e-01 6.30403042e-01 1.01109922e-01 6.68419361e-01
    6.28526866e-01 2.78547108e-01 7.80594409e-01 2.97722012e-01
    9.07259822e-01 9.54570055e-01 2.12901682e-01 5.91280282e-01
    8.60638022e-01 5.39658964e-02 2.52929389e-01 9.12240863e-01
    2.80425072e-01 3.14435065e-01 4.54394668e-01 7.85200000e-01
    3.79822820e-01 4.97595966e-02 6.65602446e-01 2.21604705e-01
    9.59145427e-02 5.48873067e-01 5.46979129e-01 9.45412457e-01
    6.85783803e-01 9.40424681e-01 9.56257463e-01 2.68086731e-01
    5.07439077e-01 8.06629419e-01 7.36533821e-01 7.20068574e-01
    3.10797721e-01 4.24938679e-01 7.91466236e-03 5.96753001e-01
    7.64106631e-01 1.88463241e-01 2.63811827e-01 2.27887720e-01
    9.03866827e-01 4.00114298e-01 6.80616498e-01 3.65703702e-02
    5.74994981e-01 1.40954435e-01 6.69949949e-02 4.12144125e-01
    3.57056737e-01 3.86452049e-01 6.22979760e-01 7.55729377e-02
    3.37835848e-02 1.60186589e-01 9.83220100e-01 6.94951296e-01
    3.16489220e-01 7.92436004e-01 7.04972327e-01 7.12411880e-01
    3.83554280e-01 9.77038741e-02 4.13326234e-01 1.95359528e-01
    9.40706015e-01 1.77460521e-01 6.43584669e-01 8.70979011e-01
    3.16269994e-01 8.78391266e-01 3.16124856e-01 2.71649957e-01
    5.35882473e-01 4.21423793e-01 8.17919075e-02 4.41951722e-01
    2.23772258e-01 7.01856077e-01 1.81623638e-01 7.48897791e-01
    1.30308986e-01 8.62868726e-01 9.96781290e-02 3.53310764e-01
    8.84422660e-01 6.56662226e-01 2.07677156e-01 6.20901287e-01
    9.27280188e-02 1.50940835e-01 7.20127463e-01 2.88467646e-01
    2.93876708e-01 2.63555646e-01 5.15637219e-01 2.46549487e-01
    5.27065992e-01 7.48417616e-01 3.96957248e-01 2.17011958e-01
    5.80181777e-01 4.46513236e-01 1.54053211e-01 7.05959141e-01
    7.46012330e-01 7.18960643e-01 9.61344957e-01 1.92851603e-01
    6.99814796e-01 4.84928727e-01 6.96801126e-01 4.01487201e-01
    3.55698705e-01 4.31096971e-01 6.79394364e-01 6.62252367e-01
    9.22504067e-01 7.03889847e-01 6.93745613e-01 1.56580269e-01
    1.08364791e-01 6.67395353e-01 8.71756077e-01 8.18209767e-01
    8.72453749e-02 4.66705590e-01 2.11453944e-01 4.34842855e-01
    8.82611275e-01 4.75045532e-01 6.32679880e-01 6.70229137e-01
    8.36469293e-01 3.39657485e-01 1.54366910e-01 5.95862210e-01
    8.13298106e-01 2.41975874e-01 8.60655189e-01 5.73231220e-01
    1.82661116e-01 1.93946749e-01 9.83450234e-01 3.03833067e-01
    1.15306020e-01 3.10073674e-01 9.36700225e-01 2.37876475e-01
    2.65976787e-03 7.62165070e-01 6.08042896e-01 4.28082943e-01
    7.38014817e-01 6.23194754e-01 9.18607354e-01 9.39583480e-01
    6.95928037e-02 4.99273598e-01 5.82805336e-01 8.14557552e-01
    7.24566162e-01 6.12230361e-01 6.62533939e-01 8.74341369e-01
    2.81219631e-01 5.82008421e-01 3.35353136e-01 2.98680544e-01
    7.27105677e-01 5.56921065e-02 3.73591542e-01 5.79350173e-01
    7.08364010e-01 6.98623359e-01 3.37882638e-02 9.89379585e-01
    9.11491752e-01 4.01525825e-01 9.81623232e-01 8.27522635e-01
    3.80466342e-01 4.50669706e-01 8.03669989e-02 8.00028265e-01
    1.69250846e-01 3.32321107e-01 5.40628552e-01 3.62806082e-01
    5.09686291e-01 2.81275839e-01 6.27695203e-01 3.12628984e-01
    7.47671723e-01 9.96249437e-01 9.02861714e-01 6.00298882e-01
    3.49897027e-01 5.03971398e-01 2.99613863e-01 5.29791355e-01
    9.27290082e-01 6.26528859e-01 2.94969499e-01 6.06791675e-01
    2.51585662e-01 7.45464087e-01 4.46478069e-01 4.08429205e-01
    7.70471990e-01 4.20424849e-01 2.09117800e-01 1.55263931e-01
    4.07205462e-01 4.86557245e-01 8.39999676e-01 4.46202457e-02
    2.28900731e-01 9.53699470e-01 8.78857195e-01 1.32500082e-01
    5.55775940e-01 7.21602082e-01 3.06107104e-01 7.27650940e-01
    9.41812515e-01 1.75665915e-01 7.22718000e-01 9.90025043e-01
    1.42007470e-02 2.15757281e-01 8.20982695e-01 8.62458646e-01
    9.65229571e-02 5.22541404e-02 6.24094009e-02 3.31264555e-01
    8.79256189e-01 6.62779212e-01 4.24064279e-01 8.30298305e-01
    4.54595327e-01 8.78188610e-02 3.84050906e-01 6.59070134e-01
    2.86184341e-01 8.95447493e-01 2.42486179e-01 4.48844671e-01
    5.32109737e-01 1.59031481e-01 3.69407356e-01 8.16945910e-01
    9.57108378e-01 5.43708801e-02 8.18216503e-01 9.02738273e-02
    6.04146600e-01 6.04316235e-01 6.05332315e-01 3.43654782e-01
    2.48446792e-01 4.21063364e-01 8.38658094e-01 8.99463892e-03
    3.22710782e-01 7.10996747e-01 4.04041350e-01 6.72901928e-01
    3.54589432e-01 7.94151485e-01 9.99884307e-01 4.56549585e-01
    5.30036688e-02 4.19794321e-02 8.09564650e-01 8.03707838e-01
    4.24488693e-01 6.14161670e-01 1.43186986e-01 8.20547342e-01
    9.77910399e-01 3.69690657e-02 6.99228406e-01 5.77138543e-01
    2.20582366e-01 4.20857191e-01 4.25637662e-02 5.91179311e-01
    9.04774666e-03 8.49497318e-01 1.90897435e-01 4.67526555e-01
    5.48890293e-01 1.62344962e-01 4.79881883e-01 4.22154278e-01
    3.46746445e-02 2.80697167e-01 5.39187908e-01 7.26989150e-01
    9.79612827e-01 4.04684693e-01 7.31466711e-01 5.73756695e-02
    3.46154571e-01 6.92655921e-01 8.26480865e-01 5.74436307e-01
    2.83953965e-01 9.23406601e-01 5.99724352e-01 2.46634185e-01
    7.58091569e-01 5.11224031e-01 8.98325920e-01 7.69454241e-01
    3.42849016e-01 5.84490478e-01 7.37158060e-01 7.36039758e-01
    8.93746436e-01 7.02545047e-01 7.14748442e-01 6.51962876e-01
    4.33051586e-03 6.24432981e-01 4.41239804e-01 2.04183012e-01
    4.33471501e-01 2.56383330e-01 6.62028193e-02 7.59889722e-01
    2.32286334e-01 3.40848446e-01 4.48501706e-01 5.74739456e-01
    2.76386142e-02 1.71640366e-01 7.60247946e-01 5.67519188e-01
    4.56098795e-01 3.60098362e-01 8.34969282e-01 2.95528889e-01
    8.84355307e-01 6.50929689e-01 5.49714744e-01 7.57176399e-01
    5.04438579e-01 2.08301455e-01 1.89863056e-01 7.26800501e-01
    1.50174111e-01 3.28413963e-01 2.85135686e-01 3.65779459e-01
    7.29500413e-01 4.19365436e-01 6.02111876e-01 7.95437813e-01
    7.45631754e-02 4.65389580e-01 8.14300418e-01 5.92960358e-01
    1.06293768e-01 5.00008166e-02 6.71637714e-01 4.92970347e-01
    9.95334148e-01 6.45324707e-01 5.41620493e-01 6.39121532e-02
    3.00419450e-01 9.71372008e-01 8.34932566e-01 1.51652783e-01
    7.44059145e-01 3.83353382e-01 6.37087703e-01 8.23825777e-01
    2.94450730e-01 4.93742228e-01 9.33520198e-01 3.12284648e-01
    9.03558969e-01 2.65855372e-01 2.66901463e-01 5.74582219e-01
    9.09895897e-01 5.25731087e-01 2.46172488e-01 8.60070169e-01
    3.60165894e-01 3.35835695e-01 2.99685746e-01 6.14942968e-01
    9.61170614e-01 2.10851341e-01 5.97843409e-01 1.89903468e-01
    7.08835781e-01 3.57207537e-01 9.05415177e-01 5.61727464e-01
    6.74900830e-01 1.25744432e-01 4.11444187e-01 6.09216094e-01
    1.36330724e-03 4.06778753e-02 2.06857443e-01 6.24293923e-01
    5.18334389e-01 2.70847559e-01 7.46459186e-01 7.73821354e-01
    2.93618619e-01 2.41982341e-01 9.19023991e-01 2.37780362e-01
    5.09863496e-01 3.78445506e-01 4.34037834e-01 4.68581617e-01
    7.61972785e-01 4.98881876e-01 2.95872748e-01 5.13930917e-02
    5.97311318e-01 2.84668207e-02 8.47565889e-01 3.94445807e-01
    1.73077047e-01 8.38290036e-01 6.56437993e-01 4.28792983e-01
    4.10722256e-01 1.51328385e-01 6.82768941e-01 9.75417078e-01
    8.83778095e-01 5.01733124e-01 6.03556335e-01 9.08098578e-01
    2.19790816e-01 8.52007747e-01 3.85952681e-01 7.29101419e-01
    4.82752621e-01 7.62741566e-01 8.49599957e-01 4.79883611e-01
    1.79628581e-01 2.77596414e-01 4.68703181e-01 9.33040202e-01
    9.96107578e-01 8.09740901e-01 6.82844222e-01 4.89709407e-01
    9.34850097e-01 5.74183762e-02 7.08739281e-01 5.37323177e-01
    2.16382295e-01 5.63192606e-01 9.26826000e-01 6.86188698e-01
    1.79488271e-01 4.04251933e-01 4.33030486e-01 9.38059926e-01
    5.10954022e-01 3.02552164e-01 4.13748085e-01 3.94861162e-01
    9.17061508e-01 9.94522154e-01 9.92013454e-01 8.31015706e-01
    5.13832331e-01 3.13107222e-01 4.17501986e-01 9.89824653e-01
    1.82154238e-01 2.38544345e-02 6.96773589e-01 6.53733015e-01
    9.07614589e-01 5.58030546e-01 7.40084052e-01 7.57297754e-01
    6.02778018e-01 6.59066439e-01 3.83031785e-01 2.09065408e-01
    3.21488380e-01 8.37326765e-01 8.66159678e-01 6.47536099e-01
    8.10878694e-01 4.23789173e-01 5.78486323e-01 6.95517659e-03
    2.28203714e-01 6.36680186e-01 8.28503609e-01 4.29326713e-01
    3.63906085e-01 6.76856875e-01 5.29529572e-01 8.12765598e-01
    8.27279329e-01 9.11198974e-01 8.81598949e-01 9.15723205e-01
    6.88051283e-01 3.02428544e-01 2.31675804e-02 6.26423001e-01
    1.53659850e-01 9.02962744e-01 8.37704241e-01 6.00453138e-01
    5.73557675e-01 2.12148875e-01 8.19669366e-01 4.63577986e-01
    7.42656231e-01 5.65481663e-01 1.27844006e-01 2.20554471e-01
    2.59461820e-01 8.58197987e-01 4.25034463e-02 4.09435481e-01
    6.01858377e-01 2.07747847e-01 3.16759646e-01 9.14361835e-01
    5.97956061e-01 5.74752688e-02 9.34302688e-01 9.66039300e-01
    1.21515810e-01 5.74760437e-01 3.19073439e-01 4.41785842e-01
    7.93206453e-01 6.43483639e-01 5.09790480e-01 6.70430303e-01
    5.29549122e-02 5.28827667e-01 3.79389256e-01 8.66884291e-02
    1.47156954e-01 4.94064152e-01 5.87630332e-01 9.75271404e-01
    7.96397150e-01 4.25705373e-01 1.17992789e-01 1.08320117e-01
    5.33911109e-01 4.30631042e-01 8.38997006e-01 1.75326616e-01
    3.12775075e-01 3.69803160e-01 1.87479317e-01 4.22006667e-01
    6.47608757e-01 5.09450614e-01 3.14102411e-01 7.31267273e-01
    3.04134488e-02 4.46821839e-01 5.12232482e-02 1.61719710e-01
    9.52297807e-01 1.35994107e-01 6.24453187e-01 1.12655640e-01
    8.61489296e-01 1.08629465e-03 8.15111995e-01 3.25967640e-01
    6.03781462e-01 9.50304568e-02 1.65398359e-01 4.64764863e-01
    5.42087078e-01 2.33347148e-01 1.82522565e-01 5.17923176e-01
    7.40263045e-01 4.26864535e-01 1.78105623e-01 9.75188196e-01
    1.07470423e-01 3.90290797e-01 6.13045812e-01 4.26911473e-01
    2.87249744e-01 1.43009424e-03 5.63502431e-01 5.30074060e-01
    9.95497465e-01 9.67498124e-01 7.57288933e-03 2.42311656e-02
    4.52098638e-01 8.76276135e-01 2.15230912e-01 9.36364710e-01
    5.27629554e-01 3.12322319e-01 3.89306933e-01 4.18827981e-01
    7.39371657e-01 3.71111631e-02 6.08074307e-01 8.78356457e-01
    2.46732920e-01 9.43962038e-02 7.52557158e-01 5.98535359e-01
    1.02695048e-01 7.92577267e-02 3.80753517e-01 2.59828687e-01
    9.02316988e-01 5.08917928e-01 5.03535211e-01 1.48233891e-01
    8.35460186e-01 4.27150667e-01 6.54462039e-01 1.30109161e-01
    5.85463166e-01 6.48541808e-01 5.30026138e-01 2.77449667e-01
    7.79768229e-01 6.70852184e-01 8.02141905e-01 2.75542676e-01
    7.47732759e-01 3.24071348e-01 7.99638331e-02 5.74444652e-01
    2.25406677e-01 9.51871991e-01 2.18361467e-01 8.31011236e-02
    5.84624708e-01 3.66208494e-01 6.77482009e-01 8.34603071e-01
    9.21373725e-01 7.46020496e-01 9.39912796e-01 1.61264926e-01
    9.23297703e-01 3.50743294e-01 7.22396076e-02 2.87039995e-01
    4.88372356e-01 1.55967623e-01 9.93082285e-01 7.12057352e-01
    2.68655121e-01 4.92824793e-01 2.27108419e-01 7.85867393e-01
    8.97724807e-01 4.51833040e-01 7.28031635e-01 4.14245367e-01
    6.03967965e-01 7.21923113e-01 2.87633836e-01 4.30618644e-01
    3.10992122e-01 5.57105124e-01 7.27028847e-01 5.33089638e-02
    5.37572384e-01 2.10172266e-01 1.02562189e-01 9.14320409e-01
    8.54558706e-01 6.28825784e-01 8.66179824e-01 4.70941871e-01
    5.39650559e-01 6.69806123e-01 6.74173415e-01 4.28592443e-01
    8.15253794e-01 7.28169680e-01 3.47264409e-02 9.58140731e-01
    9.29641724e-01 8.38933408e-01 5.52236199e-01 4.36942995e-01
    9.96680021e-01 5.05787373e-01 3.84217799e-02 3.58169556e-01
    8.99613738e-01 7.03705192e-01 3.46429646e-01 4.39431369e-02
    6.83980942e-01 1.25575423e-01 9.13744330e-01 4.14154857e-01
    6.84607923e-02 5.67087412e-01 8.31390202e-01 5.30563712e-01
    9.69347715e-01 9.85087991e-01 3.47329676e-01 1.82744592e-01
    2.59113073e-01 1.47445142e-01 4.96832311e-01 1.62579745e-01
    2.60169566e-01 5.32907724e-01 2.98168361e-02 3.68035674e-01
    5.59225738e-01 7.68335342e-01 9.16366458e-01 8.82426500e-01
    6.32458985e-01 7.46100247e-01 5.31900644e-01 9.37908888e-01
    3.85821939e-01 9.03555274e-01 1.11463785e-01 4.78813499e-01
    9.05720592e-01 8.01841617e-01 4.30869132e-01 4.91297543e-01
    3.96706253e-01 5.75710833e-01 1.94877416e-01 3.76354933e-01
    5.10208189e-01 7.79743433e-01 6.80916727e-01 8.02229583e-01
    5.40486932e-01 6.59830987e-01 5.97797334e-01 5.00528753e-01
    5.20446241e-01 7.38222897e-01 5.88226080e-01 2.23374963e-02
    3.60459328e-01 4.84055996e-01 1.17504478e-01 4.49906677e-01
    5.35688758e-01 4.19893503e-01 4.94994015e-01 2.51324415e-01
    8.07108760e-01 5.73227584e-01 9.36652660e-01 4.50724304e-01
    4.86425042e-01 9.66262996e-01 8.57790768e-01 4.84448224e-01
    5.44357300e-02 5.42761207e-01 3.39127481e-01 3.78841370e-01
    7.36854970e-01 2.80329466e-01 5.91650486e-01 7.99800932e-01
    9.95546699e-01 3.26132059e-01 2.19006866e-01 8.46379757e-01
    7.80804574e-01 8.73186946e-01 2.99735010e-01 8.13144684e-01
    3.45084727e-01 1.60661370e-01 5.83119988e-01 6.22430801e-01
    3.05732399e-01 1.22760803e-01 4.79684412e-01 7.36740828e-01
    3.08128178e-01 8.04736912e-01 8.09081197e-02 3.88452202e-01
    1.74477667e-01 5.79798222e-02 9.53928947e-01 5.21297157e-02
    5.33959150e-01 2.75516570e-01 1.87442243e-01 1.54549479e-02
    1.48836285e-01 5.69103539e-01 4.16518182e-01 8.77488732e-01
    7.85931110e-01 9.77191925e-01 9.75455761e-01 7.43109107e-01
    4.24289018e-01 5.94904482e-01 7.39478886e-01 4.93768781e-01
    8.23830128e-01 2.19940245e-02 2.49835849e-01 1.48535699e-01
    4.88603711e-01 3.71543258e-01 4.21222419e-01 8.13010216e-01
    1.39970243e-01 9.36785221e-01 7.00692773e-01 4.30824697e-01
    1.97385818e-01 6.56567574e-01 6.95429742e-02 7.71498978e-01
    5.05061328e-01 8.65098238e-01 6.40313089e-01 1.78774923e-01
    1.12375379e-01 5.54817796e-01 3.29788923e-01 5.19065619e-01
    9.08485174e-01 2.79355586e-01 2.91955054e-01 8.03053260e-01
    9.40134048e-01 2.03738213e-01 4.60700989e-02 2.37311989e-01
    8.93340468e-01 8.69004846e-01 2.98596144e-01 5.76734900e-01
    3.19789708e-01 6.33250475e-02 1.77057415e-01 4.84652907e-01
    9.44319308e-01 3.70572269e-01 9.83226895e-01 5.82177460e-01
    4.34246361e-02 7.24443913e-01 9.05532718e-01 2.26454616e-01
    6.60109758e-01 5.24733961e-01 4.83354002e-01 9.57233608e-01
    2.19456643e-01 9.60883498e-02 8.65031481e-01 8.35982323e-01
    3.19435000e-01 1.20396018e-01 7.27744102e-02 6.98559344e-01
    7.85908103e-03 8.18374932e-01 4.83334184e-01 6.54128790e-02
    6.85334265e-01 3.19979697e-01 5.32600045e-01 1.64963454e-01
    5.41608155e-01 3.72816741e-01 8.57555270e-01 7.09261060e-01
    6.99028611e-01 1.70383722e-01 7.91743457e-01 4.88439798e-01
    3.85779530e-01 7.20055223e-01 7.21135855e-01 3.36640537e-01
    8.45599651e-01 9.16683078e-02 8.36747766e-01 7.68044472e-01
    8.08009028e-01 4.19191122e-01 6.20088577e-01 3.55537117e-01
    5.96659064e-01 9.08061743e-01 3.70923162e-01 1.42257750e-01
    6.05265498e-02 6.88644648e-02 3.86207998e-02 6.86124265e-01
    6.84155643e-01 2.65150130e-01 5.76550782e-01 7.99009562e-01
    7.42415905e-01 2.43368298e-01 4.56931025e-01 8.00254047e-02
    4.50263858e-01 9.08043027e-01 6.04804277e-01 1.65018559e-01
    6.13265395e-01 7.47882128e-01 3.03697348e-01 4.53757167e-01
    9.99728680e-01 1.14421368e-01 8.21343899e-01 4.31983203e-01
    6.46713614e-01 6.27020955e-01 9.67407227e-02 5.09923458e-01
    6.30669296e-02 2.29258627e-01 8.66352975e-01 7.36623645e-01
    7.36302912e-01 2.80465484e-01 9.60094333e-01 3.66817832e-01
    2.12962925e-01 3.14298362e-01 5.65547705e-01 9.34290171e-01
    3.13608140e-01 9.09342408e-01 1.70368701e-01 7.21035898e-01
    6.59584522e-01 3.78582090e-01 5.11095166e-01 9.02205229e-01
    6.72289193e-01 8.23344469e-01 2.85217106e-01 3.18371713e-01
    5.33038855e-01 9.06694770e-01 6.75034285e-01 3.61256182e-01
    4.09013331e-01 7.33310223e-01 2.40246505e-01 5.31006813e-01
    8.78108740e-01 2.11265624e-01 7.99109936e-01 9.58608031e-01
    3.47386301e-01 3.53505015e-01 3.43762934e-01 7.39701986e-01
    8.55259776e-01 9.72139716e-01 6.44730508e-01 9.62856174e-01
    5.00165999e-01 1.04711235e-01 4.40505564e-01 1.24182284e-01
    4.05432284e-01 3.36482912e-01 5.98045111e-01 6.93464279e-01
    2.95263618e-01 1.73574179e-01 2.84340143e-01 8.57439995e-01
    2.43990898e-01 6.52933002e-01 1.13351882e-01 1.62048548e-01
    3.83589685e-01 6.66517615e-02 8.13566208e-01 9.99015927e-01
    5.45922577e-01 2.14494556e-01 6.74648225e-01 7.44509101e-02
    1.05435222e-01 1.49779022e-02 2.10216343e-01 7.60231376e-01
    4.46271896e-02 7.25649357e-01 3.16784978e-01 2.56349742e-01
    4.27651465e-01 1.36703640e-01 1.49634302e-01 5.94355941e-01
    3.12399447e-01 8.84453893e-01 5.37010610e-01 2.20213979e-01
    7.88909435e-01 6.90378547e-01 1.26002789e-01 2.17272818e-01
    1.12648815e-01 4.78596509e-01 1.66544050e-01 7.80560613e-01
    7.73879886e-03 4.73333567e-01 8.63818884e-01 7.46010780e-01
    1.30147249e-01 8.00961018e-01 8.35557342e-01 1.05773330e-01
    5.97037852e-01 7.09511638e-02 5.06903529e-01 8.84174883e-01
    7.80297637e-01 3.04148972e-01 9.19794738e-01 1.70733750e-01
    9.44856763e-01 8.10319901e-01 6.87425673e-01 3.65435988e-01
    8.46787095e-02 3.63101304e-01 9.68413115e-01 1.06285691e-01
    7.74766028e-01 8.71088266e-01 3.63947392e-01 9.69362974e-01
    8.22722793e-01 9.56638813e-01 2.39674330e-01 8.34084630e-01
    3.20031345e-01 4.48522866e-02 2.26852685e-01 3.34128499e-01
    8.52685571e-02 7.21667588e-01 9.97988582e-01 5.23627043e-01
    9.66472507e-01 9.82392073e-01 3.26007247e-01 3.00163686e-01
    4.49792415e-01 2.67411590e-01 6.07506931e-01 9.07079697e-01
    2.06749141e-01 1.10657603e-01 5.77872932e-01 4.16899055e-01
    1.43627554e-01 7.59143829e-02 2.48544782e-01 6.80240631e-01
    8.60074639e-01 4.14698601e-01 2.18682766e-01 4.88076687e-01
    5.43085694e-01 9.29044962e-01 8.07866812e-01 5.75215936e-01
    9.43535864e-01 5.72652757e-01 1.63315594e-01 4.72578794e-01
    4.39580411e-01 9.15698290e-01 1.25271618e-01 3.97424400e-01
    7.29462862e-01 3.05505931e-01 4.52150553e-01 8.11623037e-01
    2.62568831e-01 6.38266444e-01 4.65644419e-01 9.05117631e-01
    9.54664588e-01 6.93642914e-01 1.73307955e-02 9.26752985e-01
    5.54244816e-02 9.11075473e-01 6.10435665e-01 3.03778738e-01
    8.48345518e-01 3.91604364e-01 2.92659640e-01 1.22753024e-01
    1.55895114e-01 7.58868694e-01 8.49531293e-01 1.08733237e-01
    8.47558975e-01 1.71393216e-01 2.85973579e-01 4.06853735e-01
    1.94911033e-01 7.37917721e-02 9.25334454e-01 1.74550027e-01
    3.52061629e-01 7.18054652e-01 3.76846969e-01 6.64762795e-01
    8.27117443e-01 9.42150593e-01 3.20755720e-01 2.61180997e-01
    3.85145068e-01 6.86251521e-01 2.04550534e-01 8.29247534e-01
    4.58046407e-01 8.36964250e-01 1.52019560e-01 3.84524226e-01
    2.84805894e-01 6.67514205e-01 3.43197465e-01 1.96249217e-01
    3.55887711e-01 3.56471241e-01 8.00372958e-02 5.07106841e-01
    9.88332868e-01 9.21569467e-02 9.59798932e-01 7.24227905e-01
    8.35149407e-01 6.65237784e-01 8.02249193e-01 6.50866866e-01
    6.73486114e-01 4.91344929e-01 8.69597077e-01 9.91922498e-01
    9.55543756e-01 9.81352687e-01 4.63640690e-03 7.11096466e-01
    7.95620739e-01 1.09503537e-01 2.33536512e-01 3.44118595e-01
    1.40093863e-01 9.21940863e-01 4.58422959e-01 9.57909107e-01
    7.84215450e-01 7.52904177e-01 8.21574509e-01 6.70683682e-01
    4.08533096e-01 5.05400896e-02 5.63664258e-01 8.86413395e-01
    4.34542537e-01 3.13955486e-01 9.78607476e-01 4.37879324e-01
    8.55524063e-01 4.38745886e-01 4.19837356e-01 7.93047428e-01
    9.15291309e-01 5.77059865e-01 5.57257175e-01 8.66902471e-01
    7.59162307e-01 5.73704541e-02 4.34363961e-01 8.08006465e-01
    1.43102646e-01 4.66465890e-01 2.81321585e-01 3.20435047e-01
    5.14039099e-02 3.47448111e-01 1.45935982e-01 1.61086321e-02
    8.33845377e-01 1.23381972e-01 8.01303685e-01 7.03623712e-01
    1.69452101e-01 6.70012653e-01 2.68396854e-01 4.26317513e-01
    7.20963836e-01 9.49058175e-01 3.41713518e-01 4.26469058e-01
    8.72109175e-01 1.89762026e-01 7.39986420e-01 1.55021936e-01
    9.19048190e-01 4.73764896e-01 8.41693401e-01 9.45318818e-01
    4.39081192e-01 1.65052027e-01 4.51798737e-01 3.70313525e-02
    5.11611581e-01 6.69678271e-01 4.13867772e-01 1.81900561e-01
    9.02201116e-01 6.03483319e-02 7.37487435e-01 4.31579709e-01
    9.19053435e-01 9.53140378e-01 2.56457686e-01 1.24887019e-01
    5.42680800e-01 8.43255639e-01 1.63605690e-01 1.02238208e-01
    7.99723029e-01 2.06095845e-01 5.27332306e-01 7.20825791e-02
    9.29015040e-01 8.43845904e-02 2.24707067e-01 2.05028057e-03
    8.02243888e-01 5.78579843e-01 9.26038861e-01 3.18458498e-01
    3.04559797e-01 6.34260893e-01 7.78910220e-02 1.64269656e-01
    4.64055300e-01 3.83918256e-01 4.93868440e-01 9.88012195e-01
    5.95197499e-01 1.47415400e-01 7.82668531e-01 4.17018771e-01
    5.11400700e-02 7.21220016e-01 5.19509435e-01 8.30170393e-01
    3.99540097e-01 7.01722205e-01 6.57277346e-01 4.31552172e-01
    8.12507153e-01 5.70709705e-01 6.97744846e-01 7.53534198e-01
    8.00415754e-01 9.27880287e-01 8.25414777e-01 1.75737947e-01
    9.91860628e-01 1.24006033e-01 5.60894132e-01 9.40143466e-01
    5.13788223e-01 3.15057755e-01 4.57111299e-02 6.58491373e-01
    5.61787188e-01 1.71569318e-01 3.76031548e-01 7.43468523e-01
    9.93147075e-01 4.25693929e-01 9.80610609e-01 7.14815676e-01
    4.93890464e-01 4.67816859e-01 1.97039694e-01 1.51225477e-01
    8.03886473e-01 2.51177907e-01 5.87159932e-01 9.44175422e-01
    7.50251114e-01 5.59496403e-01 7.52718687e-01 2.96596885e-01
    9.63080883e-01 9.40800011e-01 3.66017640e-01 4.03556824e-02
    3.74754637e-01 3.25784415e-01 6.14466429e-01 6.27036810e-01
    7.15075850e-01 3.68817449e-02 7.93258309e-01 8.46187234e-01
    6.94756567e-01 7.39367127e-01 1.78247690e-04 5.89781702e-01
    3.99912149e-01 6.85033441e-01 8.25996399e-01 5.84312499e-01
    5.53081870e-01 6.92481697e-01 3.63999248e-01 5.76547027e-01
    2.99759358e-01 3.06719542e-01 2.16679960e-01 4.85764831e-01
    5.97140372e-01 1.69898957e-01 7.70336866e-01 3.54520023e-01
    2.18206376e-01 5.98442376e-01 7.75020540e-01 8.95427346e-01
    8.13393116e-01 2.44400382e-01 2.92276204e-01 8.04816604e-01
    1.09368950e-01 4.54603881e-01 7.39004970e-01 4.40654844e-01
    9.56086159e-01 3.50478858e-01 8.14578831e-01 8.04067492e-01
    7.21982658e-01 7.48186648e-01 8.76468539e-01 5.30924439e-01
    7.30963588e-01 3.88535500e-01 8.94021273e-01 2.22809285e-01
    7.59968460e-02 2.19242245e-01 1.81847662e-01 7.82365203e-01
    7.50793397e-01 9.92772818e-01 2.98591018e-01 9.71928239e-03
    2.68354148e-01 7.71405578e-01 1.25496894e-01 3.22733223e-01
    7.43744969e-01 2.12832481e-01 2.50584543e-01 3.47493231e-01
    5.04166961e-01 7.49074578e-01 2.51181424e-02 7.22084999e-01
    9.76467729e-01 4.52638566e-01 4.56049323e-01 4.66033071e-01
    7.52075672e-01 8.69238257e-01 6.95147574e-01 2.13510394e-02
    5.12440205e-01 1.65547311e-01 4.51312333e-01 2.13587254e-01
    9.64735031e-01 2.98469782e-01 1.95829868e-02 1.16832227e-01
    9.01695788e-01 7.72732317e-01 9.37674344e-01 1.71351880e-01
    5.38184822e-01 2.53688276e-01 9.19843912e-01 9.71271276e-01
    8.63410830e-01 3.94477189e-01 9.46800947e-01 7.66796291e-01
    3.05661261e-01 5.32244384e-01 5.38828015e-01 3.91717643e-01
    7.77065158e-01 3.76294196e-01 7.96255767e-01 4.04755980e-01
    2.35627621e-01 5.36486804e-01 7.31445253e-01 8.06471944e-01
    3.58144552e-01 9.88104939e-01 3.13619792e-01 4.27528322e-01
    3.06600720e-01 2.24604368e-01 1.37267143e-01 1.14917547e-01
    1.41590357e-01 5.59828520e-01 3.63119394e-01 5.16715646e-01
    7.16664195e-01 1.65601850e-01 2.69797087e-01 7.95513630e-01
    4.02751267e-02 6.37657166e-01 7.46925771e-01 4.42431509e-01
    4.80414450e-01 6.19504750e-01 3.98811430e-01 1.12494826e-02
    5.78738689e-01 4.19241309e-01 5.46028435e-01 2.78901488e-01
    9.85998929e-01 8.23822141e-01 7.59867728e-02 8.94914269e-01
    6.87406778e-01 8.65178108e-01 4.87995714e-01 9.19787943e-01
    2.25144625e-03 9.92290437e-01 7.64955759e-01 2.23580152e-01
    8.62473726e-01 3.40293288e-01 1.42834663e-01 7.50705719e-01
    6.61846995e-01 4.53572303e-01 5.88583946e-03 5.26885688e-01
    6.94387376e-01 5.83545625e-01 4.70089823e-01 3.91193926e-01
    8.27881038e-01 3.50411355e-01 4.92282808e-01 4.40755248e-01
    3.21540594e-01 1.75930351e-01 9.82719839e-01 7.42098391e-01
    6.98061883e-02 5.81466019e-01 9.55432534e-01 2.86592335e-01
    3.71939361e-01 4.72819448e-01 9.53261018e-01 3.44924569e-01
    4.68518704e-01 1.45483911e-01 3.23725343e-01 9.35141146e-01
    1.60818756e-01 4.41413522e-01 5.81646800e-01 3.60211074e-01
    9.96009588e-01 1.91694260e-01 6.25075936e-01 4.77801889e-01
    5.16256094e-02 7.10319042e-01 5.43596327e-01 9.86633003e-01
    2.21926898e-01 6.83118343e-01 9.88046169e-01 4.31025892e-01
    2.98219085e-01 4.99507487e-01 3.13543558e-01 1.75459027e-01</data></test_img>
<my_img type_id="opencv-matrix">
  <rows>128</rows>
  <cols>256</cols>
  <dt>f</dt>
  <data>
    5.33959866e-01 1.79753125e+00 -5.61711192e-03 2.06738281e+00
    1.87328625e+00 -2.43779495e-01 5.93534708e-01 1.10852301e-01
    8.48690569e-02 3.41267169e-01 1.56251699e-01 1.49497569e+00
    5.22715092e-01 1.54406518e-01 1.28890657e+00 1.91749287e+00
    3.49475294e-01 -1.03355944e-02 3.96113843e-01 -3.63205791e-01
    7.84555495e-01 1.51934594e-01 2.13646626e+00 1.03184319e+00
    -1.33919299e-01 8.37558687e-01 4.41043377e-02 6.95914984e-01
    -2.46129811e-01 1.35947847e+00 1.50974095e-02 2.08052921e+00
    2.63711035e-01 1.44025469e+00 1.22341800e+00 8.06862116e-02
    1.65926754e+00 1.44515216e-01 -1.72379300e-01 2.00497174e+00
    2.73468673e-01 8.32366943e-01 1.87760592e-01 1.91213644e+00
    -8.66423249e-02 2.54935026e-01 1.71546602e+00 3.97093415e-01
    1.63810945e+00 1.61187530e+00 3.98946106e-01 8.20816636e-01
    1.71520233e+00 2.10830688e+00 2.01918268e+00 1.10413122e+00
    2.10062957e+00 1.50794864e+00 1.79280818e+00 4.16959882e-01
    1.16035223e-01 -3.73642981e-01 1.48106027e+00 1.49640119e+00
    9.79518294e-02 1.03440309e+00 1.56490111e+00 1.83887517e+00
    2.12450767e+00 8.49819958e-01 1.40976703e+00 1.00655389e+00
    1.77035630e+00 1.19887662e+00 1.87481785e+00 5.37205815e-01
    5.97343445e-01 7.84626126e-01 4.09661829e-01 2.08918047e+00
    -7.10760653e-02 -9.35905278e-02 9.77596283e-01 -2.00621963e-01
    1.49479294e+00 1.01896882e+00 1.93950129e+00 3.13946605e-02
    1.61711752e-01 1.16630220e+00 7.83326268e-01 4.24385309e-01
    5.74149728e-01 -3.28463167e-01 1.16155171e+00 5.84742188e-01
    7.98846006e-01 8.12024176e-02 1.37255442e+00 2.13736725e+00
    -4.00421202e-01 1.75807607e+00 8.87143612e-03 2.09547973e+00
    7.63651788e-01 -2.77347565e-02 1.43043554e+00 7.86211729e-01
    1.61055136e+00 6.01198256e-01 1.65172851e+00 1.96508443e+00
    1.96648860e+00 1.74275088e+00 -2.50572503e-01 7.74098039e-01
    1.29105496e+00 1.06615329e+00 9.11929250e-01 3.53506893e-01
    5.14807642e-01 1.71151280e+00 -3.12857538e-01 2.16549587e+00
    1.63233364e+00 3.95381242e-01 6.30603194e-01 -3.43753070e-01
    1.17063791e-01 1.64806068e+00 3.86045277e-01 2.02444053e+00
    1.11132658e+00 7.43965387e-01 1.65124750e+00 5.90909004e-01
    1.10350251e-01 1.48631835e+00 1.19742084e+00 1.97868621e+00
    5.01966774e-02 1.72268939e+00 9.09041584e-01 -3.95477235e-01
    2.07497406e+00 8.74109209e-01 2.21184015e-01 1.81481171e+00
    1.43926263e+00 1.99150634e+00 5.53824544e-01 7.08517671e-01
    -3.97235662e-01 1.30665898e-02 -8.85490775e-02 -1.02690130e-01
    -9.53565836e-02 9.74696398e-01 4.48383093e-01 6.89656734e-01
    1.27014422e+00 1.67056692e+00 1.46736979e+00 -2.67141968e-01
    1.83178937e+00 3.35217625e-01 -2.19773278e-01 2.02105856e+00
    -2.98460662e-01 1.31976843e-01 1.35967195e+00 -2.30605066e-01
    7.74949193e-01 1.59155798e+00 3.52941155e-02 1.17599237e+00
    7.12184548e-01 -3.23481083e-01 2.74334818e-01 2.02863622e+00
    5.84825277e-01 -3.72827947e-01 5.05542457e-02 -9.68480110e-03
    1.57135201e+00 1.50504613e+00 3.31992328e-01 1.27460039e+00
    7.47177601e-01 2.89640665e-01 9.73351955e-01 1.78345633e+00
    9.76962924e-01 -3.00280929e-01 1.49301934e+00 3.07078123e-01
    -1.21120512e-02 1.09732330e+00 2.91585326e-01 1.09518790e+00
    4.97826457e-01 2.45241642e-01 1.05763650e+00 -4.53736126e-01
    8.76121759e-01 7.71160007e-01 2.01361275e+00 9.57428455e-01
    3.45261246e-01 1.14143872e+00 2.14430630e-01 2.05445266e+00
    9.23978031e-01 2.12003469e-01 1.79272676e+00 4.92782295e-01
    -3.29453051e-01 3.72700334e-01 -3.14888895e-01 2.10916376e+00
    1.83681440e+00 1.98704457e+00 1.21997893e+00 -2.50904769e-01
    1.09978056e+00 1.97488570e+00 9.65604782e-01 9.64712739e-01
    1.58883274e+00 7.95131683e-01 6.36770248e-01 1.40877867e+00
    4.44496572e-02 2.08484077e+00 2.09469461e+00 1.39208412e+00
    1.39864326e-01 2.07686365e-01 3.93980563e-01 7.05438256e-01
    1.57093287e+00 1.11384487e+00 1.63841188e+00 5.23291051e-01
    6.55740023e-01 1.98707747e+00 1.82183981e+00 2.10273123e+00
    4.62874770e-02 1.76462591e+00 4.76785272e-01 -2.74031550e-01
    1.06434751e+00 1.85367846e+00 5.43731809e-01 4.62611377e-01
    5.58461010e-01 1.38270032e+00 6.12861276e-01 1.49746132e+00
    2.26725101e-01 5.62886000e-02 1.56342351e+00 8.14170539e-01
    7.59420693e-02 9.77589190e-02 1.14703918e+00 3.34594429e-01
    4.37066615e-01 6.42863691e-01 9.32618976e-01 1.53481579e+00
    1.19945288e+00 4.16044176e-01 1.32928252e-01 2.44370878e-01
    -4.51062620e-01 1.86937380e+00 1.52397299e+00 1.38730824e+00
    2.08553696e+00 6.82056427e-01 2.58563161e-01 2.88125515e-01
    1.52591598e+00 4.29434955e-01 1.78098679e+00 1.31545067e-02
    -4.59175318e-01 1.09851491e+00 3.35556209e-01 8.52032423e-01
    8.10090244e-01 6.03712320e-01 1.11123347e+00 -4.39296186e-01
    1.57471704e+00 9.28789616e-01 2.29928553e-01 4.09957230e-01
    8.63257885e-01 -4.83688354e-01 1.81240749e+00 1.19644332e+00
    -5.12981534e-01 4.81036067e-01 1.23822975e+00 1.03056979e+00
    -1.69925988e-01 1.54901505e-01 2.95653760e-01 1.64308047e+00
    1.99170256e+00 -3.13801765e-02 6.40243769e-01 6.41300023e-01
    1.72528553e+00 3.20868671e-01 -2.44185567e-01 1.94146395e+00
    1.66666460e+00 1.35854888e+00 1.97503948e+00 1.60987890e+00
    1.51550651e+00 9.18045282e-01 1.98425853e+00 -2.48235166e-01
    8.68927956e-01 7.68721879e-01 4.90005434e-01 5.18049002e-02
    -2.40960717e-02 1.10585570e+00 3.00277472e-02 -2.89486527e-01
    7.18962252e-01 5.90467155e-01 -3.48874480e-01 9.92228389e-02
    6.83202744e-02 8.77560914e-01 1.27525878e+00 9.67205405e-01
    -2.62496054e-01 1.02408159e+00 -3.11459869e-01 1.49576336e-01
    1.70081723e+00 6.17698550e-01 -2.68237382e-01 3.80200028e-01
    4.79694843e-01 -2.09915638e-03 2.67648637e-01 1.51838529e+00
    1.78900218e+00 5.00171363e-01 2.24185705e-01 1.77745271e+00
    1.75850844e+00 1.77496600e+00 9.41721499e-01 7.10514486e-01
    1.92063224e+00 1.86119556e-01 -1.62468553e-02 1.20179152e+00
    1.67996788e+00 1.76320767e+00 3.92018557e-01 -1.46079004e-01
    1.94994271e-01 2.34302700e-01 1.63927943e-01 -3.90619338e-01
    -1.37789577e-01 4.82809126e-01 3.59059572e-02 9.25320387e-01
    1.69786263e+00 2.00571656e-01 1.78072250e+00 1.25275159e+00
    1.38915074e+00 9.44588721e-01 -2.52243429e-01 1.69052815e+00
    -1.88226104e-01 1.47819006e+00 3.75983477e-01 1.07647014e+00
    1.09562349e+00 5.51583946e-01 1.62444878e+00 1.15813160e+00
    1.71923614e+00 1.02619135e+00 6.18819594e-02 2.57163882e-01
    -2.10312784e-01 1.21376634e-01 1.73045230e+00 2.04638767e+00
    -1.75065964e-01 5.38526058e-01 1.60077560e+00 -3.85152698e-01
    3.79558027e-01 1.09010816e+00 -3.38270724e-01 8.07641447e-01
    6.74549639e-01 1.38055658e+00 -1.04510814e-01 7.14207292e-02
    -3.68033171e-01 1.41917455e+00 1.20986128e+00 8.75954390e-01
    1.62830079e+00 3.92164171e-01 8.23319018e-01 1.45864391e+00
    1.65558910e+00 1.45464659e+00 1.98645103e+00 6.94398761e-01
    1.44508505e+00 1.67213094e+00 -5.28328240e-01 6.70036197e-01
    -4.79977250e-01 -5.36957860e-01 7.07919955e-01 7.14530528e-01
    -2.77744859e-01 2.04081297e+00 7.40475893e-01 1.45145679e+00
    6.16110981e-01 1.00368690e+00 1.73781276e+00 1.62320256e+00
    1.12497163e+00 1.43972230e+00 9.20591235e-01 3.56100261e-01
    7.09023058e-01 4.73059595e-01 -2.99503118e-01 1.13269830e+00
    1.62872100e+00 1.06254077e+00 -5.46667993e-01 1.10836816e+00
    1.93244648e+00 1.78653979e+00 1.68590903e+00 1.60874343e+00
    -1.07848644e-01 1.62427425e+00 1.57656491e+00 2.65749395e-01
    1.50391102e+00 -2.64702320e-01 1.89325738e+00 1.78407025e+00
    9.37274218e-01 1.33153653e+00 5.37915230e-02 1.52218390e+00
    9.07848537e-01 7.86002278e-01 9.91878271e-01 5.02141893e-01
    1.61946845e+00 4.72583532e-01 6.53128743e-01 1.31950545e+00
    1.58482981e+00 4.47413325e-02 -4.30890501e-01 1.92340744e+00
    6.55005217e-01 1.50071454e+00 -6.05897248e-01 -5.59288502e-01
    2.01019835e+00 3.57448578e-01 1.42936552e+00 6.25812709e-01
    1.28232741e+00 1.18477440e+00 1.37007046e+00 1.91512597e+00
    1.01878226e+00 1.62974143e+00 4.49194968e-01 1.07274425e+00
    1.23977125e-01 -3.38768631e-01 2.48691559e-01 1.78169513e+00
    1.89752126e+00 2.28014171e-01 1.54787350e+00 6.86210036e-01
    1.83047462e+00 -3.02924216e-02 1.00783205e+00 1.03893864e+00
    -8.78092647e-03 8.64955962e-01 -4.54798520e-01 1.94878423e+00
    1.91975045e+00 -1.67022943e-01 1.62210357e+00 -4.61729646e-01
    5.40883362e-01 -3.86952221e-01 -1.06079847e-01 9.12249088e-03
    8.18643570e-01 8.63939285e-01 1.22526383e+00 8.20277452e-01
    1.80108845e+00 1.85433578e+00 5.74433029e-01 -3.59195083e-01
    1.13520694e+00 -2.46262640e-01 1.50285506e+00 2.80823171e-01
    -2.59966105e-01 1.56678391e+00 7.14480221e-01 -1.93627387e-01
    2.38612413e-01 1.08652341e+00 2.08048761e-01 -4.75918055e-02
    2.67073512e-02 1.03210688e+00 1.31280577e+00 -3.49650353e-01
    -4.42737430e-01 7.56836772e-01 -5.02560019e-01 -2.83430517e-01
    4.19090211e-01 1.72232962e+00 1.31083465e+00 -2.97703803e-01
    1.32845497e+00 7.47048199e-01 4.84513700e-01 1.45846248e+00
    1.41623330e+00 1.51245332e+00 6.29378557e-02 4.87163842e-01
    -2.91723102e-01 9.36292052e-01 5.87294221e-01 1.51597679e+00
    -8.92641544e-02 -6.07164741e-01 1.92065835e+00 1.47913516e-01
    1.30842686e+00 8.78797293e-01 1.54773939e+00 1.38481784e+00
    -4.99598473e-01 -4.51409638e-01 6.61464632e-01 7.50724256e-01
    1.22494268e+00 -2.99267799e-01 1.67936468e+00 -2.23954499e-01
    1.75870514e+00 8.30916464e-01 1.31600690e+00 1.56578255e+00
    1.18064761e+00 1.61907363e+00 1.26630688e+00 -3.31174523e-01
    1.78972769e+00 2.55383432e-01 -1.25028968e-01 8.29671919e-01
    9.74374890e-01 -1.29756063e-01 1.94212759e+00 5.86431384e-01
    1.32082760e-01 1.56628633e+00 1.83122396e+00 -2.82555461e-01
    4.13887441e-01 6.91753209e-01 5.18175364e-01 1.82840061e+00
    1.21867585e+00 -2.86863953e-01 1.41059399e+00 9.77899909e-01
    4.63958204e-01 -3.92209828e-01 1.19507742e+00 1.77106404e+00
    -4.61471528e-01 1.51849639e+00 1.38920784e+00 5.41059256e-01
    3.47896755e-01 5.81896365e-01 -3.60350609e-01 -1.25184715e-01
    -1.22398734e-02 5.41977227e-01 9.14830863e-01 6.69670224e-01
    1.54937363e+00 8.49775434e-01 1.43492293e+00 6.21689498e-01
    4.95835185e-01 3.72488260e-01 3.79265130e-01 7.59321153e-01
    8.66351187e-01 6.01634502e-01 4.88698840e-01 1.77245283e+00
    1.38545847e+00 8.61794353e-02 -4.80769634e-01 -5.16309917e-01
    -3.83230448e-01 -2.26708502e-01 -4.35224056e-01 9.83615279e-01
    1.02551723e+00 5.31458259e-01 2.14701355e-01 -5.96256375e-01
    1.18812013e+00 1.27970791e+00 -4.10993844e-01 1.36753249e+00
    1.79975414e+00 3.40663970e-01 6.05550289e-01 1.19477534e+00
    7.10603595e-02 4.24186587e-02 9.69299674e-01 -4.83759642e-02
    5.84704041e-01 -4.79493976e-01 -5.12316167e-01 2.03762150e+00
    7.33362436e-01 1.07400656e+00 4.76150692e-01 1.28593123e+00
    1.34716713e+00 -1.91985369e-02 5.62764108e-01 5.11672616e-01
    1.18596351e+00 1.40813613e+00 -5.41135907e-01 1.60377860e+00
    -4.42259729e-01 -4.87365127e-01 -5.17983139e-01 1.74633908e+00
    1.78745425e+00 -7.67332315e-02 1.28349805e+00 1.67950964e+00
    5.27630150e-01 7.86697567e-01 9.72252011e-01 1.05605769e+00
    1.50905371e-01 -1.87149823e-01 5.10238647e-01 3.63638997e-01
    -5.70711732e-01 9.98789430e-01 1.73227310e-01 7.36402750e-01
    4.39605951e-01 5.67588329e-01 -1.82932049e-01 -4.06269670e-01
    1.83618748e+00 1.92893767e+00 -3.93983841e-01 1.89376473e+00
    5.23275733e-02 1.61765599e+00 9.33417559e-01 1.63637066e+00
    -6.08049572e-01 -3.42309505e-01 -4.96852338e-01 1.54868960e-02
    1.93116224e+00 3.68948579e-02 -4.74588811e-01 7.12110639e-01
    1.32381368e+00 1.85071421e+00 -5.00097454e-01 4.98979986e-01
    1.55114102e+00 -2.89022923e-02 1.94145584e+00 1.35167170e+00
    1.78867793e+00 4.63274181e-01 -6.41697288e-01 1.31042874e+00
    1.17259157e+00 4.96740937e-02 -1.38905227e-01 3.51893663e-01
    7.39383280e-01 6.10922039e-01 -6.67851150e-01 1.22968543e+00
    1.21458387e+00 1.13702416e+00 6.54119372e-01 8.85399163e-01
    3.05635333e-01 -6.86103702e-02 1.10598636e+00 1.33622396e+00
    1.72229123e+00 1.44126785e+00 1.22422552e+00 4.23186183e-01
    6.33119166e-01 1.39664948e-01 1.18428469e+00 1.45434356e+00
    1.37962747e+00 1.40808702e+00 -4.18116897e-01 1.69104195e+00
    1.29363561e+00 -1.15442991e-01 1.52324128e+00 1.80241513e+00
    -3.54785979e-01 5.85200191e-02 8.17586422e-01 -2.23819777e-01
    -3.53181779e-01 2.33573407e-01 1.65659702e+00 1.29296637e+00
    5.01001894e-01 -1.32084489e-02 4.18831706e-01 -5.62396646e-01
    1.87660813e+00 4.33164060e-01 2.65257359e-01 1.10707533e+00
    1.10650361e+00 1.68256998e+00 -3.76699567e-02 1.54713929e-01
    1.88177907e+00 -6.66719139e-01 -3.22297484e-01 1.11581326e+00
    1.10866404e+00 7.29415655e-01 1.43536115e+00 1.52256882e+00
    1.33315277e+00 1.88027430e+00 7.21186996e-02 1.17910886e+00
    2.26466715e-01 2.07271457e-01 5.48744142e-01 1.63028264e+00
    -5.78500032e-01 7.09670186e-01 5.03077865e-01 -4.05694634e-01
    1.21731043e+00 8.42219353e-01 1.18085980e+00 2.78077602e-01
    1.68579888e+00 -5.39484143e-01 -6.78909719e-01 5.88668287e-01
    1.62430024e+00 1.86774206e+00 1.65190148e+00 5.60390115e-01
    -3.65420729e-01 7.42546737e-01 1.14888322e+00 9.47569609e-01
    1.55267131e+00 1.58438373e+00 -7.93775201e-01 -4.93581474e-01
    -5.90188503e-02 1.71567225e+00 8.27006459e-01 1.74644947e-01
    1.70536995e-01 1.92418396e-01 6.01133645e-01 6.64395630e-01
    -7.61592865e-01 -5.99248886e-01 1.00076008e+00 3.94202411e-01
    -5.36756396e-01 -7.90985048e-01 6.17624760e-01 -6.30942345e-01
    8.00303876e-01 -7.40987003e-01 3.46878409e-01 1.78051639e+00
    -5.66712022e-01 5.90398669e-01 8.35756660e-01 7.47912884e-01
    -5.08261681e-01 5.04821420e-01 1.95836639e+00 1.44892073e+00
    4.97388899e-01 2.51938403e-01 3.17414463e-01 -3.18428218e-01
    1.36735582e+00 3.31518531e-01 -2.27004856e-01 -5.24520576e-01
    -6.22214437e-01 1.75309467e+00 4.99721646e-01 9.50685799e-01
    3.98459077e-01 -4.66148674e-01 -3.86250019e-02 -5.90694129e-01
    7.99546480e-01 1.09724069e+00 9.26543474e-01 2.74960697e-01
    1.15131187e+00 3.05026591e-01 1.61739755e+00 1.59329844e+00
    -6.98376894e-02 -2.80071646e-01 -7.14895606e-01 7.23836124e-01
    1.84412897e-01 1.82843494e+00 4.31105196e-01 1.89656949e+00
    -3.74501556e-01 -2.90260911e-02 1.78553534e+00 5.86404383e-01
    4.33937609e-01 1.15765095e-01 5.53646445e-01 -3.33113313e-01
    -6.95476055e-01 1.63658619e+00 1.40893865e+00 1.81300628e+00
    1.17799497e+00 -1.35909140e-01 1.79977989e+00 6.09449863e-01
    9.70159173e-02 1.10740209e+00 9.19851899e-01 -5.69852054e-01
    5.21910250e-01 -1.44236445e-01 1.61784554e+00 2.97662020e-01
    7.70576715e-01 9.45953071e-01 5.79777658e-01 -8.11692655e-01
    1.84185815e+00 1.24140108e+00 -8.20056319e-01 2.05083549e-01
    1.20837104e+00 -4.96197641e-01 1.88244033e+00 1.62026739e+00
    1.12635589e+00 6.93314135e-01 1.56443167e+00 5.76041162e-01
    5.69955409e-01 1.77844393e+00 1.29016662e+00 1.12912989e+00
    1.27827227e+00 4.35558617e-01 1.20699918e+00 1.08813763e-01
    1.75869203e+00 -2.29373962e-01 1.51826930e+00 -5.38629115e-01
    -1.77830696e-01 9.78719354e-01 5.72700024e-01 1.34377110e+00
    8.79409254e-01 1.83260107e+00 1.59763432e+00 1.78524423e+00
    1.31519997e+00 1.39295721e+00 5.07643580e-01 1.40363872e+00
    1.18790483e+00 1.84006715e+00 1.11364317e+00 8.68619144e-01
    1.02186084e+00 6.50645435e-01 1.58269858e+00 2.56450355e-01
    1.53062010e+00 -1.64107442e-01 7.13858843e-01 2.26005316e-02
    1.75875854e+00 2.50507832e-01 -3.93513829e-01 7.41362154e-01
    1.76069129e+00 1.51338911e+00 8.68717968e-01 1.37071061e+00
    -4.31951076e-01 1.20577049e+00 7.47979581e-01 1.57498956e+00
    4.58464205e-01 8.24304819e-01 2.50615835e-01 2.57286906e-01
    5.51457107e-01 5.24388969e-01 5.25476336e-01 -4.98577565e-01
    8.67389083e-01 1.85812640e+00 1.68552697e+00 1.80402637e+00
    1.27909994e+00 1.47932267e+00 1.09209871e+00 1.88993788e+00
    1.11266446e+00 1.02383494e-01 1.81205451e+00 -1.25885189e-01
    3.48790824e-01 -2.05232322e-01 6.87734306e-01 1.11595392e+00
    5.63300490e-01 1.88596344e+00 4.42296505e-01 1.82327795e+00
    1.13890719e+00 -3.45884472e-01 7.13200748e-01 3.14168215e-01
    -8.07737291e-01 1.66958165e+00 -2.98726797e-01 6.52245224e-01
    2.58927941e-01 1.31865835e+00 1.35048282e+00 -4.90992278e-01
    6.25148177e-01 1.04562640e+00 1.21033370e+00 -3.16052020e-01
    1.86529756e+00 2.49712884e-01 1.92653632e+00 -4.42170173e-01
    1.41317403e+00 1.24327511e-01 5.77081084e-01 1.78258610e+00
    -5.00493109e-01 5.89636624e-01 1.48441935e+00 1.44221103e+00
    -4.72939014e-02 -5.12781501e-01 4.17168677e-01 -5.41121006e-01
    6.15092933e-01 -1.19961500e-02 7.49730289e-01 -3.86272669e-01
    -7.08999991e-01 1.47941256e+00 -5.39786279e-01 -3.76359403e-01
    1.48653507e+00 5.82587004e-01 -5.36871910e-01 -4.90189403e-01
    3.79574299e-03 -7.41709292e-01 6.49699688e-01 1.79457450e+00
    -8.40846121e-01 2.60048807e-01 1.39906383e+00 1.01004171e+00
    -6.47901058e-01 -6.45723939e-02 2.17583537e-01 5.26396215e-01
    1.53368437e+00 1.04668355e+00 1.36871672e+00 5.91345549e-01
    -3.60565335e-01 -6.90398216e-02 6.91287935e-01 -7.24690378e-01
    -6.94293201e-01 8.23681355e-01 1.71505976e+00 4.26789820e-01
    2.57168829e-01 2.64618099e-01 -1.40908659e-01 1.71221304e+00
    1.30348277e+00 6.34001315e-01 1.13964510e+00 1.04591250e+00
    7.46366978e-01 4.92241263e-01 -4.18079346e-01 1.67829895e+00
    1.44440997e+00 1.55213976e+00 -2.96022773e-01 5.02162099e-01
    1.18476129e+00 8.15491199e-01 8.57221484e-01 4.26928699e-01
    -4.21485841e-01 5.04865050e-01 9.77035522e-01 1.70938540e+00
    6.31152391e-01 1.42106962e+00 -6.50994301e-01 1.61395955e+00
    -6.96168542e-01 6.74721658e-01 5.68541169e-01 1.26742399e+00
    1.64379573e+00 4.77578700e-01 9.73836541e-01 1.50403333e+00
    3.18864226e-01 1.61245370e+00 1.06670940e+00 -2.69947827e-01
    -6.61940694e-01 -4.97193009e-01 5.83049059e-01 1.03790355e+00
    3.11174333e-01 6.77824676e-01 1.84649801e+00 -2.82241344e-01
    5.29306889e-01 -6.96373701e-01 1.85138285e-01 -1.67008817e-01
    1.13569927e+00 1.36574447e+00 1.12506402e+00 1.48659289e+00
    4.56862867e-01 1.58522940e+00 1.25653911e+00 -7.84166515e-01
    -1.03531897e-01 -5.66508770e-01 9.99132335e-01 2.61878312e-01
    1.59080267e+00 5.95952988e-01 1.67277884e+00 5.98909616e-01
    1.11113477e+00 2.65239775e-01 -1.67262554e-01 1.40056682e+00
    7.55948186e-01 1.06994832e+00 1.93745255e-01 1.68195856e+00
    1.04758310e+00 -3.15065116e-01 1.05842972e+00 1.85266316e+00
    4.43028212e-01 1.42246258e+00 -7.11037040e-01 2.08308160e-01
    9.28082526e-01 1.81174278e-03 1.56215143e+00 1.38363934e+00
    7.47294426e-01 1.89680302e+00 -3.66280019e-01 1.33895612e+00
    -7.38486111e-01 1.13204646e+00 8.73622000e-01 -4.50194836e-01
    1.26719010e+00 2.21233487e-01 1.09506440e+00 1.21020186e+00
    4.30652440e-01 9.09985900e-02 6.51858330e-01 1.15602088e+00
    -1.81900263e-01 1.24632931e+00 1.19075835e-01 6.53833389e-01
    8.62524450e-01 4.33759987e-01 1.19435430e-01 8.46931934e-02
    1.05685270e+00 8.15068603e-01 7.26791978e-01 1.20770454e-01
    1.02968848e+00 1.64464903e+00 -5.31342566e-01 1.32516301e+00
    1.04040456e+00 1.83644021e+00 5.67512393e-01 -3.35936546e-02
    -5.87515473e-01 -7.27733493e-01 -7.77089179e-01 4.66416180e-01
    7.61774659e-01 9.43831682e-01 1.75685978e+00 8.42523575e-01
    1.77615345e+00 1.66459143e-01 3.51282477e-01 -5.78863442e-01
    1.33273184e-01 1.15043211e+00 2.75208950e-02 1.13042426e+00
    7.80895174e-01 5.08922398e-01 -7.46489406e-01 -5.48467219e-01
    6.66567087e-02 1.69045341e+00 8.97311687e-01 1.40662718e+00
    1.78194714e+00 1.57973528e+00 6.22005939e-01 6.54151738e-01
    -8.94498229e-02 2.55657732e-01 -3.91338259e-01 9.90684927e-01
    1.72873497e+00 1.41026258e+00 1.55377948e+00 -9.28295851e-02
    -6.11672223e-01 -1.45072162e-01 -7.74393916e-01 3.54290903e-01
    1.34258735e+00 7.64090776e-01 6.37654126e-01 1.35920107e+00
    -4.83560979e-01 -1.66993439e-01 3.29635501e-01 -2.90844798e-01
    8.84969473e-01 1.28599048e+00 6.33749425e-01 1.72989345e+00
    7.51870930e-01 -5.37665665e-01 9.88136947e-01 -1.17756724e-01
    6.86606348e-01 8.11204731e-01 1.25123453e+00 1.21497917e+00
    -3.22429419e-01 -2.39025176e-01 1.12421513e+00 -3.51844728e-01
    -2.39633322e-01 1.48974705e+00 1.21904898e+00 -6.37014985e-01
    -2.33687043e-01 -3.79310250e-02 -7.91139901e-01 6.67131066e-01
    1.37167358e+00 -1.22458279e-01 -2.65855253e-01 1.55189347e+00
    9.55210447e-01 -8.42565358e-01 9.67889547e-01 -3.68135810e-01
    8.40071440e-02 5.51898539e-01 -4.98297572e-01 1.73874032e+00
    -5.52740157e-01 -1.46220922e-02 9.37861562e-01 1.05886519e+00
    1.64161634e+00 1.95580113e+00 4.85223055e-01 -8.08506608e-02
    1.34498549e+00 -5.97364724e-01 1.75433874e+00 1.15838921e+00
    1.70203233e+00 1.63831484e+00 1.68909669e+00 8.51955712e-01
    -6.63344860e-01 1.71843123e+00 8.73731375e-01 1.49383545e-02
    1.14749360e+00 1.58425117e+00 -5.82794785e-01 -1.69448972e-01
    1.30328870e+00 -6.63849413e-01 -3.27667177e-01 7.79557467e-01
    7.63834298e-01 5.73540151e-01 1.22246790e+00 -3.61772835e-01
    -2.46939540e-01 2.91027963e-01 -4.73331541e-01 9.84678268e-02
    4.58058894e-01 1.84796262e+00 1.74029469e+00 1.75080955e+00
    -6.55777216e-01 9.97981429e-02 1.19635081e+00 1.49690676e+00
    1.43007946e+00 1.01391053e+00 1.45731282e+00 3.59157562e-01
    1.73091269e+00 -7.03004956e-01 1.30639911e-01 1.35373712e-01
    1.25133967e+00 -1.00379229e-01 1.71813583e+00 1.88409626e-01
    -7.40319431e-01 -1.62307620e-01 8.86585712e-02 1.01946294e+00
    -2.26342022e-01 1.01211262e+00 -4.88430917e-01 9.09074664e-01
    1.73503637e+00 1.66326880e+00 3.50339413e-01 -9.25378561e-01
    3.93387675e-02 1.30807209e+00 1.26154566e+00 1.00985348e+00
    3.22084606e-01 -1.01687729e-01 -4.84409481e-01 1.53434253e+00
    4.45927858e-01 1.16274810e+00 7.07050741e-01 6.00916207e-01
    1.08516812e+00 1.53412151e+00 1.33241057e+00 8.48244429e-01
    9.38360333e-01 -2.94583470e-01 1.03528285e+00 1.77995753e+00
    7.68926501e-01 6.29183233e-01 -8.76354575e-02 1.63287079e+00
    -3.27050298e-01 -7.86059678e-01 3.92472982e-01 -7.29303956e-02
    1.18020546e+00 -1.48976445e-01 1.86228418e+00 -1.14095628e-01
    1.19503248e+00 -3.54532927e-01 1.57692003e+00 1.25573277e+00
    -2.37953424e-01 -2.90381908e-03 6.44737363e-01 9.13452864e-01
    4.70204055e-01 7.76555419e-01 1.77591586e+00 2.13704824e-01
    8.07923079e-02 -6.54129505e-01 -1.46866858e-01 -2.34875858e-01
    5.71003377e-01 1.85087562e+00 9.08188522e-01 1.20042241e+00
    9.24702644e-01 -4.31726694e-01 -6.24256432e-01 -5.85668564e-01
    -6.42054975e-01 -1.30745769e-01 -2.54912376e-01 -2.02924967e-01
    9.31539118e-01 2.43356347e-01 -3.05732965e-01 -2.46291161e-02
    9.20218289e-01 8.62159073e-01 -2.46510267e-01 -6.55864298e-01
    3.06479692e-01 6.22180343e-01 1.87285781e-01 1.91138554e+00
    1.85187674e+00 -7.80268908e-02 -1.34734333e-01 3.26302648e-01
    1.34889841e+00 -7.06703782e-01 1.43123770e+00 3.01388264e-01
    4.36968565e-01 1.27154803e+00 8.40662658e-01 1.65984941e+00
    1.11334062e+00 1.10127831e+00 1.01898074e+00 -2.77956367e-01
    1.42864048e-01 1.51777494e+00 -7.81177640e-01 1.31029963e+00
    1.47941756e+00 -7.82215476e-01 -2.35350907e-01 3.48546028e-01
    5.47213316e-01 5.93534350e-01 9.92932200e-01 -2.61277437e-01
    -5.73628485e-01 1.51779628e+00 1.43386722e+00 -1.14129543e-01
    -6.38041496e-02 -4.78803068e-01 1.12193227e+00 -3.56013775e-01
    8.68936121e-01 8.88444483e-01 6.72400832e-01 1.59943342e+00
    2.05373049e-01 5.38657308e-02 8.41031492e-01 1.49909139e+00
    1.65792394e+00 -6.99625492e-01 1.28076077e-01 -6.01459920e-01
    4.53600943e-01 3.49768460e-01 5.41484833e-01 1.60316920e+00
    1.11228848e+00 1.03168082e+00 1.68159688e+00 -5.31935096e-02
    9.97758031e-01 -4.70202029e-01 3.59778941e-01 -7.72735059e-01
    -6.38492286e-01 5.17643988e-01 1.18741107e+00 5.26009798e-02
    1.68617713e+00 5.78852654e-01 7.88415074e-02 -6.08658612e-01
    1.57366443e+00 2.58026719e-02 -1.32994175e-01 6.15104675e-01
    5.55419683e-01 3.14221144e-01 1.42419028e+00 -1.43457472e-01
    9.32398796e-01 7.69856393e-01 1.60957229e+00 2.56461859e-01
    -8.59133601e-02 3.71602654e-01 -5.06459653e-01 1.53551722e+00
    7.10752845e-01 5.04513860e-01 1.84460914e+00 -8.10940802e-01
    1.01453662e+00 6.55550301e-01 9.05891061e-01 1.33911026e+00
    1.37604856e+00 7.64539838e-01 1.36680210e+00 7.47549534e-01
    -5.63781857e-01 -7.63424039e-02 -5.00619590e-01 7.39464581e-01
    1.70470715e+00 1.25055861e+00 1.09568381e+00 -4.72452968e-01
    5.65930963e-01 -4.52610195e-01 1.60759211e+00 3.06821167e-01
    7.46968806e-01 -4.18973058e-01 1.25099325e+00 9.99145925e-01
    1.16463089e+00 -8.17342937e-01 3.66043687e-01 -6.85017586e-01
    -4.84016538e-02 8.71676743e-01 1.56858361e+00 -1.68302864e-01
    1.52595401e+00 1.36624146e+00 1.78974283e+00 5.53899467e-01
    7.44842291e-02 6.23861551e-02 -3.68142605e-01 3.56351733e-02
    1.03463769e-01 -4.21476215e-01 1.54984665e+00 6.19933784e-01
    1.45960188e+00 -8.23932052e-01 2.56115317e-01 8.78696740e-01
    1.71411037e-01 1.23255897e+00 -4.97928232e-01 6.39547050e-01
    5.22288680e-02 6.56247199e-01 5.44420183e-01 1.24035621e+00
    1.15055156e+00 2.28120089e-02 9.34956014e-01 3.47363591e-01
    7.06194043e-02 1.75014639e+00 1.94879711e-01 -8.23062420e-01
    6.74686670e-01 -7.04456627e-01 8.76195788e-01 -3.41276199e-01
    1.08239233e+00 3.14118624e-01 -4.53364998e-01 -5.62099338e-01
    5.94665587e-01 1.46074116e+00 -1.86745763e-01 7.47981727e-01
    1.29458904e+00 1.72277141e+00 -8.00613642e-01 5.73772788e-02
    -6.20029211e-01 -5.61581850e-01 1.77286196e+00 2.64962852e-01
    1.69936204e+00 4.05530870e-01 8.48495305e-01 -7.63423085e-01
    8.23780060e-01 7.61759758e-01 -7.48614430e-01 -1.39496744e-01
    5.07304728e-01 1.79841852e+00 1.17238784e+00 -1.05996728e-02
    5.32366514e-01 1.13144982e+00 7.97477424e-01 1.82014716e+00
    6.16338313e-01 1.36627710e+00 -3.19188476e-01 9.77573931e-01
    -4.21312749e-01 1.40031028e+00 1.51436841e+00 8.28783274e-01
    -4.81281877e-02 -6.28616750e-01 1.61166358e+00 2.66924262e-01
    1.06306958e+00 7.18800426e-02 3.34073663e-01 3.77532423e-01
    -7.11975753e-01 -4.00020450e-01 6.37674212e-01 1.62640381e+00
    1.27086306e+00 8.11322927e-02 -2.32040286e-01 1.34843028e+00
    -3.85648489e-01 1.47496104e-01 5.19909263e-01 -8.33679438e-02
    6.90214753e-01 -3.26373994e-01 -5.04615545e-01 7.44658232e-01
    4.21536446e-01 -7.05919623e-01 -7.65928268e-01 8.76251876e-01
    9.44962025e-01 8.48812699e-01 -6.54298067e-01 1.12818456e+00
    1.16489494e+00 8.96718919e-01 1.15077198e-01 -2.49890327e-01
    -4.97485369e-01 -7.07820177e-01 -1.31305575e-01 -5.23847222e-01
    3.12302828e-01 1.23431969e+00 1.46231961e+00 3.31985533e-01
    -5.24383068e-01 7.93071747e-01 -3.63692939e-01 1.34437990e+00
    6.97677791e-01 1.68744874e+00 -4.82093811e-01 -5.87266028e-01
    -3.66618276e-01 1.26911366e+00 1.34796536e+00 3.87603045e-01
    4.71201777e-01 -4.34513092e-02 1.82543159e+00 3.53212655e-01
    1.33781004e+00 3.77723575e-02 6.91067278e-01 1.33599162e+00
    -8.31364214e-01 1.56609344e+00 4.00209308e-01 4.43146467e-01
    1.25649655e+00 -2.34427273e-01 1.63213158e+00 -9.13285315e-01
    1.43069744e-01 1.49834800e+00 1.01302218e+00 8.64495516e-01
    -4.69876498e-01 -7.13803649e-01 1.59064293e-01 -4.16168302e-01
    -3.32563967e-01 1.46792924e+00 1.78594518e+00 1.68350005e+00
    1.85576618e-01 8.94851089e-01 -2.15570033e-01 3.24187100e-01
    5.19509494e-01 -7.07206845e-01 2.81515241e-01 1.25850141e+00
    7.60579109e-03 8.36393714e-01 1.37887669e+00 8.69194865e-01
    -6.93718195e-02 -6.88307881e-01 2.00931966e-01 8.37308168e-03
    1.07423377e+00 8.51368487e-01 -2.91699171e-02 5.29064238e-01
    5.76054752e-01 1.02257955e+00 1.51400864e-01 5.53522885e-01
    -3.35011899e-01 1.45237279e+00 1.12076116e+00 1.58877492e+00
    3.93825233e-01 -6.50948286e-02 -5.78446865e-01 -3.90914887e-01
    -3.40792239e-01 6.20523334e-01 -4.54657495e-01 7.61977375e-01
    -3.80181611e-01 7.09164381e-01 -3.19629908e-01 3.11753511e-01
    5.42517841e-01 8.78142893e-01 1.34660912e+00 5.88607669e-01
    9.95968580e-02 -7.93701053e-01 1.60007679e+00 -4.09584433e-01
    9.03004467e-01 -2.22706735e-01 1.32847381e+00 7.22678363e-01
    -4.16610688e-01 -4.33925986e-01 -4.14607763e-01 -3.90528977e-01
    1.55070806e+00 3.59291434e-01 -2.11470246e-01 1.24006605e+00
    2.26938069e-01 3.41784954e-03 1.89980030e-01 -6.65858626e-01
    1.28549671e+00 -4.56920892e-01 9.96344447e-01 9.37873363e-01
    -3.96650553e-01 7.54902065e-01 -7.81946659e-01 -6.69418693e-01
    8.75579357e-01 -9.37222242e-02 1.17846596e+00 7.51288533e-02
    8.58085513e-01 1.26250863e-01 1.69791174e+00 9.46420133e-01
    1.27838337e+00 1.55391788e+00 1.56035614e+00 7.12018728e-01
    1.70189512e+00 1.35784268e+00 -7.50204504e-01 -1.52218997e-01
    1.14300370e-01 2.72697210e-01 1.34285724e+00 -2.68384784e-01
    2.21778989e-01 1.77888489e+00 -9.64737833e-02 1.82575643e+00
    9.95359302e-01 -2.46951580e-02 1.48374557e+00 4.34175909e-01
    4.21665609e-01 3.15021217e-01 8.45193803e-01 8.62007976e-01
    3.64537537e-01 1.83413744e-01 -7.45856345e-01 1.53693295e+00
    -1.96986556e-01 1.05462646e+00 1.45971251e+00 5.05252242e-01
    1.63761532e+00 7.39535391e-01 1.10464513e-01 4.14811909e-01
    1.33335710e+00 7.27465749e-01 -6.99767113e-01 1.12444639e+00
    5.91671169e-01 1.62962985e+00 1.10650301e+00 -7.73164868e-01
    6.22421563e-01 5.85431933e-01 1.03783512e+00 1.67458689e+00
    8.34030569e-01 1.62856257e+00 -2.77400374e-01 9.14325416e-01
    -8.11814427e-01 4.16900277e-01 7.09982991e-01 -7.41395354e-02
    2.38080382e-01 1.82613993e+00 1.34737730e+00 -7.56034076e-01
    1.27011597e-01 1.21094465e+00 1.34951580e+00 6.21433437e-01
    -4.19210106e-01 -9.84131694e-02 -2.52711177e-02 5.40092051e-01
    9.66788590e-01 -1.77363396e-01 -3.55605215e-01 5.81972897e-01
    8.57569158e-01 -5.01803160e-02 1.79927850e+00 9.42166090e-01
    1.12952173e+00 5.40105224e-01 -2.49811351e-01 6.73068702e-01
    1.00945425e+00 9.28052783e-01 1.60909939e+00 1.57594144e+00
    1.03072703e+00 3.59336495e-01 8.82504582e-01 -5.82066655e-01
    6.41924441e-01 -3.90375078e-01 -3.20803225e-01 -1.81083679e-01
    1.66575360e+00 8.71282756e-01 5.40921032e-01 -8.00260484e-01
    7.26891518e-01 -3.94263357e-01 1.05260038e+00 1.63082075e+00
    -7.49031126e-01 -1.10527337e-01 -5.55278659e-02 1.52352858e+00
    -2.12209821e-01 1.21150947e+00 -6.49277866e-01 7.58165479e-01
    2.01491833e-01 9.63108003e-01 1.57362413e+00 1.55845737e+00
    3.85286927e-01 -5.21471858e-01 9.98938203e-01 -4.69838828e-01
    -5.51434994e-01 1.01551652e+00 -7.47071326e-01 1.17988873e+00
    -7.59311557e-01 -2.39696980e-01 7.88534045e-01 1.71897471e-01
    -1.42248809e-01 -3.88270617e-02 1.62032306e-01 5.56885719e-01
    1.54127979e+00 1.60367799e+00 1.46166945e+00 2.94378638e-01
    1.61439157e+00 6.11930251e-01 1.21138525e+00 4.31981862e-01
    -2.63690293e-01 1.61928558e+00 9.65023518e-01 5.55129588e-01
    1.17700100e+00 4.22263741e-02 1.25765419e+00 -6.54001832e-01
    1.80978715e-01 1.33227324e+00 -3.03800613e-01 -5.74471235e-01
    -3.89440656e-01 2.58613765e-01 -5.55642843e-01 -5.36862493e-01
    -2.24058747e-01 -3.26576054e-01 -5.18839777e-01 4.07331705e-01
    3.99538815e-01 9.46146250e-03 1.03602636e+00 -1.06397569e-01
    6.28906965e-01 1.03874862e+00 -6.84484839e-02 1.19647813e+00
    9.64215398e-01 1.25941324e+00 6.29066825e-01 -1.77781403e-01
    1.66476798e+00 5.61405241e-01 6.63643241e-01 4.80013967e-01
    1.22996914e+00 -2.71626830e-01 -7.23648608e-01 1.52068806e+00
    -6.71605945e-01 3.31695437e-01 -4.18814659e-01 8.69586229e-01
    1.56682527e+00 -5.22223532e-01 -5.97620010e-01 -4.96089578e-01
    -1.01427853e-01 4.54306483e-01 3.16817880e-01 2.26329565e-02
    1.59445643e+00 -3.97324562e-02 6.93756878e-01 7.13670850e-01
    -8.15997005e-01 1.27251351e+00 -8.49819481e-01 6.94624603e-01
    -2.35588074e-01 1.16292536e+00 -6.41151190e-01 -5.20186424e-02
    1.30465615e+00 -5.90894103e-01 -2.42597818e-01 -1.25867844e-01
    1.55922270e+00 -8.62285316e-01 1.19448304e+00 8.46465230e-02
    1.38591790e+00 1.82461762e+00 5.80477357e-01 1.79880285e+00
    -3.08529079e-01 1.37169862e+00 -4.92452353e-01 6.77011311e-01
    -4.58784670e-01 7.87689507e-01 5.00992537e-01 7.17356205e-02
    8.74891520e-01 1.77309442e+00 6.53655052e-01 1.55344152e+00
    9.41285729e-01 1.55833125e+00 -7.87799239e-01 3.01631331e-01
    -8.00387979e-01 1.44645834e+00 -1.99672759e-01 -6.24925673e-01
    -7.29496598e-01 -8.61186981e-01 8.29360485e-02 3.58227432e-01
    1.14410686e+00 1.24098372e+00 3.72810960e-02 -8.60067546e-01
    6.57287598e-01 -6.26588345e-01 8.48849416e-02 -7.25750268e-01
    8.54209781e-01 8.19324613e-01 1.29436183e+00 5.71050584e-01
    -7.24810719e-01 1.72586322e-01 9.18138862e-01 1.55296397e+00
    1.72732365e+00 -7.88962603e-01 4.78104353e-02 7.84334660e-01
    6.16921127e-01 9.49704111e-01 -8.18842232e-01 1.22360647e+00
    5.27159154e-01 7.50483811e-01 9.00987208e-01 2.98675537e-01
    2.91087031e-02 -7.82822907e-01 5.00723124e-01 2.59395838e-02
    1.86893129e+00 -2.05657542e-01 -4.13648695e-01 2.21520782e-01
    2.01057148e+00 6.01434827e-01 5.49529672e-01 7.30939806e-01
    1.27555430e+00 1.71203208e+00 -7.59551704e-01 1.63637543e+00
    2.20710397e-01 2.30323732e-01 1.78430605e+00 -1.52635038e-01
    8.15860391e-01 -1.37646735e-01 -5.01701117e-01 -7.01307476e-01
    7.04643786e-01 1.07020390e+00 -4.33891594e-01 1.47385740e+00
    -3.03389788e-01 6.09344006e-01 1.59479022e+00 -3.57591987e-01
    1.13768291e+00 1.43290424e+00 7.89729357e-01 5.90786040e-01
    1.67038250e+00 -4.20078635e-02 1.00174904e-01 3.76629829e-03
    1.62249792e+00 1.68692124e+00 1.24731898e+00 9.89122152e-01
    -1.82777941e-01 1.76057839e+00 2.15446770e-01 -1.03092968e-01
    8.51979494e-01 -7.67472446e-01 1.26478219e+00 6.68910384e-01
    2.84752190e-01 -1.31507039e-01 7.53687382e-01 8.42239141e-01
    1.76172197e-01 -4.69997525e-01 -4.00110990e-01 1.08596981e+00
    1.73047256e+00 1.27197170e+00 -6.89842701e-01 -1.15328193e-01
    1.75037503e-01 1.24297667e+00 -4.64758426e-01 -7.82065332e-01
    4.02471423e-01 1.01109505e+00 4.92115080e-01 -2.69359350e-02
    5.92160404e-01 6.93550587e-01 1.00555575e+00 1.32463193e+00
    5.58374941e-01 -6.22192860e-01 -4.56915498e-02 -4.07448649e-01
    1.73922145e+00 6.35280192e-01 -7.59949744e-01 5.71592033e-01
    1.17049086e+00 4.78852153e-01 9.12785828e-01 -4.50328618e-01
    2.79954076e-02 -2.44878173e-01 -2.56174743e-01 -1.74998581e-01
    1.79163253e+00 -1.15221679e-01 1.24611664e+00 6.94176972e-01
    -5.49735904e-01 9.58470047e-01 1.23067665e+00 4.29672420e-01
    -3.63156796e-02 5.41021466e-01 -1.37153864e-02 -4.28082705e-01
    9.46501911e-01 1.66123736e+00 1.71394730e+00 7.31109202e-01
    5.62466741e-01 1.04174221e+00 6.51146293e-01 -3.38542998e-01
    8.26033950e-02 3.21759641e-01 -6.70460463e-01 1.07533360e+00
    1.64405763e+00 -5.10421515e-01 1.58675015e-01 5.03183424e-01
    7.22912729e-01 1.74501562e+00 -8.41017902e-01 -5.52125096e-01
    4.99396920e-01 -4.88164008e-01 1.01285863e+00 -1.49934828e-01
    1.43691993e+00 5.22587419e-01 1.13293767e-01 6.45421684e-01
    1.64469075e+00 -6.54166698e-01 2.85236299e-01 -2.45326638e-01
    -5.78864098e-01 1.60490990e+00 7.23783016e-01 5.49735308e-01
    6.07683659e-02 6.96866512e-02 -2.43958831e-02 7.87920356e-01
    1.61777377e-01 -7.38505840e-01 1.00790286e+00 -5.82620084e-01
    8.60253572e-02 -2.12069809e-01 1.08283520e+00 3.40041518e-02
    3.00817966e-01 4.42479551e-01 -6.79719329e-01 7.84075618e-01
    1.22836924e+00 8.50613117e-01 1.67103434e+00 1.70001125e+00
    -8.20146203e-01 4.53134298e-01 -3.25166821e-01 5.52002788e-02
    1.00824118e+00 6.46409094e-01 4.33206797e-01 -1.47727728e-01
    -5.95848799e-01 -1.10410035e-01 1.56346059e+00 9.60412621e-01
    1.60535467e+00 6.75370693e-02 9.80409503e-01 -1.10408723e-01
    -8.91470909e-03 1.79586935e+00 5.79221249e-02 1.31933999e+00
    1.42581987e+00 -3.39611053e-01 -3.84081453e-01 6.82656229e-01
    5.96726060e-01 -2.84062862e-01 1.53241873e+00 -5.78850031e-01
    -6.90944195e-01 1.32476914e+00 1.74657738e+00 2.78718531e-01
    1.63996387e+00 1.83939767e+00 4.72935796e-01 1.32755637e+00
    9.06371534e-01 -5.74591875e-01 -2.93164849e-02 1.72645211e-01
    2.67874718e-01 1.26941943e+00 4.62450445e-01 1.35717571e+00
    -5.09071350e-02 1.72184682e+00 -2.97156602e-01 -6.83768690e-01
    -7.34775364e-01 2.51758993e-01 -6.95173442e-01 1.37858415e+00
    6.41255021e-01 6.77493930e-01 -6.94771647e-01 -2.07244098e-01
    -7.02929676e-01 6.34237170e-01 7.25072801e-01 1.72802854e+00
    -5.52739024e-01 -2.11946428e-01 1.52265799e+00 9.61840987e-01
    1.22137642e+00 -4.67940032e-01 -7.71683455e-01 -3.45890135e-01
    6.26429379e-01 1.31644392e+00 1.05659795e+00 -7.42624164e-01
    -5.47263026e-02 1.41596985e+00 -1.38605535e-01 1.04594374e+00
    -4.61831480e-01 9.61848855e-01 1.19065475e+00 4.32812572e-01
    4.42405939e-02 1.08215809e+00 1.56438732e+00 1.40428138e+00
    -3.62154543e-01 1.53151250e+00 1.26342320e+00 1.28642452e+00
    1.28225064e+00 5.92267871e-01 2.79692471e-01 -6.71178699e-02
    1.24934864e+00 -2.05106735e-02 1.22731996e+00 -1.36655152e-01
    -6.18640840e-01 1.61447108e+00 7.06674278e-01 1.33204412e+00
    9.86126006e-01 1.70437169e+00 6.34669483e-01 2.96762317e-01
    1.82596898e+00 1.05234885e+00 9.22910690e-01 8.72803450e-01
    6.36846721e-01 1.65047920e+00 1.53559065e+00 -3.15725148e-01
    -4.53507245e-01 5.17369151e-01 1.42347050e+00 1.72627580e+00
    -2.37166405e-01 6.78744733e-01 -8.68949473e-01 1.10846615e+00
    1.25210607e+00 1.63252771e+00 1.39842081e+00 -3.69741380e-01
    4.00489271e-01 1.05555427e+00 -2.58565545e-01 9.91705179e-01
    8.49193931e-01 9.31131601e-01 3.60224128e-01 1.05532014e+00
    1.27701175e+00 1.52185655e+00 -1.00306511e-01 -8.89643610e-01
    5.02026439e-01 1.59540331e+00 -4.09149528e-02 4.56956208e-01
    2.92250514e-02 8.15456629e-01 9.90535021e-01 1.06222558e+00
    5.65955937e-01 4.73223209e-01 2.03908145e-01 9.40635800e-02
    1.68816280e+00 1.68227255e-01 5.82623541e-01 1.65871012e+00
    4.16280627e-01 4.06676531e-03 7.21024334e-01 1.68298459e+00
    9.59682882e-01 -1.96927190e-01 9.11399245e-01 -6.79218352e-01
    -4.90734667e-01 1.75701547e+00 8.90992701e-01 -6.20249748e-01
    -7.40708053e-01 -1.00397289e-01 1.53571701e+00 -7.07814276e-01
    1.05603290e+00 1.53508568e+00 8.56226027e-01 7.25811005e-01
    -6.73818231e-01 -4.44250405e-01 6.56814754e-01 1.26600599e+00
    2.42764473e-01 -7.96944499e-02 1.20049167e+00 -4.25929666e-01
    5.95278919e-01 -1.13413930e-02 4.59089637e-01 8.26608300e-01
    -3.45989048e-01 9.29447472e-01 -6.03556156e-01 -6.96941018e-02
    1.23094034e+00 1.13168263e+00 1.34567237e+00 1.46985722e+00
    3.70702505e-01 1.75170755e+00 1.59954309e+00 7.33826399e-01
    1.11117649e+00 1.41825676e+00 -5.73973775e-01 -1.60733402e-01
    1.23372197e+00 -7.06830204e-01 1.29214287e-01 5.28444469e-01
    7.92730689e-01 1.79998374e+00 -1.26826167e-01 9.43211257e-01
    -1.33757591e-01 1.29294491e+00 -5.55707037e-01 1.44558120e+00
    1.06226087e+00 1.72393203e-01 7.97455549e-01 6.30576789e-01
    -1.82510197e-01 1.87167406e+00 2.98501194e-01 -3.82290483e-02
    -4.65433866e-01 -8.12646151e-02 9.26763892e-01 -4.37745273e-01
    -8.33998322e-02 4.98113096e-01 1.42219806e+00 3.16760778e-01
    1.76076829e-01 4.39528823e-01 -2.20647454e-02 1.44831538e+00
    -6.00517929e-01 1.27218187e-01 9.43070769e-01 -4.20209765e-01
    1.03610492e+00 -4.00041282e-01 2.99914956e-01 2.38746405e-02
    1.02307034e+00 1.64153790e+00 4.49630916e-01 1.10535312e+00
    -1.78884089e-01 8.79907906e-01 1.16315579e+00 -5.13885379e-01
    -2.04633296e-01 7.69568801e-01 1.04929209e+00 -6.10702634e-01
    1.74214947e+00 1.40275264e+00 1.35110986e+00 1.03554320e+00
    1.37532532e+00 1.05813909e+00 2.15280652e-01 1.76137578e+00
    -1.91413164e-01 -7.84051776e-01 3.27141106e-01 -4.44991738e-01
    -1.72697902e-02 9.51758027e-02 1.50911212e+00 -7.14275837e-02
    3.52319539e-01 -3.54965329e-01 3.06808412e-01 1.32133245e+00
    1.13798904e+00 1.38061309e+00 3.60492826e-01 1.64406991e+00
    5.96018910e-01 1.48281395e-01 -3.99757028e-02 -8.52760255e-01
    -1.17578268e-01 -7.84569561e-01 1.26903594e+00 3.34388435e-01
    1.03957629e+00 9.23839390e-01 -1.74189806e-02 1.47102809e+00
    1.47809994e+00 1.32117987e+00 6.47227168e-02 -4.95563626e-01
    8.92081797e-01 1.00032687e+00 1.05698121e+00 5.77063143e-01
    9.27860737e-01 7.89045274e-01 8.55986476e-02 1.60097003e-01
    1.52051568e+00 6.45973682e-01 -3.67820054e-01 -6.87653065e-01
    1.33508611e+00 -5.90312064e-01 1.67124987e+00 1.15446234e+00
    -6.82342768e-01 5.33228517e-02 7.78639257e-01 1.67820358e+00
    9.15310204e-01 3.81037593e-01 7.58773327e-01 7.20252216e-01
    4.65214849e-01 6.50220156e-01 8.76809478e-01 1.60883641e+00
    5.69120467e-01 -7.44591177e-01 -4.50865000e-01 1.35367262e+00
    -5.02104759e-02 1.51716685e+00 8.65069032e-02 8.10182154e-01
    -9.72857475e-02 5.17529607e-01 -1.24603510e-03 -1.46430910e-01
    -2.29587376e-01 -5.70967793e-02 1.18825579e+00 -2.77848840e-01
    6.47844672e-01 -8.53278220e-01 1.58447027e+00 1.30861568e+00
    -7.29437113e-01 -3.93801928e-01 -9.33982313e-01 -3.09264719e-01
    -7.37495601e-01 1.50347090e+00 -4.88459736e-01 9.01306331e-01
    4.12460625e-01 6.13192499e-01 -4.48948056e-01 1.32263172e+00
    9.45468128e-01 6.09102547e-01 1.31502700e+00 6.22365534e-01
    9.54511940e-01 -3.15698236e-01 -2.54887342e-02 -3.70312065e-01
    1.19462371e+00 -4.45487320e-01 8.92206788e-01 -3.19849044e-01
    -6.64699674e-02 6.08073235e-01 1.84949398e-01 1.53488255e+00
    -2.90800571e-01 6.76043391e-01 9.27754879e-01 9.74478722e-01
    1.58589482e+00 -5.67214489e-02 -1.77733541e-01 1.18497276e+00
    1.58451557e-01 1.71363401e+00 -6.41467929e-01 3.30345213e-01
    1.15119040e-01 4.67877567e-01 2.20257998e-01 -2.80261040e-01
    1.74469554e+00 -3.09847653e-01 8.94774914e-01 -6.99103832e-01
    8.78801763e-01 6.90552950e-01 4.11631763e-01 9.55343187e-01
    -1.53599858e-01 7.56173730e-02 1.25220358e+00 -2.19170213e-01
    1.96974993e-01 -7.84666240e-01 8.27112913e-01 3.27198803e-01
    -1.21396303e-01 2.54230082e-01 -4.53248799e-01 5.69297493e-01
    -6.64488196e-01 6.32351458e-01 1.84147632e+00 9.95595157e-01
    -2.11440921e-01 -6.40646935e-01 -5.87549567e-01 9.23397183e-01
    9.90961909e-01 7.29150474e-01 1.66863346e+00 1.66926098e+00
    1.12345243e+00 8.71854842e-01 -6.46514237e-01 4.43422198e-02
    5.62333822e-01 -3.10844243e-01 1.41086471e+00 -5.27409077e-01
    -4.13295805e-01 2.03643143e-01 1.00678456e+00 1.50821090e-01
    4.61186767e-02 6.23956084e-01 -5.08093536e-01 4.38931584e-02
    1.47520471e+00 8.97432089e-01 9.34366286e-01 -3.62923145e-01
    2.80213714e-01 1.80131972e+00 -3.04400921e-01 9.61756945e-01
    -4.90690470e-02 1.83256125e+00 3.90109360e-01 1.32358968e+00
    6.88236117e-01 2.15690136e-02 1.22167778e+00 1.59413147e+00
    2.55692601e-01 -2.74176121e-01 1.14304066e+00 1.56167912e+00
    -6.54193163e-01 1.65896225e+00 1.55469418e+00 -8.14296246e-01
    -5.91845036e-01 1.34721279e+00 1.13135576e+00 1.12078857e+00
    1.20081758e+00 1.06447971e+00 9.16626096e-01 2.77914286e-01
    -2.95951843e-01 -2.11059988e-01 1.77128339e+00 1.82689857e+00
    1.43813562e+00 -6.72962070e-02 -7.36276150e-01 1.05487168e-01
    4.54192102e-01 1.11814666e+00 3.71909320e-01 6.79874957e-01
    6.70464873e-01 2.91217148e-01 1.23839080e+00 7.68501818e-01
    9.86111164e-01 3.83888781e-01 -6.00038290e-01 1.24210632e+00
    -6.56534076e-01 1.45925224e+00 -5.22100329e-01 -6.58575892e-02
    -3.31541181e-01 1.58642626e+00 -1.08135462e-01 5.66955924e-01
    1.21957970e+00 1.02995563e+00 1.59887421e+00 5.47865093e-01
    -1.45653248e-01 1.81568360e+00 1.34253418e+00 6.50462866e-01
    9.84227538e-01 1.61714625e+00 1.33361161e+00 1.15306997e+00
    -3.14429879e-01 -1.26446187e-01 1.59256530e+00 1.34994018e+00
    -4.50359553e-01 3.96815360e-01 8.43982458e-01 6.57609105e-01
    -7.06736028e-01 1.44640923e+00 -1.73312604e-01 -7.96013534e-01
    -1.14963710e-01 7.50346303e-01 -2.81963348e-01 7.27780104e-01
    5.26232362e-01 1.30313444e+00 -4.79971379e-01 7.49348640e-01
    9.75881517e-01 9.70492303e-01 -3.02134812e-01 1.23703241e-01
    -3.61154765e-01 -7.46719837e-01 -5.74460030e-01 2.50264049e-01
    1.67829442e+00 -1.99213147e-01 9.72065330e-01 1.80813956e+00
    -8.31683934e-01 2.91697443e-01 1.81267595e+00 -9.81656313e-02
    7.78009355e-01 -1.40075564e-01 -1.88323617e-01 5.29337585e-01
    9.17329788e-02 1.16868687e+00 -7.89319277e-02 1.23680520e+00
    1.78873968e+00 4.25671518e-01 -6.01180315e-01 6.49384379e-01
    -5.62413812e-01 -1.12383127e-01 -1.12754464e-01 -5.24553955e-01
    8.93565178e-01 -2.42197871e-01 4.95023847e-01 6.18275166e-01
    -6.73151791e-01 1.51141930e+00 3.11513841e-01 1.71649170e+00
    -2.15763450e-02 1.32933450e+00 1.02447832e+00 1.73532844e-01
    -4.45834368e-01 -7.64411986e-01 -4.01880890e-01 9.31438446e-01
    1.70912290e+00 1.76780486e+00 8.87490153e-01 1.10456944e-02
    1.09578705e+00 3.65681648e-01 -2.62735248e-01 1.90231943e+00
    1.61105394e-03 7.10046828e-01 1.24501371e+00 1.27649200e+00
    5.10940135e-01 1.78953826e+00 -4.33919430e-02 1.10034466e+00
    -7.22798049e-01 1.54850698e+00 8.19133043e-01 -4.75965381e-01
    -4.69414204e-01 1.71351480e+00 -8.62656295e-01 7.47551560e-01
    2.32660651e-01 2.06977487e-01 -5.30504704e-01 -5.17588735e-01
    1.37097788e+00 -3.17303598e-01 1.60330367e+00 2.47036576e-01
    -8.38386476e-01 1.06073117e+00 9.19831514e-01 5.63298345e-01
    -1.77289426e-01 3.00566971e-01 6.00886345e-03 -6.56722844e-01
    1.87294579e+00 7.88017750e-01 5.05385995e-01 1.74371386e+00
    2.25722015e-01 -3.22665364e-01 2.13418841e-01 1.44898534e-01
    1.63877058e+00 8.61926734e-01 1.40986609e+00 1.52519810e+00
    2.45026171e-01 1.29875422e+00 1.42508769e+00 -4.64239627e-01
    1.27256763e+00 -1.92798197e-01 5.56197464e-01 2.48488903e-01
    1.44987142e+00 1.71967256e+00 1.55800796e+00 2.13452041e-01
    -5.57548761e-01 4.47850406e-01 1.55838442e+00 6.42911375e-01
    -6.32072687e-01 1.52377224e+00 -2.36354351e-01 -6.19328856e-01
    3.80520880e-01 -6.32796288e-02 3.24402213e-01 7.78755605e-01
    -4.15409237e-01 7.31945395e-01 1.29518247e+00 1.48312223e+00
    4.90016758e-01 1.48680997e+00 -6.10635042e-01 1.05340528e+00
    1.67879939e+00 -4.20087367e-01 1.56875134e+00 6.48308456e-01
    -6.71803474e-01 -2.43661404e-01 -3.24754953e-01 1.18870771e+00
    1.40520716e+00 -7.59433329e-01 -5.30461431e-01 1.77414477e-01
    2.61635780e-01 -3.16537499e-01 -5.19193053e-01 -2.03341842e-01
    8.86408031e-01 1.61004353e+00 -2.65337825e-02 2.79331267e-01
    1.49394131e+00 2.40451396e-01 -6.31429195e-01 5.22019267e-01
    9.43145812e-01 1.69451869e+00 6.37820482e-01 1.59999526e+00
    1.56678975e-01 7.59989202e-01 -8.42768073e-01 -8.44922841e-01
    3.04441869e-01 5.31346142e-01 3.02215517e-01 1.10891879e+00
    6.77748859e-01 1.45495665e+00 2.99029946e-02 5.04472971e-01
    8.95462692e-01 1.34848690e+00 1.21947193e+00 8.21315289e-01
    9.86488044e-01 -1.27070189e-01 -2.31222808e-01 9.61656392e-01
    -7.31805801e-01 1.66940868e-01 1.45220780e+00 2.46971726e-01
    -7.32471526e-01 1.69916987e-01 1.13826692e-01 1.75641048e+00
    5.40913045e-01 9.71188724e-01 1.61008179e+00 5.60311079e-01
    3.35291028e-01 1.60482216e+00 -6.82854414e-01 1.14078486e+00
    -2.90753305e-01 3.86835158e-01 1.48669446e+00 -2.79676795e-01
    3.78534079e-01 -3.03613126e-01 1.11806321e+00 4.88505006e-01
    5.17028093e-01 -7.71460891e-01 1.64690685e+00 1.50223804e+00
    -5.16763091e-01 1.15777826e+00 1.19775367e+00 -3.13125253e-02
    1.65873766e+00 -8.53194594e-01 -5.42456269e-01 -6.70537829e-01
    1.71119308e+00 1.76494074e+00 1.70294905e+00 1.27198422e+00
    1.03069508e+00 5.81218302e-01 -2.01609135e-02 -6.66952252e-01
    1.35345256e+00 -2.80196309e-01 2.09433079e-01 4.88780379e-01
    -6.81784272e-01 1.57629108e+00 5.99590421e-01 -3.89194369e-01
    8.37833345e-01 1.29284012e+00 1.44101119e+00 1.70824003e+00
    -7.14505136e-01 -8.35089087e-01 -1.30059779e-01 1.57636702e+00
    1.16686428e+00 1.68340671e+00 6.18250370e-01 -7.01494098e-01
    -5.87547958e-01 1.23717928e+00 3.49184215e-01 4.31848943e-01
    1.60618615e+00 -1.12098515e-01 1.23941326e+00 6.43283427e-01
    1.52328157e+00 2.95579433e-01 1.43949461e+00 -5.43571830e-01
    -7.89714813e-01 -3.26899052e-01 1.68923795e+00 1.65407193e+00
    1.01309347e+00 1.46458960e+00 1.85994208e-01 -8.75440836e-02
    -3.51574123e-01 1.55461645e+00 4.26574826e-01 6.44483685e-01
    1.17476988e+00 1.15464115e+00 5.82242489e-01 3.67935002e-01
    1.65982080e+00 5.57171106e-02 6.80335462e-01 -2.11448967e-01
    1.42773175e+00 -4.35089469e-02 6.91823006e-01 6.39320254e-01
    -2.48612523e-01 -2.85468876e-01 5.91026187e-01 1.01510870e+00
    6.90123856e-01 -2.59420037e-01 1.77959275e+00 -1.37122691e-01
    9.23833609e-01 -1.77146196e-02 -6.50805473e-01 -6.10054433e-01
    1.32935095e+00 -1.88294053e-02 4.01161969e-01 5.76792359e-02
    1.55775785e+00 1.57062340e+00 8.93004537e-01 1.09077287e+00
    1.66783571e-01 1.11421537e+00 1.75482678e+00 -1.81003451e-01
    1.14045918e+00 1.18776870e+00 1.02327418e+00 1.65184045e+00
    2.24817097e-01 5.91382384e-01 -5.21708727e-02 1.61692405e+00
    -5.09732485e-01 8.34461689e-01 1.40899467e+00 1.20913708e+00
    -1.30598545e-01 2.81517506e-02 2.92756200e-01 5.83148122e-01
    3.95441890e-01 1.54003131e+00 5.57022870e-01 1.91363871e-01
    5.49116015e-01 1.67096817e+00 8.63451004e-01 -9.46155190e-02
    1.62862480e+00 9.51269209e-01 -3.35138440e-02 -9.72105265e-02
    1.45082879e+00 1.45743906e+00 6.72845304e-01 1.61980057e+00
    1.28563380e+00 1.64405727e+00 1.14395428e+00 1.27650762e+00
    -4.40501958e-01 -3.11285675e-01 1.46357799e+00 1.25655556e+00
    3.75678599e-01 5.71421742e-01 1.99970436e+00 2.04844522e+00
    -2.45505899e-01 1.32654810e+00 -1.62316024e-01 1.25433373e+00
    2.07964897e-01 1.63517499e+00 -6.96644068e-01 1.22929227e+00
    -6.46610618e-01 1.41267323e+00 4.47343826e-01 1.55830359e+00
    -5.81709504e-01 1.14554977e+00 -5.19634962e-01 1.38531804e+00
    6.43171906e-01 8.45800579e-01 9.80126381e-01 -7.91431487e-01
    1.50441766e+00 9.38895226e-01 -5.91508985e-01 1.18105245e+00
    1.66893029e+00 -2.97034800e-01 -4.42655146e-01 1.49946642e+00
    1.53028250e+00 9.33535516e-01 1.74946880e+00 -7.63694048e-01
    1.35005927e+00 -6.68960094e-01 -1.97296560e-01 1.63525295e+00
    5.80777407e-01 8.86714339e-01 -4.83477980e-01 1.80950856e+00
    -2.27785707e-02 -4.58800852e-01 1.91690445e-01 -8.09823036e-01
    5.87324381e-01 6.07045054e-01 8.16594839e-01 3.83865178e-01
    -1.57714725e-01 7.79495478e-01 4.69479144e-01 1.50257289e+00
    2.95266211e-01 1.64822507e+00 -5.51622987e-01 -6.83685601e-01
    -4.27126467e-01 1.44264174e+00 1.74202156e+00 1.80543244e+00
    -6.24615431e-01 -4.91914183e-01 -3.98152590e-01 1.92972958e-01
    5.16161859e-01 3.97871077e-01 -8.17672968e-01 1.33848810e+00
    1.27779818e+00 4.27118242e-01 1.38425100e+00 -7.31292546e-01
    9.40572619e-01 1.15850198e+00 -7.38514781e-01 -6.31124556e-01
    5.61939657e-01 1.72509265e+00 7.84484327e-01 -7.37334192e-01
    -4.86159235e-01 5.05965769e-01 -1.65054977e-01 1.47468734e+00
    -5.81165373e-01 -4.54296023e-01 9.01210248e-01 1.77254367e+00
    2.17736542e-01 -5.54524899e-01 1.06254578e+00 2.19820738e-02
    -7.35047400e-01 2.78401494e-01 -6.13799393e-01 -1.09984100e-01
    7.33203888e-02 1.62695408e+00 -4.40688908e-01 1.12505376e-01
    3.50391507e-01 1.11517644e+00 2.74297357e-01 -5.34671545e-02
    -6.24376237e-01 -6.84981227e-01 1.60690427e+00 1.70628428e-01
    4.40297544e-01 1.22339773e+00 1.17036998e+00 -3.31940055e-02
    -1.79175735e-02 -5.18029928e-02 1.43560445e+00 -5.72170138e-01
    6.19041264e-01 1.22086668e+00 7.30925560e-01 1.27778161e+00
    1.18350756e+00 8.25821996e-01 9.34439003e-01 1.39947546e+00
    4.57525730e-01 -1.86000466e-02 1.71577311e+00 1.00513005e+00
    1.80370986e+00 7.34415412e-01 2.16492414e-02 7.37910330e-01
    3.75200808e-01 1.02710700e+00 -2.25575089e-01 5.23493052e-01
    1.62905097e+00 2.16750562e-01 9.46399271e-01 -8.88956785e-02
    1.73487091e+00 3.99969697e-01 -2.22022533e-01 7.96011090e-01
    2.23553240e-01 4.75306332e-01 -3.39915156e-01 1.61549449e+00
    -5.92930913e-02 3.75679791e-01 9.31777358e-02 1.18014336e+00
    -5.84625006e-02 1.08071411e+00 5.08519471e-01 1.34023249e-01
    1.33031046e+00 1.29804420e+00 3.94322634e-01 8.92370820e-01
    5.56290805e-01 1.73874402e+00 1.27929258e+00 -8.27891111e-01
    3.20461333e-01 -2.62201190e-01 1.28138840e+00 3.10658455e-01
    8.50683868e-01 1.05878401e+00 -7.27470517e-01 7.77099013e-01
    5.60954213e-02 1.00265849e+00 1.49130154e+00 6.02871478e-01
    8.11318755e-01 9.48435307e-01 2.30006099e-01 1.31067634e+00
    -5.11660218e-01 -4.30424631e-01 3.98394763e-01 5.31653702e-01
    4.83654141e-01 -3.95020932e-01 1.11901641e-01 -7.71234691e-01
    -6.54020190e-01 -7.13186562e-01 6.99045658e-02 -5.53581834e-01
    1.11163282e+00 1.63438630e+00 1.18582428e-01 5.53540826e-01
    1.72684455e+00 2.67853856e-01 -3.44853878e-01 -7.25928664e-01
    1.78687906e+00 -1.62983775e-01 5.12381494e-01 7.35959470e-01
    1.28200817e+00 1.57802582e-01 -4.29884613e-01 4.26202774e-01
    -2.84013152e-02 -8.35809708e-01 1.51995707e+00 8.82269621e-01
    1.19610906e+00 5.83168209e-01 1.23610342e+00 -6.92026496e-01
    1.26540124e-01 2.23035812e-02 1.36879468e+00 1.46789587e+00
    3.70750487e-01 1.39286351e+00 1.09370756e+00 -8.46262097e-01
    1.46095538e+00 -6.09908104e-01 1.35980988e+00 5.48605561e-01
    3.42836678e-01 1.18522012e+00 2.17910290e-01 2.08586454e-03
    -4.60542113e-01 1.20073271e+00 1.36964798e+00 3.02838326e-01
    7.00804889e-01 7.10367620e-01 1.48754442e+00 -1.69753790e-01
    -6.36308610e-01 -1.16068482e-01 -6.66935027e-01 7.21150756e-01
    7.27547526e-01 1.52103639e+00 3.60228777e-01 1.54013228e+00
    7.79448092e-01 -3.97175431e-01 1.47063136e+00 -6.69749200e-01
    -3.88781756e-01 1.08418000e+00 5.57972491e-01 6.80723667e-01
    6.66022778e-01 3.54462624e-01 9.26243722e-01 1.88429201e+00
    2.40789175e-01 -6.00326896e-01 6.93739414e-01 -5.67883253e-01
    8.44651639e-01 4.56761062e-01 1.19361961e+00 -3.68093699e-01
    -5.99496603e-01 -4.29926515e-02 1.23621297e+00 4.91129756e-02
    2.70800054e-01 2.89001465e-01 4.70058084e-01 1.21596336e+00
    -5.46560049e-01 2.02078700e-01 1.49959922e-02 -3.74923319e-01
    5.95472515e-01 1.77648735e+00 1.07608914e-01 8.28945160e-01
    -4.92818654e-01 9.77719307e-01 6.06886208e-01 1.61082935e+00
    8.43291402e-01 8.34000289e-01 1.55323195e+00 -4.21270132e-02
    3.90127480e-01 -4.17902410e-01 1.47394717e-01 3.07110846e-01
    -1.72352552e-01 -3.66628349e-01 1.07135034e+00 8.43022227e-01
    -3.65622848e-01 -3.09076935e-01 1.01509571e+00 1.86660385e+00
    -2.90477723e-01 3.80789042e-01 8.87344062e-01 8.22606087e-02
    -6.52322054e-01 3.11323702e-01 1.67676520e+00 1.21786356e+00
    3.18906009e-01 -2.41863668e-01 1.29650426e+00 -2.65244782e-01
    -2.97673196e-01 -1.66320801e-01 9.41914320e-03 1.15329623e-01
    -6.30918384e-01 9.38412607e-01 -9.36908722e-02 1.43230796e+00
    1.32031846e+00 4.79950368e-01 9.94592309e-01 5.01548409e-01
    5.79304338e-01 1.29582548e+00 1.38284266e+00 2.23540485e-01
    -5.47350943e-01 9.20649827e-01 6.75513268e-01 -6.06668711e-01
    5.43038189e-01 1.58607101e+00 -7.78074622e-01 4.15288389e-01
    -3.60419154e-01 9.48890865e-01 4.82337773e-01 1.61672449e+00
    -5.99919558e-02 2.70370424e-01 3.87583733e-01 6.02995753e-02
    -1.60818756e-01 1.51688266e+00 2.76040375e-01 1.20629513e+00
    -4.91074622e-01 8.44593644e-02 1.37528181e+00 3.82300794e-01
    1.49128079e+00 1.15733600e+00 5.23284554e-01 -2.65147567e-01
    1.35650015e+00 1.50308871e+00 1.34002399e+00 -7.26110697e-01
    1.37559664e+00 -2.26643622e-01 -2.52298594e-01 2.35793710e-01
    -8.05786014e-01 1.02432013e+00 4.85247612e-01 -5.27455389e-01
    4.56608057e-01 4.84331727e-01 8.72381747e-01 3.45843196e-01
    3.17045808e-01 5.27102470e-01 -1.37971222e-01 2.90808856e-01
    -1.10938847e-01 1.98042393e-01 4.84420061e-01 1.34241593e+00
    6.67519629e-01 2.77478695e-02 4.72745657e-01 -2.09135771e-01
    8.61022234e-01 1.41438746e+00 5.42742252e-01 1.61114931e+00
    1.68372512e+00 -2.42410362e-01 8.37123930e-01 2.82393396e-01
    1.26204526e+00 2.19489574e-01 1.13334012e+00 3.50244641e-02
    7.87004828e-02 1.79431915e-01 -7.84265995e-01 -6.58551395e-01
    6.61340117e-01 -4.49737966e-01 6.01140141e-01 2.97687650e-02
    -2.11289883e-01 1.24037623e+00 1.11648178e+00 -3.37655723e-01
    5.25599897e-01 7.17788935e-01 1.25557280e+00 -6.22678995e-02
    -3.89721274e-01 5.04742861e-01 8.24040234e-01 2.11756885e-01
    -8.98824811e-01 3.58126581e-01 5.57353914e-01 7.47469246e-01
    1.52962184e+00 1.09320617e+00 4.36327994e-01 -1.60313249e-01
    8.41856480e-01 1.07976437e+00 5.42378306e-01 -2.89075136e-01
    5.72756946e-01 1.32808220e+00 1.51548672e+00 1.84480965e-01
    1.50364089e+00 -6.43926740e-01 -7.83599496e-01 -2.67566383e-01
    1.48163295e+00 -2.37569571e-01 1.20383191e+00 4.04641151e-01
    1.32566953e+00 3.76549304e-01 -4.99446750e-01 1.37453461e+00
    -3.80712450e-01 -6.73119068e-01 7.09711015e-01 1.57083488e+00
    1.79749227e+00 -7.18210697e-01 -5.81712842e-01 1.04852033e+00
    -3.13930035e-01 8.35790992e-01 1.80914176e+00 1.19708347e+00
    9.75813031e-01 1.28286481e-01 3.61698449e-01 7.66219318e-01
    3.37579906e-01 8.14636946e-01 4.03169811e-01 4.84236658e-01
    -5.55778027e-01 -7.54762530e-01 -6.51915073e-02 -5.35145879e-01
    1.14756346e+00 -6.94970489e-01 2.13066995e-01 -6.30801082e-01
    -7.99406409e-01 8.85925531e-01 2.33766973e-01 8.57016087e-01
    1.50571966e+00 3.52294445e-02 8.06169629e-01 -9.74233150e-02
    1.72365594e+00 4.77850914e-01 8.43505085e-01 1.67558694e+00
    -6.00439906e-01 -3.50978136e-01 1.71069217e+00 9.08361375e-01
    1.52870345e+00 1.29767239e+00 1.23676264e+00 -3.65891784e-01
    -5.15970469e-01 6.59916103e-01 1.04115486e+00 -7.68718541e-01
    4.04979706e-01 1.71539378e+00 1.13741684e+00 9.38187003e-01
    -5.28142452e-01 -8.63614559e-01 1.48537540e+00 1.78162789e+00
    4.47155416e-01 2.02057409e+00 1.20092535e+00 1.10290933e+00
    1.81524134e+00 7.60477602e-01 2.67293453e-02 -6.13472521e-01
    5.73183656e-01 1.58850944e+00 6.31918311e-02 9.02717352e-01
    -3.65387797e-02 2.06686318e-01 -1.71861112e-01 1.76367188e+00
    1.53927279e+00 3.83387208e-02 1.77387094e+00 -2.48912811e-01
    -7.65512884e-01 -5.99554777e-02 4.82384145e-01 1.16048527e+00
    -3.61841261e-01 1.37060595e+00 1.53250384e+00 9.39563572e-01
    1.17218721e+00 4.38748658e-01 -3.37594390e-01 -6.78672671e-01
    7.64820218e-01 1.54039323e+00 -7.20104873e-01 -8.03655148e-01
    -4.17907268e-01 -2.62066007e-01 7.68789649e-02 1.45626378e+00
    -1.88430846e-01 -5.88303804e-03 1.25941658e+00 -7.52554953e-01
    1.32300591e+00 -8.00411105e-01 1.04946792e-01 1.28016996e+00
    -3.23377311e-01 1.13023472e+00 1.00809646e+00 6.90957844e-01
    1.18439376e-01 -4.78521049e-01 -6.71191394e-01 4.04755414e-01
    -3.51067215e-01 2.50839293e-01 -2.57516205e-01 -5.86984932e-01
    9.18640018e-01 1.10952115e+00 1.45751536e-01 6.68346465e-01
    -5.76867461e-01 9.55898106e-01 1.51940227e+00 -2.18144476e-01
    1.33358192e+00 5.12792408e-01 -5.88055611e-01 1.27197886e+00
    1.51288986e+00 1.19893837e+00 -2.14957774e-01 1.06479120e+00
    -4.05923963e-01 1.52419865e-01 9.78211224e-01 1.67732418e-01
    -2.58564949e-04 6.45405471e-01 -2.92651236e-01 4.20807600e-02
    1.09943390e+00 1.09731650e+00 1.03844821e-01 1.19418180e+00
    -4.43382263e-02 -5.11861086e-01 1.73143864e+00 1.08977783e+00
    -2.12612748e-02 -5.56884289e-01 -6.62308216e-01 -1.61377013e-01
    3.79678190e-01 7.20390618e-01 1.21273649e+00 9.30968642e-01
    9.72747684e-01 7.47503936e-01 1.63450003e-01 -8.04694891e-02
    3.63247991e-02 -6.65830970e-02 -1.97094977e-01 1.04935455e+00
    4.44743872e-01 5.66828489e-01 4.68576074e-01 -3.07267368e-01
    -4.23285067e-01 9.86133754e-01 8.22452307e-01 -7.54025757e-01
    1.16848087e+00 1.60485399e+00 5.35817027e-01 -5.26117444e-01
    9.03660834e-01 1.09266102e+00 1.24221861e-01 1.03747356e+00
    9.02570963e-01 1.66097164e+00 -5.08410156e-01 6.71940506e-01
    -1.89561486e-01 1.54273748e+00 1.06112945e+00 1.39274120e+00
    8.35625052e-01 -2.67966330e-01 6.17045760e-01 -6.48346424e-01
    1.10210562e+00 1.77958965e+00 -3.04273903e-01 -6.81748509e-01
    -5.66642284e-01 1.01560450e+00 1.30871403e+00 -4.47713643e-01
    1.46596384e+00 3.63886595e-01 -8.06247473e-01 5.87075830e-01
    1.71129060e+00 1.43357551e+00 2.86048353e-01 -1.65494680e-02
    -7.50093699e-01 -8.02385509e-01 4.45339680e-01 -3.06869626e-01
    7.64853477e-01 1.30445373e+00 6.69928849e-01 1.40594387e+00
    1.47230983e+00 1.54469359e+00 1.13304067e+00 -2.41023839e-01
    7.03373194e-01 1.21516645e+00 -5.43095469e-02 5.83010733e-01
    1.35135698e+00 5.30764341e-01 1.44717216e-01 6.00983560e-01
    -4.83023375e-01 1.97465658e-01 1.77065277e+00 8.71434927e-01
    -8.28331113e-01 5.40258467e-01 -8.04830909e-01 2.97369957e-01
    1.44632483e+00 1.27286172e+00 7.11284101e-01 -6.35161281e-01
    1.09670806e+00 1.49062824e+00 9.33010042e-01 -5.49108744e-01
    -5.23697138e-01 1.64360142e+00 1.05203938e+00 -4.71714884e-01
    9.99063551e-01 -1.21454120e-01 1.21315408e+00 1.15901554e+00
    -6.87333584e-01 1.19496334e+00 1.07927322e+00 1.09825790e+00
    1.53088427e+00 1.38330734e+00 -2.28537977e-01 -3.76672119e-01
    5.05652010e-01 1.06944704e+00 9.83403206e-01 -7.30239153e-01
    -3.28080773e-01 -5.09464741e-01 1.09692621e+00 -3.55416119e-01
    1.57632303e+00 1.71392965e+00 1.77768111e+00 1.70749116e+00
    2.24721432e-02 -6.49584949e-01 3.29242229e-01 -6.33157611e-01
    -5.43512702e-01 7.63549924e-01 1.19916773e+00 -2.49706745e-01
    1.16263723e+00 4.11195159e-02 3.60434234e-01 3.06805909e-01
    7.06136405e-01 -5.41049719e-01 -5.48378229e-01 -8.16012681e-01
    5.17078638e-01 4.66575682e-01 -4.12499905e-01 1.52716637e+00
    1.51382959e+00 4.75421607e-01 -5.04538178e-01 3.51483822e-02
    1.13560271e+00 9.32348371e-02 3.95866752e-01 1.44257379e+00
    -8.21035504e-02 -8.36535871e-01 4.21864808e-01 -5.09558439e-01
    1.05937421e+00 6.57842636e-01 1.47139931e+00 1.21778286e+00
    3.87565196e-01 -1.76162302e-01 -8.73040617e-01 -1.00733399e-01
    3.76466513e-01 -5.80551922e-01 -1.08093351e-01 1.04602456e+00
    -2.45128199e-01 1.00286269e+00 1.61280584e+00 -4.03525829e-02
    -6.82322264e-01 -5.81248999e-01 1.69174433e+00 -7.12587237e-01
    -7.07432866e-01 1.15836644e+00 9.02723372e-01 4.56185699e-01
    -2.96566367e-01 -4.41143841e-01 3.48415017e-01 2.15116680e-01
    3.43792140e-01 1.70010495e+00 1.46695876e+00 6.95260882e-01
    1.81632102e-01 1.44045043e+00 -4.43095744e-01 1.09064209e+00
    1.73306668e+00 2.83917725e-01 6.85370147e-01 -6.20461345e-01
    1.15179992e+00 -5.36849916e-01 1.98702931e-01 6.59505367e-01
    -4.19174016e-01 1.78720486e+00 -4.67126638e-01 -7.61575162e-01
    1.49619436e+00 1.38256133e+00 3.04399490e-01 1.15033805e+00
    1.47409081e+00 1.77654386e+00 1.43030238e+00 6.58524275e-01
    -2.37203062e-01 1.16809058e+00 -2.01345205e-01 -3.88934940e-01
    9.91994917e-01 1.81011510e+00 1.88442230e+00 1.50634408e-01
    -3.35860401e-01 1.84271049e+00 1.33184612e+00 9.88002956e-01
    6.55547619e-01 1.44582117e+00 -6.92458391e-01 -7.45161116e-01
    1.16284966e-01 -4.80953813e-01 1.52041793e+00 1.07285261e+00
    4.19398189e-01 1.75117350e+00 1.51553726e+00 9.98676360e-01
    1.02190769e+00 1.57297015e+00 1.45945978e+00 1.68622684e+00
    -7.29579687e-01 1.11406350e+00 9.70936894e-01 1.51422858e+00
    2.53715694e-01 1.73188210e+00 6.11430705e-01 1.62406683e+00
    9.89127219e-01 -2.11159408e-01 -3.08996439e-02 3.49530041e-01
    1.49940491e+00 1.23917699e+00 7.85663605e-01 1.57046795e-01
    -5.37160456e-01 -2.34752893e-02 1.39160228e+00 -3.36572856e-01
    9.09982622e-01 1.36603928e+00 9.95917618e-01 -7.43806481e-01
    3.08423042e-01 1.29411983e+00 -4.61087555e-01 1.47673380e+00
    3.80148292e-01 2.02525139e-01 1.43762529e+00 -8.60289872e-01
    -5.88650525e-01 1.08640933e+00 5.88127017e-01 1.65045500e+00
    1.64229131e+00 1.43771744e+00 9.00536895e-01 3.90863836e-01
    9.93896961e-01 -1.98950589e-01 1.74823999e-02 1.28958416e+00
    1.43989658e+00 2.57100403e-01 3.58316898e-01 1.33049941e+00
    1.74648762e+00 2.95049310e-01 1.13925123e+00 -2.69181609e-01
    1.97895169e-02 1.54850912e+00 -7.04646707e-02 1.73120952e+00
    -7.77459681e-01 -3.90952647e-01 6.02324963e-01 -4.44902569e-01
    -5.74392855e-01 1.19560313e+00 1.25678742e+00 1.37776351e+00
    1.71210217e+00 9.86737013e-03 -7.10748494e-01 -4.68841672e-01
    2.78503656e-01 1.72504067e+00 2.23329842e-01 2.51652956e-01
    1.41960001e+00 2.51872182e-01 1.30773354e+00 -7.99277008e-01
    -2.52440214e-01 1.80342758e+00 8.11991274e-01 1.58178878e+00
    -2.83270299e-01 -6.60668612e-02 1.57913232e+00 7.79284239e-02
    1.23176479e+00 6.43292964e-01 1.45156860e-01 -2.38189757e-01
    1.26675975e+00 1.23549044e+00 8.65185142e-01 1.08166993e+00
    1.01879573e+00 1.66267729e+00 1.47242725e+00 1.60161018e+00
    1.44187164e+00 9.81395423e-01 1.45382631e+00 -5.30607939e-01
    -6.33185804e-01 1.70408690e+00 7.26836324e-01 5.71177304e-01
    4.06732023e-01 -9.00184572e-01 -7.24551678e-02 2.37935185e-01
    1.07630241e+00 -1.26896560e-01 4.38086927e-01 -2.09238529e-02
    1.61687505e+00 -2.84810126e-01 -2.30645776e-01 1.49782872e+00
    1.50711393e+00 3.35590720e-01 1.51823485e+00 8.00589144e-01
    1.30874610e+00 1.05491543e+00 1.74568045e+00 -8.04582238e-01
    1.04161441e-01 1.13792467e+00 -7.14663148e-01 1.69179797e+00
    7.45716929e-01 -1.58192098e-01 4.39432085e-01 9.38239932e-01
    -6.83278978e-01 9.35237169e-01 1.57199860e+00 4.80144143e-01
    -3.94815505e-01 -4.84059334e-01 1.00486934e-01 6.98503077e-01
    3.10232699e-01 -6.29184127e-01 2.24546373e-01 1.28637648e+00
    -4.91206497e-01 1.55353236e+00 1.26227164e+00 1.20463204e+00
    -1.82770371e-01 4.89160955e-01 -5.66920877e-01 5.81745267e-01
    1.44799018e+00 5.35472751e-01 1.32589889e+00 9.95810628e-01
    1.20747721e+00 -2.71761417e-03 9.73840356e-01 1.45575523e+00
    8.56905818e-01 1.27441216e+00 2.44670928e-01 9.00228798e-01
    1.02131295e+00 1.22656107e-01 9.31058288e-01 1.70244598e+00
    -8.48907113e-01 5.52576423e-01 1.41270649e+00 -2.56266356e-01
    1.29946113e-01 6.01379752e-01 1.37487280e+00 1.55593097e+00
    1.68663263e+00 1.33321643e+00 1.13692212e+00 -3.96080434e-01
    -7.13844657e-01 7.10598588e-01 1.20920324e+00 1.89156628e+00
    1.31348968e+00 2.89678872e-01 1.65559363e+00 -2.94150203e-01
    4.95275676e-01 1.59431410e+00 1.76068103e+00 1.48509002e+00
    -3.26050282e-01 2.04972088e-01 -2.52140164e-01 -6.91398203e-01
    2.99879134e-01 -1.59229159e-01 6.04555130e-01 -1.44879699e-01
    -7.75033653e-01 -4.56224412e-01 1.69421351e+00 -5.93767822e-01
    4.19146836e-01 1.36915791e+00 1.67738104e+00 -2.18847692e-01
    -4.63183522e-01 1.01654220e+00 1.45253277e+00 1.29802585e+00
    1.27299893e+00 5.27902246e-02 5.09845436e-01 -3.04928958e-01
    -4.92279083e-01 1.73806107e+00 1.84347010e+00 -1.91718400e-01
    6.41268730e-01 -1.25497699e-01 1.13253641e+00 1.54505360e+00
    1.83050418e+00 -3.39771032e-01 1.29528940e+00 1.19558263e+00
    3.52440000e-01 1.55753827e+00 -6.39392734e-01 6.26592278e-01
    1.80047977e+00 -4.52069908e-01 8.55780780e-01 1.13909423e+00
    1.34549558e-01 7.50921369e-01 -3.79686832e-01 1.49989438e+00
    4.94153023e-01 6.63509667e-01 6.34171546e-01 1.32534873e+00
    4.15305018e-01 1.21178937e+00 9.21642363e-01 3.94929290e-01
    9.36554551e-01 1.62618518e+00 3.75315964e-01 9.68282461e-01
    3.95231783e-01 1.57666779e+00 -3.23202491e-01 -4.11296666e-01
    7.53456771e-01 -5.07837415e-01 1.18029761e+00 7.38173187e-01
    4.22562301e-01 1.15486324e+00 1.34954536e+00 1.02905011e+00
    1.18402505e+00 -7.81147897e-01 -7.42559671e-01 1.48005891e+00
    1.33210242e+00 1.53751075e-01 -1.31988525e-01 7.88091540e-01
    1.21474123e+00 1.68519700e+00 8.37969065e-01 -4.34037238e-01
    1.04125679e+00 1.46434522e+00 -4.78946030e-01 1.42601132e-01
    1.32952511e+00 -9.16572213e-02 5.65118790e-01 9.82885540e-01
    1.22392905e+00 1.42522514e-01 1.76922429e+00 1.49145222e+00
    -1.52236342e-01 1.60877681e+00 1.73731387e-01 1.03431642e-01
    7.69459486e-01 5.48047364e-01 -5.92740834e-01 4.04067516e-01
    1.40360057e-01 5.90309024e-01 3.05661678e-01 5.42875707e-01
    -6.82938695e-02 -1.36414111e-01 2.97812641e-01 2.42879450e-01
    3.96226823e-01 8.13222170e-01 7.58275688e-01 -4.92212266e-01
    1.08949614e+00 5.59795439e-01 1.25410843e+00 1.33068407e+00
    7.01463878e-01 -4.34738874e-01 4.21529472e-01 3.67033064e-01
    1.29501414e+00 5.15769660e-01 -4.83703017e-02 1.70808506e+00
    -5.22679329e-01 1.18508101e+00 -6.91662610e-01 8.57770324e-01
    1.68183923e-01 1.43337381e+00 7.43420303e-01 6.06187880e-01
    1.42460048e+00 1.41256499e+00 1.73408818e+00 1.39030886e+00
    -4.92083967e-01 -6.32280707e-01 1.75286508e+00 -7.24857330e-01
    1.07758641e+00 1.10778475e+00 -5.85668087e-01 1.42112184e+00
    -1.98036253e-01 1.68609464e+00 5.19982278e-01 -8.18431377e-04
    8.67397606e-01 -7.41632164e-01 7.56740212e-01 -4.67122912e-01
    -8.99985909e-01 4.18162465e-01 1.48012149e+00 1.46633756e+00
    -4.99108434e-02 1.50715423e+00 -8.30687642e-01 1.57340229e+00
    -5.15560091e-01 1.11260009e+00 1.54822016e+00 1.25182211e+00
    4.68205690e-01 9.84261751e-01 -7.31337667e-01 8.45167100e-01
    -5.45907915e-01 9.32788849e-01 1.06052101e+00 1.43881798e-01
    -5.37802577e-02 1.37353706e+00 -6.38096333e-02 1.03614140e+00
    -2.97839820e-01 1.30369139e+00 -5.13546169e-01 1.55002809e+00
    7.71828532e-01 1.39346302e-01 1.63759756e+00 7.55405068e-01
    -7.09605038e-01 -8.69794846e-01 5.07974505e-01 1.52887726e+00
    -1.51841164e-01 2.18001604e-02 9.12880540e-01 -2.38019526e-01
    -3.87082011e-01 1.45388150e+00 9.56876099e-01 -2.58525908e-01
    -6.13822341e-02 1.26950991e+00 1.15857482e-01 1.23209476e+00
    9.51191008e-01 4.93397593e-01 5.84215403e-01 1.37771451e+00
    1.60584056e+00 1.48819566e+00 6.44289136e-01 5.00877738e-01
    1.47689283e-01 8.98575366e-01 9.65184033e-01 1.20416915e+00
    7.41496742e-01 7.53140926e-01 8.09853256e-01 1.42653918e+00
    8.19683075e-01 4.06473637e-01 -8.49375129e-01 1.09165668e+00
    3.31887126e-01 1.14516091e+00 3.97788107e-01 8.96271944e-01
    4.88204002e-01 1.18563402e+00 6.56262577e-01 1.49115658e+00
    1.56139064e+00 2.13078320e-01 1.24303794e+00 5.71742594e-01
    -2.48899579e-01 1.06750274e+00 1.27480149e+00 1.10437703e+00
    3.69091988e-01 8.90932500e-01 1.31104565e+00 8.39136839e-02
    3.94764304e-01 -5.83458662e-01 -2.06979543e-01 2.93394238e-01
    -1.95208549e-01 5.70007324e-01 -5.37765980e-01 -2.76108414e-01
    4.21453476e-01 1.44701242e+00 9.75536942e-01 -4.44890320e-01
    -5.87647498e-01 -3.39607179e-01 1.24836087e+00 -3.96468937e-01
    1.70704651e+00 1.49739146e+00 1.33272851e+00 8.75427961e-01
    4.99255478e-01 4.75690007e-01 9.22318280e-01 7.73080587e-02
    9.28276777e-02 -1.13325715e-01 -1.10989988e-01 -6.98022842e-01
    -9.58542824e-02 8.97715688e-01 9.84445572e-01 -4.84495550e-01
    -7.47042179e-01 1.01696849e+00 8.31931531e-01 7.67218590e-01
    1.71274865e+00 2.68079460e-01 1.06924415e-01 1.82100987e+00
    -1.73065543e-01 2.37824917e-02 2.58841217e-01 7.37403750e-01
    1.00632095e+00 -1.75610483e-01 1.73806083e+00 1.43459868e+00
    -3.44113886e-01 1.57843602e+00 -4.65540737e-01 -5.10493994e-01
    4.24921095e-01 1.89076066e-02 -4.51166183e-01 -6.25972569e-01
    9.03340220e-01 5.62103629e-01 1.40571558e+00 1.57962203e+00
    -5.83334923e-01 -3.37702096e-01 1.78310299e+00 -8.70196044e-01
    1.27495074e+00 -3.21344674e-01 -5.89745879e-01 7.46994615e-02
    5.48305929e-01 -6.97904110e-01 -7.30223179e-01 1.37418890e+00
    -1.53193593e-01 2.79514432e-01 2.13521123e-01 9.38348591e-01
    5.60240149e-01 -5.83627939e-01 1.74889565e-01 1.60359335e+00
    3.37865233e-01 -8.71016562e-01 -4.59432840e-01 1.34560359e+00
    9.11947846e-01 -1.37759089e-01 -2.42463827e-01 1.03328001e+00
    -3.20162714e-01 1.26813269e+00 -3.79864305e-01 -5.37753522e-01
    1.72494566e+00 8.03785682e-01 3.22277009e-01 1.48386288e+00
    9.24164176e-01 8.29947174e-01 1.71136701e+00 1.30015159e+00
    1.51564598e+00 -7.20195115e-01 1.41796470e-01 1.38130355e+00
    1.24741316e+00 8.54339600e-02 7.21484244e-01 1.02240551e+00
    -5.47396541e-01 1.17993569e+00 3.74403596e-01 1.78773808e+00
    8.29143524e-01 7.64674664e-01 1.62877536e+00 -3.78921866e-01
    1.27867138e+00 2.15751469e-01 -1.25860691e-01 1.63653588e+00
    -5.82397461e-01 7.47002304e-01 -6.59757733e-01 3.57696712e-01
    1.37963653e-01 1.29803109e+00 1.05722380e+00 -7.59194791e-01
    -4.48158383e-01 1.50568724e+00 7.37852216e-01 3.18006873e-02
    1.64674187e+00 9.33003247e-01 1.69820142e+00 -2.33962119e-01
    3.32977414e-01 1.28325093e+00 1.05198526e+00 5.29731870e-01
    4.09399331e-01 8.72136533e-01 7.54537463e-01 -4.50824231e-01
    1.50350213e-01 8.11321020e-01 -4.27899301e-01 -8.56628835e-01
    1.29407048e-02 9.31284666e-01 1.51512194e+00 1.56933939e+00
    9.91906583e-01 1.41551530e+00 1.12042212e+00 -8.50507140e-01
    -5.10087013e-01 -5.54472089e-01 1.49277210e+00 8.14857781e-01
    -1.08144999e-01 -1.86547816e-01 8.20868731e-01 1.62641478e+00
    1.17141151e+00 1.24478376e+00 2.52681971e-02 9.54126298e-01
    2.54013181e-01 -3.04090977e-02 -1.14523709e-01 8.95285904e-01
    1.24108088e+00 -8.51527929e-01 1.77679515e+00 -5.53673089e-01
    -3.02583098e-01 1.02183616e+00 1.29477692e+00 6.24093354e-01
    -2.08799362e-01 1.65384030e+00 -1.28625035e-02 8.62770081e-01
    -7.76644111e-01 7.73995221e-01 3.17092419e-01 7.59762704e-01
    1.23804426e+00 9.20270145e-01 3.31927538e-02 4.14156497e-01
    5.32318473e-01 3.93104315e-01 1.27167249e+00 -2.66868472e-01
    1.17625332e+00 1.68888807e-01 3.25904906e-01 1.28717947e+00
    1.41759849e+00 3.32890630e-01 1.36659002e+00 -1.10854626e-01
    3.77787054e-01 1.43643236e+00 2.07697511e-01 9.98109043e-01
    -6.81121111e-01 1.18724751e+00 -4.46479946e-01 -7.80574501e-01
    7.40481675e-01 1.76558280e+00 1.76346135e+00 4.57935929e-01
    -8.57494056e-01 1.35204601e+00 -5.78423977e-01 3.47331882e-01
    1.48870301e+00 -4.27934259e-01 -6.45585477e-01 9.27799344e-01
    2.59569168e-01 5.92732906e-01 3.02382290e-01 1.53118849e+00
    -8.27572346e-01 1.19142103e+00 9.34536517e-01 1.41019094e+00
    -5.14306188e-01 2.13612139e-01 1.36819935e+00 5.94031274e-01
    -3.85685563e-01 1.74796700e+00 3.79152298e-01 1.44671786e+00
    1.49023724e+00 -4.89843369e-01 1.08454084e+00 -7.25295126e-01
    -6.75636530e-03 1.38741565e+00 1.00923824e+00 -8.22135925e-01
    -1.29383862e-01 1.53396809e+00 1.37576294e+00 -3.70754093e-01
    1.07848942e-01 9.66642439e-01 5.06535411e-01 1.21154130e+00
    4.31552112e-01 1.48540723e+00 1.47220099e+00 1.81026745e+00
    2.24449444e+00 -4.37467843e-01 1.02651107e+00 3.32813680e-01
    -7.99822807e-03 3.57424378e-01 1.12689149e+00 6.90043628e-01
    1.60310328e+00 1.72584724e+00 1.03284991e+00 -5.04937172e-02
    -2.58715153e-01 1.50786328e+00 1.34174395e+00 -7.56343424e-01
    1.19997668e+00 -4.96259779e-01 -4.13604528e-01 1.46973920e+00
    -3.27142000e-01 1.24172544e+00 1.58685827e+00 9.21569586e-01
    -2.47112989e-01 -6.80715919e-01 1.78726745e+00 1.20023274e+00
    1.75123751e-01 1.78076053e+00 -2.98725963e-01 1.04462719e+00
    1.20236158e+00 3.76937747e-01 1.12495136e+00 -2.47484088e-01
    1.43161225e+00 3.22407484e-03 -5.10304809e-01 3.54692221e-01
    7.82669723e-01 1.16965044e+00 1.25007451e-01 1.01633787e+00
    1.06488156e+00 8.53673637e-01 8.21144998e-01 1.43079948e+00
    1.51516271e+00 1.05435753e+00 6.92600667e-01 -7.82151818e-02
    -3.34632993e-01 2.53459513e-01 1.58771479e+00 3.30766976e-01
    1.54910278e+00 1.37054348e+00 1.96315885e-01 6.37081921e-01
    1.50401986e+00 -4.31087047e-01 -2.20980465e-01 1.48779440e+00
    2.95773685e-01 1.74763203e-01 1.40650868e+00 -3.45619857e-01
    1.20335758e+00 -7.79732823e-01 1.63866830e+00 1.13306117e+00
    1.44548202e+00 1.13567817e+00 1.72927821e+00 9.20362055e-01
    9.05629814e-01 2.77364731e-01 7.40646243e-01 1.48388267e-01
    1.56751680e+00 4.77719724e-01 1.21437788e-01 -8.20763648e-01
    1.71007025e+00 8.41077805e-01 9.07911003e-01 -7.46038795e-01
    -5.00569046e-01 2.46687531e-02 9.25830364e-01 -1.66341543e-01
    1.55207443e+00 5.62589347e-01 1.06259465e+00 -4.18180585e-01
    1.19352627e+00 6.69821084e-01 1.38397956e+00 1.31631756e+00
    -7.59288430e-01 -7.54391193e-01 1.09783769e+00 1.25589871e+00
    1.11423683e+00 6.39914751e-01 2.91199386e-01 1.41410899e+00
    -3.49846274e-01 8.21741343e-01 7.23995209e-01 5.00767946e-01
    1.11405206e+00 6.31139100e-01 1.97827101e-01 1.20014989e+00
    -2.63253450e-01 9.06843245e-01 1.31167281e+00 1.34667563e+00
    3.76466691e-01 8.79861534e-01 -5.26240468e-01 6.43920302e-01
    -6.36683464e-01 1.48580313e+00 -5.85514903e-01 -2.49266803e-01
    -6.94467247e-01 2.61982858e-01 2.68443704e-01 -3.35359275e-01
    -1.63828731e-02 1.64183140e+00 2.97230840e-01 1.01581812e+00
    -3.56821120e-01 1.59842539e+00 -8.10596764e-01 1.04683816e-01
    1.15581810e+00 1.38620138e+00 8.82928908e-01 -7.00614631e-01
    -3.23133826e-01 2.87590802e-01 -3.84627670e-01 3.86453092e-01
    2.96438813e-01 1.62152767e+00 5.53199053e-02 1.52732038e+00
    3.62843394e-01 6.61924362e-01 6.75158501e-01 -4.36276197e-01
    1.38302970e+00 2.88619816e-01 -4.30695534e-01 1.38387811e+00
    -3.13608706e-01 -2.24693894e-01 -1.83441937e-01 -6.15891457e-01
    1.65701270e+00 9.89485979e-01 -2.92009592e-01 7.95358896e-01
    -8.52036715e-01 1.14345479e+00 -3.00339699e-01 -3.14415395e-01
    8.55255008e-01 9.74597514e-01 -3.27687263e-02 1.72447848e+00
    -4.20209438e-01 8.44713092e-01 7.21161783e-01 1.53201973e+00
    1.34474874e+00 8.89152944e-01 9.16975260e-01 -5.24975300e-01
    -5.52189946e-02 1.58648276e+00 -1.45643950e-01 1.58952916e+00
    4.02323425e-01 9.12919104e-01 -4.10208046e-01 -1.55178308e-01
    1.40773952e+00 -5.01442552e-01 9.78377581e-01 8.36798668e-01
    1.59833205e+00 -1.36071503e-01 7.96276152e-01 2.02373028e-01
    4.05306518e-01 -4.70656514e-01 8.17722678e-02 4.33966100e-01
    8.50994051e-01 1.10622835e+00 1.16910505e+00 -2.27121472e-01
    -1.59960389e-02 1.71885490e+00 1.38161731e+00 4.40323710e-01
    6.30303860e-01 1.21799660e+00 9.52489197e-01 -4.10490274e-01
    7.52305925e-01 1.61965942e+00 -4.34996396e-01 1.32261360e+00
    2.42209435e-02 1.47059560e+00 1.56045580e+00 -1.98168397e-01
    9.77432668e-01 1.06394958e+00 9.24885869e-02 -5.87948322e-01
    -5.62949300e-01 7.33812988e-01 6.58525527e-01 1.35116053e+00
    8.88780177e-01 1.47342229e+00 -5.79599857e-01 -3.56285751e-01
    7.83766627e-01 9.38034236e-01 -6.55423641e-01 -6.44522846e-01
    1.54521608e+00 1.07700992e+00 -3.55810761e-01 8.72035980e-01
    3.24919224e-01 -1.29962504e-01 2.13032484e-01 5.85604906e-02
    -4.09109652e-01 1.49027014e+00 1.62592196e+00 1.28603399e-01
    4.19114947e-01 8.92388284e-01 2.05422306e+00 9.14788663e-01
    1.40497017e+00 3.43808293e-01 4.05516028e-01 5.78766227e-01
    7.62882531e-01 1.36056471e+00 -5.15485764e-01 1.05339122e+00
    1.45024228e+00 1.33117008e+00 4.77531970e-01 -2.76026070e-01
    5.36192060e-01 1.11925983e+00 1.18384182e-01 3.66196036e-01
    1.64778590e+00 5.46924412e-01 -2.31207013e-02 -7.60989070e-01
    6.12020016e-01 1.10866714e+00 9.60517406e-01 8.03564608e-01
    1.37700915e+00 -4.19175178e-01 1.25507510e+00 1.65658855e+00
    6.67765379e-01 4.07159507e-01 1.44217372e-01 7.35764503e-02
    1.31575036e+00 -5.19642949e-01 1.29134512e+00 1.27462506e+00
    4.97351408e-01 -2.69263148e-01 3.14989090e-01 1.06527627e+00
    -3.62964869e-02 -5.20384312e-02 1.25235176e+00 1.53095865e+00
    -4.00835156e-01 1.14006138e+00 -5.62516093e-01 1.19801164e+00
    -6.77933216e-01 -2.55258799e-01 -1.95921004e-01 -5.62863350e-01
    -3.87746096e-02 3.17217708e-01 1.29338074e+00 -6.59515619e-01
    1.73064482e+00 1.86388493e-01 6.18265390e-01 8.20459425e-01
    7.46255219e-01 3.66543591e-01 1.63422775e+00 1.51873779e+00
    -8.05638075e-01 1.33977675e+00 1.02142227e+00 6.72493339e-01
    3.63203466e-01 -5.95989108e-01 3.20581198e-01 -7.71006405e-01
    9.57334995e-01 2.59771466e-01 -7.06645072e-01 1.67072296e-01
    -8.81683946e-01 3.37111831e-01 1.54548669e+00 1.33535051e+00
    7.78233945e-01 1.43844318e+00 1.90830350e-01 -8.14752221e-01
    -2.62904346e-01 1.37923682e+00 -7.67255247e-01 1.57980561e+00
    1.10356927e+00 -5.91713011e-01 -2.57325649e-01 -4.46076423e-01
    1.49566150e+00 -5.60644507e-01 6.78013921e-01 9.70633984e-01
    1.58653200e+00 -3.40137362e-01 1.67642176e+00 -8.08528483e-01
    -8.85134101e-01 1.48320663e+00 9.24792290e-01 -6.25477552e-01
    8.54198575e-01 1.09065473e-01 7.18273163e-01 -1.38860047e-01
    8.27701092e-01 9.22294855e-02 -7.98020184e-01 -7.67592430e-01
    -7.23204136e-01 5.19750059e-01 1.38965607e+00 6.22802913e-01
    1.80527925e-01 1.61432052e+00 6.25809431e-01 1.36739790e-01
    -3.81621242e-01 1.70984280e+00 1.08630824e+00 1.50111830e+00
    2.90099740e-01 1.45307958e+00 -4.57625180e-01 8.22757840e-01
    1.27939522e+00 1.31623030e-01 2.23194361e-02 -1.17291272e-01
    -3.80254269e-01 -6.06465101e-01 2.42581367e-01 1.15598702e+00
    1.47676408e-01 1.08784020e-01 9.53764260e-01 -3.67419392e-01
    3.37903023e-01 -3.97604913e-01 -1.88332498e-01 -6.22940421e-01
    1.59144866e+00 -2.48544455e-01 9.02934551e-01 1.13505816e+00
    3.49253058e-01 -6.64098620e-01 1.18234134e+00 9.40661788e-01
    -1.19431496e-01 1.68001413e+00 9.04462695e-01 -6.09375000e-01
    1.45638442e+00 5.69599330e-01 -1.85405016e-01 -5.84197521e-01
    1.56360316e+00 -6.73256397e-01 -1.09976530e-01 4.09874380e-01
    1.65081072e+00 5.47435284e-02 1.71986508e+00 2.02461481e-01
    9.33850586e-01 2.45737314e-01 1.27074277e+00 8.87279749e-01
    6.75645292e-01 -4.84102458e-01 7.85683572e-01 9.87934887e-01
    -3.99142474e-01 1.16546655e+00 5.79428732e-01 2.84336984e-01
    1.37255406e+00 1.41033876e+00 -4.03292567e-01 5.28106689e-02
    1.31452274e+00 1.19260216e+00 6.91834152e-01 1.60624385e-02
    6.87174320e-01 1.41834569e+00 -5.25179088e-01 1.17396796e+00
    -7.58422494e-01 1.49842000e+00 1.50377226e+00 7.43620992e-01
    -5.02051353e-01 4.05834794e-01 -6.36128724e-01 6.79844558e-01
    9.92871284e-01 8.05234611e-01 -7.62939811e-01 1.42654073e+00
    6.51111424e-01 -1.53968632e-01 1.43145204e+00 1.55855274e+00
    1.06073165e+00 1.65093935e+00 5.37313521e-01 1.43172431e+00
    8.69173825e-01 -4.15384173e-02 1.26810801e+00 6.46370173e-01
    1.41222835e+00 1.65947688e+00 1.63898289e-01 5.47593236e-01
    8.28889012e-02 7.12952793e-01 -8.58905077e-01 1.56280637e-01
    3.78963470e-01 1.00504756e+00 1.51164806e+00 4.95474994e-01
    2.19193697e-01 7.54955411e-02 -9.14632797e-01 3.04207027e-01
    -5.23554802e-01 -3.28954458e-01 1.35349512e+00 -4.23500538e-01
    1.27533793e-01 -2.17572629e-01 8.98227096e-02 -2.79632807e-01
    -3.30982566e-01 1.54686785e+00 5.46986222e-01 1.35148048e+00
    1.75595224e-01 -3.89725357e-01 -4.26892638e-02 -7.84803748e-01
    1.29940581e+00 1.27232337e+00 -4.52090025e-01 -2.71704733e-01
    -6.44226313e-01 1.82160830e+00 2.11181831e+00 3.86144310e-01
    2.18739152e-01 -3.45456958e-01 1.41035056e+00 1.75398254e+00
    -4.34784979e-01 1.66001534e+00 9.22979295e-01 -1.12672448e-02
    7.43335962e-01 -5.12281060e-01 2.29352355e-01 6.93201184e-01
    1.46527326e+00 2.96567440e-01 1.56768680e+00 -7.74660230e-01
    -1.49087787e-01 9.12367940e-01 6.67229235e-01 1.04903531e+00
    1.74129808e+00 -6.92853928e-02 1.43329203e-01 1.30028677e+00
    -2.23748147e-01 -6.23521209e-01 1.65400279e+00 1.15842831e+00
    1.15185118e+00 -3.35193276e-02 6.77783489e-02 -8.23700905e-01
    7.85107672e-01 -4.15490627e-01 1.41027629e-01 -6.72032058e-01
    -8.17647517e-01 -1.97053254e-01 1.02632618e+00 6.25727177e-01
    -7.96676278e-02 3.00456882e-02 -2.48042524e-01 1.03717649e+00
    -6.27442241e-01 1.67843294e+00 2.00241804e-03 -7.76435852e-01
    1.43854737e+00 2.36580849e-01 1.27002883e+00 2.71634638e-01
    5.62747061e-01 4.21918094e-01 -9.49155092e-02 1.69762921e+00
    -5.12187481e-02 -1.99638605e-01 4.77213860e-01 8.07095528e-01
    7.60798872e-01 1.02512145e+00 8.02892506e-01 1.64410818e+00
    9.57489550e-01 -5.34203351e-01 1.47339225e-01 1.50393343e+00
    -1.22648776e-01 9.03667629e-01 1.37980032e+00 -8.47891986e-01
    -8.76146019e-01 -2.21195638e-01 5.89504302e-01 7.52608597e-01
    9.19834435e-01 -3.35750282e-01 2.13646710e-01 1.73832607e+00
    1.45442891e+00 6.91466331e-02 9.31389153e-01 1.70453048e+00
    5.56468725e-01 -3.22020829e-01 5.86332142e-01 1.42258191e+00
    -4.51370776e-01 1.06000328e+00 1.01444674e+00 6.17251098e-01
    1.66220510e+00 7.33927131e-01 1.21642578e+00 5.90041995e-01
    -4.62725013e-01 -5.05512953e-03 1.35409570e+00 1.06575787e-01
    1.29884982e+00 -2.57766306e-01 1.55764735e+00 2.28580177e-01
    5.20980895e-01 2.57411599e-01 1.08749151e-01 4.11961198e-01
    1.45852590e+00 1.61122108e+00 -5.97459555e-01 1.20183420e+00
    -1.63973212e-01 1.58088899e+00 -7.42186666e-01 1.00568914e+00
    1.39641929e+00 1.21598458e+00 3.57272148e-01 1.12546051e+00
    5.32761633e-01 -1.47732556e-01 2.22607672e-01 8.71168077e-01
    -2.93589890e-01 7.94220090e-01 1.38525295e+00 -3.40080023e-01
    1.58349311e+00 1.70863080e+00 7.10941851e-01 -1.40026450e-01
    1.52897739e+00 -4.96784776e-01 1.14488077e+00 6.23739600e-01
    -5.94920099e-01 3.89711857e-02 1.43752789e+00 1.35427761e+00
    1.42786372e+00 1.19868994e+00 1.14493918e+00 -3.76803517e-01
    -1.39802933e-01 -4.87477422e-01 1.70455194e+00 6.78588569e-01
    1.44546533e+00 -5.83920240e-01 1.43969870e+00 3.17876637e-01
    1.36750913e+00 -5.31884551e-01 1.36679816e+00 -3.23500216e-01
    4.04329419e-01 1.14042020e+00 -1.50214851e-01 -6.51341081e-01
    -8.74287903e-01 9.65685070e-01 8.93019617e-01 7.76539445e-02
    1.11759984e+00 1.53418326e+00 1.02760005e+00 2.06407607e-01
    1.17020488e+00 -1.85031891e-01 7.07045019e-01 -3.07247162e-01
    1.84832990e-01 1.57548881e+00 1.55949831e+00 3.82556319e-02
    1.66054606e-01 6.00118756e-01 8.62693012e-01 5.99443674e-01
    1.07709622e+00 -3.60800266e-01 1.70643425e+00 1.30476880e+00
    9.95259345e-01 6.50520265e-01 1.65061295e+00 -1.02150440e-02
    1.26646924e+00 -4.75537002e-01 1.05663121e+00 1.31961489e+00
    8.37843657e-01 1.71170378e+00 1.97151959e-01 7.43429720e-01
    1.69249582e+00 -6.66028559e-01 6.69500828e-02 1.85749519e+00
    8.49665403e-01 6.36260033e-01 1.10747647e+00 -7.36804843e-01
    3.12257528e-01 1.13003135e+00 -6.09783173e-01 7.92624354e-02
    3.33971918e-01 1.65171504e+00 1.22354436e+00 -1.94448292e-01
    -4.32410240e-02 4.17423785e-01 5.25660992e-01 9.56033528e-01
    1.23100317e+00 -6.69741631e-01 4.80177283e-01 6.85180604e-01
    2.66551971e-01 1.00628972e+00 1.34954751e+00 -9.11111534e-01
    1.33853376e+00 5.82503974e-01 1.63395905e+00 -3.09163988e-01
    1.43097997e+00 9.13386822e-01 1.53893781e+00 -6.30340576e-02
    1.85086012e-01 5.79672098e-01 -4.66807842e-01 9.10091758e-01
    5.91538012e-01 6.65063441e-01 3.39294016e-01 1.29204512e-01
    8.70749712e-01 1.68446374e+00 1.18346560e+00 9.95642543e-02
    -2.85606444e-01 1.11305439e+00 -5.49273491e-01 5.06486595e-01
    -3.25598389e-01 2.84397662e-01 -4.00330603e-01 1.61930931e+00
    1.35671794e-01 -5.75447679e-01 -3.73085320e-01 1.30296779e+00
    2.14835835e+00 -3.76875222e-01 8.48073542e-01 2.16440558e-01
    -7.71449566e-01 -1.19764090e-01 4.06085968e-01 1.61963153e+00
    8.11491609e-01 1.62932801e+00 -4.04271662e-01 1.48166966e+00
    -7.93882608e-02 9.05098438e-01 1.33280468e+00 7.99763978e-01
    1.70419741e+00 -6.82945967e-01 6.87363148e-02 -4.91022170e-01
    8.93365085e-01 1.71512043e+00 1.63173127e+00 3.56560946e-03
    5.69143832e-01 -4.11022037e-01 3.82450819e-02 1.20285690e+00
    1.25388885e+00 6.07381880e-01 -1.04703367e-01 -9.02280092e-01
    1.49927604e+00 7.17164576e-01 1.31817746e+00 -8.09061527e-02
    1.60079360e+00 -1.95880175e-01 4.71131742e-01 -1.94811463e-01
    5.13376117e-01 8.61488581e-02 -7.78760612e-01 1.74488294e+00
    6.96941912e-01 7.77550101e-01 9.32805121e-01 9.54393089e-01
    8.35767210e-01 5.34756303e-01 1.27630711e+00 9.35417593e-01
    1.47288501e+00 6.98055804e-01 -8.02063227e-01 9.10362899e-01
    7.09449112e-01 1.54959559e+00 1.30756021e+00 -5.49992979e-01
    9.25144970e-01 -4.03551370e-01 1.46893144e+00 1.22264981e+00
    6.10643744e-01 1.60979843e+00 9.78887618e-01 5.78897953e-01
    9.46903646e-01 1.12961078e+00 1.07898641e+00 1.58114219e+00
    -4.90004450e-01 1.61075091e+00 6.92022741e-01 1.29783106e+00
    -4.40966427e-01 1.70154178e+00 1.69572806e+00 -6.19261265e-01
    1.22767735e+00 4.45984006e-02 -4.41110849e-01 1.67808580e+00
    -3.28912616e-01 3.96800637e-02 1.72290778e+00 1.29481363e+00
    -5.18724442e-01 6.48513794e-01 4.24603760e-01 8.38627040e-01
    2.85630584e-01 -6.89291716e-01 1.10922503e+00 -7.74494529e-01
    1.34223962e+00 1.63401997e+00 3.26032221e-01 1.13977361e+00
    -6.36599660e-01 6.27239406e-01 5.91654181e-01 2.53886461e-01
    2.57020593e-02 -5.97605586e-01 -1.46673560e-01 6.36911333e-01
    -5.57544649e-01 4.76527274e-01 1.81056786e+00 -1.67168438e-01
    8.82894516e-01 1.35128856e+00 1.25789344e-01 8.59086573e-01
    1.62823558e+00 8.57160151e-01 1.01907718e+00 1.62886834e+00
    1.63708949e+00 -7.84135461e-01 -7.92240500e-02 -7.03482568e-01
    9.50819373e-01 1.60554457e+00 1.22509956e-01 1.04742229e+00
    7.48776615e-01 1.59372115e+00 -6.41606987e-01 6.57277703e-02
    1.73886132e+00 4.23932791e-01 1.86216509e+00 1.83638978e+00
    1.28848243e+00 1.18388057e-01 5.85128248e-01 6.01730049e-01
    1.64440179e+00 1.47015953e+00 1.08828962e+00 1.36107039e+00
    -3.14178467e-02 1.19567442e+00 1.48468089e+00 1.39633000e-01
    1.72706795e+00 -6.82151794e-01 1.36676502e+00 1.06917512e+00
    -5.78714371e-01 7.93185830e-01 1.44842982e+00 1.47210288e+00
    2.68364906e-01 1.51575017e+00 -3.49419355e-01 1.44339585e+00
    1.73109698e+00 1.50326014e+00 4.48950529e-01 -3.70360970e-01
    1.29875088e+00 1.42295647e+00 5.00875711e-01 7.65988767e-01
    1.59006000e-01 1.71187878e-01 -4.25844133e-01 -4.82730657e-01
    -1.36139810e-01 -2.35754848e-02 -1.45771682e-01 -6.89067364e-01
    1.39039338e-01 1.21574831e+00 1.36544394e+00 -2.33151317e-02
    -3.54391336e-03 1.54703534e+00 2.95472741e-02 1.53216791e+00
    -9.81766582e-02 1.55897713e+00 -3.38012993e-01 -7.37494230e-03
    -9.15651321e-01 3.36914718e-01 1.32121015e+00 -6.07118845e-01
    1.09270215e+00 8.58213842e-01 5.87773442e-01 3.41103673e-02
    -6.19801760e-01 6.40950799e-01 -4.75190312e-01 1.48950553e+00
    -2.34084725e-01 -7.17090368e-01 -9.64566469e-02 4.27457869e-01
    -3.48293096e-01 1.54825342e+00 -4.80856657e-01 6.46990538e-02
    -5.83694816e-01 4.53286529e-01 4.01896834e-01 -1.35555267e-01
    4.53698635e-01 3.38414252e-01 -1.23602986e-01 -2.10121751e-01
    1.58588624e+00 4.22426879e-01 -3.76773715e-01 -2.67594755e-01
    -5.38993955e-01 1.61830258e+00 6.86351717e-01 -7.23311603e-01
    1.02524006e+00 -8.30011547e-01 -7.75749266e-01 9.41149294e-01
    6.54802620e-01 5.38470447e-01 1.72190261e+00 1.32407784e+00
    1.34076953e+00 -3.47480536e-01 -5.91940522e-01 1.40649509e+00
    1.04177356e-01 -5.70961654e-01 -7.75764227e-01 1.80611098e+00
    -1.16797984e-01 1.23908186e+00 2.47540176e-01 7.88967907e-01
    9.05610561e-01 6.23419642e-01 -6.44928217e-03 -6.39907598e-01
    -1.97716236e-01 -3.22154760e-01 1.70338416e+00 3.71379614e-01
    1.09193921e-02 -2.14020520e-01 5.51595867e-01 1.05563545e+00
    3.31293285e-01 5.10056019e-01 8.69015872e-01 1.01237988e+00
    -7.02803075e-01 1.23098171e+00 4.95055914e-01 -3.08906853e-01
    1.33202970e+00 -4.32219446e-01 5.78382432e-01 1.67984629e+00
    -5.46208501e-01 1.69079328e+00 8.13469410e-01 -6.10419035e-01
    -1.37408614e-01 1.62888455e+00 9.89150405e-02 1.64207792e+00
    7.72410154e-01 7.42131174e-01 2.48434901e-01 -6.45180941e-01
    -7.92060554e-01 -3.63671541e-01 -5.27647555e-01 3.74046862e-01
    6.47761762e-01 1.34876084e+00 1.53847265e+00 1.07779324e-01
    7.15106666e-01 7.90902853e-01 1.50818229e+00 1.13831389e+00
    9.27918851e-01 7.18930185e-01 1.32044911e+00 -3.51058543e-01
    9.48391736e-01 -2.46608138e-01 2.10910439e-02 1.32937825e+00
    1.40912461e+00 4.40540493e-01 1.55553722e+00 -2.10033596e-01
    1.51713085e+00 5.72084785e-02 -7.75817037e-01 -5.39318562e-01
    2.99348712e-01 1.80096436e+00 -5.79613984e-01 1.33291221e+00
    -7.41205335e-01 4.55386460e-01 -6.28795385e-01 3.27193677e-01
    -1.62056863e-01 -7.63319254e-01 7.12797284e-01 -4.98072952e-01
    8.12784851e-01 1.42642546e+00 8.25558126e-01 -8.60243440e-01
    5.18084824e-01 1.72309995e+00 1.22483146e+00 -5.83209038e-01
    6.89369261e-01 1.08217406e+00 5.07068634e-03 1.19148910e-01
    -4.83788520e-01 6.28736675e-01 1.31143069e+00 1.59189916e+00
    1.23449707e+00 9.07846391e-01 -2.43618488e-01 -2.29951978e-01
    -5.26696086e-01 -2.73813009e-02 1.10218978e+00 2.32763469e-01
    1.83525562e-01 1.22594488e+00 5.35319328e-01 1.46913791e+00
    -5.22233009e-01 2.31908381e-01 1.52091742e+00 2.93533802e-02
    -5.85508347e-01 1.84771419e+00 -3.97625625e-01 -4.92023110e-01
    1.66632438e+00 1.53881371e+00 1.22699261e+00 1.62061644e+00
    3.96539569e-02 7.91680217e-02 1.72764230e+00 -5.74764073e-01
    -8.29854012e-02 1.16528511e+00 1.24556112e+00 1.47410083e+00
    2.21142471e-01 3.15123618e-01 8.12190473e-01 -4.66972291e-01
    1.13935184e+00 1.12569046e+00 1.21524513e+00 -5.02146363e-01
    -6.39454544e-01 1.12637424e+00 8.00266206e-01 1.65218544e+00
    1.27063823e+00 7.02075541e-01 -7.79686451e-01 1.08991551e+00
    -5.64286351e-01 -2.16938376e-01 1.80852735e+00 -1.61967874e-02
    2.08674669e-02 1.89446115e+00 -5.80080211e-01 5.82850218e-01
    1.10504746e+00 1.65840411e+00 -5.25846004e-01 1.77066159e+00
    2.43541539e-01 1.60797870e+00 -5.38281202e-01 4.06696320e-01
    7.10350573e-01 1.66365981e+00 3.16991806e-02 -4.13531959e-01
    2.75410712e-01 1.40539408e+00 -9.34635997e-02 -8.12979758e-01
    -5.43364882e-02 4.90873158e-01 1.54484975e+00 -9.21399593e-02
    9.84008908e-01 1.23045826e+00 3.82285714e-02 -1.22610986e-01
    1.59382367e+00 4.64075565e-01 1.57463753e+00 4.59107816e-01
    1.09435058e+00 3.22968662e-01 1.49523938e+00 8.74775171e-01
    -3.90773833e-01 -2.58792341e-01 -6.53049052e-01 1.01610446e+00
    1.84482408e+00 -5.66819370e-01 1.55101180e+00 5.26798844e-01
    -8.09546471e-01 1.52779567e+00 -6.03014469e-01 8.65916014e-01
    7.34733999e-01 3.43492150e-01 7.00901151e-02 1.31668520e+00
    1.06093824e+00 4.28233385e-01 8.42046976e-01 1.13649702e+00
    -5.83187461e-01 1.53880751e+00 9.47117209e-02 1.38122749e+00
    1.38659298e-01 -9.92448926e-02 2.71964788e-01 -6.22066975e-01
    1.35009909e+00 -6.11307800e-01 6.58095777e-01 6.85535967e-01
    2.91899621e-01 9.84268188e-01 1.44842982e+00 1.11414313e+00
    -6.02777302e-01 2.75020957e-01 1.04740083e+00 -6.71346545e-01
    -5.93949378e-01 -6.72381341e-01 -1.37338638e-02 -7.79779851e-01
    1.16588056e-01 5.46636045e-01 -6.37080669e-01 -1.64160490e-01
    -1.80715263e-01 1.25630522e+00 -8.01568687e-01 7.83376336e-01
    1.42656279e+00 1.36944461e+00 -2.94015825e-01 -8.54207098e-01
    3.06656420e-01 1.37827396e-01 1.75882936e+00 5.47498941e-01
    -3.88635099e-01 1.23233891e+00 -9.30582881e-02 -1.75860703e-01
    7.33372986e-01 1.74479747e+00 5.30167460e-01 5.37183881e-01
    1.04820800e+00 1.62140942e+00 8.46789956e-01 -4.63462353e-01
    1.11992764e+00 1.32832038e+00 6.19509816e-02 5.64415395e-01
    1.83325493e+00 -6.33956671e-01 -4.04708475e-01 -7.64594853e-01
    7.32901633e-01 1.28223956e+00 1.66624689e+00 2.89169788e-01
    1.44595122e+00 1.32670164e+00 1.61418176e+00 1.69607759e-01
    -3.38031471e-01 1.00963426e+00 3.80547464e-01 -2.65337914e-01
    1.36796165e+00 1.50556505e+00 -1.84270144e-02 -1.62315488e-01
    1.14043486e+00 5.69189012e-01 1.69866800e+00 1.40865362e+00
    -3.93987656e-01 3.64365637e-01 1.91487193e-01 1.00272620e+00
    9.55187976e-01 5.07399023e-01 -5.13417065e-01 1.79157495e+00
    9.66447592e-03 -6.55440509e-01 1.49341261e+00 1.56625402e+00
    -3.57738316e-01 -6.02203488e-01 1.35995555e+00 1.11240339e+00
    1.74361205e+00 -7.19448447e-01 1.75017440e+00 -3.79215360e-01
    1.53670239e+00 1.21087360e+00 -2.12830007e-01 6.64491594e-01
    -4.68955517e-01 1.68577814e+00 1.60260367e+00 -3.69863868e-01
    -5.47784448e-01 1.28498876e+00 1.98091209e-01 -5.63590050e-01
    1.26529109e+00 6.81236029e-01 -4.15330052e-01 4.84939039e-01
    4.73394334e-01 9.21479821e-01 1.91021144e-01 5.58460474e-01
    4.67195094e-01 1.56667137e+00 -2.12514639e-01 -5.30766845e-01
    6.33841157e-02 2.22435117e-01 7.05086410e-01 1.16331458e+00
    -4.66446280e-02 5.62397838e-02 1.48248374e-01 1.66834259e+00
    5.94089210e-01 -7.78770447e-02 -6.12007499e-01 3.84769320e-01
    7.54557252e-02 -2.99780309e-01 1.55894470e+00 1.52074349e+00
    1.66824973e+00 -7.57951260e-01 1.17923844e+00 1.50041509e+00
    3.17252874e-02 1.04978180e+00 6.47397637e-02 -6.13727927e-01
    5.72425306e-01 8.94861102e-01 -7.36610770e-01 -1.37336075e-01
    7.87923276e-01 2.77132988e-01 2.01672673e-01 1.24727607e+00
    2.44803369e-01 -4.70399648e-01 9.77570176e-01 -2.06191778e-01
    3.49747062e-01 6.05667889e-01 7.75583029e-01 8.06988060e-01
    1.88384199e+00 1.72081220e+00 4.01879311e-01 -6.26622677e-01
    -4.43953067e-01 4.66921568e-01 -5.37660241e-01 1.24623001e+00
    8.32612932e-01 1.60847259e+00 -8.74409676e-02 7.31008410e-01
    7.49220014e-01 -6.41326904e-01 1.22892296e+00 1.26291728e+00
    3.76920521e-01 1.15055311e+00 5.02524674e-01 1.64090896e+00
    1.32684469e+00 2.22204447e-01 -7.36422598e-01 -4.67717648e-04
    4.11581874e-01 9.67898846e-01 1.63493085e+00 7.66284883e-01
    -3.86468142e-01 -2.33238399e-01 -8.16721261e-01 -1.84955120e-01
    -6.26859844e-01 5.27150691e-01 1.62432289e+00 3.46390307e-01
    -4.06384945e-01 4.51934814e-01 5.40335774e-01 -5.04134715e-01
    -1.21950030e-01 -2.21650541e-01 7.85865307e-01 -7.39075303e-01
    1.81870162e-01 1.73864985e+00 -8.09581101e-01 4.20557857e-02
    -2.11907029e-01 1.03134561e+00 -4.34931695e-01 5.38748324e-01
    1.18238211e+00 3.72213244e-01 1.45683599e+00 -4.71154392e-01
    7.64877498e-01 -7.29433894e-01 -5.59199214e-01 1.14614987e+00
    9.50669706e-01 1.97332501e-02 8.66018236e-01 1.29990602e+00
    9.67216730e-01 -7.27371812e-01 1.06579494e+00 1.71343970e+00
    -7.76831388e-01 -2.71017015e-01 -2.67898560e-01 1.52034354e+00
    -4.49894220e-01 -5.47168970e-01 8.71362984e-01 -3.27161729e-01
    1.77842140e+00 6.24041438e-01 -7.45577097e-01 3.91149521e-03
    2.99593091e-01 -3.52736950e-01 2.21706569e-01 1.16128826e+00
    7.80855715e-01 1.20370483e+00 -7.82323003e-01 1.42570138e-01
    -3.58552337e-01 2.33677030e-01 -7.86738098e-01 1.85714126e-01
    1.05451488e+00 3.15523386e-01 1.62176442e+00 9.03418362e-01
    8.74195755e-01 -3.88923287e-02 -7.12147951e-01 1.08442187e+00
    1.74586856e+00 -1.85413420e-01 -3.96109343e-01 6.03000164e-01
    -6.99688315e-01 1.24576306e+00 1.08182466e+00 2.30282724e-01
    -2.13749826e-01 1.20891309e+00 -2.90540308e-01 4.77520466e-01
    6.00435495e-01 -3.54591846e-01 1.84657180e+00 1.39667225e+00
    1.27080679e-01 -5.94003916e-01 9.25996482e-01 3.76287699e-01
    -2.94267178e-01 7.81078756e-01 -3.54888618e-01 5.42935908e-01
    9.24281240e-01 1.00700855e+00 1.17333579e+00 1.05737400e+00
    -5.54462671e-01 1.76884079e+00 1.80664158e+00 7.69340992e-02
    1.77480781e+00 2.86678433e-01 1.18336141e-01 8.61313403e-01
    4.25213218e-01 1.61231315e+00 6.78013980e-01 3.04569602e-01
    1.16164804e-01 -5.55437207e-02 -9.81072783e-02 -3.56590986e-01
    1.11732888e+00 -5.61810970e-01 3.09029818e-01 1.11539721e+00
    9.73754048e-01 8.82337689e-01 1.67178226e+00 1.80781007e+00
    -6.57451749e-02 -2.47223973e-02 -1.48872554e-01 -7.92029142e-01
    -1.94951713e-01 -5.44249535e-01 7.57872939e-01 5.28474391e-01
    8.84082317e-02 3.44298065e-01 1.51149559e+00 1.73239899e+00
    -8.85065198e-02 1.75851238e+00 -6.85439706e-02 -3.36940467e-01
    1.64681172e+00 4.36949372e-01 1.57192039e+00 6.04057968e-01
    1.10626781e+00 1.46797311e+00 -2.25478888e-01 4.16124761e-01
    -1.39403343e-01 -4.48996186e-01 1.20188200e+00 -3.07068825e-01
    -6.89130366e-01 8.96377742e-01 9.91330981e-01 -3.31357181e-01
    -2.43863583e-01 6.23561203e-01 1.61009049e+00 1.29040766e+00
    -3.48853737e-01 -1.78719699e-01 1.71348262e+00 -4.66850907e-01
    4.93881285e-01 5.54781199e-01 -2.51492023e-01 1.81438076e+00
    1.32791698e+00 3.16912472e-01 9.29116845e-01 7.35582948e-01
    -1.62741899e-01 -7.09647059e-01 -3.60108852e-01 -1.84495032e-01
    1.70114255e+00 1.74769068e+00 1.57616282e+00 -8.27780843e-01
    -3.34032357e-01 1.33714557e+00 1.61933851e+00 1.14634991e+00
    1.01452827e+00 -4.56736088e-02 -2.55268812e-03 7.80672252e-01
    1.61706555e+00 1.48048282e+00 -2.34066844e-01 1.26323664e+00
    -5.22275388e-01 6.96472287e-01 -3.13096821e-01 4.46054280e-01
    3.01743269e-01 -3.12511325e-01 1.63344777e+00 4.30027246e-01
    5.86883426e-02 6.93784833e-01 -3.21145654e-02 1.68658686e+00
    -2.24441230e-01 1.60175359e+00 1.57723367e-01 -7.04527199e-01
    5.05463481e-02 1.75872064e+00 -2.95670509e-01 4.98576522e-01
    2.51002014e-01 -1.35283411e-01 1.72680318e-01 -3.82163823e-01
    -3.78417432e-01 1.58729482e+00 1.50707662e-01 2.01296866e-01
    1.46094418e+00 1.45343566e+00 8.00392330e-01 1.38491070e+00
    1.90527141e-01 8.41796935e-01 1.31196952e+00 -7.28127062e-01
    8.83833766e-02 -5.40074289e-01 5.59831917e-01 2.10512698e-01
    -5.51300287e-01 -4.23748463e-01 -3.63105655e-01 1.70385551e+00
    5.99936366e-01 9.75423574e-01 5.64953685e-02 1.74754620e+00
    -7.99201608e-01 -5.37627697e-01 -3.17561269e-01 8.52777600e-01
    -7.57681668e-01 4.58188593e-01 8.23215187e-01 -4.55873489e-01
    8.27783525e-01 9.20838058e-01 -4.59800929e-01 5.30469358e-01
    -1.77056849e-01 1.04391634e-01 5.43475509e-01 -5.17874897e-01
    -1.31192923e-01 1.43090868e+00 1.03934145e+00 4.60797250e-01
    1.21740580e+00 1.33582330e+00 -3.42739344e-01 -5.23464262e-01
    -4.09628510e-01 1.11075068e+00 7.39960670e-01 -3.56618941e-01
    8.20795596e-01 5.70956826e-01 -1.16845608e-01 -1.13131762e-01
    2.79576540e-01 1.12133121e+00 6.66909456e-01 1.11453140e+00
    8.97256970e-01 -6.62109256e-02 -6.92447007e-01 3.74439001e-01
    -6.79489851e-01 7.00946212e-01 1.44904065e+00 1.29833698e+00
    9.35539544e-01 -2.76354909e-01 -2.35372663e-01 3.27995062e-01
    7.68828273e-01 -6.99990869e-01 5.31035841e-01 1.54898703e+00
    5.89610696e-01 -8.13462615e-01 1.63195717e+00 9.02830958e-01
    3.18870246e-01 3.66351843e-01 1.00223863e+00 -5.24298012e-01
    6.31546080e-01 1.58778906e+00 -3.95153970e-01 7.23516941e-03
    -5.77052236e-02 4.42882061e-01 1.54300451e+00 1.61335754e+00
    1.36747897e-01 -3.42393041e-01 1.20528173e+00 3.02973807e-01
    1.65920162e+00 7.86025941e-01 6.05715275e-01 1.40392923e+00
    9.20511663e-01 4.16983128e-01 1.11002672e+00 -6.46728992e-01
    -8.48552048e-01 1.49365890e+00 2.49394596e-01 7.65002608e-01
    1.68525279e+00 1.23953819e-02 9.06239390e-01 -7.37658978e-01
    1.46162987e-01 8.03425074e-01 1.74070406e+00 1.84403920e+00
    -1.81159198e-01 1.48914003e+00 3.82931054e-01 -2.16855347e-01
    -5.32259405e-01 1.95619285e-01 4.99556005e-01 1.51332688e+00
    9.57583010e-01 9.52315331e-01 8.29445541e-01 5.46784461e-01
    1.57625723e+00 3.66801620e-01 6.43127799e-01 4.96661425e-01
    1.75902677e+00 -5.07242084e-01 1.77514589e+00 1.48400903e+00
    1.52989030e+00 -1.47463679e-01 7.24607050e-01 1.42967868e+00
    9.19018567e-01 1.41922355e+00 1.34249890e+00 -5.56006193e-01
    4.41279650e-01 4.88218307e-01 9.08863127e-01 1.52921128e+00
    -3.78052652e-01 1.69987416e+00 -6.89246714e-01 -3.40222418e-01
    2.81504214e-01 8.91191006e-01 1.34488821e+00 1.65309954e+00
    -7.66465664e-02 5.29529929e-01 1.49605465e+00 -3.57346654e-01
    -6.53227389e-01 2.44498849e-01 -2.56562531e-01 1.84576106e+00
    -4.84299123e-01 5.00655532e-01 5.24470150e-01 -4.34257239e-01
    1.75836110e+00 2.56088138e-01 1.07443285e+00 1.44614577e+00
    -1.16196871e-01 -1.43815875e-02 9.32699203e-01 -7.33279586e-02
    2.29396939e-01 -2.12894380e-01 -9.56748724e-02 6.23251259e-01
    1.35822701e+00 -6.97244406e-02 -7.11038053e-01 5.30642271e-01
    -2.42297351e-01 3.59289050e-01 7.05960393e-02 2.51895130e-01
    -6.78990364e-01 1.35803175e+00 -6.84891105e-01 2.91677713e-01
    4.18333411e-01 1.20615482e+00 1.52704310e+00 -2.79552221e-01
    2.19674885e-01 1.31663489e+00 -7.33594298e-02 9.85229671e-01
    1.06811142e+00 8.69250059e-01 1.19594061e+00 -3.58784616e-01
    7.24775493e-01 -7.98627794e-01 1.60797334e+00 4.47775126e-02
    2.21921206e-02 8.14218342e-01 5.34796834e-01 1.96056008e-01
    2.58836806e-01 1.51737118e+00 5.87614477e-01 1.20565176e+00
    1.37747967e+00 3.74209881e-02 6.46262288e-01 8.46447885e-01
    1.65272450e+00 -3.95854950e-01 1.16455984e+00 1.30769026e+00
    9.22015131e-01 -1.42217278e-01 2.83149719e-01 6.61571205e-01
    -4.56187099e-01 1.38160086e+00 -1.46402061e-01 1.30815744e+00
    2.46403873e-01 -2.34358490e-01 3.59596848e-01 -1.02781832e-01
    1.53231812e+00 7.38383770e-01 -1.43396854e-03 -5.66009879e-01
    5.92681766e-01 -4.15299028e-01 1.12432373e+00 4.40753102e-01
    1.53637683e+00 6.44382536e-01 9.95889962e-01 -2.76064277e-01
    1.35070443e+00 -1.78648293e-01 1.41788673e+00 3.30297410e-01
    6.08820975e-01 -5.22415042e-02 1.55351949e+00 -5.38854778e-01
    1.62516141e+00 1.75077522e+00 1.67242980e+00 1.49896920e-01
    7.10123301e-01 2.68527567e-01 1.34262049e+00 -7.68514872e-01
    -4.21795398e-01 1.59932721e+00 1.77105045e+00 -4.50594485e-01
    5.98560870e-01 -1.22562051e-01 1.08358550e+00 1.87464929e+00
    6.30591869e-01 -5.79341650e-01 7.58773625e-01 7.53418326e-01
    3.42202187e-01 -3.59777212e-01 -8.18646789e-01 1.10097480e+00
    1.79335749e+00 1.52562618e+00 5.51183343e-01 -8.36781979e-01
    -5.07769108e-01 -7.99914658e-01 -5.37277818e-01 1.33299303e+00
    1.64497232e+00 1.24317276e+00 1.58080840e+00 1.47077155e+00
    -8.21190000e-01 1.77352059e+00 5.74801922e-01 -4.58828241e-01
    1.62204397e+00 -3.98018271e-01 -6.00939751e-01 -6.13043904e-02
    1.33314347e+00 4.24873829e-01 1.60761118e+00 -7.34775901e-01
    -3.36433858e-01 -1.78391218e-01 -5.09828150e-01 6.31511629e-01
    7.40541935e-01 2.70053804e-01 3.07341099e-01 -3.44436377e-01
    1.61471057e+00 -7.91422248e-01 -3.55734229e-02 9.79145050e-01
    1.71721673e+00 8.55957329e-01 1.35776043e+00 1.56211734e-01
    2.46536970e-01 1.69641089e+00 1.36440253e+00 -6.54408932e-02
    1.21790218e+00 2.68674850e-01 1.02100277e+00 6.72383130e-01
    1.71215916e+00 8.18974018e-01 -6.11361265e-02 -4.11293983e-01
    4.72130835e-01 -1.77905500e-01 9.98072922e-01 1.04051304e+00
    1.15904832e+00 5.27310252e-01 -2.60044932e-01 -1.85818434e-01
    1.20622468e+00 1.34815812e+00 1.79328144e+00 1.06974149e+00
    1.41981578e+00 8.60194564e-01 8.21544886e-01 -6.09554768e-01
    -1.86553180e-01 -8.38620007e-01 1.20617366e+00 -8.26519012e-01
    1.46569383e+00 -7.41772532e-01 -5.96725523e-01 3.13411355e-01
    1.34913397e+00 1.32664013e+00 7.73178935e-02 1.10117555e-01
    1.75494313e+00 1.60314560e+00 -6.68804884e-01 1.44739223e+00
    1.63785875e+00 1.34767365e+00 9.25466120e-01 2.30209231e-01
    4.93615866e-01 -2.75253117e-01 4.98438478e-02 3.34220648e-01
    2.30467975e-01 -6.22825980e-01 1.47651577e+00 7.48219907e-01
    1.71285105e+00 -4.93081599e-01 1.04398274e+00 1.13117504e+00
    1.99193263e+00 -4.05695528e-01 1.64178133e+00 4.87882316e-01
    -1.47978127e-01 -1.54826343e-01 3.77445638e-01 1.47182953e+00
    7.36429393e-01 -4.83085752e-01 4.79299128e-01 3.01637650e-02
    1.72836196e+00 -6.55350029e-01 1.11123919e+00 5.75897038e-01
    1.49500310e+00 -1.05826914e-01 1.31025445e+00 7.19846547e-01
    -6.08309031e-01 1.95829868e-02 -4.20496941e-01 8.15563142e-01
    1.11239231e+00 8.16150308e-01 1.52706456e+00 1.09811306e-01
    -8.59581769e-01 1.11899495e+00 -3.37807536e-01 6.03646636e-02
    1.56487703e+00 1.13106179e+00 1.38167620e+00 -6.88064694e-01
    6.92346990e-01 1.83046043e+00 -2.44498730e-01 4.59390759e-01
    -2.62118161e-01 1.54132795e+00 1.74014008e+00 1.78373384e+00
    5.06190538e-01 1.19552755e+00 1.71956801e+00 1.83938432e+00
    2.01697707e+00 1.91905975e+00 1.11925840e-01 6.53221309e-01
    6.19017303e-01 1.74153697e+00 1.25822473e+00 1.15505493e+00
    9.82447028e-01 -7.67869949e-01 1.58005190e+00 -8.66551518e-01
    1.49505699e+00 -1.98056996e-01 -2.97711909e-01 1.66354978e+00
    9.98044252e-01 1.78555655e+00 1.31258392e+00 1.42048967e+00
    2.89619863e-01 -4.24059808e-01 -1.09615266e-01 1.68236971e+00
    1.69870782e+00 6.70447946e-02 8.73789489e-01 -4.03443575e-01
    -4.02223736e-01 5.09521961e-01 1.93374515e-01 9.71516967e-01
    7.89874911e-01 6.83854759e-01 8.07788014e-01 1.68600917e-01
    4.33067143e-01 -3.20302784e-01 1.43064427e+00 -2.72683978e-01
    8.98703933e-01 8.52631688e-01 4.02565002e-02 9.61881161e-01
    -5.01666725e-01 1.08910215e+00 1.32667077e+00 1.73059845e+00
    -9.75033045e-02 8.31424356e-01 6.80961311e-01 1.54694366e+00
    1.40649080e-02 -2.52630472e-01 3.18053961e-02 1.16099846e+00
    -4.59868491e-01 8.68316174e-01 6.89998746e-01 -3.53599578e-01
    -2.64606655e-01 -3.22842985e-01 -5.40219545e-01 1.68171120e+00
    -4.06676531e-03 -3.60438675e-01 6.29656076e-01 -3.59449327e-01
    8.75290155e-01 1.30465770e+00 6.81077063e-01 1.30555105e+00
    1.32797027e+00 3.82903576e-01 -5.27529836e-01 1.40132713e+00
    1.57397079e+00 -3.58594716e-01 8.30178738e-01 -5.76231420e-01
    1.58021283e+00 1.28242898e+00 3.11783373e-01 3.25405598e-01
    1.55696809e+00 5.79472899e-01 1.79532361e+00 -7.52303004e-01
    -2.59132326e-01 1.59786010e+00 -4.71579045e-01 6.37220979e-01
    1.52861905e+00 -7.37719655e-01 3.38996589e-01 -4.77389872e-01
    1.98984921e-01 -6.22986674e-01 -7.93518305e-01 -4.68396932e-01
    9.90058124e-01 3.56867969e-01 -4.42936152e-01 1.13100290e+00
    -2.06947625e-01 8.15337479e-01 3.93263698e-02 1.78416324e+00
    1.35051095e+00 6.44967973e-01 3.45131278e-01 1.29149890e+00
    -6.62256241e-01 5.40175378e-01 -4.26568896e-01 1.01346946e+00
    3.34825873e-01 -5.79808116e-01 -4.74966317e-01 -4.28249240e-02
    -1.21276259e-01 -5.03243685e-01 1.25288653e+00 1.58990264e+00
    -1.14020526e-01 5.33939362e-01 2.61568725e-01 -2.27527618e-02
    1.55341995e+00 1.63616252e+00 -6.91914916e-01 1.43690586e-01
    -6.47706926e-01 1.79958296e+00 1.53687215e+00 -4.29729760e-01
    1.66696084e+00 9.10364270e-01 2.86167264e-02 9.50974822e-02
    5.42889774e-01 -2.14912534e-01 1.61391211e+00 -7.30023980e-01
    -3.01516294e-01 1.31532490e-01 -3.36628079e-01 1.29138803e+00
    -3.28070998e-01 6.21887147e-01 1.88565195e-01 1.76404834e+00
    -6.04179144e-01 1.20959234e+00 -3.29048574e-01 3.56716573e-01
    -7.97798038e-01 1.64632988e+00 -7.51566887e-02 -6.22022629e-01
    3.22622776e-01 -5.88218153e-01 4.21224296e-01 8.66340458e-01
    7.67124295e-01 -5.30469239e-01 3.44882190e-01 1.51994646e-01
    1.05358255e+00 -6.86087251e-01 -7.84432769e-01 1.41110134e+00
    8.95330846e-01 -3.50758165e-01 1.39785242e+00 1.37626648e+00
    -2.50861943e-01 8.88409197e-01 1.71574998e+00 5.50111711e-01
    1.55802441e+00 -1.82678878e-01 8.53617132e-01 -5.45950532e-02
    4.54419553e-01 8.53759348e-01 3.39791358e-01 1.16643953e+00
    -1.75528228e-01 1.14253747e+00 5.12182236e-01 1.30136049e+00
    1.39657736e+00 -7.30299771e-01 8.68114114e-01 1.50987625e+00
    3.80640388e-01 3.16505134e-01 -1.34348452e-01 2.63765275e-01
    7.94182777e-01 4.95176911e-02 -8.66524577e-02 1.21749580e-01
    -2.42298156e-01 8.54736149e-01 1.46529675e-01 2.46965468e-01
    9.92634892e-02 -2.71246254e-01 -7.15598464e-01 8.37674618e-01
    6.54461980e-02 1.16518068e+00 1.81249642e+00 6.82190955e-01
    -5.09226322e-01 7.41856873e-01 -2.39797294e-01 1.81150842e+00
    1.51363575e+00 -3.56304139e-01 8.96966040e-01 2.51380324e-01
    2.99070418e-01 1.62781620e+00 -6.76013947e-01 -7.41674066e-01
    -5.08547425e-02 -3.12091708e-01 -4.73577559e-01 4.16994750e-01
    7.59026349e-01 2.84923434e-01 -1.31210864e-01 1.50523591e+00
    3.96657586e-01 -7.31604934e-01 -4.83719885e-01 -6.43390179e-01
    1.40628135e+00 1.77036226e+00 -2.53285885e-01 -2.43425667e-01
    8.01124871e-01 -3.17311287e-02 1.30459952e+00 6.97264612e-01
    2.76450157e-01 1.55058122e+00 -6.13408089e-02 1.64582968e-01
    1.25093484e+00 1.51188898e+00 5.43956995e-01 1.38823688e-01
    1.82370889e+00 -3.22926402e-01 1.96945572e+00 1.08813941e-01
    1.36500788e+00 -3.94705623e-01 -1.26178265e-02 4.47678387e-01
    1.60431218e+00 -3.18484128e-01 1.52699208e+00 6.82653487e-01
    8.24645162e-01 -4.85903472e-01 1.29789376e+00 1.47982645e+00
    -3.32833230e-01 1.51608586e+00 1.17547107e+00 -2.44305611e-01
    -2.62565553e-01 -3.66185904e-02 7.13253081e-01 2.83798456e-01
    1.21871912e+00 4.78084028e-01 5.59100509e-02 1.39193535e-01
    -6.45901382e-01 -1.64223611e-01 6.09770238e-01 1.65043426e+00
    2.90280044e-01 3.86743367e-01 -4.68121022e-01 -3.00381780e-02
    1.25919175e+00 1.60385251e+00 1.37663341e+00 1.29713225e+00
    8.89079452e-01 1.72420311e+00 -2.19830036e-01 1.24387610e+00
    6.33675456e-02 6.18549049e-01 1.45149350e+00 1.52805507e-01
    -4.64685380e-01 -6.50067866e-01 4.55260217e-01 6.89723134e-01
    -4.39505070e-01 4.83770847e-01 1.65530825e+00 9.91304636e-01
    1.78287387e-01 9.58514452e-01 -6.27812803e-01 1.34157372e+00
    1.04892063e+00 1.83641076e+00 5.40870547e-01 1.98577583e-01
    9.84748960e-01 5.16718686e-01 1.05552077e+00 1.67020595e+00
    -7.99304545e-01 1.18446112e-01 2.33779013e-01 -6.84046745e-02
    -8.42845738e-01 1.07619166e+00 1.45373309e+00 7.51626670e-01
    1.62461972e+00 -1.69351518e-01 -5.16736627e-01 -3.68517756e-01
    8.64563346e-01 1.62172449e+00 6.48118854e-02 1.17953718e+00
    -6.03706121e-01 -1.37930632e-01 1.86912966e+00 -2.35820591e-01
    -6.01132572e-01 -2.50476480e-01 2.68640637e-01 -2.96479166e-01
    -3.98302466e-01 -2.15404212e-01 1.02171755e+00 1.76302218e+00
    8.57744753e-01 -5.30264199e-01 -4.76463974e-01 -2.10679591e-01
    -7.50282407e-01 1.18010628e+00 1.69918013e+00 -8.11379194e-01
    1.78566957e+00 1.77025962e+00 1.09444499e+00 3.36815715e-01
    1.63809180e-01 -7.74057150e-01 1.40240264e+00 -6.64138675e-01
    4.45260525e-01 1.49074590e+00 1.22742426e+00 -2.96546757e-01
    8.21245313e-02 1.17906916e+00 2.78214157e-01 3.41887474e-02
    1.80576444e-02 8.75586629e-01 -4.21420068e-01 6.12211227e-03
    1.53338635e+00 1.57961810e+00 1.22366679e+00 1.16131628e+00
    -6.98274136e-01 -5.24919093e-01 -6.36901498e-01 5.61056495e-01
    5.15836239e-01 -6.27501190e-01 1.17571890e-01 -3.37306857e-01
    -4.25250381e-01 6.70210719e-02 1.49123049e+00 -7.66233683e-01
    1.38872302e+00 -1.65496051e-01 8.77885580e-01 1.04804683e+00
    1.11255598e+00 1.15887213e+00 1.36164606e-01 1.62777281e+00
    4.83078659e-01 1.34722757e+00 7.21739233e-01 -2.98855603e-01
    5.62453032e-01 1.01329780e+00 -2.47271895e-01 1.77633297e+00
    1.50128150e+00 1.03666592e+00 5.71264863e-01 1.23145306e+00
    1.02641702e+00 -4.38638240e-01 1.50085521e+00 -4.73533005e-01
    -3.81691337e-01 -7.16598630e-01 9.28256273e-01 8.11832905e-01
    1.46141744e+00 9.55981016e-01 2.55736411e-01 -2.45986879e-01
    -4.59625602e-01 1.10644722e+00 -4.50501353e-01 1.77553535e+00
    1.29204011e+00 3.11010659e-01 3.57952416e-01 7.01236427e-01
    -6.78058982e-01 5.37231266e-01 7.90786386e-01 3.00688088e-01
    -1.80630088e-02 -7.81504512e-01 1.76298261e+00 -7.56635964e-01
    3.56739402e-01 1.73790932e+00 1.78739798e+00 9.68309999e-01
    -1.94496393e-01 1.44842529e+00 1.51441824e+00 -3.91912937e-01
    -8.15691650e-01 1.02812648e+00 1.27073407e+00 -1.70461655e-01
    1.44091809e+00 4.01012421e-01 -2.18167335e-01 1.50430202e+00
    -2.30938315e-01 -1.00685060e-01 -7.51237094e-01 4.39793468e-02
    1.01495647e+00 1.16869497e+00 -6.61551714e-01 -6.02079511e-01
    1.49259913e+00 1.76847219e-01 -2.97158539e-01 3.44592452e-01
    -5.27935743e-01 -6.69489682e-01 9.29337978e-01 -1.29855752e-01
    -2.30537295e-01 -2.28398561e-01 -2.22868323e-02 1.63958907e+00
    4.17005062e-01 -7.22514689e-01 1.00956130e+00 1.37867236e+00
    -2.22375333e-01 -6.37265563e-01 1.05006480e+00 -6.63990319e-01
    -4.12503839e-01 1.32901728e+00 3.98489237e-01 -7.30815828e-01
    1.59696972e+00 9.00044858e-01 8.24840724e-01 1.27314103e+00
    1.71152020e+00 -8.40647697e-01 -6.70956373e-02 1.24303603e+00
    1.17589891e+00 1.08665466e+00 -5.69750309e-01 -6.85883164e-02
    3.23900163e-01 1.42165637e+00 1.29657269e+00 2.24681973e-01
    1.38464868e-01 5.94071448e-01 1.89427733e+00 1.07628262e+00
    4.57419634e-01 1.36645007e+00 3.37659776e-01 1.29521489e+00
    1.61222100e+00 -2.54135728e-02 2.30715513e-01 -5.61766982e-01
    4.92295682e-01 -6.46311045e-02 -5.45666099e-01 9.70339537e-01
    1.02953637e+00 1.38784289e+00 1.55081367e+00 -7.48513997e-01
    -7.57866621e-01 1.67391133e+00 1.97239339e-01 3.38769555e-01
    1.83799684e-01 1.41670585e+00 1.50572419e+00 -1.63936198e-01
    -5.25248110e-01 9.72097337e-01 5.94627440e-01 5.98419905e-01
    6.81131840e-01 -6.67588115e-01 3.11559498e-01 9.06277299e-02
    8.64559770e-01 -5.40454626e-01 -3.93698007e-01 1.70312607e+00
    -6.00279510e-01 -1.58375323e-01 -1.56039238e-01 -1.30620003e-01
    -3.12729120e-01 6.63840175e-02 8.53093863e-02 7.83715844e-01
    -3.00900877e-01 1.54603255e+00 -8.76704931e-01 8.47087264e-01
    8.39011252e-01 5.80384135e-01 -5.46089172e-01 1.58478737e+00
    1.18760824e-01 3.57290089e-01 -2.68645763e-01 1.78309262e+00
    -5.69711864e-01 -5.41768610e-01 1.69188595e+00 -6.52700841e-01
    1.43810511e+00 4.37821269e-01 2.40022957e-01 5.30524492e-01
    -1.45141959e-01 -6.28122330e-01 6.72378182e-01 -1.38673544e-01
    1.48009253e+00 1.78613257e+00 -8.14754963e-02 1.11384654e+00
    -3.88053328e-01 -6.64259374e-01 1.50182927e+00 4.04399872e-01
    -6.34123445e-01 -3.86452138e-01 7.51898587e-01 8.66014838e-01
    1.60811543e-02 -3.34595948e-01 1.32487702e+00 1.11820626e+00
    7.83957005e-01 -3.05296034e-01 1.04984236e+00 5.66487908e-01
    2.35424399e-01 -4.36503738e-01 9.60200131e-01 3.98700774e-01
    -5.50743461e-01 1.29427004e+00 8.06857824e-01 7.86083341e-01
    -1.06408000e-01 1.72357428e+00 1.53323472e+00 3.01618814e-01
    6.20460510e-01 2.85412073e-02 1.81480026e+00 2.88568020e-01
    -4.17915165e-01 1.42546654e+00 4.58515584e-01 1.69951725e+00
    1.56810951e+00 -2.52299905e-01 -6.20918870e-01 2.97586560e-01
    9.27427232e-01 1.40627956e+00 4.31309998e-01 6.80659533e-01
    -1.24278128e-01 1.53868318e+00 1.77605748e+00 7.36643076e-02
    9.93247986e-01 7.03818440e-01 1.35640943e+00 1.42610478e+00
    1.65209079e+00 1.31487083e+00 -5.18866301e-01 1.22521579e+00
    1.05278301e+00 -3.85859609e-02 1.45468569e+00 1.54468822e+00
    5.21261632e-01 -6.17964864e-02 1.45989275e+00 -5.00041246e-02
    -6.83742523e-01 -5.93822479e-01 -6.84218466e-01 1.14809370e+00
    1.19658113e+00 1.74505925e+00 7.00365305e-01 1.22133350e+00
    4.32508588e-01 6.11811042e-01 1.42822552e+00 -8.34881902e-01
    4.18594241e-01 -4.94044244e-01 -3.67902458e-01 1.80370069e+00
    3.42857778e-01 2.68626809e-01 1.33074522e-01 1.11877525e+00
    7.65130639e-01 3.76484752e-01 1.92247331e-01 3.35652649e-01
    1.77091503e+00 1.70552778e+00 9.75155234e-01 6.26964986e-01
    1.98791027e-01 -7.20190048e-01 1.64240623e+00 1.53532755e+00
    -2.54750729e-01 1.13380599e+00 4.25154328e-01 8.36378336e-02
    1.20380020e+00 1.35220361e+00 3.75764847e-01 8.76812994e-01
    1.55363894e+00 8.64448071e-01 1.48637295e+00 2.88101554e-01
    1.74258697e+00 5.07927001e-01 6.90468788e-01 1.83594227e+00
    1.11661911e+00 -8.20954800e-01 -2.78515458e-01 -4.69643116e-01
    9.38330889e-02 -7.42761314e-01 4.30344880e-01 1.61649346e-01
    1.04581487e+00 1.02275622e+00 9.49583948e-01 3.29361200e-01
    -1.07701898e-01 2.07953572e-01 4.43514645e-01 1.59393704e+00
    1.28777742e+00 -5.36800385e-01 9.78309870e-01 4.64365482e-02
    -5.98480403e-01 1.57586312e+00 -4.61552441e-01 7.22972751e-01
    -3.17708135e-01 7.85427094e-02 1.36249471e+00 -1.16002381e-01
    8.67550373e-01 1.59432697e+00 -5.80960214e-01 1.18037510e+00
    5.85004508e-01 1.75598073e+00 -6.07284367e-01 2.55835891e-01
    -5.29368103e-01 -7.67396688e-01 -9.16540027e-02 7.36566365e-01
    -2.40824640e-01 -2.22605705e-01 -6.66353762e-01 -6.78108931e-01
    3.01201940e-01 7.05070198e-01 -3.53365570e-01 1.02783155e+00
    5.99495530e-01 1.22266066e+00 1.97745562e-02 -2.33106732e-01
    9.17340696e-01 -5.54731250e-01 1.70292521e+00 3.93270850e-02
    1.35216713e+00 1.57756591e+00 3.78330946e-02 7.31678128e-01
    -3.06541443e-01 1.40152931e+00 1.68247163e+00 6.05293691e-01
    -5.33362031e-01 -7.08873570e-01 8.28753889e-01 1.48605084e+00
    1.01250648e+00 1.51696563e+00 7.30806589e-01 1.21987057e+00
    1.94584966e+00 -5.06957889e-01 1.17983985e+00 -7.47371316e-01
    -5.95278978e-01 1.17005253e+00 -8.36662710e-01 -3.01259816e-01
    1.47725010e+00 1.63616562e+00 1.04498589e+00 1.42343771e+00
    3.85920644e-01 1.55814147e+00 3.79514873e-01 -4.06399280e-01
    1.42049289e+00 8.47008765e-01 9.34108853e-01 -3.12265098e-01
    1.40983224e+00 1.38134432e+00 9.40106273e-01 1.61864161e-02
    9.51362729e-01 1.49524498e+00 1.31658936e+00 4.88984048e-01
    6.74805522e-01 1.67690158e-01 1.47382855e-01 -4.27037418e-01
    -5.48425019e-01 1.08043265e+00 1.08664179e+00 4.53285873e-01
    1.14860129e+00 -5.93472362e-01 1.32341242e+00 -4.15973663e-02
    1.62416434e+00 -2.68533349e-01 1.32851696e+00 -3.38446617e-01
    1.20030046e-01 1.10624325e+00 -3.61774862e-01 1.72443771e+00
    -4.62735325e-01 1.72254467e+00 3.29784751e-02 -7.98959613e-01
    1.70460677e+00 1.49392033e+00 1.90072036e+00 -5.63958228e-01
    -1.70942783e-01 5.46833873e-02 1.18695760e+00 1.00719881e+00
    9.80505884e-01 2.87300944e-01 1.24391723e+00 -1.65480614e-01
    4.09922540e-01 1.59521818e-01 1.55293655e+00 3.37052941e-01
    1.74680614e+00 9.67985749e-01 1.62150133e+00 1.01141012e+00
    -6.29158020e-01 8.15539300e-01 -7.98292637e-01 1.38894439e+00
    -6.98062062e-01 8.06986332e-01 -3.97917807e-01 8.87142897e-01
    1.19041252e+00 7.80083120e-01 7.52261162e-01 1.14386201e-01
    -5.23501635e-01 -2.95403898e-01 1.17532682e+00 7.08275974e-01
    1.35020804e+00 2.92758942e-02 1.76200318e+00 -7.66519904e-02
    -4.34104413e-01 3.85283113e-01 9.96200323e-01 1.75625873e+00
    8.82652998e-01 1.23338401e-01 -4.10644889e-01 1.69383287e+00
    -5.20785213e-01 -4.88540024e-01 8.95052612e-01 1.37521267e+00
    -8.17299664e-01 1.73413229e+00 -1.04898155e-01 5.49152851e-01
    1.22718191e+00 6.68381155e-01 8.90110135e-02 3.13980818e-01
    4.82551038e-01 8.68628860e-01 1.07314670e+00 -4.89257187e-01
    -7.47911930e-01 8.85674238e-01 -7.41622090e-01 1.72321415e+00
    -3.93148661e-01 -2.73995280e-01 1.19155526e-01 6.42458797e-01
    -5.39323449e-01 9.47030902e-01 -3.52848500e-01 7.68043697e-01
    -2.67526448e-01 1.42949307e+00 -1.34044766e-01 -1.60533428e-01
    5.24890423e-01 1.47896409e-02 1.40277946e+00 6.69098794e-01
    1.38559258e+00 3.84804845e-01 6.00995243e-01 4.45490777e-01
    9.34006095e-01 1.41796052e-01 1.58434129e+00 1.35828733e+00
    1.34733891e+00 1.13088751e+00 -4.54804868e-01 -4.38877344e-02
    1.79990292e-01 -8.68934393e-03 1.69489789e+00 9.00833666e-01
    1.06796002e+00 -7.40351737e-01 2.15876758e-01 1.57495618e-01
    1.05745757e+00 1.23143446e+00 -8.35086107e-02 1.66379845e+00
    1.78263652e+00 -1.61356509e-01 -6.20185733e-01 -4.65844452e-01
    2.01040745e-01 1.31723487e+00 -2.27593660e-01 1.36258090e+00
    -1.04690254e-01 5.62628329e-01 2.71402538e-01 3.65472078e-01
    6.48499966e-01 -3.67538333e-02 3.89163554e-01 1.10716009e+00
    -4.70295161e-01 8.06970477e-01 -1.62052870e-01 2.08429098e-02
    1.58359993e+00 1.66821253e+00 4.76211071e-01 2.06029117e-01
    1.41444707e+00 1.54731596e+00 6.99004054e-01 -7.31323481e-01
    7.15300620e-01 -5.62313437e-01 1.36171675e+00 6.58558607e-01
    8.77003849e-01 1.62713480e+00 -5.17721474e-01 -5.00496984e-01
    1.46385145e+00 8.41356158e-01 1.47821736e+00 4.03568685e-01
    7.25095570e-01 -3.44003379e-01 1.87281609e+00 8.33788633e-01
    9.55265403e-01 9.02021348e-01 9.38143969e-01 3.46563458e-01
    -2.63091207e-01 -5.48429966e-01 1.51077390e+00 -4.10602450e-01
    -5.97760439e-01 -4.38135147e-01 8.63144457e-01 -2.17847049e-01
    9.61431623e-01 -1.96297705e-01 8.18389356e-01 1.89517605e+00
    1.19008231e+00 1.47809732e+00 5.44664085e-01 7.50901222e-01
    -3.63263965e-01 -5.65148175e-01 1.61856866e+00 1.02650309e+00
    1.49811459e+00 1.84499073e+00 -6.47274613e-01 -4.03676569e-01
    1.53957784e-01 1.73804080e+00 1.69382656e+00 4.15258586e-01
    3.01218212e-01 1.30212188e+00 1.63799536e+00 -4.98293161e-01
    1.80856490e+00 1.53331065e+00 -3.30799818e-03 -3.06257308e-01
    -7.20451236e-01 2.87394404e-01 1.41880751e-01 1.43098068e+00
    4.49234307e-01 -3.13904703e-01 2.33133912e-01 -8.33185434e-01
    -8.17454457e-02 7.51442730e-01 1.33953440e+00 -1.46215826e-01
    -1.24706537e-01 -8.86077881e-02 6.22642636e-01 1.21399581e-01
    -7.21549869e-01 1.21167696e+00 7.43777156e-02 5.20358145e-01
    1.75576699e+00 -7.74691105e-01 -9.87357497e-02 1.68140531e-02
    6.37213826e-01 -5.45823455e-01 1.68858290e+00 8.49361837e-01
    -3.17255855e-02 7.06768036e-01 -7.58067369e-01 6.25624120e-01
    -4.56976891e-01 -6.89841688e-01 1.19954848e+00 -7.47972727e-02
    1.18224037e+00 1.16876125e-01 -5.79752922e-01 7.21854985e-01
    -4.87180680e-01 2.46815085e-02 1.20671725e+00 1.63874269e-01
    1.23864555e+00 -6.76941037e-01 -1.45784616e-02 5.92474520e-01
    7.44606316e-01 6.54920936e-02 1.60383344e+00 1.38959670e+00
    1.33725476e+00 5.67442894e-01 -2.85296738e-01 8.99141252e-01
    7.98316896e-01 -7.88878024e-01 5.94205797e-01 -2.50986218e-01
    5.88285983e-01 1.05605686e+00 7.86689937e-01 -8.79828334e-02
    2.40488946e-01 7.85607100e-02 5.04505634e-02 9.25562680e-01
    8.32262695e-01 1.83188510e+00 8.26072693e-03 4.86886561e-01
    6.66715086e-01 -4.48813528e-01 1.28439975e+00 5.63420415e-01
    1.55713820e+00 -2.02624261e-01 1.08342433e+00 -4.48775291e-01
    6.81570768e-01 4.85390067e-01 5.09529591e-01 -1.65306509e-01
    1.42051065e+00 7.87408352e-01 1.53371024e+00 1.51941133e+00
    1.71606135e+00 -6.83243275e-01 1.80018234e+00 3.11848581e-01
    -6.49767280e-01 2.44199157e-01 1.39577889e+00 -3.55552793e-01
    5.37497580e-01 2.28306174e-01 5.24525046e-02 -4.10764933e-01
    2.78194427e-01 1.16559792e+00 2.96773314e-01 1.16853523e+00
    -7.37878740e-01 6.15444005e-01 1.50783515e+00 7.07419276e-01
    1.52022552e+00 1.33424163e+00 -7.49266148e-03 1.69858503e+00
    2.64789462e-01 1.18286717e+00 1.57963061e+00 8.36825669e-01
    -6.28336608e-01 -1.23638928e-01 -5.17060280e-01 -2.77404964e-01
    5.17564416e-01 1.14524555e+00 4.26308692e-01 3.91447127e-01
    1.15720558e+00 1.47245884e+00 1.46321499e+00 1.43875623e+00
    1.27207065e+00 1.25525177e+00 1.52100432e+00 -6.53416038e-01
    4.93196189e-01 -2.97967970e-01 4.24661815e-01 8.69180560e-01
    9.70735252e-01 8.86250377e-01 8.28777254e-01 1.44546533e+00
    -7.56225288e-01 6.37612343e-01 1.20026839e+00 1.12130070e+00
    -1.00222230e-01 -2.90272415e-01 1.94864893e+00 3.37828815e-01
    -3.26684713e-02 2.86179125e-01 -9.93366838e-02 1.84173107e+00
    1.40776157e+00 4.32167172e-01 -4.79469150e-01 1.64513075e+00
    1.50378776e+00 7.24181414e-01 -1.39666557e-01 1.68373775e+00
    -1.29639804e-01 8.49999607e-01 -8.04267108e-01 7.48603404e-01
    1.22542834e+00 -4.95301515e-01 4.81687605e-01 3.52620482e-02
    2.99336910e-01 1.29022503e+00 -6.91895485e-02 1.35281718e+00
    5.32433569e-01 -1.89944506e-02 1.54243338e+00 5.46651304e-01
    3.11072767e-01 4.39599991e-01 1.11860919e+00 6.69286847e-01
    -5.75690508e-01 3.44295323e-01 7.08867490e-01 6.82251632e-01
    7.89917529e-01 -6.59395576e-01 1.26458716e+00 1.20425487e+00
    9.76394236e-01 -8.59324276e-01 -4.53441054e-01 -5.18878222e-01
    -7.06593275e-01 3.53100061e-01 -7.35645890e-02 -5.13330936e-01
    8.24593306e-02 1.07406235e+00 5.63676953e-01 -2.33752906e-01
    -4.08861041e-02 1.09369445e+00 -5.35282016e-01 2.58619010e-01
    1.59796536e-01 4.87239540e-01 1.15277946e+00 -4.55666512e-01
    -5.52960157e-01 7.11444616e-02 2.35103309e-01 7.63709784e-01
    4.09930766e-01 9.72909331e-02 -5.83719969e-01 -1.62503600e-01
    -1.43908083e-01 8.30936432e-03 2.63135433e-01 1.46386242e+00
    1.87241197e+00 1.31950033e+00 1.17552304e+00 8.15497160e-01
    6.62401140e-01 9.38426912e-01 -3.30127597e-01 6.68479979e-01
    7.65714765e-01 9.00683403e-01 -5.16141653e-02 1.10703588e-01
    -3.49006891e-01 3.14890027e-01 9.55850124e-01 -3.97317946e-01
    7.69499838e-01 -6.03905559e-01 8.41477156e-01 1.20281482e+00
    1.68190837e+00 7.89339781e-01 7.72950053e-01 2.16518164e-01
    -2.58781612e-01 3.05034220e-01 1.77807212e-02 5.45827329e-01
    1.15072298e+00 -6.70836508e-01 6.35958135e-01 1.14871836e+00
    2.75861025e-02 -6.34083509e-01 -2.45989680e-01 1.11388171e+00
    4.47374523e-01 -1.12262845e-01 1.39241505e+00 -3.28898549e-01
    8.67470920e-01 -7.26920247e-01 4.53374505e-01 -1.00669265e-02
    1.55206895e+00 8.24386299e-01 1.09996676e+00 2.08861065e+00
    1.56980705e+00 4.30511296e-01 2.25767493e-02 1.89981651e+00
    1.70570374e+00 1.63925123e+00 5.04975379e-01 -1.01369321e-01
    1.32834315e-02 1.53106403e+00 6.23138070e-01 4.02517915e-02
    -2.46275187e-01 1.08694863e+00 2.34855235e-01 1.31651425e+00
    1.54560566e-01 1.39484763e+00 3.90266836e-01 -6.95678174e-01
    -2.04611421e-02 -2.46731400e-01 5.82192481e-01 7.54054606e-01
    -5.13650417e-01 2.57993162e-01 -6.82101011e-01 -2.30268121e-01
    7.28705943e-01 1.05132186e+00 1.03841805e+00 1.32675695e+00
    7.99753249e-01 1.52736568e+00 4.63220477e-02 5.49661875e-01
    -1.01264000e-01 1.22967792e+00 -6.79404497e-01 1.04636264e+00
    9.49653983e-02 -6.51580930e-01 1.36665952e+00 9.31958079e-01
    9.58200932e-01 7.47854710e-02 6.64714515e-01 1.15953827e+00
    1.50568271e+00 9.69657481e-01 8.17885220e-01 1.45872855e+00
    -4.68134254e-01 9.04653072e-02 1.13442159e+00 1.74589443e+00
    -4.28495198e-01 -2.98455030e-01 6.95009053e-01 -4.16220903e-01
    -7.36190081e-02 5.17844200e-01 -2.31504798e-01 1.41947114e+00
    7.09125400e-02 -6.66071415e-01 1.74148595e+00 -9.90947485e-02
    1.22908902e+00 5.39833963e-01 -3.51817638e-01 -3.27560186e-01
    -4.79214579e-01 1.66882324e+00 3.20777535e-01 1.69315708e+00
    -2.64408588e-01 1.31130600e+00 1.48830414e+00 -4.70180869e-01
    7.92324781e-01 1.06695414e+00 -4.38956559e-01 -2.62188673e-01
    -5.64104736e-01 1.73318243e+00 -4.75883543e-01 1.29357803e+00
    -4.70020950e-01 7.49660730e-02 9.58967507e-01 1.29877520e+00
    4.79217529e-01 1.50261271e+00 1.60269690e+00 5.71852744e-01
    -6.43902600e-01 4.74754512e-01 1.69149554e+00 7.92399585e-01
    -2.47922003e-01 1.10837245e+00 1.57120347e-01 -2.31712043e-01
    2.02510655e-01 1.01985300e+00 -6.51996017e-01 8.02106738e-01
    6.11696720e-01 1.56583226e+00 1.38360810e+00 1.25157022e+00
    9.46508229e-01 8.07441533e-01 2.38099277e-01 1.35085893e+00
    7.44249105e-01 1.02503681e+00 -7.00689852e-01 1.49541211e+00
    1.20168376e+00 1.44293618e+00 -6.57877028e-01 2.59446561e-01
    8.29091012e-01 4.28540885e-01 1.72414422e-01 -6.76024377e-01
    -3.09498310e-02 1.49152255e+00 1.04854870e+00 5.05991399e-01
    6.60911798e-01 5.18252671e-01 1.23457193e+00 -6.80508554e-01
    3.48004460e-01 4.32883084e-01 8.12810957e-01 1.21942377e+00
    -1.84238493e-01 1.16605997e+00 -4.08513188e-01 2.51107752e-01
    1.57606101e+00 -6.98059201e-01 -6.50242925e-01 -8.34965348e-01
    9.73685980e-01 -8.91134739e-02 2.99956739e-01 1.47867131e+00
    8.56928587e-01 -5.59696436e-01 6.17962003e-01 -2.10878253e-01
    1.80287778e-01 1.21649587e+00 4.02551711e-01 -8.44708145e-01
    -1.34548783e-01 3.96329641e-01 9.65876043e-01 5.51055074e-01
    6.89145148e-01 -3.44542593e-01 8.01664114e-01 3.37417126e-02
    1.17515635e+00 9.81202602e-01 -1.91650629e-01 -6.92712069e-02
    1.65635610e+00 1.43606734e+00 1.30338979e+00 8.93104613e-01
    1.29527152e-01 1.33761883e+00 5.40603578e-01 1.17352915e+00
    -1.40067875e-01 1.36529851e+00 5.23597062e-01 6.00425363e-01
    9.92869735e-01 -7.72358119e-01 7.10336983e-01 1.71115983e+00
    -8.63948464e-02 7.56842673e-01 -8.23826432e-01 -2.33576894e-02
    -3.11404228e-01 6.99504197e-01 -1.69747412e-01 7.39609778e-01
    -4.07525152e-01 1.29566300e+00 -4.47139114e-01 3.87709260e-01
    6.57534599e-02 -3.11122596e-01 -2.29777515e-01 9.97154713e-01
    1.10927224e+00 -5.46121716e-01 1.32688379e+00 1.83963633e+00
    8.06258321e-02 1.17798889e+00 8.93453360e-01 1.90344214e+00
    1.59783053e+00 3.68032873e-01 -2.93266177e-01 -2.91574568e-01
    5.62947035e-01 1.39665782e+00 1.89359820e+00 -1.48596764e-01
    4.88367438e-01 -3.27172279e-02 1.54964542e+00 -4.80578184e-01
    1.40515900e+00 1.62534750e+00 -1.69208884e-01 1.21677780e+00
    -1.21023178e-01 1.13581896e+00 2.71073997e-01 1.31130874e-01
    5.56539953e-01 -1.30708873e-01 1.27214599e+00 1.23418403e+00
    -4.17828977e-01 1.27528656e+00 1.86644137e-01 -4.18619901e-01
    -5.08360744e-01 1.66965246e+00 1.37862849e+00 -2.78856635e-01
    5.71326017e-01 1.35216546e+00 1.14030290e+00 1.40159035e+00
    7.70113349e-01 1.46036875e+00 3.02319050e-01 1.40796185e+00
    -3.54993016e-01 -5.79934657e-01 1.05137086e+00 8.18285286e-01
    5.69062471e-01 1.69516432e+00 2.87896514e-01 8.44690681e-01
    1.58502626e+00 -5.11111975e-01 1.50739360e+00 1.40023708e+00
    1.60972118e+00 1.69710159e-01 -6.48757279e-01 7.16385841e-02
    -3.93709421e-01 1.54269457e-01 4.79663014e-02 1.14666355e+00
    1.76682293e+00 1.75790024e+00 -4.64045227e-01 -2.68467486e-01
    4.23500538e-01 2.53824353e-01 1.83383441e+00 1.60602927e+00
    6.32235646e-01 -7.04373360e-01 1.73750234e+00 1.24717021e+00
    3.52713406e-01 5.50787628e-01 6.66115224e-01 -6.94189072e-02
    1.21551263e+00 7.74690866e-01 1.16278887e+00 2.14442611e-01
    -4.61635888e-01 9.24357176e-02 1.60247910e+00 1.13768053e+00
    -5.72020292e-01 7.12394416e-01 1.75975227e+00 1.26961195e+00
    1.40211618e+00 8.65552723e-01 7.08039463e-01 1.65585637e+00
    6.46766424e-02 5.83243728e-01 4.19154942e-01 -5.97441435e-01
    -5.94456553e-01 -7.53117204e-02 -6.18225098e-01 -4.51101691e-01
    1.39995635e+00 -4.59847420e-01 -3.65435451e-01 -4.75921571e-01
    -3.79110187e-01 -5.12401521e-01 -7.16009498e-01 1.19997883e+00
    -4.20136422e-01 3.39372277e-01 6.62477314e-01 1.62936425e+00
    8.28124285e-01 -2.65349865e-01 -5.24993420e-01 -3.79422009e-01
    5.31268716e-01 3.42289209e-01 1.28231466e-01 1.54897094e+00
    -4.69162673e-01 1.21792054e+00 1.45090365e+00 3.68036926e-01
    1.79037356e+00 -3.07907522e-01 1.58095574e+00 -2.35983193e-01
    -7.19229341e-01 1.74393809e+00 6.00168049e-01 -1.97289348e-01
    1.62157547e+00 -1.04565442e-01 1.09105659e+00 -1.03292286e-01
    -4.40256178e-01 -8.45989466e-01 1.09356618e+00 3.65680218e-01
    7.95806706e-01 1.49073148e+00 -6.24023199e-01 4.82971191e-01
    1.62505710e+00 6.05463386e-01 1.27148354e+00 -5.75194240e-01
    -3.78936619e-01 1.63541412e+00 -7.88449526e-01 -6.74123466e-01
    2.18578339e-01 4.83825386e-01 1.16498852e+00 1.47892892e-01
    -6.26528680e-01 1.25395799e+00 3.95747244e-01 -5.80649376e-01
    3.04787993e-01 2.82158077e-01 -4.08614933e-01 -6.21277809e-01
    1.41937733e+00 8.25544298e-01 8.68601978e-01 2.89072216e-01
    -4.34836566e-01 -1.12172961e-01 3.57777774e-01 -3.74138772e-01
    1.02943850e+00 1.79196501e+00 7.98201382e-01 5.61854601e-01
    6.04010105e-01 -1.26508594e-01 -2.76409239e-01 1.20336819e+00
    3.36678922e-01 -1.26319766e-01 -7.83038378e-01 1.36008978e+00
    7.06995428e-01 9.33595300e-02 9.23070610e-01 1.56716788e+00
    3.66923988e-01 2.00969696e-01 4.15152311e-03 1.57812142e+00
    5.37007809e-01 1.66693354e+00 1.16838014e+00 9.38953459e-01
    -2.66185284e-01 1.31728029e+00 1.78644061e-02 -5.19509435e-01
    8.81061137e-01 -8.00844371e-01 -6.41550422e-02 1.68670356e-01
    1.18601382e+00 -4.15917039e-02 -5.59051037e-01 7.16552496e-01
    -5.05162001e-01 3.12514961e-01 -3.99399519e-01 -7.33040929e-01
    -5.44444323e-01 -4.38964069e-01 -7.04700351e-01 1.03213108e+00
    1.62821579e+00 3.34351540e-01 1.02759051e+00 -3.89079869e-01
    6.63034856e-01 1.45385218e+00 -9.01164591e-01 -2.16045558e-01
    -5.32673359e-01 8.21328402e-01 4.54715252e-01 1.54023826e-01
    1.70558667e+00 6.16204739e-03 1.71336055e+00 1.85632706e-01
    1.38933611e+00 6.93145692e-01 1.63127017e+00 1.62891173e+00
    1.77878070e+00 1.70438683e+00 1.36256456e+00 1.08956146e+00
    -6.12760663e-01 -3.57958406e-01 9.41058636e-01 -2.96973199e-01
    -5.62499106e-01 -7.98616409e-01 2.45112181e-01 1.38292503e+00
    1.24262512e+00 5.75592756e-01 5.84050715e-01 7.69378543e-01
    -6.45166159e-01 -6.13194823e-01 -7.03338683e-01 1.30298352e+00
    1.16223049e+00 1.26764858e+00 -5.36379099e-01 1.91607833e-01
    1.69227409e+00 -5.63756406e-01 1.77866292e+00 -4.31954741e-01
    -3.46283585e-01 2.99630165e-02 -2.24612176e-01 1.28139198e-01
    -5.95903456e-01 1.70146716e+00 1.33790827e+00 9.00829494e-01
    1.24003601e+00 -8.38283658e-01 1.29641986e+00 1.48880816e+00
    1.21086252e+00 -6.58858418e-02 4.19061780e-02 -3.48577678e-01
    -1.61882937e-01 1.59291315e+00 -5.37575841e-01 1.11062789e+00
    1.09481478e+00 8.69399905e-02 9.96438384e-01 5.99195361e-01
    -2.22420633e-01 -8.47659111e-02 1.55443001e+00 8.45540166e-02
    8.09613407e-01 8.13666582e-01 -2.74055243e-01 -2.97094166e-01
    1.67262840e+00 -1.71604335e-01 -4.33439136e-01 1.54499722e+00
    1.11503816e+00 1.35910845e+00 5.77437878e-02 1.74056923e+00
    -5.56074381e-02 1.63897681e+00 1.04431427e+00 -8.81975174e-01
    1.51433218e+00 1.56402588e-04 3.93622100e-01 -5.43310046e-01
    7.32865870e-01 9.48156476e-01 1.80600238e+00 1.72447062e+00
    -4.08803463e-01 1.27039468e+00 -4.98429030e-01 3.49855304e-01
    1.09929729e+00 1.55526376e+00 1.30605555e+00 4.30408835e-01
    1.14387071e+00 1.54466224e+00 1.02099514e+00 -5.19494295e-01
    1.40485740e+00 -2.13963330e-01 -2.62307644e-01 -4.26012129e-01
    7.79183984e-01 1.72846186e+00 1.29463673e+00 -6.07843041e-01
    1.52054846e-01 9.55443978e-01 -4.61185247e-01 9.12651956e-01
    -4.57778543e-01 2.51576960e-01 1.57567239e+00 1.09128451e+00
    -8.34754765e-01 -8.57435822e-01 -5.78433633e-01 5.96298575e-02
    4.25729394e-01 1.34042835e+00 1.78281474e+00 -2.89876461e-01
    -8.11672270e-01 1.08874118e+00 7.28657663e-01 5.17034531e-02
    -2.42174387e-01 1.09411955e+00 1.79617226e-01 1.42164457e+00
    -1.69110596e-01 9.38699365e-01 1.63568497e+00 6.91380084e-01
    -3.64511579e-01 -7.81725049e-02 3.22812617e-01 8.03575754e-01
    -6.33184731e-01 9.82535720e-01 -3.68042171e-01 1.79957747e-01
    -5.64521909e-01 1.15530062e+00 -3.86449695e-01 7.96334147e-02
    1.09637332e+00 -5.98009825e-01 1.71012688e+00 5.78722358e-01
    -4.03782159e-01 2.76664734e-01 1.77397954e+00 2.91440904e-01
    1.38122606e+00 9.34225380e-01 4.37648892e-01 3.47845614e-01
    -2.98165143e-01 9.09402192e-01 8.61731291e-01 6.26691818e-01
    1.59960592e+00 1.30513799e+00 9.03088450e-01 1.38963580e+00
    1.04636693e+00 2.61532843e-01 1.61892438e+00 1.41806364e-01
    -2.98814833e-01 2.08883226e-01 7.39252687e-01 1.74065351e-01
    1.59948993e+00 -2.20692515e-01 1.57208705e+00 -5.49703479e-01
    9.97278512e-01 1.21790481e+00 -4.88247573e-01 1.66918087e+00
    -7.22530305e-01 6.74158931e-02 9.45432246e-01 -7.27128386e-01
    -4.44461197e-01 -1.59618437e-01 4.70718622e-01 1.05253351e+00
    1.53651655e+00 -2.58755505e-01 4.82980132e-01 -5.45209825e-01
    8.71728003e-01 1.92773771e+00 4.98800874e-02 5.01728237e-01
    -3.05442035e-01 3.45652223e-01 1.40965009e+00 5.43732643e-01
    1.18102169e+00 -6.84380770e-01 1.82848930e-01 -3.82850736e-01
    -3.12246263e-01 -3.35625410e-02 1.17358816e+00 1.05050218e+00
    1.04156625e+00 1.43603051e+00 6.17201805e-01 1.29492927e+00
    4.21884000e-01 -8.22678626e-01 -7.82364845e-01 9.40453053e-01
    1.78740883e+00 5.03413677e-02 3.72974813e-01 -2.73425996e-01
    2.02336609e-01 9.40160155e-01 1.11421371e+00 8.28205347e-01
    -6.97588384e-01 -4.45977479e-01 1.39128458e+00 1.03241503e+00
    8.20203543e-01 1.40306354e-02 -2.15183139e-01 1.05530810e+00
    1.49723935e+00 1.29559207e+00 6.86542749e-01 -6.27052784e-02
    4.31353450e-01 1.08340549e+00 -2.57985473e-01 -2.67256021e-01
    8.01782072e-01 9.47777569e-01 1.57023239e+00 9.98282611e-01
    1.04438138e+00 3.68346691e-01 1.30232906e+00 -3.04766774e-01
    4.55925524e-01 -1.04806662e-01 1.09260845e+00 -3.68481189e-01
    1.66507542e+00 -7.07677901e-01 1.15432012e+00 6.96061492e-01
    -8.06651115e-01 -4.19296950e-01 1.73405802e+00 5.86907864e-01
    7.84306407e-01 -5.31236053e-01 7.13382959e-01 -8.20054173e-01
    2.37909138e-01 1.73529267e+00 2.10136175e-01 9.77980733e-01
    1.78482783e+00 9.48393822e-01 4.84058499e-01 1.10860074e+00
    -7.13511705e-01 1.62798095e+00 -8.41338634e-02 1.56695616e+00
    -6.80270731e-01 -4.74984944e-01 -1.30504847e-01 1.44939590e+00
    1.92791641e-01 -6.47716463e-01 4.79000807e-01 -4.90496546e-01
    -2.10818648e-02 -6.00569308e-01 1.50792432e+00 1.57832265e-01
    4.49033380e-01 7.52635300e-01 7.13777542e-01 1.22606230e+00
    4.94087696e-01 8.55564952e-01 1.06294394e+00 1.44718957e+00
    5.28953254e-01 1.51008523e+00 -5.57882071e-01 1.67426360e+00
    4.65034842e-02 -9.79530811e-02 1.64362586e+00 1.44849467e+00
    1.53563905e+00 6.93829298e-01 -5.82811594e-01 9.27674413e-01
    1.68346548e+00 -7.56998897e-01 -6.62349343e-01 8.11062455e-02
    -8.15782428e-01 1.35260725e+00 5.53160012e-01 1.19323087e+00
    1.69081450e+00 6.61743760e-01 1.41953397e+00 3.37752104e-01
    3.64207208e-01 -3.51697147e-01 6.66250229e-01 1.05148256e+00
    1.70322692e+00 1.45726919e+00 6.35874867e-01 -6.09752536e-02
    -8.35481048e-01 8.58218610e-01 -3.43249023e-01 5.59377074e-01
    1.09493041e+00 1.49884772e+00 2.01391041e-01 8.26886356e-01
    6.48640394e-02 1.36494339e-01 5.63947737e-01 9.66929376e-01
    -4.53266948e-01 1.07681632e+00 -1.19305730e-01 -6.92211390e-01
    1.60065651e+00 5.04649341e-01 -5.70525646e-01 1.70637822e+00
    5.25469184e-01 1.69062400e+00 1.04526258e+00 1.12273431e+00
    -4.56616312e-01 -7.10244179e-01 8.99309158e-01 -5.89232862e-01
    4.63027358e-02 1.22726512e+00 1.11295056e+00 -5.02343237e-01
    1.16297054e+00 2.31542647e-01 1.07595181e+00 5.59431791e-01
    1.35299253e+00 1.77296042e+00 -1.15213156e-01 -9.75383520e-02
    1.63550615e-01 1.34929085e+00 -5.94746232e-01 1.58522511e+00
    -5.56289554e-01 9.43543077e-01 5.16187727e-01 1.11018062e+00
    1.24235940e+00 6.52878821e-01 1.00296891e+00 9.35976863e-01
    1.55201006e+00 6.15774155e-01 4.91458952e-01 -6.95951581e-01
    -2.28468776e-02 8.20039034e-01 -3.65758300e-01 1.35034835e+00
    1.83294070e+00 -1.26419365e-01 -4.39950585e-01 -9.54126120e-02
    5.55038989e-01 -3.61422479e-01 -6.89385653e-01 1.38044417e-01
    9.57455635e-01 -1.75910711e-01 -3.15030932e-01 -3.33896071e-01
    9.25520778e-01 1.60872984e+00 1.02719796e+00 1.89521372e-01
    -5.27531564e-01 6.19580388e-01 -6.60990596e-01 -3.50257039e-01
    -6.64659083e-01 -7.72077441e-02 -4.88432586e-01 1.40707564e+00
    5.86838722e-02 5.61731100e-01 9.31877255e-01 1.49195075e+00
    -1.81668401e-01 -5.10572314e-01 6.05320156e-01 -2.65485704e-01
    1.08593535e+00 1.04552782e+00 9.19070125e-01 8.97055209e-01
    2.15014756e-01 8.10185671e-02 1.03055108e+00 9.58690882e-01
    -4.21084583e-01 1.42634773e+00 -1.45867288e-01 -4.50709492e-01
    2.17569113e-01 -3.08014214e-01 -6.41282916e-01 1.48614764e+00
    9.21228886e-01 -4.36685681e-01 -7.99523890e-01 5.94190419e-01
    -1.04768515e-01 1.12601662e+00 4.46234524e-01 -5.44274688e-01
    1.12552047e-02 7.74520636e-02 1.13045490e+00 -1.32954538e-01
    1.14249718e+00 4.08911169e-01 -3.30993325e-01 -4.31638300e-01
    8.86900485e-01 1.07223713e+00 1.31963348e+00 3.06463599e-01
    7.09802568e-01 8.88047814e-01 2.79355705e-01 -4.54431921e-01
    5.11630952e-01 -2.98747778e-01 2.53701270e-01 9.17877495e-01
    -7.88676143e-01 -6.33509636e-01 1.27308440e+00 -2.35831022e-01
    5.57313025e-01 1.13812947e+00 6.38506591e-01 1.04778790e+00
    2.82921851e-01 1.67047548e+00 1.73237038e+00 9.10561323e-01
    -2.23915756e-01 -1.51925206e-01 1.40336370e+00 1.65355444e+00
    -5.15043736e-04 8.56956542e-01 1.48783982e-01 1.74080253e+00
    1.36641622e+00 1.68474412e+00 1.74273479e+00 -3.37007403e-01
    3.63975167e-01 9.06616271e-01 7.76546538e-01 9.26859319e-01
    1.71409321e+00 9.01213586e-01 -3.57080519e-01 6.93815947e-02
    2.54514873e-01 1.19430232e+00 4.88889754e-01 -3.14944983e-02
    9.15521979e-02 1.26990116e+00 5.25626183e-01 4.15592790e-01
    1.50015616e+00 3.08838904e-01 1.64480519e+00 -3.18233907e-01
    -6.55046284e-01 1.70491171e+00 2.23173201e-01 -7.31123924e-01
    -4.72477615e-01 5.44197559e-01 -7.39534676e-01 5.24870157e-02
    9.41440344e-01 1.76143026e+00 4.63175774e-01 3.84510040e-01
    -1.99963570e-01 -6.36776507e-01 1.57968605e+00 1.77170825e+00
    7.83654630e-01 -1.33980751e-01 2.89415061e-01 6.73610628e-01
    -5.18123388e-01 4.10587549e-01 -4.69726264e-01 -6.60222650e-01
    8.18852842e-01 -4.22013193e-01 1.05995011e+00 -3.60496104e-01
    4.22384739e-01 -3.12752485e-01 3.57659221e-01 1.24185133e+00
    1.77735758e+00 1.81498110e+00 5.97453117e-03 6.40136719e-01
    1.31580210e+00 -8.42507482e-02 1.09464478e+00 -5.22037148e-01
    -1.14023328e-01 1.49266267e+00 6.86868310e-01 -3.21188569e-01
    1.56168342e-01 1.35644090e+00 3.31510007e-01 3.05315256e-01
    8.47243607e-01 -1.56243563e-01 4.97528613e-01 1.44956779e+00
    -1.16831660e-01 -6.24941587e-02 8.98942173e-01 1.63712454e+00
    1.25251031e+00 7.95854628e-01 1.62563515e+00 1.62399030e+00
    1.21842372e+00 3.05394590e-01 -4.76908684e-03 1.67590547e+00
    -6.74082279e-01 -2.07412064e-01 7.67682076e-01 1.53197646e-01
    1.35299516e+00 5.16909301e-01 -1.27013326e-02 5.24993241e-01
    -4.32888031e-01 1.09683084e+00 -6.29391432e-01 1.16473544e+00
    1.07740581e-01 1.63565195e+00 1.51258290e+00 1.28718209e+00
    1.87985480e-01 1.34701967e+00 8.47824097e-01 4.95733023e-01
    -4.02130187e-01 1.11911845e+00 -1.90122068e-01 1.02543831e-03
    -6.76049292e-01 1.18549180e+00 -1.59404635e-01 6.39784098e-01
    1.03317571e+00 -8.07349682e-02 -1.79826260e-01 6.24887347e-01
    -9.22761202e-01 1.82316422e-01 -5.30106544e-01 2.31847703e-01
    8.38712573e-01 -7.62262702e-01 1.15633178e+00 1.25588965e+00
    -8.85071158e-02 -4.61288065e-01 8.15946341e-01 9.27881122e-01
    5.54098845e-01 -1.61426902e-01 1.66457701e+00 -5.43650031e-01
    -6.38885140e-01 9.94744301e-02 7.87400663e-01 1.23660922e+00
    -9.01327729e-02 -2.47438788e-01 -2.89263725e-02 1.04893148e+00
    -7.09433556e-01 -2.81201601e-01 1.49827158e+00 1.39612484e+00
    1.66206670e+00 -4.28235352e-01 -1.99090242e-02 1.33184886e+00
    4.09399390e-01 1.63316178e+00 4.82905507e-02 -7.17230380e-01
    7.86580920e-01 9.15740311e-01 -1.11033082e-01 -6.01031780e-01
    1.66293168e+00 1.18710899e+00 1.64651155e+00 1.50886679e+00
    7.68507004e-01 1.64644766e+00 8.40732157e-01 -5.01066089e-01
    7.90794313e-01 -1.15336657e-01 7.57893622e-01 8.27357471e-01
    4.28807139e-02 -3.33478183e-01 6.34392023e-01 -6.71970606e-01
    -4.69625711e-01 1.74295807e+00 1.62503147e+00 1.65775371e+00
    1.15904868e-01 -6.17148936e-01 1.17389894e+00 -3.39919329e-01
    1.26176572e+00 5.28587461e-01 1.74093330e+00 9.69691396e-01
    5.16793609e-01 -3.94545436e-01 -8.83514047e-01 1.43608475e+00
    1.69947815e+00 -3.21513534e-01 3.92358065e-01 1.28371608e+00
    5.87468565e-01 -7.06683874e-01 2.60570168e-01 -6.75266147e-01
    9.03937221e-02 8.22645247e-01 7.14892864e-01 -4.06022072e-02
    1.05974424e+00 9.68791127e-01 3.81669044e-01 9.71114278e-01
    -2.09151804e-01 1.75559747e+00 1.28144395e+00 1.15132713e+00
    -5.90569735e-01 -4.97671276e-01 1.22582364e+00 1.29869151e+00
    -2.35697746e-01 5.24820030e-01 7.13886619e-02 -2.44134605e-01
    -6.45699263e-01 5.44105351e-01 3.68913651e-01 -7.46194899e-01
    1.53464603e+00 -6.62473917e-01 3.43226910e-01 9.14439797e-01
    9.96957839e-01 2.80459881e-01 1.43198311e+00 1.79296398e+00
    1.35063517e+00 -4.05399978e-01 -6.96784973e-01 4.90392983e-01
    -1.17608905e-01 3.86465371e-01 1.39530897e+00 6.91477656e-02
    -6.86957955e-01 1.30434918e+00 1.71228528e-01 -3.06439221e-01
    4.27657366e-03 1.63319945e+00 -8.27356219e-01 1.10460043e+00
    9.40387547e-01 3.89011383e-01 1.09879446e+00 -2.44259059e-01
    -3.16334635e-01 1.43077302e+00 3.94572556e-01 1.77111530e+00
    4.68467355e-01 1.19962907e+00 1.34631395e+00 -2.60137916e-01
    1.70309258e+00 9.70732093e-01 1.99568748e-01 9.87235487e-01
    4.36008394e-01 -1.86734140e-01 -6.56162679e-01 1.49323940e-02
    -3.37608129e-01 1.18434250e-01 1.66533709e-01 3.09477925e-01
    8.74176800e-01 1.75029385e+00 -8.64409983e-01 -5.53582609e-01
    1.22446001e+00 7.92174876e-01 1.37287521e+00 9.72936511e-01
    1.19737649e+00 8.57976019e-01 1.21521950e+00 -5.52757919e-01
    2.94606447e-01 -4.04158592e-01 1.77182865e+00 1.14387691e-01
    1.25667346e+00 5.54994285e-01 -3.76436263e-01 1.72348094e+00
    1.60024631e+00 5.73132038e-01 1.61842108e+00 1.33842599e+00
    1.11296761e+00 -5.98857880e-01 -1.95427954e-01 1.68045008e+00
    1.58074927e+00 1.63868082e+00 1.80212164e+00 1.52914417e+00
    2.30970383e-01 6.09641492e-01 6.01880729e-01 3.21714222e-01
    7.65024126e-01 -6.30002081e-01 8.97510409e-01 1.69770181e+00
    1.67753220e+00 6.50483012e-01 2.57175267e-01 2.14095771e-01
    -6.17738783e-01 1.63301396e+00 1.66683149e+00 -3.80201340e-01
    -3.18197608e-01 -3.55053544e-01 -1.88963592e-01 -9.26373780e-01
    6.44118786e-02 6.97994471e-01 1.27120888e+00 7.98918843e-01
    9.80636477e-02 -4.37041879e-01 -6.14073038e-01 -2.76899755e-01
    9.09114480e-02 9.49095726e-01 2.27518260e-01 1.40136743e+00
    7.02863038e-01 5.18970490e-01 6.61130667e-01 -9.73771155e-01
    1.12924969e+00 -6.49637938e-01 -7.12828636e-01 1.30926538e+00
    7.84765124e-01 1.41434550e+00 1.61282849e+00 4.65313971e-01
    1.15081596e+00 1.01409209e+00 9.04401839e-01 -1.70919001e-01
    -2.82033265e-01 1.72439384e+00 8.84566724e-01 1.51083922e+00
    9.77055788e-01 1.37393999e+00 1.60222840e+00 1.06277704e+00
    1.26174045e+00 1.19872212e-01 1.67645359e+00 2.89661288e-02
    -7.22395360e-01 8.46504569e-02 9.59349513e-01 -5.48167467e-01
    -4.52413738e-01 4.96197104e-01 -1.46482289e-01 1.51460290e+00
    -5.27834654e-01 2.16804445e-01 -8.59287918e-01 1.01892316e+00
    1.66902411e+00 1.23237216e+00 3.00573111e-01 1.34417224e+00
    9.41752076e-01 1.26043701e+00 4.72607732e-01 -6.69539094e-01
    -4.54579324e-01 8.72159362e-01 1.25303626e+00 5.15757740e-01
    9.09178197e-01 -5.06658792e-01 -7.83968985e-01 1.24566984e+00
    1.48148775e+00 -5.79435349e-01 3.43112826e-01 8.27252865e-04
    1.43281150e+00 9.79259908e-01 2.65964925e-01 6.99726939e-02
    1.52046967e+00 5.22060394e-02 -2.14651227e-02 5.20505071e-01
    6.69484735e-02 1.45766640e+00 -5.07088661e-01 1.43177342e+00
    1.55337393e-01 2.55988598e-01 -1.34858608e-01 -2.82453477e-01
    1.81218433e+00 1.04623866e+00 -7.65121400e-01 3.87447536e-01
    -8.18912387e-01 -6.77482963e-01 1.62660694e+00 1.06324828e+00
    2.05060840e-01 3.55105639e-01 1.16294503e-01 1.12313032e+00
    1.26179898e+00 2.47359574e-01 2.98821330e-02 -6.59381866e-01
    1.22309065e+00 1.32680798e+00 5.85212111e-02 1.32490158e+00
    7.61814713e-02 4.89063799e-01 6.17876470e-01 -5.32285452e-01
    6.66063368e-01 1.12499213e+00 1.83946586e+00 -2.87439108e-01
    1.30263209e-01 -4.44910526e-01 -2.21129894e-01 5.82399189e-01
    -5.24882197e-01 9.94885027e-01 -6.39120936e-02 -1.02696419e-02
    -8.26105714e-01 6.80994809e-01 6.00366175e-01 -7.51002729e-01
    5.07336259e-02 7.43580997e-01 -1.57580733e-01 1.52657139e+00
    1.02735507e+00 6.99090064e-01 1.21999288e+00 1.82229292e+00
    1.11301553e+00 -5.98561406e-01 1.63444638e-01 1.53669405e+00
    1.78511977e+00 8.72978508e-01 1.58113647e+00 -4.58451718e-01
    1.72632813e-01 -6.65620923e-01 6.92230403e-01 5.94566166e-01
    1.24134159e+00 -1.68490410e-02 -5.28522730e-01 1.08749020e+00
    3.03379297e-02 6.69896364e-01 1.67417300e+00 7.48363137e-01
    1.12979698e+00 -2.94617176e-01 8.96928251e-01 1.62691045e+00
    2.14706779e-01 6.36121452e-01 6.09217644e-01 -1.93524420e-01
    -6.07756913e-01 -4.19057608e-02 1.45691550e+00 1.39512277e+00
    1.45539093e+00 -6.10456944e-01 1.49638486e+00 3.64567637e-02
    5.24738967e-01 2.19208241e-01 2.23579466e-01 1.82775259e-02
    1.30149603e-01 4.90459740e-01 1.64350367e+00 7.24988997e-01
    -4.84887868e-01 -3.96186739e-01 -4.12706167e-01 -7.81502903e-01
    1.81974173e+00 1.57624388e+00 -2.75209785e-01 -3.59927595e-01
    -8.69404316e-01 9.52514589e-01 1.03844500e+00 2.75815308e-01
    -3.37237477e-01 1.13080955e+00 9.74769652e-01 1.75107038e+00
    1.83110142e+00 -2.20243633e-01 -7.10012138e-01 -7.28280902e-01
    1.88195145e+00 -6.27834201e-01 -1.32268906e-01 -5.73659897e-01
    1.42360878e+00 1.21925128e+00 1.43051505e+00 1.73822725e+00
    1.43725514e+00 1.02275431e-01 1.51321983e+00 3.05874765e-01
    5.46498716e-01 1.00128078e+00 -6.03893459e-01 3.41996729e-01
    7.14911222e-01 9.75129008e-02 -4.11786824e-01 2.52289355e-01
    1.40390420e+00 -7.78026879e-01 7.74049759e-01 8.19714904e-01
    -6.72983587e-01 7.56937623e-01 4.03928161e-01 -2.18973398e-01
    8.07537436e-01 3.77645493e-01 -5.40697932e-01 -5.68980277e-01
    1.11259532e+00 -4.59595412e-01 7.89830208e-01 3.98573935e-01
    1.41359544e+00 1.43557525e+00 -1.56452715e-01 1.67732644e+00
    -2.55758137e-01 -1.54368818e-01 -4.41009909e-01 5.96260369e-01
    -6.51317596e-01 9.29134190e-01 -3.79571587e-01 3.59838963e-01
    1.44443810e-01 3.24097514e-01 1.66946495e+00 6.96620524e-01
    -3.63228202e-01 2.21682012e-01 5.06158888e-01 1.19931817e+00
    -3.95898223e-01 1.54901445e+00 2.95054853e-01 6.86709046e-01
    1.31105256e+00 -5.65790653e-01 1.38029599e+00 1.37064922e+00
    9.40648854e-01 1.99110508e-02 -3.47072482e-01 1.98733211e-01
    1.44049954e+00 1.58627534e+00 1.07589805e+00 9.83510792e-01
    1.15275121e+00 2.28242397e-01 1.49546695e+00 5.05949855e-01
    -2.86438167e-01 1.45843196e+00 1.54678082e+00 -2.96370983e-02
    -2.27595091e-01 1.49812889e+00 -3.75903547e-01 1.50097203e+00
    2.13023400e+00 6.41531825e-01 1.90682936e+00 4.86547530e-01
    -5.73520064e-01 3.44374955e-01 1.19416094e+00 5.71684480e-01
    2.48356879e-01 2.99130559e-01 -4.76194024e-01 3.34139585e-01
    1.03365517e+00 8.95706713e-01 1.57240582e+00 1.60385084e+00
    4.79573011e-02 -7.65568137e-01 -5.44594169e-01 -3.90910596e-01
    1.23528850e+00 5.85331321e-01 5.41485608e-01 1.31258297e+00
    1.24465346e+00 1.00339460e+00 -6.48957670e-01 1.39335537e+00
    1.45883417e+00 4.45930183e-01 -6.60387039e-01 8.25800300e-01
    1.20982873e+00 1.69000506e+00 4.06279564e-01 -1.07006073e-01
    -4.94349003e-01 -4.13545907e-01 1.26758897e+00 1.18620098e+00
    -2.45252609e-01 1.81905711e+00 1.81534386e+00 1.27551365e+00
    -1.22688055e-01 1.44574571e+00 1.09018672e+00 1.60936177e+00
    1.55870831e+00 4.63631570e-01 6.61916196e-01 -6.90461636e-01
    3.47348452e-02 1.37208962e+00 9.58776236e-01 1.24477136e+00
    9.32869554e-01 -8.52063358e-01 -3.85452300e-01 1.17060161e+00
    7.90193915e-01 7.51032889e-01 1.00139713e+00 9.44029152e-01
    1.01147747e+00 3.40349853e-01 -4.08360362e-02 1.54501653e+00
    1.24673176e+00 1.13035810e+00 -3.53676677e-02 2.39331126e-01
    3.86357307e-04 -2.38309175e-01 1.80097198e+00 1.60191619e+00
    -5.91157138e-01 -3.42961073e-01 1.25664890e-01 1.56934094e+00
    8.57334733e-02 2.56415486e-01 -1.40074968e-01 4.95041847e-01
    5.32683074e-01 1.42026508e+00 2.52823830e-02 2.58177221e-01
    5.39071620e-01 3.21856916e-01 -3.15129578e-01 -3.53546083e-01
    1.73901796e+00 -6.49252236e-01 1.06358576e+00 1.05948293e+00
    6.74058974e-01 -7.16781139e-01 4.59136844e-01 4.51501667e-01
    1.21857584e+00 3.43412280e-01 1.30902219e+00 1.50850070e+00
    -4.18068916e-01 -3.14235568e-01 1.36067033e+00 -6.22855484e-01
    1.34701991e+00 1.05283344e+00 1.13834953e+00 -1.82490349e-02
    1.81129909e+00 -2.95604795e-01 -2.20427990e-01 -1.96696818e-01
    1.87741697e-01 9.26048934e-01 2.35742748e-01 1.24006271e+00
    8.97266269e-02 5.03325284e-01 1.45777965e+00 -2.09625542e-01
    5.21881640e-01 -7.48566091e-01 -1.72997952e-01 -7.63563275e-01
    1.65649664e+00 9.68194187e-01 1.39016247e+00 -3.70346576e-01
    -6.44337654e-01 1.60323370e+00 -8.35922837e-01 3.08013678e-01
    1.31529999e+00 6.25910521e-01 1.22347414e+00 -5.56114912e-02
    -4.69873935e-01 1.05062366e+00 1.00313067e+00 3.46182168e-01
    5.91024518e-01 6.11027658e-01 5.90881646e-01 1.13705909e+00
    2.54718304e-01 -5.61464548e-01 6.20352089e-01 1.33000159e+00
    7.10972190e-01 -8.07351351e-01 5.45860648e-01 -1.27187908e-01
    1.53042865e+00 1.27589905e+00 9.51696694e-01 7.45993733e-01
    -6.53461695e-01 8.40241194e-01 -6.13886952e-01 1.02641237e+00
    1.43372095e+00 1.34372258e+00 1.59808028e+00 5.10558546e-01
    -2.34912872e-01 7.97339737e-01 5.54654956e-01 9.54629064e-01
    2.44241118e-01 2.49888659e-01 2.39732683e-01 -2.92148262e-01
    1.56899929e+00 -1.30137980e-01 1.05818176e+00 -6.17431164e-01
    -4.42318380e-01 -5.73560059e-01 1.62462306e+00 1.64759564e+00
    -2.66446471e-02 -2.98459738e-01 8.67269993e-01 1.43875861e+00
    -2.74185598e-01 -3.39907259e-01 8.98680627e-01 1.47672272e+00
    8.12279105e-01 1.76091003e+00 7.21051991e-01 6.21345520e-01
    -6.04687333e-01 1.42599356e+00 -7.65171587e-01 9.95213389e-02
    2.93476045e-01 3.90225947e-01 8.59609842e-01 1.41184449e+00
    -1.27792239e-01 3.81517053e-01 6.46886587e-01 -7.45652556e-01
    -4.56326395e-01 1.38822579e+00 1.80144262e+00 5.38886428e-01
    1.23980844e+00 -2.58816779e-01 3.60754073e-01 1.28791451e+00
    5.13069928e-01 -6.80464089e-01 5.44383347e-01 7.04883337e-01
    -7.94604361e-01 7.97040462e-02 -8.17789018e-01 1.34639597e+00
    -3.59083235e-01 1.47339761e-01 1.19215524e+00 1.38262248e+00
    8.60217273e-01 -2.74010897e-01 -5.33624291e-02 1.36745024e+00
    -8.47418427e-01 1.53922951e+00 9.90576327e-01 6.85341120e-01
    -1.00563109e-01 -9.07032371e-01 -6.87030077e-01 -3.24853659e-01
    -8.14010322e-01 5.91572702e-01 1.14907813e+00 -8.99832010e-01
    4.97003853e-01 1.02513838e+00 -4.01402116e-02 1.67378235e+00
    6.23626947e-01 1.53165758e-01 1.46526039e+00 -8.52375329e-01
    6.03587329e-01 1.00504196e+00 4.95364010e-01 -8.52338076e-02
    -1.76824719e-01 1.73116672e+00 -5.18336952e-01 -5.75818956e-01
    -5.49487948e-01 -3.82020622e-01 -6.25075400e-01 -6.00694537e-01
    -7.09972143e-01 1.49231350e+00 1.46347630e+00 1.85333371e-01
    1.40891075e-01 -3.54138196e-01 7.77916908e-02 1.51855826e+00
    -7.38148630e-01 4.61572468e-01 1.26875806e+00 7.51168251e-01
    5.73588848e-01 1.48310351e+00 1.38467824e+00 1.44788766e+00
    1.26102710e+00 5.04995704e-01 -1.46285057e-01 -8.95023227e-01
    1.34846079e+00 1.70523632e+00 -6.97292209e-01 -8.06605697e-01
    1.24573231e+00 -2.34723270e-01 4.87615943e-01 1.17535067e+00
    1.10634732e+00 9.23943758e-01 2.81701028e-01 4.45256472e-01
    1.26628041e+00 1.81413734e+00 4.18133140e-01 -1.87479138e-01
    2.37164795e-01 -1.38640046e-01 1.72805166e+00 2.21160769e-01
    1.73087549e+00 -4.94769096e-01 1.25038910e+00 7.56883681e-01
    9.37020540e-01 -1.72967434e-01 8.81408453e-01 1.70040393e+00
    1.25202024e+00 1.04016638e+00 7.07351208e-01 1.50104415e+00
    7.47159362e-01 -6.89505041e-01 -7.31800973e-01 4.74520326e-02
    4.91010368e-01 8.27059090e-01 1.66403794e+00 1.52348673e+00
    -7.85318673e-01 1.00761533e+00 -6.68921053e-01 -3.53233904e-01
    -2.45966047e-01 1.51966059e+00 1.36175704e+00 3.14085662e-01
    -8.01422894e-01 -9.59078074e-02 7.37821102e-01 1.85839427e+00
    1.87233353e+00 -6.01087332e-01 5.35382390e-01 1.66537499e+00
    1.84972513e+00 9.00800765e-01 6.77971125e-01 1.10012603e+00
    -7.64992416e-01 1.57881498e-01 1.05201101e+00 1.72836614e+00
    1.72212005e+00 1.07838058e+00 2.13409662e-02 1.78331089e+00
    1.62711358e+00 -4.83223289e-01 1.39344859e+00 1.23588610e+00
    -3.94447923e-01 -5.39710879e-01 1.43006063e+00 7.64403462e-01
    7.95612216e-01 1.27075768e+00 -2.10795462e-01 1.67626941e+00
    -8.30729604e-01 -5.12734592e-01 -4.62022990e-01 -2.66715884e-01
    -1.09389484e-01 8.83299112e-02 3.03828239e-01 5.75038016e-01
    1.08301795e+00 1.19177794e+00 1.02649331e+00 1.61866665e+00
    1.03416073e+00 1.58912587e+00 7.69038081e-01 1.45420527e+00
    -5.16864479e-01 3.07274222e-01 6.81532025e-01 7.83782125e-01
    6.13748431e-01 9.70660746e-01 -2.98808753e-01 1.27021754e+00
    1.47593236e+00 4.27653730e-01 2.49483883e-01 1.45478797e+00
    1.61730123e+00 -7.86530972e-02 7.04515576e-01 5.65530002e-01
    8.41933489e-03 2.06610441e-01 -1.44093573e-01 1.39868855e+00
    -2.39670336e-01 3.01900685e-01 1.26758838e+00 5.32939076e-01
    -2.96595991e-01 -7.92316198e-01 -2.94648349e-01 9.29601371e-01
    5.62694788e-01 9.41305280e-01 -7.64300942e-01 7.14241624e-01
    1.75777173e+00 1.17355418e+00 -1.28779829e-01 -5.93867540e-01
    1.38696694e+00 1.41241622e+00 1.68521798e+00 -6.09650373e-01
    4.98810410e-02 -5.21932602e-01 -7.20263541e-01 1.35618448e+00
    -7.87240982e-01 1.81127536e+00 7.38370597e-01 -2.40196466e-01
    1.19180179e+00 1.36253619e+00 2.42505014e-01 1.58665574e+00
    1.15660191e-01 7.00349331e-01 -7.91320443e-01 7.88654685e-02
    1.14779174e+00 -6.18370175e-02 -8.81026864e-01 1.68363142e+00
    -1.30262196e-01 2.75976419e-01 1.18551886e+00 9.77694809e-01
    1.73284769e-01 6.44951284e-01 -2.08833516e-01 -4.64892179e-01
    1.26520038e+00 -3.15497577e-01 8.38644385e-01 6.34234250e-01
    1.39056778e+00 -6.66495979e-01 5.24698377e-01 1.64468610e+00
    1.39200449e+00 6.59968317e-01 1.07950139e+00 -2.92312205e-01
    -5.02346039e-01 1.57705045e+00 1.24636221e+00 9.82021034e-01
    -5.68976521e-01 2.96372831e-01 1.93434763e+00 4.06588018e-01
    1.40788257e+00 -1.76165700e-01 -3.83667022e-01 2.15471327e-01
    1.64449573e-01 -1.36877298e-01 1.00519800e+00 -7.37133026e-02
    5.54932594e-01 -4.01608109e-01 -1.19068027e-01 1.35747814e+00
    1.76157665e+00 1.62068486e+00 1.62676072e+00 1.76184034e+00
    1.05976546e+00 1.25805962e+00 -7.96588659e-02 8.12294543e-01
    6.36832714e-02 1.27234507e+00 1.04012799e+00 1.18809128e+00
    1.31531954e+00 9.71986651e-01 7.63905108e-01 1.01109886e+00
    1.66905475e+00 -4.89244193e-01 9.43233967e-01 6.30355418e-01
    4.61937308e-01 7.29542673e-01 8.43425393e-02 1.15555835e+00
    1.40974259e+00 -9.06002164e-01 9.78326917e-01 2.52630889e-01
    1.31389928e+00 1.29873824e+00 3.67403090e-01 -1.07546926e-01
    -1.91625684e-01 3.49148810e-01 2.51301348e-01 1.03739381e+00
    -5.73716402e-01 3.71968925e-01 -4.21062350e-01 -4.59992468e-01
    -7.68916547e-01 1.61354351e+00 -6.65056825e-01 1.49638319e+00
    2.62014270e-01 -4.71652597e-01 1.52539563e+00 7.50067830e-01
    1.30147743e+00 -3.81813437e-01 1.30424428e+00 6.20973945e-01
    -5.10465622e-01 -4.23059404e-01 7.80425966e-01 8.94551396e-01
    8.69578660e-01 1.33718562e+00 7.98236549e-01 1.69082832e+00
    5.08820772e-01 -4.83310699e-01 -7.23575652e-01 4.95349526e-01
    -1.51529133e-01 9.95899856e-01 1.10319495e-01 -5.61420202e-01
    1.19084191e+00 -2.09614098e-01 4.67559516e-01 -5.43474436e-01
    6.85848892e-01 -7.27085054e-01 5.89818180e-01 1.65524721e+00
    4.79406357e-01 -1.13626599e-01 -5.44753551e-01 -2.50968456e-01
    9.57246780e-01 1.55343962e+00 -2.64951706e-01 -1.49517655e-02
    -3.58536661e-01 1.45407975e+00 -1.69243932e-01 -3.89725953e-01
    1.20097256e+00 1.12362885e+00 3.90426099e-01 -7.86325932e-02
    1.50089860e+00 1.46616471e+00 8.80208671e-01 6.83993697e-01
    8.82437408e-01 9.73537087e-01 -5.84016800e-01 6.46263361e-03
    -7.07010627e-02 -2.43524909e-02 -6.57513857e-01 8.29053342e-01
    1.41936946e+00 1.17791057e-01 -4.62417006e-02 -3.57666612e-02
    2.11756647e-01 2.07489729e-01 -1.83769047e-01 1.09026480e+00
    1.17492545e+00 -3.63712192e-01 3.27372253e-01 -6.23886824e-01
    -3.94551396e-01 1.14291728e+00 -3.18682909e-01 1.71698999e+00
    -2.06191480e-01 1.66825914e+00 2.82341897e-01 1.74406111e+00
    -2.72258043e-01 5.16135752e-01 2.35930383e-01 -2.50384033e-01
    2.51075923e-01 8.96198928e-01 -7.38258958e-02 7.49115229e-01
    3.32860053e-01 1.38259375e+00 8.63904774e-01 -7.85188973e-01
    4.36762452e-01 8.16195846e-01 -4.50883359e-01 2.63283849e-01
    3.35653186e-01 7.57898510e-01 5.20022511e-02 1.36085200e+00
    -6.52002871e-01 2.72472262e-01 -5.50130785e-01 1.32971334e+00
    -6.88297391e-01 1.78253353e-01 -5.52569747e-01 -3.71922404e-01
    1.13155627e+00 7.08637893e-01 7.65123427e-01 -2.42742777e-01
    1.42761493e+00 -6.09395027e-01 1.46571898e+00 -4.75497901e-01
    -4.65819329e-01 1.42861974e+00 1.21845663e-01 7.79596150e-01
    7.28699565e-02 6.65295899e-01 6.07891440e-01 -1.20493531e-01
    1.51131630e+00 4.80737507e-01 9.30305123e-01 1.74961805e+00
    -1.99249923e-01 4.53795850e-01 9.08731878e-01 -6.17132783e-01
    9.60974753e-01 1.06716502e+00 9.41248477e-01 1.84654403e+00
    -5.11034131e-01 1.81785703e+00 1.58749402e+00 9.30444598e-01
    5.35510182e-02 2.49894738e-01 4.64494765e-01 4.39973474e-02
    7.56030381e-01 6.07947230e-01 1.63945425e+00 1.43651152e+00
    -5.02379537e-02 1.05413485e+00 6.99520707e-01 -6.10146046e-01
    -7.82338977e-02 2.48319507e-02 2.33163834e-01 5.03879786e-03
    1.55771244e+00 6.83618367e-01 1.64699066e+00 1.85685396e-01
    9.65976179e-01 -5.78616738e-01 -5.96597135e-01 1.54413652e+00
    -5.94648004e-01 1.23733234e+00 1.30335355e+00 2.62774587e-01
    -3.76906693e-01 1.61980951e+00 -4.92474049e-01 -1.09538376e-01
    9.29423928e-01 1.66312242e+00 1.69886458e+00 -7.71410048e-01
    1.12292850e+00 8.44213367e-02 1.46581340e+00 -8.26192498e-01
    8.33420753e-01 1.60142684e+00 8.88397276e-01 -4.26072866e-01
    4.67873633e-01 1.14425719e+00 1.36867881e+00 5.65799296e-01
    1.65646482e+00 1.60099065e+00 1.42356884e+00 7.93483555e-01
    -6.48012042e-01 -4.08056051e-01 -5.96177995e-01 -3.64310116e-01
    1.53549504e+00 5.90263605e-01 -5.87675571e-01 -5.33160567e-01
    -6.49281085e-01 1.02449703e+00 1.23238802e-01 1.56884646e+00
    5.81022322e-01 7.36453176e-01 3.67060125e-01 -2.34459043e-01
    1.81577516e+00 -7.52605438e-01 1.03858316e+00 1.01464558e+00
    3.38505864e-01 9.69254196e-01 4.24045324e-01 9.58809495e-01
    1.41287220e+00 1.60892391e+00 -7.59223878e-01 -1.70475841e-02
    1.78037190e+00 -4.28650141e-01 8.31928432e-01 8.04967463e-01
    1.48453498e+00 2.68696308e-01 7.14747667e-01 4.27847445e-01
    6.86490655e-01 1.06518793e+00 1.23725438e+00 7.48782277e-01
    7.60489106e-02 9.55119669e-01 1.14970255e+00 2.56844878e-01
    1.23558319e+00 4.79854345e-02 8.49337697e-01 1.72731543e+00
    9.20433581e-01 1.74072218e+00 1.63097525e+00 -3.56054962e-01
    1.62438226e+00 1.46247625e-01 1.76143312e+00 2.91318297e-01
    1.31383586e+00 -3.04068983e-01 1.58137095e+00 -5.74603856e-01
    4.84103143e-01 1.86944723e-01 -6.32971168e-01 1.04505301e-01
    2.50727415e-01 1.46223068e+00 7.31700242e-01 -5.84582150e-01
    3.34963441e-01 1.05715334e+00 1.34531462e+00 1.48333848e+00
    1.59696269e+00 4.39470410e-02 1.25453651e-01 1.35847807e-01
    3.41100335e-01 -5.01626492e-01 -6.06433272e-01 1.01043963e+00
    1.17117763e+00 -3.01727235e-01 -1.16910219e-01 4.72287834e-01
    -3.44892859e-01 3.23792458e-01 1.20908809e+00 -8.68965089e-01
    3.81876647e-01 9.86053407e-01 6.21061802e-01 1.22727072e+00
    1.67053509e+00 1.98590696e-01 -5.60525298e-01 -7.73622751e-01
    1.77185965e+00 1.17878973e-01 -1.30455136e-01 4.00378942e-01
    -4.71422404e-01 1.00670481e+00 -4.80183870e-01 6.87508643e-01
    -3.32076192e-01 1.70122051e+00 1.55005753e-01 4.19763982e-01
    -6.33328557e-02 2.81573176e-01 -8.63520801e-01 4.45835114e-01
    -7.02641308e-01 1.79120970e+00 1.60089576e+00 9.08346117e-01
    1.57609105e+00 3.34666789e-01 1.00497270e+00 1.57701921e+00
    6.71661675e-01 7.96713650e-01 5.55647612e-02 1.12476468e+00
    -3.62297714e-01 1.11183119e+00 -9.97186899e-02 -1.34257197e-01
    1.64864826e+00 3.47231686e-01 1.15708578e+00 2.81056404e-01
    -6.85172379e-01 1.63109601e+00 -6.35114670e-01 -2.73738921e-01
    2.83660829e-01 2.95648277e-01 8.36565554e-01 1.24751139e+00
    2.36954868e-01 -9.14506257e-01 -4.74496067e-01 1.34425950e+00
    3.44650149e-01 3.98376524e-01 6.27961755e-01 1.07377434e+00
    1.24053478e-01 -4.85620558e-01 1.66054213e+00 -3.84810567e-01
    8.10310125e-01 1.77332282e+00 1.61521697e+00 9.09603655e-01
    1.02669179e+00 -6.64915562e-01 -7.91479230e-01 1.67727470e-03
    1.25430465e+00 1.58534586e-01 1.11939347e+00 1.66582632e+00
    -1.66244209e-01 7.79530704e-01 -4.36985344e-01 1.17831111e+00
    6.58778608e-01 1.92736721e+00 1.29080951e-01 -7.31313944e-01
    -9.57822800e-03 7.52992272e-01 -8.08707893e-01 1.58592904e+00
    -6.86948538e-01 6.71108365e-02 6.38378263e-01 -7.57212341e-01
    1.79862809e+00 1.15122759e+00 1.70026517e+00 -3.78297955e-01
    6.20099843e-01 4.71720099e-02 -7.15393245e-01 2.28131771e-01
    -4.81692344e-01 1.55540967e+00 -1.03579342e-01 6.55979872e-01
    1.48713410e+00 -3.33834976e-01 1.51549280e+00 -4.32081461e-01
    1.77771783e+00 -3.71432781e-01 1.95614100e-01 -1.09820008e-01
    2.95936525e-01 -4.10187215e-01 -4.20826674e-01 -7.82893836e-01
    1.70201206e+00 1.76325142e-01 8.36174965e-01 5.79320610e-01
    -2.59642422e-01 4.08798814e-01 1.40489888e+00 -5.03086448e-02
    -6.27079964e-01 -5.06690145e-01 4.33660984e-01 -1.59600794e-01
    -6.51114881e-01 8.05518031e-02 1.50391293e+00 1.06450534e+00
    -1.36739016e-02 1.18680382e+00 7.55308867e-01 1.05337715e+00
    -1.66365981e-01 1.25906312e+00 2.50685036e-01 8.89968872e-03
    1.84374213e-01 -5.18922687e-01 1.84613395e+00 1.74033642e-03
    3.65885317e-01 -6.82854414e-01 4.89953339e-01 -7.46934593e-01
    8.88753176e-01 -1.74677908e-01 1.54698181e+00 1.21098304e+00
    -8.10411930e-01 -6.11656189e-01 -5.86134851e-01 1.24826717e+00
    -9.00396109e-02 4.41846013e-01 -6.68528736e-01 1.39294505e+00
    -5.99086881e-01 -5.32679558e-01 6.39338195e-01 -6.09501004e-01
    1.33750153e+00 3.78531396e-01 -1.47100151e-01 2.15003848e-01
    -2.39583373e-01 1.14277601e-01 -2.63035238e-01 -6.38066530e-02
    -6.99202716e-01 1.63825881e+00 -4.50373173e-01 2.65904903e-01
    -3.98880631e-01 -1.38205051e-01 1.66357982e+00 1.46351755e+00
    8.31751704e-01 3.00742567e-01 1.52899480e+00 1.33714628e+00
    7.38100410e-01 6.78103447e-01 -7.90236652e-01 1.37528253e+00
    -4.16637659e-02 8.98264647e-01 -4.66402054e-01 1.17888832e+00
    2.82558262e-01 -7.34518886e-01 1.94690287e-01 1.59091973e+00
    -7.33470380e-01 7.30307400e-01 4.10429239e-01 1.61362576e+00
    -7.12087631e-01 -4.80160087e-01 1.45721126e+00 8.88940692e-01
    6.35942161e-01 1.80525434e+00 9.70946372e-01 -6.04591250e-01
    -5.36537170e-01 -2.57982254e-01 7.05099642e-01 1.39357889e+00
    -6.22656763e-01 -5.32221079e-01 1.62207305e-01 1.46497416e+00
    -3.78748983e-01 -1.21293306e-01 8.91375899e-01 2.20244193e+00
    1.71300912e+00 1.84978628e+00 5.68654001e-01 1.78036070e+00
    9.38070059e-01 4.97065365e-01 -7.35977769e-01 2.46562421e-01
    1.72572422e+00 1.39457703e+00 1.32071245e+00 9.91357982e-01
    7.88781166e-01 6.92001879e-01 7.09474087e-01 -6.68204904e-01
    1.65041494e+00 9.59522545e-01 9.82052207e-01 -2.35894918e-02
    1.44621384e+00 1.30022919e+00 -2.17465639e-01 1.54692554e+00
    -1.63764179e-01 1.11409044e+00 8.53211641e-01 2.38447785e-02
    7.38415658e-01 1.04728317e+00 5.27959764e-01 1.60789430e+00
    1.52893901e+00 1.81486464e+00 1.58682179e+00 1.51205647e+00
    -2.74289250e-02 7.14884222e-01 1.83343649e-01 -6.22048438e-01
    3.13496888e-01 1.88333154e-01 1.15216458e+00 -3.30578387e-01
    7.72051096e-01 8.04701328e-01 3.89145255e-01 1.67556119e+00
    3.80208969e-01 1.15646744e+00 4.68387902e-01 5.60197055e-01
    1.53803039e+00 5.42864382e-01 5.72969973e-01 -4.97604609e-01
    1.62197280e+00 5.98660409e-01 -5.35187364e-01 4.06714916e-01
    -3.63295913e-01 1.79757321e+00 1.44203305e+00 -5.88507652e-01
    6.12914026e-01 6.35248184e-01 1.65454149e+00 -5.87962985e-01
    9.41617846e-01 -1.74820244e-01 1.38581872e+00 1.19198024e-01
    7.07237065e-01 -5.67805767e-03 1.83960652e+00 1.15312386e+00
    9.81759608e-01 1.17557788e+00 1.69983268e-01 1.38541341e+00
    1.72656393e+00 -4.35766220e-01 -1.10175908e-01 2.18886018e-01
    1.28207207e-01 1.75821352e+00 -6.38554811e-01 1.17998481e+00
    1.31250882e+00 5.31060159e-01 6.45411849e-01 1.48372340e+00
    1.45353127e+00 1.58240628e+00 -8.75952959e-01 -5.40998042e-01
    1.38307524e+00 -2.86974490e-01 6.94561064e-01 8.26030195e-01
    -7.47597933e-01 -8.04354191e-01 5.37177384e-01 -1.22140884e-01
    1.70474005e+00 -6.09380007e-02 6.99927390e-01 3.91485631e-01
    -6.05165362e-02 4.88122284e-01 -1.78336322e-01 1.61401081e+00
    3.94673586e-01 1.36147535e+00 -3.60364437e-01 1.19656503e-01
    -6.05091929e-01 3.18536043e-01 1.11787832e+00 1.54104042e+00
    5.18353343e-01 1.12668550e+00 1.71639264e+00 1.70390868e+00
    1.40308201e+00 1.48196566e+00 2.48919725e-02 -7.74836719e-01
    -4.35450375e-01 1.56258345e-01 -1.88839257e-01 1.79727972e+00
    1.71666312e+00 -4.15482521e-01 1.37138498e+00 -1.26920700e-01
    7.86206841e-01 6.53522789e-01 -4.78342354e-01 5.82147181e-01
    -4.26454365e-01 1.65394962e+00 9.11763906e-01 1.63959956e+00
    1.21103740e+00 1.41126621e+00 -9.90806222e-02 -5.71024358e-01
    1.53319430e+00 -2.10763335e-01 1.76129746e+00 -4.21226859e-01
    1.68233967e+00 9.80175495e-01 8.93379271e-01 -6.70969486e-03
    3.20970774e-01 -8.41818810e-01 7.54141748e-01 4.03194189e-01
    1.32204843e+00 1.66584551e+00 1.30375588e+00 5.94577014e-01
    1.74542141e+00 7.91045189e-01 -6.60608947e-01 -2.89591551e-02
    8.21965158e-01 6.89004719e-01 -5.14088392e-01 1.75982594e-01
    2.38397598e-01 -5.67078471e-01 6.25690818e-01 1.02511525e-01
    3.47639620e-01 -6.50904953e-01 1.94663501e+00 1.10539269e+00
    -7.50305653e-02 9.49752331e-02 4.73975539e-01 1.63377726e+00
    1.59867454e+00 -2.75569260e-01 -8.37171078e-01 -7.63484538e-01
    1.79228950e+00 -1.09142661e-02 1.77680731e+00 1.65709412e+00
    1.71116769e-01 -1.62941158e-01 1.47076273e+00 1.73284876e+00
    1.09252858e+00 -8.71082008e-01 -8.46649647e-01 -1.42043829e-02
    9.12652016e-02 1.50715399e+00 4.47542191e-01 1.50624621e+00
    1.07719636e+00 -1.45588517e-01 -7.02311575e-01 -5.23753166e-01
    6.75469220e-01 6.52574599e-01 1.74983561e+00 1.10680532e+00
    -4.24073130e-01 -6.36842847e-02 -3.25227469e-01 -4.07421291e-01
    1.71808887e+00 8.65009606e-01 -6.41449094e-01 9.49807763e-01
    -5.61155081e-01 7.46363044e-01 4.09101844e-01 8.61122012e-01
    1.68837917e+00 9.49576139e-01 8.42098355e-01 1.78149700e+00
    -5.76802015e-01 1.69083714e+00 -4.45022345e-01 5.92199564e-02
    1.11475587e+00 6.28121138e-01 7.31287003e-01 5.13070524e-01
    1.64834380e+00 1.78883731e-01 -6.33253813e-01 5.57301641e-01
    5.02780735e-01 9.85924065e-01 4.82782006e-01 -6.65582895e-01
    2.68597782e-01 -1.30494118e-01 -7.25385427e-01 -3.96267265e-01
    5.20351648e-01 7.92321086e-01 2.90148556e-01 1.74621558e+00
    1.57540977e+00 1.55186534e+00 1.46158981e+00 1.69885242e+00
    2.15549445e+00 1.02908230e+00 9.23118174e-01 8.39349985e-01
    1.69541764e+00 1.14946342e+00 1.81163239e+00 -3.11728299e-01
    9.21006560e-01 2.45159864e-03 6.09779954e-02 -9.11356211e-02
    -6.88082218e-01 1.53343856e+00 -3.09698939e-01 -1.82920933e-01
    -5.14117897e-01 -4.87216473e-01 -4.72206384e-01 1.84382141e-01
    1.21299791e+00 1.25302613e+00 6.93613410e-01 6.55813098e-01
    1.54869306e+00 8.08162928e-01 1.52863955e+00 1.68337226e+00
    7.52860248e-01 -8.16357911e-01 2.81108022e-01 7.63840079e-01
    2.55775928e-01 1.40527666e+00 -1.73154473e-01 5.61111391e-01
    1.23355937e+00 4.25397396e-01 -2.76085138e-02 9.22767460e-01
    -2.89142847e-01 -5.04634202e-01 2.86563456e-01 -2.28525400e-01
    1.57024574e+00 -7.67640114e-01 5.11255085e-01 -3.38400811e-01
    -1.05700910e-01 8.68054032e-02 8.28345180e-01 1.64360547e+00
    6.36733770e-02 8.89300644e-01 -6.82475626e-01 -1.67893767e-02
    3.96387577e-02 5.38289785e-01 1.21478701e+00 -4.40221757e-01
    1.22426128e+00 5.58381915e-01 -4.63825941e-01 1.24047840e+00
    1.04312849e+00 -7.27469921e-01 1.23653698e+00 9.11205053e-01
    -3.44540298e-01 -3.42519253e-01 1.14730048e+00 -7.02855766e-01
    -1.91515744e-01 -3.88645470e-01 1.14688051e+00 1.64118099e+00
    1.28261757e+00 -3.75436187e-01 -6.13248348e-03 1.16902983e+00
    1.42144823e+00 -5.55941463e-01 7.46708691e-01 -2.36013591e-01
    -8.96500230e-01 -4.57780361e-02 4.44060445e-01 8.05394053e-01
    2.86315203e-01 9.08258557e-01 4.80115414e-03 1.42436266e+00
    9.07063484e-02 7.96073437e-01 2.61769474e-01 6.21521533e-01
    -1.65416002e-01 -3.32913876e-01 7.34078705e-01 -4.19633240e-01
    1.61267793e+00 1.21988463e+00 2.52425075e-02 -3.77360582e-02
    1.12630153e+00 1.61406446e+00 6.21804953e-01 1.11696029e+00
    3.27876568e-01 8.92225087e-01 7.64788747e-01 -5.94866633e-01
    1.33260262e+00 -8.06250811e-01 1.21687949e-01 4.07361150e-01
    1.66316700e+00 1.19159877e-01 -7.30647743e-01 3.69543195e-01
    8.11387837e-01 3.82006764e-02 1.76452672e+00 1.54164863e+00
    -6.04852259e-01 2.91922033e-01 -4.71122354e-01 1.25491881e+00
    2.02903211e-01 1.17274821e+00 -6.89590931e-01 1.43685937e-01
    -5.27279675e-01 6.19989991e-01 1.02675104e+00 1.05914736e+00
    7.42155135e-01 -6.87171400e-01 1.47061634e+00 1.09210181e+00
    4.61533308e-01 -4.21581864e-02 1.57606483e-01 6.61591232e-01
    -4.25384969e-01 -1.17423475e-01 1.10491276e+00 -2.77298212e-01
    -8.65082800e-01 1.14105892e+00 1.04666007e+00 -5.12013018e-01
    8.89377475e-01 2.13048458e-02 1.63758528e+00 -1.46845937e-01
    9.77722406e-01 8.71199608e-01 -4.58090812e-01 1.73410106e+00
    -2.16373920e-01 -6.83971643e-02 9.71725166e-01 1.54081953e+00
    5.15091658e-01 8.73345315e-01 1.25380731e+00 1.06374466e+00
    4.62741256e-01 1.58341074e+00 -1.08130217e-01 6.11225486e-01
    8.48001838e-02 1.77966642e+00 -1.29429102e-02 1.91648555e+00
    -2.51795650e-02 -4.62144166e-01 1.29891193e+00 9.78428721e-01
    1.32977462e+00 7.12116957e-02 1.41469550e+00 8.39093804e-01
    1.71584344e+00 1.46739268e+00 2.65267074e-01 1.78335536e+00
    7.20677614e-01 4.20350850e-01 6.26208663e-01 -2.11789608e-01
    9.62922156e-01 -1.54897630e-01 1.83523536e-01 1.67776060e+00
    1.80717278e+00 1.72609770e+00 3.33139658e-01 1.74421453e+00
    3.79807293e-01 5.04171669e-01 1.83552802e-01 3.71812999e-01
    -2.26532996e-01 1.55056059e-01 2.58746088e-01 -3.92041773e-01
    -2.43302912e-01 9.29682672e-01 5.15872836e-02 6.71889186e-02
    6.95146859e-01 1.80859649e+00 -5.08402586e-02 9.49270964e-01
    -1.73012853e-01 9.65807498e-01 -5.14595985e-01 -6.72707081e-01
    1.53141141e+00 1.57347465e+00 9.44861710e-01 -3.76892954e-01
    9.32632565e-01 -6.42666936e-01 -1.97956443e-01 1.70423198e+00
    -3.43871295e-01 -1.45780027e-01 -2.47513890e-01 1.37445712e+00
    8.76576602e-01 1.45900321e+00 8.72733533e-01 -7.19388127e-01
    -2.15179563e-01 -3.72548282e-01 -4.37664986e-02 1.26418602e+00
    3.31000268e-01 -2.21118510e-01 4.48420048e-01 1.76046491e+00
    1.12018251e+00 1.42779040e+00 1.49848199e+00 1.27817512e-01
    1.66793776e+00 -2.56469429e-01 -4.12070751e-03 3.12644839e-02
    -2.51130790e-01 1.45654702e+00 1.98534393e+00 1.84930146e-01
    7.25074887e-01 -2.47395366e-01 7.00026155e-02 8.96847963e-01
    1.44312859e+00 -5.85874319e-01 -2.68943846e-01 1.66063178e+00
    2.54534245e-01 3.07714343e-01 6.39878571e-01 1.72927725e+00
    9.19086754e-01 3.67233753e-02 1.53460217e+00 6.30575657e-01
    -7.49034643e-01 5.11803746e-01 -6.80656016e-01 -3.85483831e-01
    -2.16710567e-01 1.21980214e+00 -3.72649938e-01 -7.91259885e-01
    1.33485413e+00 1.34942436e+00 4.40455258e-01 1.70569313e+00
    1.10943091e+00 4.34058785e-01 7.31624246e-01 -6.76839471e-01
    -1.43510401e-01 1.01622224e-01 1.42549241e+00 8.15383732e-01
    1.75221622e-01 9.33615208e-01 1.39367282e-01 7.90139318e-01
    9.83876050e-01 1.70506334e+00 4.49345887e-01 -2.20951736e-01
    1.50757504e+00 2.53025949e-01 1.57966554e-01 6.20286882e-01
    1.83195508e+00 -5.08532405e-01 -4.48454827e-01 2.24005759e-01
    7.24153519e-02 8.71460438e-02 1.44440305e+00 8.24889243e-01
    8.70360911e-01 1.55440474e+00 1.20805740e+00 -2.01522231e-01
    1.55325413e+00 1.80058956e-01 -3.84947777e-01 -3.45021367e-01
    -4.38342929e-01 9.05814588e-01 1.24880123e+00 -3.12714577e-02
    9.14426684e-01 1.77295518e+00 1.31731164e+00 4.86817658e-01
    1.60319042e+00 1.81739569e+00 -2.72717535e-01 -4.64212298e-01
    -3.09945822e-01 7.72932112e-01 2.22573459e-01 2.88254261e-01
    1.66192150e+00 8.64699244e-01 4.11172330e-01 1.63762379e+00
    -4.63854313e-01 7.78743446e-01 1.76156151e+00 8.78000259e-02
    1.12639570e+00 9.16215539e-01 -5.54852843e-01 1.14744866e+00
    1.27989292e+00 1.79160833e+00 1.42790616e+00 3.57845247e-01
    -3.78078431e-01 8.75072539e-01 -4.04529959e-01 -2.62057722e-01
    1.00548339e+00 1.15572381e+00 -3.40607405e-01 9.27040160e-01
    -7.28894114e-01 -2.74597049e-01 1.75222087e+00 3.25563371e-01
    1.26225162e+00 1.67087936e+00 1.35101724e+00 9.15064216e-01
    5.82578599e-01 1.36958838e-01 -1.94511294e-01 5.63189685e-01
    -2.41430879e-01 4.72280204e-01 8.35159123e-01 -5.35853028e-01
    -1.31834447e-01 -5.75963318e-01 7.79388309e-01 1.73491657e+00
    1.59520936e+00 8.47934186e-01 1.77305341e+00 -5.01980782e-01
    1.04181921e+00 1.40765643e+00 -4.03552651e-02 3.78582656e-01
    1.29425478e+00 9.92646217e-01 4.92339790e-01 9.76683259e-01
    1.46142220e+00 -4.28951114e-01 -7.89906740e-01 -2.30963290e-01
    -5.97537756e-01 1.45619547e+00 -4.12146449e-02 1.41647458e-01
    1.52966297e+00 -7.22280264e-01 -5.68907499e-01 2.20876932e-03
    7.12119222e-01 2.51660287e-01 1.08483410e+00 1.13403642e+00
    6.00340903e-01 1.52159715e+00 9.53662992e-02 -4.30382401e-01
    -7.33539224e-01 -3.83689255e-01 1.67396045e+00 4.00168002e-01
    1.53844452e+00 -2.11337507e-01 1.12656665e+00 8.28931570e-01
    2.24323988e-01 2.50222087e-01 9.28576946e-01 -6.76193058e-01
    4.01388764e-01 -6.68493330e-01 7.01334119e-01 1.10184598e+00
    7.11322367e-01 4.85869050e-01 1.35325670e-01 7.87586570e-02
    1.20678306e+00 1.34489012e+00 -6.92179084e-01 8.86142969e-01
    2.22930849e-01 5.58771491e-02 6.74937069e-01 9.15834308e-02
    -5.53833842e-02 -3.31346214e-01 -5.29141426e-02 1.76159799e+00
    1.16160417e+00 1.11557221e+00 -2.50513792e-01 1.33536458e-02
    1.24472964e+00 -4.43799913e-01 6.12237751e-01 -4.29034591e-01
    5.16469240e-01 -6.84125483e-01 9.76405144e-02 -2.93782294e-01
    7.09787726e-01 3.24641824e-01 -5.03706276e-01 8.70380640e-01
    4.05853808e-01 1.78183401e+00 6.91145539e-01 1.22235394e+00
    1.89573479e+00 6.69973195e-01 -3.01661819e-01 1.82292438e+00
    1.51018310e+00 -1.02639794e-02 1.49514008e+00 -5.14404178e-01
    5.60342968e-01 -2.22463548e-01 7.95461357e-01 3.35243404e-01
    -4.51552272e-01 1.08517170e-01 2.47041941e-01 3.78164053e-01
    -3.35043520e-01 -2.39204526e-01 -3.00246119e-01 -3.60413343e-01
    6.12092912e-01 -8.19233656e-02 -3.49906802e-01 -4.95074391e-02
    1.84642839e+00 -1.19207263e-01 1.58244169e+00 1.23369241e+00
    -5.07827222e-01 1.81511235e+00 4.36457276e-01 5.86478353e-01
    -5.39785862e-01 1.70469880e+00 -6.10952437e-01 9.17612314e-02
    -5.32377064e-01 -3.89314234e-01 -3.58809888e-01 5.52594662e-01
    7.54043639e-01 -2.92870164e-01 3.79901767e-01 -8.17610860e-01
    2.80890346e-01 9.32157755e-01 2.42952228e-01 1.00894600e-01
    7.59552121e-01 -1.27833277e-01 -4.20158684e-01 1.03196359e+00
    4.86043990e-01 1.28393102e+00 -6.41081989e-01 1.48838139e+00
    8.14960361e-01 9.07578051e-01 -2.45157599e-01 1.40576649e+00
    1.37681317e+00 -3.48168492e-01 1.47865486e+00 4.46912467e-01
    9.64515626e-01 2.88738966e-01 1.31153750e+00 1.13444638e+00
    -3.94628644e-01 -5.48318565e-01 1.58082724e-01 -2.76965201e-01
    -8.13872278e-01 -1.66145742e-01 5.26028693e-01 1.43403411e+00
    1.52571321e+00 -5.34444451e-01 9.77800727e-01 1.24346828e+00
    1.14952040e+00 9.52245772e-01 6.26835287e-01 1.63890421e+00
    -5.01134455e-01 1.65456486e+00 2.97734559e-01 7.21302152e-01
    1.05238962e+00 -5.82818747e-01 3.68028164e-01 -1.36568427e-01
    1.51682019e+00 1.50649428e+00 -3.17219347e-01 1.39656091e+00
    -6.72521830e-01 -1.51107192e-01 9.99842584e-01 -4.66497689e-01
    1.24511623e+00 5.78104317e-01 1.75149941e+00 1.12599897e+00
    4.16746676e-01 3.06757331e-01 1.09691763e+00 1.21750879e+00
    1.73674345e+00 1.74837375e+00 1.69116271e+00 3.24940503e-01
    6.56582713e-02 -8.02077949e-01 -6.80709600e-01 1.37452543e+00
    2.25891411e-01 -4.58058149e-01 -4.86526519e-01 -6.80958152e-01
    -4.53777313e-02 1.29894578e+00 -2.17130423e-01 1.50869370e+00
    -3.12936842e-01 1.70746994e+00 8.95408988e-02 -1.30507171e-01
    1.69688570e+00 8.42951596e-01 1.26133156e+00 1.54136658e+00
    -8.71843636e-01 1.03690147e-01 1.51667202e+00 1.49676740e+00
    1.68837512e+00 9.59591091e-01 -6.93286061e-01 6.42676771e-01
    1.17533004e+00 1.48079884e+00 1.33765483e+00 8.18478763e-01
    -2.64829099e-01 7.21155167e-01 1.70886016e+00 1.57117844e-04
    1.57207882e+00 -2.60025859e-01 1.26127243e+00 1.27531719e+00
    1.10433173e+00 3.95234883e-01 3.19452882e-01 5.98562717e-01
    5.28825700e-01 -8.46929312e-01 2.99660623e-01 1.62382412e+00
    6.24815762e-01 -3.60044062e-01 -6.76878929e-01 1.48474193e+00
    1.13403940e+00 8.12051296e-01 -8.00317466e-01 6.00213408e-02
    1.17775631e+00 5.53649843e-01 1.20050073e+00 2.92074084e-01
    9.32217717e-01 -6.95423722e-01 3.46569717e-01 1.31133521e+00
    1.15239501e+00 -3.40236425e-01 -4.24890518e-02 -5.83708882e-01
    8.24569821e-01 1.49093199e+00 1.35956001e+00 -2.64767349e-01
    -2.08463788e-01 -2.59408116e-01 -3.28422427e-01 5.78576326e-03
    1.46396756e+00 1.24691093e+00 1.43403268e+00 3.47737312e-01
    5.66179633e-01 -2.39969492e-02 9.25832391e-01 2.71944463e-01
    1.26126349e+00 9.78992641e-01 1.73170233e+00 1.14996433e-01
    4.44263935e-01 1.21202135e+00 7.04458714e-01 1.44064093e+00
    -6.79722726e-01 1.72852731e+00 9.96895015e-01 -5.64342141e-01
    -5.01033187e-01 5.59870005e-02 -6.52650833e-01 -3.45493555e-01
    1.20841861e+00 -4.63148832e-01 9.41578925e-01 -4.65730786e-01
    6.27747178e-01 1.49614906e+00 -6.51880920e-01 1.49808478e+00
    3.23952734e-01 -5.24022818e-01 -6.38521910e-02 5.41073680e-01
    -6.17960393e-01 -1.14732385e-02 -6.78422034e-01 1.00156879e+00
    -1.89036489e-01 1.78637004e+00 4.98007834e-01 1.81479454e-02
    1.28753448e+00 1.37981200e+00 1.53331256e+00 -3.19059193e-01
    1.09518766e-01 4.92471933e-01 1.32026744e+00 -6.93959653e-01
    1.06958318e+00 6.48815811e-01 2.66668200e-01 4.72680569e-01
    9.12071526e-01 2.19130576e-01 1.47588563e+00 1.40635180e+00
    5.15426934e-01 9.01482284e-01 1.35168207e+00 -1.10692501e-01
    4.80860591e-01 1.13983297e+00 1.56781054e+00 -1.77767634e-01
    -5.56582212e-03 -7.01806009e-01 1.12396133e+00 -6.65604591e-01
    -6.90650940e-03 1.02449894e+00 7.11120665e-01 3.40321183e-01
    -3.92146707e-01 1.67337298e+00 4.83403742e-01 1.39585114e+00
    3.87987673e-01 1.51841593e+00 -2.94576287e-01 1.81710899e-01
    7.71226585e-01 -4.46067810e-01 1.42173886e+00 1.56388330e+00
    8.55428159e-01 -6.15951777e-01 -7.45514452e-01 -8.14238787e-01
    5.50221026e-01 -3.01740825e-01 -6.38276875e-01 6.77602589e-01
    9.62861955e-01 1.97477400e-01 9.66545939e-02 1.67614222e+00
    1.89544475e+00 1.15129828e+00 -2.13746369e-01 4.47568715e-01
    9.26057279e-01 -3.27375710e-01 1.52442515e+00 1.45805168e+00
    1.77257693e+00 7.43129849e-01 -3.56558681e-01 -4.33681041e-01
    1.06549335e+00 1.74474680e+00 -5.36722124e-01 -3.85888040e-01
    2.09835976e-01 9.67597961e-03 5.13343692e-01 -2.27792561e-01
    1.18455482e+00 1.47020054e+00 6.42201543e-01 1.16707790e+00
    -1.58232808e-01 1.95564568e-01 4.95685101e-01 1.37502313e+00
    1.48187804e+00 1.12186265e+00 5.16563237e-01 -1.43123209e-01
    6.79584742e-02 7.13807940e-02 -5.01335144e-01 1.14200819e+00
    5.86724699e-01 -7.76965082e-01 2.73104310e-01 1.36005223e-01
    8.16412687e-01 1.46702909e+00 1.39207363e+00 5.90071261e-01
    -8.34079504e-01 -7.21103549e-01 1.01097631e+00 2.94331074e-01
    -7.26064563e-01 7.06184506e-01 5.18265247e-01 -2.86350965e-01
    1.46611238e+00 1.53571248e-01 1.39881182e+00 1.59092927e+00
    -8.02886307e-01 5.11470914e-01 -6.77496910e-01 6.01943195e-01
    1.65924203e+00 8.99133921e-01 -6.84654236e-01 2.87982166e-01
    1.97317004e-02 4.17415798e-01 -3.53939384e-01 1.64261627e+00
    1.99178874e-01 1.78245926e+00 -5.25929749e-01 1.39521718e+00
    -5.38030088e-01 -8.36435676e-01 6.98414624e-01 -6.20604515e-01
    -5.19213617e-01 -8.27745199e-02 -7.13849068e-01 8.73015404e-01
    1.55107188e+00 -7.09960461e-02 -5.56520760e-01 -2.00708747e-01
    7.15456009e-02 4.51679945e-01 1.39914858e+00 5.25883317e-01
    -8.07954133e-01 5.30109406e-02 -5.75497329e-01 -5.34598768e-01
    1.55140913e+00 -7.20900238e-01 1.69922364e+00 1.51833797e+00
    -1.85465515e-01 -8.28725398e-01 1.51444590e+00 1.32912946e+00
    2.01734662e-01 2.32068241e-01 1.17578852e+00 8.20027411e-01
    1.80013454e+00 6.82944179e-01 -3.42170537e-01 1.20549095e+00
    -5.85101008e-01 -1.62172675e-01 1.09394193e-01 1.13999295e+00
    -7.53976762e-01 1.20405710e+00 1.33126235e+00 4.79621828e-01
    1.08494306e+00 -7.81242430e-01 2.18137860e-01 1.20251417e+00
    -7.31002390e-01 -7.07377136e-01 1.02788711e+00 -7.47768819e-01
    1.07990360e+00 1.64515615e+00 4.29807901e-01 1.38991380e+00
    2.11339891e-01 3.50434422e-01 1.68444514e+00 1.66824222e+00
    1.73489547e+00 1.74045920e-01 -5.70350468e-01 1.07728624e+00
    3.27645183e-01 -6.14644468e-01 -5.64482927e-01 -5.35213828e-01
    -6.05416059e-01 8.57554376e-01 1.80760813e+00 -6.31180227e-01
    -3.88963819e-02 2.80461013e-01 -2.47677684e-01 1.27069426e+00
    -3.06839168e-01 -2.62863636e-02 -5.09042144e-02 1.69888663e+00
    1.05423856e+00 2.98554361e-01 9.59928453e-01 6.01170838e-01
    9.09824789e-01 1.71371245e+00 6.93520486e-01 6.01036131e-01
    1.40553296e+00 1.22139573e+00 -8.25138032e-01 6.67869210e-01
    -7.70415068e-01 1.45540905e+00 1.74522316e+00 1.33329058e+00
    9.46938634e-01 3.69743645e-01 1.70172322e+00 1.10830832e+00
    1.29175854e+00 3.35414529e-01 -4.16102946e-01 9.17992592e-02
    -2.20811188e-01 1.33549738e+00 6.50598109e-01 3.19395900e-01
    1.56488562e+00 3.17666531e-02 1.92975998e-01 -4.92420316e-01
    1.63384199e+00 4.11142886e-01 1.52518344e+00 1.63820291e+00
    -4.69765067e-02 5.32696784e-01 1.40621734e+00 -6.00140035e-01
    6.44928873e-01 -1.74080193e-01 -1.26134992e-01 -4.75879282e-01
    -3.48030925e-02 3.40072155e-01 1.38814116e+00 -5.69258094e-01
    -1.18334234e-01 8.45300257e-01 7.21258700e-01 -6.52521193e-01
    -2.47810781e-01 -7.05929816e-01 -7.04746723e-01 1.18182969e+00
    -8.33822787e-01 6.88028812e-01 -1.36268735e-02 8.52277100e-01
    1.25741601e+00 1.35701442e+00 -7.29863703e-01 1.11400461e+00
    6.11090124e-01 1.73691225e+00 -6.59530401e-01 3.08257341e-01
    2.46017277e-01 1.55470371e-02 1.27681565e+00 1.11642110e+00
    3.47835839e-01 -6.04790151e-01 3.88387561e-01 6.16322160e-01
    -4.12482888e-01 -4.38036323e-01 4.55999374e-02 1.56993294e+00
    1.69150066e+00 -2.60880947e-01 3.28780293e-01 1.11720359e+00
    6.71156287e-01 1.83239388e+00 -3.85011286e-01 -4.77589369e-01
    8.43355298e-01 9.33701694e-01 -5.80981374e-01 -4.81350720e-01
    3.95564198e-01 9.42842901e-01 4.50237632e-01 7.76737034e-01
    1.05741024e+00 -6.68170094e-01 1.10605633e+00 1.37242222e+00
    4.00999784e-02 7.75508046e-01 -7.50757575e-01 1.51187086e+00
    -6.89847767e-01 -8.90325308e-02 6.22272432e-01 1.87251949e+00
    6.54649734e-02 1.03403568e-01 -2.61349171e-01 1.19370878e+00
    1.19411349e-01 -4.78187203e-01 -7.52046525e-01 7.48333573e-01
    1.33150017e+00 -1.65535688e-01 8.62505436e-01 -1.63893551e-01
    1.62954497e+00 2.61284709e-02 1.62218225e+00 1.19439983e+00
    1.69743478e-01 1.77657747e+00 9.72226858e-01 1.31226528e+00
    -8.40960920e-01 2.53391266e-02 1.11677778e+00 8.18183899e-01
    1.77814984e+00 7.80267954e-01 -4.54422355e-01 -4.08213198e-01
    1.22789454e+00 1.37576103e-01 1.52814758e+00 -3.93949419e-01
    -3.44247162e-01 3.17251205e-01 7.22395837e-01 -7.19414353e-02
    -8.16379547e-01 5.54938376e-01 1.00363624e+00 -4.87737060e-02
    1.01317334e+00 1.06288290e+00 3.78598034e-01 2.27912843e-01
    -8.38847280e-01 5.72708368e-01 1.03250515e+00 -6.42541409e-01
    1.65135026e+00 6.89849734e-01 1.15831065e+00 1.07112777e+00
    9.69968975e-01 2.07538605e-02 4.36666369e-01 1.37800503e+00
    4.28777039e-01 -7.25733221e-01 6.32448912e-01 6.19572937e-01
    1.44392180e+00 1.80964255e+00 -7.49181747e-01 1.59965837e+00
    2.79279530e-01 1.15176558e+00 3.09133887e-01 1.36661625e+00
    8.78118873e-02 1.19992161e+00 -4.46484417e-01 -2.42913067e-01
    -1.32305026e-01 7.89474845e-02 3.22516501e-01 4.51117337e-01
    1.59772277e+00 -7.16000259e-01 1.67568922e+00 1.48566985e+00
    2.47263193e-01 6.80471897e-01 1.11840129e+00 6.06279135e-01
    -5.63751101e-01 5.79192817e-01 8.39103460e-02 1.15049374e+00
    5.21585405e-01 1.70146275e+00 -5.55084348e-02 1.09211707e+00
    9.90659714e-01 -4.24470782e-01 1.41578615e+00 1.47199368e+00
    1.29680967e+00 1.42455721e+00 -5.77878118e-01 8.14664364e-01
    5.17137527e-01 8.04759562e-01 -5.91859460e-01 -5.42773485e-01
    1.11354125e+00 3.60553443e-01 9.04012918e-01 -7.36247241e-01
    6.63830996e-01 2.72576928e-01 1.70936930e+00 -4.96786892e-01
    1.54569578e+00 1.79523230e+00 1.41460919e+00 1.57402825e+00
    1.15959597e+00 -8.29068720e-01 4.61193323e-01 -1.75444067e-01
    1.34995103e+00 1.34989142e+00 1.71594930e+00 6.30078137e-01
    1.03870106e+00 1.60168982e+00 3.31197083e-01 4.62171972e-01
    5.97913444e-01 1.32443237e+00 -1.74002349e-01 1.51298285e-01
    -8.02981675e-01 -7.12250590e-01 4.42155421e-01 1.51022124e+00
    1.15724206e+00 1.42493510e+00 -1.67432070e-01 -1.83356524e-01
    1.66052985e+00 3.82966280e-01 1.59317005e+00 9.27384138e-01
    -5.86928725e-01 -7.98972845e-02 1.33130193e+00 2.55095899e-01
    8.32145810e-01 1.72116458e-01 4.59043622e-01 -1.37131333e-01
    -2.82380164e-01 -4.26571935e-01 8.16626966e-01 1.13569927e+00
    -2.82564163e-02 5.53309023e-01 1.22195244e+00 1.11525190e+00
    1.35029888e+00 1.04685068e+00 8.45239878e-01 6.40003860e-01
    8.24532151e-01 -9.25222635e-01 -6.19848013e-01 2.49768674e-01
    5.41767478e-02 1.42002439e+00 4.36788797e-02 1.52053022e+00
    3.56723666e-01 -8.66052508e-02 -6.47678971e-01 5.89399457e-01
    3.70079756e-01 -3.93363267e-01 1.24124730e+00 1.42823005e+00
    6.18023872e-02 -6.74116433e-01 -6.72266662e-01 -3.26962501e-01
    -4.36205328e-01 7.58899450e-02 6.15168512e-01 -5.96548676e-01
    8.74780953e-01 4.79357660e-01 1.71145177e+00 -2.01911032e-01
    1.39920902e+00 1.55907989e+00 3.69631767e-01 1.37293839e+00
    1.40724111e+00 7.67962337e-02 1.51468611e+00 5.27514577e-01
    3.31111133e-01 4.07721996e-01 8.24768007e-01 -2.04003394e-01
    9.65759754e-02 1.76275814e+00 7.99726784e-01 -7.95210600e-01
    1.50742304e+00 -2.20734954e-01 -2.49383271e-01 -1.52588308e-01
    -6.22085810e-01 8.41518342e-01 -7.24644661e-01 9.36724544e-01
    7.46896505e-01 -1.59411490e-01 -5.43073714e-01 -5.95918357e-01
    1.07892573e+00 1.51004744e+00 1.26535892e+00 -1.88509107e-01
    -7.35423565e-01 1.13798153e+00 -2.05899537e-01 7.93242872e-01
    7.41637707e-01 1.68359518e+00 -7.55169868e-01 1.49154198e+00
    -7.69937694e-01 -5.23427606e-01 9.85798061e-01 1.28072739e+00
    -7.49937057e-01 6.02496028e-01 6.46620810e-01 1.76291406e+00
    -4.67316031e-01 -3.89509618e-01 1.06344223e-01 -6.10389650e-01
    1.41777587e+00 9.87773478e-01 -3.77830088e-01 2.76655912e-01
    -5.25435328e-01 7.48009086e-02 9.66115713e-01 1.73958015e+00
    1.33442044e-01 6.19629383e-01 -1.97442234e-01 -5.13781428e-01
    -2.17465997e-01 1.40816951e+00 -4.83121067e-01 7.83216774e-01
    4.52157021e-01 5.38793623e-01 1.87246656e+00 1.89186335e+00
    1.11045420e-01 1.89155245e+00 -2.68020600e-01 6.88489199e-01
    1.41657054e+00 -2.59417653e-01 4.24385965e-01 1.09485650e+00
    -2.94877648e-01 1.11126709e+00 1.70940363e+00 2.12521672e-01
    3.77440929e-01 1.40909529e+00 1.27249575e+00 -5.49579561e-01
    -5.02737999e-01 6.99137449e-02 1.48184609e+00 -1.04389668e-01
    3.88171673e-01 -5.10514975e-01 1.09762192e+00 1.92199290e-01
    8.89655232e-01 9.55878496e-02 -5.77529550e-01 1.73739314e+00
    2.87128091e-01 1.21617758e+00 9.76060927e-01 6.41415477e-01
    1.37650704e+00 -7.26055086e-01 1.43772364e+00 4.64981675e-01
    -8.26828837e-01 -8.55631828e-02 9.14684474e-01 1.07096457e+00
    5.39741457e-01 1.04129910e+00 -6.44226074e-01 1.26617312e+00
    -3.67579818e-01 1.38354897e-01 8.17171931e-01 8.79005194e-01
    1.05732155e+00 1.01124597e+00 3.54472935e-01 1.77823484e-01
    -6.93238735e-01 4.34544802e-01 -3.14727247e-01 -6.11039937e-01
    1.75077462e+00 -3.15837145e-01 -3.98080617e-01 -3.33590806e-01
    1.53042614e+00 3.34444642e-01 2.76157081e-01 8.52282703e-01
    1.34675443e-01 1.71304572e+00 9.30774093e-01 8.13435733e-01
    6.60825133e-01 -6.46755099e-02 -4.52834249e-01 9.04704690e-01
    1.82504535e+00 2.16246903e-01 1.34169436e+00 -6.73068345e-01
    9.21142995e-01 7.16887295e-01 9.66698647e-01 2.71869898e-02
    3.20639551e-01 -6.43500686e-02 1.59578919e-01 1.36365104e+00
    1.72715545e+00 5.66096783e-01 -8.37755501e-01 5.99598348e-01
    -6.71949685e-01 -1.29406929e-01 -8.28921437e-01 1.54112291e+00
    -7.53184617e-01 1.18564820e+00 -6.85499072e-01 -2.34250486e-01
    1.39876294e+00 5.11207163e-01 -1.56544864e-01 1.40250301e+00
    -3.68238568e-01 -2.53941774e-01 4.99865413e-02 -4.28758025e-01
    -7.13925958e-02 7.78092384e-01 -2.54222274e-01 -1.01079285e-01
    1.50654840e+00 1.00108624e-01 5.62613845e-01 9.18751597e-01
    1.42286372e+00 -3.52559268e-01 1.23147035e+00 1.60165644e+00
    -2.89669394e-01 2.43720114e-01 -2.15052366e-02 -3.69601846e-01
    1.27156138e+00 -5.19017935e-01 4.18956399e-01 6.64357901e-01
    1.34718895e+00 -1.13642514e-01 1.61676908e+00 1.59342003e+00
    1.51220918e+00 5.95896244e-01 -2.81962931e-01 1.61571026e-01
    -8.53337049e-02 1.77136374e+00 -1.48059607e-01 1.65076971e-01
    -3.63975585e-01 8.07364702e-01 1.01449466e+00 1.82225108e+00
    1.25952291e+00 6.20564878e-01 1.00535572e+00 8.53734612e-02
    1.43007326e+00 8.36526096e-01 1.06334138e+00 -6.99562430e-02
    5.38708031e-01 1.68621063e-01 1.32082665e+00 -2.06832647e-01
    8.59940469e-01 1.26827359e-02 4.43199396e-01 -6.78811848e-01
    1.15160823e+00 6.51972592e-01 9.68181133e-01 -1.55051649e-01
    3.14832568e-01 9.97809172e-02 -1.21210814e-02 8.10579777e-01
    1.51897168e+00 3.45291674e-01 1.40741754e+00 -4.89122778e-01
    3.72329950e-01 5.64643681e-01 5.97355723e-01 1.36425376e+00
    -4.50190991e-01 1.67928815e-01 -6.31644845e-01 1.47019839e+00
    1.63782358e+00 -6.84292138e-01 3.11593413e-01 1.40398002e+00
    -1.50250971e-01 8.22463989e-01 3.05509329e-01 1.68991756e+00
    9.87682939e-02 -3.70784551e-01 -7.30629802e-01 1.19944334e+00
    9.34130251e-01 3.91871631e-01 1.10762441e+00 8.01913202e-01
    2.12051153e-01 9.60004330e-02 -1.75515890e-01 1.30134153e+00
    -5.49729347e-01 -1.96157396e-01 5.35071075e-01 2.82306910e-01
    -2.69941628e-01 -2.14595139e-01 -4.73886520e-01 5.49462140e-01
    1.12061739e+00 9.26295757e-01 -6.74084008e-01 7.87485421e-01
    1.31079006e+00 1.43593287e+00 1.51229882e+00 1.77541542e+00
    1.67738259e-01 1.20343924e+00 -5.39627075e-01 8.85997713e-01
    1.00150859e+00 -3.84915650e-01 3.75972927e-01 1.01959729e+00
    -3.58161092e-01 9.46389616e-01 1.09408438e+00 -7.13202178e-01
    1.11930001e+00 7.47796118e-01 1.07898796e+00 1.15630102e+00
    5.90356290e-01 7.81444788e-01 1.24367809e+00 8.91966820e-01
    9.50979531e-01 1.11817205e+00 1.19432950e+00 1.33007860e+00
    -6.83372319e-01 7.34638155e-01 1.29935062e+00 3.12060714e-02
    1.54609656e+00 1.03134632e-01 7.27039158e-01 5.10523379e-01
    -2.48093605e-02 -6.69321299e-01 -5.67867219e-01 -4.45165634e-02
    -3.93071830e-01 9.01583135e-01 1.75178969e+00 1.09722495e-01
    -3.32512021e-01 7.96008825e-01 5.36413670e-01 -5.85233569e-02
    7.08441138e-01 2.10660362e+00 2.71440655e-01 2.12144685e+00
    2.10469484e+00 6.15865231e-01 5.21117091e-01 8.61430168e-03
    -7.16802359e-01 -4.64314222e-01 -1.92504406e-01 -5.37737250e-01
    -4.16637629e-01 1.18591881e+00 -3.19556892e-01 -4.13817853e-01
    1.42914867e+00 -7.54023433e-01 7.97773182e-01 -3.59437287e-01
    -3.50515753e-01 1.70603144e+00 1.52637780e+00 -1.18566453e-01
    1.59786260e+00 1.60984683e+00 4.41296935e-01 -2.49740928e-01
    1.22715116e+00 6.18786931e-01 7.80113339e-01 1.40158248e+00
    -3.66325676e-01 -3.26388538e-01 2.41293132e-01 1.63215697e+00
    1.46541011e+00 1.17698324e+00 1.24319410e+00 3.35524499e-01
    1.31892264e+00 1.34736121e+00 -6.90524220e-01 -2.18895316e-01
    3.37110400e-01 5.31108856e-01 -8.22793126e-01 -3.11792135e-01
    5.30643165e-01 1.54725385e+00 1.48955989e+00 -3.70249063e-01
    1.59015036e+00 -4.49054271e-01 1.53977346e+00 -4.79194641e-01
    1.46087563e+00 3.68875563e-01 -3.75912189e-01 -6.31361604e-02
    3.83191168e-01 1.16488695e+00 9.26092148e-01 3.78728926e-01
    -4.41360027e-01 1.13767958e+00 7.01437354e-01 1.44155908e+00
    5.00249445e-01 1.58693457e+00 1.33366895e+00 -6.81517124e-02
    1.33398938e+00 1.68477392e+00 1.82625341e+00 -5.02839088e-01
    7.79807448e-01 1.71673512e+00 1.50364041e-01 3.07013988e-01
    1.16112769e+00 1.35831308e+00 6.35223448e-01 -6.42599106e-01
    1.64012778e+00 7.09451079e-01 7.73837805e-01 1.94897711e-01
    -7.92622507e-01 1.66202784e-02 -7.60204554e-01 -5.06890416e-02
    -4.03363287e-01 -6.42625213e-01 2.68119037e-01 -4.67955172e-01
    7.77348816e-01 1.29095721e+00 1.80353284e-01 3.05732906e-01
    1.44151342e+00 -2.18079925e-01 1.50280654e-01 -7.86696374e-01
    1.43910289e-01 1.05401874e+00 1.63422668e+00 5.66539943e-01
    -8.25974405e-01 -8.03142667e-01 1.32601953e+00 -2.78813839e-02
    1.46228981e+00 1.12832689e+00 1.39755487e+00 -5.16820550e-01
    1.21959686e+00 -5.31065047e-01 -6.97751403e-01 8.93834352e-01
    9.55145180e-01 4.89355564e-01 1.08981001e+00 1.66065550e+00
    -6.81823134e-01 1.78364944e+00 9.78538156e-01 -2.88607299e-01
    1.40302789e+00 1.82320762e+00 1.08760762e+00 -4.24245358e-01
    -4.74276304e-01 -2.84215182e-01 -6.18733227e-01 2.28911877e-01
    -5.70194721e-02 4.49931979e-01 1.27233028e+00 -4.28915203e-01
    -2.68008113e-01 1.61903429e+00 -2.66269684e-01 -6.43372655e-01
    4.94810879e-01 1.69196177e+00 1.34471178e-01 1.46659195e-01
    -7.74635851e-01 1.83962166e+00 1.36892498e-01 -6.43051267e-02
    9.06935930e-02 6.29481018e-01 9.63342547e-01 1.04725027e+00
    -7.13880062e-01 7.19885945e-01 8.91644835e-01 1.57729566e-01
    5.18313766e-01 1.30438626e+00 1.29823709e+00 -5.42355657e-01
    -4.39204633e-01 -7.07224786e-01 1.61329925e-01 1.59901381e-02
    -5.71357369e-01 1.66455138e+00 2.30876863e-01 2.15501010e-01
    1.69969726e+00 3.46051335e-01 -3.28272581e-03 7.93399692e-01
    -7.42310882e-02 -1.93092227e-01 7.43675351e-01 -1.25809133e-01
    1.09122884e+00 -5.91142833e-01 1.17781448e+00 -3.07119191e-01
    9.74963307e-01 2.06941962e-02 1.24247098e+00 1.26935780e-01
    -6.96259856e-01 2.75607109e-01 -1.14068687e-01 1.57705271e+00
    8.77811134e-01 1.52868795e+00 9.74187016e-01 7.10248828e-01
    1.08872497e+00 6.37345731e-01 1.73547316e+00 1.05462897e+00
    6.32332921e-01 7.10610509e-01 1.80136585e+00 1.35428405e+00
    1.97201073e-01 -4.72784281e-01 9.89153385e-01 1.55688500e+00
    1.55858946e+00 5.75485468e-01 9.20336783e-01 -6.30475402e-01
    1.57188845e+00 -7.22940564e-01 -7.24830866e-01 1.02118897e+00
    6.10194147e-01 -4.43658829e-02 6.97559953e-01 -3.26792777e-01
    -4.94838625e-01 1.61648142e+00 1.44477665e-01 1.75006557e+00
    -5.99745870e-01 1.26220036e+00 1.35502577e+00 3.21704507e-01
    -7.25722790e-01 1.15614963e+00 -3.22898507e-01 1.46791220e+00
    1.52406240e+00 4.51124847e-01 2.47240067e-04 1.23851883e+00
    1.33101463e+00 2.37401485e-01 3.84507179e-01 1.48581624e-01
    1.58526874e+00 -6.63942516e-01 -2.46526182e-01 8.37704778e-01
    -4.76183414e-01 1.40935767e+00 8.90595734e-01 7.15754449e-01
    1.85506058e+00 4.46022630e-01 9.29317653e-01 1.52941346e+00
    -1.17403567e-01 1.43971241e+00 -4.95391816e-01 1.87038875e+00
    9.53206837e-01 1.89450192e+00 2.04233408e+00 -3.49205256e-01
    1.26177520e-01 5.33838809e-01 7.15503097e-01 1.70443487e+00
    1.30496764e+00 -3.59355241e-01 4.19844806e-01 1.07027340e+00
    1.67902970e+00 -3.29826295e-01 1.31242347e+00 1.57806563e+00
    -9.33158994e-02 5.43069482e-01 1.18578959e+00 1.21350265e+00
    -5.35699129e-01 -1.37967110e-01 -2.71685451e-01 2.47648358e-01
    1.11854672e+00 1.26589346e+00 7.36001670e-01 1.53754902e+00
    1.42907000e+00 1.09799457e+00 9.24018025e-01 -5.69136381e-01
    1.56152499e+00 6.26144767e-01 5.86156428e-01 1.61600685e+00
    3.69607389e-01 -8.50956619e-01 9.99282598e-02 1.67173386e+00
    1.28652811e-01 -6.00214601e-01 1.55451059e+00 1.17698622e+00
    2.50949800e-01 -6.65572643e-01 9.96417463e-01 2.52878010e-01
    1.96967363e-01 -1.65486574e-01 1.25277984e+00 -5.60237885e-01
    8.81595016e-01 2.37753391e-02 5.83074749e-01 6.31625772e-01
    1.60010266e+00 -2.25258708e-01 1.30703628e-01 7.48956025e-01
    -2.57573664e-01 1.51918638e+00 1.04464746e+00 -3.32882255e-01
    4.73073840e-01 1.88148046e+00 1.60051274e+00 1.09335923e+00
    1.11183047e-01 -3.16751599e-01 8.06742430e-01 -6.91443264e-01
    -6.24963164e-01 -4.26192701e-01 1.31090713e+00 -6.95896268e-01
    1.30294538e+00 1.82761335e+00 1.20815516e+00 -1.33501053e-01
    -1.94898009e-01 1.70504665e+00 -4.29568440e-01 8.11367035e-01
    3.20225179e-01 1.14067388e+00 -6.38644934e-01 -6.71985984e-01
    1.68700647e+00 8.32569301e-01 7.89219141e-02 2.89319932e-01
    1.31955624e+00 3.69328380e-01 1.29972041e+00 1.70603585e+00
    -7.99500942e-02 1.64496851e+00 1.33160841e+00 6.18203044e-01
    1.23315847e+00 1.71104312e+00 9.25118029e-01 8.68707955e-01
    -3.02499175e-01 1.81654024e+00 3.58039558e-01 -2.06849754e-01
    3.47876370e-01 -4.06083941e-01 6.75708950e-01 1.09546876e+00
    -5.63300073e-01 4.94003534e-01 5.24525762e-01 1.20121658e+00
    -3.70494485e-01 2.35885262e-01 1.66569829e+00 6.12667084e-01
    1.71156621e+00 1.65969312e+00 6.33364797e-01 7.27043986e-01
    9.90019560e-01 1.10980511e+00 1.44836450e+00 5.46154857e-01
    -5.54558516e-01 -2.95037806e-01 8.84500623e-01 1.29343867e-01
    4.94770288e-01 1.27361155e+00 5.28433561e-01 1.66594958e+00
    8.56537819e-02 -5.35219312e-01 8.61852944e-01 -1.75044417e-01
    9.96737063e-01 -5.17283261e-01 7.52454281e-01 1.83842397e+00
    -6.28293693e-01 -4.95271921e-01 1.25725722e+00 1.19098723e+00
    -6.79473937e-01 -6.19295955e-01 -4.92700100e-01 1.11369801e+00
    -9.86463428e-02 9.03442681e-01 -1.99811995e-01 1.05412865e+00
    -2.88550794e-01 1.43679094e+00 1.07174945e+00 1.27461088e+00
    1.09972715e+00 -2.97352910e-01 1.05888748e+00 -8.03022921e-01
    8.19035172e-02 -4.21214491e-01 1.25187778e+00 -5.30430079e-01
    1.52407384e+00 1.14104843e+00 1.69797611e+00 1.22440791e+00
    8.01135302e-01 -1.66484833e-01 9.81062651e-01 5.20110905e-01
    1.15247726e+00 -5.05794525e-01 -3.84966493e-01 -2.23832965e-01
    -9.81082916e-02 1.21842086e-01 1.43938160e+00 1.27552700e+00
    3.00246418e-01 5.31564772e-01 2.84806728e-01 1.07760835e+00
    1.09377432e+00 8.62385154e-01 8.16357970e-01 7.31628537e-02
    4.27250743e-01 5.38233697e-01 1.56995440e+00 -5.02043903e-01
    9.38373268e-01 7.78713346e-01 1.24445260e-01 3.02776456e-01
    1.65826082e+00 -2.26234436e-01 1.52995050e-01 2.33564675e-01
    9.96083021e-02 -4.88367945e-01 -6.58337891e-01 4.48501110e-01
    6.37976527e-01 1.05801761e-01 1.65402341e+00 1.11217809e+00
    1.41309083e+00 -1.63348138e-01 1.06215870e+00 1.46517324e+00
    1.26974225e+00 5.65647542e-01 3.72738063e-01 3.39112341e-01
    1.56099534e+00 -2.18267441e-02 9.05561805e-01 1.46158218e+00
    9.24778521e-01 -1.92053080e-01 -2.07413495e-01 1.13832057e+00
    4.32162762e-01 1.11866879e+00 -1.56217396e-01 4.65310991e-01
    1.89460325e+00 -1.23423755e-01 1.22120416e+00 2.08354831e-01
    1.18332338e+00 1.01054502e+00 1.74552035e+00 1.80682826e+00
    -3.28097612e-01 -6.98065639e-01 1.79517329e-01 2.03627169e-01
    1.03126609e+00 1.58265710e+00 1.24549413e+00 1.72882915e-01
    -7.12116480e-01 -6.45198643e-01 1.39657903e+00 -3.70961368e-01
    -9.94278789e-02 -4.53981459e-01 2.45127678e-01 -7.30435073e-01
    -2.18083531e-01 -2.39100635e-01 4.13393140e-01 1.83410251e+00
    1.70200109e+00 -1.81716681e-02 -3.61213595e-01 6.99049592e-01
    1.49403501e+00 7.42290437e-01 8.62724781e-02 2.80401051e-01
    1.25423527e+00 5.12664199e-01 -2.97811389e-01 4.07069206e-01
    1.51028347e+00 -3.75365019e-02 -1.46773994e-01 1.66802144e+00
    5.39578974e-01 -1.06571913e-02 4.00097668e-01 1.29640400e+00
    1.47817826e+00 4.48942304e-01 -5.75899601e-01 -5.67378402e-01
    5.20483613e-01 -1.43888652e-01 -2.83009619e-01 -5.04799008e-01
    -1.97588503e-01 3.90082419e-01 1.53681397e+00 1.13763928e+00
    1.63443255e+00 4.56942201e-01 -8.10831785e-03 1.29682958e+00
    1.53309035e+00 7.49320507e-01 7.51186788e-01 1.70077777e+00
    -6.07531071e-02 1.05584431e+00 1.47606015e+00 -7.75512338e-01
    -2.60276020e-01 1.31879616e+00 9.22282994e-01 1.01668572e+00
    -1.66233301e-01 1.05072308e+00 1.68676746e+00 6.83451653e-01
    1.67084980e+00 4.65663731e-01 -7.55612075e-01 1.24937439e+00
    -1.43984020e-01 -2.76085556e-01 1.38018119e+00 7.19681025e-01
    -4.23899859e-01 -1.60160780e-01 1.76051152e+00 2.67575800e-01
    7.87150562e-01 2.02043593e-01 -7.73146510e-01 1.73009753e+00
    6.19425476e-01 4.28600550e-01 -5.52314878e-01 2.98812389e-01
    -6.74312830e-01 4.38098609e-01 1.08055949e-01 1.39412928e+00
    9.38317060e-01 -4.73503679e-01 -4.94765133e-01 6.52252257e-01
    5.46762943e-01 -8.46615970e-01 1.07278824e-01 1.70640540e+00
    1.05167747e+00 1.66983104e+00 1.39463007e-01 3.08742642e-01
    8.65056396e-01 1.15489626e+00 8.62736464e-01 -5.42117000e-01
    -1.92042947e-01 -6.63048029e-02 6.01606309e-01 1.05978763e+00
    1.69159436e+00 -8.08826745e-01 2.31416762e-01 1.20863795e-01
    -2.01505542e-01 1.73296273e-01 -2.01240480e-01 8.14494133e-01
    9.13476646e-01 8.75449717e-01 -6.66799963e-01 1.56488538e+00
    1.60747862e+00 2.91882038e-01 -7.60793567e-01 1.72603297e+00
    -7.24556029e-01 -4.74412203e-01 1.57322526e+00 8.52591097e-01
    1.21407485e+00 9.95134413e-01 -5.30182362e-01 1.19465923e+00
    7.46887267e-01 1.51868653e+00 1.72983706e-01 1.68990064e+00
    1.07277679e+00 7.96061099e-01 1.20541215e-01 -3.25463980e-01
    1.08392143e+00 -3.24827909e-01 1.46565259e+00 1.55584180e+00
    1.37455177e+00 4.39072311e-01 6.40781224e-01 1.01346850e+00
    1.23868656e+00 -5.70938408e-01 1.08648849e+00 -4.72926736e-01
    7.50202477e-01 -7.31183350e-01 1.06342459e+00 1.00517869e+00
    -2.65160918e-01 9.86135006e-02 -6.13846779e-02 1.58889985e+00
    8.68324637e-02 1.17394209e-01 -3.40082139e-01 8.33785594e-01
    5.93261659e-01 5.30840456e-01 1.31149983e+00 2.08364248e-01
    1.45225787e+00 1.31589842e+00 1.53539538e+00 1.53366017e+00
    5.29596567e-01 1.40700519e-01 3.31428766e-01 1.22692287e-01
    7.11936712e-01 1.43033981e+00 1.89604759e-02 7.76322365e-01
    5.62865376e-01 1.43620718e+00 1.68282962e+00 -8.25507402e-01
    1.06104016e-01 -4.08467680e-01 -4.54481065e-01 7.37022638e-01
    -7.13822901e-01 -1.61453903e-01 -4.41735983e-03 5.67080915e-01
    8.67227674e-01 -5.10290623e-01 1.01387286e+00 -1.31925583e-01
    2.51010895e-01 2.04576015e-01 -6.05516076e-01 5.18180788e-01
    -1.39845788e-01 8.18681359e-01 1.12390101e-01 5.41340828e-01
    1.46664667e+00 -4.44809884e-01 -5.70128858e-01 1.13288283e+00
    1.23909986e+00 5.22555292e-01 -3.88265818e-01 -3.45386356e-01
    -3.94896120e-01 1.16205764e+00 -3.77649665e-02 1.61477339e+00
    9.63414848e-01 -4.40983862e-01 9.32196259e-01 4.28207934e-01
    2.41909564e-01 1.00000262e+00 -7.97270894e-01 1.03528118e+00
    2.38422930e-01 -1.46909833e-01 1.63525605e+00 5.17511666e-01
    -3.43068838e-02 -3.65904033e-01 1.50979781e+00 2.38719583e-02
    -9.09984112e-02 -6.46739841e-01 4.75643516e-01 9.08312857e-01
    1.08685637e+00 8.55333090e-01 -1.12680972e-01 -5.00057817e-01
    1.39026344e+00 -4.09522146e-01 1.21464825e+00 1.61435556e+00
    1.03891253e-01 -4.64009583e-01 1.00636125e+00 4.03057337e-02
    5.82073331e-02 1.40118086e+00 1.53719330e+00 -5.35204411e-01
    9.16235268e-01 5.23892045e-02 9.48536396e-03 1.38077354e+00
    1.93300486e-01 4.80216265e-01 3.42038870e-01 7.85184205e-01
    -6.75196052e-01 1.86883152e-01 -5.29118419e-01 8.57699990e-01
    -2.49608457e-01 -3.02738458e-01 -8.69514346e-02 -2.70340919e-01
    3.96261185e-01 1.50921071e+00 7.97650218e-02 -5.13160527e-01
    1.67374945e+00 2.97350109e-01 -1.32861078e-01 -6.90892220e-01
    1.76366353e+00 -2.41831541e-01 -5.17856002e-01 7.53354609e-01
    -5.70315242e-01 1.83158660e+00 -2.43901908e-01 1.65801191e+00
    -8.14648688e-01 -7.69134343e-01 1.00975657e+00 -4.39250380e-01
    -7.22023487e-01 2.84537494e-01 4.56807017e-01 5.69534063e-01
    -5.43851972e-01 1.38261175e+00 1.19541764e-01 5.72204590e-05
    5.74464023e-01 1.45979655e+00 -3.69356871e-02 4.72712219e-01
    8.61098945e-01 6.14443898e-01 1.02073514e+00 1.11380363e+00
    -3.78294706e-01 5.57079494e-01 2.60741055e-01 1.38674092e+00
    8.88405800e-01 -7.11356997e-02 -5.29565215e-02 6.57575846e-01
    -2.77206242e-01 1.24460888e+00 1.18679142e+00 7.74113536e-01
    -8.72142315e-01 5.17016590e-01 8.75799239e-01 5.36874831e-01
    1.36086273e+00 5.64676046e-01 1.63867211e+00 -5.91001391e-01
    5.87887406e-01 7.78620839e-01 -4.66749728e-01 8.41347456e-01
    1.63433552e+00 1.13881183e+00 1.24779892e+00 1.27509379e+00
    -6.23152733e-01 2.53074825e-01 2.02108085e-01 6.65023983e-01
    2.39267945e-01 -4.89021271e-01 8.87500763e-01 -1.47459090e-01
    -2.29066133e-01 3.36790264e-01 -2.53239334e-01 9.50213671e-01
    -8.01296949e-01 1.71999645e+00 6.42083287e-01 8.79818380e-01
    3.38712335e-02 1.09108615e+00 -3.88039529e-01 -4.43929225e-01
    4.17257011e-01 1.21392298e+00 -5.14808297e-01 6.06694281e-01
    1.60750985e+00 7.11363435e-01 1.59323144e+00 1.06384146e+00
    -4.44975495e-01 -1.02715433e-01 -1.24825358e-01 1.45672250e+00
    1.36833835e+00 1.45096588e+00 -5.53038597e-01 6.02607787e-01
    8.03480864e-01 5.43387830e-01 1.80108142e+00 1.07311690e+00
    9.30910408e-01 -5.30176163e-01 6.57346249e-01 7.86189437e-02
    5.91745079e-01 -7.66755283e-01 -1.52193546e-01 1.27797794e+00
    -7.61528671e-01 7.23366201e-01 -4.82835382e-01 -6.70971870e-02
    7.21505821e-01 6.16219580e-01 1.47627532e+00 4.42842960e-01
    -2.55251765e-01 -5.02974749e-01 1.44096768e+00 1.24493361e-01
    -7.18322933e-01 8.26847076e-01 -5.70290089e-01 -4.88656282e-01
    -7.24877357e-01 1.37317228e+00 -1.57368183e-01 -1.41319036e-01
    3.17639887e-01 -6.24052167e-01 1.39808846e+00 -3.26164961e-02
    2.43776381e-01 -3.87010187e-01 9.48518217e-01 1.77606058e+00
    8.06363821e-02 4.15109515e-01 2.31876373e-02 1.73597288e+00
    1.23727441e+00 -2.59814292e-01 2.50022292e-01 1.36517882e-02
    1.74761343e+00 -6.27041042e-01 -4.29975122e-01 1.10055244e+00
    -1.12163544e-01 -8.96001458e-02 1.05720806e+00 5.49520850e-01
    -2.95556545e-01 1.47620749e+00 1.44795489e+00 -4.35865879e-01
    1.29691947e+00 1.17394853e+00 6.87040687e-02 1.25957608e+00
    4.05199707e-01 1.55358982e+00 -4.86689955e-01 -4.85730737e-01
    9.65669990e-01 6.65177703e-01 -1.69608533e-01 8.10825825e-02
    7.35235035e-01 7.03172922e-01 1.33896947e+00 1.30785656e+00
    1.49930358e+00 1.39952207e+00 3.95702004e-01 1.60022306e+00
    1.80894470e+00 3.98136437e-01 1.34533334e+00 -5.17889738e-01
    2.48270571e-01 1.15674639e+00 2.39815056e-01 -2.27858305e-01
    1.84505582e-02 1.69479394e+00 1.55794394e+00 1.11217463e+00
    -5.50753474e-02 1.68529963e+00 1.46272326e+00 1.15343356e+00
    4.00524795e-01 1.14581656e+00 8.83461475e-01 6.32076085e-01
    3.72003675e-01 -1.11498117e-01 1.04439318e-01 -1.11210406e-01
    -4.17232841e-01 -7.35017836e-01 1.15141153e-01 1.23724604e+00
    6.22265935e-02 4.30456936e-01 3.93844903e-01 1.42010927e+00
    4.64179754e-01 -6.87512517e-01 6.37497127e-01 -5.16455054e-01
    1.32263720e+00 3.14927578e-01 2.69719005e-01 9.80873704e-01
    1.30022454e+00 -8.01159143e-02 -1.88603103e-01 1.23940992e+00
    -1.03003025e-01 2.12299228e-02 -4.85125184e-02 -2.31009126e-02
    1.02512646e+00 -3.35414588e-01 -1.14023507e-01 -2.65747547e-01
    -7.74485171e-01 1.65920711e+00 -8.46010745e-01 1.04706001e+00
    1.44157422e+00 1.47823739e+00 8.50713253e-02 -7.18849003e-01
    -4.21372414e-01 1.41221404e-01 1.07404923e+00 1.97576940e-01
    3.54960442e-01 -4.73274589e-02 1.35750914e+00 7.08173335e-01
    7.94350147e-01 7.84295976e-01 1.79820204e+00 6.40589297e-01
    1.11917830e+00 4.25260961e-01 5.54354966e-01 -1.25917614e-01
    1.44152075e-01 8.96953881e-01 -5.56293070e-01 6.91059530e-01
    7.81391501e-01 1.77504158e+00 -4.57209945e-01 1.26432359e-01
    1.36616528e+00 2.54681528e-01 -4.48804259e-01 -4.11401421e-01
    5.64252257e-01 1.69450176e+00 3.39212120e-01 1.03558731e+00
    -6.51088715e-01 2.89672494e-01 1.20714223e+00 -6.25056982e-01
    1.88981891e+00 -3.03610802e-01 4.24404681e-01 -6.69206977e-01
    -4.38495249e-01 6.14278793e-01 1.07956958e+00 1.93209231e-01
    8.53708506e-01 3.79228234e-01 1.44323075e+00 2.17007041e-01
    1.79434597e-01 1.28537846e+00 1.07813406e+00 1.21361160e+00
    -6.07042432e-01 3.55976820e-02 -5.43283820e-01 -6.47841394e-01
    7.78416574e-01 1.08281136e+00 1.37387776e+00 -2.52537012e-01
    2.72285640e-01 1.28033495e+00 5.90709329e-01 1.04885030e+00
    1.36201310e+00 -6.73010945e-01 -1.44789398e-01 1.71213555e+00
    -5.67716241e-01 9.46481645e-01 1.38048422e+00 4.47256029e-01
    -7.06887424e-01 -7.71612465e-01 -2.82064199e-01 1.65506601e+00
    1.14271700e+00 5.27679920e-02 -5.70409060e-01 -1.98599577e-01
    -1.14838839e-01 -2.99202919e-01 9.93953347e-02 1.65876198e+00
    1.47745848e-01 1.19346559e-01 6.72236562e-01 1.51501298e-02
    1.37533963e+00 4.40106213e-01 1.08144689e+00 -4.64080125e-01
    5.56799173e-02 1.46881354e+00 -5.93843818e-01 -7.28654861e-01
    1.57050657e+00 1.49803162e+00 7.71082222e-01 1.43393397e+00
    1.25244677e-01 1.66888213e+00 9.83803153e-01 5.78795969e-01
    2.77155638e-03 1.16946137e+00 1.11948228e+00 6.96819067e-01
    5.12141764e-01 -8.75249803e-01 9.91559744e-01 1.56164074e+00
    1.43408298e+00 1.73536325e+00 4.63657975e-02 5.35839498e-01
    -4.82375413e-01 1.10672164e+00 7.96896219e-02 -4.26907152e-01
    1.80829167e-01 1.13250732e+00 -2.36245453e-01 1.01305747e+00
    5.02465665e-01 -3.14047337e-02 1.61707389e+00 -3.27098429e-01
    4.16040838e-01 1.57335341e+00 9.47346747e-01 -6.54156089e-01
    4.69596922e-01 -3.05874765e-01 3.64121974e-01 -8.38400245e-01
    3.82935524e-01 -2.61683226e-01 1.68260157e-01 -3.79626542e-01
    1.83101940e+00 9.27722394e-01 2.70617247e-01 5.83366692e-01
    -7.25413084e-01 4.77938652e-02 8.32534432e-01 -1.52065516e-01
    1.27812409e+00 1.51956081e-02 2.16965675e-01 -2.19830573e-01
    -8.38880539e-02 4.75446343e-01 1.41325665e+00 9.72735345e-01
    5.42156577e-01 4.95289385e-01 -5.85213244e-01 -6.96359694e-01
    1.14916706e+00 2.82811403e-01 -3.94169509e-01 1.09152997e+00
    -4.11337912e-01 -1.78042352e-01 -3.01001072e-02 1.28086472e+00
    1.75351000e+00 1.91083133e-01 8.68226051e-01 4.39563215e-01
    1.58871424e+00 -3.60104620e-01 1.48580050e+00 -8.17886591e-01
    -3.39959025e-01 1.43401384e+00 -6.09945059e-01 1.53888464e+00
    5.21214664e-01 7.71295190e-01 6.99116111e-01 5.79885483e-01
    5.10883331e-02 1.60445285e+00 1.62055242e+00 6.49277866e-01
    1.36263692e+00 -2.46037602e-01 1.28942728e+00 -8.47398639e-02
    -2.74474084e-01 -9.60004926e-02 -6.56358480e-01 -3.08606446e-01
    2.55336523e-01 -3.61206472e-01 1.28409016e+00 -2.36346841e-01
    -4.83624339e-02 1.20778251e+00 1.27651334e-01 2.15088665e-01
    1.13354111e+00 1.54248893e-01 8.40535939e-01 1.59321928e+00
    -5.53284764e-01 1.40022397e+00 -7.66595721e-01 1.05732262e-01
    -4.40497994e-01 4.07535136e-01 -8.16511512e-02 1.01185060e+00
    -4.73235875e-01 -2.96882629e-01 1.26370478e+00 -3.32440585e-01
    1.41795540e+00 4.62420106e-01 5.68398118e-01 8.59236717e-03
    -1.13938212e-01 7.12171316e-01 1.38321638e+00 -5.69275856e-01
    1.17655826e+00 4.32788670e-01 1.59731269e-01 -8.20156336e-02
    -4.27246779e-01 -6.61434293e-01 1.20122373e-01 -5.72228491e-01
    1.64685988e+00 3.77246618e-01 3.96281183e-01 1.03605914e+00
    -6.98712647e-01 8.98576081e-01 1.59905493e-01 -2.92163610e-01
    -5.83759665e-01 -1.82473660e-02 1.41215587e+00 -2.98838019e-01
    -6.54005229e-01 1.12815332e+00 -2.05027640e-01 1.03704357e+00
    1.88403249e+00 5.94270647e-01 -2.10967302e-01 -2.43227422e-01
    -1.36088252e-01 -3.69637012e-01 1.46778822e+00 -2.12107182e-01
    1.30255222e+00 1.68558955e+00 -1.74528837e-01 4.62794065e-01
    5.22372067e-01 4.78368700e-01 -6.13229513e-01 7.27727413e-02
    1.37540317e+00 -3.55514467e-01 1.16623855e+00 1.87633789e+00
    2.81612486e-01 1.69011021e+00 5.68086624e-01 -3.75366807e-02
    2.81185269e-01 1.22386813e+00 5.07176578e-01 6.57449007e-01
    1.50547814e+00 1.67222381e+00 1.19166517e+00 7.84969330e-01
    1.12642407e-01 1.55723834e+00 -7.18632936e-02 1.19384754e+00
    4.21534121e-01 7.84081340e-01 1.43337321e+00 1.49345660e+00
    1.37548149e-01 1.95409775e-01 6.53537989e-01 -1.03233516e-01
    3.95689368e-01 -3.67142379e-01 5.32045186e-01 1.14354360e+00
    -8.09880316e-01 1.61235499e+00 2.62386262e-01 1.38715267e-01
    9.44870234e-01 7.68351436e-01 1.65946960e-01 1.51457477e+00
    1.50953412e-01 1.43304217e+00 8.31889570e-01 7.59831846e-01
    -3.27259243e-01 6.44594967e-01 7.85860002e-01 1.34007204e+00
    3.69143486e-03 -5.27666986e-01 -7.67875910e-01 6.45104945e-01
    -3.27941418e-01 2.53014743e-01 4.18604195e-01 -5.66387594e-01
    1.53289700e+00 1.71248686e+00 1.07059884e+00 -7.77454972e-02
    1.47780704e+00 6.23656809e-01 -4.39434171e-01 1.07678747e+00
    -3.71732920e-01 -3.42265427e-01 -3.84101629e-01 -7.21761584e-01
    1.06728196e+00 -2.09801674e-01 1.90106583e+00 1.25533485e+00
    1.81535780e-01 1.27001393e+00 7.89381206e-01 -1.70252204e-01
    1.04934418e+00 -8.25014114e-02 9.20576692e-01 -6.62869573e-01
    1.61911118e+00 1.81445956e-01 2.26977050e-01 8.91221106e-01
    1.09844995e+00 -5.61504960e-02 -2.74235010e-01 1.11950076e+00
    1.75157070e+00 1.35998797e+00 -4.90886569e-02 1.06373715e+00
    4.19599175e-01 1.42726040e+00 1.16791129e+00 1.13856506e+00
    1.06525815e+00 -2.93484330e-02 -3.39769721e-01 2.82063663e-01
    7.59976327e-01 -6.47061944e-01 8.33995938e-02 1.21414185e-01
    4.23386037e-01 5.83030343e-01 8.91956747e-01 5.47946632e-01
    -2.02966094e-01 -3.49164546e-01 8.11894894e-01 3.13341022e-01
    1.09409690e-02 2.55283415e-01 -7.58523703e-01 1.33550930e+00
    -5.72269917e-01 1.48423195e+00 1.21286917e+00 7.55535841e-01
    1.23674190e+00 9.18009639e-01 1.44066215e-01 1.62258053e+00
    1.35638189e+00 1.31434321e+00 -6.07322752e-01 -5.83034933e-01
    -4.99457121e-03 1.63380086e+00 -6.03145897e-01 1.13157201e+00
    -3.34999204e-01 -3.07362914e-01 -4.56576794e-01 8.13810408e-01
    -1.03401184e-01 -3.31139266e-01 -4.86717433e-01 -7.63755322e-01
    1.42949760e+00 6.19636774e-01 -6.71682060e-01 1.22125077e+00
    -2.48640835e-01 1.48927331e+00 1.23289812e+00 3.20296466e-01
    -5.19617200e-01 1.46702492e+00 4.50244009e-01 -5.13682127e-01
    1.15982831e-01 1.09507823e+00 9.12512362e-01 1.28176522e+00
    -6.55708671e-01 -3.46867442e-02 6.12771869e-01 1.67379260e+00
    6.45888031e-01 9.79186594e-01 2.19970345e-02 1.67091584e+00
    -3.14203024e-01 -6.37901485e-01 1.19414485e+00 -8.10889125e-01
    -3.24300587e-01 1.36475027e-01 1.72834754e+00 1.03958964e+00
    -6.38529181e-01 2.80479610e-01 1.66298401e+00 1.62812066e+00
    3.48774791e-02 1.65031075e-01 1.68508816e+00 1.72576427e+00
    -7.91590214e-01 2.27508068e-01 -1.89255357e-01 1.60019183e+00
    1.36693966e+00 -2.49326766e-01 1.30981946e+00 -4.93359268e-01
    1.97166204e-02 1.41324568e+00 1.28115594e-01 -7.62555599e-02
    -8.32659721e-01 -2.05168188e-01 1.77930939e+00 -3.09551179e-01
    -7.22368002e-01 1.57727027e+00 -3.05972576e-01 4.40719128e-01
    1.55932307e+00 1.14066243e+00 -6.30526602e-01 1.19422317e+00
    1.83966112e+00 -1.78015411e-01 1.52973723e+00 3.28551114e-01
    4.01909351e-02 1.85187554e+00 4.53495681e-01 8.23591709e-01
    6.66420758e-01 7.23442674e-01 7.06915855e-01 2.62992561e-01
    1.20974135e+00 1.03039622e+00 6.98027074e-01 6.80126488e-01
    3.86938035e-01 -1.45677865e-01 1.26266181e-01 -6.37912273e-01
    5.05928397e-01 -1.85438871e-01 2.83642530e-01 1.79060102e+00
    -1.52982235e-01 4.90046740e-01 1.62011170e+00 2.31746495e-01
    1.93801343e-01 -2.58270144e-01 2.70529091e-01 3.39797735e-02
    1.31085014e+00 1.15133238e+00 1.66858065e+00 -3.10057402e-02
    1.65349579e+00 -6.04999125e-01 4.21228647e-01 6.10345602e-02
    -3.31641048e-01 1.83948278e+00 1.24711549e+00 -7.64774680e-01
    -7.18149304e-01 1.52214193e+00 1.23515010e+00 8.26730132e-02
    -7.60060370e-01 1.37818170e+00 -1.02302074e-01 1.26054621e+00
    1.60443473e+00 4.41247880e-01 -1.38756603e-01 -4.24311936e-01
    1.53340983e+00 9.59292293e-01 1.35398293e+00 1.30253851e-01
    3.86270046e-01 -2.03313291e-01 -3.23849142e-01 6.33943439e-01
    -2.90576756e-01 -4.74269986e-02 1.16521263e+00 -5.84018707e-01
    1.42295587e+00 -6.94807231e-01 5.71392119e-01 8.09528291e-01
    1.16376662e+00 -6.11940503e-01 7.45691359e-01 1.28410876e+00
    1.05961621e+00 6.77171528e-01 -6.03548646e-01 -6.74282730e-01
    3.04042101e-02 -6.43537104e-01 2.27727294e-02 1.27174520e+00
    1.15245509e+00 2.89151728e-01 8.51204157e-01 3.30886841e-02
    -3.81066918e-01 -8.79469216e-01 1.65356398e-01 4.48073447e-01
    -7.75886893e-01 1.10661161e+00 -1.50261104e-01 8.84068727e-01
    9.72759187e-01 5.83621502e-01 7.19970465e-02 2.73471773e-01
    -7.48951554e-01 6.69907033e-01 1.77372813e+00 -7.77548373e-01
    7.88404286e-01 -6.86616957e-01 1.59047031e+00 7.39740252e-01
    4.21983838e-01 -3.07954729e-01 2.27433443e-01 -6.18878007e-02
    1.10195410e+00 1.74735498e+00 -3.55387568e-01 1.43965006e+00
    -6.85113430e-01 8.22956145e-01 5.00435650e-01 3.10990870e-01
    1.52818918e+00 -6.61486387e-01 1.61465919e+00 9.79314029e-01
    3.27073812e-01 -7.98746228e-01 5.21843731e-01 1.73923087e+00
    1.41802835e+00 3.79051805e-01 -1.99498832e-01 5.88552654e-01
    1.12386823e+00 9.96773303e-01 1.65117955e+00 9.90669489e-01
    6.81089103e-01 2.21556902e-01 -2.47373521e-01 1.59289300e-01
    3.75151336e-01 -6.46051288e-01 1.27141690e+00 -1.83684111e-01
    8.43597651e-02 1.56294870e+00 7.98925757e-01 -2.15356708e-01
    -8.52245927e-01 1.73007095e+00 1.46545649e-01 1.10244608e+00
    1.82823968e+00 1.74114108e-02 -1.01281166e-01 -3.18038404e-01
    8.90602946e-01 1.29803443e+00 1.04004848e+00 -2.11401999e-01
    -3.41185093e-01 5.87616742e-01 1.35715604e+00 1.28940248e+00
    -5.35849094e-01 7.53819704e-01 9.35493231e-01 -7.30503023e-01
    -1.13242686e-01 1.39602017e+00 3.59076440e-01 -5.28191447e-01
    1.63309884e+00 1.19489491e+00 7.29306340e-01 8.56042147e-01
    3.17528129e-01 -3.59429717e-02 1.00558388e+00 -2.71179199e-01
    1.44310653e+00 1.21327329e+00 1.80416811e+00 1.08413124e+00
    -5.98175287e-01 2.81694531e-01 4.45580065e-01 1.23862207e-01
    1.09909976e+00 1.66271329e+00 -5.96249759e-01 1.38524747e+00
    3.68632317e-01 1.30334365e+00 -1.88141882e-01 -6.41351938e-01
    6.03703618e-01 5.77782750e-01 -3.63516688e-01 2.61116028e-01
    -1.12820804e-01 1.26240396e+00 -4.77047980e-01 4.43833649e-01
    8.00022900e-01 7.30598450e-01 -4.08225924e-01 -7.05423534e-01
    -6.06823623e-01 2.55776882e-01 1.62191856e+00 1.48960257e+00
    3.08286667e-01 8.61171126e-01 6.45017505e-01 8.35106373e-02
    1.71640158e+00 -1.03981555e-01 1.60506666e+00 8.80629301e-01
    8.21355760e-01 1.75809085e-01 -8.08604121e-01 1.61030638e+00
    -7.60081887e-01 2.50495613e-01 -1.95463419e-01 1.60746872e+00
    3.02412450e-01 1.34924293e+00 8.36562574e-01 1.42493677e+00
    1.27245069e+00 -3.50684881e-01 1.70085549e+00 1.61568379e+00
    5.24105132e-01 1.15935826e+00 1.67311168e+00 1.60834539e+00
    -2.62057304e-01 8.71776462e-01 9.31847692e-02 -3.72313380e-01
    -1.66872442e-01 -7.26994097e-01 -2.80872583e-02 1.44794035e+00
    -5.85187674e-01 5.69754303e-01 -3.70935112e-01 2.76101112e-01
    3.63687813e-01 1.22982574e+00 1.63810849e-02 2.39535987e-01
    1.64871407e+00 -6.26504779e-01 2.22315788e-02 7.42823541e-01
    1.22032642e+00 -5.17709076e-01 -6.78035617e-01 6.28767252e-01
    1.71936417e+00 -3.28155160e-02 2.45137393e-01 1.46606910e+00
    1.05776787e+00 1.46124578e+00 1.33098149e+00 1.61638200e+00
    1.69607413e+00 -4.99404430e-01 1.91920996e-01 6.22850835e-01
    4.69051063e-01 -5.78169227e-01 -3.48354280e-01 1.26840162e+00
    1.57542610e+00 1.00250363e+00 -2.72782445e-01 -6.17706776e-01
    1.73986089e+00 -3.09665322e-01 1.22125077e+00 1.78313911e-01
    -4.88553405e-01 1.15275955e+00 -4.88032311e-01 9.61532950e-01
    1.53915453e+00 -2.56842196e-01 1.43534613e+00 1.30016327e+00
    9.41797435e-01 -4.18419838e-02 1.72713065e+00 3.47559631e-01
    1.42820930e+00 1.02814364e+00 5.33683419e-01 8.96881223e-02
    3.99231970e-01 8.20340037e-01 1.46379852e+00 1.17233586e+00
    1.66126442e+00 -5.43839037e-01 1.11603594e+00 4.50809896e-01
    2.46425301e-01 5.24479330e-01 1.84749007e+00 5.20538688e-02
    1.26548147e+00 9.08192873e-01 8.03717971e-02 1.64420724e+00
    -2.48090863e-01 -3.41208249e-01 -5.85253716e-01 1.58255768e+00
    -1.21823370e-01 1.31262493e+00 -4.97495651e-01 1.10524380e+00
    1.35857558e+00 5.54718494e-01 -4.81971502e-02 1.87036800e+00
    -2.56565541e-01 3.95776689e-01 8.60434771e-03 1.86948895e+00
    -6.01411343e-01 -6.65112674e-01 1.04298615e+00 3.74800324e-01
    -5.32150209e-01 1.62892628e+00 -7.81059921e-01 1.26377106e+00
    1.12436175e-01 -4.01755899e-01 -5.23248017e-01 4.88218367e-01
    9.52707529e-02 1.41324532e+00 1.33623719e+00 7.87426233e-01
    7.02639580e-01 -6.59727991e-01 3.66209686e-01 5.65392315e-01
    1.55143404e+00 2.71042228e-01 1.81150854e-01 8.69383454e-01
    8.89441371e-01 1.45552707e+00 1.06435120e+00 4.32008147e-01
    4.53805864e-01 4.33849394e-01 7.28994787e-01 4.22949493e-01
    5.75224102e-01 1.30983472e-01 -3.30202818e-01 -5.41567922e-01
    3.33539128e-01 7.55007863e-01 5.28719187e-01 1.26597524e+00
    1.48888063e+00 1.11619341e+00 2.66237140e-01 -9.91064310e-02
    -2.60627627e-01 -4.30683136e-01 -5.89135051e-01 -6.86936796e-01
    1.19642472e+00 -6.63312912e-01 1.37405658e+00 1.72414160e+00
    5.69134533e-01 1.09098208e+00 -5.64703941e-01 1.03722429e+00
    1.76249230e+00 5.36008000e-01 1.19163561e+00 1.32544565e+00
    -8.68957281e-01 1.05803049e+00 1.66737056e+00 7.00651884e-01
    6.02187216e-01 1.49329543e-01 8.88908565e-01 1.23322761e+00
    1.46137786e+00 9.49959159e-02 4.33220863e-01 1.18722987e+00
    5.58658302e-01 -2.77652800e-01 9.53994989e-01 -5.86747706e-01
    8.05926681e-01 -5.39645433e-01 -7.29376614e-01 1.56376290e+00
    2.77735353e-01 1.27974153e+00 -7.75113702e-02 1.31092763e+00
    1.33493876e+00 1.35444987e+00 1.41651559e+00 7.98279643e-01
    4.80207741e-01 8.22571099e-01 5.49452484e-01 1.84617436e+00
    2.41617024e-01 1.07308340e+00 -5.96444070e-01 -5.22173405e-01
    5.42217612e-01 -7.11650431e-01 -5.53955197e-01 9.98919070e-01
    -4.87243086e-01 -3.07513803e-01 6.80034280e-01 1.56889033e+00
    1.41185784e+00 6.33257985e-01 -7.62634516e-01 1.74225736e+00
    1.42730665e+00 -5.96036315e-01 1.37409115e+00 1.02408266e+00
    -6.65290952e-02 1.91421747e-01 1.40230811e+00 7.26923764e-01
    -1.94842219e-01 -5.37403524e-01 1.34096384e+00 1.19825745e+00
    5.61870217e-01 1.66242015e+00 -3.49049658e-01 -2.43253469e-01
    5.32605290e-01 1.88638520e+00 2.45408356e-01 8.14975083e-01
    1.35734403e+00 1.30635345e+00 -1.10903978e-02 -4.23265398e-01
    4.84317362e-01 1.25336695e+00 1.03096890e+00 1.06973839e+00
    3.70783389e-01 -1.26965046e-02 1.61270201e+00 8.89122486e-01
    7.75867343e-01 1.46592975e-01 2.50430644e-01 5.06871581e-01
    1.43666756e+00 1.44494343e+00 5.08720398e-01 9.27610815e-01
    2.61797547e-01 9.29042339e-01 8.72667730e-01 1.45784450e+00
    5.95625103e-01 -1.47318482e-01 1.71855402e+00 -4.51132357e-01
    -2.30513513e-01 4.36725378e-01 1.09964108e+00 -4.98603284e-01
    7.66380429e-01 1.02517021e+00 -1.60461009e-01 1.31862617e+00
    5.92876434e-01 -6.95182383e-01 1.47004318e+00 1.65574932e+00
    7.75856733e-01 6.52915478e-01 -3.10435861e-01 1.48278666e+00
    -3.63247186e-01 -4.73945916e-01 8.42773318e-02 3.73838544e-02
    1.62716925e-01 -4.50149745e-01 1.07095981e+00 1.22188866e+00
    -1.99848652e-01 1.06690216e+00 -2.28441715e-01 1.79154158e+00
    1.36473465e+00 3.15058827e-02 7.78496146e-01 1.24126005e+00
    -5.10625660e-01 7.25757897e-01 2.98270643e-01 1.70038557e+00
    1.52908349e+00 4.99013782e-01 -4.43612009e-01 1.19588876e+00
    -1.81517541e-01 1.24932528e+00 -4.01283711e-01 1.55559456e+00
    -4.72074747e-03 5.22569716e-01 9.92286205e-03 -2.27871776e-01
    9.72519159e-01 4.23061371e-01 2.55929112e-01 3.07861567e-02
    9.29595351e-01 1.19394517e+00 4.80767667e-01 -1.14670575e-01
    -7.62636185e-01 -1.46185994e-01 1.15108395e+00 1.56586993e+00
    -3.14306170e-01 3.91093910e-01 -2.42111087e-01 1.43277121e+00
    8.74841988e-01 1.65695059e+00 -2.04321206e-01 -5.49089313e-01
    -7.97222972e-01 -1.72788680e-01 7.39097297e-01 1.34928203e+00
    1.91919947e+00 -1.72478437e-01 1.93295360e+00 2.69667596e-01
    -2.51721948e-01 7.56733596e-01 1.21312451e+00 4.96345162e-01
    4.57979679e-01 6.15465879e-01 5.84608436e-01 6.90534472e-01
    1.54523635e+00 9.16505694e-01 1.08988595e+00 -1.15135133e-01
    3.28814685e-01 -4.19967771e-02 -2.21459270e-01 1.32392478e+00
    -2.58790255e-01 8.20164204e-01 -5.51240623e-01 1.16005707e+00
    -4.20980155e-01 1.35063505e+00 1.24496281e+00 5.99278629e-01
    1.39194179e+00 -7.30036259e-01 1.33198810e+00 -7.70079434e-01
    1.47565889e+00 1.64289904e+00 1.52267957e+00 -7.70385742e-01
    3.52077007e-01 1.64602566e+00 3.54291677e-01 3.98499906e-01
    3.51367354e-01 1.49393904e+00 3.82914603e-01 1.29394650e+00
    1.71624112e+00 -5.01920581e-02 3.63766432e-01 -4.80810076e-01
    1.61939812e+00 1.37829626e+00 1.56594372e+00 7.38720238e-01
    -2.86428630e-01 1.68958211e+00 1.71755338e+00 3.49022865e-01
    3.38596344e-01 1.41231418e-02 1.41915214e+00 1.78435874e+00
    2.56766737e-01 4.30877984e-01 1.17715430e+00 1.44872344e+00
    1.00957274e-01 1.51114202e+00 1.64922440e+00 1.05173337e+00
    -6.90664291e-01 5.77833652e-01 1.42220855e+00 -1.30021036e-01
    3.10030699e-01 1.71110392e+00 1.48095655e+00 9.08549428e-01
    1.22112966e+00 6.75012410e-01 -2.44329572e-02 4.19343829e-01
    1.07682049e-01 1.13229704e+00 3.74242485e-01 3.90186369e-01
    1.31136179e-01 4.59197640e-01 -1.49892986e-01 2.84942925e-01
    7.55126536e-01 3.90789747e-01 7.85478473e-01 -8.77570689e-01
    -5.93025804e-01 1.44539332e+00 5.18697441e-01 1.31436467e+00
    -7.55007863e-01 1.79579914e-01 1.03537023e-01 1.31664610e+00
    1.16118634e+00 -7.58228004e-01 -3.95167172e-01 5.43187201e-01
    7.09464848e-01 1.07972097e+00 -4.87006247e-01 1.36575830e+00
    6.79155648e-01 5.65415323e-01 1.73811030e+00 4.31663156e-01
    -2.90599167e-01 1.26560736e+00 -6.77456677e-01 8.74909461e-01
    -2.80445337e-01 9.82037067e-01 -7.68889546e-01 1.11752105e+00
    4.41318810e-01 -1.37920201e-01 -5.88218927e-01 -4.36215311e-01
    1.35022366e+00 1.83409739e+00 -1.16388738e-01 6.46660030e-01
    2.27103829e-02 1.46857047e+00 1.37015283e+00 1.48825026e+00
    1.63873172e+00 1.18967056e+00 1.32088995e+00 3.12942028e-01
    1.79176044e+00 7.84450054e-01 1.63291812e+00 5.50237954e-01
    7.04347551e-01 2.65381813e-01 1.76390982e+00 3.58321786e-01
    8.61887574e-01 -2.35544384e-01 3.62767339e-01 1.86611128e+00
    7.48798907e-01 -2.84031868e-01 -2.51048207e-01 1.74704766e+00
    2.01529980e-01 5.37242115e-01 8.18677425e-01 -2.80727446e-01
    -2.58281887e-01 -5.44683099e-01 -5.65455854e-01 -2.52547264e-02
    -3.78281295e-01 7.81003654e-01 1.52308345e+00 -7.10563958e-01
    1.01733685e+00 -5.30787826e-01 5.81095099e-01 3.63045335e-02
    -2.86056817e-01 2.23513365e-01 1.14685476e+00 7.16276705e-01
    1.34596276e+00 1.22072387e+00 -1.07627869e-01 1.12817848e+00
    1.01326871e+00 -5.77730954e-01 -4.22536671e-01 2.27706730e-01
    1.76993918e+00 -2.39540040e-01 -7.63244331e-01 -4.92419064e-01
    2.88456678e-02 8.62812519e-01 -7.63248563e-01 6.13414764e-01
    4.67971563e-02 1.76429844e+00 1.44104600e-01 1.27587974e+00
    1.60332394e+00 6.36038303e-01 1.01246774e+00 1.07774651e+00
    7.38905668e-01 7.57332563e-01 1.45606494e+00 6.94594979e-01
    6.32194877e-02 -5.22816360e-01 1.37889624e+00 -9.15580988e-02
    1.44514573e+00 9.86515701e-01 1.12008619e+00 4.04612482e-01
    1.12764394e+00 -6.98124290e-01 8.75527680e-01 1.24575818e+00
    5.61764479e-01 2.60007083e-01 -4.63164806e-01 -6.47033215e-01
    9.11432803e-01 7.90246427e-01 -1.69469476e-01 9.30991173e-01
    7.01165736e-01 -5.56819439e-01 1.12738156e+00 1.64141405e+00
    1.32386923e+00 1.06405473e+00 1.56188703e+00 9.48094904e-01
    -3.00637305e-01 3.46921206e-01 1.62309468e+00 6.05211675e-01
    -5.93178391e-01 1.73981261e+00 1.47697997e+00 2.39604235e-01
    -6.93724215e-01 4.61066902e-01 -1.70238733e-01 1.17914104e+00
    -3.30969453e-01 5.29696643e-01 -6.21723592e-01 -5.05274534e-01
    6.90618157e-02 -6.32258773e-01 1.38128793e+00 -8.40822458e-02
    7.16801405e-01 1.39842534e+00 1.06081414e+00 -7.47258067e-01
    1.01594925e-01 1.77216315e+00 1.28622007e+00 1.02652144e+00
    8.17069590e-01 1.29446971e+00 2.85010278e-01 2.00263560e-01
    2.12466979e+00 2.01462936e+00 1.87258124e-01 1.10634375e+00
    1.04044700e+00 -6.10652149e-01 8.09430122e-01 -4.50544029e-01
    1.62196004e+00 1.69563484e+00 -4.76189464e-01 1.63305235e+00
    1.37221408e+00 6.40500069e-01 1.79948282e+00 -8.27305913e-02
    -4.16625172e-01 -3.96401137e-01 3.18415463e-01 -4.67416942e-01
    9.85258222e-02 1.10350347e+00 1.19221258e+00 8.22894752e-01
    5.78649580e-01 1.69007444e+00 1.33484542e-01 9.24090147e-01
    9.70116138e-01 1.61812150e+00 -2.53143251e-01 1.67035675e+00
    1.67754412e+00 -7.37783551e-01 1.47586656e+00 -3.43999922e-01
    2.63259113e-01 -9.55697894e-02 1.12262893e+00 7.83147275e-01
    7.36163795e-01 9.14544225e-01 -4.04219121e-01 -7.68100798e-01
    2.74617076e-01 2.69654810e-01 7.06629515e-01 5.62794507e-01
    4.23788011e-01 1.57454395e+00 -6.35140657e-01 -6.64060712e-02
    1.33705735e+00 -2.70083845e-01 1.62269759e+00 5.75862348e-01
    3.81044865e-01 1.68301809e+00 3.29276085e-01 1.01046693e+00
    3.58059049e-01 -2.92711735e-01 -8.21037412e-01 4.50835705e-01
    8.90567899e-01 -4.81053591e-02 -5.22933483e-01 -1.54484928e-01
    -8.38400960e-01 -8.71125698e-01 2.50511289e-01 5.50097167e-01
    1.58163691e+00 1.47825670e+00 -5.72332740e-02 8.78160596e-02
    -6.12787127e-01 -3.89123499e-01 5.97754896e-01 7.32882440e-01
    -2.07390189e-02 2.99245596e-01 8.67100775e-01 1.42685962e+00
    -4.98561561e-01 1.07633781e+00 -8.85510862e-01 1.24943733e+00
    1.27816582e+00 7.07647443e-01 1.59271216e+00 7.98182070e-01
    6.49030209e-02 -2.62675285e-01 -4.71006602e-01 -5.77174127e-01
    -6.72012568e-01 1.34954643e+00 1.63694632e+00 5.66321015e-01
    6.58494413e-01 6.16524160e-01 8.40203166e-01 -2.58925438e-01
    2.35628724e-01 8.41479063e-01 1.16941452e+00 -6.77959561e-01
    1.44089150e+00 -6.15567029e-01 1.59516585e+00 -2.06505835e-01
    -1.36046052e-01 6.27805293e-01 5.09912789e-01 1.69313240e+00
    2.58181691e-01 1.09896493e+00 1.52378392e+00 6.57010078e-03
    4.53245342e-01 -2.18473077e-01 -3.27136010e-01 1.67201042e+00
    6.28213525e-01 9.00836706e-01 -4.28163171e-01 4.05937135e-01
    -4.55026865e-01 1.52574444e+00 6.66579723e-01 1.12172997e+00
    4.45783854e-01 -3.12508345e-01 7.82796383e-01 1.53714657e+00
    5.48411191e-01 9.34693396e-01 -3.49064112e-01 1.70929432e+00
    9.50855434e-01 -6.83160722e-01 -2.94382751e-01 1.45943761e-01
    1.67965364e+00 -6.97594523e-01 1.02449393e+00 1.46748734e+00
    -3.91906977e-01 1.80027223e+00 6.86098099e-01 1.08687997e-01
    1.18161952e+00 1.10006750e-01 6.41751349e-01 4.37920272e-01
    -2.47849464e-01 -3.45373154e-03 1.76016963e+00 1.53645027e+00
    1.55824423e-03 -3.70439082e-01 -6.52929246e-01 1.39790404e+00
    -5.21020532e-01 1.82653332e+00 3.02146077e-02 5.97694874e-01
    6.55297697e-01 1.00503469e+00 2.57979155e-01 2.19520986e-01
    -5.00603378e-01 1.48581743e+00 9.68458652e-02 -6.26906157e-02
    1.74968994e+00 1.71182072e+00 -2.23402858e-01 3.40054333e-01
    1.31114125e+00 -1.51442707e-01 3.07574868e-01 -3.46232414e-01
    1.68608713e+00 1.64948511e+00 5.69812298e-01 2.44538665e-01
    -3.96105498e-01 9.29253399e-01 1.21929717e+00 -2.54421592e-01
    1.80045223e+00 1.63405454e+00 -2.04388320e-01 1.03132415e+00
    1.83378887e+00 -2.90782005e-01 -2.95259297e-01 5.98916471e-01
    -1.20209634e-01 7.31257975e-01 1.67629600e+00 -6.04500532e-01
    1.07727528e+00 -3.08429390e-01 -4.49679047e-01 -4.19833153e-01
    9.49283838e-02 1.32224417e+00 3.22657168e-01 2.57702351e-01
    -4.26934421e-01 1.07735634e+00 1.18921995e-01 5.08638859e-01
    -7.98591673e-01 1.32004094e+00 1.15600693e+00 1.59830010e+00
    3.22821736e-02 1.40454233e-01 1.75873637e-02 1.09899879e+00
    -3.24593067e-01 1.82584858e+00 7.87858009e-01 1.37657523e+00
    -5.53487539e-01 -5.74702978e-01 1.72894192e+00 -5.14034092e-01
    1.30437648e+00 1.60180926e-01 8.10872674e-01 -1.45875692e-01
    -4.58074152e-01 1.33478498e+00 2.88012683e-01 5.51465213e-01
    1.33688998e+00 -4.31471109e-01 -2.38605738e-02 -6.73705220e-01
    4.00841773e-01 8.52689147e-01 1.36174083e-01 1.39202762e+00
    -6.83421731e-01 1.57785535e+00 -4.31299210e-04 6.02810860e-01
    1.13456440e+00 1.19000888e+00 3.86668444e-01 1.27371907e+00
    1.67085099e+00 -2.18477845e-02 1.87997270e+00 -4.40449148e-01
    1.93720102e-01 2.01105237e-01 -7.92353868e-01 1.76000011e+00
    1.45276451e+00 -7.53380358e-01 7.39051819e-01 -7.61432886e-01
    9.65605021e-01 1.55250478e+00 7.01551139e-01 -1.14340425e-01
    -5.99529505e-01 6.87982559e-01 -2.45793909e-01 1.63673460e-01
    1.45561337e-01 -3.03741455e-01 1.03619862e+00 1.27159595e+00
    1.71328044e+00 -5.48324585e-01 -5.46338439e-01 2.74695694e-01
    7.30870545e-01 1.76725435e+00 -4.83129382e-01 2.24374771e-01
    -4.32502419e-01 3.54122818e-01 9.07933116e-02 1.84214568e+00
    4.73158717e-01 1.25783229e+00 8.34706426e-01 1.31827819e+00
    1.56186771e+00 1.44851804e-01 7.73033679e-01 -3.96357775e-02
    1.20233715e+00 -3.21564406e-01 -8.68330598e-02 1.51539385e-01
    1.51640606e+00 -6.70119584e-01 9.24846530e-01 6.48147345e-01
    -6.19798064e-01 6.30143106e-01 1.57392442e-01 6.91019595e-01
    1.49463618e+00 1.03900671e-01 1.29435945e+00 -6.51970506e-02
    1.45086694e+00 8.88701558e-01 -6.94487453e-01 1.06484652e-01
    1.04226136e+00 1.21258307e+00 9.93115246e-01 1.55742407e+00
    -4.95681077e-01 1.44578195e+00 1.45386171e+00 1.30276704e+00
    1.61449909e+00 -8.23956728e-03 1.06472731e+00 6.61470532e-01
    6.13207519e-01 -4.77939874e-01 -3.23994160e-01 -1.53266668e-01
    -2.32751071e-01 4.57717836e-01 5.02854228e-01 4.84874964e-01
    -4.90414858e-01 1.62109900e+00 1.21346211e+00 -6.51155829e-01
    1.53861952e+00 1.43553209e+00 1.00024605e+00 6.60083890e-02
    1.20404935e+00 3.30609977e-01 -3.76918793e-01 -1.98633552e-01
    8.69952440e-02 -1.90956891e-01 5.71968615e-01 1.78756762e+00
    5.20465970e-02 -1.52670085e-01 -1.95454240e-01 -5.04470289e-01
    4.81861234e-01 6.20006502e-01 1.35682821e+00 7.64496624e-01
    1.00992906e+00 7.90848672e-01 -3.25649083e-01 5.77821136e-01
    8.59092414e-01 -5.15620708e-01 8.46258283e-01 -4.16238546e-01
    -1.56517446e-01 5.33994198e-01 8.82517457e-01 -5.69401026e-01
    1.11321950e+00 -2.52046406e-01 -1.58207655e-01 1.39351833e+00
    -1.31995797e-01 -1.83118641e-01 5.01860142e-01 1.22812653e+00
    -3.37282896e-01 4.45199609e-01 5.61382532e-01 1.59232807e+00
    -3.90162766e-01 1.20389450e+00 3.42642546e-01 9.13822770e-01
    9.59821820e-01 -2.00706720e-03 1.49062848e+00 9.65663075e-01
    -2.46476114e-01 4.74521160e-01 1.19106364e+00 1.58292043e+00
    -7.10775912e-01 1.39368749e+00 8.76303554e-01 1.73824620e+00
    -4.79626656e-02 1.19378352e+00 1.13542795e-01 -2.76621759e-01
    2.55313754e-01 -3.71105820e-01 -4.16285813e-01 1.17150354e+00
    2.98177421e-01 6.30755484e-01 -1.12965047e-01 1.40004718e+00
    4.52949107e-01 5.17619967e-01 1.17054164e-01 -1.84451044e-01
    4.68037724e-01 1.38492334e+00 1.20619857e+00 1.79752767e-01
    2.67657459e-01 -7.47366846e-01 -5.02659619e-01 -4.73895669e-02
    -1.47282481e-02 1.25110149e+00 6.72482908e-01 -3.98849905e-01
    1.68420601e+00 1.24918997e-01 1.86359346e-01 4.70825493e-01
    1.49226832e+00 4.91239190e-01 1.24335432e+00 1.37427688e+00
    1.68659806e+00 5.71176112e-01 7.36316085e-01 -1.47691011e-01
    -6.71498954e-01 -8.07453036e-01 1.38750648e+00 -3.98720562e-01
    -7.87256241e-01 -3.15568388e-01 7.64695466e-01 -1.64527655e-01
    6.07271731e-01 -5.90354383e-01 1.15334129e+00 5.76067030e-01
    -5.79862356e-01 2.02764630e-01 -3.91237915e-01 1.66058064e+00
    1.62675643e+00 -5.35357177e-01 -3.85472119e-01 1.16026342e+00
    -6.98999405e-01 2.98821092e-01 1.08183599e+00 9.40439284e-01
    7.83962905e-01 8.23428929e-01 2.41420507e-01 -3.85098994e-01
    1.97519124e-01 -8.95780921e-02 2.36076593e-01 1.61395597e+00
    2.32553124e-01 -5.56168079e-01 7.93556452e-01 -3.81508231e-01
    1.93307877e-01 1.68265319e+00 8.71532738e-01 -6.69231415e-02
    8.78109455e-01 9.61630702e-01 1.47405100e+00 -4.87753093e-01
    1.06936550e+00 1.46501112e+00 -5.41479886e-01 1.27743840e+00
    -3.78148586e-01 1.54058576e+00 -9.30870175e-02 4.48726773e-01
    1.18995202e+00 1.03901076e+00 5.62046349e-01 1.18675387e+00
    -4.81713682e-01 5.04853964e-01 -7.74828017e-01 3.67493033e-01
    -8.47737908e-01 2.46247113e-01 -7.13840723e-01 -6.67856574e-01
    1.87434387e+00 2.05053473e+00 -6.69280589e-02 1.17047453e+00
    3.59978616e-01 -3.47557843e-01 9.19153452e-01 1.33064389e-02
    1.13672924e+00 6.02634192e-01 1.42703724e+00 -2.42554605e-01
    -3.96838337e-01 5.89489579e-01 3.01440716e-01 2.45485365e-01
    7.80569315e-02 -6.99379921e-01 8.03021848e-01 -7.43280768e-01
    -4.53056574e-01 8.51223648e-01 1.23374677e+00 -1.26946926e-01
    -4.86350089e-01 1.08610749e+00 -2.10923612e-01 1.81682992e+00
    2.50344574e-01 4.48619246e-01 1.21248651e+00 1.26356018e+00
    8.19618106e-01 9.55636621e-01 -2.13698268e-01 -4.46061164e-01
    -2.03740537e-01 7.49362409e-01 -4.43111837e-01 8.45258117e-01
    -3.75153810e-01 -4.01262134e-01 -7.62928426e-01 1.07689977e+00
    5.10516465e-01 1.63791633e+00 9.35047865e-01 4.56061602e-01
    8.47162068e-01 1.03504682e+00 1.49978924e+00 1.04848623e+00
    1.22114229e+00 -3.34384620e-01 -1.46044374e-01 5.53346813e-01
    -3.08202565e-01 1.80512846e-01 7.07151592e-01 9.45770860e-01
    1.30300355e+00 1.65450287e+00 1.83439016e-01 -1.88998699e-01
    4.88808513e-01 1.81788945e+00 1.52343929e+00 -7.41844296e-01
    2.20403254e-01 9.40722108e-01 1.09939992e+00 4.71228957e-01
    1.79761767e+00 -3.07643652e-01 6.78166926e-01 -3.54409933e-01
    -8.43816221e-01 8.85870695e-01 1.04760051e+00 1.09129190e+00
    -3.49272728e-01 -6.83515191e-01 5.28825998e-01 4.50923979e-01
    1.77029133e+00 -4.11689788e-01 1.71470594e+00 1.70077348e+00
    -1.16664410e-01 6.02126956e-01 -2.05330193e-01 2.20217586e-01
    2.65677691e-01 5.51446795e-01 -5.26840329e-01 1.76477075e-01
    7.14355588e-01 -4.28474635e-01 3.43163013e-02 1.36997020e+00
    -3.22425067e-01 1.07799065e+00 1.50419617e+00 1.60852289e+00
    -7.22620785e-01 1.84988499e+00 6.14524066e-01 1.10513425e+00
    -3.30058038e-01 1.00492167e+00 -5.66937625e-01 -7.43204176e-01
    1.50665140e+00 2.00641632e-01 1.25140250e+00 7.61636853e-01
    1.77238417e+00 -4.33882892e-01 2.59943962e-01 1.47853112e+00
    3.16595137e-01 1.44917679e+00 -3.26505721e-01 4.44900692e-01
    1.49324250e+00 1.29993558e-02 -5.27849197e-01 -1.16248906e-01
    1.28015447e+00 5.74032068e-02 1.59533668e+00 -6.34739399e-02
    4.41965103e-01 1.78741956e+00 2.00244665e-01 -6.31568193e-01
    1.41969013e+00 6.68391049e-01 9.61283028e-01 -2.85849810e-01
    -2.29544222e-01 9.60758269e-01 8.06993365e-01 -6.11456633e-01
    1.75320554e+00 -6.89997017e-01 -3.11819732e-01 4.08972383e-01
    8.48559618e-01 -4.93288130e-01 -1.67725086e-02 7.56954730e-01
    -2.93492019e-01 6.42314374e-01 9.89423692e-01 7.75583386e-01
    9.22693431e-01 9.88833129e-01 5.31071663e-01 7.74851918e-01
    1.59365869e+00 7.03070939e-01 -6.57661200e-01 6.13629103e-01
    1.05957508e+00 -6.50406659e-01 -7.02660799e-01 -6.02036715e-03
    1.55650377e+00 1.30408716e+00 -4.27358449e-01 9.00017738e-01
    7.11880684e-01 -1.04537606e-01 1.26499867e+00 1.59159184e+00
    1.54715395e+00 1.40060723e-01 9.00146663e-01 -7.85917699e-01
    -8.03538144e-01 1.31743002e+00 1.81161118e+00 1.33067822e+00
    1.22252750e+00 1.29360759e+00 -8.00256908e-01 1.70740998e+00
    -1.17913663e-01 3.89200151e-01 -6.81903541e-01 -6.98021233e-01
    1.01963758e-01 1.61979461e+00 1.27723837e+00 -7.52624631e-01
    8.77973199e-01 -7.82773793e-01 6.02687657e-01 -5.86532056e-01
    -5.05505681e-01 1.54881406e+00 -4.35370713e-01 -3.48662347e-01
    -7.61117935e-01 -4.95221525e-01 6.25793457e-01 3.62678766e-02
    8.16246986e-01 -2.50424743e-02 -6.05479956e-01 7.90724039e-01
    7.50058234e-01 -1.12079263e-01 3.08973789e-01 1.29594660e+00
    1.48549318e-01 1.67494893e+00 -2.81779468e-01 6.25480473e-01
    -2.36875594e-01 3.34269166e-01 1.43011820e+00 5.44430792e-01
    2.49570191e-01 3.43299866e-01 1.08026087e+00 1.11555278e-01
    1.83178067e+00 1.58046520e+00 -3.82788330e-01 -4.03847545e-01
    1.45400882e+00 9.50437188e-02 -6.79510176e-01 1.53883004e+00
    -4.23810124e-01 9.59188402e-01 4.37863827e-01 1.51458573e+00
    7.38934040e-01 9.83605921e-01 5.18828034e-01 1.51873469e+00
    1.37397718e+00 5.04988432e-01 -6.90131664e-01 -2.88842678e-01
    7.38838911e-02 1.38721704e+00 -4.01251912e-01 4.23888683e-01
    1.74292254e+00 -5.08995056e-01 3.41149569e-02 7.33251154e-01
    1.14362049e+00 5.79461634e-01 1.03999913e+00 -1.60553008e-01
    8.25909138e-01 8.17023456e-01 1.80730581e+00 -3.03602457e-01
    1.48552871e+00 1.21441460e+00 8.13386619e-01 1.23499870e+00
    3.00828874e-01 -4.54137743e-01 1.51492000e+00 -1.75073266e-01
    1.12857985e+00 -6.73648000e-01 7.21467137e-02 1.32458448e+00
    -4.67849791e-01 -5.67740321e-01 1.78823686e+00 -4.77957040e-01
    1.88939118e+00 -2.59808898e-01 -5.93846917e-01 6.13430500e-01
    -1.92885756e-01 2.47065783e-01 1.17080879e+00 -5.80070674e-01
    1.75750446e+00 1.83070564e+00 1.65893483e+00 -6.02461338e-01
    -5.05612433e-01 5.79417586e-01 -6.37528419e-01 -6.86515927e-01
    7.47261047e-02 -3.25273156e-01 2.91145146e-01 1.23890996e+00
    -8.18611562e-01 4.68448997e-01 9.67346489e-01 1.38662744e+00
    -4.15839583e-01 1.25262117e+00 2.80094206e-01 1.71840596e+00
    1.29810500e+00 2.34453678e-02 1.60112166e+00 1.19136739e+00
    -2.43955553e-01 8.63289118e-01 -4.28765029e-01 2.71507621e-01
    -8.44814539e-01 -4.28889304e-01 -3.18924904e-01 3.97993028e-01
    -4.53711033e-01 1.14323521e+00 1.46777177e+00 -4.04793054e-01
    7.76453555e-01 6.10071182e-01 1.18198371e+00 -6.72786832e-01
    2.74389625e-01 1.08822536e+00 1.41968775e+00 1.65720010e+00
    -8.76186073e-01 -4.40789074e-01 4.07087803e-01 1.39874792e+00
    -1.29559577e-01 7.47044623e-01 1.33784854e+00 -6.98796093e-01
    7.29421318e-01 1.54848576e+00 -4.95856911e-01 1.71206021e+00
    1.39120615e+00 1.82673812e-01 -1.68560624e-01 -8.18024874e-02
    1.60573626e+00 5.86559117e-01 5.96928716e-01 1.20586419e+00
    1.74376774e+00 2.32434332e-01 1.30458486e+00 1.31793940e+00
    2.81448960e-01 -2.74528146e-01 2.71425009e-01 2.58230031e-01
    -4.03479397e-01 1.21159351e+00 -4.34637845e-01 1.04214263e+00
    5.79965115e-02 1.37123775e+00 3.70906234e-01 -7.71134377e-01
    2.29091465e-01 9.77439284e-01 1.85347080e-01 -1.13284588e-03
    1.13289237e+00 -6.60112917e-01 -1.64354503e-01 -3.33038926e-01
    8.18892896e-01 -2.43003249e-01 4.27506566e-01 1.55200624e+00
    1.57101691e-01 1.72371304e+00 7.17674434e-01 4.87881422e-01
    3.12884510e-01 4.96307909e-01 -6.44943297e-01 1.43041384e+00
    -3.75989556e-01 -5.69193959e-01 -3.48971903e-01 -9.36260819e-02
    3.06245863e-01 3.65217388e-01 -1.80042624e-01 1.08289814e+00
    1.69863379e+00 9.93237972e-01 -8.26383352e-01 -7.98081398e-01
    -5.27111292e-01 3.33856463e-01 9.79842126e-01 1.06178141e+00
    1.60122418e+00 3.86508524e-01 6.51407957e-01 -3.90005767e-01
    1.37943864e+00 7.88565338e-01 -5.05007029e-01 -6.39388680e-01
    8.22850108e-01 1.30793989e+00 1.12766433e+00 1.13865197e-01
    1.43615413e+00 -2.76727080e-01 -3.28117073e-01 1.65660810e+00
    1.16392183e+00 -5.47246337e-01 1.04734349e+00 5.74652731e-01
    6.00811601e-01 1.41013622e+00 1.30899942e+00 -5.51386774e-01
    -3.57789159e-01 1.45454216e+00 8.81310463e-01 1.60805833e+00
    4.90444720e-01 5.92189610e-01 5.55772364e-01 1.99884713e-01
    -1.50357068e-01 -2.27380931e-01 1.37282693e+00 -3.56615543e-01
    4.33395028e-01 1.18348241e-01 1.48599315e+00 1.08436704e+00
    1.10190082e+00 2.34952271e-01 -8.52725685e-01 -2.53566980e-01
    9.53778327e-01 -1.56066000e-01 8.13910663e-01 5.16381979e-01
    1.49015427e+00 -7.68278062e-01 9.76856947e-02 -1.37033939e-01
    8.49291742e-01 8.61559033e-01 8.37876320e-01 3.49707901e-01
    1.37121475e+00 -2.69029737e-02 -1.34517789e-01 3.46777380e-01
    9.05399323e-01 6.42931104e-01 1.49098873e+00 6.02556646e-01
    -5.55120945e-01 2.79270053e-01 1.31855464e+00 -4.23402846e-01
    -1.01278186e-01 1.35786223e+00 -1.35588646e-02 4.96133089e-01
    1.64634705e+00 -1.96971178e-01 -1.19035304e-01 1.95369959e-01
    5.76585293e-01 9.81167495e-01 5.20609975e-01 4.20256019e-01
    -2.02219009e-01 1.53417468e-01 -1.90779090e-01 1.42135811e+00
    -3.20205450e-01 6.28039598e-01 4.94846165e-01 -7.31772542e-01
    -1.82037592e-01 1.63365114e+00 1.44550920e-01 4.07195091e-03
    1.58471966e+00 -2.38604069e-01 -2.31563032e-01 -2.93365121e-02
    3.52274656e-01 1.46184611e+00 1.33946466e+00 1.59136331e+00
    -3.91955882e-01 1.47751546e+00 1.56352448e+00 3.79361868e-01
    1.69849634e+00 -2.69612014e-01 3.22642803e-01 -8.84447098e-02
    -4.09255624e-02 -3.48060489e-01 1.68937409e+00 -1.59092247e-01
    6.79188251e-01 -2.48196125e-02 -4.90711898e-01 -2.77426451e-01
    6.02254152e-01 -1.63451850e-01 8.57106507e-01 8.12351584e-01
    1.14735341e+00 1.65004015e-01 6.78277791e-01 -2.39171863e-01
    5.57998419e-01 -4.55418676e-01 1.72748017e+00 1.55810785e+00
    -1.95635259e-01 1.12708545e+00 1.77079868e+00 -5.66959918e-01
    1.60021591e+00 -7.14322329e-02 -7.05804348e-01 -5.20345569e-01
    1.42579985e+00 -3.50837111e-01 9.76731777e-01 -8.41320455e-01
    1.17329407e+00 9.36714530e-01 -2.67339468e-01 9.27393019e-01
    1.32740855e+00 7.98542500e-02 7.86765635e-01 -6.01517737e-01
    5.44943750e-01 -1.53616190e-01 -2.01884210e-01 6.52595580e-01
    1.29464340e+00 -4.86477137e-01 -4.59204465e-01 -4.20485646e-01
    8.90564859e-01 -1.50089204e-01 1.34761095e-01 -6.87132478e-01
    -4.12524670e-01 -7.51212716e-01 -1.26863718e-02 8.23338330e-01
    -3.33560467e-01 5.90431869e-01 1.16719270e+00 1.28603649e+00
    1.06651902e+00 1.22630024e+00 7.29269087e-01 1.08752751e+00
    1.58151925e+00 -5.59735775e-01 -2.21505940e-01 1.29896283e+00
    -6.75473213e-01 1.66543841e-01 1.56235385e+00 1.65885091e-01
    -1.51253045e-01 6.47461116e-01 9.70936418e-01 1.56237102e+00
    1.78330815e+00 1.09784484e+00 1.27303517e+00 -6.14462793e-01
    1.54355621e+00 -7.03904033e-02 -4.82711911e-01 1.52325153e-01
    -8.11677098e-01 -9.11148190e-02 -3.93493563e-01 9.37576473e-01
    1.01423025e+00 1.44492042e+00 3.17381322e-01 6.65572524e-01
    -7.88673639e-01 1.15843248e+00 1.07413650e+00 1.61648452e-01
    1.33849061e+00 -6.21077597e-01 -7.24093080e-01 1.84319925e+00
    1.80836105e+00 6.81042671e-01 1.31119108e+00 5.33201337e-01
    1.49567652e+00 9.21542883e-01 2.54184246e-01 1.25754392e+00
    1.25069022e+00 -5.53809762e-01 1.60741508e-01 1.14218545e+00
    1.76152289e-01 1.75338984e+00 -1.79381073e-01 1.35332537e+00
    1.67191482e+00 4.33882952e-01 9.85288620e-03 -7.73794174e-01
    9.56070364e-01 1.79509866e+00 7.62717009e-01 -6.71982646e-01
    1.17715752e+00 1.01820898e+00 -7.73165226e-02 1.58991671e+00
    -2.64436394e-01 1.70284152e-01 -2.94748187e-01 1.21262574e+00
    -1.82645679e-01 4.75756407e-01 -5.93713403e-01 6.57657206e-01
    -4.55778360e-01 1.03713644e+00 1.25874257e+00 1.55644631e+00
    -1.51284337e-02 1.74097943e+00 1.23222220e+00 9.66638982e-01
    8.84653807e-01 4.04817164e-01 1.99865341e-01 8.26445162e-01
    -8.02102685e-02 1.70694137e+00 -5.73633075e-01 -6.65233135e-01
    1.67208552e+00 -5.22122264e-01 1.24615312e+00 7.23787010e-01
    5.09764671e-01 -4.45386112e-01 1.28202772e+00 6.86974525e-01
    1.21583021e+00 1.53473723e+00 -6.66968644e-01 8.82883489e-01
    1.44482970e+00 -4.82002228e-01 -3.86445343e-01 -7.14804590e-01
    3.91798615e-01 1.66413546e+00 2.01226354e-01 5.14160156e-01
    7.61016726e-01 -7.54432738e-01 4.71508563e-01 1.56522989e+00
    1.01399851e+00 -1.77524745e-01 -4.46906388e-01 7.78018534e-01
    -3.05484056e-01 -4.28333133e-01 -3.01203132e-01 6.40216887e-01
    1.47767806e+00 1.42993116e+00 7.68637657e-01 1.48119998e+00
    1.28241277e+00 1.68961978e+00 -3.75499845e-01 -5.80970645e-01
    -2.47514844e-02 1.53808701e+00 1.31428552e+00 1.45707250e+00
    7.55595565e-02 1.58370018e+00 1.80334198e+00 1.05651855e+00
    3.23419094e-01 6.61452413e-01 1.49686289e+00 1.79098904e-01
    3.56286764e-02 1.83085132e+00 -6.24904454e-01 5.40721416e-01
    1.10032630e+00 2.21774936e-01 1.05348289e+00 1.37731671e+00
    -4.24229652e-01 -7.45185733e-01 -2.23240435e-01 -2.85531342e-01
    1.73537242e+00 -6.20062709e-01 4.93387580e-01 -1.63817465e-01
    1.42184091e+00 1.59063888e+00 -1.51163876e-01 2.15788960e-01
    1.54778218e+00 -7.56510675e-01 -5.53746223e-01 1.12472534e+00
    -7.14071810e-01 -3.63728613e-01 1.03094530e+00 2.23674178e-02
    -3.00305963e-01 8.77396703e-01 7.41080821e-01 2.14783669e-01
    3.30438018e-02 4.96804714e-03 1.39719224e+00 1.15472233e+00
    5.49785376e-01 -1.81883395e-01 1.71668005e+00 1.45991564e+00
    -4.16734219e-01 -6.16877556e-01 -6.22736990e-01 -3.30297768e-01
    3.81880224e-01 1.80164587e+00 1.51049852e+00 1.49053669e+00
    1.80778837e+00 4.55293775e-01 4.69011724e-01 3.69491577e-02
    -3.19006562e-01 1.73179233e+00 5.03727138e-01 -3.63083005e-01
    4.29600865e-01 1.08011544e+00 8.66144896e-01 1.79889750e+00
    1.29658437e+00 1.80757821e-01 -1.38123274e-01 9.74604189e-01
    -1.60487235e-01 3.74473751e-01 1.70532477e+00 -6.35322988e-01
    2.32483506e-01 1.35406542e+00 1.12438107e+00 2.60914564e-01
    6.23722851e-01 7.85898209e-01 -2.19727159e-01 -7.61058331e-02
    9.36361849e-01 1.38306439e+00 -7.08202362e-01 8.35202396e-01
    6.83201432e-01 2.46581197e-01 -7.59753764e-01 4.70209301e-01
    1.02456748e-01 -6.52652502e-01 -7.82576621e-01 1.59183931e+00
    3.06648552e-01 -4.96567756e-01 1.77155280e+00 1.61277330e+00
    1.85372782e+00 1.69200850e+00 4.78969812e-01 1.09561622e-01
    5.86640060e-01 1.06766522e-01 3.17578733e-01 -1.81991935e-01
    -7.41062701e-01 -3.61238807e-01 7.65079498e-01 1.72594190e-01
    3.81301045e-01 1.58173871e+00 9.77001786e-01 9.55289245e-01
    7.46303201e-01 1.61147380e+00 6.44089460e-01 -3.67041290e-01
    6.89918578e-01 4.44749415e-01 -4.24883246e-01 1.04077101e+00
    -7.09570050e-01 5.76178551e-01 7.94984996e-01 -5.20583928e-01
    -4.76906240e-01 -6.43312931e-03 -7.42153347e-01 -4.83597428e-01
    2.54907548e-01 1.14812744e+00 1.61515808e+00 -5.25433779e-01
    1.07605290e+00 1.33100104e+00 9.10637975e-02 -6.55785859e-01
    1.03117883e+00 1.41747320e+00 1.65647507e+00 -1.70092046e-01
    9.73606706e-01 1.29062259e+00 1.54993486e+00 1.73519564e+00
    -6.79823220e-01 1.72890592e+00 6.17766082e-01 -5.83377719e-01
    -3.30735445e-02 1.60648847e+00 9.90540445e-01 1.06993318e+00
    -6.02623582e-01 1.08341837e+00 8.50956321e-01 -8.78153443e-02
    1.80991185e+00 8.58340621e-01 -1.31283879e-01 2.92913914e-02
    1.70480299e+00 8.13502610e-01 -1.44559860e-01 -6.65714204e-01
    9.52249885e-01 -7.12302923e-01 1.05856991e+00 5.54457307e-02
    -7.15228140e-01 -8.96478891e-02 4.89387512e-01 1.35883057e+00
    7.48112679e-01 3.41240168e-01 3.01625788e-01 1.17521811e+00
    9.42971110e-01 1.14645791e+00 9.78792250e-01 1.01975536e+00
    1.84106040e+00 8.12094033e-01 4.17302907e-01 1.83140516e+00
    -7.16128230e-01 7.78385937e-01 1.44672620e+00 1.44124317e+00
    6.96447670e-01 1.23803282e+00 -6.36420250e-02 -3.35973650e-01
    2.72033393e-01 -5.87656856e-01 7.39111304e-02 -2.51012027e-01
    1.69870830e+00 4.77117121e-01 -7.84740090e-01 -7.21625686e-01
    1.30375433e+00 3.47809970e-01 8.31748843e-02 6.43052638e-01
    1.77450597e+00 1.22277629e+00 7.03386009e-01 -3.09790790e-01
    2.17675447e-01 1.35101128e+00 7.96310067e-01 1.10028362e+00
    -7.29674101e-01 -8.30792367e-01 -2.75227427e-02 1.78439367e+00
    1.10913908e+00 1.50699580e+00 -3.50735992e-01 -9.75558162e-02
    -3.36980253e-01 9.64468718e-01 -1.47805810e-01 -6.92181408e-01
    -6.74380839e-01 5.65431654e-01 1.73064590e+00 1.34516406e+00
    8.28299344e-01 -1.64875388e-02 1.77203274e+00 2.73415625e-01
    -7.45722651e-01 7.06721127e-01 -6.41312838e-01 1.68967843e-02
    3.47479761e-01 -1.76276505e-01 1.33735156e+00 5.33676386e-01
    7.42687464e-01 -4.30017322e-01 1.49313116e+00 1.64097548e-01
    1.68227136e+00 -4.90120292e-01 4.11702693e-01 1.80090237e+00
    1.80541396e+00 -4.16186064e-01 4.83911157e-01 5.01842141e-01
    1.57405758e+00 2.45515525e-01 6.11520767e-01 -3.18803251e-01
    1.46714509e+00 4.15369987e-01 6.36941493e-01 1.74687600e+00
    1.23488998e+00 3.78343821e-01 1.07269573e+00 1.38088620e+00
    1.75634289e+00 6.83229625e-01 8.15384984e-01 5.96390903e-01
    6.93037629e-01 1.36828303e+00 -6.29578531e-01 1.29199862e+00
    1.13867211e+00 -7.13344932e-01 -5.04964471e-01 1.06026912e+00
    1.49264669e+00 1.55847549e+00 1.56945884e-01 7.84739852e-01
    5.29121399e-01 6.37098491e-01 -7.00857759e-01 1.33967233e+00
    1.33586586e+00 3.64720821e-03 -9.00734663e-02 -4.41129535e-01
    -3.03762197e-01 1.67149472e+00 9.99413073e-01 1.02594137e-01
    1.47574806e+00 -2.56124437e-01 4.78611648e-01 -7.47078896e-01
    -1.77704692e-02 1.75634170e+00 7.34020114e-01 8.82866621e-01
    1.38342834e+00 -6.06588721e-02 -8.22794497e-01 1.07056499e-01
    1.74212050e+00 9.45295095e-01 1.63144231e+00 1.55778503e+00
    1.19483757e+00 3.39447618e-01 1.06370270e-01 -4.60459471e-01
    -2.79616594e-01 -1.77365154e-01 6.81962311e-01 2.94252336e-01
    1.20840418e+00 6.23003840e-02 -3.52088004e-01 8.99171829e-02
    1.05325818e+00 4.28936601e-01 -2.90922105e-01 -7.18141735e-01
    5.77767491e-01 -3.25598896e-01 1.63467741e+00 -6.54119313e-01
    1.29593372e+00 1.41658044e+00 1.42244172e+00 1.02663219e-01
    -3.00212979e-01 1.19017744e+00 1.25404894e-01 1.28589058e+00
    -4.30746675e-02 1.29385614e+00 -3.15221786e-01 3.40304434e-01
    -7.76980400e-01 1.46333838e+00 1.53553462e+00 -6.29208207e-01
    -7.74346709e-01 1.42482090e+00 1.14510489e+00 6.12233937e-01
    1.12813234e+00 -8.30500484e-01 -2.56171823e-01 1.39019847e+00
    5.24713814e-01 -2.86837518e-01 1.35215342e-01 1.30789280e+00
    1.31434429e+00 1.00287426e+00 3.63163531e-01 1.09442973e+00
    1.33293414e+00 -7.52534330e-01 1.68680048e+00 1.45252264e+00
    1.11474919e+00 1.04852223e+00 -5.99640667e-01 1.63761854e-01
    -4.57292795e-02 -7.73692608e-01 1.70142126e+00 -2.15817273e-01
    6.93426728e-01 -4.74537909e-01 -2.48274207e-01 -6.13173604e-01
    -6.17703915e-01 1.76144373e+00 1.32597280e+00 9.31491613e-01
    6.11651719e-01 7.25651622e-01 1.63507402e+00 8.26797009e-01
    -7.04656303e-01 6.05219185e-01 -3.22592616e-01 -4.24544573e-01
    -7.58769274e-01 1.23573470e+00 9.85483885e-01 1.26210761e+00
    1.46144378e+00 1.63066435e+00 -7.31655359e-02 1.71418118e+00
    5.66134512e-01 1.11180711e+00 -5.61181843e-01 9.49647009e-01
    1.21789265e+00 -2.54408300e-01 -5.93802691e-01 -3.87625426e-01
    3.62414479e-01 -6.45817578e-01 -1.62571728e-01 -6.17401600e-01
    1.04633451e-01 -6.08631432e-01 6.92210972e-01 5.48598528e-01
    4.84593868e-01 1.21463060e-01 -2.46149778e-01 1.50466907e+00
    -6.88647807e-01 3.79499257e-01 1.56212032e+00 1.18221951e+00
    3.56093645e-01 -6.41583323e-01 -8.12201381e-01 -7.57818997e-01
    -2.07830489e-01 1.71254110e+00 1.42457116e+00 5.35704136e-01
    5.20470083e-01 1.26388693e+00 -1.70277417e-01 1.17170453e+00
    -9.14308429e-02 2.65674949e-01 1.60685134e+00 -7.33672440e-01
    1.92078948e-02 5.42292893e-01 8.35801899e-01 -6.60979509e-01
    -1.03795826e-01 -3.37529093e-01 -7.19963253e-01 1.12215483e+00
    1.01665926e+00 -2.71310627e-01 1.08127117e-01 1.84966552e+00
    7.17721522e-01 1.80499434e+00 9.73221660e-02 3.96814167e-01
    6.26262665e-01 3.76116753e-01 1.51364279e+00 -3.39315891e-01
    -1.49509072e-01 1.43834436e+00 7.59696841e-01 1.36247516e+00
    1.49755454e+00 1.60755289e+00 9.94462371e-02 -5.56470096e-01
    -7.58274794e-02 -4.99955356e-01 4.87937093e-01 -5.02075076e-01
    1.01468742e+00 3.42578113e-01 1.65746331e-01 1.23287368e+00
    -5.13500333e-01 -2.89869308e-02 1.82427919e+00 1.49836886e+00
    -9.76176262e-02 -6.45124435e-01 1.06214333e+00 1.49180937e+00
    -8.90952945e-02 8.37164879e-01 -2.43352413e-01 6.17684424e-01
    1.31946003e+00 -2.81614602e-01 -2.36507773e-01 8.88908029e-01
    4.51180339e-02 5.12553573e-01 5.45997381e-01 -5.45198560e-01
    1.73179436e+00 1.68162632e+00 -4.92333174e-02 8.60755444e-02
    -8.40347588e-01 -8.50340426e-01 1.22862804e+00 1.31226385e+00
    1.79556656e+00 5.39472163e-01 1.29545641e+00 -2.55958438e-02
    -2.20649779e-01 3.78190696e-01 7.80978739e-01 2.86741078e-01
    1.38718271e+00 1.83070672e+00 -5.90821683e-01 1.68510640e+00
    9.71653402e-01 -4.44746405e-01 2.63270974e-01 1.39714742e+00
    -2.65695572e-01 8.61667395e-01 -5.66641688e-01 1.13441539e+00
    -5.65904379e-01 5.53124547e-02 1.53651917e+00 -3.44665766e-01
    3.58804822e-01 2.51191318e-01 1.45443320e+00 -6.39860630e-02
    1.14167273e-01 1.15454662e+00 1.30624557e+00 2.82249868e-01
    5.76162934e-01 -7.53710628e-01 4.93127167e-01 -8.41595650e-01
    8.88812482e-01 1.77877212e+00 8.44556689e-02 1.04076624e+00
    5.90204120e-01 1.40018821e-01 8.33293200e-01 4.08764064e-01
    8.27641904e-01 1.45323122e+00 1.40662277e+00 9.63141978e-01
    1.75302720e+00 4.03089583e-01 -6.11114740e-01 4.81639385e-01
    -8.28400493e-01 -3.43964100e-02 1.09792066e+00 -6.70224547e-01
    6.29488766e-01 -3.24925482e-01 -4.03508008e-01 9.86370444e-02
    4.83054519e-01 1.59520698e+00 9.08673882e-01 4.82891440e-01
    1.52340889e+00 1.51561809e+00 5.97189248e-01 1.25711465e+00
    1.56534469e+00 6.20962381e-01 -5.11244476e-01 1.60803795e+00
    1.86484349e+00 1.32981682e+00 1.68537247e+00 -5.99209964e-01
    -2.14181364e-01 1.54250145e-01 6.61304593e-02 -6.82421327e-02
    -1.04741871e-01 -5.99320292e-01 1.11079395e+00 1.11487865e+00
    8.14781249e-01 1.33589077e+00 1.66395438e+00 1.00251460e+00
    -3.97324562e-01 1.61285472e+00 1.51190591e+00 7.96554565e-01
    5.87342799e-01 1.60280550e+00 3.91457200e-01 -2.05799043e-01
    1.71092451e+00 -6.04767382e-01 1.04825068e+00 1.07025361e+00
    1.25198853e+00 6.65383041e-01 1.73050082e+00 1.60795331e-01
    -6.15705490e-01 6.38778269e-01 9.72037435e-01 8.36416125e-01
    1.59504592e+00 9.89674211e-01 5.41261673e-01 1.12136579e+00
    -5.88528097e-01 7.56044984e-02 -9.95916724e-02 1.15879011e+00
    1.11291468e-01 2.84924150e-01 4.78789389e-01 2.56339788e-01
    1.63303852e+00 1.18670034e+00 3.91070247e-02 1.34553146e+00
    9.94210780e-01 3.43438923e-01 1.56316841e+00 1.25217652e+00
    5.57686090e-01 6.51218593e-01 -8.13630104e-01 1.75403368e+00
    -7.06919014e-01 9.75840807e-01 1.15816855e+00 1.77429032e+00
    -2.29165256e-01 -4.38362718e-01 1.89782858e-01 1.98142171e-01
    1.74039590e+00 8.54039192e-01 -6.76967084e-01 1.69442987e+00
    4.10869718e-02 4.50187922e-01 1.08150637e+00 1.46228361e+00
    -5.73128700e-01 -7.94006944e-01 -8.50209475e-01 7.75418162e-01
    5.10210216e-01 5.99333107e-01 9.52281475e-01 1.49795365e+00
    1.53113723e+00 -6.08186126e-01 1.46853387e-01 1.14206791e+00
    1.49367404e+00 3.49233568e-01 -3.22332323e-01 1.26387691e+00
    6.50993109e-01 -7.23914862e-01 3.23231101e-01 1.46442413e-01
    -2.82462955e-01 7.79460847e-01 -1.85049534e-01 -2.18381464e-01
    1.76452708e+00 -6.26151681e-01 1.51106858e+00 1.63120627e+00
    1.49703097e+00 4.41611409e-02 -4.01014686e-02 1.33408070e+00
    -5.81270456e-02 4.48042274e-01 -3.31211954e-01 1.73749113e+00
    -3.44854385e-01 1.43983102e+00 1.33346033e+00 -3.66475284e-01
    5.00698090e-01 1.08491325e+00 1.41549063e+00 -4.51155007e-01
    -6.17631674e-01 1.44704056e+00 -6.23428643e-01 -8.07355702e-01
    8.19449246e-01 9.51058805e-01 -4.98112738e-01 -4.27192688e-01
    1.08009624e+00 7.58894682e-02 9.30408180e-01 -8.57654214e-02
    1.37058663e+00 1.27682590e+00 -3.72271329e-01 -7.87497878e-01
    5.32206476e-01 1.46937609e+00 -2.89787591e-01 1.33228815e+00
    -8.77952456e-01 2.97965407e-02 7.61848509e-01 -8.26125860e-01
    2.55082667e-01 1.72361255e+00 -1.80153549e-01 -9.12102461e-02
    1.45267856e+00 1.61030185e+00 -3.20398539e-01 1.42697096e+00
    8.62923026e-01 4.75211620e-01 9.48049068e-01 5.92961133e-01
    8.64013135e-01 1.14252293e+00 -4.07687038e-01 1.06486535e+00
    1.66677773e-01 9.19070661e-01 1.59306514e+00 -7.37299919e-01
    1.30701685e+00 1.02823973e-03 4.67025518e-01 -7.61938632e-01
    1.10482168e+00 1.14953423e+00 -8.22116733e-02 -5.01680017e-01
    6.65439308e-01 -2.58959651e-01 1.52642727e+00 -6.61674798e-01
    1.27792382e+00 1.79979098e+00 7.98660398e-01 6.26971185e-01
    -5.80268562e-01 -2.03911543e-01 -2.11266994e-01 3.09148431e-02
    8.55805457e-01 -3.18096876e-02 1.84223890e+00 -1.74402475e-01
    4.55402195e-01 5.02030373e-01 6.14778161e-01 1.79874182e-01
    -2.49453366e-01 -4.35657442e-01 -3.80210727e-01 8.58583689e-01
    4.15082574e-02 4.94754314e-03 -1.24963999e-01 1.04532254e+00
    8.03556621e-01 2.26583481e-02 1.22462487e+00 -3.21875989e-01
    -2.81865478e-01 -6.79609895e-01 1.25971866e+00 1.64871728e+00
    8.21529150e-01 7.41091430e-01 2.39556432e-01 1.21558976e+00
    1.46805930e+00 -1.57854259e-01 -1.04612350e-01 1.52424264e+00
    1.51276183e+00 -5.00198185e-01 -5.25777102e-01 7.04632699e-01
    1.56843364e-01 1.08460784e+00 8.83290768e-02 -3.55075240e-01
    3.72133851e-02 1.32375669e+00 1.69861615e-01 1.24560857e+00
    1.34779477e+00 7.55853653e-01 1.38309836e+00 1.13200879e+00
    -1.35841250e-01 4.59944904e-01 4.64678288e-01 8.50618184e-01
    6.78237557e-01 9.42098141e-01 1.81597495e+00 3.79961610e-01
    1.11459363e+00 7.05010533e-01 1.39408302e+00 1.73387671e+00
    -7.56980896e-01 -6.04222178e-01 -4.78993833e-01 -1.74701095e-01
    -8.68700147e-02 -7.94040143e-01 3.30843627e-01 3.70768487e-01
    9.66368079e-01 -1.68847501e-01 1.96417904e+00 3.82586896e-01
    1.41927087e+00 8.50885987e-01 1.12262785e+00 -5.87535501e-01
    1.66636026e+00 2.71044850e-01 -1.84413910e-01 -3.67108226e-01
    6.91629708e-01 1.62225246e+00 4.92832839e-01 7.37232268e-01
    8.98482203e-02 -3.37662399e-01 -3.37701440e-02 6.71265185e-01
    6.11461818e-01 3.43819439e-01 9.23797965e-01 1.32918656e-01
    -6.21942163e-01 5.27793884e-01 1.70862103e+00 3.32316816e-01
    -3.52795213e-01 2.71096230e-02 5.99297047e-01 6.02189958e-01
    1.67553806e+00 1.25567317e-01 8.65218639e-01 8.37539017e-01
    -6.72406077e-01 -3.65740955e-01 1.23680055e+00 6.64856672e-01
    1.31182146e+00 -5.37161469e-01 6.68176055e-01 2.12798834e-01
    -7.12459147e-01 6.11557186e-01 1.05726779e+00 7.69249141e-01
    7.31185555e-01 2.37359464e-01 -5.65718293e-01 1.83334613e+00
    1.67671323e+00 2.23598778e-01 1.15538895e-01 -2.94089437e-01
    1.09712791e+00 1.38615799e+00 8.82010937e-01 1.65866661e+00
    1.48283839e+00 6.15597069e-01 9.00511920e-01 5.43594956e-02
    1.45133424e+00 6.26830041e-01 3.22727501e-01 1.08332515e+00
    8.06083977e-01 1.41675985e+00 -6.04956150e-02 2.72937775e-01
    3.76767337e-01 -5.29376388e-01 1.17663932e+00 1.37287092e+00
    -3.72518092e-01 1.26514292e+00 -5.72632313e-01 -1.58327818e-01
    1.46611261e+00 -4.61874396e-01 1.42477059e+00 7.03020036e-01
    1.15685463e+00 4.28746641e-01 1.16732955e-01 -2.76906133e-01
    8.73954833e-01 1.04270768e+00 1.28037190e+00 1.45056891e+00
    6.44561768e-01 9.37454045e-01 -1.43576503e-01 1.16910672e+00
    1.05485725e+00 2.16964364e-01 7.88148284e-01 4.57793474e-02
    -2.84457982e-01 2.16073155e-01 -8.05338144e-01 3.41872275e-01
    -2.42802680e-01 9.11714137e-01 9.42942262e-01 2.27621019e-01
    1.08248734e+00 1.53951347e+00 -2.68045068e-02 2.25756943e-01
    1.43324506e+00 1.56529474e+00 4.59979594e-01 5.68085909e-03
    5.79353273e-01 1.43647695e+00 4.80338573e-01 6.02154791e-01
    -3.73290539e-01 -6.02358580e-03 1.11857474e-01 -1.19329751e-01
    1.58426952e+00 4.12679136e-01 6.94220483e-01 -3.18960994e-01
    -1.26095533e-01 -3.34358722e-01 1.10192442e+00 -2.79748589e-01
    1.40915751e+00 1.10252166e+00 -2.36252487e-01 -2.63071358e-01
    3.50052893e-01 1.37622368e+00 1.48946977e+00 1.01100588e+00
    1.85581243e+00 9.32121694e-01 7.37340212e-01 1.52139366e-01
    4.04838264e-01 7.58692205e-01 -3.03960860e-01 1.22703505e+00
    -8.23466957e-01 1.08144712e+00 8.77353489e-01 -2.95900404e-01
    5.78158319e-01 -4.05257374e-01 2.88986981e-01 2.45991290e-01
    1.05228376e+00 8.18799853e-01 -4.60744947e-01 5.45905173e-01
    1.31658995e+00 -6.53626025e-01 -4.13551569e-01 1.14565849e+00
    3.14073861e-01 1.97586536e-01 -2.26393700e-01 9.86700058e-01
    1.60791111e+00 1.53985715e+00 8.07690561e-01 2.40212083e-01
    1.25634301e+00 1.09737098e+00 1.19178128e+00 -5.62713623e-01
    -5.67179680e-01 1.08017063e+00 1.22896540e+00 9.90022957e-01
    1.37513494e+00 1.78199410e-02 1.27370739e+00 1.30380964e+00
    1.25822592e+00 1.63787723e+00 5.74433744e-01 -4.99608994e-01
    4.61767435e-01 -4.94387835e-01 1.10160255e+00 1.68048930e+00
    -1.52569056e-01 -2.13793933e-01 3.90148759e-02 5.24422646e-01
    6.12537563e-01 1.81760788e-01 2.91602612e-01 5.46215534e-01
    -6.87035799e-01 1.74129558e+00 2.10769057e-01 1.05854750e+00
    -2.80716360e-01 7.79883087e-01 1.08098614e+00 3.34330797e-02
    -6.34750426e-01 1.24212039e+00 3.45807970e-01 7.04986811e-01
    1.72684717e+00 1.02704859e+00 1.50392151e+00 1.12714839e+00
    3.69158566e-01 2.91288495e-01 1.38912487e+00 1.58857727e+00
    1.35723352e+00 1.27546096e+00 -6.35049939e-02 1.56328750e+00
    1.42657840e+00 1.15724206e-02 1.17128801e+00 7.36814916e-01
    9.67685461e-01 -6.88982010e-03 -7.70818591e-02 -7.06828237e-02
    -1.78174436e-01 5.87112606e-01 1.26988482e+00 7.25972652e-02
    5.53184032e-01 -8.03455651e-01 -2.14663684e-01 9.85539615e-01
    4.52106237e-01 5.26208043e-01 4.99456286e-01 5.37877798e-01
    -1.14315093e-01 -4.18882489e-01 1.55036139e+00 1.00099039e+00
    1.35074377e+00 1.03965068e+00 6.39865816e-01 2.42432356e-01
    -2.98316240e-01 7.67724693e-01 -6.18016481e-01 7.52068520e-01
    1.32869053e+00 1.28676128e+00 -1.19838715e-01 1.98180050e-01
    -1.53135896e-01 1.04828203e+00 8.52502942e-01 -2.32048035e-01
    3.67944956e-01 1.30297482e+00 6.76632643e-01 -8.65942895e-01
    1.52719641e+00 1.62623072e+00 -1.14708304e-01 7.95184135e-01
    1.53048694e-01 1.17960930e+00 1.29542446e+00 -5.22160530e-01
    7.27903605e-01 8.92895460e-02 2.35786200e-01 -4.62528288e-01
    -4.23083037e-01 1.20406866e+00 7.87185848e-01 3.92823637e-01
    3.87696087e-01 -4.79619592e-01 1.88343763e-01 1.68876719e+00
    9.85931754e-01 1.55599904e+00 1.22648239e+00 1.38814163e+00
    -3.20262074e-01 -2.40268886e-01 -5.77302694e-01 1.70568013e+00
    1.77520180e+00 1.63319576e+00 -5.88350058e-01 -4.11466330e-01
    -3.91401052e-02 8.84972692e-01 -7.46189654e-01 -7.86172807e-01
    1.00372434e+00 1.42572939e+00 1.77581131e-01 3.77518475e-01
    -1.20471776e-01 -2.70860255e-01 5.04895806e-01 -2.55108058e-01
    7.50562072e-01 8.80157113e-01 1.46361732e+00 1.48395324e+00
    6.54863179e-01 -1.39446497e-01 8.66257548e-02 1.63258815e+00
    1.00587749e+00 -1.17239356e-02 1.39318562e+00 1.52913761e+00
    1.47637248e-01 -2.78666019e-01 -3.18996072e-01 1.23489475e+00
    1.29241014e+00 -6.80951476e-01 1.53023291e+00 2.96932161e-01
    1.78016818e+00 -6.26254082e-02 -8.67217243e-01 -8.18971336e-01
    -8.41405153e-01 4.19736743e-01 4.38516796e-01 -1.70931816e-02
    -1.77599549e-01 1.08715653e+00 1.64051294e+00 6.17063403e-01
    9.62299109e-02 2.49511421e-01 -7.05960751e-01 -2.77867913e-02
    -6.10696077e-01 1.53839195e+00 2.64190316e-01 1.85256696e+00
    -1.56059623e-01 1.75530219e+00 1.22200620e+00 1.24944425e+00
    1.33473754e+00 1.32537544e+00 1.05162346e+00 -3.91210109e-01
    1.81261981e+00 -1.42309844e-01 1.63018656e+00 2.66436756e-01
    4.67749178e-01 2.16639221e-01 6.87167883e-01 -7.79104173e-01
    1.13559818e+00 6.94538474e-01 -6.33196354e-01 -5.84422946e-01
    2.42277563e-01 -4.65164483e-01 1.08798504e-01 9.50145185e-01
    8.08020890e-01 -5.57347298e-01 1.19444001e+00 1.00821733e+00
    -6.77316546e-01 1.33400702e+00 1.27139366e+00 6.34090126e-01
    -2.19248831e-01 1.09165621e+00 8.76010180e-01 5.57775140e-01
    -7.67617404e-01 6.94806993e-01 -6.46768093e-01 1.71411300e+00
    2.94549406e-01 -3.57148051e-02 1.15705037e+00 -3.00204098e-01
    1.23559272e+00 6.73883140e-01 1.17736447e+00 7.23105729e-01
    -7.93764710e-01 9.89526689e-01 1.66616750e+00 1.60039604e+00
    1.37522173e+00 1.66760170e+00 5.68922460e-01 -3.25747192e-01
    -7.15378523e-02 2.04328299e-01 1.15786290e+00 1.15358067e+00
    7.40313530e-01 1.62626910e+00 5.03608882e-01 -4.14973497e-03
    1.29090452e+00 1.36980927e+00 8.03863943e-01 -6.75313056e-01
    -7.74243593e-01 8.01547527e-01 2.33668208e-01 1.04300761e+00
    -3.21694732e-01 -5.09608030e-01 1.55231786e+00 3.46607685e-01
    7.54931152e-01 -4.76307780e-01 1.64079142e+00 2.68790007e-01
    -6.42065406e-01 1.27949870e+00 -2.22450137e-01 -8.02186787e-01
    1.51849592e+00 1.00350356e+00 1.01602983e+00 1.50982738e-02
    -7.27677345e-01 -3.51202726e-01 -3.77251178e-01 9.75383162e-01
    -7.57663190e-01 8.15873444e-01 -5.96332014e-01 2.94319451e-01
    1.37444508e+00 1.39153624e+00 -7.89801657e-01 -2.62590945e-01
    1.63142931e+00 1.09735167e+00 1.49433386e+00 6.45736516e-01
    8.09143722e-01 1.80256844e+00 6.63026214e-01 6.99773610e-01
    -4.15097356e-01 6.65724635e-01 1.23737645e+00 1.03585482e+00
    3.96374524e-01 1.11888230e+00 9.73778963e-03 1.19066358e+00
    -4.79670167e-02 1.50685728e+00 -7.99102008e-01 1.08279645e+00
    -9.08756256e-03 8.53072703e-01 1.21012270e-01 -8.15628767e-02
    1.37810707e-02 -5.30127168e-01 1.40236139e+00 8.26047122e-01
    1.61135650e+00 1.00713134e-01 1.41131711e+00 6.64068162e-01
    1.17480755e-02 -2.45945156e-01 1.72212481e+00 -6.99158669e-01
    -1.85013413e-01 -5.76865852e-01 8.57151926e-01 1.07443690e+00
    -5.78436375e-01 -5.82496881e-01 1.77482092e+00 1.18371463e+00
    1.03458977e+00 3.19883287e-01 1.30993748e+00 -2.36108124e-01
    2.91928709e-01 -6.96669579e-01 -4.89987195e-01 -7.86765516e-01
    -6.86749518e-01 3.21254611e-01 -2.41279304e-01 1.14004230e+00
    -5.21197200e-01 -7.66413271e-01 9.03753757e-01 1.66623390e+00
    8.65858793e-01 1.62714362e+00 2.11945438e+00 2.02077889e+00
    8.24856997e-01 1.82322049e+00 1.44041157e+00 -3.68380249e-01
    -5.56741476e-01 1.74774146e+00 9.71350670e-01 1.65229511e+00
    1.03011370e+00 1.22154355e+00 1.49331570e+00 1.56985188e+00
    1.30872130e-01 1.61809182e+00 1.03471398e+00 1.51231599e+00
    1.02795124e+00 3.50028336e-01 1.33980942e+00 1.05378687e-01
    1.54160953e+00 -4.63168919e-01 1.25338614e-01 1.56357241e+00
    2.72267640e-01 -3.69079888e-01 1.20123494e+00 -6.70915008e-01
    1.27955580e+00 5.70932031e-01 4.04566288e-01 4.71841991e-01
    -4.31157619e-01 1.69842720e-01 2.17479587e-01 1.62086797e+00
    1.61731827e+00 1.21028352e+00 -3.16830754e-01 1.75382876e+00
    -4.21979010e-01 9.66187119e-02 -2.33435631e-02 1.33573472e-01
    -1.30154252e-01 -7.09855914e-01 1.26200008e+00 6.48914576e-02
    1.15687299e+00 4.39667702e-02 8.10691535e-01 3.89133036e-01
    -5.78216791e-01 -7.51601458e-02 1.04224658e+00 -8.10777366e-01
    1.69791567e+00 -1.34429395e-01 -5.72751164e-01 -6.80473804e-01
    -5.25370002e-01 5.03439844e-01 6.63939118e-02 9.55398619e-01
    1.22497296e+00 1.07560182e+00 3.24621975e-01 -6.65927589e-01
    -6.70866787e-01 4.12091017e-02 5.82310438e-01 1.45465732e-01
    1.39400113e+00 1.71465230e+00 1.22499704e-01 4.39260006e-01
    6.77119195e-01 1.29608965e+00 -4.81373429e-01 -3.94341975e-01
    2.83657670e-01 6.65453136e-01 1.89306796e-01 -5.58361650e-01
    -8.39438796e-01 2.87117898e-01 1.58989489e-01 1.64054632e-02
    5.24395347e-01 3.11308861e-01 -6.74855053e-01 -5.28014362e-01
    1.29437625e-01 1.22134542e+00 9.29912090e-01 1.15015268e+00
    9.24476385e-01 3.61244202e-01 2.50081062e-01 1.58807826e+00
    3.99893522e-02 3.88081491e-01 7.65892565e-01 1.03579903e+00
    9.96233702e-01 4.72465694e-01 -2.46317685e-01 1.04115653e+00
    1.51626587e+00 -5.56361675e-03 1.76433766e+00 1.54051685e+00
    1.38404500e+00 -7.78363943e-02 -6.44050241e-01 1.24468684e+00
    1.66295576e+00 5.69888830e-01 -1.42126679e-01 9.07445133e-01
    2.29409099e-01 -1.25304520e-01 1.73734796e+00 7.30139196e-01
    7.83224046e-01 -5.09230733e-01 1.76247144e+00 1.52685881e+00
    1.21129692e-01 1.76217484e+00 7.57291734e-01 -4.95128244e-01
    1.74922168e-01 -1.24090970e-01 -4.93211806e-01 -5.67494035e-01
    9.16648686e-01 9.21476126e-01 -3.87524456e-01 -1.95774555e-01
    9.91167545e-01 -3.14259529e-01 1.39958858e-01 1.49094534e+00
    1.04532671e+00 -1.11845732e-01 8.66710067e-01 -6.74629569e-01
    -5.75567245e-01 -7.62977660e-01 -3.00957263e-01 1.46104217e+00
    -1.01072788e-02 8.61474097e-01 3.59076977e-01 4.27854538e-01
    6.85748398e-01 1.11366737e+00 4.96255219e-01 -7.41540790e-02
    -5.31307817e-01 -4.16590750e-01 1.01705444e+00 1.41549635e+00
    2.24249542e-01 -2.82505631e-01 -1.65936649e-01 9.72546458e-01
    1.47217441e+00 6.86868012e-01 -5.18259168e-01 1.38296652e+00
    1.24527466e+00 6.43554330e-01 -7.78205991e-01 1.10255122e+00
    1.60618520e+00 9.06197429e-01 -6.36253715e-01 1.21703506e+00
    1.62282836e+00 1.21293616e+00 8.06732774e-02 -4.09941852e-01
    8.51291418e-03 -5.42806387e-02 4.29122269e-01 1.41558361e+00
    1.37774324e+00 7.96679914e-01 -1.74922764e-01 -3.47440541e-01
    4.97832119e-01 1.94808125e-01 1.56904244e+00 4.00176048e-01
    -3.91730666e-01 4.18102443e-01 -4.99698728e-01 1.79682469e+00
    -9.77234244e-02 -5.85700870e-02 1.12266254e+00 6.84765100e-01
    5.20685792e-01 9.15839851e-01 9.42890048e-01 1.29474378e+00
    -8.84023607e-01 1.37918401e+00 4.69707668e-01 1.25763297e-01
    -4.74049032e-01 7.27095842e-01 4.43502724e-01 5.40614128e-04
    1.70688200e+00 6.53151512e-01 1.60240102e+00 4.74318147e-01
    -7.30468631e-01 1.62702560e+00 1.04644513e+00 1.37485242e+00
    -4.99926001e-01 1.18688059e+00 -1.02068484e-01 1.06299734e+00
    -3.83268654e-01 1.17728066e+00 1.72950244e+00 1.73831868e+00
    -4.52020317e-01 3.42549801e-01 2.99980760e-01 2.34303474e-01
    1.20008051e+00 3.08971465e-01 9.91129875e-03 1.02061725e+00
    8.81840229e-01 1.08983827e+00 -2.35272646e-02 5.76281250e-01
    1.27596545e+00 1.61614788e+00 6.76564157e-01 7.35370398e-01
    -2.85405397e-01 1.43635440e+00 -3.95068228e-01 1.28445470e+00
    1.18117428e+00 -2.52287984e-02 1.75458503e+00 3.98764849e-01
    1.26226425e+00 9.38515007e-01 2.68105090e-01 -7.36893415e-02
    1.17386651e+00 1.43300748e+00 1.57934427e+00 6.05481684e-01
    2.03288972e-01 -3.93522799e-01 1.44084549e+00 -8.91480625e-01
    1.21699357e+00 1.63775086e+00 -2.14098096e-02 -8.18956435e-01
    7.28408337e-01 1.11112428e+00 -6.11587405e-01 8.74353409e-01
    4.41806912e-02 1.22650242e+00 1.92774534e-02 -1.03545308e-01
    8.21286440e-01 4.81233835e-01 1.57648706e+00 1.53134489e+00
    6.33252919e-01 -9.50215459e-02 2.67159045e-01 -2.55445719e-01
    1.16226947e+00 -8.33087087e-01 6.25624895e-01 5.01028955e-01
    -1.00659907e-01 1.14207745e+00 1.67547297e+00 -4.56974089e-01
    5.96991897e-01 5.89230716e-01 5.07045031e-01 1.45840704e+00
    -8.10000896e-02 1.36213374e+00 1.50839353e+00 1.36121976e+00
    2.26123571e-01 -6.20800674e-01 1.41243029e+00 4.61695611e-01
    9.68490243e-01 4.69057500e-01 1.39972687e+00 1.69679379e+00
    1.02684593e+00 -8.61771822e-01 -5.97085357e-01 -8.27349722e-01
    -2.64889717e-01 1.67220879e+00 1.42975163e+00 1.66480732e+00
    9.77105796e-01 6.36179507e-01 -4.99235362e-01 6.92135096e-01
    -6.04653895e-01 -1.28706992e-01 2.53627539e-01 -7.90012419e-01
    -5.56386769e-01 1.54930198e+00 1.72753668e+00 1.78052175e+00
    -3.34883869e-01 9.68805313e-01 1.35382390e+00 3.14134121e-01
    1.23275208e+00 9.30849075e-01 1.64304626e+00 1.56820679e+00
    8.19746614e-01 9.23318028e-01 1.13960123e+00 8.46105158e-01
    3.10913086e-01 1.49718976e+00 -1.11131370e-01 -2.95115292e-01
    9.65606630e-01 1.39431262e+00 -3.21347386e-01 -2.68193185e-01
    -6.06694341e-01 -8.75502825e-03 -7.58942962e-01 1.07173538e+00
    3.32107782e-01 1.36628890e+00 8.72372329e-01 -2.35498965e-01
    -7.84339488e-01 -8.79049301e-02 -8.15573990e-01 -3.24164629e-02
    -7.56902933e-01 2.79186130e-01 -3.95874053e-01 -9.07456875e-03
    6.03010774e-01 -6.49074137e-01 1.41367614e+00 -6.00394607e-02
    4.60829973e-01 8.79065871e-01 7.75996208e-01 1.75656724e+00
    1.16604340e+00 1.43065965e+00 6.88255906e-01 -6.81074500e-01
    -6.57844007e-01 1.78353560e+00 -8.03165793e-01 1.50835419e+00
    8.53889823e-01 1.75606585e+00 -3.74463350e-01 -2.48050272e-01
    3.68132412e-01 1.72191310e+00 -1.22501791e-01 1.15665579e+00
    1.41344213e+00 -1.82513952e-01 -7.31871128e-02 -6.90317154e-03
    -8.42649519e-01 1.73956013e+00 1.52745914e+00 1.10572386e+00
    1.51610291e+00 -3.15989703e-01 1.25697351e+00 3.28715742e-01
    3.40671241e-01 -1.06407762e-01 1.36530209e+00 1.41817999e+00
    1.26190877e+00 1.35200262e+00 5.09075761e-01 1.28766382e+00
    9.54835534e-01 -4.50278878e-01 8.18190157e-01 -4.69223380e-01
    1.20759130e+00 9.85952199e-01 2.16490984e-01 -6.35006189e-01
    9.43085074e-01 -6.37745857e-01 9.80236769e-01 1.07754564e+00
    1.30287647e+00 1.20068288e+00 -8.14604402e-01 4.45998967e-01
    1.53555775e+00 1.49319375e+00 8.10569167e-01 7.64439940e-01
    -8.28491688e-01 -6.43311620e-01 1.20435274e+00 8.98878276e-01
    9.04844761e-01 -5.53096890e-01 2.60922134e-01 6.85536265e-02
    -1.06310725e-01 -4.46195364e-01 1.56986415e-01 1.49403560e+00
    2.36653805e-01 1.52340770e-01 1.27206326e-01 -7.01539040e-01
    -7.01706648e-01 -3.77925307e-01 -1.00117266e-01 8.31124783e-02
    -6.16870522e-02 -3.26642066e-01 6.98230982e-01 1.51388478e+00
    4.46928144e-01 -5.23102522e-01 1.36606312e+00 -6.08991623e-01
    -2.87042439e-01 6.00839972e-01 1.59570456e+00 -5.81104815e-01
    -6.33548856e-01 5.65129519e-01 8.14011514e-01 1.10605597e+00
    -6.12381816e-01 -1.07440770e-01 1.61284578e+00 9.65386391e-01
    9.03043509e-01 9.28890169e-01 -6.62921190e-01 6.32997513e-01
    -4.29534912e-01 1.30125260e+00 -2.52967596e-01 2.25537300e-01
    -8.55348110e-02 5.10701954e-01 6.33242488e-01 -2.94364631e-01
    -6.72844172e-01 1.56419706e+00 1.61831760e+00 -4.62373078e-01
    3.94864440e-01 1.06982172e+00 -3.75901282e-01 1.60533965e+00
    8.75717103e-01 -5.61707616e-01 8.32005382e-01 -6.24146581e-01
    1.40328908e+00 -2.11254835e-01 1.37612343e-01 1.55077744e+00
    5.90106845e-01 -6.11954927e-02 1.69415355e+00 5.52004993e-01
    1.52914596e+00 1.59454346e-02 3.65236521e-01 -6.54176831e-01
    2.20934212e-01 1.61302781e+00 1.57403064e+00 1.81536734e-01
    4.47698504e-01 1.32983267e+00 1.53777456e+00 1.61415839e+00
    -3.76869380e-01 1.22612333e+00 1.44031477e+00 -5.38137555e-01
    3.94421101e-01 1.21233964e+00 6.61080122e-01 8.21719170e-01
    -1.39189243e-01 1.04175317e+00 -4.72283393e-01 -3.59905332e-01
    -1.44676805e-01 1.17910814e+00 1.11414969e+00 4.12401378e-01
    -4.31364000e-01 -5.34658194e-01 1.39353681e+00 1.72176301e-01
    -4.32257175e-01 1.74254560e+00 1.27045596e+00 4.82246697e-01
    5.23151636e-01 9.28015828e-01 1.44470525e+00 -2.57385075e-01
    -6.82149529e-02 1.25870657e+00 -2.19080448e-02 5.10249436e-01
    8.62243176e-01 1.44639015e-02 1.94972634e-01 2.99156606e-01
    1.57826149e+00 1.62623060e+00 1.86466932e-01 9.51083243e-01
    1.67472792e+00 -6.69429839e-01 1.73492885e+00 -7.26095796e-01
    1.15423143e-01 5.02781391e-01 1.23818684e+00 8.57084990e-03
    1.41645598e+00 -8.62345457e-01 1.44375825e+00 -1.90817654e-01
    1.53662968e+00 2.39672780e-01 1.26279974e+00 5.27024269e-04
    1.11086321e+00 1.10930300e+00 9.04234767e-01 1.45463371e+00
    -5.64575434e-01 -5.97120762e-01 -8.43676925e-02 8.08299661e-01
    4.29907441e-01 1.40867281e+00 9.69189644e-01 8.72202396e-01
    9.71525550e-01 -3.06961179e-01 5.64351439e-01 1.54479706e+00
    -1.98683619e-01 1.01122141e-01 -2.90943623e-01 1.31581736e+00
    1.21932006e+00 1.38503766e+00 -3.94115150e-01 -9.20963883e-02
    2.36570477e-01 -7.37396479e-02 -1.30946040e-02 5.37907422e-01
    2.05546379e-01 1.02978110e+00 -7.77707100e-01 2.99165249e-01
    4.00615036e-01 -7.79284418e-01 -5.14985025e-01 2.50108063e-01
    -7.97382236e-01 9.86768842e-01 1.58862078e+00 1.10476494e-01
    -1.13983035e-01 -1.02479219e-01 7.71156549e-01 8.82364452e-01
    6.41721845e-01 -4.37896669e-01 5.31734884e-01 9.85088706e-01
    1.12347150e+00 9.35274124e-01 1.73703969e+00 -5.90721250e-01
    1.56018257e-01 1.15185332e+00 9.62969780e-01 3.77554476e-01
    -2.19657362e-01 1.62228251e+00 -4.97281551e-04 1.43976629e+00
    1.64812875e+00 1.21754980e+00 -6.31259918e-01 2.00436831e-01
    1.54923558e-01 -5.25441527e-01 -5.82943082e-01 -3.48967969e-01
    1.03752446e+00 -4.30099279e-01 -4.47864801e-01 1.71850157e+00
    -2.00318754e-01 3.64058793e-01 4.15631890e-01 -7.13524938e-01
    1.86152530e+00 -5.61887681e-01 4.09201384e-02 -6.27382874e-01
    -2.69198477e-01 -6.37532592e-01 -3.54680091e-01 -5.82786679e-01
    6.41067684e-01 5.24540067e-01 3.42528105e-01 1.09002006e+00
    1.37795413e+00 -2.17587590e-01 -5.05816221e-01 1.65915632e+00
    -4.66234863e-01 1.18189669e+00 -3.48308533e-01 1.55011570e+00
    2.91166127e-01 -3.06720018e-01 8.22988808e-01 1.30873048e+00
    3.29001784e-01 9.89920139e-01 1.54099202e+00 3.36493552e-01
    1.27893829e+00 -4.80265290e-01 3.53197694e-01 -8.68506908e-01
    -5.75245976e-01 1.44060659e+00 -3.09782922e-01 -2.42175937e-01
    1.75955224e+00 1.70008731e+00 -4.72937554e-01 8.94211292e-01
    1.60230994e+00 6.95488691e-01 1.69943869e-01 -8.08659792e-01
    -3.68446380e-01 -6.59557581e-01 1.15324998e+00 9.26577747e-01
    1.25377774e+00 1.77501059e+00 -7.50437737e-01 1.76861882e+00
    -6.68865263e-01 1.78766751e+00 4.61828709e-02 1.50617778e+00
    1.73449278e+00 -2.37882137e-01 1.68004382e+00 -7.44562030e-01
    -2.88777113e-01 1.42968440e+00 1.59709454e-02 -6.91685081e-02
    3.74651611e-01 -3.40975463e-01 1.47983205e+00 1.18587565e+00
    1.48050523e+00 -5.25870085e-01 1.71000850e+00 -5.15469909e-02
    -7.57239819e-01 1.09493303e+00 1.68107343e+00 1.17945361e+00
    9.89893854e-01 5.84933937e-01 1.48539245e-01 1.27811790e+00
    3.66279900e-01 -5.32271385e-01 1.23742986e+00 -6.95642233e-01
    1.38396764e+00 -5.66911101e-01 -4.93065149e-01 -5.92514515e-01
    8.45201015e-02 1.50893950e+00 -4.89120722e-01 1.59395754e+00
    9.17816043e-01 -7.66432285e-01 -8.20214272e-01 1.67113400e+00
    7.11280167e-01 1.70080650e+00 -5.02810955e-01 4.18343723e-01
    1.76561332e+00 -1.67701721e-01 8.10789466e-01 6.97661877e-01
    1.48306906e-01 1.41433477e-02 1.96442068e-01 1.23873472e-01
    -5.47935128e-01 6.25841081e-01 4.54854965e-01 6.19551241e-01
    1.65763426e+00 1.27392626e+00 -8.88960063e-01 -6.24471962e-01
    4.47037816e-02 4.69005525e-01 1.26098287e+00 7.73369074e-02
    2.04903102e+00 2.77467072e-01 9.08658504e-01 1.43296647e+00
    -6.63535595e-02 -4.32816267e-01 1.57388294e+00 9.44243133e-01
    1.20500660e+00 1.15756428e+00 -7.13605523e-01 3.71095717e-01
    2.42068350e-01 -4.91351277e-01 1.15197718e-01 2.57775903e-01
    1.51746345e+00 1.14168143e+00 4.21535850e-01 -5.80496788e-02
    1.08969355e+00 2.89462626e-01 -7.47738302e-01 4.39557612e-01
    1.45410109e+00 4.91350830e-01 9.11031008e-01 1.12609899e+00
    3.12629700e-01 7.40249693e-01 1.01566052e+00 8.94165516e-01
    1.57934046e+00 -4.67703968e-01 5.00460863e-02 -5.39534688e-02
    -6.72058702e-01 6.95511341e-01 -1.79086328e-02 1.53485322e+00
    1.00835681e-01 1.69152761e+00 -6.50371909e-02 8.68820548e-01
    1.67955196e+00 1.05565035e+00 -7.06581652e-01 5.42204261e-01
    6.99091554e-02 -7.30814755e-01 1.14081776e+00 -2.71295488e-01
    1.27776909e+00 8.13356161e-01 1.13585591e+00 1.40409768e+00
    -6.12598300e-01 1.73017752e+00 7.54306972e-01 8.61198604e-01
    7.11867690e-01 1.04019523e+00 -2.47830153e-02 -2.79587686e-01
    1.13302684e+00 6.51344955e-01 9.71053004e-01 -4.97416288e-01
    5.20189226e-01 1.53924823e+00 1.45641851e+00 1.37655950e+00
    1.28868294e+00 1.16964054e+00 1.74887645e+00 1.77087545e+00
    -6.66416943e-01 2.67779350e-01 6.00306690e-01 -5.68099976e-01
    -5.76586962e-01 1.04128456e+00 7.77094126e-01 1.50074601e+00
    1.38600016e+00 2.98681855e-01 4.92389560e-01 1.44863582e+00
    -9.19627547e-02 1.23234224e+00 -2.23329604e-01 1.79253924e+00
    1.62407327e+00 4.21905577e-01 8.78200829e-01 2.90548801e-02
    -3.50635797e-01 3.49185884e-01 1.63733768e+00 1.39984357e+00
    9.44109976e-01 1.28010809e-01 2.14994431e-01 4.35166001e-01
    1.65281510e+00 1.48239243e+00 5.38207054e-01 4.18151438e-01
    -6.16613925e-01 1.54405129e+00 -4.48399335e-01 7.25763083e-01
    1.01369047e+00 1.65353298e+00 5.42496622e-01 -7.35744774e-01
    3.17952156e-01 3.56910110e-01 8.29302788e-01 -3.68376374e-01
    7.93124676e-01 5.44642746e-01 1.10267925e+00 1.04087114e+00
    -4.78689939e-01 8.02997887e-01 1.74438334e+00 1.36366570e+00
    9.11767900e-01 4.66216207e-01 4.78991330e-01 1.37657642e+00
    3.75492215e-01 5.07756710e-01 4.82232451e-01 1.25437725e+00
    -2.23302066e-01 1.82897615e+00 1.56198108e+00 2.19654858e-01
    2.89345801e-01 4.98032629e-01 1.11260438e+00 1.83964419e+00
    -5.64950228e-01 1.12849474e-03 -6.44549429e-01 -3.85089606e-01
    1.69863760e-01 1.81634486e-01 1.10753679e+00 3.92972350e-01
    4.54397738e-01 1.42142320e+00 1.34965134e+00 6.86363935e-01
    1.62730682e+00 5.48432171e-01 -4.43672359e-01 -5.23882508e-02
    8.13863277e-02 -1.25140429e-01 1.02594638e+00 1.34420574e+00
    4.75988090e-01 1.53491735e+00 1.30020046e+00 1.79915214e+00
    4.31748807e-01 4.55934942e-01 1.39099634e+00 4.68810737e-01
    6.82287097e-01 -1.18125737e-01 -4.47964102e-01 3.75140727e-01
    3.67623270e-01 3.38446617e-01 9.14647579e-02 5.15252352e-02
    1.67158091e+00 5.95274448e-01 -3.50565910e-02 6.44143105e-01
    1.08586001e+00 -1.00748181e-01 1.73128772e+00 1.09966469e+00
    -9.54389572e-03 -5.14032841e-02 -2.72834361e-01 8.62454176e-02
    6.40277803e-01 -6.46554649e-01 2.88044214e-01 9.44570541e-01
    -1.45712733e-01 -2.93073535e-01 1.00508904e+00 7.16546893e-01
    8.26095879e-01 9.32760835e-01 1.69040787e+00 6.63826406e-01
    1.46558928e+00 -8.03206980e-01 3.55819106e-01 -2.99222052e-01
    2.62811065e-01 2.19254136e-01 1.21961308e+00 3.01164627e-01
    3.75404000e-01 7.42378950e-01 1.54173660e+00 1.63353419e+00
    5.35763860e-01 4.36022282e-02 6.78728342e-01 6.97359324e-01
    -3.87833893e-01 1.74460316e+00 1.96817160e-01 1.04972911e+00
    1.54261446e+00 6.18059099e-01 3.61373544e-01 1.35834110e+00
    1.39134812e+00 1.91637218e-01 4.13912117e-01 1.57474208e+00
    1.12276387e+00 -6.55560017e-01 -3.10793102e-01 5.70008039e-01
    5.83807826e-01 -6.84773445e-01 3.14546168e-01 1.87586546e-01
    1.72285271e+00 1.55587983e+00 1.44309330e+00 1.05558109e+00
    1.20494330e+00 1.23116446e+00 6.57008350e-01 1.61063099e+00
    -8.86809528e-01 -4.45203185e-02 1.17068148e+00 1.47631240e+00
    -1.99331820e-01 6.05864882e-01 -5.04488111e-01 -3.85252833e-02
    1.03360200e+00 1.49091470e+00 3.18181038e-01 4.14258897e-01
    -4.82120931e-01 -5.55778742e-02 -7.19957829e-01 1.28813434e+00
    -7.35149980e-02 -3.62309873e-01 1.67540491e-01 9.30730283e-01
    8.92775059e-01 -5.25219202e-01 1.32820535e+00 -5.79235971e-01
    7.50105917e-01 9.44471002e-01 1.19758487e+00 -6.14462912e-01
    -6.41366601e-01 3.45600247e-01 -5.32654583e-01 1.80179238e-01
    1.68763995e-01 9.05653238e-02 -3.07237089e-01 4.93830800e-01
    -3.09306562e-01 1.29075551e+00 -7.62496293e-01 1.14454174e+00
    1.26418471e+00 1.70258713e+00 4.47233140e-01 4.43703055e-01
    1.52230430e+00 1.18341482e+00 6.44724488e-01 3.63898337e-01
    -4.75879967e-01 1.59876263e+00 -7.08914757e-01 1.03199244e+00
    -3.54547262e-01 5.21225512e-01 1.30981708e+00 1.27574754e+00
    -1.43953145e-01 2.30802059e-01 -7.36268997e-01 -9.18390155e-02
    1.04128575e+00 7.48411238e-01 1.81179810e+00 4.33519244e-01
    1.87248564e+00 -6.47451878e-02 -1.14591599e-01 -6.49494529e-02
    1.18315887e+00 8.98997903e-01 -4.38051552e-01 1.45000291e+00
    -5.12334585e-01 -4.55458760e-02 -3.91037434e-01 9.37404633e-02
    -9.17660594e-02 7.00434566e-01 3.81485999e-01 -4.43458110e-01
    9.95715380e-01 9.73825812e-01 6.61933839e-01 -6.27934337e-02
    1.67231417e+00 1.32192326e+00 4.49079156e-01 -9.58355069e-02
    4.87808585e-01 1.39573216e-01 1.11699891e+00 8.69550526e-01
    -3.79336566e-01 1.76185918e+00 -4.51629490e-01 5.09506464e-02
    1.52350402e+00 9.93096590e-01 -1.92777395e-01 -7.59180427e-01
    2.53919363e-01 1.50195992e+00 8.09834003e-01 -1.51089370e-01
    -1.36491060e-01 1.13009715e+00 -6.13554478e-01 -7.90613174e-01
    1.64605236e+00 -1.24075532e-01 1.31419408e+00 6.11291349e-01
    -7.31298923e-01 8.50350738e-01 -5.67253232e-01 3.31390738e-01
    1.60210967e-01 5.78922033e-03 -2.21420050e-01 1.74534559e+00
    1.40310335e+00 1.19271564e+00 -1.78281069e-02 -8.09332788e-01
    1.67101383e+00 6.70915842e-02 8.89802635e-01 7.35685229e-01
    7.72825003e-01 -7.27408707e-01 1.85909390e-01 -6.53523207e-03
    1.38222575e+00 1.29876423e+00 1.29454279e+00 9.62031543e-01
    4.44973350e-01 8.06523979e-01 2.04794526e-01 8.12633514e-01
    1.50994921e+00 3.19546461e-02 -3.44191045e-01 1.75052881e+00
    -6.68061912e-01 5.41228354e-01 1.45548773e+00 9.74730730e-01
    1.30029166e+00 7.00061023e-01 1.38461590e-03 1.31700909e+00
    3.10852051e-01 1.58524501e+00 -2.43619084e-02 -2.18135774e-01
    -2.71261841e-01 7.03787267e-01 -7.37435579e-01 -3.75840157e-01
    2.51166940e-01 1.21368551e+00 -1.36523604e-01 8.15304220e-01
    -9.57585573e-02 5.65522313e-01 4.60281789e-01 1.80064964e+00
    1.16669321e+00 1.50290132e+00 1.56879270e+00 -7.76117504e-01
    -7.11572349e-01 1.67874479e+00 1.58197403e-01 1.43580139e+00
    9.79333520e-01 -8.12351108e-01 1.40583110e+00 -7.44529366e-02
    1.51733994e+00 1.83436990e-01 7.25973129e-01 -3.94227654e-01
    -6.13520563e-01 1.42643118e+00 1.38507843e+00 -4.94620115e-01
    3.05259764e-01 7.85381734e-01 1.78596294e+00 -3.72374058e-02
    2.46259570e-01 1.54757631e+00 -1.66165590e-01 1.33043909e+00
    -6.57157004e-01 6.77373767e-01 1.23360777e+00 5.51514804e-01
    1.27568865e+00 1.34403765e+00 6.92303598e-01 -3.47965717e-01
    1.00946617e+00 1.33899271e+00 1.04957545e+00 -2.74815381e-01
    1.53551507e+00 5.21936417e-01 -4.72456217e-02 1.22396135e+00
    1.46786177e+00 -5.00813544e-01 1.49983835e+00 1.33202648e+00
    1.75832844e+00 1.16233516e+00 2.78941989e-01 -8.29897821e-01
    1.56032503e-01 1.67289042e+00 -6.69248104e-01 -7.66902626e-01
    3.63606989e-01 -4.58280087e-01 7.89181530e-01 7.14976668e-01
    -6.99668050e-01 1.37036538e+00 6.49854481e-01 -8.01954210e-01
    6.18629158e-01 7.77712524e-01 1.46615791e+00 5.05302489e-01
    -3.32048416e-01 -9.12060857e-01 5.97527683e-01 1.62817311e+00
    2.24974990e-01 4.57154870e-01 1.75359166e+00 5.67993045e-01
    -3.00671041e-01 -3.05124342e-01 1.65086758e+00 4.82818961e-01
    4.22165275e-01 -7.63694942e-01 1.70694101e+00 -8.76721740e-02
    7.44727492e-01 1.52626991e+00 5.62597990e-01 5.37335932e-01
    7.36546457e-01 1.55338240e+00 1.14464760e+00 1.22879744e+00
    6.10303581e-01 1.59606886e+00 1.53408086e+00 1.28018308e+00
    1.68589258e+00 -5.54241598e-01 8.54445279e-01 6.99255049e-01
    -3.30266058e-01 1.55615032e+00 1.75664258e+00 3.01079273e-01
    9.62922812e-01 -5.54643393e-01 4.49091196e-02 1.25767541e+00
    1.00044727e+00 7.84871578e-01 7.47430265e-01 1.26938319e+00
    2.79016197e-01 -1.66305304e-01 1.42061520e+00 1.38194144e-01
    2.74408817e-01 5.52673161e-01 2.47510612e-01 3.66907120e-02
    1.70174396e+00 9.14928734e-01 -2.72065461e-01 1.11569285e+00
    4.44454789e-01 1.48609781e+00 1.48549569e+00 1.46467876e+00
    -3.72500628e-01 7.34533191e-01 1.77765679e+00 9.37167883e-01
    1.06925130e+00 -6.43343806e-01 5.60353637e-01 -6.21012330e-01
    1.43506098e+00 8.36122274e-01 5.60083091e-01 1.62128472e+00
    -6.24653220e-01 1.68671930e+00 1.75218582e-02 -1.36068583e-01
    -6.36453629e-01 1.44123602e+00 -1.89191163e-01 1.42181659e+00
    1.18124080e+00 -5.54935932e-01 -2.89386392e-01 -4.23986375e-01
    1.05345988e+00 -2.28359163e-01 -3.10590565e-01 1.13193226e+00
    -6.29419088e-01 1.51848400e+00 1.71245122e+00 2.21102178e-01
    4.73796487e-01 6.49118721e-01 1.62311554e+00 3.50456178e-01
    1.16407061e+00 4.06722426e-02 -3.52860093e-02 1.63444114e+00
    -2.77094126e-01 6.11610472e-01 2.58705616e-02 1.55436122e+00
    -6.22348547e-01 1.42635918e+00 -3.70910108e-01 1.65757370e+00
    1.24096823e+00 9.34958816e-01 9.97319281e-01 3.92621458e-01
    1.24450731e+00 1.04087782e+00 -7.97566056e-01 -5.14419079e-02
    1.46206343e+00 1.11796427e+00 -7.73816526e-01 2.68054128e-01
    7.06533253e-01 1.72676063e+00 1.82791007e+00 1.59432244e+00
    7.24907398e-01 -3.83799493e-01 1.18426466e+00 -7.28248179e-01
    -7.37326920e-01 1.26480055e+00 1.70459485e+00 -6.61872447e-01
    -1.59121156e-02 -7.19044149e-01 1.72158718e+00 1.66129136e+00
    1.83596492e+00 5.95398486e-01 2.56797552e-01 4.32989895e-01
    1.23380482e+00 1.67037749e+00 6.56997323e-01 8.30174744e-01
    -3.33841205e-01 1.12015724e+00 -5.24861097e-01 7.59189725e-01
    4.97214377e-01 1.34500074e+00 1.24665451e+00 9.39096928e-01
    1.08685327e+00 1.40708017e+00 1.75141954e+00 -8.45946789e-01
    -7.46857822e-01 9.72914934e-01 1.60406864e+00 9.15454149e-01
    -1.80505216e-01 -2.19491839e-01 -5.43800831e-01 -3.78955394e-01
    9.06109273e-01 -6.29897833e-01 2.67866492e-01 -5.90673685e-02
    1.24242806e+00 4.72819507e-01 7.22572207e-02 8.60126853e-01
    1.56113052e+00 -5.78320384e-01 -1.12184882e-02 1.60119259e+00
    1.16875911e+00 1.04027212e+00 1.50349379e+00 3.76287937e-01
    8.70627820e-01 1.11410737e+00 6.55951738e-01 -7.92069554e-01
    -7.64155626e-01 7.42323160e-01 -2.61922896e-01 -3.42749506e-01
    -2.80127525e-01 9.79764998e-01 1.34827256e+00 5.32224417e-01
    3.78782988e-01 -3.90015781e-01 1.25359106e+00 1.52024627e+00
    -4.15840745e-02 7.58611560e-01 8.29648852e-01 -2.07453251e-01
    -3.71875197e-01 -7.19380975e-01 -7.47153580e-01 -6.98008180e-01
    3.87905538e-01 6.86844051e-01 -4.78314281e-01 6.13072515e-01
    -2.27483630e-01 1.66096425e+00 8.75415087e-01 1.01402748e+00
    -4.42694932e-01 -1.18199050e-01 1.49231982e+00 -4.66617078e-01
    2.41684258e-01 1.57701087e+00 -2.52488405e-01 6.28062546e-01
    1.88235044e-02 -5.13178051e-01 5.79362571e-01 6.11942410e-01
    1.36956847e+00 -3.47159564e-01 1.84554935e+00 1.44286215e+00
    9.75303829e-01 -1.76787972e-02 -1.86086118e-01 1.27520370e+00
    9.80266273e-01 8.68336618e-01 2.30858922e-01 4.85542655e-01
    -8.36813152e-01 7.15405405e-01 1.49053025e+00 1.30785584e-01
    1.74429274e+00 -4.88862842e-01 -8.67587984e-01 -1.10011995e-01
    -5.11515737e-02 5.23074090e-01 2.38757193e-01 -1.01257980e-01
    9.17942405e-01 1.58289850e+00 -6.62424445e-01 -6.49105072e-01
    -5.72404027e-01 1.43961573e+00 3.16096902e-01 7.85883009e-01
    9.71613884e-01 1.03844440e+00 3.93217325e-01 1.51914120e+00
    9.66974735e-01 1.60309553e+00 -6.36680365e-01 -2.91951001e-01
    -4.70931828e-01 7.86629379e-01 -2.74004936e-01 8.78289640e-01
    2.52321303e-01 1.22922659e+00 1.10629797e-01 -3.60114098e-01
    1.03543687e+00 -5.61915457e-01 3.50664079e-01 5.37903845e-01
    9.63737309e-01 6.62931204e-02 4.70624208e-01 1.32126975e+00
    2.34542310e-01 1.33645535e+00 1.98656178e+00 2.47871280e-02
    -3.03874433e-01 -2.65396237e-02 1.95479512e-01 7.10373163e-01
    -1.74860120e-01 -1.10159099e-01 -2.73027003e-01 6.21575594e-01
    -4.51403797e-01 -1.93399191e-03 -2.77126729e-01 1.73337996e+00
    6.03673756e-01 -7.05479503e-01 7.86396205e-01 2.23274112e-01
    -6.81843042e-01 1.14052153e+00 1.60432720e+00 -7.07711279e-01
    8.96382272e-01 1.83485150e-02 7.40700960e-01 6.19459510e-01
    -7.28127301e-01 -7.50890613e-01 9.18521106e-01 -6.16986632e-01
    1.56613231e+00 3.00619423e-01 -5.60716212e-01 1.17734909e+00
    -4.84856725e-01 -1.45614147e-01 -3.35622311e-01 4.94517326e-01
    6.28308356e-01 1.01155770e+00 1.14437842e+00 -6.01900816e-02
    1.03960645e+00 1.05513990e+00 1.64111733e-01 8.28072309e-01
    -1.11655533e-01 1.49606645e+00 1.35253561e+00 5.53313434e-01
    1.83136225e-01 8.34284604e-01 2.10408449e-01 1.53936541e+00
    -5.65674186e-01 6.47518992e-01 -6.28882527e-01 5.75431168e-01
    -7.81189799e-02 6.41311407e-01 6.74368978e-01 1.55112457e+00
    -2.96389699e-01 9.15119350e-01 1.37280607e+00 1.08847499e+00
    -8.47592056e-01 1.01751375e+00 6.76589787e-01 7.02015460e-01
    3.02667022e-01 -4.97767389e-01 4.07213330e-01 -3.74392509e-01
    1.53539276e+00 1.87130332e-01 1.41664982e+00 2.50065625e-01
    3.72607350e-01 1.71929002e+00 -4.67433274e-01 -2.94158757e-01
    1.42227483e+00 -7.80466557e-01 -3.22960645e-01 -5.57692230e-01
    1.73499656e+00 8.37071538e-02 5.42198479e-01 8.23966026e-01
    7.57136941e-01 -4.28194582e-01 1.27879286e+00 -3.83053273e-01
    2.31538892e-01 -3.98801267e-01 1.70955896e-01 1.25770903e+00
    -6.58920765e-01 1.03090024e+00 6.20394349e-01 -3.46513391e-02
    1.70010996e+00 -1.62921667e-01 5.60013950e-01 7.17746258e-01
    8.78952742e-02 8.66326272e-01 -5.82117558e-01 1.57152784e+00
    3.39266300e-01 1.60147786e+00 -6.78215504e-01 5.87682366e-01
    9.15962815e-01 1.10777831e+00 1.54201090e+00 -6.09201372e-01
    6.14563584e-01 6.93170428e-02 3.57255459e-01 -3.83532733e-01
    6.02366865e-01 -4.34452295e-01 -1.82658017e-01 -1.51807547e-01
    1.57157254e+00 2.30751812e-01 -2.97966361e-01 1.00836873e+00
    8.08534920e-01 2.21737027e-02 -5.35304964e-01 6.58411384e-02
    -4.95033413e-01 -6.85199380e-01 1.77045989e+00 3.30310941e-01
    1.76064742e+00 1.41089714e+00 1.11404860e+00 -6.33496821e-01
    6.90640330e-01 4.05950606e-01 1.22427726e+00 6.15527451e-01
    1.07148874e+00 -7.87208438e-01 1.28706884e+00 -8.11115205e-01
    1.57582891e+00 -3.65334749e-03 -6.74304545e-01 -3.31857204e-02
    -7.19303727e-01 8.77691507e-02 7.45831728e-01 1.52319527e+00
    -6.29285753e-01 9.59235430e-02 -6.45494998e-01 1.65204334e+00
    3.65848005e-01 -2.61302590e-02 5.08930445e-01 3.80442381e-01
    -1.79212213e-01 1.01565838e+00 7.50414550e-01 1.00125313e-01
    -8.57986808e-02 1.34924531e+00 -6.67506814e-01 -6.83979630e-01
    6.47876561e-01 2.12014794e-01 1.06735063e+00 1.24814224e+00
    9.16761637e-01 1.38643694e+00 1.31350899e+00 1.25692391e+00
    1.13559115e+00 -1.64576650e-01 9.89971220e-01 -6.60263300e-02
    8.83006096e-01 -7.11488724e-03 1.89884245e-01 -1.69307649e-01
    -4.74081606e-01 1.87675714e-01 1.18385649e+00 -2.76373386e-01
    3.97336483e-03 -7.40908206e-01 8.12034249e-01 1.23186147e+00
    -1.19603097e-01 -5.12116551e-01 1.81580687e+00 1.36199772e+00
    -8.93722832e-01 7.18763351e-01 1.73549962e+00 1.53830218e+00
    -1.73795521e-01 -2.09183514e-01 -7.30578959e-01 1.52726221e+00
    -1.78000867e-01 -6.05311930e-01 -4.70533311e-01 4.99642313e-01
    1.60445714e+00 1.50864005e-01 1.74479485e-02 1.58745599e+00
    7.51006842e-01 1.11754322e+00 1.45806003e+00 1.33633494e+00
    -2.81789720e-01 1.50472283e+00 7.12713480e-01 1.24313438e+00
    1.68986559e+00 1.37885523e+00 2.10025668e-01 1.65292561e-01
    -5.79721928e-01 1.70670986e+00 1.55248046e-01 6.80595636e-02
    1.41354871e+00 1.48346710e+00 1.27400815e+00 2.46224940e-01
    1.56213999e+00 1.00106263e+00 1.26859546e+00 1.46585405e-01
    -8.92234564e-01 -3.59411955e-01 9.39841628e-01 7.94193089e-01
    -4.19908822e-01 -6.95723653e-01 1.05645359e+00 1.31965339e+00
    1.38351703e+00 4.44398582e-01 -3.54520679e-02 1.43551016e+00
    1.87183881e+00 1.84563327e+00 3.48456025e-01 1.30362678e+00
    1.83560944e+00 1.36782181e+00 9.22863483e-01 -3.06275725e-01
    8.28681231e-01 7.56986737e-02 1.35922074e+00 -4.52142984e-01
    -6.09761655e-01 1.19343662e+00 1.21107864e+00 8.21685970e-01
    1.38666046e+00 9.03915346e-01 1.04791284e+00 -3.11941981e-01
    1.70104480e+00 6.18436575e-01 4.70837474e-01 1.87203109e+00
    -1.37744665e-01 1.55520451e+00 1.64543366e+00 -3.90561759e-01
    8.15233886e-01 1.47089863e+00 8.62876832e-01 -2.73745000e-01
    2.16062427e-01 -6.98411644e-01 -1.34109259e-02 1.36498213e+00
    -2.81883061e-01 1.04834008e+00 -1.23018265e-01 -2.96563685e-01
    -7.19670177e-01 1.09254646e+00 -2.31528640e-01 7.34586716e-02
    1.09391761e+00 1.27496243e-01 4.03349757e-01 6.29313767e-01
    1.58225822e+00 5.16296387e-01 9.38973725e-01 -5.65800130e-01
    -2.84804225e-01 -1.53966844e-01 3.46354902e-01 1.73324776e+00
    -1.83386683e-01 -6.90760016e-01 -5.46609104e-01 -5.08855581e-01
    -7.19916463e-01 -3.41667533e-02 1.30027103e+00 2.31860638e-01
    1.17046213e+00 8.85325134e-01 -8.95686746e-01 1.39557827e+00
    1.42135334e+00 -9.11159515e-02 9.73593533e-01 -7.15818048e-01
    1.35232532e+00 1.27427340e-01 -4.88635153e-01 -1.15198851e-01
    5.43293953e-02 7.08757639e-02 2.71662474e-02 -2.73360431e-01
    1.61143422e+00 9.74514067e-01 -3.06211889e-01 1.74640536e+00
    7.45500326e-01 6.05872273e-01 -6.64866328e-01 8.55005503e-01
    8.13672006e-01 7.44747519e-01 1.49452746e-01 -4.30415571e-01
    5.26490390e-01 3.06150734e-01 1.41257727e+00 1.58295810e-01
    1.14921594e+00 -6.15741193e-01 9.63578403e-01 -1.19774342e-02
    -3.63301486e-01 3.20501208e-01 9.16178882e-01 1.72180986e+00
    4.36004043e-01 1.11994612e+00 1.35147762e+00 2.24667251e-01
    -3.68087292e-02 -7.68150032e-01 1.53514087e-01 -4.42078680e-01
    7.20557868e-01 -6.98583364e-01 -5.56119084e-01 4.15268660e-01
    6.68261409e-01 -8.29777241e-01 1.31998360e-01 1.43514585e+00
    4.94499803e-01 1.77428126e-02 -7.12197125e-01 2.13349342e-01
    3.72463465e-03 1.82660127e+00 -4.78504241e-01 -4.03047293e-01
    1.92740142e-01 6.89514875e-01 8.73527884e-01 -8.14957559e-01
    1.01367712e+00 5.24393439e-01 -2.97319293e-02 1.83566141e+00
    1.75313091e+00 2.43842065e-01 -1.37887239e-01 7.00983822e-01
    1.46976113e+00 1.36738157e+00 -1.39255762e-01 -4.34021950e-01
    7.63819754e-01 3.17944825e-01 -3.82302135e-01 1.64885843e+00
    1.31893682e+00 2.68242359e-01 -5.98615170e-01 -4.85444337e-01
    -6.79268897e-01 -1.34202838e-01 3.15371156e-01 1.45271468e+00
    -2.74421871e-01 -7.06786156e-01 1.10068512e+00 1.43484867e+00
    1.25716257e+00 7.97527790e-01 1.38673878e+00 1.26820135e+00
    -4.72591430e-01 3.79242778e-01 -8.52333307e-02 2.69351244e-01
    9.06122923e-01 -7.96477795e-02 1.50093150e+00 1.11475360e+00
    1.49863291e+00 1.48638666e+00 -1.70061588e-01 -6.74292445e-01
    1.32846808e+00 1.74428868e+00 9.20064867e-01 1.70353079e+00
    6.30062044e-01 4.92476642e-01 -6.07689023e-01 1.47019076e+00
    1.29831791e+00 -6.40214026e-01 1.30557728e+00 1.67440689e+00
    1.86926186e-01 -3.10533047e-02 4.70156968e-01 7.15283751e-02
    1.18780279e+00 1.03090024e+00 1.66676688e+00 1.12388468e+00
    1.69361496e+00 -5.77231765e-01 -5.13198674e-01 3.90151978e-01
    7.51703680e-01 1.53139758e+00 6.82348073e-01 3.43062758e-01
    -8.58838916e-01 3.31296921e-02 1.65971041e+00 1.27065730e+00
    1.04912710e+00 -5.91332316e-01 -5.07121801e-01 4.99084651e-01
    -3.54051054e-01 1.24899030e-01 -4.39842343e-02 1.57628322e+00
    -1.73140109e-01 1.56721306e+00 2.27925956e-01 -4.81249809e-01
    -8.24213982e-01 6.92455888e-01 1.73301363e+00 1.44059658e+00
    1.55091286e-02 7.35674083e-01 8.70921850e-01 -6.43192470e-01
    7.80899644e-01 6.53718770e-01 -1.12704217e-01 1.71638691e+00
    5.69560587e-01 -3.03465962e-01 1.30330443e+00 8.20023358e-01
    -8.48685861e-01 4.58073318e-01 1.52860785e+00 -1.13869131e-01
    3.92954409e-01 -2.09347308e-01 8.58507931e-01 1.55552816e+00
    1.92051888e-01 6.25472128e-01 4.78585124e-01 7.74505079e-01
    1.38417578e+00 1.10092819e-01 1.31528533e+00 8.78092110e-01
    2.88201392e-01 7.78519571e-01 2.68842578e-02 5.25240004e-01
    1.66987062e+00 -6.45841241e-01 1.61944866e+00 1.26894045e+00
    3.67307514e-01 1.22538066e+00 1.67443466e+00 -4.68189359e-01
    9.79420841e-01 1.77467299e+00 7.75251806e-01 -8.61287117e-05
    2.02292144e-01 -2.79147625e-01 4.46026146e-01 -2.59231567e-01
    3.88702035e-01 -8.16480815e-01 2.19150782e-01 3.15268517e-01
    6.86536789e-01 6.81437731e-01 2.44448960e-01 5.82302213e-02
    -8.90548825e-02 6.62833869e-01 2.33319938e-01 4.75397706e-01
    7.41176009e-02 1.17046595e-01 -5.65873265e-01 1.57919157e+00
    4.43379402e-01 1.65873504e+00 1.46594691e+00 9.85835373e-01
    -7.27820992e-02 1.66266346e+00 1.00083303e+00 -1.70976102e-01
    1.79354095e+00 -5.16257703e-01 6.32018030e-01 -1.90786600e-01
    1.07190824e+00 1.37847948e+00 8.43277454e-01 4.04838920e-02
    8.51527810e-01 -1.33246303e-01 -3.45260501e-02 9.23057377e-01
    -6.20943189e-01 1.58560801e+00 -2.39431322e-01 3.36090922e-01
    1.11587834e+00 4.88924980e-02 1.14757228e+00 1.65786362e+00
    9.55445886e-01 5.83008766e-01 7.54877388e-01 -3.20986748e-01
    1.12446666e+00 1.48066187e+00 1.58854246e+00 8.09650242e-01
    1.53486717e+00 4.10699308e-01 1.49045324e+00 1.50793505e+00
    3.84649575e-01 1.68980479e+00 1.42655873e+00 4.04099405e-01
    -4.97993916e-01 9.14760530e-01 9.66216743e-01 1.47907555e-01
    2.25907981e-01 -1.97545171e-01 -7.28752375e-01 3.36000860e-01
    -7.60709047e-01 3.56623292e-01 -1.72629952e-01 7.64827073e-01
    4.92637038e-01 -6.45115197e-01 4.67531860e-01 1.31581950e+00
    -1.30820215e-01 2.97037303e-01 8.41233730e-01 6.53629422e-01
    1.17625141e+00 -6.69726372e-01 1.04948378e+00 1.79455721e+00
    1.57473707e+00 -4.23296869e-01 1.20711315e+00 9.88156438e-01
    -4.05944258e-01 1.26492691e+00 1.85834026e+00 -3.16264033e-01
    6.72470510e-01 -2.53074288e-01 -5.74068367e-01 -2.09219038e-01
    1.64145803e+00 4.15311992e-01 7.50243723e-01 8.45320821e-01
    6.46205544e-01 1.15644264e+00 1.24370003e+00 1.72091460e+00
    -5.72298765e-01 1.48060226e+00 2.59540379e-01 6.33353889e-01
    3.31316650e-01 1.78259921e+00 6.77761495e-01 1.29563451e+00
    4.02628839e-01 4.25569296e-01 1.03110313e-01 -6.07608199e-01
    1.58584499e+00 9.05094147e-01 4.69397366e-01 1.42918563e+00
    -2.59241045e-01 -1.25613093e-01 -6.44265532e-01 5.90230823e-01
    4.25297439e-01 8.99767995e-01 1.81636524e+00 -7.54191399e-01
    -2.62595415e-02 1.31967568e+00 -1.06810987e-01 1.85848808e+00
    5.98910034e-01 1.19236851e+00 6.10033631e-01 6.38717830e-01
    -4.29320306e-01 1.74628687e+00 1.74454403e+00 1.47862124e+00
    9.28332806e-02 -9.19866562e-03 3.89443338e-01 -1.53307736e-01
    1.71935737e-01 5.84731400e-01 -3.60516816e-01 -1.38546944e-01
    2.52265751e-01 2.84805775e-01 -4.79881555e-01 1.03650045e+00
    1.78872728e+00 1.07064581e+00 4.48788226e-01 2.70561278e-01
    1.73401237e-02 -5.48856378e-01 1.70427823e+00 6.04139388e-01
    1.47918773e+00 -1.43563747e-03 1.72227216e+00 3.48405242e-01
    1.02797818e+00 1.08716130e+00 1.39752293e+00 5.03912866e-01
    5.61139345e-01 1.30378485e+00 -1.14458323e-01 -4.17362005e-01
    1.01941109e+00 3.90449584e-01 1.56556332e+00 6.85919583e-01
    -7.79725730e-01 1.20321786e+00 -6.10701025e-01 8.02223682e-02
    4.37108040e-01 3.00726712e-01 -8.09277117e-01 1.43953180e+00
    8.18384588e-01 -6.82862639e-01 -3.85951251e-01 -1.78980231e-01
    -7.77594566e-01 8.41386497e-01 -6.26113355e-01 1.60327315e-01
    1.35504770e+00 1.84420288e-01 1.05857491e-01 5.01390040e-01
    1.50269628e+00 1.13974047e+00 1.64100075e+00 6.15109146e-01
    1.25524688e+00 3.86466146e-01 5.90617001e-01 1.34704375e+00
    1.03172290e+00 3.88362110e-01 7.95590878e-01 1.53750741e+00
    -7.27036297e-01 -4.78636205e-01 -7.06907153e-01 -1.38360560e-01
    5.14487863e-01 1.85871482e-01 1.67175484e+00 -2.24096894e-01
    9.36254799e-01 -6.39880657e-01 -3.37003231e-01 4.77456927e-01
    3.26622725e-02 4.98870194e-01 -7.52602935e-01 3.70587230e-01
    1.66861188e+00 1.30870152e+00 9.63446438e-01 4.89948928e-01
    1.11625171e+00 1.11167192e+00 6.05034530e-01 2.38113523e-01
    -4.74016070e-02 6.59799933e-01 1.47082639e+00 1.57805693e+00
    -2.01684296e-01 1.30307341e+00 3.44472110e-01 -3.58223021e-01
    -7.98566699e-01 1.31227970e+00 -3.72002751e-01 1.27710450e+00
    5.57014406e-01 4.69976306e-01 1.26200545e+00 -5.56882620e-01
    7.82412171e-01 5.53373575e-01 1.36204624e+00 1.31579089e+00
    1.31191087e+00 4.39856350e-01 1.00751901e+00 1.11546421e+00
    3.78893256e-01 -7.89166391e-01 1.72059333e+00 1.24796128e+00
    1.61526203e+00 5.55412352e-01 4.92744684e-01 4.07702804e-01
    -3.56197357e-04 -3.26400727e-01 1.82903552e+00 1.26799083e+00
    -8.14800799e-01 -9.22484398e-02 1.20526075e+00 -8.13840032e-02
    1.70690715e-01 1.37474895e+00 -5.83583713e-02 3.82741690e-02
    -6.89379454e-01 1.34998512e+00 -7.67823517e-01 6.09207094e-01
    4.31132674e-01 1.47735357e-01 4.59915280e-01 7.68165052e-01
    1.31431460e+00 3.19943070e-01 -1.40953302e-01 7.36018836e-01
    8.25267732e-01 1.48812199e+00 1.17588043e+00 1.57757914e+00
    -2.63180435e-01 4.47842717e-01 1.63329506e+00 -4.75547910e-02
    -6.73466444e-01 1.07946277e+00 7.84601569e-02 9.45911467e-01
    -4.82692897e-01 -1.68674886e-01 -1.45605803e-02 3.77225280e-02
    1.00976276e+00 3.51525486e-01 -8.37321222e-01 4.79928255e-01
    -7.49345481e-01 2.03783214e-01 7.32979834e-01 1.37955976e+00
    1.05101228e+00 1.64763808e+00 -8.04785609e-01 9.64344680e-01
    8.64288211e-01 -6.53806746e-01 1.12168455e+00 -4.06268805e-01
    -7.01260805e-01 1.59575403e-01 5.08841038e-01 1.57418633e+00
    4.58557308e-01 9.68789876e-01 -6.95520818e-01 1.17360830e-01
    2.03524351e-01 -1.19543731e-01 -4.19501990e-01 1.78921318e+00
    1.58512533e-01 9.64533091e-02 1.50565267e+00 -2.56739140e-01
    -3.24077964e-01 4.43499148e-01 1.37816679e+00 1.81367195e+00
    1.04661882e+00 -1.61455870e-01 3.94071937e-02 5.88134170e-01
    -5.57171702e-02 7.93861270e-01 9.17844117e-01 4.09548461e-01
    1.41146588e+00 -3.30146492e-01 1.70333362e+00 -2.38455296e-01
    1.13825870e+00 1.20259595e+00 1.62428021e+00 1.44086170e+00
    8.31102014e-01 1.65324259e+00 2.42961049e-01 1.10420680e+00
    -7.71353424e-01 1.33309877e+00 -6.60594344e-01 1.79761839e+00
    3.38236809e-01 -4.60628867e-02 2.16412783e-01 2.17537284e-01
    -1.66902065e-01 4.97944057e-01 7.58189976e-01 8.62556934e-01
    4.90712047e-01 9.36990321e-01 2.71374881e-01 3.10221791e-01
    -7.20015764e-01 -1.25283003e-01 1.20798969e+00 1.22768581e-01
    -6.94450974e-01 9.49719310e-01 -6.58684254e-01 6.70280099e-01
    -5.50852180e-01 1.75141120e+00 8.16124082e-01 1.70388401e-01
    7.51561940e-01 -6.38033867e-01 1.77915180e+00 4.01939213e-01
    2.50015020e-01 8.33855987e-01 1.18547630e+00 1.83984041e-02
    1.46136320e+00 -4.37819958e-03 -7.66739130e-01 -7.00530410e-01
    -7.06935108e-01 1.33376586e+00 1.38895917e+00 1.26378381e+00
    1.40070391e+00 -7.97334552e-01 1.52237892e+00 1.28363931e+00
    1.44006228e+00 -7.74182677e-02 1.06210947e+00 -3.68112803e-01
    6.14088356e-01 -1.28829896e-01 3.22739244e-01 -2.46095538e-01
    -1.19906485e-01 4.22218263e-01 1.51268315e+00 1.74404502e+00
    1.59433854e+00 2.29763329e-01 1.48735857e+00 -3.30165267e-01
    -2.70376086e-01 -4.27755117e-02 1.40110612e+00 1.36544287e+00
    -5.54572344e-02 8.15019131e-01 1.57302380e+00 9.00038481e-02
    1.38114095e+00 -4.21627462e-01 1.32277262e+00 2.86416590e-01
    -6.21416092e-01 3.78600478e-01 -5.53189397e-01 8.18514585e-01
    -4.33223248e-02 3.54978442e-02 1.13706338e+00 -3.58832598e-01
    1.61685395e+00 -6.14862561e-01 8.65050733e-01 1.37981641e+00
    -5.33665478e-01 -1.91234529e-01 -1.31214797e-01 7.34339535e-01
    5.62275827e-01 1.63305759e+00 1.80831659e+00 5.29887378e-01
    1.30809951e+00 1.56961095e+00 6.57259524e-01 -1.41330421e-01
    1.01423287e+00 -7.10211515e-01 1.33058810e+00 2.56879985e-01
    8.23319316e-01 8.01468551e-01 1.43477082e+00 6.30765438e-01
    1.38042355e+00 -3.70625496e-01 -7.33771980e-01 -2.27353454e-01
    1.74121714e+00 -7.22328544e-01 1.68510389e+00 8.64150405e-01
    1.03575253e+00 1.43657804e+00 7.95601845e-01 2.16503024e-01
    1.00642419e+00 1.69840395e-01 -8.47342968e-01 1.72188199e+00
    -4.14727390e-01 4.20079589e-01 7.33592212e-01 1.11009741e+00
    1.40458822e-01 1.31756282e+00 1.10535955e+00 -8.14172983e-01
    7.36667693e-01 2.73324370e-01 -1.46310627e-01 1.73293853e+00
    1.27067423e+00 9.06192482e-01 9.65562940e-01 -1.50232822e-01
    4.72516418e-01 1.03856039e+00 1.68529749e+00 7.72227108e-01
    3.71388614e-01 -3.04193020e-01 1.04193580e+00 -4.67730165e-02
    -3.42750311e-01 -4.10101444e-01 8.00417244e-01 4.33326960e-01
    1.02269673e+00 5.18243253e-01 -7.49456882e-01 -1.02929652e-01
    1.53335571e+00 1.28571534e+00 6.41858816e-01 2.19264209e-01
    1.18296814e+00 -7.31612265e-01 -1.79832876e-01 1.13635373e+00
    1.11150622e+00 2.86166131e-01 -7.50430822e-02 1.57151198e+00
    1.80688119e+00 7.29468644e-01 -3.13812673e-01 -2.56954432e-02
    -3.26039612e-01 1.59164894e+00 5.40415287e-01 -1.84156239e-01
    1.64987612e+00 1.38164163e+00 -2.92809188e-01 -7.20044017e-01
    -7.55976796e-01 1.68636680e+00 -2.90423632e-03 -7.31351972e-02
    1.08808124e+00 2.24690974e-01 2.29362845e-02 5.24243116e-01
    -3.57683599e-01 4.22319174e-02 -4.81426090e-01 7.77373552e-01
    -3.32394063e-01 4.30253863e-01 1.32628822e+00 5.09359121e-01
    -3.50931495e-01 -7.83979118e-01 -4.28432405e-01 1.47073162e+00
    1.53641212e+00 1.21905637e+00 4.63903964e-01 1.14825010e+00
    -1.68225169e-02 1.71646166e+00 -6.70120835e-01 8.37567806e-01
    -6.66675866e-01 4.55641627e-01 9.75422621e-01 3.94986093e-01
    -4.90047425e-01 -1.82151318e-01 1.52613282e-01 5.66914380e-01
    1.51203001e+00 5.88414490e-01 -5.21106601e-01 1.10138273e+00
    1.04765296e-02 -7.15165138e-01 1.57812953e+00 -1.50606155e-01
    1.43533409e+00 1.68927193e+00 1.00957763e+00 -4.04798716e-01
    1.42978239e+00 -4.00569528e-01 -3.64415079e-01 -1.67667449e-01
    1.59786677e+00 3.34724784e-02 -6.44777417e-02 7.27579415e-01
    1.62309837e+00 1.15310884e+00 -6.93013906e-01 1.18552804e+00
    1.59568632e+00 4.24432993e-01 3.87359738e-01 -1.29131436e-01
    1.24956560e+00 -1.15860105e-02 1.41026449e+00 7.53206730e-01
    1.81298304e+00 1.26162314e+00 -4.64225024e-01 -8.16961527e-01
    -5.30702949e-01 1.67499197e+00 -5.77465296e-01 6.37880623e-01
    1.10055447e-01 -4.27252203e-01 1.25891614e+00 1.84743762e+00
    -5.25305748e-01 5.35373211e-01 1.02211165e+00 -1.19429648e-01
    1.90819550e+00 1.26770258e+00 1.01018691e+00 4.03658390e-01
    1.69508862e+00 2.06106544e-01 -2.00981140e-01 -7.65134037e-01
    -6.03467524e-01 4.10559714e-01 5.78065038e-01 1.02892983e+00
    -3.30708206e-01 5.32077014e-01 5.31420410e-01 -5.35822749e-01
    1.37698555e+00 2.42620707e-01 4.40462172e-01 -5.42640090e-02
    1.55458510e+00 -5.65038383e-01 8.42486680e-01 1.22085011e+00
    9.52849925e-01 1.47651517e+00 7.58642137e-01 7.30873406e-01
    1.86614633e-01 1.05288410e+00 3.76454830e-01 2.87690639e-01
    4.07701552e-01 1.63800406e+00 -8.39754462e-01 -1.92487299e-01
    1.61836648e+00 4.08357561e-01 1.69969749e+00 -8.08429122e-01
    -5.07748365e-01 9.52464998e-01 6.08582199e-01 9.00472403e-02
    9.24611092e-02 4.62986529e-01 1.22137368e+00 1.66811228e+00
    -3.72985184e-01 -1.18870795e-01 4.97947693e-01 -2.79248238e-01
    2.07024455e-01 1.25801039e+00 -2.35586345e-01 9.45870519e-01
    1.29939985e+00 -8.19542289e-01 8.66047740e-02 1.02924109e+00
    1.22898126e+00 1.03883266e+00 3.21346343e-01 1.51844883e+00
    6.45919621e-01 1.47584546e+00 3.89841616e-01 1.35588360e+00
    1.21992064e+00 1.79976344e+00 -1.91426635e-01 1.03057051e+00
    4.65101123e-01 1.49856758e+00 8.14157724e-02 1.58097124e+00
    -5.80845118e-01 7.83964396e-02 1.63636422e+00 -3.45687717e-01
    1.60533512e+00 -5.89179516e-01 5.75776577e-01 9.77377057e-01
    2.51699269e-01 9.22691464e-01 1.45493507e+00 -4.54309553e-01
    -8.01806211e-01 -8.13027382e-01 -1.99049711e-02 5.86993039e-01
    -5.00499487e-01 1.07435870e+00 1.08891964e+00 1.12496316e+00
    1.41370225e+00 -7.54213035e-01 1.23147845e+00 -7.52294898e-01
    -4.14537638e-01 5.99027157e-01 1.41779637e+00 5.41009784e-01
    7.73547351e-01 7.07063019e-01 8.53173971e-01 1.23494673e+00
    1.53982878e+00 -1.95929229e-01 1.27602577e+00 4.70888317e-01
    5.20194411e-01 1.66161585e+00 5.14159501e-01 1.67923295e+00
    1.41896915e+00 3.61977279e-01 1.10020399e+00 1.31960559e+00
    1.30007386e-01 -2.71657348e-01 8.38376403e-01 6.26022935e-01
    -4.32799906e-01 -5.61643600e-01 -3.96403432e-01 1.24222648e+00
    4.10684109e-01 4.13805604e-01 -4.30678308e-01 1.21419835e+00
    4.62299049e-01 3.54872048e-01 4.77277756e-01 4.85965133e-01
    9.56736684e-01 1.58434057e+00 8.23947370e-01 1.14524007e+00
    3.72724116e-01 1.45620763e-01 1.41714811e-02 1.77082431e+00
    -1.50046170e-01 1.08091259e+00 1.38499308e+00 7.08097994e-01
    5.57056665e-01 1.77849579e+00 3.90932083e-01 -8.26485991e-01
    -6.43501878e-01 -5.55779159e-01 2.39348352e-01 -7.00086296e-01
    2.91206121e-01 1.58774424e+00 1.63831007e+00 1.78265262e+00
    9.73890841e-01 5.72798550e-01 -3.17880392e-01 -2.44243979e-01
    -8.00716460e-01 -4.92251366e-01 -3.21039289e-01 1.16367602e+00
    6.63210690e-01 6.44739687e-01 1.34559667e+00 -5.44703245e-01
    2.76795208e-01 1.81105781e+00 1.48591733e+00 5.48183560e-01
    1.78279996e-01 1.47820330e+00 1.64141703e+00 -1.80947602e-01
    1.19787264e+00 2.54570127e-01 5.23855686e-02 1.57433867e+00
    1.10957766e+00 1.34271860e-01 1.39689875e+00 5.93733668e-01
    1.76989639e+00 8.69423330e-01 1.09654129e-01 1.00253236e+00
    -7.89182007e-01 1.64314771e+00 1.75430167e+00 9.48338985e-01
    1.01254916e+00 -5.66893697e-01 6.43237889e-01 1.13625479e+00
    -2.80184090e-01 1.03484797e+00 1.37500548e+00 -7.97868967e-02
    1.39410281e+00 5.38444698e-01 1.51726079e+00 1.38655353e+00
    1.45434153e+00 1.28826725e+00 -5.50504446e-01 7.97342718e-01
    -2.89705396e-01 1.79233813e+00 9.20483232e-01 3.28834653e-01
    1.26348317e-01 3.53886068e-01 -4.65666711e-01 -3.07741404e-01
    1.66662371e+00 4.53121662e-02 2.03266382e-01 1.18884254e+00
    1.62514853e+00 -3.07791263e-01 -3.71541739e-01 -7.35538185e-01
    1.85002947e+00 -8.11566114e-01 4.27843213e-01 -3.09744447e-01
    -1.20455086e-01 -5.45604825e-02 9.61833715e-01 -4.52296436e-01
    3.30822349e-01 1.34195018e+00 4.04391050e-01 7.64675915e-01
    -3.29207659e-01 6.21049762e-01 1.49410772e+00 5.13809919e-03
    8.90947998e-01 5.45683563e-01 5.02560496e-01 -3.56638223e-01
    3.60237956e-02 5.60530543e-01 5.96164405e-01 -1.76652670e-02
    2.26939261e-01 3.77685368e-01 2.45690048e-01 -3.03469926e-01
    8.46388757e-01 1.83606029e-01 -1.61872506e-01 -7.13395834e-01
    3.75131726e-01 -7.82493055e-01 1.08198476e+00 2.20652759e-01
    1.11769199e+00 1.53096318e-02 9.71514225e-01 7.32045114e-01
    -2.70344079e-01 1.65952063e+00 -2.93164253e-02 1.26778245e-01
    -1.32851124e-01 -1.72024965e-02 -6.76990688e-01 1.37940526e+00
    -1.86905324e-01 7.67865300e-01 3.31150711e-01 -2.61158586e-01
    1.10462713e+00 -3.25093061e-01 1.90511465e-01 2.07526147e-01
    1.68935847e+00 1.88560486e-02 -1.66655183e-01 1.16131210e+00
    1.06552124e+00 -5.28536558e-01 1.66347432e+00 9.13390994e-01
    9.11450982e-02 1.46656561e+00 1.11578512e+00 1.59755850e+00
    -5.82901478e-01 7.24323332e-01 -7.69686580e-01 -7.52886772e-01
    -3.52321088e-01 1.03602862e+00 -2.00292766e-01 1.50548267e+00
    4.79990959e-01 -6.12975597e-01 1.08224607e+00 -7.44497657e-01
    1.22560525e+00 4.99629974e-02 4.01393712e-01 -4.66277689e-01
    1.07710242e+00 1.60635614e+00 2.08427191e-01 -5.27019083e-01
    -3.38520795e-01 1.12189031e+00 2.31446683e-01 5.57920575e-01
    -1.63935959e-01 -7.02259421e-01 1.49212062e-01 1.00818658e+00
    1.77608168e+00 9.15545821e-01 1.32865477e+00 9.46799338e-01
    8.37637722e-01 3.10780406e-01 4.83984351e-02 1.78457570e+00
    1.05504012e+00 3.92714620e-01 -3.38643968e-01 7.99249232e-01
    1.47393060e+00 3.43101561e-01 4.82652485e-01 1.33035779e-02
    1.82003093e+00 4.22906101e-01 -3.90675604e-01 -5.34694791e-01
    9.21719074e-02 -3.09849918e-01 -6.13538742e-01 -3.64463806e-01
    9.78690803e-01 8.05735648e-01 4.94336367e-01 2.67548561e-01
    5.35198390e-01 8.67828727e-01 -3.91027838e-01 1.14051998e-01
    1.64293647e-01 -4.55167860e-01 1.86566973e+00 4.55307364e-02
    7.52539098e-01 -5.61599970e-01 3.64135683e-01 -8.57503414e-02
    1.38329816e+00 1.02169752e+00 1.62604308e+00 8.62980783e-01
    -3.23967278e-01 -3.61210585e-01 1.72632527e+00 1.02377784e+00
    7.63056874e-01 -8.76922607e-01 -5.80249131e-01 1.28622341e+00
    7.78362989e-01 1.42162561e-01 1.36588240e+00 -6.18295729e-01
    1.41889691e+00 5.23811042e-01 1.59151804e+00 1.11990690e+00
    7.98791647e-01 1.14601946e+00 1.43956697e+00 4.80636954e-01
    8.18430901e-01 -5.08154631e-02 7.96699584e-01 1.24074221e+00
    1.49760079e+00 -4.22580242e-02 2.28604317e-01 -2.54563987e-01
    1.36965442e+00 5.93396902e-01 2.29848623e-01 7.67335713e-01
    1.59231555e+00 -4.03445899e-01 1.70813024e+00 4.21674907e-01
    -3.27888817e-01 8.75371873e-01 7.51005411e-02 9.09731805e-01
    -8.66544247e-02 -5.01595974e-01 1.25814462e+00 -4.75645393e-01
    7.73437977e-01 7.08142400e-01 1.63465750e+00 1.38447690e+00
    -1.00114703e-01 -2.76933014e-01 -4.87881184e-01 5.29022872e-01
    8.37938488e-01 1.02578712e+00 1.68151331e+00 -2.91535437e-01
    4.49684083e-01 -2.85563409e-01 1.52318048e+00 1.28332543e+00
    9.93900299e-02 1.77609169e+00 1.76133609e+00 1.14125168e+00
    1.91349208e-01 1.08264732e+00 1.13668990e+00 1.44077563e+00
    6.41291022e-01 1.23271728e+00 5.71588874e-01 7.81294286e-01
    -4.56498682e-01 3.57683897e-02 1.83917642e+00 4.09387290e-01
    -3.50750685e-01 -1.21667206e-01 -1.88401639e-01 5.12948215e-01
    1.37973642e+00 -4.60831761e-01 -2.57265270e-01 -6.13286257e-01
    1.27459097e+00 3.62255633e-01 -5.40124178e-02 1.35668254e+00
    3.61163437e-01 1.36312008e+00 9.60685074e-01 1.61850691e+00
    9.00945961e-01 8.60270798e-01 -7.64153540e-01 8.56374860e-01
    -3.31902146e-01 -1.57005847e-01 5.76696634e-01 1.03391194e+00
    1.41793585e+00 1.57258916e+00 7.90449560e-01 -4.22543794e-01
    1.22046006e+00 -6.51213288e-01 3.81018281e-01 -2.18704343e-01
    -7.45088458e-02 1.55658770e+00 8.06050479e-01 1.57291627e+00
    1.54521346e-01 -2.88724244e-01 1.82111287e+00 8.53853166e-01
    7.78464079e-01 -2.00699151e-01 3.08655143e-01 1.85472250e+00
    -6.78139865e-01 1.41806436e+00 -1.78878427e-01 -5.07601857e-01
    -5.56729436e-01 7.37484872e-01 5.01994789e-01 -6.69323087e-01
    -3.87816697e-01 -5.36032617e-01 -3.40841949e-01 -7.15608716e-01
    4.95299101e-02 1.32391620e+00 -3.28139663e-02 1.64821029e+00
    4.58416581e-01 -7.97486067e-01 6.43894255e-01 -7.58898199e-01
    -2.04335034e-01 -1.87931538e-01 9.90601182e-02 6.86688900e-01
    1.48998451e+00 -1.97554827e-01 1.41121089e+00 2.93663204e-01
    9.93508101e-01 1.67999852e+00 1.78952336e-01 1.70549798e+00
    1.74273145e+00 8.90221715e-01 1.54230356e+00 1.11319041e+00
    1.44714534e-01 1.03810620e+00 -6.80828035e-01 2.75896251e-01
    -9.26381350e-03 1.69442010e+00 -5.98577797e-01 1.11706519e+00
    -5.61372399e-01 9.42070425e-01 1.13869369e-01 -2.32773244e-01
    1.54661059e-01 -4.34965044e-01 -5.60963750e-01 9.64439809e-01
    1.42905378e+00 5.18932223e-01 2.62430072e-01 2.48549998e-01
    1.20964837e+00 1.45579457e+00 -3.42260599e-02 9.42048132e-01
    -3.21174115e-01 8.63013268e-02 5.03306806e-01 -2.32579768e-01
    1.52053595e-01 -5.63291669e-01 -7.25150704e-01 7.55656123e-01
    1.32807910e+00 1.20368278e+00 -6.53501391e-01 1.27324772e+00
    -8.10924411e-01 -3.73744428e-01 3.76190543e-01 1.81225002e-01
    6.24988258e-01 1.50776112e+00 -5.17076135e-01 1.44046664e-01
    5.64345479e-01 1.32719553e+00 -5.22651196e-01 -1.36928022e-01
    -6.84739232e-01 2.22886562e-01 7.68949866e-01 1.04910684e+00
    2.71090388e-01 1.17102861e-01 -5.79339266e-01 -6.26931250e-01
    9.65066075e-01 7.04469264e-01 9.33662355e-01 1.14247501e+00
    4.71964478e-02 1.63957047e+00 3.64112258e-02 5.71072757e-01
    -3.50595415e-01 5.58684707e-01 1.82796979e+00 8.92235100e-01
    8.49796951e-01 4.97223616e-01 4.69990909e-01 7.77085721e-01
    7.73375094e-01 -3.74710560e-02 9.80498433e-01 3.57982695e-01
    1.08882117e+00 -7.32383668e-01 -6.83854163e-01 1.26581597e+00
    1.39910674e+00 -8.30414295e-02 -5.79509616e-01 1.02748632e+00
    1.63146973e+00 -7.55629539e-02 -8.72421265e-02 8.61068606e-01
    -4.67962027e-01 1.24028707e+00 1.29766309e+00 -4.40109998e-01
    -5.10196924e-01 9.60552692e-02 -9.78648067e-02 7.89701939e-01
    1.38980603e+00 9.10168469e-01 -7.97852755e-01 -9.08845246e-01
    -2.80580282e-01 7.11616874e-02 9.78777766e-01 1.00376499e+00
    -5.71616828e-01 4.44142699e-01 -3.83658051e-01 4.35435414e-01
    9.52747762e-01 9.46972489e-01 2.68050969e-01 1.09086037e+00
    1.67848945e+00 5.49306989e-01 5.54971993e-01 -5.38583219e-01
    5.77714562e-01 1.26073623e+00 5.50517201e-01 1.08342242e+00
    -4.63585615e-01 -5.47494769e-01 1.97093034e+00 8.32313657e-01
    7.70714998e-01 5.37014306e-01 1.02594209e+00 1.28047109e-01
    1.60046434e+00 2.35973775e-01 1.17383373e+00 1.37561774e+00
    -4.50692803e-01 -3.52633536e-01 1.45877111e+00 -3.71829569e-01
    1.72707033e+00 1.27992332e+00 -7.60812223e-01 8.98292601e-01
    3.80704761e-01 7.83520043e-01 1.34956479e+00 1.30944109e+00
    4.19335008e-01 1.18985057e-01 8.06536734e-01 -2.73494601e-01
    6.78292572e-01 1.40405869e+00 5.46797037e-01 1.69054031e+00
    5.82766593e-01 -2.92799652e-01 1.39202857e+00 -6.78061068e-01
    1.14555335e+00 4.62386131e-01 7.18966424e-01 1.47330165e-01
    1.64789951e+00 4.69179034e-01 1.76627457e-01 2.30848730e-01
    2.88020790e-01 1.12698174e+00 1.36638880e+00 1.37291801e+00
    9.53632295e-01 -8.42417479e-02 -2.23259985e-01 1.02705550e+00
    -3.02958667e-01 8.44940901e-01 -3.07742804e-01 6.47150993e-01
    8.80688012e-01 1.61606836e+00 6.06719136e-01 1.77440858e+00
    -3.47171187e-01 -5.34629345e-01 2.09661663e-01 8.62055659e-01
    -6.66698635e-01 5.35565674e-01 5.90751767e-01 -7.29829967e-01
    1.58159959e+00 1.07537818e+00 3.38066041e-01 5.19521713e-01
    2.05178618e-01 -5.13879299e-01 1.56738269e+00 1.04153085e+00
    -3.49418759e-01 7.49215484e-01 1.96604669e-01 2.55176723e-01
    -1.99268818e-01 2.11829543e-01 8.60652924e-01 1.77011609e+00
    7.30776906e-01 -2.20402658e-01 6.45079017e-01 -6.86891079e-02
    -1.80202603e-01 1.82720542e+00 -9.93800163e-03 8.33907366e-01
    -6.70112729e-01 -5.21180630e-02 4.15694177e-01 -3.82559955e-01
    -4.93851393e-01 -6.21230900e-01 6.29812837e-01 1.88243866e+00
    2.42141843e-01 7.45044708e-01 -6.16395831e-01 7.43303955e-01
    5.55970371e-01 1.65230179e+00 1.54462075e+00 8.82464767e-01
    7.31632769e-01 5.42644203e-01 9.25553381e-01 1.70319438e+00
    7.84737229e-01 1.68694592e+00 -4.37465429e-01 1.79842901e+00
    -6.27735317e-01 1.53579807e+00 -1.99426770e-01 7.03936636e-01
    -3.75987440e-01 1.96473539e-01 9.62797463e-01 2.13659346e-01
    -4.35388297e-01 -1.65520728e-01 -6.85849190e-02 6.07324839e-02
    1.18759382e+00 -8.19013894e-01 2.27419674e-01 7.22160161e-01
    7.33878970e-01 2.66523361e-02 6.44985080e-01 -2.41386116e-01
    2.60902286e-01 5.03656805e-01 1.24290800e+00 -4.37835693e-01
    8.55684578e-01 -1.52806342e-01 2.54975975e-01 1.99536085e-02
    1.49396634e+00 -7.52373755e-01 3.87271702e-01 1.19721353e+00
    -5.36405206e-01 1.83982563e+00 1.81407189e+00 1.50653219e+00
    -2.90572941e-01 4.36772764e-01 9.98459995e-01 1.03097951e+00
    2.25558341e-01 1.46298027e+00 6.98458970e-01 -2.64812708e-02
    -2.45622516e-01 1.70346749e+00 -2.82766879e-01 1.34070003e+00
    -4.56414670e-01 5.06847680e-01 7.29693353e-01 1.06903303e+00
    5.51609397e-01 9.90168869e-01 1.48689628e+00 7.37312376e-01
    1.54203987e+00 -4.48716730e-01 3.53040993e-01 1.39843678e+00
    3.81190121e-01 1.73641372e+00 2.03487575e-01 1.06779838e+00
    2.53941715e-01 -2.73910642e-01 -3.80277038e-01 1.79012370e+00
    -4.63759005e-01 1.13389909e-01 -6.38381243e-02 1.38520956e+00
    8.25401843e-01 -5.30022204e-01 1.11326826e+00 9.76088166e-01
    1.33101845e+00 5.08060455e-02 5.39106786e-01 6.41752720e-01
    5.73040187e-01 -5.78043997e-01 1.10514379e+00 -5.21581173e-01
    1.33124352e+00 -3.87710005e-01 8.90833199e-01 1.77414525e+00
    -5.99343002e-01 1.02641571e+00 1.46069241e+00 3.46047580e-01
    3.29125404e-01 -1.82880104e-01 8.87273967e-01 1.80010068e+00
    -6.09967351e-01 1.66444910e+00 4.56445217e-01 1.56630874e+00
    -7.13763833e-01 1.53634715e+00 7.31000721e-01 9.71532166e-01
    6.59060836e-01 1.58446765e+00 -3.70755911e-01 -5.47960043e-01
    9.19274807e-01 5.65287828e-01 -6.94478512e-01 1.55887866e+00
    -4.00274992e-03 -2.79707015e-01 -1.53094530e-01 -1.96885169e-01
    -5.38195372e-02 -2.48185515e-01 -3.80824506e-01 7.41293848e-01
    2.68013299e-01 1.26116490e+00 1.19482160e+00 1.02409291e+00
    1.33864355e+00 4.71411347e-02 -5.15087605e-01 2.44881392e-01
    8.89639616e-01 1.20434940e-01 1.00170588e+00 -1.09944046e-01
    -7.66661108e-01 1.56208456e+00 7.31935978e-01 -2.73647070e-01
    8.85662615e-01 2.06382799e+00 6.04117930e-01 1.68841869e-01
    -4.20308113e-02 1.34637213e+00 4.61712301e-01 -3.34374815e-01
    7.58172333e-01 1.25849962e+00 -2.81173408e-01 -4.27084267e-01
    8.40799809e-02 3.07561219e-01 3.70465159e-01 1.03820562e-01
    -6.20410144e-01 1.53042269e+00 -1.13959193e-01 1.11285090e+00
    3.71490121e-01 1.09008861e+00 -1.97717488e-01 1.32340097e+00
    -5.50318956e-01 1.56276846e+00 -5.90575457e-01 1.73441792e+00
    -6.86892271e-01 -5.76399565e-02 -6.56842351e-01 -1.76981211e-01
    -5.69483280e-01 1.12624097e+00 -4.16649371e-01 7.49148428e-01
    1.42644227e+00 5.96776247e-01 -1.78843796e-01 8.73899579e-01
    2.84779370e-01 -4.75327849e-01 2.16959655e-01 9.51747179e-01
    1.05166078e+00 -4.84003514e-01 -2.31349826e-01 8.38845432e-01
    4.56622839e-01 -1.66550875e-02 1.25491667e+00 -6.73389673e-01
    5.78994215e-01 -3.53099704e-01 1.62572193e+00 1.22661805e+00
    -9.58606601e-02 -7.18033075e-01 1.65214062e+00 1.58230662e-02
    9.77051377e-01 -8.69156361e-01 -1.64177060e-01 1.56729388e+00
    4.82793212e-01 1.74043286e+00 -6.04400933e-01 -5.01664817e-01
    4.45526183e-01 7.15528309e-01 5.56333661e-02 9.05604482e-01
    5.32022595e-01 1.34561157e+00 1.26142383e+00 -1.16709054e-01
    2.97669709e-01 1.38443589e+00 1.45972407e+00 1.18021202e+00
    -4.21100765e-01 1.37535548e+00 -1.03102744e-01 -4.38722223e-01
    6.80681348e-01 5.82600534e-01 7.59866893e-01 4.92787063e-01
    5.60428798e-01 1.69187069e+00 9.33587313e-01 1.03717709e+00
    1.25613332e+00 -5.33135533e-01 -3.20632130e-01 -1.50933564e-01
    -3.85792106e-01 1.67531681e+00 3.25200796e-01 -1.41077638e-02
    -1.46014452e-01 2.28780985e-01 -6.78029180e-01 9.57275391e-01
    -5.67020535e-01 1.10341048e+00 -5.44765592e-02 -5.63843787e-01
    1.11215103e+00 1.04196608e-01 -5.97968042e-01 5.85199475e-01
    -4.64275509e-01 -3.01304162e-01 1.25896692e-01 1.83536291e-01
    7.64055789e-01 1.03127122e+00 1.20436084e+00 1.05423951e+00
    1.68438601e+00 -5.72462559e-01 3.86571229e-01 1.50303137e+00
    -9.05888081e-02 5.23181677e-01 1.25685787e+00 -3.76953959e-01
    1.78881288e-01 2.83538759e-01 1.08076751e+00 1.59429967e-01
    -2.36458778e-02 8.31249237e-01 7.28299439e-01 -8.76782894e-01
    4.72987831e-01 1.16794932e+00 -3.92134637e-01 -4.76751328e-02
    6.06373191e-01 5.36689162e-01 5.44927776e-01 1.06130886e+00
    2.57342935e-01 3.92249465e-01 -2.66773820e-01 9.63095665e-01
    1.38998151e+00 3.95612657e-01 2.47855246e-01 -1.50767326e-01
    -4.60900605e-01 -7.21169651e-01 1.18470693e+00 1.38964081e+00
    9.38148260e-01 4.36058700e-01 5.16671479e-01 1.09593213e+00
    1.40704203e+00 8.77867162e-01 1.25977039e+00 -2.85956800e-01
    -1.24328136e-01 1.79202747e+00 8.51507306e-01 -4.72458482e-01
    7.65987873e-01 1.38247776e+00 8.26547921e-01 6.58983409e-01
    1.42690790e+00 1.31674361e+00 4.75372910e-01 5.38412631e-01
    3.80560458e-01 4.82721090e-01 5.14995396e-01 8.13736022e-01
    -7.53015339e-01 8.95443320e-01 7.67741144e-01 8.25944185e-01
    -5.03081083e-02 1.66311121e+00 -3.38207453e-01 8.14300776e-02
    4.84537303e-01 5.47701240e-01 8.74373317e-02 7.07512915e-01
    3.48932445e-01 -5.41652560e-01 6.35660529e-01 -8.96244466e-01
    1.64645767e+00 1.41229177e+00 -4.33184177e-01 8.68108153e-01
    1.21776104e+00 5.38785934e-01 -4.87346649e-01 1.41913652e-01
    9.70864594e-01 6.27085686e-01 -1.31160975e-01 4.06253934e-01
    -5.74437976e-01 5.40232122e-01 -9.43042040e-02 7.95010924e-01
    -5.59382915e-01 1.58784389e+00 1.63225126e+00 4.46622849e-01
    6.37518764e-02 -7.39536881e-02 1.06031609e+00 3.07114959e-01
    1.44192779e+00 9.51064229e-02 6.52176917e-01 1.60002911e+00
    -5.04348993e-01 -8.12624097e-02 8.20810318e-01 1.67483592e+00
    1.58910012e+00 1.08866596e+00 1.06318665e+00 1.25926363e+00
    7.48594105e-01 2.23113835e-01 3.71514678e-01 1.56337833e+00
    1.32576215e+00 4.03888404e-01 4.08980072e-01 -7.92296827e-01
    1.52288079e-01 1.11056149e-01 1.17085159e-01 -6.65652275e-01
    1.49851632e+00 1.58531809e+00 5.84039271e-01 5.13118148e-01
    2.47884035e-01 1.58527112e+00 4.35051918e-02 1.08818173e+00
    -3.23346853e-02 1.59087801e+00 3.78270745e-02 1.40479898e+00
    -1.61276221e-01 -4.16934550e-01 -4.53089088e-01 1.34849381e+00
    7.00196326e-02 1.56212854e+00 1.61817789e+00 9.50873852e-01
    5.88184476e-01 -2.33209312e-01 -3.15470099e-02 1.31838048e+00
    -3.49986404e-01 8.43644142e-04 8.59319091e-01 9.02818739e-01
    9.44758058e-01 9.45380211e-01 -1.80787265e-01 2.91552544e-01
    5.12926638e-01 -5.30278146e-01 2.75292397e-01 2.42578626e-01
    6.63184881e-01 6.64822042e-01 -2.06257105e-01 1.24069107e+00
    5.19883633e-01 -1.75223351e-02 7.23866880e-01 -8.33228230e-01
    1.25616312e+00 1.63253927e+00 7.65568554e-01 1.14392006e+00
    2.85212100e-01 -3.06132019e-01 7.52654195e-01 -1.21007740e-01
    9.41465914e-01 6.06532097e-02 -7.41218925e-02 -8.24036658e-01
    -6.84923112e-01 -5.36567688e-01 -5.97519994e-01 -8.35039377e-01
    -4.33826506e-01 2.40097582e-01 3.67988050e-01 1.59424114e+00
    9.95843887e-01 1.71603036e+00 1.26567590e+00 -5.33553720e-01
    1.33089042e+00 -8.01535249e-01 8.47622216e-01 -7.87156045e-01
    7.85088241e-01 5.44216514e-01 2.87133574e-01 1.69897354e+00
    8.90967607e-01 5.78840077e-01 1.23821831e+00 -5.13482928e-01
    3.26365232e-03 1.26918459e+00 1.10679245e+00 -2.65843749e-01
    1.41868949e-01 9.90691781e-01 3.83702636e-01 1.55747271e+00
    -7.77442515e-01 1.35037231e+00 1.24662936e-01 5.56257367e-01
    4.10069048e-01 8.34554970e-01 -4.22306985e-01 4.38964486e-01
    -2.03048587e-02 1.62678266e+00 8.78963470e-01 5.06003022e-01
    5.83964527e-01 -5.37036300e-01 4.44162428e-01 6.00874662e-01
    -1.25307381e-01 -3.53147566e-01 1.10896695e+00 -7.58383453e-01
    1.52009106e+00 1.36449790e+00 1.14375973e+00 1.72345090e+00
    -2.72616178e-01 1.62702096e+00 7.09326506e-01 1.11091685e+00
    1.74794221e+00 -4.85731483e-01 8.96013200e-01 1.29235351e+00
    7.98825204e-01 1.30983543e+00 1.39451528e+00 1.26255262e+00
    1.07420290e+00 7.61182964e-01 2.46943831e-02 7.25822926e-01
    -2.95863986e-01 -5.66787720e-01 -2.04972923e-01 1.26281691e+00
    -3.07880133e-01 7.77192771e-01 1.16880655e+00 -5.04188538e-01
    1.62131357e+00 1.58572209e+00 1.86895049e+00 -6.05941296e-01
    1.17679393e+00 1.13700509e-01 2.43415058e-01 1.31021905e+00
    1.74267054e+00 1.13330758e+00 8.54108572e-01 8.86972904e-01
    -1.96273208e-01 1.22984648e-01 1.77678180e+00 5.98096669e-01
    1.51637268e+00 -2.13170648e-01 9.43591535e-01 1.04747713e+00
    -1.47657812e-01 1.63581777e+00 2.62643576e-01 1.44722509e+00
    -5.54036021e-01 1.80885959e+00 -1.30349040e-01 -3.88956308e-01
    1.83232760e+00 3.05100560e-01 4.48055863e-01 1.50546145e+00
    -2.07724094e-01 6.33203924e-01 7.95724094e-01 3.42804909e-01
    1.72187161e+00 -4.44224477e-01 -8.32578838e-01 -1.01793826e-01
    -1.66261852e-01 -7.32421637e-01 1.58026242e+00 -2.32054591e-02
    -5.70113242e-01 8.52563798e-01 1.74543715e+00 9.16523814e-01
    -2.33491063e-02 1.37691259e+00 1.79673672e+00 1.44746661e+00
    6.45644546e-01 2.87622333e-01 1.09577048e+00 -1.44856572e-01
    2.20497489e-01 4.19484317e-01 1.22843909e+00 3.06472957e-01
    1.18379927e+00 1.72661304e+00 -5.35982966e-01 -6.41789794e-01
    -2.60383904e-01 1.66787672e+00 2.88971066e-01 2.63628662e-01
    1.19361258e+00 6.68817759e-01 -4.96036023e-01 1.13196433e-01
    9.26977932e-01 7.19921768e-01 1.51701784e+00 1.09960032e+00
    6.51797771e-01 1.70589864e-01 6.57597482e-01 3.21911693e-01
    -3.48755658e-01 -1.87378883e-01 -6.13724113e-01 9.26057637e-01
    -5.06736577e-01 2.62155294e-01 2.17506289e-02 1.70983291e+00
    -7.21374929e-01 -2.31459737e-02 -8.58428538e-01 1.16867185e-01
    8.81696224e-01 3.91348839e-01 -4.04349059e-01 8.67778957e-01
    9.00616646e-01 8.35408688e-01 1.56603777e+00 1.21371293e+00
    5.49795330e-01 1.45500851e+00 -5.32958686e-01 1.62115824e+00
    -6.99829400e-01 2.47934341e-01 1.67262495e-01 8.59685361e-01
    4.61371720e-01 2.02059746e-03 5.40905714e-01 1.80713546e+00
    1.72145236e+00 -4.28731501e-01 5.18531084e-01 1.69868517e+00
    8.86248171e-01 1.42237473e+00 9.51358259e-01 7.37296700e-01
    1.25293469e+00 -6.56925261e-01 1.50691640e+00 2.87080824e-01
    7.48208046e-01 -7.43961990e-01 -6.69550538e-01 1.33495057e+00
    2.04045117e-01 -3.02212417e-01 -3.56632769e-01 1.32138395e+00
    -3.05636883e-01 -7.67000914e-02 4.95863497e-01 1.21713114e+00
    5.16555607e-01 9.99053538e-01 5.72087526e-01 1.51855588e-01
    2.14601636e-01 1.64380145e+00 -5.16851306e-01 1.29523015e+00
    -3.57682765e-01 -3.92504990e-01 8.10852408e-01 -2.85131156e-01
    1.87910199e-02 4.80991721e-01 1.83546078e+00 7.13176847e-01
    2.49736547e-01 4.67036366e-02 6.99486673e-01 6.79769099e-01
    -8.43749642e-02 1.36906147e+00 1.43368769e+00 6.50679410e-01
    1.54524350e+00 7.48223543e-01 -2.46997952e-01 1.41979420e+00
    8.95345569e-01 1.23285520e+00 7.44926155e-01 7.51734972e-02
    1.57980537e+00 6.24411702e-01 1.01151609e+00 1.36868119e+00
    -7.48473942e-01 1.48612130e+00 -1.17725492e-01 8.86535704e-01
    8.49724948e-01 -7.26602912e-01 3.16938698e-01 -3.70458364e-02
    9.85685885e-01 2.78843582e-01 -2.98117399e-02 1.43046141e+00
    -7.90174901e-01 -4.12262589e-01 -3.05484772e-01 -3.13396513e-01
    3.86532605e-01 3.64476025e-01 1.14067876e+00 1.84790158e+00
    6.70773447e-01 9.56035316e-01 5.25867581e-01 -4.00297314e-01
    2.99659789e-01 1.30029261e+00 -8.14828277e-02 -1.53318942e-01
    1.76327825e+00 1.68161917e+00 -3.62905145e-01 9.19153869e-01
    3.87190223e-01 9.92595673e-01 -3.28043520e-01 2.88399518e-01
    5.61493099e-01 -6.14666462e-01 -3.07519615e-01 -2.62060165e-01
    1.06358087e+00 1.20259356e+00 1.67275059e+00 5.43233812e-01
    -4.83781129e-01 1.67139947e+00 1.66308546e+00 6.73958123e-01
    5.10608196e-01 3.83125842e-01 -1.10104144e-01 8.69147360e-01
    7.44420528e-01 -6.96749747e-01 1.26957178e+00 5.51506698e-01
    -1.71807587e-01 1.27721786e-01 2.48538792e-01 1.43577659e+00
    -1.38259470e-01 1.66367650e+00 1.24460816e-01 7.95274973e-03
    -3.68197054e-01 5.27866840e-01 -5.68240523e-01 1.18004215e+00
    -5.47749400e-02 8.99201691e-01 3.78009081e-01 1.75426209e+00
    1.03921390e+00 1.55113637e+00 5.34248769e-01 -1.39776170e-01
    2.85251319e-01 5.65605223e-01 1.49395013e+00 -5.33266246e-01
    -6.54274225e-02 1.57690811e+00 -5.58649361e-01 2.02189326e-01
    6.94786549e-01 1.36614037e+00 1.75645280e+00 -3.65249664e-01
    1.01638782e+00 -2.39029169e-01 1.72184813e+00 1.00532424e+00
    7.23811448e-01 1.05026937e+00 -8.30346286e-01 7.60833859e-01
    1.36596227e+00 1.11818373e+00 -1.97819650e-01 1.39942837e+00
    1.68566346e+00 -4.55289215e-01 5.71788311e-01 1.64182842e+00
    1.64711237e+00 -3.07229877e-01 -4.45265144e-01 -3.35502118e-01
    7.20633149e-01 1.57125545e+00 -3.97350252e-01 1.75673425e+00
    7.22060859e-01 1.09150517e+00 1.32956147e-01 6.60865128e-01
    -8.32317352e-01 -7.81919599e-01 4.34511006e-01 1.01865339e+00
    -6.19667768e-01 -2.26415813e-01 -1.73319399e-01 5.95656157e-01
    4.31915522e-02 4.25185740e-01 -2.28631496e-01 1.67472756e+00
    6.93554640e-01 -5.62260628e-01 9.31035936e-01 1.50868595e-01
    3.51506233e-01 8.69122863e-01 -5.58861971e-01 -4.78509665e-02
    1.73353124e+00 4.23377097e-01 -3.27500820e-01 6.78758025e-01
    -1.62062645e-01 3.34917843e-01 -5.12260199e-02 -8.28095675e-02
    6.58596039e-01 4.56306100e-01 1.78722954e+00 7.46313810e-01
    2.73384392e-01 -5.70613980e-01 6.95017934e-01 1.00901723e+00
    6.63317144e-01 1.45251620e+00 6.22881651e-02 4.50314820e-01
    1.63369012e+00 -3.91387850e-01 1.21953583e+00 2.46325195e-01
    1.27618062e+00 8.74689937e-01 1.13991177e+00 -5.89562178e-01
    1.43559301e+00 5.55396438e-01 1.68668270e+00 1.37181234e+00
    4.72665012e-01 1.36259174e+00 1.48230934e+00 1.56874228e+00
    1.21988738e+00 -3.18516850e-01 6.09126270e-01 6.58528864e-01
    5.01157999e-01 1.12290955e+00 1.62930059e+00 -2.64560938e-01
    1.15752089e+00 -2.52759516e-01 -2.68027425e-01 1.17914963e+00
    7.10416615e-01 -3.83272767e-01 1.01055562e+00 -7.02933073e-01
    1.18140888e+00 7.00573564e-01 1.32653165e+00 1.20786488e+00
    1.76479495e+00 4.76464331e-01 -6.23433352e-01 1.51955307e-01
    -4.49894547e-01 1.75585508e+00 1.40506363e+00 -2.38360643e-01
    1.45434499e+00 5.88263094e-01 1.95907474e-01 1.84227109e-01
    7.74940252e-01 -5.30220270e-01 -2.23941803e-02 -1.67374969e-01
    1.27826869e-01 1.73620760e+00 -1.84234381e-01 -1.93805933e-01
    1.17428863e+00 -7.29270935e-01 5.66300154e-01 -1.19893551e-01
    1.07739687e-01 7.48124719e-01 1.31437039e+00 -6.88785017e-02
    2.03011489e+00 3.54001105e-01 1.24464607e+00 1.46861434e+00
    1.00017560e+00 1.82577419e+00 2.93456197e-01 8.90807509e-01
    1.55382347e+00 3.05093825e-01 1.29991412e-01 -2.96122044e-01
    1.86466312e+00 2.05137491e-01 3.69190991e-01 1.40653253e+00
    8.11427236e-01 7.43503869e-01 3.27762723e-01 1.18515372e+00
    1.56015897e+00 -3.67261708e-01 1.69275451e+00 9.12748694e-01
    1.14037490e+00 -5.23556948e-01 1.64722753e+00 -6.71259046e-01
    1.38428783e+00 7.15347588e-01 5.27495682e-01 -2.43059933e-01
    2.80406177e-01 -2.91557729e-01 9.31958675e-01 -4.70588356e-01
    1.76707208e-01 1.67168224e+00 1.42749691e+00 1.36088216e+00
    1.59736252e+00 7.66748548e-01 1.08252048e+00 1.52581215e+00
    1.61130166e+00 -4.41731155e-01 1.95481241e-01 1.34258819e+00
    2.03544796e-01 -6.86120093e-01 1.36668682e+00 -6.59755528e-01
    -3.59685719e-01 -6.92207754e-01 8.55679512e-02 8.43322277e-02
    1.05057430e+00 1.61498106e+00 1.18533647e+00 4.77093935e-01
    6.00752592e-01 -2.89698482e-01 1.63341784e+00 9.90158737e-01
    -4.25023466e-01 -2.29568422e-01 1.40500450e+00 1.18123484e+00
    1.25505328e+00 8.62759471e-01 6.34544492e-02 7.65849650e-01
    -1.18956745e-01 1.16498208e+00 -5.99139452e-01 -6.12481356e-01
    -7.71228731e-01 1.84075439e+00 1.15609968e+00 1.35450935e+00
    -3.42479825e-01 -7.59482920e-01 1.04962456e+00 1.46922219e+00
    1.44066167e+00 1.16024995e+00 1.33774161e+00 3.78964543e-02
    -2.01841593e-02 6.14122212e-01 -6.87272906e-01 1.73596740e+00
    6.73423886e-01 -8.32503438e-02 1.78937197e+00 3.45021784e-01
    -6.65516675e-01 -3.73700291e-01 7.64171541e-01 1.39325666e+00
    2.09860325e-01 -6.54702485e-01 1.24847651e-01 1.58404219e+00
    1.14467204e-01 -7.34376907e-01 -2.75597095e-01 5.13806641e-01
    8.41391087e-01 -7.76053846e-01 1.11841452e+00 -2.86248982e-01
    1.60709143e+00 1.33360744e+00 1.48827791e-01 -6.52392507e-01
    6.47047162e-01 -5.82182884e-01 3.85443151e-01 1.81435919e+00
    1.18644631e+00 1.76323998e+00 -4.67329681e-01 1.24475360e-01
    7.57846653e-01 6.71630919e-01 7.35136688e-01 -4.53744769e-01
    1.13547921e+00 1.43304241e+00 4.36513841e-01 1.44306958e+00
    1.15870786e+00 -2.88086236e-01 -5.45398116e-01 6.04303896e-01
    1.75885487e+00 1.37588668e+00 -3.79148364e-01 8.04754138e-01
    1.60484982e+00 1.23812973e+00 1.06886292e+00 1.35110092e+00
    -2.38983750e-01 -3.58711272e-01 1.52804554e-01 -2.24217176e-01
    -5.99824011e-01 4.10652936e-01 3.39779913e-01 1.31291807e-01
    1.29843616e+00 -1.88633800e-02 1.39213800e+00 1.35959733e+00
    1.06828594e+00 1.47088015e+00 1.22866654e+00 2.44790673e-01
    1.94054067e-01 8.96297872e-01 1.70304573e+00 3.94306242e-01
    9.33060050e-01 7.14970887e-01 1.01657951e+00 -6.95460618e-01
    -2.55999267e-01 -4.37823534e-02 8.01155388e-01 -6.61035180e-01
    -4.74889249e-01 4.68016624e-01 -5.83018661e-01 -7.64518976e-01
    5.17081678e-01 -3.32141101e-01 1.00517964e+00 -2.33070612e-01
    7.29165018e-01 2.87406325e-01 -1.28014088e-02 1.04440713e+00
    -1.33473754e-01 -7.48595357e-01 9.13464129e-01 1.44773674e+00
    8.37051392e-01 1.62729943e+00 1.32245123e+00 -8.07146609e-01
    -5.87003589e-01 -8.19342554e-01 -5.74830770e-02 4.84964311e-01
    1.09831047e+00 -3.52789104e-01 7.78507829e-01 -8.22061062e-01
    1.69486499e+00 1.10359788e-01 -1.32557273e-01 1.73682475e+00
    1.15365911e+00 4.28281426e-02 7.02615023e-01 -2.10242569e-01
    2.30942667e-01 9.24465299e-01 1.12521505e+00 7.11126328e-02
    1.43698454e+00 2.72984624e-01 1.46678722e+00 1.72632098e-01
    3.31707895e-01 6.77665234e-01 -8.97793472e-01 1.64152694e+00
    2.43241191e-01 1.27153409e+00 -4.04902101e-02 1.55029225e+00
    5.94602823e-01 1.24842823e+00 1.04849553e+00 -8.01430821e-01
    -5.18356323e-01 6.28372371e-01 1.46380067e+00 -4.42933261e-01
    9.69109476e-01 -3.34062457e-01 3.89904618e-01 1.28821397e+00
    -7.27391422e-01 -1.73929095e-01 5.29965222e-01 7.56026506e-02
    1.01646638e+00 1.66613936e+00 1.59817910e+00 1.25195038e+00
    1.34213769e+00 1.46029651e-01 5.89680076e-02 1.85152829e+00
    -2.77741373e-01 -3.55536550e-01 -6.26479626e-01 4.10389125e-01
    1.91969204e+00 9.95203853e-02 1.68269300e+00 -1.40757024e-01
    6.91550612e-01 1.59117436e+00 -1.02802515e-02 1.65232396e+00
    -6.83206320e-01 1.18232644e+00 1.57293975e-01 5.78465641e-01
    5.47466576e-01 1.02075458e-01 -6.02405190e-01 7.73609221e-01
    1.25700712e+00 4.66765344e-01 7.09739387e-01 7.35250711e-02
    -6.87990248e-01 4.00369346e-01 -6.11472607e-01 6.85505033e-01
    6.04532421e-01 1.30516994e+00 2.89534569e-01 1.09422207e-01
    -5.21579385e-01 7.02688515e-01 -1.78016603e-01 1.36324048e+00
    1.02871966e+00 1.30750418e+00 1.01205230e-01 4.15571749e-01
    4.54660296e-01 1.13556969e+00 -7.96821594e-01 9.76670623e-01
    6.75953984e-01 6.72617435e-01 -1.55765772e-01 1.39280367e+00
    6.08624995e-01 -4.62710738e-01 1.42361236e+00 -1.00849032e-01
    7.56953001e-01 1.10300398e+00 1.83718240e+00 5.33377051e-01
    1.77433681e+00 -1.34673715e-01 4.07030642e-01 1.62968349e+00
    1.06560528e+00 1.48612392e+00 1.19192600e-02 1.66069126e+00
    3.62209260e-01 8.66617322e-01 3.34403098e-01 -1.89554513e-01
    1.09793496e+00 1.47502470e+00 -3.85689318e-01 -3.91421378e-01
    1.15719175e+00 1.56657493e+00 8.44192803e-01 1.00715816e-01
    1.29350114e+00 7.72923648e-01 -5.51041842e-01 1.15626121e+00
    3.25446188e-01 -4.34927106e-01 1.37129998e+00 1.69986796e+00
    -9.39123034e-02 -1.38088584e-01 -3.89748812e-03 1.35971069e-01
    1.00647461e+00 1.46456480e+00 1.53345227e+00 -2.27343321e-01
    1.65626395e+00 -2.86209583e-03 2.94543028e-01 -3.14134538e-01
    7.58206069e-01 1.36796606e+00 2.49317169e-01 6.91265821e-01
    -7.84378171e-01 -5.28265119e-01 1.13982105e+00 -2.00619698e-01
    2.11490393e-01 9.56722736e-01 -4.15354669e-01 9.90775585e-01
    7.98137903e-01 5.21797776e-01 -4.55663353e-01 -7.29698658e-01
    8.10005724e-01 4.23696637e-02 -3.30514729e-01 1.39645207e+00
    5.77005684e-01 -4.83160883e-01 8.26936483e-01 6.60451293e-01
    1.04696703e+00 7.78164804e-01 7.07660973e-01 -7.38305092e-01
    -7.90005922e-02 4.99985874e-01 -3.94472539e-01 1.55207300e+00
    -5.34356117e-01 5.67266583e-01 9.54057515e-01 7.88976312e-01
    1.20743775e+00 1.42593980e-02 8.57698917e-02 -4.72801864e-01
    7.02927053e-01 9.56463695e-01 1.72949147e+00 1.47323477e+00
    -4.28901196e-01 1.40608490e+00 1.27545595e-01 6.40561223e-01
    1.05713606e-02 -7.47267187e-01 -7.28723407e-02 -3.98423254e-01
    1.65908718e+00 7.85128355e-01 1.25819468e+00 1.13628531e+00
    1.41917884e+00 4.77192998e-02 5.28111756e-01 -7.15050936e-01
    9.95381594e-01 -5.61878741e-01 1.87821484e+00 -1.62240148e-01
    -7.83456326e-01 -1.65094495e-01 1.73277140e+00 -4.99346107e-01
    6.62486613e-01 1.32294440e+00 2.54096031e-01 7.25572705e-02
    6.81554854e-01 7.13770270e-01 1.81343853e-01 1.54861832e+00
    -7.76564300e-01 -8.43979716e-01 -5.48012495e-01 -6.31895781e-01
    -4.79514480e-01 9.31254923e-01 5.15076160e-01 9.96285617e-01
    5.15630603e-01 8.65130007e-01 1.13446617e+00 1.77227998e+00
    5.07231712e-01 5.05135834e-01 1.78159535e+00 3.24483097e-01
    -2.39020407e-01 9.39366460e-01 3.05122674e-01 -3.83817971e-01
    -2.27058530e-01 -3.93030643e-02 1.16306365e+00 4.13900852e-01
    2.16577888e-01 7.78307080e-01 -6.81784570e-01 -4.75816190e-01
    -4.91735607e-01 -8.69392335e-01 1.30191183e+00 1.77881873e+00
    1.59440780e+00 1.70608544e+00 -3.05463612e-01 1.08612728e+00
    4.52466309e-01 7.52792597e-01 1.73843110e+00 9.25504804e-01
    1.06005788e-01 -1.93746686e-01 1.42582119e+00 1.13733530e+00
    9.53620374e-01 -7.86748409e-01 6.83288634e-01 1.31015575e+00
    1.03068328e+00 1.59475684e+00 -4.99604493e-01 8.60136628e-01
    7.54894555e-01 1.25221813e+00 8.94121587e-01 6.57975078e-02
    -5.06172478e-01 -2.76274085e-01 1.24675500e+00 1.37871385e-01
    1.70644689e+00 -2.46994317e-01 9.89156365e-01 -5.73138833e-01
    1.28698337e+00 1.51134682e+00 1.00034535e+00 7.22638369e-01
    -3.73023808e-01 -2.07092762e-02 1.31462860e+00 3.79563808e-01
    7.82064795e-01 4.79739547e-01 6.16574407e-01 3.27036202e-01
    -6.82929814e-01 6.04930878e-01 1.22664213e+00 -1.80871129e-01
    8.12441170e-01 -2.06497133e-01 5.29286444e-01 -2.55665779e-01
    1.26623619e+00 7.78057516e-01 3.63395572e-01 -2.10698843e-01
    1.92430067e+00 7.29281366e-01 -2.87639201e-02 4.50412631e-01
    2.12473488e+00 1.96948147e+00 -5.99252760e-01 6.86260104e-01
    -5.17533660e-01 5.97571909e-01 1.04494739e+00 -2.12187707e-01
    2.69967079e-01 3.43286872e-01 1.49054837e+00 1.70124960e+00
    -1.28433347e-01 1.71716118e+00 1.33091092e+00 2.15822577e-01
    1.85329318e+00 5.05417645e-01 2.85794079e-01 1.28626704e+00
    -9.73331332e-02 1.60240245e+00 1.16030526e+00 1.19699883e+00
    -5.00633895e-01 1.73527217e+00 -3.19413722e-01 9.89867330e-01
    1.35138750e+00 1.46601200e-01 1.80713916e+00 1.13714731e+00
    1.51554298e+00 -8.50282848e-01 -5.10808527e-01 6.93968952e-01
    -1.33993268e-01 -4.88027215e-01 1.39764309e+00 1.61114073e+00
    1.66537929e+00 4.56547737e-02 1.52282834e+00 3.09094012e-01
    2.65315950e-01 1.82566333e+00 -6.98073506e-01 1.66342258e+00
    -2.89887190e-03 -7.44944036e-01 1.88314199e+00 1.66586375e+00
    -1.23118162e-02 1.65852547e+00 -6.82552516e-01 -2.35211790e-01
    8.61766577e-01 -4.78982925e-02 -6.95565283e-01 5.36461174e-01
    1.72132468e+00 7.11899638e-01 1.10940099e+00 -1.42693937e-01
    9.40984488e-03 -3.16094756e-01 5.70487142e-01 -6.09761357e-01
    1.46016824e+00 -3.83086473e-01 1.17145181e-02 -6.79865956e-01
    9.91420269e-01 1.32098675e-01 1.71958208e+00 -6.75690114e-01
    2.72371769e-02 7.90516555e-01 1.61257315e+00 -8.37004960e-01
    6.19138658e-01 4.53324854e-01 1.89774215e-01 2.11316049e-01
    1.12357879e+00 1.49100304e-01 8.97340000e-01 1.59516096e+00
    1.54774809e+00 1.07209563e+00 1.75996089e+00 6.81107104e-01
    1.73341990e+00 -2.04128921e-01 -6.05965257e-02 1.37855577e+00
    1.80410385e+00 1.10790956e+00 2.50637650e-01 -4.97344851e-01
    6.68768167e-01 7.95117199e-01 4.01943922e-03 -6.58486009e-01
    4.91018593e-01 1.85904086e+00 1.63775086e+00 -9.45362449e-02
    1.04186010e+00 1.46408498e-01 1.31583309e+00 3.35022986e-01
    1.41757810e+00 7.11385250e-01 1.61615694e+00 -6.26845300e-01
    -4.22157943e-01 -6.88921928e-01 -7.69244194e-01 -7.89743006e-01
    5.62848806e-01 -5.63980401e-01 5.10428548e-01 8.04619193e-02
    2.06512451e-01 1.36696994e-01 -5.30061126e-01 4.49542582e-01
    -3.83132964e-01 -8.72790813e-03 3.57912779e-02 1.50126576e+00
    1.72834063e+00 9.66172338e-01 4.16541100e-01 -8.05584252e-01
    -3.25647652e-01 -7.81029582e-01 7.30338097e-02 7.00037122e-01
    1.04122448e+00 1.26095057e+00 -7.67758608e-01 -2.93052435e-01
    1.04080677e+00 -1.32520556e-01 -6.26651227e-01 5.10889411e-01
    1.37530613e+00 1.29745030e+00 6.14282012e-01 8.39664698e-01
    1.21607471e+00 -2.54840195e-01 -2.05595911e-01 1.23927855e+00
    1.53107548e+00 5.24598360e-02 -2.95209885e-03 9.02386367e-01
    -5.47360003e-01 -4.38234061e-01 3.07497442e-01 -2.55062163e-01
    7.17653811e-01 7.64155746e-01 1.16492677e+00 1.02650619e+00
    -4.24363613e-01 1.38247228e+00 4.70404088e-01 -2.37118661e-01
    1.10074639e+00 8.50307763e-01 -7.28205800e-01 3.62282395e-02
    6.13093734e-01 1.64098978e+00 -8.69153142e-02 2.54726231e-01
    -4.64968771e-01 1.24399114e+00 4.67168093e-02 4.08063114e-01
    1.51095796e+00 1.35946167e+00 5.62790453e-01 -2.81286836e-02
    1.46133530e+00 4.80861068e-01 -9.14995849e-01 1.47922790e+00
    9.78490472e-01 -8.87274981e-01 1.22885835e+00 -1.18840873e-01
    1.34200859e+00 -5.33811688e-01 1.72133458e+00 6.43041134e-02
    6.43896461e-02 7.94496417e-01 -3.90469015e-01 1.59507895e+00
    -2.35187292e-01 8.19609821e-01 9.69533026e-01 1.23517251e+00
    1.11087632e+00 -5.91694534e-01 1.56655455e+00 4.20165062e-03
    9.34866071e-01 7.06702769e-01 -2.56047130e-01 -1.17027760e-03
    2.88112819e-01 1.44644856e+00 -2.01607823e-01 9.25176144e-02
    -2.90304780e-01 1.45274925e+00 -3.52238417e-02 -1.37368202e-01
    2.93558240e-01 -4.84519005e-02 4.79051590e-01 -6.22222424e-02
    3.59628797e-02 4.32306886e-01 1.22243714e+00 -7.38469839e-01
    1.11690044e+00 1.07692194e+00 1.50638521e-01 6.27462089e-01
    2.60841131e-01 9.82177138e-01 -2.15252042e-02 1.42684770e+00
    -2.17425287e-01 -2.88641989e-01 -6.72092617e-01 -9.79696512e-02
    -1.70333505e-01 1.81965816e+00 5.08812904e-01 -4.52757329e-01
    7.56213129e-01 1.51976395e+00 5.95217526e-01 1.70508003e+00
    1.45479953e+00 -5.75714946e-01 1.92983818e+00 3.85144353e-01
    -3.37651402e-01 3.97803903e-01 -3.36181581e-01 -1.26100600e-01
    7.81913996e-02 1.53686166e-01 1.62797403e+00 -5.18637955e-01
    1.16011429e+00 -5.02830148e-01 -4.01296437e-01 -6.88435912e-01
    1.05551529e+00 -3.80688190e-01 1.50536346e+00 4.87956107e-01
    -7.95620978e-01 9.93499398e-01 -4.73611385e-01 2.68320858e-01
    -6.92546844e-01 1.23976624e+00 1.74619925e+00 -5.71618855e-01
    2.60420442e-01 -5.83513975e-02 -5.56582868e-01 1.33133268e+00
    9.18455660e-01 -8.24301660e-01 1.23753166e+00 5.65415144e-01
    1.64430761e+00 -8.45247209e-01 1.18643785e+00 -3.82485867e-01
    1.43239152e+00 4.51784074e-01 -7.30174780e-02 4.85670090e-01
    6.05417788e-01 1.22783935e+00 8.60662580e-01 1.40846038e+00
    4.26733494e-01 -6.02979124e-01 2.72456229e-01 -6.06164932e-01
    3.27450216e-01 -4.82887894e-01 -7.19108522e-01 2.79648542e-01
    1.53473449e+00 -7.32336462e-01 1.27837300e-01 5.84369242e-01
    -4.36613739e-01 5.16305685e-01 1.61257207e-01 3.65954936e-01
    -2.75594473e-01 -6.65821016e-01 3.21920216e-01 1.42754126e+00
    1.41317022e+00 -6.80169165e-01 2.37825096e-01 3.39696646e-01
    -2.94687092e-01 -4.94234771e-01 1.36762178e+00 -3.47332180e-01
    1.70498562e+00 -3.55321169e-02 5.47701836e-01 1.70216799e+00
    5.75444341e-01 1.04193842e+00 -3.28452766e-01 5.99678993e-01
    9.76413488e-03 4.29584682e-01 -7.89454222e-01 -5.24632573e-01
    -4.80007261e-01 1.52387977e-01 1.46530366e+00 1.63136172e+00
    2.85627067e-01 8.31979215e-01 1.58647156e+00 6.95114374e-01
    3.00748050e-01 1.35809374e+00 2.98667610e-01 7.01817870e-01
    2.59112298e-01 1.42530203e-01 4.66326654e-01 1.59314597e+00
    6.02495790e-01 5.36692619e-01 5.76874435e-01 -1.74902260e-01
    1.02456379e+00 1.43136120e+00 1.55331481e+00 -1.21056080e-01
    -7.38526881e-01 -6.76942408e-01 1.53617346e+00 7.82527924e-02
    -2.75324285e-01 1.28119731e+00 7.15315044e-01 1.76901448e+00
    1.67322516e+00 1.26622331e+00 9.21242058e-01 3.32145095e-02
    -1.28345847e-01 1.82797360e+00 -3.73301715e-01 -4.98198420e-01
    5.93691409e-01 1.75728834e+00 -6.25556290e-01 -6.52407408e-01
    -7.43612468e-01 -5.43534517e-01 5.14899671e-01 1.21810234e+00
    -1.18396461e-01 -8.02292168e-01 6.10641837e-01 1.37549043e-01
    1.49818802e+00 -4.49440211e-01 1.19068694e+00 1.73776305e+00
    4.88768995e-01 1.15618932e+00 -7.29723215e-01 5.68896532e-01
    -1.93158448e-01 6.66415334e-01 6.67320788e-01 -1.17444992e-02
    -1.89353466e-01 3.46434176e-01 1.30475903e+00 1.70261788e+00
    1.66881204e-01 -7.62506127e-01 -3.11905146e-02 -1.26441538e-01
    -6.55425549e-01 -1.23784006e-01 -2.27481484e-01 1.85662448e-01
    5.19453645e-01 1.83035362e+00 -2.02720523e-01 -3.19196135e-01
    9.17337716e-01 4.17430520e-01 3.96087170e-01 1.62562501e+00
    -3.37314188e-01 1.64887691e+00 1.56651998e+00 1.57540762e+00
    1.27046895e+00 9.14667904e-01 1.63964200e+00 4.66550589e-02
    1.25131428e+00 1.36164451e+00 1.82130647e+00 -7.17337430e-01
    1.36834133e+00 1.64367557e-01 1.51207983e+00 -4.42613572e-01
    8.74447286e-01 1.15150726e+00 1.48369372e+00 1.72325909e+00
    1.50366437e+00 1.34614861e+00 9.95409191e-01 1.44959879e+00
    1.46726775e+00 5.03653944e-01 -4.49262887e-01 1.63496542e+00
    -5.56575179e-01 1.46893752e+00 9.36908901e-01 1.99356914e-01
    2.50264466e-01 -5.54526091e-01 3.29518318e-01 -5.49200654e-01
    7.28856981e-01 1.40141630e+00 1.01075554e+00 1.76325262e-01
    1.44194901e+00 -4.56594229e-02 4.74381804e-01 2.75481343e-02
    2.18708277e-01 2.58304358e-01 4.79024470e-01 1.68684840e+00
    -7.02537894e-02 1.26059484e+00 1.08656192e+00 8.06290567e-01
    -7.15675414e-01 2.69077837e-01 1.12270451e+00 3.93337905e-01
    8.05237055e-01 2.14233458e-01 1.63926244e+00 5.16354918e-01
    9.09364402e-01 1.75422692e+00 -5.04983723e-01 1.22763515e-01
    4.53819931e-01 -7.75247812e-01 -1.83373094e-02 1.37852216e+00
    -5.67313969e-01 1.12844324e+00 2.51523793e-01 -7.03962684e-01
    -4.29716557e-01 7.51386166e-01 1.25394487e+00 1.54219735e+00
    -7.93207288e-01 5.01038015e-01 7.10573792e-02 1.04942644e+00
    4.54444289e-01 1.77211738e+00 -4.58261073e-01 7.37515390e-01
    1.92868090e+00 -4.95654225e-01 -9.21717882e-02 1.31218934e+00
    6.27214193e-01 1.71662402e+00 -3.32593709e-01 -4.15245891e-02
    1.49626839e+00 -4.51085657e-01 -1.08020365e-01 -5.20195305e-01
    1.38248491e+00 -1.26843810e-01 -3.37303072e-01 5.22871256e-01
    -2.68557310e-01 2.14548051e-01 2.94597030e-01 9.08066988e-01
    -7.45455146e-01 -6.15805864e-01 -4.58544850e-01 -3.51780504e-01
    1.00660300e+00 1.06588602e-02 4.25064504e-01 9.90793824e-01
    4.29265976e-01 -6.18912339e-01 -8.30828965e-01 1.77580237e-01
    1.73740268e+00 3.25139105e-01 2.21710682e-01 7.71842241e-01
    6.61931157e-01 1.34871709e+00 -5.74182391e-01 1.33078265e+00
    -3.19016099e-01 1.48100662e+00 -3.68787050e-01 1.67437482e+00
    -6.26580119e-01 7.50912964e-01 1.22524071e+00 -5.22574902e-01
    1.62094533e+00 1.27086496e+00 -5.93501329e-03 3.65465105e-01
    -7.39395440e-01 -6.06130481e-01 6.03355110e-01 8.46671879e-01
    1.29420340e+00 1.59762549e+00 2.06006169e-02 1.66094255e+00
    2.07646370e-01 1.04510963e+00 9.01812553e-01 -4.38023329e-01
    1.88294232e-01 -2.49028027e-01 -7.56834626e-01 -1.46832824e-01
    5.60690582e-01 -3.42693090e-01 1.46750510e+00 1.53309655e+00
    3.37964118e-01 1.33577633e+00 3.47254455e-01 -8.09187174e-01
    8.04517508e-01 1.12997603e+00 3.51869464e-02 1.62692249e-01
    1.67015910e-01 -3.73497009e-01 1.27761734e+00 -1.07619882e-01
    1.89732075e-01 1.43855906e+00 -8.02296758e-01 -4.18701172e-01
    -7.23673820e-01 -3.99932265e-01 -1.18744969e-01 -4.70224053e-01
    4.42261696e-01 -3.20949882e-01 -7.05283999e-01 -7.55261898e-01
    2.37964869e-01 1.75680935e+00 2.80298591e-02 -4.19238687e-01
    5.74369252e-01 1.39742017e-01 1.71193647e+00 -2.76978195e-01
    6.11449480e-02 8.29810381e-01 8.00317347e-01 -1.51625276e-02
    1.51944816e-01 -5.47301769e-02 1.22207081e+00 -4.36428905e-01
    1.02511573e+00 9.31711972e-01 4.26294625e-01 1.63642526e+00
    6.05282307e-01 2.25976348e-01 -3.29698682e-01 1.10150337e+00
    8.33871484e-01 4.44928467e-01 1.53232956e+00 1.81401968e+00
    1.76593721e+00 5.21956623e-01 -5.63224316e-01 3.88969958e-01
    1.46107805e+00 1.21399319e+00 1.63056314e-01 7.21116841e-01
    1.04500699e+00 3.90321672e-01 5.70655942e-01 -6.03629887e-01
    2.09904194e-01 -8.11005890e-01 2.50954628e-02 1.51722670e-01
    2.88905501e-02 5.23555279e-02 1.25030279e+00 1.48068905e+00
    1.46979785e+00 1.20290995e+00 4.94215965e-01 1.33661985e+00
    -1.23592556e-01 8.82066905e-01 -2.78388917e-01 1.25167191e-01
    5.32055259e-01 1.43250632e+00 1.03976393e+00 9.53871012e-03
    4.73458946e-01 -4.09525335e-01 6.10905170e-01 2.96358407e-01
    1.30131221e+00 4.33044910e-01 4.37716246e-02 1.26504874e+00
    1.72942221e+00 1.59163094e+00 -4.04190719e-01 1.89654410e-01
    -4.48551178e-02 1.56981635e+00 1.13317645e+00 -1.51904047e-01
    -3.99587095e-01 1.67211854e+00 -4.39838350e-01 -4.44662392e-01
    3.09767127e-01 5.95653057e-03 1.66898370e+00 1.33383346e+00
    -8.02301824e-01 1.76556373e+00 -1.87272668e-01 7.45936036e-01
    -9.54661369e-02 2.96744823e-01 6.34438396e-02 1.67790020e+00
    1.65422153e+00 7.08254993e-01 8.90978277e-01 1.48954630e-01
    1.25164628e+00 8.98646414e-01 1.69169474e+00 -6.47468328e-01
    1.56078219e+00 1.78236127e-01 1.80841470e+00 -3.71527195e-01
    -3.90388072e-01 1.16779685e+00 -1.73474312e-01 1.02503681e+00
    5.61129451e-01 -7.98127174e-01 -4.57196683e-01 6.13013148e-01
    -5.11872292e-01 -7.44116843e-01 1.42408323e+00 -7.03301489e-01
    3.35870862e-01 -2.04147160e-01 6.52722955e-01 1.51238012e+00
    -5.10669649e-01 1.74814129e+00 4.53047812e-01 1.20555973e+00
    8.60402703e-01 1.52136576e+00 5.90165854e-02 -2.13650763e-01
    1.28665042e+00 6.47978783e-01 5.65389693e-01 7.56447613e-01
    -1.32502615e-01 4.70866919e-01 1.15382349e+00 -6.05036974e-01
    3.40216398e-01 7.20138907e-01 9.17759001e-01 -3.85507762e-01
    1.77558994e+00 3.56775701e-01 7.27113187e-01 6.49210453e-01
    1.16131687e+00 8.17583680e-01 7.00513124e-02 -3.55533302e-01
    8.79729569e-01 1.58423257e+00 4.75911438e-01 -7.90903986e-01
    4.27819014e-01 1.15154147e+00 8.40338767e-01 4.43650484e-01
    1.06957483e+00 1.16120839e+00 1.72533464e+00 5.17840207e-01
    -1.39104664e-01 1.30222726e+00 4.58886921e-01 1.42284322e+00
    1.18137896e+00 5.55748999e-01 1.15975189e+00 4.75715697e-01
    -5.69836497e-01 9.62474346e-01 7.69766510e-01 3.81690681e-01
    1.20859039e+00 -7.40018070e-01 -6.37255311e-01 -7.27693141e-01
    1.34953761e+00 3.78045797e-01 -7.56355345e-01 -6.49283409e-01
    6.28568113e-01 4.70086575e-01 -4.96855408e-01 4.24612164e-01
    -3.86491030e-01 1.29221988e+00 1.64715707e+00 4.52559590e-02
    -7.15262294e-01 1.52640843e+00 -7.27351546e-01 1.27291155e+00
    1.09444988e+00 1.61612630e-02 5.51021039e-01 4.83520985e-01
    8.90685081e-01 7.42816210e-01 -6.48618281e-01 1.06609035e+00
    1.79836035e+00 1.78867388e+00 6.91820800e-01 -5.51122546e-01
    1.44333196e+00 5.18625975e-03 1.26508713e+00 1.29847336e+00
    -5.20190358e-01 -1.78319275e-01 -3.61814857e-01 3.13920856e-01
    1.01107860e+00 -3.11272740e-02 7.96574354e-03 1.53974271e+00
    3.49178374e-01 2.09168971e-01 -2.79937863e-01 3.44637215e-01
    9.05488610e-01 1.49771404e+00 6.87887490e-01 1.55662596e+00
    8.14176738e-01 -7.69747615e-01 -3.12275290e-02 -5.47109783e-01
    1.06637645e+00 1.12744689e+00 -9.27590132e-02 4.35003817e-01
    2.79699326e-01 -3.47565055e-01 1.72907889e+00 2.18251884e-01
    1.00376701e+00 5.44269860e-01 -5.21488965e-01 1.69738102e+00
    5.52659392e-01 8.98476601e-01 7.72113800e-01 1.34813094e+00
    1.77359343e+00 1.80427361e+00 -5.50766587e-02 2.66214609e-01
    1.51656079e+00 5.02603650e-02 -2.55309284e-01 1.35676622e+00
    -3.28035474e-01 1.00825417e+00 3.60080600e-02 -5.52366257e-01
    6.74714983e-01 5.45460284e-01 -5.47969341e-02 2.24289536e-01
    1.69843912e+00 1.52350342e+00 -7.11355507e-01 7.74111748e-01
    -7.29300261e-01 -3.63274783e-01 1.78549814e+00 -4.24264491e-01
    1.40963697e+00 7.34340429e-01 1.03778410e+00 1.07585287e+00
    1.23011923e+00 7.19045401e-02 1.31118369e+00 1.00793433e+00
    5.66950440e-02 2.15380192e-02 -4.64308590e-01 1.37179494e+00
    1.44154024e+00 -4.54190254e-01 -7.42453635e-01 -6.25819325e-01
    -4.59752530e-01 1.07984114e+00 1.45421743e+00 8.01481605e-01
    1.91312325e+00 -6.31207943e-01 3.96259189e-01 -2.65957654e-01
    2.29803026e-01 9.53066468e-01 1.79988873e+00 1.73211241e+00
    9.72735763e-01 7.39931464e-02 8.70330811e-01 -4.69353944e-01
    1.46476936e+00 -2.69650936e-01 1.37007332e+00 -6.01886034e-01
    1.49418890e+00 1.45369887e+00 -1.07358694e-01 1.46214473e+00
    1.93511367e-01 1.46490991e+00 -4.76025730e-01 -3.39289129e-01
    -8.18696141e-01 -8.17218304e-01 1.39549136e+00 3.80650520e-01
    5.00157356e-01 4.71369028e-02 -2.10086107e-01 1.45672905e+00
    4.11072910e-01 5.64898849e-01 1.41405249e+00 -5.65630138e-01
    1.00800991e+00 7.30042458e-02 -1.90958261e-01 1.41402483e-01
    7.75744140e-01 9.45349157e-01 1.43452764e+00 1.49927258e+00
    1.60722613e+00 9.28930342e-01 8.62358987e-01 1.29864275e+00
    5.55473030e-01 -9.13464606e-01 -5.18445373e-01 6.52876318e-01
    -4.20767725e-01 7.40937352e-01 1.12526309e+00 1.48511553e+00
    1.41203105e-01 -2.94197559e-01 -3.84420544e-01 5.54372072e-02
    -4.29132491e-01 -7.43081570e-01 -1.72964334e-02 5.53261578e-01
    8.64555120e-01 -7.59682477e-01 1.53307676e+00 -2.88832545e-01
    1.43949103e+00 -2.31165588e-01 9.29130256e-01 -8.24931800e-01
    1.98783457e-01 3.72146785e-01 1.24326205e+00 3.49188507e-01
    1.09130991e+00 9.15255845e-01 -1.28447294e-01 -5.29403090e-01
    4.55384195e-01 -7.63797402e-01 -6.29709363e-01 9.55340564e-01
    -1.40453339e-01 -5.37091494e-03 -7.93980360e-02 1.57245767e+00
    -6.05421007e-01 -3.34951103e-01 5.57757914e-01 -3.56781214e-01
    3.06232631e-01 7.10879028e-01 -3.46916437e-01 -8.57075870e-01
    1.63589072e+00 1.63256407e+00 1.72287655e+00 -3.84564400e-02
    7.77800381e-01 7.27086127e-01 -5.61508179e-01 1.07623792e+00
    3.70635271e-01 -1.53090358e-01 1.17605424e+00 1.36516309e+00
    1.74296093e+00 -6.61056280e-01 7.57085204e-01 3.64540100e-01
    -2.67529428e-01 1.96709490e+00 -4.55441892e-01 9.62136984e-02
    -3.16254944e-01 1.62952232e+00 -6.84922457e-01 5.75084090e-02
    1.53633702e+00 5.47405064e-01 1.53245020e+00 -2.38127708e-02
    -5.10042071e-01 9.66790318e-02 6.61866128e-01 1.01210213e+00
    -1.60747111e-01 1.82377493e+00 -2.37821519e-01 1.68976694e-01
    3.82509202e-01 1.32025445e+00 1.58227623e-01 9.92405415e-01
    7.07797706e-01 -4.21856374e-01 1.38137627e+00 1.61146915e+00
    1.45839083e+00 -3.32598090e-02 8.49207401e-01 1.55683231e+00
    1.17279875e+00 1.61064339e+00 1.10118377e+00 1.16137755e+00
    1.18327165e+00 1.56598043e+00 1.22555614e+00 2.93076754e-01
    1.27014935e+00 -4.67311502e-01 7.87918806e-01 1.46489239e+00
    -5.24486303e-02 1.18069148e+00 -2.39513636e-01 2.92629004e-03
    -4.53110695e-01 2.14529932e-01 -5.95143378e-01 -9.05496478e-02
    9.84979868e-01 4.16348696e-01 5.81321120e-02 -3.74984741e-02
    7.14162290e-01 -1.62986577e-01 7.39501655e-01 -3.83480132e-01
    -3.84090424e-01 -7.39507616e-01 -8.06044638e-01 -6.01349473e-02
    3.14616561e-01 1.77892494e+00 6.55545831e-01 3.98610353e-01
    5.11685371e-01 -6.89641833e-02 -3.71661782e-02 7.10087121e-01
    -1.78905189e-01 1.65254450e+00 4.22417700e-01 3.51599395e-01
    -3.63059640e-02 1.38931990e+00 9.21535492e-02 1.67577052e+00
    3.41377556e-01 -6.87446058e-01 5.14442146e-01 1.15924764e+00
    8.15569937e-01 1.96422696e-01 -1.54133081e-01 -1.14185810e-01
    -5.21434188e-01 1.71582925e+00 7.36736178e-01 3.99931192e-01
    2.71502912e-01 1.80702519e+00 1.53678012e+00 1.32639456e+00
    -6.08414054e-01 -5.01476169e-01 1.05480266e+00 7.34154761e-01
    1.51908350e+00 1.19802928e+00 -5.73512554e-01 1.66958284e+00
    4.37277317e-01 1.41997361e+00 -5.44652581e-01 1.56945848e+00
    -2.55857110e-02 1.23458195e+00 2.14568973e-02 -3.28939199e-01
    6.33000910e-01 1.07527483e+00 -5.48104525e-01 1.81470513e+00
    -4.95350093e-01 -4.25442010e-01 8.15926433e-01 -5.75221539e-01
    1.34497619e+00 -2.22691655e-01 2.28637993e-01 1.10594857e+00
    -7.29603231e-01 -2.16562390e-01 8.44582081e-01 -4.43805426e-01
    1.22366583e+00 7.62052059e-01 9.62626398e-01 -4.31343466e-01
    1.27527606e+00 -6.74336851e-01 4.96478915e-01 1.48097897e+00
    1.55541193e+00 2.98948348e-01 -6.06494486e-01 1.69136918e+00
    1.46780849e+00 -3.67304832e-01 6.34353459e-01 -1.65534139e-01
    3.81019950e-01 -4.41125244e-01 1.03670192e+00 -6.76905036e-01
    -1.32694840e-02 8.90052319e-03 1.42926860e+00 3.30767930e-01
    1.80808377e+00 1.43107653e+00 -7.05544353e-01 1.57124805e+00
    1.10890067e+00 -4.83325213e-01 1.45696068e+00 5.17660975e-01
    5.36263585e-02 8.14793825e-01 1.63789046e+00 1.58489645e-01
    -6.12373650e-01 -2.64163017e-01 5.76607108e-01 1.10100985e+00
    1.52578759e+00 1.36426318e+00 -7.75086164e-01 8.66272271e-01
    9.45866704e-01 1.49148560e+00 8.34806263e-01 2.05791116e-01
    1.59435117e+00 8.99609387e-01 5.82906604e-01 -4.66203094e-02
    -5.68303645e-01 -6.28306985e-01 3.07050467e-01 -2.42267311e-01
    -4.57219869e-01 5.17697990e-01 4.40681875e-01 8.67332757e-01
    7.65974462e-01 1.66938162e+00 1.39924479e+00 1.36960959e+00
    1.19460297e+00 1.48140097e+00 -6.61826730e-01 1.18584895e+00
    1.64402759e+00 6.39387608e-01 1.18297017e+00 1.45149708e+00
    2.99764037e-01 8.98077548e-01 -5.32444715e-01 -7.92811394e-01
    -5.65838218e-01 1.70393217e+00 -3.42307210e-01 -3.57731402e-01
    1.07097507e+00 1.61549985e-01 1.26440382e+00 -2.99961567e-02
    1.16831076e+00 8.05931211e-01 9.48785245e-01 1.19717872e+00
    4.97747064e-02 1.03064239e+00 -2.11364210e-01 1.64241326e+00
    1.41893315e+00 1.13418818e+00 2.84618616e-01 1.72487271e+00
    8.01180184e-01 1.59969294e+00 -2.74956584e-01 3.93810213e-01
    1.22420192e-01 1.63760138e+00 7.17987359e-01 -3.35628450e-01
    4.92021859e-01 1.15676641e-01 -6.01195931e-01 -5.67340016e-01
    -6.01861596e-01 4.00233865e-01 9.15501237e-01 7.24754274e-01
    1.27959478e+00 7.70248711e-01 3.51207256e-02 -4.72251773e-02
    -3.91266316e-01 1.34685326e+00 9.52766240e-01 -2.82266557e-01
    8.72345090e-01 1.08712173e+00 -4.09411579e-01 2.94103384e-01
    6.50511563e-01 -1.72930539e-01 -5.27319312e-01 6.92271113e-01
    2.53070056e-01 1.13177216e+00 -1.00757480e-01 9.45575595e-01
    -2.55682915e-01 -2.94555426e-02 1.66287613e+00 -5.04380465e-02
    1.27140689e+00 1.99520707e-01 2.68358290e-01 1.19252706e+00
    1.17059779e+00 1.84868217e-01 1.50411463e+00 9.07172859e-01
    -6.52515769e-01 1.12622428e+00 1.15794957e-01 -5.74865341e-02
    1.43607366e+00 7.49605894e-02 1.38549519e+00 -1.39262259e-01
    4.28076029e-01 -3.74861807e-01 -1.15227759e-01 1.14871192e+00
    6.39367521e-01 1.76987767e+00 2.36240804e-01 9.41970110e-01
    -4.81412977e-01 1.98379278e-01 -1.23483598e-01 1.26448846e+00
    1.58986580e+00 1.30412161e-01 6.05308533e-01 -1.69117391e-01
    -6.31827712e-02 7.53484666e-01 1.21354258e+00 3.38484704e-01
    1.74811471e+00 1.16226888e+00 1.75751448e-01 -8.64396691e-02
    5.98681748e-01 1.83493304e+00 1.56955552e+00 -8.22005033e-01
    -2.02469826e-02 8.53803575e-01 1.67135012e+00 6.00157976e-02
    1.06923366e+00 1.52838445e+00 3.50698054e-01 1.60376203e+00
    1.43945336e+00 -4.76214319e-01 1.74103594e+00 8.89059067e-01
    9.31625903e-01 1.14991450e+00 8.69691074e-01 -2.46852934e-01
    1.48655427e+00 1.61925316e+00 -1.74343944e-01 1.20341301e+00
    -8.55023265e-02 1.73745608e+00 1.53448987e+00 7.61786342e-01
    7.84949362e-01 9.99659896e-01 1.44249570e+00 -4.45656151e-01
    -5.60906053e-01 8.93028736e-01 8.25015008e-01 7.43686616e-01
    4.82961178e-01 1.79933333e+00 1.00117922e-01 1.47189736e+00
    -1.86318755e-02 -4.16990340e-01 3.07414114e-01 9.80794430e-01
    -2.63159871e-02 -5.87063730e-01 1.30018616e+00 5.63788354e-01
    -7.00823665e-02 -2.78042555e-02 -2.88688242e-01 5.84740818e-01
    8.83626401e-01 6.13816381e-01 1.21626377e+00 1.00248706e+00
    2.55148709e-01 -6.20785236e-01 1.65321505e+00 1.35194588e+00
    1.92142868e+00 1.46410096e+00 8.18624735e-01 -2.39874423e-01
    -2.50869989e-03 -7.16676652e-01 5.96675217e-01 1.23877776e+00
    6.92800701e-01 7.32630908e-01 -3.51143032e-01 6.57650709e-01
    1.68401766e+00 1.83455455e+00 -2.95733035e-01 9.32787418e-01
    1.61968589e-01 1.29667139e+00 -4.97513235e-01 1.33529878e+00
    -4.84549373e-01 3.34476292e-01 1.30375743e+00 2.95272231e-01
    1.24496746e+00 -2.98742652e-01 9.46343303e-01 -3.01868558e-01
    -5.53857803e-01 -1.84464097e-01 1.43542802e+00 1.50360167e-01
    1.01201141e+00 1.45064163e+00 -9.82605815e-02 -4.29885209e-01
    -3.39020491e-02 9.93654311e-01 6.78194344e-01 6.90086603e-01
    1.15434837e+00 1.75203943e+00 -4.82786894e-02 5.14460385e-01
    4.49975073e-01 1.43956995e+00 7.10146844e-01 -7.37149835e-01
    -2.21123874e-01 5.93130469e-01 -8.01488161e-02 3.05852890e-01
    -2.99431741e-01 1.10162938e+00 2.54465342e-02 8.65545273e-01
    1.16909742e-01 3.32645595e-01 1.19292080e+00 1.42223907e+00
    5.26257575e-01 1.53675628e+00 -5.37784576e-01 -9.17603374e-02
    4.52032268e-01 1.68551803e+00 6.04707778e-01 9.42269027e-01
    1.35181165e+00 1.21478462e+00 7.54005373e-01 -2.33507633e-01
    9.45081413e-01 1.67214131e+00 3.97750139e-01 1.05526853e+00
    -4.50652033e-01 1.41420066e+00 1.16655314e+00 -4.04567838e-01
    1.05303502e+00 1.45140767e-01 1.01165819e+00 1.53231347e+00
    -3.41928601e-01 -7.23020434e-01 1.27072620e+00 -4.41761553e-01
    9.69733536e-01 -6.84858739e-01 -5.96465468e-01 9.20381427e-01
    4.44256008e-01 -3.39013934e-02 8.89890492e-01 1.09552062e+00
    1.18073380e+00 1.02726912e+00 1.01689911e+00 1.43675148e-01
    4.13568020e-02 5.79762757e-01 6.60356879e-01 1.37270129e+00
    1.55811691e+00 3.43626440e-01 3.92076910e-01 -1.51811898e-01
    8.13100576e-01 8.80012453e-01 6.63842499e-01 -2.83555925e-01
    -2.44089663e-01 7.19974995e-01 2.61523485e-01 1.46168721e+00
    6.15689814e-01 1.70232821e+00 -6.30245447e-01 1.48544669e+00
    1.07834554e+00 5.88391483e-01 1.76599371e+00 -4.36301082e-01
    7.89128840e-01 1.76266623e+00 -1.09190881e-01 7.06747353e-01
    1.35572624e+00 -8.98743033e-01 -5.50416112e-01 1.42754543e+00
    -7.21513033e-02 1.46534872e+00 1.11469662e+00 -8.00900042e-01
    -8.19972515e-01 1.70331764e+00 -4.56031144e-01 1.62611437e+00
    1.46776748e+00 -6.49102092e-01 1.11693430e+00 6.69869363e-01
    5.69000006e-01 6.80480540e-01 1.82802987e+00 1.49288964e+00
    -3.88825119e-01 3.80750120e-01 -3.49641442e-01 3.50834131e-01
    6.12033486e-01 1.39973629e+00 1.31554818e+00 1.28442764e-01
    4.84801352e-01 -4.85347450e-01 1.69347978e+00 1.72815180e+00
    2.63152480e-01 2.79838502e-01 -4.04205173e-01 -2.44797468e-02
    1.15418375e-01 1.77185822e+00 1.93888938e+00 3.37603062e-01
    1.35331821e+00 1.71415210e+00 9.56554353e-01 1.71517587e+00
    7.57108629e-01 -6.58854127e-01 5.84116638e-01 1.79881465e+00
    9.03722227e-01 2.91450322e-01 1.36863065e+00 -1.60881102e-01
    7.94769704e-01 -5.70521712e-01 1.64424360e+00 -4.39344555e-01
    -1.69424176e-01 9.07323599e-01 -4.96179461e-01 -2.24895954e-01
    5.12789786e-01 8.84599864e-01 -6.66026711e-01 8.02703142e-01
    -6.97315574e-01 1.21041238e+00 -5.42677701e-01 3.91472280e-01
    1.17140365e+00 -1.66522264e-02 -5.34537554e-01 -3.50063056e-01
    1.61229908e+00 -7.98380375e-03 -1.19314253e-01 5.77038884e-01
    -6.44460559e-01 2.66353607e-01 1.50200427e-01 -8.16359758e-01
    -5.68563819e-01 1.00085902e+00 1.29539371e+00 -7.76609302e-01
    3.32322359e-01 1.44958282e+00 7.17845917e-01 9.74269390e-01
    1.41994810e+00 3.34426045e-01 1.14776647e+00 1.03749835e+00
    1.74151063e-02 1.54785156e+00 4.95763838e-01 1.42356157e+00
    1.37672639e+00 7.17466772e-01 1.77256274e+00 1.77230930e+00
    1.61683226e+00 -2.83628464e-01 1.78735399e+00 1.89525032e+00
    9.77142394e-01 1.24710202e+00 -7.79491484e-01 -6.86338603e-01
    5.54324746e-01 -2.69245327e-01 5.81508875e-02 1.77735114e+00
    9.82763708e-01 -8.31896544e-01 -1.34772301e-01 1.35567403e+00
    1.07950985e-01 -1.97712064e-01 1.04647374e+00 1.59892690e+00
    9.00195003e-01 1.35287356e+00 3.50137472e-01 8.79915953e-02
    3.65499854e-02 -6.51229858e-01 1.87938380e+00 -3.49283129e-01
    1.98521376e-01 4.88279819e-01 6.20138347e-01 -6.64370060e-01
    1.81575942e+00 -4.80938286e-01 1.87481904e+00 4.82556701e-01
    -1.91421330e-01 4.57702160e-01 1.30430102e+00 -7.55419791e-01
    7.78423369e-01 9.00095403e-01 7.93250382e-01 -7.60764062e-01
    1.19780278e+00 -6.92833126e-01 -7.83093989e-01 -4.69094872e-01
    7.40973949e-02 -1.01931572e-01 8.05746317e-02 1.38028717e+00
    6.30038500e-01 -6.13750517e-01 -3.15685272e-01 1.66476429e-01
    -3.04324210e-01 -5.03142238e-01 1.21585202e+00 -3.41898859e-01
    1.33498061e+00 1.73697972e+00 7.53822684e-01 7.22272396e-02
    2.17521191e-03 -8.56846571e-02 8.49500060e-01 1.67569757e+00
    -1.96994126e-01 -4.00290549e-01 4.55971181e-01 1.16858101e+00
    4.77173269e-01 -6.26569808e-01 6.72711790e-01 -4.58805948e-01
    1.63428903e+00 -5.34650743e-01 2.48853147e-01 6.96756363e-01
    6.72222972e-01 7.95624614e-01 1.16355276e+00 -6.48794293e-01
    9.17595565e-01 1.58074033e+00 9.98768687e-01 -7.13492334e-01
    1.14974260e+00 1.04861450e+00 2.80777276e-01 -5.10126591e-01
    1.38189602e+00 9.63164091e-01 -3.62179995e-01 1.60647798e+00
    1.55550313e+00 -5.59685230e-02 1.37139583e+00 1.92606926e-01
    6.20886207e-01 1.77965188e+00 -3.27214867e-01 1.05606794e+00
    1.49731874e+00 5.53376913e-01 -6.40502810e-01 2.02535212e-01
    7.31481850e-01 1.01174474e+00 -5.20811677e-02 -2.71458507e-01
    3.60775590e-02 1.46298480e+00 1.73005557e+00 -1.28580630e-01
    -7.12913454e-01 1.59416568e+00 7.45276868e-01 1.74831438e+00
    1.29742551e+00 1.81479836e+00 -5.20400763e-01 9.07449663e-01
    1.33377373e+00 -2.05114663e-01 1.51014888e+00 -6.72260404e-01
    2.00080812e-01 1.21287179e+00 1.22399139e+00 -2.07998872e-01
    9.07156169e-01 5.04616082e-01 -1.73442006e-01 7.59714544e-01
    -7.40449667e-01 1.48073435e-02 -5.17592132e-01 -7.64284730e-01
    1.45632386e+00 2.29670942e-01 1.69980717e+00 8.76765728e-01
    1.17703545e+00 1.78538918e+00 -4.19644058e-01 1.61381030e+00
    4.49299216e-02 -4.19167548e-01 1.46035576e+00 2.45093346e-01
    -2.71155000e-01 -5.07798791e-01 1.62069142e+00 -5.27110696e-02
    8.70348454e-01 -1.93928719e-01 5.05642772e-01 1.15208101e+00
    1.27632236e+00 1.46887684e+00 -6.98983550e-01 -3.07254791e-02
    -5.73882461e-02 -8.06507647e-01 -5.55419326e-01 -7.32402027e-01
    -2.12063193e-01 1.07633436e+00 1.04236102e+00 4.14166868e-01
    -6.59673095e-01 1.02997947e+00 -6.75319493e-01 -6.53149068e-01
    1.23072100e+00 -1.50504470e-01 -3.39502841e-01 -2.98448175e-01
    -1.25810564e-01 -1.94111764e-01 1.19447315e+00 1.77676845e+00
    5.29892445e-01 7.72314966e-01 -5.35510898e-01 5.89331985e-01
    -3.09873462e-01 6.53783083e-01 4.60292876e-01 -2.87713945e-01
    1.17181468e+00 -3.41534615e-04 -3.26526761e-01 1.95970678e+00
    9.79837775e-02 6.35075152e-01 1.54426348e+00 6.03401124e-01
    8.56930971e-01 -2.97024429e-01 -8.59441936e-01 1.02016866e+00
    3.95762324e-02 -2.47577131e-01 -4.84706402e-01 -1.33152127e-01
    7.84133077e-02 3.93500566e-01 1.68514538e+00 6.30062521e-01
    -2.21004903e-01 1.26691556e+00 -1.33246720e-01 8.78136992e-01
    -2.38295794e-01 4.87814486e-01 9.21230853e-01 5.19471586e-01
    1.36231351e+00 1.75402784e+00 -3.88710797e-01 7.41732359e-01
    -2.84283280e-01 1.50479031e+00 -1.11385703e-01 -2.55624771e-01
    7.56372213e-01 -3.49506736e-02 -2.09137976e-01 1.58323431e+00
    -9.31572914e-02 7.95143664e-01 3.73983085e-01 1.38502216e+00
    -2.88037479e-01 1.82626057e+00 2.35315859e-01 7.72791743e-01
    -1.61070287e-01 1.73068941e-01 3.18865180e-01 1.59349847e+00
    7.35306859e-01 -6.93843544e-01 -6.02399707e-01 -1.16376817e-01
    7.53431261e-01 -2.35379219e-01 1.11799455e+00 3.98786247e-01
    6.21382356e-01 -2.84513831e-01 5.72296977e-02 -4.15705591e-01
    -8.21731091e-02 5.89568019e-02 3.56345177e-02 -3.58596176e-01
    -2.46641695e-01 1.56259871e+00 1.81099617e+00 -1.00709140e-01
    -5.21391034e-02 1.75878704e-01 1.23669755e+00 -5.37411571e-02
    -7.04981863e-01 -4.38573211e-01 6.38870299e-01 1.30864716e+00
    1.51484835e+00 1.14276624e+00 -7.60184288e-01 8.70975256e-01
    -8.05012405e-01 4.13269222e-01 1.17673278e+00 1.10609627e+00
    1.47791827e+00 1.49521792e+00 6.50456309e-01 5.94960093e-01
    -4.68704641e-01 4.81521845e-01 1.32118344e+00 -7.35915720e-01
    1.38253534e+00 1.33364928e+00 8.80303681e-01 3.62358689e-01
    1.15018964e+00 7.86942244e-03 1.50701404e-01 2.56826103e-01
    -7.59624362e-01 -3.03153992e-02 1.03617263e+00 -2.59372056e-01
    9.38826382e-01 1.82558441e+00 1.44347703e+00 7.31495023e-01
    1.56045842e+00 -4.81011868e-02 -2.52026320e-01 -2.95013726e-01
    1.12618923e+00 -5.00963807e-01 1.11351812e+00 2.71748543e-01
    1.02254999e+00 1.42165160e+00 -6.13978148e-01 8.42715919e-01
    1.39508033e+00 7.02344894e-01 -5.62400162e-01 1.67580605e+00
    6.76188469e-01 -4.37394083e-01 -2.61435509e-02 -2.45613992e-01
    7.47324109e-01 1.67826009e+00 7.76671767e-01 9.65305209e-01
    1.96075976e-01 1.04255068e+00 1.41573703e+00 8.96136999e-01
    9.68499780e-01 1.10331464e+00 1.58118963e+00 5.80920160e-01
    -5.72757721e-02 1.74914241e+00 2.61526048e-01 -5.44094443e-02
    -4.77780104e-02 -7.75949001e-01 1.09370804e+00 1.19534278e+00
    1.26421475e+00 1.51334453e+00 8.42458189e-01 1.06800759e+00
    1.00457048e+00 1.21637678e+00 -4.17080224e-01 5.15629768e-01
    -7.56713271e-01 9.89771962e-01 9.36134517e-01 1.26214075e+00
    1.14276028e+00 -4.69657034e-01 -6.14264131e-01 5.81614852e-01
    -1.91897571e-01 -1.91826403e-01 -8.21667850e-01 7.86505342e-02
    1.59697831e+00 8.03368688e-01 5.17627001e-01 6.02213383e-01
    -4.46000218e-01 9.30604994e-01 -7.29745686e-01 -3.65102172e-01
    -4.28921878e-01 1.38110518e-01 -5.05973935e-01 -8.19602251e-01
    1.10126770e+00 1.34053850e+00 1.67134762e+00 9.28333104e-01
    7.90395737e-02 4.65574265e-02 7.36057699e-01 -5.04316807e-01
    1.69382036e+00 6.87560916e-01 7.67906010e-01 1.42603111e+00
    7.07501590e-01 1.67981410e+00 6.35142684e-01 -6.37074232e-01
    4.20569658e-01 1.65789056e+00 1.53965211e+00 -6.45823479e-02
    1.24132001e+00 -3.22749615e-02 -4.56326813e-01 8.86005759e-02
    -7.10335135e-01 -2.47607231e-02 2.31607080e-01 1.34141231e+00
    -1.40091181e-02 -3.68600607e-01 1.57108200e+00 1.43524587e-01
    1.33714199e+00 1.26768267e+00 1.72494161e+00 1.10704780e+00
    1.18598485e+00 1.62545085e+00 5.36742389e-01 3.87535453e-01
    1.53360188e+00 1.74062228e+00 5.19569635e-01 -2.58024335e-01
    -6.24500930e-01 1.38388824e+00 7.30412602e-02 -5.71471810e-01
    1.31996942e+00 1.57044530e-02 -3.19680750e-01 5.23720682e-01
    1.80758429e+00 7.63087034e-01 3.02859843e-01 1.17605567e+00
    -4.33562219e-01 8.54940414e-02 1.63306427e+00 1.73896015e-01
    -2.05130160e-01 -4.10518229e-01 1.70495546e+00 1.21520734e+00
    -5.38341761e-01 7.25290895e-01 1.77310538e+00 1.07645822e+00
    -6.18575692e-01 -2.81462669e-01 1.69669294e+00 1.43065000e+00
    5.73970795e-01 1.63817239e+00 5.12838960e-01 2.37049669e-01
    1.25632894e+00 7.10951030e-01 1.85430431e+00 1.83937311e+00
    2.30242133e-01 1.63365960e+00 -8.89039040e-03 4.09453750e-01
    1.75169885e-01 1.21530271e+00 9.05286431e-01 2.59524882e-01
    1.72505188e+00 6.23166680e-01 1.28038085e+00 1.69939590e+00
    4.62820351e-01 -6.89818621e-01 -6.49878383e-01 1.20555794e+00
    1.03274798e+00 -6.41622722e-01 4.33094382e-01 1.25418115e+00
    -6.25458717e-01 -1.00201786e-01 7.73316205e-01 6.95868194e-01
    8.07668030e-01 1.10147715e+00 1.47879517e+00 -3.62858146e-01
    -2.32597709e-01 1.73856568e+00 -3.64628106e-01 1.47728467e+00
    -1.10224307e-01 1.39538813e+00 7.27262795e-01 1.56180155e+00
    1.79161310e+00 -3.45064878e-01 1.30713761e-01 8.53470325e-01
    1.62002897e+00 1.47870934e+00 1.40975809e+00 6.51212454e-01
    -4.13048863e-01 2.28887856e-01 1.32415295e+00 8.38793337e-01
    1.50482249e+00 6.72415793e-01 1.76628947e-01 1.35673308e+00
    -7.56106913e-01 -4.67481405e-01 3.81872714e-01 8.42216194e-01
    9.60768700e-01 2.95745611e-01 -2.76619971e-01 -1.88467324e-01
    -3.84640366e-01 -2.57955134e-01 1.33066571e+00 8.83962274e-01
    1.66503477e+00 6.02590978e-01 -1.35345101e-01 1.63619280e+00
    -2.80429423e-01 -2.70958483e-01 1.47669601e+00 1.26098752e+00
    7.80142546e-01 -6.89796269e-01 1.10151541e+00 5.13454318e-01
    4.99516129e-01 5.00004232e-01 -7.52364814e-01 -7.03554273e-01
    7.85777271e-01 -3.35894376e-01 -4.68851238e-01 1.12110019e+00
    8.35966468e-02 -5.74404597e-01 1.09658575e+00 1.39669847e+00
    -2.05841601e-01 -2.67233789e-01 -4.97098953e-01 1.37682748e+00
    -2.35474825e-01 -1.51451468e-01 -5.47818124e-01 1.20319271e+00
    8.94835711e-01 1.18322337e+00 8.90649080e-01 -4.18340534e-01
    1.32516766e+00 -4.98257250e-01 -2.73683071e-01 6.17797315e-01
    2.58974075e-01 8.21676612e-01 -5.79151154e-01 5.70114493e-01
    1.68046629e+00 2.57986665e-01 1.51705933e+00 5.68592250e-01
    5.56282997e-02 2.11657465e-01 8.41154635e-01 -4.07625616e-01
    -5.18190384e-01 5.87237239e-01 8.34761381e-01 1.60050917e+00
    1.02100182e+00 -4.06170636e-01 -6.84446096e-01 -7.54603267e-01
    -7.98322380e-01 9.40691590e-01 9.03185010e-02 4.17940617e-01
    6.19429946e-01 2.86714315e-01 9.90560949e-01 1.70054936e+00
    1.02581930e+00 1.23095250e+00 -3.78254116e-01 1.26630414e+00
    1.68079698e+00 1.33996129e+00 5.10654807e-01 2.09961414e-01
    1.69169354e+00 5.91125429e-01 9.13380086e-01 -1.53324068e-01
    1.47035217e+00 -1.41122103e-01 1.54033375e+00 -1.87041640e-01
    3.48726869e-01 1.05618048e+00 5.01232266e-01 -6.56950831e-01
    1.38516760e+00 1.06080031e+00 8.63151550e-01 1.27784848e+00
    9.07972991e-01 1.71324849e+00 -5.20571768e-01 1.77981579e+00
    -5.29732943e-01 -7.31991053e-01 3.72329354e-01 1.13377500e+00
    8.62487972e-01 9.30508912e-01 -4.98280734e-01 3.41287196e-01
    9.73935366e-01 -1.78121150e-01 1.03173423e+00 3.06468010e-02
    9.99919295e-01 1.62608099e+00 1.79057670e+00 -2.15668857e-01
    8.21825862e-01 6.51515067e-01 1.24151397e+00 6.68639123e-01
    1.41434884e+00 9.71013188e-01 -2.73893714e-01 -2.32568622e-01
    -4.95887130e-01 8.42227578e-01 -1.02984548e-01 1.83934939e+00
    -6.42362654e-01 -8.34462047e-01 -6.04661942e-01 -6.17043018e-01
    1.38427949e+00 -5.16332686e-01 -5.68706751e-01 7.36784220e-01
    4.40130651e-01 -6.04989767e-01 3.55043650e-01 1.04265738e+00
    5.15700340e-01 8.93631518e-01 -2.29145110e-01 6.29023552e-01
    8.77813756e-01 7.18896508e-01 -2.57522762e-01 9.83254313e-02
    7.79951990e-01 -3.01253915e-01 1.02658367e+00 1.69990230e+00
    1.72400284e+00 5.67751646e-01 1.12189007e+00 1.61274314e+00
    -1.65699065e-01 1.12124681e+00 -4.68651712e-01 5.26491702e-01
    -5.23493409e-01 1.38026202e+00 2.30168104e-01 -1.42465174e-01
    1.10379744e+00 1.04385972e+00 4.97365832e-01 3.17397892e-01
    6.34422421e-01 1.26920700e+00 -4.61759210e-01 -6.01749420e-02
    -7.84583330e-01 1.44744062e+00 3.19147110e-02 1.21087956e+00
    5.36733150e-01 6.38180196e-01 -4.29654717e-02 -2.88838029e-01
    -8.08826447e-01 -1.56356692e-02 -4.89969373e-01 1.20520616e+00
    6.21791720e-01 7.02674270e-01 -7.08157182e-01 7.86529481e-01
    1.18410194e+00 8.73744786e-01 1.62507534e-01 1.72252870e+00
    9.32347536e-01 -2.68893093e-01 1.57241774e+00 3.05148304e-01
    7.45195985e-01 -4.97911185e-01 7.46639192e-01 1.55057430e+00
    -6.70981884e-01 1.43078065e+00 5.82983792e-01 -1.04804635e-02
    1.03177238e+00 -4.66400862e-01 1.23991156e+00 1.67182112e+00
    1.77072477e+00 8.51509452e-01 -2.56118357e-01 1.79022241e+00
    8.39777589e-02 -6.02835536e-01 1.76670361e+00 -6.49894357e-01
    1.33272672e+00 5.50363302e-01 1.74359751e+00 1.32995021e+00
    6.24080896e-01 -4.86436218e-01 -6.89475298e-01 -8.53006244e-01
    1.76671410e+00 1.23291969e+00 1.27518690e+00 9.75867212e-01
    5.93040049e-01 -5.27186096e-01 -2.92597026e-01 3.15100729e-01
    2.03366697e-01 -6.06178403e-01 -7.83548892e-01 1.60573888e+00
    1.49448478e+00 -1.81959331e-01 1.86334610e-01 -1.64704382e-01
    -1.93541348e-01 -4.10785079e-01 -3.28046679e-01 1.68856657e+00
    9.70151126e-01 -8.36296439e-01 3.97246838e-01 -2.97067106e-01
    5.92833400e-01 7.87771404e-01 1.47211313e+00 -3.33823323e-01
    3.35981727e-01 -7.48533785e-01 4.61379290e-02 2.88768172e-01
    7.87414491e-01 6.95385039e-01 6.78689241e-01 -5.39720058e-02
    1.40378618e+00 1.36819983e+00 1.33406591e+00 -6.78413451e-01
    -3.20000172e-01 1.26142383e+00 1.54680526e+00 3.11592698e-01
    1.23025727e+00 1.66340446e+00 -2.56931245e-01 1.61018372e-01
    -4.00197536e-01 3.17389369e-01 -7.21578717e-01 1.39290667e+00
    3.71869206e-02 1.21146941e+00 -5.70479631e-01 -7.15660095e-01
    -6.92401767e-01 -9.65432525e-02 2.88377464e-01 -2.07543969e-01
    1.30290294e+00 1.43790245e-03 1.81862426e+00 5.79795182e-01
    4.76806998e-01 1.14073169e+00 9.68509912e-02 3.81615460e-01
    -1.48867548e-01 1.74393690e+00 8.25152993e-01 1.33674967e+00
    3.10549557e-01 1.33221102e+00 5.62059999e-01 4.23818469e-01
    1.45249343e+00 1.12566257e+00 -4.81394857e-01 1.56874037e+00
    9.94392633e-01 5.81469297e-01 1.34743750e+00 1.47904086e+00
    1.55892169e+00 4.20680463e-01 -8.25444400e-01 2.04825938e-01
    9.41658258e-01 1.03935599e+00 1.67563832e+00 -6.87331080e-01
    1.10573220e+00 -1.30439997e-01 -5.29439211e-01 1.73902118e+00
    1.58981872e+00 1.65286613e+00 1.60186434e+00 1.17081404e-01
    1.22736025e+00 3.86950612e-01 -7.51479983e-01 -6.58150196e-01
    -8.33995640e-01 4.97397244e-01 -2.21938491e-01 -4.06424999e-01
    1.44371605e+00 1.72098088e+00 5.23136437e-01 1.69385004e+00
    1.57678533e+00 1.20448256e+00 -2.30630636e-02 3.32175970e-01
    2.99987555e-01 -6.84047580e-01 1.65869951e+00 -5.23793101e-01
    1.48159027e-01 3.03257644e-01 1.67009568e+00 9.49153423e-01
    1.09484172e+00 -6.29039407e-01 -4.94637668e-01 1.00605035e+00
    2.32329786e-01 7.55429566e-01 1.26395929e+00 -7.77252734e-01
    -6.94629014e-01 1.69655788e+00 6.22887611e-01 1.17709064e+00
    6.59871161e-01 5.66335976e-01 1.20497227e-01 1.77044094e+00
    3.07634354e-01 1.56600308e+00 1.53316319e+00 6.95633590e-01
    1.58863068e-01 8.72721076e-02 -6.82780564e-01 1.09768271e+00
    -8.04243743e-01 -7.38371670e-01 -3.90522033e-01 1.03010488e+00
    9.24327970e-01 9.41149235e-01 -1.02418125e-01 1.77212179e-01
    9.32641745e-01 -6.07408881e-01 1.01214314e+00 1.30184305e+00
    -6.25182152e-01 4.69832540e-01 -5.95664024e-01 9.89096701e-01
    1.26550198e-02 4.65235472e-01 -3.52750212e-01 1.72058272e+00
    6.53955340e-01 3.25829864e-01 1.03045654e+00 -8.15042973e-01
    8.83754492e-01 -4.31552470e-01 1.25574172e+00 -8.38689148e-01
    -6.81502461e-01 1.69615483e+00 4.65372205e-01 8.37464809e-01
    -6.24947131e-01 4.55983579e-01 -3.57890129e-03 5.28023481e-01
    9.19733644e-02 -7.54277408e-01 1.09146667e+00 1.34222436e+00
    1.33053279e+00 9.50868011e-01 3.34512770e-01 7.61288524e-01
    1.40301251e+00 2.58666396e-01 5.22229075e-01 1.71334076e+00
    1.75164819e+00 -2.12152660e-01 -6.77696049e-01 -5.37534952e-02
    1.79573894e+00 2.99149156e-01 8.73980939e-01 7.16341615e-01
    1.61014473e+00 9.44559097e-01 -2.78160632e-01 1.13957512e+00
    -3.03060114e-01 -5.65410197e-01 1.17169285e+00 4.34744954e-02
    3.31329942e-01 9.05710280e-01 1.19885206e-02 -2.07893193e-01
    3.36073220e-01 1.08502805e-01 -2.77851939e-01 9.96525049e-01
    6.10216141e-01 2.29494631e-01 6.21625900e-01 5.38570583e-01
    9.92743492e-01 9.03216839e-01 1.69845164e-01 4.97151792e-01
    5.81691802e-01 -4.15257186e-01 7.67466366e-01 1.28923154e+00
    -7.53609538e-01 1.20895576e+00 -6.02646470e-01 9.09052551e-01
    -3.44352603e-01 5.39391994e-01 1.72958398e+00 -3.22774649e-01
    1.74258232e+00 -1.45020008e-01 -2.52631366e-01 1.13103247e+00
    -7.05977082e-02 2.69276023e-01 -7.83751428e-01 1.11104834e+00
    4.43211854e-01 1.65357947e+00 -1.73347116e-01 -7.92631805e-01
    1.77323651e+00 8.91832709e-02 -1.71756804e-01 5.68938076e-01
    1.16985178e+00 1.71300769e+00 1.68402970e+00 -3.75856936e-01
    -4.86719280e-01 1.18071103e+00 -7.48291492e-01 1.06311786e+00
    1.48718607e+00 -1.37453079e-02 7.77708113e-01 6.29720330e-01
    -4.45322037e-01 -5.81149697e-01 1.51024199e+00 -6.33534312e-01
    -7.80434608e-02 1.59972095e+00 -5.21460295e-01 4.21417952e-01
    1.69620728e+00 1.57884741e+00 1.41655636e+00 -5.70708871e-01
    -8.16557407e-01 -2.61002123e-01 9.98870254e-01 -2.42124379e-01
    6.59767449e-01 1.48369718e+00 -1.34787261e-01 1.55795908e+00
    1.45084596e+00 -4.84441012e-01 5.24898171e-01 -5.07251263e-01
    6.11098051e-01 6.18710220e-01 -2.15500236e-01 4.96349454e-01
    1.09428978e+00 1.42990017e+00 1.41964781e+00 -4.69379872e-01
    1.42662621e+00 3.79258573e-01 1.21980190e+00 1.37431288e+00
    7.70056784e-01 8.51549327e-01 -3.81037652e-01 5.45134246e-01
    -1.37831509e-01 9.77056026e-02 1.26426756e-01 1.44266653e+00
    2.28366554e-01 1.07816553e+00 8.40782940e-01 8.45524073e-02
    -1.04215741e-01 -6.60191178e-01 -1.75767183e-01 7.21026063e-02
    1.37991023e+00 1.82906711e+00 1.55200076e+00 7.15675652e-01
    1.44837356e+00 -5.62734604e-01 1.09759462e+00 -4.56324875e-01
    -4.42095041e-01 1.75811744e+00 -2.71990895e-02 1.55419326e+00
    1.48706937e+00 -5.09811640e-01 3.33803475e-01 1.82098281e+00
    1.50040412e+00 -3.07390690e-01 7.79940188e-01 -1.90126956e-01
    -6.58455372e-01 2.96834826e-01 7.53802598e-01 8.30033660e-01
    -3.02522898e-01 8.71302485e-02 1.38695049e+00 -4.84334201e-01
    7.21912980e-01 -8.02572489e-01 -2.78980255e-01 -8.10255229e-01
    8.48994195e-01 5.09392619e-02 -7.20285833e-01 -1.89788699e-01
    9.82328415e-01 5.75396538e-01 1.51097226e+00 9.05939937e-01
    -7.84341693e-01 8.47913027e-02 -8.60475957e-01 -1.63995624e-02
    1.41467619e+00 -5.18500805e-01 9.68010664e-01 -5.86071610e-02
    5.70432603e-01 1.22543812e-01 1.32502735e+00 -4.45498943e-01
    -8.08696866e-01 9.77396727e-01 1.64151311e-01 3.14596236e-01
    9.88026500e-01 8.62851977e-01 -5.04742503e-01 8.35506976e-01
    1.03327906e+00 -4.99996036e-01 -5.24992943e-01 2.45730758e-01
    1.15109110e+00 8.86849642e-01 -4.15361643e-01 -2.83029795e-01
    7.25028038e-01 -6.76890790e-01 7.80935407e-01 -1.33260727e-01
    -6.47695005e-01 -1.76949501e-01 1.23603618e+00 -7.45736718e-01
    -8.61600041e-01 7.24935353e-01 1.28214443e+00 2.34975457e-01
    1.66346514e+00 1.75540447e-01 1.06151664e+00 -6.11533523e-01
    -1.56025887e-02 -7.81593502e-01 3.55057120e-02 8.32447231e-01
    -7.05113351e-01 1.66945863e+00 6.41836703e-01 2.34934211e-01
    -1.23708546e-01 -5.51376641e-01 1.76236367e+00 1.56952381e-01
    1.81407785e+00 6.09265804e-01 -2.07802832e-01 -8.49307597e-01
    2.21035123e-01 1.50826931e+00 2.34334528e-01 1.74946713e+00
    4.34932828e-01 1.16488898e+00 1.09454799e+00 1.54762483e+00
    9.89849806e-01 1.71868837e+00 1.42223644e+00 1.53213859e+00
    -7.10014701e-01 9.81278419e-02 3.36753786e-01 -1.58995867e-01
    -2.60009170e-01 -6.18309140e-01 5.16783535e-01 -2.71031499e-01
    5.18296421e-01 6.68149948e-01 3.21994424e-02 -3.86773050e-01
    7.82510042e-01 6.38876677e-01 1.19211268e+00 3.19532335e-01
    -1.35190964e-01 1.66420913e+00 -2.29281962e-01 4.43623781e-01
    1.10253215e+00 1.43981552e+00 6.96653247e-01 -3.90670240e-01
    -3.54193926e-01 1.13670027e+00 -8.32221985e-01 1.83359981e-02
    -2.53431201e-01 7.22728312e-01 9.04483736e-01 7.60931730e-01
    1.00126934e+00 -4.21652973e-01 1.42752314e+00 1.44372499e+00
    -5.06954193e-01 1.75622809e+00 2.50085473e-01 1.06917584e+00
    1.11214018e+00 1.17966223e+00 1.27036071e+00 2.83628106e-01
    7.62189567e-01 1.32020879e+00 6.79291487e-01 1.52775371e+00
    1.32455492e+00 6.13950670e-01 5.22038460e-01 1.37991548e+00
    1.41712844e-01 5.85913718e-01 7.47254908e-01 1.64801383e+00
    -1.57106698e-01 1.53658414e+00 5.66902339e-01 5.54560363e-01
    -8.16565335e-01 -5.86921096e-01 4.74825203e-01 5.41613996e-01
    6.44457877e-01 7.70839095e-01 1.25040340e+00 8.46371353e-01
    1.34076905e+00 9.51650739e-02 7.39783168e-01 1.45477128e+00
    -1.79979622e-01 1.42202365e+00 -1.59604549e-02 4.51148570e-01
    -3.44221950e-01 1.10868537e+00 -5.02060115e-01 -3.81656229e-01
    5.85411251e-01 2.82741845e-01 4.84584630e-01 1.48711324e-01
    -8.06474209e-01 1.12603331e+00 -2.38107622e-01 5.87865710e-02
    1.69797981e+00 -6.74524367e-01 3.13652158e-01 7.57505000e-01
    1.26109838e-01 3.23958457e-01 1.67669058e+00 1.61289990e+00
    1.30306101e+00 -5.86196184e-02 4.58426893e-01 1.38263321e+00
    3.37558389e-02 1.18015659e+00 1.72779858e+00 2.90703177e-02
    1.67003429e+00 -8.20378065e-02 6.01555705e-01 1.75276661e+00
    1.03979540e+00 3.96465003e-01 1.11369479e+00 1.20400763e+00
    -7.56618381e-02 5.57240248e-02 5.94832003e-01 1.45811486e+00
    -3.79796028e-02 1.39958930e+00 -5.29224694e-01 1.29405582e+00
    4.59067166e-01 1.13804603e+00 8.82138610e-02 -7.60658860e-01
    1.98297143e-01 9.75993931e-01 1.69776654e+00 3.54155242e-01
    -6.11398220e-02 8.79121006e-01 1.76186633e+00 -4.52752709e-02
    8.40968430e-01 1.50259054e+00 1.19954503e+00 1.50923896e+00
    1.74953103e+00 1.14833772e-01 -7.56566226e-01 3.52072716e-03
    7.99412012e-01 7.51464367e-01 1.76113319e+00 5.07718742e-01
    -2.13757873e-01 1.79514706e+00 1.48896813e+00 -1.45094216e-01
    -5.36503792e-01 -3.38711679e-01 2.24920511e-02 -5.28972864e-01
    -5.32279372e-01 -2.56997168e-01 8.96799624e-01 -2.79395163e-01
    -4.16145593e-01 1.42353952e-01 7.08307147e-01 1.85743928e-01
    -8.09288621e-01 -6.89897835e-01 -7.53746390e-01 1.58695292e+00
    1.45077729e+00 4.71896529e-02 1.54943359e+00 1.07507122e+00
    1.14388561e+00 1.40185428e+00 -2.04854608e-01 2.82248199e-01
    2.88063049e-01 -7.40870953e-01 1.01014113e+00 1.62803948e+00
    4.06680524e-01 -7.87482023e-01 9.79050994e-02 -2.64305532e-01
    7.33473897e-01 -7.97928929e-01 1.63674545e+00 6.30745769e-01
    1.70931721e+00 -3.31857741e-01 1.73775852e+00 1.66139960e-01
    -8.17023039e-01 -4.43555713e-02 1.65486073e+00 -8.49376321e-02
    1.37224531e+00 -1.72287226e-02 -4.22327042e-01 9.98352468e-01
    1.05363107e+00 -3.76823962e-01 1.21639633e+00 3.66570354e-01
    8.54590893e-01 1.66499805e+00 1.18862796e+00 1.20347333e+00
    3.27988982e-01 -8.34574759e-01 1.44559348e+00 1.41065657e+00
    -7.29455113e-01 9.73317385e-01 7.10781217e-01 2.75435388e-01
    2.23688900e-01 1.02881122e+00 5.81259727e-01 1.53017664e+00
    1.25034881e+00 1.44224501e+00 -4.68807518e-01 1.31124091e+00
    7.95865059e-02 7.79584050e-01 3.52433443e-01 2.69529760e-01
    5.42330027e-01 1.38113427e+00 1.24130976e+00 8.09281647e-01
    -4.95344967e-01 5.06747365e-02 1.09103179e+00 1.28313601e+00
    8.62732589e-01 -6.54073119e-01 1.56443691e+00 -8.18839490e-01
    -6.52938306e-01 4.91729915e-01 5.20488083e-01 1.03784573e+00
    -1.30143166e-01 1.65018249e+00 2.95806944e-01 1.27739203e+00
    1.66377687e+00 6.66792035e-01 1.23480701e+00 -4.65934753e-01
    -2.25046039e-01 -3.59697640e-01 5.67813933e-01 -4.19086725e-01
    9.08786356e-01 1.51233065e+00 1.06551814e+00 1.11680937e+00
    -4.20931995e-01 -3.94822359e-01 1.15925670e+00 2.58117199e-01
    -2.72256315e-01 -3.53006721e-02 -8.56414855e-01 1.49284470e+00
    5.39960444e-01 2.49568880e-01 1.30780411e+00 -1.14314020e-01
    -7.17780828e-01 1.67331123e+00 6.27062082e-01 -6.47359371e-01
    -6.64231539e-01 -1.65363967e-01 7.37971306e-01 7.67162144e-01
    1.62174940e-01 -2.15691328e-02 5.87648392e-01 1.18117094e+00
    5.44547558e-01 -6.31789088e-01 -5.78541160e-02 1.37459636e+00
    1.61535037e+00 1.46976304e+00 -4.27733064e-02 7.17667818e-01
    -7.96585083e-01 1.80731368e+00 -5.79034328e-01 -5.14447689e-01
    7.68572509e-01 1.76630664e+00 6.07516885e-01 -2.42021322e-01
    7.65197337e-01 8.66334438e-01 -8.22973430e-01 -4.10537004e-01
    9.75888550e-01 1.76615191e+00 8.93620789e-01 1.01960373e+00
    9.84943271e-01 1.41809201e+00 1.89633942e+00 -5.20739913e-01
    -3.77649248e-01 -2.10177183e-01 1.66073322e+00 9.77190852e-01
    3.59040320e-01 1.62643623e+00 9.49409008e-01 7.23456264e-01
    7.71027148e-01 -3.44283104e-01 -6.69272423e-01 -2.81380594e-01
    1.18015885e-01 6.40235960e-01 8.75476897e-01 -3.41549397e-01
    1.18626332e+00 1.09707987e+00 8.77645731e-01 1.21774268e+00
    1.26758885e+00 7.77306199e-01 -4.61769998e-01 1.67497492e+00
    1.06705046e+00 1.70029998e+00 1.66916728e+00 2.55556583e-01
    1.71994090e+00 1.67582059e+00 -7.01547086e-01 1.53268576e-02
    3.60486448e-01 7.85496235e-02 2.45632768e-01 -6.81376398e-01
    -3.15412015e-01 -5.33331156e-01 9.66048896e-01 4.59205508e-01
    9.70183909e-01 1.46223879e+00 1.66267085e+00 4.45779204e-01
    3.09555590e-01 1.53048277e-01 -4.02174234e-01 6.77440166e-02
    5.06021082e-01 8.16305101e-01 1.44664705e-01 -6.35122299e-01
    1.76186204e+00 6.78917706e-01 -4.67568010e-01 4.35763776e-01
    -3.26407641e-01 -8.06343079e-01 -3.86639357e-01 1.46493411e+00
    1.39320886e+00 1.24879098e+00 6.56057537e-01 7.32715487e-01
    1.46586299e+00 1.76704574e+00 9.74366188e-01 -7.80773878e-01
    -4.38553780e-01 4.44953024e-01 -4.48722064e-01 2.82374561e-01
    1.02690876e+00 3.82007718e-01 -4.00744021e-01 4.16588783e-03
    2.72231102e-01 -5.12670219e-01 -3.30287218e-02 1.19581068e+00
    -3.86590153e-01 2.80141830e-06 1.66016841e+00 3.45054507e-01
    -4.69806582e-01 1.04763567e+00 1.82040012e+00 1.71607137e+00
    -1.71105385e-01 1.10147715e+00 -1.92754865e-01 1.11137509e-01
    1.81013465e+00 -4.80127335e-03 -1.14531040e-01 -5.57436347e-01
    8.34983647e-01 1.25543785e+00 -5.80861986e-01 -4.34127808e-01
    1.42867088e+00 1.41676426e+00 1.64993429e+00 7.50203669e-01
    -6.57270908e-01 1.81959653e+00 9.74059045e-01 1.31018400e+00
    -3.38693291e-01 1.56995893e+00 8.99338245e-01 1.17202497e+00
    4.05680180e-01 1.29555154e+00 1.82791197e+00 4.09779549e-01
    -7.07674026e-01 2.71894574e-01 1.37964177e+00 8.21098745e-01
    7.68019915e-01 1.67595387e+00 1.68020773e+00 1.32152486e+00
    8.81517529e-01 -7.85892546e-01 1.49762726e+00 1.49349761e+00
    7.50518680e-01 1.44408655e+00 -5.59099197e-01 1.79840064e+00
    1.82743788e-01 -6.75114393e-01 5.42564452e-01 -6.58321381e-03
    3.29042315e-01 5.62037110e-01 1.52193928e+00 9.73774552e-01
    8.60828161e-01 1.17753339e+00 1.48342967e+00 7.83021450e-02
    -5.07336855e-03 1.14771640e+00 1.30758238e+00 -1.04549527e-02
    -6.80821538e-02 -2.66663790e-01 4.30981159e-01 -4.93467063e-01
    1.01827383e+00 1.12378180e+00 1.22445905e+00 -2.59750247e-01
    5.30942261e-01 2.61660933e-01 1.29620886e+00 -1.03107154e-01
    -1.02472067e-01 3.16468418e-01 1.89026773e-01 3.76866460e-02
    1.27247477e+00 -4.76633310e-02 9.54024136e-01 3.29536200e-02
    3.75990808e-01 -1.56208515e-01 -7.65580416e-01 -7.08442748e-01
    5.29787004e-01 1.37533844e+00 -1.44646287e-01 -1.89826190e-01
    -2.23020375e-01 4.20103610e-01 1.62418902e+00 1.78306234e+00
    4.25430715e-01 4.94797707e-01 6.94159150e-01 2.27140784e-02
    -3.14637929e-01 1.57108605e+00 -1.82641327e-01 -2.66294181e-01
    1.22071135e+00 1.57661343e+00 1.58579206e+00 5.93117654e-01
    9.42267776e-02 5.01875281e-02 1.75259304e+00 1.60982990e+00
    3.85012567e-01 7.82185555e-01 -8.09035897e-01 1.72632670e+00
    2.39352524e-01 7.50493765e-01 1.34099317e+00 -3.63109916e-01
    1.67167974e+00 1.10303462e-01 1.37688661e+00 6.49737298e-01
    -3.54538381e-01 1.70112371e+00 1.66941750e+00 -4.14308429e-01
    1.15491676e+00 1.13527846e+00 1.70155525e+00 1.00313377e+00
    9.36896741e-01 1.73456788e+00 5.54515541e-01 8.32163453e-01
    1.41469955e-01 -2.29274571e-01 -6.51285350e-01 3.52433920e-02
    -4.75253403e-01 1.59052420e+00 1.12883532e+00 8.36045444e-01
    6.94046736e-01 1.37704158e+00 6.66792870e-01 -8.17952931e-01
    -6.05093539e-01 1.05887413e+00 1.60776067e+00 1.41957760e+00
    9.73559558e-01 1.04287171e+00 1.02623057e+00 1.55681074e+00
    7.40480661e-01 -3.67369652e-02 2.03308940e-01 -6.73966885e-01
    4.88295734e-01 1.57626092e+00 1.59296834e+00 1.66157246e-01
    2.18963683e-01 1.50142109e+00 4.30094659e-01 1.07285440e+00
    1.08509243e+00 3.15323055e-01 1.14825141e+00 3.93333614e-01
    1.35573745e-02 2.91844845e-01 2.37984300e-01 -1.41122997e-01
    2.04188585e-01 -1.35137975e-01 -1.56745493e-01 -7.44396508e-01
    1.28240681e+00 1.34788823e+00 1.41083002e+00 1.62964046e+00
    1.18175364e+00 1.48352540e+00 -5.41395783e-01 1.02955747e+00
    1.35789013e+00 -5.36887527e-01 -7.59085894e-01 1.47199523e+00
    -7.52490401e-01 1.70850754e-03 -7.51154661e-01 3.71968806e-01
    1.40492511e+00 9.02467608e-01 4.14636254e-01 1.62910163e+00
    4.30662572e-01 1.16541243e+00 -2.23095536e-01 1.44245040e+00
    9.38773513e-01 1.08555961e+00 3.28475773e-01 -2.05724180e-01
    -5.35416842e-01 8.59728038e-01 1.10480928e+00 5.29168367e-01
    1.91270947e-01 1.01223946e+00 8.09078217e-02 1.31121373e+00
    8.16805720e-01 7.19961047e-01 -8.03947628e-01 6.95657909e-01
    1.25740194e+00 6.50138199e-01 5.16865909e-01 -5.02181053e-03
    1.45444834e+00 9.85472679e-01 -7.29130864e-01 -5.57089329e-01
    -2.14207053e-01 9.87938166e-01 1.48129451e+00 1.77083135e+00
    -7.11768508e-01 1.48439014e+00 -1.10948324e-01 4.95349109e-01
    1.73509407e+00 3.85252655e-01 4.40606475e-02 9.43616092e-01
    -6.18870139e-01 -2.27418363e-01 1.36688209e+00 1.71848178e+00
    -3.36890370e-01 8.98686767e-01 1.05568898e+00 3.96832228e-02
    8.01664412e-01 2.99062192e-01 1.66472399e+00 1.05231476e+00
    -3.08111966e-01 1.40716803e+00 -2.06414104e-01 1.66936433e+00
    3.38779807e-01 3.03099930e-01 -6.47844076e-01 1.49996102e+00
    1.42763078e+00 1.18292010e+00 -7.07126677e-01 -6.73367679e-01
    -5.38198888e-01 -1.79211497e-01 6.43228948e-01 1.17247677e+00
    9.19065177e-01 -8.17958474e-01 6.38574898e-01 1.73492670e+00
    5.55569112e-01 1.30396366e+00 -8.42089355e-01 -2.22477973e-01
    1.69449663e+00 4.36303258e-01 3.31839383e-01 7.77092814e-01
    1.06123018e+00 -4.84405518e-01 3.96373093e-01 2.46740878e-01
    5.48406959e-01 3.75108600e-01 1.28601313e-01 5.73822618e-01
    1.14423037e-03 1.21579742e+00 -7.91025281e-01 -3.40034306e-01
    1.26126337e+00 1.08330548e+00 7.49897361e-01 1.74460340e+00
    1.21390867e+00 1.42963290e+00 9.82665241e-01 -4.43700284e-01
    1.54016495e+00 1.14301133e+00 1.66018724e-01 1.03000605e+00
    1.74065423e+00 -6.48449063e-01 4.97702956e-02 1.69877815e+00
    1.09265995e+00 1.04176521e-01 6.02822602e-01 -5.89080095e-01
    1.44778252e+00 -3.27757657e-01 -5.21751642e-02 -6.98058903e-01
    -2.80665994e-01 -2.96302319e-01 -6.75720930e-01 7.35136092e-01
    1.43686008e+00 -5.74146509e-01 -3.35942417e-01 1.81571484e-01
    -1.44695342e-01 1.13343966e+00 -2.64289379e-02 1.10101712e+00
    1.78128636e+00 -5.47433257e-01 1.16488481e+00 5.25391698e-01
    1.41551089e+00 -7.83420920e-01 8.40486467e-01 3.53252470e-01
    1.49642622e+00 6.27624631e-01 7.02364385e-01 1.50587487e+00
    8.99030626e-01 1.26978540e+00 5.97073436e-02 -2.96165824e-01
    7.83856452e-01 -5.35741568e-01 1.41903675e+00 1.28057337e+00
    1.85364163e+00 -7.82972932e-01 8.06425154e-01 5.53548336e-03
    2.80714631e-01 -6.06697261e-01 1.05246150e+00 1.98348999e-01
    4.28955138e-01 1.69483495e+00 -5.39653361e-01 5.72299421e-01
    1.48158884e+00 2.03528225e-01 6.86341047e-01 1.18719733e+00
    9.68375564e-01 1.82921958e+00 1.08069909e+00 5.92722476e-01
    1.47751141e+00 -5.72804570e-01 6.06449902e-01 1.79582500e+00
    1.55069590e-01 9.69763756e-01 -5.96004605e-01 1.55302024e+00
    1.64627957e+00 -6.59909070e-01 -6.18825197e-01 1.46048450e+00
    -3.48428756e-01 1.78191471e+00 1.13112140e+00 1.07970834e-02
    -3.33466709e-01 -6.97026491e-01 4.03432190e-01 9.10716057e-01
    -2.24746287e-01 -7.48190224e-01 3.86134684e-01 1.04377162e+00
    8.24785411e-01 8.76515508e-02 1.44441652e+00 1.23414063e+00
    3.01422000e-01 1.21849918e+00 1.52615523e+00 1.49962878e+00
    7.08674788e-02 8.88855159e-01 4.11776781e-01 1.01752663e+00
    1.20229757e+00 1.26453185e+00 2.25862622e-01 -1.94867253e-02
    1.28281617e+00 1.45594037e+00 1.02246249e+00 3.42048466e-01
    -6.93836808e-01 9.47714150e-01 1.61771369e+00 5.59278965e-01
    1.10695803e+00 1.62964761e-01 1.69592202e+00 1.45923650e+00
    1.74424934e+00 5.00705779e-01 2.07220268e+00 8.80168676e-02
    9.75683212e-01 -3.42449456e-01 1.75817704e+00 1.52185285e+00
    1.39416027e+00 2.04102397e-02 -3.87064487e-01 7.76812613e-01
    1.22361779e+00 1.22859907e+00 1.07880580e+00 -2.04234242e-01
    2.75179923e-01 3.74565303e-01 1.81803203e+00 7.00261235e-01
    1.29696107e+00 5.38568854e-01 2.03101277e-01 -7.29485154e-02
    8.93523335e-01 -4.51343507e-01 3.43062639e-01 7.41181254e-01
    1.73574471e+00 1.23890519e+00 1.70696950e+00 1.69097626e+00
    1.04025340e+00 3.11498284e-01 -7.83043504e-02 2.30794966e-01
    -5.11812031e-01 -4.25136656e-01 7.96678066e-02 1.34625649e+00
    1.74786162e+00 1.07963800e+00 8.68602514e-01 1.26966798e+00
    9.23310518e-01 4.99761283e-01 -3.67673695e-01 5.42734325e-01
    3.97474885e-01 -9.06193852e-02 1.37282848e+00 -2.49495924e-01
    9.12782192e-01 4.00115907e-01 8.41651917e-01 6.73042178e-01
    3.58634353e-01 1.37345278e+00 1.56554401e-01 1.01518917e+00
    8.40900540e-02 5.17343640e-01 5.01508236e-01 8.06854606e-01
    -7.31025696e-01 1.29338408e+00 -4.42763478e-01 -4.08930779e-02
    1.49380589e+00 1.77943528e+00 -7.82390535e-01 3.25012445e-01
    -8.07973325e-01 -6.56945050e-01 -3.04263711e-01 9.04045641e-01
    -4.52998787e-01 1.42145562e+00 -4.63719785e-01 -1.74902022e-01
    1.34504497e-01 -6.27447009e-01 -5.60451150e-02 3.11455190e-01
    1.36523569e+00 8.09410632e-01 9.81970847e-01 -4.44598824e-01
    5.95033288e-01 8.49882722e-01 6.80231214e-01 1.24828804e+00
    -3.21728587e-01 -7.14458346e-01 1.14875484e+00 2.29517877e-01
    6.90248489e-01 -7.81780839e-01 2.58378744e-01 1.28809154e-01
    9.33396816e-01 9.19196546e-01 1.24710691e+00 -4.35554057e-01
    -5.05361080e-01 1.03534269e+00 5.60423374e-01 6.87479615e-01
    1.23946667e-02 7.73243248e-01 3.12442183e-02 1.12641573e+00
    3.68206441e-01 -4.94924694e-01 -2.02518523e-01 8.74265492e-01
    2.64872611e-01 1.04711413e+00 -1.08842969e-01 -2.86871225e-01
    -2.72568911e-01 1.20529318e+00 1.29622638e-01 -7.83990681e-01
    -7.51619935e-01 1.25338089e+00 4.78942156e-01 1.06847405e+00
    -5.03926396e-01 5.87474465e-01 -1.15409672e-01 -1.57473564e-01
    1.03263974e+00 1.40700865e+00 1.81979096e+00 -8.39861274e-01
    1.18447709e+00 1.73916042e+00 -7.61622846e-01 1.28318882e+00
    2.36706138e-01 7.77913451e-01 1.16936505e-01 -8.10599983e-01
    1.53635025e+00 1.22413635e+00 1.95409775e-01 8.59352767e-01
    -6.20912075e-01 8.00091267e-01 5.80741823e-01 -6.29811287e-01
    3.73358190e-01 6.86311543e-01 1.61636758e+00 3.13340962e-01
    1.44496322e+00 1.80841744e-01 8.60866129e-01 -9.77740288e-02
    3.51212978e-01 6.06642962e-01 1.02444768e-01 1.60380483e+00
    3.97296667e-01 6.82150722e-01 1.54464602e+00 6.49614811e-01
    1.03439569e+00 4.36409116e-02 -4.45341229e-01 8.73960555e-01
    8.60674441e-01 2.57469296e-01 1.46119857e+00 1.09321725e+00
    1.49388051e+00 4.36947525e-01 1.21261656e+00 2.21374869e-01
    -2.52224445e-01 6.72013581e-01 8.43346834e-01 1.52454793e-01
    5.36553800e-01 1.33295178e+00 9.18565571e-01 1.30138922e+00
    1.72658324e+00 1.73230767e+00 -6.40520215e-01 -3.36451203e-01
    7.92930126e-01 1.58846319e+00 -8.60561132e-02 1.20109046e+00
    -6.04443848e-01 7.48771131e-01 1.32549334e+00 2.19373047e-01
    -2.15538561e-01 1.06503272e+00 9.07301545e-01 -5.46407640e-01
    -7.87823439e-01 -4.39073175e-01 6.88733935e-01 -2.59981632e-01
    7.16998219e-01 3.93028021e-01 -6.79194927e-02 4.31684434e-01
    -4.87462819e-01 6.90026045e-01 1.33433187e+00 5.45502424e-01
    6.31371140e-01 1.68751180e-01 1.47624373e-01 1.35987377e+00
    1.31609941e+00 -6.75667584e-01 6.80551887e-01 -1.27519667e-01
    -1.62576735e-01 -7.27727175e-01 -4.31752920e-01 4.19411242e-01
    -7.06323683e-01 9.36228871e-01 1.58472991e+00 -7.41044164e-01
    3.32396328e-01 4.72617865e-01 6.61159277e-01 1.74919343e+00
    1.26172960e+00 1.53578329e+00 6.20580077e-01 1.31156826e+00
    1.47862792e+00 -3.05433333e-01 6.31017864e-01 -6.61389291e-01
    -6.30082786e-01 -3.48735213e-01 5.36060512e-01 8.38216424e-01
    -7.00896800e-01 1.47779202e+00 1.37676060e+00 1.22788894e+00
    -6.25177741e-01 -7.99249589e-01 -7.37786293e-01 -3.75642180e-01
    2.88106501e-01 5.66120267e-01 1.11093962e+00 4.59386110e-01
    1.35925806e+00 1.67519903e+00 -2.57440329e-01 -1.85450077e-01
    1.52837813e+00 1.64242363e+00 5.86713076e-01 -1.06729865e-02
    6.22882366e-01 8.29330385e-01 1.55956292e+00 1.07625222e+00
    7.89507866e-01 7.39348471e-01 1.06140482e+00 9.42073107e-01
    6.18912399e-01 -4.51124996e-01 -6.66143119e-01 3.00597668e-01
    8.40133250e-01 -5.33039272e-01 -2.21043706e-01 5.47092438e-01
    -6.74125791e-01 3.23493183e-01 1.27133429e+00 -3.27951908e-01
    1.45179331e-01 6.25198543e-01 6.07926190e-01 4.39913809e-01
    1.80061734e+00 4.66458678e-01 1.75956941e+00 -5.88185608e-01
    3.10727358e-02 1.71979487e-01 7.41136611e-01 -7.44959474e-01
    -3.61584574e-01 6.11115932e-01 -3.42178553e-01 6.61472142e-01
    -4.82653975e-01 -3.68197858e-01 1.54390574e+00 2.57678509e-01
    1.30383289e+00 1.56835401e+00 1.18062019e-01 3.36431921e-01
    4.71366823e-01 3.01282167e-01 1.38012218e+00 -9.10923839e-01
    5.34529924e-01 1.32705164e+00 5.92032790e-01 6.20234191e-01
    1.01246154e+00 1.76538146e+00 -4.34062779e-01 -7.85243630e-01
    -3.89447778e-01 1.75750804e+00 6.14407182e-01 7.63983965e-01
    2.62476802e-02 -4.70154583e-01 1.81671131e+00 -5.49309254e-02
    -3.00678879e-01 1.32729793e+00 2.01256633e-01 9.36369419e-01
    -6.67119622e-01 1.33769846e+00 -6.71095192e-01 8.42098653e-01
    3.93258035e-01 -6.26721501e-01 4.45591152e-01 4.07929480e-01
    -5.31931281e-01 4.27339494e-01 1.56631660e+00 5.34644485e-01
    1.49023151e+00 9.36564803e-02 2.68166304e-01 1.07340872e+00
    1.51325762e-01 1.47393203e+00 4.23623383e-01 1.24137342e+00
    -4.73067701e-01 2.48096645e-01 1.09727049e+00 1.38100958e+00
    1.60641932e+00 -1.51146650e-01 1.66393745e+00 1.25118637e+00
    1.67067766e-01 1.65878582e+00 -3.66603792e-01 9.36078846e-01
    2.46653378e-01 1.60038638e+00 6.01409674e-01 -3.99146795e-01
    5.55576324e-01 6.79135323e-04 -7.38189101e-01 -5.25418043e-01
    1.60178423e+00 1.41253114e+00 -6.68244541e-01 -7.66025960e-01
    1.45432854e+00 1.16557527e+00 1.57643199e-01 -1.28155410e-01
    -6.99237466e-01 8.42393041e-01 1.44192266e+00 -1.29666567e-01
    5.95406890e-02 1.50474524e+00 -2.41889954e-01 -8.12978923e-01
    1.45641994e+00 -6.78430498e-01 6.63312376e-01 -4.80055630e-01
    -6.66949689e-01 -7.09274411e-01 7.37954080e-01 1.11726642e-01
    4.80639935e-02 1.68919921e+00 5.76451838e-01 1.45861650e+00
    -6.25216186e-01 1.66584611e+00 1.55132949e-01 9.94583547e-01
    2.36891210e-01 -6.10050559e-01 -5.02031922e-01 6.89888299e-01
    -4.90705729e-01 -7.18989551e-01 8.07235837e-01 1.57411385e+00
    1.56763804e+00 -7.45148659e-02 1.61073232e+00 7.48576999e-01
    2.42553055e-01 7.06566811e-01 -5.79073191e-01 1.10774708e+00
    2.81202674e-01 -5.45261860e-01 -3.55236530e-01 1.45117521e+00
    1.01817989e+00 1.05455875e+00 1.00588036e+00 1.16049027e+00
    7.27169514e-02 -4.59471375e-01 2.17320144e-01 -5.06546259e-01
    1.17099094e+00 1.16728008e-01 1.76936793e+00 -5.83117008e-01
    7.58201897e-01 -1.32464647e-01 -9.93294120e-02 1.24925280e+00
    5.58762193e-01 9.41255093e-02 8.74943733e-01 -4.41768914e-01
    1.73719633e+00 1.82770383e+00 -6.48236513e-01 5.60074389e-01
    1.61172891e+00 -6.45228028e-01 7.05573022e-01 -4.41836357e-01
    -1.85740948e-01 1.56406593e+00 -1.21791899e-01 1.94763362e-01
    1.77838612e+00 2.15943098e-01 9.44127142e-01 6.00684524e-01
    2.09052563e-02 8.09367001e-01 1.08723092e+00 -2.83319950e-01
    6.27108753e-01 -4.58260119e-01 -4.61275488e-01 -3.59708309e-01
    9.08591449e-01 1.38267910e+00 9.01679873e-01 1.66185403e+00
    1.06447625e+00 1.39535689e+00 -8.14806283e-01 3.21420252e-01
    1.73775494e-01 1.22990346e+00 3.22315335e-01 -4.21762288e-01
    1.60243630e-01 1.06161654e+00 1.11245894e+00 1.67535400e+00
    3.33640754e-01 1.28562081e+00 -6.50203168e-01 1.50380278e+00
    9.72787738e-02 -7.81260669e-01 1.41480064e+00 1.04522157e+00
    5.18963337e-01 4.42154825e-01 -4.16436225e-01 -3.64261717e-01
    -3.76562059e-01 1.00755465e+00 1.26658762e+00 7.76809573e-01
    2.29310215e-01 1.87910318e-01 -1.69679344e-01 1.80871153e+00
    9.33540046e-01 9.90412951e-01 -5.63201427e-01 1.67335367e+00
    1.58201480e+00 1.10869420e+00 1.34246051e+00 7.50954807e-01
    1.30929947e+00 1.70267797e+00 5.26937664e-01 9.15479898e-01
    1.72395468e+00 7.85914063e-01 1.22132993e+00 6.24571979e-01
    1.02080274e+00 2.54757106e-01 -1.51701391e-01 2.06389308e-01
    -7.44080186e-01 1.18894768e+00 2.42492437e-01 2.86095381e-01
    3.88265550e-01 1.49965405e+00 -1.42602563e-01 1.49534845e+00
    1.20697498e+00 -6.37958527e-01 -1.37165427e-01 1.14639401e+00
    9.43826914e-01 9.62953746e-01 -6.19382262e-02 -7.84468174e-01
    5.89030981e-02 1.70753503e+00 -1.16729319e-01 1.08122289e-01
    -1.60464346e-01 -6.68133259e-01 4.28417385e-01 -5.99316478e-01
    9.32953775e-01 1.10458922e+00 3.59647274e-01 1.17888749e+00
    -3.78465623e-01 5.71360290e-01 1.12359846e+00 1.31249988e+00
    1.37556243e+00 7.37679183e-01 3.37373018e-01 6.81040645e-01
    -4.11407113e-01 1.72349739e+00 1.74685347e+00 3.29287529e-01
    1.66599751e+00 -6.18360102e-01 4.27279890e-01 1.44549048e+00
    -6.30354881e-02 1.00294685e+00 -8.45957696e-01 1.14718366e+00
    1.75906658e+00 6.67335331e-01 -5.90304852e-01 -2.61334300e-01
    5.17183602e-01 1.37398696e+00 9.91484642e-01 -8.45932126e-01
    4.72661793e-01 1.00442576e+00 -7.25284278e-01 -5.63335419e-03
    2.36551285e-01 1.03314209e+00 1.80783522e+00 -2.87891865e-01
    1.07562113e+00 1.68292236e+00 1.03044748e+00 -6.85420632e-01
    8.22680950e-01 1.99882388e-02 1.90585077e-01 -4.56197262e-01
    -5.15233219e-01 -8.92701745e-02 1.56657076e+00 1.47180748e+00
    -5.44356108e-02 1.31712615e-01 -4.76779729e-01 1.65922284e+00
    8.90709221e-01 -1.25256479e-01 5.89246809e-01 4.90791738e-01
    1.30920720e+00 -6.72716022e-01 1.33051443e+00 1.51184857e+00
    1.60989523e+00 -8.25783610e-02 1.11906028e+00 1.12413859e+00
    1.05056286e+00 -8.72174978e-01 -5.90394258e-01 2.14454770e-01
    4.27399516e-01 -3.20038766e-01 -4.84328896e-01 -5.28715312e-01
    -6.56069577e-01 1.07778788e+00 -5.05172133e-01 2.87074149e-01
    -7.53478706e-01 -5.62626123e-03 2.87365913e-03 1.21633768e+00
    -4.04009283e-01 5.84608793e-01 -8.26188982e-01 1.48075390e+00
    4.47877049e-01 9.50783789e-01 9.23398018e-01 5.12091935e-01
    1.59953809e+00 6.83405340e-01 9.87275362e-01 -2.48642266e-01
    -7.90018380e-01 1.38048339e+00 6.76626742e-01 1.66169000e+00
    1.73213577e+00 -4.27558571e-01 9.00591493e-01 8.01449716e-01
    7.59884357e-01 7.40961194e-01 -3.98667693e-01 2.16353178e-01
    1.64753294e+00 1.40778494e+00 -1.69623971e-01 9.61769283e-01
    4.32936013e-01 1.68516517e-01 4.02559519e-01 7.55672753e-01
    5.34005523e-01 -2.80664384e-01 1.42076719e+00 7.79164493e-01
    -6.87772214e-01 2.69989073e-01 -5.72548509e-01 7.17553735e-01
    9.59692955e-01 6.63215578e-01 1.24745989e+00 1.55681133e+00
    -4.21307683e-02 3.65836442e-01 -4.80395049e-01 1.33659983e+00
    1.41386032e-01 1.33803070e+00 -9.86528039e-01 1.65755272e+00
    1.17616236e-01 2.08742142e-01 2.78788924e-01 1.07969809e+00
    1.41704178e+00 1.51214528e+00 -5.37366271e-01 -1.24395669e-01
    -4.28047895e-01 1.54517615e+00 -2.60843158e-01 1.41321552e+00
    5.01384974e-01 -6.48375154e-02 2.85545766e-01 4.88977671e-01
    6.03311479e-01 1.40067160e+00 5.72737217e-01 -2.92778015e-04
    -3.11280698e-01 1.06679976e-01 9.53737378e-01 -1.72456682e-01
    1.12120211e-01 -4.85779375e-01 -4.93620634e-01 -6.35597169e-01
    -4.06450033e-02 9.14432406e-02 -3.50993335e-01 4.26004946e-01
    4.70131278e-01 1.56116033e+00 1.71025395e+00 3.35271657e-01
    -3.40015292e-02 1.94061220e-01 1.31062508e+00 9.57670093e-01
    2.68717229e-01 1.63268590e+00 1.10444057e+00 8.02350461e-01
    5.73528409e-01 -1.71275437e-01 4.68091607e-01 7.89668620e-01
    8.11262727e-02 3.94145012e-01 1.01102233e+00 5.62931359e-01
    8.81359875e-01 -4.06744480e-01 1.35218954e+00 1.38376462e+00
    -4.69912231e-01 4.88655686e-01 1.50533676e-01 -8.49199593e-01
    -1.03536665e-01 1.70275879e+00 2.29350150e-01 1.31452060e+00
    -5.85754097e-01 2.76272893e-01 1.34019423e+00 -6.12694383e-01
    -4.14488226e-01 -2.13638902e-01 2.88101554e-01 5.09278953e-01
    -3.93233955e-01 4.41524327e-01 -6.38567090e-01 -7.87414551e-01
    2.35781252e-01 1.29956150e+00 9.11382139e-01 -2.90570378e-01
    9.18180466e-01 -3.73166949e-01 -1.05680346e-01 5.14537811e-01
    1.10984755e+00 1.22825384e+00 -6.15319431e-01 8.35525393e-01
    1.42214954e+00 -4.42700058e-01 -4.25316721e-01 4.46149468e-01
    2.81321108e-01 1.61198103e+00 -8.22328806e-01 -6.87612057e-01
    -5.51760435e-01 8.92471373e-01 1.41653657e+00 1.53044105e+00
    8.68510008e-02 -2.30636418e-01 4.39148486e-01 1.27130222e+00
    1.73213995e+00 1.66180897e+00 -3.16937029e-01 4.50047612e-01
    2.92373180e-01 -2.18836069e-01 1.78583503e-01 4.56689656e-01
    -6.74917817e-01 -6.29591286e-01 -1.81119442e-02 1.24025106e+00
    -2.88499773e-01 5.16596973e-01 3.57499838e-01 5.65456808e-01
    1.43318057e+00 1.22636437e+00 1.10173178e+00 1.58792353e+00
    3.73397112e-01 -7.31821775e-01 1.18709469e+00 9.87627506e-02
    1.33310699e+00 2.18482614e-01 -6.06408894e-01 4.36022222e-01
    -9.83927846e-02 -5.48722327e-01 1.26036227e-01 7.67312527e-01
    1.39032030e+00 -8.43787074e-01 1.94662809e-03 1.59071422e+00
    1.24014664e+00 1.03410959e+00 1.68293118e+00 9.60739970e-01
    -7.42987335e-01 7.86240995e-01 1.73735046e+00 -4.05027390e-01
    1.55740333e+00 9.77766991e-01 2.85320818e-01 1.54184270e+00
    -5.06239653e-01 1.71132827e+00 7.86683738e-01 1.65472054e+00
    2.45773435e-01 -2.02117085e-01 1.48084664e+00 9.72055078e-01
    -6.27207994e-01 9.56953347e-01 -7.38426447e-02 1.08426559e+00
    -4.66838419e-01 -7.32201040e-01 6.08897626e-01 2.94750690e-01
    1.38168156e-01 1.77303863e+00 -5.94613850e-01 -2.50312090e-02
    1.25494385e+00 -8.46185088e-01 5.88962376e-01 1.19504285e+00
    1.71961427e+00 -6.73890710e-01 1.43292105e+00 1.12864256e+00
    -3.33441079e-01 4.61000919e-01 -9.01401877e-01 1.57701409e+00
    6.92588985e-01 8.70995998e-01 7.36061573e-01 1.09821188e+00
    1.32439184e+00 1.34206831e+00 1.00428164e-01 -6.72643960e-01
    4.26619768e-01 7.54214466e-01 1.84307027e+00 6.88674212e-01
    1.62999952e+00 1.17499995e+00 3.08321953e-01 -1.66675210e-01
    1.71795702e+00 9.77259934e-01 1.34345269e+00 1.06024408e+00
    -1.34183168e-02 1.06128299e+00 -3.34173262e-01 1.60508001e+00
    1.08150685e+00 5.67801476e-01 1.71333492e-01 -6.03794158e-01
    4.35757279e-01 -3.12718928e-01 1.26741993e+00 -5.58030605e-02
    1.07843757e+00 -2.20255792e-01 2.65846133e-01 1.19219351e+00
    8.26593637e-02 -8.50546539e-01 1.23507309e+00 -3.34892154e-01
    1.76190102e+00 4.50025558e-01 5.95384836e-01 6.26854300e-01
    1.66845012e+00 6.97665215e-01 -8.57609510e-03 1.69176555e+00
    -2.49984324e-01 1.35976517e+00 -5.54036617e-01 1.78503871e-01
    -6.13166153e-01 5.50438166e-01 1.43862820e+00 8.07337821e-01
    1.21672893e+00 6.26398325e-01 -2.01853275e-01 -6.51916683e-01
    4.98714447e-01 4.92788851e-01 -6.90767169e-02 1.65998459e+00
    1.28657043e+00 8.70307088e-02 1.13444948e+00 9.60189342e-01
    1.05202246e+00 1.22702289e+00 -3.89039516e-03 9.22941566e-01
    1.09914398e+00 9.55471754e-01 1.34938049e+00 -7.10039139e-01
    -2.82511055e-01 1.11938238e-01 6.28441751e-01 -1.84227705e-01
    4.34819639e-01 4.92012501e-01 -5.49311936e-01 -6.99761987e-01
    4.52638388e-01 8.21198642e-01 -3.40776443e-01 4.06492174e-01
    8.90620470e-01 -3.37730199e-01 -5.32849073e-01 4.45640564e-01
    8.57028067e-01 -4.58086520e-01 -6.99949086e-01 4.02128160e-01
    1.61010766e+00 1.48238754e+00 4.47835922e-02 6.24702454e-01
    7.84357607e-01 1.68518782e-01 8.92797530e-01 1.76401198e+00
    -7.30583906e-01 -7.47918129e-01 1.95005536e-01 -4.04987931e-01
    5.63717484e-01 -1.72209620e-01 1.79410481e+00 8.99962783e-01
    1.37057352e+00 -8.47707987e-02 8.48388553e-01 -4.60660249e-01
    1.15496445e+00 9.15227771e-01 1.17559457e+00 1.64891601e+00
    8.75499666e-01 1.74064875e+00 2.48341501e-01 -5.12869954e-01
    3.83330047e-01 4.74654973e-01 1.09889817e+00 -5.28855324e-02
    -4.31360215e-01 1.42668962e-01 -6.86012149e-01 1.04928946e+00
    -1.03977919e-02 -3.32201719e-02 1.00079477e+00 1.49941039e+00
    5.86582422e-01 1.71535015e-01 -6.78487122e-01 1.21914542e+00
    1.22786248e+00 2.82274306e-01 1.58069968e+00 3.09150994e-01
    1.72837591e+00 -8.37755799e-01 1.12055254e+00 8.47117424e-01
    1.21968603e+00 -6.64261580e-01 8.44793737e-01 -6.26521826e-01
    1.84978628e+00 8.69069219e-01 -1.87698573e-01 4.30356801e-01
    1.75481272e+00 1.42638302e+00 -1.23743892e-01 6.09692574e-01
    6.90230906e-01 -5.54745078e-01 1.80464709e+00 5.99289536e-02
    1.27366447e+00 -1.57005608e-01 4.16650593e-01 1.15219188e+00
    7.85046279e-01 -2.00544715e-01 2.29420125e-01 4.78377819e-01
    9.57660675e-02 1.32948995e+00 -2.98578441e-01 -1.09622598e-01
    1.62299728e+00 4.50059593e-01 -8.16286802e-02 -2.11192966e-02
    1.41640759e+00 1.13545847e+00 -2.27530420e-01 1.70245397e+00
    -5.65989971e-01 1.76172054e+00 1.10306931e+00 7.41675794e-01
    3.43705237e-01 3.64581943e-02 3.35335433e-01 1.56597877e+00
    1.51409018e+00 -6.78086281e-01 -6.50032282e-01 -3.17410827e-01
    8.03207934e-01 -4.47765499e-01 1.70723009e+00 1.72893739e+00
    6.46320105e-01 -6.66413784e-01 1.35929430e+00 1.74659884e+00
    -5.32379389e-01 -7.98955321e-01 -9.35782194e-02 8.81745040e-01
    1.59102511e+00 3.64340782e-01 -4.88497257e-01 1.72832584e+00
    7.32343674e-01 6.68163598e-01 1.27120793e+00 -9.28068161e-03
    1.00828552e+00 -6.12494409e-01 -8.82362723e-01 -2.95841873e-01
    1.33751535e+00 -4.08318788e-01 1.88770652e+00 -8.46046209e-02
    1.07238555e+00 1.35839832e+00 4.55181301e-01 -3.74036282e-01
    1.32113814e-01 -1.81514263e-01 1.20980930e+00 1.88954449e+00
    1.11029184e+00 -5.39793968e-01 1.68332410e+00 1.40528071e+00
    7.08465576e-02 -5.67756712e-01 1.27726912e+00 -4.90969121e-01
    6.58879995e-01 8.76466632e-02 -4.41646039e-01 1.34789336e+00
    1.28127789e+00 -1.53226614e-01 1.43593550e+00 -1.02365434e-01
    6.23510301e-01 1.19970250e+00 1.77071583e+00 -8.47870171e-01
    -1.57084823e-01 1.45409465e+00 -5.95829010e-01 1.13143921e+00
    -3.08230937e-01 1.04360235e+00 1.09029412e+00 2.20702171e-01
    1.71881783e+00 6.24562323e-01 1.42319822e+00 -3.17552090e-02
    1.09555757e+00 2.18000829e-01 -1.49287581e-01 6.19423389e-02
    -2.69957423e-01 3.46741498e-01 1.07009900e+00 1.85364485e-01
    4.27707493e-01 1.12617564e+00 4.11288261e-01 1.39065456e+00
    -1.29451752e-01 1.44110072e+00 -5.42684317e-01 6.03367627e-01
    -7.73096859e-01 2.01618195e-01 -4.07998562e-01 -2.11513340e-01
    -2.80154556e-01 2.13842332e-01 4.02119994e-01 -3.07099283e-01
    -3.41509402e-01 1.68038511e+00 -4.29747969e-01 9.85465229e-01
    -2.20857322e-01 1.15594697e+00 8.00035655e-01 1.53153419e-01
    -7.71622837e-01 1.75162339e+00 1.61789441e+00 -6.27260625e-01
    2.71216691e-01 1.72658682e+00 -7.91502297e-01 -4.10890639e-01
    3.56312394e-02 1.52395940e+00 3.06395829e-01 8.92552912e-01
    4.88124251e-01 6.41503572e-01 -1.25653446e-01 1.23323500e+00
    4.13292408e-01 -4.32428390e-01 6.91171110e-01 8.17614436e-01
    6.19026721e-01 2.79222727e-02 1.65138769e+00 1.71486354e+00
    -6.67747080e-01 -5.77396989e-01 -1.82237744e-01 1.63960552e+00
    2.08299518e-01 1.61681414e+00 1.54236233e+00 1.11591172e+00
    -5.75115860e-01 4.91551578e-01 8.57988775e-01 1.28913736e+00
    6.06911063e-01 1.81573248e+00 -1.91886961e-01 1.09331477e+00
    1.64977694e+00 1.43459415e+00 -1.11584246e-01 1.32833743e+00
    4.71261561e-01 5.05096257e-01 -2.78280616e-01 1.16466391e+00
    4.93390381e-01 -4.68079150e-01 4.75794911e-01 -4.21113104e-01
    -5.65177202e-01 -5.15833378e-01 4.11538363e-01 -5.65751791e-02
    1.12372637e+00 -3.08655441e-01 2.88391531e-01 1.20829749e+00
    -3.05680633e-02 6.89588130e-01 2.22343981e-01 7.85115004e-01
    -2.93503344e-01 -2.43991494e-01 1.29274607e+00 -1.77054644e-01
    2.50951231e-01 1.63806176e+00 1.64694023e+00 1.44475448e+00
    -3.18223059e-01 -4.35254455e-01 4.12040234e-01 1.65180838e+00
    1.17847610e+00 -3.57459843e-01 1.15160275e+00 1.63776326e+00
    -4.29154426e-01 8.45263124e-01 3.05391967e-01 5.12654901e-01
    7.51759648e-01 1.58143091e+00 1.35148823e+00 1.36488271e+00
    -2.38284767e-01 1.20172048e+00 -2.00016618e-01 1.03510189e+00
    1.76451802e-02 -3.65141988e-01 3.18961501e-01 9.32117939e-01
    1.77084637e+00 -4.16966379e-01 1.32406735e+00 1.71191835e+00
    8.38090241e-01 1.16680217e+00 -7.05450654e-01 -4.33126241e-01
    1.44313657e+00 9.42071795e-01 9.06906724e-01 -4.90857363e-01
    1.25909591e+00 -3.07564616e-01 1.27995610e+00 7.37520099e-01
    1.49300289e+00 4.09146428e-01 -9.29904580e-02 9.48739171e-01
    -3.01601887e-01 1.66689849e+00 -7.39447474e-02 8.36867213e-01
    1.42875779e+00 -8.22075963e-01 1.32071066e+00 -4.79236454e-01
    1.59626269e+00 7.83908904e-01 -2.71877289e-01 4.05237436e-01
    1.37132788e+00 1.27104843e+00 8.58954012e-01 -4.57357973e-01
    1.08408928e-02 -6.05524719e-01 -5.84297299e-01 8.36930037e-01
    1.07880175e-01 4.34147716e-02 5.37988722e-01 -6.85857773e-01
    -2.44664669e-01 1.66991711e+00 3.95363569e-02 1.76385367e+00
    6.24724030e-02 -6.91128969e-02 1.54582477e+00 -4.21807975e-01
    9.72040772e-01 -6.43345594e-01 2.87894428e-01 1.64626384e+00
    1.44631052e+00 1.75598979e-01 1.21139598e+00 -4.76116002e-01
    1.41938710e+00 7.00854897e-01 -8.19372535e-01 2.46702850e-01
    7.06395686e-01 8.59751403e-01 6.64417207e-01 7.90901959e-01
    1.56858802e+00 3.40737879e-01 1.54416347e+00 2.36593008e-01
    -8.21033359e-01 1.74786627e+00 2.13477433e-01 -3.01034808e-01
    1.20039308e+00 -3.13304126e-01 9.05585885e-02 6.80950642e-01
    1.37987959e+00 1.25607085e+00 1.31844687e+00 -3.41839910e-01
    8.04137290e-01 1.27457976e+00 1.70196509e+00 -5.89446247e-01
    8.99731696e-01 7.14294553e-01 3.61873269e-01 2.96465874e-01
    2.78704941e-01 5.48375964e-01 -2.93938547e-01 -4.62219536e-01
    -2.34047949e-01 -3.07774961e-01 -1.00633442e-01 1.60916328e+00
    1.33903766e+00 -7.19008505e-01 1.82590485e+00 1.55340862e+00
    5.60363531e-01 -2.20318913e-01 1.78128600e-01 3.45109165e-01
    1.70296931e+00 1.66507387e+00 -6.24080122e-01 2.09034324e-01
    5.65713644e-03 9.79374588e-01 9.58133399e-01 -6.67682886e-02
    -4.58163500e-01 9.37463224e-01 9.04439569e-01 9.90152657e-01
    1.49346888e+00 1.20694280e+00 2.90649414e-01 5.92642844e-01
    -1.30469620e-01 3.36495519e-01 1.65989041e+00 -5.49033523e-01
    8.34846675e-01 -5.10548413e-01 1.24788570e+00 1.00665689e-02
    -1.57383680e-01 -2.33085036e-01 2.18540907e-01 6.01963997e-02
    1.65174079e+00 -9.88308787e-02 7.13974237e-03 9.71624672e-01
    -9.06521559e-01 3.45354378e-01 1.67432380e+00 5.74469745e-01
    9.47757244e-01 -8.38535249e-01 1.03393674e+00 1.44554353e+00
    -4.61245984e-01 9.68137622e-01 5.93175054e-01 -6.89441264e-01
    -3.12960088e-01 5.05486488e-01 6.36004269e-01 9.11216080e-01
    4.79456127e-01 -3.31598341e-01 5.54248512e-01 4.04545546e-01
    1.60177660e+00 2.92508841e-01 -8.61316502e-01 1.15833282e+00
    4.63225245e-02 -5.29648662e-02 1.27373612e+00 -7.21309543e-01
    5.13394117e-01 1.34619403e+00 2.16283739e-01 5.07546425e-01
    6.32367492e-01 -2.40323424e-01 -8.05531144e-01 5.70916414e-01
    1.60180449e+00 1.09236860e+00 5.45277834e-01 5.96294701e-01
    -6.70251966e-01 -2.90320992e-01 9.95689690e-01 3.44440103e-01
    7.91852951e-01 -8.37774694e-01 1.71961403e+00 5.50530851e-01
    8.81571829e-01 4.35958862e-01 1.12678361e+00 1.22480762e+00
    1.67371821e+00 1.14076638e+00 -4.37160313e-01 4.68266606e-02
    7.01896608e-01 1.07928777e+00 4.96189117e-01 -5.63649952e-01
    -5.05139053e-01 1.09910941e+00 4.49220538e-02 9.96137798e-01
    -7.59161651e-01 1.42649901e+00 1.40073133e+00 6.35152638e-01
    8.93971622e-01 -5.17740428e-01 1.17182112e+00 9.18731093e-01
    8.08140218e-01 1.11158395e+00 -4.84943867e-01 1.35070264e-01
    6.70393646e-01 4.65559006e-01 1.68629169e+00 1.15180671e+00
    1.75675619e+00 1.09191799e+00 2.44379461e-01 -5.15307486e-01
    -1.76703215e-01 1.84015214e+00 9.20501411e-01 5.12443841e-01
    1.68312120e+00 4.21663284e-01 -3.30093563e-01 -6.37036085e-01
    1.48226607e+00 7.88448453e-01 1.19786596e+00 8.24128568e-01
    1.27265215e-01 1.12241507e-01 1.66499138e-01 -3.79404306e-01
    2.73181856e-01 7.57931471e-02 -1.27586842e-01 -6.09391630e-01
    1.76052153e-01 5.10866702e-01 -5.08207202e-01 -5.38682759e-01
    -7.06389844e-01 1.01203144e-01 8.02797854e-01 9.41319466e-01
    1.28697157e-01 -5.04638195e-01 7.79817164e-01 -6.55426383e-02
    1.66699052e+00 -5.67138195e-01 -2.87965417e-01 7.98620045e-01
    1.23234987e+00 6.68259859e-01 -7.13934064e-01 -6.92618072e-01
    8.89047205e-01 -9.11349058e-03 1.46749818e+00 1.34583926e+00
    -1.30676508e-01 -5.41929722e-01 1.20834351e+00 6.35555744e-01
    1.62956178e+00 1.87734556e+00 8.92906785e-01 1.43206215e+00
    7.01164663e-01 1.11922193e+00 -6.47310734e-01 1.29332757e+00
    -6.20251179e-01 -7.07948864e-01 -1.79915369e-01 -9.86755490e-02
    1.13427973e+00 -4.16099846e-01 8.65415275e-01 4.32562649e-01
    -7.02711880e-01 2.23122239e-01 -6.04203701e-01 1.38522363e+00
    7.39836335e-01 1.62774372e+00 1.76610601e+00 1.42446828e+00
    1.65654182e+00 1.71805096e+00 3.66545677e-01 2.94403136e-01
    9.87544298e-01 1.40465689e+00 -5.45750797e-01 1.38029897e+00
    1.78790092e-01 1.90045059e-01 1.62126994e+00 9.21167314e-01
    2.49757648e-01 1.20606279e+00 1.68024802e+00 4.85034049e-01
    -3.40191722e-01 -4.45671082e-01 1.87228918e-02 1.29404187e+00
    -4.24745709e-01 1.23031831e+00 1.73035669e+00 8.93581867e-01
    8.76210332e-02 7.19174206e-01 -3.39694619e-02 -5.49006462e-03
    -5.13869166e-01 1.73439348e+00 -6.46333456e-01 1.36204934e+00
    1.58372235e+00 -8.15104246e-02 1.14915907e+00 3.60578895e-02
    1.27935719e+00 1.68126178e+00 7.33701885e-01 -4.10140216e-01
    1.52635980e+00 1.10075212e+00 6.79904699e-01 1.61339617e+00
    4.67379749e-01 -3.38928878e-01 6.04347944e-01 -5.13484597e-01
    -1.85646594e-01 6.19476855e-01 9.00273561e-01 1.35035217e-01
    -3.80507439e-01 4.44437861e-01 -7.07696974e-01 1.58287668e+00
    1.67464197e+00 6.29580557e-01 -5.39437652e-01 1.89574122e-01
    1.03613687e+00 1.13394248e+00 1.70021963e+00 3.90648544e-01
    5.83702385e-01 -5.87833464e-01 -2.25542188e-02 1.83236456e+00
    5.73428512e-01 4.59798098e-01 -2.83887625e-01 1.47074008e+00
    -5.58129966e-01 -2.82026231e-01 -3.28017414e-01 1.61891174e+00
    2.65315413e-01 8.19729924e-01 9.59467113e-01 -7.02145815e-01
    7.36546040e-01 -9.42796886e-01 4.50863898e-01 1.49587727e+00
    1.23833895e+00 -1.30845129e-01 5.16599774e-01 1.41977477e+00
    -6.30027652e-02 1.04707205e+00 -5.26224971e-02 8.26401412e-01
    3.84950340e-01 6.03271723e-02 1.32790112e+00 9.63734865e-01
    1.22249842e+00 1.42546642e+00 1.03134179e+00 -6.20204806e-02
    4.19280767e-01 1.02756238e+00 6.12235546e-01 1.67145157e+00
    1.52882814e+00 1.70124531e+00 1.20292091e+00 -5.91542900e-01
    1.80053043e+00 -2.04326510e-01 1.20465350e+00 -5.32818615e-01
    9.53066945e-01 5.43280900e-01 2.50679255e-02 6.70763969e-01
    -5.19729793e-01 1.12520075e+00 1.64594901e+00 -5.04291534e-01
    1.17676163e+00 -1.51738524e-02 1.10213673e+00 -6.05865598e-01
    1.62317920e+00 -8.17763090e-01 7.89081931e-01 8.21407259e-01
    1.02478766e+00 1.41867757e+00 -7.71488786e-01 1.03361988e+00
    1.29313135e+00 1.50334120e+00 1.58113313e+00 -2.06288874e-01
    -5.78070819e-01 2.30245173e-01 1.46062589e+00 -7.49599934e-02
    1.44364095e+00 -5.83503366e-01 -6.07035577e-01 3.60444784e-01
    7.96187520e-01 1.87348008e-01 3.45139384e-01 1.45649767e+00
    1.48734999e+00 6.18976057e-01 -7.58846760e-01 -4.98664081e-01
    3.35967660e-01 3.07137430e-01 1.08467889e+00 1.60413766e+00
    1.62330222e+00 -8.09729695e-01 1.13646913e+00 -1.72872305e-01
    4.54806805e-01 1.84548140e+00 -7.77112722e-01 1.19431436e+00
    1.03973353e+00 1.49197102e-01 6.26640975e-01 1.62088859e+00
    8.29725385e-01 -7.30494499e-01 6.98085666e-01 -3.41384023e-01
    1.06672406e+00 1.41337752e+00 1.52531028e+00 4.31033432e-01
    -9.41593051e-02 3.30984175e-01 1.51220715e+00 4.95778084e-01
    1.99854970e-02 1.36263108e+00 6.25090718e-01 1.81137323e-02
    1.74216449e-01 9.80502069e-01 -3.31584156e-01 5.15325904e-01
    -5.03102064e-01 1.42419672e+00 9.98718739e-02 2.41481125e-01
    -6.23842776e-01 1.04675794e+00 -3.63156319e-01 -8.26163054e-01
    1.03003716e+00 1.41725230e+00 2.92326272e-01 8.12539220e-01
    9.20477152e-01 6.35711253e-01 1.01295519e+00 -7.46819794e-01
    -2.20117569e-02 -3.52099329e-01 -6.74686015e-01 1.05910039e+00
    -8.60685110e-02 7.00006068e-01 1.16668582e-01 9.45965648e-01
    1.22262061e-01 5.24536610e-01 7.03657985e-01 1.02261281e+00
    -2.99240291e-01 -5.66557884e-01 8.59360874e-01 -6.38615310e-01
    6.78641796e-01 1.31437945e+00 1.69476271e+00 -3.68869901e-02
    3.93529654e-01 1.66420364e+00 1.53391469e+00 8.95681083e-01
    1.28670907e+00 1.64322233e+00 -8.12372923e-01 1.56432366e+00
    1.41021764e+00 1.67690754e-01 -5.55941641e-01 1.95412564e+00
    1.76184499e+00 -8.58870149e-02 -2.07473993e-01 1.13059878e-02
    6.46558106e-01 1.35617042e+00 -6.44873500e-01 -1.40901864e-01
    9.95653868e-03 9.33122396e-01 1.73346400e-02 5.08754313e-01
    1.53452981e+00 1.06237733e+00 -2.49096751e-02 1.52966619e+00
    3.15720677e-01 -1.54505312e-01 3.07030916e-01 -6.00405335e-01
    7.49939144e-01 -2.17217267e-01 -4.60369587e-02 1.15488398e+00
    9.17806447e-01 1.08987689e+00 1.21155846e+00 1.45672226e+00
    6.55197978e-01 1.47973001e-01 4.94033098e-03 4.39793289e-01
    -4.31865156e-01 -5.40429831e-01 -5.46730161e-01 1.63178420e+00
    -1.10051513e-01 1.27033460e+00 -4.04340029e-02 -1.73344672e-01
    1.61777306e+00 9.54140902e-01 1.33921504e+00 1.67144823e+00
    6.02744579e-01 -1.21809304e-01 -7.54235566e-01 1.43145418e+00
    5.34100711e-01 1.55969930e+00 3.86781633e-01 5.33517301e-01
    -4.94738877e-01 8.86021197e-01 4.61056650e-01 -7.54078627e-01
    -6.74723208e-01 7.08814263e-01 -6.13397241e-01 1.07020748e+00
    9.00564909e-01 1.33557880e+00 7.94063926e-01 4.66537654e-01
    -8.39596272e-01 6.21583521e-01 7.04537690e-01 4.27731037e-01
    1.45629168e+00 6.10905588e-01 -4.42037106e-01 -4.64797020e-02
    1.23227930e+00 1.78096652e-01 5.98489046e-02 5.99422216e-01
    1.79113102e+00 2.53351629e-01 1.43813443e+00 1.23452389e+00
    -3.67347151e-01 1.63232303e+00 1.56086802e+00 2.02633083e-01
    -6.89314127e-01 -4.04709816e-01 1.18005180e+00 1.54747272e+00
    -5.09188712e-01 1.53091240e+00 -4.56947684e-02 4.04323280e-01
    -3.99717391e-01 8.98215950e-01 8.43781650e-01 1.33383632e+00
    1.11277390e+00 -5.17653883e-01 1.68189049e+00 1.42814565e+00
    -2.58277237e-01 4.65471685e-01 8.87470186e-01 3.14949155e-01
    6.19343877e-01 4.62765634e-01 6.42670095e-01 1.00703049e+00
    1.48369300e+00 -9.29944515e-02 1.73635435e+00 1.51016569e+00
    1.68572521e+00 3.60083580e-01 9.45417285e-01 -1.74597204e-01
    1.29528141e+00 -5.48570514e-01 9.03214991e-01 1.06037176e+00
    2.15625942e-01 1.46617126e+00 -5.69362044e-01 -4.97227907e-03
    4.09787297e-02 1.22545743e+00 -7.22573757e-01 5.08023679e-01
    1.38668478e-01 -6.89946711e-01 1.07826090e+00 9.45689321e-01
    6.80991650e-01 4.51096177e-01 1.73476195e+00 6.58176422e-01
    7.88142025e-01 1.44044864e+00 7.48939514e-01 1.01965857e+00
    3.72346282e-01 -8.37982237e-01 1.03676188e+00 1.27571166e-01
    5.54369211e-01 -1.27249122e-01 1.21679425e+00 6.98806107e-01
    -3.89605224e-01 2.94382930e-01 -3.61176252e-01 1.63792491e+00
    8.60724211e-01 3.71636927e-01 -2.80970335e-02 1.06504011e+00
    1.02054942e+00 1.68996906e+00 -1.50602758e-01 6.06456399e-01
    -1.92449331e-01 1.61625493e+00 1.78953946e+00 -5.81657708e-01
    1.12223458e+00 9.04642522e-01 3.48485172e-01 3.87364507e-01
    1.76461971e+00 5.04075289e-01 -1.97446585e-01 1.42521191e+00
    8.16342831e-02 -7.42559314e-01 -1.71763182e-01 6.99175477e-01
    1.55580378e+00 -7.79998839e-01 8.15948009e-01 -2.02173710e-01
    -6.35769367e-02 5.89721203e-01 8.77816558e-01 -3.84209216e-01
    1.76412165e+00 -7.69489288e-01 1.29940391e+00 2.24447370e-01
    -5.26328802e-01 4.58155572e-01 1.33820939e+00 2.03738689e-01
    -2.30491161e-04 -5.44761360e-01 8.75949562e-01 1.62691200e+00
    1.76441360e+00 1.73880482e+00 9.07957554e-02 7.70011365e-01
    1.72023106e+00 1.01166701e+00 1.05858064e+00 -4.44592863e-01
    -6.35286212e-01 -2.03416705e-01 1.46459913e+00 6.64684772e-02
    1.21273804e+00 -5.11774302e-01 1.40669298e+00 -6.93225026e-01
    1.10317755e+00 -2.13016152e-01 8.83271396e-01 2.87938833e-01
    1.45414603e+00 8.47432196e-01 6.16267204e-01 2.60329247e-01
    1.40019727e+00 3.88881266e-01 1.16700399e+00 -3.28305513e-01
    1.12939417e+00 1.88621461e-01 8.95134568e-01 5.12658179e-01
    8.78059089e-01 8.08932245e-01 -1.06038451e-02 6.61279857e-01
    4.29506242e-01 1.79578376e+00 -7.46628225e-01 4.47652161e-01
    2.89542258e-01 8.72537434e-01 -6.72751009e-01 7.13589013e-01
    5.16673267e-01 1.30101371e+00 1.23799372e+00 4.18365598e-02
    8.14021945e-01 -1.84483528e-02 6.97097898e-01 9.39510822e-01
    -3.58539224e-02 3.62469196e-01 1.45881081e+00 8.83194327e-01
    -5.07462859e-01 7.87840307e-01 1.38058734e+00 1.21063161e+00
    7.97654033e-01 1.47508383e+00 -1.09516978e-01 1.48790097e+00
    -2.88896143e-01 1.81103897e+00 1.24760246e+00 -3.13659549e-01
    2.92415082e-01 -8.81209373e-02 4.33196306e-01 -6.25376284e-01
    1.42424214e+00 1.36551595e+00 8.18284571e-01 1.15337038e+00
    1.39603138e+00 1.36681545e+00 -1.76213980e-02 1.16367912e+00
    -7.37591147e-01 1.29134107e+00 -4.60374951e-02 9.46000397e-01
    -4.97634083e-01 1.50983751e+00 1.35825896e+00 1.48165345e+00
    1.74788094e+00 5.71930170e-01 1.04319596e+00 -6.85672879e-01
    -9.65098143e-02 7.58907795e-01 1.60059440e+00 7.80753493e-01
    1.75719619e+00 7.97461867e-01 -3.75585079e-01 9.13983643e-01
    1.23314500e-01 6.68741167e-01 1.06107330e+00 8.63838792e-02
    1.59451723e+00 8.11275840e-02 1.72550285e+00 4.93145168e-01
    3.97862971e-01 1.65286040e+00 1.77195024e+00 -7.47838736e-01
    -5.28644741e-01 -7.23445177e-01 1.25342679e+00 1.72602820e+00
    -2.05760300e-01 1.19740963e+00 1.37317944e+00 9.07726288e-02
    7.82184064e-01 4.34989631e-01 7.57491291e-01 2.97554493e-01
    1.80179119e-01 2.77880013e-01 5.77110648e-01 6.57617092e-01
    -6.68504596e-01 2.52670527e-01 -7.51015663e-01 4.47593927e-02
    1.08877206e+00 1.49070668e+00 -7.60476708e-01 9.33361590e-01
    -3.59880924e-02 -3.65524024e-01 1.70891356e+00 -1.64579809e-01
    -4.97366995e-01 -7.83360600e-01 1.28671026e+00 7.47436583e-01
    9.55763638e-01 1.15758848e+00 5.23087263e-01 1.57819700e+00
    -1.36127830e-01 7.85816908e-02 1.08825397e+00 1.57900381e+00
    8.61058533e-01 8.88692141e-02 3.00796330e-01 1.23148394e+00
    9.80624199e-01 1.08228683e+00 -8.37502480e-01 2.61371195e-01
    1.16500306e+00 -5.97986460e-01 7.35406518e-01 -3.93055648e-01
    1.23080635e+00 1.58269286e+00 2.94738710e-01 6.38701677e-01
    9.91221666e-02 2.97149062e-01 -5.95913827e-01 1.45829535e+00
    6.19220734e-02 -8.03643107e-01 6.98965788e-02 1.58548856e+00
    1.24320745e+00 -4.26316142e-01 3.18450630e-01 7.15236008e-01
    9.63447690e-02 1.47382879e+00 8.86007428e-01 1.00847197e+00
    1.06447506e+00 1.55870581e+00 8.33216667e-01 7.88118720e-01
    5.27914166e-02 -5.00100851e-02 -4.10915405e-01 7.73962200e-01
    1.37761497e+00 1.84094656e+00 -4.00063992e-02 -2.28574634e-01
    -1.36920214e-01 -6.03992403e-01 1.00918269e+00 -2.46566832e-01
    7.87420750e-01 1.58353949e+00 1.72033525e+00 6.54000103e-01
    -6.46613479e-01 1.62851286e+00 3.55031610e-01 9.08019900e-01
    1.54765463e+00 -5.72530508e-01 4.44744170e-01 -5.68173289e-01
    1.21113849e+00 1.67302120e+00 8.85884225e-01 9.82124031e-01
    8.97725523e-01 3.64876986e-02 2.35111296e-01 9.92170930e-01
    1.45302570e+00 -2.10844934e-01 1.31751764e+00 7.20921278e-01
    6.22132301e-01 -4.42908913e-01 -3.98240626e-01 1.77661204e+00
    -7.08395600e-01 1.95407748e-01 -7.80890763e-01 9.61141765e-01
    -5.00150919e-01 2.58123815e-01 1.63695693e+00 -5.17030597e-01
    6.06616020e-01 -3.24944794e-01 -1.96020007e-02 -4.39897418e-01
    3.90879333e-01 8.30735683e-01 1.74076509e+00 1.74114871e+00
    2.82036781e-01 6.19691432e-01 -1.98827088e-01 1.45747781e+00
    2.63503134e-01 1.42025208e+00 -6.68511271e-01 3.45217705e-01
    -3.54193956e-01 -5.91901839e-01 -3.66628528e-01 1.07221127e+00
    5.24089813e-01 2.14658856e-01 5.14320135e-02 2.26101816e-01
    1.14447546e+00 1.61286318e+00 4.57985222e-01 1.60042620e+00
    1.20750237e+00 -2.70909309e-01 -5.57755113e-01 2.18505979e-01
    1.53616750e+00 6.91762209e-01 1.36563015e+00 -7.60529220e-01
    -6.87031269e-01 -1.07186437e-02 1.47632158e+00 1.67073071e+00
    -3.96237046e-01 -4.02834922e-01 1.73543847e+00 9.21276689e-01
    9.79618549e-01 1.03337991e+00 1.79539180e+00 9.00044441e-02
    -5.13035774e-01 -2.36091971e-01 1.09291697e+00 8.40439141e-01
    -5.20606935e-01 1.27311039e+00 -3.85079205e-01 9.12126303e-02
    -2.94990748e-01 1.03200817e+00 1.47119415e+00 1.48375773e+00
    3.18477511e-01 1.76632500e+00 6.99278712e-02 -4.80812073e-01
    1.00197077e+00 -2.99383998e-02 6.32504106e-01 -4.56977397e-01
    1.12185359e+00 8.03599954e-02 6.90930128e-01 4.46960986e-01
    1.70211422e+00 1.05039465e+00 -2.12632596e-01 1.12543702e-01
    1.70426548e-01 -5.00412583e-01 3.71038914e-03 1.01530641e-01
    9.24811184e-01 1.65364766e+00 1.56921279e+00 1.62274504e+00
    -5.46618283e-01 1.24372292e+00 1.26260149e+00 5.27647972e-01
    -4.86698151e-02 -3.44277173e-01 -2.27454782e-01 1.33736134e-01
    -6.68678164e-01 1.75487792e+00 6.94998264e-01 3.33905399e-01
    1.52407050e-01 -1.36403143e-01 1.36333263e+00 -2.47850120e-01
    9.98976231e-02 1.55532908e+00 2.98161149e-01 2.40059793e-01
    -2.01631844e-01 -5.80389500e-02 1.50218558e+00 -3.69679421e-01
    1.13847673e-01 8.20664287e-01 -3.47586870e-01 6.61760449e-01
    6.49724007e-01 -7.70868957e-01 1.07456386e+00 -1.78126276e-01
    6.26082778e-01 1.56899285e+00 3.37851703e-01 4.03277516e-01
    3.32690537e-01 -3.28867078e-01 -5.59401751e-01 -1.30410254e-01
    3.81338418e-01 1.70642018e-01 1.15238023e+00 5.15470266e-01
    1.01511097e+00 -6.70262337e-01 6.41984880e-01 1.56849098e+00
    1.67551196e+00 1.22670758e+00 -6.25167191e-01 5.24602532e-01
    3.10537815e-01 -7.74102449e-01 1.97038233e-01 -4.68310863e-01
    -6.01777077e-01 -7.02257812e-01 -2.82874107e-01 3.52995992e-01
    1.37395024e-01 -2.97583699e-01 1.52480018e+00 3.47734988e-01
    -7.46151447e-01 1.76222527e+00 1.65142226e+00 -7.36114383e-01
    1.73233366e+00 -3.88201416e-01 1.50127530e-01 -3.49501848e-01
    9.16108429e-01 1.11840677e+00 1.17403698e+00 1.84288800e-01
    1.33990824e+00 -5.66803575e-01 2.44869411e-01 -7.95426011e-01
    1.51351452e-01 -3.57697129e-01 9.28055525e-01 4.16685939e-02
    1.36906612e+00 9.82930005e-01 1.60219455e+00 8.62206638e-01
    -8.35508168e-01 1.35009158e+00 1.32888091e+00 2.12209642e-01
    1.28112960e+00 1.01166964e+00 1.35570133e+00 5.27832210e-01
    -1.50415123e-01 1.41541147e+00 -8.36934507e-01 -5.26549220e-01
    4.61403847e-01 1.18847084e+00 9.39438105e-01 3.09472442e-01
    1.25638199e+00 6.54442251e-01 1.52065420e+00 -1.67623699e-01
    2.40231693e-01 1.69928122e+00 1.07085466e+00 1.58283329e+00
    1.57129037e+00 2.29864657e-01 1.53010190e-01 1.49683535e-01
    1.62469053e+00 8.07086825e-01 1.03042424e+00 1.46164584e+00
    -3.58918726e-01 1.06854105e+00 -4.56320554e-01 1.38643920e-01
    6.12252772e-01 -8.20087910e-01 -5.24012804e-01 1.58867502e+00
    6.81057870e-01 1.10374844e+00 4.60611522e-01 -1.79618001e-01
    1.34660459e+00 5.19047797e-01 -7.13948548e-01 3.45817029e-01
    1.12109852e+00 1.55010366e+00 -2.74588466e-02 1.38858175e+00
    2.98177183e-01 -4.10301179e-01 1.64184618e+00 -2.32712686e-01
    1.42330706e+00 1.48393059e+00 -7.20739722e-01 -7.84474611e-02
    4.56765950e-01 5.06807625e-01 -1.21880710e-01 -7.46090472e-01
    8.03313315e-01 4.04771388e-01 -2.94353783e-01 4.48873639e-01
    1.08999300e+00 1.19945586e-01 1.16475606e+00 1.74959671e+00
    -1.58767998e-01 1.29571986e+00 8.05457234e-01 -5.33387542e-01
    -8.97417068e-02 3.17124367e-01 1.31059718e+00 6.04326189e-01
    -9.25101042e-02 1.74143004e+00 1.57176042e+00 1.30292535e+00
    -1.00425303e-01 6.55054927e-01 1.56290996e+00 -1.28472149e-01
    1.13237178e+00 -5.05818367e-01 -4.42993253e-01 -7.58311629e-01
    -7.55030096e-01 1.36554813e+00 9.92779255e-01 1.82465124e+00
    -6.84367180e-01 8.08865190e-01 1.73810327e+00 -6.65733874e-01
    1.53000689e+00 7.64149845e-01 -5.34881592e-01 9.97291505e-01
    6.68870568e-01 -7.03415155e-01 1.24570155e+00 -4.65969473e-01
    -2.94851840e-01 8.39914620e-01 -9.67088342e-02 8.69772971e-01
    -2.13988900e-01 -4.40731764e-01 1.88495553e+00 -4.40609157e-01
    1.79408133e+00 1.26026607e+00 -2.16076434e-01 -4.16321278e-01
    1.75492501e+00 5.02290010e-01 -3.49767298e-01 -8.19734335e-01
    2.43890584e-01 1.12438083e+00 1.64784050e+00 1.56271684e+00
    -1.64326191e-01 8.32619667e-02 5.69095135e-01 4.43174481e-01
    7.02276528e-01 1.38178730e+00 3.22370768e-01 6.49789810e-01
    1.22201407e+00 2.71929264e-01 -3.47340703e-02 3.99229050e-01
    3.96438122e-01 1.35616326e+00 1.63257420e-01 8.40771794e-01
    -4.45423514e-01 -3.27113867e-02 1.24312162e+00 7.07306921e-01
    8.09206367e-02 1.63702345e+00 -3.30128014e-01 1.55166221e+00
    -4.31590676e-02 9.34393108e-01 9.57856357e-01 1.34907675e+00
    -1.93743587e-01 9.68682587e-01 9.75271940e-01 1.59671724e-01
    -7.30866730e-01 -4.15921211e-04 1.07714367e+00 6.15115523e-01
    -3.24229479e-01 8.10800612e-01 9.43021655e-01 -1.22915030e-01
    1.40326047e+00 9.26351547e-01 5.14250755e-01 1.13271356e+00
    5.76857686e-01 1.10106039e+00 -4.80303913e-01 2.94204950e-02
    -2.80130506e-02 9.66499448e-01 1.51033843e+00 7.65141070e-01
    -1.15432858e-01 -4.07762051e-01 1.31749678e+00 1.34728551e-01
    9.60804343e-01 1.34032881e+00 1.58648670e-01 6.04710340e-01
    1.16363180e+00 -2.51282990e-01 1.66014862e+00 -7.36897290e-01
    -4.31185633e-01 -4.33743894e-01 1.50943112e+00 -6.87697589e-01
    -4.26420867e-01 9.02756095e-01 2.45513082e-01 5.05860448e-02
    -8.69694352e-02 5.59588790e-01 1.49957705e+00 9.00854468e-01
    7.04341769e-01 4.81554091e-01 -4.53956515e-01 5.19392669e-01
    2.52932668e-01 1.18510902e-01 1.46741211e-01 7.59293735e-01
    6.58982873e-01 -1.96683884e-01 -3.16269696e-01 1.60454047e+00
    -5.97044766e-01 -4.30780053e-02 -1.23371840e-01 -7.08838701e-02
    -4.56933379e-02 -3.33093524e-01 -3.03041935e-02 -4.79390860e-01
    7.91709840e-01 1.42555308e+00 2.58746386e-01 -1.41770661e-01
    1.45175242e+00 -3.20218801e-02 1.03827333e+00 7.05805898e-01
    7.50473499e-01 1.69679630e+00 1.45249605e+00 9.74625170e-01
    1.51838481e+00 5.25831044e-01 -4.65738922e-01 -8.35802674e-01
    1.31478882e+00 1.05622530e+00 5.52754223e-01 1.37151432e+00
    8.03846180e-01 -7.18385816e-01 7.67880976e-01 4.98864830e-01
    -5.09240806e-01 6.29922688e-01 3.86630774e-01 1.72481596e-01
    8.75012517e-01 8.43943477e-01 -4.40682173e-01 -3.75793099e-01
    1.80091023e-01 3.11147273e-01 1.24725103e+00 -3.09696972e-01
    2.04072058e-01 6.89427614e-01 -5.24885535e-01 2.60755539e-01
    1.20602775e+00 7.40250528e-01 1.67055106e+00 1.29980028e+00
    -1.52706325e-01 1.16657197e-01 -6.64300740e-01 5.60128570e-01
    -3.66476119e-01 -5.33190727e-01 -6.47945166e-01 -7.97105432e-01
    3.34223688e-01 4.12450254e-01 2.58704126e-01 -3.32643747e-01
    1.63719940e+00 4.37169433e-01 -2.67959237e-02 9.96826470e-01
    3.51867318e-01 1.47302413e+00 1.62346768e+00 4.21278894e-01
    -2.22036839e-01 7.08814979e-01 9.85511839e-01 4.56836641e-01
    -1.15882754e-02 1.72648931e+00 9.68239069e-01 5.96870184e-02
    1.51593435e+00 1.25491762e+00 1.27783930e+00 5.96964955e-01
    1.33335137e+00 1.16613126e+00 -4.11715597e-01 -3.53919774e-01
    2.87428319e-01 9.48567271e-01 1.02330327e-01 5.54230869e-01
    6.48796380e-01 1.69705534e+00 1.24942064e-01 1.56967640e-01
    1.30827355e+00 -1.22834504e-01 1.29315948e+00 1.49656117e+00
    1.48967767e+00 -1.06065094e-01 7.98970997e-01 1.19387341e+00
    1.60264826e+00 1.20560169e+00 -6.94756091e-01 -6.83671951e-01
    1.31791902e+00 1.39096618e+00 -4.10176873e-01 8.19743991e-01
    1.13553822e-01 3.43160510e-01 1.05007315e+00 8.27329099e-01
    4.76843417e-01 1.84320176e+00 -2.32960701e-01 9.81483340e-01
    1.49096680e+00 -4.55020785e-01 3.07076752e-01 6.27060533e-01
    -2.52274811e-01 3.65306377e-01 1.56841671e+00 5.39937556e-01
    5.74461579e-01 1.13605404e+00 6.99063420e-01 6.27690017e-01
    4.67182100e-01 1.45828390e+00 1.74929357e+00 1.25486541e+00
    -7.85418808e-01 2.83933520e-01 -4.18731034e-01 1.15111470e-02
    2.47777700e-01 4.41263556e-01 9.70371544e-01 -1.87677920e-01
    4.18115020e-01 -2.29305089e-01 -3.80221009e-02 9.23240423e-01
    -7.56956041e-01 3.17514479e-01 3.65213752e-01 1.57667160e+00
    -4.48741406e-01 1.33428478e+00 1.40979314e+00 1.93549991e-02
    7.96908975e-01 -6.87576950e-01 2.52323449e-01 1.33354044e+00
    8.56838763e-01 -6.53467417e-01 1.17592275e+00 -5.01003623e-01
    8.21081340e-01 5.26139140e-01 1.21759391e+00 -7.15610564e-01
    1.80543184e-01 1.65528464e+00 7.28423595e-02 -4.58094358e-01
    2.18179047e-01 1.72001588e+00 1.23442590e+00 1.09921932e+00
    5.49638569e-01 8.52885187e-01 4.88959253e-01 -6.93423033e-01
    1.63596272e+00 -4.62371439e-01 1.09375060e-01 1.65807295e+00
    1.48119879e+00 -1.07237995e-01 1.71294153e-01 -2.31535912e-01
    6.30547583e-01 1.09172869e+00 4.84567106e-01 4.39165711e-01
    1.31368947e+00 6.01897240e-01 -1.67752028e-01 1.25349784e+00
    4.28560734e-01 -3.64545733e-01 1.30882168e+00 1.82154655e+00
    1.85139155e+00 -3.97111893e-01 1.91207743e+00 2.66819328e-01
    -4.61550474e-01 1.96358085e+00 6.38026714e-01 -3.47863436e-02
    1.35281157e+00 1.16799855e+00 2.64274180e-01 7.04093814e-01
    -5.93467474e-01 -6.08566225e-01 1.30515397e-01 1.54348695e+00
    1.81308210e-01 6.96752906e-01 1.15819657e+00 5.99384606e-01
    -1.74756348e-01 1.65160155e+00 -8.18042397e-01 6.23417377e-01
    6.27473235e-01 -3.10156405e-01 1.58117080e+00 -3.50983441e-01
    -7.47125864e-01 3.52211237e-01 -4.99721497e-01 1.45219994e+00
    2.14982569e-01 1.79667640e+00 -6.86538637e-01 1.22870421e+00
    -6.48212194e-01 5.76648533e-01 4.38513279e-01 -4.22645211e-02
    -4.49007750e-02 9.24495161e-01 1.05799627e+00 2.34492540e-01
    3.64497602e-01 1.54587710e+00 1.56615496e+00 -3.54779065e-01
    7.90585279e-02 1.06341815e+00 -3.40570807e-02 1.13918996e+00
    1.08275008e+00 -8.32910120e-01 -2.34474361e-01 -8.19037020e-01
    -6.75096154e-01 9.03931797e-01 1.45656121e+00 1.40355170e-01
    1.32421970e+00 1.17101979e+00 4.85026121e-01 -5.75614870e-01
    6.82889998e-01 1.10895157e+00 7.52821445e-01 1.83603930e+00
    1.25432837e+00 5.16089797e-02 3.71299982e-01 -2.20479608e-01
    3.11675131e-01 7.17251539e-01 1.52911985e+00 1.20416665e+00
    -7.39687204e-01 3.58154953e-01 5.06140769e-01 8.57838929e-01
    3.15596998e-01 1.11691535e+00 -5.01024723e-02 -4.73510951e-01
    -4.16280717e-01 5.63434601e-01 1.47047567e+00 1.50482655e+00
    1.75679910e+00 1.71580887e+00 1.37843788e+00 9.52883124e-01
    -6.76507771e-01 8.12716722e-01 1.29924035e+00 -9.98312235e-03
    8.30089509e-01 6.43640161e-01 1.21162152e+00 -5.67339063e-02
    5.84635258e-01 8.71021450e-01 5.62855840e-01 1.44819748e+00
    -4.05023962e-01 1.39547408e-01 1.16741443e+00 1.02167869e+00
    1.32488751e+00 -1.72812164e-01 5.77239990e-02 -3.08039188e-02
    3.71403217e-01 2.43725002e-01 1.14459038e+00 1.74068284e+00
    1.50117183e+00 3.23171794e-01 1.28287876e+00 -7.96364427e-01
    1.50318909e+00 9.66483355e-01 8.50167811e-01 -6.74696028e-01
    -6.04216218e-01 5.22940099e-01 1.76551151e+00 1.44063175e+00
    -3.70580047e-01 3.32479954e-01 -1.61522388e-01 4.20877159e-01
    6.98063135e-01 1.75415039e-01 6.01526916e-01 -3.59783590e-01
    6.62217200e-01 8.09312999e-01 7.71903694e-01 1.72227478e+00
    -1.87598467e-02 -5.66300333e-01 1.45708978e-01 7.75590062e-01
    6.69326663e-01 4.48026180e-01 8.00111592e-01 4.47346151e-01
    3.74599934e-01 4.34304953e-01 1.41972601e+00 1.43231153e-02
    4.94154930e-01 1.43731594e+00 -1.81386948e-01 1.20403743e+00
    1.52214265e+00 -3.18725705e-02 5.89697778e-01 1.47465539e+00
    -7.01512218e-01 -4.15223658e-01 5.37774980e-01 -5.53339720e-03
    -2.50359297e-01 1.49815619e-01 -3.37642461e-01 -3.05132866e-01
    -5.05171239e-01 4.03718054e-01 1.84757090e+00 -7.78405666e-01
    4.86614585e-01 -2.99844325e-01 1.01025152e+00 -3.43050063e-01
    1.06809914e+00 5.13091564e-01 1.46053839e+00 -3.39395165e-01
    1.87756491e+00 4.94655728e-01 -6.71414137e-02 1.16123736e-01
    -3.28665376e-02 1.73363709e+00 -8.23379159e-01 -1.47197962e-01
    1.21352613e+00 1.05995750e+00 1.19732749e+00 1.40146804e+00
    -6.05826676e-01 6.84090734e-01 1.84520102e+00 1.26331449e-02
    1.54375815e+00 1.57988501e+00 1.72466040e+00 1.62480056e+00
    1.39195061e+00 4.68847692e-01 5.25280833e-02 -2.86594927e-01
    1.70884180e+00 1.33124924e+00 5.39269149e-01 -6.41766310e-01
    5.57175577e-01 1.04869080e+00 -4.88707542e-01 1.17094278e-01
    6.55421793e-01 1.76996851e+00 -5.42150617e-01 -2.11918533e-01
    -2.46309519e-01 4.41957831e-01 -5.89382052e-02 2.91546643e-01
    6.10145152e-01 4.43377495e-01 1.38265312e+00 -1.94684982e-01
    -1.81033790e-01 1.13721323e+00 1.20970464e+00 4.96620417e-01
    -1.77110076e-01 1.53811574e+00 -6.22053862e-01 1.25669718e-01
    9.80367064e-02 -5.45720458e-02 -8.67119431e-02 1.65766597e-01
    -3.68396580e-01 -7.10822165e-01 -1.08803034e-01 9.52803075e-01
    1.32605433e+00 1.49985671e+00 1.13846326e+00 -3.12437415e-01
    1.93015397e-01 -4.69407707e-01 8.47113788e-01 3.49080563e-02
    9.20519233e-01 -7.83117771e-01 -6.47378683e-01 -5.04975915e-01
    1.66483045e+00 4.07150686e-01 2.06901610e-01 1.50824594e+00
    -1.23928249e-01 6.27182007e-01 1.89721060e+00 -2.97291785e-01
    6.88390434e-02 1.12031353e+00 3.46731186e-01 9.47777271e-01
    1.71030962e+00 1.41696274e+00 -5.24862885e-01 3.78980041e-02
    1.53101254e+00 1.15300119e+00 4.95685756e-01 1.73163104e+00
    -7.97009230e-01 1.43176425e+00 1.36849713e+00 -3.76566529e-01
    7.76705742e-02 1.31973624e+00 5.65501451e-01 8.51547718e-03
    -6.99718177e-01 1.37117195e+00 8.36767614e-01 2.40916550e-01
    1.90978110e-01 1.40356374e+00 1.42891622e+00 1.41410422e+00
    -1.80839419e-01 -4.62790728e-02 7.32738197e-01 1.83371758e+00
    1.54665387e+00 3.59389842e-01 -5.03919840e-01 2.07388520e-01
    -7.83879399e-01 1.29175854e+00 1.33628976e+00 7.96685874e-01
    -3.89771968e-01 9.71082747e-01 4.49096084e-01 -4.31665123e-01
    1.34745407e+00 -4.69455093e-01 1.54322755e+00 1.47662461e+00
    1.50044632e+00 8.06988835e-01 -2.25877762e-02 1.07565022e+00
    1.96594298e-01 1.02826500e+00 1.23846424e+00 -1.18310750e-01
    4.71590996e-01 1.51489949e+00 -7.32410252e-01 -1.52124763e-02
    1.49809515e+00 -2.67660201e-01 -1.64890170e-01 2.96956956e-01
    8.40260327e-01 1.30867815e+00 5.20094812e-01 1.91973567e-01
    2.75796771e-01 -3.70381951e-01 1.33090198e+00 1.61774349e+00
    7.74327397e-01 1.49989784e-01 -2.26356089e-01 -5.65666556e-01
    9.77783203e-01 7.78907657e-01 3.90491605e-01 1.51768970e+00
    -4.38730329e-01 1.42977214e+00 -5.69423139e-01 2.45344520e-01
    -1.18301570e-01 -5.24691939e-01 -7.86954165e-02 -7.36796856e-01
    1.71424019e+00 1.50591254e+00 3.84159327e-01 -7.91703880e-01
    1.56644142e+00 4.71449792e-01 1.66383028e-01 1.28827977e+00
    1.52793014e+00 9.96419311e-01 -1.13424063e-01 -7.12551832e-01
    -2.65437067e-01 1.42419124e+00 -6.90452099e-01 -1.66623354e-01
    4.44058478e-01 4.66734767e-02 3.65096152e-01 5.45077324e-02
    1.23504877e-01 -1.24142110e-01 -5.13368905e-01 5.93446612e-01
    1.28408861e+00 -2.91999072e-01 1.77681983e-01 -9.87351537e-02
    2.21729875e-02 3.88272047e-01 1.68631947e+00 1.63929701e+00
    6.64466500e-01 -3.95129383e-01 1.65215766e+00 2.47099817e-01
    -4.60820884e-01 1.14596236e+00 -4.79112774e-01 1.76217794e+00
    1.07263827e+00 1.50990295e+00 5.46070576e-01 -4.70256954e-01
    -3.87426347e-01 2.28517592e-01 1.54933095e-01 4.86261606e-01
    -4.35417145e-01 -7.42034972e-01 4.73526597e-01 2.26963997e-01
    -7.85077631e-01 1.08266795e+00 1.67601097e+00 -5.11668742e-01
    -1.60394430e-01 -5.53579092e-01 1.21263099e+00 4.17742908e-01
    1.62691891e+00 5.37217379e-01 1.11465573e+00 -1.57101154e-01
    -3.46452951e-01 7.22330809e-03 -8.70836973e-02 4.00156915e-01
    6.64408743e-01 1.45808840e+00 9.91709828e-01 1.73143029e+00
    -4.08520699e-02 1.28777087e-01 1.01676953e+00 1.08017421e+00
    -6.36685491e-01 2.06133723e-02 1.69136894e+00 6.20684743e-01
    -9.63844657e-02 -3.33586931e-01 1.93112075e-01 -3.72424811e-01
    -5.93152046e-02 -1.23059392e-01 1.63260818e+00 5.86484909e-01
    -5.06291389e-02 -7.59513378e-02 -5.06581903e-01 8.60156715e-01
    -2.35685349e-01 1.21849799e+00 1.47523022e+00 -1.48207426e-01
    1.68232512e+00 1.25877368e+00 6.23898506e-02 -7.43573904e-02
    1.38644576e+00 -5.25344729e-01 -6.62461042e-01 -2.00843394e-01
    -3.29601705e-01 6.03078008e-01 -7.17502832e-03 1.72912812e+00
    -5.28821945e-02 -6.88474000e-01 -7.26738572e-01 -6.08035803e-01
    1.05297208e+00 6.31531537e-01 -1.17267489e-01 -3.10503662e-01
    8.80510509e-01 1.28754818e+00 7.16196418e-01 2.54218757e-01
    6.74388349e-01 -6.41711235e-01 1.79082084e+00 8.76406848e-01
    1.45587981e-01 1.32394159e+00 -4.46951687e-01 -6.73344076e-01
    1.36325407e+00 1.60902166e+00 9.65528786e-01 1.09791946e+00
    -6.82546496e-02 -2.64815927e-01 5.54595649e-01 -2.31971323e-01
    2.98118055e-01 1.41010642e+00 1.39275193e-01 4.61372375e-01
    9.37856138e-01 7.99356341e-01 6.17293060e-01 -2.79397368e-02
    1.38879991e+00 -3.20505500e-01 9.36141968e-01 1.06401467e+00
    4.84053850e-01 9.35326755e-01 1.65852344e+00 1.62901616e+00
    1.19778538e+00 2.44073927e-01 1.30192184e+00 2.44184911e-01
    3.08157742e-01 -5.70845604e-01 -6.54209733e-01 2.77130187e-01
    -2.99643904e-01 1.53536177e+00 1.05381715e+00 1.14795482e+00
    2.01761603e-01 1.95088196e+00 1.11405706e+00 -2.35335439e-01
    1.49941230e+00 1.95385790e+00 2.50276923e-01 -1.54493213e-01
    -7.68796325e-01 9.07392621e-01 1.52137017e+00 9.41911161e-01
    7.19981194e-02 2.84272373e-01 9.16522622e-01 1.22597206e+00
    -4.86297101e-01 8.79916906e-01 -7.57822394e-01 3.85237217e-01
    1.57678413e+00 9.67099011e-01 8.65984440e-01 -2.64170945e-01
    9.01471138e-01 -3.11341226e-01 -1.54304981e-01 1.57587433e+00
    -1.55533314e-01 1.04742217e+00 7.62895942e-02 -7.21449077e-01
    -3.82556796e-01 5.44632137e-01 9.03321683e-01 -5.69614291e-01
    7.26794660e-01 2.39546418e-01 -4.24720764e-01 2.46992171e-01
    1.05471575e+00 1.50310040e-01 8.63474488e-01 8.53509903e-02
    4.01928663e-01 1.61913490e+00 -5.82944870e-01 -1.86978757e-01
    1.62409949e+00 4.64029431e-01 6.17102802e-01 -7.21775889e-02
    5.00274360e-01 -2.61457145e-01 9.18795884e-01 1.65472436e+00
    6.94675863e-01 8.44542384e-01 6.98376536e-01 4.57390845e-01
    6.62252545e-01 4.17122960e-01 8.82770419e-01 4.33772445e-01
    2.42248595e-01 1.19533360e+00 1.54259825e+00 1.25332808e+00
    8.00387025e-01 2.63893783e-01 -8.55110049e-01 6.45095170e-01
    -4.71360594e-01 -6.18884444e-01 9.07305956e-01 1.77692842e+00
    1.13361835e+00 7.27545083e-01 1.15142953e+00 1.67191231e+00
    1.22855258e+00 7.84682155e-01 1.56281042e+00 4.78860438e-01
    -2.41455495e-01 -2.33159184e-01 1.75307989e+00 1.56209064e+00
    -6.65485382e-01 -4.80722815e-01 1.77998829e+00 1.28308928e+00
    -6.49483204e-01 -3.01111430e-01 4.14587617e-01 1.35119677e-01
    2.99091339e-02 4.53873634e-01 3.02991569e-01 1.51712632e+00
    1.23632944e+00 8.26352835e-03 1.20824993e+00 1.19220197e-01
    -4.98221993e-01 -7.53126144e-02 2.57579446e-01 1.42447209e+00
    5.15102744e-02 1.52636933e+00 1.32655704e+00 1.62960649e+00
    8.21769476e-01 -5.28057337e-01 -6.25696182e-02 2.11490929e-01
    7.58199334e-01 6.05097413e-01 -5.59101343e-01 -5.78586042e-01
    2.23889172e-01 1.56833148e+00 4.35892701e-01 1.17714489e+00
    1.71655154e+00 -7.37979054e-01 6.58818424e-01 6.63613498e-01
    3.52402627e-01 1.37695599e+00 -3.00165057e-01 4.63255048e-02
    -7.44059026e-01 1.66060615e+00 8.60845029e-01 -3.17278504e-01
    9.39800858e-01 6.38233960e-01 7.53176153e-01 -1.00554764e-01
    1.26255274e+00 6.90797389e-01 -6.26576662e-01 1.08707762e+00
    -4.74322528e-01 -6.24513984e-01 7.19057918e-02 -6.17837131e-01
    1.67509079e-01 3.39494050e-01 1.72975445e+00 7.60900557e-01
    3.94221246e-01 1.41933894e+00 1.19572544e+00 5.77096164e-01
    -4.22968060e-01 -1.79064631e-01 1.48022914e+00 1.50511312e+00
    7.11179256e-01 -5.38485646e-02 1.48515821e+00 -2.35344172e-01
    1.04641056e+00 3.87760401e-01 1.59623837e+00 -4.71495599e-01
    -4.58974272e-01 2.00791955e-02 1.38326621e+00 1.35300374e+00
    1.26609564e+00 4.49501574e-01 1.27918649e+00 9.62952256e-01
    7.61760771e-01 -7.87397683e-01 1.30526721e-01 1.67977214e+00
    1.83567905e+00 1.71315193e+00 1.57650292e-01 -1.21781230e-01
    1.46047413e-01 5.08713841e-01 1.36916697e-01 5.30457616e-01
    5.58539391e-01 5.09748459e-02 1.44074500e+00 -4.99966055e-01
    5.62045097e-01 -6.33717537e-01 1.75100386e+00 -1.67131901e-01
    4.89091873e-01 -1.28608525e-01 1.08327317e+00 1.33064246e+00
    1.07158542e+00 -1.57408595e-01 5.43612957e-01 4.89279091e-01
    3.47525179e-01 -1.44679546e-02 -5.48684955e-01 -4.10182059e-01
    1.14400780e+00 -4.23169613e-01 -1.86459601e-01 3.85673821e-01
    -1.48702681e-01 2.48970568e-01 2.45980501e-01 1.32044828e+00
    1.26440525e-02 2.68405080e-01 1.68958688e+00 -8.51323605e-02
    1.88348675e+00 6.86222017e-01 -4.73945439e-01 1.43676460e-01
    4.03118372e-01 -4.18097615e-01 1.24618864e+00 7.12792635e-01
    2.02054262e-01 -5.69541574e-01 1.69719958e+00 1.71065485e+00
    8.60696912e-01 1.10163319e+00 -1.21625543e-01 -2.03532040e-01
    1.08331490e+00 2.88991332e-02 1.38444567e+00 2.15980113e-01
    -6.72410607e-01 -9.53351855e-02 1.76402354e+00 -2.62981713e-01
    8.77806246e-01 -1.05381668e-01 1.64422464e+00 2.14132905e-01
    9.75252509e-01 -1.42651618e-01 5.97133517e-01 7.81861186e-01
    1.44533622e+00 -8.04501176e-02 2.99883485e-01 -6.79456353e-01
    -2.25638658e-01 7.03516304e-01 -2.97307074e-01 9.29815769e-01
    -4.30385709e-01 1.84155536e+00 1.39375401e+00 1.21586108e+00
    5.39518595e-02 4.10971045e-01 1.16984630e+00 1.70848429e-01
    2.18214393e-01 -2.21033216e-01 -2.27898955e-02 1.35984480e+00
    1.34783077e+00 1.44563007e+00 1.31901693e+00 1.53849554e+00
    -7.71610618e-01 1.47991681e+00 1.04257131e+00 1.41364169e+00
    1.37366688e+00 1.13759685e+00 9.19869840e-01 9.18272734e-01
    -4.27044064e-01 1.42908573e+00 1.74755800e+00 1.82953477e-02
    -4.75598633e-01 1.24706805e+00 1.80732632e+00 -3.13512832e-01
    4.68192697e-02 3.20275366e-01 1.86217976e+00 8.48326504e-01
    8.05286348e-01 -7.68526495e-01 1.61708534e+00 4.80414212e-01
    -8.44805539e-01 1.38215065e+00 1.71707261e+00 7.64266789e-01
    -3.42563748e-01 -6.01274967e-01 8.57189298e-02 9.70781326e-01
    1.07625413e+00 6.76435232e-01 6.40918076e-01 -2.47814894e-01
    9.01898861e-01 -4.26334649e-01 1.65916944e+00 1.59362197e+00
    1.56301761e+00 -3.07474703e-01 1.23326659e+00 -6.00200653e-01
    -7.00304568e-01 8.10316086e-01 3.80928218e-01 -6.10979974e-01
    1.55389595e+00 3.93627703e-01 5.66620052e-01 3.51974487e-01
    1.16097903e+00 1.24682593e+00 -5.98575234e-01 1.35519445e-01
    1.46309173e+00 1.31942213e-01 1.17438960e+00 -8.20875347e-01
    2.89158881e-01 7.65888691e-02 -7.54008114e-01 1.16964269e+00
    -4.40833539e-01 9.36787963e-01 -8.26125741e-02 1.32536888e+00
    1.42624950e+00 7.80145645e-01 1.46569109e+00 -9.97406244e-02
    -3.31338882e-01 1.48539591e+00 6.04419708e-02 3.98111165e-01
    1.79565310e+00 2.68053889e-01 -3.19113553e-01 -2.06885874e-01
    1.31092966e+00 -4.32233304e-01 1.75968695e+00 9.26197112e-01
    1.62410486e+00 -3.19964349e-01 9.57762003e-01 1.31005168e+00
    1.43117762e+00 5.69675267e-01 7.62998641e-01 -4.70512509e-02
    -2.42774397e-01 1.62848365e+00 1.30953956e+00 1.91107988e-01
    9.87575710e-01 -1.18775606e-01 1.54330671e-01 1.22607994e+00
    8.26346874e-01 7.76137590e-01 4.31015790e-01 1.97628140e-02
    2.10298300e-01 1.32129645e+00 -4.56127137e-01 -2.40807831e-01
    6.38753712e-01 1.74052858e+00 1.29116595e-01 -1.09882355e-01
    1.53558946e+00 -1.15564108e-01 -8.31571341e-01 1.34649706e+00
    1.15136242e+00 9.24866736e-01 1.23196173e+00 -6.35870159e-01
    -5.53004622e-01 -6.93804026e-02 9.23004925e-01 -7.43862510e-01
    -5.65155506e-01 1.04792809e+00 -8.32295418e-03 1.52409387e+00
    1.65243387e+00 1.46168423e+00 -2.12612569e-01 2.98653662e-01
    6.99381649e-01 -1.47615373e-01 4.77895498e-01 -7.00527430e-03
    -5.01064658e-01 9.53725874e-01 5.61067760e-01 8.97054553e-01
    -3.30337465e-01 -5.74334264e-01 -2.00029612e-01 5.56501925e-01
    6.91321552e-01 1.33979321e+00 -4.87649739e-01 1.10766673e+00
    -5.57770014e-01 7.73519516e-01 1.21370363e+00 1.54690194e+00
    -5.85116029e-01 7.75454760e-01 5.57296872e-01 -1.45164609e-01
    2.28512287e-01 -2.20618427e-01 5.38365066e-01 -1.29846394e-01
    3.60244811e-01 1.17257166e+00 2.85664380e-01 -3.98785532e-01
    1.41193962e+00 -5.94500780e-01 9.26315904e-01 1.59940195e+00
    7.72718787e-01 -7.87235498e-01 -8.09095502e-02 -4.39624399e-01
    1.65599680e+00 1.27115989e+00 5.33775568e-01 1.52316785e+00
    1.19147110e+00 1.51056159e+00 9.84303713e-01 4.19704080e-01
    3.37791681e-01 1.33757186e+00 1.58074594e+00 1.13649392e+00
    -2.09104896e-01 1.19916415e+00 9.13937390e-01 8.62133086e-01
    2.03290284e-01 1.24055266e-01 9.30734456e-01 1.65135348e+00
    1.10925102e+00 -5.87576628e-02 8.38705063e-01 8.83339405e-01
    1.52496326e+00 5.58798313e-01 -6.63526416e-01 5.35944104e-01
    5.54914832e-01 1.47408688e+00 4.56560910e-01 1.29472542e+00
    -1.75775826e-01 4.94478941e-02 -7.64076173e-01 1.47650373e+00
    2.62785017e-01 1.14824510e+00 1.21428323e+00 6.37289286e-01
    4.92247164e-01 9.68572676e-01 1.35946000e+00 1.31512499e+00
    3.22592676e-01 2.76507497e-01 -6.25874937e-01 1.04199111e+00
    -7.17953920e-01 1.70133162e+00 9.37663972e-01 -2.57372737e-01
    3.84368420e-01 5.20950079e-01 -9.42158699e-02 -1.60550654e-01
    1.61199117e+00 8.27378035e-02 -6.08143270e-01 -2.04546273e-01
    -1.18684053e-01 -2.69268334e-01 1.05785155e+00 -7.50289023e-01
    1.91236472e+00 1.95222092e+00 5.23572266e-01 -2.92501152e-01
    1.42428112e+00 1.00304461e+00 1.57633483e+00 1.29974008e+00
    -3.71766001e-01 5.45189559e-01 6.00438058e-01 1.54358244e+00
    -2.84479618e-01 1.08005786e+00 1.86946273e-01 1.53280032e+00
    1.04849434e+00 -7.58613229e-01 7.77724385e-01 7.32983887e-01
    -1.85822368e-01 -2.96604812e-01 1.61279869e+00 -3.49400640e-01
    1.42865777e+00 -4.58416164e-01 -6.03518665e-01 8.48998547e-01
    -3.13535333e-02 9.66849148e-01 1.02890038e+00 -3.48275691e-01
    1.13881946e-01 1.49033666e+00 1.62826002e-01 -7.00314879e-01
    -1.53869987e-02 -6.47379696e-01 2.84446716e-01 5.85212946e-01
    1.47182417e+00 1.55411530e+00 6.83587193e-01 2.57380843e-01
    3.02633822e-01 1.28053176e+00 1.43138266e+00 -7.72562444e-01
    1.35707009e+00 6.40671849e-01 -3.66739035e-02 1.56960654e+00
    1.47377801e+00 -3.76485348e-01 1.74483860e+00 9.70569015e-01
    1.58424556e+00 1.52404237e+00 1.37458515e+00 -7.84665763e-01
    5.64097762e-01 -5.84648848e-01 -2.05947816e-01 1.21195292e+00
    1.60862041e+00 8.03443193e-02 -1.53324187e-01 9.03675020e-01
    1.37293124e+00 -1.63143933e-01 1.07044983e+00 -7.83031166e-01
    1.23127770e+00 2.66097605e-01 5.96082449e-01 9.47909296e-01
    -3.46837819e-01 9.65963244e-01 -6.60908520e-01 -1.97402596e-01
    1.09284163e+00 -5.17936528e-01 -7.82937884e-01 -3.38936865e-01
    1.45428717e+00 1.68568945e+00 1.62516308e+00 7.31687844e-01
    1.50979733e+00 -7.04635620e-01 1.37578952e+00 -3.01178396e-01
    -3.92956138e-01 6.63644612e-01 -7.20429540e-01 7.76198268e-01
    4.72789466e-01 4.20993567e-01 9.43597674e-01 1.36689305e+00
    1.54157877e-02 1.07827365e+00 -7.27708817e-01 6.01262927e-01
    -5.64429998e-01 8.76675904e-01 5.93083978e-01 -7.75356233e-01
    -4.19616938e-01 8.00855756e-01 -3.02207083e-01 1.72317004e+00
    1.11250222e+00 8.18638206e-02 1.04015470e-02 -5.70673704e-01
    1.70651066e+00 1.77202654e+00 1.49785435e+00 7.18457997e-01
    -2.36247480e-01 1.10477960e+00 -2.91885108e-01 1.25179946e-01
    4.14719045e-01 -7.23481119e-01 -7.72050440e-01 1.32586002e+00
    1.12833738e+00 -3.76454204e-01 1.22316301e-01 5.98827243e-01
    1.75967908e+00 -5.08398533e-01 1.55365849e+00 5.50497770e-02
    1.41674912e+00 1.66687202e+00 -4.67190146e-02 9.51509297e-01
    8.19537461e-01 1.78458774e+00 -2.72030592e-01 9.87778008e-01
    1.12045956e+00 1.29556561e+00 6.05278075e-01 -8.25607777e-01
    3.00824583e-01 1.14873123e+00 5.90601325e-01 1.61461604e+00
    -3.15688968e-01 1.16520739e+00 7.12625742e-01 1.70060134e+00
    4.15799022e-02 1.66044295e+00 9.30115581e-01 1.04573274e+00
    1.72745037e+00 2.01510131e-01 1.69277513e+00 -2.54571259e-01
    4.08258736e-01 1.34529006e+00 4.44699466e-01 1.42386281e+00
    -6.56159401e-01 1.37571120e+00 3.64548504e-01 7.38830268e-01
    2.58585155e-01 -2.24402547e-02 1.67954290e+00 2.91534245e-01
    1.49694848e+00 1.60107756e+00 1.81982684e+00 1.52088821e-01
    -6.53938532e-01 -3.74148458e-01 5.51741779e-01 -3.38846684e-01
    -3.53544116e-01 1.71815789e+00 6.01077437e-01 5.66673279e-02
    1.12747037e+00 9.57728267e-01 6.81704402e-01 2.71327496e-02
    2.40911663e-01 -3.77205610e-02 4.04411435e-01 3.88294458e-02
    1.62022138e+00 -6.23848557e-01 6.07448041e-01 -7.02970564e-01
    1.46918154e+00 9.47766840e-01 1.15528011e+00 -7.36560881e-01
    1.47293580e+00 1.67300367e+00 1.61242259e+00 8.06888998e-01
    -2.33728230e-01 1.81829834e+00 3.42057168e-01 1.16598678e+00
    4.00664866e-01 1.03555131e+00 1.68445039e+00 1.59599793e+00
    3.16768229e-01 -3.67585689e-01 1.29748762e+00 5.33672094e-01
    4.75929797e-01 -3.29793692e-01 -6.19529605e-01 -5.89996696e-01
    -4.44140553e-01 -6.91936314e-01 1.88456678e+00 5.64936519e-01
    7.82698989e-01 -4.27287698e-01 1.68140268e+00 3.14202905e-01
    7.28219628e-01 9.11967993e-01 1.04420829e+00 7.53232777e-01
    7.70966589e-01 1.51781499e+00 2.61618137e-01 5.41785538e-01
    1.39452565e+00 1.38566256e+00 -2.42561460e-01 1.29711330e-01
    5.50983012e-01 1.23218834e+00 1.47341347e+00 -2.37160236e-01
    1.79253983e+00 8.59531164e-01 3.60492289e-01 4.77881551e-01
    -5.95907390e-01 1.50346363e+00 -2.60726243e-01 1.36224794e+00
    5.02855182e-01 3.07505786e-01 8.16984475e-01 2.88006872e-01
    -2.04311058e-01 7.40311861e-01 1.14077067e+00 -5.26831567e-01
    2.28100419e-01 1.12059999e+00 7.22905815e-01 1.14668131e+00
    1.20411575e-01 7.28804111e-01 -8.40852857e-02 -6.95348144e-01
    1.17666173e+00 8.40741098e-01 2.55519211e-01 -5.94605029e-01
    1.06780338e+00 1.36751413e+00 1.61909068e+00 6.56486750e-02
    4.03200626e-01 1.08327472e+00 -8.24431181e-02 1.15730906e+00
    -5.36510706e-01 -5.57671428e-01 1.42221022e+00 -1.88360572e-01
    7.08009958e-01 9.51518178e-01 1.48792672e+00 -5.48010588e-01
    -6.11135066e-01 9.93750930e-01 1.80133986e+00 2.99880803e-01
    -1.02241039e-02 -8.06584537e-01 1.00864387e+00 -3.89620721e-01
    -1.38194859e-01 1.30138445e+00 5.01006007e-01 -3.99512172e-01
    5.21592498e-02 1.60503054e+00 8.16832066e-01 9.80019391e-01
    1.26952958e+00 -4.38815117e-01 -2.18651891e-02 -2.54789293e-01
    -1.89010739e-01 1.00570381e-01 -1.28084302e-01 6.01408780e-01
    1.67931104e+00 8.70886147e-01 -6.04313850e-01 1.73133564e+00
    -1.47370100e-02 -6.31827414e-01 3.31226528e-01 5.28669357e-02
    4.10854816e-01 1.52044463e+00 1.38108635e+00 1.76342130e+00
    1.45037866e+00 6.61906719e-01 -1.36140108e-01 -2.71206915e-01
    -2.05010355e-01 1.16622007e+00 -7.58267164e-01 9.51960385e-01
    1.53217959e+00 1.76667631e+00 6.98626995e-01 -2.52309799e-01
    1.44634664e+00 2.46142328e-01 -7.26585388e-01 1.37239957e+00
    -4.14149761e-01 1.60931754e+00 -6.80434048e-01 -5.62196970e-01
    1.42029810e+00 -2.29096293e-01 6.54513299e-01 -7.18488753e-01
    -1.18743300e-01 1.45778668e+00 8.36820245e-01 9.54067945e-01
    -8.10172498e-01 1.10767758e+00 1.09181225e-01 1.07869577e+00
    1.72434986e+00 8.25545847e-01 8.05848420e-01 4.64704335e-01
    1.45378017e+00 -4.42765445e-01 -7.41912425e-01 -6.68484688e-01
    9.38473940e-01 2.46821523e-01 7.57644415e-01 1.28660023e-01
    1.70961201e-01 -3.99428606e-01 -6.76310599e-01 1.38635242e+00
    4.79485393e-02 -6.76056862e-01 3.39675546e-02 4.80801523e-01
    -6.66788757e-01 6.04408622e-01 -6.06272399e-01 -6.47619486e-01
    1.36053586e+00 7.89792538e-02 7.02792585e-01 1.47035742e+00
    1.01877153e-01 3.27387035e-01 -4.51641440e-01 6.87794566e-01
    -6.37583017e-01 6.06049180e-01 9.51770723e-01 1.41692996e+00
    4.85548973e-01 2.65983999e-01 1.78347516e+00 -6.27674639e-01
    1.80300736e+00 1.36323595e+00 1.75617814e+00 -2.47483194e-01
    5.39079785e-01 1.07453561e+00 1.49194002e-02 5.37321031e-01
    1.14243937e+00 -2.81001329e-02 -2.76118159e-01 1.27748883e+00
    1.27915072e+00 -5.46514511e-01 1.77208209e+00 -5.36734700e-01
    1.46838856e+00 1.60110736e+00 1.34570599e-01 2.52770483e-01
    2.83394575e-01 -5.47591805e-01 -5.61022997e-01 5.98397017e-01
    5.07828951e-01 5.02065837e-01 -6.09502435e-01 -5.01382411e-01
    -4.55030292e-01 -2.04635322e-01 -7.60591030e-02 3.01628232e-01
    1.22782111e+00 1.34409249e+00 -9.37888622e-02 9.51254964e-02
    3.96489501e-02 -6.72558308e-01 -6.21159077e-02 1.40290380e+00
    -5.35695791e-01 5.61786950e-01 -4.00005907e-01 9.78309035e-01
    3.94470692e-02 1.05143523e+00 5.86736798e-02 1.40552688e+00
    4.02900398e-01 4.78640199e-01 -2.93103099e-01 1.43494844e+00
    -3.82218361e-02 1.29690528e+00 -5.86445808e-01 9.52324390e-01
    1.05552721e+00 -6.72219753e-01 -7.00233042e-01 -1.93164170e-01
    4.41682279e-01 4.42613065e-01 2.42119133e-01 -8.02901387e-02
    1.21105909e+00 -8.77460837e-02 1.86158359e-01 4.81292248e-01
    1.68236160e+00 3.29556942e-01 4.30575311e-01 5.94095051e-01
    -3.69712323e-01 5.15763700e-01 1.22876120e+00 -1.42467439e-01
    1.30246878e+00 2.61812150e-01 -2.63768166e-01 8.13476384e-01
    1.30714512e+00 -3.48886937e-01 -5.08554578e-02 1.39977145e+00
    6.64411902e-01 -7.89548218e-01 7.77700543e-02 9.83389616e-01
    -5.03184855e-01 2.35409141e-01 -7.83131897e-01 1.30651426e+00
    3.16130936e-01 8.77824724e-01 8.88798892e-01 4.71029997e-01
    -6.20603561e-01 -6.25625610e-01 -6.67471290e-02 1.72030509e-01
    1.69188905e+00 7.31336892e-01 1.35141444e+00 7.29529738e-01
    -2.49698639e-01 -5.99065185e-01 -4.92254704e-01 9.72357392e-01
    5.18279493e-01 -5.98669350e-01 1.59371948e+00 1.09207034e-02
    -2.75157541e-01 6.89656675e-01 -2.65440106e-01 -2.64896154e-01
    5.29907465e-01 1.35733342e+00 1.34102273e+00 -5.28548419e-01
    1.56068981e-01 1.12397528e+00 7.96403348e-01 -6.07005954e-01
    -6.96450472e-02 -5.08571506e-01 2.67287254e-01 9.54239964e-01
    -6.90463245e-01 -6.10210776e-01 1.06465757e-01 1.06601405e+00
    1.32522774e+00 4.44465756e-01 -7.49337018e-01 3.13051343e-02
    1.63693142e+00 1.72832477e+00 7.85986483e-01 -2.61280537e-02
    1.91311121e-01 4.87263620e-01 9.41140711e-01 1.02099156e+00
    1.35639989e+00 1.49624515e+00 1.30558896e+00 -4.04698223e-01
    1.10125542e+00 1.30258465e+00 5.62419534e-01 1.45969081e+00
    9.41911697e-01 -1.19261146e-02 4.91119444e-01 -3.50386888e-01
    1.37471080e+00 1.75524938e+00 -6.25458777e-01 2.04699516e-01
    1.36374080e+00 1.76900887e+00 7.43676066e-01 2.66183317e-01
    -5.97810686e-01 9.65947151e-01 -1.80407286e-01 -5.09083152e-01
    1.16157413e-01 -6.83687568e-01 -8.78739357e-02 4.19817567e-01
    8.58727694e-02 -6.55927300e-01 9.69051719e-01 1.66817987e+00
    -7.65532255e-01 5.40457129e-01 1.55021644e+00 1.42620349e+00
    -8.05173159e-01 1.68952703e-01 2.55381942e-01 2.82260418e-01
    8.05104792e-01 -3.65877360e-01 1.19286489e+00 1.75707483e+00
    1.29879355e+00 -2.05212712e-01 1.91480637e-01 1.19729567e+00
    5.59159040e-01 1.18892813e+00 6.08956397e-01 3.70520413e-01
    -1.10471547e-01 -2.59153545e-01 2.85996974e-01 8.98820102e-01
    1.88407123e-01 -2.46093452e-01 -6.75347805e-01 5.33405006e-01
    2.74035931e-02 1.77475584e+00 -5.77543914e-01 1.35803330e+00
    -1.83191240e-01 1.79532051e-01 1.73609185e+00 1.24045086e+00
    5.67919254e-01 -2.86376059e-01 -9.12052393e-02 1.22947621e+00
    6.10086024e-01 2.98749745e-01 2.18148768e-01 1.06203246e+00
    1.30627275e-01 9.21625674e-01 3.14987063e-01 -6.24063969e-01
    5.20787597e-01 1.56726980e+00 8.96024108e-01 6.47291958e-01
    -6.47489786e-01 -3.96353453e-01 4.86414194e-01 -2.30607569e-01
    -8.00815582e-01 1.32384086e+00 8.20013702e-01 3.98054779e-01
    1.15576088e+00 -9.31146741e-02 1.72372866e+00 4.66178536e-01
    -2.40812719e-01 -4.54125732e-01 4.72576857e-01 1.41728902e+00
    1.73647165e+00 1.59078956e+00 1.40603912e+00 6.91060841e-01
    -1.16809726e-01 -7.03617215e-01 1.49295616e+00 1.36363971e+00
    1.49082422e+00 -1.83925748e-01 -7.10173011e-01 -5.16712010e-01
    1.47138858e+00 7.83163905e-02 1.57211447e+00 1.77925992e+00
    1.66206908e+00 -8.00584674e-01 -5.22573233e-01 1.63178110e+00
    5.92109561e-01 -8.41780305e-02 3.93698215e-01 -6.57149315e-01
    3.30418110e-01 -6.93114400e-02 2.11881757e-01 8.81144047e-01
    -2.07930088e-01 1.59362495e-01 -9.49394703e-03 -5.23437917e-01
    8.82625639e-01 -6.47887290e-01 -6.34124637e-01 1.11449957e-01
    1.36219382e+00 -7.62123168e-01 -4.32190180e-01 1.19521880e+00
    -5.78104258e-02 1.32399487e+00 9.13757503e-01 5.94797611e-01
    -8.18624496e-02 3.06770027e-01 -1.15853310e-01 1.36514962e-01
    1.16890454e+00 -3.85165215e-03 5.22658467e-01 1.71878242e+00
    9.68180120e-01 -5.06982446e-01 5.39337277e-01 1.63837135e-01
    1.26403427e+00 1.79868138e+00 -4.75401103e-01 -5.61569333e-01
    -4.98662174e-01 -3.51984382e-01 5.99650860e-01 -4.92435962e-01
    7.76358247e-02 6.62934005e-01 5.27058601e-01 9.42315876e-01
    -1.81566238e-01 -7.53706932e-01 9.33932185e-01 1.82396054e+00
    -5.32731593e-01 1.44227719e+00 8.51356387e-01 1.05557585e+00
    1.21613026e+00 9.36185122e-02 1.25462365e+00 -8.25044394e-01
    -1.84339225e-01 -4.84607786e-01 1.77046967e+00 1.62203646e+00
    -3.68002534e-01 4.25538123e-01 4.53962505e-01 -3.73732358e-01
    5.65414488e-01 8.40676725e-01 8.70824575e-01 6.06993496e-01
    6.11679912e-01 1.44161916e+00 1.45906568e+00 1.10493422e+00
    5.51000834e-02 4.95600045e-01 5.06219923e-01 1.39661241e+00
    -8.31684649e-01 9.62286115e-01 -3.00273895e-01 2.21341252e-01
    1.71146822e+00 1.42835045e+00 -1.13272727e-01 1.45985663e+00
    1.11723840e-01 -3.25322002e-01 -6.01457775e-01 3.37721229e-01
    -2.10763276e-01 -5.11503577e-01 3.06529880e-01 4.71057594e-01
    3.10185790e-01 1.03086019e+00 9.48395848e-01 1.25410581e+00
    1.72288549e+00 -4.32492405e-01 1.28778076e+00 -5.37632108e-01
    6.44695818e-01 1.02740836e+00 1.87779999e+00 1.99382102e+00
    9.21733201e-01 -4.63543713e-01 -4.42545295e-01 1.88279152e+00
    8.82004499e-02 -8.00005794e-02 1.32545161e+00 1.79198241e+00
    -7.02327073e-01 -8.15928578e-02 -2.86574662e-01 -3.76699090e-01
    9.02616560e-01 1.68299472e+00 7.50344932e-01 1.14992297e+00
    2.12464392e-01 7.37802505e-01 -1.98319912e-01 -3.79741669e-01
    8.38005543e-01 -8.32862556e-01 -5.00258207e-01 2.06001699e-01
    -3.22378695e-01 1.41893363e+00 9.25916076e-01 9.13505018e-01
    -4.88481581e-01 1.84070265e+00 -2.90365994e-01 -6.80608809e-01
    9.72701907e-02 8.63967955e-01 4.94377971e-01 -5.52626312e-01
    1.40018535e+00 1.24654293e+00 -6.51068628e-01 1.72194839e-02
    1.56312370e+00 6.47667468e-01 -7.20629215e-01 -4.88766223e-01
    -1.75488532e-01 5.97312272e-01 -7.34751940e-01 1.23514295e+00
    -4.07157600e-01 6.27422035e-01 2.99507618e-01 1.37941504e+00
    -6.13371670e-01 8.52606893e-02 -1.28433466e-01 3.15486789e-01
    2.28968382e-01 5.66710353e-01 6.70870602e-01 3.74678969e-01
    -6.06671393e-01 1.14663780e-01 2.74324298e-01 -2.37321436e-01
    1.14300859e+00 1.55438495e+00 1.07258570e+00 5.10215759e-01
    3.26708436e-01 -5.73125362e-01 9.30637121e-01 1.99066579e-01
    1.08152211e+00 9.90755677e-01 -5.76329470e-01 5.62860727e-01
    -5.39454818e-02 8.80488753e-02 -9.74917412e-02 -7.42668152e-01
    8.50878716e-01 7.67380059e-01 3.34202468e-01 1.51228821e+00
    7.80910730e-01 2.18656003e-01 1.26098239e+00 4.45021391e-02
    1.65149307e+00 8.06098640e-01 7.10030854e-01 1.02391493e+00
    5.41185439e-01 -7.82080054e-01 1.73160970e-01 7.96200812e-01
    -1.41843796e-01 1.15546668e+00 -3.22561324e-01 -5.04903316e-01
    8.93026650e-01 -4.70461607e-01 -1.65764153e-01 -1.41895115e-01
    1.42340517e+00 1.39301658e-01 -1.84812546e-02 -2.01788247e-01
    -2.80293167e-01 -4.52298045e-01 -5.76577902e-01 1.68178570e+00
    1.28966331e+00 1.27549267e+00 1.38395905e+00 -3.91599894e-01
    1.84435010e+00 4.14699793e-01 -2.41673708e-01 2.17409909e-01
    -1.14640057e-01 1.35039687e+00 1.22894359e+00 -4.62096632e-01
    1.74497390e+00 -7.47019470e-01 -7.75359571e-01 8.03717554e-01
    6.05264783e-01 -3.26337874e-01 -3.16606998e-01 3.04588318e-01
    4.16935027e-01 8.59113753e-01 8.16390693e-01 6.51044965e-01
    1.84121060e+00 1.40371859e-01 1.59743118e+00 1.79720592e+00
    4.51600015e-01 5.11999905e-01 5.46977699e-01 4.30476665e-01
    1.47321939e-01 -2.46592283e-01 8.86638284e-01 -5.28581500e-01
    -3.42558324e-01 7.89887309e-02 1.10411227e-01 1.51344001e+00
    1.28655863e+00 1.72752142e-02 7.62189031e-02 6.99035108e-01
    -3.06776941e-01 7.60069668e-01 4.22706485e-01 -5.41335225e-01
    1.26550531e+00 1.73488927e+00 1.14174557e+00 3.37384284e-01
    -4.47289705e-01 1.63858211e+00 1.21573031e-01 1.64401889e-01
    9.02733505e-01 1.37897241e+00 5.60350001e-01 -6.18797839e-01
    7.46111274e-02 -6.64990366e-01 9.77958679e-01 -2.12016702e-02
    3.24433029e-01 1.15176892e+00 1.31340861e+00 7.26292253e-01
    7.10543215e-01 -1.25025868e-01 9.59051251e-01 8.70703280e-01
    3.13522696e-01 8.56581330e-01 1.07332468e-02 -4.13701296e-01
    7.14470625e-01 8.52196991e-01 1.16105866e+00 -2.97072411e-01
    5.79810262e-01 1.21058524e+00 1.70793092e+00 -2.90941536e-01
    4.69585657e-02 -6.29913926e-01 1.29736090e+00 1.81222498e+00
    -2.23702312e-01 -8.00607920e-01 2.36921251e-01 1.61497402e+00
    -2.65946984e-01 -3.28264832e-02 5.99390328e-01 1.71078658e+00
    7.27173150e-01 -9.35380459e-02 -8.64340961e-01 -7.20047474e-01
    -9.64803100e-02 7.75264144e-01 -6.35223687e-01 4.96737242e-01
    -6.76599979e-01 1.90765905e+00 4.40404534e-01 -4.23570395e-01
    6.08218372e-01 1.62594509e+00 1.24385607e+00 4.26584780e-01
    -6.09694898e-01 5.44441342e-02 -3.76876771e-01 1.67181265e+00
    1.69169259e+00 -4.08663005e-01 -2.48887777e-01 -6.14864349e-01
    1.74486291e+00 -4.53517169e-01 1.33481848e+00 -1.70099795e-01
    -2.87348241e-01 1.44965684e+00 -6.45720720e-01 -3.25329840e-01
    1.24466777e-01 5.89448869e-01 1.19881690e-01 7.17235506e-01
    8.29074204e-01 -5.72853267e-01 -2.27301180e-01 -2.80495226e-01
    -6.20230377e-01 3.74190271e-01 4.71097052e-01 6.90923810e-01
    7.00345993e-01 5.89706302e-02 1.60814166e+00 1.44579506e+00
    -2.54408091e-01 1.92403889e+00 1.74693203e+00 1.13382339e-01
    9.55534697e-01 1.49948537e+00 1.21994817e+00 3.52555156e-01
    2.80769765e-01 -2.66536295e-01 3.16693604e-01 -6.22974277e-01
    -2.57538557e-02 4.48788464e-01 -2.70946145e-01 -3.80663693e-01
    1.15587676e+00 1.64687157e-01 8.78598809e-01 1.68259096e+00
    9.35762882e-01 -7.98851967e-01 7.98847735e-01 7.91786015e-01
    -3.06070209e-01 3.64355922e-01 1.72537124e+00 6.46187782e-01
    1.02669764e+00 9.18049634e-01 9.18491840e-01 1.17762613e+00
    1.31689310e+00 9.58457768e-01 9.58994925e-01 -4.46117103e-01
    2.69021511e-01 1.31029153e+00 5.66877544e-01 1.57300329e+00
    -4.40044403e-01 1.59580421e+00 1.02132940e+00 1.43639112e+00
    1.59044838e+00 1.38729656e+00 1.52457201e+00 1.16313779e+00
    1.09694064e-01 3.47945571e-01 3.72774720e-01 1.13592172e+00
    1.08878112e+00 -4.62255150e-01 -1.43221378e-01 1.35288250e+00
    4.58523512e-01 -3.44995290e-01 8.21035385e-01 9.31927264e-01
    7.99372435e-01 1.50583124e+00 1.13424897e-01 3.81257057e-01
    6.78644478e-01 -5.63216329e-01 1.85049939e+00 -1.95987821e-02
    1.43568611e+00 -3.84785175e-01 9.07082081e-01 7.53528059e-01
    -7.26436794e-01 1.46986222e+00 -2.25301027e-01 1.12395513e+00
    1.21492195e+00 1.68245649e+00 -7.33333886e-01 1.02150679e+00
    -2.42307723e-01 5.63850403e-01 6.24921978e-01 -8.49510193e-01
    5.61013818e-01 5.57454824e-02 4.70435202e-01 2.68849850e-01
    1.82613456e+00 -4.00643110e-01 1.28034866e+00 -3.40129077e-01
    -5.15039146e-01 -6.65809095e-01 1.62580037e+00 1.54874647e+00
    9.96835828e-01 -9.48997140e-02 7.73525178e-01 1.23426867e+00
    4.96267974e-01 1.27537704e+00 7.55491197e-01 8.26584339e-01
    6.28282189e-01 1.29332209e+00 1.41088283e+00 6.44639432e-01
    -3.74501228e-01 4.04379129e-01 4.75773811e-02 -4.95362133e-01
    9.19439197e-02 1.39934778e+00 6.86103046e-01 -3.17201227e-01
    1.55530369e+00 -5.20026803e-01 -1.74457133e-01 1.36271858e+00
    1.25496411e+00 1.57541406e+00 -6.18652761e-01 9.89395976e-01
    8.44440818e-01 -1.51226044e-01 1.18733215e+00 2.73376346e-01
    7.18659163e-03 5.91154575e-01 3.97590458e-01 2.36335158e-01
    -8.06857169e-01 -1.50389671e-02 4.80333984e-01 -3.33989024e-01
    4.28256154e-01 8.84333074e-01 1.45106041e+00 7.89759159e-01
    9.41148996e-02 -1.66361332e-02 8.52256179e-01 1.05389154e+00
    2.08027363e-02 5.35520375e-01 9.64619517e-02 -6.26495659e-01
    3.10656309e-01 7.95996785e-02 1.75221682e-01 7.28500128e-01
    5.42804003e-01 7.29137003e-01 4.72644329e-01 7.67188251e-01
    -3.85926157e-01 -8.15722644e-01 -1.90411210e-01 9.53939021e-01
    9.29842591e-01 -1.81675375e-01 -2.52032816e-01 1.17424881e+00
    1.05444264e+00 3.56871665e-01 1.29831374e-01 -1.98951125e-01
    2.41963029e-01 -4.40817952e-01 4.63673115e-01 7.71795511e-01
    5.95873117e-01 2.54184008e-03 1.73776340e+00 5.73244572e-01
    4.45711076e-01 1.11810291e+00 -3.60354543e-01 8.53444159e-01
    1.60072613e+00 1.18969727e+00 -6.86916709e-01 1.65850115e+00
    -3.29240829e-01 1.57375121e+00 4.28017676e-01 1.27454531e+00
    1.31003976e+00 -8.02805007e-01 -5.84809065e-01 -2.42188573e-01
    3.40248108e-01 7.11285472e-02 5.60907960e-01 1.34249389e+00
    7.22100139e-01 -1.42446756e-02 1.49201250e+00 1.76123691e+00
    8.53662610e-01 6.38411701e-01 -7.33409703e-01 -9.01556015e-03
    2.40408540e-01 -7.37750173e-01 1.41472793e+00 1.34336591e+00
    4.14579511e-02 1.12610543e+00 5.49524844e-01 1.11092615e+00
    -8.05825472e-01 -1.77914619e-01 -3.88188362e-02 -5.63690901e-01
    -4.22660708e-02 1.97838902e-01 -6.26022339e-01 -2.33842015e-01
    3.88755918e-01 -5.14772058e-01 5.84533930e-01 -2.88368464e-01
    6.06898725e-01 7.23595858e-01 7.87349403e-01 5.65161705e-02
    9.95282114e-01 -6.38746321e-01 -9.73516703e-02 5.89413404e-01
    9.47523713e-02 1.48085332e+00 8.30447793e-01 -1.05301321e-01
    4.98439431e-01 1.38480437e+00 1.11873412e+00 -4.35352981e-01
    1.09358191e+00 1.10749424e-01 1.33343983e+00 1.74918675e+00
    6.16154552e-01 8.07667196e-01 -5.76678991e-01 5.78835547e-01
    -6.82676494e-01 4.84427035e-01 6.95831716e-01 -1.52736843e-01
    -1.72450960e-01 1.27606690e+00 1.97625840e+00 -4.27235007e-01
    1.22683752e+00 -4.96465564e-02 -5.93072593e-01 -7.25706398e-01
    2.40520835e-02 1.51140964e+00 6.63381159e-01 6.33259416e-02
    -7.21174836e-01 1.75381052e+00 -4.04665738e-01 1.35287750e+00
    1.84136558e+00 -1.18298531e-01 2.92290092e-01 1.40602791e+00
    4.58844304e-02 9.04381394e-01 -4.40345973e-01 7.65287876e-01
    5.67287445e-01 9.33182716e-01 3.18219185e-01 1.06040430e+00
    6.20621741e-01 1.63163781e-01 1.22254503e+00 -5.68557799e-01
    1.40982652e+00 -5.21873116e-01 -5.45435071e-01 4.15828645e-01
    2.78438032e-01 -7.49995053e-01 7.60904372e-01 1.08360744e+00
    3.42868686e-01 -5.31989932e-01 8.93400967e-01 2.76940405e-01
    1.04337025e+00 -4.75355148e-01 9.01564598e-01 -5.42170525e-01
    -1.03626490e-01 -4.05402690e-01 1.50413275e-01 1.26183891e+00
    1.39275980e+00 2.19566822e-02 4.76301730e-01 -4.60110694e-01
    7.71198094e-01 8.32548738e-01 1.04980838e+00 1.64564264e+00
    -1.41207099e-01 1.34711266e-01 3.70043099e-01 4.12733674e-01
    1.44951737e+00 -1.89081311e-01 8.31105709e-01 1.73340869e+00
    -3.59201968e-01 7.39896655e-01 9.47397947e-01 -3.78836393e-02
    1.30762839e+00 -2.23476291e-02 8.21767986e-01 -8.86763334e-02
    -3.93190652e-01 1.34720802e+00 5.37440598e-01 3.18104565e-01
    -6.54549301e-01 1.72059536e+00 1.08173370e+00 1.23806477e+00
    1.75583601e+00 5.30066252e-01 8.31298947e-01 1.53824747e-01
    -3.02463770e-03 1.81929016e+00 9.85586047e-01 1.38685417e+00
    -6.29529357e-01 7.97288239e-01 6.59239948e-01 -7.03275800e-02
    -2.76083171e-01 -1.46024048e-01 1.43838191e+00 9.32508230e-01
    -1.08527482e-01 6.10840917e-01 1.70208883e+00 1.75416493e+00
    -6.31448209e-01 -5.79740167e-01 3.50810051e-01 -3.44308704e-01
    1.78417325e-01 7.65859485e-01 6.29355848e-01 6.56906784e-01
    1.05498004e+00 7.16276705e-01 6.44253314e-01 2.34538078e-01
    -4.69326705e-01 -4.59949911e-01 2.05965579e-01 -6.15525961e-01
    4.06457186e-01 1.27113676e+00 8.08944941e-01 1.08226693e+00
    8.13620508e-01 -8.13436389e-01 1.47317219e+00 6.01826966e-01
    1.78116894e+00 3.20921004e-01 -3.64677042e-01 -2.57767856e-01
    4.51716244e-01 -6.48681521e-02 1.68511868e+00 -2.17206001e-01
    8.06617558e-01 1.80214560e+00 1.49845636e+00 1.20480371e+00
    1.01541924e+00 6.62147999e-02 -4.43509489e-01 -5.62675476e-01
    -4.95013386e-01 8.90293181e-01 1.68885100e+00 1.20543313e+00
    -1.27509832e-02 1.68944132e+00 1.69827342e+00 5.02035141e-01
    1.64065814e+00 -5.31436205e-01 1.62603557e+00 1.68862724e+00
    4.14170146e-01 1.43163729e+00 1.72169840e+00 -5.90792298e-01
    -6.61113739e-01 1.51032805e-01 1.41596210e+00 6.66505873e-01
    4.90081310e-01 2.71283805e-01 1.01398587e+00 1.23044991e+00
    1.19637096e+00 1.35562766e+00 4.75359082e-01 1.82758951e+00
    1.07228827e+00 2.81102061e-02 -1.10981822e-01 4.52929020e-01
    -2.88726449e-01 4.22558904e-01 1.27443707e+00 1.29737198e-01
    -3.44275415e-01 1.59776092e+00 1.21230340e+00 -3.83319259e-02
    1.45673752e-01 -3.40847909e-01 1.02657700e+00 1.10656905e+00
    4.00233865e-01 -5.87210059e-01 8.19491565e-01 -6.52620494e-01
    -4.39723730e-01 1.06539273e+00 1.29196858e+00 1.36163390e+00
    8.56945097e-01 5.27102947e-02 4.45289075e-01 1.32951522e+00
    3.65065217e-01 9.86024380e-01 6.01200104e-01 1.40433836e+00
    1.26280248e-01 7.35744357e-01 1.86401248e-01 7.81073570e-02
    8.36219847e-01 3.97599220e-01 2.01741278e-01 1.60332751e+00
    -6.82282507e-01 1.79801130e+00 -4.78548080e-01 4.68658149e-01
    9.85069871e-02 1.80701137e+00 1.25123668e+00 8.29319239e-01
    -7.56987572e-01 -1.88474178e-01 -7.87914753e-01 4.05420363e-01
    8.61199558e-01 -4.49271232e-01 5.75548828e-01 -1.33186817e-01
    1.65201402e+00 1.13490796e+00 8.67949128e-01 1.05247450e+00
    -2.21746445e-01 3.45812619e-01 -1.37162149e-01 1.42406666e+00
    -5.20017087e-01 -2.95972615e-01 -3.11392605e-01 6.22371435e-02
    -3.74095231e-01 3.80421638e-01 -4.78512347e-01 1.08022857e+00
    1.77610517e-01 7.46115863e-01 6.02907658e-01 -5.75666845e-01
    1.36758971e+00 -5.95614314e-01 7.99712121e-01 -1.32175505e-01
    1.82551718e+00 5.07112861e-01 8.55136395e-01 6.14016771e-01
    5.15870512e-01 6.37352645e-01 1.56886721e+00 1.33449745e+00
    1.93225753e+00 3.85464013e-01 1.37090564e+00 2.69486487e-01
    -3.53580743e-01 8.69475484e-01 5.49072862e-01 3.23459089e-01
    1.57645130e+00 1.08070326e+00 -2.54536450e-01 4.19557571e-01
    9.79401350e-01 1.82164073e+00 1.12179685e+00 -3.97002995e-01
    1.93632841e-01 -2.92053819e-01 1.35573196e+00 1.54168332e+00
    -1.92261159e-01 -7.65485048e-01 2.67956436e-01 1.63909125e+00
    4.62037981e-01 4.59707856e-01 -1.01934433e-01 1.68486118e+00
    -7.72094727e-03 7.71253884e-01 6.06110513e-01 4.96332824e-01
    -4.85931218e-01 9.68819261e-02 -2.75186568e-01 3.10699105e-01
    8.29425335e-01 8.86282682e-01 1.50055707e-01 1.81539059e-01
    7.01662183e-01 1.69977605e-01 -7.24055290e-01 -3.92749488e-01
    -6.51458502e-01 -7.51706302e-01 1.64862192e+00 1.09957337e+00
    8.24932754e-01 1.90089345e-01 -5.02241254e-01 -6.00367963e-01
    -7.52092957e-01 -4.40075785e-01 1.30533671e+00 1.83953786e+00
    9.57386136e-01 1.59736288e+00 -1.28199220e-01 8.62648010e-01
    1.03576589e+00 -1.99864089e-01 -7.75499761e-01 1.80114985e+00
    1.13109910e+00 1.39886403e+00 -6.35941863e-01 1.06180203e+00
    -6.60029352e-01 -5.90018630e-01 7.16549635e-01 -5.28215945e-01
    1.66578150e+00 1.07817030e+00 1.47720289e+00 -2.01571226e-01
    -5.69413543e-01 6.67663097e-01 7.55190194e-01 1.48446250e+00
    1.59168220e+00 1.40998554e+00 1.70993066e+00 -4.18120027e-02
    9.08106625e-01 5.62029302e-01 1.27537322e+00 1.74143732e-01
    1.70311940e+00 1.75437379e+00 1.55582905e+00 -7.31222987e-01
    1.07227480e+00 1.93800747e-01 4.05170262e-01 1.27246189e+00
    -2.26356506e-01 1.45222509e+00 1.56167698e+00 -3.67583454e-01
    1.21185780e-02 1.42944884e+00 -1.60659313e-01 -2.56999791e-01
    1.77196324e+00 1.35573244e+00 1.43699098e+00 5.53132415e-01
    3.47313046e-01 -6.68869972e-01 -2.40136206e-01 1.43029773e+00
    -5.01428843e-02 1.27592635e+00 1.44222569e+00 1.64217877e+00
    6.79605484e-01 -2.44053125e-01 5.93983293e-01 1.52065778e+00
    1.28958249e+00 -3.74845535e-01 7.78645098e-01 -3.21189702e-01
    -2.51188338e-01 1.33727121e+00 8.15927386e-01 1.10315108e+00
    1.31187546e+00 5.49115539e-02 1.28551579e+00 5.78153133e-03
    -5.74792504e-01 -2.02782452e-01 -5.73612392e-01 6.66574061e-01
    5.28682530e-01 -4.40725833e-01 8.08174968e-01 -8.22841585e-01
    -5.81603169e-01 -3.23635340e-03 2.73883939e-02 6.20448649e-01
    -1.69786394e-01 -6.13073945e-01 -5.25397897e-01 5.82741320e-01
    5.32531083e-01 2.52807140e-01 1.37268496e+00 -6.93258882e-01
    1.31349349e+00 3.39901149e-01 8.80911231e-01 2.99250424e-01
    1.63750052e+00 1.16787732e-01 6.58763885e-01 1.71620536e+00
    1.02078009e+00 1.69191110e+00 9.03147042e-01 1.81635165e+00
    4.62290347e-01 6.68668926e-01 4.09579933e-01 1.18821883e+00
    7.94892848e-01 -7.37861276e-01 -6.64713383e-01 -1.94154263e-01
    1.79668140e+00 1.30201995e+00 4.74145889e-01 1.34460688e+00
    7.07562923e-01 1.41017628e+00 1.70967221e-01 5.87885380e-02
    -7.47936368e-01 2.21464157e-01 2.60502934e-01 6.82924688e-01
    5.57228744e-01 -6.81508780e-01 1.81059527e+00 -7.25570798e-01
    -2.45968759e-01 7.77423382e-02 7.87009597e-01 8.49261701e-01
    5.61975062e-01 -1.32612348e-01 1.23375726e+00 2.08971858e-01
    -7.31235147e-01 1.44468069e+00 -1.20059252e-02 -6.10470772e-01
    -5.05792499e-02 2.55619526e-01 -5.97411036e-01 9.97893810e-01
    -3.89946401e-01 -4.53259349e-02 1.34528685e+00 1.36737013e+00
    8.60546291e-01 1.68270588e+00 1.10175323e+00 -3.11650634e-01
    9.17351007e-01 -6.27066255e-01 5.16394854e-01 8.78850996e-01
    -7.66672075e-01 1.49913740e+00 9.37568367e-01 1.05719733e+00
    1.66597176e+00 -1.05894983e-01 -1.10904694e-01 1.12571383e+00
    1.65133071e+00 1.25413525e+00 -3.83865803e-01 6.65606141e-01
    -3.74936134e-01 -3.68907392e-01 9.99687076e-01 9.84700501e-01
    -1.21897638e-01 2.61289537e-01 1.83143353e+00 3.83673310e-01
    -3.78285468e-01 -2.23634660e-01 9.31585610e-01 1.62704015e+00
    1.01222157e+00 -1.54876530e-01 -4.87863690e-01 5.00895858e-01
    9.02559400e-01 9.09517705e-01 -5.39196193e-01 9.93511260e-01
    8.82888675e-01 -3.91038060e-02 1.26659942e+00 -3.44268084e-02
    1.67638683e+00 1.89468956e+00 7.03859329e-03 1.12322938e+00
    1.83440590e+00 -4.35259521e-01 -2.46503353e-02 1.64279771e+00
    -9.89904404e-02 6.72119856e-03 4.13194537e-01 1.31539798e+00
    2.43625581e-01 -6.67204380e-01 1.00736368e+00 -1.74935877e-01
    -5.27825832e-01 6.49525940e-01 6.21513128e-01 1.63592041e+00
    9.23041821e-01 1.62633801e+00 1.69545007e+00 -1.92821562e-01
    5.01962006e-01 1.31888342e+00 1.12165260e+00 1.08566654e+00
    -3.60405445e-03 3.11676502e-01 -8.21808517e-01 7.50212610e-01
    1.27101600e+00 -2.86103666e-01 -8.57167244e-02 -1.38210833e-01
    1.65996540e+00 3.35558236e-01 1.08498621e+00 -6.43757701e-01
    7.74881363e-01 -4.15774852e-01 -6.00053787e-01 3.56350005e-01
    2.04990983e-01 3.08244407e-01 9.19665217e-01 -5.63887239e-01
    -6.72775924e-01 -3.34966362e-01 1.84936082e+00 1.04694533e+00
    9.27108526e-03 1.25689507e+00 1.00697327e+00 1.01961219e+00
    1.50379717e-01 -5.99098444e-01 2.61733055e-01 -3.15098643e-01
    1.68988180e+00 -3.40877324e-01 9.06465054e-01 1.51388454e+00
    5.91776967e-02 1.57736564e+00 6.03270531e-02 -6.37835264e-02
    6.57536864e-01 3.80184948e-01 -5.20969570e-01 4.29512620e-01
    -1.33940279e-01 1.10574710e+00 -2.85692573e-01 1.23326898e+00
    -4.17586535e-01 1.51298046e+00 -5.35936117e-01 1.03888631e-01
    1.50338602e+00 8.66616249e-01 -3.07012916e-01 7.95128286e-01
    -6.30847692e-01 -4.52393115e-01 1.08578777e+00 -8.92234445e-02
    -8.28289986e-02 -1.75738513e-01 5.11475921e-01 -1.74813390e-01
    5.66273630e-01 1.19116378e+00 2.41939664e-01 -2.86052048e-01
    6.96002781e-01 3.48488808e-01 -4.46647137e-01 1.02754247e+00
    1.12027144e+00 1.06856346e+00 1.68408740e+00 -3.59609962e-01
    1.02924800e+00 4.32103038e-01 9.86344099e-01 2.45401263e-01
    1.30149305e-01 3.48362446e-01 9.99568045e-01 9.68864262e-01
    1.65608191e+00 1.09076118e+00 1.05181229e+00 -3.44082326e-01
    -4.78902161e-01 1.00012338e+00 1.52311087e+00 1.37605166e+00
    -6.23718560e-01 3.73265862e-01 -3.15502107e-01 3.23178113e-01
    1.47046328e+00 3.90104115e-01 8.24457109e-01 9.04568613e-01
    1.33119726e+00 7.01460242e-02 -4.25330728e-01 7.64777899e-01
    1.35075188e+00 -1.45133913e-01 1.48882914e+00 7.35700130e-01
    -3.07627797e-01 -2.31943607e-01 1.81708884e+00 5.86807728e-04
    -5.12591004e-01 -6.47902489e-03 1.64340973e+00 -2.18054235e-01
    -8.70611191e-01 1.17688084e+00 7.36132681e-01 3.00873756e-01
    1.14523792e+00 8.76317263e-01 1.62743068e+00 1.67280197e+00
    -6.66324079e-01 4.71311092e-01 6.82539761e-01 1.28675103e+00
    1.03088176e+00 7.46624112e-01 8.48060787e-01 1.45269597e+00
    -1.05743229e-01 6.95228934e-01 4.75402474e-02 -5.53318858e-02
    1.08853292e+00 -7.22482920e-01 9.99311209e-02 6.36182249e-01
    9.49334323e-01 9.72457767e-01 -7.77266026e-01 1.76172960e+00
    1.56153226e+00 2.27306724e-01 1.77321911e+00 1.34399843e+00
    1.64663374e-01 3.51367533e-01 -6.85645759e-01 1.22178555e+00
    -4.66926157e-01 -2.41494775e-02 5.18004179e-01 3.29540372e-02
    4.35513496e-01 -1.82919204e-01 7.36527264e-01 -8.53204131e-02
    1.10480642e+00 1.78431177e+00 1.55412269e+00 7.41711199e-01
    8.31620693e-02 4.98090446e-01 -4.99808788e-02 5.91675758e-01
    1.64207006e+00 8.37004244e-01 -7.55577087e-02 7.20096290e-01
    -1.98189616e-01 1.14131761e+00 3.58034134e-01 2.63101041e-01
    1.23595595e+00 3.04637194e-01 -2.80059040e-01 -4.23653990e-01
    2.67918110e-01 4.48540866e-01 1.39064479e+00 -7.20878005e-01
    -2.24376976e-01 1.69293857e+00 1.50556350e+00 -4.98728842e-01
    6.73432052e-01 1.10636389e+00 6.24728203e-03 1.11827898e+00
    1.66645408e+00 -3.58651102e-01 1.10081339e+00 1.80628061e+00
    -7.95485854e-01 -2.72144377e-01 1.36420655e+00 1.45608866e+00
    -5.93388021e-01 -7.04510868e-01 -6.76594496e-01 4.87987995e-02
    1.53095317e+00 9.66965020e-01 3.31956863e-01 1.43052077e+00
    4.58476186e-01 -5.00570059e-01 2.84980953e-01 9.98834968e-01
    -9.26434994e-04 1.62886858e+00 -1.12237096e-01 4.46241200e-01
    6.24271810e-01 -3.65741581e-01 2.06858337e-01 1.41599464e+00
    1.79700065e+00 -6.17166877e-01 1.40070295e+00 -5.29867828e-01
    8.29438806e-01 8.55275452e-01 8.30072105e-01 1.23892367e-01
    -5.56621552e-02 4.84517813e-01 1.70290399e+00 -4.20579672e-01
    3.97146106e-01 1.30881047e+00 3.74210835e-01 1.00177705e+00
    8.93701911e-02 1.27090025e+00 1.84580112e+00 4.22847629e-01
    -6.59561574e-01 -7.16839671e-01 1.37019324e+00 1.35246301e+00
    3.12409997e-01 7.88142383e-01 -4.95045900e-01 1.27429533e+00
    1.67322242e+00 -8.14186931e-01 9.64644849e-01 5.78570485e-01
    -3.24511588e-01 2.47017801e-01 -7.53832698e-01 7.30465412e-01
    -8.30088437e-01 1.44876075e+00 -3.30984235e-01 4.01579797e-01
    6.90493584e-01 -3.51211518e-01 4.74263728e-01 3.37338507e-01
    -6.97237611e-01 -4.32831049e-03 6.66508377e-01 1.16517210e+00
    1.83655119e+00 2.88735211e-01 1.15866804e+00 -6.12793863e-01
    1.56899035e-01 1.09973764e+00 1.41573620e+00 7.33106136e-01
    -5.93326092e-02 1.63853908e+00 7.56530404e-01 -1.91191971e-01
    1.15778601e+00 4.85573769e-01 1.49537027e+00 1.15460801e+00
    7.97337294e-03 6.93313599e-01 1.12261009e+00 1.11562467e+00
    1.52289438e+00 1.01779246e+00 1.06212854e+00 8.95169556e-01
    -7.96158433e-01 8.88001442e-01 3.71033967e-01 -2.64011800e-01
    3.69694948e-01 -7.43686557e-02 -5.62434137e-01 1.26562834e+00
    -1.08201563e-01 1.45350158e-01 4.23340082e-01 7.67620623e-01
    -6.97115898e-01 -3.31798553e-01 1.23048472e+00 6.66171134e-01
    3.63185704e-01 7.01610446e-02 1.34888327e+00 -8.99928808e-02
    1.46176195e+00 8.71273160e-01 6.26101553e-01 1.15791273e+00
    4.98221040e-01 -3.10346663e-01 -3.49287450e-01 1.12848330e+00
    -4.27908272e-01 7.92014599e-02 -5.95235825e-02 9.41399336e-02
    1.07844758e+00 2.43394613e-01 7.00676143e-01 1.21300626e+00
    -7.32643366e-01 3.35579157e-01 1.22924089e+00 6.56120121e-01
    -5.88491321e-01 -7.50298858e-01 8.99915874e-01 4.72259164e-01
    1.81697595e+00 8.82831275e-01 5.94409406e-01 -6.34191513e-01
    -6.04152679e-04 1.79345942e+00 1.42850435e+00 -3.63480121e-01
    1.22894359e+00 2.69012094e-01 9.41048801e-01 1.44070435e+00
    -4.46309447e-02 4.61940408e-01 1.64393747e+00 1.33413076e-03
    1.53531098e+00 -1.73523068e-01 -1.71354294e-01 6.33878052e-01
    1.50697803e+00 5.37449837e-01 -2.21089303e-01 1.42296982e+00
    1.05155945e-01 7.94375539e-02 -2.24298835e-02 8.49537909e-01
    1.77098608e+00 -1.80908680e-01 8.26367855e-01 -2.36411273e-01
    1.12222803e+00 1.64755762e-01 1.58730316e+00 6.76770389e-01
    9.44320977e-01 -5.03278911e-01 2.23414898e-01 7.60586500e-01
    -8.77400577e-01 -7.27165520e-01 -3.27576339e-01 7.87549257e-01
    4.92354572e-01 -1.79098964e-01 1.07564843e+00 1.14348841e+00
    -1.48617625e-01 -2.52479553e-01 1.51624215e+00 -2.58043230e-01
    5.01883745e-01 1.47189200e-01 3.10687244e-01 3.94141257e-01
    1.16922224e+00 4.58775282e-01 -1.13418937e-01 -7.73522735e-01
    6.65890694e-01 -8.02634597e-01 1.40870762e+00 1.85635746e-01
    -3.86465311e-01 1.41077340e+00 9.30052638e-01 2.99068272e-01
    2.60283947e-01 -4.28276300e-01 9.40831125e-01 1.69586599e+00
    1.45840740e+00 4.34505999e-01 7.01421082e-01 1.50185943e+00
    -3.22179198e-01 1.36327064e+00 9.99176502e-02 1.02763700e+00
    4.02869761e-01 1.15943551e+00 1.42197061e+00 4.29937601e-01
    -3.75061870e-01 -1.09858394e-01 4.16265726e-01 1.67120242e+00
    1.81880426e+00 1.30335402e+00 9.39618051e-01 3.84692907e-01
    1.60975814e+00 -7.22995341e-01 1.02482748e+00 5.69972038e-01
    -2.80303419e-01 6.55442417e-01 1.63027024e+00 9.86051500e-01
    -3.50876629e-01 2.10006416e-01 3.05526674e-01 1.66350722e+00
    5.04119813e-01 -5.67631125e-02 2.44298220e-01 1.75282657e-01
    1.59021664e+00 1.80158043e+00 1.80638933e+00 1.35661685e+00
    5.00156522e-01 8.74888897e-03 2.81646252e-01 1.80475652e+00
    -3.49212199e-01 -7.75222063e-01 1.01264381e+00 8.93455267e-01
    1.58503938e+00 6.48005784e-01 1.10460472e+00 1.15719700e+00
    7.78937399e-01 9.42562222e-01 2.22692907e-01 -2.26374805e-01
    9.16058421e-02 1.48517954e+00 1.55206776e+00 9.58855331e-01
    1.38266075e+00 3.49077046e-01 7.58570969e-01 -7.67967105e-01
    -1.95639908e-01 8.87448430e-01 1.39573932e+00 3.38716805e-01
    1.71514392e-01 1.01137590e+00 5.79159617e-01 1.35729194e+00
    1.38660955e+00 1.61992097e+00 1.53670073e+00 1.63834870e+00
    1.12188578e+00 1.75165653e-01 -4.61511821e-01 1.25157595e+00
    5.22136688e-03 1.89857697e+00 1.62482786e+00 9.09784138e-01
    7.83653378e-01 -1.70520365e-01 1.46653533e+00 5.26011467e-01
    1.26519287e+00 7.60327816e-01 -3.83899122e-01 -1.50198162e-01
    -6.67540431e-02 1.50101805e+00 -6.93412185e-01 2.58475780e-01
    7.63559818e-01 -2.69457996e-01 3.50379348e-02 1.57842815e+00
    7.82717824e-01 -6.30242109e-01 1.73177290e+00 1.83391476e+00
    -4.33154106e-01 8.11480761e-01 1.20694339e-01 4.44819808e-01
    1.45877850e+00 1.05887628e+00 6.83709323e-01 1.11233532e+00
    -5.39555967e-01 7.69532621e-01 3.48639727e-01 -4.30869997e-01
    -2.85092264e-01 6.30239367e-01 8.77994061e-01 1.94551301e+00
    1.48323381e+00 5.20378172e-01 -3.40734035e-01 -3.71551543e-01
    7.37275839e-01 4.58647072e-01 1.52222943e+00 -2.53615081e-01
    9.39383507e-02 2.16667056e-01 -3.06215286e-01 3.21918249e-01
    9.11108196e-01 5.78651726e-01 8.24178457e-02 1.19679070e+00
    -6.90722704e-01 4.29853022e-01 -6.09703720e-01 -3.09462696e-01
    1.83397031e+00 -3.25094610e-01 9.68076110e-01 -4.07152116e-01
    1.61712122e+00 -6.60761714e-01 1.52743959e+00 2.01786160e-01
    9.69374418e-01 -4.19286966e-01 -2.38032222e-01 5.62954664e-01
    7.75131226e-01 -6.57325387e-02 -2.12968856e-01 6.34661913e-01
    1.21605778e+00 3.53312731e-01 -3.06167662e-01 1.81888473e+00
    -5.22298336e-01 2.56681025e-01 8.66786599e-01 3.54836762e-01
    2.28917599e-03 -7.81072497e-01 7.34750569e-01 6.82047427e-01
    1.91032267e+00 1.85710311e+00 -7.16982305e-01 -7.25607812e-01
    4.36247766e-01 1.54779696e+00 -2.37604916e-01 1.68415880e+00
    5.78320205e-01 4.22769189e-02 2.20905900e-01 3.11139941e-01
    1.21419382e+00 -6.70584738e-01 8.55380714e-01 1.62448645e+00
    -7.14959502e-02 -4.78972167e-01 1.25669014e+00 8.82257044e-01
    -4.45295811e-01 -4.99394476e-01 3.00004721e-01 -3.96364927e-03
    1.72959232e+00 6.81558251e-01 6.57613039e-01 -2.79760182e-01
    1.49706602e+00 3.92941654e-01 9.92171884e-01 -3.88940483e-01
    7.91591167e-01 9.40467954e-01 6.36730611e-01 -5.02583385e-02
    1.25859594e+00 1.01852036e+00 1.34805238e+00 -4.58678007e-02
    1.21816897e+00 1.19425952e-01 -5.32241225e-01 8.06446373e-01
    -1.27266705e-01 1.87088323e+00 -1.06029928e-01 -4.37347770e-01
    8.73701274e-01 2.77776837e-01 1.07450771e+00 1.50518572e+00
    1.70502770e+00 1.25614429e+00 1.73138022e+00 -3.55058700e-01
    1.66053057e+00 1.76880360e-01 -6.08831763e-01 -3.52178216e-02
    4.86532390e-01 -4.05898958e-01 1.81420696e+00 1.06415117e+00
    -1.27606153e-01 4.96196032e-01 -2.54593372e-01 1.28718269e+00
    1.62016177e+00 4.19756889e-01 1.16412687e+00 3.22317481e-01
    8.22484851e-01 1.13462543e+00 -4.80145812e-02 3.26328456e-01
    -1.67306066e-02 6.79985642e-01 1.16290092e+00 -6.40976608e-01
    6.66473627e-01 -1.94719553e-01 -4.66184825e-01 1.68176246e+00
    1.53681016e+00 9.45111871e-01 1.52988410e+00 4.51465786e-01
    6.48424745e-01 9.97070909e-01 9.98864353e-01 3.29949915e-01
    1.36884284e+00 1.14222431e+00 -7.33838022e-01 1.75566220e+00
    1.71595883e+00 1.46409619e+00 7.14998960e-01 4.05039847e-01
    1.88575220e+00 5.81861377e-01 -6.57562077e-01 2.18983293e-01
    1.64001203e+00 1.08909798e+00 1.28142118e-01 -7.00361788e-01
    1.05368757e+00 -4.25140917e-01 1.68192947e+00 3.46345723e-01
    -5.78968406e-01 7.50770688e-01 1.47153306e+00 6.65705144e-01
    1.84000075e+00 1.84528112e+00 1.61174715e-01 -2.54285961e-01
    -7.58439898e-02 -3.81795913e-01 5.59887886e-01 -3.67305279e-01
    -9.77230072e-02 6.35401547e-01 -7.10696995e-01 1.65456593e-01
    6.60198390e-01 1.26514292e+00 1.66031456e+00 1.56342578e+00
    9.08212423e-01 1.21482229e+00 6.39435947e-01 1.72499609e+00
    2.74411142e-01 1.64527833e+00 -4.95606959e-01 4.92135227e-01
    1.66872907e+00 1.41107416e+00 4.38048720e-01 6.07394218e-01
    3.75573635e-01 8.72421920e-01 -1.41251445e-01 3.30577433e-01
    6.79073811e-01 1.39873004e+00 1.12987268e+00 1.46042156e+00
    7.48974800e-01 1.06273556e+00 8.78715396e-01 6.24095082e-01
    6.83346748e-01 1.26459193e+00 8.30226541e-01 -6.69594884e-01
    2.08675265e-01 5.51870942e-01 -4.23743397e-01 4.72485602e-01
    7.82161832e-01 5.54891527e-01 8.54491949e-01 2.94509560e-01
    1.77366114e+00 1.05985165e+00 1.94189024e+00 5.69232702e-01
    6.10531032e-01 1.90945864e+00 1.63379824e+00 6.62839115e-01
    -4.71372813e-01 7.99316943e-01 2.70505786e-01 3.68980169e-01
    1.30528760e+00 6.89807534e-02 8.67169738e-01 1.40528667e+00
    1.91406608e+00 1.39484406e-01 -1.29385054e-01 1.49953532e+00
    1.36730671e+00 1.64460874e+00 1.36627495e-01 1.52366579e+00
    2.65745401e-01 -2.00869083e-01 9.07551706e-01 1.00945294e+00
    2.33251750e-01 -2.66560584e-01 6.72148883e-01 1.35621262e+00
    2.15099096e-01 1.56470752e+00 -3.79159153e-01 4.49618816e-01
    -1.32983208e-01 -4.61236537e-01 1.94177723e+00 -4.43138123e-01
    8.50142360e-01 1.81521833e-01 -8.80547762e-02 -5.49367249e-01
    -2.11573064e-01 9.00173008e-01 4.73568618e-01 1.68986213e+00
    1.43575215e+00 1.92360914e+00 1.89371300e+00 1.28694987e+00
    4.11700964e-01 8.93921077e-01 1.30829132e+00 6.52871430e-01
    1.53302598e+00 -6.06188357e-01 1.93266273e-02 -2.40028352e-01
    6.85177147e-01 3.99830282e-01 5.27637541e-01 1.56152546e+00
    -2.04225808e-01 1.93108654e+00 1.32297516e+00 5.75300872e-01
    -3.90676260e-02 1.16975021e+00 -4.05430555e-01 1.46604443e+00
    7.56163478e-01 1.70494437e+00 1.10240173e+00 -1.73536450e-01
    -3.47981691e-01 8.15210462e-01 2.15288579e-01 7.14484572e-01
    1.72730207e+00 9.03391838e-02 1.33336484e-01 1.48473430e+00
    1.85572386e+00 -1.38863087e-01 -5.44197440e-01 -3.70192528e-03
    1.73036718e+00 1.68580294e+00 1.48718297e-01 8.37929964e-01
    1.60547554e-01 -5.34820437e-01 -2.43615955e-01 5.83062112e-01
    1.79147029e+00 2.96255589e-01 1.90927839e+00 8.36044669e-01
    -5.61387300e-01 1.25322318e+00 1.73779750e+00 -3.68189216e-02
    1.10528982e+00 7.52733648e-01 6.29225731e-01 1.92942309e+00
    -4.54612970e-02 -3.71570438e-01 1.67142403e+00 1.60294080e+00
    2.40204811e-01 -2.86778420e-01 -4.22083437e-01 1.26380968e+00
    -6.33077979e-01 1.51493645e+00 6.28168881e-01 -4.65014875e-01
    1.17418694e+00 1.78589106e-01 7.46466279e-01 -2.55993277e-01
    7.12539852e-01 3.05174768e-01 1.59753299e+00 1.20052278e+00
    1.17779398e+00 -2.01839089e-01 1.46640539e+00 6.86900377e-01
    4.20723319e-01 1.36899066e+00 1.35147333e+00 3.37896407e-01
    1.66715360e+00 -3.57762456e-01 1.59696174e+00 1.42234254e+00
    1.48801970e+00 4.74267244e-01 9.80584025e-01 2.73417592e-01
    9.14659500e-01 1.79028106e+00 3.19741666e-01 -2.90626794e-01
    -5.30486047e-01 -5.01893401e-01 -5.96761584e-01 1.11488867e+00
    1.09307647e+00 -1.18374825e-02 7.93349624e-01 1.42934978e+00
    1.30286515e+00 -4.09053564e-02 5.32636881e-01 -4.82039988e-01
    5.13682604e-01 1.74819040e+00 9.17609453e-01 -2.60942817e-01
    9.15374875e-01 1.31059027e+00 1.50689483e-01 5.42110622e-01
    2.00262380e+00 -3.54072094e-01 1.54919744e+00 4.88276839e-01
    1.06001592e+00 1.02302587e+00 -4.32034731e-01 6.49235070e-01
    -5.32356739e-01 -8.72242451e-02 1.60917270e+00 1.24848080e+00
    1.25594318e+00 4.25364971e-02 1.82622612e+00 2.51646280e-01
    -1.26161277e-01 1.41603529e-01 8.40761364e-01 1.82504153e+00
    1.51721060e-01 1.74617124e+00 -2.10363299e-01 1.28714383e+00
    1.10637677e+00 3.39211702e-01 6.82095230e-01 1.70623088e+00
    1.12782753e+00 1.54194534e+00 1.08973801e-01 1.92831576e-01
    7.59172976e-01 1.75531602e+00 1.14586127e+00 3.13395560e-01
    4.27530289e-01 1.26970732e+00 -3.71198058e-02 7.65090287e-01
    1.66601229e+00 -1.14896357e-01 1.46948552e+00 1.86496258e+00
    2.23531961e-01 2.48586118e-01 1.99688911e-01 1.23690200e+00
    1.53319550e+00 1.88852882e+00 1.00530434e+00 1.83869314e+00
    6.22538030e-01 -4.15134609e-01 4.86399412e-01 -3.42269719e-01
    4.26971555e-01 2.26903260e-01 9.01079834e-01 1.16905046e+00
    1.38656676e-01 -1.82402641e-01 1.18829012e-01 1.65021229e+00
    2.14594007e-02 1.13653421e+00 -3.07630509e-01 -1.81254059e-01
    3.91410053e-01 -4.44845080e-01 1.55142128e+00 2.05144143e+00
    8.39441657e-01 -5.18484116e-02 1.16218901e+00 -4.32182729e-01
    -3.37318867e-01 -5.76385856e-01 -8.78457427e-02 1.39232731e+00
    -5.34697831e-01 1.28997087e+00 2.16383517e-01 6.49400353e-02
    5.97756743e-01 -1.17396772e-01 6.21840358e-03 1.27130604e+00
    5.06614447e-01 1.95774484e+00 9.52194631e-01 3.96049619e-02
    1.52210426e+00 1.27286959e+00 -2.23559499e-01 3.89795303e-02
    -2.21056670e-01 7.39312112e-01 -7.71119297e-02 1.54793191e+00
    -5.35180390e-01 6.77072763e-01 1.68932164e+00 1.37226856e+00
    -2.89794475e-01 1.50094557e+00 1.59877467e+00 -3.91578436e-01
    9.69459891e-01 -4.02975023e-01 7.85214305e-01 1.81097102e+00
    1.51236033e+00 2.73963749e-01 1.90859389e+00 -9.31553245e-02
    2.02606535e+00 1.65195322e+00 1.30320692e+00 4.43632841e-01
    -3.09848189e-01 4.64094698e-01 2.06374097e+00 -2.34446436e-01
    1.54020977e+00 1.78479934e+00 4.35298741e-01 2.07396483e+00
    1.68220949e+00 2.04919195e+00 1.06415153e-01 1.69917858e+00
    3.14200819e-01 -4.33989197e-01 2.84050107e-02 3.01858306e-01
    -3.74710023e-01 1.30336416e+00 2.03172183e+00 7.80317783e-01
    1.93738818e+00 2.01223207e+00 2.85517335e-01 2.27726161e-01
    6.38532281e-01 1.57330632e-01 1.08009839e+00 1.89513946e+00
    3.69938612e-02 -1.89120084e-01 1.03597045e+00 6.02808893e-01
    -1.07938826e-01 -2.93649703e-01 1.96398199e-01 1.32338989e+00
    1.81097388e+00 6.04205072e-01 7.40250945e-02 7.94540405e-01
    9.30886269e-01 1.95994163e+00 1.64499938e+00 9.86915946e-01
    1.99040532e+00 9.80814099e-01 -1.06063217e-01 7.01914907e-01
    5.95458865e-01 1.91837907e+00 -1.78009450e-01 5.30639946e-01
    1.42336297e+00 2.63453782e-01 6.71339214e-01 1.64237952e+00
    1.67666078e-01 1.18560147e+00 7.09167004e-01 1.82908463e+00
    1.96729732e+00 1.25823629e+00 -5.60482800e-01 1.85883784e+00
    -4.80777383e-01 1.84330714e+00 1.01546395e+00 1.89175546e-01
    1.68777370e+00 4.76444781e-01 2.13050008e-01 -2.10457146e-01
    -1.32728010e-01 1.48037481e+00 1.69600439e+00 -2.35576481e-01
    1.73311710e+00 -7.29772151e-02 2.23420560e-01 5.56524336e-01
    8.20761919e-03 -3.15045357e-01 1.96072960e+00 -1.49156451e-02
    4.06102657e-01 1.36550713e+00 4.58960176e-01 1.23729265e+00
    1.64102387e+00 1.93317103e+00 2.82624006e-01 1.06533349e-01
    3.98850977e-01 1.23599458e+00 -3.93965840e-02 1.62135196e+00
    6.32682562e-01 1.67572248e+00 -1.58591896e-01 4.91008639e-01
    2.28080690e-01 1.29218245e+00 4.12288606e-01 1.69064999e-02
    4.09328163e-01 4.03345525e-01 -3.67044032e-01 7.91078448e-01
    2.02833939e+00 -3.49330008e-01 1.93612909e+00 1.30386925e+00
    1.60729647e+00 1.20344794e+00 1.54330397e+00 1.13358116e+00
    1.17784095e+00 7.01974630e-01 1.71011269e+00 2.02622533e+00
    1.92108226e+00 2.00096607e+00 -6.29614830e-01 1.30131030e+00
    1.56464243e+00 -2.75759459e-01 6.31197095e-02 3.57093990e-01
    -1.78837717e-01 1.91345286e+00 6.57184243e-01 1.99071026e+00
    1.49959707e+00 1.43825197e+00 1.62943792e+00 1.20898962e+00
    5.11566401e-01 -4.31066215e-01 9.53516781e-01 1.80157471e+00
    5.90155542e-01 2.88795769e-01 2.03177333e+00 5.72323322e-01
    1.69500852e+00 5.72148740e-01 5.09683788e-01 1.49361444e+00
    1.82203233e+00 9.11508024e-01 8.30472648e-01 1.65936303e+00
    1.40186059e+00 -4.68744695e-01 5.69829643e-01 1.57098651e+00
    -2.21707225e-01 6.40080512e-01 1.77327514e-01 2.97218204e-01
    -4.37450230e-01 3.49303305e-01 -2.00301915e-01 -5.77809811e-01
    1.63402629e+00 -2.54658043e-01 1.55568385e+00 1.28815889e+00
    -1.50342882e-01 1.18956387e+00 1.25397861e-01 5.62918663e-01
    1.34737015e+00 1.94610953e+00 3.40689719e-01 5.94722688e-01
    1.75755954e+00 -6.66030645e-02 1.42136240e+00 -1.74671382e-01
    1.83922911e+00 6.64060473e-01 1.61783123e+00 1.87454343e+00
    5.26359260e-01 -1.69057667e-01 5.91877937e-01 -5.26247144e-01
    7.66355038e-01 1.22230768e+00 5.29805303e-01 -7.58080482e-02
    1.85417557e+00 -4.25756782e-01 1.36579347e+00 5.70231736e-01
    1.89393568e+00 1.97721374e+00 1.26273751e-01 -2.18370199e-01
    8.97708416e-01 1.72417712e+00 -8.43279362e-02 -2.47299105e-01
    1.59614468e+00 2.10947394e-02 8.75134230e-01 -3.45646799e-01
    1.94404578e+00 -3.07446122e-01 5.06657362e-02 -5.34885406e-01
    1.60835969e+00 1.00559247e+00 1.91184449e+00 3.05257857e-01
    2.60705352e-01 1.15414560e+00 -3.21889102e-01 -7.12334812e-02
    7.90854216e-01 6.25607014e-01 1.00252151e+00 2.38347244e+00
    1.31034625e+00 4.49957848e-02 1.67261338e+00 6.45774543e-01
    -3.59208196e-01 1.42702985e+00 9.11527157e-01 1.75919402e+00
    6.11890674e-01 1.40754008e+00 1.31042266e+00 7.03479528e-01
    1.69890141e+00 1.03397560e+00 1.36150193e+00 1.49975848e+00
    1.61311793e+00 1.96776843e+00 1.70351148e+00 -6.93867505e-02
    2.14593887e+00 -1.44394308e-01 1.02706766e+00 2.05069351e+00
    9.01293218e-01 3.97026837e-01 -3.42464328e-01 1.28141570e+00
    1.07931721e+00 2.43781209e-02 5.54945171e-01 1.53673100e+00
    2.19906497e+00 7.01672077e-01 2.16425896e+00 1.46133757e+00
    8.63944173e-01 7.71068990e-01 5.72543740e-02 -5.53374290e-02
    1.68698382e+00 2.12126464e-01 1.09808218e+00 2.06994820e+00
    1.53774261e+00 1.02394187e+00 1.52286565e+00 2.93891162e-01
    2.06764078e+00 1.98835742e+00 4.49488342e-01 -4.21131402e-01
    4.51453507e-01 3.50175321e-01 1.14372015e+00 1.19191682e+00
    1.43011105e+00 -3.64709795e-01 1.67403221e+00 1.82761312e+00
    1.44205093e+00 1.58090532e+00 -4.17075783e-01 1.14964700e+00
    6.48238838e-01 1.41254580e+00 1.80367613e+00 1.14166641e+00
    1.06279373e+00 1.42411828e+00 5.33618689e-01 1.10795283e+00
    3.67524117e-01 3.93576980e-01 1.51586086e-01 8.42193723e-01
    1.14611304e+00 -1.35293305e-02 1.59274983e+00 4.68656629e-01
    8.51234496e-02 1.13923860e+00 1.62184536e+00 1.92613435e+00
    1.71134865e+00 1.77712381e-01 3.26957285e-01 1.69631612e+00
    -1.63253516e-01 7.76493549e-01 1.51805305e+00 6.71906471e-01
    2.06432772e+00 4.39179540e-01 1.66975069e+00 1.62864041e+00
    1.40626025e+00 1.51375747e+00 1.83629537e+00 9.11279619e-01
    1.48276758e+00 5.70161819e-01 1.91978073e+00 1.51621789e-01
    -2.36084282e-01 1.49628460e-01 2.76505351e-02 1.66624439e+00
    1.57193327e+00 2.22371292e+00 3.69800746e-01 -3.88270915e-01
    3.07999343e-01 1.64188468e+00 -9.06881690e-02 4.59544182e-01
    1.54567671e+00 1.17903292e-01 2.22463191e-01 4.86651689e-01
    8.75591278e-01 1.51970720e+00 -4.11118656e-01 1.44068217e+00
    2.08902025e+00 7.10377693e-01 7.38185167e-01 7.56423712e-01
    1.51254261e+00 1.84344888e+00 1.38638806e+00 -3.80754024e-01
    9.23866153e-01 2.95576155e-02 7.92905450e-01 1.42309248e-01
    2.10229707e+00 3.27775955e-01 -4.40625191e-01 -1.74573153e-01
    1.88235152e+00 1.56361079e+00 1.98540759e+00 -6.38994575e-02
    9.19341862e-01 2.19790369e-01 1.96876335e+00 2.10480046e+00
    1.80679226e+00 5.62596679e-01 2.03631687e+00 1.54429567e+00
    2.91479647e-01 9.17995214e-01 9.09445345e-01 5.55479646e-01
    1.62020671e+00 5.27889013e-01 1.65197730e+00 6.03678107e-01
    1.57497644e-01 9.74156380e-01 1.46471703e+00 1.67842031e+00
    4.66669858e-01 2.16420746e+00 3.90258253e-01 6.86183214e-01
    3.61724824e-01 1.50690377e-01 -8.07053149e-02 -1.38263226e-01
    -8.88797343e-02 1.03648305e+00 4.82494295e-01 8.64132106e-01
    1.39901555e+00 -8.44281018e-02 1.85443878e-01 1.58135533e+00
    -4.34184134e-01 1.17043018e+00 1.44577813e+00 6.36146128e-01
    7.67458081e-01 1.14189029e+00 5.85018992e-01 -4.48258579e-01
    1.06220973e+00 6.32261992e-01 9.87907410e-01 2.84032136e-01
    2.14843750e+00 1.71989655e+00 -2.89577186e-01 1.86833370e+00
    1.34773004e+00 1.82018209e+00 8.04790258e-01 1.94807577e+00
    -5.18125176e-01 2.13353348e+00 1.53664708e+00 9.87616181e-02
    1.79865193e+00 3.97935331e-01 -1.03637189e-01 1.54553461e+00
    1.28951693e+00 7.37609684e-01 -4.42567140e-01 9.12007570e-01
    1.35168505e+00 1.06837785e+00 7.32090354e-01 5.03762484e-01
    1.67074835e+00 4.25135076e-01 8.01302731e-01 6.64498329e-01
    3.58656168e-01 -1.45489573e-02 2.12775564e+00 1.49096477e+00
    -2.99558043e-01 1.04776025e+00 2.03413439e+00 2.69734919e-01
    5.11351585e-01 7.72787809e-01 2.07161045e+00 4.66303438e-01
    7.95939565e-01 -4.22955453e-02 4.31103975e-01 2.06497526e+00
    -2.74543166e-02 7.25574732e-01 1.10214138e+00 5.14568746e-01
    2.21997833e+00 7.13485479e-02 1.21033609e+00 8.22918773e-01
    -3.05041790e-01 1.44957411e+00 9.92162526e-01 2.19019222e+00
    1.29263073e-01 1.36273086e+00 2.20253086e+00 7.18627334e-01
    4.23832148e-01 9.97534990e-01 5.71899295e-01 2.52320409e-01</data></my_img>
<your_img type_id="opencv-matrix">
  <rows>128</rows>
  <cols>256</cols>
  <dt>f</dt>
  <data>
    5.33959866e-01 1.79753125e+00 -5.61713427e-03 2.06738281e+00
    1.87328625e+00 -2.43779495e-01 5.93534708e-01 1.10852301e-01
    8.48690644e-02 3.41267198e-01 1.56251699e-01 1.49497569e+00
    5.22715092e-01 1.54406533e-01 1.28890657e+00 1.91749287e+00
    3.49475265e-01 -1.03355953e-02 3.96113873e-01 -3.63205791e-01
    7.84555495e-01 1.51934594e-01 2.13646626e+00 1.03184319e+00
    -1.33919284e-01 8.37558627e-01 4.41043228e-02 6.95914924e-01
    -2.46129796e-01 1.35947847e+00 1.50974095e-02 2.08052921e+00
    2.63711005e-01 1.44025469e+00 1.22341800e+00 8.06862116e-02
    1.65926754e+00 1.44515172e-01 -1.72379300e-01 2.00497198e+00
    2.73468643e-01 8.32366943e-01 1.87760592e-01 1.91213644e+00
    -8.66423324e-02 2.54934996e-01 1.71546614e+00 3.97093415e-01
    1.63810933e+00 1.61187530e+00 3.98946136e-01 8.20816636e-01
    1.71520245e+00 2.10830712e+00 2.01918268e+00 1.10413134e+00
    2.10062957e+00 1.50794876e+00 1.79280818e+00 4.16959882e-01
    1.16035216e-01 -3.73642981e-01 1.48106027e+00 1.49640119e+00
    9.79518071e-02 1.03440309e+00 1.56490111e+00 1.83887529e+00
    2.12450767e+00 8.49820018e-01 1.40976703e+00 1.00655389e+00
    1.77035642e+00 1.19887674e+00 1.87481773e+00 5.37205875e-01
    5.97343385e-01 7.84626245e-01 4.09661829e-01 2.08918047e+00
    -7.10760877e-02 -9.35905129e-02 9.77596283e-01 -2.00621963e-01
    1.49479282e+00 1.01896894e+00 1.93950129e+00 3.13946679e-02
    1.61711752e-01 1.16630208e+00 7.83326209e-01 4.24385279e-01
    5.74149728e-01 -3.28463167e-01 1.16155171e+00 5.84742129e-01
    7.98845947e-01 8.12024251e-02 1.37255442e+00 2.13736725e+00
    -4.00421202e-01 1.75807595e+00 8.87145847e-03 2.09547973e+00
    7.63651729e-01 -2.77347565e-02 1.43043554e+00 7.86211729e-01
    1.61055136e+00 6.01198196e-01 1.65172839e+00 1.96508443e+00
    1.96648848e+00 1.74275076e+00 -2.50572503e-01 7.74098039e-01
    1.29105496e+00 1.06615341e+00 9.11929309e-01 3.53506923e-01
    5.14807642e-01 1.71151280e+00 -3.12857568e-01 2.16549563e+00
    1.63233376e+00 3.95381212e-01 6.30603194e-01 -3.43753040e-01
    1.17063798e-01 1.64806068e+00 3.86045247e-01 2.02444077e+00
    1.11132646e+00 7.43965387e-01 1.65124762e+00 5.90908945e-01
    1.10350236e-01 1.48631847e+00 1.19742072e+00 1.97868609e+00
    5.01966514e-02 1.72268927e+00 9.09041643e-01 -3.95477235e-01
    2.07497406e+00 8.74109149e-01 2.21184030e-01 1.81481171e+00
    1.43926263e+00 1.99150634e+00 5.53824544e-01 7.08517730e-01
    -3.97235632e-01 1.30665759e-02 -8.85490701e-02 -1.02690138e-01
    -9.53565910e-02 9.74696398e-01 4.48383093e-01 6.89656794e-01
    1.27014434e+00 1.67056692e+00 1.46736979e+00 -2.67141968e-01
    1.83178926e+00 3.35217625e-01 -2.19773278e-01 2.02105832e+00
    -2.98460662e-01 1.31976858e-01 1.35967195e+00 -2.30605066e-01
    7.74949193e-01 1.59155786e+00 3.52941453e-02 1.17599237e+00
    7.12184608e-01 -3.23481053e-01 2.74334818e-01 2.02863622e+00
    5.84825277e-01 -3.72827947e-01 5.05542196e-02 -9.68479645e-03
    1.57135212e+00 1.50504613e+00 3.31992298e-01 1.27460039e+00
    7.47177660e-01 2.89640665e-01 9.73351836e-01 1.78345621e+00
    9.76962984e-01 -3.00280958e-01 1.49301946e+00 3.07078093e-01
    -1.21120848e-02 1.09732330e+00 2.91585326e-01 1.09518790e+00
    4.97826457e-01 2.45241642e-01 1.05763662e+00 -4.53736126e-01
    8.76121700e-01 7.71159947e-01 2.01361275e+00 9.57428455e-01
    3.45261246e-01 1.14143872e+00 2.14430675e-01 2.05445266e+00
    9.23977971e-01 2.12003455e-01 1.79272676e+00 4.92782205e-01
    -3.29453051e-01 3.72700304e-01 -3.14888895e-01 2.10916352e+00
    1.83681428e+00 1.98704457e+00 1.21997893e+00 -2.50904799e-01
    1.09978056e+00 1.97488582e+00 9.65604722e-01 9.64712679e-01
    1.58883274e+00 7.95131683e-01 6.36770189e-01 1.40877867e+00
    4.44496572e-02 2.08484054e+00 2.09469485e+00 1.39208400e+00
    1.39864266e-01 2.07686365e-01 3.93980533e-01 7.05438256e-01
    1.57093275e+00 1.11384487e+00 1.63841188e+00 5.23291051e-01
    6.55740082e-01 1.98707736e+00 1.82183993e+00 2.10273123e+00
    4.62874770e-02 1.76462591e+00 4.76785272e-01 -2.74031550e-01
    1.06434751e+00 1.85367846e+00 5.43731868e-01 6.81131661e-01
    5.58461010e-01 1.38270032e+00 6.12861216e-01 1.49746120e+00
    2.26725072e-01 5.62886149e-02 1.56342351e+00 8.14170539e-01
    7.59420916e-02 9.77589116e-02 1.14703918e+00 3.34594458e-01
    4.37066644e-01 6.42863631e-01 9.32619035e-01 1.53481591e+00
    1.19945288e+00 4.16044205e-01 1.32928237e-01 2.44370878e-01
    -4.51062620e-01 1.86937380e+00 1.52397311e+00 1.38730824e+00
    2.08553696e+00 6.82056487e-01 2.58563131e-01 2.88125515e-01
    1.52591610e+00 4.29434985e-01 1.78098679e+00 1.31545309e-02
    -4.59175289e-01 1.09851491e+00 3.35556239e-01 8.52032483e-01
    8.10090303e-01 6.03712261e-01 1.11123347e+00 -4.39296186e-01
    1.57471716e+00 9.28789556e-01 2.29928568e-01 4.09957200e-01
    8.63257945e-01 -4.83688384e-01 1.81240737e+00 1.19644332e+00
    -5.12981534e-01 4.81036127e-01 1.23822975e+00 1.03056979e+00
    -1.69925958e-01 1.54901519e-01 2.95653790e-01 1.64308047e+00
    1.99170256e+00 -3.13801728e-02 6.40243769e-01 6.41300023e-01
    1.72528565e+00 3.20868701e-01 -2.44185567e-01 1.94146395e+00
    1.66666460e+00 1.35854888e+00 1.97503936e+00 1.60987890e+00
    1.51550639e+00 9.18045223e-01 1.98425853e+00 -2.48235166e-01
    8.68928015e-01 7.68721879e-01 4.90005493e-01 5.18048853e-02
    -2.40960829e-02 1.10585570e+00 3.00277416e-02 -2.89486527e-01
    7.18962193e-01 5.90467155e-01 -3.48874480e-01 9.92228687e-02
    6.83202818e-02 8.77560973e-01 1.27525878e+00 9.67205346e-01
    -2.62496084e-01 1.02408159e+00 -3.11459869e-01 1.49576321e-01
    1.70081735e+00 6.17698491e-01 -2.68237412e-01 3.80200058e-01
    4.79694813e-01 -2.09913077e-03 2.67648607e-01 1.51838529e+00
    1.78900230e+00 5.00171423e-01 2.24185705e-01 1.77745283e+00
    1.75850844e+00 1.77496612e+00 9.41721439e-01 7.10514426e-01
    1.92063236e+00 1.86119586e-01 -1.62468478e-02 1.20179152e+00
    1.67996776e+00 1.76320755e+00 3.92018557e-01 -1.46078989e-01
    1.94994286e-01 2.34302714e-01 1.63927913e-01 -3.90619338e-01
    -1.37789577e-01 4.82809097e-01 3.59059796e-02 9.25320387e-01
    1.69786263e+00 2.00571686e-01 1.78072250e+00 1.25275159e+00
    1.38915074e+00 9.44588780e-01 -2.52243400e-01 1.69052827e+00
    -1.88226074e-01 1.47819006e+00 3.75983506e-01 1.07647026e+00
    1.09562337e+00 5.51583946e-01 1.62444890e+00 1.15813160e+00
    1.71923614e+00 1.02619135e+00 6.18819520e-02 2.57163942e-01
    -2.10312754e-01 1.21376663e-01 1.73045218e+00 2.04638767e+00
    -1.75065979e-01 5.38526058e-01 1.60077560e+00 -3.85152668e-01
    3.79558027e-01 1.09010816e+00 -3.38270754e-01 8.07641447e-01
    6.74549699e-01 1.38055670e+00 -1.04510799e-01 7.14207366e-02
    -3.68033171e-01 1.41917455e+00 1.20986140e+00 8.75954330e-01
    1.62830091e+00 3.92164141e-01 8.23319018e-01 1.45864391e+00
    1.65558898e+00 1.45464671e+00 1.98645091e+00 6.94398761e-01
    1.44508517e+00 1.67213106e+00 -5.28328240e-01 6.70036197e-01
    -4.79977280e-01 -5.36957800e-01 7.07919896e-01 7.14530468e-01
    -2.77744830e-01 2.04081297e+00 7.40475893e-01 1.45145690e+00
    6.16110921e-01 1.00368679e+00 1.73781288e+00 1.62320256e+00
    1.12497163e+00 1.43972254e+00 9.20591176e-01 3.56100261e-01
    7.09023058e-01 4.73059595e-01 -2.99503118e-01 1.13269842e+00
    1.62872100e+00 1.06254077e+00 -5.46667993e-01 1.10836816e+00
    1.93244636e+00 1.78653979e+00 1.68590903e+00 1.60874355e+00
    -1.07848682e-01 1.62427413e+00 1.57656479e+00 2.65749395e-01
    1.50391090e+00 -2.64702320e-01 1.89325738e+00 1.78407037e+00
    9.37274158e-01 1.33153653e+00 5.37915118e-02 1.52218378e+00
    9.07848537e-01 7.86002278e-01 9.91878271e-01 5.02141893e-01
    1.61946845e+00 4.72583473e-01 6.53128684e-01 1.31950545e+00
    1.58482981e+00 4.47413214e-02 -4.30890501e-01 1.92340744e+00
    6.55005217e-01 1.50071454e+00 -6.05897248e-01 -5.59288442e-01
    2.01019835e+00 3.57448548e-01 1.42936540e+00 6.25812769e-01
    1.28232729e+00 1.18477440e+00 1.37007046e+00 1.91512609e+00
    1.01878226e+00 1.62974167e+00 4.49194968e-01 1.07274425e+00
    1.23977080e-01 -3.38768601e-01 2.48691544e-01 1.78169513e+00
    1.89752126e+00 2.28014231e-01 1.54787338e+00 6.86209977e-01
    1.83047450e+00 -3.02924346e-02 1.00783193e+00 1.29205287e+00
    -8.78093950e-03 8.64955962e-01 -4.54798520e-01 1.94878435e+00
    1.91975033e+00 -1.67022943e-01 1.62210369e+00 -4.61729616e-01
    5.40883362e-01 -3.86952221e-01 -1.06079832e-01 9.12251417e-03
    8.18643570e-01 8.63939285e-01 1.22526395e+00 8.20277452e-01
    1.80108857e+00 1.85433590e+00 5.74432969e-01 -3.59195113e-01
    1.13520694e+00 -2.46262670e-01 1.50285506e+00 2.80823171e-01
    -2.59966105e-01 1.56678391e+00 7.14480221e-01 -1.93627387e-01
    2.38612443e-01 1.08652341e+00 2.08048761e-01 -4.75917980e-02
    2.67073866e-02 1.03210700e+00 1.31280577e+00 -3.49650323e-01
    -4.42737460e-01 7.56836712e-01 -5.02560019e-01 -2.83430517e-01
    4.19090152e-01 1.72232962e+00 1.31083465e+00 -2.97703803e-01
    1.32845485e+00 7.47048199e-01 4.84513730e-01 1.45846248e+00
    1.41623330e+00 1.51245332e+00 6.29378855e-02 4.87163842e-01
    -2.91723073e-01 9.36292052e-01 5.87294161e-01 1.51597679e+00
    -8.92641246e-02 -6.07164681e-01 1.92065835e+00 1.47913530e-01
    1.30842674e+00 8.78797293e-01 1.54773939e+00 1.38481784e+00
    -4.99598473e-01 -4.51409668e-01 6.61464632e-01 7.50724316e-01
    1.22494280e+00 -2.99267799e-01 1.67936480e+00 -2.23954543e-01
    1.75870514e+00 8.30916464e-01 1.31600702e+00 1.56578255e+00
    1.18064749e+00 1.61907351e+00 1.26630688e+00 -3.31174552e-01
    1.78972769e+00 2.55383462e-01 -1.25028953e-01 8.29671919e-01
    9.74374890e-01 -1.29756033e-01 1.94212759e+00 5.86431324e-01
    1.32082790e-01 1.56628644e+00 1.83122396e+00 -2.82555491e-01
    4.13887441e-01 6.91753268e-01 5.18175364e-01 1.82840061e+00
    1.21867573e+00 -2.86863953e-01 1.41059411e+00 9.77899849e-01
    4.63958144e-01 -3.92209858e-01 1.19507754e+00 1.77106416e+00
    -4.61471498e-01 1.51849639e+00 1.38920772e+00 5.41059196e-01
    3.47896725e-01 5.81896424e-01 -3.60350579e-01 -1.25184670e-01
    -1.22398678e-02 5.41977286e-01 9.14830863e-01 6.69670224e-01
    1.54937375e+00 8.49775434e-01 1.43492293e+00 6.21689558e-01
    4.95835215e-01 3.72488230e-01 3.79265130e-01 7.59321153e-01
    8.66351187e-01 6.01634443e-01 4.88698900e-01 1.77245271e+00
    1.38545847e+00 8.61794725e-02 -4.80769664e-01 -5.16309917e-01
    -3.83230418e-01 -2.26708516e-01 -4.35224056e-01 9.83615339e-01
    1.02551723e+00 5.31458199e-01 2.14701369e-01 -5.96256375e-01
    1.18812013e+00 1.27970791e+00 -4.10993844e-01 1.36753237e+00
    1.79975426e+00 3.40663970e-01 6.05550289e-01 1.19477546e+00
    7.10603818e-02 4.24187034e-02 9.69299674e-01 -4.83759902e-02
    5.84703982e-01 -4.79493946e-01 -5.12316167e-01 2.03762150e+00
    7.33362496e-01 1.07400668e+00 4.76150721e-01 1.28593123e+00
    1.34716725e+00 -1.91985480e-02 5.62764108e-01 5.11672616e-01
    1.18596351e+00 1.40813613e+00 -5.41135907e-01 1.60377848e+00
    -4.42259729e-01 -4.87365127e-01 -5.17983139e-01 1.74633908e+00
    1.78745425e+00 -7.67331868e-02 1.28349805e+00 1.67950964e+00
    5.27630150e-01 7.86697507e-01 9.72251952e-01 1.05605757e+00
    1.50905371e-01 -1.87149853e-01 5.10238588e-01 3.63638997e-01
    -5.70711732e-01 9.98789430e-01 1.73227265e-01 7.36402810e-01
    4.39605981e-01 5.67588329e-01 -1.82932049e-01 -4.06269699e-01
    1.83618748e+00 1.92893767e+00 -3.93983841e-01 1.89376462e+00
    5.23275733e-02 1.61765611e+00 9.33417499e-01 1.63637066e+00
    -6.08049572e-01 -3.42309535e-01 -4.96852368e-01 1.54868951e-02
    1.93116224e+00 3.68948802e-02 -4.74588811e-01 7.12110579e-01
    1.32381368e+00 1.85071421e+00 -5.00097394e-01 4.98980045e-01
    1.55114090e+00 -2.89023146e-02 1.94145572e+00 1.35167181e+00
    1.78867781e+00 4.63274121e-01 -6.41697288e-01 1.31042886e+00
    1.17259157e+00 4.96740974e-02 -1.38905287e-01 3.51893723e-01
    7.39383340e-01 6.10922098e-01 -6.67851090e-01 1.22968543e+00
    1.21458387e+00 1.13702416e+00 6.54119372e-01 8.85399103e-01
    3.05635303e-01 -6.86103702e-02 1.10598636e+00 1.33622384e+00
    1.72229111e+00 1.44126785e+00 1.22422564e+00 4.23186183e-01
    6.33119226e-01 1.39664978e-01 1.18428469e+00 1.45434356e+00
    1.37962735e+00 1.40808713e+00 -4.18116868e-01 1.69104207e+00
    1.29363561e+00 -1.15442984e-01 1.52324140e+00 1.80241525e+00
    -3.54786009e-01 5.85200228e-02 8.17586422e-01 7.85204917e-02
    -3.53181750e-01 2.33573392e-01 1.65659714e+00 1.29296637e+00
    5.01001894e-01 -1.32084601e-02 4.18831706e-01 -5.62396646e-01
    1.87660801e+00 4.33164030e-01 2.65257388e-01 1.10707533e+00
    1.10650361e+00 1.68256998e+00 -3.76699753e-02 1.54713929e-01
    1.88177896e+00 -6.66719139e-01 -3.22297484e-01 1.11581326e+00
    1.10866416e+00 7.29415655e-01 1.43536115e+00 1.52256882e+00
    1.33315289e+00 1.88027430e+00 7.21186548e-02 1.17910874e+00
    2.26466730e-01 2.07271442e-01 5.48744142e-01 1.63028252e+00
    -5.78500032e-01 7.09670186e-01 5.03077865e-01 -4.05694604e-01
    1.21731043e+00 8.42219353e-01 1.18085980e+00 2.78077632e-01
    1.68579900e+00 -5.39484143e-01 -6.78909719e-01 5.88668227e-01
    1.62430036e+00 1.86774206e+00 1.65190136e+00 5.60390055e-01
    -3.65420699e-01 7.42546797e-01 1.14888322e+00 9.47569609e-01
    1.55267131e+00 1.58438385e+00 -7.93775201e-01 -4.93581504e-01
    -5.90188019e-02 1.71567237e+00 8.27006400e-01 1.74644962e-01
    1.70536995e-01 1.92418411e-01 6.01133645e-01 6.64395690e-01
    -7.61592865e-01 -5.99248886e-01 1.00076008e+00 3.94202441e-01
    -5.36756337e-01 -7.90984988e-01 6.17624819e-01 -6.30942345e-01
    8.00303876e-01 -7.40987003e-01 3.46878409e-01 1.78051627e+00
    -5.66712022e-01 5.90398729e-01 8.35756660e-01 7.47912943e-01
    -5.08261681e-01 5.04821420e-01 1.95836627e+00 1.44892061e+00
    4.97388959e-01 2.51938403e-01 3.17414463e-01 -3.18428218e-01
    1.36735582e+00 3.31518531e-01 -2.27004871e-01 -5.24520576e-01
    -6.22214437e-01 1.75309455e+00 4.99721617e-01 9.50685859e-01
    3.98459077e-01 -4.66148645e-01 -3.86250317e-02 -5.90694129e-01
    7.99546421e-01 1.09724069e+00 9.26543474e-01 2.74960786e-01
    1.15131187e+00 3.05026561e-01 1.61739755e+00 1.59329832e+00
    -6.98376521e-02 -2.80071646e-01 -7.14895666e-01 7.23836124e-01
    1.84412926e-01 1.82843494e+00 4.31105256e-01 1.89656949e+00
    -3.74501586e-01 -2.90260706e-02 1.78553545e+00 5.86404324e-01
    4.33937609e-01 1.15765058e-01 5.53646386e-01 -3.33113313e-01
    -6.95475996e-01 1.63658619e+00 1.40893877e+00 1.81300616e+00
    1.17799497e+00 -1.35909155e-01 1.79977977e+00 6.09449923e-01
    9.70159024e-02 1.10740197e+00 9.19851899e-01 -5.69852054e-01
    5.21910310e-01 -1.44236475e-01 1.61784554e+00 2.97662050e-01
    7.70576775e-01 9.45953012e-01 5.79777598e-01 -8.11692655e-01
    1.84185803e+00 1.24140108e+00 -8.20056319e-01 2.05083624e-01
    1.20837104e+00 -4.96197641e-01 1.88244021e+00 1.62026751e+00
    1.12635601e+00 6.93314195e-01 1.56443167e+00 5.76041222e-01
    5.69955468e-01 1.77844405e+00 1.29016662e+00 1.12912989e+00
    1.27827239e+00 4.35558647e-01 1.20699918e+00 1.08813792e-01
    1.75869215e+00 -2.29373947e-01 1.51826930e+00 -5.38629174e-01
    -1.77830711e-01 9.78719354e-01 5.72700024e-01 1.34377098e+00
    8.79409254e-01 1.83260083e+00 1.59763432e+00 1.78524423e+00
    1.31519985e+00 1.39295721e+00 5.07643580e-01 1.40363872e+00
    1.18790483e+00 1.84006703e+00 1.11364305e+00 8.68619084e-01
    1.02186096e+00 6.50645435e-01 1.58269870e+00 2.56450325e-01
    1.53061998e+00 -1.64107442e-01 7.13858783e-01 2.26005148e-02
    1.75875854e+00 2.50507921e-01 -3.93513829e-01 7.41362095e-01
    1.76069129e+00 1.51338911e+00 8.68718028e-01 1.37071073e+00
    -4.31951076e-01 1.20577049e+00 7.47979581e-01 1.57498968e+00
    4.58464205e-01 8.24304879e-01 2.50615835e-01 2.57286876e-01
    5.51457107e-01 5.24388969e-01 5.25476277e-01 -4.98577595e-01
    8.67389143e-01 1.85812652e+00 1.68552709e+00 1.80402613e+00
    1.27909994e+00 1.47932255e+00 1.09209883e+00 1.88993800e+00
    1.11266446e+00 1.02383524e-01 1.81205451e+00 -1.25885189e-01
    3.48790854e-01 -2.05232322e-01 6.87734306e-01 1.11595392e+00
    5.63300550e-01 1.88596356e+00 4.42296475e-01 1.82327783e+00
    1.13890719e+00 -3.45884442e-01 7.13200688e-01 3.14168185e-01
    -8.07737291e-01 1.66958165e+00 -2.98726797e-01 6.52245224e-01
    2.58927912e-01 1.31865835e+00 1.35048270e+00 -4.90992248e-01
    6.25148177e-01 1.04562640e+00 1.21033370e+00 -3.16052020e-01
    1.86529756e+00 2.49712840e-01 1.92653632e+00 -4.42170203e-01
    1.41317403e+00 1.24327511e-01 5.77081084e-01 2.12036324e+00
    -5.00493109e-01 5.89636624e-01 1.48441935e+00 1.44221103e+00
    -4.72938865e-02 -5.12781501e-01 4.17168647e-01 -5.41121006e-01
    6.15092874e-01 -1.19961277e-02 7.49730289e-01 -3.86272699e-01
    -7.08999932e-01 1.47941256e+00 -5.39786279e-01 -3.76359433e-01
    1.48653519e+00 5.82587004e-01 -5.36871910e-01 -4.90189373e-01
    3.79572925e-03 -7.41709292e-01 6.49699748e-01 1.79457450e+00
    -8.40846121e-01 2.60048807e-01 1.39906383e+00 1.01004171e+00
    -6.47901058e-01 -6.45723790e-02 2.17583597e-01 5.26396215e-01
    1.53368437e+00 1.04668355e+00 1.36871660e+00 5.91345549e-01
    -3.60565335e-01 -6.90397993e-02 6.91287994e-01 -7.24690378e-01
    -6.94293201e-01 8.23681355e-01 1.71505964e+00 4.26789761e-01
    2.57168800e-01 2.64618129e-01 -1.40908673e-01 1.71221304e+00
    1.30348289e+00 6.34001315e-01 1.13964522e+00 1.04591250e+00
    7.46366978e-01 4.92241204e-01 -4.18079346e-01 1.67829883e+00
    1.44440997e+00 1.55213964e+00 -2.96022773e-01 5.02162099e-01
    1.18476117e+00 8.15491199e-01 8.57221544e-01 4.26928759e-01
    -4.21485811e-01 5.04865050e-01 9.77035582e-01 1.70938516e+00
    6.31152391e-01 1.42106950e+00 -6.50994301e-01 1.61395955e+00
    -6.96168542e-01 6.74721658e-01 5.68541169e-01 1.26742399e+00
    1.64379585e+00 4.77578700e-01 9.73836541e-01 1.50403321e+00
    3.18864256e-01 1.61245370e+00 1.06670940e+00 -2.69947827e-01
    -6.61940694e-01 -4.97193009e-01 5.83049059e-01 1.03790355e+00
    3.11174303e-01 6.77824676e-01 1.84649801e+00 -2.82241374e-01
    5.29306889e-01 -6.96373701e-01 1.85138300e-01 -1.67008787e-01
    1.13569927e+00 1.36574447e+00 1.12506402e+00 1.48659289e+00
    4.56862867e-01 1.58522928e+00 1.25653899e+00 -7.84166515e-01
    -1.03531875e-01 -5.66508770e-01 9.99132395e-01 2.61878282e-01
    1.59080255e+00 5.95952988e-01 1.67277884e+00 5.98909616e-01
    1.11113465e+00 2.65239745e-01 -1.67262539e-01 1.40056694e+00
    7.55948246e-01 1.06994832e+00 1.93745226e-01 1.68195856e+00
    1.04758310e+00 -3.15065116e-01 1.05842960e+00 1.85266328e+00
    4.43028271e-01 1.42246270e+00 -7.11037040e-01 2.08308145e-01
    9.28082466e-01 1.81178155e-03 1.56215131e+00 1.38363922e+00
    7.47294486e-01 1.89680314e+00 -3.66280019e-01 1.33895624e+00
    -7.38486111e-01 1.13204646e+00 8.73621941e-01 -4.50194836e-01
    1.26719010e+00 2.21233517e-01 1.09506440e+00 1.21020198e+00
    4.30652380e-01 9.09985974e-02 6.51858330e-01 1.15602076e+00
    -1.81900293e-01 1.24632931e+00 1.19075842e-01 6.53833389e-01
    8.62524509e-01 4.33760047e-01 1.19435407e-01 8.46931636e-02
    1.05685270e+00 8.15068603e-01 7.26791978e-01 1.20770492e-01
    1.02968848e+00 1.64464903e+00 -5.31342566e-01 1.32516301e+00
    1.04040468e+00 1.83644009e+00 5.67512393e-01 -3.35936062e-02
    -5.87515414e-01 -7.27733493e-01 -7.77089179e-01 4.66416150e-01
    7.61774659e-01 9.43831682e-01 1.75685966e+00 8.42523575e-01
    1.77615356e+00 1.66459128e-01 3.51282448e-01 -5.78863442e-01
    1.33273169e-01 1.15043223e+00 2.75209062e-02 1.13042426e+00
    7.80895233e-01 5.08922338e-01 -7.46489346e-01 -5.48467219e-01
    6.66567311e-02 1.69045341e+00 8.97311628e-01 1.40662718e+00
    1.78194726e+00 1.57973528e+00 6.22005880e-01 6.54151797e-01
    -8.94498229e-02 2.55657792e-01 -3.91338229e-01 9.90684867e-01
    1.72873509e+00 1.41026247e+00 1.55377936e+00 -9.28296149e-02
    -6.11672223e-01 -1.45072162e-01 -7.74393916e-01 3.54290903e-01
    1.34258747e+00 7.64090836e-01 6.37654066e-01 1.35920095e+00
    -4.83560979e-01 -1.66993394e-01 3.29635531e-01 -2.90844798e-01
    8.84969532e-01 1.28599048e+00 6.33749425e-01 1.72989345e+00
    7.51870930e-01 -5.37665665e-01 9.88136888e-01 -1.17756680e-01
    6.86606288e-01 8.11204731e-01 1.25123453e+00 1.21497917e+00
    -3.22429419e-01 -2.39025161e-01 1.12421513e+00 -3.51844698e-01
    -2.39633322e-01 1.48974705e+00 1.21904886e+00 -6.37014985e-01
    -2.33687028e-01 -3.79310139e-02 -7.91139901e-01 6.67131066e-01
    1.37167370e+00 -1.22458242e-01 -2.65855253e-01 1.55189335e+00
    9.55210388e-01 -8.42565358e-01 9.67889488e-01 -3.68135810e-01
    8.40071663e-02 5.51898539e-01 -4.98297602e-01 1.73874021e+00
    -5.52740157e-01 -1.46221370e-02 9.37861562e-01 1.45819724e+00
    1.64161634e+00 1.95580101e+00 4.85223025e-01 -8.08506757e-02
    1.34498549e+00 -5.97364724e-01 1.75433862e+00 1.15838909e+00
    1.70203221e+00 1.63831484e+00 1.68909657e+00 8.51955771e-01
    -6.63344860e-01 1.71843123e+00 8.73731375e-01 1.49383331e-02
    1.14749360e+00 1.58425117e+00 -5.82794785e-01 -1.69448972e-01
    1.30328858e+00 -6.63849413e-01 -3.27667236e-01 7.79557526e-01
    7.63834238e-01 5.73540151e-01 1.22246790e+00 -3.61772835e-01
    -2.46939540e-01 2.91027963e-01 -4.73331571e-01 9.84678641e-02
    4.58058804e-01 1.84796262e+00 1.74029458e+00 1.75080955e+00
    -6.55777216e-01 9.97981578e-02 1.19635081e+00 1.49690676e+00
    1.43007934e+00 1.01391053e+00 1.45731282e+00 3.59157532e-01
    1.73091257e+00 -7.03004956e-01 1.30639941e-01 1.35373741e-01
    1.25133967e+00 -1.00379258e-01 1.71813595e+00 1.88409597e-01
    -7.40319431e-01 -1.62307620e-01 8.86585638e-02 1.01946294e+00
    -2.26342022e-01 1.01211262e+00 -4.88430917e-01 9.09074664e-01
    1.73503613e+00 1.66326869e+00 3.50339383e-01 -9.25378561e-01
    3.93387042e-02 1.30807221e+00 1.26154578e+00 1.00985348e+00
    3.22084635e-01 -1.01687744e-01 -4.84409481e-01 1.53434241e+00
    4.45927888e-01 1.16274798e+00 7.07050800e-01 6.00916266e-01
    1.08516812e+00 1.53412175e+00 1.33241057e+00 8.48244429e-01
    9.38360393e-01 -2.94583470e-01 1.03528285e+00 1.77995753e+00
    7.68926501e-01 6.29183173e-01 -8.76354277e-02 1.63287079e+00
    -3.27050298e-01 -7.86059618e-01 3.92473042e-01 -7.29304254e-02
    1.18020546e+00 -1.48976386e-01 1.86228430e+00 -1.14095598e-01
    1.19503248e+00 -3.54532927e-01 1.57692015e+00 1.25573289e+00
    -2.37953424e-01 -2.90379580e-03 6.44737422e-01 9.13452923e-01
    4.70204115e-01 7.76555359e-01 1.77591586e+00 2.13704780e-01
    8.07923377e-02 -6.54129505e-01 -1.46866873e-01 -2.34875828e-01
    5.71003377e-01 1.85087562e+00 9.08188522e-01 1.20042229e+00
    9.24702644e-01 -4.31726694e-01 -6.24256432e-01 -5.85668564e-01
    -6.42054975e-01 -1.30745783e-01 -2.54912317e-01 -2.02924982e-01
    9.31539118e-01 2.43356377e-01 -3.05732936e-01 -2.46291030e-02
    9.20218289e-01 8.62159014e-01 -2.46510267e-01 -6.55864298e-01
    3.06479663e-01 6.22180343e-01 1.87285751e-01 1.91138542e+00
    1.85187685e+00 -7.80268610e-02 -1.34734303e-01 3.26302707e-01
    1.34889829e+00 -7.06703782e-01 1.43123770e+00 3.01388234e-01
    4.36968625e-01 1.27154791e+00 8.40662599e-01 1.65984941e+00
    1.11334062e+00 1.10127831e+00 1.01898074e+00 -2.77956337e-01
    1.42864078e-01 1.51777494e+00 -7.81177640e-01 1.31029963e+00
    1.47941744e+00 -7.82215476e-01 -2.35350922e-01 3.48546028e-01
    5.47213376e-01 5.93534410e-01 9.92932260e-01 -2.61277437e-01
    -5.73628485e-01 1.51779628e+00 1.43386722e+00 -1.14129595e-01
    -6.38041347e-02 -4.78803039e-01 1.12193227e+00 -3.56013775e-01
    8.68936121e-01 8.88444424e-01 6.72400892e-01 1.59943354e+00
    2.05373123e-01 5.38657159e-02 8.41031551e-01 1.49909127e+00
    1.65792394e+00 -6.99625492e-01 1.28076032e-01 -6.01459861e-01
    4.53600943e-01 3.49768460e-01 5.41484892e-01 1.60316920e+00
    1.11228848e+00 1.03168070e+00 1.68159676e+00 -5.31935059e-02
    9.97758090e-01 -4.70201999e-01 3.59779000e-01 -7.72735059e-01
    -6.38492346e-01 5.17643988e-01 1.18741095e+00 5.26009798e-02
    1.68617713e+00 5.78852713e-01 7.88415447e-02 -6.08658552e-01
    1.57366443e+00 2.58026682e-02 -1.32994190e-01 6.15104735e-01
    5.55419683e-01 3.14221144e-01 1.42419028e+00 -1.43457502e-01
    9.32398796e-01 7.69856453e-01 1.60957241e+00 2.56461829e-01
    -8.59133303e-02 3.71602625e-01 -5.06459653e-01 1.53551722e+00
    7.10752904e-01 5.04513800e-01 1.84460926e+00 -8.10940802e-01
    1.01453662e+00 6.55550301e-01 9.05891061e-01 1.33911026e+00
    1.37604856e+00 7.64539838e-01 1.36680198e+00 7.47549534e-01
    -5.63781917e-01 -7.63424188e-02 -5.00619590e-01 7.39464581e-01
    1.70470715e+00 1.25055850e+00 1.09568381e+00 -4.72452998e-01
    5.65930963e-01 -4.52610195e-01 1.60759211e+00 3.06821138e-01
    7.46968806e-01 -4.18973058e-01 1.25099337e+00 9.99145925e-01
    1.16463077e+00 -8.17342877e-01 3.66043717e-01 -6.85017586e-01
    -4.84016463e-02 8.71676743e-01 1.56858373e+00 2.21236736e-01
    1.52595389e+00 1.36624157e+00 1.78974283e+00 5.53899467e-01
    7.44842291e-02 6.23861514e-02 -3.68142545e-01 3.56351733e-02
    1.03463776e-01 -4.21476215e-01 1.54984665e+00 6.19933844e-01
    1.45960188e+00 -8.23932052e-01 2.56115347e-01 8.78696740e-01
    1.71410993e-01 1.23255908e+00 -4.97928202e-01 6.39547110e-01
    5.22288270e-02 6.56247139e-01 5.44420123e-01 1.24035621e+00
    1.15055156e+00 2.28119716e-02 9.34956014e-01 3.47363651e-01
    7.06194267e-02 1.75014639e+00 1.94879726e-01 -8.23062420e-01
    6.74686730e-01 -7.04456627e-01 8.76195788e-01 -3.41276169e-01
    1.08239233e+00 3.14118564e-01 -4.53365028e-01 -5.62099338e-01
    5.94665647e-01 1.46074116e+00 -1.86745793e-01 7.47981787e-01
    1.29458904e+00 1.72277129e+00 -8.00613642e-01 5.73772788e-02
    -6.20029211e-01 -5.61581790e-01 1.77286208e+00 2.64962852e-01
    1.69936192e+00 4.05530900e-01 8.48495245e-01 -7.63423085e-01
    8.23780060e-01 7.61759758e-01 -7.48614430e-01 -1.39496729e-01
    5.07304788e-01 1.79841864e+00 1.17238784e+00 -1.05996318e-02
    5.32366514e-01 1.13144982e+00 7.97477365e-01 1.82014716e+00
    6.16338253e-01 1.36627710e+00 -3.19188446e-01 9.77573991e-01
    -4.21312749e-01 1.40031040e+00 1.51436841e+00 8.28783274e-01
    -4.81281430e-02 -6.28616750e-01 1.61166358e+00 2.66924292e-01
    1.06306958e+00 7.18800351e-02 3.34073603e-01 3.77532333e-01
    -7.11975753e-01 -4.00020480e-01 6.37674212e-01 1.62640381e+00
    1.27086306e+00 8.11322927e-02 -2.32040271e-01 1.34843028e+00
    -3.85648459e-01 1.47496089e-01 5.19909203e-01 -8.33679438e-02
    6.90214753e-01 -3.26374024e-01 -5.04615545e-01 7.44658172e-01
    4.21536446e-01 -7.05919623e-01 -7.65928209e-01 8.76251876e-01
    9.44962025e-01 8.48812759e-01 -6.54298007e-01 1.12818468e+00
    1.16489494e+00 8.96718919e-01 1.15077220e-01 -2.49890313e-01
    -4.97485369e-01 -7.07820177e-01 -1.31305575e-01 -5.23847163e-01
    3.12302828e-01 1.23431969e+00 1.46231961e+00 3.31985593e-01
    -5.24383128e-01 7.93071747e-01 -3.63692939e-01 1.34438002e+00
    6.97677791e-01 1.68744862e+00 -4.82093811e-01 -5.87266088e-01
    -3.66618276e-01 1.26911366e+00 1.34796536e+00 3.87603104e-01
    4.71201807e-01 -4.34512757e-02 1.82543170e+00 3.53212595e-01
    1.33781016e+00 3.77723649e-02 6.91067338e-01 1.33599162e+00
    -8.31364155e-01 1.56609344e+00 4.00209278e-01 4.43146467e-01
    1.25649667e+00 -2.34427273e-01 1.63213158e+00 -9.13285315e-01
    1.43069759e-01 1.49834800e+00 1.01302218e+00 8.64495516e-01
    -4.69876498e-01 -7.13803649e-01 1.59064308e-01 -4.16168332e-01
    -3.32563967e-01 1.46792936e+00 1.78594530e+00 1.68349993e+00
    1.85576633e-01 8.94851148e-01 -2.15570033e-01 3.24187070e-01
    5.19509554e-01 -7.07206786e-01 2.81515211e-01 1.25850141e+00
    7.60583254e-03 8.36393654e-01 1.37887657e+00 8.69194925e-01
    -6.93718120e-02 -6.88307881e-01 2.00931951e-01 8.37307703e-03
    1.07423377e+00 8.51368546e-01 -2.91699264e-02 5.29064178e-01
    5.76054752e-01 1.02257955e+00 1.51400894e-01 5.53522944e-01
    -3.35011929e-01 1.45237291e+00 1.12076128e+00 1.58877504e+00
    3.93825293e-01 -6.50948510e-02 -5.78446865e-01 -3.90914887e-01
    -3.40792239e-01 6.20523334e-01 -4.54657495e-01 7.61977315e-01
    -3.80181611e-01 7.09164321e-01 -3.19629908e-01 3.11753452e-01
    5.42517900e-01 8.78142834e-01 1.34660912e+00 5.88607669e-01
    9.95968729e-02 -7.93701112e-01 1.60007668e+00 -4.09584433e-01
    9.03004467e-01 -2.22706735e-01 1.32847393e+00 7.22678423e-01
    -4.16610688e-01 -4.33925956e-01 -4.14607793e-01 -3.90529007e-01
    1.55070806e+00 3.59291434e-01 -2.11470246e-01 1.24006605e+00
    2.26938069e-01 3.41786630e-03 1.89979985e-01 -6.65858626e-01
    1.28549683e+00 -4.56920862e-01 9.96344388e-01 9.37873304e-01
    -3.96650553e-01 7.54902065e-01 -7.81946659e-01 -6.69418693e-01
    8.75579357e-01 -9.37222242e-02 1.17846608e+00 7.51288533e-02
    8.58085513e-01 1.26250818e-01 1.69791186e+00 9.46420133e-01
    1.27838349e+00 1.55391800e+00 1.56035614e+00 7.12018728e-01
    1.70189512e+00 1.35784280e+00 -7.50204504e-01 -1.52219027e-01
    1.14300355e-01 2.72697210e-01 1.34285712e+00 -2.68384814e-01
    2.21778989e-01 1.77888489e+00 -9.64737907e-02 2.22253203e+00
    9.95359242e-01 -2.46951487e-02 1.48374546e+00 4.34175909e-01
    4.21665639e-01 3.15021217e-01 8.45193803e-01 8.62008035e-01
    3.64537537e-01 1.83413714e-01 -7.45856345e-01 1.53693295e+00
    -1.96986571e-01 1.05462658e+00 1.45971262e+00 5.05252242e-01
    1.63761532e+00 7.39535391e-01 1.10464521e-01 4.14811969e-01
    1.33335710e+00 7.27465808e-01 -6.99767113e-01 1.12444627e+00
    5.91671109e-01 1.62962985e+00 1.10650289e+00 -7.73164868e-01
    6.22421622e-01 5.85431933e-01 1.03783524e+00 1.67458689e+00
    8.34030569e-01 1.62856257e+00 -2.77400345e-01 9.14325356e-01
    -8.11814427e-01 4.16900307e-01 7.09982991e-01 -7.41395429e-02
    2.38080412e-01 1.82614005e+00 1.34737730e+00 -7.56034017e-01
    1.27011597e-01 1.21094477e+00 1.34951591e+00 6.21433437e-01
    -4.19210136e-01 -9.84131992e-02 -2.52711158e-02 5.40092111e-01
    9.66788590e-01 -1.77363351e-01 -3.55605245e-01 5.81972957e-01
    8.57569218e-01 -5.01803160e-02 1.79927862e+00 9.42166030e-01
    1.12952173e+00 5.40105283e-01 -2.49811351e-01 6.73068643e-01
    1.00945425e+00 9.28052783e-01 1.60909939e+00 1.57594144e+00
    1.03072703e+00 3.59336525e-01 8.82504582e-01 -5.82066655e-01
    6.41924441e-01 -3.90375108e-01 -3.20803195e-01 -1.81083664e-01
    1.66575348e+00 8.71282756e-01 5.40920973e-01 -8.00260484e-01
    7.26891577e-01 -3.94263327e-01 1.05260050e+00 1.63082087e+00
    -7.49031126e-01 -1.10527351e-01 -5.55278659e-02 1.52352846e+00
    -2.12209806e-01 1.21150947e+00 -6.49277866e-01 7.58165479e-01
    2.01491818e-01 9.63107944e-01 1.57362401e+00 1.55845726e+00
    3.85287017e-01 -5.21471858e-01 9.98938262e-01 -4.69838798e-01
    -5.51434934e-01 1.01551652e+00 -7.47071385e-01 1.17988873e+00
    -7.59311557e-01 -2.39696994e-01 7.88534045e-01 1.71897486e-01
    -1.42248809e-01 -3.88270319e-02 1.62032276e-01 5.56885660e-01
    1.54127967e+00 1.60367799e+00 1.46166945e+00 2.94378668e-01
    1.61439168e+00 6.11930192e-01 1.21138537e+00 4.31981891e-01
    -2.63690323e-01 1.61928558e+00 9.65023458e-01 5.55129647e-01
    1.17700100e+00 4.22264151e-02 1.25765431e+00 -6.54001772e-01
    1.80978745e-01 1.33227336e+00 -3.03800583e-01 -5.74471176e-01
    -3.89440656e-01 2.58613795e-01 -5.55642903e-01 -5.36862493e-01
    -2.24058717e-01 -3.26576024e-01 -5.18839777e-01 4.07331705e-01
    3.99538815e-01 9.46144108e-03 1.03602648e+00 -1.06397577e-01
    6.28906965e-01 1.03874862e+00 -6.84484765e-02 1.19647813e+00
    9.64215398e-01 1.25941324e+00 6.29066825e-01 -1.77781403e-01
    1.66476810e+00 5.61405301e-01 6.63643241e-01 4.80013937e-01
    1.22996914e+00 -2.71626830e-01 -7.23648608e-01 1.52068794e+00
    -6.71606004e-01 3.31695467e-01 -4.18814629e-01 8.69586170e-01
    1.56682539e+00 -5.22223532e-01 -5.97619951e-01 -4.96089578e-01
    -1.01427838e-01 4.54306513e-01 3.16817939e-01 2.26329658e-02
    1.59445655e+00 -3.97324935e-02 6.93756878e-01 7.13670850e-01
    -8.15997005e-01 1.27251351e+00 -8.49819481e-01 6.94624603e-01
    -2.35588074e-01 1.16292524e+00 -6.41151190e-01 -5.20186536e-02
    1.30465615e+00 -5.90894043e-01 -2.42597833e-01 -1.25867844e-01
    1.55922258e+00 -8.62285316e-01 1.19448304e+00 8.46465230e-02
    1.38591790e+00 1.82461762e+00 5.80477417e-01 1.79880285e+00
    -3.08529109e-01 1.37169862e+00 -4.92452353e-01 6.77011311e-01
    -4.58784699e-01 7.87689447e-01 5.00992537e-01 7.17356429e-02
    8.74891460e-01 1.77309453e+00 6.53654993e-01 1.55344152e+00
    9.41285789e-01 1.55833125e+00 -7.87799239e-01 3.01631272e-01
    -8.00387979e-01 1.44645822e+00 -1.99672759e-01 -6.24925673e-01
    -7.29496539e-01 -8.61187041e-01 8.29360634e-02 3.58227432e-01
    1.14410686e+00 1.24098372e+00 3.72810736e-02 -8.60067546e-01
    6.57287598e-01 -6.26588345e-01 8.48849714e-02 -7.25750268e-01
    8.54209840e-01 8.19324613e-01 1.29436183e+00 5.71050584e-01
    -7.24810719e-01 1.72586337e-01 9.18138862e-01 1.55296397e+00
    1.72732353e+00 -7.88962662e-01 4.78104204e-02 7.84334660e-01
    6.16921127e-01 9.49704111e-01 -8.18842232e-01 1.22360635e+00
    5.27159095e-01 7.50483751e-01 9.00987267e-01 2.98675478e-01
    2.91087497e-02 -7.82822967e-01 5.00723124e-01 2.59395465e-02
    1.86893153e+00 -2.05657572e-01 -4.13648695e-01 6.57385468e-01
    2.01057148e+00 6.01434827e-01 5.49529731e-01 7.30939806e-01
    1.27555430e+00 1.71203196e+00 -7.59551704e-01 1.63637543e+00
    2.20710382e-01 2.30323806e-01 1.78430605e+00 -1.52635083e-01
    8.15860391e-01 -1.37646720e-01 -5.01701117e-01 -7.01307476e-01
    7.04643726e-01 1.07020390e+00 -4.33891565e-01 1.47385716e+00
    -3.03389788e-01 6.09344006e-01 1.59479022e+00 -3.57591957e-01
    1.13768291e+00 1.43290424e+00 7.89729416e-01 5.90786099e-01
    1.67038238e+00 -4.20078561e-02 1.00174896e-01 3.76629923e-03
    1.62249792e+00 1.68692112e+00 1.24731886e+00 9.89122152e-01
    -1.82778001e-01 1.76057839e+00 2.15446711e-01 -1.03092954e-01
    8.51979494e-01 -7.67472446e-01 1.26478207e+00 6.68910444e-01
    2.84752190e-01 -1.31507069e-01 7.53687441e-01 8.42239141e-01
    1.76172212e-01 -4.69997525e-01 -4.00111020e-01 1.08596981e+00
    1.73047268e+00 1.27197158e+00 -6.89842701e-01 -1.15328200e-01
    1.75037503e-01 1.24297667e+00 -4.64758456e-01 -7.82065392e-01
    4.02471393e-01 1.01109505e+00 4.92115021e-01 -2.69359536e-02
    5.92160344e-01 6.93550646e-01 1.00555563e+00 1.32463193e+00
    5.58375001e-01 -6.22192860e-01 -4.56915088e-02 -4.07448679e-01
    1.73922145e+00 6.35280192e-01 -7.59949744e-01 5.71592033e-01
    1.17049098e+00 4.78852123e-01 9.12785828e-01 -4.50328648e-01
    2.79954039e-02 -2.44878188e-01 -2.56174713e-01 -1.74998581e-01
    1.79163265e+00 -1.15221731e-01 1.24611664e+00 6.94176912e-01
    -5.49735904e-01 9.58469987e-01 1.23067665e+00 4.29672450e-01
    -3.63156460e-02 5.41021407e-01 -1.37154246e-02 -4.28082734e-01
    9.46501911e-01 1.66123724e+00 1.71394742e+00 7.31109202e-01
    5.62466800e-01 1.04174221e+00 6.51146233e-01 -3.38542998e-01
    8.26034471e-02 3.21759671e-01 -6.70460463e-01 1.07533348e+00
    1.64405763e+00 -5.10421515e-01 1.58675030e-01 5.03183484e-01
    7.22912788e-01 1.74501550e+00 -8.41017902e-01 -5.52125037e-01
    4.99396980e-01 -4.88164008e-01 1.01285863e+00 -1.49934769e-01
    1.43691981e+00 5.22587478e-01 1.13293722e-01 6.45421743e-01
    1.64469087e+00 -6.54166698e-01 2.85236359e-01 -2.45326623e-01
    -5.78864098e-01 1.60491002e+00 7.23783016e-01 5.49735308e-01
    6.07683435e-02 6.96866587e-02 -2.43958812e-02 7.87920415e-01
    1.61777377e-01 -7.38505840e-01 1.00790286e+00 -5.82620025e-01
    8.60253572e-02 -2.12069809e-01 1.08283520e+00 3.40041593e-02
    3.00817937e-01 4.42479551e-01 -6.79719329e-01 7.84075677e-01
    1.22836924e+00 8.50613177e-01 1.67103434e+00 1.70001125e+00
    -8.20146203e-01 4.53134298e-01 -3.25166821e-01 5.52002601e-02
    1.00824118e+00 6.46409035e-01 4.33206767e-01 -1.47727728e-01
    -5.95848799e-01 -1.10410050e-01 1.56346059e+00 9.60412562e-01
    1.60535467e+00 6.75371066e-02 9.80409503e-01 -1.10408701e-01
    -8.91471840e-03 1.79586911e+00 5.79221286e-02 1.31933987e+00
    1.42581987e+00 -3.39611113e-01 -3.84081453e-01 6.82656169e-01
    5.96726000e-01 -2.84062833e-01 1.53241873e+00 -5.78849971e-01
    -6.90944195e-01 1.32476914e+00 1.74657738e+00 2.78718561e-01
    1.63996387e+00 1.83939779e+00 4.72935796e-01 1.32755649e+00
    9.06371534e-01 -5.74591935e-01 -2.93164868e-02 1.72645211e-01
    2.67874777e-01 1.26941943e+00 4.62450385e-01 1.35717583e+00
    -5.09071685e-02 1.72184658e+00 -2.97156602e-01 -6.83768690e-01
    -7.34775424e-01 2.51758993e-01 -6.95173442e-01 1.37858415e+00
    6.41255081e-01 6.77493870e-01 -6.94771647e-01 -2.07244113e-01
    -7.02929676e-01 6.34237111e-01 7.25072801e-01 1.72802842e+00
    -5.52739024e-01 -2.11946443e-01 1.52265811e+00 9.61840987e-01
    1.22137642e+00 -4.67940032e-01 -7.71683455e-01 -3.45890105e-01
    6.26429379e-01 1.31644404e+00 1.05659807e+00 -7.42624164e-01
    -5.47263138e-02 1.41596973e+00 -1.38605490e-01 1.04594362e+00
    -4.61831510e-01 9.61848855e-01 1.19065475e+00 4.32812631e-01
    4.42406125e-02 1.08215821e+00 1.56438732e+00 1.40428150e+00
    -3.62154573e-01 1.53151238e+00 1.26342309e+00 1.28642452e+00
    1.28225064e+00 5.92267811e-01 2.79692411e-01 -6.71178699e-02
    1.24934864e+00 -2.05106679e-02 1.22731996e+00 -1.36655182e-01
    -6.18640780e-01 1.61447096e+00 7.06674278e-01 1.33204412e+00
    9.86125946e-01 1.70437181e+00 6.34669483e-01 7.21031010e-01
    1.82596898e+00 1.05234897e+00 9.22910690e-01 8.72803450e-01
    6.36846721e-01 1.65047932e+00 1.53559053e+00 -3.15725118e-01
    -4.53507215e-01 5.17369151e-01 1.42347050e+00 1.72627580e+00
    -2.37166420e-01 6.78744793e-01 -8.68949473e-01 1.10846615e+00
    1.25210619e+00 1.63252771e+00 1.39842069e+00 -3.69741410e-01
    4.00489181e-01 1.05555427e+00 -2.58565575e-01 9.91705120e-01
    8.49193931e-01 9.31131601e-01 3.60224158e-01 1.05532014e+00
    1.27701175e+00 1.52185643e+00 -1.00306533e-01 -8.89643610e-01
    5.02026498e-01 1.59540331e+00 -4.09149230e-02 4.56956148e-01
    2.92250905e-02 8.15456688e-01 9.90534961e-01 1.06222546e+00
    5.65955937e-01 4.73223209e-01 2.03908160e-01 9.40635353e-02
    1.68816280e+00 1.68227226e-01 5.82623541e-01 1.65871000e+00
    4.16280597e-01 4.06677928e-03 7.21024334e-01 1.68298471e+00
    9.59682882e-01 -1.96927145e-01 9.11399245e-01 -6.79218352e-01
    -4.90734667e-01 1.75701547e+00 8.90992761e-01 -6.20249748e-01
    -7.40708053e-01 -1.00397259e-01 1.53571713e+00 -7.07814336e-01
    1.05603278e+00 1.53508580e+00 8.56226027e-01 7.25810945e-01
    -6.73818231e-01 -4.44250435e-01 6.56814814e-01 1.26600611e+00
    2.42764488e-01 -7.96944275e-02 1.20049167e+00 -4.25929636e-01
    5.95278919e-01 -1.13413632e-02 4.59089637e-01 8.26608360e-01
    -3.45989019e-01 9.29447472e-01 -6.03556156e-01 -6.96941167e-02
    1.23094034e+00 1.13168263e+00 1.34567237e+00 1.46985710e+00
    3.70702475e-01 1.75170767e+00 1.59954298e+00 7.33826399e-01
    1.11117649e+00 1.41825676e+00 -5.73973775e-01 -1.60733402e-01
    1.23372197e+00 -7.06830204e-01 1.29214317e-01 5.28444469e-01
    7.92730689e-01 1.79998386e+00 -1.26826182e-01 9.43211317e-01
    -1.33757621e-01 1.29294479e+00 -5.55707037e-01 1.44558120e+00
    1.06226087e+00 1.72393188e-01 7.97455490e-01 6.30576789e-01
    -1.82510167e-01 1.87167394e+00 2.98501223e-01 -3.82290483e-02
    -4.65433866e-01 -8.12646076e-02 9.26763892e-01 -4.37745243e-01
    -8.33998248e-02 4.98113155e-01 1.42219806e+00 3.16760778e-01
    1.76076829e-01 4.39528853e-01 -2.20647268e-02 1.44831538e+00
    -6.00517929e-01 1.27218232e-01 9.43070710e-01 -4.20209765e-01
    1.03610492e+00 -4.00041252e-01 2.99914986e-01 2.38746367e-02
    1.02307022e+00 1.64153790e+00 4.49630946e-01 1.10535324e+00
    -1.78884059e-01 8.79907966e-01 1.16315579e+00 -5.13885438e-01
    -2.04633281e-01 7.69568801e-01 1.04929209e+00 -6.10702634e-01
    1.74214959e+00 1.40275264e+00 1.35110998e+00 1.03554320e+00
    1.37532532e+00 1.05813920e+00 2.15280712e-01 1.76137567e+00
    -1.91413179e-01 -7.84051776e-01 3.27141076e-01 -4.44991767e-01
    -1.72697939e-02 9.51757655e-02 1.50911188e+00 -7.14275613e-02
    3.52319509e-01 -3.54965299e-01 3.06808412e-01 1.32133245e+00
    1.13798892e+00 1.38061309e+00 3.60492826e-01 1.64406979e+00
    5.96018851e-01 1.48281395e-01 -3.99757288e-02 -8.52760255e-01
    -1.17578298e-01 -7.84569502e-01 1.26903594e+00 3.34388375e-01
    1.03957629e+00 9.23839390e-01 -1.74189322e-02 1.47102797e+00
    1.47810006e+00 1.32117975e+00 6.47227094e-02 -4.95563626e-01
    8.92081738e-01 1.00032687e+00 1.05698121e+00 5.77063143e-01
    9.27860737e-01 7.89045334e-01 8.55986699e-02 1.60097033e-01
    1.52051568e+00 6.45973742e-01 -3.67820054e-01 -6.87653065e-01
    1.33508611e+00 -5.90312064e-01 1.67124987e+00 1.15446234e+00
    -6.82342768e-01 5.33228479e-02 7.78639257e-01 1.67820358e+00
    9.15310204e-01 3.81037623e-01 7.58773327e-01 7.20252156e-01
    4.65214908e-01 6.50220156e-01 8.76809478e-01 1.60883641e+00
    5.69120407e-01 -7.44591117e-01 -4.50864971e-01 1.35367262e+00
    -5.02104461e-02 1.51716697e+00 8.65068734e-02 8.10182154e-01
    -9.72857550e-02 5.17529547e-01 -1.24604790e-03 -1.46430939e-01
    -2.29587376e-01 -5.70967756e-02 1.18825579e+00 -2.77848810e-01
    6.47844613e-01 -8.53278220e-01 1.58447039e+00 1.30861568e+00
    -7.29437113e-01 -3.93801928e-01 -9.33982313e-01 -3.09264719e-01
    -7.37495601e-01 1.50347090e+00 -4.88459736e-01 9.01306331e-01
    4.12460595e-01 6.13192499e-01 -4.48948056e-01 1.32263184e+00
    9.45468128e-01 6.09102488e-01 1.31502688e+00 6.22365594e-01
    9.54511940e-01 -3.15698206e-01 -2.54887063e-02 8.25431049e-02
    1.19462371e+00 -4.45487320e-01 8.92206728e-01 -3.19849044e-01
    -6.64700195e-02 6.08073294e-01 1.84949383e-01 1.53488243e+00
    -2.90800601e-01 6.76043391e-01 9.27754819e-01 9.74478662e-01
    1.58589458e+00 -5.67214452e-02 -1.77733526e-01 1.18497264e+00
    1.58451557e-01 1.71363389e+00 -6.41467869e-01 3.30345184e-01
    1.15119025e-01 4.67877597e-01 2.20257968e-01 -2.80261010e-01
    1.74469566e+00 -3.09847683e-01 8.94774973e-01 -6.99103832e-01
    8.78801763e-01 6.90552950e-01 4.11631793e-01 9.55343187e-01
    -1.53599873e-01 7.56173879e-02 1.25220370e+00 -2.19170183e-01
    1.96974993e-01 -7.84666240e-01 8.27112913e-01 3.27198744e-01
    -1.21396273e-01 2.54230171e-01 -4.53248829e-01 5.69297552e-01
    -6.64488196e-01 6.32351458e-01 1.84147644e+00 9.95595098e-01
    -2.11440966e-01 -6.40646935e-01 -5.87549627e-01 9.23397243e-01
    9.90961909e-01 7.29150534e-01 1.66863346e+00 1.66926110e+00
    1.12345254e+00 8.71854842e-01 -6.46514237e-01 4.43421938e-02
    5.62333822e-01 -3.10844272e-01 1.41086471e+00 -5.27409077e-01
    -4.13295805e-01 2.03643203e-01 1.00678456e+00 1.50821060e-01
    4.61186320e-02 6.23956144e-01 -5.08093536e-01 4.38931622e-02
    1.47520471e+00 8.97432029e-01 9.34366286e-01 -3.62923115e-01
    2.80213654e-01 1.80131972e+00 -3.04400951e-01 9.61756945e-01
    -4.90690544e-02 1.83256137e+00 3.90109390e-01 1.32358980e+00
    6.88236117e-01 2.15689987e-02 1.22167766e+00 1.59413147e+00
    2.55692542e-01 -2.74176121e-01 1.14304066e+00 1.56167912e+00
    -6.54193163e-01 1.65896237e+00 1.55469418e+00 -8.14296246e-01
    -5.91845036e-01 1.34721291e+00 1.13135564e+00 1.12078846e+00
    1.20081758e+00 1.06447971e+00 9.16626096e-01 2.77914345e-01
    -2.95951843e-01 -2.11060002e-01 1.77128351e+00 1.82689857e+00
    1.43813562e+00 -6.72962219e-02 -7.36276150e-01 1.05487198e-01
    4.54192072e-01 1.11814678e+00 3.71909380e-01 6.79874957e-01
    6.70464933e-01 2.91217178e-01 1.23839080e+00 7.68501818e-01
    9.86111224e-01 3.83888781e-01 -6.00038290e-01 1.24210632e+00
    -6.56534076e-01 1.45925224e+00 -5.22100329e-01 -6.58575743e-02
    -3.31541151e-01 1.58642626e+00 -1.08135477e-01 5.66955924e-01
    1.21957970e+00 1.02995551e+00 1.59887421e+00 5.47865033e-01
    -1.45653307e-01 1.81568384e+00 1.34253430e+00 6.50462866e-01
    9.84227479e-01 1.61714637e+00 1.33361173e+00 1.15306997e+00
    -3.14429820e-01 -1.26446187e-01 1.59256530e+00 1.34994006e+00
    -4.50359553e-01 3.96815330e-01 8.43982458e-01 6.57609105e-01
    -7.06736028e-01 1.44640934e+00 -1.73312604e-01 -7.96013534e-01
    -1.14963703e-01 7.50346303e-01 -2.81963348e-01 7.27780104e-01
    5.26232421e-01 1.30313444e+00 -4.79971379e-01 7.49348581e-01
    9.75881577e-01 9.70492303e-01 -3.02134782e-01 1.23703204e-01
    -3.61154735e-01 -7.46719837e-01 -5.74460030e-01 2.50264108e-01
    1.67829430e+00 -1.99213177e-01 9.72065270e-01 1.80813956e+00
    -8.31683934e-01 2.91697502e-01 1.81267583e+00 -9.81656238e-02
    7.78009355e-01 -1.40075594e-01 -1.88323662e-01 5.29337585e-01
    9.17330161e-02 1.16868687e+00 -7.89319128e-02 1.23680532e+00
    1.78873968e+00 4.25671488e-01 -6.01180255e-01 6.49384439e-01
    -5.62413812e-01 -1.12383142e-01 -1.12754464e-01 -5.24553955e-01
    8.93565238e-01 -2.42197931e-01 4.95023847e-01 6.18275106e-01
    -6.73151791e-01 1.51141930e+00 3.11513871e-01 1.71649158e+00
    -2.15763338e-02 1.32933450e+00 1.02447832e+00 1.73532829e-01
    -4.45834398e-01 -7.64411986e-01 -4.01880860e-01 9.31438386e-01
    1.70912290e+00 1.76780498e+00 8.87490213e-01 1.10457353e-02
    1.09578717e+00 3.65681618e-01 -2.62735277e-01 1.90231931e+00
    1.61105092e-03 7.10046768e-01 1.24501371e+00 1.27649200e+00
    5.10940194e-01 1.78953826e+00 -4.33919169e-02 1.10034466e+00
    -7.22798109e-01 1.54850686e+00 8.19132984e-01 -4.75965410e-01
    -4.69414175e-01 1.71351480e+00 -8.62656295e-01 7.47551560e-01
    2.32660681e-01 2.06977412e-01 -5.30504704e-01 -5.17588735e-01
    1.37097776e+00 -3.17303598e-01 1.60330367e+00 2.47036546e-01
    -8.38386476e-01 1.06073117e+00 9.19831574e-01 5.63298345e-01
    -1.77289426e-01 3.00566941e-01 6.00885646e-03 -6.56722844e-01
    1.87294579e+00 7.88017809e-01 5.05386055e-01 2.19310737e+00
    2.25722015e-01 -3.22665334e-01 2.13418812e-01 1.44898504e-01
    1.63877058e+00 8.61926734e-01 1.40986609e+00 1.52519810e+00
    2.45026127e-01 1.29875422e+00 1.42508781e+00 -4.64239657e-01
    1.27256763e+00 -1.92798197e-01 5.56197464e-01 2.48488933e-01
    1.44987142e+00 1.71967244e+00 1.55800807e+00 2.13452041e-01
    -5.57548761e-01 4.47850406e-01 1.55838454e+00 6.42911315e-01
    -6.32072687e-01 1.52377236e+00 -2.36354351e-01 -6.19328856e-01
    3.80520880e-01 -6.32796213e-02 3.24402213e-01 7.78755605e-01
    -4.15409267e-01 7.31945336e-01 1.29518259e+00 1.48312211e+00
    4.90016729e-01 1.48680973e+00 -6.10635042e-01 1.05340528e+00
    1.67879927e+00 -4.20087337e-01 1.56875134e+00 6.48308516e-01
    -6.71803415e-01 -2.43661433e-01 -3.24754983e-01 1.18870771e+00
    1.40520704e+00 -7.59433329e-01 -5.30461431e-01 1.77414477e-01
    2.61635810e-01 -3.16537499e-01 -5.19193053e-01 -2.03341827e-01
    8.86408091e-01 1.61004364e+00 -2.65337564e-02 2.79331297e-01
    1.49394131e+00 2.40451396e-01 -6.31429255e-01 5.22019327e-01
    9.43145871e-01 1.69451869e+00 6.37820482e-01 1.59999526e+00
    1.56678960e-01 7.59989262e-01 -8.42768133e-01 -8.44922781e-01
    3.04441839e-01 5.31346083e-01 3.02215517e-01 1.10891879e+00
    6.77748859e-01 1.45495653e+00 2.99029835e-02 5.04472971e-01
    8.95462751e-01 1.34848690e+00 1.21947193e+00 8.21315229e-01
    9.86488044e-01 -1.27070203e-01 -2.31222808e-01 9.61656332e-01
    -7.31805861e-01 1.66940868e-01 1.45220780e+00 2.46971741e-01
    -7.32471526e-01 1.69916973e-01 1.13826700e-01 1.75641048e+00
    5.40913045e-01 9.71188664e-01 1.61008191e+00 5.60311079e-01
    3.35291028e-01 1.60482204e+00 -6.82854414e-01 1.14078486e+00
    -2.90753275e-01 3.86835128e-01 1.48669434e+00 -2.79676795e-01
    3.78534108e-01 -3.03613156e-01 1.11806321e+00 4.88505036e-01
    5.17028153e-01 -7.71460831e-01 1.64690685e+00 1.50223792e+00
    -5.16763091e-01 1.15777826e+00 1.19775355e+00 -3.13125402e-02
    1.65873766e+00 -8.53194654e-01 -5.42456210e-01 -6.70537889e-01
    1.71119308e+00 1.76494086e+00 1.70294893e+00 1.27198410e+00
    1.03069508e+00 5.81218302e-01 -2.01608799e-02 -6.66952252e-01
    1.35345256e+00 -2.80196279e-01 2.09433004e-01 4.88780320e-01
    -6.81784272e-01 1.57629108e+00 5.99590421e-01 -3.89194399e-01
    8.37833405e-01 1.29284024e+00 1.44101119e+00 1.70823991e+00
    -7.14505136e-01 -8.35089087e-01 -1.30059764e-01 1.57636702e+00
    1.16686428e+00 1.68340671e+00 6.18250430e-01 -7.01494157e-01
    -5.87547958e-01 1.23717928e+00 3.49184304e-01 4.31848913e-01
    1.60618627e+00 -1.12098508e-01 1.23941314e+00 6.43283427e-01
    1.52328169e+00 2.95579433e-01 1.43949473e+00 -5.43571830e-01
    -7.89714813e-01 -3.26899052e-01 1.68923807e+00 1.65407193e+00
    1.01309347e+00 1.46458948e+00 1.85994223e-01 -8.75440687e-02
    -3.51574063e-01 1.55461645e+00 4.26574856e-01 6.44483745e-01
    1.17477000e+00 1.15464127e+00 5.82242429e-01 3.67934972e-01
    1.65982068e+00 5.57171069e-02 6.80335402e-01 -2.11448997e-01
    1.42773187e+00 -4.35089320e-02 6.91823065e-01 6.39320254e-01
    -2.48612553e-01 -2.85468906e-01 5.91026187e-01 1.01510870e+00
    6.90123856e-01 -2.59420037e-01 1.77959287e+00 -1.37122661e-01
    9.23833549e-01 -1.77146122e-02 -6.50805533e-01 -6.10054433e-01
    1.32935107e+00 -1.88293830e-02 4.01161999e-01 5.76792471e-02
    1.55775785e+00 1.57062328e+00 8.93004537e-01 1.09077287e+00
    1.66783556e-01 1.11421537e+00 1.75482678e+00 -1.81003422e-01
    1.14045918e+00 1.18776870e+00 1.02327430e+00 1.65184045e+00
    2.24817112e-01 5.91382384e-01 -5.21708392e-02 1.61692393e+00
    -5.09732485e-01 8.34461689e-01 1.40899456e+00 1.20913696e+00
    -1.30598560e-01 2.81517729e-02 2.92756200e-01 5.83148122e-01
    3.95441830e-01 1.54003131e+00 5.57022810e-01 1.91363886e-01
    5.49115956e-01 1.67096806e+00 8.63451004e-01 -9.46155041e-02
    1.62862480e+00 9.51269209e-01 -3.35138701e-02 -9.72105414e-02
    1.45082879e+00 1.45743906e+00 6.72845304e-01 1.61980057e+00
    1.28563392e+00 1.64405739e+00 1.14395416e+00 1.27650774e+00
    -4.40501928e-01 -3.11285734e-01 1.46357799e+00 1.25655556e+00
    3.75678629e-01 5.71421683e-01 1.99970448e+00 2.49556708e+00
    -2.45505899e-01 1.32654810e+00 -1.62315995e-01 1.25433385e+00
    2.07964912e-01 1.63517499e+00 -6.96644068e-01 1.22929227e+00
    -6.46610618e-01 1.41267323e+00 4.47343856e-01 1.55830348e+00
    -5.81709504e-01 1.14554977e+00 -5.19634962e-01 1.38531792e+00
    6.43171847e-01 8.45800519e-01 9.80126381e-01 -7.91431487e-01
    1.50441754e+00 9.38895285e-01 -5.91508985e-01 1.18105221e+00
    1.66893041e+00 -2.97034860e-01 -4.42655146e-01 1.49946642e+00
    1.53028238e+00 9.33535457e-01 1.74946880e+00 -7.63693988e-01
    1.35005927e+00 -6.68960094e-01 -1.97296605e-01 1.63525295e+00
    5.80777347e-01 8.86714339e-01 -4.83477950e-01 1.80950868e+00
    -2.27785539e-02 -4.58800822e-01 1.91690460e-01 -8.09823036e-01
    5.87324381e-01 6.07045054e-01 8.16594779e-01 3.83865178e-01
    -1.57714695e-01 7.79495478e-01 4.69479173e-01 1.50257289e+00
    2.95266181e-01 1.64822507e+00 -5.51622987e-01 -6.83685601e-01
    -4.27126467e-01 1.44264162e+00 1.74202156e+00 1.80543232e+00
    -6.24615371e-01 -4.91914183e-01 -3.98152590e-01 1.92972958e-01
    5.16161859e-01 3.97871017e-01 -8.17672968e-01 1.33848798e+00
    1.27779830e+00 4.27118242e-01 1.38425100e+00 -7.31292546e-01
    9.40572619e-01 1.15850186e+00 -7.38514781e-01 -6.31124556e-01
    5.61939657e-01 1.72509253e+00 7.84484267e-01 -7.37334251e-01
    -4.86159235e-01 5.05965769e-01 -1.65054947e-01 1.47468734e+00
    -5.81165373e-01 -4.54296023e-01 9.01210308e-01 1.77254367e+00
    2.17736587e-01 -5.54524899e-01 1.06254578e+00 2.19820645e-02
    -7.35047460e-01 2.78401494e-01 -6.13799334e-01 -1.09984100e-01
    7.33203739e-02 1.62695408e+00 -4.40688908e-01 1.12505399e-01
    3.50391448e-01 1.11517644e+00 2.74297297e-01 -5.34671992e-02
    -6.24376237e-01 -6.84981287e-01 1.60690439e+00 1.70628428e-01
    4.40297544e-01 1.22339773e+00 1.17037010e+00 -3.31940129e-02
    -1.79176182e-02 -5.18030152e-02 1.43560445e+00 -5.72170138e-01
    6.19041324e-01 1.22086656e+00 7.30925500e-01 1.27778149e+00
    1.18350756e+00 8.25821996e-01 9.34439003e-01 1.39947534e+00
    4.57525730e-01 -1.86000541e-02 1.71577287e+00 1.00513005e+00
    1.80370986e+00 7.34415412e-01 2.16491967e-02 7.37910330e-01
    3.75200868e-01 1.02710700e+00 -2.25575075e-01 5.23493052e-01
    1.62905121e+00 2.16750562e-01 9.46399271e-01 -8.88956636e-02
    1.73487103e+00 3.99969697e-01 -2.22022489e-01 7.96011090e-01
    2.23553225e-01 4.75306302e-01 -3.39915156e-01 1.61549437e+00
    -5.92930801e-02 3.75679821e-01 9.31777358e-02 1.18014348e+00
    -5.84625043e-02 1.08071411e+00 5.08519411e-01 1.34023264e-01
    1.33031034e+00 1.29804432e+00 3.94322574e-01 8.92370760e-01
    5.56290865e-01 1.73874390e+00 1.27929246e+00 -8.27891111e-01
    3.20461333e-01 -2.62201160e-01 1.28138828e+00 3.10658455e-01
    8.50683928e-01 1.05878389e+00 -7.27470577e-01 7.77098954e-01
    5.60954139e-02 1.00265849e+00 1.49130154e+00 6.02871478e-01
    8.11318815e-01 9.48435307e-01 2.30006114e-01 1.31067622e+00
    -5.11660159e-01 -4.30424601e-01 3.98394793e-01 5.31653762e-01
    4.83654141e-01 -3.95020902e-01 1.11901656e-01 -7.71234691e-01
    -6.54020190e-01 -7.13186562e-01 6.99045584e-02 -5.53581834e-01
    1.11163282e+00 1.63438618e+00 1.18582420e-01 5.53540885e-01
    1.72684443e+00 2.67853826e-01 -3.44853848e-01 -7.25928605e-01
    1.78687894e+00 -1.62983745e-01 5.12381554e-01 7.35959530e-01
    1.28200805e+00 1.57802582e-01 -4.29884613e-01 4.26202774e-01
    -2.84012891e-02 -8.35809708e-01 1.51995695e+00 8.82269681e-01
    1.19610906e+00 5.83168268e-01 1.23610330e+00 -6.92026496e-01
    1.26540124e-01 2.23035924e-02 1.36879468e+00 1.46789575e+00
    3.70750517e-01 1.39286363e+00 1.09370744e+00 -8.46262097e-01
    1.46095538e+00 -6.09908104e-01 1.35980999e+00 5.48605561e-01
    3.42836618e-01 1.18522012e+00 2.17910290e-01 2.08582752e-03
    -4.60542113e-01 1.20073259e+00 1.36964798e+00 3.02838296e-01
    7.00804830e-01 7.10367560e-01 1.48754454e+00 -1.69753820e-01
    -6.36308610e-01 -1.16068467e-01 -6.66935086e-01 7.21150756e-01
    7.27547586e-01 1.52103651e+00 3.60228807e-01 1.54013228e+00
    7.79448092e-01 -3.97175372e-01 1.47063136e+00 -6.69749200e-01
    -3.88781726e-01 1.08418000e+00 5.57972491e-01 1.11663771e+00
    6.66022837e-01 3.54462624e-01 9.26243782e-01 1.88429189e+00
    2.40789205e-01 -6.00326896e-01 6.93739414e-01 -5.67883253e-01
    8.44651639e-01 4.56761062e-01 1.19361961e+00 -3.68093669e-01
    -5.99496663e-01 -4.29926254e-02 1.23621297e+00 4.91129905e-02
    2.70800024e-01 2.89001435e-01 4.70058024e-01 1.21596348e+00
    -5.46560049e-01 2.02078775e-01 1.49959838e-02 -3.74923289e-01
    5.95472455e-01 1.77648723e+00 1.07608892e-01 8.28945160e-01
    -4.92818654e-01 9.77719367e-01 6.06886208e-01 1.61082935e+00
    8.43291461e-01 8.34000230e-01 1.55323195e+00 -4.21269909e-02
    3.90127450e-01 -4.17902410e-01 1.47394732e-01 3.07110786e-01
    -1.72352582e-01 -3.66628319e-01 1.07135034e+00 8.43022168e-01
    -3.65622848e-01 -3.09076905e-01 1.01509559e+00 1.86660373e+00
    -2.90477753e-01 3.80789012e-01 8.87344062e-01 8.22605938e-02
    -6.52322054e-01 3.11323732e-01 1.67676508e+00 1.21786368e+00
    3.18905979e-01 -2.41863638e-01 1.29650414e+00 -2.65244782e-01
    -2.97673166e-01 -1.66320831e-01 9.41913575e-03 1.15329646e-01
    -6.30918384e-01 9.38412666e-01 -9.36908722e-02 1.43230796e+00
    1.32031846e+00 4.79950368e-01 9.94592309e-01 5.01548469e-01
    5.79304338e-01 1.29582560e+00 1.38284266e+00 2.23540410e-01
    -5.47350943e-01 9.20649827e-01 6.75513208e-01 -6.06668711e-01
    5.43038189e-01 1.58607101e+00 -7.78074622e-01 4.15288419e-01
    -3.60419154e-01 9.48890805e-01 4.82337713e-01 1.61672449e+00
    -5.99919073e-02 2.70370454e-01 3.87583792e-01 6.02995828e-02
    -1.60818756e-01 1.51688266e+00 2.76040405e-01 1.20629525e+00
    -4.91074592e-01 8.44592899e-02 1.37528181e+00 3.82300854e-01
    1.49128067e+00 1.15733600e+00 5.23284554e-01 -2.65147597e-01
    1.35650039e+00 1.50308883e+00 1.34002399e+00 -7.26110756e-01
    1.37559652e+00 -2.26643592e-01 -2.52298623e-01 2.35793635e-01
    -8.05785954e-01 1.02432024e+00 4.85247612e-01 -5.27455389e-01
    4.56608146e-01 4.84331727e-01 8.72381747e-01 3.45843226e-01
    3.17045867e-01 5.27102411e-01 -1.37971207e-01 2.90808827e-01
    -1.10938855e-01 1.98042318e-01 4.84420061e-01 1.34241581e+00
    6.67519689e-01 2.77478807e-02 4.72745687e-01 -2.09135786e-01
    8.61022234e-01 1.41438746e+00 5.42742252e-01 1.61114919e+00
    1.68372524e+00 -2.42410347e-01 8.37123930e-01 2.82393456e-01
    1.26204526e+00 2.19489634e-01 1.13334012e+00 3.50244679e-02
    7.87004903e-02 1.79431915e-01 -7.84265935e-01 -6.58551395e-01
    6.61340117e-01 -4.49737966e-01 6.01140141e-01 2.97688078e-02
    -2.11289838e-01 1.24037623e+00 1.11648166e+00 -3.37655753e-01
    5.25599897e-01 7.17788935e-01 1.25557292e+00 -6.22678697e-02
    -3.89721274e-01 5.04742861e-01 8.24040234e-01 2.11756811e-01
    -8.98824811e-01 3.58126581e-01 5.57353914e-01 7.47469246e-01
    1.52962184e+00 1.09320617e+00 4.36327934e-01 -1.60313249e-01
    8.41856480e-01 1.07976425e+00 5.42378306e-01 -2.89075106e-01
    5.72756946e-01 1.32808220e+00 1.51548672e+00 1.84481010e-01
    1.50364113e+00 -6.43926680e-01 -7.83599496e-01 -2.67566383e-01
    1.48163295e+00 -2.37569600e-01 1.20383203e+00 4.04641151e-01
    1.32566953e+00 3.76549274e-01 -4.99446720e-01 1.37453461e+00
    -3.80712450e-01 -6.73119009e-01 7.09711015e-01 1.57083488e+00
    1.79749227e+00 -7.18210757e-01 -5.81712842e-01 1.04852033e+00
    -3.13930035e-01 8.35790932e-01 1.80914164e+00 1.19708347e+00
    9.75813031e-01 1.28286481e-01 3.61698419e-01 7.66219318e-01
    3.37579876e-01 8.14636946e-01 4.03169751e-01 4.84236687e-01
    -5.55778027e-01 -7.54762530e-01 -6.51914924e-02 -5.35145879e-01
    1.14756334e+00 -6.94970429e-01 2.13066950e-01 -6.30801082e-01
    -7.99406350e-01 8.85925531e-01 2.33767018e-01 8.57016146e-01
    1.50571966e+00 3.52294743e-02 8.06169629e-01 -9.74233225e-02
    1.72365606e+00 4.77850914e-01 8.43505085e-01 1.67558706e+00
    -6.00439966e-01 -3.50978166e-01 1.71069217e+00 9.08361375e-01
    1.52870345e+00 1.29767239e+00 1.23676252e+00 -3.65891755e-01
    -5.15970469e-01 6.59916162e-01 1.04115474e+00 -7.68718541e-01
    4.04979765e-01 1.71539378e+00 1.13741684e+00 9.38186944e-01
    -5.28142512e-01 -8.63614500e-01 1.48537540e+00 1.78162801e+00
    4.47155416e-01 2.02057433e+00 1.20092535e+00 1.55108404e+00
    1.81524134e+00 7.60477662e-01 2.67293528e-02 -6.13472521e-01
    5.73183656e-01 1.58850944e+00 6.31918311e-02 9.02717412e-01
    -3.65388021e-02 2.06686392e-01 -1.71861157e-01 1.76367188e+00
    1.53927279e+00 3.83387059e-02 1.77387094e+00 -2.48912826e-01
    -7.65512884e-01 -5.99554516e-02 4.82384115e-01 1.16048515e+00
    -3.61841232e-01 1.37060606e+00 1.53250384e+00 9.39563513e-01
    1.17218709e+00 4.38748688e-01 -3.37594360e-01 -6.78672671e-01
    7.64820218e-01 1.54039311e+00 -7.20104873e-01 -8.03655207e-01
    -4.17907238e-01 -2.62066007e-01 7.68789425e-02 1.45626378e+00
    -1.88430846e-01 -5.88307390e-03 1.25941658e+00 -7.52554953e-01
    1.32300580e+00 -8.00411165e-01 1.04946800e-01 1.28016996e+00
    -3.23377281e-01 1.13023472e+00 1.00809646e+00 6.90957844e-01
    1.18439406e-01 -4.78521019e-01 -6.71191394e-01 4.04755414e-01
    -3.51067245e-01 2.50839323e-01 -2.57516176e-01 -5.86984932e-01
    9.18639958e-01 1.10952115e+00 1.45751581e-01 6.68346405e-01
    -5.76867521e-01 9.55898166e-01 1.51940227e+00 -2.18144521e-01
    1.33358204e+00 5.12792349e-01 -5.88055611e-01 1.27197874e+00
    1.51288986e+00 1.19893825e+00 -2.14957803e-01 1.06479120e+00
    -4.05923992e-01 1.52419806e-01 9.78211284e-01 1.67732447e-01
    -2.58556916e-04 6.45405412e-01 -2.92651266e-01 4.20807227e-02
    1.09943378e+00 1.09731638e+00 1.03844807e-01 1.19418168e+00
    -4.43382189e-02 -5.11861086e-01 1.73143864e+00 1.08977783e+00
    -2.12612767e-02 -5.56884289e-01 -6.62308216e-01 -1.61377013e-01
    3.79678220e-01 7.20390618e-01 1.21273649e+00 9.30968642e-01
    9.72747743e-01 7.47503877e-01 1.63450047e-01 -8.04694593e-02
    3.63248214e-02 -6.65830970e-02 -1.97094962e-01 1.04935443e+00
    4.44743842e-01 5.66828549e-01 4.68576014e-01 -3.07267368e-01
    -4.23285097e-01 9.86133814e-01 8.22452247e-01 -7.54025757e-01
    1.16848075e+00 1.60485387e+00 5.35816967e-01 -5.26117444e-01
    9.03660834e-01 1.09266102e+00 1.24221899e-01 1.03747344e+00
    9.02571023e-01 1.66097176e+00 -5.08410156e-01 6.71940506e-01
    -1.89561516e-01 1.54273748e+00 1.06112957e+00 1.39274120e+00
    8.35625052e-01 -2.67966300e-01 6.17045760e-01 -6.48346424e-01
    1.10210562e+00 1.77958965e+00 -3.04273874e-01 -6.81748509e-01
    -5.66642284e-01 1.01560450e+00 1.30871403e+00 -4.47713643e-01
    1.46596384e+00 3.63886565e-01 -8.06247473e-01 5.87075889e-01
    1.71129048e+00 1.43357539e+00 2.86048353e-01 -1.65494978e-02
    -7.50093699e-01 -8.02385509e-01 4.45339680e-01 -3.06869626e-01
    7.64853477e-01 1.30445361e+00 6.69928849e-01 1.40594387e+00
    1.47230995e+00 1.54469347e+00 1.13304067e+00 -2.41023839e-01
    7.03373134e-01 1.21516657e+00 -5.43095171e-02 5.83010793e-01
    1.35135698e+00 5.30764341e-01 1.44717187e-01 6.00983500e-01
    -4.83023375e-01 1.97465628e-01 1.77065289e+00 8.71434927e-01
    -8.28331113e-01 5.40258527e-01 -8.04830968e-01 2.97370017e-01
    1.44632494e+00 1.27286172e+00 7.11284161e-01 -6.35161281e-01
    1.09670806e+00 1.49062824e+00 9.33010042e-01 -5.49108803e-01
    -5.23697138e-01 1.64360142e+00 1.05203938e+00 -4.71714884e-01
    9.99063611e-01 -1.21454105e-01 1.21315396e+00 1.15901554e+00
    -6.87333643e-01 1.19496334e+00 1.07927322e+00 1.09825790e+00
    1.53088439e+00 1.38330722e+00 -2.28537962e-01 -3.76672119e-01
    5.05652010e-01 1.06944704e+00 9.83403206e-01 -7.30239153e-01
    -3.28080773e-01 -5.09464681e-01 1.09692621e+00 -3.55416119e-01
    1.57632291e+00 1.71392965e+00 1.77768099e+00 1.70749128e+00
    2.24721730e-02 -6.49584949e-01 3.29242259e-01 -6.33157611e-01
    -5.43512642e-01 7.63549984e-01 1.19916761e+00 -2.49706760e-01
    1.16263723e+00 4.11195010e-02 3.60434234e-01 3.06805879e-01
    7.06136346e-01 -5.41049719e-01 -5.48378229e-01 -8.16012621e-01
    5.17078698e-01 4.66575682e-01 -4.12499905e-01 1.52716649e+00
    1.51382959e+00 4.75421607e-01 -5.04538178e-01 3.51483934e-02
    1.13560259e+00 9.32348818e-02 3.95866752e-01 1.44257379e+00
    -8.21035281e-02 -8.36535871e-01 4.21864837e-01 -5.09558499e-01
    1.05937421e+00 6.57842636e-01 1.47139931e+00 1.21778286e+00
    3.87565166e-01 -1.76162288e-01 -8.73040676e-01 -1.00733437e-01
    3.76466542e-01 -5.80551863e-01 -1.08093336e-01 1.52109158e+00
    -2.45128185e-01 1.00286269e+00 1.61280572e+00 -4.03525829e-02
    -6.82322264e-01 -5.81248999e-01 1.69174421e+00 -7.12587237e-01
    -7.07432866e-01 1.15836656e+00 9.02723372e-01 4.56185639e-01
    -2.96566397e-01 -4.41143841e-01 3.48414958e-01 2.15116695e-01
    3.43792081e-01 1.70010507e+00 1.46695876e+00 6.95260823e-01
    1.81632087e-01 1.44045019e+00 -4.43095773e-01 1.09064209e+00
    1.73306668e+00 2.83917725e-01 6.85370207e-01 -6.20461345e-01
    1.15179992e+00 -5.36849976e-01 1.98702931e-01 6.59505367e-01
    -4.19174016e-01 1.78720486e+00 -4.67126638e-01 -7.61575162e-01
    1.49619436e+00 1.38256121e+00 3.04399431e-01 1.15033805e+00
    1.47409093e+00 1.77654397e+00 1.43030250e+00 6.58524334e-01
    -2.37203076e-01 1.16809058e+00 -2.01345205e-01 -3.88934940e-01
    9.91994917e-01 1.81011498e+00 1.88442230e+00 1.50634438e-01
    -3.35860401e-01 1.84271049e+00 1.33184612e+00 9.88002956e-01
    6.55547559e-01 1.44582117e+00 -6.92458391e-01 -7.45161116e-01
    1.16284981e-01 -4.80953842e-01 1.52041793e+00 1.07285249e+00
    4.19398189e-01 1.75117338e+00 1.51553726e+00 9.98676360e-01
    1.02190769e+00 1.57297003e+00 1.45945978e+00 1.68622684e+00
    -7.29579628e-01 1.11406338e+00 9.70936835e-01 1.51422846e+00
    2.53715694e-01 1.73188221e+00 6.11430764e-01 1.62406683e+00
    9.89127159e-01 -2.11159423e-01 -3.08996737e-02 3.49530101e-01
    1.49940503e+00 1.23917699e+00 7.85663605e-01 1.57046750e-01
    -5.37160456e-01 -2.34752577e-02 1.39160252e+00 -3.36572856e-01
    9.09982681e-01 1.36603928e+00 9.95917618e-01 -7.43806541e-01
    3.08422983e-01 1.29411972e+00 -4.61087555e-01 1.47673392e+00
    3.80148262e-01 2.02525184e-01 1.43762541e+00 -8.60289931e-01
    -5.88650584e-01 1.08640933e+00 5.88126957e-01 1.65045512e+00
    1.64229131e+00 1.43771756e+00 9.00536835e-01 3.90863866e-01
    9.93896961e-01 -1.98950559e-01 1.74824037e-02 1.28958428e+00
    1.43989670e+00 2.57100374e-01 3.58316898e-01 1.33049941e+00
    1.74648762e+00 2.95049340e-01 1.13925135e+00 -2.69181609e-01
    1.97894927e-02 1.54850912e+00 -7.04646781e-02 1.73120940e+00
    -7.77459681e-01 -3.90952617e-01 6.02324963e-01 -4.44902539e-01
    -5.74392855e-01 1.19560301e+00 1.25678742e+00 1.37776339e+00
    1.71210217e+00 9.86737758e-03 -7.10748494e-01 -4.68841672e-01
    2.78503656e-01 1.72504067e+00 2.23329842e-01 2.51652986e-01
    1.41960001e+00 2.51872241e-01 1.30773365e+00 -7.99277008e-01
    -2.52440244e-01 1.80342758e+00 8.11991215e-01 1.58178878e+00
    -2.83270329e-01 -6.60668910e-02 1.57913220e+00 7.79284537e-02
    1.23176479e+00 6.43292964e-01 1.45156816e-01 -2.38189757e-01
    1.26675975e+00 1.23549056e+00 8.65185082e-01 1.08166993e+00
    1.01879573e+00 1.66267729e+00 1.47242725e+00 1.60161030e+00
    1.44187152e+00 9.81395423e-01 1.45382619e+00 -5.30607939e-01
    -6.33185804e-01 1.70408690e+00 7.26836324e-01 5.71177304e-01
    4.06732053e-01 -9.00184572e-01 -7.24551380e-02 2.37935171e-01
    1.07630241e+00 -1.26896590e-01 4.38086897e-01 -2.09238250e-02
    1.61687505e+00 -2.84810126e-01 -2.30645731e-01 1.49782872e+00
    1.50711393e+00 3.35590720e-01 1.51823485e+00 8.00589085e-01
    1.30874610e+00 1.05491555e+00 1.74568033e+00 -8.04582238e-01
    1.04161449e-01 1.13792467e+00 -7.14663148e-01 1.69179785e+00
    7.45716870e-01 -1.58192098e-01 4.39432144e-01 9.38239872e-01
    -6.83279037e-01 9.35237229e-01 1.57199872e+00 4.80144143e-01
    -3.94815505e-01 -4.84059334e-01 1.00486897e-01 6.98503077e-01
    3.10232669e-01 -6.29184127e-01 2.24546313e-01 1.28637648e+00
    -4.91206527e-01 1.55353236e+00 1.26227176e+00 1.20463204e+00
    -1.82770342e-01 4.89160925e-01 -5.66920877e-01 5.81745267e-01
    1.44799018e+00 5.35472810e-01 1.32589889e+00 9.95810628e-01
    1.20747721e+00 -2.71763979e-03 9.73840356e-01 1.45575511e+00
    8.56905818e-01 1.27441204e+00 2.44670987e-01 9.00228858e-01
    1.02131307e+00 1.22656085e-01 9.31058288e-01 1.70244598e+00
    -8.48907113e-01 5.52576482e-01 1.41270649e+00 -2.56266356e-01
    1.29946068e-01 6.01379752e-01 1.37487268e+00 1.55593097e+00
    1.68663275e+00 1.33321631e+00 1.13692212e+00 -3.96080434e-01
    -7.13844657e-01 7.10598588e-01 1.20920324e+00 2.35976195e+00
    1.31348968e+00 2.89678842e-01 1.65559351e+00 -2.94150203e-01
    4.95275736e-01 1.59431422e+00 1.76068103e+00 1.48509014e+00
    -3.26050252e-01 2.04972118e-01 -2.52140164e-01 -6.91398263e-01
    2.99879134e-01 -1.59229159e-01 6.04555190e-01 -1.44879729e-01
    -7.75033653e-01 -4.56224442e-01 1.69421351e+00 -5.93767822e-01
    4.19146806e-01 1.36915791e+00 1.67738116e+00 -2.18847662e-01
    -4.63183522e-01 1.01654220e+00 1.45253253e+00 1.29802585e+00
    1.27299893e+00 5.27902097e-02 5.09845436e-01 -3.04928958e-01
    -4.92279112e-01 1.73806095e+00 1.84347010e+00 -1.91718400e-01
    6.41268790e-01 -1.25497684e-01 1.13253641e+00 1.54505360e+00
    1.83050430e+00 -3.39771062e-01 1.29528952e+00 1.19558263e+00
    3.52440089e-01 1.55753827e+00 -6.39392674e-01 6.26592278e-01
    1.80047977e+00 -4.52069938e-01 8.55780840e-01 1.13909423e+00
    1.34549558e-01 7.50921369e-01 -3.79686832e-01 1.49989438e+00
    4.94153023e-01 6.63509667e-01 6.34171546e-01 1.32534873e+00
    4.15304989e-01 1.21178925e+00 9.21642363e-01 3.94929200e-01
    9.36554611e-01 1.62618518e+00 3.75315964e-01 9.68282461e-01
    3.95231754e-01 1.57666779e+00 -3.23202461e-01 -4.11296606e-01
    7.53456771e-01 -5.07837415e-01 1.18029761e+00 7.38173187e-01
    4.22562301e-01 1.15486324e+00 1.34954536e+00 1.02905011e+00
    1.18402505e+00 -7.81147838e-01 -7.42559671e-01 1.48005903e+00
    1.33210242e+00 1.53751090e-01 -1.31988510e-01 7.88091540e-01
    1.21474123e+00 1.68519700e+00 8.37969065e-01 -4.34037238e-01
    1.04125679e+00 1.46434510e+00 -4.78946060e-01 1.42601103e-01
    1.32952499e+00 -9.16571990e-02 5.65118849e-01 9.82885599e-01
    1.22392893e+00 1.42522484e-01 1.76922417e+00 1.49145234e+00
    -1.52236328e-01 1.60877681e+00 1.73731342e-01 1.03431687e-01
    7.69459486e-01 5.48047304e-01 -5.92740834e-01 4.04067546e-01
    1.40360072e-01 5.90309024e-01 3.05661708e-01 5.42875707e-01
    -6.82938620e-02 -1.36414096e-01 2.97812611e-01 2.42879435e-01
    3.96226853e-01 8.13222229e-01 7.58275688e-01 -4.92212236e-01
    1.08949602e+00 5.59795499e-01 1.25410843e+00 1.33068395e+00
    7.01463938e-01 -4.34738904e-01 4.21529502e-01 3.67033005e-01
    1.29501438e+00 5.15769601e-01 -4.83703278e-02 1.70808506e+00
    -5.22679329e-01 1.18508112e+00 -6.91662610e-01 8.57770264e-01
    1.68183938e-01 1.43337393e+00 7.43420243e-01 6.06187940e-01
    1.42460048e+00 1.41256499e+00 1.73408830e+00 1.39030874e+00
    -4.92083967e-01 -6.32280707e-01 1.75286496e+00 -7.24857330e-01
    1.07758641e+00 1.10778475e+00 -5.85668087e-01 1.42112172e+00
    -1.98036253e-01 1.68609464e+00 5.19982338e-01 -8.18459375e-04
    8.67397606e-01 -7.41632164e-01 7.56740212e-01 -4.67122883e-01
    -8.99985909e-01 4.18162495e-01 1.48012137e+00 1.46633756e+00
    -4.99108620e-02 1.50715411e+00 -8.30687642e-01 1.57340229e+00
    -5.15560091e-01 1.11260009e+00 1.54822028e+00 1.25182199e+00
    4.68205690e-01 9.84261751e-01 -7.31337726e-01 8.45167100e-01
    -5.45907915e-01 9.32788849e-01 1.06052101e+00 1.43881842e-01
    -5.37802689e-02 1.37353706e+00 -6.38095886e-02 1.03614140e+00
    -2.97839850e-01 1.30369139e+00 -5.13546169e-01 1.55002797e+00
    7.71828473e-01 1.39346287e-01 1.63759744e+00 7.55405068e-01
    -7.09605038e-01 -8.69794846e-01 5.07974565e-01 1.52887714e+00
    -1.51841208e-01 2.18001250e-02 9.12880540e-01 -2.38019541e-01
    -3.87082040e-01 1.45388162e+00 9.56876040e-01 -2.58525908e-01
    -6.13821782e-02 1.26950991e+00 1.15857504e-01 1.23209465e+00
    9.51191008e-01 4.93397564e-01 5.84215403e-01 1.37771451e+00
    1.60584056e+00 1.48819566e+00 6.44289076e-01 5.00877738e-01
    1.47689298e-01 8.98575366e-01 9.65183973e-01 1.20416927e+00
    7.41496801e-01 7.53140926e-01 8.09853256e-01 1.42653906e+00
    8.19683015e-01 4.06473637e-01 -8.49375188e-01 1.09165657e+00
    3.31887156e-01 1.14516091e+00 3.97788137e-01 8.96271944e-01
    4.88204002e-01 1.18563402e+00 6.56262636e-01 1.49115658e+00
    1.56139064e+00 2.13078380e-01 1.24303782e+00 5.71742654e-01
    -2.48899564e-01 1.06750286e+00 1.27480137e+00 1.10437691e+00
    3.69091988e-01 8.90932500e-01 1.31104553e+00 8.39137211e-02
    3.94764334e-01 -5.83458662e-01 -2.06979528e-01 7.28742898e-01
    -1.95208549e-01 5.70007384e-01 -5.37765980e-01 -2.76108414e-01
    4.21453506e-01 1.44701242e+00 9.75536942e-01 -4.44890320e-01
    -5.87647557e-01 -3.39607149e-01 1.24836087e+00 -3.96468937e-01
    1.70704651e+00 1.49739134e+00 1.33272851e+00 8.75427961e-01
    4.99255478e-01 4.75689977e-01 9.22318280e-01 7.73080513e-02
    9.28276554e-02 -1.13325678e-01 -1.10989943e-01 -6.98022842e-01
    -9.58542600e-02 8.97715688e-01 9.84445512e-01 -4.84495550e-01
    -7.47042179e-01 1.01696861e+00 8.31931531e-01 7.67218649e-01
    1.71274865e+00 2.68079460e-01 1.06924430e-01 1.82100987e+00
    -1.73065543e-01 2.37824935e-02 2.58841217e-01 7.37403750e-01
    1.00632083e+00 -1.75610498e-01 1.73806071e+00 1.43459880e+00
    -3.44113857e-01 1.57843614e+00 -4.65540737e-01 -5.10493934e-01
    4.24921066e-01 1.89076290e-02 -4.51166183e-01 -6.25972569e-01
    9.03340220e-01 5.62103570e-01 1.40571558e+00 1.57962203e+00
    -5.83334923e-01 -3.37702066e-01 1.78310299e+00 -8.70196044e-01
    1.27495074e+00 -3.21344674e-01 -5.89745879e-01 7.46994466e-02
    5.48305869e-01 -6.97904110e-01 -7.30223119e-01 1.37418890e+00
    -1.53193578e-01 2.79514462e-01 2.13521153e-01 9.38348591e-01
    5.60240149e-01 -5.83627939e-01 1.74889535e-01 1.60359335e+00
    3.37865204e-01 -8.71016562e-01 -4.59432840e-01 1.34560347e+00
    9.11947787e-01 -1.37759089e-01 -2.42463872e-01 1.03328001e+00
    -3.20162714e-01 1.26813269e+00 -3.79864305e-01 -5.37753522e-01
    1.72494566e+00 8.03785741e-01 3.22277009e-01 1.48386300e+00
    9.24164176e-01 8.29947174e-01 1.71136689e+00 1.30015159e+00
    1.51564598e+00 -7.20195174e-01 1.41796440e-01 1.38130355e+00
    1.24741316e+00 8.54339674e-02 7.21484303e-01 1.02240551e+00
    -5.47396481e-01 1.17993581e+00 3.74403566e-01 1.78773808e+00
    8.29143584e-01 7.64674723e-01 1.62877524e+00 -3.78921896e-01
    1.27867138e+00 2.15751454e-01 -1.25860661e-01 1.63653588e+00
    -5.82397461e-01 7.47002304e-01 -6.59757733e-01 3.57696712e-01
    1.37963682e-01 1.29803097e+00 1.05722392e+00 -7.59194791e-01
    -4.48158383e-01 1.50568724e+00 7.37852216e-01 3.18006873e-02
    1.64674187e+00 9.33003306e-01 1.69820154e+00 -2.33962119e-01
    3.32977384e-01 1.28325105e+00 1.05198526e+00 5.29731810e-01
    4.09399331e-01 8.72136474e-01 7.54537404e-01 -4.50824231e-01
    1.50350183e-01 8.11321080e-01 -4.27899301e-01 -8.56628835e-01
    1.29407262e-02 9.31284666e-01 1.51512182e+00 1.56933928e+00
    9.91906524e-01 1.41551518e+00 1.12042201e+00 -8.50507140e-01
    -5.10087013e-01 -5.54472089e-01 1.49277210e+00 8.14857721e-01
    -1.08145013e-01 -1.86547801e-01 8.20868790e-01 1.62641478e+00
    1.17141151e+00 1.24478388e+00 2.52681971e-02 9.54126239e-01
    2.54013181e-01 -3.04090884e-02 -1.14523746e-01 8.95285904e-01
    1.24108088e+00 -8.51527929e-01 1.77679515e+00 -5.53673089e-01
    -3.02583069e-01 1.02183616e+00 1.29477692e+00 6.24093413e-01
    -2.08799362e-01 1.65384042e+00 -1.28624653e-02 8.62770140e-01
    -7.76644111e-01 7.73995280e-01 3.17092419e-01 7.59762704e-01
    1.23804426e+00 9.20270085e-01 3.31927501e-02 4.14156437e-01
    5.32318532e-01 3.93104285e-01 1.27167261e+00 -2.66868472e-01
    1.17625344e+00 1.68888733e-01 3.25904965e-01 1.28717947e+00
    1.41759837e+00 3.32890600e-01 1.36659002e+00 -1.10854648e-01
    3.77787083e-01 1.43643236e+00 2.07697511e-01 9.98109043e-01
    -6.81121111e-01 1.18724751e+00 -4.46479946e-01 -7.80574501e-01
    7.40481675e-01 1.76558268e+00 1.76346147e+00 4.57935959e-01
    -8.57493997e-01 1.35204589e+00 -5.78423977e-01 3.47331911e-01
    1.48870289e+00 -4.27934259e-01 -6.45585477e-01 9.27799344e-01
    2.59569198e-01 5.92732966e-01 3.02382231e-01 1.53118849e+00
    -8.27572346e-01 1.19142115e+00 9.34536457e-01 1.41019094e+00
    -5.14306188e-01 2.13612124e-01 1.36819935e+00 5.94031274e-01
    -3.85685593e-01 1.74796700e+00 3.79152328e-01 1.44671786e+00
    1.49023724e+00 -4.89843369e-01 1.08454084e+00 -7.25295067e-01
    -6.75638579e-03 1.38741577e+00 1.00923824e+00 -8.22135866e-01
    -1.29383877e-01 1.53396797e+00 1.37576294e+00 -3.70754123e-01
    1.07848935e-01 9.66642439e-01 5.06535351e-01 1.21154130e+00
    4.31552112e-01 1.48540711e+00 1.47220111e+00 2.25082994e+00
    2.24449444e+00 -4.37467843e-01 1.02651119e+00 3.32813740e-01
    -7.99823646e-03 3.57424408e-01 1.12689149e+00 6.90043628e-01
    1.60310328e+00 1.72584736e+00 1.03284991e+00 -5.04937023e-02
    -2.58715123e-01 1.50786328e+00 1.34174383e+00 -7.56343424e-01
    1.19997656e+00 -4.96259749e-01 -4.13604528e-01 1.46973908e+00
    -3.27142030e-01 1.24172533e+00 1.58685827e+00 9.21569586e-01
    -2.47113004e-01 -6.80715919e-01 1.78726757e+00 1.20023286e+00
    1.75123736e-01 1.78076065e+00 -2.98725963e-01 1.04462719e+00
    1.20236170e+00 3.76937777e-01 1.12495124e+00 -2.47484088e-01
    1.43161225e+00 3.22407368e-03 -5.10304809e-01 3.54692250e-01
    7.82669723e-01 1.16965044e+00 1.25007436e-01 1.01633787e+00
    1.06488144e+00 8.53673637e-01 8.21144998e-01 1.43079948e+00
    1.51516271e+00 1.05435765e+00 6.92600727e-01 -7.82151297e-02
    -3.34632963e-01 2.53459543e-01 1.58771491e+00 3.30767006e-01
    1.54910278e+00 1.37054348e+00 1.96315899e-01 6.37081861e-01
    1.50401974e+00 -4.31087047e-01 -2.20980495e-01 1.48779440e+00
    2.95773715e-01 1.74763173e-01 1.40650856e+00 -3.45619887e-01
    1.20335770e+00 -7.79732823e-01 1.63866842e+00 1.13306117e+00
    1.44548213e+00 1.13567817e+00 1.72927821e+00 9.20362055e-01
    9.05629814e-01 2.77364731e-01 7.40646303e-01 1.48388222e-01
    1.56751692e+00 4.77719724e-01 1.21437825e-01 -8.20763588e-01
    1.71007037e+00 8.41077805e-01 9.07911003e-01 -7.46038795e-01
    -5.00569046e-01 2.46687420e-02 9.25830364e-01 -1.66341558e-01
    1.55207455e+00 5.62589288e-01 1.06259465e+00 -4.18180555e-01
    1.19352639e+00 6.69821084e-01 1.38397944e+00 1.31631756e+00
    -7.59288430e-01 -7.54391193e-01 1.09783757e+00 1.25589871e+00
    1.11423695e+00 6.39914811e-01 2.91199327e-01 1.41410887e+00
    -3.49846303e-01 8.21741343e-01 7.23995149e-01 5.00767887e-01
    1.11405206e+00 6.31139100e-01 1.97827101e-01 1.20015001e+00
    -2.63253450e-01 9.06843245e-01 1.31167281e+00 1.34667563e+00
    3.76466751e-01 8.79861593e-01 -5.26240468e-01 6.43920302e-01
    -6.36683464e-01 1.48580313e+00 -5.85514843e-01 -2.49266818e-01
    -6.94467247e-01 2.61982858e-01 2.68443704e-01 -3.35359275e-01
    -1.63828768e-02 1.64183152e+00 2.97230810e-01 1.01581824e+00
    -3.56821150e-01 1.59842539e+00 -8.10596704e-01 1.04683816e-01
    1.15581822e+00 1.38620138e+00 8.82928848e-01 -7.00614631e-01
    -3.23133826e-01 2.87590772e-01 -3.84627670e-01 3.86453032e-01
    2.96438754e-01 1.62152767e+00 5.53199239e-02 1.52732038e+00
    3.62843335e-01 6.61924362e-01 6.75158501e-01 -4.36276227e-01
    1.38302970e+00 2.88619757e-01 -4.30695534e-01 1.38387811e+00
    -3.13608676e-01 -2.24693850e-01 -1.83441952e-01 -6.15891457e-01
    1.65701258e+00 9.89485979e-01 -2.92009562e-01 7.95358896e-01
    -8.52036715e-01 1.14345491e+00 -3.00339699e-01 -3.14415365e-01
    8.55255067e-01 9.74597514e-01 -3.27686705e-02 1.72447836e+00
    -4.20209438e-01 8.44713032e-01 7.21161842e-01 1.53201962e+00
    1.34474897e+00 8.89152944e-01 9.16975260e-01 -5.24975359e-01
    -5.52189946e-02 1.58648276e+00 -1.45643905e-01 1.58952916e+00
    4.02323395e-01 9.12919104e-01 -4.10208046e-01 -1.55178338e-01
    1.40773952e+00 -5.01442552e-01 9.78377640e-01 8.36798668e-01
    1.59833205e+00 -1.36071548e-01 7.96276152e-01 2.02373058e-01
    4.05306488e-01 -4.70656514e-01 8.17722529e-02 4.33966070e-01
    8.50993991e-01 1.10622835e+00 1.16910505e+00 -2.27121457e-01
    -1.59960259e-02 1.71885490e+00 1.38161719e+00 4.40323710e-01
    6.30303919e-01 1.21799672e+00 9.52489197e-01 -4.10490245e-01
    7.52305865e-01 1.61965942e+00 -4.34996396e-01 1.32261348e+00
    2.42209323e-02 1.47059560e+00 1.56045592e+00 -1.98168412e-01
    9.77432609e-01 1.06394958e+00 9.24886167e-02 -5.87948263e-01
    -5.62949359e-01 7.33812988e-01 6.58525527e-01 1.35116053e+00
    8.88780177e-01 1.47342217e+00 -5.79599857e-01 -3.56285751e-01
    7.83766627e-01 9.38034177e-01 -6.55423582e-01 -6.44522846e-01
    1.54521608e+00 1.07700992e+00 -3.55810761e-01 8.72035921e-01
    3.24919194e-01 -1.29962474e-01 2.13032544e-01 5.85605092e-02
    -4.09109682e-01 1.49027002e+00 1.62592196e+00 1.28603414e-01
    4.19115007e-01 8.92388284e-01 2.05422306e+00 1.34242022e+00
    1.40497017e+00 3.43808323e-01 4.05515969e-01 5.78766227e-01
    7.62882471e-01 1.36056459e+00 -5.15485764e-01 1.05339122e+00
    1.45024216e+00 1.33117008e+00 4.77531970e-01 -2.76026040e-01
    5.36192000e-01 1.11925995e+00 1.18384220e-01 3.66196036e-01
    1.64778590e+00 5.46924472e-01 -2.31206883e-02 -7.60989070e-01
    6.12020075e-01 1.10866714e+00 9.60517406e-01 8.03564608e-01
    1.37700915e+00 -4.19175178e-01 1.25507510e+00 1.65658855e+00
    6.67765379e-01 4.07159567e-01 1.44217372e-01 7.35764503e-02
    1.31575036e+00 -5.19642889e-01 1.29134500e+00 1.27462518e+00
    4.97351408e-01 -2.69263119e-01 3.14989030e-01 1.06527627e+00
    -3.62964757e-02 -5.20383827e-02 1.25235200e+00 1.53095865e+00
    -4.00835156e-01 1.14006138e+00 -5.62516093e-01 1.19801176e+00
    -6.77933216e-01 -2.55258799e-01 -1.95921019e-01 -5.62863410e-01
    -3.87746319e-02 3.17217767e-01 1.29338086e+00 -6.59515619e-01
    1.73064482e+00 1.86388448e-01 6.18265450e-01 8.20459425e-01
    7.46255219e-01 3.66543531e-01 1.63422763e+00 1.51873767e+00
    -8.05638075e-01 1.33977664e+00 1.02142227e+00 6.72493339e-01
    3.63203526e-01 -5.95989168e-01 3.20581228e-01 -7.71006465e-01
    9.57334995e-01 2.59771496e-01 -7.06645072e-01 1.67072296e-01
    -8.81683946e-01 3.37111801e-01 1.54548693e+00 1.33535051e+00
    7.78234005e-01 1.43844318e+00 1.90830350e-01 -8.14752162e-01
    -2.62904346e-01 1.37923694e+00 -7.67255247e-01 1.57980561e+00
    1.10356927e+00 -5.91713011e-01 -2.57325619e-01 -4.46076423e-01
    1.49566162e+00 -5.60644448e-01 6.78013861e-01 9.70634043e-01
    1.58653200e+00 -3.40137362e-01 1.67642164e+00 -8.08528483e-01
    -8.85134161e-01 1.48320651e+00 9.24792290e-01 -6.25477552e-01
    8.54198515e-01 1.09065503e-01 7.18273163e-01 -1.38860062e-01
    8.27701092e-01 9.22295079e-02 -7.98020184e-01 -7.67592371e-01
    -7.23204136e-01 5.19750118e-01 1.38965595e+00 6.22802913e-01
    1.80527896e-01 1.61432040e+00 6.25809431e-01 1.36739835e-01
    -3.81621271e-01 1.70984292e+00 1.08630836e+00 1.50111830e+00
    2.90099680e-01 1.45307970e+00 -4.57625210e-01 8.22757900e-01
    1.27939534e+00 1.31623045e-01 2.23193951e-02 -1.17291301e-01
    -3.80254269e-01 -6.06465042e-01 2.42581397e-01 1.15598691e+00
    1.47676393e-01 1.08784027e-01 9.53764260e-01 -3.67419392e-01
    3.37902993e-01 -3.97604883e-01 -1.88332498e-01 -6.22940361e-01
    1.59144866e+00 -2.48544440e-01 9.02934492e-01 1.13505816e+00
    3.49253118e-01 -6.64098620e-01 1.18234134e+00 9.40661728e-01
    -1.19431451e-01 1.68001401e+00 9.04462755e-01 -6.09375000e-01
    1.45638454e+00 5.69599330e-01 -1.85405016e-01 -5.84197521e-01
    1.56360328e+00 -6.73256397e-01 -1.09976523e-01 4.09874409e-01
    1.65081084e+00 5.47435060e-02 1.71986496e+00 2.02461526e-01
    9.33850586e-01 2.45737299e-01 1.27074277e+00 8.87279689e-01
    6.75645292e-01 -4.84102458e-01 7.85683572e-01 9.87934947e-01
    -3.99142474e-01 1.16546655e+00 5.79428732e-01 2.84337014e-01
    1.37255406e+00 1.41033864e+00 -4.03292537e-01 5.28106689e-02
    1.31452274e+00 1.19260216e+00 6.91834152e-01 1.60624199e-02
    6.87174261e-01 1.41834545e+00 -5.25179088e-01 1.17396796e+00
    -7.58422494e-01 1.49842000e+00 1.50377238e+00 7.43621051e-01
    -5.02051353e-01 4.05834794e-01 -6.36128724e-01 6.79844618e-01
    9.92871344e-01 8.05234671e-01 -7.62939811e-01 1.42654061e+00
    6.51111484e-01 -1.53968617e-01 1.43145192e+00 1.55855274e+00
    1.06073153e+00 1.65093935e+00 5.37313521e-01 1.43172443e+00
    8.69173765e-01 -4.15384434e-02 1.26810801e+00 6.46370232e-01
    1.41222823e+00 1.65947676e+00 1.63898230e-01 5.47593236e-01
    8.28888789e-02 7.12952852e-01 -8.58905077e-01 1.56280607e-01
    3.78963470e-01 1.00504756e+00 1.51164806e+00 4.95475054e-01
    2.19193771e-01 7.54955485e-02 -9.14632738e-01 3.04207087e-01
    -5.23554802e-01 -3.28954518e-01 1.35349512e+00 -4.23500538e-01
    1.27533808e-01 -2.17572600e-01 8.98227319e-02 -2.79632837e-01
    -3.30982596e-01 1.54686797e+00 5.46986222e-01 1.35148048e+00
    1.75595239e-01 -3.89725327e-01 -4.26892973e-02 -7.84803748e-01
    1.29940593e+00 1.27232349e+00 -4.52089995e-01 -2.71704733e-01
    -6.44226313e-01 1.82160830e+00 2.11181808e+00 8.06243539e-01
    2.18739152e-01 -3.45456988e-01 1.41035056e+00 1.75398254e+00
    -4.34784949e-01 1.66001534e+00 9.22979236e-01 -1.12672513e-02
    7.43335962e-01 -5.12281060e-01 2.29352355e-01 6.93201184e-01
    1.46527338e+00 2.96567410e-01 1.56768692e+00 -7.74660230e-01
    -1.49087787e-01 9.12367880e-01 6.67229176e-01 1.04903543e+00
    1.74129808e+00 -6.92854077e-02 1.43329188e-01 1.30028677e+00
    -2.23748162e-01 -6.23521268e-01 1.65400267e+00 1.15842831e+00
    1.15185118e+00 -3.35193239e-02 6.77783266e-02 -8.23700905e-01
    7.85107672e-01 -4.15490657e-01 1.41027600e-01 -6.72032058e-01
    -8.17647517e-01 -1.97053239e-01 1.02632630e+00 6.25727117e-01
    -7.96676204e-02 3.00457254e-02 -2.48042539e-01 1.03717649e+00
    -6.27442241e-01 1.67843294e+00 2.00239499e-03 -7.76435852e-01
    1.43854737e+00 2.36580774e-01 1.27002883e+00 2.71634668e-01
    5.62747121e-01 4.21918124e-01 -9.49154869e-02 1.69762909e+00
    -5.12187183e-02 -1.99638650e-01 4.77213889e-01 8.07095528e-01
    7.60798931e-01 1.02512157e+00 8.02892506e-01 1.64410806e+00
    9.57489610e-01 -5.34203351e-01 1.47339210e-01 1.50393343e+00
    -1.22648790e-01 9.03667629e-01 1.37980044e+00 -8.47892046e-01
    -8.76146019e-01 -2.21195653e-01 5.89504361e-01 7.52608657e-01
    9.19834435e-01 -3.35750282e-01 2.13646740e-01 1.73832607e+00
    1.45442879e+00 6.91466182e-02 9.31389153e-01 1.70453060e+00
    5.56468785e-01 -3.22020829e-01 5.86332142e-01 1.42258179e+00
    -4.51370776e-01 1.06000340e+00 1.01444674e+00 6.17251098e-01
    1.66220510e+00 7.33927071e-01 1.21642578e+00 5.90041995e-01
    -4.62725013e-01 -5.05511230e-03 1.35409582e+00 1.06575765e-01
    1.29884982e+00 -2.57766247e-01 1.55764735e+00 2.28580207e-01
    5.20980954e-01 2.57411629e-01 1.08749151e-01 4.11961168e-01
    1.45852578e+00 1.61122119e+00 -5.97459495e-01 1.20183420e+00
    -1.63973197e-01 1.58088899e+00 -7.42186666e-01 1.00568902e+00
    1.39641929e+00 1.21598458e+00 3.57272089e-01 1.12546051e+00
    5.32761693e-01 -1.47732586e-01 2.22607717e-01 8.71168077e-01
    -2.93589890e-01 7.94220150e-01 1.38525295e+00 -3.40080023e-01
    1.58349323e+00 1.70863056e+00 7.10941792e-01 -1.40026420e-01
    1.52897727e+00 -4.96784776e-01 1.14488077e+00 6.23739660e-01
    -5.94920099e-01 3.89712118e-02 1.43752789e+00 1.35427773e+00
    1.42786360e+00 1.19868982e+00 1.14493918e+00 -3.76803488e-01
    -1.39802903e-01 -4.87477422e-01 1.70455182e+00 6.78588569e-01
    1.44546521e+00 -5.83920181e-01 1.43969870e+00 3.17876607e-01
    1.36750913e+00 -5.31884491e-01 1.36679804e+00 -3.23500246e-01
    4.04329449e-01 1.14042020e+00 -1.50214881e-01 -6.51341081e-01
    -8.74287903e-01 9.65685070e-01 8.93019557e-01 7.76539519e-02
    1.11759973e+00 1.53418338e+00 1.02760005e+00 2.06407636e-01
    1.17020476e+00 -1.85031876e-01 7.07045019e-01 -3.07247162e-01
    1.84832945e-01 1.57548892e+00 1.55949831e+00 3.82556133e-02
    1.66054562e-01 6.00118756e-01 8.62692952e-01 5.99443734e-01
    1.07709610e+00 -3.60800296e-01 1.70643437e+00 1.30476880e+00
    9.95259285e-01 6.50520205e-01 1.65061283e+00 -1.02150058e-02
    1.26646936e+00 -4.75537032e-01 1.05663121e+00 1.31961489e+00
    8.37843657e-01 1.71170366e+00 1.97151974e-01 7.43429780e-01
    1.69249582e+00 -6.66028559e-01 6.69501200e-02 1.85749507e+00
    8.49665403e-01 6.36260092e-01 1.10747647e+00 -7.36804843e-01
    3.12257499e-01 1.13003135e+00 -6.09783173e-01 7.92623833e-02
    3.33971918e-01 1.65171504e+00 1.22354436e+00 -1.94448262e-01
    -4.32410017e-02 4.17423815e-01 5.25660992e-01 9.56033528e-01
    1.23100328e+00 -6.69741631e-01 4.80177283e-01 6.85180604e-01
    2.66551971e-01 1.00628972e+00 1.34954751e+00 -9.11111534e-01
    1.33853364e+00 5.82503974e-01 1.63395905e+00 -3.09163928e-01
    1.43098009e+00 9.13386822e-01 1.53893781e+00 -6.30341098e-02
    1.85085952e-01 5.79672098e-01 -4.66807872e-01 9.10091758e-01
    5.91538072e-01 6.65063441e-01 3.39293957e-01 1.29204497e-01
    8.70749772e-01 1.68446362e+00 1.18346560e+00 9.95642468e-02
    -2.85606414e-01 1.11305439e+00 -5.49273491e-01 5.06486535e-01
    -3.25598359e-01 2.84397721e-01 -4.00330573e-01 1.61930931e+00
    1.35671839e-01 -5.75447679e-01 -3.73085290e-01 1.73403394e+00
    2.14835835e+00 -3.76875222e-01 8.48073602e-01 2.16440558e-01
    -7.71449566e-01 -1.19764090e-01 4.06085998e-01 1.61963165e+00
    8.11491549e-01 1.62932813e+00 -4.04271692e-01 1.48166966e+00
    -7.93882683e-02 9.05098438e-01 1.33280456e+00 7.99763978e-01
    1.70419741e+00 -6.82945967e-01 6.87363595e-02 -4.91022199e-01
    8.93365026e-01 1.71512043e+00 1.63173127e+00 3.56561062e-03
    5.69143832e-01 -4.11022067e-01 3.82450595e-02 1.20285678e+00
    1.25388896e+00 6.07381940e-01 -1.04703382e-01 -9.02280092e-01
    1.49927616e+00 7.17164576e-01 1.31817758e+00 -8.09061676e-02
    1.60079360e+00 -1.95880175e-01 4.71131682e-01 -1.94811478e-01
    5.13376176e-01 8.61488804e-02 -7.78760612e-01 1.74488282e+00
    6.96941853e-01 7.77550101e-01 9.32805121e-01 9.54393148e-01
    8.35767269e-01 5.34756303e-01 1.27630711e+00 9.35417652e-01
    1.47288513e+00 6.98055804e-01 -8.02063227e-01 9.10362959e-01
    7.09449053e-01 1.54959571e+00 1.30756021e+00 -5.49992979e-01
    9.25145030e-01 -4.03551370e-01 1.46893156e+00 1.22264981e+00
    6.10643744e-01 1.60979843e+00 9.78887618e-01 5.78898013e-01
    9.46903706e-01 1.12961066e+00 1.07898629e+00 1.58114219e+00
    -4.90004420e-01 1.61075079e+00 6.92022741e-01 1.29783118e+00
    -4.40966427e-01 1.70154166e+00 1.69572806e+00 -6.19261205e-01
    1.22767735e+00 4.45984267e-02 -4.41110879e-01 1.67808580e+00
    -3.28912616e-01 3.96800600e-02 1.72290778e+00 1.29481363e+00
    -5.18724501e-01 6.48513734e-01 4.24603850e-01 8.38627040e-01
    2.85630524e-01 -6.89291656e-01 1.10922492e+00 -7.74494529e-01
    1.34223950e+00 1.63402009e+00 3.26032221e-01 1.13977361e+00
    -6.36599600e-01 6.27239466e-01 5.91654122e-01 2.53886431e-01
    2.57020667e-02 -5.97605526e-01 -1.46673560e-01 6.36911392e-01
    -5.57544649e-01 4.76527244e-01 1.81056786e+00 -1.67168468e-01
    8.82894576e-01 1.35128856e+00 1.25789374e-01 8.59086573e-01
    1.62823558e+00 8.57160211e-01 1.01907718e+00 1.62886822e+00
    1.63708961e+00 -7.84135461e-01 -7.92240500e-02 -7.03482568e-01
    9.50819314e-01 1.60554445e+00 1.22509927e-01 1.04742217e+00
    7.48776555e-01 1.59372127e+00 -6.41606987e-01 6.57277480e-02
    1.73886120e+00 4.23932850e-01 1.86216497e+00 1.83638978e+00
    1.28848243e+00 1.18388079e-01 5.85128248e-01 6.01730108e-01
    1.64440179e+00 1.47015953e+00 1.08828962e+00 1.36107039e+00
    -3.14178355e-02 1.19567442e+00 1.48468089e+00 1.39632940e-01
    1.72706807e+00 -6.82151794e-01 1.36676514e+00 1.06917512e+00
    -5.78714430e-01 7.93185830e-01 1.44842982e+00 1.47210300e+00
    2.68364906e-01 1.51575029e+00 -3.49419355e-01 1.44339585e+00
    1.73109674e+00 1.50326025e+00 4.48950529e-01 -3.70360941e-01
    1.29875088e+00 1.42295635e+00 5.00875771e-01 7.65988767e-01
    1.59006029e-01 1.71187848e-01 -4.25844133e-01 -4.82730657e-01
    -1.36139810e-01 -2.35754605e-02 -1.45771727e-01 -6.89067364e-01
    1.39039353e-01 1.21574819e+00 1.36544383e+00 -2.33151298e-02
    -3.54394945e-03 1.54703546e+00 2.95472629e-02 1.53216779e+00
    -9.81766656e-02 1.55897713e+00 -3.38012993e-01 -7.37492368e-03
    -9.15651321e-01 3.36914748e-01 1.32121027e+00 -6.07118845e-01
    1.09270215e+00 8.58213842e-01 5.87773502e-01 3.41103710e-02
    -6.19801700e-01 6.40950799e-01 -4.75190312e-01 1.48950553e+00
    -2.34084681e-01 -7.17090368e-01 -9.64566544e-02 4.27457958e-01
    -3.48293126e-01 1.54825330e+00 -4.80856657e-01 6.46990389e-02
    -5.83694816e-01 4.53286529e-01 4.01896775e-01 -1.35555267e-01
    4.53698605e-01 3.38414282e-01 -1.23602979e-01 -2.10121751e-01
    1.58588612e+00 4.22426909e-01 -3.76773745e-01 -2.67594755e-01
    -5.38993895e-01 1.61830258e+00 6.86351717e-01 -7.23311603e-01
    1.02524006e+00 -8.30011547e-01 -7.75749266e-01 9.41149354e-01
    6.54802680e-01 5.38470507e-01 1.72190261e+00 1.32407796e+00
    1.34076953e+00 -3.47480536e-01 -5.91940522e-01 1.40649509e+00
    1.04177363e-01 -5.70961654e-01 -7.75764227e-01 1.80611110e+00
    -1.16797976e-01 1.23908186e+00 2.47540236e-01 7.88967967e-01
    9.05610561e-01 6.23419642e-01 -6.44931477e-03 -6.39907598e-01
    -1.97716236e-01 -3.22154760e-01 1.70338416e+00 3.71379644e-01
    1.09194117e-02 -2.14020491e-01 5.51595807e-01 1.54321313e+00
    3.31293315e-01 5.10056019e-01 8.69015932e-01 1.01237977e+00
    -7.02803075e-01 1.23098183e+00 4.95055914e-01 -3.08906883e-01
    1.33202982e+00 -4.32219446e-01 5.78382492e-01 1.67984629e+00
    -5.46208501e-01 1.69079328e+00 8.13469350e-01 -6.10419095e-01
    -1.37408584e-01 1.62888455e+00 9.89150405e-02 1.64207792e+00
    7.72410154e-01 7.42131114e-01 2.48434857e-01 -6.45180941e-01
    -7.92060554e-01 -3.63671571e-01 -5.27647614e-01 3.74046892e-01
    6.47761703e-01 1.34876084e+00 1.53847265e+00 1.07779309e-01
    7.15106666e-01 7.90902793e-01 1.50818217e+00 1.13831389e+00
    9.27918792e-01 7.18930125e-01 1.32044911e+00 -3.51058573e-01
    9.48391676e-01 -2.46608123e-01 2.10910570e-02 1.32937837e+00
    1.40912461e+00 4.40540552e-01 1.55553710e+00 -2.10033610e-01
    1.51713097e+00 5.72084971e-02 -7.75816977e-01 -5.39318502e-01
    2.99348682e-01 1.80096424e+00 -5.79613984e-01 1.33291233e+00
    -7.41205335e-01 4.55386400e-01 -6.28795385e-01 3.27193618e-01
    -1.62056863e-01 -7.63319254e-01 7.12797225e-01 -4.98072982e-01
    8.12784791e-01 1.42642558e+00 8.25558186e-01 -8.60243440e-01
    5.18084884e-01 1.72309995e+00 1.22483134e+00 -5.83209038e-01
    6.89369321e-01 1.08217394e+00 5.07071335e-03 1.19148925e-01
    -4.83788520e-01 6.28736615e-01 1.31143081e+00 1.59189904e+00
    1.23449707e+00 9.07846332e-01 -2.43618444e-01 -2.29952008e-01
    -5.26696086e-01 -2.73813419e-02 1.10218978e+00 2.32763469e-01
    1.83525532e-01 1.22594488e+00 5.35319328e-01 1.46913779e+00
    -5.22233009e-01 2.31908351e-01 1.52091742e+00 2.93533802e-02
    -5.85508347e-01 1.84771419e+00 -3.97625625e-01 -4.92023140e-01
    1.66632438e+00 1.53881371e+00 1.22699261e+00 1.62061656e+00
    3.96539718e-02 7.91680291e-02 1.72764230e+00 -5.74764073e-01
    -8.29854086e-02 1.16528511e+00 1.24556112e+00 1.47410095e+00
    2.21142486e-01 3.15123588e-01 8.12190473e-01 -4.66972291e-01
    1.13935196e+00 1.12569058e+00 1.21524525e+00 -5.02146363e-01
    -6.39454544e-01 1.12637401e+00 8.00266206e-01 1.65218544e+00
    1.27063835e+00 7.02075601e-01 -7.79686451e-01 1.08991551e+00
    -5.64286351e-01 -2.16938376e-01 1.80852723e+00 -1.61967836e-02
    2.08674651e-02 1.89446115e+00 -5.80080211e-01 5.82850218e-01
    1.10504735e+00 1.65840411e+00 -5.25845945e-01 1.77066159e+00
    2.43541554e-01 1.60797870e+00 -5.38281262e-01 4.06696290e-01
    7.10350573e-01 1.66365981e+00 3.16991434e-02 -4.13531929e-01
    2.75410712e-01 1.40539408e+00 -9.34635848e-02 -8.12979698e-01
    -5.43364957e-02 4.90873218e-01 1.54484975e+00 -9.21399295e-02
    9.84008849e-01 1.23045814e+00 3.82285491e-02 -1.22610956e-01
    1.59382367e+00 4.64075565e-01 1.57463765e+00 4.59107786e-01
    1.09435058e+00 3.22968602e-01 1.49523938e+00 8.74775171e-01
    -3.90773863e-01 -2.58792341e-01 -6.53049052e-01 1.01610458e+00
    1.84482408e+00 -5.66819370e-01 1.55101180e+00 5.26798904e-01
    -8.09546471e-01 1.52779579e+00 -6.03014469e-01 8.65916014e-01
    7.34734058e-01 3.43492150e-01 7.00901002e-02 1.31668520e+00
    1.06093824e+00 4.28233385e-01 8.42047036e-01 1.13649702e+00
    -5.83187521e-01 1.53880739e+00 9.47116911e-02 1.38122725e+00
    1.38659358e-01 -9.92448479e-02 2.71964729e-01 -6.22066915e-01
    1.35009909e+00 -6.11307800e-01 6.58095777e-01 6.85536027e-01
    2.91899562e-01 9.84268188e-01 1.44842994e+00 1.11414325e+00
    -6.02777302e-01 2.75020957e-01 1.04740083e+00 -6.71346545e-01
    -5.93949378e-01 -6.72381341e-01 -1.37338731e-02 -7.79779851e-01
    1.16588004e-01 5.46635985e-01 -6.37080669e-01 -1.64160475e-01
    -1.80715263e-01 1.25630522e+00 -8.01568687e-01 7.83376396e-01
    1.42656267e+00 1.36944461e+00 -2.94015825e-01 -8.54207098e-01
    3.06656390e-01 1.37827396e-01 1.75882936e+00 5.47498941e-01
    -3.88635099e-01 1.23233879e+00 -9.30582881e-02 -1.75860703e-01
    7.33372986e-01 1.74479759e+00 5.30167460e-01 5.37183881e-01
    1.04820800e+00 1.62140930e+00 8.46789956e-01 -4.63462383e-01
    1.11992764e+00 1.32832050e+00 6.19509742e-02 5.64415336e-01
    1.83325493e+00 -6.33956671e-01 -4.04708505e-01 -7.64594853e-01
    7.32901633e-01 1.28223956e+00 1.66624689e+00 2.89169848e-01
    1.44595122e+00 1.32670164e+00 1.61418176e+00 6.38523877e-01
    -3.38031471e-01 1.00963426e+00 3.80547374e-01 -2.65337944e-01
    1.36796176e+00 1.50556505e+00 -1.84270125e-02 -1.62315443e-01
    1.14043486e+00 5.69189012e-01 1.69866812e+00 1.40865362e+00
    -3.93987656e-01 3.64365608e-01 1.91487208e-01 1.00272620e+00
    9.55187976e-01 5.07398963e-01 -5.13417065e-01 1.79157507e+00
    9.66447592e-03 -6.55440509e-01 1.49341261e+00 1.56625414e+00
    -3.57738286e-01 -6.02203488e-01 1.35995543e+00 1.11240339e+00
    1.74361205e+00 -7.19448447e-01 1.75017428e+00 -3.79215389e-01
    1.53670228e+00 1.21087372e+00 -2.12829977e-01 6.64491594e-01
    -4.68955517e-01 1.68577814e+00 1.60260379e+00 -3.69863868e-01
    -5.47784448e-01 1.28498864e+00 1.98091194e-01 -5.63589990e-01
    1.26529098e+00 6.81236029e-01 -4.15330052e-01 4.84938979e-01
    4.73394275e-01 9.21479881e-01 1.91021144e-01 5.58460414e-01
    4.67195123e-01 1.56667149e+00 -2.12514624e-01 -5.30766845e-01
    6.33840784e-02 2.22435117e-01 7.05086410e-01 1.16331470e+00
    -4.66446169e-02 5.62397540e-02 1.48248419e-01 1.66834271e+00
    5.94089270e-01 -7.78770447e-02 -6.12007499e-01 3.84769350e-01
    7.54557177e-02 -2.99780309e-01 1.55894470e+00 1.52074337e+00
    1.66824961e+00 -7.57951260e-01 1.17923844e+00 1.50041509e+00
    3.17253172e-02 1.04978180e+00 6.47397861e-02 -6.13727927e-01
    5.72425306e-01 8.94861102e-01 -7.36610770e-01 -1.37336075e-01
    7.87923276e-01 2.77132988e-01 2.01672703e-01 1.24727607e+00
    2.44803399e-01 -4.70399648e-01 9.77570236e-01 -2.06191808e-01
    3.49747092e-01 6.05667889e-01 7.75583088e-01 8.06988120e-01
    1.88384211e+00 1.72081220e+00 4.01879340e-01 -6.26622677e-01
    -4.43953067e-01 4.66921538e-01 -5.37660241e-01 1.24622989e+00
    8.32612932e-01 1.60847259e+00 -8.74409825e-02 7.31008410e-01
    7.49220073e-01 -6.41326904e-01 1.22892308e+00 1.26291716e+00
    3.76920581e-01 1.15055323e+00 5.02524614e-01 1.64090896e+00
    1.32684457e+00 2.22204506e-01 -7.36422598e-01 -4.67695587e-04
    4.11581904e-01 9.67898846e-01 1.63493085e+00 7.66284943e-01
    -3.86468142e-01 -2.33238369e-01 -8.16721320e-01 -1.84955120e-01
    -6.26859844e-01 5.27150631e-01 1.62432301e+00 3.46390337e-01
    -4.06384945e-01 4.51934874e-01 5.40335834e-01 -5.04134655e-01
    -1.21950038e-01 -2.21650496e-01 7.85865307e-01 -7.39075243e-01
    1.81870148e-01 1.73864985e+00 -8.09581101e-01 4.20557857e-02
    -2.11907029e-01 1.03134561e+00 -4.34931695e-01 5.38748264e-01
    1.18238211e+00 3.72213244e-01 1.45683599e+00 -4.71154422e-01
    7.64877439e-01 -7.29433835e-01 -5.59199214e-01 1.14614999e+00
    9.50669765e-01 1.97332501e-02 8.66018176e-01 1.29990602e+00
    9.67216790e-01 -7.27371812e-01 1.06579494e+00 1.71343970e+00
    -7.76831388e-01 -2.71017045e-01 -2.67898560e-01 1.52034342e+00
    -4.49894220e-01 -5.47168970e-01 8.71362984e-01 -3.27161729e-01
    1.77842152e+00 6.24041498e-01 -7.45577097e-01 3.91150219e-03
    2.99593151e-01 -3.52736950e-01 2.21706510e-01 1.16128814e+00
    7.80855715e-01 1.20370483e+00 -7.82322943e-01 1.42570078e-01
    -3.58552337e-01 2.33677074e-01 -7.86738098e-01 1.85714126e-01
    1.05451488e+00 3.15523386e-01 1.62176442e+00 9.03418362e-01
    8.74195755e-01 -3.88923250e-02 -7.12147951e-01 1.08442175e+00
    1.74586844e+00 -1.85413420e-01 -3.96109343e-01 6.03000104e-01
    -6.99688315e-01 1.24576318e+00 1.08182466e+00 2.30282664e-01
    -2.13749811e-01 1.20891297e+00 -2.90540338e-01 4.77520436e-01
    6.00435495e-01 -3.54591876e-01 1.84657180e+00 1.39667237e+00
    1.27080634e-01 -5.94003916e-01 9.25996482e-01 3.76287699e-01
    -2.94267178e-01 7.81078815e-01 -3.54888618e-01 5.42935908e-01
    9.24281240e-01 1.00700855e+00 1.17333579e+00 1.05737400e+00
    -5.54462671e-01 1.76884079e+00 1.80664158e+00 7.69340992e-02
    1.77480793e+00 2.86678433e-01 1.18336119e-01 8.61313403e-01
    4.25213218e-01 1.61231315e+00 6.78013980e-01 3.04569602e-01
    1.16164811e-01 -5.55437207e-02 -9.81073007e-02 -3.56591016e-01
    1.11732888e+00 -5.61810970e-01 3.09029847e-01 1.11539721e+00
    9.73754108e-01 8.82337749e-01 1.67178214e+00 1.80781019e+00
    -6.57452121e-02 -2.47223917e-02 -1.48872554e-01 -7.92029142e-01
    -1.94951698e-01 -5.44249535e-01 7.57872939e-01 9.95909989e-01
    8.84082168e-02 3.44298035e-01 1.51149559e+00 1.73239911e+00
    -8.85065421e-02 1.75851238e+00 -6.85440078e-02 -3.36940467e-01
    1.64681184e+00 4.36949432e-01 1.57192028e+00 6.04057908e-01
    1.10626769e+00 1.46797323e+00 -2.25478917e-01 4.16124761e-01
    -1.39403388e-01 -4.48996186e-01 1.20188200e+00 -3.07068855e-01
    -6.89130366e-01 8.96377742e-01 9.91330922e-01 -3.31357181e-01
    -2.43863568e-01 6.23561203e-01 1.61009049e+00 1.29040766e+00
    -3.48853737e-01 -1.78719699e-01 1.71348274e+00 -4.66850877e-01
    4.93881285e-01 5.54781199e-01 -2.51491994e-01 1.81438088e+00
    1.32791698e+00 3.16912472e-01 9.29116786e-01 7.35583007e-01
    -1.62741944e-01 -7.09647059e-01 -3.60108852e-01 -1.84495017e-01
    1.70114243e+00 1.74769068e+00 1.57616293e+00 -8.27780843e-01
    -3.34032357e-01 1.33714545e+00 1.61933839e+00 1.14635003e+00
    1.01452839e+00 -4.56736572e-02 -2.55270163e-03 7.80672312e-01
    1.61706555e+00 1.48048282e+00 -2.34066829e-01 1.26323652e+00
    -5.22275388e-01 6.96472228e-01 -3.13096821e-01 4.46054220e-01
    3.01743299e-01 -3.12511355e-01 1.63344789e+00 4.30027246e-01
    5.86883388e-02 6.93784833e-01 -3.21145952e-02 1.68658686e+00
    -2.24441230e-01 1.60175371e+00 1.57723427e-01 -7.04527199e-01
    5.05463891e-02 1.75872064e+00 -2.95670509e-01 4.98576522e-01
    2.51002043e-01 -1.35283440e-01 1.72680318e-01 -3.82163823e-01
    -3.78417432e-01 1.58729482e+00 1.50707677e-01 2.01296821e-01
    1.46094394e+00 1.45343566e+00 8.00392330e-01 1.38491082e+00
    1.90527171e-01 8.41796935e-01 1.31196952e+00 -7.28127062e-01
    8.83833617e-02 -5.40074289e-01 5.59831858e-01 2.10512713e-01
    -5.51300287e-01 -4.23748463e-01 -3.63105655e-01 1.70385551e+00
    5.99936306e-01 9.75423574e-01 5.64953573e-02 1.74754608e+00
    -7.99201608e-01 -5.37627637e-01 -3.17561269e-01 8.52777541e-01
    -7.57681668e-01 4.58188564e-01 8.23215246e-01 -4.55873460e-01
    8.27783465e-01 9.20837998e-01 -4.59800929e-01 5.30469298e-01
    -1.77056909e-01 1.04391657e-01 5.43475449e-01 -5.17874897e-01
    -1.31192908e-01 1.43090856e+00 1.03934157e+00 4.60797191e-01
    1.21740592e+00 1.33582342e+00 -3.42739344e-01 -5.23464262e-01
    -4.09628481e-01 1.11075068e+00 7.39960611e-01 -3.56618971e-01
    8.20795596e-01 5.70956886e-01 -1.16845623e-01 -1.13131784e-01
    2.79576570e-01 1.12133121e+00 6.66909456e-01 1.11453128e+00
    8.97256970e-01 -6.62109107e-02 -6.92447007e-01 3.74439031e-01
    -6.79489851e-01 7.00946212e-01 1.44904065e+00 1.29833686e+00
    9.35539544e-01 -2.76354879e-01 -2.35372707e-01 3.27995032e-01
    7.68828273e-01 -6.99990869e-01 5.31035900e-01 1.54898703e+00
    5.89610755e-01 -8.13462615e-01 1.63195705e+00 9.02830899e-01
    3.18870246e-01 3.66351843e-01 1.00223863e+00 -5.24298012e-01
    6.31546080e-01 1.58778918e+00 -3.95153970e-01 7.23519502e-03
    -5.77052236e-02 4.42882061e-01 1.54300463e+00 1.61335766e+00
    1.36747852e-01 -3.42393041e-01 1.20528162e+00 3.02973896e-01
    1.65920150e+00 7.86025882e-01 6.05715215e-01 1.40392911e+00
    9.20511603e-01 4.16983128e-01 1.11002672e+00 -6.46729052e-01
    -8.48552048e-01 1.49365890e+00 2.49394566e-01 7.65002668e-01
    1.68525279e+00 1.23953735e-02 9.06239390e-01 -7.37659037e-01
    1.46162987e-01 8.03425014e-01 1.74070394e+00 1.84403920e+00
    -1.81159198e-01 1.48914003e+00 3.82931083e-01 -2.16855377e-01
    -5.32259405e-01 1.95619240e-01 4.99555975e-01 1.51332676e+00
    9.57583010e-01 9.52315271e-01 8.29445541e-01 5.46784520e-01
    1.57625723e+00 3.66801560e-01 6.43127799e-01 4.96661454e-01
    1.75902689e+00 -5.07242143e-01 1.77514601e+00 1.48400915e+00
    1.52989018e+00 -1.47463679e-01 7.24607050e-01 1.42967868e+00
    9.19018507e-01 1.41922343e+00 1.34249890e+00 -5.56006193e-01
    4.41279709e-01 4.88218367e-01 9.08863187e-01 1.52921140e+00
    -3.78052682e-01 1.69987416e+00 -6.89246714e-01 -3.40222448e-01
    2.81504244e-01 8.91191006e-01 1.34488821e+00 1.65309966e+00
    -7.66465664e-02 5.29529929e-01 1.49605453e+00 -3.57346684e-01
    -6.53227389e-01 2.44498834e-01 -2.56562501e-01 1.84576106e+00
    -4.84299123e-01 5.00655591e-01 5.24470150e-01 -4.34257209e-01
    1.75836110e+00 2.56088138e-01 1.07443285e+00 1.93673229e+00
    -1.16196856e-01 -1.43815679e-02 9.32699203e-01 -7.33279660e-02
    2.29396865e-01 -2.12894395e-01 -9.56748873e-02 6.23251259e-01
    1.35822690e+00 -6.97244406e-02 -7.11038053e-01 5.30642271e-01
    -2.42297366e-01 3.59289020e-01 7.05959946e-02 2.51895159e-01
    -6.78990364e-01 1.35803187e+00 -6.84891105e-01 2.91677743e-01
    4.18333381e-01 1.20615482e+00 1.52704298e+00 -2.79552281e-01
    2.19674945e-01 1.31663489e+00 -7.33594149e-02 9.85229671e-01
    1.06811130e+00 8.69250119e-01 1.19594073e+00 -3.58784616e-01
    7.24775434e-01 -7.98627794e-01 1.60797334e+00 4.47775014e-02
    2.21921466e-02 8.14218402e-01 5.34796834e-01 1.96056083e-01
    2.58836776e-01 1.51737106e+00 5.87614477e-01 1.20565176e+00
    1.37747955e+00 3.74209620e-02 6.46262288e-01 8.46447885e-01
    1.65272450e+00 -3.95854950e-01 1.16455984e+00 1.30769026e+00
    9.22015131e-01 -1.42217249e-01 2.83149719e-01 6.61571264e-01
    -4.56187099e-01 1.38160086e+00 -1.46402076e-01 1.30815732e+00
    2.46403873e-01 -2.34358475e-01 3.59596819e-01 -1.02781847e-01
    1.53231812e+00 7.38383770e-01 -1.43396261e-03 -5.66009879e-01
    5.92681706e-01 -4.15299058e-01 1.12432373e+00 4.40753162e-01
    1.53637683e+00 6.44382536e-01 9.95889962e-01 -2.76064277e-01
    1.35070443e+00 -1.78648293e-01 1.41788661e+00 3.30297381e-01
    6.08820975e-01 -5.22415340e-02 1.55351949e+00 -5.38854778e-01
    1.62516141e+00 1.75077522e+00 1.67242968e+00 1.49896920e-01
    7.10123241e-01 2.68527597e-01 1.34262049e+00 -7.68514931e-01
    -4.21795428e-01 1.59932721e+00 1.77105045e+00 -4.50594485e-01
    5.98560870e-01 -1.22562081e-01 1.08358538e+00 1.87464929e+00
    6.30591869e-01 -5.79341650e-01 7.58773625e-01 7.53418326e-01
    3.42202187e-01 -3.59777242e-01 -8.18646789e-01 1.10097480e+00
    1.79335761e+00 1.52562630e+00 5.51183343e-01 -8.36782038e-01
    -5.07769108e-01 -7.99914658e-01 -5.37277818e-01 1.33299303e+00
    1.64497221e+00 1.24317288e+00 1.58080828e+00 1.47077167e+00
    -8.21189940e-01 1.77352059e+00 5.74801922e-01 -4.58828211e-01
    1.62204397e+00 -3.98018301e-01 -6.00939751e-01 -6.13043644e-02
    1.33314371e+00 4.24873799e-01 1.60761118e+00 -7.34775901e-01
    -3.36433858e-01 -1.78391203e-01 -5.09828150e-01 6.31511569e-01
    7.40541875e-01 2.70053804e-01 3.07341129e-01 -3.44436407e-01
    1.61471057e+00 -7.91422188e-01 -3.55734788e-02 9.79145110e-01
    1.71721673e+00 8.55957270e-01 1.35776055e+00 1.56211674e-01
    2.46537000e-01 1.69641089e+00 1.36440253e+00 -6.54408559e-02
    1.21790206e+00 2.68674821e-01 1.02100265e+00 6.72383070e-01
    1.71215904e+00 8.18974018e-01 -6.11361489e-02 -4.11293983e-01
    4.72130865e-01 -1.77905530e-01 9.98072922e-01 1.04051292e+00
    1.15904832e+00 5.27310312e-01 -2.60044932e-01 -1.85818464e-01
    1.20622468e+00 1.34815824e+00 1.79328144e+00 1.06974149e+00
    1.41981566e+00 8.60194564e-01 8.21544945e-01 -6.09554768e-01
    -1.86553136e-01 -8.38620067e-01 1.20617354e+00 -8.26518953e-01
    1.46569383e+00 -7.41772532e-01 -5.96725523e-01 3.13411295e-01
    1.34913385e+00 1.32664001e+00 7.73179233e-02 1.10117584e-01
    1.75494325e+00 1.60314560e+00 -6.68804824e-01 1.44739234e+00
    1.63785887e+00 1.34767377e+00 9.25466120e-01 2.30209172e-01
    4.93615896e-01 -2.75253147e-01 4.98438105e-02 3.34220678e-01
    2.30467930e-01 -6.22825921e-01 1.47651577e+00 7.48219848e-01
    1.71285117e+00 -4.93081599e-01 1.04398286e+00 1.13117516e+00
    1.99193263e+00 -4.05695528e-01 1.64178145e+00 4.87882346e-01
    -1.47978157e-01 -1.54826358e-01 3.77445638e-01 1.47182965e+00
    7.36429393e-01 -4.83085752e-01 4.79299158e-01 3.01638171e-02
    1.72836196e+00 -6.55350029e-01 1.11123908e+00 5.75897038e-01
    1.49500299e+00 -1.05826907e-01 1.31025445e+00 7.19846606e-01
    -6.08309031e-01 1.95829663e-02 -4.20496911e-01 8.15563202e-01
    1.11239231e+00 8.16150308e-01 1.52706468e+00 1.09811291e-01
    -8.59581769e-01 1.11899495e+00 -3.37807506e-01 6.03646636e-02
    1.56487715e+00 1.13106167e+00 1.38167620e+00 -6.88064694e-01
    6.92346931e-01 1.83046031e+00 -2.44498730e-01 4.59390759e-01
    -2.62118191e-01 1.54132795e+00 1.74014020e+00 1.78373384e+00
    5.06190479e-01 1.19552755e+00 1.71956801e+00 2.32498002e+00
    2.01697707e+00 1.91905987e+00 1.11925833e-01 6.53221369e-01
    6.19017243e-01 1.74153697e+00 1.25822473e+00 1.15505505e+00
    9.82447028e-01 -7.67869949e-01 1.58005190e+00 -8.66551578e-01
    1.49505711e+00 -1.98057041e-01 -2.97711939e-01 1.66354978e+00
    9.98044193e-01 1.78555655e+00 1.31258392e+00 1.42048967e+00
    2.89619893e-01 -4.24059838e-01 -1.09615274e-01 1.68236971e+00
    1.69870782e+00 6.70448020e-02 8.73789549e-01 -4.03443575e-01
    -4.02223766e-01 5.09522021e-01 1.93374529e-01 9.71517026e-01
    7.89874911e-01 6.83854759e-01 8.07788074e-01 1.68600872e-01
    4.33067143e-01 -3.20302784e-01 1.43064415e+00 -2.72683978e-01
    8.98703992e-01 8.52631629e-01 4.02565002e-02 9.61881101e-01
    -5.01666665e-01 1.08910215e+00 1.32667077e+00 1.73059845e+00
    -9.75032747e-02 8.31424356e-01 6.80961251e-01 1.54694366e+00
    1.40649043e-02 -2.52630442e-01 3.18053775e-02 1.16099846e+00
    -4.59868461e-01 8.68316174e-01 6.89998746e-01 -3.53599608e-01
    -2.64606655e-01 -3.22842985e-01 -5.40219605e-01 1.68171132e+00
    -4.06676438e-03 -3.60438645e-01 6.29656076e-01 -3.59449297e-01
    8.75290155e-01 1.30465782e+00 6.81077123e-01 1.30555105e+00
    1.32797015e+00 3.82903606e-01 -5.27529836e-01 1.40132713e+00
    1.57397079e+00 -3.58594716e-01 8.30178797e-01 -5.76231360e-01
    1.58021283e+00 1.28242898e+00 3.11783373e-01 3.25405657e-01
    1.55696821e+00 5.79472840e-01 1.79532361e+00 -7.52303004e-01
    -2.59132296e-01 1.59786022e+00 -4.71579045e-01 6.37220919e-01
    1.52861893e+00 -7.37719655e-01 3.38996619e-01 -4.77389872e-01
    1.98984906e-01 -6.22986615e-01 -7.93518305e-01 -4.68396962e-01
    9.90058124e-01 3.56867969e-01 -4.42936182e-01 1.13100290e+00
    -2.06947610e-01 8.15337479e-01 3.93263698e-02 1.78416312e+00
    1.35051084e+00 6.44967914e-01 3.45131278e-01 1.29149902e+00
    -6.62256241e-01 5.40175378e-01 -4.26568925e-01 1.01346946e+00
    3.34825873e-01 -5.79808116e-01 -4.74966317e-01 -4.28249575e-02
    -1.21276259e-01 -5.03243685e-01 1.25288653e+00 1.58990276e+00
    -1.14020497e-01 5.33939421e-01 2.61568695e-01 -2.27527469e-02
    1.55341983e+00 1.63616252e+00 -6.91914976e-01 1.43690571e-01
    -6.47706926e-01 1.79958308e+00 1.53687203e+00 -4.29729760e-01
    1.66696072e+00 9.10364270e-01 2.86167394e-02 9.50974450e-02
    5.42889833e-01 -2.14912489e-01 1.61391199e+00 -7.30023980e-01
    -3.01516294e-01 1.31532460e-01 -3.36628109e-01 1.29138792e+00
    -3.28070998e-01 6.21887088e-01 1.88565165e-01 1.76404834e+00
    -6.04179084e-01 1.20959234e+00 -3.29048574e-01 3.56716543e-01
    -7.97798097e-01 1.64632976e+00 -7.51566961e-02 -6.22022569e-01
    3.22622836e-01 -5.88218153e-01 4.21224326e-01 8.66340518e-01
    7.67124295e-01 -5.30469239e-01 3.44882250e-01 1.51994616e-01
    1.05358255e+00 -6.86087251e-01 -7.84432769e-01 1.41110134e+00
    8.95330846e-01 -3.50758165e-01 1.39785230e+00 1.37626648e+00
    -2.50861943e-01 8.88409197e-01 1.71574998e+00 5.50111771e-01
    1.55802429e+00 -1.82678878e-01 8.53617191e-01 -5.45950271e-02
    4.54419583e-01 8.53759348e-01 3.39791328e-01 1.16643953e+00
    -1.75528213e-01 1.14253759e+00 5.12182176e-01 1.30136037e+00
    1.39657736e+00 -7.30299771e-01 8.68114114e-01 1.50987625e+00
    3.80640417e-01 3.16505164e-01 -1.34348437e-01 2.63765216e-01
    7.94182777e-01 4.95176613e-02 -8.66525024e-02 1.21749595e-01
    -2.42298171e-01 8.54736149e-01 1.46529689e-01 2.46965483e-01
    9.92635265e-02 -2.71246284e-01 -7.15598464e-01 8.37674618e-01
    6.54462129e-02 1.16518068e+00 1.81249630e+00 6.82191014e-01
    -5.09226322e-01 7.41856873e-01 -2.39797309e-01 1.81150842e+00
    1.51363564e+00 -3.56304139e-01 8.96966040e-01 2.51380295e-01
    2.99070388e-01 1.62781620e+00 -6.76013887e-01 -7.41674066e-01
    -5.08547276e-02 -3.12091678e-01 -4.73577589e-01 4.16994780e-01
    7.59026289e-01 2.84923434e-01 -1.31210849e-01 1.50523579e+00
    3.96657556e-01 -7.31604934e-01 -4.83719885e-01 -6.43390119e-01
    1.40628135e+00 1.77036226e+00 -2.53285885e-01 -2.43425667e-01
    8.01124811e-01 -3.17311063e-02 1.30459940e+00 6.97264612e-01
    2.76450187e-01 1.55058122e+00 -6.13407642e-02 1.64582983e-01
    1.25093484e+00 1.51188898e+00 5.43956995e-01 6.52804554e-01
    1.82370901e+00 -3.22926432e-01 1.96945584e+00 1.08813979e-01
    1.36500776e+00 -3.94705594e-01 -1.26178414e-02 4.47678417e-01
    1.60431218e+00 -3.18484128e-01 1.52699208e+00 6.82653487e-01
    8.24645162e-01 -4.85903502e-01 1.29789376e+00 1.47982645e+00
    -3.32833230e-01 1.51608574e+00 1.17547119e+00 -2.44305611e-01
    -2.62565553e-01 -3.66185792e-02 7.13253081e-01 2.83798367e-01
    1.21871912e+00 4.78083998e-01 5.59100024e-02 1.39193550e-01
    -6.45901442e-01 -1.64223582e-01 6.09770238e-01 1.65043414e+00
    2.90280044e-01 3.86743367e-01 -4.68121052e-01 -3.00381742e-02
    1.25919187e+00 1.60385251e+00 1.37663352e+00 1.29713213e+00
    8.89079452e-01 1.72420323e+00 -2.19829991e-01 1.24387598e+00
    6.33675754e-02 6.18548989e-01 1.45149362e+00 1.52805567e-01
    -4.64685410e-01 -6.50067866e-01 4.55260187e-01 6.89723134e-01
    -4.39505041e-01 4.83770847e-01 1.65530813e+00 9.91304576e-01
    1.78287402e-01 9.58514452e-01 -6.27812803e-01 1.34157383e+00
    1.04892063e+00 1.83641088e+00 5.40870547e-01 1.98577598e-01
    9.84748900e-01 5.16718686e-01 1.05552077e+00 1.67020595e+00
    -7.99304545e-01 1.18446134e-01 2.33779028e-01 -6.84046820e-02
    -8.42845738e-01 1.07619178e+00 1.45373309e+00 7.51626611e-01
    1.62461972e+00 -1.69351503e-01 -5.16736627e-01 -3.68517786e-01
    8.64563346e-01 1.62172437e+00 6.48118481e-02 1.17953718e+00
    -6.03706121e-01 -1.37930661e-01 1.86912966e+00 -2.35820591e-01
    -6.01132512e-01 -2.50476420e-01 2.68640578e-01 -2.96479195e-01
    -3.98302466e-01 -2.15404212e-01 1.02171755e+00 1.76302218e+00
    8.57744813e-01 -5.30264199e-01 -4.76463974e-01 -2.10679591e-01
    -7.50282407e-01 1.18010640e+00 1.69918013e+00 -8.11379194e-01
    1.78566957e+00 1.77025962e+00 1.09444511e+00 3.36815774e-01
    1.63809106e-01 -7.74057150e-01 1.40240276e+00 -6.64138675e-01
    4.45260525e-01 1.49074590e+00 1.22742426e+00 -2.96546757e-01
    8.21244940e-02 1.17906916e+00 2.78214186e-01 3.41887549e-02
    1.80576686e-02 8.75586569e-01 -4.21420068e-01 6.12214720e-03
    1.53338647e+00 1.57961810e+00 1.22366667e+00 1.16131628e+00
    -6.98274136e-01 -5.24919093e-01 -6.36901498e-01 5.61056435e-01
    5.15836239e-01 -6.27501190e-01 1.17571868e-01 -3.37306887e-01
    -4.25250381e-01 6.70210570e-02 1.49123037e+00 -7.66233683e-01
    1.38872290e+00 -1.65496022e-01 8.77885520e-01 1.04804683e+00
    1.11255586e+00 1.15887213e+00 1.36164576e-01 1.62777281e+00
    4.83078599e-01 1.34722757e+00 7.21739292e-01 -2.98855603e-01
    5.62453032e-01 1.01329780e+00 -2.47271940e-01 1.77633297e+00
    1.50128138e+00 1.03666604e+00 5.71264923e-01 1.23145306e+00
    1.02641690e+00 -4.38638210e-01 1.50085521e+00 -4.73533005e-01
    -3.81691366e-01 -7.16598630e-01 9.28256214e-01 8.11832905e-01
    1.46141744e+00 9.55981016e-01 2.55736351e-01 -2.45986849e-01
    -4.59625602e-01 1.10644734e+00 -4.50501382e-01 1.77553535e+00
    1.29204023e+00 3.11010748e-01 3.57952416e-01 7.01236427e-01
    -6.78058982e-01 5.37231207e-01 7.90786386e-01 3.00688118e-01
    -1.80630349e-02 -7.81504512e-01 1.76298261e+00 -7.56635904e-01
    3.56739372e-01 1.73790932e+00 1.78739786e+00 9.68309999e-01
    -1.94496363e-01 1.44842529e+00 1.51441824e+00 -3.91912937e-01
    -8.15691650e-01 1.02812636e+00 1.27073407e+00 -1.70461625e-01
    1.44091797e+00 4.01012480e-01 -2.18167320e-01 1.50430191e+00
    -2.30938330e-01 -1.00685045e-01 -7.51237035e-01 4.39793281e-02
    1.01495636e+00 1.16869497e+00 -6.61551714e-01 -6.02079451e-01
    1.49259901e+00 1.76847190e-01 -2.97158569e-01 3.44592482e-01
    -5.27935743e-01 -6.69489741e-01 9.29337919e-01 -1.29855767e-01
    -2.30537280e-01 -2.28398532e-01 -2.22867951e-02 1.63958907e+00
    4.17005062e-01 -7.22514689e-01 1.00956118e+00 1.37867236e+00
    -2.22375363e-01 -6.37265563e-01 1.05006468e+00 -6.63990378e-01
    -4.12503839e-01 1.32901728e+00 3.98489296e-01 -7.30815828e-01
    1.59696972e+00 9.00044858e-01 8.24840724e-01 1.27314091e+00
    1.71152020e+00 -8.40647697e-01 -6.70956895e-02 1.24303603e+00
    1.17589879e+00 1.08665478e+00 -5.69750309e-01 -6.85883462e-02
    3.23900133e-01 1.42165637e+00 1.29657269e+00 2.24681944e-01
    1.38464853e-01 5.94071448e-01 1.89427733e+00 1.57116270e+00
    4.57419634e-01 1.36645007e+00 3.37659806e-01 1.29521489e+00
    1.61222100e+00 -2.54135765e-02 2.30715588e-01 -5.61767042e-01
    4.92295712e-01 -6.46310896e-02 -5.45666099e-01 9.70339477e-01
    1.02953637e+00 1.38784301e+00 1.55081356e+00 -7.48513997e-01
    -7.57866561e-01 1.67391133e+00 1.97239324e-01 3.38769555e-01
    1.83799699e-01 1.41670597e+00 1.50572419e+00 -1.63936242e-01
    -5.25248110e-01 9.72097337e-01 5.94627440e-01 5.98419905e-01
    6.81131840e-01 -6.67588115e-01 3.11559498e-01 9.06277224e-02
    8.64559770e-01 -5.40454566e-01 -3.93697977e-01 1.70312619e+00
    -6.00279570e-01 -1.58375308e-01 -1.56039208e-01 -1.30619958e-01
    -3.12729120e-01 6.63840324e-02 8.53093714e-02 7.83715904e-01
    -3.00900847e-01 1.54603255e+00 -8.76704991e-01 8.47087204e-01
    8.39011312e-01 5.80384135e-01 -5.46089172e-01 1.58478737e+00
    1.18760832e-01 3.57290089e-01 -2.68645734e-01 1.78309274e+00
    -5.69711864e-01 -5.41768610e-01 1.69188595e+00 -6.52700841e-01
    1.43810499e+00 4.37821239e-01 2.40022972e-01 5.30524552e-01
    -1.45141974e-01 -6.28122389e-01 6.72378242e-01 -1.38673559e-01
    1.48009264e+00 1.78613245e+00 -8.14754963e-02 1.11384666e+00
    -3.88053358e-01 -6.64259374e-01 1.50182939e+00 4.04399872e-01
    -6.34123445e-01 -3.86452109e-01 7.51898587e-01 8.66014838e-01
    1.60811264e-02 -3.34595978e-01 1.32487702e+00 1.11820614e+00
    7.83957064e-01 -3.05296063e-01 1.04984236e+00 5.66487849e-01
    2.35424414e-01 -4.36503738e-01 9.60200191e-01 3.98700714e-01
    -5.50743461e-01 1.29426992e+00 8.06857884e-01 7.86083341e-01
    -1.06408000e-01 1.72357428e+00 1.53323472e+00 3.01618785e-01
    6.20460570e-01 2.85411794e-02 1.81480026e+00 2.88568079e-01
    -4.17915165e-01 1.42546666e+00 4.58515525e-01 1.69951737e+00
    1.56810951e+00 -2.52299875e-01 -6.20918870e-01 2.97586560e-01
    9.27427292e-01 1.40627956e+00 4.31310087e-01 6.80659592e-01
    -1.24278106e-01 1.53868330e+00 1.77605748e+00 7.36643374e-02
    9.93248045e-01 7.03818381e-01 1.35640943e+00 1.42610478e+00
    1.65209079e+00 1.31487083e+00 -5.18866301e-01 1.22521579e+00
    1.05278301e+00 -3.85859944e-02 1.45468557e+00 1.54468811e+00
    5.21261573e-01 -6.17964976e-02 1.45989275e+00 -5.00041470e-02
    -6.83742523e-01 -5.93822479e-01 -6.84218407e-01 1.14809370e+00
    1.19658113e+00 1.74505913e+00 7.00365365e-01 1.22133350e+00
    4.32508588e-01 6.11810982e-01 1.42822552e+00 -8.34881902e-01
    4.18594182e-01 -4.94044214e-01 -3.67902458e-01 1.80370057e+00
    3.42857778e-01 2.68626839e-01 1.33074567e-01 1.11877525e+00
    7.65130639e-01 3.76484811e-01 1.92247406e-01 3.35652679e-01
    1.77091503e+00 1.70552778e+00 9.75155294e-01 6.26965046e-01
    1.98791012e-01 -7.20190108e-01 1.64240611e+00 1.53532743e+00
    -2.54750729e-01 1.13380599e+00 4.25154358e-01 8.36378485e-02
    1.20380020e+00 1.35220361e+00 3.75764817e-01 8.76813054e-01
    1.55363894e+00 8.64448071e-01 1.48637295e+00 2.88101584e-01
    1.74258685e+00 5.07927001e-01 6.90468848e-01 1.83594215e+00
    1.11661923e+00 -8.20954800e-01 -2.78515458e-01 -4.69643116e-01
    9.38330889e-02 -7.42761374e-01 4.30344820e-01 1.61649287e-01
    1.04581487e+00 1.02275622e+00 9.49584007e-01 3.29361141e-01
    -1.07701890e-01 2.07953557e-01 4.43514615e-01 1.59393704e+00
    1.28777766e+00 -5.36800385e-01 9.78309810e-01 4.64365520e-02
    -5.98480403e-01 1.57586312e+00 -4.61552411e-01 7.22972751e-01
    -3.17708164e-01 7.85426572e-02 1.36249471e+00 -1.16002329e-01
    8.67550373e-01 1.59432685e+00 -5.80960214e-01 1.18037510e+00
    5.85004449e-01 1.75598073e+00 -6.07284367e-01 2.55835921e-01
    -5.29368103e-01 -7.67396688e-01 -9.16539505e-02 7.36566365e-01
    -2.40824640e-01 -2.22605690e-01 -6.66353762e-01 -6.78108871e-01
    3.01201940e-01 7.05070198e-01 -3.53365570e-01 1.02783155e+00
    5.99495530e-01 1.22266078e+00 1.97745562e-02 -2.33106688e-01
    9.17340755e-01 -5.54731250e-01 1.70292497e+00 3.93270887e-02
    1.35216725e+00 1.57756603e+00 3.78331095e-02 7.31678128e-01
    -3.06541443e-01 1.40152931e+00 1.68247163e+00 6.05293751e-01
    -5.33361971e-01 -7.08873570e-01 8.28753948e-01 1.48605084e+00
    1.01250648e+00 1.51696563e+00 7.30806649e-01 1.73431385e+00
    1.94584954e+00 -5.06957889e-01 1.17983985e+00 -7.47371316e-01
    -5.95279038e-01 1.17005265e+00 -8.36662710e-01 -3.01259816e-01
    1.47725010e+00 1.63616550e+00 1.04498589e+00 1.42343783e+00
    3.85920644e-01 1.55814135e+00 3.79514903e-01 -4.06399280e-01
    1.42049289e+00 8.47008765e-01 9.34108853e-01 -3.12265038e-01
    1.40983212e+00 1.38134420e+00 9.40106332e-01 1.61864515e-02
    9.51362669e-01 1.49524498e+00 1.31658936e+00 4.88984078e-01
    6.74805522e-01 1.67690203e-01 1.47382870e-01 -4.27037418e-01
    -5.48425019e-01 1.08043265e+00 1.08664179e+00 4.53285903e-01
    1.14860141e+00 -5.93472362e-01 1.32341230e+00 -4.15973552e-02
    1.62416422e+00 -2.68533349e-01 1.32851696e+00 -3.38446587e-01
    1.20030053e-01 1.10624325e+00 -3.61774892e-01 1.72443771e+00
    -4.62735325e-01 1.72254455e+00 3.29784751e-02 -7.98959613e-01
    1.70460665e+00 1.49392033e+00 1.90072024e+00 -5.63958228e-01
    -1.70942768e-01 5.46833836e-02 1.18695760e+00 1.00719893e+00
    9.80505824e-01 2.87300944e-01 1.24391723e+00 -1.65480644e-01
    4.09922481e-01 1.59521818e-01 1.55293655e+00 3.37052941e-01
    1.74680614e+00 9.67985749e-01 1.62150121e+00 1.01141012e+00
    -6.29158020e-01 8.15539300e-01 -7.98292637e-01 1.38894439e+00
    -6.98062003e-01 8.06986332e-01 -3.97917807e-01 8.87142956e-01
    1.19041252e+00 7.80083120e-01 7.52261221e-01 1.14386156e-01
    -5.23501635e-01 -2.95403898e-01 1.17532682e+00 7.08275974e-01
    1.35020804e+00 2.92758588e-02 1.76200306e+00 -7.66519979e-02
    -4.34104413e-01 3.85283142e-01 9.96200383e-01 1.75625885e+00
    8.82652938e-01 1.23338349e-01 -4.10644889e-01 1.69383276e+00
    -5.20785213e-01 -4.88540053e-01 8.95052612e-01 1.37521267e+00
    -8.17299604e-01 1.73413229e+00 -1.04898170e-01 5.49152792e-01
    1.22718191e+00 6.68381155e-01 8.90110433e-02 3.13980788e-01
    4.82551038e-01 8.68628860e-01 1.07314670e+00 -4.89257187e-01
    -7.47911930e-01 8.85674298e-01 -7.41622090e-01 1.72321415e+00
    -3.93148661e-01 -2.73995280e-01 1.19155526e-01 6.42458797e-01
    -5.39323449e-01 9.47030842e-01 -3.52848530e-01 7.68043697e-01
    -2.67526448e-01 1.42949307e+00 -1.34044796e-01 -1.60533473e-01
    5.24890423e-01 1.47896400e-02 1.40277934e+00 6.69098854e-01
    1.38559258e+00 3.84804755e-01 6.00995183e-01 4.45490748e-01
    9.34006095e-01 1.41795978e-01 1.58434141e+00 1.35828745e+00
    1.34733868e+00 1.13088739e+00 -4.54804897e-01 -4.38877456e-02
    1.79990306e-01 -8.68933182e-03 1.69489777e+00 9.00833607e-01
    1.06795990e+00 -7.40351737e-01 2.15876788e-01 1.57495603e-01
    1.05745757e+00 1.23143458e+00 -8.35086554e-02 1.66379833e+00
    1.78263652e+00 -1.61356509e-01 -6.20185792e-01 -4.65844482e-01
    2.01040715e-01 1.31723499e+00 -2.27593705e-01 1.36258090e+00
    -1.04690231e-01 5.62628269e-01 2.71402538e-01 3.65472049e-01
    6.48499966e-01 -3.67538445e-02 3.89163584e-01 1.10716021e+00
    -4.70295131e-01 8.06970537e-01 -1.62052855e-01 2.08429173e-02
    1.58359993e+00 1.66821265e+00 4.76211011e-01 2.06029072e-01
    1.41444695e+00 1.54731596e+00 6.99004054e-01 -7.31323481e-01
    7.15300620e-01 -5.62313437e-01 1.36171675e+00 6.58558607e-01
    8.77003908e-01 1.62713480e+00 -5.17721415e-01 -5.00497043e-01
    1.46385157e+00 8.41356099e-01 1.47821736e+00 4.03568774e-01
    7.25095570e-01 -3.44003350e-01 1.87281609e+00 8.33788693e-01
    9.55265462e-01 9.02021348e-01 9.38143969e-01 3.46563518e-01
    -2.63091177e-01 -5.48429966e-01 1.51077390e+00 -4.10602450e-01
    -5.97760499e-01 -4.38135117e-01 8.63144517e-01 -2.17847049e-01
    9.61431563e-01 -1.96297690e-01 8.18389356e-01 1.89517617e+00
    1.19008243e+00 1.47809732e+00 5.44664145e-01 7.50901222e-01
    -3.63263965e-01 -5.65148175e-01 1.61856866e+00 1.02650309e+00
    1.49811471e+00 1.84499061e+00 -6.47274673e-01 -4.03676569e-01
    1.53957799e-01 1.73804092e+00 1.69382644e+00 4.15258557e-01
    3.01218182e-01 1.30212188e+00 1.63799536e+00 -4.98293161e-01
    1.80856490e+00 1.53331065e+00 -3.30803567e-03 -3.06257337e-01
    -7.20451236e-01 2.87394434e-01 1.41880706e-01 1.43098080e+00
    4.49234307e-01 -3.13904673e-01 2.33133972e-01 -8.33185434e-01
    -8.17454532e-02 7.51442730e-01 1.33953440e+00 3.50645721e-01
    -1.24706522e-01 -8.86078328e-02 6.22642696e-01 1.21399574e-01
    -7.21549869e-01 1.21167684e+00 7.43777305e-02 5.20358145e-01
    1.75576687e+00 -7.74691105e-01 -9.87357274e-02 1.68140419e-02
    6.37213826e-01 -5.45823455e-01 1.68858278e+00 8.49361837e-01
    -3.17255817e-02 7.06767976e-01 -7.58067369e-01 6.25624180e-01
    -4.56976861e-01 -6.89841688e-01 1.19954836e+00 -7.47973248e-02
    1.18224037e+00 1.16876148e-01 -5.79752982e-01 7.21854985e-01
    -4.87180680e-01 2.46814862e-02 1.20671737e+00 1.63874283e-01
    1.23864543e+00 -6.76940978e-01 -1.45784700e-02 5.92474520e-01
    7.44606316e-01 6.54920936e-02 1.60383344e+00 1.38959658e+00
    1.33725464e+00 5.67442834e-01 -2.85296708e-01 8.99141192e-01
    7.98316956e-01 -7.88878083e-01 5.94205797e-01 -2.50986218e-01
    5.88285983e-01 1.05605686e+00 7.86689937e-01 -8.79828334e-02
    2.40488887e-01 7.85607100e-02 5.04505709e-02 9.25562620e-01
    8.32262695e-01 1.83188510e+00 8.26072041e-03 4.86886561e-01
    6.66715086e-01 -4.48813498e-01 1.28439975e+00 5.63420355e-01
    1.55713809e+00 -2.02624276e-01 1.08342433e+00 -4.48775321e-01
    6.81570768e-01 4.85390067e-01 5.09529591e-01 -1.65306509e-01
    1.42051065e+00 7.87408352e-01 1.53371024e+00 1.51941133e+00
    1.71606123e+00 -6.83243275e-01 1.80018234e+00 3.11848581e-01
    -6.49767280e-01 2.44199112e-01 1.39577889e+00 -3.55552793e-01
    5.37497580e-01 2.28306159e-01 5.24525084e-02 -4.10764933e-01
    2.78194427e-01 1.16559792e+00 2.96773255e-01 1.16853523e+00
    -7.37878740e-01 6.15443945e-01 1.50783503e+00 7.07419276e-01
    1.52022552e+00 1.33424175e+00 -7.49261444e-03 1.69858515e+00
    2.64789432e-01 1.18286705e+00 1.57963049e+00 8.36825669e-01
    -6.28336608e-01 -1.23638950e-01 -5.17060280e-01 -2.77405024e-01
    5.17564476e-01 1.14524543e+00 4.26308751e-01 3.91447097e-01
    1.15720558e+00 1.47245872e+00 1.46321511e+00 1.43875635e+00
    1.27207065e+00 1.25525188e+00 1.52100432e+00 -6.53416038e-01
    4.93196189e-01 -2.97968000e-01 4.24661845e-01 8.69180560e-01
    9.70735252e-01 8.86250436e-01 8.28777194e-01 1.44546533e+00
    -7.56225228e-01 6.37612402e-01 1.20026839e+00 1.12130058e+00
    -1.00222252e-01 -2.90272444e-01 1.94864881e+00 3.37828815e-01
    -3.26684490e-02 2.86179066e-01 -9.93367136e-02 1.84173095e+00
    1.40776157e+00 4.32167202e-01 -4.79469150e-01 1.64513063e+00
    1.50378776e+00 7.24181354e-01 -1.39666572e-01 1.68373764e+00
    -1.29639775e-01 8.49999607e-01 -8.04267108e-01 7.48603463e-01
    1.22542846e+00 -4.95301515e-01 4.81687546e-01 3.52620743e-02
    2.99336940e-01 1.29022503e+00 -6.91895410e-02 1.35281730e+00
    5.32433629e-01 -1.89944487e-02 1.54243338e+00 5.46651363e-01
    3.11072707e-01 4.39599961e-01 1.11860931e+00 6.69286788e-01
    -5.75690508e-01 3.44295293e-01 7.08867490e-01 6.82251632e-01
    7.89917529e-01 -6.59395576e-01 1.26458716e+00 1.20425475e+00
    9.76394236e-01 -8.59324276e-01 -4.53441054e-01 -5.18878162e-01
    -7.06593275e-01 3.53100002e-01 -7.35646114e-02 -5.13330936e-01
    8.24593157e-02 1.07406247e+00 5.63676953e-01 -2.33752891e-01
    -4.08861078e-02 1.09369445e+00 -5.35282075e-01 2.58619010e-01
    1.59796491e-01 4.87239569e-01 1.15277958e+00 -4.55666512e-01
    -5.52960098e-01 7.11444318e-02 2.35103309e-01 7.63709843e-01
    4.09930736e-01 9.72909331e-02 -5.83719969e-01 -1.62503585e-01
    -1.43908083e-01 8.30934197e-03 2.63135433e-01 1.46386242e+00
    1.87241197e+00 1.31950045e+00 1.17552304e+00 8.15497160e-01
    6.62401080e-01 9.38426912e-01 -3.30127597e-01 6.68479979e-01
    7.65714824e-01 9.00683403e-01 -5.16141653e-02 1.10703535e-01
    -3.49006861e-01 3.14890057e-01 9.55850124e-01 -3.97317946e-01
    7.69499838e-01 -6.03905559e-01 8.41477215e-01 1.20281470e+00
    1.68190849e+00 7.89339781e-01 7.72950053e-01 2.16518119e-01
    -2.58781582e-01 3.05034161e-01 1.77807249e-02 5.45827389e-01
    1.15072286e+00 -6.70836508e-01 6.35958076e-01 1.14871836e+00
    2.75860950e-02 -6.34083509e-01 -2.45989650e-01 1.11388183e+00
    4.47374582e-01 -1.12262852e-01 1.39241493e+00 -3.28898549e-01
    8.67470920e-01 -7.26920307e-01 4.53374445e-01 -1.00669283e-02
    1.55206883e+00 8.24386239e-01 1.09996676e+00 2.54946399e+00
    1.56980717e+00 4.30511296e-01 2.25767717e-02 1.89981675e+00
    1.70570362e+00 1.63925123e+00 5.04975319e-01 -1.01369344e-01
    1.32834157e-02 1.53106415e+00 6.23138070e-01 4.02517915e-02
    -2.46275172e-01 1.08694851e+00 2.34855220e-01 1.31651425e+00
    1.54560536e-01 1.39484775e+00 3.90266806e-01 -6.95678234e-01
    -2.04611216e-02 -2.46731400e-01 5.82192481e-01 7.54054606e-01
    -5.13650477e-01 2.57993132e-01 -6.82101011e-01 -2.30268121e-01
    7.28705943e-01 1.05132186e+00 1.03841805e+00 1.32675683e+00
    7.99753189e-01 1.52736568e+00 4.63220142e-02 5.49661934e-01
    -1.01264045e-01 1.22967792e+00 -6.79404497e-01 1.04636276e+00
    9.49653536e-02 -6.51580930e-01 1.36665952e+00 9.31958139e-01
    9.58200932e-01 7.47854635e-02 6.64714515e-01 1.15953815e+00
    1.50568271e+00 9.69657421e-01 8.17885160e-01 1.45872843e+00
    -4.68134254e-01 9.04652774e-02 1.13442171e+00 1.74589443e+00
    -4.28495228e-01 -2.98455030e-01 6.95009053e-01 -4.16220903e-01
    -7.36189857e-02 5.17844260e-01 -2.31504798e-01 1.41947103e+00
    7.09125623e-02 -6.66071415e-01 1.74148595e+00 -9.90947410e-02
    1.22908902e+00 5.39834023e-01 -3.51817608e-01 -3.27560216e-01
    -4.79214549e-01 1.66882336e+00 3.20777446e-01 1.69315708e+00
    -2.64408559e-01 1.31130600e+00 1.48830414e+00 -4.70180869e-01
    7.92324841e-01 1.06695414e+00 -4.38956589e-01 -2.62188643e-01
    -5.64104676e-01 1.73318243e+00 -4.75883573e-01 1.29357803e+00
    -4.70020950e-01 7.49661028e-02 9.58967566e-01 1.29877520e+00
    4.79217529e-01 1.50261283e+00 1.60269690e+00 5.71852684e-01
    -6.43902600e-01 4.74754483e-01 1.69149542e+00 7.92399585e-01
    -2.47922018e-01 1.10837233e+00 1.57120347e-01 -2.31712043e-01
    2.02510655e-01 1.01985300e+00 -6.51996017e-01 8.02106738e-01
    6.11696720e-01 1.56583214e+00 1.38360798e+00 1.25157022e+00
    9.46508229e-01 8.07441533e-01 2.38099247e-01 1.35085893e+00
    7.44249046e-01 1.02503693e+00 -7.00689852e-01 1.49541199e+00
    1.20168388e+00 1.44293618e+00 -6.57877028e-01 2.59446621e-01
    8.29091072e-01 4.28540915e-01 1.72414407e-01 -6.76024377e-01
    -3.09497919e-02 1.49152255e+00 1.04854870e+00 5.05991340e-01
    6.60911739e-01 5.18252611e-01 1.23457205e+00 -6.80508554e-01
    3.48004520e-01 4.32883024e-01 8.12810898e-01 1.21942377e+00
    -1.84238464e-01 1.16605997e+00 -4.08513218e-01 2.51107752e-01
    1.57606101e+00 -6.98059201e-01 -6.50242925e-01 -8.34965408e-01
    9.73686039e-01 -8.91134962e-02 2.99956769e-01 1.47867143e+00
    8.56928587e-01 -5.59696436e-01 6.17962003e-01 -2.10878283e-01
    1.80287793e-01 1.21649575e+00 4.02551740e-01 -8.44708145e-01
    -1.34548768e-01 3.96329612e-01 9.65876102e-01 5.51055014e-01
    6.89145148e-01 -3.44542563e-01 8.01664174e-01 3.37416567e-02
    1.17515635e+00 9.81202602e-01 -1.91650629e-01 -6.92711994e-02
    1.65635610e+00 1.43606722e+00 1.30338979e+00 8.93104613e-01
    1.29527122e-01 1.33761871e+00 5.40603518e-01 1.17352915e+00
    -1.40067860e-01 1.36529863e+00 5.23597121e-01 6.00425363e-01
    9.92869735e-01 -7.72358119e-01 7.10337043e-01 1.71115994e+00
    -8.63948241e-02 7.56842732e-01 -8.23826432e-01 -2.33576652e-02
    -3.11404198e-01 6.99504137e-01 -1.69747442e-01 7.39609778e-01
    -4.07525152e-01 1.29566300e+00 -4.47139084e-01 3.87709260e-01
    6.57534450e-02 -3.11122656e-01 -2.29777500e-01 9.97154772e-01
    1.10927236e+00 -5.46121716e-01 1.32688379e+00 1.83963633e+00
    8.06258544e-02 1.17798889e+00 8.93453300e-01 1.90344214e+00
    1.59783053e+00 3.68032902e-01 -2.93266177e-01 -2.91574568e-01
    5.62947094e-01 1.39665782e+00 1.89359820e+00 -1.48596779e-01
    4.88367409e-01 -3.27171981e-02 1.54964554e+00 -4.80578214e-01
    1.40515900e+00 1.62534750e+00 -1.69208899e-01 1.21677768e+00
    -1.21023178e-01 1.13581896e+00 2.71073967e-01 1.31130874e-01
    5.56540012e-01 -1.30708903e-01 1.27214575e+00 1.23418415e+00
    -4.17828947e-01 1.27528656e+00 1.86644137e-01 -4.18619871e-01
    -5.08360744e-01 1.66965258e+00 1.37862849e+00 -2.78856605e-01
    5.71326017e-01 1.35216546e+00 1.14030302e+00 1.40159035e+00
    7.70113289e-01 1.46036887e+00 3.02319080e-01 1.40796185e+00
    -3.54993045e-01 -5.79934657e-01 1.05137098e+00 1.27549338e+00
    5.69062531e-01 1.69516432e+00 2.87896544e-01 8.44690740e-01
    1.58502626e+00 -5.11111975e-01 1.50739348e+00 1.40023696e+00
    1.60972118e+00 1.69710204e-01 -6.48757279e-01 7.16385469e-02
    -3.93709421e-01 1.54269472e-01 4.79663052e-02 1.14666355e+00
    1.76682305e+00 1.75790012e+00 -4.64045197e-01 -2.68467486e-01
    4.23500597e-01 2.53824323e-01 1.83383429e+00 1.60602927e+00
    6.32235706e-01 -7.04373419e-01 1.73750234e+00 1.24717021e+00
    3.52713436e-01 5.50787628e-01 6.66115165e-01 -6.94188848e-02
    1.21551263e+00 7.74690866e-01 1.16278887e+00 2.14442611e-01
    -4.61635888e-01 9.24357325e-02 1.60247910e+00 1.13768053e+00
    -5.72020292e-01 7.12394416e-01 1.75975227e+00 1.26961195e+00
    1.40211630e+00 8.65552664e-01 7.08039522e-01 1.65585625e+00
    6.46766871e-02 5.83243728e-01 4.19154942e-01 -5.97441375e-01
    -5.94456553e-01 -7.53117129e-02 -6.18225038e-01 -4.51101661e-01
    1.39995646e+00 -4.59847420e-01 -3.65435481e-01 -4.75921541e-01
    -3.79110187e-01 -5.12401521e-01 -7.16009557e-01 1.19997871e+00
    -4.20136422e-01 3.39372277e-01 6.62477314e-01 1.62936425e+00
    8.28124225e-01 -2.65349865e-01 -5.24993420e-01 -3.79422039e-01
    5.31268716e-01 3.42289239e-01 1.28231451e-01 1.54897106e+00
    -4.69162673e-01 1.21792054e+00 1.45090365e+00 3.68036956e-01
    1.79037344e+00 -3.07907522e-01 1.58095562e+00 -2.35983208e-01
    -7.19229400e-01 1.74393821e+00 6.00168049e-01 -1.97289318e-01
    1.62157559e+00 -1.04565442e-01 1.09105670e+00 -1.03292286e-01
    -4.40256178e-01 -8.45989466e-01 1.09356618e+00 3.65680248e-01
    7.95806646e-01 1.49073136e+00 -6.24023259e-01 4.82971251e-01
    1.62505710e+00 6.05463445e-01 1.27148366e+00 -5.75194299e-01
    -3.78936619e-01 1.63541424e+00 -7.88449526e-01 -6.74123466e-01
    2.18578383e-01 4.83825356e-01 1.16498864e+00 1.47892907e-01
    -6.26528680e-01 1.25395787e+00 3.95747244e-01 -5.80649376e-01
    3.04787934e-01 2.82158107e-01 -4.08614933e-01 -6.21277809e-01
    1.41937721e+00 8.25544298e-01 8.68602037e-01 2.89072186e-01
    -4.34836566e-01 -1.12172976e-01 3.57777745e-01 -3.74138772e-01
    1.02943850e+00 1.79196501e+00 7.98201323e-01 5.61854601e-01
    6.04010105e-01 -1.26508579e-01 -2.76409268e-01 1.20336831e+00
    3.36678892e-01 -1.26319781e-01 -7.83038378e-01 1.36008954e+00
    7.06995368e-01 9.33595449e-02 9.23070610e-01 1.56716788e+00
    3.66923958e-01 2.00969651e-01 4.15155757e-03 1.57812154e+00
    5.37007809e-01 1.66693354e+00 1.16838014e+00 9.38953459e-01
    -2.66185284e-01 1.31728029e+00 1.78644210e-02 -5.19509435e-01
    8.81061137e-01 -8.00844371e-01 -6.41550869e-02 1.68670297e-01
    1.18601382e+00 -4.15916890e-02 -5.59051037e-01 7.16552496e-01
    -5.05162060e-01 3.12514931e-01 -3.99399519e-01 -7.33040929e-01
    -5.44444323e-01 -4.38964069e-01 -7.04700351e-01 1.03213108e+00
    1.62821579e+00 3.34351540e-01 1.02759051e+00 -3.89079869e-01
    6.63034856e-01 1.45385218e+00 -9.01164591e-01 -2.16045558e-01
    -5.32673359e-01 8.21328402e-01 4.54715282e-01 1.54023841e-01
    1.70558679e+00 6.16208930e-03 1.71336067e+00 1.85632661e-01
    1.38933599e+00 6.93145633e-01 1.63127017e+00 1.62891185e+00
    1.77878070e+00 1.70438671e+00 1.36256456e+00 1.08956146e+00
    -6.12760603e-01 -3.57958406e-01 9.41058636e-01 -2.96973199e-01
    -5.62499106e-01 -7.98616469e-01 2.45112136e-01 1.38292491e+00
    1.24262500e+00 5.75592756e-01 5.84050775e-01 7.69378543e-01
    -6.45166159e-01 -6.13194823e-01 -7.03338683e-01 1.30298340e+00
    1.16223049e+00 1.26764870e+00 -5.36379099e-01 1.91607818e-01
    1.69227397e+00 -5.63756406e-01 1.77866304e+00 -4.31954771e-01
    -3.46283585e-01 2.99629848e-02 -2.24612176e-01 1.28139213e-01
    -5.95903456e-01 1.70146704e+00 1.33790815e+00 9.00829554e-01
    1.24003601e+00 -8.38283598e-01 1.29641986e+00 1.48880804e+00
    1.21086252e+00 -6.58858567e-02 4.19061817e-02 -3.48577708e-01
    -1.61882967e-01 1.59291315e+00 -5.37575841e-01 1.11062777e+00
    1.09481478e+00 8.69400054e-02 9.96438444e-01 5.99195302e-01
    -2.22420633e-01 -8.47659409e-02 1.55443001e+00 8.45540538e-02
    8.09613407e-01 8.13666582e-01 -2.74055243e-01 -2.97094136e-01
    1.67262840e+00 -1.71604335e-01 -4.33439136e-01 1.98915970e+00
    1.11503816e+00 1.35910845e+00 5.77437766e-02 1.74056935e+00
    -5.56074753e-02 1.63897693e+00 1.04431427e+00 -8.81975174e-01
    1.51433206e+00 1.56402588e-04 3.93622160e-01 -5.43310106e-01
    7.32865870e-01 9.48156416e-01 1.80600238e+00 1.72447073e+00
    -4.08803433e-01 1.27039468e+00 -4.98429000e-01 3.49855334e-01
    1.09929729e+00 1.55526364e+00 1.30605555e+00 4.30408835e-01
    1.14387083e+00 1.54466224e+00 1.02099514e+00 -5.19494295e-01
    1.40485740e+00 -2.13963330e-01 -2.62307644e-01 -4.26012129e-01
    7.79183984e-01 1.72846198e+00 1.29463673e+00 -6.07843041e-01
    1.52054816e-01 9.55443978e-01 -4.61185247e-01 9.12652016e-01
    -4.57778513e-01 2.51576990e-01 1.57567239e+00 1.09128439e+00
    -8.34754765e-01 -8.57435882e-01 -5.78433633e-01 5.96299022e-02
    4.25729334e-01 1.34042847e+00 1.78281462e+00 -2.89876491e-01
    -8.11672270e-01 1.08874118e+00 7.28657722e-01 5.17033972e-02
    -2.42174432e-01 1.09411943e+00 1.79617241e-01 1.42164457e+00
    -1.69110611e-01 9.38699305e-01 1.63568497e+00 6.91380084e-01
    -3.64511609e-01 -7.81724751e-02 3.22812647e-01 8.03575695e-01
    -6.33184671e-01 9.82535660e-01 -3.68042171e-01 1.79957747e-01
    -5.64521909e-01 1.15530062e+00 -3.86449695e-01 7.96333998e-02
    1.09637320e+00 -5.98009825e-01 1.71012700e+00 5.78722417e-01
    -4.03782189e-01 2.76664764e-01 1.77397954e+00 2.91440904e-01
    1.38122606e+00 9.34225321e-01 4.37648922e-01 3.47845644e-01
    -2.98165113e-01 9.09402132e-01 8.61731291e-01 6.26691878e-01
    1.59960592e+00 1.30513811e+00 9.03088391e-01 1.38963580e+00
    1.04636693e+00 2.61532873e-01 1.61892426e+00 1.41806409e-01
    -2.98814803e-01 2.08883181e-01 7.39252627e-01 1.74065322e-01
    1.59948993e+00 -2.20692486e-01 1.57208705e+00 -5.49703479e-01
    9.97278452e-01 1.21790493e+00 -4.88247573e-01 1.66918075e+00
    -7.22530305e-01 6.74159080e-02 9.45432305e-01 -7.27128386e-01
    -4.44461197e-01 -1.59618452e-01 4.70718682e-01 1.05253351e+00
    1.53651643e+00 -2.58755505e-01 4.82980162e-01 -5.45209825e-01
    8.71728003e-01 1.92773771e+00 4.98800986e-02 5.01728177e-01
    -3.05442005e-01 3.45652252e-01 1.40965009e+00 5.43732643e-01
    1.18102181e+00 -6.84380710e-01 1.82848930e-01 -3.82850736e-01
    -3.12246233e-01 -3.35625522e-02 1.17358804e+00 1.05050230e+00
    1.04156625e+00 1.43603063e+00 6.17201865e-01 1.29492927e+00
    4.21884000e-01 -8.22678626e-01 -7.82364845e-01 9.40453053e-01
    1.78740883e+00 5.03413677e-02 3.72974873e-01 -2.73425996e-01
    2.02336609e-01 9.40160096e-01 1.11421359e+00 8.28205347e-01
    -6.97588384e-01 -4.45977479e-01 1.39128470e+00 1.03241503e+00
    8.20203543e-01 1.40306363e-02 -2.15183139e-01 1.05530810e+00
    1.49723947e+00 1.29559219e+00 6.86542749e-01 -6.27052560e-02
    4.31353420e-01 1.08340549e+00 -2.57985473e-01 -2.67256051e-01
    8.01782072e-01 9.47777569e-01 1.57023251e+00 9.98282671e-01
    1.04438138e+00 3.68346721e-01 1.30232906e+00 -3.04766804e-01
    4.55925554e-01 -1.04806624e-01 1.09260857e+00 -3.68481189e-01
    1.66507542e+00 -7.07677841e-01 1.15432000e+00 6.96061492e-01
    -8.06651115e-01 -4.19296920e-01 1.73405802e+00 5.86907804e-01
    7.84306467e-01 -5.31236112e-01 7.13382900e-01 -8.20054173e-01
    2.37909093e-01 1.73529267e+00 2.10136175e-01 9.77980673e-01
    1.78482783e+00 9.48393881e-01 4.84058559e-01 1.10860074e+00
    -7.13511705e-01 1.62798095e+00 -8.41338262e-02 1.56695616e+00
    -6.80270791e-01 -4.74984944e-01 -1.30504847e-01 1.44939590e+00
    1.92791626e-01 -6.47716463e-01 4.79000866e-01 -4.90496546e-01
    -2.10819077e-02 -6.00569308e-01 1.50792444e+00 1.57832310e-01
    4.49033350e-01 7.52635300e-01 7.13777542e-01 1.22606218e+00
    4.94087726e-01 8.55565012e-01 1.06294394e+00 1.44718957e+00
    5.28953314e-01 1.51008511e+00 -5.57882071e-01 1.67426360e+00
    4.65035066e-02 -9.79531035e-02 1.64362586e+00 1.44849455e+00
    1.53563893e+00 6.93829238e-01 -5.82811534e-01 9.27674353e-01
    1.68346548e+00 -7.56998897e-01 -6.62349284e-01 8.11061859e-02
    -8.15782487e-01 1.35260725e+00 5.53160012e-01 1.19323075e+00
    1.69081450e+00 6.61743760e-01 1.41953421e+00 3.37752163e-01
    3.64207208e-01 -3.51697117e-01 6.66250229e-01 1.45834982e+00
    1.70322704e+00 1.45726931e+00 6.35874927e-01 -6.09752610e-02
    -8.35481048e-01 8.58218610e-01 -3.43249053e-01 5.59377015e-01
    1.09493041e+00 1.49884760e+00 2.01391071e-01 8.26886356e-01
    6.48640022e-02 1.36494324e-01 5.63947737e-01 9.66929436e-01
    -4.53266948e-01 1.07681632e+00 -1.19305722e-01 -6.92211330e-01
    1.60065651e+00 5.04649282e-01 -5.70525587e-01 1.70637822e+00
    5.25469184e-01 1.69062400e+00 1.04526258e+00 1.12273431e+00
    -4.56616342e-01 -7.10244119e-01 8.99309158e-01 -5.89232862e-01
    4.63027656e-02 1.22726512e+00 1.11295056e+00 -5.02343237e-01
    1.16297054e+00 2.31542721e-01 1.07595170e+00 5.59431732e-01
    1.35299253e+00 1.77296054e+00 -1.15213141e-01 -9.75383148e-02
    1.63550675e-01 1.34929073e+00 -5.94746292e-01 1.58522511e+00
    -5.56289494e-01 9.43543077e-01 5.16187727e-01 1.11018050e+00
    1.24235928e+00 6.52878821e-01 1.00296891e+00 9.35976803e-01
    1.55201018e+00 6.15774214e-01 4.91458982e-01 -6.95951581e-01
    -2.28468515e-02 8.20039034e-01 -3.65758330e-01 1.35034835e+00
    1.83294070e+00 -1.26419365e-01 -4.39950585e-01 -9.54125822e-02
    5.55039048e-01 -3.61422479e-01 -6.89385653e-01 1.38044387e-01
    9.57455635e-01 -1.75910681e-01 -3.15030932e-01 -3.33896041e-01
    9.25520778e-01 1.60872996e+00 1.02719796e+00 1.89521417e-01
    -5.27531505e-01 6.19580388e-01 -6.60990596e-01 -3.50257009e-01
    -6.64659083e-01 -7.72077367e-02 -4.88432586e-01 1.40707564e+00
    5.86839095e-02 5.61731160e-01 9.31877255e-01 1.49195063e+00
    -1.81668401e-01 -5.10572314e-01 6.05320156e-01 -2.65485674e-01
    1.08593535e+00 1.04552782e+00 9.19070065e-01 8.97055209e-01
    2.15014786e-01 8.10185671e-02 1.03055108e+00 9.58690882e-01
    -4.21084553e-01 1.42634773e+00 -1.45867273e-01 -4.50709492e-01
    2.17569068e-01 -3.08014214e-01 -6.41282916e-01 1.48614764e+00
    9.21228886e-01 -4.36685652e-01 -7.99523890e-01 5.94190359e-01
    -1.04768507e-01 1.12601662e+00 4.46234584e-01 -5.44274688e-01
    1.12552186e-02 7.74520636e-02 1.13045490e+00 -1.32954508e-01
    1.14249718e+00 4.08911198e-01 -3.30993295e-01 -4.31638300e-01
    8.86900544e-01 1.07223713e+00 1.31963348e+00 3.06463659e-01
    7.09802628e-01 8.88047814e-01 2.79355705e-01 -4.54431951e-01
    5.11630952e-01 -2.98747778e-01 2.53701270e-01 9.17877436e-01
    -7.88676143e-01 -6.33509636e-01 1.27308440e+00 -2.35831037e-01
    5.57313025e-01 1.13812959e+00 6.38506532e-01 1.04778779e+00
    2.82921791e-01 1.67047548e+00 1.73237050e+00 9.10561264e-01
    -2.23915756e-01 -1.51925206e-01 1.40336382e+00 1.65355456e+00
    -5.15043444e-04 8.56956482e-01 1.48784012e-01 1.74080265e+00
    1.36641610e+00 1.68474412e+00 1.74273479e+00 -3.37007403e-01
    3.63975227e-01 9.06616271e-01 7.76546538e-01 9.26859319e-01
    1.71409333e+00 9.01213586e-01 -3.57080489e-01 6.93815947e-02
    2.54514933e-01 1.19430220e+00 4.88889754e-01 -3.14945206e-02
    9.15521979e-02 1.26990128e+00 5.25626183e-01 4.15592760e-01
    1.50015628e+00 3.08838904e-01 1.64480543e+00 -3.18233877e-01
    -6.55046225e-01 1.70491183e+00 2.23173171e-01 -7.31123865e-01
    -4.72477645e-01 5.44197559e-01 -7.39534676e-01 5.24870008e-02
    9.41440403e-01 1.76143026e+00 4.63175803e-01 3.84510040e-01
    -1.99963585e-01 -6.36776507e-01 1.57968593e+00 1.77170813e+00
    7.83654571e-01 -1.33980781e-01 2.89415091e-01 6.73610628e-01
    -5.18123388e-01 4.10587519e-01 -4.69726264e-01 -6.60222709e-01
    8.18852842e-01 -4.22013164e-01 1.05995011e+00 -3.60496134e-01
    4.22384799e-01 -3.12752455e-01 3.57659250e-01 1.24185133e+00
    1.77735758e+00 1.81498098e+00 5.97454933e-03 6.40136719e-01
    1.31580222e+00 -8.42507780e-02 1.09464478e+00 -5.22037148e-01
    -1.14023350e-01 1.49266255e+00 6.86868370e-01 -3.21188569e-01
    1.56168312e-01 1.35644102e+00 3.31509948e-01 3.05315256e-01
    8.47243607e-01 -1.56243563e-01 4.97528613e-01 1.44956791e+00
    -1.16831645e-01 -6.24941997e-02 8.98942173e-01 1.63712454e+00
    1.25251031e+00 7.95854628e-01 1.62563503e+00 1.62399018e+00
    1.21842360e+00 3.05394590e-01 -4.76905238e-03 1.67590547e+00
    -6.74082279e-01 -2.07412049e-01 7.67682135e-01 1.53197631e-01
    1.35299504e+00 5.16909301e-01 -1.27013493e-02 9.47807729e-01
    -4.32888001e-01 1.09683084e+00 -6.29391432e-01 1.16473544e+00
    1.07740544e-01 1.63565195e+00 1.51258290e+00 1.28718209e+00
    1.87985450e-01 1.34701979e+00 8.47824097e-01 4.95733023e-01
    -4.02130187e-01 1.11911845e+00 -1.90122098e-01 1.02544727e-03
    -6.76049292e-01 1.18549180e+00 -1.59404635e-01 6.39784038e-01
    1.03317583e+00 -8.07349831e-02 -1.79826260e-01 6.24887347e-01
    -9.22761202e-01 1.82316422e-01 -5.30106485e-01 2.31847733e-01
    8.38712633e-01 -7.62262702e-01 1.15633178e+00 1.25588977e+00
    -8.85071084e-02 -4.61288065e-01 8.15946281e-01 9.27881062e-01
    5.54098785e-01 -1.61426917e-01 1.66457689e+00 -5.43650091e-01
    -6.38885140e-01 9.94743854e-02 7.87400723e-01 1.23660922e+00
    -9.01327506e-02 -2.47438788e-01 -2.89263930e-02 1.04893148e+00
    -7.09433556e-01 -2.81201571e-01 1.49827158e+00 1.39612484e+00
    1.66206682e+00 -4.28235322e-01 -1.99090000e-02 1.33184886e+00
    4.09399390e-01 1.63316166e+00 4.82905246e-02 -7.17230380e-01
    7.86580920e-01 9.15740311e-01 -1.11033052e-01 -6.01031780e-01
    1.66293168e+00 1.18710887e+00 1.64651167e+00 1.50886679e+00
    7.68506944e-01 1.64644766e+00 8.40732157e-01 -5.01066148e-01
    7.90794253e-01 -1.15336649e-01 7.57893622e-01 8.27357531e-01
    4.28807139e-02 -3.33478183e-01 6.34392023e-01 -6.71970606e-01
    -4.69625711e-01 1.74295807e+00 1.62503135e+00 1.65775383e+00
    1.15904883e-01 -6.17148936e-01 1.17389894e+00 -3.39919329e-01
    1.26176572e+00 5.28587401e-01 1.74093318e+00 9.69691336e-01
    5.16793609e-01 -3.94545466e-01 -8.83513987e-01 1.43608463e+00
    1.69947827e+00 -3.21513504e-01 3.92358094e-01 1.28371596e+00
    5.87468505e-01 -7.06683934e-01 2.60570168e-01 -6.75266147e-01
    9.03937668e-02 8.22645247e-01 7.14892924e-01 -4.06022295e-02
    1.05974424e+00 9.68791068e-01 3.81669015e-01 9.71114337e-01
    -2.09151760e-01 1.75559747e+00 1.28144383e+00 1.15132713e+00
    -5.90569735e-01 -4.97671276e-01 1.22582352e+00 1.29869163e+00
    -2.35697716e-01 5.24820030e-01 7.13886246e-02 -2.44134635e-01
    -6.45699263e-01 5.44105351e-01 3.68913710e-01 -7.46194899e-01
    1.53464603e+00 -6.62473917e-01 3.43226910e-01 9.14439797e-01
    9.96957839e-01 2.80459940e-01 1.43198323e+00 1.79296386e+00
    1.35063505e+00 -4.05399978e-01 -6.96784914e-01 4.90393043e-01
    -1.17608853e-01 3.86465311e-01 1.39530909e+00 6.91477507e-02
    -6.86957955e-01 1.30434930e+00 1.71228573e-01 -3.06439191e-01
    4.27658996e-03 1.63319933e+00 -8.27356219e-01 1.10460055e+00
    9.40387607e-01 3.89011383e-01 1.09879458e+00 -2.44259089e-01
    -3.16334605e-01 1.43077314e+00 3.94572496e-01 1.77111542e+00
    4.68467325e-01 1.19962907e+00 1.34631395e+00 -2.60137945e-01
    1.70309258e+00 9.70732093e-01 1.99568719e-01 9.87235487e-01
    4.36008364e-01 -1.86734140e-01 -6.56162679e-01 1.49323605e-02
    -3.37608129e-01 1.18434250e-01 1.66533664e-01 3.09477925e-01
    8.74176741e-01 1.75029385e+00 -8.64409983e-01 -5.53582609e-01
    1.22446012e+00 7.92174876e-01 1.37287521e+00 9.72936451e-01
    1.19737637e+00 8.57975960e-01 1.21521950e+00 -5.52757919e-01
    2.94606447e-01 -4.04158562e-01 1.77182853e+00 1.14387691e-01
    1.25667334e+00 5.54994226e-01 -3.76436234e-01 1.72348094e+00
    1.60024631e+00 5.73132098e-01 1.61842108e+00 1.33842587e+00
    1.11296761e+00 -5.98857880e-01 -1.95427939e-01 1.68044996e+00
    1.58074939e+00 1.63868093e+00 1.80212164e+00 1.52914417e+00
    2.30970368e-01 6.09641492e-01 6.01880670e-01 3.21714163e-01
    7.65024126e-01 -6.30002081e-01 8.97510409e-01 1.69770169e+00
    1.67753232e+00 6.50483072e-01 2.57175237e-01 2.14095742e-01
    -6.17738783e-01 1.63301408e+00 1.66683149e+00 -3.80201340e-01
    -3.18197608e-01 -3.55053544e-01 -1.88963637e-01 -9.26373780e-01
    6.44118786e-02 6.97994530e-01 1.27120888e+00 7.98918784e-01
    9.80636701e-02 -4.37041879e-01 -6.14073038e-01 -2.76899755e-01
    9.09114629e-02 9.49095726e-01 2.27518290e-01 1.40136743e+00
    7.02863038e-01 5.18970490e-01 6.61130667e-01 -9.73771214e-01
    1.12924981e+00 -6.49637938e-01 -7.12828636e-01 1.30926538e+00
    7.84765124e-01 1.41434550e+00 1.61282861e+00 4.65314001e-01
    1.15081596e+00 1.01409209e+00 9.04401898e-01 2.53769904e-01
    -2.82033265e-01 1.72439384e+00 8.84566724e-01 1.51083922e+00
    9.77055848e-01 1.37393999e+00 1.60222852e+00 1.06277692e+00
    1.26174057e+00 1.19872235e-01 1.67645359e+00 2.89661027e-02
    -7.22395360e-01 8.46504569e-02 9.59349453e-01 -5.48167467e-01
    -4.52413738e-01 4.96197075e-01 -1.46482289e-01 1.51460278e+00
    -5.27834654e-01 2.16804445e-01 -8.59287918e-01 1.01892316e+00
    1.66902411e+00 1.23237216e+00 3.00573081e-01 1.34417212e+00
    9.41752136e-01 1.26043701e+00 4.72607702e-01 -6.69539154e-01
    -4.54579324e-01 8.72159362e-01 1.25303626e+00 5.15757680e-01
    9.09178197e-01 -5.06658792e-01 -7.83968985e-01 1.24566984e+00
    1.48148787e+00 -5.79435289e-01 3.43112916e-01 8.27217125e-04
    1.43281150e+00 9.79259849e-01 2.65964955e-01 6.99726567e-02
    1.52046955e+00 5.22060655e-02 -2.14651637e-02 5.20505130e-01
    6.69484735e-02 1.45766640e+00 -5.07088661e-01 1.43177354e+00
    1.55337408e-01 2.55988628e-01 -1.34858623e-01 -2.82453477e-01
    1.81218445e+00 1.04623854e+00 -7.65121400e-01 3.87447596e-01
    -8.18912446e-01 -6.77482903e-01 1.62660694e+00 1.06324828e+00
    2.05060825e-01 3.55105639e-01 1.16294526e-01 1.12313032e+00
    1.26179898e+00 2.47359574e-01 2.98821311e-02 -6.59381807e-01
    1.22309053e+00 1.32680786e+00 5.85211851e-02 1.32490158e+00
    7.61814788e-02 4.89063799e-01 6.17876470e-01 -5.32285511e-01
    6.66063428e-01 1.12499213e+00 1.83946574e+00 -2.87439108e-01
    1.30263194e-01 -4.44910526e-01 -2.21129850e-01 5.82399189e-01
    -5.24882197e-01 9.94885027e-01 -6.39120862e-02 -1.02696232e-02
    -8.26105714e-01 6.80994809e-01 6.00366235e-01 -7.51002729e-01
    5.07336184e-02 7.43580997e-01 -1.57580763e-01 1.52657139e+00
    1.02735507e+00 6.99090064e-01 1.21999288e+00 1.82229292e+00
    1.11301553e+00 -5.98561347e-01 1.63444668e-01 1.53669405e+00
    1.78511977e+00 8.72978449e-01 1.58113647e+00 -4.58451718e-01
    1.72632799e-01 -6.65620863e-01 6.92230403e-01 5.94566226e-01
    1.24134171e+00 -1.68489870e-02 -5.28522789e-01 1.08749020e+00
    3.03379223e-02 6.69896364e-01 1.67417300e+00 7.48363137e-01
    1.12979698e+00 -2.94617176e-01 8.96928251e-01 1.62691057e+00
    2.14706749e-01 6.36121392e-01 6.09217644e-01 -1.93524435e-01
    -6.07756913e-01 -4.19057608e-02 1.45691538e+00 1.39512277e+00
    1.45539093e+00 -6.10456944e-01 1.49638474e+00 3.64567563e-02
    5.24738908e-01 2.19208211e-01 2.23579541e-01 1.82775334e-02
    1.30149603e-01 4.90459770e-01 1.64350367e+00 7.24988937e-01
    -4.84887838e-01 -3.96186709e-01 -4.12706167e-01 -7.81502903e-01
    1.81974161e+00 1.57624376e+00 -2.75209814e-01 -3.59927565e-01
    -8.69404316e-01 9.52514589e-01 1.03844500e+00 2.75815248e-01
    -3.37237477e-01 1.13080955e+00 9.74769592e-01 1.75107026e+00
    1.83110142e+00 -2.20243663e-01 -7.10012138e-01 -7.28280962e-01
    1.88195145e+00 -6.27834201e-01 -1.32268921e-01 -5.73659897e-01
    1.42360878e+00 1.21925128e+00 1.43051505e+00 1.73822713e+00
    1.43725514e+00 1.02275431e-01 1.51321983e+00 3.05874795e-01
    5.46498656e-01 1.00128090e+00 -6.03893459e-01 3.41996789e-01
    7.14911222e-01 9.75128934e-02 -4.11786795e-01 2.52289385e-01
    1.40390432e+00 -7.78026879e-01 7.74049759e-01 8.19714904e-01
    -6.72983587e-01 7.56937683e-01 4.03928190e-01 -2.18973368e-01
    8.07537436e-01 3.77645522e-01 -5.40697992e-01 -5.68980277e-01
    1.11259520e+00 -4.59595442e-01 7.89830208e-01 3.98573965e-01
    1.41359556e+00 1.43557537e+00 -1.56452730e-01 1.67732644e+00
    -2.55758137e-01 -1.54368833e-01 -4.41009909e-01 5.96260309e-01
    -6.51317656e-01 9.29134250e-01 -3.79571587e-01 3.59838963e-01
    1.44443795e-01 3.24097574e-01 1.66946507e+00 6.96620524e-01
    -3.63228202e-01 2.21682027e-01 5.06158829e-01 1.19931817e+00
    -3.95898223e-01 1.54901445e+00 2.95054853e-01 6.86708987e-01
    1.31105256e+00 -5.65790653e-01 1.38029611e+00 1.37064910e+00
    9.40648794e-01 1.99110564e-02 -3.47072482e-01 1.98733225e-01
    1.44049954e+00 1.58627534e+00 1.07589817e+00 9.83510852e-01
    1.15275121e+00 2.28242457e-01 1.49546683e+00 5.05949795e-01
    -2.86438137e-01 1.45843208e+00 1.54678082e+00 -2.96370778e-02
    -2.27595061e-01 1.49812889e+00 -3.75903517e-01 1.93843579e+00
    2.13023400e+00 6.41531765e-01 1.90682936e+00 4.86547470e-01
    -5.73520064e-01 3.44374955e-01 1.19416094e+00 5.71684480e-01
    2.48356923e-01 2.99130529e-01 -4.76194024e-01 3.34139526e-01
    1.03365517e+00 8.95706713e-01 1.57240582e+00 1.60385096e+00
    4.79573049e-02 -7.65568197e-01 -5.44594169e-01 -3.90910566e-01
    1.23528850e+00 5.85331261e-01 5.41485667e-01 1.31258297e+00
    1.24465346e+00 1.00339460e+00 -6.48957670e-01 1.39335537e+00
    1.45883429e+00 4.45930183e-01 -6.60386980e-01 8.25800240e-01
    1.20982873e+00 1.69000506e+00 4.06279534e-01 -1.07006088e-01
    -4.94349003e-01 -4.13545907e-01 1.26758897e+00 1.18620098e+00
    -2.45252565e-01 1.81905711e+00 1.81534374e+00 1.27551377e+00
    -1.22688070e-01 1.44574559e+00 1.09018672e+00 1.60936165e+00
    1.55870843e+00 4.63631570e-01 6.61916196e-01 -6.90461636e-01
    3.47348526e-02 1.37208962e+00 9.58776176e-01 1.24477124e+00
    9.32869613e-01 -8.52063358e-01 -3.85452300e-01 1.17060149e+00
    7.90193915e-01 7.51032948e-01 1.00139713e+00 9.44029152e-01
    1.01147747e+00 3.40349883e-01 -4.08360213e-02 1.54501641e+00
    1.24673176e+00 1.13035810e+00 -3.53676528e-02 2.39331082e-01
    3.86397849e-04 -2.38309160e-01 1.80097187e+00 1.60191631e+00
    -5.91157138e-01 -3.42961043e-01 1.25664890e-01 1.56934106e+00
    8.57334808e-02 2.56415457e-01 -1.40074968e-01 4.95041847e-01
    5.32683015e-01 1.42026508e+00 2.52824277e-02 2.58177251e-01
    5.39071679e-01 3.21856946e-01 -3.15129578e-01 -3.53546083e-01
    1.73901808e+00 -6.49252295e-01 1.06358588e+00 1.05948293e+00
    6.74058974e-01 -7.16781199e-01 4.59136903e-01 4.51501667e-01
    1.21857584e+00 3.43412310e-01 1.30902219e+00 1.50850070e+00
    -4.18068916e-01 -3.14235568e-01 1.36067045e+00 -6.22855484e-01
    1.34701991e+00 1.05283344e+00 1.13834953e+00 -1.82490051e-02
    1.81129897e+00 -2.95604825e-01 -2.20427945e-01 -1.96696833e-01
    1.87741712e-01 9.26048934e-01 2.35742703e-01 1.24006271e+00
    8.97266269e-02 5.03325284e-01 1.45777977e+00 -2.09625512e-01
    5.21881640e-01 -7.48566091e-01 -1.72997952e-01 -7.63563275e-01
    1.65649676e+00 9.68194187e-01 1.39016247e+00 -3.70346606e-01
    -6.44337714e-01 1.60323370e+00 -8.35922897e-01 3.08013648e-01
    1.31530011e+00 6.25910461e-01 1.22347414e+00 -5.56114726e-02
    -4.69873935e-01 1.05062366e+00 1.00313067e+00 3.46182108e-01
    5.91024518e-01 6.11027718e-01 5.90881705e-01 1.13705909e+00
    2.54718363e-01 -5.61464548e-01 6.20352030e-01 1.33000171e+00
    7.10972190e-01 -8.07351351e-01 5.45860708e-01 -1.27187967e-01
    1.53042865e+00 1.27589905e+00 9.51696634e-01 7.45993733e-01
    -6.53461695e-01 8.40241194e-01 -6.13886952e-01 1.02641237e+00
    1.43372083e+00 1.34372258e+00 1.59808040e+00 5.10558486e-01
    -2.34912843e-01 7.97339737e-01 5.54655015e-01 9.54629004e-01
    2.44241133e-01 2.49888644e-01 2.39732653e-01 -2.92148262e-01
    1.56899917e+00 -1.30137980e-01 1.05818176e+00 -6.17431164e-01
    -4.42318410e-01 -5.73560059e-01 1.62462306e+00 1.64759576e+00
    -2.66446453e-02 -2.98459768e-01 8.67269993e-01 1.43875837e+00
    -2.74185598e-01 -3.39907229e-01 8.98680627e-01 1.47672272e+00
    8.12279105e-01 1.76091003e+00 7.21051991e-01 6.21345460e-01
    -6.04687274e-01 1.42599356e+00 -7.65171528e-01 9.95213240e-02
    2.93476045e-01 3.90225917e-01 8.59609842e-01 1.41184449e+00
    -1.27792209e-01 3.81517082e-01 6.46886587e-01 -7.45652556e-01
    -4.56326365e-01 1.38822579e+00 1.80144262e+00 5.38886368e-01
    1.23980832e+00 -2.58816779e-01 3.60754162e-01 1.28791451e+00
    5.13069928e-01 -6.80464089e-01 5.44383407e-01 7.04883277e-01
    -7.94604421e-01 7.97040388e-02 -8.17789018e-01 1.34639585e+00
    -3.59083205e-01 1.47339791e-01 1.19215524e+00 1.38262248e+00
    8.60217214e-01 -2.74010897e-01 -5.33624068e-02 1.36745024e+00
    -8.47418427e-01 1.53922963e+00 9.90576327e-01 6.85341060e-01
    -1.00563072e-01 -9.07032371e-01 -6.87030077e-01 -3.24853688e-01
    -8.14010322e-01 5.91572762e-01 1.14907825e+00 -8.99832070e-01
    4.97003853e-01 1.02513838e+00 -4.01402339e-02 1.67378223e+00
    6.23627007e-01 1.53165817e-01 1.46526039e+00 -8.52375329e-01
    6.03587270e-01 1.00504184e+00 4.95363951e-01 3.95507097e-01
    -1.76824719e-01 1.73116672e+00 -5.18336892e-01 -5.75818956e-01
    -5.49487889e-01 -3.82020652e-01 -6.25075400e-01 -6.00694537e-01
    -7.09972143e-01 1.49231350e+00 1.46347642e+00 1.85333386e-01
    1.40891090e-01 -3.54138196e-01 7.77917132e-02 1.51855838e+00
    -7.38148570e-01 4.61572438e-01 1.26875794e+00 7.51168251e-01
    5.73588789e-01 1.48310363e+00 1.38467824e+00 1.44788778e+00
    1.26102722e+00 5.04995763e-01 -1.46285057e-01 -8.95023227e-01
    1.34846067e+00 1.70523632e+00 -6.97292209e-01 -8.06605697e-01
    1.24573243e+00 -2.34723270e-01 4.87615913e-01 1.17535055e+00
    1.10634732e+00 9.23943758e-01 2.81700969e-01 4.45256412e-01
    1.26628053e+00 1.81413734e+00 4.18133110e-01 -1.87479153e-01
    2.37164825e-01 -1.38640061e-01 1.72805178e+00 2.21160755e-01
    1.73087537e+00 -4.94769126e-01 1.25038910e+00 7.56883621e-01
    9.37020540e-01 -1.72967374e-01 8.81408513e-01 1.70040405e+00
    1.25202012e+00 1.04016638e+00 7.07351208e-01 1.50104403e+00
    7.47159421e-01 -6.89505041e-01 -7.31800973e-01 4.74520363e-02
    4.91010308e-01 8.27059090e-01 1.66403806e+00 1.52348673e+00
    -7.85318673e-01 1.00761533e+00 -6.68921053e-01 -3.53233904e-01
    -2.45966047e-01 1.51966047e+00 1.36175692e+00 3.14085692e-01
    -8.01422894e-01 -9.59077775e-02 7.37821043e-01 1.85839438e+00
    1.87233365e+00 -6.01087391e-01 5.35382330e-01 1.66537499e+00
    1.84972525e+00 9.00800765e-01 6.77971125e-01 1.10012615e+00
    -7.64992416e-01 1.57881498e-01 1.05201113e+00 1.72836626e+00
    1.72212005e+00 1.07838058e+00 2.13410072e-02 1.78331077e+00
    1.62711370e+00 -4.83223289e-01 1.39344859e+00 1.23588622e+00
    -3.94447893e-01 -5.39710939e-01 1.43006074e+00 7.64403462e-01
    7.95612276e-01 1.27075756e+00 -2.10795462e-01 1.67626941e+00
    -8.30729604e-01 -5.12734592e-01 -4.62022960e-01 -2.66715884e-01
    -1.09389499e-01 8.83299410e-02 3.03828239e-01 5.75038075e-01
    1.08301795e+00 1.19177794e+00 1.02649331e+00 1.61866665e+00
    1.03416085e+00 1.58912587e+00 7.69038141e-01 1.45420527e+00
    -5.16864479e-01 3.07274252e-01 6.81532025e-01 7.83782065e-01
    6.13748372e-01 9.70660746e-01 -2.98808753e-01 1.27021754e+00
    1.47593236e+00 4.27653730e-01 2.49483854e-01 1.45478797e+00
    1.61730134e+00 -7.86531270e-02 7.04515517e-01 5.65530062e-01
    8.41932744e-03 2.06610501e-01 -1.44093558e-01 1.39868832e+00
    -2.39670277e-01 3.01900715e-01 1.26758862e+00 5.32939076e-01
    -2.96595991e-01 -7.92316198e-01 -2.94648319e-01 9.29601371e-01
    5.62694848e-01 9.41305280e-01 -7.64300942e-01 7.14241564e-01
    1.75777173e+00 1.17355430e+00 -1.28779873e-01 -5.93867481e-01
    1.38696694e+00 1.41241622e+00 1.68521786e+00 -6.09650373e-01
    4.98810336e-02 -5.21932542e-01 -7.20263541e-01 1.35618436e+00
    -7.87240982e-01 1.81127548e+00 7.38370597e-01 -2.40196437e-01
    1.19180191e+00 1.36253619e+00 2.42504999e-01 1.58665574e+00
    1.15660213e-01 7.00349331e-01 -7.91320443e-01 7.88654312e-02
    1.14779186e+00 -6.18370250e-02 -8.81026864e-01 1.68363142e+00
    -1.30262196e-01 2.75976449e-01 1.18551898e+00 9.77694869e-01
    1.73284769e-01 6.44951284e-01 -2.08833516e-01 -4.64892179e-01
    1.26520038e+00 -3.15497607e-01 8.38644385e-01 6.34234190e-01
    1.39056790e+00 -6.66495979e-01 5.24698377e-01 1.64468622e+00
    1.39200437e+00 6.59968257e-01 1.07950139e+00 -2.92312205e-01
    -5.02346039e-01 1.57705033e+00 1.24636221e+00 9.82020974e-01
    -5.68976521e-01 2.96372861e-01 1.93434763e+00 4.06587958e-01
    1.40788257e+00 -1.76165730e-01 -3.83667022e-01 2.15471342e-01
    1.64449587e-01 -1.36877283e-01 1.00519788e+00 -7.37133473e-02
    5.54932654e-01 -4.01608109e-01 -1.19068027e-01 1.35747802e+00
    1.76157665e+00 1.62068474e+00 1.62676072e+00 1.76184034e+00
    1.05976546e+00 1.25805950e+00 -7.96588585e-02 8.12294483e-01
    6.36832416e-02 1.27234507e+00 1.04012787e+00 1.18809140e+00
    1.31531954e+00 9.71986651e-01 7.63905108e-01 1.01109886e+00
    1.66905475e+00 -4.89244223e-01 9.43233967e-01 6.30355477e-01
    4.61937308e-01 7.29542613e-01 8.43425468e-02 1.15555835e+00
    1.40974247e+00 -9.06002104e-01 9.78326917e-01 2.52630860e-01
    1.31389916e+00 1.29873836e+00 3.67403030e-01 3.84273738e-01
    -1.91625684e-01 3.49148840e-01 2.51301348e-01 1.03739369e+00
    -5.73716342e-01 3.71968895e-01 -4.21062380e-01 -4.59992498e-01
    -7.68916547e-01 1.61354339e+00 -6.65056825e-01 1.49638331e+00
    2.62014240e-01 -4.71652567e-01 1.52539563e+00 7.50067890e-01
    1.30147731e+00 -3.81813467e-01 1.30424416e+00 6.20973945e-01
    -5.10465562e-01 -4.23059404e-01 7.80425966e-01 8.94551456e-01
    8.69578600e-01 1.33718562e+00 7.98236549e-01 1.69082844e+00
    5.08820713e-01 -4.83310670e-01 -7.23575652e-01 4.95349497e-01
    -1.51529133e-01 9.95899856e-01 1.10319495e-01 -5.61420202e-01
    1.19084191e+00 -2.09614128e-01 4.67559487e-01 -5.43474436e-01
    6.85848892e-01 -7.27084994e-01 5.89818239e-01 1.65524721e+00
    4.79406327e-01 -1.13626599e-01 -5.44753551e-01 -2.50968426e-01
    9.57246721e-01 1.55343950e+00 -2.64951706e-01 -1.49517879e-02
    -3.58536661e-01 1.45407987e+00 -1.69243932e-01 -3.89725953e-01
    1.20097268e+00 1.12362885e+00 3.90426069e-01 -7.86326453e-02
    1.50089860e+00 1.46616483e+00 8.80208671e-01 6.83993757e-01
    8.82437468e-01 9.73537147e-01 -5.84016740e-01 6.46260520e-03
    -7.07010403e-02 -2.43524984e-02 -6.57513857e-01 8.29053283e-01
    1.41936958e+00 1.17791072e-01 -4.62416969e-02 -3.57666425e-02
    2.11756617e-01 2.07489789e-01 -1.83769047e-01 1.09026480e+00
    1.17492545e+00 -3.63712192e-01 3.27372223e-01 -6.23886883e-01
    -3.94551396e-01 1.14291728e+00 -3.18682909e-01 1.71698999e+00
    -2.06191465e-01 1.66825902e+00 2.82341927e-01 1.74406123e+00
    -2.72258043e-01 5.16135693e-01 2.35930368e-01 -2.50384003e-01
    2.51075983e-01 8.96198928e-01 -7.38259032e-02 7.49115229e-01
    3.32859993e-01 1.38259375e+00 8.63904774e-01 -7.85188973e-01
    4.36762452e-01 8.16195905e-01 -4.50883359e-01 2.63283849e-01
    3.35653216e-01 7.57898569e-01 5.20022735e-02 1.36085200e+00
    -6.52002931e-01 2.72472322e-01 -5.50130785e-01 1.32971346e+00
    -6.88297391e-01 1.78253338e-01 -5.52569747e-01 -3.71922404e-01
    1.13155639e+00 7.08637893e-01 7.65123367e-01 -2.42742762e-01
    1.42761493e+00 -6.09395087e-01 1.46571910e+00 -4.75497901e-01
    -4.65819329e-01 1.42861974e+00 1.21845633e-01 7.79596150e-01
    7.28699788e-02 6.65295959e-01 6.07891500e-01 -1.20493524e-01
    1.51131642e+00 4.80737478e-01 9.30305123e-01 1.74961805e+00
    -1.99249923e-01 4.53795850e-01 9.08731937e-01 -6.17132843e-01
    9.60974693e-01 1.06716502e+00 9.41248417e-01 1.84654403e+00
    -5.11034131e-01 1.81785715e+00 1.58749413e+00 9.30444598e-01
    5.35509735e-02 2.49894753e-01 4.64494765e-01 4.39973101e-02
    7.56030381e-01 6.07947230e-01 1.63945413e+00 1.43651152e+00
    -5.02379611e-02 1.05413496e+00 6.99520767e-01 -6.10145986e-01
    -7.82338977e-02 2.48319879e-02 2.33163908e-01 5.03883651e-03
    1.55771232e+00 6.83618367e-01 1.64699066e+00 1.85685441e-01
    9.65976238e-01 -5.78616738e-01 -5.96597135e-01 1.54413640e+00
    -5.94648004e-01 1.23733246e+00 1.30335355e+00 2.62774646e-01
    -3.76906663e-01 1.61980951e+00 -4.92474049e-01 -1.09538332e-01
    9.29423928e-01 1.66312230e+00 1.69886446e+00 -7.71409988e-01
    1.12292850e+00 8.44212919e-02 1.46581352e+00 -8.26192498e-01
    8.33420753e-01 1.60142684e+00 8.88397336e-01 -4.26072866e-01
    4.67873573e-01 1.14425731e+00 1.36867881e+00 5.65799296e-01
    1.65646470e+00 1.60099065e+00 1.42356884e+00 7.93483555e-01
    -6.48012042e-01 -4.08056051e-01 -5.96177936e-01 -3.64310116e-01
    1.53549504e+00 5.90263605e-01 -5.87675571e-01 -5.33160567e-01
    -6.49281085e-01 1.02449703e+00 1.23238809e-01 1.56884658e+00
    5.81022382e-01 7.36453176e-01 3.67060125e-01 -2.34459043e-01
    1.81577516e+00 -7.52605438e-01 1.03858316e+00 1.01464570e+00
    3.38505864e-01 9.69254255e-01 4.24045265e-01 9.58809495e-01
    1.41287220e+00 1.60892403e+00 -7.59223878e-01 -1.70475878e-02
    1.78037190e+00 -4.28650111e-01 8.31928372e-01 8.04967523e-01
    1.48453498e+00 2.68696278e-01 7.14747667e-01 4.27847385e-01
    6.86490655e-01 1.06518805e+00 1.23725450e+00 7.48782337e-01
    7.60488659e-02 9.55119669e-01 1.14970255e+00 2.56844878e-01
    1.23558307e+00 4.79853973e-02 8.49337697e-01 1.72731519e+00
    9.20433581e-01 1.74072218e+00 1.63097513e+00 1.22090414e-01
    1.62438214e+00 1.46247640e-01 1.76143312e+00 2.91318327e-01
    1.31383574e+00 -3.04068983e-01 1.58137095e+00 -5.74603856e-01
    4.84103054e-01 1.86944678e-01 -6.32971168e-01 1.04505301e-01
    2.50727445e-01 1.46223068e+00 7.31700301e-01 -5.84582210e-01
    3.34963471e-01 1.05715334e+00 1.34531450e+00 1.48333848e+00
    1.59696281e+00 4.39469926e-02 1.25453681e-01 1.35847881e-01
    3.41100335e-01 -5.01626432e-01 -6.06433213e-01 1.01043963e+00
    1.17117763e+00 -3.01727265e-01 -1.16910227e-01 4.72287774e-01
    -3.44892830e-01 3.23792428e-01 1.20908809e+00 -8.68965149e-01
    3.81876677e-01 9.86053407e-01 6.21061742e-01 1.22727072e+00
    1.67053509e+00 1.98590666e-01 -5.60525298e-01 -7.73622751e-01
    1.77185953e+00 1.17878981e-01 -1.30455166e-01 4.00378913e-01
    -4.71422404e-01 1.00670481e+00 -4.80183840e-01 6.87508583e-01
    -3.32076162e-01 1.70122051e+00 1.55005753e-01 4.19763982e-01
    -6.33328408e-02 2.81573176e-01 -8.63520861e-01 4.45835143e-01
    -7.02641308e-01 1.79120958e+00 1.60089576e+00 9.08346117e-01
    1.57609105e+00 3.34666818e-01 1.00497270e+00 1.57701933e+00
    6.71661675e-01 7.96713650e-01 5.55647425e-02 1.12476468e+00
    -3.62297684e-01 1.11183131e+00 -9.97186601e-02 -1.34257182e-01
    1.64864838e+00 3.47231776e-01 1.15708578e+00 2.81056315e-01
    -6.85172379e-01 1.63109601e+00 -6.35114670e-01 -2.73738950e-01
    2.83660859e-01 2.95648307e-01 8.36565614e-01 1.24751139e+00
    2.36954853e-01 -9.14506257e-01 -4.74496096e-01 1.34425950e+00
    3.44650209e-01 3.98376524e-01 6.27961755e-01 1.07377434e+00
    1.24053493e-01 -4.85620558e-01 1.66054201e+00 -3.84810537e-01
    8.10310185e-01 1.77332282e+00 1.61521697e+00 9.09603715e-01
    1.02669179e+00 -6.64915562e-01 -7.91479230e-01 1.67727889e-03
    1.25430465e+00 1.58534616e-01 1.11939347e+00 1.66582632e+00
    -1.66244239e-01 7.79530704e-01 -4.36985314e-01 1.17831099e+00
    6.58778667e-01 1.92736721e+00 1.29080907e-01 -7.31313944e-01
    -9.57823917e-03 7.52992272e-01 -8.08707893e-01 1.58592904e+00
    -6.86948538e-01 6.71108142e-02 6.38378263e-01 -7.57212400e-01
    1.79862809e+00 1.15122759e+00 1.70026517e+00 -3.78297985e-01
    6.20099902e-01 4.71720248e-02 -7.15393245e-01 2.28131816e-01
    -4.81692344e-01 1.55540955e+00 -1.03579305e-01 6.55979872e-01
    1.48713422e+00 -3.33834976e-01 1.51549268e+00 -4.32081461e-01
    1.77771783e+00 -3.71432811e-01 1.95614159e-01 -1.09820038e-01
    2.95936495e-01 -4.10187215e-01 -4.20826644e-01 -7.82893836e-01
    1.70201206e+00 1.76325113e-01 8.36174965e-01 5.79320550e-01
    -2.59642452e-01 4.08798814e-01 1.40489864e+00 -5.03086746e-02
    -6.27080023e-01 -5.06690085e-01 4.33661014e-01 -1.59600779e-01
    -6.51114881e-01 8.05517882e-02 1.50391281e+00 1.06450534e+00
    -1.36739025e-02 1.18680382e+00 7.55308807e-01 1.05337715e+00
    -1.66365951e-01 1.25906301e+00 2.50685006e-01 8.89968686e-03
    1.84374228e-01 -5.18922687e-01 1.84613395e+00 1.74034003e-03
    3.65885347e-01 -6.82854414e-01 4.89953399e-01 -7.46934593e-01
    8.88753176e-01 -1.74677908e-01 1.54698181e+00 1.21098292e+00
    -8.10411930e-01 -6.11656189e-01 -5.86134911e-01 1.24826717e+00
    -9.00396332e-02 4.41846013e-01 -6.68528736e-01 1.39294505e+00
    -5.99086881e-01 -5.32679558e-01 6.39338255e-01 -6.09501004e-01
    1.33750153e+00 3.78531426e-01 -1.47100136e-01 2.15003818e-01
    -2.39583343e-01 1.14277586e-01 -2.63035238e-01 -6.38066009e-02
    -6.99202716e-01 1.63825893e+00 -4.50373173e-01 2.65904963e-01
    -3.98880601e-01 -1.38205051e-01 1.66357970e+00 1.46351767e+00
    8.31751645e-01 3.00742537e-01 1.52899492e+00 1.33714628e+00
    7.38100410e-01 6.78103447e-01 -7.90236652e-01 1.37528241e+00
    -4.16637510e-02 8.98264587e-01 -4.66402024e-01 1.17888832e+00
    2.82558262e-01 -7.34518886e-01 1.94690347e-01 1.59091973e+00
    -7.33470380e-01 7.30307460e-01 4.10429239e-01 1.61362565e+00
    -7.12087691e-01 -4.80160087e-01 1.45721114e+00 8.88940692e-01
    6.35942161e-01 1.80525446e+00 9.70946312e-01 -6.04591191e-01
    -5.36537170e-01 -2.57982284e-01 7.05099702e-01 1.39357889e+00
    -6.22656763e-01 -5.32221138e-01 1.62207261e-01 1.46497416e+00
    -3.78748983e-01 -1.21293262e-01 8.91375959e-01 2.66551042e+00
    1.71300924e+00 1.84978628e+00 5.68654060e-01 1.78036058e+00
    9.38070118e-01 4.97065395e-01 -7.35977769e-01 2.46562436e-01
    1.72572410e+00 1.39457703e+00 1.32071245e+00 9.91357982e-01
    7.88781166e-01 6.92001879e-01 7.09474087e-01 -6.68204904e-01
    1.65041506e+00 9.59522545e-01 9.82052147e-01 -2.35894974e-02
    1.44621384e+00 1.30022931e+00 -2.17465684e-01 1.54692566e+00
    -1.63764194e-01 1.11409044e+00 8.53211582e-01 2.38447562e-02
    7.38415718e-01 1.04728305e+00 5.27959764e-01 1.60789430e+00
    1.52893901e+00 1.81486464e+00 1.58682191e+00 1.51205647e+00
    -2.74288729e-02 7.14884162e-01 1.83343709e-01 -6.22048438e-01
    3.13496858e-01 1.88333154e-01 1.15216458e+00 -3.30578357e-01
    7.72051096e-01 8.04701328e-01 3.89145195e-01 1.67556131e+00
    3.80208999e-01 1.15646744e+00 4.68387872e-01 5.60197055e-01
    1.53803051e+00 5.42864442e-01 5.72969913e-01 -4.97604609e-01
    1.62197304e+00 5.98660469e-01 -5.35187364e-01 4.06714946e-01
    -3.63295943e-01 1.79757333e+00 1.44203305e+00 -5.88507652e-01
    6.12914026e-01 6.35248184e-01 1.65454149e+00 -5.87963045e-01
    9.41617787e-01 -1.74820244e-01 1.38581884e+00 1.19198047e-01
    7.07237065e-01 -5.67806046e-03 1.83960652e+00 1.15312397e+00
    9.81759667e-01 1.17557788e+00 1.69983238e-01 1.38541341e+00
    1.72656393e+00 -4.35766220e-01 -1.10175900e-01 2.18886063e-01
    1.28207251e-01 1.75821352e+00 -6.38554811e-01 1.17998493e+00
    1.31250894e+00 5.31060100e-01 6.45411909e-01 1.48372328e+00
    1.45353127e+00 1.58240628e+00 -8.75952959e-01 -5.40998042e-01
    1.38307512e+00 -2.86974490e-01 6.94561064e-01 8.26030135e-01
    -7.47597933e-01 -8.04354191e-01 5.37177384e-01 -1.22140869e-01
    1.70474005e+00 -6.09379783e-02 6.99927390e-01 3.91485661e-01
    -6.05165698e-02 4.88122314e-01 -1.78336337e-01 1.61401081e+00
    3.94673586e-01 1.36147535e+00 -3.60364437e-01 1.19656518e-01
    -6.05091929e-01 3.18536103e-01 1.11787832e+00 1.54104054e+00
    5.18353343e-01 1.12668550e+00 1.71639264e+00 1.70390856e+00
    1.40308213e+00 1.48196566e+00 2.48919763e-02 -7.74836719e-01
    -4.35450345e-01 1.56258330e-01 -1.88839242e-01 1.79727983e+00
    1.71666300e+00 -4.15482551e-01 1.37138510e+00 -1.26920715e-01
    7.86206841e-01 6.53522849e-01 -4.78342384e-01 5.82147181e-01
    -4.26454365e-01 1.65394950e+00 9.11763906e-01 1.63959968e+00
    1.21103740e+00 1.41126633e+00 -9.90806445e-02 -5.71024358e-01
    1.53319430e+00 -2.10763365e-01 1.76129746e+00 -4.21226859e-01
    1.68233967e+00 9.80175555e-01 8.93379271e-01 -6.70971675e-03
    3.20970833e-01 -8.41818810e-01 7.54141748e-01 4.03194189e-01
    1.32204843e+00 1.66584551e+00 1.30375600e+00 5.94577014e-01
    1.74542141e+00 7.91045189e-01 -6.60608947e-01 -2.89591271e-02
    8.21965098e-01 6.89004660e-01 -5.14088392e-01 1.75982594e-01
    2.38397568e-01 -5.67078471e-01 6.25690818e-01 1.02511518e-01
    3.47639531e-01 -6.50904953e-01 1.94663501e+00 1.10539258e+00
    -7.50305653e-02 9.49752629e-02 4.73975569e-01 1.63377714e+00
    1.59867477e+00 -2.75569260e-01 -8.37171078e-01 -7.63484538e-01
    1.79228950e+00 -1.09142615e-02 1.77680731e+00 1.65709412e+00
    1.71116725e-01 -1.62941188e-01 1.47076273e+00 1.73284864e+00
    1.09252870e+00 -8.71082008e-01 -8.46649647e-01 -1.42043652e-02
    9.12652239e-02 1.50715411e+00 4.47542220e-01 1.50624609e+00
    1.07719648e+00 -1.45588547e-01 -7.02311575e-01 -5.23753166e-01
    6.75469279e-01 6.52574599e-01 1.74983573e+00 1.10680532e+00
    -4.24073100e-01 -6.36842698e-02 -3.25227439e-01 -4.07421321e-01
    1.71808898e+00 8.65009665e-01 -6.41449094e-01 9.49807823e-01
    -5.61155081e-01 7.46363044e-01 4.09101814e-01 8.61121953e-01
    1.68837917e+00 9.49576199e-01 8.42098296e-01 1.78149700e+00
    -5.76802015e-01 1.69083726e+00 -4.45022374e-01 5.92199974e-02
    1.11475575e+00 6.28121078e-01 7.31287062e-01 5.13070464e-01
    1.64834368e+00 1.78883776e-01 -6.33253813e-01 5.57301641e-01
    5.02780676e-01 9.85924006e-01 4.82782006e-01 -6.65582895e-01
    2.68597811e-01 -1.30494088e-01 -7.25385427e-01 -3.96267295e-01
    5.20351708e-01 7.92321086e-01 2.90148526e-01 1.74621570e+00
    1.57540977e+00 1.55186534e+00 1.46158981e+00 2.16250777e+00
    2.15549469e+00 1.02908218e+00 9.23118174e-01 8.39349926e-01
    1.69541776e+00 1.14946353e+00 1.81163251e+00 -3.11728269e-01
    9.21006501e-01 2.45159864e-03 6.09780028e-02 -9.11356062e-02
    -6.88082278e-01 1.53343856e+00 -3.09698969e-01 -1.82920963e-01
    -5.14117897e-01 -4.87216502e-01 -4.72206384e-01 1.84382096e-01
    1.21299779e+00 1.25302601e+00 6.93613350e-01 6.55813098e-01
    1.54869318e+00 8.08162928e-01 1.52863967e+00 1.68337214e+00
    7.52860188e-01 -8.16357911e-01 2.81107992e-01 7.63840020e-01
    2.55775928e-01 1.40527678e+00 -1.73154473e-01 5.61111391e-01
    1.23355937e+00 4.25397456e-01 -2.76084803e-02 9.22767520e-01
    -2.89142847e-01 -5.04634202e-01 2.86563426e-01 -2.28525445e-01
    1.57024574e+00 -7.67640114e-01 5.11255085e-01 -3.38400841e-01
    -1.05700910e-01 8.68053809e-02 8.28345239e-01 1.64360535e+00
    6.36733845e-02 8.89300644e-01 -6.82475626e-01 -1.67893618e-02
    3.96387130e-02 5.38289785e-01 1.21478713e+00 -4.40221757e-01
    1.22426140e+00 5.58381915e-01 -4.63825911e-01 1.24047840e+00
    1.04312849e+00 -7.27469921e-01 1.23653710e+00 9.11204994e-01
    -3.44540268e-01 -3.42519283e-01 1.14730048e+00 -7.02855825e-01
    -1.91515759e-01 -3.88645500e-01 1.14688063e+00 1.64118099e+00
    1.28261745e+00 -3.75436187e-01 -6.13247650e-03 1.16902983e+00
    1.42144823e+00 -5.55941522e-01 7.46708632e-01 -2.36013606e-01
    -8.96500230e-01 -4.57780100e-02 4.44060445e-01 8.05394053e-01
    2.86315203e-01 9.08258498e-01 4.80118394e-03 1.42436266e+00
    9.07063261e-02 7.96073496e-01 2.61769533e-01 6.21521533e-01
    -1.65416002e-01 -3.32913876e-01 7.34078705e-01 -4.19633240e-01
    1.61267793e+00 1.21988475e+00 2.52424665e-02 -3.77360396e-02
    1.12630153e+00 1.61406446e+00 6.21804953e-01 1.11696029e+00
    3.27876568e-01 8.92225146e-01 7.64788687e-01 -5.94866693e-01
    1.33260262e+00 -8.06250870e-01 1.21687964e-01 4.07361090e-01
    1.66316688e+00 1.19159840e-01 -7.30647743e-01 3.69543165e-01
    8.11387837e-01 3.82006839e-02 1.76452661e+00 1.54164851e+00
    -6.04852259e-01 2.91921973e-01 -4.71122324e-01 1.25491881e+00
    2.02903152e-01 1.17274821e+00 -6.89590991e-01 1.43685952e-01
    -5.27279675e-01 6.19989991e-01 1.02675116e+00 1.05914736e+00
    7.42155135e-01 -6.87171400e-01 1.47061622e+00 1.09210181e+00
    4.61533338e-01 -4.21581902e-02 1.57606453e-01 6.61591291e-01
    -4.25384969e-01 -1.17423460e-01 1.10491276e+00 -2.77298242e-01
    -8.65082800e-01 1.14105892e+00 1.04666007e+00 -5.12013078e-01
    8.89377475e-01 2.13048588e-02 1.63758516e+00 -1.46845907e-01
    9.77722406e-01 8.71199608e-01 -4.58090782e-01 1.73410094e+00
    -2.16373906e-01 -6.83971718e-02 9.71725106e-01 1.54081953e+00
    5.15091717e-01 8.73345315e-01 1.25380731e+00 1.06374466e+00
    4.62741286e-01 1.58341062e+00 -1.08130209e-01 6.11225426e-01
    8.48001912e-02 1.77966642e+00 -1.29428999e-02 1.91648555e+00
    -2.51795668e-02 -4.62144166e-01 1.29891205e+00 9.78428781e-01
    1.32977474e+00 7.12117329e-02 1.41469550e+00 8.39093804e-01
    1.71584356e+00 1.46739256e+00 2.65267015e-01 1.78335524e+00
    7.20677674e-01 4.20350820e-01 6.26208663e-01 -2.11789623e-01
    9.62922156e-01 -1.54897630e-01 1.83523551e-01 1.67776048e+00
    1.80717278e+00 1.72609758e+00 3.33139598e-01 1.74421465e+00
    3.79807264e-01 5.04171669e-01 1.83552817e-01 3.71812999e-01
    -2.26533011e-01 1.55056044e-01 2.58746028e-01 -3.92041773e-01
    -2.43302882e-01 9.29682612e-01 5.15873246e-02 6.71889335e-02
    6.95146918e-01 1.80859637e+00 -5.08402176e-02 9.49271023e-01
    -1.73012868e-01 9.65807498e-01 -5.14596045e-01 -6.72707081e-01
    1.53141129e+00 1.57347465e+00 9.44861710e-01 -3.76892954e-01
    9.32632565e-01 -6.42666936e-01 -1.97956413e-01 1.70423198e+00
    -3.43871325e-01 -1.45780012e-01 -2.47513935e-01 1.37445724e+00
    8.76576602e-01 1.45900321e+00 8.72733533e-01 -7.19388127e-01
    -2.15179577e-01 -3.72548223e-01 -4.37665135e-02 1.26418602e+00
    3.31000209e-01 -2.21118480e-01 4.48420107e-01 1.76046479e+00
    1.12018239e+00 1.42779028e+00 1.49848187e+00 1.27817497e-01
    1.66793776e+00 -2.56469399e-01 -4.12070192e-03 3.12644802e-02
    -2.51130760e-01 1.45654714e+00 1.98534393e+00 6.67051613e-01
    7.25074947e-01 -2.47395381e-01 7.00026080e-02 8.96847904e-01
    1.44312859e+00 -5.85874259e-01 -2.68943876e-01 1.66063166e+00
    2.54534215e-01 3.07714373e-01 6.39878571e-01 1.72927713e+00
    9.19086695e-01 3.67233753e-02 1.53460228e+00 6.30575597e-01
    -7.49034643e-01 5.11803746e-01 -6.80655956e-01 -3.85483861e-01
    -2.16710567e-01 1.21980214e+00 -3.72649908e-01 -7.91259885e-01
    1.33485413e+00 1.34942448e+00 4.40455317e-01 1.70569313e+00
    1.10943091e+00 4.34058726e-01 7.31624246e-01 -6.76839411e-01
    -1.43510386e-01 1.01622239e-01 1.42549229e+00 8.15383732e-01
    1.75221607e-01 9.33615148e-01 1.39367253e-01 7.90139318e-01
    9.83876050e-01 1.70506334e+00 4.49345887e-01 -2.20951751e-01
    1.50757515e+00 2.53025979e-01 1.57966524e-01 6.20286882e-01
    1.83195508e+00 -5.08532405e-01 -4.48454827e-01 2.24005803e-01
    7.24153742e-02 8.71460289e-02 1.44440317e+00 8.24889183e-01
    8.70360911e-01 1.55440485e+00 1.20805728e+00 -2.01522261e-01
    1.55325401e+00 1.80058986e-01 -3.84947807e-01 -3.45021367e-01
    -4.38342929e-01 9.05814648e-01 1.24880123e+00 -3.12714502e-02
    9.14426684e-01 1.77295530e+00 1.31731176e+00 4.86817658e-01
    1.60319042e+00 1.81739557e+00 -2.72717506e-01 -4.64212328e-01
    -3.09945822e-01 7.72932112e-01 2.22573444e-01 2.88254231e-01
    1.66192162e+00 8.64699244e-01 4.11172330e-01 1.63762367e+00
    -4.63854313e-01 7.78743505e-01 1.76156139e+00 8.78000334e-02
    1.12639558e+00 9.16215539e-01 -5.54852843e-01 1.14744866e+00
    1.27989292e+00 1.79160833e+00 1.42790616e+00 3.57845217e-01
    -3.78078431e-01 8.75072539e-01 -4.04529959e-01 -2.62057722e-01
    1.00548339e+00 1.15572369e+00 -3.40607405e-01 9.27040160e-01
    -7.28894055e-01 -2.74597079e-01 1.75222087e+00 3.25563341e-01
    1.26225162e+00 1.67087924e+00 1.35101712e+00 9.15064275e-01
    5.82578659e-01 1.36958808e-01 -1.94511265e-01 5.63189745e-01
    -2.41430894e-01 4.72280264e-01 8.35159183e-01 -5.35853028e-01
    -1.31834447e-01 -5.75963318e-01 7.79388249e-01 1.73491657e+00
    1.59520924e+00 8.47934186e-01 1.77305341e+00 -5.01980722e-01
    1.04181921e+00 1.40765643e+00 -4.03552540e-02 3.78582627e-01
    1.29425478e+00 9.92646158e-01 4.92339790e-01 9.76683259e-01
    1.46142232e+00 -4.28951114e-01 -7.89906740e-01 -2.30963305e-01
    -5.97537696e-01 1.45619559e+00 -4.12146263e-02 1.41647473e-01
    1.52966309e+00 -7.22280264e-01 -5.68907440e-01 2.20875535e-03
    7.12119281e-01 2.51660228e-01 1.08483398e+00 1.13403642e+00
    6.00340962e-01 1.52159715e+00 9.53663290e-02 -4.30382401e-01
    -7.33539224e-01 -3.83689225e-01 1.67396033e+00 4.00168002e-01
    1.53844452e+00 -2.11337566e-01 1.12656665e+00 8.28931570e-01
    2.24323973e-01 2.50222057e-01 9.28577006e-01 -6.76193058e-01
    4.01388824e-01 -6.68493271e-01 7.01334059e-01 1.10184598e+00
    7.11322308e-01 4.85869050e-01 1.35325685e-01 7.87586942e-02
    1.20678306e+00 1.34489012e+00 -6.92179084e-01 8.86142910e-01
    2.22930819e-01 5.58771491e-02 6.74937010e-01 9.15833935e-02
    -5.53833656e-02 -3.31346214e-01 -5.29141910e-02 1.76159811e+00
    1.16160429e+00 1.11557233e+00 -2.50513822e-01 1.33536635e-02
    1.24472964e+00 -4.43799913e-01 6.12237751e-01 -4.29034621e-01
    5.16469240e-01 -6.84125483e-01 9.76405069e-02 -2.93782264e-01
    7.09787667e-01 3.24641824e-01 -5.03706276e-01 8.70380700e-01
    4.05853838e-01 1.78183413e+00 6.91145599e-01 1.22235394e+00
    1.89573479e+00 6.69973195e-01 -3.01661849e-01 1.82292449e+00
    1.51018310e+00 -1.02639711e-02 1.49514008e+00 -5.14404178e-01
    5.60343027e-01 -2.22463563e-01 7.95461416e-01 3.35243434e-01
    -4.51552272e-01 1.08517177e-01 2.47041911e-01 3.78164083e-01
    -3.35043550e-01 -2.39204511e-01 -3.00246090e-01 -3.60413313e-01
    6.12092972e-01 -8.19233954e-02 -3.49906802e-01 -4.95074056e-02
    1.84642839e+00 -1.19207263e-01 1.58244169e+00 1.23369253e+00
    -5.07827222e-01 1.81511223e+00 4.36457247e-01 5.86478353e-01
    -5.39785922e-01 1.70469868e+00 -6.10952437e-01 9.17612389e-02
    -5.32377124e-01 -3.89314234e-01 -3.58809918e-01 5.52594602e-01
    7.54043639e-01 -2.92870164e-01 3.79901767e-01 -8.17610860e-01
    2.80890346e-01 9.32157755e-01 2.42952198e-01 5.93199909e-01
    7.59552121e-01 -1.27833307e-01 -4.20158684e-01 1.03196359e+00
    4.86044019e-01 1.28393090e+00 -6.41081989e-01 1.48838127e+00
    8.14960301e-01 9.07578111e-01 -2.45157585e-01 1.40576637e+00
    1.37681305e+00 -3.48168492e-01 1.47865486e+00 4.46912438e-01
    9.64515626e-01 2.88738966e-01 1.31153762e+00 1.13444638e+00
    -3.94628614e-01 -5.48318565e-01 1.58082724e-01 -2.76965231e-01
    -8.13872278e-01 -1.66145727e-01 5.26028633e-01 1.43403411e+00
    1.52571309e+00 -5.34444451e-01 9.77800786e-01 1.24346828e+00
    1.14952052e+00 9.52245772e-01 6.26835287e-01 1.63890421e+00
    -5.01134455e-01 1.65456486e+00 2.97734529e-01 7.21302092e-01
    1.05238974e+00 -5.82818747e-01 3.68028104e-01 -1.36568427e-01
    1.51682019e+00 1.50649428e+00 -3.17219347e-01 1.39656091e+00
    -6.72521830e-01 -1.51107177e-01 9.99842584e-01 -4.66497660e-01
    1.24511623e+00 5.78104317e-01 1.75149941e+00 1.12599897e+00
    4.16746706e-01 3.06757361e-01 1.09691751e+00 1.21750879e+00
    1.73674345e+00 1.74837387e+00 1.69116282e+00 3.24940443e-01
    6.56582713e-02 -8.02077949e-01 -6.80709600e-01 1.37452555e+00
    2.25891367e-01 -4.58058119e-01 -4.86526519e-01 -6.80958152e-01
    -4.53777201e-02 1.29894578e+00 -2.17130423e-01 1.50869370e+00
    -3.12936813e-01 1.70746982e+00 8.95408392e-02 -1.30507186e-01
    1.69688559e+00 8.42951655e-01 1.26133144e+00 1.54136646e+00
    -8.71843636e-01 1.03690103e-01 1.51667202e+00 1.49676728e+00
    1.68837500e+00 9.59591150e-01 -6.93286002e-01 6.42676771e-01
    1.17533004e+00 1.48079896e+00 1.33765483e+00 8.18478703e-01
    -2.64829099e-01 7.21155226e-01 1.70886016e+00 1.57116359e-04
    1.57207870e+00 -2.60025889e-01 1.26127255e+00 1.27531719e+00
    1.10433185e+00 3.95234942e-01 3.19452822e-01 5.98562717e-01
    5.28825700e-01 -8.46929312e-01 2.99660653e-01 1.62382412e+00
    6.24815702e-01 -3.60044062e-01 -6.76878989e-01 1.48474205e+00
    1.13403940e+00 8.12051296e-01 -8.00317407e-01 6.00213334e-02
    1.17775643e+00 5.53649843e-01 1.20050061e+00 2.92074084e-01
    9.32217658e-01 -6.95423722e-01 3.46569777e-01 1.31133509e+00
    1.15239501e+00 -3.40236396e-01 -4.24890779e-02 -5.83708942e-01
    8.24569881e-01 1.49093199e+00 1.35955989e+00 -2.64767349e-01
    -2.08463758e-01 -2.59408146e-01 -3.28422427e-01 5.78574138e-03
    1.46396768e+00 1.24691093e+00 1.43403268e+00 3.47737372e-01
    5.66179633e-01 -2.39969622e-02 9.25832450e-01 2.71944433e-01
    1.26126337e+00 9.78992641e-01 1.73170233e+00 1.14996463e-01
    4.44263905e-01 1.21202123e+00 7.04458714e-01 1.44064093e+00
    -6.79722786e-01 1.72852731e+00 9.96895075e-01 -5.64342141e-01
    -5.01033127e-01 5.59870526e-02 -6.52650833e-01 -3.45493585e-01
    1.20841849e+00 -4.63148803e-01 9.41578925e-01 -4.65730816e-01
    6.27747118e-01 1.49614906e+00 -6.51880920e-01 1.49808478e+00
    3.23952734e-01 -5.24022818e-01 -6.38521761e-02 5.41073680e-01
    -6.17960453e-01 -1.14732226e-02 -6.78422034e-01 1.00156879e+00
    -1.89036533e-01 1.78637004e+00 4.98007834e-01 1.81479510e-02
    1.28753448e+00 1.37981200e+00 1.53331268e+00 -3.19059163e-01
    1.09518752e-01 4.92471904e-01 1.32026756e+00 -6.93959713e-01
    1.06958318e+00 6.48815870e-01 2.66668200e-01 4.72680569e-01
    9.12071526e-01 2.19130650e-01 1.47588575e+00 1.40635180e+00
    5.15426934e-01 9.01482284e-01 1.35168207e+00 -1.10692456e-01
    4.80860651e-01 1.13983297e+00 1.56781042e+00 -1.77767619e-01
    -5.56583516e-03 -7.01806009e-01 1.12396133e+00 -6.65604591e-01
    -6.90651499e-03 1.02449882e+00 7.11120725e-01 3.40321153e-01
    -3.92146677e-01 1.67337298e+00 4.83403742e-01 1.39585114e+00
    3.87987703e-01 1.51841605e+00 -2.94576317e-01 1.81710884e-01
    7.71226645e-01 -4.46067780e-01 1.42173886e+00 1.56388330e+00
    8.55428159e-01 -6.15951836e-01 -7.45514452e-01 -8.14238787e-01
    5.50221026e-01 -3.01740795e-01 -6.38276875e-01 6.77602530e-01
    9.62861955e-01 1.97477400e-01 9.66545939e-02 1.67614210e+00
    1.89544475e+00 1.15129828e+00 -2.13746399e-01 4.47568744e-01
    9.26057220e-01 -3.27375710e-01 1.52442503e+00 1.45805156e+00
    1.77257693e+00 7.43129909e-01 -3.56558681e-01 -4.33681071e-01
    1.06549335e+00 1.74474692e+00 -5.36722124e-01 1.08143158e-01
    2.09836021e-01 9.67597868e-03 5.13343692e-01 -2.27792576e-01
    1.18455482e+00 1.47020054e+00 6.42201483e-01 1.16707790e+00
    -1.58232823e-01 1.95564494e-01 4.95685011e-01 1.37502301e+00
    1.48187804e+00 1.12186277e+00 5.16563177e-01 -1.43123180e-01
    6.79584742e-02 7.13808015e-02 -5.01335144e-01 1.14200819e+00
    5.86724639e-01 -7.76965082e-01 2.73104340e-01 1.36005178e-01
    8.16412687e-01 1.46702909e+00 1.39207375e+00 5.90071201e-01
    -8.34079504e-01 -7.21103549e-01 1.01097631e+00 2.94331074e-01
    -7.26064622e-01 7.06184506e-01 5.18265247e-01 -2.86350965e-01
    1.46611238e+00 1.53571293e-01 1.39881182e+00 1.59092927e+00
    -8.02886307e-01 5.11470914e-01 -6.77496850e-01 6.01943254e-01
    1.65924191e+00 8.99133921e-01 -6.84654236e-01 2.87982196e-01
    1.97316762e-02 4.17415857e-01 -3.53939414e-01 1.64261627e+00
    1.99178874e-01 1.78245914e+00 -5.25929749e-01 1.39521706e+00
    -5.38030148e-01 -8.36435676e-01 6.98414683e-01 -6.20604575e-01
    -5.19213617e-01 -8.27745497e-02 -7.13849068e-01 8.73015463e-01
    1.55107176e+00 -7.09960237e-02 -5.56520820e-01 -2.00708717e-01
    7.15455711e-02 4.51679915e-01 1.39914846e+00 5.25883317e-01
    -8.07954133e-01 5.30109257e-02 -5.75497329e-01 -5.34598768e-01
    1.55140913e+00 -7.20900238e-01 1.69922376e+00 1.51833797e+00
    -1.85465470e-01 -8.28725398e-01 1.51444578e+00 1.32912934e+00
    2.01734617e-01 2.32068226e-01 1.17578840e+00 8.20027351e-01
    1.80013442e+00 6.82944179e-01 -3.42170537e-01 1.20549083e+00
    -5.85101008e-01 -1.62172675e-01 1.09394170e-01 1.13999295e+00
    -7.53976822e-01 1.20405722e+00 1.33126235e+00 4.79621857e-01
    1.08494306e+00 -7.81242490e-01 2.18137816e-01 1.20251405e+00
    -7.31002390e-01 -7.07377136e-01 1.02788711e+00 -7.47768819e-01
    1.07990372e+00 1.64515615e+00 4.29807901e-01 1.38991380e+00
    2.11339891e-01 3.50434452e-01 1.68444514e+00 1.66824210e+00
    1.73489547e+00 1.74045935e-01 -5.70350409e-01 1.07728624e+00
    3.27645212e-01 -6.14644468e-01 -5.64482927e-01 -5.35213888e-01
    -6.05416059e-01 8.57554376e-01 1.80760813e+00 -6.31180227e-01
    -3.88963819e-02 2.80461013e-01 -2.47677684e-01 1.27069426e+00
    -3.06839168e-01 -2.62863934e-02 -5.09042516e-02 1.69888663e+00
    1.05423856e+00 2.98554301e-01 9.59928453e-01 6.01170897e-01
    9.09824729e-01 1.71371257e+00 6.93520546e-01 6.01036191e-01
    1.40553284e+00 1.22139561e+00 -8.25138032e-01 6.67869270e-01
    -7.70415068e-01 1.45540917e+00 1.74522316e+00 1.33329058e+00
    9.46938694e-01 3.69743675e-01 1.70172310e+00 1.10830832e+00
    1.29175842e+00 3.35414529e-01 -4.16102916e-01 9.17992741e-02
    -2.20811188e-01 1.33549726e+00 6.50598049e-01 3.19395930e-01
    1.56488562e+00 3.17666531e-02 1.92975953e-01 -4.92420286e-01
    1.63384211e+00 4.11142886e-01 1.52518344e+00 1.63820291e+00
    -4.69765402e-02 5.32696784e-01 1.40621722e+00 -6.00139976e-01
    6.44928813e-01 -1.74080253e-01 -1.26135021e-01 -4.75879282e-01
    -3.48031223e-02 3.40072185e-01 1.38814127e+00 -5.69258094e-01
    -1.18334234e-01 8.45300317e-01 7.21258640e-01 -6.52521193e-01
    -2.47810796e-01 -7.05929816e-01 -7.04746723e-01 1.18182957e+00
    -8.33822727e-01 6.88028812e-01 -1.36268837e-02 8.52277100e-01
    1.25741601e+00 1.35701454e+00 -7.29863703e-01 1.11400461e+00
    6.11090064e-01 1.73691225e+00 -6.59530401e-01 3.08257312e-01
    2.46017292e-01 1.55470362e-02 1.27681577e+00 1.11642110e+00
    3.47835779e-01 -6.04790151e-01 3.88387501e-01 6.16322160e-01
    -4.12482917e-01 -4.38036323e-01 4.55999561e-02 1.56993294e+00
    1.69150054e+00 -2.60880947e-01 3.28780323e-01 1.11720359e+00
    6.71156228e-01 1.83239388e+00 -3.85011286e-01 -4.77589369e-01
    8.43355358e-01 9.33701694e-01 -5.80981374e-01 -4.81350750e-01
    3.95564258e-01 9.42842901e-01 4.50237662e-01 7.76737094e-01
    1.05741036e+00 -6.68170094e-01 1.10605633e+00 1.37242234e+00
    4.00999635e-02 7.75508046e-01 -7.50757575e-01 1.51187086e+00
    -6.89847767e-01 -8.90325233e-02 6.22272432e-01 1.87251949e+00
    6.54649809e-02 1.03403546e-01 -2.61349171e-01 1.19370878e+00
    1.19411319e-01 -4.78187233e-01 -7.52046525e-01 7.48333514e-01
    1.33150005e+00 -1.65535703e-01 8.62505436e-01 3.04139435e-01
    1.62954485e+00 2.61284336e-02 1.62218225e+00 1.19439971e+00
    1.69743508e-01 1.77657759e+00 9.72226918e-01 1.31226540e+00
    -8.40960920e-01 2.53391657e-02 1.11677778e+00 8.18183959e-01
    1.77814984e+00 7.80267894e-01 -4.54422325e-01 -4.08213168e-01
    1.22789454e+00 1.37576103e-01 1.52814770e+00 -3.93949389e-01
    -3.44247133e-01 3.17251295e-01 7.22395897e-01 -7.19414577e-02
    -8.16379547e-01 5.54938316e-01 1.00363624e+00 -4.87737209e-02
    1.01317334e+00 1.06288278e+00 3.78598034e-01 2.27912888e-01
    -8.38847339e-01 5.72708368e-01 1.03250515e+00 -6.42541409e-01
    1.65135038e+00 6.89849794e-01 1.15831077e+00 1.07112777e+00
    9.69969034e-01 2.07538493e-02 4.36666369e-01 1.37800515e+00
    4.28777009e-01 -7.25733221e-01 6.32448971e-01 6.19572878e-01
    1.44392169e+00 1.80964255e+00 -7.49181747e-01 1.59965837e+00
    2.79279560e-01 1.15176570e+00 3.09133857e-01 1.36661625e+00
    8.78118873e-02 1.19992173e+00 -4.46484417e-01 -2.42913067e-01
    -1.32305056e-01 7.89474994e-02 3.22516441e-01 4.51117277e-01
    1.59772289e+00 -7.16000259e-01 1.67568934e+00 1.48566973e+00
    2.47263193e-01 6.80471897e-01 1.11840129e+00 6.06279194e-01
    -5.63751161e-01 5.79192817e-01 8.39103311e-02 1.15049374e+00
    5.21585345e-01 1.70146275e+00 -5.55084385e-02 1.09211707e+00
    9.90659654e-01 -4.24470782e-01 1.41578627e+00 1.47199357e+00
    1.29680979e+00 1.42455733e+00 -5.77878118e-01 8.14664364e-01
    5.17137527e-01 8.04759562e-01 -5.91859400e-01 -5.42773485e-01
    1.11354136e+00 3.60553443e-01 9.04012918e-01 -7.36247241e-01
    6.63830996e-01 2.72576958e-01 1.70936930e+00 -4.96786922e-01
    1.54569578e+00 1.79523230e+00 1.41460907e+00 1.57402837e+00
    1.15959597e+00 -8.29068720e-01 4.61193353e-01 -1.75444052e-01
    1.34995103e+00 1.34989142e+00 1.71594930e+00 6.30078137e-01
    1.03870118e+00 1.60168982e+00 3.31197113e-01 4.62171942e-01
    5.97913444e-01 1.32443237e+00 -1.74002320e-01 1.51298329e-01
    -8.02981615e-01 -7.12250590e-01 4.42155451e-01 1.51022124e+00
    1.15724218e+00 1.42493510e+00 -1.67432114e-01 -1.83356538e-01
    1.66052997e+00 3.82966280e-01 1.59316993e+00 9.27384198e-01
    -5.86928785e-01 -7.98972547e-02 1.33130193e+00 2.55095869e-01
    8.32145810e-01 1.72116444e-01 4.59043622e-01 -1.37131348e-01
    -2.82380164e-01 -4.26571965e-01 8.16626966e-01 1.13569927e+00
    -2.82564424e-02 5.53309023e-01 1.22195244e+00 1.11525190e+00
    1.35029876e+00 1.04685080e+00 8.45239878e-01 6.40003920e-01
    8.24532151e-01 -9.25222635e-01 -6.19847953e-01 2.49768689e-01
    5.41767515e-02 1.42002451e+00 4.36788648e-02 1.52053034e+00
    3.56723607e-01 -8.66052583e-02 -6.47678971e-01 5.89399457e-01
    3.70079815e-01 -3.93363237e-01 1.24124742e+00 1.42823005e+00
    6.18023798e-02 -6.74116373e-01 -6.72266662e-01 -3.26962501e-01
    -4.36205298e-01 7.58899078e-02 6.15168452e-01 -5.96548676e-01
    8.74781013e-01 4.79357719e-01 1.71145177e+00 -2.01911002e-01
    1.39920902e+00 1.55907977e+00 3.69631708e-01 1.37293851e+00
    1.40724111e+00 7.67962858e-02 1.51468599e+00 5.27514517e-01
    3.31111103e-01 4.07722026e-01 8.24767947e-01 -2.04003379e-01
    9.65759531e-02 1.76275826e+00 7.99726784e-01 -7.95210600e-01
    1.50742304e+00 -2.20734939e-01 -2.49383256e-01 -1.52588278e-01
    -6.22085810e-01 8.41518402e-01 -7.24644721e-01 9.36724544e-01
    7.46896565e-01 -1.59411505e-01 -5.43073714e-01 -5.95918357e-01
    1.07892573e+00 1.51004755e+00 1.26535892e+00 -1.88509107e-01
    -7.35423565e-01 1.13798153e+00 -2.05899537e-01 7.93242872e-01
    7.41637766e-01 1.68359518e+00 -7.55169868e-01 1.49154210e+00
    -7.69937694e-01 -5.23427606e-01 9.85798120e-01 1.28072751e+00
    -7.49937057e-01 6.02496088e-01 6.46620810e-01 1.76291418e+00
    -4.67316002e-01 -3.89509618e-01 1.06344201e-01 -6.10389650e-01
    1.41777587e+00 9.87773418e-01 -3.77830088e-01 2.76655942e-01
    -5.25435328e-01 7.48009160e-02 9.66115713e-01 1.73958004e+00
    1.33442014e-01 6.19629323e-01 -1.97442248e-01 -5.13781428e-01
    -2.17465952e-01 1.40816951e+00 -4.83121067e-01 7.83216715e-01
    4.52157050e-01 5.38793683e-01 1.87246644e+00 1.89186347e+00
    1.11045420e-01 1.89155257e+00 -2.68020600e-01 1.09321141e+00
    1.41657054e+00 -2.59417653e-01 4.24385995e-01 1.09485650e+00
    -2.94877619e-01 1.11126697e+00 1.70940351e+00 2.12521687e-01
    3.77440989e-01 1.40909529e+00 1.27249575e+00 -5.49579561e-01
    -5.02737999e-01 6.99137151e-02 1.48184621e+00 -1.04389682e-01
    3.88171613e-01 -5.10514975e-01 1.09762192e+00 1.92199335e-01
    8.89655173e-01 9.55878422e-02 -5.77529550e-01 1.73739314e+00
    2.87128121e-01 1.21617758e+00 9.76060927e-01 6.41415477e-01
    1.37650692e+00 -7.26055086e-01 1.43772364e+00 4.64981705e-01
    -8.26828837e-01 -8.55632275e-02 9.14684415e-01 1.07096457e+00
    5.39741516e-01 1.04129899e+00 -6.44226074e-01 1.26617324e+00
    -3.67579788e-01 1.38354957e-01 8.17171872e-01 8.79005194e-01
    1.05732143e+00 1.01124597e+00 3.54472995e-01 1.77823514e-01
    -6.93238735e-01 4.34544861e-01 -3.14727217e-01 -6.11039937e-01
    1.75077450e+00 -3.15837145e-01 -3.98080587e-01 -3.33590806e-01
    1.53042614e+00 3.34444672e-01 2.76157022e-01 8.52282703e-01
    1.34675458e-01 1.71304572e+00 9.30774093e-01 8.13435674e-01
    6.60825074e-01 -6.46754950e-02 -4.52834278e-01 9.04704630e-01
    1.82504547e+00 2.16246918e-01 1.34169436e+00 -6.73068345e-01
    9.21142936e-01 7.16887295e-01 9.66698647e-01 2.71869712e-02
    3.20639461e-01 -6.43501133e-02 1.59578875e-01 1.36365116e+00
    1.72715557e+00 5.66096842e-01 -8.37755501e-01 5.99598348e-01
    -6.71949685e-01 -1.29406914e-01 -8.28921437e-01 1.54112279e+00
    -7.53184617e-01 1.18564820e+00 -6.85499012e-01 -2.34250516e-01
    1.39876294e+00 5.11207163e-01 -1.56544849e-01 1.40250301e+00
    -3.68238598e-01 -2.53941774e-01 4.99865785e-02 -4.28758055e-01
    -7.13925883e-02 7.78092444e-01 -2.54222244e-01 -1.01079293e-01
    1.50654840e+00 1.00108601e-01 5.62613785e-01 9.18751597e-01
    1.42286384e+00 -3.52559268e-01 1.23147035e+00 1.60165644e+00
    -2.89669394e-01 2.43720159e-01 -2.15052292e-02 -3.69601816e-01
    1.27156138e+00 -5.19017875e-01 4.18956399e-01 6.64357841e-01
    1.34718895e+00 -1.13642536e-01 1.61676919e+00 1.59341991e+00
    1.51220918e+00 5.95896244e-01 -2.81962961e-01 1.61571056e-01
    -8.53337124e-02 1.77136374e+00 -1.48059592e-01 1.65076986e-01
    -3.63975585e-01 8.07364702e-01 1.01449466e+00 1.82225096e+00
    1.25952291e+00 6.20564878e-01 1.00535572e+00 8.53734687e-02
    1.43007326e+00 8.36526096e-01 1.06334138e+00 -6.99562877e-02
    5.38708031e-01 1.68621063e-01 1.32082665e+00 -2.06832647e-01
    8.59940469e-01 1.26827015e-02 4.43199337e-01 -6.78811848e-01
    1.15160811e+00 6.51972592e-01 9.68181133e-01 -1.55051664e-01
    3.14832628e-01 9.97809246e-02 -1.21210692e-02 8.10579777e-01
    1.51897156e+00 3.45291615e-01 1.40741754e+00 -4.89122778e-01
    3.72329921e-01 5.64643741e-01 5.97355723e-01 1.36425376e+00
    -4.50190961e-01 1.67928815e-01 -6.31644845e-01 1.47019815e+00
    1.63782358e+00 -6.84292197e-01 3.11593324e-01 1.40398014e+00
    -1.50250986e-01 8.22463930e-01 3.05509388e-01 1.68991756e+00
    9.87682939e-02 -3.70784581e-01 -7.30629742e-01 1.19944334e+00
    9.34130192e-01 3.91871631e-01 1.10762441e+00 8.01913142e-01
    2.12051108e-01 9.60004777e-02 -1.75515845e-01 1.30134153e+00
    -5.49729347e-01 -1.96157411e-01 5.35071075e-01 2.82306969e-01
    -2.69941598e-01 -2.14595124e-01 -4.73886520e-01 5.49462140e-01
    1.12061751e+00 9.26295817e-01 -6.74084008e-01 7.87485361e-01
    1.31079006e+00 1.43593287e+00 1.51229882e+00 1.77541542e+00
    1.67738304e-01 1.20343935e+00 -5.39627075e-01 8.85997713e-01
    1.00150847e+00 -3.84915650e-01 3.75972897e-01 1.01959729e+00
    -3.58161062e-01 9.46389675e-01 1.09408438e+00 -7.13202178e-01
    1.11930001e+00 7.47796059e-01 1.07898796e+00 1.15630102e+00
    5.90356231e-01 7.81444728e-01 1.24367821e+00 8.91966760e-01
    9.50979531e-01 1.11817205e+00 1.19432950e+00 1.33007872e+00
    -6.83372319e-01 7.34638214e-01 1.29935074e+00 3.12060378e-02
    1.54609644e+00 1.03134662e-01 7.27039099e-01 5.10523379e-01
    -2.48093847e-02 -6.69321299e-01 -5.67867279e-01 -4.45165336e-02
    -3.93071830e-01 9.01583195e-01 1.75178981e+00 1.09722503e-01
    -3.32511991e-01 7.96008885e-01 5.36413670e-01 -5.85233904e-02
    7.08441198e-01 2.10660362e+00 2.71440625e-01 2.51834154e+00
    2.10469508e+00 6.15865231e-01 5.21117091e-01 8.61427002e-03
    -7.16802359e-01 -4.64314222e-01 -1.92504436e-01 -5.37737191e-01
    -4.16637629e-01 1.18591905e+00 -3.19556862e-01 -4.13817853e-01
    1.42914867e+00 -7.54023433e-01 7.97773182e-01 -3.59437287e-01
    -3.50515783e-01 1.70603144e+00 1.52637780e+00 -1.18566506e-01
    1.59786272e+00 1.60984683e+00 4.41296965e-01 -2.49740914e-01
    1.22715116e+00 6.18786991e-01 7.80113339e-01 1.40158248e+00
    -3.66325736e-01 -3.26388568e-01 2.41293162e-01 1.63215697e+00
    1.46540999e+00 1.17698312e+00 1.24319410e+00 3.35524470e-01
    1.31892264e+00 1.34736109e+00 -6.90524280e-01 -2.18895316e-01
    3.37110400e-01 5.31108856e-01 -8.22793126e-01 -3.11792165e-01
    5.30643225e-01 1.54725385e+00 1.48956001e+00 -3.70249063e-01
    1.59015036e+00 -4.49054301e-01 1.53977346e+00 -4.79194641e-01
    1.46087563e+00 3.68875623e-01 -3.75912219e-01 -6.31361902e-02
    3.83191139e-01 1.16488683e+00 9.26092148e-01 3.78728896e-01
    -4.41360056e-01 1.13767958e+00 7.01437354e-01 1.44155908e+00
    5.00249505e-01 1.58693457e+00 1.33366883e+00 -6.81517124e-02
    1.33398950e+00 1.68477392e+00 1.82625341e+00 -5.02839088e-01
    7.79807448e-01 1.71673512e+00 1.50364026e-01 3.07013959e-01
    1.16112769e+00 1.35831296e+00 6.35223389e-01 -6.42599046e-01
    1.64012778e+00 7.09451139e-01 7.73837805e-01 1.94897681e-01
    -7.92622507e-01 1.66202504e-02 -7.60204613e-01 -5.06890267e-02
    -4.03363258e-01 -6.42625153e-01 2.68119037e-01 -4.67955202e-01
    7.77348876e-01 1.29095733e+00 1.80353239e-01 3.05732906e-01
    1.44151342e+00 -2.18079880e-01 1.50280684e-01 -7.86696374e-01
    1.43910348e-01 1.05401874e+00 1.63422656e+00 5.66540003e-01
    -8.25974405e-01 -8.03142607e-01 1.32601964e+00 -2.78813504e-02
    1.46228993e+00 1.12832701e+00 1.39755487e+00 -5.16820490e-01
    1.21959686e+00 -5.31065047e-01 -6.97751403e-01 8.93834352e-01
    9.55145121e-01 4.89355475e-01 1.08981001e+00 1.66065550e+00
    -6.81823134e-01 1.78364944e+00 9.78538156e-01 -2.88607299e-01
    1.40302801e+00 1.82320774e+00 1.08760762e+00 -4.24245358e-01
    -4.74276334e-01 -2.84215182e-01 -6.18733227e-01 2.28911906e-01
    -5.70194907e-02 4.49932039e-01 1.27233040e+00 -4.28915173e-01
    -2.68008143e-01 1.61903417e+00 -2.66269684e-01 -6.43372655e-01
    4.94810849e-01 1.69196177e+00 1.34471163e-01 1.46659225e-01
    -7.74635851e-01 1.83962178e+00 1.36892512e-01 -6.43051341e-02
    9.06936303e-02 6.29480958e-01 9.63342488e-01 1.04725027e+00
    -7.13880002e-01 7.19885945e-01 8.91644835e-01 1.57729521e-01
    5.18313825e-01 1.30438626e+00 1.29823720e+00 -5.42355657e-01
    -4.39204633e-01 -7.07224786e-01 1.61329940e-01 1.59901362e-02
    -5.71357310e-01 1.66455138e+00 2.30876848e-01 2.15501055e-01
    1.69969714e+00 3.46051395e-01 -3.28273675e-03 7.93399692e-01
    -7.42310882e-02 -1.93092227e-01 7.43675351e-01 -1.25809148e-01
    1.09122884e+00 -5.91142893e-01 1.17781448e+00 -3.07119191e-01
    9.74963307e-01 2.06942279e-02 1.24247098e+00 1.26935810e-01
    -6.96259856e-01 2.75607169e-01 -1.14068694e-01 1.57705259e+00
    8.77811134e-01 1.52868807e+00 9.74186957e-01 7.10248828e-01
    1.08872497e+00 6.37345672e-01 1.73547304e+00 1.05462897e+00
    6.32332981e-01 7.10610509e-01 1.80136573e+00 1.35428405e+00
    1.97201058e-01 -4.72784281e-01 9.89153445e-01 1.55688500e+00
    1.55858946e+00 5.75485468e-01 9.20336783e-01 -6.30475402e-01
    1.57188845e+00 -7.22940564e-01 -7.24830866e-01 1.02118886e+00
    6.10194147e-01 -4.43658791e-02 6.97559953e-01 -3.26792806e-01
    -4.94838625e-01 1.61648142e+00 1.44477680e-01 1.75006557e+00
    -5.99745870e-01 1.26220047e+00 1.35502577e+00 3.21704537e-01
    -7.25722790e-01 1.15614963e+00 -3.22898507e-01 1.46791220e+00
    1.52406251e+00 4.51124907e-01 2.47266580e-04 1.23851883e+00
    1.33101475e+00 2.37401471e-01 3.84507209e-01 1.48581669e-01
    1.58526874e+00 -6.63942516e-01 -2.46526197e-01 8.37704778e-01
    -4.76183444e-01 1.40935755e+00 8.90595734e-01 7.15754390e-01
    1.85506058e+00 4.46022630e-01 9.29317594e-01 1.52941334e+00
    -1.17403589e-01 1.43971229e+00 -4.95391816e-01 1.87038875e+00
    9.53206837e-01 1.89450192e+00 2.04233408e+00 7.20266849e-02
    1.26177520e-01 5.33838809e-01 7.15503097e-01 1.70443487e+00
    1.30496752e+00 -3.59355241e-01 4.19844776e-01 1.07027340e+00
    1.67902958e+00 -3.29826295e-01 1.31242359e+00 1.57806575e+00
    -9.33158919e-02 5.43069541e-01 1.18578947e+00 1.21350276e+00
    -5.35699129e-01 -1.37967080e-01 -2.71685481e-01 2.47648343e-01
    1.11854661e+00 1.26589346e+00 7.36001670e-01 1.53754890e+00
    1.42907000e+00 1.09799457e+00 9.24018025e-01 -5.69136381e-01
    1.56152511e+00 6.26144826e-01 5.86156487e-01 1.61600673e+00
    3.69607359e-01 -8.50956619e-01 9.99282226e-02 1.67173374e+00
    1.28652781e-01 -6.00214660e-01 1.55451059e+00 1.17698634e+00
    2.50949800e-01 -6.65572643e-01 9.96417463e-01 2.52878010e-01
    1.96967378e-01 -1.65486589e-01 1.25277984e+00 -5.60237885e-01
    8.81595016e-01 2.37753224e-02 5.83074689e-01 6.31625772e-01
    1.60010278e+00 -2.25258708e-01 1.30703628e-01 7.48956084e-01
    -2.57573694e-01 1.51918638e+00 1.04464746e+00 -3.32882255e-01
    4.73073810e-01 1.88148057e+00 1.60051274e+00 1.09335923e+00
    1.11183055e-01 -3.16751599e-01 8.06742370e-01 -6.91443264e-01
    -6.24963164e-01 -4.26192701e-01 1.31090724e+00 -6.95896268e-01
    1.30294538e+00 1.82761335e+00 1.20815516e+00 -1.33501053e-01
    -1.94898009e-01 1.70504665e+00 -4.29568440e-01 8.11367035e-01
    3.20225179e-01 1.14067388e+00 -6.38644934e-01 -6.71985984e-01
    1.68700647e+00 8.32569361e-01 7.89219067e-02 2.89319873e-01
    1.31955624e+00 3.69328350e-01 1.29972029e+00 1.70603585e+00
    -7.99500421e-02 1.64496851e+00 1.33160841e+00 6.18202984e-01
    1.23315847e+00 1.71104312e+00 9.25117970e-01 8.68707895e-01
    -3.02499205e-01 1.81654000e+00 3.58039558e-01 -2.06849724e-01
    3.47876370e-01 -4.06083941e-01 6.75709009e-01 1.09546864e+00
    -5.63300073e-01 4.94003475e-01 5.24525702e-01 1.20121658e+00
    -3.70494485e-01 2.35885307e-01 1.66569841e+00 6.12667084e-01
    1.71156621e+00 1.65969312e+00 6.33364737e-01 7.27043986e-01
    9.90019560e-01 1.10980511e+00 1.44836450e+00 5.46154857e-01
    -5.54558456e-01 -2.95037836e-01 8.84500682e-01 1.29343867e-01
    4.94770348e-01 1.27361155e+00 5.28433561e-01 1.66594970e+00
    8.56537744e-02 -5.35219312e-01 8.61852944e-01 -1.75044447e-01
    9.96737063e-01 -5.17283261e-01 7.52454281e-01 1.83842373e+00
    -6.28293693e-01 -4.95271921e-01 1.25725722e+00 1.19098723e+00
    -6.79473937e-01 -6.19295955e-01 -4.92700130e-01 1.11369812e+00
    -9.86463353e-02 9.03442621e-01 -1.99812025e-01 1.05412877e+00
    -2.88550794e-01 1.43679094e+00 1.07174945e+00 1.27461088e+00
    1.09972715e+00 -2.97352940e-01 1.05888748e+00 -8.03022921e-01
    8.19034874e-02 -4.21214491e-01 1.25187790e+00 -5.30430079e-01
    1.52407384e+00 1.14104843e+00 1.69797611e+00 1.22440767e+00
    8.01135302e-01 -1.66484848e-01 9.81062651e-01 5.20110905e-01
    1.15247715e+00 -5.05794525e-01 -3.84966522e-01 -2.23832935e-01
    -9.81082916e-02 1.21842049e-01 1.43938160e+00 1.27552700e+00
    3.00246388e-01 5.31564772e-01 2.84806788e-01 1.07760835e+00
    1.09377420e+00 8.62385094e-01 8.16357970e-01 7.31628463e-02
    4.27250743e-01 5.38233697e-01 1.56995440e+00 -5.02043962e-01
    9.38373208e-01 7.78713346e-01 1.24445282e-01 3.02776456e-01
    1.65826082e+00 -2.26234421e-01 1.52995035e-01 2.33564660e-01
    9.96082723e-02 -4.88367945e-01 -6.58337891e-01 4.48501140e-01
    6.37976527e-01 1.05801791e-01 1.65402341e+00 1.11217821e+00
    1.41309071e+00 -1.63348138e-01 1.06215870e+00 1.46517313e+00
    1.26974213e+00 5.65647483e-01 3.72738063e-01 3.39112282e-01
    1.56099534e+00 -2.18267124e-02 9.05561864e-01 1.46158218e+00
    9.24778581e-01 -1.92053095e-01 -2.07413450e-01 1.13832045e+00
    4.32162821e-01 1.11866879e+00 -1.56217426e-01 4.65310991e-01
    1.89460349e+00 -1.23423733e-01 1.22120416e+00 2.08354816e-01
    1.18332338e+00 1.01054502e+00 1.74552035e+00 1.80682826e+00
    -3.28097612e-01 -6.98065639e-01 1.79517344e-01 2.03627169e-01
    1.03126597e+00 1.58265710e+00 1.24549413e+00 1.72882974e-01
    -7.12116480e-01 -6.45198643e-01 1.39657903e+00 -3.70961368e-01
    -9.94278789e-02 -4.53981429e-01 2.45127648e-01 -7.30435073e-01
    -2.18083501e-01 -2.39100665e-01 4.13393110e-01 2.26318860e+00
    1.70200109e+00 -1.81716755e-02 -3.61213595e-01 6.99049592e-01
    1.49403501e+00 7.42290378e-01 8.62724781e-02 2.80400991e-01
    1.25423527e+00 5.12664199e-01 -2.97811389e-01 4.07069266e-01
    1.51028359e+00 -3.75364870e-02 -1.46773964e-01 1.66802156e+00
    5.39578974e-01 -1.06571903e-02 4.00097668e-01 1.29640400e+00
    1.47817814e+00 4.48942304e-01 -5.75899601e-01 -5.67378461e-01
    5.20483613e-01 -1.43888652e-01 -2.83009648e-01 -5.04799008e-01
    -1.97588503e-01 3.90082389e-01 1.53681409e+00 1.13763916e+00
    1.63443267e+00 4.56942171e-01 -8.10835510e-03 1.29682970e+00
    1.53309035e+00 7.49320507e-01 7.51186788e-01 1.70077777e+00
    -6.07531182e-02 1.05584419e+00 1.47606015e+00 -7.75512397e-01
    -2.60276020e-01 1.31879604e+00 9.22282994e-01 1.01668584e+00
    -1.66233331e-01 1.05072320e+00 1.68676758e+00 6.83451653e-01
    1.67084980e+00 4.65663701e-01 -7.55612016e-01 1.24937439e+00
    -1.43984005e-01 -2.76085526e-01 1.38018131e+00 7.19681025e-01
    -4.23899889e-01 -1.60160750e-01 1.76051152e+00 2.67575860e-01
    7.87150562e-01 2.02043608e-01 -7.73146510e-01 1.73009765e+00
    6.19425476e-01 4.28600520e-01 -5.52314878e-01 2.98812330e-01
    -6.74312890e-01 4.38098609e-01 1.08055949e-01 1.39412940e+00
    9.38317060e-01 -4.73503679e-01 -4.94765103e-01 6.52252257e-01
    5.46763003e-01 -8.46615970e-01 1.07278824e-01 1.70640540e+00
    1.05167747e+00 1.66983116e+00 1.39463022e-01 3.08742613e-01
    8.65056396e-01 1.15489614e+00 8.62736464e-01 -5.42117000e-01
    -1.92042947e-01 -6.63048476e-02 6.01606309e-01 1.05978763e+00
    1.69159448e+00 -8.08826804e-01 2.31416777e-01 1.20863773e-01
    -2.01505527e-01 1.73296273e-01 -2.01240510e-01 8.14494193e-01
    9.13476586e-01 8.75449657e-01 -6.66800022e-01 1.56488538e+00
    1.60747862e+00 2.91882098e-01 -7.60793626e-01 1.72603297e+00
    -7.24555969e-01 -4.74412203e-01 1.57322526e+00 8.52591097e-01
    1.21407485e+00 9.95134413e-01 -5.30182421e-01 1.19465923e+00
    7.46887267e-01 1.51868653e+00 1.72983631e-01 1.68990064e+00
    1.07277679e+00 7.96061158e-01 1.20541193e-01 -3.25464010e-01
    1.08392131e+00 -3.24827939e-01 1.46565259e+00 1.55584192e+00
    1.37455177e+00 4.39072341e-01 6.40781224e-01 1.01346862e+00
    1.23868656e+00 -5.70938408e-01 1.08648849e+00 -4.72926766e-01
    7.50202417e-01 -7.31183350e-01 1.06342447e+00 1.00517857e+00
    -2.65160918e-01 9.86134931e-02 -6.13846742e-02 1.58889985e+00
    8.68324861e-02 1.17394179e-01 -3.40082109e-01 8.33785653e-01
    5.93261600e-01 5.30840397e-01 1.31149971e+00 2.08364233e-01
    1.45225799e+00 1.31589854e+00 1.53539526e+00 1.53366029e+00
    5.29596627e-01 1.40700519e-01 3.31428736e-01 1.22692250e-01
    7.11936653e-01 1.43033969e+00 1.89604331e-02 7.76322365e-01
    5.62865376e-01 1.43620718e+00 1.68282962e+00 -8.25507402e-01
    1.06104001e-01 -4.08467710e-01 -4.54481095e-01 7.37022698e-01
    -7.13822901e-01 -1.61453918e-01 -4.41735005e-03 5.67080855e-01
    8.67227733e-01 -5.10290623e-01 1.01387286e+00 -1.31925598e-01
    2.51010954e-01 2.04575971e-01 -6.05516076e-01 5.18180728e-01
    -1.39845744e-01 8.18681359e-01 1.12390108e-01 5.41340828e-01
    1.46664679e+00 -4.44809914e-01 -5.70128858e-01 1.13288283e+00
    1.23909986e+00 5.22555232e-01 -3.88265818e-01 -3.45386356e-01
    -3.94896120e-01 1.16205752e+00 -3.77649330e-02 1.61477339e+00
    9.63414848e-01 -4.40983862e-01 9.32196200e-01 4.28207874e-01
    2.41909593e-01 1.00000262e+00 -7.97270834e-01 1.03528118e+00
    2.38422945e-01 -1.46909878e-01 1.63525593e+00 5.17511666e-01
    -3.43068540e-02 -3.65904033e-01 1.50979781e+00 2.38719620e-02
    -9.09983590e-02 -6.46739841e-01 4.75643575e-01 9.08312857e-01
    1.08685637e+00 8.55333030e-01 -1.12680987e-01 -5.00057757e-01
    1.39026344e+00 -4.09522116e-01 1.21464801e+00 1.61435544e+00
    1.03891283e-01 -4.64009613e-01 1.00636125e+00 4.03057262e-02
    5.82073405e-02 1.40118074e+00 1.53719330e+00 -5.35204351e-01
    9.16235328e-01 5.23892231e-02 9.48533881e-03 1.38077331e+00
    1.93300456e-01 4.80216295e-01 3.42038810e-01 7.85184205e-01
    -6.75195992e-01 1.86883137e-01 -5.29118419e-01 8.57700050e-01
    -2.49608442e-01 -3.02738428e-01 -8.69514048e-02 1.68250799e-01
    3.96261185e-01 1.50921059e+00 7.97649994e-02 -5.13160527e-01
    1.67374921e+00 2.97350138e-01 -1.32861108e-01 -6.90892220e-01
    1.76366341e+00 -2.41831601e-01 -5.17856002e-01 7.53354609e-01
    -5.70315242e-01 1.83158660e+00 -2.43901864e-01 1.65801179e+00
    -8.14648688e-01 -7.69134343e-01 1.00975668e+00 -4.39250410e-01
    -7.22023547e-01 2.84537435e-01 4.56807017e-01 5.69534063e-01
    -5.43851912e-01 1.38261187e+00 1.19541772e-01 5.72121135e-05
    5.74464083e-01 1.45979655e+00 -3.69356573e-02 4.72712219e-01
    8.61098886e-01 6.14443898e-01 1.02073514e+00 1.11380374e+00
    -3.78294736e-01 5.57079434e-01 2.60741085e-01 1.38674092e+00
    8.88405800e-01 -7.11356699e-02 -5.29565066e-02 6.57575905e-01
    -2.77206272e-01 1.24460900e+00 1.18679130e+00 7.74113595e-01
    -8.72142315e-01 5.17016530e-01 8.75799239e-01 5.36874831e-01
    1.36086273e+00 5.64676046e-01 1.63867199e+00 -5.91001332e-01
    5.87887347e-01 7.78620839e-01 -4.66749758e-01 8.41347396e-01
    1.63433552e+00 1.13881183e+00 1.24779916e+00 1.27509379e+00
    -6.23152733e-01 2.53074825e-01 2.02108145e-01 6.65024042e-01
    2.39267945e-01 -4.89021271e-01 8.87500763e-01 -1.47459120e-01
    -2.29066178e-01 3.36790264e-01 -2.53239363e-01 9.50213730e-01
    -8.01297009e-01 1.71999645e+00 6.42083228e-01 8.79818380e-01
    3.38712223e-02 1.09108603e+00 -3.88039559e-01 -4.43929255e-01
    4.17257041e-01 1.21392298e+00 -5.14808297e-01 6.06694281e-01
    1.60750997e+00 7.11363494e-01 1.59323144e+00 1.06384158e+00
    -4.44975525e-01 -1.02715425e-01 -1.24825321e-01 1.45672238e+00
    1.36833823e+00 1.45096600e+00 -5.53038597e-01 6.02607727e-01
    8.03480804e-01 5.43387830e-01 1.80108130e+00 1.07311690e+00
    9.30910408e-01 -5.30176163e-01 6.57346249e-01 7.86189437e-02
    5.91745138e-01 -7.66755283e-01 -1.52193502e-01 1.27797794e+00
    -7.61528671e-01 7.23366141e-01 -4.82835382e-01 -6.70972392e-02
    7.21505821e-01 6.16219580e-01 1.47627532e+00 4.42842960e-01
    -2.55251765e-01 -5.02974749e-01 1.44096768e+00 1.24493361e-01
    -7.18322933e-01 8.26847136e-01 -5.70290089e-01 -4.88656253e-01
    -7.24877357e-01 1.37317228e+00 -1.57368198e-01 -1.41319036e-01
    3.17639887e-01 -6.24052167e-01 1.39808846e+00 -3.26164737e-02
    2.43776336e-01 -3.87010157e-01 9.48518157e-01 1.77606070e+00
    8.06364119e-02 4.15109485e-01 2.31876466e-02 1.73597288e+00
    1.23727441e+00 -2.59814322e-01 2.50022292e-01 1.36518003e-02
    1.74761343e+00 -6.27041042e-01 -4.29975122e-01 1.10055244e+00
    -1.12163506e-01 -8.96001756e-02 1.05720806e+00 5.49520910e-01
    -2.95556575e-01 1.47620749e+00 1.44795489e+00 -4.35865909e-01
    1.29691958e+00 1.17394853e+00 6.87040389e-02 1.25957620e+00
    4.05199677e-01 1.55358970e+00 -4.86689955e-01 -4.85730767e-01
    9.65669930e-01 6.65177703e-01 -1.69608533e-01 8.10825750e-02
    7.35234976e-01 7.03172982e-01 1.33896935e+00 1.30785656e+00
    1.49930346e+00 1.39952207e+00 3.95701975e-01 1.60022318e+00
    1.80894482e+00 3.98136437e-01 1.34533322e+00 -5.17889798e-01
    2.48270586e-01 1.15674639e+00 2.39815086e-01 -2.27858290e-01
    1.84506010e-02 1.69479394e+00 1.55794406e+00 1.11217463e+00
    -5.50753810e-02 1.68529963e+00 1.46272326e+00 1.15343356e+00
    4.00524765e-01 1.14581656e+00 8.83461416e-01 6.32076025e-01
    3.72003704e-01 -1.11498140e-01 1.04439341e-01 -1.11210421e-01
    -4.17232841e-01 -7.35017836e-01 1.15141153e-01 1.23724616e+00
    6.22266158e-02 4.30456907e-01 3.93844962e-01 1.42010927e+00
    4.64179754e-01 -6.87512517e-01 6.37497127e-01 -5.16455114e-01
    1.32263720e+00 3.14927608e-01 2.69718945e-01 9.80873644e-01
    1.30022442e+00 -8.01159143e-02 -1.88603088e-01 1.23940992e+00
    -1.03003033e-01 2.12299358e-02 -4.85125296e-02 -2.31008809e-02
    1.02512646e+00 -3.35414588e-01 -1.14023514e-01 -2.65747577e-01
    -7.74485171e-01 1.65920711e+00 -8.46010685e-01 1.04706001e+00
    1.44157434e+00 1.47823751e+00 8.50713402e-02 -7.18849003e-01
    -4.21372443e-01 1.41221419e-01 1.07404912e+00 1.97576940e-01
    3.54960501e-01 -4.73274998e-02 1.35750902e+00 7.08173275e-01
    7.94350207e-01 7.84295976e-01 1.79820204e+00 6.40589237e-01
    1.11917830e+00 4.25260901e-01 5.54354966e-01 3.24345052e-01
    1.44152060e-01 8.96953881e-01 -5.56293011e-01 6.91059530e-01
    7.81391501e-01 1.77504146e+00 -4.57209915e-01 1.26432344e-01
    1.36616540e+00 2.54681528e-01 -4.48804259e-01 -4.11401421e-01
    5.64252198e-01 1.69450188e+00 3.39212120e-01 1.03558731e+00
    -6.51088715e-01 2.89672464e-01 1.20714223e+00 -6.25056922e-01
    1.88981891e+00 -3.03610772e-01 4.24404651e-01 -6.69206977e-01
    -4.38495249e-01 6.14278793e-01 1.07956958e+00 1.93209261e-01
    8.53708565e-01 3.79228234e-01 1.44323075e+00 2.17007011e-01
    1.79434538e-01 1.28537846e+00 1.07813406e+00 1.21361160e+00
    -6.07042432e-01 3.55977118e-02 -5.43283820e-01 -6.47841394e-01
    7.78416574e-01 1.08281147e+00 1.37387776e+00 -2.52536982e-01
    2.72285670e-01 1.28033495e+00 5.90709388e-01 1.04885042e+00
    1.36201310e+00 -6.73010945e-01 -1.44789398e-01 1.71213543e+00
    -5.67716300e-01 9.46481645e-01 1.38048422e+00 4.47255999e-01
    -7.06887484e-01 -7.71612465e-01 -2.82064229e-01 1.65506589e+00
    1.14271700e+00 5.27679920e-02 -5.70409060e-01 -1.98599607e-01
    -1.14838853e-01 -2.99202889e-01 9.93953124e-02 1.65876210e+00
    1.47745878e-01 1.19346544e-01 6.72236562e-01 1.51501000e-02
    1.37533975e+00 4.40106153e-01 1.08144689e+00 -4.64080125e-01
    5.56799024e-02 1.46881354e+00 -5.93843818e-01 -7.28654861e-01
    1.57050669e+00 1.49803162e+00 7.71082222e-01 1.43393409e+00
    1.25244662e-01 1.66888201e+00 9.83803153e-01 5.78796029e-01
    2.77154334e-03 1.16946125e+00 1.11948216e+00 6.96819067e-01
    5.12141764e-01 -8.75249803e-01 9.91559803e-01 1.56164074e+00
    1.43408298e+00 1.73536313e+00 4.63657975e-02 5.35839498e-01
    -4.82375383e-01 1.10672152e+00 7.96896219e-02 -4.26907182e-01
    1.80829167e-01 1.13250744e+00 -2.36245468e-01 1.01305747e+00
    5.02465665e-01 -3.14047374e-02 1.61707401e+00 -3.27098370e-01
    4.16040808e-01 1.57335353e+00 9.47346687e-01 -6.54156148e-01
    4.69596922e-01 -3.05874765e-01 3.64122033e-01 -8.38400245e-01
    3.82935584e-01 -2.61683196e-01 1.68260202e-01 -3.79626542e-01
    1.83101928e+00 9.27722335e-01 2.70617247e-01 5.83366632e-01
    -7.25413084e-01 4.77938578e-02 8.32534432e-01 -1.52065545e-01
    1.27812397e+00 1.51956081e-02 2.16965660e-01 -2.19830543e-01
    -8.38880166e-02 4.75446373e-01 1.41325665e+00 9.72735286e-01
    5.42156577e-01 4.95289415e-01 -5.85213244e-01 -6.96359694e-01
    1.14916706e+00 2.82811403e-01 -3.94169509e-01 1.09152997e+00
    -4.11337942e-01 -1.78042337e-01 -3.01001240e-02 1.28086460e+00
    1.75351012e+00 1.91083163e-01 8.68226111e-01 4.39563155e-01
    1.58871424e+00 -3.60104620e-01 1.48580039e+00 -8.17886591e-01
    -3.39959085e-01 1.43401384e+00 -6.09945059e-01 1.53888452e+00
    5.21214664e-01 7.71295190e-01 6.99116111e-01 5.79885483e-01
    5.10884151e-02 1.60445297e+00 1.62055242e+00 6.49277806e-01
    1.36263680e+00 -2.46037617e-01 1.28942740e+00 -8.47398713e-02
    -2.74474114e-01 -9.60004851e-02 -6.56358480e-01 -3.08606446e-01
    2.55336553e-01 -3.61206472e-01 1.28409028e+00 -2.36346886e-01
    -4.83624153e-02 1.20778251e+00 1.27651349e-01 2.15088710e-01
    1.13354111e+00 1.54248878e-01 8.40535939e-01 1.59321928e+00
    -5.53284764e-01 1.40022409e+00 -7.66595721e-01 1.05732277e-01
    -4.40497994e-01 4.07535076e-01 -8.16511437e-02 1.01185060e+00
    -4.73235846e-01 -2.96882659e-01 1.26370478e+00 -3.32440585e-01
    1.41795540e+00 4.62420106e-01 5.68398178e-01 8.59239325e-03
    -1.13938227e-01 7.12171316e-01 1.38321638e+00 -5.69275796e-01
    1.17655838e+00 4.32788610e-01 1.59731269e-01 -8.20156485e-02
    -4.27246749e-01 -6.61434352e-01 1.20122410e-01 -5.72228491e-01
    1.64685988e+00 3.77246618e-01 3.96281183e-01 1.03605902e+00
    -6.98712647e-01 8.98576140e-01 1.59905478e-01 -2.92163610e-01
    -5.83759665e-01 -1.82473194e-02 1.41215575e+00 -2.98838019e-01
    -6.54005229e-01 1.12815332e+00 -2.05027670e-01 1.03704345e+00
    1.88403237e+00 5.94270647e-01 -2.10967287e-01 -2.43227422e-01
    -1.36088267e-01 -3.69636983e-01 1.46778822e+00 -2.12107167e-01
    1.30255222e+00 1.68558967e+00 -1.74528837e-01 4.62794036e-01
    5.22372127e-01 4.78368759e-01 -6.13229513e-01 7.27727488e-02
    1.37540305e+00 -3.55514437e-01 1.16623855e+00 2.31778169e+00
    2.81612486e-01 1.69011021e+00 5.68086684e-01 -3.75366509e-02
    2.81185210e-01 1.22386813e+00 5.07176578e-01 6.57449007e-01
    1.50547814e+00 1.67222393e+00 1.19166505e+00 7.84969270e-01
    1.12642437e-01 1.55723834e+00 -7.18632787e-02 1.19384742e+00
    4.21534151e-01 7.84081340e-01 1.43337333e+00 1.49345660e+00
    1.37548149e-01 1.95409760e-01 6.53537929e-01 -1.03233472e-01
    3.95689338e-01 -3.67142349e-01 5.32045186e-01 1.14354360e+00
    -8.09880316e-01 1.61235499e+00 2.62386233e-01 1.38715312e-01
    9.44870293e-01 7.68351436e-01 1.65947035e-01 1.51457465e+00
    1.50953338e-01 1.43304217e+00 8.31889570e-01 7.59831846e-01
    -3.27259243e-01 6.44594967e-01 7.85860002e-01 1.34007204e+00
    3.69147444e-03 -5.27666986e-01 -7.67875910e-01 6.45104885e-01
    -3.27941388e-01 2.53014773e-01 4.18604136e-01 -5.66387594e-01
    1.53289711e+00 1.71248686e+00 1.07059884e+00 -7.77454749e-02
    1.47780693e+00 6.23656750e-01 -4.39434171e-01 1.07678759e+00
    -3.71732920e-01 -3.42265427e-01 -3.84101629e-01 -7.21761584e-01
    1.06728196e+00 -2.09801704e-01 1.90106583e+00 1.25533473e+00
    1.81535766e-01 1.27001393e+00 7.89381206e-01 -1.70252159e-01
    1.04934418e+00 -8.25013891e-02 9.20576692e-01 -6.62869632e-01
    1.61911118e+00 1.81445956e-01 2.26977095e-01 8.91221166e-01
    1.09844983e+00 -5.61505072e-02 -2.74234980e-01 1.11950064e+00
    1.75157070e+00 1.35998809e+00 -4.90886457e-02 1.06373727e+00
    4.19599235e-01 1.42726052e+00 1.16791129e+00 1.13856506e+00
    1.06525826e+00 -2.93484088e-02 -3.39769721e-01 2.82063603e-01
    7.59976268e-01 -6.47061944e-01 8.33995640e-02 1.21414185e-01
    4.23386008e-01 5.83030343e-01 8.91956687e-01 5.47946632e-01
    -2.02966079e-01 -3.49164546e-01 8.11894894e-01 3.13341081e-01
    1.09409466e-02 2.55283445e-01 -7.58523643e-01 1.33550930e+00
    -5.72269976e-01 1.48423183e+00 1.21286917e+00 7.55535841e-01
    1.23674202e+00 9.18009698e-01 1.44066229e-01 1.62258053e+00
    1.35638189e+00 1.31434321e+00 -6.07322752e-01 -5.83034933e-01
    -4.99460939e-03 1.63380075e+00 -6.03145897e-01 1.13157189e+00
    -3.34999174e-01 -3.07362914e-01 -4.56576824e-01 8.13810408e-01
    -1.03401206e-01 -3.31139296e-01 -4.86717433e-01 -7.63755262e-01
    1.42949772e+00 6.19636714e-01 -6.71682119e-01 1.22125089e+00
    -2.48640835e-01 1.48927343e+00 1.23289824e+00 3.20296526e-01
    -5.19617200e-01 1.46702492e+00 4.50244009e-01 -5.13682127e-01
    1.15982816e-01 1.09507811e+00 9.12512362e-01 1.28176522e+00
    -6.55708671e-01 -3.46867144e-02 6.12771869e-01 1.67379248e+00
    6.45887971e-01 9.79186594e-01 2.19970420e-02 1.67091596e+00
    -3.14202994e-01 -6.37901425e-01 1.19414485e+00 -8.10889125e-01
    -3.24300587e-01 1.36475101e-01 1.72834754e+00 1.03958952e+00
    -6.38529181e-01 2.80479610e-01 1.66298401e+00 1.62812066e+00
    3.48774604e-02 1.65031031e-01 1.68508804e+00 1.72576439e+00
    -7.91590214e-01 2.27508083e-01 -1.89255387e-01 1.60019183e+00
    1.36693966e+00 -2.49326810e-01 1.30981934e+00 -4.93359268e-01
    1.97166279e-02 1.41324568e+00 1.28115579e-01 -7.62555823e-02
    -8.32659781e-01 -2.05168173e-01 1.77930939e+00 -3.09551179e-01
    -7.22368002e-01 1.57727039e+00 -3.05972606e-01 4.40719187e-01
    1.55932307e+00 1.14066243e+00 -6.30526602e-01 1.19422328e+00
    1.83966100e+00 -1.78015441e-01 1.52973711e+00 3.28551143e-01
    4.01909053e-02 1.85187554e+00 4.53495622e-01 8.23591769e-01
    6.66420817e-01 7.23442674e-01 7.06915915e-01 2.62992531e-01
    1.20974135e+00 1.03039622e+00 6.98027074e-01 6.80126488e-01
    3.86938095e-01 -1.45677909e-01 1.26266211e-01 -6.37912273e-01
    5.05928338e-01 -1.85438871e-01 2.83642471e-01 1.79060102e+00
    -1.52982205e-01 4.90046769e-01 1.62011170e+00 2.31746495e-01
    1.93801314e-01 -2.58270144e-01 2.70529062e-01 3.39798108e-02
    1.31085014e+00 1.15133238e+00 1.66858053e+00 -3.10057439e-02
    1.65349579e+00 -6.04999125e-01 4.21228647e-01 6.10345379e-02
    -3.31641048e-01 1.83948278e+00 1.24711561e+00 -7.64774680e-01
    -7.18149304e-01 1.52214181e+00 1.23515010e+00 8.26730058e-02
    -7.60060370e-01 1.37818158e+00 -1.02302104e-01 1.26054621e+00
    1.60443473e+00 4.41247910e-01 -1.38756588e-01 4.90260264e-03
    1.53340971e+00 9.59292293e-01 1.35398293e+00 1.30253851e-01
    3.86270076e-01 -2.03313291e-01 -3.23849112e-01 6.33943498e-01
    -2.90576786e-01 -4.74269725e-02 1.16521263e+00 -5.84018707e-01
    1.42295599e+00 -6.94807231e-01 5.71392119e-01 8.09528291e-01
    1.16376650e+00 -6.11940503e-01 7.45691299e-01 1.28410864e+00
    1.05961621e+00 6.77171528e-01 -6.03548646e-01 -6.74282730e-01
    3.04042269e-02 -6.43537104e-01 2.27727573e-02 1.27174520e+00
    1.15245509e+00 2.89151758e-01 8.51204157e-01 3.30886692e-02
    -3.81066889e-01 -8.79469216e-01 1.65356427e-01 4.48073447e-01
    -7.75886953e-01 1.10661161e+00 -1.50261059e-01 8.84068727e-01
    9.72759247e-01 5.83621562e-01 7.19970465e-02 2.73471832e-01
    -7.48951554e-01 6.69907033e-01 1.77372801e+00 -7.77548373e-01
    7.88404286e-01 -6.86616898e-01 1.59047031e+00 7.39740252e-01
    4.21983808e-01 -3.07954729e-01 2.27433413e-01 -6.18878007e-02
    1.10195410e+00 1.74735498e+00 -3.55387598e-01 1.43965006e+00
    -6.85113430e-01 8.22956145e-01 5.00435650e-01 3.10990810e-01
    1.52818918e+00 -6.61486387e-01 1.61465931e+00 9.79314029e-01
    3.27073783e-01 -7.98746228e-01 5.21843731e-01 1.73923087e+00
    1.41802824e+00 3.79051775e-01 -1.99498802e-01 5.88552594e-01
    1.12386835e+00 9.96773303e-01 1.65117955e+00 9.90669429e-01
    6.81089103e-01 2.21556872e-01 -2.47373477e-01 1.59289300e-01
    3.75151336e-01 -6.46051228e-01 1.27141678e+00 -1.83684096e-01
    8.43597725e-02 1.56294882e+00 7.98925757e-01 -2.15356752e-01
    -8.52245927e-01 1.73007107e+00 1.46545678e-01 1.10244608e+00
    1.82823956e+00 1.74113959e-02 -1.01281129e-01 -3.18038404e-01
    8.90602946e-01 1.29803443e+00 1.04004848e+00 -2.11402029e-01
    -3.41185093e-01 5.87616801e-01 1.35715616e+00 1.28940260e+00
    -5.35849154e-01 7.53819704e-01 9.35493171e-01 -7.30503023e-01
    -1.13242663e-01 1.39602017e+00 3.59076530e-01 -5.28191447e-01
    1.63309872e+00 1.19489479e+00 7.29306400e-01 8.56042206e-01
    3.17528069e-01 -3.59429792e-02 1.00558400e+00 -2.71179259e-01
    1.44310665e+00 1.21327329e+00 1.80416822e+00 1.08413124e+00
    -5.98175287e-01 2.81694561e-01 4.45580125e-01 1.23862207e-01
    1.09909976e+00 1.66271353e+00 -5.96249759e-01 1.38524747e+00
    3.68632317e-01 1.30334365e+00 -1.88141853e-01 -6.41351938e-01
    6.03703618e-01 5.77782691e-01 -3.63516688e-01 2.61116028e-01
    -1.12820819e-01 1.26240396e+00 -4.77047950e-01 4.43833679e-01
    8.00022840e-01 7.30598450e-01 -4.08225924e-01 -7.05423534e-01
    -6.06823623e-01 2.55776882e-01 1.62191844e+00 1.48960257e+00
    3.08286607e-01 8.61171186e-01 6.45017505e-01 8.35106447e-02
    1.71640170e+00 -1.03981555e-01 1.60506678e+00 8.80629301e-01
    8.21355760e-01 1.75809145e-01 -8.08604121e-01 1.61030650e+00
    -7.60081887e-01 2.50495553e-01 -1.95463419e-01 1.60746872e+00
    3.02412510e-01 1.34924293e+00 8.36562574e-01 1.42493689e+00
    1.27245057e+00 -3.50684911e-01 1.70085549e+00 1.61568391e+00
    5.24105132e-01 1.15935838e+00 1.67311168e+00 1.60834539e+00
    -2.62057334e-01 8.71776462e-01 9.31847990e-02 -3.72313350e-01
    -1.66872442e-01 -7.26994097e-01 -2.80872751e-02 1.44794023e+00
    -5.85187674e-01 5.69754243e-01 -3.70935112e-01 2.76101142e-01
    3.63687813e-01 1.22982562e+00 1.63810756e-02 2.39535987e-01
    1.64871407e+00 -6.26504779e-01 2.22315732e-02 7.42823541e-01
    1.22032654e+00 -5.17709076e-01 -6.78035676e-01 6.28767252e-01
    1.71936429e+00 -3.28155272e-02 2.45137453e-01 1.46606898e+00
    1.05776787e+00 1.46124566e+00 1.33098149e+00 1.61638200e+00
    1.69607413e+00 -4.99404430e-01 1.91920981e-01 6.22850895e-01
    4.69051003e-01 -5.78169167e-01 -3.48354280e-01 1.26840162e+00
    1.57542610e+00 1.00250363e+00 -2.72782415e-01 -6.17706776e-01
    1.73986089e+00 -3.09665322e-01 1.22125089e+00 1.78313941e-01
    -4.88553405e-01 1.15275955e+00 -4.88032341e-01 9.61532950e-01
    1.53915441e+00 -2.56842196e-01 1.43534613e+00 1.30016339e+00
    9.41797376e-01 -4.18419689e-02 1.72713065e+00 3.47559571e-01
    1.42820907e+00 1.02814364e+00 5.33683419e-01 8.96881744e-02
    3.99231970e-01 8.20340097e-01 1.46379852e+00 1.17233598e+00
    1.66126442e+00 -5.43839097e-01 1.11603582e+00 9.06710088e-01
    2.46425316e-01 5.24479330e-01 1.84749019e+00 5.20538501e-02
    1.26548159e+00 9.08192933e-01 8.03717822e-02 1.64420712e+00
    -2.48090878e-01 -3.41208220e-01 -5.85253716e-01 1.58255780e+00
    -1.21823356e-01 1.31262493e+00 -4.97495621e-01 1.10524380e+00
    1.35857558e+00 5.54718435e-01 -4.81971540e-02 1.87036800e+00
    -2.56565571e-01 3.95776659e-01 8.60436633e-03 1.86948884e+00
    -6.01411343e-01 -6.65112734e-01 1.04298615e+00 3.74800354e-01
    -5.32150209e-01 1.62892616e+00 -7.81059921e-01 1.26377106e+00
    1.12436175e-01 -4.01755899e-01 -5.23247957e-01 4.88218307e-01
    9.52707827e-02 1.41324544e+00 1.33623731e+00 7.87426233e-01
    7.02639520e-01 -6.59727991e-01 3.66209626e-01 5.65392256e-01
    1.55143404e+00 2.71042228e-01 1.81150898e-01 8.69383395e-01
    8.89441371e-01 1.45552719e+00 1.06435120e+00 4.32008117e-01
    4.53805834e-01 4.33849305e-01 7.28994846e-01 4.22949463e-01
    5.75224102e-01 1.30983457e-01 -3.30202848e-01 -5.41567981e-01
    3.33539188e-01 7.55007863e-01 5.28719246e-01 1.26597512e+00
    1.48888063e+00 1.11619341e+00 2.66237140e-01 -9.91064459e-02
    -2.60627627e-01 -4.30683166e-01 -5.89135051e-01 -6.86936796e-01
    1.19642484e+00 -6.63312972e-01 1.37405646e+00 1.72414160e+00
    5.69134593e-01 1.09098208e+00 -5.64703882e-01 1.03722417e+00
    1.76249242e+00 5.36007941e-01 1.19163561e+00 1.32544553e+00
    -8.68957281e-01 1.05803049e+00 1.66737056e+00 7.00651884e-01
    6.02187216e-01 1.49329513e-01 8.88908625e-01 1.23322761e+00
    1.46137786e+00 9.49959308e-02 4.33220804e-01 1.18722987e+00
    5.58658302e-01 -2.77652770e-01 9.53995049e-01 -5.86747706e-01
    8.05926740e-01 -5.39645493e-01 -7.29376614e-01 1.56376290e+00
    2.77735412e-01 1.27974141e+00 -7.75113478e-02 1.31092751e+00
    1.33493853e+00 1.35444999e+00 1.41651547e+00 7.98279643e-01
    4.80207741e-01 8.22571099e-01 5.49452484e-01 1.84617436e+00
    2.41617054e-01 1.07308328e+00 -5.96444070e-01 -5.22173405e-01
    5.42217672e-01 -7.11650431e-01 -5.53955197e-01 9.98919070e-01
    -4.87243086e-01 -3.07513833e-01 6.80034339e-01 1.56889033e+00
    1.41185784e+00 6.33258045e-01 -7.62634516e-01 1.74225748e+00
    1.42730677e+00 -5.96036315e-01 1.37409103e+00 1.02408266e+00
    -6.65291026e-02 1.91421777e-01 1.40230811e+00 7.26923704e-01
    -1.94842175e-01 -5.37403524e-01 1.34096396e+00 1.19825745e+00
    5.61870277e-01 1.66242027e+00 -3.49049658e-01 -2.43253469e-01
    5.32605290e-01 1.88638520e+00 2.45408401e-01 8.14975083e-01
    1.35734391e+00 1.30635333e+00 -1.10903773e-02 -4.23265398e-01
    4.84317333e-01 1.25336695e+00 1.03096902e+00 1.06973839e+00
    3.70783448e-01 -1.26965418e-02 1.61270213e+00 8.89122546e-01
    7.75867343e-01 1.46592945e-01 2.50430673e-01 5.06871641e-01
    1.43666756e+00 1.44494355e+00 5.08720338e-01 9.27610815e-01
    2.61797518e-01 9.29042339e-01 8.72667730e-01 1.45784438e+00
    5.95625043e-01 -1.47318467e-01 1.71855402e+00 -4.51132357e-01
    -2.30513528e-01 4.36725348e-01 1.09964097e+00 -4.98603284e-01
    7.66380429e-01 1.02517021e+00 -1.60461023e-01 1.31862605e+00
    5.92876434e-01 -6.95182383e-01 1.47004318e+00 1.65574932e+00
    7.75856733e-01 6.52915418e-01 -3.10435832e-01 1.48278677e+00
    -3.63247216e-01 -4.73945916e-01 8.42772797e-02 3.73838618e-02
    1.62716940e-01 -4.50149745e-01 1.07095981e+00 1.22188866e+00
    -1.99848667e-01 1.06690216e+00 -2.28441715e-01 1.79154158e+00
    1.36473465e+00 3.15058939e-02 7.78496146e-01 1.24126005e+00
    -5.10625660e-01 7.25757897e-01 2.98270613e-01 1.70038545e+00
    1.52908361e+00 4.99013841e-01 -4.43612009e-01 1.19588888e+00
    -1.81517541e-01 1.24932528e+00 -4.01283681e-01 1.55559456e+00
    -4.72071115e-03 5.22569716e-01 9.92287230e-03 -2.27871776e-01
    9.72519100e-01 4.23061460e-01 2.55929112e-01 3.07861585e-02
    9.29595351e-01 1.19394529e+00 4.80767637e-01 -1.14670560e-01
    -7.62636185e-01 -1.46185994e-01 1.15108395e+00 1.56586993e+00
    -3.14306170e-01 3.91093880e-01 -2.42111072e-01 1.43277109e+00
    8.74841928e-01 1.65695071e+00 -2.04321191e-01 -5.49089253e-01
    -7.97222912e-01 -1.72788650e-01 7.39097357e-01 1.34928215e+00
    1.91919959e+00 -1.72478437e-01 1.93295360e+00 7.52140641e-01
    -2.51721948e-01 7.56733596e-01 1.21312451e+00 4.96345162e-01
    4.57979649e-01 6.15465820e-01 5.84608495e-01 6.90534413e-01
    1.54523635e+00 9.16505635e-01 1.08988607e+00 -1.15135096e-01
    3.28814656e-01 -4.19967957e-02 -2.21459240e-01 1.32392466e+00
    -2.58790255e-01 8.20164204e-01 -5.51240683e-01 1.16005707e+00
    -4.20980126e-01 1.35063493e+00 1.24496281e+00 5.99278629e-01
    1.39194179e+00 -7.30036259e-01 1.33198822e+00 -7.70079434e-01
    1.47565889e+00 1.64289916e+00 1.52267945e+00 -7.70385742e-01
    3.52076977e-01 1.64602578e+00 3.54291677e-01 3.98499906e-01
    3.51367354e-01 1.49393904e+00 3.82914633e-01 1.29394662e+00
    1.71624112e+00 -5.01920842e-02 3.63766462e-01 -4.80810076e-01
    1.61939824e+00 1.37829638e+00 1.56594360e+00 7.38720238e-01
    -2.86428660e-01 1.68958223e+00 1.71755338e+00 3.49022865e-01
    3.38596344e-01 1.41231101e-02 1.41915202e+00 1.78435886e+00
    2.56766737e-01 4.30878013e-01 1.17715418e+00 1.44872344e+00
    1.00957274e-01 1.51114190e+00 1.64922452e+00 1.05173349e+00
    -6.90664232e-01 5.77833593e-01 1.42220867e+00 -1.30021021e-01
    3.10030729e-01 1.71110392e+00 1.48095667e+00 9.08549488e-01
    1.22112954e+00 6.75012410e-01 -2.44329628e-02 4.19343919e-01
    1.07682072e-01 1.13229704e+00 3.74242455e-01 3.90186429e-01
    1.31136179e-01 4.59197670e-01 -1.49893031e-01 2.84943014e-01
    7.55126595e-01 3.90789688e-01 7.85478473e-01 -8.77570629e-01
    -5.93025804e-01 1.44539332e+00 5.18697441e-01 1.31436455e+00
    -7.55007803e-01 1.79579914e-01 1.03537038e-01 1.31664622e+00
    1.16118634e+00 -7.58228004e-01 -3.95167202e-01 5.43187201e-01
    7.09464908e-01 1.07972109e+00 -4.87006247e-01 1.36575818e+00
    6.79155588e-01 5.65415323e-01 1.73811042e+00 4.31663096e-01
    -2.90599197e-01 1.26560736e+00 -6.77456677e-01 8.74909461e-01
    -2.80445337e-01 9.82037067e-01 -7.68889546e-01 1.11752093e+00
    4.41318840e-01 -1.37920201e-01 -5.88218927e-01 -4.36215281e-01
    1.35022366e+00 1.83409739e+00 -1.16388775e-01 6.46659970e-01
    2.27103978e-02 1.46857059e+00 1.37015283e+00 1.48825037e+00
    1.63873172e+00 1.18967044e+00 1.32088983e+00 3.12942088e-01
    1.79176033e+00 7.84449995e-01 1.63291800e+00 5.50237954e-01
    7.04347551e-01 2.65381753e-01 1.76390994e+00 3.58321816e-01
    8.61887574e-01 -2.35544354e-01 3.62767339e-01 1.86611116e+00
    7.48798907e-01 -2.84031838e-01 -2.51048207e-01 1.74704778e+00
    2.01530039e-01 5.37242055e-01 8.18677485e-01 -2.80727446e-01
    -2.58281857e-01 -5.44683099e-01 -5.65455794e-01 -2.52546687e-02
    -3.78281325e-01 7.81003714e-01 1.52308357e+00 -7.10563958e-01
    1.01733696e+00 -5.30787766e-01 5.81095159e-01 3.63045111e-02
    -2.86056846e-01 2.23513439e-01 1.14685476e+00 7.16276765e-01
    1.34596264e+00 1.22072387e+00 -1.07627839e-01 1.12817848e+00
    1.01326871e+00 -5.77730954e-01 -4.22536671e-01 2.27706730e-01
    1.76993918e+00 -2.39540040e-01 -7.63244331e-01 -4.92419034e-01
    2.88456641e-02 8.62812459e-01 -7.63248563e-01 6.13414764e-01
    4.67971601e-02 1.76429844e+00 1.44104555e-01 1.27587974e+00
    1.60332394e+00 6.36038303e-01 1.01246774e+00 1.07774651e+00
    7.38905668e-01 7.57332504e-01 1.45606494e+00 6.94595039e-01
    6.32194802e-02 -5.22816420e-01 1.37889624e+00 -9.15581286e-02
    1.44514573e+00 9.86515701e-01 1.12008619e+00 4.04612452e-01
    1.12764394e+00 -6.98124290e-01 8.75527680e-01 1.24575818e+00
    5.61764538e-01 2.60007024e-01 -4.63164806e-01 -6.47033215e-01
    9.11432862e-01 7.90246427e-01 -1.69469520e-01 9.30991232e-01
    7.01165676e-01 -5.56819379e-01 1.12738144e+00 1.64141405e+00
    1.32386923e+00 1.06405473e+00 1.56188691e+00 9.48094964e-01
    -3.00637335e-01 3.46921116e-01 1.62309480e+00 6.05211616e-01
    -5.93178391e-01 1.73981273e+00 1.47697997e+00 2.39604235e-01
    -6.93724215e-01 4.61066902e-01 -1.70238763e-01 1.17914093e+00
    -3.30969453e-01 5.29696643e-01 -6.21723592e-01 -5.05274475e-01
    6.90618083e-02 -6.32258773e-01 1.38128781e+00 -8.40822458e-02
    7.16801345e-01 1.39842534e+00 1.06081414e+00 -7.47258127e-01
    1.01594917e-01 1.77216315e+00 1.28622007e+00 1.02652144e+00
    8.17069530e-01 1.29446971e+00 2.85010278e-01 6.70574665e-01
    2.12466979e+00 2.01462936e+00 1.87258124e-01 1.10634375e+00
    1.04044700e+00 -6.10652149e-01 8.09430122e-01 -4.50544059e-01
    1.62195992e+00 1.69563484e+00 -4.76189435e-01 1.63305223e+00
    1.37221396e+00 6.40500069e-01 1.79948282e+00 -8.27305987e-02
    -4.16625172e-01 -3.96401167e-01 3.18415433e-01 -4.67416942e-01
    9.85258073e-02 1.10350335e+00 1.19221258e+00 8.22894752e-01
    5.78649580e-01 1.69007432e+00 1.33484527e-01 9.24090207e-01
    9.70116079e-01 1.61812150e+00 -2.53143251e-01 1.67035687e+00
    1.67754400e+00 -7.37783551e-01 1.47586656e+00 -3.43999892e-01
    2.63259053e-01 -9.55698267e-02 1.12262893e+00 7.83147216e-01
    7.36163795e-01 9.14544225e-01 -4.04219121e-01 -7.68100798e-01
    2.74617136e-01 2.69654781e-01 7.06629574e-01 5.62794507e-01
    4.23787981e-01 1.57454383e+00 -6.35140657e-01 -6.64060935e-02
    1.33705723e+00 -2.70083845e-01 1.62269759e+00 5.75862348e-01
    3.81044865e-01 1.68301809e+00 3.29276055e-01 1.01046693e+00
    3.58059078e-01 -2.92711705e-01 -8.21037412e-01 4.50835675e-01
    8.90567839e-01 -4.81053218e-02 -5.22933543e-01 -1.54484928e-01
    -8.38400900e-01 -8.71125758e-01 2.50511318e-01 5.50097167e-01
    1.58163691e+00 1.47825658e+00 -5.72332703e-02 8.78160819e-02
    -6.12787068e-01 -3.89123470e-01 5.97754896e-01 7.32882440e-01
    -2.07390338e-02 2.99245566e-01 8.67100835e-01 1.42685962e+00
    -4.98561561e-01 1.07633793e+00 -8.85510921e-01 1.24943721e+00
    1.27816594e+00 7.07647502e-01 1.59271216e+00 7.98182011e-01
    6.49030134e-02 -2.62675285e-01 -4.71006632e-01 -5.77174127e-01
    -6.72012568e-01 1.34954631e+00 1.63694620e+00 5.66321015e-01
    6.58494413e-01 6.16524160e-01 8.40203166e-01 -2.58925408e-01
    2.35628754e-01 8.41479003e-01 1.16941452e+00 -6.77959561e-01
    1.44089139e+00 -6.15567029e-01 1.59516585e+00 -2.06505820e-01
    -1.36046067e-01 6.27805352e-01 5.09912729e-01 1.69313240e+00
    2.58181721e-01 1.09896493e+00 1.52378416e+00 6.57012546e-03
    4.53245401e-01 -2.18473092e-01 -3.27136040e-01 1.67201042e+00
    6.28213525e-01 9.00836706e-01 -4.28163171e-01 4.05937105e-01
    -4.55026895e-01 1.52574456e+00 6.66579723e-01 1.12172997e+00
    4.45783913e-01 -3.12508374e-01 7.82796443e-01 1.53714645e+00
    5.48411191e-01 9.34693456e-01 -3.49064112e-01 1.70929444e+00
    9.50855374e-01 -6.83160722e-01 -2.94382751e-01 1.45943776e-01
    1.67965376e+00 -6.97594583e-01 1.02449393e+00 1.46748722e+00
    -3.91907007e-01 1.80027211e+00 6.86098099e-01 1.08687997e-01
    1.18161964e+00 1.10006750e-01 6.41751349e-01 4.37920272e-01
    -2.47849524e-01 -3.45369568e-03 1.76016974e+00 1.53645027e+00
    1.55823084e-03 -3.70439112e-01 -6.52929246e-01 1.39790404e+00
    -5.21020532e-01 1.82653320e+00 3.02146003e-02 5.97694874e-01
    6.55297697e-01 1.00503469e+00 2.57979125e-01 2.19521001e-01
    -5.00603378e-01 1.48581731e+00 9.68459100e-02 -6.26906008e-02
    1.74968994e+00 1.71182084e+00 -2.23402828e-01 3.40054363e-01
    1.31114137e+00 -1.51442721e-01 3.07574838e-01 -3.46232384e-01
    1.68608713e+00 1.64948511e+00 5.69812238e-01 2.44538680e-01
    -3.96105498e-01 9.29253340e-01 1.21929729e+00 -2.54421592e-01
    1.80045235e+00 1.63405442e+00 -2.04388306e-01 1.03132415e+00
    1.83378899e+00 -2.90782005e-01 -2.95259297e-01 5.98916471e-01
    -1.20209642e-01 7.31257915e-01 1.67629623e+00 -6.04500592e-01
    1.07727528e+00 -3.08429390e-01 -4.49679047e-01 -4.19833153e-01
    9.49283689e-02 1.32224405e+00 3.22657138e-01 2.57702380e-01
    -4.26934391e-01 1.07735634e+00 1.18922010e-01 5.08638859e-01
    -7.98591673e-01 1.32004082e+00 1.15600693e+00 1.59829998e+00
    3.22821252e-02 1.40454233e-01 1.75873693e-02 1.09899867e+00
    -3.24593097e-01 1.82584858e+00 7.87857950e-01 1.37657535e+00
    -5.53487599e-01 -5.74702978e-01 1.72894192e+00 -5.14034092e-01
    1.30437648e+00 1.60180897e-01 8.10872734e-01 -1.45875692e-01
    -4.58074182e-01 1.33478510e+00 2.88012713e-01 5.51465273e-01
    1.33688998e+00 -4.31471139e-01 -2.38605719e-02 -6.73705220e-01
    4.00841713e-01 8.52689207e-01 1.36174098e-01 1.39202774e+00
    -6.83421671e-01 1.57785535e+00 -4.31334687e-04 6.02810800e-01
    1.13456440e+00 1.19000888e+00 3.86668444e-01 1.72358525e+00
    1.67085099e+00 -2.18477976e-02 1.87997270e+00 -4.40449148e-01
    1.93720043e-01 2.01105267e-01 -7.92353868e-01 1.76000023e+00
    1.45276451e+00 -7.53380358e-01 7.39051759e-01 -7.61432827e-01
    9.65605021e-01 1.55250466e+00 7.01551139e-01 -1.14340410e-01
    -5.99529564e-01 6.87982500e-01 -2.45793909e-01 1.63673460e-01
    1.45561308e-01 -3.03741485e-01 1.03619862e+00 1.27159595e+00
    1.71328044e+00 -5.48324585e-01 -5.46338379e-01 2.74695694e-01
    7.30870605e-01 1.76725435e+00 -4.83129412e-01 2.24374786e-01
    -4.32502419e-01 3.54122847e-01 9.07933339e-02 1.84214580e+00
    4.73158628e-01 1.25783241e+00 8.34706366e-01 1.31827807e+00
    1.56186759e+00 1.44851819e-01 7.73033619e-01 -3.96357402e-02
    1.20233727e+00 -3.21564406e-01 -8.68330970e-02 1.51539356e-01
    1.51640594e+00 -6.70119584e-01 9.24846530e-01 6.48147345e-01
    -6.19798005e-01 6.30143106e-01 1.57392487e-01 6.91019654e-01
    1.49463618e+00 1.03900701e-01 1.29435945e+00 -6.51970059e-02
    1.45086682e+00 8.88701558e-01 -6.94487453e-01 1.06484674e-01
    1.04226136e+00 1.21258307e+00 9.93115246e-01 1.55742395e+00
    -4.95681047e-01 1.44578207e+00 1.45386171e+00 1.30276716e+00
    1.61449909e+00 -8.23959149e-03 1.06472731e+00 6.61470532e-01
    6.13207459e-01 -4.77939874e-01 -3.23994130e-01 -1.53266653e-01
    -2.32751071e-01 4.57717866e-01 5.02854228e-01 4.84874964e-01
    -4.90414828e-01 1.62109900e+00 1.21346211e+00 -6.51155829e-01
    1.53861952e+00 1.43553221e+00 1.00024605e+00 6.60083964e-02
    1.20404935e+00 3.30609947e-01 -3.76918793e-01 -1.98633537e-01
    8.69952664e-02 -1.90956905e-01 5.71968555e-01 1.78756773e+00
    5.20466007e-02 -1.52670130e-01 -1.95454240e-01 -5.04470289e-01
    4.81861204e-01 6.20006502e-01 1.35682809e+00 7.64496624e-01
    1.00992906e+00 7.90848672e-01 -3.25649053e-01 5.77821195e-01
    8.59092355e-01 -5.15620768e-01 8.46258283e-01 -4.16238546e-01
    -1.56517476e-01 5.33994257e-01 8.82517457e-01 -5.69401026e-01
    1.11321950e+00 -2.52046406e-01 -1.58207670e-01 1.39351833e+00
    -1.31995767e-01 -1.83118641e-01 5.01860142e-01 1.22812653e+00
    -3.37282866e-01 4.45199609e-01 5.61382473e-01 1.59232819e+00
    -3.90162796e-01 1.20389450e+00 3.42642605e-01 9.13822770e-01
    9.59821820e-01 -2.00704089e-03 1.49062860e+00 9.65663135e-01
    -2.46476129e-01 4.74521160e-01 1.19106364e+00 1.58292031e+00
    -7.10775971e-01 1.39368761e+00 8.76303613e-01 1.73824608e+00
    -4.79626395e-02 1.19378340e+00 1.13542810e-01 -2.76621729e-01
    2.55313814e-01 -3.71105790e-01 -4.16285813e-01 1.17150354e+00
    2.98177391e-01 6.30755484e-01 -1.12965055e-01 1.40004718e+00
    4.52949166e-01 5.17619908e-01 1.17054194e-01 -1.84451044e-01
    4.68037724e-01 1.38492322e+00 1.20619857e+00 1.79752782e-01
    2.67657518e-01 -7.47366846e-01 -5.02659619e-01 -4.73895669e-02
    -1.47282593e-02 1.25110149e+00 6.72482848e-01 -3.98849934e-01
    1.68420601e+00 1.24919012e-01 1.86359376e-01 4.70825493e-01
    1.49226832e+00 4.91239220e-01 1.24335420e+00 1.37427700e+00
    1.68659818e+00 5.71176052e-01 7.36316025e-01 -1.47691026e-01
    -6.71498954e-01 -8.07453036e-01 1.38750660e+00 -3.98720562e-01
    -7.87256241e-01 -3.15568388e-01 7.64695466e-01 -1.64527684e-01
    6.07271791e-01 -5.90354383e-01 1.15334129e+00 5.76067030e-01
    -5.79862356e-01 2.02764645e-01 -3.91237885e-01 1.66058064e+00
    1.62675643e+00 -5.35357177e-01 -3.85472119e-01 1.16026342e+00
    -6.98999405e-01 2.98821092e-01 1.08183610e+00 9.40439284e-01
    7.83962905e-01 8.23428929e-01 2.41420567e-01 -3.85099024e-01
    1.97519049e-01 -8.95780697e-02 2.36076578e-01 1.61395609e+00
    2.32553139e-01 -5.56168079e-01 7.93556511e-01 -3.81508231e-01
    1.93307906e-01 1.68265331e+00 8.71532738e-01 -6.69231340e-02
    8.78109515e-01 9.61630642e-01 1.47405088e+00 -4.87753093e-01
    1.06936550e+00 1.46501100e+00 -5.41479886e-01 1.27743852e+00
    -3.78148556e-01 1.54058576e+00 -9.30869952e-02 4.48726743e-01
    1.18995202e+00 1.03901076e+00 5.62046409e-01 1.18675375e+00
    -4.81713682e-01 5.04853964e-01 -7.74828017e-01 3.67493033e-01
    -8.47737908e-01 2.46247187e-01 -7.13840723e-01 -6.67856574e-01
    1.87434387e+00 2.05053449e+00 -6.69280663e-02 1.60011351e+00
    3.59978616e-01 -3.47557843e-01 9.19153452e-01 1.33064482e-02
    1.13672924e+00 6.02634192e-01 1.42703712e+00 -2.42554575e-01
    -3.96838337e-01 5.89489520e-01 3.01440746e-01 2.45485306e-01
    7.80569538e-02 -6.99379921e-01 8.03021848e-01 -7.43280768e-01
    -4.53056604e-01 8.51223648e-01 1.23374665e+00 -1.26946911e-01
    -4.86350119e-01 1.08610749e+00 -2.10923567e-01 1.81683004e+00
    2.50344515e-01 4.48619276e-01 1.21248639e+00 1.26356006e+00
    8.19618165e-01 9.55636680e-01 -2.13698238e-01 -4.46061164e-01
    -2.03740582e-01 7.49362409e-01 -4.43111807e-01 8.45258117e-01
    -3.75153810e-01 -4.01262105e-01 -7.62928367e-01 1.07689965e+00
    5.10516465e-01 1.63791645e+00 9.35047865e-01 4.56061572e-01
    8.47162068e-01 1.03504670e+00 1.49978924e+00 1.04848623e+00
    1.22114229e+00 -3.34384620e-01 -1.46044374e-01 5.53346813e-01
    -3.08202565e-01 1.80512860e-01 7.07151592e-01 9.45770860e-01
    1.30300367e+00 1.65450287e+00 1.83438972e-01 -1.88998729e-01
    4.88808483e-01 1.81788945e+00 1.52343941e+00 -7.41844296e-01
    2.20403209e-01 9.40722108e-01 1.09939992e+00 4.71228927e-01
    1.79761755e+00 -3.07643652e-01 6.78166866e-01 -3.54409963e-01
    -8.43816221e-01 8.85870695e-01 1.04760063e+00 1.09129190e+00
    -3.49272728e-01 -6.83515191e-01 5.28825998e-01 4.50923979e-01
    1.77029133e+00 -4.11689818e-01 1.71470594e+00 1.70077348e+00
    -1.16664402e-01 6.02127016e-01 -2.05330193e-01 2.20217630e-01
    2.65677691e-01 5.51446855e-01 -5.26840389e-01 1.76477060e-01
    7.14355528e-01 -4.28474665e-01 3.43163200e-02 1.36997020e+00
    -3.22425067e-01 1.07799065e+00 1.50419617e+00 1.60852289e+00
    -7.22620726e-01 1.84988499e+00 6.14524066e-01 1.10513413e+00
    -3.30058008e-01 1.00492167e+00 -5.66937625e-01 -7.43204176e-01
    1.50665128e+00 2.00641587e-01 1.25140250e+00 7.61636853e-01
    1.77238429e+00 -4.33882892e-01 2.59943932e-01 1.47853124e+00
    3.16595107e-01 1.44917667e+00 -3.26505691e-01 4.44900692e-01
    1.49324238e+00 1.29993744e-02 -5.27849197e-01 -1.16248928e-01
    1.28015435e+00 5.74031882e-02 1.59533656e+00 -6.34739622e-02
    4.41965133e-01 1.78741968e+00 2.00244650e-01 -6.31568134e-01
    1.41969001e+00 6.68391109e-01 9.61283028e-01 -2.85849780e-01
    -2.29544207e-01 9.60758209e-01 8.06993425e-01 -6.11456633e-01
    1.75320554e+00 -6.89997017e-01 -3.11819702e-01 4.08972442e-01
    8.48559558e-01 -4.93288130e-01 -1.67724900e-02 7.56954789e-01
    -2.93492019e-01 6.42314434e-01 9.89423752e-01 7.75583386e-01
    9.22693431e-01 9.88833129e-01 5.31071603e-01 7.74851978e-01
    1.59365869e+00 7.03070998e-01 -6.57661200e-01 6.13629103e-01
    1.05957508e+00 -6.50406659e-01 -7.02660739e-01 -6.02036109e-03
    1.55650365e+00 1.30408728e+00 -4.27358449e-01 9.00017798e-01
    7.11880744e-01 -1.04537629e-01 1.26499867e+00 1.59159184e+00
    1.54715407e+00 1.40060738e-01 9.00146723e-01 -7.85917759e-01
    -8.03538144e-01 1.31742990e+00 1.81161129e+00 1.33067822e+00
    1.22252750e+00 1.29360771e+00 -8.00256848e-01 1.70741010e+00
    -1.17913708e-01 3.89200211e-01 -6.81903541e-01 -6.98021293e-01
    1.01963736e-01 1.61979461e+00 1.27723837e+00 -7.52624631e-01
    8.77973139e-01 -7.82773793e-01 6.02687657e-01 -5.86532056e-01
    -5.05505741e-01 1.54881394e+00 -4.35370684e-01 -3.48662347e-01
    -7.61117876e-01 -4.95221525e-01 6.25793457e-01 3.62678505e-02
    8.16247046e-01 -2.50424799e-02 -6.05479956e-01 7.90724039e-01
    7.50058293e-01 -1.12079263e-01 3.08973759e-01 1.29594660e+00
    1.48549348e-01 1.67494893e+00 -2.81779468e-01 6.25480413e-01
    -2.36875549e-01 3.34269196e-01 1.43011820e+00 5.44430852e-01
    2.49570176e-01 3.43299866e-01 1.08026087e+00 1.11555248e-01
    1.83178067e+00 1.58046532e+00 -3.82788360e-01 -4.03847545e-01
    1.45400882e+00 9.50437188e-02 -6.79510176e-01 1.53883016e+00
    -4.23810095e-01 9.59188402e-01 4.37863827e-01 1.51458573e+00
    7.38934040e-01 9.83605921e-01 5.18828094e-01 1.51873457e+00
    1.37397707e+00 5.04988372e-01 -6.90131664e-01 -2.88842678e-01
    7.38839060e-02 1.38721704e+00 -4.01251882e-01 4.23888683e-01
    1.74292254e+00 -5.08995116e-01 3.41149792e-02 7.33251214e-01
    1.14362061e+00 5.79461634e-01 1.03999913e+00 2.74545580e-01
    8.25909078e-01 8.17023456e-01 1.80730593e+00 -3.03602427e-01
    1.48552871e+00 1.21441460e+00 8.13386559e-01 1.23499870e+00
    3.00828815e-01 -4.54137743e-01 1.51492000e+00 -1.75073281e-01
    1.12857985e+00 -6.73648000e-01 7.21466839e-02 1.32458436e+00
    -4.67849761e-01 -5.67740381e-01 1.78823698e+00 -4.77957040e-01
    1.88939130e+00 -2.59808868e-01 -5.93846917e-01 6.13430560e-01
    -1.92885742e-01 2.47065768e-01 1.17080879e+00 -5.80070674e-01
    1.75750446e+00 1.83070552e+00 1.65893459e+00 -6.02461338e-01
    -5.05612433e-01 5.79417646e-01 -6.37528419e-01 -6.86515868e-01
    7.47260898e-02 -3.25273186e-01 2.91145146e-01 1.23891008e+00
    -8.18611503e-01 4.68448967e-01 9.67346549e-01 1.38662755e+00
    -4.15839553e-01 1.25262117e+00 2.80094206e-01 1.71840596e+00
    1.29810500e+00 2.34453622e-02 1.60112166e+00 1.19136739e+00
    -2.43955553e-01 8.63289058e-01 -4.28765029e-01 2.71507621e-01
    -8.44814599e-01 -4.28889275e-01 -3.18924934e-01 3.97992939e-01
    -4.53711063e-01 1.14323521e+00 1.46777177e+00 -4.04793054e-01
    7.76453555e-01 6.10071123e-01 1.18198359e+00 -6.72786832e-01
    2.74389625e-01 1.08822536e+00 1.41968775e+00 1.65720022e+00
    -8.76186073e-01 -4.40789074e-01 4.07087743e-01 1.39874780e+00
    -1.29559562e-01 7.47044623e-01 1.33784854e+00 -6.98796093e-01
    7.29421258e-01 1.54848564e+00 -4.95856911e-01 1.71206009e+00
    1.39120615e+00 1.82673782e-01 -1.68560639e-01 -8.18024352e-02
    1.60573637e+00 5.86559117e-01 5.96928716e-01 1.20586419e+00
    1.74376762e+00 2.32434317e-01 1.30458498e+00 1.31793940e+00
    2.81449020e-01 -2.74528205e-01 2.71425009e-01 2.58230001e-01
    -4.03479397e-01 1.21159363e+00 -4.34637845e-01 1.04214275e+00
    5.79965003e-02 1.37123775e+00 3.70906174e-01 -7.71134377e-01
    2.29091451e-01 9.77439225e-01 1.85347110e-01 -1.13284797e-03
    1.13289249e+00 -6.60112917e-01 -1.64354503e-01 -3.33038956e-01
    8.18892837e-01 -2.43003264e-01 4.27506566e-01 1.55200636e+00
    1.57101646e-01 1.72371304e+00 7.17674494e-01 4.87881392e-01
    3.12884510e-01 4.96307939e-01 -6.44943357e-01 1.43041372e+00
    -3.75989586e-01 -5.69193959e-01 -3.48971903e-01 -9.36260298e-02
    3.06245893e-01 3.65217447e-01 -1.80042610e-01 1.08289814e+00
    1.69863391e+00 9.93238032e-01 -8.26383352e-01 -7.98081398e-01
    -5.27111351e-01 3.33856434e-01 9.79842126e-01 1.06178141e+00
    1.60122418e+00 3.86508584e-01 6.51407897e-01 -3.90005767e-01
    1.37943864e+00 7.88565338e-01 -5.05006969e-01 -6.39388680e-01
    8.22850049e-01 1.30793977e+00 1.12766433e+00 1.13865234e-01
    1.43615413e+00 -2.76727110e-01 -3.28117043e-01 1.65660799e+00
    1.16392183e+00 -5.47246337e-01 1.04734337e+00 5.74652731e-01
    6.00811541e-01 1.41013622e+00 1.30899942e+00 -5.51386774e-01
    -3.57789129e-01 1.45454216e+00 8.81310523e-01 1.60805833e+00
    4.90444690e-01 5.92189610e-01 5.55772305e-01 1.99884728e-01
    -1.50357068e-01 -2.27380916e-01 1.37282693e+00 -3.56615514e-01
    4.33395028e-01 1.18348204e-01 1.48599303e+00 1.08436704e+00
    1.10190082e+00 2.34952316e-01 -8.52725685e-01 -2.53567010e-01
    9.53778267e-01 -1.56065971e-01 8.13910663e-01 5.16381979e-01
    1.49015415e+00 -7.68278062e-01 9.76856947e-02 -1.37033939e-01
    8.49291742e-01 8.61559033e-01 8.37876379e-01 3.49707961e-01
    1.37121475e+00 -2.69029494e-02 -1.34517804e-01 3.46777409e-01
    9.05399323e-01 6.42931163e-01 1.49098861e+00 6.02556705e-01
    -5.55120885e-01 2.79270113e-01 1.31855464e+00 -4.23402816e-01
    -1.01278171e-01 1.35786223e+00 -1.35588944e-02 4.96133059e-01
    1.64634705e+00 -1.96971223e-01 -1.19035274e-01 1.95369899e-01
    5.76585293e-01 9.81167495e-01 5.20609915e-01 4.20256019e-01
    -2.02219039e-01 1.53417453e-01 -1.90779075e-01 1.42135835e+00
    -3.20205450e-01 6.28039658e-01 4.94846106e-01 -7.31772542e-01
    -1.82037592e-01 1.63365114e+00 1.44550905e-01 4.07192577e-03
    1.58471966e+00 -2.38604099e-01 -2.31563032e-01 -2.93365344e-02
    3.52274656e-01 1.46184611e+00 1.33946455e+00 1.59136319e+00
    -3.91955912e-01 1.47751534e+00 1.56352437e+00 3.79361838e-01
    1.69849634e+00 -2.69611984e-01 3.22642773e-01 -8.84447396e-02
    -4.09255289e-02 -3.48060489e-01 1.68937409e+00 2.61236817e-01
    6.79188251e-01 -2.48196181e-02 -4.90711898e-01 -2.77426422e-01
    6.02254152e-01 -1.63451821e-01 8.57106447e-01 8.12351644e-01
    1.14735341e+00 1.65004030e-01 6.78277850e-01 -2.39171863e-01
    5.57998359e-01 -4.55418706e-01 1.72748017e+00 1.55810773e+00
    -1.95635244e-01 1.12708545e+00 1.77079868e+00 -5.66959918e-01
    1.60021591e+00 -7.14322850e-02 -7.05804348e-01 -5.20345569e-01
    1.42579997e+00 -3.50837141e-01 9.76731718e-01 -8.41320395e-01
    1.17329407e+00 9.36714530e-01 -2.67339438e-01 9.27392960e-01
    1.32740867e+00 7.98542425e-02 7.86765575e-01 -6.01517737e-01
    5.44943810e-01 -1.53616175e-01 -2.01884225e-01 6.52595580e-01
    1.29464340e+00 -4.86477137e-01 -4.59204465e-01 -4.20485646e-01
    8.90564859e-01 -1.50089204e-01 1.34761065e-01 -6.87132478e-01
    -4.12524670e-01 -7.51212716e-01 -1.26863699e-02 8.23338330e-01
    -3.33560437e-01 5.90431929e-01 1.16719270e+00 1.28603637e+00
    1.06651902e+00 1.22630012e+00 7.29269028e-01 1.08752763e+00
    1.58151925e+00 -5.59735835e-01 -2.21505910e-01 1.29896295e+00
    -6.75473213e-01 1.66543871e-01 1.56235373e+00 1.65885076e-01
    -1.51253000e-01 6.47461057e-01 9.70936358e-01 1.56237102e+00
    1.78330815e+00 1.09784484e+00 1.27303529e+00 -6.14462793e-01
    1.54355621e+00 -7.03903884e-02 -4.82711911e-01 1.52325109e-01
    -8.11677098e-01 -9.11148041e-02 -3.93493593e-01 9.37576413e-01
    1.01423025e+00 1.44492054e+00 3.17381352e-01 6.65572464e-01
    -7.88673639e-01 1.15843248e+00 1.07413661e+00 1.61648437e-01
    1.33849049e+00 -6.21077597e-01 -7.24093020e-01 1.84319925e+00
    1.80836105e+00 6.81042612e-01 1.31119120e+00 5.33201337e-01
    1.49567640e+00 9.21542823e-01 2.54184276e-01 1.25754392e+00
    1.25069022e+00 -5.53809762e-01 1.60741553e-01 1.14218545e+00
    1.76152334e-01 1.75338984e+00 -1.79381102e-01 1.35332549e+00
    1.67191482e+00 4.33882982e-01 9.85292345e-03 -7.73794174e-01
    9.56070364e-01 1.79509866e+00 7.62717068e-01 -6.71982646e-01
    1.17715752e+00 1.01820898e+00 -7.73165226e-02 1.58991659e+00
    -2.64436364e-01 1.70284152e-01 -2.94748217e-01 1.21262574e+00
    -1.82645649e-01 4.75756437e-01 -5.93713403e-01 6.57657206e-01
    -4.55778360e-01 1.03713644e+00 1.25874269e+00 1.55644619e+00
    -1.51284467e-02 1.74097943e+00 1.23222220e+00 9.66638923e-01
    8.84653807e-01 4.04817194e-01 1.99865296e-01 8.26445162e-01
    -8.02102238e-02 1.70694137e+00 -5.73633134e-01 -6.65233135e-01
    1.67208552e+00 -5.22122264e-01 1.24615300e+00 7.23787010e-01
    5.09764612e-01 -4.45386142e-01 1.28202772e+00 6.86974585e-01
    1.21583009e+00 1.53473735e+00 -6.66968644e-01 8.82883489e-01
    1.44482982e+00 -4.82002258e-01 -3.86445314e-01 -7.14804590e-01
    3.91798556e-01 1.66413558e+00 2.01226294e-01 5.14160097e-01
    7.61016667e-01 -7.54432678e-01 4.71508592e-01 1.56522989e+00
    1.01399851e+00 -1.77524716e-01 -4.46906388e-01 7.78018594e-01
    -3.05484056e-01 -4.28333163e-01 -3.01203102e-01 6.40216827e-01
    1.47767818e+00 1.42993104e+00 7.68637657e-01 1.48120010e+00
    1.28241289e+00 1.68961978e+00 -3.75499845e-01 -5.80970585e-01
    -2.47515067e-02 1.53808689e+00 1.31428564e+00 1.45707250e+00
    7.55595714e-02 1.58370030e+00 1.80334198e+00 1.05651855e+00
    3.23419094e-01 6.61452472e-01 1.49686301e+00 1.79098874e-01
    3.56287099e-02 1.83085120e+00 -6.24904454e-01 5.40721416e-01
    1.10032630e+00 2.21774951e-01 1.05348277e+00 1.37731671e+00
    -4.24229652e-01 -7.45185733e-01 -2.23240420e-01 -2.85531342e-01
    1.73537242e+00 -6.20062649e-01 4.93387550e-01 -1.63817450e-01
    1.42184091e+00 1.59063888e+00 -1.51163891e-01 2.15789005e-01
    1.54778218e+00 -7.56510675e-01 -5.53746283e-01 1.12472534e+00
    -7.14071870e-01 -3.63728613e-01 1.03094542e+00 2.23674420e-02
    -3.00305933e-01 8.77396703e-01 7.41080761e-01 2.14783683e-01
    3.30438167e-02 4.96803503e-03 1.39719212e+00 1.15472233e+00
    5.49785316e-01 -1.81883395e-01 1.71668017e+00 1.45991576e+00
    -4.16734219e-01 -6.16877496e-01 -6.22736990e-01 -3.30297738e-01
    3.81880224e-01 1.80164576e+00 1.51049864e+00 1.49053669e+00
    1.80778825e+00 4.55293804e-01 4.69011694e-01 3.69491614e-02
    -3.19006562e-01 1.73179245e+00 5.03727138e-01 5.60832024e-02
    4.29600894e-01 1.08011544e+00 8.66144836e-01 1.79889762e+00
    1.29658449e+00 1.80757836e-01 -1.38123289e-01 9.74604130e-01
    -1.60487235e-01 3.74473780e-01 1.70532465e+00 -6.35322988e-01
    2.32483506e-01 1.35406530e+00 1.12438107e+00 2.60914564e-01
    6.23722792e-01 7.85898209e-01 -2.19727129e-01 -7.61058033e-02
    9.36361849e-01 1.38306439e+00 -7.08202362e-01 8.35202456e-01
    6.83201373e-01 2.46581241e-01 -7.59753764e-01 4.70209241e-01
    1.02456741e-01 -6.52652502e-01 -7.82576561e-01 1.59183931e+00
    3.06648523e-01 -4.96567726e-01 1.77155280e+00 1.61277330e+00
    1.85372782e+00 1.69200838e+00 4.78969842e-01 1.09561637e-01
    5.86640060e-01 1.06766500e-01 3.17578733e-01 -1.81991890e-01
    -7.41062701e-01 -3.61238837e-01 7.65079439e-01 1.72594219e-01
    3.81301075e-01 1.58173871e+00 9.77001786e-01 9.55289185e-01
    7.46303201e-01 1.61147380e+00 6.44089460e-01 -3.67041349e-01
    6.89918518e-01 4.44749415e-01 -4.24883246e-01 1.04077101e+00
    -7.09569991e-01 5.76178491e-01 7.94984937e-01 -5.20583928e-01
    -4.76906240e-01 -6.43313304e-03 -7.42153347e-01 -4.83597398e-01
    2.54907519e-01 1.14812744e+00 1.61515796e+00 -5.25433779e-01
    1.07605290e+00 1.33100116e+00 9.10638198e-02 -6.55785859e-01
    1.03117883e+00 1.41747332e+00 1.65647495e+00 -1.70092046e-01
    9.73606765e-01 1.29062259e+00 1.54993498e+00 1.73519564e+00
    -6.79823220e-01 1.72890604e+00 6.17766082e-01 -5.83377659e-01
    -3.30735855e-02 1.60648847e+00 9.90540385e-01 1.06993306e+00
    -6.02623582e-01 1.08341837e+00 8.50956321e-01 -8.78153518e-02
    1.80991185e+00 8.58340621e-01 -1.31283894e-01 2.92913672e-02
    1.70480287e+00 8.13502669e-01 -1.44559875e-01 -6.65714204e-01
    9.52249885e-01 -7.12302923e-01 1.05856991e+00 5.54457121e-02
    -7.15228200e-01 -8.96478593e-02 4.89387512e-01 1.35883057e+00
    7.48112619e-01 3.41240257e-01 3.01625788e-01 1.17521811e+00
    9.42971051e-01 1.14645803e+00 9.78792250e-01 1.01975536e+00
    1.84106028e+00 8.12094033e-01 4.17302936e-01 1.83140516e+00
    -7.16128230e-01 7.78385878e-01 1.44672608e+00 1.44124317e+00
    6.96447611e-01 1.23803270e+00 -6.36420250e-02 -3.35973680e-01
    2.72033483e-01 -5.87656915e-01 7.39111826e-02 -2.51011968e-01
    1.69870842e+00 4.77117151e-01 -7.84740090e-01 -7.21625686e-01
    1.30375433e+00 3.47809911e-01 8.31748918e-02 6.43052697e-01
    1.77450597e+00 1.22277617e+00 7.03386009e-01 -3.09790820e-01
    2.17675492e-01 1.35101140e+00 7.96310067e-01 1.10028350e+00
    -7.29674041e-01 -8.30792367e-01 -2.75227055e-02 1.78439379e+00
    1.10913908e+00 1.50699580e+00 -3.50735962e-01 -9.75558013e-02
    -3.36980224e-01 9.64468718e-01 -1.47805870e-01 -6.92181349e-01
    -6.74380839e-01 5.65431654e-01 1.73064601e+00 1.34516406e+00
    8.28299284e-01 -1.64875276e-02 1.77203262e+00 2.73415655e-01
    -7.45722651e-01 7.06721127e-01 -6.41312838e-01 1.68968085e-02
    3.47479820e-01 -1.76276505e-01 1.33735168e+00 5.33676386e-01
    7.42687464e-01 -4.30017322e-01 1.49313116e+00 1.64097518e-01
    1.68227124e+00 -4.90120292e-01 4.11702722e-01 1.80090249e+00
    1.80541384e+00 -4.16186064e-01 4.83911127e-01 5.01842082e-01
    1.57405746e+00 2.45515510e-01 6.11520827e-01 -3.18803281e-01
    1.46714520e+00 4.15370017e-01 6.36941493e-01 1.74687600e+00
    1.23488986e+00 3.78343761e-01 1.07269573e+00 1.38088632e+00
    1.75634289e+00 6.83229625e-01 8.15384984e-01 5.96390843e-01
    6.93037570e-01 1.36828291e+00 -6.29578531e-01 1.29199874e+00
    1.13867211e+00 -7.13344932e-01 -5.04964471e-01 1.06026912e+00
    1.49264669e+00 1.55847549e+00 1.56945929e-01 7.84739792e-01
    5.29121399e-01 6.37098551e-01 -7.00857699e-01 1.33967233e+00
    1.33586597e+00 3.64716235e-03 -9.00735110e-02 -4.41129506e-01
    -3.03762227e-01 1.67149484e+00 9.99413073e-01 1.02594160e-01
    1.47574794e+00 -2.56124437e-01 4.78611618e-01 -7.47078836e-01
    -1.77704319e-02 1.75634181e+00 7.34020114e-01 8.82866681e-01
    1.38342834e+00 -6.06589243e-02 -8.22794497e-01 1.07056484e-01
    1.74212062e+00 9.45295155e-01 1.63144243e+00 1.55778503e+00
    1.19483745e+00 3.39447618e-01 1.06370263e-01 -4.60459441e-01
    -2.79616594e-01 -1.77365139e-01 6.81962311e-01 7.42627382e-01
    1.20840418e+00 6.23004213e-02 -3.52088004e-01 8.99171829e-02
    1.05325818e+00 4.28936541e-01 -2.90922105e-01 -7.18141735e-01
    5.77767551e-01 -3.25598896e-01 1.63467753e+00 -6.54119313e-01
    1.29593372e+00 1.41658056e+00 1.42244160e+00 1.02663249e-01
    -3.00212979e-01 1.19017756e+00 1.25404939e-01 1.28589070e+00
    -4.30746451e-02 1.29385626e+00 -3.15221786e-01 3.40304494e-01
    -7.76980400e-01 1.46333849e+00 1.53553462e+00 -6.29208267e-01
    -7.74346709e-01 1.42482102e+00 1.14510489e+00 6.12233996e-01
    1.12813234e+00 -8.30500484e-01 -2.56171823e-01 1.39019847e+00
    5.24713814e-01 -2.86837548e-01 1.35215372e-01 1.30789280e+00
    1.31434429e+00 1.00287426e+00 3.63163531e-01 1.09442973e+00
    1.33293402e+00 -7.52534330e-01 1.68680048e+00 1.45252252e+00
    1.11474907e+00 1.04852235e+00 -5.99640667e-01 1.63761839e-01
    -4.57292795e-02 -7.73692608e-01 1.70142126e+00 -2.15817302e-01
    6.93426728e-01 -4.74537909e-01 -2.48274222e-01 -6.13173604e-01
    -6.17703855e-01 1.76144373e+00 1.32597280e+00 9.31491554e-01
    6.11651659e-01 7.25651622e-01 1.63507402e+00 8.26797009e-01
    -7.04656363e-01 6.05219185e-01 -3.22592586e-01 -4.24544573e-01
    -7.58769274e-01 1.23573470e+00 9.85483885e-01 1.26210749e+00
    1.46144390e+00 1.63066435e+00 -7.31655136e-02 1.71418118e+00
    5.66134512e-01 1.11180711e+00 -5.61181843e-01 9.49646950e-01
    1.21789265e+00 -2.54408300e-01 -5.93802691e-01 -3.87625396e-01
    3.62414539e-01 -6.45817518e-01 -1.62571698e-01 -6.17401600e-01
    1.04633398e-01 -6.08631492e-01 6.92210972e-01 5.48598528e-01
    4.84593838e-01 1.21463068e-01 -2.46149823e-01 1.50466919e+00
    -6.88647807e-01 3.79499316e-01 1.56212044e+00 1.18221951e+00
    3.56093585e-01 -6.41583323e-01 -8.12201381e-01 -7.57818997e-01
    -2.07830474e-01 1.71254122e+00 1.42457116e+00 5.35704136e-01
    5.20470023e-01 1.26388681e+00 -1.70277432e-01 1.17170465e+00
    -9.14308429e-02 2.65675008e-01 1.60685122e+00 -7.33672440e-01
    1.92079078e-02 5.42292893e-01 8.35801959e-01 -6.60979450e-01
    -1.03795819e-01 -3.37529063e-01 -7.19963193e-01 1.12215483e+00
    1.01665926e+00 -2.71310627e-01 1.08127140e-01 1.84966540e+00
    7.17721522e-01 1.80499423e+00 9.73221734e-02 3.96814167e-01
    6.26262605e-01 3.76116693e-01 1.51364279e+00 -3.39315891e-01
    -1.49509117e-01 1.43834436e+00 7.59696841e-01 1.36247504e+00
    1.49755454e+00 1.60755301e+00 9.94462520e-02 -5.56470096e-01
    -7.58274868e-02 -4.99955356e-01 4.87937063e-01 -5.02075076e-01
    1.01468742e+00 3.42578173e-01 1.65746272e-01 1.23287356e+00
    -5.13500333e-01 -2.89869495e-02 1.82427919e+00 1.49836898e+00
    -9.76176038e-02 -6.45124435e-01 1.06214333e+00 1.49180937e+00
    -8.90953019e-02 8.37164938e-01 -2.43352443e-01 6.17684424e-01
    1.31945992e+00 -2.81614602e-01 -2.36507758e-01 8.88907969e-01
    4.51180711e-02 5.12553573e-01 5.45997381e-01 -5.45198560e-01
    1.73179448e+00 1.68162620e+00 -4.92333099e-02 8.60755667e-02
    -8.40347648e-01 -8.50340426e-01 1.22862792e+00 1.31226373e+00
    1.79556644e+00 5.39472163e-01 1.29545641e+00 -2.55958028e-02
    -2.20649794e-01 3.78190637e-01 7.80978739e-01 2.86741078e-01
    1.38718271e+00 1.83070672e+00 -5.90821683e-01 1.68510640e+00
    9.71653342e-01 -4.44746375e-01 2.63271034e-01 1.39714730e+00
    -2.65695602e-01 8.61667395e-01 -5.66641748e-01 1.13441539e+00
    -5.65904319e-01 5.53124957e-02 1.53651917e+00 -3.44665766e-01
    3.58804852e-01 2.51191348e-01 1.45443320e+00 -6.39860705e-02
    1.14167258e-01 1.15454662e+00 1.30624545e+00 2.82249928e-01
    5.76162934e-01 -7.53710628e-01 4.93127167e-01 -8.41595650e-01
    8.88812542e-01 1.77877212e+00 8.44556466e-02 1.04076624e+00
    5.90204179e-01 1.40018806e-01 8.33293200e-01 4.08764064e-01
    8.27641904e-01 1.45323110e+00 1.40662277e+00 9.63142037e-01
    1.75302708e+00 4.03089583e-01 -6.11114740e-01 4.81639445e-01
    -8.28400493e-01 -3.43964025e-02 1.09792066e+00 -6.70224488e-01
    6.29488707e-01 -3.24925512e-01 -4.03508008e-01 9.86370519e-02
    4.83054578e-01 1.59520710e+00 9.08673882e-01 4.82891411e-01
    1.52340901e+00 1.51561797e+00 5.97189307e-01 1.25711477e+00
    1.56534457e+00 6.20962381e-01 -5.11244476e-01 2.06177711e+00
    1.86484361e+00 1.32981670e+00 1.68537247e+00 -5.99209964e-01
    -2.14181364e-01 1.54250115e-01 6.61304519e-02 -6.82421029e-02
    -1.04741849e-01 -5.99320352e-01 1.11079383e+00 1.11487877e+00
    8.14781308e-01 1.33589089e+00 1.66395426e+00 1.00251460e+00
    -3.97324562e-01 1.61285460e+00 1.51190579e+00 7.96554565e-01
    5.87342739e-01 1.60280550e+00 3.91457260e-01 -2.05799013e-01
    1.71092463e+00 -6.04767382e-01 1.04825068e+00 1.07025361e+00
    1.25198865e+00 6.65383041e-01 1.73050094e+00 1.60795331e-01
    -6.15705490e-01 6.38778210e-01 9.72037435e-01 8.36416066e-01
    1.59504592e+00 9.89674270e-01 5.41261733e-01 1.12136579e+00
    -5.88528097e-01 7.56045058e-02 -9.95916426e-02 1.15879011e+00
    1.11291476e-01 2.84924150e-01 4.78789419e-01 2.56339818e-01
    1.63303852e+00 1.18670022e+00 3.91069986e-02 1.34553134e+00
    9.94210720e-01 3.43438953e-01 1.56316829e+00 1.25217664e+00
    5.57686150e-01 6.51218653e-01 -8.13630044e-01 1.75403368e+00
    -7.06919014e-01 9.75840807e-01 1.15816844e+00 1.77429032e+00
    -2.29165271e-01 -4.38362718e-01 1.89782917e-01 1.98142186e-01
    1.74039590e+00 8.54039192e-01 -6.76967084e-01 1.69442987e+00
    4.10869643e-02 4.50187892e-01 1.08150625e+00 1.46228385e+00
    -5.73128700e-01 -7.94006944e-01 -8.50209534e-01 7.75418222e-01
    5.10210156e-01 5.99333107e-01 9.52281475e-01 1.49795365e+00
    1.53113711e+00 -6.08186126e-01 1.46853358e-01 1.14206791e+00
    1.49367416e+00 3.49233538e-01 -3.22332293e-01 1.26387703e+00
    6.50993109e-01 -7.23914921e-01 3.23231071e-01 1.46442369e-01
    -2.82462955e-01 7.79460847e-01 -1.85049534e-01 -2.18381435e-01
    1.76452696e+00 -6.26151681e-01 1.51106858e+00 1.63120627e+00
    1.49703109e+00 4.41611633e-02 -4.01014648e-02 1.33408082e+00
    -5.81270531e-02 4.48042274e-01 -3.31211954e-01 1.73749101e+00
    -3.44854385e-01 1.43983114e+00 1.33346045e+00 -3.66475314e-01
    5.00698149e-01 1.08491325e+00 1.41549051e+00 -4.51155007e-01
    -6.17631674e-01 1.44704044e+00 -6.23428643e-01 -8.07355702e-01
    8.19449306e-01 9.51058865e-01 -4.98112738e-01 -4.27192688e-01
    1.08009624e+00 7.58894607e-02 9.30408239e-01 -8.57654065e-02
    1.37058651e+00 1.27682590e+00 -3.72271329e-01 -7.87497878e-01
    5.32206535e-01 1.46937609e+00 -2.89787591e-01 1.33228827e+00
    -8.77952456e-01 2.97965426e-02 7.61848509e-01 -8.26125860e-01
    2.55082637e-01 1.72361243e+00 -1.80153549e-01 -9.12102461e-02
    1.45267844e+00 1.61030185e+00 -3.20398510e-01 1.42697096e+00
    8.62922966e-01 4.75211620e-01 9.48049128e-01 5.92961133e-01
    8.64013195e-01 1.14252281e+00 -4.07687008e-01 1.06486535e+00
    1.66677773e-01 9.19070721e-01 1.59306502e+00 -7.37299919e-01
    1.30701685e+00 1.02824008e-03 4.67025489e-01 -7.61938632e-01
    1.10482168e+00 1.14953434e+00 -8.22116435e-02 -5.01680017e-01
    6.65439308e-01 -2.58959651e-01 1.52642739e+00 -6.61674857e-01
    1.27792370e+00 1.79979110e+00 7.98660338e-01 6.26971245e-01
    -5.80268562e-01 -2.03911558e-01 -2.11266980e-01 3.09147984e-02
    8.55805516e-01 -3.18097025e-02 1.84223878e+00 -1.74402475e-01
    4.55402166e-01 5.02030373e-01 6.14778221e-01 1.79874226e-01
    -2.49453336e-01 -4.35657471e-01 -3.80210727e-01 8.58583689e-01
    4.15082388e-02 4.94753057e-03 -1.24964043e-01 1.04532254e+00
    8.03556621e-01 2.26583611e-02 1.22462487e+00 -3.21876019e-01
    -2.81865507e-01 -6.79609895e-01 1.25971854e+00 1.64871740e+00
    8.21529090e-01 7.41091490e-01 2.39556432e-01 1.21558976e+00
    1.46805930e+00 -1.57854304e-01 -1.04612336e-01 1.52424252e+00
    1.51276183e+00 -5.00198185e-01 -5.25777102e-01 7.04632759e-01
    1.56843394e-01 1.08460796e+00 8.83290842e-02 -3.55075210e-01
    3.72134075e-02 1.32375658e+00 1.69861630e-01 1.24560869e+00
    1.34779477e+00 7.55853653e-01 1.38309824e+00 1.13200891e+00
    -1.35841250e-01 4.59944904e-01 4.64678347e-01 8.50618184e-01
    6.78237617e-01 9.42098081e-01 1.81597507e+00 3.79961669e-01
    1.11459363e+00 7.05010474e-01 1.39408290e+00 1.73387671e+00
    -7.56980956e-01 -6.04222178e-01 -4.78993833e-01 -1.74701095e-01
    -8.68700519e-02 -7.94040143e-01 3.30843627e-01 3.70768398e-01
    9.66368079e-01 -1.68847546e-01 1.96417904e+00 8.36417913e-01
    1.41927087e+00 8.50886047e-01 1.12262785e+00 -5.87535501e-01
    1.66636038e+00 2.71044910e-01 -1.84413910e-01 -3.67108196e-01
    6.91629767e-01 1.62225258e+00 4.92832929e-01 7.37232268e-01
    8.98481980e-02 -3.37662399e-01 -3.37701850e-02 6.71265185e-01
    6.11461878e-01 3.43819380e-01 9.23797965e-01 1.32918626e-01
    -6.21942222e-01 5.27793825e-01 1.70862114e+00 3.32316786e-01
    -3.52795213e-01 2.71095801e-02 5.99297106e-01 6.02189958e-01
    1.67553806e+00 1.25567332e-01 8.65218699e-01 8.37539077e-01
    -6.72406137e-01 -3.65740955e-01 1.23680055e+00 6.64856613e-01
    1.31182146e+00 -5.37161469e-01 6.68176055e-01 2.12798849e-01
    -7.12459147e-01 6.11557186e-01 1.05726779e+00 7.69249141e-01
    7.31185555e-01 2.37359419e-01 -5.65718353e-01 1.83334613e+00
    1.67671323e+00 2.23598853e-01 1.15538940e-01 -2.94089466e-01
    1.09712791e+00 1.38615787e+00 8.82010937e-01 1.65866673e+00
    1.48283827e+00 6.15597069e-01 9.00511861e-01 5.43595292e-02
    1.45133424e+00 6.26830041e-01 3.22727531e-01 1.08332527e+00
    8.06083918e-01 1.41675997e+00 -6.04955778e-02 2.72937745e-01
    3.76767337e-01 -5.29376388e-01 1.17663932e+00 1.37287092e+00
    -3.72518092e-01 1.26514292e+00 -5.72632313e-01 -1.58327848e-01
    1.46611273e+00 -4.61874396e-01 1.42477071e+00 7.03020036e-01
    1.15685463e+00 4.28746641e-01 1.16732970e-01 -2.76906163e-01
    8.73954892e-01 1.04270768e+00 1.28037202e+00 1.45056891e+00
    6.44561768e-01 9.37454104e-01 -1.43576518e-01 1.16910672e+00
    1.05485713e+00 2.16964394e-01 7.88148284e-01 4.57793660e-02
    -2.84457982e-01 2.16073200e-01 -8.05338144e-01 3.41872334e-01
    -2.42802680e-01 9.11714137e-01 9.42942262e-01 2.27621034e-01
    1.08248734e+00 1.53951335e+00 -2.68045124e-02 2.25756973e-01
    1.43324506e+00 1.56529486e+00 4.59979594e-01 5.68088470e-03
    5.79353273e-01 1.43647707e+00 4.80338603e-01 6.02154791e-01
    -3.73290539e-01 -6.02356950e-03 1.11857459e-01 -1.19329773e-01
    1.58426940e+00 4.12679166e-01 6.94220483e-01 -3.18960965e-01
    -1.26095533e-01 -3.34358722e-01 1.10192430e+00 -2.79748589e-01
    1.40915763e+00 1.10252166e+00 -2.36252502e-01 -2.63071358e-01
    3.50052893e-01 1.37622368e+00 1.48946965e+00 1.01100588e+00
    1.85581243e+00 9.32121694e-01 7.37340152e-01 1.52139366e-01
    4.04838324e-01 7.58692265e-01 -3.03960860e-01 1.22703505e+00
    -8.23466957e-01 1.08144712e+00 8.77353549e-01 -2.95900375e-01
    5.78158259e-01 -4.05257404e-01 2.88986951e-01 2.45991245e-01
    1.05228364e+00 8.18799794e-01 -4.60744947e-01 5.45905173e-01
    1.31658983e+00 -6.53625965e-01 -4.13551539e-01 1.14565849e+00
    3.14073831e-01 1.97586492e-01 -2.26393729e-01 9.86699998e-01
    1.60791099e+00 1.53985715e+00 8.07690501e-01 2.40212098e-01
    1.25634301e+00 1.09737098e+00 1.19178140e+00 -5.62713683e-01
    -5.67179680e-01 1.08017063e+00 1.22896528e+00 9.90022898e-01
    1.37513483e+00 1.78199243e-02 1.27370739e+00 1.30380964e+00
    1.25822604e+00 1.63787735e+00 5.74433744e-01 -4.99608994e-01
    4.61767405e-01 -4.94387835e-01 1.10160244e+00 1.68048942e+00
    -1.52569085e-01 -2.13793948e-01 3.90148759e-02 5.24422646e-01
    6.12537563e-01 1.81760818e-01 2.91602612e-01 5.46215475e-01
    -6.87035799e-01 1.74129546e+00 2.10769102e-01 1.05854750e+00
    -2.80716389e-01 7.79883087e-01 1.08098614e+00 3.34330834e-02
    -6.34750426e-01 1.24212050e+00 3.45808029e-01 7.04986751e-01
    1.72684705e+00 1.02704859e+00 1.50392151e+00 1.12714839e+00
    3.69158566e-01 2.91288525e-01 1.38912487e+00 1.58857715e+00
    1.35723341e+00 1.27546084e+00 -6.35049790e-02 1.56328750e+00
    1.42657828e+00 1.15723927e-02 1.17128801e+00 7.36814916e-01
    9.67685521e-01 -6.88983640e-03 -7.70818517e-02 -7.06828535e-02
    -1.78174451e-01 5.87112606e-01 1.26988471e+00 7.25972578e-02
    5.53184032e-01 -8.03455651e-01 -2.14663699e-01 9.85539615e-01
    4.52106237e-01 5.26208043e-01 4.99456197e-01 5.37877858e-01
    -1.14315100e-01 -4.18882489e-01 1.55036139e+00 1.00099039e+00
    1.35074389e+00 1.03965068e+00 6.39865816e-01 2.42432341e-01
    -2.98316181e-01 7.67724693e-01 -6.18016422e-01 7.52068520e-01
    1.32869065e+00 1.28676128e+00 -1.19838737e-01 6.58707261e-01
    -1.53135911e-01 1.04828203e+00 8.52502942e-01 -2.32048050e-01
    3.67944926e-01 1.30297482e+00 6.76632702e-01 -8.65942895e-01
    1.52719653e+00 1.62623072e+00 -1.14708312e-01 7.95184135e-01
    1.53048709e-01 1.17960930e+00 1.29542458e+00 -5.22160470e-01
    7.27903664e-01 8.92895013e-02 2.35786244e-01 -4.62528288e-01
    -4.23083007e-01 1.20406866e+00 7.87185907e-01 3.92823637e-01
    3.87696087e-01 -4.79619592e-01 1.88343793e-01 1.68876719e+00
    9.85931754e-01 1.55599904e+00 1.22648239e+00 1.38814175e+00
    -3.20262074e-01 -2.40268856e-01 -5.77302694e-01 1.70568025e+00
    1.77520180e+00 1.63319576e+00 -5.88350058e-01 -4.11466360e-01
    -3.91401350e-02 8.84972632e-01 -7.46189594e-01 -7.86172867e-01
    1.00372434e+00 1.42572939e+00 1.77581087e-01 3.77518475e-01
    -1.20471805e-01 -2.70860285e-01 5.04895806e-01 -2.55108058e-01
    7.50562072e-01 8.80157113e-01 1.46361732e+00 1.48395336e+00
    6.54863179e-01 -1.39446467e-01 8.66257995e-02 1.63258815e+00
    1.00587749e+00 -1.17239077e-02 1.39318573e+00 1.52913773e+00
    1.47637263e-01 -2.78666049e-01 -3.18996102e-01 1.23489475e+00
    1.29241014e+00 -6.80951476e-01 1.53023303e+00 2.96932220e-01
    1.78016818e+00 -6.26254007e-02 -8.67217183e-01 -8.18971336e-01
    -8.41405153e-01 4.19736773e-01 4.38516766e-01 -1.70931853e-02
    -1.77599564e-01 1.08715653e+00 1.64051282e+00 6.17063403e-01
    9.62299109e-02 2.49511421e-01 -7.05960751e-01 -2.77867764e-02
    -6.10696137e-01 1.53839195e+00 2.64190257e-01 1.85256696e+00
    -1.56059623e-01 1.75530207e+00 1.22200620e+00 1.24944437e+00
    1.33473766e+00 1.32537544e+00 1.05162346e+00 -3.91210079e-01
    1.81261981e+00 -1.42309889e-01 1.63018668e+00 2.66436696e-01
    4.67749178e-01 2.16639206e-01 6.87167883e-01 -7.79104173e-01
    1.13559818e+00 6.94538414e-01 -6.33196354e-01 -5.84422946e-01
    2.42277503e-01 -4.65164453e-01 1.08798504e-01 9.50145185e-01
    8.08020949e-01 -5.57347298e-01 1.19444001e+00 1.00821733e+00
    -6.77316546e-01 1.33400691e+00 1.27139378e+00 6.34090126e-01
    -2.19248816e-01 1.09165621e+00 8.76010180e-01 5.57775199e-01
    -7.67617404e-01 6.94807053e-01 -6.46768093e-01 1.71411288e+00
    2.94549376e-01 -3.57148498e-02 1.15705049e+00 -3.00204098e-01
    1.23559272e+00 6.73883080e-01 1.17736447e+00 7.23105729e-01
    -7.93764710e-01 9.89526629e-01 1.66616762e+00 1.60039616e+00
    1.37522173e+00 1.66760159e+00 5.68922460e-01 -3.25747162e-01
    -7.15378448e-02 2.04328299e-01 1.15786290e+00 1.15358055e+00
    7.40313530e-01 1.62626922e+00 5.03608882e-01 -4.14973451e-03
    1.29090464e+00 1.36980915e+00 8.03864002e-01 -6.75313056e-01
    -7.74243593e-01 8.01547527e-01 2.33668208e-01 1.04300761e+00
    -3.21694762e-01 -5.09608030e-01 1.55231798e+00 3.46607625e-01
    7.54931152e-01 -4.76307780e-01 1.64079154e+00 2.68790036e-01
    -6.42065406e-01 1.27949870e+00 -2.22450167e-01 -8.02186787e-01
    1.51849580e+00 1.00350344e+00 1.01602972e+00 1.50982402e-02
    -7.27677345e-01 -3.51202697e-01 -3.77251178e-01 9.75383162e-01
    -7.57663190e-01 8.15873504e-01 -5.96332014e-01 2.94319421e-01
    1.37444508e+00 1.39153612e+00 -7.89801657e-01 -2.62590915e-01
    1.63142931e+00 1.09735167e+00 1.49433398e+00 6.45736456e-01
    8.09143722e-01 1.80256844e+00 6.63026273e-01 6.99773550e-01
    -4.15097356e-01 6.65724635e-01 1.23737657e+00 1.03585482e+00
    3.96374553e-01 1.11888218e+00 9.73781291e-03 1.19066358e+00
    -4.79670130e-02 1.50685728e+00 -7.99102008e-01 1.08279657e+00
    -9.08757281e-03 8.53072703e-01 1.21012338e-01 -8.15628842e-02
    1.37810819e-02 -5.30127168e-01 1.40236139e+00 8.26047122e-01
    1.61135662e+00 1.00713111e-01 1.41131699e+00 6.64068162e-01
    1.17480755e-02 -2.45945126e-01 1.72212493e+00 -6.99158669e-01
    -1.85013384e-01 -5.76865852e-01 8.57151926e-01 1.07443690e+00
    -5.78436434e-01 -5.82496881e-01 1.77482104e+00 1.18371463e+00
    1.03458989e+00 3.19883317e-01 1.30993760e+00 -2.36108124e-01
    2.91928768e-01 -6.96669579e-01 -4.89987195e-01 -7.86765575e-01
    -6.86749578e-01 3.21254700e-01 -2.41279304e-01 1.14004219e+00
    -5.21197200e-01 -7.66413271e-01 9.03753817e-01 1.66623402e+00
    8.65858793e-01 1.62714362e+00 2.11945438e+00 2.48610258e+00
    8.24856997e-01 1.82322061e+00 1.44041145e+00 -3.68380249e-01
    -5.56741476e-01 1.74774158e+00 9.71350670e-01 1.65229511e+00
    1.03011370e+00 1.22154355e+00 1.49331582e+00 1.56985188e+00
    1.30872130e-01 1.61809182e+00 1.03471398e+00 1.51231587e+00
    1.02795124e+00 3.50028366e-01 1.33980942e+00 1.05378740e-01
    1.54160941e+00 -4.63168919e-01 1.25338614e-01 1.56357253e+00
    2.72267580e-01 -3.69079888e-01 1.20123506e+00 -6.70915067e-01
    1.27955580e+00 5.70931971e-01 4.04566199e-01 4.71842051e-01
    -4.31157619e-01 1.69842675e-01 2.17479572e-01 1.62086797e+00
    1.61731827e+00 1.21028352e+00 -3.16830754e-01 1.75382864e+00
    -4.21979040e-01 9.66187119e-02 -2.33435743e-02 1.33573487e-01
    -1.30154267e-01 -7.09855855e-01 1.26200008e+00 6.48914799e-02
    1.15687299e+00 4.39667739e-02 8.10691535e-01 3.89132977e-01
    -5.78216851e-01 -7.51601458e-02 1.04224658e+00 -8.10777366e-01
    1.69791567e+00 -1.34429395e-01 -5.72751164e-01 -6.80473804e-01
    -5.25370002e-01 5.03439903e-01 6.63939118e-02 9.55398560e-01
    1.22497284e+00 1.07560182e+00 3.24621975e-01 -6.65927589e-01
    -6.70866847e-01 4.12091278e-02 5.82310379e-01 1.45465747e-01
    1.39400101e+00 1.71465218e+00 1.22499675e-01 4.39259976e-01
    6.77119195e-01 1.29608953e+00 -4.81373429e-01 -3.94342005e-01
    2.83657670e-01 6.65453136e-01 1.89306810e-01 -5.58361590e-01
    -8.39438796e-01 2.87117869e-01 1.58989474e-01 1.64054316e-02
    5.24395287e-01 3.11308831e-01 -6.74855053e-01 -5.28014362e-01
    1.29437625e-01 1.22134542e+00 9.29912090e-01 1.15015256e+00
    9.24476385e-01 3.61244112e-01 2.50081092e-01 1.58807838e+00
    3.99893522e-02 3.88081551e-01 7.65892565e-01 1.03579903e+00
    9.96233761e-01 4.72465664e-01 -2.46317640e-01 1.04115653e+00
    1.51626587e+00 -5.56361023e-03 1.76433754e+00 1.54051673e+00
    1.38404489e+00 -7.78363943e-02 -6.44050241e-01 1.24468684e+00
    1.66295576e+00 5.69888830e-01 -1.42126679e-01 9.07445133e-01
    2.29409158e-01 -1.25304535e-01 1.73734808e+00 7.30139136e-01
    7.83224046e-01 -5.09230733e-01 1.76247132e+00 1.52685893e+00
    1.21129639e-01 1.76217484e+00 7.57291734e-01 -4.95128274e-01
    1.74922153e-01 -1.24090970e-01 -4.93211776e-01 -5.67493975e-01
    9.16648746e-01 9.21476126e-01 -3.87524426e-01 -1.95774555e-01
    9.91167545e-01 -3.14259499e-01 1.39958873e-01 1.49094546e+00
    1.04532671e+00 -1.11845747e-01 8.66710126e-01 -6.74629569e-01
    -5.75567245e-01 -7.62977660e-01 -3.00957263e-01 1.46104217e+00
    -1.01072378e-02 8.61474156e-01 3.59076947e-01 4.27854568e-01
    6.85748398e-01 1.11366737e+00 4.96255279e-01 -7.41540492e-02
    -5.31307817e-01 -4.16590750e-01 1.01705444e+00 1.41549623e+00
    2.24249557e-01 -2.82505631e-01 -1.65936634e-01 9.72546458e-01
    1.47217441e+00 6.86867952e-01 -5.18259168e-01 1.38296640e+00
    1.24527478e+00 6.43554389e-01 -7.78205991e-01 1.10255122e+00
    1.60618520e+00 9.06197429e-01 -6.36253774e-01 1.21703494e+00
    1.62282836e+00 1.21293604e+00 8.06732848e-02 -4.09941882e-01
    8.51291139e-03 -5.42806126e-02 4.29122299e-01 1.41558361e+00
    1.37774336e+00 7.96679914e-01 -1.74922764e-01 -3.47440571e-01
    4.97832119e-01 1.94808125e-01 1.56904244e+00 4.00175989e-01
    -3.91730666e-01 4.18102384e-01 -4.99698728e-01 1.79682457e+00
    -9.77233946e-02 -5.85701130e-02 1.12266254e+00 6.84765100e-01
    5.20685792e-01 9.15839791e-01 9.42889988e-01 1.29474378e+00
    -8.84023607e-01 1.37918413e+00 4.69707757e-01 1.25763282e-01
    -4.74049032e-01 7.27095842e-01 4.43502665e-01 5.40623092e-04
    1.70688212e+00 6.53151512e-01 1.60240114e+00 4.74318117e-01
    -7.30468571e-01 1.62702549e+00 1.04644513e+00 1.37485242e+00
    -4.99926001e-01 1.18688059e+00 -1.02068506e-01 1.06299734e+00
    -3.83268654e-01 1.17728066e+00 1.72950244e+00 1.73831868e+00
    -4.52020288e-01 3.42549831e-01 2.99980730e-01 2.34303474e-01
    1.20008051e+00 3.08971435e-01 9.91132855e-03 1.02061725e+00
    8.81840169e-01 1.08983839e+00 -2.35272814e-02 5.76281250e-01
    1.27596557e+00 1.61614799e+00 6.76564217e-01 7.35370398e-01
    -2.85405368e-01 1.43635440e+00 -3.95068228e-01 1.28445470e+00
    1.18117428e+00 -2.52288226e-02 1.75458515e+00 9.16042268e-01
    1.26226425e+00 9.38515007e-01 2.68105090e-01 -7.36893862e-02
    1.17386651e+00 1.43300748e+00 1.57934439e+00 6.05481744e-01
    2.03288928e-01 -3.93522799e-01 1.44084549e+00 -8.91480625e-01
    1.21699369e+00 1.63775098e+00 -2.14098077e-02 -8.18956435e-01
    7.28408337e-01 1.11112440e+00 -6.11587405e-01 8.74353349e-01
    4.41807136e-02 1.22650230e+00 1.92774851e-02 -1.03545316e-01
    8.21286440e-01 4.81233835e-01 1.57648706e+00 1.53134501e+00
    6.33252978e-01 -9.50215757e-02 2.67159015e-01 -2.55445719e-01
    1.16226959e+00 -8.33087087e-01 6.25624835e-01 5.01029015e-01
    -1.00659929e-01 1.14207745e+00 1.67547297e+00 -4.56974089e-01
    5.96991837e-01 5.89230776e-01 5.07045031e-01 1.45840704e+00
    -8.10001194e-02 1.36213362e+00 1.50839376e+00 1.36121976e+00
    2.26123601e-01 -6.20800674e-01 1.41243041e+00 4.61695641e-01
    9.68490183e-01 4.69057500e-01 1.39972687e+00 1.69679379e+00
    1.02684593e+00 -8.61771822e-01 -5.97085357e-01 -8.27349722e-01
    -2.64889687e-01 1.67220867e+00 1.42975163e+00 1.66480732e+00
    9.77105796e-01 6.36179447e-01 -4.99235362e-01 6.92135155e-01
    -6.04653955e-01 -1.28706932e-01 2.53627539e-01 -7.90012419e-01
    -5.56386769e-01 1.54930210e+00 1.72753668e+00 1.78052163e+00
    -3.34883869e-01 9.68805313e-01 1.35382390e+00 3.14134121e-01
    1.23275208e+00 9.30849135e-01 1.64304626e+00 1.56820679e+00
    8.19746614e-01 9.23317969e-01 1.13960123e+00 8.46105158e-01
    3.10913146e-01 1.49718988e+00 -1.11131363e-01 -2.95115232e-01
    9.65606570e-01 1.39431262e+00 -3.21347386e-01 -2.68193185e-01
    -6.06694341e-01 -8.75505060e-03 -7.58942962e-01 1.07173550e+00
    3.32107753e-01 1.36628878e+00 8.72372270e-01 -2.35498965e-01
    -7.84339488e-01 -8.79049376e-02 -8.15573990e-01 -3.24164145e-02
    -7.56902933e-01 2.79186130e-01 -3.95874053e-01 -9.07458458e-03
    6.03010774e-01 -6.49074078e-01 1.41367602e+00 -6.00394756e-02
    4.60829973e-01 8.79065812e-01 7.75996149e-01 1.75656712e+00
    1.16604352e+00 1.43065965e+00 6.88255906e-01 -6.81074500e-01
    -6.57844007e-01 1.78353572e+00 -8.03165793e-01 1.50835419e+00
    8.53889763e-01 1.75606573e+00 -3.74463350e-01 -2.48050258e-01
    3.68132412e-01 1.72191310e+00 -1.22501813e-01 1.15665591e+00
    1.41344213e+00 -1.82513922e-01 -7.31871054e-02 -6.90315850e-03
    -8.42649460e-01 1.73956013e+00 1.52745914e+00 1.10572374e+00
    1.51610279e+00 -3.15989673e-01 1.25697362e+00 3.28715801e-01
    3.40671182e-01 -1.06407717e-01 1.36530221e+00 1.41817999e+00
    1.26190901e+00 1.35200274e+00 5.09075820e-01 1.28766370e+00
    9.54835594e-01 -4.50278878e-01 8.18190098e-01 -4.69223380e-01
    1.20759130e+00 9.85952199e-01 2.16490969e-01 -6.35006189e-01
    9.43085015e-01 -6.37745798e-01 9.80236769e-01 1.07754564e+00
    1.30287635e+00 1.20068300e+00 -8.14604402e-01 4.45998996e-01
    1.53555787e+00 1.49319375e+00 8.10569227e-01 7.64439940e-01
    -8.28491688e-01 -6.43311620e-01 1.20435274e+00 8.98878276e-01
    9.04844701e-01 -5.53096890e-01 2.60922134e-01 6.85536489e-02
    -1.06310740e-01 -4.46195334e-01 1.56986430e-01 1.49403548e+00
    2.36653760e-01 1.52340785e-01 1.27206340e-01 -7.01539040e-01
    -7.01706588e-01 -3.77925336e-01 -1.00117266e-01 8.31125155e-02
    -6.16870522e-02 -3.26642066e-01 6.98230982e-01 1.51388466e+00
    4.46928114e-01 -5.23102522e-01 1.36606312e+00 -6.08991623e-01
    -2.87042439e-01 6.00840032e-01 1.59570456e+00 -5.81104815e-01
    -6.33548856e-01 5.65129578e-01 8.14011574e-01 1.10605597e+00
    -6.12381816e-01 -1.07440747e-01 1.61284566e+00 9.65386391e-01
    9.03043568e-01 9.28890169e-01 -6.62921190e-01 6.32997572e-01
    -4.29534912e-01 1.30125260e+00 -2.52967596e-01 2.25537315e-01
    -8.55347961e-02 5.10701954e-01 6.33242548e-01 -2.94364631e-01
    -6.72844172e-01 1.56419694e+00 1.61831760e+00 -4.62373048e-01
    3.94864500e-01 1.06982172e+00 -3.75901312e-01 1.60533953e+00
    8.75717044e-01 -5.61707556e-01 8.32005382e-01 -6.24146581e-01
    1.40328908e+00 -2.11254850e-01 1.37612388e-01 1.55077732e+00
    5.90106845e-01 -6.11954965e-02 1.69415367e+00 5.52004993e-01
    1.52914608e+00 1.59453880e-02 3.65236551e-01 -6.54176891e-01
    2.20934212e-01 1.61302781e+00 1.57403040e+00 7.05089211e-01
    4.47698504e-01 1.32983267e+00 1.53777468e+00 1.61415839e+00
    -3.76869410e-01 1.22612333e+00 1.44031477e+00 -5.38137615e-01
    3.94421071e-01 1.21233964e+00 6.61080122e-01 8.21719229e-01
    -1.39189243e-01 1.04175317e+00 -4.72283393e-01 -3.59905362e-01
    -1.44676834e-01 1.17910814e+00 1.11414969e+00 4.12401348e-01
    -4.31364030e-01 -5.34658194e-01 1.39353681e+00 1.72176331e-01
    -4.32257175e-01 1.74254549e+00 1.27045596e+00 4.82246727e-01
    5.23151636e-01 9.28015888e-01 1.44470513e+00 -2.57385075e-01
    -6.82149306e-02 1.25870657e+00 -2.19080821e-02 5.10249376e-01
    8.62243116e-01 1.44639071e-02 1.94972664e-01 2.99156547e-01
    1.57826149e+00 1.62623048e+00 1.86466888e-01 9.51083183e-01
    1.67472804e+00 -6.69429839e-01 1.73492873e+00 -7.26095855e-01
    1.15423143e-01 5.02781332e-01 1.23818684e+00 8.57088622e-03
    1.41645598e+00 -8.62345457e-01 1.44375825e+00 -1.90817669e-01
    1.53662968e+00 2.39672825e-01 1.26279986e+00 5.27054071e-04
    1.11086333e+00 1.10930300e+00 9.04234827e-01 1.45463383e+00
    -5.64575434e-01 -5.97120762e-01 -8.43676701e-02 8.08299661e-01
    4.29907382e-01 1.40867269e+00 9.69189584e-01 8.72202396e-01
    9.71525550e-01 -3.06961179e-01 5.64351439e-01 1.54479706e+00
    -1.98683649e-01 1.01122133e-01 -2.90943593e-01 1.31581736e+00
    1.21932006e+00 1.38503766e+00 -3.94115180e-01 -9.20963958e-02
    2.36570552e-01 -7.37396926e-02 -1.30946022e-02 5.37907422e-01
    2.05546364e-01 1.02978122e+00 -7.77707100e-01 2.99165219e-01
    4.00615036e-01 -7.79284477e-01 -5.14985025e-01 2.50108063e-01
    -7.97382236e-01 9.86768842e-01 1.58862066e+00 1.10476494e-01
    -1.13983095e-01 -1.02479264e-01 7.71156549e-01 8.82364392e-01
    6.41721904e-01 -4.37896669e-01 5.31734884e-01 9.85088646e-01
    1.12347150e+00 9.35274124e-01 1.73703969e+00 -5.90721250e-01
    1.56018198e-01 1.15185344e+00 9.62969780e-01 3.77554446e-01
    -2.19657376e-01 1.62228262e+00 -4.97295288e-04 1.43976617e+00
    1.64812863e+00 1.21754968e+00 -6.31259918e-01 2.00436860e-01
    1.54923484e-01 -5.25441527e-01 -5.82943141e-01 -3.48967969e-01
    1.03752446e+00 -4.30099249e-01 -4.47864801e-01 1.71850169e+00
    -2.00318754e-01 3.64058822e-01 4.15631831e-01 -7.13524878e-01
    1.86152518e+00 -5.61887681e-01 4.09200974e-02 -6.27382874e-01
    -2.69198477e-01 -6.37532592e-01 -3.54680091e-01 -5.82786679e-01
    6.41067743e-01 5.24540126e-01 3.42528075e-01 1.09001994e+00
    1.37795413e+00 -2.17587575e-01 -5.05816162e-01 1.65915620e+00
    -4.66234863e-01 1.18189657e+00 -3.48308504e-01 1.55011582e+00
    2.91166097e-01 -3.06720018e-01 8.22988868e-01 1.30873048e+00
    3.29001784e-01 9.89920139e-01 1.54099214e+00 3.36493582e-01
    1.27893841e+00 -4.80265290e-01 3.53197664e-01 -8.68506908e-01
    -5.75245976e-01 1.44060659e+00 -3.09782952e-01 -2.42175937e-01
    1.75955212e+00 1.70008719e+00 -4.72937554e-01 8.94211292e-01
    1.60230982e+00 6.95488632e-01 1.69943854e-01 -8.08659792e-01
    -3.68446350e-01 -6.59557581e-01 1.15324998e+00 9.26577687e-01
    1.25377774e+00 1.77501035e+00 -7.50437796e-01 1.76861894e+00
    -6.68865263e-01 1.78766751e+00 4.61828597e-02 1.50617778e+00
    1.73449278e+00 -2.37882107e-01 1.68004370e+00 -7.44562030e-01
    -2.88777113e-01 1.42968428e+00 1.59709360e-02 -6.91685006e-02
    3.74651670e-01 -3.40975463e-01 1.47983205e+00 1.18587565e+00
    1.48050523e+00 -5.25870085e-01 1.71000862e+00 -5.15469909e-02
    -7.57239819e-01 1.09493303e+00 1.68107355e+00 1.17945361e+00
    9.89893794e-01 5.84933937e-01 1.48539230e-01 1.27811801e+00
    3.66279930e-01 -5.32271385e-01 1.23742974e+00 -6.95642173e-01
    1.38396764e+00 -5.66911101e-01 -4.93065119e-01 -5.92514575e-01
    8.45201090e-02 1.50893950e+00 -4.89120752e-01 1.59395766e+00
    9.17816043e-01 -7.66432226e-01 -8.20214272e-01 1.67113400e+00
    7.11280227e-01 1.70080650e+00 -5.02810955e-01 4.18343782e-01
    1.76561332e+00 -1.67701751e-01 8.10789406e-01 6.97661877e-01
    1.48306951e-01 1.41433496e-02 1.96442053e-01 1.23873472e-01
    -5.47935188e-01 6.25841022e-01 4.54854935e-01 6.19551241e-01
    1.65763426e+00 1.27392626e+00 -8.88960004e-01 -6.24471962e-01
    4.47037593e-02 4.69005525e-01 1.26098287e+00 6.29028440e-01
    2.04903102e+00 2.77467102e-01 9.08658564e-01 1.43296647e+00
    -6.63535744e-02 -4.32816237e-01 1.57388294e+00 9.44243133e-01
    1.20500660e+00 1.15756428e+00 -7.13605523e-01 3.71095747e-01
    2.42068335e-01 -4.91351277e-01 1.15197718e-01 2.57775903e-01
    1.51746345e+00 1.14168143e+00 4.21535879e-01 -5.80496788e-02
    1.08969355e+00 2.89462626e-01 -7.47738302e-01 4.39557672e-01
    1.45410109e+00 4.91350859e-01 9.11031008e-01 1.12609899e+00
    3.12629640e-01 7.40249693e-01 1.01566064e+00 8.94165516e-01
    1.57934058e+00 -4.67703938e-01 5.00460900e-02 -5.39534539e-02
    -6.72058702e-01 6.95511341e-01 -1.79085825e-02 1.53485322e+00
    1.00835674e-01 1.69152749e+00 -6.50371760e-02 8.68820548e-01
    1.67955196e+00 1.05565035e+00 -7.06581652e-01 5.42204261e-01
    6.99091703e-02 -7.30814755e-01 1.14081776e+00 -2.71295458e-01
    1.27776897e+00 8.13356161e-01 1.13585591e+00 1.40409756e+00
    -6.12598360e-01 1.73017752e+00 7.54307032e-01 8.61198545e-01
    7.11867750e-01 1.04019535e+00 -2.47830600e-02 -2.79587686e-01
    1.13302672e+00 6.51344955e-01 9.71053064e-01 -4.97416288e-01
    5.20189166e-01 1.53924823e+00 1.45641863e+00 1.37655950e+00
    1.28868282e+00 1.16964054e+00 1.74887633e+00 1.77087557e+00
    -6.66416883e-01 2.67779350e-01 6.00306630e-01 -5.68099916e-01
    -5.76586962e-01 1.04128456e+00 7.77094126e-01 1.50074601e+00
    1.38600028e+00 2.98681855e-01 4.92389560e-01 1.44863582e+00
    -9.19627473e-02 1.23234224e+00 -2.23329589e-01 1.79253912e+00
    1.62407327e+00 4.21905607e-01 8.78200769e-01 2.90548690e-02
    -3.50635827e-01 3.49185854e-01 1.63733757e+00 1.39984345e+00
    9.44109976e-01 1.28010839e-01 2.14994490e-01 4.35165972e-01
    1.65281498e+00 1.48239231e+00 5.38207114e-01 4.18151438e-01
    -6.16613925e-01 1.54405129e+00 -4.48399365e-01 7.25763083e-01
    1.01369047e+00 1.65353298e+00 5.42496622e-01 -7.35744774e-01
    3.17952186e-01 3.56910110e-01 8.29302788e-01 -3.68376374e-01
    7.93124676e-01 5.44642687e-01 1.10267925e+00 1.04087126e+00
    -4.78689909e-01 8.02997947e-01 1.74438345e+00 1.36366570e+00
    9.11767900e-01 4.66216236e-01 4.78991270e-01 1.37657642e+00
    3.75492245e-01 5.07756770e-01 4.82232422e-01 1.25437725e+00
    -2.23302051e-01 1.82897615e+00 1.56198096e+00 2.19654813e-01
    2.89345801e-01 4.98032659e-01 1.11260438e+00 1.83964407e+00
    -5.64950168e-01 1.12845958e-03 -6.44549429e-01 -3.85089606e-01
    1.69863760e-01 1.81634530e-01 1.10753679e+00 3.92972410e-01
    4.54397738e-01 1.42142320e+00 1.34965134e+00 6.86363935e-01
    1.62730694e+00 5.48432171e-01 -4.43672359e-01 -5.23882955e-02
    8.13863352e-02 -1.25140414e-01 1.02594638e+00 1.34420574e+00
    4.75988150e-01 1.53491747e+00 1.30020046e+00 1.79915214e+00
    4.31748807e-01 4.55934912e-01 1.39099634e+00 4.68810707e-01
    6.82287097e-01 -1.18125767e-01 -4.47964102e-01 3.75140756e-01
    3.67623329e-01 3.38446587e-01 9.14647505e-02 5.15252315e-02
    1.67158091e+00 5.95274508e-01 -3.50565799e-02 6.44143105e-01
    1.08586001e+00 -1.00748211e-01 1.73128772e+00 1.09966469e+00
    -9.54389106e-03 -5.14033027e-02 -2.72834390e-01 8.62454325e-02
    6.40277863e-01 -6.46554708e-01 2.88044274e-01 9.44570482e-01
    -1.45712718e-01 -2.93073595e-01 1.00508904e+00 7.16546893e-01
    8.26095879e-01 9.32760775e-01 1.69040775e+00 6.63826406e-01
    1.46558940e+00 -8.03206980e-01 3.55819076e-01 -2.99222052e-01
    2.62811005e-01 2.19254181e-01 1.21961308e+00 3.01164627e-01
    3.75404060e-01 7.42378950e-01 1.54173660e+00 1.63353419e+00
    5.35763800e-01 4.36021872e-02 6.78728282e-01 6.97359264e-01
    -3.87833923e-01 1.74460316e+00 1.96817189e-01 1.04972923e+00
    1.54261434e+00 6.18059158e-01 3.61373544e-01 1.35834110e+00
    1.39134824e+00 1.91637188e-01 4.13912088e-01 1.57474220e+00
    1.12276399e+00 -6.55560076e-01 -3.10793102e-01 5.70008099e-01
    5.83807826e-01 -6.84773505e-01 3.14546168e-01 1.87586471e-01
    1.72285259e+00 1.55587995e+00 1.44309330e+00 1.05558121e+00
    1.20494330e+00 1.23116446e+00 6.57008350e-01 1.61063111e+00
    -8.86809528e-01 -4.45202887e-02 1.17068136e+00 1.47631252e+00
    -1.99331850e-01 6.05864882e-01 -5.04488170e-01 5.24483383e-01
    1.03360200e+00 1.49091482e+00 3.18181098e-01 4.14258897e-01
    -4.82120931e-01 -5.55778481e-02 -7.19957829e-01 1.28813434e+00
    -7.35149607e-02 -3.62309843e-01 1.67540461e-01 9.30730283e-01
    8.92774999e-01 -5.25219142e-01 1.32820547e+00 -5.79235971e-01
    7.50105917e-01 9.44471002e-01 1.19758487e+00 -6.14462912e-01
    -6.41366601e-01 3.45600277e-01 -5.32654583e-01 1.80179209e-01
    1.68763995e-01 9.05653462e-02 -3.07237089e-01 4.93830830e-01
    -3.09306562e-01 1.29075563e+00 -7.62496233e-01 1.14454162e+00
    1.26418459e+00 1.70258713e+00 4.47233111e-01 4.43703026e-01
    1.52230442e+00 1.18341482e+00 6.44724488e-01 3.63898277e-01
    -4.75879937e-01 1.59876263e+00 -7.08914816e-01 1.03199244e+00
    -3.54547262e-01 5.21225572e-01 1.30981696e+00 1.27574766e+00
    -1.43953130e-01 2.30802089e-01 -7.36268997e-01 -9.18390527e-02
    1.04128575e+00 7.48411179e-01 1.81179821e+00 4.33519274e-01
    1.87248564e+00 -6.47451952e-02 -1.14591606e-01 -6.49494454e-02
    1.18315887e+00 8.98997962e-01 -4.38051552e-01 1.45000291e+00
    -5.12334585e-01 -4.55458313e-02 -3.91037405e-01 9.37404707e-02
    -9.17660668e-02 7.00434506e-01 3.81485939e-01 -4.43458080e-01
    9.95715380e-01 9.73825753e-01 6.61933839e-01 -6.27934560e-02
    1.67231405e+00 1.32192314e+00 4.49079156e-01 -9.58354920e-02
    4.87808555e-01 1.39573202e-01 1.11699891e+00 8.69550526e-01
    -3.79336566e-01 1.76185906e+00 -4.51629490e-01 5.09506762e-02
    1.52350390e+00 9.93096590e-01 -1.92777425e-01 -7.59180427e-01
    2.53919423e-01 1.50195992e+00 8.09834003e-01 -1.51089400e-01
    -1.36491075e-01 1.13009727e+00 -6.13554478e-01 -7.90613174e-01
    1.64605236e+00 -1.24075532e-01 1.31419408e+00 6.11291349e-01
    -7.31298923e-01 8.50350738e-01 -5.67253232e-01 3.31390738e-01
    1.60210952e-01 5.78918634e-03 -2.21420079e-01 1.74534559e+00
    1.40310323e+00 1.19271576e+00 -1.78280696e-02 -8.09332788e-01
    1.67101383e+00 6.70915991e-02 8.89802694e-01 7.35685170e-01
    7.72825003e-01 -7.27408707e-01 1.85909390e-01 -6.53522322e-03
    1.38222575e+00 1.29876411e+00 1.29454279e+00 9.62031484e-01
    4.44973320e-01 8.06523979e-01 2.04794511e-01 8.12633455e-01
    1.50994921e+00 3.19546834e-02 -3.44191074e-01 1.75052881e+00
    -6.68061912e-01 5.41228294e-01 1.45548785e+00 9.74730790e-01
    1.30029154e+00 7.00061023e-01 1.38460670e-03 1.31700909e+00
    3.10852051e-01 1.58524489e+00 -2.43619271e-02 -2.18135789e-01
    -2.71261841e-01 7.03787267e-01 -7.37435579e-01 -3.75840157e-01
    2.51166970e-01 1.21368551e+00 -1.36523604e-01 8.15304220e-01
    -9.57585499e-02 5.65522373e-01 4.60281789e-01 1.80064976e+00
    1.16669309e+00 1.50290132e+00 1.56879270e+00 -7.76117504e-01
    -7.11572289e-01 1.67874455e+00 1.58197433e-01 1.43580139e+00
    9.79333580e-01 -8.12351108e-01 1.40583110e+00 -7.44529665e-02
    1.51733994e+00 1.83436960e-01 7.25973129e-01 -3.94227654e-01
    -6.13520563e-01 1.42643118e+00 1.38507843e+00 -4.94620115e-01
    3.05259734e-01 7.85381794e-01 1.78596294e+00 -3.72374095e-02
    2.46259540e-01 1.54757619e+00 -1.66165546e-01 1.33043909e+00
    -6.57157004e-01 6.77373707e-01 1.23360765e+00 5.51514804e-01
    1.27568865e+00 1.34403777e+00 6.92303598e-01 -3.47965717e-01
    1.00946629e+00 1.33899260e+00 1.04957545e+00 -2.74815321e-01
    1.53551507e+00 5.21936357e-01 -4.72456403e-02 1.22396147e+00
    1.46786165e+00 -5.00813603e-01 1.49983835e+00 1.33202660e+00
    1.75832844e+00 1.16233516e+00 2.78942019e-01 -8.29897821e-01
    1.56032503e-01 1.67289031e+00 -6.69248104e-01 -7.66902626e-01
    3.63606989e-01 -4.58280087e-01 7.89181471e-01 7.14976609e-01
    -6.99667990e-01 1.37036526e+00 6.49854481e-01 -8.01954210e-01
    6.18629098e-01 7.77712464e-01 1.46615791e+00 5.05302489e-01
    -3.32048416e-01 -9.12060857e-01 5.97527742e-01 1.62817311e+00
    2.24975035e-01 4.57154810e-01 1.75359166e+00 5.67992985e-01
    -3.00671011e-01 -3.05124372e-01 1.65086746e+00 4.82818991e-01
    4.22165245e-01 -7.63694942e-01 1.70694101e+00 -8.76721516e-02
    7.44727433e-01 1.52626991e+00 5.62598050e-01 5.37335873e-01
    7.36546457e-01 1.55338216e+00 1.14464772e+00 1.22879732e+00
    6.10303640e-01 1.59606886e+00 1.53408086e+00 1.79129219e+00
    1.68589246e+00 -5.54241657e-01 8.54445219e-01 6.99255049e-01
    -3.30266058e-01 1.55615020e+00 1.75664258e+00 3.01079243e-01
    9.62922812e-01 -5.54643393e-01 4.49091010e-02 1.25767541e+00
    1.00044727e+00 7.84871638e-01 7.47430265e-01 1.26938319e+00
    2.79016197e-01 -1.66305289e-01 1.42061532e+00 1.38194129e-01
    2.74408817e-01 5.52673221e-01 2.47510627e-01 3.66906598e-02
    1.70174396e+00 9.14928734e-01 -2.72065461e-01 1.11569285e+00
    4.44454759e-01 1.48609793e+00 1.48549569e+00 1.46467865e+00
    -3.72500628e-01 7.34533191e-01 1.77765679e+00 9.37167823e-01
    1.06925130e+00 -6.43343806e-01 5.60353696e-01 -6.21012390e-01
    1.43506086e+00 8.36122274e-01 5.60083091e-01 1.62128472e+00
    -6.24653220e-01 1.68671918e+00 1.75218116e-02 -1.36068583e-01
    -6.36453688e-01 1.44123602e+00 -1.89191177e-01 1.42181671e+00
    1.18124068e+00 -5.54935932e-01 -2.89386392e-01 -4.23986375e-01
    1.05345988e+00 -2.28359148e-01 -3.10590535e-01 1.13193238e+00
    -6.29419029e-01 1.51848400e+00 1.71245122e+00 2.21102163e-01
    4.73796487e-01 6.49118721e-01 1.62311554e+00 3.50456208e-01
    1.16407061e+00 4.06722166e-02 -3.52860019e-02 1.63444102e+00
    -2.77094096e-01 6.11610413e-01 2.58705877e-02 1.55436122e+00
    -6.22348547e-01 1.42635906e+00 -3.70910138e-01 1.65757370e+00
    1.24096811e+00 9.34958875e-01 9.97319281e-01 3.92621487e-01
    1.24450743e+00 1.04087782e+00 -7.97565997e-01 -5.14418930e-02
    1.46206355e+00 1.11796427e+00 -7.73816526e-01 2.68054217e-01
    7.06533313e-01 1.72676051e+00 1.82791007e+00 1.59432244e+00
    7.24907398e-01 -3.83799493e-01 1.18426478e+00 -7.28248179e-01
    -7.37326920e-01 1.26480043e+00 1.70459497e+00 -6.61872447e-01
    -1.59121063e-02 -7.19044149e-01 1.72158706e+00 1.66129136e+00
    1.83596492e+00 5.95398486e-01 2.56797582e-01 4.32989866e-01
    1.23380470e+00 1.67037749e+00 6.56997383e-01 8.30174685e-01
    -3.33841205e-01 1.12015724e+00 -5.24861097e-01 7.59189785e-01
    4.97214347e-01 1.34500062e+00 1.24665451e+00 9.39096928e-01
    1.08685327e+00 1.40708005e+00 1.75141943e+00 -8.45946789e-01
    -7.46857822e-01 9.72914875e-01 1.60406864e+00 9.15454209e-01
    -1.80505186e-01 -2.19491854e-01 -5.43800831e-01 -3.78955364e-01
    9.06109333e-01 -6.29897833e-01 2.67866462e-01 -5.90673462e-02
    1.24242806e+00 4.72819567e-01 7.22572505e-02 8.60126913e-01
    1.56113064e+00 -5.78320444e-01 -1.12185059e-02 1.60119247e+00
    1.16875911e+00 1.04027212e+00 1.50349379e+00 3.76287997e-01
    8.70627820e-01 1.11410725e+00 6.55951738e-01 -7.92069554e-01
    -7.64155626e-01 7.42323101e-01 -2.61922866e-01 -3.42749476e-01
    -2.80127466e-01 9.79764938e-01 1.34827256e+00 5.32224417e-01
    3.78782958e-01 -3.90015811e-01 1.25359106e+00 1.52024615e+00
    -4.15840559e-02 7.58611560e-01 8.29648852e-01 -2.07453206e-01
    -3.71875197e-01 -7.19380975e-01 -7.47153580e-01 -6.98008180e-01
    3.87905538e-01 6.86844051e-01 -4.78314281e-01 6.13072515e-01
    -2.27483630e-01 1.66096425e+00 8.75415087e-01 1.01402748e+00
    -4.42694962e-01 -1.18198998e-01 1.49231982e+00 -4.66617078e-01
    2.41684183e-01 1.57701087e+00 -2.52488375e-01 6.28062546e-01
    1.88235100e-02 -5.13178051e-01 5.79362631e-01 6.11942351e-01
    1.36956835e+00 -3.47159535e-01 1.84554935e+00 1.44286215e+00
    9.75303829e-01 -1.76787786e-02 -1.86086118e-01 1.27520359e+00
    9.80266213e-01 8.68336558e-01 2.30858937e-01 4.85542685e-01
    -8.36813152e-01 7.15405405e-01 1.49053037e+00 1.30785555e-01
    1.74429297e+00 -4.88862842e-01 -8.67587984e-01 -1.10011995e-01
    -5.11515401e-02 5.23074090e-01 2.38757253e-01 -1.01257980e-01
    9.17942464e-01 1.58289850e+00 -6.62424445e-01 -6.49105072e-01
    -5.72404027e-01 1.43961573e+00 3.16096902e-01 7.85883009e-01
    9.71613884e-01 1.03844440e+00 3.93217385e-01 1.51914120e+00
    9.66974735e-01 1.60309565e+00 -6.36680365e-01 -2.91951030e-01
    -4.70931798e-01 7.86629319e-01 -2.74004877e-01 8.78289580e-01
    2.52321362e-01 1.22922659e+00 1.10629790e-01 -3.60114157e-01
    1.03543687e+00 -5.61915457e-01 3.50664049e-01 5.37903905e-01
    9.63737369e-01 6.62930906e-02 4.70624268e-01 1.32126987e+00
    2.34542295e-01 1.33645535e+00 1.98656178e+00 5.37032604e-01
    -3.03874463e-01 -2.65396535e-02 1.95479527e-01 7.10373163e-01
    -1.74860120e-01 -1.10159069e-01 -2.73027033e-01 6.21575594e-01
    -4.51403826e-01 -1.93400774e-03 -2.77126759e-01 1.73337996e+00
    6.03673756e-01 -7.05479503e-01 7.86396205e-01 2.23274112e-01
    -6.81843042e-01 1.14052153e+00 1.60432708e+00 -7.07711279e-01
    8.96382213e-01 1.83485076e-02 7.40700901e-01 6.19459450e-01
    -7.28127301e-01 -7.50890613e-01 9.18521166e-01 -6.16986632e-01
    1.56613231e+00 3.00619394e-01 -5.60716212e-01 1.17734921e+00
    -4.84856695e-01 -1.45614132e-01 -3.35622311e-01 4.94517326e-01
    6.28308296e-01 1.01155770e+00 1.14437842e+00 -6.01900704e-02
    1.03960645e+00 1.05513990e+00 1.64111748e-01 8.28072250e-01
    -1.11655556e-01 1.49606657e+00 1.35253549e+00 5.53313375e-01
    1.83136195e-01 8.34284604e-01 2.10408449e-01 1.53936553e+00
    -5.65674245e-01 6.47518992e-01 -6.28882468e-01 5.75431228e-01
    -7.81189948e-02 6.41311407e-01 6.74368918e-01 1.55112457e+00
    -2.96389669e-01 9.15119290e-01 1.37280619e+00 1.08847499e+00
    -8.47592056e-01 1.01751363e+00 6.76589727e-01 7.02015460e-01
    3.02667022e-01 -4.97767359e-01 4.07213300e-01 -3.74392539e-01
    1.53539288e+00 1.87130347e-01 1.41664970e+00 2.50065625e-01
    3.72607321e-01 1.71929014e+00 -4.67433274e-01 -2.94158757e-01
    1.42227507e+00 -7.80466557e-01 -3.22960675e-01 -5.57692230e-01
    1.73499656e+00 8.37071911e-02 5.42198479e-01 8.23966026e-01
    7.57136941e-01 -4.28194582e-01 1.27879298e+00 -3.83053273e-01
    2.31538907e-01 -3.98801267e-01 1.70955867e-01 1.25770915e+00
    -6.58920825e-01 1.03090024e+00 6.20394349e-01 -3.46513391e-02
    1.70010996e+00 -1.62921682e-01 5.60014009e-01 7.17746258e-01
    8.78952891e-02 8.66326332e-01 -5.82117558e-01 1.57152796e+00
    3.39266241e-01 1.60147786e+00 -6.78215563e-01 5.87682426e-01
    9.15962875e-01 1.10777831e+00 1.54201090e+00 -6.09201372e-01
    6.14563584e-01 6.93170652e-02 3.57255459e-01 -3.83532703e-01
    6.02366865e-01 -4.34452295e-01 -1.82658017e-01 -1.51807591e-01
    1.57157254e+00 2.30751812e-01 -2.97966361e-01 1.00836861e+00
    8.08534980e-01 2.21737437e-02 -5.35304964e-01 6.58411682e-02
    -4.95033413e-01 -6.85199380e-01 1.77045989e+00 3.30310941e-01
    1.76064742e+00 1.41089714e+00 1.11404848e+00 -6.33496821e-01
    6.90640330e-01 4.05950546e-01 1.22427738e+00 6.15527451e-01
    1.07148874e+00 -7.87208438e-01 1.28706884e+00 -8.11115205e-01
    1.57582891e+00 -3.65334447e-03 -6.74304545e-01 -3.31857130e-02
    -7.19303727e-01 8.77691731e-02 7.45831728e-01 1.52319527e+00
    -6.29285753e-01 9.59235132e-02 -6.45494998e-01 1.65204334e+00
    3.65847975e-01 -2.61302553e-02 5.08930445e-01 3.80442381e-01
    -1.79212213e-01 1.01565826e+00 7.50414550e-01 1.00125358e-01
    -8.57986808e-02 1.34924519e+00 -6.67506814e-01 -6.83979630e-01
    6.47876561e-01 2.12014839e-01 1.06735063e+00 1.24814224e+00
    9.16761577e-01 1.38643694e+00 1.31350887e+00 1.25692391e+00
    1.13559115e+00 -1.64576665e-01 9.89971280e-01 -6.60263374e-02
    8.83006155e-01 -7.11491005e-03 1.89884275e-01 -1.69307619e-01
    -4.74081606e-01 1.87675700e-01 1.18385649e+00 -2.76373357e-01
    3.97332618e-03 -7.40908206e-01 8.12034249e-01 1.23186135e+00
    -1.19603075e-01 -5.12116551e-01 1.81580698e+00 1.36199772e+00
    -8.93722832e-01 7.18763411e-01 1.73549938e+00 1.53830230e+00
    -1.73795491e-01 -2.09183499e-01 -7.30578959e-01 1.52726221e+00
    -1.78000838e-01 -6.05311930e-01 -4.70533311e-01 4.99642313e-01
    1.60445702e+00 1.50864050e-01 1.74479466e-02 1.58745587e+00
    7.51006901e-01 1.11754334e+00 1.45806015e+00 1.33633506e+00
    -2.81789660e-01 1.50472283e+00 7.12713420e-01 1.24313450e+00
    1.68986571e+00 1.37885523e+00 2.10025713e-01 1.65292591e-01
    -5.79721928e-01 1.70670998e+00 1.55248031e-01 6.80595413e-02
    1.41354883e+00 1.48346722e+00 1.27400815e+00 2.46224925e-01
    1.56213999e+00 1.00106263e+00 1.26859534e+00 1.46585330e-01
    -8.92234504e-01 -3.59411985e-01 9.39841628e-01 7.94193089e-01
    -4.19908822e-01 -6.95723653e-01 1.05645359e+00 1.31965339e+00
    1.38351715e+00 4.44398522e-01 -3.54520716e-02 1.43551004e+00
    1.87183869e+00 1.84563327e+00 3.48456055e-01 1.81422019e+00
    1.83560932e+00 1.36782181e+00 9.22863543e-01 -3.06275725e-01
    8.28681290e-01 7.56986514e-02 1.35922062e+00 -4.52143013e-01
    -6.09761655e-01 1.19343662e+00 1.21107864e+00 8.21686029e-01
    1.38666058e+00 9.03915346e-01 1.04791284e+00 -3.11941981e-01
    1.70104480e+00 6.18436635e-01 4.70837504e-01 1.87203121e+00
    -1.37744635e-01 1.55520463e+00 1.64543378e+00 -3.90561759e-01
    8.15233886e-01 1.47089851e+00 8.62876892e-01 -2.73745030e-01
    2.16062456e-01 -6.98411644e-01 -1.34109342e-02 1.36498225e+00
    -2.81883091e-01 1.04834020e+00 -1.23018250e-01 -2.96563685e-01
    -7.19670117e-01 1.09254634e+00 -2.31528610e-01 7.34586865e-02
    1.09391749e+00 1.27496183e-01 4.03349757e-01 6.29313707e-01
    1.58225822e+00 5.16296387e-01 9.38973784e-01 -5.65800130e-01
    -2.84804195e-01 -1.53966814e-01 3.46354961e-01 1.73324764e+00
    -1.83386698e-01 -6.90760016e-01 -5.46609104e-01 -5.08855641e-01
    -7.19916463e-01 -3.41667272e-02 1.30027103e+00 2.31860623e-01
    1.17046213e+00 8.85325134e-01 -8.95686746e-01 1.39557827e+00
    1.42135334e+00 -9.11159590e-02 9.73593593e-01 -7.15818048e-01
    1.35232520e+00 1.27427325e-01 -4.88635153e-01 -1.15198836e-01
    5.43293655e-02 7.08757490e-02 2.71662623e-02 -2.73360431e-01
    1.61143422e+00 9.74514008e-01 -3.06211859e-01 1.74640524e+00
    7.45500386e-01 6.05872333e-01 -6.64866388e-01 8.55005443e-01
    8.13671947e-01 7.44747579e-01 1.49452746e-01 -4.30415541e-01
    5.26490450e-01 3.06150764e-01 1.41257727e+00 1.58295766e-01
    1.14921594e+00 -6.15741193e-01 9.63578463e-01 -1.19774332e-02
    -3.63301486e-01 3.20501208e-01 9.16178882e-01 1.72180974e+00
    4.36004072e-01 1.11994612e+00 1.35147750e+00 2.24667221e-01
    -3.68087739e-02 -7.68150032e-01 1.53514072e-01 -4.42078710e-01
    7.20557868e-01 -6.98583364e-01 -5.56119084e-01 4.15268689e-01
    6.68261349e-01 -8.29777181e-01 1.31998390e-01 1.43514585e+00
    4.94499832e-01 1.77427679e-02 -7.12197125e-01 2.13349342e-01
    3.72463232e-03 1.82660127e+00 -4.78504241e-01 -4.03047293e-01
    1.92740187e-01 6.89514935e-01 8.73527825e-01 -8.14957559e-01
    1.01367712e+00 5.24393380e-01 -2.97318827e-02 1.83566141e+00
    1.75313091e+00 2.43842065e-01 -1.37887269e-01 7.00983822e-01
    1.46976101e+00 1.36738145e+00 -1.39255747e-01 -4.34021980e-01
    7.63819814e-01 3.17944795e-01 -3.82302135e-01 1.64885843e+00
    1.31893694e+00 2.68242359e-01 -5.98615170e-01 -4.85444337e-01
    -6.79268897e-01 -1.34202793e-01 3.15371126e-01 1.45271480e+00
    -2.74421871e-01 -7.06786156e-01 1.10068500e+00 1.43484855e+00
    1.25716257e+00 7.97527730e-01 1.38673878e+00 1.26820147e+00
    -4.72591430e-01 3.79242837e-01 -8.52333307e-02 2.69351214e-01
    9.06122983e-01 -7.96478018e-02 1.50093162e+00 1.11475360e+00
    1.49863303e+00 1.48638654e+00 -1.70061618e-01 -6.74292445e-01
    1.32846820e+00 1.74428868e+00 9.20064867e-01 1.70353067e+00
    6.30062103e-01 4.92476612e-01 -6.07689023e-01 1.47019064e+00
    1.29831803e+00 -6.40214026e-01 1.30557716e+00 1.67440677e+00
    1.86926141e-01 -3.10532674e-02 4.70157027e-01 7.15283304e-02
    1.18780291e+00 1.03090024e+00 1.66676676e+00 1.12388456e+00
    1.69361484e+00 -5.77231824e-01 -5.13198674e-01 3.90151978e-01
    7.51703680e-01 1.53139758e+00 6.82348073e-01 3.43062758e-01
    -8.58838916e-01 3.31296995e-02 1.65971053e+00 1.27065730e+00
    1.04912710e+00 -5.91332316e-01 -5.07121861e-01 4.99084681e-01
    -3.54051054e-01 1.24899030e-01 -4.39842492e-02 1.57628322e+00
    -1.73140079e-01 1.56721306e+00 2.27925971e-01 -4.81249809e-01
    -8.24213982e-01 6.92455888e-01 1.73301351e+00 1.44059658e+00
    1.55091127e-02 7.35674083e-01 8.70921910e-01 -6.43192470e-01
    7.80899584e-01 6.53718770e-01 -1.12704180e-01 1.71638691e+00
    5.69560528e-01 -3.03465962e-01 1.30330431e+00 8.20023417e-01
    -8.48685861e-01 4.58073229e-01 1.52860773e+00 -1.13869093e-01
    3.92954379e-01 -2.09347293e-01 8.58507991e-01 1.55552816e+00
    1.92051917e-01 6.25472188e-01 4.78585154e-01 7.74505138e-01
    1.38417578e+00 1.10092789e-01 1.31528533e+00 8.78092110e-01
    2.88201392e-01 7.78519630e-01 2.68841852e-02 5.25240004e-01
    1.66987073e+00 -6.45841241e-01 1.61944878e+00 1.80424798e+00
    3.67307514e-01 1.22538066e+00 1.67443466e+00 -4.68189359e-01
    9.79420900e-01 1.77467299e+00 7.75251865e-01 -8.60989094e-05
    2.02292114e-01 -2.79147625e-01 4.46026146e-01 -2.59231597e-01
    3.88702065e-01 -8.16480815e-01 2.19150811e-01 3.15268546e-01
    6.86536849e-01 6.81437671e-01 2.44448975e-01 5.82301840e-02
    -8.90548751e-02 6.62833929e-01 2.33319953e-01 4.75397676e-01
    7.41175711e-02 1.17046580e-01 -5.65873265e-01 1.57919157e+00
    4.43379432e-01 1.65873504e+00 1.46594691e+00 9.85835373e-01
    -7.27820843e-02 1.66266346e+00 1.00083303e+00 -1.70976087e-01
    1.79354095e+00 -5.16257703e-01 6.32018089e-01 -1.90786585e-01
    1.07190812e+00 1.37847960e+00 8.43277454e-01 4.04838920e-02
    8.51527810e-01 -1.33246347e-01 -3.45259979e-02 9.23057377e-01
    -6.20943189e-01 1.58560801e+00 -2.39431351e-01 3.36090922e-01
    1.11587822e+00 4.88924906e-02 1.14757228e+00 1.65786374e+00
    9.55445945e-01 5.83008766e-01 7.54877329e-01 -3.20986748e-01
    1.12446678e+00 1.48066187e+00 1.58854258e+00 8.09650242e-01
    1.53486717e+00 4.10699278e-01 1.49045312e+00 1.50793505e+00
    3.84649575e-01 1.68980479e+00 1.42655861e+00 4.04099435e-01
    -4.97993946e-01 9.14760530e-01 9.66216683e-01 1.47907525e-01
    2.25908041e-01 -1.97545156e-01 -7.28752375e-01 3.36000860e-01
    -7.60709047e-01 3.56623352e-01 -1.72629923e-01 7.64827073e-01
    4.92637008e-01 -6.45115197e-01 4.67531860e-01 1.31581938e+00
    -1.30820200e-01 2.97037303e-01 8.41233730e-01 6.53629363e-01
    1.17625129e+00 -6.69726372e-01 1.04948378e+00 1.79455721e+00
    1.57473695e+00 -4.23296899e-01 1.20711327e+00 9.88156497e-01
    -4.05944258e-01 1.26492703e+00 1.85834026e+00 -3.16264004e-01
    6.72470510e-01 -2.53074288e-01 -5.74068367e-01 -2.09219024e-01
    1.64145815e+00 4.15311962e-01 7.50243723e-01 8.45320821e-01
    6.46205544e-01 1.15644276e+00 1.24369991e+00 1.72091460e+00
    -5.72298765e-01 1.48060226e+00 2.59540379e-01 6.33353949e-01
    3.31316680e-01 1.78259909e+00 6.77761495e-01 1.29563439e+00
    4.02628869e-01 4.25569326e-01 1.03110328e-01 -6.07608199e-01
    1.58584499e+00 9.05094147e-01 4.69397426e-01 1.42918563e+00
    -2.59241074e-01 -1.25613093e-01 -6.44265532e-01 5.90230823e-01
    4.25297439e-01 8.99768054e-01 1.81636500e+00 -7.54191339e-01
    -2.62595359e-02 1.31967568e+00 -1.06810957e-01 1.85848808e+00
    5.98910034e-01 1.19236851e+00 6.10033631e-01 6.38717890e-01
    -4.29320306e-01 1.74628687e+00 1.74454403e+00 1.47862136e+00
    9.28332806e-02 -9.19864513e-03 3.89443308e-01 -1.53307676e-01
    1.71935707e-01 5.84731400e-01 -3.60516787e-01 -1.38546988e-01
    2.52265811e-01 2.84805745e-01 -4.79881585e-01 1.03650045e+00
    1.78872728e+00 1.07064581e+00 4.48788196e-01 2.70561248e-01
    1.73401516e-02 -5.48856437e-01 1.70427835e+00 6.04139388e-01
    1.47918773e+00 -1.43565354e-03 1.72227216e+00 3.48405182e-01
    1.02797818e+00 1.08716130e+00 1.39752281e+00 5.03912807e-01
    5.61139286e-01 1.30378473e+00 -1.14458367e-01 -4.17362005e-01
    1.01941109e+00 3.90449554e-01 1.56556320e+00 6.85919583e-01
    -7.79725730e-01 1.20321774e+00 -6.10701025e-01 8.02223682e-02
    4.37108040e-01 3.00726742e-01 -8.09277117e-01 1.43953180e+00
    8.18384588e-01 -6.82862639e-01 -3.85951221e-01 -1.78980231e-01
    -7.77594507e-01 8.41386497e-01 -6.26113355e-01 1.60327405e-01
    1.35504770e+00 1.84420377e-01 1.05857544e-01 5.01390040e-01
    1.50269628e+00 1.13974047e+00 1.64100075e+00 6.15109086e-01
    1.25524700e+00 3.86466116e-01 5.90616941e-01 1.34704363e+00
    1.03172278e+00 3.88362080e-01 7.95590878e-01 1.53750753e+00
    -7.27036297e-01 -4.78636235e-01 -7.06907153e-01 -1.38360575e-01
    5.14487922e-01 1.85871512e-01 1.67175472e+00 -2.24096879e-01
    9.36254799e-01 -6.39880657e-01 -3.37003201e-01 4.77456897e-01
    3.26622613e-02 4.98870254e-01 -7.52602935e-01 3.70587230e-01
    1.66861176e+00 1.30870152e+00 9.63446498e-01 4.89948928e-01
    1.11625183e+00 1.11167192e+00 6.05034530e-01 2.38113523e-01
    -4.74016406e-02 6.59799874e-01 1.47082639e+00 1.57805705e+00
    -2.01684296e-01 1.30307341e+00 3.44472110e-01 -3.58222991e-01
    -7.98566639e-01 1.31227958e+00 -3.72002751e-01 1.81853223e+00
    5.57014465e-01 4.69976306e-01 1.26200545e+00 -5.56882620e-01
    7.82412171e-01 5.53373575e-01 1.36204624e+00 1.31579089e+00
    1.31191087e+00 4.39856350e-01 1.00751901e+00 1.11546421e+00
    3.78893256e-01 -7.89166391e-01 1.72059333e+00 1.24796116e+00
    1.61526215e+00 5.55412352e-01 4.92744714e-01 4.07702833e-01
    -3.56238190e-04 -3.26400727e-01 1.82903552e+00 1.26799083e+00
    -8.14800799e-01 -9.22484845e-02 1.20526075e+00 -8.13839734e-02
    1.70690760e-01 1.37474883e+00 -5.83583340e-02 3.82742099e-02
    -6.89379513e-01 1.34998512e+00 -7.67823517e-01 6.09207094e-01
    4.31132615e-01 1.47735313e-01 4.59915340e-01 7.68165052e-01
    1.31431460e+00 3.19943070e-01 -1.40953332e-01 7.36018836e-01
    8.25267732e-01 1.48812211e+00 1.17588043e+00 1.57757926e+00
    -2.63180465e-01 4.47842717e-01 1.63329506e+00 -4.75547723e-02
    -6.73466504e-01 1.07946277e+00 7.84601793e-02 9.45911407e-01
    -4.82692868e-01 -1.68674886e-01 -1.45606315e-02 3.77224907e-02
    1.00976276e+00 3.51525486e-01 -8.37321281e-01 4.79928225e-01
    -7.49345481e-01 2.03783259e-01 7.32979834e-01 1.37955976e+00
    1.05101228e+00 1.64763808e+00 -8.04785609e-01 9.64344740e-01
    8.64288211e-01 -6.53806746e-01 1.12168443e+00 -4.06268775e-01
    -7.01260805e-01 1.59575403e-01 5.08841038e-01 1.57418621e+00
    4.58557367e-01 9.68789876e-01 -6.95520818e-01 1.17360882e-01
    2.03524366e-01 -1.19543754e-01 -4.19501960e-01 1.78921318e+00
    1.58512518e-01 9.64533091e-02 1.50565279e+00 -2.56739140e-01
    -3.24077994e-01 4.43499118e-01 1.37816668e+00 1.81367183e+00
    1.04661882e+00 -1.61455899e-01 3.94071788e-02 5.88134229e-01
    -5.57171777e-02 7.93861330e-01 9.17844057e-01 4.09548461e-01
    1.41146588e+00 -3.30146521e-01 1.70333362e+00 -2.38455310e-01
    1.13825870e+00 1.20259583e+00 1.62428021e+00 1.44086158e+00
    8.31102014e-01 1.65324259e+00 2.42961064e-01 1.10420680e+00
    -7.71353424e-01 1.33309877e+00 -6.60594404e-01 1.79761863e+00
    3.38236779e-01 -4.60628569e-02 2.16412783e-01 2.17537284e-01
    -1.66902080e-01 4.97944057e-01 7.58190036e-01 8.62556934e-01
    4.90712017e-01 9.36990321e-01 2.71374911e-01 3.10221761e-01
    -7.20015764e-01 -1.25282988e-01 1.20798957e+00 1.22768588e-01
    -6.94450974e-01 9.49719369e-01 -6.58684254e-01 6.70280099e-01
    -5.50852180e-01 1.75141108e+00 8.16124082e-01 1.70388415e-01
    7.51561940e-01 -6.38033867e-01 1.77915168e+00 4.01939273e-01
    2.50015080e-01 8.33855987e-01 1.18547618e+00 1.83984451e-02
    1.46136332e+00 -4.37822007e-03 -7.66739070e-01 -7.00530350e-01
    -7.06935108e-01 1.33376586e+00 1.38895917e+00 1.26378369e+00
    1.40070379e+00 -7.97334492e-01 1.52237880e+00 1.28363931e+00
    1.44006240e+00 -7.74182677e-02 1.06210947e+00 -3.68112773e-01
    6.14088416e-01 -1.28829926e-01 3.22739214e-01 -2.46095553e-01
    -1.19906455e-01 4.22218204e-01 1.51268327e+00 1.74404502e+00
    1.59433866e+00 2.29763344e-01 1.48735857e+00 -3.30165267e-01
    -2.70376116e-01 -4.27755192e-02 1.40110612e+00 1.36544287e+00
    -5.54572679e-02 8.15019131e-01 1.57302392e+00 9.00038779e-02
    1.38114107e+00 -4.21627462e-01 1.32277274e+00 2.86416531e-01
    -6.21416092e-01 3.78600389e-01 -5.53189397e-01 8.18514585e-01
    -4.33222875e-02 3.54978442e-02 1.13706338e+00 -3.58832568e-01
    1.61685395e+00 -6.14862561e-01 8.65050733e-01 1.37981653e+00
    -5.33665478e-01 -1.91234529e-01 -1.31214797e-01 7.34339535e-01
    5.62275887e-01 1.63305748e+00 1.80831659e+00 5.29887378e-01
    1.30809951e+00 1.56961095e+00 6.57259464e-01 -1.41330466e-01
    1.01423287e+00 -7.10211515e-01 1.33058798e+00 2.56879926e-01
    8.23319316e-01 8.01468551e-01 1.43477082e+00 6.30765438e-01
    1.38042343e+00 -3.70625496e-01 -7.33771980e-01 -2.27353424e-01
    1.74121726e+00 -7.22328544e-01 1.68510377e+00 8.64150405e-01
    1.03575242e+00 1.43657792e+00 7.95601845e-01 2.16503054e-01
    1.00642419e+00 1.69840366e-01 -8.47342968e-01 1.72188199e+00
    -4.14727360e-01 4.20079559e-01 7.33592212e-01 1.11009753e+00
    1.40458867e-01 1.31756282e+00 1.10535955e+00 -8.14172983e-01
    7.36667752e-01 2.73324341e-01 -1.46310627e-01 1.73293853e+00
    1.27067423e+00 9.06192422e-01 9.65562940e-01 3.65085453e-01
    4.72516388e-01 1.03856039e+00 1.68529749e+00 7.72227168e-01
    3.71388644e-01 -3.04193050e-01 1.04193580e+00 -4.67729680e-02
    -3.42750311e-01 -4.10101444e-01 8.00417304e-01 4.33326989e-01
    1.02269673e+00 5.18243253e-01 -7.49456882e-01 -1.02929614e-01
    1.53335571e+00 1.28571558e+00 6.41858876e-01 2.19264254e-01
    1.18296802e+00 -7.31612265e-01 -1.79832876e-01 1.13635373e+00
    1.11150622e+00 2.86166042e-01 -7.50430971e-02 1.57151186e+00
    1.80688131e+00 7.29468584e-01 -3.13812673e-01 -2.56954040e-02
    -3.26039582e-01 1.59164894e+00 5.40415287e-01 -1.84156254e-01
    1.64987612e+00 1.38164175e+00 -2.92809218e-01 -7.20044017e-01
    -7.55976796e-01 1.68636668e+00 -2.90424936e-03 -7.31351823e-02
    1.08808136e+00 2.24690929e-01 2.29363199e-02 5.24243116e-01
    -3.57683629e-01 4.22318988e-02 -4.81426090e-01 7.77373612e-01
    -3.32394034e-01 4.30253893e-01 1.32628810e+00 5.09359181e-01
    -3.50931466e-01 -7.83979058e-01 -4.28432405e-01 1.47073150e+00
    1.53641224e+00 1.21905625e+00 4.63903934e-01 1.14825022e+00
    -1.68224964e-02 1.71646154e+00 -6.70120895e-01 8.37567806e-01
    -6.66675866e-01 4.55641657e-01 9.75422621e-01 3.94986093e-01
    -4.90047395e-01 -1.82151288e-01 1.52613238e-01 5.66914380e-01
    1.51202989e+00 5.88414490e-01 -5.21106601e-01 1.10138273e+00
    1.04765054e-02 -7.15165138e-01 1.57812965e+00 -1.50606170e-01
    1.43533397e+00 1.68927205e+00 1.00957763e+00 -4.04798746e-01
    1.42978239e+00 -4.00569558e-01 -3.64415079e-01 -1.67667434e-01
    1.59786665e+00 3.34725231e-02 -6.44777343e-02 7.27579415e-01
    1.62309837e+00 1.15310884e+00 -6.93013906e-01 1.18552816e+00
    1.59568632e+00 4.24432963e-01 3.87359738e-01 -1.29131436e-01
    1.24956560e+00 -1.15860114e-02 1.41026449e+00 7.53206789e-01
    1.81298304e+00 1.26162302e+00 -4.64224994e-01 -8.16961586e-01
    -5.30702889e-01 1.67499197e+00 -5.77465296e-01 6.37880564e-01
    1.10055476e-01 -4.27252233e-01 1.25891614e+00 1.84743750e+00
    -5.25305808e-01 5.35373211e-01 1.02211165e+00 -1.19429611e-01
    1.90819538e+00 1.26770258e+00 1.01018679e+00 4.03658420e-01
    1.69508851e+00 2.06106514e-01 -2.00981110e-01 -7.65134037e-01
    -6.03467524e-01 4.10559744e-01 5.78064978e-01 1.02892983e+00
    -3.30708236e-01 5.32076955e-01 5.31420469e-01 -5.35822809e-01
    1.37698531e+00 2.42620707e-01 4.40462172e-01 -5.42640127e-02
    1.55458510e+00 -5.65038383e-01 8.42486620e-01 1.22085011e+00
    9.52849925e-01 1.47651517e+00 7.58642197e-01 7.30873406e-01
    1.86614588e-01 1.05288398e+00 3.76454800e-01 2.87690610e-01
    4.07701582e-01 1.63800418e+00 -8.39754462e-01 -1.92487285e-01
    1.61836648e+00 4.08357501e-01 1.69969749e+00 -8.08429182e-01
    -5.07748365e-01 9.52465057e-01 6.08582199e-01 9.00472403e-02
    9.24611315e-02 4.62986529e-01 1.22137356e+00 1.66811216e+00
    -3.72985184e-01 -1.18870795e-01 4.97947633e-01 -2.79248267e-01
    2.07024515e-01 1.25801027e+00 -2.35586330e-01 9.45870519e-01
    1.29939985e+00 -8.19542289e-01 8.66047591e-02 1.02924109e+00
    1.22898126e+00 1.03883266e+00 3.21346402e-01 1.51844871e+00
    6.45919621e-01 1.47584546e+00 3.89841586e-01 1.35588360e+00
    1.21992064e+00 1.79976344e+00 -1.91426620e-01 1.03057051e+00
    4.65101153e-01 1.49856758e+00 8.14157724e-02 1.58097124e+00
    -5.80845118e-01 7.83964097e-02 1.63636422e+00 -3.45687687e-01
    1.60533500e+00 -5.89179456e-01 5.75776637e-01 9.77377057e-01
    2.51699328e-01 9.22691464e-01 1.45493495e+00 -4.54309553e-01
    -8.01806211e-01 -8.13027322e-01 -1.99049693e-02 5.86993098e-01
    -5.00499487e-01 1.07435882e+00 1.08891964e+00 1.12496316e+00
    1.41370225e+00 -7.54212976e-01 1.23147833e+00 -7.52294898e-01
    -4.14537668e-01 5.99027157e-01 1.41779649e+00 5.41009784e-01
    7.73547292e-01 7.07063019e-01 8.53174031e-01 1.23494673e+00
    1.53982878e+00 -1.95929229e-01 1.27602565e+00 4.70888257e-01
    5.20194352e-01 1.66161573e+00 5.14159501e-01 1.67923295e+00
    1.41896915e+00 3.61977249e-01 1.10020387e+00 1.31960559e+00
    1.30007416e-01 -2.71657407e-01 8.38376403e-01 6.26022875e-01
    -4.32799906e-01 -5.61643600e-01 -3.96403372e-01 1.24222648e+00
    4.10684049e-01 4.13805604e-01 -4.30678308e-01 1.70006728e+00
    4.62299049e-01 3.54872018e-01 4.77277756e-01 4.85965103e-01
    9.56736624e-01 1.58434069e+00 8.23947430e-01 1.14524007e+00
    3.72724056e-01 1.45620778e-01 1.41714998e-02 1.77082431e+00
    -1.50046155e-01 1.08091247e+00 1.38499296e+00 7.08098054e-01
    5.57056725e-01 1.77849591e+00 3.90932113e-01 -8.26485991e-01
    -6.43501878e-01 -5.55779159e-01 2.39348367e-01 -7.00086296e-01
    2.91206121e-01 1.58774424e+00 1.63830996e+00 1.78265250e+00
    9.73890841e-01 5.72798491e-01 -3.17880392e-01 -2.44243965e-01
    -8.00716460e-01 -4.92251366e-01 -3.21039289e-01 1.16367614e+00
    6.63210690e-01 6.44739747e-01 1.34559667e+00 -5.44703245e-01
    2.76795179e-01 1.81105769e+00 1.48591733e+00 5.48183560e-01
    1.78279936e-01 1.47820330e+00 1.64141691e+00 -1.80947617e-01
    1.19787264e+00 2.54570097e-01 5.23855835e-02 1.57433844e+00
    1.10957766e+00 1.34271830e-01 1.39689863e+00 5.93733668e-01
    1.76989627e+00 8.69423270e-01 1.09654143e-01 1.00253236e+00
    -7.89182007e-01 1.64314759e+00 1.75430167e+00 9.48338926e-01
    1.01254916e+00 -5.66893756e-01 6.43237889e-01 1.13625479e+00
    -2.80184120e-01 1.03484786e+00 1.37500560e+00 -7.97869340e-02
    1.39410281e+00 5.38444698e-01 1.51726091e+00 1.38655353e+00
    1.45434141e+00 1.28826725e+00 -5.50504386e-01 7.97342777e-01
    -2.89705366e-01 1.79233813e+00 9.20483232e-01 3.28834593e-01
    1.26348361e-01 3.53886127e-01 -4.65666711e-01 -3.07741374e-01
    1.66662371e+00 4.53121811e-02 2.03266397e-01 1.18884265e+00
    1.62514853e+00 -3.07791233e-01 -3.71541709e-01 -7.35538244e-01
    1.85002947e+00 -8.11566174e-01 4.27843183e-01 -3.09744477e-01
    -1.20455079e-01 -5.45604751e-02 9.61833775e-01 -4.52296406e-01
    3.30822319e-01 1.34195018e+00 4.04391050e-01 7.64675915e-01
    -3.29207629e-01 6.21049762e-01 1.49410772e+00 5.13811782e-03
    8.90947938e-01 5.45683563e-01 5.02560496e-01 -3.56638253e-01
    3.60238068e-02 5.60530484e-01 5.96164465e-01 -1.76652465e-02
    2.26939276e-01 3.77685368e-01 2.45690048e-01 -3.03469956e-01
    8.46388757e-01 1.83606103e-01 -1.61872491e-01 -7.13395774e-01
    3.75131726e-01 -7.82493055e-01 1.08198476e+00 2.20652804e-01
    1.11769199e+00 1.53096840e-02 9.71514165e-01 7.32045114e-01
    -2.70344019e-01 1.65952075e+00 -2.93164272e-02 1.26778200e-01
    -1.32851169e-01 -1.72024742e-02 -6.76990688e-01 1.37940538e+00
    -1.86905280e-01 7.67865360e-01 3.31150621e-01 -2.61158586e-01
    1.10462713e+00 -3.25093061e-01 1.90511480e-01 2.07526162e-01
    1.68935847e+00 1.88560449e-02 -1.66655138e-01 1.16131222e+00
    1.06552112e+00 -5.28536558e-01 1.66347432e+00 9.13391054e-01
    9.11450610e-02 1.46656561e+00 1.11578500e+00 1.59755862e+00
    -5.82901478e-01 7.24323332e-01 -7.69686639e-01 -7.52886772e-01
    -3.52321088e-01 1.03602850e+00 -2.00292736e-01 1.50548267e+00
    4.79990989e-01 -6.12975597e-01 1.08224607e+00 -7.44497597e-01
    1.22560525e+00 4.99630086e-02 4.01393712e-01 -4.66277689e-01
    1.07710242e+00 1.60635614e+00 2.08427235e-01 -5.27019083e-01
    -3.38520765e-01 1.12189031e+00 2.31446654e-01 5.57920516e-01
    -1.63935930e-01 -7.02259421e-01 1.49212122e-01 1.00818658e+00
    1.77608180e+00 9.15545881e-01 1.32865489e+00 9.46799338e-01
    8.37637722e-01 3.10780376e-01 4.83984165e-02 1.78457558e+00
    1.05504012e+00 3.92714590e-01 -3.38643968e-01 7.99249172e-01
    1.47393060e+00 3.43101531e-01 4.82652545e-01 1.33036319e-02
    1.82003105e+00 4.22906131e-01 -3.90675575e-01 -5.34694731e-01
    9.21718851e-02 -3.09849977e-01 -6.13538742e-01 -3.64463836e-01
    9.78690803e-01 8.05735648e-01 4.94336456e-01 2.67548591e-01
    5.35198390e-01 8.67828667e-01 -3.91027838e-01 1.14052027e-01
    1.64293617e-01 -4.55167860e-01 1.86566973e+00 4.55307402e-02
    7.52539039e-01 -5.61599970e-01 3.64135623e-01 -8.57503563e-02
    1.38329828e+00 1.02169752e+00 1.62604320e+00 8.62980783e-01
    -3.23967218e-01 -3.61210614e-01 1.72632527e+00 1.02377784e+00
    7.63056934e-01 -8.76922548e-01 -5.80249131e-01 1.28622329e+00
    7.78362989e-01 1.42162591e-01 1.36588240e+00 -6.18295729e-01
    1.41889691e+00 5.23811042e-01 1.59151793e+00 1.11990702e+00
    7.98791647e-01 1.14601934e+00 1.43956697e+00 9.31283295e-01
    8.18430901e-01 -5.08154519e-02 7.96699643e-01 1.24074209e+00
    1.49760079e+00 -4.22579721e-02 2.28604272e-01 -2.54563987e-01
    1.36965442e+00 5.93396902e-01 2.29848564e-01 7.67335773e-01
    1.59231567e+00 -4.03445870e-01 1.70813012e+00 4.21674877e-01
    -3.27888817e-01 8.75371873e-01 7.51005411e-02 9.09731805e-01
    -8.66544545e-02 -5.01595914e-01 1.25814462e+00 -4.75645393e-01
    7.73437917e-01 7.08142400e-01 1.63465738e+00 1.38447690e+00
    -1.00114726e-01 -2.76933044e-01 -4.87881154e-01 5.29022932e-01
    8.37938488e-01 1.02578712e+00 1.68151319e+00 -2.91535407e-01
    4.49684083e-01 -2.85563409e-01 1.52318060e+00 1.28332543e+00
    9.93900374e-02 1.77609181e+00 1.76133609e+00 1.14125168e+00
    1.91349268e-01 1.08264732e+00 1.13668978e+00 1.44077563e+00
    6.41291082e-01 1.23271728e+00 5.71588874e-01 7.81294346e-01
    -4.56498712e-01 3.57683674e-02 1.83917642e+00 4.09387320e-01
    -3.50750655e-01 -1.21667221e-01 -1.88401639e-01 5.12948215e-01
    1.37973630e+00 -4.60831732e-01 -2.57265300e-01 -6.13286257e-01
    1.27459097e+00 3.62255663e-01 -5.40124290e-02 1.35668254e+00
    3.61163497e-01 1.36312020e+00 9.60685134e-01 1.61850691e+00
    9.00945961e-01 8.60270739e-01 -7.64153481e-01 8.56374860e-01
    -3.31902176e-01 -1.57005832e-01 5.76696634e-01 1.03391182e+00
    1.41793597e+00 1.57258916e+00 7.90449619e-01 -4.22543764e-01
    1.22046006e+00 -6.51213288e-01 3.81018281e-01 -2.18704313e-01
    -7.45088831e-02 1.55658782e+00 8.06050479e-01 1.57291639e+00
    1.54521301e-01 -2.88724244e-01 1.82111275e+00 8.53853226e-01
    7.78464079e-01 -2.00699195e-01 3.08655083e-01 1.85472250e+00
    -6.78139865e-01 1.41806436e+00 -1.78878456e-01 -5.07601857e-01
    -5.56729376e-01 7.37484813e-01 5.01994789e-01 -6.69323087e-01
    -3.87816697e-01 -5.36032617e-01 -3.40841949e-01 -7.15608776e-01
    4.95299436e-02 1.32391608e+00 -3.28139514e-02 1.64821029e+00
    4.58416522e-01 -7.97486067e-01 6.43894255e-01 -7.58898199e-01
    -2.04335049e-01 -1.87931478e-01 9.90601256e-02 6.86688900e-01
    1.48998439e+00 -1.97554827e-01 1.41121101e+00 2.93663174e-01
    9.93508101e-01 1.67999840e+00 1.78952336e-01 1.70549810e+00
    1.74273145e+00 8.90221715e-01 1.54230368e+00 1.11319029e+00
    1.44714594e-01 1.03810620e+00 -6.80828035e-01 2.75896251e-01
    -9.26383771e-03 1.69442022e+00 -5.98577797e-01 1.11706519e+00
    -5.61372399e-01 9.42070365e-01 1.13869376e-01 -2.32773215e-01
    1.54661074e-01 -4.34965044e-01 -5.60963750e-01 9.64439809e-01
    1.42905378e+00 5.18932283e-01 2.62430102e-01 2.48550028e-01
    1.20964837e+00 1.45579457e+00 -3.42260152e-02 9.42048192e-01
    -3.21174085e-01 8.63013044e-02 5.03306806e-01 -2.32579783e-01
    1.52053580e-01 -5.63291609e-01 -7.25150704e-01 7.55656123e-01
    1.32807899e+00 1.20368278e+00 -6.53501332e-01 1.27324772e+00
    -8.10924470e-01 -3.73744458e-01 3.76190573e-01 1.81225076e-01
    6.24988258e-01 1.50776112e+00 -5.17076194e-01 1.44046649e-01
    5.64345539e-01 1.32719541e+00 -5.22651196e-01 -1.36928007e-01
    -6.84739232e-01 2.22886637e-01 7.68949866e-01 1.04910672e+00
    2.71090329e-01 1.17102899e-01 -5.79339266e-01 -6.26931310e-01
    9.65066075e-01 7.04469323e-01 9.33662355e-01 1.14247501e+00
    4.71965000e-02 1.63957059e+00 3.64111885e-02 5.71072698e-01
    -3.50595444e-01 5.58684647e-01 1.82796979e+00 8.92235100e-01
    8.49797010e-01 4.97223675e-01 4.69990909e-01 7.77085662e-01
    7.73375094e-01 -3.74710597e-02 9.80498433e-01 3.57982695e-01
    1.08882105e+00 -7.32383668e-01 -6.83854222e-01 1.26581585e+00
    1.39910674e+00 -8.30414295e-02 -5.79509616e-01 1.02748644e+00
    1.63146985e+00 -7.55629316e-02 -8.72421339e-02 8.61068547e-01
    -4.67962056e-01 1.24028695e+00 1.29766321e+00 -4.40109998e-01
    -5.10196924e-01 9.60552618e-02 -9.78648067e-02 7.89701998e-01
    1.38980591e+00 9.10168529e-01 -7.97852755e-01 -9.08845246e-01
    -2.80580282e-01 7.11616948e-02 9.78777707e-01 1.00376499e+00
    -5.71616828e-01 4.44142699e-01 -3.83658111e-01 4.35435444e-01
    9.52747762e-01 9.46972430e-01 2.68050969e-01 1.09086037e+00
    1.67848945e+00 5.49306989e-01 5.54971933e-01 -5.38583219e-01
    5.77714622e-01 1.26073623e+00 5.50517201e-01 1.50996363e+00
    -4.63585615e-01 -5.47494769e-01 1.97093046e+00 8.32313657e-01
    7.70714998e-01 5.37014306e-01 1.02594197e+00 1.28047109e-01
    1.60046434e+00 2.35973775e-01 1.17383385e+00 1.37561786e+00
    -4.50692803e-01 -3.52633506e-01 1.45877099e+00 -3.71829540e-01
    1.72707021e+00 1.27992344e+00 -7.60812223e-01 8.98292601e-01
    3.80704820e-01 7.83520103e-01 1.34956467e+00 1.30944121e+00
    4.19334978e-01 1.18984997e-01 8.06536674e-01 -2.73494631e-01
    6.78292632e-01 1.40405858e+00 5.46797097e-01 1.69054031e+00
    5.82766593e-01 -2.92799622e-01 1.39202869e+00 -6.78061068e-01
    1.14555335e+00 4.62386101e-01 7.18966424e-01 1.47330165e-01
    1.64789963e+00 4.69178975e-01 1.76627383e-01 2.30848685e-01
    2.88020760e-01 1.12698162e+00 1.36638880e+00 1.37291801e+00
    9.53632295e-01 -8.42417702e-02 -2.23259971e-01 1.02705550e+00
    -3.02958697e-01 8.44940901e-01 -3.07742774e-01 6.47150993e-01
    8.80688071e-01 1.61606848e+00 6.06719136e-01 1.77440846e+00
    -3.47171217e-01 -5.34629345e-01 2.09661618e-01 8.62055719e-01
    -6.66698635e-01 5.35565734e-01 5.90751767e-01 -7.29829967e-01
    1.58159959e+00 1.07537818e+00 3.38066041e-01 5.19521654e-01
    2.05178604e-01 -5.13879240e-01 1.56738269e+00 1.04153097e+00
    -3.49418759e-01 7.49215484e-01 1.96604639e-01 2.55176753e-01
    -1.99268848e-01 2.11829543e-01 8.60652864e-01 1.77011621e+00
    7.30776906e-01 -2.20402658e-01 6.45079017e-01 -6.86891600e-02
    -1.80202618e-01 1.82720554e+00 -9.93798114e-03 8.33907425e-01
    -6.70112729e-01 -5.21180741e-02 4.15694237e-01 -3.82559955e-01
    -4.93851364e-01 -6.21230900e-01 6.29812837e-01 1.88243854e+00
    2.42141828e-01 7.45044708e-01 -6.16395831e-01 7.43303955e-01
    5.55970371e-01 1.65230179e+00 1.54462075e+00 8.82464707e-01
    7.31632829e-01 5.42644203e-01 9.25553381e-01 1.70319438e+00
    7.84737229e-01 1.68694580e+00 -4.37465429e-01 1.79842913e+00
    -6.27735317e-01 1.53579807e+00 -1.99426800e-01 7.03936636e-01
    -3.75987440e-01 1.96473524e-01 9.62797523e-01 2.13659301e-01
    -4.35388327e-01 -1.65520698e-01 -6.85848966e-02 6.07324615e-02
    1.18759370e+00 -8.19013834e-01 2.27419704e-01 7.22160161e-01
    7.33879030e-01 2.66523603e-02 6.44985139e-01 -2.41386101e-01
    2.60902315e-01 5.03656864e-01 1.24290800e+00 -4.37835693e-01
    8.55684638e-01 -1.52806297e-01 2.54976004e-01 1.99536495e-02
    1.49396646e+00 -7.52373755e-01 3.87271672e-01 1.19721353e+00
    -5.36405206e-01 1.83982551e+00 1.81407189e+00 1.50653219e+00
    -2.90572941e-01 4.36772764e-01 9.98459935e-01 1.03097951e+00
    2.25558296e-01 1.46298039e+00 6.98459029e-01 -2.64812857e-02
    -2.45622486e-01 1.70346749e+00 -2.82766908e-01 1.34069991e+00
    -4.56414670e-01 5.06847680e-01 7.29693353e-01 1.06903303e+00
    5.51609397e-01 9.90168810e-01 1.48689628e+00 7.37312317e-01
    1.54203987e+00 -4.48716730e-01 3.53040934e-01 1.39843667e+00
    3.81190062e-01 1.73641384e+00 2.03487530e-01 1.06779826e+00
    2.53941745e-01 -2.73910612e-01 -3.80277067e-01 1.79012382e+00
    -4.63758975e-01 1.13389917e-01 -6.38381541e-02 1.38520944e+00
    8.25401843e-01 -5.30022204e-01 1.11326826e+00 9.76088166e-01
    1.33101845e+00 5.08060493e-02 5.39106727e-01 6.41752779e-01
    5.73040187e-01 -5.78043997e-01 1.10514390e+00 -5.21581113e-01
    1.33124363e+00 -3.87710035e-01 8.90833139e-01 1.77414525e+00
    -5.99343002e-01 1.02641571e+00 1.46069241e+00 3.46047640e-01
    3.29125434e-01 -1.82880089e-01 8.87273967e-01 1.80010056e+00
    -6.09967351e-01 1.66444910e+00 4.56445128e-01 1.56630874e+00
    -7.13763833e-01 1.53634715e+00 7.31000781e-01 9.71532106e-01
    6.59060836e-01 1.58446777e+00 -3.70755911e-01 -5.47960043e-01
    9.19274807e-01 5.65287828e-01 -6.94478512e-01 1.55887878e+00
    -4.00272012e-03 -2.79707044e-01 -1.53094530e-01 -1.96885154e-01
    -5.38195409e-02 -2.48185545e-01 -3.80824506e-01 7.41293788e-01
    2.68013239e-01 1.26116478e+00 1.19482160e+00 1.02409303e+00
    1.33864355e+00 4.71411720e-02 -5.15087605e-01 2.44881347e-01
    8.89639556e-01 1.20434962e-01 1.00170588e+00 -1.09944046e-01
    -7.66661108e-01 1.56208456e+00 7.31935978e-01 -2.73647070e-01
    8.85662675e-01 2.06382799e+00 6.04117930e-01 6.12911224e-01
    -4.20307927e-02 1.34637225e+00 4.61712241e-01 -3.34374845e-01
    7.58172274e-01 1.25849974e+00 -2.81173408e-01 -4.27084267e-01
    8.40799585e-02 3.07561159e-01 3.70465189e-01 1.03820600e-01
    -6.20410144e-01 1.53042257e+00 -1.13959238e-01 1.11285079e+00
    3.71490121e-01 1.09008861e+00 -1.97717488e-01 1.32340109e+00
    -5.50318897e-01 1.56276846e+00 -5.90575457e-01 1.73441792e+00
    -6.86892211e-01 -5.76399490e-02 -6.56842351e-01 -1.76981226e-01
    -5.69483340e-01 1.12624109e+00 -4.16649371e-01 7.49148428e-01
    1.42644227e+00 5.96776307e-01 -1.78843841e-01 8.73899639e-01
    2.84779340e-01 -4.75327849e-01 2.16959685e-01 9.51747239e-01
    1.05166078e+00 -4.84003514e-01 -2.31349811e-01 8.38845491e-01
    4.56622809e-01 -1.66550763e-02 1.25491667e+00 -6.73389673e-01
    5.78994215e-01 -3.53099704e-01 1.62572181e+00 1.22661793e+00
    -9.58606824e-02 -7.18033075e-01 1.65214050e+00 1.58230402e-02
    9.77051377e-01 -8.69156361e-01 -1.64177090e-01 1.56729400e+00
    4.82793182e-01 1.74043286e+00 -6.04400933e-01 -5.01664817e-01
    4.45526153e-01 7.15528369e-01 5.56333475e-02 9.05604482e-01
    5.32022655e-01 1.34561157e+00 1.26142395e+00 -1.16709061e-01
    2.97669798e-01 1.38443589e+00 1.45972407e+00 1.18021202e+00
    -4.21100765e-01 1.37535548e+00 -1.03102721e-01 -4.38722223e-01
    6.80681348e-01 5.82600534e-01 7.59866893e-01 4.92787093e-01
    5.60428798e-01 1.69187069e+00 9.33587313e-01 1.03717709e+00
    1.25613344e+00 -5.33135474e-01 -3.20632130e-01 -1.50933549e-01
    -3.85792106e-01 1.67531681e+00 3.25200766e-01 -1.41077805e-02
    -1.46014467e-01 2.28780985e-01 -6.78029180e-01 9.57275391e-01
    -5.67020595e-01 1.10341060e+00 -5.44765815e-02 -5.63843787e-01
    1.11215103e+00 1.04196593e-01 -5.97968042e-01 5.85199535e-01
    -4.64275509e-01 -3.01304162e-01 1.25896677e-01 1.83536276e-01
    7.64055789e-01 1.03127122e+00 1.20436084e+00 1.05423939e+00
    1.68438601e+00 -5.72462499e-01 3.86571199e-01 1.50303125e+00
    -9.05888304e-02 5.23181677e-01 1.25685799e+00 -3.76953930e-01
    1.78881317e-01 2.83538699e-01 1.08076751e+00 1.59429967e-01
    -2.36459207e-02 8.31249297e-01 7.28299439e-01 -8.76782894e-01
    4.72987860e-01 1.16794944e+00 -3.92134607e-01 -4.76751365e-02
    6.06373191e-01 5.36689103e-01 5.44927776e-01 1.06130886e+00
    2.57342994e-01 3.92249525e-01 -2.66773790e-01 9.63095605e-01
    1.38998151e+00 3.95612687e-01 2.47855201e-01 -1.50767297e-01
    -4.60900605e-01 -7.21169591e-01 1.18470681e+00 1.38964081e+00
    9.38148260e-01 4.36058670e-01 5.16671479e-01 1.09593213e+00
    1.40704203e+00 8.77867222e-01 1.25977039e+00 -2.85956800e-01
    -1.24328144e-01 1.79202759e+00 8.51507366e-01 -4.72458512e-01
    7.65987873e-01 1.38247776e+00 8.26547861e-01 6.58983350e-01
    1.42690778e+00 1.31674349e+00 4.75372881e-01 5.38412571e-01
    3.80560458e-01 4.82721061e-01 5.14995337e-01 8.13735962e-01
    -7.53015280e-01 8.95443380e-01 7.67741084e-01 8.25944245e-01
    -5.03081381e-02 1.66311133e+00 -3.38207453e-01 8.14300701e-02
    4.84537333e-01 5.47701240e-01 8.74373093e-02 7.07512856e-01
    3.48932415e-01 -5.41652560e-01 6.35660529e-01 -8.96244466e-01
    1.64645755e+00 1.41229165e+00 -4.33184147e-01 8.68108094e-01
    1.21776116e+00 5.38785994e-01 -4.87346649e-01 1.41913608e-01
    9.70864594e-01 6.27085626e-01 -1.31161019e-01 4.06253874e-01
    -5.74438035e-01 5.40232122e-01 -9.43042040e-02 7.95010924e-01
    -5.59382915e-01 1.58784389e+00 1.63225138e+00 4.46622849e-01
    6.37518615e-02 -7.39536807e-02 1.06031609e+00 3.07114989e-01
    1.44192767e+00 9.51063931e-02 6.52176976e-01 1.60002923e+00
    -5.04348993e-01 -8.12623873e-02 8.20810258e-01 1.67483604e+00
    1.58910000e+00 1.08866608e+00 1.06318676e+00 1.25926363e+00
    7.48594105e-01 2.23113894e-01 3.71514678e-01 1.56337821e+00
    1.32576215e+00 4.03888375e-01 4.08980101e-01 -7.92296827e-01
    1.52288109e-01 1.11056142e-01 1.17085159e-01 -6.65652275e-01
    1.49851632e+00 1.58531785e+00 5.84039271e-01 5.13118088e-01
    2.47884050e-01 1.58527100e+00 4.35051844e-02 1.08818185e+00
    -3.23347040e-02 1.59087789e+00 3.78271081e-02 1.40479887e+00
    -1.61276236e-01 -4.16934550e-01 -4.53089088e-01 1.77432907e+00
    7.00196326e-02 1.56212866e+00 1.61817777e+00 9.50873852e-01
    5.88184476e-01 -2.33209312e-01 -3.15470397e-02 1.31838048e+00
    -3.49986404e-01 8.43636109e-04 8.59319150e-01 9.02818799e-01
    9.44758058e-01 9.45380151e-01 -1.80787221e-01 2.91552544e-01
    5.12926579e-01 -5.30278146e-01 2.75292397e-01 2.42578566e-01
    6.63184881e-01 6.64822042e-01 -2.06257105e-01 1.24069107e+00
    5.19883633e-01 -1.75222922e-02 7.23866820e-01 -8.33228230e-01
    1.25616300e+00 1.63253927e+00 7.65568495e-01 1.14392018e+00
    2.85212189e-01 -3.06132019e-01 7.52654254e-01 -1.21007711e-01
    9.41465855e-01 6.06532395e-02 -7.41219297e-02 -8.24036658e-01
    -6.84923053e-01 -5.36567688e-01 -5.97519994e-01 -8.35039377e-01
    -4.33826536e-01 2.40097553e-01 3.67988080e-01 1.59424114e+00
    9.95843947e-01 1.71603024e+00 1.26567590e+00 -5.33553720e-01
    1.33089042e+00 -8.01535249e-01 8.47622275e-01 -7.87156045e-01
    7.85088241e-01 5.44216454e-01 2.87133485e-01 1.69897342e+00
    8.90967548e-01 5.78840017e-01 1.23821819e+00 -5.13482928e-01
    3.26365582e-03 1.26918459e+00 1.10679245e+00 -2.65843719e-01
    1.41868979e-01 9.90691781e-01 3.83702606e-01 1.55747271e+00
    -7.77442515e-01 1.35037231e+00 1.24662966e-01 5.56257308e-01
    4.10069048e-01 8.34554911e-01 -4.22306985e-01 4.38964456e-01
    -2.03048717e-02 1.62678266e+00 8.78963411e-01 5.06003022e-01
    5.83964527e-01 -5.37036300e-01 4.44162399e-01 6.00874603e-01
    -1.25307411e-01 -3.53147566e-01 1.10896695e+00 -7.58383512e-01
    1.52009106e+00 1.36449802e+00 1.14375961e+00 1.72345090e+00
    -2.72616178e-01 1.62702096e+00 7.09326446e-01 1.11091685e+00
    1.74794233e+00 -4.85731453e-01 8.96013141e-01 1.29235351e+00
    7.98825264e-01 1.30983543e+00 1.39451516e+00 1.26255250e+00
    1.07420290e+00 7.61182904e-01 2.46944148e-02 7.25822985e-01
    -2.95863956e-01 -5.66787660e-01 -2.04972938e-01 1.26281691e+00
    -3.07880133e-01 7.77192712e-01 1.16880655e+00 -5.04188538e-01
    1.62131357e+00 1.58572209e+00 1.86895049e+00 -6.05941236e-01
    1.17679393e+00 1.13700539e-01 2.43415117e-01 1.31021905e+00
    1.74267054e+00 1.13330770e+00 8.54108572e-01 8.86972904e-01
    -1.96273237e-01 1.22984685e-01 1.77678168e+00 5.98096728e-01
    1.51637256e+00 -2.13170633e-01 9.43591595e-01 1.04747713e+00
    -1.47657827e-01 1.63581777e+00 2.62643665e-01 1.44722509e+00
    -5.54036021e-01 1.80885971e+00 -1.30349040e-01 -3.88956338e-01
    1.83232749e+00 3.05100560e-01 4.48055804e-01 1.50546145e+00
    -2.07724079e-01 6.33203924e-01 7.95724094e-01 3.42804909e-01
    1.72187150e+00 -4.44224447e-01 -8.32578897e-01 -1.01793833e-01
    -1.66261896e-01 -7.32421637e-01 1.58026242e+00 -2.32054908e-02
    -5.70113242e-01 8.52563798e-01 1.74543715e+00 9.16523874e-01
    -2.33491156e-02 1.37691271e+00 1.79673684e+00 1.44746673e+00
    6.45644605e-01 2.87622333e-01 1.09577048e+00 -1.44856572e-01
    2.20497534e-01 4.19484317e-01 1.22843909e+00 3.06472987e-01
    1.18379927e+00 1.72661316e+00 -5.35983026e-01 -6.41789734e-01
    -2.60383874e-01 1.66787672e+00 2.88971037e-01 2.63628662e-01
    1.19361269e+00 6.68817818e-01 -4.96036023e-01 1.13196403e-01
    9.26977932e-01 7.19921768e-01 1.51701784e+00 1.09960032e+00
    6.51797771e-01 1.70589805e-01 6.57597423e-01 3.21911722e-01
    -3.48755628e-01 -1.87378839e-01 -6.13724113e-01 9.26057637e-01
    -5.06736577e-01 2.62155265e-01 2.17506494e-02 1.70983291e+00
    -7.21374929e-01 -2.31459700e-02 -8.58428538e-01 1.16867155e-01
    8.81696224e-01 3.91348839e-01 -4.04349059e-01 8.67778897e-01
    9.00616646e-01 8.35408688e-01 1.56603777e+00 1.21371305e+00
    5.49795330e-01 1.45500851e+00 -5.32958686e-01 1.62115812e+00
    -6.99829400e-01 2.47934327e-01 1.67262495e-01 8.59685361e-01
    4.61371690e-01 2.02062167e-03 5.40905774e-01 1.80713534e+00
    1.72145236e+00 -4.28731531e-01 5.18531024e-01 1.69868505e+00
    8.86248231e-01 1.42237484e+00 9.51358199e-01 7.37296700e-01
    1.25293469e+00 -6.56925261e-01 1.50691640e+00 2.87080824e-01
    7.48207986e-01 -7.43961930e-01 -6.69550598e-01 1.33495045e+00
    2.04045102e-01 -3.02212477e-01 -3.56632799e-01 1.32138395e+00
    -3.05636853e-01 -7.67001286e-02 4.95863527e-01 1.65644014e+00
    5.16555607e-01 9.99053538e-01 5.72087526e-01 1.51855573e-01
    2.14601666e-01 1.64380157e+00 -5.16851306e-01 1.29523015e+00
    -3.57682765e-01 -3.92504960e-01 8.10852349e-01 -2.85131186e-01
    1.87910460e-02 4.80991691e-01 1.83546078e+00 7.13176847e-01
    2.49736577e-01 4.67035994e-02 6.99486673e-01 6.79769039e-01
    -8.43749419e-02 1.36906135e+00 1.43368793e+00 6.50679410e-01
    1.54524338e+00 7.48223543e-01 -2.46997938e-01 1.41979432e+00
    8.95345628e-01 1.23285520e+00 7.44926095e-01 7.51734823e-02
    1.57980537e+00 6.24411702e-01 1.01151609e+00 1.36868107e+00
    -7.48473883e-01 1.48612142e+00 -1.17725484e-01 8.86535645e-01
    8.49724948e-01 -7.26602852e-01 3.16938728e-01 -3.70457917e-02
    9.85685885e-01 2.78843641e-01 -2.98117213e-02 1.43046129e+00
    -7.90174901e-01 -4.12262619e-01 -3.05484772e-01 -3.13396513e-01
    3.86532664e-01 3.64475995e-01 1.14067876e+00 1.84790146e+00
    6.70773506e-01 9.56035256e-01 5.25867581e-01 -4.00297314e-01
    2.99659818e-01 1.30029261e+00 -8.14828128e-02 -1.53318956e-01
    1.76327813e+00 1.68161917e+00 -3.62905145e-01 9.19153869e-01
    3.87190282e-01 9.92595673e-01 -3.28043520e-01 2.88399547e-01
    5.61493099e-01 -6.14666522e-01 -3.07519615e-01 -2.62060195e-01
    1.06358087e+00 1.20259345e+00 1.67275071e+00 5.43233871e-01
    -4.83781129e-01 1.67139959e+00 1.66308534e+00 6.73958123e-01
    5.10608256e-01 3.83125812e-01 -1.10104166e-01 8.69147301e-01
    7.44420588e-01 -6.96749747e-01 1.26957166e+00 5.51506698e-01
    -1.71807572e-01 1.27721786e-01 2.48538777e-01 1.43577659e+00
    -1.38259515e-01 1.66367650e+00 1.24460816e-01 7.95277674e-03
    -3.68197054e-01 5.27866900e-01 -5.68240464e-01 1.18004215e+00
    -5.47749437e-02 8.99201751e-01 3.78009111e-01 1.75426221e+00
    1.03921390e+00 1.55113637e+00 5.34248769e-01 -1.39776155e-01
    2.85251290e-01 5.65605164e-01 1.49395013e+00 -5.33266306e-01
    -6.54274225e-02 1.57690823e+00 -5.58649361e-01 2.02189311e-01
    6.94786608e-01 1.36614025e+00 1.75645292e+00 -3.65249664e-01
    1.01638782e+00 -2.39029199e-01 1.72184801e+00 1.00532424e+00
    7.23811507e-01 1.05026937e+00 -8.30346286e-01 7.60833859e-01
    1.36596227e+00 1.11818385e+00 -1.97819635e-01 1.39942849e+00
    1.68566358e+00 -4.55289215e-01 5.71788311e-01 1.64182842e+00
    1.64711237e+00 -3.07229906e-01 -4.45265114e-01 -3.35502118e-01
    7.20633090e-01 1.57125545e+00 -3.97350281e-01 1.75673425e+00
    7.22060800e-01 1.09150517e+00 1.32956147e-01 6.60865068e-01
    -8.32317412e-01 -7.81919599e-01 4.34511095e-01 1.01865339e+00
    -6.19667768e-01 -2.26415813e-01 -1.73319444e-01 5.95656157e-01
    4.31915335e-02 4.25185770e-01 -2.28631496e-01 1.67472756e+00
    6.93554580e-01 -5.62260687e-01 9.31035995e-01 1.50868654e-01
    3.51506233e-01 8.69122863e-01 -5.58862031e-01 -4.78509553e-02
    1.73353136e+00 4.23377126e-01 -3.27500820e-01 6.78758025e-01
    -1.62062600e-01 3.34917903e-01 -5.12260236e-02 -8.28095824e-02
    6.58596039e-01 4.56306070e-01 1.78722954e+00 7.46313870e-01
    2.73384422e-01 -5.70614040e-01 6.95017934e-01 1.00901723e+00
    6.63317204e-01 1.45251620e+00 6.22881241e-02 4.50314760e-01
    1.63369036e+00 -3.91387820e-01 1.21953583e+00 2.46325269e-01
    1.27618062e+00 8.74689996e-01 1.13991177e+00 -5.89562178e-01
    1.43559301e+00 5.55396497e-01 1.68668282e+00 1.37181234e+00
    4.72664982e-01 1.36259162e+00 1.48230946e+00 1.56874228e+00
    1.21988738e+00 -3.18516910e-01 6.09126270e-01 6.58528805e-01
    5.01157939e-01 1.12290943e+00 1.62930048e+00 -2.64560938e-01
    1.15752101e+00 -2.52759457e-01 -2.68027425e-01 1.17914951e+00
    7.10416615e-01 -3.83272827e-01 1.01055562e+00 -7.02933073e-01
    1.18140888e+00 7.00573623e-01 1.32653153e+00 1.20786500e+00
    1.76479483e+00 4.76464361e-01 -6.23433352e-01 1.51955262e-01
    -4.49894577e-01 1.75585496e+00 1.40506363e+00 -2.38360673e-01
    1.45434487e+00 5.88263094e-01 1.95907474e-01 1.84227124e-01
    7.74940252e-01 -5.30220330e-01 -2.23941505e-02 -1.67374998e-01
    1.27826869e-01 1.73620772e+00 -1.84234381e-01 -1.93805933e-01
    1.17428863e+00 -7.29270935e-01 5.66300154e-01 -1.19893521e-01
    1.07739650e-01 7.48124719e-01 1.31437027e+00 3.58189970e-01
    2.03011465e+00 3.54001105e-01 1.24464607e+00 1.46861446e+00
    1.00017560e+00 1.82577419e+00 2.93456197e-01 8.90807509e-01
    1.55382347e+00 3.05093855e-01 1.29991382e-01 -2.96122044e-01
    1.86466312e+00 2.05137476e-01 3.69191051e-01 1.40653241e+00
    8.11427295e-01 7.43503869e-01 3.27762723e-01 1.18515384e+00
    1.56015909e+00 -3.67261708e-01 1.69275463e+00 9.12748694e-01
    1.14037490e+00 -5.23557007e-01 1.64722764e+00 -6.71259046e-01
    1.38428795e+00 7.15347588e-01 5.27495682e-01 -2.43059933e-01
    2.80406147e-01 -2.91557729e-01 9.31958616e-01 -4.70588356e-01
    1.76707208e-01 1.67168224e+00 1.42749703e+00 1.36088228e+00
    1.59736252e+00 7.66748548e-01 1.08252048e+00 1.52581191e+00
    1.61130154e+00 -4.41731155e-01 1.95481241e-01 1.34258807e+00
    2.03544766e-01 -6.86120093e-01 1.36668694e+00 -6.59755528e-01
    -3.59685719e-01 -6.92207754e-01 8.55679587e-02 8.43322203e-02
    1.05057430e+00 1.61498106e+00 1.18533659e+00 4.77093875e-01
    6.00752652e-01 -2.89698452e-01 1.63341773e+00 9.90158737e-01
    -4.25023437e-01 -2.29568392e-01 1.40500462e+00 1.18123484e+00
    1.25505316e+00 8.62759531e-01 6.34544641e-02 7.65849650e-01
    -1.18956737e-01 1.16498208e+00 -5.99139452e-01 -6.12481356e-01
    -7.71228731e-01 1.84075427e+00 1.15609968e+00 1.35450947e+00
    -3.42479825e-01 -7.59482920e-01 1.04962456e+00 1.46922219e+00
    1.44066155e+00 1.16025007e+00 1.33774161e+00 3.78964581e-02
    -2.01841742e-02 6.14122152e-01 -6.87272906e-01 1.73596752e+00
    6.73423886e-01 -8.32503438e-02 1.78937197e+00 3.45021814e-01
    -6.65516675e-01 -3.73700291e-01 7.64171541e-01 1.39325666e+00
    2.09860370e-01 -6.54702485e-01 1.24847628e-01 1.58404231e+00
    1.14467174e-01 -7.34376907e-01 -2.75597125e-01 5.13806581e-01
    8.41391027e-01 -7.76053846e-01 1.11841452e+00 -2.86249012e-01
    1.60709143e+00 1.33360744e+00 1.48827851e-01 -6.52392507e-01
    6.47047222e-01 -5.82182944e-01 3.85443211e-01 1.81435931e+00
    1.18644631e+00 1.76323998e+00 -4.67329711e-01 1.24475405e-01
    7.57846653e-01 6.71630979e-01 7.35136688e-01 -4.53744739e-01
    1.13547921e+00 1.43304241e+00 4.36513841e-01 1.44306958e+00
    1.15870774e+00 -2.88086236e-01 -5.45398116e-01 6.04303896e-01
    1.75885499e+00 1.37588668e+00 -3.79148394e-01 8.04754078e-01
    1.60484993e+00 1.23812973e+00 1.06886292e+00 1.35110080e+00
    -2.38983765e-01 -3.58711272e-01 1.52804539e-01 -2.24217162e-01
    -5.99824011e-01 4.10652936e-01 3.39779943e-01 1.31291792e-01
    1.29843628e+00 -1.88633800e-02 1.39213789e+00 1.35959721e+00
    1.06828582e+00 1.47088003e+00 1.22866642e+00 2.44790733e-01
    1.94054097e-01 8.96297872e-01 1.70304573e+00 3.94306213e-01
    9.33060110e-01 7.14970827e-01 1.01657951e+00 -6.95460618e-01
    -2.55999237e-01 -4.37823683e-02 8.01155388e-01 -6.61035180e-01
    -4.74889249e-01 4.68016714e-01 -5.83018661e-01 -7.64518917e-01
    5.17081618e-01 -3.32141131e-01 1.00517976e+00 -2.33070642e-01
    7.29165018e-01 2.87406296e-01 -1.28014125e-02 1.04440713e+00
    -1.33473724e-01 -7.48595357e-01 9.13464069e-01 1.44773674e+00
    8.37051451e-01 1.62729931e+00 1.32245111e+00 -8.07146609e-01
    -5.87003648e-01 -8.19342554e-01 -5.74831031e-02 4.84964281e-01
    1.09831059e+00 -3.52789104e-01 7.78507829e-01 -8.22061062e-01
    1.69486499e+00 1.10359780e-01 -1.32557303e-01 1.73682475e+00
    1.15365922e+00 4.28281426e-02 7.02615023e-01 -2.10242569e-01
    2.30942696e-01 9.24465299e-01 1.12521493e+00 7.11126551e-02
    1.43698454e+00 2.72984564e-01 1.46678722e+00 1.72632053e-01
    3.31707805e-01 6.77665234e-01 -8.97793412e-01 1.64152682e+00
    2.43241221e-01 1.27153409e+00 -4.04902063e-02 1.55029213e+00
    5.94602823e-01 1.24842823e+00 1.04849541e+00 -8.01430821e-01
    -5.18356383e-01 6.28372312e-01 1.46380067e+00 -4.42933261e-01
    9.69109535e-01 -3.34062457e-01 3.89904618e-01 1.28821409e+00
    -7.27391422e-01 -1.73929051e-01 5.29965162e-01 7.56026655e-02
    1.01646650e+00 1.66613925e+00 1.59817922e+00 1.25195050e+00
    1.34213769e+00 1.46029681e-01 5.89679629e-02 1.85152841e+00
    -2.77741373e-01 -3.55536520e-01 -6.26479626e-01 4.10389096e-01
    1.91969192e+00 9.95203704e-02 1.68269312e+00 2.92778820e-01
    6.91550553e-01 1.59117448e+00 -1.02802459e-02 1.65232396e+00
    -6.83206320e-01 1.18232656e+00 1.57293990e-01 5.78465700e-01
    5.47466576e-01 1.02075465e-01 -6.02405190e-01 7.73609281e-01
    1.25700712e+00 4.66765344e-01 7.09739387e-01 7.35251158e-02
    -6.87990248e-01 4.00369346e-01 -6.11472666e-01 6.85504973e-01
    6.04532421e-01 1.30516994e+00 2.89534569e-01 1.09422162e-01
    -5.21579385e-01 7.02688515e-01 -1.78016618e-01 1.36324036e+00
    1.02871966e+00 1.30750418e+00 1.01205267e-01 4.15571749e-01
    4.54660356e-01 1.13556981e+00 -7.96821594e-01 9.76670563e-01
    6.75953984e-01 6.72617495e-01 -1.55765787e-01 1.39280355e+00
    6.08625054e-01 -4.62710708e-01 1.42361248e+00 -1.00849062e-01
    7.56953061e-01 1.10300398e+00 1.83718228e+00 5.33376992e-01
    1.77433670e+00 -1.34673700e-01 4.07030612e-01 1.62968338e+00
    1.06560528e+00 1.48612392e+00 1.19192572e-02 1.66069138e+00
    3.62209260e-01 8.66617262e-01 3.34403038e-01 -1.89554483e-01
    1.09793508e+00 1.47502470e+00 -3.85689288e-01 -3.91421407e-01
    1.15719175e+00 1.56657481e+00 8.44192863e-01 1.00715801e-01
    1.29350114e+00 7.72923589e-01 -5.51041842e-01 1.15626132e+00
    3.25446218e-01 -4.34927106e-01 1.37129998e+00 1.69986808e+00
    -9.39122885e-02 -1.38088629e-01 -3.89753398e-03 1.35971069e-01
    1.00647461e+00 1.46456468e+00 1.53345227e+00 -2.27343336e-01
    1.65626383e+00 -2.86209467e-03 2.94543058e-01 -3.14134508e-01
    7.58206129e-01 1.36796606e+00 2.49317154e-01 6.91265762e-01
    -7.84378171e-01 -5.28265119e-01 1.13982117e+00 -2.00619683e-01
    2.11490452e-01 9.56722736e-01 -4.15354669e-01 9.90775585e-01
    7.98137844e-01 5.21797776e-01 -4.55663323e-01 -7.29698658e-01
    8.10005665e-01 4.23696861e-02 -3.30514729e-01 1.39645207e+00
    5.77005625e-01 -4.83160883e-01 8.26936424e-01 6.60451293e-01
    1.04696703e+00 7.78164804e-01 7.07661033e-01 -7.38305092e-01
    -7.90005550e-02 4.99985904e-01 -3.94472569e-01 1.55207300e+00
    -5.34356117e-01 5.67266583e-01 9.54057515e-01 7.88976371e-01
    1.20743763e+00 1.42594203e-02 8.57698917e-02 -4.72801864e-01
    7.02927053e-01 9.56463754e-01 1.72949159e+00 1.47323465e+00
    -4.28901196e-01 1.40608501e+00 1.27545580e-01 6.40561223e-01
    1.05713625e-02 -7.47267187e-01 -7.28723481e-02 -3.98423284e-01
    1.65908718e+00 7.85128415e-01 1.25819480e+00 1.13628542e+00
    1.41917896e+00 4.77193184e-02 5.28111696e-01 -7.15050995e-01
    9.95381653e-01 -5.61878741e-01 1.87821484e+00 -1.62240148e-01
    -7.83456385e-01 -1.65094450e-01 1.73277140e+00 -4.99346137e-01
    6.62486553e-01 1.32294428e+00 2.54096031e-01 7.25572705e-02
    6.81554914e-01 7.13770270e-01 1.81343839e-01 1.54861820e+00
    -7.76564300e-01 -8.43979716e-01 -5.48012555e-01 -6.31895781e-01
    -4.79514480e-01 9.31254983e-01 5.15076101e-01 9.96285617e-01
    5.15630603e-01 8.65130007e-01 1.13446605e+00 1.77227986e+00
    5.07231772e-01 5.05135894e-01 1.78159547e+00 3.24483156e-01
    -2.39020407e-01 9.39366400e-01 3.05122703e-01 -3.83817941e-01
    -2.27058530e-01 -3.93030308e-02 1.16306365e+00 4.13900793e-01
    2.16577932e-01 7.78307080e-01 -6.81784570e-01 -4.75816190e-01
    -4.91735607e-01 -8.69392335e-01 1.30191171e+00 1.77881861e+00
    1.59440768e+00 1.70608556e+00 -3.05463612e-01 1.08612728e+00
    4.52466309e-01 7.52792656e-01 1.73843122e+00 9.25504744e-01
    1.06005788e-01 -1.93746686e-01 1.42582119e+00 1.13733530e+00
    9.53620374e-01 -7.86748409e-01 6.83288574e-01 1.31015575e+00
    1.03068328e+00 1.59475696e+00 -4.99604464e-01 8.60136569e-01
    7.54894555e-01 1.25221813e+00 8.94121528e-01 6.57975301e-02
    -5.06172478e-01 -2.76274085e-01 1.24675500e+00 1.37871355e-01
    1.70644701e+00 -2.46994317e-01 9.89156425e-01 -5.73138833e-01
    1.28698325e+00 1.51134682e+00 1.00034535e+00 7.22638428e-01
    -3.73023808e-01 -2.07092836e-02 1.31462860e+00 3.79563868e-01
    7.82064736e-01 4.79739606e-01 6.16574407e-01 3.27036202e-01
    -6.82929814e-01 6.04930937e-01 1.22664213e+00 -1.80871159e-01
    8.12441111e-01 -2.06497118e-01 5.29286444e-01 -2.55665749e-01
    1.26623631e+00 7.78057575e-01 3.63395602e-01 -2.10698858e-01
    1.92430079e+00 7.29281306e-01 -2.87638903e-02 8.79696488e-01
    2.12473488e+00 1.96948147e+00 -5.99252760e-01 6.86260104e-01
    -5.17533600e-01 5.97571909e-01 1.04494739e+00 -2.12187693e-01
    2.69967139e-01 3.43286842e-01 1.49054837e+00 1.70124960e+00
    -1.28433332e-01 1.71716106e+00 1.33091092e+00 2.15822607e-01
    1.85329330e+00 5.05417645e-01 2.85794139e-01 1.28626704e+00
    -9.73330885e-02 1.60240245e+00 1.16030514e+00 1.19699883e+00
    -5.00633895e-01 1.73527205e+00 -3.19413722e-01 9.89867270e-01
    1.35138750e+00 1.46601215e-01 1.80713904e+00 1.13714719e+00
    1.51554298e+00 -8.50282848e-01 -5.10808527e-01 6.93968952e-01
    -1.33993298e-01 -4.88027215e-01 1.39764321e+00 1.61114073e+00
    1.66537917e+00 4.56547402e-02 1.52282834e+00 3.09094012e-01
    2.65315980e-01 1.82566333e+00 -6.98073506e-01 1.66342258e+00
    -2.89887632e-03 -7.44944096e-01 1.88314199e+00 1.66586363e+00
    -1.23118209e-02 1.65852535e+00 -6.82552516e-01 -2.35211790e-01
    8.61766636e-01 -4.78983037e-02 -6.95565283e-01 5.36461174e-01
    1.72132480e+00 7.11899638e-01 1.10940099e+00 -1.42693952e-01
    9.40980017e-03 -3.16094726e-01 5.70487142e-01 -6.09761417e-01
    1.46016836e+00 -3.83086503e-01 1.17144957e-02 -6.79865956e-01
    9.91420269e-01 1.32098630e-01 1.71958208e+00 -6.75690055e-01
    2.72371992e-02 7.90516555e-01 1.61257327e+00 -8.37004960e-01
    6.19138598e-01 4.53324914e-01 1.89774230e-01 2.11315989e-01
    1.12357879e+00 1.49100363e-01 8.97340000e-01 1.59516108e+00
    1.54774809e+00 1.07209575e+00 1.75996089e+00 6.81107104e-01
    1.73341990e+00 -2.04128951e-01 -6.05965257e-02 1.37855566e+00
    1.80410373e+00 1.10790956e+00 2.50637650e-01 -4.97344851e-01
    6.68768108e-01 7.95117259e-01 4.01942991e-03 -6.58486068e-01
    4.91018593e-01 1.85904086e+00 1.63775074e+00 -9.45362225e-02
    1.04186022e+00 1.46408483e-01 1.31583321e+00 3.35023016e-01
    1.41757822e+00 7.11385250e-01 1.61615694e+00 -6.26845300e-01
    -4.22157943e-01 -6.88921928e-01 -7.69244194e-01 -7.89743006e-01
    5.62848866e-01 -5.63980401e-01 5.10428548e-01 8.04619193e-02
    2.06512421e-01 1.36697009e-01 -5.30061066e-01 4.49542552e-01
    -3.83132964e-01 -8.72790720e-03 3.57913040e-02 1.50126588e+00
    1.72834074e+00 9.66172338e-01 4.16541100e-01 -8.05584252e-01
    -3.25647652e-01 -7.81029582e-01 7.30338395e-02 7.00037122e-01
    1.04122436e+00 1.26095057e+00 -7.67758608e-01 -2.93052435e-01
    1.04080665e+00 -1.32520571e-01 -6.26651227e-01 5.10889351e-01
    1.37530613e+00 1.29745030e+00 6.14282072e-01 8.39664698e-01
    1.21607482e+00 -2.54840165e-01 -2.05595896e-01 1.23927855e+00
    1.53107548e+00 5.24598472e-02 -2.95213796e-03 9.02386367e-01
    -5.47360003e-01 -4.38234031e-01 3.07497472e-01 -2.55062103e-01
    7.17653811e-01 7.64155746e-01 1.16492653e+00 1.02650630e+00
    -4.24363643e-01 1.38247228e+00 4.70404088e-01 -2.37118676e-01
    1.10074651e+00 8.50307822e-01 -7.28205800e-01 3.62282284e-02
    6.13093674e-01 1.64098954e+00 -8.69152769e-02 2.54726261e-01
    -4.64968771e-01 1.24399126e+00 4.67168279e-02 4.08063054e-01
    1.51095796e+00 1.35946155e+00 5.62790453e-01 -2.81286985e-02
    1.46133530e+00 4.80861098e-01 -9.14995790e-01 1.47922802e+00
    9.78490472e-01 -8.87274981e-01 1.22885835e+00 -1.18840851e-01
    1.34200847e+00 -5.33811748e-01 1.72133446e+00 6.43041581e-02
    6.43896535e-02 7.94496357e-01 -3.90469015e-01 1.59507895e+00
    -2.35187307e-01 8.19609821e-01 9.69532967e-01 1.23517239e+00
    1.11087620e+00 -5.91694534e-01 1.56655467e+00 4.20162454e-03
    9.34866071e-01 7.06702769e-01 -2.56047100e-01 -1.17027643e-03
    2.88112879e-01 1.44644856e+00 -2.01607779e-01 9.25176516e-02
    -2.90304780e-01 1.45274925e+00 -3.52238417e-02 -1.37368202e-01
    2.93558270e-01 -4.84519340e-02 4.79051650e-01 -6.22222275e-02
    3.59628685e-02 4.32306945e-01 1.22243714e+00 -7.38469839e-01
    1.11690044e+00 1.07692194e+00 1.50638506e-01 6.27462149e-01
    2.60841131e-01 9.82177079e-01 -2.15252042e-02 1.42684770e+00
    -2.17425302e-01 -2.88641989e-01 -6.72092617e-01 -9.79696065e-02
    -1.70333460e-01 1.81965816e+00 5.08812904e-01 -4.52757329e-01
    7.56213188e-01 1.51976395e+00 5.95217466e-01 1.70508003e+00
    1.45479941e+00 -5.75714946e-01 1.92983830e+00 8.15403223e-01
    -3.37651372e-01 3.97803932e-01 -3.36181581e-01 -1.26100615e-01
    7.81914294e-02 1.53686166e-01 1.62797391e+00 -5.18637955e-01
    1.16011429e+00 -5.02830148e-01 -4.01296467e-01 -6.88435912e-01
    1.05551529e+00 -3.80688161e-01 1.50536358e+00 4.87956166e-01
    -7.95620978e-01 9.93499458e-01 -4.73611385e-01 2.68320829e-01
    -6.92546785e-01 1.23976612e+00 1.74619925e+00 -5.71618855e-01
    2.60420442e-01 -5.83513752e-02 -5.56582808e-01 1.33133256e+00
    9.18455601e-01 -8.24301660e-01 1.23753154e+00 5.65415084e-01
    1.64430773e+00 -8.45247149e-01 1.18643796e+00 -3.82485867e-01
    1.43239152e+00 4.51784074e-01 -7.30174631e-02 4.85670090e-01
    6.05417728e-01 1.22783935e+00 8.60662520e-01 1.40846038e+00
    4.26733524e-01 -6.02979124e-01 2.72456169e-01 -6.06164932e-01
    3.27450186e-01 -4.82887924e-01 -7.19108522e-01 2.79648602e-01
    1.53473437e+00 -7.32336462e-01 1.27837300e-01 5.84369302e-01
    -4.36613739e-01 5.16305685e-01 1.61257252e-01 3.65954965e-01
    -2.75594503e-01 -6.65821016e-01 3.21920186e-01 1.42754126e+00
    1.41317034e+00 -6.80169165e-01 2.37825081e-01 3.39696646e-01
    -2.94687092e-01 -4.94234800e-01 1.36762190e+00 -3.47332180e-01
    1.70498562e+00 -3.55321504e-02 5.47701776e-01 1.70216799e+00
    5.75444341e-01 1.04193854e+00 -3.28452736e-01 5.99678993e-01
    9.76418424e-03 4.29584622e-01 -7.89454222e-01 -5.24632573e-01
    -4.80007291e-01 1.52387977e-01 1.46530354e+00 1.63136184e+00
    2.85627097e-01 8.31979215e-01 1.58647156e+00 6.95114315e-01
    3.00748080e-01 1.35809362e+00 2.98667580e-01 7.01817870e-01
    2.59112298e-01 1.42530218e-01 4.66326624e-01 1.59314597e+00
    6.02495730e-01 5.36692619e-01 5.76874495e-01 -1.74902216e-01
    1.02456379e+00 1.43136120e+00 1.55331469e+00 -1.21056028e-01
    -7.38526881e-01 -6.76942408e-01 1.53617346e+00 7.82527849e-02
    -2.75324315e-01 1.28119719e+00 7.15315044e-01 1.76901448e+00
    1.67322505e+00 1.26622331e+00 9.21242058e-01 3.32144722e-02
    -1.28345847e-01 1.82797360e+00 -3.73301715e-01 -4.98198390e-01
    5.93691349e-01 1.75728834e+00 -6.25556290e-01 -6.52407348e-01
    -7.43612468e-01 -5.43534458e-01 5.14899611e-01 1.21810234e+00
    -1.18396491e-01 -8.02292168e-01 6.10641837e-01 1.37549087e-01
    1.49818814e+00 -4.49440181e-01 1.19068706e+00 1.73776305e+00
    4.88769025e-01 1.15618944e+00 -7.29723215e-01 5.68896472e-01
    -1.93158448e-01 6.66415334e-01 6.67320788e-01 -1.17445122e-02
    -1.89353436e-01 3.46434146e-01 1.30475891e+00 1.70261800e+00
    1.66881263e-01 -7.62506127e-01 -3.11905313e-02 -1.26441523e-01
    -6.55425549e-01 -1.23784035e-01 -2.27481455e-01 1.85662463e-01
    5.19453704e-01 1.83035350e+00 -2.02720553e-01 -3.19196135e-01
    9.17337716e-01 4.17430520e-01 3.96087170e-01 1.62562501e+00
    -3.37314159e-01 1.64887702e+00 1.56651986e+00 1.57540762e+00
    1.27046895e+00 9.14667845e-01 1.63964200e+00 4.66550924e-02
    1.25131416e+00 1.36164439e+00 1.82130635e+00 -7.17337430e-01
    1.36834133e+00 1.64367571e-01 1.51207972e+00 -4.42613602e-01
    8.74447286e-01 1.15150738e+00 1.48369360e+00 1.72325921e+00
    1.50366437e+00 1.34614849e+00 9.95409131e-01 1.44959879e+00
    1.46726763e+00 5.03653884e-01 -4.49262887e-01 1.63496554e+00
    -5.56575179e-01 1.46893752e+00 9.36908960e-01 1.99356943e-01
    2.50264406e-01 -5.54526031e-01 3.29518348e-01 -5.49200714e-01
    7.28856981e-01 1.40141642e+00 1.01075554e+00 1.76325306e-01
    1.44194901e+00 -4.56594490e-02 4.74381804e-01 2.75481120e-02
    2.18708321e-01 2.58304298e-01 4.79024440e-01 1.68684852e+00
    -7.02538118e-02 1.26059496e+00 1.08656192e+00 8.06290627e-01
    -7.15675414e-01 2.69077897e-01 1.12270463e+00 3.93337846e-01
    8.05237114e-01 2.14233473e-01 1.63926232e+00 5.16354918e-01
    9.09364402e-01 1.75422692e+00 -5.04983664e-01 1.22763515e-01
    4.53819871e-01 -7.75247872e-01 -1.83373019e-02 1.37852228e+00
    -5.67313969e-01 1.12844324e+00 2.51523763e-01 -7.03962684e-01
    -4.29716557e-01 7.51386225e-01 1.25394499e+00 1.54219735e+00
    -7.93207288e-01 5.01037955e-01 7.10573643e-02 1.04942656e+00
    4.54444289e-01 1.77211750e+00 -4.58261073e-01 7.37515390e-01
    1.92868090e+00 -4.95654255e-01 -9.21717882e-02 1.75505841e+00
    6.27214134e-01 1.71662390e+00 -3.32593709e-01 -4.15245667e-02
    1.49626839e+00 -4.51085627e-01 -1.08020358e-01 -5.20195305e-01
    1.38248479e+00 -1.26843855e-01 -3.37303042e-01 5.22871196e-01
    -2.68557370e-01 2.14548051e-01 2.94597000e-01 9.08066988e-01
    -7.45455086e-01 -6.15805805e-01 -4.58544850e-01 -3.51780534e-01
    1.00660312e+00 1.06588611e-02 4.25064534e-01 9.90793824e-01
    4.29265976e-01 -6.18912399e-01 -8.30828965e-01 1.77580222e-01
    1.73740268e+00 3.25139076e-01 2.21710712e-01 7.71842241e-01
    6.61931157e-01 1.34871721e+00 -5.74182391e-01 1.33078277e+00
    -3.19016099e-01 1.48100674e+00 -3.68787020e-01 1.67437470e+00
    -6.26580119e-01 7.50912905e-01 1.22524059e+00 -5.22574842e-01
    1.62094533e+00 1.27086484e+00 -5.93498582e-03 3.65465075e-01
    -7.39395440e-01 -6.06130421e-01 6.03355110e-01 8.46671879e-01
    1.29420340e+00 1.59762549e+00 2.06006486e-02 1.66094255e+00
    2.07646310e-01 1.04510963e+00 9.01812553e-01 -4.38023329e-01
    1.88294232e-01 -2.49028027e-01 -7.56834626e-01 -1.46832809e-01
    5.60690641e-01 -3.42693090e-01 1.46750522e+00 1.53309643e+00
    3.37964088e-01 1.33577633e+00 3.47254455e-01 -8.09187233e-01
    8.04517448e-01 1.12997603e+00 3.51869315e-02 1.62692249e-01
    1.67015895e-01 -3.73497039e-01 1.27761722e+00 -1.07619897e-01
    1.89732090e-01 1.43855917e+00 -8.02296758e-01 -4.18701172e-01
    -7.23673820e-01 -3.99932295e-01 -1.18744984e-01 -4.70224053e-01
    4.42261726e-01 -3.20949852e-01 -7.05283999e-01 -7.55261898e-01
    2.37964883e-01 1.75680947e+00 2.80298516e-02 -4.19238687e-01
    5.74369252e-01 1.39742002e-01 1.71193647e+00 -2.76978195e-01
    6.11449145e-02 8.29810381e-01 8.00317347e-01 -1.51625453e-02
    1.51944846e-01 -5.47301918e-02 1.22207081e+00 -4.36428875e-01
    1.02511573e+00 9.31711972e-01 4.26294684e-01 1.63642526e+00
    6.05282307e-01 2.25976363e-01 -3.29698652e-01 1.10150349e+00
    8.33871424e-01 4.44928378e-01 1.53232956e+00 1.81401992e+00
    1.76593721e+00 5.21956682e-01 -5.63224375e-01 3.88969988e-01
    1.46107793e+00 1.21399319e+00 1.63056314e-01 7.21116841e-01
    1.04500699e+00 3.90321642e-01 5.70656002e-01 -6.03629887e-01
    2.09904224e-01 -8.11005890e-01 2.50954814e-02 1.51722685e-01
    2.88905445e-02 5.23554832e-02 1.25030267e+00 1.48068905e+00
    1.46979785e+00 1.20290995e+00 4.94215876e-01 1.33661997e+00
    -1.23592541e-01 8.82066846e-01 -2.78388917e-01 1.25167191e-01
    5.32055259e-01 1.43250632e+00 1.03976393e+00 9.53872968e-03
    4.73458916e-01 -4.09525335e-01 6.10905111e-01 2.96358377e-01
    1.30131209e+00 4.33044940e-01 4.37716432e-02 1.26504898e+00
    1.72942209e+00 1.59163094e+00 -4.04190689e-01 1.89654425e-01
    -4.48551476e-02 1.56981635e+00 1.13317645e+00 -1.51904061e-01
    -3.99587065e-01 1.67211854e+00 -4.39838350e-01 -4.44662392e-01
    3.09767097e-01 5.95648307e-03 1.66898370e+00 1.33383334e+00
    -8.02301824e-01 1.76556361e+00 -1.87272683e-01 7.45936036e-01
    -9.54661444e-02 2.96744794e-01 6.34438396e-02 1.67790031e+00
    1.65422142e+00 7.08255053e-01 8.90978217e-01 1.48954555e-01
    1.25164628e+00 8.98646414e-01 1.69169450e+00 -6.47468328e-01
    1.56078219e+00 1.78236142e-01 1.80841482e+00 -3.71527195e-01
    -3.90388072e-01 1.16779685e+00 -1.73474327e-01 1.02503681e+00
    5.61129510e-01 -7.98127115e-01 -4.57196683e-01 6.13013089e-01
    -5.11872292e-01 -7.44116843e-01 1.42408335e+00 -7.03301489e-01
    3.35870892e-01 -2.04147160e-01 6.52723014e-01 1.51238012e+00
    -5.10669649e-01 1.74814129e+00 4.53047752e-01 1.20555973e+00
    8.60402644e-01 1.52136588e+00 5.90165891e-02 -2.13650793e-01
    1.28665042e+00 6.47978783e-01 5.65389752e-01 7.56447554e-01
    -1.32502601e-01 4.70866889e-01 1.15382361e+00 -6.05036974e-01
    3.40216458e-01 7.20138848e-01 9.17758942e-01 -3.85507733e-01
    1.77558982e+00 3.56775641e-01 7.27113128e-01 6.49210453e-01
    1.16131675e+00 8.17583621e-01 7.00512975e-02 -3.55533302e-01
    8.79729509e-01 1.58423269e+00 4.75911438e-01 -7.90903986e-01
    4.27819014e-01 1.15154147e+00 8.40338707e-01 4.43650424e-01
    1.06957495e+00 1.16120839e+00 1.72533464e+00 5.17840207e-01
    -1.39104664e-01 1.30222726e+00 4.58886921e-01 1.87254858e+00
    1.18137896e+00 5.55748999e-01 1.15975189e+00 4.75715637e-01
    -5.69836497e-01 9.62474406e-01 7.69766569e-01 3.81690681e-01
    1.20859039e+00 -7.40018070e-01 -6.37255311e-01 -7.27693141e-01
    1.34953773e+00 3.78045797e-01 -7.56355345e-01 -6.49283469e-01
    6.28568113e-01 4.70086545e-01 -4.96855438e-01 4.24612194e-01
    -3.86491001e-01 1.29221988e+00 1.64715719e+00 4.52559814e-02
    -7.15262353e-01 1.52640855e+00 -7.27351487e-01 1.27291167e+00
    1.09444988e+00 1.61612649e-02 5.51021099e-01 4.83520985e-01
    8.90685022e-01 7.42816210e-01 -6.48618281e-01 1.06609035e+00
    1.79836035e+00 1.78867400e+00 6.91820741e-01 -5.51122606e-01
    1.44333208e+00 5.18626487e-03 1.26508737e+00 1.29847336e+00
    -5.20190358e-01 -1.78319260e-01 -3.61814827e-01 3.13920885e-01
    1.01107848e+00 -3.11272331e-02 7.96573795e-03 1.53974271e+00
    3.49178374e-01 2.09168941e-01 -2.79937863e-01 3.44637215e-01
    9.05488670e-01 1.49771392e+00 6.87887490e-01 1.55662608e+00
    8.14176738e-01 -7.69747615e-01 -3.12275626e-02 -5.47109783e-01
    1.06637633e+00 1.12744689e+00 -9.27590057e-02 4.35003847e-01
    2.79699355e-01 -3.47565055e-01 1.72907877e+00 2.18251824e-01
    1.00376701e+00 5.44269860e-01 -5.21488965e-01 1.69738102e+00
    5.52659392e-01 8.98476601e-01 7.72113860e-01 1.34813094e+00
    1.77359343e+00 1.80427361e+00 -5.50767183e-02 2.66214639e-01
    1.51656079e+00 5.02603762e-02 -2.55309254e-01 1.35676622e+00
    -3.28035504e-01 1.00825417e+00 3.60080302e-02 -5.52366197e-01
    6.74715042e-01 5.45460284e-01 -5.47969528e-02 2.24289492e-01
    1.69843912e+00 1.52350342e+00 -7.11355507e-01 7.74111688e-01
    -7.29300261e-01 -3.63274753e-01 1.78549814e+00 -4.24264491e-01
    1.40963697e+00 7.34340370e-01 1.03778422e+00 1.07585287e+00
    1.23011935e+00 7.19045475e-02 1.31118369e+00 1.00793421e+00
    5.66950180e-02 2.15380043e-02 -4.64308560e-01 1.37179506e+00
    1.44154024e+00 -4.54190224e-01 -7.42453635e-01 -6.25819325e-01
    -4.59752530e-01 1.07984126e+00 1.45421743e+00 8.01481545e-01
    1.91312337e+00 -6.31207943e-01 3.96259189e-01 -2.65957654e-01
    2.29803056e-01 9.53066528e-01 1.79988873e+00 1.73211229e+00
    9.72735763e-01 7.39931390e-02 8.70330751e-01 -4.69353974e-01
    1.46476936e+00 -2.69650906e-01 1.37007332e+00 -6.01885974e-01
    1.49418890e+00 1.45369875e+00 -1.07358724e-01 1.46214485e+00
    1.93511367e-01 1.46491003e+00 -4.76025730e-01 -3.39289129e-01
    -8.18696141e-01 -8.17218304e-01 1.39549124e+00 3.80650461e-01
    5.00157297e-01 4.71368618e-02 -2.10086077e-01 1.45672905e+00
    4.11072880e-01 5.64898908e-01 1.41405249e+00 -5.65630078e-01
    1.00801003e+00 7.30042383e-02 -1.90958291e-01 1.41402468e-01
    7.75744200e-01 9.45349157e-01 1.43452775e+00 1.49927270e+00
    1.60722613e+00 9.28930283e-01 8.62358987e-01 1.29864264e+00
    5.55472970e-01 -9.13464606e-01 -5.18445432e-01 6.52876258e-01
    -4.20767754e-01 7.40937293e-01 1.12526309e+00 1.48511565e+00
    1.41203105e-01 -2.94197589e-01 -3.84420514e-01 5.54372184e-02
    -4.29132462e-01 -7.43081570e-01 -1.72964185e-02 5.53261638e-01
    8.64555061e-01 -7.59682477e-01 1.53307676e+00 -2.88832545e-01
    1.43949103e+00 -2.31165603e-01 9.29130256e-01 -8.24931800e-01
    1.98783442e-01 3.72146755e-01 1.24326193e+00 3.49188566e-01
    1.09130991e+00 9.15255904e-01 -1.28447324e-01 -5.29403031e-01
    4.55384165e-01 -7.63797402e-01 -6.29709303e-01 9.55340564e-01
    -1.40453309e-01 -5.37093030e-03 -7.93980435e-02 1.57245779e+00
    -6.05421007e-01 -3.34951103e-01 5.57757914e-01 -3.56781214e-01
    3.06232631e-01 7.10879028e-01 -3.46916497e-01 -8.57075870e-01
    1.63589072e+00 1.63256407e+00 1.72287655e+00 -3.84564810e-02
    7.77800381e-01 7.27086127e-01 -5.61508179e-01 1.07623804e+00
    3.70635301e-01 -1.53090373e-01 1.17605424e+00 1.36516309e+00
    1.74296093e+00 -6.61056340e-01 7.57085145e-01 3.64540160e-01
    -2.67529428e-01 1.96709502e+00 -4.55441892e-01 9.62136686e-02
    -3.16254944e-01 1.62952220e+00 -6.84922457e-01 5.75083904e-02
    1.53633702e+00 5.47405124e-01 1.53245032e+00 -2.38127895e-02
    -5.10042012e-01 9.66790691e-02 6.61866128e-01 1.01210213e+00
    -1.60747111e-01 1.82377493e+00 -2.37821519e-01 6.23692334e-01
    3.82509232e-01 1.32025445e+00 1.58227593e-01 9.92405415e-01
    7.07797647e-01 -4.21856344e-01 1.38137639e+00 1.61146927e+00
    1.45839083e+00 -3.32598276e-02 8.49207342e-01 1.55683243e+00
    1.17279875e+00 1.61064339e+00 1.10118377e+00 1.16137755e+00
    1.18327153e+00 1.56598043e+00 1.22555614e+00 2.93076783e-01
    1.27014935e+00 -4.67311472e-01 7.87918746e-01 1.46489227e+00
    -5.24486117e-02 1.18069160e+00 -2.39513651e-01 2.92627607e-03
    -4.53110665e-01 2.14529902e-01 -5.95143378e-01 -9.05496329e-02
    9.84979868e-01 4.16348696e-01 5.81321269e-02 -3.74985002e-02
    7.14162290e-01 -1.62986577e-01 7.39501595e-01 -3.83480161e-01
    -3.84090453e-01 -7.39507616e-01 -8.06044638e-01 -6.01349175e-02
    3.14616561e-01 1.77892506e+00 6.55545771e-01 3.98610413e-01
    5.11685431e-01 -6.89641535e-02 -3.71661596e-02 7.10087121e-01
    -1.78905219e-01 1.65254450e+00 4.22417730e-01 3.51599395e-01
    -3.63059975e-02 1.38931990e+00 9.21535268e-02 1.67577040e+00
    3.41377527e-01 -6.87446058e-01 5.14442086e-01 1.15924752e+00
    8.15569878e-01 1.96422741e-01 -1.54133096e-01 -1.14185773e-01
    -5.21434188e-01 1.71582925e+00 7.36736119e-01 3.99931222e-01
    2.71502942e-01 1.80702519e+00 1.53678000e+00 1.32639468e+00
    -6.08413994e-01 -5.01476169e-01 1.05480278e+00 7.34154761e-01
    1.51908338e+00 1.19802928e+00 -5.73512495e-01 1.66958284e+00
    4.37277317e-01 1.41997361e+00 -5.44652641e-01 1.56945848e+00
    -2.55857371e-02 1.23458207e+00 2.14568973e-02 -3.28939170e-01
    6.33000851e-01 1.07527483e+00 -5.48104525e-01 1.81470501e+00
    -4.95350122e-01 -4.25442010e-01 8.15926433e-01 -5.75221479e-01
    1.34497607e+00 -2.22691655e-01 2.28637934e-01 1.10594857e+00
    -7.29603231e-01 -2.16562361e-01 8.44582081e-01 -4.43805397e-01
    1.22366583e+00 7.62052059e-01 9.62626398e-01 -4.31343466e-01
    1.27527606e+00 -6.74336910e-01 4.96478945e-01 1.48097897e+00
    1.55541193e+00 2.98948288e-01 -6.06494486e-01 1.69136930e+00
    1.46780849e+00 -3.67304832e-01 6.34353518e-01 -1.65534183e-01
    3.81020010e-01 -4.41125214e-01 1.03670192e+00 -6.76905036e-01
    -1.32695027e-02 8.90050456e-03 1.42926872e+00 3.30767930e-01
    1.80808365e+00 1.43107665e+00 -7.05544353e-01 1.57124817e+00
    1.10890067e+00 -4.83325213e-01 1.45696068e+00 5.17661035e-01
    5.36263734e-02 8.14793885e-01 1.63789034e+00 1.58489600e-01
    -6.12373650e-01 -2.64162987e-01 5.76607108e-01 1.10100973e+00
    1.52578747e+00 1.36426318e+00 -7.75086164e-01 8.66272271e-01
    9.45866644e-01 1.49148548e+00 8.34806263e-01 2.05791041e-01
    1.59435129e+00 8.99609387e-01 5.82906604e-01 -4.66203056e-02
    -5.68303704e-01 -6.28306985e-01 3.07050467e-01 -2.42267311e-01
    -4.57219899e-01 5.17698050e-01 4.40681875e-01 8.67332757e-01
    7.65974522e-01 1.66938174e+00 1.39924479e+00 1.36960948e+00
    1.19460297e+00 1.48140109e+00 -6.61826670e-01 1.18584883e+00
    1.64402759e+00 6.39387608e-01 1.18297029e+00 1.45149708e+00
    2.99764037e-01 8.98077548e-01 -5.32444715e-01 -7.92811394e-01
    -5.65838218e-01 1.70393217e+00 -3.42307210e-01 -3.57731402e-01
    1.07097507e+00 1.61550045e-01 1.26440370e+00 -2.99961958e-02
    1.16831076e+00 8.05931270e-01 9.48785186e-01 1.19717860e+00
    4.97746654e-02 1.03064239e+00 -2.11364195e-01 1.64241338e+00
    1.41893303e+00 1.13418818e+00 2.84618586e-01 1.72487271e+00
    8.01180243e-01 1.59969306e+00 -2.74956584e-01 3.93810153e-01
    1.22420162e-01 1.63760138e+00 7.17987418e-01 -3.35628480e-01
    4.92021918e-01 1.15676634e-01 -6.01195931e-01 -5.67340016e-01
    -6.01861596e-01 4.00233865e-01 9.15501177e-01 7.24754214e-01
    1.27959478e+00 7.70248711e-01 3.51207107e-02 -4.72251475e-02
    -3.91266286e-01 1.34685326e+00 9.52766240e-01 -2.82266557e-01
    8.72345090e-01 1.08712173e+00 -4.09411550e-01 2.94103444e-01
    6.50511622e-01 -1.72930524e-01 -5.27319372e-01 6.92271113e-01
    2.53070056e-01 1.13177216e+00 -1.00757480e-01 9.45575655e-01
    -2.55682945e-01 -2.94555519e-02 1.66287613e+00 -5.04380204e-02
    1.27140701e+00 1.99520648e-01 2.68358260e-01 1.19252717e+00
    1.17059779e+00 1.84868261e-01 1.50411463e+00 9.07172859e-01
    -6.52515769e-01 1.12622440e+00 1.15794934e-01 4.14586991e-01
    1.43607366e+00 7.49606118e-02 1.38549507e+00 -1.39262244e-01
    4.28076029e-01 -3.74861777e-01 -1.15227804e-01 1.14871192e+00
    6.39367580e-01 1.76987767e+00 2.36240759e-01 9.41970170e-01
    -4.81412947e-01 1.98379278e-01 -1.23483643e-01 1.26448834e+00
    1.58986580e+00 1.30412161e-01 6.05308533e-01 -1.69117391e-01
    -6.31827340e-02 7.53484666e-01 1.21354258e+00 3.38484675e-01
    1.74811471e+00 1.16226900e+00 1.75751492e-01 -8.64396915e-02
    5.98681748e-01 1.83493304e+00 1.56955552e+00 -8.22005033e-01
    -2.02469919e-02 8.53803575e-01 1.67135024e+00 6.00158311e-02
    1.06923366e+00 1.52838445e+00 3.50698113e-01 1.60376215e+00
    1.43945324e+00 -4.76214319e-01 1.74103594e+00 8.89059067e-01
    9.31625903e-01 1.14991462e+00 8.69691014e-01 -2.46852964e-01
    1.48655415e+00 1.61925328e+00 -1.74343944e-01 1.20341313e+00
    -8.55022967e-02 1.73745596e+00 1.53448975e+00 7.61786401e-01
    7.84949303e-01 9.99659836e-01 1.44249570e+00 -4.45656121e-01
    -5.60906053e-01 8.93028736e-01 8.25014949e-01 7.43686616e-01
    4.82961088e-01 1.79933321e+00 1.00117967e-01 1.47189736e+00
    -1.86318681e-02 -4.16990340e-01 3.07414114e-01 9.80794370e-01
    -2.63159759e-02 -5.87063670e-01 1.30018628e+00 5.63788354e-01
    -7.00823665e-02 -2.78042983e-02 -2.88688242e-01 5.84740818e-01
    8.83626461e-01 6.13816440e-01 1.21626389e+00 1.00248706e+00
    2.55148679e-01 -6.20785236e-01 1.65321505e+00 1.35194576e+00
    1.92142880e+00 1.46410108e+00 8.18624794e-01 -2.39874378e-01
    -2.50871060e-03 -7.16676652e-01 5.96675277e-01 1.23877776e+00
    6.92800760e-01 7.32630908e-01 -3.51143032e-01 6.57650709e-01
    1.68401778e+00 1.83455443e+00 -2.95733005e-01 9.32787359e-01
    1.61968574e-01 1.29667139e+00 -4.97513235e-01 1.33529866e+00
    -4.84549373e-01 3.34476382e-01 1.30375731e+00 2.95272291e-01
    1.24496734e+00 -2.98742652e-01 9.46343303e-01 -3.01868558e-01
    -5.53857803e-01 -1.84464112e-01 1.43542802e+00 1.50360167e-01
    1.01201141e+00 1.45064163e+00 -9.82606038e-02 -4.29885238e-01
    -3.39021012e-02 9.93654251e-01 6.78194344e-01 6.90086544e-01
    1.15434837e+00 1.75203943e+00 -4.82786857e-02 5.14460325e-01
    4.49975103e-01 1.43956983e+00 7.10146844e-01 -7.37149894e-01
    -2.21123904e-01 5.93130469e-01 -8.01488012e-02 3.05852890e-01
    -2.99431741e-01 1.10162938e+00 2.54464783e-02 8.65545332e-01
    1.16909735e-01 3.32645625e-01 1.19292068e+00 1.42223907e+00
    5.26257515e-01 1.53675628e+00 -5.37784576e-01 -9.17603150e-02
    4.52032298e-01 1.68551815e+00 6.04707718e-01 9.42269027e-01
    1.35181153e+00 1.21478474e+00 7.54005373e-01 -2.33507633e-01
    9.45081353e-01 1.67214119e+00 3.97750169e-01 1.05526853e+00
    -4.50652033e-01 1.41420066e+00 1.16655326e+00 -4.04567838e-01
    1.05303490e+00 1.45140722e-01 1.01165807e+00 1.53231347e+00
    -3.41928601e-01 -7.23020434e-01 1.27072620e+00 -4.41761523e-01
    9.69733536e-01 -6.84858739e-01 -5.96465409e-01 9.20381486e-01
    4.44256008e-01 -3.39013487e-02 8.89890552e-01 1.09552062e+00
    1.18073392e+00 1.02726901e+00 1.01689911e+00 1.43675134e-01
    4.13568281e-02 5.79762697e-01 6.60356939e-01 1.37270129e+00
    1.55811691e+00 3.43626440e-01 3.92076939e-01 -1.51811883e-01
    8.13100517e-01 8.80012512e-01 6.63842559e-01 -2.83555955e-01
    -2.44089678e-01 7.19974995e-01 2.61523426e-01 1.46168721e+00
    6.15689874e-01 1.70232821e+00 -6.30245447e-01 1.48544657e+00
    1.07834554e+00 5.88391542e-01 1.76599360e+00 -4.36301082e-01
    7.89128840e-01 1.76266623e+00 -1.09190851e-01 7.06747413e-01
    1.35572624e+00 -8.98743033e-01 -5.50416112e-01 1.42754531e+00
    -7.21513107e-02 1.46534872e+00 1.11469662e+00 -8.00900042e-01
    -8.19972515e-01 1.70331776e+00 -4.56031173e-01 1.62611437e+00
    1.46776748e+00 -6.49102092e-01 1.11693430e+00 6.69869363e-01
    5.68999946e-01 6.80480480e-01 1.82802987e+00 1.49288976e+00
    -3.88825089e-01 3.80750060e-01 -3.49641442e-01 3.50834131e-01
    6.12033486e-01 1.39973640e+00 1.31554830e+00 1.28442779e-01
    4.84801382e-01 -4.85347420e-01 1.69347990e+00 1.72815180e+00
    2.63152480e-01 2.79838502e-01 -4.04205203e-01 -2.44797450e-02
    1.15418404e-01 1.77185822e+00 1.93888950e+00 7.98934639e-01
    1.35331833e+00 1.71415222e+00 9.56554353e-01 1.71517575e+00
    7.57108629e-01 -6.58854187e-01 5.84116697e-01 1.79881454e+00
    9.03722227e-01 2.91450322e-01 1.36863053e+00 -1.60881087e-01
    7.94769704e-01 -5.70521712e-01 1.64424360e+00 -4.39344555e-01
    -1.69424176e-01 9.07323539e-01 -4.96179432e-01 -2.24895969e-01
    5.12789845e-01 8.84599805e-01 -6.66026711e-01 8.02703142e-01
    -6.97315574e-01 1.21041226e+00 -5.42677701e-01 3.91472310e-01
    1.17140365e+00 -1.66522134e-02 -5.34537613e-01 -3.50063026e-01
    1.61229908e+00 -7.98383914e-03 -1.19314253e-01 5.77038884e-01
    -6.44460559e-01 2.66353667e-01 1.50200397e-01 -8.16359758e-01
    -5.68563819e-01 1.00085902e+00 1.29539371e+00 -7.76609302e-01
    3.32322299e-01 1.44958293e+00 7.17845857e-01 9.74269331e-01
    1.41994822e+00 3.34426016e-01 1.14776647e+00 1.03749824e+00
    1.74151044e-02 1.54785156e+00 4.95763898e-01 1.42356157e+00
    1.37672627e+00 7.17466772e-01 1.77256274e+00 1.77230930e+00
    1.61683226e+00 -2.83628494e-01 1.78735411e+00 1.89525032e+00
    9.77142453e-01 1.24710214e+00 -7.79491484e-01 -6.86338603e-01
    5.54324746e-01 -2.69245356e-01 5.81509061e-02 1.77735102e+00
    9.82763767e-01 -8.31896603e-01 -1.34772286e-01 1.35567403e+00
    1.07950956e-01 -1.97712049e-01 1.04647374e+00 1.59892678e+00
    9.00195003e-01 1.35287344e+00 3.50137442e-01 8.79915953e-02
    3.65500003e-02 -6.51229858e-01 1.87938368e+00 -3.49283129e-01
    1.98521391e-01 4.88279849e-01 6.20138288e-01 -6.64370060e-01
    1.81575954e+00 -4.80938315e-01 1.87481892e+00 4.82556671e-01
    -1.91421285e-01 4.57702219e-01 1.30430102e+00 -7.55419791e-01
    7.78423429e-01 9.00095344e-01 7.93250322e-01 -7.60764003e-01
    1.19780290e+00 -6.92833126e-01 -7.83093989e-01 -4.69094872e-01
    7.40974322e-02 -1.01931587e-01 8.05746466e-02 1.38028717e+00
    6.30038559e-01 -6.13750517e-01 -3.15685272e-01 1.66476399e-01
    -3.04324239e-01 -5.03142238e-01 1.21585214e+00 -3.41898859e-01
    1.33498061e+00 1.73697960e+00 7.53822744e-01 7.22272322e-02
    2.17518769e-03 -8.56846273e-02 8.49500120e-01 1.67569757e+00
    -1.96994111e-01 -4.00290579e-01 4.55971152e-01 1.16858101e+00
    4.77173328e-01 -6.26569808e-01 6.72711790e-01 -4.58805948e-01
    1.63428903e+00 -5.34650683e-01 2.48853222e-01 6.96756423e-01
    6.72222912e-01 7.95624614e-01 1.16355276e+00 -6.48794293e-01
    9.17595565e-01 1.58074021e+00 9.98768628e-01 -7.13492334e-01
    1.14974248e+00 1.04861462e+00 2.80777276e-01 -5.10126591e-01
    1.38189614e+00 9.63164091e-01 -3.62180024e-01 1.60647786e+00
    1.55550325e+00 -5.59685305e-02 1.37139571e+00 1.92606896e-01
    6.20886207e-01 1.77965188e+00 -3.27214897e-01 1.05606794e+00
    1.49731886e+00 5.53376973e-01 -6.40502810e-01 2.02535182e-01
    7.31481850e-01 1.01174474e+00 -5.20811342e-02 -2.71458536e-01
    3.60775515e-02 1.46298468e+00 1.73005569e+00 -1.28580600e-01
    -7.12913454e-01 1.59416580e+00 7.45276928e-01 1.74831450e+00
    1.29742551e+00 1.81479836e+00 -5.20400703e-01 9.07449603e-01
    1.33377373e+00 -2.05114618e-01 1.51014900e+00 -6.72260344e-01
    2.00080827e-01 1.21287167e+00 1.22399139e+00 -2.07998902e-01
    9.07156169e-01 5.04616082e-01 -1.73441976e-01 7.59714544e-01
    -7.40449667e-01 1.48073658e-02 -5.17592132e-01 -7.64284790e-01
    1.45632386e+00 2.29670987e-01 1.69980705e+00 8.76765788e-01
    1.17703545e+00 1.78538918e+00 -4.19644028e-01 1.61381030e+00
    4.49298844e-02 -4.19167519e-01 1.46035576e+00 2.45093346e-01
    -2.71155000e-01 -5.07798791e-01 1.62069154e+00 -5.27111180e-02
    8.70348394e-01 -1.93928719e-01 5.05642772e-01 1.15208113e+00
    1.27632248e+00 1.46887684e+00 -6.98983550e-01 -3.07255108e-02
    -5.73882759e-02 -8.06507647e-01 -5.55419326e-01 -7.32402027e-01
    -2.12063178e-01 1.07633436e+00 1.04236102e+00 4.14166898e-01
    -6.59673095e-01 1.02997935e+00 -6.75319493e-01 -6.53149068e-01
    1.23072088e+00 -1.50504500e-01 -3.39502841e-01 -2.98448145e-01
    -1.25810534e-01 -1.94111764e-01 1.19447315e+00 1.77676833e+00
    5.29892504e-01 7.72314906e-01 -5.35510957e-01 5.89331985e-01
    -3.09873462e-01 6.53783083e-01 4.60292906e-01 -2.87713975e-01
    1.17181480e+00 -3.41589446e-04 -3.26526791e-01 2.43256783e+00
    9.79837924e-02 6.35075092e-01 1.54426348e+00 6.03401124e-01
    8.56930971e-01 -2.97024459e-01 -8.59441936e-01 1.02016866e+00
    3.95762064e-02 -2.47577116e-01 -4.84706432e-01 -1.33152127e-01
    7.84133449e-02 3.93500566e-01 1.68514538e+00 6.30062521e-01
    -2.21004903e-01 1.26691556e+00 -1.33246735e-01 8.78136992e-01
    -2.38295764e-01 4.87814486e-01 9.21230912e-01 5.19471586e-01
    1.36231363e+00 1.75402784e+00 -3.88710767e-01 7.41732359e-01
    -2.84283251e-01 1.50479031e+00 -1.11385703e-01 -2.55624771e-01
    7.56372213e-01 -3.49506773e-02 -2.09137946e-01 1.58323431e+00
    -9.31573138e-02 7.95143604e-01 3.73983026e-01 1.38502216e+00
    -2.88037479e-01 1.82626057e+00 2.35315874e-01 7.72791684e-01
    -1.61070243e-01 1.73068985e-01 3.18865180e-01 1.59349859e+00
    7.35306799e-01 -6.93843544e-01 -6.02399707e-01 -1.16376780e-01
    7.53431261e-01 -2.35379189e-01 1.11799455e+00 3.98786187e-01
    6.21382356e-01 -2.84513831e-01 5.72296754e-02 -4.15705591e-01
    -8.21731016e-02 5.89568242e-02 3.56345326e-02 -3.58596206e-01
    -2.46641725e-01 1.56259882e+00 1.81099617e+00 -1.00709133e-01
    -5.21390960e-02 1.75878659e-01 1.23669755e+00 -5.37411273e-02
    -7.04981804e-01 -4.38573241e-01 6.38870299e-01 1.30864727e+00
    1.51484823e+00 1.14276624e+00 -7.60184288e-01 8.70975256e-01
    -8.05012405e-01 4.13269162e-01 1.17673278e+00 1.10609615e+00
    1.47791827e+00 1.49521804e+00 6.50456369e-01 5.94960034e-01
    -4.68704641e-01 4.81521875e-01 1.32118356e+00 -7.35915720e-01
    1.38253534e+00 1.33364916e+00 8.80303681e-01 3.62358660e-01
    1.15018976e+00 7.86939170e-03 1.50701404e-01 2.56826103e-01
    -7.59624302e-01 -3.03154010e-02 1.03617251e+00 -2.59372085e-01
    9.38826323e-01 1.82558429e+00 1.44347703e+00 7.31494963e-01
    1.56045842e+00 -4.81011793e-02 -2.52026320e-01 -2.95013696e-01
    1.12618923e+00 -5.00963807e-01 1.11351812e+00 2.71748543e-01
    1.02255011e+00 1.42165160e+00 -6.13978207e-01 8.42715919e-01
    1.39508033e+00 7.02344835e-01 -5.62400162e-01 1.67580605e+00
    6.76188409e-01 -4.37394112e-01 -2.61435825e-02 -2.45614007e-01
    7.47324169e-01 1.67825997e+00 7.76671767e-01 9.65305269e-01
    1.96076006e-01 1.04255068e+00 1.41573703e+00 8.96137059e-01
    9.68499780e-01 1.10331464e+00 1.58118975e+00 5.80920100e-01
    -5.72757572e-02 1.74914241e+00 2.61526048e-01 -5.44094294e-02
    -4.77780104e-02 -7.75949001e-01 1.09370816e+00 1.19534278e+00
    1.26421475e+00 1.51334453e+00 8.42458189e-01 1.06800759e+00
    1.00457048e+00 1.21637666e+00 -4.17080224e-01 5.15629768e-01
    -7.56713331e-01 9.89771962e-01 9.36134577e-01 1.26214087e+00
    1.14276028e+00 -4.69657034e-01 -6.14264131e-01 5.81614912e-01
    -1.91897616e-01 -1.91826388e-01 -8.21667910e-01 7.86505491e-02
    1.59697819e+00 8.03368688e-01 5.17627001e-01 6.02213383e-01
    -4.46000189e-01 9.30605054e-01 -7.29745686e-01 -3.65102172e-01
    -4.28921908e-01 1.38110533e-01 -5.05973876e-01 -8.19602191e-01
    1.10126770e+00 1.34053862e+00 1.67134762e+00 9.28333104e-01
    7.90395886e-02 4.65573743e-02 7.36057699e-01 -5.04316807e-01
    1.69382036e+00 6.87560916e-01 7.67906010e-01 1.42603123e+00
    7.07501650e-01 1.67981398e+00 6.35142684e-01 -6.37074172e-01
    4.20569599e-01 1.65789044e+00 1.53965223e+00 -6.45823553e-02
    1.24131989e+00 -3.22749689e-02 -4.56326813e-01 8.86005536e-02
    -7.10335135e-01 -2.47607101e-02 2.31607109e-01 1.34141243e+00
    -1.40091619e-02 -3.68600607e-01 1.57108200e+00 1.43524617e-01
    1.33714199e+00 1.26768267e+00 1.72494173e+00 1.10704780e+00
    1.18598485e+00 1.62545085e+00 5.36742449e-01 3.87535423e-01
    1.53360200e+00 1.74062240e+00 5.19569576e-01 -2.58024305e-01
    -6.24500871e-01 1.38388836e+00 7.30413049e-02 -5.71471751e-01
    1.31996942e+00 1.57044586e-02 -3.19680780e-01 5.23720682e-01
    1.80758429e+00 7.63086975e-01 3.02859843e-01 1.17605567e+00
    -4.33562249e-01 8.54940563e-02 1.63306427e+00 1.73896000e-01
    -2.05130190e-01 -4.10518229e-01 1.70495534e+00 1.21520734e+00
    -5.38341761e-01 7.25290954e-01 1.77310550e+00 1.07645822e+00
    -6.18575692e-01 -2.81462640e-01 1.69669282e+00 1.43065000e+00
    5.73970735e-01 1.63817239e+00 5.12839019e-01 7.18450010e-01
    1.25632894e+00 7.10951030e-01 1.85430419e+00 1.83937311e+00
    2.30242118e-01 1.63365960e+00 -8.89039598e-03 4.09453750e-01
    1.75169945e-01 1.21530259e+00 9.05286431e-01 2.59524852e-01
    1.72505200e+00 6.23166740e-01 1.28038096e+00 1.69939578e+00
    4.62820351e-01 -6.89818621e-01 -6.49878323e-01 1.20555782e+00
    1.03274798e+00 -6.41622782e-01 4.33094412e-01 1.25418127e+00
    -6.25458717e-01 -1.00201763e-01 7.73316205e-01 6.95868134e-01
    8.07668030e-01 1.10147703e+00 1.47879529e+00 -3.62858146e-01
    -2.32597709e-01 1.73856568e+00 -3.64628077e-01 1.47728479e+00
    -1.10224299e-01 1.39538801e+00 7.27262795e-01 1.56180155e+00
    1.79161310e+00 -3.45064878e-01 1.30713776e-01 8.53470325e-01
    1.62002909e+00 1.47870934e+00 1.40975809e+00 6.51212454e-01
    -4.13048893e-01 2.28887931e-01 1.32415307e+00 8.38793278e-01
    1.50482249e+00 6.72415733e-01 1.76628992e-01 1.35673296e+00
    -7.56106913e-01 -4.67481405e-01 3.81872684e-01 8.42216194e-01
    9.60768700e-01 2.95745581e-01 -2.76619911e-01 -1.88467324e-01
    -3.84640396e-01 -2.57955134e-01 1.33066571e+00 8.83962214e-01
    1.66503489e+00 6.02590978e-01 -1.35345101e-01 1.63619268e+00
    -2.80429453e-01 -2.70958513e-01 1.47669613e+00 1.26098752e+00
    7.80142605e-01 -6.89796269e-01 1.10151541e+00 5.13454258e-01
    4.99516129e-01 5.00004292e-01 -7.52364814e-01 -7.03554273e-01
    7.85777271e-01 -3.35894406e-01 -4.68851268e-01 1.12110031e+00
    8.35966319e-02 -5.74404597e-01 1.09658575e+00 1.39669847e+00
    -2.05841586e-01 -2.67233759e-01 -4.97098923e-01 1.37682748e+00
    -2.35474825e-01 -1.51451483e-01 -5.47818124e-01 1.20319283e+00
    8.94835770e-01 1.18322337e+00 8.90649140e-01 -4.18340534e-01
    1.32516766e+00 -4.98257250e-01 -2.73683101e-01 6.17797315e-01
    2.58974046e-01 8.21676612e-01 -5.79151154e-01 5.70114434e-01
    1.68046629e+00 2.57986724e-01 1.51705933e+00 5.68592250e-01
    5.56282848e-02 2.11657539e-01 8.41154575e-01 -4.07625616e-01
    -5.18190384e-01 5.87237239e-01 8.34761381e-01 1.60050917e+00
    1.02100194e+00 -4.06170636e-01 -6.84446096e-01 -7.54603267e-01
    -7.98322380e-01 9.40691650e-01 9.03185010e-02 4.17940587e-01
    6.19429946e-01 2.86714315e-01 9.90560949e-01 1.70054936e+00
    1.02581918e+00 1.23095238e+00 -3.78254116e-01 1.26630414e+00
    1.68079710e+00 1.33996129e+00 5.10654747e-01 2.09961355e-01
    1.69169366e+00 5.91125429e-01 9.13380027e-01 -1.53324023e-01
    1.47035205e+00 -1.41122118e-01 1.54033387e+00 -1.87041670e-01
    3.48726869e-01 1.05618060e+00 5.01232326e-01 -6.56950831e-01
    1.38516760e+00 1.06080031e+00 8.63151610e-01 1.27784848e+00
    9.07972932e-01 1.71324837e+00 -5.20571709e-01 1.77981567e+00
    -5.29732883e-01 -7.31991053e-01 3.72329324e-01 1.13377488e+00
    8.62487912e-01 9.30508912e-01 -4.98280764e-01 3.41287166e-01
    9.73935306e-01 -1.78121105e-01 1.03173435e+00 3.06468233e-02
    9.99919295e-01 1.62608087e+00 1.79057670e+00 -2.15668857e-01
    8.21825922e-01 6.51515067e-01 1.24151397e+00 6.68639183e-01
    1.41434896e+00 9.71013248e-01 -2.73893684e-01 -2.32568622e-01
    -4.95887130e-01 8.42227578e-01 -1.02984548e-01 1.83934939e+00
    -6.42362654e-01 -8.34461987e-01 -6.04661942e-01 -6.17042959e-01
    1.38427937e+00 -5.16332686e-01 -5.68706751e-01 7.36784220e-01
    4.40130621e-01 -6.04989707e-01 3.55043620e-01 1.04265726e+00
    5.15700340e-01 8.93631518e-01 -2.29145095e-01 6.29023552e-01
    8.77813697e-01 7.18896508e-01 -2.57522762e-01 9.83254686e-02
    7.79951990e-01 -3.01253915e-01 1.02658367e+00 1.69990242e+00
    1.72400296e+00 5.67751646e-01 1.12189007e+00 1.61274314e+00
    -1.65699050e-01 1.12124693e+00 -4.68651682e-01 5.26491642e-01
    -5.23493409e-01 1.38026190e+00 2.30168074e-01 -1.42465189e-01
    1.10379744e+00 1.04385972e+00 4.97365832e-01 3.17397833e-01
    6.34422421e-01 1.26920700e+00 -4.61759210e-01 -6.01749457e-02
    -7.84583330e-01 1.44744051e+00 3.19146812e-02 1.21087956e+00
    5.36733210e-01 6.38180196e-01 -4.29654755e-02 -2.88838059e-01
    -8.08826387e-01 -1.56356916e-02 -4.89969373e-01 1.20520604e+00
    6.21791720e-01 7.02674210e-01 -7.08157182e-01 7.86529481e-01
    1.18410194e+00 8.73744786e-01 1.62507564e-01 2.21164322e+00
    9.32347536e-01 -2.68893063e-01 1.57241762e+00 3.05148333e-01
    7.45195985e-01 -4.97911155e-01 7.46639132e-01 1.55057430e+00
    -6.70981884e-01 1.43078065e+00 5.82983792e-01 -1.04804346e-02
    1.03177238e+00 -4.66400892e-01 1.23991156e+00 1.67182124e+00
    1.77072465e+00 8.51509452e-01 -2.56118298e-01 1.79022241e+00
    8.39777067e-02 -6.02835536e-01 1.76670372e+00 -6.49894357e-01
    1.33272660e+00 5.50363302e-01 1.74359751e+00 1.32995021e+00
    6.24080956e-01 -4.86436218e-01 -6.89475298e-01 -8.53006244e-01
    1.76671410e+00 1.23291969e+00 1.27518690e+00 9.75867152e-01
    5.93040109e-01 -5.27186096e-01 -2.92597055e-01 3.15100729e-01
    2.03366652e-01 -6.06178463e-01 -7.83548892e-01 1.60573900e+00
    1.49448490e+00 -1.81959301e-01 1.86334595e-01 -1.64704368e-01
    -1.93541363e-01 -4.10785049e-01 -3.28046650e-01 1.68856657e+00
    9.70151126e-01 -8.36296439e-01 3.97246867e-01 -2.97067136e-01
    5.92833340e-01 7.87771344e-01 1.47211313e+00 -3.33823323e-01
    3.35981667e-01 -7.48533785e-01 4.61379103e-02 2.88768202e-01
    7.87414551e-01 6.95385039e-01 6.78689241e-01 -5.39720468e-02
    1.40378618e+00 1.36819983e+00 1.33406591e+00 -6.78413451e-01
    -3.20000172e-01 1.26142395e+00 1.54680526e+00 3.11592728e-01
    1.23025727e+00 1.66340446e+00 -2.56931245e-01 1.61018342e-01
    -4.00197566e-01 3.17389339e-01 -7.21578717e-01 1.39290667e+00
    3.71869467e-02 1.21146941e+00 -5.70479691e-01 -7.15660095e-01
    -6.92401767e-01 -9.65432525e-02 2.88377434e-01 -2.07543954e-01
    1.30290306e+00 1.43789116e-03 1.81862414e+00 5.79795241e-01
    4.76806998e-01 1.14073169e+00 9.68510211e-02 3.81615490e-01
    -1.48867562e-01 1.74393678e+00 8.25152993e-01 1.33674967e+00
    3.10549587e-01 1.33221090e+00 5.62059939e-01 4.23818439e-01
    1.45249331e+00 1.12566268e+00 -4.81394857e-01 1.56874037e+00
    9.94392693e-01 5.81469238e-01 1.34743750e+00 1.47904086e+00
    1.55892169e+00 4.20680434e-01 -8.25444400e-01 2.04825863e-01
    9.41658258e-01 1.03935599e+00 1.67563820e+00 -6.87331080e-01
    1.10573220e+00 -1.30439967e-01 -5.29439211e-01 1.73902118e+00
    1.58981872e+00 1.65286589e+00 1.60186434e+00 1.17081434e-01
    1.22736025e+00 3.86950642e-01 -7.51479983e-01 -6.58150196e-01
    -8.33995581e-01 4.97397214e-01 -2.21938461e-01 -4.06424999e-01
    1.44371605e+00 1.72098088e+00 5.23136377e-01 1.69385016e+00
    1.57678533e+00 1.20448267e+00 -2.30630692e-02 3.32176000e-01
    2.99987584e-01 -6.84047520e-01 1.65869963e+00 -5.23793101e-01
    1.48158997e-01 3.03257644e-01 1.67009580e+00 9.49153423e-01
    1.09484172e+00 -6.29039407e-01 -4.94637638e-01 1.00605047e+00
    2.32329801e-01 7.55429566e-01 1.26395941e+00 -7.77252734e-01
    -6.94629014e-01 1.69655788e+00 6.22887611e-01 1.17709076e+00
    6.59871161e-01 5.66335976e-01 1.20497227e-01 1.77044094e+00
    3.07634264e-01 1.56600308e+00 1.53316319e+00 6.95633590e-01
    1.58863053e-01 8.72721002e-02 -6.82780623e-01 1.09768271e+00
    -8.04243684e-01 -7.38371611e-01 -3.90522033e-01 1.03010476e+00
    9.24327970e-01 9.41149235e-01 -1.02418117e-01 1.77212179e-01
    9.32641685e-01 -6.07408881e-01 1.01214314e+00 1.30184317e+00
    -6.25182152e-01 4.69832480e-01 -5.95664024e-01 9.89096642e-01
    1.26550309e-02 4.65235442e-01 -3.52750242e-01 1.72058284e+00
    6.53955400e-01 3.25829834e-01 1.03045654e+00 -8.15042913e-01
    8.83754551e-01 -4.31552470e-01 1.25574172e+00 -8.38689089e-01
    -6.81502461e-01 1.69615483e+00 4.65372235e-01 8.37464869e-01
    -6.24947190e-01 4.55983549e-01 -3.57890222e-03 5.28023422e-01
    9.19733495e-02 -7.54277349e-01 1.09146678e+00 1.34222436e+00
    1.33053279e+00 9.50868011e-01 3.34512770e-01 7.61288524e-01
    1.40301263e+00 2.58666426e-01 5.22229135e-01 1.71334088e+00
    1.75164831e+00 -2.12152690e-01 -6.77696049e-01 -5.37534766e-02
    1.79573905e+00 2.99149156e-01 8.73980999e-01 7.16341555e-01
    1.61014462e+00 9.44559038e-01 -2.78160661e-01 1.13957512e+00
    -3.03060085e-01 -5.65410197e-01 1.17169297e+00 4.34744693e-02
    3.31329942e-01 9.05710280e-01 1.19885160e-02 -2.07893237e-01
    3.36073160e-01 1.08502775e-01 -2.77851939e-01 9.96525049e-01
    6.10216200e-01 2.29494631e-01 6.21625900e-01 1.06262743e+00
    9.92743492e-01 9.03216839e-01 1.69845194e-01 4.97151822e-01
    5.81691861e-01 -4.15257186e-01 7.67466307e-01 1.28923154e+00
    -7.53609538e-01 1.20895576e+00 -6.02646470e-01 9.09052551e-01
    -3.44352633e-01 5.39391935e-01 1.72958386e+00 -3.22774678e-01
    1.74258244e+00 -1.45020053e-01 -2.52631336e-01 1.13103235e+00
    -7.05976933e-02 2.69276083e-01 -7.83751428e-01 1.11104834e+00
    4.43211883e-01 1.65357935e+00 -1.73347116e-01 -7.92631865e-01
    1.77323651e+00 8.91833082e-02 -1.71756774e-01 5.68938076e-01
    1.16985178e+00 1.71300757e+00 1.68402958e+00 -3.75856906e-01
    -4.86719251e-01 1.18071103e+00 -7.48291552e-01 1.06311786e+00
    1.48718607e+00 -1.37453470e-02 7.77708054e-01 6.29720330e-01
    -4.45322067e-01 -5.81149638e-01 1.51024210e+00 -6.33534312e-01
    -7.80434981e-02 1.59972095e+00 -5.21460295e-01 4.21417892e-01
    1.69620728e+00 1.57884741e+00 1.41655636e+00 -5.70708811e-01
    -8.16557467e-01 -2.61002123e-01 9.98870254e-01 -2.42124408e-01
    6.59767389e-01 1.48369730e+00 -1.34787276e-01 1.55795908e+00
    1.45084608e+00 -4.84441042e-01 5.24898112e-01 -5.07251322e-01
    6.11098051e-01 6.18710279e-01 -2.15500221e-01 4.96349424e-01
    1.09428978e+00 1.42990017e+00 1.41964793e+00 -4.69379902e-01
    1.42662621e+00 3.79258603e-01 1.21980190e+00 1.37431300e+00
    7.70056725e-01 8.51549327e-01 -3.81037623e-01 5.45134306e-01
    -1.37831509e-01 9.77055877e-02 1.26426771e-01 1.44266641e+00
    2.28366598e-01 1.07816553e+00 8.40783000e-01 8.45523775e-02
    -1.04215764e-01 -6.60191178e-01 -1.75767183e-01 7.21025914e-02
    1.37991011e+00 1.82906699e+00 1.55200088e+00 7.15675712e-01
    1.44837356e+00 -5.62734604e-01 1.09759462e+00 -4.56324846e-01
    -4.42095041e-01 1.75811744e+00 -2.71990895e-02 1.55419326e+00
    1.48706937e+00 -5.09811640e-01 3.33803475e-01 1.82098269e+00
    1.50040412e+00 -3.07390690e-01 7.79940128e-01 -1.90126956e-01
    -6.58455372e-01 2.96834826e-01 7.53802538e-01 8.30033660e-01
    -3.02522957e-01 8.71302709e-02 1.38695049e+00 -4.84334230e-01
    7.21912920e-01 -8.02572489e-01 -2.78980225e-01 -8.10255229e-01
    8.48994195e-01 5.09392396e-02 -7.20285833e-01 -1.89788714e-01
    9.82328475e-01 5.75396538e-01 1.51097214e+00 9.05939996e-01
    -7.84341633e-01 8.47913176e-02 -8.60475957e-01 -1.63995437e-02
    1.41467607e+00 -5.18500865e-01 9.68010664e-01 -5.86071238e-02
    5.70432663e-01 1.22543775e-01 1.32502723e+00 -4.45498914e-01
    -8.08696926e-01 9.77396667e-01 1.64151236e-01 3.14596266e-01
    9.88026440e-01 8.62852037e-01 -5.04742503e-01 8.35506916e-01
    1.03327906e+00 -4.99996036e-01 -5.24992943e-01 2.45730832e-01
    1.15109110e+00 8.86849701e-01 -4.15361673e-01 -2.83029795e-01
    7.25028098e-01 -6.76890790e-01 7.80935466e-01 -1.33260712e-01
    -6.47695005e-01 -1.76949471e-01 1.23603606e+00 -7.45736778e-01
    -8.61600041e-01 7.24935412e-01 1.28214431e+00 2.34975383e-01
    1.66346514e+00 1.75540417e-01 1.06151664e+00 -6.11533523e-01
    -1.56025821e-02 -7.81593502e-01 3.55057344e-02 8.32447231e-01
    -7.05113351e-01 1.66945875e+00 6.41836643e-01 2.34934211e-01
    -1.23708554e-01 -5.51376641e-01 1.76236355e+00 1.56952366e-01
    1.81407797e+00 6.09265864e-01 -2.07802802e-01 -8.49307597e-01
    2.21035123e-01 1.50826931e+00 2.34334528e-01 1.74946702e+00
    4.34932888e-01 1.16488898e+00 1.09454799e+00 1.54762495e+00
    9.89849806e-01 1.71868825e+00 1.42223644e+00 1.53213859e+00
    -7.10014701e-01 9.81278419e-02 3.36753786e-01 -1.58995867e-01
    -2.60009199e-01 -6.18309081e-01 5.16783595e-01 -2.71031499e-01
    5.18296480e-01 6.68150008e-01 3.21994536e-02 -3.86773020e-01
    7.82510102e-01 6.38876677e-01 1.19211268e+00 3.19532335e-01
    -1.35190994e-01 1.66420925e+00 -2.29281947e-01 4.43623841e-01
    1.10253215e+00 1.43981552e+00 6.96653187e-01 -3.90670210e-01
    -3.54193926e-01 1.13670027e+00 -8.32221925e-01 1.83360092e-02
    -2.53431201e-01 7.22728312e-01 9.04483676e-01 7.60931730e-01
    1.00126934e+00 -4.21652973e-01 1.42752314e+00 1.44372499e+00
    -5.06954193e-01 1.75622821e+00 2.50085473e-01 1.06917596e+00
    1.11214018e+00 1.17966211e+00 1.27036071e+00 2.83628166e-01
    7.62189507e-01 1.32020891e+00 6.79291427e-01 2.03776360e+00
    1.32455492e+00 6.13950729e-01 5.22038519e-01 1.37991560e+00
    1.41712800e-01 5.85913718e-01 7.47254908e-01 1.64801395e+00
    -1.57106742e-01 1.53658414e+00 5.66902280e-01 5.54560363e-01
    -8.16565394e-01 -5.86921096e-01 4.74825174e-01 5.41613936e-01
    6.44457817e-01 7.70839095e-01 1.25040352e+00 8.46371412e-01
    1.34076905e+00 9.51650813e-02 7.39783108e-01 1.45477140e+00
    -1.79979593e-01 1.42202377e+00 -1.59604717e-02 4.51148570e-01
    -3.44221950e-01 1.10868537e+00 -5.02060115e-01 -3.81656229e-01
    5.85411251e-01 2.82741874e-01 4.84584570e-01 1.48711368e-01
    -8.06474209e-01 1.12603331e+00 -2.38107651e-01 5.87865859e-02
    1.69797981e+00 -6.74524367e-01 3.13652188e-01 7.57505059e-01
    1.26109868e-01 3.23958516e-01 1.67669058e+00 1.61289990e+00
    1.30306101e+00 -5.86196370e-02 4.58426833e-01 1.38263321e+00
    3.37558500e-02 1.18015671e+00 1.72779870e+00 2.90702805e-02
    1.67003429e+00 -8.20378065e-02 6.01555765e-01 1.75276673e+00
    1.03979540e+00 3.96465003e-01 1.11369479e+00 1.20400763e+00
    -7.56618083e-02 5.57240322e-02 5.94832003e-01 1.45811486e+00
    -3.79796363e-02 1.39958930e+00 -5.29224694e-01 1.29405582e+00
    4.59067106e-01 1.13804603e+00 8.82138535e-02 -7.60658801e-01
    1.98297158e-01 9.75993931e-01 1.69776666e+00 3.54155213e-01
    -6.11398071e-02 8.79121065e-01 1.76186645e+00 -4.52752449e-02
    8.40968430e-01 1.50259054e+00 1.19954515e+00 1.50923884e+00
    1.74953103e+00 1.14833780e-01 -7.56566226e-01 3.52069619e-03
    7.99412012e-01 7.51464367e-01 1.76113331e+00 5.07718742e-01
    -2.13757843e-01 1.79514706e+00 1.48896801e+00 -1.45094246e-01
    -5.36503851e-01 -3.38711679e-01 2.24920325e-02 -5.28972924e-01
    -5.32279372e-01 -2.56997228e-01 8.96799624e-01 -2.79395193e-01
    -4.16145563e-01 1.42353952e-01 7.08307087e-01 1.85743913e-01
    -8.09288621e-01 -6.89897835e-01 -7.53746331e-01 1.58695281e+00
    1.45077741e+00 4.71896380e-02 1.54943359e+00 1.07507122e+00
    1.14388561e+00 1.40185428e+00 -2.04854563e-01 2.82248259e-01
    2.88063049e-01 -7.40870953e-01 1.01014113e+00 1.62803948e+00
    4.06680554e-01 -7.87482023e-01 9.79051292e-02 -2.64305502e-01
    7.33473957e-01 -7.97928929e-01 1.63674533e+00 6.30745709e-01
    1.70931733e+00 -3.31857741e-01 1.73775852e+00 1.66139990e-01
    -8.17023039e-01 -4.43555862e-02 1.65486073e+00 -8.49376470e-02
    1.37224531e+00 -1.72287114e-02 -4.22327042e-01 9.98352468e-01
    1.05363107e+00 -3.76823932e-01 1.21639621e+00 3.66570324e-01
    8.54590893e-01 1.66499805e+00 1.18862784e+00 1.20347333e+00
    3.27988982e-01 -8.34574759e-01 1.44559348e+00 1.41065657e+00
    -7.29455054e-01 9.73317325e-01 7.10781276e-01 2.75435418e-01
    2.23688856e-01 1.02881110e+00 5.81259727e-01 1.53017664e+00
    1.25034869e+00 1.44224501e+00 -4.68807548e-01 1.31124091e+00
    7.95864910e-02 7.79584110e-01 3.52433503e-01 2.69529730e-01
    5.42330027e-01 1.38113427e+00 1.24130964e+00 8.09281707e-01
    -4.95344967e-01 5.06746955e-02 1.09103179e+00 1.28313613e+00
    8.62732589e-01 -6.54073060e-01 1.56443703e+00 -8.18839550e-01
    -6.52938306e-01 4.91729975e-01 5.20488143e-01 1.03784585e+00
    -1.30143180e-01 1.65018249e+00 2.95806944e-01 1.27739203e+00
    1.66377676e+00 6.66792035e-01 1.23480701e+00 -4.65934753e-01
    -2.25046039e-01 -3.59697640e-01 5.67813993e-01 -4.19086754e-01
    9.08786356e-01 1.51233065e+00 1.06551814e+00 1.11680925e+00
    -4.20932025e-01 -3.94822329e-01 1.15925670e+00 2.58117229e-01
    -2.72256285e-01 -3.53006758e-02 -8.56414855e-01 1.49284470e+00
    5.39960384e-01 2.49568924e-01 1.30780423e+00 -1.14314042e-01
    -7.17780828e-01 1.67331111e+00 6.27062082e-01 -6.47359312e-01
    -6.64231539e-01 -1.65363923e-01 7.37971246e-01 7.67162144e-01
    1.62174910e-01 -2.15691216e-02 5.87648392e-01 1.18117094e+00
    5.44547558e-01 -6.31789148e-01 -5.78541160e-02 1.37459636e+00
    1.61535025e+00 1.46976304e+00 -4.27733026e-02 7.17667878e-01
    -7.96585083e-01 1.80731380e+00 -5.79034388e-01 -5.14447689e-01
    7.68572569e-01 1.76630676e+00 6.07516944e-01 -2.42021337e-01
    7.65197337e-01 8.66334438e-01 -8.22973430e-01 -4.10536975e-01
    9.75888610e-01 1.76615191e+00 8.93620789e-01 1.56140149e+00
    9.84943330e-01 1.41809189e+00 1.89633930e+00 -5.20739913e-01
    -3.77649248e-01 -2.10177168e-01 1.66073334e+00 9.77190912e-01
    3.59040350e-01 1.62643623e+00 9.49408948e-01 7.23456323e-01
    7.71027207e-01 -3.44283074e-01 -6.69272482e-01 -2.81380624e-01
    1.18015870e-01 6.40235960e-01 8.75476897e-01 -3.41549367e-01
    1.18626332e+00 1.09707987e+00 8.77645791e-01 1.21774268e+00
    1.26758897e+00 7.77306139e-01 -4.61770028e-01 1.67497492e+00
    1.06705034e+00 1.70030010e+00 1.66916740e+00 2.55556524e-01
    1.71994090e+00 1.67582071e+00 -7.01547086e-01 1.53268771e-02
    3.60486418e-01 7.85496309e-02 2.45632797e-01 -6.81376398e-01
    -3.15412045e-01 -5.33331156e-01 9.66048896e-01 4.59205449e-01
    9.70183849e-01 1.46223879e+00 1.66267085e+00 4.45779294e-01
    3.09555620e-01 1.53048322e-01 -4.02174234e-01 6.77440464e-02
    5.06021023e-01 8.16305161e-01 1.44664660e-01 -6.35122359e-01
    1.76186204e+00 6.78917706e-01 -4.67567980e-01 4.35763747e-01
    -3.26407641e-01 -8.06343079e-01 -3.86639327e-01 1.46493423e+00
    1.39320874e+00 1.24879098e+00 6.56057537e-01 7.32715547e-01
    1.46586299e+00 1.76704574e+00 9.74366128e-01 -7.80773878e-01
    -4.38553780e-01 4.44953054e-01 -4.48722094e-01 2.82374620e-01
    1.02690864e+00 3.82007748e-01 -4.00744051e-01 4.16591112e-03
    2.72231132e-01 -5.12670159e-01 -3.30286920e-02 1.19581068e+00
    -3.86590183e-01 2.75284060e-06 1.66016841e+00 3.45054448e-01
    -4.69806552e-01 1.04763567e+00 1.82040012e+00 1.71607125e+00
    -1.71105400e-01 1.10147715e+00 -1.92754850e-01 1.11137554e-01
    1.81013465e+00 -4.80126590e-03 -1.14531048e-01 -5.57436347e-01
    8.34983647e-01 1.25543797e+00 -5.80861986e-01 -4.34127808e-01
    1.42867100e+00 1.41676438e+00 1.64993417e+00 7.50203669e-01
    -6.57270968e-01 1.81959653e+00 9.74059045e-01 1.31018388e+00
    -3.38693261e-01 1.56995904e+00 8.99338305e-01 1.17202497e+00
    4.05680180e-01 1.29555154e+00 1.82791209e+00 4.09779519e-01
    -7.07674026e-01 2.71894515e-01 1.37964189e+00 8.21098685e-01
    7.68019974e-01 1.67595387e+00 1.68020773e+00 1.32152498e+00
    8.81517470e-01 -7.85892487e-01 1.49762726e+00 1.49349761e+00
    7.50518739e-01 1.44408643e+00 -5.59099197e-01 1.79840064e+00
    1.82743818e-01 -6.75114393e-01 5.42564392e-01 -6.58323802e-03
    3.29042286e-01 5.62037170e-01 1.52193916e+00 9.73774493e-01
    8.60828102e-01 1.17753339e+00 1.48342967e+00 7.83021525e-02
    -5.07335085e-03 1.14771640e+00 1.30758238e+00 -1.04549946e-02
    -6.80821165e-02 -2.66663760e-01 4.30981189e-01 -4.93467093e-01
    1.01827383e+00 1.12378168e+00 1.22445917e+00 -2.59750247e-01
    5.30942261e-01 2.61660933e-01 1.29620874e+00 -1.03107147e-01
    -1.02472022e-01 3.16468388e-01 1.89026698e-01 3.76866497e-02
    1.27247488e+00 -4.76633608e-02 9.54024136e-01 3.29536051e-02
    3.75990808e-01 -1.56208515e-01 -7.65580416e-01 -7.08442807e-01
    5.29787004e-01 1.37533844e+00 -1.44646317e-01 -1.89826176e-01
    -2.23020390e-01 4.20103580e-01 1.62418890e+00 1.78306234e+00
    4.25430685e-01 4.94797707e-01 6.94159150e-01 2.27140766e-02
    -3.14637899e-01 1.57108605e+00 -1.82641298e-01 -2.66294211e-01
    1.22071147e+00 1.57661343e+00 1.58579195e+00 5.93117595e-01
    9.42268074e-02 5.01875542e-02 1.75259304e+00 1.60982990e+00
    3.85012597e-01 7.82185614e-01 -8.09035897e-01 1.72632658e+00
    2.39352465e-01 7.50493765e-01 1.34099305e+00 -3.63109916e-01
    1.67167974e+00 1.10303484e-01 1.37688673e+00 6.49737358e-01
    -3.54538381e-01 1.70112371e+00 1.66941750e+00 -4.14308459e-01
    1.15491676e+00 1.13527834e+00 1.70155537e+00 1.00313377e+00
    9.36896741e-01 1.73456788e+00 5.54515541e-01 8.32163453e-01
    1.41469941e-01 -2.29274556e-01 -6.51285350e-01 3.52434032e-02
    -4.75253403e-01 1.59052432e+00 1.12883532e+00 8.36045444e-01
    6.94046736e-01 1.37704158e+00 6.66792810e-01 -8.17952931e-01
    -6.05093539e-01 1.05887401e+00 1.60776055e+00 1.41957772e+00
    9.73559558e-01 1.04287159e+00 1.02623069e+00 1.55681074e+00
    7.40480602e-01 -3.67369652e-02 2.03308955e-01 -6.73966825e-01
    4.88295704e-01 1.57626092e+00 1.59296834e+00 1.66157261e-01
    2.18963698e-01 1.50142121e+00 4.30094630e-01 1.58785021e+00
    1.08509243e+00 3.15323055e-01 1.14825153e+00 3.93333554e-01
    1.35573652e-02 2.91844815e-01 2.37984285e-01 -1.41122982e-01
    2.04188615e-01 -1.35137975e-01 -1.56745493e-01 -7.44396567e-01
    1.28240693e+00 1.34788811e+00 1.41083002e+00 1.62964046e+00
    1.18175364e+00 1.48352528e+00 -5.41395783e-01 1.02955747e+00
    1.35789013e+00 -5.36887527e-01 -7.59085834e-01 1.47199523e+00
    -7.52490401e-01 1.70851534e-03 -7.51154721e-01 3.71968806e-01
    1.40492499e+00 9.02467608e-01 4.14636254e-01 1.62910151e+00
    4.30662632e-01 1.16541243e+00 -2.23095521e-01 1.44245052e+00
    9.38773572e-01 1.08555961e+00 3.28475773e-01 -2.05724210e-01
    -5.35416842e-01 8.59728038e-01 1.10480917e+00 5.29168308e-01
    1.91270873e-01 1.01223946e+00 8.09078291e-02 1.31121385e+00
    8.16805780e-01 7.19961047e-01 -8.03947687e-01 6.95657849e-01
    1.25740206e+00 6.50138140e-01 5.16865909e-01 -5.02186827e-03
    1.45444822e+00 9.85472620e-01 -7.29130924e-01 -5.57089269e-01
    -2.14207083e-01 9.87938106e-01 1.48129439e+00 1.77083147e+00
    -7.11768508e-01 1.48439014e+00 -1.10948354e-01 4.95349109e-01
    1.73509407e+00 3.85252655e-01 4.40605953e-02 9.43616033e-01
    -6.18870199e-01 -2.27418393e-01 1.36688209e+00 1.71848166e+00
    -3.36890370e-01 8.98686707e-01 1.05568886e+00 3.96831967e-02
    8.01664472e-01 2.99062252e-01 1.66472399e+00 1.05231476e+00
    -3.08111966e-01 1.40716791e+00 -2.06414074e-01 1.66936421e+00
    3.38779807e-01 3.03099990e-01 -6.47844076e-01 1.49996114e+00
    1.42763066e+00 1.18292022e+00 -7.07126677e-01 -6.73367679e-01
    -5.38198888e-01 -1.79211527e-01 6.43228889e-01 1.17247677e+00
    9.19065237e-01 -8.17958474e-01 6.38574839e-01 1.73492670e+00
    5.55569112e-01 1.30396366e+00 -8.42089295e-01 -2.22477973e-01
    1.69449663e+00 4.36303258e-01 3.31839383e-01 7.77092814e-01
    1.06123018e+00 -4.84405518e-01 3.96373063e-01 2.46740818e-01
    5.48406959e-01 3.75108570e-01 1.28601283e-01 5.73822618e-01
    1.14422466e-03 1.21579742e+00 -7.91025341e-01 -3.40034336e-01
    1.26126337e+00 1.08330548e+00 7.49897301e-01 1.74460340e+00
    1.21390879e+00 1.42963302e+00 9.82665241e-01 -4.43700284e-01
    1.54016495e+00 1.14301121e+00 1.66018710e-01 1.03000617e+00
    1.74065423e+00 -6.48449063e-01 4.97702956e-02 1.69877803e+00
    1.09265983e+00 1.04176544e-01 6.02822602e-01 -5.89080095e-01
    1.44778252e+00 -3.27757657e-01 -5.21751419e-02 -6.98058903e-01
    -2.80665994e-01 -2.96302289e-01 -6.75720870e-01 7.35136092e-01
    1.43686020e+00 -5.74146509e-01 -3.35942388e-01 1.81571484e-01
    -1.44695356e-01 1.13343966e+00 -2.64288969e-02 1.10101712e+00
    1.78128648e+00 -5.47433257e-01 1.16488481e+00 5.25391638e-01
    1.41551089e+00 -7.83420920e-01 8.40486467e-01 3.53252470e-01
    1.49642622e+00 6.27624631e-01 7.02364445e-01 1.50587475e+00
    8.99030626e-01 1.26978540e+00 5.97073473e-02 -2.96165854e-01
    7.83856511e-01 -5.35741568e-01 1.41903663e+00 1.28057349e+00
    1.85364175e+00 -7.82972932e-01 8.06425154e-01 5.53548289e-03
    2.80714661e-01 -6.06697261e-01 1.05246150e+00 1.98348984e-01
    4.28955168e-01 1.69483507e+00 -5.39653420e-01 5.72299421e-01
    1.48158884e+00 2.03528255e-01 6.86341107e-01 1.18719733e+00
    9.68375564e-01 1.82921958e+00 1.08069909e+00 5.92722535e-01
    1.47751153e+00 -5.72804570e-01 6.06449962e-01 1.79582500e+00
    1.55069590e-01 9.69763756e-01 -5.96004605e-01 1.55302036e+00
    1.64627969e+00 -6.59909010e-01 -6.18825197e-01 1.46048462e+00
    -3.48428726e-01 1.78191459e+00 1.13112152e+00 1.07970722e-02
    -3.33466738e-01 -6.97026432e-01 4.03432250e-01 9.10716057e-01
    -2.24746302e-01 -7.48190165e-01 3.86134714e-01 1.04377162e+00
    8.24785411e-01 8.76515433e-02 1.44441652e+00 1.23414052e+00
    3.01421940e-01 1.21849918e+00 1.52615535e+00 1.49962878e+00
    7.08674490e-02 8.88855219e-01 4.11776781e-01 1.01752663e+00
    1.20229769e+00 1.26453209e+00 2.25862667e-01 -1.94867365e-02
    1.28281629e+00 1.45594037e+00 1.02246249e+00 3.42048436e-01
    -6.93836808e-01 9.47714210e-01 1.61771369e+00 5.59278965e-01
    1.10695803e+00 1.62964717e-01 1.69592214e+00 1.45923662e+00
    1.74424934e+00 5.00705779e-01 2.07220268e+00 5.85539818e-01
    9.75683153e-01 -3.42449456e-01 1.75817716e+00 1.52185285e+00
    1.39416039e+00 2.04102248e-02 -3.87064457e-01 7.76812613e-01
    1.22361767e+00 1.22859895e+00 1.07880580e+00 -2.04234272e-01
    2.75179923e-01 3.74565363e-01 1.81803203e+00 7.00261176e-01
    1.29696107e+00 5.38568854e-01 2.03101337e-01 -7.29484782e-02
    8.93523395e-01 -4.51343536e-01 3.43062669e-01 7.41181314e-01
    1.73574460e+00 1.23890519e+00 1.70696938e+00 1.69097638e+00
    1.04025328e+00 3.11498255e-01 -7.83043131e-02 2.30794966e-01
    -5.11812031e-01 -4.25136656e-01 7.96677992e-02 1.34625638e+00
    1.74786174e+00 1.07963800e+00 8.68602514e-01 1.26966810e+00
    9.23310518e-01 4.99761343e-01 -3.67673695e-01 5.42734265e-01
    3.97474885e-01 -9.06194076e-02 1.37282848e+00 -2.49495953e-01
    9.12782133e-01 4.00115877e-01 8.41651976e-01 6.73042178e-01
    3.58634323e-01 1.37345278e+00 1.56554386e-01 1.01518905e+00
    8.40900540e-02 5.17343640e-01 5.01508236e-01 8.06854606e-01
    -7.31025755e-01 1.29338431e+00 -4.42763478e-01 -4.08931002e-02
    1.49380589e+00 1.77943516e+00 -7.82390535e-01 3.25012416e-01
    -8.07973385e-01 -6.56945050e-01 -3.04263741e-01 9.04045582e-01
    -4.52998757e-01 1.42145574e+00 -4.63719755e-01 -1.74902007e-01
    1.34504452e-01 -6.27447009e-01 -5.60451038e-02 3.11455131e-01
    1.36523557e+00 8.09410632e-01 9.81970906e-01 -4.44598794e-01
    5.95033288e-01 8.49882722e-01 6.80231214e-01 1.24828804e+00
    -3.21728617e-01 -7.14458406e-01 1.14875484e+00 2.29517907e-01
    6.90248430e-01 -7.81780839e-01 2.58378804e-01 1.28809169e-01
    9.33396757e-01 9.19196486e-01 1.24710703e+00 -4.35554057e-01
    -5.05361080e-01 1.03534281e+00 5.60423374e-01 6.87479556e-01
    1.23946927e-02 7.73243189e-01 3.12442109e-02 1.12641573e+00
    3.68206471e-01 -4.94924694e-01 -2.02518493e-01 8.74265492e-01
    2.64872581e-01 1.04711413e+00 -1.08842961e-01 -2.86871225e-01
    -2.72568911e-01 1.20529306e+00 1.29622623e-01 -7.83990622e-01
    -7.51619935e-01 1.25338101e+00 4.78942215e-01 1.06847417e+00
    -5.03926396e-01 5.87474406e-01 -1.15409702e-01 -1.57473519e-01
    1.03263986e+00 1.40700865e+00 1.81979084e+00 -8.39861214e-01
    1.18447709e+00 1.73916030e+00 -7.61622787e-01 1.28318894e+00
    2.36706138e-01 7.77913511e-01 1.16936475e-01 -8.10599923e-01
    1.53635025e+00 1.22413635e+00 1.95409775e-01 8.59352767e-01
    -6.20912075e-01 8.00091326e-01 5.80741763e-01 -6.29811287e-01
    3.73358160e-01 6.86311543e-01 1.61636746e+00 3.13340962e-01
    1.44496346e+00 1.80841759e-01 8.60866189e-01 -9.77739915e-02
    3.51212919e-01 6.06642962e-01 1.02444790e-01 1.60380483e+00
    3.97296697e-01 6.82150722e-01 1.54464614e+00 6.49614871e-01
    1.03439569e+00 4.36409153e-02 -4.45341229e-01 8.73960614e-01
    8.60674500e-01 2.57469237e-01 1.46119833e+00 1.09321725e+00
    1.49388063e+00 4.36947495e-01 1.21261656e+00 2.21374840e-01
    -2.52224416e-01 6.72013640e-01 8.43346894e-01 1.52454793e-01
    5.36553800e-01 1.33295178e+00 9.18565571e-01 1.30138922e+00
    1.72658324e+00 1.73230779e+00 -6.40520215e-01 -3.36451203e-01
    7.92930186e-01 1.58846331e+00 -8.60561058e-02 1.20109046e+00
    -6.04443848e-01 7.48771131e-01 1.32549345e+00 2.19373092e-01
    -2.15538591e-01 1.06503272e+00 9.07301486e-01 -5.46407640e-01
    -7.87823439e-01 -4.39073175e-01 6.88733995e-01 -2.59981692e-01
    7.16998160e-01 3.93028051e-01 -6.79194629e-02 4.31684434e-01
    -4.87462789e-01 6.90026045e-01 1.33433175e+00 5.45502484e-01
    6.31371200e-01 1.68751195e-01 1.47624344e-01 1.35987389e+00
    1.31609929e+00 -6.75667584e-01 6.80551887e-01 -1.27519667e-01
    -1.62576720e-01 -7.27727175e-01 -4.31752920e-01 4.19411272e-01
    -7.06323683e-01 9.36228812e-01 1.58472991e+00 -7.41044223e-01
    3.32396299e-01 4.72617894e-01 6.61159277e-01 1.74919343e+00
    1.26172972e+00 1.53578317e+00 6.20580018e-01 1.31156826e+00
    1.47862780e+00 -3.05433333e-01 6.31017923e-01 -6.61389291e-01
    -6.30082786e-01 -3.48735183e-01 5.36060452e-01 8.38216484e-01
    -7.00896859e-01 1.47779202e+00 1.37676072e+00 1.22788894e+00
    -6.25177741e-01 -7.99249649e-01 -7.37786293e-01 -3.75642180e-01
    2.88106531e-01 5.66120267e-01 1.11093962e+00 9.58418667e-01
    1.35925806e+00 1.67519903e+00 -2.57440329e-01 -1.85450047e-01
    1.52837813e+00 1.64242351e+00 5.86713076e-01 -1.06729846e-02
    6.22882366e-01 8.29330385e-01 1.55956292e+00 1.07625234e+00
    7.89507926e-01 7.39348412e-01 1.06140482e+00 9.42073107e-01
    6.18912458e-01 -4.51124996e-01 -6.66143119e-01 3.00597638e-01
    8.40133309e-01 -5.33039272e-01 -2.21043691e-01 5.47092438e-01
    -6.74125791e-01 3.23493242e-01 1.27133429e+00 -3.27951908e-01
    1.45179331e-01 6.25198543e-01 6.07926130e-01 4.39913779e-01
    1.80061746e+00 4.66458708e-01 1.75956929e+00 -5.88185608e-01
    3.10727675e-02 1.71979502e-01 7.41136611e-01 -7.44959474e-01
    -3.61584574e-01 6.11115932e-01 -3.42178553e-01 6.61472142e-01
    -4.82653975e-01 -3.68197829e-01 1.54390562e+00 2.57678509e-01
    1.30383289e+00 1.56835401e+00 1.18062057e-01 3.36431861e-01
    4.71366882e-01 3.01282227e-01 1.38012218e+00 -9.10923779e-01
    5.34529865e-01 1.32705164e+00 5.92032850e-01 6.20234191e-01
    1.01246154e+00 1.76538134e+00 -4.34062749e-01 -7.85243630e-01
    -3.89447749e-01 1.75750804e+00 6.14407122e-01 7.63984025e-01
    2.62476709e-02 -4.70154554e-01 1.81671131e+00 -5.49309030e-02
    -3.00678879e-01 1.32729805e+00 2.01256648e-01 9.36369359e-01
    -6.67119622e-01 1.33769858e+00 -6.71095192e-01 8.42098653e-01
    3.93258065e-01 -6.26721501e-01 4.45591092e-01 4.07929420e-01
    -5.31931281e-01 4.27339464e-01 1.56631649e+00 5.34644544e-01
    1.49023151e+00 9.36564133e-02 2.68166363e-01 1.07340872e+00
    1.51325747e-01 1.47393227e+00 4.23623383e-01 1.24137342e+00
    -4.73067671e-01 2.48096645e-01 1.09727049e+00 1.38100970e+00
    1.60641932e+00 -1.51146680e-01 1.66393745e+00 1.25118625e+00
    1.67067781e-01 1.65878570e+00 -3.66603792e-01 9.36078787e-01
    2.46653363e-01 1.60038638e+00 6.01409674e-01 -3.99146795e-01
    5.55576384e-01 6.79139805e-04 -7.38189101e-01 -5.25418103e-01
    1.60178423e+00 1.41253126e+00 -6.68244541e-01 -7.66025960e-01
    1.45432854e+00 1.16557515e+00 1.57643199e-01 -1.28155395e-01
    -6.99237466e-01 8.42393100e-01 1.44192243e+00 -1.29666582e-01
    5.95407002e-02 1.50474536e+00 -2.41889939e-01 -8.12978923e-01
    1.45641994e+00 -6.78430498e-01 6.63312435e-01 -4.80055660e-01
    -6.66949689e-01 -7.09274352e-01 7.37954140e-01 1.11726612e-01
    4.80639935e-02 1.68919921e+00 5.76451898e-01 1.45861638e+00
    -6.25216186e-01 1.66584599e+00 1.55132905e-01 9.94583488e-01
    2.36891225e-01 -6.10050499e-01 -5.02031922e-01 6.89888358e-01
    -4.90705729e-01 -7.18989611e-01 8.07235897e-01 1.57411385e+00
    1.56763804e+00 -7.45148584e-02 1.61073220e+00 7.48576999e-01
    2.42553011e-01 7.06566811e-01 -5.79073131e-01 1.10774708e+00
    2.81202674e-01 -5.45261860e-01 -3.55236501e-01 1.45117521e+00
    1.01817989e+00 1.05455875e+00 1.00588036e+00 1.16049027e+00
    7.27168694e-02 -4.59471375e-01 2.17320070e-01 -5.06546259e-01
    1.17099082e+00 1.16728030e-01 1.76936805e+00 -5.83117008e-01
    7.58201957e-01 -1.32464632e-01 -9.93293896e-02 1.24925280e+00
    5.58762193e-01 9.41254869e-02 8.74943733e-01 -4.41768914e-01
    1.73719621e+00 1.82770383e+00 -6.48236513e-01 5.60074389e-01
    1.61172891e+00 -6.45227969e-01 7.05572963e-01 -4.41836327e-01
    -1.85740948e-01 1.56406581e+00 -1.21791847e-01 1.94763392e-01
    1.77838612e+00 2.15943158e-01 9.44127142e-01 6.00684464e-01
    2.09052525e-02 8.09367001e-01 1.08723080e+00 -2.83319950e-01
    6.27108693e-01 -4.58260119e-01 -4.61275488e-01 -3.59708250e-01
    9.08591390e-01 1.38267910e+00 9.01679814e-01 1.66185403e+00
    1.06447637e+00 1.39535677e+00 -8.14806283e-01 3.21420312e-01
    1.73775479e-01 1.22990346e+00 3.22315335e-01 -4.21762288e-01
    1.60243645e-01 1.06161654e+00 1.11245883e+00 1.67535400e+00
    3.33640754e-01 1.28562081e+00 -6.50203168e-01 1.50380278e+00
    9.72788110e-02 -7.81260669e-01 1.41480076e+00 1.04522157e+00
    5.18963337e-01 4.42154765e-01 -4.16436195e-01 -3.64261717e-01
    -3.76562059e-01 1.00755465e+00 1.26658750e+00 7.76809514e-01
    2.29310244e-01 1.87910274e-01 -1.69679344e-01 1.80871153e+00
    9.33540106e-01 9.90412951e-01 -5.63201487e-01 1.67335391e+00
    1.58201468e+00 1.10869420e+00 1.34246039e+00 1.26359856e+00
    1.30929959e+00 1.70267808e+00 5.26937604e-01 9.15479898e-01
    1.72395468e+00 7.85914063e-01 1.22132993e+00 6.24571919e-01
    1.02080274e+00 2.54757166e-01 -1.51701346e-01 2.06389293e-01
    -7.44080186e-01 1.18894756e+00 2.42492452e-01 2.86095381e-01
    3.88265491e-01 1.49965405e+00 -1.42602518e-01 1.49534845e+00
    1.20697510e+00 -6.37958586e-01 -1.37165442e-01 1.14639401e+00
    9.43826854e-01 9.62953746e-01 -6.19382076e-02 -7.84468174e-01
    5.89031205e-02 1.70753503e+00 -1.16729282e-01 1.08122274e-01
    -1.60464391e-01 -6.68133318e-01 4.28417385e-01 -5.99316478e-01
    9.32953835e-01 1.10458922e+00 3.59647304e-01 1.17888749e+00
    -3.78465652e-01 5.71360350e-01 1.12359846e+00 1.31249988e+00
    1.37556255e+00 7.37679243e-01 3.37373048e-01 6.81040704e-01
    -4.11407113e-01 1.72349739e+00 1.74685347e+00 3.29287499e-01
    1.66599751e+00 -6.18360102e-01 4.27279890e-01 1.44549048e+00
    -6.30354732e-02 1.00294685e+00 -8.45957696e-01 1.14718366e+00
    1.75906670e+00 6.67335391e-01 -5.90304852e-01 -2.61334330e-01
    5.17183602e-01 1.37398684e+00 9.91484582e-01 -8.45932126e-01
    4.72661853e-01 1.00442576e+00 -7.25284278e-01 -5.63336024e-03
    2.36551240e-01 1.03314209e+00 1.80783510e+00 -2.87891865e-01
    1.07562101e+00 1.68292236e+00 1.03044748e+00 -6.85420692e-01
    8.22681010e-01 1.99882668e-02 1.90585122e-01 -4.56197292e-01
    -5.15233219e-01 -8.92702043e-02 1.56657076e+00 1.47180760e+00
    -5.44356480e-02 1.31712675e-01 -4.76779729e-01 1.65922284e+00
    8.90709221e-01 -1.25256464e-01 5.89246750e-01 4.90791798e-01
    1.30920732e+00 -6.72716022e-01 1.33051455e+00 1.51184869e+00
    1.60989511e+00 -8.25783685e-02 1.11906028e+00 1.12413847e+00
    1.05056286e+00 -8.72175038e-01 -5.90394258e-01 2.14454830e-01
    4.27399516e-01 -3.20038736e-01 -4.84328896e-01 -5.28715372e-01
    -6.56069577e-01 1.07778800e+00 -5.05172074e-01 2.87074149e-01
    -7.53478706e-01 -5.62627334e-03 2.87363073e-03 1.21633780e+00
    -4.04009283e-01 5.84608734e-01 -8.26189041e-01 1.48075390e+00
    4.47877020e-01 9.50783789e-01 9.23398018e-01 5.12091875e-01
    1.59953821e+00 6.83405280e-01 9.87275362e-01 -2.48642221e-01
    -7.90018380e-01 1.38048339e+00 6.76626742e-01 1.66169012e+00
    1.73213577e+00 -4.27558571e-01 9.00591433e-01 8.01449716e-01
    7.59884417e-01 7.40961134e-01 -3.98667663e-01 2.16353193e-01
    1.64753294e+00 1.40778494e+00 -1.69623941e-01 9.61769283e-01
    4.32935953e-01 1.68516517e-01 4.02559549e-01 7.55672753e-01
    5.34005582e-01 -2.80664384e-01 1.42076719e+00 7.79164493e-01
    -6.87772214e-01 2.69989043e-01 -5.72548509e-01 7.17553794e-01
    9.59692955e-01 6.63215578e-01 1.24745977e+00 1.55681145e+00
    -4.21307832e-02 3.65836412e-01 -4.80395049e-01 1.33659971e+00
    1.41386062e-01 1.33803070e+00 -9.86528039e-01 1.65755272e+00
    1.17616281e-01 2.08742112e-01 2.78788894e-01 1.07969809e+00
    1.41704190e+00 1.51214528e+00 -5.37366211e-01 -1.24395683e-01
    -4.28047925e-01 1.54517615e+00 -2.60843128e-01 1.41321552e+00
    5.01384974e-01 -6.48375154e-02 2.85545737e-01 4.88977611e-01
    6.03311539e-01 1.40067172e+00 5.72737217e-01 -2.92810204e-04
    -3.11280698e-01 1.06680028e-01 9.53737378e-01 -1.72456712e-01
    1.12120181e-01 -4.85779375e-01 -4.93620634e-01 -6.35597169e-01
    -4.06449512e-02 9.14432481e-02 -3.50993305e-01 4.26005006e-01
    4.70131308e-01 1.56116045e+00 1.71025395e+00 3.35271627e-01
    -3.40015143e-02 1.94061294e-01 1.31062508e+00 9.57670093e-01
    2.68717200e-01 1.63268590e+00 1.10444057e+00 8.02350402e-01
    5.73528469e-01 -1.71275452e-01 4.68091607e-01 7.89668620e-01
    8.11263025e-02 3.94144952e-01 1.01102233e+00 5.62931299e-01
    8.81359875e-01 -4.06744480e-01 1.35218954e+00 1.38376462e+00
    -4.69912201e-01 4.88655686e-01 1.50533646e-01 -8.49199593e-01
    -1.03536688e-01 1.70275879e+00 2.29350150e-01 1.31452048e+00
    -5.85754097e-01 2.76272923e-01 1.34019434e+00 -6.12694383e-01
    -4.14488226e-01 -2.13638932e-01 2.88101584e-01 5.09278953e-01
    -3.93233955e-01 4.41524267e-01 -6.38567090e-01 -7.87414551e-01
    2.35781297e-01 1.29956162e+00 9.11382139e-01 -2.90570378e-01
    9.18180406e-01 -3.73166949e-01 -1.05680369e-01 1.02680743e+00
    1.10984766e+00 1.22825384e+00 -6.15319431e-01 8.35525393e-01
    1.42214954e+00 -4.42700058e-01 -4.25316721e-01 4.46149468e-01
    2.81321079e-01 1.61198115e+00 -8.22328806e-01 -6.87612116e-01
    -5.51760495e-01 8.92471313e-01 1.41653669e+00 1.53044105e+00
    8.68510380e-02 -2.30636403e-01 4.39148456e-01 1.27130222e+00
    1.73214006e+00 1.66180909e+00 -3.16937029e-01 4.50047612e-01
    2.92373151e-01 -2.18836084e-01 1.78583518e-01 4.56689656e-01
    -6.74917817e-01 -6.29591286e-01 -1.81119330e-02 1.24025095e+00
    -2.88499743e-01 5.16596973e-01 3.57499897e-01 5.65456808e-01
    1.43318057e+00 1.22636437e+00 1.10173178e+00 1.58792353e+00
    3.73397142e-01 -7.31821775e-01 1.18709481e+00 9.87627581e-02
    1.33310699e+00 2.18482628e-01 -6.06408894e-01 4.36022311e-01
    -9.83928069e-02 -5.48722327e-01 1.26036167e-01 7.67312586e-01
    1.39032018e+00 -8.43787074e-01 1.94665010e-03 1.59071410e+00
    1.24014664e+00 1.03410959e+00 1.68293118e+00 9.60739911e-01
    -7.42987335e-01 7.86240995e-01 1.73735070e+00 -4.05027360e-01
    1.55740333e+00 9.77766991e-01 2.85320908e-01 1.54184270e+00
    -5.06239653e-01 1.71132827e+00 7.86683738e-01 1.65472054e+00
    2.45773479e-01 -2.02117071e-01 1.48084664e+00 9.72055078e-01
    -6.27207994e-01 9.56953287e-01 -7.38426819e-02 1.08426559e+00
    -4.66838449e-01 -7.32200980e-01 6.08897626e-01 2.94750780e-01
    1.38168186e-01 1.77303863e+00 -5.94613850e-01 -2.50312351e-02
    1.25494373e+00 -8.46185088e-01 5.88962436e-01 1.19504285e+00
    1.71961415e+00 -6.73890710e-01 1.43292093e+00 1.12864256e+00
    -3.33441108e-01 4.61000919e-01 -9.01401877e-01 1.57701409e+00
    6.92588925e-01 8.70995998e-01 7.36061573e-01 1.09821200e+00
    1.32439184e+00 1.34206831e+00 1.00428104e-01 -6.72643900e-01
    4.26619828e-01 7.54214466e-01 1.84307027e+00 6.88674271e-01
    1.62999952e+00 1.17500007e+00 3.08321953e-01 -1.66675240e-01
    1.71795690e+00 9.77259934e-01 1.34345257e+00 1.06024408e+00
    -1.34183029e-02 1.06128299e+00 -3.34173292e-01 1.60508001e+00
    1.08150673e+00 5.67801416e-01 1.71333477e-01 -6.03794098e-01
    4.35757339e-01 -3.12718898e-01 1.26741993e+00 -5.58030270e-02
    1.07843757e+00 -2.20255792e-01 2.65846103e-01 1.19219351e+00
    8.26593488e-02 -8.50546598e-01 1.23507321e+00 -3.34892124e-01
    1.76190090e+00 4.50025529e-01 5.95384777e-01 6.26854300e-01
    1.66845012e+00 6.97665155e-01 -8.57606344e-03 1.69176567e+00
    -2.49984324e-01 1.35976529e+00 -5.54036617e-01 1.78503826e-01
    -6.13166153e-01 5.50438225e-01 1.43862820e+00 8.07337880e-01
    1.21672904e+00 6.26398325e-01 -2.01853290e-01 -6.51916683e-01
    4.98714447e-01 4.92788821e-01 -6.90767393e-02 1.65998459e+00
    1.28657043e+00 8.70307088e-02 1.13444960e+00 9.60189342e-01
    1.05202234e+00 1.22702277e+00 -3.89028876e-03 9.22941566e-01
    1.09914386e+00 9.55471754e-01 1.34938037e+00 -7.10039139e-01
    -2.82511055e-01 1.11938223e-01 6.28441751e-01 -1.84227735e-01
    4.34819639e-01 4.92012501e-01 -5.49311936e-01 -6.99761927e-01
    4.52638447e-01 8.21198642e-01 -3.40776443e-01 4.06492144e-01
    8.90620530e-01 -3.37730199e-01 -5.32849133e-01 4.45640594e-01
    8.57028008e-01 -4.58086520e-01 -6.99949086e-01 4.02128190e-01
    1.61010766e+00 1.48238754e+00 4.47835997e-02 6.24702513e-01
    7.84357607e-01 1.68518811e-01 8.92797530e-01 1.76401198e+00
    -7.30583906e-01 -7.47918189e-01 1.95005551e-01 -4.04987961e-01
    5.63717425e-01 -1.72209591e-01 1.79410481e+00 8.99962723e-01
    1.37057364e+00 -8.47708359e-02 8.48388493e-01 -4.60660249e-01
    1.15496433e+00 9.15227830e-01 1.17559445e+00 1.64891589e+00
    8.75499606e-01 1.74064887e+00 2.48341575e-01 -5.12869895e-01
    3.83330017e-01 4.74654973e-01 1.09889829e+00 -5.28855398e-02
    -4.31360185e-01 1.42668992e-01 -6.86012149e-01 1.04928946e+00
    -1.03977863e-02 -3.32202129e-02 1.00079477e+00 1.49941051e+00
    5.86582422e-01 1.71535090e-01 -6.78487062e-01 1.21914554e+00
    1.22786260e+00 2.82274276e-01 1.58069956e+00 3.09151024e-01
    1.72837591e+00 -8.37755799e-01 1.12055242e+00 8.47117424e-01
    1.21968615e+00 -6.64261639e-01 8.44793737e-01 -6.26521766e-01
    1.84978616e+00 8.69069219e-01 -1.87698618e-01 9.44179058e-01
    1.75481260e+00 1.42638302e+00 -1.23743892e-01 6.09692633e-01
    6.90230906e-01 -5.54745078e-01 1.80464709e+00 5.99289089e-02
    1.27366447e+00 -1.57005638e-01 4.16650593e-01 1.15219188e+00
    7.85046279e-01 -2.00544685e-01 2.29420111e-01 4.78377819e-01
    9.57660675e-02 1.32948995e+00 -2.98578411e-01 -1.09622560e-01
    1.62299728e+00 4.50059652e-01 -8.16286802e-02 -2.11193170e-02
    1.41640759e+00 1.13545847e+00 -2.27530405e-01 1.70245385e+00
    -5.65989971e-01 1.76172054e+00 1.10306931e+00 7.41675854e-01
    3.43705207e-01 3.64581794e-02 3.35335404e-01 1.56597865e+00
    1.51409018e+00 -6.78086221e-01 -6.50032282e-01 -3.17410797e-01
    8.03207934e-01 -4.47765529e-01 1.70723009e+00 1.72893739e+00
    6.46320105e-01 -6.66413784e-01 1.35929430e+00 1.74659884e+00
    -5.32379448e-01 -7.98955321e-01 -9.35782120e-02 8.81745040e-01
    1.59102511e+00 3.64340752e-01 -4.88497227e-01 1.72832572e+00
    7.32343674e-01 6.68163538e-01 1.27120781e+00 -9.28070489e-03
    1.00828552e+00 -6.12494409e-01 -8.82362723e-01 -2.95841873e-01
    1.33751535e+00 -4.08318818e-01 1.88770640e+00 -8.46046358e-02
    1.07238555e+00 1.35839844e+00 4.55181360e-01 -3.74036252e-01
    1.32113799e-01 -1.81514278e-01 1.20980930e+00 1.88954437e+00
    1.11029184e+00 -5.39793968e-01 1.68332398e+00 1.40528083e+00
    7.08465427e-02 -5.67756712e-01 1.27726924e+00 -4.90969121e-01
    6.58880055e-01 8.76466632e-02 -4.41646039e-01 1.34789348e+00
    1.28127789e+00 -1.53226659e-01 1.43593550e+00 -1.02365427e-01
    6.23510301e-01 1.19970262e+00 1.77071595e+00 -8.47870111e-01
    -1.57084823e-01 1.45409465e+00 -5.95829010e-01 1.13143921e+00
    -3.08230937e-01 1.04360235e+00 1.09029412e+00 2.20702231e-01
    1.71881795e+00 6.24562323e-01 1.42319810e+00 -3.17552462e-02
    1.09555757e+00 2.18000814e-01 -1.49287626e-01 6.19423799e-02
    -2.69957423e-01 3.46741527e-01 1.07009912e+00 1.85364455e-01
    4.27707493e-01 1.12617564e+00 4.11288261e-01 1.39065456e+00
    -1.29451752e-01 1.44110060e+00 -5.42684317e-01 6.03367627e-01
    -7.73096859e-01 2.01618180e-01 -4.07998562e-01 -2.11513385e-01
    -2.80154526e-01 2.13842407e-01 4.02120024e-01 -3.07099253e-01
    -3.41509402e-01 1.68038511e+00 -4.29747999e-01 9.85465169e-01
    -2.20857307e-01 1.15594697e+00 8.00035655e-01 1.53153434e-01
    -7.71622777e-01 1.75162351e+00 1.61789429e+00 -6.27260625e-01
    2.71216780e-01 1.72658682e+00 -7.91502297e-01 -4.10890639e-01
    3.56312506e-02 1.52395940e+00 3.06395859e-01 8.92552912e-01
    4.88124281e-01 6.41503572e-01 -1.25653446e-01 1.23323500e+00
    4.13292468e-01 -4.32428390e-01 6.91171110e-01 8.17614436e-01
    6.19026661e-01 2.79222745e-02 1.65138781e+00 1.71486354e+00
    -6.67747080e-01 -5.77396989e-01 -1.82237744e-01 1.63960552e+00
    2.08299547e-01 1.61681414e+00 1.54236221e+00 1.11591160e+00
    -5.75115860e-01 4.91551578e-01 8.57988775e-01 1.28913736e+00
    6.06911063e-01 1.81573236e+00 -1.91886961e-01 1.09331465e+00
    1.64977694e+00 1.43459415e+00 -1.11584231e-01 1.32833731e+00
    4.71261501e-01 5.05096197e-01 -2.78280616e-01 1.16466391e+00
    4.93390322e-01 -4.68079120e-01 4.75794911e-01 -4.21113074e-01
    -5.65177202e-01 -5.15833378e-01 4.11538363e-01 -5.65751940e-02
    1.12372637e+00 -3.08655441e-01 2.88391560e-01 1.20829761e+00
    -3.05680409e-02 6.89588070e-01 2.22343951e-01 7.85115004e-01
    -2.93503344e-01 -2.43991509e-01 1.29274607e+00 -1.77054644e-01
    2.50951171e-01 1.63806176e+00 1.64694023e+00 1.44475448e+00
    -3.18223059e-01 -4.35254484e-01 4.12040204e-01 1.65180850e+00
    1.17847621e+00 -3.57459873e-01 1.15160263e+00 1.63776326e+00
    -4.29154456e-01 8.45263183e-01 3.05391997e-01 5.12654901e-01
    7.51759589e-01 1.58143103e+00 1.35148823e+00 1.36488259e+00
    -2.38284752e-01 1.20172048e+00 -2.00016648e-01 1.03510201e+00
    1.76452100e-02 -3.65141958e-01 3.18961501e-01 9.32117879e-01
    1.77084649e+00 -4.16966408e-01 1.32406735e+00 1.71191835e+00
    8.38090241e-01 1.16680217e+00 -7.05450654e-01 -4.33126241e-01
    1.44313669e+00 9.42071855e-01 9.06906724e-01 -4.90857363e-01
    1.25909591e+00 -3.07564646e-01 1.27995622e+00 7.37520099e-01
    1.49300301e+00 4.09146398e-01 -9.29904655e-02 1.41604805e+00
    -3.01601887e-01 1.66689861e+00 -7.39447773e-02 8.36867273e-01
    1.42875779e+00 -8.22075963e-01 1.32071054e+00 -4.79236424e-01
    1.59626269e+00 7.83908963e-01 -2.71877319e-01 4.05237466e-01
    1.37132788e+00 1.27104855e+00 8.58953953e-01 -4.57358003e-01
    1.08408686e-02 -6.05524719e-01 -5.84297359e-01 8.36930096e-01
    1.07880205e-01 4.34147716e-02 5.37988722e-01 -6.85857773e-01
    -2.44664639e-01 1.66991723e+00 3.95363346e-02 1.76385355e+00
    6.24723956e-02 -6.91128522e-02 1.54582465e+00 -4.21807945e-01
    9.72040772e-01 -6.43345594e-01 2.87894458e-01 1.64626384e+00
    1.44631052e+00 1.75598949e-01 1.21139598e+00 -4.76116002e-01
    1.41938722e+00 7.00854897e-01 -8.19372594e-01 2.46702790e-01
    7.06395686e-01 8.59751403e-01 6.64417207e-01 7.90901959e-01
    1.56858790e+00 3.40737879e-01 1.54416347e+00 2.36593053e-01
    -8.21033359e-01 1.74786627e+00 2.13477448e-01 -3.01034778e-01
    1.20039296e+00 -3.13304126e-01 9.05585960e-02 6.80950642e-01
    1.37987959e+00 1.25607097e+00 1.31844699e+00 -3.41839910e-01
    8.04137290e-01 1.27457976e+00 1.70196497e+00 -5.89446247e-01
    8.99731696e-01 7.14294493e-01 3.61873269e-01 2.96465814e-01
    2.78704941e-01 5.48375964e-01 -2.93938577e-01 -4.62219536e-01
    -2.34047979e-01 -3.07774961e-01 -1.00633413e-01 1.60916328e+00
    1.33903754e+00 -7.19008505e-01 1.82590485e+00 1.55340874e+00
    5.60363531e-01 -2.20318913e-01 1.78128645e-01 3.45109195e-01
    1.70296931e+00 1.66507387e+00 -6.24080122e-01 2.09034383e-01
    5.65709313e-03 9.79374588e-01 9.58133459e-01 -6.67683333e-02
    -4.58163500e-01 9.37463284e-01 9.04439628e-01 9.90152657e-01
    1.49346876e+00 1.20694280e+00 2.90649444e-01 5.92642844e-01
    -1.30469590e-01 3.36495548e-01 1.65989041e+00 -5.49033523e-01
    8.34846735e-01 -5.10548413e-01 1.24788582e+00 1.00665409e-02
    -1.57383695e-01 -2.33085021e-01 2.18540877e-01 6.01964034e-02
    1.65174079e+00 -9.88308713e-02 7.13976193e-03 9.71624613e-01
    -9.06521559e-01 3.45354348e-01 1.67432392e+00 5.74469745e-01
    9.47757244e-01 -8.38535249e-01 1.03393686e+00 1.44554365e+00
    -4.61246014e-01 9.68137681e-01 5.93174994e-01 -6.89441204e-01
    -3.12960088e-01 5.05486429e-01 6.36004210e-01 9.11216140e-01
    4.79456156e-01 -3.31598312e-01 5.54248512e-01 4.04545486e-01
    1.60177660e+00 2.92508811e-01 -8.61316502e-01 1.15833294e+00
    4.63224873e-02 -5.29648662e-02 1.27373600e+00 -7.21309543e-01
    5.13394117e-01 1.34619403e+00 2.16283694e-01 5.07546484e-01
    6.32367492e-01 -2.40323395e-01 -8.05531085e-01 5.70916414e-01
    1.60180461e+00 1.09236848e+00 5.45277774e-01 5.96294761e-01
    -6.70252025e-01 -2.90320992e-01 9.95689631e-01 3.44440073e-01
    7.91852951e-01 -8.37774754e-01 1.71961415e+00 5.50530791e-01
    8.81571829e-01 4.35958833e-01 1.12678361e+00 1.22480774e+00
    1.67371833e+00 1.14076638e+00 -4.37160343e-01 4.68267091e-02
    7.01896608e-01 1.07928765e+00 4.96189117e-01 -5.63649952e-01
    -5.05139053e-01 1.09910941e+00 4.49220911e-02 9.96137857e-01
    -7.59161651e-01 1.42649889e+00 1.40073144e+00 6.35152698e-01
    8.93971622e-01 -5.17740428e-01 1.17182112e+00 9.18731153e-01
    8.08140159e-01 1.11158395e+00 -4.84943867e-01 1.35070235e-01
    6.70393646e-01 4.65559006e-01 1.68629193e+00 1.15180659e+00
    1.75675619e+00 1.09191811e+00 2.44379416e-01 -5.15307486e-01
    -1.76703230e-01 1.84015226e+00 9.20501411e-01 5.12443781e-01
    1.68312109e+00 4.21663254e-01 -3.30093563e-01 -6.37036085e-01
    1.48226619e+00 7.88448453e-01 1.19786596e+00 8.24128568e-01
    1.27265200e-01 1.12241529e-01 1.66499183e-01 -3.79404306e-01
    2.73181885e-01 7.57931396e-02 -1.27586842e-01 -6.09391630e-01
    1.76052123e-01 5.10866702e-01 -5.08207142e-01 -5.38682759e-01
    -7.06389844e-01 1.01203144e-01 8.02797854e-01 9.41319466e-01
    1.28697157e-01 -5.04638195e-01 7.79817104e-01 -6.55426830e-02
    1.66699064e+00 -5.67138195e-01 -2.87965447e-01 7.98619986e-01
    1.23234999e+00 6.68259859e-01 -7.13934064e-01 -6.92618072e-01
    8.89047265e-01 -9.11349431e-03 1.46749830e+00 1.34583926e+00
    -1.30676523e-01 -5.41929781e-01 1.20834351e+00 6.35555685e-01
    1.62956178e+00 1.87734568e+00 8.92906785e-01 1.89022493e+00
    7.01164722e-01 1.11922193e+00 -6.47310734e-01 1.29332769e+00
    -6.20251179e-01 -7.07948864e-01 -1.79915324e-01 -9.86755341e-02
    1.13427973e+00 -4.16099876e-01 8.65415275e-01 4.32562709e-01
    -7.02711880e-01 2.23122224e-01 -6.04203701e-01 1.38522375e+00
    7.39836395e-01 1.62774372e+00 1.76610589e+00 1.42446816e+00
    1.65654171e+00 1.71805108e+00 3.66545707e-01 2.94403076e-01
    9.87544298e-01 1.40465701e+00 -5.45750797e-01 1.38029909e+00
    1.78790063e-01 1.90045059e-01 1.62126982e+00 9.21167374e-01
    2.49757677e-01 1.20606279e+00 1.68024790e+00 4.85034019e-01
    -3.40191722e-01 -4.45671052e-01 1.87228546e-02 1.29404175e+00
    -4.24745709e-01 1.23031831e+00 1.73035657e+00 8.93581927e-01
    8.76210704e-02 7.19174206e-01 -3.39694433e-02 -5.49010700e-03
    -5.13869166e-01 1.73439348e+00 -6.46333456e-01 1.36204934e+00
    1.58372247e+00 -8.15104097e-02 1.14915907e+00 3.60579044e-02
    1.27935719e+00 1.68126190e+00 7.33701825e-01 -4.10140216e-01
    1.52635980e+00 1.10075223e+00 6.79904699e-01 1.61339617e+00
    4.67379689e-01 -3.38928878e-01 6.04348004e-01 -5.13484657e-01
    -1.85646623e-01 6.19476795e-01 9.00273561e-01 1.35035217e-01
    -3.80507410e-01 4.44437891e-01 -7.07696974e-01 1.58287680e+00
    1.67464197e+00 6.29580617e-01 -5.39437652e-01 1.89574167e-01
    1.03613687e+00 1.13394248e+00 1.70021951e+00 3.90648574e-01
    5.83702385e-01 -5.87833405e-01 -2.25542020e-02 1.83236468e+00
    5.73428512e-01 4.59798127e-01 -2.83887655e-01 1.47074020e+00
    -5.58129966e-01 -2.82026231e-01 -3.28017443e-01 1.61891174e+00
    2.65315354e-01 8.19729865e-01 9.59467113e-01 -7.02145815e-01
    7.36545980e-01 -9.42796886e-01 4.50863868e-01 1.49587739e+00
    1.23833895e+00 -1.30845115e-01 5.16599774e-01 1.41977477e+00
    -6.30028024e-02 1.04707193e+00 -5.26224971e-02 8.26401472e-01
    3.84950399e-01 6.03271537e-02 1.32790101e+00 9.63734865e-01
    1.22249842e+00 1.42546654e+00 1.03134191e+00 -6.20204546e-02
    4.19280708e-01 1.02756250e+00 6.12235546e-01 1.67145157e+00
    1.52882814e+00 1.70124531e+00 1.20292079e+00 -5.91542900e-01
    1.80053031e+00 -2.04326496e-01 1.20465350e+00 -5.32818615e-01
    9.53066885e-01 5.43280900e-01 2.50679236e-02 6.70763969e-01
    -5.19729733e-01 1.12520087e+00 1.64594913e+00 -5.04291534e-01
    1.17676163e+00 -1.51738673e-02 1.10213673e+00 -6.05865598e-01
    1.62317908e+00 -8.17763090e-01 7.89081872e-01 8.21407199e-01
    1.02478766e+00 1.41867757e+00 -7.71488786e-01 1.03361988e+00
    1.29313123e+00 1.50334120e+00 1.58113337e+00 -2.06288889e-01
    -5.78070819e-01 2.30245218e-01 1.46062589e+00 -7.49599859e-02
    1.44364095e+00 -5.83503366e-01 -6.07035577e-01 3.60444754e-01
    7.96187460e-01 1.87348038e-01 3.45139414e-01 1.45649755e+00
    1.48734999e+00 6.18975997e-01 -7.58846760e-01 -4.98664111e-01
    3.35967720e-01 3.07137430e-01 1.08467889e+00 1.60413766e+00
    1.62330222e+00 -8.09729695e-01 1.13646924e+00 -1.72872290e-01
    4.54806745e-01 1.84548140e+00 -7.77112722e-01 1.19431448e+00
    1.03973353e+00 1.49197116e-01 6.26641035e-01 1.62088847e+00
    8.29725385e-01 -7.30494440e-01 6.98085725e-01 -3.41384023e-01
    1.06672394e+00 1.41337752e+00 1.52531028e+00 4.31033432e-01
    -9.41592827e-02 3.30984175e-01 1.51220703e+00 4.95778084e-01
    1.99855305e-02 1.36263108e+00 6.25090718e-01 1.81137286e-02
    1.74216449e-01 9.80502069e-01 -3.31584156e-01 5.15325844e-01
    -5.03102064e-01 1.42419684e+00 9.98719111e-02 2.41481185e-01
    -6.23842776e-01 1.04675794e+00 -3.63156289e-01 -8.26163054e-01
    1.03003728e+00 1.41725230e+00 2.92326242e-01 8.12539220e-01
    9.20477152e-01 6.35711193e-01 1.01295519e+00 -7.46819794e-01
    -2.20117401e-02 -3.52099329e-01 -6.74686015e-01 1.05910051e+00
    -8.60684887e-02 7.00006008e-01 1.16668545e-01 9.45965648e-01
    1.22262031e-01 5.24536669e-01 7.03657925e-01 1.02261281e+00
    -2.99240261e-01 -5.66557884e-01 8.59360933e-01 -6.38615310e-01
    6.78641737e-01 1.31437957e+00 1.69476283e+00 -3.68869826e-02
    3.93529683e-01 1.66420352e+00 1.53391469e+00 8.95681083e-01
    1.28670907e+00 1.64322245e+00 -8.12372863e-01 1.56432354e+00
    1.41021764e+00 1.67690739e-01 -5.55941701e-01 2.40127873e+00
    1.76184487e+00 -8.58870223e-02 -2.07474008e-01 1.13060027e-02
    6.46558166e-01 1.35617042e+00 -6.44873500e-01 -1.40901849e-01
    9.95653961e-03 9.33122337e-01 1.73346326e-02 5.08754253e-01
    1.53452981e+00 1.06237733e+00 -2.49096751e-02 1.52966619e+00
    3.15720737e-01 -1.54505357e-01 3.07030916e-01 -6.00405335e-01
    7.49939144e-01 -2.17217222e-01 -4.60369773e-02 1.15488398e+00
    9.17806447e-01 1.08987689e+00 1.21155846e+00 1.45672238e+00
    6.55197978e-01 1.47973016e-01 4.94035147e-03 4.39793259e-01
    -4.31865156e-01 -5.40429890e-01 -5.46730220e-01 1.63178420e+00
    -1.10051520e-01 1.27033460e+00 -4.04339731e-02 -1.73344731e-01
    1.61777306e+00 9.54140961e-01 1.33921504e+00 1.67144835e+00
    6.02744520e-01 -1.21809311e-01 -7.54235506e-01 1.43145418e+00
    5.34100711e-01 1.55969930e+00 3.86781603e-01 5.33517301e-01
    -4.94738847e-01 8.86021256e-01 4.61056709e-01 -7.54078627e-01
    -6.74723208e-01 7.08814263e-01 -6.13397241e-01 1.07020748e+00
    9.00564909e-01 1.33557892e+00 7.94063926e-01 4.66537654e-01
    -8.39596272e-01 6.21583581e-01 7.04537690e-01 4.27731037e-01
    1.45629179e+00 6.10905588e-01 -4.42037106e-01 -4.64797169e-02
    1.23227930e+00 1.78096652e-01 5.98489195e-02 5.99422157e-01
    1.79113114e+00 2.53351629e-01 1.43813431e+00 1.23452389e+00
    -3.67347181e-01 1.63232303e+00 1.56086802e+00 2.02633083e-01
    -6.89314187e-01 -4.04709816e-01 1.18005168e+00 1.54747260e+00
    -5.09188712e-01 1.53091240e+00 -4.56947498e-02 4.04323339e-01
    -3.99717450e-01 8.98216009e-01 8.43781710e-01 1.33383632e+00
    1.11277378e+00 -5.17653883e-01 1.68189049e+00 1.42814577e+00
    -2.58277208e-01 4.65471596e-01 8.87470186e-01 3.14949125e-01
    6.19343817e-01 4.62765664e-01 6.42670095e-01 1.00703061e+00
    1.48369300e+00 -9.29944664e-02 1.73635435e+00 1.51016569e+00
    1.68572545e+00 3.60083550e-01 9.45417225e-01 -1.74597189e-01
    1.29528141e+00 -5.48570514e-01 9.03214991e-01 1.06037164e+00
    2.15625927e-01 1.46617126e+00 -5.69362044e-01 -4.97227674e-03
    4.09786962e-02 1.22545755e+00 -7.22573757e-01 5.08023620e-01
    1.38668463e-01 -6.89946711e-01 1.07826090e+00 9.45689321e-01
    6.80991590e-01 4.51096177e-01 1.73476207e+00 6.58176422e-01
    7.88142025e-01 1.44044864e+00 7.48939574e-01 1.01965857e+00
    3.72346252e-01 -8.37982178e-01 1.03676188e+00 1.27571136e-01
    5.54369211e-01 -1.27249137e-01 1.21679413e+00 6.98806047e-01
    -3.89605194e-01 2.94382960e-01 -3.61176282e-01 1.63792491e+00
    8.60724151e-01 3.71636838e-01 -2.80969944e-02 1.06504023e+00
    1.02054954e+00 1.68996906e+00 -1.50602773e-01 6.06456339e-01
    -1.92449376e-01 1.61625493e+00 1.78953934e+00 -5.81657708e-01
    1.12223446e+00 9.04642522e-01 3.48485202e-01 3.87364447e-01
    1.76461983e+00 5.04075229e-01 -1.97446585e-01 1.42521203e+00
    8.16342384e-02 -7.42559314e-01 -1.71763152e-01 6.99175477e-01
    1.55580366e+00 -7.79998839e-01 8.15948009e-01 -2.02173710e-01
    -6.35769293e-02 5.89721143e-01 8.77816498e-01 -3.84209216e-01
    1.76412153e+00 -7.69489288e-01 1.29940391e+00 2.24447355e-01
    -5.26328802e-01 4.58155632e-01 1.33820939e+00 2.03738734e-01
    -2.30516496e-04 -5.44761360e-01 8.75949562e-01 1.62691188e+00
    1.76441360e+00 1.73880482e+00 9.07957852e-02 7.70011365e-01
    1.72023106e+00 1.01166701e+00 1.05858076e+00 -4.44592863e-01
    -6.35286212e-01 -2.03416705e-01 1.46459901e+00 6.64685145e-02
    1.21273804e+00 -5.11774242e-01 1.40669286e+00 -6.93225026e-01
    1.10317755e+00 -2.13016152e-01 8.83271396e-01 2.87938803e-01
    1.45414603e+00 8.47432137e-01 6.16267145e-01 2.60329157e-01
    1.40019727e+00 3.88881266e-01 1.16700399e+00 -3.28305483e-01
    1.12939417e+00 1.88621446e-01 8.95134628e-01 5.12658179e-01
    8.78059089e-01 8.08932245e-01 -1.06038367e-02 6.61279857e-01
    4.29506212e-01 1.79578364e+00 -7.46628225e-01 4.47652221e-01
    2.89542198e-01 8.72537494e-01 -6.72751009e-01 7.13588953e-01
    5.16673267e-01 1.30101359e+00 1.23799372e+00 4.18365970e-02
    8.14021885e-01 -1.84483379e-02 6.97097898e-01 9.39510763e-01
    -3.58539000e-02 3.62469167e-01 1.45881093e+00 8.83194268e-01
    -5.07462859e-01 7.87840307e-01 1.38058734e+00 1.67628586e+00
    7.97654092e-01 1.47508371e+00 -1.09516963e-01 1.48790097e+00
    -2.88896114e-01 1.81103897e+00 1.24760246e+00 -3.13659549e-01
    2.92415023e-01 -8.81209224e-02 4.33196306e-01 -6.25376284e-01
    1.42424202e+00 1.36551583e+00 8.18284512e-01 1.15337038e+00
    1.39603138e+00 1.36681545e+00 -1.76213831e-02 1.16367912e+00
    -7.37591147e-01 1.29134130e+00 -4.60374951e-02 9.46000397e-01
    -4.97634083e-01 1.50983763e+00 1.35825896e+00 1.48165345e+00
    1.74788105e+00 5.71930230e-01 1.04319596e+00 -6.85672879e-01
    -9.65097994e-02 7.58907735e-01 1.60059428e+00 7.80753493e-01
    1.75719631e+00 7.97461808e-01 -3.75585109e-01 9.13983703e-01
    1.23314507e-01 6.68741226e-01 1.06107330e+00 8.63838792e-02
    1.59451735e+00 8.11275616e-02 1.72550273e+00 4.93145168e-01
    3.97862941e-01 1.65286040e+00 1.77195013e+00 -7.47838736e-01
    -5.28644741e-01 -7.23445177e-01 1.25342679e+00 1.72602808e+00
    -2.05760315e-01 1.19740963e+00 1.37317944e+00 9.07726586e-02
    7.82184064e-01 4.34989661e-01 7.57491291e-01 2.97554493e-01
    1.80179164e-01 2.77880073e-01 5.77110648e-01 6.57617092e-01
    -6.68504596e-01 2.52670586e-01 -7.51015663e-01 4.47594300e-02
    1.08877218e+00 1.49070680e+00 -7.60476708e-01 9.33361530e-01
    -3.59881036e-02 -3.65524024e-01 1.70891368e+00 -1.64579824e-01
    -4.97366965e-01 -7.83360600e-01 1.28671026e+00 7.47436583e-01
    9.55763638e-01 1.15758860e+00 5.23087204e-01 1.57819688e+00
    -1.36127874e-01 7.85817206e-02 1.08825409e+00 1.57900393e+00
    8.61058474e-01 8.88692364e-02 3.00796360e-01 1.23148382e+00
    9.80624199e-01 1.08228672e+00 -8.37502480e-01 2.61371255e-01
    1.16500306e+00 -5.97986460e-01 7.35406578e-01 -3.93055677e-01
    1.23080647e+00 1.58269274e+00 2.94738650e-01 6.38701737e-01
    9.91221666e-02 2.97149092e-01 -5.95913827e-01 1.45829546e+00
    6.19220622e-02 -8.03643107e-01 6.98965341e-02 1.58548844e+00
    1.24320745e+00 -4.26316142e-01 3.18450570e-01 7.15235949e-01
    9.63447988e-02 1.47382879e+00 8.86007428e-01 1.00847185e+00
    1.06447506e+00 1.55870569e+00 8.33216608e-01 7.88118660e-01
    5.27914166e-02 -5.00101037e-02 -4.10915405e-01 7.73962200e-01
    1.37761497e+00 1.84094644e+00 -4.00063843e-02 -2.28574648e-01
    -1.36920229e-01 -6.03992403e-01 1.00918269e+00 -2.46566847e-01
    7.87420809e-01 1.58353961e+00 1.72033536e+00 6.54000103e-01
    -6.46613479e-01 1.62851286e+00 3.55031610e-01 9.08019900e-01
    1.54765463e+00 -5.72530568e-01 4.44744200e-01 -5.68173289e-01
    1.21113849e+00 1.67302120e+00 8.85884225e-01 9.82124031e-01
    8.97725523e-01 3.64876650e-02 2.35111281e-01 9.92170930e-01
    1.45302558e+00 -2.10844889e-01 1.31751764e+00 7.20921278e-01
    6.22132242e-01 -4.42908883e-01 -3.98240626e-01 1.77661216e+00
    -7.08395600e-01 1.95407733e-01 -7.80890763e-01 9.61141765e-01
    -5.00150919e-01 2.58123875e-01 1.63695705e+00 -5.17030597e-01
    6.06616020e-01 -3.24944764e-01 -1.96019858e-02 -4.39897418e-01
    3.90879273e-01 8.30735683e-01 1.74076509e+00 1.74114883e+00
    2.82036811e-01 6.19691372e-01 -1.98827103e-01 1.45747793e+00
    2.63503134e-01 1.42025208e+00 -6.68511271e-01 3.45217705e-01
    -3.54193956e-01 -5.91901779e-01 -3.66628528e-01 1.07221138e+00
    5.24089813e-01 2.14658856e-01 5.14320284e-02 2.26101801e-01
    1.14447546e+00 1.61286318e+00 4.57985193e-01 1.60042632e+00
    1.20750237e+00 -2.70909280e-01 -5.57755113e-01 2.18505979e-01
    1.53616762e+00 6.91762209e-01 1.36563027e+00 -7.60529220e-01
    -6.87031269e-01 -1.07186744e-02 1.47632170e+00 1.67073059e+00
    -3.96237016e-01 -4.02834952e-01 1.73543859e+00 9.21276689e-01
    9.79618490e-01 1.03337991e+00 1.79539192e+00 9.00044888e-02
    -5.13035774e-01 -2.36091912e-01 1.09291697e+00 8.40439081e-01
    -5.20606995e-01 1.27311039e+00 -3.85079175e-01 9.12126452e-02
    -2.94990748e-01 1.03200817e+00 1.47119403e+00 1.48375762e+00
    3.18477541e-01 1.76632488e+00 6.99278638e-02 -4.80812073e-01
    1.00197077e+00 -2.99383979e-02 6.32504106e-01 -4.56977397e-01
    1.12185359e+00 8.03599656e-02 6.90930128e-01 4.46961015e-01
    1.70211422e+00 1.05039465e+00 -2.12632626e-01 1.12543710e-01
    1.70426562e-01 -5.00412583e-01 3.71038518e-03 5.75857282e-01
    9.24811244e-01 1.65364766e+00 1.56921279e+00 1.62274516e+00
    -5.46618283e-01 1.24372292e+00 1.26260149e+00 5.27647972e-01
    -4.86697778e-02 -3.44277143e-01 -2.27454767e-01 1.33736119e-01
    -6.68678164e-01 1.75487804e+00 6.94998264e-01 3.33905488e-01
    1.52407110e-01 -1.36403114e-01 1.36333251e+00 -2.47850150e-01
    9.98976156e-02 1.55532897e+00 2.98161119e-01 2.40059763e-01
    -2.01631874e-01 -5.80389313e-02 1.50218558e+00 -3.69679451e-01
    1.13847636e-01 8.20664346e-01 -3.47586900e-01 6.61760390e-01
    6.49724007e-01 -7.70868957e-01 1.07456386e+00 -1.78126216e-01
    6.26082718e-01 1.56899285e+00 3.37851703e-01 4.03277516e-01
    3.32690567e-01 -3.28867048e-01 -5.59401751e-01 -1.30410284e-01
    3.81338477e-01 1.70642003e-01 1.15238011e+00 5.15470326e-01
    1.01511097e+00 -6.70262277e-01 6.41984880e-01 1.56849098e+00
    1.67551196e+00 1.22670770e+00 -6.25167191e-01 5.24602473e-01
    3.10537845e-01 -7.74102449e-01 1.97038203e-01 -4.68310833e-01
    -6.01777077e-01 -7.02257812e-01 -2.82874107e-01 3.52995932e-01
    1.37394994e-01 -2.97583729e-01 1.52480030e+00 3.47734988e-01
    -7.46151388e-01 1.76222515e+00 1.65142226e+00 -7.36114383e-01
    1.73233354e+00 -3.88201386e-01 1.50127545e-01 -3.49501789e-01
    9.16108370e-01 1.11840677e+00 1.17403698e+00 1.84288859e-01
    1.33990824e+00 -5.66803575e-01 2.44869381e-01 -7.95426071e-01
    1.51351467e-01 -3.57697129e-01 9.28055584e-01 4.16686200e-02
    1.36906600e+00 9.82930005e-01 1.60219455e+00 8.62206638e-01
    -8.35508168e-01 1.35009158e+00 1.32888091e+00 2.12209582e-01
    1.28112948e+00 1.01166952e+00 1.35570145e+00 5.27832270e-01
    -1.50415123e-01 1.41541159e+00 -8.36934507e-01 -5.26549220e-01
    4.61403906e-01 1.18847096e+00 9.39438105e-01 3.09472442e-01
    1.25638199e+00 6.54442191e-01 1.52065420e+00 -1.67623684e-01
    2.40231693e-01 1.69928122e+00 1.07085454e+00 1.58283341e+00
    1.57129049e+00 2.29864612e-01 1.53010190e-01 1.49683505e-01
    1.62469041e+00 8.07086825e-01 1.03042424e+00 1.46164584e+00
    -3.58918726e-01 1.06854117e+00 -4.56320524e-01 1.38643891e-01
    6.12252772e-01 -8.20087910e-01 -5.24012864e-01 1.58867526e+00
    6.81057870e-01 1.10374844e+00 4.60611492e-01 -1.79618046e-01
    1.34660447e+00 5.19047737e-01 -7.13948548e-01 3.45817000e-01
    1.12109852e+00 1.55010378e+00 -2.74588317e-02 1.38858175e+00
    2.98177212e-01 -4.10301149e-01 1.64184606e+00 -2.32712656e-01
    1.42330706e+00 1.48393059e+00 -7.20739722e-01 -7.84475133e-02
    4.56765980e-01 5.06807566e-01 -1.21880718e-01 -7.46090472e-01
    8.03313315e-01 4.04771388e-01 -2.94353813e-01 4.48873639e-01
    1.08999312e+00 1.19945638e-01 1.16475606e+00 1.74959671e+00
    -1.58767998e-01 1.29571986e+00 8.05457294e-01 -5.33387482e-01
    -8.97417068e-02 3.17124397e-01 1.31059718e+00 6.04326248e-01
    -9.25101191e-02 1.74143004e+00 1.57176054e+00 1.30292523e+00
    -1.00425296e-01 6.55054927e-01 1.56291008e+00 -1.28472134e-01
    1.13237178e+00 -5.05818367e-01 -4.42993253e-01 -7.58311629e-01
    -7.55030096e-01 1.36554813e+00 9.92779195e-01 1.82465136e+00
    -6.84367180e-01 8.08865190e-01 1.73810339e+00 -6.65733814e-01
    1.53000689e+00 7.64149904e-01 -5.34881592e-01 9.97291446e-01
    6.68870568e-01 -7.03415096e-01 1.24570155e+00 -4.65969443e-01
    -2.94851840e-01 8.39914620e-01 -9.67088789e-02 8.69773030e-01
    -2.13988945e-01 -4.40731734e-01 1.88495564e+00 -4.40609187e-01
    1.79408133e+00 1.26026607e+00 -2.16076389e-01 -4.16321307e-01
    1.75492489e+00 5.02290010e-01 -3.49767298e-01 -8.19734335e-01
    2.43890584e-01 1.12438083e+00 1.64784062e+00 1.56271684e+00
    -1.64326131e-01 8.32619891e-02 5.69095075e-01 4.43174511e-01
    7.02276528e-01 1.38178742e+00 3.22370738e-01 6.49789870e-01
    1.22201407e+00 2.71929294e-01 -3.47340815e-02 3.99229050e-01
    3.96438122e-01 1.35616314e+00 1.63257390e-01 8.40771735e-01
    -4.45423514e-01 -3.27113532e-02 1.24312162e+00 7.07306981e-01
    8.09206292e-02 1.63702333e+00 -3.30128044e-01 1.55166209e+00
    -4.31590937e-02 9.34393048e-01 9.57856357e-01 1.34907675e+00
    -1.93743601e-01 9.68682587e-01 9.75271940e-01 1.59671739e-01
    -7.30866730e-01 -4.15914954e-04 1.07714355e+00 1.06369150e+00
    -3.24229479e-01 8.10800672e-01 9.43021715e-01 -1.22915037e-01
    1.40326059e+00 9.26351607e-01 5.14250755e-01 1.13271356e+00
    5.76857746e-01 1.10106051e+00 -4.80303913e-01 2.94205043e-02
    -2.80130468e-02 9.66499448e-01 1.51033831e+00 7.65141070e-01
    -1.15432873e-01 -4.07762080e-01 1.31749666e+00 1.34728611e-01
    9.60804343e-01 1.34032893e+00 1.58648625e-01 6.04710340e-01
    1.16363168e+00 -2.51282990e-01 1.66014850e+00 -7.36897290e-01
    -4.31185663e-01 -4.33743864e-01 1.50943112e+00 -6.87697530e-01
    -4.26420867e-01 9.02756155e-01 2.45513111e-01 5.05860373e-02
    -8.69694576e-02 5.59588730e-01 1.49957693e+00 9.00854409e-01
    7.04341829e-01 4.81554091e-01 -4.53956544e-01 5.19392669e-01
    2.52932638e-01 1.18510857e-01 1.46741182e-01 7.59293735e-01
    6.58982873e-01 -1.96683884e-01 -3.16269726e-01 1.60454047e+00
    -5.97044766e-01 -4.30780388e-02 -1.23371847e-01 -7.08838478e-02
    -4.56933901e-02 -3.33093524e-01 -3.03041972e-02 -4.79390830e-01
    7.91709781e-01 1.42555308e+00 2.58746415e-01 -1.41770661e-01
    1.45175242e+00 -3.20218503e-02 1.03827345e+00 7.05805898e-01
    7.50473499e-01 1.69679618e+00 1.45249617e+00 9.74625230e-01
    1.51838481e+00 5.25830984e-01 -4.65738893e-01 -8.35802674e-01
    1.31478870e+00 1.05622542e+00 5.52754223e-01 1.37151420e+00
    8.03846240e-01 -7.18385816e-01 7.67880917e-01 4.98864740e-01
    -5.09240806e-01 6.29922688e-01 3.86630774e-01 1.72481567e-01
    8.75012517e-01 8.43943417e-01 -4.40682173e-01 -3.75793129e-01
    1.80091098e-01 3.11147273e-01 1.24725091e+00 -3.09697002e-01
    2.04072028e-01 6.89427674e-01 -5.24885535e-01 2.60755509e-01
    1.20602775e+00 7.40250528e-01 1.67055094e+00 1.29980016e+00
    -1.52706295e-01 1.16657183e-01 -6.64300680e-01 5.60128629e-01
    -3.66476148e-01 -5.33190727e-01 -6.47945166e-01 -7.97105432e-01
    3.34223717e-01 4.12450284e-01 2.58704066e-01 -3.32643718e-01
    1.63719940e+00 4.37169462e-01 -2.67959032e-02 9.96826470e-01
    3.51867318e-01 1.47302413e+00 1.62346756e+00 4.21278864e-01
    -2.22036824e-01 7.08815038e-01 9.85511839e-01 4.56836671e-01
    -1.15882792e-02 1.72648942e+00 9.68239009e-01 5.96870258e-02
    1.51593435e+00 1.25491762e+00 1.27783930e+00 5.96965015e-01
    1.33335137e+00 1.16613126e+00 -4.11715597e-01 -3.53919744e-01
    2.87428290e-01 9.48567271e-01 1.02330320e-01 5.54230809e-01
    6.48796320e-01 1.69705534e+00 1.24942094e-01 1.56967700e-01
    1.30827355e+00 -1.22834519e-01 1.29315948e+00 1.49656105e+00
    1.48967767e+00 -1.06065087e-01 7.98970997e-01 1.19387329e+00
    1.60264814e+00 1.20560157e+00 -6.94756091e-01 -6.83672011e-01
    1.31791914e+00 1.39096618e+00 -4.10176873e-01 8.19743931e-01
    1.13553815e-01 3.43160480e-01 1.05007327e+00 8.27329040e-01
    4.76843446e-01 1.84320176e+00 -2.32960671e-01 9.81483400e-01
    1.49096680e+00 -4.55020785e-01 3.07076812e-01 6.27060533e-01
    -2.52274752e-01 3.65306377e-01 1.56841671e+00 5.39937556e-01
    5.74461579e-01 1.13605404e+00 6.99063420e-01 6.27690017e-01
    4.67182130e-01 1.45828402e+00 1.74929357e+00 1.25486541e+00
    -7.85418749e-01 2.83933580e-01 -4.18731004e-01 1.15111200e-02
    2.47777671e-01 4.41263497e-01 9.70371485e-01 -1.87677950e-01
    4.18115020e-01 -2.29305089e-01 -3.80220711e-02 9.23240483e-01
    -7.56956041e-01 3.17514479e-01 3.65213782e-01 1.57667148e+00
    -4.48741436e-01 1.33428478e+00 1.40979326e+00 1.93549916e-02
    7.96908915e-01 -6.87576950e-01 2.52323389e-01 1.33354032e+00
    8.56838763e-01 -6.53467357e-01 1.17592275e+00 -5.01003563e-01
    8.21081340e-01 5.26139081e-01 1.21759391e+00 -7.15610564e-01
    1.80543199e-01 1.65528476e+00 7.28423521e-02 -4.58094388e-01
    2.18179092e-01 1.72001588e+00 1.23442590e+00 1.09921920e+00
    5.49638569e-01 8.52885187e-01 4.88959283e-01 -6.93423033e-01
    1.63596261e+00 -4.62371439e-01 1.09375045e-01 1.65807295e+00
    1.48119879e+00 -1.07237995e-01 1.71294138e-01 -2.31535852e-01
    6.30547523e-01 1.09172869e+00 4.84567106e-01 4.39165711e-01
    1.31368959e+00 6.01897240e-01 -1.67752042e-01 1.25349772e+00
    4.28560674e-01 -3.64545733e-01 1.30882168e+00 1.82154655e+00
    1.85139155e+00 -3.97111863e-01 1.91207755e+00 6.89318717e-01
    -4.61550444e-01 1.96358073e+00 6.38026714e-01 -3.47863063e-02
    1.35281157e+00 1.16799855e+00 2.64274210e-01 7.04093814e-01
    -5.93467474e-01 -6.08566225e-01 1.30515397e-01 1.54348695e+00
    1.81308270e-01 6.96752965e-01 1.15819669e+00 5.99384606e-01
    -1.74756348e-01 1.65160155e+00 -8.18042457e-01 6.23417377e-01
    6.27473176e-01 -3.10156405e-01 1.58117068e+00 -3.50983441e-01
    -7.47125864e-01 3.52211207e-01 -4.99721497e-01 1.45219982e+00
    2.14982510e-01 1.79667652e+00 -6.86538696e-01 1.22870421e+00
    -6.48212194e-01 5.76648474e-01 4.38513219e-01 -4.22645211e-02
    -4.49007563e-02 9.24495161e-01 1.05799639e+00 2.34492496e-01
    3.64497662e-01 1.54587710e+00 1.56615484e+00 -3.54779124e-01
    7.90584758e-02 1.06341827e+00 -3.40570658e-02 1.13918984e+00
    1.08275008e+00 -8.32910120e-01 -2.34474391e-01 -8.19037020e-01
    -6.75096154e-01 9.03931797e-01 1.45656133e+00 1.40355185e-01
    1.32421958e+00 1.17101979e+00 4.85026151e-01 -5.75614870e-01
    6.82890058e-01 1.10895157e+00 7.52821386e-01 1.83603930e+00
    1.25432825e+00 5.16089536e-02 3.71300042e-01 -2.20479593e-01
    3.11675191e-01 7.17251599e-01 1.52911997e+00 1.20416665e+00
    -7.39687204e-01 3.58154923e-01 5.06140709e-01 8.57838988e-01
    3.15596968e-01 1.11691535e+00 -5.01024649e-02 -4.73510981e-01
    -4.16280717e-01 5.63434601e-01 1.47047567e+00 1.50482655e+00
    1.75679910e+00 1.71580887e+00 1.37843788e+00 9.52883184e-01
    -6.76507771e-01 8.12716782e-01 1.29924035e+00 -9.98312980e-03
    8.30089450e-01 6.43640220e-01 1.21162164e+00 -5.67338876e-02
    5.84635317e-01 8.71021390e-01 5.62855780e-01 1.44819736e+00
    -4.05023992e-01 1.39547408e-01 1.16741443e+00 1.02167869e+00
    1.32488751e+00 -1.72812149e-01 5.77240027e-02 -3.08039300e-02
    3.71403277e-01 2.43724972e-01 1.14459038e+00 1.74068272e+00
    1.50117183e+00 3.23171824e-01 1.28287888e+00 -7.96364427e-01
    1.50318933e+00 9.66483355e-01 8.50167811e-01 -6.74696028e-01
    -6.04216278e-01 5.22940159e-01 1.76551151e+00 1.44063175e+00
    -3.70580018e-01 3.32479894e-01 -1.61522388e-01 4.20877188e-01
    6.98063135e-01 1.75415069e-01 6.01526916e-01 -3.59783590e-01
    6.62217259e-01 8.09312999e-01 7.71903634e-01 1.72227478e+00
    -1.87598560e-02 -5.66300333e-01 1.45708948e-01 7.75590122e-01
    6.69326663e-01 4.48026150e-01 8.00111592e-01 4.47346181e-01
    3.74599934e-01 4.34304982e-01 1.41972589e+00 1.43231470e-02
    4.94154930e-01 1.43731594e+00 -1.81386963e-01 1.20403743e+00
    1.52214277e+00 -3.18725705e-02 5.89697778e-01 1.47465551e+00
    -7.01512218e-01 -4.15223658e-01 5.37774920e-01 -5.53338788e-03
    -2.50359297e-01 1.49815589e-01 -3.37642461e-01 -3.05132896e-01
    -5.05171239e-01 4.03718054e-01 1.84757090e+00 -7.78405726e-01
    4.86614525e-01 -2.99844354e-01 1.01025152e+00 -3.43050033e-01
    1.06809902e+00 5.13091564e-01 1.46053851e+00 -3.39395195e-01
    1.87756491e+00 4.94655728e-01 -6.71414137e-02 1.16123743e-01
    -3.28665599e-02 1.73363698e+00 -8.23379159e-01 -1.47198007e-01
    1.21352601e+00 1.05995762e+00 1.19732738e+00 1.40146804e+00
    -6.05826676e-01 6.84090793e-01 1.84520090e+00 1.26331337e-02
    1.54375827e+00 1.57988501e+00 1.72466028e+00 1.62480068e+00
    1.39195061e+00 4.68847752e-01 5.25280796e-02 -2.86594927e-01
    1.70884180e+00 1.33124912e+00 5.39269149e-01 -6.41766250e-01
    5.57175636e-01 1.04869080e+00 -4.88707542e-01 1.17094301e-01
    6.55421793e-01 1.76996839e+00 -5.42150617e-01 -2.11918563e-01
    -2.46309474e-01 4.41957861e-01 -5.89382201e-02 2.91546673e-01
    6.10145211e-01 4.43377435e-01 1.38265300e+00 -1.94684967e-01
    -1.81033805e-01 1.13721311e+00 1.20970452e+00 4.96620446e-01
    -1.77110076e-01 1.53811574e+00 -6.22053921e-01 1.25669733e-01
    9.80366990e-02 -5.45719936e-02 -8.67119655e-02 1.65766627e-01
    -3.68396580e-01 -7.10822105e-01 -1.08803049e-01 9.52803075e-01
    1.32605445e+00 1.49985671e+00 1.13846326e+00 -3.12437415e-01
    1.93015397e-01 -4.69407678e-01 8.47113788e-01 3.49080451e-02
    9.20519292e-01 -7.83117771e-01 -6.47378683e-01 -5.04975975e-01
    1.66483033e+00 4.07150686e-01 2.06901550e-01 1.50824583e+00
    -1.23928227e-01 6.27182007e-01 1.89721048e+00 1.12833463e-01
    6.88389987e-02 1.12031353e+00 3.46731186e-01 9.47777271e-01
    1.71030951e+00 1.41696286e+00 -5.24862945e-01 3.78980003e-02
    1.53101242e+00 1.15300131e+00 4.95685786e-01 1.73163104e+00
    -7.97009230e-01 1.43176413e+00 1.36849701e+00 -3.76566529e-01
    7.76706114e-02 1.31973636e+00 5.65501511e-01 8.51546507e-03
    -6.99718237e-01 1.37117195e+00 8.36767614e-01 2.40916595e-01
    1.90978050e-01 1.40356362e+00 1.42891634e+00 1.41410422e+00
    -1.80839464e-01 -4.62790392e-02 7.32738137e-01 1.83371758e+00
    1.54665399e+00 3.59389842e-01 -5.03919840e-01 2.07388505e-01
    -7.83879399e-01 1.29175866e+00 1.33628988e+00 7.96685874e-01
    -3.89771938e-01 9.71082687e-01 4.49096084e-01 -4.31665123e-01
    1.34745407e+00 -4.69455123e-01 1.54322767e+00 1.47662461e+00
    1.50044644e+00 8.06988776e-01 -2.25878004e-02 1.07565022e+00
    1.96594283e-01 1.02826500e+00 1.23846436e+00 -1.18310750e-01
    4.71590996e-01 1.51489961e+00 -7.32410252e-01 -1.52124846e-02
    1.49809515e+00 -2.67660201e-01 -1.64890155e-01 2.96956986e-01
    8.40260267e-01 1.30867803e+00 5.20094812e-01 1.91973567e-01
    2.75796771e-01 -3.70381981e-01 1.33090210e+00 1.61774349e+00
    7.74327397e-01 1.49989784e-01 -2.26356044e-01 -5.65666556e-01
    9.77783203e-01 7.78907657e-01 3.90491635e-01 1.51768982e+00
    -4.38730359e-01 1.42977214e+00 -5.69423139e-01 2.45344564e-01
    -1.18301608e-01 -5.24691939e-01 -7.86954165e-02 -7.36796856e-01
    1.71424007e+00 1.50591266e+00 3.84159327e-01 -7.91703820e-01
    1.56644142e+00 4.71449763e-01 1.66383058e-01 1.28827965e+00
    1.52793026e+00 9.96419311e-01 -1.13424055e-01 -7.12551773e-01
    -2.65437067e-01 1.42419112e+00 -6.90452099e-01 -1.66623354e-01
    4.44058537e-01 4.66734581e-02 3.65096182e-01 5.45077734e-02
    1.23504862e-01 -1.24142058e-01 -5.13368905e-01 5.93446553e-01
    1.28408849e+00 -2.91999042e-01 1.77681983e-01 -9.87351537e-02
    2.21729893e-02 3.88272107e-01 1.68631947e+00 1.63929689e+00
    6.64466560e-01 -3.95129412e-01 1.65215755e+00 2.47099787e-01
    -4.60820854e-01 1.14596224e+00 -4.79112774e-01 1.76217794e+00
    1.07263815e+00 1.50990307e+00 5.46070635e-01 -4.70256984e-01
    -3.87426347e-01 2.28517652e-01 1.54933080e-01 4.86261547e-01
    -4.35417116e-01 -7.42034972e-01 4.73526597e-01 2.26963997e-01
    -7.85077631e-01 1.08266807e+00 1.67601085e+00 -5.11668801e-01
    -1.60394400e-01 -5.53579092e-01 1.21263099e+00 4.17742908e-01
    1.62691891e+00 5.37217379e-01 1.11465573e+00 -1.57101169e-01
    -3.46452922e-01 7.22330855e-03 -8.70837048e-02 4.00156915e-01
    6.64408803e-01 1.45808840e+00 9.91709828e-01 1.73143017e+00
    -4.08520624e-02 1.28777117e-01 1.01676953e+00 1.08017421e+00
    -6.36685491e-01 2.06133667e-02 1.69136894e+00 6.20684683e-01
    -9.63844806e-02 -3.33586901e-01 1.93112075e-01 -3.72424811e-01
    -5.93152530e-02 -1.23059362e-01 1.63260806e+00 5.86484969e-01
    -5.06291129e-02 -7.59513825e-02 -5.06581903e-01 8.60156715e-01
    -2.35685334e-01 1.21849799e+00 1.47523010e+00 -1.48207456e-01
    1.68232512e+00 1.25877368e+00 6.23898357e-02 -7.43573904e-02
    1.38644588e+00 -5.25344729e-01 -6.62461042e-01 -2.00843349e-01
    -3.29601735e-01 6.03078008e-01 -7.17501389e-03 1.72912800e+00
    -5.28821535e-02 -6.88474000e-01 -7.26738632e-01 -6.08035803e-01
    1.05297220e+00 6.31531537e-01 -1.17267512e-01 -3.10503662e-01
    8.80510509e-01 1.28754830e+00 7.16196358e-01 2.54218757e-01
    6.74388409e-01 -6.41711235e-01 1.79082084e+00 8.76406908e-01
    1.45587966e-01 1.32394159e+00 -4.46951687e-01 -6.73344076e-01
    1.36325407e+00 1.60902178e+00 9.65528786e-01 1.09791934e+00
    -6.82546347e-02 -2.64815927e-01 5.54595709e-01 -2.31971309e-01
    2.98118055e-01 1.41010630e+00 1.39275208e-01 4.61372346e-01
    9.37856138e-01 7.99356341e-01 6.17293119e-01 -2.79397573e-02
    1.38880002e+00 -3.20505530e-01 9.36141968e-01 1.06401467e+00
    4.84053880e-01 9.35326755e-01 1.65852356e+00 1.62901616e+00
    1.19778526e+00 2.44073987e-01 1.30192173e+00 2.44184881e-01
    3.08157712e-01 -5.70845664e-01 -6.54209733e-01 2.77130127e-01
    -2.99643874e-01 1.53536189e+00 1.05381715e+00 1.14795482e+00
    2.01761633e-01 1.95088208e+00 1.11405706e+00 1.42472595e-01
    1.49941230e+00 1.95385802e+00 2.50276893e-01 -1.54493198e-01
    -7.68796325e-01 9.07392621e-01 1.52137005e+00 9.41911161e-01
    7.19981119e-02 2.84272313e-01 9.16522622e-01 1.22597206e+00
    -4.86297101e-01 8.79916966e-01 -7.57822335e-01 3.85237247e-01
    1.57678401e+00 9.67098951e-01 8.65984380e-01 -2.64170945e-01
    9.01471198e-01 -3.11341256e-01 -1.54305011e-01 1.57587445e+00
    -1.55533284e-01 1.04742217e+00 7.62895867e-02 -7.21449077e-01
    -3.82556826e-01 5.44632077e-01 9.03321683e-01 -5.69614232e-01
    7.26794720e-01 2.39546433e-01 -4.24720764e-01 2.46992216e-01
    1.05471575e+00 1.50310040e-01 8.63474548e-01 8.53509977e-02
    4.01928633e-01 1.61913502e+00 -5.82944930e-01 -1.86978772e-01
    1.62409937e+00 4.64029402e-01 6.17102742e-01 -7.21776187e-02
    5.00274420e-01 -2.61457145e-01 9.18795943e-01 1.65472424e+00
    6.94675922e-01 8.44542325e-01 6.98376477e-01 4.57390815e-01
    6.62252486e-01 4.17122990e-01 8.82770419e-01 4.33772415e-01
    2.42248610e-01 1.19533360e+00 1.54259813e+00 1.25332820e+00
    8.00387025e-01 2.63893783e-01 -8.55110049e-01 6.45095170e-01
    -4.71360564e-01 -6.18884504e-01 9.07305956e-01 1.77692831e+00
    1.13361835e+00 7.27545083e-01 1.15142941e+00 1.67191231e+00
    1.22855258e+00 7.84682214e-01 1.56281054e+00 4.78860468e-01
    -2.41455466e-01 -2.33159155e-01 1.75307977e+00 1.56209064e+00
    -6.65485382e-01 -4.80722815e-01 1.77998841e+00 1.28308928e+00
    -6.49483204e-01 -3.01111460e-01 4.14587647e-01 1.35119691e-01
    2.99091488e-02 4.53873694e-01 3.02991509e-01 1.51712632e+00
    1.23632956e+00 8.26351251e-03 1.20824993e+00 1.19220212e-01
    -4.98221964e-01 -7.53125772e-02 2.57579416e-01 1.42447209e+00
    5.15102856e-02 1.52636933e+00 1.32655692e+00 1.62960637e+00
    8.21769536e-01 -5.28057396e-01 -6.25695810e-02 2.11490929e-01
    7.58199275e-01 6.05097353e-01 -5.59101403e-01 -5.78586042e-01
    2.23889217e-01 1.56833148e+00 4.35892701e-01 1.17714500e+00
    1.71655142e+00 -7.37979054e-01 6.58818424e-01 6.63613439e-01
    3.52402598e-01 1.37695599e+00 -3.00165057e-01 4.63254899e-02
    -7.44059026e-01 1.66060603e+00 8.60845089e-01 -3.17278504e-01
    9.39800799e-01 6.38234019e-01 7.53176153e-01 -1.00554772e-01
    1.26255286e+00 6.90797389e-01 -6.26576662e-01 1.08707774e+00
    -4.74322528e-01 -6.24513924e-01 7.19057471e-02 -6.17837071e-01
    1.67509064e-01 3.39494109e-01 1.72975445e+00 7.60900557e-01
    3.94221276e-01 1.41933894e+00 1.19572532e+00 5.77096105e-01
    -4.22968090e-01 -1.79064661e-01 1.48022902e+00 1.50511324e+00
    7.11179197e-01 -5.38485274e-02 1.48515809e+00 -2.35344201e-01
    1.04641056e+00 3.87760431e-01 1.59623837e+00 -4.71495599e-01
    -4.58974272e-01 2.00791676e-02 1.38326621e+00 1.35300386e+00
    1.26609576e+00 4.49501574e-01 1.27918649e+00 9.62952256e-01
    7.61760771e-01 -7.87397683e-01 1.30526721e-01 1.67977214e+00
    1.83567894e+00 1.71315193e+00 1.57650337e-01 -1.21781230e-01
    1.46047398e-01 5.08713841e-01 1.36916682e-01 5.30457616e-01
    5.58539391e-01 5.09748682e-02 1.44074512e+00 -4.99966055e-01
    5.62045097e-01 -6.33717537e-01 1.75100374e+00 -1.67131931e-01
    4.89091843e-01 -1.28608525e-01 1.08327317e+00 1.33064258e+00
    1.07158542e+00 -1.57408565e-01 5.43612957e-01 4.89279062e-01
    3.47525179e-01 -1.44680003e-02 -5.48684955e-01 -4.10182059e-01
    1.14400780e+00 -4.23169643e-01 -1.86459586e-01 3.85673821e-01
    -1.48702681e-01 2.48970583e-01 2.45980471e-01 1.32044828e+00
    1.26440190e-02 2.68405110e-01 1.68958700e+00 -8.51323605e-02
    1.88348687e+00 6.86221957e-01 -4.73945469e-01 1.43676475e-01
    4.03118312e-01 -4.18097615e-01 1.24618864e+00 7.12792695e-01
    2.02054232e-01 -5.69541574e-01 1.69719958e+00 1.71065497e+00
    8.60696971e-01 1.10163319e+00 -1.21625528e-01 -2.03532010e-01
    1.08331490e+00 2.88991742e-02 1.38444555e+00 2.15980127e-01
    -6.72410667e-01 -9.53351781e-02 1.76402366e+00 -2.62981713e-01
    8.77806246e-01 -1.05381690e-01 1.64422476e+00 2.14132860e-01
    9.75252569e-01 -1.42651603e-01 5.97133458e-01 7.81861126e-01
    1.44533622e+00 -8.04500729e-02 2.99883515e-01 -6.79456353e-01
    -2.25638673e-01 7.03516304e-01 -2.97307104e-01 1.34443057e+00
    -4.30385679e-01 1.84155548e+00 1.39375401e+00 1.21586096e+00
    5.39518744e-02 4.10971075e-01 1.16984630e+00 1.70848399e-01
    2.18214333e-01 -2.21033201e-01 -2.27899142e-02 1.35984480e+00
    1.34783077e+00 1.44563019e+00 1.31901693e+00 1.53849554e+00
    -7.71610558e-01 1.47991681e+00 1.04257131e+00 1.41364169e+00
    1.37366688e+00 1.13759685e+00 9.19869900e-01 9.18272674e-01
    -4.27044034e-01 1.42908585e+00 1.74755788e+00 1.82953347e-02
    -4.75598603e-01 1.24706805e+00 1.80732620e+00 -3.13512832e-01
    4.68192771e-02 3.20275307e-01 1.86217976e+00 8.48326504e-01
    8.05286288e-01 -7.68526495e-01 1.61708534e+00 4.80414182e-01
    -8.44805539e-01 1.38215077e+00 1.71707273e+00 7.64266789e-01
    -3.42563748e-01 -6.01274908e-01 8.57188851e-02 9.70781326e-01
    1.07625413e+00 6.76435232e-01 6.40918076e-01 -2.47814849e-01
    9.01898801e-01 -4.26334679e-01 1.65916944e+00 1.59362197e+00
    1.56301761e+00 -3.07474703e-01 1.23326647e+00 -6.00200653e-01
    -7.00304568e-01 8.10316086e-01 3.80928218e-01 -6.10980034e-01
    1.55389595e+00 3.93627644e-01 5.66619992e-01 3.51974517e-01
    1.16097915e+00 1.24682593e+00 -5.98575234e-01 1.35519445e-01
    1.46309173e+00 1.31942153e-01 1.17438948e+00 -8.20875347e-01
    2.89158851e-01 7.65888840e-02 -7.54008114e-01 1.16964257e+00
    -4.40833539e-01 9.36787963e-01 -8.26125592e-02 1.32536900e+00
    1.42624938e+00 7.80145705e-01 1.46569121e+00 -9.97406468e-02
    -3.31338882e-01 1.48539603e+00 6.04419857e-02 3.98111135e-01
    1.79565299e+00 2.68053889e-01 -3.19113523e-01 -2.06885904e-01
    1.31092966e+00 -4.32233304e-01 1.75968695e+00 9.26197171e-01
    1.62410486e+00 -3.19964349e-01 9.57762063e-01 1.31005156e+00
    1.43117762e+00 5.69675326e-01 7.62998581e-01 -4.70512323e-02
    -2.42774382e-01 1.62848377e+00 1.30953956e+00 1.91108003e-01
    9.87575769e-01 -1.18775606e-01 1.54330671e-01 1.22608006e+00
    8.26346934e-01 7.76137531e-01 4.31015819e-01 1.97628103e-02
    2.10298255e-01 1.32129657e+00 -4.56127167e-01 -2.40807801e-01
    6.38753653e-01 1.74052870e+00 1.29116639e-01 -1.09882414e-01
    1.53558958e+00 -1.15564130e-01 -8.31571341e-01 1.34649694e+00
    1.15136242e+00 9.24866736e-01 1.23196161e+00 -6.35870159e-01
    -5.53004622e-01 -6.93804249e-02 9.23004985e-01 -7.43862510e-01
    -5.65155447e-01 1.04792809e+00 -8.32295138e-03 1.52409399e+00
    1.65243387e+00 1.46168411e+00 -2.12612554e-01 2.98653632e-01
    6.99381649e-01 -1.47615388e-01 4.77895468e-01 -7.00525893e-03
    -5.01064599e-01 9.53725874e-01 5.61067820e-01 8.97054613e-01
    -3.30337465e-01 -5.74334264e-01 -2.00029597e-01 5.56501925e-01
    6.91321552e-01 1.33979332e+00 -4.87649709e-01 1.10766685e+00
    -5.57770014e-01 7.73519456e-01 1.21370363e+00 1.54690194e+00
    -5.85116029e-01 7.75454760e-01 5.57296932e-01 -1.45164654e-01
    2.28512257e-01 -2.20618442e-01 5.38365066e-01 -1.29846424e-01
    3.60244781e-01 1.17257166e+00 2.85664439e-01 -3.98785561e-01
    1.41193974e+00 -5.94500840e-01 9.26315904e-01 1.59940195e+00
    7.72718787e-01 -7.87235498e-01 -8.09095353e-02 -4.39624369e-01
    1.65599668e+00 1.27115989e+00 5.33775568e-01 1.52316785e+00
    1.19147110e+00 1.51056147e+00 9.84303653e-01 4.19704109e-01
    3.37791741e-01 1.33757186e+00 1.58074594e+00 1.13649392e+00
    -2.09104910e-01 1.19916403e+00 9.13937449e-01 8.62133086e-01
    2.03290269e-01 1.24055251e-01 9.30734515e-01 1.65135336e+00
    1.10925102e+00 -5.87576330e-02 8.38705063e-01 8.83339405e-01
    1.52496326e+00 5.58798254e-01 -6.63526416e-01 5.35944045e-01
    5.54914832e-01 1.47408676e+00 4.56560999e-01 1.29472542e+00
    -1.75775796e-01 4.94478606e-02 -7.64076173e-01 1.47650361e+00
    2.62785107e-01 1.14824510e+00 1.21428311e+00 6.37289286e-01
    4.92247134e-01 9.68572617e-01 1.35945988e+00 1.31512499e+00
    3.22592705e-01 2.76507527e-01 -6.25874937e-01 1.04199111e+00
    -7.17953861e-01 1.70133185e+00 9.37664032e-01 -2.57372737e-01
    3.84368449e-01 5.20950079e-01 -9.42159146e-02 -1.60550609e-01
    1.61199105e+00 8.27377960e-02 -6.08143270e-01 -2.04546243e-01
    -1.18684024e-01 -2.69268334e-01 1.05785155e+00 -7.50289023e-01
    1.91236484e+00 1.95222092e+00 5.23572206e-01 1.47288144e-01
    1.42428112e+00 1.00304461e+00 1.57633495e+00 1.29974008e+00
    -3.71765971e-01 5.45189500e-01 6.00438118e-01 1.54358244e+00
    -2.84479648e-01 1.08005786e+00 1.86946303e-01 1.53280032e+00
    1.04849434e+00 -7.58613229e-01 7.77724385e-01 7.32983828e-01
    -1.85822338e-01 -2.96604812e-01 1.61279881e+00 -3.49400669e-01
    1.42865789e+00 -4.58416164e-01 -6.03518724e-01 8.48998547e-01
    -3.13535146e-02 9.66849089e-01 1.02890027e+00 -3.48275721e-01
    1.13881901e-01 1.49033666e+00 1.62825957e-01 -7.00314939e-01
    -1.53869586e-02 -6.47379696e-01 2.84446657e-01 5.85212946e-01
    1.47182405e+00 1.55411530e+00 6.83587134e-01 2.57380813e-01
    3.02633822e-01 1.28053176e+00 1.43138278e+00 -7.72562444e-01
    1.35707009e+00 6.40671790e-01 -3.66739407e-02 1.56960642e+00
    1.47377813e+00 -3.76485318e-01 1.74483871e+00 9.70569074e-01
    1.58424556e+00 1.52404225e+00 1.37458515e+00 -7.84665823e-01
    5.64097762e-01 -5.84648848e-01 -2.05947831e-01 1.21195281e+00
    1.60862041e+00 8.03443342e-02 -1.53324202e-01 9.03674960e-01
    1.37293124e+00 -1.63143963e-01 1.07044983e+00 -7.83031166e-01
    1.23127770e+00 2.66097635e-01 5.96082509e-01 9.47909355e-01
    -3.46837789e-01 9.65963244e-01 -6.60908520e-01 -1.97402611e-01
    1.09284163e+00 -5.17936587e-01 -7.82937884e-01 -3.38936836e-01
    1.45428717e+00 1.68568945e+00 1.62516308e+00 7.31687784e-01
    1.50979733e+00 -7.04635620e-01 1.37578952e+00 -3.01178396e-01
    -3.92956167e-01 6.63644671e-01 -7.20429540e-01 7.76198268e-01
    4.72789466e-01 4.20993567e-01 9.43597734e-01 1.36689317e+00
    1.54157970e-02 1.07827365e+00 -7.27708817e-01 6.01262927e-01
    -5.64429998e-01 8.76675904e-01 5.93083978e-01 -7.75356233e-01
    -4.19616908e-01 8.00855815e-01 -3.02207083e-01 1.72317004e+00
    1.11250210e+00 8.18638280e-02 1.04015656e-02 -5.70673704e-01
    1.70651054e+00 1.77202666e+00 1.49785447e+00 7.18457997e-01
    -2.36247465e-01 1.10477960e+00 -2.91885138e-01 1.25179976e-01
    4.14719015e-01 -7.23481119e-01 -7.72050440e-01 1.32586002e+00
    1.12833738e+00 -3.76454204e-01 1.22316301e-01 5.98827183e-01
    1.75967908e+00 -5.08398533e-01 1.55365860e+00 5.50497919e-02
    1.41674924e+00 1.66687191e+00 -4.67190333e-02 9.51509237e-01
    8.19537520e-01 1.78458762e+00 -2.72030562e-01 9.87777948e-01
    1.12045944e+00 1.29556549e+00 6.05278075e-01 -8.25607777e-01
    3.00824553e-01 1.14873135e+00 5.90601325e-01 1.61461592e+00
    -3.15689027e-01 1.16520727e+00 7.12625742e-01 1.70060134e+00
    4.15798873e-02 1.66044295e+00 9.30115581e-01 1.04573274e+00
    1.72745025e+00 2.01510176e-01 1.69277525e+00 -2.54571199e-01
    4.08258736e-01 1.34528995e+00 4.44699436e-01 1.42386281e+00
    -6.56159401e-01 1.37571120e+00 3.64548415e-01 7.38830209e-01
    2.58585155e-01 -2.24402584e-02 1.67954278e+00 2.91534275e-01
    1.49694848e+00 1.60107756e+00 1.81982684e+00 1.52088776e-01
    -6.53938532e-01 -3.74148458e-01 5.51741838e-01 -3.38846654e-01
    -3.53544086e-01 1.71815789e+00 6.01077378e-01 5.66673167e-02
    1.12747037e+00 9.57728267e-01 6.81704402e-01 2.71327551e-02
    2.40911618e-01 -3.77205499e-02 4.04411465e-01 3.88294347e-02
    1.62022126e+00 -6.23848557e-01 6.07447982e-01 -7.02970564e-01
    1.46918154e+00 9.47766840e-01 1.15528011e+00 -7.36560881e-01
    1.47293580e+00 1.67300344e+00 1.61242259e+00 8.06888998e-01
    -2.33728245e-01 1.81829822e+00 3.42057139e-01 1.16598690e+00
    4.00664836e-01 1.03555131e+00 1.68445039e+00 1.59599805e+00
    3.16768199e-01 -3.67585689e-01 1.29748762e+00 5.33672035e-01
    4.75929737e-01 -3.29793692e-01 -6.19529605e-01 -5.89996696e-01
    -4.44140553e-01 -6.91936314e-01 1.88456678e+00 5.64936459e-01
    7.82698929e-01 -4.27287668e-01 1.68140280e+00 3.14202875e-01
    7.28219688e-01 9.11968052e-01 1.04420829e+00 7.53232777e-01
    7.70966530e-01 1.51781499e+00 2.61618167e-01 5.41785598e-01
    1.39452553e+00 1.38566244e+00 -2.42561460e-01 1.29711315e-01
    5.50983071e-01 1.23218846e+00 1.47341347e+00 -2.37160206e-01
    1.79253983e+00 8.59531105e-01 3.60492319e-01 4.77881581e-01
    -5.95907390e-01 1.50346351e+00 -2.60726243e-01 1.36224794e+00
    5.02855241e-01 3.07505816e-01 8.16984475e-01 7.06103802e-01
    -2.04311043e-01 7.40311921e-01 1.14077067e+00 -5.26831567e-01
    2.28100419e-01 1.12060010e+00 7.22905815e-01 1.14668131e+00
    1.20411567e-01 7.28804052e-01 -8.40852708e-02 -6.95348144e-01
    1.17666173e+00 8.40741098e-01 2.55519152e-01 -5.94605029e-01
    1.06780338e+00 1.36751413e+00 1.61909068e+00 6.56486750e-02
    4.03200656e-01 1.08327472e+00 -8.24431032e-02 1.15730906e+00
    -5.36510646e-01 -5.57671368e-01 1.42221022e+00 -1.88360572e-01
    7.08009899e-01 9.51518178e-01 1.48792672e+00 -5.48010588e-01
    -6.11135066e-01 9.93750870e-01 1.80133975e+00 2.99880832e-01
    -1.02240853e-02 -8.06584537e-01 1.00864387e+00 -3.89620721e-01
    -1.38194889e-01 1.30138433e+00 5.01005948e-01 -3.99512172e-01
    5.21592647e-02 1.60503054e+00 8.16832006e-01 9.80019391e-01
    1.26952958e+00 -4.38815087e-01 -2.18651611e-02 -2.54789323e-01
    -1.89010739e-01 1.00570396e-01 -1.28084302e-01 6.01408839e-01
    1.67931116e+00 8.70886147e-01 -6.04313850e-01 1.73133552e+00
    -1.47370147e-02 -6.31827354e-01 3.31226468e-01 5.28669171e-02
    4.10854876e-01 1.52044451e+00 1.38108647e+00 1.76342118e+00
    1.45037866e+00 6.61906719e-01 -1.36140078e-01 -2.71206945e-01
    -2.05010369e-01 1.16621995e+00 -7.58267224e-01 9.51960325e-01
    1.53217971e+00 1.76667631e+00 6.98626995e-01 -2.52309829e-01
    1.44634664e+00 2.46142298e-01 -7.26585388e-01 1.37239957e+00
    -4.14149761e-01 1.60931754e+00 -6.80433989e-01 -5.62196970e-01
    1.42029798e+00 -2.29096293e-01 6.54513359e-01 -7.18488693e-01
    -1.18743293e-01 1.45778668e+00 8.36820185e-01 9.54067886e-01
    -8.10172498e-01 1.10767758e+00 1.09181248e-01 1.07869577e+00
    1.72434974e+00 8.25545847e-01 8.05848479e-01 4.64704335e-01
    1.45378017e+00 -4.42765474e-01 -7.41912425e-01 -6.68484628e-01
    9.38473940e-01 2.46821523e-01 7.57644355e-01 1.28660038e-01
    1.70961171e-01 -3.99428606e-01 -6.76310599e-01 1.38635242e+00
    4.79485430e-02 -6.76056862e-01 3.39675806e-02 4.80801523e-01
    -6.66788757e-01 6.04408681e-01 -6.06272459e-01 -6.47619486e-01
    1.36053586e+00 7.89792761e-02 7.02792585e-01 1.47035742e+00
    1.01877153e-01 3.27387005e-01 -4.51641411e-01 6.87794566e-01
    -6.37583017e-01 6.06049240e-01 9.51770782e-01 1.41692996e+00
    4.85548884e-01 2.65984058e-01 1.78347516e+00 -6.27674639e-01
    1.80300736e+00 1.36323595e+00 1.75617826e+00 -2.47483224e-01
    5.39079785e-01 1.07453561e+00 1.49194282e-02 5.37320971e-01
    1.14243925e+00 -2.81001069e-02 -2.76118189e-01 1.27748883e+00
    1.27915072e+00 -5.46514452e-01 1.77208209e+00 -5.36734700e-01
    1.46838844e+00 1.60110736e+00 1.34570569e-01 2.52770573e-01
    2.83394605e-01 -5.47591746e-01 -5.61022997e-01 5.98396957e-01
    5.07828951e-01 5.02065837e-01 -6.09502435e-01 -5.01382470e-01
    -4.55030262e-01 -2.04635292e-01 -7.60591105e-02 3.01628232e-01
    1.22782099e+00 1.34409261e+00 -9.37888175e-02 9.51255187e-02
    3.96489166e-02 -6.72558308e-01 -6.21158741e-02 1.40290380e+00
    -5.35695732e-01 5.61786890e-01 -4.00005907e-01 9.78309035e-01
    3.94471139e-02 1.05143523e+00 5.86736277e-02 1.40552688e+00
    4.02900398e-01 4.78640229e-01 -2.93103099e-01 1.43494856e+00
    -3.82218473e-02 1.29690540e+00 -5.86445808e-01 9.52324450e-01
    1.05552721e+00 -6.72219753e-01 -7.00233042e-01 -1.93164140e-01
    4.41682339e-01 4.42613095e-01 2.42119178e-01 -8.02901387e-02
    1.21105909e+00 -8.77460539e-02 1.86158419e-01 4.81292188e-01
    1.68236172e+00 3.29556912e-01 4.30575341e-01 5.94095051e-01
    -3.69712323e-01 5.15763700e-01 1.22876120e+00 -1.42467439e-01
    1.30246866e+00 2.61812180e-01 -2.63768166e-01 8.13476443e-01
    1.30714500e+00 -3.48886907e-01 -5.08554690e-02 1.39977157e+00
    6.64411902e-01 -7.89548218e-01 7.77700469e-02 9.83389616e-01
    -5.03184855e-01 2.35409096e-01 -7.83131897e-01 1.30651414e+00
    3.16130847e-01 8.77824664e-01 8.88798892e-01 4.71030027e-01
    -6.20603561e-01 -6.25625610e-01 -6.67471215e-02 1.72030509e-01
    1.69188917e+00 7.31336892e-01 1.35141444e+00 7.29529738e-01
    -2.49698669e-01 -5.99065185e-01 -4.92254734e-01 9.72357452e-01
    5.18279433e-01 -5.98669350e-01 1.59371936e+00 1.09207099e-02
    -2.75157541e-01 6.89656675e-01 -2.65440106e-01 1.62940711e-01
    5.29907465e-01 1.35733354e+00 1.34102273e+00 -5.28548419e-01
    1.56069010e-01 1.12397540e+00 7.96403289e-01 -6.07005954e-01
    -6.96449950e-02 -5.08571506e-01 2.67287225e-01 9.54239905e-01
    -6.90463245e-01 -6.10210776e-01 1.06465772e-01 1.06601405e+00
    1.32522786e+00 4.44465786e-01 -7.49337018e-01 3.13051231e-02
    1.63693142e+00 1.72832489e+00 7.85986423e-01 -2.61280816e-02
    1.91311106e-01 4.87263620e-01 9.41140652e-01 1.02099168e+00
    1.35639989e+00 1.49624515e+00 1.30558896e+00 -4.04698223e-01
    1.10125542e+00 1.30258477e+00 5.62419474e-01 1.45969081e+00
    9.41911697e-01 -1.19261201e-02 4.91119415e-01 -3.50386858e-01
    1.37471092e+00 1.75524950e+00 -6.25458777e-01 2.04699531e-01
    1.36374092e+00 1.76900899e+00 7.43676066e-01 2.66183376e-01
    -5.97810686e-01 9.65947092e-01 -1.80407286e-01 -5.09083152e-01
    1.16157398e-01 -6.83687568e-01 -8.78739506e-02 4.19817597e-01
    8.58727843e-02 -6.55927300e-01 9.69051659e-01 1.66817987e+00
    -7.65532255e-01 5.40457189e-01 1.55021656e+00 1.42620337e+00
    -8.05173159e-01 1.68952748e-01 2.55381882e-01 2.82260478e-01
    8.05104792e-01 -3.65877390e-01 1.19286478e+00 1.75707471e+00
    1.29879344e+00 -2.05212757e-01 1.91480562e-01 1.19729578e+00
    5.59159100e-01 1.18892801e+00 6.08956456e-01 3.70520413e-01
    -1.10471576e-01 -2.59153545e-01 2.85996974e-01 8.98820043e-01
    1.88407123e-01 -2.46093467e-01 -6.75347805e-01 5.33404946e-01
    2.74036322e-02 1.77475584e+00 -5.77543914e-01 1.35803318e+00
    -1.83191210e-01 1.79532021e-01 1.73609185e+00 1.24045074e+00
    5.67919314e-01 -2.86376059e-01 -9.12052542e-02 1.22947621e+00
    6.10086024e-01 2.98749745e-01 2.18148798e-01 1.06203234e+00
    1.30627275e-01 9.21625674e-01 3.14987063e-01 -6.24063969e-01
    5.20787537e-01 1.56726992e+00 8.96024108e-01 6.47292018e-01
    -6.47489786e-01 -3.96353453e-01 4.86414224e-01 -2.30607584e-01
    -8.00815582e-01 1.32384086e+00 8.20013702e-01 3.98054749e-01
    1.15576088e+00 -9.31146592e-02 1.72372878e+00 4.66178507e-01
    -2.40812704e-01 -4.54125732e-01 4.72576827e-01 1.41728914e+00
    1.73647177e+00 1.59078944e+00 1.40603900e+00 6.91060841e-01
    -1.16809718e-01 -7.03617215e-01 1.49295616e+00 1.36363983e+00
    1.49082422e+00 -1.83925778e-01 -7.10172951e-01 -5.16712010e-01
    1.47138846e+00 7.83163905e-02 1.57211447e+00 1.77925980e+00
    1.66206908e+00 -8.00584674e-01 -5.22573292e-01 1.63178122e+00
    5.92109561e-01 -8.41780081e-02 3.93698186e-01 -6.57149315e-01
    3.30418050e-01 -6.93114698e-02 2.11881801e-01 8.81144106e-01
    -2.07930043e-01 1.59362480e-01 -9.49396845e-03 -5.23437917e-01
    8.82625699e-01 -6.47887290e-01 -6.34124637e-01 1.11449942e-01
    1.36219382e+00 -7.62123168e-01 -4.32190150e-01 1.19521880e+00
    -5.78103885e-02 1.32399487e+00 9.13757503e-01 5.94797671e-01
    -8.18624645e-02 3.06770056e-01 -1.15853369e-01 1.36514947e-01
    1.16890442e+00 -3.85163119e-03 5.22658527e-01 1.71878254e+00
    9.68180180e-01 -5.06982446e-01 5.39337337e-01 1.63837165e-01
    1.26403427e+00 1.79868150e+00 -4.75401133e-01 -5.61569393e-01
    -4.98662174e-01 -3.51984382e-01 5.99650860e-01 -4.92435962e-01
    7.76358098e-02 6.62934005e-01 5.27058661e-01 9.42315876e-01
    -1.81566209e-01 -7.53706932e-01 9.33932185e-01 1.82396054e+00
    -5.32731593e-01 1.44227719e+00 8.51356387e-01 1.05557585e+00
    1.21613014e+00 9.36185196e-02 1.25462365e+00 -8.25044453e-01
    -1.84339240e-01 -4.84607816e-01 1.77046967e+00 1.62203634e+00
    -3.68002534e-01 4.25538063e-01 4.53962564e-01 -3.73732358e-01
    5.65414488e-01 8.40676665e-01 8.70824575e-01 6.06993496e-01
    6.11679912e-01 1.44161904e+00 1.45906568e+00 1.10493410e+00
    5.51001132e-02 4.95600075e-01 5.06219983e-01 1.39661229e+00
    -8.31684649e-01 9.62286055e-01 -3.00273895e-01 2.21341282e-01
    1.71146810e+00 1.42835033e+00 -1.13272734e-01 1.45985651e+00
    1.11723803e-01 -3.25322002e-01 -6.01457775e-01 3.37721288e-01
    -2.10763261e-01 -5.11503577e-01 3.06529880e-01 4.71057564e-01
    3.10185760e-01 1.03086019e+00 9.48395908e-01 1.25410581e+00
    1.72288549e+00 -4.32492375e-01 1.28778076e+00 -5.37632108e-01
    6.44695878e-01 1.02740836e+00 1.87780011e+00 2.42864919e+00
    9.21733201e-01 -4.63543713e-01 -4.42545265e-01 1.88279140e+00
    8.82004946e-02 -8.00005347e-02 1.32545149e+00 1.79198241e+00
    -7.02327073e-01 -8.15928206e-02 -2.86574632e-01 -3.76699090e-01
    9.02616501e-01 1.68299472e+00 7.50344932e-01 1.14992297e+00
    2.12464452e-01 7.37802446e-01 -1.98319912e-01 -3.79741669e-01
    8.38005543e-01 -8.32862556e-01 -5.00258267e-01 2.06001714e-01
    -3.22378695e-01 1.41893375e+00 9.25916016e-01 9.13504958e-01
    -4.88481611e-01 1.84070277e+00 -2.90365994e-01 -6.80608869e-01
    9.72702205e-02 8.63967896e-01 4.94377971e-01 -5.52626312e-01
    1.40018523e+00 1.24654305e+00 -6.51068628e-01 1.72195081e-02
    1.56312370e+00 6.47667408e-01 -7.20629215e-01 -4.88766223e-01
    -1.75488546e-01 5.97312272e-01 -7.34751940e-01 1.23514295e+00
    -4.07157570e-01 6.27421975e-01 2.99507678e-01 1.37941504e+00
    -6.13371670e-01 8.52606520e-02 -1.28433466e-01 3.15486789e-01
    2.28968367e-01 5.66710353e-01 6.70870662e-01 3.74678969e-01
    -6.06671393e-01 1.14663787e-01 2.74324238e-01 -2.37321481e-01
    1.14300859e+00 1.55438495e+00 1.07258570e+00 5.10215759e-01
    3.26708466e-01 -5.73125362e-01 9.30637062e-01 1.99066564e-01
    1.08152223e+00 9.90755618e-01 -5.76329529e-01 5.62860727e-01
    -5.39454855e-02 8.80488753e-02 -9.74917486e-02 -7.42668152e-01
    8.50878775e-01 7.67380118e-01 3.34202498e-01 1.51228821e+00
    7.80910790e-01 2.18656018e-01 1.26098239e+00 4.45021167e-02
    1.65149319e+00 8.06098640e-01 7.10030854e-01 1.02391493e+00
    5.41185439e-01 -7.82080054e-01 1.73161015e-01 7.96200871e-01
    -1.41843840e-01 1.15546668e+00 -3.22561324e-01 -5.04903316e-01
    8.93026590e-01 -4.70461637e-01 -1.65764138e-01 -1.41895100e-01
    1.42340517e+00 1.39301628e-01 -1.84812602e-02 -2.01788232e-01
    -2.80293196e-01 -4.52298045e-01 -5.76577961e-01 1.68178558e+00
    1.28966331e+00 1.27549267e+00 1.38395905e+00 -3.91599864e-01
    1.84435010e+00 4.14699823e-01 -2.41673723e-01 2.17409879e-01
    -1.14640065e-01 1.35039687e+00 1.22894359e+00 -4.62096632e-01
    1.74497402e+00 -7.47019410e-01 -7.75359511e-01 8.03717554e-01
    6.05264783e-01 -3.26337844e-01 -3.16606998e-01 3.04588258e-01
    4.16935086e-01 8.59113753e-01 8.16390693e-01 6.51044965e-01
    1.84121072e+00 1.40371889e-01 1.59743106e+00 1.79720592e+00
    4.51599956e-01 5.11999846e-01 5.46977758e-01 4.30476665e-01
    1.47321865e-01 -2.46592298e-01 8.86638224e-01 -5.28581440e-01
    -3.42558295e-01 7.89887458e-02 1.10411219e-01 1.51343989e+00
    1.28655863e+00 1.72752086e-02 7.62188807e-02 6.99035168e-01
    -3.06776941e-01 7.60069668e-01 4.22706485e-01 -5.41335225e-01
    1.26550531e+00 1.73488915e+00 1.14174557e+00 3.37384254e-01
    -4.47289675e-01 1.63858211e+00 1.21572994e-01 1.64401844e-01
    9.02733505e-01 1.37897241e+00 5.60350001e-01 -6.18797839e-01
    7.46111646e-02 -6.64990366e-01 9.77958679e-01 -2.12016590e-02
    3.24433059e-01 1.15176892e+00 1.31340861e+00 7.26292312e-01
    7.10543215e-01 -1.25025868e-01 9.59051192e-01 8.70703340e-01
    3.13522756e-01 8.56581330e-01 1.07332245e-02 -4.13701266e-01
    7.14470625e-01 8.52197051e-01 1.16105866e+00 -2.97072381e-01
    5.79810262e-01 1.21058524e+00 1.70793080e+00 -2.90941507e-01
    4.69585545e-02 -6.29913926e-01 1.29736090e+00 1.81222498e+00
    -2.23702312e-01 -8.00607920e-01 2.36921191e-01 1.61497402e+00
    -2.65947014e-01 -3.28264385e-02 5.99390388e-01 1.71078646e+00
    7.27173090e-01 -9.35380235e-02 -8.64340961e-01 -7.20047474e-01
    -9.64803025e-02 7.75264204e-01 -6.35223687e-01 4.96737272e-01
    -6.76599979e-01 1.90765917e+00 4.40404505e-01 -4.23570424e-01
    6.08218372e-01 1.62594497e+00 1.24385607e+00 4.26584721e-01
    -6.09694958e-01 5.44441268e-02 -3.76876771e-01 1.67181253e+00
    1.69169259e+00 -4.08663034e-01 -2.48887777e-01 -6.14864349e-01
    1.74486291e+00 -4.53517169e-01 1.33481836e+00 -1.70099810e-01
    -2.87348270e-01 1.44965672e+00 -6.45720720e-01 -3.25329810e-01
    1.24466799e-01 5.89448869e-01 1.19881682e-01 7.17235506e-01
    8.29074204e-01 -5.72853267e-01 -2.27301165e-01 -2.80495256e-01
    -6.20230377e-01 3.74190301e-01 4.71097082e-01 6.90923810e-01
    7.00345993e-01 5.89706302e-02 1.60814166e+00 1.89235532e+00
    -2.54408091e-01 1.92403901e+00 1.74693215e+00 1.13382362e-01
    9.55534697e-01 1.49948537e+00 1.21994805e+00 3.52555215e-01
    2.80769765e-01 -2.66536295e-01 3.16693544e-01 -6.22974277e-01
    -2.57538352e-02 4.48788434e-01 -2.70946145e-01 -3.80663693e-01
    1.15587664e+00 1.64687186e-01 8.78598809e-01 1.68259096e+00
    9.35762882e-01 -7.98851967e-01 7.98847675e-01 7.91785955e-01
    -3.06070209e-01 3.64355892e-01 1.72537124e+00 6.46187842e-01
    1.02669764e+00 9.18049693e-01 9.18491900e-01 1.17762613e+00
    1.31689310e+00 9.58457828e-01 9.58994985e-01 -4.46117133e-01
    2.69021541e-01 1.31029141e+00 5.66877604e-01 1.57300329e+00
    -4.40044433e-01 1.59580433e+00 1.02132940e+00 1.43639123e+00
    1.59044838e+00 1.38729656e+00 1.52457190e+00 1.16313779e+00
    1.09694086e-01 3.47945571e-01 3.72774780e-01 1.13592172e+00
    1.08878112e+00 -4.62255120e-01 -1.43221378e-01 1.35288262e+00
    4.58523482e-01 -3.44995290e-01 8.21035326e-01 9.31927264e-01
    7.99372375e-01 1.50583124e+00 1.13424867e-01 3.81257027e-01
    6.78644478e-01 -5.63216329e-01 1.85049939e+00 -1.95987839e-02
    1.43568623e+00 -3.84785175e-01 9.07082081e-01 7.53528059e-01
    -7.26436853e-01 1.46986222e+00 -2.25301027e-01 1.12395513e+00
    1.21492183e+00 1.68245649e+00 -7.33333886e-01 1.02150667e+00
    -2.42307723e-01 5.63850403e-01 6.24921918e-01 -8.49510193e-01
    5.61013818e-01 5.57454824e-02 4.70435232e-01 2.68849790e-01
    1.82613456e+00 -4.00643110e-01 1.28034866e+00 -3.40129048e-01
    -5.15039146e-01 -6.65809095e-01 1.62580037e+00 1.54874659e+00
    9.96835828e-01 -9.48997438e-02 7.73525238e-01 1.23426855e+00
    4.96267885e-01 1.27537715e+00 7.55491197e-01 8.26584280e-01
    6.28282189e-01 1.29332221e+00 1.41088295e+00 6.44639373e-01
    -3.74501199e-01 4.04379189e-01 4.75773849e-02 -4.95362133e-01
    9.19439271e-02 1.39934790e+00 6.86102986e-01 -3.17201227e-01
    1.55530381e+00 -5.20026803e-01 -1.74457103e-01 1.36271870e+00
    1.25496423e+00 1.57541394e+00 -6.18652821e-01 9.89395976e-01
    8.44440818e-01 -1.51226059e-01 1.18733203e+00 2.73376286e-01
    7.18657626e-03 5.91154575e-01 3.97590488e-01 2.36335203e-01
    -8.06857169e-01 -1.50389969e-02 4.80333924e-01 -3.33989054e-01
    4.28256094e-01 8.84333074e-01 1.45106041e+00 7.89759099e-01
    9.41148847e-02 -1.66361146e-02 8.52256179e-01 1.05389154e+00
    2.08027046e-02 5.35520375e-01 9.64619368e-02 -6.26495659e-01
    3.10656309e-01 7.95996934e-02 1.75221652e-01 7.28500128e-01
    5.42804062e-01 7.29136944e-01 4.72644299e-01 7.67188251e-01
    -3.85926157e-01 -8.15722644e-01 -1.90411180e-01 9.53939080e-01
    9.29842651e-01 -1.81675389e-01 -2.52032816e-01 1.17424881e+00
    1.05444264e+00 3.56871694e-01 1.29831374e-01 -1.98951095e-01
    2.41962999e-01 -4.40817922e-01 4.63673115e-01 7.71795511e-01
    5.95873117e-01 2.54182122e-03 1.73776340e+00 5.73244572e-01
    4.45711136e-01 1.11810291e+00 -3.60354513e-01 8.53444099e-01
    1.60072625e+00 1.18969715e+00 -6.86916649e-01 1.65850115e+00
    -3.29240829e-01 1.57375109e+00 4.28017616e-01 1.27454531e+00
    1.31003976e+00 -8.02805007e-01 -5.84809065e-01 -2.42188588e-01
    3.40248138e-01 7.11285025e-02 5.60907900e-01 1.34249377e+00
    7.22100139e-01 -1.42446980e-02 1.49201250e+00 1.76123703e+00
    8.53662610e-01 6.38411701e-01 -7.33409703e-01 -9.01556481e-03
    2.40408525e-01 -7.37750173e-01 1.41472781e+00 1.34336579e+00
    4.14579511e-02 1.12610543e+00 5.49524844e-01 1.11092615e+00
    -8.05825472e-01 -1.77914605e-01 -3.88187878e-02 -5.63690841e-01
    -4.22660671e-02 1.97838873e-01 -6.26022339e-01 -2.33842000e-01
    3.88755947e-01 -5.14772058e-01 5.84533989e-01 -2.88368464e-01
    6.06898725e-01 7.23595917e-01 7.87349403e-01 5.65161593e-02
    9.95282114e-01 -6.38746321e-01 -9.73516405e-02 5.89413404e-01
    9.47523788e-02 1.48085332e+00 8.30447853e-01 -1.05301298e-01
    4.98439401e-01 1.38480425e+00 1.11873412e+00 -4.35352981e-01
    1.09358203e+00 1.10749416e-01 1.33343983e+00 1.74918675e+00
    6.16154552e-01 8.07667136e-01 -5.76678991e-01 5.78835607e-01
    -6.82676494e-01 4.84427094e-01 6.95831776e-01 -1.52736798e-01
    -1.72450960e-01 1.27606678e+00 1.97625852e+00 2.23550946e-02
    1.22683740e+00 -4.96465378e-02 -5.93072593e-01 -7.25706339e-01
    2.40520816e-02 1.51140952e+00 6.63381100e-01 6.33259863e-02
    -7.21174836e-01 1.75381041e+00 -4.04665738e-01 1.35287738e+00
    1.84136558e+00 -1.18298501e-01 2.92290181e-01 1.40602803e+00
    4.58844788e-02 9.04381394e-01 -4.40345943e-01 7.65287876e-01
    5.67287385e-01 9.33182716e-01 3.18219215e-01 1.06040418e+00
    6.20621741e-01 1.63163781e-01 1.22254503e+00 -5.68557799e-01
    1.40982652e+00 -5.21873116e-01 -5.45435011e-01 4.15828586e-01
    2.78437972e-01 -7.49995053e-01 7.60904372e-01 1.08360755e+00
    3.42868656e-01 -5.31989932e-01 8.93400908e-01 2.76940435e-01
    1.04337025e+00 -4.75355148e-01 9.01564658e-01 -5.42170525e-01
    -1.03626497e-01 -4.05402690e-01 1.50413290e-01 1.26183891e+00
    1.39275980e+00 2.19566915e-02 4.76301759e-01 -4.60110694e-01
    7.71198094e-01 8.32548678e-01 1.04980838e+00 1.64564276e+00
    -1.41207099e-01 1.34711221e-01 3.70043099e-01 4.12733644e-01
    1.44951725e+00 -1.89081311e-01 8.31105709e-01 1.73340869e+00
    -3.59201968e-01 7.39896715e-01 9.47397947e-01 -3.78836244e-02
    1.30762839e+00 -2.23476030e-02 8.21768045e-01 -8.86763111e-02
    -3.93190682e-01 1.34720814e+00 5.37440658e-01 3.18104565e-01
    -6.54549301e-01 1.72059548e+00 1.08173370e+00 1.23806465e+00
    1.75583601e+00 5.30066311e-01 8.31299007e-01 1.53824762e-01
    -3.02460045e-03 1.81929016e+00 9.85585988e-01 1.38685417e+00
    -6.29529357e-01 7.97288239e-01 6.59239948e-01 -7.03275576e-02
    -2.76083142e-01 -1.46024004e-01 1.43838191e+00 9.32508171e-01
    -1.08527496e-01 6.10840917e-01 1.70208883e+00 1.75416481e+00
    -6.31448209e-01 -5.79740226e-01 3.50810051e-01 -3.44308674e-01
    1.78417325e-01 7.65859544e-01 6.29355848e-01 6.56906724e-01
    1.05498004e+00 7.16276765e-01 6.44253254e-01 2.34538049e-01
    -4.69326705e-01 -4.59949881e-01 2.05965564e-01 -6.15525961e-01
    4.06457156e-01 1.27113664e+00 8.08944941e-01 1.08226693e+00
    8.13620508e-01 -8.13436389e-01 1.47317207e+00 6.01826966e-01
    1.78116906e+00 3.20921004e-01 -3.64677012e-01 -2.57767916e-01
    4.51716214e-01 -6.48681894e-02 1.68511868e+00 -2.17205986e-01
    8.06617498e-01 1.80214572e+00 1.49845648e+00 1.20480371e+00
    1.01541924e+00 6.62148297e-02 -4.43509519e-01 -5.62675476e-01
    -4.95013386e-01 8.90293181e-01 1.68885100e+00 1.20543313e+00
    -1.27509795e-02 1.68944132e+00 1.69827342e+00 5.02035081e-01
    1.64065838e+00 -5.31436205e-01 1.62603545e+00 1.68862724e+00
    4.14170116e-01 1.43163729e+00 1.72169840e+00 -5.90792298e-01
    -6.61113739e-01 1.51032820e-01 1.41596210e+00 6.66505814e-01
    4.90081310e-01 2.71283805e-01 1.01398575e+00 1.23044991e+00
    1.19637108e+00 1.35562754e+00 4.75359112e-01 1.82758951e+00
    1.07228827e+00 2.81102043e-02 -1.10981822e-01 4.52929020e-01
    -2.88726449e-01 4.22558933e-01 1.27443719e+00 1.29737169e-01
    -3.44275385e-01 1.59776103e+00 1.21230328e+00 -3.83319445e-02
    1.45673767e-01 -3.40847939e-01 1.02657700e+00 1.10656905e+00
    4.00233865e-01 -5.87210059e-01 8.19491506e-01 -6.52620494e-01
    -4.39723730e-01 1.06539261e+00 1.29196870e+00 1.36163390e+00
    8.56945038e-01 5.27102686e-02 4.45289016e-01 1.32951522e+00
    3.65065247e-01 9.86024380e-01 6.01200104e-01 1.40433824e+00
    1.26280203e-01 7.35744417e-01 1.86401278e-01 7.81073645e-02
    8.36219847e-01 3.97599220e-01 2.01741278e-01 1.60332751e+00
    -6.82282507e-01 1.79801130e+00 -4.78548050e-01 4.68658179e-01
    9.85069573e-02 1.80701137e+00 1.25123668e+00 8.29319179e-01
    -7.56987631e-01 -1.88474178e-01 -7.87914753e-01 4.05420393e-01
    8.61199558e-01 -4.49271232e-01 5.75548887e-01 -1.33186787e-01
    1.65201402e+00 1.13490796e+00 8.67949128e-01 1.05247450e+00
    -2.21746445e-01 3.45812619e-01 -1.37162149e-01 1.42406678e+00
    -5.20017087e-01 -2.95972615e-01 -3.11392605e-01 6.22371510e-02
    -3.74095201e-01 3.80421609e-01 -4.78512347e-01 1.08022845e+00
    1.77610531e-01 7.46115863e-01 6.02907658e-01 -5.75666845e-01
    1.36758971e+00 -5.95614314e-01 7.99712062e-01 -1.32175520e-01
    1.82551730e+00 5.07112920e-01 8.55136454e-01 6.14016771e-01
    5.15870452e-01 6.37352705e-01 1.56886733e+00 1.78032744e+00
    1.93225765e+00 3.85464042e-01 1.37090564e+00 2.69486487e-01
    -3.53580713e-01 8.69475543e-01 5.49072802e-01 3.23459089e-01
    1.57645142e+00 1.08070326e+00 -2.54536450e-01 4.19557631e-01
    9.79401410e-01 1.82164085e+00 1.12179685e+00 -3.97003025e-01
    1.93632811e-01 -2.92053789e-01 1.35573184e+00 1.54168332e+00
    -1.92261159e-01 -7.65485048e-01 2.67956465e-01 1.63909113e+00
    4.62037921e-01 4.59707886e-01 -1.01934418e-01 1.68486118e+00
    -7.72095006e-03 7.71253884e-01 6.06110513e-01 4.96332854e-01
    -4.85931188e-01 9.68819261e-02 -2.75186568e-01 3.10699075e-01
    8.29425335e-01 8.86282682e-01 1.50055766e-01 1.81539059e-01
    7.01662183e-01 1.69977605e-01 -7.24055290e-01 -3.92749518e-01
    -6.51458502e-01 -7.51706362e-01 1.64862180e+00 1.09957325e+00
    8.24932754e-01 1.90089360e-01 -5.02241254e-01 -6.00367963e-01
    -7.52092957e-01 -4.40075815e-01 1.30533683e+00 1.83953786e+00
    9.57386136e-01 1.59736288e+00 -1.28199235e-01 8.62648010e-01
    1.03576601e+00 -1.99864060e-01 -7.75499761e-01 1.80114973e+00
    1.13109922e+00 1.39886403e+00 -6.35941923e-01 1.06180203e+00
    -6.60029352e-01 -5.90018570e-01 7.16549575e-01 -5.28215945e-01
    1.66578162e+00 1.07817018e+00 1.47720277e+00 -2.01571196e-01
    -5.69413483e-01 6.67663038e-01 7.55190134e-01 1.48446238e+00
    1.59168208e+00 1.40998554e+00 1.70993066e+00 -4.18119989e-02
    9.08106625e-01 5.62029362e-01 1.27537310e+00 1.74143732e-01
    1.70311928e+00 1.75437391e+00 1.55582905e+00 -7.31222987e-01
    1.07227480e+00 1.93800732e-01 4.05170232e-01 1.27246177e+00
    -2.26356536e-01 1.45222497e+00 1.56167686e+00 -3.67583454e-01
    1.21185901e-02 1.42944884e+00 -1.60659313e-01 -2.56999761e-01
    1.77196336e+00 1.35573244e+00 1.43699110e+00 5.53132474e-01
    3.47313017e-01 -6.68869972e-01 -2.40136206e-01 1.43029785e+00
    -5.01428843e-02 1.27592635e+00 1.44222569e+00 1.64217889e+00
    6.79605544e-01 -2.44053125e-01 5.93983293e-01 1.52065778e+00
    1.28958249e+00 -3.74845505e-01 7.78645098e-01 -3.21189672e-01
    -2.51188368e-01 1.33727133e+00 8.15927327e-01 1.10315120e+00
    1.31187558e+00 5.49115315e-02 1.28551590e+00 5.78153506e-03
    -5.74792504e-01 -2.02782482e-01 -5.73612392e-01 6.66574001e-01
    5.28682470e-01 -4.40725803e-01 8.08175027e-01 -8.22841585e-01
    -5.81603110e-01 -3.23635689e-03 2.73883771e-02 6.20448649e-01
    -1.69786438e-01 -6.13073945e-01 -5.25397897e-01 5.82741380e-01
    5.32531083e-01 2.52807140e-01 1.37268507e+00 -6.93258882e-01
    1.31349349e+00 3.39901119e-01 8.80911171e-01 2.99250424e-01
    1.63750052e+00 1.16787717e-01 6.58763885e-01 1.71620536e+00
    1.02078009e+00 1.69191110e+00 9.03147042e-01 1.81635165e+00
    4.62290376e-01 6.68668985e-01 4.09579962e-01 1.18821895e+00
    7.94892848e-01 -7.37861335e-01 -6.64713383e-01 -1.94154277e-01
    1.79668140e+00 1.30201995e+00 4.74145949e-01 1.34460688e+00
    7.07562983e-01 1.41017616e+00 1.70967177e-01 5.87885045e-02
    -7.47936428e-01 2.21464172e-01 2.60502934e-01 6.82924628e-01
    5.57228744e-01 -6.81508780e-01 1.81059551e+00 -7.25570858e-01
    -2.45968744e-01 7.77423456e-02 7.87009597e-01 8.49261701e-01
    5.61975062e-01 -1.32612333e-01 1.23375726e+00 2.08971858e-01
    -7.31235147e-01 1.44468081e+00 -1.20059159e-02 -6.10470712e-01
    -5.05792908e-02 2.55619556e-01 -5.97411036e-01 9.97893751e-01
    -3.89946371e-01 -4.53259423e-02 1.34528673e+00 1.36737025e+00
    8.60546231e-01 1.68270576e+00 1.10175335e+00 -3.11650634e-01
    9.17351067e-01 -6.27066255e-01 5.16394854e-01 8.78850996e-01
    -7.66672075e-01 1.49913740e+00 9.37568367e-01 1.05719733e+00
    1.66597152e+00 -1.05894953e-01 -1.10904679e-01 1.12571383e+00
    1.65133083e+00 1.25413513e+00 -3.83865833e-01 6.65606081e-01
    -3.74936163e-01 -3.68907392e-01 9.99687016e-01 9.84700441e-01
    -1.21897623e-01 2.61289507e-01 1.83143365e+00 3.83673340e-01
    -3.78285468e-01 -2.23634630e-01 9.31585670e-01 1.62704015e+00
    1.01222146e+00 -1.54876500e-01 -4.87863690e-01 5.00895858e-01
    9.02559400e-01 9.09517705e-01 -5.39196193e-01 9.93511260e-01
    8.82888675e-01 -3.91038135e-02 1.26659942e+00 -3.44267786e-02
    1.67638683e+00 1.89468956e+00 7.03858351e-03 1.57871830e+00
    1.83440590e+00 -4.35259521e-01 -2.46503111e-02 1.64279771e+00
    -9.89904180e-02 6.72119530e-03 4.13194567e-01 1.31539798e+00
    2.43625611e-01 -6.67204440e-01 1.00736368e+00 -1.74935907e-01
    -5.27825832e-01 6.49526000e-01 6.21513128e-01 1.63592041e+00
    9.23041821e-01 1.62633812e+00 1.69545019e+00 -1.92821562e-01
    5.01962006e-01 1.31888330e+00 1.12165260e+00 1.08566654e+00
    -3.60407541e-03 3.11676562e-01 -8.21808517e-01 7.50212669e-01
    1.27101600e+00 -2.86103636e-01 -8.57167542e-02 -1.38210788e-01
    1.65996540e+00 3.35558295e-01 1.08498609e+00 -6.43757761e-01
    7.74881363e-01 -4.15774852e-01 -6.00053787e-01 3.56350064e-01
    2.04990998e-01 3.08244407e-01 9.19665217e-01 -5.63887239e-01
    -6.72775865e-01 -3.34966362e-01 1.84936082e+00 1.04694521e+00
    9.27110761e-03 1.25689507e+00 1.00697327e+00 1.01961231e+00
    1.50379717e-01 -5.99098384e-01 2.61732996e-01 -3.15098673e-01
    1.68988168e+00 -3.40877324e-01 9.06465113e-01 1.51388431e+00
    5.91777153e-02 1.57736564e+00 6.03270419e-02 -6.37835488e-02
    6.57536924e-01 3.80184919e-01 -5.20969570e-01 4.29512590e-01
    -1.33940339e-01 1.10574710e+00 -2.85692573e-01 1.23326898e+00
    -4.17586505e-01 1.51298046e+00 -5.35936177e-01 1.03888623e-01
    1.50338602e+00 8.66616249e-01 -3.07012916e-01 7.95128286e-01
    -6.30847692e-01 -4.52393115e-01 1.08578777e+00 -8.92234221e-02
    -8.28290135e-02 -1.75738484e-01 5.11475861e-01 -1.74813345e-01
    5.66273689e-01 1.19116378e+00 2.41939649e-01 -2.86052078e-01
    6.96002781e-01 3.48488867e-01 -4.46647137e-01 1.02754247e+00
    1.12027144e+00 1.06856334e+00 1.68408740e+00 -3.59609962e-01
    1.02924800e+00 4.32102978e-01 9.86344159e-01 2.45401293e-01
    1.30149275e-01 3.48362505e-01 9.99568045e-01 9.68864202e-01
    1.65608191e+00 1.09076118e+00 1.05181229e+00 -3.44082296e-01
    -4.78902161e-01 1.00012338e+00 1.52311075e+00 1.37605155e+00
    -6.23718560e-01 3.73265892e-01 -3.15502107e-01 3.23178113e-01
    1.47046328e+00 3.90104115e-01 8.24457169e-01 9.04568613e-01
    1.33119726e+00 7.01460317e-02 -4.25330728e-01 7.64777839e-01
    1.35075188e+00 -1.45133942e-01 1.48882914e+00 7.35700130e-01
    -3.07627767e-01 -2.31943607e-01 1.81708896e+00 5.86791022e-04
    -5.12590945e-01 -6.47902768e-03 1.64340973e+00 -2.18054235e-01
    -8.70611250e-01 1.17688072e+00 7.36132741e-01 3.00873816e-01
    1.14523792e+00 8.76317322e-01 1.62743092e+00 1.67280185e+00
    -6.66324079e-01 4.71311092e-01 6.82539821e-01 1.28675103e+00
    1.03088176e+00 7.46624053e-01 8.48060787e-01 1.45269597e+00
    -1.05743214e-01 6.95228934e-01 4.75401990e-02 -5.53319044e-02
    1.08853281e+00 -7.22482860e-01 9.99311656e-02 6.36182189e-01
    9.49334323e-01 9.72457707e-01 -7.77266026e-01 1.76172960e+00
    1.56153226e+00 2.27306709e-01 1.77321911e+00 1.34399831e+00
    1.64663360e-01 3.51367563e-01 -6.85645700e-01 1.22178543e+00
    -4.66926157e-01 -2.41494756e-02 5.18004179e-01 3.29540223e-02
    4.35513556e-01 -1.82919204e-01 7.36527205e-01 -8.53204131e-02
    1.10480630e+00 1.78431165e+00 1.55412269e+00 7.41711259e-01
    8.31620321e-02 4.98090476e-01 -4.99808602e-02 5.91675758e-01
    1.64207029e+00 8.37004304e-01 -7.55576864e-02 7.20096290e-01
    -1.98189601e-01 1.14131761e+00 3.58034104e-01 2.63101071e-01
    1.23595595e+00 3.04637164e-01 -2.80059040e-01 -4.23653960e-01
    2.67918140e-01 4.48540926e-01 1.39064491e+00 -7.20877945e-01
    -2.24376947e-01 1.69293857e+00 1.50556350e+00 -4.98728842e-01
    6.73432052e-01 1.10636389e+00 6.24726946e-03 1.11827898e+00
    1.66645408e+00 -3.58651102e-01 1.10081339e+00 1.80628061e+00
    -7.95485854e-01 -2.72144347e-01 1.36420655e+00 1.45608854e+00
    -5.93388021e-01 -7.04510868e-01 -6.76594436e-01 4.87987958e-02
    1.53095317e+00 9.66965020e-01 3.31956863e-01 1.43052065e+00
    4.58476186e-01 -5.00570118e-01 2.84980983e-01 9.98835027e-01
    -9.26441571e-04 1.62886858e+00 -1.12237133e-01 4.46241200e-01
    6.24271870e-01 -3.65741581e-01 2.06858337e-01 1.41599476e+00
    1.79700077e+00 -6.17166936e-01 1.40070295e+00 -5.29867828e-01
    8.29438806e-01 8.55275452e-01 8.30072105e-01 1.23892397e-01
    -5.56621440e-02 4.84517783e-01 1.70290411e+00 2.40156855e-02
    3.97146106e-01 1.30881047e+00 3.74210835e-01 1.00177705e+00
    8.93701836e-02 1.27090037e+00 1.84580112e+00 4.22847658e-01
    -6.59561515e-01 -7.16839731e-01 1.37019324e+00 1.35246289e+00
    3.12410027e-01 7.88142443e-01 -4.95045900e-01 1.27429533e+00
    1.67322242e+00 -8.14186931e-01 9.64644790e-01 5.78570426e-01
    -3.24511588e-01 2.47017771e-01 -7.53832698e-01 7.30465412e-01
    -8.30088437e-01 1.44876063e+00 -3.30984175e-01 4.01579767e-01
    6.90493584e-01 -3.51211488e-01 4.74263757e-01 3.37338477e-01
    -6.97237670e-01 -4.32830723e-03 6.66508377e-01 1.16517222e+00
    1.83655119e+00 2.88735211e-01 1.15866792e+00 -6.12793922e-01
    1.56899035e-01 1.09973764e+00 1.41573632e+00 7.33106136e-01
    -5.93326278e-02 1.63853908e+00 7.56530404e-01 -1.91191927e-01
    1.15778589e+00 4.85573739e-01 1.49537027e+00 1.15460801e+00
    7.97338504e-03 6.93313599e-01 1.12261009e+00 1.11562467e+00
    1.52289438e+00 1.01779258e+00 1.06212854e+00 8.95169556e-01
    -7.96158433e-01 8.88001442e-01 3.71034026e-01 -2.64011800e-01
    3.69694948e-01 -7.43686706e-02 -5.62434137e-01 1.26562822e+00
    -1.08201548e-01 1.45350173e-01 4.23340082e-01 7.67620623e-01
    -6.97115898e-01 -3.31798583e-01 1.23048484e+00 6.66171134e-01
    3.63185704e-01 7.01610520e-02 1.34888327e+00 -8.99928659e-02
    1.46176183e+00 8.71273160e-01 6.26101553e-01 1.15791273e+00
    4.98221040e-01 -3.10346603e-01 -3.49287421e-01 1.12848318e+00
    -4.27908242e-01 7.92014971e-02 -5.95236085e-02 9.41399410e-02
    1.07844758e+00 2.43394628e-01 7.00676143e-01 1.21300626e+00
    -7.32643366e-01 3.35579127e-01 1.22924089e+00 6.56120121e-01
    -5.88491321e-01 -7.50298858e-01 8.99915814e-01 4.72259223e-01
    1.81697595e+00 8.82831216e-01 5.94409406e-01 -6.34191453e-01
    -6.04103785e-04 1.79345942e+00 1.42850435e+00 -3.63480091e-01
    1.22894359e+00 2.69012123e-01 9.41048801e-01 1.44070446e+00
    -4.46309522e-02 4.61940378e-01 1.64393759e+00 1.33414415e-03
    1.53531086e+00 -1.73523068e-01 -1.71354324e-01 6.33878052e-01
    1.50697792e+00 5.37449777e-01 -2.21089333e-01 1.42296982e+00
    1.05155990e-01 7.94375539e-02 -2.24298835e-02 8.49537969e-01
    1.77098608e+00 -1.80908680e-01 8.26367795e-01 -2.36411273e-01
    1.12222803e+00 1.64755777e-01 1.58730328e+00 6.76770329e-01
    9.44320917e-01 -5.03278911e-01 2.23414987e-01 7.60586500e-01
    -8.77400577e-01 -7.27165461e-01 -3.27576399e-01 7.87549257e-01
    4.92354512e-01 -1.79099023e-01 1.07564843e+00 1.14348841e+00
    -1.48617610e-01 -2.52479523e-01 1.51624227e+00 -2.58043230e-01
    5.01883805e-01 1.47189170e-01 3.10687214e-01 3.94141197e-01
    1.16922235e+00 4.58775312e-01 -1.13418907e-01 -7.73522735e-01
    6.65890753e-01 -8.02634597e-01 1.40870762e+00 1.85635731e-01
    -3.86465281e-01 1.41077352e+00 9.30052578e-01 2.99068242e-01
    2.60283947e-01 -4.28276300e-01 9.40831125e-01 1.69586587e+00
    1.45840728e+00 4.34506059e-01 7.01421142e-01 1.50185931e+00
    -3.22179168e-01 1.36327076e+00 9.99176726e-02 1.02763700e+00
    4.02869791e-01 1.15943551e+00 1.42197061e+00 4.29937661e-01
    -3.75061840e-01 -1.09858409e-01 4.16265696e-01 1.67120242e+00
    1.81880438e+00 1.30335402e+00 9.39618051e-01 3.84692937e-01
    1.60975826e+00 -7.22995341e-01 1.02482748e+00 5.69972038e-01
    -2.80303419e-01 6.55442476e-01 1.63027036e+00 9.86051440e-01
    -3.50876629e-01 2.10006475e-01 3.05526733e-01 1.66350710e+00
    5.04119813e-01 -5.67631647e-02 2.44298279e-01 1.75282627e-01
    1.59021664e+00 1.80158043e+00 1.80638945e+00 1.35661674e+00
    5.00156581e-01 8.74888804e-03 2.81646192e-01 1.80475652e+00
    -3.49212170e-01 -7.75222063e-01 1.01264381e+00 8.93455207e-01
    1.58503938e+00 6.48005724e-01 1.10460484e+00 1.15719688e+00
    7.78937340e-01 9.42562163e-01 2.22692952e-01 -2.26374835e-01
    9.16057900e-02 1.48517954e+00 1.55206776e+00 9.58855271e-01
    1.38266063e+00 3.49077076e-01 7.58570910e-01 -7.67967105e-01
    -1.95639849e-01 8.87448370e-01 1.39573932e+00 3.38716775e-01
    1.71514347e-01 1.01137590e+00 5.79159617e-01 1.35729182e+00
    1.38660955e+00 1.61992097e+00 1.53670073e+00 1.63834882e+00
    1.12188578e+00 1.75165668e-01 -4.61511791e-01 1.67254937e+00
    5.22136223e-03 1.89857697e+00 1.62482786e+00 9.09784198e-01
    7.83653378e-01 -1.70520365e-01 1.46653545e+00 5.26011407e-01
    1.26519287e+00 7.60327816e-01 -3.83899093e-01 -1.50198132e-01
    -6.67539984e-02 1.50101817e+00 -6.93412185e-01 2.58475810e-01
    7.63559818e-01 -2.69457936e-01 3.50379460e-02 1.57842803e+00
    7.82717764e-01 -6.30242109e-01 1.73177302e+00 1.83391464e+00
    -4.33154106e-01 8.11480761e-01 1.20694339e-01 4.44819808e-01
    1.45877838e+00 1.05887640e+00 6.83709264e-01 1.11233521e+00
    -5.39555967e-01 7.69532621e-01 3.48639786e-01 -4.30870026e-01
    -2.85092294e-01 6.30239367e-01 8.77994120e-01 1.94551313e+00
    1.48323381e+00 5.20378113e-01 -3.40734035e-01 -3.71551543e-01
    7.37275779e-01 4.58647013e-01 1.52222943e+00 -2.53615081e-01
    9.39383134e-02 2.16667071e-01 -3.06215286e-01 3.21918309e-01
    9.11108196e-01 5.78651726e-01 8.24178532e-02 1.19679058e+00
    -6.90722704e-01 4.29853052e-01 -6.09703720e-01 -3.09462726e-01
    1.83397031e+00 -3.25094610e-01 9.68076110e-01 -4.07152116e-01
    1.61712122e+00 -6.60761714e-01 1.52743971e+00 2.01786116e-01
    9.69374359e-01 -4.19286937e-01 -2.38032237e-01 5.62954605e-01
    7.75131166e-01 -6.57325462e-02 -2.12968841e-01 6.34661853e-01
    1.21605778e+00 3.53312731e-01 -3.06167632e-01 1.81888485e+00
    -5.22298336e-01 2.56680965e-01 8.66786599e-01 3.54836762e-01
    2.28916970e-03 -7.81072497e-01 7.34750509e-01 6.82047427e-01
    1.91032267e+00 1.85710311e+00 -7.16982305e-01 -7.25607812e-01
    4.36247736e-01 1.54779696e+00 -2.37604961e-01 1.68415892e+00
    5.78320146e-01 4.22769301e-02 2.20905975e-01 3.11139911e-01
    1.21419382e+00 -6.70584738e-01 8.55380654e-01 1.62448645e+00
    -7.14959279e-02 -4.78972167e-01 1.25669014e+00 8.82256985e-01
    -4.45295841e-01 -4.99394447e-01 3.00004691e-01 -3.96361342e-03
    1.72959244e+00 6.81558251e-01 6.57613039e-01 -2.79760182e-01
    1.49706590e+00 3.92941594e-01 9.92171943e-01 -3.88940454e-01
    7.91591167e-01 9.40467954e-01 6.36730552e-01 -5.02583534e-02
    1.25859594e+00 1.01852036e+00 1.34805238e+00 -4.58678156e-02
    1.21816897e+00 1.19425967e-01 -5.32241225e-01 8.06446314e-01
    -1.27266720e-01 1.87088323e+00 -1.06029890e-01 -4.37347770e-01
    8.73701274e-01 2.77776837e-01 1.07450759e+00 1.50518572e+00
    1.70502782e+00 1.25614440e+00 1.73138011e+00 -3.55058700e-01
    1.66053057e+00 1.76880389e-01 -6.08831763e-01 -3.52177769e-02
    4.86532301e-01 -4.05898958e-01 1.81420684e+00 1.06415117e+00
    -1.27606183e-01 4.96196061e-01 -2.54593343e-01 1.28718281e+00
    1.62016177e+00 4.19756889e-01 1.16412699e+00 3.22317511e-01
    8.22484851e-01 1.13462543e+00 -4.80146222e-02 3.26328456e-01
    -1.67305823e-02 6.79985702e-01 1.16290092e+00 -6.40976608e-01
    6.66473687e-01 -1.94719583e-01 -4.66184825e-01 1.68176234e+00
    1.53681016e+00 9.45111871e-01 1.52988410e+00 4.51465786e-01
    6.48424745e-01 9.97070968e-01 9.98864412e-01 3.29949945e-01
    1.36884296e+00 1.14222443e+00 -7.33838022e-01 1.75566232e+00
    1.71595895e+00 1.46409631e+00 7.14998960e-01 4.05039847e-01
    1.88575220e+00 5.81861377e-01 -6.57562077e-01 2.18983307e-01
    1.64001203e+00 1.08909798e+00 1.28142089e-01 -7.00361788e-01
    1.05368757e+00 -4.25140917e-01 1.68192959e+00 3.46345723e-01
    -5.78968406e-01 7.50770628e-01 1.47153294e+00 6.65705144e-01
    1.84000075e+00 1.84528124e+00 1.61174700e-01 -2.54285961e-01
    -7.58439824e-02 -3.81795913e-01 5.59887886e-01 -3.67305279e-01
    -9.77229923e-02 6.35401547e-01 -7.10696995e-01 1.65456638e-01
    6.60198390e-01 1.26514304e+00 1.66031468e+00 1.56342566e+00
    9.08212423e-01 1.21482241e+00 6.39435947e-01 1.72499609e+00
    2.74411112e-01 1.64527845e+00 -4.95606959e-01 4.92135257e-01
    1.66872907e+00 1.41107416e+00 4.38048750e-01 6.07394218e-01
    3.75573665e-01 8.72421980e-01 -1.41251415e-01 3.30577433e-01
    6.79073870e-01 1.39873004e+00 1.12987268e+00 1.46042156e+00
    7.48974800e-01 1.06273544e+00 8.78715336e-01 6.24095142e-01
    6.83346748e-01 1.26459193e+00 8.30226481e-01 -6.69594884e-01
    2.08675236e-01 5.51870883e-01 -4.23743397e-01 4.72485632e-01
    7.82161772e-01 5.54891527e-01 8.54491949e-01 6.71036184e-01
    1.77366114e+00 1.05985153e+00 1.94189036e+00 5.69232702e-01
    6.10531092e-01 1.90945864e+00 1.63379824e+00 6.62839174e-01
    -4.71372783e-01 7.99317002e-01 2.70505816e-01 3.68980169e-01
    1.30528760e+00 6.89807832e-02 8.67169738e-01 1.40528667e+00
    1.91406608e+00 1.39484420e-01 -1.29385069e-01 1.49953532e+00
    1.36730671e+00 1.64460862e+00 1.36627465e-01 1.52366579e+00
    2.65745372e-01 -2.00869113e-01 9.07551646e-01 1.00945294e+00
    2.33251736e-01 -2.66560584e-01 6.72148883e-01 1.35621262e+00
    2.15099111e-01 1.56470752e+00 -3.79159153e-01 4.49618787e-01
    -1.32983223e-01 -4.61236507e-01 1.94177711e+00 -4.43138123e-01
    8.50142300e-01 1.81521818e-01 -8.80547911e-02 -5.49367249e-01
    -2.11573035e-01 9.00173008e-01 4.73568588e-01 1.68986201e+00
    1.43575203e+00 1.92360914e+00 1.89371300e+00 1.28694999e+00
    4.11700934e-01 8.93921077e-01 1.30829132e+00 6.52871490e-01
    1.53302598e+00 -6.06188357e-01 1.93266571e-02 -2.40028337e-01
    6.85177147e-01 3.99830282e-01 5.27637601e-01 1.56152546e+00
    -2.04225793e-01 1.93108642e+00 1.32297516e+00 5.75300872e-01
    -3.90676409e-02 1.16975021e+00 -4.05430526e-01 1.46604455e+00
    7.56163478e-01 1.70494437e+00 1.10240173e+00 -1.73536435e-01
    -3.47981721e-01 8.15210462e-01 2.15288594e-01 7.14484632e-01
    1.72730207e+00 9.03391913e-02 1.33336514e-01 1.48473442e+00
    1.85572398e+00 -1.38863102e-01 -5.44197500e-01 -3.70193180e-03
    1.73036718e+00 1.68580306e+00 1.48718283e-01 8.37929964e-01
    1.60547599e-01 -5.34820437e-01 -2.43615955e-01 5.83062112e-01
    1.79147041e+00 2.96255529e-01 1.90927839e+00 8.36044729e-01
    -5.61387360e-01 1.25322318e+00 1.73779762e+00 -3.68188843e-02
    1.10528982e+00 7.52733588e-01 6.29225671e-01 1.92942297e+00
    -4.54613045e-02 -3.71570438e-01 1.67142415e+00 1.60294068e+00
    2.40204841e-01 -2.86778420e-01 -4.22083467e-01 1.26380968e+00
    -6.33077979e-01 1.51493645e+00 6.28168881e-01 -4.65014875e-01
    1.17418694e+00 1.78589091e-01 7.46466219e-01 -2.55993277e-01
    7.12539792e-01 3.05174738e-01 1.59753299e+00 1.20052278e+00
    1.17779398e+00 -2.01839074e-01 1.46640539e+00 6.86900377e-01
    4.20723349e-01 1.36899066e+00 1.35147333e+00 3.37896436e-01
    1.66715372e+00 -3.57762456e-01 1.59696174e+00 1.42234254e+00
    1.48801970e+00 4.74267274e-01 9.80584025e-01 2.73417622e-01
    9.14659500e-01 1.79028118e+00 3.19741666e-01 -2.90626764e-01
    -5.30486107e-01 -5.01893401e-01 -5.96761584e-01 1.11488879e+00
    1.09307647e+00 -1.18374592e-02 7.93349683e-01 1.42934966e+00
    1.30286515e+00 -4.09053043e-02 5.32636821e-01 -4.82039958e-01
    5.13682604e-01 1.74819028e+00 9.17609453e-01 -2.60942817e-01
    9.15374815e-01 1.31059027e+00 1.50689512e-01 5.42110622e-01
    2.00262380e+00 -3.54072094e-01 1.54919744e+00 4.88276809e-01
    1.06001592e+00 1.02302587e+00 -4.32034761e-01 6.49235070e-01
    -5.32356679e-01 -8.72242004e-02 1.60917282e+00 1.24848092e+00
    1.25594318e+00 4.25364971e-02 1.82622623e+00 2.51646250e-01
    -1.26161307e-01 1.41603500e-01 8.40761364e-01 1.82504153e+00
    1.51721060e-01 1.74617136e+00 -2.10363299e-01 1.28714383e+00
    1.10637677e+00 3.39211673e-01 6.82095170e-01 1.70623100e+00
    1.12782753e+00 1.54194534e+00 1.08973801e-01 1.92831576e-01
    7.59173036e-01 1.75531602e+00 1.14586127e+00 3.13395530e-01
    4.27530318e-01 1.26970732e+00 -3.71197835e-02 7.65090346e-01
    1.66601217e+00 -1.14896350e-01 1.46948540e+00 1.86496246e+00
    2.23531961e-01 2.48586133e-01 1.99688897e-01 1.23690188e+00
    1.53319550e+00 1.88852894e+00 1.00530434e+00 1.83869314e+00
    6.22537971e-01 -4.15134609e-01 4.86399412e-01 -3.42269719e-01
    4.26971585e-01 2.26903275e-01 9.01079893e-01 1.16905046e+00
    1.38656676e-01 -1.82402641e-01 1.18829019e-01 1.65021217e+00
    2.14593709e-02 1.13653421e+00 -3.07630509e-01 -1.81254074e-01
    3.91410083e-01 -4.44845080e-01 1.55142140e+00 2.05144143e+00
    8.39441657e-01 -5.18484004e-02 1.16218901e+00 -4.32182759e-01
    -3.37318867e-01 -5.76385856e-01 -8.78457502e-02 1.39232731e+00
    -5.34697831e-01 1.28997076e+00 2.16383502e-01 6.49400651e-02
    5.97756803e-01 -1.17396772e-01 6.21839054e-03 1.58693039e+00
    5.06614506e-01 1.95774484e+00 9.52194631e-01 3.96049619e-02
    1.52210426e+00 1.27286959e+00 -2.23559484e-01 3.89795452e-02
    -2.21056670e-01 7.39312112e-01 -7.71119520e-02 1.54793191e+00
    -5.35180390e-01 6.77072763e-01 1.68932152e+00 1.37226856e+00
    -2.89794475e-01 1.50094557e+00 1.59877455e+00 -3.91578466e-01
    9.69459891e-01 -4.02975023e-01 7.85214305e-01 1.81097102e+00
    1.51236033e+00 2.73963749e-01 1.90859377e+00 -9.31553543e-02
    2.02606535e+00 1.65195310e+00 1.30320692e+00 4.43632841e-01
    -3.09848219e-01 4.64094728e-01 2.06374073e+00 -2.34446466e-01
    1.54020989e+00 1.78479934e+00 4.35298741e-01 2.07396483e+00
    1.68220949e+00 2.04919195e+00 1.06415130e-01 1.69917858e+00
    3.14200848e-01 -4.33989197e-01 2.84049995e-02 3.01858306e-01
    -3.74710023e-01 1.30336416e+00 2.03172183e+00 7.80317843e-01
    1.93738818e+00 2.01223207e+00 2.85517305e-01 2.27726161e-01
    6.38532281e-01 1.57330617e-01 1.08009839e+00 1.89513934e+00
    3.69938910e-02 -1.89120114e-01 1.03597045e+00 6.02808952e-01
    -1.07938826e-01 -2.93649703e-01 1.96398199e-01 1.32338989e+00
    1.81097388e+00 6.04205132e-01 7.40250722e-02 7.94540465e-01
    9.30886269e-01 1.95994174e+00 1.64499938e+00 9.86915886e-01
    1.99040508e+00 9.80814099e-01 -1.06063224e-01 7.01914907e-01
    5.95458865e-01 1.91837919e+00 -1.78009450e-01 5.30639946e-01
    1.42336297e+00 2.63453782e-01 6.71339214e-01 1.64237964e+00
    1.67666033e-01 1.18560147e+00 7.09167004e-01 1.82908463e+00
    1.96729732e+00 1.25823629e+00 -5.60482800e-01 1.85883772e+00
    -4.80777383e-01 1.84330726e+00 1.01546395e+00 1.89175576e-01
    1.68777370e+00 4.76444840e-01 2.13050038e-01 -2.10457101e-01
    -1.32728025e-01 1.48037493e+00 1.69600439e+00 -2.35576481e-01
    1.73311710e+00 -7.29771852e-02 2.23420560e-01 5.56524396e-01
    8.20764527e-03 -3.15045357e-01 1.96072960e+00 -1.49156386e-02
    4.06102657e-01 1.36550713e+00 4.58960205e-01 1.23729265e+00
    1.64102387e+00 1.93317103e+00 2.82623976e-01 1.06533393e-01
    3.98850948e-01 1.23599446e+00 -3.93965729e-02 1.62135208e+00
    6.32682502e-01 1.67572248e+00 -1.58591911e-01 4.91008669e-01
    2.28080675e-01 1.29218245e+00 4.12288547e-01 1.69064961e-02
    4.09328163e-01 4.03345495e-01 -3.67044032e-01 7.91078389e-01
    2.02833939e+00 -3.49330038e-01 1.93612921e+00 1.30386925e+00
    1.60729647e+00 1.20344794e+00 1.54330385e+00 1.13358104e+00
    1.17784107e+00 7.01974630e-01 1.71011257e+00 2.02622533e+00
    1.92108238e+00 2.00096607e+00 -6.29614830e-01 1.30131030e+00
    1.56464243e+00 -2.75759459e-01 6.31197169e-02 3.57093990e-01
    -1.78837731e-01 1.91345274e+00 6.57184303e-01 1.99071014e+00
    1.49959719e+00 1.43825197e+00 1.62943780e+00 1.20898962e+00
    5.11566401e-01 -4.31066215e-01 9.53516781e-01 1.80157471e+00
    5.90155482e-01 2.88795769e-01 2.03177333e+00 5.72323322e-01
    1.69500852e+00 5.72148681e-01 5.09683788e-01 1.49361444e+00
    1.82203221e+00 9.11508083e-01 8.30472648e-01 1.65936303e+00
    1.40186048e+00 -4.68744695e-01 5.69829643e-01 1.57098651e+00
    -2.21707225e-01 6.40080512e-01 1.77327529e-01 2.97218233e-01
    -4.37450260e-01 3.49303275e-01 -2.00301915e-01 -5.77809811e-01
    1.63402629e+00 -2.54658043e-01 1.55568385e+00 1.28815889e+00
    -1.50342852e-01 1.18956387e+00 1.25397846e-01 5.62918663e-01
    1.34737003e+00 1.94610953e+00 3.40689689e-01 5.94722688e-01
    1.75755966e+00 -6.66031167e-02 1.42136240e+00 -1.74671352e-01
    1.83922911e+00 6.64060414e-01 1.61783123e+00 1.87454331e+00
    5.26359200e-01 -1.69057652e-01 5.91877937e-01 -5.26247144e-01
    7.66355097e-01 1.22230756e+00 5.29805303e-01 -7.58080706e-02
    1.85417557e+00 -4.25756752e-01 1.36579347e+00 5.70231676e-01
    1.89393568e+00 1.97721362e+00 1.26273721e-01 -2.18370214e-01
    8.97708476e-01 1.72417724e+00 -8.43279362e-02 -2.47299075e-01
    1.59614456e+00 2.10947357e-02 8.75134289e-01 -3.45646799e-01
    1.94404578e+00 -3.07446152e-01 5.06657325e-02 -5.34885406e-01
    1.60835969e+00 1.00559247e+00 1.91184461e+00 3.05257887e-01
    2.60705322e-01 1.15414560e+00 -3.21889073e-01 -7.12334961e-02
    7.90854275e-01 6.25607014e-01 1.00252140e+00 2.63799262e+00
    1.58917737e+00 3.93599123e-01 2.08972502e+00 1.11344016e+00
    1.36543989e-01 1.92565739e+00 1.38709021e+00 2.21655488e+00
    1.06677210e+00 1.87359834e+00 1.75493050e+00 1.15224433e+00
    2.16939402e+00 1.52379489e+00 1.86297870e+00 2.01193643e+00
    2.13710999e+00 2.47744036e+00 2.20385742e+00 4.69220310e-01
    2.64826798e+00 3.31096113e-01 1.49758732e+00 2.51018310e+00
    1.37181461e+00 8.41204226e-01 1.22048713e-01 1.75817192e+00
    1.49997175e+00 4.58090067e-01 1.00400424e+00 1.98506093e+00
    2.65170264e+00 1.13660276e+00 2.61823034e+00 1.90855789e+00
    1.31868756e+00 1.24907100e+00 5.26095986e-01 4.03772026e-01
    2.14637685e+00 6.70644999e-01 1.56771708e+00 2.52094841e+00
    2.00317049e+00 1.49385536e+00 2.00975895e+00 7.91913688e-01
    2.57142591e+00 2.51193595e+00 9.77267087e-01 1.07749671e-01
    1.00059485e+00 8.69844377e-01 1.64062536e+00 1.67418826e+00
    1.90925252e+00 9.84742567e-02 2.11799979e+00 2.25932002e+00
    1.85500002e+00 1.97411025e+00 4.75921319e-04 1.57471716e+00
    1.06776547e+00 1.82903934e+00 2.20541048e+00 1.56011438e+00
    1.47672856e+00 1.84892619e+00 9.71877992e-01 1.53938055e+00
    8.00357461e-01 8.18941176e-01 5.78535497e-01 1.29699206e+00
    1.59436476e+00 4.53630209e-01 2.05679941e+00 9.46568489e-01
    5.82611024e-01 1.59784114e+00 2.06930494e+00 2.39079094e+00
    2.17175961e+00 6.52549028e-01 7.80377448e-01 2.14886022e+00
    2.92015105e-01 1.21379232e+00 1.97314322e+00 1.17654848e+00
    2.55275011e+00 9.35778558e-01 2.17492557e+00 2.14686012e+00
    1.92769372e+00 1.99765837e+00 2.34017110e+00 1.41756821e+00
    1.95167279e+00 1.03738976e+00 2.38703680e+00 5.94900787e-01
    2.02911586e-01 5.85376799e-01 4.85533267e-01 2.08891511e+00
    2.00461841e+00 2.65070343e+00 7.97237992e-01 2.59504840e-02
    7.16505587e-01 2.05965281e+00 3.35076720e-01 8.61697733e-01
    1.98579907e+00 5.68262696e-01 6.69060707e-01 9.27806914e-01
    1.34612584e+00 2.00002909e+00 6.70654401e-02 1.92796695e+00
    2.60716891e+00 1.20854497e+00 1.21765172e+00 1.24430835e+00
    2.00804210e+00 2.32086611e+00 1.85604405e+00 5.70072755e-02
    1.36821532e+00 4.42011327e-01 1.20500398e+00 5.70277989e-01
    2.57584262e+00 7.96914339e-01 5.22865765e-02 3.11942041e-01
    2.40752769e+00 2.06319523e+00 2.50359058e+00 4.57509518e-01
    1.43695343e+00 6.77347720e-01 2.45598316e+00 2.59329438e+00
    2.30530691e+00 1.05325413e+00 2.52795863e+00 2.04734612e+00
    8.16115558e-01 1.42109251e+00 1.43867075e+00 1.04588616e+00
    2.07476401e+00 1.00470555e+00 2.12600279e+00 1.08069849e+00
    6.29125774e-01 1.43241978e+00 1.95295882e+00 2.15328002e+00
    9.56245959e-01 2.63824010e+00 8.37364852e-01 1.14150059e+00
    8.18623900e-01 5.99693656e-01 3.66503268e-01 3.06829840e-01
    3.78046244e-01 1.49474216e+00 9.69528794e-01 1.37963080e+00
    1.91349339e+00 4.42156941e-01 7.20358193e-01 2.12402129e+00
    1.07534587e-01 1.70254469e+00 1.99429178e+00 1.18129218e+00
    1.28270662e+00 1.65407765e+00 1.06482649e+00 3.00361179e-02
    1.54523230e+00 1.11937428e+00 1.45789587e+00 7.44666994e-01
    2.63261724e+00 2.19960523e+00 2.02884689e-01 2.38942099e+00
    1.83537614e+00 2.31002545e+00 1.30294859e+00 2.45583391e+00
    6.01136126e-03 2.64941549e+00 2.04243183e+00 5.96958995e-01
    2.30280495e+00 9.08583105e-01 3.81368548e-01 2.00438428e+00
    1.76713145e+00 1.21103799e+00 1.57151911e-02 1.40678477e+00
    1.85401428e+00 1.55806684e+00 1.25513983e+00 1.04448783e+00
    2.21044230e+00 9.35598314e-01 1.31439507e+00 1.17681646e+00
    8.58513415e-01 4.69734043e-01 2.62386203e+00 1.98140275e+00
    1.86382517e-01 1.55251431e+00 2.55100489e+00 7.65201509e-01
    9.93078113e-01 1.26242793e+00 2.54520702e+00 9.20948625e-01
    1.25094497e+00 3.88442039e-01 8.64346683e-01 2.49682689e+00
    4.29386079e-01 1.17857409e+00 1.55299699e+00 9.61763561e-01
    2.65934563e+00 5.11823654e-01 1.66895270e+00 1.27573109e+00
    1.37840375e-01 1.89655185e+00 1.45140219e+00 2.63431001e+00
    5.92544794e-01 1.82392597e+00 2.63808322e+00 1.15083909e+00
    7.96244979e-01 1.33368504e+00 8.37161303e-01 4.68475610e-01</data></your_img>
</opencv_storage>
