<?xml version="1.0"?>
<opencv_storage>
<r>9</r>
<L2_diff>1.6689144969238037e+03</L2_diff>
<test_img type_id="opencv-matrix">
  <rows>128</rows>
  <cols>256</cols>
  <dt>f</dt>
  <data>
    5.65015674e-01 6.05377316e-01 4.26319212e-01 7.39084125e-01
    8.12078118e-02 3.43790829e-01 3.84389818e-01 2.14422971e-01
    8.73233318e-01 8.07120860e-01 3.81549358e-01 5.03301442e-01
    8.55476022e-01 5.57187796e-02 8.45719278e-01 2.18666136e-01
    9.68044400e-02 2.26934880e-01 9.52219069e-01 7.20733404e-01
    8.24558496e-01 4.22335684e-01 1.04038477e-01 1.01353139e-01
    9.34018135e-01 6.22754693e-02 3.34110439e-01 3.27333033e-01
    4.82554734e-01 3.85885626e-01 9.37048495e-01 5.49731135e-01
    4.90057766e-01 9.32325006e-01 9.39586103e-01 8.55714560e-01
    7.23637700e-01 8.29378605e-01 3.84836972e-01 7.61516571e-01
    7.37126052e-01 6.09624088e-02 6.80992663e-01 5.86228430e-01
    8.50460708e-01 9.70696509e-01 8.04322302e-01 8.67792010e-01
    3.16494048e-01 5.59799552e-01 3.17844152e-01 6.69706225e-01
    7.79995561e-01 7.67821074e-02 4.37505752e-01 5.69789290e-01
    6.66130245e-01 5.52144647e-02 2.84148037e-01 9.25841689e-01
    4.18884754e-02 6.27759933e-01 4.04111117e-01 6.57396674e-01
    5.43264449e-01 8.73846173e-01 7.59339452e-01 8.29606891e-01
    9.86736894e-01 8.02854955e-01 1.30306631e-01 9.53766823e-01
    4.88683492e-01 4.52509254e-01 6.51980758e-01 9.07524526e-02
    9.22134995e-01 4.62267250e-01 8.86346102e-01 9.09336984e-01
    3.43121111e-01 2.77734399e-01 4.39732879e-01 4.03753549e-01
    5.77396274e-01 6.66773915e-01 7.34637678e-01 4.78097796e-02
    9.91958022e-01 1.90786809e-01 7.78310835e-01 6.00005686e-02
    8.76661062e-01 9.60729957e-01 8.32952023e-01 8.43980670e-01
    1.88760430e-01 5.04616380e-01 4.74692315e-01 8.07688236e-01
    7.03152239e-01 8.63958955e-01 5.05164266e-02 4.93479580e-01
    4.13042068e-01 8.50596547e-01 5.46711028e-01 7.24176288e-01
    1.94373935e-01 3.94851565e-01 1.11808360e-01 3.27922910e-01
    4.45266366e-01 5.05023599e-02 1.37218893e-01 6.30331039e-01
    7.34808028e-01 3.08573544e-02 2.45978534e-01 1.87762320e-01
    5.01066446e-02 6.75416708e-01 2.89209008e-01 5.26052713e-02
    6.47185862e-01 8.52249622e-01 1.26447976e-01 7.96299875e-01
    6.92978740e-01 4.06611919e-01 4.18301046e-01 5.62186897e-01
    8.00846934e-01 9.76816714e-02 3.11251462e-01 3.19860220e-01
    5.71810007e-01 6.16019189e-01 7.41400063e-01 8.04709494e-01
    4.50025260e-01 1.74889147e-01 5.17802119e-01 2.98077255e-01
    9.84347582e-01 3.11558843e-01 1.40387177e-01 4.45253998e-01
    7.32209742e-01 1.06289446e-01 1.13877803e-01 4.36279088e-01
    9.86406326e-01 3.59048963e-01 2.57110059e-01 1.61181957e-01
    5.93055785e-01 4.12540138e-02 9.78152990e-01 5.76574028e-01
    8.86437595e-02 9.89670455e-01 7.62113512e-01 6.61417007e-01
    9.23303962e-02 5.07680953e-01 6.86354160e-01 1.22418702e-01
    5.68662643e-01 8.89252186e-01 1.48056656e-01 8.36334109e-01
    4.48267013e-01 9.88199353e-01 9.45065022e-01 3.49388123e-02
    8.98434103e-01 9.81815338e-01 9.45177197e-01 9.31113839e-01
    8.39370370e-01 1.95514858e-02 2.98939168e-01 5.68839490e-01
    3.42303872e-01 1.56320423e-01 3.33047867e-01 2.12048620e-01
    9.02910233e-01 3.60673338e-01 6.06523752e-01 2.48098373e-02
    5.71395159e-02 1.35881662e-01 2.26342887e-01 6.88744068e-01
    1.83052838e-01 8.06725860e-01 7.90924132e-02 9.96644318e-01
    5.80496192e-02 1.81138098e-01 7.39521265e-01 8.36835384e-01
    3.79585803e-01 1.67576194e-01 2.14145809e-01 9.66114163e-01
    1.86571777e-02 1.14002317e-01 1.72112286e-01 7.46191740e-02
    4.25240219e-01 6.52003109e-01 6.16014898e-01 4.12227064e-01
    7.97158122e-01 7.83776462e-01 4.38683867e-01 7.75857270e-01
    2.54960418e-01 8.73960197e-01 5.44414043e-01 8.82428467e-01
    2.04478830e-01 1.81660026e-01 5.18259287e-01 9.19258237e-01
    9.60608363e-01 3.32162172e-01 5.85522413e-01 7.25557089e-01
    7.33180821e-01 7.22942114e-01 3.12682241e-01 2.87718952e-01
    6.79042935e-02 2.55419016e-01 1.38924509e-01 3.19029868e-01
    5.97294569e-01 6.20154977e-01 2.36376852e-01 7.46111274e-01
    2.27944702e-01 1.11523479e-01 5.27490735e-01 8.71443987e-01
    2.27613837e-01 5.36299109e-01 1.05816245e-01 6.71930432e-01
    8.02954674e-01 3.73641014e-01 6.34408712e-01 4.14504588e-01
    8.92268300e-01 6.48058951e-02 8.37638497e-01 5.87884188e-01
    6.13726437e-01 3.50737035e-01 8.32751513e-01 5.22001207e-01
    6.41311407e-01 7.69666553e-01 8.81478131e-01 7.29792953e-01
    4.64777857e-01 8.71074200e-03 3.45153719e-01 8.02975178e-01
    6.54824018e-01 9.88200426e-01 6.92436814e-01 4.93487000e-01
    7.29855299e-02 4.68594432e-02 6.27610445e-01 6.90892875e-01
    9.47185636e-01 6.11494780e-01 4.89020169e-01 1.72163278e-01
    2.05099076e-01 5.84989011e-01 9.36913610e-01 1.90903842e-02
    7.99043417e-01 2.68755972e-01 9.48070765e-01 2.91977674e-01
    4.78836000e-01 8.85421276e-01 8.17543030e-01 5.42275906e-02
    3.81308913e-01 2.68552959e-01 1.99136019e-01 8.03367972e-01
    7.78384566e-01 5.78648567e-01 2.38010645e-01 1.95258647e-01
    3.97134095e-01 5.96416116e-01 1.61459744e-01 7.33617544e-01
    5.54536223e-01 3.06255698e-01 9.94903266e-01 4.95677620e-01
    7.34672248e-02 6.75509334e-01 7.52194047e-01 5.74282706e-02
    9.39538181e-01 3.58214140e-01 6.20566487e-01 1.05829358e-01
    9.23910499e-01 4.10171777e-01 4.83446717e-01 5.55633307e-02
    2.48015225e-01 7.54286289e-01 1.57240152e-01 4.91833031e-01
    7.65793502e-01 1.88803136e-01 9.27935719e-01 6.29412293e-01
    9.89924073e-02 4.04176861e-01 2.52251565e-01 7.88995683e-01
    6.45777583e-01 4.02468890e-01 8.14922750e-01 6.56269073e-01
    5.12630284e-01 8.75996590e-01 7.30086088e-01 7.85006106e-01
    6.14840984e-01 2.95172334e-01 2.53051817e-01 4.24583256e-01
    5.74352622e-01 3.80656987e-01 3.19728911e-01 5.90668082e-01
    3.57377410e-01 4.02410448e-01 5.46607256e-01 9.35435653e-01
    9.79204476e-02 1.64226472e-01 6.09155536e-01 7.05786943e-01
    6.58938587e-02 5.53645194e-01 4.24092948e-01 8.83023441e-01
    7.40471423e-01 8.92394900e-01 4.16316509e-01 3.89304131e-01
    5.78075945e-01 8.78876030e-01 4.03761476e-01 7.53004670e-01
    9.15950298e-01 4.87369537e-01 4.50219214e-01 9.68730986e-01
    1.83525294e-01 3.25989813e-01 7.36307025e-01 8.14927697e-01
    4.40361500e-01 9.86291170e-01 1.39623612e-01 3.98396850e-01
    2.99275517e-01 8.35254431e-01 2.91510046e-01 1.48067504e-01
    1.08149797e-01 8.50187540e-01 7.63818264e-01 6.12245142e-01
    4.39739764e-01 7.19516456e-01 5.51041722e-01 3.74179035e-01
    7.00515032e-01 5.84473133e-01 2.44930834e-01 1.77110851e-01
    1.83033794e-01 8.67688894e-01 3.86375546e-01 3.77740115e-01
    3.36145341e-01 3.20363432e-01 9.40979123e-01 5.25145113e-01
    7.07162976e-01 4.96839970e-01 2.79655725e-01 7.68816173e-01
    7.67689705e-01 3.95059288e-01 7.53434181e-01 2.12802589e-01
    1.45987630e-01 3.12109083e-01 6.67365432e-01 6.80788994e-01
    9.87635136e-01 7.01990247e-01 4.34550911e-01 4.98988003e-01
    7.47492194e-01 6.61348581e-01 5.22151470e-01 8.07014227e-01
    6.52523518e-01 9.90681052e-02 9.68747735e-02 7.09445596e-01
    7.26720035e-01 5.41403174e-01 6.79967403e-01 6.65986419e-01
    8.08396935e-01 4.28512037e-01 6.85386658e-01 5.24153233e-01
    1.53913468e-01 2.41122007e-01 9.75934684e-01 5.67518830e-01
    3.31038058e-01 4.69530284e-01 4.49213892e-01 4.19442207e-01
    9.54313278e-02 8.90447855e-01 6.44777358e-01 6.23608351e-01
    5.37097931e-01 9.83759522e-01 9.11668360e-01 8.04656982e-01
    1.14439964e-01 6.70946002e-01 4.59212303e-01 9.30114329e-01
    3.88497412e-02 3.31041396e-01 1.56527400e-01 4.03584450e-01
    3.32002729e-01 8.23881269e-01 5.48443019e-01 2.09700525e-01
    6.54910684e-01 3.10717106e-01 8.69713545e-01 9.57851410e-02
    1.40445650e-01 8.04711223e-01 7.77939558e-01 9.95563507e-01
    9.45165157e-01 8.35390687e-01 8.50608945e-01 3.67254287e-01
    1.96161270e-01 3.40248525e-01 3.33390892e-01 7.22384155e-01
    7.03905821e-01 6.43165946e-01 2.03531891e-01 5.82656324e-01
    5.76589704e-01 7.05434442e-01 8.23682487e-01 9.66307282e-01
    9.42677617e-01 7.48558521e-01 6.53598309e-01 7.03050613e-01
    2.78194159e-01 1.43911153e-01 7.71958113e-01 2.76422799e-02
    8.32186580e-01 8.93346071e-01 5.99600554e-01 8.55795622e-01
    6.56851947e-01 6.22585118e-02 9.22549248e-01 7.14445770e-01
    1.24790668e-02 8.48792911e-01 8.43313813e-01 2.09736198e-01
    6.80185795e-01 9.00734305e-01 9.90001559e-01 3.28977287e-01
    7.59156346e-01 1.61651671e-02 9.49363172e-01 8.34566712e-01
    4.83777732e-01 2.99691498e-01 2.27657169e-01 4.15966034e-01
    1.91556811e-01 2.98193157e-01 2.26019174e-01 3.45831454e-01
    8.58876944e-01 4.68621165e-01 6.71153307e-01 7.01530755e-01
    6.77559078e-02 6.38480306e-01 1.05973035e-01 1.26163542e-01
    2.58793890e-01 7.64675140e-02 1.25105381e-02 1.49256766e-01
    8.11625242e-01 8.56350422e-01 8.11075449e-01 1.82920724e-01
    6.23752713e-01 7.57505059e-01 2.64362037e-01 8.74046266e-01
    9.37663913e-02 6.19707465e-01 8.85431886e-01 2.10864872e-01
    6.40545011e-01 5.85607588e-01 1.23307407e-01 5.64508200e-01
    8.85205746e-01 6.81526482e-01 4.82682079e-01 1.62658095e-01
    7.81737983e-01 6.72321975e-01 7.07560003e-01 8.48062456e-01
    2.12005109e-01 5.59855103e-01 9.23782289e-01 9.50006008e-01
    4.36418861e-01 6.43507302e-01 9.55784619e-02 4.12102759e-01
    6.39779925e-01 6.12918496e-01 4.49523479e-01 6.79248095e-01
    1.45043194e-01 3.72892082e-01 4.45676625e-01 9.62744236e-01
    4.55091894e-01 5.89935780e-01 8.66933167e-01 7.58311629e-01
    4.50634807e-01 2.93701231e-01 8.04902315e-01 1.35741562e-01
    4.99075115e-01 7.28069425e-01 8.37285161e-01 9.44298148e-01
    2.34067440e-02 3.10207635e-01 2.78511971e-01 2.65857071e-01
    3.55466366e-01 1.95313752e-01 9.05681014e-01 8.42753947e-02
    7.39859939e-01 5.47482312e-01 8.36367011e-01 8.15030515e-01
    5.09699881e-02 6.27641320e-01 9.25304294e-01 3.63616854e-01
    2.60372430e-01 2.60644257e-02 1.63391471e-01 2.96414256e-01
    1.55278653e-01 1.30106509e-02 7.54482031e-01 5.53260505e-01
    6.26753688e-01 9.56761122e-01 8.34205866e-01 3.08121860e-01
    1.98882133e-01 9.56405759e-01 8.95655274e-01 6.14689589e-01
    1.52745932e-01 3.08598876e-02 9.63159442e-01 2.06816792e-01
    8.64900589e-01 9.95547175e-01 9.09847736e-01 6.88774288e-01
    4.70421970e-01 7.24148333e-01 2.95158237e-01 7.41244614e-01
    2.25005865e-01 4.86366481e-01 1.13442838e-01 7.54856110e-01
    5.28570592e-01 2.31332064e-01 2.34239012e-01 8.85135174e-01
    1.33741945e-01 5.93698382e-01 7.80235052e-01 1.85997128e-01
    5.95697463e-01 7.68675447e-01 7.21098065e-01 6.76788449e-01
    5.01601219e-01 8.44049811e-01 1.81388617e-01 9.38757658e-02
    9.98974800e-01 2.67134398e-01 5.91262102e-01 5.43124259e-01
    3.20367098e-01 6.41272902e-01 6.19326890e-01 1.06838346e-03
    2.04605639e-01 3.77097130e-01 9.39610660e-01 7.56509185e-01
    8.61428857e-01 4.08602983e-01 7.62975693e-01 6.45219326e-01
    1.90663934e-01 7.91787267e-01 7.66962051e-01 2.55553216e-01
    6.00218534e-01 1.63343817e-01 9.23293710e-01 4.33454931e-01
    2.10385174e-01 3.26073527e-01 2.80598313e-01 1.55085325e-02
    1.08581036e-01 2.05474257e-01 9.81943369e-01 3.71599585e-01
    7.04618633e-01 2.32436866e-01 5.82642615e-01 7.73269176e-01
    1.68570876e-02 7.69155264e-01 1.36166215e-01 7.69590020e-01
    4.42301631e-02 5.87455451e-01 7.01359749e-01 1.82649970e-01
    4.38022137e-01 7.07227111e-01 2.16704309e-02 7.39992142e-01
    2.15003639e-01 4.76495683e-01 5.14940441e-01 4.25028503e-02
    9.34969425e-01 5.70194423e-02 6.10615432e-01 9.51339424e-01
    7.59011149e-01 5.19891083e-01 4.05885756e-01 6.48869455e-01
    1.64501578e-01 3.27535093e-01 4.85602170e-01 5.07496834e-01
    9.43430960e-01 3.91136616e-01 2.73355842e-03 3.54883790e-01
    2.43563205e-01 5.97292066e-01 6.33425355e-01 7.98736334e-01
    6.56607747e-01 7.51077533e-01 3.81387204e-01 1.11522079e-01
    3.72377396e-01 5.56267381e-01 5.44670463e-01 8.96058798e-01
    8.08546424e-01 4.96129751e-01 7.67113924e-01 6.59665942e-01
    8.32677484e-01 8.41297150e-01 8.21203351e-01 2.52050668e-01
    7.02756226e-01 8.13793302e-01 5.08257270e-01 6.04192972e-01
    7.67436862e-01 1.05798811e-01 8.35009575e-01 6.51581883e-02
    3.42782438e-01 4.16955829e-01 7.27100253e-01 7.61468410e-01
    6.41097724e-02 1.75329953e-01 1.24403715e-01 8.80940676e-01
    3.32298517e-01 5.42569578e-01 7.08020091e-01 3.15412521e-01
    8.57688487e-01 2.44188011e-02 3.43227535e-01 9.56576467e-02
    4.27507401e-01 8.53453040e-01 3.60516757e-01 8.58055830e-01
    2.95818985e-01 1.80474102e-01 4.69070464e-01 3.08783233e-01
    6.01283669e-01 5.48974574e-01 1.31330490e-02 8.64931107e-01
    5.16230941e-01 7.08641887e-01 6.11713409e-01 5.02998948e-01
    8.15909743e-01 9.64184999e-01 8.36517453e-01 5.69060862e-01
    6.50143862e-01 6.39065504e-01 1.37468010e-01 8.84330153e-01
    5.27841866e-01 7.76511133e-01 8.08824062e-01 1.71698272e-01
    3.09599519e-01 6.27657533e-01 9.75555360e-01 2.43574232e-01
    1.58836305e-01 8.23290944e-01 4.03095782e-01 2.94091105e-01
    8.29414725e-01 9.54338670e-01 3.58894408e-01 2.17954725e-01
    6.37808442e-01 6.42121077e-01 1.09571844e-01 7.79410958e-01
    5.40912986e-01 9.70907748e-01 5.30956089e-01 5.12091577e-01
    2.35908419e-01 1.67465359e-01 8.06802273e-01 3.96684766e-01
    8.91280293e-01 2.34908462e-02 4.77988631e-01 1.24436617e-01
    2.15101063e-01 6.79410815e-01 8.53001535e-01 2.97329783e-01
    5.84047258e-01 4.69113886e-02 6.06092393e-01 3.50503087e-01
    4.30098355e-01 6.96432829e-01 9.10703182e-01 5.09717047e-01
    1.51448816e-01 6.46000504e-02 1.07686490e-01 9.23866153e-01
    2.86729693e-01 1.30005836e-01 1.85351193e-01 6.10242963e-01
    5.77032685e-01 2.06174970e-01 5.52736342e-01 2.17076242e-02
    4.58404332e-01 1.63963050e-01 5.16493201e-01 6.47896528e-02
    7.60630727e-01 2.51221895e-01 7.29917586e-01 5.34358382e-01
    2.40764141e-01 8.76055777e-01 8.87281418e-01 9.41706896e-01
    3.02584976e-01 9.25343037e-01 2.68852055e-01 6.33042455e-01
    6.79568231e-01 8.78170669e-01 8.32206726e-01 9.24071968e-01
    3.59594792e-01 5.17341971e-01 1.80833757e-01 9.43562686e-01
    7.96148539e-01 3.92380714e-01 4.17190969e-01 3.16978097e-02
    1.92600489e-02 8.20960343e-01 6.08070076e-01 5.42372823e-01
    2.35767365e-01 3.00242722e-01 5.05441427e-01 9.33411598e-01
    3.09848070e-01 9.36907172e-01 3.45391452e-01 5.19736588e-01
    5.14211595e-01 7.03350961e-01 3.06306332e-01 8.43691587e-01
    4.60198581e-01 4.30319041e-01 8.63021553e-01 4.03153718e-01
    7.61715531e-01 4.76177931e-02 9.66476798e-01 3.76634598e-01
    9.91327643e-01 8.09248924e-01 4.36017841e-01 3.48255277e-01
    9.50083733e-01 7.52524972e-01 2.94998109e-01 1.54729068e-01
    3.33440423e-01 1.79742783e-01 3.95289123e-01 7.94624031e-01
    7.17076838e-01 3.64016265e-01 3.19894552e-01 9.71560180e-01
    1.77299082e-01 7.03678548e-01 5.45281053e-01 9.55182195e-01
    6.36409879e-01 7.64073253e-01 2.31688261e-01 8.47059846e-01
    3.03551376e-01 1.39553845e-02 8.61605287e-01 8.09211671e-01
    2.21337944e-01 6.23571277e-01 6.90229952e-01 2.61196166e-01
    1.51902944e-01 6.29338026e-01 6.48975432e-01 2.91041881e-01
    5.18952012e-01 4.51321274e-01 8.19501638e-01 9.66751218e-01
    5.56656718e-01 7.84186721e-01 6.24532878e-01 2.11682409e-01
    2.33766884e-01 1.11026764e-02 8.31357837e-02 6.07524633e-01
    4.19808835e-01 4.17840987e-01 1.32557094e-01 5.48526585e-01
    6.20240688e-01 7.04611599e-01 6.17552459e-01 1.68813407e-01
    4.67716992e-01 8.37989330e-01 3.17520112e-01 4.13117468e-01
    9.29862738e-01 7.00607896e-03 4.77822512e-01 8.20095181e-01
    6.07745409e-01 4.74557400e-01 8.48865271e-01 9.84789133e-02
    1.97372735e-01 5.29418528e-01 7.85868764e-01 4.91450191e-01
    3.41130733e-01 4.17502701e-01 5.32681584e-01 7.19717741e-02
    6.38573647e-01 6.18511558e-01 8.91658902e-01 6.29665375e-01
    2.74037123e-01 2.05507785e-01 9.95555520e-01 6.65244579e-01
    4.85588342e-01 6.63172483e-01 3.13921958e-01 5.88741899e-01
    2.62463748e-01 9.56480682e-01 1.57249868e-02 3.34438920e-01
    5.28997183e-01 8.40205073e-01 5.12849450e-01 4.55845892e-02
    8.22224557e-01 7.89171636e-01 2.81099975e-01 2.48748064e-01
    2.14150727e-01 1.99692488e-01 4.51810747e-01 8.72175097e-01
    9.11343575e-01 1.31342113e-02 4.40303206e-01 5.96879482e-01
    6.58365905e-01 9.77323532e-01 7.19607592e-01 2.98949182e-01
    6.33350730e-01 5.07342696e-01 3.87254298e-01 1.54160857e-02
    7.21794963e-01 3.11135352e-02 6.50148034e-01 3.85851562e-01
    2.91168302e-01 2.52232760e-01 1.07804120e-01 2.99975693e-01
    8.66171241e-01 3.41514170e-01 5.36114216e-01 3.56306225e-01
    9.42357779e-02 2.18066335e-01 5.24141788e-02 4.83463109e-01
    4.06996846e-01 6.12730801e-01 2.14926809e-01 7.04426467e-01
    7.39749670e-02 3.43103290e-01 8.28128755e-01 7.12074280e-01
    6.74108684e-01 3.00045729e-01 3.51829588e-01 3.38911444e-01
    5.99413514e-01 8.45235407e-01 8.40862751e-01 8.02527249e-01
    5.36282659e-01 6.26509070e-01 8.63035917e-01 5.09797454e-01
    2.46123463e-01 7.03673959e-01 4.87208873e-01 3.11045229e-01
    4.71604526e-01 7.80488908e-01 9.19979393e-01 2.59259880e-01
    2.28193581e-01 6.65365517e-01 2.83354580e-01 3.99538219e-01
    6.13503575e-01 9.22223508e-01 8.77213657e-01 6.11689687e-01
    6.64779603e-01 8.51169586e-01 2.39361942e-01 1.55312926e-01
    7.55168557e-01 3.28701645e-01 5.13887107e-01 2.82116681e-01
    7.16825426e-01 6.80593491e-01 4.68017042e-01 7.45384634e-01
    8.11582744e-01 9.86272573e-01 5.18063307e-01 3.92679393e-01
    7.14315593e-01 9.28025842e-02 3.57396841e-01 1.84598774e-01
    3.80435884e-02 2.34791666e-01 9.52664614e-02 7.16257095e-01
    5.53762972e-01 1.43149048e-01 2.82547891e-01 5.65261543e-01
    1.22443736e-01 3.54474425e-01 2.64318168e-01 9.10851240e-01
    7.47747660e-01 7.51201987e-01 5.91403306e-01 9.23811913e-01
    1.62066072e-01 3.58375281e-01 7.81471848e-01 4.60023701e-01
    2.88685620e-01 3.21699142e-01 8.16349089e-02 3.65745664e-01
    1.42149925e-01 4.71232802e-01 2.47307777e-01 2.73459107e-01
    9.88397598e-01 6.69722617e-01 8.52715731e-01 5.95491767e-01
    3.23474169e-01 9.04296339e-01 6.74294531e-01 7.30042994e-01
    7.54721880e-01 2.15283155e-01 8.78422856e-02 8.55081618e-01
    1.58595741e-01 5.35542965e-01 4.05476481e-01 8.78891289e-01
    4.13284063e-01 3.79368365e-01 4.91263270e-01 7.61262178e-01
    9.67478514e-01 3.82301718e-01 8.70123863e-01 9.16712284e-01
    8.25405002e-01 5.59029341e-01 4.73286331e-01 1.39860690e-01
    7.49680161e-01 6.37121260e-01 5.19421697e-01 3.95907164e-01
    3.58881712e-01 6.33080482e-01 8.62642467e-01 3.15379202e-01
    8.09771121e-02 5.46944737e-01 5.02489030e-01 8.88296664e-01
    3.97567183e-01 5.47180057e-01 5.97496271e-01 5.89194596e-01
    4.34286356e-01 7.89977789e-01 9.40434575e-01 2.25628704e-01
    6.95175469e-01 5.48901081e-01 8.36873233e-01 8.43843818e-01
    3.57782006e-01 6.34695470e-01 6.57568693e-01 2.94900656e-01
    4.38504726e-01 7.91949451e-01 8.65548551e-01 4.54905123e-01
    1.91982985e-02 6.21090591e-01 3.04665029e-01 4.40134406e-02
    3.90710771e-01 4.18364435e-01 2.68325090e-01 6.79141283e-02
    4.87111688e-01 3.45384181e-02 1.37705922e-01 1.57754779e-01
    1.10214293e-01 3.64106178e-01 8.82110953e-01 3.53051722e-02
    9.24343407e-01 9.09966528e-02 9.57574666e-01 8.45909119e-01
    7.72255003e-01 4.85631406e-01 2.67186254e-01 7.82997727e-01
    8.15131903e-01 6.29506230e-01 3.63773912e-01 4.12617803e-01
    3.31899464e-01 4.64028716e-01 8.40108275e-01 7.92289615e-01
    2.46351749e-01 5.17279327e-01 1.08074427e-01 4.44849581e-01
    8.52594078e-01 9.26847696e-01 6.12512827e-01 9.21506763e-01
    7.94603050e-01 9.49947774e-01 3.99763912e-01 7.25934267e-01
    7.63338327e-01 8.34461331e-01 6.30657911e-01 6.86198473e-04
    6.64066672e-01 5.06258249e-01 9.16912675e-01 5.28113902e-01
    6.91468716e-01 5.09373903e-01 6.31816328e-01 4.33718801e-01
    3.18517745e-01 3.46619785e-02 7.76155591e-02 3.48826051e-02
    6.56618774e-01 6.02623224e-01 4.10207927e-01 6.47128820e-01
    4.82665002e-01 4.01123166e-01 2.62774229e-01 3.53404880e-02
    3.02917391e-01 8.47804070e-01 2.07154214e-01 6.26448691e-01
    5.18187881e-02 6.43652081e-01 9.72723365e-01 5.02834857e-01
    1.14503443e-01 5.03515363e-01 2.81023383e-01 7.09847987e-01
    3.66623163e-01 8.70519638e-01 5.15294790e-01 6.77045226e-01
    1.94868296e-01 7.43142605e-01 3.07859123e-01 3.01153004e-01
    5.71762919e-01 7.54609704e-02 1.63020164e-01 7.67379224e-01
    2.11697370e-01 6.41597271e-01 5.30606747e-01 1.28121734e-01
    5.69632590e-01 6.23970926e-01 5.86008012e-01 4.27885175e-01
    4.68200892e-01 1.16715997e-01 7.19023824e-01 6.62959158e-01
    3.60778809e-01 2.56341398e-02 4.66060162e-01 9.31049585e-01
    9.18796360e-02 5.30472398e-01 4.67181504e-01 9.17659760e-01
    9.45258379e-01 1.70769751e-01 7.65879035e-01 7.06732094e-01
    2.81179398e-01 4.67819422e-01 6.67398572e-01 3.50066900e-01
    6.36201203e-01 3.12296033e-01 4.82497394e-01 6.30236268e-01
    9.98465419e-02 2.82648683e-01 2.52883106e-01 9.89205599e-01
    6.98834181e-01 7.50444174e-01 4.64148432e-01 5.92839003e-01
    4.35061693e-01 4.56547081e-01 1.67778105e-01 8.40623260e-01
    7.57362843e-01 8.10347080e-01 5.95838726e-01 8.93056750e-01
    4.36674327e-01 1.25995517e-01 6.49378598e-02 3.84149700e-01
    4.67408270e-01 3.32616538e-01 6.90763235e-01 6.04257584e-02
    2.63487607e-01 4.36207384e-01 6.88673854e-01 4.62310433e-01
    7.75871992e-01 7.41129577e-01 3.58667850e-01 1.97168678e-01
    5.29417872e-01 8.77648175e-01 7.85790086e-01 6.31192565e-01
    9.71370995e-01 6.11958146e-01 8.93165469e-02 2.29099989e-01
    1.16535723e-02 7.80157328e-01 5.65009058e-01 7.53686666e-01
    1.36051476e-01 9.02382612e-01 7.63033569e-01 1.52120501e-01
    7.53641605e-01 9.98550296e-01 9.54218924e-01 4.76203918e-01
    3.87825429e-01 5.08135557e-02 2.22057730e-01 4.81186241e-01
    9.74954247e-01 4.62367982e-01 4.51192111e-01 6.88526332e-01
    9.58045840e-01 7.44604886e-01 1.78502560e-01 1.16394609e-01
    8.68931770e-01 5.62205613e-01 8.93606663e-01 3.57242584e-01
    6.93193376e-02 5.28638721e-01 8.83195162e-01 9.19213653e-01
    7.41249084e-01 8.19492340e-03 8.70826125e-01 4.38630342e-01
    8.46125364e-01 1.90173656e-01 9.99805331e-02 4.09975111e-01
    1.36508703e-01 6.43947184e-01 9.46368337e-01 7.08834767e-01
    5.82659125e-01 9.43615079e-01 7.99620152e-01 3.19371998e-01
    5.96356392e-03 9.09563899e-01 3.19924951e-02 1.08581543e-01
    3.55716228e-01 8.20454478e-01 9.37619925e-01 9.77361798e-02
    4.54665035e-01 6.80907011e-01 5.25737047e-01 3.29705000e-01
    4.47699428e-02 7.15730727e-01 8.76392365e-01 9.32495177e-01
    1.38222694e-01 4.01517689e-01 4.02074575e-01 7.58049965e-01
    6.82944715e-01 1.44486934e-01 7.86830306e-01 6.32903516e-01
    8.96892488e-01 7.18806684e-01 2.12921232e-01 3.65773648e-01
    7.62254477e-01 8.25190961e-01 6.19869888e-01 4.30232584e-02
    6.01132274e-01 1.93619579e-01 7.98393607e-01 1.63725317e-02
    5.26220739e-01 9.07410860e-01 3.04247737e-02 9.66070652e-01
    8.75559211e-01 1.57043993e-01 5.00563204e-01 8.16369891e-01
    5.97299993e-01 6.95051670e-01 7.83212900e-01 7.16567695e-01
    4.93026435e-01 7.94250011e-01 3.63236904e-01 6.52963221e-01
    4.90823805e-01 9.80246544e-01 4.27785814e-02 3.50512862e-01
    9.77585912e-01 7.19712079e-02 8.38221192e-01 7.58358240e-01
    5.09460390e-01 2.42695630e-01 1.27446800e-01 7.47585416e-01
    5.57897091e-01 1.67099059e-01 4.31102186e-01 3.74587983e-01
    3.70929837e-01 7.19420969e-01 2.76069462e-01 4.54449654e-01
    1.93860233e-01 7.56883621e-01 1.98983014e-01 3.83560658e-02
    6.20603323e-01 2.42156982e-01 5.97526312e-01 2.98290968e-01
    6.96514130e-01 8.81458104e-01 8.67739320e-03 4.56499487e-01
    3.73515487e-01 5.11946976e-01 6.95079923e-01 9.77021456e-01
    1.98072731e-01 1.31612182e-01 6.91827059e-01 1.49227262e-01
    5.86615205e-02 5.74793816e-01 6.43690586e-01 7.32828379e-02
    1.84184492e-01 2.67405063e-01 2.05580086e-01 9.08653498e-01
    1.82840556e-01 2.65737176e-01 5.70031881e-01 4.62419510e-01
    8.70762825e-01 1.66223675e-01 2.55210757e-01 7.35782087e-01
    9.67556000e-01 3.94127578e-01 2.36338615e-01 8.98986697e-01
    8.46560001e-01 8.94782543e-01 4.98879105e-01 6.08869612e-01
    5.93065619e-02 6.03464186e-01 4.69144911e-01 9.45280433e-01
    1.06744438e-01 8.67915034e-01 8.96994174e-02 3.92432868e-01
    2.06787229e-01 5.57956159e-01 3.20691466e-01 5.45172751e-01
    6.57290101e-01 9.66381788e-01 5.00846982e-01 6.30807161e-01
    7.74197340e-01 9.23517168e-01 5.66702127e-01 8.35216880e-01
    7.85239935e-02 4.06401992e-01 8.49279106e-01 8.19888949e-01
    9.84896541e-01 4.36328948e-01 8.63089681e-01 2.35086411e-01
    7.27180243e-01 7.79454947e-01 7.49816716e-01 3.99193108e-01
    8.57712746e-01 5.79391241e-01 7.91386664e-02 4.33123022e-01
    1.79580301e-01 5.19479632e-01 7.98264742e-02 3.39987636e-01
    4.21355873e-01 9.86897051e-01 7.51125932e-01 9.43946302e-01
    7.52368331e-01 3.42936635e-01 8.80332947e-01 4.16884899e-01
    2.96302438e-01 2.89191008e-01 2.12435424e-01 4.20932114e-01
    2.74106026e-01 9.30940628e-01 1.66736066e-01 3.94748151e-01
    9.74915862e-01 2.21105903e-01 4.93395001e-01 1.65117413e-01
    7.03156590e-01 9.84239578e-03 6.35151863e-01 1.67407095e-02
    2.47089654e-01 1.74595028e-01 7.87519395e-01 7.16997087e-02
    9.34420705e-01 2.71287918e-01 6.97697639e-01 8.77525330e-01
    5.13339698e-01 5.98999441e-01 5.72242141e-01 4.43329990e-01
    9.49875176e-01 2.95918494e-01 1.31196469e-01 5.91992497e-01
    6.85692906e-01 7.28924394e-01 5.37412524e-01 7.58526087e-01
    2.60698348e-01 6.16465449e-01 8.94697905e-01 6.46417797e-01
    9.07444835e-01 4.42250669e-02 7.03660607e-01 1.59687191e-01
    9.53471243e-01 3.84912491e-02 2.85035968e-01 2.68826246e-01
    4.07502443e-01 8.34850430e-01 4.11540270e-02 9.68891680e-02
    7.53380418e-01 3.26672196e-03 1.67183131e-01 4.44903761e-01
    8.90643001e-01 9.80111480e-01 4.51824337e-01 4.15336072e-01
    5.00995338e-01 7.77550101e-01 1.48349166e-01 6.05120361e-01
    9.61322784e-01 9.99019265e-01 7.66394436e-01 2.16263801e-01
    3.95240247e-01 9.46716428e-01 1.52893722e-01 1.68214500e-01
    9.91581023e-01 8.36675167e-02 7.46378124e-01 7.27088869e-01
    3.60400259e-01 2.77472228e-01 9.41418171e-01 7.05794930e-01
    8.09422493e-01 5.15232682e-01 1.29566640e-01 1.74007118e-01
    9.07164097e-01 9.99329209e-01 9.55536366e-01 4.25892174e-02
    7.16524065e-01 4.97712940e-01 7.09732175e-01 6.88274086e-01
    1.14290416e-02 4.98854488e-01 1.57637000e-01 5.25456071e-01
    6.99311972e-01 1.31761968e-01 7.40274549e-01 6.00564778e-01
    1.48324728e-01 4.30265993e-01 6.45746291e-01 2.13409275e-01
    1.97860479e-01 9.58023667e-02 5.91863632e-01 2.66058445e-02
    1.80595249e-01 7.98882127e-01 3.74713153e-01 8.19132507e-01
    8.97531033e-01 7.00039089e-01 8.45190585e-01 4.03724492e-01
    9.61662292e-01 4.98727232e-01 3.81926179e-01 2.88962126e-01
    5.82576752e-01 8.30250978e-01 2.50891119e-01 3.81226838e-01
    5.09771705e-02 2.84299552e-01 6.35048926e-01 3.99236143e-01
    6.96899354e-01 4.02324468e-01 5.23319244e-01 5.43486297e-01
    9.95734513e-01 6.41549885e-01 1.40789330e-01 2.67113805e-01
    2.12216944e-01 7.41618752e-01 6.92723930e-01 3.29552352e-01
    5.14340758e-01 5.92359543e-01 9.57358778e-01 8.41348231e-01
    2.89643258e-01 3.82423043e-01 9.29284394e-02 6.72412038e-01
    7.15803683e-01 4.94944155e-01 8.29408765e-02 7.46961534e-02
    4.53025848e-01 7.88529873e-01 6.89201474e-01 9.95464802e-01
    2.46578008e-01 4.42392170e-01 6.04656339e-02 3.44216228e-02
    4.50532496e-01 9.32835340e-02 4.82319176e-01 9.88826692e-01
    5.31823218e-01 5.62045336e-01 4.56796050e-01 8.99585724e-01
    8.78584981e-01 5.40021896e-01 2.83989459e-01 1.57094955e-01
    4.46121484e-01 3.89753461e-01 9.95986819e-01 6.96478367e-01
    7.52115905e-01 3.13566417e-01 1.96561188e-01 9.57100511e-01
    6.41775966e-01 7.25207329e-01 8.08835328e-01 8.02830338e-01
    7.86454141e-01 4.86290634e-01 6.41135037e-01 1.34511620e-01
    3.45569015e-01 6.26039982e-01 8.62438381e-02 7.44493842e-01
    3.76156390e-01 1.51242882e-01 1.88716441e-01 3.98260057e-02
    5.27512193e-01 9.09422755e-01 8.44458103e-01 3.56076062e-02
    4.46073055e-01 9.42831755e-01 4.32061076e-01 8.06168914e-01
    7.54979134e-01 4.16504443e-02 8.94569397e-01 1.91469282e-01
    6.99500501e-01 4.09027636e-01 2.42905468e-01 2.07195669e-01
    8.23159516e-01 9.07670736e-01 5.12630403e-01 7.33560324e-03
    6.55788243e-01 2.98233628e-01 3.45054686e-01 3.24685693e-01
    6.61682189e-01 4.79927063e-02 5.77255011e-01 1.34919882e-02
    1.53161585e-01 7.88656950e-01 7.10822225e-01 5.69715440e-01
    1.78231865e-01 2.62240171e-02 5.30559957e-01 3.76136124e-01
    5.82556725e-02 1.56112343e-01 9.71492529e-01 9.23603177e-01
    2.93583274e-01 7.37844467e-01 4.46101964e-01 4.69949186e-01
    6.42775893e-02 3.26581091e-01 6.19004607e-01 3.23152542e-01
    3.35892260e-01 3.60701680e-01 3.57682109e-02 3.30912024e-01
    2.71382570e-01 4.89512235e-01 8.83247495e-01 1.89587414e-01
    3.01858485e-01 6.26263261e-01 7.53089190e-01 7.80646443e-01
    6.77752197e-02 5.15917957e-01 7.28326917e-01 4.41831380e-01
    5.70904672e-01 4.34499621e-01 4.58544791e-01 9.55176711e-01
    1.73665762e-01 7.64979601e-01 1.63561642e-01 9.23795700e-01
    8.21253300e-01 7.32828498e-01 2.84686565e-01 4.20592010e-01
    1.75785869e-01 6.44074857e-01 5.08378863e-01 8.53233814e-01
    6.57693088e-01 9.88511622e-01 3.16944897e-01 9.55171585e-01
    3.13692927e-01 8.57545733e-02 2.79068649e-01 9.79409456e-01
    6.28044248e-01 5.13400316e-01 5.65668106e-01 6.25844300e-01
    5.02754390e-01 7.85305321e-01 8.88134599e-01 8.92164826e-01
    5.03514230e-01 7.24316955e-01 9.57118630e-01 9.16810334e-02
    8.38832676e-01 7.73118854e-01 2.30859101e-01 7.56257951e-01
    5.78437865e-01 4.50477481e-01 3.84937465e-01 7.47656822e-03
    7.22027421e-01 8.32860768e-01 4.09507930e-01 3.92683476e-01
    6.30553365e-01 6.68187857e-01 3.22449684e-01 4.45463985e-01
    4.63984877e-01 8.10469389e-02 8.51116419e-01 1.12504423e-01
    3.32784116e-01 3.37223113e-01 5.02721131e-01 8.85607898e-01
    8.78538609e-01 8.31909418e-01 7.22114921e-01 5.45166135e-02
    8.64686012e-01 5.85101545e-01 5.70177794e-01 2.13233411e-01
    1.42168641e-01 4.05076951e-01 7.72394121e-01 9.99758363e-01
    6.42505169e-01 3.60073596e-01 4.07076836e-01 4.76114541e-01
    7.85585165e-01 8.48135352e-01 8.15973580e-02 4.91434991e-01
    5.78818023e-01 9.94189143e-01 8.70943367e-02 6.92899764e-01
    9.47134376e-01 9.91325974e-02 4.12268519e-01 9.60092187e-01
    1.28612280e-01 3.51692289e-01 9.97662365e-01 5.36347687e-01
    2.83860326e-01 1.88650489e-02 5.81720054e-01 3.49146008e-01
    3.61889243e-01 9.94184434e-01 7.96460152e-01 7.23143816e-02
    4.28534269e-01 1.14264041e-01 4.69872832e-01 1.66182816e-01
    7.69195199e-01 2.99431920e-01 3.98118973e-01 5.74801862e-01
    2.50796139e-01 5.15102088e-01 5.72572231e-01 2.94112325e-01
    3.82053554e-01 6.47650957e-01 4.76870298e-01 4.95091856e-01
    6.59279346e-01 3.33876431e-01 6.59082532e-01 4.62142348e-01
    4.62625027e-02 9.06800032e-01 3.20619494e-01 9.62357283e-01
    7.00684786e-01 3.02164853e-01 7.81794310e-01 9.43039775e-01
    5.05939126e-01 5.12452304e-01 6.55670881e-01 6.14597797e-01
    9.73778009e-01 6.28550172e-01 2.67737091e-01 8.27769101e-01
    4.10263419e-01 9.32773888e-01 2.77055204e-01 4.62091535e-01
    4.11541462e-01 2.37326384e-01 5.88766098e-01 6.85521126e-01
    6.15479112e-01 9.17575657e-02 4.01364952e-01 1.43171519e-01
    3.00808191e-01 6.25660419e-01 9.89582598e-01 8.31627846e-03
    9.30518985e-01 7.89194107e-02 7.15819478e-01 3.52375567e-01
    6.52170539e-01 4.29096758e-01 9.92851138e-01 8.53033662e-01
    3.30896676e-01 9.40223098e-01 2.78029919e-01 7.03405142e-01
    1.81141764e-01 4.70572203e-01 8.06733727e-01 6.13126516e-01
    6.02675021e-01 8.07957828e-01 3.52180570e-01 3.08863372e-01
    9.98466372e-01 9.85298038e-01 3.91044885e-01 7.66642511e-01
    1.56566262e-01 7.78571904e-01 4.77338165e-01 4.70443010e-01
    1.51843429e-02 1.14356011e-01 3.39903831e-02 6.27286673e-01
    4.44639325e-01 2.01442271e-01 3.70713174e-01 6.60216212e-01
    2.80769825e-01 3.54699790e-02 4.84419346e-01 3.85262877e-01
    6.88957214e-01 7.69847989e-01 5.73293388e-01 1.08014345e-02
    8.66135359e-01 5.77612579e-01 7.02522814e-01 1.75338089e-01
    5.41561723e-01 5.92128217e-01 2.44868308e-01 9.30113673e-01
    3.17318141e-01 7.03000307e-01 3.01274121e-01 1.50798410e-01
    1.17541939e-01 5.95716119e-01 3.54061663e-01 5.72339714e-01
    9.28147674e-01 8.76934648e-01 1.85579389e-01 7.75182545e-02
    3.00568938e-01 9.77153420e-01 5.55322647e-01 5.06674051e-02
    7.10679710e-01 7.97646105e-01 6.64616227e-01 4.14510667e-02
    4.47199911e-01 2.85112768e-01 6.31707907e-03 2.38364041e-01
    7.82287359e-01 7.72633672e-01 1.56126291e-01 7.86831617e-01
    2.45584935e-01 1.65613115e-01 3.66724044e-01 9.28978443e-01
    8.54126096e-01 7.11231351e-01 9.81710255e-01 6.29764438e-01
    9.38709497e-01 3.69189739e-01 1.13707542e-01 4.29030061e-02
    5.36995947e-01 6.12453640e-01 4.32806224e-01 7.66530395e-01
    9.09034789e-01 4.14177775e-01 9.35560405e-01 9.34150338e-01
    8.99862051e-02 1.71350569e-01 2.99808383e-01 3.88517112e-01
    6.05265915e-01 2.98231840e-04 9.91822481e-02 5.98963737e-01
    5.51088214e-01 6.34084225e-01 9.62260127e-01 5.60643911e-01
    8.49115968e-01 6.71015203e-01 8.24706256e-01 4.02152836e-01
    4.27829057e-01 3.20583850e-01 3.70223343e-01 2.32686549e-01
    5.36810398e-01 8.82434845e-01 9.93664742e-01 1.65004045e-01
    7.60442138e-01 5.25266171e-01 2.63026237e-01 9.39340472e-01
    5.56744695e-01 4.91742134e-01 8.88069391e-01 5.45961857e-01
    3.08195472e-01 2.54586935e-01 6.82808876e-01 7.25274503e-01
    8.10577571e-01 1.74925268e-01 3.09721708e-01 2.50582367e-01
    2.22170353e-01 1.30812764e-01 6.55024171e-01 7.05692291e-01
    1.92242831e-01 2.35754162e-01 2.68297434e-01 7.30252206e-01
    8.80413353e-01 2.94092029e-01 4.32314843e-01 1.12288058e-01
    9.07990456e-01 4.62184936e-01 1.11868382e-01 7.63036609e-01
    4.38025445e-01 6.79670811e-01 8.44817638e-01 3.91577065e-01
    2.48889774e-01 6.67642951e-01 7.69698858e-01 5.63813686e-01
    2.65539527e-01 8.78061116e-01 9.98341739e-01 5.22729516e-01
    8.93960178e-01 1.33222282e-01 3.93876135e-02 9.44160461e-01
    6.17314100e-01 1.08385056e-01 9.05521274e-01 3.58104229e-01
    9.55382884e-02 6.42603815e-01 8.71771514e-01 3.80768418e-01
    9.30252314e-01 1.67610198e-01 3.72834623e-01 9.28454638e-01
    9.33127105e-02 2.99813420e-01 8.10167313e-01 3.78238559e-01
    7.96539307e-01 7.19710886e-01 6.73948765e-01 4.95463014e-01
    6.85178399e-01 5.17890513e-01 8.12052846e-01 7.78785348e-01
    3.32116753e-01 4.92626786e-01 8.05516243e-01 6.64469361e-01
    7.71420836e-01 5.31758785e-01 4.82282132e-01 7.19596744e-02
    2.94941723e-01 8.94410372e-01 7.40866899e-01 3.06142151e-01
    6.09261930e-01 8.51891518e-01 9.91171956e-01 2.82344133e-01
    6.76814139e-01 5.81894755e-01 2.36808687e-01 6.35268927e-01
    1.09028250e-01 7.06323206e-01 6.79140031e-01 8.80606771e-01
    4.50765550e-01 1.69724911e-01 9.24721420e-01 5.01758397e-01
    8.08126569e-01 4.22824323e-02 2.96862721e-02 7.56519675e-01
    1.04398429e-02 1.91215962e-01 8.25202286e-01 1.42686009e-01
    7.85660923e-01 5.67165852e-01 4.96138155e-01 3.85445505e-01
    5.43634176e-01 2.34529555e-01 3.20084244e-01 6.96717739e-01
    4.47942853e-01 2.85488725e-01 7.76029468e-01 7.67591119e-01
    9.85239089e-01 1.19688809e-02 4.64800626e-01 8.67438674e-01
    2.12626100e-01 7.65124202e-01 8.61375093e-01 3.75430703e-01
    9.45998907e-01 5.55281937e-01 1.47191137e-01 6.76034629e-01
    4.55451697e-01 5.55327713e-01 7.70879626e-01 1.16270870e-01
    5.96489251e-01 3.22324038e-03 6.00535452e-01 2.51227796e-01
    9.96713638e-01 2.53452629e-01 2.14655519e-01 4.72205311e-01
    3.00143391e-01 8.57445240e-01 2.93486267e-01 8.78972173e-01
    4.56706107e-01 9.35750365e-01 5.94638586e-02 7.42960215e-01
    8.10857892e-01 3.89534831e-02 3.84487361e-01 1.83574021e-01
    9.33568358e-01 7.17603147e-01 1.46925449e-05 9.27334428e-01
    5.44205368e-01 6.46576405e-01 9.28905904e-01 6.70464396e-01
    9.07054424e-01 3.12241554e-01 7.09425807e-01 3.96269798e-01
    9.71078277e-01 6.08808041e-01 1.95518076e-01 7.91764319e-01
    9.63239431e-01 8.38870645e-01 5.88248968e-01 8.10575008e-01
    4.26654160e-01 6.28723860e-01 2.61392176e-01 7.36870468e-01
    5.45731664e-01 9.11863744e-01 4.82547045e-01 7.15722144e-02
    4.36955929e-01 7.76992619e-01 4.50983584e-01 6.25850141e-01
    8.05572152e-01 9.54932570e-01 4.36699152e-01 1.61384165e-01
    2.23299474e-01 3.28491330e-02 1.12521172e-01 7.21947551e-01
    6.92499101e-01 7.09273636e-01 6.32204771e-01 4.19207811e-01
    1.71339303e-01 9.72467780e-01 1.63316131e-01 5.44976413e-01
    3.15877676e-01 6.66324496e-02 2.83636808e-01 7.57016540e-02
    9.83682156e-01 5.93148470e-01 2.87860334e-01 2.61841476e-01
    8.82179141e-01 8.63107920e-01 1.92960113e-01 4.01011944e-01
    9.82594013e-01 2.06382573e-01 3.23162675e-01 9.08146441e-01
    1.49349570e-02 2.56798208e-01 1.15375519e-01 4.88664687e-01
    3.32900882e-03 2.33714283e-01 1.46262169e-01 3.78906071e-01
    4.74431425e-01 7.15974867e-02 9.27731395e-01 5.74518025e-01
    8.80833268e-01 9.47358727e-01 4.22556370e-01 8.91662359e-01
    7.09216118e-01 5.67212701e-03 1.08312905e-01 7.68954515e-01
    4.78365839e-01 3.30161452e-01 2.49848187e-01 9.72140610e-01
    5.29464602e-01 9.03527081e-01 1.61219031e-01 9.88591909e-01
    1.75694615e-01 2.01183647e-01 8.12530279e-01 6.92592859e-01
    5.23323059e-01 5.16929269e-01 8.62920403e-01 6.00334525e-01
    6.51480138e-01 9.04153943e-01 9.49963748e-01 1.55422091e-02
    2.00240195e-01 1.37857229e-01 2.57321566e-01 6.62423670e-01
    5.51173329e-01 6.98805392e-01 7.64764309e-01 9.35327053e-01
    8.43778551e-02 1.29667819e-01 8.51646781e-01 8.64117146e-01
    6.15314305e-01 8.76136959e-01 5.47683001e-01 1.78317726e-02
    5.70507407e-01 6.76342666e-01 1.22349083e-01 9.92292523e-01
    7.86513567e-01 2.25999564e-01 5.69309771e-01 3.59948605e-01
    4.42262501e-01 7.17110872e-01 5.26559889e-01 9.57928300e-02
    2.02966154e-01 2.42433548e-01 6.26005292e-01 6.31737411e-02
    3.52084666e-01 5.83919168e-01 5.73644519e-01 6.57730281e-01
    9.20060039e-01 6.32927001e-01 9.45170045e-01 3.16088498e-02
    2.82998562e-01 8.38507116e-01 4.79084134e-01 1.02690399e-01
    7.43088305e-01 4.39036727e-01 1.03559047e-01 5.09006560e-01
    2.23049879e-01 5.23480892e-01 1.78472430e-01 7.99557745e-01
    8.20192933e-01 1.49974346e-01 3.89237404e-01 6.41515017e-01
    1.59998834e-01 9.81633544e-01 6.49076104e-02 2.81143337e-01
    6.80365324e-01 9.97731626e-01 7.54402816e-01 9.53965366e-01
    3.50547254e-01 6.23556077e-02 8.22596192e-01 4.40702051e-01
    4.87629771e-02 4.05542493e-01 5.46471775e-02 3.89284909e-01
    4.05707985e-01 8.90328526e-01 7.84938157e-01 2.89925486e-01
    1.91477954e-01 8.05243134e-01 5.12038827e-01 9.56099331e-02
    1.72119439e-01 5.88350773e-01 1.33194864e-01 1.17293626e-01
    3.28901768e-01 3.81752342e-01 8.63264441e-01 4.09531772e-01
    6.74796820e-01 8.78544569e-01 9.58009362e-01 6.36224031e-01
    3.42857540e-01 1.35511458e-02 9.76619184e-01 6.28955722e-01
    8.82497907e-01 1.94589198e-02 3.54002893e-01 7.22954690e-01
    4.65518981e-01 5.46717644e-02 2.52050787e-01 7.27860272e-01
    4.76698697e-01 1.42801553e-01 3.67368817e-01 8.28488827e-01
    7.62807071e-01 7.28018939e-01 2.78104544e-01 6.21511579e-01
    2.36189425e-01 3.05024683e-01 9.91679072e-01 8.02388310e-01
    8.80084932e-01 5.46540439e-01 6.82063818e-01 3.99883866e-01
    8.00771952e-01 5.89020550e-02 9.93825436e-01 5.99224865e-01
    9.04118538e-01 6.67855740e-01 2.04736382e-01 5.50050437e-02
    5.73849916e-01 3.28309685e-01 1.48367405e-01 2.81200409e-02
    2.71151066e-01 4.39638972e-01 1.13380820e-01 6.51949406e-01
    7.67283082e-01 8.43591690e-02 4.94637519e-01 3.92989039e-01
    7.87418842e-01 5.17343581e-01 6.45097554e-01 7.30795205e-01
    5.01082063e-01 9.26058531e-01 3.17007780e-01 6.93222165e-01
    4.33728874e-01 3.75385076e-01 2.91861564e-01 4.37604785e-01
    8.40228260e-01 9.25588965e-01 3.42396170e-01 9.80457783e-01
    1.41639829e-01 5.78168988e-01 2.41580069e-01 5.33667624e-01
    2.43647039e-01 5.71469188e-01 8.25094521e-01 3.55784953e-01
    3.36906195e-01 9.46851254e-01 5.38146198e-01 1.65344626e-01
    1.02543920e-01 2.82756090e-01 8.03041339e-01 8.61123204e-01
    4.25285459e-01 9.24235463e-01 5.07476270e-01 7.96325207e-01
    5.67124128e-01 7.89994717e-01 6.61605239e-01 7.48347640e-01
    6.91117167e-01 3.46176684e-01 3.79292339e-01 9.09549475e-01
    8.98908734e-01 7.20933318e-01 5.40743470e-01 2.74774432e-01
    4.78570491e-01 7.28717029e-01 5.87777793e-01 5.35910130e-01
    3.08512151e-01 3.15115094e-01 9.49776947e-01 5.11610568e-01
    2.84265518e-01 4.27420050e-01 4.75435048e-01 9.86899018e-01
    3.71004045e-02 3.99547815e-03 1.47823632e-01 5.11360586e-01
    5.13695180e-02 8.46890926e-01 9.63312864e-01 2.70082176e-01
    2.56629348e-01 9.58492637e-01 3.38323593e-01 5.76734781e-01
    2.58783937e-01 7.99971342e-01 4.83174533e-01 3.51804376e-01
    8.40827346e-01 9.41857338e-01 9.00053978e-02 2.11119056e-01
    5.69272757e-01 4.28081632e-01 8.61436605e-01 6.40824556e-01
    7.24696219e-01 2.32602179e-01 3.05538654e-01 3.59036684e-01
    9.54967082e-01 7.63309062e-01 6.33266151e-01 9.09021378e-01
    9.99126554e-01 8.23232532e-01 2.29958624e-01 3.23471606e-01
    9.63384569e-01 3.91696662e-01 1.24000877e-01 4.08325583e-01
    1.19661301e-01 5.56899309e-02 1.88383162e-02 2.77345687e-01
    9.62704718e-02 8.71817887e-01 6.39057219e-01 7.26030588e-01
    3.08229625e-02 4.60249811e-01 9.11441028e-01 5.07873893e-02
    8.80490482e-01 6.73303843e-01 1.73299223e-01 6.92153513e-01
    9.55986738e-01 7.73645937e-01 7.93382227e-01 8.14553797e-01
    7.86566496e-01 8.99909616e-01 8.01028013e-02 3.14828753e-02
    2.21212536e-01 9.70446706e-01 4.80380684e-01 2.58328795e-01
    9.94345665e-01 4.67469275e-01 3.19737613e-01 9.63860154e-02
    9.85333562e-01 4.46892738e-01 2.00504988e-01 6.32055819e-01
    6.16613209e-01 6.39554620e-01 2.27857172e-01 8.55878472e-01
    5.81721842e-01 9.84641075e-01 3.97787482e-01 6.37815714e-01
    3.55421156e-01 8.20879638e-02 6.55106068e-01 9.23557341e-01
    1.55935436e-01 7.24682808e-02 3.38079929e-01 7.81653047e-01
    4.89879489e-01 8.43982816e-01 7.68520236e-01 2.57094860e-01
    9.62073684e-01 5.97891688e-01 9.66263115e-01 2.49112308e-01
    9.31947887e-01 5.67565084e-01 6.10198140e-01 7.52076685e-01
    3.65729034e-01 1.96363628e-01 2.90740341e-01 4.76805538e-01
    8.83931398e-01 6.48885667e-01 9.18059349e-01 4.87776667e-01
    9.60915923e-01 7.08122075e-01 9.80846643e-01 3.22660357e-01
    3.01415980e-01 7.47349322e-01 4.76131022e-01 4.86142308e-01
    5.38644552e-01 6.43552780e-01 7.81515658e-01 5.41847229e-01
    6.32363915e-01 9.38819885e-01 6.37286901e-01 7.33797848e-01
    8.72901797e-01 8.93690467e-01 4.81606275e-01 7.24820197e-02
    2.76576579e-02 6.74583852e-01 9.04535413e-01 6.94459975e-02
    4.02943552e-01 9.96958733e-01 3.47160995e-02 4.39021766e-01
    9.64296103e-01 7.88709641e-01 2.33444244e-01 3.44204009e-01
    1.71236068e-01 6.54257596e-01 5.08065581e-01 8.74697328e-01
    6.18310869e-01 1.29879624e-01 5.19613326e-02 2.80449927e-01
    1.84384346e-01 8.40499699e-01 5.77216268e-01 3.81190658e-01
    7.07144439e-01 8.07677865e-01 6.68278992e-01 4.73208666e-01
    1.62289143e-01 1.28761500e-01 9.11323607e-01 9.49557662e-01
    7.55413890e-01 5.17487228e-01 5.84960401e-01 5.63472807e-02
    4.25682038e-01 4.30723190e-01 1.98212355e-01 1.64252132e-01
    7.24975169e-01 7.46739268e-01 5.56515276e-01 6.39523447e-01
    2.16604352e-01 9.33570504e-01 1.74212515e-01 3.56825113e-01
    3.87454093e-01 2.94877231e-01 4.45194811e-01 7.01877773e-02
    3.71034145e-01 1.89175040e-01 4.17087257e-01 7.89357305e-01
    6.29271507e-01 3.32324296e-01 5.68698406e-01 8.07862759e-01
    8.31447840e-02 9.80486035e-01 3.10216218e-01 5.58227599e-01
    9.23823714e-01 8.17892790e-01 3.71187031e-01 4.77221012e-01
    7.71227419e-01 9.34634686e-01 1.53620631e-01 3.97568733e-01
    2.42866218e-01 8.76336217e-01 9.62201834e-01 8.84840012e-01
    7.01871097e-01 2.79689491e-01 9.93589342e-01 4.78689194e-01
    4.58618104e-02 7.92137027e-01 9.39886808e-01 3.13456595e-01
    2.88294733e-01 3.53916109e-01 3.22076023e-01 3.58750463e-01
    6.97407544e-01 5.93752444e-01 8.73584986e-01 8.02001238e-01
    9.66991544e-01 3.66766691e-01 8.67442191e-01 2.39725709e-01
    1.23172283e-01 8.96712542e-02 6.99049532e-02 5.94286442e-01
    7.99571276e-01 8.55704904e-01 6.57555163e-01 3.02889943e-01
    5.51556230e-01 7.80093908e-01 8.49525332e-01 9.77814078e-01
    6.03001356e-01 9.43529606e-03 5.46189010e-01 2.92010069e-01
    3.90546143e-01 5.01389384e-01 8.81253898e-01 1.62789613e-01
    8.43711972e-01 2.15241611e-01 6.23091042e-01 2.49920279e-01
    6.95202947e-02 7.69132316e-01 5.58498204e-01 4.05876189e-01
    4.61853504e-01 2.09885865e-01 2.27376133e-01 9.30694461e-01
    7.20215797e-01 8.72701168e-01 1.36704326e-01 9.55530405e-02
    8.00985992e-01 8.21036696e-01 8.47573638e-01 6.49813175e-01
    9.50522482e-01 5.75594008e-01 7.00069666e-01 5.83297491e-01
    1.21420652e-01 4.17088121e-01 7.08938658e-01 1.87281996e-01
    2.65943408e-01 1.36107773e-01 3.83816391e-01 8.37935925e-01
    5.39534986e-01 4.06853199e-01 2.11013526e-01 6.74039125e-03
    6.56978428e-01 8.98247719e-01 7.45576441e-01 3.24393868e-01
    6.87315822e-01 2.55444586e-01 1.42470092e-01 1.01802558e-01
    2.76792169e-01 3.84795666e-03 7.40330160e-01 7.62499452e-01
    2.06205815e-01 6.25226438e-01 2.09221035e-01 2.66898394e-01
    1.91966265e-01 7.13229060e-01 6.11402988e-01 3.74459743e-01
    4.58956778e-01 5.83407879e-01 5.38180292e-01 4.72681820e-02
    9.07974243e-01 7.20143855e-01 5.07047772e-02 8.46946120e-01
    3.31708312e-01 1.78803533e-01 3.62007499e-01 7.47481704e-01
    2.50866652e-01 2.31867731e-02 6.09385252e-01 3.23082566e-01
    3.96739364e-01 4.10722643e-01 7.61296153e-01 3.90940249e-01
    4.25331831e-01 8.62692356e-01 9.62262988e-01 1.56566918e-01
    6.01074696e-01 8.16503048e-01 9.32439208e-01 8.83247375e-01
    5.77465475e-01 2.37365067e-02 3.13483655e-01 2.45221853e-02
    9.52538013e-01 6.70603871e-01 5.34899950e-01 1.08140707e-02
    9.26813245e-01 7.39115953e-01 5.41328073e-01 7.11066186e-01
    8.34229350e-01 1.43034905e-01 9.68387365e-01 8.03067803e-01
    8.60279799e-01 1.54161125e-01 9.11462307e-01 9.04007196e-01
    2.19374895e-02 5.34840107e-01 8.99008512e-02 7.29296327e-01
    8.35626125e-01 8.04028273e-01 2.62974501e-02 5.18498838e-01
    4.77125943e-02 2.13881165e-01 5.43060541e-01 7.20950842e-01
    7.20321894e-01 4.39770877e-01 6.82439864e-01 5.29598832e-01
    5.93044400e-01 7.13625014e-01 2.01515645e-01 2.79849112e-01
    3.51555288e-01 6.29292607e-01 9.84565139e-01 7.81875610e-01
    3.98514509e-01 2.08421141e-01 6.13032937e-01 9.17954981e-01
    5.62935352e-01 3.98361027e-01 4.44941610e-01 7.38317847e-01
    3.75013798e-01 9.22113895e-01 2.14239627e-01 2.72437930e-03
    1.71974450e-01 4.71075177e-01 9.05519724e-02 8.37891340e-01
    1.63093120e-01 6.66715801e-01 3.74951959e-01 5.70187151e-01
    3.61770391e-02 1.29061759e-01 2.79408693e-01 6.37352109e-01
    7.36600876e-01 6.57930315e-01 7.96750069e-01 4.25902158e-01
    6.93197846e-02 9.07833934e-01 7.53631353e-01 7.22036600e-01
    5.39509892e-01 2.33133972e-01 1.32025778e-02 9.95503902e-01
    3.56357932e-01 7.61648893e-01 2.12841064e-01 9.82959211e-01
    1.90386087e-01 9.08749580e-01 2.81704128e-01 3.32907736e-01
    6.69937491e-01 8.62593889e-01 7.95334995e-01 8.14246297e-01
    1.79121017e-01 4.85137761e-01 5.86348772e-02 1.31599367e-01
    8.36351573e-01 7.34293878e-01 7.83877134e-01 9.17625308e-01
    8.91759515e-01 2.69823372e-02 4.97793168e-01 5.01056373e-01
    7.08491325e-01 7.17552125e-01 9.53701496e-01 6.56158984e-01
    8.63252878e-01 3.06486607e-01 5.47528505e-01 4.02818084e-01
    8.87380600e-01 1.05791032e-01 7.30389237e-01 1.15387946e-01
    7.22959936e-01 5.07223845e-01 8.72982025e-01 5.84865212e-01
    6.38160229e-01 7.23152995e-01 2.19965726e-01 9.67275977e-01
    4.30481851e-01 1.43285841e-01 5.07245779e-01 9.14014339e-01
    6.40242696e-02 3.45244080e-01 4.98287469e-01 1.66714013e-01
    4.82490599e-01 5.65592468e-01 1.12623453e-01 6.11868918e-01
    9.25718427e-01 2.88342655e-01 2.67631292e-01 1.20180279e-01
    6.64282620e-01 7.24541068e-01 6.81728661e-01 7.48018265e-01
    6.86514914e-01 4.16613370e-01 7.79869020e-01 7.75673270e-01
    3.18127930e-01 6.36106074e-01 1.34081066e-01 7.96501994e-01
    6.33652329e-01 5.03556490e-01 8.87908041e-02 7.61651278e-01
    9.78038609e-01 1.82459027e-01 8.07976842e-01 2.04554886e-01
    8.41420293e-01 7.31675863e-01 8.77887309e-02 1.87605858e-01
    9.63953912e-01 5.31992614e-01 4.13604200e-01 1.40559703e-01
    1.76885933e-01 8.05716872e-01 1.61335319e-01 3.15982699e-02
    9.96310353e-01 9.82192755e-01 3.60595524e-01 6.76048696e-01
    2.18296766e-01 5.55915117e-01 5.95663965e-01 6.36950433e-01
    2.47708350e-01 6.73309505e-01 9.91302848e-01 2.16408432e-01
    3.66890490e-01 3.82817268e-01 6.43382370e-01 6.22553527e-02
    8.46989870e-01 4.51019078e-01 9.31841135e-01 1.50113553e-01
    3.85226697e-01 4.62904781e-01 5.66718221e-01 3.06466579e-01
    5.17611384e-01 2.85450220e-02 8.68921816e-01 1.24315649e-01
    9.29170728e-01 2.41933227e-01 3.29144359e-01 9.80949044e-01
    9.42139924e-01 2.40823895e-01 8.60196352e-01 3.50992382e-01
    6.30403757e-01 1.35955125e-01 5.59688091e-01 5.75727582e-01
    5.07963538e-01 6.28301740e-01 1.05093420e-02 5.90571105e-01
    1.45679802e-01 5.89479268e-01 5.25852084e-01 4.49070007e-01
    9.67649698e-01 3.18150640e-01 7.37805367e-01 8.90989304e-01
    2.99231619e-01 6.50379896e-01 4.98061448e-01 6.34758353e-01
    4.51186597e-02 8.05429697e-01 2.19570518e-01 2.70714432e-01
    3.67066562e-02 7.50887990e-01 6.42067492e-01 8.02723527e-01
    3.43267560e-01 5.71369827e-01 8.89671087e-01 5.90261340e-01
    3.16340059e-01 4.22882050e-01 1.01771593e-01 6.13768935e-01
    6.05386436e-01 1.76126987e-01 5.32715976e-01 8.29773545e-01
    9.82284546e-01 9.03090477e-01 6.55025959e-01 1.22991174e-01
    6.30565703e-01 7.80686140e-01 1.26414686e-01 6.20558858e-01
    7.33371854e-01 7.40130305e-01 7.64619470e-01 8.66698861e-01
    6.86770916e-01 1.16160840e-01 6.47471726e-01 6.68224990e-01
    1.69451386e-01 7.86225319e-01 8.60381722e-01 4.79751706e-01
    6.31966531e-01 8.54033053e-01 9.08522487e-01 3.38353366e-01
    7.83667207e-01 7.12582171e-01 3.51779103e-01 9.58986700e-01
    7.69594371e-01 3.38583648e-01 5.94212711e-02 7.04370975e-01
    4.03622925e-01 6.61311150e-01 7.82289505e-01 6.96196914e-01
    7.21640170e-01 5.70332944e-01 1.62856430e-01 4.40484345e-01
    8.20551336e-01 7.08330512e-01 2.34774679e-01 8.45396996e-01
    2.87416279e-01 9.40969467e-01 8.07821631e-01 2.00070739e-02
    7.77006865e-01 1.05120331e-01 4.78091121e-01 2.92108506e-01
    9.26980972e-02 6.23924553e-01 1.20120108e-01 5.37765503e-01
    9.73299384e-01 7.72694468e-01 6.54821455e-01 8.25294971e-01
    1.05838418e-01 9.21727121e-02 2.94050157e-01 6.33271575e-01
    6.21295691e-01 8.16646993e-01 3.72283012e-01 4.01173174e-01
    6.56042695e-01 5.22712827e-01 8.67907166e-01 8.98060441e-01
    9.49705958e-01 8.80567074e-01 1.69620603e-01 2.76414573e-01
    4.92151618e-01 2.39054739e-01 6.51839256e-01 9.78723884e-01
    5.50009489e-01 5.73117971e-01 5.51782429e-01 6.73370302e-01
    6.62873149e-01 2.18738019e-02 2.50577211e-01 4.62640643e-01
    8.70575190e-01 8.57418597e-01 2.53397465e-01 4.29814756e-02
    5.54880917e-01 8.98111224e-01 1.19062036e-01 8.06817889e-01
    5.31754553e-01 2.37479150e-01 5.00567317e-01 5.83432138e-01
    1.44443691e-01 2.64907837e-01 2.03213304e-01 6.88010156e-02
    1.47258192e-01 2.75347978e-01 2.80775964e-01 1.33949697e-01
    9.39803720e-02 6.52437687e-01 5.19357920e-01 4.75449413e-01
    4.46689516e-01 1.92098051e-01 7.04881489e-01 5.48340380e-02
    3.45087111e-01 5.12545526e-01 8.14422488e-01 8.30517828e-01
    9.13636804e-01 5.64462006e-01 1.79708600e-01 8.29846144e-01
    7.67906249e-01 1.51158035e-01 9.80466843e-01 8.29735279e-01
    5.76554775e-01 7.55001307e-01 4.46851522e-01 3.08589339e-02
    2.24778026e-01 5.40157497e-01 1.00690097e-01 1.82319045e-01
    6.08347893e-01 3.11978728e-01 6.64228737e-01 6.48343682e-01
    5.04262030e-01 4.87546474e-01 6.72663748e-01 1.88485593e-01
    2.70003974e-02 1.12666249e-01 7.79772043e-01 4.48625118e-01
    5.94622195e-02 3.08700323e-01 2.78338790e-02 4.01973158e-01
    7.33106732e-01 1.80606693e-01 5.98846972e-01 5.10016918e-01
    3.71263653e-01 8.05959761e-01 6.42223954e-01 2.10168779e-01
    2.33293772e-01 3.11437368e-01 6.72692955e-01 3.73757958e-01
    4.02554959e-01 6.68752670e-01 4.66580659e-01 2.21305102e-01
    2.25041062e-01 7.70281255e-01 9.67264056e-01 8.42158020e-01
    9.56823111e-01 1.31632000e-01 6.93682611e-01 5.79039156e-01
    2.28027910e-01 1.05550885e-03 4.33999807e-01 3.13016236e-01
    3.66598070e-02 8.11011851e-01 7.97206044e-01 3.15625072e-02
    8.08960497e-02 6.21820688e-01 3.21234465e-02 3.95707011e-01
    8.21872354e-01 2.42258012e-01 3.63990337e-01 1.21679336e-01
    1.43086046e-01 2.46363580e-02 8.32350850e-01 4.41131860e-01
    3.56604308e-01 3.04180503e-01 3.77171934e-02 6.78604782e-01
    1.94561601e-01 3.29240203e-01 4.45187539e-01 5.01360118e-01
    1.81176782e-01 4.40403193e-01 5.72073698e-01 8.29111576e-01
    8.60742033e-02 1.40841007e-02 2.05276310e-02 5.23840070e-01
    8.68580341e-01 3.15351725e-01 7.86760449e-01 2.42847979e-01
    3.30484211e-02 4.24644679e-01 3.94794524e-01 6.78645492e-01
    3.24578106e-01 5.12448907e-01 2.76138306e-01 2.67096192e-01
    4.79027569e-01 2.70480812e-02 3.56583714e-01 7.20517516e-01
    8.73267949e-02 9.65752482e-01 8.86325002e-01 8.33594322e-01
    6.00886345e-01 4.62622911e-01 4.87232953e-01 3.81577492e-01
    2.75292039e-01 1.91304266e-01 9.68021333e-01 5.82994699e-01
    6.97440386e-01 8.78816605e-01 5.40235758e-01 1.14123970e-01
    3.44463348e-01 4.15687561e-01 4.34526086e-01 7.62111902e-01
    5.87160408e-01 8.66980255e-02 1.24190867e-01 9.90667105e-01
    5.76599956e-01 8.67501378e-01 1.91133529e-01 9.75711226e-01
    3.35535258e-01 6.62061930e-01 2.77208030e-01 2.70922780e-02
    8.81089449e-01 1.32787853e-01 7.83405483e-01 9.13770556e-01
    5.06378293e-01 3.50931883e-01 6.35816753e-01 2.92053699e-01
    8.90240967e-02 2.57764041e-01 6.19019449e-01 6.06560290e-01
    2.10594207e-01 6.31905735e-01 7.92362928e-01 7.77588010e-01
    2.11147547e-01 8.94035161e-01 4.71540779e-01 5.92210710e-01
    6.48257911e-01 8.56997848e-01 9.53429759e-01 5.63993514e-01
    5.31794131e-01 4.43991989e-01 9.04258132e-01 1.68563455e-01
    2.06385255e-02 7.97590613e-01 9.95397985e-01 3.17218900e-03
    2.76436329e-01 3.44498515e-01 2.05104947e-01 9.89780664e-01
    3.02286237e-01 6.42092049e-01 4.39514846e-01 9.27930653e-01
    3.54179144e-02 6.99710846e-02 1.98152602e-01 2.86282480e-01
    2.19577342e-01 9.36360359e-01 6.35707319e-01 5.28913140e-01
    7.32526481e-02 7.52483666e-01 9.15043950e-01 9.21891928e-01
    2.60006756e-01 5.10966003e-01 7.42734313e-01 2.14866996e-01
    8.63643885e-02 6.62507713e-02 1.57943845e-01 6.24236822e-01
    7.78816223e-01 9.86737311e-01 2.13624179e-01 9.06172991e-01
    4.08795118e-01 3.86268020e-01 5.86494684e-01 5.87097883e-01
    7.24547625e-01 7.80858517e-01 3.18724215e-01 8.93195331e-01
    7.59317398e-01 4.72120166e-01 1.56235665e-01 2.12589294e-01
    2.41292983e-01 4.08810258e-01 7.84597814e-01 7.85316944e-01
    5.27386367e-02 3.56361657e-01 3.51690769e-01 2.37031102e-01
    9.56291020e-01 6.28203273e-01 5.87559819e-01 5.84353268e-01
    7.93424845e-02 6.68206871e-01 3.48620445e-01 4.00279582e-01
    4.78210539e-01 9.59710658e-01 2.82353163e-02 9.86494720e-01
    5.23584604e-01 6.28304541e-01 5.11676788e-01 1.84780270e-01
    5.67396939e-01 2.68912673e-01 4.02346581e-01 7.87371039e-01
    4.90321696e-01 4.06812519e-01 1.13003403e-01 2.40381032e-01
    9.85204935e-01 5.61845124e-01 8.85867536e-01 5.32719791e-01
    5.43096662e-01 4.41469342e-01 7.42214978e-01 1.93370789e-01
    7.36906588e-01 3.46015036e-01 1.31674290e-01 4.43984240e-01
    2.07146078e-01 7.09324956e-01 1.96675837e-01 7.29490101e-01
    9.64146018e-01 7.27550805e-01 6.03581071e-01 4.57844108e-01
    2.47544229e-01 1.44647449e-01 1.95071608e-01 2.91931599e-01
    1.68971986e-01 3.88826191e-01 3.72042418e-01 3.16214681e-01
    7.38954246e-01 1.65858865e-02 2.55082428e-01 8.60577106e-01
    2.79993832e-01 7.19938815e-01 6.52378440e-01 1.29491061e-01
    3.97390425e-02 4.85644192e-01 6.07552588e-01 6.62976503e-01
    8.22539330e-01 2.00337410e-01 2.49308527e-01 9.41371679e-01
    2.38439918e-01 1.62025124e-01 8.63695145e-01 3.52315128e-01
    5.72430789e-02 9.08692420e-01 1.81283891e-01 4.79364425e-01
    2.81965017e-01 2.29888350e-01 2.37069279e-01 3.74851227e-02
    5.94540715e-01 5.36779225e-01 7.36601591e-01 3.81584316e-01
    7.91894794e-02 6.27367854e-01 4.54556257e-01 5.87314069e-01
    6.28866315e-01 9.48122323e-01 9.07655656e-01 1.44505620e-01
    4.14910197e-01 9.77322757e-01 2.32373595e-01 7.72154510e-01
    2.48341441e-01 4.33952808e-02 3.13124061e-02 1.27597421e-01
    5.43848753e-01 9.35069799e-01 5.97455442e-01 7.46273279e-01
    7.21804261e-01 3.37265909e-01 2.30520368e-02 9.20908630e-01
    9.89678562e-01 8.18155766e-01 2.00601280e-01 8.45149159e-01
    4.08664823e-01 7.59140372e-01 7.66927063e-01 5.81626713e-01
    3.85743201e-01 6.53598785e-01 9.65997279e-01 2.88479060e-01
    3.73946667e-01 5.83237648e-01 3.30918759e-01 4.47187930e-01
    5.24671257e-01 1.29566312e-01 2.45959461e-01 1.42744780e-01
    2.41324663e-01 1.54432088e-01 6.50214016e-01 5.44903338e-01
    2.84907967e-01 8.75488281e-01 9.67730284e-01 5.57474792e-01
    9.47310209e-01 3.76183033e-01 3.57776761e-01 9.35714364e-01
    3.79848003e-01 1.72207683e-01 6.24830484e-01 2.13327587e-01
    8.36307645e-01 7.19692051e-01 1.98133945e-01 8.69547725e-01
    2.07489699e-01 6.85762286e-01 1.14004105e-01 9.44336653e-01
    4.26250756e-01 8.75839829e-01 4.14310694e-01 7.60952950e-01
    1.68213546e-01 9.82272744e-01 9.64571595e-01 3.53322446e-01
    8.92308116e-01 6.47188425e-01 5.26184857e-01 8.23659897e-01
    7.71178246e-01 8.14120829e-01 1.90840036e-01 8.67172122e-01
    4.42902237e-01 4.48912501e-01 8.92580986e-01 3.65599394e-01
    8.80656540e-01 5.63088000e-01 2.62720287e-02 1.05963796e-01
    6.70535803e-01 8.93200219e-01 4.04750228e-01 2.21774071e-01
    4.70759869e-02 8.65825593e-01 6.31421864e-01 5.22718549e-01
    7.64854789e-01 1.45054400e-01 7.64352083e-03 1.22435123e-01
    3.98218572e-01 3.31424564e-01 5.04747987e-01 6.89530611e-01
    4.24869269e-01 2.18888670e-01 9.40143347e-01 2.40474045e-02
    8.09956431e-01 8.72473657e-01 8.14079285e-01 6.17558122e-01
    4.94609952e-01 6.37010217e-01 1.34769917e-01 4.59488928e-01
    6.37007177e-01 7.46739984e-01 4.74757075e-01 6.59432113e-02
    1.05596870e-01 2.82070339e-02 8.50718379e-01 5.84915638e-01
    2.42453963e-01 4.40193713e-02 2.76433527e-02 8.47601891e-03
    7.32436776e-01 1.71444476e-01 1.76509738e-01 2.57951379e-01
    9.88833487e-01 3.60854924e-01 1.90422237e-02 2.38185853e-01
    3.07703555e-01 7.75841236e-01 8.28377724e-01 8.05617511e-01
    6.99169695e-01 6.88928366e-02 2.13056505e-01 6.73008204e-01
    3.15932095e-01 4.67436433e-01 3.51327449e-01 7.96793640e-01
    4.35984910e-01 4.85729873e-02 9.17876244e-01 1.38048947e-01
    9.80255127e-01 1.10200346e-01 1.60903394e-01 1.19375050e-01
    4.79595155e-01 6.54841363e-02 2.08253026e-01 7.06965387e-01
    4.71265435e-01 1.77709103e-01 9.46670473e-01 7.33021855e-01
    3.92550200e-01 5.41828394e-01 7.38795161e-01 2.86196470e-01
    1.80007696e-01 1.93809330e-01 6.70714438e-01 4.43477601e-01
    9.95466232e-01 9.50814605e-01 3.59481990e-01 6.49384022e-01
    9.04487669e-01 3.17751616e-01 4.77450788e-01 8.51407647e-02
    2.06913978e-01 4.58819479e-01 7.01506257e-01 3.99039000e-01
    8.09254229e-01 6.22623026e-01 9.33910370e-01 1.38239920e-01
    9.29106772e-01 5.45024335e-01 2.86956072e-01 2.86761224e-01
    1.60296023e-01 4.37578440e-01 8.79579067e-01 6.74574852e-01
    5.26008606e-01 5.29582441e-01 3.20369661e-01 2.44871914e-01
    2.22726017e-01 3.31723928e-01 9.59459543e-01 9.39777493e-01
    2.44401693e-01 6.81113601e-01 1.53921157e-01 4.25218195e-01
    3.31052661e-01 8.40670347e-01 9.71179843e-01 5.95219672e-01
    6.37155652e-01 5.41867793e-01 8.84470463e-01 1.39468729e-01
    7.47408807e-01 1.86581850e-01 9.63595390e-01 6.08415961e-01
    1.61639154e-02 4.81684357e-01 8.88198733e-01 9.85056520e-01
    4.75321710e-01 6.15957201e-01 5.31009495e-01 4.77517188e-01
    8.21044981e-01 1.36026531e-01 7.24776983e-02 7.62972236e-02
    6.35092139e-01 4.15725708e-02 4.33838546e-01 4.55734700e-01
    4.63652790e-01 5.30322671e-01 6.89268231e-01 9.62607861e-02
    1.86873227e-01 6.58194602e-01 4.17302608e-01 8.51822197e-02
    9.64164913e-01 1.66230410e-01 1.41445309e-01 6.39611006e-01
    7.57778704e-01 4.26480412e-01 6.87250972e-01 3.88202548e-01
    9.11320388e-01 2.83380151e-01 1.31784856e-01 7.82642365e-01
    7.34899879e-01 9.82742786e-01 2.45320112e-01 9.43231106e-01
    4.88813907e-01 7.47716606e-01 6.43253505e-01 7.64396071e-01
    5.71652830e-01 1.10794038e-01 7.00829506e-01 7.86385357e-01
    1.96338058e-01 2.63480127e-01 1.92088336e-01 1.37995750e-01
    7.90377557e-02 4.45825189e-01 9.55633581e-01 2.02807486e-01
    9.50480342e-01 9.36671197e-01 4.86583054e-01 4.74865884e-01
    9.36325788e-01 1.86878860e-01 1.42698914e-01 4.09081519e-01
    3.27210903e-01 2.96474099e-02 7.74075031e-01 4.25242186e-02
    2.23846614e-01 5.03879726e-01 4.49787557e-01 1.92301929e-01
    3.43487859e-02 7.33230472e-01 6.98607326e-01 3.61317426e-01
    8.15024614e-01 4.73762184e-01 3.85281265e-01 5.81565797e-01
    5.70370793e-01 7.13758469e-01 5.36097288e-01 4.86980230e-01
    8.20417702e-01 9.56194997e-01 8.13123345e-01 7.04484344e-01
    4.68147963e-01 6.94761395e-01 6.60525560e-02 4.29118097e-01
    7.33281791e-01 9.98756111e-01 6.41210914e-01 1.65690839e-01
    7.20097125e-01 8.76163423e-01 4.64098692e-01 1.77251786e-01
    4.64498639e-01 5.04869044e-01 7.63491035e-01 5.01492679e-01
    1.02720350e-01 1.55363142e-01 8.96070242e-01 3.33907604e-01
    6.58645153e-01 2.36774236e-01 4.96021807e-02 2.74649262e-02
    9.28886890e-01 9.95940089e-01 5.51233768e-01 2.43735999e-01
    5.00704646e-02 7.36308813e-01 2.51397192e-01 9.62378979e-02
    9.55835938e-01 8.46728146e-01 2.34211475e-01 9.06036377e-01
    7.06196964e-01 5.71787953e-01 6.99842274e-02 9.83399808e-01
    4.49373424e-02 9.58153367e-01 3.14671993e-01 9.77946460e-01
    1.96003646e-01 2.02347636e-01 6.46748245e-02 4.14748311e-01
    2.53407419e-01 3.25803727e-01 2.96843857e-01 9.26234066e-01
    5.84785819e-01 9.12938833e-01 5.98804712e-01 3.95038009e-01
    4.67903554e-01 1.80034965e-01 5.28154612e-01 7.91608870e-01
    7.13747859e-01 8.59316230e-01 6.18105888e-01 8.66781771e-02
    1.54651761e-01 6.54009342e-01 9.21612382e-02 4.12015617e-02
    9.33167458e-01 4.26795065e-01 9.32994246e-01 5.04278064e-01
    3.35690975e-01 4.35604900e-01 2.69226432e-02 1.38976336e-01
    2.09609956e-01 1.75515175e-01 4.54332113e-01 6.37660980e-01
    9.00974274e-01 2.61268020e-01 1.18600696e-01 9.07850921e-01
    8.27751875e-01 2.15870440e-02 2.45539844e-01 3.52647722e-01
    9.42104518e-01 7.66178966e-01 5.85263014e-01 9.92909193e-01
    9.30781126e-01 6.60548329e-01 8.98033142e-01 4.29722130e-01
    5.56147397e-01 1.10248387e-01 2.87623107e-01 9.35462475e-01
    8.43051255e-01 2.32515216e-01 8.90783191e-01 2.87774265e-01
    4.97423500e-01 8.94635439e-01 7.71770179e-01 9.39382195e-01
    9.76543307e-01 3.24960232e-01 2.27046400e-01 2.30377793e-01
    4.51223314e-01 9.94580626e-01 7.77203798e-01 5.26658654e-01
    9.90450084e-02 3.61675590e-01 5.15819550e-01 8.85752916e-01
    4.34586436e-01 7.04655409e-01 5.45630336e-01 9.21231091e-01
    8.34804773e-03 8.07401538e-01 6.08828425e-01 5.98568678e-01
    4.66678947e-01 2.39852667e-01 4.33947623e-01 8.27667475e-01
    7.06465662e-01 3.00869644e-02 8.63741159e-01 3.21518958e-01
    1.02519840e-01 7.03954816e-01 2.41579980e-01 7.35929608e-02
    4.79237437e-01 8.99420738e-01 4.68567044e-01 6.41562045e-01
    9.28351700e-01 4.34626520e-01 1.39840543e-01 8.10400784e-01
    9.67292249e-01 7.21659482e-01 4.51571882e-01 5.54339826e-01
    7.80711353e-01 9.35614109e-02 7.73458004e-01 7.16864109e-01
    7.90109634e-01 5.87536454e-01 1.95685208e-01 4.49138343e-01
    7.69505084e-01 9.31267798e-01 6.57272637e-01 6.69395089e-01
    2.44489163e-01 2.93346614e-01 2.98224151e-01 8.06445777e-02
    1.42202973e-01 4.70421016e-02 2.67503202e-01 5.73806465e-01
    2.40328550e-01 9.01741207e-01 8.40018153e-01 3.89806688e-01
    5.80038428e-01 7.87681818e-01 2.77242839e-01 2.04450130e-01
    7.06120610e-01 3.43421221e-01 4.99799281e-01 8.12320113e-01
    1.09419495e-01 3.09092492e-01 9.50223029e-01 9.75681186e-01
    3.15695524e-01 2.59763122e-01 6.87081575e-01 4.08081949e-01
    3.39652002e-02 8.15162659e-01 4.57342952e-01 9.23273802e-01
    3.79882276e-01 9.58294153e-01 5.73920190e-01 6.14356637e-01
    6.32571459e-01 6.27206802e-01 6.26779735e-01 4.11531568e-01
    5.66480279e-01 8.74979496e-02 8.44323039e-01 4.36929137e-01
    1.35726064e-01 3.95026505e-02 9.76922750e-01 1.32844388e-01
    2.14839667e-01 8.15984905e-01 3.77490222e-02 3.34060997e-01
    2.18057811e-01 4.53507543e-01 6.75206900e-01 6.86953783e-01
    5.25945365e-01 5.59504449e-01 1.77194595e-01 6.16656721e-01
    6.77548051e-01 5.44900656e-01 7.14948893e-01 1.34028018e-01
    3.83406222e-01 7.58644283e-01 2.61414170e-01 5.92482567e-01
    9.20823514e-01 5.66961467e-01 6.50344253e-01 3.26520413e-01
    7.32459545e-01 7.01561153e-01 4.36688960e-01 6.38473272e-01
    6.97918355e-01 1.14113122e-01 5.23447573e-01 5.10912359e-01
    2.78865993e-01 5.94037294e-01 8.62031877e-01 6.60163224e-01
    2.68994629e-01 1.01881742e-01 3.71629834e-01 9.66973424e-01
    4.66874570e-01 2.07652897e-01 2.66627699e-01 3.89663845e-01
    1.23235077e-01 1.17183477e-01 5.32618761e-01 5.93133211e-01
    5.83380520e-01 8.68871331e-01 2.43770778e-01 8.65869641e-01
    4.97398764e-01 8.20962489e-01 7.10959554e-01 7.16152072e-01
    6.61552548e-01 8.57188046e-01 8.90736461e-01 8.02187443e-01
    4.71922964e-01 8.45362961e-01 9.23635662e-01 6.61737919e-01
    7.17492521e-01 2.75118530e-01 1.33334488e-01 4.95069444e-01
    4.98556793e-01 3.28357071e-01 4.35442150e-01 5.09155929e-01
    8.01333308e-01 5.58671355e-01 8.49992037e-01 7.85198331e-01
    4.98058468e-01 2.33163953e-01 8.83701384e-01 5.42332172e-01
    8.78059387e-01 1.78392351e-01 5.46024323e-01 2.93046355e-01
    2.18041867e-01 9.99045372e-01 6.76958501e-01 6.10723376e-01
    5.99033892e-01 2.05638468e-01 1.24701023e-01 1.45599395e-01
    4.53064054e-01 6.31967068e-01 1.48782313e-01 4.45173770e-01
    1.90185398e-01 8.53410482e-01 2.81205773e-01 9.32323337e-01
    6.89666748e-01 1.87542439e-01 3.37515920e-01 3.85491967e-01
    6.71767414e-01 7.56118774e-01 2.99300998e-01 9.74036574e-01
    4.31808978e-01 3.48961979e-01 1.60143971e-01 1.90737665e-01
    6.23185039e-02 4.72969055e-01 1.71764225e-01 2.60970354e-01
    3.55461150e-01 2.53930986e-01 7.45142221e-01 7.73607850e-01
    6.45233512e-01 7.06329167e-01 5.94874978e-01 9.02093887e-01
    5.91516495e-01 6.95924222e-01 3.19297194e-01 3.42872083e-01
    9.71755147e-01 9.97633100e-01 8.97373497e-01 5.75675428e-01
    3.29820156e-01 7.43178427e-02 8.10598016e-01 7.11107969e-01
    2.13520050e-01 4.37075943e-01 3.45442235e-01 9.94472802e-01
    8.46755028e-01 7.26867199e-01 4.32503730e-01 1.31529748e-01
    1.47712111e-01 2.43674219e-01 9.25372720e-01 6.10514641e-01
    5.45637250e-01 3.70420516e-01 5.26817083e-01 6.60222709e-01
    7.83145666e-01 5.08861959e-01 1.61458164e-01 5.73043466e-01
    3.69301021e-01 5.96833229e-03 1.89001679e-01 4.18172181e-01
    5.76323390e-01 3.38458717e-01 9.83510256e-01 8.40731859e-01
    7.56456554e-02 2.94053108e-01 9.65874910e-01 2.38089800e-01
    8.44395638e-01 7.42931962e-02 9.86170590e-01 7.27044702e-01
    6.64744973e-01 4.70610827e-01 2.39185482e-01 6.00362241e-01
    4.22533989e-01 5.16939998e-01 9.98963177e-01 8.23052526e-01
    3.16731095e-01 6.95607185e-01 6.16723299e-01 2.68861651e-02
    5.09161174e-01 9.49452877e-01 6.56615257e-01 8.80136967e-01
    3.22054893e-01 1.22690320e-01 9.46238160e-01 3.14321458e-01
    4.66471821e-01 5.68574250e-01 6.59992397e-01 4.42110389e-01
    7.55465686e-01 7.39212751e-01 6.70180023e-02 5.43306470e-02
    9.42859530e-01 4.34760273e-01 8.10403705e-01 2.97079444e-01
    6.90726399e-01 7.65169024e-01 7.41253912e-01 5.50088286e-01
    8.31357598e-01 9.55035210e-01 1.42286897e-01 8.27577531e-01
    9.10210133e-01 8.52167308e-02 5.32876074e-01 2.58790374e-01
    1.29167736e-02 9.36935186e-01 6.43097937e-01 8.16714942e-01
    2.39127338e-01 5.47419131e-01 8.00021112e-01 9.68793392e-01
    4.05699015e-03 8.54176044e-01 8.47696304e-01 7.70448089e-01
    6.77261591e-01 2.82611787e-01 8.79116893e-01 5.11891127e-01
    8.45070660e-01 8.89336109e-01 5.63368917e-01 6.32165134e-01
    4.09107238e-01 5.51881433e-01 7.24941671e-01 9.97586131e-01
    1.24033064e-01 1.87073469e-01 6.04858041e-01 1.71626270e-01
    3.07171226e-01 4.71807837e-01 7.81230867e-01 7.71803856e-02
    5.11128485e-01 5.08302867e-01 9.06850457e-01 8.48793030e-01
    5.42260885e-01 4.38794822e-01 7.31512964e-01 1.99270248e-02
    9.56892133e-01 9.08769488e-01 7.82951236e-01 5.16056478e-01
    3.75268996e-01 6.17269814e-01 4.04534578e-01 6.08699322e-02
    2.59933591e-01 2.26114690e-01 3.37875187e-02 8.60744655e-01
    2.35709876e-01 9.61436331e-02 9.59693372e-01 9.43814516e-01
    6.50117874e-01 7.12258875e-01 7.58695602e-01 1.04634017e-01
    5.24628401e-01 9.82730448e-01 7.89191723e-01 2.10726112e-01
    7.27846026e-01 2.61709839e-01 3.21191311e-01 3.40700984e-01
    5.06454051e-01 1.35731518e-01 2.76248395e-01 1.97208703e-01
    9.90777671e-01 9.20996904e-01 2.27264762e-02 5.83444893e-01
    1.84679121e-01 8.93062651e-02 7.09227204e-01 1.59670502e-01
    3.56933564e-01 9.53157425e-01 4.71825570e-01 6.17226064e-01
    9.95045185e-01 1.22124553e-02 5.54266334e-01 5.97371757e-02
    8.26166570e-01 2.22573251e-01 2.83887088e-01 2.23000973e-01
    3.28336358e-01 3.66431832e-01 9.61832762e-01 5.85823476e-01
    1.38921946e-01 4.47992742e-01 7.17396140e-01 2.93600410e-01
    3.01018447e-01 9.24839079e-01 2.49197423e-01 2.28739798e-01
    4.65255350e-01 6.90535009e-01 6.55390561e-01 1.82671934e-01
    4.86464560e-01 3.54948759e-01 9.97738361e-01 7.84934640e-01
    3.59427154e-01 5.07590413e-01 5.00732064e-02 2.62205958e-01
    9.06707108e-01 9.72130179e-01 1.69341475e-01 6.48783803e-01
    9.43083882e-01 3.91984165e-01 1.52988434e-01 4.69584256e-01
    6.35602593e-01 2.77944833e-01 7.37191737e-02 1.20844841e-01
    9.35833454e-01 8.95764053e-01 9.91282344e-01 4.00085956e-01
    9.38374996e-01 2.54285753e-01 4.79121476e-01 3.88794899e-01
    1.64717168e-01 9.96277452e-01 6.21046364e-01 9.20275629e-01
    3.97831768e-01 9.08614993e-01 9.62220311e-01 3.23995054e-02
    2.94883937e-01 6.52955174e-01 7.27996528e-01 8.29181850e-01
    7.69854069e-01 6.93768680e-01 4.07062322e-01 2.64297128e-01
    9.24026191e-01 1.34129405e-01 9.15616989e-01 5.16516626e-01
    4.08600152e-01 3.95395160e-01 9.32416201e-01 5.94543517e-01
    9.86012816e-02 9.51972961e-01 5.11932969e-01 7.65357256e-01
    6.57107592e-01 7.08660722e-01 2.63370574e-01 5.27731776e-01
    9.05877650e-01 7.40602732e-01 4.21251595e-01 3.97459865e-02
    1.30023271e-01 9.97577906e-02 8.21704865e-02 4.29575741e-01
    7.67657816e-01 7.15894938e-01 5.50713301e-01 3.70799422e-01
    4.34710324e-01 9.14119482e-01 5.93159378e-01 9.89026189e-01
    1.92767501e-01 4.17283893e-01 7.68914819e-03 7.16042757e-01
    3.58599365e-01 8.51398706e-03 5.34803808e-01 7.99599171e-01
    3.40029985e-01 4.06721622e-01 6.11284077e-01 1.11391544e-02
    5.29218078e-01 5.15429497e-01 4.79728669e-01 8.72021794e-01
    7.03431129e-01 1.37538075e-01 9.76101637e-01 3.09406400e-01
    9.24680710e-01 9.77927804e-01 1.63382709e-01 7.29338467e-01
    5.38299024e-01 1.78281158e-01 9.77045536e-01 3.95551860e-01
    2.83018231e-01 1.46001399e-01 6.67793989e-01 7.06566334e-01
    1.14132524e-01 1.87147975e-01 5.54371297e-01 9.86504138e-01
    8.80155921e-01 6.81157470e-01 3.14512938e-01 9.46142673e-02
    1.97196484e-01 9.93724644e-01 5.21865249e-01 3.72539848e-01
    8.03522944e-01 9.58372474e-01 2.45473325e-01 7.50890017e-01
    6.87040091e-01 4.01201367e-01 3.50962162e-01 7.10156202e-01
    4.02040780e-01 9.08256412e-01 8.58014464e-01 7.76477575e-01
    9.54703689e-02 8.43218803e-01 1.91922307e-01 7.83897638e-01
    2.05728799e-01 6.07854962e-01 2.78883696e-01 8.02760005e-01
    7.30828345e-02 5.32259107e-01 4.44107920e-01 8.91380191e-01
    8.72368813e-01 2.93332726e-01 4.57395077e-01 1.90051556e-01
    2.92937160e-01 9.88673687e-01 3.80163193e-01 1.55375302e-02
    1.79086536e-01 1.37364686e-01 1.83453411e-01 6.63944602e-01
    7.04976439e-01 1.57078892e-01 7.00194478e-01 4.81226414e-01
    6.25183344e-01 7.55675852e-01 2.42394090e-01 9.75612521e-01
    5.04169166e-01 8.22384357e-01 7.58619666e-01 8.53546023e-01
    6.13574207e-01 5.29433966e-01 8.33960176e-01 8.42773557e-01
    1.51544362e-01 6.32110059e-01 7.36904800e-01 9.49642777e-01
    6.80976152e-01 7.40290225e-01 8.85852814e-01 6.41453862e-02
    2.40582764e-01 8.67989540e-01 6.34844065e-01 2.20194638e-01
    2.02190101e-01 8.80187273e-01 6.14380956e-01 2.85500824e-01
    9.89923716e-01 6.05222642e-01 9.41644609e-02 3.82467449e-01
    9.72721457e-01 2.34684467e-01 2.62152433e-01 5.83718598e-01
    3.56290162e-01 4.08856690e-01 9.31795120e-01 9.61533189e-01
    7.91301608e-01 6.01735413e-02 7.41410851e-02 6.11036241e-01
    9.95766819e-01 3.34240675e-01 4.90333408e-01 5.01984537e-01
    7.69184053e-01 9.58874583e-01 8.85663152e-01 3.33203375e-01
    1.33976728e-01 5.87089777e-01 8.84002924e-01 5.78961670e-01
    7.68391132e-01 6.00233316e-01 1.87146544e-01 2.05031425e-01
    1.74205631e-01 4.46986616e-01 9.67802942e-01 3.03510338e-01
    6.23404384e-01 6.58373237e-01 6.40820622e-01 7.61895299e-01
    6.58985615e-01 6.09310091e-01 1.66002512e-02 7.71210492e-01
    1.38537467e-01 6.65246725e-01 6.28867567e-01 3.76816690e-01
    1.87962234e-01 4.92625207e-01 7.39127398e-02 6.67078435e-01
    6.83464408e-01 1.35281980e-01 2.54841596e-01 1.34804487e-01
    6.99105978e-01 2.16548890e-01 4.13230926e-01 8.61010849e-02
    6.75649166e-01 7.56655037e-02 7.16158450e-02 1.37817204e-01
    1.69353306e-01 7.18112409e-01 4.00389433e-02 1.95887685e-03
    8.61722469e-01 5.56655645e-01 8.90334964e-01 6.43703938e-01
    5.04995406e-01 8.92084062e-01 2.30232924e-01 9.30193663e-01
    5.31096280e-01 8.67770195e-01 4.85350877e-01 1.27499074e-01
    6.78873658e-01 8.34618568e-01 7.83871293e-01 6.56105518e-01
    5.95575333e-01 9.68145490e-01 7.39533305e-02 1.97257400e-02
    1.56606704e-01 2.37943649e-01 3.88502717e-01 5.37363589e-01
    2.42728293e-02 9.21253800e-01 1.41095281e-01 7.34897673e-01
    7.42326558e-01 3.55799973e-01 2.31140524e-01 7.80482292e-01
    8.67531896e-01 7.24038780e-02 1.25564277e-01 7.14395285e-01
    9.41514015e-01 1.21515691e-01 6.32476568e-01 1.10926926e-01
    6.76285326e-02 2.07161903e-01 6.89140737e-01 9.39623713e-02
    1.97720528e-02 5.34117937e-01 6.51789069e-01 1.17252260e-01
    1.44691139e-01 9.56173897e-01 9.65954006e-01 3.65776241e-01
    2.03691721e-02 7.60496914e-01 2.09859401e-01 3.07825685e-01
    6.06654882e-02 3.66311878e-01 1.23392582e-01 8.77189934e-01
    4.71969843e-01 1.44592583e-01 9.76854324e-01 4.68775451e-01
    7.70910740e-01 5.20387352e-01 7.34110892e-01 2.70337343e-01
    6.09272778e-01 1.84770584e-01 4.88799512e-01 1.85342342e-01
    6.41740143e-01 9.50916767e-01 6.59652591e-01 6.98148012e-01
    5.77873468e-01 3.38845789e-01 5.35315990e-01 3.07548404e-01
    9.53403115e-02 1.14453912e-01 4.38814580e-01 7.62436628e-01
    7.86772668e-01 6.17108762e-01 1.38813853e-02 7.03194737e-03
    5.64942420e-01 9.97253418e-01 4.52626348e-02 6.41087294e-01
    5.54286718e-01 4.99876827e-01 3.00939292e-01 3.04805994e-01
    1.05986953e-01 4.98557866e-01 2.86147475e-01 7.18591213e-01
    9.84296203e-01 7.93990374e-01 6.95020437e-01 2.90178061e-01
    9.05700326e-01 5.22742808e-01 1.10880017e-01 6.64944947e-02
    7.59554863e-01 8.29818368e-01 1.27975672e-01 8.01653624e-01
    3.01019847e-02 8.98256183e-01 6.00416720e-01 9.19169188e-03
    6.44087195e-01 2.36810446e-02 4.37244415e-01 7.14628875e-01
    9.09778118e-01 6.06770992e-01 5.66127181e-01 4.04439867e-01
    1.73308462e-01 4.78426188e-01 3.00499648e-01 2.52602428e-01
    4.29074466e-01 9.09609556e-01 5.28314471e-01 8.44815135e-01
    4.83337760e-01 3.11411709e-01 7.74133205e-01 7.95838296e-01
    3.84335399e-01 8.61324430e-01 6.91362500e-01 9.34222698e-01
    9.95377302e-01 7.61833668e-01 7.39011467e-01 4.85259831e-01
    8.47954988e-01 2.59183586e-01 4.35305268e-01 5.76345742e-01
    2.35882431e-01 6.06451392e-01 7.06380963e-01 3.08142602e-02
    8.04342031e-01 1.22256279e-01 3.22938204e-01 1.18187666e-02
    4.73046780e-01 7.27124512e-01 2.55967796e-01 2.21954584e-02
    2.98456371e-01 4.53698695e-01 8.20293784e-01 9.70164180e-01
    9.02312100e-01 2.89147228e-01 8.11778963e-01 8.20233524e-02
    2.63036191e-02 7.50303686e-01 2.09082246e-01 2.94266105e-01
    7.00305462e-01 7.19278753e-01 7.81074286e-01 9.81377959e-01
    7.84330606e-01 6.33649468e-01 3.06296349e-03 7.97201395e-01
    4.18082267e-01 2.88616717e-01 1.99765235e-01 3.61821532e-01
    3.91060293e-01 3.79909903e-01 6.31058514e-01 7.12209582e-01
    6.66742802e-01 3.75985086e-01 5.47350705e-01 1.67425781e-01
    4.86468285e-01 4.50745523e-01 9.25364137e-01 7.26898372e-01
    8.86334181e-01 6.12007022e-01 1.91001922e-01 9.24672425e-01
    2.33371228e-01 4.08382118e-02 2.76551127e-01 6.63200736e-01
    1.90557241e-02 4.00585413e-01 3.76109362e-01 5.76558352e-01
    7.79737592e-01 8.38021815e-01 5.36519051e-01 3.91015112e-01
    1.67580694e-01 7.37707198e-01 7.24281013e-01 5.81182241e-02
    6.37125850e-01 3.05389583e-01 3.08925271e-01 8.47919524e-01
    6.94010854e-02 5.05154967e-01 5.32038212e-02 3.17818224e-02
    6.04261875e-01 9.56683397e-01 9.39526200e-01 6.16392255e-01
    9.44973230e-01 5.18831849e-01 3.08182120e-01 4.33658868e-01
    7.34394848e-01 2.31871605e-01 5.10386050e-01 8.85195196e-01
    7.70010233e-01 5.92224836e-01 5.27213991e-01 4.91076112e-01
    6.97581947e-01 3.08389455e-01 3.53776932e-01 1.24068499e-01
    4.00519490e-01 3.84587109e-01 2.96113610e-01 5.42510569e-01
    8.77792954e-01 7.49095798e-01 1.73189044e-02 6.73516452e-01
    3.30533803e-01 5.60423434e-01 4.06983703e-01 8.48203182e-01
    2.93280482e-02 7.02729881e-01 6.72563434e-01 6.49047494e-01
    9.88186836e-01 8.07608187e-01 4.85930413e-01 1.69519246e-01
    6.60454750e-01 1.79100841e-01 6.73136353e-01 4.23705906e-01
    8.73220384e-01 9.50684667e-01 4.97737318e-01 3.90933126e-01
    9.43018675e-01 2.05144286e-02 7.63844192e-01 3.92054677e-01
    6.23306453e-01 6.87682271e-01 7.33127952e-01 2.73924470e-01
    7.26127505e-01 2.52139628e-01 1.62307203e-01 6.36531711e-01
    1.61660850e-01 7.38767922e-01 9.58504975e-02 6.33441925e-01
    1.76943243e-01 3.23561966e-01 6.16885424e-01 8.48119736e-01
    2.85096228e-01 7.75566220e-01 2.01052397e-01 1.98383361e-01
    5.32163918e-01 3.80741894e-01 5.08235276e-01 3.58438551e-01
    4.00102139e-02 4.61000681e-01 9.74500835e-01 5.45751274e-01
    7.87364244e-01 6.14397109e-01 3.24046105e-01 5.96799850e-02
    6.62559509e-01 7.11132526e-01 9.61411655e-01 7.07456112e-01
    9.74897265e-01 4.84909922e-01 5.68338931e-02 9.85581160e-01
    4.19152349e-01 3.89470786e-01 9.15261865e-01 2.68538117e-01
    3.08884323e-01 7.37855077e-01 1.72565788e-01 5.20731628e-01
    6.80224419e-01 6.83284044e-01 4.81519103e-02 4.66542661e-01
    7.70664096e-01 6.27379954e-01 2.36149609e-01 8.49364519e-01
    3.21962655e-01 4.70590562e-01 5.97960413e-01 9.74850297e-01
    7.84163356e-01 8.67076814e-02 4.25896883e-01 8.02186370e-01
    9.92236733e-01 5.71058750e-01 9.08614874e-01 2.09696800e-01
    8.02745938e-01 5.05978703e-01 6.35358334e-01 9.89475846e-01
    6.81696415e-01 3.19849432e-01 1.13202333e-01 4.17162627e-01
    4.49439257e-01 4.72856909e-01 1.95229024e-01 7.77847767e-01
    3.93046826e-01 7.52341747e-01 3.46622229e-01 4.68149543e-01
    6.65669978e-01 7.38456547e-01 8.86945367e-01 3.53226483e-01
    1.42754287e-01 5.34171820e-01 3.32347155e-02 9.89476681e-01
    7.41298258e-01 7.73050666e-01 9.09151137e-01 1.70021504e-01
    2.69840688e-01 1.65094525e-01 3.17220211e-01 6.01098418e-01
    7.56655395e-01 9.04810548e-01 1.54121608e-01 7.61601329e-01
    8.17635298e-01 5.65766037e-01 8.85903955e-01 2.18168259e-01
    2.85166174e-01 4.55906242e-01 1.68837607e-01 7.48401582e-01
    1.98820531e-02 7.60310411e-01 4.23832923e-01 9.04656351e-02
    5.58241844e-01 3.43224406e-01 6.42333627e-01 2.63735652e-01
    5.00744164e-01 1.04753315e-01 1.27705514e-01 7.98085749e-01
    7.37690091e-01 8.82062316e-01 9.93204832e-01 3.06270570e-01
    3.49808604e-01 8.97547603e-01 4.14222419e-01 6.52418077e-01
    2.48072743e-01 4.22605038e-01 2.00642973e-01 5.10504484e-01
    6.05721116e-01 5.63578427e-01 2.37090588e-02 1.88417524e-01
    5.41978121e-01 3.99945080e-02 1.81090564e-01 8.03478301e-01
    7.63423145e-02 7.48629093e-01 3.10220897e-01 3.47758323e-01
    2.70276904e-01 5.85807800e-01 5.02287447e-01 6.17503524e-01
    5.96087158e-01 8.72962475e-01 5.16506314e-01 3.14923882e-01
    5.31913042e-01 1.13806754e-01 1.88418627e-01 4.22686666e-01
    7.82886803e-01 5.95036924e-01 6.28845632e-01 9.14889038e-01
    3.95818651e-01 5.03240347e-01 3.49439323e-01 2.96250582e-01
    1.08959615e-01 5.65284133e-01 7.36142993e-02 8.89290929e-01
    6.12563431e-01 8.61444712e-01 4.04482424e-01 7.93383479e-01
    3.23163152e-01 4.58878875e-01 5.51916063e-01 1.48502409e-01
    3.42080653e-01 3.79936934e-01 8.11848640e-01 1.86202228e-02
    3.28866065e-01 2.11618990e-01 1.93209589e-01 3.02202404e-01
    3.85532081e-02 3.72630268e-01 7.69883871e-01 3.57021600e-01
    1.96861297e-01 6.00063801e-01 4.12782013e-01 6.51482224e-01
    6.32720709e-01 9.33245897e-01 5.98485172e-02 7.80979753e-01
    6.66716576e-01 6.15615249e-01 1.15401328e-01 3.82008970e-01
    9.31390762e-01 3.19940746e-02 9.96110439e-01 9.49001312e-02
    3.09001982e-01 6.84655607e-02 7.28425860e-01 9.76282120e-01
    3.62367690e-01 3.40707719e-01 3.75666350e-01 4.06562507e-01
    1.48908764e-01 8.24694395e-01 6.19797707e-01 9.49997485e-01
    2.19989926e-01 1.70273185e-02 8.95862877e-02 3.57100666e-02
    7.11059034e-01 6.60274029e-01 8.49527478e-01 1.69077784e-01
    2.17707545e-01 6.36613131e-01 8.17094147e-02 6.92806244e-01
    6.01802409e-01 2.50680089e-01 7.56575942e-01 4.20742631e-01
    1.79052860e-01 8.15857768e-01 9.72792506e-03 9.15606856e-01
    5.46636164e-01 6.52542114e-02 8.34946752e-01 4.43883389e-01
    4.85941172e-01 4.49607700e-01 6.64195538e-01 2.91801304e-01
    2.37634480e-01 1.16148293e-02 3.00115138e-01 8.03118646e-01
    2.93474942e-01 7.51732171e-01 8.11712146e-01 8.58961940e-02
    4.17911112e-02 1.74273849e-02 6.30005002e-01 3.35267782e-01
    2.88383901e-01 3.39189917e-01 8.63766372e-01 7.47831464e-01
    2.91699469e-01 4.97632533e-01 7.65869021e-01 1.85135573e-01
    9.12584364e-02 1.76005393e-01 7.07724094e-02 5.90557516e-01
    9.92447972e-01 3.33416283e-01 5.59332311e-01 9.03859735e-02
    1.30997658e-01 7.48581767e-01 3.44258040e-01 5.18351972e-01
    1.64555997e-01 7.48161018e-01 1.06713563e-01 2.65310705e-01
    7.59542704e-01 8.69251668e-01 3.53608012e-01 4.56526875e-02
    2.82598436e-01 3.18597764e-01 7.54030406e-01 2.30621845e-01
    2.96925902e-01 4.79138047e-01 5.23448288e-02 1.09764040e-02
    9.02512789e-01 4.49273884e-02 7.43669510e-01 7.50100851e-01
    6.69085801e-01 2.91478336e-02 7.71182775e-02 2.30352104e-01
    7.40844607e-01 2.44975448e-01 6.59728527e-01 6.14393175e-01
    6.77986622e-01 6.03746951e-01 7.98565269e-01 1.54324800e-01
    1.38915062e-01 9.77613449e-01 7.73747385e-01 8.73277187e-01
    2.57658660e-01 8.88491631e-01 2.57024229e-01 9.98970032e-01
    2.54887104e-01 4.90120947e-02 2.70003915e-01 2.34412819e-01
    6.95119262e-01 9.48832333e-02 5.49240410e-01 6.26233876e-01
    7.71649599e-01 8.01873505e-01 6.47048175e-01 3.09195995e-01
    9.53737736e-01 1.32424384e-01 8.66586089e-01 9.05948937e-01
    6.28694296e-01 4.24242049e-01 6.70775473e-02 3.16903174e-01
    4.67623115e-01 1.54518932e-01 5.39246857e-01 1.84451193e-01
    7.80429125e-01 7.46647060e-01 4.46947396e-01 1.12313330e-01
    5.67638278e-02 4.75785196e-01 8.81348729e-01 3.22395682e-01
    4.10247505e-01 6.63953662e-01 5.34581602e-01 3.65212083e-01
    9.29538965e-01 4.23281431e-01 1.36870414e-01 7.63062954e-01
    1.19651884e-01 4.30849850e-01 4.27399784e-01 5.52355230e-01
    8.36764276e-01 4.37962592e-01 8.34761381e-01 2.98950613e-01
    9.90364432e-01 8.60287666e-01 8.99845839e-01 8.82502675e-01
    7.25146055e-01 1.12694085e-01 8.16417813e-01 7.18860686e-01
    2.82618314e-01 7.89937735e-01 9.18965340e-01 6.14387095e-01
    3.06933880e-01 9.09906030e-01 2.92606056e-02 2.95384914e-01
    8.59832525e-01 9.63957727e-01 5.77673912e-01 1.92555904e-01
    6.88315749e-01 5.56838572e-01 8.93697977e-01 1.01462722e-01
    4.98871356e-01 5.58744133e-01 6.60534501e-02 4.65536237e-01
    5.52875102e-01 3.30843270e-01 2.80964881e-01 5.48413396e-01
    5.62323570e-01 4.42276388e-01 6.36265099e-01 5.32076776e-01
    1.72299802e-01 9.92350519e-01 6.36791706e-01 3.80152762e-01
    4.31619495e-01 6.67158008e-01 4.60501820e-01 9.29448009e-03
    7.44767964e-01 5.23972690e-01 1.85103446e-01 6.44998550e-02
    3.41000795e-01 4.06352133e-01 6.19527459e-01 3.31373334e-01
    8.45834017e-02 4.08393621e-01 6.30322337e-01 2.08167940e-01
    3.75318229e-01 2.32747704e-01 8.28044295e-01 2.01061964e-01
    7.87141919e-02 2.94577837e-01 6.38706744e-01 3.77582312e-02
    6.89663768e-01 3.28152597e-01 2.95608044e-02 9.64885950e-02
    1.36254430e-01 7.85290956e-01 2.80556440e-01 4.28818107e-01
    3.51151079e-01 6.11057401e-01 2.56335199e-01 5.08712471e-01
    4.13080007e-01 2.22998887e-01 6.36696994e-01 8.89651418e-01
    6.41811311e-01 2.75562644e-01 1.77863210e-01 1.81128651e-01
    1.54741853e-01 1.53255522e-01 1.81338787e-01 3.39082778e-02
    2.83289403e-01 3.34000707e-01 2.16386646e-01 1.09414756e-01
    5.32471120e-01 6.30824208e-01 1.03073210e-01 7.05594122e-02
    8.23950648e-01 8.74498010e-01 9.34291065e-01 6.27433717e-01
    9.71743464e-03 5.48091114e-01 9.52144444e-01 3.14143300e-02
    4.13987100e-01 4.50471908e-01 5.28644264e-01 5.22329569e-01
    3.42274219e-01 2.31911838e-01 5.38040698e-01 9.39388156e-01
    4.84780401e-01 6.73980713e-01 1.38661861e-01 8.97230983e-01
    3.53845119e-01 4.60079014e-02 2.47349918e-01 4.31961924e-01
    1.79653525e-01 7.03058124e-01 4.36779618e-01 7.91500866e-01
    3.26999128e-01 5.97472131e-01 1.85850590e-01 8.33741665e-01
    5.42851806e-01 9.66518521e-01 7.90678501e-01 9.09526527e-01
    7.84889102e-01 7.74165988e-02 4.68325466e-01 9.98694718e-01
    9.25200462e-01 4.57483888e-01 7.93414116e-01 9.45672274e-01
    9.64929700e-01 1.12167329e-01 2.04128027e-02 2.74207205e-01
    7.61799693e-01 5.42601943e-02 9.89452302e-02 2.31840402e-01
    2.42697060e-01 2.53659338e-01 2.67675817e-01 3.52956235e-01
    6.87338352e-01 2.74166822e-01 6.54828668e-01 3.33683550e-01
    1.89777404e-01 2.82311618e-01 9.82592940e-01 6.66673720e-01
    8.73332977e-01 5.15728235e-01 8.99025917e-01 2.50864863e-01
    8.01222801e-01 6.74557328e-01 1.40025496e-01 6.34488821e-01
    6.94489479e-01 6.56171799e-01 1.80736840e-01 7.14775681e-01
    3.15521955e-02 4.68130708e-01 9.35942888e-01 3.21779191e-01
    1.83531076e-01 6.53742194e-01 9.31416392e-01 7.93913245e-01
    5.75358689e-01 4.86317724e-01 3.36282790e-01 7.66098499e-01
    9.31408107e-02 8.96234035e-01 7.47907341e-01 4.65075880e-01
    1.11672997e-01 8.64781439e-02 7.31571436e-01 8.52632046e-01
    6.31097138e-01 1.94007546e-01 7.33109474e-01 2.16017693e-01
    5.47816038e-01 2.37226486e-03 5.26849270e-01 1.61415696e-01
    8.37501347e-01 1.84135705e-01 9.51475441e-01 6.20905876e-01
    9.73104119e-01 8.84494781e-02 7.30432212e-01 2.00464338e-01
    1.92503780e-01 1.56047553e-01 1.07826620e-01 3.43799412e-01
    4.26707685e-01 1.31666839e-01 1.16702795e-01 3.67819846e-01
    6.66815042e-03 2.87858129e-01 8.37236941e-01 2.19676197e-02
    7.56201208e-01 6.24325931e-01 2.59842962e-01 5.91316700e-01
    9.51197624e-01 5.33997059e-01 8.69718075e-01 9.18969274e-01
    1.53474778e-01 9.79553640e-01 7.33208537e-01 1.33167684e-01
    6.22445226e-01 5.21269560e-01 5.99885941e-01 2.38208562e-01
    3.59195948e-01 6.40223861e-01 8.41861665e-01 4.04021144e-03
    7.86692202e-01 5.84691584e-01 7.99363673e-01 3.77070010e-01
    7.51215219e-03 1.90877020e-02 3.92169893e-01 4.90552247e-01
    2.13162333e-01 5.84720492e-01 6.65389061e-01 9.77468967e-01
    1.53744966e-01 7.93654799e-01 1.76489085e-01 5.80338299e-01
    3.13027233e-01 6.80654049e-01 2.80366898e-01 6.46887124e-02
    6.06321156e-01 8.89585257e-01 6.21432424e-01 2.53355742e-01
    5.49227417e-01 1.73434615e-02 7.96442509e-01 5.57432771e-01
    8.58318329e-01 4.55185950e-01 3.62058401e-01 4.98414874e-01
    7.72412896e-01 5.35478294e-02 7.08405614e-01 2.91558802e-01
    5.95537364e-01 2.54336208e-01 5.03343105e-01 8.97499323e-01
    3.68481845e-01 6.96192622e-01 3.10441643e-01 3.31516951e-01
    8.61955881e-02 9.31153417e-01 9.63860273e-01 4.46650565e-01
    3.89054716e-02 4.93324995e-01 9.34139431e-01 4.09331858e-01
    7.31378675e-01 2.30219394e-01 5.67359746e-01 2.63722241e-01
    4.74660993e-01 2.46367604e-01 8.91161442e-01 8.76203299e-01
    1.53902560e-01 3.62318397e-01 1.67601377e-01 8.42785776e-01
    8.36416721e-01 3.62338632e-01 1.34263307e-01 9.78888869e-01
    4.16650057e-01 7.09179401e-01 6.28044724e-01 9.58980322e-01
    5.12144089e-01 7.86939085e-01 3.23399931e-01 6.07780159e-01
    1.66905522e-01 1.42088205e-01 7.61004806e-01 1.68473452e-01
    6.03212416e-01 2.40717232e-02 1.41325742e-01 7.76580215e-01
    5.29299617e-01 9.51669574e-01 1.65401042e-01 1.37269497e-02
    5.39343357e-01 8.31518114e-01 9.55433428e-01 2.71601379e-02
    3.77132475e-01 1.73324555e-01 6.37729526e-01 6.44729137e-01
    1.88592225e-01 2.98974752e-01 5.81205368e-01 9.63128209e-02
    9.98955905e-01 9.94042039e-01 5.25248289e-01 1.81118667e-01
    5.02967834e-01 7.87840009e-01 2.28294343e-01 8.16035271e-01
    4.91643518e-01 7.79919386e-01 6.82954907e-01 4.40902978e-01
    3.47428977e-01 8.01519156e-01 3.11659575e-01 5.06336451e-01
    9.47032690e-01 3.52064848e-01 9.31332231e-01 5.77660084e-01
    6.21710896e-01 5.76910377e-01 1.88463688e-01 8.47137570e-01
    3.49823356e-01 5.23235857e-01 6.02732897e-02 9.69792247e-01
    9.29957151e-01 7.24142492e-01 7.48035908e-01 2.91259408e-01
    7.95094788e-01 2.01555878e-01 7.95699716e-01 2.36395866e-01
    9.00320768e-01 7.66576171e-01 3.37969780e-01 5.18706024e-01
    5.69899321e-01 6.41274571e-01 1.87917918e-01 4.91263270e-02
    8.92729998e-01 5.09149730e-01 7.64398396e-01 8.53270113e-01
    5.12348175e-01 9.99309540e-01 2.25095540e-01 7.15201259e-01
    4.57215041e-01 1.32971376e-01 8.18365812e-02 2.26681292e-01
    8.67105126e-01 8.05614829e-01 4.41751152e-01 4.31468874e-01
    1.18654251e-01 9.17178094e-02 1.91031963e-01 4.55972165e-01
    8.99699509e-01 1.12439990e-02 6.19915783e-01 3.97205353e-04
    2.32487619e-01 6.75477862e-01 8.41353238e-02 5.25162041e-01
    2.84254253e-01 5.20087898e-01 8.99829745e-01 2.72633791e-01
    1.58995390e-01 2.52879798e-01 4.89279121e-01 8.14725280e-01
    8.49824488e-01 4.98459518e-01 6.71912730e-01 6.49039626e-01
    6.54449165e-02 4.18883562e-01 4.69697684e-01 8.56962800e-02
    3.63540649e-01 9.73421454e-01 6.01189613e-01 4.44569737e-01
    6.83903992e-02 9.63804483e-01 6.14178538e-01 7.69994736e-01
    7.69759536e-01 7.22250164e-01 4.49862599e-01 8.98453057e-01
    4.84611183e-01 4.71138895e-01 8.41167688e-01 7.02909470e-01
    7.01554000e-01 5.72303176e-01 3.31190914e-01 9.30440724e-02
    8.24283957e-01 6.49343908e-01 7.50693798e-01 2.37680376e-01
    7.18090594e-01 6.04678273e-01 4.81350869e-01 4.11265612e-01
    9.15592134e-01 6.59795463e-01 6.29910171e-01 3.23513389e-01
    2.25133687e-01 4.18559313e-02 5.15700936e-01 8.13456297e-01
    3.59449983e-02 6.81093097e-01 5.15530109e-02 9.30261135e-01
    7.69115806e-01 7.45364428e-01 3.74120295e-01 2.98885852e-01
    9.62502062e-02 1.30976379e-01 8.74102950e-01 6.53397202e-01
    7.97978103e-01 9.21479523e-01 1.48086160e-01 4.62326616e-01
    9.31312919e-01 1.88028604e-01 7.69410133e-01 7.92451322e-01
    5.36391497e-01 1.96980596e-01 2.95443892e-01 4.52214420e-01
    7.18246281e-01 5.85166514e-01 5.29565334e-01 1.42863989e-02
    3.35315615e-01 4.26582634e-01 3.92259359e-02 2.68391252e-01
    1.77708119e-01 4.53146219e-01 4.10508424e-01 7.58282542e-02
    4.74569649e-01 9.11713004e-01 2.52199024e-01 2.61650383e-01
    5.11268735e-01 7.88200140e-01 1.44418240e-01 9.18518901e-01
    7.30047107e-01 5.01587868e-01 3.75624627e-01 2.08811641e-01
    9.25518155e-01 6.09022737e-01 6.91315055e-01 3.81357551e-01
    9.92565572e-01 9.87592578e-01 4.57977533e-01 9.49552953e-02
    7.65868127e-01 2.28652865e-01 8.65387321e-01 1.34307742e-02
    7.96990991e-02 2.02643156e-01 9.21220183e-02 5.58305144e-01
    9.98476744e-01 6.15281582e-01 6.15723789e-01 5.31543851e-01
    2.83424020e-01 3.63489807e-01 2.32006043e-01 6.24382079e-01
    8.70929718e-01 3.45977306e-01 2.85432875e-01 3.66466999e-01
    6.10810995e-01 8.23003292e-01 1.75700992e-01 2.00562388e-01
    8.43609571e-01 8.01298261e-01 2.14028060e-02 4.16691482e-01
    6.53492808e-01 7.56381989e-01 4.99141276e-01 8.98214698e-01
    8.43994737e-01 7.76999354e-01 5.78787982e-01 5.36764979e-01
    6.04972363e-01 2.13734508e-02 8.26623201e-01 9.61878896e-01
    5.26240945e-01 9.34754312e-02 5.66506028e-01 9.30122554e-01
    7.01173544e-02 5.96833825e-01 3.66783738e-01 1.10199004e-01
    7.22352803e-01 1.84691519e-01 8.85662735e-02 7.85100460e-01
    4.68888432e-01 6.18016958e-01 5.55344880e-01 7.24612594e-01
    2.45803893e-01 2.87109464e-01 1.77699596e-01 2.76434779e-01
    5.01306415e-01 1.06488764e-01 6.67658508e-01 4.99436527e-01
    8.36849689e-01 2.95411289e-01 3.30629885e-01 6.04286790e-02
    8.03305387e-01 9.93109584e-01 1.64154202e-01 2.87164986e-01
    1.96122557e-01 8.38171005e-01 8.17324042e-01 4.95469689e-01
    4.35504764e-01 9.03359532e-01 6.00974083e-01 7.94809580e-01
    3.45395803e-01 9.38957989e-01 1.47892624e-01 4.13766623e-01
    2.78976738e-01 2.18753278e-01 8.49848568e-01 1.66256785e-01
    2.02112019e-01 4.00823355e-02 3.12127471e-02 8.56336236e-01
    6.67400897e-01 9.88400042e-01 8.09194207e-01 9.49455380e-01
    9.47284281e-01 7.50766993e-02 6.45354092e-02 2.02545553e-01
    4.11638081e-01 4.13188100e-01 9.76770103e-01 4.36789513e-01
    8.86803329e-01 3.53174627e-01 5.42595744e-01 9.13372278e-01
    2.95291483e-01 8.29145312e-02 5.60825646e-01 5.22653520e-01
    8.91821265e-01 6.79527283e-01 4.48460340e-01 3.07578027e-01
    3.40656906e-01 1.16835356e-01 9.10815120e-01 7.13545978e-01
    1.27583981e-01 5.83149910e-01 2.21158803e-01 5.30457377e-01
    1.05245888e-01 6.97737873e-01 5.75982869e-01 6.15088463e-01
    1.48298383e-01 7.32413173e-01 4.37162787e-01 8.51987720e-01
    6.38393104e-01 3.17562640e-01 3.11003745e-01 9.38347280e-02
    4.29897308e-02 1.16729230e-01 3.78227234e-03 3.30765367e-01
    8.27984929e-01 2.88556576e-01 7.36232519e-01 5.46301126e-01
    8.34591091e-01 4.21246976e-01 2.43663281e-01 7.55112946e-01
    7.03774512e-01 6.87023520e-01 6.12180471e-01 7.40158081e-01
    8.48647714e-01 6.85419202e-01 2.76627123e-01 9.52975392e-01
    4.76922542e-01 3.92963946e-01 9.51840878e-01 3.15420359e-01
    3.49347383e-01 2.72970676e-01 7.25058436e-01 6.91062808e-01
    4.49301422e-01 5.16039729e-01 9.29637313e-01 1.76297903e-01
    7.31921315e-01 4.10498202e-01 3.96717042e-01 1.61775380e-01
    7.03784883e-01 8.94093513e-01 9.93131518e-01 9.16578650e-01
    2.44323105e-01 6.14092886e-01 2.93579757e-01 1.20464265e-02
    5.65421939e-01 6.54297233e-01 5.77231884e-01 5.59656203e-01
    2.34827757e-01 9.81467724e-01 3.04461598e-01 7.11404145e-01
    5.87263048e-01 7.49727488e-01 5.19907713e-01 7.80161023e-01
    1.36166811e-01 5.88755131e-01 4.23790991e-01 7.34011769e-01
    1.92703009e-02 3.01372230e-01 1.34392858e-01 6.95486307e-01
    1.46289259e-01 1.49836242e-01 2.79300600e-01 3.23063463e-01
    9.00955737e-01 3.74344230e-01 9.72832799e-01 4.80338901e-01
    2.35319465e-01 7.64650941e-01 1.77169830e-01 2.06936836e-01
    9.29860950e-01 8.91724169e-01 6.64680064e-01 5.61864793e-01
    2.85355717e-01 2.34220505e-01 8.51279795e-02 1.93562686e-01
    5.04833281e-01 3.01841438e-01 3.90823066e-01 4.91255164e-01
    3.08738500e-01 6.73470438e-01 4.92377311e-01 6.33865118e-01
    6.88580573e-02 5.20817816e-01 9.80499685e-01 1.35490894e-02
    2.92839259e-01 4.00240034e-01 6.22080386e-01 7.04395950e-01
    3.00711989e-01 1.10847086e-01 3.82554293e-01 9.93600428e-01
    5.09828031e-01 5.73774993e-01 1.34904891e-01 6.99995756e-02
    6.49132848e-01 4.60042179e-01 6.75631344e-01 8.71792436e-03
    3.56405437e-01 7.19941020e-01 3.75723660e-01 6.34507000e-01
    8.98810148e-01 4.86971915e-01 4.50224876e-01 1.88657105e-01
    3.24202716e-01 4.99422818e-01 7.21312463e-02 1.15078390e-02
    7.78222203e-01 1.86765462e-01 9.20267224e-01 2.13812351e-01
    4.54014540e-02 3.40021998e-01 9.81490195e-01 3.85474205e-01
    9.02301073e-01 9.76091325e-02 8.30791473e-01 3.34987998e-01
    1.54027641e-02 7.84975529e-01 4.48214233e-01 5.01833975e-01
    6.41589344e-01 5.13096213e-01 4.78626728e-01 9.70119238e-01
    4.52888101e-01 8.05153847e-01 1.84400678e-01 6.45981073e-01
    9.29561138e-01 9.83620822e-01 3.30809057e-01 8.47964525e-01
    8.76282930e-01 3.67826104e-01 7.08813369e-01 3.86020541e-02
    6.18632078e-01 3.02211910e-01 7.61052430e-01 7.38160491e-01
    8.54362965e-01 2.29771942e-01 9.71676409e-02 7.77955949e-02
    1.72463357e-02 8.66326690e-01 1.58216119e-01 8.24298799e-01
    7.32911587e-01 1.46134794e-01 3.19980681e-02 3.67921531e-01
    5.19629717e-01 7.90998936e-01 4.19439882e-01 6.47805691e-01
    9.57831085e-01 4.92240250e-01 3.29347491e-01 9.67881024e-01
    9.70295668e-02 1.27135843e-01 4.25927311e-01 9.40897584e-01
    9.30862188e-01 8.11114550e-01 5.01001418e-01 4.79618937e-01
    6.22275949e-01 5.98559797e-01 4.01543379e-01 8.09141934e-01
    8.04852426e-01 9.09031034e-01 7.33098745e-01 9.76433039e-01
    3.28281343e-01 3.47688019e-01 9.05289888e-01 3.61405969e-01
    2.57920325e-01 4.68103290e-01 2.27556586e-01 5.32582223e-01
    3.44282210e-01 1.66949153e-01 5.89650273e-01 3.20805073e-01
    5.73985577e-02 3.01448941e-01 5.65744996e-01 3.44857395e-01
    9.52428102e-01 2.79888809e-01 4.68492389e-01 7.33206570e-01
    8.02400947e-01 8.14857602e-01 8.67439628e-01 8.42865586e-01
    8.75746965e-01 5.10692179e-01 7.22150326e-01 8.80942166e-01
    1.60629928e-01 7.92622805e-01 5.78747451e-01 3.31952333e-01
    7.35257149e-01 5.06167829e-01 7.63557673e-01 7.20116258e-01
    9.70741272e-01 9.02467608e-01 1.40985221e-01 1.30638480e-03
    7.60490119e-01 4.19985294e-01 8.11988294e-01 8.29158902e-01
    4.31206316e-01 6.90028369e-02 9.70074117e-01 9.19533849e-01
    5.93310535e-01 7.07155526e-01 6.76225066e-01 6.67107403e-02
    5.28416395e-01 6.47252500e-01 2.56467402e-01 7.92859793e-01
    9.04660523e-02 2.87270486e-01 9.00263488e-01 6.25943124e-01
    4.47767377e-01 6.91128314e-01 9.62483346e-01 9.89410639e-01
    1.75640792e-01 3.42815846e-01 8.51766527e-01 8.68574023e-01
    2.42485493e-01 1.80315942e-01 1.85594797e-01 1.05718762e-01
    7.98551142e-01 1.38411820e-01 1.10324025e-02 5.49605727e-01
    8.74833226e-01 7.41134584e-02 9.07333374e-01 8.32026362e-01
    8.18183780e-01 1.53519124e-01 2.19710588e-01 6.61630034e-01
    3.50413263e-01 5.54581881e-01 6.29674971e-01 5.37018657e-01
    5.80182076e-01 2.64727890e-01 8.95051718e-01 6.97405934e-01
    6.64210916e-02 6.44397855e-01 9.89269495e-01 1.76570088e-01
    2.95461059e-01 5.61623335e-01 3.93071592e-01 4.83762026e-01
    7.19173670e-01 5.89958966e-01 2.01758623e-01 5.84141672e-01
    4.07052636e-02 4.85236198e-01 8.56068730e-02 9.41544414e-01
    6.48501217e-02 4.89179581e-01 4.19156551e-02 2.64935374e-01
    4.30425704e-02 7.23217547e-01 9.50462222e-01 3.80723834e-01
    6.99226856e-02 5.37666917e-01 8.69864941e-01 2.28469372e-01
    6.23498082e-01 6.07964158e-01 6.01799011e-01 3.58419955e-01
    3.64519328e-01 2.13590771e-01 3.38517219e-01 7.45549202e-01
    4.70055312e-01 1.53397679e-01 7.82017827e-01 2.58170903e-01
    1.08080029e-01 1.96577221e-01 4.53753233e-01 1.91198945e-01
    2.61045158e-01 8.75609756e-01 6.50352597e-01 8.32936168e-01
    5.27331710e-01 3.23018432e-01 1.40225887e-02 1.14979923e-01
    2.30855614e-01 4.50126380e-01 1.40168071e-02 9.48011875e-01
    6.78448677e-01 1.75256670e-01 8.34255278e-01 7.22616494e-01
    5.94019592e-01 8.11563671e-01 9.39012766e-01 3.63558412e-01
    9.21623468e-01 4.47213709e-01 4.91466999e-01 6.85917616e-01
    3.42424333e-01 9.85656738e-01 7.48704135e-01 4.74412739e-01
    3.20847660e-01 4.05157149e-01 9.16447461e-01 1.77477092e-01
    6.97839320e-01 4.64023262e-01 7.51759410e-01 1.90459579e-01
    1.62503362e-01 6.86925471e-01 1.41860336e-01 7.93958306e-01
    4.54644561e-01 6.35514796e-01 2.51992345e-02 8.72196853e-01
    9.32693660e-01 5.98793864e-01 8.94513249e-01 4.31304097e-01
    8.71411920e-01 8.26677203e-01 8.59923959e-02 2.04190165e-01
    9.84610319e-01 5.40071130e-01 5.72724044e-01 9.41898167e-01
    8.63381982e-01 3.48167956e-01 9.27394271e-01 8.08308840e-01
    5.10552049e-01 4.76245493e-01 7.21955657e-01 6.58250809e-01
    1.54451370e-01 3.37085605e-01 1.04463995e-01 7.93004990e-01
    6.48510933e-01 7.82342255e-02 7.07790077e-01 9.64565635e-01
    8.15186918e-01 4.95705664e-01 2.46583641e-01 5.36797583e-01
    5.70662796e-01 8.99722576e-01 9.45583403e-01 8.87010813e-01
    5.19189119e-01 4.26424950e-01 9.07383800e-01 2.20839828e-01
    5.13683200e-01 7.28591323e-01 5.82243800e-02 6.87651575e-01
    2.40634531e-01 3.04879963e-01 2.37791538e-02 6.03514552e-01
    9.07159090e-01 5.85394382e-01 9.72096562e-01 7.56319642e-01
    5.42289317e-02 8.62100720e-01 6.66863561e-01 3.50695312e-01
    8.01729918e-01 9.40174818e-01 2.51719356e-02 3.64337862e-02
    9.46295500e-01 5.18170655e-01 3.52358222e-01 7.71523237e-01
    8.58029127e-01 1.93984598e-01 7.88314342e-02 5.97892761e-01
    5.02752602e-01 7.23059714e-01 2.82723010e-01 9.53059316e-01
    8.30146968e-02 1.48073941e-01 7.68435776e-01 9.11058903e-01
    4.40062910e-01 9.81130600e-02 3.36114109e-01 2.75922686e-01
    5.37885845e-01 4.59430516e-01 5.85692644e-01 1.61504388e-01
    6.94813788e-01 2.62046278e-01 6.23513520e-01 5.30619502e-01
    1.28998995e-01 6.36504531e-01 5.24992466e-01 7.50500083e-01
    1.26405984e-01 8.05691004e-01 2.85763919e-01 1.91270262e-01
    8.40674043e-01 6.45387232e-01 5.55216014e-01 3.22017074e-02
    8.30116153e-01 1.24616861e-01 4.04831260e-01 2.77781636e-01
    2.11702466e-01 4.29902583e-01 3.32271218e-01 9.14095163e-01
    9.85135913e-01 7.88763165e-01 2.64459223e-01 4.88820076e-02
    3.24651599e-03 6.37451589e-01 6.58921123e-01 4.54923391e-01
    4.37205106e-01 1.69779688e-01 5.82334518e-01 4.52769995e-01
    8.59769583e-01 9.22952414e-01 4.41882432e-01 8.04342747e-01
    3.75011563e-01 4.58690852e-01 5.61943531e-01 7.48473465e-01
    3.45783532e-01 9.60009754e-01 2.62411118e-01 1.65177286e-01
    1.39126092e-01 6.92082047e-01 4.64975238e-02 2.24178523e-01
    3.27605247e-01 3.66857767e-01 9.51867938e-01 9.71297622e-01
    2.08050609e-01 5.67469180e-01 3.31470847e-01 3.28473628e-01
    4.03026104e-01 9.07807469e-01 9.27979708e-01 8.77411425e-01
    7.16307461e-01 6.31270707e-01 8.45210314e-01 2.68006593e-01
    2.22332686e-01 1.35773331e-01 6.97618246e-01 3.01028728e-01
    9.67913270e-01 5.97224712e-01 6.62023783e-01 4.90424812e-01
    4.31208730e-01 2.81331718e-01 6.83253407e-01 8.48834515e-02
    4.37283248e-01 5.69948852e-02 6.31565452e-01 9.43672657e-03
    6.99439764e-01 4.06903863e-01 8.62583458e-01 1.79114908e-01
    6.08079672e-01 5.44772744e-01 7.13957250e-01 1.95923448e-03
    2.74075389e-01 4.69685882e-01 6.46944880e-01 5.21596789e-01
    3.48056555e-02 3.69913727e-01 1.03340864e-01 2.33408660e-01
    8.60760927e-01 2.07806259e-01 9.50147033e-01 4.57014650e-01
    3.37533057e-01 7.61617720e-02 2.72404313e-01 9.59351659e-01
    1.94255710e-02 8.34988594e-01 1.27948254e-01 5.73936403e-01
    5.83669305e-01 1.03308469e-01 4.74383533e-01 1.87534004e-01
    6.37021959e-02 4.97352898e-01 6.02581680e-01 6.13202453e-01
    2.45104998e-01 3.42619896e-01 5.56410849e-01 7.14950740e-01
    3.06803942e-01 7.44073451e-01 5.95604539e-01 2.58751810e-01
    2.67676651e-01 9.75769758e-02 7.83919930e-01 2.31301814e-01
    5.19507408e-01 9.06046927e-02 3.14072907e-01 3.66970599e-01
    3.22503448e-01 5.21327198e-01 5.35056949e-01 2.99133360e-01
    1.58054411e-01 9.45967555e-01 3.75485688e-01 9.27467823e-01
    7.48063684e-01 3.57534289e-01 9.47814882e-01 6.20591640e-01
    4.14476037e-01 9.73262966e-01 5.44193983e-01 4.22140956e-03
    3.47712636e-02 6.36079133e-01 8.50344300e-01 4.17591512e-01
    6.56382084e-01 1.60384625e-01 7.27679431e-02 8.10296893e-01
    7.84375787e-01 8.76429319e-01 3.97684097e-01 6.08493030e-01
    7.45749474e-01 5.02845049e-01 6.31867588e-01 4.28224146e-01
    5.80880880e-01 6.53888702e-01 6.89481258e-01 1.27954662e-01
    3.23582292e-01 3.96350116e-01 4.57258493e-01 4.19312477e-01
    4.01667356e-01 5.63471794e-01 7.09136128e-01 7.08390415e-01
    9.38773870e-01 7.35663533e-01 2.03371137e-01 1.83251321e-01
    9.51437116e-01 5.28514922e-01 9.15323615e-01 1.90654725e-01
    1.62806034e-01 2.68063068e-01 1.66966766e-01 2.87994832e-01
    5.09941995e-01 5.84113181e-01 2.28647947e-01 4.13808495e-01
    9.36381817e-01 1.45544648e-01 3.31146568e-01 6.12528145e-01
    6.47882044e-01 4.81786877e-01 8.65853190e-01 1.75253361e-01
    9.35479105e-02 4.19089198e-02 9.32873964e-01 5.57077467e-01
    4.72324699e-01 3.43348563e-01 2.31985748e-01 6.28470540e-01
    3.82776529e-01 2.96320945e-01 4.66091633e-02 2.11495310e-01
    8.65982473e-01 3.22233140e-02 8.87604237e-01 7.53573656e-01
    7.52274096e-01 3.92049611e-01 8.08594823e-01 5.71412861e-01
    5.69941282e-01 1.29416108e-01 3.24008226e-01 9.94835019e-01
    2.19857156e-01 4.30264384e-01 3.33274186e-01 7.27272987e-01
    9.05734301e-01 7.18038499e-01 1.48589134e-01 2.85209179e-01
    3.74207497e-02 2.87089288e-01 1.33066535e-01 5.20351291e-01
    1.33548945e-01 4.33847398e-01 7.20009208e-02 8.61819744e-01
    8.10736775e-01 2.01283514e-01 6.21569574e-01 6.88986182e-01
    2.13213205e-01 1.64677203e-02 9.28314626e-01 6.37143910e-01
    2.47960985e-02 2.58153588e-01 4.14931476e-01 5.12117028e-01
    6.67685509e-01 2.48768032e-02 6.94972754e-01 6.14467740e-01
    4.65976298e-01 8.19036365e-01 3.24671388e-01 3.19004953e-02
    1.22877061e-01 9.26704764e-01 5.69472611e-01 4.33632970e-01
    9.78120148e-01 1.66012079e-01 8.84741843e-02 3.37109506e-01
    2.37892181e-01 7.25700498e-01 8.60413432e-01 5.10295272e-01
    1.18458748e-01 9.94920969e-01 3.97332907e-01 9.25116301e-01
    5.01054406e-01 5.29954374e-01 2.02417374e-01 7.51208842e-01
    9.01887417e-01 5.88610590e-01 5.74202180e-01 2.23392457e-01
    5.16551971e-01 5.05181849e-01 2.17219055e-01 5.03391504e-01
    6.91926479e-03 3.66399348e-01 7.02771246e-01 2.91515708e-01
    1.79342419e-01 7.97732115e-01 8.41018736e-01 6.78761184e-01
    6.60021007e-01 6.71221614e-01 6.90560937e-02 5.29374540e-01
    3.84550452e-01 2.93422878e-01 6.69892967e-01 1.97841406e-01
    8.19680750e-01 8.64051342e-01 1.32910430e-01 8.45365107e-01
    8.10828209e-01 4.72265363e-01 7.96511173e-01 6.64126337e-01
    1.29218847e-01 8.46242249e-01 7.44295120e-01 3.24969769e-01
    7.11477757e-01 7.92959690e-01 8.50731492e-01 7.02743173e-01
    5.32918155e-01 8.49754930e-01 6.32916451e-01 6.90192699e-01
    1.26817375e-01 3.20338786e-01 5.94263375e-01 7.64389634e-01
    1.14584982e-01 1.46296889e-01 4.31375861e-01 7.79043794e-01
    3.68792772e-01 7.26102114e-01 6.22824967e-01 8.57361555e-01
    8.72164845e-01 4.09056246e-01 4.74039972e-01 4.39744055e-01
    5.05905926e-01 6.83804691e-01 1.61397934e-01 6.30054176e-01
    4.80437398e-01 6.45500779e-01 9.86868560e-01 2.49915808e-01
    9.43425298e-01 1.34359419e-01 8.05386543e-01 9.52604055e-01
    2.92270601e-01 7.62465179e-01 1.86879635e-01 7.40061581e-01
    5.03220379e-01 3.68861318e-01 8.38791132e-02 2.59941459e-01
    2.36446202e-01 4.83180732e-01 5.86543620e-01 8.14006865e-01
    9.86113310e-01 5.27603745e-01 8.13167691e-01 5.02292097e-01
    7.53482342e-01 5.59958339e-01 1.19634569e-01 3.32932413e-01
    1.41027331e-01 8.04550290e-01 7.89517462e-01 4.12397057e-01
    4.67213005e-01 1.46241546e-01 7.22035944e-01 7.69945741e-01
    7.98646092e-01 9.20970738e-02 5.12245417e-01 8.76085639e-01
    6.21917307e-01 8.27055275e-02 5.92184365e-01 7.27328062e-02
    9.04502988e-01 5.85929453e-02 5.00253141e-01 3.77038330e-01
    2.39037871e-02 3.55574280e-01 5.83925068e-01 8.79944086e-01
    3.63953352e-01 9.80041742e-01 9.40445960e-01 1.55391842e-01
    2.92944103e-01 2.86234587e-01 6.96022153e-01 7.78321743e-01
    6.19382441e-01 2.69195974e-01 1.38800919e-01 1.97373062e-01
    8.17607641e-02 6.98341429e-01 4.07419980e-01 2.66596735e-01
    1.11636221e-02 3.83233368e-01 4.13440764e-02 7.84657240e-01
    2.12561190e-02 4.40412492e-01 1.35554612e-01 8.68428826e-01
    1.32656485e-01 4.84471619e-02 7.47953057e-01 4.67126578e-01
    7.46595204e-01 7.86041915e-01 4.18435931e-01 8.67824435e-01
    8.50038886e-01 5.78022480e-01 8.62613738e-01 1.59992844e-01
    6.13897741e-01 9.79774475e-01 5.84367573e-01 8.82868171e-01
    4.28710222e-01 6.20156050e-01 1.97344244e-01 1.35033697e-01
    7.49685109e-01 7.31414258e-01 4.10045564e-01 5.39022028e-01
    6.79622650e-01 6.04062259e-01 7.84507990e-01 1.69086426e-01
    9.04627562e-01 1.27593547e-01 1.13362223e-01 6.42359257e-03
    8.76335502e-01 8.80119681e-01 5.13694704e-01 4.28209901e-01
    8.04174960e-01 5.94699979e-01 1.22983485e-01 2.96579540e-01
    1.81578696e-01 4.18151677e-01 4.53582466e-01 1.06680393e-01
    9.13608313e-01 1.17033392e-01 5.55871725e-01 7.57194877e-01
    8.72936666e-01 4.30169910e-01 1.19028956e-01 6.28795207e-01
    8.26744914e-01 4.44585979e-02 4.38166201e-01 5.79514086e-01
    6.25410199e-01 5.37915528e-02 7.80298829e-01 4.80626285e-01
    5.10563374e-01 5.66823125e-01 8.33926558e-01 1.78500414e-02
    6.80442750e-01 5.08232415e-02 4.07174408e-01 8.07718873e-01
    3.91156256e-01 8.80926609e-01 4.89979595e-01 2.17417747e-01
    7.28390336e-01 3.31509471e-01 5.06577075e-01 3.96783710e-01
    9.57501411e-01 7.48558342e-02 9.69252944e-01 4.29996222e-01
    6.91557109e-01 9.13216829e-01 9.88150239e-01 9.22227800e-02
    5.01208186e-01 6.32608652e-01 1.69054955e-01 6.59848094e-01
    5.70112467e-01 5.18332779e-01 4.45463568e-01 4.96074408e-01
    9.11916792e-02 2.21867263e-01 4.50754046e-01 7.43175387e-01
    5.28751254e-01 3.45260501e-01 7.41485953e-01 6.45998120e-03
    1.33462250e-01 7.93426991e-01 6.93515658e-01 1.50649846e-02
    1.98232919e-01 8.20165396e-01 2.29923576e-01 2.44252563e-01
    2.13253379e-01 7.86084533e-02 1.74317807e-01 7.71180272e-01
    4.83883768e-01 7.57742167e-01 3.13931495e-01 7.82434821e-01
    4.48210508e-01 8.52932036e-02 2.77513981e-01 1.21920913e-01
    3.91512394e-01 9.88680124e-01 2.52047241e-01 1.74969584e-01
    1.34942710e-01 3.15523148e-02 1.27853632e-01 9.35261846e-01
    4.01885718e-01 9.53278601e-01 7.71842360e-01 2.09257007e-01
    3.22528303e-01 3.47783208e-01 4.44637597e-01 6.28059983e-01
    5.50311208e-02 9.77748215e-01 8.93964827e-01 4.02456582e-01
    1.05529785e-01 9.15399313e-01 5.08659601e-01 8.53211224e-01
    8.12344074e-01 1.89404786e-02 7.35553205e-02 4.14943606e-01
    8.41130614e-02 3.29892933e-02 7.97336340e-01 5.42224526e-01
    5.30228138e-01 6.11745834e-01 8.42053771e-01 4.89083886e-01
    1.46014661e-01 6.28617108e-01 8.91482532e-01 1.87013954e-01
    6.59930766e-01 3.81012678e-01 7.13473797e-01 1.85499191e-01
    9.17271614e-01 2.65227377e-01 2.14118779e-01 4.06559050e-01
    6.62783742e-01 2.12467015e-02 1.99309289e-01 3.53191018e-01
    5.12376964e-01 4.12404299e-01 2.20567226e-01 2.80605227e-01
    3.92443180e-01 1.95952535e-01 2.83701599e-01 8.32228482e-01
    1.16426170e-01 9.42133546e-01 5.15073538e-01 7.00092912e-01
    8.23344111e-01 1.83264315e-01 4.53256071e-02 4.46394801e-01
    3.71781051e-01 4.43902254e-01 8.88297915e-01 6.33310676e-01
    4.76995319e-01 6.20622814e-01 2.71611273e-01 6.47672534e-01
    3.33877504e-01 3.73922586e-01 1.97839528e-01 9.44428444e-01
    6.09219253e-01 9.09808695e-01 9.52531576e-01 9.06204939e-01
    3.26112866e-01 7.37350047e-01 6.85300529e-01 6.12507045e-01
    3.06199104e-01 8.29739809e-01 7.70298123e-01 8.07660520e-02
    3.40033412e-01 6.45450056e-01 8.64341617e-01 9.50887322e-01
    2.81439781e-01 9.12633717e-01 9.98523295e-01 3.04736733e-01
    5.20385206e-01 8.82414818e-01 1.44526243e-01 6.07510090e-01
    6.41105056e-01 2.18230575e-01 2.22268313e-01 1.88280880e-01
    8.56541514e-01 4.18466419e-01 9.18572187e-01 3.86922359e-01
    6.21931374e-01 1.35311574e-01 1.29702002e-01 4.19297159e-01
    9.35414195e-01 1.11226439e-01 4.86166805e-01 1.32128209e-01
    6.70421362e-01 2.42488623e-01 5.02899885e-01 3.04477155e-01
    3.56081694e-01 1.41705781e-01 8.57415199e-01 4.97021943e-01
    6.97098196e-01 4.16467816e-01 5.63431382e-01 8.89158845e-02
    8.71640742e-01 1.42974406e-01 4.41359282e-01 6.96729779e-01
    1.92079157e-01 3.32843065e-02 6.36128187e-01 9.64907289e-01
    4.35977697e-01 4.96328384e-01 6.72511995e-01 8.86273980e-01
    4.47968990e-01 3.15959632e-01 6.43374205e-01 6.54922009e-01
    2.60726213e-01 8.47361386e-01 6.91353023e-01 4.27690476e-01
    8.59582186e-01 8.16284657e-01 1.99448973e-01 7.18166232e-01
    3.53011906e-01 7.50618577e-01 4.10953581e-01 2.66867936e-01
    1.31993711e-01 8.59624147e-01 6.33462489e-01 6.74411714e-01
    8.65765750e-01 7.64837384e-01 4.19993252e-01 8.10901344e-01
    3.22639048e-01 9.81235206e-01 7.20896065e-01 6.27214193e-01
    8.08453918e-01 1.58488035e-01 5.25066614e-01 6.06358111e-01
    9.13001895e-01 4.93593901e-01 4.28947121e-01 7.71231532e-01
    4.30146396e-01 9.73144472e-02 3.66731822e-01 8.71700406e-01
    7.16518998e-01 3.16527545e-01 6.90900922e-01 7.08132267e-01
    4.53133970e-01 3.15930068e-01 6.55290663e-01 9.53283310e-01
    4.57234621e-01 8.83771777e-01 6.35324240e-01 2.74884880e-01
    4.42854941e-01 8.56933951e-01 4.78424728e-02 7.69793034e-01
    5.07064939e-01 5.92245340e-01 8.11733305e-01 3.78763616e-01
    7.09945917e-01 1.55899614e-01 8.12478662e-01 2.52394438e-01
    6.05191946e-01 7.09662437e-01 3.67233038e-01 9.10779357e-01
    6.95541382e-01 4.70166832e-01 8.89939070e-01 1.21734262e-01
    6.38719320e-01 2.64874995e-01 4.93779033e-01 7.99570978e-01
    9.44843173e-01 9.08287644e-01 7.98942149e-01 8.09574902e-01
    7.92023242e-01 3.35702866e-01 6.88535810e-01 5.81308424e-01
    3.72419506e-01 8.86173725e-01 2.31965482e-02 5.60790539e-01
    1.11947060e-01 5.14846921e-01 1.05953515e-01 4.30455178e-01
    8.97832751e-01 6.42244220e-01 3.47131491e-02 5.97008705e-01
    1.93756074e-01 4.48377371e-01 7.46445298e-01 3.46869826e-01
    4.30760682e-02 6.84116662e-01 4.04431611e-01 8.41687441e-01
    1.50542647e-01 1.68680280e-01 1.39235914e-01 4.54055041e-01
    9.12955284e-01 2.65245378e-01 7.12084293e-01 6.64004087e-01
    6.01903737e-01 9.39880908e-01 5.23240566e-01 3.78958285e-01
    1.67906821e-01 9.83116031e-01 7.13938415e-01 7.61903286e-01
    1.84838980e-01 5.19240797e-01 5.42933047e-02 4.39908862e-01
    1.50560915e-01 9.59533453e-02 5.79297423e-01 6.73467577e-01
    7.20294118e-01 3.39582920e-01 6.51958466e-01 4.42228854e-01
    1.06811136e-01 5.10619998e-01 9.78143275e-01 6.13554716e-01
    4.81632650e-02 8.09933305e-01 7.92846084e-01 4.30424273e-01
    3.33498955e-01 6.87350035e-01 7.51582384e-01 6.28601015e-01
    8.36682796e-01 1.59713179e-01 2.51545608e-01 9.51002121e-01
    2.92755365e-02 3.01050544e-01 8.83997440e-01 7.06963539e-01
    5.42308748e-01 1.26044661e-01 1.66254014e-01 1.38009936e-01
    7.41482377e-02 8.52685571e-01 5.17860651e-01 6.18232369e-01
    1.10731930e-01 6.79722488e-01 6.86801434e-01 2.57686496e-01
    4.59645420e-01 1.45868123e-01 6.49277806e-01 8.28686476e-01
    5.79535961e-02 1.88567191e-01 3.72489095e-01 4.62324828e-01
    7.20771313e-01 1.85644627e-01 2.01596737e-01 5.73848307e-01
    3.62504631e-01 4.59476978e-01 9.38501120e-01 6.69281363e-01
    9.39518809e-01 6.01723611e-01 4.31372702e-01 9.76484597e-01
    4.58253980e-01 4.16119009e-01 2.26426899e-01 1.99953705e-01
    5.02966642e-01 5.48506141e-01 2.31290936e-01 1.93496823e-01
    2.86012590e-01 9.07263756e-02 4.83006835e-01 3.60575765e-01
    3.54531229e-01 3.71923268e-01 9.86852407e-01 1.85169399e-01
    2.15044379e-01 5.68809569e-01 5.68244636e-01 9.89628553e-01
    6.74371362e-01 2.77752578e-01 7.03757882e-01 7.80943394e-01
    8.57753038e-01 8.89436007e-02 2.03846097e-01 4.75157619e-01
    4.13243830e-01 6.64882362e-02 8.45236182e-02 8.05084586e-01
    6.26363754e-01 9.13693070e-01 3.16222250e-01 9.79906678e-01
    2.72877514e-01 6.94689631e-01 6.12241387e-01 8.91383648e-01
    4.28784996e-01 7.62315571e-01 9.22978997e-01 1.09633893e-01
    7.79586315e-01 3.25890839e-01 3.79586488e-01 1.24549598e-01
    1.81011379e-01 6.98677301e-01 8.94244313e-02 7.50059068e-01
    5.55087984e-01 8.36265087e-03 9.65484738e-01 8.06499422e-01
    3.06359112e-01 4.40176308e-01 2.16779888e-01 8.14418674e-01
    9.33910668e-01 4.94482517e-02 3.84796143e-01 2.46392369e-01
    7.45114803e-01 8.68680954e-01 2.19238132e-01 2.29845792e-01
    2.15669274e-02 8.54798079e-01 3.87581646e-01 6.82012737e-01
    9.31158543e-01 8.36997151e-01 3.51314962e-01 5.85418403e-01
    7.32693851e-01 4.12211299e-01 6.29434109e-01 1.63073212e-01
    7.33561993e-01 1.24722242e-01 8.03568244e-01 1.69043243e-01
    4.73414779e-01 8.96144629e-01 1.07567430e-01 2.01210618e-01
    6.34295940e-01 4.42917824e-01 2.47003525e-01 7.09177494e-01
    9.33852911e-01 3.55967402e-01 7.87135124e-01 6.97436094e-01
    1.26750737e-01 2.11537182e-02 7.19925284e-01 7.69754648e-01
    2.50962079e-01 5.49848795e-01 7.81987071e-01 6.97424889e-01
    3.02818924e-01 6.28131330e-01 8.80699515e-01 3.08564067e-01
    9.51998770e-01 8.35636020e-01 4.23235476e-01 4.76828516e-01
    4.04898733e-01 5.45423388e-01 6.72896445e-01 4.99385744e-01
    1.27431482e-01 8.46550703e-01 7.31529117e-01 9.70522642e-01
    1.81707978e-01 1.56472445e-01 5.43035328e-01 4.13572460e-01
    7.56533265e-01 8.96530926e-01 7.14886069e-01 9.81896818e-01
    6.08573198e-01 9.73520577e-02 4.44710463e-01 1.74467713e-01
    8.83636236e-01 6.58327639e-02 4.16210949e-01 5.65237880e-01
    2.85330415e-01 5.84092975e-01 4.36816096e-01 2.68939734e-01
    5.08681417e-01 1.23626679e-01 4.83752757e-01 4.61644828e-02
    6.49872899e-01 8.23991239e-01 6.27952039e-01 6.80531621e-01
    7.87164450e-01 4.24553156e-02 9.60470736e-02 6.81193054e-01
    9.16732907e-01 7.19193518e-02 3.02992672e-01 3.66085112e-01
    1.33308113e-01 3.20243895e-01 8.97976160e-01 5.62646985e-02
    1.56394988e-01 7.48917818e-01 8.81160796e-01 6.74147904e-01
    5.43010235e-02 8.65611970e-01 8.57500196e-01 2.80348837e-01
    2.11206853e-01 8.09552372e-02 3.03694963e-01 7.48074889e-01
    7.57294297e-01 6.70742691e-02 3.25092316e-01 9.49546576e-01
    8.01972210e-01 2.48393923e-01 8.77171040e-01 1.89920753e-01
    4.52033997e-01 7.22009778e-01 4.60749626e-01 3.28718096e-01
    2.02625513e-01 4.05265689e-02 5.53322494e-01 2.00653434e-01
    9.70136046e-01 5.81970453e-01 1.90198898e-01 9.75366235e-02
    2.92873681e-01 4.44604993e-01 8.64355087e-01 2.65947461e-01
    1.13003969e-01 2.13098764e-01 9.04311061e-01 2.37156600e-01
    1.57543391e-01 3.17235351e-01 7.89600909e-01 5.55841386e-01
    7.40525246e-01 1.02507502e-01 2.20773578e-01 5.51879346e-01
    1.82972372e-01 3.16453099e-01 9.74806547e-01 8.00086379e-01
    1.43943608e-01 6.43372416e-01 7.86753178e-01 5.63105524e-01
    8.52871358e-01 1.72370255e-01 6.08439147e-01 4.80389774e-01
    7.26271152e-01 2.09936023e-01 5.08251309e-01 1.63270205e-01
    9.19511437e-01 1.99335456e-01 4.35637921e-01 5.23425162e-01
    9.00923014e-01 6.96081042e-01 1.86459869e-01 3.11389834e-01
    5.54657459e-01 6.78065062e-01 4.20231491e-01 1.00978494e-01
    1.93501920e-01 5.41182697e-01 9.98245955e-01 6.88548446e-01
    7.71931469e-01 2.73381948e-01 9.49723423e-02 2.48465508e-01
    2.91932434e-01 4.44956124e-01 8.67691517e-01 1.71591133e-01
    6.60151243e-01 6.49167418e-01 2.79141426e-01 5.76875687e-01
    7.21230745e-01 1.70919955e-01 5.89084029e-02 6.31844759e-01
    7.42405653e-01 4.04366672e-01 5.85506916e-01 8.40907276e-01
    6.62987709e-01 7.21027851e-01 1.04959369e-01 1.30657494e-01
    7.48482645e-02 7.22285330e-01 3.77732754e-01 4.44727361e-01
    4.91619468e-01 2.08423942e-01 4.61883008e-01 8.56084228e-01
    2.13235795e-01 7.79861093e-01 4.64629471e-01 3.08917403e-01
    4.59365249e-02 4.54573393e-01 9.97270465e-01 6.94694102e-01
    4.90058154e-01 5.62534809e-01 5.24415076e-02 1.31729752e-01
    6.77520931e-01 5.05247414e-01 4.93842542e-01 7.33956695e-01
    6.63605273e-01 1.39879733e-01 9.23559070e-01 8.93414259e-01
    9.21343684e-01 7.34931350e-01 2.07638741e-03 9.01409745e-01
    8.89743686e-01 8.00658286e-01 1.97839648e-01 5.81574082e-01
    2.88884759e-01 8.39174509e-01 1.01966292e-01 9.36255157e-02
    1.70810372e-01 5.02459347e-01 8.80497515e-01 1.77937746e-01
    5.80787003e-01 1.62150502e-01 7.27889895e-01 3.55669320e-01
    3.15641224e-01 9.04027522e-02 5.64533532e-01 8.13530862e-01
    9.24620748e-01 4.32748616e-01 3.94983053e-01 1.94122732e-01
    7.26861894e-01 1.88755602e-01 9.10415053e-01 2.82046676e-01
    1.54319108e-02 8.42748642e-01 6.15329504e-01 3.91697377e-01
    9.01883841e-02 1.27025694e-01 3.00893366e-01 5.59299171e-01
    7.83495307e-01 1.31600022e-01 5.35460949e-01 7.03812003e-01
    7.00735927e-01 7.73062110e-01 7.73364186e-01 3.36732507e-01
    1.26103461e-02 4.39447314e-01 2.65609443e-01 4.73400950e-02
    8.93856764e-01 1.71132356e-01 7.79251158e-01 5.01153350e-01
    6.53009117e-01 7.67583728e-01 9.76879895e-02 6.77871525e-01
    2.79659480e-01 7.54790187e-01 6.26013756e-01 3.24908018e-01
    2.59062320e-01 1.77129626e-01 7.08444834e-01 6.36958182e-01
    9.72349882e-01 5.80334425e-01 4.74321246e-01 6.57990992e-01
    1.78305924e-01 1.25566125e-03 5.45716286e-02 5.83241165e-01
    8.68831515e-01 8.71797562e-01 9.23310995e-01 7.13915348e-01
    7.26034403e-01 1.30493104e-01 9.34032679e-01 5.38431048e-01
    3.64195704e-01 9.25470591e-01 8.68110418e-01 4.37856019e-01
    8.72262299e-01 1.43209100e-01 8.50239992e-02 7.35820413e-01
    5.91896296e-01 7.26436675e-01 4.04920667e-01 5.68463802e-02
    5.40327907e-01 2.54780650e-02 5.90731740e-01 1.48744166e-01
    4.53484088e-01 8.10708880e-01 2.37158537e-02 5.31895697e-01
    2.31278419e-01 9.97314095e-01 3.91217828e-01 1.72485530e-01
    6.33758426e-01 7.55740106e-01 1.10300928e-01 9.27313924e-01
    4.74375635e-01 2.68440962e-01 3.14201593e-01 3.30523014e-01
    5.47572553e-01 2.82394111e-01 7.40561783e-02 5.37879944e-01
    6.63276196e-01 1.66988373e-01 6.69634521e-01 2.19843507e-01
    4.13374603e-01 3.95976603e-01 4.42618668e-01 4.35318679e-01
    9.80150759e-01 2.39855468e-01 3.87606740e-01 7.53345668e-01
    9.62435901e-01 5.01948893e-01 2.82354832e-01 3.14386845e-01
    8.98246884e-01 5.24934351e-01 4.04438227e-01 4.14407045e-01
    6.47435069e-01 7.67329037e-02 9.10392225e-01 1.85293347e-01
    4.60721523e-01 9.41382170e-01 2.10967630e-01 5.96713305e-01
    2.05513656e-01 1.51791215e-01 4.48207259e-02 1.07623875e-01
    8.86517286e-01 1.08851641e-01 9.33054805e-01 2.47133136e-01
    7.23269641e-01 8.27657938e-01 3.91243696e-02 3.42778772e-01
    3.76652330e-01 5.32851279e-01 2.42627263e-02 6.14725649e-01
    8.66483808e-01 7.54064441e-01 2.65599787e-02 9.26993906e-01
    5.79483807e-01 5.89992821e-01 4.60986078e-01 3.59419167e-01
    7.62877464e-02 3.32842827e-01 4.15808856e-02 7.43536234e-01
    3.73360813e-01 6.18797779e-01 3.29361379e-01 8.80623758e-02
    7.32903123e-01 5.96410632e-02 6.15922451e-01 9.26971197e-01
    5.64368367e-02 3.27552050e-01 7.94139981e-01 3.64967287e-02
    5.58501124e-01 2.52029300e-01 6.52014017e-01 8.51942122e-01
    4.62560892e-01 9.15354192e-01 6.32570267e-01 2.09920079e-01
    4.27993178e-01 8.24934006e-01 8.74728799e-01 5.66150486e-01
    3.86308700e-01 2.75232375e-01 8.88411343e-01 2.34700978e-01
    8.88102233e-01 9.35681343e-01 9.68567491e-01 4.09959406e-01
    7.04600990e-01 1.60261810e-01 2.03374654e-01 2.35303074e-01
    5.85069358e-01 1.61656410e-01 9.02121961e-02 9.60157812e-02
    1.60191268e-01 6.31971598e-01 8.01215827e-01 8.61694694e-01
    3.73073518e-02 7.77669072e-01 7.36518621e-01 4.96160209e-01
    4.95950192e-01 4.33763683e-01 1.79063618e-01 2.48635739e-01
    1.97887421e-02 7.71903396e-01 3.05466354e-02 6.06774628e-01
    4.23080087e-01 9.00164962e-01 7.66787648e-01 2.64197737e-01
    5.41655242e-01 8.36710334e-01 1.19815469e-02 2.99550742e-01
    1.71484053e-01 4.32955921e-02 5.64931452e-01 3.81588906e-01
    3.71308833e-01 4.87116426e-01 2.54934788e-01 6.97865188e-01
    5.95883727e-02 4.56893116e-01 5.15232921e-01 8.70316744e-01
    1.13591671e-01 4.58681047e-01 6.67603791e-01 7.52251863e-01
    4.05604810e-01 6.20664656e-02 7.44963408e-01 2.29568273e-01
    7.74833322e-01 6.30831838e-01 9.97241974e-01 6.29568815e-01
    6.47382617e-01 3.91673088e-01 9.79316950e-01 5.70787609e-01
    9.92665768e-01 4.86750484e-01 1.42363131e-01 2.09635973e-01
    1.54369473e-02 7.55715966e-01 2.03081191e-01 6.98723674e-01
    2.40416825e-02 9.56517100e-01 8.56506467e-01 9.66730118e-01
    6.07272208e-01 7.30179369e-01 9.08399463e-01 4.32809651e-01
    7.47045100e-01 2.22142577e-01 2.87556916e-01 1.67520344e-02
    8.33165407e-01 8.42899501e-01 4.28244233e-01 6.54358327e-01
    4.19659704e-01 1.55288279e-02 3.67791057e-02 4.97549266e-01
    1.89235896e-01 3.14826608e-01 3.45304608e-03 8.76833200e-01
    7.44771361e-01 7.18314052e-01 8.18333983e-01 8.24064851e-01
    6.41339123e-01 5.01720071e-01 2.31148601e-01 8.96415472e-01
    6.25542641e-01 9.96912122e-01 8.37473750e-01 6.27112508e-01
    3.86297822e-01 6.90864384e-01 7.22068071e-01 7.90774584e-01
    2.31636316e-01 3.86716843e-01 4.85083967e-01 3.10601801e-01
    9.56152797e-01 5.03629565e-01 4.47066993e-01 3.63576770e-01
    8.89269292e-01 4.98334825e-01 5.38209260e-01 2.70502180e-01
    8.66006136e-01 5.35006523e-02 4.85387474e-01 3.55620384e-02
    1.08710855e-01 2.96557248e-01 9.56489444e-01 4.15765464e-01
    7.97787428e-01 9.94430006e-01 2.30487555e-01 3.87824178e-02
    5.89115679e-01 1.23414487e-01 2.07199365e-01 2.72110164e-01
    5.20642221e-01 3.39690149e-01 9.60252285e-01 3.08203280e-01
    6.40343666e-01 6.02197707e-01 5.89154840e-01 7.68186331e-01
    7.78888464e-01 4.96759623e-01 3.64399612e-01 3.66945148e-01
    9.73757148e-01 4.82393116e-01 9.65646982e-01 7.05809474e-01
    7.70015121e-01 6.00747466e-01 1.81241244e-01 3.81449491e-01
    8.52557659e-01 3.65418017e-01 3.80601019e-01 1.30865693e-01
    3.17805737e-01 7.04647303e-01 7.31167018e-01 4.22103167e-01
    2.28301167e-01 5.69880247e-01 2.48541594e-01 4.27189648e-01
    2.03004777e-02 6.65970922e-01 5.84110618e-01 1.54226184e-01
    6.00313187e-01 6.24497175e-01 9.63603854e-01 2.23925799e-01
    9.76870477e-01 8.88914406e-01 2.46764064e-01 2.53229439e-02
    3.59323323e-02 3.93623173e-01 8.85720372e-01 4.65130806e-03
    8.54048073e-01 5.16962349e-01 3.91738981e-01 1.57512814e-01
    8.69747996e-01 7.29112148e-01 4.64900404e-01 7.18464017e-01
    3.13060582e-01 6.53071284e-01 8.07551682e-01 9.17315543e-01
    1.10372305e-01 8.63488495e-01 8.28197300e-01 3.27141047e-01
    6.95957065e-01 8.86272609e-01 8.69977355e-01 6.42336369e-01
    8.60201955e-01 2.29195774e-01 5.99141598e-01 6.52182579e-01
    3.85104418e-01 5.33939779e-01 7.05506086e-01 7.33265042e-01
    9.60988283e-01 5.06318986e-01 1.23298138e-01 5.90704322e-01
    7.12718010e-01 4.85324681e-01 8.22984576e-01 2.46157646e-01
    3.11652988e-01 6.06776237e-01 5.33757508e-01 9.52451110e-01
    6.11954987e-01 7.63538361e-01 1.07487887e-01 6.43792629e-01
    3.05179477e-01 1.44490957e-01 2.52967715e-01 4.22665179e-01
    4.02194083e-01 9.55304742e-01 9.69814062e-01 9.92668271e-01
    6.97728813e-01 4.66798246e-01 3.11025977e-01 7.17670262e-01
    8.05172384e-01 3.89082491e-01 8.42413187e-01 3.95014137e-01
    8.99735987e-01 3.34957272e-01 7.13776708e-01 4.40329373e-01
    5.19974947e-01 5.66554606e-01 4.13631231e-01 2.80562669e-01
    5.17169654e-01 1.58442259e-01 5.34227669e-01 9.31834102e-01
    3.75474215e-01 7.64613867e-01 2.09939480e-01 1.79733902e-01
    5.93699872e-01 1.65036708e-01 5.73582530e-01 3.46688151e-01
    8.12785506e-01 2.61188626e-01 2.82497525e-01 6.02940619e-01
    5.12242496e-01 8.45139742e-01 1.59144402e-02 3.30370843e-01
    6.37647212e-01 9.79699492e-01 9.09706473e-01 7.62127519e-01
    9.52738404e-01 7.66988397e-02 5.80416381e-01 5.50485313e-01
    6.96186066e-01 7.32240617e-01 5.79380095e-01 1.41197830e-01
    4.99905169e-01 4.85107332e-01 2.69529670e-01 6.49622023e-01
    3.53143096e-01 1.20261639e-01 7.27315903e-01 8.53616834e-01
    3.69849890e-01 4.62159216e-02 6.16849303e-01 2.60021329e-01
    5.43263376e-01 7.60405600e-01 6.89606488e-01 9.33136702e-01
    5.37003458e-01 9.16884542e-01 4.75736618e-01 1.88584656e-01
    3.23872089e-01 5.80363393e-01 6.94966495e-01 3.06692988e-01
    4.42652851e-01 1.69825822e-01 3.24041665e-01 4.55214530e-01
    1.15632713e-01 6.40255988e-01 9.16008353e-01 8.12474728e-01
    1.69611275e-02 3.12570035e-02 8.91246438e-01 6.96397781e-01
    6.96620643e-02 6.77595019e-01 2.04572082e-03 7.86165357e-01
    1.22257113e-01 3.47154558e-01 5.11884689e-03 3.64117205e-01
    8.56322765e-01 3.67951572e-01 1.72460139e-01 6.45620823e-01
    8.43801618e-01 8.06771755e-01 7.69999981e-01 2.30282217e-01
    3.69134068e-01 8.89814258e-01 5.24336994e-02 1.35314494e-01
    3.76982927e-01 6.56228960e-02 5.93007147e-01 7.82473028e-01
    8.56909513e-01 4.39187706e-01 5.48726737e-01 9.50435162e-01
    4.92695361e-01 9.10562456e-01 6.27979338e-01 6.52080357e-01
    3.76207769e-01 4.03589129e-01 3.75696719e-01 7.73683906e-01
    4.07934666e-01 1.64942414e-01 1.98529482e-01 1.96558416e-01
    6.64359152e-01 5.51578999e-02 2.42748618e-01 8.02618861e-02
    8.87815893e-01 5.02305567e-01 5.15386343e-01 7.94627190e-01
    7.13002443e-01 6.46311402e-01 9.06465352e-01 2.41225630e-01
    3.79578263e-01 5.08901596e-01 6.69008911e-01 5.24035096e-02
    3.56530786e-01 5.05830348e-01 9.10555899e-01 2.52756298e-01
    6.14627004e-02 2.09693700e-01 9.83990669e-01 5.64643085e-01
    8.37216139e-01 7.88728356e-01 3.37354124e-01 7.53275394e-01
    2.92949170e-01 6.70840204e-01 2.26352692e-01 1.79446191e-01
    8.45739126e-01 6.71304941e-01 5.52974701e-01 3.37509155e-01
    6.66309237e-01 1.42748147e-01 7.59088993e-01 8.92553329e-01
    6.28268123e-01 3.50762010e-02 8.05870235e-01 9.57312644e-01
    1.26932979e-01 2.03545541e-01 7.52642930e-01 5.83298743e-01
    8.24344575e-01 8.51493716e-01 8.93505335e-01 7.09327757e-01
    6.49094105e-01 2.90199161e-01 1.47925854e-01 6.72340870e-01
    6.40274405e-01 7.79420733e-01 9.39978719e-01 2.90347815e-01
    4.45318937e-01 6.41904175e-01 9.70799625e-02 4.03959543e-01
    6.96005583e-01 2.70280600e-01 3.13982368e-03 3.35092604e-01
    7.29915380e-01 5.76772332e-01 7.22497761e-01 2.39043832e-01
    4.80257273e-02 8.25759113e-01 5.22434354e-01 6.16426349e-01
    5.04331291e-01 9.88530457e-01 9.86769676e-01 4.41857368e-01
    8.07569146e-01 8.93352330e-01 5.16355753e-01 9.02205706e-03
    9.39403713e-01 3.21461648e-01 1.15320981e-02 2.50133187e-01
    1.93297476e-01 9.76827502e-01 3.66315782e-01 1.68034703e-01
    2.06643432e-01 9.02524114e-01 2.78944790e-01 3.39841485e-01
    2.44804978e-01 3.02362382e-01 5.66795647e-01 2.71490246e-01
    1.08140200e-01 4.62432206e-02 4.93594289e-01 8.01521003e-01
    1.94392920e-01 8.77793908e-01 9.73153114e-02 8.44669402e-01
    8.52944970e-01 9.35380697e-01 4.96211052e-01 5.95001817e-01
    9.97386515e-01 5.84628403e-01 9.04471278e-01 6.50119424e-01
    7.80728996e-01 4.45892096e-01 1.49358928e-01 1.98032558e-02
    6.64614260e-01 1.46482378e-01 6.94435835e-01 4.25983280e-01
    1.12544686e-01 2.55980194e-02 4.49946731e-01 8.37102771e-01
    2.42324501e-01 7.32177556e-01 7.48581588e-01 9.15657878e-02
    5.57962298e-01 2.29749560e-01 3.19270551e-01 7.87435532e-01
    4.96692479e-01 3.24562252e-01 1.40642017e-01 1.55465513e-01
    6.49950504e-01 9.75866258e-01 1.62936449e-02 6.60035551e-01
    4.76713479e-01 5.43627977e-01 4.76594031e-01 1.84137523e-02
    2.56124437e-02 9.76908028e-01 2.63108283e-01 9.01377738e-01
    2.69184530e-01 9.34004307e-01 2.38253355e-01 8.19561779e-01
    5.30309558e-01 4.91705537e-02 2.20183134e-01 2.69785225e-01
    6.96184933e-01 9.19964314e-02 6.96630895e-01 4.08432245e-01
    4.28255409e-01 4.76614475e-01 6.23726666e-01 7.19139218e-01
    3.96699458e-01 2.95805901e-01 1.10585868e-01 7.64507890e-01
    7.70672798e-01 7.94101834e-01 6.03340387e-01 6.66582763e-01
    1.46247208e-01 4.66119319e-01 6.14910126e-01 6.93563402e-01
    6.28441691e-01 2.04891413e-01 9.46453214e-01 9.64062929e-01
    8.63462210e-01 6.15663171e-01 1.36315942e-01 3.00925374e-01
    2.56958485e-01 7.75828958e-01 6.46740377e-01 3.78014088e-01
    4.92205203e-01 5.98660111e-01 7.22692251e-01 1.93269879e-01
    7.34746933e-01 6.28908873e-01 3.24502885e-02 4.16289806e-01
    5.09248495e-01 6.14765704e-01 7.56935060e-01 3.79072964e-01
    9.06274796e-01 7.82679439e-01 2.53294885e-01 9.02256608e-01
    4.70110834e-01 7.08458900e-01 4.18408215e-01 5.02196372e-01
    1.41728580e-01 6.16488457e-01 7.16905594e-01 3.69301111e-01
    2.14053422e-01 4.93828237e-01 8.15077305e-01 2.08498180e-01
    4.09793317e-01 5.00835240e-01 7.07239568e-01 7.99065232e-01
    9.71862674e-03 4.54644889e-01 9.34023499e-01 5.67516506e-01
    3.60589385e-01 2.88765132e-01 4.57761586e-02 3.76336753e-01
    5.74230194e-01 5.69570780e-01 4.79577184e-02 3.86080205e-01
    9.39016342e-02 3.55195105e-01 3.00163567e-01 8.62423062e-01
    5.32387674e-01 3.52686703e-01 7.60905206e-01 4.94229198e-02
    4.61525619e-02 4.97726500e-01 1.49532318e-01 8.03694129e-02
    5.96576869e-01 4.18967605e-02 5.93350530e-02 9.22306478e-01
    4.01619554e-01 7.45931685e-01 3.85370970e-01 3.06599259e-01
    5.55007458e-02 3.92801017e-01 9.28988934e-01 2.78862000e-01
    9.86629367e-01 4.96577322e-01 5.60844243e-02 3.66776586e-02
    6.58314586e-01 3.36390913e-01 2.70660043e-01 4.80999440e-01
    9.35268879e-01 9.96013045e-01 5.04102051e-01 7.12614954e-02
    8.12297344e-01 6.83467150e-01 1.82074845e-01 5.52898049e-01
    5.64238966e-01 1.70979470e-01 8.97299290e-01 4.18363065e-01
    4.09293175e-03 9.28368986e-01 2.88791239e-01 1.96747452e-01
    6.26561642e-02 7.67253876e-01 3.09612602e-01 8.26345384e-01
    3.10063064e-01 2.16741353e-01 4.29938197e-01 4.02255952e-01
    5.82636058e-01 9.15382445e-01 7.49701858e-01 2.48827577e-01
    9.72919106e-01 1.30810738e-02 6.08772755e-01 4.10510957e-01
    5.27809560e-02 6.63125813e-02 9.21342254e-01 6.02023721e-01
    5.27374685e-01 8.04643869e-01 7.79491723e-01 3.27324748e-01
    6.18489504e-01 6.55107200e-02 7.14858413e-01 4.09804761e-01
    7.77730644e-02 6.03939712e-01 3.96951020e-01 7.76895523e-01
    1.85499221e-01 4.98255044e-01 7.09049225e-01 8.16801190e-01
    3.16925824e-01 2.54247427e-01 8.47527266e-01 7.97970533e-01
    9.37780857e-01 9.99678910e-01 1.53374970e-02 5.14747202e-01
    4.93944705e-01 7.14121699e-01 4.30554092e-01 7.50751019e-01
    3.27932537e-01 4.15787756e-01 1.27636492e-01 7.06928968e-01
    2.26919234e-01 4.27768171e-01 8.27839732e-01 4.61190104e-01
    9.58830178e-01 2.41091818e-01 8.60704064e-01 5.86811602e-02
    6.32087886e-02 7.58389950e-01 4.50137585e-01 1.54117942e-02
    8.65035832e-01 1.07460022e-01 8.94710779e-01 5.79608321e-01
    2.28085071e-01 2.12507665e-01 7.30105102e-01 9.18285489e-01
    5.51812112e-01 4.21453416e-02 6.54440701e-01 1.46471292e-01
    2.05419719e-01 7.63637900e-01 8.23887825e-01 7.49979317e-01
    3.64205718e-01 2.74005055e-01 8.56410682e-01 3.74090910e-01
    3.95883143e-01 1.29654825e-01 7.53212810e-01 8.28437388e-01
    5.68653345e-02 2.95722306e-01 6.97442412e-01 7.48938680e-01
    9.43091691e-01 7.40988612e-01 6.59194350e-01 9.13607597e-01
    6.47266388e-01 1.07300162e-01 9.71078098e-01 7.65467584e-01
    5.67883551e-01 6.12737477e-01 7.66915560e-01 9.55394626e-01
    1.94968760e-01 1.74546838e-02 1.81618482e-01 3.33613873e-01
    8.57400656e-01 8.18030536e-02 3.78166378e-01 2.40617901e-01
    2.26477057e-01 2.59527862e-02 7.00199485e-01 6.07798040e-01
    9.96148944e-01 6.65305197e-01 3.63651276e-01 3.24011147e-02
    1.56177372e-01 3.88270378e-01 7.46821523e-01 5.05575836e-01
    6.84046984e-01 7.66113639e-01 7.79616177e-01 8.64503801e-01
    3.33585680e-01 8.88317645e-01 7.23169684e-01 1.24645233e-03
    4.20152158e-01 2.76790053e-01 5.54199159e-01 6.90132678e-01
    1.04623586e-01 6.41412318e-01 9.84762907e-01 1.78022385e-02
    9.41110551e-02 8.06704283e-01 2.95273721e-01 7.37619281e-01
    3.56233448e-01 5.69630861e-01 8.76610339e-01 7.69376874e-01
    8.39028716e-01 3.79734606e-01 6.16325557e-01 2.41328150e-01
    6.44987941e-01 2.97966599e-01 8.53021264e-01 9.80203748e-01
    5.98266721e-03 3.92300159e-01 9.82558966e-01 3.01383078e-01
    8.91687632e-01 9.37608004e-01 5.78575015e-01 3.68034184e-01
    6.56976044e-01 8.57873678e-01 3.90387863e-01 8.69575739e-01
    4.28043604e-02 9.09717917e-01 8.13901424e-05 1.22401118e-03
    1.30294234e-01 8.25992465e-01 5.85316896e-01 9.47034240e-01
    4.42423612e-01 9.25367117e-01 4.35526639e-01 4.93421197e-01
    8.92599583e-01 9.05775547e-01 4.90201116e-01 1.01977348e-01
    6.84605539e-01 3.79382908e-01 7.77639508e-01 7.99926639e-01
    6.45986557e-01 1.23071700e-01 1.05826527e-01 2.86569059e-01
    6.18063629e-01 4.93494034e-01 9.16090488e-01 3.84608001e-01
    3.65220308e-02 5.40888488e-01 2.75566220e-01 7.23647237e-01
    6.40663266e-01 5.25587201e-02 7.89547443e-01 9.55262899e-01
    5.87316573e-01 7.60088027e-01 9.47975636e-01 9.55633998e-01
    9.67408657e-01 8.29337716e-01 9.11626101e-01 1.30602002e-01
    9.73469853e-01 5.24725080e-01 1.67297661e-01 1.46136820e-01
    8.42851400e-01 4.57617074e-01 4.12818253e-01 9.66988087e-01
    5.64376533e-01 7.12348700e-01 1.19062722e-01 3.82621706e-01
    7.38620400e-01 3.35868597e-02 1.30058050e-01 4.79098916e-01
    8.52009535e-01 8.53577614e-01 5.39088249e-01 4.67589200e-02
    4.91819352e-01 6.80568576e-01 6.90383315e-01 3.45483303e-01
    4.43583399e-01 7.25992620e-01 9.97777522e-01 8.97431970e-02
    7.77218819e-01 7.17237711e-01 1.78032130e-01 5.33882201e-01
    2.86020875e-01 5.06787002e-01 5.08211851e-01 5.99213183e-01
    3.24592978e-01 3.35327893e-01 3.10156167e-01 8.66283059e-01
    7.09502995e-02 2.67903775e-01 1.71256006e-01 5.56210935e-01
    2.02850878e-01 3.06096882e-01 6.37890458e-01 2.20047981e-01
    2.14719534e-01 9.13303971e-01 9.51511383e-01 9.37951088e-01
    9.90452170e-02 8.10162783e-01 2.10819632e-01 8.96278322e-02
    1.99975014e-01 4.63790894e-01 7.25274086e-02 1.69222862e-01
    6.80482984e-01 5.70555270e-01 9.62682366e-01 9.57245946e-01
    5.13202846e-01 5.07746518e-01 4.61279839e-01 3.57141256e-01
    6.61076486e-01 6.44586325e-01 4.63205099e-01 7.39907086e-01
    2.82601386e-01 8.84212673e-01 5.45672238e-01 4.34187263e-01
    9.51767445e-01 6.58181608e-02 8.19062233e-01 9.48287249e-01
    5.46140552e-01 1.74809903e-01 5.40667653e-01 6.34915590e-01
    5.45555294e-01 6.94991767e-01 7.70248652e-01 1.32477343e-01
    3.53223115e-01 2.70039141e-01 9.85745490e-01 6.35518551e-01
    7.16038585e-01 6.30393922e-01 2.73737222e-01 7.83312321e-02
    1.39083356e-01 1.06723666e-01 8.84646058e-01 8.92526269e-01
    7.02097476e-01 3.30082297e-01 8.88336241e-01 2.14784145e-01
    2.08068103e-01 9.60832417e-01 5.51302731e-02 8.27243268e-01
    9.22596216e-01 8.11908126e-01 5.94036877e-01 3.73819947e-01
    4.72052127e-01 3.82937819e-01 6.18587494e-01 3.66372108e-01
    7.18491316e-01 7.72672296e-01 7.25980461e-01 7.14639187e-01
    8.93342793e-02 5.65854251e-01 2.86841393e-02 2.79936671e-01
    7.34623969e-01 2.39020169e-01 6.69096947e-01 7.59316087e-02
    4.97633427e-01 3.00992548e-01 5.31431139e-02 4.05881613e-01
    8.06681812e-01 8.57522249e-01 5.23594320e-02 7.99524307e-01
    4.57066625e-01 8.89686823e-01 8.21522653e-01 5.08134842e-01
    6.92634404e-01 2.62381017e-01 1.99837267e-01 5.98600388e-01
    6.73448324e-01 9.57191885e-02 3.64622176e-02 6.30452931e-02
    4.09463644e-02 6.32188737e-01 4.71550494e-01 3.35845351e-01
    9.14045990e-01 1.07513160e-01 9.56612706e-01 4.05322134e-01
    1.15485698e-01 5.10831952e-01 2.24881172e-01 1.21928155e-01
    3.33628476e-01 3.70550573e-01 3.22719574e-01 5.53053439e-01
    1.50212735e-01 2.95850635e-03 6.73246443e-01 8.78091097e-01
    4.56478953e-01 4.01214808e-01 6.89089954e-01 3.85276705e-01
    8.17642331e-01 8.98073494e-01 8.49898815e-01 1.88591242e-01
    5.33580482e-01 2.85318553e-01 9.63058174e-02 8.30425382e-01
    3.37385058e-01 4.23154086e-01 8.57466340e-01 9.36452627e-01
    7.89029181e-01 8.86541367e-01 8.96215916e-01 4.61358339e-01
    2.84496903e-01 9.43893969e-01 5.69599092e-01 6.87010884e-01
    8.41740608e-01 1.03067160e-02 3.48490179e-02 4.91244525e-01
    4.06064987e-02 2.64469445e-01 9.09432292e-01 9.96867418e-01
    8.88891697e-01 7.81924129e-01 3.44044685e-01 5.50200462e-01
    1.96460932e-01 7.46634007e-01 6.82787299e-01 6.93225741e-01
    1.00307137e-01 5.58357060e-01 3.99797887e-01 5.40262699e-01
    2.65563667e-01 2.28754342e-01 4.42495823e-01 6.28217876e-01
    3.85140002e-01 7.85775304e-01 7.44896054e-01 7.40066171e-01
    9.58506882e-01 7.75593519e-02 1.05489254e-01 5.94360828e-01
    4.21784490e-01 1.86173558e-01 9.17207122e-01 7.53655553e-01
    1.71900868e-01 4.09804195e-01 8.04666519e-01 7.23082423e-01
    7.33292937e-01 9.48004961e-01 4.14175987e-01 3.93787503e-01
    5.96573532e-01 5.53186536e-02 9.07711744e-01 7.89151311e-01
    9.62991118e-01 2.53482223e-01 3.27795982e-01 6.56121671e-02
    1.88395381e-01 2.06586123e-02 1.70182884e-01 1.93044245e-01
    1.01681381e-01 6.54019117e-02 6.03175581e-01 9.68157113e-01
    4.81416076e-01 4.30922925e-01 8.25086236e-01 6.84612453e-01
    7.10586131e-01 7.02211618e-01 3.46109122e-01 5.47457099e-01
    8.37434888e-01 6.61314011e-01 2.94406712e-02 1.30157143e-01
    7.55608797e-01 4.53708917e-01 6.08058572e-01 5.52569568e-01
    7.62136221e-01 2.72884786e-01 9.92812037e-01 6.07808590e-01
    9.21611309e-01 3.91312063e-01 9.25920248e-01 4.95163083e-01
    4.67190117e-01 1.77144825e-01 8.05270433e-01 8.62501264e-02
    8.58923852e-01 8.14138770e-01 6.21323049e-01 6.11765862e-01
    6.08847678e-01 2.33179629e-01 5.04918039e-01 9.80278730e-01
    1.83747679e-01 2.41497129e-01 9.42658663e-01 7.61560321e-01
    8.04113984e-01 4.04760033e-01 6.54422998e-01 3.20152223e-01
    4.44532633e-02 2.70794749e-01 2.71654189e-01 2.20620364e-01
    7.60810137e-01 9.88763571e-01 8.60766590e-01 9.16332781e-01
    1.06203318e-01 6.25047982e-01 4.16245580e-01 6.91455185e-01
    5.25673211e-01 7.90285766e-01 2.55171508e-01 4.76775855e-01
    3.90084743e-01 7.59205103e-01 4.08311874e-01 3.00627232e-01
    9.15252268e-02 5.69163799e-01 9.06217813e-01 6.80625319e-01
    2.31444746e-01 2.05664635e-01 4.35205221e-01 1.90721273e-01
    3.60819042e-01 7.93900967e-01 6.55363202e-01 3.61018717e-01
    3.26764762e-01 8.71847868e-01 1.37327820e-01 5.92436731e-01
    7.28725731e-01 9.14511085e-02 9.34773266e-01 7.19730794e-01
    3.56641322e-01 9.72965300e-01 1.62892669e-01 1.13498271e-02
    5.56318223e-01 4.15576100e-02 6.93796158e-01 7.88148046e-01
    7.89539695e-01 1.14533871e-01 8.19811821e-01 6.62934780e-01
    4.31681514e-01 3.62364322e-01 9.61315036e-02 3.60455394e-01
    2.73585320e-01 9.16442096e-01 5.23848116e-01 7.69690275e-01
    4.04529065e-01 7.59457231e-01 3.63359571e-01 5.26694238e-01
    3.99438113e-01 3.29376459e-01 6.72151566e-01 5.18380821e-01
    5.05020380e-01 1.83258355e-01 1.28894657e-01 3.23414594e-01
    3.18988264e-02 3.59696448e-02 2.78241903e-01 8.58891904e-01
    3.74902964e-01 3.47060442e-01 6.74880803e-01 8.46111953e-01
    1.01160914e-01 5.80468774e-03 7.35870659e-01 2.14443952e-01
    8.55543077e-01 1.78446025e-01 3.68843377e-02 1.96444780e-01
    7.21954048e-01 7.31871963e-01 8.62152815e-01 2.74480700e-01
    2.90813267e-01 5.25512457e-01 9.37038660e-02 3.30135703e-01
    6.98842049e-01 6.47113442e-01 3.33383441e-01 7.36224830e-01
    9.19939399e-01 1.91195965e-01 9.99086976e-01 8.13638330e-01
    7.76432991e-01 2.35596240e-01 2.89295733e-01 8.91997337e-01
    7.88793564e-01 5.78479946e-01 4.10261631e-01 5.02375364e-02
    9.64126706e-01 7.54678309e-01 3.83150160e-01 9.25449193e-01
    6.61193848e-01 3.13549340e-02 4.84346867e-01 2.62682974e-01
    2.73767471e-01 8.96751225e-01 4.25645292e-01 2.05542862e-01
    4.04597521e-02 3.54377985e-01 5.28363168e-01 3.89678836e-01
    7.99771786e-01 5.96392572e-01 8.68406117e-01 4.26414907e-01
    7.66851068e-01 9.52982426e-01 1.70354933e-01 2.65114903e-01
    3.16476107e-01 1.46121681e-01 8.52252901e-01 4.08241034e-01
    2.63768941e-01 8.63942146e-01 9.49916720e-01 5.27384877e-01
    9.66975570e-01 5.61974466e-01 3.25719923e-01 6.44513130e-01
    8.31125975e-02 4.49179947e-01 2.16062695e-01 3.36700976e-01
    8.84838223e-01 2.72819012e-01 8.79718125e-01 5.75541973e-01
    1.46929622e-02 9.90546227e-01 6.55314624e-01 6.02247596e-01
    6.16764724e-02 6.44378126e-01 6.97653174e-01 7.97889888e-01
    4.77426946e-01 2.34871835e-01 5.20408571e-01 8.76480222e-01
    5.00160694e-01 4.37015235e-01 4.36408907e-01 1.59415483e-01
    3.49800080e-01 9.84236002e-01 6.92469120e-01 9.90355253e-01
    9.55971479e-01 8.83250713e-01 6.91477060e-02 1.52401805e-01
    6.82689130e-01 2.18757451e-01 6.62527919e-01 1.49324536e-03
    8.73204947e-01 5.01815677e-02 7.00008094e-01 4.21000600e-01
    3.67486537e-01 6.94780171e-01 5.41380346e-01 5.78872561e-02
    8.39106083e-01 4.40423489e-01 5.51188409e-01 6.83545172e-02
    9.47771430e-01 4.12857473e-01 1.85337991e-01 7.35865474e-01
    5.11794209e-01 1.29730105e-02 6.47484660e-01 6.32218182e-01
    4.21280265e-02 6.20804667e-01 3.49891186e-01 2.28286684e-01
    8.77606392e-01 2.25524724e-01 4.14173424e-01 4.40516591e-01
    5.03069162e-01 6.30707443e-01 9.23581004e-01 7.96844244e-01
    8.44799638e-01 4.86240059e-01 2.10555732e-01 5.94707251e-01
    8.76277745e-01 4.00245070e-01 2.01318741e-01 7.10125566e-01
    2.90804267e-01 2.59458184e-01 8.86322260e-01 2.14437723e-01
    5.19060254e-01 1.75730288e-01 4.21967685e-01 6.41334176e-01
    9.56267118e-01 7.30671525e-01 6.30850911e-01 9.64903831e-03
    3.93087685e-01 7.37212300e-02 8.96003366e-01 1.06184006e-01
    3.79321665e-01 3.17438900e-01 3.32024574e-01 9.41138625e-01
    2.14851826e-01 7.47821271e-01 1.98265612e-02 2.39524186e-01
    8.75621259e-01 5.10761499e-01 3.23210478e-01 3.57863843e-01
    2.12578088e-01 7.04049289e-01 5.57910919e-01 6.89696789e-01
    9.15524304e-01 9.42028284e-01 4.40222472e-01 6.63811088e-01
    6.21673524e-01 8.39436889e-01 7.45799720e-01 6.40814185e-01
    7.70891488e-01 5.31118929e-01 8.97366762e-01 2.38114983e-01
    3.00879836e-01 2.76996791e-01 1.37236208e-01 8.20372403e-02
    9.14734542e-01 8.91132236e-01 4.45501745e-01 2.34582275e-01
    5.94241738e-01 4.35575247e-02 2.27660298e-01 2.85976946e-01
    8.63682926e-02 8.08910131e-01 4.41709340e-01 7.22235441e-02
    3.40881526e-01 9.89258766e-01 1.88880891e-01 6.60787463e-01
    1.49771810e-01 2.37713307e-01 9.66057181e-01 2.69997418e-02
    1.72651082e-01 1.25830203e-01 1.67384714e-01 4.78558719e-01
    7.23266363e-01 8.27478468e-01 6.51982009e-01 4.76381063e-01
    1.27446681e-01 7.82480061e-01 4.40468967e-01 7.22362161e-01
    4.71646190e-02 5.38503528e-01 5.33261240e-01 3.58248204e-01
    9.62243676e-02 7.62275517e-01 8.75505567e-01 4.17778760e-01
    5.91012537e-01 8.15131545e-01 8.66856694e-01 4.79877353e-01
    7.11313069e-01 5.97339571e-01 3.31565440e-02 8.01343024e-01
    1.56539381e-01 9.62020755e-01 9.01052177e-01 9.22950983e-01
    3.53691936e-01 8.76264274e-01 6.02817953e-01 6.99372530e-01
    5.97072601e-01 6.07929170e-01 2.91956425e-01 5.13095200e-01
    7.53275275e-01 5.12580872e-01 5.54802060e-01 8.63635838e-01
    9.44300652e-01 4.82657760e-01 7.88992643e-01 3.05257916e-01
    3.75691742e-01 7.92003989e-01 4.26418662e-01 8.98199201e-01
    5.77879906e-01 6.37568712e-01 6.70398831e-01 8.61393690e-01
    8.10871959e-01 7.44328201e-02 8.77446949e-01 7.63328314e-01
    4.40310091e-01 2.26892710e-01 9.84345496e-01 8.47565651e-01
    7.81860709e-01 9.40463066e-01 9.07377601e-01 8.79550099e-01
    7.05288768e-01 9.98542547e-01 5.64599514e-01 8.50761473e-01
    3.62378359e-01 3.28297555e-01 8.87464285e-01 8.45918179e-01
    9.48549747e-01 4.20801818e-01 4.19309109e-01 1.04088932e-01
    9.40287948e-01 5.99032938e-01 3.18609774e-01 7.11020708e-01
    8.77363205e-01 3.71858537e-01 8.39791894e-01 2.37392634e-01
    3.52710187e-02 2.71592438e-02 1.94051951e-01 7.02673018e-01
    4.34128940e-01 2.16898620e-01 8.86233032e-01 7.54134059e-01
    6.70935094e-01 9.52861786e-01 8.34711552e-01 4.07497019e-01
    1.55042976e-01 3.02005053e-01 7.25254059e-01 4.19950306e-01
    4.13634479e-02 5.96039891e-01 2.09800661e-01 1.94888175e-01
    1.07230425e-01 7.74690986e-01 1.98585391e-01 7.99037993e-01
    8.47526550e-01 4.48523462e-01 9.86976862e-01 8.99900556e-01
    2.44813055e-01 9.31062698e-02 9.05660152e-01 5.32733142e-01
    7.84207761e-01 9.41314220e-01 3.43841255e-01 9.04230773e-01
    9.63185072e-01 5.84440589e-01 5.78544497e-01 6.11873388e-01
    6.73353970e-01 9.36613560e-01 3.00657511e-01 5.40405810e-02
    4.43453938e-01 1.89143747e-01 1.00362569e-01 8.58301759e-01
    2.41681248e-01 5.69657028e-01 4.02873814e-01 8.75727773e-01
    9.25255895e-01 2.80419827e-01 5.05532742e-01 7.25514829e-01
    8.60762239e-01 1.62602127e-01 7.70440221e-01 8.46537292e-01
    4.16316688e-02 7.14577556e-01 2.21145481e-01 3.49813581e-01
    3.64409387e-02 7.63725936e-01 9.78217125e-01 6.37542009e-01
    1.60534948e-01 3.00907850e-01 4.54969049e-01 2.99860001e-01
    5.73972225e-01 4.97722894e-01 9.21526492e-01 5.46345592e-01
    1.79149181e-01 7.93401599e-01 8.63091528e-01 6.83730245e-01
    3.91881466e-02 6.25715971e-01 2.89062709e-01 6.52364254e-01
    2.98492104e-01 3.23600352e-01 1.28446907e-01 7.84111500e-01
    4.57942337e-01 5.35489738e-01 6.74703777e-01 6.11802757e-01
    5.38919568e-02 9.77464557e-01 3.28846633e-01 3.89921606e-01
    9.49910343e-01 9.36045527e-01 9.21122909e-01 9.23361182e-01
    6.69087589e-01 9.29473937e-01 8.52813959e-01 8.14187765e-01
    6.95109785e-01 5.92074931e-01 7.91996598e-01 4.72313195e-01
    1.17173731e-01 9.63086963e-01 7.84076452e-02 8.42112303e-01
    7.88866222e-01 5.57278395e-02 9.64175224e-01 4.26901221e-01
    2.49667853e-01 3.92035425e-01 4.51124668e-01 6.02924228e-02
    2.30312824e-01 7.95785785e-01 5.07032156e-01 1.89118117e-01
    3.29822153e-01 2.31800675e-02 4.67665344e-01 9.93645549e-01
    6.63924038e-01 6.43629074e-01 6.86611831e-01 7.70982027e-01
    1.79127455e-02 3.70370388e-01 1.41354889e-01 3.91386151e-02
    3.41373980e-01 3.64574730e-01 4.07778263e-01 3.56954634e-01
    8.41652453e-02 5.12641907e-01 2.40792483e-01 3.79846632e-01
    1.98427767e-01 1.08674467e-01 3.22609723e-01 7.80790448e-01
    1.69429362e-01 3.14498633e-01 3.54887545e-01 5.71630418e-01
    3.71956944e-01 1.57419980e-01 6.61407828e-01 1.88412338e-01
    8.30045223e-01 1.39659077e-01 6.03455782e-01 6.07264638e-02
    8.00120234e-01 5.37778616e-01 3.45390856e-01 8.96236122e-01
    3.57867926e-01 3.20190191e-02 8.49318624e-01 1.02124929e-01
    6.18887305e-01 1.22415900e-01 8.35522652e-01 4.68159944e-01
    9.22872663e-01 9.77330923e-01 4.08578485e-01 8.68132353e-01
    2.97506720e-01 9.76119757e-01 5.57415009e-01 9.73061562e-01
    2.89628506e-02 8.69978547e-01 2.79898614e-01 7.56163001e-01
    6.48194432e-01 4.07544672e-01 9.32341099e-01 8.95277143e-01
    6.68324113e-01 1.45192862e-01 6.15847707e-01 6.33768022e-01
    5.69557905e-01 3.18856329e-01 8.99712920e-01 1.39162868e-01
    5.11084437e-01 1.29652619e-02 3.06068957e-01 1.48668379e-01
    7.71686316e-01 7.46972799e-01 4.15909231e-01 5.45916557e-01
    1.28140330e-01 9.28744435e-01 7.41656780e-01 4.48366284e-01
    4.96443272e-01 8.51581514e-01 5.73533237e-01 1.22672111e-01
    3.95369917e-01 8.83288562e-01 2.72155076e-01 5.64902782e-01
    2.34319687e-01 2.49742091e-01 3.55676651e-01 1.23015881e-01
    6.07810795e-01 6.64833546e-01 2.61009812e-01 1.41095012e-01
    4.97904152e-01 7.42340922e-01 7.71836519e-01 5.24769604e-01
    2.64455110e-01 7.68038034e-01 8.13202977e-01 8.93626213e-01
    5.35844505e-01 7.84726083e-01 1.17117167e-01 2.89593995e-01
    3.07832181e-01 9.66440439e-02 9.46535528e-01 1.07718915e-01
    9.60720479e-01 8.64845097e-01 2.06932724e-02 2.31059074e-01
    3.46935272e-01 5.03062725e-01 7.09778786e-01 2.91598260e-01
    2.41482675e-01 4.28333700e-01 5.73155284e-02 3.39921623e-01
    6.91834092e-01 6.26508772e-01 4.70614731e-02 1.78474128e-01
    5.14102638e-01 6.32084846e-01 8.69729757e-01 7.84918904e-01
    4.44960475e-01 5.48467040e-02 9.53358352e-01 2.75847673e-01
    4.33404207e-01 5.99509895e-01 1.19368732e-02 8.54340434e-01
    7.51837730e-01 6.19054437e-01 3.39606583e-01 9.85577106e-02
    4.61260200e-01 5.87822676e-01 5.42063236e-01 6.10848606e-01
    1.41835093e-01 3.14391792e-01 7.99054980e-01 4.47201729e-02
    2.06737727e-01 4.17619348e-02 3.57273340e-01 9.76139009e-02
    7.48608112e-01 8.09171081e-01 8.86456966e-01 5.48710346e-01
    3.50688398e-01 6.95104718e-01 5.24155617e-01 7.63372362e-01
    3.54339480e-01 2.18013734e-01 2.77783275e-01 5.96748710e-01
    2.57475257e-01 5.58159530e-01 5.33771098e-01 9.07007456e-02
    5.55955052e-01 1.84226811e-01 3.83572608e-01 3.61315131e-01
    2.49283999e-01 1.17850363e-01 4.68207031e-01 8.04573894e-01
    3.11773300e-01 1.81168705e-01 4.03256744e-01 6.90683126e-01
    8.62659752e-01 9.03464735e-01 3.07832718e-01 9.22373176e-01
    1.08228981e-01 8.18123460e-01 3.88218611e-01 8.89567018e-01
    7.95564651e-01 2.22391605e-01 5.56278467e-01 3.92517000e-01
    6.06552899e-01 4.40016866e-01 6.78738117e-01 1.14929944e-01
    2.29730427e-01 9.85836864e-01 9.34584737e-01 1.41982436e-01
    3.43739331e-01 3.29600871e-01 1.80608720e-01 3.84534687e-01
    4.05143023e-01 2.33259827e-01 4.58528429e-01 6.39718235e-01
    2.02430189e-01 8.80736887e-01 4.48231697e-01 9.33642209e-01
    6.63947463e-01 8.95530164e-01 3.97619873e-01 8.61611545e-01
    8.14382195e-01 1.76389694e-01 8.32182765e-02 9.38271999e-01
    9.94783759e-01 8.14682841e-01 1.16632283e-02 4.00113851e-01
    3.21787596e-01 2.11499482e-01 8.27233195e-01 6.85236216e-01
    7.44553685e-01 4.91830051e-01 4.37594444e-01 7.72519410e-01
    2.23049223e-01 8.14432502e-01 3.87681425e-01 4.08131570e-01
    8.43815446e-01 6.00206554e-01 7.22263515e-01 1.10346675e-01
    5.97884059e-01 1.39390379e-01 6.00432396e-01 8.46318841e-01
    1.02411002e-01 6.31284356e-01 4.22900021e-02 3.95546257e-01
    7.98207104e-01 4.85860139e-01 9.61602688e-01 1.20816410e-01
    5.33218086e-02 2.47354507e-01 5.96152961e-01 9.91036415e-01
    9.20091391e-01 3.19486558e-01 6.52798951e-01 3.51939529e-01
    2.67879069e-01 3.85515034e-01 1.84431076e-01 7.01283097e-01
    4.96981978e-01 7.97773838e-01 7.16113567e-01 5.21720290e-01
    8.68160129e-01 8.45867395e-03 6.43865705e-01 1.05948359e-01
    5.63032091e-01 9.31385398e-01 2.50856489e-01 1.65235728e-01
    4.48345304e-01 8.33577216e-02 9.58335042e-01 5.67341089e-01
    9.55294490e-01 7.85503745e-01 1.20046049e-01 8.64252329e-01
    7.72084832e-01 7.84367323e-02 3.38039458e-01 1.49529070e-01
    1.58502340e-01 9.15607929e-01 4.53961700e-01 6.78535104e-02
    5.49380362e-01 9.15249825e-01 4.13371921e-02 3.07845056e-01
    7.33589768e-01 2.56015748e-01 7.40132034e-01 2.73532867e-02
    3.20264310e-01 6.32217109e-01 8.72915506e-01 7.40988910e-01
    7.40323246e-01 5.42494237e-01 2.23195463e-01 1.80338204e-01
    3.43848050e-01 8.75786543e-01 3.12681317e-01 2.94562131e-01
    8.93557429e-01 7.54359722e-01 9.83965755e-01 2.64835477e-01
    4.54498351e-01 3.24141979e-01 5.11657894e-01 6.70263827e-01
    4.32194024e-01 9.45195436e-01 9.23661709e-01 2.06851065e-01
    4.80405688e-02 5.69976807e-01 9.50854778e-01 7.47786880e-01
    6.23213470e-01 9.22312140e-01 5.34130871e-01 7.13520825e-01
    9.35893357e-01 7.38110065e-01 5.47436476e-01 4.26451147e-01
    1.80449635e-01 8.92674685e-01 7.97854185e-01 6.55331492e-01
    9.12223220e-01 5.28313994e-01 2.02959776e-01 4.09719914e-01
    3.28354180e-01 3.12175304e-01 9.64277506e-01 2.06143856e-02
    5.62409878e-01 2.84093976e-01 4.16014373e-01 5.10157526e-01
    2.28842556e-01 7.41356254e-01 4.71893787e-01 9.65470076e-02
    6.43353939e-01 7.20972717e-02 3.79643083e-01 4.03983891e-01
    1.45587742e-01 4.68532503e-01 5.76228976e-01 6.94499433e-01
    4.01276171e-01 4.05923903e-01 8.50946546e-01 9.63365734e-01
    5.30373752e-02 4.95494038e-01 2.95901209e-01 2.48528600e-01
    8.18895698e-01 9.78635550e-02 6.82660460e-01 2.80529380e-01
    5.53247392e-01 3.91901016e-01 5.16775608e-01 8.04887354e-01
    9.04393196e-01 4.16181684e-02 7.81008482e-01 2.36894339e-01
    1.52164549e-01 8.58108282e-01 9.59202826e-01 8.02317023e-01
    1.25413835e-02 8.65560830e-01 2.20530212e-01 6.82806313e-01
    1.56205893e-02 3.90289575e-01 5.50671816e-02 9.11576271e-01
    1.72976851e-02 6.84376359e-01 5.90619087e-01 1.48749530e-01
    1.92731529e-01 7.19282031e-01 5.69358706e-01 6.07162833e-01
    6.23663723e-01 7.39619076e-01 5.88380933e-01 8.80105734e-01
    2.95565963e-01 6.03299618e-01 5.15179992e-01 8.66534531e-01
    3.11465323e-01 2.89016247e-01 4.30407256e-01 6.07282758e-01
    8.84095073e-01 7.28931546e-01 2.04147041e-01 3.75705928e-01
    7.14785397e-01 8.81051004e-01 7.94295907e-01 6.40268564e-01
    3.00793052e-02 1.94290161e-01 7.73559451e-01 1.71618849e-01
    7.34793901e-01 8.45764995e-01 6.95998549e-01 9.30888057e-01
    9.14134979e-02 6.49817526e-01 5.07742226e-01 8.27433348e-01
    4.27312970e-01 5.72173119e-01 9.93890762e-02 7.95659542e-01
    7.06485450e-01 7.51658678e-01 4.90665317e-01 5.12651443e-01
    2.52445042e-01 3.78311008e-01 1.91263467e-01 5.21087825e-01
    1.76993281e-01 7.16253698e-01 4.59634066e-01 2.99335718e-01
    3.10099363e-01 5.30737340e-01 7.64053106e-01 8.92311275e-01
    9.88850951e-01 3.10276687e-01 5.49597800e-01 5.31939566e-02
    3.99084836e-01 4.07096833e-01 8.58623505e-01 1.11401916e-01
    9.36094999e-01 7.72878408e-01 7.90238321e-01 6.99344277e-03
    4.26214337e-01 6.51300490e-01 2.74245322e-01 7.76855946e-01
    1.42672211e-01 8.11905265e-01 4.06934738e-01 7.73434639e-01
    2.62428761e-01 9.49611068e-02 4.73459482e-01 6.19546771e-01
    1.31258041e-01 4.51439619e-02 9.10385251e-02 2.29185313e-01
    7.92943180e-01 8.24079990e-01 8.77586603e-02 2.38707304e-01
    8.94723237e-02 4.07358199e-01 3.95676315e-01 1.54378861e-01
    2.05467641e-01 7.83797622e-01 3.59755754e-03 3.47682774e-01
    9.84233856e-01 3.84296477e-01 6.30517066e-01 3.81434470e-01
    1.34038985e-01 4.69226986e-01 8.68071795e-01 5.46074986e-01
    6.99942350e-01 6.13906085e-01 2.55577326e-01 6.15804791e-02
    9.33416486e-01 1.85039133e-01 7.19077349e-01 2.59501815e-01
    1.36747956e-03 6.41843379e-02 2.51957417e-01 4.69561130e-01
    3.88302505e-01 9.93648767e-01 1.13721430e-01 5.53723991e-01
    4.41511750e-01 4.39597070e-01 9.79542732e-04 9.15218711e-01
    1.08337194e-01 1.26022130e-01 5.46426952e-01 5.08977056e-01
    5.72572887e-01 9.84215915e-01 1.00445747e-02 7.81741679e-01
    2.65840888e-02 4.11534041e-01 1.69885784e-01 8.99936497e-01
    3.93531144e-01 5.73574126e-01 9.88405824e-01 8.28742385e-01
    8.23970437e-01 4.76116508e-01 4.82616872e-01 2.96282887e-01
    2.28684127e-01 9.44380760e-01 3.42509449e-01 4.21172649e-01
    6.09414160e-01 4.05752063e-01 3.29463065e-01 9.02532101e-01
    8.79938543e-01 6.77268624e-01 5.13988554e-01 6.50772035e-01
    9.10031199e-01 7.58410096e-01 2.32336074e-01 7.84061074e-01
    9.35473561e-01 6.54863715e-01 4.14602399e-01 9.30361032e-01
    2.58508325e-01 7.91562676e-01 4.07672256e-01 4.34526980e-01
    4.07180369e-01 4.86057729e-01 3.30311060e-01 4.71223563e-01
    3.84111822e-01 5.69000065e-01 4.42393303e-01 7.42504001e-01
    6.80001557e-01 5.87228954e-01 5.82845807e-02 6.31585896e-01
    3.60478550e-01 1.09820813e-01 8.73551667e-02 8.08886349e-01
    1.34145170e-01 8.14943910e-02 6.01516664e-02 6.97838664e-01
    6.58214569e-01 1.64621860e-01 8.50669384e-01 8.90583694e-02
    6.87794089e-01 2.03828335e-01 7.25170851e-01 1.85024887e-01
    9.45206881e-01 1.37957484e-01 5.42130113e-01 1.99358165e-01
    6.80389822e-01 5.33318102e-01 6.50409937e-01 7.87835896e-01
    1.33779138e-01 5.51235676e-03 7.22055316e-01 3.49358022e-01
    1.95885301e-01 5.79457998e-01 9.66894865e-01 5.61983407e-01
    2.51735657e-01 2.53484160e-01 4.44314003e-01 1.07558489e-01
    1.06174588e-01 4.63553488e-01 2.85794795e-01 8.46320987e-01
    8.28872323e-01 4.36735183e-01 8.08527470e-01 6.74028099e-02
    3.84659231e-01 6.65274262e-01 1.09616488e-01 1.37519240e-01
    5.21161377e-01 8.18147540e-01 9.69795227e-01 8.00195515e-01
    5.15386462e-02 2.20210314e-01 4.23544168e-01 4.37471151e-01
    7.79694736e-01 2.83503056e-01 9.60597396e-01 7.63337135e-01
    9.29557800e-01 5.36376357e-01 4.06655252e-01 2.15353668e-01
    3.03597540e-01 6.84897184e-01 1.01322144e-01 7.42036581e-01
    7.48238564e-01 1.07434690e-02 1.78051829e-01 7.44125128e-01
    1.75207645e-01 6.98435724e-01 7.86470056e-01 9.20210361e-01
    4.17762995e-03 1.39876842e-01 1.85079306e-01 8.95213246e-01
    6.92196727e-01 6.22545958e-01 4.82140481e-01 6.36614859e-01
    6.37688935e-02 4.57033396e-01 1.46445334e-02 7.89443254e-01
    7.40954638e-01 2.58911759e-01 5.24109006e-01 2.00500965e-01
    1.45680338e-01 2.57969469e-01 6.50131702e-01 7.35133290e-01
    8.08403134e-01 9.41650033e-01 5.26432931e-01 9.12950873e-01
    7.76412070e-01 8.14231038e-01 6.57443404e-01 7.01868236e-01
    8.13418508e-01 7.95051455e-02 6.05623722e-01 3.11511278e-01
    9.39435422e-01 3.71368825e-02 8.53598535e-01 1.09805882e-01
    7.51141965e-01 6.12096786e-02 4.88106489e-01 1.00680351e-01
    5.86531103e-01 4.74993914e-01 6.78070545e-01 6.41451716e-01
    6.31686091e-01 8.18158805e-01 7.56519556e-01 4.29235756e-01
    2.36276120e-01 4.72642183e-01 4.75487322e-01 9.68995333e-01
    8.79139960e-01 1.48017913e-01 3.37542057e-01 9.52892661e-01
    9.22201037e-01 9.48765516e-01 6.47062302e-01 7.69287586e-01
    5.81058085e-01 5.71769238e-01 4.11319435e-01 6.81405187e-01
    8.73159409e-01 9.00031924e-01 5.81239104e-01 7.33398616e-01
    7.83111393e-01 3.57044637e-01 5.76564789e-01 4.09734666e-01
    1.85521901e-01 7.48910964e-01 3.40647042e-01 1.13275379e-01
    6.65236950e-01 9.97156024e-01 3.48032653e-01 2.98007637e-01
    1.00975633e-01 9.90925729e-02 5.08031487e-01 4.96995360e-01
    1.79960728e-02 8.33800077e-01 4.59577620e-01 6.90492809e-01
    5.27265489e-01 2.47853070e-01 2.06713706e-01 9.99032319e-01
    5.30666351e-01 8.38104248e-01 4.02887046e-01 4.96688813e-01
    3.01330119e-01 2.41153955e-01 8.35149050e-01 1.35122031e-01
    2.25883365e-01 5.33922791e-01 1.04154646e-01 3.37398261e-01
    4.79015112e-02 2.45496333e-01 2.31528014e-01 3.55407417e-01
    8.58089328e-01 4.74470317e-01 8.55579972e-01 1.20695561e-01
    1.72367573e-01 3.30917478e-01 5.12605965e-01 4.77105707e-01
    1.28536284e-01 2.15947241e-01 5.36079049e-01 5.40920794e-02
    8.14416528e-01 1.98820591e-01 4.01564509e-01 7.76729584e-02
    6.51892126e-01 5.74969947e-02 4.51262981e-01 3.05212259e-01
    7.75793850e-01 7.33744502e-01 9.52704549e-02 1.21408015e-01
    2.76279449e-02 1.67817950e-01 1.58588946e-01 2.20169783e-01
    8.51144314e-01 6.38006747e-01 9.84239578e-02 9.68005955e-02
    5.03207147e-01 5.97752154e-01 7.23313451e-01 1.59312844e-01
    8.88871133e-01 5.43348432e-01 8.53244901e-01 4.13016677e-01
    1.43710703e-01 1.15680397e-01 9.36965823e-01 1.90727621e-01
    5.19473910e-01 5.00178337e-02 1.55864149e-01 8.91746283e-02
    5.76965809e-02 1.01663709e-01 9.45243061e-01 4.71795052e-01
    7.43624628e-01 4.12002981e-01 2.04182565e-02 8.29144597e-01
    5.93899190e-02 6.09953403e-02 4.01564986e-01 8.93910527e-01
    8.85260463e-01 4.19436783e-01 8.63086581e-01 1.28081143e-02
    1.09463334e-01 4.66215640e-01 8.60279441e-01 1.90465987e-01
    5.21877527e-01 8.11540842e-01 9.15889978e-01 8.15825522e-01
    5.00758886e-01 7.67600358e-01 2.15534121e-01 3.07930082e-01
    8.67397785e-01 2.62729168e-01 2.29241550e-02 7.34640956e-01
    9.23938751e-01 9.87679720e-01 2.71637142e-02 8.71023953e-01
    4.92669940e-02 6.90222442e-01 3.86929989e-01 3.98095965e-01
    2.33543783e-01 3.15634370e-01 1.32675231e-01 4.45388198e-01
    6.90501690e-01 6.79190874e-01 4.06820774e-02 9.56915081e-01
    1.03390545e-01 4.55254078e-01 4.58768040e-01 2.58572280e-01
    1.99415416e-01 5.94718099e-01 1.40222520e-01 8.64536822e-01
    3.40279996e-01 6.23428643e-01 9.53107476e-01 2.66903728e-01
    6.19728327e-01 1.41026914e-01 3.20479393e-01 2.84866542e-01
    2.69581139e-01 1.70817137e-01 5.33987820e-01 7.94097781e-01
    8.67124677e-01 9.33002949e-01 8.07049632e-01 1.59901619e-01
    6.30230546e-01 1.41413420e-01 1.59150064e-02 4.25497264e-01
    5.97181916e-02 6.87701285e-01 7.97390938e-02 9.39529419e-01
    6.19193614e-01 3.44096303e-01 4.23954487e-01 2.50553668e-01
    2.63902247e-01 5.42420447e-02 9.78150964e-01 3.54967952e-01
    2.32949227e-01 5.02135754e-02 5.28868258e-01 5.09184718e-01
    3.30375731e-01 5.40718317e-01 9.77446556e-01 1.78983808e-01
    9.60259557e-01 7.22895145e-01 6.97391033e-01 5.10372579e-01
    2.23809719e-01 8.57660472e-02 1.58023477e-01 2.01046169e-02
    8.95500422e-01 2.17060596e-01 4.43726420e-01 1.84484988e-01
    3.51026595e-01 7.07396924e-01 5.41547775e-01 1.99463367e-01
    9.76023674e-02 5.33269942e-01 7.81535029e-01 3.02197933e-01
    8.24707031e-01 5.06299138e-01 7.17715621e-01 2.38878965e-01
    5.60392618e-01 7.30963826e-01 3.20689738e-01 6.83811247e-01
    7.04197228e-01 8.13330054e-01 4.21342939e-01 7.45910406e-01
    9.50962007e-01 2.37260044e-01 1.65466249e-01 4.13432091e-01
    4.61063832e-01 4.00195301e-01 8.66167307e-01 9.50031936e-01
    2.39455044e-01 2.83351541e-01 5.38365543e-01 4.64615017e-01
    4.26878333e-01 1.39170647e-01 4.55197185e-01 8.52364302e-01
    1.18245125e-01 5.15420496e-01 8.45600843e-01 9.15641427e-01
    5.74400544e-01 1.74835294e-01 5.33647716e-01 5.40766001e-01
    7.47735381e-01 7.47758806e-01 7.74023235e-01 1.42207533e-01
    6.02641106e-01 8.60421479e-01 5.98952472e-02 4.68592793e-01
    3.99796665e-01 5.59679508e-01 6.35380864e-01 7.89645076e-01
    9.49963093e-01 5.17964065e-01 4.31650698e-01 7.54438639e-01
    9.78024065e-01 8.50701451e-01 4.56700772e-01 8.01341534e-02
    8.28345120e-02 3.75020504e-03 4.20203835e-01 2.86502182e-01
    3.21460366e-01 1.47079498e-01 1.89707875e-02 2.44713753e-01
    5.47950983e-01 3.62241238e-01 7.83493638e-01 1.03761494e-01
    2.26308465e-01 3.92515659e-01 5.05778193e-02 3.41973245e-01
    3.41755450e-01 9.05395210e-01 2.02732027e-01 3.12077165e-01
    4.33427840e-01 2.03019828e-01 6.59247279e-01 3.49977911e-01
    9.54750061e-01 6.14512146e-01 6.04874372e-01 6.68804824e-01
    7.08123684e-01 5.62608838e-01 2.71124721e-01 3.00187171e-02
    4.48036999e-01 7.60638237e-01 6.37388945e-01 1.27603382e-01
    1.25315189e-02 9.92398620e-01 4.54490244e-01 8.09639096e-01
    5.49170852e-01 3.63681555e-01 3.08094442e-01 2.66277790e-01
    5.87663531e-01 1.23255432e-01 2.00729460e-01 4.21197116e-02
    3.57994080e-01 7.59782791e-02 3.73468101e-01 8.16822350e-02
    2.55884588e-01 4.94832546e-01 5.65479994e-02 9.34691787e-01
    4.54161704e-01 3.80401015e-01 5.29204130e-01 2.09163427e-01
    7.55636692e-02 3.12958926e-01 8.90783906e-01 8.27576637e-01
    9.25305247e-01 3.19810510e-02 8.31955671e-03 1.67283237e-01
    8.15148234e-01 8.17635894e-01 7.86238313e-01 2.29232460e-01
    1.97907388e-02 5.31710863e-01 7.26970136e-02 8.85197818e-01
    4.54177141e-01 4.92374867e-01 2.37790585e-01 1.37094915e-01
    7.92950273e-01 4.70310986e-01 5.13513088e-01 3.65832120e-01
    1.41131282e-02 1.77592307e-01 2.92483658e-01 8.62894893e-01
    9.29246008e-01 5.32472372e-01 8.31139982e-02 5.23977995e-01
    5.19094765e-01 9.03744757e-01 4.96683717e-01 5.25947452e-01
    5.30369580e-01 6.46403253e-01 7.17917740e-01 7.33306766e-01
    1.77372724e-01 8.44122469e-02 5.35944879e-01 5.38146555e-01
    4.32872534e-01 7.93608308e-01 7.14309216e-01 6.23129725e-01
    3.38179767e-02 4.44198251e-02 4.81757432e-01 8.42680991e-01
    4.58520293e-01 9.88279879e-02 9.48951244e-01 5.05836904e-02
    2.71315396e-01 1.37261182e-01 5.50463557e-01 6.80662096e-01
    9.03661489e-01 1.45568192e-01 6.18186235e-01 4.11640286e-01
    4.93768930e-01 5.17272532e-01 4.25864369e-01 2.11769074e-01
    9.67887044e-01 5.68489909e-01 2.87942588e-02 2.78425634e-01
    8.21029067e-01 5.26938796e-01 4.33313489e-01 1.85215771e-02
    7.81898677e-01 4.69883263e-01 9.32489157e-01 9.13524628e-03
    9.99675870e-01 2.47369558e-01 7.00992048e-01 2.25744784e-01
    7.96122313e-01 5.38803518e-01 6.65977001e-01 8.85705233e-01
    6.48973405e-01 7.85962522e-01 9.08967435e-01 8.53392720e-01
    5.49992085e-01 3.62243742e-01 5.48942924e-01 4.51837540e-01
    6.29744887e-01 7.55544186e-01 9.24721599e-01 6.89517677e-01
    7.64729500e-01 2.35507667e-01 3.67249757e-01 8.72557938e-01
    8.01029086e-01 1.35222077e-02 6.31328344e-01 2.96217382e-01
    5.59197962e-01 7.11797178e-02 1.53046817e-01 2.62264282e-01
    8.63394856e-01 9.26854312e-01 2.87498832e-01 8.64661157e-01
    3.80064279e-01 4.16794717e-01 6.71397626e-01 3.14156234e-01
    9.30504322e-01 4.57997739e-01 3.75770628e-02 2.85197258e-01
    8.00450027e-01 7.83344507e-01 1.11923128e-01 3.48218054e-01
    1.88866705e-01 1.11180842e-01 6.76870644e-01 1.43419236e-01
    1.59968287e-01 9.32851374e-01 2.53238618e-01 8.21596861e-01
    4.94924903e-01 4.52056468e-01 1.50198936e-01 7.05601454e-01
    1.71039879e-01 1.34763837e-01 3.87861609e-01 2.26571590e-01
    8.39931071e-01 6.48445487e-01 6.74106419e-01 7.09495842e-02
    1.39234334e-01 8.59653533e-01 7.57970214e-02 8.61615360e-01
    7.44034827e-01 5.03899872e-01 5.22234738e-01 4.99241292e-01
    8.48795533e-01 4.50880706e-01 2.71468759e-02 3.93520594e-02
    1.75885648e-01 7.03859866e-01 8.79348636e-01 4.23455179e-01
    9.96065140e-02 6.43820047e-01 7.53578544e-02 3.60828459e-01
    1.49274468e-02 4.37648267e-01 7.46597052e-01 4.22052443e-02
    8.66679192e-01 1.19837999e-01 7.06782222e-01 5.86315215e-01
    1.79659605e-01 8.95796299e-01 8.81854773e-01 1.98010504e-01
    2.38918304e-01 2.63723761e-01 4.54653800e-02 8.53899777e-01
    9.70294356e-01 5.21781921e-01 2.02083379e-01 4.40937757e-01
    3.29002410e-01 8.04860294e-01 4.90680546e-01 3.40782642e-01
    9.21232700e-01 6.19508147e-01 6.63879335e-01 7.59461522e-01
    6.90686345e-01 9.71754313e-01 8.67109418e-01 5.36043644e-01
    6.39135957e-01 9.67770338e-01 2.03341782e-01 2.50236094e-01
    5.97395360e-01 5.29994309e-01 1.59549743e-01 9.29143250e-01
    7.06251860e-01 1.80120051e-01 9.41493511e-01 8.51270556e-01
    5.23210585e-01 5.63365281e-01 8.09162617e-01 4.54066753e-01
    5.49413443e-01 1.35818422e-01 3.27951014e-01 5.16451001e-01
    8.60933423e-01 2.27700770e-02 2.55224645e-01 9.55519080e-01
    6.13361001e-02 1.00693524e-01 5.59603453e-01 1.59804046e-01
    1.82747126e-01 8.44075322e-01 6.62747800e-01 2.05914676e-02
    6.10324323e-01 4.61278051e-01 2.41778970e-01 1.62613273e-01
    1.38551623e-01 6.67943776e-01 9.30622160e-01 1.39067709e-01
    8.46720695e-01 6.10684156e-01 2.66885698e-01 2.66708970e-01
    5.69946110e-01 2.23720282e-01 9.44058895e-01 8.85140598e-02
    6.79419518e-01 8.46283197e-01 9.92776513e-01 3.50356400e-01
    9.65394020e-01 4.71262634e-02 3.80482256e-01 1.44079030e-02
    7.82056689e-01 4.15088862e-01 1.23896003e-01 6.19993150e-01
    1.67773157e-01 8.71198833e-01 8.39618027e-01 4.88207966e-01
    5.85335791e-01 8.68658543e-01 7.17893302e-01 7.02004850e-01
    8.67144942e-01 7.58177876e-01 2.50590861e-01 9.39418018e-01
    2.83067048e-01 4.60529387e-01 7.00557709e-01 6.18918002e-01
    7.61035144e-01 5.41327953e-01 2.02154100e-01 4.55831558e-01
    1.13197595e-01 8.32813621e-01 4.45440322e-01 7.80853152e-01
    1.90252513e-01 3.46177846e-01 6.00093126e-01 9.83540416e-01
    7.45949626e-01 6.29510522e-01 3.60671580e-02 2.71923810e-01
    5.19925714e-01 3.08177233e-01 8.86846542e-01 7.44728804e-01
    8.51904690e-01 8.45237553e-01 9.06634688e-01 3.67700458e-01
    9.71345425e-01 4.09799129e-01 8.66590261e-01 8.40382338e-01
    1.89777195e-01 8.16200435e-01 4.73466486e-01 2.30831683e-01
    8.10325623e-01 6.76255107e-01 5.33696949e-01 4.53848153e-01
    5.85420370e-01 1.54499918e-01 5.15410841e-01 5.57441473e-01
    9.19154584e-01 1.92237496e-02 6.47187889e-01 7.23640382e-01
    7.10828125e-01 6.52826786e-01 8.47474098e-01 8.36993098e-01
    4.35030460e-01 3.91536355e-02 8.09960365e-01 4.94917065e-01
    3.07975411e-02 6.31281316e-01 8.30852270e-01 9.88276839e-01
    3.17641258e-01 7.54046321e-01 7.97133446e-01 1.49875313e-01
    7.88860321e-01 4.48938608e-01 9.54254150e-01 7.59624362e-01
    8.52994442e-01 6.38913810e-01 1.20306879e-01 6.65392518e-01
    9.50776219e-01 8.26739311e-01 8.11544955e-02 8.54633152e-01
    5.95636308e-01 9.63884592e-03 9.28309679e-01 7.48870254e-01
    8.24282467e-01 9.71891880e-02 4.97276515e-01 6.01167738e-01
    8.68223250e-01 7.50729978e-01 2.30670601e-01 2.88161814e-01
    6.91271305e-01 7.80406475e-01 2.08129823e-01 9.04936373e-01
    8.28426719e-01 4.25792158e-01 2.07641214e-01 6.02773726e-02
    8.97240043e-01 9.31239128e-03 8.77125561e-02 6.22008204e-01
    3.38403463e-01 7.07983971e-01 7.38380194e-01 5.66323042e-01
    6.45171463e-01 6.24749184e-01 3.02188367e-01 1.14436597e-01
    3.16479713e-01 7.36508787e-01 9.49851751e-01 1.46329194e-01
    8.97481918e-01 4.49751914e-01 2.63284862e-01 3.41853261e-01
    9.66474593e-01 6.84944093e-01 7.94937491e-01 3.40174735e-02
    6.59777224e-02 1.11967027e-02 2.46052384e-01 4.67393279e-01
    7.43687630e-01 8.22020173e-01 9.35909748e-02 8.05272400e-01
    3.23597401e-01 7.59114444e-01 4.33188647e-01 9.07609820e-01
    1.13811940e-01 4.88714427e-01 8.37345719e-02 3.90367538e-01
    2.00393796e-01 3.66014361e-01 3.72086167e-02 8.98446202e-01
    2.17541754e-01 8.55906010e-02 9.33718920e-01 6.17153883e-01
    4.14311647e-01 2.58465022e-01 1.35591120e-01 2.88799554e-01
    6.06144190e-01 9.38817739e-01 3.88576210e-01 6.62679136e-01
    1.25985563e-01 9.64352071e-01 7.15674639e-01 2.88664728e-01
    2.38309532e-01 8.92552733e-01 2.80476987e-01 6.84720039e-01
    1.99613601e-01 9.29744244e-01 1.02378279e-01 5.94692349e-01
    5.04737675e-01 7.12819159e-01 4.99411821e-01 4.01801735e-01
    3.20783645e-01 2.55597383e-01 4.92085516e-01 6.84190452e-01
    6.46001399e-01 8.84360075e-02 8.18574071e-01 2.96191156e-01
    7.63637662e-01 7.66737461e-01 2.87701160e-01 2.93963462e-01
    1.97598726e-01 4.22364116e-01 1.19109005e-01 4.58191067e-01
    6.92575097e-01 1.16882205e-01 8.37961197e-01 7.79997468e-01
    1.25546455e-02 6.03579223e-01 7.58974493e-01 9.02936578e-01
    5.78831732e-02 8.66715312e-01 2.73831218e-01 1.13638490e-01
    3.42341244e-01 4.48410451e-01 3.10619295e-01 2.87816018e-01
    1.67104006e-02 5.78519881e-01 7.42590308e-01 7.69959450e-01
    7.45551288e-02 4.99872684e-01 8.70788217e-01 2.56963491e-01
    1.58870339e-01 3.38505924e-01 1.33402586e-01 1.71998143e-01
    2.93983102e-01 9.45271552e-02 7.85819292e-01 4.09531802e-01
    2.68589675e-01 4.79953885e-01 6.01697922e-01 9.03922915e-01
    9.71525073e-01 2.21084058e-02 2.75778711e-01 4.75368381e-01
    2.57756472e-01 9.12562609e-01 1.60209090e-01 1.85798675e-01
    1.68418050e-01 3.81801575e-01 3.82092297e-01 2.22338706e-01
    8.29878867e-01 1.67663097e-01 5.98277807e-01 4.52757627e-01
    7.40129769e-01 5.68221867e-01 5.70663631e-01 8.48235369e-01
    5.00388861e-01 6.96345925e-01 8.22081685e-01 5.50400019e-01
    1.82531744e-01 1.67183489e-01 8.91054749e-01 7.66888738e-01
    6.48963571e-01 6.65178537e-01 4.40463990e-01 4.47070032e-01
    5.65448165e-01 1.07837975e-01 3.64457965e-01 3.93727332e-01
    1.05955273e-01 4.35653180e-01 3.33883762e-01 1.39233708e-01
    8.77498865e-01 2.51836956e-01 8.49277496e-01 1.05133832e-01
    1.46841109e-01 9.37759995e-01 3.70747298e-01 4.92140621e-01
    1.31939262e-01 6.48008227e-01 9.19580698e-01 4.72538501e-01
    5.80006957e-01 4.68935966e-01 4.28517222e-01 5.03493369e-01
    5.24126828e-01 9.57421184e-01 9.58351493e-01 7.79514194e-01
    1.24942213e-01 6.03305817e-01 1.64544433e-01 7.64896035e-01
    4.69467163e-01 1.41466767e-01 8.29190373e-01 8.83144855e-01
    6.85646415e-01 9.97846007e-01 5.83682418e-01 8.07112396e-01
    9.09911156e-01 6.23951316e-01 3.31481278e-01 3.81671488e-01
    6.24900103e-01 8.31028223e-01 8.54054689e-01 9.51876044e-01
    8.77089500e-01 1.82795525e-01 5.63253462e-01 8.80623519e-01
    9.77484286e-02 4.32293475e-01 7.31550813e-01 6.37788057e-01
    6.39626741e-01 8.50399852e-01 3.61105800e-02 7.46546328e-01
    3.01723242e-01 1.69091225e-02 3.80843937e-01 9.39236522e-01
    5.41098654e-01 6.88575864e-01 9.89992559e-01 3.39881778e-01
    6.77335203e-01 9.56706226e-01 4.15122688e-01 6.27378166e-01
    7.97672391e-01 2.12253332e-02 7.98759460e-02 4.30177212e-01
    2.87248552e-01 8.08899581e-01 3.25902641e-01 1.00684702e-01
    9.28360879e-01 7.68748105e-01 4.19899374e-01 7.46023536e-01
    3.54022861e-01 2.27105737e-01 5.99225879e-01 3.65894735e-01
    3.89279664e-01 3.71199340e-01 4.02656913e-01 1.93230510e-01
    5.47544420e-01 9.47272301e-01 3.68309140e-01 5.57309389e-03
    1.98378026e-01 2.41857529e-01 2.53023475e-01 6.65668726e-01
    2.09677488e-01 3.12197238e-01 8.82855356e-02 3.54240119e-01
    1.39002532e-01 7.43074298e-01 6.82094097e-01 9.84787464e-01
    9.14409399e-01 1.09733552e-01 1.30173147e-01 6.17563725e-01
    4.69674766e-01 7.09521174e-01 4.16724682e-01 6.30415559e-01
    2.55095124e-01 5.91355860e-01 5.89434385e-01 8.15655887e-01
    7.72332907e-01 2.26063430e-01 5.31169116e-01 2.94411182e-02
    3.76465917e-01 5.42978406e-01 9.52849507e-01 1.29301459e-01
    3.37655783e-01 3.66354108e-01 9.19906795e-02 9.97716546e-01
    1.11823320e-01 3.02972436e-01 6.45054758e-01 6.19415402e-01
    7.32400239e-01 4.69234675e-01 9.33776021e-01 1.66458428e-01
    2.32824981e-02 6.65633440e-01 4.13602293e-02 8.55287731e-01
    3.61777067e-01 8.26898813e-01 6.76254392e-01 7.91156054e-01
    1.01255774e-01 5.61574697e-01 4.64594245e-01 9.45070922e-01
    9.80851591e-01 6.48736179e-01 4.73031312e-01 4.84941900e-01
    8.02570820e-01 4.03685570e-01 7.16811538e-01 7.70073950e-01
    2.74070024e-01 4.43564802e-01 4.05989885e-02 4.45970446e-01
    1.50632501e-01 3.52928907e-01 4.72925037e-01 4.76175457e-01
    8.10866296e-01 6.93883598e-01 9.51006353e-01 3.12051713e-01
    7.93779612e-01 9.26887393e-02 3.57555151e-01 6.72532380e-01
    9.76356149e-01 5.30706823e-01 2.44718283e-01 8.61499786e-01
    8.93327475e-01 2.87767440e-01 7.22491741e-01 9.78300691e-01
    3.80332500e-01 5.37361145e-01 6.22951865e-01 4.94201869e-01
    6.57102108e-01 6.66727602e-01 3.01739901e-01 2.36611784e-01
    5.54009616e-01 2.65375257e-01 3.19856733e-01 6.79039061e-01
    9.43235397e-01 9.81889844e-01 2.25623459e-01 1.87732846e-01
    8.93875778e-01 7.16549158e-01 2.58076012e-01 7.98925638e-01
    2.63374120e-01 2.88528800e-01 8.93650413e-01 4.96780962e-01
    3.61194283e-01 3.71672809e-02 1.17158979e-01 7.74364591e-01
    9.92311358e-01 9.95732069e-01 3.52277875e-01 3.73615682e-01
    7.82904446e-01 8.27877522e-02 8.92716765e-01 7.54518211e-01
    7.93389559e-01 9.76867557e-01 5.80367148e-01 1.72233999e-01
    4.99595612e-01 8.81639838e-01 7.01359272e-01 6.11232817e-02
    9.01162028e-01 8.40197563e-01 7.03129888e-01 2.25986034e-01
    9.77960348e-01 2.54866660e-01 2.84503311e-01 4.22422737e-01
    3.90423208e-01 3.96851957e-01 2.00469434e-01 6.88648224e-02
    3.55792016e-01 1.88363731e-01 8.24481845e-01 6.38182938e-01
    3.84521693e-01 8.70977998e-01 6.10834122e-01 3.83630991e-01
    3.15228105e-02 9.26351666e-01 7.02687204e-01 8.90534282e-01
    6.28245234e-01 5.92089117e-01 3.50303888e-01 3.46684813e-01
    6.06587768e-01 7.60620952e-01 1.33772969e-01 2.60491312e-01
    3.49793613e-01 9.74182010e-01 3.93291980e-01 7.65915394e-01
    7.15275764e-01 5.18815637e-01 1.60181016e-01 9.18558240e-02
    7.43632793e-01 5.71105659e-01 4.07509536e-01 3.80319536e-01
    3.12139571e-01 9.38885450e-01 3.57776225e-01 8.29640627e-01
    7.12129951e-01 3.34292978e-01 9.75171864e-01 2.21587718e-02
    9.89368379e-01 4.63172495e-02 4.19262469e-01 6.87230885e-01
    1.46970004e-01 8.85399699e-01 4.69720572e-01 7.33017623e-02
    4.79981184e-01 2.73779333e-02 2.10382730e-01 2.34064132e-01
    9.36939776e-01 7.11151183e-01 7.86399424e-01 1.57262295e-01
    4.46985275e-01 4.08540249e-01 2.10429788e-01 3.90632480e-01
    9.27994728e-01 9.51374888e-01 9.98725653e-01 1.16585791e-01
    9.81719494e-02 8.97733867e-01 6.03282392e-01 5.41277349e-01
    3.82327348e-01 2.59407580e-01 2.43649960e-01 4.38825697e-01
    1.85841948e-01 5.03966391e-01 6.11583531e-01 6.78444922e-01
    1.00492984e-01 9.09419119e-01 2.94848859e-01 2.40799844e-01
    2.62669742e-01 3.74124646e-01 9.97487307e-01 8.26171994e-01
    2.05728740e-01 8.56153786e-01 3.42457592e-01 3.41252476e-01
    8.16887617e-03 6.71245098e-01 5.96285105e-01 1.90886408e-01
    5.05911946e-01 8.11306953e-01 8.32020044e-02 6.83925629e-01
    8.67422342e-01 7.96005487e-01 6.72283173e-01 7.69883990e-02
    9.31117415e-01 3.72585207e-01 7.48224437e-01 7.60794878e-01
    6.65287554e-01 9.93764937e-01 1.44758761e-01 2.60403395e-01
    6.86876237e-01 7.15761423e-01 5.94991446e-01 7.95249104e-01
    1.52338982e-01 6.83712959e-01 8.44675660e-01 5.33736646e-02
    3.35331023e-01 1.41245723e-02 4.16291058e-01 2.65887260e-01
    5.38262784e-01 3.35123479e-01 8.15753937e-02 6.58676624e-01
    3.60104978e-01 3.01580697e-01 3.12529147e-01 2.07922071e-01
    3.02319139e-01 6.21749401e-01 7.79526591e-01 9.71262574e-01
    1.81337863e-01 9.56980586e-01 5.96567869e-01 4.72661138e-01
    4.42784339e-01 1.52979225e-01 4.13289279e-01 9.45193648e-01
    2.96819389e-01 1.56905830e-01 6.26308441e-01 8.74467015e-01
    6.51601732e-01 2.57172227e-01 6.35621727e-01 3.09561372e-01
    1.25161171e-01 3.32754910e-01 7.79465199e-01 1.08139426e-01
    8.65728796e-01 1.25261366e-01 7.29963303e-01 2.96942025e-01
    7.29189694e-01 4.01623845e-02 3.20064425e-01 1.19019717e-01
    5.67213356e-01 7.94495106e-01 4.95949686e-01 7.69835949e-01
    9.77586865e-01 3.78374219e-01 1.14783376e-01 9.86334383e-01
    8.21362257e-01 5.97716093e-01 7.47640371e-01 8.48123074e-01
    3.98900867e-01 9.14274633e-01 1.01104885e-01 7.49197602e-01
    5.34823358e-01 4.59736526e-01 3.31709504e-01 6.62567198e-01
    4.02493030e-01 5.34506500e-01 5.84989369e-01 2.55447268e-01
    2.15080827e-01 3.20609003e-01 7.13779032e-01 8.11799765e-01
    3.96460980e-01 4.45645690e-01 3.87773573e-01 8.73813331e-02
    8.37567687e-01 1.17958486e-01 4.04728293e-01 1.41405195e-01
    8.98965716e-01 1.42643571e-01 2.59626776e-01 7.58848667e-01
    7.54853010e-01 2.17740089e-01 7.60354519e-01 5.40181398e-02
    2.09714890e-01 3.06198001e-02 7.84727216e-01 2.71788657e-01
    6.79854512e-01 9.55538094e-01 8.86389494e-01 5.20950913e-01
    1.61691576e-01 1.14965469e-01 7.55143225e-01 5.45329213e-01
    9.83059525e-01 8.32210183e-02 9.27309692e-01 9.59679365e-01
    9.28040445e-01 3.27353626e-01 7.25810230e-01 8.16855550e-01
    4.22789186e-01 4.84814256e-01 9.93675470e-01 7.31019974e-02
    3.50669086e-01 6.12874687e-01 9.98488665e-01 2.74029732e-01
    1.64977640e-01 8.20261240e-03 1.01161599e-02 6.04528964e-01
    5.75326264e-01 6.66132569e-01 8.65252256e-01 7.62492299e-01
    2.21072674e-01 3.39819610e-01 5.90875745e-01 5.18422127e-01
    6.86007977e-01 9.78618622e-01 4.62851524e-01 5.91851175e-02
    2.38626689e-01 9.04170036e-01 4.30565000e-01 2.47420728e-01
    1.41270131e-01 8.25650334e-01 1.30139440e-01 5.32786727e-01
    3.26876462e-01 1.11354291e-01 4.31333154e-01 1.53836548e-01
    3.14076006e-01 1.52999759e-01 6.79237843e-01 6.33506179e-01
    6.89096808e-01 8.37691128e-02 5.54948688e-01 4.07283783e-01
    3.79145771e-01 3.82075101e-01 9.05526102e-01 3.16114932e-01
    8.57753217e-01 4.07950044e-01 6.73137605e-02 7.43929446e-02
    7.20662951e-01 9.08565581e-01 5.86799204e-01 7.42621779e-01
    6.89764321e-01 9.64846790e-01 4.46168840e-01 9.25472736e-01
    8.60712111e-01 3.01089346e-01 9.38315272e-01 2.68086970e-01
    2.69148380e-01 5.10872900e-01 4.21275824e-01 1.34820342e-02
    4.07610714e-01 5.12405932e-01 4.96358156e-01 9.69728827e-01
    5.62031031e-01 7.26790428e-01 3.33389610e-01 3.48418951e-01
    1.60627663e-02 4.38277364e-01 9.73182201e-01 3.36426198e-01
    6.42657220e-01 9.00184393e-01 3.71166229e-01 3.52195680e-01
    9.27038729e-01 3.06840301e-01 2.91596085e-01 4.78718698e-01
    5.96474409e-01 8.51804733e-01 3.86426747e-02 6.19873166e-01
    6.60311580e-01 9.93826210e-01 9.51051712e-01 9.01882350e-02
    8.07498574e-01 9.41156983e-01 4.56403404e-01 6.23076260e-01
    1.96207285e-01 7.08406746e-01 4.38556045e-01 5.93456686e-01
    7.32849300e-01 2.33655661e-01 1.53177440e-01 8.02505374e-01
    7.23851204e-01 3.18802595e-02 5.38930953e-01 1.52214199e-01
    1.03775084e-01 2.80057728e-01 7.23410010e-01 1.81260347e-01
    4.35833514e-01 1.95904076e-02 2.29604095e-01 2.14454234e-01
    4.48458791e-02 2.33725905e-01 9.53347087e-01 7.42151856e-01
    7.76244879e-01 7.55952001e-01 1.77292347e-01 3.07137072e-02
    8.55578542e-01 5.37214041e-01 4.79942173e-01 5.70656061e-02
    5.16122699e-01 3.63467187e-01 6.13372326e-01 2.33143240e-01
    8.91564071e-01 7.22001195e-02 1.35250986e-01 3.01181972e-01
    8.63530040e-01 9.88234282e-01 9.26116228e-01 6.21761024e-01
    1.84880614e-01 5.79009295e-01 8.98528874e-01 6.54212296e-01
    6.68830454e-01 7.46890008e-02 4.59991068e-01 7.99328268e-01
    3.90107602e-01 4.22838390e-01 8.33618164e-01 2.21033394e-01
    4.18815643e-01 7.16310084e-01 5.95320642e-01 1.63923979e-01
    2.23076791e-01 2.26756424e-01 7.77017295e-01 6.02855861e-01
    6.24979794e-01 7.00345874e-01 6.38924658e-01 6.42708421e-01
    6.92207217e-02 1.14096224e-01 5.36751866e-01 7.10207403e-01
    9.38412249e-02 3.89430702e-01 2.48968005e-02 6.78975046e-01
    3.35797697e-01 6.35024905e-02 2.82949984e-01 4.35448855e-01
    5.94563425e-01 4.07590598e-01 6.00730658e-01 1.18455291e-03
    5.86287022e-01 9.51650023e-01 3.04386944e-01 4.05855268e-01
    3.26636434e-03 1.33240521e-01 1.25150740e-01 8.28900933e-01
    4.53687906e-02 9.77753043e-01 9.74219322e-01 8.79141450e-01
    9.82742012e-02 8.58426332e-01 6.74805462e-01 6.70807362e-01
    4.07235622e-01 6.09715641e-01 4.75328028e-01 1.66334003e-01
    7.32965708e-01 3.27393830e-01 8.77967596e-01 3.52815807e-01
    4.56509888e-02 4.67351049e-01 6.36711717e-01 3.74543250e-01
    1.05511487e-01 7.24196136e-01 9.71898735e-02 1.27214849e-01
    5.36284864e-01 2.84444749e-01 3.33926797e-01 9.71684456e-02
    7.64393568e-01 7.64495134e-01 9.36033070e-01 5.98876238e-01
    6.33572876e-01 4.09248590e-01 7.18140960e-01 8.17553997e-01
    3.34870398e-01 5.08250773e-01 7.22198009e-01 5.08973539e-01
    5.29340088e-01 5.11107445e-01 2.09773928e-01 8.18102360e-01
    4.42189813e-01 6.62043929e-01 2.12260157e-01 9.72636163e-01
    4.13146436e-01 6.87838435e-01 4.92598921e-01 5.45890093e-01
    3.87701690e-01 3.61021340e-01 2.04089612e-01 7.54380107e-01
    4.22905833e-01 8.06120515e-01 8.48960817e-01 8.16622496e-01
    4.35072064e-01 3.32190961e-01 4.87402737e-01 8.61337304e-01
    6.33375049e-02 6.02389514e-01 5.49857974e-01 3.86183858e-02
    6.70976758e-01 9.06919181e-01 2.56811291e-01 8.60400498e-02
    3.41210216e-01 7.52685666e-01 3.08785200e-01 9.57761347e-01
    9.49532747e-01 9.69794452e-01 7.67967403e-01 7.85141110e-01
    2.05614030e-01 7.26570725e-01 7.68099070e-01 4.77702498e-01
    6.12532258e-01 8.43791902e-01 8.40370536e-01 4.13763225e-01
    6.26357555e-01 9.04436707e-01 6.82021260e-01 9.31388199e-01
    5.51437318e-01 7.85720289e-01 9.73097324e-01 4.77552056e-01
    4.93662328e-01 5.88292360e-01 6.40051901e-01 1.16701514e-01
    4.76069421e-01 6.11466229e-01 4.09716368e-03 7.55474806e-01
    5.31802177e-01 3.89455825e-01 1.79149657e-01 9.57216859e-01
    1.36904120e-02 2.83074200e-01 7.89571047e-01 5.91754317e-01
    9.55918670e-01 8.49514544e-01 8.16340208e-01 2.59674788e-01
    4.95218396e-01 1.13336504e-01 3.69291067e-01 1.48919761e-01
    8.05446386e-01 4.72596794e-01 3.54440808e-01 1.05412811e-01
    6.72881961e-01 9.36979413e-01 1.91666156e-01 8.53042483e-01
    1.13335222e-01 1.80792928e-01 4.88146663e-01 7.38995969e-01
    6.59537196e-01 6.18629694e-01 2.70686418e-01 6.24052346e-01
    4.63265151e-01 5.75006843e-01 8.88013721e-01 5.81674278e-02
    6.18426740e-01 2.29224473e-01 1.32905185e-01 5.91271698e-01
    1.87178850e-01 8.84093165e-01 7.93870449e-01 2.63227820e-02
    2.25951821e-01 7.52670765e-02 2.46259451e-01 1.33802772e-01
    1.70512915e-01 9.89967465e-01 9.27591503e-01 3.34218085e-01
    4.93763387e-01 3.26088130e-01 7.05807745e-01 3.60952675e-01
    8.46346736e-01 6.00564957e-01 5.32295704e-02 9.39569592e-01
    6.26641035e-01 6.62817001e-01 4.60804194e-01 7.41684794e-01
    5.82913697e-01 7.43251443e-02 2.42419839e-02 1.54970706e-01
    7.69900143e-01 2.58252263e-01 7.75615871e-01 9.15150642e-01
    4.60708827e-01 5.76168895e-01 1.09262168e-02 2.00305492e-01
    1.10740662e-01 6.69710338e-01 3.28124344e-01 8.28490078e-01
    4.98492748e-01 3.85493785e-01 3.19255292e-01 6.43960238e-02
    6.28431559e-01 2.30055422e-01 4.57682222e-01 9.35332179e-01
    5.92090487e-01 7.69636035e-01 1.79800600e-01 5.63260913e-02
    8.57144356e-01 1.71455592e-01 3.83582950e-01 2.80112982e-01
    8.26708317e-01 7.62391984e-01 4.36258554e-01 6.78764403e-01
    3.11947167e-02 4.24428821e-01 6.62664831e-01 5.25584519e-01
    9.92399096e-01 7.95854628e-02 6.69138491e-01 4.13809389e-01
    3.50152701e-01 1.52086526e-01 8.85322452e-01 7.86618590e-01
    9.82934952e-01 9.20301676e-02 7.55714655e-01 5.83776414e-01
    3.15218866e-01 1.77156031e-01 7.22442448e-01 4.67128873e-01
    2.86934555e-01 3.11024368e-01 3.11493337e-01 5.19006729e-01
    6.48709834e-01 1.90101027e-01 3.23023200e-01 2.22856343e-01
    8.25382054e-01 7.66245961e-01 4.42271680e-01 7.26793885e-01
    3.95980358e-01 1.64630651e-01 8.46899331e-01 6.78609431e-01
    4.16229278e-01 5.39579570e-01 6.91624165e-01 3.94039690e-01
    7.53441155e-01 1.77587926e-01 4.74675715e-01 5.33247828e-01
    1.32019520e-02 4.46418494e-01 7.33321428e-01 9.87977087e-02
    3.39923859e-01 3.50356996e-01 1.42139792e-01 2.10716277e-01
    4.64254618e-03 2.57132500e-01 2.21138805e-01 2.30510533e-02
    8.13664675e-01 6.63022041e-01 4.63145524e-01 6.46412671e-02
    9.32273984e-01 9.93549526e-02 1.20470762e-01 3.84933740e-01
    1.82538003e-01 6.64828718e-02 6.97488427e-01 8.25749993e-01
    8.36337805e-02 1.97560012e-01 1.56048089e-01 9.46830273e-01
    5.64064085e-02 6.62735105e-02 1.65560722e-01 5.79028010e-01
    7.49552429e-01 4.75829720e-01 8.75457525e-01 9.63413119e-01
    2.84144223e-01 1.10565811e-01 5.53255916e-01 3.30430955e-01
    8.97939861e-01 4.28804159e-01 3.13772053e-01 1.20841324e-01
    6.79719329e-01 4.86032248e-01 1.70104176e-01 1.66491926e-01
    6.49375081e-01 7.60965049e-01 6.90250456e-01 1.45910710e-01
    6.04951024e-01 4.52015847e-01 3.64030391e-01 9.87499714e-01
    3.17526400e-01 8.91735911e-01 6.66702449e-01 6.77914739e-01
    1.12645030e-02 8.22550178e-01 1.16321772e-01 9.71990824e-03
    1.16083592e-01 9.42197442e-02 5.61746955e-01 6.74065650e-01
    6.84977412e-01 6.82300746e-01 3.41913521e-01 4.25025821e-03
    4.34813797e-02 4.90269423e-01 2.02116013e-01 2.17696488e-01
    2.53404975e-01 5.89907050e-01 9.05808091e-01 4.19269294e-01
    8.72130394e-01 3.84035558e-01 2.36724824e-01 9.12467837e-01
    3.28122616e-01 7.91836023e-01 8.99369240e-01 5.70466816e-01
    2.46649146e-01 3.93374026e-01 2.83662140e-01 1.76676810e-02
    9.92456317e-01 6.85500562e-01 2.15830743e-01 7.37258554e-01
    1.98567927e-01 7.91192770e-01 7.25135803e-02 9.81792331e-01
    2.97541410e-01 5.55821657e-01 1.56044573e-01 6.55934811e-01
    3.30662549e-01 1.27170920e-01 2.77827263e-01 7.86880016e-01
    8.40120792e-01 2.86107212e-01 2.16615140e-01 9.21495199e-01
    5.83971262e-01 1.38208032e-01 6.06300414e-01 6.13321066e-01
    1.22087598e-02 6.52232885e-01 9.72894609e-01 6.19203150e-02
    2.29598314e-01 1.46972179e-01 6.92522049e-01 4.78286445e-01
    6.27925336e-01 6.31586075e-01 6.55683875e-01 9.25996482e-01
    8.27950120e-01 7.49654710e-01 4.26306725e-01 4.61329550e-01
    2.65901983e-01 8.91777992e-01 7.88473189e-01 6.42997324e-02
    9.55818415e-01 6.55167937e-01 8.16402137e-01 6.22317493e-02
    2.96982110e-01 3.22137833e-01 8.28963757e-01 5.12849391e-01
    4.51296717e-01 1.03165686e-01 5.41433871e-01 9.21625137e-01
    6.19885504e-01 7.37828851e-01 6.74703062e-01 7.12284565e-01
    3.18579972e-01 5.31163692e-01 2.26381838e-01 5.79073310e-01
    2.30568320e-01 6.88494682e-01 5.97641230e-01 3.23463142e-01
    2.80490875e-01 4.03533399e-01 5.91873944e-01 7.66332984e-01
    7.19085455e-01 1.34074330e-01 6.25062227e-01 8.96743774e-01
    9.62420344e-01 8.31072450e-01 5.64449728e-01 3.96517247e-01
    6.41378343e-01 8.91391993e-01 4.53509957e-01 9.61139858e-01
    3.79657179e-01 5.19846857e-01 3.74364674e-01 6.85185790e-01
    8.05322051e-01 9.12622929e-01 9.90198731e-01 7.46837676e-01
    3.69247377e-01 5.11726737e-01 4.56812501e-01 2.20712155e-01
    7.68152356e-01 5.27699292e-01 2.38687128e-01 4.60882574e-01
    5.20604253e-02 8.51676941e-01 7.71473646e-01 9.99113202e-01
    8.66283298e-01 8.18308532e-01 8.17609131e-01 5.55443168e-01
    7.65843511e-01 5.66426635e-01 8.01929474e-01 8.31311226e-01
    3.76214743e-01 9.22636688e-02 6.42343760e-01 9.01907206e-01
    4.78582770e-01 3.45485002e-01 3.56171727e-01 6.12064481e-01
    2.79236794e-01 5.88378847e-01 7.06257820e-01 7.95875311e-01
    4.12306696e-01 7.32989609e-02 4.24146831e-01 6.78743243e-01
    3.04722726e-01 6.90679073e-01 4.15164411e-01 9.97046947e-01
    2.01760173e-01 5.98327816e-01 7.23035038e-02 1.70962393e-01
    8.90975893e-02 4.06312376e-01 9.42498446e-03 6.41596198e-01
    2.68575311e-01 9.72963929e-01 1.40316993e-01 2.30957806e-01
    2.05390215e-01 3.41005445e-01 4.93437618e-01 5.92149854e-01
    6.50170326e-01 2.64281631e-01 5.56939840e-02 9.96884704e-01
    7.15033174e-01 8.69447112e-01 2.95975387e-01 7.24587083e-01
    1.70777261e-01 2.34640718e-01 1.34121001e-01 7.87046194e-01
    1.12924725e-01 5.88848054e-01 9.61817443e-01 4.67184603e-01
    2.09397256e-01 6.55409098e-02 5.16754746e-01 7.35156000e-01
    1.06737852e-01 4.24268365e-01 4.24278080e-01 6.69178903e-01
    5.95283687e-01 5.80507815e-02 4.61912155e-02 4.70922142e-01
    7.28019714e-01 6.99115753e-01 3.62886786e-02 7.76593149e-01
    1.59724504e-01 1.77653611e-01 6.70766294e-01 8.42796028e-01
    3.08078408e-01 8.51934433e-01 2.21621871e-01 4.64367330e-01
    7.42379904e-01 4.60983574e-01 4.10610914e-01 5.34828305e-02
    3.12058151e-01 1.51967973e-01 8.95586908e-02 1.62071496e-01
    3.85601044e-01 6.18723989e-01 9.91318703e-01 3.88454825e-01
    1.25026107e-02 6.71749711e-01 2.17807442e-01 5.05665839e-01
    2.03962296e-01 4.65346336e-01 3.01710188e-01 3.05421859e-01
    9.11009967e-01 6.77778125e-01 3.75533402e-01 1.17437750e-01
    5.74202120e-01 6.05724514e-01 9.76417661e-01 9.94915009e-01
    2.84445763e-01 7.45690405e-01 9.35891867e-01 6.50416613e-02
    4.34134305e-01 3.98498774e-01 4.99253273e-02 9.00913477e-02
    9.68599319e-01 8.16370726e-01 2.76705503e-01 4.52210605e-02
    5.40723622e-01 4.07329798e-01 5.75615287e-01 2.12054849e-02
    2.60675669e-01 4.91734147e-02 2.97326922e-01 2.20347345e-01
    3.90231192e-01 9.66792226e-01 3.08902264e-01 1.27759159e-01
    1.43350005e-01 4.57608521e-01 5.05347192e-01 2.26212740e-01
    3.81840169e-02 3.29617798e-01 1.13936305e-01 9.80614424e-01
    1.70371890e-01 5.22875607e-01 9.11605716e-01 9.39874649e-01
    7.96763182e-01 4.46281791e-01 6.71062112e-01 6.30954444e-01
    2.81929791e-01 9.50836599e-01 3.69568050e-01 6.11618578e-01
    8.67959380e-01 9.13167953e-01 2.72548735e-01 8.40310752e-01
    2.07874268e-01 9.01156664e-01 1.78575248e-01 8.59068274e-01
    3.01403761e-01 6.30294204e-01 4.78472024e-01 5.15259087e-01
    4.06122088e-01 1.55806184e-01 2.14706361e-01 6.45785451e-01
    6.48553848e-01 1.80765748e-01 6.45718753e-01 7.62338281e-01
    2.90474415e-01 4.55212057e-01 1.41254395e-01 5.68589747e-01
    9.65512633e-01 2.65178680e-01 2.39518911e-01 3.81532848e-01
    6.41523302e-02 6.58079147e-01 2.93802261e-01 2.42908210e-01
    7.88783848e-01 1.02909327e-01 7.68995285e-01 9.54050422e-01
    9.72868860e-01 2.51913071e-02 9.93993640e-01 3.38700116e-01
    7.02116966e-01 7.60519266e-01 8.75534713e-02 6.75176322e-01
    1.59320235e-01 2.12764651e-01 1.20718062e-01 7.78298736e-01
    9.68504429e-01 5.06607175e-01 6.94274426e-01 9.25839901e-01
    2.58383185e-01 5.78494132e-01 2.84144342e-01 2.33848870e-01
    3.57837647e-01 9.38810766e-01 9.10137653e-01 4.41224694e-01
    7.43659616e-01 4.52592760e-01 7.93125153e-01 6.48244321e-01
    9.33009982e-01 3.92899334e-01 8.71873558e-01 8.71282816e-03
    1.92780018e-01 9.50228214e-01 1.92543536e-01 3.38446856e-01
    9.30303633e-02 9.13128495e-01 9.45720315e-01 9.23834562e-01
    1.37291670e-01 5.28999209e-01 6.45641208e-01 4.79437143e-01
    1.13146961e-01 5.16621232e-01 8.10414195e-01 1.32625222e-01
    8.82457972e-01 9.14040864e-01 7.97787666e-01 4.27413583e-02
    2.10499406e-01 9.66634154e-01 8.82590652e-01 6.47182584e-01
    4.53782082e-03 5.16656816e-01 7.66853333e-01 8.76778483e-01
    6.68219507e-01 9.45267916e-01 4.86447841e-01 8.83520603e-01
    4.65633661e-01 7.53076315e-01 3.82467300e-01 1.46084636e-01
    6.35415077e-01 3.32796663e-01 8.74295592e-01 1.28332675e-02
    8.22275996e-01 5.01063526e-01 8.26592207e-01 4.32201385e-01
    9.78163123e-01 9.62353110e-01 6.41907215e-01 6.78548574e-01
    8.03779423e-01 9.73164558e-01 6.44723475e-01 2.94893384e-01
    9.77983773e-01 2.38098383e-01 6.64670467e-01 9.09547806e-01
    8.14071894e-01 1.91420436e-01 6.79555953e-01 2.31319666e-01
    5.45040607e-01 6.00131989e-01 4.64740664e-01 2.55010575e-01
    6.88246131e-01 1.68532163e-01 5.94873726e-02 4.18604016e-02
    4.38915133e-01 8.86811852e-01 3.40790391e-01 1.30620211e-01
    3.04832339e-01 9.91215646e-01 7.61766970e-01 3.60187292e-01
    1.02412939e-01 5.69573045e-02 1.60286367e-01 1.18807554e-02
    2.47108757e-01 8.92003059e-01 5.46908021e-01 3.75086963e-02
    6.09445572e-01 7.36174583e-01 8.80614221e-01 3.13989520e-02
    2.49226511e-01 7.40672767e-01 5.05670071e-01 7.47859597e-01
    3.59749466e-01 1.55233800e-01 8.74157667e-01 6.74115419e-01
    7.07123637e-01 8.29012871e-01 8.19816947e-01 9.51964498e-01
    9.91505265e-01 7.73710072e-01 7.06346273e-01 2.63519883e-02
    5.90646148e-01 5.32969415e-01 7.42556810e-01 6.01412356e-01
    7.61381626e-01 6.41376853e-01 8.41767907e-01 9.74249840e-03
    8.44208002e-01 5.41170061e-01 2.29845881e-01 4.62894976e-01
    8.36439848e-01 2.41033018e-01 3.25635612e-01 5.20692945e-01
    4.70821351e-01 2.16277152e-01 5.71462512e-01 9.90835428e-02
    8.75409603e-01 1.02395266e-01 7.98035562e-02 3.68698567e-01
    4.36510444e-01 6.78251386e-01 9.89682794e-01 8.57968032e-01
    1.56205446e-01 2.64349967e-01 4.84060735e-01 9.82781172e-01
    1.90469295e-01 8.67269874e-01 3.30986977e-01 9.86039221e-01
    1.64439112e-01 5.27883410e-01 6.57078266e-01 2.64394224e-01
    3.91158372e-01 3.86294037e-01 4.33038771e-02 9.29775834e-03
    6.24030709e-01 9.34845209e-01 8.82061362e-01 6.66212738e-02
    2.25046933e-01 9.19190288e-01 6.50211930e-01 4.36628491e-01
    9.06244814e-01 1.72062874e-01 4.57222253e-01 5.05248249e-01
    3.21389854e-01 8.66485417e-01 1.87899947e-01 9.46394980e-01
    9.92256403e-03 6.55437946e-01 3.81790102e-02 2.49855638e-01
    7.62755632e-01 5.74670911e-01 6.49234056e-01 2.29245782e-01
    2.27313042e-01 7.69430876e-01 3.24842453e-01 6.08714461e-01
    7.66486168e-01 5.64703703e-01 4.62047458e-02 5.62235832e-01
    2.68118441e-01 2.45535702e-01 6.55713439e-01 3.30078065e-01
    8.43787789e-02 9.54661846e-01 3.87466490e-01 8.61635268e-01
    5.64628005e-01 5.29419363e-01 6.36083543e-01 5.01366615e-01
    8.08139443e-01 1.92132294e-01 3.35389405e-01 5.27667284e-01
    7.64982104e-01 5.90011775e-02 9.69108224e-01 5.01641154e-01
    9.65618253e-01 6.77034140e-01 3.34100783e-01 2.97998726e-01
    7.38748193e-01 9.66652274e-01 8.17498386e-01 9.21144843e-01
    6.55154228e-01 9.56771016e-01 5.63547909e-02 2.86619008e-01
    9.70199823e-01 7.21774220e-01 4.00118321e-01 7.02565908e-01
    3.55387956e-01 5.01456380e-01 6.42940104e-02 8.84454250e-02
    7.09177792e-01 3.21617007e-01 5.01590073e-02 7.21192658e-01
    1.70038700e-01 3.41245770e-01 3.48806143e-01 4.22499478e-02
    8.82498980e-01 9.36356783e-01 5.15775561e-01 7.70463884e-01
    7.59396672e-01 1.85189188e-01 6.54235125e-01 4.48404700e-01
    4.45975989e-01 5.71347058e-01 3.45609993e-01 1.58265561e-01
    9.20985460e-01 7.22871125e-02 5.74847996e-01 5.51460207e-01
    2.47739017e-01 1.35912895e-01 7.92111397e-01 9.84373689e-01
    6.66902244e-01 5.85508525e-01 9.63191211e-01 1.71022326e-01
    4.94505435e-01 2.40668148e-01 7.65448093e-01 3.48346055e-01
    6.15499377e-01 8.26679111e-01 3.38565081e-01 6.52051806e-01
    6.72472239e-01 6.42506838e-01 5.47003746e-01 1.16700649e-01
    8.85747552e-01 2.50970840e-01 1.52443230e-01 4.28314477e-01
    6.65464640e-01 5.15015662e-01 9.45478916e-01 8.26509595e-01
    2.58716434e-01 4.47861314e-01 6.51297331e-01 2.29399979e-01
    4.50918406e-01 1.26830071e-01 3.14028472e-01 8.11928868e-01
    6.23332798e-01 5.64515889e-01 9.98178720e-02 4.23757732e-01
    3.08957219e-01 3.75469297e-01 6.40270114e-03 3.14681798e-01
    6.32616937e-01 7.72000074e-01 6.37087226e-01 3.10711831e-01
    3.02783877e-01 7.21974492e-01 3.08584481e-01 7.83142447e-01
    7.84805417e-03 6.69518769e-01 5.77400327e-01 3.67952406e-01
    3.96733046e-01 6.62349164e-01 8.77995253e-01 9.88955498e-01
    8.72056901e-01 3.70340824e-01 8.55409861e-01 2.65633225e-01
    9.42927539e-01 6.54142201e-02 8.23252797e-01 2.70211995e-02
    5.66971004e-01 6.72703981e-03 9.94889498e-01 7.95825005e-01
    9.84815836e-01 5.51549315e-01 2.05721289e-01 6.99124455e-01
    9.52009261e-01 7.01326966e-01 7.77391791e-01 7.96675920e-01
    9.49134171e-01 3.82674158e-01 5.87339163e-01 9.22650754e-01
    7.92509615e-02 9.21301067e-01 7.24226236e-04 6.92907274e-02
    3.33868653e-01 8.02791595e-01 5.99964917e-01 2.25059867e-01
    1.94939792e-01 9.56898034e-02 2.30650812e-01 5.10010540e-01
    1.54421300e-01 8.21719289e-01 1.61397338e-01 9.22345757e-01
    7.89388061e-01 3.06683183e-01 2.26489365e-01 6.15454912e-01
    6.29810810e-01 6.13217533e-01 9.77467239e-01 5.88162959e-01
    6.19389892e-01 5.77167630e-01 7.31454909e-01 8.05175781e-01
    2.74011195e-02 3.28586042e-01 9.09433842e-01 5.56669235e-01
    8.41436565e-01 1.55143291e-01 1.09518826e-01 1.85697407e-01
    1.67883664e-01 8.57029557e-02 6.20925844e-01 7.75714040e-01
    8.01011324e-01 7.08704174e-01 5.72490394e-01 5.22236526e-01
    2.04547614e-01 1.12261236e-01 3.25451434e-01 5.70356131e-01
    4.62394238e-01 5.83743632e-01 3.95811230e-01 1.43992990e-01
    4.82902735e-01 3.96786302e-01 8.89060259e-01 4.52467501e-01
    7.74788260e-02 2.23599523e-01 6.98380113e-01 6.03312194e-01
    1.70102715e-03 3.89317989e-01 6.51986778e-01 2.51559377e-01
    4.44754332e-01 4.09846365e-01 6.13832116e-01 3.02159071e-01
    3.46779317e-01 8.05131912e-01 8.10127974e-01 9.61113036e-01
    1.08093023e-03 5.05632460e-02 6.66576028e-01 9.31005120e-01
    5.74354231e-01 9.79700506e-01 9.65430558e-01 6.47896707e-01
    5.23512363e-01 2.93589592e-01 8.70544553e-01 9.13733721e-01
    6.99486732e-01 4.29483712e-01 4.31448221e-03 9.23418581e-01
    3.73035580e-01 2.50874579e-01 4.68405813e-01 1.20091051e-01
    6.18301928e-01 3.17945570e-01 2.39602149e-01 8.49643528e-01
    7.88784146e-01 9.63585615e-01 2.25113064e-01 7.17345953e-01
    5.01904607e-01 7.99648404e-01 9.52295959e-01 7.47743368e-01
    4.45687473e-01 9.05155241e-01 9.32451069e-01 1.22139901e-01
    4.82996017e-01 9.37932611e-01 5.83014727e-01 4.68519509e-01
    9.62629080e-01 8.33238959e-01 4.21117365e-01 1.90082341e-01
    9.03460741e-01 3.44716907e-02 3.78637731e-01 4.41483855e-02
    5.56897759e-01 8.35269928e-01 4.36100751e-01 2.15955287e-01
    1.39201015e-01 7.38502502e-01 3.49145532e-02 2.57352054e-01
    6.05547071e-01 2.77969003e-01 1.76510304e-01 1.56573355e-02
    2.14008719e-01 1.44341230e-01 2.13169158e-01 2.95598775e-01
    8.39802384e-01 9.19606090e-01 7.44563818e-01 5.43408573e-01
    7.91652203e-01 9.77609158e-01 4.90983158e-01 5.68430603e-01
    3.21190000e-01 9.79518890e-03 8.89073968e-01 5.71428061e-01
    2.08537489e-01 9.53522325e-01 7.13386834e-02 8.07026327e-01
    8.41588080e-02 2.38030642e-01 2.71734297e-01 7.27660596e-01
    4.94322777e-02 6.82555139e-02 2.18976021e-01 2.48095036e-01
    9.10041928e-01 9.97386754e-01 2.14326620e-01 1.83288544e-01
    1.46534443e-02 5.10647774e-01 9.09964919e-01 1.03442222e-01
    8.40969026e-01 7.74164021e-01 5.30434906e-01 5.02404869e-01
    2.55410194e-01 3.68306279e-01 8.74918938e-01 2.57073522e-01
    9.69766200e-01 5.21747768e-01 4.43053305e-01 2.51385570e-03
    7.62937963e-01 6.06329083e-01 9.80003476e-01 2.05747455e-01
    3.60945553e-01 9.83947992e-01 1.83896482e-01 2.81276405e-02
    2.37295300e-01 4.85985190e-01 1.65440947e-01 4.54800785e-01
    9.09134269e-01 7.01694429e-01 6.45058513e-01 6.69080615e-01
    9.89974618e-01 1.86893970e-01 5.70241332e-01 2.31559634e-01
    5.68507433e-01 1.72526181e-01 6.59424365e-02 5.92985988e-01
    5.79524159e-01 1.94150448e-01 2.85054028e-01 1.68859959e-01
    6.15614474e-01 7.17920244e-01 4.35301840e-01 1.17015749e-01
    4.98819590e-01 8.93642187e-01 5.07005155e-02 7.65677333e-01
    4.78439063e-01 4.78065908e-01 5.86114168e-01 9.67347503e-01
    3.42139065e-01 4.94409114e-01 7.91117311e-01 5.94023407e-01
    5.73293984e-01 4.11206335e-01 5.19349813e-01 8.68072271e-01
    9.74538565e-01 3.45335424e-01 5.64630032e-01 6.61306381e-01
    3.74289393e-01 8.24744105e-01 5.29269993e-01 5.13412058e-01
    7.64874339e-01 5.26144981e-01 6.83735847e-01 9.57029343e-01
    5.04150867e-01 6.98790908e-01 8.86273265e-01 9.30826426e-01
    6.17788196e-01 1.49008006e-01 2.02279478e-01 1.25085890e-01
    6.24780715e-01 5.08334398e-01 3.30421627e-02 5.60435295e-01
    4.87412363e-01 7.08146095e-01 9.65074003e-02 1.24968857e-01
    8.62664640e-01 8.09903026e-01 8.88871968e-01 5.18239617e-01
    8.67803574e-01 1.58608288e-01 8.20138931e-01 7.12474942e-01
    4.59284067e-01 6.32523060e-01 6.90135837e-01 6.13764226e-02
    5.29135406e-01 7.12098241e-01 1.36016965e-01 9.24073040e-01
    8.08266282e-01 8.05562615e-01 5.76263428e-01 8.96734893e-01
    6.92855537e-01 4.23259437e-02 4.57551748e-01 7.15066135e-01
    4.80633378e-01 1.55895025e-01 6.13372803e-01 1.35163486e-01
    2.81310529e-01 9.17030215e-01 1.63680196e-01 6.50371373e-01
    8.09026480e-01 6.69187307e-03 3.54664326e-01 3.52601022e-01
    2.32465804e-01 9.69639242e-01 6.74680352e-01 3.00094247e-01
    9.02826428e-01 8.87507677e-01 2.68645585e-02 7.10113823e-01
    8.00367951e-01 8.47007394e-01 5.69631159e-01 1.95535153e-01
    7.22211599e-01 7.20893562e-01 2.18220443e-01 3.27259719e-01
    2.73775458e-02 3.60669792e-01 6.60947800e-01 3.69710505e-01
    9.85246360e-01 9.23455715e-01 5.54544508e-01 9.10106719e-01
    6.81413174e-01 7.78837681e-01 5.69639385e-01 8.47344518e-01
    8.27189803e-01 4.54106927e-02 8.30405414e-01 2.15229392e-01
    9.12402809e-01 6.21162772e-01 2.17704773e-02 4.11548048e-01
    5.65700173e-01 4.66670930e-01 7.53697574e-01 7.17797041e-01
    6.22331321e-01 7.32739806e-01 4.40280199e-01 1.44471198e-01
    2.12082565e-01 7.91638017e-01 2.42477775e-01 5.87292552e-01
    3.72263759e-01 8.09351683e-01 9.76536393e-01 6.92677855e-01
    3.75860333e-02 3.21072638e-01 3.24241221e-01 4.30558264e-01
    5.85897088e-01 8.10213208e-01 6.45261288e-01 7.61011064e-01
    8.68245721e-01 3.42985600e-01 9.45271254e-01 1.23114645e-01
    6.43344343e-01 9.31968510e-01 8.64107132e-01 8.22356343e-01
    2.18516171e-01 8.57791781e-01 3.01740408e-01 3.42831999e-01
    8.32730949e-01 5.75146914e-01 2.69375503e-01 4.90390211e-01
    9.50371027e-01 9.57291007e-01 3.29896569e-01 5.69780111e-01
    9.61686373e-02 6.66734338e-01 9.79416609e-01 7.32815266e-02
    9.27172303e-02 8.64639044e-01 2.71176636e-01 3.51557314e-01
    5.25311947e-01 7.57931709e-01 5.76788187e-03 5.68202198e-01
    6.02475464e-01 9.36384678e-01 2.74102241e-01 4.66273993e-01
    7.28690267e-01 2.51145542e-01 1.85875416e-01 2.92260468e-01
    6.23283029e-01 1.90642238e-01 6.11356854e-01 8.27778161e-01
    7.11207390e-01 2.65546322e-01 6.73252225e-01 1.54415727e-01
    1.91678971e-01 6.62355423e-01 7.38905609e-01 2.49365687e-01
    7.94326186e-01 9.94067669e-01 5.21734416e-01 6.10006750e-02
    9.49987292e-01 2.12527514e-01 5.49489081e-01 8.10135603e-01
    8.94511342e-01 2.86924362e-01 3.54064643e-01 6.24200165e-01
    2.39037544e-01 7.08581924e-01 8.84917736e-01 6.22656643e-02
    3.12549889e-01 4.14927542e-01 4.04635042e-01 4.75370735e-01
    8.60946774e-01 1.69894159e-01 7.91126788e-01 8.57165694e-01
    6.79999769e-01 3.01887810e-01 8.63570213e-01 9.33228016e-01
    6.94612861e-02 1.52084976e-01 6.90209508e-01 2.40213573e-01
    5.97954750e-01 7.76071787e-01 5.09398580e-01 1.30797148e-01
    6.06143475e-01 9.36139464e-01 6.61779046e-01 7.23783493e-01
    1.51928961e-02 8.30771744e-01 5.11806786e-01 6.52481079e-01
    4.53491926e-01 5.24797916e-01 2.56908536e-02 7.36712933e-01
    4.66529131e-02 5.01727343e-01 4.38985765e-01 5.30654609e-01
    5.79408228e-01 2.09604561e-01 4.66905236e-01 8.65306497e-01
    1.16163492e-02 8.58644783e-01 5.44826210e-01 8.16326857e-01
    1.98540777e-01 4.76813018e-01 2.33676314e-01 4.56417412e-01
    8.52309823e-01 7.90309608e-02 4.59303260e-01 5.34413278e-01
    1.12031341e-01 2.09014267e-01 6.74199224e-01 3.45451146e-01
    8.15395176e-01 6.32747293e-01 1.33672804e-01 2.16705531e-01
    9.64447975e-01 8.69598508e-01 3.18278074e-02 1.50620103e-01
    5.41010916e-01 2.06400633e-01 4.04449195e-01 9.36710536e-01
    4.19185162e-02 6.91447258e-02 4.58119512e-02 1.82592154e-01
    3.83246630e-01 2.08837837e-01 7.55959868e-01 3.70821267e-01
    1.69649810e-01 1.76903307e-02 5.18209696e-01 7.87211955e-01
    2.89443940e-01 5.80513835e-01 1.35997832e-01 6.78004920e-01
    5.74515462e-01 6.90831184e-01 1.95704699e-02 1.69161707e-01
    9.49160099e-01 8.47720146e-01 5.99043012e-01 2.90071011e-01
    8.09278786e-01 2.26705194e-01 4.37482804e-01 3.88595968e-01
    5.61068118e-01 5.28986633e-01 1.75330192e-01 4.43155885e-01
    8.24348450e-01 5.48511744e-02 1.93790019e-01 3.56957436e-01
    9.38717484e-01 8.61086130e-01 3.06972980e-01 3.33726317e-01
    9.04030919e-01 2.82354295e-01 8.09626579e-01 5.68904996e-01
    8.01966548e-01 1.14545107e-01 7.94359446e-02 7.62712002e-01
    7.06999242e-01 9.23103213e-01 8.58773112e-01 3.08887720e-01
    5.13879716e-01 4.70829606e-02 5.71772754e-01 9.90071416e-01
    7.71919787e-02 7.51679420e-01 9.89730358e-01 5.83175838e-01
    8.28745961e-03 2.13094562e-01 1.06356651e-01 8.44980001e-01
    4.10106480e-02 7.05613256e-01 1.19888544e-01 8.23768735e-01
    4.41952705e-01 7.85163879e-01 8.99195969e-01 1.99581087e-02
    6.99729025e-01 1.06576502e-01 6.38078272e-01 2.60768652e-01
    1.84325755e-01 6.37044430e-01 5.35173476e-01 6.91702545e-01
    2.62174815e-01 8.21532726e-01 7.86434412e-02 5.93484402e-01
    9.44772065e-01 6.45488858e-01 5.83037913e-01 7.45525956e-01
    6.31769538e-01 1.73025578e-01 6.84829950e-01 2.25399643e-01
    9.63327527e-01 4.88720298e-01 5.09261012e-01 8.62406731e-01
    3.45634222e-01 9.41183805e-01 8.22433114e-01 9.99146879e-01
    5.40628195e-01 9.14145947e-01 9.01012897e-01 1.26808822e-01
    9.63179231e-01 8.14175904e-02 5.22921264e-01 4.90749270e-01
    3.43927979e-01 4.89605755e-01 2.02189982e-01 4.62529659e-01
    8.73386800e-01 6.63456142e-01 9.49826717e-01 3.87570024e-01
    8.56592298e-01 8.41693401e-01 2.23033428e-01 1.74011648e-01
    8.75675559e-01 8.07384431e-01 1.41664147e-01 5.54294109e-01
    1.12269729e-01 8.87080908e-01 6.50952756e-01 4.64992434e-01
    4.29931760e-01 4.78361696e-01 2.16151327e-01 7.35280454e-01
    4.81963992e-01 7.99610257e-01 4.34830248e-01 4.18952614e-01
    5.26836336e-01 6.50735080e-01 9.86123085e-01 8.26412439e-01
    2.18845934e-01 6.14401340e-01 1.42052799e-01 3.31582367e-01
    6.06787324e-01 3.32390577e-01 4.58990544e-01 7.21981108e-01
    7.32232451e-01 5.62050283e-01 4.74225879e-01 3.82801950e-01
    9.93195534e-01 4.99250233e-01 2.93489575e-01 8.49072933e-01
    2.48156995e-01 6.03592157e-01 6.57154202e-01 3.61910284e-01
    7.58651733e-01 4.96021390e-01 9.98196483e-01 1.59576446e-01
    3.83144319e-02 1.76747173e-01 6.15317404e-01 8.13163400e-01
    2.44984478e-01 9.08231020e-01 7.46148705e-01 4.08993930e-01
    6.92827463e-01 8.24281454e-01 7.40039408e-01 1.42759085e-02
    4.77085024e-01 6.36861086e-01 9.12310481e-01 6.10397041e-01
    4.06585336e-02 2.43416727e-02 4.84559685e-01 4.80159909e-01
    1.42885834e-01 1.81319445e-01 8.87352824e-01 5.92591524e-01
    1.21405810e-01 5.90099514e-01 3.83754671e-01 6.99536860e-01
    7.86601186e-01 1.69014633e-01 8.79122972e-01 2.90040076e-01
    7.25981474e-01 1.80690378e-01 1.99694991e-01 6.67358279e-01
    7.67666936e-01 1.97437108e-01 6.52938604e-01 4.62870210e-01
    7.29582369e-01 8.81365240e-02 8.03487897e-02 9.88856673e-01
    4.78015333e-01 7.84417093e-02 6.37041509e-01 7.23143816e-01
    8.44118118e-01 9.98096108e-01 1.66975290e-01 6.16745770e-01
    8.62670660e-01 3.54119062e-01 8.52836847e-01 2.44379222e-01
    5.53229272e-01 4.17378753e-01 5.51418066e-02 9.99160469e-01
    8.55492830e-01 9.98436570e-01 8.62969279e-01 6.55101240e-01
    8.09825063e-01 3.05490971e-01 4.10179794e-01 6.40864491e-01
    3.00891876e-01 7.80972242e-02 9.92691517e-02 7.67915845e-02
    2.97997266e-01 9.06098366e-01 3.33517790e-03 5.29735088e-02
    4.98076975e-01 2.54376650e-01 1.67209119e-01 6.13224030e-01
    2.34043598e-03 2.47425586e-01 3.60727847e-01 2.85167217e-01
    3.80141884e-01 5.40678978e-01 3.57297361e-02 8.59465897e-01
    5.43272674e-01 2.59662867e-02 8.46996307e-01 9.10896003e-01
    9.94236469e-01 4.85973477e-01 6.13836944e-02 2.36801386e-01
    7.10067093e-01 9.12604451e-01 3.25324714e-01 9.05350566e-01
    3.34999382e-01 1.98555768e-01 6.16489053e-01 7.64204741e-01
    8.52885187e-01 3.58825535e-01 1.06994212e-02 3.37840140e-01
    5.76693058e-01 7.51806378e-01 2.95306534e-01 3.84594023e-01
    8.24746668e-01 2.13887572e-01 7.94302225e-01 5.67871094e-01
    1.92753226e-01 9.19472694e-01 3.72874677e-01 1.11322790e-01
    4.13407385e-02 7.45951176e-01 2.75371432e-01 9.01552379e-01
    5.22172451e-03 9.93349254e-01 5.25282979e-01 1.06528699e-02
    6.02299392e-01 1.21395588e-01 7.46961236e-02 8.82656693e-01
    4.64339405e-01 8.34712029e-01 3.08284521e-01 4.55744565e-01
    8.66280913e-01 2.38453329e-01 6.18628979e-01 5.88266611e-01
    7.63602555e-01 2.42261440e-01 7.24463940e-01 2.17395425e-02
    4.89936024e-01 7.79363096e-01 3.25901031e-01 2.02340484e-01
    1.43596232e-01 6.28976703e-01 9.91390467e-01 7.55035162e-01
    9.17301774e-02 8.23446274e-01 4.46485341e-01 8.68676901e-02
    7.63693571e-01 8.81115913e-01 1.78031951e-01 4.35843110e-01
    3.08157563e-01 3.98499310e-01 5.48548877e-01 2.07170337e-01
    1.05712116e-02 1.37585551e-01 3.63864601e-02 9.12539303e-01
    1.62283808e-01 7.57537007e-01 4.75235283e-01 9.13884759e-01
    6.23998106e-01 1.00644529e-02 1.06920004e-02 2.01101542e-01
    2.42904931e-01 3.53830189e-01 8.69641662e-01 2.23843336e-01
    1.12971395e-01 6.75794542e-01 1.59645081e-01 5.99196315e-01
    6.41163349e-01 2.82319665e-01 9.39164162e-01 5.85258722e-01
    4.51558232e-01 6.90917432e-01 3.63748193e-01 8.44609439e-01
    3.54492128e-01 8.36400330e-01 9.16593909e-01 4.44251925e-01
    2.64359266e-01 4.81275290e-01 6.04015708e-01 1.78398877e-01
    4.22638178e-01 5.88792801e-01 6.75121844e-01 3.62053066e-01
    7.63025522e-01 4.78035301e-01 9.87474144e-01 6.63797259e-01
    1.98535889e-01 5.09152174e-01 6.34702802e-01 6.55445516e-01
    3.00513804e-01 4.10801709e-01 5.39931297e-01 8.32213402e-01
    1.48806155e-01 6.21444821e-01 6.41162634e-01 6.95360541e-01
    8.86402607e-01 8.66882920e-01 3.18821102e-01 6.11236870e-01
    9.13615704e-01 4.88351732e-01 9.39500928e-01 7.50439048e-01
    1.30954921e-01 7.65705287e-01 4.44736898e-01 8.16412807e-01
    3.00593257e-01 4.14338261e-01 6.88137054e-01 1.48052573e-01
    4.98672426e-01 5.56127131e-01 8.40008199e-01 5.19593477e-01
    1.01985544e-01 4.25012141e-01 6.87272251e-02 6.45027637e-01
    1.89585268e-01 4.99200821e-03 9.44558024e-01 1.66310877e-01
    8.15766931e-01 4.35423851e-01 5.85972369e-02 2.66612887e-01
    1.99812621e-01 5.20878553e-01 5.42234182e-02 7.00047255e-01
    8.59788299e-01 3.35327744e-01 9.36918974e-01 3.93211544e-01
    4.67083395e-01 4.07142371e-01 2.45503187e-01 9.33997869e-01
    6.50974751e-01 9.13719535e-02 8.58952820e-01 9.73422289e-01
    3.64643335e-03 2.64809430e-01 2.72216290e-01 1.94887578e-01
    6.93709731e-01 2.43412346e-01 1.77122474e-01 7.07459867e-01
    9.04987633e-01 7.08484054e-01 6.61854327e-01 4.73028064e-01
    9.74244952e-01 1.65929198e-02 5.80170572e-01 8.51172447e-01
    6.78292155e-01 7.17959106e-01 6.32359266e-01 5.23866117e-01
    5.72402358e-01 5.17486334e-02 8.28422129e-01 3.22882891e-01
    8.89576375e-01 9.07118022e-02 1.40713155e-02 6.10263824e-01
    9.81161594e-01 9.37135875e-01 1.48147166e-01 8.09007704e-01
    6.18299603e-01 4.80152339e-01 6.45716071e-01 7.26734877e-01
    2.56374806e-01 2.75518119e-01 9.62984562e-01 5.16185641e-01
    5.01484931e-01 4.62946713e-01 4.43586975e-01 4.52598900e-01
    5.81492007e-01 4.21396494e-02 4.89185989e-01 6.69045210e-01
    6.11394167e-01 6.20838523e-01 5.71821868e-01 9.67956066e-01
    6.15243018e-01 8.40623975e-01 3.71845067e-01 6.94028974e-01
    8.26800883e-01 3.07357609e-02 9.78124440e-01 6.93053842e-01
    2.95981705e-01 1.16414726e-02 9.44599092e-01 8.34481895e-01
    5.90865135e-01 4.06941921e-01 6.69367433e-01 4.46813405e-01
    5.72823942e-01 2.29728520e-01 2.93190449e-01 7.70878732e-01
    1.14375442e-01 6.97330952e-01 6.67585313e-01 1.35286868e-01
    3.91636610e-01 1.01907015e-01 7.19997227e-01 3.43195319e-01
    8.19224477e-01 7.06779599e-01 1.86203539e-01 1.20827258e-02
    4.02800113e-01 3.22911680e-01 8.87009621e-01 6.92064822e-01
    9.72303391e-01 5.88072240e-01 9.11705673e-01 8.65468979e-02
    3.02069902e-01 2.36735642e-01 4.71125633e-01 1.45300031e-01
    5.26166081e-01 4.04642642e-01 1.22591078e-01 1.88683182e-01
    3.33663255e-01 1.57715470e-01 1.56176299e-01 9.90999222e-01
    5.65316141e-01 7.08442092e-01 3.49680096e-01 9.35757875e-01
    5.47580957e-01 2.18598247e-02 5.00038743e-01 3.87971699e-02
    6.77823484e-01 8.04363251e-01 7.79916048e-01 5.09995818e-01
    1.35618091e-01 9.68304634e-01 1.83419496e-01 5.23265660e-01
    4.00567234e-01 8.31396103e-01 4.84962434e-01 5.71793139e-01
    1.87105268e-01 2.27156579e-01 8.55043054e-01 6.04078591e-01
    6.15344524e-01 7.04113364e-01 9.14510846e-01 8.66199493e-01
    7.31495202e-01 9.81219530e-01 2.71813452e-01 7.82546222e-01
    9.02012587e-02 1.41460866e-01 5.85124552e-01 1.71157926e-01
    2.77771771e-01 7.63553381e-01 8.17150474e-01 6.06758475e-01
    2.03377426e-01 9.98877048e-01 2.73564041e-01 5.03771007e-02
    9.92941141e-01 3.99564326e-01 5.72215974e-01 8.54182124e-01
    6.56359851e-01 9.23605919e-01 2.85638124e-01 3.42992604e-01
    5.65406322e-01 1.63285881e-01 3.58118713e-02 8.73505771e-01
    5.90304196e-01 7.20975637e-01 1.31858706e-01 4.73396182e-01
    4.25639957e-01 4.20380682e-01 5.51530123e-01 5.64182699e-01
    5.54367363e-01 4.67106640e-01 1.30022585e-01 7.86515176e-01
    6.53887868e-01 9.10282731e-01 1.38913482e-01 3.30176175e-01
    9.86250162e-01 1.03849530e-01 3.48107338e-01 6.78104222e-01
    5.95574558e-01 8.35853934e-01 5.64959109e-01 9.23568010e-03
    1.58468127e-01 5.02230644e-01 3.85650396e-01 2.07088709e-01
    4.52773213e-01 1.39768392e-01 2.24653214e-01 8.89092445e-01
    2.02204853e-01 8.36031735e-02 2.66718566e-01 8.31986547e-01
    7.36953378e-01 2.74624556e-01 3.07745695e-01 2.61563897e-01
    1.64466202e-02 8.07567835e-01 6.44655824e-02 9.33817506e-01
    4.17629480e-02 4.22365636e-01 1.00416839e-02 9.86470401e-01
    9.97923195e-01 6.41619921e-01 5.60600400e-01 1.50621712e-01
    6.79207087e-01 1.40918404e-01 1.28791332e-01 5.44340491e-01
    7.98997402e-01 1.08251721e-01 6.44303083e-01 8.85698795e-01
    5.79784572e-01 9.64607477e-01 2.93757528e-01 8.03475261e-01
    6.16306245e-01 5.49358904e-01 9.76195335e-01 6.62297606e-02
    9.22442198e-01 2.37845182e-02 7.30420291e-01 9.48539495e-01
    7.78641582e-01 9.40467298e-01 7.55418122e-01 4.51350480e-01
    4.35805917e-01 4.88988161e-01 7.93662071e-01 6.81774557e-01
    7.40743876e-01 5.29823542e-01 3.61899763e-01 1.76498443e-01
    6.13014281e-01 9.92968261e-01 2.43365049e-01 7.49847770e-01
    9.75114405e-02 4.34456229e-01 2.88829982e-01 1.46212280e-01
    8.82164598e-01 9.42360044e-01 2.15724617e-01 2.17213541e-01
    1.67826474e-01 3.57602894e-01 1.66485369e-01 1.69354796e-01
    8.54470730e-02 5.62716484e-01 4.46861446e-01 6.92881942e-02
    5.46112418e-01 7.26098359e-01 4.68874991e-01 2.71639824e-01
    1.66535735e-01 3.74092579e-01 8.44206691e-01 8.09903026e-01
    2.67988384e-01 1.51768953e-01 9.60062861e-01 1.77492678e-01
    2.76185244e-01 9.32529867e-01 4.50970143e-01 6.40265107e-01
    3.65677327e-01 6.21737123e-01 3.49150598e-01 2.83912301e-01
    4.45371568e-01 5.45397222e-01 8.66156518e-01 3.92129928e-01
    2.16301382e-02 2.34508723e-01 8.51993144e-01 2.49144346e-01
    4.85516340e-01 6.98631942e-01 4.72804189e-01 8.84524763e-01
    7.65091062e-01 3.31761599e-01 3.36468041e-01 1.73125416e-01
    5.93034685e-01 8.26640368e-01 5.57920754e-01 3.02004874e-01
    9.78104711e-01 4.22155619e-01 9.98741090e-01 6.08608663e-01
    6.51288509e-01 2.54551947e-01 8.85379910e-01 3.60851586e-02
    2.68465251e-01 8.17822456e-01 4.13739800e-01 7.78929591e-01
    2.13120729e-01 6.63814247e-02 7.28787363e-01 5.74578404e-01
    9.99608397e-01 7.75406003e-01 3.03498775e-01 9.79745686e-02
    1.97042406e-01 1.50125206e-01 5.34360349e-01 7.27694392e-01
    9.69334066e-01 6.28129184e-01 1.89292789e-01 5.38130105e-01
    9.69726980e-01 1.41434878e-01 1.49807632e-01 3.32025468e-01
    2.79342979e-01 6.37046933e-01 4.52684462e-01 9.03194487e-01
    7.55884230e-01 4.74062234e-01 8.93130481e-01 4.85465378e-01
    9.21694756e-01 7.32586980e-01 4.77100670e-01 5.45068383e-02
    3.22037101e-01 2.32286900e-01 6.62846565e-01 4.38216984e-01
    3.82872581e-01 9.49455500e-02 4.49884444e-01 4.29705709e-01
    9.37352359e-01 1.54886842e-01 2.77175069e-01 8.53327572e-01
    7.32402325e-01 6.67068541e-01 9.79329884e-01 3.27194273e-01
    5.93025506e-01 1.77989542e-01 8.03846717e-01 6.13150716e-01
    5.22503734e-01 9.54212010e-01 7.46639132e-01 3.23284984e-01
    6.11877441e-02 1.71477199e-02 6.12432241e-01 9.13379431e-01
    5.33190072e-01 5.38355470e-01 7.41185129e-01 1.09487623e-01
    2.84206480e-01 2.08046854e-01 3.01404446e-01 9.36625242e-01
    8.60882163e-01 2.16068536e-01 4.85747099e-01 1.17102444e-01
    5.69365025e-01 1.44207209e-01 9.08846259e-01 4.51824218e-01
    6.08756602e-01 6.88004494e-02 6.41179562e-01 4.47643727e-01
    8.07138681e-01 8.20368171e-01 7.16907263e-01 7.12593198e-01
    9.70824957e-01 9.85451102e-01 2.09786654e-01 9.88992214e-01
    8.04633498e-01 2.05767274e-01 6.40668750e-01 2.08887368e-01
    9.70883965e-02 2.92703539e-01 4.72762048e-01 5.23690701e-01
    9.86096561e-01 2.43788898e-01 9.16340470e-01 6.60929620e-01
    8.76903057e-01 8.15616906e-01 1.78013891e-01 1.66993946e-01
    6.85245872e-01 7.00458884e-03 2.92751491e-01 6.81261718e-02
    9.10555780e-01 6.05519712e-02 4.16746527e-01 2.93409288e-01
    3.05743873e-01 6.80974185e-01 3.69553447e-01 1.13342077e-01
    5.19627094e-01 1.97939754e-01 9.49614406e-01 4.53121662e-01
    2.99210608e-01 8.25226068e-01 6.46111965e-01 1.10457301e-01
    1.39421403e-01 6.10471368e-01 5.68707168e-01 1.99391842e-02
    5.23077071e-01 7.88974047e-01 8.12480330e-01 4.99080002e-01
    1.10545367e-01 4.71121579e-01 3.97772998e-01 3.30736637e-02
    8.58204722e-01 5.30454814e-01 8.33056569e-01 3.02554816e-01
    8.64313006e-01 7.08094358e-01 5.07929683e-01 3.87580901e-01
    1.90688640e-01 3.57241690e-01 3.08883965e-01 7.92484522e-01
    9.79614854e-02 5.63524783e-01 9.87680674e-01 3.66130590e-01
    2.35326350e-01 5.24152100e-01 6.49594426e-01 4.41476732e-01
    3.36959958e-02 7.51696050e-01 2.38645375e-01 5.64595878e-01
    7.36760199e-01 5.88201463e-01 1.27468556e-01 5.79572201e-01
    1.35119557e-02 7.38343120e-01 3.65113795e-01 2.20884979e-01
    6.40112698e-01 6.84218407e-01 4.31082547e-01 9.26149845e-01
    3.30995560e-01 7.28534043e-01 7.24056125e-01 6.84939384e-01
    5.45493782e-01 9.13015485e-01 5.29786289e-01 2.90658176e-01
    8.38075399e-01 9.31660056e-01 4.55646753e-01 9.51141119e-04
    7.63983607e-01 6.11280203e-01 5.06857455e-01 9.90151167e-02
    6.83390975e-01 8.99164259e-01 3.44835639e-01 8.39372277e-01
    6.77882135e-01 5.85371435e-01 9.38661814e-01 7.88594127e-01
    4.68621671e-01 2.54067004e-01 5.57633638e-01 6.38636649e-01
    3.79949391e-01 3.03103924e-01 9.72206116e-01 7.87810326e-01
    9.21139836e-01 2.83125639e-01 8.06868076e-01 8.35777998e-01
    5.12532890e-02 6.05013072e-01 6.65424109e-01 8.34468603e-01
    4.68966067e-01 7.98423290e-02 1.53924763e-01 6.40558779e-01
    8.76549482e-01 1.82229102e-01 8.77567649e-01 5.45136631e-01
    9.64325070e-01 9.85362291e-01 3.03034604e-01 2.30648398e-01
    1.07034355e-01 2.50930876e-01 3.16280544e-01 9.20166492e-01
    6.75700843e-01 1.29344851e-01 5.96524775e-01 8.02444160e-01
    2.90770710e-01 7.95971274e-01 6.83679998e-01 9.38282609e-01
    1.94500446e-01 8.72805357e-01 4.38386500e-01 6.82145059e-01
    1.17023855e-01 1.94546282e-02 6.65024281e-01 9.96079624e-01
    5.15296102e-01 3.38296175e-01 9.16899979e-01 8.70981872e-01
    4.05781388e-01 8.57659340e-01 1.57025039e-01 5.93412220e-01
    3.81142110e-01 4.73899752e-01 7.10012794e-01 9.06841516e-01
    7.56910563e-01 5.60212970e-01 5.59599340e-01 8.49101245e-01
    2.37118006e-02 9.53812003e-02 1.51129156e-01 4.55217838e-01
    1.73888952e-01 4.66571569e-01 3.43727738e-01 8.79538774e-01
    4.14588630e-01 1.63464665e-01 2.77161598e-01 1.12899363e-01
    3.13864142e-01 3.93790662e-01 7.73776591e-01 9.08116281e-01
    3.14536273e-01 9.50552106e-01 3.39753449e-01 5.06669283e-04
    6.25428498e-01 2.68119514e-01 1.56044781e-01 9.70349431e-01
    4.83306020e-01 2.19438702e-01 4.10245717e-01 7.12006450e-01
    1.00084692e-01 6.37302160e-01 4.62086320e-01 3.98940355e-01
    8.82381797e-01 1.88722014e-01 2.64617503e-01 7.69352078e-01
    1.21439487e-01 4.76616383e-01 5.52388847e-01 5.91585636e-01
    2.46127129e-01 1.31822020e-01 1.26878232e-01 5.53264737e-01
    7.17903614e-01 2.91051149e-01 9.08003926e-01 9.02427495e-01
    4.71620530e-01 8.36563706e-01 5.62637925e-01 5.62012911e-01
    2.14202970e-01 8.32051635e-01 8.86950970e-01 2.04714358e-01
    1.72442406e-01 7.04386055e-01 6.64294958e-02 7.47167051e-01
    9.22195792e-01 1.10111177e-01 6.27675116e-01 3.43051881e-01
    9.88142610e-01 2.98126757e-01 8.34774733e-01 7.18378067e-01
    1.96738988e-01 3.18660855e-01 2.14869589e-01 3.85383546e-01
    3.09480011e-01 1.13701671e-01 2.31850922e-01 4.76094097e-01
    5.35748184e-01 6.72836185e-01 5.84006250e-01 5.88296354e-02
    5.79528689e-01 4.96150762e-01 7.05986500e-01 7.31100976e-01
    1.69283360e-01 9.99543786e-01 7.67289400e-01 5.45754850e-01
    9.25246894e-01 6.30651593e-01 2.07325250e-01 3.42281759e-01
    9.46314871e-01 4.38452512e-01 3.71619761e-02 8.53075504e-01
    9.84579325e-01 5.65470159e-01 7.53708005e-01 6.25658989e-01
    1.84755802e-01 8.86678338e-01 9.44396019e-01 9.55718160e-02
    4.90270168e-01 9.25067663e-01 4.51337367e-01 3.63770425e-02
    3.36799741e-01 6.25290215e-01 9.68342543e-01 5.93938112e-01
    3.05321574e-01 5.70085764e-01 7.91272163e-01 3.66398215e-01
    3.06639016e-01 9.16401982e-01 4.05622482e-01 5.73549092e-01
    1.56791329e-01 7.91943967e-01 9.63455498e-01 6.15019798e-01
    7.39361644e-01 3.53843153e-01 6.31107032e-01 5.71821094e-01
    5.72677553e-01 5.35981655e-01 2.68414617e-01 3.86121005e-01
    7.03769088e-01 1.61882967e-01 7.79129565e-02 6.45130873e-01
    7.46130645e-01 7.92438745e-01 6.31894767e-01 6.76810443e-01
    8.41897249e-01 5.89142025e-01 6.14813268e-01 1.84248954e-01
    7.61007607e-01 7.27663219e-01 3.55938494e-01 9.51687038e-01
    2.99943358e-01 4.21373934e-01 8.51238966e-01 9.12012100e-01
    6.95670247e-02 1.70741946e-01 5.31456172e-01 7.99219310e-02
    5.59179723e-01 5.80842853e-01 5.37032843e-01 6.18231595e-01
    2.74520338e-01 4.46918607e-02 6.01871669e-01 2.48982549e-01
    8.46743464e-01 3.18259001e-02 8.42372537e-01 8.79829288e-01
    2.82339156e-02 1.50881261e-01 5.39148450e-01 2.23988593e-02
    1.02010369e-02 2.67664850e-01 1.32929802e-01 5.26673317e-01
    6.60987377e-01 6.72514200e-01 6.87848091e-01 9.18018043e-01
    5.40305674e-01 1.97083771e-01 5.38706779e-01 7.21406043e-02
    1.57658756e-02 4.55017090e-01 2.00615019e-01 5.96234858e-01
    3.38046551e-02 1.63154155e-01 5.23977220e-01 6.22112334e-01
    1.48307264e-01 3.27532887e-01 7.64092088e-01 1.43715829e-01
    6.59302950e-01 5.27228892e-01 1.84819341e-01 9.48098958e-01
    5.37707925e-01 9.51865315e-01 3.04256648e-01 1.11325234e-01
    7.01977313e-01 9.60949659e-02 8.78324747e-01 3.81798804e-01
    1.63193792e-01 6.44937456e-02 6.13767505e-02 2.82931149e-01
    3.13352823e-01 8.72479677e-01 2.50435174e-01 5.51020503e-01
    7.67663121e-02 5.40250957e-01 1.40514165e-01 2.19683856e-01
    3.86879832e-01 3.51337790e-02 7.59524822e-01 3.10000181e-01
    4.46183801e-01 1.68093741e-01 2.94549465e-01 6.22485578e-01
    3.34605634e-01 4.88780439e-01 9.14018393e-01 1.88087195e-01
    8.77555311e-02 7.72791743e-01 7.95215011e-01 5.67721725e-02
    4.37305003e-01 8.29506636e-01 6.58478975e-01 6.05363369e-01
    8.51270914e-01 8.03352594e-01 4.64117169e-01 7.44389892e-01
    5.24513721e-01 5.14653563e-01 3.34746182e-01 8.46422911e-02
    7.43878603e-01 3.26936603e-01 6.35324955e-01 7.63398290e-01
    1.70970410e-01 1.83263212e-01 3.48826766e-01 5.89316964e-01
    6.78892374e-01 6.67684972e-01 8.09414387e-01 7.42768049e-01
    6.19741261e-01 6.02632225e-01 3.96064401e-01 3.80546451e-01
    9.02196646e-01 7.09549844e-01 4.46941316e-01 8.19965124e-01
    3.67667913e-01 7.24603891e-01 4.29628372e-01 4.51784253e-01
    4.57363904e-01 8.44971776e-01 9.01040733e-02 3.29349041e-01
    3.81048769e-01 4.67788309e-01 5.45401931e-01 9.00257349e-01
    8.55467319e-01 1.08631909e-01 5.31196475e-01 6.31485581e-01
    7.68136263e-01 2.24106461e-01 6.71651006e-01 4.80027735e-01
    1.70118451e-01 6.14808261e-01 5.53802729e-01 5.56003571e-01
    4.26677346e-01 8.82557988e-01 8.90297532e-01 4.69160855e-01
    2.47112274e-01 6.11017764e-01 7.28497207e-02 1.14046812e-01
    6.37744367e-02 4.02178943e-01 4.41740006e-01 3.74727964e-01
    2.76520491e-01 6.27846181e-01 6.16535068e-01 5.75126946e-01
    3.52989733e-01 4.42297906e-01 9.08843815e-01 4.39673781e-01
    8.19590807e-01 7.05596566e-01 2.71619827e-01 7.78864503e-01
    8.36752892e-01 9.68048513e-01 5.81997633e-02 1.13916039e-01
    3.78977597e-01 8.44908476e-01 7.26510227e-01 2.85647571e-01
    8.52830291e-01 7.87349701e-01 3.13532710e-01 6.05799437e-01
    3.27145934e-01 5.73925197e-01 4.06126559e-01 2.07695097e-01
    8.16866755e-01 2.56114662e-01 7.20660686e-01 5.83611488e-01
    1.28002256e-01 8.48979950e-02 6.76516294e-01 9.25379515e-01
    3.15109432e-01 7.84565389e-01 8.15655351e-01 4.89512056e-01
    3.29524577e-02 9.28327322e-01 4.24605697e-01 1.47617251e-01
    7.98349917e-01 3.54188442e-01 2.74521887e-01 1.92751884e-01
    3.37775946e-01 5.44045866e-02 4.19276476e-01 7.59773493e-01
    2.34851241e-01 3.97435248e-01 9.31446433e-01 2.73698390e-01
    7.51467943e-01 3.72366816e-01 4.71218199e-01 5.65741837e-01
    6.60303235e-01 9.68468308e-01 4.00796831e-02 6.65760100e-01
    3.05711091e-01 6.74949706e-01 2.78282344e-01 7.51036525e-01
    6.26564026e-02 4.77541983e-01 1.28946304e-01 3.71137053e-01
    3.72734755e-01 3.25598598e-01 1.87214732e-01 3.49540830e-01
    7.18278885e-01 1.98731601e-01 4.23479795e-01 9.42713857e-01
    4.63828683e-01 3.50363493e-01 5.22443235e-01 5.92989445e-01
    1.85596645e-02 9.44332957e-01 8.34781766e-01 2.59573400e-01
    3.96951824e-01 6.65161312e-01 2.12286055e-01 4.68500674e-01
    1.47310406e-01 1.10652059e-01 8.88652086e-01 3.96496624e-01
    2.55497545e-01 9.97325182e-02 3.10855627e-01 7.33670652e-01
    5.01136541e-01 5.87570965e-02 6.18166625e-01 7.10003257e-01
    6.73542976e-01 9.82746184e-02 2.71825433e-01 3.04600358e-01
    2.98202544e-01 6.06634617e-01 2.98824012e-01 6.41546965e-01
    8.49150896e-01 8.09685230e-01 6.75650477e-01 2.82541066e-01
    8.51999879e-01 8.20841432e-01 1.69136077e-01 4.33835089e-02
    9.01110828e-01 7.96550453e-01 1.34024918e-02 9.49017346e-01
    7.40678012e-01 1.86821491e-01 1.49339080e-01 4.69541758e-01
    4.82731372e-01 2.09588856e-01 4.63025987e-01 7.49016106e-01
    5.07374704e-01 9.47140694e-01 9.55376089e-01 9.72918868e-01
    4.02982056e-01 4.32203740e-01 5.91375291e-01 3.59935284e-01
    1.84515446e-01 5.53648233e-01 4.42859888e-01 1.01091206e-01
    8.61063004e-01 6.66915655e-01 3.61417472e-01 5.09691775e-01
    5.13160169e-01 9.14395690e-01 7.36868203e-01 9.20717835e-01
    7.02701926e-01 6.80104196e-01 7.70966470e-01 5.70406199e-01
    9.14875686e-01 2.57148445e-02 3.21067214e-01 1.43403292e-01
    5.19377708e-01 5.19121706e-01 8.73954952e-01 4.95863408e-01
    4.50246930e-02 2.91228920e-01 6.44461453e-01 2.52357930e-01
    3.29979122e-01 3.64830583e-01 6.02435768e-01 2.58891165e-01
    5.10493994e-01 1.72576308e-01 6.69421434e-01 3.39000463e-01
    9.56833363e-03 5.81741631e-01 9.73796368e-01 2.24415541e-01
    2.20979363e-01 1.30561560e-01 1.22071534e-01 4.00333673e-01
    4.74836439e-01 9.31514859e-01 5.38691223e-01 7.65090704e-01
    4.22593981e-01 7.47787356e-02 5.06631017e-01 7.18185723e-01
    7.37511098e-01 8.80135894e-01 3.33948761e-01 5.52521229e-01
    9.88856316e-01 6.26613379e-01 7.28387177e-01 9.31141376e-02
    2.08524138e-01 2.06541777e-01 7.12751031e-01 7.39673376e-02
    8.16991627e-02 4.67628539e-01 1.84608668e-01 1.55845344e-01
    9.17290449e-01 5.63495755e-02 1.28657579e-01 5.93858361e-01
    4.42059040e-02 7.64291048e-01 5.24424136e-01 9.58393157e-01
    5.57967603e-01 5.02848744e-01 5.26731610e-01 2.37258822e-01
    6.46562457e-01 9.68912363e-01 5.05395353e-01 3.34607184e-01
    1.74355209e-01 4.82391328e-01 2.15878278e-01 8.22895944e-01
    2.47188866e-01 3.39069635e-01 1.56329304e-01 1.61818117e-01
    9.11921263e-01 2.93985486e-01 1.90699399e-02 9.13970888e-01
    4.22393441e-01 9.69209313e-01 7.00535297e-01 1.95758760e-01
    7.08899379e-01 1.62372440e-01 7.80934811e-01 7.59982765e-02
    3.99489611e-01 5.21527350e-01 3.96291882e-01 4.06046540e-01
    2.61712611e-01 5.84668934e-01 6.54636681e-01 3.44120443e-01
    3.44659239e-01 5.42518675e-01 8.72356892e-01 6.46022022e-01
    6.33536875e-02 8.62608731e-01 8.01526904e-01 9.74275827e-01
    4.74720865e-01 7.85512924e-02 5.81696272e-01 1.00507110e-01
    3.16948354e-01 7.57306457e-01 6.73888326e-01 8.57499838e-01
    3.54317725e-02 2.05766410e-01 9.40427184e-01 1.08174890e-01
    2.85537899e-01 4.46766883e-01 3.69568706e-01 7.86570370e-01
    1.69646144e-02 7.03007102e-01 5.75435638e-01 5.72319031e-01
    9.80296612e-01 1.07306123e-01 2.36884415e-01 6.98599517e-01
    7.78197944e-01 7.41379023e-01 2.20974088e-01 5.68084300e-01
    5.32398462e-01 7.88904786e-01 8.67629051e-01 7.97797382e-01
    2.38884598e-01 9.16923046e-01 5.08189917e-01 2.72645772e-01
    6.39568567e-02 2.58122146e-01 6.60925567e-01 6.74024880e-01
    5.59622645e-02 1.36717558e-01 3.64033818e-01 8.57133806e-01
    7.37953544e-01 2.61088669e-01 3.41132581e-01 2.39564180e-02
    8.64424825e-01 6.71636224e-01 3.13737094e-02 7.01349139e-01
    6.60572350e-01 6.75669014e-01 5.38767993e-01 6.13885880e-01
    1.60532385e-01 7.83704162e-01 8.97800684e-01 1.69003844e-01
    4.42333460e-01 1.85865164e-01 9.48834419e-01 7.68018007e-01
    2.25030124e-01 1.05853587e-01 7.37528920e-01 2.33390331e-01
    9.73823428e-01 1.14899874e-01 6.58404231e-01 9.62195277e-01
    7.65397310e-01 8.71269941e-01 8.75773787e-01 9.56464171e-01
    1.17406338e-01 8.93321514e-01 9.88075137e-01 6.70720458e-01
    9.99934375e-02 8.16891193e-01 3.04313600e-01 8.11917305e-01
    7.60245442e-01 4.53216195e-01 5.12889028e-01 8.04795921e-01
    9.52807188e-01 3.38993669e-02 9.53887522e-01 4.01575863e-01
    9.49005425e-01 3.55844349e-01 8.93921256e-01 1.94499552e-01
    1.15712881e-01 7.19611466e-01 4.03668016e-01 4.76442993e-01
    5.41220665e-01 2.68859565e-01 1.24999493e-01 6.02913678e-01
    6.54048800e-01 9.58814979e-01 5.88332653e-01 7.13002205e-01
    9.73322928e-01 5.62218070e-01 6.52758300e-01 5.10089636e-01
    1.34868473e-01 5.08293271e-01 7.67097771e-01 2.66351640e-01
    3.32798809e-01 5.81601202e-01 4.44077939e-01 2.10897654e-01
    3.05587053e-02 2.63996810e-01 7.26753533e-01 6.55107617e-01
    4.15063649e-01 4.14636761e-01 2.89336205e-01 3.99364144e-01
    5.48898160e-01 9.91413951e-01 2.64688879e-01 3.87793958e-01
    2.01130003e-01 5.26059270e-02 4.37510580e-01 5.42449713e-01
    4.84786212e-01 8.84788752e-01 5.71855009e-01 2.22045988e-01
    1.77320153e-01 3.82082641e-01 4.55799639e-01 7.54447937e-01
    8.35121155e-01 7.88705468e-01 6.80310309e-01 9.82825875e-01
    8.98128927e-01 4.65731025e-01 3.22138548e-01 7.48543441e-01
    4.36741590e-01 4.69964027e-01 8.58915567e-01 5.84106505e-01
    8.03678989e-01 5.13797104e-01 3.43736142e-01 3.51774007e-01
    3.38901699e-01 2.68029451e-01 2.01332837e-01 5.03077209e-02
    9.23364043e-01 7.39296436e-01 3.82011920e-01 4.30112779e-01
    1.91143900e-01 9.96889949e-01 3.12981308e-02 9.31189299e-01
    9.98429835e-01 3.51356447e-01 1.17819905e-02 8.18520844e-01
    3.21267545e-01 8.35450590e-02 4.82141167e-01 8.99492323e-01
    3.92708749e-01 1.82389349e-01 8.81015360e-01 5.44698954e-01
    9.86098528e-01 5.87206602e-01 8.98929596e-01 9.74566877e-01
    8.92761827e-01 6.26949430e-01 5.43157101e-01 7.26080179e-01
    5.50146818e-01 9.33769524e-01 7.37164617e-01 9.39657688e-02
    8.76328945e-01 1.82038575e-01 2.25714922e-01 3.63259524e-01
    6.76056802e-01 5.89656293e-01 3.35401058e-01 3.81825238e-01
    5.10079443e-01 2.31534183e-01 4.50403988e-01 5.67915440e-01
    7.79210925e-01 3.85168105e-01 9.71245766e-03 7.59278417e-01
    6.56135798e-01 2.03636050e-01 1.01879328e-01 3.72433424e-01
    7.81445146e-01 4.23496604e-01 9.99270916e-01 2.38010377e-01
    3.37507099e-01 4.26170915e-01 9.54980969e-01 8.50806832e-01
    7.61331618e-02 6.16922975e-01 8.91797543e-02 9.50902164e-01
    5.79736233e-01 6.73115015e-01 4.37501401e-01 7.29010105e-02
    4.64768142e-01 1.31229550e-01 8.56367350e-02 2.84952581e-01
    5.50467193e-01 1.40431285e-01 1.18585557e-01 6.87700331e-01
    3.57508898e-01 9.57993329e-01 5.83793044e-01 8.05804908e-01
    9.64291573e-01 1.48050576e-01 8.33087921e-01 5.62280178e-01
    8.27311754e-01 9.15165663e-01 1.73157573e-01 4.94824618e-01
    9.84300137e-01 1.63861424e-01 7.69147694e-01 1.72562301e-02
    9.11712289e-01 1.67246312e-01 6.35021389e-01 2.84573883e-01
    5.61001062e-01 9.05481815e-01 8.52243423e-01 5.30482352e-01
    4.01131213e-01 6.77919745e-01 8.21090817e-01 5.57550371e-01
    4.64712769e-01 9.10635173e-01 3.14841509e-01 5.78219295e-02
    7.60527611e-01 3.42115581e-01 6.75594389e-01 2.26533860e-01
    5.07473767e-01 5.21184802e-02 8.50111246e-01 1.66799903e-01
    3.49871278e-01 6.32394254e-01 4.80089515e-01 4.71431017e-02
    3.72416675e-01 9.71009851e-01 9.12552655e-01 1.68723106e-01
    1.47735357e-01 5.72465122e-01 5.68454981e-01 2.74955809e-01
    7.56043077e-01 5.20103693e-01 6.14924431e-02 4.78065073e-01
    7.12653041e-01 3.24414372e-02 2.12017357e-01 1.58152282e-02
    6.24797046e-02 7.21059144e-02 8.38086009e-02 3.60329092e-01
    8.01363170e-01 2.53795564e-01 1.02914780e-01 8.15213978e-01
    7.39024043e-01 4.19613630e-01 2.44082093e-01 4.87922549e-01
    7.76080847e-01 8.53617430e-01 5.62080443e-01 5.48272789e-01
    8.85557175e-01 9.03381944e-01 8.63651931e-01 8.95406604e-01
    6.65908456e-02 8.34985018e-01 4.11574781e-01 5.55194020e-01
    2.57540464e-01 2.75897205e-01 3.45276892e-02 1.21063530e-01
    2.98548371e-01 8.81255507e-01 7.68549562e-01 2.95911074e-01
    7.96100676e-01 6.04443252e-01 8.58276367e-01 6.70733511e-01
    6.82134092e-01 6.59218490e-01 4.37371075e-01 8.84482026e-01
    1.07789665e-01 9.59722757e-01 2.97569126e-01 4.89032894e-01
    8.52535605e-01 5.55081606e-01 5.80382586e-01 1.53739452e-02
    7.29896903e-01 7.79737771e-01 8.23719203e-01 1.70011163e-01
    1.08406574e-01 5.53660929e-01 5.91434777e-01 5.29576361e-01
    6.44918978e-01 8.57613325e-01 5.66990793e-01 9.84061182e-01
    7.68565297e-01 3.09072733e-01 9.62603629e-01 9.84254181e-01
    9.58311677e-01 5.62173784e-01 1.49035454e-03 3.41086388e-01
    4.21457469e-01 3.63070220e-01 4.11933571e-01 4.64815497e-01
    4.87640113e-01 1.54899359e-02 9.64419544e-01 2.93026626e-01
    3.34748089e-01 2.75606990e-01 1.86370581e-01 5.06395400e-02
    6.88427210e-01 6.22203290e-01 7.88226485e-01 3.25320125e-01
    8.42291296e-01 5.26784956e-01 6.58059359e-01 6.26421213e-01
    6.15057170e-01 4.15913820e-01 4.54630971e-01 9.67068076e-01
    4.08934236e-01 4.77109075e-01 8.05037260e-01 8.03061604e-01
    6.75075650e-01 7.70839810e-01 4.62871194e-01 7.47030497e-01
    8.31007242e-01 5.17904460e-02 5.91047049e-01 6.91032708e-02
    4.59905744e-01 4.69201624e-01 7.66923845e-01 9.60082769e-01
    7.41948009e-01 4.00422752e-01 4.84288961e-01 8.28751743e-01
    8.76656413e-01 2.36099064e-02 4.78018731e-01 2.25625575e-01
    3.98248255e-01 7.09816098e-01 4.06653225e-01 9.34689581e-01
    4.77527916e-01 8.12345028e-01 1.13253593e-02 2.94572711e-02
    2.14237034e-01 2.75435448e-01 2.49768943e-01 9.42252398e-01
    9.41382647e-01 2.59737194e-01 8.86485279e-01 8.40921104e-01
    4.61105019e-01 4.54860657e-01 6.70767546e-01 4.29772615e-01
    5.42362869e-01 3.52117717e-01 5.56862593e-01 1.70117676e-01
    4.10554022e-01 8.24825644e-01 7.96159327e-01 7.60627449e-01
    6.12044334e-01 7.11464584e-02 6.77328229e-01 8.90536308e-02
    4.57513034e-02 3.54025632e-01 8.99499655e-02 7.30527878e-01
    1.20694071e-01 1.34859025e-01 8.26072574e-01 8.85625482e-01
    3.84973645e-01 2.10136175e-04 5.00794113e-01 4.62633044e-01
    9.99159217e-01 6.23641610e-01 4.98561144e-01 6.47325933e-01
    8.52207661e-01 7.46111572e-01 1.86285853e-01 9.61731315e-01
    9.52522814e-01 6.53480530e-01 6.60368860e-01 5.47490060e-01
    9.15642440e-01 7.70486116e-01 4.08283710e-01 8.92925262e-01
    1.33766800e-01 4.57511574e-01 1.29970253e-01 5.61079323e-01
    1.91319972e-01 1.57287657e-01 9.25015152e-01 4.42705214e-01
    2.29820639e-01 1.73598021e-01 2.32582629e-01 7.06778646e-01
    2.04744667e-01 2.07011640e-01 1.54407352e-01 4.36920017e-01
    4.62011963e-01 1.34398639e-01 7.89192319e-02 8.05296004e-02
    3.61460686e-01 8.51011157e-01 9.93592918e-01 4.63045061e-01
    2.87289947e-01 5.60158730e-01 5.82295656e-02 1.56132221e-01
    8.81501913e-01 4.77649033e-01 3.18018407e-01 1.02558434e-02
    9.84168410e-01 6.41744614e-01 7.52170086e-01 4.51196462e-01
    4.47148979e-02 8.66193295e-01 6.98787570e-02 9.79820311e-01
    8.58718276e-01 3.25055987e-01 8.60552609e-01 8.55420232e-01
    8.63221288e-03 7.76968598e-01 1.88928097e-01 8.60887170e-01
    8.06641877e-01 4.04757351e-01 4.85703737e-01 3.47825468e-01
    6.39985144e-01 5.36339521e-01 5.34616470e-01 9.38953698e-01
    4.43260014e-01 5.56017995e-01 3.64354342e-01 2.15687603e-01
    5.28630495e-01 8.22691560e-01 8.15869033e-01 1.31057411e-01
    8.28823388e-01 2.17192262e-01 8.53246331e-01 5.20442188e-01
    1.53608799e-01 5.13890445e-01 7.66224682e-01 7.77526259e-01
    9.09318268e-01 7.01616824e-01 5.09236157e-02 1.46177411e-03
    8.77142549e-01 1.99195147e-02 9.60451484e-01 5.22860289e-01
    9.80714083e-01 7.43444860e-01 4.94329602e-01 4.52622145e-01
    5.00798404e-01 9.42885399e-01 2.34743416e-01 3.85740876e-01
    7.50806928e-01 3.30629885e-01 4.71083045e-01 5.64864874e-01
    1.04550332e-01 7.00630546e-01 9.72793579e-01 9.02959466e-01
    1.94788098e-01 1.43512100e-01 6.66777194e-02 1.09893680e-01
    4.98854756e-01 6.69502258e-01 6.52666092e-01 8.27141702e-02
    4.33205873e-01 3.83565456e-01 8.91494155e-01 2.59963036e-01
    3.16820085e-01 2.18796045e-01 6.02339029e-01 7.39611387e-01
    3.85066867e-01 4.14944947e-01 1.40335321e-01 5.53815663e-01
    8.28847885e-01 8.20087552e-01 2.26425797e-01 6.49607062e-01
    7.98436701e-01 8.38999867e-01 3.52459937e-01 8.62773895e-01
    7.12050438e-01 9.96157646e-01 3.13073188e-01 6.23916686e-01
    1.95724219e-01 6.31379962e-01 6.84151649e-01 5.00731885e-01
    8.09310675e-01 4.44066048e-01 3.68299246e-01 8.39140058e-01
    8.51325870e-01 9.61106479e-01 2.88341820e-01 4.72084582e-01
    1.51235074e-01 8.75771880e-01 4.25055623e-01 4.15285528e-01
    9.31320667e-01 9.21344459e-02 8.89883876e-01 1.80413425e-02
    7.25004494e-01 2.44902700e-01 3.22711349e-01 3.51905763e-01
    3.78081828e-01 6.08675241e-01 3.79238039e-01 7.79007077e-01
    4.57792640e-01 7.30565131e-01 8.36157143e-01 5.69159508e-01
    7.07222939e-01 2.64650583e-02 2.05933064e-01 6.90127134e-01
    4.07199174e-01 7.32821107e-01 5.38206279e-01 1.80876106e-01
    1.00438833e-01 4.79141951e-01 2.01064408e-01 5.89353323e-01
    1.17720842e-01 4.48890865e-01 5.45898139e-01 3.74972194e-01
    3.62832367e-01 8.75947237e-01 7.54284024e-01 1.18244708e-01
    8.20875764e-02 3.61437798e-01 4.96998549e-01 9.69289899e-01
    5.33459723e-01 3.69846821e-04 6.48048580e-01 1.78963095e-01
    5.23527861e-02 7.77158022e-01 6.07770979e-01 5.95553279e-01
    6.44554913e-01 2.47631013e-01 7.17403710e-01 6.07705951e-01
    5.22389412e-01 6.79213524e-01 7.56236076e-01 6.28720403e-01
    7.34712899e-01 3.38965476e-01 5.16787887e-01 5.78481138e-01
    7.08923042e-01 6.23368263e-01 3.38013649e-01 7.36885488e-01
    1.07332647e-01 3.35770845e-03 5.39963186e-01 8.44531417e-01
    5.65891027e-01 1.09984696e-01 6.20156288e-01 6.06813133e-01
    8.57462287e-01 7.67947435e-01 3.91429365e-01 1.25384361e-01
    9.32332993e-01 8.30929697e-01 5.26054382e-01 9.34000492e-01
    6.97853088e-01 3.03228199e-02 7.80322313e-01 3.78954083e-01
    4.75860804e-01 2.49063313e-01 7.74367988e-01 6.85942709e-01
    4.66776222e-01 4.48171794e-01 5.12843132e-02 3.19509119e-01
    6.81531072e-01 5.43453336e-01 8.90498221e-01 7.01108217e-01
    5.52607954e-01 4.59376723e-01 1.66914761e-02 8.58431220e-01
    3.80486071e-01 5.87964356e-01 4.72978115e-01 7.13126659e-01
    4.56669331e-02 7.17300594e-01 6.30639493e-01 7.56465495e-02
    7.13549018e-01 9.83095169e-02 4.03975248e-02 2.46880651e-02
    1.06788903e-01 3.54059160e-01 3.07137132e-01 8.67929339e-01
    3.76104802e-01 3.92133534e-01 6.77265167e-01 1.01823211e-01
    4.68713909e-01 3.30816001e-01 2.53191054e-01 1.34222358e-01
    1.60107642e-01 1.87737405e-01 4.06726897e-01 2.55511642e-01
    3.22888196e-02 1.09982193e-01 1.88496977e-01 5.30308902e-01
    3.20553064e-01 3.45410705e-02 9.05099392e-01 7.10266650e-01
    7.23788023e-01 2.70526797e-01 4.88512814e-01 3.18897128e-01
    9.54097807e-02 9.21694398e-01 5.98839760e-01 5.58141768e-02
    4.94926691e-01 8.94014716e-01 3.22059095e-02 6.13469601e-01
    7.04397321e-01 6.80441320e-01 9.85372424e-01 3.34574968e-01
    5.38103521e-01 8.02597165e-01 9.26915169e-01 6.38200760e-01
    3.70330960e-01 1.95771784e-01 6.50848746e-02 5.33523321e-01
    9.25037146e-01 5.13131022e-02 5.57496846e-01 8.57518077e-01
    5.69889069e-01 6.26038074e-01 2.26994514e-01 1.35632575e-01
    3.74684155e-01 4.14659649e-01 4.22002733e-01 9.19657946e-01
    2.77161598e-06 5.71326554e-01 1.15823448e-02 4.97298777e-01
    8.46526384e-01 9.50913191e-01 5.45693994e-01 8.74012709e-01
    6.63490593e-01 4.60448265e-01 1.68614715e-01 2.56658554e-01
    9.41597641e-01 7.67919242e-01 9.95813489e-01 5.62299192e-02
    7.73103952e-01 3.58734667e-01 3.37096453e-01 6.08259380e-01
    1.34091288e-01 7.49893427e-01 5.94381809e-01 9.58688736e-01
    8.94513786e-01 8.57331097e-01 8.84037018e-01 2.01853961e-01
    3.97982329e-01 7.52942026e-01 4.96497810e-01 6.88714087e-02
    9.72921789e-01 6.16068780e-01 5.32041013e-01 4.06702995e-01
    9.68690157e-01 1.96143031e-01 2.47867793e-01 1.65176392e-01
    7.42723763e-01 4.80100274e-01 2.40504205e-01 1.88511610e-02
    3.31576645e-01 6.87624812e-01 1.23774350e-01 4.31023836e-01
    8.24896634e-01 6.85912490e-01 5.22475839e-01 9.95567858e-01
    7.41649389e-01 2.39452004e-01 8.46434593e-01 9.06037807e-01
    3.35251331e-01 5.83819687e-01 3.34229767e-02 9.16877747e-01
    4.27996933e-01 4.42706615e-01 9.00348783e-01 1.90895051e-01
    4.29607034e-01 4.72688615e-01 9.36582088e-02 3.40962321e-01
    6.67523026e-01 6.20564818e-01 8.71851444e-01 4.85833555e-01
    3.88554513e-01 6.49221241e-02 9.99169290e-01 4.20999289e-01
    5.12439191e-01 9.17178273e-01 4.67492729e-01 5.24711609e-01
    7.48203397e-01 8.03918064e-01 5.75517237e-01 8.52016628e-01
    7.62850642e-02 1.23209327e-01 4.84555781e-01 5.50803542e-02
    6.92734718e-01 9.64159966e-01 5.09003699e-01 3.54915589e-01
    7.71853805e-01 3.78475845e-01 2.02878982e-01 2.41543502e-01
    9.92218375e-01 5.84703028e-01 4.18356121e-01 5.53492129e-01
    9.14992929e-01 3.20158690e-01 5.54611921e-01 2.85103917e-02
    9.24517512e-01 3.56858373e-02 3.86098444e-01 6.36473656e-01
    5.14933765e-01 1.93334907e-01 1.85773343e-01 6.95884943e-01
    6.94270611e-01 9.02613640e-01 4.74729538e-02 7.25868225e-01
    6.17832184e-01 7.72902131e-01 7.84124076e-01 7.80435741e-01
    2.07991213e-01 9.46866333e-01 3.93641412e-01 3.54491651e-01
    9.94290054e-01 3.33974928e-01 5.43495417e-01 8.16147208e-01
    8.88938546e-01 1.01713240e-01 8.44150305e-01 8.32959890e-01
    1.73192382e-01 3.19236457e-01 9.80751395e-01 5.75643301e-01
    7.09334075e-01 7.39066005e-01 9.62611318e-01 9.15636301e-01
    6.69056952e-01 6.22747540e-01 1.36249155e-01 8.97381306e-01
    8.44431221e-02 3.86123061e-02 1.44310504e-01 5.23187518e-01
    4.18085545e-01 6.72124505e-01 1.56123459e-01 9.89363670e-01
    7.05613375e-01 5.91959178e-01 6.47838533e-01 8.90576601e-01
    9.77568030e-01 4.40664232e-01 4.87367153e-01 5.55124879e-02
    1.65244162e-01 7.82215595e-01 6.72858059e-01 5.74236989e-01
    8.72766972e-01 4.14933503e-01 1.63961381e-01 6.03300989e-01
    8.71831119e-01 3.84703577e-02 7.21819758e-01 5.44999361e-01
    7.35145330e-01 2.64408797e-01 3.40721905e-01 4.52250391e-01
    4.02394116e-01 4.91350740e-01 1.72825605e-01 8.05722594e-01
    5.33798397e-01 6.10038936e-01 7.60144234e-01 7.32034683e-01
    1.94522619e-01 6.91002190e-01 2.97327936e-02 3.49467993e-02
    4.03869241e-01 8.77623796e-01 9.99935985e-01 3.34802270e-01
    7.61478305e-01 7.82776833e-01 3.08392942e-01 3.13623071e-01
    8.58485699e-02 2.45777071e-02 2.86977410e-01 5.77402651e-01
    8.97187173e-01 8.82501364e-01 7.32171834e-01 2.12509930e-02
    5.19448459e-01 2.17582822e-01 9.22879696e-01 7.09465683e-01
    4.24158871e-01 3.86352539e-02 1.67715520e-01 2.97402918e-01
    3.35127294e-01 8.77759695e-01 1.70210600e-02 3.24112475e-02
    6.40343189e-01 1.70885235e-01 1.75872326e-01 6.43781722e-01
    6.66107893e-01 9.13046002e-01 9.07686591e-01 8.25441599e-01
    5.44100761e-01 5.77762246e-01 9.66954529e-02 2.52767205e-01
    2.18560010e-01 6.01936400e-01 5.90459585e-01 5.97712100e-01
    6.92602813e-01 5.11622071e-01 4.01350021e-01 4.34428960e-01
    9.40801978e-01 3.85728687e-01 9.51682448e-01 6.26642585e-01
    4.70518172e-02 2.46960431e-01 2.14724839e-01 6.64239824e-02
    6.72370553e-01 1.10108286e-01 4.67422813e-01 2.40891099e-01
    8.72583091e-02 6.68765783e-01 7.25440860e-01 1.34297669e-01
    9.53459322e-01 8.25988054e-01 4.24848080e-01 3.90217423e-01
    3.90976369e-01 2.35231042e-01 6.29240274e-01 5.62112451e-01
    9.29828048e-01 1.30236715e-01 9.06811118e-01 8.54925513e-01
    8.69701684e-01 4.97532129e-01 6.59761310e-01 2.29072541e-01
    1.79343253e-01 1.74702317e-01 7.69850910e-02 3.96398008e-02
    8.40684533e-01 2.59187222e-01 5.92723548e-01 1.58249736e-02
    6.71507716e-02 1.33745074e-02 2.95337856e-01 1.50330633e-01
    3.03690791e-01 5.46238661e-01 3.50438118e-01 5.14930367e-01
    2.56052345e-01 4.66695070e-01 9.77035999e-01 7.24658608e-01
    4.14753914e-01 1.66936219e-01 1.09407008e-01 1.74741387e-01
    8.90930772e-01 6.67043209e-01 8.53150487e-02 3.89689565e-01
    1.53685153e-01 9.62735355e-01 6.88267052e-02 2.37458855e-01
    2.87257493e-01 3.69753718e-01 6.84234500e-01 2.55907774e-02
    5.26644468e-01 6.87148154e-01 4.53608155e-01 2.07738101e-01
    9.94418263e-01 7.59664893e-01 4.44348216e-01 7.25664735e-01
    1.24452114e-02 3.71465266e-01 1.82368159e-01 8.05231333e-01
    5.64930797e-01 9.45893645e-01 4.09443289e-01 6.70544028e-01
    2.93070078e-01 4.94562298e-01 8.17087889e-01 3.86974573e-01
    9.10242200e-02 5.91050029e-01 5.13673067e-01 6.63639009e-01
    1.62193954e-01 4.34052229e-01 1.45658642e-01 9.63899791e-01
    8.18088174e-01 2.13881731e-01 1.88112289e-01 1.33700758e-01
    4.58690345e-01 6.18977904e-01 8.54675770e-01 6.98478341e-01
    5.42810559e-01 9.46956754e-01 8.47191334e-01 3.63793194e-01
    6.02786183e-01 5.62084317e-01 3.03837001e-01 6.54951692e-01
    5.69183707e-01 5.44981480e-01 1.81171328e-01 8.86746883e-01
    7.18249619e-01 3.58946443e-01 8.13036323e-01 3.77137899e-01
    3.14036667e-01 4.96019334e-01 3.57784986e-01 9.17911291e-01
    5.44424713e-01 7.00579405e-01 4.31312323e-02 7.61551976e-01
    5.75302064e-01 4.41530377e-01 2.91983306e-01 8.54799151e-02
    7.49909997e-01 7.11862564e-01 4.96423781e-01 1.70557201e-01
    5.23408890e-01 3.80156815e-01 1.30528629e-01 9.89492357e-01
    5.33128500e-01 4.41889256e-01 7.15191185e-01 3.36344004e-01
    9.75513339e-01 7.90855289e-03 3.56801569e-01 9.98265505e-01
    6.65617645e-01 6.66705966e-02 9.68165040e-01 7.40536630e-01
    3.41319323e-01 2.25969553e-02 4.61590469e-01 6.13743126e-01
    3.75293821e-01 2.01524496e-01 1.14777327e-01 1.37177974e-01
    6.51952624e-01 2.49204814e-01 3.95255566e-01 3.39923263e-01
    1.92738265e-01 3.07318926e-01 8.15124273e-01 6.88779652e-01
    8.74325752e-01 8.55457187e-01 4.14600432e-01 7.10318148e-01
    2.99964637e-01 2.48508751e-01 5.21796286e-01 1.10379726e-01
    8.53190899e-01 9.30262685e-01 5.55573046e-01 2.22606599e-01
    5.86749256e-01 5.24576128e-01 3.02026212e-01 1.95339262e-01
    9.19633031e-01 4.07801211e-01 8.29439878e-01 3.43257189e-01
    4.82394576e-01 7.22722113e-01 4.63723958e-01 9.12743568e-01
    1.78797126e-01 3.67811322e-01 9.89143491e-01 1.99583560e-01
    5.85463405e-01 2.83708781e-01 8.65313292e-01 1.23502791e-01
    8.49551916e-01 5.62945247e-01 3.12654793e-01 1.11148149e-01
    1.37000084e-01 7.62260199e-01 5.53115308e-01 1.35488003e-01
    5.49710631e-01 9.60621476e-01 6.60881042e-01 7.28787243e-01
    8.36226106e-01 5.91471612e-01 6.07467294e-01 4.41556931e-01
    9.02396441e-01 9.82821703e-01 6.61346495e-01 2.65877426e-01
    1.94290787e-01 9.06232655e-01 8.80560517e-01 4.64954913e-01
    9.36006248e-01 8.26274335e-01 2.27277815e-01 5.58267176e-01
    1.01642311e-02 1.34836972e-01 8.60786617e-01 1.09889507e-02
    4.42588925e-01 2.96467513e-01 1.46250993e-01 1.04676157e-01
    6.84613466e-01 7.65031099e-01 7.13529646e-01 5.34126759e-01
    5.47449291e-01 7.96823502e-01 6.11683130e-01 8.01180363e-01
    4.86115098e-01 6.09536052e-01 2.47514129e-01 1.28771037e-01
    2.45365322e-01 9.55105305e-01 7.23858356e-01 3.51371676e-01
    9.92983580e-03 1.05210572e-01 9.46902335e-02 4.14012134e-01
    1.12908930e-01 5.22281766e-01 6.92388535e-01 7.83815145e-01
    8.49009752e-01 4.70342577e-01 4.96346891e-01 9.79518890e-01
    3.76220196e-01 1.96001172e-01 2.82671630e-01 7.66221881e-01
    8.27698946e-01 3.10525775e-01 3.48462582e-01 8.78000855e-01
    7.21853614e-01 2.06032127e-01 5.50132573e-01 9.49055135e-01
    9.72161353e-01 5.24104178e-01 4.54573333e-02 5.90211987e-01
    2.96411455e-01 4.77498531e-01 2.13660151e-01 9.92030740e-01
    6.69477880e-02 6.49789572e-01 3.88906717e-01 2.32145458e-01
    2.51954854e-01 6.22696698e-01 7.05103040e-01 1.53162897e-01
    6.93985939e-01 8.12336981e-01 1.29004329e-01 4.04781699e-01
    7.62568235e-01 1.12937689e-02 5.40579736e-01 8.96300435e-01
    4.12079990e-01 3.44628572e-01 7.63426721e-01 4.81838554e-01
    3.18293750e-01 7.04996347e-01 7.95834839e-01 8.94302845e-01
    3.44285965e-02 4.11932290e-01 5.19123554e-01 9.30041909e-01
    4.68892366e-01 1.91345304e-01 2.38769621e-01 8.79885316e-01
    4.64123100e-01 1.52471155e-01 4.85856742e-01 2.52221078e-01
    9.17437434e-01 9.56300735e-01 4.12908494e-02 4.74390090e-02
    1.83764070e-01 1.24776393e-01 8.25187325e-01 7.16096699e-01
    2.00213850e-01 9.22227859e-01 8.83377075e-01 9.31342721e-01
    3.12637985e-01 8.86051476e-01 4.59214866e-01 9.67416167e-01
    1.20214671e-01 1.49040312e-01 2.83055574e-01 1.20978922e-01
    6.10726595e-01 8.57189536e-01 8.80827665e-01 4.49764729e-03
    4.63802993e-01 9.03179765e-01 2.76464343e-01 7.43667245e-01
    1.12063438e-01 7.46537924e-01 7.06005991e-01 1.18419439e-01
    2.22340554e-01 2.49944717e-01 6.82130754e-01 2.06936657e-01
    7.35945284e-01 5.62316716e-01 2.69353718e-01 3.70006204e-01
    2.78579414e-01 4.88196164e-01 1.36634886e-01 5.05168676e-01
    3.72609794e-02 1.90287977e-01 1.31087542e-01 6.87321544e-01
    5.95806479e-01 9.72219646e-01 7.65840173e-01 1.96220070e-01
    8.37649286e-01 7.82435536e-02 3.07599425e-01 3.57026696e-01
    8.56899500e-01 5.44779301e-01 5.84796846e-01 3.19003701e-01
    5.10109901e-01 4.54490393e-01 9.60967779e-01 8.79516959e-01
    4.86578137e-01 5.98356426e-01 6.54457688e-01 3.73049617e-01
    5.12339830e-01 2.10179985e-02 3.86174560e-01 8.46745849e-01
    1.62581712e-01 5.26852667e-01 2.16273576e-01 4.06773388e-01
    2.64311135e-01 1.40528023e-01 1.88479841e-01 4.36071038e-01
    1.89962476e-01 1.64735705e-01 2.05903053e-02 4.51178402e-01
    7.04661012e-01 6.25274897e-01 4.80611593e-01 8.53509605e-02
    7.83236384e-01 1.99165910e-01 6.29105568e-01 1.82178289e-01
    8.26260686e-01 1.91756040e-01 4.37850654e-02 4.62997615e-01
    2.74027526e-01 3.01286638e-01 8.81269515e-01 3.25772375e-01
    3.02086830e-01 2.41433352e-01 8.16604614e-01 4.71600503e-01
    7.08817244e-01 4.75819051e-01 5.97572625e-02 6.18263245e-01
    9.25873697e-01 1.79674208e-01 3.90348732e-02 5.66922724e-02
    7.29001343e-01 7.71842599e-01 3.47588360e-01 7.94825196e-01
    8.25445235e-01 3.90485317e-01 9.13843513e-01 2.00513691e-01
    8.11231971e-01 7.27970719e-01 5.26785076e-01 4.93981212e-01
    5.35918593e-01 5.33549964e-01 7.53529847e-01 8.09628606e-01
    6.61703050e-01 7.85644293e-01 4.40250635e-01 3.53427529e-01
    9.71985996e-01 3.12342256e-01 5.53219795e-01 5.69671571e-01
    2.14109570e-01 8.41828525e-01 2.54243731e-01 9.85461771e-02
    1.04863554e-01 2.60448694e-01 8.26627851e-01 2.34356523e-01
    8.60294700e-03 1.47099942e-01 5.82189679e-01 1.75336182e-01
    4.11333174e-01 4.31155384e-01 9.63587523e-01 9.19465184e-01
    3.19823503e-01 2.99547017e-02 1.44236088e-01 6.23589873e-01
    6.24614418e-01 1.72551006e-01 4.30851132e-01 5.89556336e-01
    4.42804873e-01 2.94368029e-01 8.91801417e-02 5.49039602e-01
    9.58386898e-01 1.02798522e-01 9.69608784e-01 4.16478395e-01
    8.38136673e-01 1.39336914e-01 5.49390256e-01 9.68533039e-01
    7.42006063e-01 8.15445185e-01 3.46148014e-03 8.23689163e-01
    4.11024541e-01 3.85986567e-01 6.35599792e-02 4.79051709e-01
    4.13182557e-01 6.52822554e-01 4.07907069e-02 1.60445511e-01
    1.00795567e-01 3.99383307e-02 2.28619277e-02 8.07032704e-01
    7.26325810e-02 1.88385725e-01 6.13969684e-01 7.44742751e-02
    7.87937641e-02 2.09645957e-01 7.00169623e-01 1.01237446e-01
    9.18863714e-02 6.12966478e-01 8.45207453e-01 8.93340111e-02
    5.48631191e-01 4.88435686e-01 1.25852317e-01 2.43532717e-01
    2.40063578e-01 8.53592038e-01 1.95847094e-01 9.88242030e-01
    9.54494238e-01 6.04449272e-01 1.14162356e-01 6.52351022e-01
    2.18480021e-01 3.07875335e-01 3.83191794e-01 5.94323814e-01
    2.59500682e-01 8.72401714e-01 6.92308128e-01 7.52859712e-02
    4.00579214e-01 3.47277403e-01 1.93835884e-01 2.18034983e-02
    7.46353984e-01 4.46984708e-01 4.15565848e-01 1.65528595e-01
    3.67817670e-01 2.57360756e-01 4.44758832e-01 8.66716862e-01
    3.91551733e-01 9.77449656e-01 8.72831583e-01 2.73544788e-02
    6.13692045e-01 6.42544329e-02 1.81928933e-01 5.44937968e-01
    6.29391432e-01 9.15776372e-01 3.09782475e-01 7.91731477e-03
    7.47103035e-01 3.30062479e-01 2.86223888e-02 6.24056578e-01
    9.01335955e-01 6.84727550e-01 9.00775194e-02 9.87744033e-01
    3.51358533e-01 3.37822020e-01 4.83044535e-01 8.48939717e-01
    7.89270878e-01 2.03877747e-01 9.67628241e-01 6.72054052e-01
    2.03654706e-01 9.52116370e-01 4.05908793e-01 4.35550034e-01
    6.30888104e-01 7.43103147e-01 6.07546985e-01 5.18644392e-01
    7.16929555e-01 9.92645383e-01 2.47725070e-01 8.96052957e-01
    9.49139595e-01 1.34896189e-01 5.85164309e-01 7.41931379e-01
    5.32448888e-01 3.72726619e-01 3.20554018e-01 8.83439183e-02
    1.65289015e-01 1.05171382e-01 1.11300886e-01 7.57304192e-01
    8.54168057e-01 2.78604269e-01 5.11127234e-01 9.26546216e-01
    2.26574898e-01 5.00058234e-01 4.47067022e-01 7.56461203e-01
    4.23860967e-01 8.55411172e-01 2.22422898e-01 3.22147310e-02
    6.67648196e-01 4.11391437e-01 1.86011255e-01 7.08420932e-01
    4.78446245e-01 3.81408691e-01 2.60151148e-01 2.33839691e-01
    5.39957285e-02 9.04508591e-01 6.45729542e-01 9.43545341e-01
    2.53150761e-01 5.59418976e-01 1.77578926e-01 2.93191135e-01
    2.13395357e-02 3.34897697e-01 5.30895174e-01 8.66642892e-02
    9.83780801e-01 7.20437527e-01 4.08330351e-01 2.05731392e-02
    5.58862805e-01 8.25989425e-01 3.08481395e-01 2.58210033e-01
    8.39486063e-01 1.19010568e-01 1.85342133e-01 9.02392387e-01
    6.56969190e-01 5.11809587e-01 5.12380183e-01 4.21412319e-01
    5.45123637e-01 4.54587966e-01 2.93967992e-01 5.10519862e-01
    9.71977592e-01 4.93147254e-01 6.02077603e-01 7.60158896e-03
    6.18454814e-01 3.49222749e-01 5.87311387e-03 7.12782025e-01
    8.45937490e-01 9.39929485e-01 4.40139681e-01 4.04031515e-01
    4.06202972e-02 4.09598768e-01 7.00521886e-01 9.72260237e-01
    4.21793878e-01 3.38431686e-01 2.10361749e-01 5.30831993e-01
    1.40574157e-01 1.84689760e-01 2.79956818e-01 1.80036247e-01
    3.34291995e-01 9.80033159e-01 7.68703878e-01 5.35142422e-01
    4.56465393e-01 4.67312276e-01 5.95712364e-02 8.02628398e-01
    7.21348226e-01 3.30379665e-01 2.38462985e-01 3.93993258e-01
    4.60017115e-01 2.20149279e-01 7.25741506e-01 7.09564209e-01
    3.12687933e-01 9.50635433e-01 7.03686774e-01 6.45712852e-01
    3.60852361e-01 6.75905168e-01 2.28049695e-01 1.39025748e-01
    3.96618128e-01 9.98750329e-01 2.99064159e-01 6.52479887e-01
    5.07739723e-01 3.71376514e-01 7.35939026e-01 1.43207550e-01
    7.88312793e-01 9.72868562e-01 2.95340598e-01 7.35815465e-02
    3.86228502e-01 6.74044967e-01 6.88034892e-01 6.13977671e-01
    4.22217548e-02 2.94368684e-01 1.78780913e-01 2.08967805e-01
    6.07272983e-03 2.60715812e-01 1.30889982e-01 5.86435080e-01
    1.86725646e-01 1.24194384e-01 1.21653408e-01 3.53805482e-01
    8.16307783e-01 1.14161879e-01 8.15720677e-01 2.14453161e-01
    4.60487396e-01 4.35733497e-02 8.65354180e-01 8.98392260e-01
    5.73385239e-01 2.10181236e-01 6.73715234e-01 6.47518337e-01
    5.06294966e-02 6.28156424e-01 4.49871749e-01 7.23054767e-01
    8.64599466e-01 1.65225565e-01 4.33847189e-01 5.40264487e-01
    6.93776727e-01 9.78496253e-01 9.56360638e-01 4.87914085e-01
    9.41487372e-01 9.23652172e-01 9.15564477e-01 6.62305355e-01
    8.44371080e-01 2.08456516e-02 2.75870204e-01 3.04836750e-01
    2.42855012e-01 8.45970213e-02 2.65019834e-01 9.14146006e-02
    5.24907768e-01 5.27341843e-01 5.73407650e-01 6.48342252e-01
    5.66523969e-01 5.70650876e-01 6.50485694e-01 8.66400003e-01
    8.10912311e-01 9.50779796e-01 6.44457102e-01 2.07110435e-01
    1.07166618e-01 3.61365497e-01 2.99628794e-01 3.27035248e-01
    4.14706349e-01 3.74287754e-01 9.27221417e-01 5.39644778e-01
    5.50164044e-01 3.41097891e-01 5.31966031e-01 4.53522205e-02
    6.42982185e-01 2.86319733e-01 9.80748773e-01 4.39796627e-01
    5.64543664e-01 3.02414805e-01 2.82693774e-01 7.93424547e-01
    7.80972838e-02 3.68246138e-01 8.15442204e-02 1.63783967e-01
    8.88813913e-01 5.11134624e-01 4.03657377e-01 8.03579926e-01
    8.85266900e-01 1.96312636e-01 2.97299922e-02 4.62226868e-01
    2.67933249e-01 7.77356386e-01 1.14020765e-01 3.31596911e-01
    6.92387998e-01 3.09226632e-01 8.70977283e-01 6.62750602e-01
    1.38354093e-01 1.96401358e-01 4.64568734e-02 2.69929975e-01
    8.06097150e-01 8.90378654e-02 6.19877219e-01 6.11258745e-02
    6.23914182e-01 8.57497215e-01 8.81040752e-01 6.77074790e-01
    2.39134848e-01 3.68638873e-01 3.13818693e-01 9.03564572e-01
    4.56036180e-01 5.17052650e-01 3.38615447e-01 6.38563693e-01
    4.34199303e-01 8.77020180e-01 7.77453303e-01 4.90698963e-01
    9.16324139e-01 9.38141942e-01 9.26975846e-01 9.83578265e-01
    9.62315321e-01 7.62468576e-01 7.40808368e-01 8.83379936e-01
    9.80366170e-02 9.39424276e-01 3.42294455e-01 4.21851873e-04
    6.48751378e-01 7.22791493e-01 8.06940854e-01 5.60181737e-01
    1.98226511e-01 4.29080546e-01 3.54849160e-01 4.97021586e-01
    7.53736377e-01 1.29851699e-03 2.76485801e-01 5.83594024e-01
    8.15244615e-01 1.42324537e-01 2.95482993e-01 7.69509196e-01
    7.96556175e-02 4.90367204e-01 3.72576237e-01 8.12675953e-01
    5.50422788e-01 2.13417560e-01 4.63284016e-01 3.91029388e-01
    8.52862477e-01 3.57298762e-01 6.70702577e-01 5.37268281e-01
    7.41647303e-01 5.19862235e-01 5.74519932e-01 5.28469920e-01
    8.53004754e-01 6.42759144e-01 6.23914897e-01 5.44858396e-01
    7.80579448e-01 2.88662285e-01 5.74072182e-01 7.21728146e-01
    9.49122787e-01 8.65365684e-01 9.86901045e-01 3.18316400e-01
    8.91642809e-01 5.12163818e-01 5.57753325e-01 6.57733977e-01
    9.19708133e-01 2.55731523e-01 5.50111532e-01 1.73233747e-02
    6.27639174e-01 3.71906281e-01 7.92864561e-02 5.94397485e-01
    4.60114181e-01 1.84930235e-01 8.54884148e-01 9.07875717e-01
    7.25765705e-01 1.77961409e-01 3.97469550e-01 2.82088995e-01
    8.96257997e-01 7.11260259e-01 2.90000260e-01 2.85551548e-01
    6.87349021e-01 3.76674831e-01 5.80124021e-01 7.62309432e-01
    6.85551226e-01 7.89985299e-01 5.93627930e-01 2.87950963e-01
    1.11054450e-01 2.42766708e-01 6.16351545e-01 9.75428402e-01
    4.70639229e-01 4.61657822e-01 3.56636643e-01 4.67414439e-01
    6.91456079e-01 9.89210427e-01 3.31542194e-01 2.39715517e-01
    7.17293501e-01 2.32689619e-01 4.43997115e-01 6.65308237e-01
    8.81368160e-01 7.33166039e-02 2.29971617e-01 8.89553726e-02
    5.56286335e-01 9.79931235e-01 3.17218900e-02 8.08009207e-01
    7.77752936e-01 7.44941235e-01 8.30725431e-02 8.22250962e-01
    2.08357275e-01 5.63802242e-01 3.93022954e-01 1.97292387e-01
    5.29408932e-01 2.84116983e-01 4.13103759e-01 3.13058138e-01
    8.10142636e-01 7.58155823e-01 4.95971501e-01 4.50198799e-01
    6.27281308e-01 9.87088084e-01 4.06939894e-01 1.81448758e-01
    8.37192178e-01 6.63287401e-01 5.54731786e-01 7.19462097e-01
    7.57309556e-01 4.26199287e-01 8.87588143e-01 9.22223687e-01
    5.86992085e-01 4.01216596e-01 7.59275079e-01 5.03016710e-01
    8.96028876e-01 2.54474521e-01 1.80362105e-01 8.90660882e-02
    2.52039224e-01 3.32173288e-01 7.42958367e-01 7.02382863e-01
    3.22609723e-01 5.71170568e-01 2.80322194e-01 1.62612021e-01
    1.28305167e-01 9.74134982e-01 1.23023927e-01 5.74981034e-01
    5.25486708e-01 7.34814405e-02 2.11106390e-01 2.08403349e-01
    8.52324903e-01 2.10706592e-01 4.86461431e-01 7.13980973e-01
    8.25300992e-01 8.95423770e-01 1.52592152e-01 1.18886441e-01
    8.21341693e-01 6.06036544e-01 4.29406732e-01 8.59335303e-01
    2.08564103e-01 5.75013101e-01 9.37890708e-02 3.61722738e-01
    6.40131831e-01 4.81010795e-01 7.34843254e-01 7.98638284e-01
    2.91367650e-01 7.05427229e-01 2.83401072e-01 6.90055907e-01
    3.79067957e-01 1.35455608e-01 8.70203853e-01 3.58217895e-01
    6.09284341e-02 5.11171103e-01 8.93487334e-01 3.00451189e-01
    5.04338741e-01 8.43388557e-01 6.19277775e-01 2.64091045e-01
    4.27985311e-01 6.18235946e-01 2.45941073e-01 4.87872958e-02
    5.78088760e-02 7.93185830e-01 4.78017330e-01 9.08914089e-01
    1.28689319e-01 1.18167549e-01 4.05050814e-01 4.77170110e-01
    9.86698925e-01 6.91703856e-02 5.57255328e-01 5.17610490e-01
    1.65324062e-01 2.03339219e-01 2.50371337e-01 9.57483590e-01
    8.10815334e-01 3.10720503e-02 6.16731286e-01 7.18297064e-01
    4.32923079e-01 1.17675811e-01 3.23829859e-01 2.05950171e-01
    9.96743143e-02 3.25145245e-01 2.15091556e-01 5.33798933e-01
    2.38127053e-01 5.14290094e-01 4.04210806e-01 3.32890362e-01
    3.09058726e-01 9.90229487e-01 9.25713658e-01 5.70295990e-01
    4.82945293e-01 2.96629757e-01 5.90062261e-01 7.70953536e-01
    4.18366998e-01 8.91058087e-01 2.14129329e-01 6.58487916e-01
    3.93632144e-01 5.71606100e-01 7.48759925e-01 7.67912149e-01
    3.43156606e-01 6.80865884e-01 9.59180236e-01 8.53400171e-01
    9.74599838e-01 9.26907063e-01 7.72000611e-01 5.75537086e-01
    4.27604735e-01 3.87168527e-01 6.32543027e-01 6.62055373e-01
    9.02044892e-01 9.76637602e-01 4.58726764e-01 8.50804746e-02
    4.33505744e-01 9.06083763e-01 2.30596691e-01 7.72714317e-01
    8.43976736e-01 7.89086938e-01 9.71679628e-01 7.12839723e-01
    7.07034111e-01 7.19639480e-01 8.06994021e-01 7.22915173e-01
    4.04914200e-01 9.16415334e-01 1.12508863e-01 9.03241158e-01
    6.31138027e-01 3.75307262e-01 6.58968389e-01 5.21840692e-01
    3.80140245e-02 6.29294395e-01 2.89696693e-01 5.47651470e-01
    6.16869569e-01 7.81882167e-01 2.84510553e-01 2.28126019e-01
    6.98515117e-01 2.51921058e-01 2.29353487e-01 4.76853073e-01
    1.07667267e-01 1.99156135e-01 9.28992927e-02 6.58796668e-01
    1.41007513e-01 5.19350111e-01 9.97498155e-01 3.03648561e-01
    2.98136175e-02 3.19473386e-01 6.17213130e-01 7.85921812e-01
    3.05728227e-01 1.00367159e-01 7.34110236e-01 9.26734567e-01
    3.57687473e-01 9.82649088e-01 6.15576804e-01 4.73633170e-01
    9.46760416e-01 6.56546295e-01 9.70878899e-02 5.30647695e-01
    9.48979139e-01 3.80737126e-01 7.68916667e-01 2.55229473e-02
    7.42794514e-01 2.54442096e-01 5.45310438e-01 3.49207103e-01
    9.98537898e-01 2.08941549e-01 9.73279953e-01 9.70193267e-01
    6.10679388e-01 4.55755115e-01 1.72159076e-02 1.93898857e-01
    9.32322621e-01 4.45369124e-01 7.49823093e-01 4.21548784e-01
    8.78257871e-01 3.74492228e-01 3.61612648e-01 1.31052256e-01
    6.06432259e-01 2.45330215e-01 5.17743111e-01 8.43124509e-01
    4.57718968e-02 2.09485710e-01 4.66720879e-01 7.21538663e-01
    1.28787100e-01 4.08971310e-02 3.26987267e-01 8.41812015e-01
    9.30545032e-01 5.71730316e-01 8.86490226e-01 3.01002145e-01
    7.77812839e-01 9.71140623e-01 9.08351064e-01 2.18232870e-01
    6.81769729e-01 5.81647754e-01 9.50647831e-01 3.18259895e-01
    1.23640388e-01 2.47572064e-01 6.04165375e-01 2.32933134e-01
    4.55152392e-02 7.32948422e-01 8.30756187e-01 7.03393877e-01
    3.41746926e-01 2.74323404e-01 9.92599666e-01 7.86385536e-01
    8.57358336e-01 2.06530064e-01 5.97380280e-01 2.67514497e-01
    2.08981037e-01 3.02684039e-01 3.99813563e-01 7.77167439e-01
    4.88249958e-01 4.15381312e-01 5.90286195e-01 4.37792838e-02
    4.07818317e-01 7.68186092e-01 8.22599530e-01 2.96535373e-01
    2.29975432e-01 5.77427030e-01 1.39954001e-01 5.37475109e-01
    8.30931365e-02 8.67091060e-01 3.82349044e-01 6.42996788e-01
    3.99462700e-01 1.85529292e-01 1.70088530e-01 8.79453242e-01
    3.01817387e-01 2.38503158e-01 5.54203212e-01 7.32405305e-01
    2.51211822e-02 1.19790703e-01 8.39459538e-01 1.72273517e-02
    6.82178080e-01 3.64958882e-01 3.08002949e-01 2.87413061e-01
    1.40697330e-01 9.56079841e-01 4.81703401e-01 4.84811127e-01
    3.83987784e-01 8.91614676e-01 5.85171223e-01 2.89426625e-01
    6.65992737e-01 4.18740511e-02 1.22935236e-01 6.87668145e-01
    8.65021229e-01 2.75835097e-01 4.68491316e-01 8.79377782e-01
    8.18465114e-01 5.61766207e-01 7.68986344e-02 8.69634748e-01
    5.02327979e-01 8.98715377e-01 6.37284517e-01 8.51274729e-01
    5.58558047e-01 5.06342947e-02 6.86737180e-01 8.80909324e-01
    8.89613628e-02 9.51347589e-01 1.44751787e-01 1.28358364e-01
    8.83682370e-01 3.29577982e-01 3.84970546e-01 7.95519114e-01
    2.37116933e-01 6.96235836e-01 4.51053798e-01 3.79606426e-01
    9.19037342e-01 4.09454495e-01 4.21527922e-02 6.16425335e-01
    3.16505551e-01 8.62208843e-01 6.23700082e-01 8.44274282e-01
    3.50790858e-01 4.63241041e-01 4.27024633e-01 2.79907525e-01
    3.94018292e-02 1.11240953e-01 8.17581236e-01 5.12290001e-02
    5.07314742e-01 3.31970394e-01 9.30551231e-01 9.80326414e-01
    1.36709809e-01 5.56952536e-01 4.44377273e-01 7.50651717e-01
    3.77889395e-01 5.44150651e-01 3.56165767e-01 5.00462711e-01
    5.48824430e-01 5.92131793e-01 2.86566675e-01 1.21538818e-01
    7.63258338e-01 2.35049218e-01 8.81943107e-01 8.05317819e-01
    5.21465719e-01 2.21873015e-01 2.45066434e-01 3.07818204e-01
    2.63313293e-01 9.18110251e-01 5.97468734e-01 1.26763731e-01
    9.92276788e-01 1.88167185e-01 9.34033394e-01 9.57291007e-01
    9.77603793e-01 1.84794426e-01 3.71151924e-01 5.06490767e-01
    2.08733916e-01 2.96008825e-01 5.35358429e-01 6.50257289e-01
    2.23261148e-01 7.83452749e-01 2.90340960e-01 7.86675572e-01
    1.45933777e-01 8.86975050e-01 9.66124594e-01 3.42665911e-02
    3.70817661e-01 3.85066867e-03 5.22829056e-01 4.27207232e-01
    8.15607071e-01 7.37706244e-01 2.40257770e-01 1.52247190e-01
    1.95938259e-01 7.79004931e-01 9.43641424e-01 4.03135836e-01
    4.15932238e-02 4.02730703e-03 5.56264758e-01 7.46430635e-01
    8.57586563e-02 7.49822617e-01 8.47054899e-01 6.47791505e-01
    7.45342731e-01 6.90324008e-02 5.70617676e-01 1.88188672e-01
    7.86733508e-01 5.97770929e-01 6.89654648e-01 8.67183328e-01
    5.40917516e-01 9.96466398e-01 1.27247274e-02 9.29636955e-01
    4.15242225e-01 2.63736665e-01 5.18093467e-01 1.04607075e-01
    2.52068639e-01 2.68417120e-01 4.81934994e-01 1.89228892e-01
    2.65999436e-01 1.25587106e-01 3.83259952e-02 3.91797960e-01
    9.38743770e-01 5.90466857e-02 2.42561698e-01 3.22313905e-01
    7.74631023e-01 4.36355084e-01 8.18874538e-02 2.75007576e-01
    9.33443546e-01 6.80187404e-01 1.37113661e-01 3.97875488e-01
    8.60263884e-01 7.70508647e-01 7.13675261e-01 1.99447632e-01
    3.19429755e-01 9.58834052e-01 5.58669388e-01 4.57423925e-02
    5.21268189e-01 7.42748499e-01 1.58846170e-01 5.87462962e-01
    3.77463251e-01 3.13891411e-01 8.69049251e-01 9.93753791e-01
    4.35604751e-02 2.15981603e-02 6.31803632e-01 1.02125704e-02
    9.81487870e-01 3.77440184e-01 5.70034266e-01 4.46659178e-01
    9.49395061e-01 2.05873579e-01 2.62036860e-01 5.10316372e-01
    6.14319801e-01 2.75808215e-01 7.37906694e-01 4.43257362e-01
    5.25670707e-01 1.17241412e-01 4.72427785e-01 2.40469307e-01
    9.78137732e-01 5.36970496e-01 4.02587652e-03 1.54686987e-01
    2.95261443e-02 6.12209618e-01 2.76255339e-01 2.64977455e-01
    8.37129593e-01 4.85191375e-01 7.19544232e-01 1.32448614e-01
    9.57792699e-01 3.81473988e-01 5.21980166e-01 9.51228559e-01
    3.49710882e-02 1.34581983e-01 3.29972565e-01 5.88112354e-01
    2.89694369e-01 6.98373199e-01 3.42912704e-01 9.89952147e-01
    2.18031883e-01 1.08831048e-01 9.80895221e-01 4.47380930e-01
    2.64574230e-01 7.42161691e-01 6.91939950e-01 6.72139406e-01
    6.31096840e-01 1.18741423e-01 5.89260280e-01 5.28542101e-01
    5.06913364e-02 1.29054695e-01 3.46639097e-01 7.84528792e-01
    4.23772484e-01 6.17220163e-01 2.84809500e-01 7.50129282e-01
    2.40173995e-01 4.26055729e-01 5.98346591e-02 2.95031488e-01
    8.18986297e-02 2.92685330e-01 2.70292640e-01 5.07773042e-01
    4.09935623e-01 9.47236061e-01 8.79423141e-01 7.39038587e-01
    8.03302526e-01 3.72454584e-01 3.02160382e-01 6.80483997e-01
    6.68492615e-01 1.90692216e-01 7.26203442e-01 3.46273988e-01
    5.17146289e-02 4.40021098e-01 3.26978207e-01 9.53616738e-01
    2.71995723e-01 8.42920959e-01 7.47975349e-01 5.65246701e-01
    5.58082283e-01 7.55157292e-01 1.47872865e-02 6.98088944e-01
    4.57555205e-01 3.19050342e-01 4.80948389e-02 8.79502058e-01
    2.73477554e-01 6.00581288e-01 3.13189864e-01 6.84778333e-01
    2.40250111e-01 2.52065510e-01 6.71901286e-01 8.69285822e-01
    6.88685238e-01 2.98625022e-01 5.79129398e-01 1.12528890e-01
    1.32827818e-01 9.04499292e-01 2.81503350e-01 2.78595984e-02
    7.02335179e-01 9.09922361e-01 5.62615871e-01 6.82862759e-01
    6.80507243e-01 1.48693353e-01 9.45816040e-02 4.70008075e-01
    8.45636725e-02 2.82758415e-01 5.61994791e-01 2.12640405e-01
    4.08929318e-01 7.09790707e-01 8.33665729e-02 4.36110318e-01
    9.56209302e-01 1.68473721e-01 9.96908426e-01 3.13279897e-01
    1.36302769e-01 2.26436019e-01 5.70576429e-01 8.15156698e-01
    9.39987540e-01 8.76607597e-02 6.28997266e-01 9.05284643e-01
    6.29640698e-01 5.31189263e-01 2.66028583e-01 9.91598010e-01
    3.79202217e-01 8.23606074e-01 4.93600607e-01 4.39411700e-01
    9.09197867e-01 4.23021376e-01 1.20841503e-01 3.77729058e-01
    1.48598999e-01 8.52411389e-02 9.90495682e-02 5.43630302e-01
    3.14054310e-01 5.76633215e-03 2.19765306e-03 7.32646525e-01
    3.66768807e-01 4.60452855e-01 4.01370615e-01 6.59779966e-01
    5.11039317e-01 2.09594667e-02 6.01565897e-01 9.80873942e-01
    4.13097262e-01 7.54172564e-01 7.10025609e-01 7.16522574e-01
    5.90084136e-01 8.97071600e-01 3.16995978e-02 4.28232849e-01
    7.87154794e-01 8.12934041e-01 2.32028574e-01 6.85843647e-01
    7.24902391e-01 3.77774596e-01 8.42546523e-02 7.58583903e-01
    7.81426191e-01 5.46770096e-01 5.78712404e-01 7.46090472e-01
    7.50768185e-01 3.72777700e-01 2.76143968e-01 3.51966321e-01
    7.44817138e-01 8.58487248e-01 2.87468672e-01 6.91280484e-01
    1.52493626e-01 2.29245722e-02 7.55322576e-01 6.51500583e-01
    9.84955430e-01 6.65819764e-01 9.53413248e-01 4.30639178e-01
    3.48704755e-01 1.66204035e-01 3.44822496e-01 1.36701167e-01
    3.69080603e-01 6.98080242e-01 8.33159089e-01 8.57114196e-01
    6.40657961e-01 9.96399283e-01 2.48358577e-01 6.59924507e-01
    9.85064983e-01 4.38805610e-01 5.85065901e-01 1.78269416e-01
    4.24578965e-01 6.12376034e-01 9.69071269e-01 3.71765256e-01
    3.26066315e-02 3.31931561e-01 5.20312369e-01 5.44825673e-01
    6.24524534e-01 1.13788545e-02 1.28838718e-02 4.73984390e-01
    4.05532449e-01 6.24423683e-01 3.86282086e-01 4.12730038e-01
    3.50279331e-01 2.49023885e-01 8.00670981e-01 4.34840262e-01
    6.24607027e-01 8.96164298e-01 6.01762176e-01 7.08204091e-01
    9.13043380e-01 2.09353268e-02 7.10049152e-01 8.53356719e-02
    2.23842651e-01 4.93817031e-02 5.77729166e-01 4.08181161e-01
    5.52250862e-01 8.33865821e-01 9.65467989e-01 9.42499340e-01
    5.55634975e-01 7.38962710e-01 1.69737846e-01 2.99865842e-01
    9.86624420e-01 5.43109477e-01 3.91912639e-01 9.13047791e-01
    9.13187027e-01 9.80498314e-01 7.29404867e-01 3.46302658e-01
    1.83090657e-01 3.35796177e-02 2.04519987e-01 8.73500466e-01
    6.55160129e-01 2.70711422e-01 1.07136399e-01 9.17605460e-01
    3.57763857e-01 8.55601490e-01 9.38006341e-01 4.12708700e-01
    2.44721442e-01 2.94765115e-01 7.13924944e-01 7.39327669e-01
    7.13244677e-02 9.69492733e-01 4.19551671e-01 5.68069518e-01
    8.00077319e-02 9.29181278e-01 5.59966862e-02 7.45227933e-02
    7.84664512e-01 2.88179636e-01 5.05971611e-01 9.70872402e-01
    2.10414708e-01 4.43960994e-01 9.28209126e-01 8.81081939e-01
    5.07566214e-01 4.78549510e-01 3.44604850e-01 7.22604990e-03
    8.79447877e-01 1.01860464e-02 7.95160413e-01 6.63860917e-01
    2.81872451e-02 4.28822398e-01 6.32489562e-01 4.50714886e-01
    4.34617370e-01 3.35527062e-01 9.68536437e-01 7.99516201e-01
    9.17493165e-01 1.16793305e-01 2.64740884e-02 9.94121671e-01
    2.61987388e-01 4.32132810e-01 7.43507206e-01 5.00910103e-01
    8.71939063e-01 1.05504572e-01 5.73866010e-01 5.05837262e-01
    6.92071736e-01 1.42485410e-01 9.16753531e-01 3.77600163e-01
    8.07112217e-01 2.08181381e-01 8.95813942e-01 4.31584120e-02
    6.17812157e-01 1.89478844e-01 8.80601406e-01 3.59042823e-01
    5.91299951e-01 6.48755550e-01 8.39435458e-01 8.00595284e-01
    8.24281991e-01 1.67175949e-01 4.94170696e-01 1.71972960e-01
    4.84302014e-01 7.56378174e-02 1.13815278e-01 3.04884791e-01
    3.51146728e-01 2.03067243e-01 2.74659783e-01 4.88623440e-01
    9.36952114e-01 1.50996298e-01 4.49346751e-01 4.76933628e-01
    8.08364153e-01 8.19522738e-01 6.34032607e-01 2.50239074e-01
    2.12927461e-01 7.23545432e-01 7.97112942e-01 7.28203177e-01
    8.29488635e-02 2.37026721e-01 2.25512862e-01 7.03304291e-01
    3.03075671e-01 4.65437382e-01 4.34714645e-01 1.68563366e-01
    3.13702166e-01 3.68510187e-02 4.00953591e-01 4.57568914e-01
    8.28641295e-01 1.64549172e-01 8.81317735e-01 9.60503101e-01
    2.34976441e-01 4.13772464e-01 1.42849773e-01 9.82827127e-01
    5.28237224e-03 4.36178446e-01 5.88802397e-01 5.52651644e-01
    6.63215339e-01 4.04921532e-01 8.60360146e-01 5.08615553e-01
    8.20436716e-01 1.40849113e-01 9.09495592e-01 1.51614547e-02
    3.68289709e-01 1.70732141e-02 1.01866424e-01 3.73733342e-01
    1.01192594e-02 1.06325924e-01 5.22598743e-01 5.73017418e-01
    2.76034176e-02 1.40266865e-01 8.95416498e-01 7.34070957e-01
    2.85775959e-01 2.29538441e-01 3.98722887e-02 1.95079952e-01
    5.50861001e-01 4.00579482e-01 7.71259069e-01 8.84309232e-01
    8.36749196e-01 6.05007172e-01 2.75631428e-01 7.26222754e-01
    2.88588703e-01 5.50202847e-01 9.21744823e-01 3.11405659e-02
    3.75157356e-01 2.91420668e-01 5.40055752e-01 6.84666336e-01
    9.94527936e-01 2.35908121e-01 5.17730653e-01 1.47786736e-01
    4.68183577e-01 8.85574222e-01 8.88343334e-01 8.27440262e-01
    1.24220371e-01 2.98378468e-02 3.72270584e-01 6.50497496e-01
    5.49064398e-01 2.30487704e-01 2.56866753e-01 7.37001061e-01
    9.24028635e-01 8.34502757e-01 4.89555001e-02 9.14184213e-01
    6.91449106e-01 8.14727604e-01 9.54743922e-02 5.02129436e-01
    5.29941738e-01 8.58614028e-01 6.47354066e-01 9.66772437e-03
    9.12784576e-01 5.47620893e-01 8.98916602e-01 8.66781116e-01
    2.63581634e-01 1.79707319e-01 8.80792022e-01 6.51108623e-02
    1.83179438e-01 1.15593970e-01 7.67677307e-01 1.32643908e-01
    1.02624297e-02 9.52776790e-01 4.43810523e-01 2.05959827e-01
    2.99079001e-01 5.69620073e-01 4.61601019e-01 3.93571138e-01
    8.35199594e-01 7.99696445e-01 9.70238686e-01 1.77234530e-01
    9.08276618e-01 1.87762290e-01 1.14304125e-01 3.88006181e-01
    5.90880156e-01 9.75426197e-01 8.03369820e-01 4.48515028e-01
    4.82759893e-01 9.71670985e-01 2.97082484e-01 8.67971778e-01
    8.71734440e-01 7.70051599e-01 8.79144669e-02 6.36340499e-01
    4.07392472e-01 6.62900686e-01 1.25826418e-01 1.33188009e-01
    1.64589733e-01 4.26426530e-03 5.93623221e-02 4.69917059e-01
    2.89402664e-01 5.33843338e-01 2.27458179e-01 6.80736840e-01
    8.63973796e-02 5.06795943e-01 5.16611874e-01 4.68240976e-01
    8.18246901e-02 2.44787782e-01 9.82855439e-01 5.22744060e-02
    3.78799260e-01 6.77193999e-01 2.65530705e-01 7.70439029e-01
    8.40164304e-01 8.72378945e-01 6.71626270e-01 7.77234674e-01
    6.89511001e-01 1.03267968e-01 7.23789692e-01 1.90889686e-01
    9.43664908e-01 2.63381004e-01 2.40573674e-01 5.43696761e-01
    9.58128154e-01 6.66414976e-01 5.74495256e-01 6.20377541e-01
    8.06837082e-01 1.67975754e-01 6.01099014e-01 5.44893324e-01
    7.95066953e-01 5.09822786e-01 4.74224597e-01 9.88298357e-02
    7.30782330e-01 3.38605851e-01 1.01884842e-01 4.07443166e-01
    1.86227620e-01 5.10619402e-01 1.51139081e-01 3.25034976e-01
    1.06965512e-01 5.72706282e-01 7.63907671e-01 4.41109836e-01
    2.85391271e-01 6.30452275e-01 5.62217474e-01 1.77331746e-01
    4.79445845e-01 2.26595104e-02 6.67590022e-01 3.74281615e-01
    7.89598882e-01 6.18553817e-01 6.51932955e-01 2.47958958e-01
    2.58393824e-01 7.25619316e-01 9.39009190e-02 3.48463237e-01
    5.71951747e-01 8.38034928e-01 4.45392430e-01 1.38153970e-01
    7.65784383e-02 9.31296110e-01 9.95371938e-01 5.25931418e-02
    6.41525686e-01 2.08842754e-03 9.78449821e-01 5.53431690e-01
    7.54090190e-01 6.86329901e-01 4.34062988e-01 5.59933901e-01
    8.08662951e-01 4.77483511e-01 1.92148775e-01 9.00143266e-01
    5.95670819e-01 7.46817708e-01 6.17715418e-01 7.05473542e-01
    2.91752756e-01 8.45679879e-01 1.75013840e-01 3.46641988e-01
    6.24621868e-01 5.20164311e-01 6.27838254e-01 2.51779586e-01
    2.87397325e-01 8.11911523e-02 4.59267616e-01 7.12336302e-01
    8.15460443e-01 2.08811939e-01 6.19674325e-01 8.70378613e-02
    5.57959080e-02 6.22508943e-01 7.70552635e-01 9.38365340e-01
    7.13508666e-01 6.07165098e-01 9.63796735e-01 8.83419514e-01
    7.77857065e-01 5.65640509e-01 6.94099486e-01 5.39729774e-01
    9.86160040e-01 3.22024763e-01 1.52708530e-01 6.47486687e-01
    3.06086481e-01 1.04925007e-01 6.51575804e-01 5.89458644e-01
    1.19991302e-02 4.40216064e-02 8.78041863e-01 2.29083598e-01
    7.14743316e-01 7.48065948e-01 4.05487239e-01 5.22235036e-02
    4.55122650e-01 7.43695855e-01 7.68294752e-01 6.83573067e-01
    2.53225148e-01 4.84433174e-02 3.17641586e-01 7.19976306e-01
    4.29070681e-01 3.67369503e-01 7.09948063e-01 2.69941032e-01
    9.87876534e-01 5.29659450e-01 8.27952504e-01 9.09464121e-01
    1.58014864e-01 2.81535745e-01 3.63140255e-01 6.05092824e-01
    8.66963387e-01 4.60141450e-01 3.96071166e-01 5.87128878e-01
    2.36578792e-01 2.96214938e-01 6.60537541e-01 2.58879751e-01
    7.55473256e-01 7.98053384e-01 3.18906307e-01 5.57691991e-01
    5.90631187e-01 9.55931067e-01 5.60902238e-01 8.44442129e-01
    5.76430023e-01 8.38235617e-01 6.52467191e-01 3.21676433e-01
    8.86932015e-01 7.57432520e-01 2.75176048e-01 5.35484254e-01
    5.67736983e-01 4.40261960e-01 7.63771415e-01 8.96718621e-01
    7.05827713e-01 4.36633229e-02 7.12883055e-01 3.62357020e-01
    3.70987654e-01 8.57433915e-01 1.03258580e-01 6.45915091e-01
    2.05084950e-01 9.36054707e-01 2.41840631e-01 9.23099518e-01
    7.48022318e-01 4.53550458e-01 5.54210961e-01 7.96475172e-01
    8.63758445e-01 7.12046802e-01 3.19171995e-01 9.59443569e-01
    5.08909166e-01 5.84293127e-01 4.11925018e-01 1.80312812e-01
    6.21851981e-01 8.52598667e-01 1.93687350e-01 1.47135794e-01
    6.36826456e-01 9.85968411e-02 6.66201055e-01 6.29856169e-01
    5.77670038e-01 2.85717428e-01 5.22638261e-02 3.89497489e-01
    8.50569963e-01 6.51208758e-02 4.49346870e-01 3.11492145e-01
    2.19187707e-01 4.28376198e-01 6.52325749e-02 8.69280338e-01
    7.13071942e-01 3.97815019e-01 4.95419681e-01 6.81141496e-01
    7.00420856e-01 2.07540393e-03 8.73310804e-01 8.84007394e-01
    5.78969359e-01 9.84652579e-01 8.18815470e-01 6.01319373e-01
    5.42636633e-01 3.40780914e-01 6.99555218e-01 6.74147725e-01
    7.21431673e-02 4.28721786e-01 3.24255228e-01 1.75688654e-01
    9.47882295e-01 7.28399754e-01 5.26167333e-01 8.64957333e-01
    1.44950151e-01 6.18334055e-01 8.65701199e-01 7.18587637e-03
    6.78710043e-01 4.09809351e-02 9.02658880e-01 4.39655721e-01
    6.97772264e-01 6.76815093e-01 4.92180139e-01 9.23941791e-01
    2.00053483e-01 6.17450178e-02 7.57812321e-01 7.59580553e-01
    4.59536135e-01 4.95440513e-01 4.00728166e-01 1.56793237e-01
    6.99797273e-01 1.69577599e-01 2.41488516e-01 5.43676376e-01
    1.83929354e-01 3.21928561e-02 9.42997992e-01 6.00297153e-01
    9.31721747e-01 8.58934760e-01 9.77977216e-02 8.17842841e-01
    5.04512072e-01 5.93668997e-01 2.79837132e-01 9.32284355e-01
    7.18398452e-01 5.52241981e-01 8.22264612e-01 6.40318096e-02
    1.54341936e-01 2.49659538e-01 4.67041701e-01 4.32992846e-01
    3.93481970e-01 7.24206924e-01 2.84454882e-01 3.34453702e-01
    4.38550949e-01 2.43635774e-01 1.68422490e-01 3.07748497e-01
    7.99086690e-03 7.74183571e-01 2.71556914e-01 9.22959626e-01
    7.70449996e-01 7.91396737e-01 5.99496603e-01 7.99440145e-02
    5.12877941e-01 1.47377074e-01 8.56242120e-01 4.78695154e-01
    7.61684775e-03 4.90000308e-01 3.52714330e-01 1.21309727e-01
    8.85170281e-01 5.62733054e-01 2.73201764e-01 9.56333756e-01
    4.38301712e-01 3.33767951e-01 4.68644053e-01 9.08391476e-02
    6.81380928e-02 2.96984553e-01 4.50721830e-01 7.43271351e-01
    5.96674621e-01 5.73168457e-01 5.31088114e-01 3.89032423e-01
    9.53186512e-01 6.16307557e-02 9.20266688e-01 8.65358055e-01
    9.00086164e-01 8.92189682e-01 4.60875452e-01 7.92816043e-01
    2.12937593e-04 6.56853974e-01 2.87760556e-01 5.91977775e-01
    4.31505144e-02 7.25495100e-01 4.24187839e-01 8.14151943e-01
    4.67543334e-01 2.16126710e-01 5.54787040e-01 1.22481197e-01
    8.13960075e-01 5.00651956e-01 4.40683126e-01 1.83224767e-01
    8.43267381e-01 4.61195409e-02 8.81064653e-01 1.50167942e-03
    7.85444498e-01 9.23050761e-01 6.75739944e-01 3.79302830e-01
    6.87143326e-01 6.22126639e-01 6.07921660e-01 1.17358148e-01
    7.00497210e-01 9.29042399e-02 1.18791401e-01 1.92439556e-02
    1.12641245e-01 9.31582212e-01 1.04210705e-01 5.35588324e-01
    2.30478048e-02 4.12809342e-01 1.05345041e-01 2.93484807e-01
    3.87489557e-01 4.36024666e-02 5.98846793e-01 7.25862920e-01
    5.37656546e-02 4.42762285e-01 8.60386372e-01 7.06146359e-01
    5.22215843e-01 6.29215896e-01 8.43856215e-01 9.28787708e-01
    4.54902053e-02 2.92513609e-01 3.58253717e-02 5.06639719e-01
    2.82307625e-01 5.77860236e-01 4.82771039e-01 3.39330167e-01
    3.32973748e-01 3.41994762e-01 6.22258484e-02 8.38856936e-01
    3.69030714e-01 7.70890474e-01 1.75405622e-01 5.09014785e-01
    9.78349209e-01 5.09779692e-01 6.61845326e-01 4.37749237e-01
    3.61827433e-01 4.05270785e-01 3.47497106e-01 6.89929605e-01
    3.70619923e-01 9.08023000e-01 9.05673146e-01 2.42960244e-01
    3.29281449e-01 1.10641390e-01 8.64286959e-01 5.94506681e-01
    1.95030719e-01 1.13423377e-01 2.65927851e-01 3.46069932e-01
    9.00160849e-01 4.88239199e-01 9.94035482e-01 6.72987878e-01
    8.53282630e-01 8.15760732e-01 1.68311089e-01 6.05677068e-01
    5.81449151e-01 9.51967597e-01 2.69081503e-01 3.00038278e-01
    4.64024544e-01 9.91671741e-01 3.76692057e-01 1.00623339e-01
    7.36524522e-01 3.47834170e-01 4.89112973e-01 3.74850273e-01
    2.87386119e-01 8.62780809e-01 3.42176139e-01 4.91475016e-01
    4.31351244e-01 5.79037189e-01 1.05504721e-01 3.94706845e-01
    8.40104699e-01 3.25014412e-01 6.85800374e-01 2.05948710e-01
    5.19188046e-02 1.72596753e-01 5.48248529e-01 9.15679276e-01
    6.23001754e-02 7.35938013e-01 6.38881266e-01 1.50265783e-01
    6.96201622e-01 4.56900865e-01 3.82446766e-01 4.37836200e-01
    2.85969883e-01 7.14578331e-02 2.43815601e-01 3.20485741e-01
    1.79766148e-01 2.91791677e-01 7.20443010e-01 8.50732028e-01
    6.23279631e-01 8.90595973e-01 1.83772355e-01 4.51006681e-01
    5.43944538e-01 4.53361690e-01 4.95548993e-01 6.67297542e-02
    6.72974467e-01 5.42429686e-01 8.80576611e-01 2.47085094e-03
    6.60024285e-01 4.84273881e-01 6.50418401e-01 3.90717238e-01
    2.29585767e-02 8.50621223e-01 9.17155206e-01 4.29892749e-01
    4.66372877e-01 3.83856744e-01 7.26196229e-01 1.80379570e-01
    9.40899849e-02 5.26183307e-01 9.38475430e-02 9.40294862e-01
    8.59707117e-01 7.52959490e-01 7.96658993e-01 5.74680746e-01
    1.94513202e-02 5.16824722e-01 2.84504890e-01 8.73918176e-01
    7.09402561e-01 9.19422925e-01 9.42702770e-01 3.74086440e-01
    3.02865863e-01 7.90023446e-01 6.64769530e-01 5.71872115e-01
    5.60514331e-01 6.62546158e-01 6.13492250e-01 2.51450956e-01
    1.92349702e-01 3.88914943e-01 1.09457433e-01 8.93414319e-01
    8.33742201e-01 4.59436685e-01 1.58468187e-02 1.70312852e-01
    3.04412842e-02 1.95664167e-02 5.68497896e-01 8.63629937e-01
    7.79804349e-01 9.81723785e-01 6.57654464e-01 8.46789181e-01
    4.61594492e-01 1.26311690e-01 6.01162612e-01 3.65211338e-01
    5.35648167e-01 6.87162578e-01 2.31994808e-01 1.13970846e-01
    9.91448760e-02 5.51728606e-01 4.79059011e-01 6.54268265e-02
    6.51701272e-01 1.84237301e-01 3.57721388e-01 2.09092408e-01
    3.71145725e-01 7.48853683e-01 6.02559984e-01 5.76797605e-01
    3.97800982e-01 1.43150926e-01 4.16725636e-01 2.83802688e-01
    6.20945036e-01 5.43864250e-01 6.99920297e-01 7.21372664e-01
    1.42494261e-01 1.38463765e-01 3.74550283e-01 2.41059661e-02
    2.59489596e-01 8.42972279e-01 1.99608088e-01 2.71928847e-01
    2.37072498e-01 9.33445334e-01 5.63420892e-01 4.66005772e-01
    5.13686836e-01 3.74399483e-01 5.20771444e-01 9.44288373e-01
    4.12091434e-01 8.39800596e-01 6.98609471e-01 1.83847249e-02
    5.06540000e-01 3.57400924e-01 7.29111850e-01 1.25324726e-03
    8.64192247e-01 5.00385225e-01 6.10588014e-01 9.95798469e-01
    4.77596670e-01 7.55141258e-01 5.77940226e-01 8.63089263e-01
    6.58049583e-02 4.06512618e-02 3.18718255e-01 2.66164362e-01
    4.66948420e-01 3.40902120e-01 7.67464280e-01 9.58073795e-01
    4.90968287e-01 9.25465226e-01 3.72150630e-01 6.37299657e-01
    5.08869350e-01 6.91426158e-01 6.36861622e-01 1.97191447e-01
    6.27882183e-01 1.49169564e-03 9.76584554e-01 3.06534171e-02
    9.34644639e-01 6.32085145e-01 1.50832236e-01 7.12558866e-01
    4.09091055e-01 1.00260884e-01 1.10422403e-01 3.66850823e-01
    8.64332795e-01 6.76471114e-01 2.68523872e-01 4.71771777e-01
    3.98275256e-03 4.63409305e-01 6.55579209e-01 7.22322702e-01
    4.91351396e-01 9.04560387e-01 8.98137689e-02 7.30641186e-01
    5.78011632e-01 7.77398944e-02 7.62909651e-01 4.28308129e-01
    1.00162864e-01 3.97600442e-01 7.35172570e-01 7.02237785e-01
    7.96653867e-01 6.23140752e-01 3.45214665e-01 5.80654740e-02
    1.39143586e-01 7.75746763e-01 2.06376076e-01 1.04023039e-01
    3.69238675e-01 2.85814852e-01 3.47814202e-01 9.20688152e-01
    2.00520962e-01 5.40482700e-01 8.88064027e-01 8.79477739e-01
    5.47037303e-01 1.42435461e-01 3.14767987e-01 2.25270420e-01
    6.75774217e-01 1.09798551e-01 9.40927267e-01 8.13787818e-01
    7.53475428e-02 2.03461766e-01 7.24790335e-01 4.13999856e-01
    7.15301335e-01 2.76952922e-01 9.98357058e-01 5.99908888e-01
    3.30252767e-01 8.18314195e-01 5.49741268e-01 1.04369849e-01
    2.38951802e-01 4.19761628e-01 1.39660954e-01 7.02325225e-01
    9.16000009e-02 8.51672530e-01 5.13324142e-01 4.65844333e-01
    1.90449834e-01 6.14482045e-01 8.23211432e-01 7.80845106e-01
    7.36904740e-01 8.11978936e-01 7.20082462e-01 8.63935769e-01
    7.50605583e-01 7.75772989e-01 4.44014132e-01 3.59130204e-02
    2.10229188e-01 4.11947906e-01 8.35982323e-01 2.45469064e-01
    2.02331871e-01 1.95833981e-01 1.27877176e-01 1.76579356e-02
    7.22706199e-01 6.60940409e-01 7.45222449e-01 9.33775842e-01
    3.25208843e-01 1.58535302e-01 3.45960319e-01 9.63959515e-01
    7.18156099e-01 7.59264350e-01 5.09334803e-01 1.15951449e-01
    8.20859551e-01 8.86769891e-02 8.42367887e-01 8.28408241e-01
    9.78318512e-01 7.28238225e-01 5.15272915e-01 3.67225409e-01
    6.04213953e-01 3.32714200e-01 3.12851429e-01 3.12045634e-01
    5.25566995e-01 8.86152506e-01 5.32854795e-02 5.91766000e-01
    4.37127650e-02 5.66635787e-01 6.11043334e-01 5.88017106e-02
    1.17627859e-01 3.10149789e-03 1.91720217e-01 8.28645051e-01
    4.89507914e-02 1.95629805e-01 5.34448504e-01 3.73242259e-01
    9.58043396e-01 6.19507790e-01 4.88494098e-01 4.22154635e-01
    7.10352600e-01 4.24296200e-01 3.07354361e-01 8.17531109e-01
    3.09122771e-01 5.72295666e-01 2.38946050e-01 9.18404698e-01
    1.62530243e-02 3.77004981e-01 8.38553071e-01 8.06783438e-01
    2.31578976e-01 5.09759247e-01 4.02862310e-01 3.93278897e-01
    1.64766878e-01 6.22963011e-01 7.05561101e-01 7.27044463e-01
    9.67140794e-02 5.01535475e-01 3.28684986e-01 9.39212084e-01
    1.24564856e-01 4.74622607e-01 3.50330293e-01 7.40078807e-01
    8.54159474e-01 6.70376718e-02 7.84586906e-01 5.37865222e-01
    2.82708347e-01 9.83782530e-01 7.58645892e-01 8.06163430e-01
    7.21986711e-01 9.81701016e-01 7.43945539e-01 7.21709728e-02
    6.46882653e-02 6.36905432e-01 7.33168364e-01 5.32916188e-03
    2.61150539e-01 6.42645538e-01 8.70652378e-01 4.09194112e-01
    9.20116901e-02 1.98878616e-01 3.19843739e-01 8.49320889e-01
    6.34351969e-02 4.46894974e-01 2.57932007e-01 3.23171347e-01
    1.05120748e-01 7.71901548e-01 4.10596937e-01 3.19900066e-01
    4.13208008e-02 2.75764942e-01 1.16222858e-01 2.75555760e-01
    5.53674281e-01 9.74772334e-01 6.59271717e-01 9.24566269e-01
    9.53564644e-02 8.56098831e-02 7.92973459e-01 1.65347308e-01
    2.79898226e-01 1.62613243e-01 7.18603373e-01 3.40290546e-01
    3.10664713e-01 9.82424855e-01 3.52640450e-01 1.17093623e-01
    3.70127261e-01 4.11628425e-01 7.38239050e-01 1.61025971e-01
    6.53459311e-01 4.72927630e-01 5.70039392e-01 9.55748916e-01
    8.92443776e-01 8.69119644e-01 9.74915385e-01 6.69989586e-01
    1.23634934e-02 1.25616133e-01 5.26067734e-01 1.98082864e-01
    3.63867521e-01 5.57034075e-01 6.61462724e-01 2.56705284e-01
    2.71940470e-01 9.09187615e-01 4.90870714e-01 1.63608789e-03
    9.07117724e-02 8.91156197e-02 4.40305948e-01 2.11802304e-01
    1.13843948e-01 6.25762939e-01 4.18948114e-01 4.67592478e-02
    4.66603041e-01 2.60701448e-01 9.04677331e-01 3.93879175e-01
    4.64699984e-01 7.62454152e-01 8.23052943e-01 3.93320739e-01
    5.84762990e-02 1.06517911e-01 5.00767231e-01 3.19173098e-01
    1.47545338e-03 6.29497647e-01 4.66735870e-01 7.04308391e-01
    1.72774971e-01 1.56337231e-01 2.42038667e-02 7.28201270e-02
    4.88006413e-01 3.84536684e-01 8.14965844e-01 7.45447516e-01
    2.48797417e-01 2.27774471e-01 3.49022985e-01 7.50032425e-01
    3.66996348e-01 6.78987801e-01 1.38189316e-01 1.32176995e-01
    6.63867831e-01 1.68690264e-01 4.15679455e-01 1.37596130e-02
    5.90695262e-01 4.24783647e-01 2.88434088e-01 5.17035902e-01
    3.24544728e-01 6.37722313e-01 7.71939099e-01 9.71469283e-03
    9.05383527e-01 5.62820435e-01 1.55877292e-01 1.23445421e-01
    2.15129554e-02 9.70617712e-01 1.81519628e-01 4.52326417e-01
    4.63827074e-01 8.24095249e-01 1.57483906e-01 3.53352398e-01
    3.18509430e-01 9.62262392e-01 6.09059095e-01 7.06746042e-01
    6.12425089e-01 4.49546754e-01 3.36890489e-01 3.99520934e-01
    9.51494336e-01 7.11547971e-01 9.54023361e-01 6.21630728e-01
    5.21524012e-01 5.93746066e-01 4.77834433e-01 5.48002362e-01
    9.65221107e-01 9.94674385e-01 3.60564768e-01 9.56943870e-01
    4.65033829e-01 7.79154062e-01 5.86407423e-01 5.95546901e-01
    2.20955312e-01 6.13468647e-01 4.42112386e-02 6.70738935e-01
    3.64207476e-01 3.19146186e-01 5.61269224e-01 5.50356448e-01
    3.24063420e-01 2.59932041e-01 9.81707573e-01 7.47748137e-01
    4.93917435e-01 8.11540842e-01 3.71965647e-01 2.55828202e-02
    3.19315165e-01 7.99301863e-01 6.54872298e-01 9.39005136e-01
    2.40288645e-01 7.27953792e-01 8.67304087e-01 8.62324834e-01
    8.12047243e-01 8.33247602e-01 9.96786714e-01 6.52745247e-01
    7.36293554e-01 5.26023805e-02 1.61403328e-01 3.33364010e-01
    4.24205422e-01 2.02812076e-01 5.31678319e-01 4.80487883e-01
    7.25752294e-01 8.38415682e-01 5.97219408e-01 4.73329991e-01
    1.22905046e-01 8.17277670e-01 8.28082621e-01 7.09345758e-01
    6.98802233e-01 7.93748021e-01 4.45067883e-01 5.21438241e-01
    1.22990668e-01 5.77410102e-01 7.19069958e-01 8.74405861e-01
    5.77059865e-01 1.85834795e-01 7.12771118e-01 9.51670766e-01
    1.70277685e-01 6.43110275e-02 3.97948027e-01 6.43441379e-02
    5.58294535e-01 3.25154364e-01 5.73666096e-01 3.42627287e-01
    6.97833538e-01 6.67723954e-01 7.59426355e-01 7.24608719e-01
    1.49360001e-02 3.50672007e-01 7.81297505e-01 1.75073564e-01
    2.30967909e-01 6.34098589e-01 4.73373413e-01 6.92302704e-01
    7.61945307e-01 6.63458347e-01 6.10135257e-01 4.51180041e-02
    2.69209355e-01 1.78277194e-02 1.92119539e-01 4.89363730e-01
    5.95115840e-01 2.34419882e-01 5.02988338e-01 8.00984621e-01
    8.83945167e-01 1.90277696e-01 9.06496525e-01 9.02055144e-01
    9.50473309e-01 5.15149713e-01 9.61623192e-01 9.63269472e-01
    6.46471977e-03 3.66902918e-01 9.27333474e-01 3.97220433e-01
    6.88234389e-01 1.98485553e-01 8.26135099e-01 7.72443950e-01
    3.75534624e-01 3.46372008e-01 5.65589011e-01 9.82264519e-01
    6.38009131e-01 9.68180895e-02 7.27456868e-01 4.75858122e-01
    8.98363113e-01 2.20003426e-02 6.61089957e-01 2.19754666e-01
    7.60059357e-02 6.11308277e-01 3.11574399e-01 5.24671853e-01
    5.98579526e-01 3.87273461e-01 1.03789270e-02 6.59077168e-01
    8.02093029e-01 4.36692357e-01 1.50936067e-01 5.19159079e-01
    1.62000000e-01 9.81731832e-01 4.87900704e-01 5.62475622e-01
    3.55639935e-01 6.62696600e-01 9.45402086e-02 4.00473177e-01
    5.72550178e-01 5.42173505e-01 8.19311261e-01 8.72147381e-01
    3.43385458e-01 8.56891990e-01 8.16514492e-01 4.47450101e-01
    2.99320638e-01 5.34432411e-01 5.32275140e-01 3.83057594e-02
    4.82021958e-01 4.94276702e-01 5.40556729e-01 9.14278507e-01
    2.73563921e-01 4.73130524e-01 8.65252912e-01 8.75030398e-01
    8.84728312e-01 3.28412920e-01 4.52379018e-01 8.67040455e-02
    1.81285918e-01 6.98863566e-02 4.61327940e-01 1.75043195e-01
    4.63797569e-01 5.38512290e-01 7.59834349e-01 7.28516340e-01
    2.02214599e-01 4.10633922e-01 7.08506465e-01 6.13045514e-01
    6.79162621e-01 7.22616553e-01 2.35650957e-01 9.63094831e-01
    5.77663779e-01 2.18002588e-01 4.66096818e-01 4.24261719e-01
    1.66136563e-01 3.11634272e-01 2.05178201e-01 5.65907359e-01
    3.61365020e-01 3.68508101e-02 3.54654491e-02 7.91967332e-01
    3.30909520e-01 3.62343103e-01 4.27084088e-01 9.56707060e-01
    3.97324920e-01 7.07658529e-01 8.40783715e-01 5.53571820e-01
    9.82130766e-01 3.60866159e-01 4.43148434e-01 3.87423694e-01
    4.95065689e-01 3.57150376e-01 9.09174085e-01 1.55193329e-01
    1.00807577e-01 4.74339664e-01 7.02920079e-01 1.21365368e-01
    6.66834712e-01 5.45986354e-01 4.37345803e-01 8.20456028e-01
    5.68234324e-02 4.02720362e-01 6.16610885e-01 6.40774906e-01
    9.88749623e-01 4.13799345e-01 9.37312722e-01 2.97791600e-01
    5.91604233e-01 8.58980775e-01 7.33977914e-01 1.63050532e-01
    7.43717074e-01 1.20299190e-01 5.21150053e-01 5.73472917e-01
    5.26845694e-01 2.53267974e-01 4.22248244e-02 2.86809504e-02
    8.28126431e-01 5.67469001e-02 4.56434816e-01 9.51773465e-01
    2.74519026e-01 1.92033410e-01 1.01187378e-01 9.46080565e-01
    4.16630924e-01 4.96327132e-01 4.53378975e-01 9.50650215e-01
    6.06871128e-01 3.43431234e-02 9.15601492e-01 1.66263431e-01
    4.20921206e-01 3.12635392e-01 7.45128095e-02 4.97130573e-01
    4.08598959e-01 9.99869883e-01 1.03040904e-01 2.58823961e-01
    9.18816924e-02 3.60409439e-01 2.44236290e-01 6.21833026e-01
    4.14462507e-01 8.89938354e-01 4.61854190e-01 3.16770345e-01
    8.19179773e-01 3.71106505e-01 1.73467964e-01 2.48303413e-01
    2.48607874e-01 3.90839994e-01 2.13685930e-01 3.30255091e-01
    2.53798306e-01 5.82995415e-01 5.19860268e-01 3.41224760e-01
    5.58029652e-01 1.16049439e-01 8.70078564e-01 2.38388181e-02
    3.51191461e-02 8.00151825e-01 7.71858096e-01 3.08682859e-01
    4.13999379e-01 3.31622869e-01 7.56683052e-01 3.82121503e-01
    3.14950943e-03 7.41922736e-01 5.49195886e-01 9.89941597e-01
    5.30755818e-01 9.99150515e-01 9.67342377e-01 4.78923231e-01
    5.76423526e-01 4.34946626e-01 6.51888907e-01 2.15647846e-01
    8.08362722e-01 5.03166914e-01 2.44594574e-01 8.70788813e-01
    5.23094475e-01 8.23859334e-01 6.43399715e-01 3.65296751e-01
    4.55756128e-01 2.91376472e-01 8.68385196e-01 7.38103390e-01
    4.79674786e-01 8.60054612e-01 6.91159248e-01 4.46639359e-01
    2.55011797e-01 1.98833168e-01 2.26214767e-01 9.77824211e-01
    7.85911381e-01 3.58171821e-01 9.45278883e-01 9.85361934e-01
    2.85463631e-01 5.98569989e-01 7.20211267e-01 7.63607562e-01
    7.45068491e-01 5.28268456e-01 3.26250404e-01 4.47440684e-01
    9.74863648e-01 6.60887957e-02 8.81163955e-01 8.92129898e-01
    6.06213570e-01 8.55185807e-01 5.93877852e-01 1.65791690e-01
    4.37557697e-02 5.57614088e-01 4.90806967e-01 2.95624435e-02
    4.27415252e-01 2.37001777e-02 5.55578470e-01 9.64394212e-01
    6.58347011e-02 9.05746043e-01 4.60464597e-01 8.52950573e-01
    6.57984257e-01 4.99649942e-02 4.56602395e-01 4.49952811e-01
    8.75490785e-01 4.38340813e-01 5.94050407e-01 4.27868664e-01
    9.80272472e-01 2.04697639e-01 2.64654607e-01 4.03460056e-01
    9.28221345e-01 2.41168141e-02 8.01267862e-01 3.10919583e-01
    3.97585988e-01 2.29789048e-01 3.84405583e-01 1.39809489e-01
    3.65169168e-01 9.37367439e-01 2.55843341e-01 4.52055633e-02
    3.23563159e-01 5.89311242e-01 2.16092139e-01 6.66975141e-01
    6.96323872e-01 1.27523541e-01 3.41596186e-01 8.54707718e-01
    2.46272385e-02 7.59993970e-01 4.07140881e-01 7.63378561e-01
    2.93944895e-01 5.90489924e-01 2.70077467e-01 5.16668797e-01
    3.40043664e-01 6.53535366e-01 9.84805107e-01 7.63446093e-04
    6.61930978e-01 1.47495806e-01 8.96095514e-01 8.20249021e-01
    6.61817431e-01 2.52701044e-01 2.89117426e-01 5.61721444e-01
    9.15079415e-01 5.12764156e-01 3.99137348e-01 9.01876807e-01
    5.65857470e-01 4.93455827e-01 8.48521829e-01 6.62591457e-01
    7.11830199e-01 8.75411510e-01 5.86991072e-01 9.34558034e-01
    3.54946852e-02 2.96425581e-01 8.65554631e-01 2.59708613e-01
    9.06011164e-01 7.22144008e-01 8.68752956e-01 4.81451869e-01
    1.43110156e-01 3.47358197e-01 7.24109292e-01 7.24694550e-01
    1.07212812e-01 3.93730968e-01 2.94181705e-01 5.42607784e-01
    1.97760165e-02 1.01796597e-01 3.32556367e-02 4.48587418e-01
    7.27414727e-01 1.84890777e-01 1.08754128e-01 6.57479048e-01
    2.36271024e-01 5.84314585e-01 1.34584844e-01 3.83657426e-01
    3.83166015e-01 9.72339511e-01 9.13178146e-01 4.73958313e-01
    4.65530246e-01 2.17545778e-01 5.01586616e-01 3.41821313e-01
    6.62994802e-01 6.69760287e-01 3.27669203e-01 1.17016912e-01
    1.01612061e-01 6.63039923e-01 8.11215580e-01 5.06412446e-01
    6.12317264e-01 4.56355870e-01 3.55377316e-01 4.89842713e-01
    2.64007628e-01 2.65847921e-01 4.55170125e-01 9.56227124e-01
    5.27676105e-01 1.93583012e-01 2.17194945e-01 2.28720129e-01
    6.35738254e-01 9.58674729e-01 6.26987457e-01 9.12153125e-01
    8.93428981e-01 4.63053912e-01 8.69984031e-01 3.56030762e-01
    9.59562182e-01 3.31795216e-03 5.47650874e-01 1.38997793e-01
    3.98115039e-01 8.94933760e-01 3.02386045e-01 7.51204789e-02
    2.16169268e-01 9.32575285e-01 8.55776310e-01 1.13785118e-01
    1.06396347e-01 9.57081139e-01 3.27661276e-01 9.87793803e-02
    1.11516833e-01 1.26726091e-01 4.02770638e-01 8.71628523e-01
    9.64858770e-01 7.25570321e-01 6.13086939e-01 2.05788136e-01
    4.80054408e-01 9.45544720e-01 1.47154033e-01 2.85116911e-01
    1.04263693e-01 4.53473836e-01 2.09804058e-01 5.32848120e-01
    8.92821312e-01 8.85072112e-01 9.01849508e-01 6.13005757e-02
    5.05704403e-01 7.99033940e-01 7.61113644e-01 4.52343345e-01
    4.36528146e-01 4.79734927e-01 6.01080060e-03 9.58895564e-01
    5.72422862e-01 4.68015760e-01 4.39449728e-01 3.87207866e-02
    5.85850298e-01 1.82810098e-01 9.40711379e-01 6.32102668e-01
    7.99157858e-01 7.73536563e-01 4.09992099e-01 7.49423623e-01
    3.29764783e-01 5.51569462e-01 9.86436963e-01 1.92706853e-01
    9.61912513e-01 5.89669406e-01 4.52425510e-01 7.82462656e-02
    8.96571517e-01 2.79105961e-01 6.76200867e-01 1.54063106e-03
    9.12773073e-01 5.97896159e-01 6.40241921e-01 1.88486516e-01
    4.70043838e-01 8.27449441e-01 8.24144900e-01 1.56036645e-01
    4.37578201e-01 2.47086614e-01 6.83625638e-01 5.58672130e-01
    7.51768351e-02 2.71026194e-01 9.31892037e-01 3.73653829e-01
    7.21296251e-01 6.08520985e-01 5.18733740e-01 8.83622468e-02
    1.62215829e-01 6.56370640e-01 6.46469712e-01 1.59231454e-01
    8.62522721e-01 7.21666217e-01 2.39155710e-01 2.25032121e-01
    9.19391513e-01 6.52740359e-01 3.27352077e-01 7.78187692e-01
    3.98307800e-01 3.30461174e-01 4.96717036e-01 5.33282399e-01
    9.77899075e-01 9.57057774e-01 8.09465647e-01 8.10899138e-01
    4.13795233e-01 2.26531208e-01 6.58472896e-01 2.79748619e-01
    1.82623327e-01 9.57418084e-01 8.37904990e-01 1.60822868e-01
    1.89602286e-01 4.68930483e-01 5.96342981e-02 9.21665788e-01
    3.18084061e-01 1.79032385e-01 4.21739757e-01 9.24944639e-01
    7.26583183e-01 1.88140631e-01 1.86676502e-01 8.89159083e-01
    9.33843017e-01 5.78820467e-01 8.75160098e-01 4.86892343e-01
    6.61346078e-01 5.94818234e-01 3.54531705e-01 9.33837891e-02
    6.78414047e-01 8.22470188e-01 2.35809058e-01 4.40769494e-02
    9.96285260e-01 5.12343943e-01 4.52371836e-02 6.85136199e-01
    8.31498206e-02 3.00238788e-01 9.82563734e-01 6.57113373e-01
    8.74402165e-01 8.96933436e-01 2.97194898e-01 6.89618826e-01
    5.83428204e-01 1.67930722e-02 3.84116590e-01 2.07937777e-01
    3.43102157e-01 4.15608585e-02 2.86338925e-01 1.57957762e-01
    4.73726392e-01 7.64459372e-04 9.80601609e-01 9.73634303e-01
    6.12217128e-01 8.73188019e-01 8.67690921e-01 6.80835783e-01
    8.84235501e-01 1.26606852e-01 6.06374860e-01 7.36871421e-01
    2.36434937e-02 8.05126727e-02 2.00695872e-01 9.57794070e-01
    2.07141280e-01 3.36608857e-01 2.92224497e-01 2.49006361e-01
    5.24555027e-01 5.93562603e-01 5.95618010e-01 7.41081774e-01
    8.77234697e-01 8.42589974e-01 2.66716868e-01 3.61169279e-01
    2.76229739e-01 2.82197833e-01 6.30809247e-01 5.28499961e-01
    4.57562268e-01 9.19076800e-01 6.57586455e-02 8.26347947e-01
    4.77009207e-01 5.59669256e-01 6.02718711e-01 9.18784499e-01
    7.43792713e-01 9.70329762e-01 6.83999956e-02 4.28891003e-01
    2.38838077e-01 8.18319619e-01 4.43381727e-01 2.61025339e-01
    9.43586230e-01 4.12668586e-02 6.76270783e-01 7.24333227e-01
    3.55402350e-01 5.00192761e-01 7.50180364e-01 6.18879378e-01
    7.25198388e-01 8.92156482e-01 6.98184073e-02 4.86665785e-01
    8.55714917e-01 5.61422467e-01 2.95643896e-01 4.63054985e-01
    6.85957491e-01 8.75085831e-01 1.64509892e-01 5.11752903e-01
    1.09604806e-01 4.29126441e-01 5.02111673e-01 5.20116210e-01
    7.82010913e-01 5.27546704e-01 1.43153757e-01 2.12261975e-01
    8.69996905e-01 1.41264319e-01 5.29483497e-01 7.11720943e-01
    8.54812980e-01 8.37614059e-01 9.58398342e-01 7.67366707e-01
    6.23220682e-01 6.86849117e-01 2.53914565e-01 1.24539584e-01
    2.21251965e-01 7.28903651e-01 5.32174230e-01 1.39737129e-03
    9.89018142e-01 9.22283530e-03 8.79708052e-01 2.58702427e-01
    7.96806395e-01 6.04837060e-01 9.06103253e-01 7.30964005e-01
    7.00238466e-01 4.72044587e-01 8.91582966e-01 6.10273063e-01
    3.03053498e-01 9.33733106e-01 2.71485209e-01 8.73789072e-01
    2.27663815e-01 6.51566982e-02 8.06634843e-01 3.23553741e-01
    1.77818358e-01 3.30891967e-01 9.07695353e-01 3.28407347e-01
    5.67184269e-01 8.02257061e-01 3.64776313e-01 5.24573922e-01
    4.42202449e-01 5.65493643e-01 9.98095512e-01 3.60173106e-01
    8.55844736e-01 5.68291366e-01 3.88261467e-01 3.79968882e-02
    4.35131520e-01 3.51118505e-01 6.95409775e-01 3.38155597e-01
    4.47689503e-01 2.79560983e-01 7.29101300e-01 8.85708451e-01
    7.48411417e-01 7.49556780e-01 8.05426717e-01 1.64377034e-01
    6.85483336e-01 1.88771337e-01 2.68283427e-01 3.75726104e-01
    9.84936953e-01 3.45332921e-02 3.56043488e-01 1.95436060e-01
    5.28646410e-02 7.07102776e-01 1.72496498e-01 1.66948348e-01
    9.89551306e-01 7.54588306e-01 3.71556282e-01 5.70861280e-01
    6.58366680e-01 8.08899999e-01 5.70431054e-01 4.13575292e-01
    6.63462996e-01 4.30749089e-01 4.54367101e-02 9.95751619e-02
    6.72307670e-01 8.00556421e-01 2.51388788e-01 4.58219171e-01
    8.13980997e-02 5.50953567e-01 6.09540999e-01 1.90705031e-01
    5.72329640e-01 1.40485197e-01 4.91486311e-01 8.25134039e-01
    2.32344151e-01 5.20368636e-01 1.29447848e-01 1.87482506e-01
    1.92197680e-01 8.22947621e-02 8.65751266e-01 6.61254644e-01
    5.29862523e-01 3.71882975e-01 8.07484388e-02 2.93460786e-02
    5.86472988e-01 6.86814249e-01 6.65465295e-02 9.63044047e-01
    3.28443170e-01 9.77199554e-01 8.96821558e-01 6.43693447e-01
    4.80573148e-01 3.05156708e-01 4.90629852e-01 5.40732861e-01
    8.25679421e-01 4.38241541e-01 6.88279271e-02 9.24545527e-01
    9.63256240e-01 7.56605923e-01 3.82489294e-01 7.88285017e-01
    4.27981496e-01 5.81330299e-01 9.93449390e-01 6.35661602e-01
    7.03550637e-01 2.94391453e-01 5.28982460e-01 4.03352678e-01
    6.40341222e-01 6.61789775e-01 3.11336040e-01 5.50775409e-01
    1.58205032e-02 2.12502509e-01 9.25409973e-01 2.39203215e-01
    4.30653244e-01 9.70431685e-01 3.77208024e-01 3.80899847e-01
    7.83677340e-01 7.20210671e-01 2.86698550e-01 9.51931238e-01
    9.14612412e-01 4.82288331e-01 5.89147866e-01 5.01098216e-01
    5.85482955e-01 7.60238767e-01 7.78434753e-01 1.72956556e-01
    6.46928847e-01 1.44260466e-01 3.39561820e-01 7.46042132e-01
    1.67314410e-02 5.50557375e-01 4.73692358e-01 3.01199466e-01
    9.53960538e-01 2.83032000e-01 4.71046567e-03 5.92912734e-01
    4.58576679e-01 3.35187256e-01 3.51744890e-03 7.36571133e-01
    8.53808761e-01 9.73650813e-01 4.06946838e-01 6.49667740e-01
    7.02903688e-01 3.20481658e-01 9.67507362e-01 5.81022084e-01
    3.29714477e-01 7.72401810e-01 6.23452902e-01 8.16257477e-01
    6.37978911e-01 3.38219047e-01 6.63988531e-01 2.49734819e-01
    2.01055706e-02 2.19994724e-01 3.81941259e-01 5.73214173e-01
    5.06408215e-01 7.10722208e-01 5.38039804e-02 8.50720704e-01
    2.20652521e-02 6.49706960e-01 1.05002493e-01 6.58599138e-01
    1.58489048e-02 5.44425428e-01 5.56166947e-01 3.15443695e-01
    6.30454659e-01 1.33500576e-01 8.22501659e-01 6.24516010e-01
    3.56992722e-01 5.13245106e-01 2.35329270e-01 1.64184064e-01
    7.52498746e-01 1.13395452e-02 5.07061124e-01 6.72924399e-01
    8.33180189e-01 3.65082681e-01 4.26451266e-01 5.30446410e-01
    8.93082559e-01 5.28318346e-01 3.77353340e-01 1.89791173e-01
    4.00942832e-01 7.60431647e-01 7.21344113e-01 8.99218798e-01
    5.47842801e-01 1.44345343e-01 1.59806311e-02 4.07403111e-02
    3.75922471e-01 7.42185414e-02 5.58745742e-01 5.51573992e-01
    2.68723518e-01 5.54080546e-01 5.83030760e-01 7.64596522e-01
    1.77136570e-01 8.91231179e-01 2.32330501e-01 5.20201147e-01
    5.66517711e-02 4.34550256e-01 9.68508601e-01 4.46386129e-01
    4.82747257e-01 9.94164705e-01 9.84693766e-01 6.83201790e-01
    5.85978687e-01 5.43215632e-01 2.30774522e-01 9.08656955e-01
    3.84659827e-01 6.85225189e-01 9.65377092e-01 5.66851377e-01
    9.26275253e-02 5.15423596e-01 2.39304066e-01 1.93332523e-01
    5.28431475e-01 4.93670702e-02 9.36664522e-01 4.55707014e-01
    3.04142028e-01 6.37923896e-01 3.94412160e-01 3.80480409e-01
    4.63443518e-01 9.32610869e-01 3.06064367e-01 7.30616271e-01
    4.45718765e-02 1.00551337e-01 6.40773416e-01 8.45955253e-01
    5.09642303e-01 5.03189206e-01 4.06427979e-01 5.80243051e-01
    7.11185217e-01 1.58054382e-01 6.75312936e-01 8.14244151e-03
    3.23084295e-02 5.44785261e-01 5.75956106e-01 2.34243572e-01
    1.31487995e-01 2.16488540e-02 1.54346049e-01 4.74999517e-01
    6.83918417e-01 2.60210603e-01 3.01830649e-01 9.40761805e-01
    2.20652491e-01 8.99014831e-01 5.13185680e-01 8.40224028e-01
    9.98308480e-01 1.89714134e-02 6.70017302e-01 4.96226072e-01
    4.61580694e-01 7.21386671e-02 6.19265378e-01 9.51794684e-01
    6.36434257e-02 2.80334115e-01 3.71808529e-01 7.02640533e-01
    1.44985050e-01 4.94205922e-01 3.03960145e-01 3.19346577e-01
    1.93004936e-01 6.18409872e-01 1.67977810e-01 5.96020103e-01
    9.12413359e-01 2.64771879e-02 2.46094406e-01 5.88134587e-01
    3.52361262e-01 2.85524964e-01 4.69424099e-01 7.21458793e-01
    6.75200164e-01 9.64090407e-01 4.45488453e-01 5.44333279e-01
    2.07804352e-01 3.56549293e-01 7.20899642e-01 1.48285121e-01
    2.86669731e-01 4.43853736e-02 3.08453768e-01 4.00926948e-01
    3.44354838e-01 1.69891149e-01 5.86730242e-02 8.99401307e-01
    4.96940434e-01 8.35193634e-01 4.77224380e-01 9.07367468e-01
    8.49631429e-01 6.27429307e-01 5.71899951e-01 5.46161234e-01
    6.94454193e-01 2.57585049e-01 3.45574081e-01 5.21934748e-01
    3.60559285e-01 5.65445781e-01 2.76504934e-01 8.84396672e-01
    8.62668991e-01 6.54449880e-01 5.86116016e-01 7.50907183e-01
    6.88319623e-01 7.67309427e-01 2.60198593e-01 1.56517059e-01
    6.19023323e-01 7.83063293e-01 6.38901353e-01 1.51641518e-01
    3.33334386e-01 3.55071038e-01 9.91194606e-01 3.44697833e-01
    5.83725989e-01 7.74622440e-01 1.28923267e-01 5.64221859e-01
    6.46190345e-02 6.72969282e-01 5.46512425e-01 5.00562370e-01
    9.42893267e-01 2.87774026e-01 4.07247543e-02 1.66002989e-01
    7.22536325e-01 9.18659985e-01 5.83592594e-01 2.55193949e-01
    2.24395245e-01 4.27294552e-01 9.94273186e-01 6.03577197e-01
    2.91727155e-01 4.91384685e-01 5.91345668e-01 8.73131156e-01
    2.59900689e-02 1.11325592e-01 9.17767227e-01 9.97642994e-01
    2.21993417e-01 6.88494325e-01 3.46626371e-01 3.40899915e-01
    1.25340790e-01 8.84103477e-01 2.18026042e-02 5.79844832e-01
    7.54314184e-01 6.19955063e-02 6.64705634e-02 7.22048044e-01
    1.41434431e-01 1.41436785e-01 6.93248272e-01 2.06169486e-02
    4.60741431e-01 2.98718929e-01 1.87167376e-01 7.54079163e-01
    5.83468258e-01 4.39555854e-01 5.25458992e-01 3.48934829e-01
    1.34452999e-01 3.01138699e-01 3.96495461e-02 1.46450132e-01
    5.87684155e-01 4.57752645e-02 9.83079791e-01 5.56929111e-02
    6.30702555e-01 1.55194759e-01 1.65628791e-01 2.47763276e-01
    9.59610224e-01 9.51788664e-01 1.74936175e-01 3.94971848e-01
    3.03535581e-01 8.66722107e-01 8.95767331e-01 1.44185901e-01
    3.12244594e-01 1.40599132e-01 6.28354192e-01 6.09209061e-01
    6.57200933e-01 5.51551759e-01 7.67286003e-01 9.39951897e-01
    7.95112371e-01 2.64406323e-01 7.91491807e-01 1.01935297e-01
    2.00620323e-01 4.13821995e-01 5.66433012e-01 7.10033715e-01
    5.43857872e-01 8.39673519e-01 6.88332021e-01 9.91827130e-01
    9.77886856e-01 8.23059499e-01 6.28799736e-01 6.92162097e-01
    7.80931234e-01 1.27122730e-01 4.96898293e-01 9.01563466e-02
    1.11756563e-01 7.43275762e-01 1.96397543e-01 8.91699195e-02
    4.44693983e-01 9.44686890e-01 2.82034755e-01 4.99393344e-01
    2.55470306e-01 2.55355418e-01 8.20812345e-01 2.14913726e-01
    9.20978010e-01 8.40149164e-01 2.78111726e-01 3.24382275e-01
    4.97464746e-01 7.27681160e-01 9.02684212e-01 2.44819492e-01
    4.42797840e-01 2.56156564e-01 7.29710042e-01 1.65936053e-02
    7.64535308e-01 1.89477593e-01 6.20955229e-03 7.09196210e-01
    2.16798484e-02 5.29039800e-01 7.27885485e-01 1.17471218e-01
    6.14965200e-01 5.69760323e-01 6.25336885e-01 1.89400345e-01
    2.78018177e-01 4.40739065e-01 2.84028113e-01 9.05852199e-01
    6.24876797e-01 4.34945166e-01 9.35381114e-01 3.74194384e-02
    1.37820065e-01 7.18402922e-01 8.95295620e-01 3.65811110e-01
    1.62813574e-01 1.52951926e-01 7.39390135e-01 4.73589212e-01
    6.44854903e-02 7.95203924e-01 2.52822638e-01 5.34599066e-01
    9.99978840e-01 2.70394802e-01 7.07687378e-01 4.56969738e-02
    4.45699036e-01 1.08986109e-01 1.28767192e-02 2.19433397e-01
    5.55162489e-01 6.95182085e-01 9.00368452e-01 8.74822021e-01
    2.91818738e-01 9.56515789e-01 6.58806860e-02 2.57780552e-01
    8.48706126e-01 9.94318724e-01 7.28179514e-01 7.61695921e-01
    3.24726105e-01 5.50200582e-01 1.56794220e-01 2.31049627e-01
    7.18720078e-01 6.43140852e-01 6.08806312e-01 6.66684687e-01
    1.62363410e-01 3.17358911e-01 1.39267564e-01 4.75211740e-02
    9.33994710e-01 3.68879080e-01 5.62436938e-01 2.43107319e-01
    1.13775194e-01 3.47955108e-01 9.70867157e-01 5.77452540e-01
    3.82432252e-01 1.39793336e-01 7.48837948e-01 3.71892571e-01
    6.41349077e-01 5.33733547e-01 9.03690279e-01 5.32382965e-01
    7.41741955e-02 1.59262657e-01 5.04130781e-01 2.70997554e-01
    4.05288309e-01 2.06691861e-01 4.03144240e-01 9.96998429e-01
    5.42802691e-01 6.15818143e-01 8.40541244e-01 7.57943153e-01
    4.01369721e-01 6.88428819e-01 2.83585131e-01 1.88862860e-01
    1.60836279e-02 3.68074477e-02 3.25764894e-01 1.05946243e-01
    2.51940608e-01 7.15072870e-01 1.72432810e-01 3.11487913e-03
    9.53311622e-01 6.19532108e-01 3.83597136e-01 8.85529101e-01
    2.77175009e-01 4.16938365e-02 2.95309216e-01 3.22733819e-01
    7.80144334e-01 5.55007756e-01 4.90042925e-01 2.24575311e-01
    5.18888295e-01 2.73199558e-01 9.97366667e-01 9.39245164e-01
    9.83777165e-01 3.79392207e-01 6.03945494e-01 5.51697075e-01
    1.66574657e-01 3.90941769e-01 7.67534852e-01 7.15968311e-01
    4.40484434e-01 5.47291994e-01 7.28749633e-01 6.68372095e-01
    7.33004212e-01 4.99166608e-01 8.94340277e-01 8.42976332e-01
    5.86463153e-01 4.42628443e-01 1.66073442e-02 6.19657695e-01
    3.00053746e-01 8.70879591e-02 4.03586447e-01 9.24829483e-01
    4.53309208e-01 9.03214812e-02 5.90462387e-02 8.35339904e-01
    7.62019157e-01 3.14175367e-01 1.97415590e-01 9.48250532e-01
    2.41637975e-01 7.43594646e-01 7.66652405e-01 1.45954490e-01
    3.00794542e-02 3.63572657e-01 9.66708660e-02 8.77732515e-01
    4.25682783e-01 8.06821346e-01 3.47570777e-02 6.34470463e-01
    5.82019985e-02 1.66474253e-01 3.66915882e-01 9.04959202e-01
    5.71508288e-01 4.46485877e-02 1.27992690e-01 8.81557107e-01
    3.63156348e-01 7.12352991e-02 1.56732947e-01 8.36342871e-01
    6.38624072e-01 2.23206073e-01 7.46957660e-02 3.44340324e-01
    2.58901954e-01 2.86689341e-01 8.84895802e-01 8.02392006e-01
    3.06400836e-01 6.68153346e-01 2.49158174e-01 2.36788422e-01
    4.60698545e-01 3.27623844e-01 8.20017576e-01 7.84279585e-01
    2.20489651e-01 3.52405012e-01 3.67562771e-01 7.06686378e-01
    3.76260340e-01 6.32809937e-01 8.49807262e-01 3.69205922e-01
    9.17799473e-01 8.06988716e-01 9.10518527e-01 6.31595194e-01
    9.06131089e-01 6.26018584e-01 8.00213277e-01 3.83321285e-01
    5.97861588e-01 7.26586938e-01 8.90695333e-01 1.06002361e-01
    5.26162744e-01 9.81174648e-01 2.30479687e-01 8.89834523e-01
    6.51428282e-01 4.35455799e-01 6.46447718e-01 5.81445336e-01
    5.33787310e-01 8.54172826e-01 7.80740619e-01 1.11770481e-01
    5.90764701e-01 6.15550697e-01 9.16521788e-01 9.61859703e-01
    8.22716832e-01 4.62079048e-01 3.10368657e-01 2.45322645e-01
    9.65175509e-01 4.36778963e-01 7.97636509e-02 9.22099173e-01
    4.63336766e-01 2.71882117e-01 1.27591103e-01 4.40158516e-01
    4.36170995e-01 7.27445602e-01 6.44870162e-01 1.71510518e-01
    5.58360815e-01 9.12536979e-01 3.73915464e-01 5.10544479e-02
    9.63937521e-01 8.52633119e-01 4.89002198e-01 2.97524393e-01
    1.43806577e-01 1.54474586e-01 2.80354500e-01 3.84385526e-01
    8.17520916e-02 9.75634873e-01 9.90945935e-01 8.47034216e-01
    8.31529796e-02 3.38034928e-01 7.28465736e-01 5.17342269e-01
    9.85867321e-01 9.96789932e-02 4.26250130e-01 4.25957948e-01
    8.02734375e-01 4.09785807e-01 7.87334323e-01 7.62232542e-01
    2.69443333e-01 5.12499213e-02 9.75299656e-01 3.69136512e-01
    7.63406277e-01 7.25175738e-01 4.24940735e-01 7.08517492e-01
    7.68284202e-01 9.92652774e-02 8.32116127e-01 7.84114003e-02
    1.93757147e-01 2.79239416e-01 1.67919397e-02 3.25415194e-01
    4.16479707e-01 1.44617170e-01 7.26314545e-01 9.00488019e-01
    4.49159861e-01 2.07218826e-02 1.02972656e-01 5.28428078e-01
    1.18802160e-01 1.18084848e-02 2.88687259e-01 1.20152801e-01
    5.38143754e-01 6.97737694e-01 7.05194890e-01 7.25286484e-01
    5.12706816e-01 5.66876054e-01 1.00887954e-01 7.06951082e-01
    4.88385737e-01 2.86785364e-02 1.11644089e-01 8.15146387e-01
    3.57133687e-01 4.35887575e-02 8.32915306e-01 3.12161863e-01
    9.19463694e-01 4.65046585e-01 9.36650932e-02 2.05806077e-01
    8.37899804e-01 4.38101351e-01 4.08966422e-01 4.86474574e-01
    8.06627750e-01 1.13704503e-01 5.06797969e-01 5.18414378e-02
    9.51958179e-01 9.68373477e-01 4.45302635e-01 4.28025097e-01
    4.02717739e-01 9.91104603e-01 4.19225663e-01 3.44615161e-01
    8.45255613e-01 7.72790670e-01 6.47591710e-01 3.99341583e-02
    2.50366926e-01 6.59959614e-01 1.32504642e-01 4.07753944e-01
    2.90114999e-01 4.18148726e-01 5.87881505e-02 8.11756611e-01
    1.55520529e-01 6.26142561e-01 9.97811079e-01 9.69218016e-01
    1.39646709e-01 3.90666366e-01 7.13626802e-01 4.34082985e-01
    5.05788505e-01 6.85220003e-01 1.14575237e-01 7.67809510e-01
    9.27798152e-01 5.03971994e-01 5.76990902e-01 6.79447889e-01
    3.36020261e-01 8.94117713e-01 6.11683726e-01 7.95536995e-01
    9.14140761e-01 9.24306214e-02 9.48420286e-01 7.10448682e-01
    3.45707804e-01 6.12904310e-01 8.40030551e-01 7.01062262e-01
    2.67128944e-01 1.02762163e-01 4.72234219e-01 2.81382740e-01
    6.71551943e-01 4.69689846e-01 6.80479527e-01 2.59240687e-01
    7.53007650e-01 4.58214462e-01 4.90891069e-01 8.48870456e-01
    4.44638252e-01 9.91044998e-01 9.70699072e-01 7.61944652e-02
    1.22347176e-01 5.19245803e-01 1.26957506e-01 2.13278472e-01
    6.91080809e-01 5.47354817e-01 9.21115756e-01 3.16366434e-01
    5.20226479e-01 7.03364193e-01 6.14220142e-01 4.64835316e-01
    5.55538893e-01 2.87304401e-01 6.32822514e-01 7.64595032e-01
    6.22399747e-02 5.07077515e-01 9.02012587e-02 1.75158590e-01
    7.39669263e-01 2.10876703e-01 7.08012223e-01 3.69806468e-01
    4.63569343e-01 1.00200176e-02 9.91070509e-01 8.61953378e-01
    2.50257164e-01 9.68607962e-02 3.06831330e-01 6.14351511e-01
    4.52539921e-02 7.89684057e-01 1.87552333e-01 5.97494364e-01
    1.33398235e-01 3.48649025e-01 9.40022767e-01 3.06265116e-01
    1.87472939e-01 8.35042894e-01 4.04788941e-01 7.43876755e-01
    5.03385544e-01 4.54303741e-01 4.57696468e-01 8.15569043e-01
    4.61525202e-01 5.88374555e-01 1.77267492e-01 7.66350627e-01
    7.90469050e-01 4.14914787e-01 5.46172321e-01 5.23242354e-02
    2.55919725e-01 8.55453730e-01 1.46998584e-01 7.44826794e-01
    6.49264157e-01 1.64882928e-01 8.38269949e-01 6.88807487e-01
    9.82531548e-01 1.73815936e-01 9.64661121e-01 2.29076982e-01
    4.96952862e-01 9.30599570e-01 2.82386661e-01 4.06686246e-01
    6.94022954e-01 5.21378160e-01 9.26675618e-01 5.76920867e-01
    3.50558162e-02 4.48967516e-02 3.58980358e-01 4.10025895e-01
    2.54244566e-01 7.53280759e-01 3.15106630e-01 4.34486747e-01
    5.48127055e-01 8.54881048e-01 7.77624190e-01 5.39039791e-01
    6.72271550e-01 3.90082866e-01 5.43568373e-01 3.63661587e-01
    5.05076289e-01 5.86839318e-01 3.86508912e-01 8.18011463e-01
    8.95536005e-01 9.34771895e-01 7.13703156e-01 2.34521508e-01
    4.82959509e-01 9.95192945e-01 8.14518571e-01 8.85318398e-01
    7.63773024e-02 6.57966316e-01 1.01592273e-01 7.10213900e-01
    2.70463645e-01 4.09097642e-01 6.69176579e-01 6.49420619e-01
    5.09469509e-01 5.05141437e-01 7.88425922e-01 5.16991079e-01
    1.58890218e-01 1.68251008e-01 5.94872117e-01 2.24730194e-01
    3.24207664e-01 6.64327919e-01 7.98000693e-01 4.07628745e-01
    9.93308306e-01 1.12384528e-01 8.65518928e-01 8.91004205e-01
    6.91719711e-01 5.52063286e-01 2.31771529e-01 8.78050804e-01
    3.99811029e-01 7.82284439e-01 8.84725332e-01 7.10152388e-01
    4.40990567e-01 8.06009412e-01 2.05035001e-01 3.88363242e-01
    5.00835657e-01 8.79181325e-02 8.16297770e-01 1.84331834e-02
    8.92551243e-01 9.09421206e-01 1.24774963e-01 8.30616176e-01
    8.25354099e-01 7.17403650e-01 7.67579436e-01 4.22755450e-01
    4.74984050e-01 5.09682000e-01 1.98437810e-01 4.75310683e-02
    8.21920156e-01 6.05174303e-02 3.88139606e-01 4.09430504e-01
    2.61345237e-01 2.31143475e-01 6.13558650e-01 3.91163856e-01
    2.91894317e-01 4.49933380e-01 9.35985982e-01 2.61290073e-01
    4.91173178e-01 8.44759464e-01 7.32044399e-01 2.44512171e-01
    2.11319029e-02 1.19854569e-01 4.18193161e-01 1.80358022e-01
    3.77067208e-01 3.76809835e-01 5.58060884e-01 7.10523248e-01
    8.42113376e-01 6.50088549e-01 2.49575257e-01 8.65304232e-01
    8.13834667e-01 6.51136398e-01 3.87331843e-01 1.67117298e-01
    1.25005811e-01 6.60198331e-01 6.07595921e-01 5.66506445e-01
    3.70549202e-01 8.53631139e-01 6.31443501e-01 5.76531947e-01
    3.69957954e-01 8.36071730e-01 4.33174491e-01 6.28295600e-01
    3.43825191e-01 8.09251547e-01 3.68295670e-01 6.10849559e-01
    7.85598695e-01 6.73649251e-01 6.49899840e-01 3.77530217e-01
    1.65608525e-01 2.46726662e-01 9.52472329e-01 5.90285957e-02
    7.81523287e-02 7.45238602e-01 5.57091355e-01 8.57190430e-01
    6.94972873e-01 7.96323180e-01 8.47852826e-01 7.70903111e-01
    4.07196909e-01 4.31109309e-01 7.64129460e-02 7.68470764e-01
    8.19618285e-01 4.42871183e-01 6.75006509e-02 1.93860829e-02
    7.18540013e-01 3.35107207e-01 5.09491444e-01 5.00002801e-01
    5.69928706e-01 9.34648335e-01 5.36152542e-01 9.60442901e-01
    5.81660390e-01 2.01666564e-01 7.24929452e-01 3.80812109e-01
    8.59005928e-01 8.38503778e-01 5.96397221e-01 7.06348538e-01
    2.35785902e-01 4.95347947e-01 5.63728571e-01 8.44231963e-01
    6.47194743e-01 4.51142371e-01 3.93493533e-01 2.91977763e-01
    8.57550621e-01 1.99890733e-01 4.59098041e-01 4.49874669e-01
    6.90423667e-01 1.13731027e-01 1.23413116e-01 1.73763305e-01
    4.95706260e-01 9.48552012e-01 8.52241874e-01 1.04904145e-01
    5.19453943e-01 5.60212970e-01 3.59616339e-01 5.53233564e-01
    2.96785951e-01 5.34617901e-02 8.89978945e-01 6.05391562e-02
    8.97547603e-03 9.92105961e-01 6.16470456e-01 9.18248892e-01
    9.59263206e-01 4.65249419e-02 8.97028446e-01 4.16963011e-01
    3.75509173e-01 8.50376368e-01 1.09871626e-02 3.69741946e-01
    7.24993527e-01 3.57078463e-01 2.47336894e-01 8.74857485e-01
    5.87170005e-01 7.89887309e-01 6.18694007e-01 3.79815191e-01
    9.84216332e-01 4.34559882e-01 8.24567497e-01 2.93587089e-01
    6.65701032e-02 9.92678046e-01 7.29208708e-01 3.65031779e-01
    9.30217147e-01 7.92874932e-01 1.46274686e-01 5.54115295e-01
    6.96186304e-01 1.22528195e-01 5.48983216e-01 4.21980739e-01
    9.87177074e-01 7.87883401e-01 4.07161951e-01 9.85668182e-01
    4.76772964e-01 6.95942819e-01 2.15844214e-01 5.84307909e-01
    2.91504204e-01 7.29614258e-01 9.36374903e-01 6.43437266e-01
    7.36075461e-01 6.61325276e-01 6.06022477e-01 7.78230667e-01
    9.47454095e-01 8.48389745e-01 8.91421914e-01 7.37294614e-01
    2.63699830e-01 5.54578006e-02 3.46166730e-01 1.41643673e-01
    3.28618288e-01 2.19437182e-01 8.26520205e-01 5.49756587e-02
    1.67077184e-02 9.68244791e-01 9.27633762e-01 5.60242832e-01
    9.58940864e-01 4.70006585e-01 6.69386625e-01 1.77537441e-01
    6.81078732e-02 2.63684690e-02 1.00730002e-01 5.46462238e-01
    3.76436710e-02 3.72360408e-01 7.38185406e-01 3.26108932e-03
    6.94549084e-01 2.19723880e-01 4.62749094e-01 3.27609301e-01
    9.82435226e-01 1.19225293e-01 6.54631555e-01 2.93245375e-01
    3.51558656e-01 6.31963789e-01 1.89147443e-01 2.72613883e-01
    1.63452148e-01 6.87533617e-01 6.65558398e-01 7.36860514e-01
    9.48351443e-01 3.81910324e-01 3.76856923e-01 1.12786293e-01
    3.83660197e-02 3.84601951e-02 8.50365043e-01 4.27221864e-01
    4.04100448e-01 7.78249025e-01 4.68886107e-01 9.54779267e-01
    1.21493280e-01 1.80475891e-01 5.45808256e-01 2.10253477e-01
    1.68819308e-01 8.57521117e-01 9.09012079e-01 8.95047069e-01
    4.12783325e-02 1.12796396e-01 1.06618375e-01 5.56498647e-01
    2.97723889e-01 4.88171041e-01 5.77058971e-01 8.85910034e-01
    5.13772905e-01 1.10511631e-01 4.91037011e-01 6.51993334e-01
    6.80264056e-01 1.29636228e-02 8.72300506e-01 7.79745519e-01
    2.09018171e-01 3.89740080e-01 8.44970226e-01 1.31889254e-01
    3.70717674e-01 8.63653123e-01 2.40123868e-01 3.01033050e-01
    5.65813661e-01 5.22138238e-01 9.31105733e-01 9.39234912e-01
    3.92034203e-01 7.42415667e-01 1.91408157e-01 6.93627179e-01
    4.88856912e-01 9.00854766e-02 6.43796027e-02 3.41779619e-01
    3.14570278e-01 1.43855751e-01 5.36617577e-01 7.64613569e-01
    7.96403050e-01 2.82080114e-01 8.43544781e-01 9.80018497e-01
    8.96803677e-01 6.67097270e-01 2.94366181e-02 3.59860986e-01
    3.93679857e-01 8.21572900e-01 7.56131291e-01 5.64747512e-01
    6.90699399e-01 3.71150017e-01 3.79215866e-01 4.99525189e-01
    5.36418319e-01 4.57626671e-01 1.01195574e-01 1.57797575e-01
    4.90446121e-01 7.94137955e-01 6.23139441e-01 4.75475192e-02
    4.50932324e-01 2.52104521e-01 3.59616399e-01 7.81013966e-02
    2.70262361e-03 2.10572153e-01 2.50132501e-01 5.99418521e-01
    4.67113733e-01 3.17088962e-02 2.72273034e-01 8.09904933e-01
    3.91799808e-01 7.57055223e-01 3.35138708e-01 4.66630489e-01
    8.95545602e-01 3.65579426e-01 5.11240780e-01 6.70736551e-01
    2.49345273e-01 1.63724720e-02 6.24395132e-01 5.27259350e-01
    6.47491395e-01 5.95484138e-01 3.11233461e-01 8.73138428e-01
    9.31883454e-01 2.12236762e-01 2.31051743e-01 8.34337294e-01
    8.43881071e-01 8.35213780e-01 4.68511820e-01 3.24712276e-01
    6.68793142e-01 3.61449838e-01 6.29901767e-01 4.26065862e-01
    5.31272471e-01 6.02684498e-01 8.27898383e-01 9.07363534e-01
    9.41945791e-01 8.09604764e-01 7.99755454e-01 6.16086602e-01
    3.65936756e-03 7.39420950e-01 9.46908832e-01 8.46330822e-01
    2.36608356e-01 7.23692060e-01 3.21301937e-01 1.03251427e-01
    7.47869134e-01 9.79320288e-01 1.14518046e-01 4.75370735e-01
    2.45836765e-01 8.72099340e-01 3.37470144e-01 7.67573357e-01
    9.25762475e-01 4.75960582e-01 7.85501480e-01 6.08964682e-01
    2.69114077e-02 8.75812531e-01 8.11029315e-01 5.87168097e-01
    5.30752361e-01 7.92576373e-01 4.76684153e-01 3.04085791e-01
    3.14189672e-01 2.35767990e-01 6.18924022e-01 7.42381275e-01
    7.27729678e-01 9.34224427e-01 8.43786716e-01 3.35472465e-01
    7.42866218e-01 9.35915947e-01 4.57435012e-01 4.35957760e-01
    4.21289355e-01 5.56465983e-02 3.95373672e-01 8.72315407e-01
    5.93567789e-01 2.22408473e-02 2.69362926e-02 1.06556654e-01
    7.44517565e-01 8.85404170e-01 1.61296368e-01 2.68744171e-01
    5.48118949e-01 4.14226383e-01 5.97604632e-01 4.80957478e-01
    8.47568154e-01 8.46542716e-01 9.47964668e-01 5.03761292e-01
    4.95355874e-01 7.22763121e-01 4.36168820e-01 8.71726871e-01
    8.15313578e-01 5.06333649e-01 9.98076797e-03 8.33255649e-01
    3.10565293e-01 6.97640300e-01 3.25959504e-01 2.98112929e-01
    8.08189988e-01 5.41421592e-01 4.49265897e-01 8.26649547e-01
    6.44779503e-02 2.09888518e-01 4.35828298e-01 6.55797899e-01
    4.60357875e-01 6.12322390e-02 7.75197387e-01 7.41200149e-01
    6.72371864e-01 9.72168565e-01 5.49779058e-01 2.44696736e-02
    4.36714500e-01 2.30692297e-01 8.70936573e-01 4.70399141e-01
    3.11690211e-01 4.51525003e-01 9.91520524e-01 3.14574361e-01
    3.90244722e-02 6.78280592e-01 2.60438770e-01 7.64112651e-01
    1.39641136e-01 2.21736729e-01 7.87950635e-01 3.01088631e-01
    7.78037786e-01 2.21055061e-01 9.74979460e-01 3.08405012e-01
    2.78620839e-01 4.54681993e-01 7.52833128e-01 7.51912475e-01
    8.40894520e-01 7.46042967e-01 3.62360418e-01 5.14622986e-01
    3.69470894e-01 7.74884462e-01 5.73616624e-01 5.95720172e-01
    6.92692757e-01 5.20647168e-02 9.32971954e-01 5.06355464e-01
    7.17210889e-01 4.64857131e-01 1.57697290e-01 1.57558858e-01
    4.34441090e-01 2.13803083e-01 7.68219471e-01 6.61309004e-01
    2.85970986e-01 4.46231723e-01 3.99546146e-01 1.86097890e-01
    7.52773285e-02 6.74535394e-01 4.09620166e-01 8.12414646e-01
    6.64885461e-01 3.58339548e-02 9.47477162e-01 8.64087582e-01
    2.87852228e-01 9.74770725e-01 2.31640756e-01 8.30682158e-01
    4.49636877e-01 8.37734222e-01 8.85178685e-01 2.00713068e-01
    6.89604104e-01 8.80538702e-01 1.83237404e-01 9.75371003e-01
    6.65620685e-01 3.50483060e-02 4.78442818e-01 4.00293738e-01
    9.25088525e-01 8.41455758e-01 3.63003910e-01 9.34061408e-01
    1.35102451e-01 7.11691678e-01 3.52578402e-01 9.71214175e-02
    8.47456813e-01 3.97696793e-02 2.08558202e-01 3.29943657e-01
    1.78431302e-01 6.04918599e-03 9.11667109e-01 7.68023431e-02
    5.17028570e-02 7.31638730e-01 6.38129652e-01 9.67936695e-01
    3.57339263e-01 2.11563259e-01 8.90538275e-01 1.35202944e-01
    9.80045557e-01 9.88631845e-01 8.38108480e-01 2.13621467e-01
    3.14322352e-01 8.33508849e-01 7.98319519e-01 1.64067864e-01
    5.93894184e-01 9.71011221e-02 2.86781371e-01 5.16590655e-01
    1.41143054e-01 9.49951053e-01 4.45599049e-01 6.29861772e-01
    7.26792336e-01 5.37843823e-01 3.99717987e-01 6.07917011e-01
    6.51066422e-01 1.02404267e-01 4.63251323e-01 3.82541209e-01
    8.95194411e-01 6.99071705e-01 1.86712414e-01 1.12368017e-01
    4.25315499e-02 4.31265026e-01 5.30199170e-01 7.43506014e-01
    2.51566768e-01 2.97083527e-01 4.91872430e-02 6.86136007e-01
    1.41473204e-01 4.47523534e-01 5.72908640e-01 2.59438664e-01
    2.79233336e-01 6.77080750e-02 4.95703101e-01 6.03517532e-01
    4.07254636e-01 7.55380094e-02 7.60367274e-01 1.80805027e-01
    6.53273761e-01 4.87204194e-01 3.69603872e-01 7.31684208e-01
    1.43541545e-01 2.68897563e-01 4.38118666e-01 8.18724096e-01
    4.29686040e-01 7.97363222e-01 3.80761385e-01 3.68833989e-01
    5.59382737e-01 9.88869667e-01 7.08445847e-01 1.49544060e-01
    8.21291387e-01 4.45862591e-01 3.20738971e-01 5.05086601e-01
    9.60923553e-01 9.91713047e-01 5.73255420e-01 6.57005370e-01
    4.53896701e-01 4.10190225e-01 2.07161367e-01 1.86560303e-01
    1.72775179e-01 9.62584913e-02 7.89836287e-01 9.55210090e-01
    6.93453550e-01 7.73935020e-02 2.20754862e-01 1.13345027e-01
    3.61238718e-01 8.62504482e-01 6.04678392e-01 9.98809397e-01
    8.73338223e-01 2.38041401e-01 3.67653728e-01 6.21993303e-01
    5.30268073e-01 6.73271239e-01 2.43687689e-01 2.42324889e-01
    3.42873812e-01 8.63674760e-01 4.28840101e-01 7.37753212e-01
    4.01875615e-01 9.13840473e-01 5.21136761e-01 4.60186839e-01
    6.11231029e-01 8.17032218e-01 8.79020929e-01 8.06752264e-01
    6.22010112e-01 7.16097355e-01 6.69617593e-01 6.71165884e-02
    3.73375237e-01 2.39151716e-03 4.85509068e-01 4.31906700e-01
    7.61001408e-01 6.09913170e-01 1.67255640e-01 2.12334305e-01
    3.00094098e-01 9.57935870e-01 8.38265181e-01 3.19007874e-01
    1.48815781e-01 2.02830940e-01 2.52763629e-02 3.66913915e-01
    5.68793952e-01 2.53786147e-02 2.45183855e-01 7.46975780e-01
    6.18041873e-01 9.01931167e-01 5.05017281e-01 2.53105104e-01
    6.20848417e-01 9.37805712e-01 2.90503144e-01 7.92601883e-01
    3.40434909e-01 5.03606081e-01 2.33072490e-01 4.54735756e-01
    1.08909190e-01 2.12882310e-01 8.46040249e-01 6.04685426e-01
    6.84754491e-01 2.93892533e-01 7.80636609e-01 2.52857417e-01
    9.36737239e-01 2.77519763e-01 6.92717433e-01 5.58791161e-01
    6.99251890e-02 8.08926046e-01 5.65905094e-01 6.62311316e-01
    9.63636875e-01 8.03149998e-01 5.10894179e-01 9.38399494e-01
    1.58997923e-01 9.38506246e-01 8.85911822e-01 7.97761679e-02
    8.07931423e-02 6.31506443e-01 5.68483591e-01 2.43826389e-01
    5.59729099e-01 1.26736492e-01 7.34235048e-02 3.66387337e-01
    2.09975123e-01 8.00770998e-01 7.87258863e-01 5.49020171e-01
    3.32311094e-02 7.82180309e-01 2.08304226e-01 6.71332657e-01
    7.11523294e-02 2.77915597e-03 6.14324212e-03 6.14052534e-01
    4.30455804e-02 1.42522037e-01 3.18834424e-01 3.09087098e-01
    1.11111671e-01 4.78837818e-01 8.05738568e-01 5.46725512e-01
    8.77630651e-01 9.45480227e-01 3.79851341e-01 8.35576355e-01
    9.28333879e-01 7.71913052e-01 5.73348045e-01 7.05649555e-02
    5.49508512e-01 2.40944922e-01 4.52650398e-01 5.90225935e-01
    2.37827182e-01 6.84723258e-01 7.43574381e-01 5.55721641e-01
    7.13093042e-01 7.49248922e-01 2.59596050e-01 4.63794082e-01
    4.08159256e-01 8.35474432e-02 3.50136876e-01 2.42785662e-01
    3.12024474e-01 5.28912842e-01 4.00215834e-01 2.63491005e-01
    1.22120917e-01 6.39669299e-01 4.12839532e-01 8.42663765e-01
    3.17043245e-01 6.03529096e-01 4.80680227e-01 7.26472437e-01
    8.27765942e-01 5.82633317e-01 6.96583867e-01 3.39524865e-01
    2.52420962e-01 6.93496168e-01 7.05982745e-01 9.57292557e-01
    3.74549389e-01 7.99232423e-01 2.19033331e-01 2.09472001e-01
    6.25027657e-01 6.61805749e-01 1.66753322e-01 7.54835486e-01
    4.22420233e-01 9.92861927e-01 8.44754934e-01 7.60617614e-01
    2.85534441e-01 7.17695951e-01 8.00353289e-01 3.71504307e-01
    2.47464538e-01 4.98942852e-01 6.41915917e-01 9.90495205e-01
    2.89420187e-01 6.52820230e-01 7.19760060e-01 6.59936309e-01
    5.60826302e-01 7.72902012e-01 1.40114844e-01 9.81883585e-01
    5.36479294e-01 4.64849353e-01 6.36669397e-02 9.12253082e-01
    3.70051742e-01 9.79352236e-01 1.06352985e-01 1.47012651e-01
    6.05932593e-01 3.74392897e-01 3.92310321e-02 5.09137750e-01
    5.33544540e-01 1.07331008e-01 7.54107714e-01 7.15819895e-01
    6.16549611e-01 5.55898130e-01 9.33255672e-01 9.87578809e-01
    2.20197141e-02 3.09398592e-01 2.58409113e-01 8.40294600e-01
    8.82573128e-01 3.34464699e-01 4.90361005e-01 2.21699476e-02
    2.47998029e-01 1.39905810e-02 5.62221408e-01 7.35478103e-02
    7.44214535e-01 6.04452193e-01 8.90144289e-01 4.51687992e-01
    6.28905237e-01 2.91334569e-01 3.33393157e-01 1.45173579e-01
    7.34607518e-01 4.66539472e-01 5.83142519e-01 7.55985618e-01
    2.14611650e-01 6.91982269e-01 4.75566357e-01 2.33333141e-01
    3.24525535e-01 5.42963386e-01 8.14036429e-02 9.31602836e-01
    4.43077266e-01 5.12526810e-01 5.86112797e-01 3.36801291e-01
    3.53845239e-01 6.62645340e-01 1.22913986e-01 9.58572507e-01
    6.98487699e-01 2.42992103e-01 4.11323339e-01 9.45438862e-01
    4.82827097e-01 5.07014692e-01 2.17586070e-01 8.60870659e-01
    6.97423518e-01 3.17666829e-01 5.79248965e-02 5.00846446e-01
    9.15760338e-01 9.11837161e-01 8.94080043e-01 1.98532104e-01
    8.29852581e-01 5.59782326e-01 9.28717852e-01 2.68160164e-01
    8.34215343e-01 6.46169782e-01 7.81184077e-01 9.65876460e-01
    7.61200130e-01 6.74288511e-01 6.12793505e-01 4.69356000e-01
    1.82429135e-01 3.83738250e-01 9.99530971e-01 2.87276000e-01
    2.01401889e-01 9.79890347e-01 2.84819424e-01 2.38530934e-01
    2.23794371e-01 8.80177498e-01 1.22304052e-01 5.80648065e-01
    2.47192502e-01 8.12380910e-01 4.80089903e-01 4.37588692e-02
    9.50500131e-01 7.39682853e-01 4.76568729e-01 6.45981491e-01
    6.72903299e-01 4.67149615e-01 8.58997941e-01 1.63781226e-01
    1.06333196e-02 1.29500091e-01 4.74670410e-01 5.54301143e-02
    2.06466675e-01 3.71391892e-01 8.08391809e-01 9.08709347e-01
    4.77993786e-02 8.91790509e-01 1.20444149e-01 9.62483883e-01
    6.36841595e-01 2.95722812e-01 2.43366420e-01 4.36188191e-01
    2.12908030e-01 3.36726367e-01 2.37024337e-01 4.77226079e-01
    1.72742188e-01 9.94994760e-01 1.37002379e-01 8.19021940e-01
    4.80269909e-01 6.03881419e-01 6.59885049e-01 8.22232664e-02
    9.53725338e-01 5.32291055e-01 3.15168411e-01 3.76876295e-01
    8.83073032e-01 6.72401547e-01 8.19040835e-02 5.56076467e-01
    7.91946292e-01 7.62977004e-01 7.95370460e-01 3.99296284e-02
    5.76360881e-01 8.94887388e-01 2.63197362e-01 6.85766101e-01
    6.19062841e-01 3.30829322e-02 3.04823875e-01 7.34723449e-01
    9.05474722e-02 4.58610535e-01 7.60868728e-01 7.41034448e-01
    7.57445395e-02 9.44770277e-02 6.72859490e-01 3.33701104e-01
    9.16948676e-01 2.78243184e-01 7.31867790e-01 1.91047281e-01
    7.41495728e-01 2.81766653e-01 5.42263448e-01 9.58576560e-01
    6.37444377e-01 8.64711165e-01 5.25219440e-01 9.70634818e-01
    3.73211205e-01 8.93640935e-01 6.04721308e-01 9.37845945e-01
    1.04052961e-01 2.84734368e-01 8.45617890e-01 5.08964896e-01
    2.59774238e-01 6.58480227e-01 8.90530467e-01 9.80921507e-01
    5.21665215e-01 3.70246530e-01 3.18712234e-01 4.83489454e-01
    5.31252623e-01 6.90440118e-01 4.70381886e-01 6.66333675e-01
    7.01456189e-01 8.24077070e-01 3.19305062e-01 3.90590668e-01
    4.58484679e-01 5.06484866e-01 1.72870994e-01 8.87055516e-01
    6.22343898e-01 6.87946379e-01 3.84607136e-01 3.16531003e-01
    6.25712276e-02 7.66160488e-02 6.51174486e-02 2.48897463e-01
    3.84961963e-01 1.83965743e-01 1.92530572e-01 1.65267885e-01
    1.88647956e-01 5.86270809e-01 8.75066280e-01 6.07143760e-01
    5.66728890e-01 7.96573639e-01 8.25781643e-01 7.52810836e-01
    3.84382248e-01 1.63890332e-01 7.30715334e-01 5.77571034e-01
    3.23653042e-01 4.03663635e-01 4.06982094e-01 4.64430481e-01
    5.62416494e-01 3.78314614e-01 6.23362541e-01 3.67803574e-01
    1.11137301e-01 9.43342566e-01 1.08103931e-01 9.39947486e-01
    2.25465328e-01 7.07330763e-01 9.71952736e-01 7.02601075e-01
    4.18791264e-01 9.43813980e-01 4.74527657e-01 3.16382885e-01
    6.08497620e-01 4.25657749e-01 6.71291053e-02 7.39501953e-01
    4.70651448e-01 5.69270492e-01 1.19351983e-01 9.62293267e-01
    6.43018901e-01 5.79689026e-01 4.55790162e-01 2.44437754e-01
    8.30422699e-01 1.24824643e-01 3.73675942e-01 1.36561394e-01
    8.85881484e-01 9.67692852e-01 2.25051939e-01 4.40305173e-02
    7.99425125e-01 1.94735199e-01 6.57766938e-01 1.02892280e-01
    6.74843848e-01 7.90763140e-01 9.80135024e-01 7.01349676e-01
    3.85088116e-01 4.97598350e-01 6.69611096e-02 6.60786033e-01
    8.47430408e-01 9.86877680e-01 5.72220445e-01 7.19533801e-01
    9.74817991e-01 2.99350917e-02 6.50472403e-01 5.79057395e-01
    4.40942645e-02 3.18279505e-01 1.62151158e-01 1.08141571e-01
    2.40117490e-01 2.26750880e-01 6.45816743e-01 5.94946623e-01
    5.57435095e-01 5.93398809e-01 9.97743666e-01 7.47506499e-01
    9.61865246e-01 6.54463172e-01 8.38985801e-01 3.57454360e-01
    9.67441201e-01 9.88677859e-01 6.72756076e-01 2.76435167e-01
    2.26074308e-01 5.41022778e-01 2.52801538e-01 4.83207613e-01
    9.40468311e-01 9.83714342e-01 4.70852226e-01 6.51436448e-01
    7.41065741e-01 9.61565614e-01 9.64996219e-01 6.07471168e-01
    5.21782637e-02 5.39348125e-02 1.29646987e-01 9.22132134e-01
    7.09133089e-01 4.26332742e-01 9.25561905e-01 4.69149977e-01
    5.48312128e-01 3.64129007e-01 1.65092945e-02 9.91103768e-01
    3.29970360e-01 8.04406226e-01 4.20019358e-01 1.18550330e-01
    6.54569507e-01 1.09858483e-01 4.65202510e-01 5.59311628e-01
    4.79619205e-01 3.10521543e-01 4.27631944e-01 7.36550689e-01
    6.65012479e-01 4.24082160e-01 6.90662503e-01 4.80074406e-01
    2.12653220e-01 3.82860661e-01 2.47797966e-02 2.00764120e-01
    8.97963405e-01 4.71754819e-01 8.37637544e-01 7.45613635e-01
    9.51479137e-01 7.59150982e-01 5.78966975e-01 8.97477269e-01
    1.87364697e-01 6.06986761e-01 4.34862077e-02 6.76513731e-01
    4.82474089e-01 1.09984905e-01 8.31177592e-01 7.88205206e-01
    4.39828068e-01 3.23229015e-01 9.29493785e-01 7.58570910e-01
    5.69299221e-01 1.86947882e-02 9.06704307e-01 3.09203684e-01
    9.04976845e-01 2.90470630e-01 9.93750393e-01 3.95963401e-01
    5.86213827e-01 3.04522544e-01 7.16844857e-01 9.98916388e-01
    9.99115705e-02 5.02633631e-01 2.13141441e-02 5.73757410e-01
    7.68465757e-01 4.81748879e-02 3.34637821e-01 9.08417046e-01
    1.21658355e-01 8.16905856e-01 3.56607467e-01 2.46547937e-01
    1.16151899e-01 7.17777133e-01 1.80231154e-01 8.21437418e-01
    5.31746626e-01 6.81585431e-01 4.76815730e-01 5.13209283e-01
    8.93684924e-02 9.80967283e-01 2.07538784e-01 9.37424064e-01
    8.34384859e-02 8.77434552e-01 7.56088614e-01 3.09337974e-02
    6.08672082e-01 1.92752421e-01 1.61461353e-01 2.75119543e-02
    8.84205103e-01 1.58643991e-01 8.18307877e-01 1.35199398e-01
    2.67019749e-01 6.69192076e-01 3.12895596e-01 9.60196495e-01
    4.48954105e-03 1.39705867e-01 7.77786732e-01 9.10847425e-01
    8.82806003e-01 6.77023888e-01 1.51602536e-01 4.36461270e-02
    3.76679450e-01 2.67765969e-01 8.83246064e-01 1.51164740e-01
    9.10595059e-03 6.94249630e-01 4.72024739e-01 4.16488349e-02
    2.69963771e-01 4.04762268e-01 2.39937812e-01 3.81095886e-01
    2.35277295e-01 9.71756577e-01 8.95045638e-01 6.15848958e-01
    8.31826985e-01 1.46836162e-01 2.43316412e-01 9.44252133e-01
    3.27341765e-01 1.32329762e-02 2.13977605e-01 5.59087217e-01
    3.36415231e-01 3.17727089e-01 3.09014887e-01 7.70556569e-01
    3.98248136e-01 8.62830639e-01 9.29286003e-01 4.96984720e-01
    2.29007393e-01 9.65308905e-01 7.37226248e-01 1.77700013e-01
    5.04757166e-02 1.99670970e-01 2.09859580e-01 6.28597021e-01
    4.16332930e-01 1.62200332e-02 8.70403528e-01 7.19897568e-01
    8.21706712e-01 7.65926003e-01 3.57150525e-01 3.51102352e-02
    4.65297103e-02 6.58512533e-01 9.45533037e-01 6.67835593e-01
    2.19971776e-01 7.42042005e-01 3.67735565e-01 6.81344926e-01
    8.95950913e-01 1.38151139e-01 3.26294303e-01 2.17547387e-01
    9.89332080e-01 6.28064811e-01 7.62367666e-01 4.32783902e-01
    3.35926592e-01 7.84645677e-01 1.18136972e-01 8.98664176e-01
    7.26147175e-01 5.10372877e-01 8.55784774e-01 3.21186602e-01
    8.39850187e-01 3.16297084e-01 1.41732037e-01 5.26097298e-01
    9.05310631e-01 3.63155246e-01 2.08746225e-01 6.52168512e-01
    8.75922918e-01 4.60931361e-01 2.43147492e-01 9.01758552e-01
    7.71994472e-01 9.24703956e-01 6.25043690e-01 5.06270528e-02
    8.91617239e-02 2.26704329e-01 6.05146289e-01 4.82933223e-02
    9.25069571e-01 2.15977579e-01 5.19112051e-01 8.03520143e-01
    1.30629778e-01 7.07461596e-01 5.27642906e-01 9.62824225e-02
    8.81130099e-01 7.66980886e-01 1.94354862e-01 7.47861028e-01
    9.38479662e-01 5.70885658e-01 7.81381130e-01 2.06352144e-01
    1.79949790e-01 1.42195672e-01 6.00419998e-01 9.85816181e-01
    3.11888665e-01 6.26617253e-01 5.88866293e-01 3.50208223e-01
    4.20777917e-01 3.66916060e-02 2.85972625e-01 3.15219641e-01
    9.86103952e-01 4.81425226e-02 1.55418634e-01 2.72520304e-01
    3.92283499e-01 2.79035062e-01 9.61901307e-01 9.42620814e-01
    9.59117830e-01 7.39690721e-01 8.97571564e-01 9.35150027e-01
    4.93970901e-01 7.32864559e-01 4.91099834e-01 3.51597369e-01
    5.22788823e-01 8.76004696e-01 2.64801890e-01 8.56694460e-01
    6.66652262e-01 3.67504656e-02 3.06850404e-01 6.69187307e-01
    6.64921761e-01 4.43434685e-01 9.87486243e-01 4.68757868e-01
    3.43411505e-01 5.45285940e-01 6.96116984e-01 7.85329223e-01
    5.42255104e-01 2.36436456e-01 8.19291234e-01 2.24979341e-01
    1.35577321e-01 2.66266167e-02 2.08150536e-01 4.28688377e-01
    8.53921473e-01 7.12382317e-01 1.10941589e-01 6.62259936e-01
    3.57511789e-01 3.04222018e-01 5.25071084e-01 2.91107655e-01
    8.44195247e-01 3.11744481e-01 3.20892245e-01 9.41789985e-01
    6.34131432e-02 1.94603711e-01 2.10009307e-01 1.82731271e-01
    8.77089620e-01 3.85058761e-01 5.42209446e-01 4.52566147e-03
    4.16921318e-01 6.80977106e-02 4.25242186e-02 4.19452727e-01
    6.73875570e-01 2.35579610e-01 7.74947703e-01 6.11328185e-02
    8.92144561e-01 8.76590014e-01 9.24714804e-01 7.30677903e-01
    2.15116620e-01 1.95685387e-01 6.48446739e-01 1.88508987e-01
    6.10136986e-03 3.65141094e-01 9.73122001e-01 9.38887358e-01
    4.35572982e-01 2.61655509e-01 1.04247898e-01 8.72842073e-02
    6.04475200e-01 1.61735296e-01 5.40990114e-01 8.36667955e-01
    6.62713349e-01 6.25860691e-01 2.61596084e-01 8.20966005e-01
    3.65539253e-01 8.58671784e-01 2.01155871e-01 7.86747098e-01
    3.06540042e-01 8.71303678e-02 7.92121530e-01 7.80972064e-01
    5.59576094e-01 1.37851775e-01 7.38609672e-01 4.69742417e-02
    7.65898347e-01 2.31314480e-01 9.35054421e-01 2.62893796e-01
    6.43009126e-01 3.23869884e-01 3.44835341e-01 5.28667092e-01
    3.44110250e-01 8.52440178e-01 3.32107484e-01 1.80606604e-01
    4.74522263e-01 9.87009168e-01 5.19344389e-01 3.79578829e-01
    5.85087180e-01 5.78378141e-01 8.82821918e-01 6.13891363e-01
    6.40556931e-01 4.92747754e-01 2.23882854e-01 4.23723072e-01
    9.90731955e-01 6.20651186e-01 3.26926470e-01 3.89362991e-01
    6.07620656e-01 8.19007039e-01 3.98120672e-01 7.70655155e-01
    8.72523427e-01 7.32086003e-02 4.69011962e-01 3.31905693e-01
    7.86442518e-01 1.12723380e-01 4.51232135e-01 4.64790732e-01
    7.95963466e-01 8.42810035e-01 8.58913660e-01 9.32122231e-01
    2.23064870e-01 1.46534681e-01 2.05837041e-01 4.60050523e-01
    7.91327357e-01 6.03795052e-01 8.50151777e-01 1.63327754e-01
    4.05169249e-01 1.47301346e-01 7.88372457e-02 1.49684936e-01
    5.15935004e-01 1.09972477e-01 2.67604709e-01 2.75805682e-01
    3.32054138e-01 2.87534624e-01 7.00774550e-01 3.92781973e-01
    4.44935381e-01 7.08361566e-02 7.86653876e-01 4.40139353e-01
    7.59347677e-02 2.14972317e-01 4.72540110e-01 6.43971443e-01
    4.45796072e-01 7.60413170e-01 7.29954243e-03 8.82415533e-01
    4.68159527e-01 2.04827905e-01 8.90645087e-02 7.16235995e-01
    2.31372863e-01 3.56730461e-01 3.48854959e-02 4.81880248e-01
    3.25628281e-01 5.52378595e-02 8.34075212e-01 1.62563324e-02
    5.50776660e-01 5.65319598e-01 9.48771238e-02 4.97436464e-01
    9.56004024e-01 5.69958925e-01 3.68803799e-01 6.64046168e-01
    5.04755259e-01 8.55824113e-01 9.44324970e-01 8.29016030e-01
    8.70738328e-01 4.24302459e-01 9.16982174e-01 5.48371136e-01
    3.84897083e-01 6.23254120e-01 3.13196123e-01 9.17265594e-01
    3.81623566e-01 8.47342968e-01 2.34382749e-02 6.52789712e-01
    8.35497141e-01 2.78756499e-01 2.09216058e-01 1.93336755e-01
    4.43268538e-01 4.22855169e-01 4.64836031e-01 5.83490968e-01
    1.91732496e-01 7.29856789e-01 4.37083781e-01 2.55449772e-01
    4.42115694e-01 1.28138423e-01 6.62465692e-01 4.93046045e-02
    7.27381408e-01 7.48581111e-01 7.72296548e-01 3.09029907e-01
    7.90176451e-01 1.19945407e-01 8.77310872e-01 9.47948337e-01
    1.15131736e-01 5.45421600e-01 3.87714535e-01 9.92650151e-01
    2.55023479e-01 1.09472126e-01 7.20824301e-02 5.71685672e-01
    4.45154995e-01 3.92738193e-01 5.73471367e-01 8.15182924e-01
    5.90158999e-01 1.21932626e-02 7.65285015e-01 5.56467950e-01
    1.18394405e-01 2.04376340e-01 7.13638663e-01 7.39163756e-02
    1.05765253e-01 4.89017516e-01 9.35872793e-01 3.61264646e-02
    2.74660885e-02 6.53935552e-01 4.99119401e-01 5.02553225e-01
    5.74369431e-01 4.90842342e-01 8.17661047e-01 9.92667496e-01
    2.68081963e-01 3.10390174e-01 6.84187651e-01 1.34534985e-01
    7.82910943e-01 4.14593637e-01 8.69248033e-01 4.88571674e-01
    1.66461319e-01 2.97573090e-01 3.06655049e-01 3.67887735e-01
    4.55186933e-01 1.22039706e-01 4.03228164e-01 9.07431245e-01
    6.28348410e-01 4.87219453e-01 6.40788496e-01 5.28520525e-01
    7.71157146e-01 6.30827427e-01 2.78568864e-01 5.52982092e-01
    4.20758784e-01 6.91565216e-01 3.05321574e-01 8.44449639e-01
    6.24341488e-01 5.71964085e-01 6.04052603e-01 5.19620180e-02
    9.21499312e-01 5.37994087e-01 6.48566604e-01 8.15428615e-01
    4.70525920e-02 7.10795283e-01 5.69730759e-01 5.38801253e-01
    2.21820533e-01 3.68171155e-01 2.76954502e-01 5.85328341e-01
    5.00534236e-01 7.13974297e-01 5.02871215e-01 6.32745564e-01
    3.46573174e-01 5.71447611e-02 8.11843395e-01 8.51793528e-01
    3.68652284e-01 5.58476150e-01 8.89546692e-01 7.17952549e-02
    5.51110685e-01 4.96895820e-01 8.91252279e-01 2.56465822e-01
    3.77090603e-01 3.62349123e-01 2.06755310e-01 9.38327491e-01
    6.66421771e-01 1.10696286e-01 8.72665823e-01 3.24225008e-01
    7.24744499e-02 9.75637555e-01 7.02217102e-01 3.51172507e-01
    7.70366907e-01 9.28195119e-01 6.45707130e-01 5.68894148e-01
    4.59779561e-01 5.91779530e-01 2.18261808e-01 6.16610825e-01
    4.88845915e-01 6.06833756e-01 6.11422777e-01 1.85540915e-02
    2.33099401e-01 6.86498523e-01 2.49213248e-01 4.02311087e-02
    7.34821796e-01 9.31926548e-01 6.07967615e-01 5.65471172e-01
    7.84157157e-01 5.72690666e-02 7.99365401e-01 6.23539925e-01
    1.61954910e-01 4.95913982e-01 9.93157864e-01 6.47040009e-02
    1.95123851e-02 7.54144907e-01 1.64438844e-01 7.94445038e-01
    2.96226174e-01 8.75046134e-01 5.47894716e-01 5.98458707e-01
    6.32986486e-01 2.26920754e-01 9.12921667e-01 2.17430830e-01
    3.06117833e-01 6.25944555e-01 9.64211583e-01 1.75636113e-01
    9.41287875e-01 5.81509829e-01 9.73205924e-01 9.58192945e-01
    2.32186884e-01 7.07756281e-01 5.09860814e-01 5.43890953e-01
    5.18557012e-01 5.45189619e-01 7.34510124e-02 7.36361206e-01
    1.57758176e-01 2.28850633e-01 1.32466108e-01 6.99774325e-01
    2.12419301e-01 4.17311519e-01 6.39565885e-01 2.84167945e-01
    9.48290110e-01 5.24816871e-01 2.41213143e-01 3.47558439e-01
    2.85399616e-01 5.98773241e-01 8.41104269e-01 2.22912878e-01
    9.69105005e-01 1.71461105e-01 6.31696582e-02 8.91135216e-01
    8.68143439e-02 1.63138747e-01 9.03276443e-01 1.10960692e-01
    3.25895995e-01 9.66673732e-01 6.76735342e-01 3.25194001e-03
    1.11454457e-01 8.53593171e-01 4.95077372e-02 7.51113534e-01
    9.53730822e-01 4.12820727e-01 7.24352002e-01 6.37245774e-01
    1.55156255e-02 3.74328941e-01 5.13351917e-01 1.45275772e-01
    9.74924862e-01 1.87177032e-01 3.09164822e-01 3.13223362e-01
    5.55509984e-01 8.68174851e-01 3.77341539e-01 5.53470373e-01
    5.60641110e-01 9.18242335e-02 1.43596113e-01 5.10454118e-01
    8.98910642e-01 4.68594313e-01 8.90056670e-01 2.49795616e-01
    4.61279035e-01 4.91121829e-01 6.36165500e-01 7.40696192e-01
    5.85322976e-01 1.77921772e-01 2.99145877e-01 2.65022576e-01
    2.44089961e-02 6.12865329e-01 5.36251605e-01 1.07292593e-01
    7.21090198e-01 5.63558161e-01 8.26761305e-01 1.91690505e-01
    8.01274538e-01 4.78387833e-01 2.11592078e-01 8.15770686e-01
    3.53663087e-01 2.35021859e-01 9.26256061e-01 8.63456964e-01
    7.91767716e-01 4.17599499e-01 1.95714533e-02 5.04493654e-01
    7.65214503e-01 4.80578661e-01 8.55304003e-02 9.57028389e-01
    8.61837566e-02 1.16259545e-01 1.29846632e-01 9.57280397e-04
    7.40717232e-01 6.77366257e-02 6.05888486e-01 6.20943308e-01
    6.17758155e-01 4.47946787e-01 3.66479963e-01 7.75233269e-01
    9.17703927e-01 5.65843940e-01 8.78517270e-01 6.04034543e-01
    2.91305244e-01 4.56681609e-01 2.67127782e-01 7.02371001e-01
    7.72168398e-01 3.96730989e-01 8.45063806e-01 3.92604977e-01
    7.46535063e-01 5.15636981e-01 9.69416738e-01 7.88012505e-01
    6.42398357e-01 7.18517900e-01 4.40536201e-01 4.72210646e-01
    7.10111022e-01 6.87646151e-01 9.78670478e-01 6.17896318e-02
    1.17712945e-01 3.81290317e-02 2.64399916e-01 9.23087239e-01
    7.36331761e-01 3.61983865e-01 2.32552826e-01 5.71501255e-01
    1.18659914e-01 4.79439795e-01 3.17049384e-01 7.86234498e-01
    4.38838422e-01 2.82734632e-04 6.50683999e-01 4.86031622e-01
    2.46171057e-02 8.26449156e-01 3.83817941e-01 7.31785774e-01
    7.28483796e-02 3.26267362e-01 7.81867743e-01 8.07090282e-01
    1.20856851e-01 5.09113908e-01 8.72204304e-01 9.29283500e-01
    9.84866977e-01 2.47158498e-01 6.14618421e-01 9.75409150e-02
    4.41817641e-01 2.81287909e-01 5.20858467e-01 1.47938848e-01
    9.65414047e-01 3.73875201e-01 2.99417496e-01 8.18484306e-01
    5.12849152e-01 4.18428451e-01 2.54600674e-01 6.21053874e-01
    5.21751404e-01 3.01655740e-01 8.70822191e-01 7.97843039e-02
    8.63570452e-01 7.74846315e-01 8.28505337e-01 7.71464348e-01
    1.38289005e-01 1.89745009e-01 1.56141549e-01 3.35920662e-01
    7.29608417e-01 5.62745690e-01 8.87148678e-01 6.44916415e-01
    7.35701442e-01 3.33937585e-01 3.49255145e-01 5.17253995e-01
    2.18681186e-01 4.19671118e-01 4.63638127e-01 9.76870179e-01
    9.10286427e-01 1.03111625e-01 7.41930425e-01 9.81515646e-01
    1.37135267e-01 5.25347590e-02 3.70395005e-01 6.49094701e-01
    1.09494925e-02 7.16496348e-01 7.52677679e-01 4.00670767e-02
    6.03529155e-01 7.05965996e-01 4.73415583e-01 3.35515797e-01
    6.04500949e-01 6.16280437e-02 8.62540185e-01 2.66789794e-01
    4.18043286e-01 4.46275443e-01 3.28893960e-01 9.61025357e-01
    4.26642507e-01 3.65843773e-01 8.51451635e-01 7.61582136e-01
    9.46078062e-01 3.54122698e-01 3.10166538e-01 8.82361531e-02
    6.36183381e-01 8.15201163e-01 5.95113516e-01 9.53694105e-01
    6.48708582e-01 7.77317524e-01 8.11205208e-02 1.27454847e-01
    5.03434062e-01 6.80872083e-01 8.01714361e-02 5.53246140e-02
    5.32173514e-01 3.17058802e-01 1.12373382e-01 1.52553201e-01
    4.28572476e-01 8.77909184e-01 1.93075627e-01 7.89932609e-01
    1.72710180e-01 7.29376793e-01 8.16567242e-01 6.06273293e-01
    3.36329401e-01 6.92537427e-01 2.72113383e-01 8.74024332e-02
    4.06515121e-01 1.76175803e-01 7.94555783e-01 4.54493672e-01
    8.25458050e-01 2.32290775e-01 9.39313471e-02 3.63925517e-01
    7.15050399e-02 1.78277910e-01 9.97630477e-01 2.92536318e-01
    5.38886607e-01 1.30323410e-01 6.09901905e-01 4.87128228e-01
    9.08433557e-01 9.50297713e-02 6.45653844e-01 3.09267819e-01
    9.51640666e-01 2.53960997e-01 9.93036032e-01 3.89077336e-01
    9.99766707e-01 8.10353398e-01 7.45921075e-01 6.47477627e-01
    2.19104230e-01 2.84924269e-01 8.87172878e-01 2.98136413e-01
    6.03265703e-01 5.42269766e-01 5.19805312e-01 8.58539701e-01
    2.94751763e-01 4.79577780e-01 2.70014048e-01 4.11673307e-01
    4.49754924e-01 4.18705463e-01 1.79759741e-01 5.26573002e-01
    6.83077574e-01 5.84552169e-01 7.35238969e-01 5.05746305e-02
    1.87193364e-01 2.86850035e-01 1.77986413e-01 3.55600595e-01
    1.42450422e-01 9.13913667e-01 5.45853078e-02 5.35863400e-01
    5.62259555e-03 2.71331310e-01 2.03519791e-01 6.54110134e-01
    7.21755147e-01 7.68495321e-01 7.97117174e-01 9.60739493e-01
    3.36986065e-01 1.74062401e-01 6.40109420e-01 9.55968022e-01
    8.24472308e-01 9.84405279e-01 3.50203037e-01 6.25432491e-01
    1.68479502e-01 7.55731463e-01 9.40092087e-01 2.74590671e-01
    7.09023297e-01 8.28512788e-01 6.31311655e-01 6.97907329e-01
    3.93101543e-01 9.75513279e-01 2.97863543e-01 3.68046671e-01
    4.10755306e-01 1.78063661e-01 6.82940483e-02 5.42789578e-01
    2.68420815e-01 2.34487623e-01 3.48303914e-01 6.77841961e-01
    2.53709614e-01 8.81869197e-02 7.25955486e-01 1.84605598e-01
    7.44874239e-01 2.04580158e-01 5.82369685e-01 4.78591293e-01
    7.90727437e-02 8.17393780e-01 5.42675197e-01 3.29437256e-01
    2.15366930e-01 1.70076758e-01 5.82447410e-01 9.90233541e-01
    6.08676732e-01 1.97266042e-01 2.65518636e-01 7.08125770e-01
    3.87474179e-01 6.22167766e-01 8.63929510e-01 1.71274245e-01
    3.55548859e-01 2.75396496e-01 7.59988487e-01 9.02945518e-01
    1.42384976e-01 8.45640063e-01 2.98944712e-01 1.22625083e-01
    1.01221263e-01 7.92275667e-01 7.12745070e-01 8.51184189e-01
    6.43592358e-01 1.32230371e-01 3.69405568e-01 3.10323536e-02
    3.12728405e-01 7.19251394e-01 2.65355170e-01 4.92798448e-01
    3.26935828e-01 6.55504823e-01 5.78316391e-01 3.10563087e-01
    1.07340872e-01 1.51771516e-01 2.08363593e-01 3.70397091e-01
    6.80361450e-01 5.37053525e-01 9.62095678e-01 2.35604942e-01
    7.11177289e-01 4.67765450e-01 2.81563997e-02 3.46025407e-01
    9.82560873e-01 5.12311518e-01 7.87065208e-01 3.47854733e-01
    1.12582624e-01 7.01810360e-01 4.34005082e-01 9.64819670e-01
    8.11108053e-01 3.63960326e-01 7.02710271e-01 1.38680696e-01
    1.36641324e-01 5.75798810e-01 1.63352221e-01 3.55668306e-01
    3.76550317e-01 9.22868371e-01 6.34975433e-01 5.19833863e-02
    2.03058541e-01 5.93304217e-01 1.60594851e-01 3.45266521e-01
    3.30010891e-01 3.06573570e-01 7.11374938e-01 2.62209862e-01
    7.35825300e-01 5.16222954e-01 1.60782307e-01 1.69167012e-01
    2.42733151e-01 6.95067406e-01 9.63183165e-01 6.07662857e-01
    5.91589272e-01 8.26921523e-01 6.90173447e-01 3.65486979e-01
    6.09896064e-01 2.70190418e-01 8.13445747e-02 6.54630065e-01
    7.94510365e-01 8.60503912e-02 6.23467267e-02 1.58161581e-01
    7.88949490e-01 5.07270694e-01 3.10878605e-01 5.81917524e-01
    1.21420324e-02 7.59795785e-01 7.78749704e-01 4.53931272e-01
    8.67250860e-01 8.96858871e-02 6.09420598e-01 1.58082902e-01
    2.09023774e-01 6.66758001e-01 2.68898010e-01 8.63093495e-01
    1.36097938e-01 3.79940987e-01 8.74536157e-01 5.12656748e-01
    7.19427466e-01 4.89955038e-01 6.22936189e-01 4.77535725e-01
    8.55434537e-01 3.14554274e-02 3.15039515e-01 1.73590720e-01
    8.34201992e-01 3.93779695e-01 8.70457411e-01 7.08666444e-03
    7.89121866e-01 6.46312475e-01 6.20201468e-01 2.98659772e-01
    2.59423256e-01 9.16557312e-01 7.39509523e-01 6.83628678e-01
    8.49740088e-01 4.90155727e-01 2.83141881e-01 6.20361924e-01
    2.83069402e-01 5.38522840e-01 4.92680967e-02 1.91412479e-01
    3.36891502e-01 9.64811802e-01 4.27423954e-01 7.78124690e-01
    7.49956369e-01 2.34178811e-01 4.28169399e-01 1.04520172e-01
    3.68806601e-01 4.88077760e-01 5.67508340e-01 1.27398968e-01
    1.16646409e-01 3.10412169e-01 8.72707069e-02 8.66006017e-02
    7.77708054e-01 4.19146091e-01 5.54100394e-01 9.11713243e-02
    5.21473885e-02 5.64439118e-01 7.21581519e-01 9.52028036e-01
    8.99697185e-01 9.60154533e-01 2.61628509e-01 9.00800228e-01
    5.26060343e-01 9.46946442e-02 4.47044969e-01 5.38223982e-01
    9.24282432e-01 6.12583816e-01 4.24193263e-01 2.66994655e-01
    4.62142169e-01 2.88630247e-01 2.97404230e-01 4.15832758e-01
    4.34126288e-01 2.84385026e-01 8.00907254e-01 2.49097258e-01
    9.08312201e-03 1.69829637e-01 3.86925966e-01 5.43520391e-01
    8.56905758e-01 6.05019212e-01 9.47319388e-01 5.80396116e-01
    7.81086445e-01 3.56778443e-01 3.77145976e-01 9.37543809e-01
    1.09577805e-01 4.63658333e-01 9.18414474e-01 5.96441209e-01
    9.10096169e-02 7.82203674e-03 6.17285609e-01 6.33248210e-01
    2.04703212e-01 2.89847434e-01 3.27541858e-01 4.37102884e-01
    1.91759109e-01 6.88609421e-01 2.12094784e-02 8.99215162e-01
    5.53027749e-01 9.60559368e-01 4.79361892e-01 4.24918115e-01
    7.46325254e-01 5.86485744e-01 8.23785961e-01 6.93849742e-01
    4.44377333e-01 9.87708569e-03 6.09427154e-01 7.74150372e-01
    2.44980961e-01 6.87669098e-01 7.93636560e-01 9.59411085e-01
    3.58077586e-01 7.71204233e-01 4.69149023e-01 7.98339367e-01
    6.89826012e-01 8.36443067e-01 5.30935645e-01 8.46203983e-01
    6.86266005e-01 8.77548337e-01 7.77614534e-01 2.65983760e-01
    3.34454179e-01 5.21942258e-01 3.45300138e-02 9.55685735e-01
    3.30180824e-02 8.49679112e-02 7.53824353e-01 1.41265988e-03
    5.01314700e-01 1.46230161e-02 5.06220758e-01 8.80346596e-02
    1.32158786e-01 6.40988946e-02 8.32748771e-01 6.75189376e-01
    9.84969735e-01 9.64572549e-01 7.45583296e-01 5.59117794e-01
    5.68438649e-01 6.60514295e-01 9.86537933e-01 2.53969252e-01
    2.59598732e-01 4.27896440e-01 3.72306049e-01 7.84080088e-01
    5.38499355e-02 2.50580788e-01 7.87369311e-02 3.79932612e-01
    5.13603508e-01 1.60554945e-02 1.77338600e-01 6.34370387e-01
    4.98678207e-01 5.89821994e-01 2.33990461e-01 7.79290080e-01
    8.80750299e-01 5.58577180e-02 3.87399793e-02 3.65964919e-01
    7.02774644e-01 6.74598217e-02 8.79796743e-02 5.33365846e-01
    9.85561848e-01 1.14157766e-01 9.24721599e-01 8.55574667e-01
    4.90855008e-01 8.26869249e-01 6.27970219e-01 2.31438875e-02
    4.28283930e-01 5.51687241e-01 8.99150848e-01 6.01526082e-01
    7.36517489e-01 1.64611578e-01 9.12584245e-01 2.23032743e-01
    7.58692145e-01 2.06565887e-01 4.63700652e-01 6.89524651e-01
    3.76295537e-01 7.36719847e-01 2.00332612e-01 8.99441719e-01
    5.11812866e-01 4.39307094e-03 1.35956109e-01 6.44440413e-01
    8.45309019e-01 2.78976023e-01 8.45661044e-01 4.01975930e-01
    5.55274010e-01 5.29113710e-02 7.51706958e-01 1.70636535e-01
    2.12707937e-01 7.47545958e-01 9.93959010e-01 3.34779739e-01
    3.76323760e-01 3.90071124e-01 5.44452369e-02 2.17447221e-01
    6.56520367e-01 9.25965905e-01 2.90602624e-01 8.81059527e-01
    3.96124601e-01 4.59012896e-01 9.98373151e-01 8.41776013e-01
    4.17869210e-01 9.33443487e-01 1.51165664e-01 9.85840797e-01
    7.58566260e-02 1.94603324e-01 9.17475104e-01 1.43168420e-01
    2.90560007e-01 2.97731757e-01 5.52751303e-01 3.47515404e-01
    5.42837143e-01 1.01673722e-01 1.02839261e-01 3.76833618e-01
    9.36440468e-01 9.68962669e-01 8.01667571e-03 6.28992558e-01
    5.10858119e-01 2.99618751e-01 8.09126139e-01 9.66228008e-01
    1.60382956e-01 5.62758625e-01 3.97213697e-01 5.69321752e-01
    3.20184112e-01 8.82824421e-01 9.77575600e-01 2.68646866e-01
    5.16244531e-01 5.55399954e-01 5.65660477e-01 2.76632190e-01
    1.27531260e-01 2.74005681e-01 4.71021384e-01 3.31667334e-01
    4.00905311e-02 7.77900696e-01 6.59570932e-01 4.64985102e-01
    8.91361892e-01 6.04676127e-01 4.98008698e-01 9.66500640e-02
    8.96792173e-01 1.17576569e-01 5.10047436e-01 3.10241818e-01
    7.82814503e-01 6.89602673e-01 1.66329741e-02 2.39775568e-01
    5.70428312e-01 3.78337383e-01 2.16228783e-01 1.57340705e-01
    8.32396984e-01 1.87114239e-01 2.88838446e-01 1.59117550e-01
    5.84893584e-01 2.91737795e-01 9.53802168e-02 3.24221015e-01
    6.05391979e-01 7.42915928e-01 6.12026274e-01 4.83908445e-01
    7.80088663e-01 5.10164440e-01 6.69464767e-01 1.58364952e-01
    8.10814857e-01 5.20914733e-01 7.28954196e-01 8.51671398e-01
    4.59837228e-01 7.56908894e-01 8.06140304e-01 5.85670710e-01
    8.63611937e-01 9.61195230e-01 3.51450950e-01 3.13089967e-01
    9.45434272e-02 1.58241034e-01 2.70599544e-01 8.99691045e-01
    3.08186263e-01 1.01940632e-02 4.52549964e-01 5.92429936e-02
    7.43239760e-01 7.73103595e-01 2.04195917e-01 3.63096356e-01
    1.37419015e-01 8.72788608e-01 2.33336389e-01 3.54267746e-01
    2.85489351e-01 8.59080613e-01 2.60408521e-02 8.87501240e-02
    1.25842154e-01 2.17348397e-01 1.67106330e-01 3.40290576e-01
    8.00321996e-02 7.43815005e-01 1.57582194e-01 4.83908415e-01
    8.81157637e-01 1.68805718e-02 6.11162126e-01 1.54473960e-01
    7.10413814e-01 6.63662314e-01 3.48215342e-01 5.17101645e-01
    6.13927960e-01 4.34488624e-01 1.50927514e-01 8.92857552e-01
    9.99306679e-01 6.15524054e-01 6.01653576e-01 2.71534711e-01
    4.00337577e-01 4.75840867e-01 5.98687708e-01 9.24631596e-01
    8.02654982e-01 7.52436042e-01 6.92470372e-01 3.30676049e-01
    8.21833611e-01 9.06196833e-01 4.02630627e-01 9.44199264e-01
    2.49902844e-01 5.61439872e-01 7.67233074e-01 7.45223403e-01
    4.48096275e-01 6.96655571e-01 6.23594403e-01 1.61314905e-01
    5.95380306e-01 8.71315241e-01 5.22611380e-01 7.72803783e-01
    5.97166717e-01 1.01039410e-02 5.06152213e-01 2.49764293e-01
    4.57115263e-01 1.59965158e-01 2.98352659e-01 3.32699597e-01
    4.12265688e-01 3.63449007e-01 5.38235962e-01 2.82712430e-01
    9.46417928e-01 1.26280069e-01 8.15988481e-02 9.80227947e-01
    7.28310823e-01 6.79353356e-01 2.65806198e-01 1.40117586e-01
    6.03336394e-02 1.76505148e-01 1.46524131e-01 4.86022264e-01
    7.83543944e-01 3.22181046e-01 9.03236508e-01 5.27283847e-01
    8.35611582e-01 9.81877625e-01 6.32114530e-01 8.43259692e-01
    5.12763560e-01 9.77087319e-02 6.56526208e-01 9.24393952e-01
    6.61748886e-01 6.98829412e-01 3.56636107e-01 4.07057911e-01
    3.72344017e-01 9.58954096e-02 9.70255435e-01 2.80382425e-01
    8.14995408e-01 2.43863195e-01 1.78031474e-01 5.93450487e-01
    3.04670751e-01 5.13406277e-01 7.72992849e-01 7.48262882e-01
    4.92222369e-01 3.91061664e-01 6.87136412e-01 4.23489481e-01
    4.09873039e-01 6.98593676e-01 2.54698694e-01 5.64962089e-01
    4.93484885e-01 6.92142248e-02 2.22712606e-01 3.59419882e-01
    2.41116375e-01 6.55417323e-01 9.51775551e-01 4.35809702e-01
    9.10489500e-01 2.32460439e-01 6.49477601e-01 8.88510048e-01
    6.62387609e-01 3.66250098e-01 4.57353950e-01 9.90042865e-01
    3.35847855e-01 6.62160277e-01 1.87763155e-01 4.96195644e-01
    1.55544281e-02 8.22727323e-01 2.44703591e-01 8.67122769e-01
    2.33129263e-02 9.29779530e-01 6.65638208e-01 9.11835670e-01
    2.80379206e-01 1.45414203e-01 8.11541080e-01 9.97492313e-01
    5.06072581e-01 4.06349182e-01 4.00019974e-01 3.01953852e-02
    3.22066873e-01 9.15671587e-01 3.85784149e-01 6.87795460e-01
    9.43552494e-01 9.44637477e-01 8.33712339e-01 9.48220134e-01
    6.07076824e-01 5.78626096e-01 3.04198384e-01 7.82600343e-02
    8.58064055e-01 2.84446955e-01 8.67243111e-01 6.45840049e-01
    4.23261046e-01 6.35774016e-01 6.90228343e-02 9.96315002e-01
    1.55317217e-01 1.66010380e-01 4.76776659e-01 1.92048818e-01
    1.81404829e-01 6.60091639e-01 3.59216988e-01 8.19281220e-01
    8.96485746e-01 4.23612326e-01 8.66152406e-01 7.92942703e-01
    6.72418773e-02 7.16342270e-01 5.19236326e-02 1.16544902e-01
    5.35682261e-01 2.61770815e-01 6.17091775e-01 2.75432765e-02
    7.43939757e-01 3.14929843e-01 3.60206246e-01 7.30401278e-02
    2.09624171e-01 3.76004040e-01 2.66413242e-01 9.35398638e-02
    8.55051756e-01 4.46475625e-01 7.26955950e-01 6.09680653e-01
    2.31942981e-01 7.44313776e-01 2.91528851e-01 8.46804738e-01
    5.20140648e-01 2.73102820e-02 3.38820606e-01 6.61540151e-01
    8.98601890e-01 5.94082057e-01 8.06670666e-01 3.73833477e-01
    2.14345634e-01 1.40643269e-01 8.83561730e-01 1.89707190e-01
    4.71334189e-01 1.35025978e-01 7.66166687e-01 6.58758581e-02
    2.30508685e-01 7.32611239e-01 6.13685310e-01 5.25194883e-01
    5.61882854e-01 9.95373845e-01 8.86263847e-01 7.00495660e-01
    7.94472456e-01 5.67595005e-01 4.51205671e-02 2.68647164e-01
    6.38739944e-01 2.32742518e-01 1.17229879e-01 7.62001872e-01
    2.33659327e-01 4.69718158e-01 7.17460334e-01 9.87887800e-01
    9.20724869e-02 5.88322759e-01 7.43139088e-01 8.99008930e-01
    4.78678972e-01 1.27168149e-01 4.23873544e-01 9.77018774e-01
    8.19799423e-01 3.26572001e-01 9.27671850e-01 6.13152683e-01
    9.32002783e-01 3.88714224e-01 2.29635566e-01 7.32448995e-01
    9.96849895e-01 1.09115124e-01 4.88286495e-01 7.01485515e-01
    5.35634041e-01 3.07198465e-02 1.00056469e-01 6.88060820e-02
    2.73340642e-01 6.10250592e-01 9.34505463e-01 2.18231291e-01
    5.39276779e-01 6.05160594e-01 2.15257406e-02 9.41351116e-01
    2.93685079e-01 6.33386552e-01 6.14314914e-01 4.23987180e-01
    5.98461926e-01 4.28589672e-01 2.59822577e-01 9.62871790e-01
    4.57664162e-01 6.22319937e-01 6.41334355e-02 6.12111926e-01
    4.26045150e-01 7.14225829e-01 1.69509828e-01 1.53260529e-01
    2.36071229e-01 7.89072275e-01 8.92649293e-01 5.45604765e-01
    3.96476895e-01 9.33976412e-01 2.96195209e-01 2.90059477e-01
    9.69438076e-01 8.52457404e-01 1.31448209e-02 2.75187492e-01
    9.87824321e-01 7.55263448e-01 4.80532855e-01 9.72493172e-01
    1.54841602e-01 7.10189641e-01 7.89141536e-01 9.17966843e-01
    7.63501167e-01 4.74107057e-01 2.79812366e-01 9.97713029e-01
    4.15390402e-01 5.71533501e-01 3.98322195e-01 6.22500777e-01
    3.94808948e-01 4.88083869e-01 8.53104591e-01 3.74200702e-01
    5.73208869e-01 3.13317388e-01 3.17543775e-01 7.17645288e-01
    8.87989998e-01 7.09607601e-01 5.17130256e-01 2.36715645e-01
    5.18026590e-01 9.02906656e-01 8.28031182e-01 8.33411574e-01
    2.03831345e-01 7.93720722e-01 2.57848024e-01 1.16539776e-01
    5.01909196e-01 4.36036170e-01 9.16872382e-01 8.40805829e-01
    2.88120985e-01 3.95929217e-02 6.67514265e-01 9.59338903e-01
    2.91973114e-01 8.51478696e-01 5.62187612e-01 9.21624780e-01
    5.42714715e-01 3.78621370e-01 6.30670607e-01 6.00668192e-01
    7.00560868e-01 8.49596858e-01 2.72250384e-01 6.33601189e-01
    7.06208467e-01 6.71402216e-01 1.76531285e-01 3.86491120e-02
    5.84586263e-01 1.94608152e-01 6.79448664e-01 4.53287721e-01
    1.37207121e-01 4.21098292e-01 9.76707697e-01 3.27198744e-01
    6.76995516e-03 6.33537769e-03 5.28265119e-01 9.83601093e-01
    7.71106422e-01 7.27033317e-01 7.06731856e-01 7.05996394e-01
    6.40046179e-01 7.96546400e-01 7.40741313e-01 3.28552604e-01
    9.08769131e-01 7.50578821e-01 3.74077260e-01 3.19173753e-01
    7.86644697e-01 2.16681093e-01 2.61306733e-01 7.57644355e-01
    9.60042000e-01 6.14750683e-01 9.79990363e-01 4.96598780e-02
    7.02326775e-01 6.85651541e-01 8.45321298e-01 9.32553768e-01
    5.32053590e-01 3.84214342e-01 9.31821108e-01 8.92066717e-01
    6.18699491e-01 9.86012101e-01 8.10790777e-01 7.43998289e-01
    9.16368127e-01 5.17216802e-01 4.15203243e-01 1.42805248e-01
    6.28960729e-01 5.73262572e-01 8.63080978e-01 7.07415521e-01
    4.44930464e-01 2.80974925e-01 4.71330881e-01 5.88307679e-02
    3.87407213e-01 2.63933301e-01 9.89580750e-02 1.87710553e-01
    9.83088613e-01 1.85582340e-02 7.43493199e-01 7.03384459e-01
    3.19242120e-01 1.80273950e-02 9.58868384e-01 1.29117191e-01
    1.13666147e-01 2.13180661e-01 6.31655455e-01 6.50047541e-01
    1.14561647e-01 2.20539957e-01 8.03358436e-01 8.49235058e-01
    2.83984423e-01 3.20341587e-01 5.35518348e-01 5.43735504e-01
    9.13488269e-01 7.73603022e-01 8.41324270e-01 5.13690174e-01
    3.90247345e-01 6.24074936e-01 8.75061691e-01 9.43617702e-01
    4.00409907e-01 7.93867707e-02 5.53175569e-01 4.66132641e-01
    2.59712756e-01 8.18746209e-01 5.70363641e-01 3.49620283e-01
    2.38761067e-01 5.32337368e-01 4.35540915e-01 5.34146190e-01
    3.01261365e-01 2.42525101e-01 2.86149919e-01 4.54067588e-02
    3.26547623e-01 9.65528727e-01 8.50853086e-01 2.56762445e-01
    1.47681296e-01 9.29387927e-01 2.01973796e-01 6.44084930e-01
    4.38910753e-01 9.98621345e-01 9.89701450e-02 9.20525193e-03
    8.80296230e-01 7.82583714e-01 4.21777785e-01 3.91338795e-01
    4.03205514e-01 7.45577395e-01 9.55432892e-01 2.92085946e-01
    2.31449068e-01 8.44149888e-02 5.53585172e-01 7.38455296e-01
    9.70891118e-01 3.44070494e-02 8.24256301e-01 9.27752256e-03
    9.88340497e-01 9.01816547e-01 9.60678935e-01 6.88169003e-01
    9.99098420e-01 7.41527557e-01 7.43980646e-01 1.05893999e-01
    9.95800138e-01 1.93670392e-01 8.72002840e-01 8.06647539e-02
    1.19878560e-01 2.58721054e-01 7.40702212e-01 2.26074517e-01
    3.12089801e-01 5.86258411e-01 6.48357928e-01 5.45006454e-01
    9.39414501e-02 2.72819519e-01 9.75151777e-01 3.67591500e-01
    2.01926440e-01 7.72167683e-01 5.11547744e-01 4.73518103e-01
    2.38170803e-01 8.02867889e-01 3.17719281e-01 8.12955320e-01
    4.48333889e-01 4.46525514e-01 8.81407082e-01 4.24067467e-01
    1.68040007e-01 3.60053807e-01 5.29483616e-01 2.68348694e-01
    1.33715242e-01 5.84040403e-01 2.03704357e-01 6.96410060e-01
    4.72800583e-01 3.85458767e-01 7.64522314e-01 5.63279450e-01
    4.92015451e-01 1.34229004e-01 9.71374154e-01 7.34139681e-02
    2.94771671e-01 6.92167401e-01 3.40443015e-01 8.40229511e-01
    6.26922846e-02 6.21555746e-01 3.52502048e-01 1.92482591e-01
    2.18014449e-01 3.94915372e-01 7.40502477e-02 9.98123586e-02
    5.60160697e-01 5.60197234e-01 8.99414420e-02 9.47572768e-01
    6.19344711e-01 6.66423917e-01 3.55097592e-01 4.41180766e-01
    7.79797554e-01 1.64072424e-01 2.74115026e-01 2.83524483e-01
    8.48374724e-01 1.56645745e-01 1.61518276e-01 1.53749108e-01
    8.47564995e-01 7.08339989e-01 1.77253634e-01 1.04552448e-01
    2.38851905e-02 1.71701342e-01 7.52992868e-01 9.34340298e-01
    5.16502619e-01 9.94655848e-01 1.04708076e-02 3.25465739e-01
    9.27122831e-01 4.72501636e-01 7.77427793e-01 9.43811536e-01
    3.69675577e-01 4.39063907e-02 9.36930180e-01 7.81480074e-01
    2.78052866e-01 5.75888991e-01 8.96512389e-01 5.20464778e-02
    6.97278321e-01 3.38023573e-01 5.79874516e-01 5.80211878e-01
    6.52523637e-01 9.49049115e-01 3.02273333e-01 9.03934717e-01
    4.00618613e-02 5.38205504e-02 6.72492564e-01 9.78874207e-01
    6.34082258e-01 9.29575562e-01 5.58037758e-01 2.37056226e-01
    2.79620171e-01 3.93906653e-01 4.88985389e-01 8.45724463e-01
    7.52478242e-01 9.60442424e-03 9.37120080e-01 7.38844275e-02
    7.29351819e-01 9.74921227e-01 4.20033038e-02 8.39737952e-01
    1.60608888e-02 3.86370897e-01 9.06939328e-01 7.60815442e-01
    7.84660578e-01 9.13921714e-01 7.73578525e-01 9.85922933e-01
    7.59936810e-01 9.45393264e-01 7.33128488e-02 8.73306036e-01
    4.19238895e-01 7.72723734e-01 8.14712405e-01 3.72139096e-01
    5.58442056e-01 4.45251852e-01 1.31641984e-01 8.53131711e-01
    1.10768080e-01 9.89072025e-01 8.59322548e-01 6.74858689e-03
    7.55296767e-01 3.00397277e-01 5.00485897e-01 7.82125950e-01
    1.15553916e-01 8.06534767e-01 7.96436191e-01 7.80449152e-01
    4.73466873e-01 4.71148938e-01 6.66051507e-02 6.96017325e-01
    9.91194367e-01 5.09642363e-02 8.14410686e-01 1.72763139e-01
    9.60769951e-01 2.29397625e-01 8.17205787e-01 7.41048932e-01
    7.19002247e-01 5.43203712e-01 4.14149582e-01 6.44687653e-01
    3.68184835e-01 1.80580705e-01 7.75071025e-01 3.61036539e-01
    2.02851564e-01 8.11540365e-01 4.75607008e-01 9.13029730e-01
    2.13640183e-01 6.50409460e-01 6.19465828e-01 9.07230616e-01
    6.05022967e-01 2.35178709e-01 1.36148870e-01 5.92414975e-01
    2.58917958e-01 5.85225880e-01 7.89541483e-01 8.61381114e-01
    5.59959769e-01 1.69456333e-01 1.42938137e-01 3.42549682e-02
    5.62136352e-01 3.96850497e-01 8.18139732e-01 9.01529908e-01
    6.73012853e-01 7.21370935e-01 3.59148920e-01 2.96198010e-01
    8.51926208e-01 9.71745253e-02 9.17425036e-01 9.39387321e-01
    5.32277763e-01 7.19292283e-01 1.56905115e-01 2.17477739e-01
    4.70390230e-01 8.57044160e-02 4.34835225e-01 3.72065574e-01
    8.59523416e-01 9.89912391e-01 7.80468762e-01 9.68420804e-02
    8.00482154e-01 2.09180534e-01 6.12563610e-01 5.20117998e-01
    7.70841062e-01 6.98681831e-01 4.83376831e-01 8.37484777e-01
    8.44530940e-01 2.36414373e-02 7.03106225e-01 1.65268779e-01
    8.81025493e-01 9.82331097e-01 3.32936764e-01 5.99855304e-01
    2.68479824e-01 7.51184642e-01 2.58639753e-01 1.40608847e-02
    3.50721121e-01 5.36399364e-01 5.42663336e-01 6.60429239e-01
    3.84990603e-01 1.64880753e-01 3.00820053e-01 5.25088549e-01
    7.72826910e-01 1.27876788e-01 9.98028398e-01 9.56262469e-01
    5.50061524e-01 2.87180901e-01 4.40610647e-01 1.60456687e-01
    1.56701326e-01 6.88223362e-01 5.80286920e-01 1.32189423e-01
    1.72454864e-01 2.01798558e-01 3.14866960e-01 6.71808839e-01
    1.97043002e-01 4.57180440e-01 4.65676785e-02 7.61881948e-01
    8.91761065e-01 4.94713366e-01 1.02513820e-01 5.61642706e-01
    7.40150452e-01 2.85897970e-01 5.31845689e-02 2.98337996e-01
    8.33138466e-01 1.00986928e-01 6.58286929e-01 8.20823312e-02
    8.53626609e-01 7.76664972e-01 8.62053514e-01 8.69277120e-01
    1.46045357e-01 9.05527413e-01 5.94439805e-01 2.43892610e-01
    4.01471585e-01 4.38348562e-01 7.76605487e-01 4.40957546e-02
    5.48555493e-01 1.95568591e-01 8.49086881e-01 8.67529809e-02
    3.95415634e-01 8.83933067e-01 3.78429234e-01 7.16099083e-01
    6.09950125e-01 3.24683785e-02 4.86114651e-01 7.94418216e-01
    4.34198767e-01 7.22554624e-02 6.85131073e-01 7.87711382e-01
    5.85560381e-01 7.13677108e-02 4.26166475e-01 8.84934008e-01
    3.81219178e-01 9.71048117e-01 3.66665900e-01 7.78369665e-01
    4.94856179e-01 3.44235718e-01 1.49238080e-01 4.16963875e-01
    8.46959710e-01 2.33660221e-01 6.28903449e-01 3.46928895e-01
    5.47877491e-01 9.24846709e-01 1.81348711e-01 6.74581826e-01
    8.18703651e-01 5.83078027e-01 3.11378717e-01 7.60938764e-01
    5.00474513e-01 5.74114561e-01 1.25003219e-01 9.80558753e-01
    1.29376978e-01 9.58886862e-01 5.75349987e-01 7.41571963e-01
    9.40826535e-03 6.03022933e-01 4.60423052e-01 7.09173679e-02
    9.81074333e-01 8.30271363e-01 1.08243495e-01 7.78357625e-01
    5.92785537e-01 5.72860718e-01 6.57683969e-01 8.31065655e-01
    5.00892162e-01 3.38238418e-01 7.32125521e-01 6.83123350e-01
    4.33025718e-01 5.79114497e-01 4.96371090e-01 5.82330346e-01
    2.23808438e-01 1.95431501e-01 9.53239202e-01 9.32368994e-01
    9.49302912e-02 8.08516622e-01 9.14107203e-01 6.44191325e-01
    1.35294020e-01 5.35121083e-01 7.13130891e-01 7.74057686e-01
    2.54581511e-01 5.60856164e-02 4.81564313e-01 6.12567484e-01
    5.75080216e-01 7.45663226e-01 3.09860528e-01 8.23266804e-02
    9.95601654e-01 3.73734295e-01 3.23661625e-01 7.12372124e-01
    8.29659879e-01 4.86633688e-01 5.59432089e-01 2.74767160e-01
    3.80403489e-01 7.52647281e-01 4.35619324e-01 4.88262177e-02
    7.46089280e-01 8.31922889e-01 6.71526492e-01 7.95719862e-01
    5.94592571e-01 4.44107205e-01 1.01813972e-02 1.50664091e-01
    1.02406710e-01 4.03019190e-01 8.88772309e-02 1.13982916e-01
    6.16510093e-01 9.01710153e-01 6.86477363e-01 1.22951746e-01
    6.57732189e-01 6.76916003e-01 9.83006716e-01 3.72570604e-01
    1.48622692e-02 6.32438719e-01 8.31811726e-02 3.67550313e-01
    3.19595039e-02 8.07266235e-02 2.89614022e-01 9.51669097e-01
    2.86580443e-01 5.78090668e-01 3.62316668e-01 9.44825768e-01
    6.37198567e-01 5.47467470e-01 9.02148962e-01 4.09746170e-03
    9.36829448e-02 2.49613881e-01 7.45906234e-02 9.88464415e-01
    8.90629530e-01 5.98728657e-05 7.19787657e-01 9.71538424e-01
    7.96929002e-01 5.91890335e-01 6.30854011e-01 1.11250937e-01
    8.34003806e-01 5.58283567e-01 3.89725924e-01 5.59844017e-01
    4.37277317e-01 4.57586914e-01 5.48380852e-01 1.13987207e-01
    2.22099066e-01 9.24047947e-01 1.37914628e-01 4.95644689e-01
    8.06751609e-01 1.44527853e-02 2.47612864e-01 8.93035173e-01
    3.48203927e-01 2.94230342e-01 8.15321267e-01 6.44435763e-01
    4.96412963e-01 7.39576161e-01 7.04883337e-01 1.85567737e-02
    1.02559686e-01 6.00976288e-01 4.51521218e-01 3.36483538e-01
    1.82692707e-01 5.88676810e-01 5.87559938e-02 7.28687763e-01
    8.78515363e-01 5.68046331e-01 8.13732386e-01 7.79593289e-01
    1.34537101e-01 8.76715481e-01 3.04983854e-01 1.26541078e-01
    5.38703620e-01 6.69359207e-01 7.40881681e-01 4.67661947e-01
    4.24716085e-01 8.42008114e-01 3.13877940e-01 9.36844945e-01
    3.37578475e-01 7.01638222e-01 8.44261587e-01 2.05325484e-01
    4.90317494e-01 3.55960011e-01 7.79744685e-02 6.32865310e-01
    7.36313999e-01 4.77303147e-01 8.70698810e-01 7.38783240e-01
    7.86629200e-01 3.49807143e-02 3.58181179e-01 6.36826277e-01
    9.87734556e-01 1.77246422e-01 7.18113184e-01 2.16239095e-02
    2.22327232e-01 8.78271699e-01 9.89717185e-01 1.34647518e-01
    9.19422150e-01 6.85970664e-01 5.78745961e-01 4.24126983e-02
    7.34590292e-01 7.51828790e-01 7.28918433e-01 6.63359165e-01
    7.78763533e-01 3.51860940e-01 2.57327586e-01 9.98511672e-01
    1.46047831e-01 9.13446069e-01 9.27553654e-01 2.88569629e-02
    1.75275803e-02 5.37247062e-01 6.58724189e-01 7.29193985e-01
    5.22042155e-01 4.93419826e-01 9.49805856e-01 1.99554741e-01
    7.05747306e-02 3.42010736e-01 9.82871532e-01 2.08534420e-01
    8.74063373e-01 4.04414803e-01 2.61847198e-01 5.21014929e-01
    6.66160464e-01 8.12173128e-01 7.41468728e-01 9.02733684e-01
    1.01418704e-01 3.47202331e-01 3.48107845e-01 8.98934305e-01
    9.43446636e-01 3.42396975e-01 4.63576406e-01 2.95681924e-01
    9.72102284e-02 6.94067955e-01 4.33565021e-01 9.82698441e-01
    2.51158834e-01 4.03165281e-01 8.40351641e-01 5.54935694e-01
    7.02203810e-02 4.62458521e-01 7.76648045e-01 5.89551091e-01
    8.97376895e-01 7.80630350e-01 2.64839917e-01 6.45328403e-01
    6.38329625e-01 6.27180815e-01 4.08727884e-01 3.00511718e-01
    2.41959691e-02 1.19621158e-02 3.40184212e-01 3.50401372e-01
    8.76630187e-01 5.27386606e-01 7.71202445e-02 6.74991310e-02
    4.12685722e-01 5.23566425e-01 6.41870081e-01 2.94454098e-02
    5.24019539e-01 2.32080936e-01 3.49264562e-01 5.08448005e-01
    6.41037166e-01 6.16255045e-01 3.07501107e-01 6.13455176e-02
    7.44630158e-01 1.11097872e-01 7.61002839e-01 8.77277136e-01
    6.72119021e-01 8.23756099e-01 7.85363913e-01 7.49471486e-02
    1.93034172e-01 8.61262441e-01 9.38795328e-01 5.73193729e-02
    6.54031396e-01 1.02148980e-01 9.74724293e-01 7.84475803e-02
    3.85331094e-01 4.18888330e-02 9.85594928e-01 9.93079901e-01
    1.54781491e-01 7.49335110e-01 4.79088485e-01 6.24341667e-02
    4.73622650e-01 5.28398693e-01 2.59569049e-01 3.26176643e-01
    5.64420879e-01 3.08369845e-01 8.23847890e-01 4.12502885e-01
    6.67543650e-01 4.51437801e-01 5.15159249e-01 7.32436597e-01
    5.26960552e-01 2.05737740e-01 1.05099350e-01 3.44550014e-01
    1.52011901e-01 9.98935103e-01 8.80190551e-01 7.34729826e-01
    7.20934033e-01 9.28169012e-01 2.71934211e-01 9.24521804e-01
    3.69837344e-01 6.59681916e-01 3.84274662e-01 3.58597279e-01
    2.91828394e-01 7.20677853e-01 5.38804650e-01 3.27594399e-01
    8.80397439e-01 1.25544727e-01 8.29917550e-01 1.63099647e-01
    1.96354240e-01 7.94972658e-01 8.59133065e-01 3.51900280e-01
    1.45545989e-01 8.78563285e-01 1.66469276e-01 3.66288483e-01
    3.73485982e-01 9.50857937e-01 1.62830800e-01 5.49994469e-01
    2.02448487e-01 8.09122622e-01 4.17392612e-01 2.48580575e-02
    4.59366441e-01 4.88903075e-01 7.86382556e-01 5.62704206e-01
    8.15783978e-01 7.00741768e-01 9.02664185e-01 3.88824254e-01
    6.79734349e-02 9.38616872e-01 8.63929331e-01 4.94398773e-01
    5.19341469e-01 9.80554402e-01 4.05660391e-01 8.12360644e-01
    6.01487935e-01 2.76693344e-01 7.19776511e-01 9.97563779e-01
    5.66650808e-01 2.35288441e-01 6.96751237e-01 3.68959785e-01
    2.53052175e-01 2.82590479e-01 2.51138419e-01 7.08245933e-01
    4.22006547e-01 9.61558700e-01 1.19126707e-01 9.74642038e-01
    8.22013497e-01 6.96521103e-02 8.46481919e-02 9.99036193e-01
    3.51866990e-01 9.95842278e-01 1.26847863e-01 6.30733967e-01
    1.35043561e-02 8.55596662e-01 8.50329876e-01 6.74434245e-01
    4.56092060e-01 6.68782592e-01 2.68334448e-02 3.08785617e-01
    7.41523266e-01 4.54319656e-01 6.78685308e-01 5.49632013e-02
    3.03605020e-01 5.86967170e-02 6.93634510e-01 9.38042045e-01
    3.54366958e-01 6.54414415e-01 8.33492279e-01 6.86940551e-01
    7.39414215e-01 4.77387577e-01 5.75189054e-01 2.84331948e-01
    9.89898324e-01 9.97231960e-01 8.96270573e-01 8.64713192e-01
    2.84289241e-01 4.39073175e-01 4.62766856e-01 9.32919681e-01
    3.02826643e-01 8.29821587e-01 8.53615701e-02 8.94062996e-01
    9.51468170e-01 6.47286892e-01 8.95495653e-01 3.52634788e-01
    4.16805446e-01 6.06033325e-01 3.36013377e-01 9.52675402e-01
    3.58878076e-02 1.78565621e-01 2.44447529e-01 7.44180799e-01
    1.11626089e-01 3.39272976e-01 6.10086083e-01 2.75623858e-01
    3.76165539e-01 2.18073577e-01 9.87186253e-01 2.68409669e-01
    1.21035755e-01 5.66728294e-01 1.51296794e-01 8.99468064e-02
    3.52312922e-01 5.10271490e-01 6.79949522e-01 3.20685655e-01
    5.23323238e-01 4.79815036e-01 9.62100387e-01 7.73420036e-02
    7.33608007e-01 2.82133818e-01 3.88865471e-01 5.94220161e-01
    9.22228694e-01 4.07596827e-02 5.72923422e-01 9.64189410e-01
    1.51731670e-02 4.54202890e-02 9.36325550e-01 9.00481582e-01
    9.37082827e-01 8.81851554e-01 1.97150141e-01 7.29453504e-01
    5.09194195e-01 7.57730901e-02 5.02719104e-01 2.77411163e-01
    2.27778286e-01 9.50275123e-01 3.63467634e-01 6.47816658e-01
    1.60039693e-01 3.85834396e-01 4.13487554e-01 8.58532250e-01
    3.04269731e-01 5.51805377e-01 8.64377975e-01 6.31905258e-01
    5.69978893e-01 6.97351933e-01 5.11273563e-01 7.20283747e-01
    8.85590911e-03 1.49624735e-01 3.66353989e-03 4.07452911e-01
    8.17990720e-01 5.04383922e-01 3.64266276e-01 1.48918509e-01
    9.03029621e-01 4.95132387e-01 6.24271512e-01 8.79441202e-01
    2.68677175e-02 9.85677838e-02 7.61636734e-01 2.01835960e-01
    1.97757393e-01 7.89889276e-01 6.57639265e-01 2.68319249e-03
    2.94267684e-01 9.39221501e-01 3.50846648e-02 6.32041514e-01
    8.48645806e-01 6.90171838e-01 1.29185349e-01 1.11852199e-01
    1.38983130e-03 9.86183465e-01 7.75628209e-01 2.11715937e-01
    7.80546963e-01 2.28874326e-01 3.89057994e-02 4.92556989e-01
    3.61786127e-01 6.57533348e-01 9.59584117e-01 5.39455891e-01
    8.31228435e-01 6.54636919e-01 8.13224316e-01 3.97289932e-01
    3.46204698e-01 2.25766927e-01 4.06373262e-01 3.12023044e-01
    2.90785491e-01 6.03966236e-01 5.44124782e-01 5.40803671e-01
    3.61357957e-01 4.27720845e-01 7.85158873e-01 6.62618876e-01
    4.82762277e-01 1.44723177e-01 6.41214728e-01 1.25676155e-01
    8.04002285e-02 8.59091461e-01 9.51164007e-01 7.52789140e-01
    1.30308270e-02 3.29876006e-01 1.10605866e-01 8.08446825e-01
    4.37466800e-01 7.42664695e-01 2.19548672e-01 8.88592720e-01
    5.80046535e-01 5.22347271e-01 8.99176359e-01 1.81267440e-01
    6.15022719e-01 2.96536177e-01 4.02970076e-01 7.97061682e-01
    7.54952550e-01 1.82387680e-01 9.95186806e-01 7.78810620e-01
    7.97038496e-01 4.33679312e-01 9.53918219e-01 3.68376017e-01
    4.60060656e-01 3.44616354e-01 8.68571758e-01 6.71559274e-02
    8.64451051e-01 7.51228869e-01 5.29165387e-01 2.91755050e-01
    2.99018264e-01 8.27881336e-01 1.58628523e-02 7.07373261e-01
    4.67127204e-01 5.60411811e-03 1.44309193e-01 1.95283622e-01
    5.68894148e-01 9.61094856e-01 7.34165847e-01 6.85982049e-01
    2.71696091e-01 6.31631553e-01 9.01724219e-01 1.66195750e-01
    5.55520892e-01 8.25996757e-01 2.24602222e-03 3.69955391e-01
    5.71597695e-01 6.90365255e-01 8.81729007e-01 9.54086483e-02
    4.29209232e-01 8.05319726e-01 8.84669662e-01 1.67291611e-01
    2.73764491e-01 3.16596329e-02 6.53257489e-01 4.92475033e-02
    2.77019441e-02 6.50822103e-01 4.58260745e-01 4.15461689e-01
    7.90948391e-01 3.47411573e-01 1.74092591e-01 3.66298139e-01
    7.34477520e-01 7.76335537e-01 2.12171972e-02 1.88450217e-02
    4.02971357e-01 5.46455145e-01 6.87383711e-01 1.31447673e-01
    1.69622242e-01 3.28834385e-01 6.03926957e-01 7.10841000e-01
    5.36222219e-01 5.59015572e-01 9.36215878e-01 8.62612486e-01
    9.40234303e-01 9.81319666e-01 5.97981572e-01 1.56560898e-01
    6.03784502e-01 9.19329286e-01 9.74680305e-01 5.26750028e-01
    6.89261198e-01 5.71070910e-02 5.97917497e-01 1.48234367e-01
    9.68389630e-01 6.45064592e-01 8.80578160e-01 2.32891917e-01
    7.60277033e-01 2.81698406e-02 6.75910473e-01 7.61922598e-01
    4.59480911e-01 6.98701978e-01 1.11515105e-01 9.82847095e-01
    9.50171769e-01 2.04904884e-01 4.89707857e-01 6.70929313e-01
    3.12696576e-01 3.32701564e-01 5.97139120e-01 9.42229927e-01
    2.40130723e-02 8.88691425e-01 8.80501628e-01 9.40044224e-01
    5.35840452e-01 8.70801806e-01 4.12663639e-01 2.61407077e-01
    1.96427107e-03 2.71321177e-01 1.68361396e-01 9.04234350e-01
    4.43291664e-02 1.42620742e-01 2.94005334e-01 3.10189128e-02
    1.94715559e-01 2.95175433e-01 2.98483789e-01 7.08880544e-01
    4.15164977e-01 3.35993826e-01 1.86425507e-01 3.68022382e-01
    8.88192892e-01 4.58803743e-01 8.52914453e-02 6.20714247e-01
    2.32594848e-01 3.54950607e-01 7.27467120e-01 3.44510615e-01
    6.03457510e-01 6.79509580e-01 5.09022892e-01 7.14164615e-01
    9.32062984e-01 8.74517977e-01 8.34043503e-01 8.73572648e-01
    4.51015979e-01 5.18778563e-02 5.78176081e-01 8.03227544e-01
    9.69674945e-01 4.18394446e-01 8.94536853e-01 3.98782670e-01
    8.69122267e-01 5.50402105e-02 9.10702229e-01 5.93625247e-01
    7.51320481e-01 8.30699205e-01 1.03713751e-01 6.66625798e-01
    4.93101776e-01 9.90375042e-01 9.39211011e-01 1.57245904e-01
    1.71360672e-01 9.99626637e-01 2.47041643e-01 6.51633441e-01
    3.10684323e-01 8.06270957e-01 1.78929180e-01 8.62980485e-01
    6.51071191e-01 4.60968941e-01 7.45691955e-01 3.02536190e-01
    5.84738851e-01 4.06058788e-01 3.29276919e-01 8.11545610e-01
    7.51502216e-01 5.68942249e-01 1.63592041e-01 3.45338404e-01
    1.26203239e-01 7.59879410e-01 3.41906846e-02 7.24094748e-01
    5.78100622e-01 2.58410156e-01 1.61401391e-01 1.21716619e-01
    6.12226665e-01 7.54043937e-01 8.74435782e-01 7.57253826e-01
    3.65993142e-01 5.20685792e-01 7.65742421e-01 5.00511706e-01
    5.05559385e-01 5.62470794e-01 6.22260869e-01 3.41784060e-02
    2.19959289e-01 9.52173233e-01 3.34697247e-01 7.40710735e-01
    5.54510474e-01 5.30821145e-01 5.28657138e-01 7.48471916e-01
    1.78603947e-01 2.36962050e-01 2.11305439e-01 2.13434994e-01
    5.89839339e-01 7.04263330e-01 4.28982973e-02 8.23424339e-01
    6.72177494e-01 9.47222292e-01 8.73739481e-01 7.91435778e-01
    4.56951976e-01 7.03871369e-01 2.43825525e-01 4.64138508e-01
    6.31737351e-01 4.36407745e-01 8.22104156e-01 6.71681523e-01
    8.96896005e-01 2.70915866e-01 8.69515896e-01 5.96869886e-02
    1.25493407e-02 9.90038812e-01 4.32772458e-01 1.97578639e-01
    2.04944342e-01 9.90198851e-02 8.96190047e-01 8.17089677e-02
    2.67178416e-01 6.49557352e-01 5.81014931e-01 3.62518430e-02
    6.11249030e-01 3.32045436e-01 1.01104707e-01 3.18650365e-01
    8.94154310e-02 3.27636927e-01 7.48702466e-01 9.94228959e-01
    5.55760622e-01 8.30575049e-01 6.37456179e-01 4.06314880e-01
    2.44082093e-01 3.24280411e-01 5.49840808e-01 3.98135364e-01
    3.62567425e-01 6.55056596e-01 7.45990276e-01 8.11496258e-01
    4.38289940e-02 4.86261338e-01 4.07931805e-02 9.42091465e-01
    8.72215867e-01 8.69705200e-01 6.12191379e-01 7.96059966e-02
    7.52437174e-01 8.51232588e-01 9.19228792e-03 3.02465856e-02
    3.03965420e-01 3.28902662e-01 1.22760385e-01 3.15344185e-01
    8.04066896e-01 2.74620593e-01 1.19076103e-01 8.50295544e-01
    3.12145591e-01 9.72238183e-03 4.90735024e-01 4.58707213e-01
    2.16431051e-01 9.36303437e-01 2.33818322e-01 5.78562737e-01
    7.04542220e-01 2.73439765e-01 5.09268939e-01 4.32356417e-01
    5.40220141e-01 7.81071186e-01 2.34443605e-01 8.96978259e-01
    5.12824893e-01 8.67246389e-02 3.95744324e-01 8.14963341e-01
    5.38603961e-01 4.59890544e-01 4.19153303e-01 8.42714667e-01
    9.89118576e-01 5.27962327e-01 2.54808784e-01 2.09059477e-01
    1.07547939e-01 1.73096389e-01 9.69792962e-01 5.56381404e-01
    2.18257546e-01 1.82025373e-01 5.90322137e-01 7.03332484e-01
    5.62674761e-01 9.99779224e-01 3.07511866e-01 5.18292546e-01
    1.73919439e-01 1.47393584e-01 9.01476502e-01 4.66014385e-01
    5.61192811e-01 2.33595461e-01 8.74001086e-02 1.68815345e-01
    7.59186029e-01 2.32699096e-01 9.74941850e-01 4.80087101e-02
    4.53142226e-01 8.78236353e-01 9.55831409e-01 1.52465045e-01
    3.72521877e-01 5.48146069e-01 8.41342449e-01 6.00592315e-01
    5.81932008e-01 6.72400951e-01 6.15992904e-01 4.62122291e-01
    8.98054004e-01 6.93074048e-01 7.33128309e-01 2.45300472e-01
    5.10351241e-01 3.87765527e-01 6.04997158e-01 8.48933578e-01
    4.97070760e-01 8.23287368e-02 4.46968794e-01 2.68782556e-01
    7.03358650e-01 5.84055424e-01 6.67356312e-01 1.80067927e-01
    4.33798492e-01 2.90347159e-01 3.79555255e-01 8.28936815e-01
    3.48923206e-01 1.45104468e-01 1.36901498e-01 9.53746259e-01
    1.91828668e-01 3.88868719e-01 3.34231079e-01 2.82348007e-01
    2.54553437e-01 5.03753126e-01 4.78439271e-01 1.83542818e-01
    8.26766670e-01 2.89326787e-01 4.37837929e-01 8.29787970e-01
    9.56752777e-01 1.55084670e-01 7.94042766e-01 8.40516448e-01
    3.20113242e-01 1.67460948e-01 4.74173397e-01 9.82653499e-01
    3.58137578e-01 4.31432545e-01 9.13952291e-02 2.42946357e-01
    6.10202551e-02 5.30677080e-01 8.04226637e-01 8.21811795e-01
    7.06363916e-01 1.82370275e-01 2.53743112e-01 3.09472054e-01
    5.06157756e-01 2.33550012e-01 9.30413544e-01 7.96951294e-01
    8.19150448e-01 1.09958202e-01 1.99682981e-01 3.12691092e-01
    7.90569782e-01 3.69491875e-01 8.05746555e-01 2.63041079e-01
    8.03730369e-01 9.73717272e-01 7.13806450e-01 4.94828522e-01
    1.52664512e-01 1.11539572e-01 7.30454564e-01 3.49266112e-01
    6.83522224e-03 8.83295178e-01 5.57895184e-01 4.22294438e-02
    2.71873534e-01 3.38669568e-01 1.34711862e-02 9.01344299e-01
    3.02417874e-01 9.08712506e-01 8.92858386e-01 9.51672673e-01
    6.66621447e-01 5.69991231e-01 8.95732045e-01 2.46021569e-01
    7.68284559e-01 1.98306084e-01 4.54720765e-01 7.72263765e-01
    9.01234865e-01 7.35670865e-01 4.96779978e-02 6.76750064e-01
    4.24533784e-01 5.03381014e-01 2.04854965e-01 7.18238592e-01
    5.87957382e-01 8.04445744e-01 7.06480443e-01 1.10772103e-01
    9.55208957e-01 2.71896839e-01 3.41706872e-01 9.79495764e-01
    3.06950212e-01 1.48670673e-02 2.56739438e-01 6.73317313e-01
    4.95541006e-01 2.52372980e-01 5.54408371e-01 3.65542144e-01
    1.52781695e-01 8.38097394e-01 8.62699151e-01 2.28772819e-01
    6.57288909e-01 9.71333385e-02 5.82771897e-02 2.70951331e-01
    3.20014298e-01 5.62620699e-01 4.43373114e-01 7.79910207e-01
    6.85342550e-01 5.79340816e-01 4.12578911e-01 3.11808765e-01
    3.06360364e-01 3.71482253e-01 3.41302454e-02 3.67539853e-01
    2.55173802e-01 5.39057493e-01 2.46068507e-01 1.07158393e-01
    4.42973703e-01 3.78956825e-01 3.27244729e-01 3.95122081e-01
    8.74663234e-01 8.15510094e-01 3.46611381e-01 3.71781409e-01
    5.29942393e-01 2.75506794e-01 3.32458913e-02 7.09666133e-01
    2.89920986e-01 1.82048082e-01 3.31086099e-01 9.06262040e-01
    7.48682976e-01 7.40589499e-01 8.46272826e-01 1.49191171e-01
    6.75963879e-01 3.67263913e-01 9.23490763e-01 1.52652293e-01
    8.88666034e-01 8.58640432e-01 8.05346370e-01 9.19282913e-01
    5.16212285e-02 8.78900290e-01 6.66467071e-01 5.36338747e-01
    1.24777526e-01 7.50448227e-01 7.15666413e-01 5.76638937e-01
    9.32159543e-01 3.43055546e-01 5.62020540e-02 5.97439051e-01
    1.68719262e-01 2.04086840e-01 2.05016673e-01 2.09228247e-01
    7.28766263e-01 8.77909005e-01 4.55273986e-02 1.43018663e-01
    1.55843079e-01 5.60155272e-01 4.43869263e-01 9.93339539e-01
    5.31139791e-01 5.91784239e-01 1.00299716e-03 2.22806275e-01
    2.53064632e-01 9.82484877e-01 4.25677359e-01 8.60874295e-01
    9.72165465e-01 5.28011084e-01 9.63599443e-01 2.95457900e-01
    5.63813865e-01 3.08883727e-01 2.76262105e-01 1.94464087e-01
    2.22086102e-01 8.74126852e-01 3.61778706e-01 7.95987844e-02
    3.25958431e-02 2.91343749e-01 7.63839602e-01 8.03750992e-01
    5.22341371e-01 8.76427710e-01 5.78714073e-01 6.06054068e-02
    8.91109347e-01 9.87165928e-01 7.60315657e-01 7.89671779e-01
    5.06936431e-01 9.26629007e-01 4.80255425e-01 2.98628569e-01
    5.63748777e-01 3.20343822e-01 5.78525066e-01 9.11771655e-01
    9.06780362e-01 3.04208457e-01 6.20228946e-02 7.67870724e-01
    9.24875140e-01 3.19884211e-01 7.67284751e-01 4.57701325e-01
    2.99544722e-01 4.44190651e-01 3.11123282e-01 2.72244573e-01
    7.89588809e-01 5.49229383e-01 3.10618460e-01 2.85844982e-01
    1.03765726e-03 1.50014073e-01 1.99639231e-01 3.07328701e-01
    7.31190860e-01 9.87954497e-01 4.51896429e-01 5.68037391e-01
    2.88902700e-01 2.34679282e-01 6.32114768e-01 1.40059114e-01
    5.76978803e-01 9.44955230e-01 4.86590058e-01 7.58179307e-01
    1.26907378e-01 3.00048202e-01 6.12280428e-01 9.65830207e-01
    5.69387078e-02 1.39819443e-01 2.77184904e-01 6.02687478e-01
    7.18155563e-01 4.23418105e-01 9.93571460e-01 2.14776427e-01
    3.36789608e-01 6.46880865e-01 2.20725477e-01 5.64719975e-01
    8.68861198e-01 1.03642344e-02 9.40042913e-01 5.76519072e-01
    2.83914804e-03 3.47211003e-01 4.30450082e-01 6.29116774e-01
    5.67858517e-01 3.03397536e-01 3.81848812e-02 4.48311299e-01
    9.42447782e-01 2.43911803e-01 9.82547522e-01 4.19617891e-02
    9.95262384e-01 9.22625065e-02 9.29823399e-01 3.97720993e-01
    7.78225660e-02 8.04854989e-01 1.81317985e-01 6.99455440e-02
    2.95946896e-02 1.86900616e-01 3.66025835e-01 8.07875574e-01
    6.31153286e-02 1.48125678e-01 8.80893528e-01 7.70315528e-01
    1.26189381e-01 2.38435417e-01 9.80181813e-01 5.68600535e-01
    4.13169354e-01 6.81844354e-01 4.66472507e-02 8.33864510e-01
    2.39845783e-01 1.33078128e-01 6.92934334e-01 5.68478703e-02
    1.61825687e-01 4.11361456e-01 5.14269769e-01 2.02810436e-01
    3.86587471e-01 7.28391886e-01 6.61408067e-01 3.09890032e-01
    2.60249853e-01 3.18106294e-01 1.54295266e-02 7.31923163e-01
    5.97812414e-01 7.30637312e-01 9.44685459e-01 9.86531377e-02
    2.52254665e-01 6.74349368e-01 7.80160725e-02 8.91678333e-01
    2.49383509e-01 9.17795300e-01 1.22195363e-01 5.63712835e-01
    2.58235037e-02 8.19301605e-01 6.80717170e-01 1.63994491e-01
    9.50017095e-01 6.35035574e-01 3.97581249e-01 9.49007809e-01
    3.76632690e-01 7.93080926e-02 9.94390965e-01 4.74311948e-01
    7.99198866e-01 6.10015273e-01 2.62758493e-01 2.02740431e-02
    3.29655379e-01 5.76229036e-01 7.77150035e-01 1.78311825e-01
    2.98590660e-01 7.64575481e-01 7.65295208e-01 3.54637802e-01
    9.97541487e-01 3.96332622e-01 9.83173192e-01 2.65515447e-02
    9.29361582e-01 8.30156505e-01 3.48621726e-01 2.43557394e-01
    3.27936411e-01 9.89996910e-01 7.00596809e-01 8.67376566e-01
    2.26263076e-01 1.86144859e-01 2.91832387e-01 6.89406455e-01
    6.15770519e-02 5.71732283e-01 4.83339071e-01 4.33342218e-01
    4.11348581e-01 9.30830002e-01 1.38013840e-01 4.57655132e-01
    1.89157397e-01 7.86056042e-01 4.68739688e-01 7.51701117e-01
    1.31563812e-01 4.76953298e-01 5.12671292e-01 4.80958074e-01
    3.64391208e-01 9.82408643e-01 8.48884344e-01 6.45514727e-01
    4.01220024e-02 8.79567266e-01 3.00332278e-01 6.09113216e-01
    4.04977739e-01 6.60101712e-01 2.09947020e-01 4.32701170e-01
    7.61816025e-01 3.57882321e-01 3.33539724e-01 9.92650092e-02
    7.50556409e-01 3.07255268e-01 4.60372239e-01 9.11516666e-01
    9.27161813e-01 6.11245632e-05 1.06999755e-01 8.98299456e-01
    4.97424632e-01 7.67207444e-01 7.27150917e-01 1.68987066e-01
    7.28803098e-01 8.88370514e-01 4.29195821e-01 3.47675800e-01
    6.66086018e-01 5.37053943e-02 9.96277034e-01 8.09859931e-02
    5.86223364e-01 1.64975345e-01 2.04113543e-01 9.76997018e-01
    7.75304139e-01 4.87410665e-01 6.76066339e-01 2.35993981e-01
    2.47260273e-01 1.88042790e-01 4.29062992e-01 3.35130751e-01
    6.08115315e-01 8.20392370e-01 7.80317664e-01 1.32067353e-01
    6.14813268e-02 7.73375034e-01 6.85864031e-01 7.47053564e-01
    7.17619479e-01 8.76891851e-01 4.10369098e-01 8.32600117e-01
    9.64037895e-01 5.14705300e-01 2.29164690e-01 8.05674791e-01
    1.31715328e-01 1.84046686e-01 2.57066071e-01 2.27395743e-01
    2.27835864e-01 9.67708230e-01 5.90146184e-01 8.99423957e-01
    6.75575852e-01 5.41889668e-03 3.38085890e-02 7.82079220e-01
    4.79482025e-01 8.44742417e-01 5.24261594e-02 2.85054624e-01
    2.29524672e-02 1.24383479e-01 8.81267667e-01 7.82635987e-01
    7.85590291e-01 4.14461434e-01 3.79199892e-01 7.89717734e-01
    4.67421234e-01 6.41216397e-01 2.76017874e-01 1.07465714e-01
    3.04918408e-01 2.07505584e-01 8.51074219e-01 1.41461402e-01
    9.78268087e-02 4.35006320e-02 9.81375337e-01 1.79149032e-01
    7.48994708e-01 3.39907974e-01 1.16607577e-01 6.55424476e-01
    8.44457626e-01 9.24917698e-01 9.74121571e-01 1.85731083e-01
    6.60847366e-01 1.41122371e-01 3.23665619e-01 7.50014186e-02
    1.60024166e-01 3.29939783e-01 9.45528030e-01 8.81502986e-01
    3.65582705e-01 8.69494677e-02 9.73959744e-01 9.40619826e-01
    4.13180262e-01 3.24691713e-01 7.02926815e-02 7.05142140e-01
    4.38685685e-01 1.31092310e-01 4.66052681e-01 4.75701898e-01
    9.46139455e-01 7.12331593e-01 6.70237482e-01 8.50281537e-01
    1.76260173e-01 2.84418583e-01 1.95376128e-01 5.93324006e-01
    2.48831213e-02 2.34386563e-01 8.73961985e-01 4.37136859e-01
    3.71938109e-01 4.20436442e-01 7.26669431e-02 8.60587656e-01
    4.44656730e-01 7.88893938e-01 1.74018085e-01 8.02343130e-01
    9.79329348e-01 2.29259878e-01 7.11642504e-01 5.94414353e-01
    2.93600976e-01 4.41824019e-01 2.99588472e-01 4.13769484e-01
    9.18776572e-01 2.93990672e-01 5.99635959e-01 5.59245110e-01
    6.16617918e-01 7.69019008e-01 8.12607527e-01 3.20297629e-01
    8.65433335e-01 2.52666324e-01 5.30555248e-01 4.28605080e-01
    9.87876534e-01 6.50564611e-01 9.18269336e-01 7.69414306e-01
    9.78997290e-01 9.42811310e-01 1.39471173e-01 8.05040419e-01
    3.28169882e-01 1.91149592e-01 3.62611711e-01 9.10502374e-02
    6.14706337e-01 9.22558427e-01 9.89655972e-01 8.83953691e-01
    7.80745685e-01 1.23166889e-01 8.13049674e-01 3.79734039e-02
    1.74863338e-02 6.89979017e-01 8.63549173e-01 8.15500975e-01
    2.71912932e-01 4.22296196e-01 8.34669948e-01 4.27457750e-01
    7.70058870e-01 2.90860176e-01 7.81010985e-01 4.53370214e-01
    8.60401392e-01 5.34172356e-01 4.68394697e-01 8.82705033e-01
    2.89014071e-01 5.21472216e-01 5.29784560e-01 5.22455275e-01
    3.61892521e-01 2.97329515e-01 4.77444887e-01 6.14346683e-01
    3.08116078e-01 6.64503396e-01 1.86994314e-01 5.20210326e-01
    8.68636847e-01 7.09564686e-01 7.35591471e-01 8.42800140e-02
    1.59318060e-01 4.51434910e-01 5.88856339e-01 1.63412273e-01
    2.26013631e-01 4.60415393e-01 9.77599561e-01 8.21520686e-01
    1.20929122e-01 3.20837528e-01 4.85676914e-01 6.63183272e-01
    8.03989172e-03 9.24017787e-01 5.17754555e-01 6.80023015e-01
    5.97253919e-01 9.84501600e-01 6.82781994e-01 7.95531869e-01
    5.24524152e-02 4.58735853e-01 4.34499860e-01 3.70475441e-01
    9.80697870e-01 7.92881966e-01 9.58370864e-01 5.78099787e-01
    2.33105242e-01 7.97214270e-01 2.10672319e-01 2.41860867e-01
    8.88561249e-01 6.84564173e-01 2.10112780e-01 1.55509114e-02
    2.39442766e-01 5.50907254e-01 5.27826190e-01 4.19920504e-01
    7.12984800e-01 8.12188625e-01 9.16561365e-01 7.97192156e-02
    9.16977882e-01 1.74685717e-01 7.73733377e-01 5.45439482e-01
    1.28836274e-01 4.47055787e-01 2.37084419e-01 4.11614835e-01
    6.70100331e-01 6.68898046e-01 3.29037249e-01 8.40532780e-01
    2.55369067e-01 7.86198974e-01 6.84667110e-01 7.56245375e-01
    2.27429509e-01 9.92396474e-02 6.55807734e-01 9.30887222e-01
    3.14092994e-01 4.71263170e-01 4.17360216e-01 6.99303865e-01
    3.88289601e-01 4.28262353e-01 6.07980490e-02 3.36239427e-01
    8.58126163e-01 4.48808223e-01 7.47616768e-01 5.61977386e-01
    2.74594367e-01 9.68415439e-01 4.34790343e-01 3.86494160e-01
    5.10136843e-01 3.12243640e-01 8.97849917e-01 9.89924550e-01
    9.93933558e-01 5.51452935e-02 4.37490255e-01 4.75012243e-01
    2.78393894e-01 1.01261914e-01 5.67651987e-01 4.46643502e-01
    2.22658604e-01 1.82672828e-01 8.09190750e-01 4.11359966e-01
    2.23116189e-01 7.68852830e-01 2.62461692e-01 2.56323159e-01
    4.26347345e-01 5.44025123e-01 9.50436711e-01 7.43500710e-01
    6.49179995e-01 1.20089978e-01 7.92289913e-01 6.94646239e-01
    2.23570466e-01 7.11236000e-01 7.09044933e-01 8.61996353e-01
    9.58869398e-01 7.03906596e-01 2.15156823e-01 1.77938819e-01
    4.22098994e-01 6.94592834e-01 2.81081945e-01 8.94473255e-01
    9.18379843e-01 1.88678592e-01 5.24295628e-01 7.45601594e-01
    5.40463924e-02 1.05920762e-01 1.75319314e-02 2.01947182e-01
    6.28184199e-01 9.23962712e-01 2.72900522e-01 1.54723346e-01
    5.73553681e-01 2.53621161e-01 4.22827125e-01 5.71483374e-01
    8.39985609e-01 4.79555190e-01 8.97224545e-01 9.19474423e-01
    7.22417057e-01 4.35374916e-01 5.03368139e-01 3.43693554e-01
    1.87653720e-01 4.03626204e-01 4.78358030e-01 2.05867171e-01
    3.38476390e-01 7.04030693e-01 7.61693597e-01 7.44059682e-03
    8.30719769e-02 3.32213283e-01 4.20547962e-01 9.17250514e-02
    1.43827796e-01 2.55025029e-01 6.91797316e-01 4.40143883e-01
    4.55261469e-02 2.15978086e-01 1.35575086e-01 4.29883778e-01
    2.00983614e-01 8.22874665e-01 7.86990225e-02 2.46157765e-01
    9.94935870e-01 9.05595422e-01 2.07435101e-01 6.46476746e-02
    4.20968771e-01 1.21680796e-02 5.33878267e-01 9.02379632e-01
    3.37927341e-01 5.96587777e-01 5.38123548e-01 4.62588012e-01
    4.52995270e-01 1.12377048e-01 3.59328926e-01 4.99587625e-01
    9.74184036e-01 3.82413417e-01 8.27099442e-01 2.87999392e-01
    8.48933756e-01 9.92385209e-01 1.88381672e-01 3.34285557e-01
    8.80724669e-01 6.40131831e-02 3.21007967e-01 4.24599022e-01
    7.95982361e-01 1.72142893e-01 7.29683101e-01 2.01379597e-01
    5.02482653e-01 2.12214470e-01 2.08393544e-01 6.08910620e-01
    4.09895480e-02 7.34354198e-01 9.22605276e-01 6.59279168e-01
    9.13444579e-01 9.96863365e-01 6.63971961e-01 6.02682352e-01
    8.61103773e-01 5.48068225e-01 5.75642467e-01 4.26936567e-01
    3.77600789e-02 5.55072486e-01 7.86257625e-01 1.61000341e-01
    4.81914580e-02 9.42474425e-01 1.71819627e-02 1.72329515e-01
    7.35342503e-02 2.47979432e-01 2.65291870e-01 8.97627115e-01
    5.16826630e-01 1.20011568e-01 8.48763227e-01 9.12861943e-01
    2.04226673e-02 8.17296863e-01 7.63002038e-01 3.28846633e-01
    8.50178480e-01 7.69175172e-01 7.36127794e-02 2.87888408e-01
    2.00952411e-01 5.79454780e-01 1.51573211e-01 9.64377224e-02
    4.09593701e-01 4.13376093e-02 6.72535360e-01 2.62610286e-01
    4.71718073e-01 3.29465032e-01 2.86206961e-01 5.13629079e-01
    4.52530026e-01 6.64341509e-01 4.65214252e-01 5.09784698e-01
    1.13144994e-01 8.60278368e-01 2.69398928e-01 4.66643810e-01
    9.57523465e-01 3.07538569e-01 6.80225551e-01 6.95848942e-01
    1.04874581e-01 8.57893944e-01 5.23883104e-01 9.65514064e-01
    6.74477816e-01 6.26248360e-01 8.19506645e-01 8.15402687e-01
    7.15967596e-01 5.76876521e-01 2.80858725e-01 6.20186806e-01
    2.12476760e-01 9.18870866e-02 1.17391497e-01 7.61336088e-03
    5.33616245e-01 4.57590818e-03 6.26770794e-01 7.90813267e-01
    2.31863379e-01 7.28721380e-01 5.73114693e-01 5.60383320e-01
    9.14563596e-01 4.66212064e-01 9.06500101e-01 2.32600868e-02
    2.22563893e-01 9.93373036e-01 8.31249356e-01 3.37262005e-01
    3.64631593e-01 7.98621833e-01 7.44142473e-01 3.47508997e-01
    8.68636250e-01 1.91849560e-01 3.94036889e-01 4.49003100e-01
    4.79960412e-01 4.95715439e-01 3.76641393e-01 3.66776466e-01
    4.16323572e-01 7.00452328e-02 7.26259649e-02 7.17687786e-01
    7.35248864e-01 4.62464005e-01 4.11838412e-01 9.57042933e-01
    7.89942682e-01 8.82584214e-01 7.66123891e-01 2.80971885e-01
    9.73915458e-01 3.40641439e-01 1.47447675e-01 2.50516832e-01
    5.48601508e-01 2.46615887e-01 4.83148366e-01 2.08809972e-01
    3.39776933e-01 6.25603676e-01 1.58032954e-01 8.82501304e-01
    5.84096074e-01 8.26788664e-01 5.27171731e-01 1.68619156e-01
    4.66439128e-01 4.94829118e-01 4.77682710e-01 6.27881408e-01
    4.79919106e-01 4.86524701e-02 2.61497855e-01 4.50515389e-01
    6.14251494e-01 9.80005741e-01 5.38248658e-01 8.88994098e-01
    8.10034752e-01 6.65801764e-01 2.52691388e-01 8.49869370e-01
    3.65916193e-02 5.86333752e-01 6.85654879e-01 1.43809229e-01
    8.52768183e-01 8.26460779e-01 3.51398766e-01 7.07783520e-01
    8.42165589e-01 6.21861815e-02 9.37120318e-01 5.13644814e-01
    7.25323796e-01 5.37642360e-01 4.30878997e-03 4.42593187e-01
    8.71945739e-01 5.65941036e-02 7.93879151e-01 1.00994796e-01
    1.24409795e-03 3.09635282e-01 4.47300494e-01 4.70072210e-01
    9.10110414e-01 9.21391845e-01 9.72023308e-01 1.95590913e-01
    8.08097482e-01 1.52418464e-01 9.98525739e-01 5.37649751e-01
    7.33997822e-01 4.61328506e-01 4.12885189e-01 4.87209469e-01
    9.90304530e-01 5.64583719e-01 6.23804510e-01 9.94833589e-01
    8.37261558e-01 6.38613343e-01 3.20088863e-01 3.08232367e-01
    9.03806984e-02 2.75954455e-01 9.08979535e-01 3.76367927e-01
    5.73576391e-01 5.93398452e-01 1.94655627e-01 9.94862199e-01
    6.28518760e-02 8.54933858e-01 3.17644000e-01 5.91946363e-01
    5.21742761e-01 9.14464235e-01 2.43964821e-01 4.42291081e-01
    5.72815180e-01 2.84326315e-01 4.37513083e-01 6.51086211e-01
    3.29716593e-01 8.42300057e-01 2.33809739e-01 7.45532513e-02
    2.71251023e-01 8.07707012e-01 2.00611621e-01 4.92318362e-01
    2.03165859e-01 8.33714008e-01 7.95408726e-01 1.30185187e-02
    8.47770989e-01 5.99465609e-01 4.73548412e-01 5.64330101e-01
    8.95341277e-01 6.98775709e-01 3.96892607e-01 9.42111969e-01
    8.82171631e-01 3.85117739e-01 7.63563275e-01 1.19861096e-01
    3.12118888e-01 4.93510395e-01 4.35559809e-01 2.92768538e-01
    2.55109370e-02 3.87996972e-01 4.02558178e-01 3.85671556e-01
    4.18160260e-02 1.41446948e-01 1.17456913e-01 5.60528278e-01
    5.85413098e-01 5.34000397e-01 5.02687693e-01 5.04486620e-01
    1.49789453e-02 1.73200428e-01 1.63340598e-01 8.04092348e-01
    1.86983526e-01 5.37580967e-01 2.45288908e-02 6.33067012e-01
    6.11310840e-01 2.57853001e-01 5.24487972e-01 5.00128448e-01
    5.37075400e-01 6.00448966e-01 6.42182350e-01 6.37524724e-01
    2.79004276e-02 3.82428467e-01 9.13582802e-01 1.63904011e-01
    9.18483794e-01 6.66019738e-01 3.31070960e-01 3.02219510e-01
    3.84943366e-01 8.61124575e-01 9.91982818e-01 3.43860298e-01
    1.22381568e-01 5.23736775e-01 7.76427269e-01 7.26815939e-01
    8.21050286e-01 5.31742036e-01 6.77528858e-01 6.75368607e-02
    9.15815532e-02 5.41804671e-01 4.45254415e-01 7.63857603e-01
    6.35513067e-01 2.06405669e-01 7.52487779e-01 4.92300957e-01
    3.77113938e-01 3.47357810e-01 5.85860372e-01 5.68934560e-01
    3.94368559e-01 5.82888126e-01 1.52270436e-01 5.79989970e-01
    7.10746646e-01 8.58512282e-01 4.18788195e-02 3.59616578e-01
    9.50167537e-01 5.02448320e-01 4.37661976e-01 8.65000904e-01
    2.67367959e-02 5.53367317e-01 5.69248199e-01 2.93813378e-01
    6.67536378e-01 6.11725688e-01 5.90892434e-01 9.57399428e-01
    9.47439194e-01 4.83616948e-01 6.16548598e-01 9.72699881e-01
    5.88420391e-01 8.99484634e-01 3.40078056e-01 8.03979039e-01
    6.58656955e-01 1.08063191e-01 6.05581880e-01 3.07870865e-01
    7.33956754e-01 2.43006438e-01 3.00211906e-01 7.41620481e-01
    5.97208142e-01 6.46486580e-02 5.21026790e-01 7.48989701e-01
    9.95750248e-01 1.17692798e-01 7.38520682e-01 5.34240186e-01
    6.11852348e-01 2.55453229e-01 9.72011924e-01 1.40813857e-01
    9.91151810e-01 9.60883439e-01 8.86817873e-01 6.50296807e-02
    4.06636477e-01 3.52615118e-02 2.13761121e-01 8.84867430e-01
    7.83531308e-01 5.45131207e-01 3.41084361e-01 4.41889405e-01
    9.06380594e-01 8.26933265e-01 9.55307126e-01 8.29644203e-01
    9.04933691e-01 3.23186129e-01 8.06118131e-01 8.77677202e-01
    6.56957626e-02 3.83269548e-01 3.89103651e-01 5.14078677e-01
    4.45878714e-01 5.74678063e-01 3.85656208e-01 9.33633924e-01
    9.33247507e-02 7.75280893e-01 6.32260144e-02 1.61870390e-01
    1.51553869e-01 5.55666983e-01 8.41648579e-01 1.61588132e-01
    3.44807088e-01 6.10865951e-01 1.26732230e-01 8.75502110e-01
    7.43221402e-01 1.82519019e-01 4.60222661e-01 6.08927548e-01
    9.07830894e-01 7.70110786e-02 7.05664635e-01 6.18558943e-01
    7.71715641e-01 9.91990805e-01 2.28251785e-01 1.02926850e-01
    5.66388071e-01 5.00425875e-01 4.26644444e-01 6.93140984e-01
    5.91513515e-02 6.48638666e-01 8.61579418e-01 4.48644370e-01
    4.48306978e-01 1.48858547e-01 3.18556309e-01 2.33389795e-01
    3.62658501e-02 6.12064123e-01 8.48785758e-01 9.26128864e-01
    6.43006206e-01 5.61164021e-01 8.05669725e-02 1.68263912e-01
    6.10588431e-01 7.09797382e-01 5.29489517e-01 5.75970232e-01
    2.96132177e-01 8.45903158e-03 5.14224529e-01 5.14542699e-01
    8.23594630e-02 9.21907127e-01 6.20083928e-01 5.59457064e-01
    6.31174684e-01 8.35799098e-01 4.98748720e-01 5.80694675e-01
    5.08526862e-01 8.09554815e-01 2.79508531e-01 3.37048590e-01
    8.23772311e-01 5.96343696e-01 8.28663945e-01 4.74514395e-01
    2.02127635e-01 1.81891203e-01 3.37700874e-01 8.81254315e-01
    1.59916312e-01 3.96401882e-02 7.42912591e-02 9.73905325e-02
    4.84404236e-01 4.64801997e-01 5.00965714e-02 4.62888926e-01
    8.64008307e-01 4.90918159e-02 2.03868747e-03 4.88217175e-02
    9.32288170e-01 2.23304629e-01 7.84420669e-02 7.82822073e-01
    9.40268159e-01 9.61514950e-01 6.38722003e-01 4.04193401e-02
    2.00711787e-02 9.97538447e-01 2.03785449e-01 5.39983630e-01
    9.97008085e-01 4.84674782e-01 5.18945932e-01 5.93359947e-01
    4.33137208e-01 7.89908230e-01 3.51057380e-01 5.43841302e-01
    6.88337982e-01 8.59126508e-01 3.74006331e-01 6.24446273e-01
    4.07301068e-01 7.37839282e-01 7.11916089e-01 9.59116399e-01
    7.24867165e-01 9.48182464e-01 6.54466927e-01 1.53620780e-01
    4.13122565e-01 1.83413714e-01 2.70042300e-01 6.39371276e-02
    5.10333240e-01 1.93600059e-01 5.61155736e-01 9.55802500e-01
    8.75705600e-01 6.90178514e-01 8.52892160e-01 3.19391131e-01
    4.16349709e-01 5.98204672e-01 1.25550002e-01 2.26379752e-01
    3.35868686e-01 1.89017028e-01 4.35795456e-01 9.03061986e-01
    7.35622525e-01 4.55133975e-01 2.99261421e-01 2.11903334e-01
    8.48517239e-01 3.19975823e-01 3.53588402e-01 7.46812999e-01
    6.04270101e-02 5.16876459e-01 9.43190217e-01 7.80019283e-01
    3.75288963e-01 6.37870312e-01 8.08645725e-01 6.91728830e-01
    8.10000539e-01 1.69566363e-01 4.94457304e-01 7.83438623e-01
    9.01230335e-01 1.44516379e-01 7.99883604e-01 6.85209751e-01
    3.88418823e-01 1.01821125e-02 4.31983054e-01 2.71386445e-01
    7.12128162e-01 4.21353936e-01 9.06262517e-01 7.59162724e-01
    2.85018712e-01 9.50921893e-01 4.21389192e-01 8.08809817e-01
    8.94677162e-01 7.61264503e-01 4.72182810e-01 8.14902365e-01
    9.21842277e-01 8.17112505e-01 2.16919422e-01 8.85735035e-01
    4.66900408e-01 2.51644373e-01 9.23992038e-01 5.18762827e-01
    9.22007680e-01 6.94955409e-01 8.85627747e-01 3.66659164e-01
    7.43786335e-01 1.56511635e-01 9.17972624e-01 4.41591561e-01
    2.73295879e-01 5.94454885e-01 9.38343406e-02 1.01433396e-01
    7.49504685e-01 9.86619353e-01 8.27881992e-02 7.66270876e-01
    8.02425027e-01 9.12281096e-01 6.42469049e-01 1.29777044e-01
    1.89503491e-01 2.46908605e-01 5.14586508e-01 6.61374748e-01
    2.51617432e-02 7.88352966e-01 4.72267389e-01 7.98941195e-01
    6.23534322e-02 6.84162974e-02 4.78345007e-01 1.74135178e-01
    6.78224325e-01 3.20594817e-01 5.35743237e-01 9.39683020e-02
    7.79591322e-01 2.35322773e-01 1.60310328e-01 7.81938970e-01
    6.55224681e-01 2.44581372e-01 2.16600299e-02 2.37243772e-02
    6.89059079e-01 4.24731046e-01 9.93567705e-01 9.80330288e-01
    4.74505365e-01 5.05273700e-01 7.92257190e-01 7.09079981e-01
    7.75214314e-01 3.28517437e-01 6.11670136e-01 5.55544853e-01
    4.00833189e-01 7.97855735e-01 1.64542884e-01 6.07341528e-01
    8.55626822e-01 1.40259415e-01 2.01986134e-01 9.21769738e-01
    7.65046477e-01 4.90471244e-01 7.46487439e-01 1.68515772e-01
    6.30922973e-01 5.45040190e-01 1.02985471e-01 9.07207131e-01
    2.75949121e-01 5.08807182e-01 6.98033571e-01 2.44711965e-01
    3.55009556e-01 8.95077467e-01 8.41815233e-01 4.55752403e-01
    6.10597134e-01 5.34584761e-01 4.68820810e-01 1.32807076e-01
    9.63010132e-01 9.64388132e-01 2.97405720e-01 4.71227050e-01
    5.02647102e-01 7.04836726e-01 7.95654178e-01 1.32953972e-01
    1.69274479e-01 1.34697527e-01 4.12152976e-01 4.66595143e-01
    7.45470762e-01 2.95216441e-01 5.48170805e-01 8.85832489e-01
    2.00952441e-01 4.65458542e-01 5.37607074e-01 9.31917667e-01
    5.20913839e-01 5.59613407e-01 9.76558208e-01 8.59936953e-01
    4.29071754e-01 6.26870453e-01 8.92458320e-01 7.90793777e-01
    7.35328615e-01 2.84378409e-01 6.08169198e-01 9.45187569e-01
    6.52046919e-01 8.65601063e-01 6.71861768e-01 8.78190160e-01
    6.96034431e-01 2.32500434e-01 7.06248105e-01 4.54557896e-01
    5.94741166e-01 1.79809868e-01 5.40045917e-01 5.71537673e-01
    5.81008792e-01 6.08697236e-01 2.18136609e-01 5.07166386e-01
    6.61308110e-01 4.39879984e-01 6.83071315e-01 2.93322623e-01
    1.96036696e-03 7.21419275e-01 5.16045332e-01 4.30867076e-02
    7.13212609e-01 9.77982998e-01 4.81443822e-01 6.10382438e-01
    3.80243003e-01 3.40494335e-01 9.36270833e-01 3.60071361e-02
    5.05742252e-01 8.82528782e-01 4.93127733e-01 6.36690676e-01
    8.44907999e-01 8.17528963e-02 4.00149286e-01 5.31009376e-01
    5.87330878e-01 4.99993175e-01 5.22208810e-02 6.52815998e-01
    8.46554339e-01 7.72204638e-01 2.04696655e-02 3.73660326e-01
    8.27751279e-01 2.03209877e-01 1.96285486e-01 6.75781667e-01
    3.34472239e-01 4.28159803e-01 9.12749887e-01 6.65652812e-01
    4.10597026e-02 6.14099503e-01 7.35376120e-01 5.44373572e-01
    7.85109699e-02 9.92398262e-01 3.15061808e-02 5.86980045e-01
    8.54380012e-01 1.15512133e-01 2.73233235e-01 2.59413689e-01
    1.51303738e-01 4.85167503e-01 1.00009918e-01 9.54985619e-03
    4.71317708e-01 1.94055378e-01 4.62850720e-01 8.02296162e-01
    5.69993258e-01 1.10752821e-01 7.21980572e-01 4.70927060e-01
    2.34013796e-02 1.13150537e-01 4.45500970e-01 5.35176218e-01
    4.73832369e-01 6.39140129e-01 5.46625555e-01 2.41622359e-01
    7.85794437e-01 2.99566001e-01 5.82615852e-01 4.25480276e-01
    9.80609000e-01 1.19454950e-01 1.90938413e-01 6.83842540e-01
    9.65326548e-01 2.86993086e-01 7.91465819e-01 2.27302730e-01
    4.19068366e-01 1.13872021e-01 5.70490479e-01 8.15061152e-01
    1.83896542e-01 8.09132218e-01 2.94752657e-01 2.99158484e-01
    4.82581258e-02 5.38746536e-01 6.27428055e-01 4.63065863e-01
    7.58050978e-02 1.78924352e-01 9.48554575e-01 2.86254048e-01
    7.82459736e-01 7.23288655e-02 8.57513189e-01 5.53543746e-01
    6.18009150e-01 6.54760122e-01 5.87623715e-01 6.48285449e-01
    3.38228166e-01 6.79341793e-01 9.15527344e-04 9.16473866e-01
    1.44037634e-01 9.29110467e-01 6.90174818e-01 2.82630205e-01
    6.74786568e-01 2.60951430e-01 4.40653414e-01 5.80272973e-01
    7.71525562e-01 7.07498789e-02 7.86013842e-01 8.11346471e-01
    7.61180043e-01 2.33646274e-01 4.85028177e-01 1.00422561e-01
    8.14534187e-01 4.37239051e-01 6.80942655e-01 5.12036026e-01
    9.13013279e-01 6.06499612e-01 5.23342252e-01 4.66405839e-01
    5.80383718e-01 2.07247466e-01 4.42268252e-01 6.43274307e-01
    1.23257428e-01 3.66390169e-01 7.77941287e-01 3.82991731e-01
    1.14832073e-01 7.68594146e-01 4.57716048e-01 3.38109851e-01
    3.94365340e-01 5.34143448e-01 9.29398537e-01 5.33960402e-01
    5.97800851e-01 5.61868072e-01 8.08492124e-01 4.19566959e-01
    9.22618270e-01 6.11130595e-01 6.29136384e-01 6.27057016e-01
    6.65381670e-01 8.90212834e-01 5.59979141e-01 8.81008506e-01
    6.78545475e-01 9.50873613e-01 4.87909943e-01 7.89522648e-01
    8.86568546e-01 4.40497667e-01 9.52237904e-01 3.84981275e-01
    3.63896906e-01 5.61919510e-01 5.37970185e-01 8.29255462e-01
    8.66914988e-01 3.49070370e-01 2.76999474e-01 6.26347542e-01
    3.54541302e-01 8.06661010e-01 8.21569562e-01 8.67436886e-01
    6.44581735e-01 2.33672619e-01 8.42302918e-01 1.45508111e-01
    9.40110683e-02 2.40101397e-01 7.54051566e-01 3.88711929e-01
    7.96827197e-01 5.66998303e-01 3.37992400e-01 9.56810236e-01
    2.81192422e-01 1.13501906e-01 5.42157590e-02 7.89929032e-01
    1.57485068e-01 9.04251814e-01 1.29798859e-01 4.32173431e-01
    5.70085704e-01 3.01948428e-01 9.33293045e-01 5.22022545e-02
    9.68987525e-01 5.80184162e-01 4.69614267e-02 6.80030584e-01
    7.98527956e-01 7.10778594e-01 6.00322664e-01 1.08758330e-01
    3.03833246e-01 6.75470769e-01 1.70850664e-01 3.54789943e-01
    7.03983963e-01 8.69202673e-01 9.19863582e-01 1.88272327e-01
    5.77072084e-01 1.58366203e-01 4.66682494e-01 8.79254699e-01
    1.22786611e-01 4.31153834e-01 2.16434836e-01 9.96561170e-01
    7.53358006e-01 8.67075205e-01 4.17000353e-01 2.58327007e-01
    1.95431411e-02 4.04574692e-01 5.13730466e-01 7.72307873e-01
    1.20224297e-01 1.01459920e-01 5.03060043e-01 5.73779464e-01
    2.13521868e-01 3.69329393e-01 5.18633544e-01 5.42285383e-01
    2.47000247e-01 9.75951076e-01 6.61913514e-01 8.59802067e-02
    5.91565013e-01 2.10033596e-01 7.68855274e-01 5.83943486e-01
    8.49206448e-01 5.82888007e-01 3.70669723e-01 6.49225056e-01
    8.57055426e-01 1.12485647e-01 3.40975463e-01 1.29925758e-01
    9.77029800e-01 4.94421542e-01 5.18277586e-01 2.08993793e-01
    5.62931061e-01 5.77843189e-03 3.87550324e-01 3.79568398e-01
    8.53870034e-01 6.76832616e-01 7.73189425e-01 2.99946070e-01
    3.91840875e-01 5.30585945e-01 5.65982938e-01 5.84792674e-01
    7.95905888e-01 7.11547256e-01 5.32398224e-01 5.13644397e-01
    2.62505293e-01 7.98765182e-01 3.44360709e-01 4.31966841e-01
    3.37742776e-01 7.04855680e-01 4.35356289e-01 1.09786630e-01
    3.09263468e-01 2.23920643e-02 2.28536397e-01 5.05350828e-01
    5.31939626e-01 9.08639550e-01 5.93376875e-01 6.42976403e-01
    9.81763721e-01 6.92842543e-01 8.40730131e-01 6.72466099e-01
    6.23652220e-01 4.96371895e-01 9.69521999e-01 6.19081080e-01
    8.95004511e-01 5.42215347e-01 6.14237130e-01 8.19423199e-01
    5.48475385e-01 9.27419186e-01 8.71498108e-01 4.65012968e-01
    8.83811474e-01 6.35283768e-01 4.21692967e-01 3.31927419e-01
    1.74931258e-01 3.07849050e-03 1.54960424e-01 1.29704922e-01
    3.27396333e-01 2.71096051e-01 1.26563847e-01 3.93766999e-01
    4.75341290e-01 1.99775994e-01 4.79853809e-01 5.04069865e-01
    4.65700179e-01 6.81975842e-01 8.88180077e-01 8.91575575e-01
    6.50579989e-01 5.54884136e-01 5.88772118e-01 6.68043792e-02
    7.02223122e-01 2.35032707e-01 7.83274293e-01 2.14749694e-01
    7.47587085e-01 8.18425417e-01 9.82633114e-01 8.88599455e-01
    7.56296992e-01 3.99516314e-01 2.28045106e-01 4.76866663e-02
    6.76969111e-01 9.44223046e-01 7.30935037e-01 6.42784834e-01
    7.04467773e-01 7.76289821e-01 2.05450952e-02 8.57678354e-02
    6.92559004e-01 9.05735254e-01 6.86786473e-02 9.19469357e-01
    6.63899302e-01 3.91679108e-01 7.02610552e-01 7.42758393e-01
    4.05502915e-01 2.55359828e-01 5.94568253e-01 3.23915035e-01
    2.84585893e-01 3.34749013e-01 8.34089398e-01 9.10450161e-01
    8.35340023e-01 8.13644171e-01 6.42004788e-01 4.71331954e-01
    5.60985625e-01 6.21116042e-01 6.47546589e-01 4.85508263e-01
    6.85910463e-01 3.86462569e-01 3.72274160e-01 6.09022617e-01
    5.69434345e-01 2.23080635e-01 8.01151037e-01 1.36223257e-01
    3.24503183e-02 6.97597444e-01 9.65059042e-01 6.89188898e-01
    1.98552340e-01 4.80404854e-01 1.84832841e-01 1.55005157e-02
    6.82564855e-01 4.37306792e-01 5.91952443e-01 9.84336734e-01
    9.87340569e-01 9.06640351e-01 2.97845811e-01 8.20478737e-01
    1.39244497e-01 2.55370021e-01 1.00113392e-01 9.31760490e-01
    8.32601309e-01 3.14022005e-02 8.18269432e-01 6.30096495e-02
    7.62926936e-01 7.07215071e-02 9.18379545e-01 9.70150769e-01
    4.06773537e-01 7.04551816e-01 1.52949154e-01 1.46104068e-01
    7.98955619e-01 3.05303633e-02 7.35359669e-01 5.47989607e-01
    1.38640076e-01 1.24026120e-01 4.48262364e-01 3.79286647e-01
    7.86896408e-01 2.12905794e-01 3.92295718e-01 2.83739656e-01
    1.19064540e-01 9.75856781e-01 4.06843424e-01 3.60018581e-01
    9.12380755e-01 4.51225638e-01 5.25171757e-01 6.95673943e-01
    4.98471737e-01 9.75949109e-01 4.34649169e-01 4.57580477e-01
    9.26294923e-01 4.54476953e-01 4.38781291e-01 8.94301891e-01
    3.93397450e-01 8.55056882e-01 9.70714211e-01 8.91208887e-01
    6.71499848e-01 7.77442932e-01 1.23968124e-01 4.21301425e-01
    9.83291090e-01 6.62641168e-01 7.03778744e-01 2.09590912e-01
    5.50858021e-01 5.20930886e-01 8.51696253e-01 3.57302517e-01
    7.52541363e-01 5.99554121e-01 8.64601254e-01 2.04407841e-01
    5.98633051e-01 2.10648835e-01 2.51342088e-01 8.55398417e-01
    7.29880095e-01 7.72262514e-02 4.15977687e-01 8.76411319e-01
    2.32791722e-01 3.81542087e-01 9.20923352e-01 2.18519270e-01
    4.64102924e-01 1.82712436e-01 2.74663389e-01 6.30682230e-01
    8.46731484e-01 2.10077196e-01 6.85085475e-01 7.12868571e-01
    5.92785180e-02 5.07669449e-01 2.33277380e-01 5.69128811e-01
    2.73599565e-01 8.43477011e-01 8.37288857e-01 7.74451375e-01
    7.76834011e-01 6.88796401e-01 1.69924617e-01 9.09400582e-01
    8.73844385e-01 3.25516820e-01 6.87926292e-01 7.44075775e-01
    9.25274849e-01 6.15249574e-01 2.19481766e-01 3.12318385e-01
    3.53550971e-01 3.05369914e-01 6.57409787e-01 1.62200451e-01
    2.96489596e-01 1.56415880e-01 1.16745234e-02 4.56478894e-02
    5.02676725e-01 3.51813436e-01 9.20320749e-01 2.66176164e-02
    3.38517487e-01 7.28045404e-02 6.50426805e-01 2.03497350e-01
    5.55525661e-01 4.26300198e-01 9.47020292e-01 3.76939595e-01
    1.77048266e-01 5.68092823e-01 6.25435650e-01 2.88851142e-01
    4.14871544e-01 4.53960359e-01 2.82378554e-01 2.70205587e-01
    6.56742275e-01 9.59158242e-01 9.77097452e-02 6.93031430e-01
    4.90835965e-01 9.84756351e-01 7.83982158e-01 9.20971215e-01
    3.16432416e-01 3.16623747e-01 4.52820778e-01 1.37577385e-01
    5.11744618e-01 2.74056941e-01 4.19809252e-01 9.18554783e-01
    9.30817842e-01 8.72177958e-01 1.70702815e-01 3.92372370e-01
    3.58637601e-01 5.62178135e-01 7.40740061e-01 7.18544960e-01
    2.52050221e-01 9.27198291e-01 6.87499702e-01 3.77649069e-02
    6.22152805e-01 7.89558887e-03 3.43761802e-01 8.21195364e-01
    8.98019314e-01 4.20375645e-01 9.66521502e-01 3.25372577e-01
    7.54807711e-01 9.82345700e-01 6.96068168e-01 2.37653911e-01
    4.55301225e-01 9.60636914e-01 1.21640325e-01 1.80357277e-01
    7.52170444e-01 7.62623966e-01 4.36182499e-01 1.61682934e-01
    9.79297876e-01 3.57103199e-01 3.71132344e-01 2.74784625e-01
    7.65004456e-02 4.36084509e-01 4.94338363e-01 5.21548927e-01
    7.30261087e-01 8.98004413e-01 3.71055782e-01 9.64709878e-01
    9.00640607e-01 7.27406859e-01 9.11119699e-01 8.62486601e-01
    5.56260943e-01 7.03228474e-01 6.99237943e-01 7.50503659e-01
    9.98255312e-01 2.20419943e-01 5.00032723e-01 9.50029790e-01
    3.64973366e-01 7.64697313e-01 2.84059942e-02 8.60848725e-02
    1.95521563e-01 1.33154720e-01 8.82899463e-01 8.04075360e-01
    1.64587170e-01 2.82370329e-01 1.51885182e-01 7.43127704e-01
    9.44316149e-01 6.77849829e-01 3.10037732e-02 2.49312162e-01
    3.65593493e-01 8.97393465e-01 9.75679815e-01 9.28938150e-01
    8.84658456e-01 4.30598021e-01 8.85508120e-01 4.97579545e-01
    2.80778348e-01 8.61309469e-01 3.23635101e-01 4.55214083e-01
    9.86323893e-01 7.25759327e-01 2.15880156e-01 2.52794683e-01
    8.43418419e-01 1.18604332e-01 5.17713010e-01 6.80396199e-01
    6.38863146e-02 6.14382923e-01 3.91670704e-01 1.66252583e-01
    8.79035473e-01 8.05274844e-01 7.80814707e-01 3.80412966e-01
    4.61813778e-01 1.87434405e-01 3.04282427e-01 2.49215245e-01
    8.43224764e-01 4.56171930e-02 2.77680278e-01 8.72354865e-01
    5.48679233e-01 7.23827541e-01 8.81581068e-01 6.65183425e-01
    9.99927223e-01 8.19042206e-01 2.92107582e-01 9.82512534e-02
    6.28814697e-01 4.38974023e-01 5.80796301e-02 6.14287496e-01
    2.10747927e-01 9.38725889e-01 9.02813911e-01 2.11603731e-01
    4.22803164e-01 5.36628783e-01 8.55388999e-01 4.59648103e-01
    8.97308946e-01 5.94308019e-01 5.66024125e-01 7.71231651e-01
    3.86050373e-01 9.30888474e-01 6.17605925e-01 8.81565452e-01
    5.06644964e-01 3.15632463e-01 7.46692359e-01 5.69008827e-01
    7.07927048e-02 8.57859492e-01 8.27401280e-01 2.57870555e-01
    5.62180936e-01 6.70795083e-01 2.03889400e-01 6.51851773e-01
    2.18218446e-01 9.05644596e-01 4.26175833e-01 5.08696437e-01
    8.50910306e-01 7.02906847e-01 9.38849926e-01 1.00245386e-01
    6.73477888e-01 1.84260130e-01 4.24187958e-01 4.82356906e-01
    5.88076472e-01 9.21693444e-01 6.27043784e-01 6.49669468e-01
    2.20014185e-01 4.70732510e-01 2.01944560e-01 9.02500451e-01
    8.85703981e-01 2.21048951e-01 2.70411372e-03 9.02708530e-01
    3.82258385e-01 9.80869412e-01 5.02249122e-01 8.77449751e-01
    4.80508268e-01 9.84881341e-01 5.48007190e-01 6.62993789e-01
    3.27307135e-01 8.82006526e-01 8.37668896e-01 2.63190687e-01
    4.71893668e-01 8.36827219e-01 2.55408823e-01 5.74395895e-01
    7.94110835e-01 3.14161181e-01 8.12693119e-01 1.68068320e-01
    2.57753491e-01 3.24500680e-01 5.28688550e-01 5.80639064e-01
    6.12975001e-01 8.49804163e-01 2.01300412e-01 1.90576047e-01
    8.72776866e-01 2.91386634e-01 3.38464975e-02 9.60772455e-01
    3.72965187e-01 9.86095548e-01 5.57236135e-01 2.82289684e-01
    4.64562297e-01 5.01656234e-02 5.84887087e-01 9.58220720e-01
    2.28873789e-02 1.80561602e-01 2.34252423e-01 7.28716314e-01
    3.19701016e-01 3.51890981e-01 5.11550009e-01 2.00475454e-02
    6.48775697e-03 6.96654081e-01 5.81275761e-01 5.74996173e-02
    3.51412296e-02 3.30174387e-01 8.83434057e-01 2.16308653e-01
    6.79390788e-01 6.26617670e-01 6.16572976e-01 1.67150438e-01
    3.47441107e-01 2.27162927e-01 1.69808418e-01 5.43885589e-01
    5.14018238e-01 7.22993612e-02 1.52538121e-01 2.31515884e-01
    9.68502045e-01 8.29253674e-01 8.54256630e-01 8.66731167e-01
    5.20007730e-01 8.28996658e-01 1.08787745e-01 3.84186745e-01
    3.06236148e-01 3.44074070e-01 9.42334533e-03 6.20692134e-01
    1.13881558e-01 4.12418067e-01 6.18371964e-02 9.15108919e-01
    8.32734942e-01 1.11967057e-01 9.09919977e-01 1.72100633e-01
    4.40998971e-01 6.21846318e-01 9.75927234e-01 3.48818719e-01
    2.14870274e-02 6.62702560e-01 8.95064354e-01 4.83397603e-01
    3.47865909e-01 4.86972243e-01 6.39850020e-01 1.57000721e-02
    9.22864974e-01 6.27815008e-01 8.95319581e-01 6.67755842e-01
    2.65803933e-02 4.03404832e-02 9.97178435e-01 3.27387452e-01
    1.88209474e-01 2.62356102e-02 6.69786394e-01 1.59164578e-01
    8.59046102e-01 3.24279606e-01 7.14670002e-01 4.96914685e-01
    4.77395952e-01 4.60973740e-01 9.34102774e-01 6.80953979e-01
    1.90210879e-01 9.31838036e-01 5.06269813e-01 3.61349046e-01
    2.54155666e-01 5.83632052e-01 3.43603492e-01 1.92945242e-01
    3.62730682e-01 9.21298981e-01 9.43224132e-01 2.71342099e-02
    2.33841360e-01 3.23662162e-03 5.62303722e-01 4.30204719e-01
    5.63773811e-02 4.35916185e-01 6.93309963e-01 6.97114229e-01
    8.87450874e-02 6.40658677e-01 2.22558141e-01 9.72744465e-01
    8.34827900e-01 9.04421151e-01 7.74757743e-01 7.41435468e-01
    5.49462676e-01 2.71301091e-01 1.94505215e-01 3.35243613e-01
    1.91716850e-01 3.11126709e-01 4.16115910e-01 6.32255912e-01
    2.15927303e-01 1.40117824e-01 8.20688367e-01 3.84325027e-01
    1.05653524e-01 8.06598902e-01 4.79653060e-01 7.65314102e-01
    2.00207233e-02 3.45139861e-01 9.40956593e-01 1.05240166e-01
    6.29225016e-01 6.88464522e-01 8.79812837e-01 6.94769084e-01
    4.08295184e-01 8.17903638e-01 5.71312666e-01 2.64171720e-01
    6.66876256e-01 2.34846771e-01 1.02375716e-01 3.65341008e-01
    8.37700963e-01 5.20736754e-01 1.34719878e-01 6.02830768e-01
    5.20851135e-01 4.27624941e-01 9.08160806e-01 6.05998278e-01
    3.37893248e-01 8.30554962e-01 1.37398124e-01 2.68005520e-01
    2.60762364e-01 6.43905938e-01 8.18410158e-01 6.92577958e-02
    2.32864916e-01 2.02152312e-01 9.26220417e-02 3.80108267e-01
    1.28722817e-01 2.96443701e-03 1.52206421e-02 6.63770139e-01
    2.27396995e-01 3.36735547e-01 3.84242833e-01 1.58825070e-01
    1.93979532e-01 6.56539202e-01 6.59850001e-01 7.54881501e-01
    2.65601456e-01 5.69836378e-01 1.78422630e-02 9.29537296e-01
    3.94418597e-01 7.05423713e-01 5.03428876e-01 4.85723346e-01
    5.89602292e-02 5.61408222e-01 7.09491551e-01 1.73466861e-01
    2.69630164e-01 7.17875659e-01 1.03259742e-01 5.76913357e-03
    6.78817987e-01 1.77652210e-01 9.31464314e-01 7.41904974e-02
    3.56397510e-01 3.06880146e-01 5.03749847e-01 2.74301767e-01
    5.11356354e-01 1.10208094e-01 8.63899231e-01 6.77512288e-01
    6.74582481e-01 8.71414900e-01 7.75947452e-01 2.08716929e-01
    8.98374021e-01 3.49874198e-01 1.42682523e-01 6.25853539e-01
    9.24253941e-01 9.48709607e-01 5.11383355e-01 9.93147373e-01
    7.69101262e-01 6.91558897e-01 6.41254663e-01 4.85371292e-01
    9.24523473e-01 9.68666673e-01 3.88862967e-01 1.61378771e-01
    9.80642021e-01 2.78096974e-01 9.95359063e-01 4.17019695e-01
    9.72132087e-01 9.77896452e-01 3.10861170e-02 1.82574183e-01
    7.77302861e-01 1.68515205e-01 3.68455827e-01 5.91269135e-02
    8.15749764e-01 9.66032505e-01 8.98046732e-01 6.99369967e-01
    9.30180430e-01 8.34691644e-01 9.56653297e-01 7.56405234e-01
    7.17108905e-01 3.27114880e-01 1.64201230e-01 5.77029824e-01
    1.90094560e-01 7.82051325e-01 5.10316551e-01 1.64229631e-01
    7.68064976e-01 8.47440362e-01 1.43068135e-02 4.79883820e-01
    3.25092703e-01 7.15689361e-01 4.03231472e-01 3.16027582e-01
    2.02763647e-01 1.25274599e-01 5.40569603e-01 5.80874622e-01
    5.85952938e-01 3.25892240e-01 7.97218442e-01 2.70939231e-01
    7.42624998e-02 5.48793256e-01 7.44009852e-01 2.42758334e-01
    9.57116842e-01 7.75268555e-01 1.02877438e-01 7.45850205e-02
    7.83952117e-01 7.33991146e-01 3.28470320e-01 3.55444908e-01
    4.20403153e-01 4.97422248e-01 5.81949115e-01 3.32152486e-01
    9.51572418e-01 4.07744169e-01 9.32742238e-01 1.26814634e-01
    1.36099756e-01 1.59348071e-01 5.32843709e-01 9.45752740e-01
    2.78443247e-01 6.66175246e-01 4.69507009e-01 8.42868328e-01
    7.92851925e-01 1.25999749e-01 2.19005048e-02 8.99249077e-01
    7.28552639e-02 9.36954618e-01 5.97180724e-02 6.28562629e-01
    7.06168413e-01 8.50016356e-01 4.96813059e-01 6.23205304e-01
    3.89657676e-01 8.41900468e-01 4.34110463e-02 7.96918154e-01
    9.85148430e-01 4.04307067e-01 2.16600448e-01 8.51413131e-01
    9.26840603e-02 3.72133315e-01 3.53401005e-01 6.01925969e-01
    3.30450356e-01 2.38392413e-01 7.75539994e-01 2.39860594e-01
    2.73243189e-01 7.28690267e-01 6.12889528e-02 1.14718229e-01
    7.55704641e-02 2.96258122e-01 4.70243901e-01 1.08874768e-01
    2.66335666e-01 7.59001136e-01 4.38357949e-01 5.75999916e-01
    5.43980598e-01 9.50947404e-01 1.63577646e-01 1.92389011e-01
    6.59075618e-01 6.66668177e-01 4.84939218e-02 5.40836513e-01
    3.44694465e-01 4.93107438e-01 3.51410598e-01 2.91180670e-01
    9.27972496e-01 9.52524304e-01 4.13852692e-01 8.74026060e-01
    3.58540833e-01 1.09649599e-02 3.26839924e-01 8.82720411e-01
    6.11203790e-01 6.47341669e-01 9.06526804e-01 1.85159355e-01
    6.88259602e-01 7.27075696e-01 8.55221510e-01 5.74884057e-01
    5.03362536e-01 5.20293713e-02 2.82355964e-01 9.76930618e-01
    1.92448795e-02 9.32748854e-01 3.58033895e-01 9.76360559e-01
    7.59143591e-01 6.32208824e-01 6.11072779e-02 6.24049544e-01
    2.89488494e-01 2.66745806e-01 4.01757479e-01 9.15365338e-01
    8.73733401e-01 6.82526708e-01 5.61444938e-01 6.28190041e-01
    4.12722439e-01 3.79289776e-01 3.87632102e-01 2.12184340e-01
    9.03763413e-01 3.67646724e-01 8.41529012e-01 9.16966915e-01
    9.92722034e-01 8.28737080e-01 1.27095908e-01 7.26009727e-01
    2.27054358e-02 7.16596484e-01 8.60884130e-01 5.34388959e-01
    6.91272378e-01 5.67822158e-02 3.32495481e-01 2.56139696e-01
    8.22419882e-01 5.77069819e-02 4.74012733e-01 7.59864867e-01
    3.79147053e-01 8.34170580e-01 9.24265087e-01 3.91613483e-01
    4.62487370e-01 6.24948561e-01 4.53161001e-01 3.72703612e-01
    5.14065027e-01 9.70700383e-01 3.01226914e-01 5.79135895e-01
    2.27795750e-01 3.38211626e-01 9.54883933e-01 9.37171340e-01
    1.46795630e-01 3.70866060e-03 9.62132215e-01 5.31206131e-01
    7.52840817e-01 9.78471637e-01 8.77255321e-01 9.86371756e-01
    7.82642066e-02 8.21644127e-01 7.02263236e-01 9.38934565e-01
    1.26639307e-01 3.88137549e-01 1.12207621e-01 4.49703991e-01
    7.61176586e-01 7.93076754e-01 7.08550632e-01 2.78825760e-01
    1.77353621e-02 5.96779585e-01 4.18760061e-01 7.66423225e-01
    8.83381605e-01 8.69443297e-01 9.74565744e-01 7.06100047e-01
    4.55858350e-01 8.69364262e-01 3.62945586e-01 1.94472849e-01
    4.30193812e-01 8.31452310e-02 1.39516145e-01 2.42928505e-01
    9.18378115e-01 1.02439642e-01 9.93067920e-02 1.59437209e-01
    9.11522985e-01 9.87884998e-02 2.89380133e-01 6.41177654e-01
    9.77107942e-01 8.42564225e-01 6.09531999e-01 7.84310579e-01
    1.97590947e-01 6.76262438e-01 5.16727388e-01 3.41589510e-01
    8.04532766e-01 6.69999361e-01 5.80828786e-01 6.96920574e-01
    4.85527098e-01 9.75622952e-01 3.15074325e-01 3.26405108e-01
    5.98567843e-01 9.69268799e-01 4.69662547e-01 1.72429919e-01
    2.40152270e-01 9.48954761e-01 4.30924296e-01 4.57905501e-01
    1.73128903e-01 4.36611891e-01 5.17912388e-01 8.37048233e-01
    4.50866997e-01 2.17359304e-01 4.29935962e-01 1.19004637e-01
    8.48672271e-01 1.14841461e-02 9.56859469e-01 5.83077073e-02
    4.24143314e-01 4.78804260e-01 1.02038890e-01 9.92570639e-01
    6.13076270e-01 5.67373157e-01 5.57414293e-01 8.79545808e-02
    8.56972933e-01 7.86747813e-01 2.16584623e-01 4.82486188e-01
    1.70722038e-01 1.08677655e-01 1.77211672e-01 8.73543620e-02
    1.37893081e-01 8.40646863e-01 6.26531959e-01 8.42142582e-01
    1.61608905e-01 8.76543462e-01 1.36979818e-01 2.57555276e-01
    9.44604278e-01 5.53347409e-01 8.97007883e-02 7.52690434e-01
    7.24546850e-01 8.66332650e-02 1.72052085e-01 5.72436750e-02
    1.78319454e-01 6.26363635e-01 5.22927046e-02 7.44999647e-01
    6.42778754e-01 7.07271099e-02 9.55605447e-01 2.70348847e-01
    1.85855776e-01 6.62476778e-01 2.52649665e-01 6.12681508e-01
    8.69316220e-01 7.93335199e-01 4.84439582e-01 3.63760531e-01
    9.59177911e-01 5.83136916e-01 3.84801328e-01 3.10029089e-02
    9.21959758e-01 6.89324617e-01 4.95017290e-01 8.12044740e-02
    9.69359636e-01 7.68169761e-01 3.10059905e-01 8.31705332e-03
    4.92442220e-01 8.49044919e-02 9.89914179e-01 2.43473440e-01
    4.74677682e-02 2.95812786e-02 9.98408556e-01 1.13697141e-01
    9.91091013e-01 1.04977250e-01 9.47913051e-01 2.56411433e-02
    1.28329992e-01 1.20194316e-01 5.98574817e-01 9.77339089e-01
    4.36601639e-01 8.58457327e-01 9.08883750e-01 1.64520681e-01
    4.53210235e-01 3.87355238e-01 3.41830879e-01 1.12458676e-01
    7.09257722e-01 8.38072419e-01 4.74145949e-01 8.84750843e-01
    8.44519615e-01 2.62787998e-01 4.49409455e-01 4.90391314e-01
    4.64718252e-01 9.27994728e-01 2.65479505e-01 3.48590374e-01
    1.52940243e-01 9.34057951e-01 2.74830222e-01 7.68968821e-01
    6.64010048e-01 6.57821059e-01 8.04374814e-02 4.60668325e-01
    8.81216526e-01 3.56173515e-01 9.21779394e-01 2.06930190e-01
    8.02373409e-01 6.44414127e-02 7.20603466e-02 9.13513303e-01
    1.87830478e-01 2.87947297e-01 4.60893154e-01 1.70841545e-01
    2.64486194e-01 7.92412281e-01 7.43038356e-01 3.71980071e-01
    8.77553105e-01 6.42633379e-01 7.16048777e-01 8.57279181e-01
    7.66658783e-02 3.79937053e-01 8.39037418e-01 1.84031636e-01
    2.69964933e-01 7.95757055e-01 6.83078825e-01 8.34645033e-01
    7.56840348e-01 6.01576567e-01 1.07275486e-01 7.81709433e-01
    4.99694616e-01 8.34687948e-01 8.26305866e-01 7.97685087e-02
    1.76806927e-01 4.83814925e-01 9.86320436e-01 1.49475843e-01
    6.16019011e-01 4.35622990e-01 8.41212928e-01 4.48556572e-01
    9.50040102e-01 2.71178544e-01 7.21792459e-01 5.74890792e-01
    9.61662412e-01 8.57092142e-01 5.43773055e-01 7.91157842e-01
    7.99954236e-01 6.96542501e-01 6.85474515e-01 1.23191088e-01
    7.01853991e-01 1.74984366e-01 4.32069361e-01 4.78664339e-01
    1.29611969e-01 2.30143398e-01 7.41058469e-01 6.75663948e-01
    1.77386135e-01 4.17925417e-02 1.69797093e-01 7.43144274e-01
    3.99518609e-01 1.41758144e-01 3.00704002e-01 3.53895783e-01
    8.40250492e-01 4.40658331e-01 3.26508760e-01 3.04717183e-01
    1.09201998e-01 3.37945223e-02 6.28976405e-01 7.06118941e-01
    4.61430371e-01 2.72624493e-02 3.05689931e-01 9.76999164e-01
    1.79923981e-01 7.06837773e-01 1.08914346e-01 9.36412930e-01
    8.00854921e-01 6.07354343e-01 1.31028563e-01 7.23918200e-01
    4.82082725e-01 6.22672677e-01 4.79242653e-01 8.83324265e-01
    6.38746023e-02 1.57457769e-01 9.20912325e-01 3.79337996e-01
    2.54083633e-01 9.65938866e-02 2.62958288e-01 3.73783708e-01
    8.17824006e-01 3.43267381e-01 3.58673394e-01 7.46432662e-01
    9.48658466e-01 8.92550349e-01 4.08435464e-02 9.54613984e-01
    3.68383497e-01 2.63949096e-01 5.74695349e-01 7.69074678e-01
    2.16021746e-01 5.10678172e-01 5.62793434e-01 3.04579288e-01
    4.45012122e-01 7.46415615e-01 1.89082950e-01 5.95489740e-01
    6.25430584e-01 2.97275633e-01 2.60838568e-01 3.85985076e-01
    7.27797866e-01 1.54201418e-01 6.79424703e-01 8.76908183e-01
    9.78693366e-03 4.07220781e-01 4.25310731e-02 7.07401991e-01
    4.41566110e-01 5.85379362e-01 7.58086801e-01 4.57276344e-01
    9.87012029e-01 7.22773314e-01 6.13439858e-01 6.06526852e-01
    4.81830001e-01 8.84066820e-02 4.83748019e-02 7.47885227e-01
    9.90090191e-01 6.41886711e-01 6.21521413e-01 4.14159685e-01
    2.36769229e-01 1.03883803e-01 7.50580311e-01 7.82354593e-01
    1.68053657e-01 5.61777830e-01 6.49338961e-02 3.10054481e-01
    5.63696027e-03 2.86530852e-02 3.42156351e-01 5.37655950e-01
    4.23126847e-01 7.92353153e-02 7.65391588e-02 1.57398731e-01
    2.24896818e-01 6.56373858e-01 4.37975109e-01 1.82665884e-02
    5.61321020e-01 8.47923875e-01 7.50706196e-01 4.72495198e-01
    6.23422563e-01 2.53578395e-01 6.01975262e-01 5.46712279e-01
    1.66645110e-01 1.47361964e-01 6.00553453e-01 2.59217560e-01
    7.55521297e-01 6.33850515e-01 4.19889867e-01 6.16533160e-02
    6.10338151e-02 5.03974974e-01 4.81452078e-01 4.74299312e-01
    9.91237104e-01 3.66717756e-01 4.55194503e-01 9.30797219e-01
    2.65670925e-01 5.35324633e-01 5.62600851e-01 4.11689073e-01
    3.46126139e-01 1.37979120e-01 6.01534963e-01 9.25158024e-01
    5.21639585e-02 8.15678179e-01 5.23814797e-01 1.96896970e-01
    1.95640624e-01 1.93588883e-01 1.63172424e-01 3.59200984e-01
    4.59796876e-01 4.31304574e-02 4.61946100e-01 5.74341297e-01
    6.54777884e-03 4.81514782e-01 1.08966500e-01 1.60947055e-01
    1.85988337e-01 2.31168419e-01 9.80797529e-01 7.09855556e-01
    7.35302687e-01 7.12381840e-01 7.71477222e-01 2.97043025e-01
    4.28652763e-03 1.21833533e-01 4.08888102e-01 6.16882622e-01
    9.32706356e-01 2.41815180e-01 3.73560905e-01 2.17671335e-01
    9.90927875e-01 2.09518164e-01 8.40765476e-01 3.90812755e-03
    3.24586034e-02 2.28641808e-01 4.95343536e-01 9.90435302e-01
    8.46714377e-01 7.37237334e-01 8.15728307e-01 9.01401937e-02
    8.94690931e-01 1.08355761e-01 8.43167901e-02 5.05705535e-01
    4.04048502e-01 9.77115214e-01 3.64844382e-01 7.03941882e-01
    9.19100404e-01 3.01020861e-01 7.39759445e-01 8.03724825e-02
    1.02282822e-01 5.95749974e-01 7.95852959e-01 1.83409184e-01
    6.41508341e-01 3.48442972e-01 4.34766412e-01 4.00849432e-01
    4.24965411e-01 4.48226780e-01 8.50280046e-01 3.75168622e-01
    2.77437061e-01 1.72305048e-01 8.05868506e-01 6.96526587e-01
    4.26598430e-01 4.01829898e-01 1.84291840e-01 9.77456570e-01
    4.61268067e-01 4.24786061e-01 2.19874561e-01 9.35865879e-01
    7.77073562e-01 5.14104187e-01 8.91880631e-01 2.27221102e-01
    8.43396842e-01 8.26204419e-01 1.23477966e-01 7.13773966e-01
    7.82856703e-01 2.04201847e-01 5.53670704e-01 1.10514641e-01
    1.86527014e-01 3.97337437e-01 1.42212659e-01 1.96275353e-01
    8.24611783e-01 8.25035810e-01 8.88727665e-01 6.25713468e-01
    8.98503125e-01 7.03206122e-01 2.98432708e-02 7.69938588e-01
    3.54921222e-01 7.27051854e-01 7.33589113e-01 6.06430233e-01
    9.58813310e-01 4.32195097e-01 3.79736125e-01 5.67357063e-01
    9.62991953e-01 8.66931856e-01 3.10035706e-01 8.17398787e-01
    4.79955345e-01 3.83241683e-01 2.49479651e-01 8.09562504e-01
    6.05953097e-01 7.99310923e-01 2.63659060e-02 4.03703332e-01
    5.71366668e-01 4.34876293e-01 7.14719653e-01 8.28148365e-01
    6.56937718e-01 4.92412210e-01 5.28639555e-01 6.05859816e-01
    9.08666730e-01 7.79560089e-01 3.38909656e-01 2.52263606e-01
    6.81342542e-01 2.12219983e-01 8.33058000e-01 2.37968475e-01
    5.08064032e-02 1.22548401e-01 7.41435230e-01 2.01800674e-01
    5.96695542e-01 1.86715424e-02 9.54568684e-02 2.97713697e-01
    2.15449184e-01 2.25840002e-01 8.11647415e-01 3.16214025e-01
    5.02157748e-01 6.26229525e-01 3.15715969e-01 5.16286433e-01
    7.58183300e-01 5.04978359e-01 6.71265364e-01 2.68413067e-01
    1.11865163e-01 8.40403199e-01 5.64085543e-02 2.09291011e-01
    6.45130634e-01 9.75962162e-01 1.97366446e-01 2.57337391e-01
    4.90199924e-01 2.47195631e-01 9.66862619e-01 8.03642809e-01
    5.00570714e-01 8.25313926e-01 3.54181290e-01 7.07201064e-01
    2.17516035e-01 4.52270269e-01 9.21076715e-01 3.17457080e-01
    4.08506870e-01 3.37865949e-01 9.93707359e-01 9.57648158e-02
    3.43534231e-01 1.25348121e-01 1.89987063e-01 6.67360187e-01
    1.32514715e-01 6.52510285e-01 4.77359623e-01 1.53543830e-01
    8.85527372e-01 9.01155829e-01 8.26818585e-01 7.11703062e-01
    5.91112435e-01 6.94405496e-01 4.33212429e-01 3.66028965e-01
    5.60128748e-01 5.88618338e-01 4.30102885e-01 4.43154573e-01
    5.64198971e-01 8.32114339e-01 7.39726603e-01 8.00985217e-01
    2.29509622e-01 2.75384724e-01 4.32289481e-01 2.23426670e-01
    3.81720543e-01 1.17308080e-01 3.09274286e-01 9.31217670e-02
    1.31477445e-01 9.09311056e-01 5.12614548e-01 6.02250695e-01
    9.52173412e-01 1.48070097e-01 4.58389044e-01 2.91968226e-01
    5.16333699e-01 8.73913288e-01 6.91837132e-01 8.34752083e-01
    2.82823741e-01 5.15097797e-01 1.68413013e-01 3.23599279e-01
    8.48913312e-01 7.36345768e-01 4.48943883e-01 9.67115521e-01
    7.98464775e-01 7.95108140e-01 2.17479616e-01 3.10778737e-01
    8.33793283e-01 2.76269019e-01 8.19998145e-01 1.34388626e-01
    9.51564968e-01 5.35222232e-01 6.01465583e-01 9.35161114e-02
    9.95239079e-01 7.50669479e-01 4.87705618e-01 9.55635548e-01
    1.68114215e-01 6.58514857e-01 1.12369925e-01 1.51528090e-01
    1.15689725e-01 9.37653840e-01 1.75733417e-01 7.06014633e-01
    8.63300383e-01 4.80004013e-01 7.18339264e-01 9.37095165e-01
    2.40255594e-02 8.47800970e-01 1.25154495e-01 2.44070053e-01
    2.78361380e-01 8.37751389e-01 3.34819376e-01 6.31779730e-02
    8.32033873e-01 1.97149664e-01 9.11616385e-01 1.90903008e-01
    6.47878170e-01 7.14587867e-02 3.72743547e-01 6.15957856e-01
    1.53188854e-01 6.81097567e-01 5.50582945e-01 3.96456420e-02
    8.06153893e-01 8.00305843e-01 3.00493568e-01 6.86800480e-03
    1.39862120e-01 9.37745333e-01 3.97267163e-01 1.25455827e-01
    5.12184858e-01 2.83894271e-01 9.78182912e-01 3.83440256e-01
    2.96121359e-01 6.37192190e-01 1.23851776e-01 7.18809366e-01
    1.48600638e-01 2.23793477e-01 5.35141408e-01 3.56714129e-01
    6.37776136e-01 5.14889061e-01 3.79671156e-02 3.01199555e-01
    5.98006368e-01 7.42964983e-01 2.92235196e-01 8.46553802e-01
    8.62323523e-01 4.06517267e-01 3.56884211e-01 4.78444964e-01
    8.99375319e-01 8.54047775e-01 6.28420174e-01 3.66795868e-01
    6.50906205e-01 9.91311371e-02 5.74164629e-01 7.27324367e-01
    5.46606481e-02 3.88835162e-01 4.35559601e-01 5.14328182e-02
    2.44667023e-01 6.99398816e-01 7.43714213e-01 4.18249249e-01
    2.06225514e-01 2.76924253e-01 1.92725688e-01 1.52993798e-01
    4.39958870e-02 2.62736619e-01 2.36311346e-01 6.75335050e-01
    7.65110970e-01 9.17142510e-01 2.97376513e-02 3.42527479e-01
    8.88971627e-01 9.14715528e-02 9.89722729e-01 2.78472364e-01
    9.65999782e-01 9.29776967e-01 9.65050638e-01 4.26664114e-01
    3.63668501e-02 9.13194478e-01 7.83151984e-02 9.41460609e-01
    2.61646688e-01 4.95706797e-01 8.05219710e-02 2.54555702e-01
    3.52966368e-01 6.76611423e-01 4.53036577e-01 9.31932032e-02
    9.04974818e-01 2.11529940e-01 8.28049242e-01 4.01927292e-01
    5.53776622e-01 5.66151142e-01 7.69115508e-01 6.40116155e-01
    9.39660668e-01 5.73104441e-01 8.76056194e-01 7.61095524e-01
    1.08576417e-02 4.48885024e-01 4.21250194e-01 6.34649813e-01
    2.66358137e-01 4.05282617e-01 2.82705724e-01 4.76071715e-01
    4.86931324e-01 2.08658844e-01 6.91131949e-01 4.51624990e-02
    6.10155225e-01 8.15165162e-01 4.94280457e-02 1.51201963e-01
    8.91073108e-01 1.64466888e-01 3.66133273e-01 1.82917625e-01
    3.47109139e-01 7.21401095e-01 2.70637870e-02 4.11566973e-01
    3.66438895e-01 3.52113008e-01 4.33800906e-01 8.20297599e-01
    7.96918988e-01 9.97673452e-01 1.14131570e-01 4.78812933e-01
    9.98150408e-02 7.92061567e-01 6.46118045e-01 8.77758265e-01
    2.28000134e-01 7.85683215e-01 8.89424622e-01 3.78180087e-01
    1.84904188e-01 3.31802189e-01 8.76689672e-01 2.53709912e-01
    3.45131159e-02 6.51650071e-01 3.70745420e-01 1.94587409e-02
    8.46499503e-02 1.03963137e-01 4.68773365e-01 6.82906210e-01
    2.13322431e-01 5.94590604e-01 7.36661851e-01 6.41795456e-01
    7.49477565e-01 3.65165591e-01 1.58803314e-01 3.76376063e-01
    3.98753285e-02 7.52676845e-01 5.19783258e-01 9.64212775e-01
    2.65715659e-01 7.90267408e-01 1.02814496e-01 1.12938583e-02
    2.41261989e-01 7.31573343e-01 8.66857648e-01 2.10450679e-01
    2.87500679e-01 1.16915643e-01 1.40227914e-01 7.77834535e-01
    2.50945449e-01 1.13840610e-01 4.64731932e-01 4.48084503e-01
    7.05041945e-01 5.21191001e-01 2.19511777e-01 5.56430101e-01
    1.76294953e-01 6.89610898e-01 9.92309988e-01 9.32249427e-03
    9.08018589e-01 5.94607174e-01 4.24236059e-03 4.51249808e-01
    4.10405964e-01 1.67171657e-01 5.26230335e-02 2.84841269e-01
    8.42965961e-01 3.10508490e-01 4.66978729e-01 4.72057641e-01
    6.48612142e-01 3.80599737e-01 9.00280356e-01 4.27929342e-01
    9.46076035e-01 9.74730730e-01 4.53118593e-01 6.01525545e-01
    5.00842392e-01 5.86677790e-02 7.95154750e-01 1.26501501e-01
    1.19140714e-01 1.71010792e-01 8.56638253e-01 7.49771953e-01
    2.50832200e-01 7.58991122e-01 9.15202379e-01 1.51047289e-01
    9.52144146e-01 9.53459561e-01 2.46762067e-01 2.16438442e-01
    2.82378435e-01 5.13048112e-01 7.70667076e-01 2.96991229e-01
    1.44786239e-02 5.29527664e-04 7.21418142e-01 8.73400390e-01
    3.37486446e-01 6.61698580e-02 8.82707715e-01 8.58160734e-01
    5.02766848e-01 3.97966683e-01 6.24479711e-01 8.84015620e-01
    4.45257694e-01 7.43593574e-01 5.03209591e-01 2.22676724e-01
    1.75657094e-01 1.44276321e-02 5.54855168e-02 4.83682632e-01
    9.44721460e-01 2.59159029e-01 8.81292343e-01 3.86828572e-01
    9.80033994e-01 4.06582355e-01 4.02079076e-01 9.72611547e-01
    8.51173520e-01 2.98779309e-02 1.38643116e-01 1.57941371e-01
    3.89215827e-01 6.22566760e-01 1.18611068e-01 9.47796345e-01
    5.02219081e-01 6.62805855e-01 4.93598968e-01 7.15938926e-01
    5.89452684e-01 7.97105551e-01 1.96256042e-02 8.50566149e-01
    3.38913977e-01 3.02762210e-01 6.83016181e-01 5.47719061e-01
    9.35059488e-01 8.26782823e-01 5.12039781e-01 8.97147894e-01
    8.57421219e-01 2.37056911e-02 2.39415526e-01 1.61083221e-01
    6.91483557e-01 9.88123477e-01 9.82542336e-02 4.09452975e-01
    5.38622379e-01 4.55463558e-01 9.07444477e-01 5.22166312e-01
    2.48391479e-01 9.38559532e-01 7.50722349e-01 7.24568844e-01
    9.98718858e-01 8.76318812e-01 3.95850658e-01 7.04253674e-01
    6.80878401e-01 4.63141769e-01 1.18114889e-01 3.35116684e-01
    4.78803068e-01 6.36089146e-02 9.42915261e-01 9.55068767e-01
    3.49234283e-01 4.87452388e-01 5.57428241e-01 7.09089398e-01
    6.10519171e-01 8.52388740e-01 8.15178990e-01 2.41482228e-01
    8.04473042e-01 9.26989436e-01 9.74778771e-01 2.14856625e-01
    5.30277908e-01 8.00172448e-01 7.43647099e-01 1.09126925e-01
    5.52194417e-02 3.88076365e-01 3.32698166e-01 3.15826446e-01
    6.21022940e-01 4.06588554e-01 6.22491777e-01 3.74529481e-01
    4.10450280e-01 3.40484411e-01 1.93578422e-01 3.93380821e-01
    9.14074421e-01 8.65071118e-02 6.94273472e-01 3.15855503e-01
    7.99533010e-01 5.34472406e-01 2.49784708e-01 8.96270275e-01
    9.90720868e-01 5.38504303e-01 2.11530924e-01 2.57333934e-01
    8.09736729e-01 4.51730520e-01 5.50186694e-01 9.82339621e-01
    1.74693227e-01 6.11382425e-01 3.34999233e-01 5.66354752e-01
    2.22110301e-01 3.68695557e-01 7.36678421e-01 8.34298313e-01
    9.77256775e-01 6.04268610e-01 3.85916829e-02 6.99278116e-02
    4.40024853e-01 9.12134290e-01 7.09885478e-01 6.30629778e-01
    6.44273996e-01 3.75998348e-01 6.19002938e-01 5.25643468e-01
    9.24222708e-01 9.26838636e-01 9.24218535e-01 6.90425932e-02
    8.13316345e-01 9.18181598e-01 6.05476856e-01 5.71911693e-01
    3.67624402e-01 4.60559636e-01 1.68193966e-01 7.16138303e-01
    4.54619378e-01 6.44125283e-01 3.13135445e-01 2.08759904e-01
    9.13527966e-01 3.78619045e-01 5.45640409e-01 2.10716307e-01
    7.31706142e-01 6.18893623e-01 6.43943787e-01 4.55415279e-01
    4.50221717e-01 5.19517541e-01 8.82267475e-01 8.85850906e-01
    8.50498199e-01 4.60346848e-01 4.74068403e-01 2.32988954e-01
    7.09224761e-01 7.24575043e-01 4.01223838e-01 4.92170334e-01
    7.42646813e-01 8.19541812e-02 5.22853434e-01 6.21962726e-01
    2.34125465e-01 4.56012547e-01 2.76311338e-02 6.20027721e-01
    4.14094359e-01 3.44134688e-01 2.62044430e-01 5.47134459e-01
    5.63085914e-01 9.92451906e-02 3.41672152e-01 6.42745256e-01
    1.61561161e-01 1.40294850e-01 1.84332997e-01 4.23861206e-01
    9.58585620e-01 1.59918189e-01 2.78247476e-01 6.43623114e-01
    4.63273108e-01 3.16805035e-01 7.73921311e-02 1.01368159e-01
    9.70851660e-01 3.80326092e-01 1.23915523e-01 8.88221204e-01
    5.32287955e-01 1.64210141e-01 5.19719183e-01 4.91440892e-01
    8.79957438e-01 5.57421148e-01 8.97930324e-01 1.54592723e-01
    6.72500193e-01 4.96817380e-01 8.28387380e-01 4.94965971e-01
    7.83914387e-01 7.40141034e-01 3.84528786e-01 7.67950177e-01
    2.99041510e-01 2.50604779e-01 7.95137763e-01 5.29892027e-01
    9.77884531e-02 7.22979248e-01 6.52932942e-01 6.33725882e-01
    1.55800521e-01 6.69347942e-01 2.38059461e-02 9.84168231e-01
    4.56491947e-01 5.74146271e-01 9.00378585e-01 3.02534163e-01
    3.47790718e-01 4.12830770e-01 9.18763876e-01 4.32091415e-01
    7.53192008e-01 7.43148029e-02 8.67176473e-01 2.84604907e-01
    2.09601015e-01 8.73160839e-01 3.83698821e-01 5.46217382e-01
    4.83285308e-01 2.50617266e-01 2.41386652e-01 4.05476987e-01
    4.87641186e-01 2.94374406e-01 4.42021966e-01 3.23885977e-01
    1.55357331e-01 2.42267132e-01 9.03379202e-01 3.01584721e-01
    1.87957525e-01 8.29264164e-01 7.95618773e-01 3.54621172e-01
    4.57965165e-01 7.40395844e-01 6.08627677e-01 3.28188747e-01
    5.78968287e-01 8.36694479e-01 2.76092023e-01 8.32409620e-01
    2.15142220e-01 6.46284223e-02 3.61857861e-01 1.74574852e-01
    7.20469713e-01 9.07019854e-01 7.82806277e-01 6.76199853e-01
    9.75871682e-01 9.06242907e-01 7.10383952e-01 8.28437865e-01
    8.76377702e-01 8.91376495e-01 4.25232828e-01 1.97924167e-01
    5.33339143e-01 6.47005498e-01 6.09552503e-01 8.03736329e-01
    4.97530252e-01 3.40659678e-01 8.74564052e-01 4.72816795e-01
    5.74325621e-01 1.10298395e-01 5.01395047e-01 1.95201546e-01
    8.09710622e-01 9.70787287e-01 8.05268407e-01 2.25310475e-01
    3.27975214e-01 7.37840772e-01 6.71699166e-01 9.22554016e-01
    1.19838595e-01 6.01743877e-01 7.92588234e-01 9.39377487e-01
    6.80204391e-01 3.18610489e-01 9.11739826e-01 7.33841419e-01
    1.64748132e-02 9.90351796e-01 4.56171095e-01 2.07134396e-01
    4.92061675e-01 5.03692389e-01 7.88963914e-01 5.84382057e-01
    9.25740421e-01 3.21753591e-01 8.27304602e-01 7.84291029e-01
    6.98695481e-02 3.72885883e-01 8.64793181e-01 3.90386790e-01
    6.31375849e-01 7.90180087e-01 8.41943324e-02 6.74673915e-02
    6.58746004e-01 4.69092071e-01 3.17392409e-01 5.90698659e-01
    3.44840825e-01 6.26302361e-01 7.08820224e-01 7.02588677e-01
    8.13208163e-01 1.92097604e-01 5.05423784e-01 2.13282406e-02
    1.65320367e-01 6.43790841e-01 5.70385933e-01 5.87690473e-02
    7.85692215e-01 4.77061719e-01 6.31940544e-01 3.49901199e-01
    5.63506722e-01 6.63263738e-01 6.25433564e-01 8.64376724e-01
    3.79797012e-01 6.50022626e-02 4.56323326e-02 2.63271928e-01
    5.55475891e-01 6.17661536e-01 5.62569857e-01 4.01168108e-01
    3.70185882e-01 8.34499300e-02 8.05626154e-01 7.91343331e-01
    1.17343396e-01 1.87587440e-02 1.79514259e-01 8.62209320e-01
    2.28766829e-01 4.11124766e-01 2.17396349e-01 9.73720133e-01
    2.71861166e-01 7.52333701e-02 2.09604591e-01 7.06788719e-01
    3.29861850e-01 4.30749446e-01 2.98416138e-01 3.24855536e-01
    1.68142736e-01 5.86378574e-01 4.63727385e-01 2.91027397e-01
    2.31872618e-01 7.74921954e-01 8.78877521e-01 1.47496283e-01
    9.67516422e-01 7.48405576e-01 1.98460221e-02 9.93599534e-01
    7.99677074e-02 5.31335592e-01 7.25660026e-01 1.71944708e-01
    9.19400334e-01 6.06849909e-01 1.93789303e-01 7.08333135e-01
    5.84180295e-01 4.05919939e-01 2.29470879e-01 1.91317439e-01
    7.34465837e-01 8.92380118e-01 7.33251691e-01 3.13961685e-01
    5.35998344e-01 7.41268039e-01 7.07406580e-01 8.50279391e-01
    6.91533387e-01 8.34561706e-01 9.91565287e-02 3.55108768e-01
    9.82576609e-01 7.37416863e-01 1.59596920e-01 3.82160306e-01
    1.29117429e-01 4.85612363e-01 6.25254214e-01 7.47245252e-02
    3.24072838e-01 1.02652818e-01 4.17274445e-01 3.70752692e-01
    4.55564052e-01 9.34754014e-01 3.97237748e-01 3.83746147e-01
    5.30967891e-01 4.53686714e-01 9.15108204e-01 7.86548853e-01
    7.94525981e-01 6.08673990e-02 1.45186722e-01 1.87692970e-01
    4.70312655e-01 9.79319215e-01 6.95980072e-01 1.54115736e-01
    6.55198157e-01 8.46572399e-01 5.86839855e-01 2.79886842e-01
    7.60646701e-01 5.70331275e-01 8.75402033e-01 1.39817417e-01
    3.50133896e-01 1.92319751e-01 1.83577359e-01 4.01118696e-01
    1.00879073e-01 1.84703767e-02 3.11287820e-01 1.30663037e-01
    6.67587399e-01 6.73240900e-01 3.75535786e-01 8.97441030e-01
    3.87044638e-01 6.22925937e-01 6.39609277e-01 9.81565654e-01
    6.90302193e-01 7.68137574e-01 2.11640239e-01 6.46083355e-01
    9.62554097e-01 7.63311863e-01 4.88032907e-01 9.91391182e-01
    4.06586707e-01 2.43321180e-01 3.61524224e-02 3.09648633e-01
    8.56487036e-01 9.83625293e-01 3.10838073e-01 5.58051467e-03
    2.42010772e-01 1.11338645e-01 8.68209124e-01 5.91353834e-01
    8.56261134e-01 9.22154903e-01 9.08659816e-01 4.60291773e-01
    7.72585273e-02 4.46625441e-01 9.64405417e-01 5.13921678e-01
    9.36748147e-01 1.18271351e-01 1.51093483e-01 4.35920864e-01
    7.66570091e-01 6.01643920e-01 8.18138301e-01 6.11844301e-01
    2.27886170e-01 1.36741519e-01 3.99722815e-01 3.05246234e-01
    6.20386302e-01 1.54983401e-01 2.10984021e-01 5.60765386e-01
    1.64138615e-01 7.86103964e-01 7.03239441e-01 3.00405532e-01
    9.87558663e-01 3.21507871e-01 8.34285498e-01 8.24115753e-01
    9.33091044e-01 8.20338547e-01 9.01844144e-01 4.68478858e-01
    6.94344640e-02 4.00973916e-01 1.13040209e-02 7.88141191e-02
    8.85177851e-01 9.37740088e-01 9.35763717e-01 1.97260082e-02
    9.84742403e-01 2.67113268e-01 4.07823920e-01 7.14533448e-01
    7.06624389e-01 2.61453211e-01 1.76864862e-01 7.57319570e-01
    3.13967466e-01 9.08794165e-01 6.06718659e-01 4.68815863e-02
    2.19938308e-01 2.61785507e-01 6.47693634e-01 1.00309789e-01
    8.05837810e-01 7.17813313e-01 2.95992017e-01 1.45858914e-01
    3.27129185e-01 4.30454105e-01 1.94825828e-02 7.62581348e-01
    9.62012529e-01 4.47075665e-02 6.94817781e-01 4.07879740e-01
    4.95861381e-01 2.94958025e-01 5.72527170e-01 1.64493352e-01
    1.14969939e-01 9.34556305e-01 1.57632649e-01 4.48174149e-01
    2.59353459e-01 8.15304160e-01 5.50661087e-01 9.30644870e-01
    6.66324556e-01 7.78360963e-01 1.22979075e-01 3.34943682e-01
    5.07277727e-01 8.14794421e-01 4.22817349e-01 5.07112622e-01
    2.19286650e-01 6.12033784e-01 5.10811746e-01 3.43014121e-01
    5.31879544e-01 7.72404492e-01 7.82026052e-01 4.52544719e-01
    4.43091661e-01 9.05808687e-01 2.68303156e-02 1.46364659e-01
    2.97084272e-01 2.56216019e-01 2.39916474e-01 5.07155359e-02
    5.29535353e-01 7.95301199e-01 9.14221942e-01 1.19521976e-01
    1.32383615e-01 6.65553093e-01 6.75819635e-01 6.09862804e-02
    7.25430548e-01 1.63506150e-01 5.17302632e-01 2.97524750e-01
    9.31428432e-01 1.88134134e-01 3.64758670e-01 6.67593360e-01
    1.45268738e-01 7.24076986e-01 9.30485606e-01 2.34019339e-01
    8.02366257e-01 6.18373156e-01 3.52686614e-01 4.72879320e-01
    2.60771334e-01 6.84499562e-01 6.84079051e-01 8.75206590e-01
    6.59603596e-01 4.29230362e-01 3.69984269e-01 9.52261329e-01
    7.14199841e-01 2.11221457e-01 2.54397452e-01 9.69395041e-01
    9.82517242e-01 2.03747034e-01 9.74299312e-01 3.90834510e-01
    7.73683190e-01 1.20915055e-01 5.34845233e-01 9.37489271e-01
    7.30901122e-01 2.04606742e-01 4.25261527e-01 8.73538435e-01
    7.77280688e-01 7.30175495e-01 1.33022100e-01 2.74066627e-02
    9.45643425e-01 5.32061636e-01 3.15506756e-02 6.13629580e-01
    8.15906525e-01 7.05472052e-01 6.88162088e-01 7.89185047e-01
    8.27257037e-01 3.50651145e-01 2.72678077e-01 9.30048048e-01
    4.59340692e-01 1.58405840e-01 7.68224299e-01 6.00354731e-01
    7.98559666e-01 8.45217884e-01 2.05831915e-01 2.66839832e-01
    6.75466657e-02 8.78588200e-01 7.97680438e-01 1.15457535e-01
    7.76830852e-01 1.67622179e-01 6.27928197e-01 7.59122610e-01
    2.22885579e-01 6.38613224e-01 6.29462540e-01 6.38262749e-01
    4.39636886e-01 1.51810646e-02 7.70373225e-01 2.11898357e-01
    9.01557267e-01 2.18330830e-01 7.04791903e-01 2.02553391e-01
    6.53792262e-01 7.28726029e-01 3.88305604e-01 4.55537885e-01
    8.28568339e-01 3.29685152e-01 4.91632730e-01 6.43880188e-01
    5.31853437e-01 3.98147702e-02 8.52275610e-01 4.28662479e-01
    6.80867612e-01 5.59090674e-01 3.31283450e-01 8.21388006e-01
    6.90259814e-01 4.41209316e-01 4.35043752e-01 8.11364949e-01
    8.14316511e-01 5.38869321e-01 5.24027526e-01 2.49390006e-02
    3.87024909e-01 3.65360022e-01 7.37656534e-01 2.40538090e-01
    6.38354838e-01 6.39774382e-01 1.43654048e-02 2.48893529e-01
    9.33253467e-01 9.24167216e-01 3.12682062e-01 2.54175186e-01
    8.38376999e-01 2.34991729e-01 6.24989629e-01 7.39707649e-02
    6.57840073e-01 8.24689865e-01 3.60580087e-01 4.54862654e-01
    6.25790775e-01 5.60184479e-01 4.43223119e-02 4.84496832e-01
    7.03594387e-01 6.18640065e-01 8.19964826e-01 2.22615302e-02
    1.65400624e-01 1.97532445e-01 6.27193570e-01 5.73730052e-01
    1.32616222e-01 1.11841798e-01 3.44743967e-01 1.96885139e-01
    6.59759402e-01 9.50266361e-01 8.97241116e-01 8.73661816e-01
    5.04603386e-02 5.69184542e-01 8.80175114e-01 3.38385373e-01
    1.44004196e-01 8.86101127e-01 8.87742281e-01 5.81789136e-01
    3.48231554e-01 3.33352387e-01 8.66162181e-01 7.37073123e-02
    3.87578279e-01 6.92632675e-01 6.01537704e-01 5.79630613e-01
    4.26916271e-01 8.22984874e-01 6.07903898e-01 5.58808029e-01
    9.38086510e-01 4.54406947e-01 5.17051816e-01 8.52169096e-02
    7.61353672e-02 4.90142941e-01 5.13882875e-01 2.84679055e-01
    6.16374552e-01 1.99247807e-01 7.36418009e-01 7.04859316e-01
    3.51156235e-01 8.42326999e-01 3.79349589e-01 9.73650455e-01
    5.24462700e-01 9.06248152e-01 7.28771150e-01 6.17837429e-01
    8.36163640e-01 3.28323483e-01 8.73365521e-01 1.85456574e-02
    1.49514824e-01 6.11199021e-01 6.73767328e-02 7.75285363e-01
    2.78034806e-03 4.60691363e-01 5.98082304e-01 1.39716953e-01
    6.80472732e-01 6.19442284e-01 4.02377546e-02 7.33411431e-01
    5.88416159e-01 2.68518806e-01 7.06693888e-01 2.98080355e-01
    4.35985953e-01 2.63446033e-01 5.75011969e-03 7.57988572e-01
    5.41391253e-01 3.07755679e-01 2.37681955e-01 9.71228659e-01
    7.67340362e-01 6.78792119e-01 7.60437012e-01 5.84064662e-01
    2.52222121e-01 3.74705374e-01 3.11692983e-01 7.82847285e-01
    8.44794154e-01 3.90850008e-01 9.93772507e-01 8.71556401e-01
    9.64233756e-01 1.55457079e-01 9.87871885e-01 1.07458532e-01
    6.59652650e-02 5.44287562e-01 1.37409061e-01 6.06947303e-01
    5.63744783e-01 9.98842478e-01 9.46679711e-03 8.19550335e-01
    4.37190562e-01 9.55003381e-01 1.42656773e-01 6.56155348e-02
    2.42809117e-01 9.84148741e-01 6.42809212e-01 3.75197768e-01
    2.32785940e-03 4.65081930e-02 7.25854814e-01 4.22590196e-01
    6.17979228e-01 5.65193415e-01 1.02130234e-01 7.12651134e-01
    8.64327550e-01 7.06419408e-01 1.77028477e-02 9.49972868e-02
    4.41510648e-01 1.70471996e-01 5.19527316e-01 4.59798366e-01
    5.09856999e-01 2.48214602e-03 9.20179963e-01 1.76042199e-01
    8.01609039e-01 6.00327909e-01 3.46797466e-01 9.44225430e-01
    5.87505698e-01 6.09250665e-01 3.26060325e-01 6.71471059e-01
    3.65000546e-01 6.77655160e-01 3.95732194e-01 1.53137773e-01
    9.67257023e-01 2.67244011e-01 3.01049590e-01 8.49584341e-01
    5.24401009e-01 7.00502872e-01 4.33383763e-01 1.12416953e-01
    8.37955356e-01 5.99225640e-01 1.49523020e-01 8.86866450e-01
    8.02939236e-02 1.45187646e-01 6.81682467e-01 7.47270226e-01
    9.13951397e-02 8.76316130e-02 1.82851732e-01 4.62554693e-02
    4.18581069e-01 9.46066618e-01 4.49736744e-01 4.16733325e-01
    9.17824626e-01 1.64014995e-01 4.16618258e-01 7.59831548e-01
    5.16634762e-01 9.18391228e-01 9.03518915e-01 8.62089038e-01
    6.85980558e-01 6.88810289e-01 2.93261856e-01 4.22180772e-01
    6.09949887e-01 2.73841858e-01 9.41671789e-01 7.43926704e-01
    6.33976161e-02 4.72023606e-01 4.82476294e-01 2.83714950e-01
    7.56620288e-01 3.66040498e-01 7.85971761e-01 4.33992267e-01
    5.69770157e-01 1.22299105e-01 9.18220878e-02 7.59589970e-02
    6.82039261e-01 9.92875934e-01 4.47557867e-02 6.42820120e-01
    5.63313663e-01 5.91433346e-01 6.56315327e-01 4.43540514e-02
    3.36847901e-02 8.78099084e-01 1.37817323e-01 4.17008996e-01
    4.22922522e-01 3.54114622e-01 4.32741821e-01 2.21111000e-01
    8.06089044e-01 7.62433887e-01 5.38445711e-01 7.47892857e-01
    3.69570851e-02 5.55496395e-01 8.13231707e-01 7.58565962e-01
    3.56916249e-01 9.36449111e-01 2.72988558e-01 9.68211532e-01
    6.80807471e-01 6.73516750e-01 8.20282102e-01 1.99178129e-01
    1.21219546e-01 5.34596741e-01 3.34027708e-02 5.67668319e-01
    4.68865901e-01 5.69561839e-01 4.44984853e-01 3.61376107e-01
    4.57302958e-01 6.12841964e-01 9.87073660e-01 8.93156052e-01
    4.14780080e-01 7.55698204e-01 5.58449686e-01 3.89500201e-01
    9.13099647e-02 5.50473511e-01 4.71324265e-01 4.41672832e-01
    2.69183517e-01 5.51481307e-01 7.81178713e-01 1.67652816e-01
    8.41199279e-01 7.28758574e-01 1.56025231e-01 4.45540369e-01
    3.34483564e-01 9.18727160e-01 7.72895515e-01 5.33193767e-01
    5.77972531e-02 7.06741810e-01 8.00732374e-01 1.84357494e-01
    4.65210736e-01 4.06027973e-01 1.38364047e-01 5.45521677e-02
    6.30913734e-01 1.75553501e-01 8.31944168e-01 8.46351802e-01
    7.96212912e-01 1.33432686e-01 9.00618196e-01 5.81577003e-01
    8.01532269e-01 7.83855319e-02 3.09867859e-01 2.85678834e-01
    8.31081569e-01 2.19727755e-01 6.59854889e-01 8.45549107e-01
    7.97473550e-01 9.80359912e-01 9.24733400e-01 3.25649351e-01
    6.80592775e-01 2.59110630e-02 1.18579268e-01 6.97922170e-01
    7.58840919e-01 6.58787131e-01 6.20890737e-01 5.22401333e-01
    5.46770811e-01 9.63676929e-01 3.48180324e-01 6.89038336e-02
    4.06401843e-01 9.18777764e-01 1.19817793e-01 5.45338809e-01
    6.23045921e-01 6.46533668e-01 8.09253752e-02 7.06033587e-01
    3.28045875e-01 4.67816323e-01 5.33891857e-01 2.83354342e-01
    8.41310620e-03 9.96088028e-01 7.27632284e-01 8.09295177e-02
    1.73582584e-01 8.08435798e-01 2.97273517e-01 3.75780433e-01
    8.47151875e-03 2.83672303e-01 2.56079793e-01 7.18101144e-01
    4.16313201e-01 9.32454705e-01 2.98430204e-01 6.68763220e-01
    6.15647197e-01 7.43467331e-01 9.40964282e-01 6.73472524e-01
    8.32196951e-01 2.55062878e-02 7.21037269e-01 1.84408188e-01
    1.28702402e-01 7.64223933e-01 2.64090091e-01 8.19510102e-01
    5.76358974e-01 3.65443170e-01 3.90750438e-01 9.96357918e-01
    8.88949037e-01 5.77052951e-01 5.96221328e-01 1.33953542e-01
    1.59749627e-01 2.20792621e-01 3.82728338e-01 7.44313896e-02
    1.57023817e-01 1.81959838e-01 5.94113886e-01 2.72216916e-01
    9.00756717e-01 4.51592088e-01 6.95711970e-01 6.86492622e-02
    1.60697550e-01 6.61799610e-02 2.87973583e-01 2.00266778e-01
    3.49328816e-01 6.97243094e-01 5.15094697e-02 6.77485824e-01
    8.59340847e-01 1.15002483e-01 6.47255957e-01 4.89205986e-01
    2.95016766e-01 8.24365497e-01 3.85761648e-01 7.04420507e-01
    2.96107411e-01 5.27036786e-01 6.22790992e-01 8.04710150e-01
    5.16911507e-01 1.03904933e-01 1.02363169e-01 4.82248247e-01
    9.53377485e-01 9.90471482e-01 3.15214932e-01 2.89505243e-01
    9.34596241e-01 3.71620297e-01 3.39373201e-01 5.41732669e-01
    1.52112693e-01 2.23922849e-01 8.43995035e-01 2.87088752e-02
    3.31704319e-02 6.68676257e-01 2.49513775e-01 8.40864241e-01
    2.33273119e-01 5.51204145e-01 1.42336428e-01 5.88710964e-01
    1.06575668e-01 9.72436428e-01 1.10476613e-02 4.42417145e-01
    8.21478784e-01 3.22347134e-01 8.30695271e-01 2.21332848e-01
    6.57212019e-01 7.44752765e-01 3.42774689e-01 2.82336712e-01
    1.60000473e-01 9.25657749e-01 8.57878029e-02 9.72167850e-01
    3.14530224e-01 6.97727561e-01 4.85689312e-01 5.60107887e-01
    5.27441561e-01 7.26847708e-01 8.24260950e-01 3.90951991e-01
    6.86523855e-01 6.07452571e-01 1.95610821e-01 5.18019140e-01
    5.77311575e-01 1.43569708e-01 5.95067501e-01 9.07769680e-01
    3.15689445e-01 2.09411055e-01 9.65970159e-01 1.34246081e-01
    9.14889336e-01 3.31243753e-01 3.20734560e-01 7.25069046e-02
    1.57886088e-01 7.01759100e-01 5.99566936e-01 7.46928811e-01
    6.99569464e-01 3.37767243e-01 9.07178521e-02 2.45479554e-01
    5.43970466e-01 3.26280147e-01 1.75452828e-02 1.23411685e-01
    9.56274390e-01 7.15098977e-02 5.98714948e-01 9.61895168e-01
    9.27666068e-01 4.51145768e-01 6.86770380e-01 9.12045360e-01
    5.25888503e-01 9.90607977e-01 2.46483445e-01 2.78625071e-01
    9.13354754e-01 3.95536333e-01 5.08182943e-01 3.41021657e-01
    4.99673069e-01 5.02319634e-02 5.67991138e-01 9.36973453e-01
    7.82361329e-01 7.84408927e-01 3.93230557e-01 2.14327574e-01
    7.11189151e-01 2.20129490e-02 3.63509834e-01 5.07558465e-01
    2.73197889e-01 3.52929592e-01 9.86329675e-01 4.90168750e-01
    1.24939591e-01 5.19620299e-01 1.02015436e-01 8.73477340e-01
    1.80201441e-01 1.47002757e-01 9.08898830e-01 1.80568606e-01
    4.59561676e-01 3.96752000e-01 9.14190412e-01 3.26055765e-01
    1.78813934e-01 2.90379792e-01 5.14982402e-01 7.19673872e-01
    6.09954834e-01 2.33576894e-02 8.59708488e-02 8.26489449e-01
    8.57892752e-01 2.43934691e-01 5.85180223e-01 4.12435770e-01
    6.94812894e-01 9.73668873e-01 1.57942832e-01 2.65276372e-01
    2.78272748e-01 4.61090386e-01 1.76832080e-03 5.55815339e-01
    4.69684482e-01 3.43030721e-01 2.98566848e-01 3.08282286e-01
    6.52652621e-01 1.38439745e-01 2.98441291e-01 9.86271024e-01
    6.78255260e-01 7.95475483e-01 3.03632081e-01 6.43680811e-01
    2.89291799e-01 5.50116420e-01 6.24684036e-01 5.18553913e-01
    2.62885332e-01 4.82655764e-02 4.85143274e-01 1.05743140e-01
    5.72994947e-02 2.10052401e-01 5.51832438e-01 5.47058523e-01
    3.63752991e-01 2.11344182e-01 3.39512110e-01 9.79086757e-02
    5.04331887e-02 4.25201952e-01 9.71660495e-01 2.72456348e-01
    8.96687090e-01 9.99426842e-01 3.37275267e-01 9.23984766e-01
    1.16774768e-01 9.37444091e-01 7.31775045e-01 7.10980296e-02
    3.41852993e-01 1.22130781e-01 4.52017844e-01 1.89929843e-01
    4.96017247e-01 1.17688537e-01 2.48673648e-01 2.53998339e-01
    4.28596139e-02 5.39757609e-01 6.24102831e-01 2.29710340e-02
    6.43344760e-01 8.70252371e-01 6.45434976e-01 6.45602703e-01
    6.99436545e-01 4.81487513e-02 4.19708371e-01 2.64688969e-01
    7.79513955e-01 8.54206562e-01 7.36138582e-01 6.25796914e-01
    5.80519915e-01 1.09544486e-01 5.85806668e-01 8.22957039e-01
    3.12828064e-01 4.84033465e-01 9.61830974e-01 8.71360183e-01
    5.47169209e-01 2.62043715e-01 8.63609314e-01 1.40415937e-01
    8.72572660e-02 6.62873387e-01 4.12311316e-01 9.22397852e-01
    4.43451047e-01 5.97736955e-01 3.14121008e-01 8.56982112e-01
    6.86327338e-01 6.74178123e-01 8.25044632e-01 7.52445817e-01
    3.27406824e-01 4.52117026e-01 3.72702628e-01 7.63352752e-01
    6.20968759e-01 7.09753990e-01 9.94399488e-02 1.09166503e-01
    9.01451588e-01 5.72018206e-01 5.76281369e-01 1.98689848e-01
    2.01229274e-01 8.60287607e-01 6.46927655e-02 3.97490770e-01
    5.91495693e-01 7.62185931e-01 5.41964412e-01 2.83184052e-01
    9.11680818e-01 5.71906924e-01 4.00580883e-01 7.30179906e-01
    7.85665870e-01 2.65457571e-01 1.82792485e-01 7.36634254e-01
    1.81416303e-01 4.26178932e-01 7.73374200e-01 5.42097449e-01
    2.78757393e-01 6.47383630e-02 2.52037883e-01 9.17163849e-01
    8.12600553e-02 6.04131877e-01 8.26818168e-01 4.15890455e-01
    2.63718337e-01 4.77520823e-02 7.92458773e-01 4.85715717e-01
    4.03539538e-01 2.02011496e-01 5.62605083e-01 9.67911005e-01
    8.36235166e-01 4.29026067e-01 1.47122771e-01 7.62017667e-01
    9.39196467e-01 3.37827504e-01 6.83327436e-01 7.90842295e-01
    3.29242527e-01 4.40413862e-01 1.59411371e-01 8.14699173e-01
    1.12592816e-01 1.90803111e-01 8.25894594e-01 7.98751175e-01
    8.89893532e-01 1.46371514e-01 2.75471896e-01 3.54136527e-01
    4.07048285e-01 7.46447325e-01 3.59296322e-01 7.02197552e-02
    2.48264611e-01 7.87844956e-02 2.69277483e-01 3.66446793e-01
    8.71044338e-01 5.14083803e-01 5.65058589e-02 9.26263988e-01
    5.88185549e-01 7.11508155e-01 2.32415497e-02 4.52959329e-01
    6.84036374e-01 1.88500315e-01 7.53241181e-02 1.06661290e-01
    3.42830479e-01 1.49939477e-01 2.90740788e-01 4.72299755e-02
    1.38102174e-02 3.59171391e-01 5.29170394e-01 3.73269618e-01
    7.84633517e-01 9.15481210e-01 5.29171348e-01 2.71618962e-02
    8.12547743e-01 8.93070579e-01 3.07159454e-01 1.19345695e-01
    4.94947404e-01 6.35622382e-01 3.58646035e-01 5.00386059e-01
    8.88980746e-01 4.59884644e-01 6.56669736e-02 4.73775119e-01
    9.33316350e-01 9.29329097e-02 6.24913394e-01 2.23854154e-01
    3.01148057e-01 4.24282163e-01 7.22706795e-01 6.80711031e-01
    2.94468164e-01 5.37819505e-01 3.18381786e-01 1.39374137e-01
    9.86354947e-02 7.55633533e-01 7.21621752e-01 3.60297412e-01
    6.65072381e-01 2.07045317e-01 3.17907691e-01 9.28316116e-02
    7.98874140e-01 1.05866969e-01 4.86298293e-01 5.54798067e-01
    9.79410410e-01 8.24149191e-01 4.01049554e-02 2.08156914e-01
    8.55682790e-02 4.38152969e-01 4.60883379e-02 1.38895780e-01
    2.26689965e-01 9.80577409e-01 9.38982725e-01 4.56663221e-01
    3.26695085e-01 5.76291800e-01 7.75521755e-01 4.37682122e-01
    5.16787708e-01 7.47693241e-01 9.10057902e-01 8.69601607e-01
    3.08784932e-01 2.28791714e-01 6.71683848e-02 5.47166467e-02
    9.17290926e-01 3.63082170e-01 8.40375423e-01 1.02475315e-01
    5.79967737e-01 9.39074457e-01 2.25747734e-01 3.11720073e-01
    1.15627706e-01 9.14269328e-01 1.26685739e-01 7.94245958e-01
    9.01646256e-01 1.57101244e-01 4.09660220e-01 8.51265430e-01
    5.88985324e-01 7.01392293e-01 4.67961252e-01 3.82558703e-02
    4.46176320e-01 4.07992601e-02 1.56923354e-01 8.10507894e-01
    6.25818372e-01 2.10377067e-01 4.42656457e-01 6.00949526e-01
    9.36460674e-01 4.84429628e-01 3.13912928e-02 5.62608838e-01
    4.15160954e-02 6.08434379e-01 3.29782248e-01 4.46961671e-01
    7.36916602e-01 3.68111730e-02 5.60644984e-01 6.85133755e-01
    2.17830837e-01 3.38864625e-01 3.08214605e-01 2.92025149e-01
    1.36945426e-01 9.42467868e-01 9.86497462e-01 2.83149093e-01
    3.15911472e-02 7.13998973e-02 6.25937462e-01 5.46159208e-01
    3.61908376e-01 2.15522915e-01 3.93737108e-01 5.06843567e-01
    8.64995480e-01 1.40098929e-02 1.11998320e-01 4.46906984e-02
    1.62400335e-01 8.62547040e-01 3.18931431e-01 1.35804117e-01
    8.90568495e-01 3.52522194e-01 8.25940073e-02 4.84679043e-01
    8.81736040e-01 4.79402035e-01 2.90787578e-01 9.15905833e-03
    8.69628251e-01 4.77313399e-01 9.19805169e-01 6.98470473e-01
    7.21904337e-02 4.53085303e-02 9.14001405e-01 9.79317784e-01
    4.83870119e-01 3.19272846e-01 5.04082739e-01 4.29261208e-01
    3.24460208e-01 6.61411047e-01 2.65615284e-02 1.53744221e-01
    2.91288882e-01 2.34828770e-01 2.62954682e-01 3.75650197e-01
    5.64664602e-01 7.51150608e-01 5.86710811e-01 8.19107175e-01
    2.35059530e-01 5.90730846e-01 1.57386690e-01 7.36929178e-01
    6.96489573e-01 3.27856809e-01 5.70416152e-01 9.25394535e-01
    6.67903721e-01 5.16415238e-01 9.89001811e-01 2.82773077e-02
    7.54089832e-01 3.54998976e-01 3.18017244e-01 3.79317999e-03
    8.99567902e-01 1.94103718e-01 1.68281049e-01 5.74003994e-01
    9.50567007e-01 4.62322474e-01 9.55856919e-01 9.93945599e-01
    7.92711020e-01 5.98579884e-01 1.00539148e-01 1.79395437e-01
    3.41681004e-01 8.52531493e-01 1.14801824e-01 8.68558168e-01
    3.56746614e-01 9.96651053e-01 9.40592051e-01 1.40115052e-01
    8.28080475e-01 2.29759127e-01 4.13989931e-01 9.49136436e-01
    5.78399897e-02 9.64233577e-02 1.59373939e-01 9.87210393e-01
    4.01986182e-01 5.23521245e-01 7.98187613e-01 2.14501888e-01
    1.63373023e-01 2.77728438e-02 5.92430234e-01 6.94780469e-01
    3.01032722e-01 2.20915556e-01 9.33098376e-01 9.64028716e-01
    9.40580010e-01 7.87446082e-01 2.00482339e-01 5.09015560e-01
    4.93408382e-01 5.77381372e-01 9.60702002e-02 5.74142694e-01
    8.95854235e-02 5.31440556e-01 3.69648606e-01 4.80309099e-01
    6.64218068e-01 7.02267170e-01 3.69130284e-01 1.89349353e-02
    9.18661594e-01 5.51674724e-01 9.51673031e-01 8.47675443e-01
    8.66804600e-01 8.64436388e-01 4.24706936e-02 7.19949603e-01
    9.63330626e-01 9.91826952e-01 9.86935318e-01 7.22287416e-01
    7.45340645e-01 1.11705035e-01 6.88187361e-01 3.77597839e-01
    3.23218048e-01 9.98582542e-02 3.95037889e-01 6.38934970e-01
    3.02234292e-02 9.00469422e-01 2.78468698e-01 4.67558801e-02
    2.49180973e-01 2.50256300e-01 2.45483577e-01 3.51447284e-01
    8.75871301e-01 3.85365188e-01 8.09934199e-01 2.86817312e-01
    4.22115564e-01 2.68957794e-01 6.69476986e-01 2.29906708e-01
    7.52709031e-01 6.87961578e-01 3.77745688e-01 6.28248870e-01
    2.31018364e-01 3.67658615e-01 8.29277515e-01 3.39202881e-01
    4.84622657e-01 3.80132973e-01 9.60749984e-01 8.43546271e-01
    1.62039012e-01 7.78372943e-01 8.85084152e-01 9.51805830e-01
    4.48288918e-02 9.27758932e-01 3.68017018e-01 8.68387818e-01
    6.49147272e-01 9.44678783e-01 9.24481153e-01 7.91561067e-01
    3.05574417e-01 8.27441931e-01 1.62266761e-01 5.87451220e-01
    6.90778971e-01 6.44971609e-01 4.07922268e-02 7.68919051e-01
    2.64956951e-01 4.13314283e-01 9.84629273e-01 2.96710134e-02
    4.94770050e-01 3.44508946e-01 7.79314399e-01 7.14598596e-01
    3.25673819e-03 3.82530928e-01 4.64727938e-01 3.00802171e-01
    1.40021503e-01 7.75311887e-02 9.56385553e-01 9.91309643e-01
    4.08372074e-01 6.07386589e-01 5.86258054e-01 8.38083982e-01
    2.10541159e-01 1.55555487e-01 5.97224832e-01 1.60836041e-01
    8.27654243e-01 1.73833370e-01 6.31935060e-01 8.51571560e-01
    2.06817776e-01 7.51325488e-01 7.15342641e-01 8.33582759e-01
    9.17197227e-01 6.72043562e-01 8.50157619e-01 9.24097896e-01
    6.91486061e-01 5.51399648e-01 3.65565449e-01 6.59910083e-01
    3.30402464e-01 4.95444238e-01 5.38835883e-01 1.28064483e-01
    2.08620101e-01 2.78105557e-01 9.95350957e-01 4.42449152e-02
    8.47014248e-01 7.92830110e-01 5.65832376e-01 5.39696991e-01
    7.07186460e-02 5.91335893e-02 4.08863485e-01 8.38317156e-01
    6.38195634e-01 1.38463706e-01 3.06143224e-01 9.05281901e-01
    7.73985505e-01 2.86468178e-01 9.81268406e-01 1.77159786e-01
    8.78590107e-01 4.06713128e-01 4.87101704e-01 4.65954512e-01
    9.54317689e-01 2.06207961e-01 2.09539354e-01 1.18583441e-02
    7.36039281e-02 8.76351774e-01 2.68876195e-01 3.21791381e-01
    1.72548413e-01 7.60058761e-01 8.46591294e-01 6.65827453e-01
    1.84906811e-01 8.66747320e-01 9.40255046e-01 7.25894928e-01
    8.95795703e-01 2.30081677e-02 2.25937307e-01 5.69599688e-01
    4.35895026e-01 6.54621005e-01 6.52447462e-01 6.74242198e-01
    7.85164714e-01 4.71792936e-01 4.95589674e-01 8.63680542e-01
    5.91273904e-01 2.99470365e-01 2.64567375e-01 1.24826998e-01
    2.99793780e-02 7.06530809e-01 6.78139210e-01 7.73787320e-01
    3.57735932e-01 9.54806447e-01 6.75972104e-01 8.63726318e-01
    3.82385403e-01 1.34340912e-01 8.02617967e-01 6.74964190e-01
    5.31132817e-01 6.15429223e-01 5.41266918e-01 8.49922061e-01
    7.42972970e-01 9.88132834e-01 6.55431390e-01 3.55875909e-01
    1.70308948e-01 8.39887977e-01 2.99611807e-01 9.81389046e-01
    1.28373891e-01 8.63634586e-01 2.14625299e-01 6.21043324e-01
    1.09813869e-01 4.32149500e-01 3.49959373e-01 1.52676225e-01
    7.45896637e-01 4.29779381e-01 1.43007457e-01 4.32299286e-01
    3.10599804e-01 5.18016219e-01 7.95098186e-01 6.88346326e-01
    6.47674382e-01 2.01767057e-01 4.63564634e-01 1.65145814e-01
    4.16401386e-01 1.23471677e-01 6.77913785e-01 7.65067101e-01
    5.31276762e-02 3.33208025e-01 2.44828165e-01 4.64183301e-01
    1.02185845e-01 8.63786936e-02 9.27264094e-01 5.14659524e-01
    7.30062604e-01 6.07045233e-01 7.40763128e-01 9.20289457e-01
    9.27324712e-01 9.57874477e-01 1.38837755e-01 4.30155814e-01
    1.21131241e-01 9.02207375e-01 2.15259403e-01 8.93393278e-01
    1.65722311e-01 8.19192469e-01 9.07931805e-01 4.88180518e-02
    9.78722692e-01 4.07616496e-02 1.92346722e-01 8.95205975e-01
    3.99254143e-01 9.09578145e-01 7.34812319e-02 5.06305158e-01
    5.12815893e-01 9.55471039e-01 1.35200381e-01 8.50240290e-01
    1.93657756e-01 1.46414101e-01 8.17564189e-01 2.09083289e-01
    2.06716359e-01 9.17288542e-01 9.37387466e-01 7.73600042e-02
    4.87011075e-01 9.34433579e-01 7.87959039e-01 8.71549129e-01
    7.99777150e-01 8.09149444e-02 2.80169368e-01 4.35060978e-01
    1.51135743e-01 4.47120011e-01 5.37274778e-02 2.79319584e-01
    8.48448873e-01 3.50835860e-01 4.99219239e-01 6.44790471e-01
    2.33462960e-01 8.92704725e-01 6.40161574e-01 2.49966800e-01
    4.62881118e-01 1.35715008e-01 1.14806890e-02 8.74368548e-02
    9.04716372e-01 1.37908399e-01 5.44179976e-02 7.86500514e-01
    3.35304797e-01 5.20781577e-02 1.79064244e-01 4.46742415e-01
    8.66743088e-01 9.87336636e-02 1.75506622e-01 4.21824515e-01
    5.60877860e-01 5.08317053e-01 4.30833280e-01 2.72274554e-01
    4.21356648e-01 5.03492594e-01 5.39245248e-01 7.15723872e-01
    4.28416163e-01 8.37071538e-01 6.31864607e-01 7.04523921e-01
    4.00583476e-01 9.03477669e-01 2.89870471e-01 9.48072910e-01
    1.03764713e-01 5.74207366e-01 4.75890070e-01 2.84319520e-01
    6.60311580e-01 6.95377707e-01 8.80087733e-01 3.49409789e-01
    4.56614196e-01 6.89408183e-02 9.06835556e-01 8.87559414e-01
    1.92789584e-01 6.03623509e-01 7.81774461e-01 7.84919202e-01
    7.47771800e-01 3.63336712e-01 1.17644370e-02 5.16799510e-01
    3.28170538e-01 4.23980296e-01 4.18445617e-01 8.12431812e-01
    6.51898861e-01 1.41707182e-01 8.41191888e-01 6.38197064e-02
    1.62607998e-01 6.90216303e-01 7.78208494e-01 1.08425885e-01
    4.05588746e-03 2.57474244e-01 4.68631446e-01 8.91335666e-01
    3.56527746e-01 4.19626683e-01 4.33770627e-01 1.02598965e-02
    6.01110160e-01 7.53980041e-01 3.35609019e-01 4.32228416e-01
    7.32338369e-01 9.09032166e-01 9.41980243e-01 4.39697295e-01
    7.72809625e-01 2.96857685e-01 8.34338307e-01 3.88855964e-01
    1.19899273e-01 6.59535050e-01 7.08822370e-01 4.49413657e-02
    9.20701504e-01 4.27558839e-01 1.24618500e-01 5.51055908e-01
    5.46249270e-01 5.40193796e-01 4.19837236e-01 1.83565885e-01
    5.94396830e-01 6.22262418e-01 4.72891629e-02 5.40802360e-01
    7.35399425e-02 8.26273441e-01 5.24105251e-01 5.76195419e-01
    3.46125484e-01 3.07623446e-02 6.56191707e-02 5.09415567e-01
    4.64184105e-01 5.18395483e-01 4.55099076e-01 9.96777177e-01
    1.86732352e-01 7.09444046e-01 4.64972258e-01 9.14633036e-01
    1.67922288e-01 5.12459755e-01 6.12289429e-01 8.59647989e-01
    6.90965056e-01 3.82532656e-01 3.11486691e-01 4.36641186e-01
    9.24626470e-01 3.55495572e-01 1.30952209e-01 1.46978676e-01
    3.42874348e-01 9.71381307e-01 5.61038673e-01 4.73774582e-01
    2.15524882e-01 3.42072308e-01 1.71907365e-01 1.81990683e-01
    9.55428421e-01 1.13960356e-01 4.04561430e-01 7.85060763e-01
    4.76730585e-01 9.10524726e-01 8.81893575e-01 7.44611025e-03
    7.98259974e-01 9.13475394e-01 4.42891717e-01 4.18439507e-03
    1.15290612e-01 5.30426443e-01 7.94427216e-01 4.45439816e-02
    7.68498302e-01 4.84368920e-01 1.95661217e-01 9.30358469e-01
    6.68389738e-01 4.30221677e-01 9.35974419e-01 4.18791413e-01
    9.08260226e-01 3.92539680e-01 6.78376317e-01 1.65308028e-01
    6.92935109e-01 7.32928932e-01 3.70615244e-01 2.95413136e-02
    6.86984599e-01 5.96746504e-02 1.55354977e-01 9.02832747e-01
    1.48031056e-01 1.07490718e-01 9.90525126e-01 1.55713290e-01
    8.88404429e-01 8.23255658e-01 1.63033605e-01 5.69042921e-01
    5.27857900e-01 1.35737479e-01 6.63824379e-01 4.24524605e-01
    2.45677233e-02 4.73340631e-01 8.26982498e-01 2.42786556e-01
    3.08811158e-01 8.19509923e-02 2.48966098e-01 2.15576321e-01
    3.81862700e-01 6.48875415e-01 1.13682181e-01 1.40570492e-01
    8.53291392e-01 6.98064208e-01 5.96964061e-02 7.53891289e-01
    9.47102904e-01 2.99720347e-01 1.52358174e-01 5.67260087e-01
    3.13178807e-01 5.41878939e-02 1.07774168e-01 7.16715455e-01
    6.50085211e-01 4.70737010e-01 7.15722740e-02 4.59793329e-01
    3.66162837e-01 3.14985871e-01 2.61352092e-01 6.43745005e-01
    7.37143934e-01 4.12615180e-01 3.15487444e-01 8.40954542e-01
    7.54554689e-01 8.22524428e-01 8.09188604e-01 2.39187419e-01
    5.82839847e-01 5.60893714e-01 1.06757432e-01 2.59068251e-01
    9.95287895e-01 3.01149189e-02 9.97333229e-01 6.48393154e-01
    5.18426597e-01 5.52414834e-01 2.27172762e-01 5.26890159e-01
    4.17444319e-01 3.96398723e-01 2.29201347e-01 3.30730796e-01
    5.85107744e-01 9.23772097e-01 1.46848738e-01 8.19387376e-01
    1.01623744e-01 5.77464104e-02 7.16475606e-01 4.80115265e-01
    9.12326813e-01 6.39033020e-02 5.27836621e-01 7.04496026e-01
    2.10605502e-01 4.06422257e-01 9.22122598e-01 7.28132725e-01
    4.46258038e-01 1.76193327e-01 6.29623055e-01 4.46933329e-01
    3.81028712e-01 3.24641943e-01 8.94623876e-01 7.52557755e-01
    1.21121258e-01 4.37518537e-01 2.68788934e-02 4.90303069e-01
    5.95626175e-01 4.43034083e-01 6.47516012e-01 3.82987708e-01
    5.78517020e-01 9.07905936e-01 4.81349409e-01 2.44644940e-01
    1.05443388e-01 2.24365175e-01 6.12098873e-02 1.77010059e-01
    3.04878622e-01 2.40223527e-01 6.32884204e-01 4.46325213e-01
    6.51437044e-01 4.94155586e-01 9.34275925e-01 6.07874393e-01
    1.91783339e-01 5.68197310e-01 5.11536956e-01 2.74189770e-01
    5.72004080e-01 1.96792901e-01 6.82505190e-01 3.35243255e-01
    5.75100183e-02 4.28252816e-01 7.88794398e-01 9.61313188e-01
    7.11082757e-01 4.41073745e-01 3.69924664e-01 8.41968894e-01
    6.39505923e-01 7.29172051e-01 2.62979299e-01 2.07390636e-01
    9.09883738e-01 9.06518817e-01 4.76671964e-01 6.29951656e-01
    9.03618813e-01 1.72067583e-02 9.54616189e-01 6.58928037e-01
    6.37409031e-01 2.01972991e-01 6.56223118e-01 3.45252872e-01
    4.73154217e-01 7.23141968e-01 9.49542105e-01 7.97956467e-01
    4.47849125e-01 9.93233919e-01 9.01465893e-01 9.61000025e-02
    9.93724108e-01 7.67419457e-01 6.17524981e-02 8.97227645e-01
    7.49168754e-01 2.84336865e-01 2.23293394e-01 7.16010809e-01
    5.77531874e-01 7.25115061e-01 3.40969563e-02 4.82320011e-01
    3.97901952e-01 9.79539633e-01 7.19161987e-01 4.16347176e-01
    9.17568028e-01 4.65855718e-01 7.22918808e-01 8.49573493e-01
    8.38440418e-01 4.43737030e-01 3.12970042e-01 7.90863335e-01
    9.46019769e-01 6.78434372e-01 4.15022314e-01 9.35192585e-01
    8.42924118e-01 7.55078673e-01 3.18279862e-02 9.03514266e-01
    1.13145113e-01 9.49274242e-01 8.95676613e-01 7.09268630e-01
    8.46044302e-01 3.73412400e-01 8.06316733e-01 9.77080405e-01
    9.40315366e-01 9.86489117e-01 6.76932156e-01 5.81111372e-01
    9.94467735e-01 3.03413928e-01 1.77176088e-01 6.68008208e-01
    4.19737160e-01 8.53320122e-01 1.94575131e-01 6.43758595e-01
    1.28324956e-01 3.92361879e-02 2.92671204e-01 6.20204508e-02
    5.76599956e-01 5.12734771e-01 3.97339463e-01 2.07550198e-01
    1.52550310e-01 5.12694061e-01 5.65104485e-01 5.11522591e-01
    9.63790774e-01 7.54292369e-01 8.39176178e-01 3.92031610e-01
    5.71742952e-01 8.86820138e-01 3.69875163e-01 1.23484969e-01
    3.34564328e-01 1.09150171e-01 1.34948909e-01 2.62397200e-01
    8.54173422e-01 1.73311919e-01 2.15062946e-01 4.45331454e-01
    2.33499140e-01 8.43418539e-01 2.63327986e-01 4.74118739e-01
    6.60473466e-01 7.97808647e-01 1.83732808e-02 8.51937771e-01
    3.75930578e-01 9.59752977e-01 5.16599119e-01 8.29837918e-01
    7.39405692e-01 8.93197358e-02 2.28450298e-02 8.99837434e-01
    6.40641093e-01 5.69275737e-01 2.24844813e-01 5.95818162e-01
    7.16535866e-01 2.73287028e-01 1.53636932e-01 3.26796263e-01
    7.72233129e-01 8.12395215e-01 1.45884603e-01 3.03372324e-01
    5.28695345e-01 1.19559556e-01 8.43847990e-01 8.44459891e-01
    8.25462341e-01 4.42012310e-01 5.72801352e-01 5.31533301e-01
    1.11558735e-01 9.71909165e-02 7.74700522e-01 2.89501339e-01
    4.29143310e-02 2.62905657e-02 8.80567729e-01 3.01096737e-02
    7.94022202e-01 7.18904018e-01 1.14290357e-01 7.06316233e-01
    9.87674713e-01 3.78704309e-01 1.80507272e-01 4.33125705e-01
    4.19434845e-01 9.83806014e-01 7.81367183e-01 5.44071376e-01
    4.34155792e-01 2.15460807e-01 5.81888735e-01 1.11096412e-01
    4.76302415e-01 8.65107775e-03 7.97990263e-02 2.77451217e-01
    3.27330351e-01 7.67909050e-01 4.81654316e-01 8.83505821e-01
    6.97570562e-01 3.66771817e-01 1.12854511e-01 1.39257133e-01
    1.52275831e-01 4.97477174e-01 7.32847929e-01 2.03406125e-01
    6.76717937e-01 5.98386705e-01 7.14346409e-01 2.40143299e-01
    2.68806517e-02 3.90604019e-01 7.60894954e-01 1.67030573e-01
    4.03338671e-02 3.76011223e-01 9.27332342e-02 5.77565610e-01
    4.78438139e-01 3.36642653e-01 7.21928477e-03 6.15813494e-01
    4.05672699e-01 2.55312055e-01 5.61976016e-01 9.80484784e-01
    4.26100165e-01 6.39774203e-01 6.72047138e-01 7.67115057e-02
    3.48239720e-01 2.78922111e-01 3.75337541e-01 6.15548849e-01
    9.09397542e-01 9.49997902e-01 4.74981338e-01 7.25317121e-01
    1.33790463e-01 4.74355102e-01 7.44794905e-01 2.84735322e-01
    6.69562578e-01 1.67995721e-01 8.39604318e-01 8.55821967e-01
    1.43943369e-01 9.80881095e-01 6.21363163e-01 8.04937780e-02
    2.28975058e-01 1.75838530e-01 8.82801890e-01 3.91666651e-01
    5.28171897e-01 9.23403144e-01 4.45843667e-01 4.71403152e-01
    7.41888404e-01 2.01112211e-01 4.54276562e-01 3.17945689e-01
    3.63774300e-01 2.37403274e-01 7.10589468e-01 1.33755445e-01
    1.12619132e-01 3.03650320e-01 4.16179955e-01 2.53918618e-01
    2.44962871e-01 6.46990836e-02 8.97515714e-01 9.12020087e-01
    7.76028991e-01 8.23611379e-01 5.51858842e-01 3.80134463e-01
    6.09082699e-01 4.05124843e-01 3.57455790e-01 7.33503759e-01
    7.98846245e-01 9.09438133e-02 8.17932248e-01 6.30766332e-01
    7.40816772e-01 6.03393674e-01 3.37144554e-01 7.23950565e-01
    9.46417689e-01 3.51756871e-01 1.00298107e-01 4.43866998e-01
    2.58214980e-01 6.70742691e-02 4.46114540e-01 4.88098741e-01
    9.21890140e-01 3.84219706e-01 6.83811963e-01 8.25240016e-01
    7.74928331e-01 6.47182941e-01 3.00927758e-01 9.88996565e-01
    7.27918267e-01 2.61038095e-01 9.94989395e-01 4.83935595e-01
    4.20041442e-01 5.95640540e-02 6.18230522e-01 5.24611473e-02
    2.56099820e-01 3.89003694e-01 7.15345144e-03 8.83408070e-01
    7.95222640e-01 1.89917296e-01 3.12303692e-01 7.15552390e-01
    8.78474355e-01 1.70805782e-01 7.42380798e-01 9.20001388e-01
    3.72551799e-01 4.70336735e-01 7.18586743e-02 1.09751374e-01
    9.54013586e-01 4.11744714e-02 9.28967595e-01 8.39940608e-02
    2.19750732e-01 8.29421282e-02 4.92733151e-01 2.31249213e-01
    4.81490105e-01 2.71981418e-01 7.96952546e-02 7.85671771e-01
    6.01804912e-01 7.42813289e-01 9.59583163e-01 6.55131221e-01
    6.31175697e-01 9.53492343e-01 8.66263807e-02 6.75895333e-01
    3.49570960e-01 5.69786489e-01 9.43424940e-01 5.06007493e-01
    8.90915990e-02 1.49740189e-01 5.39539337e-01 1.16152704e-01
    9.50218797e-01 7.27446079e-01 1.81417406e-01 9.07112479e-01
    1.56655282e-01 4.41595525e-01 3.35877776e-01 4.61636394e-01
    3.33101988e-01 7.60058463e-01 1.05273724e-02 4.06860620e-01
    3.43147278e-01 9.53782499e-02 6.88970089e-01 4.28327739e-01
    1.57385588e-01 6.34690881e-01 2.73855925e-01 5.21566689e-01
    9.09726918e-01 2.10583210e-03 3.87097478e-01 1.55798197e-02
    8.93152773e-01 4.93042618e-01 6.74760580e-01 3.84756386e-01
    3.67145360e-01 8.81611228e-01 4.83612984e-01 3.59529018e-01
    1.01071358e-01 5.68060756e-01 4.01521146e-01 5.75663745e-01
    1.06430709e-01 6.33760452e-01 1.14929259e-01 6.54447675e-02
    5.82759559e-01 5.08876145e-02 9.18776095e-02 6.81686640e-01
    1.80004001e-01 6.49106324e-01 8.37415099e-01 7.10457206e-01
    4.01976377e-01 5.53079128e-01 5.47126532e-01 7.94719100e-01
    4.58455235e-01 2.16792673e-01 3.69371861e-01 7.87594080e-01
    4.51038659e-01 9.37926769e-01 3.75583291e-01 7.68482447e-01
    5.50789595e-01 2.36355573e-01 1.61406755e-01 5.23339808e-02
    7.29611397e-01 9.66290236e-02 5.35799384e-01 6.93364680e-01
    7.03658700e-01 9.28379178e-01 2.49727160e-01 6.42396510e-02
    3.32773745e-01 8.43094468e-01 1.93964332e-01 3.00745368e-02
    1.64415687e-01 2.01267928e-01 4.88384634e-01 1.81825757e-02
    7.31467545e-01 8.76502275e-01 8.08532953e-01 9.11448300e-02
    9.97540832e-01 9.03692484e-01 8.10417950e-01 2.90120184e-01
    5.61562717e-01 4.53846335e-01 3.63986582e-01 6.67181730e-01
    6.08582854e-01 2.95844734e-01 8.42667818e-01 7.71522999e-01
    5.89340270e-01 1.10302597e-01 6.38994396e-01 7.11717010e-02
    9.87456560e-01 9.26300883e-01 3.93689364e-01 1.37732267e-01
    1.90354854e-01 2.83550620e-01 9.79203045e-01 5.66062033e-01
    8.61488342e-01 8.72091293e-01 1.15466952e-01 1.52269751e-01
    3.39832067e-01 6.06705010e-01 4.29550648e-01 4.90862578e-01
    8.01015079e-01 1.85676962e-01 6.65670276e-01 5.47141910e-01
    6.94465697e-01 2.59609759e-01 7.52820492e-01 4.97793019e-01
    4.01436090e-02 2.81807512e-01 7.48772025e-01 2.33886629e-01
    1.22386485e-01 6.03576481e-01 4.83536422e-02 2.25224406e-01
    1.13644153e-01 6.37317061e-01 1.62493676e-01 8.23210478e-01
    1.08987451e-01 1.62047327e-01 2.42890030e-01 9.90758002e-01
    8.01414132e-01 4.46916014e-01 2.85931885e-01 5.65875292e-01
    5.65986991e-01 4.85098213e-01 7.21927881e-01 4.01381075e-01
    8.52532983e-01 9.71813202e-01 5.64241767e-01 1.23793751e-01
    8.75842988e-01 5.79190373e-01 3.35540950e-01 2.87216663e-01
    1.56288236e-01 5.94752729e-02 3.73838484e-01 1.08233482e-01
    5.86698532e-01 7.32123137e-01 1.40324086e-01 3.99832249e-01
    8.17918539e-01 4.33396935e-01 5.53298116e-01 5.51454306e-01
    7.09943056e-01 3.48141789e-01 2.62386322e-01 1.76499635e-01
    5.90412736e-01 2.64827430e-01 6.78479016e-01 8.94468725e-02
    1.49756372e-02 9.37805235e-01 6.03010476e-01 1.87976390e-01
    2.15988547e-01 1.83960676e-01 4.98395175e-01 6.14853144e-01
    1.38316721e-01 9.91153359e-01 9.41281319e-01 4.56040800e-02
    3.86202991e-01 4.60677505e-01 8.25698316e-01 2.79870629e-03
    8.02190065e-01 2.29717791e-02 6.39891565e-01 3.32783818e-01
    1.26089990e-01 5.71482301e-01 7.27944613e-01 4.51647609e-01
    3.26244384e-01 4.87505376e-01 4.89579439e-02 6.07699513e-01
    3.43493581e-01 8.75656426e-01 9.71057534e-01 3.93677443e-01
    4.18545872e-01 7.08173811e-01 6.18941844e-01 9.35545206e-01
    5.40540993e-01 8.19720030e-01 8.20951939e-01 4.39703345e-01
    1.52079642e-01 8.27361703e-01 7.08188653e-01 5.16264617e-01
    4.20497835e-01 6.09799266e-01 7.59496331e-01 6.58160746e-01
    1.18981212e-01 2.17479467e-01 4.00843590e-01 6.15861118e-01
    7.15261161e-01 8.88446391e-01 8.00218344e-01 6.83556318e-01
    5.54436922e-01 8.37349534e-01 9.20081139e-01 4.59264934e-01
    4.73111540e-01 8.21758628e-01 3.71567786e-01 4.23756003e-01
    2.65367627e-02 2.24451512e-01 2.18530625e-01 1.93695724e-02
    5.80580890e-01 3.66452098e-01 9.35881793e-01 6.09118283e-01
    4.31764483e-01 9.80894566e-02 6.69508874e-01 2.91942954e-01
    4.02108222e-01 8.81042242e-01 4.55215335e-01 5.12572408e-01
    6.82571709e-01 9.68602300e-01 3.16247731e-01 7.95431316e-01
    3.52836907e-01 1.93813056e-01 4.96652722e-01 8.22642744e-02
    2.45182216e-02 1.72409773e-01 2.99706340e-01 7.92002261e-01
    7.15944886e-01 5.82757473e-01 8.95051718e-01 1.53879523e-01
    7.12227225e-01 9.79608834e-01 7.20465183e-02 2.04532951e-01
    7.66218245e-01 9.48848009e-01 4.82568592e-01 6.77865207e-01
    4.65320498e-01 1.21681213e-01 9.50055718e-01 3.40174854e-01
    2.95258760e-01 3.79301310e-01 3.07085514e-01 8.91133308e-01
    7.97000289e-01 2.20157921e-01 4.70047414e-01 9.28442776e-01
    5.47460735e-01 7.19352007e-01 6.02243841e-01 3.73915553e-01
    6.08093500e-01 9.02142167e-01 7.75159001e-02 1.84085399e-01
    8.72519493e-01 4.06072080e-01 9.74328518e-01 3.68375719e-01
    4.86761719e-01 6.35809183e-01 5.54648280e-01 2.82783091e-01
    1.33291394e-01 8.48172665e-01 8.50365460e-02 2.67736018e-01
    7.23361850e-01 7.55519569e-02 4.00140345e-01 6.85743570e-01
    3.60503793e-02 2.06679106e-02 3.15715313e-01 9.62478161e-01
    9.33655858e-01 4.25159633e-02 5.40884554e-01 9.97345209e-01
    5.75175703e-01 4.17883217e-01 4.40128088e-01 9.19657230e-01
    9.88425374e-01 7.26069510e-02 5.30088544e-01 4.78166223e-01
    3.83636951e-01 2.70360589e-01 7.72779942e-01 6.45682573e-01
    9.74969804e-01 6.39119685e-01 2.25882739e-01 1.81879193e-01
    2.25405753e-01 6.43136978e-01 3.40939552e-01 6.15932822e-01
    3.75199318e-01 7.78723717e-01 8.21720481e-01 5.62136829e-01
    9.02385831e-01 6.97630167e-01 5.04853725e-01 8.32091272e-02
    9.47266817e-01 5.95291555e-01 1.01753473e-01 7.23030686e-01
    1.60838276e-01 6.88410699e-01 8.67940664e-01 7.88104594e-01
    3.37702930e-02 9.68344092e-01 6.95647776e-01 1.68410003e-01
    2.62493193e-02 4.16696280e-01 1.65765405e-01 7.70333767e-01
    7.42923737e-01 4.20203209e-01 1.01279259e-01 1.82171166e-01
    3.31948727e-01 9.15680170e-01 8.37834477e-01 2.68246472e-01
    7.02034354e-01 9.65290189e-01 4.77584183e-01 9.75451112e-01
    2.19992161e-01 6.30392134e-01 7.26621389e-01 9.18115735e-01
    9.44863319e-01 4.65448260e-01 3.64768982e-01 8.04455042e-01
    8.77502322e-01 3.12556684e-01 8.28790307e-01 4.55628037e-01
    2.13802755e-01 1.53724581e-01 5.53912818e-01 6.81524575e-01
    6.31071210e-01 6.22749329e-01 7.06588149e-01 7.80710936e-01
    2.36087143e-01 8.47564340e-02 6.89918458e-01 2.71955967e-01
    2.81278312e-01 7.34003484e-01 7.64139652e-01 3.37884724e-02
    1.92742199e-01 9.27755594e-01 1.55705661e-01 8.91169906e-01
    9.19244885e-01 2.49050975e-01 1.91691667e-01 8.79013538e-03
    3.14779192e-01 7.36254275e-01 4.01116371e-01 9.18992281e-01
    8.82239878e-01 2.44697332e-02 5.21519899e-01 7.83186913e-01
    3.82549703e-01 7.90641427e-01 8.75371873e-01 5.52539051e-01
    1.88381940e-01 9.00182486e-01 2.48215407e-01 3.06020796e-01
    8.28125000e-01 1.96129590e-01 3.67487848e-01 9.51639652e-01
    5.84322572e-01 8.24323118e-01 8.05547059e-01 9.96552825e-01
    1.17516041e-01 8.29497516e-01 5.56330502e-01 8.11435878e-02
    3.72220457e-01 3.85104418e-02 9.95276451e-01 6.13200426e-01
    1.17158502e-01 2.30315149e-01 1.73077106e-01 4.73160625e-01
    9.59730983e-01 7.02901125e-01 3.63811165e-01 5.40389657e-01
    2.96801776e-01 8.40023160e-01 7.77022123e-01 8.31597805e-01
    2.90313005e-01 1.61543250e-01 4.83423471e-01 9.71131921e-02
    1.68915540e-01 5.36307693e-01 8.86375189e-01 5.41817129e-01
    4.49942112e-01 7.23677456e-01 1.07888818e-01 3.61538291e-01
    2.28257209e-01 2.42859125e-02 9.32649374e-02 6.33198678e-01
    7.27516174e-01 2.11268663e-04 2.34629929e-01 5.47901154e-01
    6.58206820e-01 6.47546768e-01 1.74778014e-01 1.41398937e-01
    7.40026593e-01 2.09857166e-01 9.29696262e-02 7.20566869e-01
    7.59762764e-01 7.13190198e-01 5.39198995e-01 2.32189894e-02
    8.21959674e-02 4.47404444e-01 7.10523546e-01 2.44778395e-03
    7.02949643e-01 1.07090771e-01 1.28263354e-01 7.72505045e-01
    6.76919103e-01 9.70430017e-01 3.51302147e-01 8.13521385e-01
    4.05883402e-01 4.86990124e-01 9.49321091e-01 7.52569318e-01
    3.64278585e-01 7.61608243e-01 5.00006258e-01 6.31076276e-01
    1.30424321e-01 5.60061097e-01 4.20028061e-01 5.77687800e-01
    5.35593033e-02 6.10665381e-02 2.79838532e-01 1.14063919e-01
    6.58895433e-01 8.35300803e-01 3.53088081e-02 2.25783914e-01
    4.30712998e-01 3.32811296e-01 8.55152309e-01 4.48644757e-01
    5.08389473e-02 1.55762792e-01 8.26414227e-01 2.03838110e-01
    1.05622411e-02 9.60655212e-01 3.55333090e-02 7.38799930e-01
    1.50056660e-01 5.55595338e-01 3.74448359e-01 5.36917508e-01
    9.67363596e-01 6.55234456e-01 5.21472514e-01 4.27103221e-01
    1.98535442e-01 1.19760662e-01 1.86440110e-01 6.70807958e-01
    3.81429702e-01 3.94327462e-01 8.59134078e-01 1.11438692e-01
    5.26489615e-01 7.64571548e-01 7.99785912e-01 1.61791742e-01
    9.39744115e-01 4.80333388e-01 5.40700138e-01 4.83552903e-01
    8.98045480e-01 8.19817364e-01 9.93068099e-01 9.40629363e-01
    6.55496120e-01 9.92149949e-01 7.30276227e-01 5.46840191e-01
    1.33760273e-02 4.21412885e-02 9.61393714e-01 4.77755964e-02
    6.33022666e-01 3.22906911e-01 8.47621202e-01 7.90488720e-01
    2.67935693e-01 3.98895115e-01 1.24666959e-01 7.34581470e-01
    4.56598848e-01 5.92653453e-01 5.38625717e-01 6.51743948e-01
    4.67219949e-02 6.36417389e-01 1.72865778e-01 9.20988321e-01
    6.67987823e-01 6.11073375e-02 2.71079183e-01 3.14947844e-01
    1.28113627e-02 6.47099674e-01 8.05826902e-01 2.38452852e-02
    5.06176949e-01 8.94680142e-01 1.21925294e-01 2.79134631e-01
    5.97039282e-01 6.66106462e-01 8.33015859e-01 4.60258722e-02
    3.65575135e-01 1.63385093e-01 2.22092777e-01 3.94716293e-01
    8.35155725e-01 2.33780265e-01 6.27637327e-01 9.96902704e-01
    7.73068964e-02 3.53326023e-01 7.67746925e-01 5.29732704e-02
    3.08150291e-01 8.18082273e-01 7.30652094e-01 3.22722018e-01
    9.31586862e-01 6.56074584e-01 3.85925502e-01 5.71339250e-01
    9.60611105e-02 2.62100309e-01 5.56024492e-01 5.42351127e-01
    7.26650834e-01 9.67229545e-01 4.64852691e-01 4.09820080e-01
    1.95265919e-01 5.58899164e-01 5.77508152e-01 9.66754735e-01
    9.58295941e-01 5.42222321e-01 4.06469822e-01 5.59915066e-01
    8.69843364e-01 3.96694541e-02 1.86011970e-01 1.66465670e-01
    1.70854449e-01 8.27712297e-01 2.58601397e-01 5.10209501e-01
    3.24176818e-01 8.34539294e-01 6.74163699e-02 3.17389667e-01
    2.97886521e-01 9.08354402e-01 8.82147670e-01 2.13537127e-01
    7.84021258e-01 8.46230268e-01 3.40796232e-01 4.15784180e-01
    6.14919901e-01 7.70113587e-01 8.34569991e-01 7.45197058e-01
    1.95801467e-01 4.03429270e-01 5.17910719e-01 5.63760877e-01
    9.45536256e-01 8.87391448e-01 4.84866321e-01 9.99023557e-01
    4.66370404e-01 5.24872541e-02 9.56161261e-01 7.47015238e-01
    1.60743147e-01 7.15839624e-01 1.81429952e-01 9.25854504e-01
    2.72703469e-02 4.74195302e-01 4.18909907e-01 9.13788676e-01
    8.23849320e-01 2.13984430e-01 8.48674059e-01 8.03614020e-01
    2.73948163e-01 3.99817616e-01 6.47005081e-01 8.37020278e-01
    6.56625986e-01 4.32187021e-01 5.65841913e-01 4.10422087e-01
    8.94046903e-01 1.69964731e-02 6.19028211e-02 2.05962926e-01
    8.64760399e-01 5.92213273e-01 5.25837123e-01 8.79583478e-01
    8.72284412e-01 8.87244165e-01 5.47003746e-01 9.90633130e-01
    2.43450969e-01 1.56670272e-01 7.05951393e-01 7.41601288e-01
    2.28907496e-01 9.47954655e-02 4.32566106e-02 2.54089385e-01
    4.53257501e-01 1.57392621e-01 6.94554925e-01 8.16839099e-01
    4.47186023e-01 6.78173542e-01 3.81679922e-01 8.46450090e-01
    3.59348655e-01 3.20088655e-01 8.98262084e-01 4.26131874e-01
    8.61256480e-01 2.53591448e-01 1.78557813e-01 3.52418661e-01
    7.85507798e-01 3.11331272e-01 4.09443408e-01 1.56731576e-01
    9.52583909e-01 7.27846503e-01 3.20660561e-01 4.80160832e-01
    9.50399637e-02 4.49000686e-01 1.90963984e-01 7.45252371e-02
    1.87811553e-01 6.47809863e-01 9.58475471e-02 5.31722665e-01
    1.12336159e-01 6.31901622e-02 6.75462723e-01 4.19308275e-01
    8.23335052e-01 2.48751879e-01 4.22608256e-02 9.38443244e-02
    6.15166187e-01 9.23033237e-01 3.80311668e-01 2.80945867e-01
    7.30862916e-01 2.15887725e-01 9.76119518e-01 6.39261782e-01
    9.39192653e-01 6.85754120e-02 6.84937239e-02 3.97778243e-01
    3.81992161e-02 3.01475644e-01 2.92455137e-01 8.97726715e-01
    1.98881716e-01 6.74660504e-02 5.34630597e-01 1.68659478e-01
    9.16530490e-01 1.67358339e-01 7.24575520e-02 7.17693925e-01
    2.50818133e-02 4.42649156e-01 5.45234740e-01 7.36957848e-01
    9.28318858e-01 6.45894349e-01 3.84389997e-01 7.65000343e-01
    9.92013812e-01 6.42503679e-01 1.28817469e-01 6.33793354e-01
    4.46511090e-01 1.71131283e-01 4.62600380e-01 9.60339546e-01
    6.91367686e-02 5.77661872e-01 2.75675356e-01 4.55107242e-01
    1.07246816e-01 6.62818074e-01 7.16856003e-01 2.20524311e-01
    9.05917525e-01 6.32839739e-01 4.37785298e-01 7.41391480e-02
    8.07975829e-02 7.39457607e-02 5.62672317e-01 2.43332386e-02
    3.77286196e-01 5.00193000e-01 8.82284760e-01 9.41757679e-01
    1.34703964e-01 2.94920236e-01 2.71040857e-01 1.16368294e-01
    6.09456778e-01 7.52049088e-01 1.46534204e-01 1.11753643e-02
    7.71772027e-01 6.45967722e-02 8.77636313e-01 9.67469335e-01
    2.10569471e-01 8.31480384e-01 2.92341471e-01 5.93740106e-01
    1.02754951e-01 3.13278437e-01 4.47170913e-01 4.23338830e-01
    1.72589988e-01 9.25720572e-01 2.60001957e-01 9.45872426e-01
    5.71368575e-01 7.02289164e-01 2.83267230e-01 5.41226566e-02
    5.90608239e-01 3.22731674e-01 4.23263788e-01 8.92639756e-01
    2.38965154e-01 5.56824565e-01 5.15053749e-01 9.05616939e-01
    6.34676218e-03 9.04420614e-01 1.64876223e-01 2.59087920e-01
    9.44985747e-01 9.84354734e-01 2.87411720e-01 6.50750279e-01
    7.49121010e-02 4.61500287e-02 7.26019740e-01 9.16101933e-02
    3.05947065e-01 7.83263206e-01 1.56776607e-02 9.32185173e-01
    9.01816726e-01 4.64670926e-01 9.41933036e-01 3.14653218e-02
    2.90031254e-01 1.61959231e-02 3.79070431e-01 6.95706844e-01
    8.55710626e-01 5.77067733e-02 6.70628607e-01 7.59677529e-01
    1.65703446e-01 7.18234062e-01 3.95564228e-01 2.29045808e-01
    2.35045135e-01 5.25434613e-01 3.36431503e-01 3.46667767e-02
    3.61633003e-01 2.38150269e-01 8.19087088e-01 1.51352823e-01
    2.27661133e-02 7.06389904e-01 4.51464236e-01 2.14885414e-01
    2.23668814e-01 7.63915002e-01 8.64887953e-01 1.00080639e-01
    9.78031278e-01 4.78520215e-01 1.01646394e-01 5.14260888e-01
    9.13811266e-01 6.06513143e-01 6.71881318e-01 7.47857332e-01
    5.34562111e-01 9.62939978e-01 2.54706740e-01 6.56090975e-02
    9.46542621e-02 9.67589617e-02 2.39247084e-03 5.78177869e-02
    7.65138388e-01 7.38763392e-01 3.81890088e-01 7.79954731e-01
    7.68327892e-01 4.78611350e-01 9.10913587e-01 3.19750041e-01
    9.11110401e-01 9.32316303e-01 9.85583425e-01 7.37676978e-01
    4.97269839e-01 2.48241216e-01 6.72682285e-01 4.44092870e-01
    6.87658072e-01 9.09926236e-01 1.83789313e-01 7.01384902e-01
    2.50220895e-01 5.78364313e-01 8.14578533e-02 4.97762620e-01
    8.08418870e-01 6.53883934e-01 3.76280129e-01 8.77303660e-01
    9.96728539e-01 2.14716971e-01 1.70864940e-01 6.03722572e-01
    7.35545039e-01 1.26989454e-01 7.15330303e-01 5.47294974e-01
    5.57885289e-01 8.85189414e-01 5.53455651e-01 3.79207969e-01
    2.91943312e-01 7.89260626e-01 9.25616264e-01 6.98717833e-01
    8.47743392e-01 9.24792886e-01 2.82532662e-01 6.96104884e-01
    4.14799541e-01 4.37918544e-01 6.56816602e-01 4.06061411e-02
    2.73844153e-01 9.82258320e-01 6.00843489e-01 7.29560375e-01
    4.64694053e-01 2.69579113e-01 5.94855070e-01 5.98150015e-01
    3.66026938e-01 8.16978037e-01 9.00770962e-01 3.68754983e-01
    6.80229902e-01 8.26367140e-01 2.23627239e-01 1.98173523e-01
    4.11328673e-02 3.98032874e-01 8.09697330e-01 5.28277576e-01
    6.94437504e-01 3.67765665e-01 2.18776733e-01 4.59351271e-01
    8.12899470e-01 6.30125999e-02 8.60747933e-01 7.92810321e-01
    7.07412183e-01 6.30705178e-01 4.72488403e-01 9.83926952e-02
    4.90113288e-01 8.07573080e-01 7.98885703e-01 4.10368383e-01
    6.32279158e-01 6.25544548e-01 7.51642764e-01 8.46071959e-01
    2.75596142e-01 6.80007577e-01 6.86316550e-01 8.69764209e-01
    2.85621673e-01 3.45487058e-01 9.24072742e-01 5.00155210e-01
    1.60422862e-01 6.68341637e-01 8.06496441e-01 5.45114219e-01
    2.50180632e-01 6.22577548e-01 7.14945793e-02 7.63781726e-01
    2.84597158e-01 2.86756605e-01 7.57311940e-01 2.14291722e-01
    3.09551239e-01 3.81483644e-01 7.01878071e-01 4.88812059e-01
    4.42238718e-01 3.80133390e-01 8.93143177e-01 2.22415805e-01
    6.62375152e-01 4.82357442e-01 1.39679372e-01 3.02574992e-01
    2.47808725e-01 1.05179012e-01 7.62290537e-01 6.74316823e-01
    2.86775410e-01 1.62412584e-01 7.23052621e-02 3.85705143e-01
    9.73749518e-01 4.47094977e-01 6.76315546e-01 4.63545501e-01
    8.41301560e-01 1.18460089e-01 7.05318451e-01 2.05715775e-01
    9.15162683e-01 4.39077556e-01 6.21889830e-02 8.82180095e-01
    4.50151980e-01 2.63827622e-01 7.63189256e-01 2.46791571e-01
    6.56286061e-01 2.82849729e-01 5.40731668e-01 5.77236831e-01
    3.64803255e-01 3.13993216e-01 9.78299081e-02 5.72126269e-01
    3.99967819e-01 8.40102613e-01 7.56794155e-01 2.58110404e-01
    4.92034405e-01 9.72360373e-01 6.53544188e-01 3.37696075e-01
    4.03597355e-02 9.40830350e-01 5.12640774e-02 4.31866854e-01
    9.38453555e-01 2.62384802e-01 7.37168550e-01 8.90038013e-02
    5.31990349e-01 2.49013186e-01 1.76481605e-02 4.44938987e-01
    7.18113542e-01 2.52700150e-01 9.64080632e-01 1.24404877e-01
    2.92405903e-01 6.88172996e-01 4.55402792e-01 1.03727967e-01
    3.57146680e-01 5.71855545e-01 2.16046989e-01 4.21729147e-01
    6.81833327e-02 6.69151306e-01 7.55612254e-01 7.31812954e-01
    1.01657301e-01 1.10264421e-02 5.71103036e-01 3.51567268e-01
    8.64024997e-01 7.86674976e-01 7.67278731e-01 7.49505162e-01
    5.80854475e-01 6.41169608e-01 1.06965959e-01 3.11677754e-01
    4.43179369e-01 1.79813027e-01 6.98501587e-01 7.28202164e-01
    5.34441352e-01 7.83414602e-01 3.65846097e-01 9.13911104e-01
    3.48318100e-01 7.83483505e-01 5.97061157e-01 8.75458658e-01
    3.01610827e-01 6.20183349e-03 5.72729468e-01 1.48099959e-02
    6.75645232e-01 6.93552673e-01 6.63533926e-01 8.73643517e-01
    9.28233564e-01 2.41083354e-01 3.05731803e-01 8.82567883e-01
    3.59295815e-01 9.15879250e-01 9.24170375e-01 2.67483175e-01
    2.89669752e-01 8.87011528e-01 9.45914209e-01 2.16813385e-02
    3.13442677e-01 9.62751210e-02 7.35484421e-01 2.75568038e-01
    2.50986457e-01 2.21931010e-01 1.16393179e-01 9.06624675e-01
    3.04219931e-01 2.39967555e-01 2.08409727e-02 2.81059116e-01
    6.50016904e-01 8.40743899e-01 1.34519458e-01 2.51935840e-01
    2.58997381e-02 8.40992093e-01 4.93144512e-01 3.88058186e-01
    6.29519820e-01 6.74774945e-01 7.94885516e-01 8.38744998e-01
    8.91673267e-01 8.47801447e-01 3.68654907e-01 4.18940663e-01
    8.47484231e-01 3.09357703e-01 9.29324329e-01 2.87389934e-01
    7.03427076e-01 3.38460863e-01 8.35507751e-01 3.47119182e-01
    8.32735538e-01 4.04627800e-01 8.26137900e-01 2.50390500e-01
    4.08681184e-01 8.47127914e-01 9.98461306e-01 6.72819912e-01
    1.64674044e-01 4.92234111e-01 5.62300682e-02 3.90314966e-01
    8.46707582e-01 8.71765554e-01 7.86576331e-01 8.40491056e-01
    1.33981764e-01 9.70684350e-01 3.26249957e-01 6.24409735e-01
    6.12100720e-01 2.32734978e-02 5.88299394e-01 1.28080785e-01
    9.70073044e-02 5.59099257e-01 4.53173310e-01 3.47757727e-01
    4.79276568e-01 4.44062501e-01 8.90469253e-01 6.03827834e-01
    6.42494559e-01 3.55355203e-01 7.77951539e-01 1.12426877e-01
    6.12298548e-01 2.06546426e-01 2.05505848e-01 4.57652450e-01
    5.06058395e-01 3.45883697e-01 6.12433970e-01 8.99232626e-01
    3.07870746e-01 9.17849123e-01 7.33241796e-01 3.26415598e-01
    2.77046859e-01 4.20044065e-01 1.49906605e-01 3.86182547e-01
    7.54449248e-01 6.28397465e-02 5.67969143e-01 1.89290613e-01
    5.93624532e-01 5.64352512e-01 1.38859898e-01 9.12664533e-01
    3.57221127e-01 4.15284336e-02 5.41027546e-01 3.62759233e-01
    6.18021131e-01 8.76051486e-02 9.06335533e-01 1.41273677e-01
    1.66156232e-01 4.90148067e-02 3.91423911e-01 4.09642994e-01
    5.50939679e-01 8.44215751e-01 8.62283230e-01 4.50591117e-01
    6.27539039e-01 4.48309839e-01 9.01874900e-01 5.39435863e-01
    1.84986174e-01 3.85228395e-02 3.45160127e-01 7.20627785e-01
    2.07337767e-01 6.25147820e-02 9.74686861e-01 3.30111802e-01
    1.44427329e-01 1.72158897e-01 6.36492670e-02 4.57819462e-01
    7.63268709e-01 8.24771523e-01 9.25885499e-01 3.16199481e-01
    1.95988953e-01 5.56966662e-01 3.68606329e-01 8.52337599e-01
    1.64032578e-02 1.57657802e-01 7.14010358e-01 9.97658372e-01
    1.80368930e-01 1.89460039e-01 3.36370528e-01 1.66723698e-01
    3.49972248e-01 1.06751472e-01 3.56606483e-01 7.16015100e-01
    8.35189879e-01 3.60425770e-01 3.26942384e-01 1.58031166e-01
    7.41443992e-01 2.91509330e-02 1.43874705e-01 6.34159386e-01
    9.47318792e-01 5.24944842e-01 2.88665295e-03 6.98254347e-01
    2.19356626e-01 6.06748700e-01 2.58734345e-01 7.59843230e-01
    3.21403623e-01 6.58519566e-02 2.05459267e-01 3.33412856e-01
    3.78529161e-01 8.66681218e-01 7.71933198e-02 6.26428902e-01
    7.18273401e-01 5.34160435e-01 3.85618359e-01 9.07452047e-01
    5.38209081e-01 9.26418781e-01 5.57835996e-02 3.21760774e-03
    6.77534580e-01 9.91983652e-01 1.80728883e-01 6.81659520e-01
    3.01741421e-01 1.08104974e-01 1.95285171e-01 1.13040209e-03
    4.86270159e-01 3.40759039e-01 4.64182496e-02 8.11819732e-01
    9.96462226e-01 7.56704092e-01 9.13901925e-01 7.18641877e-01
    9.61738467e-01 1.23459250e-01 3.60108316e-02 4.62729067e-01
    1.36555582e-01 5.87155581e-01 2.45725453e-01 2.14831203e-01
    8.26775789e-01 4.78443980e-01 5.10482013e-01 6.16882205e-01
    9.65546012e-01 9.39839125e-01 9.61490870e-02 6.92030370e-01
    2.78205872e-02 5.56451797e-01 9.07972455e-01 5.75115085e-01
    2.10131496e-01 5.10519445e-02 2.24008054e-01 7.25573123e-01
    1.79649889e-02 7.76716352e-01 7.30109036e-01 9.89700675e-01
    5.28198481e-01 4.76893067e-01 2.38234550e-01 7.11168170e-01
    6.79607451e-01 4.23756421e-01 1.49999082e-01 6.10788703e-01
    4.04517651e-02 1.14712298e-01 4.20005798e-01 4.84764576e-04
    2.23233044e-01 1.19357705e-02 6.06606305e-01 3.19354534e-01
    8.44577074e-01 8.30995560e-01 5.28968215e-01 1.70079112e-01
    8.48644853e-01 7.69719005e-01 6.72075272e-01 7.97716618e-01
    8.51358533e-01 9.08615589e-01 6.02846205e-01 2.76527047e-01
    5.97738802e-01 7.70111620e-01 6.33183122e-03 2.04887927e-01
    4.33665097e-01 9.63189542e-01 1.50735855e-01 7.46586740e-01
    8.05855334e-01 2.02280492e-01 9.69990849e-01 2.03867644e-01
    6.28075600e-01 3.05719823e-01 4.89910543e-01 6.57862544e-01
    5.42819798e-01 1.36930138e-01 9.47539091e-01 6.95968270e-02
    9.17495608e-01 1.95384532e-01 5.73103964e-01 7.99593627e-02
    9.54850316e-02 1.70130938e-01 2.49704421e-02 8.68112326e-01
    8.84999871e-01 4.74502742e-01 6.26340806e-02 8.75666738e-01
    7.73953438e-01 4.14346337e-01 7.58201122e-01 9.21195686e-01
    7.12504745e-01 2.08349645e-01 6.47682250e-02 5.07063270e-01
    7.90595710e-01 5.10403991e-01 3.52442026e-01 2.89582700e-01
    7.95918584e-01 8.00405741e-01 3.34385753e-01 3.36773038e-01
    5.63290477e-01 8.84138346e-01 6.30509317e-01 8.01296592e-01
    1.87983900e-01 5.43926716e-01 7.72746265e-01 1.64904594e-01
    9.32802856e-01 4.05422866e-01 3.63092899e-01 3.06578428e-01
    2.24752158e-01 2.57459402e-01 3.00885141e-01 2.74035305e-01
    8.49539936e-01 9.10671055e-02 6.44954860e-01 6.09032810e-01
    5.99601448e-01 6.25941813e-01 1.92090005e-01 6.64682508e-01
    6.28325939e-02 7.68992662e-01 5.03757894e-01 6.60558999e-01
    2.03581393e-01 3.24959785e-01 4.09810781e-01 2.23258555e-01
    2.63328433e-01 3.06484908e-01 9.99878287e-01 7.03671992e-01
    4.09899712e-01 6.23435497e-01 7.42127180e-01 5.28583705e-01
    5.39331555e-01 1.83201253e-01 2.59437144e-01 3.76089007e-01
    9.14206982e-01 5.62822580e-01 6.24638259e-01 9.70483124e-02
    4.83684719e-01 4.99785423e-01 2.28099585e-01 7.90972590e-01
    5.15649796e-01 5.48400760e-01 3.59549999e-01 9.55448270e-01
    9.20960963e-01 2.00151145e-01 3.85737419e-03 6.96746349e-01
    1.75376236e-01 9.72187877e-01 6.28960609e-01 1.50857449e-01
    2.95683473e-01 2.91588157e-01 2.94176877e-01 6.27814710e-01
    8.66616189e-01 6.67772055e-01 6.82411194e-01 4.69006509e-01
    9.63309765e-01 2.41498083e-01 8.42657447e-01 1.79312676e-01
    7.16740072e-01 5.26066482e-01 6.91397190e-01 8.61279011e-01
    1.97017193e-01 9.10483778e-01 1.95107460e-02 2.50368059e-01
    3.13030601e-01 3.50356847e-01 1.02036566e-01 4.83296633e-01
    6.83134317e-01 7.79325128e-01 6.98036909e-01 4.01195258e-01
    1.63813680e-01 2.05901533e-01 8.70572209e-01 5.00751078e-01
    5.37188172e-01 4.04095083e-01 4.49692130e-01 9.24254060e-01
    8.78080845e-01 4.09984320e-01 5.51648438e-02 1.45551294e-01
    3.55778515e-01 4.54083890e-01 3.26469660e-01 9.34171677e-03
    5.30420840e-02 4.03697997e-01 9.19111788e-01 6.34192765e-01
    5.30291498e-02 9.76521254e-01 6.98861361e-01 9.49504197e-01
    2.08807707e-01 7.47082829e-01 5.87453663e-01 7.43467331e-01
    7.65549660e-01 9.35810447e-01 1.85019523e-01 8.65688562e-01
    9.18386340e-01 1.75982773e-01 9.06100035e-01 1.24121726e-01
    5.94445229e-01 3.49977076e-01 2.76030391e-01 5.18593132e-01
    7.25055158e-01 3.12309653e-01 7.83001840e-01 5.19004583e-01
    6.46402895e-01 1.58698022e-01 5.88702559e-01 9.36260760e-01
    2.79377818e-01 4.09389138e-02 3.17311972e-01 5.78367412e-01
    8.40946555e-01 8.55348587e-01 9.13540840e-01 1.85472012e-01
    9.92103696e-01 2.30558693e-01 9.88118351e-02 5.05148172e-01
    8.81701410e-01 4.57065701e-01 7.06203699e-01 3.25750589e-01
    5.41191161e-01 8.29481781e-01 5.98128796e-01 8.70139599e-01
    9.82246220e-01 6.72343135e-01 8.93943310e-01 2.57386863e-02
    3.92594337e-02 6.38665020e-01 8.88650894e-01 1.94675922e-01
    8.02644134e-01 9.15909052e-01 7.97857165e-01 4.54458207e-01
    2.91057169e-01 3.87425065e-01 6.78433061e-01 9.11894560e-01
    8.61920595e-01 9.01902556e-01 8.27889919e-01 3.77404213e-01
    9.62543547e-01 6.14121020e-01 1.62422448e-01 9.73347902e-01
    1.95412159e-01 2.94409990e-02 4.64150518e-01 1.40855908e-02
    8.18205595e-01 4.36671734e-01 1.33184552e-01 5.59843481e-01
    1.11474007e-01 3.36548984e-01 8.12708676e-01 2.40636885e-01
    3.88242930e-01 1.39747202e-01 7.42831826e-01 3.08019221e-02
    4.64997679e-01 1.03658199e-01 6.05403662e-01 8.18679094e-01
    4.38176215e-01 4.42730814e-01 4.41597402e-02 5.96732795e-02
    5.34254491e-01 4.11040485e-01 7.93887138e-01 8.04801941e-01
    6.86303675e-01 4.17258382e-01 5.40969133e-01 8.95886540e-01
    5.59715688e-01 5.64744055e-01 2.90557742e-01 2.97552168e-01
    1.84539676e-01 2.96654820e-01 5.40380478e-01 9.78430212e-02
    1.42283618e-01 4.36239839e-02 5.34479618e-01 4.13730681e-01
    7.12791383e-01 6.30898952e-01 5.92195868e-01 4.80260938e-01
    6.35519981e-01 7.46425033e-01 1.08816922e-02 5.85525036e-01
    2.75002480e-01 6.85724914e-02 9.59330916e-01 1.06808722e-01
    1.65758371e-01 9.78563666e-01 6.04008675e-01 5.29047549e-02
    9.21806037e-01 4.11904037e-01 2.59808421e-01 8.36348414e-01
    6.46044433e-01 3.63867581e-02 1.59100771e-01 3.66743684e-01
    2.06339538e-01 3.19905639e-01 3.86653900e-01 6.46261930e-01
    7.45434761e-01 2.80104160e-01 5.03120065e-01 1.13494098e-01
    7.12708890e-01 4.74787921e-01 4.80493605e-02 1.07266456e-01
    6.79064095e-02 4.76063311e-01 6.09266639e-01 3.37046981e-02
    7.90849090e-01 7.63366222e-02 7.87280142e-01 5.44992387e-01
    5.83240807e-01 9.80570138e-01 4.38988149e-01 9.00531054e-01
    3.59268725e-01 9.43267226e-01 8.02006602e-01 2.03889877e-01
    1.54273748e-01 6.39340699e-01 6.27260208e-02 1.48537785e-01
    7.62690008e-01 3.16259772e-01 9.75351274e-01 8.99940014e-01
    6.01601124e-01 5.65454841e-01 4.45023209e-01 3.27127814e-01
    4.17317510e-01 2.39419997e-01 7.49086499e-01 9.51596141e-01
    5.10910571e-01 7.50424743e-01 6.84495747e-01 5.85399449e-01
    6.20233715e-01 9.18661594e-01 4.99265790e-02 9.14002061e-01
    6.44881546e-01 3.46353650e-02 8.99044335e-01 1.72476381e-01
    2.09692568e-01 8.73676360e-01 2.52250671e-01 2.60329098e-01
    7.27563620e-01 6.36663079e-01 8.26824903e-01 1.24637634e-01
    5.40556371e-01 9.18789387e-01 3.79460692e-01 4.02425349e-01
    7.42476344e-01 6.88634932e-01 3.48478198e-01 1.18496627e-01
    2.81140745e-01 5.23638427e-02 4.72516328e-01 7.81418443e-01
    6.55425131e-01 5.16954362e-01 8.12988281e-02 8.27494860e-01
    8.73883605e-01 6.84298754e-01 9.77697968e-01 8.06144118e-01
    3.12712967e-01 3.72154951e-01 2.68344104e-01 5.53510666e-01
    7.47724473e-01 4.51080024e-01 5.87700546e-01 8.58673453e-03
    8.36361527e-01 7.53056169e-01 1.75292432e-01 3.18169177e-01</data></test_img>
<test_filter type_id="opencv-matrix">
  <rows>19</rows>
  <cols>19</cols>
  <dt>f</dt>
  <data>
    3.38648736e-01 3.65723670e-02 8.10694456e-01 5.77896357e-01
    2.57081598e-01 2.91441202e-01 8.45929801e-01 5.94314396e-01
    5.57026088e-01 8.57279480e-01 4.13559973e-02 5.22410989e-01
    5.23420930e-01 8.29742670e-01 3.51840585e-01 2.94089466e-01
    9.69907284e-01 6.66209161e-01 8.46228361e-01 9.38463688e-01
    2.17962712e-01 9.25985992e-01 8.26345921e-01 7.73489952e-01
    3.51024449e-01 9.39491630e-01 8.04084241e-02 1.77802026e-01
    3.72480214e-01 8.00340176e-01 5.95268607e-01 2.96250045e-01
    9.06204581e-02 1.34848058e-01 9.34100151e-01 8.01860809e-01
    6.13150954e-01 4.49096560e-01 9.36358213e-01 2.51332164e-01
    4.24420625e-01 7.69219637e-01 7.04492211e-01 6.26240253e-01
    5.68013072e-01 6.76735282e-01 8.19293797e-01 4.51040000e-01
    5.52535355e-02 4.72142845e-01 8.01909566e-02 3.68837476e-01
    6.31005883e-01 2.81606019e-01 3.22768152e-01 5.99964023e-01
    1.25442445e-02 1.06194019e-02 4.71246958e-01 5.32931387e-01
    1.08379036e-01 9.06440675e-01 6.33750856e-01 3.88370991e-01
    8.64287734e-01 3.22949260e-01 6.32485688e-01 8.87660265e-01
    2.67359078e-01 5.26074827e-01 3.48285973e-01 9.49650884e-01
    3.16186726e-01 8.05609345e-01 7.96084166e-01 3.29098374e-01
    3.98903251e-01 7.39793003e-01 6.07837319e-01 2.62106955e-01
    2.67915756e-01 6.46565259e-02 7.35483527e-01 4.11036938e-01
    8.62182736e-01 4.17811096e-01 9.93967891e-01 2.70228028e-01
    9.03830945e-01 8.99125934e-01 7.13335991e-01 2.58862674e-01
    5.94637096e-01 9.44982886e-01 9.22612548e-02 5.92517316e-01
    9.90024924e-01 9.41162348e-01 5.86742043e-01 7.46363640e-01
    6.86199903e-01 8.82660389e-01 4.72069919e-01 3.62492472e-01
    6.13471568e-02 4.55011010e-01 5.94765306e-01 2.15326905e-01
    3.70611191e-01 7.79320955e-01 5.15536427e-01 7.15590954e-01
    2.13396698e-01 5.68035960e-01 2.32898265e-01 7.97513366e-01
    7.86379337e-01 3.72173011e-01 8.37463439e-02 2.38566071e-01
    5.31712770e-02 7.94937491e-01 2.30253935e-02 1.90792978e-02
    5.86429298e-01 6.11052096e-01 2.94896960e-01 1.93302840e-01
    3.65916073e-01 6.15182817e-02 9.08229709e-01 3.29569578e-01
    8.28249335e-01 1.48025155e-03 7.81476676e-01 1.06033951e-01
    1.06461078e-01 6.97144032e-01 1.93227828e-02 9.48682845e-01
    7.65565038e-03 4.40752029e-01 2.99892187e-01 4.76175696e-01
    9.36321139e-01 1.75786108e-01 3.45250070e-01 3.68497133e-01
    9.12935376e-01 5.73068082e-01 4.16098833e-01 6.99089766e-02
    4.72082317e-01 1.37419790e-01 6.50912821e-01 4.19414520e-01
    5.81343412e-01 2.11965084e-01 9.74580467e-01 3.17807168e-01
    3.13917279e-01 2.70419419e-01 9.99089122e-01 7.11389542e-01
    4.15274024e-01 2.88845003e-02 9.43870544e-01 1.49791539e-02
    4.65228170e-01 9.69727218e-01 4.25221860e-01 9.55515146e-01
    3.38499486e-01 6.80061698e-01 9.36685622e-01 5.39099336e-01
    3.31312120e-02 4.22575355e-01 8.35683465e-01 2.78613985e-01
    4.59803402e-01 3.50940645e-01 6.21849656e-01 3.88409376e-01
    6.18153811e-03 3.45405042e-01 7.37349629e-01 4.56634104e-01
    3.86118174e-01 2.13897765e-01 6.48172379e-01 2.38248259e-01
    8.24399412e-01 7.05801785e-01 2.04808235e-01 4.88740325e-01
    6.33866191e-01 4.95276928e-01 1.39080614e-01 7.86768198e-01
    2.33616829e-01 4.02385592e-02 9.44199264e-01 4.13292468e-01
    8.40191364e-01 6.63486004e-01 1.79036289e-01 9.44524407e-01
    1.13181949e-01 6.74465179e-01 6.75542772e-01 3.07342708e-02
    4.89240885e-01 4.59228873e-01 4.36699390e-02 1.78009272e-02
    4.32047606e-01 4.96854126e-01 4.55657601e-01 5.51232159e-01
    8.21833313e-01 2.12488413e-01 6.63915277e-01 3.72947752e-02
    7.00216591e-02 8.14747214e-02 6.20774090e-01 7.31427848e-01
    1.28513873e-02 5.61300278e-01 3.45705032e-01 8.01891983e-01
    5.36632240e-01 7.96065509e-01 2.67087758e-01 8.26643944e-01
    7.30074048e-01 9.98832583e-01 1.00621074e-01 1.10529423e-01
    3.34257513e-01 6.61667585e-02 6.12175465e-03 2.32233554e-01
    5.07790983e-01 8.40890467e-01 3.08115065e-01 1.58091396e-01
    4.43480462e-01 1.41810656e-01 4.22076344e-01 6.89467132e-01
    3.99810702e-01 3.26429218e-01 9.26459730e-01 2.88807333e-01
    3.82015437e-01 7.82987595e-01 8.96208525e-01 1.74735665e-01
    4.58534241e-01 9.98331308e-01 3.01848978e-01 6.44978940e-01
    3.01415533e-01 4.14849490e-01 7.00892806e-01 4.75311279e-03
    9.48828936e-01 7.82450914e-01 3.99743557e-01 5.81119001e-01
    9.01630104e-01 5.81229031e-02 3.07995379e-01 8.13244224e-01
    1.55548483e-01 4.22539234e-01 2.38894820e-01 8.65198731e-01
    5.70299029e-01 9.90214944e-01 1.89393699e-01 4.16233629e-01
    3.83271337e-01 7.64166713e-01 4.44785446e-01 2.48239070e-01
    8.59422445e-01 8.52317810e-01 7.99643517e-01 5.63863516e-01
    6.86005354e-01 6.95032477e-02 4.69843030e-01 2.60396689e-01
    5.70516467e-01 6.09418154e-01 4.41598386e-01 7.19197989e-01
    9.66242492e-01 6.63808405e-01 6.57097816e-01 6.38911247e-01
    6.14436269e-01 8.24265122e-01 9.15116727e-01 8.89865160e-01
    5.19044816e-01 1.25644565e-01 7.61580646e-01 5.99220097e-01
    7.46707022e-01 1.19559497e-01 3.54078650e-01 6.50406301e-01
    8.44567776e-01 7.39630461e-01 6.39566362e-01 7.30983317e-01
    7.88248897e-01 8.70062292e-01 1.40092045e-01 4.87665385e-01
    3.23047787e-01 3.76580864e-01 6.35363340e-01 8.79468024e-01
    6.73841476e-01 2.99228698e-01 1.25467867e-01 7.36146390e-01
    6.87819958e-01 1.13518387e-01 2.15466231e-01 9.24812078e-01
    3.31625700e-01 6.80152059e-01 6.34262919e-01 4.05100584e-01
    6.98168457e-01 8.18436742e-02 1.47569567e-01 8.06621671e-01
    8.05240214e-01 3.40640128e-01 2.60686874e-01 8.52316618e-04
    3.79672289e-01 3.26883465e-01 1.76923454e-01 7.00307012e-01
    4.12151814e-02 7.08290935e-01 1.61525518e-01 1.65033013e-01
    6.52241588e-01 7.86891282e-01 6.68092489e-01 5.75981200e-01
    8.68052602e-01</data></test_filter>
<my_img type_id="opencv-matrix">
  <rows>110</rows>
  <cols>238</cols>
  <dt>f</dt>
  <data>
    8.92330475e+01 8.84113998e+01 8.99894638e+01 9.11226349e+01
    8.72245941e+01 8.60335083e+01 8.79669342e+01 9.19721603e+01
    9.18346024e+01 9.27574997e+01 8.91438446e+01 8.81355591e+01
    9.11980133e+01 9.04720612e+01 8.88159256e+01 8.61972427e+01
    9.41605911e+01 9.05013580e+01 9.04195328e+01 9.14936371e+01
    9.30533447e+01 9.29282303e+01 9.33682098e+01 9.17773132e+01
    9.60620651e+01 8.93835297e+01 9.62585831e+01 9.51049423e+01
    9.62792816e+01 9.54919128e+01 9.41186066e+01 9.55504913e+01
    9.44841385e+01 9.63383179e+01 9.66484604e+01 9.45490494e+01
    9.26106339e+01 9.62703018e+01 9.69366150e+01 9.51855392e+01
    1.00026711e+02 9.48613739e+01 9.51415405e+01 9.70809174e+01
    9.19905167e+01 9.17171402e+01 9.61079712e+01 9.40217361e+01
    9.58424149e+01 9.35197220e+01 9.44583893e+01 9.43279877e+01
    9.34957428e+01 9.26124039e+01 9.33001022e+01 9.21392441e+01
    8.93219299e+01 8.91433640e+01 8.93781128e+01 8.68654633e+01
    9.04591522e+01 9.02734528e+01 9.08610687e+01 9.34152527e+01
    9.34609451e+01 9.35761261e+01 9.34572220e+01 9.30015793e+01
    9.17915955e+01 9.45929260e+01 9.54729767e+01 9.22971649e+01
    9.29042892e+01 9.23895187e+01 9.41702881e+01 9.39500275e+01
    9.72177124e+01 9.40345154e+01 9.39853363e+01 9.71865997e+01
    9.39249039e+01 9.38366776e+01 9.35062027e+01 9.23883438e+01
    9.27525101e+01 9.22633133e+01 9.28664322e+01 8.95954590e+01
    9.37467499e+01 9.20936050e+01 9.03742599e+01 8.88371429e+01
    8.69338989e+01 9.19023972e+01 8.90668716e+01 9.18197174e+01
    9.17115936e+01 8.96919479e+01 9.21198425e+01 9.51373138e+01
    9.38890305e+01 9.13268890e+01 9.09715347e+01 9.42823181e+01
    9.37763596e+01 9.27666245e+01 9.12175217e+01 9.36382370e+01
    9.17503433e+01 9.10997925e+01 9.46486969e+01 9.24576721e+01
    9.31906128e+01 9.33824768e+01 9.25425644e+01 8.93889313e+01
    9.37000504e+01 9.14373856e+01 9.23187561e+01 9.55395508e+01
    9.15771713e+01 9.33886566e+01 9.24166183e+01 9.45450058e+01
    8.85370255e+01 8.85278778e+01 9.17526932e+01 9.02364426e+01
    8.93223114e+01 9.16811752e+01 9.25258408e+01 9.14724197e+01
    9.38487091e+01 9.23937912e+01 9.28428726e+01 9.52656937e+01
    9.52289352e+01 9.34144516e+01 8.92846222e+01 8.96018677e+01
    9.17897034e+01 8.94150009e+01 9.30419464e+01 9.19728394e+01
    9.13518295e+01 9.22045441e+01 9.52645493e+01 9.08722534e+01
    9.21802444e+01 9.25164871e+01 8.98021851e+01 9.07393265e+01
    9.07178345e+01 9.17664948e+01 9.22927017e+01 8.97700577e+01
    9.09122314e+01 8.96195221e+01 9.28758621e+01 9.19482956e+01
    9.27915726e+01 9.17436752e+01 9.35432281e+01 9.19147873e+01
    9.15419464e+01 9.14138412e+01 9.34360580e+01 9.14139175e+01
    9.31028366e+01 9.37173615e+01 9.41968918e+01 9.27989960e+01
    9.53855896e+01 9.25103683e+01 9.30564499e+01 9.42802582e+01
    9.32198715e+01 9.63765869e+01 9.37722321e+01 9.58352814e+01
    9.37145920e+01 9.53863297e+01 9.35296173e+01 9.21187592e+01
    9.16590576e+01 9.21917953e+01 9.20245972e+01 9.10450516e+01
    8.99690323e+01 8.93223572e+01 8.76450806e+01 8.78311386e+01
    8.56691208e+01 8.78790131e+01 8.68135681e+01 8.84311981e+01
    8.81140747e+01 8.82588654e+01 8.82398911e+01 8.96178055e+01
    8.84691467e+01 8.98007202e+01 8.70182190e+01 8.94273682e+01
    8.90963135e+01 9.06399918e+01 9.20773773e+01 9.40895233e+01
    9.25089340e+01 9.39744415e+01 9.83675308e+01 9.88697205e+01
    9.72322540e+01 9.52003326e+01 9.54992905e+01 9.75146866e+01
    9.17226410e+01 9.59627991e+01 9.61912994e+01 9.82962723e+01
    9.50793991e+01 9.60304794e+01 9.38112564e+01 9.30230484e+01
    9.30164108e+01 9.55417328e+01 9.15619202e+01 9.07614517e+01
    8.58953552e+01 8.89980087e+01 8.48459167e+01 8.54093246e+01
    8.76911697e+01 8.66168900e+01 8.93330917e+01 9.11886063e+01
    8.80346298e+01 8.46738052e+01 8.90419540e+01 8.88423386e+01
    8.56308060e+01 8.81407394e+01 8.76545258e+01 8.66981049e+01
    8.84365082e+01 8.67933197e+01 9.09295120e+01 9.08146362e+01
    9.08755722e+01 9.02190247e+01 8.97876816e+01 9.27089615e+01
    9.09755249e+01 8.94092407e+01 9.02647705e+01 9.37689743e+01
    9.09676666e+01 9.06265564e+01 9.07103577e+01 9.15179977e+01
    8.97903519e+01 9.26617889e+01 9.14535446e+01 9.08198547e+01
    9.18383636e+01 9.16453094e+01 9.17997360e+01 9.10394440e+01
    9.16943970e+01 9.20367355e+01 9.42549896e+01 9.26999588e+01
    9.33235168e+01 9.39069672e+01 9.34224319e+01 9.58398743e+01
    9.92910614e+01 9.43603973e+01 9.80548477e+01 9.39872055e+01
    9.40959625e+01 9.47845840e+01 9.64440536e+01 9.34838943e+01
    9.64098892e+01 9.44097061e+01 9.57856445e+01 9.56438980e+01
    9.07648773e+01 9.36867981e+01 9.42415924e+01 9.47615662e+01
    9.45980911e+01 9.18414154e+01 8.86651382e+01 9.10011215e+01
    9.10841980e+01 8.53246689e+01 8.85763779e+01 8.87536774e+01
    8.93576889e+01 9.27800522e+01 9.00862732e+01 9.00431671e+01
    9.33091583e+01 9.33757401e+01 9.34303360e+01 9.07123260e+01
    9.16585464e+01 9.25083771e+01 9.41246643e+01 9.46482849e+01
    9.55672836e+01 9.46127701e+01 9.18291931e+01 9.24140472e+01
    9.57583008e+01 9.56433105e+01 9.28027267e+01 8.96338348e+01
    9.08802490e+01 9.04268875e+01 9.16695251e+01 8.85181580e+01
    8.98147964e+01 8.74738159e+01 9.23915787e+01 9.43951492e+01
    9.56496964e+01 9.02382736e+01 8.64712143e+01 9.43658524e+01
    9.25411453e+01 9.03465271e+01 9.38412704e+01 9.17609634e+01
    9.29869308e+01 9.43393402e+01 9.52159729e+01 9.54917450e+01
    9.39475327e+01 9.42306976e+01 9.38635254e+01 9.45487747e+01
    9.56400070e+01 9.21547241e+01 9.22350922e+01 9.25243301e+01
    9.48260422e+01 9.40615616e+01 9.21545105e+01 9.21866684e+01
    9.24493484e+01 9.14142075e+01 9.15453415e+01 9.17009811e+01
    9.24168396e+01 9.32186432e+01 9.35135422e+01 9.52465210e+01
    9.31845627e+01 9.15356522e+01 9.16528931e+01 9.45294266e+01
    9.01961746e+01 9.24078979e+01 9.47052002e+01 9.12538834e+01
    9.10899353e+01 9.15304565e+01 9.49408875e+01 9.05259857e+01
    9.50537720e+01 9.32539062e+01 9.35678406e+01 9.25573349e+01
    9.23319931e+01 9.07667389e+01 9.32219086e+01 9.43626556e+01
    9.27562256e+01 9.18956985e+01 9.44630585e+01 9.30734024e+01
    9.19444733e+01 9.60790024e+01 9.49647522e+01 9.12569275e+01
    9.11266785e+01 9.33050613e+01 9.22553635e+01 8.87712708e+01
    9.34406815e+01 8.92725983e+01 9.25697174e+01 9.09758987e+01
    9.16613998e+01 9.03670959e+01 8.86105118e+01 8.84069519e+01
    9.37031326e+01 9.27882233e+01 8.88570633e+01 9.23262177e+01
    9.01637497e+01 9.25830154e+01 9.16636734e+01 9.38958664e+01
    9.21029587e+01 8.95967789e+01 9.19979019e+01 8.97064819e+01
    9.56498184e+01 9.42775040e+01 9.46402359e+01 9.46676254e+01
    9.60408936e+01 9.92480698e+01 9.35004196e+01 1.00528946e+02
    9.28929749e+01 9.39837646e+01 9.43144684e+01 9.73904419e+01
    9.12732239e+01 9.23607635e+01 9.09511108e+01 8.87038422e+01
    8.85637894e+01 8.98420410e+01 8.73155518e+01 8.73373795e+01
    8.78722153e+01 8.76789246e+01 8.92377243e+01 8.65006256e+01
    8.88854294e+01 8.80122910e+01 8.92547073e+01 8.81902695e+01
    8.82004929e+01 8.92265091e+01 8.78294220e+01 9.11343689e+01
    9.34588394e+01 9.28382416e+01 9.23807373e+01 9.39311600e+01
    9.84990005e+01 9.84406815e+01 9.63716965e+01 9.77955170e+01
    9.51654968e+01 9.42461777e+01 9.46969757e+01 9.68253098e+01
    9.23898163e+01 9.77046890e+01 9.35735855e+01 9.64539566e+01
    9.21499634e+01 9.38534851e+01 9.34195862e+01 9.30057068e+01
    9.37002258e+01 9.26342392e+01 8.96153336e+01 8.71756134e+01
    8.78841629e+01 8.70907059e+01 8.89242401e+01 8.82035828e+01
    8.55083084e+01 8.66341095e+01 8.96679153e+01 8.76468430e+01
    8.61097717e+01 8.92970963e+01 8.96589737e+01 8.62793198e+01
    8.60473862e+01 8.46678085e+01 8.67729111e+01 8.54066849e+01
    8.80715714e+01 9.13190002e+01 9.02934952e+01 9.09886932e+01
    8.94047318e+01 9.15513916e+01 8.97734375e+01 8.81280594e+01
    9.07301102e+01 9.09382401e+01 9.21476364e+01 9.14538879e+01
    8.99860458e+01 9.06292648e+01 8.89902954e+01 9.17376480e+01
    9.03442001e+01 8.87266235e+01 9.23401718e+01 9.41090775e+01
    9.21387634e+01 9.05978928e+01 9.25974121e+01 9.10199432e+01
    9.25592575e+01 9.18226013e+01 9.22116699e+01 9.10944595e+01
    9.22726898e+01 9.34441757e+01 9.53302002e+01 9.66667480e+01
    9.60612106e+01 9.69960632e+01 9.61825943e+01 9.81399612e+01
    9.36483459e+01 9.22684860e+01 9.50306778e+01 9.39395294e+01
    9.43948975e+01 9.53978882e+01 9.40979996e+01 9.54514465e+01
    9.60609665e+01 9.60837402e+01 9.52845001e+01 8.88568344e+01
    9.05759888e+01 8.86093903e+01 8.77778625e+01 8.55370026e+01
    9.05385742e+01 9.09907608e+01 8.98432922e+01 9.20522461e+01
    9.30614777e+01 9.08279724e+01 8.94456177e+01 9.04840927e+01
    9.30845795e+01 8.79844437e+01 8.87251663e+01 9.25446167e+01
    9.35854340e+01 9.19019547e+01 9.29166718e+01 9.35882263e+01
    9.39426804e+01 9.32916260e+01 9.49233246e+01 9.13151016e+01
    9.36323547e+01 8.99520416e+01 9.11417465e+01 8.58310776e+01
    8.92559509e+01 8.98479233e+01 9.19866180e+01 9.15085144e+01
    9.10930862e+01 9.39656525e+01 8.94235687e+01 8.80097198e+01
    9.05051804e+01 8.75094452e+01 9.11282501e+01 9.23942795e+01
    8.99587936e+01 9.25560226e+01 9.25391541e+01 9.46539154e+01
    9.48433075e+01 9.04535522e+01 8.83100662e+01 9.23137360e+01
    9.18787766e+01 9.28542633e+01 9.14071579e+01 9.15021896e+01
    9.15176239e+01 9.27760086e+01 9.39164963e+01 9.53796387e+01
    9.36231689e+01 9.06343613e+01 9.23710480e+01 9.35267715e+01
    8.95648193e+01 9.19333572e+01 9.14763870e+01 9.35003891e+01
    9.50437622e+01 9.36980057e+01 9.26307907e+01 9.35980148e+01
    9.15110321e+01 8.96322556e+01 9.05278015e+01 9.15589294e+01
    9.41946640e+01 9.16360092e+01 9.05578613e+01 9.53500443e+01
    9.48217773e+01 9.32157593e+01 9.47476501e+01 9.27469177e+01
    9.27151184e+01 9.64107819e+01 9.07604599e+01 9.03347778e+01
    9.31619263e+01 9.46161270e+01 9.35545349e+01 9.59458923e+01
    9.47042160e+01 9.31184845e+01 9.36049347e+01 9.30474548e+01
    9.13680649e+01 9.45057907e+01 8.95439301e+01 9.08534164e+01
    8.98829575e+01 8.91583710e+01 8.75888138e+01 8.91676788e+01
    8.69156418e+01 8.88151550e+01 8.93810120e+01 8.78297958e+01
    8.71779022e+01 8.85669556e+01 8.96370163e+01 8.97727661e+01
    8.80183640e+01 8.96695099e+01 8.95783234e+01 9.16627960e+01
    9.61557007e+01 9.60275040e+01 9.50196228e+01 9.58303604e+01
    9.28647919e+01 9.51229782e+01 9.22728195e+01 9.46718826e+01
    9.45783615e+01 9.41129837e+01 9.79751053e+01 9.55405197e+01
    9.60127411e+01 9.65294952e+01 9.60343857e+01 9.74075165e+01
    9.58278198e+01 9.60427780e+01 9.20667725e+01 9.09222488e+01
    9.09638901e+01 8.96314926e+01 9.14760513e+01 9.00917664e+01
    8.92254410e+01 8.89354401e+01 8.56246796e+01 8.75885239e+01
    8.67495956e+01 8.65040359e+01 8.80350266e+01 8.58209000e+01
    8.88424225e+01 8.89951553e+01 8.48976059e+01 8.72057495e+01
    9.00445404e+01 8.98760223e+01 8.97152328e+01 9.21741104e+01
    9.51417313e+01 9.19673767e+01 9.55475616e+01 9.78596725e+01
    9.63025970e+01 9.56122131e+01 9.42202454e+01 9.36243744e+01
    9.25262146e+01 9.27085648e+01 9.18069458e+01 9.34522095e+01
    9.27372437e+01 9.11397858e+01 9.02527466e+01 9.12898636e+01
    9.08422318e+01 9.00611649e+01 9.07748566e+01 8.74876480e+01
    8.43842163e+01 8.31685333e+01 8.57107468e+01 8.38374176e+01
    8.47822876e+01 8.40516434e+01 8.80355606e+01 8.64695969e+01
    8.70296326e+01 8.48345490e+01 8.71433258e+01 8.56671524e+01
    8.51678314e+01 8.44048386e+01 8.53608551e+01 8.87499619e+01
    8.65096817e+01 8.94853592e+01 9.00298996e+01 9.12375717e+01
    9.11081085e+01 8.95739212e+01 9.10590439e+01 8.76267700e+01
    8.84564972e+01 8.76167221e+01 8.83851318e+01 9.13931274e+01
    9.02903900e+01 9.14500275e+01 9.06432037e+01 8.89736862e+01
    9.03567047e+01 9.46871262e+01 9.57294846e+01 9.04940720e+01
    9.23661499e+01 9.36667175e+01 9.09846954e+01 9.17723236e+01
    9.22502899e+01 9.03422928e+01 9.25258560e+01 9.04634933e+01
    9.15364838e+01 9.02041321e+01 9.06108246e+01 9.49850693e+01
    9.35114594e+01 9.67411194e+01 9.70560074e+01 9.60549088e+01
    9.38646088e+01 9.30001373e+01 9.24148254e+01 9.43036499e+01
    9.36056595e+01 9.21184769e+01 9.79477386e+01 9.48474808e+01
    9.52716522e+01 9.35803070e+01 9.63208389e+01 9.20976181e+01
    9.37802505e+01 9.02918243e+01 8.81792603e+01 8.74381104e+01
    9.06741486e+01 8.63386765e+01 8.59060211e+01 8.74102783e+01
    9.18816910e+01 9.03559570e+01 9.17003860e+01 8.88162613e+01
    9.10757141e+01 8.71562042e+01 9.13234329e+01 8.82827606e+01
    8.98970184e+01 9.08620682e+01 9.30941544e+01 9.49848022e+01
    9.19117126e+01 9.27586517e+01 9.27406998e+01 9.47760620e+01
    9.56977310e+01 9.15493164e+01 9.44380875e+01 9.49382019e+01
    8.69234924e+01 9.17896042e+01 9.18969727e+01 8.93864212e+01
    8.75265503e+01 9.27038879e+01 9.09518967e+01 9.16836090e+01
    9.38164520e+01 9.01109314e+01 8.93855667e+01 9.00031357e+01
    9.21509476e+01 9.13876801e+01 9.23487625e+01 9.67149200e+01
    9.26536331e+01 9.14765930e+01 9.35823135e+01 8.96106339e+01
    8.82433319e+01 9.02774124e+01 9.20491257e+01 9.26993484e+01
    8.92816162e+01 8.93147736e+01 9.03917007e+01 9.06735458e+01
    9.21920624e+01 9.44790115e+01 9.22817535e+01 9.00279236e+01
    9.42333984e+01 9.14767838e+01 9.02532883e+01 9.23234558e+01
    9.19501877e+01 9.38509521e+01 9.48758392e+01 9.54058151e+01
    8.89148712e+01 9.32075424e+01 9.03189468e+01 9.31111145e+01
    8.96910858e+01 9.10969467e+01 9.19587173e+01 9.32401428e+01
    9.08733978e+01 9.32057648e+01 9.17462463e+01 9.16876755e+01
    9.21703873e+01 9.40009995e+01 9.23645020e+01 9.45850220e+01
    9.31112747e+01 9.14256592e+01 9.54826050e+01 9.39972000e+01
    9.29188538e+01 9.37688065e+01 9.20250397e+01 9.24099808e+01
    9.31309814e+01 9.14315720e+01 9.15031204e+01 9.21731339e+01
    9.24178848e+01 9.23494720e+01 9.00183563e+01 9.08621826e+01
    8.89836578e+01 8.88384552e+01 8.89688568e+01 8.83457794e+01
    8.70134506e+01 8.71538544e+01 9.02093887e+01 8.96189880e+01
    9.01749802e+01 8.75239258e+01 9.27320709e+01 8.77201538e+01
    9.40772476e+01 9.45897064e+01 9.71493607e+01 9.13280792e+01
    9.62059402e+01 9.20426712e+01 9.43391953e+01 9.50776291e+01
    9.47268524e+01 9.25854340e+01 9.38964233e+01 9.68779449e+01
    9.70244293e+01 9.81770172e+01 9.65025177e+01 9.92387466e+01
    9.72475891e+01 9.62104721e+01 9.16359100e+01 9.76801682e+01
    9.36543350e+01 9.38886871e+01 8.97903442e+01 8.97412567e+01
    8.78088226e+01 8.88539429e+01 8.64528732e+01 8.80835648e+01
    8.64726486e+01 8.80922089e+01 8.88396530e+01 8.79860611e+01
    8.92389832e+01 8.79387817e+01 8.78433914e+01 8.73041153e+01
    8.84934692e+01 8.82045822e+01 8.81210556e+01 8.87872391e+01
    9.03905106e+01 8.98518066e+01 9.24885864e+01 9.09631348e+01
    9.49038239e+01 9.55555038e+01 9.65969620e+01 9.35807266e+01
    8.97376099e+01 9.17961502e+01 9.11766052e+01 9.08826904e+01
    8.87610474e+01 9.11605530e+01 9.36483459e+01 9.01905441e+01
    9.19804688e+01 9.19133987e+01 9.09282455e+01 9.18670731e+01
    8.70400238e+01 8.69266052e+01 8.43824234e+01 8.20193558e+01
    8.26454391e+01 8.67480698e+01 8.61574707e+01 8.50398026e+01
    8.61516418e+01 8.64613647e+01 8.26724014e+01 8.77123566e+01
    8.60584946e+01 8.41104355e+01 8.43156281e+01 8.76628647e+01
    8.35651855e+01 8.73593826e+01 8.69671707e+01 8.64007492e+01
    8.67720184e+01 9.08475800e+01 9.01597061e+01 8.74884644e+01
    8.94959717e+01 8.96810837e+01 9.02501526e+01 9.04210281e+01
    9.27330475e+01 9.11618958e+01 9.30335617e+01 8.98766632e+01
    8.97053528e+01 9.33455811e+01 8.79713593e+01 9.21477890e+01
    9.32199707e+01 9.26829376e+01 9.11562881e+01 9.34410095e+01
    9.03159485e+01 9.15762711e+01 9.25938873e+01 9.42522202e+01
    9.06359100e+01 9.17162552e+01 9.14597015e+01 9.31295013e+01
    9.26332626e+01 9.32503128e+01 9.54649963e+01 9.91025620e+01
    9.65614853e+01 9.39431839e+01 9.53550568e+01 9.41781998e+01
    9.43063660e+01 9.30130920e+01 9.81932220e+01 9.71290283e+01
    9.11973267e+01 9.44819717e+01 9.77384338e+01 9.87047348e+01
    9.63077164e+01 9.74592056e+01 9.41712341e+01 9.15183182e+01
    8.71741943e+01 8.79896240e+01 8.61510468e+01 8.68178253e+01
    9.08492126e+01 8.52641754e+01 8.96345901e+01 9.13997879e+01
    9.17285004e+01 8.92561874e+01 8.91344757e+01 9.19287109e+01
    9.15870743e+01 8.67890091e+01 8.90312729e+01 8.79352036e+01
    9.09076080e+01 8.84993668e+01 9.61618271e+01 9.37800827e+01
    9.10939713e+01 9.28283463e+01 9.08925934e+01 9.35798645e+01
    9.38478470e+01 9.08857803e+01 8.95840530e+01 8.76364136e+01
    8.90856552e+01 9.06231155e+01 8.89832077e+01 9.11814423e+01
    8.94085159e+01 8.99808121e+01 9.20464859e+01 8.83814545e+01
    8.82973328e+01 8.75854492e+01 9.17013397e+01 9.20932007e+01
    9.21672363e+01 9.23660202e+01 9.45505142e+01 9.63320618e+01
    9.21777802e+01 9.12002029e+01 9.18312912e+01 9.19252396e+01
    9.09099884e+01 9.21764221e+01 9.15167236e+01 9.08554230e+01
    8.83361969e+01 9.23149567e+01 9.01941833e+01 9.38928223e+01
    9.08376389e+01 9.01550217e+01 9.31792908e+01 8.92497482e+01
    8.99076767e+01 9.17420883e+01 9.11760941e+01 9.09089355e+01
    9.23590012e+01 9.17874680e+01 9.24276276e+01 9.28864975e+01
    9.06034317e+01 8.97702332e+01 9.20138931e+01 9.17043228e+01
    9.37549438e+01 9.23215179e+01 8.95466919e+01 9.00061188e+01
    9.38084793e+01 9.10092087e+01 9.44084091e+01 9.02402954e+01
    8.97464828e+01 9.40967636e+01 9.49442978e+01 9.10598068e+01
    9.18100891e+01 8.98023987e+01 9.18932724e+01 9.25203018e+01
    8.96055374e+01 9.39053345e+01 9.13515167e+01 9.10261536e+01
    9.27291107e+01 9.18123474e+01 8.93233337e+01 9.03979111e+01
    8.89430237e+01 8.96157608e+01 8.98896332e+01 8.77655411e+01
    8.64213943e+01 8.76193771e+01 9.21226196e+01 9.04290848e+01
    8.79403534e+01 8.88209305e+01 9.19281693e+01 8.86343231e+01
    8.88988495e+01 9.25765991e+01 9.34186096e+01 8.86653976e+01
    9.52360382e+01 9.34828339e+01 9.15597992e+01 9.58056870e+01
    9.65797653e+01 9.32644119e+01 9.38280487e+01 9.48251953e+01
    9.52456512e+01 9.70870285e+01 9.68697052e+01 9.73011093e+01
    9.50109177e+01 9.56144638e+01 9.32033539e+01 9.85490570e+01
    9.76056671e+01 9.77373047e+01 9.36555786e+01 9.25125885e+01
    8.97554855e+01 8.91152573e+01 8.97020645e+01 9.19753265e+01
    8.90364151e+01 8.61981277e+01 8.78777084e+01 8.55432129e+01
    8.76273499e+01 8.40868454e+01 8.74647827e+01 8.81116943e+01
    8.83921356e+01 8.77829132e+01 8.70508499e+01 8.64944611e+01
    8.92148209e+01 9.16853485e+01 8.87904587e+01 8.94954834e+01
    9.24212189e+01 9.49123917e+01 9.39384918e+01 9.57595291e+01
    9.43334503e+01 9.26874466e+01 9.71571655e+01 9.23680573e+01
    9.20690842e+01 9.13744812e+01 9.28730011e+01 9.25721588e+01
    9.11876068e+01 9.17046661e+01 9.01663742e+01 9.18672028e+01
    8.90189285e+01 8.93860855e+01 8.87741013e+01 8.92632065e+01
    8.36480103e+01 8.49994507e+01 8.23882065e+01 8.73209763e+01
    8.22230606e+01 8.52929916e+01 8.40705032e+01 8.40083618e+01
    8.68145294e+01 8.77172470e+01 8.60634918e+01 8.61677017e+01
    8.37732086e+01 8.30433350e+01 8.52032776e+01 8.46971359e+01
    8.58875504e+01 8.63733063e+01 8.81263580e+01 8.80156021e+01
    9.16712952e+01 8.80215759e+01 8.59927979e+01 9.04727402e+01
    8.67849503e+01 9.15561905e+01 8.85482559e+01 9.09422607e+01
    9.06297073e+01 9.31780319e+01 9.13858261e+01 8.98504181e+01
    9.34388123e+01 9.12933884e+01 9.38086777e+01 8.91551132e+01
    9.04002838e+01 9.12204132e+01 8.98354034e+01 9.12141113e+01
    9.22038269e+01 9.06422653e+01 8.96779938e+01 9.07121811e+01
    9.08058472e+01 8.92518387e+01 9.39005814e+01 9.31143570e+01
    9.43632050e+01 9.54836197e+01 9.62351456e+01 9.58744888e+01
    9.29152374e+01 9.53078384e+01 9.30534897e+01 9.86894760e+01
    9.65135345e+01 9.71247711e+01 9.58504639e+01 9.42569885e+01
    9.51820831e+01 9.78061752e+01 9.73543777e+01 9.47240372e+01
    9.45031662e+01 9.22440414e+01 9.16172104e+01 8.94938202e+01
    8.64639282e+01 8.61113892e+01 8.76374817e+01 8.74542160e+01
    8.86957855e+01 8.96837845e+01 9.17093353e+01 9.05755081e+01
    8.92958069e+01 9.00686493e+01 8.91993332e+01 8.97978516e+01
    8.94921036e+01 8.75566177e+01 9.19841690e+01 9.39724579e+01
    9.29378967e+01 9.01059723e+01 9.33244705e+01 9.32122726e+01
    9.57970200e+01 9.32279282e+01 9.26394196e+01 8.97254028e+01
    8.96369629e+01 9.02806244e+01 9.33632889e+01 9.01160202e+01
    9.06520157e+01 9.05319595e+01 8.88621597e+01 9.21226730e+01
    8.97087250e+01 9.07213898e+01 8.66740723e+01 9.17847366e+01
    9.15349808e+01 9.33650589e+01 9.38725967e+01 9.34227066e+01
    9.23733673e+01 9.07903748e+01 9.36638947e+01 9.12702179e+01
    8.83896027e+01 9.16852875e+01 9.33520966e+01 9.53275299e+01
    9.00398407e+01 9.22550049e+01 8.97948227e+01 9.23635941e+01
    9.07895508e+01 9.37788391e+01 9.27517242e+01 8.95476151e+01
    9.16911850e+01 9.19301071e+01 9.01390152e+01 9.14648514e+01
    9.07966385e+01 9.12619781e+01 9.17730331e+01 9.21774445e+01
    9.10500565e+01 8.75030518e+01 9.05066147e+01 8.78828812e+01
    9.02333145e+01 9.00416107e+01 8.80297089e+01 8.98955994e+01
    8.85324326e+01 8.83969421e+01 8.79826431e+01 9.03800888e+01
    9.13605194e+01 8.85947418e+01 9.15169983e+01 8.83199539e+01
    9.34037628e+01 9.41365204e+01 8.85909958e+01 9.18875504e+01
    9.45637817e+01 9.50003281e+01 9.22849884e+01 9.64846725e+01
    9.59874344e+01 9.44611588e+01 9.32189255e+01 9.08483810e+01
    9.11758499e+01 9.22903595e+01 9.04027710e+01 8.98739548e+01
    9.01737366e+01 8.90242920e+01 8.67997360e+01 8.60876694e+01
    8.83017197e+01 8.74069290e+01 8.80682068e+01 8.73975220e+01
    8.89198456e+01 8.68221359e+01 8.97135315e+01 8.55605698e+01
    8.82066650e+01 9.05769577e+01 9.32013702e+01 9.28681335e+01
    9.39944763e+01 9.21759109e+01 9.09629288e+01 9.56015625e+01
    9.27274551e+01 9.62825546e+01 9.29390411e+01 9.43760376e+01
    9.63972321e+01 9.69394684e+01 9.55088043e+01 9.29981995e+01
    9.48060150e+01 9.48104172e+01 9.50052490e+01 9.27970886e+01
    9.24449768e+01 9.07791672e+01 9.19906845e+01 8.98259277e+01
    8.85927277e+01 8.51748810e+01 9.00214767e+01 8.62433167e+01
    8.67258835e+01 8.81930161e+01 8.73726349e+01 8.95272751e+01
    8.84114227e+01 8.94082642e+01 8.55653305e+01 8.90012131e+01
    8.82033234e+01 9.03958893e+01 9.06288986e+01 9.10783539e+01
    9.18110580e+01 9.29430161e+01 9.59749756e+01 9.50463104e+01
    9.61377716e+01 9.62747116e+01 9.69466171e+01 9.55113068e+01
    9.50299606e+01 9.25648727e+01 9.08165588e+01 9.44157639e+01
    9.24277115e+01 9.22198257e+01 9.57343979e+01 9.27987747e+01
    9.22425232e+01 9.30491714e+01 8.84907990e+01 8.89263840e+01
    8.93812790e+01 8.36981430e+01 8.45113907e+01 8.51185532e+01
    8.45430984e+01 8.59818268e+01 8.58416748e+01 8.37276840e+01
    8.61683578e+01 8.77553864e+01 8.44948502e+01 8.56571960e+01
    8.59497070e+01 8.59206467e+01 8.53707581e+01 8.51766052e+01
    8.52885742e+01 8.59476929e+01 8.65871277e+01 8.65113754e+01
    8.63262329e+01 8.73286972e+01 9.05405579e+01 8.83444443e+01
    8.73931046e+01 8.95959396e+01 8.71162491e+01 8.91871490e+01
    8.79800873e+01 9.08146973e+01 9.20980911e+01 8.88388977e+01
    8.93172073e+01 9.32749863e+01 8.87479477e+01 9.28529282e+01
    9.38724823e+01 9.58768921e+01 9.37147522e+01 9.71323700e+01
    9.14540482e+01 9.26483459e+01 9.24599380e+01 9.50069580e+01
    9.55102386e+01 9.51482849e+01 9.34834747e+01 9.50681229e+01
    9.41187439e+01 9.78055725e+01 9.47522812e+01 9.47362366e+01
    9.77978668e+01 9.41741791e+01 9.49964981e+01 9.54220352e+01
    9.58636398e+01 9.56116180e+01 9.81157379e+01 9.93756485e+01
    9.16209106e+01 9.37110062e+01 9.65187836e+01 9.37601700e+01
    9.51129608e+01 9.42868881e+01 9.56386032e+01 9.09297256e+01
    9.32523956e+01 9.05186386e+01 8.74068222e+01 8.81825180e+01
    8.91166840e+01 8.75098572e+01 8.75346451e+01 8.99963989e+01
    9.17558060e+01 8.84670715e+01 8.58888550e+01 8.77065964e+01
    8.91619644e+01 8.72943039e+01 8.55842438e+01 8.77760696e+01
    9.28773651e+01 9.28820343e+01 9.53351288e+01 9.47530823e+01
    9.40292053e+01 8.98819885e+01 9.32249222e+01 9.48101501e+01
    9.06098633e+01 9.12901001e+01 9.28076782e+01 8.80311432e+01
    8.94459686e+01 9.07256393e+01 8.83796616e+01 8.68790283e+01
    9.28466415e+01 9.15409851e+01 9.10162659e+01 9.13928299e+01
    8.64571228e+01 8.90858078e+01 9.53118820e+01 9.32222214e+01
    9.18174057e+01 9.43255005e+01 9.20136871e+01 9.33760071e+01
    9.20378723e+01 9.42616196e+01 8.97307739e+01 8.83274612e+01
    9.27951126e+01 9.14620895e+01 8.81814499e+01 8.92552490e+01
    9.15331497e+01 9.39862366e+01 9.12150726e+01 9.08838272e+01
    9.17358322e+01 9.03891449e+01 8.97124481e+01 8.69910660e+01
    9.04606781e+01 9.10020142e+01 9.24085770e+01 8.85118256e+01
    8.99498138e+01 8.99458694e+01 8.78518448e+01 8.70256958e+01
    9.00116501e+01 8.82801361e+01 8.83646774e+01 8.93773270e+01
    8.83329163e+01 8.60403214e+01 8.54838409e+01 9.03901062e+01
    8.79851608e+01 9.34096069e+01 9.02929153e+01 9.24871445e+01
    8.82185287e+01 9.12446671e+01 9.06600342e+01 8.75341797e+01
    9.05342255e+01 8.95792694e+01 9.10002441e+01 9.13764801e+01
    9.18016510e+01 9.32638779e+01 9.40068741e+01 9.41325302e+01
    9.72956238e+01 9.03627319e+01 8.85823059e+01 9.19976196e+01
    9.20592041e+01 8.91528931e+01 9.19534760e+01 8.74135513e+01
    8.71313858e+01 8.87322693e+01 8.69146423e+01 8.84654083e+01
    8.91360321e+01 8.53598022e+01 9.39266968e+01 8.99883881e+01
    9.01232300e+01 8.99757767e+01 9.10261459e+01 9.09775848e+01
    9.28401337e+01 9.46879578e+01 9.06963196e+01 9.25749359e+01
    9.85196686e+01 9.50220490e+01 9.40494461e+01 9.60528564e+01
    9.71074905e+01 9.58095856e+01 9.87142944e+01 9.57363968e+01
    9.45700912e+01 9.61216888e+01 9.78038635e+01 9.47574158e+01
    9.73672104e+01 9.56997070e+01 9.35920105e+01 9.32551575e+01
    9.23128510e+01 9.16056976e+01 8.85577393e+01 8.97279282e+01
    9.10076523e+01 8.87663956e+01 8.67882919e+01 9.01629410e+01
    8.58847275e+01 8.98292084e+01 8.79573898e+01 8.76305389e+01
    9.26280594e+01 9.19603195e+01 8.98099518e+01 8.71049805e+01
    9.25065613e+01 8.94769974e+01 9.35579376e+01 9.47026749e+01
    9.69204788e+01 9.66367111e+01 9.80745926e+01 9.92621078e+01
    9.57193756e+01 9.43633041e+01 9.80402756e+01 9.45400620e+01
    9.33941574e+01 9.38793488e+01 9.38610077e+01 9.37712555e+01
    9.48242188e+01 9.33255081e+01 9.17136002e+01 9.42587509e+01
    8.96155090e+01 8.88565445e+01 8.88897018e+01 8.53457184e+01
    8.54500885e+01 8.32854156e+01 8.17558975e+01 8.45491409e+01
    8.38650208e+01 8.35661469e+01 8.47544327e+01 8.21574707e+01
    8.43401337e+01 8.37790680e+01 8.77508316e+01 8.47062759e+01
    8.84347534e+01 8.68784256e+01 8.48869171e+01 8.71848679e+01
    8.49433060e+01 8.52577667e+01 8.62097168e+01 8.73395004e+01
    9.02888336e+01 9.06298752e+01 9.01454544e+01 8.68860092e+01
    8.91637344e+01 9.00616226e+01 9.16145630e+01 8.96977768e+01
    8.67306213e+01 8.98899841e+01 9.03469315e+01 8.96291199e+01
    8.77135315e+01 9.29785919e+01 9.40074158e+01 9.23321152e+01
    9.69493637e+01 9.69854126e+01 9.51900024e+01 9.24837799e+01
    9.49688492e+01 9.60668640e+01 9.10447769e+01 9.05603027e+01
    9.14432678e+01 9.49863892e+01 9.41289749e+01 9.58685989e+01
    9.12225571e+01 9.28736038e+01 9.79422073e+01 9.69842072e+01
    9.66547165e+01 9.47749405e+01 9.71953812e+01 9.18037567e+01
    9.74515686e+01 9.64326553e+01 9.61663666e+01 9.53151169e+01
    9.42067337e+01 9.55322571e+01 9.39088821e+01 9.52422791e+01
    9.37856522e+01 9.46423798e+01 9.11273193e+01 9.02895813e+01
    8.82813873e+01 8.97605667e+01 8.74196777e+01 9.04757004e+01
    8.91911316e+01 9.22162552e+01 8.94960098e+01 9.02395935e+01
    9.12631149e+01 8.88611984e+01 8.83340988e+01 8.88716583e+01
    8.75360718e+01 9.02152405e+01 9.36088562e+01 9.12957153e+01
    9.43471222e+01 9.16287079e+01 9.35677414e+01 9.47459793e+01
    9.33349457e+01 9.57031631e+01 9.10098648e+01 9.27946396e+01
    8.93646088e+01 9.19932938e+01 9.19194260e+01 8.54787216e+01
    8.72209244e+01 9.00538101e+01 9.39120331e+01 8.76638031e+01
    9.17195816e+01 9.05695343e+01 8.71163177e+01 9.26985092e+01
    9.28640518e+01 8.87005768e+01 9.23104172e+01 9.26621323e+01
    9.59299164e+01 9.14797592e+01 9.10747986e+01 9.04368286e+01
    9.14268799e+01 8.97801895e+01 9.37201462e+01 9.54847412e+01
    8.94489136e+01 9.17474899e+01 9.28495483e+01 9.21938095e+01
    9.09876938e+01 9.42991333e+01 8.75541916e+01 9.21441803e+01
    8.59419861e+01 8.85206375e+01 8.54828262e+01 8.92766342e+01
    9.04600449e+01 8.84714203e+01 8.80446167e+01 8.83668518e+01
    8.93752975e+01 8.84271545e+01 8.95451889e+01 9.08952332e+01
    8.86932831e+01 8.64886856e+01 8.85563583e+01 8.63483887e+01
    8.72751465e+01 8.89529800e+01 8.81192856e+01 8.75233002e+01
    9.40052948e+01 9.22399292e+01 8.93206787e+01 9.53743744e+01
    8.51237106e+01 8.96399155e+01 8.90457458e+01 8.62459412e+01
    8.69482956e+01 9.24612198e+01 9.02733459e+01 9.04599457e+01
    9.20863571e+01 9.14801178e+01 9.35472641e+01 9.10210648e+01
    8.75629501e+01 8.93278427e+01 8.99185638e+01 8.62815323e+01
    8.93664780e+01 9.08815002e+01 8.99196167e+01 8.50421448e+01
    8.98562927e+01 9.04553375e+01 9.06774063e+01 9.03640289e+01
    9.18435059e+01 9.34692154e+01 8.98830109e+01 9.14277420e+01
    9.24594574e+01 8.74988022e+01 9.73781433e+01 9.46415482e+01
    9.76454010e+01 9.22346573e+01 9.68578720e+01 9.56151657e+01
    9.97156143e+01 9.33732986e+01 9.19325790e+01 9.61277466e+01
    9.19637375e+01 9.71388245e+01 9.49480591e+01 9.60032654e+01
    9.20264893e+01 9.53279343e+01 9.46329193e+01 9.21340408e+01
    9.21000824e+01 9.03306198e+01 8.98468399e+01 9.12186356e+01
    8.70842133e+01 8.97815552e+01 8.90174332e+01 8.70504608e+01
    8.89922028e+01 8.88807602e+01 8.94803543e+01 8.77100754e+01
    9.33857727e+01 8.78668213e+01 8.98506699e+01 8.95217667e+01
    8.78939896e+01 9.08376770e+01 9.30508194e+01 9.36760864e+01
    9.06343613e+01 9.60829544e+01 9.50177078e+01 9.53273926e+01
    9.52556381e+01 9.72460632e+01 9.62409744e+01 9.57649231e+01
    9.69463120e+01 9.62973557e+01 9.59418030e+01 9.38567276e+01
    9.39508514e+01 9.12002106e+01 9.63779144e+01 9.15500031e+01
    8.89865952e+01 9.12582855e+01 9.32987213e+01 8.89475327e+01
    8.91365585e+01 8.93856201e+01 8.56697998e+01 8.57074432e+01
    8.35614624e+01 8.56364288e+01 8.35045471e+01 8.17205963e+01
    8.26411819e+01 8.76014099e+01 8.34822388e+01 8.84279099e+01
    8.52335968e+01 8.54771805e+01 8.67166214e+01 8.38080597e+01
    8.68482361e+01 8.47681351e+01 8.61213913e+01 8.32928696e+01
    8.64421997e+01 8.38141403e+01 8.91670074e+01 8.74929504e+01
    8.81670990e+01 9.08042831e+01 8.87289505e+01 8.72964859e+01
    8.91627350e+01 9.21001740e+01 8.68380051e+01 8.86927414e+01
    8.82974091e+01 9.10353851e+01 8.82521591e+01 9.28024063e+01
    9.26657867e+01 9.63856888e+01 9.22126999e+01 9.57536621e+01
    9.12404327e+01 9.25462341e+01 9.28063812e+01 9.44627151e+01
    9.32625504e+01 9.20976944e+01 8.97493896e+01 9.28503418e+01
    9.11610718e+01 9.29771500e+01 9.35179214e+01 9.35448303e+01
    9.51782990e+01 9.24921799e+01 9.39209824e+01 9.10706863e+01
    9.41202774e+01 9.53346558e+01 9.93013916e+01 9.70039902e+01
    9.59001007e+01 9.26669998e+01 9.49424362e+01 9.31680756e+01
    9.78128357e+01 9.64824600e+01 9.65534821e+01 9.08027725e+01
    9.05971451e+01 9.14003296e+01 9.02442551e+01 8.87533951e+01
    9.00620728e+01 9.25552597e+01 8.88672943e+01 9.10325241e+01
    8.96467896e+01 8.99178848e+01 9.11716385e+01 8.87537231e+01
    8.72309952e+01 8.86187515e+01 9.10295334e+01 9.46918411e+01
    9.26664734e+01 9.30890884e+01 9.31859436e+01 9.62776031e+01
    9.31398468e+01 9.28680801e+01 9.39180679e+01 9.21315918e+01
    9.09996033e+01 9.41386948e+01 9.04209137e+01 8.99960861e+01
    8.92991257e+01 9.01716995e+01 8.74958954e+01 8.72493668e+01
    9.20926819e+01 9.09619141e+01 8.85077286e+01 8.91351089e+01
    9.09094086e+01 8.85596466e+01 8.80232086e+01 9.25839233e+01
    9.37843170e+01 9.48445816e+01 9.39793091e+01 9.12677994e+01
    9.01817245e+01 9.12685471e+01 9.25621033e+01 9.26263275e+01
    9.04498444e+01 9.76294022e+01 9.12951660e+01 9.34755630e+01
    9.18006821e+01 8.99880371e+01 8.98040161e+01 8.94544754e+01
    9.02142792e+01 9.28692627e+01 8.92642822e+01 8.70144348e+01
    8.69927216e+01 9.03926468e+01 9.26632385e+01 9.07765350e+01
    8.93080444e+01 8.82385864e+01 9.04824753e+01 8.79936066e+01
    8.77375336e+01 8.87703476e+01 8.90321808e+01 8.80218277e+01
    8.82014923e+01 8.43912201e+01 8.48971481e+01 8.62700348e+01
    8.59598312e+01 8.67878571e+01 8.75021286e+01 8.94457016e+01
    8.79438477e+01 8.91519928e+01 8.82074127e+01 8.75026169e+01
    8.80471497e+01 8.74070892e+01 8.76116028e+01 9.02612610e+01
    8.97147598e+01 9.07499161e+01 9.02466431e+01 9.22567520e+01
    9.31371765e+01 9.12479095e+01 8.79323120e+01 8.92713928e+01
    8.97324524e+01 8.73642731e+01 9.10711746e+01 8.72072830e+01
    8.90587997e+01 8.97133865e+01 9.01626816e+01 8.88889618e+01
    9.12925110e+01 8.86673737e+01 9.22824249e+01 9.14413910e+01
    8.93263474e+01 9.09271393e+01 8.91691818e+01 9.11044083e+01
    9.27669601e+01 9.20089493e+01 9.35416107e+01 9.25236588e+01
    9.34782791e+01 8.86367569e+01 9.48639603e+01 9.20222626e+01
    9.38304596e+01 9.11814728e+01 9.61688156e+01 9.59471588e+01
    9.33769608e+01 9.59910355e+01 9.17109299e+01 9.35388794e+01
    9.60816040e+01 9.72121277e+01 9.31887894e+01 9.24773865e+01
    8.97282715e+01 9.16528015e+01 9.04551239e+01 8.88190613e+01
    9.10144958e+01 9.11439209e+01 9.06256790e+01 9.25868454e+01
    9.00187988e+01 9.25860291e+01 9.01691589e+01 9.37552719e+01
    9.21527634e+01 9.19190292e+01 8.90824890e+01 9.18141403e+01
    9.38947830e+01 8.92714844e+01 9.47031784e+01 9.36334915e+01
    9.47860947e+01 9.29758224e+01 9.54850082e+01 9.53965149e+01
    9.82484818e+01 9.73870392e+01 9.51208344e+01 9.47201767e+01
    9.15929260e+01 9.56110611e+01 9.29108810e+01 9.57727051e+01
    9.00217667e+01 9.25091171e+01 9.05505142e+01 9.22374039e+01
    9.13542252e+01 9.11553040e+01 8.99792709e+01 8.57959518e+01
    8.67796097e+01 8.26726074e+01 8.58270645e+01 8.41906662e+01
    8.92364883e+01 8.43549347e+01 8.76203232e+01 8.61062088e+01
    8.37441177e+01 8.76355133e+01 8.68979263e+01 8.27655411e+01
    8.86946335e+01 8.87058258e+01 8.57058945e+01 8.73208542e+01
    8.58812332e+01 8.44054108e+01 8.54849548e+01 8.67741318e+01
    8.68421783e+01 8.62056808e+01 8.42547836e+01 8.45707321e+01
    8.68780823e+01 8.69534378e+01 9.00262146e+01 9.17349625e+01
    9.11068878e+01 8.90004807e+01 8.70461884e+01 9.18374023e+01
    9.03682861e+01 8.88676224e+01 9.01206894e+01 9.06625824e+01
    9.17773361e+01 9.14839935e+01 8.97628937e+01 9.38102341e+01
    9.23092041e+01 9.24861832e+01 9.45468979e+01 8.98709412e+01
    8.96146393e+01 9.12511826e+01 8.85282440e+01 9.02264481e+01
    9.39013977e+01 9.09264908e+01 9.17801132e+01 9.42705765e+01
    9.44960938e+01 9.48469467e+01 9.43566666e+01 9.53128433e+01
    9.36536331e+01 9.62208252e+01 9.23237457e+01 9.43768692e+01
    9.74877625e+01 9.64985809e+01 9.47256165e+01 9.54070587e+01
    9.50374832e+01 9.28156509e+01 8.98734665e+01 9.08522110e+01
    9.45329514e+01 9.06332474e+01 8.91381760e+01 9.15692215e+01
    8.84147720e+01 8.82724533e+01 9.07474060e+01 8.92291946e+01
    8.74557266e+01 8.89970016e+01 8.99172745e+01 9.25020523e+01
    9.01561508e+01 9.06476288e+01 9.31639023e+01 9.40052719e+01
    9.32964249e+01 9.34160538e+01 9.06616364e+01 9.07600708e+01
    9.24560318e+01 9.28798981e+01 9.51432037e+01 9.08900833e+01
    9.20775681e+01 9.11028061e+01 8.78088226e+01 9.04377518e+01
    8.73422089e+01 8.98191147e+01 8.86723785e+01 8.72528305e+01
    8.65954742e+01 8.76294861e+01 8.71147308e+01 8.49625397e+01
    9.00689545e+01 8.90089874e+01 9.07602844e+01 9.39239655e+01
    9.49852600e+01 9.17348022e+01 8.59126587e+01 8.74972153e+01
    9.20079041e+01 8.82611847e+01 9.10082855e+01 9.08232956e+01
    8.98746948e+01 8.96497879e+01 9.06014404e+01 8.86426392e+01
    9.10946655e+01 9.10938568e+01 9.13537521e+01 8.87046127e+01
    9.06797409e+01 9.04734344e+01 8.55416870e+01 9.00986862e+01
    9.04146271e+01 9.05764542e+01 8.82244339e+01 9.03965530e+01
    8.80767136e+01 8.86728058e+01 8.66902618e+01 9.20651779e+01
    8.82246780e+01 8.74295578e+01 8.39231949e+01 8.84315491e+01
    8.77966156e+01 9.02378311e+01 8.84488831e+01 8.82775955e+01
    9.05040970e+01 9.35699615e+01 8.87792435e+01 8.77777328e+01
    8.93454971e+01 8.75492935e+01 8.77675095e+01 8.76863403e+01
    8.81089325e+01 8.66105881e+01 9.18212662e+01 9.08876343e+01
    9.31297531e+01 9.02576828e+01 9.35292435e+01 9.14400330e+01
    8.84286270e+01 9.05304871e+01 8.61707535e+01 8.76281967e+01
    8.63469543e+01 8.54829254e+01 8.61908112e+01 8.81640701e+01
    8.92581329e+01 9.20963058e+01 9.02460556e+01 9.29459305e+01
    9.13179932e+01 9.21647110e+01 8.75945663e+01 8.70410614e+01
    9.22591858e+01 8.76176529e+01 9.14884262e+01 9.28737183e+01
    9.09919281e+01 9.25030212e+01 9.10750809e+01 9.70521469e+01
    9.05180817e+01 9.34320755e+01 9.15604858e+01 9.24352798e+01
    9.65354080e+01 9.35517273e+01 9.30148163e+01 9.25576782e+01
    9.21212845e+01 9.76471863e+01 9.52000351e+01 9.43463516e+01
    9.12034454e+01 9.47496033e+01 9.10063019e+01 9.22991409e+01
    9.02609406e+01 9.15551376e+01 9.09359665e+01 9.23339920e+01
    8.88850708e+01 8.72432251e+01 8.84404297e+01 9.10960312e+01
    9.23719864e+01 8.95407486e+01 9.08877945e+01 9.15964050e+01
    8.82629242e+01 8.97878189e+01 9.16086502e+01 9.07700500e+01
    9.46666718e+01 9.03158646e+01 9.49627914e+01 9.54621429e+01
    9.57127151e+01 9.64682159e+01 9.70667267e+01 9.43737640e+01
    9.13867035e+01 9.57454987e+01 9.40347137e+01 9.49313889e+01
    9.12985916e+01 9.23697739e+01 9.62591095e+01 9.45043411e+01
    9.16985245e+01 9.08717575e+01 9.38241196e+01 9.04361038e+01
    8.83674469e+01 8.82873535e+01 8.67004013e+01 8.43043823e+01
    8.82007217e+01 8.86916199e+01 8.56302643e+01 8.42469406e+01
    8.87231979e+01 8.59708176e+01 8.98150558e+01 8.83301926e+01
    8.72748947e+01 8.70320129e+01 8.64462509e+01 8.78121262e+01
    8.68768463e+01 8.81064529e+01 8.76917496e+01 8.81773834e+01
    8.95844269e+01 8.43542480e+01 8.60269623e+01 8.71829681e+01
    8.46006241e+01 8.83200378e+01 8.67808609e+01 8.70186081e+01
    8.89696198e+01 9.05253525e+01 8.87021179e+01 8.51065826e+01
    8.69157944e+01 8.93409271e+01 9.01048737e+01 8.78989944e+01
    8.95917969e+01 9.01751938e+01 9.14423218e+01 8.89430618e+01
    8.95153732e+01 9.07622223e+01 9.13711090e+01 9.26658325e+01
    9.14934082e+01 8.90369797e+01 8.67411194e+01 9.02183762e+01
    8.96890945e+01 8.85754242e+01 9.26273880e+01 9.33629837e+01
    9.31974869e+01 9.69573669e+01 9.04700089e+01 9.19839783e+01
    9.32016830e+01 9.18408051e+01 9.40634842e+01 9.59730530e+01
    9.12127686e+01 9.14664230e+01 9.34789886e+01 9.42048035e+01
    9.45372391e+01 9.57484055e+01 8.97974396e+01 9.10571823e+01
    9.28932953e+01 9.32924576e+01 9.28794022e+01 9.20877686e+01
    8.88713684e+01 9.01381607e+01 8.88621216e+01 8.89273834e+01
    8.80573807e+01 9.06795807e+01 8.96872864e+01 9.07107925e+01
    9.06453705e+01 9.24704514e+01 9.42605896e+01 8.91725769e+01
    9.44639969e+01 9.70613861e+01 9.16601868e+01 9.42622452e+01
    9.34638367e+01 9.26963272e+01 9.26636581e+01 9.18516846e+01
    9.06604156e+01 9.03641205e+01 9.11902008e+01 8.94458618e+01
    8.91851807e+01 9.06746292e+01 8.57217255e+01 8.64084778e+01
    9.09617157e+01 8.57718277e+01 8.50913162e+01 8.71570663e+01
    8.72262497e+01 8.30454941e+01 8.47120132e+01 8.96273041e+01
    8.97495270e+01 9.30380630e+01 9.01993103e+01 8.72945175e+01
    8.91527023e+01 8.90220947e+01 8.95401840e+01 8.80067215e+01
    9.06660004e+01 9.25763779e+01 9.50016861e+01 9.18769608e+01
    9.02895660e+01 8.91712646e+01 8.99561234e+01 9.21055450e+01
    9.11044159e+01 8.99272232e+01 8.91049271e+01 8.75058594e+01
    8.85544128e+01 9.16078644e+01 8.86635742e+01 9.17272568e+01
    9.05081177e+01 9.06977844e+01 8.76241302e+01 8.90090790e+01
    8.53685989e+01 8.53881454e+01 8.59957123e+01 8.83992996e+01
    8.95831528e+01 9.09452667e+01 8.89325409e+01 8.99753952e+01
    8.98317719e+01 9.06244431e+01 9.38314362e+01 9.25389328e+01
    8.98234634e+01 9.13363419e+01 8.97645187e+01 9.04398956e+01
    8.92171326e+01 8.81989288e+01 8.61087952e+01 9.01360626e+01
    9.02274551e+01 9.44414062e+01 9.00047607e+01 9.09874496e+01
    9.42606201e+01 8.97607040e+01 8.68554382e+01 8.97490997e+01
    8.75396271e+01 8.62625427e+01 8.87865677e+01 8.59487991e+01
    8.47847824e+01 8.78835983e+01 9.02653046e+01 8.80770798e+01
    9.01594620e+01 9.01171570e+01 8.89744568e+01 8.98639832e+01
    8.99289703e+01 8.84402542e+01 9.09808350e+01 9.02448349e+01
    9.32838211e+01 9.33324966e+01 9.58550262e+01 9.18549042e+01
    9.49040451e+01 8.98159561e+01 9.04517670e+01 9.36185608e+01
    9.39980698e+01 9.47908783e+01 9.62268829e+01 9.58619003e+01
    9.31080093e+01 9.39326401e+01 9.61283722e+01 9.31322937e+01
    9.17829971e+01 9.82124405e+01 9.18572311e+01 9.25597229e+01
    9.13972702e+01 9.15090714e+01 8.90523758e+01 9.33453217e+01
    9.00721130e+01 8.65780945e+01 9.08116913e+01 9.15762405e+01
    8.81794815e+01 8.99445953e+01 9.03077393e+01 8.83869553e+01
    9.36739273e+01 9.10914001e+01 8.77539139e+01 8.63551331e+01
    9.36798782e+01 9.08525925e+01 8.88447189e+01 9.41119156e+01
    9.21244888e+01 9.42302551e+01 9.47469559e+01 9.12840195e+01
    9.40888214e+01 9.40214767e+01 9.57701492e+01 9.32826233e+01
    9.33912506e+01 9.20816269e+01 9.40695267e+01 9.42870026e+01
    9.20183868e+01 9.39553833e+01 9.44550629e+01 9.38481598e+01
    9.07987061e+01 9.05564270e+01 8.86333694e+01 8.89020004e+01
    8.79745789e+01 8.55807037e+01 8.75053940e+01 8.67602310e+01
    8.51600342e+01 8.66504822e+01 8.73577881e+01 8.86334763e+01
    8.86451950e+01 8.79175644e+01 8.51960068e+01 8.54398041e+01
    8.45595703e+01 8.57955551e+01 8.97245560e+01 8.76807709e+01
    8.55600433e+01 8.48962250e+01 8.67632828e+01 8.45425415e+01
    8.74931335e+01 8.67750168e+01 8.99312439e+01 8.55027390e+01
    8.86905365e+01 8.84517593e+01 8.61205063e+01 8.77828827e+01
    8.79028625e+01 8.66156235e+01 8.87366638e+01 8.79381638e+01
    8.54345474e+01 8.86668854e+01 8.99094543e+01 9.16125259e+01
    9.08760681e+01 9.31610641e+01 8.75655670e+01 9.03546753e+01
    8.94624252e+01 9.38839645e+01 8.95691299e+01 8.53179779e+01
    8.78590469e+01 8.67462158e+01 8.69373627e+01 8.79402924e+01
    9.29243851e+01 9.14908447e+01 9.15213318e+01 9.57136765e+01
    8.97111435e+01 9.28423080e+01 9.31770401e+01 9.54025497e+01
    9.34831009e+01 9.26525116e+01 9.45577774e+01 8.92198563e+01
    9.26373062e+01 9.61422119e+01 9.19988251e+01 9.29609299e+01
    9.35492401e+01 9.24041901e+01 9.04116745e+01 8.94892426e+01
    9.30438843e+01 8.93536453e+01 9.20661163e+01 8.86166763e+01
    8.75626373e+01 9.10896454e+01 8.52772293e+01 8.75705719e+01
    8.83279495e+01 9.05466232e+01 8.94501801e+01 9.07777023e+01
    9.06181412e+01 9.07215195e+01 9.21887283e+01 9.51662979e+01
    9.18118820e+01 9.50852509e+01 8.99748840e+01 9.19893265e+01
    9.18402252e+01 9.00332413e+01 9.06127777e+01 9.28450089e+01
    9.06447067e+01 8.96832809e+01 8.84179077e+01 8.46048813e+01
    8.64402924e+01 8.69138947e+01 8.51411743e+01 8.64525909e+01
    8.83228531e+01 8.55891571e+01 8.32819443e+01 8.18548965e+01
    8.56889343e+01 8.63382034e+01 8.54553757e+01 8.91739655e+01
    8.90585785e+01 8.96913910e+01 8.57019348e+01 8.72013779e+01
    8.86390610e+01 8.90207672e+01 9.02349243e+01 9.29482727e+01
    9.06585693e+01 9.10137329e+01 8.93903732e+01 9.28094559e+01
    9.05024033e+01 9.10403137e+01 8.92215347e+01 8.71749954e+01
    9.09457092e+01 8.67162704e+01 8.72979279e+01 8.88120422e+01
    9.36633987e+01 9.23380508e+01 9.19381790e+01 9.04246368e+01
    8.91506042e+01 8.65882568e+01 9.07713547e+01 8.96059570e+01
    8.91267166e+01 8.38320541e+01 8.81103134e+01 8.95126572e+01
    8.94946442e+01 9.03510056e+01 9.06566620e+01 8.97958298e+01
    9.18417664e+01 8.94934158e+01 8.95407486e+01 8.91405334e+01
    8.88480682e+01 9.09679489e+01 8.87479401e+01 9.16523895e+01
    8.79033051e+01 9.08378220e+01 8.99146500e+01 9.40687714e+01
    9.30779343e+01 9.26312332e+01 9.33489456e+01 9.09635849e+01
    8.66607819e+01 8.96928024e+01 9.16457214e+01 8.71698837e+01
    8.86104126e+01 9.13516083e+01 8.71863403e+01 8.80080719e+01
    8.92635117e+01 9.05652084e+01 8.99623642e+01 9.07510757e+01
    9.21312332e+01 8.95656128e+01 9.05511856e+01 8.87479401e+01
    9.10754166e+01 9.16796112e+01 9.11622162e+01 9.11010971e+01
    9.02688675e+01 9.10706558e+01 9.13627472e+01 8.96199799e+01
    9.04115601e+01 9.11134415e+01 9.30018616e+01 9.17883453e+01
    9.36598053e+01 9.46614304e+01 9.37416458e+01 9.30613785e+01
    9.19909439e+01 9.19053192e+01 9.29439316e+01 9.33074570e+01
    8.91132278e+01 9.12844925e+01 9.16261673e+01 9.00639038e+01
    9.06136322e+01 9.23431244e+01 9.06765671e+01 9.07473984e+01
    9.02571106e+01 8.84173279e+01 8.49001770e+01 9.10314941e+01
    9.13797684e+01 8.95255432e+01 9.03304825e+01 9.20889053e+01
    8.82397461e+01 9.05628815e+01 9.04175415e+01 9.03613739e+01
    9.06658554e+01 9.05946045e+01 9.31587143e+01 9.19788513e+01
    9.34046707e+01 9.58880310e+01 9.54368057e+01 9.64639664e+01
    9.44549408e+01 9.54036484e+01 9.28276596e+01 9.37450867e+01
    9.17754745e+01 9.15654068e+01 9.33502274e+01 9.42563782e+01
    9.47183914e+01 9.10666962e+01 9.02298965e+01 9.10626755e+01
    9.19131165e+01 8.98797531e+01 9.03713379e+01 8.95759125e+01
    8.76642761e+01 8.80500488e+01 8.57315674e+01 8.68272400e+01
    9.13551025e+01 8.83687134e+01 8.95759659e+01 8.86595459e+01
    8.60436707e+01 8.69791489e+01 8.83991013e+01 8.65720978e+01
    8.91507416e+01 8.87855835e+01 8.77966919e+01 8.42535858e+01
    8.46207123e+01 8.74054337e+01 8.72395172e+01 8.81238022e+01
    8.53265152e+01 8.42107468e+01 8.79831390e+01 8.59392624e+01
    9.02110367e+01 8.91507568e+01 8.87890472e+01 8.91502075e+01
    8.67810593e+01 8.73920822e+01 8.90674744e+01 8.93364410e+01
    8.86479416e+01 9.05959320e+01 9.08585434e+01 9.03413010e+01
    8.97895203e+01 9.27598877e+01 9.33746490e+01 9.05932693e+01
    9.00648880e+01 8.44060135e+01 8.63282700e+01 8.95683746e+01
    8.86259689e+01 8.91154633e+01 9.01871719e+01 9.34802933e+01
    9.05210571e+01 9.22600784e+01 9.04209061e+01 9.18634491e+01
    9.13156815e+01 9.27158661e+01 9.07648697e+01 9.49465866e+01
    9.02050400e+01 9.38931656e+01 9.30060806e+01 9.09290085e+01
    9.19887314e+01 9.25643768e+01 8.98448105e+01 9.12625427e+01
    9.10176849e+01 9.12881012e+01 9.28527222e+01 8.80594635e+01
    8.52460556e+01 8.71093063e+01 8.68123779e+01 8.46186218e+01
    8.77138290e+01 8.58299561e+01 8.84623642e+01 9.09621582e+01
    8.76379166e+01 8.74145508e+01 9.18311310e+01 9.21011887e+01
    9.25496826e+01 8.92026215e+01 8.86439590e+01 9.28655930e+01
    9.15418015e+01 8.84959793e+01 9.13130035e+01 9.16285095e+01
    9.22262268e+01 9.03565216e+01 8.78965759e+01 9.15208359e+01
    8.93641663e+01 8.67672958e+01 8.71565552e+01 8.50668182e+01
    8.53762894e+01 8.74189758e+01 8.61258621e+01 8.91444550e+01
    8.37119064e+01 8.56190643e+01 8.59712753e+01 9.02707672e+01
    8.73975296e+01 8.55939941e+01 8.71759949e+01 8.95076599e+01
    8.67782135e+01 8.65172729e+01 8.76933975e+01 8.78189621e+01
    9.11024323e+01 9.12127380e+01 9.23284378e+01 9.07258911e+01
    9.34269409e+01 9.11620941e+01 9.33199692e+01 9.15848236e+01
    9.08207855e+01 9.04576111e+01 8.64775848e+01 8.69501953e+01
    8.90198364e+01 8.93010178e+01 9.09122314e+01 9.15701599e+01
    9.08983536e+01 9.06105499e+01 8.91079330e+01 9.09959183e+01
    8.78625641e+01 8.68930893e+01 8.73478928e+01 8.63952942e+01
    8.57816925e+01 8.69117508e+01 8.59592819e+01 8.79577255e+01
    8.91379318e+01 8.79989395e+01 9.19400177e+01 8.93503647e+01
    8.53783112e+01 8.80986481e+01 8.82827377e+01 8.71748962e+01
    8.87733536e+01 8.77658234e+01 9.15082016e+01 8.90015869e+01
    8.95807953e+01 9.09057617e+01 9.17173386e+01 8.94971771e+01
    9.20209274e+01 9.20045471e+01 8.87889023e+01 8.64815521e+01
    9.01981659e+01 8.93823090e+01 8.73183517e+01 9.14212341e+01
    8.86992645e+01 8.88848114e+01 9.04857712e+01 9.00823517e+01
    8.68206406e+01 8.98937988e+01 9.19368134e+01 9.11854095e+01
    9.05489578e+01 9.02901917e+01 8.92393036e+01 9.14373932e+01
    9.38343124e+01 8.98839874e+01 9.45167160e+01 9.13173447e+01
    9.18089600e+01 8.92440872e+01 9.07434158e+01 9.24406815e+01
    9.17194214e+01 9.39777145e+01 9.18221359e+01 9.38614578e+01
    9.34306412e+01 9.23879852e+01 8.92668457e+01 9.05476990e+01
    9.19278412e+01 9.35703125e+01 9.17628708e+01 9.15490036e+01
    8.93255234e+01 8.97096634e+01 9.20792465e+01 9.05999680e+01
    9.01092911e+01 8.78073502e+01 9.02602386e+01 9.15139236e+01
    8.75291901e+01 9.05047989e+01 9.03416901e+01 9.23071671e+01
    9.07164993e+01 9.03275833e+01 9.21894226e+01 8.86817245e+01
    8.94988251e+01 8.91364136e+01 9.15745163e+01 9.14170837e+01
    9.26627502e+01 9.44558411e+01 9.41293182e+01 9.95856094e+01
    9.47780762e+01 9.47787704e+01 9.59472656e+01 9.49785004e+01
    9.28297806e+01 9.36803589e+01 9.07669067e+01 9.07149200e+01
    9.26207886e+01 9.36478729e+01 9.47903595e+01 9.28947067e+01
    9.36973343e+01 8.96705093e+01 9.14729156e+01 8.57517319e+01
    9.25510330e+01 8.83658524e+01 8.77961884e+01 9.01985092e+01
    8.88321838e+01 8.56086502e+01 8.80881195e+01 8.94950790e+01
    8.77087173e+01 9.27504730e+01 8.83393097e+01 8.53874359e+01
    8.75575409e+01 8.75384750e+01 8.89861221e+01 8.75292969e+01
    8.46792755e+01 8.52826080e+01 8.44527054e+01 8.34746246e+01
    8.64801025e+01 8.48233185e+01 8.52529144e+01 8.57120743e+01
    8.77441635e+01 8.99072266e+01 8.98161697e+01 8.71325912e+01
    9.00340424e+01 8.81422424e+01 8.72695236e+01 8.76899872e+01
    8.84809494e+01 8.72709808e+01 9.09397659e+01 9.04898529e+01
    9.05154266e+01 9.09424057e+01 9.13220901e+01 9.36741867e+01
    8.82648849e+01 9.21477966e+01 9.05735245e+01 8.90959091e+01
    8.75995026e+01 8.98053665e+01 8.81704254e+01 9.26898270e+01
    9.06219330e+01 9.13617096e+01 9.04207458e+01 9.18446960e+01
    9.16456070e+01 9.00863953e+01 9.21330948e+01 8.88131104e+01
    9.25778275e+01 9.27076950e+01 9.33136215e+01 9.39384537e+01
    8.92903976e+01 8.91566391e+01 9.23295212e+01 9.31291733e+01
    9.62668686e+01 9.17198410e+01 9.06262970e+01 8.86654053e+01
    8.81735840e+01 8.53030472e+01 8.68460999e+01 8.81230087e+01
    8.49379196e+01 8.69813461e+01 8.74868698e+01 8.74511795e+01
    8.89014130e+01 8.82622833e+01 8.58248215e+01 8.74179993e+01
    8.57913971e+01 8.78302078e+01 8.93141327e+01 9.07447662e+01
    9.14066696e+01 9.12864685e+01 9.19701157e+01 9.21102829e+01
    9.06168594e+01 9.08082504e+01 9.00462112e+01 9.02962265e+01
    9.15641174e+01 8.83934708e+01 9.00097885e+01 8.53797836e+01
    8.59505539e+01 8.78588486e+01 8.62815247e+01 8.82078476e+01
    8.74155350e+01 8.59783401e+01 8.47996368e+01 8.68515701e+01
    8.50514755e+01 8.72574539e+01 8.84219742e+01 9.01068344e+01
    8.92498093e+01 8.68199844e+01 8.57089462e+01 8.68559418e+01
    8.80450668e+01 8.70036697e+01 8.98918457e+01 9.21259003e+01
    8.78424835e+01 8.91749115e+01 9.13550797e+01 8.91806030e+01
    8.83173599e+01 9.20255966e+01 9.05280151e+01 9.15322800e+01
    9.37749710e+01 8.42052002e+01 8.80404282e+01 8.70242004e+01
    9.10029984e+01 8.96965942e+01 9.16985397e+01 8.79085464e+01
    8.92898560e+01 8.70318146e+01 8.62186127e+01 8.87116089e+01
    8.73461533e+01 8.16506195e+01 8.54943924e+01 8.80998993e+01
    8.48730011e+01 8.49003983e+01 8.74954910e+01 8.81141129e+01
    8.83111801e+01 8.97330856e+01 8.91923370e+01 8.90904617e+01
    9.02895813e+01 8.98535309e+01 9.13390198e+01 8.97262650e+01
    9.23035965e+01 8.80316544e+01 8.79722519e+01 9.25238647e+01
    9.47021561e+01 9.46433105e+01 9.11775284e+01 9.19556885e+01
    8.89571228e+01 9.09342651e+01 9.33973465e+01 8.85011673e+01
    9.08281097e+01 9.22779770e+01 9.15724106e+01 8.92289505e+01
    9.03120956e+01 8.96439056e+01 8.95588303e+01 9.02796707e+01
    9.10475540e+01 8.82336731e+01 8.61555405e+01 8.82997513e+01
    8.49033432e+01 8.81503983e+01 9.02757187e+01 9.10627289e+01
    8.96149750e+01 9.01694489e+01 9.12533569e+01 9.21575546e+01
    8.95947952e+01 9.09036713e+01 9.18838806e+01 9.19603043e+01
    9.45534363e+01 9.47906952e+01 9.02330933e+01 9.26270905e+01
    9.48080444e+01 9.30119934e+01 9.54688873e+01 9.36269989e+01
    9.26403198e+01 9.18452759e+01 9.28920441e+01 9.36248856e+01
    9.11393204e+01 9.00570145e+01 8.94794159e+01 8.88751755e+01
    8.82478790e+01 8.63653641e+01 8.99449692e+01 9.03523788e+01
    9.16012421e+01 9.20298996e+01 9.39452667e+01 9.14434433e+01
    9.33686905e+01 8.90058365e+01 8.94100571e+01 9.11269913e+01
    8.93426971e+01 9.16613312e+01 9.39916916e+01 9.51344986e+01
    9.50064774e+01 9.48877182e+01 9.32356262e+01 9.60319061e+01
    9.64854889e+01 9.65844879e+01 9.22340164e+01 9.32720795e+01
    9.19938965e+01 9.00284729e+01 9.31598892e+01 9.50075378e+01
    9.31111221e+01 9.57350464e+01 9.46644592e+01 9.53248978e+01
    9.11355820e+01 9.14840317e+01 9.03497620e+01 8.91388092e+01
    8.82915573e+01 9.10973511e+01 9.00840683e+01 8.77423706e+01
    9.15757828e+01 8.98694763e+01 9.16765060e+01 9.07725372e+01
    8.92851181e+01 8.66094742e+01 8.91920929e+01 8.96525803e+01
    8.89338150e+01 8.71773148e+01 8.81477814e+01 8.61248016e+01
    8.54386368e+01 8.84953537e+01 8.95556946e+01 8.58262177e+01
    8.54925461e+01 8.61321335e+01 8.78119049e+01 9.08274078e+01
    9.10479965e+01 8.77499619e+01 8.64881363e+01 9.03831482e+01
    8.81212387e+01 8.82150345e+01 8.81360168e+01 9.09087524e+01
    8.92397079e+01 8.83042908e+01 9.18852081e+01 8.87142563e+01
    9.01464310e+01 9.30188065e+01 9.01517944e+01 8.80150452e+01
    9.34106064e+01 9.09894257e+01 8.79799576e+01 8.96558609e+01
    8.76941299e+01 8.93839645e+01 8.94329910e+01 9.14887238e+01
    9.38569336e+01 8.79793320e+01 9.36192093e+01 9.33978271e+01
    9.09570389e+01 9.08155823e+01 9.27650375e+01 9.06870956e+01
    9.16257858e+01 8.99522095e+01 8.83901825e+01 9.26379700e+01
    9.50398483e+01 9.29343414e+01 9.23664932e+01 9.14205017e+01
    9.27344742e+01 9.08140869e+01 9.07132416e+01 8.78029327e+01
    8.61329422e+01 8.57434006e+01 8.50029526e+01 8.55931015e+01
    8.71457596e+01 8.83115692e+01 8.75087433e+01 8.80134811e+01
    8.50160828e+01 8.93668823e+01 8.24402466e+01 8.79954758e+01
    8.95214157e+01 8.77596970e+01 8.80632401e+01 9.12098846e+01
    8.97393570e+01 8.91893082e+01 9.09324646e+01 8.80227432e+01
    8.77684021e+01 9.17116699e+01 8.89033432e+01 8.73686676e+01
    8.93301010e+01 8.78158875e+01 9.04247055e+01 8.62091904e+01
    8.66077957e+01 8.55837479e+01 8.32196808e+01 8.79223862e+01
    8.54747238e+01 8.42849884e+01 8.50420609e+01 8.99249878e+01
    8.93733749e+01 9.01129761e+01 8.93564148e+01 8.80970612e+01
    8.64042358e+01 8.71814804e+01 9.01853333e+01 8.62918091e+01
    9.00869980e+01 9.10117188e+01 9.03605957e+01 8.94055786e+01
    8.92616577e+01 9.09055862e+01 9.10317230e+01 8.89707031e+01
    8.89255219e+01 8.97527466e+01 8.87033691e+01 8.77051086e+01
    8.68991318e+01 8.92418442e+01 8.95145645e+01 8.92099915e+01
    9.08571243e+01 8.71846542e+01 8.59155045e+01 8.87321320e+01
    9.27136230e+01 8.84682312e+01 8.81257935e+01 8.55776291e+01
    8.65926666e+01 8.72516098e+01 8.92878342e+01 8.78465424e+01
    8.82838440e+01 9.05406952e+01 8.93486023e+01 9.11809235e+01
    8.66706238e+01 8.78231659e+01 9.00911942e+01 9.13948135e+01
    8.89793854e+01 8.89059372e+01 9.40497437e+01 9.19456940e+01
    8.96373215e+01 9.17827454e+01 9.25103149e+01 9.22742767e+01
    9.27683258e+01 9.35384064e+01 9.05019455e+01 9.12001724e+01
    8.75730362e+01 9.13671112e+01 9.19660873e+01 9.18235855e+01
    9.11689758e+01 8.89931641e+01 8.89686432e+01 9.18165436e+01
    9.15378113e+01 8.73279266e+01 9.23477631e+01 9.05388947e+01
    8.76464081e+01 9.02814789e+01 8.98389740e+01 8.80348282e+01
    8.98409271e+01 9.21753845e+01 9.30265121e+01 9.22845535e+01
    9.00516586e+01 9.33199692e+01 8.99984207e+01 9.30787888e+01
    9.00814362e+01 9.17194595e+01 9.17295685e+01 9.31335678e+01
    9.22979584e+01 9.21403656e+01 9.15956955e+01 9.20161133e+01
    9.66324234e+01 9.27919083e+01 9.39396896e+01 9.20547791e+01
    9.26575775e+01 8.94812622e+01 9.07501526e+01 9.13552704e+01
    8.69606476e+01 8.79169388e+01 8.85440826e+01 8.80691605e+01
    8.82186203e+01 8.73981171e+01 9.08945999e+01 9.20119629e+01
    9.02143326e+01 9.08038635e+01 9.16021881e+01 9.42137299e+01
    9.08269730e+01 9.10004272e+01 9.28716202e+01 9.12707977e+01
    9.13648453e+01 9.49491501e+01 9.33572235e+01 9.76684418e+01
    9.79392624e+01 9.71295471e+01 9.62950821e+01 9.59422302e+01
    9.43890076e+01 9.61100693e+01 9.39524231e+01 9.09534836e+01
    9.26619263e+01 9.63132401e+01 8.97438278e+01 9.44525223e+01
    9.24622574e+01 9.14085007e+01 9.29633713e+01 8.99231110e+01
    9.05015106e+01 8.85187607e+01 9.04418488e+01 9.01151199e+01
    8.77790375e+01 8.69562759e+01 8.79596176e+01 9.08128357e+01
    8.90995941e+01 9.15447922e+01 8.84758453e+01 8.92747421e+01
    8.74080811e+01 8.94127426e+01 8.96363220e+01 9.18467636e+01
    8.99793777e+01 8.81129532e+01 9.16860580e+01 8.75551605e+01
    8.49826736e+01 9.19889069e+01 8.62531662e+01 8.85625763e+01
    8.75403900e+01 8.86663742e+01 8.80906601e+01 8.79593506e+01
    8.60635910e+01 8.82132034e+01 9.02986832e+01 8.79239426e+01
    8.64256210e+01 8.39746399e+01 9.01158524e+01 9.22680969e+01
    9.07738953e+01 8.91631088e+01 9.05311737e+01 9.04261932e+01
    8.99516602e+01 9.12139740e+01 8.90444946e+01 8.47988586e+01
    8.66112747e+01 8.59554367e+01 8.67390594e+01 9.12561111e+01
    8.82417679e+01 8.63997269e+01 9.18881149e+01 9.19719009e+01
    8.97301712e+01 9.28915558e+01 9.23877106e+01 9.18564606e+01
    8.82702789e+01 9.06629105e+01 9.11590729e+01 8.82041092e+01
    8.98848953e+01 9.14548264e+01 9.45755692e+01 9.23548584e+01
    9.21157532e+01 9.11957016e+01 9.13125458e+01 9.19532242e+01
    8.92432632e+01 8.57820663e+01 8.96320114e+01 8.62337875e+01
    8.54491425e+01 8.75632095e+01 9.11944275e+01 8.87998428e+01
    9.01457138e+01 8.90575638e+01 8.90493240e+01 8.73295517e+01
    8.77685471e+01 8.53473740e+01 9.11208344e+01 9.16334000e+01
    8.83240891e+01 9.13799896e+01 8.66467819e+01 9.33331451e+01
    8.91950760e+01 8.83918762e+01 8.89598083e+01 9.20606003e+01
    8.46607895e+01 8.72192230e+01 8.64523087e+01 8.84135437e+01
    8.81080475e+01 8.97813950e+01 9.07516861e+01 8.65892410e+01
    8.71891022e+01 8.96175613e+01 8.82698135e+01 8.39100800e+01
    8.88144226e+01 8.99988174e+01 9.02022934e+01 8.93384399e+01
    8.90998688e+01 8.93417816e+01 8.93321838e+01 8.79581528e+01
    8.77464218e+01 8.98177795e+01 8.99268188e+01 9.08100586e+01
    9.04039917e+01 8.88376541e+01 9.30724640e+01 8.76647720e+01
    9.12040253e+01 8.97073135e+01 9.00462723e+01 8.82732315e+01
    9.04601593e+01 8.89911499e+01 8.45366516e+01 8.87486725e+01
    9.13330841e+01 9.22145233e+01 9.08847427e+01 8.90845261e+01
    8.72599182e+01 8.96169968e+01 9.21641464e+01 8.89218826e+01
    8.59213257e+01 8.67324982e+01 8.85681229e+01 9.11292343e+01
    9.18459854e+01 9.07586517e+01 8.85205154e+01 9.05181198e+01
    9.16989136e+01 8.95799484e+01 8.71505661e+01 8.91924362e+01
    8.82823792e+01 9.03051834e+01 9.14508209e+01 9.04432678e+01
    8.77265625e+01 8.90297012e+01 9.23172150e+01 9.22368011e+01
    9.36250000e+01 9.29731827e+01 9.28309402e+01 9.02511673e+01
    9.19674454e+01 9.18088608e+01 9.36280212e+01 8.90778580e+01
    9.25637131e+01 9.21791229e+01 9.13243332e+01 8.63020401e+01
    8.87499924e+01 9.56287231e+01 8.79053650e+01 9.12545090e+01
    8.78934784e+01 9.13032227e+01 9.08508606e+01 9.10815735e+01
    8.95862503e+01 9.04944000e+01 8.99139175e+01 9.20692291e+01
    8.98560486e+01 9.18432617e+01 8.93665771e+01 9.22356720e+01
    9.33372498e+01 9.06509171e+01 9.19257507e+01 9.26536560e+01
    9.63602371e+01 9.32065582e+01 9.13469009e+01 9.01447449e+01
    9.45949249e+01 9.13607635e+01 9.32895660e+01 9.42042618e+01
    9.52429199e+01 9.41866989e+01 9.47769928e+01 9.25550079e+01
    9.35577698e+01 9.10173416e+01 9.30041046e+01 9.01466064e+01
    8.68264389e+01 8.89231339e+01 8.90505066e+01 8.91897736e+01
    8.99716949e+01 9.32791824e+01 9.22374878e+01 9.16448288e+01
    9.07247849e+01 9.09016266e+01 9.17007446e+01 9.01472549e+01
    9.18402328e+01 9.31908875e+01 9.41286545e+01 9.39997406e+01
    9.35741119e+01 9.66354828e+01 9.83403931e+01 9.69048920e+01
    9.63559189e+01 9.64031982e+01 9.31017456e+01 9.30009155e+01
    8.92189407e+01 9.44483719e+01 9.23406219e+01 9.17155151e+01
    9.20016479e+01 9.33667984e+01 9.28167191e+01 9.06380234e+01
    9.04765854e+01 8.73895721e+01 8.50935669e+01 8.51878052e+01
    8.68298111e+01 8.45900345e+01 8.74353104e+01 8.87595444e+01
    8.88561478e+01 9.00066071e+01 8.83677902e+01 9.27277069e+01
    9.21910782e+01 9.04215240e+01 9.02185211e+01 9.20578308e+01
    8.72226791e+01 9.36038284e+01 9.05031204e+01 8.67906799e+01
    8.46308060e+01 8.60278549e+01 8.57309113e+01 8.60523376e+01
    8.63403778e+01 8.39150925e+01 8.78067627e+01 8.77698593e+01
    9.08044052e+01 8.81722794e+01 8.75326385e+01 8.69625015e+01
    8.81460953e+01 8.79352264e+01 8.76834564e+01 8.99336472e+01
    8.82316666e+01 9.04957199e+01 9.41528320e+01 9.26869812e+01
    9.14548798e+01 9.17983398e+01 8.98052597e+01 8.40244904e+01
    9.01679459e+01 9.02989578e+01 8.89271240e+01 9.07323151e+01
    8.76756668e+01 8.75270004e+01 9.03598557e+01 8.76674347e+01
    9.02990952e+01 9.09983063e+01 9.17593613e+01 9.07639160e+01
    8.86469040e+01 9.01016922e+01 9.11198502e+01 8.81991577e+01
    8.91838150e+01 9.08864975e+01 9.49070892e+01 9.20258255e+01
    9.44607239e+01 9.29750824e+01 9.11107178e+01 8.81259460e+01
    9.22190247e+01 8.99640961e+01 9.37824020e+01 8.83638535e+01
    8.64633331e+01 9.20693588e+01 8.95485077e+01 8.66954422e+01
    8.65315552e+01 8.97764816e+01 9.16792603e+01 8.79352341e+01
    8.65729294e+01 8.69501648e+01 8.74925385e+01 8.53401947e+01
    9.02999802e+01 8.94530640e+01 9.45967865e+01 9.36021347e+01
    8.82858200e+01 8.71725540e+01 8.75212250e+01 8.99097137e+01
    8.83219681e+01 9.06419983e+01 8.82148285e+01 8.77090759e+01
    8.82807617e+01 8.80267181e+01 8.77436523e+01 8.92572250e+01
    8.77588959e+01 8.87555771e+01 8.74108124e+01 8.57857742e+01
    8.71528549e+01 8.62185516e+01 8.78566742e+01 9.16085739e+01
    9.05370255e+01 8.92785339e+01 9.11690445e+01 8.90992203e+01
    8.96648254e+01 8.74774933e+01 8.94847183e+01 8.97209549e+01
    8.71160583e+01 8.79079895e+01 8.89733887e+01 8.93655014e+01
    8.71054611e+01 9.07848129e+01 9.09362946e+01 8.73606491e+01
    9.12810135e+01 9.07080383e+01 9.00757980e+01 8.71710358e+01
    8.96263962e+01 8.94754715e+01 8.91975784e+01 9.09687881e+01
    9.16421280e+01 8.84535294e+01 8.83534088e+01 8.91763763e+01
    8.64327469e+01 9.00369339e+01 8.72220001e+01 8.93225021e+01
    8.95890198e+01 8.96716919e+01 8.74656982e+01 8.97781982e+01
    9.03090744e+01 8.73432770e+01 9.25956726e+01 8.78719711e+01
    8.81002502e+01 8.77141571e+01 9.20220413e+01 9.07454147e+01
    8.84462585e+01 8.95771408e+01 8.97134094e+01 8.87065048e+01
    8.96300735e+01 8.94680634e+01 9.18037338e+01 9.11775208e+01
    9.40324097e+01 9.71061478e+01 9.08505020e+01 9.08783112e+01
    9.38900833e+01 9.33680954e+01 9.31963806e+01 8.94069366e+01
    9.08144226e+01 9.21546707e+01 8.93687973e+01 9.33628311e+01
    9.44147415e+01 9.10833740e+01 9.03940201e+01 9.08519821e+01
    8.89513092e+01 8.73846130e+01 9.01762543e+01 8.78680115e+01
    8.97864761e+01 8.87139511e+01 8.94828568e+01 8.96718063e+01
    8.84629593e+01 8.86297073e+01 8.99550171e+01 8.86918182e+01
    8.86699295e+01 9.08044662e+01 9.33769760e+01 9.38742447e+01
    9.14467850e+01 9.48446350e+01 8.97592087e+01 9.63918991e+01
    9.48524017e+01 9.28648834e+01 9.44534073e+01 9.51907196e+01
    9.09211578e+01 9.42049103e+01 9.39419479e+01 9.26879959e+01
    9.41834488e+01 9.27769699e+01 9.08283844e+01 8.96330185e+01
    9.15421906e+01 8.76416092e+01 9.34605331e+01 9.19885941e+01
    9.19895096e+01 9.31789169e+01 8.81278305e+01 8.96315842e+01
    9.10672302e+01 9.28177185e+01 9.06119995e+01 9.24440460e+01
    9.38098373e+01 9.57964630e+01 9.43291321e+01 9.62494507e+01
    9.51191406e+01 9.76377335e+01 9.26971283e+01 9.42604294e+01
    9.42313385e+01 9.41540298e+01 9.22439728e+01 9.05906677e+01
    9.24379654e+01 9.27414093e+01 9.14380646e+01 9.19039917e+01
    9.24181519e+01 9.29329529e+01 8.99532318e+01 8.92554169e+01
    8.79902954e+01 9.01918793e+01 8.57188950e+01 8.77071304e+01
    8.74517517e+01 8.79299622e+01 9.04350739e+01 9.28255310e+01
    8.94651947e+01 8.70250015e+01 8.66812363e+01 8.69101257e+01
    8.61790161e+01 8.97634964e+01 8.99031143e+01 8.93196793e+01
    9.10578613e+01 8.78488159e+01 9.00617065e+01 8.42849426e+01
    8.64425125e+01 8.70812302e+01 8.92703552e+01 8.65953903e+01
    8.84974518e+01 8.89624329e+01 8.85930862e+01 8.95252686e+01
    8.71073837e+01 8.86547470e+01 8.85561676e+01 8.88261642e+01
    8.85893631e+01 8.68565216e+01 8.75862961e+01 9.17317123e+01
    9.17869415e+01 9.02400513e+01 8.84892197e+01 8.78062057e+01
    9.01338654e+01 8.68173599e+01 8.75672226e+01 8.64222565e+01
    8.40882874e+01 8.44669266e+01 8.47826767e+01 8.62579193e+01
    9.07842484e+01 8.71336823e+01 8.77634659e+01 9.03767319e+01
    8.84551620e+01 9.00433121e+01 8.80366287e+01 8.98450775e+01
    8.77317963e+01 9.07395706e+01 9.09225845e+01 9.02666626e+01
    8.96647720e+01 9.22941666e+01 8.86106033e+01 9.05760574e+01
    9.06513443e+01 8.87818222e+01 8.72040405e+01 9.26490555e+01
    9.23374252e+01 8.83880844e+01 8.69933548e+01 8.56676178e+01
    8.61898804e+01 8.73176117e+01 8.84335480e+01 9.16524506e+01
    8.85920868e+01 8.88784790e+01 8.75666656e+01 8.78976059e+01
    8.88290939e+01 8.61235046e+01 9.06724625e+01 9.38134689e+01
    9.14973907e+01 9.07232285e+01 9.02189331e+01 8.97797470e+01
    9.03697205e+01 9.10041580e+01 9.23986282e+01 8.89256973e+01
    8.61729050e+01 9.07413483e+01 9.19027328e+01 8.60823059e+01
    8.80768661e+01 9.04425201e+01 8.64359207e+01 8.82412033e+01
    8.84345856e+01 8.69959641e+01 8.50765152e+01 8.21582413e+01
    8.72543716e+01 8.51825943e+01 9.06821594e+01 8.76256332e+01
    9.17740479e+01 9.00672302e+01 8.86132202e+01 8.75108719e+01
    8.86456375e+01 8.61227798e+01 8.47789154e+01 8.81122284e+01
    8.64256287e+01 8.67381668e+01 8.95977020e+01 9.07122269e+01
    9.16079407e+01 9.37373886e+01 8.88785248e+01 8.81077881e+01
    8.97313995e+01 8.83078461e+01 8.88730164e+01 8.76848679e+01
    9.04579773e+01 9.20196991e+01 9.17780228e+01 8.95504990e+01
    8.99183655e+01 8.81509628e+01 9.13319168e+01 9.19412918e+01
    8.91098099e+01 8.80655441e+01 8.94161072e+01 9.00142593e+01
    8.92425537e+01 8.84287872e+01 9.09135818e+01 8.96448364e+01
    9.13174896e+01 9.29022903e+01 8.96111298e+01 8.87869339e+01
    9.31768036e+01 9.00589066e+01 9.26852417e+01 9.32049713e+01
    8.79039001e+01 8.79858780e+01 9.18257141e+01 9.06593857e+01
    9.28756485e+01 9.37838440e+01 9.38762741e+01 9.19387894e+01
    9.28057022e+01 9.23373337e+01 9.13325806e+01 8.89775162e+01
    8.75048218e+01 9.33767624e+01 9.40875168e+01 9.02552414e+01
    9.12737656e+01 9.20549469e+01 8.78934021e+01 8.84378204e+01
    9.15302887e+01 8.81147995e+01 8.66891632e+01 8.96293793e+01
    8.84456940e+01 8.77100449e+01 8.93834381e+01 8.93612747e+01
    8.96177902e+01 8.97718201e+01 8.89711075e+01 8.64486771e+01
    8.87372894e+01 9.05802765e+01 8.78522415e+01 8.94622269e+01
    9.38716660e+01 9.17502594e+01 9.08612213e+01 9.32852173e+01
    9.05611801e+01 9.45341187e+01 9.22279587e+01 9.15968857e+01
    9.39591904e+01 9.34955673e+01 9.33114624e+01 9.13173981e+01
    9.36716919e+01 8.78568726e+01 9.20551376e+01 9.04514771e+01
    9.00495987e+01 9.19446182e+01 9.27986069e+01 8.97269592e+01
    9.21878052e+01 9.40118561e+01 9.02906189e+01 9.21592178e+01
    9.01228333e+01 8.65811996e+01 8.91834183e+01 9.31573944e+01
    8.89992447e+01 8.91421738e+01 9.11185989e+01 9.49384613e+01
    9.53462219e+01 9.32625732e+01 9.66053848e+01 9.27221146e+01
    9.96254730e+01 9.36570053e+01 9.16116791e+01 8.95748520e+01
    9.12196198e+01 9.13619156e+01 9.17523422e+01 9.60825348e+01
    9.22893600e+01 9.10512390e+01 9.19445038e+01 9.16803665e+01
    8.94083557e+01 8.66703033e+01 8.74882507e+01 9.08747101e+01
    9.04942856e+01 8.94901428e+01 9.02439728e+01 8.80789490e+01
    8.95708542e+01 8.76453552e+01 8.94281921e+01 8.88157196e+01
    8.80707779e+01 8.59678879e+01 8.72525787e+01 9.07809372e+01
    9.04377289e+01 9.01956940e+01 9.11855392e+01 8.92595062e+01
    8.86281128e+01 8.81236115e+01 8.67957077e+01 8.93939743e+01
    9.20318069e+01 8.80703659e+01 8.71509476e+01 9.07324677e+01
    9.12988205e+01 8.68615036e+01 8.91769562e+01 8.92750015e+01
    8.89496155e+01 8.64783936e+01 9.05826187e+01 8.87244110e+01
    8.52952194e+01 8.76204529e+01 9.25318909e+01 9.38229446e+01
    9.03715591e+01 9.03770523e+01 8.72898483e+01 9.01471329e+01
    8.72808533e+01 8.88177719e+01 8.73243332e+01 8.81027451e+01
    8.99528275e+01 8.67486420e+01 8.92066803e+01 9.09903717e+01
    8.93155594e+01 9.23915329e+01 9.00005112e+01 9.13886261e+01
    9.04212189e+01 9.05478973e+01 8.99747543e+01 9.24420166e+01
    9.18999710e+01 9.08919220e+01 9.08463516e+01 9.37928696e+01
    9.05589981e+01 9.35410995e+01 8.96817627e+01 9.03994293e+01
    8.71448212e+01 8.68656616e+01 8.93863678e+01 9.04796371e+01
    8.75045547e+01 8.85143890e+01 9.03336945e+01 8.69668732e+01
    8.78262253e+01 8.84074173e+01 8.80518341e+01 8.85712738e+01
    9.00675888e+01 8.80219040e+01 9.12628098e+01 9.04710846e+01
    9.17145691e+01 9.07454529e+01 9.27163849e+01 9.26485901e+01
    8.95306931e+01 9.18098831e+01 9.13118820e+01 9.06067963e+01
    9.03715744e+01 9.16929703e+01 8.99157715e+01 9.02009583e+01
    9.13306198e+01 9.21928406e+01 8.74974823e+01 8.80041733e+01
    8.90154953e+01 8.89490128e+01 8.49019241e+01 8.26618118e+01
    8.52474442e+01 8.51341019e+01 8.52430267e+01 8.94719849e+01
    8.67799683e+01 8.92996674e+01 9.04272537e+01 8.98917923e+01
    8.98855286e+01 8.93291016e+01 8.67086334e+01 8.76346054e+01
    8.78105545e+01 9.02455444e+01 8.64969254e+01 8.83907089e+01
    8.90070267e+01 9.26693649e+01 8.66717529e+01 9.06470947e+01
    8.89560471e+01 8.99561234e+01 9.36248169e+01 8.70098801e+01
    9.36430893e+01 8.95840683e+01 9.20529556e+01 8.89998856e+01
    9.18882828e+01 8.92503433e+01 8.93997650e+01 9.03493576e+01
    9.01026459e+01 9.17812958e+01 9.06414566e+01 8.96429214e+01
    9.13022919e+01 9.31890564e+01 8.99130478e+01 9.16133423e+01
    9.08580475e+01 9.01924896e+01 9.22164001e+01 9.07570724e+01
    8.79275742e+01 8.89750214e+01 9.27990417e+01 9.23824081e+01
    8.93365326e+01 9.15067825e+01 9.38809509e+01 9.05724106e+01
    9.00206757e+01 9.25689163e+01 9.47034988e+01 9.50051956e+01
    9.81743927e+01 9.16663971e+01 9.08726883e+01 8.86732025e+01
    9.06619415e+01 8.86368713e+01 8.78167648e+01 8.84565659e+01
    9.08479462e+01 8.84537201e+01 8.80302963e+01 8.93515167e+01
    9.16460114e+01 9.20473099e+01 8.58289795e+01 9.03415527e+01
    8.92134628e+01 8.92345734e+01 8.65372314e+01 8.61708069e+01
    8.58962097e+01 8.85330582e+01 8.54258041e+01 8.78453674e+01
    8.79951706e+01 8.90988312e+01 8.71234283e+01 9.06013641e+01
    8.95029449e+01 8.88098602e+01 9.10721664e+01 8.97640152e+01
    9.50808411e+01 9.02611389e+01 9.17091064e+01 9.35802002e+01
    9.56878128e+01 8.93932953e+01 9.50121841e+01 9.50705948e+01
    9.21771622e+01 9.08343353e+01 9.36850357e+01 9.31994934e+01
    9.44500809e+01 9.33870010e+01 9.04063339e+01 9.42101288e+01
    9.10727005e+01 9.25682373e+01 9.21584396e+01 9.28555908e+01
    9.31826248e+01 8.96275864e+01 9.34394226e+01 9.07354202e+01
    9.07647476e+01 9.07495880e+01 9.17815094e+01 8.87823257e+01
    9.21357269e+01 9.33911133e+01 9.41831360e+01 9.38958588e+01
    9.37882996e+01 9.40307388e+01 9.32884521e+01 9.53782959e+01
    9.10303345e+01 9.02502289e+01 9.39313889e+01 9.07970734e+01
    9.12426224e+01 9.30675354e+01 9.02980728e+01 9.16873245e+01
    9.01013260e+01 9.03312225e+01 8.62694397e+01 8.61122894e+01
    8.81607132e+01 9.04391937e+01 8.85296631e+01 8.62063217e+01
    9.00161362e+01 8.89811172e+01 8.98009109e+01 9.02955627e+01
    8.84843063e+01 8.66185226e+01 9.02213593e+01 8.69038467e+01
    8.65358429e+01 8.96729202e+01 9.16900101e+01 8.89202499e+01
    8.98324585e+01 8.78091888e+01 8.70549240e+01 9.03176346e+01
    8.67536163e+01 8.69984131e+01 8.65849915e+01 9.07350082e+01
    8.94897156e+01 8.76859818e+01 9.13845367e+01 9.05775681e+01
    8.89932175e+01 8.80347366e+01 9.07099686e+01 8.80337219e+01
    9.01634216e+01 9.09602966e+01 9.10864334e+01 9.10207977e+01
    9.47370682e+01 9.30938339e+01 9.21049423e+01 9.33883743e+01
    9.17197495e+01 9.43724899e+01 8.96666260e+01 9.10660782e+01
    8.80806503e+01 8.96548538e+01 8.70440292e+01 9.22054520e+01
    8.91875458e+01 9.03741455e+01 8.93591614e+01 9.04628677e+01
    9.35875320e+01 9.08845901e+01 8.98869629e+01 8.76720352e+01
    8.84330521e+01 9.23049393e+01 8.87430496e+01 9.24753113e+01
    8.71032410e+01 9.26302338e+01 9.03475113e+01 8.84573364e+01
    8.75414124e+01 8.97003326e+01 9.05883713e+01 9.06872177e+01
    8.97381058e+01 9.16955109e+01 8.81933060e+01 8.78488235e+01
    8.53599701e+01 8.75438766e+01 9.09762421e+01 8.75811386e+01
    9.00048523e+01 8.96873398e+01 8.79443741e+01 8.78642578e+01
    8.99162521e+01 8.94480286e+01 9.49176941e+01 9.08196564e+01
    9.30647659e+01 9.21217194e+01 9.34405823e+01 9.00832825e+01
    9.15277252e+01 9.22681427e+01 9.22912674e+01 9.18503494e+01
    9.21427002e+01 9.13796387e+01 9.26184769e+01 8.80996323e+01
    8.92778473e+01 8.80023804e+01 8.85821686e+01 8.79099808e+01
    8.94395599e+01 8.82124863e+01 8.55749741e+01 8.51721954e+01
    8.64597855e+01 8.67700119e+01 8.79974976e+01 9.02928391e+01
    8.82009659e+01 9.21009979e+01 8.75586090e+01 8.71324387e+01
    8.97931061e+01 8.88996887e+01 8.73659821e+01 8.89416428e+01
    8.60500183e+01 8.40344925e+01 9.09181595e+01 8.89371567e+01
    8.92521973e+01 9.25833206e+01 9.13024139e+01 9.15788879e+01
    8.99679565e+01 9.03471375e+01 8.51894150e+01 8.75310059e+01
    8.84541779e+01 8.85092316e+01 9.12552795e+01 8.97593536e+01
    8.75173798e+01 9.17980499e+01 9.04774704e+01 9.38821869e+01
    9.16306305e+01 9.31033783e+01 9.19913406e+01 9.44777985e+01
    9.02307205e+01 9.11124115e+01 9.15634232e+01 8.94549789e+01
    8.81941452e+01 9.33667908e+01 9.03416061e+01 8.62977371e+01
    8.94463348e+01 8.77659912e+01 9.30996094e+01 8.89294434e+01
    8.64493790e+01 8.94327011e+01 9.01300812e+01 9.20900421e+01
    9.52269135e+01 9.15819397e+01 9.36628647e+01 9.19839630e+01
    9.31693192e+01 8.97547302e+01 8.92713928e+01 8.78307266e+01
    8.92323303e+01 9.23319168e+01 8.82508621e+01 9.27583160e+01
    9.23920517e+01 9.05282135e+01 9.14450760e+01 8.88140411e+01
    9.14738388e+01 9.01700974e+01 8.91354141e+01 8.59000702e+01
    8.88070679e+01 8.75057068e+01 8.77813950e+01 8.70008545e+01
    8.99237442e+01 8.42033691e+01 8.94386826e+01 8.59056396e+01
    8.56304626e+01 8.49852524e+01 8.79327927e+01 8.68182068e+01
    8.80044937e+01 9.01507645e+01 8.94351654e+01 9.36212997e+01
    9.36760101e+01 9.04561768e+01 9.16005402e+01 9.32238922e+01
    9.36000443e+01 9.13406830e+01 9.34131165e+01 9.24346695e+01
    9.42474518e+01 9.29026184e+01 9.45201797e+01 9.28357697e+01
    9.52047806e+01 9.61115265e+01 9.34862518e+01 9.46692123e+01
    9.41086578e+01 9.40008240e+01 9.42430191e+01 9.20653534e+01
    9.46723251e+01 9.55150146e+01 9.47122269e+01 9.22604599e+01
    9.19242020e+01 9.20180283e+01 8.90411453e+01 9.36586685e+01
    9.25910263e+01 9.31888123e+01 9.10816193e+01 9.28751755e+01
    9.46636429e+01 9.54401550e+01 9.04938583e+01 9.04050140e+01
    9.15208435e+01 9.16368790e+01 9.04571381e+01 9.15169373e+01
    9.08155670e+01 8.97277069e+01 9.03623657e+01 9.02449799e+01
    9.00058289e+01 8.49665375e+01 8.66395569e+01 8.90660095e+01
    8.67835999e+01 9.48831024e+01 8.83683167e+01 8.83983917e+01
    8.80273666e+01 8.82864380e+01 8.80409164e+01 8.90545273e+01
    8.91209488e+01 8.68997879e+01 8.59290619e+01 8.77832489e+01
    8.79342957e+01 8.64469070e+01 8.92928619e+01 8.67375641e+01
    8.71497040e+01 8.66070938e+01 8.66030960e+01 8.52405624e+01
    8.65024796e+01 8.94822769e+01 8.72179642e+01 9.01247635e+01
    8.57225952e+01 8.71221008e+01 8.81212158e+01 8.90517654e+01
    8.77187958e+01 8.94336319e+01 9.28692093e+01 9.11111526e+01
    9.06018829e+01 9.27615509e+01 9.16149445e+01 9.40245056e+01
    9.28186798e+01 9.31631088e+01 9.04355087e+01 9.40495377e+01
    9.38882828e+01 9.07867584e+01 9.00272217e+01 8.83063736e+01
    9.16818085e+01 9.15623703e+01 8.97733765e+01 9.21609039e+01
    9.25104523e+01 9.30836334e+01 9.11119156e+01 9.09408875e+01
    9.09232941e+01 9.00789948e+01 9.17985153e+01 9.30094299e+01
    9.14829483e+01 9.25824814e+01 8.85295944e+01 9.11240311e+01
    8.84179382e+01 9.06717453e+01 8.85774994e+01 8.81195374e+01
    9.13136139e+01 8.99474640e+01 8.97912064e+01 8.89475708e+01
    8.84103851e+01 8.95225677e+01 8.70233688e+01 8.92686768e+01
    8.79340973e+01 8.85757065e+01 8.76440353e+01 8.92398453e+01
    9.06691208e+01 8.86567688e+01 9.13590698e+01 9.10101318e+01
    9.36955338e+01 9.29224701e+01 9.01131744e+01 9.28808136e+01
    9.02276917e+01 9.27223511e+01 9.51213913e+01 9.38627625e+01
    9.54283981e+01 9.50723114e+01 9.06626205e+01 8.94872055e+01
    9.32154922e+01 8.88908691e+01 8.85627594e+01 8.74304504e+01
    9.12639084e+01 8.82547531e+01 8.69987793e+01 8.34633865e+01
    8.86691818e+01 8.80149078e+01 8.53385620e+01 8.56659164e+01
    8.79874725e+01 8.57292175e+01 8.75060501e+01 8.85207443e+01
    8.81273956e+01 8.62879944e+01 8.91514511e+01 8.78058701e+01
    8.72569427e+01 8.84651947e+01 8.63801727e+01 8.87996368e+01
    8.81870880e+01 8.89534073e+01 8.50797348e+01 8.95521393e+01
    9.03526382e+01 9.09620285e+01 8.87324600e+01 8.57550201e+01
    8.85897217e+01 8.98054886e+01 8.86304932e+01 8.61614990e+01
    8.79513245e+01 8.89486389e+01 8.86559525e+01 8.70289001e+01
    9.19742584e+01 8.77994385e+01 9.15190048e+01 8.84502792e+01
    8.98159790e+01 8.89436722e+01 9.04919891e+01 9.00384598e+01
    9.30790863e+01 9.05921631e+01 9.11234970e+01 9.03175201e+01
    9.04855652e+01 8.78402939e+01 9.00168533e+01 8.88703537e+01
    8.90839767e+01 9.00713043e+01 8.89883804e+01 8.99963531e+01
    8.85911331e+01 9.28389206e+01 9.15957413e+01 9.21773987e+01
    9.00117340e+01 9.39572144e+01 8.69213486e+01 8.88568344e+01
    9.34917374e+01 9.19094391e+01 9.10518341e+01 9.10698013e+01
    9.26830673e+01 9.06204224e+01 9.22877731e+01 9.23033600e+01
    8.90669708e+01 9.18863602e+01 9.01421204e+01 8.66455460e+01
    8.93550186e+01 8.83042450e+01 9.01690140e+01 8.78978729e+01
    8.86587143e+01 8.89632797e+01 8.66739807e+01 8.61268768e+01
    8.60637665e+01 8.74018097e+01 8.73006516e+01 8.74359512e+01
    8.81451569e+01 8.90199585e+01 9.00427551e+01 9.43186035e+01
    9.37348328e+01 9.25274582e+01 9.16317368e+01 9.52536011e+01
    9.35121002e+01 9.08691101e+01 9.35062256e+01 9.02467422e+01
    9.25308228e+01 9.21362991e+01 9.53126068e+01 9.26266098e+01
    9.48360901e+01 9.34178848e+01 9.57048874e+01 9.40921783e+01
    9.27991028e+01 9.18933487e+01 9.60363388e+01 9.40420914e+01
    9.39139328e+01 8.97373962e+01 9.38538513e+01 9.54323807e+01
    9.12024078e+01 9.30264664e+01 9.08629837e+01 9.05155640e+01
    9.00158997e+01 9.34838181e+01 9.30779953e+01 9.38619766e+01
    9.72088547e+01 9.40059586e+01 8.97755280e+01 9.32432098e+01
    9.33875427e+01 8.93540497e+01 8.71483994e+01 8.72267532e+01
    9.07707291e+01 8.91499634e+01 9.19265976e+01 8.98303604e+01
    8.80037918e+01 8.94354401e+01 8.65973663e+01 8.59572220e+01
    8.58494415e+01 8.85950470e+01 8.63336182e+01 8.64030609e+01
    8.90248489e+01 8.60561981e+01 8.59817581e+01 9.08077621e+01
    8.92189789e+01 8.81015015e+01 8.66975708e+01 8.64262466e+01
    8.69771652e+01 8.68456039e+01 8.76107559e+01 8.58609467e+01
    9.05724487e+01 8.51670532e+01 8.79372787e+01 9.16969604e+01
    8.82916565e+01 8.51153870e+01 9.01818924e+01 8.80629959e+01
    8.78219376e+01 8.65150681e+01 9.10980530e+01 9.18956985e+01
    8.75518875e+01 9.08027954e+01 9.01306076e+01 9.08726883e+01
    8.98692093e+01 9.50201492e+01 9.29968796e+01 9.28693771e+01
    9.73354568e+01 9.59845123e+01 9.46328888e+01 9.32650681e+01
    9.23269882e+01 9.10814285e+01 9.58821869e+01 9.15392914e+01
    8.83325043e+01 9.13797684e+01 9.01637955e+01 9.66663208e+01
    9.19443359e+01 8.75703659e+01 9.22374496e+01 9.17596207e+01
    9.63832855e+01 9.04104996e+01 9.35930634e+01 9.26572189e+01
    9.46221542e+01 8.90870209e+01 9.15071106e+01 9.15489883e+01
    9.06017609e+01 9.32332840e+01 8.78870926e+01 9.00817108e+01
    8.96524658e+01 8.71835022e+01 8.71783981e+01 9.50716400e+01
    9.05992432e+01 9.04115829e+01 8.88145981e+01 8.79922485e+01
    8.73143158e+01 8.62084274e+01 8.85542984e+01 9.09624329e+01
    9.05808868e+01 8.71775208e+01 8.95994568e+01 9.12052612e+01
    8.87727280e+01 9.19071884e+01 9.36814270e+01 9.24637833e+01
    9.47738571e+01 9.34450302e+01 9.26126404e+01 9.24311371e+01
    9.45364151e+01 9.23875961e+01 9.49199448e+01 9.26387100e+01
    9.23318405e+01 9.37417831e+01 9.12260590e+01 8.98331757e+01
    9.34035492e+01 8.79776077e+01 8.99451370e+01 8.82080078e+01
    8.92627792e+01 8.90150299e+01 8.48954697e+01 8.74125977e+01
    8.71354599e+01 8.80912399e+01 9.04948120e+01 8.99884186e+01
    8.83782578e+01 8.76403961e+01 9.04812317e+01 8.94119492e+01
    9.13137665e+01 8.91031036e+01 8.60690689e+01 8.91099701e+01
    8.87693405e+01 8.59437485e+01 8.98689880e+01 9.07793732e+01
    9.01295471e+01 8.96576309e+01 8.71568832e+01 9.05463715e+01
    9.09623871e+01 8.54278793e+01 8.71321411e+01 8.93269730e+01
    8.70575790e+01 8.75598907e+01 8.56046600e+01 8.58456650e+01
    9.01243057e+01 8.92194443e+01 8.75100784e+01 9.10171509e+01
    9.02756119e+01 8.35437927e+01 8.85822144e+01 8.98814392e+01
    8.91707687e+01 9.34566498e+01 9.19021835e+01 9.09339294e+01
    8.92743607e+01 9.25089798e+01 8.91197891e+01 9.22533188e+01
    8.82353287e+01 8.85077133e+01 9.10709152e+01 8.81019135e+01
    9.09139938e+01 8.83049774e+01 9.32774887e+01 9.34304276e+01
    9.61482010e+01 8.90743942e+01 9.32742615e+01 9.25001144e+01
    9.03973083e+01 9.01836777e+01 9.29303818e+01 9.16917725e+01
    8.93580017e+01 9.36687469e+01 9.01352844e+01 9.42202682e+01
    9.05646591e+01 9.03057861e+01 9.02700043e+01 8.96636963e+01
    9.03869705e+01 8.93386993e+01 8.95636826e+01 8.69705200e+01
    8.78786774e+01 8.95515060e+01 8.99220810e+01 8.85716782e+01
    8.77374725e+01 8.70294495e+01 8.65717621e+01 8.76861267e+01
    8.77207718e+01 8.51925430e+01 8.52740402e+01 9.04573822e+01
    9.07782822e+01 8.87676468e+01 8.90952988e+01 8.98687210e+01
    9.23336182e+01 9.21912537e+01 9.34037933e+01 9.08476562e+01
    9.24804688e+01 9.52427902e+01 9.44963303e+01 9.68412628e+01
    9.64887390e+01 9.37074280e+01 9.47292633e+01 9.31971741e+01
    9.12322617e+01 9.19928589e+01 9.25280762e+01 9.21305237e+01
    9.68298187e+01 9.16911850e+01 9.31831741e+01 9.19825439e+01
    9.38833771e+01 9.36990814e+01 9.38164825e+01 9.06872025e+01
    8.94094238e+01 9.12111816e+01 9.19130325e+01 9.33121567e+01
    9.25121536e+01 9.38563995e+01 9.23859940e+01 9.04749908e+01
    9.27929382e+01 8.99827423e+01 8.76643372e+01 9.18770981e+01
    9.02192535e+01 9.07456055e+01 9.31521835e+01 9.27916412e+01
    8.83178940e+01 8.80087585e+01 9.00623932e+01 8.88795776e+01
    9.00737228e+01 8.33524475e+01 8.93705673e+01 8.60069885e+01
    8.63839340e+01 8.72834625e+01 8.96019135e+01 8.41062927e+01
    8.97693481e+01 9.07152176e+01 8.60416412e+01 8.80083771e+01
    9.04643250e+01 8.86392670e+01 8.59938278e+01 8.93811569e+01
    8.86413727e+01 8.96407852e+01 9.34210510e+01 9.02618790e+01
    8.68109589e+01 9.14794464e+01 8.66870041e+01 8.82365417e+01
    8.84194336e+01 8.81259613e+01 8.87438431e+01 9.30720901e+01
    8.90288849e+01 8.64498367e+01 8.99439697e+01 8.81520081e+01
    8.76967087e+01 8.87300491e+01 9.12540436e+01 9.02498550e+01
    9.25926208e+01 9.41640701e+01 9.38610535e+01 9.39300385e+01
    9.64328918e+01 9.52905579e+01 9.22126541e+01 9.37832336e+01
    9.39943619e+01 9.13046646e+01 9.02856369e+01 9.34777756e+01
    8.99783325e+01 9.06775208e+01 9.21020126e+01 9.10579910e+01
    9.09664307e+01 9.23295441e+01 9.16146088e+01 8.96123962e+01
    8.87485046e+01 9.13597183e+01 8.93188629e+01 9.13915100e+01
    9.01315918e+01 8.71155090e+01 8.94314651e+01 9.21632690e+01
    8.92550430e+01 8.69937286e+01 8.72648163e+01 9.02874756e+01
    8.88450470e+01 9.09193039e+01 9.11615601e+01 9.02143631e+01
    8.80732193e+01 8.88959198e+01 8.65940857e+01 8.64946671e+01
    8.63236160e+01 9.19601212e+01 8.85437241e+01 9.26855698e+01
    9.01497879e+01 9.13603745e+01 9.30060043e+01 8.85811691e+01
    9.10012894e+01 9.39842834e+01 9.35271606e+01 8.91048660e+01
    9.24371643e+01 9.25391998e+01 9.46564407e+01 9.19691238e+01
    9.49417648e+01 9.20221481e+01 8.80048370e+01 9.02268753e+01
    8.74745865e+01 8.80296097e+01 8.95807190e+01 8.78429337e+01
    8.90847473e+01 9.22589188e+01 8.56284790e+01 8.84457550e+01
    8.97757187e+01 8.54617386e+01 8.83322372e+01 8.73623428e+01
    8.86116562e+01 8.44996719e+01 8.95730820e+01 8.82321548e+01
    8.86420364e+01 8.56078186e+01 8.91483078e+01 8.67912140e+01
    8.79812088e+01 8.84986267e+01 8.96355972e+01 8.63877792e+01
    9.10907440e+01 8.96312256e+01 8.82806473e+01 8.93909760e+01
    8.67432404e+01 8.93806763e+01 8.30101929e+01 8.53466873e+01
    8.42112274e+01 8.66722794e+01 8.74926910e+01 8.88122177e+01
    8.66859207e+01 8.85951309e+01 9.03384705e+01 9.28186111e+01
    8.57570190e+01 9.43656921e+01 8.95216827e+01 9.08427582e+01
    8.78223114e+01 8.98034058e+01 9.03296738e+01 9.42600021e+01
    9.34928894e+01 9.16290512e+01 9.18065948e+01 9.50287781e+01
    9.03344269e+01 9.19541626e+01 9.09754486e+01 8.88245087e+01
    9.12030716e+01 9.05816193e+01 9.12592392e+01 9.05458908e+01
    9.15136948e+01 9.37772675e+01 9.52875366e+01 9.27244949e+01
    9.28177872e+01 9.03390045e+01 9.15351257e+01 8.62903366e+01
    9.19852676e+01 8.94104614e+01 9.37073517e+01 9.13916550e+01
    9.14652405e+01 9.10928726e+01 8.93098984e+01 9.15553131e+01
    9.33643723e+01 8.81232529e+01 9.00080872e+01 8.75912781e+01
    8.90270615e+01 8.94835739e+01 8.89629745e+01 9.05339661e+01
    8.90457764e+01 8.86465836e+01 8.70702362e+01 8.99917145e+01
    8.73949966e+01 8.94963455e+01 8.66041412e+01 8.82476425e+01
    8.91014709e+01 9.26861725e+01 9.18813782e+01 9.09603729e+01
    9.11534805e+01 9.12617798e+01 9.36659012e+01 9.15982437e+01
    8.98095169e+01 8.74894562e+01 9.34216003e+01 9.36261902e+01
    9.17217941e+01 9.35457153e+01 9.38491516e+01 9.11993103e+01
    9.14306107e+01 9.33221283e+01 9.10317612e+01 9.10267639e+01
    9.48506775e+01 9.05538101e+01 8.78584137e+01 9.61539688e+01
    9.21454697e+01 9.10594864e+01 8.91689453e+01 8.89419632e+01
    9.12982635e+01 8.97107391e+01 9.11478348e+01 9.02038956e+01
    9.29497986e+01 9.10867691e+01 8.88236313e+01 9.64612122e+01
    8.97408371e+01 9.23196793e+01 9.01970978e+01 9.48497086e+01
    8.86637268e+01 9.02132645e+01 8.86357956e+01 8.69462967e+01
    8.85842438e+01 9.02646866e+01 9.39773941e+01 8.90846405e+01
    8.93495789e+01 8.46597824e+01 9.00815353e+01 8.51694794e+01
    8.64152679e+01 8.54486008e+01 8.67690887e+01 8.47788544e+01
    8.67674408e+01 8.56725998e+01 8.68878403e+01 8.64595566e+01
    8.72478867e+01 8.45356979e+01 8.99116364e+01 8.64735641e+01
    8.72657242e+01 8.85637512e+01 9.12082291e+01 8.98220139e+01
    9.17770233e+01 8.74815598e+01 8.73898468e+01 8.86918488e+01
    8.54250259e+01 8.72685089e+01 8.78489609e+01 8.88949814e+01
    8.85701675e+01 9.06442413e+01 9.05042419e+01 8.79877167e+01
    8.88839722e+01 8.71903305e+01 8.92616882e+01 8.73074188e+01
    9.00953293e+01 9.01048431e+01 9.07990646e+01 9.22143402e+01
    9.37898407e+01 9.56977310e+01 9.10319748e+01 9.22076645e+01
    9.23461151e+01 9.39070663e+01 9.12647934e+01 9.41672592e+01
    9.14193726e+01 9.07385483e+01 9.14142609e+01 9.32917633e+01
    9.07207642e+01 8.75825195e+01 9.03154373e+01 8.84027634e+01
    9.09880753e+01 9.20120544e+01 8.90941086e+01 9.00680466e+01
    8.99817963e+01 8.76443634e+01 8.84369049e+01 8.94780197e+01
    8.87140579e+01 8.67664948e+01 9.20352631e+01 8.78374176e+01
    8.82289734e+01 8.89852448e+01 8.98965912e+01 9.04647369e+01
    8.96359177e+01 9.02736816e+01 8.93138504e+01 8.83716583e+01
    8.73268890e+01 8.86844864e+01 8.68143997e+01 9.16539230e+01
    8.88964157e+01 9.11486740e+01 9.22817230e+01 9.41582184e+01
    8.99659805e+01 9.25571671e+01 9.38078842e+01 9.35597534e+01
    9.37881241e+01 9.59085388e+01 9.31073074e+01 9.49582367e+01
    9.42594070e+01 9.50564423e+01 9.52177582e+01 9.47679672e+01
    9.04634399e+01 9.06937866e+01 9.07175064e+01 8.96022949e+01
    9.22750854e+01 8.82762375e+01 8.97223129e+01 8.89300613e+01
    9.08875961e+01 8.59924927e+01 8.47415390e+01 8.71978912e+01
    8.63954010e+01 8.75856781e+01 8.81323395e+01 8.65392914e+01
    8.46158829e+01 8.68873062e+01 8.90072632e+01 8.70042191e+01
    8.75307846e+01 8.48775558e+01 8.45208511e+01 8.73091507e+01
    8.84701462e+01 8.70771332e+01 8.81263046e+01 8.93936996e+01
    8.97442703e+01 8.80906067e+01 8.43092346e+01 8.53551025e+01
    8.59858932e+01 8.69098663e+01 8.40254745e+01 8.87543869e+01
    8.66290436e+01 8.78220291e+01 8.70943527e+01 8.66869431e+01
    8.93174744e+01 8.96958389e+01 9.00068207e+01 9.07930679e+01
    8.78091202e+01 8.80802002e+01 8.68693161e+01 8.92418518e+01
    8.83595581e+01 8.95883713e+01 9.45169907e+01 9.29227829e+01
    9.41450500e+01 8.93787613e+01 9.21500244e+01 9.09934387e+01
    9.02951965e+01 9.09548111e+01 9.32220993e+01 9.07652512e+01
    9.14349823e+01 9.06186523e+01 9.00693893e+01 9.14846725e+01
    9.05211182e+01 9.26946945e+01 9.06333160e+01 9.26774445e+01
    9.23485336e+01 9.01514740e+01 9.12981720e+01 9.28806000e+01
    9.16236420e+01 8.82158813e+01 9.24542007e+01 9.15690536e+01
    9.35846558e+01 9.15478668e+01 9.16938400e+01 8.77363434e+01
    9.16011887e+01 9.18401794e+01 8.90275192e+01 8.69172974e+01
    8.89737778e+01 9.27962799e+01 8.73717117e+01 8.58071289e+01
    8.60345459e+01 8.88264847e+01 8.72826080e+01 9.06007614e+01
    8.45690918e+01 8.77594833e+01 8.99991684e+01 9.11172256e+01
    9.34996796e+01 9.34315414e+01 9.14494019e+01 9.41580353e+01
    9.66833954e+01 9.33582916e+01 9.15535812e+01 9.33128281e+01
    9.34536362e+01 9.42260056e+01 9.56465225e+01 9.37367706e+01
    9.48035126e+01 9.68938828e+01 9.43049011e+01 9.53958282e+01
    9.47743683e+01 9.38269043e+01 9.17394180e+01 9.28323441e+01
    9.41227188e+01 9.22704849e+01 9.25403900e+01 9.05264053e+01
    9.02066803e+01 9.22423630e+01 9.11168747e+01 8.90820236e+01
    8.70921173e+01 8.97879868e+01 9.01855011e+01 9.32114334e+01
    8.79603348e+01 9.00641785e+01 9.23422699e+01 9.19191818e+01
    8.98061295e+01 9.17362671e+01 8.75446243e+01 8.64610519e+01
    8.97287521e+01 8.63390274e+01 8.70748596e+01 8.80469894e+01
    8.67450638e+01 8.65657196e+01 8.93308411e+01 8.74959717e+01
    8.89533463e+01 8.57402344e+01 8.54511337e+01 8.44510956e+01
    8.57913437e+01 8.42474747e+01 8.57940445e+01 8.54109879e+01
    8.62857056e+01 8.88816299e+01 8.93177185e+01 8.64689255e+01
    8.88012619e+01 8.64744644e+01 8.86025009e+01 8.92764206e+01
    8.68406296e+01 9.04766159e+01 9.45859375e+01 9.03156128e+01
    9.19157333e+01 8.54921188e+01 8.65682297e+01 8.71505280e+01
    8.76955566e+01 8.49363174e+01 8.75426941e+01 9.06252899e+01
    8.73188171e+01 9.13567963e+01 8.80472565e+01 8.87792664e+01
    8.88855057e+01 8.77952881e+01 8.99766617e+01 8.96404877e+01
    9.16248398e+01 8.96485672e+01 9.12555466e+01 9.15391769e+01
    9.55976791e+01 9.44407806e+01 9.25689087e+01 9.02908478e+01
    9.43060303e+01 9.29410706e+01 9.36789703e+01 9.17991028e+01
    8.88699493e+01 8.84038315e+01 8.98966827e+01 9.27046585e+01
    9.10252609e+01 9.18202820e+01 9.38945618e+01 9.18654022e+01
    9.14379196e+01 8.91029205e+01 9.12318268e+01 9.00596466e+01
    8.93238525e+01 8.95981064e+01 8.73272095e+01 8.95517960e+01
    8.71434479e+01 8.80606689e+01 8.69765625e+01 9.17043457e+01
    9.06458282e+01 9.13847504e+01 9.05816269e+01 9.26183090e+01
    8.73316345e+01 8.87221222e+01 8.77014465e+01 9.04612732e+01
    8.82291031e+01 9.25987549e+01 9.18353653e+01 9.09680405e+01
    9.45841064e+01 9.08814545e+01 9.29896011e+01 9.08234100e+01
    9.31901321e+01 9.18680420e+01 9.11483154e+01 9.19668198e+01
    9.22121887e+01 9.34715652e+01 9.47600861e+01 9.60673599e+01
    9.60078506e+01 9.41350250e+01 9.44946289e+01 8.92992554e+01
    9.19352646e+01 8.95136337e+01 9.12557602e+01 8.99755249e+01
    8.72266541e+01 8.95178223e+01 8.79421005e+01 8.60292892e+01
    8.50269547e+01 8.52900620e+01 8.88130341e+01 8.88623962e+01
    8.69041595e+01 8.48813553e+01 8.56528854e+01 8.75086136e+01
    8.30333710e+01 8.32972488e+01 8.57477646e+01 8.47194901e+01
    8.56519928e+01 8.79539490e+01 8.60994873e+01 8.63875122e+01
    8.84651337e+01 8.77189178e+01 8.98156815e+01 8.73704071e+01
    8.75170517e+01 8.56614532e+01 8.86591263e+01 8.64674072e+01
    8.55143127e+01 8.65916138e+01 8.40651474e+01 8.61897736e+01
    8.73214264e+01 8.89262238e+01 8.64625854e+01 8.85554123e+01
    8.68682785e+01 8.81802444e+01 8.93767319e+01 8.96446228e+01
    8.97821426e+01 8.89670563e+01 8.99286118e+01 9.25988998e+01
    9.00245743e+01 9.30714645e+01 9.15545197e+01 9.22061691e+01
    9.23754654e+01 8.87842712e+01 8.69310379e+01 9.05870895e+01
    9.10814667e+01 8.94066925e+01 9.27897415e+01 9.05830078e+01
    8.97566452e+01 9.08506927e+01 9.60554428e+01 9.18271332e+01
    9.52856369e+01 9.07491074e+01 9.13781357e+01 9.26735687e+01
    8.95212555e+01 9.27072983e+01 9.15415268e+01 9.22508850e+01
    9.15033112e+01 9.36727676e+01 9.34226913e+01 9.29098129e+01
    9.09082336e+01 9.12483444e+01 9.05942535e+01 9.16825409e+01
    9.00596313e+01 9.23199692e+01 8.94318695e+01 8.87741013e+01
    9.09453506e+01 8.85086136e+01 8.95589523e+01 8.65001678e+01
    8.61206970e+01 8.77940674e+01 8.78124771e+01 8.65234299e+01
    8.93186340e+01 9.01161270e+01 9.18013687e+01 9.47862015e+01
    9.34864502e+01 9.31789246e+01 9.30965042e+01 9.56002274e+01
    9.21612625e+01 9.13425980e+01 9.19878311e+01 9.48158035e+01
    9.79105759e+01 9.83445053e+01 9.57046661e+01 9.18478317e+01
    9.45335922e+01 9.25093460e+01 9.43631973e+01 9.25733490e+01
    9.13690948e+01 9.25165482e+01 9.09793549e+01 8.90806580e+01
    9.16603241e+01 9.14230118e+01 8.91472626e+01 8.95382080e+01
    8.88878098e+01 8.79468765e+01 8.82224197e+01 8.80453568e+01
    8.77407379e+01 8.96373444e+01 9.30089569e+01 8.97790604e+01
    9.13222961e+01 8.73463287e+01 8.92372742e+01 8.82137299e+01
    8.90351028e+01 8.58901596e+01 8.70199127e+01 8.55592728e+01
    8.48616409e+01 8.97394867e+01 9.18944626e+01 8.53633423e+01
    8.93807068e+01 8.63210907e+01 8.51663208e+01 8.56907654e+01
    8.51554947e+01 8.55535278e+01 8.49035034e+01 8.48840942e+01
    8.72395477e+01 8.66248627e+01 8.60862427e+01 8.44592972e+01
    9.06860428e+01 8.77630539e+01 8.69688339e+01 8.76314850e+01
    8.64248352e+01 8.71679001e+01 8.84076309e+01 9.36248016e+01
    8.84014969e+01 9.09352798e+01 9.04481964e+01 8.61832123e+01
    8.65241623e+01 8.67133255e+01 8.62447205e+01 8.86974106e+01
    8.85400467e+01 8.71573715e+01 8.63453293e+01 8.90206833e+01
    8.75521011e+01 8.77825012e+01 9.03634949e+01 8.45096054e+01
    8.98255920e+01 9.05276184e+01 8.55877075e+01 8.92765198e+01
    9.32027740e+01 9.30145645e+01 9.07607040e+01 9.19755707e+01
    9.20500336e+01 9.18162308e+01 9.22898026e+01 9.28153458e+01
    9.27999268e+01 9.07744064e+01 9.20213852e+01 9.06404877e+01
    9.21299591e+01 9.11088486e+01 9.04398346e+01 8.98928528e+01
    9.23122177e+01 9.27373657e+01 8.95878143e+01 9.07896805e+01
    9.15547409e+01 8.96612778e+01 8.96685181e+01 9.20857315e+01
    8.79386063e+01 8.44598160e+01 8.86878128e+01 8.99183884e+01
    8.80240173e+01 8.84942169e+01 9.29795074e+01 9.03600311e+01
    8.95244522e+01 8.78062897e+01 9.00988235e+01 9.20607376e+01
    8.84829330e+01 8.71564102e+01 8.86182022e+01 9.26882248e+01
    9.39631271e+01 9.16540375e+01 9.20696106e+01 9.47457581e+01
    9.56998367e+01 9.11221924e+01 9.37690964e+01 9.40313187e+01
    9.31837845e+01 9.12057877e+01 9.46166458e+01 9.24451599e+01
    9.56208267e+01 9.76069412e+01 9.58795471e+01 9.38746109e+01
    9.30669479e+01 9.12128983e+01 9.29658051e+01 8.95473251e+01
    9.09325867e+01 8.82431488e+01 9.04205170e+01 8.70119934e+01
    8.78087616e+01 8.69377747e+01 8.63930283e+01 8.73587723e+01
    8.81757431e+01 8.72966537e+01 8.78456421e+01 8.59004364e+01
    8.24777832e+01 8.49960632e+01 8.97854919e+01 8.23570557e+01
    8.39432449e+01 8.59039993e+01 8.75893402e+01 8.68918533e+01
    8.54664841e+01 9.01409988e+01 9.00806427e+01 8.62181473e+01
    8.54823074e+01 8.89802017e+01 8.61499100e+01 8.54161377e+01
    8.85608215e+01 8.38123932e+01 8.79359741e+01 8.58001633e+01
    8.76009598e+01 8.71916351e+01 8.86470718e+01 9.18691788e+01
    8.92153168e+01 8.53835602e+01 8.65095291e+01 8.85655060e+01
    8.82557373e+01 8.98042374e+01 8.72459106e+01 9.09882660e+01
    8.75114212e+01 9.20001373e+01 9.27407684e+01 9.40088425e+01
    9.28412704e+01 8.99211731e+01 9.32923279e+01 8.88325882e+01
    8.89855576e+01 9.19129791e+01 8.88548203e+01 9.10925446e+01
    8.89913025e+01 9.11630325e+01 8.92331085e+01 9.45140762e+01
    9.43200150e+01 9.53820496e+01 9.28123016e+01 9.17056427e+01
    9.03149033e+01 9.37299423e+01 9.21403275e+01 9.27771149e+01
    9.00307693e+01 9.11126633e+01 9.35057373e+01 9.09409943e+01
    9.03806992e+01 9.35139923e+01 8.80126190e+01 9.02980042e+01
    8.69906540e+01 8.91331482e+01 8.97509766e+01 8.69789352e+01
    9.08918533e+01 8.93286591e+01 9.20048294e+01 8.57030640e+01
    8.93969955e+01 8.80214920e+01 8.78698807e+01 8.78917618e+01
    9.06659851e+01 8.66174088e+01 8.81871719e+01 9.48185730e+01
    9.04960403e+01 9.05533218e+01 9.40995941e+01 9.49613419e+01
    9.47075272e+01 9.30382462e+01 9.11570969e+01 9.00798798e+01
    9.38432388e+01 9.74665680e+01 9.50488434e+01 9.17755661e+01
    9.54772186e+01 9.28568268e+01 9.62298508e+01 9.31829147e+01
    9.05976105e+01 9.30367813e+01 9.03475494e+01 8.89482498e+01
    9.50120773e+01 8.96592484e+01 8.71100006e+01 9.03958511e+01
    9.23736649e+01 8.73612595e+01 9.04032898e+01 8.96662521e+01
    8.59094162e+01 8.71648941e+01 8.79731598e+01 8.93462143e+01
    9.40311050e+01 9.04730377e+01 8.96275787e+01 9.01216125e+01
    9.08948364e+01 8.56631317e+01 8.59035721e+01 8.59691544e+01
    8.71482544e+01 8.61183395e+01 8.89903793e+01 8.64271545e+01
    9.07912674e+01 8.89701004e+01 8.64650040e+01 8.73998642e+01
    8.72293015e+01 8.65246964e+01 8.57296600e+01 8.48802872e+01
    8.36125031e+01 8.64889297e+01 8.58815308e+01 8.59235764e+01
    8.88274460e+01 8.85478516e+01 8.70752640e+01 8.75911560e+01
    8.56733017e+01 9.04314423e+01 9.02019882e+01 9.16339493e+01
    8.81599579e+01 8.79997559e+01 9.13672256e+01 9.11761551e+01
    9.01048050e+01 8.75028381e+01 8.70917816e+01 8.65879135e+01
    8.99620667e+01 8.95266113e+01 8.83598251e+01 8.60850296e+01
    8.99586639e+01 9.05835724e+01 8.79457779e+01 8.70964813e+01
    8.90321579e+01 8.63594055e+01 9.08470764e+01 8.75117111e+01
    9.08491669e+01 8.97321777e+01 9.12081680e+01 9.31293564e+01
    9.35932617e+01 9.19581985e+01 9.08105164e+01 8.99610748e+01
    9.21586227e+01 9.18233490e+01 9.17448502e+01 9.33917389e+01
    9.18969727e+01 9.21086960e+01 9.08898239e+01 9.20953827e+01
    8.89830933e+01 8.92538528e+01 9.18475037e+01 9.25657730e+01
    9.26088333e+01 9.05048599e+01 9.02612991e+01 9.03174896e+01
    9.24905090e+01 8.88994598e+01 9.16747818e+01 9.37908478e+01
    9.21846542e+01 8.70728302e+01 8.91441727e+01 8.96349335e+01
    9.03070984e+01 9.17854385e+01 9.33567123e+01 9.37327423e+01
    8.88662872e+01 9.05961838e+01 8.64700546e+01 8.81653671e+01
    9.15316086e+01 9.24148865e+01 9.37373199e+01 9.42775803e+01
    9.04386749e+01 9.29471893e+01 9.46433258e+01 9.50107803e+01
    9.28458481e+01 9.78337250e+01 9.24285049e+01 9.29522629e+01
    9.29451370e+01 9.41605072e+01 9.26451874e+01 9.51849823e+01
    9.55102539e+01 9.39191742e+01 9.55682373e+01 9.21783371e+01
    9.34000626e+01 9.34465485e+01 9.13143921e+01 9.28216934e+01
    9.20205841e+01 9.03944168e+01 9.13784943e+01 8.76062698e+01
    8.97384949e+01 8.93015442e+01 9.05464249e+01 8.73899612e+01
    9.02313004e+01 8.81722565e+01 8.85191650e+01 8.75931015e+01
    8.67486572e+01 8.66292877e+01 8.61830292e+01 8.41187134e+01
    8.41480637e+01 8.47062988e+01 8.48637390e+01 8.64958191e+01
    8.47608795e+01 8.95361557e+01 8.85936279e+01 8.55787888e+01
    8.92629242e+01 8.74011993e+01 8.62263794e+01 8.57180710e+01
    9.07797623e+01 8.76006851e+01 8.64534149e+01 9.27896652e+01
    8.84458618e+01 9.00720596e+01 8.97684250e+01 8.88403702e+01
    8.93002472e+01 9.13208466e+01 8.89876709e+01 8.88402481e+01
    8.99453964e+01 9.20437088e+01 9.18183594e+01 9.11188126e+01
    9.52878799e+01 8.99091568e+01 9.06722031e+01 9.21074371e+01
    9.02678680e+01 8.95909729e+01 9.23698196e+01 9.03543243e+01
    8.90986023e+01 9.17143860e+01 9.42096786e+01 9.13262100e+01
    8.85162125e+01 9.30812759e+01 9.29957962e+01 9.38628006e+01
    8.95979004e+01 9.37409058e+01 9.18374710e+01 9.18850250e+01
    9.22144547e+01 9.49279175e+01 9.31801834e+01 8.92964630e+01
    9.18710709e+01 9.40917130e+01 9.10174408e+01 9.20988693e+01
    9.36349182e+01 9.00228424e+01 8.91679077e+01 8.56849518e+01
    8.95104065e+01 8.74466934e+01 8.84778671e+01 8.67597427e+01
    8.76769791e+01 8.95997925e+01 8.79630280e+01 8.73689880e+01
    8.62061005e+01 8.69986649e+01 8.78032913e+01 8.74341202e+01
    9.04679718e+01 8.76838150e+01 9.09910507e+01 8.95328217e+01
    9.22197189e+01 9.39577866e+01 9.27804184e+01 9.18987732e+01
    9.51715775e+01 9.15105667e+01 9.12862701e+01 9.40473557e+01
    9.00285568e+01 9.43949051e+01 9.31051559e+01 9.21192780e+01
    9.48065643e+01 9.34744110e+01 9.35073700e+01 9.57890091e+01
    9.33340225e+01 9.18939056e+01 9.39251709e+01 9.17891617e+01
    9.35904999e+01 9.14803009e+01 9.08716202e+01 8.91494675e+01
    9.17269745e+01 9.30060730e+01 8.71991272e+01 9.09544373e+01
    9.23812485e+01 8.96686020e+01 9.16972351e+01 9.15238876e+01
    9.09352417e+01 8.68599167e+01 8.87080002e+01 8.76850815e+01
    8.53491364e+01 8.48979645e+01 8.66413269e+01 8.68263626e+01
    8.97465286e+01 8.65916824e+01 9.18352890e+01 8.72053528e+01
    8.98111267e+01 8.53318024e+01 8.54951248e+01 8.85643158e+01
    8.89539032e+01 8.69760513e+01 8.44178543e+01 8.42457809e+01
    8.65760422e+01 8.56232300e+01 8.75554810e+01 8.67516937e+01
    8.59549637e+01 8.77006149e+01 9.09810181e+01 8.83144836e+01
    8.83222122e+01 8.93675766e+01 8.94850616e+01 9.17845993e+01
    9.41020050e+01 9.13234177e+01 9.34711838e+01 9.00240402e+01
    8.87175751e+01 8.91151962e+01 9.06213379e+01 8.89247284e+01
    8.71815567e+01 8.64932938e+01 9.02338409e+01 8.79063721e+01
    8.68369751e+01 8.99288483e+01 8.80626526e+01 8.93809433e+01
    9.05140457e+01 9.00480042e+01 9.03733749e+01 8.95853500e+01
    9.38434067e+01 9.00695801e+01 9.46697464e+01 9.06330566e+01
    9.23522491e+01 9.54547882e+01 9.23397522e+01 9.02569885e+01
    9.04716873e+01 9.20519028e+01 9.20982285e+01 9.34169998e+01
    9.20774231e+01 9.37912521e+01 9.22548828e+01 9.22722015e+01
    9.22114868e+01 9.25411987e+01 9.00872192e+01 9.18888702e+01
    8.93057938e+01 9.10526047e+01 9.26067581e+01 9.32104416e+01
    9.14144821e+01 9.13177109e+01 9.11538925e+01 9.24247971e+01
    8.86340485e+01 9.07574692e+01 9.16116943e+01 9.43869171e+01
    9.12287979e+01 8.98215485e+01 8.66844025e+01 8.86001968e+01
    8.78120804e+01 8.93808975e+01 9.31054153e+01 8.96347046e+01
    9.22931442e+01 9.51098633e+01 9.00825729e+01 9.04036713e+01
    9.10897751e+01 9.18983231e+01 8.87931213e+01 9.38160248e+01
    9.00732727e+01 9.09023514e+01 9.06378555e+01 9.00509567e+01
    9.35955276e+01 9.21209030e+01 9.57190781e+01 9.56111374e+01
    9.38143921e+01 9.02795639e+01 9.08439636e+01 9.06601639e+01
    9.08630447e+01 9.06047287e+01 9.09838791e+01 8.98301392e+01
    8.81355972e+01 8.70537109e+01 8.75521164e+01 8.92958603e+01
    8.87383881e+01 9.00305634e+01 8.83935852e+01 8.80332489e+01
    8.38727341e+01 8.64004669e+01 8.68023529e+01 8.38574982e+01
    8.65553055e+01 8.37250900e+01 8.53431015e+01 8.52341766e+01
    8.49716568e+01 8.88074722e+01 8.98813782e+01 8.40823441e+01
    8.59314651e+01 8.60090561e+01 8.55705109e+01 8.49820709e+01
    8.73452835e+01 8.80184937e+01 8.84895935e+01 8.73743439e+01
    8.87305603e+01 9.21323318e+01 8.86704483e+01 8.92325287e+01
    9.13682251e+01 8.69929733e+01 8.94137573e+01 8.88544769e+01
    8.66782150e+01 8.59953079e+01 8.93280716e+01 8.99348907e+01
    8.94768066e+01 9.20163651e+01 9.35646515e+01 9.01778793e+01
    9.05196838e+01 9.10875168e+01 8.66133194e+01 8.93630142e+01
    9.07940369e+01 8.99208755e+01 8.76865540e+01 9.23793182e+01
    8.80300903e+01 8.83880310e+01 9.28430786e+01 9.19356613e+01
    9.42783279e+01 9.54885254e+01 9.16984940e+01 8.98422928e+01
    9.29358292e+01 9.21538010e+01 9.34980927e+01 9.26072998e+01
    8.95399704e+01 9.26892929e+01 9.35239716e+01 9.23007736e+01
    9.20543213e+01 9.32109070e+01 9.44111023e+01 9.04180298e+01
    9.00462570e+01 9.19716721e+01 9.08258057e+01 8.78240738e+01
    8.98920364e+01 9.25564728e+01 8.76844482e+01 8.88003540e+01
    8.65635681e+01 8.73628845e+01 8.71674728e+01 8.94177704e+01
    8.83190613e+01 8.81042023e+01 9.05883636e+01 8.64736862e+01
    9.31580658e+01 9.29520950e+01 9.25703964e+01 9.24689178e+01
    9.36498871e+01 9.24069824e+01 9.20278702e+01 9.02681732e+01
    9.24153900e+01 9.17385330e+01 9.24871063e+01 9.37132568e+01
    9.29555893e+01 9.24938812e+01 9.00922699e+01 9.38240585e+01
    9.23909988e+01 9.08448639e+01 9.21208725e+01 9.26944046e+01
    9.31242065e+01 9.29654999e+01 9.08811417e+01 8.99768982e+01
    9.13985825e+01 9.06377716e+01 9.01863632e+01 8.96890564e+01
    9.32841492e+01 8.89985733e+01 9.04872360e+01 8.84296570e+01
    9.53115997e+01 9.11802826e+01 9.36705399e+01 8.91604004e+01
    9.24130173e+01 9.07559128e+01 8.70090256e+01 8.72876740e+01
    8.78174667e+01 8.67816010e+01 8.91967850e+01 9.09033813e+01
    9.05218735e+01 8.92044373e+01 8.74503250e+01 8.71173401e+01
    8.75173264e+01 9.15533600e+01 8.94093552e+01 8.54041824e+01
    8.72059479e+01 8.85107346e+01 8.96321487e+01 9.14825287e+01
    9.12121429e+01 9.15140533e+01 9.00350800e+01 8.93385925e+01
    9.01166534e+01 8.78510666e+01 8.86109390e+01 8.68351822e+01
    9.03363113e+01 8.81908417e+01 9.04765930e+01 9.22327499e+01
    9.06601410e+01 9.18424149e+01 8.87124786e+01 8.89100266e+01
    8.78625641e+01 9.09053955e+01 8.74618759e+01 8.98713303e+01
    9.13337021e+01 8.74799500e+01 8.65749512e+01 8.75660400e+01
    8.92525024e+01 9.08203278e+01 8.95700912e+01 9.27705688e+01
    9.46562042e+01 9.18720398e+01 9.16610489e+01 9.54200897e+01
    9.61177750e+01 9.18987656e+01 9.13795013e+01 9.27548294e+01
    9.18883896e+01 9.47810898e+01 9.07916031e+01 9.41723480e+01
    9.31967468e+01 9.27498932e+01 8.90910873e+01 9.20624924e+01
    9.44257355e+01 9.31233139e+01 9.23118439e+01 9.11655045e+01
    9.44074249e+01 9.09124985e+01 9.17131653e+01 8.98292160e+01
    9.29091263e+01 9.06805344e+01 9.12050781e+01 9.48638840e+01
    9.29474716e+01 9.15868378e+01 9.16543121e+01 9.25335693e+01
    9.18554153e+01 9.35152969e+01 9.25282135e+01 8.92097015e+01
    9.07358017e+01 9.22113724e+01 9.13512344e+01 8.74752350e+01
    9.24174652e+01 9.24116516e+01 9.35658112e+01 9.05246429e+01
    9.01058960e+01 9.01557999e+01 8.99335251e+01 8.62072525e+01
    8.99650650e+01 8.86754837e+01 8.91696701e+01 9.14702759e+01
    9.03163605e+01 9.06977768e+01 9.53361588e+01 9.47411728e+01
    9.38939133e+01 9.60021820e+01 9.36097260e+01 8.94164124e+01
    9.00533295e+01 8.92192383e+01 9.10863495e+01 8.75056229e+01
    8.93768005e+01 9.07813187e+01 9.19232330e+01 8.69785614e+01
    8.70332489e+01 9.01370239e+01 9.10110397e+01 8.77019424e+01
    8.87534256e+01 8.61958847e+01 8.71363754e+01 8.69205399e+01
    8.64216537e+01 8.84533768e+01 8.81068802e+01 8.71882782e+01
    8.54193726e+01 8.64499969e+01 8.64635696e+01 8.54952927e+01
    8.85753937e+01 8.80912933e+01 8.71881027e+01 8.68759003e+01
    8.56029205e+01 8.47864685e+01 8.58949432e+01 8.49847488e+01
    8.76529312e+01 8.83965530e+01 8.90407867e+01 8.67812347e+01
    8.72057419e+01 8.93175278e+01 8.68710022e+01 8.95958557e+01
    8.61747437e+01 8.83356781e+01 8.70937271e+01 9.09012375e+01
    8.54743958e+01 8.97072449e+01 9.37830734e+01 8.94542999e+01
    9.24247589e+01 8.92210770e+01 8.66093521e+01 9.08747559e+01
    8.98672943e+01 8.86096268e+01 8.74273300e+01 8.85728455e+01
    8.49104385e+01 8.85789108e+01 8.98995132e+01 8.89950333e+01
    8.91052399e+01 8.97525177e+01 9.06824265e+01 9.18153839e+01
    9.23605652e+01 9.25839310e+01 9.27217102e+01 8.96557159e+01
    8.95568619e+01 9.42533493e+01 8.97643585e+01 9.06050568e+01
    9.02994003e+01 9.48507690e+01 8.99838715e+01 9.21025925e+01
    9.30202332e+01 9.08265915e+01 9.09547653e+01 9.05686722e+01
    8.87036209e+01 8.97020721e+01 8.91539230e+01 9.12460098e+01
    8.93687363e+01 8.93270874e+01 8.88037872e+01 8.49249420e+01
    8.99870224e+01 8.75589828e+01 8.57403564e+01 8.97019119e+01
    8.66733017e+01 8.91603928e+01 8.84997864e+01 9.14281158e+01
    9.04216385e+01 9.33456039e+01 9.19303589e+01 9.24294739e+01
    9.31098480e+01 9.15742493e+01 9.24702301e+01 9.14993591e+01
    9.41370087e+01 9.31459274e+01 9.12735443e+01 9.25695419e+01
    9.19362411e+01 9.36524429e+01 9.30378952e+01 9.26071243e+01
    8.92806931e+01 8.72788162e+01 9.16527023e+01 8.71405029e+01
    9.06078110e+01 9.21469803e+01 8.81972580e+01 9.00081253e+01
    9.21586990e+01 8.68064651e+01 8.95192108e+01 8.97924500e+01
    8.84720154e+01 8.72330322e+01 8.91263123e+01 9.09099197e+01
    9.11585159e+01 8.81714783e+01 8.61816864e+01 8.62168884e+01
    8.91405182e+01 8.87068329e+01 8.72497711e+01 8.88868866e+01
    9.03317261e+01 9.01532745e+01 8.56500473e+01 9.00556259e+01
    9.13407364e+01 8.81143417e+01 8.69501190e+01 8.64452744e+01
    8.83655472e+01 8.78699265e+01 8.70861282e+01 8.81014862e+01
    8.69206772e+01 9.03336716e+01 8.99331284e+01 9.08897247e+01
    8.98167877e+01 8.97469940e+01 8.85413055e+01 8.69697418e+01
    8.71370773e+01 8.77020645e+01 8.98767548e+01 9.20489197e+01
    9.26873474e+01 9.04785309e+01 9.04681625e+01 9.13747711e+01
    8.77776642e+01 8.85505981e+01 9.23795242e+01 9.03196945e+01
    9.23748245e+01 8.83024750e+01 8.92949295e+01 9.02600555e+01
    8.97552719e+01 8.82947693e+01 9.17488022e+01 9.41601944e+01
    9.24565887e+01 9.51652374e+01 9.25464325e+01 9.32240982e+01
    9.30113907e+01 9.40836029e+01 9.51927414e+01 9.53590546e+01
    9.38580017e+01 9.30691071e+01 9.53085327e+01 9.40124817e+01
    9.23003540e+01 8.96840897e+01 9.09861755e+01 8.93279495e+01
    9.30426865e+01 8.92063675e+01 9.30161743e+01 8.94646759e+01
    9.23542252e+01 9.08772964e+01 8.77185516e+01 9.26298294e+01
    9.29175797e+01 9.08720703e+01 9.33396988e+01 9.47271652e+01
    9.36937637e+01 8.99432068e+01 9.03646927e+01 9.39835892e+01
    9.28980560e+01 9.27635117e+01 9.32052155e+01 9.31319199e+01
    9.49505615e+01 9.33146896e+01 9.26854858e+01 9.32298584e+01
    9.03764343e+01 9.09708939e+01 9.24239120e+01 9.28001099e+01
    9.10240936e+01 9.23008652e+01 9.06838226e+01 8.78565521e+01
    9.07554398e+01 8.75400085e+01 8.85280838e+01 9.07020798e+01
    8.96834335e+01 9.32796097e+01 9.11501694e+01 9.04355698e+01
    9.30429153e+01 9.58291702e+01 9.28966980e+01 9.19077988e+01
    9.11863327e+01 8.95486145e+01 8.85569000e+01 9.09109268e+01
    8.89631500e+01 8.98394012e+01 9.11656418e+01 8.92143707e+01
    9.08132324e+01 9.01850739e+01 8.91479950e+01 9.01348419e+01
    9.17546082e+01 9.14164581e+01 9.10421753e+01 9.00419159e+01
    8.84523621e+01 8.78034897e+01 9.01682663e+01 8.49345551e+01
    8.71606216e+01 8.62974091e+01 8.48448486e+01 8.58630219e+01
    8.68101959e+01 8.67950363e+01 8.95201263e+01 8.49210739e+01
    8.89042892e+01 8.65047150e+01 8.42545776e+01 8.35270996e+01
    8.58460999e+01 8.60885696e+01 8.47525635e+01 8.52440643e+01
    8.75718536e+01 8.67496414e+01 8.77090454e+01 8.85320892e+01
    8.74799423e+01 9.03348007e+01 8.74169006e+01 9.19140244e+01
    8.88128891e+01 8.92517929e+01 8.90336151e+01 8.92903137e+01
    8.80725784e+01 8.95738907e+01 9.07336807e+01 9.22988281e+01
    8.88283615e+01 8.83375626e+01 8.85038681e+01 8.74429245e+01
    8.85552826e+01 8.87339630e+01 8.81750488e+01 8.75453339e+01
    8.60125580e+01 8.63834229e+01 8.50618668e+01 8.78522491e+01
    8.82361298e+01 9.11620026e+01 9.20441589e+01 9.33186722e+01
    8.91496887e+01 8.87655640e+01 9.18707199e+01 9.28144302e+01
    8.84832306e+01 9.09372787e+01 9.20972214e+01 9.33750992e+01
    9.29682617e+01 9.09291077e+01 9.16833801e+01 9.02449265e+01
    9.18938370e+01 8.93237305e+01 8.74482040e+01 8.57640915e+01
    9.00302963e+01 9.00633011e+01 8.72662888e+01 8.62426910e+01
    9.06058578e+01 9.04795609e+01 8.62790756e+01 8.55433960e+01
    8.58960953e+01 8.68557739e+01 8.60257111e+01 8.78528214e+01
    8.84991837e+01 9.07615204e+01 8.92728271e+01 9.37229385e+01
    9.44522858e+01 9.12411118e+01 9.30963593e+01 9.06619568e+01
    8.99172821e+01 9.17190857e+01 9.10932770e+01 8.95090637e+01
    9.23538742e+01 8.91678543e+01 9.14204865e+01 9.39156342e+01
    9.16422577e+01 9.19378586e+01 9.36735840e+01 9.24789505e+01
    9.06514587e+01 9.22194366e+01 8.88024673e+01 8.90887604e+01
    8.81844711e+01 9.17266769e+01 9.13333054e+01 8.55923309e+01
    8.86307755e+01 8.82472763e+01 8.72606506e+01 8.98395691e+01
    8.76719055e+01 8.93637619e+01 8.49987488e+01 8.70676270e+01
    8.63427429e+01 8.78449783e+01 8.75551453e+01 8.35646896e+01
    8.20218124e+01 8.46062164e+01 8.65163193e+01 8.97629395e+01
    9.05437927e+01 8.91792374e+01 9.04662552e+01 8.67873764e+01
    8.86028671e+01 8.53534851e+01 8.62343674e+01 9.04119110e+01
    8.61811142e+01 8.74194641e+01 8.72990341e+01 9.04294662e+01
    9.02970352e+01 9.01309967e+01 8.96656647e+01 8.78183441e+01
    8.84646988e+01 8.67765732e+01 8.95156555e+01 8.73078537e+01
    8.63948975e+01 8.72750549e+01 9.14585876e+01 9.46102982e+01
    8.97495346e+01 8.91856918e+01 9.10677567e+01 8.75357819e+01
    9.11317596e+01 9.08448563e+01 9.22857590e+01 9.14118576e+01
    9.01783905e+01 9.07482147e+01 9.08153610e+01 8.89208374e+01
    9.07772598e+01 9.18624344e+01 9.18639069e+01 9.42405472e+01
    9.46977997e+01 9.41464691e+01 9.32056198e+01 9.42854919e+01
    9.58516617e+01 9.43871231e+01 9.48832321e+01 9.10049667e+01
    9.35537949e+01 9.39535294e+01 9.35594788e+01 9.12819977e+01
    9.26124878e+01 9.33375092e+01 9.36168518e+01 9.23833542e+01
    9.48123398e+01 9.14217300e+01 9.34170685e+01 9.21538391e+01
    9.16247635e+01 9.29674911e+01 9.19437866e+01 9.49007111e+01
    9.52294083e+01 9.46067886e+01 9.36204681e+01 9.51309357e+01
    9.17425156e+01 9.09087524e+01 9.22167664e+01 9.30169601e+01
    9.37387772e+01 9.24508667e+01 9.16645355e+01 9.25284119e+01
    9.29511032e+01 9.10842056e+01 9.33780746e+01 9.32648010e+01
    9.19326019e+01 9.24113846e+01 9.29130402e+01 8.91642609e+01
    9.29626846e+01 9.16708755e+01 8.80068359e+01 9.17884598e+01
    9.25534592e+01 9.08907852e+01 9.01244965e+01 9.36055908e+01
    8.95423126e+01 9.20795975e+01 9.16150436e+01 9.23885803e+01
    9.28616943e+01 9.41917953e+01 9.17456818e+01 9.06020203e+01
    9.27227859e+01 8.97410965e+01 9.45803146e+01 9.33381195e+01
    9.06971588e+01 9.19578552e+01 9.26471024e+01 8.97361603e+01
    9.08120575e+01 9.19044647e+01 9.46669922e+01 9.35083694e+01
    9.10929871e+01 8.88932648e+01 9.05217972e+01 9.01157990e+01
    9.02962570e+01 8.80406570e+01 8.55855637e+01 8.91315384e+01
    8.95963287e+01 8.85809479e+01 8.60282593e+01 8.80095825e+01
    8.89229507e+01 8.75245361e+01 8.65782318e+01 8.61162338e+01
    8.34252396e+01 8.65274429e+01 8.28852386e+01 8.79266129e+01
    8.73950882e+01 8.56375504e+01 8.41590576e+01 8.84358368e+01
    9.02096024e+01 8.67483749e+01 8.51033478e+01 8.48170853e+01
    8.71640701e+01 8.92781601e+01 8.77375488e+01 8.98744354e+01
    9.05045624e+01 8.85818405e+01 8.78789597e+01 9.19483948e+01
    9.02947540e+01 8.96844788e+01 8.61270981e+01 8.88412552e+01
    8.72118835e+01 9.09669952e+01 8.70113678e+01 9.01337891e+01
    8.75187225e+01 8.88343353e+01 8.86140442e+01 8.98195496e+01
    8.73703842e+01 8.77765961e+01 9.10468521e+01 9.17783661e+01
    9.26460190e+01 8.90769272e+01 9.09855652e+01 8.92958221e+01
    8.99145279e+01 9.31960144e+01 9.10996399e+01 8.95712280e+01
    9.33726578e+01 9.11113663e+01 9.47555542e+01 9.30280151e+01
    8.94519348e+01 9.18115158e+01 8.88846359e+01 8.75260696e+01
    8.99000092e+01 8.86832123e+01 8.85403595e+01 8.78160782e+01
    8.96946487e+01 8.60054626e+01 8.81387939e+01 8.65193710e+01
    8.67327118e+01 8.79758835e+01 8.63991547e+01 8.76084976e+01
    8.59561691e+01 8.72549744e+01 8.97934952e+01 8.85194702e+01
    9.01454315e+01 9.23825378e+01 9.10835876e+01 9.25299683e+01
    9.34930191e+01 9.21943665e+01 9.17960358e+01 9.30501022e+01
    9.45405884e+01 9.34736023e+01 9.31594696e+01 9.09589157e+01
    8.96648865e+01 9.27666779e+01 9.42089767e+01 9.12998428e+01
    9.08823776e+01 8.98076859e+01 8.95948715e+01 8.84142609e+01
    8.82827454e+01 9.12218399e+01 8.96166992e+01 8.87195816e+01
    9.05478210e+01 8.89476852e+01 8.80071106e+01 8.79487305e+01
    8.80252075e+01 8.46618423e+01 8.67606964e+01 8.60103836e+01
    8.75777130e+01 8.49475937e+01 8.59221344e+01 8.32688065e+01
    8.59207611e+01 8.34642258e+01 8.67329254e+01 8.54463120e+01
    8.54831848e+01 8.88129883e+01 8.79443893e+01 8.78277130e+01
    8.78658447e+01 8.46811142e+01 8.45126953e+01 8.51916046e+01
    8.68950806e+01 8.23932190e+01 8.63847275e+01 8.58304977e+01
    8.89249039e+01 8.98841171e+01 9.29138718e+01 9.02976837e+01
    9.02144623e+01 8.99962616e+01 9.10011597e+01 8.86083984e+01
    8.98889236e+01 8.77221222e+01 8.52118988e+01 8.87863998e+01
    9.28790436e+01 9.36892929e+01 8.96246872e+01 8.74209213e+01
    8.97167130e+01 8.98257294e+01 9.11793442e+01 9.12855911e+01
    8.91598434e+01 9.19176102e+01 8.72436218e+01 9.11262207e+01
    9.29898376e+01 9.03293228e+01 8.96189804e+01 9.07321625e+01
    9.44579086e+01 9.26316605e+01 9.71688995e+01 9.28745041e+01
    9.52846603e+01 9.21306000e+01 9.37677002e+01 9.20580139e+01
    9.00050888e+01 9.33540802e+01 9.25644684e+01 9.42170792e+01
    9.20905685e+01 9.80997696e+01 9.34005508e+01 9.44678726e+01
    9.54182281e+01 9.39301910e+01 8.91996689e+01 9.25378647e+01
    9.29310608e+01 9.24105072e+01 9.20838547e+01 9.40366821e+01
    9.60225906e+01 9.44967880e+01 9.16165771e+01 9.93953552e+01
    9.61574249e+01 9.57175293e+01 9.46790390e+01 9.42042694e+01
    9.33116379e+01 9.12160416e+01 9.45958481e+01 9.39614258e+01
    9.53147278e+01 9.26223907e+01 9.41590042e+01 9.46284943e+01
    9.31081085e+01 9.41379166e+01 9.36022720e+01 9.32597733e+01
    9.32060547e+01 9.27818222e+01 8.90214005e+01 8.91297913e+01
    9.09492340e+01 9.17736435e+01 9.35758514e+01 9.03843842e+01
    9.42159271e+01 9.45319595e+01 9.37738113e+01 9.27326889e+01
    9.64948196e+01 9.45281982e+01 9.57146835e+01 9.34818802e+01
    9.48477402e+01 9.40599060e+01 9.12349701e+01 9.14040604e+01
    9.35546494e+01 9.23319016e+01 9.25522842e+01 9.40471497e+01
    9.30045853e+01 9.44945679e+01 9.17089996e+01 9.13560028e+01
    9.16975784e+01 9.09718552e+01 9.19563828e+01 8.82754822e+01
    9.11165237e+01 8.77350082e+01 9.33064423e+01 8.93600998e+01
    8.89987564e+01 9.06215057e+01 9.16857986e+01 8.78627930e+01
    8.61740189e+01 9.04292450e+01 8.61134033e+01 9.08475266e+01
    8.68557281e+01 8.70702438e+01 8.85599747e+01 8.80566559e+01
    8.65718994e+01 8.74429550e+01 8.93060684e+01 8.86923065e+01
    8.59271240e+01 8.99075851e+01 8.78130341e+01 8.51018372e+01
    8.85269394e+01 8.50256042e+01 8.46871262e+01 9.12998962e+01
    8.89172058e+01 8.74391937e+01 8.91066208e+01 9.43697205e+01
    8.59555588e+01 8.62289200e+01 8.88046112e+01 9.00092163e+01
    9.07197952e+01 8.91922531e+01 8.80079269e+01 9.02286911e+01
    9.12240448e+01 9.06020966e+01 8.85023651e+01 9.14357071e+01
    8.96377258e+01 8.93526764e+01 9.17773972e+01 8.95922165e+01
    9.35122528e+01 9.09528732e+01 9.22159348e+01 8.86425323e+01
    8.98000946e+01 8.79357147e+01 8.95739441e+01 9.34996872e+01
    8.88252258e+01 8.55112839e+01 9.11276398e+01 9.19668961e+01
    9.07515717e+01 9.14104691e+01 9.19582901e+01 8.95930481e+01
    8.88485794e+01 8.93948517e+01 8.98560181e+01 8.46565170e+01
    8.63465347e+01 8.74480133e+01 8.92550659e+01 8.62099533e+01
    8.71075363e+01 8.44891052e+01 8.61917191e+01 8.47389069e+01
    8.44651031e+01 8.62955627e+01 8.46704636e+01 8.35623245e+01
    8.50538101e+01 8.92093735e+01 8.75973434e+01 9.09175339e+01
    9.15531998e+01 9.16426239e+01 9.09039459e+01 9.31730728e+01
    9.30631104e+01 9.48654556e+01 9.23234940e+01 9.21699982e+01
    9.31390381e+01 9.27688828e+01 9.24794540e+01 9.57644196e+01
    9.23660660e+01 9.44043427e+01 9.47963638e+01 9.02173157e+01
    8.93396835e+01 8.82638702e+01 8.97363205e+01 8.94139557e+01
    9.05662155e+01 8.78697128e+01 8.95886459e+01 8.89791107e+01
    8.63540649e+01 8.40762863e+01 8.81898270e+01 9.00043869e+01
    8.79693069e+01 8.43803482e+01 8.61069412e+01 8.60498657e+01
    8.43955383e+01 8.67818909e+01 8.33859024e+01 8.51925049e+01
    8.58258972e+01 8.31681137e+01 8.73292694e+01 8.76916580e+01
    8.78755951e+01 8.63507614e+01 8.64755096e+01 8.65914993e+01
    8.70525894e+01 8.98742447e+01 8.77929764e+01 8.71808090e+01
    8.83400116e+01 8.95275421e+01 9.37392197e+01 9.07086029e+01
    8.83633957e+01 9.08563004e+01 9.04341125e+01 8.89587021e+01
    9.00030136e+01 8.69842529e+01 8.93271484e+01 8.68044968e+01
    9.03086166e+01 8.90687256e+01 9.07529221e+01 9.30988693e+01
    9.14722519e+01 8.90037918e+01 8.99500961e+01 9.01571274e+01
    9.19197617e+01 9.22873688e+01 8.94373169e+01 8.94617538e+01
    9.38296432e+01 8.85597076e+01 9.06297226e+01 8.83493423e+01
    9.11753769e+01 9.21401672e+01 9.14856720e+01 9.29008636e+01
    9.42471313e+01 9.30348587e+01 9.30146790e+01 9.38117294e+01
    9.49350281e+01 9.82174225e+01 9.17306671e+01 9.32063446e+01
    9.29320755e+01 9.33096085e+01 9.21796036e+01 9.52083435e+01
    9.48279114e+01 9.14431992e+01 9.22831879e+01 9.58055420e+01
    9.17579422e+01 9.05138626e+01 9.39998932e+01 9.42295227e+01
    9.27151184e+01 8.92918167e+01 9.08201447e+01 9.30274429e+01
    8.94340897e+01 9.74020996e+01 9.35222855e+01 9.48924561e+01
    9.24161835e+01 9.33265305e+01 9.67001953e+01 9.49067917e+01
    9.53022842e+01 9.28495865e+01 9.55291138e+01 9.27018433e+01
    9.21381760e+01 9.21564789e+01 9.23072510e+01 9.15753708e+01
    9.21777954e+01 9.44146194e+01 9.22776413e+01 8.99504318e+01
    8.93454590e+01 9.09350433e+01 9.14525681e+01 8.98494415e+01
    9.19243393e+01 8.97317047e+01 9.49792404e+01 9.42397232e+01
    9.32813187e+01 9.51051712e+01 9.38480606e+01 9.68826141e+01
    9.60202103e+01 9.45856018e+01 9.19146500e+01 8.99742279e+01
    9.20977707e+01 8.96247177e+01 9.43679123e+01 9.41546783e+01
    9.40990982e+01 9.12744751e+01 9.24554214e+01 9.06004181e+01
    9.29494095e+01 9.47591858e+01 9.08494034e+01 9.17687073e+01
    9.18393936e+01 9.31584244e+01 9.18224258e+01 8.97484131e+01
    9.04230576e+01 9.14204483e+01 9.26991882e+01 9.16007080e+01
    9.34913406e+01 9.00754471e+01 8.96983566e+01 9.03599014e+01
    9.00032806e+01 8.96898651e+01 8.80908585e+01 8.63045578e+01
    8.85410080e+01 8.60838242e+01 8.76714325e+01 8.70418243e+01
    9.09151535e+01 8.49612808e+01 8.87351074e+01 8.57990036e+01
    8.56588287e+01 8.82712936e+01 8.86019363e+01 8.68790054e+01
    8.81237106e+01 8.81358185e+01 8.77383652e+01 8.82753983e+01
    8.72471848e+01 8.66107025e+01 8.76717682e+01 9.06280823e+01
    9.19696503e+01 9.21649399e+01 9.29534378e+01 8.76393890e+01
    9.22396240e+01 8.98621216e+01 9.05292816e+01 8.91808319e+01
    8.82625885e+01 8.79725723e+01 9.02735062e+01 9.33763657e+01
    8.74019852e+01 9.19654694e+01 9.09219055e+01 9.42350388e+01
    8.85426865e+01 9.22025833e+01 8.97662582e+01 8.99605026e+01
    8.78470383e+01 9.07098541e+01 9.10309753e+01 8.87844543e+01
    9.12985153e+01 9.19449463e+01 9.28239288e+01 9.42576447e+01
    9.10328369e+01 8.90256882e+01 9.07113266e+01 8.77698669e+01
    9.05453720e+01 8.72970047e+01 8.92594070e+01 8.81298904e+01
    8.81000595e+01 8.67582016e+01 8.90946655e+01 8.73295364e+01
    8.72205200e+01 8.61623077e+01 8.97326889e+01 8.66622696e+01
    8.57860870e+01 8.68044662e+01 8.81563873e+01 9.15985565e+01
    8.87031021e+01 9.24588470e+01 9.27526245e+01 8.95068512e+01
    8.92093964e+01 9.31968460e+01 8.83540268e+01 9.31798935e+01
    8.87784424e+01 9.31380997e+01 9.24259415e+01 9.53034592e+01
    9.28400421e+01 9.35600281e+01 9.62176285e+01 9.30000992e+01
    9.13695450e+01 9.17085495e+01 9.18716125e+01 9.08516235e+01
    9.02245865e+01 9.05051651e+01 9.11290512e+01 8.69326782e+01
    8.75252686e+01 8.96008835e+01 8.77060471e+01 8.88303375e+01
    8.81128387e+01 8.74427490e+01 8.67268448e+01 9.15477219e+01
    8.86879730e+01 8.60147552e+01 8.30955353e+01 8.57511597e+01
    8.58740768e+01 8.45761719e+01 8.55826187e+01 8.60554276e+01
    8.83466721e+01 8.65164490e+01 9.04746933e+01 8.96916275e+01
    8.57254181e+01 8.78684540e+01 8.76752625e+01 9.02221069e+01
    8.92960663e+01 8.93335953e+01 8.70898285e+01 8.93395844e+01
    8.89132996e+01 9.28485794e+01 9.02101440e+01 9.11647797e+01
    8.94141617e+01 8.53943100e+01 8.72062836e+01 8.76575546e+01
    8.69836807e+01 8.73106766e+01 8.81046982e+01 8.90856171e+01
    9.02397385e+01 9.28731308e+01 9.25509109e+01 8.87137604e+01
    9.36164627e+01 9.01469116e+01 9.06728821e+01 9.15619049e+01
    9.05939102e+01 9.08531876e+01 8.98622437e+01 9.34391861e+01
    8.67709885e+01 9.21509705e+01 9.16232834e+01 9.41730347e+01
    9.05720367e+01 9.16175232e+01 9.38992615e+01 9.29304352e+01
    9.24605179e+01 9.44210052e+01 9.30870514e+01 9.35277863e+01
    9.28266678e+01 9.22079315e+01 9.22292709e+01 9.48743515e+01
    9.36043854e+01 9.30376740e+01 9.70924149e+01 9.27488403e+01
    9.28561172e+01 9.27960052e+01 9.56888275e+01 9.38042526e+01
    9.35233231e+01 9.50963058e+01 9.73396301e+01 9.64465485e+01
    9.38346863e+01 9.40088196e+01 9.59784317e+01 9.77138748e+01
    9.64684372e+01 9.23105621e+01 9.69570007e+01 9.40706406e+01
    9.33873291e+01 9.22295990e+01 9.27067337e+01 9.33464737e+01
    9.38242950e+01 9.19954147e+01 9.49199142e+01 9.14655991e+01
    9.19311676e+01 8.93132706e+01 9.39850616e+01 9.19018555e+01
    9.39724960e+01 9.30688248e+01 9.03778381e+01 8.67256775e+01
    9.11562119e+01 9.21839294e+01 9.31288452e+01 9.13384476e+01
    9.10965500e+01 9.12129288e+01 9.21274261e+01 9.26516495e+01
    9.23746490e+01 9.32881546e+01 9.48235779e+01 9.37358704e+01
    9.58149643e+01 8.93148270e+01 9.45901489e+01 9.18764038e+01
    9.10253220e+01 9.09160156e+01 8.88934860e+01 9.31521149e+01
    9.21909943e+01 9.25897903e+01 9.32207947e+01 9.27069321e+01
    9.12884445e+01 8.88987045e+01 9.34273605e+01 9.09752579e+01
    8.80349579e+01 8.96654434e+01 9.18090210e+01 9.28468170e+01
    9.14365234e+01 8.90054245e+01 8.97546387e+01 9.06286392e+01
    9.00212326e+01 9.06029587e+01 9.08941193e+01 9.04084244e+01
    8.97807541e+01 8.76755981e+01 9.01345367e+01 9.05252457e+01
    8.69665680e+01 8.71143188e+01 8.57219696e+01 8.84786453e+01
    8.74229965e+01 8.43345261e+01 8.40348969e+01 8.75949631e+01
    8.57963562e+01 8.60524826e+01 8.67779694e+01 8.74137650e+01
    8.92240143e+01 8.87266159e+01 8.88299637e+01 9.11425629e+01
    9.33830872e+01 8.94792480e+01 8.93784180e+01 9.31623154e+01
    8.94206009e+01 8.97190552e+01 8.97611465e+01 8.90070114e+01
    8.79550858e+01 8.96047134e+01 8.81050262e+01 8.96077194e+01
    9.09090195e+01 9.13892136e+01 9.13498764e+01 9.25404129e+01
    9.18702621e+01 9.24631805e+01 8.92869492e+01 8.91071472e+01
    9.01665649e+01 8.97496567e+01 8.99700012e+01 8.93203125e+01
    8.98027420e+01 9.33973465e+01 9.06108780e+01 9.54539719e+01
    9.18278580e+01 9.29471664e+01 9.13027039e+01 9.21801758e+01
    8.93238602e+01 8.64176636e+01 8.96432114e+01 8.81948929e+01
    8.35449219e+01 8.80767059e+01 8.80449982e+01 9.02594681e+01
    8.76469727e+01 8.62025986e+01 8.73741150e+01 8.75589218e+01
    8.77329941e+01 8.39714050e+01 8.87454071e+01 8.71855545e+01
    9.08572693e+01 9.13012619e+01 9.09490509e+01 9.34176254e+01
    9.24224854e+01 9.60058517e+01 9.33307190e+01 9.31512222e+01
    9.38325500e+01 9.58367157e+01 9.38073120e+01 9.51809921e+01
    9.40090866e+01 9.98658905e+01 9.64564285e+01 9.49189987e+01
    9.70148468e+01 9.66938934e+01 9.38003006e+01 9.36294022e+01
    9.53589401e+01 9.54901810e+01 9.32470932e+01 9.21272278e+01
    9.09680328e+01 9.35275192e+01 8.98846283e+01 8.83969040e+01
    8.89666519e+01 8.92076721e+01 8.89006500e+01 8.96125031e+01
    9.20236359e+01 8.63042908e+01 8.81047745e+01 8.89081116e+01
    8.53004303e+01 8.44008636e+01 8.76600876e+01 8.16935730e+01
    8.84697037e+01 8.79799957e+01 8.99749527e+01 8.68884430e+01
    9.02174454e+01 8.59928589e+01 8.72613220e+01 8.94464645e+01
    8.77439423e+01 8.99042358e+01 9.21728134e+01 8.84404984e+01
    9.02090454e+01 9.18731766e+01 9.28911591e+01 9.19709320e+01
    9.00942078e+01 8.94716415e+01 8.97261429e+01 8.71992722e+01
    8.87604141e+01 8.71531067e+01 8.66449585e+01 8.69907684e+01
    9.04920883e+01 8.59316330e+01 9.17345810e+01 9.38134003e+01
    9.07227478e+01 9.09253540e+01 9.29922409e+01 9.31329346e+01
    8.98433609e+01 9.45832443e+01 8.85373306e+01 9.01965637e+01
    8.95521393e+01 9.04755936e+01 8.73907471e+01 9.11105804e+01
    9.25981369e+01 9.36955719e+01 8.99830093e+01 9.21317139e+01
    9.17699890e+01 9.02198639e+01 9.22925797e+01 8.96760864e+01
    9.50767059e+01 9.45889664e+01 9.43886871e+01 9.22896271e+01
    9.11014252e+01 9.44134521e+01 9.35418167e+01 9.41187973e+01
    9.35662842e+01 9.32029800e+01 9.19348907e+01 9.43909225e+01
    9.58277359e+01 9.43831024e+01 9.23333359e+01 9.42956314e+01
    9.35179367e+01 9.58676605e+01 9.38427658e+01 9.56394272e+01
    9.62025757e+01 9.66861038e+01 9.58940277e+01 9.21310501e+01
    9.45751801e+01 9.43626175e+01 9.37719727e+01 8.99976578e+01
    9.27203140e+01 9.37193909e+01 9.34217072e+01 9.31653671e+01
    9.43328857e+01 9.45351486e+01 9.11281967e+01 9.01660690e+01
    9.26242447e+01 9.03477249e+01 8.81836929e+01 8.92097168e+01
    9.47248001e+01 8.79304504e+01 8.77527847e+01 9.18736115e+01
    8.79426498e+01 8.67409744e+01 8.86877365e+01 8.91898575e+01
    9.06649704e+01 8.73132629e+01 9.53107681e+01 9.03216553e+01
    9.37745972e+01 9.31823502e+01 9.19823151e+01 9.18545914e+01
    8.70809402e+01 8.94611206e+01 8.87520142e+01 9.30212326e+01
    9.14736557e+01 9.27674255e+01 9.07882767e+01 9.27167587e+01
    9.31410828e+01 9.28923645e+01 9.20359497e+01 9.01121292e+01
    9.43274460e+01 9.22106171e+01 9.14374237e+01 8.77730637e+01
    9.10422440e+01 9.19331284e+01 9.38246765e+01 9.06238174e+01
    8.83922424e+01 8.95410385e+01 9.14729309e+01 9.18126068e+01
    8.66888962e+01 9.02128525e+01 8.61695557e+01 9.01396103e+01
    8.85091324e+01 8.92851562e+01 8.71170731e+01 8.83023148e+01
    8.72907257e+01 8.49394073e+01 8.72059860e+01 8.62409897e+01
    8.54779282e+01 8.76892471e+01 8.58342972e+01 8.54989243e+01
    8.63755569e+01 8.66587372e+01 8.91975708e+01 8.87900620e+01
    8.63145370e+01 8.39349365e+01 8.83562622e+01 9.11340027e+01
    8.96505890e+01 9.31369171e+01 8.60440445e+01 9.05184402e+01
    9.05808716e+01 8.81267471e+01 8.85717239e+01 8.76366425e+01
    8.94395599e+01 9.05283051e+01 9.10736008e+01 9.04810944e+01
    9.07255707e+01 9.19845734e+01 9.00076675e+01 9.18716278e+01
    9.04863358e+01 9.22590942e+01 8.89114838e+01 8.95877762e+01
    8.99846878e+01 8.84454498e+01 9.01788101e+01 9.38247147e+01
    8.99153290e+01 9.23689804e+01 9.32521286e+01 9.29608765e+01
    8.99273453e+01 9.13485031e+01 8.71470108e+01 8.75106277e+01
    8.65494690e+01 8.63224564e+01 8.74060516e+01 9.00408249e+01
    8.82727890e+01 8.72323074e+01 8.86130066e+01 8.66756821e+01
    8.47414856e+01 8.59225693e+01 8.61221695e+01 8.57684937e+01
    8.40398483e+01 8.95853958e+01 8.81186676e+01 8.70998611e+01
    9.16104507e+01 9.06724014e+01 9.24443741e+01 9.12968292e+01
    9.34691544e+01 9.16884689e+01 9.43373795e+01 9.38485565e+01
    9.21303329e+01 9.39396744e+01 9.47833633e+01 9.35625839e+01
    9.78973312e+01 9.66120377e+01 9.39243774e+01 9.65661240e+01
    9.45529480e+01 9.23816757e+01 9.21461029e+01 9.33681030e+01
    9.25306625e+01 9.49531174e+01 9.16171494e+01 9.14010239e+01
    9.10681992e+01 9.19071045e+01 9.17376862e+01 9.07390518e+01
    9.04858093e+01 8.79185257e+01 8.88785248e+01 8.89525299e+01
    9.01111984e+01 8.79603119e+01 8.44747620e+01 8.62113571e+01
    9.00590744e+01 8.82288666e+01 8.66108932e+01 8.74079132e+01
    8.89236069e+01 8.80511246e+01 9.27436066e+01 8.90510406e+01
    8.84186707e+01 8.98124161e+01 8.97150497e+01 9.01774826e+01
    9.47302551e+01 9.25857391e+01 9.24329834e+01 9.05166245e+01
    9.42418900e+01 9.25071411e+01 9.23158417e+01 9.23671951e+01
    8.89858627e+01 9.06923523e+01 8.75443115e+01 8.74424896e+01
    8.55855484e+01 8.35280762e+01 8.73992462e+01 8.56942596e+01
    8.84799576e+01 9.35880051e+01 8.97871552e+01 8.82702942e+01
    8.98464737e+01 8.78263702e+01 8.90212860e+01 9.08469238e+01
    9.18096390e+01 8.90453415e+01 9.12398987e+01 8.81984253e+01
    9.01814804e+01 8.88584671e+01 8.94212646e+01 9.30494156e+01
    9.24182205e+01 9.08154144e+01 9.26433716e+01 9.52820587e+01
    9.04164276e+01 9.10974731e+01 8.88714523e+01 9.46136932e+01
    9.18674927e+01 9.56016998e+01 9.08524475e+01 9.24395065e+01
    9.41808624e+01 9.61946030e+01 9.54327316e+01 9.27471390e+01
    9.57292328e+01 9.67527313e+01 9.31041412e+01 9.23214722e+01
    9.23733597e+01 9.19119492e+01 9.24758682e+01 9.79353943e+01
    9.38989563e+01 9.69931488e+01 9.44451370e+01 9.49541168e+01
    9.85516434e+01 9.44460754e+01 9.19738541e+01 9.39722061e+01
    9.54526978e+01 9.41434174e+01 9.44214554e+01 9.26361771e+01
    9.43997955e+01 9.53876038e+01 9.58518906e+01 9.46457596e+01
    9.24954376e+01 8.97043991e+01 9.01948776e+01 9.18986740e+01
    9.06670456e+01 9.05181198e+01 9.23072891e+01 9.01365967e+01
    9.18515625e+01 8.89644089e+01 8.93442230e+01 8.92657242e+01
    8.99311218e+01 9.41889267e+01 9.03449707e+01 9.13644791e+01
    9.18089828e+01 9.21734543e+01 9.35872650e+01 9.09184952e+01
    9.16534119e+01 8.98091278e+01 9.24950562e+01 9.16562653e+01
    8.94480667e+01 8.95725098e+01 8.99724121e+01 9.20994492e+01
    9.35623093e+01 9.20698700e+01 9.16064377e+01 9.31845474e+01
    9.55954819e+01 8.96590652e+01 9.01395569e+01 9.07858734e+01
    9.10114517e+01 9.06946259e+01 9.26287308e+01 9.35514832e+01
    8.86949692e+01 9.16333237e+01 8.84935837e+01 8.87418137e+01
    8.87338562e+01 8.88672485e+01 8.68616409e+01 8.50099182e+01
    8.66578751e+01 8.65568161e+01 8.55047455e+01 8.74133224e+01
    8.57468338e+01 8.50153885e+01 8.60608063e+01 8.60566025e+01
    8.77038956e+01 8.71841583e+01 8.40299530e+01 8.43757553e+01
    8.62511444e+01 8.52482529e+01 8.59318924e+01 8.52087402e+01
    8.22436218e+01 8.58677597e+01 8.41682587e+01 8.61470795e+01
    8.82583466e+01 8.73744049e+01 9.13183212e+01 9.02391815e+01
    8.99897232e+01 8.81769791e+01 8.96431122e+01 8.68842468e+01
    9.14314346e+01 9.08161621e+01 9.07529526e+01 9.25459442e+01
    9.04661026e+01 9.45051498e+01 9.18653107e+01 9.25319824e+01
    9.12463226e+01 9.28540344e+01 9.27590103e+01 9.13931808e+01
    8.98509598e+01 8.75278931e+01 9.09340057e+01 8.89737396e+01
    8.96693802e+01 9.20402069e+01 9.05438843e+01 9.22311096e+01
    9.50228958e+01 8.83887558e+01 9.05705872e+01 9.04349670e+01
    8.85085983e+01 8.86445236e+01 9.01771011e+01 8.83011322e+01
    8.59312515e+01 8.70387268e+01 8.63143616e+01 8.91096878e+01
    8.67927704e+01 8.84239960e+01 8.65996780e+01 8.59250641e+01
    8.80840683e+01 8.92645721e+01 8.76890411e+01 8.88763504e+01
    8.99263535e+01 9.05562439e+01 9.20635300e+01 9.18985291e+01
    9.05917969e+01 9.28010941e+01 9.13649902e+01 9.45357971e+01
    9.55152435e+01 9.12098846e+01 9.43509674e+01 9.45573502e+01
    9.35219040e+01 9.49246674e+01 9.68648071e+01 9.52391663e+01
    9.40226364e+01 9.64858093e+01 9.26484680e+01 9.01963120e+01
    9.19175186e+01 9.05552902e+01 9.01602402e+01 9.07332993e+01
    9.04244843e+01 9.00370483e+01 8.92941895e+01 9.03599319e+01
    8.94727783e+01 9.08926392e+01 8.93524246e+01 9.10484619e+01
    8.60060959e+01 8.67265244e+01 8.57550735e+01 8.69908524e+01
    8.50116043e+01 8.22079620e+01 8.45260391e+01 8.62122879e+01
    8.67908554e+01 8.92637787e+01 9.22251205e+01 8.77654037e+01
    9.28263474e+01 9.08283386e+01 8.69373093e+01 8.70314941e+01
    9.22129745e+01 8.90942459e+01 9.20743103e+01 9.29143677e+01
    8.96041412e+01 9.22630463e+01 9.39249191e+01 9.05190659e+01
    9.56369553e+01 9.40949631e+01 8.93148193e+01 8.75531769e+01
    8.77188873e+01 8.81828003e+01 8.64531174e+01 8.77109451e+01
    8.71813202e+01 8.51295242e+01 9.10836487e+01 9.24590607e+01
    8.89761505e+01 8.92689590e+01 9.04892654e+01 8.89733658e+01
    8.93296890e+01 8.91883926e+01 8.85041656e+01 8.70147400e+01
    8.58225708e+01 8.43266068e+01 9.12052307e+01 8.77528687e+01
    8.75028305e+01 9.08002853e+01 9.39038010e+01 9.59904251e+01
    9.09516373e+01 9.32763062e+01 8.89851074e+01 9.10682144e+01
    9.23622894e+01 9.11081924e+01 8.92812881e+01 9.21372757e+01
    9.36137009e+01 9.35824585e+01 9.28286285e+01 9.63470535e+01
    9.50792770e+01 9.32088165e+01 9.20585480e+01 9.17648010e+01
    9.61875076e+01 9.15856628e+01 9.55831146e+01 9.42300949e+01
    9.48901978e+01 9.21910400e+01 9.57312088e+01 9.69155197e+01
    9.69430161e+01 9.47723236e+01 9.86177216e+01 9.54126663e+01
    9.46181259e+01 9.37944336e+01 9.42021637e+01 9.50416107e+01
    9.33640671e+01 9.49754486e+01 9.67108994e+01 9.26875916e+01
    9.32877121e+01 9.61573029e+01 9.59036102e+01 9.16819534e+01
    9.39651413e+01 9.46251373e+01 9.29716263e+01 9.41788101e+01
    8.96792145e+01 9.12296600e+01 8.73633347e+01 9.01493073e+01
    8.81580887e+01 8.92397537e+01 8.97528610e+01 9.15620575e+01
    9.35846100e+01 8.91832581e+01 9.26759338e+01 8.91799088e+01
    8.98464203e+01 9.00975876e+01 9.15569611e+01 9.00308762e+01
    8.78749390e+01 8.83155060e+01 9.23199539e+01 9.18521042e+01
    8.97650299e+01 9.15211334e+01 9.19419403e+01 9.10137329e+01
    9.17187958e+01 9.36210480e+01 9.08196945e+01 9.06771393e+01
    8.76948853e+01 9.20550613e+01 9.42180939e+01 8.86182938e+01
    9.30921860e+01 9.20705490e+01 9.14258270e+01 8.97748871e+01
    8.99811630e+01 8.80291290e+01 9.01577301e+01 8.87624664e+01
    8.73806458e+01 8.83599777e+01 8.64591980e+01 8.56815720e+01
    8.59069214e+01 8.60436096e+01 8.83291473e+01 8.53413162e+01
    8.65297165e+01 8.58579636e+01 8.57688904e+01 8.51734238e+01
    8.33305206e+01 8.23963623e+01 8.40683136e+01 8.62496490e+01
    8.32249298e+01 8.74032974e+01 8.54013138e+01 8.74843369e+01
    8.38493958e+01 8.59659729e+01 8.68672943e+01 8.69439774e+01
    9.22595444e+01 8.95253601e+01 8.61564713e+01 8.53152771e+01
    9.00315399e+01 9.05772476e+01 8.79205551e+01 9.03401566e+01
    8.81763306e+01 9.13569031e+01 8.96375275e+01 8.87808151e+01
    9.00335846e+01 8.76316757e+01 9.48746109e+01 8.92600632e+01
    9.13565292e+01 8.90120926e+01 9.05076904e+01 8.92680969e+01
    9.04126968e+01 9.14612579e+01 9.18399658e+01 9.23210373e+01
    8.89245605e+01 9.06787338e+01 9.23124695e+01 9.12659760e+01
    8.89689789e+01 9.29824982e+01 8.92551651e+01 8.93565445e+01
    8.73377457e+01 8.76807480e+01 8.80341110e+01 9.09001160e+01
    8.57374725e+01 8.82847672e+01 8.72989502e+01 8.88586502e+01
    8.82218399e+01 8.90847473e+01 8.56231308e+01 9.08449783e+01
    8.59315491e+01 8.71866531e+01 8.99557114e+01 8.77957535e+01
    9.11310272e+01 8.80779037e+01 9.06632538e+01 9.19180908e+01
    9.04229965e+01 9.39000320e+01 9.26969299e+01 9.35027313e+01
    9.28185349e+01 9.29873276e+01 9.37137375e+01 9.16237793e+01
    9.74813919e+01 9.50344315e+01 9.43357315e+01 9.62384949e+01
    9.46577530e+01 8.99228821e+01 8.99078369e+01 9.01033325e+01
    9.22044144e+01 9.19267731e+01 8.99259109e+01 8.96814880e+01
    9.32471848e+01 9.11624603e+01 9.01655579e+01 9.05315857e+01
    8.88865204e+01 8.81561432e+01 8.55957870e+01 8.60673218e+01
    8.87398987e+01 8.57343140e+01 8.23676834e+01 8.50080872e+01
    8.76409454e+01 8.61408844e+01 8.74002228e+01 8.78632660e+01
    8.96734695e+01 8.94330673e+01 9.02938766e+01 8.84976578e+01
    9.02439041e+01 8.59726334e+01 8.86435547e+01 9.14369278e+01
    9.12884979e+01 8.93506546e+01 9.04980392e+01 9.04935074e+01
    9.24138947e+01 8.73162537e+01 9.01548233e+01 8.83911743e+01
    8.80890121e+01 8.50303421e+01 8.97280273e+01 8.87884979e+01
    8.87014160e+01 8.82877808e+01 9.05180664e+01 9.05253220e+01
    9.37122955e+01 9.45760040e+01 9.49356155e+01 9.36129532e+01
    9.13889313e+01 9.22175598e+01 9.08034058e+01 9.11331787e+01
    8.78434219e+01 9.20859756e+01 8.89354935e+01 8.86038284e+01
    8.88642883e+01 8.79181137e+01 9.25595932e+01 9.02204208e+01
    9.16858215e+01 9.25490189e+01 9.34109268e+01 9.25598602e+01
    9.07474213e+01 8.99645004e+01 8.98789597e+01 9.53923416e+01
    9.26239166e+01 9.22286301e+01 9.64572754e+01 9.07704010e+01
    9.54512634e+01 9.56722870e+01 9.07866898e+01 9.37086945e+01
    9.20616302e+01 9.44072647e+01 9.20746307e+01 9.44801712e+01
    9.55597382e+01 9.33614349e+01 9.48081741e+01 9.59877396e+01
    9.49938583e+01 9.37128754e+01 9.50893631e+01 9.64159470e+01
    9.57991486e+01 9.67192841e+01 9.18717651e+01 9.18597107e+01
    9.46822739e+01 9.42096405e+01 9.59722519e+01 9.20514450e+01
    9.30944366e+01 9.40034561e+01 9.39166260e+01 9.53399506e+01
    9.23386002e+01 9.38743286e+01 9.60903702e+01 9.69670486e+01
    9.20697632e+01 8.95132217e+01 9.17101822e+01 8.92455063e+01
    8.98644638e+01 8.58275833e+01 8.81652908e+01 8.70182114e+01
    9.10317612e+01 9.01674271e+01 9.28326187e+01 8.98305969e+01
    9.19567795e+01 9.04341965e+01 8.91510925e+01 8.90941772e+01
    8.84243622e+01 8.39646912e+01 8.83107071e+01 8.90726013e+01
    8.97608719e+01 8.81718063e+01 8.93911591e+01 9.09046326e+01
    9.23099899e+01 9.32490845e+01 9.29643555e+01 8.87490463e+01
    9.22798843e+01 8.75049438e+01 8.81663361e+01 9.12717209e+01
    9.44047852e+01 8.74155655e+01 8.84661713e+01 8.98443680e+01
    9.13753510e+01 9.31431351e+01 9.17586746e+01 9.09801331e+01
    8.73009186e+01 8.88846054e+01 9.16306763e+01 8.46096420e+01
    8.40103073e+01 8.45490570e+01 8.61151352e+01 8.20251617e+01
    8.45296326e+01 8.62049332e+01 8.39530106e+01 8.36633072e+01
    8.31354065e+01 8.50824738e+01 8.60618973e+01 8.28336945e+01
    8.55231934e+01 8.59307175e+01 8.51267776e+01 8.39499207e+01
    8.22772751e+01 8.61538620e+01 8.65814209e+01 8.71842499e+01
    8.58280792e+01 8.62155151e+01 8.66143417e+01 8.94052505e+01
    8.88760834e+01 8.78882904e+01 8.49089890e+01 8.76252518e+01
    8.84231262e+01 8.71404648e+01 8.68532639e+01 9.09812469e+01
    8.89569321e+01 9.08619537e+01 8.87374649e+01 9.16286545e+01
    8.94849243e+01 9.33046722e+01 9.07230606e+01 8.93611298e+01
    8.79157104e+01 8.90513306e+01 8.86338882e+01 8.96286545e+01
    8.91280975e+01 9.06239319e+01 9.07117920e+01 9.24678421e+01
    9.20869904e+01 9.03034210e+01 8.74281769e+01 8.96404037e+01
    8.74039764e+01 8.96086121e+01 8.77674637e+01 8.89427414e+01
    8.87374725e+01 8.99212189e+01 8.84335709e+01 9.00259933e+01
    8.61556015e+01 8.86118698e+01 9.13587341e+01 8.72608261e+01
    8.60720444e+01 8.83730927e+01 8.72244186e+01 8.80465088e+01
    8.99225159e+01 9.16610870e+01 9.20927811e+01 9.21512070e+01
    9.11261292e+01 9.17952271e+01 9.46251068e+01 9.20065842e+01
    9.45928574e+01 9.39555054e+01 9.34465256e+01 9.09445038e+01
    9.16863708e+01 9.48057098e+01 9.37689285e+01 9.30884476e+01
    9.12758560e+01 9.07859573e+01 8.89569092e+01 8.98245087e+01
    8.92020569e+01 8.88798523e+01 8.79284058e+01 9.19288406e+01
    8.91310425e+01 9.08118591e+01 8.69029922e+01 8.96841507e+01
    8.89699326e+01 8.84157867e+01 8.62579041e+01 8.66395035e+01
    8.77642441e+01 8.62651367e+01 8.76606750e+01 8.53956451e+01
    8.24783936e+01 8.56201401e+01 8.60675888e+01 8.33187103e+01
    8.81257935e+01 8.69029617e+01 8.99484634e+01 9.13754272e+01
    8.99900055e+01 8.96161499e+01 8.80809631e+01 8.94096146e+01
    8.99910431e+01 8.99334412e+01 9.11857147e+01 9.04759369e+01
    9.10488052e+01 8.94322815e+01 9.18286972e+01 9.32860718e+01
    9.42757339e+01 9.12949982e+01 9.33662415e+01 8.82062454e+01
    9.03200760e+01 9.18634567e+01 8.59082260e+01 8.74295502e+01
    8.97681580e+01 9.05206070e+01 8.72201462e+01 9.08208389e+01
    9.39410400e+01 9.27355957e+01 9.26443253e+01 8.98707581e+01
    9.02681198e+01 8.78245087e+01 8.95602341e+01 8.94216156e+01
    8.49275055e+01 8.73612213e+01 8.88263092e+01 8.82082748e+01
    8.61618500e+01 9.05489197e+01 9.16342468e+01 9.02851257e+01
    9.15481567e+01 8.81978760e+01 9.06290970e+01 8.89176712e+01
    8.96484451e+01 9.02676620e+01 8.86536484e+01 9.10771027e+01
    9.05155792e+01 9.68790817e+01 9.22765808e+01 9.58357773e+01
    9.37284012e+01 9.15631485e+01 9.13585281e+01 9.11989975e+01
    9.48394547e+01 9.39941635e+01 9.19594193e+01 9.30294495e+01
    9.24870071e+01 9.17322845e+01 9.24831848e+01 9.43417511e+01
    9.29275665e+01 9.54438095e+01 9.73650208e+01 9.78585129e+01
    9.35810089e+01 9.33567886e+01 9.37589035e+01 9.33977203e+01
    9.44996262e+01 9.25805283e+01 9.27293472e+01 9.36992950e+01
    9.54274063e+01 9.64976578e+01 9.65554886e+01 9.40239868e+01
    9.58474579e+01 9.63462296e+01 9.27130356e+01 9.14756317e+01
    9.06580582e+01 8.84601593e+01 8.76986313e+01 8.90870132e+01
    9.02798996e+01 8.62709503e+01 9.24983826e+01 9.56128845e+01
    9.31328812e+01 9.11632309e+01 9.26299820e+01 9.08258057e+01
    8.91727371e+01 8.95278015e+01 8.85160294e+01 9.05101776e+01
    8.91961441e+01 8.80895920e+01 9.51979980e+01 9.12884369e+01
    8.80387192e+01 8.93870850e+01 9.35596085e+01 9.47026062e+01
    9.44391937e+01 9.14423523e+01 9.17039185e+01 9.22782440e+01
    8.91684723e+01 9.17105026e+01 9.38679581e+01 8.89751816e+01
    9.26536255e+01 9.21693497e+01 9.10530624e+01 9.22018967e+01
    8.74512100e+01 8.61513214e+01 8.68240738e+01 9.03234711e+01
    8.87437897e+01 8.65680466e+01 8.77798309e+01 8.50701065e+01
    8.67801971e+01 8.46878662e+01 8.44012985e+01 8.90374756e+01
    8.53410110e+01 8.52522278e+01 8.50406494e+01 8.39885406e+01
    8.54779892e+01 8.34948425e+01 8.29314804e+01 8.13553772e+01
    8.63989716e+01 8.20152130e+01 8.45494766e+01 8.63683548e+01
    8.63822174e+01 8.64361496e+01 8.66744614e+01 8.76503143e+01
    8.99236298e+01 8.83112335e+01 8.73959427e+01 8.65196762e+01
    8.90508804e+01 9.05446243e+01 8.81723022e+01 9.06497269e+01
    8.87828522e+01 8.97189178e+01 9.11399460e+01 9.21604767e+01
    9.12005997e+01 9.28998642e+01 9.18642349e+01 9.38911514e+01
    8.93040695e+01 9.11198883e+01 8.62414627e+01 9.13858490e+01
    9.28701172e+01 8.88265915e+01 9.12618408e+01 9.14725189e+01
    9.12975159e+01 8.89735413e+01 8.84941101e+01 8.86074524e+01
    9.06774063e+01 9.11039276e+01 8.92670746e+01 8.78214340e+01
    9.02696915e+01 8.45886459e+01 8.80007553e+01 8.93451462e+01
    9.07441788e+01 9.14326935e+01 9.08981018e+01 8.82895432e+01
    8.88684769e+01 9.23147507e+01 8.78208694e+01 8.99097595e+01
    8.85408325e+01 8.82238312e+01 8.76570740e+01 8.73392944e+01
    9.14145813e+01 9.00897903e+01 9.25570450e+01 9.20805054e+01
    9.59828949e+01 9.58825912e+01 9.25825577e+01 8.96796188e+01
    9.15704575e+01 9.34822159e+01 9.44621735e+01 9.05739059e+01
    9.18620148e+01 9.03632507e+01 9.19731064e+01 8.93565826e+01
    8.97438202e+01 8.96341171e+01 8.84136276e+01 8.95196152e+01
    8.60156631e+01 9.10580215e+01 8.75886688e+01 8.62307739e+01
    8.66085434e+01 8.61235275e+01 8.52327423e+01 8.60292587e+01
    8.59860458e+01 8.71979370e+01 8.59434967e+01 8.62001953e+01
    8.25542068e+01 8.65553894e+01 8.40732574e+01 8.32812195e+01
    8.62079544e+01 8.41278305e+01 8.81897812e+01 8.65767975e+01
    8.90967636e+01 8.81049881e+01 8.84913025e+01 8.81822586e+01
    8.91623154e+01 8.97932358e+01 8.91555634e+01 9.24810715e+01
    9.32031708e+01 8.65213089e+01 8.84040146e+01 9.03015137e+01
    8.97767105e+01 9.25184631e+01 9.11442642e+01 9.20662079e+01
    8.95910492e+01 9.10314407e+01 9.29216003e+01 9.11084518e+01
    8.68204117e+01 9.23714371e+01 9.09197998e+01 9.10575638e+01
    9.16864243e+01 9.36063690e+01 9.00660400e+01 9.11748734e+01
    9.24449539e+01 8.76652222e+01 9.14098434e+01 8.99801559e+01
    8.99639053e+01 8.97836914e+01 8.68649368e+01 8.64771576e+01
    9.09323120e+01 8.88954315e+01 9.13469925e+01 9.15457001e+01
    8.83605957e+01 9.04263611e+01 9.29652786e+01 8.82843094e+01
    8.84834061e+01 9.17716370e+01 9.03378372e+01 9.10686798e+01
    9.20266495e+01 8.94775467e+01 9.24971619e+01 9.33857956e+01
    9.33694687e+01 9.41468201e+01 9.18665924e+01 9.09168091e+01
    9.09042740e+01 9.24049072e+01 8.84774475e+01 9.21846161e+01
    8.92282562e+01 9.03748627e+01 8.97280350e+01 8.85310745e+01
    9.38789215e+01 9.11432648e+01 9.03716965e+01 9.44331970e+01
    9.41138382e+01 9.35254288e+01 9.10835800e+01 9.20296249e+01
    9.42786713e+01 9.08164673e+01 8.99869003e+01 9.29971542e+01
    9.45470352e+01 9.52713394e+01 9.51540375e+01 9.86718597e+01
    9.49934998e+01 9.49106369e+01 9.31993942e+01 9.43660583e+01
    9.35840378e+01 9.08114471e+01 9.07388306e+01 9.01524811e+01
    8.92201157e+01 9.05505981e+01 9.05591278e+01 9.14883270e+01
    9.06107864e+01 9.52530212e+01 8.85807571e+01 8.86823578e+01
    8.97394714e+01 9.00945358e+01 8.94478912e+01 8.99496689e+01
    8.95359039e+01 8.65854416e+01 9.02344742e+01 9.07025070e+01
    9.14904175e+01 8.86305466e+01 9.05474091e+01 9.15665283e+01
    9.16408234e+01 9.41685944e+01 9.18406754e+01 9.31759949e+01
    9.37197189e+01 9.26396713e+01 9.22208710e+01 9.25031433e+01
    9.09332275e+01 9.23978271e+01 8.84712906e+01 8.92682648e+01
    8.89071579e+01 9.19038162e+01 9.00018997e+01 8.86447754e+01
    8.76158447e+01 9.05148544e+01 8.88279037e+01 8.67760162e+01
    8.32402344e+01 8.55605545e+01 8.58553009e+01 8.29713211e+01
    8.72659378e+01 8.67807465e+01 8.61929932e+01 8.50835953e+01
    8.54458389e+01 8.42318726e+01 8.27383499e+01 8.56371765e+01
    8.39207001e+01 8.62658920e+01 8.32832260e+01 8.50229950e+01
    8.31418610e+01 8.41908569e+01 8.70802307e+01 8.50749283e+01
    8.41971664e+01 8.70077286e+01 8.59773788e+01 8.84009705e+01
    8.76115112e+01 8.67474670e+01 8.66246185e+01 8.86953201e+01
    8.93211136e+01 8.89489670e+01 9.06643524e+01 9.11744995e+01
    8.99191437e+01 9.06491318e+01 8.83168716e+01 9.27310410e+01
    8.97819748e+01 8.94647675e+01 8.96108322e+01 9.03435593e+01
    8.83631134e+01 8.97322769e+01 8.89245224e+01 9.25801849e+01
    8.75984116e+01 9.26967468e+01 9.08040619e+01 9.28851395e+01
    9.32657852e+01 9.16636887e+01 9.30342026e+01 9.10217667e+01
    9.04217072e+01 8.77051239e+01 8.72652359e+01 8.72903137e+01
    8.83911285e+01 9.09167862e+01 8.89334946e+01 9.11952286e+01
    8.97263107e+01 9.04052048e+01 9.10408936e+01 9.08945236e+01
    8.99291153e+01 8.72677383e+01 9.00027390e+01 8.77484741e+01
    8.95109711e+01 8.90304413e+01 8.93676758e+01 9.06553421e+01
    9.00855560e+01 8.73458481e+01 9.09410172e+01 9.14209747e+01
    9.40507050e+01 9.26002502e+01 9.15857849e+01 9.16639023e+01
    9.01818619e+01 9.31348038e+01 9.32109222e+01 9.15674667e+01
    9.08783951e+01 9.39284821e+01 9.11122437e+01 8.87010345e+01
    9.02556305e+01 9.05948944e+01 9.12382202e+01 9.06866913e+01
    9.04379654e+01 8.97351379e+01 8.93410568e+01 9.00063858e+01
    9.02720413e+01 9.18149185e+01 8.82537155e+01 8.61338425e+01
    8.79540176e+01 8.49672318e+01 8.87369537e+01 8.91982346e+01
    8.85637360e+01 8.70825958e+01 8.96106415e+01 9.04141617e+01
    8.82078629e+01 8.99131622e+01 9.05067902e+01 9.20718384e+01
    9.20453720e+01 8.93417816e+01 9.10701065e+01 9.01829529e+01
    9.09020844e+01 9.22247696e+01 9.06780396e+01 9.20192413e+01
    8.86494141e+01 9.19727097e+01 8.92492981e+01 9.18053055e+01
    9.34737778e+01 9.38119049e+01 9.34670258e+01 8.72344437e+01
    8.96380005e+01 8.79538269e+01 9.10012817e+01 8.69350281e+01
    8.93408356e+01 8.84660110e+01 8.81712723e+01 8.86825562e+01
    9.00782013e+01 9.09949570e+01 9.27236862e+01 8.73806915e+01
    8.66050262e+01 9.11023788e+01 8.93231506e+01 8.79123001e+01
    8.85098419e+01 8.85670395e+01 8.42881317e+01 8.82092361e+01
    8.77700424e+01 9.25799179e+01 9.28069000e+01 9.07007370e+01
    9.23601151e+01 8.96009827e+01 8.87383194e+01 8.89501724e+01
    9.03502731e+01 9.16280975e+01 8.87930145e+01 9.03456192e+01
    9.25036011e+01 9.43561325e+01 9.27755203e+01 9.39853897e+01
    9.27546768e+01 9.29601593e+01 9.04073486e+01 9.20110931e+01
    9.00217590e+01 8.84815826e+01 8.79894485e+01 9.35048218e+01
    9.16635361e+01 8.96428146e+01 9.23635635e+01 9.51439972e+01
    9.36531143e+01 9.29804611e+01 9.34227829e+01 9.10234299e+01
    9.18701324e+01 9.24075623e+01 9.23686447e+01 9.08759003e+01
    9.38322830e+01 9.17366104e+01 9.50693665e+01 9.51148453e+01
    9.70636520e+01 9.58443298e+01 9.52374649e+01 9.66769333e+01
    9.40918045e+01 9.75824890e+01 9.34097214e+01 9.33357773e+01
    9.25290070e+01 9.14805450e+01 9.35431747e+01 9.26572418e+01
    9.33399887e+01 8.95888901e+01 9.32961884e+01 9.14576721e+01
    9.22623138e+01 9.10280151e+01 9.11607742e+01 8.91334763e+01
    9.01360016e+01 8.71686707e+01 8.73749771e+01 9.01580124e+01
    8.91484833e+01 8.77048874e+01 9.13773575e+01 8.99754639e+01
    9.17674713e+01 9.06484070e+01 9.32251205e+01 9.26763916e+01
    9.57571335e+01 8.84949341e+01 9.22274323e+01 9.31109619e+01
    9.06489792e+01 8.96665573e+01 9.28917923e+01 8.93851852e+01
    8.97819290e+01 9.13528824e+01 9.21553345e+01 9.06677094e+01
    9.20066605e+01 8.83548813e+01 8.78670883e+01 8.81692200e+01
    8.91764450e+01 8.39674835e+01 8.26778793e+01 8.34905777e+01
    8.75915298e+01 8.60437241e+01 8.55276337e+01 8.41222916e+01
    8.66002197e+01 8.56455460e+01 8.73699875e+01 8.73758392e+01
    8.31177902e+01 8.64575882e+01 8.48549881e+01 8.29512329e+01
    8.69469833e+01 8.68745880e+01 8.58854065e+01 8.55689392e+01
    8.71388474e+01 8.70071945e+01 8.79155197e+01 8.60704956e+01
    8.70720978e+01 8.81100388e+01 8.72842102e+01 9.00614853e+01
    8.68879623e+01 8.90094452e+01 9.08442001e+01 8.79585953e+01
    9.02615891e+01 8.57404785e+01 8.74847870e+01 8.82452469e+01
    9.07036667e+01 9.19234848e+01 9.07122192e+01 9.21559753e+01
    8.95141830e+01 9.24831772e+01 8.80488281e+01 8.80022964e+01
    8.78332291e+01 8.75485458e+01 8.95246124e+01 9.28702240e+01
    9.12774582e+01 8.89347458e+01 9.31590652e+01 9.10844116e+01
    9.13712234e+01 8.82885895e+01 9.06824570e+01 9.26418762e+01
    8.86333084e+01 8.72274399e+01 8.89871902e+01 8.77341843e+01
    8.50570755e+01 8.84280472e+01 8.80010147e+01 8.50055542e+01
    8.61847000e+01 8.65824127e+01 8.79625854e+01 8.41443253e+01
    8.55660629e+01 8.45812759e+01 8.94152527e+01 8.74928818e+01
    8.58332443e+01 8.62861481e+01 8.67911758e+01 9.06413422e+01
    9.12479401e+01 9.20289688e+01 9.15934372e+01 9.15402374e+01
    9.00140839e+01 9.20219116e+01 9.30484314e+01 9.37802658e+01
    9.33725891e+01 9.34963837e+01 9.23195038e+01 9.05975647e+01
    8.93367538e+01 8.84449921e+01 8.97751389e+01 9.31654282e+01
    9.08258514e+01 9.07021713e+01 9.44801865e+01 9.24654922e+01
    9.16809769e+01 8.90809555e+01 9.26816635e+01 8.99319839e+01
    8.97927933e+01 9.20766983e+01 8.75806580e+01 9.02913208e+01
    9.06071701e+01 9.21038437e+01 8.92842026e+01 9.14492035e+01
    8.87240448e+01 8.97927704e+01 9.30718689e+01 9.19974289e+01
    9.02993164e+01 9.07404099e+01 9.30269775e+01 9.13199005e+01
    9.18293228e+01 9.15049133e+01 9.20558014e+01 9.39523392e+01
    9.66287994e+01 9.07743988e+01 9.24623795e+01 9.43339691e+01
    9.46355743e+01 9.55717163e+01 9.43661652e+01 9.56051025e+01
    9.53969650e+01 9.40462418e+01 9.17258377e+01 9.14623566e+01
    8.87058640e+01 8.96068802e+01 8.68870316e+01 8.79547348e+01
    8.97740402e+01 9.23784027e+01 8.93553467e+01 8.88090897e+01
    9.19452286e+01 9.36033325e+01 9.13208618e+01 9.34387283e+01
    9.04563217e+01 9.15517120e+01 8.87090988e+01 8.78789368e+01
    9.10788803e+01 8.99356918e+01 9.11986237e+01 9.22619629e+01
    9.26554947e+01 9.07654572e+01 9.05726547e+01 9.09910049e+01
    9.28294601e+01 9.12441635e+01 9.16695175e+01 9.46682663e+01
    9.21374588e+01 9.23604965e+01 8.96511841e+01 9.52412109e+01
    9.30880737e+01 9.55926056e+01 9.21117249e+01 8.90941925e+01
    9.03754883e+01 8.97722549e+01 8.71658707e+01 8.74109955e+01
    9.26913071e+01 8.73835983e+01 9.24265671e+01 8.95935516e+01
    8.99462662e+01 9.17271805e+01 9.52005768e+01 9.02457504e+01
    9.18161011e+01 9.41004791e+01 9.28556213e+01 8.94209213e+01
    9.36937027e+01 9.34692383e+01 9.27256470e+01 9.31873703e+01
    9.69152069e+01 9.57949066e+01 9.60138550e+01 9.73552628e+01
    9.57114410e+01 9.48935013e+01 9.67497406e+01 9.48128967e+01
    9.50401611e+01 9.31849136e+01 9.24307861e+01 9.38037415e+01
    9.00746765e+01 8.91074905e+01 9.10848465e+01 9.07543259e+01
    9.16141357e+01 9.36083755e+01 9.43357925e+01 9.14569626e+01
    9.01824341e+01 9.06145859e+01 8.80993042e+01 8.88152771e+01
    9.23237915e+01 8.92213898e+01 8.93007660e+01 9.21476059e+01
    9.05354233e+01 8.96553345e+01 9.30851135e+01 9.48433456e+01
    9.15547562e+01 9.56368103e+01 9.40385437e+01 9.22004929e+01
    9.40154266e+01 9.17214432e+01 9.32453308e+01 9.09837875e+01
    9.31145096e+01 9.01927185e+01 9.26924896e+01 9.28675842e+01
    8.98726501e+01 8.96095352e+01 9.10763626e+01 8.62852249e+01
    8.85097656e+01 8.63470306e+01 8.63821259e+01 8.57980957e+01
    8.27531128e+01 7.95094528e+01 8.53286819e+01 8.69483032e+01
    8.48725739e+01 8.57173386e+01 8.57115402e+01 8.43483658e+01
    8.63154602e+01 8.46861191e+01 8.32899628e+01 8.42671661e+01
    8.56303253e+01 8.45440521e+01 8.39099655e+01 8.56828384e+01
    8.68134537e+01 8.97908173e+01 8.59960251e+01 8.66161270e+01
    8.73166733e+01 8.76126633e+01 8.79668808e+01 8.90726624e+01
    8.87653732e+01 8.59454880e+01 8.93250351e+01 8.86840744e+01
    9.00111160e+01 8.78351746e+01 9.08458405e+01 8.94676971e+01
    8.96852264e+01 8.83971176e+01 8.74584579e+01 9.13553314e+01
    9.05634918e+01 9.03370361e+01 9.21297836e+01 9.10192490e+01
    8.48003769e+01 8.79125290e+01 8.91992493e+01 9.26276550e+01
    9.13617401e+01 8.65138245e+01 8.79503098e+01 9.12812805e+01
    8.94737854e+01 8.78582993e+01 9.12873840e+01 9.30952759e+01
    8.93369980e+01 8.95939331e+01 8.76458588e+01 8.75689240e+01
    8.83576889e+01 8.16659012e+01 8.64996948e+01 8.89349365e+01
    8.56825867e+01 8.70477142e+01 8.64374084e+01 8.53433685e+01
    8.40717392e+01 8.97629166e+01 8.39900360e+01 8.31423111e+01
    8.63193207e+01 8.63566742e+01 8.75947952e+01 8.39737778e+01
    8.72886734e+01 8.62531281e+01 9.30448685e+01 9.35951920e+01
    9.26385651e+01 9.11396790e+01 9.17033234e+01 9.08405991e+01
    9.09272614e+01 9.65660706e+01 9.66056595e+01 9.40820541e+01
    9.30170593e+01 9.51801758e+01 9.36174545e+01 8.88930206e+01
    9.27000504e+01 9.18929901e+01 9.56334991e+01 9.35595169e+01
    9.33446198e+01 9.33676453e+01 9.02314453e+01 9.45708084e+01
    9.34720306e+01 9.33553543e+01 8.97564468e+01 9.06817245e+01
    8.91926422e+01 8.88976364e+01 8.99720764e+01 8.94203720e+01
    8.93087769e+01 9.26820831e+01 8.96732864e+01 9.18826523e+01
    9.00650940e+01 9.49371567e+01 8.98344574e+01 9.26731796e+01
    9.43718643e+01 9.04814301e+01 9.59995041e+01 9.22289276e+01
    9.14014206e+01 9.61124802e+01 9.95230637e+01 9.59851151e+01
    9.33702850e+01 9.60085220e+01 9.46138611e+01 9.49062424e+01
    9.95784073e+01 9.79402237e+01 9.59653931e+01 9.79323959e+01
    9.32862244e+01 9.12863235e+01 8.95555038e+01 9.00150375e+01
    8.80109329e+01 8.95648804e+01 8.96869507e+01 9.15094223e+01
    9.31348801e+01 9.30828857e+01 9.15295563e+01 8.87386475e+01
    9.16483231e+01 8.96610336e+01 9.18831024e+01 8.90457535e+01
    9.17259979e+01 9.04098969e+01 8.97810974e+01 9.13645782e+01
    8.99468918e+01 9.14442749e+01 9.05816650e+01 9.35611801e+01
    9.20227585e+01 9.27216797e+01 9.15122681e+01 9.30901337e+01
    9.31650696e+01 9.57875137e+01 8.87317200e+01 9.17960052e+01
    9.59431076e+01 9.20976105e+01 9.38185883e+01 9.53341751e+01
    9.18995895e+01 9.05985184e+01 9.04483109e+01 9.13712616e+01
    9.39569778e+01 8.94202499e+01 9.06007690e+01 8.85308609e+01
    8.91097565e+01 9.20204849e+01 9.00219727e+01 9.28794785e+01
    9.41101990e+01 9.10614014e+01 9.45877380e+01 9.58566437e+01
    9.10042801e+01 9.30727463e+01 9.30143204e+01 9.59486313e+01
    9.44171143e+01 9.62082291e+01 9.95863266e+01 9.67693787e+01
    9.93638077e+01 9.84109650e+01 9.85026169e+01 9.69507294e+01
    9.87620621e+01 9.59634552e+01 9.56268768e+01 9.31991653e+01
    9.33781967e+01 9.27768021e+01 9.22931595e+01 9.32894745e+01
    8.89574203e+01 9.17308121e+01 9.14798050e+01 9.49810257e+01
    8.95085068e+01 9.03381729e+01 8.83460464e+01 8.88858871e+01
    8.77757492e+01 8.81306610e+01 8.96239471e+01 8.90653915e+01
    8.82019501e+01 8.46457977e+01 9.10680313e+01 9.05877457e+01
    9.06176987e+01 9.05540619e+01 8.97251434e+01 9.29423676e+01
    9.31718521e+01 9.37599258e+01 9.18995972e+01 9.26020279e+01
    9.19976959e+01 9.21818848e+01 9.32246017e+01 8.94070892e+01
    8.95476456e+01 8.71718750e+01 8.75283737e+01 9.01869354e+01
    8.77097244e+01 8.94821472e+01 8.72337875e+01 8.50744553e+01
    8.30552521e+01 8.21229630e+01 8.02161179e+01 8.03899918e+01
    8.14858017e+01 8.57994461e+01 8.55826492e+01 8.39306946e+01
    8.44070816e+01 8.40641327e+01 8.31581497e+01 8.21549606e+01
    8.09585953e+01 8.24417801e+01 8.26082001e+01 8.46930695e+01
    8.52406540e+01 8.85742188e+01 8.46532440e+01 8.90520401e+01
    8.86978683e+01 8.92167969e+01 8.92693710e+01 8.91543121e+01
    9.10559540e+01 8.99726868e+01 9.01597748e+01 8.86474228e+01
    8.96456528e+01 8.86615677e+01 9.19170532e+01 9.08971481e+01
    8.61636658e+01 9.04223938e+01 8.92437897e+01 8.84321976e+01
    9.08895645e+01 8.97919312e+01 8.85767899e+01 9.16361465e+01
    9.01359024e+01 8.97704544e+01 8.61114502e+01 8.76974106e+01
    8.73264771e+01 8.76208725e+01 8.63490753e+01 9.05522156e+01
    9.02746964e+01 9.17401810e+01 9.41408844e+01 9.09254303e+01
    9.23176041e+01 8.92062759e+01 8.90449905e+01 9.14528961e+01
    8.81719437e+01 8.74549103e+01 9.17440262e+01 8.76047440e+01
    8.62488937e+01 8.85339813e+01 8.90664368e+01 9.08261566e+01
    8.55186462e+01 8.72618027e+01 8.41553192e+01 8.66549149e+01
    8.33490524e+01 8.42985992e+01 8.57990723e+01 8.75347214e+01
    8.78584366e+01 8.63867111e+01 8.59123459e+01 9.13310547e+01
    9.05656357e+01 9.09216919e+01 9.01864777e+01 8.88538513e+01
    9.23456802e+01 9.11494980e+01 9.25737457e+01 9.12443848e+01
    9.63066940e+01 9.27921982e+01 9.11459045e+01 9.27210770e+01
    9.04241104e+01 9.11465149e+01 9.18039093e+01 9.19220886e+01
    9.23511963e+01 9.63888779e+01 9.21210938e+01 9.14778671e+01
    8.80112457e+01 9.34291534e+01 9.02953873e+01 9.20479584e+01
    8.84798584e+01 8.98844833e+01 8.80360413e+01 8.99952164e+01
    9.06517487e+01 9.24402924e+01 8.98529816e+01 8.66589966e+01
    9.40968399e+01 9.04657822e+01 9.47376328e+01 9.61422119e+01
    9.45585403e+01 9.72057343e+01 9.53375854e+01 9.64499588e+01
    9.23898849e+01 9.55383072e+01 9.49170990e+01 9.57395401e+01
    9.68656006e+01 9.76618881e+01 9.47729874e+01 9.85385895e+01
    9.65400314e+01 9.64582138e+01 9.88289490e+01 9.89272995e+01
    9.84472961e+01 9.63460007e+01 8.88080444e+01 9.09387741e+01
    8.90617142e+01 8.73752441e+01 8.69562302e+01 8.63228378e+01
    9.12576828e+01 8.99999695e+01 9.01379318e+01 8.87315674e+01
    9.05678787e+01 9.04551392e+01 9.12322845e+01 8.99902344e+01
    9.14194717e+01 8.94114990e+01 8.99427567e+01 9.02228622e+01
    9.05540237e+01 9.10256958e+01 9.12383881e+01 9.47047043e+01
    9.55482254e+01 9.21863632e+01 9.32557678e+01 9.44092255e+01
    9.68081818e+01 9.26942825e+01 9.12776566e+01 9.14320526e+01
    9.32343140e+01 9.29341431e+01 9.30947571e+01 9.38048019e+01
    9.33628311e+01 9.53903885e+01 9.37779922e+01 9.16871414e+01
    9.17874603e+01 8.74658585e+01 9.11366806e+01 8.91634140e+01
    8.92126770e+01 9.13508072e+01 9.05093460e+01 9.27505493e+01
    9.07979813e+01 9.03152161e+01 9.46708450e+01 9.31734695e+01
    9.64890671e+01 9.35463409e+01 9.45507126e+01 9.06943741e+01
    9.30723267e+01 9.35634460e+01 9.52522583e+01 9.66624680e+01
    9.60535812e+01 9.97177658e+01 9.68361511e+01 9.91064224e+01
    1.00091370e+02 9.70947418e+01 9.67813797e+01 9.71770630e+01
    9.50979004e+01 9.67964172e+01 9.03945541e+01 9.24295197e+01
    8.89915543e+01 9.16155396e+01 8.95188141e+01 9.22138062e+01
    9.03217621e+01 9.27256851e+01 8.92114029e+01 8.98701172e+01
    8.81203156e+01 8.84518509e+01 8.92543259e+01 8.75472565e+01
    8.90209656e+01 8.92863464e+01 8.77971344e+01 8.73773804e+01
    9.04927216e+01 9.13342972e+01 8.78535233e+01 9.08882523e+01
    9.59465408e+01 9.07978592e+01 9.15312881e+01 9.09063568e+01
    8.93994370e+01 8.65000992e+01 9.08599091e+01 8.90807571e+01
    8.99160843e+01 8.80355148e+01 9.10067825e+01 8.96306305e+01
    9.08531265e+01 8.99647675e+01 8.86559067e+01 8.66671906e+01
    8.47015839e+01 8.28230972e+01 8.38590775e+01 8.15389099e+01
    7.96966858e+01 8.26001511e+01 7.90257034e+01 8.48795242e+01
    8.24857788e+01 8.33089828e+01 8.26671143e+01 8.38524094e+01
    8.56729736e+01 8.45244598e+01 7.77544327e+01 8.02155991e+01
    8.23565369e+01 8.47963257e+01 8.32045975e+01 8.16146164e+01
    8.80362091e+01 8.79728928e+01 9.07658997e+01 9.02161942e+01
    9.08600998e+01 8.84970093e+01 8.86632004e+01 9.28503647e+01
    9.10057449e+01 8.98535385e+01 8.82659988e+01 8.84031448e+01
    9.06904449e+01 9.10090256e+01 9.01994400e+01 9.24261475e+01
    8.73164825e+01 8.66663284e+01 9.12118683e+01 9.00929108e+01
    9.37349777e+01 9.12961578e+01 9.01624222e+01 9.00756073e+01
    8.87125931e+01 8.66869965e+01 9.03407440e+01 8.69690857e+01
    9.26717300e+01 9.24868011e+01 9.00251083e+01 9.38706741e+01
    9.25104065e+01 9.28677979e+01 9.13371582e+01 9.55417404e+01
    8.85995178e+01 9.21620255e+01 8.86245346e+01 8.65157089e+01
    8.74035339e+01 8.77601089e+01 8.69720688e+01 8.84304504e+01
    8.77242355e+01 8.57189331e+01 8.67610474e+01 8.42174835e+01
    8.41188507e+01 8.59877243e+01 8.30272141e+01 8.69289703e+01
    8.37073212e+01 8.41485138e+01 8.52595215e+01 8.38480835e+01
    8.32364578e+01 8.99768600e+01 9.18577118e+01 9.23635483e+01
    9.20100708e+01 9.16156769e+01 8.98242798e+01 9.39974213e+01
    9.27819595e+01 9.03797226e+01 9.51586990e+01 9.28319168e+01
    8.90165100e+01 9.22561798e+01 9.32675095e+01 8.82935715e+01
    8.85153580e+01 9.03531113e+01 9.26334381e+01 8.86329575e+01
    9.11401901e+01 9.02727890e+01 9.08845062e+01 8.91803360e+01
    9.17284470e+01 9.02779694e+01 9.04628448e+01 8.76703186e+01
    8.84789124e+01 9.01564636e+01 9.42163544e+01 9.17553253e+01
    9.27396164e+01 9.36062927e+01 9.40004501e+01 9.34366684e+01
    9.38711090e+01 9.58572617e+01 9.41714020e+01 9.44891129e+01
    9.47540970e+01 9.46348572e+01 9.19144745e+01 9.53784866e+01
    9.54193497e+01 9.75673752e+01 9.92107925e+01 9.92266922e+01
    9.61839142e+01 9.54607620e+01 9.78421402e+01 9.86828003e+01
    1.00990105e+02 1.00985474e+02 9.59705353e+01 9.65465240e+01
    8.97518311e+01 8.75490875e+01 8.78498611e+01 8.84533615e+01
    9.05812302e+01 8.70211716e+01 8.84930878e+01 9.06665878e+01
    9.23820724e+01 9.13790588e+01 9.16418076e+01 9.24966202e+01
    9.07113876e+01 9.02184067e+01 9.11724777e+01 9.21670685e+01
    9.04151001e+01 8.94766159e+01 8.97550125e+01 8.79442291e+01
    9.31592255e+01 9.05238571e+01 9.33348999e+01 9.07269669e+01
    9.42934341e+01 9.30921707e+01 9.19638824e+01 9.27252121e+01
    9.21222534e+01 9.19182129e+01 9.02014008e+01 9.13127975e+01
    9.03267746e+01 9.21673279e+01 9.48493423e+01 9.34327240e+01
    9.30471802e+01 8.95270081e+01 8.64613724e+01 8.80033112e+01
    9.11078644e+01 8.81592865e+01 9.11280594e+01 8.84629822e+01
    8.94484024e+01 8.85726624e+01 9.26044540e+01 8.73660889e+01
    9.08376617e+01 9.20959396e+01 9.46312790e+01 9.17183380e+01
    9.16440048e+01 9.10927277e+01 9.14509583e+01 9.27315140e+01
    9.31412964e+01 9.67271957e+01 9.61614609e+01 1.00546906e+02
    9.80183945e+01 1.00310036e+02 9.59810944e+01 9.34568481e+01
    9.62902832e+01 9.67884140e+01 9.42346497e+01 9.51243439e+01
    9.45426941e+01 9.13862381e+01 9.22890396e+01 8.95413437e+01
    9.32694321e+01 9.03944168e+01 8.87330475e+01 9.45625076e+01
    8.90880890e+01 8.78419113e+01 8.76773911e+01 8.88947678e+01
    8.55939102e+01 8.69616470e+01 8.51810074e+01 8.59373779e+01
    8.68797455e+01 8.64772339e+01 9.07061386e+01 9.47990112e+01
    9.26362839e+01 9.29785309e+01 9.48327560e+01 9.39336090e+01
    9.42751236e+01 9.06633148e+01 8.90806580e+01 9.03512192e+01
    9.31227341e+01 9.39141159e+01 9.58179550e+01 9.18525085e+01
    9.13600769e+01 9.12164612e+01 9.35069580e+01 8.69272690e+01
    8.81467056e+01 8.54667435e+01 8.58335266e+01 8.43516159e+01
    8.51886215e+01 8.05985489e+01 8.05039444e+01 8.17848816e+01
    8.15771713e+01 8.42100067e+01 8.61485672e+01 8.55474091e+01
    8.26345520e+01 8.32851944e+01 8.28093338e+01 8.14484024e+01
    8.18161621e+01 8.03038940e+01 8.35871048e+01 8.33948593e+01
    8.58937454e+01 8.57804108e+01 8.46132965e+01 8.86562729e+01
    8.75185776e+01 8.95432968e+01 8.51404419e+01 9.18519135e+01
    8.95154190e+01 9.28119049e+01 9.03605270e+01 8.95117188e+01
    8.78003693e+01 8.87256546e+01 9.10713425e+01 8.82944260e+01
    9.02602539e+01 9.01682892e+01 8.89751740e+01 9.07565765e+01
    9.29455338e+01 9.18087997e+01 9.03070755e+01 9.18716431e+01
    9.40801773e+01 8.97086029e+01 9.08184204e+01 9.05091095e+01
    8.80836945e+01 8.86636658e+01 8.92914963e+01 9.05049210e+01
    9.16545715e+01 9.31897430e+01 9.24776611e+01 9.54289703e+01
    9.33231277e+01 9.16918564e+01 9.01548233e+01 8.93788757e+01
    8.61447678e+01 8.35275116e+01 8.92044830e+01 8.75597305e+01
    8.36597595e+01 8.94186478e+01 8.90582199e+01 8.57963867e+01
    8.64363480e+01 8.39773331e+01 8.65504990e+01 8.23847733e+01
    8.37361908e+01 8.37270050e+01 8.29486465e+01 8.54207993e+01
    8.45330658e+01 8.61524048e+01 8.23518982e+01 8.74086761e+01
    8.99433975e+01 8.83726349e+01 8.86818085e+01 8.99469299e+01
    9.01132812e+01 9.26489410e+01 9.06592484e+01 8.91813812e+01
    9.63630371e+01 9.29979935e+01 8.91676025e+01 8.72418671e+01
    9.37229691e+01 9.09159241e+01 8.77210007e+01 8.84360657e+01
    8.96309128e+01 9.32836304e+01 9.13894424e+01 9.03374329e+01
    9.16373825e+01 9.04629745e+01 9.13640518e+01 9.29568787e+01
    9.19672546e+01 9.06733322e+01 8.57436371e+01 9.10221100e+01
    9.12575378e+01 9.16814880e+01 9.25794220e+01 8.93409653e+01
    9.45872116e+01 9.34362411e+01 9.38064041e+01 9.33305206e+01
    9.37374344e+01 9.53245850e+01 9.25382385e+01 9.65052643e+01
    9.28708496e+01 9.39427795e+01 9.42668533e+01 9.57899323e+01
    9.55025406e+01 9.54182281e+01 9.49685898e+01 9.78290482e+01
    9.69203262e+01 1.00377731e+02 9.56732025e+01 9.97429504e+01
    9.78655243e+01 9.57541809e+01 8.96871262e+01 8.87944107e+01
    8.85822144e+01 9.19065781e+01 8.89730225e+01 8.62343750e+01
    8.81120529e+01 8.94481583e+01 8.96072388e+01 8.96758270e+01
    9.23315964e+01 9.20860291e+01 9.30196991e+01 9.06777191e+01
    9.39512939e+01 8.89090347e+01 8.92940674e+01 8.91600342e+01
    8.91443329e+01 8.86754456e+01 8.78020325e+01 9.18990097e+01
    9.05657120e+01 9.20312347e+01 9.10535812e+01 9.35395889e+01
    9.44888916e+01 8.91293640e+01 8.88565598e+01 9.11645966e+01
    9.22511063e+01 9.12406158e+01 8.94438171e+01 9.02173309e+01
    9.35575104e+01 9.18898468e+01 9.20283508e+01 8.81731033e+01
    9.25525208e+01 8.98641129e+01 9.07900162e+01 8.63281326e+01
    8.93307648e+01 8.87879562e+01 8.80965881e+01 8.91923599e+01
    9.22619324e+01 9.05075836e+01 8.98737946e+01 9.29479141e+01
    9.17832565e+01 9.19367218e+01 9.13472443e+01 9.42416916e+01
    9.09394150e+01 9.14279022e+01 9.27524414e+01 9.52373352e+01
    9.54802933e+01 9.54722595e+01 9.95992203e+01 9.75454941e+01
    9.89125977e+01 9.76221542e+01 9.81996689e+01 9.70291290e+01
    9.74086914e+01 9.53176575e+01 9.28184814e+01 9.57896271e+01
    9.10486221e+01 8.84005508e+01 9.27974472e+01 9.35706940e+01
    9.26663284e+01 9.09767838e+01 9.09776764e+01 8.90611420e+01
    8.86511307e+01 8.45317841e+01 8.37533951e+01 8.57578735e+01
    8.44666367e+01 8.53304596e+01 9.01044159e+01 8.81837921e+01
    8.64774170e+01 8.78798676e+01 8.94970016e+01 9.24446869e+01
    9.23627930e+01 9.05242157e+01 9.18217621e+01 9.04110031e+01
    8.96121445e+01 9.03434219e+01 9.27093048e+01 9.43924103e+01
    9.34415131e+01 9.04480362e+01 9.40783463e+01 9.10348892e+01
    9.54218674e+01 8.78670349e+01 9.27068710e+01 8.78778610e+01
    8.61443176e+01 8.47606049e+01 8.41419907e+01 8.16121521e+01
    8.33859940e+01 8.32955399e+01 8.67837601e+01 8.51962662e+01
    8.69210815e+01 8.10199051e+01 8.49555817e+01 8.46965790e+01
    8.49962082e+01 8.17799072e+01 7.98590775e+01 8.10483017e+01
    8.20990906e+01 7.93101578e+01 8.25537109e+01 8.41984711e+01
    8.60892334e+01 8.78890610e+01 8.64637146e+01 8.56917419e+01
    8.69782944e+01 8.79037323e+01 8.98561096e+01 8.95379181e+01
    8.97185059e+01 8.85952377e+01 8.77376175e+01 8.88748093e+01
    8.81618576e+01 8.99342041e+01 8.95460739e+01 9.14204941e+01
    8.87412415e+01 9.00110474e+01 8.90957108e+01 9.30097504e+01
    9.25998764e+01 9.39732895e+01 8.94035187e+01 8.86230011e+01
    9.19842606e+01 8.59848099e+01 8.69458008e+01 8.59941940e+01
    8.58849792e+01 9.13001862e+01 9.12162018e+01 8.82126617e+01
    8.74198227e+01 9.19274292e+01 9.19090271e+01 8.75380020e+01
    8.95252686e+01 8.99167480e+01 8.80729752e+01 8.44834900e+01
    8.73617401e+01 8.39963074e+01 8.54724884e+01 8.60001602e+01
    8.79184189e+01 8.70682907e+01 8.74945450e+01 8.69553452e+01
    8.35774689e+01 8.66165771e+01 8.16266403e+01 8.49546661e+01
    8.36400681e+01 8.16951981e+01 8.27342758e+01 8.58849030e+01
    8.70481033e+01 8.54046402e+01 8.96925507e+01 9.14953003e+01
    9.26068115e+01 9.20899124e+01 9.04643631e+01 9.38646851e+01
    9.38392715e+01 9.17653732e+01 9.13851395e+01 9.36151352e+01
    9.30489426e+01 8.94614029e+01 9.11955414e+01 8.89630661e+01
    9.08725052e+01 9.19663010e+01 8.75934830e+01 9.11918793e+01
    8.99486694e+01 9.24851685e+01 8.94166565e+01 8.98603592e+01
    9.13501053e+01 9.13735123e+01 8.76510391e+01 9.12523193e+01
    8.95597610e+01 8.81705780e+01 9.08016891e+01 9.30117798e+01
    9.22931137e+01 9.21501617e+01 9.33005905e+01 9.31038895e+01
    9.46489716e+01 9.61062164e+01 9.15472565e+01 9.51122055e+01
    9.51234283e+01 9.27715988e+01 9.18458862e+01 9.58514786e+01
    9.64726944e+01 9.87441101e+01 9.38022766e+01 9.83159332e+01
    9.45549622e+01 9.89634247e+01 9.62589645e+01 9.73786087e+01
    9.74057999e+01 9.63281937e+01 9.57766418e+01 9.36936722e+01
    9.25972900e+01 8.84573517e+01 9.14004974e+01 9.07893600e+01
    8.84803238e+01 8.95811081e+01 8.66829453e+01 9.30865860e+01
    9.09068832e+01 8.98136902e+01 8.89219360e+01 8.77466202e+01
    9.05689163e+01 8.86940994e+01 8.86208878e+01 8.97089920e+01
    8.63734589e+01 8.57854614e+01 8.92074738e+01 8.79238052e+01
    8.88145370e+01 8.83418198e+01 8.84570770e+01 9.29033432e+01
    9.02202225e+01 9.03836365e+01 9.06267166e+01 9.34805450e+01
    9.49879684e+01 9.05512924e+01 8.90546875e+01 8.72213898e+01
    9.28756256e+01 9.03346024e+01 9.03754120e+01 9.27544403e+01
    9.56788101e+01 8.90774689e+01 8.23454514e+01 8.60156555e+01
    8.69430008e+01 8.74022903e+01 8.75726929e+01 8.71343155e+01
    9.13753204e+01 8.68287201e+01 9.11580582e+01 8.75723267e+01
    8.90222015e+01 9.26866608e+01 9.03042679e+01 9.26526108e+01
    9.20876694e+01 8.77409668e+01 8.89801865e+01 9.02284622e+01
    9.22702103e+01 9.10289307e+01 9.62428360e+01 9.82986145e+01
    1.00745407e+02 9.82700043e+01 9.85541077e+01 9.87898560e+01
    9.57455139e+01 9.50942307e+01 9.40792847e+01 9.69046783e+01
    9.46364517e+01 9.45682602e+01 9.34384460e+01 9.09364395e+01
    9.14842758e+01 9.35018463e+01 9.27529068e+01 9.35626831e+01
    9.57581253e+01 8.98233109e+01 8.97248459e+01 9.13835144e+01
    8.68491058e+01 8.80323410e+01 8.86216431e+01 8.69272156e+01
    8.59842529e+01 8.65149460e+01 8.91370163e+01 9.12783966e+01
    9.12267303e+01 9.16450806e+01 9.16493835e+01 9.01264648e+01
    8.73965225e+01 8.93197632e+01 8.76297531e+01 8.67791672e+01
    8.90889206e+01 9.02270660e+01 9.40210953e+01 8.79935226e+01
    9.12681961e+01 9.28505859e+01 9.23524094e+01 9.06547318e+01
    8.62533798e+01 8.72413559e+01 8.52026443e+01 8.61523438e+01
    8.42886276e+01 8.13764725e+01 8.25011749e+01 8.24604034e+01
    8.63142090e+01 8.41596451e+01 8.52564087e+01 8.32666016e+01
    8.59500351e+01 8.47929916e+01 8.41601639e+01 8.53889618e+01
    8.32004318e+01 8.38678207e+01 8.24054337e+01 8.49000854e+01
    8.72053452e+01 8.64342422e+01 8.73059921e+01 8.64504395e+01
    8.74840240e+01 8.86804733e+01 8.76925888e+01 8.97263412e+01
    8.95346375e+01 8.70569000e+01 8.97015533e+01 8.83460312e+01
    8.60801926e+01 9.03467026e+01 8.98846970e+01 9.19749908e+01
    8.90951233e+01 9.29787521e+01 8.67777176e+01 8.79221191e+01
    9.01545258e+01 8.88018265e+01 9.17090836e+01 8.98650436e+01
    9.13584976e+01 9.09423523e+01 9.01515808e+01 8.85630951e+01
    8.84178772e+01 8.71551971e+01 8.78199539e+01 9.01601257e+01
    9.15312881e+01 8.87786255e+01 8.94650116e+01 9.05459976e+01
    8.89857330e+01 9.12210007e+01 8.80147171e+01 8.61518707e+01
    8.48831482e+01 8.96240005e+01 8.45046768e+01 8.69898071e+01
    8.45757217e+01 8.77648163e+01 8.79045029e+01 8.51759415e+01
    8.65567932e+01 8.43594742e+01 8.34071121e+01 8.57904510e+01
    8.40637360e+01 8.34697800e+01 8.40201874e+01 8.22759476e+01
    8.34747314e+01 8.43306122e+01 8.59392090e+01 8.46364822e+01
    9.05180054e+01 8.77637634e+01 9.02386703e+01 9.04683838e+01
    8.88537827e+01 8.89445343e+01 8.89903793e+01 9.24199371e+01
    9.36980362e+01 9.08887863e+01 9.10408249e+01 9.25770416e+01
    8.95052338e+01 8.79763412e+01 9.01779633e+01 8.94433517e+01
    9.11667480e+01 8.82214661e+01 9.34425659e+01 8.96189194e+01
    9.02872543e+01 9.01779709e+01 9.11258240e+01 9.18520203e+01
    9.07078857e+01 9.06702423e+01 9.16156921e+01 8.99691315e+01
    9.10187149e+01 9.45042419e+01 9.44288254e+01 9.37151794e+01
    9.43593445e+01 9.55254745e+01 9.54282150e+01 9.56984558e+01
    9.84018402e+01 9.60274658e+01 9.52313461e+01 9.45721512e+01
    9.55398712e+01 9.68664474e+01 9.09874191e+01 9.70574722e+01
    9.42042542e+01 9.35856476e+01 9.16527634e+01 9.47612915e+01
    9.17021332e+01 9.40585785e+01 9.26309280e+01 9.34204254e+01
    9.54782639e+01 9.09225235e+01 8.77477112e+01 9.03694077e+01
    9.26825027e+01 8.93139572e+01 9.05342941e+01 9.33702316e+01
    9.19554520e+01 9.08455582e+01 9.17130661e+01 8.91246948e+01
    9.19271240e+01 9.22745361e+01 9.17338333e+01 9.09635925e+01
    8.91791840e+01 9.00653534e+01 9.30931396e+01 8.54871979e+01
    8.91319199e+01 8.79597778e+01 8.95140991e+01 9.21525116e+01
    8.96595535e+01 8.78186111e+01 9.36144562e+01 9.28553162e+01
    8.82705765e+01 9.20859604e+01 9.03366013e+01 8.78760300e+01
    8.98192444e+01 8.92992401e+01 8.96403656e+01 9.29063950e+01
    9.19111786e+01 9.19759521e+01 9.32786026e+01 9.15389328e+01
    8.90652466e+01 8.47581787e+01 9.02120209e+01 8.86312714e+01
    9.03323059e+01 8.90138855e+01 8.73239288e+01 8.75968857e+01
    9.01831207e+01 8.81346588e+01 8.99628448e+01 8.99888306e+01
    9.11237793e+01 8.91291275e+01 9.15601044e+01 8.86805573e+01
    8.91620026e+01 9.08355103e+01 9.19442749e+01 9.49911728e+01
    9.52775574e+01 9.79679565e+01 9.45370560e+01 1.00302963e+02
    9.81811829e+01 1.00490005e+02 9.58096771e+01 1.00024689e+02
    9.68356857e+01 9.60057831e+01 9.41918259e+01 9.50998383e+01
    9.38654099e+01 9.52765961e+01 9.22172394e+01 9.15792618e+01
    9.51361160e+01 9.49712524e+01 9.29775391e+01 9.36394730e+01
    9.04899216e+01 8.79953918e+01 8.67595978e+01 8.85196915e+01
    8.57884064e+01 8.79331207e+01 8.66421738e+01 8.93960114e+01
    8.77507324e+01 8.99793472e+01 9.13640823e+01 9.14234238e+01
    9.16327972e+01 8.97539139e+01 8.97002182e+01 8.81636734e+01
    8.76730804e+01 8.73594513e+01 8.61687851e+01 8.99729156e+01
    9.23589401e+01 9.25868301e+01 8.91676407e+01 8.86968918e+01
    9.13376312e+01 8.92428818e+01 8.77905045e+01 8.87264328e+01
    8.57507553e+01 8.60957718e+01 7.93994141e+01 7.92834320e+01
    8.30707321e+01 8.27513046e+01 8.46362762e+01 8.47531662e+01
    8.41055984e+01 8.18043060e+01 8.60975723e+01 8.39147415e+01
    8.49492874e+01 8.74321747e+01 8.36988602e+01 8.19656906e+01
    8.48547058e+01 8.78987808e+01 8.80359421e+01 8.64212646e+01
    8.72829056e+01 8.82544327e+01 8.71761246e+01 8.70715027e+01
    8.61026077e+01 9.09535904e+01 8.60603561e+01 8.91684875e+01
    8.92305527e+01 8.81805496e+01 8.59386063e+01 8.77041473e+01
    8.83718948e+01 8.98429947e+01 9.05295029e+01 9.00150223e+01
    9.19641800e+01 8.68003159e+01 9.00947037e+01 9.02562866e+01
    9.17648926e+01 9.28366776e+01 9.15920792e+01 9.34786530e+01
    9.06848145e+01 9.08045883e+01 8.94622650e+01 8.89285431e+01
    9.01189880e+01 8.99134674e+01 9.18475571e+01 9.17306976e+01
    8.94132462e+01 9.17126541e+01 9.12121582e+01 9.03935623e+01
    9.14223251e+01 9.01925354e+01 8.73245773e+01 8.65232086e+01
    8.57472382e+01 8.54395218e+01 8.43707886e+01 8.62240677e+01
    8.70230331e+01 8.83510132e+01 8.73513870e+01 8.75056992e+01
    8.36151886e+01 8.18460693e+01 8.11901779e+01 8.15009766e+01
    8.21395416e+01 8.44069672e+01 8.35394669e+01 8.57495041e+01
    8.29337006e+01 8.66812515e+01 9.20064087e+01 8.70795898e+01
    8.92130966e+01 8.98625107e+01 8.73245392e+01 8.67122574e+01
    9.06046371e+01 8.91419678e+01 9.12377853e+01 9.20126266e+01
    9.28094025e+01 9.18465500e+01 8.96498032e+01 8.93888626e+01
    8.98190231e+01 9.12117767e+01 9.11557312e+01 8.86902924e+01
    8.95742035e+01 9.31556549e+01 9.13771286e+01 9.26945953e+01
    9.37850266e+01 9.69782562e+01 9.47758560e+01 9.59578247e+01
    9.30186691e+01 9.45349884e+01 9.76471634e+01 9.60567551e+01
    9.53588333e+01 9.47397385e+01 9.93663864e+01 9.58709030e+01
    9.65839157e+01 9.90124283e+01 9.73949203e+01 9.70912704e+01
    9.87887497e+01 9.73629303e+01 9.67795410e+01 9.70060654e+01
    9.60913391e+01 9.63426590e+01 9.58455200e+01 9.71336517e+01
    9.32820969e+01 9.61898499e+01 9.56283798e+01 9.70455475e+01
    9.44760132e+01 9.58125000e+01 9.57416077e+01 9.51127090e+01
    8.83138657e+01 9.10645218e+01 8.96548996e+01 8.70235977e+01
    8.88101730e+01 9.04507446e+01 8.73257599e+01 8.77300415e+01
    9.12446976e+01 9.05889282e+01 8.93247223e+01 9.02542801e+01
    9.12382889e+01 9.08625107e+01 9.07516098e+01 9.07326431e+01
    9.03449402e+01 8.99226227e+01 9.00316238e+01 8.88675995e+01
    8.87733612e+01 9.08127975e+01 9.10168686e+01 8.83462296e+01
    8.98282089e+01 8.88968582e+01 9.20082321e+01 8.90879669e+01
    8.93615112e+01 9.06153793e+01 9.18427277e+01 9.00367279e+01
    9.02005920e+01 9.27703018e+01 9.06569519e+01 9.18491058e+01
    9.30339127e+01 9.13274384e+01 8.91363678e+01 8.91497040e+01
    8.92581329e+01 8.70237885e+01 9.11086121e+01 8.83697739e+01
    8.78766022e+01 8.78109512e+01 8.82369308e+01 8.83739929e+01
    8.75073547e+01 8.95119247e+01 9.01475601e+01 8.94152145e+01
    8.98738785e+01 8.64852600e+01 8.99359589e+01 9.11551208e+01
    9.24325562e+01 9.01520615e+01 9.49809647e+01 9.58547592e+01
    9.74616776e+01 9.63040085e+01 9.47955704e+01 9.80923080e+01
    9.71694336e+01 1.00129128e+02 9.59623260e+01 9.52154465e+01
    9.55709915e+01 9.51153641e+01 9.24142685e+01 9.24694748e+01
    9.34272079e+01 9.28550339e+01 9.45274734e+01 9.65373077e+01
    9.16899796e+01 9.14849396e+01 8.73466492e+01 8.68243408e+01
    8.91701126e+01 8.55374680e+01 8.49265137e+01 8.64183655e+01
    8.63237915e+01 8.36447144e+01 8.68550415e+01 8.75314255e+01
    8.64620209e+01 8.95641174e+01 9.03570862e+01 9.13554001e+01
    8.96801453e+01 8.79944687e+01 8.79145660e+01 8.94076614e+01
    8.84975357e+01 8.85518951e+01 9.04029160e+01 8.82867432e+01
    8.64526138e+01 8.96307602e+01 9.08358459e+01 8.89294968e+01
    8.90797501e+01 8.44057846e+01 8.70303726e+01 8.31712646e+01
    8.47649460e+01 8.15379639e+01 8.25399780e+01 8.45459442e+01
    8.49223251e+01 8.43978348e+01 8.38437805e+01 8.66901474e+01
    8.56226349e+01 8.32945023e+01 8.36320267e+01 8.29521484e+01
    8.60410690e+01 8.35404816e+01 8.51357651e+01 8.59091949e+01
    8.57751007e+01 8.67868729e+01 8.48179169e+01 8.98302994e+01
    8.83244858e+01 8.67965927e+01 8.69106979e+01 8.92306213e+01
    8.98377533e+01 8.73248367e+01 8.78658905e+01 8.88910217e+01
    8.88746643e+01 9.03009720e+01 9.03613434e+01 9.39023590e+01
    9.38948288e+01 9.38653946e+01 9.24119263e+01 9.24377823e+01
    9.03834915e+01 9.03028336e+01 9.28345642e+01 9.48993301e+01
    9.50211792e+01 9.19012909e+01 9.31689529e+01 9.04075317e+01
    9.13200150e+01 9.25642395e+01 9.25121460e+01 9.23985443e+01
    9.09514465e+01 9.28476715e+01 9.13537903e+01 8.97288818e+01
    9.02537613e+01 9.12240982e+01 8.77360382e+01 8.55502548e+01
    9.04319000e+01 8.42052460e+01 8.81544037e+01 8.53986053e+01
    8.75525818e+01 8.54872894e+01 8.59261932e+01 8.98387604e+01
    8.50093918e+01 8.70212402e+01 8.23560715e+01 8.54757385e+01
    8.12454224e+01 8.32277145e+01 8.16895447e+01 8.20566177e+01
    8.18580399e+01 8.34251328e+01 8.48322449e+01 8.60274734e+01
    8.71561966e+01 8.89843369e+01 9.10706711e+01 8.71091080e+01
    8.85086899e+01 8.69270554e+01 8.95488358e+01 9.10881271e+01
    9.37781830e+01 9.45774231e+01 8.80229797e+01 9.10775986e+01
    9.03694992e+01 9.00750656e+01 8.90898361e+01 9.14372559e+01
    9.04151154e+01 9.17515793e+01 8.94597244e+01 9.38229599e+01
    9.12611771e+01 9.37805252e+01 9.31060028e+01 9.76420441e+01
    9.77392807e+01 9.54368362e+01 9.83922882e+01 9.37667007e+01
    9.75093384e+01 9.86744614e+01 9.68036575e+01 9.91742096e+01
    9.88163223e+01 1.00181862e+02 9.79570618e+01 1.01399010e+02
    9.85173569e+01 1.00201286e+02 9.74523926e+01 9.69593506e+01
    9.68195038e+01 9.69002914e+01 9.32454376e+01 9.90940552e+01
    9.66925125e+01 9.48182755e+01 9.41353378e+01 9.44666138e+01
    9.37386780e+01 9.58973999e+01 9.39875107e+01 9.38268280e+01
    9.43718872e+01 9.24025879e+01 9.15260468e+01 9.19651794e+01
    9.16985397e+01 8.98897018e+01 8.85345840e+01 8.91665573e+01
    8.93381805e+01 9.05360413e+01 8.85228348e+01 8.96315765e+01
    9.12073822e+01 9.07253418e+01 8.88853226e+01 8.73638229e+01
    9.07244568e+01 8.95205612e+01 8.77113724e+01 8.86608734e+01
    8.83176117e+01 8.62768402e+01 8.82130127e+01 9.05678787e+01
    9.03049545e+01 8.78950958e+01 9.08027573e+01 9.11930389e+01
    9.20175705e+01 9.12527695e+01 8.77872849e+01 9.10106125e+01
    8.74360123e+01 9.00248642e+01 9.15404434e+01 8.94714584e+01
    9.27908936e+01 9.17857666e+01 9.22801590e+01 8.87169037e+01
    8.93586807e+01 8.58340149e+01 8.71597443e+01 8.55680771e+01
    9.06966934e+01 8.80233459e+01 8.89434357e+01 8.83790665e+01
    9.04047089e+01 8.78852463e+01 8.89231186e+01 8.77815933e+01
    9.01485977e+01 8.98507996e+01 9.04607849e+01 8.41908875e+01
    8.68879471e+01 8.77691269e+01 8.98340149e+01 9.18910370e+01
    9.70437012e+01 9.60875244e+01 9.46041641e+01 9.44902496e+01
    9.60062256e+01 9.55868454e+01 9.33223114e+01 9.61403046e+01
    9.53771210e+01 9.27722931e+01 9.50137177e+01 9.44009247e+01
    9.20424576e+01 9.23231277e+01 9.25112610e+01 9.14984360e+01
    9.38034058e+01 9.18507004e+01 8.86580048e+01 8.69182663e+01
    8.78860397e+01 8.67417984e+01 8.61772766e+01 8.55120392e+01
    8.47535706e+01 8.32714386e+01 8.45374451e+01 8.77071838e+01
    8.64836655e+01 8.62741699e+01 8.95436172e+01 9.00631790e+01
    9.07765961e+01 8.75394669e+01 8.79188919e+01 8.98809357e+01
    8.89813309e+01 8.54389038e+01 8.82030869e+01 8.86500168e+01
    8.80886841e+01 8.98934937e+01 8.77489014e+01 8.85978622e+01
    8.86941528e+01 8.70408173e+01 8.58901672e+01 8.63154221e+01
    8.26216660e+01 8.22238922e+01 8.24207611e+01 8.19512482e+01
    8.15748901e+01 8.27461014e+01 8.31984482e+01 8.22824020e+01
    8.73690720e+01 8.62228928e+01 8.50106583e+01 8.42604523e+01
    8.56815262e+01 8.33874207e+01 8.46602402e+01 8.44411926e+01
    8.44141464e+01 8.63378983e+01 8.87733078e+01 8.85266266e+01
    8.57331772e+01 8.98787689e+01 9.04269180e+01 8.94266663e+01
    8.79698181e+01 8.92837830e+01 9.03307419e+01 9.17301788e+01
    9.14812775e+01 8.93567429e+01 8.96430435e+01 9.11195221e+01
    8.93554230e+01 9.04626694e+01 9.37693253e+01 9.27648315e+01
    9.10344391e+01 8.82054520e+01 9.01845703e+01 9.43152924e+01
    9.27779007e+01 9.24966431e+01 9.60737305e+01 9.16690750e+01
    9.01444931e+01 9.06625443e+01 8.81360321e+01 8.73820038e+01
    8.96151276e+01 9.06156311e+01 8.93867035e+01 9.27451019e+01
    9.05097504e+01 9.01894073e+01 8.89011841e+01 8.92519836e+01
    8.99531097e+01 8.95078354e+01 8.53170853e+01 8.44513397e+01
    8.53437958e+01 8.99587708e+01 8.55681458e+01 8.72963791e+01
    8.66254272e+01 9.16090012e+01 8.76835251e+01 8.74698868e+01
    8.46786804e+01 8.20614853e+01 8.01126633e+01 8.36272430e+01
    8.46580658e+01 7.94374390e+01 8.37403564e+01 8.72622604e+01
    8.20162048e+01 8.56072617e+01 8.74778900e+01 8.59900970e+01
    8.81774292e+01 8.96382065e+01 8.66570206e+01 8.95479813e+01
    9.30519638e+01 8.96642227e+01 9.29290848e+01 9.20076447e+01
    8.91540298e+01 9.14588013e+01 9.00742340e+01 8.79189987e+01
    8.90565872e+01 8.77516098e+01 9.16487122e+01 9.08428268e+01
    9.07525635e+01 9.24194641e+01 9.17747955e+01 9.29148026e+01
    9.53056488e+01 9.34637451e+01 9.56843185e+01 9.49047546e+01
    9.35950928e+01 9.67553024e+01 1.00264374e+02 9.77219162e+01
    9.69082336e+01 1.01185814e+02 9.91984558e+01 1.00143700e+02
    1.01220551e+02 1.01142143e+02 9.94482498e+01 1.00335999e+02
    1.02186150e+02 9.80978088e+01 9.72598801e+01 1.01021332e+02
    9.98097763e+01 9.83434296e+01 9.73995438e+01 9.67590866e+01
    9.79751358e+01 9.37637405e+01 9.59508820e+01 9.29467316e+01
    9.40655899e+01 9.60630722e+01 9.22641068e+01 9.41189499e+01
    8.87392120e+01 9.29056244e+01 9.01322861e+01 9.12853699e+01
    9.04473648e+01 9.03336563e+01 8.93047485e+01 9.05104904e+01
    8.89893112e+01 8.93681107e+01 8.78741226e+01 9.21086197e+01
    9.07040710e+01 8.90269699e+01 8.96109543e+01 8.96387711e+01
    9.02850876e+01 8.46720886e+01 8.61142426e+01 8.82621994e+01
    8.86110687e+01 8.95452957e+01 8.96105423e+01 8.93872375e+01
    8.99199219e+01 9.13677597e+01 8.82236557e+01 8.81491852e+01
    9.13848801e+01 9.29867859e+01 9.22973328e+01 8.93885727e+01
    9.20646210e+01 9.07190018e+01 9.12774429e+01 9.42387924e+01
    9.31250305e+01 8.75972519e+01 8.95180511e+01 8.75814133e+01
    8.92409668e+01 9.09026260e+01 8.97017822e+01 8.89086914e+01
    8.59037247e+01 8.78990707e+01 9.01051483e+01 8.71131516e+01
    8.76561127e+01 8.79382401e+01 9.13305206e+01 9.00021210e+01
    8.98990860e+01 8.80140686e+01 8.73234406e+01 8.97579422e+01
    9.25669937e+01 9.03900070e+01 9.22772751e+01 9.70818329e+01
    9.55093994e+01 9.74329605e+01 9.44858932e+01 9.80824890e+01
    9.65918579e+01 9.98493118e+01 9.64560928e+01 9.44556122e+01
    9.38222351e+01 9.12738953e+01 9.27243652e+01 9.07172089e+01
    9.35107651e+01 9.42045670e+01 9.32674026e+01 9.41735687e+01
    9.33308716e+01 8.87923279e+01 8.86947784e+01 8.82364349e+01
    8.65230103e+01 8.50958328e+01 8.60336761e+01 8.65545959e+01
    8.83140411e+01 8.88110352e+01 8.64200745e+01 8.57617416e+01
    8.59853973e+01 8.73241196e+01 8.84214478e+01 8.58852921e+01
    8.74804535e+01 8.71805115e+01 8.72552109e+01 8.47924423e+01
    8.60455246e+01 8.78493652e+01 8.57387924e+01 8.74574127e+01
    8.73945541e+01 9.11867828e+01 8.81511307e+01 8.54702072e+01
    8.64671097e+01 8.39146652e+01 8.08617783e+01 8.22903824e+01
    7.97923203e+01 7.88370361e+01 7.91633759e+01 8.00078506e+01
    8.10712814e+01 8.40954514e+01 8.20485840e+01 8.41069870e+01
    8.17985535e+01 8.30960159e+01 8.39742355e+01 8.19846878e+01
    8.38283768e+01 8.42394333e+01 8.47344589e+01 8.59937286e+01
    8.81763992e+01 9.28313599e+01 9.06715698e+01 8.91899490e+01
    9.02723389e+01 8.84424133e+01 9.22133484e+01 9.03176575e+01
    9.11436996e+01 9.30395279e+01 9.31141663e+01 8.96024399e+01
    9.00072556e+01 8.64030762e+01 9.02209854e+01 8.89526749e+01
    9.35003815e+01 8.99201736e+01 8.87795334e+01 8.99294434e+01
    9.03646088e+01 9.11834564e+01 9.27535858e+01 9.47696228e+01
    9.16675949e+01 8.98667679e+01 9.13094559e+01 8.81346893e+01
    9.01891861e+01 8.84434280e+01 8.81331635e+01 9.03356323e+01
    9.06323624e+01 8.92087708e+01 9.15609360e+01 9.07650681e+01
    9.21282349e+01 9.01111298e+01 8.92559586e+01 9.14176331e+01
    8.84027328e+01 8.35267487e+01 8.70959091e+01 8.76682510e+01
    8.44099579e+01 8.63835144e+01 8.73583527e+01 8.48807144e+01
    8.63354340e+01 8.88305206e+01 8.63024673e+01 8.63142166e+01
    8.43186340e+01 8.49944534e+01 8.49797440e+01 8.33981171e+01
    8.55743484e+01 8.22981491e+01 8.93532867e+01 8.79961090e+01
    8.72016602e+01 8.66515045e+01 9.06977310e+01 9.25298996e+01
    8.55587616e+01 8.91344681e+01 8.87773895e+01 9.29337692e+01
    8.89189682e+01 9.03683701e+01 8.91114960e+01 8.95278778e+01
    9.08849030e+01 8.54937439e+01 8.56921844e+01 8.65815811e+01
    9.20960693e+01 8.93052902e+01 8.74783630e+01 8.99911194e+01
    9.10910721e+01 9.06410294e+01 9.45167160e+01 9.35956955e+01
    9.21301804e+01 9.41018448e+01 9.59012527e+01 9.28571472e+01
    9.44754944e+01 9.63162766e+01 9.68133850e+01 9.79222412e+01
    1.01323448e+02 9.93420410e+01 1.02865738e+02 9.89764175e+01
    9.82683182e+01 1.01685417e+02 9.86428833e+01 9.62046051e+01
    9.65864792e+01 9.71553879e+01 9.57952652e+01 9.71446915e+01
    9.75528030e+01 9.35564728e+01 9.35862732e+01 9.56929550e+01
    9.46764755e+01 9.74786682e+01 9.36637878e+01 9.38130188e+01
    9.52050705e+01 9.56157990e+01 9.21242065e+01 9.01104126e+01
    9.05532379e+01 8.97871552e+01 8.80347137e+01 8.49975662e+01
    8.72444458e+01 9.00633621e+01 8.80486984e+01 8.95559998e+01
    9.23961563e+01 8.94372406e+01 9.20786438e+01 8.98958817e+01
    9.00701828e+01 9.18250504e+01 8.74954453e+01 8.60647049e+01
    8.79881363e+01 8.94668655e+01 8.92232895e+01 9.02133255e+01
    9.10845261e+01 8.90532150e+01 9.01776810e+01 8.87739944e+01
    9.48944244e+01 8.94117050e+01 9.05165482e+01 9.35355682e+01
    9.01364136e+01 8.96016006e+01 8.99890747e+01 9.23695755e+01
    9.02654953e+01 9.32896423e+01 9.17011719e+01 8.84805984e+01
    8.91715317e+01 8.79510193e+01 8.71094894e+01 8.67001648e+01
    8.98076248e+01 8.72755127e+01 8.61141129e+01 8.50794907e+01
    8.60367508e+01 8.49282074e+01 8.88911438e+01 8.74804459e+01
    8.53860245e+01 9.00851517e+01 9.12934113e+01 8.87875137e+01
    8.65696869e+01 8.92001648e+01 9.03770370e+01 9.25485611e+01
    9.23672867e+01 9.76003799e+01 9.69722137e+01 9.59907303e+01
    9.69012985e+01 9.59359055e+01 9.58653107e+01 9.61596146e+01
    9.62687302e+01 9.44657516e+01 9.55627136e+01 9.35485611e+01
    9.37961197e+01 9.19234848e+01 9.20018005e+01 9.57788162e+01
    9.58546982e+01 9.45233994e+01 9.16550293e+01 9.08820953e+01
    8.92873535e+01 8.89273987e+01 8.57570648e+01 8.61033936e+01
    8.56558838e+01 8.74634399e+01 8.24465332e+01 8.66476364e+01
    8.46548767e+01 8.55557861e+01 8.76598587e+01 8.90696640e+01
    8.86504669e+01 8.76185684e+01 8.18285141e+01 8.37161179e+01
    8.34498291e+01 8.64030685e+01 8.07345352e+01 8.48818054e+01
    8.82193222e+01 8.60430527e+01 8.43269424e+01 8.44906006e+01
    8.54694748e+01 8.49605637e+01 8.43820419e+01 8.43585968e+01
    7.96660614e+01 7.98730850e+01 7.83476944e+01 7.92323990e+01
    7.84019165e+01 7.94085770e+01 8.27810364e+01 8.08375931e+01
    8.53156052e+01 8.44384613e+01 8.40466995e+01 8.10329895e+01
    8.32556381e+01 8.86422501e+01 8.14179153e+01 8.33489914e+01
    8.54153900e+01 9.02660294e+01 8.67418671e+01 8.73903961e+01
    9.14165649e+01 8.92409363e+01 9.27451859e+01 8.93474579e+01
    9.14380493e+01 9.10603790e+01 8.99983444e+01 9.04201355e+01
    9.20178986e+01 8.79831696e+01 8.76105423e+01 8.87913895e+01
    9.03664169e+01 8.95788879e+01 8.76457977e+01 9.32042618e+01
    9.13016815e+01 9.00686035e+01 9.00072784e+01 9.29015961e+01
    9.07592926e+01 9.13801880e+01 9.01084366e+01 9.05162659e+01
    8.99484024e+01 8.99432602e+01 9.04088135e+01 8.70822678e+01
    8.60610580e+01 8.99763794e+01 9.52700882e+01 9.05987091e+01
    9.37248459e+01 9.12931061e+01 9.24967651e+01 8.86201248e+01
    9.05469131e+01 8.82400284e+01 8.75400696e+01 8.71557007e+01
    8.56085434e+01 8.78131180e+01 8.52979507e+01 8.66095200e+01
    8.75062103e+01 8.69974213e+01 8.74002914e+01 8.57368088e+01
    8.43255081e+01 8.19438553e+01 8.09477158e+01 8.38981018e+01
    8.29513702e+01 8.17956314e+01 8.54373550e+01 8.48784027e+01
    8.60299606e+01 8.42796097e+01 8.71288071e+01 8.79307022e+01
    8.69705887e+01 8.87731705e+01 8.77582932e+01 8.63589935e+01
    8.96451416e+01 8.93420334e+01 9.24082031e+01 8.93438721e+01
    9.08490601e+01 8.83904495e+01 8.86336212e+01 8.75263519e+01
    8.42255478e+01 8.79258194e+01 8.87167358e+01 8.73879929e+01
    8.79353790e+01 9.01893997e+01 8.88701248e+01 9.25039291e+01
    9.01280594e+01 9.23547211e+01 9.27430344e+01 9.08234940e+01
    9.25096588e+01 9.40590668e+01 9.61168213e+01 9.38270111e+01
    9.69009323e+01 9.90104675e+01 1.01091225e+02 9.77336731e+01
    9.95522308e+01 1.00461411e+02 1.02170914e+02 1.00960480e+02
    9.86357498e+01 9.85316086e+01 9.59539642e+01 9.38875198e+01
    9.56750946e+01 9.62143021e+01 9.24055328e+01 9.33931732e+01
    9.21656418e+01 9.67634735e+01 9.01302185e+01 9.52431107e+01
    9.20807724e+01 9.26846542e+01 9.40853043e+01 9.62432709e+01
    9.15926819e+01 9.30604019e+01 9.18635559e+01 9.04246826e+01
    8.98095627e+01 9.10399094e+01 8.79672852e+01 8.49528809e+01
    8.82000656e+01 8.79251328e+01 8.63053818e+01 8.64231415e+01
    9.08696671e+01 9.20124435e+01 8.84638443e+01 8.76319656e+01
    8.84360733e+01 8.92289047e+01 8.86228409e+01 8.90970612e+01
    8.69988861e+01 9.04031982e+01 8.91711197e+01 8.98943634e+01
    9.18003464e+01 9.15552444e+01 9.03274002e+01 9.16149445e+01
    9.19006882e+01 9.34256363e+01 9.05036621e+01 8.96842804e+01
    9.13313675e+01 9.33740768e+01 9.35422363e+01 9.27770309e+01
    9.28727264e+01 8.85258255e+01 8.70113525e+01 8.46747971e+01
    8.88479156e+01 8.73826752e+01 8.90242920e+01 8.86965942e+01
    8.52222748e+01 8.77985535e+01 8.88995514e+01 8.56734161e+01
    8.52353745e+01 8.59167099e+01 8.57811356e+01 8.67600555e+01
    9.06259003e+01 8.77053604e+01 8.83698349e+01 8.55401077e+01
    9.08343506e+01 9.46627960e+01 9.54546661e+01 9.56497955e+01
    9.48427734e+01 9.79877319e+01 9.47557907e+01 9.70282669e+01
    9.72086792e+01 9.68950806e+01 9.60098038e+01 9.47272644e+01
    9.50353851e+01 9.58566895e+01 9.39309464e+01 9.39157562e+01
    9.54190521e+01 9.45197601e+01 9.49709549e+01 9.05890427e+01
    9.53195953e+01 8.99306870e+01 8.68758926e+01 8.80043716e+01
    8.84898682e+01 8.85813293e+01 8.40203323e+01 8.37183304e+01
    8.65434647e+01 8.64279861e+01 8.68612823e+01 8.62422791e+01
    8.62421417e+01 8.64882736e+01 8.96660538e+01 8.71389313e+01
    8.58018417e+01 8.64208145e+01 8.43230057e+01 8.64377136e+01
    8.43133163e+01 8.52862854e+01 8.55195541e+01 8.77226791e+01
    8.40262604e+01 8.53860397e+01 8.72846832e+01 8.70767288e+01
    8.41617584e+01 8.31012192e+01 8.23147430e+01 7.95787582e+01
    8.07685776e+01 7.76817627e+01 7.94713364e+01 8.10001907e+01
    8.04080353e+01 8.41217651e+01 8.56822815e+01 8.39016342e+01
    8.42253265e+01 8.49356766e+01 8.39714203e+01 8.14650497e+01
    8.50210800e+01 8.44147491e+01 8.34153595e+01 8.35641098e+01
    8.81207123e+01 9.04708557e+01 8.92450867e+01 8.92268066e+01
    9.14725876e+01 9.15601578e+01 9.23615036e+01 9.32114182e+01
    9.59812012e+01 9.22383957e+01 9.25439529e+01 9.42148590e+01
    9.07330399e+01 8.67828217e+01 8.90771027e+01 9.33551102e+01
    8.94524918e+01 8.96319046e+01 9.00038376e+01 8.70870895e+01
    8.92045670e+01 9.02355804e+01 8.87316284e+01 9.10040970e+01
    9.08962860e+01 9.05769730e+01 9.09900055e+01 8.66678925e+01
    8.69354248e+01 8.81276398e+01 9.01473083e+01 9.06461258e+01
    8.80527878e+01 8.99360352e+01 9.12077484e+01 9.16749039e+01
    8.74344025e+01 8.99523468e+01 8.95838623e+01 9.22569504e+01
    8.76747665e+01 8.55687332e+01 8.48085861e+01 8.80035019e+01
    8.72761078e+01 8.70727234e+01 8.86514816e+01 8.70136261e+01
    8.41874237e+01 8.50053787e+01 8.09944916e+01 8.06842117e+01
    8.37058792e+01 8.27660522e+01 8.21116104e+01 8.30738297e+01
    8.27068787e+01 8.57110138e+01 8.29283371e+01 8.59609146e+01
    8.78071365e+01 8.61902695e+01 8.70860672e+01 8.67410812e+01
    8.55116043e+01 8.60404510e+01 8.82999344e+01 8.70071945e+01
    8.91108551e+01 8.80471268e+01 8.72173386e+01 8.66374207e+01
    8.49489212e+01 8.53524017e+01 8.61946869e+01 8.68164749e+01
    8.37207870e+01 8.64193420e+01 8.64798889e+01 8.67823715e+01
    9.06263428e+01 8.81624374e+01 9.09838333e+01 9.05274277e+01
    9.21290436e+01 9.30805206e+01 9.27586975e+01 9.28189163e+01
    9.26132660e+01 9.81107788e+01 9.59848328e+01 9.52462769e+01
    9.73439255e+01 9.88358536e+01 1.00515930e+02 9.91948013e+01
    1.03986206e+02 1.01317024e+02 9.98273315e+01 9.62965317e+01
    9.62115326e+01 9.72799149e+01 9.45904694e+01 9.77699051e+01
    9.30202026e+01 9.43603592e+01 9.45124969e+01 9.42152939e+01
    9.51020126e+01 9.21434937e+01 9.71803665e+01 9.49960632e+01
    9.47316208e+01 9.13811646e+01 9.03736496e+01 8.97032394e+01
    9.06883163e+01 8.72183838e+01 8.89532318e+01 8.76976700e+01
    8.75430832e+01 8.60827026e+01 8.56852875e+01 8.81770782e+01
    8.87329636e+01 8.73279877e+01 8.52969894e+01 9.01222916e+01
    8.61202164e+01 8.73796463e+01 8.64902267e+01 8.64302139e+01
    8.67998199e+01 9.02622070e+01 8.90687103e+01 8.95791245e+01
    9.15898743e+01 9.02566299e+01 8.94470673e+01 9.34976959e+01
    9.32139053e+01 9.54035950e+01 9.34568176e+01 9.03639450e+01
    9.15920715e+01 9.34130478e+01 9.35186615e+01 9.30892944e+01
    9.25752106e+01 8.95360870e+01 9.22641373e+01 9.02262421e+01
    8.39994354e+01 8.90343857e+01 8.65090637e+01 8.81139603e+01
    8.92496872e+01 8.82640076e+01 8.67185974e+01 8.54357681e+01
    8.82448807e+01 8.31017075e+01 8.38387909e+01 8.93408051e+01
    8.44125519e+01 8.64277420e+01 8.92980576e+01 8.66093369e+01
    8.81157837e+01 8.99744797e+01 9.09649277e+01 9.33897095e+01
    9.57931061e+01 9.45723038e+01 9.35636826e+01 9.54272766e+01
    9.78276978e+01 9.92002335e+01 9.60579071e+01 9.37873917e+01
    9.48140259e+01 9.51434708e+01 9.69967422e+01 9.37340317e+01
    9.64060287e+01 9.44687271e+01 9.67892609e+01 9.32978287e+01
    9.78749390e+01 9.53764725e+01 9.70030212e+01 8.94600830e+01
    9.07097778e+01 8.83370667e+01 8.86686172e+01 8.74878311e+01
    8.72417526e+01 8.57827606e+01 8.85929947e+01 8.93712997e+01
    8.84634705e+01 8.41415253e+01 8.75513687e+01 8.75221634e+01
    8.70148773e+01 8.45669785e+01 8.20157852e+01 8.71744308e+01
    8.22758865e+01 8.49454803e+01 8.19422989e+01 8.22351913e+01
    8.49169922e+01 8.81904221e+01 8.54679489e+01 8.63301392e+01
    8.77298584e+01 8.48314438e+01 8.23963623e+01 8.36257706e+01
    8.06711807e+01 8.04116135e+01 8.08866272e+01 7.94228134e+01
    8.03263474e+01 7.84697647e+01 8.08942947e+01 8.29520416e+01
    8.49987259e+01 8.36074982e+01 8.55467377e+01 8.22795563e+01
    8.36901779e+01 8.40467758e+01 8.20078812e+01 8.09659042e+01
    8.64460526e+01 8.71874695e+01 8.85112000e+01 8.65070953e+01
    9.28627777e+01 9.10647049e+01 9.17078018e+01 9.54756775e+01
    9.25234299e+01 9.58295670e+01 9.34715500e+01 9.54204636e+01
    9.39095230e+01 9.09979858e+01 9.02322540e+01 9.01546936e+01
    8.91108551e+01 8.89734955e+01 9.16144638e+01 8.95024033e+01
    8.85400543e+01 8.89297638e+01 9.06371765e+01 9.12813187e+01
    9.00880585e+01 9.06672058e+01 9.21282730e+01 8.89620514e+01
    8.80510712e+01 8.73128815e+01 9.15684204e+01 8.77529602e+01
    9.05960083e+01 8.99539261e+01 9.27761688e+01 9.11594925e+01
    9.34519043e+01 8.96234512e+01 9.23742828e+01 9.24945984e+01
    8.71875610e+01 8.76897736e+01 8.93613358e+01 8.60947800e+01
    8.81146317e+01 8.73161926e+01 8.51652756e+01 8.46001740e+01
    8.80403137e+01 8.61109085e+01 8.47935104e+01 8.51857681e+01
    8.33795013e+01 8.15045319e+01 8.16852493e+01 7.99229126e+01
    8.19706039e+01 8.11837082e+01 8.44720306e+01 8.37999496e+01
    8.41737061e+01 8.59909134e+01 8.50860519e+01 8.73592606e+01
    8.90455170e+01 8.94167862e+01 8.70062943e+01 8.38844452e+01
    8.80692291e+01 8.72805557e+01 8.58130264e+01 8.58159103e+01
    8.49076920e+01 8.51782532e+01 8.48389587e+01 8.54910736e+01
    8.82447815e+01 8.43120117e+01 8.60839233e+01 8.41596298e+01
    8.74135056e+01 8.68839951e+01 8.81692429e+01 8.78462524e+01
    9.12806244e+01 9.22252655e+01 9.03597107e+01 9.31346664e+01
    9.28326416e+01 9.46308212e+01 9.37379837e+01 9.67785797e+01
    9.46239777e+01 9.81587448e+01 9.64849930e+01 9.86087265e+01
    9.87778931e+01 9.87757034e+01 9.59140244e+01 9.87972336e+01
    9.88655243e+01 9.49014435e+01 9.71043549e+01 9.43751831e+01
    9.56047440e+01 9.66215897e+01 9.24312668e+01 9.16120834e+01
    9.37395477e+01 9.45903931e+01 9.31180267e+01 9.40645752e+01
    9.38608780e+01 9.41364594e+01 9.52272263e+01 9.55927582e+01
    9.11571121e+01 9.11732635e+01 8.97709351e+01 8.98283386e+01
    8.65698166e+01 8.67875671e+01 8.56882477e+01 8.66158142e+01
    8.82522430e+01 8.66434402e+01 8.84495010e+01 8.88519897e+01
    8.76555328e+01 8.64650650e+01 9.04808960e+01 8.99471970e+01
    8.45596924e+01 8.64916000e+01 8.79550934e+01 8.76437454e+01
    8.71337891e+01 9.17256088e+01 9.08403778e+01 9.15568161e+01
    9.34922333e+01 9.31443253e+01 9.44287109e+01 9.11273041e+01
    9.29191513e+01 9.23272858e+01 8.95723877e+01 9.02585449e+01
    9.33250580e+01 9.12342148e+01 9.04094543e+01 9.14043961e+01
    8.99096832e+01 9.03893890e+01 8.58457718e+01 8.30880814e+01
    8.51098328e+01 8.71725082e+01 8.70723495e+01 8.25822678e+01
    8.79499207e+01 8.53882217e+01 8.56770096e+01 8.56593628e+01
    8.64844437e+01 8.60902176e+01 8.64796524e+01 8.80170593e+01
    8.74303360e+01 8.72790451e+01 8.82411041e+01 9.03598175e+01
    8.85388870e+01 9.20964432e+01 9.39083099e+01 9.48587112e+01
    9.56974564e+01 9.41543274e+01 9.80757828e+01 9.29644547e+01
    9.48661575e+01 9.68192673e+01 9.51346054e+01 9.38141556e+01
    9.47210922e+01 9.62106705e+01 9.38189621e+01 9.41909409e+01
    9.83806305e+01 9.70419846e+01 9.38121185e+01 9.26470566e+01
    9.36411743e+01 8.73538208e+01 8.86978912e+01 8.85882339e+01
    8.70259247e+01 8.82261963e+01 8.52854767e+01 8.75183945e+01
    8.72838211e+01 8.70081482e+01 8.71294785e+01 9.04116592e+01
    8.70358200e+01 8.37162323e+01 8.49174805e+01 8.63251190e+01
    8.32264709e+01 8.54693146e+01 8.36222763e+01 8.37326431e+01
    8.47891006e+01 8.48097458e+01 8.30035400e+01 8.41992722e+01
    8.53067322e+01 8.54796753e+01 8.34539337e+01 8.45591583e+01
    8.17829285e+01 8.33555222e+01 7.93561935e+01 7.93945770e+01
    7.96876678e+01 7.82080307e+01 7.80064468e+01 7.66924286e+01
    8.11282578e+01 7.87723923e+01 8.41140213e+01 8.34427414e+01
    8.27335892e+01 8.33886261e+01 8.43414078e+01 8.53986053e+01
    8.76928253e+01 8.67824478e+01 8.80899963e+01 8.96362381e+01
    9.11145325e+01 9.70842514e+01 8.90499573e+01 9.15582733e+01
    9.05689468e+01 9.23903885e+01 9.15542221e+01 9.08119507e+01
    9.41416016e+01 9.15878067e+01 9.43638916e+01 9.20264893e+01
    9.13536987e+01 8.92230453e+01 8.76732788e+01 9.08375931e+01
    9.04532166e+01 8.74392700e+01 8.76228027e+01 8.71767883e+01
    8.69942169e+01 8.75596619e+01 8.66738892e+01 8.80862732e+01
    8.79280777e+01 9.09408722e+01 8.91142120e+01 8.60672836e+01
    8.88957977e+01 8.91279221e+01 9.09728622e+01 9.02971954e+01
    9.13879318e+01 9.18234482e+01 9.09956894e+01 8.74577560e+01
    9.09768982e+01 8.91262207e+01 8.95982819e+01 8.62552185e+01
    8.99165878e+01 8.60165329e+01 8.49948654e+01 8.38121948e+01
    8.37655640e+01 8.31548309e+01 8.51407852e+01 8.49740829e+01
    8.19404984e+01 8.42144394e+01 8.33347778e+01 8.20981598e+01
    7.87553177e+01 8.04681625e+01 8.55835953e+01 8.04092636e+01
    8.21213760e+01 8.06654282e+01 8.42494659e+01 8.46662445e+01
    8.57506256e+01 8.68657837e+01 8.59805603e+01 8.97502365e+01
    8.68334503e+01 8.89312134e+01 8.69763794e+01 8.70736618e+01
    8.76242218e+01 8.67134094e+01 8.76243439e+01 8.36211090e+01
    8.58235245e+01 8.59580154e+01 8.48432007e+01 8.40302277e+01
    8.48315353e+01 8.79861603e+01 8.50112152e+01 8.57733459e+01
    8.51234131e+01 9.10858078e+01 8.98049088e+01 9.15322647e+01
    9.36419907e+01 9.27984085e+01 9.38054733e+01 9.71465149e+01
    9.89946899e+01 9.80450058e+01 9.92585983e+01 1.01548988e+02
    9.86705017e+01 9.99826660e+01 9.82199860e+01 1.02788315e+02
    1.00099174e+02 1.03541336e+02 1.01695129e+02 9.67200317e+01
    9.78441696e+01 9.73987045e+01 9.72310104e+01 9.68535690e+01
    9.61088715e+01 9.40674744e+01 9.28627548e+01 9.24546509e+01
    9.26354980e+01 9.57217331e+01 9.29720688e+01 9.21628113e+01
    9.46008911e+01 9.33845520e+01 9.19167633e+01 8.83182297e+01
    8.60964127e+01 8.83659439e+01 8.77844849e+01 8.95672455e+01
    8.88806000e+01 8.74573669e+01 8.83709946e+01 9.03593521e+01
    9.06380692e+01 9.09197388e+01 9.10280228e+01 9.00328217e+01
    8.94224167e+01 9.26305466e+01 8.80533981e+01 8.56588287e+01
    8.87592010e+01 8.83352890e+01 8.95079651e+01 9.15066147e+01
    8.90761871e+01 9.24565506e+01 9.15734634e+01 9.43787231e+01
    9.31248245e+01 9.16838531e+01 9.33082428e+01 9.18414459e+01
    9.28461151e+01 8.98532333e+01 9.30857239e+01 8.97862244e+01
    9.23616791e+01 9.13585129e+01 9.18772964e+01 8.90419693e+01
    8.76659088e+01 8.38784103e+01 8.29159927e+01 8.44890366e+01
    8.49844437e+01 8.78841782e+01 8.51036911e+01 8.74982605e+01
    8.73842468e+01 8.87732773e+01 8.69965744e+01 8.69029694e+01
    8.87018738e+01 8.84712067e+01 8.59613647e+01 9.07481918e+01
    9.01743393e+01 8.64664612e+01 8.77942505e+01 9.24985886e+01
    9.41680756e+01 9.16819916e+01 9.39317856e+01 9.22519150e+01
    9.77322922e+01 9.96379242e+01 9.29146500e+01 9.62646255e+01
    9.58106537e+01 9.43521957e+01 9.39529266e+01 9.39060898e+01
    9.23409576e+01 9.53296356e+01 9.74473038e+01 9.52204514e+01
    9.59771423e+01 9.55883865e+01 9.00214233e+01 9.48023758e+01
    9.14870529e+01 9.06675110e+01 8.77543030e+01 8.90151520e+01
    9.00322876e+01 8.59964752e+01 8.65481796e+01 8.76358032e+01
    8.79141006e+01 8.44698486e+01 8.57271271e+01 8.55576859e+01
    8.81128387e+01 8.53616028e+01 8.46398926e+01 8.46316299e+01
    8.79644012e+01 8.35782928e+01 8.08950272e+01 8.41147919e+01
    8.22335587e+01 8.15769882e+01 8.25306854e+01 8.33766632e+01
    8.27150879e+01 8.40750504e+01 7.94241714e+01 8.03915405e+01
    7.90851822e+01 7.70229492e+01 7.64840088e+01 7.81230164e+01
    7.87340546e+01 7.67341995e+01 8.23171539e+01 8.18119354e+01
    8.13918610e+01 8.12193680e+01 8.51093216e+01 8.14449539e+01
    8.42189789e+01 8.34968109e+01 8.39238129e+01 8.41666718e+01
    8.61852417e+01 8.99094315e+01 8.80812073e+01 9.18279419e+01
    9.25215530e+01 9.35362244e+01 9.16294785e+01 9.16043625e+01
    9.35267105e+01 9.01622162e+01 9.05400162e+01 9.15821915e+01
    9.50818481e+01 9.17177734e+01 9.24025192e+01 9.05027771e+01
    8.99417038e+01 8.81218262e+01 9.21347122e+01 8.89822388e+01
    8.65437622e+01 8.97595596e+01 8.72266235e+01 8.78922882e+01
    9.03948593e+01 8.94289474e+01 8.82711945e+01 8.94279633e+01
    8.79809189e+01 8.58784485e+01 8.56056213e+01 8.81245651e+01
    8.69352112e+01 8.71143875e+01 8.87156143e+01 9.00454407e+01
    8.79645615e+01 8.83267212e+01 8.77467499e+01 8.75395660e+01
    8.75750427e+01 8.57846756e+01 8.74851456e+01 8.47898407e+01
    8.59653702e+01 8.28380203e+01 8.43463898e+01 8.10365829e+01
    8.39454193e+01 8.25799561e+01 8.33436966e+01 8.53241501e+01
    8.31992798e+01 8.22635727e+01 8.24837265e+01 8.12421341e+01
    8.26519165e+01 8.48786469e+01 8.28495941e+01 8.38808060e+01
    8.33777771e+01 8.34871674e+01 8.68115616e+01 8.45159607e+01
    8.94668198e+01 8.93067474e+01 9.00368805e+01 8.63038712e+01
    8.80046768e+01 8.91417313e+01 8.58597031e+01 8.90928574e+01
    8.50481415e+01 8.46242142e+01 8.44145584e+01 8.91458206e+01
    8.75609894e+01 8.42181625e+01 8.55766830e+01 8.71831207e+01
    8.67919235e+01 8.69227753e+01 8.82129974e+01 8.62333603e+01
    8.85624619e+01 9.31205292e+01 9.02471313e+01 9.19429932e+01
    9.28162918e+01 9.69557343e+01 9.71486969e+01 9.80398407e+01
    9.77877426e+01 9.98261719e+01 1.01514000e+02 9.90166550e+01
    9.87389374e+01 1.02387741e+02 9.96217957e+01 1.00338760e+02
    1.00730057e+02 9.87291107e+01 9.55192795e+01 9.84864044e+01
    9.65663986e+01 9.94385071e+01 9.53326492e+01 9.13842621e+01
    9.51565781e+01 9.42297897e+01 9.47207794e+01 9.44542313e+01
    9.32928009e+01 9.19485626e+01 9.55070038e+01 9.57018127e+01
    8.79990921e+01 8.78289032e+01 8.71658249e+01 8.66845093e+01
    8.56297913e+01 8.55232239e+01 8.46058578e+01 8.79188843e+01
    8.73909225e+01 8.94610672e+01 9.12249527e+01 8.85200424e+01
    9.09709320e+01 8.91847763e+01 9.18845367e+01 9.00716248e+01
    8.70340805e+01 8.99764862e+01 9.08718491e+01 8.87538528e+01
    8.86321869e+01 9.23900604e+01 9.33125992e+01 9.27065430e+01
    9.34394073e+01 9.27948227e+01 9.26535263e+01 9.23485565e+01
    9.24157867e+01 9.48797836e+01 9.03308258e+01 9.09625549e+01
    8.91954193e+01 9.18588715e+01 9.20416946e+01 9.31716461e+01
    9.12667770e+01 8.97343979e+01 8.74921341e+01 8.36408615e+01
    8.88573074e+01 8.67974930e+01 8.82502747e+01 8.65246201e+01
    8.47282104e+01 8.90115280e+01 8.65018692e+01 8.59110413e+01
    8.49275894e+01 8.85665131e+01 8.93937759e+01 8.91049194e+01
    9.07505875e+01 8.92109985e+01 8.74841995e+01 8.67651138e+01
    8.77732849e+01 9.12786484e+01 9.53616409e+01 9.45614243e+01
    9.37470016e+01 9.46227722e+01 9.43633804e+01 9.60576630e+01
    9.29458847e+01 9.54470367e+01 9.50716171e+01 9.41704483e+01
    9.48905487e+01 9.08121338e+01 9.36724625e+01 9.22445679e+01
    9.43713150e+01 9.47530060e+01 9.78171921e+01 9.32829361e+01
    9.43691711e+01 9.38816681e+01 9.15518570e+01 9.09999847e+01
    8.89377441e+01 9.08919983e+01 9.19776840e+01 8.72300262e+01
    8.50131531e+01 8.63214645e+01 8.77894897e+01 9.02521133e+01
    8.55083466e+01 8.55553360e+01 8.63221359e+01 8.60118256e+01
    8.28851776e+01 8.03782806e+01 8.34099884e+01 8.36476364e+01
    8.34710770e+01 8.32981033e+01 8.01340027e+01 7.94224167e+01
    8.27185059e+01 8.43843689e+01 8.30177917e+01 8.46627808e+01
    7.93012619e+01 7.93489075e+01 7.97501907e+01 7.82817688e+01
    7.72536926e+01 7.83236313e+01 8.00181961e+01 7.99778366e+01
    8.06157303e+01 8.04475784e+01 8.33166580e+01 8.29112473e+01
    8.41697311e+01 8.45012894e+01 8.63184814e+01 8.21285324e+01
    8.49504242e+01 8.64648285e+01 8.45455170e+01 8.84621277e+01
    8.77959976e+01 9.28444595e+01 9.19428177e+01 9.31455994e+01
    9.25431061e+01 9.36339645e+01 9.26831894e+01 9.31912231e+01
    9.21365204e+01 9.45477905e+01 9.46153488e+01 9.45106583e+01
    9.29720688e+01 8.97168961e+01 9.13881073e+01 9.18594055e+01
    9.11872635e+01 8.93931732e+01 8.80463257e+01 8.89119492e+01
    8.78875351e+01 8.73552170e+01 8.96577835e+01 8.70007324e+01
    8.88629532e+01 8.87893600e+01 8.64327240e+01 8.82704926e+01
    8.58058472e+01 8.59043427e+01 8.49947433e+01 8.62833481e+01
    8.69141541e+01 8.81043015e+01 8.99147949e+01 9.01613693e+01
    8.54545288e+01 8.63758621e+01 8.98093262e+01 8.69039459e+01
    8.48217850e+01 8.36545792e+01 8.62047729e+01 8.20348358e+01
    8.32368546e+01 8.00550537e+01 8.29181824e+01 7.97725983e+01
    8.42387390e+01 8.10699844e+01 8.11259842e+01 8.28062668e+01
    8.11522064e+01 8.19771423e+01 8.04281387e+01 8.16821442e+01
    8.06996155e+01 8.46781464e+01 8.27748947e+01 8.28795013e+01
    8.47740479e+01 8.38220596e+01 8.25896530e+01 8.49561005e+01
    8.60471802e+01 8.55116196e+01 8.65710678e+01 8.69742584e+01
    8.91427612e+01 8.53419342e+01 8.70077133e+01 8.51652145e+01
    8.79336624e+01 8.48754349e+01 8.66018677e+01 8.46893463e+01
    8.31365509e+01 8.42255096e+01 8.46163483e+01 8.80227432e+01
    8.62127609e+01 9.00030441e+01 9.26057587e+01 9.22339096e+01
    9.10460205e+01 9.06097183e+01 9.26403275e+01 9.60544052e+01
    9.15424805e+01 9.54263992e+01 9.45743484e+01 1.00397408e+02
    1.01790466e+02 1.00048981e+02 9.76250916e+01 1.03421211e+02
    9.93127823e+01 9.98525162e+01 9.81886215e+01 9.82415161e+01
    9.24678650e+01 9.38691254e+01 9.79600906e+01 9.47142563e+01
    9.46355438e+01 9.20775223e+01 9.49669647e+01 9.37064056e+01
    9.45149384e+01 9.34359970e+01 9.35773087e+01 9.58334351e+01
    9.46467972e+01 9.52472610e+01 8.58995590e+01 9.21551361e+01
    9.20262375e+01 8.71608734e+01 8.78566437e+01 8.90628433e+01
    9.03890381e+01 8.62664490e+01 8.96787720e+01 8.86223602e+01
    9.03773041e+01 9.17335358e+01 8.89223557e+01 9.38772049e+01
    8.98966446e+01 9.03681793e+01 8.97510452e+01 8.83476944e+01
    8.96374283e+01 9.03455353e+01 9.29627380e+01 9.33419724e+01
    9.27322540e+01 9.61025009e+01 9.26206741e+01 9.28288193e+01
    9.43151627e+01 9.28959885e+01 9.48307800e+01 9.41603012e+01
    9.17126694e+01 9.08541031e+01 9.32219238e+01 8.93652191e+01
    9.32642136e+01 8.91224365e+01 9.20192795e+01 9.41250839e+01
    9.19838028e+01 8.79032898e+01 9.12605896e+01 8.68121490e+01
    9.10522614e+01 8.82352142e+01 8.67636795e+01 8.73580551e+01
    9.00326920e+01 8.90379181e+01 8.64574966e+01 8.70817184e+01
    8.77539597e+01 9.07584763e+01 9.17654343e+01 9.08639069e+01
    8.98037109e+01 9.04794312e+01 8.99454346e+01 9.28009567e+01
    9.45232697e+01 9.43217850e+01 9.24339523e+01 9.16909409e+01
    9.50391083e+01 9.27812653e+01 9.48576126e+01 9.19741898e+01
    9.55056381e+01 9.49251480e+01 9.44120483e+01 9.38867493e+01
    9.38217773e+01 9.53777542e+01 9.27022934e+01 9.21249313e+01
    9.75872879e+01 9.52104645e+01 9.19018631e+01 8.88607712e+01
    9.16769943e+01 9.39786148e+01 8.77777557e+01 8.86078796e+01
    8.89804611e+01 9.00735092e+01 8.72631989e+01 8.54213638e+01
    8.95054398e+01 8.80335007e+01 8.92490463e+01 8.58789749e+01
    8.50138397e+01 8.39473877e+01 8.39168015e+01 8.39682846e+01
    8.26766739e+01 8.24188614e+01 8.24088745e+01 7.95645447e+01
    7.92525711e+01 7.90059433e+01 8.47791138e+01 8.42773056e+01
    8.46407242e+01 8.40113678e+01 8.42034912e+01 8.06460495e+01
    8.08292770e+01 7.83701248e+01 7.90817337e+01 7.72624969e+01
    7.89356537e+01 7.83973694e+01 7.88934402e+01 8.31314774e+01
    8.04516678e+01 8.40406647e+01 8.31499786e+01 8.63896255e+01
    8.21772461e+01 8.38446045e+01 8.31585236e+01 8.50211868e+01
    8.80914536e+01 9.03776550e+01 8.90928955e+01 9.39526520e+01
    9.44003448e+01 9.62659149e+01 9.04538345e+01 9.49323654e+01
    9.19292221e+01 9.34381561e+01 9.20892334e+01 9.36187744e+01
    9.39816589e+01 9.23659897e+01 9.54862137e+01 9.10910797e+01
    9.13366394e+01 8.83873291e+01 8.98306580e+01 8.77728348e+01
    9.07197189e+01 8.42531052e+01 8.61613007e+01 8.73787079e+01
    8.83742218e+01 8.81996765e+01 8.94291000e+01 8.84951096e+01
    8.73242340e+01 8.93413162e+01 8.73280869e+01 8.74539032e+01
    8.41571579e+01 9.10935059e+01 8.54629745e+01 8.85030441e+01
    8.79507065e+01 8.87890701e+01 8.52892990e+01 8.61523209e+01
    8.89331284e+01 8.84046631e+01 8.65901031e+01 8.32671432e+01
    8.50846252e+01 8.09959106e+01 8.14799805e+01 8.18450317e+01
    8.51689758e+01 8.13790741e+01 7.91635361e+01 8.36257706e+01
    8.24669189e+01 7.87554932e+01 8.14898148e+01 8.11781235e+01
    8.13076706e+01 8.08311005e+01 8.54183197e+01 8.42934647e+01
    8.27373886e+01 8.59548187e+01 8.54510345e+01 8.61286469e+01
    8.76347580e+01 8.87459488e+01 8.66251602e+01 8.58322067e+01
    8.82576294e+01 8.63118362e+01 8.49692535e+01 8.80703888e+01
    8.75957794e+01 8.86888733e+01 8.99406128e+01 8.81887131e+01
    8.64204865e+01 8.86753998e+01 8.53076706e+01 8.75466003e+01
    8.80607681e+01 9.17707977e+01 8.89209061e+01 9.24607620e+01
    9.17145615e+01 9.24880753e+01 9.23879242e+01 9.30222321e+01
    9.26002045e+01 9.21796875e+01 9.53868256e+01 9.53582687e+01
    9.66259613e+01 9.72340698e+01 9.99090652e+01 9.97267380e+01
    9.75623093e+01 9.85479202e+01 1.02496933e+02 1.01900284e+02
    9.81835327e+01 1.00312523e+02 9.44783554e+01 9.49768906e+01
    9.50079498e+01 9.63297272e+01 9.46823807e+01 9.43862457e+01
    9.50951614e+01 9.56169739e+01 9.52686386e+01 9.51031647e+01
    9.31558762e+01 9.68746719e+01 9.41847687e+01 9.42712402e+01
    9.09626770e+01 8.73284149e+01 9.05943756e+01 8.88796463e+01
    8.87847672e+01 8.65867004e+01 8.84633713e+01 8.98396225e+01
    8.96110229e+01 9.00615768e+01 9.02052383e+01 9.30533676e+01
    9.14396057e+01 9.19986038e+01 8.91040268e+01 9.12988052e+01
    8.72446365e+01 8.88722382e+01 9.04265594e+01 8.87959747e+01
    9.10917206e+01 8.99786682e+01 9.19847336e+01 9.05874786e+01
    9.09377747e+01 9.15902863e+01 9.69966202e+01 9.03261337e+01
    9.07405090e+01 9.24404678e+01 9.19170074e+01 8.59984207e+01
    8.65342941e+01 9.08265076e+01 9.28159180e+01 9.02463684e+01
    9.07615967e+01 8.89945374e+01 9.03147049e+01 8.71438522e+01
    8.81045074e+01 8.79616852e+01 9.16493149e+01 9.05778275e+01
    9.18698196e+01 8.98012695e+01 9.23038788e+01 8.94633942e+01
    9.17061920e+01 9.30252151e+01 9.15476608e+01 9.28042450e+01
    9.33118439e+01 9.20911255e+01 9.26985321e+01 9.13943024e+01
    9.17126465e+01 9.49429779e+01 9.68445587e+01 9.39367065e+01
    9.48703690e+01 9.59156265e+01 9.44323425e+01 9.39616623e+01
    9.30577621e+01 9.18126678e+01 9.58351974e+01 9.42257385e+01
    9.39652252e+01 9.15890961e+01 9.46631088e+01 9.34197464e+01
    9.51128922e+01 9.48664856e+01 9.30760422e+01 9.79191513e+01
    9.68871994e+01 9.24350967e+01 9.02701416e+01 9.24773407e+01
    9.49883270e+01 9.05594330e+01 9.09232788e+01 8.79435196e+01
    9.21892929e+01 8.78142548e+01 8.54795456e+01 8.96877747e+01
    9.12428665e+01 8.39062347e+01 8.74905701e+01 8.69060135e+01
    8.38157806e+01 8.33011322e+01 8.08936768e+01 8.01441498e+01
    8.61132812e+01 8.25433121e+01 7.97892838e+01 8.18103714e+01
    8.25923386e+01 8.33093948e+01 8.54045258e+01 8.26477203e+01
    8.41985245e+01 8.10975189e+01 8.10803833e+01 7.90946198e+01
    7.98426590e+01 8.01739197e+01 7.37525177e+01 8.22641068e+01
    7.84583817e+01 8.29115906e+01 8.52642517e+01 8.46078949e+01
    8.48266754e+01 8.39295807e+01 8.54857178e+01 8.56824265e+01
    8.43521576e+01 8.91305313e+01 8.48058167e+01 8.95650330e+01
    9.18798065e+01 8.95768127e+01 9.40502930e+01 9.40181808e+01
    9.16957932e+01 9.04443970e+01 9.26054306e+01 9.06864395e+01
    9.07137756e+01 9.17602768e+01 9.24690018e+01 9.18325195e+01
    9.14960022e+01 9.13957062e+01 9.01629562e+01 8.97162094e+01
    8.99232254e+01 8.88870010e+01 8.87946472e+01 8.66041260e+01
    8.64596863e+01 8.80840225e+01 8.65190201e+01 8.97361145e+01
    8.92564240e+01 8.88938065e+01 8.53803635e+01 8.84460297e+01
    8.73171539e+01 8.62106781e+01 8.63842545e+01 8.75582123e+01
    8.57980804e+01 8.72472153e+01 8.74685211e+01 8.67612762e+01
    8.62986832e+01 8.63298340e+01 8.48206863e+01 8.59798660e+01
    8.35277023e+01 8.45110779e+01 8.11343155e+01 8.29157791e+01
    8.16381989e+01 8.47443466e+01 7.94520645e+01 8.05730057e+01
    8.34039612e+01 7.89604721e+01 8.08945541e+01 8.19499207e+01
    8.25945129e+01 8.21603546e+01 8.34343414e+01 8.06212234e+01
    7.91627655e+01 8.47973251e+01 8.62251511e+01 8.57011185e+01
    9.05909348e+01 8.64967957e+01 8.88719025e+01 8.94081726e+01
    8.91938171e+01 8.67601929e+01 8.74766464e+01 8.96678925e+01
    8.74421616e+01 9.25799332e+01 8.84683838e+01 8.65440292e+01
    8.66030197e+01 8.71624908e+01 8.51267242e+01 8.64335632e+01
    8.71497040e+01 8.41161118e+01 8.54513168e+01 8.47008972e+01
    9.11349106e+01 8.83443146e+01 9.08096008e+01 8.82043991e+01
    9.29982910e+01 9.43091431e+01 9.31394196e+01 9.21258240e+01
    9.27066803e+01 9.48798523e+01 9.39233322e+01 9.71616516e+01
    9.67459488e+01 9.66265411e+01 9.44224930e+01 9.62795944e+01
    9.69190292e+01 9.75358353e+01 9.32942505e+01 9.41801453e+01
    9.40878754e+01 9.55696182e+01 9.30958023e+01 9.67965012e+01
    9.28784027e+01 9.69561234e+01 9.22181702e+01 9.22902527e+01
    9.39548264e+01 9.29317017e+01 9.45148392e+01 8.99819107e+01
    9.61212616e+01 9.32135773e+01 8.75698242e+01 9.02523499e+01
    8.82966919e+01 8.93411484e+01 9.07767410e+01 9.11120529e+01
    8.97319489e+01 8.90750198e+01 9.00633087e+01 9.01998062e+01
    9.24603500e+01 9.10915375e+01 9.17178040e+01 8.72375412e+01
    9.06210327e+01 8.59002609e+01 8.62518005e+01 8.68018951e+01
    8.70717316e+01 8.78957901e+01 8.99639893e+01 8.95140305e+01
    9.01162109e+01 9.04868393e+01 8.89282608e+01 9.18676987e+01
    9.28590164e+01 8.98267059e+01 8.95139694e+01 9.00322189e+01
    8.84768219e+01 8.85868149e+01 8.92025681e+01 8.66592331e+01
    8.95526657e+01 9.13245087e+01 8.91271667e+01 9.18751907e+01
    9.32468719e+01 8.90136414e+01 8.98861008e+01 9.04360962e+01
    9.03822098e+01 9.03606720e+01 8.88171234e+01 8.99566193e+01
    9.26712341e+01 9.14544144e+01 9.40368118e+01 9.12658615e+01
    9.24259186e+01 9.27086792e+01 9.47776871e+01 8.94211197e+01
    9.11288757e+01 9.00523376e+01 9.08672562e+01 9.35736465e+01
    9.37314835e+01 9.46695862e+01 9.48198700e+01 9.39781036e+01
    9.40184860e+01 9.45200272e+01 9.15431366e+01 9.07303848e+01
    9.37656326e+01 9.39959259e+01 9.09823837e+01 9.17512970e+01
    9.36525269e+01 9.20221939e+01 9.66169357e+01 9.27204132e+01
    9.56207581e+01 9.22478714e+01 9.53645782e+01 9.07053604e+01
    9.28919983e+01 9.58727722e+01 9.56534500e+01 9.08308868e+01
    8.85011597e+01 8.97672043e+01 8.95018997e+01 9.07667313e+01
    8.93651199e+01 8.90783691e+01 8.86097336e+01 8.78892288e+01
    8.41422577e+01 8.32935486e+01 8.28202286e+01 8.48086548e+01
    8.20556793e+01 7.92834778e+01 8.27236328e+01 7.90689850e+01
    7.72876434e+01 8.06793518e+01 8.05151901e+01 7.97287445e+01
    8.27276993e+01 7.98976059e+01 7.84881744e+01 8.01535034e+01
    7.74725723e+01 7.79613419e+01 8.09495773e+01 7.81267319e+01
    7.74101486e+01 8.17396774e+01 8.55672455e+01 8.03295059e+01
    8.35998230e+01 8.53041840e+01 8.34466782e+01 8.45018082e+01
    8.46113281e+01 8.46935883e+01 8.56387177e+01 8.64605637e+01
    8.62807007e+01 8.80156860e+01 8.92267227e+01 9.20328598e+01
    9.07312012e+01 9.19286728e+01 9.04708405e+01 9.28583298e+01
    9.05940933e+01 9.33138885e+01 9.14946594e+01 9.17529602e+01
    9.12134705e+01 9.20174179e+01 8.95684891e+01 9.01862259e+01
    8.88985672e+01 9.06047440e+01 9.05379028e+01 8.99756775e+01
    8.97283783e+01 8.91845398e+01 8.83016968e+01 8.92484055e+01
    8.89817047e+01 8.95927505e+01 8.90651474e+01 8.77480545e+01
    8.63085175e+01 8.76779022e+01 8.60082474e+01 8.79317474e+01
    8.79942245e+01 8.99928360e+01 9.01035538e+01 8.95496597e+01
    8.76013336e+01 8.81414490e+01 8.36684265e+01 8.72374420e+01
    8.56613312e+01 8.67822800e+01 8.69901047e+01 8.25896149e+01
    8.24622498e+01 8.31057739e+01 8.28990402e+01 8.27086487e+01
    8.45903549e+01 8.39264374e+01 8.41386795e+01 8.51385422e+01
    8.11379852e+01 8.25819397e+01 8.13530121e+01 8.53145447e+01
    8.31768265e+01 8.40897675e+01 8.66590118e+01 8.56966400e+01
    8.68938446e+01 8.45610962e+01 9.15444412e+01 8.50577087e+01
    8.84913254e+01 8.68899307e+01 8.51707535e+01 8.71204300e+01
    8.97322235e+01 8.87225647e+01 8.59139023e+01 8.90678482e+01
    8.94310379e+01 8.81423264e+01 8.58574066e+01 8.75039520e+01
    8.64884033e+01 8.55533981e+01 8.24663391e+01 8.36087036e+01
    8.44561996e+01 8.53093338e+01 8.79919815e+01 8.85719147e+01
    9.15996704e+01 9.15719223e+01 9.09418030e+01 9.19980698e+01
    9.07613678e+01 9.19308090e+01 9.28239899e+01 9.42283936e+01
    9.55384445e+01 9.51110001e+01 9.55455322e+01 9.68799362e+01
    9.56369019e+01 9.67402649e+01 9.68203201e+01 9.82621231e+01
    9.71039124e+01 9.91121979e+01 9.10571747e+01 9.62968445e+01
    9.68513107e+01 9.71857452e+01 8.96381912e+01 9.16728745e+01
    9.38830414e+01 9.16088028e+01 9.41248779e+01 9.24911270e+01
    9.28421936e+01 9.01070175e+01 9.24467621e+01 8.93012390e+01
    9.04620972e+01 8.80751724e+01 8.79116974e+01 9.05620575e+01
    8.92781448e+01 8.81988678e+01 8.88164825e+01 8.97422409e+01
    9.20564423e+01 8.84146652e+01 9.06298218e+01 8.93343506e+01
    8.90721283e+01 8.76916580e+01 8.93478622e+01 8.71155853e+01
    8.50106659e+01 8.65471420e+01 8.50107956e+01 8.60510025e+01
    8.80598679e+01 8.71593857e+01 8.88266678e+01 8.77073593e+01
    8.58108292e+01 9.13008041e+01 9.13752213e+01 8.74266052e+01
    9.07247543e+01 8.73213196e+01 8.78916473e+01 8.71326599e+01
    8.71110306e+01 8.60199280e+01 9.22456512e+01 8.94954987e+01
    9.28805084e+01 9.25673752e+01 9.15192871e+01 9.22606964e+01
    9.13918686e+01 8.89405365e+01 8.94021912e+01 8.87120438e+01
    9.08195190e+01 9.28150711e+01 9.21316299e+01 9.38772278e+01
    9.34280243e+01 9.31748123e+01 9.10596085e+01 9.35777512e+01
    9.52483215e+01 9.37261887e+01 9.64151154e+01 9.41396942e+01
    8.99339294e+01 9.36425781e+01 9.37918930e+01 9.06256180e+01
    9.19954147e+01 9.58597794e+01 9.33710785e+01 9.12398682e+01
    9.54550781e+01 9.36724014e+01 9.57413788e+01 8.94828568e+01
    9.15085754e+01 9.58121109e+01 9.37665024e+01 9.21444244e+01
    9.44299240e+01 9.56244736e+01 8.92912979e+01 9.46137009e+01
    9.55973206e+01 9.32987518e+01 9.40905304e+01 9.54183502e+01
    9.30164642e+01 9.29195251e+01 8.91272125e+01 8.66841583e+01
    8.75091705e+01 8.79490662e+01 8.84942169e+01 8.55754776e+01
    8.40174408e+01 8.47385178e+01 8.30257339e+01 8.20484314e+01
    8.10769043e+01 8.25557938e+01 7.85588913e+01 7.90208664e+01
    7.97577896e+01 7.65787659e+01 7.65491028e+01 7.63597565e+01
    8.08417511e+01 8.45872726e+01 8.56460419e+01 8.06977692e+01
    7.93082428e+01 8.07028503e+01 8.20288391e+01 7.82476120e+01
    8.18834000e+01 8.30250549e+01 8.26272278e+01 7.92344208e+01
    8.11278305e+01 8.08279114e+01 8.64656754e+01 8.47911606e+01
    8.60539474e+01 8.77947083e+01 8.66976089e+01 8.78777313e+01
    8.67682114e+01 8.82640152e+01 8.91761322e+01 8.87291031e+01
    9.15524597e+01 9.19895782e+01 9.29563751e+01 8.81716614e+01
    9.20189514e+01 9.03330765e+01 9.29622879e+01 9.09857407e+01
    9.35464401e+01 9.33663330e+01 9.57179184e+01 9.08857193e+01
    9.11877823e+01 9.21885986e+01 8.96044998e+01 8.87882690e+01
    8.98095932e+01 8.85972595e+01 8.83480835e+01 8.76463776e+01
    8.89046936e+01 8.91650085e+01 8.87909698e+01 9.24887848e+01
    9.10065231e+01 9.06185455e+01 9.02011032e+01 8.59129333e+01
    8.76252823e+01 8.77764740e+01 8.68981552e+01 8.84479141e+01
    8.71925888e+01 8.78041840e+01 8.86343155e+01 8.71947021e+01
    8.85577087e+01 8.49438705e+01 8.58808594e+01 8.46884308e+01
    8.60180206e+01 8.24935913e+01 8.20193253e+01 8.12662735e+01
    8.35537720e+01 8.52275543e+01 8.17082138e+01 7.97357330e+01
    8.22539825e+01 8.06377106e+01 8.21407852e+01 8.22045517e+01
    8.38573151e+01 8.34671707e+01 8.37245255e+01 8.29030151e+01
    8.64867401e+01 8.46820297e+01 8.58748169e+01 8.81957397e+01
    8.76613388e+01 8.49061890e+01 8.46943512e+01 8.61037216e+01
    8.74891968e+01 8.47049789e+01 8.69716034e+01 8.53976669e+01
    8.91924896e+01 8.82759705e+01 8.69157104e+01 8.72870102e+01
    8.59761505e+01 8.83876572e+01 8.89545441e+01 8.77814789e+01
    8.52091522e+01 8.57637939e+01 8.61607895e+01 8.49447250e+01
    9.07176514e+01 9.22797394e+01 8.77869873e+01 9.06490631e+01
    8.76958084e+01 9.22360306e+01 9.38730545e+01 9.14536285e+01
    9.39131851e+01 9.35143280e+01 9.19284744e+01 9.15575409e+01
    9.48304214e+01 9.47543945e+01 9.40112000e+01 9.60172958e+01
    9.72541656e+01 9.53600006e+01 9.40161819e+01 9.48549194e+01
    9.00300064e+01 9.18525391e+01 9.26808014e+01 9.14232254e+01
    9.00200882e+01 9.06330109e+01 9.17487411e+01 9.22491760e+01
    9.24064407e+01 9.39992599e+01 9.11998520e+01 9.17125015e+01
    9.29927826e+01 9.05414505e+01 8.90910110e+01 8.72456360e+01
    8.95177841e+01 8.75463715e+01 8.99386139e+01 8.83124008e+01
    8.69842453e+01 8.95155869e+01 8.81337967e+01 8.91367722e+01
    8.82018204e+01 9.24307251e+01 9.10482635e+01 8.80477905e+01
    9.17042236e+01 8.98892288e+01 8.84965439e+01 8.25145264e+01
    8.49857864e+01 8.54089432e+01 9.04898376e+01 8.74258194e+01
    9.04344864e+01 8.68630066e+01 8.95347977e+01 9.12210541e+01
    9.23329239e+01 8.95430756e+01 8.99455414e+01 8.85282898e+01
    8.79130936e+01 9.18750458e+01 8.84023972e+01 8.87280960e+01
    9.15624695e+01 9.06610336e+01 9.25690079e+01 9.33299179e+01
    9.26627960e+01 9.19047470e+01 8.92704163e+01 8.90001068e+01
    9.01949615e+01 8.90846481e+01 9.31014023e+01 8.96151810e+01
    9.31354523e+01 9.08303986e+01 9.26134796e+01 9.33783417e+01
    9.16256104e+01 9.51999130e+01 9.62007217e+01 9.56490326e+01
    9.40150299e+01 9.31650162e+01 9.12574768e+01 9.18037796e+01
    9.52123184e+01 9.21640778e+01 9.55967407e+01 9.03178864e+01
    8.93398056e+01 9.41475906e+01 9.14505768e+01 8.91555557e+01
    9.40042572e+01 9.32675705e+01 9.03232040e+01 9.16191406e+01
    9.39988327e+01 9.43284683e+01 9.12105713e+01 9.24198608e+01
    9.60844727e+01 9.54156113e+01 9.35746307e+01 9.14959030e+01
    9.48183975e+01 9.17349319e+01 9.40599594e+01 9.05953445e+01
    8.79558258e+01 8.85563583e+01 8.73441849e+01 8.88892441e+01
    8.52885513e+01 8.77695618e+01 8.73122177e+01 8.43933334e+01
    8.41849823e+01 8.22031403e+01 8.11206512e+01 8.07645798e+01
    8.02421188e+01 8.16801834e+01 7.58231812e+01 7.79335022e+01
    8.01655960e+01 8.13690491e+01 7.95019226e+01 8.14197998e+01
    8.39731903e+01 8.19694290e+01 8.48597183e+01 8.25087509e+01
    7.99240646e+01 8.24965134e+01 8.27930374e+01 8.19859619e+01
    8.10249481e+01 8.03522186e+01 8.57628326e+01 8.25924606e+01
    8.41141510e+01 8.54172134e+01 8.84369202e+01 8.69712296e+01
    8.95259705e+01 8.90677185e+01 8.90020828e+01 8.71145248e+01
    9.21970444e+01 9.11285324e+01 9.06959839e+01 9.29025726e+01
    9.34733276e+01 9.01999283e+01 9.06779861e+01 9.35466995e+01
    9.33819885e+01 9.28057327e+01 9.50057907e+01 9.18943405e+01
    9.21209869e+01 9.43977280e+01 9.25894241e+01 9.05727692e+01
    8.67787476e+01 8.84558105e+01 8.70568237e+01 9.02166672e+01
    8.94925842e+01 8.78527985e+01 8.73773956e+01 8.96623840e+01
    8.99253769e+01 8.96949692e+01 9.03270645e+01 9.46698761e+01
    8.88381958e+01 8.98575745e+01 8.95732574e+01 9.10856247e+01
    9.00850449e+01 8.84797363e+01 9.31502304e+01 9.07122879e+01
    9.31789398e+01 8.95542450e+01 8.69258041e+01 8.65259476e+01
    8.58935394e+01 8.56682663e+01 8.26034546e+01 8.32140961e+01
    8.46323318e+01 8.41298828e+01 8.38185577e+01 8.18646774e+01
    8.13643341e+01 7.83411636e+01 8.30009003e+01 7.96243057e+01
    8.01597748e+01 7.98416443e+01 8.00561676e+01 8.17142029e+01
    8.47174072e+01 8.29115372e+01 8.47673645e+01 8.55159531e+01
    8.55268402e+01 8.73752594e+01 8.36821899e+01 8.57678452e+01
    8.39731827e+01 8.63225174e+01 8.48989944e+01 8.79895630e+01
    8.69447708e+01 8.52644043e+01 9.06230927e+01 8.79096527e+01
    8.76684341e+01 8.78668213e+01 8.95272675e+01 8.90520325e+01
    8.96792145e+01 8.70500946e+01 8.43720779e+01 8.85599518e+01
    8.56308365e+01 8.92414703e+01 8.88163147e+01 9.22584915e+01
    9.14630432e+01 9.28718491e+01 9.21235886e+01 9.00117569e+01
    9.36954041e+01 9.34170532e+01 9.23340836e+01 9.13021774e+01
    9.06856003e+01 9.14846497e+01 9.16171265e+01 9.32839050e+01
    9.24221954e+01 9.65549164e+01 9.39200745e+01 9.61521683e+01
    9.36065826e+01 9.43754501e+01 9.20699539e+01 9.02441406e+01
    9.14893265e+01 9.09706268e+01 8.71001434e+01 8.73366013e+01
    9.04662323e+01 8.96484680e+01 9.31125717e+01 9.05875244e+01
    9.12437515e+01 9.13232727e+01 9.18945541e+01 9.25421753e+01
    8.72758560e+01 8.77802048e+01 9.05712280e+01 9.05366592e+01
    9.02123413e+01 8.74739151e+01 9.05886459e+01 8.67943344e+01
    8.92854996e+01 8.79860458e+01 9.06456528e+01 8.81342926e+01
    8.94628906e+01 9.04748077e+01 8.89710388e+01 8.85301437e+01
    8.69295044e+01 8.63071899e+01 8.60247879e+01 8.50327530e+01
    8.74563675e+01 8.83407593e+01 8.74079590e+01 8.71045761e+01
    8.75984039e+01 8.85634079e+01 9.06386795e+01 8.47655029e+01
    8.72728043e+01 8.75226822e+01 8.88674927e+01 9.01302948e+01
    8.48089066e+01 8.42046814e+01 9.12618408e+01 8.97386627e+01
    9.07083664e+01 9.06020889e+01 9.20081329e+01 9.03099747e+01
    9.26953964e+01 8.79501343e+01 9.22418823e+01 9.13961182e+01
    8.96137466e+01 9.07983856e+01 9.41785736e+01 9.12894135e+01
    9.45958939e+01 9.09471436e+01 9.44546204e+01 9.22114716e+01
    9.41329880e+01 9.36867981e+01 9.63058395e+01 9.37749405e+01
    9.10171661e+01 9.18899231e+01 9.25293274e+01 8.92832108e+01
    9.01347275e+01 9.49349670e+01 9.33238297e+01 9.34787064e+01
    9.19102631e+01 9.40149918e+01 9.06535263e+01 8.88943100e+01
    9.18031235e+01 9.17004395e+01 9.43735428e+01 8.94459305e+01
    9.36414261e+01 9.27889252e+01 9.25750961e+01 9.22612686e+01
    9.29970551e+01 9.26791992e+01 8.81940689e+01 9.40082016e+01
    9.23819962e+01 8.93051987e+01 9.02324753e+01 9.02980499e+01
    8.48693237e+01 8.75571747e+01 8.82080612e+01 8.58452301e+01
    8.76167679e+01 8.56035385e+01 8.53805161e+01 8.43472672e+01
    8.23852463e+01 8.01973495e+01 8.14310913e+01 8.34930496e+01
    7.99011841e+01 7.93384857e+01 7.84819565e+01 7.65789871e+01
    8.09007492e+01 8.47976685e+01 8.43408279e+01 8.34123993e+01
    8.29558411e+01 8.13190765e+01 8.05409851e+01 8.19321060e+01
    8.17149734e+01 8.33659897e+01 8.29069748e+01 8.34120102e+01
    8.30958099e+01 8.52409592e+01 8.70253754e+01 8.67076187e+01
    8.79379501e+01 8.93833237e+01 8.62109299e+01 8.77922058e+01
    9.06828384e+01 8.71899643e+01 9.04735794e+01 9.17164154e+01
    9.38981857e+01 9.48187332e+01 9.66805725e+01 9.32636490e+01
    9.44355392e+01 9.44909744e+01 9.28841324e+01 9.33434753e+01
    9.24460678e+01 9.54269180e+01 9.24130554e+01 9.42656555e+01
    8.97312164e+01 9.09197922e+01 8.89835281e+01 9.04911118e+01
    8.70316467e+01 9.22777252e+01 8.80082092e+01 9.05262451e+01
    8.82924728e+01 9.01763611e+01 9.09213791e+01 8.99666290e+01
    9.13264618e+01 8.89467850e+01 9.13506699e+01 9.11153183e+01
    8.94189911e+01 8.77381516e+01 9.12628784e+01 8.96255646e+01
    8.86990280e+01 8.92978821e+01 8.82736588e+01 8.79472733e+01
    8.58585663e+01 8.67741623e+01 8.39211121e+01 8.41943741e+01
    8.30213852e+01 8.28663101e+01 8.37079620e+01 7.94851456e+01
    8.38579483e+01 8.39573975e+01 8.42583084e+01 7.99817276e+01
    8.10053177e+01 8.27326202e+01 7.95643921e+01 8.03538666e+01
    7.91535187e+01 8.26248932e+01 8.26301346e+01 8.29721451e+01
    8.37135849e+01 8.77908554e+01 8.71634827e+01 8.60470581e+01
    8.98305435e+01 8.76396713e+01 8.55670929e+01 8.62967300e+01
    8.63930893e+01 8.74183426e+01 8.65908203e+01 8.98892593e+01
    8.80950317e+01 8.87661591e+01 8.91065445e+01 8.94162827e+01
    8.83881607e+01 8.89727325e+01 8.84109497e+01 8.75765228e+01
    8.74682617e+01 9.07301254e+01 8.58887329e+01 8.91050110e+01
    9.20167389e+01 9.34664917e+01 8.73689804e+01 9.11717606e+01
    9.16166840e+01 9.28279190e+01 9.30615997e+01 9.01240082e+01
    9.02153091e+01 9.11219101e+01 9.36772385e+01 9.09821777e+01
    9.49862747e+01 9.15697861e+01 8.77015305e+01 9.38515015e+01
    9.27520218e+01 9.27283249e+01 9.30592346e+01 9.42128983e+01
    9.33384171e+01 9.39062881e+01 9.05652771e+01 9.07390671e+01
    9.34883575e+01 8.88282471e+01 9.47252960e+01 9.04590912e+01
    8.73938599e+01 8.90158234e+01 9.10597382e+01 8.84366226e+01
    8.99739914e+01 9.34898376e+01 8.71233597e+01 8.94152222e+01
    8.69662857e+01 8.88517227e+01 8.48235474e+01 8.99652710e+01
    8.77915955e+01 8.77623825e+01 8.91107101e+01 8.91155319e+01
    8.84844666e+01 8.98123474e+01 8.85789108e+01 8.99715500e+01
    8.96482162e+01 8.57987137e+01 8.60041275e+01 8.59862747e+01
    8.50142822e+01 8.65486832e+01 8.69231415e+01 8.84715347e+01
    8.96578140e+01 8.82281723e+01 8.84903336e+01 8.95480881e+01
    9.12809830e+01 8.75829544e+01 9.07277985e+01 8.75324707e+01
    8.62711487e+01 8.87406998e+01 8.62636490e+01 8.69602509e+01
    9.00288162e+01 8.96459045e+01 9.16596375e+01 9.39161148e+01
    9.20283661e+01 9.27093124e+01 9.33715363e+01 9.22414474e+01
    9.31127625e+01 9.37543640e+01 9.32079010e+01 9.51294174e+01
    9.32539215e+01 9.59550476e+01 9.46410141e+01 9.01175766e+01
    9.28861542e+01 9.59580917e+01 9.81169510e+01 9.57726288e+01
    9.46951828e+01 9.47817383e+01 9.30054016e+01 9.14753571e+01
    9.23218918e+01 9.26919174e+01 9.25716858e+01 9.24694977e+01
    9.40212021e+01 9.48401489e+01 9.24253540e+01 9.02001953e+01
    9.37126389e+01 9.05952148e+01 9.36907043e+01 9.16429214e+01
    8.93911896e+01 9.01734390e+01 9.22568283e+01 9.12284698e+01
    9.45322113e+01 9.62640381e+01 9.19092026e+01 9.46883621e+01
    9.31290817e+01 9.24581375e+01 9.30033188e+01 9.23521576e+01
    9.02093353e+01 8.85349197e+01 8.45789185e+01 8.79167404e+01
    8.75550537e+01 8.47519836e+01 8.49701920e+01 8.39067993e+01
    8.18965378e+01 8.15967255e+01 8.21575470e+01 7.99496307e+01
    8.05495377e+01 8.04310455e+01 7.92189713e+01 7.78904114e+01
    8.02243652e+01 8.07069778e+01 7.85959244e+01 8.36450043e+01
    8.52370911e+01 8.30699387e+01 8.38004532e+01 8.13339157e+01
    8.03166809e+01 8.33451157e+01 8.37660141e+01 8.33530807e+01
    8.18875504e+01 8.38357010e+01 8.62331924e+01 8.81200104e+01
    8.77405701e+01 9.09377213e+01 8.91623001e+01 8.94963608e+01
    9.19312134e+01 9.25824203e+01 8.91805344e+01 8.89396362e+01
    9.27094116e+01 9.33905334e+01 9.21376114e+01 9.25013962e+01
    9.11619339e+01 9.29732819e+01 9.47473068e+01 9.35925369e+01
    9.52847061e+01 9.17967834e+01 9.53150711e+01 9.30435257e+01
    9.65158157e+01 9.20057907e+01 9.28759689e+01 9.19011002e+01
    8.89530258e+01 8.96264343e+01 8.91782684e+01 9.07985840e+01
    9.05776291e+01 8.77169952e+01 8.76899185e+01 9.00221558e+01
    9.06865234e+01 8.73794022e+01 8.91721497e+01 8.92936020e+01
    8.99219131e+01 9.14457779e+01 8.86245880e+01 8.89543839e+01
    9.03432770e+01 9.15446701e+01 8.81959610e+01 8.67169876e+01
    9.14644623e+01 8.63974075e+01 8.54030991e+01 8.49163284e+01
    8.48432159e+01 8.35183792e+01 8.67417297e+01 8.04902725e+01
    8.47489471e+01 8.30174637e+01 8.36434250e+01 8.59829788e+01
    8.08386383e+01 8.35919037e+01 8.24087601e+01 8.16962128e+01
    7.75411682e+01 8.23311234e+01 8.19186630e+01 8.25729980e+01
    8.46228638e+01 8.34389420e+01 8.49917221e+01 8.76444321e+01
    8.79551392e+01 8.67122803e+01 8.75894547e+01 8.29543304e+01
    8.59511261e+01 8.67215958e+01 8.92899399e+01 8.97589417e+01
    8.65892334e+01 8.83665085e+01 8.88440781e+01 8.99993362e+01
    9.19274673e+01 8.93597412e+01 8.77581711e+01 8.92457581e+01
    9.12806244e+01 8.99337997e+01 8.45467758e+01 8.81649780e+01
    8.35524979e+01 8.88346863e+01 8.94391556e+01 9.12190247e+01
    9.44355621e+01 9.06066589e+01 9.11551361e+01 9.30368576e+01
    9.30066757e+01 9.13089600e+01 8.86243210e+01 9.32868347e+01
    9.25055237e+01 8.88068542e+01 9.05481949e+01 8.86984940e+01
    8.95563049e+01 9.29051208e+01 9.28115234e+01 9.44106293e+01
    9.51473007e+01 9.11830063e+01 9.01549683e+01 9.00033722e+01
    9.10909805e+01 9.03171692e+01 9.10043259e+01 8.86813126e+01
    8.84060059e+01 9.20539246e+01 8.92858734e+01 9.21622009e+01
    9.08181000e+01 9.39105606e+01 9.21123581e+01 9.36402893e+01
    8.75244370e+01 8.59964828e+01 8.37790375e+01 8.70898895e+01
    8.96317520e+01 8.96529694e+01 8.61826706e+01 8.71256332e+01
    8.93690567e+01 8.94262390e+01 8.79827805e+01 8.77809601e+01
    8.90048752e+01 8.66772003e+01 8.80244064e+01 8.44405365e+01
    8.66276703e+01 8.21828995e+01 8.85647812e+01 8.53016434e+01
    8.70199814e+01 8.77080841e+01 8.88962250e+01 9.15453568e+01
    8.82986145e+01 9.08550339e+01 8.91021194e+01 9.26325531e+01
    9.14993057e+01 8.98846054e+01 9.02317657e+01 9.07568130e+01
    9.11291046e+01 8.99104233e+01 9.20517273e+01 9.47005234e+01
    9.26936188e+01 9.43073196e+01 9.51809692e+01 9.21566467e+01
    9.35515289e+01 9.48108749e+01 9.54706497e+01 9.34577332e+01
    9.53647385e+01 9.30923462e+01 9.40581970e+01 9.43044052e+01
    9.74548111e+01 9.62532272e+01 9.47943344e+01 9.61121750e+01
    9.62857361e+01 9.42554550e+01 9.20888443e+01 9.53883820e+01
    9.11489563e+01 9.19784698e+01 9.06077805e+01 9.17952271e+01
    9.13335190e+01 9.19862823e+01 9.34250641e+01 8.81476440e+01
    9.07784500e+01 9.37093811e+01 9.17025681e+01 8.98627090e+01
    8.90131073e+01 9.47404251e+01 8.99668884e+01 8.93877182e+01
    9.21809845e+01 9.20689621e+01 9.38058319e+01 9.39659042e+01
    9.51362991e+01 9.38492661e+01 9.28421021e+01 9.65910721e+01
    9.46633759e+01 9.31314774e+01 8.84378128e+01 9.10166855e+01
    8.64391251e+01 8.68920288e+01 8.85770798e+01 8.79612961e+01
    8.64475861e+01 8.67033310e+01 8.47906036e+01 8.60980835e+01
    8.30051651e+01 8.38805695e+01 8.20546951e+01 7.98951874e+01
    8.05321198e+01 7.43638763e+01 7.76839066e+01 7.47523270e+01
    8.09672699e+01 8.24643555e+01 8.38489151e+01 8.62086868e+01
    8.13605270e+01 8.38721008e+01 8.31323547e+01 8.34092789e+01
    8.42902985e+01 8.58216171e+01 8.70281677e+01 8.19303131e+01
    8.62435532e+01 8.70664139e+01 8.65755463e+01 8.79098129e+01
    8.91521530e+01 8.75488281e+01 9.23586578e+01 9.43210144e+01
    9.16473694e+01 9.17924271e+01 9.42753754e+01 9.60792313e+01
    9.53946381e+01 9.56518478e+01 9.42748413e+01 9.45147171e+01
    9.44901505e+01 9.60447388e+01 9.63434830e+01 9.80559387e+01
    9.51920776e+01 9.64925537e+01 9.81395493e+01 9.25565948e+01
    9.80561295e+01 9.24791260e+01 9.48166122e+01 9.36252747e+01
    9.50309219e+01 9.00219803e+01 9.11941528e+01 8.99222183e+01
    8.79704208e+01 8.55009384e+01 8.83472900e+01 8.80266266e+01
    8.95202408e+01 8.90562363e+01 8.91953125e+01 8.88618393e+01
    9.06104431e+01 8.92864304e+01 8.88538666e+01 8.99498062e+01
    8.66348648e+01 8.60154877e+01 8.58264465e+01 8.60409622e+01
    8.43945999e+01 8.05980988e+01 8.46004333e+01 8.50038986e+01
    8.33599777e+01 8.44046097e+01 8.30102844e+01 8.22671814e+01
    8.74152985e+01 8.61791534e+01 8.51410828e+01 8.19673004e+01
    8.20903168e+01 7.96576538e+01 8.10688858e+01 8.33898773e+01
    8.48191605e+01 8.30352249e+01 8.47373199e+01 8.49864349e+01
    8.30874100e+01 8.71690521e+01 8.66930618e+01 8.54614792e+01
    8.49408569e+01 8.67474747e+01 8.64643478e+01 8.63167725e+01
    8.78997269e+01 8.58251495e+01 8.93817520e+01 8.97431793e+01
    8.68451309e+01 8.77856674e+01 8.99973450e+01 8.81885910e+01
    8.60471649e+01 8.85808411e+01 8.90582733e+01 8.93837662e+01
    8.75958862e+01 8.87751770e+01 8.74843369e+01 8.95996475e+01
    8.96103363e+01 9.17964249e+01 8.94537506e+01 9.26409912e+01
    9.12473679e+01 9.05372620e+01 9.24897003e+01 9.03720169e+01
    9.06831512e+01 9.24480591e+01 9.15905533e+01 9.12827988e+01
    9.32945175e+01 9.22085037e+01 9.16759567e+01 9.60396805e+01
    9.54084702e+01 9.23881378e+01 9.57365265e+01 9.34834137e+01
    9.20299301e+01 9.31072540e+01 9.01670837e+01 9.16735916e+01
    8.90136948e+01 9.11849823e+01 9.37150192e+01 9.45450211e+01
    8.94192657e+01 9.14058685e+01 9.37433395e+01 9.49272079e+01
    9.13395233e+01 9.52407455e+01 8.84947815e+01 8.74727936e+01
    8.97098694e+01 8.86987381e+01 8.94121628e+01 8.43754272e+01
    8.63756027e+01 8.72862396e+01 9.03921051e+01 8.79602127e+01
    8.56003571e+01 8.66337280e+01 8.84843979e+01 8.72799835e+01
    8.72591476e+01 8.74144821e+01 8.80610199e+01 8.53983917e+01
    8.53068695e+01 8.49749298e+01 8.53423843e+01 8.59491501e+01
    9.00050964e+01 8.70344696e+01 8.70788574e+01 8.76167221e+01
    8.98255768e+01 9.08450089e+01 9.03685379e+01 8.91782150e+01
    8.83852997e+01 9.29576492e+01 9.39203186e+01 9.20109100e+01
    9.28425980e+01 9.33403320e+01 9.56707840e+01 9.53966293e+01
    9.27307434e+01 9.06163177e+01 9.57733765e+01 9.33378220e+01
    9.61082153e+01 9.46592484e+01 9.56168289e+01 9.73413086e+01
    9.54954987e+01 9.60612259e+01 9.80807953e+01 9.55168076e+01
    9.26981049e+01 9.64456329e+01 9.96454697e+01 9.56088409e+01
    9.62915955e+01 9.43490448e+01 9.44923706e+01 9.13449249e+01
    9.29226608e+01 9.24490509e+01 9.15966873e+01 9.42827835e+01
    9.34810333e+01 9.49176407e+01 9.37703094e+01 9.35802155e+01
    9.11312561e+01 9.17041092e+01 9.05408630e+01 9.10687637e+01
    9.04798050e+01 9.17231903e+01 9.67270355e+01 9.29893875e+01
    9.70688248e+01 9.22558136e+01 9.51205139e+01 9.57089767e+01
    9.46193085e+01 9.82739868e+01 9.34711914e+01 9.32093811e+01
    8.96851349e+01 8.92169952e+01 8.93409500e+01 8.85384521e+01
    9.00669632e+01 8.54214859e+01 8.97354813e+01 8.72900162e+01
    8.86942520e+01 8.41719589e+01 8.78531570e+01 8.46284027e+01
    8.60793839e+01 8.11030273e+01 8.08316040e+01 7.65363159e+01
    7.76050339e+01 7.90308914e+01 8.05582275e+01 8.43927994e+01
    8.49397964e+01 8.32522964e+01 8.43546295e+01 8.31268158e+01
    8.32940369e+01 8.75580139e+01 8.67639465e+01 8.63825989e+01
    8.34669418e+01 8.20734406e+01 8.39167023e+01 8.47576218e+01
    8.26960068e+01 8.86433182e+01 8.91068573e+01 9.08111572e+01
    8.73510666e+01 9.07826538e+01 8.79649734e+01 9.03291397e+01
    9.16169357e+01 9.30329742e+01 9.46779175e+01 9.17407837e+01
    9.60533600e+01 9.39199677e+01 9.65379791e+01 9.56340866e+01
    9.60655136e+01 9.51897125e+01 9.73660889e+01 9.52384796e+01
    9.49889603e+01 9.76302490e+01 9.47127457e+01 9.55408401e+01
    9.77359467e+01 9.39287338e+01 9.16162415e+01 9.23082886e+01
    9.36637955e+01 8.99802551e+01 8.78474960e+01 8.66162109e+01
    8.67477036e+01 8.89933701e+01 8.70831604e+01 8.84521179e+01
    8.87528687e+01 8.77391586e+01 9.21585464e+01 9.02825928e+01
    9.01554947e+01 8.97234421e+01 8.72205048e+01 8.79485092e+01
    8.74332581e+01 8.81866608e+01 8.50955811e+01 8.74242859e+01
    8.41618195e+01 8.38499146e+01 8.43860779e+01 8.55781937e+01
    8.49496918e+01 8.32249222e+01 8.57123032e+01 8.52606964e+01
    8.48835144e+01 8.53270950e+01 8.08694839e+01 8.53555145e+01
    8.18053589e+01 8.32811203e+01 8.45747375e+01 8.65710068e+01
    8.35446091e+01 8.62114258e+01 8.76209488e+01 8.77181091e+01
    8.78644485e+01 8.74104767e+01 8.80218201e+01 8.72438126e+01
    8.53519974e+01 8.57558441e+01 8.76138992e+01 8.87457733e+01
    9.19935532e+01 8.64708023e+01 9.17455978e+01 9.15157700e+01
    8.94867630e+01 8.78858643e+01 8.78645248e+01 8.89838867e+01
    9.12177353e+01 8.99436035e+01 8.67776260e+01 8.59360657e+01
    8.61224747e+01 8.54218216e+01 8.89232254e+01 9.10198975e+01
    9.42226028e+01 9.13389816e+01 8.95750351e+01 8.89914093e+01
    8.95448685e+01 8.67899323e+01 8.90700302e+01 8.98760681e+01
    8.88379364e+01 9.12715607e+01 9.11011047e+01 9.15336151e+01
    8.96131363e+01 9.06439056e+01 9.34502182e+01 9.21822205e+01
    8.93207932e+01 9.15418472e+01 8.87365417e+01 9.19328995e+01
    9.05146332e+01 9.03340302e+01 9.09017410e+01 9.23717499e+01
    9.42494431e+01 9.31992950e+01 9.51715622e+01 9.47841339e+01
    9.48656006e+01 9.45189972e+01 9.14063034e+01 9.31485825e+01
    8.70439911e+01 8.44220886e+01 8.64388351e+01 8.38542862e+01
    8.68075867e+01 8.37059784e+01 8.60444336e+01 8.58558960e+01
    8.37825241e+01 8.69344101e+01 8.58208084e+01 8.79582443e+01
    8.50387192e+01 8.70398712e+01 8.60967484e+01 8.67084045e+01
    8.31691742e+01 8.46220932e+01 8.66612015e+01 8.53640213e+01
    9.01933212e+01 8.68149033e+01 8.89055710e+01 8.79235306e+01
    8.73986435e+01 8.79993744e+01 9.21319885e+01 8.85514221e+01
    9.06947327e+01 8.83018494e+01 9.02545853e+01 9.38386002e+01
    9.00230103e+01 8.88699188e+01 9.24102631e+01 9.12064056e+01
    9.41330795e+01 9.53724899e+01 9.21501770e+01 9.66213837e+01
    9.48194504e+01 9.50004959e+01 9.54452591e+01 9.46110229e+01
    9.41609497e+01 9.74174042e+01 9.52449036e+01 9.42815781e+01
    9.59249115e+01 9.71090622e+01 9.68526001e+01 9.84146805e+01
    9.69157486e+01 9.60029526e+01 9.65311127e+01 9.61326828e+01
    9.30181808e+01 9.23889618e+01 9.51308670e+01 9.53674850e+01
    9.42157211e+01 9.27253189e+01 9.49801025e+01 9.37610626e+01
    9.72412643e+01 9.37026520e+01 9.15962982e+01 8.99662933e+01
    9.51563187e+01 9.17744141e+01 9.30553513e+01 9.10672989e+01
    9.50909042e+01 9.68406754e+01 9.27325897e+01 9.36744308e+01
    9.43886261e+01 9.38117752e+01 9.68358688e+01 9.40601044e+01
    9.34890594e+01 9.03623886e+01 9.32304230e+01 8.59542923e+01
    8.63916321e+01 8.93452530e+01 9.17136078e+01 8.88079147e+01
    8.82799301e+01 8.64884186e+01 8.33632584e+01 8.53909607e+01
    8.39949799e+01 8.31570129e+01 8.35168991e+01 7.94986420e+01
    8.12599945e+01 7.79939499e+01 7.61295242e+01 8.01729965e+01
    8.17806854e+01 8.40674591e+01 8.65725479e+01 8.57392731e+01
    8.50236893e+01 8.25946045e+01 8.36225510e+01 8.36214828e+01
    8.63008499e+01 8.49114532e+01 8.35495377e+01 8.58083878e+01
    8.32013626e+01 8.75842438e+01 8.87583847e+01 9.13987732e+01
    8.80589142e+01 8.82081528e+01 8.86026459e+01 8.96266861e+01
    9.07360153e+01 8.98774948e+01 8.99188614e+01 9.21072006e+01
    9.50398483e+01 9.47220230e+01 9.13224640e+01 9.32092667e+01
    9.75036697e+01 9.55502853e+01 9.59951706e+01 9.51936874e+01
    9.57106781e+01 9.82099533e+01 9.33779449e+01 9.70041962e+01
    9.53795242e+01 9.55532761e+01 9.12287064e+01 9.63902359e+01
    9.31826096e+01 9.22654266e+01 9.04751892e+01 8.96001205e+01
    9.00267410e+01 8.88586273e+01 9.00424423e+01 8.84235229e+01
    8.94790802e+01 8.68031540e+01 8.71062546e+01 8.78977432e+01
    8.77265091e+01 8.87914429e+01 8.88225327e+01 8.85147858e+01
    8.66588821e+01 8.94335403e+01 8.50112076e+01 8.86369095e+01
    8.67657623e+01 8.27013626e+01 8.42404633e+01 8.63767090e+01
    8.48415833e+01 8.31848755e+01 8.57681656e+01 8.50564346e+01
    8.67957306e+01 8.79035110e+01 8.39107361e+01 7.98535156e+01
    8.17075500e+01 8.53867950e+01 8.09695206e+01 8.37876053e+01
    8.38094406e+01 8.65933075e+01 8.77499084e+01 8.71912537e+01
    8.56005554e+01 8.75281677e+01 8.88840637e+01 8.62540359e+01
    8.95190430e+01 9.07280884e+01 8.71683502e+01 8.93168030e+01
    9.09390335e+01 8.90697861e+01 9.09606781e+01 8.79184952e+01
    9.03860397e+01 9.33628311e+01 8.80887299e+01 9.21264038e+01
    8.88283768e+01 9.03197556e+01 9.10042496e+01 8.86998138e+01
    8.41436081e+01 8.41640701e+01 8.24851303e+01 8.45586700e+01
    8.46465225e+01 8.89793320e+01 8.90392380e+01 8.80918961e+01
    8.92817764e+01 8.69578018e+01 8.81450729e+01 8.82762680e+01
    8.61308060e+01 8.68950653e+01 8.78962021e+01 8.85494537e+01
    8.94673538e+01 8.60613403e+01 8.72365341e+01 9.12027359e+01
    9.07078629e+01 9.26375809e+01 9.14460831e+01 9.02418823e+01
    8.92787781e+01 8.88249817e+01 8.97823257e+01 9.10045929e+01
    8.87889404e+01 8.97827454e+01 9.11665268e+01 9.48175812e+01
    8.97080460e+01 9.57108307e+01 9.39613953e+01 9.50643234e+01
    8.99024811e+01 9.01655121e+01 8.85037079e+01 8.50637665e+01
    8.72269363e+01 8.61260834e+01 8.91124039e+01 8.48626099e+01
    8.76052933e+01 8.53255463e+01 8.69906006e+01 8.68101883e+01
    8.94821320e+01 8.34248886e+01 8.69299698e+01 8.69506760e+01
    8.69937744e+01 8.63390961e+01 8.37765121e+01 8.33921280e+01
    8.50264130e+01 8.58813858e+01 8.78170395e+01 8.63165588e+01
    8.91709747e+01 8.80564651e+01 8.77166443e+01 8.65412445e+01
    8.92888489e+01 8.61807480e+01 8.98231125e+01 8.62927246e+01
    8.92848816e+01 8.67443848e+01 9.10414963e+01 8.85486832e+01
    9.06967621e+01 8.98715134e+01 9.32841187e+01 9.46288986e+01
    9.43085251e+01 9.42244339e+01 9.37543793e+01 9.57721024e+01
    9.88176804e+01 9.71340637e+01 9.71967926e+01 9.77784576e+01
    9.68548737e+01 9.52284622e+01 9.77773819e+01 1.00129898e+02
    9.41601486e+01 9.69850693e+01 1.01953568e+02 9.91764145e+01
    9.54127579e+01 9.48007889e+01 9.39972763e+01 9.45420609e+01
    9.41814804e+01 9.50203476e+01 9.26925430e+01 9.46772690e+01
    9.28554001e+01 9.28424759e+01 9.19448853e+01 9.00871735e+01
    9.08088837e+01 9.24794693e+01 8.99965515e+01 9.35756989e+01
    9.26058960e+01 9.12922897e+01 9.36817322e+01 9.62230835e+01
    9.14863205e+01 9.43433914e+01 9.43015289e+01 9.38549423e+01
    9.42826462e+01 9.64965057e+01 9.34975204e+01 9.01165161e+01
    9.33635712e+01 8.92966995e+01 8.75255814e+01 8.76112289e+01
    8.82510300e+01 8.60654144e+01 8.61040649e+01 8.70106125e+01
    8.43727188e+01 8.40169220e+01 8.14578171e+01 8.57414627e+01
    8.22983780e+01 7.97749863e+01 7.78536987e+01 7.81272278e+01
    7.97392807e+01 7.97361374e+01 8.04072647e+01 8.49337616e+01
    8.37482071e+01 8.46020050e+01 8.43756332e+01 8.09515305e+01
    8.41392441e+01 8.31314545e+01 8.60820923e+01 8.37117844e+01
    8.50764999e+01 8.28960724e+01 8.49692688e+01 8.71270142e+01
    8.78631363e+01 8.95823669e+01 9.27020950e+01 8.96491852e+01
    8.96168442e+01 8.94132614e+01 9.06909332e+01 9.22496490e+01
    9.10550919e+01 9.18862991e+01 9.36852036e+01 9.30330963e+01
    9.36366196e+01 9.54924774e+01 9.44834061e+01 9.60081329e+01
    9.68972702e+01 9.44563217e+01 9.67634888e+01 9.51901703e+01
    9.46865082e+01 9.63149719e+01 9.76732941e+01 9.50001984e+01
    9.18886642e+01 9.34829025e+01 8.99510880e+01 9.14292068e+01
    9.06859055e+01 9.08263474e+01 8.82492065e+01 8.91287384e+01
    8.89486771e+01 8.64846268e+01 8.90151978e+01 8.79273682e+01
    8.62219772e+01 8.65167236e+01 8.65380402e+01 8.87133408e+01
    8.50830231e+01 8.59285049e+01 8.48320236e+01 8.47532501e+01
    8.45542221e+01 8.45484695e+01 9.03565903e+01 8.54175873e+01
    8.73297043e+01 8.61457214e+01 8.73989410e+01 8.46411896e+01
    8.74587402e+01 8.74001770e+01 8.55867004e+01 8.58378372e+01
    8.44270706e+01 8.44619598e+01 8.27058182e+01 8.41958694e+01
    8.34622116e+01 8.39370956e+01 8.42226791e+01 8.61833649e+01
    8.74266815e+01 8.55586929e+01 8.68934021e+01 8.83109283e+01
    8.96099319e+01 9.03294220e+01 8.75218887e+01 9.06836777e+01
    8.73692627e+01 8.87007828e+01 8.88013611e+01 8.71594238e+01
    8.82925110e+01 8.69793243e+01 8.79301224e+01 8.70309296e+01
    8.85080643e+01 8.79497070e+01 8.70763168e+01 8.69706650e+01
    8.81006775e+01 8.70761948e+01 8.31607437e+01 8.20822067e+01
    8.32900162e+01 8.20539627e+01 8.53549347e+01 8.70882339e+01
    8.59851227e+01 8.75537720e+01 8.54839325e+01 8.53784866e+01
    8.75113068e+01 8.42336884e+01 8.52823639e+01 8.68740768e+01
    8.60857849e+01 8.68885574e+01 8.71849976e+01 8.66187668e+01
    8.80029755e+01 9.06423187e+01 9.30061951e+01 9.30168457e+01
    8.91355820e+01 9.00207291e+01 8.99405060e+01 9.12808990e+01
    9.01888351e+01 8.88126526e+01 9.00699921e+01 9.04505920e+01
    9.42753906e+01 9.48497925e+01 9.43760376e+01 9.59293365e+01
    9.45805740e+01 9.73548126e+01 9.65353699e+01 9.44549713e+01
    8.99074631e+01 8.59320831e+01 8.52342224e+01 8.74092789e+01
    8.58860092e+01 8.78650742e+01 8.72437439e+01 8.56193695e+01
    9.05224686e+01 9.02803421e+01 8.95916901e+01 8.66727066e+01
    9.19563522e+01 8.80149384e+01 8.96770554e+01 8.57621307e+01
    8.46177368e+01 8.38502960e+01 8.55477142e+01 8.67025909e+01
    8.79337997e+01 8.80339279e+01 8.51571426e+01 8.88922348e+01
    8.80888519e+01 8.78985519e+01 8.82139511e+01 8.61236115e+01
    8.98302841e+01 8.83911819e+01 8.68348923e+01 8.74374924e+01
    8.89871521e+01 8.56401443e+01 9.05334625e+01 9.02619171e+01
    9.11329956e+01 9.47008743e+01 9.08252716e+01 9.48103409e+01
    9.53020554e+01 9.75469437e+01 9.74626694e+01 9.50893021e+01
    9.47258682e+01 9.63770981e+01 9.69029770e+01 9.93308487e+01
    9.90172806e+01 1.00778214e+02 9.82905884e+01 1.00838707e+02
    9.84709091e+01 9.97937546e+01 9.67187881e+01 9.50620422e+01
    9.27386246e+01 9.41473007e+01 9.67540207e+01 9.57698975e+01
    9.39341125e+01 9.38689575e+01 9.35987854e+01 9.49269791e+01
    9.22292175e+01 9.36375580e+01 9.08566895e+01 9.00883713e+01
    9.06083755e+01 9.49372177e+01 9.26960754e+01 9.16373444e+01
    9.62257156e+01 9.65758362e+01 9.68876495e+01 9.49598770e+01
    9.42257233e+01 9.32174835e+01 9.60000687e+01 9.21549225e+01
    9.65465469e+01 9.34096680e+01 9.00894318e+01 8.90976868e+01
    8.73998566e+01 8.79294357e+01 8.96903839e+01 8.99742355e+01
    8.68985062e+01 8.46378784e+01 8.61308441e+01 8.23742218e+01
    8.39500961e+01 8.15658340e+01 8.09334488e+01 7.99230270e+01
    7.77554321e+01 7.88981400e+01 7.72229843e+01 7.94442215e+01
    7.91145020e+01 8.70431595e+01 8.40214386e+01 8.49674530e+01
    8.33694763e+01 8.64336777e+01 8.61754684e+01 8.86786880e+01
    8.52680969e+01 8.76456757e+01 8.78443298e+01 8.34863586e+01
    8.92260818e+01 8.50742645e+01 8.94190903e+01 8.92929688e+01
    9.11519699e+01 8.90004425e+01 9.19575119e+01 9.02305069e+01
    9.02869568e+01 9.06835175e+01 8.94696198e+01 9.44197845e+01
    9.31728821e+01 9.65794220e+01 9.26896667e+01 9.10323639e+01
    9.68051147e+01 9.52267609e+01 9.45870819e+01 9.60017242e+01
    9.60708084e+01 9.69316635e+01 9.85875168e+01 9.50373001e+01
    9.60124435e+01 9.43265228e+01 9.26068039e+01 9.15145035e+01
    9.46837540e+01 8.93907852e+01 8.72820816e+01 9.12050858e+01
    8.57896500e+01 8.90019150e+01 8.56606979e+01 8.79553833e+01
    8.76269150e+01 8.99841766e+01 8.65264130e+01 8.81789551e+01
    9.07767563e+01 8.79163895e+01 8.91047592e+01 8.56449661e+01
    9.01981583e+01 8.94246063e+01 8.82974701e+01 8.51778717e+01
    8.89217834e+01 8.79372787e+01 8.74809647e+01 8.77580948e+01
    8.65835724e+01 8.75109940e+01 8.80466461e+01 8.38273849e+01
    8.56918945e+01 8.74003754e+01 8.22001495e+01 8.19742432e+01
    8.35113983e+01 8.52897644e+01 8.43700638e+01 8.69344101e+01
    8.75365372e+01 8.70862350e+01 8.75002975e+01 8.85011215e+01
    8.47878113e+01 8.62792511e+01 8.89404373e+01 9.19382858e+01
    8.85241165e+01 8.79549103e+01 8.98208923e+01 8.51432037e+01
    8.63901062e+01 8.61978683e+01 8.59933777e+01 8.60320053e+01
    8.85382309e+01 8.89453278e+01 8.60460281e+01 8.80356674e+01
    8.75400238e+01 8.27658463e+01 8.90308456e+01 8.42152100e+01
    8.17509079e+01 8.16827850e+01 8.35479202e+01 8.24544678e+01
    8.78619537e+01 8.63062744e+01 9.03303604e+01 9.13739929e+01
    8.62855453e+01 8.94465637e+01 8.63060684e+01 8.75955734e+01
    8.66509476e+01 8.59710007e+01 8.51247482e+01 8.50697403e+01
    8.49926376e+01 8.62790527e+01 8.74590988e+01 8.75600357e+01
    8.74316025e+01 8.86967163e+01 8.78821335e+01 9.01825027e+01
    9.11557159e+01 8.78225937e+01 8.79617691e+01 9.04460907e+01
    8.82320251e+01 9.13032684e+01 9.23126144e+01 9.19094391e+01
    9.17713089e+01 9.29679031e+01 9.64843369e+01 9.46682510e+01
    9.16316757e+01 9.33859329e+01 8.60159683e+01 8.74161606e+01
    8.38843689e+01 8.76908417e+01 8.43980560e+01 8.41141510e+01
    8.75854034e+01 8.25380173e+01 8.80543823e+01 8.77122650e+01
    8.72331238e+01 8.42201538e+01 8.95305405e+01 8.81503448e+01
    8.73453674e+01 8.62843475e+01 8.73258743e+01 8.58027496e+01
    8.77063217e+01 8.98643570e+01 8.69062653e+01 9.02264328e+01
    9.10394592e+01 9.23754654e+01 8.76572647e+01 8.92395935e+01
    8.94522476e+01 9.06900330e+01 9.11512527e+01 8.83037033e+01
    8.65952148e+01 9.29977188e+01 8.84834442e+01 9.04211426e+01
    9.22434921e+01 8.79332581e+01 9.42313385e+01 9.32021255e+01
    9.86359787e+01 9.43438187e+01 9.25736237e+01 9.67636032e+01
    9.52637634e+01 9.45378494e+01 9.16992035e+01 1.00325272e+02
    9.53501968e+01 9.55808868e+01 9.94972763e+01 9.75049057e+01
    1.00858948e+02 9.63345566e+01 9.88521118e+01 9.71288452e+01
    9.47890930e+01 9.33183212e+01 9.21406021e+01 9.37148361e+01
    9.27326279e+01 9.51399307e+01 9.29183884e+01 9.25593643e+01
    9.27434158e+01 9.55180435e+01 9.37466507e+01 9.15713882e+01
    9.49252548e+01 9.22455215e+01 9.51719360e+01 9.40576096e+01
    9.23478775e+01 8.98722916e+01 9.62138672e+01 9.38796539e+01
    9.23995895e+01 9.34002609e+01 9.37980042e+01 9.44741821e+01
    9.71216965e+01 9.07216721e+01 9.38477554e+01 9.48008804e+01
    8.91990814e+01 8.95102997e+01 9.00868835e+01 8.65336838e+01
    8.79504929e+01 8.83620682e+01 8.62075500e+01 8.45133743e+01
    8.48342209e+01 8.32284698e+01 8.14388885e+01 8.18879013e+01
    7.85031128e+01 7.85101089e+01 7.91284714e+01 7.89944000e+01
    7.64547729e+01 8.02527847e+01 8.11181717e+01 8.49032822e+01
    8.32142487e+01 8.27846146e+01 8.50190506e+01 8.71657333e+01
    8.43967056e+01 8.65821075e+01 8.64505920e+01 8.70308609e+01
    8.53835602e+01 8.63277054e+01 8.95374374e+01 8.44134064e+01
    8.79394150e+01 9.09168167e+01 8.97531204e+01 8.88439865e+01
    8.97029419e+01 8.76982651e+01 9.16532288e+01 9.25817032e+01
    9.28649139e+01 9.14444351e+01 9.56374741e+01 9.16302109e+01
    9.40270996e+01 9.30241013e+01 9.08631973e+01 9.74692535e+01
    9.55387268e+01 9.66410294e+01 9.46672134e+01 9.67157211e+01
    9.37562866e+01 9.67794724e+01 9.90077133e+01 9.45305710e+01
    9.49232483e+01 9.12453232e+01 9.27456589e+01 9.37622452e+01
    9.21522141e+01 8.97135544e+01 9.11384659e+01 8.92724762e+01
    8.97212830e+01 8.82978516e+01 8.61786880e+01 8.93660355e+01
    9.13777695e+01 8.52556381e+01 8.62036209e+01 9.14294662e+01
    9.04918671e+01 8.94662170e+01 8.58927078e+01 8.85391922e+01
    8.45379486e+01 8.75244598e+01 8.62313004e+01 8.72725601e+01
    8.88243790e+01 8.63225021e+01 8.71122665e+01 8.71577911e+01
    8.67722244e+01 8.39790497e+01 8.64405594e+01 8.38212662e+01
    8.88162231e+01 8.51645737e+01 8.52256546e+01 8.55639648e+01
    8.70544434e+01 8.68827286e+01 8.66109009e+01 8.96724777e+01
    8.58393326e+01 8.53613968e+01 8.47617264e+01 8.76547623e+01
    8.66698608e+01 8.59357376e+01 9.02951965e+01 8.42595444e+01
    8.65231400e+01 8.56585999e+01 8.53756485e+01 8.70917053e+01
    8.85514755e+01 8.95523834e+01 9.04096146e+01 9.03214874e+01
    8.95447617e+01 8.76913071e+01 8.98146362e+01 8.75508957e+01
    8.96481018e+01 8.68951645e+01 8.40306320e+01 8.32480240e+01
    8.59527817e+01 8.71179581e+01 8.99627686e+01 8.74145737e+01
    8.78718033e+01 9.34080505e+01 8.91700897e+01 8.65127487e+01
    8.52634430e+01 8.84618607e+01 8.66470032e+01 8.37486725e+01
    8.55087967e+01 8.55136719e+01 8.73422394e+01 8.67409973e+01
    8.66950150e+01 9.05512314e+01 8.68680038e+01 8.68717117e+01
    8.73153076e+01 8.54242706e+01 8.65949249e+01 8.51859512e+01
    8.73646240e+01 8.48171310e+01 8.93237000e+01 8.89663010e+01
    9.20650177e+01 9.28498154e+01 9.17049484e+01 9.42868958e+01
    9.22029953e+01 9.62086716e+01 9.43625412e+01 9.44150696e+01
    8.72893829e+01 8.75355377e+01 8.59421768e+01 8.51281128e+01
    8.59501114e+01 8.31475906e+01 8.60132446e+01 8.74132309e+01
    8.82696609e+01 8.81780930e+01 8.88133774e+01 8.69953613e+01
    8.66241608e+01 8.63047714e+01 8.89665375e+01 8.58240280e+01
    8.79193115e+01 8.57174072e+01 8.79614258e+01 8.80715561e+01
    9.00137863e+01 8.50150604e+01 8.80634384e+01 9.12404404e+01
    8.97062607e+01 9.07125626e+01 8.94410553e+01 9.00728226e+01
    8.74984894e+01 8.93556519e+01 8.73703461e+01 8.76732635e+01
    8.93904648e+01 8.84177856e+01 8.97606812e+01 9.23951721e+01
    9.04210052e+01 9.43891602e+01 9.60650940e+01 9.31730957e+01
    9.62407913e+01 9.33663177e+01 9.57629318e+01 9.42443924e+01
    9.73055344e+01 9.99600449e+01 9.93555145e+01 1.00187248e+02
    1.00251862e+02 9.79404907e+01 9.88896255e+01 9.97046127e+01
    9.76023941e+01 9.48264008e+01 9.69677582e+01 9.20973663e+01
    9.38454132e+01 8.98424072e+01 9.54335403e+01 9.23001709e+01
    8.97477798e+01 9.11128845e+01 9.19194260e+01 9.25414658e+01
    9.04928894e+01 9.25138474e+01 9.17232285e+01 8.95838318e+01
    8.81555252e+01 9.51702347e+01 9.29851303e+01 9.31566696e+01
    9.48190231e+01 9.41182632e+01 9.32705688e+01 9.45456238e+01
    9.08846207e+01 9.30693436e+01 9.51843185e+01 9.47510986e+01
    9.35579529e+01 9.12134323e+01 8.92451630e+01 8.73123703e+01
    8.61842346e+01 8.70225601e+01 9.06103745e+01 8.64244003e+01
    8.47255020e+01 8.54513855e+01 8.53020248e+01 8.59681320e+01
    8.35428467e+01 8.05837708e+01 8.07448959e+01 8.03225174e+01
    7.96490250e+01 7.98600845e+01 8.03269653e+01 8.10256348e+01
    8.27126617e+01 8.79106674e+01 8.51066895e+01 8.62050781e+01
    8.41349182e+01 8.50487442e+01 8.27747421e+01 8.76839142e+01
    8.45191193e+01 8.70361023e+01 8.58432007e+01 8.50768661e+01
    8.63277130e+01 8.89351730e+01 8.78069077e+01 9.02329330e+01
    8.99160461e+01 9.27594910e+01 9.18167038e+01 8.99166107e+01
    9.26896286e+01 8.81577606e+01 9.66564026e+01 9.17256546e+01
    9.06007996e+01 9.36818695e+01 9.27382584e+01 9.38831482e+01
    9.13328934e+01 9.47838211e+01 9.23819809e+01 9.36073380e+01
    9.81685257e+01 9.64126511e+01 9.94432678e+01 9.47647705e+01
    9.56123657e+01 9.25380630e+01 9.34416046e+01 9.30162735e+01
    9.16684799e+01 9.21501846e+01 9.23216095e+01 9.01341248e+01
    9.22295380e+01 9.08792877e+01 9.19039917e+01 8.89875107e+01
    8.94325562e+01 9.25340500e+01 8.72106094e+01 9.15356293e+01
    8.54134598e+01 8.93545609e+01 8.80715714e+01 8.60553513e+01
    8.38254700e+01 8.49664154e+01 8.54091263e+01 8.35721436e+01
    8.51407166e+01 8.76455002e+01 8.95675049e+01 8.66996841e+01
    8.58398895e+01 8.84641876e+01 8.73021545e+01 8.57920532e+01
    8.56559296e+01 8.55223618e+01 8.71906052e+01 8.52399521e+01
    8.52158585e+01 8.20870285e+01 8.42268143e+01 8.56263809e+01
    8.64894867e+01 8.77519608e+01 8.38232346e+01 8.70015030e+01
    8.59616852e+01 8.65922394e+01 8.67060547e+01 9.03663940e+01
    8.83267746e+01 8.52163849e+01 8.48813324e+01 8.33453598e+01
    8.26583939e+01 8.71817322e+01 8.76333694e+01 8.84981537e+01
    9.25139923e+01 8.83632889e+01 9.28791962e+01 8.79016800e+01
    9.19172516e+01 8.86438293e+01 8.99083939e+01 8.84952774e+01
    8.80039444e+01 8.38682556e+01 8.40552521e+01 8.19582672e+01
    8.64207764e+01 8.82459183e+01 8.72884064e+01 8.61781235e+01
    8.78319473e+01 8.70715942e+01 8.85323029e+01 8.33956833e+01
    8.50339890e+01 8.64938812e+01 8.30152664e+01 8.38365326e+01
    8.86013336e+01 8.70688629e+01 8.42268906e+01 8.43850403e+01
    8.98790131e+01 8.37744293e+01 8.57071762e+01 8.36377335e+01
    8.56510925e+01 8.61449585e+01 8.27462158e+01 8.90173187e+01
    8.61177216e+01 8.80025253e+01 9.19939728e+01 9.24651718e+01
    9.27026901e+01 9.42315979e+01 9.45262985e+01 9.06184082e+01
    9.43622055e+01 9.20089340e+01 8.86403809e+01 8.63666611e+01
    8.68366776e+01 8.36221848e+01 8.55830307e+01 8.54334564e+01
    8.61468582e+01 8.93537521e+01 8.78788910e+01 8.88609848e+01
    8.84924011e+01 8.79335938e+01 8.66935883e+01 8.64929428e+01
    8.86894073e+01 8.47556686e+01 8.77130661e+01 8.62822647e+01
    8.59062576e+01 8.82141571e+01 8.71997681e+01 8.77993546e+01
    8.83981628e+01 8.80069199e+01 8.78454971e+01 9.11460266e+01
    8.78389816e+01 8.61472626e+01 8.82678375e+01 8.79812775e+01
    8.53814011e+01 8.95473328e+01 8.80309601e+01 9.04270096e+01
    8.95208511e+01 9.05228348e+01 9.04055710e+01 9.47130585e+01
    9.53427505e+01 9.66408844e+01 9.38292770e+01 9.41916885e+01
    9.56161957e+01 9.28362122e+01 9.51182861e+01 9.37999496e+01
    9.80740204e+01 9.55943985e+01 9.96787796e+01 9.86988297e+01
    1.01869804e+02 9.53704071e+01 9.70410995e+01 9.80091019e+01
    9.27038422e+01 9.45580978e+01 9.43589096e+01 9.31581497e+01
    9.11745758e+01 9.44974823e+01 9.01156235e+01 9.08658447e+01
    9.19745331e+01 9.18198471e+01 9.13596649e+01 9.02141953e+01
    8.94782867e+01 9.15715485e+01 8.95527496e+01 9.38327942e+01
    9.16372757e+01 9.39741821e+01 9.39586411e+01 9.42524872e+01
    9.39586029e+01 9.54400482e+01 9.45198059e+01 9.28087158e+01
    9.55070267e+01 9.33284836e+01 9.46290207e+01 9.07119370e+01
    9.20978012e+01 8.96240540e+01 8.82869034e+01 8.79688950e+01
    8.71042480e+01 8.68912659e+01 8.86022034e+01 8.74467773e+01
    8.25496140e+01 8.46184769e+01 8.50074463e+01 8.31858521e+01
    8.31739426e+01 8.00419998e+01 7.98959885e+01 8.12229919e+01
    7.99291611e+01 8.13392487e+01 8.33479538e+01 8.77741699e+01
    8.66607437e+01 8.60327988e+01 8.48335114e+01 8.50581360e+01
    8.56045914e+01 8.69885483e+01 8.69379578e+01 8.74694672e+01
    8.95433426e+01 8.76915894e+01 9.07388153e+01 8.85905457e+01
    9.09709396e+01 9.00694351e+01 9.07220917e+01 9.11819077e+01
    8.90323715e+01 9.02473068e+01 9.01974106e+01 9.11642609e+01
    9.11844406e+01 9.08137054e+01 9.19776230e+01 9.37828751e+01
    9.32471924e+01 9.07896271e+01 9.09760284e+01 9.26179199e+01
    9.42076950e+01 9.42201920e+01 9.27024689e+01 9.44525604e+01
    9.38447342e+01 9.66768188e+01 9.60459671e+01 9.41308136e+01
    9.16903610e+01 9.27052765e+01 9.40904541e+01 9.06647644e+01
    8.99945679e+01 9.15091553e+01 8.91827316e+01 8.93647537e+01
    9.03926392e+01 9.12957535e+01 9.13656998e+01 8.66102829e+01
    9.01640701e+01 8.63727798e+01 8.74478607e+01 8.73929672e+01
    8.87375031e+01 8.49848480e+01 8.57481003e+01 8.79289398e+01
    8.64287186e+01 8.60964813e+01 8.39403152e+01 8.57442017e+01
    8.74571915e+01 8.94202652e+01 8.76837921e+01 8.63939667e+01
    8.47869949e+01 8.74033508e+01 8.46049500e+01 8.53147354e+01
    8.56150665e+01 8.64543762e+01 8.15758209e+01 8.36217804e+01
    8.56376190e+01 8.72071152e+01 8.58754120e+01 8.40846100e+01
    8.55152664e+01 8.55062943e+01 8.57569427e+01 8.51049652e+01
    8.89181519e+01 8.83432999e+01 8.85588455e+01 8.85685196e+01
    8.59280319e+01 8.81224136e+01 9.00681839e+01 8.98103485e+01
    8.88101196e+01 8.92763062e+01 9.11561127e+01 8.99767990e+01
    8.73087845e+01 8.98623886e+01 9.21316452e+01 8.81375046e+01
    9.24846420e+01 8.85908813e+01 9.09298630e+01 8.47577362e+01
    8.73071823e+01 8.93952408e+01 8.69404449e+01 8.49866028e+01
    8.99567795e+01 8.69076385e+01 8.69015656e+01 8.44285736e+01
    8.37700500e+01 8.08339233e+01 8.22698669e+01 8.30769119e+01
    8.46077042e+01 8.31201477e+01 8.45903320e+01 8.48488083e+01
    8.33291702e+01 8.47115860e+01 8.36599960e+01 8.44582596e+01
    8.54977112e+01 8.32390518e+01 8.45604630e+01 8.59600143e+01
    8.35858765e+01 8.57283325e+01 8.64119949e+01 8.64879456e+01
    8.91182480e+01 8.77726898e+01 9.26956482e+01 9.00215759e+01
    9.08225098e+01 9.10510406e+01 9.14224625e+01 9.28488312e+01
    8.81135406e+01 8.86775513e+01 8.79198990e+01 8.92380905e+01
    8.85062485e+01 9.04085312e+01 8.67098923e+01 9.01823578e+01
    8.82305908e+01 8.80516815e+01 8.54086761e+01 8.65488510e+01
    8.73685684e+01 8.54139786e+01 8.51150208e+01 8.59539185e+01
    8.47544022e+01 8.46250992e+01 8.49614639e+01 8.56727295e+01
    8.61901550e+01 8.66917191e+01 8.72931137e+01 8.78893814e+01
    8.83858643e+01 8.84064255e+01 8.57399368e+01 8.48045197e+01
    8.65509796e+01 8.74197845e+01 8.76564789e+01 8.66868515e+01
    8.62091599e+01 9.10155869e+01 9.16105270e+01 9.12501450e+01
    9.26209030e+01 9.56855621e+01 9.30008163e+01 9.55780716e+01
    9.61330414e+01 9.55364075e+01 9.48161697e+01 9.75345688e+01
    9.60925293e+01 9.52148056e+01 9.74284821e+01 9.94503403e+01
    9.56401215e+01 9.41975784e+01 9.60076599e+01 9.49009552e+01
    9.45215683e+01 9.76253815e+01 9.60671616e+01 9.41016159e+01
    9.34820404e+01 8.85660172e+01 8.92186279e+01 9.30527649e+01
    9.10948944e+01 9.11071167e+01 9.23075485e+01 9.08969116e+01
    9.07565994e+01 8.96095886e+01 9.16550064e+01 8.91424942e+01
    9.12909317e+01 9.17911606e+01 9.32379379e+01 9.15477905e+01
    9.65668869e+01 9.47168884e+01 9.46537018e+01 9.54688339e+01
    9.50400620e+01 9.40114594e+01 9.29330063e+01 9.72389832e+01
    9.46124420e+01 9.33765640e+01 8.89212189e+01 9.33763428e+01
    8.86665573e+01 8.93877792e+01 8.95408478e+01 8.64063721e+01
    8.86474304e+01 8.61721802e+01 8.79187546e+01 8.37230225e+01
    8.60642242e+01 8.19591141e+01 8.32640152e+01 8.12462006e+01
    8.27374954e+01 8.29359436e+01 7.97948227e+01 8.05396423e+01
    8.43032837e+01 8.80265579e+01 8.79867630e+01 8.63693848e+01
    8.49707260e+01 8.64864120e+01 8.92198181e+01 8.70701218e+01
    8.95671844e+01 9.18052444e+01 9.08952179e+01 9.03094177e+01
    8.82609787e+01 8.94337463e+01 9.16084595e+01 9.20427246e+01
    8.74979401e+01 9.38318634e+01 8.98492203e+01 8.86209564e+01
    9.02811508e+01 9.11586227e+01 9.09990616e+01 9.31546173e+01
    9.17878036e+01 8.85379944e+01 9.13205795e+01 9.30279922e+01
    9.16064682e+01 8.95932999e+01 9.25037079e+01 9.26195068e+01
    9.38521423e+01 9.49694443e+01 9.17614365e+01 9.34907837e+01
    9.54355698e+01 9.31296768e+01 8.90714035e+01 9.32149429e+01
    9.26610718e+01 8.83415375e+01 9.16247864e+01 8.96678238e+01
    9.04166489e+01 8.99006729e+01 9.03410263e+01 8.75474777e+01
    8.96624451e+01 8.62327728e+01 9.08862076e+01 8.54891739e+01
    9.07079010e+01 8.58334732e+01 8.83436127e+01 8.76899109e+01
    8.31976624e+01 8.56393356e+01 8.48418121e+01 8.66566696e+01
    8.52991943e+01 8.64085999e+01 8.60781631e+01 8.69834518e+01
    8.64426346e+01 8.38759079e+01 8.58483505e+01 8.26801605e+01
    8.94473801e+01 8.50316238e+01 8.39253387e+01 8.25286484e+01
    8.30740509e+01 8.66962051e+01 8.19474106e+01 8.69072495e+01
    8.64085541e+01 8.66020355e+01 8.65097885e+01 8.76122360e+01
    8.51866531e+01 8.55378189e+01 9.00874481e+01 8.63457718e+01
    9.15222473e+01 8.69778137e+01 8.50867538e+01 8.81297150e+01
    8.94386978e+01 8.79116516e+01 8.98477325e+01 9.19303741e+01
    9.25074921e+01 9.13684464e+01 8.92017822e+01 8.72558365e+01
    8.90911484e+01 8.96381683e+01 8.79938049e+01 8.91271591e+01
    9.04550323e+01 8.86881790e+01 8.74489365e+01 8.54939575e+01
    9.04945679e+01 9.19946976e+01 8.89207611e+01 8.76108932e+01
    9.09396973e+01 8.56004639e+01 8.59985199e+01 8.33063889e+01
    8.31390686e+01 8.73264923e+01 8.45317459e+01 8.06473083e+01
    8.44798355e+01 8.58194809e+01 8.23064880e+01 8.30813904e+01
    8.22832108e+01 8.37561264e+01 8.28747101e+01 8.49594955e+01
    8.28954391e+01 8.49713287e+01 8.47091904e+01 8.47409286e+01
    8.44032135e+01 8.33764420e+01 9.02973862e+01 8.90939789e+01
    9.11554260e+01 9.24057159e+01 9.07314682e+01 9.17319412e+01
    9.28429871e+01 9.39111786e+01 8.99161072e+01 8.98369675e+01
    9.32627869e+01 9.01263809e+01 8.98003159e+01 8.97386017e+01
    8.87782059e+01 8.95034103e+01 8.79996872e+01 8.95736389e+01
    8.66983566e+01 9.01818161e+01 8.61961899e+01 8.85583649e+01
    8.35273819e+01 8.31622467e+01 8.30671692e+01 8.51545258e+01
    8.52465973e+01 8.64394913e+01 8.91914291e+01 8.79450378e+01
    8.80690536e+01 8.89206543e+01 8.83378601e+01 8.86601791e+01
    8.92415543e+01 8.78418961e+01 8.83761215e+01 8.87756424e+01
    8.72563171e+01 8.69759369e+01 8.90820389e+01 8.79124069e+01
    9.46672897e+01 9.48044891e+01 9.28385162e+01 9.20325775e+01
    9.14636002e+01 9.67987976e+01 9.63478317e+01 9.50647430e+01
    9.59176483e+01 9.74385681e+01 9.51395950e+01 9.67943954e+01
    9.79997101e+01 9.55695724e+01 1.00068352e+02 9.88658752e+01
    9.63661423e+01 9.63110580e+01 9.83821869e+01 9.64383469e+01
    9.42369385e+01 9.25333405e+01 9.18542633e+01 9.21371918e+01
    9.18035660e+01 9.15245972e+01 9.05576172e+01 9.08522644e+01
    9.16280365e+01 9.07325363e+01 9.05373383e+01 9.29506454e+01
    9.37324677e+01 9.42160416e+01 9.24549637e+01 9.33950119e+01
    9.18990021e+01 9.39429016e+01 9.12697754e+01 9.47742691e+01
    9.28093567e+01 9.46820526e+01 9.52177429e+01 9.30039825e+01
    9.43789520e+01 9.40745621e+01 9.45531387e+01 9.49757309e+01
    9.36593399e+01 9.34686050e+01 9.13363647e+01 8.88030014e+01
    8.85337677e+01 8.93905411e+01 8.82219696e+01 8.83190842e+01
    8.71937332e+01 8.81981201e+01 8.44701004e+01 8.94795761e+01
    8.48061142e+01 8.21448975e+01 8.42843170e+01 8.30560684e+01
    8.34394836e+01 8.59427261e+01 8.41685867e+01 8.68923340e+01
    9.11490631e+01 8.85226212e+01 8.92382431e+01 9.14300385e+01
    9.11457291e+01 9.09312668e+01 8.74119339e+01 9.16183777e+01
    8.84945984e+01 8.93380051e+01 8.84717941e+01 9.30087051e+01
    8.99530182e+01 9.15729218e+01 9.20523605e+01 8.74572678e+01
    9.51939392e+01 9.16431198e+01 9.11772461e+01 9.23240051e+01
    8.68098602e+01 9.09591293e+01 8.90943985e+01 8.98556976e+01
    8.83876648e+01 8.93241196e+01 9.07481689e+01 8.95139771e+01
    9.11967926e+01 9.36627731e+01 9.19500580e+01 9.17939224e+01
    9.49481354e+01 9.55540771e+01 9.58464584e+01 9.29703827e+01
    9.37857895e+01 9.18593597e+01 9.37748795e+01 9.35174713e+01
    9.38439102e+01 9.16402054e+01 9.30781403e+01 9.06809235e+01
    9.04342270e+01 9.47222366e+01 9.13629684e+01 9.02260666e+01
    9.02802811e+01 8.94002838e+01 8.91674042e+01 8.81849136e+01
    8.66981430e+01 8.60975189e+01 8.75570068e+01 8.74291077e+01
    8.33974915e+01 8.39708405e+01 8.61919098e+01 8.57577972e+01
    8.87496414e+01 8.95118561e+01 8.74442444e+01 8.54626770e+01
    8.83062439e+01 8.87180710e+01 8.82860107e+01 8.44951859e+01
    8.26630402e+01 8.40584717e+01 8.52397690e+01 8.79208298e+01
    8.59160233e+01 8.76871643e+01 8.73411636e+01 8.69255753e+01
    8.63105545e+01 8.50149689e+01 8.88219223e+01 8.80998459e+01
    8.95062866e+01 8.83184280e+01 8.80444641e+01 8.95708389e+01
    8.93447189e+01 8.86134186e+01 9.36685181e+01 9.44467392e+01
    9.05351715e+01 9.45157089e+01 9.57641678e+01 9.54104996e+01
    9.30507889e+01 9.11482086e+01 9.28198853e+01 9.22876053e+01
    9.02664871e+01 8.97875443e+01 8.71300430e+01 8.84574356e+01
    8.65597992e+01 9.01132202e+01 8.83423004e+01 8.68639374e+01
    9.19917068e+01 8.78696213e+01 8.45745239e+01 8.62863541e+01
    8.73663483e+01 8.35092392e+01 8.57250214e+01 8.17830276e+01
    8.30504837e+01 8.27188950e+01 8.16868591e+01 7.91863403e+01
    8.30238419e+01 8.08901672e+01 8.17362518e+01 8.20022354e+01
    8.26551437e+01 8.15227814e+01 8.28112717e+01 8.11311264e+01
    7.85377960e+01 8.08528671e+01 8.19913254e+01 8.44226913e+01
    8.50715179e+01 8.87867050e+01 9.18068314e+01 9.12402496e+01
    9.23807373e+01 9.21006699e+01 9.08581238e+01 8.94117966e+01
    8.89776535e+01 9.01789246e+01 8.79774628e+01 8.89364090e+01
    8.91182251e+01 8.71380081e+01 8.90699310e+01 8.64896851e+01
    8.83828812e+01 8.77678604e+01 8.58706284e+01 8.62590408e+01
    8.69173889e+01 8.74244385e+01 8.63019714e+01 8.57957535e+01
    8.52137756e+01 8.65466232e+01 8.44782639e+01 8.75158005e+01
    8.59033661e+01 8.50908737e+01 8.43298035e+01 8.58962708e+01
    8.70862198e+01 8.52486877e+01 8.84171066e+01 8.60716782e+01
    8.91442795e+01 9.02968597e+01 8.95385132e+01 8.85638657e+01
    9.07323227e+01 9.47246628e+01 9.59143982e+01 9.46652527e+01
    9.25443192e+01 9.40577698e+01 9.62470932e+01 9.73507156e+01
    9.78650818e+01 9.55448532e+01 9.93045502e+01 9.73675461e+01
    9.46764145e+01 9.73719406e+01 9.98338776e+01 9.78162384e+01
    9.88906403e+01 9.79585876e+01 9.93141708e+01 9.68504562e+01
    9.78072968e+01 9.64791565e+01 9.44836044e+01 9.28478546e+01
    9.42163773e+01 9.44253540e+01 9.06182480e+01 9.22337646e+01
    9.30620651e+01 9.23655396e+01 9.13951874e+01 9.21680679e+01
    9.03620148e+01 9.09361115e+01 8.82461777e+01 9.44616928e+01
    9.05806503e+01 9.06508102e+01 9.54803696e+01 9.31982651e+01
    9.17939987e+01 9.34584579e+01 9.55684128e+01 9.58429794e+01
    9.37748718e+01 9.47941055e+01 9.46688995e+01 9.38103409e+01
    9.31803741e+01 9.31352463e+01 9.32297745e+01 9.18149643e+01
    9.24453125e+01 9.08107071e+01 8.84346848e+01 9.26176682e+01
    8.89736938e+01 8.86521759e+01 8.99981155e+01 8.74904175e+01
    8.71825104e+01 8.80306549e+01 8.51381226e+01 8.53536072e+01
    8.05783539e+01 8.39251022e+01 8.50420456e+01 8.66674042e+01
    8.63998489e+01 8.91165237e+01 9.28064880e+01 9.29354095e+01
    8.89883270e+01 9.29254608e+01 9.21072006e+01 8.95502777e+01
    9.25896530e+01 9.43737411e+01 8.99716187e+01 8.88510818e+01
    9.06290741e+01 9.03938828e+01 9.14234543e+01 9.11015167e+01
    8.98070908e+01 9.34357071e+01 9.21718979e+01 9.29098892e+01
    9.11127930e+01 9.23001404e+01 9.20741425e+01 9.12555695e+01
    9.16568832e+01 8.58572617e+01 8.92895279e+01 8.57787476e+01
    9.21849136e+01 9.18970337e+01 9.32852859e+01 9.33376083e+01
    9.45953064e+01 9.44030685e+01 9.40829163e+01 9.03187180e+01
    9.48654938e+01 9.44057159e+01 9.38954239e+01 9.51210938e+01
    9.28997421e+01 9.48194504e+01 8.98604355e+01 9.62965393e+01
    8.94901047e+01 9.25732727e+01 9.28921432e+01 9.12047729e+01
    8.84869156e+01 8.96115875e+01 8.83817596e+01 8.91002960e+01
    8.87145081e+01 8.79126053e+01 9.02629852e+01 8.99883881e+01
    8.84063110e+01 8.38722534e+01 8.46678085e+01 8.51454849e+01
    8.40231247e+01 8.99163361e+01 8.83538055e+01 8.67550201e+01
    8.87658768e+01 9.11449890e+01 8.63804092e+01 8.72892075e+01
    8.94596710e+01 8.80454636e+01 8.37504501e+01 8.94814148e+01
    8.62876282e+01 8.66365356e+01 8.60228500e+01 8.50222092e+01
    8.98950424e+01 8.85225143e+01 8.59482422e+01 8.82475510e+01
    8.84751358e+01 8.64749298e+01 8.86015625e+01 8.91620331e+01
    8.71658630e+01 8.75879669e+01 8.79990158e+01 8.91326675e+01
    9.12536011e+01 9.07630692e+01 9.50318146e+01 9.22800522e+01
    9.48620071e+01 9.77751999e+01 9.43712616e+01 9.17669220e+01
    9.41741714e+01 9.29320679e+01 9.19154892e+01 9.13151550e+01
    8.86903687e+01 9.01800079e+01 8.58737030e+01 8.86574554e+01
    9.00732498e+01 9.01664429e+01 8.82238007e+01 8.44586639e+01
    8.73935928e+01 8.60701904e+01 8.70021744e+01 8.15638275e+01
    8.31881027e+01 7.98891830e+01 8.42647095e+01 8.10286636e+01
    8.23734131e+01 8.38953094e+01 8.23136444e+01 8.48349686e+01
    8.19476852e+01 8.30520782e+01 8.07404556e+01 8.57434082e+01
    8.31331711e+01 8.13622894e+01 8.32588196e+01 8.36849976e+01
    8.48308334e+01 8.27824631e+01 9.07152634e+01 8.89015198e+01
    8.68503952e+01 9.34860458e+01 8.90361633e+01 9.41920624e+01
    9.40255508e+01 9.31215057e+01 9.03671341e+01 9.25832138e+01
    9.23118286e+01 8.89947586e+01 9.01237030e+01 8.69256744e+01
    8.66874161e+01 9.04017181e+01 8.79726181e+01 8.85576248e+01
    8.48701401e+01 8.65171661e+01 8.89189453e+01 8.95488281e+01
    8.44574203e+01 8.54008408e+01 8.31543808e+01 8.53433075e+01
    8.46999054e+01 8.51099243e+01 8.61613235e+01 8.58459778e+01
    8.43461075e+01 8.61942596e+01 8.52447739e+01 8.48973160e+01
    8.82633514e+01 8.55136719e+01 9.04352417e+01 8.85164795e+01
    8.89123688e+01 8.88522491e+01 9.33607101e+01 9.38312149e+01
    9.25220413e+01 9.52762985e+01 9.20264130e+01 9.52249680e+01
    9.77633438e+01 9.74929199e+01 9.48510818e+01 9.42907333e+01
    9.96424179e+01 9.89333267e+01 9.57340088e+01 9.93119354e+01
    9.91672440e+01 9.74875870e+01 9.80148163e+01 1.00703835e+02
    9.72228851e+01 9.93038635e+01 9.65789490e+01 9.76676407e+01
    9.62543106e+01 9.49376907e+01 9.18306808e+01 9.58938293e+01
    9.32252274e+01 9.06277618e+01 9.09051819e+01 9.45518036e+01
    9.49177170e+01 8.93840714e+01 8.99488220e+01 8.96599808e+01
    9.35543289e+01 9.32217789e+01 9.18047485e+01 9.03914108e+01
    9.35958176e+01 9.26939316e+01 9.37342300e+01 9.25836487e+01
    9.57025299e+01 9.54633179e+01 9.73235168e+01 9.44626541e+01
    9.21925583e+01 9.47244110e+01 9.38446808e+01 9.35051651e+01
    9.05227966e+01 9.29240570e+01 8.70048523e+01 9.02479782e+01
    9.06817093e+01 9.25264282e+01 8.89594421e+01 8.81503372e+01
    9.27985840e+01 8.78025742e+01 8.76810913e+01 8.95508575e+01
    8.69293365e+01 8.47814331e+01 8.49758224e+01 8.53495636e+01
    8.67376633e+01 8.72945862e+01 8.80546570e+01 8.97740707e+01
    9.08376389e+01 9.16554794e+01 9.19844360e+01 9.20919037e+01
    9.38479614e+01 9.66833496e+01 9.15456543e+01 9.22386932e+01
    9.26496506e+01 9.02195740e+01 8.86267395e+01 9.19315414e+01
    8.83312912e+01 9.19498749e+01 9.02923965e+01 9.23591003e+01
    9.09305878e+01 9.28894119e+01 9.09534073e+01 9.18403702e+01
    9.16606674e+01 9.18739395e+01 9.05890427e+01 8.74443283e+01
    8.81954422e+01 8.61485138e+01 9.02562256e+01 8.95624008e+01
    9.37028885e+01 9.24929123e+01 9.34381027e+01 9.25752869e+01
    9.38883896e+01 9.31794281e+01 8.96944580e+01 9.10994034e+01
    9.15415344e+01 9.31077957e+01 9.26329803e+01 9.31311340e+01
    9.05797195e+01 9.34759293e+01 9.11370926e+01 8.91594543e+01
    8.75540771e+01 9.05269623e+01 9.24191742e+01 8.95845871e+01
    9.16847382e+01 8.99734421e+01 9.15832825e+01 9.03760071e+01
    9.10523071e+01 9.20041504e+01 9.00481644e+01 8.90204315e+01
    8.69275513e+01 8.80611267e+01 8.88661346e+01 8.82912445e+01
    8.60421906e+01 8.56600647e+01 9.02617950e+01 8.72601471e+01
    8.92431946e+01 8.84361420e+01 8.73321381e+01 8.83400726e+01
    8.88190842e+01 8.79729691e+01 8.71225433e+01 8.69832077e+01
    8.75232925e+01 8.75589523e+01 8.78702087e+01 8.96172028e+01
    8.84773636e+01 9.06043396e+01 8.58952103e+01 9.12892914e+01
    8.79684906e+01 9.14025345e+01 9.03553009e+01 8.72919540e+01
    8.99437866e+01 9.02641525e+01 9.00920792e+01 9.37508621e+01
    9.31894531e+01 9.26163635e+01 9.52222214e+01 9.65953293e+01
    9.06827469e+01 9.08110580e+01 9.22983170e+01 9.29738617e+01
    8.89920425e+01 9.08967209e+01 8.74216690e+01 8.77976761e+01
    9.21047974e+01 8.82514648e+01 8.68831406e+01 8.83895874e+01
    8.88426208e+01 8.94278946e+01 8.88099823e+01 8.71444550e+01
    8.84491196e+01 8.60443954e+01 8.46410294e+01 8.07009048e+01
    8.32591553e+01 8.16130600e+01 8.15439606e+01 8.17056198e+01
    8.17678452e+01 8.36967316e+01 8.42047882e+01 8.45720367e+01
    8.37665405e+01 8.35507812e+01 8.60115738e+01 8.13383179e+01
    7.91524963e+01 8.49764938e+01 8.44890289e+01 8.78296585e+01
    8.69571304e+01 8.76102142e+01 8.88947525e+01 9.14092712e+01
    9.17870636e+01 9.08325119e+01 9.34110336e+01 8.98039856e+01
    8.90926285e+01 9.25067520e+01 9.08566818e+01 8.94005280e+01
    8.85640411e+01 8.49250031e+01 8.62453384e+01 8.89035645e+01
    8.69593506e+01 8.63463135e+01 8.42162170e+01 8.31606445e+01
    8.59773331e+01 8.34661942e+01 8.30446167e+01 8.12039337e+01
    8.13732300e+01 8.38211136e+01 8.60859070e+01 8.36044312e+01
    8.54001236e+01 8.59308090e+01 8.55106125e+01 8.86614990e+01
    8.63781586e+01 8.59780197e+01 8.91454163e+01 8.88257675e+01
    8.63307953e+01 9.00308685e+01 8.60368652e+01 8.80038452e+01
    9.06350021e+01 9.38606796e+01 9.37739182e+01 9.51300049e+01
    9.60739975e+01 9.55333252e+01 9.54642487e+01 9.46180801e+01
    9.80525131e+01 9.86966019e+01 9.82490616e+01 9.78143082e+01
    9.57685089e+01 9.50089798e+01 9.77396774e+01 9.78205185e+01
    9.86484146e+01 9.91935272e+01 1.00546646e+02 9.80773773e+01
    9.59863358e+01 9.57856293e+01 9.60043488e+01 9.46526413e+01
    9.36294861e+01 9.65542984e+01 9.26724014e+01 9.14468536e+01
    9.20996475e+01 9.11467667e+01 9.18087616e+01 9.32173920e+01
    9.16495667e+01 9.13688889e+01 9.16872864e+01 9.14135208e+01
    9.25273743e+01 9.21964951e+01 9.41930695e+01 9.64314194e+01
    9.40046768e+01 9.49583282e+01 9.29284058e+01 9.63587265e+01
    9.37785950e+01 9.34359665e+01 9.53538818e+01 9.41376190e+01
    9.84935532e+01 9.30481796e+01 9.52328491e+01 9.10169983e+01
    9.33502960e+01 9.14713898e+01 9.03501053e+01 8.78277740e+01
    8.96255264e+01 9.19777298e+01 8.74897156e+01 9.00063858e+01
    9.00749512e+01 9.05217285e+01 8.55717316e+01 8.84678497e+01
    8.49056396e+01 8.59681931e+01 8.61906052e+01 8.72109833e+01
    8.53787079e+01 9.11137238e+01 8.85776367e+01 9.12560577e+01
    9.24454727e+01 9.17659073e+01 9.18110733e+01 9.50355530e+01
    9.60271683e+01 9.40676956e+01 9.19917679e+01 9.22793274e+01
    9.24815445e+01 8.95241623e+01 9.24044189e+01 9.13054276e+01
    9.15252151e+01 9.38521194e+01 9.22370605e+01 9.15291901e+01
    9.42822723e+01 8.93640366e+01 9.25319977e+01 8.97146378e+01
    8.84480820e+01 8.66817322e+01 8.86294098e+01 9.24885025e+01
    9.01138687e+01 9.47732773e+01 9.09520493e+01 9.29449310e+01
    9.52436371e+01 9.39692612e+01 9.09383240e+01 9.04364014e+01
    8.89587402e+01 9.14544983e+01 8.81946259e+01 9.32373886e+01
    9.26046143e+01 9.34943085e+01 9.09414139e+01 9.55932922e+01
    9.17453156e+01 8.48466797e+01 9.18521500e+01 9.08410187e+01
    9.02385712e+01 8.99771500e+01 8.65918503e+01 8.92615967e+01
    8.88860245e+01 8.88574142e+01 8.82245636e+01 8.95150146e+01
    8.78351517e+01 9.14425049e+01 9.01155319e+01 8.61396027e+01
    9.03610306e+01 8.76941376e+01 9.10660553e+01 8.80298615e+01
    9.34717636e+01 9.07237854e+01 8.83634491e+01 8.68898773e+01
    8.94388428e+01 9.17770615e+01 8.84160004e+01 8.89503784e+01
    8.82057800e+01 8.89752808e+01 8.79671249e+01 8.72125931e+01
    9.34736481e+01 9.24383774e+01 9.05239334e+01 8.57547302e+01
    8.98815536e+01 9.04855270e+01 9.18603745e+01 8.80739136e+01
    8.80064545e+01 9.07087936e+01 8.78518753e+01 9.01419754e+01
    8.84937744e+01 9.18324661e+01 9.24195175e+01 9.27503967e+01
    9.26353149e+01 9.28841324e+01 8.93687592e+01 9.13570099e+01
    8.92356262e+01 9.08426590e+01 8.72377777e+01 8.79870529e+01
    8.59638672e+01 8.82121964e+01 8.63943481e+01 8.63519516e+01
    8.73592606e+01 8.85120697e+01 8.70667648e+01 9.12179565e+01
    8.94984894e+01 8.59268417e+01 8.71057510e+01 8.47866898e+01
    8.27621307e+01 8.12480774e+01 8.11222382e+01 8.09397354e+01
    8.16548691e+01 8.43985825e+01 8.43103180e+01 8.57976990e+01
    8.38094482e+01 8.57600784e+01 8.37436600e+01 8.11523285e+01
    8.37005157e+01 8.15962906e+01 8.51948318e+01 8.06169052e+01
    8.20138550e+01 8.24177551e+01 9.00433350e+01 8.90814514e+01
    8.81014175e+01 9.22847977e+01 9.52069626e+01 9.11082306e+01
    9.36557388e+01 9.24242935e+01 9.03720398e+01 8.83470230e+01
    8.99191589e+01 8.78966370e+01 8.67457733e+01 8.45037384e+01
    8.75630875e+01 8.74495316e+01 8.61769409e+01 8.55345535e+01
    8.69896545e+01 8.34549561e+01 8.90569534e+01 8.48212280e+01
    8.30917664e+01 7.96777039e+01 8.16312866e+01 8.46989288e+01
    8.45508652e+01 8.52859344e+01 8.22144699e+01 8.45532074e+01
    8.45944748e+01 8.63254623e+01 8.70163269e+01 8.83899078e+01
    8.67513733e+01 8.89914017e+01 9.04636917e+01 8.77236023e+01
    8.90650711e+01 9.29744186e+01 9.18605042e+01 9.46231003e+01
    9.47350540e+01 9.58497162e+01 9.32701263e+01 9.85078506e+01
    9.76720428e+01 9.84119263e+01 9.87769165e+01 9.65001831e+01
    1.00792404e+02 9.71180649e+01 9.86736221e+01 9.58096237e+01
    9.81533508e+01 9.63029633e+01 9.59331512e+01 9.61517334e+01
    9.81121597e+01 9.54528275e+01 9.47273102e+01 9.58027115e+01
    9.30480957e+01 9.40506897e+01 9.43808899e+01 8.88857880e+01
    8.89740524e+01 9.06322327e+01 9.12091293e+01 9.18638916e+01
    9.11210022e+01 9.06220016e+01 9.27893295e+01 9.24055557e+01
    8.99398804e+01 9.16388702e+01 9.10556641e+01 9.55661621e+01
    9.43531418e+01 9.16220169e+01 9.46957092e+01 9.81826553e+01
    9.26363983e+01 9.51828079e+01 9.28712311e+01 9.45575485e+01
    9.63924408e+01 9.78995209e+01 9.53446655e+01 9.68976364e+01
    9.17349930e+01 9.39583511e+01 9.11767273e+01 9.01179657e+01
    8.89613266e+01 9.20799179e+01 8.81354523e+01 8.81797180e+01
    9.03852158e+01 8.61827698e+01 8.93713837e+01 8.82141571e+01
    8.60397263e+01 8.52099686e+01 8.83180542e+01 8.56068649e+01
    8.55522995e+01 8.55339813e+01 8.47882614e+01 8.86733932e+01
    8.94819107e+01 9.09463959e+01 9.02719498e+01 9.00193939e+01
    9.19807053e+01 9.59744186e+01 9.43331909e+01 9.26156387e+01
    9.27709885e+01 9.04484482e+01 8.83987732e+01 8.83529358e+01
    8.76962051e+01 9.10997620e+01 8.92245255e+01 9.32079697e+01
    9.22788162e+01 9.30548859e+01 9.46233749e+01 9.31385269e+01
    9.02592545e+01 9.17802277e+01 9.02381744e+01 8.94962006e+01
    8.78914795e+01 8.67761765e+01 8.80579376e+01 9.12161713e+01
    9.47447815e+01 9.13355103e+01 9.50321808e+01 9.55498657e+01
    9.55365372e+01 9.20833588e+01 9.19741516e+01 9.05262222e+01
    9.49178925e+01 9.25340347e+01 9.49268570e+01 9.03279877e+01
    9.46195755e+01 9.41094513e+01 9.19505157e+01 9.28056183e+01
    9.13723984e+01 9.28777542e+01 9.10052948e+01 9.24417725e+01
    8.75845718e+01 9.07635040e+01 9.06391449e+01 8.72609177e+01
    9.01804733e+01 8.84486847e+01 9.09561234e+01 8.69374313e+01
    8.96089401e+01 8.87486649e+01 9.18100052e+01 9.16825562e+01
    8.83820114e+01 8.99491425e+01 8.70508804e+01 9.35922012e+01
    9.01482697e+01 9.13524475e+01 9.23036728e+01 9.07718735e+01
    9.01280441e+01 8.93294754e+01 9.02352829e+01 8.84800262e+01
    9.07548752e+01 9.02411499e+01 9.02629547e+01 8.87388992e+01
    8.80788879e+01 9.30221786e+01 8.70696487e+01 9.01771698e+01
    9.02727051e+01 8.90003357e+01 8.88643417e+01 8.91764374e+01
    8.55819016e+01 8.63333664e+01 8.70411606e+01 9.21753845e+01
    8.89585037e+01 8.89557495e+01 8.95739822e+01 9.21860733e+01
    8.89879684e+01 8.83582458e+01 9.08304749e+01 9.05061951e+01
    8.98795700e+01 8.65239944e+01 8.72908936e+01 8.55062790e+01
    8.78126373e+01 8.65789871e+01 8.80155487e+01 8.60459595e+01
    8.99022903e+01 8.86114502e+01 9.03912354e+01 8.85485611e+01
    8.68477020e+01 8.26213760e+01 8.41972122e+01 8.54523468e+01
    8.56484756e+01 8.25765610e+01 8.55163727e+01 8.66363297e+01
    8.46391602e+01 8.30549545e+01 8.61407852e+01 8.57777176e+01
    8.37342453e+01 8.83272400e+01 8.60835876e+01 8.74668121e+01
    8.36872025e+01 8.60935974e+01 8.57708435e+01 8.64303131e+01
    9.05780411e+01 9.21552582e+01 9.44997635e+01 9.16680145e+01
    9.40256424e+01 9.34410782e+01 9.33860931e+01 9.51501465e+01
    8.97299271e+01 8.78535538e+01 8.88535919e+01 8.69090729e+01
    8.71706009e+01 8.58693542e+01 8.75817871e+01 8.62603149e+01
    8.41630173e+01 8.63350067e+01 8.89455338e+01 8.55138855e+01
    8.73159180e+01 8.84695206e+01 8.17026749e+01 8.40419006e+01
    8.12609482e+01 8.36739120e+01 8.36825027e+01 8.36851730e+01
    8.45925751e+01 8.50452347e+01 8.45894928e+01 8.20418015e+01
    8.77123032e+01 8.56082077e+01 8.64270630e+01 8.97992249e+01
    8.98246765e+01 9.30408020e+01 8.97898636e+01 9.04663849e+01
    9.43711853e+01 9.36092300e+01 9.43402100e+01 9.31913300e+01
    9.26876450e+01 9.50245514e+01 9.45830841e+01 9.63013840e+01
    9.72599792e+01 9.94115067e+01 9.87929916e+01 9.75049210e+01
    1.00051575e+02 9.52623138e+01 9.75586777e+01 9.89558182e+01
    9.85773697e+01 9.67135162e+01 9.67697220e+01 9.51917038e+01
    9.26380615e+01 9.28291473e+01 9.24525146e+01 8.95716171e+01
    9.01800537e+01 8.91131363e+01 9.11349945e+01 9.44115143e+01
    9.00764694e+01 8.97495728e+01 8.93915634e+01 9.06372528e+01
    9.02182999e+01 8.80357513e+01 8.95942917e+01 9.33314590e+01
    9.33134613e+01 9.32174988e+01 9.36022720e+01 9.55171204e+01
    9.53318634e+01 9.34930344e+01 9.53602371e+01 9.33837662e+01
    9.38124237e+01 9.63426819e+01 9.66641388e+01 9.70586624e+01
    9.47039642e+01 9.84393539e+01 9.27069778e+01 9.58059692e+01
    9.30899506e+01 8.82544632e+01 9.27691498e+01 8.81575394e+01
    8.97717285e+01 9.09427261e+01 8.58330612e+01 8.57158127e+01
    8.71968460e+01 8.62182465e+01 8.69432678e+01 8.60801620e+01
    8.60985641e+01 8.47056961e+01 8.39444656e+01 8.71830292e+01
    8.78297348e+01 8.90653229e+01 9.09712143e+01 9.14069595e+01
    9.30345383e+01 9.28104248e+01 9.21663513e+01 9.29143600e+01
    9.49358597e+01 9.23420181e+01 9.02399063e+01 8.75618439e+01
    9.12697678e+01 9.34065170e+01 9.01890335e+01 8.96567078e+01
    9.00380096e+01 9.40804977e+01 9.41177902e+01 9.60381622e+01
    9.39057770e+01 9.33801651e+01 9.26436920e+01 9.07183533e+01
    9.06723175e+01 8.99936295e+01 8.88222122e+01 8.76195221e+01
    9.20097122e+01 9.26616135e+01 8.81778259e+01 9.53479691e+01
    9.22963104e+01 9.14532242e+01 9.39850769e+01 9.35859375e+01
    9.32498245e+01 9.39976425e+01 9.13120880e+01 9.11080780e+01
    9.51656418e+01 9.27793808e+01 9.15419693e+01 8.98814392e+01
    9.15901108e+01 8.98672943e+01 9.02256165e+01 8.95374985e+01
    9.05860062e+01 9.18699951e+01 8.99920959e+01 9.05183487e+01
    9.06736755e+01 8.93582916e+01 8.81153183e+01 9.04746475e+01
    8.68651962e+01 9.14966125e+01 9.07404404e+01 8.98681183e+01
    8.82751389e+01 8.65125656e+01 9.01218719e+01 9.11731949e+01
    9.06779938e+01 9.26746750e+01 9.00574722e+01 9.15843811e+01
    9.54964981e+01 9.17667847e+01 9.12666092e+01 9.24117889e+01
    9.02100143e+01 9.22516785e+01 9.17873917e+01 9.62855835e+01
    9.09521561e+01 9.33357162e+01 9.17879562e+01 8.96140289e+01
    8.90127869e+01 9.06607132e+01 8.80580597e+01 8.80048752e+01
    8.93037186e+01 8.97037735e+01 9.01024017e+01 8.94352798e+01
    8.82288132e+01 8.90201492e+01 8.81829605e+01 9.03580856e+01
    8.95468521e+01 9.14957275e+01 9.00981064e+01 8.87919388e+01
    8.76755829e+01 8.67302399e+01 9.02546616e+01 8.63495865e+01
    8.44375305e+01 8.65192795e+01 8.51693878e+01 9.04233246e+01
    8.81819153e+01 8.53972702e+01 8.82286301e+01 8.90946198e+01
    8.92444229e+01 8.61193085e+01 8.50319977e+01 8.63175812e+01
    8.41258240e+01 8.33625107e+01 8.62103195e+01 8.34333572e+01
    8.56454620e+01 8.48156052e+01 8.55437546e+01 8.85996017e+01
    8.45164642e+01 8.65606079e+01 9.05260849e+01 8.74812241e+01
    8.55899582e+01 8.78252335e+01 8.39655151e+01 8.21942062e+01
    8.85220184e+01 8.85418091e+01 9.19643707e+01 9.04043808e+01
    9.12130127e+01 9.02480621e+01 9.19584427e+01 9.48825607e+01
    9.38713074e+01 9.32623062e+01 9.29321060e+01 8.97153625e+01
    9.17881393e+01 8.72920227e+01 8.49653244e+01 8.83237915e+01
    8.96817627e+01 8.90458755e+01 8.45443420e+01 8.89331284e+01
    8.51940231e+01 8.77960587e+01 8.57691574e+01 8.34516602e+01
    8.58456268e+01 8.12532654e+01 8.30190277e+01 8.55923920e+01
    8.74947281e+01 8.43089905e+01 8.61985474e+01 8.55358276e+01
    8.57747040e+01 8.65569992e+01 8.76940460e+01 8.77922974e+01
    8.90167847e+01 8.95048599e+01 9.33760223e+01 9.16127701e+01
    9.08763809e+01 9.05808868e+01 9.47406235e+01 9.57369843e+01
    9.47248840e+01 9.39553528e+01 9.36120605e+01 9.21762543e+01
    9.34512939e+01 9.81752090e+01 9.47822723e+01 9.44965363e+01
    9.97815857e+01 9.76076279e+01 9.41997452e+01 9.78168488e+01
    9.52059860e+01 9.53549423e+01 9.36291962e+01 9.41985016e+01
    9.31122513e+01 9.33969345e+01 9.16955032e+01 9.21995316e+01
    9.24194489e+01 8.84363556e+01 9.20716171e+01 8.97387314e+01
    9.03563156e+01 8.96945419e+01 8.89634628e+01 9.32181931e+01
    8.78944321e+01 8.61385956e+01 8.63434830e+01 9.28902359e+01
    8.99728241e+01 9.09131241e+01 9.33206024e+01 9.29817429e+01
    9.56002655e+01 9.64723282e+01 9.41786728e+01 9.44999619e+01
    9.68168488e+01 9.60696564e+01 9.55059280e+01 9.73630981e+01
    9.76198730e+01 9.48290558e+01 9.68490143e+01 9.56575699e+01
    9.54839020e+01 9.40511780e+01 9.44940796e+01 8.95369797e+01
    9.30199661e+01 9.06992493e+01 9.15710754e+01 9.04803085e+01
    9.12415619e+01 8.97017517e+01 8.80383148e+01 8.96728516e+01
    8.64241714e+01 8.67421799e+01 8.76450424e+01 8.78421097e+01
    8.64900436e+01 8.53709335e+01 8.87302628e+01 8.88307724e+01
    9.01292114e+01 8.92862015e+01 9.22833328e+01 8.93308182e+01
    9.46889191e+01 9.22160797e+01 9.28030167e+01 9.29490433e+01
    9.35080414e+01 9.28007965e+01 9.21714935e+01 9.60416260e+01
    9.12044601e+01 8.87010880e+01 9.04495926e+01 9.67457352e+01
    9.13820114e+01 9.22177277e+01 9.35959778e+01 9.18624191e+01
    8.84704895e+01 9.36935806e+01 8.79111938e+01 8.97616119e+01
    8.80469208e+01 8.78424530e+01 8.89910660e+01 8.97825012e+01
    8.91820831e+01 9.10939331e+01 8.99659348e+01 8.99819183e+01
    9.38447342e+01 9.22644043e+01 9.17031784e+01 9.00657425e+01
    9.14365997e+01 9.09926300e+01 9.22010040e+01 9.25426483e+01
    9.04406281e+01 9.31703796e+01 9.05290833e+01 8.71881256e+01
    9.08167267e+01 9.08294449e+01 8.97990570e+01 9.21426773e+01
    9.17063446e+01 8.92358246e+01 8.71308594e+01 8.93068695e+01
    8.89617081e+01 8.91394806e+01 8.89155502e+01 8.70770569e+01
    8.76076355e+01 8.74342270e+01 8.65420151e+01 8.86048279e+01
    9.11698380e+01 8.77746429e+01 9.08695602e+01 9.12827835e+01
    9.55320816e+01 8.93829880e+01 9.32799301e+01 9.16792221e+01
    9.10529861e+01 9.12605896e+01 9.09743347e+01 9.19172516e+01
    9.00427399e+01 9.35471420e+01 9.03996887e+01 9.52837219e+01
    9.12209778e+01 8.88795547e+01 9.09738770e+01 8.67440948e+01
    9.11492004e+01 8.79831390e+01 8.72146912e+01 8.79412918e+01
    8.64148865e+01 8.78263855e+01 8.82785263e+01 8.74530487e+01
    9.02594452e+01 8.84652405e+01 9.03558807e+01 9.05523987e+01
    8.62711105e+01 8.37584457e+01 8.85286636e+01 8.64584045e+01
    8.54620056e+01 8.88325653e+01 8.36392441e+01 8.42068253e+01
    8.27083664e+01 8.80438309e+01 8.62040634e+01 8.63029099e+01
    8.81183319e+01 8.99867630e+01 8.83072586e+01 8.97009354e+01
    8.66782303e+01 8.59470749e+01 8.38768616e+01 8.65403671e+01
    8.42676086e+01 8.50196915e+01 8.65452881e+01 8.64185944e+01
    8.76277313e+01 8.76258545e+01 8.75578461e+01 8.66542587e+01
    8.56595078e+01 8.77589569e+01 8.84571381e+01 8.73367081e+01
    8.37246094e+01 8.63982086e+01 8.79484558e+01 8.99496002e+01
    9.05427246e+01 9.30924911e+01 9.23127975e+01 9.30083084e+01
    9.33669510e+01 9.21999207e+01 9.34295425e+01 9.06885452e+01
    8.90255203e+01 8.98586731e+01 8.90441971e+01 8.76372452e+01
    9.02766342e+01 8.59120407e+01 8.90703506e+01 8.86586304e+01
    9.01235428e+01 8.69360733e+01 8.73620148e+01 8.61622162e+01
    8.68029022e+01 8.72184067e+01 8.37347183e+01 8.74828873e+01
    8.22105942e+01 8.49030228e+01 8.68230362e+01 8.83908234e+01
    8.81213684e+01 8.58720398e+01 8.49325638e+01 8.77809219e+01
    8.68501358e+01 8.52764969e+01 8.67188416e+01 8.64785461e+01
    9.12622375e+01 8.79945297e+01 9.05567169e+01 9.11386948e+01
    9.21650848e+01 9.25911713e+01 9.35611496e+01 9.31987381e+01
    9.34233017e+01 9.64459686e+01 9.49489670e+01 9.58346786e+01
    9.66554337e+01 9.74841614e+01 9.50617447e+01 9.75963593e+01
    9.58802032e+01 9.49478683e+01 9.31638947e+01 9.59876633e+01
    9.65142899e+01 9.39404526e+01 9.42020950e+01 8.96967163e+01
    9.34854507e+01 9.22216034e+01 8.96737518e+01 9.13459320e+01
    9.10812988e+01 8.96086502e+01 8.76429214e+01 9.26716995e+01
    8.89998627e+01 8.58891220e+01 9.00573883e+01 8.53244705e+01
    8.85668869e+01 8.75644455e+01 8.89432526e+01 9.23443756e+01
    9.32977142e+01 9.41113892e+01 9.57518387e+01 9.51876831e+01
    9.30687561e+01 9.57225266e+01 9.55615921e+01 9.25642471e+01
    9.73750458e+01 9.39954300e+01 9.67857971e+01 9.69471359e+01
    9.56721954e+01 9.67258072e+01 9.50213089e+01 9.62542267e+01
    9.30677795e+01 9.24009857e+01 9.09839859e+01 9.42083588e+01
    9.22933960e+01 9.24473495e+01 9.10675583e+01 8.99944611e+01
    9.27228241e+01 8.95873032e+01 9.06553192e+01 8.52178116e+01
    8.73284683e+01 8.61844330e+01 9.00585327e+01 8.87703934e+01
    8.78067398e+01 8.73636780e+01 8.71864090e+01 9.06021957e+01
    9.01544952e+01 8.94212265e+01 9.06494522e+01 9.27860870e+01
    9.32989578e+01 9.08143997e+01 8.89693680e+01 9.23749847e+01
    9.11042099e+01 9.28282318e+01 9.29404602e+01 9.08775101e+01
    9.44646988e+01 9.48753510e+01 9.42940750e+01 9.22984085e+01
    8.98604050e+01 9.48868256e+01 9.14080734e+01 9.13562164e+01
    8.62096252e+01 8.85056915e+01 8.54962006e+01 8.59580536e+01
    8.87306442e+01 9.22109833e+01 9.05973892e+01 8.85877609e+01
    9.09078293e+01 8.93517456e+01 9.21684418e+01 9.05486755e+01
    9.13208084e+01 8.93062286e+01 9.10209122e+01 9.16374969e+01
    9.15790253e+01 9.03504944e+01 9.11768799e+01 8.96229477e+01
    9.00712509e+01 9.16343460e+01 9.02611160e+01 9.14009552e+01
    8.97706757e+01 8.85315628e+01 8.82541733e+01 9.06480026e+01
    8.82546692e+01 8.19932632e+01 8.80251160e+01 8.58546677e+01
    8.62870636e+01 8.64863358e+01 8.91198807e+01 8.57355804e+01
    8.55401382e+01 8.95445099e+01 8.94408646e+01 9.16523438e+01
    9.11680069e+01 9.26662369e+01 9.15872116e+01 9.04093399e+01
    9.07199478e+01 9.06813278e+01 8.52507019e+01 8.77770615e+01
    8.96399536e+01 9.08455963e+01 9.17241058e+01 9.14259949e+01
    9.30068054e+01 9.29595032e+01 8.95514145e+01 8.78520889e+01
    9.19800110e+01 8.90470810e+01 9.08249207e+01 8.66951523e+01
    8.78866577e+01 8.68227081e+01 8.89783249e+01 8.77446671e+01
    8.72064362e+01 8.89378815e+01 8.97798615e+01 8.60317383e+01
    8.62534332e+01 8.95158920e+01 8.72894135e+01 8.60931320e+01
    8.55409393e+01 8.66456680e+01 8.41062164e+01 8.46902618e+01
    8.21266785e+01 8.35429611e+01 8.40080185e+01 8.79394836e+01
    8.28793182e+01 8.75259247e+01 8.62929916e+01 8.75221405e+01
    8.63120499e+01 8.79773331e+01 8.70854187e+01 8.12821426e+01
    8.84553375e+01 8.71823044e+01 8.30987625e+01 8.58227921e+01
    8.76001205e+01 8.74831390e+01 9.02040863e+01 8.74878082e+01
    8.69883957e+01 8.89228134e+01 9.22061310e+01 8.57252808e+01
    8.63870087e+01 8.43117371e+01 8.34710083e+01 8.51809998e+01
    8.81569977e+01 9.20833206e+01 9.20707397e+01 9.45707321e+01
    9.14825439e+01 9.67467041e+01 9.55943680e+01 9.44930954e+01
    9.44404221e+01 9.41167984e+01 8.95404510e+01 8.99413681e+01
    8.91091461e+01 8.99428253e+01 8.55527725e+01 8.62509232e+01
    8.91096649e+01 8.86167984e+01 9.06701202e+01 8.88458481e+01
    8.68232956e+01 8.68610687e+01 8.88163910e+01 8.64141464e+01
    8.21196213e+01 8.65201416e+01 8.73773956e+01 8.58677750e+01
    8.92762756e+01 8.80076981e+01 8.69375000e+01 8.77503052e+01
    8.44276505e+01 8.48849564e+01 8.68242798e+01 8.53631592e+01
    8.74214554e+01 8.67676620e+01 9.23113708e+01 8.92698898e+01
    8.98789673e+01 8.70369186e+01 9.23596115e+01 9.13513489e+01
    9.25823975e+01 9.06808777e+01 9.46118622e+01 9.09665833e+01
    9.44727707e+01 9.46766281e+01 9.73891678e+01 9.60823975e+01
    9.74702377e+01 9.73576584e+01 9.45404129e+01 9.76398392e+01
    9.47308273e+01 9.24075394e+01 9.38908081e+01 9.35506744e+01
    9.30707779e+01 9.09767380e+01 9.04788132e+01 9.15464020e+01
    9.04264755e+01 9.07588425e+01 9.08301010e+01 9.25532303e+01
    8.83727493e+01 8.73434372e+01 8.98536453e+01 8.75404129e+01
    8.92849121e+01 8.80412292e+01 8.78380585e+01 9.06968002e+01
    8.99676437e+01 8.98681107e+01 9.13230209e+01 9.32069016e+01
    9.53295975e+01 9.48829041e+01 9.52155457e+01 9.54756927e+01
    9.38397827e+01 9.55207367e+01 9.79703445e+01 9.72032776e+01
    9.75333862e+01 9.68310852e+01 9.46621933e+01 9.60859146e+01
    9.56723862e+01 9.46186218e+01 9.59898911e+01 9.32130280e+01
    9.30628586e+01 9.41950684e+01 9.49940338e+01 8.86875610e+01
    9.14934616e+01 9.12660370e+01 8.93911819e+01 8.73933716e+01
    8.73607788e+01 8.68406525e+01 8.77238922e+01 8.54377899e+01
    8.86304245e+01 8.63153000e+01 9.02276154e+01 9.22657700e+01
    9.15061874e+01 8.82449036e+01 9.08411942e+01 9.25901871e+01
    9.18012772e+01 9.12451324e+01 9.01323013e+01 9.12226486e+01
    9.04275589e+01 8.99095001e+01 9.11364059e+01 9.01744614e+01
    8.96811752e+01 9.15367203e+01 9.13134689e+01 9.18491974e+01
    9.06576157e+01 9.17937317e+01 9.12181625e+01 9.15071259e+01
    9.09183655e+01 8.76401825e+01 8.54319000e+01 8.68342361e+01
    8.77536545e+01 8.60065536e+01 8.55444794e+01 8.94040604e+01
    8.77995071e+01 9.08076477e+01 9.13600464e+01 9.11110611e+01
    9.01011734e+01 9.44293060e+01 9.27864838e+01 9.26887131e+01
    8.77549820e+01 8.75236130e+01 9.13274002e+01 9.24473877e+01
    9.24179840e+01 9.34796600e+01 9.19383850e+01 9.15103226e+01
    9.03126297e+01 9.21400757e+01 9.33061295e+01 8.93251648e+01
    9.06941223e+01 9.03082504e+01 8.74194031e+01 8.58585587e+01
    8.95380783e+01 8.82140656e+01 8.55136566e+01 8.78607407e+01
    8.30778961e+01 8.73720322e+01 8.89064789e+01 8.64913940e+01
    9.06570969e+01 8.97681274e+01 9.22834549e+01 9.08106003e+01
    9.36842422e+01 8.95788574e+01 8.87473068e+01 8.86590042e+01
    8.94060516e+01 9.01225891e+01 9.08532639e+01 8.95913315e+01
    8.91658630e+01 9.02094803e+01 9.26198654e+01 9.03775635e+01
    9.39383316e+01 8.90985031e+01 8.81811066e+01 8.79461441e+01
    9.02260971e+01 8.68215561e+01 8.43520737e+01 8.44429245e+01
    8.78909454e+01 8.90088501e+01 9.00804825e+01 8.66740646e+01
    8.70393066e+01 8.66691437e+01 8.77921753e+01 8.81786957e+01
    8.62076569e+01 8.41857376e+01 8.49109192e+01 8.74030228e+01
    8.19369812e+01 8.50402222e+01 8.50824127e+01 8.06226044e+01
    8.38786926e+01 8.74560394e+01 8.34266586e+01 8.38849716e+01
    8.62096863e+01 9.05038834e+01 8.57163696e+01 8.88119812e+01
    8.32512894e+01 8.37866669e+01 8.62847519e+01 8.46695328e+01
    8.54085236e+01 8.51119385e+01 8.43100815e+01 8.89168701e+01
    8.77318573e+01 8.65923462e+01 8.61118546e+01 9.00010452e+01
    8.54003830e+01 8.99206161e+01 8.55025406e+01 8.49539185e+01
    8.76952972e+01 8.86817551e+01 8.88275070e+01 8.83170700e+01
    9.14958267e+01 9.33755188e+01 9.55539169e+01 9.54858475e+01
    9.49017105e+01 9.61646957e+01 9.63760071e+01 9.49914398e+01
    9.07025146e+01 9.21038895e+01 9.12749481e+01 9.02160492e+01
    8.63523102e+01 8.94451218e+01 8.85186920e+01 8.89594803e+01
    9.03618317e+01 8.70409546e+01 8.66800613e+01 8.67114868e+01
    8.77223129e+01 8.58454590e+01 8.85479431e+01 8.66801300e+01
    8.21677628e+01 8.58901672e+01 8.67012482e+01 8.52275620e+01
    8.77619781e+01 8.62120743e+01 8.27217941e+01 8.48695450e+01
    8.58056412e+01 8.56464844e+01 8.86324081e+01 8.65176926e+01
    9.00726089e+01 8.92413025e+01 9.12094269e+01 8.75029831e+01
    9.05976639e+01 9.08370590e+01 9.26548004e+01 9.04481201e+01
    9.19594040e+01 9.33273544e+01 9.43123093e+01 9.22370529e+01
    9.69947357e+01 9.87226410e+01 9.79074097e+01 9.61965179e+01
    9.32540054e+01 9.65998764e+01 9.07660751e+01 9.31563263e+01
    9.34967575e+01 9.32452240e+01 9.13689499e+01 8.99518280e+01
    9.00046082e+01 9.30292130e+01 8.98721848e+01 8.71902237e+01
    8.90120773e+01 9.21577225e+01 8.89464035e+01 8.85582199e+01
    8.67472839e+01 8.49746933e+01 9.00607910e+01 8.94030914e+01
    8.81067963e+01 9.11673889e+01 8.87051163e+01 9.38417892e+01
    9.40890884e+01 9.28649368e+01 9.44890289e+01 9.33270874e+01
    9.55916443e+01 9.23059998e+01 9.40694656e+01 9.14393463e+01
    9.62736893e+01 9.62296295e+01 9.58492508e+01 9.65897522e+01
    9.90548477e+01 9.71579514e+01 9.47549896e+01 9.46467133e+01
    9.37382660e+01 9.37971420e+01 9.43087921e+01 9.37153625e+01
    8.97252579e+01 9.05129776e+01 9.04953232e+01 8.91541748e+01
    8.70622406e+01 9.04301987e+01 8.60471115e+01 8.83738098e+01
    8.50727539e+01 8.89861603e+01 8.93621445e+01 8.95495529e+01
    9.03102036e+01 9.09787674e+01 9.03496933e+01 8.97797623e+01
    9.15553360e+01 8.69366608e+01 9.20670624e+01 8.99674072e+01
    9.05153198e+01 8.97757034e+01 8.98919144e+01 8.77055893e+01
    9.08204117e+01 9.42730408e+01 9.09392242e+01 9.11083298e+01
    8.98982544e+01 9.12041016e+01 9.37098465e+01 9.06995621e+01
    9.07704620e+01 9.00315399e+01 9.34863815e+01 9.02008057e+01
    8.52290726e+01 8.81968231e+01 8.81708679e+01 8.71906967e+01
    8.71395874e+01 8.93655472e+01 8.78982773e+01 9.31214066e+01
    9.23924713e+01 9.08835907e+01 9.10881882e+01 9.18011551e+01
    9.16943359e+01 8.76256866e+01 9.21700439e+01 8.82851715e+01
    9.13257523e+01 9.04885178e+01 9.23136597e+01 9.16884308e+01
    9.43746567e+01 9.40839615e+01 9.31570969e+01 9.21963501e+01
    9.39934158e+01 9.00091171e+01 9.19504089e+01 9.24658203e+01
    8.62454681e+01 8.77205963e+01 8.44508209e+01 8.90649338e+01
    8.44823914e+01 9.08474960e+01 8.81359406e+01 8.79969101e+01
    8.88378754e+01 8.64279404e+01 8.78356171e+01 8.83996277e+01
    9.20197220e+01 8.85607224e+01 9.29883957e+01 8.91356125e+01
    8.97737885e+01 8.93467865e+01 8.76110229e+01 8.99834747e+01
    9.19632034e+01 9.13689880e+01 9.49022827e+01 9.25186462e+01
    9.34691696e+01 9.13657684e+01 9.06113052e+01 9.07227631e+01
    8.79904480e+01 8.79377518e+01 9.02421951e+01 8.68844757e+01
    8.55859985e+01 8.58570938e+01 8.81484070e+01 8.46360931e+01
    8.68026276e+01 8.52274933e+01 8.94468536e+01 8.54877243e+01
    8.55578766e+01 8.58257980e+01 8.45201721e+01 8.09388275e+01
    8.24109573e+01 8.26589127e+01 8.22175369e+01 8.20853882e+01
    8.29110794e+01 8.66146240e+01 8.31099167e+01 8.60597687e+01
    8.64468536e+01 8.82802277e+01 8.89378891e+01 8.90236588e+01
    8.62840118e+01 8.63826370e+01 8.78138733e+01 8.49485550e+01
    8.32825089e+01 8.51843796e+01 8.39703217e+01 8.43051758e+01
    8.47766724e+01 8.60683136e+01 8.36227112e+01 8.72982635e+01
    8.89934692e+01 8.60504074e+01 8.77269821e+01 8.89576263e+01
    8.61403427e+01 8.56443863e+01 8.41790314e+01 8.86762619e+01
    8.42584076e+01 9.09492874e+01 9.14633789e+01 9.18926392e+01
    9.37432632e+01 9.52600250e+01 9.54243698e+01 9.48828430e+01
    9.49559097e+01 9.28175583e+01 8.94067917e+01 9.34974518e+01
    9.10020294e+01 9.25264511e+01 8.63197479e+01 9.06225204e+01
    9.25926208e+01 8.89365768e+01 8.93446045e+01 8.79224777e+01
    8.93541870e+01 8.59972916e+01 9.01895447e+01 8.89878693e+01
    8.62186966e+01 8.51609802e+01 8.89593735e+01 8.74320297e+01
    8.72053299e+01 8.85308838e+01 8.70326920e+01 8.86468964e+01
    8.57886505e+01 8.32401199e+01 8.76654892e+01 8.98476105e+01
    8.87327118e+01 8.75761032e+01 8.68677368e+01 8.94451828e+01
    8.80354614e+01 8.84782257e+01 9.14297104e+01 9.25553207e+01
    9.31509323e+01 9.47776642e+01 9.18570404e+01 9.44541321e+01
    9.26246719e+01 9.58621750e+01 9.75587311e+01 9.72588882e+01
    9.76132889e+01 9.55693741e+01 9.36036148e+01 9.43484497e+01
    9.45023270e+01 9.12718048e+01 9.53074417e+01 9.54967346e+01
    9.60594177e+01 9.22226868e+01 8.90962143e+01 9.01920242e+01
    9.10033951e+01 9.04870758e+01 8.92641525e+01 8.96588058e+01
    8.92212524e+01 8.61922302e+01 8.77558517e+01 9.02065582e+01
    8.82919693e+01 9.01839523e+01 8.91235275e+01 9.08860321e+01
    9.25793991e+01 8.95985260e+01 9.02400055e+01 9.57280655e+01
    9.68609848e+01 9.74986572e+01 9.50222931e+01 9.30149307e+01
    9.32351303e+01 9.37172470e+01 9.44937897e+01 9.46316223e+01
    9.66419983e+01 9.63982925e+01 9.73830643e+01 9.65425186e+01
    9.44057007e+01 9.26067200e+01 9.65244370e+01 9.23372116e+01
    9.13479996e+01 9.33854599e+01 9.20199127e+01 9.08145523e+01
    9.31748123e+01 9.18914948e+01 9.16094513e+01 8.78167648e+01
    8.67711563e+01 9.05493546e+01 8.90805130e+01 8.53785477e+01
    8.70494614e+01 8.74855652e+01 8.83730011e+01 9.31470642e+01
    8.96328125e+01 8.55218048e+01 9.12544556e+01 9.24829788e+01
    9.03416672e+01 9.08122787e+01 9.07611923e+01 8.97911530e+01
    9.09836655e+01 8.90979004e+01 9.18311996e+01 9.10148087e+01
    9.11349258e+01 9.06427002e+01 9.07570724e+01 9.26151657e+01
    9.29921036e+01 9.04824219e+01 9.18887558e+01 8.90976791e+01
    8.98568268e+01 8.63464279e+01 8.84734726e+01 8.66261444e+01
    8.56228256e+01 8.54774704e+01 8.88634033e+01 9.10204926e+01
    8.89503555e+01 9.07432327e+01 9.35503769e+01 8.69299088e+01
    8.89969254e+01 9.40264053e+01 9.18158875e+01 8.98441696e+01
    8.75919495e+01 8.64692841e+01 9.16153488e+01 8.82294769e+01
    8.96165695e+01 9.27949371e+01 9.22550354e+01 9.36704483e+01
    9.41697617e+01 9.39316254e+01 9.37983246e+01 8.85798798e+01
    8.96476059e+01 8.86443787e+01 8.90153046e+01 8.79898758e+01
    8.75092773e+01 8.77427368e+01 8.80050659e+01 8.94588699e+01
    8.86824265e+01 9.08244324e+01 9.43511276e+01 9.17088699e+01
    8.84461899e+01 9.48214188e+01 9.01415482e+01 9.31753311e+01
    9.09729919e+01 9.02829056e+01 8.71309814e+01 8.75971527e+01
    8.99747772e+01 9.14113388e+01 9.04594421e+01 9.08542252e+01
    9.14177704e+01 8.96123886e+01 8.84098358e+01 8.98935242e+01
    9.02531586e+01 8.56827011e+01 8.61975021e+01 8.62197037e+01
    8.69531479e+01 8.65869980e+01 8.40764923e+01 8.31337509e+01
    8.72229309e+01 8.64593811e+01 8.68668900e+01 8.73338928e+01
    8.80159225e+01 8.45534134e+01 8.93648376e+01 8.66230240e+01
    8.40588074e+01 8.58534851e+01 8.71165619e+01 8.41031647e+01
    8.52740173e+01 8.18680878e+01 8.59967575e+01 8.22629929e+01
    8.66628647e+01 8.79929123e+01 8.92003555e+01 8.67999268e+01
    8.75044250e+01 8.89147720e+01 8.82504044e+01 8.78712082e+01
    8.46171646e+01 8.29538956e+01 8.40702744e+01 8.43862457e+01
    8.53678207e+01 8.37455978e+01 8.64131012e+01 8.80430069e+01
    8.74395370e+01 8.54160690e+01 8.86453400e+01 8.49116669e+01
    8.40164795e+01 8.71762009e+01 8.59626236e+01 8.31587372e+01
    8.34475708e+01 8.47070923e+01 8.50082092e+01 9.01602707e+01
    8.85952454e+01 9.19836121e+01 9.11944580e+01 9.41554184e+01
    9.28211136e+01 9.20081329e+01 9.33878250e+01 9.38486328e+01
    9.33743973e+01 9.41697540e+01 8.92559433e+01 9.21188812e+01
    9.24356079e+01 9.00029755e+01 9.05308228e+01 9.18413239e+01
    8.68148956e+01 9.04247742e+01 9.21263428e+01 8.74475098e+01
    8.98931808e+01 8.96684494e+01 8.88864594e+01 8.63992462e+01
    8.66486740e+01 8.75583572e+01 9.18738632e+01 8.88705444e+01
    8.71349640e+01 8.74678040e+01 8.91446686e+01 8.56789093e+01
    8.73148117e+01 8.95169296e+01 8.80578766e+01 8.65187302e+01
    9.11233978e+01 9.00230865e+01 8.87920532e+01 9.00743637e+01
    9.26836395e+01 9.46236572e+01 9.35216599e+01 9.85253220e+01
    9.52027664e+01 9.44202423e+01 9.27521973e+01 9.37603989e+01
    9.73300247e+01 9.68446350e+01 9.76629639e+01 9.28534546e+01
    9.70050659e+01 9.24068375e+01 9.32846451e+01 9.31390457e+01
    9.34911346e+01 9.18122635e+01 9.21247940e+01 8.90919647e+01
    9.04393616e+01 9.25651321e+01 9.07746201e+01 9.02559891e+01
    8.67234497e+01 8.73462219e+01 8.85361786e+01 8.82062378e+01
    8.36658325e+01 8.45781021e+01 8.49914093e+01 8.72233505e+01
    8.74200211e+01 8.82946548e+01 9.34487839e+01 9.09587479e+01
    9.53130646e+01 9.34125061e+01 9.34244080e+01 8.99280167e+01
    9.54935455e+01 9.37035065e+01 9.38454437e+01 9.52672119e+01
    9.36442795e+01 9.64949341e+01 9.55570145e+01 9.72633057e+01
    9.24233627e+01 9.74339523e+01 9.27581177e+01 9.32208710e+01
    9.60697250e+01 9.54133987e+01 9.15417786e+01 9.33801498e+01
    9.10830002e+01 9.16147156e+01 9.36122284e+01 9.00575562e+01
    9.00189133e+01 8.96544342e+01 8.73047180e+01 8.87018509e+01
    9.02636948e+01 8.73580627e+01 9.10194931e+01 9.03764801e+01
    9.02957001e+01 8.87101898e+01 9.02013092e+01 8.96241226e+01
    8.94316483e+01 9.05662842e+01 9.22549057e+01 9.27633591e+01
    9.01417007e+01 9.07256393e+01 9.19375992e+01 8.85631027e+01
    9.46289139e+01 9.04441757e+01 9.08684235e+01 8.95882492e+01
    9.21126556e+01 9.34240036e+01 9.06188049e+01 9.21560135e+01
    9.33307877e+01 9.08748398e+01 8.98936539e+01 9.19222107e+01
    8.73968506e+01 8.44805832e+01 8.80178833e+01 8.53347931e+01
    8.98240128e+01 9.16539993e+01 9.07886505e+01 9.23216782e+01
    9.05513840e+01 9.46403046e+01 9.18550644e+01 9.27155991e+01
    9.19050674e+01 9.27290573e+01 9.02773972e+01 8.84810638e+01
    9.08681259e+01 9.04005508e+01 9.44769974e+01 9.21062775e+01
    9.53729935e+01 9.47298203e+01 9.70427399e+01 8.93442230e+01
    9.28370895e+01 9.21991653e+01 9.04780502e+01 9.13960571e+01
    8.87922516e+01 8.70203018e+01 8.61413879e+01 8.81170197e+01
    8.71669083e+01 9.08906174e+01 9.04341660e+01 9.18802185e+01
    8.84581833e+01 9.16401749e+01 9.26105652e+01 8.92332687e+01
    8.97205124e+01 9.02184677e+01 8.92124252e+01 8.75671844e+01
    9.06548233e+01 8.83892975e+01 9.02147064e+01 8.95027390e+01
    8.95755310e+01 8.86862030e+01 9.09745407e+01 8.91896133e+01
    8.95581741e+01 8.76724091e+01 8.58668747e+01 8.85195847e+01
    8.71199188e+01 8.27589417e+01 8.63611526e+01 8.23480072e+01
    8.44963760e+01 8.23757019e+01 8.36853790e+01 8.66462631e+01
    8.52871552e+01 8.94996490e+01 8.71392288e+01 8.77697449e+01
    8.79216766e+01 8.98959351e+01 8.80478668e+01 8.38781509e+01
    8.83669815e+01 8.50967255e+01 8.65422058e+01 8.37905350e+01
    8.42306595e+01 8.57452621e+01 8.61148148e+01 8.47694321e+01
    8.87426987e+01 8.50191727e+01 8.70676575e+01 8.61409378e+01
    8.66866760e+01 8.56734314e+01 8.55488129e+01 8.41196289e+01
    8.28811569e+01 8.56901550e+01 8.74379807e+01 8.48262711e+01
    8.25792770e+01 8.80065079e+01 8.42905731e+01 8.48512039e+01
    8.28283463e+01 8.34356842e+01 8.68851318e+01 8.66153336e+01
    8.02423706e+01 8.41321259e+01 7.93289261e+01 8.31719971e+01
    8.61125259e+01 8.64883804e+01 8.54124832e+01 9.27831192e+01
    9.15723648e+01 9.06520920e+01 9.34273224e+01 9.11568832e+01
    9.25877991e+01 9.29244919e+01 9.16982956e+01 9.53446121e+01
    9.25026093e+01 9.36663895e+01 9.00668488e+01 9.11464386e+01
    8.97003098e+01 9.12884216e+01 9.10717392e+01 8.92179413e+01
    9.04279938e+01 9.02884293e+01 9.09480286e+01 8.85351868e+01
    8.87958298e+01 8.50970001e+01 8.75766678e+01 8.49054489e+01
    8.74227600e+01 8.67282944e+01 8.90572891e+01 8.76531677e+01
    8.85152283e+01 8.68074799e+01 8.74914932e+01 9.11833649e+01
    8.90565109e+01 9.14885635e+01 9.03530197e+01 8.98170700e+01
    8.85194397e+01 9.09312515e+01 8.98283386e+01 9.36250610e+01
    9.39177704e+01 9.39262085e+01 9.17094803e+01 9.37522583e+01
    9.36677628e+01 9.71851807e+01 9.68256989e+01 9.48459320e+01
    9.50452423e+01 9.38891678e+01 9.55175858e+01 9.15996628e+01
    9.16187439e+01 9.11493225e+01 9.49786682e+01 9.43839340e+01
    8.92991257e+01 9.23761139e+01 8.93845596e+01 8.87397690e+01
    8.97153778e+01 8.89205627e+01 8.96994476e+01 8.73450775e+01
    8.76642151e+01 8.84129105e+01 8.77481613e+01 8.74180603e+01
    8.63039474e+01 8.73990021e+01 9.09186401e+01 8.92045822e+01
    9.44279175e+01 9.42111969e+01 9.20568161e+01 9.17642975e+01
    9.61105652e+01 9.56270828e+01 9.60346298e+01 9.39392929e+01
    9.37534027e+01 9.48585129e+01 9.65514450e+01 9.48129959e+01
    1.00828461e+02 9.50804214e+01 9.32626343e+01 9.89099197e+01
    9.67496338e+01 9.51019821e+01 9.63116302e+01 9.28907242e+01
    9.34196777e+01 9.30295334e+01 9.08172150e+01 9.10688858e+01
    9.09784851e+01 8.99481964e+01 9.18636856e+01 8.77260818e+01
    8.82313080e+01 9.10187073e+01 8.93298721e+01 8.59619827e+01
    8.71181259e+01 8.87181854e+01 8.79894409e+01 9.09765396e+01
    8.83020477e+01 8.72518463e+01 9.01784210e+01 9.31416016e+01
    9.05561752e+01 9.09467850e+01 8.95008240e+01 9.25515823e+01
    8.99072113e+01 9.17432861e+01 9.19201508e+01 8.85405197e+01
    9.14900131e+01 8.94884262e+01 9.06071014e+01 9.25073395e+01
    9.25806656e+01 9.30351639e+01 9.39567337e+01 9.03374481e+01
    9.18148575e+01 8.90923157e+01 8.93724060e+01 8.67290955e+01
    8.96657944e+01 8.77118988e+01 9.02660675e+01 9.35148315e+01
    8.86220169e+01 9.25710068e+01 9.00129700e+01 8.94237595e+01
    9.15898209e+01 9.02733383e+01 9.02061768e+01 9.14208450e+01
    8.75360641e+01 8.93524017e+01 9.08448563e+01 9.26210861e+01
    9.45335464e+01 9.19162292e+01 9.45065231e+01 9.16293335e+01
    9.25913849e+01 9.15332260e+01 9.58806076e+01 9.15122375e+01
    8.99620056e+01 9.45422516e+01 9.15572968e+01 8.73530273e+01
    8.91091537e+01 9.29201508e+01 8.99100113e+01 9.07777863e+01
    8.98793793e+01 9.08456726e+01 9.06934662e+01 9.21248932e+01
    8.88270264e+01 9.33769302e+01 9.07543411e+01 9.01576920e+01
    8.92565994e+01 8.88907166e+01 8.83455505e+01 8.56970367e+01
    9.11940613e+01 8.97819595e+01 9.11707001e+01 9.10857010e+01
    8.90954056e+01 9.13082428e+01 9.03883896e+01 8.97502365e+01
    8.90038147e+01 8.49970551e+01 8.73561554e+01 8.63098221e+01
    8.76944046e+01 8.53563843e+01 8.60735779e+01 8.41129074e+01
    8.39333191e+01 8.66914597e+01 8.61509094e+01 8.50172043e+01
    8.68125381e+01 8.67686539e+01 9.17397385e+01 8.83644180e+01
    8.67518616e+01 8.65284576e+01 8.69650574e+01 8.23932190e+01
    8.65508270e+01 8.48799286e+01 8.39490356e+01 8.57833786e+01
    8.92671051e+01 9.08217697e+01 8.88927765e+01 8.93701553e+01
    8.97820129e+01 8.97724457e+01 8.80260696e+01 8.88671494e+01
    8.90533600e+01 8.68051147e+01 8.73425140e+01 8.84575119e+01
    8.40067825e+01 8.59457779e+01 8.40682373e+01 8.72391815e+01
    8.46212311e+01 8.75378876e+01 8.40355911e+01 8.58148651e+01
    8.43849792e+01 8.38334656e+01 8.17206802e+01 7.90038452e+01
    8.29064102e+01 8.21104660e+01 8.60080338e+01 8.39736633e+01
    8.96745453e+01 9.13207474e+01 8.97865295e+01 9.01491318e+01
    9.04246140e+01 9.04620819e+01 9.19474792e+01 9.21469650e+01
    9.42488556e+01 9.77074814e+01 9.59971008e+01 8.92599106e+01
    8.96936340e+01 9.11923218e+01 9.25402374e+01 9.21819305e+01
    9.09710999e+01 9.26437988e+01 9.06231003e+01 8.98883591e+01
    9.01169586e+01 8.88439865e+01 8.75394440e+01 8.74569778e+01
    8.72559738e+01 8.55727692e+01 9.17473373e+01 9.07364502e+01
    8.64159393e+01 9.02500534e+01 9.23009949e+01 8.78053589e+01
    9.13666229e+01 8.82592926e+01 9.10661545e+01 9.00990372e+01
    9.07248001e+01 9.09643326e+01 9.05966415e+01 9.09454956e+01
    9.41598816e+01 9.37506027e+01 9.31977081e+01 9.58611374e+01
    9.77696152e+01 9.35674438e+01 9.31686172e+01 9.41304550e+01
    9.40847397e+01 9.59689407e+01 9.64972076e+01 9.40062180e+01
    9.27915649e+01 9.29289093e+01 9.16921310e+01 9.20577087e+01
    9.34209824e+01 8.91727524e+01 9.26970978e+01 8.79586182e+01
    8.79380417e+01 8.85296021e+01 8.90056686e+01 8.73270035e+01
    9.05854874e+01 8.63334885e+01 8.92986526e+01 8.79692841e+01
    8.68654556e+01 8.71634674e+01 8.66530762e+01 8.73391647e+01
    8.97019196e+01 8.95625916e+01 9.13246994e+01 9.05177994e+01
    9.36264496e+01 9.44741364e+01 9.22169266e+01 9.59198380e+01
    9.58541565e+01 9.63940735e+01 9.43176193e+01 9.63663330e+01
    9.60684052e+01 9.59738083e+01 9.66807175e+01 9.84566803e+01
    9.70723495e+01 9.84897308e+01 9.98221970e+01 9.55297775e+01
    9.81267471e+01 9.47885666e+01 9.58307114e+01 9.47195969e+01
    9.28675232e+01 9.33657227e+01 9.39058456e+01 9.18953705e+01
    9.28771439e+01 9.25498123e+01 9.10215149e+01 9.35473557e+01
    8.78857269e+01 8.76328354e+01 9.18749695e+01 9.35057755e+01
    9.12078934e+01 9.10509567e+01 9.18954010e+01 8.93488235e+01
    9.21086731e+01 8.90836563e+01 9.17886734e+01 9.34253006e+01
    9.51390305e+01 9.93083801e+01 9.35720825e+01 9.33501892e+01
    9.23743134e+01 9.13339615e+01 9.29965668e+01 9.16339569e+01
    9.07290955e+01 9.42240372e+01 9.02939606e+01 9.13204956e+01
    9.44634399e+01 9.10069351e+01 8.87729950e+01 8.83228302e+01
    8.84824524e+01 8.56235809e+01 8.65143051e+01 8.75841751e+01
    8.87448807e+01 9.24056168e+01 9.10570374e+01 9.14919891e+01
    8.97497025e+01 9.11949234e+01 9.15532532e+01 9.11363525e+01
    9.21263809e+01 9.11591644e+01 9.04698639e+01 8.96905289e+01
    8.95772400e+01 9.49451447e+01 9.30233383e+01 9.43317184e+01
    9.16678238e+01 9.45611572e+01 9.52916565e+01 9.24716644e+01
    9.09497375e+01 9.24659424e+01 8.87026825e+01 8.94610443e+01
    9.33315125e+01 8.87341003e+01 9.16865158e+01 9.04608307e+01
    8.97148514e+01 8.98972549e+01 9.15544052e+01 8.80130005e+01
    8.94679337e+01 9.13480072e+01 9.20036240e+01 9.21987915e+01
    8.94352188e+01 8.81057129e+01 8.65034027e+01 8.52859955e+01
    8.78750992e+01 8.72132645e+01 8.76189499e+01 8.96117325e+01
    9.01004715e+01 8.82662735e+01 8.66060944e+01 8.89988480e+01
    9.00204239e+01 8.67362900e+01 8.76456680e+01 8.70969849e+01
    8.60445099e+01 8.57231369e+01 8.67724380e+01 8.73351822e+01
    8.69400330e+01 8.59588318e+01 8.57159805e+01 8.80697556e+01
    8.78115997e+01 8.87636642e+01 8.63948517e+01 8.57291412e+01
    8.90275803e+01 8.68267136e+01 8.98905411e+01 8.71887817e+01
    8.65886536e+01 8.83381653e+01 8.92935257e+01 8.86513214e+01
    8.68547897e+01 9.03149948e+01 8.97724991e+01 9.15296021e+01
    9.48253937e+01 8.81273422e+01 9.10067291e+01 9.17653503e+01
    8.99257507e+01 8.68977203e+01 9.15532150e+01 8.77793579e+01
    8.78463364e+01 8.60083008e+01 8.80046692e+01 8.68823395e+01
    8.80970688e+01 8.90102310e+01 8.67209549e+01 8.53412781e+01
    8.58628387e+01 8.34749908e+01 8.46383209e+01 8.25035629e+01
    8.39708862e+01 8.51055145e+01 8.44257507e+01 8.50303268e+01
    8.59223480e+01 8.58819962e+01 8.59039688e+01 9.04979630e+01
    8.74501953e+01 8.64664307e+01 9.13061523e+01 9.02877502e+01
    9.01652756e+01 9.17334518e+01 9.32171249e+01 9.66170273e+01
    9.45110092e+01 8.94932709e+01 9.50487366e+01 8.96897049e+01
    9.22369232e+01 9.38060074e+01 9.08234253e+01 9.24111786e+01
    8.95661011e+01 9.05392075e+01 8.82558594e+01 9.11687546e+01
    8.97835464e+01 9.03534012e+01 8.52174377e+01 8.79733505e+01
    9.14866257e+01 9.10553131e+01 8.83256226e+01 8.94837341e+01
    8.90895996e+01 9.24628067e+01 8.94915543e+01 8.81411362e+01
    9.17964783e+01 9.06006699e+01 9.53601303e+01 9.41618881e+01
    9.45643921e+01 9.50583267e+01 9.25938568e+01 9.62940598e+01
    9.73786774e+01 9.43174591e+01 9.48694229e+01 9.60192719e+01
    9.58687820e+01 9.33238373e+01 9.32889633e+01 9.43068924e+01
    9.58206558e+01 9.26346207e+01 9.23573685e+01 9.29642029e+01
    9.16488647e+01 8.94718018e+01 9.35197678e+01 9.10653152e+01
    8.97132721e+01 9.02188339e+01 8.88936844e+01 8.88886108e+01
    8.74030914e+01 9.05814896e+01 8.85190887e+01 8.80324173e+01
    8.81759338e+01 8.82429504e+01 8.82762527e+01 8.87106400e+01
    8.73775177e+01 8.92757492e+01 8.95094299e+01 9.23660583e+01
    9.42880020e+01 9.23866043e+01 9.28550644e+01 9.32033005e+01
    9.92600555e+01 9.68948898e+01 9.49436340e+01 9.56676559e+01
    9.51444702e+01 9.49829712e+01 9.94665985e+01 9.76940079e+01
    9.89070511e+01 9.80559616e+01 9.70413666e+01 9.94122238e+01
    9.78586655e+01 9.92694855e+01 9.64866180e+01 9.48872070e+01
    9.59141235e+01 9.61306686e+01 9.55552368e+01 9.17299805e+01
    9.71337051e+01 9.27535782e+01 9.68888092e+01 9.21720276e+01
    9.27230682e+01 9.21779861e+01 9.00422058e+01 8.96013031e+01
    9.22708435e+01 9.26947403e+01 8.94124298e+01 9.21281357e+01
    8.80339890e+01 9.17554855e+01 9.33629837e+01 9.46645355e+01
    9.28612213e+01 9.45788269e+01 9.38689880e+01 9.29611435e+01
    9.15836182e+01 8.94672394e+01 9.31965485e+01 9.26008224e+01
    9.46636810e+01 9.43287659e+01 9.26767273e+01 9.18822174e+01
    9.48425140e+01 9.19943466e+01 9.22905731e+01 9.18999634e+01
    8.97537231e+01 8.79420547e+01 8.83553314e+01 8.70349274e+01
    8.75446472e+01 8.35677109e+01 9.03290176e+01 8.99115601e+01
    9.13097305e+01 9.01511078e+01 9.03830872e+01 9.02862930e+01
    9.39948730e+01 9.26042480e+01 9.23026505e+01 9.16113739e+01
    8.91581497e+01 9.20779877e+01 9.17961578e+01 9.23294373e+01
    9.65172272e+01 9.53359375e+01 9.57911377e+01 9.33338089e+01
    9.19846420e+01 9.32929764e+01 9.14021072e+01 8.96796875e+01
    9.52330856e+01 9.30959091e+01 9.26537399e+01 8.71964111e+01
    8.74272537e+01 9.00979233e+01 8.80958099e+01 8.76392212e+01
    8.98059387e+01 8.98724594e+01 8.95990753e+01 8.72306290e+01
    8.79194565e+01 8.57973480e+01 8.80873184e+01 8.66960220e+01
    8.69375229e+01 8.33043976e+01 8.57221680e+01 8.70489731e+01
    8.90508881e+01 8.65910263e+01 8.69765167e+01 8.94715118e+01
    8.40575714e+01 8.61028366e+01 8.68886795e+01 8.95111313e+01
    8.44288025e+01 8.49010010e+01 8.62696838e+01 8.85655365e+01
    9.21108856e+01 8.87757492e+01 8.39937592e+01 8.63246536e+01
    8.62243347e+01 8.46673965e+01 9.00539856e+01 8.51595154e+01
    8.55302429e+01 8.67956238e+01 8.85958786e+01 8.98300705e+01
    8.60686646e+01 8.77328720e+01 9.21187057e+01 8.86435928e+01
    9.21152573e+01 8.86257935e+01 8.87292480e+01 8.93448410e+01
    9.19857178e+01 9.01758423e+01 8.80378265e+01 8.88720856e+01
    9.27550430e+01 9.23813782e+01 9.12564621e+01 9.07480545e+01
    9.01323242e+01 8.73603897e+01 9.13338623e+01 9.05432816e+01
    8.65102310e+01 8.62364807e+01 8.99247360e+01 8.49589996e+01
    8.34137726e+01 8.53041382e+01 8.61856232e+01 8.55670242e+01
    8.59320068e+01 8.49221420e+01 8.50182571e+01 8.34525146e+01
    8.07866440e+01 8.45339279e+01 8.74001236e+01 8.81753387e+01
    8.65882187e+01 8.72278137e+01 8.72769699e+01 8.97033081e+01
    8.64347687e+01 9.04962158e+01 8.91919708e+01 9.05859146e+01
    9.36208954e+01 9.53569336e+01 9.48022156e+01 9.32962265e+01
    8.92670975e+01 9.22027740e+01 9.15780334e+01 9.39884338e+01
    9.04583969e+01 9.27574692e+01 9.30373764e+01 9.09444656e+01
    9.00064163e+01 9.15942078e+01 8.96701813e+01 8.77174606e+01
    9.06780167e+01 8.86009369e+01 9.04071960e+01 9.19168015e+01
    8.93890915e+01 8.88109360e+01 8.72265701e+01 9.14270020e+01
    8.98067703e+01 9.06246796e+01 9.08477402e+01 9.50173416e+01
    9.25984802e+01 9.62269211e+01 9.12731934e+01 9.16304779e+01
    9.43704376e+01 9.40460892e+01 9.30188522e+01 9.31567535e+01
    9.56345749e+01 9.15292282e+01 9.35104904e+01 9.26713257e+01
    9.51519470e+01 9.36323318e+01 9.44592743e+01 9.41801758e+01
    9.30733414e+01 9.12170868e+01 9.22175217e+01 9.22000046e+01
    9.48001404e+01 9.25890503e+01 8.99371185e+01 8.96071396e+01
    8.80067673e+01 8.79507751e+01 8.83268585e+01 8.87608719e+01
    8.90215378e+01 8.88909149e+01 8.60251846e+01 8.52501144e+01
    8.76835861e+01 8.70047531e+01 8.72348328e+01 8.77632980e+01
    9.18122101e+01 9.14123306e+01 8.91712799e+01 9.02266846e+01
    9.22696609e+01 9.63660583e+01 9.37550507e+01 9.56358795e+01
    9.47082748e+01 9.59294052e+01 9.67095413e+01 9.32366867e+01
    9.53075790e+01 9.56604156e+01 9.50438995e+01 9.78761597e+01
    1.00146706e+02 9.70672989e+01 9.91410904e+01 9.64421234e+01
    9.41375275e+01 9.50547256e+01 9.48024063e+01 9.43004150e+01
    9.36659470e+01 9.06863937e+01 9.25187454e+01 9.30214996e+01
    9.18044891e+01 9.40080338e+01 8.99203110e+01 9.63540955e+01
    9.00751724e+01 8.78292618e+01 9.22947388e+01 9.10843506e+01
    9.06882477e+01 9.13938675e+01 9.20102615e+01 9.42373962e+01
    9.25798492e+01 9.36108704e+01 9.47607956e+01 9.26873856e+01
    9.32967148e+01 9.41473999e+01 9.54039459e+01 9.28728943e+01
    9.34846420e+01 9.26450500e+01 9.10031052e+01 9.49035950e+01
    9.16673279e+01 9.33048477e+01 9.61493454e+01 9.44985275e+01
    9.47464752e+01 9.45036240e+01 9.12865295e+01 8.84552460e+01
    9.00439377e+01 8.98760986e+01 8.86929169e+01 8.87742691e+01
    8.96636276e+01 9.39710007e+01 9.51759644e+01 9.11551361e+01
    8.96134796e+01 9.35455856e+01 9.33349686e+01 9.24456406e+01
    9.11494522e+01 9.05492554e+01 8.90472794e+01 9.31285934e+01
    9.22892685e+01 9.35576935e+01 9.40020676e+01 9.67586899e+01
    9.41560745e+01 9.48296127e+01 9.38018188e+01 9.26848984e+01
    9.19220810e+01 9.33562164e+01 9.19850540e+01 9.06085281e+01
    9.03156891e+01 8.89224091e+01 8.69853058e+01 8.83343430e+01
    9.01323624e+01 8.77557907e+01 8.92000046e+01 8.92775574e+01
    8.77656555e+01 8.63876419e+01 8.82964020e+01 8.70078049e+01
    8.98094101e+01 8.53338470e+01 8.36193619e+01 8.49589233e+01
    8.64976730e+01 8.72961044e+01 8.59299164e+01 8.79856033e+01
    8.43934250e+01 8.58249893e+01 8.80163956e+01 8.45355225e+01
    8.95237961e+01 8.54712524e+01 8.69415054e+01 8.65101624e+01
    8.71580734e+01 8.68421707e+01 9.04338379e+01 8.67553787e+01
    8.66127777e+01 8.71392822e+01 8.92559967e+01 8.68406525e+01
    8.94313202e+01 8.73127975e+01 9.03533249e+01 8.67285767e+01
    9.09091415e+01 8.71573944e+01 8.74794846e+01 8.87425308e+01
    8.95642929e+01 8.98617325e+01 9.13327179e+01 8.57454910e+01
    8.95185776e+01 8.93805237e+01 9.05687714e+01 8.59443359e+01
    8.92124786e+01 9.03848495e+01 9.05964890e+01 9.17416840e+01
    9.05858231e+01 9.04094238e+01 9.03497772e+01 9.21191483e+01
    9.02801437e+01 8.95453339e+01 8.81093979e+01 9.02200317e+01
    8.68850632e+01 8.95133667e+01 8.69821320e+01 8.82005920e+01
    8.59144363e+01 8.71531372e+01 8.44054337e+01 8.23796692e+01
    8.39029922e+01 8.44439926e+01 8.53903732e+01 8.37105789e+01
    8.59000473e+01 8.75082703e+01 8.68972092e+01 8.63333969e+01
    8.91562424e+01 8.69408035e+01 8.99315872e+01 8.81782303e+01
    8.93943558e+01 8.82726440e+01 9.36717300e+01 1.01281082e+02
    9.32689590e+01 9.12932205e+01 9.07918701e+01 9.44647217e+01
    9.36211319e+01 9.73291016e+01 9.36985321e+01 9.07102585e+01
    9.49900894e+01 9.18097916e+01 9.25976028e+01 8.97526932e+01
    9.17933044e+01 9.02510910e+01 8.69111710e+01 9.22238541e+01
    9.23561935e+01 9.02793884e+01 8.87403336e+01 9.15130692e+01
    8.86762543e+01 9.10745773e+01 8.99501266e+01 8.91058044e+01
    9.25304718e+01 9.21817169e+01 9.39190369e+01 9.71219101e+01
    9.25748062e+01 9.31029816e+01 9.42166290e+01 9.49344025e+01
    9.63379898e+01 9.29941635e+01 9.25598831e+01 8.90648041e+01
    9.58183594e+01 9.24732361e+01 9.34319382e+01 9.50228195e+01
    9.54981689e+01 9.52120667e+01 9.40474472e+01 9.19696045e+01
    9.21771240e+01 9.08598938e+01 9.26533127e+01 9.23814392e+01
    8.99465485e+01 9.07599182e+01 9.24377365e+01 8.99565506e+01
    9.19169540e+01 9.31706085e+01 8.87085342e+01 8.90311737e+01
    8.75044479e+01 8.88929596e+01 8.79971390e+01 8.82444305e+01
    8.83073425e+01 8.67720795e+01 9.06843567e+01 9.18006134e+01
    9.08663254e+01 9.36698380e+01 9.13955994e+01 9.57192383e+01
    9.62941589e+01 9.62604141e+01 9.45639420e+01 9.50243683e+01
    9.35007172e+01 9.63185425e+01 9.55109558e+01 9.78242722e+01
    9.85923233e+01 9.90423584e+01 9.95645905e+01 9.66339417e+01
    9.83560181e+01 9.74351273e+01 9.80809937e+01 9.93044052e+01
    9.52736282e+01 9.49533463e+01 9.34093094e+01 9.60744324e+01
    9.27227478e+01 9.34218674e+01 9.26018372e+01 9.51835175e+01
    8.88461456e+01 9.22568130e+01 9.13307343e+01 8.96953888e+01
    9.02084045e+01 9.01192551e+01 9.21447983e+01 9.06966476e+01
    9.33819199e+01 9.21324768e+01 9.20550079e+01 9.32571182e+01
    9.45394821e+01 9.78958664e+01 9.39248047e+01 9.50422134e+01
    9.54455566e+01 9.57438812e+01 9.30654831e+01 9.23015518e+01
    9.37275238e+01 9.76434250e+01 9.24605484e+01 9.71168289e+01
    9.66347580e+01 9.68289642e+01 9.94855957e+01 9.68782730e+01
    9.01128464e+01 9.38057327e+01 9.10798874e+01 9.14843292e+01
    8.86261139e+01 8.71908493e+01 9.45517654e+01 9.58730545e+01
    9.51827621e+01 9.47302322e+01 9.32936325e+01 8.90365143e+01
    9.19899445e+01 9.17639084e+01 9.14770584e+01 9.16297073e+01
    9.02993774e+01 9.14129944e+01 9.09645309e+01 9.22990875e+01
    9.26568451e+01 9.73047180e+01 9.54659958e+01 9.50059814e+01
    9.42139130e+01 9.07529221e+01 9.12963333e+01 9.15938339e+01
    9.13645935e+01 8.86949844e+01 8.75372467e+01 8.75259781e+01
    8.61034012e+01 8.79067383e+01 8.73115845e+01 8.65242538e+01
    8.86063385e+01 8.98977661e+01 8.79442291e+01 8.49193802e+01
    8.44508362e+01 8.75724030e+01 8.66706467e+01 8.52779007e+01
    8.72183685e+01 8.47473907e+01 8.17766266e+01 8.67634048e+01
    8.39377518e+01 8.78039856e+01 8.80235062e+01 8.67154617e+01
    8.89324341e+01 8.85723495e+01 9.02127075e+01 8.77354126e+01
    8.68864899e+01 8.75627899e+01 8.86486130e+01 8.85055466e+01
    8.70286102e+01 8.81122284e+01 8.72931976e+01 8.63726807e+01
    8.78725357e+01 8.63935852e+01 9.04973907e+01 8.93175049e+01
    8.89052200e+01 8.63396149e+01 8.93232727e+01 8.58890839e+01
    8.60129776e+01 8.76379166e+01 8.97845764e+01 8.91489410e+01
    8.57336960e+01 8.99239120e+01 8.89529343e+01 8.60831909e+01
    8.88853912e+01 9.02677536e+01 8.99721298e+01 9.04490051e+01
    9.07651596e+01 8.77547836e+01 9.18157806e+01 9.16987076e+01
    8.84986267e+01 8.62586899e+01 9.17529984e+01 8.56296387e+01
    8.84343643e+01 8.92501907e+01 8.87076340e+01 8.98058853e+01
    8.73339005e+01 8.26519928e+01 8.47563400e+01 8.39136276e+01
    8.53916016e+01 8.61899490e+01 8.67490768e+01 8.46651001e+01
    8.48991241e+01 8.53088531e+01 8.63955002e+01 8.92009277e+01
    8.85858078e+01 8.82112122e+01 8.91039124e+01 9.15205612e+01
    9.14499130e+01 8.75676041e+01 8.92285614e+01 9.24975052e+01
    9.26432114e+01 9.33914795e+01 9.31286240e+01 9.50186844e+01
    9.04419327e+01 9.25672989e+01 9.18917618e+01 9.35001373e+01
    9.15249405e+01 9.13691025e+01 8.97838058e+01 9.16904526e+01
    8.83018341e+01 9.16108093e+01 9.12401276e+01 9.45706177e+01
    8.97103119e+01 9.12330170e+01 9.18164749e+01 9.36539612e+01
    9.37559662e+01 9.02339554e+01 8.67124176e+01 8.98845901e+01
    8.95713120e+01 8.67406540e+01 9.26634903e+01 9.36799698e+01
    9.59651642e+01 9.39221039e+01 9.52508392e+01 9.50425034e+01
    9.64836578e+01 9.39894562e+01 9.51310196e+01 9.92584229e+01
    9.33068542e+01 9.72573547e+01 9.41061401e+01 9.50765305e+01
    9.93436661e+01 9.63839874e+01 9.93409805e+01 9.23574066e+01
    9.80053101e+01 9.04871063e+01 9.32548599e+01 9.21613159e+01
    9.25586472e+01 9.46094894e+01 9.11005020e+01 9.12926483e+01
    9.00254669e+01 9.02274628e+01 9.04703369e+01 9.11851196e+01
    8.47948990e+01 9.17990646e+01 8.79576950e+01 8.94782791e+01
    8.67705994e+01 8.68275375e+01 8.56698380e+01 8.82099457e+01
    8.79184113e+01 9.16888504e+01 8.85410690e+01 8.99839401e+01
    9.05526810e+01 9.33620758e+01 9.15690002e+01 9.46175232e+01
    9.39224091e+01 9.25766602e+01 9.49877243e+01 9.76114502e+01
    9.10973358e+01 9.82977142e+01 9.77669373e+01 9.81112061e+01
    9.68842850e+01 9.85217896e+01 1.00411018e+02 9.79056015e+01
    9.92396011e+01 9.65466995e+01 9.55620728e+01 9.45199051e+01
    9.67968140e+01 9.21502914e+01 9.31430893e+01 9.15822067e+01
    9.12397385e+01 9.29124756e+01 9.26522141e+01 9.18264160e+01
    9.36293182e+01 9.02368851e+01 9.20173187e+01 9.12849731e+01
    8.82698975e+01 9.19396591e+01 8.93313217e+01 9.03945465e+01
    9.42153091e+01 9.18711700e+01 9.39402466e+01 9.47840576e+01
    9.60769806e+01 9.53813324e+01 9.38991470e+01 9.51107254e+01
    9.58669205e+01 9.51946030e+01 9.48881683e+01 9.60035706e+01
    9.73232040e+01 9.88031845e+01 9.59779358e+01 9.91161194e+01
    9.78832474e+01 9.33314590e+01 9.49981918e+01 9.12768402e+01
    8.99090042e+01 8.79343643e+01 9.24942551e+01 8.74077301e+01
    9.39524231e+01 9.58857269e+01 9.24621124e+01 9.16065445e+01
    9.02081146e+01 9.06246033e+01 9.34594879e+01 9.57514877e+01
    9.02388458e+01 9.22075577e+01 9.20566711e+01 8.92110596e+01
    9.04190826e+01 9.17845764e+01 9.16884155e+01 9.35325165e+01
    9.47329254e+01 9.42235184e+01 8.91845551e+01 9.24051208e+01
    9.27091446e+01 9.12352371e+01 9.13778839e+01 9.06193924e+01
    9.01835861e+01 8.68749084e+01 8.70465012e+01 8.54337463e+01
    8.71242981e+01 8.92400742e+01 8.81940765e+01 8.75606384e+01
    8.81134415e+01 8.44636917e+01 8.65696869e+01 8.50856781e+01
    8.57253876e+01 8.61858139e+01 8.43948364e+01 8.48541565e+01
    8.79400940e+01 8.63568192e+01 8.77003326e+01 8.54798203e+01
    8.77648544e+01 8.93319321e+01 8.81007462e+01 9.16512451e+01
    8.81829529e+01 8.96316757e+01 9.00720291e+01 9.11130600e+01
    8.97133484e+01 8.60615463e+01 8.62851257e+01 8.81532059e+01
    8.82008743e+01 8.70690308e+01 8.64970016e+01 8.80007248e+01
    8.78323135e+01 8.63670044e+01 8.43800507e+01 8.55661316e+01
    8.52083893e+01 8.74027634e+01 8.59898453e+01 8.26528168e+01
    8.87321014e+01 8.76991348e+01 8.87920914e+01 8.45651474e+01
    8.93757858e+01 8.68516006e+01 8.89033127e+01 8.80011292e+01
    9.12548981e+01 9.04306717e+01 8.89315414e+01 9.24090652e+01
    9.12529449e+01 9.26561661e+01 8.97935562e+01 8.82462463e+01
    9.01965942e+01 8.86734772e+01 8.87170792e+01 8.64154434e+01
    8.67185059e+01 8.59982224e+01 9.06892242e+01 8.61432037e+01
    8.69847870e+01 8.75485382e+01 8.66555405e+01 8.34101410e+01
    8.59668350e+01 8.48560257e+01 8.49461441e+01 8.51144943e+01
    8.85372314e+01 8.78957672e+01 8.86459274e+01 9.08894501e+01
    8.86275558e+01 9.02983398e+01 9.00712280e+01 8.96865005e+01
    8.87842331e+01 8.91209488e+01 9.43340988e+01 9.16375351e+01
    9.38514633e+01 9.01734543e+01 8.70236511e+01 8.83144684e+01
    9.32917786e+01 9.16713486e+01 9.24810638e+01 9.44165268e+01
    8.84983978e+01 9.30209045e+01 9.07934341e+01 9.08560944e+01
    9.15498657e+01 8.99965668e+01 9.31411057e+01 9.15937500e+01
    9.42571487e+01 9.29236679e+01 9.32762299e+01 9.24600296e+01
    8.85298157e+01 9.16322556e+01 9.05192566e+01 9.26817017e+01
    9.25291824e+01 9.50614929e+01 9.60275116e+01 9.37152634e+01
    9.31495132e+01 9.54373703e+01 9.39089813e+01 9.62910919e+01
    9.63979950e+01 9.62018280e+01 9.31792221e+01 9.62733917e+01
    9.58338318e+01 9.53304901e+01 9.71685181e+01 9.75875397e+01
    9.75942841e+01 9.61392899e+01 9.55647736e+01 9.52023926e+01
    9.19732208e+01 9.45420837e+01 9.64661484e+01 9.69261627e+01
    9.38157043e+01 9.12776031e+01 9.29447403e+01 9.00342789e+01
    9.37987823e+01 9.09965591e+01 8.74191971e+01 8.83442764e+01
    8.82093353e+01 8.85275269e+01 8.54275589e+01 8.71136551e+01
    8.69551620e+01 9.10386810e+01 8.59995117e+01 8.98051147e+01
    9.34643707e+01 9.26900864e+01 9.03140106e+01 9.25172806e+01
    9.55513763e+01 9.36265488e+01 9.77901001e+01 9.06573181e+01
    9.27428741e+01 9.61417084e+01 9.56493912e+01 9.68401031e+01
    9.73432617e+01 9.85121307e+01 9.71288834e+01 9.76003036e+01
    9.74374542e+01 9.54873123e+01 9.81850128e+01 9.52799072e+01
    9.64044571e+01 9.59136505e+01 9.25234451e+01 9.48321533e+01
    9.08684998e+01 9.24982071e+01 9.06477509e+01 9.27632980e+01
    8.89460220e+01 9.31036682e+01 8.87460327e+01 9.13596268e+01
    8.78356094e+01 9.32441940e+01 9.14338150e+01 9.14925690e+01
    9.03382187e+01 8.86267395e+01 9.27434616e+01 8.99722214e+01
    9.21965027e+01 9.36523361e+01 9.32354355e+01 9.44307938e+01
    9.29783859e+01 9.01625443e+01 9.34496002e+01 9.17610016e+01
    9.48251953e+01 9.33845291e+01 9.52653275e+01 9.52070694e+01
    9.59260712e+01 9.16959229e+01 9.80009689e+01 9.47635880e+01
    8.98887329e+01 9.11717987e+01 9.19271469e+01 9.14768906e+01
    8.85489960e+01 8.98350677e+01 9.21549377e+01 9.50093994e+01
    9.42784653e+01 9.50672073e+01 9.24343567e+01 9.16779404e+01
    9.07243423e+01 9.68989487e+01 9.06040192e+01 9.33913040e+01
    9.20807571e+01 9.00341492e+01 9.38667450e+01 9.48642807e+01
    9.44196014e+01 9.63822174e+01 9.76880417e+01 9.35757904e+01
    9.64419861e+01 9.31792831e+01 9.04948273e+01 9.05853577e+01
    9.01333160e+01 8.81764297e+01 9.08543320e+01 8.67206345e+01
    8.73788147e+01 8.38532257e+01 8.61117935e+01 8.64143372e+01
    8.68272934e+01 8.72121124e+01 8.65166168e+01 8.33116837e+01
    8.60643082e+01 8.59041595e+01 8.62015839e+01 8.50717926e+01
    8.58467255e+01 8.69742279e+01 8.87248383e+01 8.98716965e+01
    8.84188919e+01 8.81068344e+01 8.87298889e+01 9.14802933e+01
    8.85464401e+01 8.95828934e+01 9.01193924e+01 8.85614243e+01
    8.93108139e+01 8.85241165e+01 8.65882416e+01 8.70782242e+01
    8.91498413e+01 8.86964645e+01 8.63557816e+01 8.70909729e+01
    8.60034943e+01 8.81193695e+01 8.49512405e+01 8.90696259e+01
    8.41012192e+01 8.40940552e+01 8.97685013e+01 8.54610901e+01
    8.53647537e+01 8.58352509e+01 8.78110809e+01 8.59695816e+01
    9.07514420e+01 8.59468384e+01 8.26526566e+01 8.65120087e+01
    8.55337448e+01 8.87807693e+01 8.73831253e+01 8.75169830e+01
    9.14033661e+01 8.47657471e+01 9.04421539e+01 9.05683441e+01
    9.04444885e+01 8.51027527e+01 8.98189545e+01 8.95510941e+01
    8.74114456e+01 8.87536316e+01 8.67247696e+01 9.07602997e+01
    8.91319427e+01 8.90082550e+01 8.81642761e+01 8.48038712e+01
    8.72327957e+01 8.72667694e+01 8.45000305e+01 8.32539749e+01
    8.92732239e+01 8.46127014e+01 8.55721664e+01 8.62620316e+01
    8.85639725e+01 8.77410889e+01 8.86533279e+01 8.70695572e+01
    8.76177673e+01 8.64348297e+01 8.97953415e+01 8.88854065e+01
    8.95438766e+01 9.21250687e+01 8.61720963e+01 9.01607285e+01
    8.92796402e+01 9.07399216e+01 9.07553864e+01 9.39260101e+01
    9.24830475e+01 9.13881454e+01 9.30666428e+01 8.97864380e+01
    8.91693115e+01 8.82692261e+01 9.29251099e+01 9.12136536e+01
    8.97257538e+01 9.01558609e+01 8.97239761e+01 9.18745575e+01
    9.17369690e+01 8.99781342e+01 9.10011139e+01 9.00521317e+01
    9.09636078e+01 9.40451889e+01 9.23085327e+01 9.54512558e+01
    9.55549240e+01 9.53807373e+01 9.26856461e+01 9.51880875e+01
    9.20427094e+01 9.44870911e+01 9.41488800e+01 9.83471756e+01
    9.46484299e+01 9.63574371e+01 9.27387848e+01 9.48186951e+01
    9.76881638e+01 9.68414078e+01 9.62356720e+01 9.64569244e+01
    9.46614761e+01 9.50550690e+01 9.22758636e+01 9.22429428e+01
    9.23634262e+01 9.49055862e+01 9.38758698e+01 9.28465652e+01
    9.26698990e+01 9.26236725e+01 8.86419296e+01 9.08847351e+01
    9.03906708e+01 8.67828140e+01 8.67463303e+01 8.85002441e+01
    8.76510696e+01 8.61199265e+01 8.32582855e+01 8.73550262e+01
    8.76089478e+01 8.95160904e+01 9.04969101e+01 9.13513260e+01
    9.37965012e+01 9.16444168e+01 9.46680832e+01 9.52305222e+01
    9.09602966e+01 9.05984192e+01 9.41112900e+01 9.19602203e+01
    9.71042709e+01 9.31697311e+01 9.77252045e+01 9.50281372e+01
    9.62905731e+01 9.68940964e+01 9.57657394e+01 9.39664612e+01
    9.49385681e+01 9.54214096e+01 9.03836136e+01 9.69631729e+01
    9.06736832e+01 9.01994781e+01 8.92633362e+01 9.18434143e+01
    9.12694397e+01 9.17301483e+01 9.20318451e+01 8.77126617e+01
    8.80654144e+01 8.42232285e+01 9.01024094e+01 8.96694946e+01
    8.65628738e+01 8.54653778e+01 8.78820801e+01 8.60727692e+01
    8.79391785e+01 9.05523148e+01 8.73339539e+01 9.32982025e+01
    9.28816299e+01 9.15413742e+01 8.73829193e+01 9.20372620e+01
    8.94204941e+01 9.44328384e+01 9.18559418e+01 9.30172806e+01
    9.26018906e+01 9.64472885e+01 9.41560669e+01 9.65230637e+01
    9.48099594e+01 9.50304489e+01 9.34512558e+01 9.48224792e+01
    9.00629654e+01 8.98516235e+01 9.44832077e+01 9.10012360e+01
    9.05972519e+01 9.39228287e+01 9.32600403e+01 9.37800522e+01
    9.22364655e+01 8.88446198e+01 9.30956192e+01 9.07315369e+01
    9.17008667e+01 9.23630447e+01 9.13684464e+01 8.86105042e+01
    9.37552643e+01 9.26466064e+01 9.47525482e+01 9.59753494e+01
    9.59175491e+01 9.60907288e+01 9.59640808e+01 9.05552826e+01
    8.95205688e+01 8.88703995e+01 8.98099060e+01 8.81348953e+01
    9.06553574e+01 8.43805618e+01 8.49305267e+01 8.44803619e+01
    8.90010147e+01 8.73810196e+01 9.10379715e+01 8.72311554e+01
    8.65321960e+01 8.54720840e+01 8.54471436e+01 8.61194229e+01
    8.46630859e+01 8.82237701e+01 8.60678406e+01 8.68934402e+01
    8.87394714e+01 8.49719086e+01 8.85479507e+01 8.92964706e+01
    8.99556503e+01 9.09159012e+01 8.87044525e+01 9.37890015e+01
    8.77564240e+01 8.91963654e+01 8.61363297e+01 8.90159378e+01
    8.80072479e+01 8.82661514e+01 8.55641327e+01 8.64757538e+01
    8.66489868e+01 8.79137039e+01 8.62713928e+01 8.44383621e+01
    8.81339645e+01 8.78959808e+01 8.34250641e+01 8.25003815e+01
    8.50723114e+01 8.60547791e+01 8.83170929e+01 8.68753510e+01
    8.51508789e+01 8.69074783e+01 8.63526917e+01 8.28639679e+01
    8.39306030e+01 8.71707687e+01 8.56599731e+01 8.66346054e+01
    8.95926971e+01 8.55174561e+01 8.88176498e+01 8.87842789e+01
    8.95166550e+01 8.94587784e+01 9.07077484e+01 8.75628128e+01
    8.55362930e+01 8.94332275e+01 8.81562958e+01 8.59805984e+01
    8.52925262e+01 8.68366852e+01 8.72795334e+01 8.78675690e+01
    8.60406952e+01 8.68702011e+01 8.55998840e+01 8.58508530e+01
    8.57376328e+01 8.67856598e+01 8.43320847e+01 8.49459381e+01
    9.02071152e+01 8.74011917e+01 8.84120712e+01 8.76953278e+01
    8.98064575e+01 8.86007462e+01 9.16517181e+01 8.94999390e+01
    9.07519073e+01 9.27009506e+01 9.47260208e+01 9.63542786e+01
    8.99415283e+01 9.06225281e+01 9.51328430e+01 8.80584335e+01
    9.27448654e+01 9.33483582e+01 9.49428177e+01 9.28954849e+01
    9.21253281e+01 9.12794647e+01 9.09623337e+01 9.14666290e+01
    9.19920425e+01 8.95667267e+01 9.20002213e+01 9.01531982e+01
    8.86301804e+01 9.62328262e+01 9.42660980e+01 9.29167709e+01
    9.38425064e+01 9.12322845e+01 8.78590469e+01 9.18217239e+01
    9.42617798e+01 9.14905930e+01 9.50865021e+01 9.49683075e+01
    9.21914902e+01 9.62012482e+01 9.39520340e+01 9.39916458e+01
    9.44921646e+01 9.57005463e+01 9.42267075e+01 9.50429993e+01
    9.47958527e+01 9.40264053e+01 9.54158707e+01 9.67364120e+01
    9.69508209e+01 9.74891052e+01 9.14529572e+01 9.65044937e+01
    9.27524261e+01 8.99659119e+01 9.61645813e+01 9.46755829e+01
    9.25177231e+01 9.21920929e+01 8.99167328e+01 8.89052124e+01
    8.78934250e+01 8.73919754e+01 9.03144989e+01 8.77690353e+01
    8.96775665e+01 8.95725098e+01 8.88476944e+01 8.65514755e+01
    8.61903305e+01 8.85038986e+01 8.84106140e+01 9.14061813e+01
    9.26168137e+01 9.03391876e+01 9.12338562e+01 8.99258881e+01
    9.22896271e+01 9.39975357e+01 9.41301117e+01 9.34701538e+01
    9.03361130e+01 9.30619125e+01 9.53605194e+01 9.52925339e+01
    9.57941589e+01 9.51547546e+01 9.68923111e+01 9.65793304e+01
    9.40287399e+01 9.35713348e+01 9.42653427e+01 9.18065186e+01
    9.32461929e+01 9.29079208e+01 9.28110886e+01 8.85478363e+01
    9.14417343e+01 8.84162140e+01 9.19351425e+01 9.21441422e+01
    8.53399811e+01 8.79616165e+01 8.84804001e+01 8.64107819e+01
    8.76099625e+01 8.76881943e+01 8.62450104e+01 8.85407791e+01
    8.75548553e+01 8.90573502e+01 8.42917786e+01 8.84789352e+01
    9.10145874e+01 9.19177170e+01 8.74854965e+01 9.09758224e+01
    9.11829987e+01 9.19525452e+01 8.97437592e+01 9.24725952e+01
    9.42674332e+01 9.12863998e+01 9.28787766e+01 9.56174393e+01
    9.54307938e+01 9.44684906e+01 9.55044785e+01 9.15860367e+01
    9.28830261e+01 9.08875198e+01 8.95794525e+01 8.95445709e+01
    8.89472122e+01 8.85745316e+01 9.14008865e+01 9.38063889e+01
    9.18553848e+01 9.13439484e+01 9.22515106e+01 9.08613815e+01
    8.93181458e+01 9.13811722e+01 9.18390579e+01 9.21149673e+01
    8.73277817e+01 8.80785980e+01 8.64301147e+01 9.42419357e+01
    9.41175995e+01 9.73353729e+01 9.43944702e+01 9.26152649e+01
    9.19227905e+01 9.13503342e+01 8.72557983e+01 8.97588654e+01
    8.69744797e+01 8.93535004e+01 8.84753342e+01 8.74672546e+01
    8.53461227e+01 8.77564697e+01 8.91443863e+01 8.56203613e+01
    8.85576935e+01 8.84256516e+01 8.81958313e+01 8.37301712e+01
    8.76102066e+01 8.48366165e+01 8.57678299e+01 8.60678787e+01
    8.58119965e+01 8.51530838e+01 8.85912018e+01 8.70799332e+01
    8.80273743e+01 8.92187271e+01 8.75213928e+01 8.79720306e+01
    9.15697556e+01 8.85832062e+01 9.13338623e+01 9.08954926e+01
    9.14934006e+01 8.86131363e+01 8.69034042e+01 9.01812286e+01
    8.69703674e+01 8.87078323e+01 8.49501190e+01 8.78088379e+01
    8.66681976e+01 8.52084656e+01 8.70969849e+01 8.86641312e+01
    8.57678223e+01 8.44219208e+01 8.61121597e+01 8.66557617e+01
    8.61556244e+01 8.85825653e+01 8.33959808e+01 8.43214874e+01
    8.68233109e+01 8.70252304e+01 8.45245895e+01 8.68358307e+01
    8.70165482e+01 8.94467621e+01 8.78324509e+01 8.60359344e+01
    8.90730820e+01 9.00035858e+01 8.83128815e+01 9.21851730e+01
    9.03463821e+01 8.85150604e+01 8.91529465e+01 9.15680847e+01
    8.90053711e+01 8.50959396e+01 8.96877594e+01 8.38663101e+01
    8.90072708e+01 8.80133286e+01 8.84109421e+01 8.66109009e+01
    8.85569839e+01 8.48217926e+01 8.64787903e+01 8.64255142e+01
    8.69906845e+01 8.73489151e+01 8.73860703e+01 8.83305893e+01
    8.85156403e+01 9.20772400e+01 9.01136551e+01 9.16222458e+01
    9.43752289e+01 9.20465851e+01 8.87938766e+01 9.10835800e+01
    9.82531738e+01 9.36531067e+01 9.15700378e+01 9.06906052e+01
    9.17421036e+01 9.22284698e+01 9.04314041e+01 9.46968384e+01
    9.43745346e+01 9.34831772e+01 9.27539902e+01 9.22381363e+01
    9.23071976e+01 8.98056183e+01 9.14075775e+01 8.98259430e+01
    8.97611008e+01 9.32084045e+01 9.49547577e+01 9.23800125e+01
    9.28508301e+01 9.16898804e+01 9.17191315e+01 9.12227707e+01
    9.12707520e+01 9.27989731e+01 9.08517532e+01 8.95180588e+01
    9.27413406e+01 9.40179062e+01 9.18714752e+01 9.49723892e+01
    9.24016037e+01 9.35354691e+01 9.48943558e+01 9.18190613e+01
    9.77150345e+01 9.33101730e+01 9.04119415e+01 9.21882935e+01
    9.31206741e+01 9.27067719e+01 9.51644516e+01 9.49797974e+01
    9.40293732e+01 9.22611465e+01 8.90819092e+01 8.99735107e+01
    9.16100616e+01 9.26562347e+01 8.90433502e+01 9.39287949e+01
    9.09979172e+01 9.08348618e+01 8.87617493e+01 8.98483124e+01
    9.00575943e+01 8.81414108e+01 8.93451614e+01 8.73981552e+01
    8.65742416e+01 8.57979355e+01 8.66552811e+01 8.63447876e+01
    8.73691864e+01 9.30640106e+01 9.10645905e+01 9.02209854e+01
    9.13400192e+01 8.98043289e+01 8.98895721e+01 9.26959229e+01
    9.20916748e+01 9.12043915e+01 9.11697617e+01 8.84369125e+01
    9.55819016e+01 9.31670074e+01 9.65105438e+01 9.44603653e+01
    9.58622437e+01 9.52361755e+01 9.44521408e+01 9.18395615e+01
    9.62016373e+01 9.32799606e+01 9.31615295e+01 9.42852783e+01
    9.28674240e+01 8.95536194e+01 9.08466415e+01 9.03237228e+01
    9.02651749e+01 9.38044128e+01 9.04699707e+01 8.93732986e+01
    8.85934677e+01 9.03805008e+01 9.17805939e+01 9.19893112e+01
    8.57047882e+01 8.83066025e+01 8.75885315e+01 8.74976807e+01
    8.95597610e+01 8.88350372e+01 9.02079239e+01 9.17368088e+01
    9.08087158e+01 9.32027588e+01 9.17716599e+01 9.30333710e+01
    9.21346588e+01 9.29351044e+01 9.13605652e+01 9.22316742e+01
    9.47681351e+01 9.18367844e+01 9.44115143e+01 9.38307571e+01
    9.47291870e+01 9.05856552e+01 9.24992371e+01 9.29420929e+01
    8.81990356e+01 8.67098541e+01 8.72806015e+01 8.73517609e+01
    8.79371414e+01 9.24291458e+01 9.07833481e+01 9.14919662e+01
    8.96098862e+01 8.85563507e+01 8.95218277e+01 9.13299713e+01
    9.25017166e+01 8.85250778e+01 8.92412567e+01 9.24985352e+01
    9.01342392e+01 9.53780975e+01 9.27002640e+01 9.47664185e+01
    9.52341614e+01 9.30367126e+01 9.28532867e+01 8.96457214e+01
    8.88463593e+01 8.77151871e+01 9.04698257e+01 8.98155899e+01
    9.05150452e+01 8.92637253e+01 8.54290085e+01 8.61762085e+01
    8.55642471e+01 8.87284775e+01 8.84801865e+01 8.66970901e+01
    8.54377365e+01 8.48403778e+01 8.66694412e+01 8.62776108e+01
    8.92363205e+01 8.59070435e+01 8.72184830e+01 8.49821548e+01
    8.92959061e+01 8.90635605e+01 8.76869583e+01 8.84541016e+01
    8.60524139e+01 9.20114212e+01 9.51487274e+01 9.18678589e+01
    9.17911301e+01 9.07548523e+01 8.84744873e+01 8.48767014e+01
    8.71426086e+01 8.68352966e+01 8.93775940e+01 8.85980759e+01
    8.65760651e+01 8.72398453e+01 8.81046066e+01 8.71742935e+01
    8.33672180e+01 8.71091766e+01 8.74440765e+01 8.62287903e+01
    8.28530502e+01 8.25640793e+01 8.67632370e+01 8.23055801e+01
    8.58233337e+01 8.66894684e+01 8.41977539e+01 8.28392792e+01
    8.25538483e+01 8.32333679e+01 8.23890762e+01 8.62394257e+01
    8.79182053e+01 8.58418427e+01 8.92131958e+01 8.76157990e+01
    9.00725021e+01 9.07037964e+01 9.05488510e+01 9.00252686e+01
    8.88233948e+01 8.88031464e+01 8.60994797e+01 9.00730438e+01
    8.83950272e+01 8.77301865e+01 9.18816757e+01 8.86026001e+01
    8.94832458e+01 9.08735428e+01 8.99451141e+01 8.82864685e+01
    8.91271362e+01 9.02886429e+01 8.53019409e+01 8.86812057e+01
    8.90385742e+01 8.67627029e+01 8.93055496e+01 8.96566620e+01
    9.07634125e+01 8.97313080e+01 9.29447403e+01 8.87981033e+01
    9.09968643e+01 9.05994873e+01 9.19179688e+01 9.49916229e+01
    9.11507797e+01 9.15419617e+01 9.26939087e+01 9.25212936e+01
    9.52872467e+01 9.52192154e+01 9.29311142e+01 9.47199707e+01
    9.50705261e+01 9.01103516e+01 9.28261871e+01 9.17382736e+01
    9.06063766e+01 9.36632309e+01 9.54253769e+01 9.34309845e+01
    9.29426270e+01 9.42106018e+01 9.43686523e+01 9.14488831e+01
    9.23358765e+01 9.33248215e+01 9.00306091e+01 9.22339020e+01
    9.11227570e+01 9.09328690e+01 9.37739944e+01 8.99230728e+01
    9.39183273e+01 9.17272949e+01 9.22441940e+01 9.06680832e+01
    9.59926682e+01 9.41303558e+01 9.06437836e+01 9.33354950e+01
    9.12993698e+01 9.23166809e+01 9.29269409e+01 9.34595566e+01
    9.25938568e+01 9.20650558e+01 9.41679916e+01 9.24598541e+01
    9.00632782e+01 9.18490372e+01 9.35367279e+01 9.32278137e+01
    9.17176666e+01 9.22539062e+01 9.11616135e+01 9.28750381e+01
    8.81919556e+01 8.99852905e+01 8.91493683e+01 8.98008881e+01
    9.08668594e+01 8.65523682e+01 9.01925201e+01 8.48913345e+01
    8.64858170e+01 8.78283844e+01 9.11506958e+01 9.24325790e+01
    9.16518097e+01 9.02942963e+01 8.99979324e+01 9.03755875e+01
    9.42776184e+01 9.46163483e+01 9.11099625e+01 9.30915298e+01
    9.08048553e+01 9.29155884e+01 9.46437531e+01 9.48229141e+01
    9.51762009e+01 9.26685104e+01 9.50641632e+01 9.60422287e+01
    9.49027786e+01 9.13993454e+01 9.50153427e+01 9.77538910e+01
    9.41730881e+01 9.09221344e+01 9.23082428e+01 9.16917496e+01
    9.09597855e+01 9.07757645e+01 9.11277008e+01 9.14552078e+01
    9.15838776e+01 9.40018463e+01 9.24361420e+01 9.03190918e+01
    9.28216858e+01 9.15690308e+01 8.99117813e+01 9.26747589e+01
    8.99483032e+01 9.02587662e+01 8.98309479e+01 8.81144714e+01
    8.91969604e+01 8.99964905e+01 9.09171600e+01 9.18286819e+01
    9.13450470e+01 9.25901871e+01 9.18669586e+01 8.96880188e+01
    9.12363663e+01 8.95047684e+01 9.16493759e+01 9.21589050e+01
    8.83854523e+01 9.17116623e+01 8.98575211e+01 9.31055527e+01
    9.00116959e+01 8.87948303e+01 9.03385773e+01 8.86641922e+01
    8.62238312e+01 8.72686310e+01 9.35391922e+01 9.20186691e+01
    8.88935852e+01 9.12964783e+01 8.90302048e+01 8.78762741e+01
    8.90805740e+01 9.15994873e+01 9.20120468e+01 9.44487762e+01
    9.07483139e+01 8.81856232e+01 9.13013153e+01 9.12243347e+01
    9.19196548e+01 9.29070587e+01 9.61562424e+01 9.27424774e+01
    8.94189377e+01 9.19634705e+01 8.79036636e+01 8.91495132e+01
    8.92860489e+01 8.82673492e+01 8.81897430e+01 8.75113373e+01
    8.90617218e+01 8.51720352e+01 8.76093826e+01 8.64968643e+01
    8.78180313e+01 8.75860138e+01 8.83921738e+01 8.70382004e+01
    8.82823410e+01 8.72750549e+01 8.74280472e+01 8.22565002e+01
    8.95097733e+01 8.87533798e+01 8.84179153e+01 8.63699875e+01
    8.78432388e+01 8.69447174e+01 9.08831863e+01 8.65191956e+01
    8.88603287e+01 8.92881241e+01 8.88752441e+01 8.83388214e+01
    8.47769394e+01 8.23068237e+01 8.45459518e+01 8.76056442e+01
    8.78671570e+01 8.70902786e+01 8.51159668e+01 8.70026245e+01
    8.66910782e+01 8.49165878e+01 8.44962540e+01 8.47506943e+01
    8.57303619e+01 8.62947464e+01 8.38937073e+01 8.17180252e+01
    8.57417831e+01 8.72218781e+01 8.75400848e+01 8.71567688e+01
    8.37156601e+01 8.76399612e+01 8.66755447e+01 8.53968277e+01
    8.86022644e+01 8.92868271e+01 8.61090775e+01 8.77942810e+01
    8.98381271e+01 8.88845291e+01 8.87175446e+01 9.34715652e+01
    8.93550110e+01 8.80871201e+01 9.31523056e+01 8.97527008e+01
    8.88659363e+01 9.46875153e+01 9.11392288e+01 9.11590042e+01
    8.95868073e+01 9.38260422e+01 9.08767700e+01 8.95326996e+01
    9.01213760e+01 8.61819611e+01 8.69933853e+01 8.51511536e+01
    8.70587006e+01 8.45911713e+01 8.92003021e+01 9.00888062e+01
    8.98003311e+01 9.03539276e+01 9.19914932e+01 9.24552765e+01
    9.20287933e+01 8.99329300e+01 9.19319763e+01 9.02373123e+01
    9.36018829e+01 9.58579025e+01 9.37556915e+01 9.31297379e+01
    9.49663467e+01 9.64143524e+01 9.54460449e+01 9.37711258e+01
    9.65306244e+01 9.64020309e+01 9.56291122e+01 9.27420197e+01
    9.05822754e+01 9.71827621e+01 9.09975510e+01 9.27067871e+01
    9.31037521e+01 9.51615448e+01 9.18849945e+01 9.31423950e+01
    9.52891541e+01 9.47046204e+01 9.36749115e+01 9.06152802e+01
    9.36221008e+01 9.00530930e+01 9.05811462e+01 9.04965439e+01
    8.87720795e+01 9.36902084e+01 9.17807236e+01 9.24804001e+01
    9.21009140e+01 9.28999710e+01 9.11533432e+01 9.09361038e+01
    9.01491928e+01 9.21354904e+01 9.05945969e+01 9.09186249e+01
    9.32512283e+01 9.35940857e+01 9.46382523e+01 9.21088638e+01
    9.24563904e+01 9.17605743e+01 9.09807968e+01 9.18116989e+01
    8.90551224e+01 9.68102646e+01 9.22547836e+01 9.39890671e+01
    9.01233597e+01 9.16324844e+01 8.97024307e+01 8.56141434e+01
    8.99033661e+01 8.84451981e+01 8.97615967e+01 8.49597092e+01
    8.86149902e+01 8.60493469e+01 8.74234009e+01 8.56771851e+01
    9.00672379e+01 9.15282974e+01 9.08658905e+01 8.95294876e+01
    9.07150269e+01 8.90306931e+01 9.39454269e+01 9.10748444e+01
    8.95921326e+01 8.90315094e+01 9.20136108e+01 9.33073120e+01
    9.21711960e+01 9.00228271e+01 9.14102859e+01 9.33233490e+01
    9.23214645e+01 9.01832352e+01 9.60202255e+01 9.37206116e+01
    9.19468765e+01 9.18524551e+01 9.26498260e+01 9.52906113e+01
    9.75060043e+01 9.27376404e+01 9.25742340e+01 9.43807220e+01
    9.38416824e+01 9.27161789e+01 9.16224899e+01 9.20719376e+01
    9.10306168e+01 9.13326340e+01 9.30632401e+01 9.36064911e+01
    8.84014053e+01 9.24089966e+01 9.04558334e+01 9.35647202e+01
    8.86332626e+01 9.02835083e+01 8.93894043e+01 9.17589798e+01
    9.24755478e+01 9.21991577e+01 9.28709869e+01 8.81956253e+01
    9.24961395e+01 9.13579330e+01 9.20577316e+01 9.12378540e+01
    8.97263565e+01 9.07113342e+01 9.20172882e+01 9.14720001e+01
    9.36979141e+01 8.89594955e+01 9.23721771e+01 9.17970352e+01
    8.70399475e+01 8.72094650e+01 8.72171936e+01 9.00264359e+01
    9.31439362e+01 9.02534866e+01 9.17584991e+01 8.99683075e+01
    9.34692078e+01 9.19503021e+01 9.18936768e+01 9.42267075e+01
    9.04451370e+01 9.44706421e+01 9.19169922e+01 8.96628036e+01
    9.02674713e+01 8.94319839e+01 9.27258301e+01 9.48179245e+01
    9.34577866e+01 9.11545181e+01 9.19276505e+01 8.90807037e+01
    8.95451965e+01 8.89873047e+01 8.75204086e+01 8.94294586e+01
    8.92568512e+01 8.83918457e+01 8.43127975e+01 8.70650711e+01
    8.73155746e+01 8.55415039e+01 8.67801361e+01 8.52988663e+01
    8.84182968e+01 8.65816269e+01 8.72859344e+01 8.82779465e+01
    8.86319275e+01 8.59586029e+01 8.66196213e+01 8.53956070e+01
    8.89972076e+01 8.56694794e+01 8.62669449e+01 8.75940933e+01
    8.78575439e+01 8.59347076e+01 8.97852783e+01 8.60443039e+01
    8.65254974e+01 8.60400620e+01 8.55237732e+01 8.41799850e+01
    8.51288223e+01 8.44865723e+01 8.57682724e+01 8.59072113e+01
    8.51615677e+01 8.61321030e+01 8.51698837e+01 8.67160339e+01
    8.26445236e+01 8.66946259e+01 8.77841110e+01 8.85639572e+01
    8.70880585e+01 8.71897736e+01 8.54519958e+01 8.71722336e+01
    8.58855515e+01 8.87841415e+01 8.88425751e+01 8.94926147e+01
    9.07662125e+01 9.07238846e+01 8.95648270e+01 9.02654877e+01
    8.98022156e+01 9.21603317e+01 8.99589996e+01 9.05468140e+01
    9.01524887e+01 8.94598999e+01 9.18731003e+01 9.20614395e+01
    8.82736206e+01 8.96270294e+01 9.27963486e+01 8.65338669e+01
    8.84200592e+01 8.84648590e+01 9.05639725e+01 8.89196243e+01
    8.83151550e+01 8.52718582e+01 8.73815231e+01 8.82053223e+01
    8.68483200e+01 8.26851196e+01 8.70392990e+01 8.61664963e+01
    8.62625427e+01 8.39285278e+01 9.06502380e+01 9.14939346e+01
    8.98309937e+01 9.07698593e+01 8.52977982e+01 8.81498718e+01
    8.58114777e+01 8.87968369e+01 9.52084732e+01 9.73461075e+01
    9.47497482e+01 9.42922516e+01 9.53852158e+01 9.47858734e+01
    9.29365616e+01 1.01065727e+02 9.34369507e+01 9.44009094e+01
    9.31504211e+01 9.25762405e+01 8.90144806e+01 9.28976440e+01
    9.34789276e+01 9.36538162e+01 9.42011261e+01 9.28261795e+01
    9.54979401e+01 9.42208557e+01 9.31376648e+01 9.12778168e+01
    9.02143326e+01 9.38646469e+01 9.04286041e+01 8.80073929e+01
    8.97222519e+01 9.07838593e+01 9.19620209e+01 9.27729416e+01
    9.38910370e+01 9.12456665e+01 9.05959778e+01 9.42238464e+01
    8.98653641e+01 9.40196762e+01 8.64845886e+01 9.15934677e+01
    9.22400818e+01 9.00368271e+01 8.91828613e+01 8.73870468e+01
    9.36691895e+01 9.23094330e+01 9.14403839e+01 9.07224808e+01
    9.09421997e+01 9.04910660e+01 9.17141571e+01 9.22115479e+01
    9.42486649e+01 8.68305817e+01 9.18292923e+01 8.76892090e+01
    8.77804718e+01 9.03660049e+01 8.75161438e+01 8.85379562e+01
    8.85230103e+01 9.29414673e+01 8.68514175e+01 9.02677536e+01
    8.86513138e+01 8.82745209e+01 9.20921326e+01 8.75130234e+01
    9.32342224e+01 9.03114090e+01 9.15217819e+01 8.80898514e+01
    8.99070053e+01 9.06511841e+01 9.25627441e+01 8.98076553e+01
    9.11705704e+01 9.49978867e+01 9.08488922e+01 9.35417480e+01
    9.36781158e+01 9.55368195e+01 9.49093628e+01 9.49229584e+01
    9.33652573e+01 9.04782486e+01 9.43917160e+01 9.53231125e+01
    9.90650406e+01 9.46997986e+01 9.24751053e+01 9.24472733e+01
    9.27057037e+01 9.46146774e+01 9.13157272e+01 9.26224060e+01
    9.00554428e+01 9.73664322e+01 9.09226074e+01 9.16047058e+01
    9.08508072e+01 9.52416763e+01 9.62843399e+01 9.17044373e+01
    9.02816849e+01 9.02869110e+01 8.79860001e+01 8.99942856e+01
    9.36018524e+01 9.19011230e+01 8.92543640e+01 8.98967896e+01
    9.37541351e+01 8.97337570e+01 9.14262848e+01 9.07720184e+01
    9.37671204e+01 9.10882645e+01 9.29101257e+01 9.30691299e+01
    9.05991440e+01 9.25150299e+01 9.34810867e+01 9.52300034e+01
    8.92283936e+01 9.04147186e+01 8.92437057e+01 8.88367844e+01
    8.80113525e+01 9.03815536e+01 8.85395966e+01 9.18780289e+01
    9.19846420e+01 9.06554184e+01 9.00046997e+01 9.30868378e+01
    9.34843597e+01 9.32217789e+01 9.35205231e+01 9.40078430e+01
    9.05552597e+01 9.00885086e+01 9.17821121e+01 9.26524582e+01
    9.69714661e+01 9.40952835e+01 9.39738083e+01 9.48680115e+01
    8.93339157e+01 9.20260391e+01 8.92375259e+01 9.08856659e+01
    9.26343460e+01 8.75578461e+01 8.83693237e+01 8.83380127e+01
    8.67548981e+01 8.58098145e+01 8.61945343e+01 8.46628342e+01
    8.42452545e+01 8.47980347e+01 8.75189667e+01 8.70049438e+01
    8.47347794e+01 8.46581573e+01 8.45380859e+01 8.49814682e+01
    8.62673645e+01 8.40186768e+01 8.76384277e+01 8.44423218e+01
    8.49731674e+01 8.55960312e+01 8.70224686e+01 8.36357498e+01
    8.47569504e+01 8.77669449e+01 8.39708328e+01 8.76617508e+01
    8.58866043e+01 8.63139038e+01 8.51271896e+01 8.42797699e+01
    8.82005768e+01 8.41572113e+01 8.55454941e+01 8.82425079e+01
    8.75779648e+01 8.42533188e+01 8.78289337e+01 9.00790863e+01
    8.45469666e+01 8.94269867e+01 8.76259079e+01 8.51572723e+01
    8.69626617e+01 9.12425003e+01 8.78023911e+01 8.75708618e+01
    8.63035736e+01 8.74192352e+01 9.01057434e+01 8.78867493e+01
    9.06257858e+01 8.99491577e+01 9.03169098e+01 8.99880981e+01
    8.84911423e+01 8.77302628e+01 9.27728806e+01 9.02822647e+01
    8.77403793e+01 9.08936386e+01 9.03280869e+01 8.76961975e+01
    8.55673294e+01 8.72496109e+01 8.64274750e+01 9.13441238e+01
    8.96887741e+01 8.77432632e+01 8.96005783e+01 8.60238495e+01
    8.51979294e+01 8.40765457e+01 8.77236252e+01 8.39288177e+01
    8.63726425e+01 8.58099442e+01 8.59555511e+01 9.18436737e+01
    8.68490601e+01 8.68078308e+01 8.93791809e+01 8.59032211e+01
    8.90552826e+01 8.35084839e+01 8.78502045e+01 8.46201782e+01
    9.56317673e+01 9.73057022e+01 9.22642899e+01 9.30568924e+01
    9.35509491e+01 9.48474045e+01 9.51672211e+01 9.48970032e+01
    9.68674698e+01 9.78001709e+01 9.50879517e+01 9.19796753e+01
    9.28710098e+01 9.17339325e+01 9.46980972e+01 9.41565628e+01
    9.53343811e+01 9.53481979e+01 9.50504150e+01 9.49943466e+01
    9.60975113e+01 9.36724777e+01 8.83802567e+01 9.15329437e+01
    9.02572937e+01 8.80056534e+01 8.86740570e+01 8.81037979e+01
    9.01335602e+01 9.17011642e+01 9.41113434e+01 9.12492828e+01
    9.10172577e+01 8.98985672e+01 8.94840851e+01 9.48847809e+01
    9.27563629e+01 8.93400574e+01 9.02883148e+01 9.24190369e+01
    9.36382217e+01 9.50289230e+01 9.29173203e+01 9.19936676e+01
    8.99304657e+01 9.00006409e+01 9.17181473e+01 9.20793991e+01
    9.18601379e+01 9.54720688e+01 9.26254120e+01 9.17117996e+01
    9.11208420e+01 8.96402130e+01 8.64504395e+01 8.69495468e+01
    8.88481293e+01 8.78925018e+01 9.03129120e+01 8.88346786e+01
    8.88934326e+01 9.07813568e+01 9.16170959e+01 8.79099274e+01
    9.35196609e+01 9.22200394e+01 9.31194153e+01 9.20105591e+01
    8.75852280e+01 9.07874680e+01 9.14259186e+01 9.25257187e+01
    9.31743088e+01 9.18399734e+01 9.23203583e+01 9.41764603e+01
    9.50017319e+01 9.30640335e+01 9.27847824e+01 9.37743225e+01
    9.23323135e+01 9.27849503e+01 8.98780136e+01 9.48431778e+01
    8.99305496e+01 9.01967468e+01 9.18656311e+01 9.25826340e+01
    8.98408813e+01 9.19650955e+01 9.37762756e+01 9.11793137e+01
    9.23920898e+01 9.38702850e+01 9.12651062e+01 9.09163132e+01
    9.21871796e+01 9.49111938e+01 9.07495193e+01 9.41873245e+01
    9.35994339e+01 8.95021591e+01 9.36971054e+01 8.83378830e+01
    9.02773361e+01 8.92973480e+01 9.47919006e+01 9.25948486e+01
    9.23471985e+01 9.01175613e+01 9.16261139e+01 8.72604294e+01
    9.09540253e+01 9.11100082e+01 8.76463318e+01 8.89421463e+01
    8.84997864e+01 9.08287964e+01 9.30850296e+01 9.08985596e+01
    9.33230057e+01 8.93896790e+01 9.19665070e+01 9.07047577e+01
    8.71566391e+01 8.79849777e+01 8.85670929e+01 8.95376511e+01
    9.07487564e+01 9.09281998e+01 9.45469971e+01 9.38491440e+01
    9.07152786e+01 9.27195511e+01 9.19479904e+01 9.21887207e+01
    9.11484451e+01 9.27371674e+01 9.22293015e+01 9.22879257e+01
    9.18437576e+01 9.17429962e+01 9.10992050e+01 9.16055222e+01
    9.35141754e+01 9.17988510e+01 9.08718338e+01 8.81004105e+01
    8.58004913e+01 8.64291534e+01 8.55043335e+01 8.74620972e+01
    8.66185608e+01 8.57278900e+01 8.43275681e+01 8.30496979e+01
    8.40152206e+01 8.56379166e+01 8.77138290e+01 8.41868591e+01
    8.54740448e+01 8.66595612e+01 8.68785248e+01 8.63262405e+01
    8.44441986e+01 8.51950760e+01 8.47728424e+01 8.76040802e+01
    8.93781586e+01 8.44678040e+01 8.80198898e+01 8.74033356e+01
    8.57031403e+01 8.48697739e+01 8.91964951e+01 8.57951736e+01
    8.74963989e+01 8.39344559e+01 8.35871735e+01 8.58227692e+01
    8.36242218e+01 8.63882446e+01 8.48897476e+01 8.78572006e+01
    8.63459091e+01 8.61269073e+01 8.60653915e+01 8.88158722e+01
    8.77508087e+01 8.59362717e+01 8.91075211e+01 8.61520157e+01
    8.62454376e+01 8.74181824e+01 8.69107895e+01 8.63925095e+01
    8.62255173e+01 8.85229874e+01 8.57165985e+01 8.89801712e+01
    8.63880386e+01 9.15211487e+01 9.13235016e+01 9.34580994e+01
    8.70394363e+01 9.00006790e+01 8.90280075e+01 8.68691330e+01
    8.64457474e+01 8.85168610e+01 8.98021622e+01 8.92143478e+01
    8.98243790e+01 8.98381882e+01 9.09295120e+01 9.07275314e+01
    8.97167206e+01 9.13836365e+01 8.79001770e+01 8.87970886e+01
    8.80179138e+01 8.59929123e+01 8.53949203e+01 8.80029297e+01
    8.76550293e+01 8.54391556e+01 8.81359787e+01 8.58215256e+01
    8.55597763e+01 8.33057175e+01 8.86302490e+01 8.68152237e+01
    8.66352768e+01 8.71138458e+01 8.99556961e+01 8.48535614e+01
    8.42948532e+01 8.43369598e+01 9.53207550e+01 9.39804459e+01
    9.63976212e+01 9.30122757e+01 9.69844131e+01 9.48185730e+01
    9.52774734e+01 9.55091248e+01 9.55523300e+01 9.59588699e+01
    9.16532745e+01 9.28224945e+01 8.88147964e+01 9.04396133e+01
    9.22103882e+01 9.67462769e+01 9.14271698e+01 9.59065933e+01
    9.59891739e+01 9.72198105e+01 9.27462769e+01 9.02288895e+01
    9.29495316e+01 8.83955307e+01 9.03997574e+01 8.72636185e+01
    9.10829620e+01 8.89913635e+01 9.15237503e+01 9.34251022e+01
    9.06893997e+01 9.20456161e+01 9.16872101e+01 9.27231903e+01
    9.29778214e+01 9.38717117e+01 9.12515945e+01 9.10468597e+01
    8.91639023e+01 8.85068436e+01 8.88698807e+01 9.09013138e+01
    9.06429138e+01 9.21836777e+01 9.33317337e+01 9.21366730e+01
    9.19937744e+01 9.35782623e+01 9.46685104e+01 9.64393921e+01
    9.48124771e+01 9.38554688e+01 9.16713715e+01 9.15828857e+01
    8.64403152e+01 8.96838074e+01 9.10205231e+01 8.97935028e+01
    9.02825012e+01 8.96918182e+01 8.87607117e+01 8.69100494e+01
    8.92621536e+01 8.63184280e+01 9.36208725e+01 9.09727249e+01
    9.29998703e+01 9.54359589e+01 9.07165604e+01 9.02572784e+01
    9.03768463e+01 9.38664932e+01 9.16501999e+01 9.30988998e+01
    9.02861481e+01 9.30434647e+01 9.26506119e+01 8.96145020e+01
    9.20600281e+01 9.25554504e+01 9.10184097e+01 9.38193893e+01
    9.46246490e+01 8.88708496e+01 9.09381485e+01 9.26380157e+01
    9.13682632e+01 9.59410934e+01 9.19146576e+01 9.10623093e+01
    9.24848633e+01 9.34616394e+01 9.26571732e+01 9.28098755e+01
    9.34437103e+01 9.21320801e+01 9.67443314e+01 9.12697220e+01
    9.25756302e+01 9.62800369e+01 9.38946381e+01 9.17972336e+01
    8.89565735e+01 9.05897598e+01 8.99388580e+01 9.26319046e+01
    9.35174866e+01 9.23421783e+01 9.19914474e+01 8.96588364e+01
    9.24646988e+01 8.95725479e+01 8.93554459e+01 8.92143021e+01
    8.66149750e+01 8.98877258e+01 8.88605957e+01 9.25300598e+01
    8.63983154e+01 9.05559998e+01 9.05567627e+01 8.91581802e+01
    9.03350754e+01 8.66977539e+01 8.99639740e+01 8.89157944e+01
    8.80546112e+01 8.82672653e+01 9.34234390e+01 9.05326843e+01
    9.17288818e+01 9.42697906e+01 9.20086899e+01 9.27546387e+01
    9.24971466e+01 9.58257141e+01 9.13650131e+01 9.37495575e+01
    9.43457260e+01 9.18389816e+01 9.39464569e+01 9.43620148e+01
    9.42770615e+01 9.42138290e+01 9.55240021e+01 9.11419907e+01
    9.01504288e+01 8.64869080e+01 8.67492599e+01 8.96574478e+01
    8.99222794e+01 8.90853806e+01 8.73345413e+01 8.28946075e+01
    8.57023315e+01 8.53526917e+01 8.64375381e+01 8.73907089e+01
    8.46516342e+01 8.91229019e+01 8.96475830e+01 8.63910980e+01
    8.51470490e+01 8.57793427e+01 8.54421616e+01 8.26204758e+01
    8.99354477e+01 8.65127411e+01 8.59826813e+01 8.69999847e+01
    8.76991882e+01 8.62858047e+01 8.90456772e+01 8.40791550e+01
    8.67090836e+01 8.50622025e+01 8.61361694e+01 8.44706650e+01
    8.34871979e+01 8.29014740e+01 8.49768219e+01 8.76544800e+01
    8.50013733e+01 8.90897675e+01 8.74174500e+01 8.78679123e+01
    8.66104050e+01 8.69725952e+01 8.79555130e+01 8.93343430e+01
    8.63105698e+01 8.64257660e+01 8.62028351e+01 8.72872086e+01
    8.55932083e+01 8.81716919e+01 9.23572540e+01 8.96165771e+01
    8.89327927e+01 9.16882706e+01 9.04725418e+01 9.09147415e+01
    9.18207550e+01 9.05265427e+01 8.54156799e+01 8.52268829e+01
    8.89641571e+01 8.77205734e+01 8.75141144e+01 8.79299774e+01
    8.94676285e+01 9.12522964e+01 9.56826859e+01 8.87893372e+01
    9.03220520e+01 8.90707397e+01 9.05763092e+01 8.70191956e+01
    8.61123581e+01 8.69398651e+01 8.62277374e+01 8.08106232e+01
    8.44367523e+01 8.20912933e+01 8.46229324e+01 8.26449814e+01
    8.81967316e+01 8.78028946e+01 8.51509247e+01 8.70775757e+01
    8.60978546e+01 8.41900711e+01 8.79976120e+01 8.59636078e+01
    8.71198654e+01 8.51524124e+01 8.41239471e+01 8.45070419e+01
    9.71994934e+01 9.49942322e+01 9.76265640e+01 9.49256897e+01
    9.33409195e+01 9.30450363e+01 9.47585373e+01 9.23655930e+01
    9.36126938e+01 9.47281342e+01 9.15153580e+01 9.26560287e+01
    9.32607040e+01 9.09685287e+01 9.02412643e+01 9.39135361e+01
    9.43841171e+01 9.40218124e+01 9.34712372e+01 9.50381317e+01
    9.50686874e+01 9.29789429e+01 9.00555649e+01 9.29597931e+01
    9.17295532e+01 8.91150589e+01 9.17041626e+01 9.06154633e+01
    9.28513794e+01 9.10921707e+01 9.28787537e+01 9.23629379e+01
    9.05874100e+01 9.33161774e+01 9.50182419e+01 9.21124802e+01
    9.38570328e+01 9.15125732e+01 9.02755432e+01 8.87724380e+01
    8.95040054e+01 8.88753815e+01 8.90869293e+01 9.16751938e+01
    9.03189240e+01 9.14510193e+01 9.21972198e+01 8.97275543e+01
    9.43219681e+01 9.59529724e+01 9.35816727e+01 9.12484741e+01
    8.82770004e+01 8.93582382e+01 8.77076950e+01 8.97702560e+01
    8.81865997e+01 9.00519943e+01 9.25526733e+01 9.06793594e+01
    8.84314270e+01 8.84778976e+01 8.90998306e+01 9.03858643e+01
    9.50308762e+01 9.31887970e+01 9.46800461e+01 8.94411011e+01
    9.19088440e+01 8.85094223e+01 9.45059204e+01 9.17136765e+01
    9.23108673e+01 9.07606735e+01 8.91374664e+01 9.21444092e+01
    9.37411423e+01 9.09834824e+01 9.22210083e+01 9.22271805e+01
    9.12870102e+01 9.36196518e+01 9.20683136e+01 9.09718781e+01
    9.21709213e+01 9.00428696e+01 9.34786072e+01 9.28519363e+01
    9.41952209e+01 9.10225983e+01 9.29282303e+01 9.36112137e+01
    9.51719055e+01 9.56912231e+01 9.15307846e+01 9.18824387e+01
    9.46960068e+01 9.40954285e+01 8.92222290e+01 9.37529449e+01
    9.11087112e+01 9.27271500e+01 8.85561523e+01 8.98734818e+01
    9.21549377e+01 9.18977356e+01 9.08730087e+01 9.16755371e+01
    8.80714874e+01 9.07531052e+01 8.83316193e+01 8.89715500e+01
    8.51942062e+01 8.81793594e+01 8.87453079e+01 8.52091522e+01
    8.92798843e+01 8.83230133e+01 9.02826538e+01 8.73159256e+01
    8.86079559e+01 8.76926193e+01 9.18561478e+01 8.87110672e+01
    8.60542908e+01 8.72182693e+01 8.75143738e+01 9.02953033e+01
    8.91042252e+01 9.23905640e+01 9.27182617e+01 9.05086746e+01
    9.21764450e+01 8.96352692e+01 9.16615219e+01 9.55288239e+01
    9.01324997e+01 9.35171051e+01 9.20826416e+01 9.02959061e+01
    8.78434753e+01 9.34437943e+01 9.24174347e+01 9.36059952e+01
    9.49385605e+01 9.32516022e+01 9.30052719e+01 9.15142899e+01
    9.14291840e+01 9.04618073e+01 8.85552597e+01 9.05154724e+01
    8.70038376e+01 8.82445526e+01 8.32891541e+01 8.82912369e+01
    8.64821167e+01 8.35417633e+01 8.75901871e+01 8.59759750e+01
    8.65741043e+01 8.67166519e+01 8.75681763e+01 8.48103561e+01
    8.38883591e+01 8.19677124e+01 8.44092407e+01 8.51923828e+01
    8.80095062e+01 8.75422211e+01 8.88935852e+01 8.47337036e+01
    8.36035995e+01 8.49431763e+01 8.57354584e+01 8.29886398e+01
    8.82675323e+01 8.48205338e+01 8.40502548e+01 8.28262634e+01
    8.66072006e+01 8.42486267e+01 8.87205353e+01 8.96091309e+01
    8.63783646e+01 9.16394806e+01 8.87147675e+01 8.98359451e+01
    8.92394409e+01 9.22036362e+01 8.84494247e+01 9.12240829e+01
    8.82551575e+01 9.13048630e+01 8.74179230e+01 9.03896103e+01
    9.16850204e+01 9.22938614e+01 8.96644974e+01 9.13567047e+01
    9.14397812e+01 9.05927505e+01 9.24477692e+01 9.25895309e+01
    8.77424927e+01 8.74377823e+01 8.52109528e+01 8.69316483e+01
    8.49880371e+01 8.86248932e+01 9.15262146e+01 9.04054260e+01
    8.76391220e+01 8.85566254e+01 8.72336044e+01 8.82423477e+01
    8.88364868e+01 8.65342712e+01 8.79496155e+01 8.65697861e+01
    8.74581299e+01 8.38934097e+01 8.45285416e+01 8.27086182e+01
    8.73336411e+01 8.21322708e+01 8.62433853e+01 8.56450958e+01
    8.50914154e+01 8.23239746e+01 8.59814758e+01 8.61356430e+01
    8.46526718e+01 8.66375732e+01 8.48019867e+01 8.26976318e+01
    8.52721252e+01 8.34774933e+01 9.59469681e+01 9.47269592e+01
    9.36719437e+01 9.33795166e+01 9.13464050e+01 9.44508362e+01
    9.42002182e+01 9.51673584e+01 9.44890671e+01 9.36488647e+01
    9.75424042e+01 9.29434662e+01 9.55307312e+01 9.27035522e+01
    9.34607697e+01 9.63594818e+01 9.55289993e+01 9.73312683e+01
    9.41160812e+01 9.68196487e+01 9.35421295e+01 9.47808304e+01
    9.43590622e+01 9.25460281e+01 9.23729858e+01 9.32211761e+01
    9.06267929e+01 9.36646652e+01 9.23312759e+01 9.13626862e+01
    9.05032349e+01 9.05852127e+01 9.14989471e+01 9.02504349e+01
    9.23321304e+01 8.90332565e+01 9.09796524e+01 9.09044952e+01
    8.94849243e+01 8.62483673e+01 8.95901718e+01 8.81218033e+01
    9.38593903e+01 9.01672363e+01 9.00066528e+01 9.03444977e+01
    9.15670471e+01 9.03095703e+01 8.77615356e+01 9.26905594e+01
    8.92611847e+01 9.22577209e+01 8.71790924e+01 8.84007339e+01
    8.91787033e+01 8.91496964e+01 8.52075958e+01 8.82988358e+01
    9.15731354e+01 8.96383286e+01 8.90582657e+01 8.78111725e+01
    8.92453690e+01 8.71862335e+01 8.95880585e+01 9.16202927e+01
    9.12946472e+01 9.20564804e+01 9.04781723e+01 8.79058914e+01
    9.16992798e+01 9.28467178e+01 9.22364273e+01 9.24244537e+01
    8.98998032e+01 9.38740463e+01 9.33213425e+01 8.96230774e+01
    9.23883972e+01 9.17066040e+01 9.41220016e+01 9.50057602e+01
    9.21831970e+01 9.11382065e+01 9.32907104e+01 9.04879227e+01
    9.22582855e+01 9.44839172e+01 8.90519562e+01 9.14852371e+01
    9.34853439e+01 9.28219910e+01 9.36514359e+01 9.39516602e+01
    9.03733902e+01 9.09385452e+01 9.53676224e+01 9.19531097e+01
    9.43393021e+01 9.37458725e+01 9.32095642e+01 9.10500641e+01
    9.34981995e+01 9.03313599e+01 9.14054184e+01 9.11018219e+01
    8.99762192e+01 9.47689209e+01 9.15403748e+01 8.87342529e+01
    8.94697952e+01 8.97745056e+01 8.51132278e+01 8.58734436e+01
    8.75952682e+01 8.83189240e+01 8.52808228e+01 8.86537857e+01
    8.82119675e+01 8.98747177e+01 9.03032913e+01 9.21504669e+01
    8.89317017e+01 8.64172211e+01 8.70537033e+01 8.39931183e+01
    8.72666931e+01 8.72819824e+01 8.66055832e+01 8.94235611e+01
    9.14936752e+01 9.09288254e+01 8.84170227e+01 8.94973984e+01
    8.94909515e+01 9.32349319e+01 9.53624573e+01 9.01758881e+01
    9.16996994e+01 9.41681519e+01 9.25124283e+01 9.21785812e+01
    9.17743759e+01 9.52418747e+01 9.23914490e+01 9.39424591e+01
    9.21191330e+01 9.39282913e+01 8.87442627e+01 9.15442352e+01
    9.06509171e+01 8.75240097e+01 8.82112045e+01 8.99331970e+01
    8.53375244e+01 8.63084946e+01 8.38644104e+01 8.65978012e+01
    8.59620972e+01 8.64315109e+01 8.69822769e+01 8.73109894e+01
    8.59659119e+01 8.34923401e+01 8.35852203e+01 8.37463531e+01
    8.57503128e+01 8.71640015e+01 8.71077499e+01 8.35831909e+01
    8.53957291e+01 8.66370697e+01 8.55792770e+01 8.48022385e+01
    8.70568314e+01 8.71413803e+01 8.83382568e+01 8.61455917e+01
    8.56460037e+01 8.61260071e+01 8.70327682e+01 8.62634583e+01
    9.21484528e+01 8.97811203e+01 8.88574142e+01 9.10449448e+01
    9.14818802e+01 9.08412247e+01 9.15493546e+01 9.20982971e+01
    9.38636932e+01 8.72244415e+01 9.09976730e+01 9.06993484e+01
    9.03298111e+01 9.24658356e+01 9.05700150e+01 9.40343704e+01
    9.25550537e+01 9.07775192e+01 8.95870209e+01 9.52840195e+01
    8.76138458e+01 9.11720963e+01 8.90254669e+01 8.87880096e+01
    8.90680542e+01 8.80528259e+01 8.78296967e+01 8.92055283e+01
    8.79055176e+01 9.30724335e+01 9.18826599e+01 9.08565140e+01
    8.93464203e+01 9.20431900e+01 9.22593079e+01 8.99794769e+01
    8.76173553e+01 8.83146133e+01 9.10565796e+01 8.67946396e+01
    8.78093414e+01 8.92656403e+01 8.73861160e+01 8.82563400e+01
    8.90536957e+01 8.60694122e+01 8.79811707e+01 8.65932159e+01
    8.68571014e+01 8.55664673e+01 8.76254959e+01 8.54381485e+01
    8.62136765e+01 8.62469254e+01 8.34466858e+01 8.42047577e+01
    9.30956192e+01 9.72010574e+01 9.30089188e+01 9.39438782e+01
    9.35922699e+01 9.49305115e+01 9.66166916e+01 9.35197830e+01
    9.64030151e+01 9.46664047e+01 9.28739777e+01 9.13004456e+01
    9.31760330e+01 9.23355637e+01 9.39989166e+01 9.42361755e+01
    9.70671997e+01 9.71729965e+01 9.46586456e+01 9.69883118e+01
    9.64162750e+01 9.51170273e+01 9.26536026e+01 9.53136597e+01
    9.06210022e+01 9.34222870e+01 9.44623489e+01 9.16667252e+01
    9.26270676e+01 9.06581573e+01 9.40737305e+01 8.94484940e+01
    8.98651428e+01 9.25751953e+01 9.29699097e+01 9.22558594e+01
    9.37755585e+01 8.74608688e+01 8.56907272e+01 8.69797897e+01
    8.59677048e+01 8.47443237e+01 8.83250656e+01 8.81441879e+01
    8.92426605e+01 8.98615341e+01 8.99296646e+01 8.55412216e+01
    8.71278152e+01 9.04863968e+01 9.08309631e+01 8.85537415e+01
    8.67105789e+01 8.68544540e+01 8.52981873e+01 8.55914230e+01
    8.98498001e+01 8.83681793e+01 8.81930389e+01 9.04436646e+01
    8.95513000e+01 8.80026016e+01 8.47637253e+01 8.60813217e+01
    9.04374924e+01 8.88183136e+01 8.85783463e+01 9.19478607e+01
    8.88572540e+01 9.00394897e+01 9.10427246e+01 9.30144043e+01
    8.99067001e+01 9.24364624e+01 9.15351410e+01 9.31419830e+01
    8.98278198e+01 9.11033859e+01 9.04314194e+01 9.39898071e+01
    9.20366516e+01 9.22354355e+01 8.99658661e+01 9.03258286e+01
    8.97842484e+01 8.85622711e+01 9.02365723e+01 9.06307220e+01
    8.93387070e+01 8.96576920e+01 9.15499268e+01 9.07288208e+01
    9.16374207e+01 9.38791504e+01 9.11218491e+01 9.09386215e+01
    9.48045197e+01 9.12531052e+01 9.23300400e+01 9.16650085e+01
    9.61060638e+01 9.35997467e+01 9.02502823e+01 9.08506393e+01
    9.18202972e+01 9.19602585e+01 8.96460419e+01 9.51650696e+01
    8.82997360e+01 8.90563354e+01 8.74992065e+01 8.91130676e+01
    8.67560501e+01 8.61678925e+01 9.05106049e+01 8.82273483e+01
    8.81061707e+01 8.84899979e+01 8.84330750e+01 9.09239197e+01
    8.69076996e+01 9.08880997e+01 8.56631546e+01 9.09985275e+01
    8.95020599e+01 8.58814163e+01 8.71362305e+01 8.82212601e+01
    9.15545807e+01 8.88079300e+01 9.04615860e+01 8.93230743e+01
    8.85533524e+01 9.32920609e+01 9.08047638e+01 9.11252060e+01
    9.43541794e+01 9.11272202e+01 9.03378983e+01 9.00570526e+01
    9.35973206e+01 9.10568390e+01 8.95195923e+01 9.19139099e+01
    9.16753693e+01 9.05673294e+01 9.09658737e+01 9.09541626e+01
    8.68908997e+01 9.02352219e+01 8.84446259e+01 9.11328964e+01
    8.78288879e+01 8.48040237e+01 8.71080780e+01 8.52881241e+01
    8.60729141e+01 8.49717636e+01 8.62795868e+01 8.55657349e+01
    8.90223465e+01 8.80579987e+01 8.79542084e+01 8.62217178e+01
    8.75431366e+01 8.67629318e+01 8.49909592e+01 8.56694870e+01
    9.08794861e+01 8.63888550e+01 8.82142105e+01 8.43472519e+01
    8.67332153e+01 8.79802933e+01 8.62535400e+01 8.79073334e+01
    9.00872955e+01 8.87250214e+01 8.91900101e+01 9.07936478e+01
    8.86902313e+01 8.64303818e+01 9.09433670e+01 8.92476730e+01
    8.96193848e+01 8.98899765e+01 9.34286041e+01 8.90793915e+01
    9.24187546e+01 9.09154053e+01 9.19655075e+01 9.05705109e+01
    8.83442459e+01 8.92427444e+01 9.09846268e+01 9.13969955e+01
    9.00976868e+01 9.66299210e+01 9.12906952e+01 9.19248810e+01
    9.14826965e+01 8.71868362e+01 8.74940567e+01 8.96571426e+01
    8.57824707e+01 8.49321136e+01 8.69273376e+01 8.72546310e+01
    8.99383545e+01 8.86294708e+01 9.14163589e+01 9.11561432e+01
    8.76854172e+01 9.02837448e+01 8.61033707e+01 8.65258942e+01
    8.70274582e+01 8.90134277e+01 9.07332306e+01 9.00773468e+01
    9.24632874e+01 8.77493896e+01 8.82620087e+01 8.47939148e+01
    9.13142624e+01 8.86848907e+01 8.83980103e+01 8.82551041e+01
    8.70550079e+01 8.91899338e+01 8.97020798e+01 9.11515808e+01
    8.96643143e+01 8.83372498e+01 8.50728378e+01 8.66821594e+01
    8.54761810e+01 8.55529633e+01 9.45079041e+01 9.67828293e+01
    9.51137772e+01 9.49552383e+01 9.38709412e+01 9.07974472e+01
    9.23257446e+01 9.36963501e+01 9.10405273e+01 8.85195389e+01
    9.26877136e+01 9.38835220e+01 9.17256241e+01 9.30214691e+01
    8.92312469e+01 9.42440872e+01 9.41250839e+01 9.43611298e+01
    9.17907181e+01 9.21871567e+01 9.49115829e+01 9.10336227e+01
    9.15514908e+01 9.52069016e+01 9.11502609e+01 9.02837830e+01
    9.20524750e+01 9.03405380e+01 9.00811157e+01 9.20870285e+01
    9.11003723e+01 9.18350906e+01 9.24353409e+01 8.93672180e+01
    9.18944931e+01 9.17253113e+01 8.96803131e+01 8.59883957e+01
    8.97925110e+01 8.47460327e+01 8.54368134e+01 8.76387177e+01
    8.97115936e+01 8.47756958e+01 8.89131012e+01 8.73113785e+01
    8.73562546e+01 8.94554291e+01 8.99370651e+01 8.98816071e+01
    9.08738785e+01 8.74355087e+01 8.96363449e+01 8.60764313e+01
    8.57670746e+01 8.67680817e+01 8.94096298e+01 8.87896805e+01
    8.99296875e+01 9.31850967e+01 8.83042450e+01 8.98483200e+01
    8.72380142e+01 8.63719177e+01 9.14289246e+01 9.06627731e+01
    8.94145126e+01 8.80269318e+01 8.87940826e+01 9.09398422e+01
    9.14614944e+01 9.04236450e+01 9.26472397e+01 9.24694443e+01
    8.94004211e+01 8.92203445e+01 9.10331726e+01 9.06224747e+01
    9.07285690e+01 8.86285324e+01 9.02801132e+01 8.93722687e+01
    8.99448547e+01 9.03821793e+01 9.24622726e+01 8.84188080e+01
    9.28271866e+01 9.18308716e+01 8.75825043e+01 9.09365158e+01
    9.25278397e+01 9.00436096e+01 9.07603226e+01 9.15767517e+01
    9.13752899e+01 9.27266159e+01 8.96750336e+01 9.21911850e+01
    9.31519165e+01 9.10528488e+01 9.02164917e+01 9.05136566e+01
    8.85693970e+01 8.88850555e+01 8.95067520e+01 8.96901779e+01
    9.34407806e+01 9.20067902e+01 8.87694855e+01 8.84509811e+01
    8.93893661e+01 8.87164230e+01 8.70208206e+01 8.72610626e+01
    8.67139282e+01 8.90027237e+01 8.96307373e+01 8.59524765e+01
    8.93089600e+01 8.75107422e+01 9.04720764e+01 8.90471344e+01
    8.76559601e+01 8.72773895e+01 8.60016479e+01 8.64063263e+01
    8.49997864e+01 8.83432922e+01 8.79528046e+01 9.08618317e+01
    8.91966629e+01 8.85226593e+01 8.73260422e+01 8.91528931e+01
    8.84433289e+01 8.86464539e+01 8.98177490e+01 9.00469971e+01
    9.18760376e+01 8.75835953e+01 8.91184235e+01 8.89534225e+01
    9.11431808e+01 9.02351913e+01 9.14825439e+01 8.81207886e+01
    9.02321854e+01 8.59950867e+01 8.66968460e+01 8.66980438e+01
    8.84707108e+01 8.76553421e+01 8.67749710e+01 8.80601578e+01
    8.64652100e+01 8.69887161e+01 8.43370743e+01 8.42260971e+01
    8.27202759e+01 8.54572601e+01 8.86832962e+01 8.49934769e+01
    8.64523315e+01 8.64114914e+01 8.65876083e+01 8.34930954e+01
    8.55616531e+01 9.10151901e+01 8.67222443e+01 8.63602905e+01
    8.42826462e+01 8.76307449e+01 8.56700897e+01 8.41128311e+01
    8.72739716e+01 8.74234543e+01 9.11561813e+01 8.80585251e+01
    8.67411346e+01 8.54504547e+01 8.77199402e+01 8.77572784e+01
    9.23596649e+01 9.20532074e+01 9.22588806e+01 8.95726089e+01
    9.30219955e+01 9.12731247e+01 9.13663330e+01 9.01149521e+01
    9.03594131e+01 9.11235046e+01 9.12464523e+01 9.36762466e+01
    9.01424332e+01 9.49448853e+01 9.64682312e+01 9.51451950e+01
    9.08341827e+01 9.19225922e+01 9.20578537e+01 9.02913361e+01
    9.02599335e+01 9.33414078e+01 8.76362915e+01 9.01789169e+01
    8.78060989e+01 8.99588699e+01 9.13287048e+01 8.87881393e+01
    9.14713516e+01 9.09256592e+01 9.29217300e+01 8.88162613e+01
    8.97650223e+01 8.60709991e+01 9.02403946e+01 9.09763107e+01
    9.08716049e+01 8.92214127e+01 8.97446823e+01 8.94626083e+01
    9.06507950e+01 9.20356674e+01 9.26346436e+01 8.94721146e+01
    9.12995148e+01 8.79897842e+01 9.09281387e+01 8.79804153e+01
    9.00337830e+01 8.80944290e+01 8.88990479e+01 8.81579285e+01
    8.90127029e+01 8.67649612e+01 8.78151245e+01 8.48350067e+01
    9.32356110e+01 9.15235901e+01 9.49846344e+01 9.42459717e+01
    9.26948318e+01 9.15521240e+01 9.33897400e+01 9.25852051e+01
    9.25643768e+01 9.44552765e+01 8.97974014e+01 8.95677032e+01
    9.08673477e+01 9.19017029e+01 9.30441284e+01 9.30544739e+01
    9.27608337e+01 9.50510330e+01 9.47566986e+01 9.41116562e+01
    9.30285873e+01 9.50839005e+01 9.27151642e+01 9.28794098e+01
    9.34799500e+01 8.82319717e+01 9.15405960e+01 8.99557419e+01
    9.08025894e+01 9.18609314e+01 9.02187195e+01 8.87190933e+01
    8.61074600e+01 8.99484940e+01 9.11967392e+01 9.25916519e+01
    8.70952377e+01 8.91021423e+01 8.81899643e+01 8.61748734e+01
    8.48955688e+01 8.57796402e+01 8.78572311e+01 8.89488983e+01
    9.19273987e+01 8.73350601e+01 8.84898605e+01 8.77324524e+01
    8.91297226e+01 8.96674957e+01 9.46622314e+01 8.54465103e+01
    8.73638916e+01 8.69811935e+01 8.67862701e+01 8.55640869e+01
    8.60547180e+01 8.93724899e+01 8.79998398e+01 8.65482635e+01
    8.62911377e+01 8.98088608e+01 8.60886765e+01 8.48459015e+01
    9.06871567e+01 8.77787018e+01 8.95525818e+01 8.79468002e+01
    8.82162704e+01 8.80679855e+01 8.98879852e+01 8.96712799e+01
    9.03221893e+01 9.18667755e+01 8.77129974e+01 9.36716232e+01
    8.86511917e+01 8.86714859e+01 9.04875031e+01 8.88721161e+01
    9.05507965e+01 8.92818375e+01 9.10083313e+01 9.10923920e+01
    9.17054749e+01 9.01327972e+01 9.01643600e+01 9.09631042e+01
    8.74665298e+01 9.12928009e+01 8.70729523e+01 8.99890976e+01
    8.84825668e+01 9.25333633e+01 9.04368439e+01 9.20836563e+01
    9.14438171e+01 8.91814957e+01 9.37632294e+01 9.18600998e+01
    9.39332581e+01 8.99393082e+01 9.11037750e+01 9.25544586e+01
    9.18203735e+01 9.15571289e+01 9.16242065e+01 9.26530457e+01
    9.04291306e+01 8.81549530e+01 8.72791519e+01 8.82034988e+01
    8.61204529e+01 8.61921158e+01 8.66374817e+01 8.98719559e+01
    8.86580658e+01 8.94320984e+01 8.72895889e+01 8.93183136e+01
    8.82798080e+01 8.89085846e+01 8.76408310e+01 9.16903076e+01
    8.63745880e+01 8.64501648e+01 8.64919281e+01 8.82106400e+01
    8.94315338e+01 8.95399323e+01 8.71174622e+01 9.05909271e+01
    8.95846786e+01 8.82220459e+01 8.76476288e+01 8.92671738e+01
    8.94077301e+01 8.93956375e+01 9.09024200e+01 8.71728821e+01
    9.29421310e+01 9.16761169e+01 9.03795471e+01 8.96993484e+01
    9.46591949e+01 8.94321518e+01 9.04998016e+01 8.99628906e+01
    8.62108917e+01 8.61686325e+01 8.74264603e+01 8.96508255e+01
    8.68536301e+01 8.72620850e+01 8.51591187e+01 8.49542313e+01
    8.74250870e+01 8.81519699e+01 8.50093384e+01 8.18818512e+01
    8.59660110e+01 8.89745407e+01 8.47375412e+01 8.35688858e+01
    8.43955994e+01 8.53330383e+01 8.76217728e+01 8.79162216e+01
    8.52428207e+01 8.66998825e+01 8.65715485e+01 8.72044373e+01
    8.60184784e+01 9.09389725e+01 8.75416641e+01 8.83512039e+01
    9.21071854e+01 8.79306946e+01 8.49286499e+01 8.72456436e+01
    8.86446609e+01 8.65471039e+01 9.09096909e+01 8.73898468e+01
    9.00825272e+01 9.11341095e+01 9.37628174e+01 9.47999496e+01
    9.45429077e+01 9.01613007e+01 9.25476532e+01 8.99690094e+01
    8.92352142e+01 9.00224228e+01 9.41330795e+01 9.42250137e+01
    9.54862061e+01 9.11381226e+01 8.96906052e+01 9.15097580e+01
    8.99935608e+01 8.89820328e+01 8.58701096e+01 8.82501984e+01
    8.50352173e+01 8.38533783e+01 9.01464233e+01 8.53450928e+01
    8.82845917e+01 9.07518768e+01 9.02290497e+01 8.66092758e+01
    9.12075272e+01 8.63153152e+01 8.92137985e+01 8.87148285e+01
    8.94346008e+01 9.07647095e+01 9.03703918e+01 9.15616455e+01
    9.32544708e+01 8.86426468e+01 9.20138931e+01 9.00671616e+01
    8.95564651e+01 9.16316223e+01 9.21085129e+01 8.81326981e+01
    9.07508087e+01 8.65352478e+01 9.02711792e+01 8.91048126e+01
    8.78057327e+01 8.89832382e+01 8.86591568e+01 8.84340134e+01
    8.73721848e+01 8.24225311e+01 9.06003494e+01 9.21757202e+01
    9.02169724e+01 9.04701996e+01 9.47696609e+01 9.02870407e+01
    9.17297974e+01 9.18866043e+01 8.93973999e+01 9.12612762e+01
    9.14305801e+01 8.98221664e+01 9.13036652e+01 9.02781982e+01
    8.93918991e+01 9.47772446e+01 9.28171844e+01 9.04898224e+01
    9.27079620e+01 9.45918579e+01 9.03810120e+01 9.23060760e+01
    8.90183716e+01 9.18678589e+01 9.17498627e+01 8.88247604e+01
    9.18564377e+01 9.12361832e+01 9.11479416e+01 8.78667068e+01
    8.84453735e+01 9.08240814e+01 8.86596756e+01 8.76934738e+01
    8.96444855e+01 9.12731094e+01 9.19480972e+01 8.69613724e+01
    8.82046432e+01 8.89626160e+01 8.90096359e+01 9.02740555e+01
    8.94777069e+01 8.77006378e+01 9.11035385e+01 8.92953033e+01
    8.58368225e+01 8.93339081e+01 8.91165390e+01 8.81338730e+01
    9.00543671e+01 8.67839203e+01 8.68368149e+01 8.34314041e+01
    8.33105469e+01 8.72734680e+01 8.66869507e+01 8.44157639e+01
    9.09409637e+01 9.07082214e+01 8.46759644e+01 8.66084518e+01
    8.92042236e+01 8.48088760e+01 8.83310699e+01 9.00799179e+01
    9.05223007e+01 8.62019806e+01 8.33006058e+01 8.84771347e+01
    9.08439026e+01 8.85534058e+01 8.97540741e+01 9.13351212e+01
    9.11704254e+01 9.13821182e+01 8.95369949e+01 8.80409164e+01
    8.93912735e+01 9.15881119e+01 9.05496063e+01 9.07330551e+01
    9.14988251e+01 8.92911301e+01 8.87636948e+01 8.96965179e+01
    8.84138870e+01 8.96720657e+01 8.54786377e+01 8.52383575e+01
    8.69682312e+01 8.90095825e+01 8.88684616e+01 8.90776901e+01
    9.31899796e+01 8.88333435e+01 9.14386520e+01 9.32667542e+01
    9.28075104e+01 9.33566284e+01 9.22345276e+01 9.08652039e+01
    8.84171371e+01 8.86134644e+01 8.96969528e+01 9.09342422e+01
    8.98616791e+01 9.02119904e+01 9.07497635e+01 8.83667450e+01
    8.60243073e+01 9.07692184e+01 8.65076828e+01 8.50223007e+01
    8.74382172e+01 8.64628372e+01 8.47975922e+01 8.81437302e+01
    8.82268372e+01 8.64863892e+01 9.00780869e+01 8.89262390e+01
    9.03475571e+01 8.64322891e+01 8.81943817e+01 8.99719543e+01
    8.77587662e+01 8.81901016e+01 8.91286469e+01 9.15460663e+01
    9.25542068e+01 8.83558121e+01 9.06649704e+01 9.11478577e+01
    9.18392258e+01 9.01131287e+01 8.98145142e+01 9.15089874e+01
    9.01851425e+01 9.14804840e+01 8.85887756e+01 9.04720459e+01
    9.07414017e+01 8.72081680e+01 9.13824844e+01 8.97514954e+01
    8.93636017e+01 8.70904694e+01 8.90519409e+01 8.43960495e+01
    8.92814255e+01 8.50512772e+01 8.45541000e+01 8.77403564e+01
    8.58062057e+01 8.47654343e+01 8.75338593e+01 8.55753403e+01
    8.70940857e+01 8.39810638e+01 8.66874542e+01 8.69300003e+01
    8.85612717e+01 8.76830063e+01 8.57289505e+01 8.94192581e+01
    8.78432388e+01 8.77176590e+01 8.82092361e+01 8.98550568e+01
    8.96713486e+01 8.87675858e+01 8.76029434e+01 8.67395477e+01
    9.24338455e+01 9.11511536e+01 8.76861420e+01 8.56498795e+01
    8.73800354e+01 8.72162552e+01 8.84007492e+01 8.74922562e+01
    8.91986084e+01 8.98673477e+01 9.14230042e+01 8.77914505e+01
    9.15046005e+01 9.16066589e+01 9.38763657e+01 9.29024658e+01
    9.29786377e+01 9.04304504e+01 9.20335846e+01 8.99482574e+01
    8.99928665e+01 8.98479843e+01 9.16586914e+01 9.30354385e+01
    8.80151596e+01 9.09514389e+01 8.83523941e+01 8.88030167e+01
    8.83057251e+01 8.84508514e+01 8.36776123e+01 8.91959991e+01
    8.27139587e+01 8.55482864e+01 8.55118942e+01 8.94690094e+01
    8.55416412e+01 8.88152466e+01 8.76841507e+01 8.43432846e+01
    8.85812225e+01 8.34653625e+01 8.89648666e+01 8.73917007e+01
    8.52310638e+01 8.81096649e+01 8.77476654e+01 8.97840729e+01
    8.90327759e+01 8.93583145e+01 8.83234940e+01 9.05425186e+01
    9.03085632e+01 8.72581024e+01 8.91865082e+01 8.65493546e+01
    8.84355392e+01 8.85065689e+01 8.76297455e+01 9.01374435e+01
    8.92487259e+01 8.74151764e+01 8.50864105e+01 8.18036880e+01
    9.22872086e+01 9.11801758e+01 9.13436203e+01 9.16406021e+01
    9.27405243e+01 9.12112579e+01 9.53072739e+01 9.11478958e+01
    8.99705811e+01 9.18305283e+01 9.28146362e+01 8.95980453e+01
    9.35109329e+01 8.94182968e+01 8.92380295e+01 8.96990814e+01
    9.14195862e+01 9.08539963e+01 9.07706375e+01 9.13755112e+01
    8.87177353e+01 9.16322098e+01 9.05453110e+01 8.98115616e+01
    8.90829315e+01 8.99273529e+01 9.02373886e+01 9.14860535e+01
    8.82749176e+01 9.04251022e+01 8.93043976e+01 8.83340225e+01
    9.10920334e+01 8.77813950e+01 9.03369751e+01 9.24443283e+01
    8.83221436e+01 8.68887253e+01 8.82224808e+01 8.71124420e+01
    8.56806717e+01 8.86292877e+01 8.59459991e+01 9.07889938e+01
    8.90985031e+01 8.69018326e+01 8.89466095e+01 8.63019714e+01
    8.91451263e+01 9.08033218e+01 9.18232498e+01 8.59386826e+01
    8.39819946e+01 8.84167862e+01 8.65198517e+01 8.46928787e+01
    8.69781189e+01 8.48660583e+01 8.83068390e+01 8.91229630e+01
    8.82601852e+01 8.63671494e+01 8.65485458e+01 8.84575882e+01
    8.67721329e+01 9.03195572e+01 8.52167511e+01 8.49420242e+01
    8.59023438e+01 8.82537537e+01 9.01908340e+01 8.94857407e+01
    8.96070633e+01 8.92463303e+01 9.20609283e+01 8.80109711e+01
    9.11417694e+01 8.66015472e+01 8.95842667e+01 8.72031784e+01
    8.83898087e+01 8.74406738e+01 8.95563736e+01 9.00368271e+01
    8.71403732e+01 9.01335678e+01 8.76797180e+01 8.85469971e+01
    8.77122879e+01 8.66920776e+01 8.69365387e+01 8.87800598e+01
    8.84692154e+01 8.97090454e+01 8.78895874e+01 8.87183762e+01
    8.83062820e+01 9.26904449e+01 9.12994385e+01 9.03055344e+01
    8.98438950e+01 9.00294647e+01 8.85773544e+01 8.94602203e+01
    8.84852676e+01 8.67828522e+01 8.66100311e+01 8.90835495e+01
    8.98022461e+01 8.68483047e+01 8.80338287e+01 8.90034866e+01
    9.12183762e+01 8.66144257e+01 8.70464554e+01 8.73490524e+01
    8.83375092e+01 8.67143784e+01 8.65112991e+01 8.85318985e+01
    8.89034195e+01 8.82397308e+01 8.48816681e+01 8.61977234e+01
    8.41731873e+01 8.59340439e+01 8.54757767e+01 8.75683594e+01
    8.89598923e+01 8.92023010e+01 8.77271118e+01 9.04204712e+01
    9.11415558e+01 9.01495972e+01 8.96313858e+01 8.95765152e+01
    8.74966125e+01 9.14495087e+01 9.05677261e+01 9.24197464e+01
    9.11350403e+01 9.28580246e+01 9.17111206e+01 8.96494370e+01
    9.16401672e+01 8.99104691e+01 8.94519882e+01 9.03661194e+01
    8.88003922e+01 8.59474411e+01 8.83762131e+01 8.63883591e+01
    8.76538086e+01 8.54546051e+01 8.76364594e+01 8.67043457e+01
    8.42584610e+01 8.68372650e+01 8.68081131e+01 9.06185837e+01
    8.97571869e+01 8.95186081e+01 9.11623383e+01 9.26099014e+01
    8.90011063e+01 9.05023727e+01 9.01176758e+01 9.00473480e+01
    9.12219620e+01 8.91291122e+01 8.89923782e+01 9.00363541e+01
    9.07981415e+01 9.18925018e+01 9.29734879e+01 9.33225098e+01
    9.15305023e+01 9.06692963e+01 8.79711380e+01 8.83204117e+01
    8.94150085e+01 8.81490173e+01 9.20462799e+01 9.23927002e+01
    8.87050934e+01 8.98647537e+01 9.48448334e+01 9.16667480e+01
    9.04504318e+01 9.14117661e+01 9.18176956e+01 8.98371048e+01
    8.97785950e+01 9.09244766e+01 9.05116348e+01 8.95657883e+01
    9.30636444e+01 8.99712677e+01 9.15570908e+01 9.13738937e+01
    8.99672470e+01 8.90545273e+01 9.05356979e+01 8.84189835e+01
    8.77803116e+01 8.58863831e+01 8.48426437e+01 8.72027664e+01
    8.57854691e+01 8.87882843e+01 8.81295090e+01 8.48566132e+01
    8.52053299e+01 8.45090179e+01 8.70146027e+01 8.44262314e+01
    8.84915237e+01 8.47755432e+01 8.77409439e+01 8.83123245e+01
    8.83205338e+01 8.43943863e+01 9.19585876e+01 8.86819839e+01
    9.11955643e+01 8.89206009e+01 9.01117706e+01 9.30606308e+01
    8.75895920e+01 9.12513123e+01 8.62977600e+01 9.13791199e+01
    9.03603287e+01 8.77484741e+01 8.92045441e+01 8.60599899e+01
    8.65203400e+01 8.15031815e+01 9.00805969e+01 9.35801620e+01
    9.10645828e+01 9.55619583e+01 9.21660843e+01 9.23966904e+01
    9.21442032e+01 9.13949203e+01 8.99924850e+01 9.20815048e+01
    8.90026703e+01 8.95194550e+01 8.91193314e+01 8.67532272e+01
    9.06091309e+01 9.09715958e+01 9.26936798e+01 9.18515625e+01
    9.22637863e+01 9.01784821e+01 9.27038574e+01 9.10352631e+01
    9.05960922e+01 9.00714951e+01 8.93053589e+01 8.88796387e+01
    9.34309921e+01 9.11707153e+01 8.67599106e+01 8.90784607e+01
    8.79858170e+01 8.77398911e+01 8.92299194e+01 9.03189545e+01
    9.13906326e+01 9.10947571e+01 9.17690201e+01 8.75340881e+01
    9.17389450e+01 8.43889694e+01 8.51719666e+01 8.68877563e+01
    8.75941849e+01 8.75802994e+01 9.10119400e+01 8.91973648e+01
    8.54055252e+01 8.99645996e+01 9.09600906e+01 8.74808502e+01
    9.03294449e+01 8.87386398e+01 8.58772049e+01 8.47135696e+01
    8.38910446e+01 8.61934891e+01 8.72074966e+01 8.68105240e+01
    8.82757339e+01 9.23882751e+01 8.93616028e+01 8.79337769e+01
    8.39364471e+01 8.72848129e+01 8.87158661e+01 8.88047104e+01
    8.72270126e+01 8.91173096e+01 8.70431976e+01 8.82615051e+01
    8.75103531e+01 8.96470718e+01 8.97298050e+01 8.96166306e+01
    9.00525055e+01 8.98279114e+01 9.06793442e+01 8.92854996e+01
    8.76512222e+01 9.08545532e+01 9.25882416e+01 9.27402191e+01
    8.76565018e+01 9.07943726e+01 8.98208237e+01 8.73709259e+01
    8.84567947e+01 9.05103683e+01 8.90191040e+01 8.97323227e+01
    8.87915573e+01 9.38019943e+01 8.83225250e+01 9.08008652e+01
    9.11466446e+01 9.05452728e+01 9.03390579e+01 9.38954468e+01
    9.13156662e+01 8.97304688e+01 9.17027512e+01 8.70530624e+01
    9.02929001e+01 8.67592773e+01 8.88839417e+01 8.93116074e+01
    8.82723465e+01 8.84961090e+01 8.74926224e+01 8.75708313e+01
    8.66619949e+01 8.18610001e+01 8.50767288e+01 8.58749237e+01
    8.52676010e+01 8.24019012e+01 8.58287659e+01 8.33874969e+01
    8.68226929e+01 8.69662399e+01 8.23560410e+01 8.61992874e+01
    8.40312500e+01 8.41127777e+01 8.43375015e+01 8.78798676e+01
    8.45548172e+01 8.63603973e+01 8.67460327e+01 8.74316025e+01
    9.07284546e+01 8.95611038e+01 8.86526718e+01 8.86412354e+01
    9.00354919e+01 9.03352966e+01 9.24233322e+01 8.80385284e+01
    9.32314453e+01 9.09940643e+01 9.04029770e+01 9.32995911e+01
    9.24762115e+01 9.02254639e+01 9.32362366e+01 8.97494736e+01
    8.98200684e+01 8.97633057e+01 8.90437393e+01 8.89258881e+01
    8.92436676e+01 9.05728989e+01 8.84621429e+01 9.04513626e+01
    8.73378220e+01 8.77256851e+01 8.89802780e+01 8.68991318e+01
    8.92495270e+01 8.79060516e+01 8.97739639e+01 8.99817810e+01
    9.07841110e+01 8.82909546e+01 8.88623123e+01 8.72835312e+01
    8.85650330e+01 9.33652802e+01 9.19883728e+01 9.20362701e+01
    9.17022247e+01 9.06250763e+01 9.25992737e+01 9.50012054e+01
    9.00165253e+01 9.05462418e+01 8.68890610e+01 8.81465302e+01
    9.14535065e+01 8.83226013e+01 8.84602280e+01 8.96908417e+01
    8.98115082e+01 9.23933029e+01 9.31815033e+01 9.14186630e+01
    9.17412643e+01 9.07544556e+01 9.43559189e+01 9.36355362e+01
    9.12010803e+01 8.86627808e+01 9.11919479e+01 8.97858734e+01
    8.71191483e+01 8.77966690e+01 9.11136780e+01 9.31428909e+01
    8.83567505e+01 8.69104691e+01 9.16023254e+01 9.04129944e+01
    8.65516357e+01 8.40741501e+01 8.83734665e+01 8.31957397e+01
    8.48385315e+01 8.25245743e+01 8.33707275e+01 8.44896393e+01
    8.41182709e+01 8.45964737e+01 8.59031677e+01 8.48141251e+01
    8.49878845e+01 8.82145386e+01 8.78029861e+01 8.86716919e+01
    8.94520264e+01 9.02759094e+01 9.15633392e+01 8.96477280e+01
    8.86557999e+01 9.07940292e+01 9.34554520e+01 9.01787796e+01
    9.11397324e+01 8.96341019e+01 8.85015182e+01 8.84207916e+01
    9.01794891e+01 9.17960205e+01 9.06672516e+01 8.78069077e+01
    9.01265106e+01 8.81481400e+01 8.66197662e+01 8.23740234e+01
    9.35342789e+01 9.09237366e+01 9.10783539e+01 9.01702423e+01
    9.14165039e+01 9.19637680e+01 9.06526337e+01 8.96211929e+01
    8.82627335e+01 9.03757553e+01 9.07466507e+01 8.77479706e+01
    9.15075684e+01 9.11249542e+01 8.64996414e+01 9.20200729e+01
    8.98897476e+01 8.82187881e+01 9.09518051e+01 9.18157730e+01
    8.95034409e+01 9.02418594e+01 9.00654449e+01 8.98225098e+01
    8.93047028e+01 8.76996460e+01 8.72947235e+01 8.95920486e+01
    8.81551590e+01 8.66299362e+01 8.82762527e+01 8.66468048e+01
    8.81065369e+01 8.77446060e+01 8.76081543e+01 9.04113693e+01
    8.97199936e+01 8.77537689e+01 8.89729462e+01 8.50506058e+01
    8.74756393e+01 8.54784241e+01 9.03870316e+01 8.46392288e+01
    8.76065292e+01 8.95335693e+01 8.72641983e+01 8.65983963e+01
    8.63374557e+01 9.16502533e+01 8.97659073e+01 8.57245941e+01
    8.05939102e+01 8.44192352e+01 8.61208649e+01 8.60265274e+01
    8.48996353e+01 8.88804169e+01 8.92058640e+01 8.73663406e+01
    8.85421677e+01 8.59191589e+01 8.58077164e+01 8.62237549e+01
    8.99231186e+01 8.79312897e+01 8.87719955e+01 8.94313660e+01
    8.71470566e+01 9.22949905e+01 9.04698792e+01 8.98514709e+01
    8.53203659e+01 9.07346573e+01 8.70620956e+01 8.90900345e+01
    9.01525726e+01 8.90876541e+01 8.94931030e+01 9.15387573e+01
    9.34252167e+01 8.66060944e+01 8.83608932e+01 8.49614029e+01
    8.71049423e+01 8.91650162e+01 8.89989090e+01 8.77662659e+01
    8.67988663e+01 8.83352585e+01 8.99662933e+01 9.04661179e+01
    8.78016586e+01 9.01376801e+01 8.86002426e+01 8.90299988e+01
    9.06340408e+01 9.03984451e+01 9.15187683e+01 9.21880875e+01
    9.15841217e+01 9.17639694e+01 9.17041245e+01 8.90061493e+01
    9.11120834e+01 8.99389038e+01 9.11239548e+01 9.28061295e+01
    8.79297791e+01 8.52192841e+01 8.77070007e+01 8.50286407e+01
    8.28097229e+01 8.39697418e+01 8.22039261e+01 8.20250549e+01
    8.12473221e+01 8.20482025e+01 8.38039627e+01 8.59392776e+01
    8.24984131e+01 8.32037964e+01 8.55141983e+01 8.19544907e+01
    8.10292969e+01 8.28668976e+01 8.66919327e+01 8.62731171e+01
    8.95481110e+01 8.90864639e+01 9.28638687e+01 8.67527695e+01
    8.84202194e+01 9.11261749e+01 8.88880310e+01 9.02530518e+01
    9.15744858e+01 9.17520828e+01 9.08735657e+01 9.30140076e+01
    9.35184631e+01 9.07413330e+01 9.56186905e+01 9.23288956e+01
    9.08632812e+01 9.03336563e+01 9.22223892e+01 9.11499405e+01
    8.97324142e+01 8.85553207e+01 9.21957855e+01 8.76130066e+01
    8.82707520e+01 8.97181854e+01 9.25299301e+01 9.18526001e+01
    8.98530045e+01 8.87462158e+01 8.87104340e+01 9.18471832e+01
    8.86840973e+01 9.01339569e+01 8.79730911e+01 9.16612091e+01
    9.04153366e+01 8.92939072e+01 9.10737076e+01 9.36448212e+01
    9.42997131e+01 9.43120804e+01 9.17771454e+01 9.53105087e+01
    9.16970444e+01 9.31497345e+01 8.78838577e+01 8.77392578e+01
    9.03133850e+01 8.66196365e+01 8.72668304e+01 8.85381546e+01
    8.98297882e+01 8.74038010e+01 9.39233170e+01 9.53935089e+01
    9.15612564e+01 9.14881744e+01 9.28426743e+01 9.42266617e+01
    9.14710464e+01 9.06931763e+01 9.35507050e+01 8.78758392e+01
    9.17493057e+01 8.95328903e+01 8.99948883e+01 8.75825882e+01
    8.98497086e+01 8.91937943e+01 8.99295273e+01 9.27416458e+01
    8.80768585e+01 8.74432755e+01 8.70601044e+01 8.95384445e+01
    8.36429672e+01 8.48000412e+01 8.45145416e+01 8.45435028e+01
    8.32753601e+01 8.54153061e+01 8.65619202e+01 8.68895340e+01
    8.77385788e+01 8.73741913e+01 8.78632050e+01 8.76513901e+01
    8.93086014e+01 9.02333145e+01 8.94199371e+01 9.04541397e+01
    8.88516922e+01 8.71113205e+01 9.09610138e+01 8.92604141e+01
    9.29882278e+01 9.09312744e+01 9.11360626e+01 9.28805084e+01
    8.80129623e+01 8.71577835e+01 9.01220322e+01 8.83875580e+01
    9.03174362e+01 8.83309479e+01 9.03281784e+01 8.75802460e+01
    8.63456497e+01 8.14735107e+01 8.69241180e+01 8.94023132e+01
    8.64838562e+01 9.10276871e+01 9.27809372e+01 8.87636719e+01
    9.13253784e+01 9.04683228e+01 9.23573532e+01 9.09362335e+01
    8.89914551e+01 9.11706161e+01 8.99070892e+01 8.91240463e+01
    8.66832504e+01 9.05415726e+01 9.19021378e+01 8.81999969e+01
    9.21791916e+01 9.24494629e+01 9.07059937e+01 9.10022812e+01
    9.01936569e+01 8.87939148e+01 8.81722565e+01 8.93382416e+01
    8.42513428e+01 8.99549866e+01 8.66015854e+01 8.41682510e+01
    8.98987732e+01 8.64478073e+01 8.75426712e+01 8.96625595e+01
    8.81944656e+01 8.79349670e+01 8.73214111e+01 8.57927704e+01
    8.40961456e+01 8.45509415e+01 8.54956589e+01 8.64987869e+01
    8.75305252e+01 8.40521851e+01 9.11463470e+01 8.72317886e+01
    8.44411316e+01 8.71411438e+01 8.85455093e+01 8.63488312e+01
    8.86336670e+01 8.95101242e+01 8.76773300e+01 8.55199509e+01
    8.70306015e+01 8.58035202e+01 8.76693726e+01 8.80099106e+01
    8.83382492e+01 9.12986450e+01 8.72915421e+01 8.75332031e+01
    8.84701462e+01 8.91062088e+01 8.77922134e+01 9.30659485e+01
    9.00189056e+01 9.26597900e+01 9.33451309e+01 9.03341293e+01
    9.09262924e+01 9.09945908e+01 8.83730850e+01 9.05345840e+01
    9.21210098e+01 9.19088593e+01 9.00656357e+01 9.11700745e+01
    8.83358536e+01 9.06518860e+01 8.54308929e+01 8.92148514e+01
    8.78940659e+01 8.86038666e+01 8.88535233e+01 8.79325333e+01
    8.73232422e+01 8.75186615e+01 8.70677414e+01 8.50743713e+01
    8.79767227e+01 9.12354813e+01 8.53028030e+01 8.87315674e+01
    9.10004196e+01 8.86306992e+01 9.15649567e+01 9.03493729e+01
    9.09826584e+01 9.18074722e+01 9.19124069e+01 9.26508408e+01
    8.96585236e+01 8.91606064e+01 9.25117950e+01 9.29941635e+01
    9.03191986e+01 9.23008957e+01 8.64428558e+01 8.73622818e+01
    8.72865829e+01 8.54852600e+01 8.27535934e+01 8.27575531e+01
    8.56894913e+01 7.99062424e+01 8.61668167e+01 8.27369614e+01
    8.23098221e+01 8.14968948e+01 8.24319305e+01 8.30896378e+01
    8.25589600e+01 8.16737137e+01 8.58616257e+01 8.33437195e+01
    8.34339676e+01 8.48742599e+01 8.77337265e+01 8.48956985e+01
    8.46439285e+01 9.00506897e+01 8.78954849e+01 8.72642365e+01
    9.02231522e+01 9.13294144e+01 9.20883408e+01 9.13031311e+01
    9.14744873e+01 9.42006531e+01 9.32360764e+01 9.34126816e+01
    8.96730118e+01 9.09013596e+01 9.13196030e+01 9.26112137e+01
    8.85985794e+01 9.00280609e+01 9.11506729e+01 9.09340057e+01
    8.87123642e+01 9.14777679e+01 9.32214584e+01 9.05960999e+01
    9.08813629e+01 9.26264954e+01 8.72587662e+01 9.05830460e+01
    8.98323135e+01 8.85215912e+01 9.19059067e+01 9.49081650e+01
    9.08691101e+01 9.28367844e+01 9.11581879e+01 9.01188278e+01
    9.17050552e+01 9.68608322e+01 9.70426407e+01 9.28451996e+01
    9.35829849e+01 9.26864395e+01 9.24382629e+01 8.95135193e+01
    8.90191727e+01 8.95749207e+01 9.01451874e+01 9.26098328e+01
    9.07843170e+01 8.90155640e+01 8.98580627e+01 9.02747421e+01
    9.35674591e+01 9.10837479e+01 9.42753906e+01 9.19368439e+01
    9.35027695e+01 9.52894516e+01 9.47261581e+01 9.47368011e+01
    9.22262726e+01 8.99649734e+01 8.77182007e+01 9.11428604e+01
    9.16143417e+01 8.81944427e+01 9.19881287e+01 9.19215927e+01
    9.17289047e+01 8.73553772e+01 9.08612213e+01 8.93446045e+01
    9.04003067e+01 8.95523834e+01 8.88412704e+01 8.58432007e+01
    8.86135483e+01 8.70988770e+01 8.76518478e+01 8.63208771e+01
    9.15063934e+01 8.74557800e+01 8.84341049e+01 8.95825958e+01
    8.56145630e+01 8.87427368e+01 8.96398621e+01 8.93903198e+01
    9.33697510e+01 9.15505524e+01 9.04455109e+01 8.95465164e+01
    9.24767838e+01 9.18421021e+01 9.26567078e+01 9.21066742e+01
    9.02557831e+01 9.09015350e+01 9.47242050e+01 9.06821289e+01
    8.89408493e+01 9.07332611e+01 9.04422760e+01 9.14503021e+01
    8.56865082e+01 8.88750992e+01 8.41704865e+01 8.15232468e+01</data></my_img>
<your_img type_id="opencv-matrix">
  <rows>110</rows>
  <cols>238</cols>
  <dt>f</dt>
  <data>
    8.92330475e+01 8.84113998e+01 8.99894638e+01 9.11226349e+01
    8.72245941e+01 8.60335083e+01 8.79669342e+01 9.19721603e+01
    9.18346024e+01 9.27574997e+01 8.91438446e+01 8.81355591e+01
    9.11980133e+01 9.04720612e+01 8.88159256e+01 8.61972427e+01
    9.41605911e+01 9.05013580e+01 9.04195328e+01 9.14936371e+01
    9.30533447e+01 9.29282303e+01 9.33682098e+01 9.17773132e+01
    9.60620651e+01 8.93835297e+01 9.62585831e+01 9.51049423e+01
    9.62792816e+01 9.54919128e+01 9.41186066e+01 9.55504913e+01
    9.44841385e+01 9.63383179e+01 9.66484604e+01 9.45490494e+01
    9.26106339e+01 9.62703018e+01 9.69366150e+01 9.51855392e+01
    1.00026711e+02 9.48613739e+01 9.51415405e+01 9.70809174e+01
    9.19905167e+01 9.17171402e+01 9.61079712e+01 9.40217361e+01
    9.58424149e+01 9.35197220e+01 9.44583893e+01 9.43279877e+01
    9.34957428e+01 9.26124039e+01 9.33001022e+01 9.21392441e+01
    8.93219299e+01 8.91433640e+01 8.93781128e+01 8.68654633e+01
    9.04591522e+01 9.02734528e+01 9.08610687e+01 9.34152527e+01
    9.34609451e+01 9.35761261e+01 9.34572220e+01 9.30015793e+01
    9.17915955e+01 9.45929260e+01 9.54729767e+01 9.22971649e+01
    9.29042892e+01 9.23895187e+01 9.41702881e+01 9.39500275e+01
    9.72177124e+01 9.40345154e+01 9.39853363e+01 9.71865997e+01
    9.39249039e+01 9.38366776e+01 9.35062027e+01 9.23883438e+01
    9.27525101e+01 9.22633133e+01 9.28664322e+01 8.95954590e+01
    9.37467499e+01 9.20936050e+01 9.03742599e+01 8.88371429e+01
    8.69338989e+01 9.19023972e+01 8.90668716e+01 9.18197174e+01
    9.17115936e+01 8.96919479e+01 9.21198425e+01 9.51373138e+01
    9.38890305e+01 9.13268890e+01 9.09715347e+01 9.42823181e+01
    9.37763596e+01 9.27666245e+01 9.12175217e+01 9.36382370e+01
    9.17503433e+01 9.10997925e+01 9.46486969e+01 9.24576721e+01
    9.31906128e+01 9.33824768e+01 9.25425644e+01 8.93889313e+01
    9.37000504e+01 9.14373856e+01 9.23187561e+01 9.55395508e+01
    9.15771713e+01 9.33886566e+01 9.24166183e+01 9.45450058e+01
    8.85370255e+01 8.85278778e+01 9.17526932e+01 9.02364426e+01
    8.93223114e+01 9.16811752e+01 9.25258408e+01 9.14724197e+01
    9.38487091e+01 9.23937912e+01 9.28428726e+01 9.52656937e+01
    9.52289352e+01 9.34144516e+01 8.92846222e+01 8.96018677e+01
    9.17897034e+01 8.94150009e+01 9.30419464e+01 9.19728394e+01
    9.13518295e+01 9.22045441e+01 9.52645493e+01 9.08722534e+01
    9.21802444e+01 9.25164871e+01 8.98021851e+01 9.07393265e+01
    9.07178345e+01 9.17664948e+01 9.22927017e+01 8.97700577e+01
    9.09122314e+01 8.96195221e+01 9.28758621e+01 9.19482956e+01
    9.27915726e+01 9.17436752e+01 9.35432281e+01 9.19147873e+01
    9.15419464e+01 9.14138412e+01 9.34360580e+01 9.14139175e+01
    9.31028366e+01 9.37173615e+01 9.41968918e+01 9.27989960e+01
    9.53855896e+01 9.25103683e+01 9.30564499e+01 9.42802582e+01
    9.32198715e+01 9.63765869e+01 9.37722321e+01 9.58352814e+01
    9.37145920e+01 9.53863297e+01 9.35296173e+01 9.21187592e+01
    9.16590576e+01 9.21917953e+01 9.20245972e+01 9.10450516e+01
    8.99690323e+01 8.93223572e+01 8.76450806e+01 8.78311386e+01
    8.56691208e+01 8.78790131e+01 8.68135681e+01 8.84311981e+01
    8.81140747e+01 8.82588654e+01 8.82398911e+01 8.96178055e+01
    8.84691467e+01 8.98007202e+01 8.70182190e+01 8.94273682e+01
    8.90963135e+01 9.06399918e+01 9.20773773e+01 9.40895233e+01
    9.25089340e+01 9.39744415e+01 9.83675308e+01 9.88697205e+01
    9.72322540e+01 9.52003326e+01 9.54992905e+01 9.75146866e+01
    9.17226410e+01 9.59627991e+01 9.61912994e+01 9.82962723e+01
    9.50793991e+01 9.60304794e+01 9.38112564e+01 9.30230484e+01
    9.30164108e+01 9.55417328e+01 9.15619202e+01 9.07614517e+01
    8.58953552e+01 8.89980087e+01 8.48459167e+01 8.54093246e+01
    8.76911697e+01 8.66168900e+01 8.93330917e+01 9.11886063e+01
    8.80346298e+01 0. 8.90419540e+01 8.88423386e+01 8.56308060e+01
    8.81407394e+01 8.76545258e+01 8.66981049e+01 8.84365082e+01
    8.67933197e+01 9.09295120e+01 9.08146362e+01 9.08755722e+01
    9.02190247e+01 8.97876816e+01 9.27089615e+01 9.09755249e+01
    8.94092407e+01 9.02647705e+01 9.37689743e+01 9.09676666e+01
    9.06265564e+01 9.07103577e+01 9.15179977e+01 8.97903519e+01
    9.26617889e+01 9.14535446e+01 9.08198547e+01 9.18383636e+01
    9.16453094e+01 9.17997360e+01 9.10394440e+01 9.16943970e+01
    9.20367355e+01 9.42549896e+01 9.26999588e+01 9.33235168e+01
    9.39069672e+01 9.34224319e+01 9.58398743e+01 9.92910614e+01
    9.43603973e+01 9.80548477e+01 9.39872055e+01 9.40959625e+01
    9.47845840e+01 9.64440536e+01 9.34838943e+01 9.64098892e+01
    9.44097061e+01 9.57856445e+01 9.56438980e+01 9.07648773e+01
    9.36867981e+01 9.42415924e+01 9.47615662e+01 9.45980911e+01
    9.18414154e+01 8.86651382e+01 9.10011215e+01 9.10841980e+01
    8.53246689e+01 8.85763779e+01 8.87536774e+01 8.93576889e+01
    9.27800522e+01 9.00862732e+01 9.00431671e+01 9.33091583e+01
    9.33757401e+01 9.34303360e+01 9.07123260e+01 9.16585464e+01
    9.25083771e+01 9.41246643e+01 9.46482849e+01 9.55672836e+01
    9.46127701e+01 9.18291931e+01 9.24140472e+01 9.57583008e+01
    9.56433105e+01 9.28027267e+01 8.96338348e+01 9.08802490e+01
    9.04268875e+01 9.16695251e+01 8.85181580e+01 8.98147964e+01
    8.74738159e+01 9.23915787e+01 9.43951492e+01 9.56496964e+01
    9.02382736e+01 8.64712143e+01 9.43658524e+01 9.25411453e+01
    9.03465271e+01 9.38412704e+01 9.17609634e+01 9.29869308e+01
    9.43393402e+01 9.52159729e+01 9.54917450e+01 9.39475327e+01
    9.42306976e+01 9.38635254e+01 9.45487747e+01 9.56400070e+01
    9.21547241e+01 9.22350922e+01 9.25243301e+01 9.48260422e+01
    9.40615616e+01 9.21545105e+01 9.21866684e+01 9.24493484e+01
    9.14142075e+01 9.15453415e+01 9.17009811e+01 9.24168396e+01
    9.32186432e+01 9.35135422e+01 9.52465210e+01 9.31845627e+01
    9.15356522e+01 9.16528931e+01 9.45294266e+01 9.01961746e+01
    9.24078979e+01 9.47052002e+01 9.12538834e+01 9.10899353e+01
    9.15304565e+01 9.49408875e+01 9.05259857e+01 9.50537720e+01
    9.32539062e+01 9.35678406e+01 9.25573349e+01 9.23319931e+01
    9.07667389e+01 9.32219086e+01 9.43626556e+01 9.27562256e+01
    9.18956985e+01 9.44630585e+01 9.30734024e+01 9.19444733e+01
    9.60790024e+01 9.49647522e+01 9.12569275e+01 9.11266785e+01
    9.33050613e+01 9.22553635e+01 8.87712708e+01 9.34406815e+01
    8.92725983e+01 9.25697174e+01 9.09758987e+01 9.16613998e+01
    9.03670959e+01 8.86105118e+01 8.84069519e+01 9.37031326e+01
    9.27882233e+01 8.88570633e+01 9.23262177e+01 9.01637497e+01
    9.25830154e+01 9.16636734e+01 9.38958664e+01 9.21029587e+01
    8.95967789e+01 9.19979019e+01 8.97064819e+01 9.56498184e+01
    9.42775040e+01 9.46402359e+01 9.46676254e+01 9.60408936e+01
    9.92480698e+01 9.35004196e+01 1.00528946e+02 9.28929749e+01
    9.39837646e+01 9.43144684e+01 9.73904419e+01 9.12732239e+01
    9.23607635e+01 9.09511108e+01 8.87038422e+01 8.85637894e+01
    8.98420410e+01 8.73155518e+01 8.73373795e+01 8.78722153e+01
    8.76789246e+01 8.92377243e+01 8.65006256e+01 8.88854294e+01
    8.80122910e+01 8.92547073e+01 8.81902695e+01 8.82004929e+01
    8.92265091e+01 8.78294220e+01 9.11343689e+01 9.34588394e+01
    9.28382416e+01 9.23807373e+01 9.39311600e+01 9.84990005e+01
    9.84406815e+01 9.63716965e+01 9.77955170e+01 9.51654968e+01
    9.42461777e+01 9.46969757e+01 9.68253098e+01 9.23898163e+01
    9.77046890e+01 9.35735855e+01 9.64539566e+01 9.21499634e+01
    9.38534851e+01 9.34195862e+01 9.30057068e+01 9.37002258e+01
    9.26342392e+01 8.96153336e+01 8.71756134e+01 8.78841629e+01
    8.70907059e+01 8.89242401e+01 8.82035828e+01 8.55083084e+01
    8.66341095e+01 8.96679153e+01 0. 8.61097717e+01 8.92970963e+01
    8.96589737e+01 8.62793198e+01 8.60473862e+01 8.46678085e+01
    8.67729111e+01 8.54066849e+01 8.80715714e+01 9.13190002e+01
    9.02934952e+01 9.09886932e+01 8.94047318e+01 9.15513916e+01
    8.97734375e+01 8.81280594e+01 9.07301102e+01 9.09382401e+01
    9.21476364e+01 9.14538879e+01 8.99860458e+01 9.06292648e+01
    8.89902954e+01 9.17376480e+01 9.03442001e+01 8.87266235e+01
    9.23401718e+01 9.41090775e+01 9.21387634e+01 9.05978928e+01
    9.25974121e+01 9.10199432e+01 9.25592575e+01 9.18226013e+01
    9.22116699e+01 9.10944595e+01 9.22726898e+01 9.34441757e+01
    9.53302002e+01 9.66667480e+01 9.60612106e+01 9.69960632e+01
    9.61825943e+01 9.81399612e+01 9.36483459e+01 9.22684860e+01
    9.50306778e+01 9.39395294e+01 9.43948975e+01 9.53978882e+01
    9.40979996e+01 9.54514465e+01 9.60609665e+01 9.60837402e+01
    9.52845001e+01 8.88568344e+01 9.05759888e+01 8.86093903e+01
    8.77778625e+01 8.55370026e+01 9.05385742e+01 9.09907608e+01
    8.98432922e+01 9.20522461e+01 9.30614777e+01 9.08279724e+01
    8.94456177e+01 9.04840927e+01 9.30845795e+01 8.79844437e+01
    8.87251663e+01 9.25446167e+01 9.35854340e+01 9.19019547e+01
    9.29166718e+01 9.35882263e+01 9.39426804e+01 9.32916260e+01
    9.49233246e+01 9.13151016e+01 9.36323547e+01 8.99520416e+01
    9.11417465e+01 8.58310776e+01 8.92559509e+01 8.98479233e+01
    9.19866180e+01 9.15085144e+01 9.10930862e+01 9.39656525e+01
    8.94235687e+01 8.80097198e+01 9.05051804e+01 8.75094452e+01
    9.11282501e+01 9.23942795e+01 8.99587936e+01 9.25560226e+01
    9.25391541e+01 9.46539154e+01 9.48433075e+01 9.04535522e+01
    8.83100662e+01 9.23137360e+01 9.18787766e+01 9.28542633e+01
    9.14071579e+01 9.15021896e+01 9.15176239e+01 9.27760086e+01
    9.39164963e+01 9.53796387e+01 9.36231689e+01 9.06343613e+01
    9.23710480e+01 9.35267715e+01 8.95648193e+01 9.19333572e+01
    9.14763870e+01 9.35003891e+01 9.50437622e+01 9.36980057e+01
    9.26307907e+01 9.35980148e+01 9.15110321e+01 8.96322556e+01
    9.05278015e+01 9.15589294e+01 9.41946640e+01 9.16360092e+01
    9.05578613e+01 9.53500443e+01 9.48217773e+01 9.32157593e+01
    9.47476501e+01 9.27469177e+01 9.27151184e+01 9.64107819e+01
    9.07604599e+01 9.03347778e+01 9.31619263e+01 9.46161270e+01
    9.35545349e+01 9.59458923e+01 9.47042160e+01 9.31184845e+01
    9.36049347e+01 9.30474548e+01 9.13680649e+01 9.45057907e+01
    8.95439301e+01 9.08534164e+01 8.98829575e+01 8.91583710e+01
    8.75888138e+01 8.91676788e+01 8.69156418e+01 8.88151550e+01
    8.93810120e+01 8.78297958e+01 8.71779022e+01 8.85669556e+01
    8.96370163e+01 8.97727661e+01 8.80183640e+01 8.96695099e+01
    8.95783234e+01 9.16627960e+01 9.61557007e+01 9.60275040e+01
    9.50196228e+01 9.58303604e+01 9.28647919e+01 9.51229782e+01
    9.22728195e+01 9.46718826e+01 9.45783615e+01 9.41129837e+01
    9.79751053e+01 9.55405197e+01 9.60127411e+01 9.65294952e+01
    9.60343857e+01 9.74075165e+01 9.58278198e+01 9.60427780e+01
    9.20667725e+01 9.09222488e+01 9.09638901e+01 8.96314926e+01
    9.14760513e+01 9.00917664e+01 8.92254410e+01 8.89354401e+01
    8.56246796e+01 8.75885239e+01 8.67495956e+01 8.65040359e+01
    8.80350266e+01 8.58209000e+01 8.88424225e+01 8.89951553e+01
    8.48976059e+01 8.72057495e+01 9.00445404e+01 8.98760223e+01
    8.97152328e+01 9.21741104e+01 9.51417313e+01 9.19673767e+01
    9.55475616e+01 9.78596725e+01 9.63025970e+01 9.56122131e+01
    9.42202454e+01 9.36243744e+01 9.25262146e+01 9.27085648e+01
    9.18069458e+01 9.34522095e+01 9.27372437e+01 9.11397858e+01
    9.02527466e+01 9.12898636e+01 9.08422318e+01 9.00611649e+01
    9.07748566e+01 8.74876480e+01 8.43842163e+01 8.31685333e+01
    8.57107468e+01 8.38374176e+01 8.47822876e+01 8.40516434e+01
    8.80355606e+01 8.64695969e+01 8.70296326e+01 0. 8.71433258e+01
    8.56671524e+01 8.51678314e+01 8.44048386e+01 8.53608551e+01
    8.87499619e+01 8.65096817e+01 8.94853592e+01 9.00298996e+01
    9.12375717e+01 9.11081085e+01 8.95739212e+01 9.10590439e+01
    8.76267700e+01 8.84564972e+01 8.76167221e+01 8.83851318e+01
    9.13931274e+01 9.02903900e+01 9.14500275e+01 9.06432037e+01
    8.89736862e+01 9.03567047e+01 9.46871262e+01 9.57294846e+01
    9.04940720e+01 9.23661499e+01 9.36667175e+01 9.09846954e+01
    9.17723236e+01 9.22502899e+01 9.03422928e+01 9.25258560e+01
    9.04634933e+01 9.15364838e+01 9.02041321e+01 9.06108246e+01
    9.49850693e+01 9.35114594e+01 9.67411194e+01 9.70560074e+01
    9.60549088e+01 9.38646088e+01 9.30001373e+01 9.24148254e+01
    9.43036499e+01 9.36056595e+01 9.21184769e+01 9.79477386e+01
    9.48474808e+01 9.52716522e+01 9.35803070e+01 9.63208389e+01
    9.20976181e+01 9.37802505e+01 9.02918243e+01 8.81792603e+01
    8.74381104e+01 9.06741486e+01 8.63386765e+01 8.59060211e+01
    8.74102783e+01 9.18816910e+01 9.03559570e+01 9.17003860e+01
    8.88162613e+01 9.10757141e+01 8.71562042e+01 9.13234329e+01
    8.82827606e+01 8.98970184e+01 9.08620682e+01 9.30941544e+01
    9.49848022e+01 9.19117126e+01 9.27586517e+01 9.27406998e+01
    9.47760620e+01 9.56977310e+01 9.15493164e+01 9.44380875e+01
    9.49382019e+01 8.69234924e+01 9.17896042e+01 9.18969727e+01
    8.93864212e+01 8.75265503e+01 9.27038879e+01 9.09518967e+01
    9.16836090e+01 9.38164520e+01 9.01109314e+01 8.93855667e+01
    9.00031357e+01 9.21509476e+01 9.13876801e+01 9.23487625e+01
    9.67149200e+01 9.26536331e+01 9.14765930e+01 9.35823135e+01
    8.96106339e+01 8.82433319e+01 9.02774124e+01 9.20491257e+01
    9.26993484e+01 8.92816162e+01 8.93147736e+01 9.03917007e+01
    9.06735458e+01 9.21920624e+01 9.44790115e+01 9.22817535e+01
    9.00279236e+01 9.42333984e+01 9.14767838e+01 9.02532883e+01
    9.23234558e+01 9.19501877e+01 9.38509521e+01 9.48758392e+01
    9.54058151e+01 8.89148712e+01 9.32075424e+01 9.03189468e+01
    9.31111145e+01 8.96910858e+01 9.10969467e+01 9.19587173e+01
    9.32401428e+01 9.08733978e+01 9.32057648e+01 9.17462463e+01
    9.16876755e+01 9.21703873e+01 9.40009995e+01 9.23645020e+01
    9.45850220e+01 9.31112747e+01 9.14256592e+01 9.54826050e+01
    9.39972000e+01 9.29188538e+01 9.37688065e+01 9.20250397e+01
    9.24099808e+01 9.31309814e+01 9.14315720e+01 9.15031204e+01
    9.21731339e+01 9.24178848e+01 9.23494720e+01 9.00183563e+01
    9.08621826e+01 8.89836578e+01 8.88384552e+01 8.89688568e+01
    8.83457794e+01 8.70134506e+01 8.71538544e+01 9.02093887e+01
    8.96189880e+01 9.01749802e+01 8.75239258e+01 9.27320709e+01
    8.77201538e+01 9.40772476e+01 9.45897064e+01 9.71493607e+01
    9.13280792e+01 9.62059402e+01 9.20426712e+01 9.43391953e+01
    9.50776291e+01 9.47268524e+01 9.25854340e+01 9.38964233e+01
    9.68779449e+01 9.70244293e+01 9.81770172e+01 9.65025177e+01
    9.92387466e+01 9.72475891e+01 9.62104721e+01 9.16359100e+01
    9.76801682e+01 9.36543350e+01 9.38886871e+01 8.97903442e+01
    8.97412567e+01 8.78088226e+01 8.88539429e+01 8.64528732e+01
    8.80835648e+01 8.64726486e+01 8.80922089e+01 8.88396530e+01
    8.79860611e+01 8.92389832e+01 8.79387817e+01 8.78433914e+01
    8.73041153e+01 8.84934692e+01 8.82045822e+01 8.81210556e+01
    8.87872391e+01 9.03905106e+01 8.98518066e+01 9.24885864e+01
    9.09631348e+01 9.49038239e+01 9.55555038e+01 9.65969620e+01
    9.35807266e+01 8.97376099e+01 9.17961502e+01 9.11766052e+01
    9.08826904e+01 8.87610474e+01 9.11605530e+01 9.36483459e+01
    9.01905441e+01 9.19804688e+01 9.19133987e+01 9.09282455e+01
    9.18670731e+01 8.70400238e+01 8.69266052e+01 8.43824234e+01
    8.20193558e+01 8.26454391e+01 8.67480698e+01 8.61574707e+01
    8.50398026e+01 8.61516418e+01 8.64613647e+01 8.26724014e+01 0.
    8.60584946e+01 8.41104355e+01 8.43156281e+01 8.76628647e+01
    8.35651855e+01 8.73593826e+01 8.69671707e+01 8.64007492e+01
    8.67720184e+01 9.08475800e+01 9.01597061e+01 8.74884644e+01
    8.94959717e+01 8.96810837e+01 9.02501526e+01 9.04210281e+01
    9.27330475e+01 9.11618958e+01 9.30335617e+01 8.98766632e+01
    8.97053528e+01 9.33455811e+01 8.79713593e+01 9.21477890e+01
    9.32199707e+01 9.26829376e+01 9.11562881e+01 9.34410095e+01
    9.03159485e+01 9.15762711e+01 9.25938873e+01 9.42522202e+01
    9.06359100e+01 9.17162552e+01 9.14597015e+01 9.31295013e+01
    9.26332626e+01 9.32503128e+01 9.54649963e+01 9.91025620e+01
    9.65614853e+01 9.39431839e+01 9.53550568e+01 9.41781998e+01
    9.43063660e+01 9.30130920e+01 9.81932220e+01 9.71290283e+01
    9.11973267e+01 9.44819717e+01 9.77384338e+01 9.87047348e+01
    9.63077164e+01 9.74592056e+01 9.41712341e+01 9.15183182e+01
    8.71741943e+01 8.79896240e+01 8.61510468e+01 8.68178253e+01
    9.08492126e+01 8.52641754e+01 8.96345901e+01 9.13997879e+01
    9.17285004e+01 8.92561874e+01 8.91344757e+01 9.19287109e+01
    9.15870743e+01 8.67890091e+01 8.90312729e+01 8.79352036e+01
    9.09076080e+01 8.84993668e+01 9.61618271e+01 9.37800827e+01
    9.10939713e+01 9.28283463e+01 9.08925934e+01 9.35798645e+01
    9.38478470e+01 9.08857803e+01 8.95840530e+01 8.76364136e+01
    8.90856552e+01 9.06231155e+01 8.89832077e+01 9.11814423e+01
    8.94085159e+01 8.99808121e+01 9.20464859e+01 8.83814545e+01
    8.82973328e+01 8.75854492e+01 9.17013397e+01 9.20932007e+01
    9.21672363e+01 9.23660202e+01 9.45505142e+01 9.63320618e+01
    9.21777802e+01 9.12002029e+01 9.18312912e+01 9.19252396e+01
    9.09099884e+01 9.21764221e+01 9.15167236e+01 9.08554230e+01
    8.83361969e+01 9.23149567e+01 9.01941833e+01 9.38928223e+01
    9.08376389e+01 9.01550217e+01 9.31792908e+01 8.92497482e+01
    8.99076767e+01 9.17420883e+01 9.11760941e+01 9.09089355e+01
    9.23590012e+01 9.17874680e+01 9.24276276e+01 9.28864975e+01
    9.06034317e+01 8.97702332e+01 9.20138931e+01 9.17043228e+01
    9.37549438e+01 9.23215179e+01 8.95466919e+01 9.00061188e+01
    9.38084793e+01 9.10092087e+01 9.44084091e+01 9.02402954e+01
    8.97464828e+01 9.40967636e+01 9.49442978e+01 9.10598068e+01
    9.18100891e+01 8.98023987e+01 9.18932724e+01 9.25203018e+01
    8.96055374e+01 9.39053345e+01 9.13515167e+01 9.10261536e+01
    9.27291107e+01 9.18123474e+01 8.93233337e+01 9.03979111e+01
    8.89430237e+01 8.96157608e+01 8.98896332e+01 8.77655411e+01
    8.64213943e+01 8.76193771e+01 9.21226196e+01 9.04290848e+01
    8.79403534e+01 8.88209305e+01 9.19281693e+01 8.86343231e+01
    8.88988495e+01 9.25765991e+01 9.34186096e+01 8.86653976e+01
    9.52360382e+01 9.34828339e+01 9.15597992e+01 9.58056870e+01
    9.65797653e+01 9.32644119e+01 9.38280487e+01 9.48251953e+01
    9.52456512e+01 9.70870285e+01 9.68697052e+01 9.73011093e+01
    9.50109177e+01 9.56144638e+01 9.32033539e+01 9.85490570e+01
    9.76056671e+01 9.77373047e+01 9.36555786e+01 9.25125885e+01
    8.97554855e+01 8.91152573e+01 8.97020645e+01 9.19753265e+01
    8.90364151e+01 8.61981277e+01 8.78777084e+01 8.55432129e+01
    8.76273499e+01 8.40868454e+01 8.74647827e+01 8.81116943e+01
    8.83921356e+01 8.77829132e+01 8.70508499e+01 8.64944611e+01
    8.92148209e+01 9.16853485e+01 8.87904587e+01 8.94954834e+01
    9.24212189e+01 9.49123917e+01 9.39384918e+01 9.57595291e+01
    9.43334503e+01 9.26874466e+01 9.71571655e+01 9.23680573e+01
    9.20690842e+01 9.13744812e+01 9.28730011e+01 9.25721588e+01
    9.11876068e+01 9.17046661e+01 9.01663742e+01 9.18672028e+01
    8.90189285e+01 8.93860855e+01 8.87741013e+01 8.92632065e+01
    8.36480103e+01 8.49994507e+01 8.23882065e+01 8.73209763e+01
    8.22230606e+01 8.52929916e+01 8.40705032e+01 8.40083618e+01
    8.68145294e+01 0. 8.60634918e+01 8.61677017e+01 8.37732086e+01
    8.30433350e+01 8.52032776e+01 8.46971359e+01 8.58875504e+01
    8.63733063e+01 8.81263580e+01 8.80156021e+01 9.16712952e+01
    8.80215759e+01 8.59927979e+01 9.04727402e+01 8.67849503e+01
    9.15561905e+01 8.85482559e+01 9.09422607e+01 9.06297073e+01
    9.31780319e+01 9.13858261e+01 8.98504181e+01 9.34388123e+01
    9.12933884e+01 9.38086777e+01 8.91551132e+01 9.04002838e+01
    9.12204132e+01 8.98354034e+01 9.12141113e+01 9.22038269e+01
    9.06422653e+01 8.96779938e+01 9.07121811e+01 9.08058472e+01
    8.92518387e+01 9.39005814e+01 9.31143570e+01 9.43632050e+01
    9.54836197e+01 9.62351456e+01 9.58744888e+01 9.29152374e+01
    9.53078384e+01 9.30534897e+01 9.86894760e+01 9.65135345e+01
    9.71247711e+01 9.58504639e+01 9.42569885e+01 9.51820831e+01
    9.78061752e+01 9.73543777e+01 9.47240372e+01 9.45031662e+01
    9.22440414e+01 9.16172104e+01 8.94938202e+01 8.64639282e+01
    8.61113892e+01 8.76374817e+01 8.74542160e+01 8.86957855e+01
    8.96837845e+01 9.17093353e+01 9.05755081e+01 8.92958069e+01
    9.00686493e+01 8.91993332e+01 8.97978516e+01 8.94921036e+01
    8.75566177e+01 9.19841690e+01 9.39724579e+01 9.29378967e+01
    9.01059723e+01 9.33244705e+01 9.32122726e+01 9.57970200e+01
    9.32279282e+01 9.26394196e+01 8.97254028e+01 8.96369629e+01
    9.02806244e+01 9.33632889e+01 9.01160202e+01 9.06520157e+01
    9.05319595e+01 8.88621597e+01 9.21226730e+01 8.97087250e+01
    9.07213898e+01 8.66740723e+01 9.17847366e+01 9.15349808e+01
    9.33650589e+01 9.38725967e+01 9.34227066e+01 9.23733673e+01
    9.07903748e+01 9.36638947e+01 9.12702179e+01 8.83896027e+01
    9.16852875e+01 9.33520966e+01 9.53275299e+01 9.00398407e+01
    9.22550049e+01 8.97948227e+01 9.23635941e+01 9.07895508e+01
    9.37788391e+01 9.27517242e+01 8.95476151e+01 9.16911850e+01
    9.19301071e+01 9.01390152e+01 9.14648514e+01 9.07966385e+01
    9.12619781e+01 9.17730331e+01 9.21774445e+01 9.10500565e+01
    8.75030518e+01 9.05066147e+01 8.78828812e+01 9.02333145e+01
    9.00416107e+01 8.80297089e+01 8.98955994e+01 8.85324326e+01
    8.83969421e+01 8.79826431e+01 9.03800888e+01 9.13605194e+01
    8.85947418e+01 9.15169983e+01 8.83199539e+01 9.34037628e+01
    9.41365204e+01 8.85909958e+01 9.18875504e+01 9.45637817e+01
    9.50003281e+01 9.22849884e+01 9.64846725e+01 9.59874344e+01
    9.44611588e+01 9.32189255e+01 9.08483810e+01 9.11758499e+01
    9.22903595e+01 9.04027710e+01 8.98739548e+01 9.01737366e+01
    8.90242920e+01 8.67997360e+01 8.60876694e+01 8.83017197e+01
    8.74069290e+01 8.80682068e+01 8.73975220e+01 8.89198456e+01
    8.68221359e+01 8.97135315e+01 8.55605698e+01 8.82066650e+01
    9.05769577e+01 9.32013702e+01 9.28681335e+01 9.39944763e+01
    9.21759109e+01 9.09629288e+01 9.56015625e+01 9.27274551e+01
    9.62825546e+01 9.29390411e+01 9.43760376e+01 9.63972321e+01
    9.69394684e+01 9.55088043e+01 9.29981995e+01 9.48060150e+01
    9.48104172e+01 9.50052490e+01 9.27970886e+01 9.24449768e+01
    9.07791672e+01 9.19906845e+01 8.98259277e+01 8.85927277e+01
    8.51748810e+01 9.00214767e+01 8.62433167e+01 8.67258835e+01
    8.81930161e+01 8.73726349e+01 8.95272751e+01 8.84114227e+01
    8.94082642e+01 8.55653305e+01 8.90012131e+01 8.82033234e+01
    9.03958893e+01 9.06288986e+01 9.10783539e+01 9.18110580e+01
    9.29430161e+01 9.59749756e+01 9.50463104e+01 9.61377716e+01
    9.62747116e+01 9.69466171e+01 9.55113068e+01 9.50299606e+01
    9.25648727e+01 9.08165588e+01 9.44157639e+01 9.24277115e+01
    9.22198257e+01 9.57343979e+01 9.27987747e+01 9.22425232e+01
    9.30491714e+01 8.84907990e+01 8.89263840e+01 8.93812790e+01
    8.36981430e+01 8.45113907e+01 8.51185532e+01 8.45430984e+01
    8.59818268e+01 8.58416748e+01 8.37276840e+01 8.61683578e+01
    8.77553864e+01 8.44948502e+01 0. 8.59497070e+01 8.59206467e+01
    8.53707581e+01 8.51766052e+01 8.52885742e+01 8.59476929e+01
    8.65871277e+01 8.65113754e+01 8.63262329e+01 8.73286972e+01
    9.05405579e+01 8.83444443e+01 8.73931046e+01 8.95959396e+01
    8.71162491e+01 8.91871490e+01 8.79800873e+01 9.08146973e+01
    9.20980911e+01 8.88388977e+01 8.93172073e+01 9.32749863e+01
    8.87479477e+01 9.28529282e+01 9.38724823e+01 9.58768921e+01
    9.37147522e+01 9.71323700e+01 9.14540482e+01 9.26483459e+01
    9.24599380e+01 9.50069580e+01 9.55102386e+01 9.51482849e+01
    9.34834747e+01 9.50681229e+01 9.41187439e+01 9.78055725e+01
    9.47522812e+01 9.47362366e+01 9.77978668e+01 9.41741791e+01
    9.49964981e+01 9.54220352e+01 9.58636398e+01 9.56116180e+01
    9.81157379e+01 9.93756485e+01 9.16209106e+01 9.37110062e+01
    9.65187836e+01 9.37601700e+01 9.51129608e+01 9.42868881e+01
    9.56386032e+01 9.09297256e+01 9.32523956e+01 9.05186386e+01
    8.74068222e+01 8.81825180e+01 8.91166840e+01 8.75098572e+01
    8.75346451e+01 8.99963989e+01 9.17558060e+01 8.84670715e+01
    8.58888550e+01 8.77065964e+01 8.91619644e+01 8.72943039e+01
    8.55842438e+01 8.77760696e+01 9.28773651e+01 9.28820343e+01
    9.53351288e+01 9.47530823e+01 9.40292053e+01 8.98819885e+01
    9.32249222e+01 9.48101501e+01 9.06098633e+01 9.12901001e+01
    9.28076782e+01 8.80311432e+01 8.94459686e+01 9.07256393e+01
    8.83796616e+01 8.68790283e+01 9.28466415e+01 9.15409851e+01
    9.10162659e+01 9.13928299e+01 8.64571228e+01 8.90858078e+01
    9.53118820e+01 9.32222214e+01 9.18174057e+01 9.43255005e+01
    9.20136871e+01 9.33760071e+01 9.20378723e+01 9.42616196e+01
    8.97307739e+01 8.83274612e+01 9.27951126e+01 9.14620895e+01
    8.81814499e+01 8.92552490e+01 9.15331497e+01 9.39862366e+01
    9.12150726e+01 9.08838272e+01 9.17358322e+01 9.03891449e+01
    8.97124481e+01 8.69910660e+01 9.04606781e+01 9.10020142e+01
    9.24085770e+01 8.85118256e+01 8.99498138e+01 8.99458694e+01
    8.78518448e+01 8.70256958e+01 9.00116501e+01 8.82801361e+01
    8.83646774e+01 8.93773270e+01 8.83329163e+01 8.60403214e+01
    8.54838409e+01 9.03901062e+01 8.79851608e+01 9.34096069e+01
    9.02929153e+01 9.24871445e+01 8.82185287e+01 9.12446671e+01
    9.06600342e+01 8.75341797e+01 9.05342255e+01 8.95792694e+01
    9.10002441e+01 9.13764801e+01 9.18016510e+01 9.32638779e+01
    9.40068741e+01 9.41325302e+01 9.72956238e+01 9.03627319e+01
    8.85823059e+01 9.19976196e+01 9.20592041e+01 8.91528931e+01
    9.19534760e+01 8.74135513e+01 8.71313858e+01 8.87322693e+01
    8.69146423e+01 8.84654083e+01 8.91360321e+01 8.53598022e+01
    9.39266968e+01 8.99883881e+01 9.01232300e+01 8.99757767e+01
    9.10261459e+01 9.09775848e+01 9.28401337e+01 9.46879578e+01
    9.06963196e+01 9.25749359e+01 9.85196686e+01 9.50220490e+01
    9.40494461e+01 9.60528564e+01 9.71074905e+01 9.58095856e+01
    9.87142944e+01 9.57363968e+01 9.45700912e+01 9.61216888e+01
    9.78038635e+01 9.47574158e+01 9.73672104e+01 9.56997070e+01
    9.35920105e+01 9.32551575e+01 9.23128510e+01 9.16056976e+01
    8.85577393e+01 8.97279282e+01 9.10076523e+01 8.87663956e+01
    8.67882919e+01 9.01629410e+01 8.58847275e+01 8.98292084e+01
    8.79573898e+01 8.76305389e+01 9.26280594e+01 9.19603195e+01
    8.98099518e+01 8.71049805e+01 9.25065613e+01 8.94769974e+01
    9.35579376e+01 9.47026749e+01 9.69204788e+01 9.66367111e+01
    9.80745926e+01 9.92621078e+01 9.57193756e+01 9.43633041e+01
    9.80402756e+01 9.45400620e+01 9.33941574e+01 9.38793488e+01
    9.38610077e+01 9.37712555e+01 9.48242188e+01 9.33255081e+01
    9.17136002e+01 9.42587509e+01 8.96155090e+01 8.88565445e+01
    8.88897018e+01 8.53457184e+01 8.54500885e+01 8.32854156e+01
    8.17558975e+01 8.45491409e+01 8.38650208e+01 8.35661469e+01
    8.47544327e+01 8.21574707e+01 8.43401337e+01 0. 8.77508316e+01
    8.47062759e+01 8.84347534e+01 8.68784256e+01 8.48869171e+01
    8.71848679e+01 8.49433060e+01 8.52577667e+01 8.62097168e+01
    8.73395004e+01 9.02888336e+01 9.06298752e+01 9.01454544e+01
    8.68860092e+01 8.91637344e+01 9.00616226e+01 9.16145630e+01
    8.96977768e+01 8.67306213e+01 8.98899841e+01 9.03469315e+01
    8.96291199e+01 8.77135315e+01 9.29785919e+01 9.40074158e+01
    9.23321152e+01 9.69493637e+01 9.69854126e+01 9.51900024e+01
    9.24837799e+01 9.49688492e+01 9.60668640e+01 9.10447769e+01
    9.05603027e+01 9.14432678e+01 9.49863892e+01 9.41289749e+01
    9.58685989e+01 9.12225571e+01 9.28736038e+01 9.79422073e+01
    9.69842072e+01 9.66547165e+01 9.47749405e+01 9.71953812e+01
    9.18037567e+01 9.74515686e+01 9.64326553e+01 9.61663666e+01
    9.53151169e+01 9.42067337e+01 9.55322571e+01 9.39088821e+01
    9.52422791e+01 9.37856522e+01 9.46423798e+01 9.11273193e+01
    9.02895813e+01 8.82813873e+01 8.97605667e+01 8.74196777e+01
    9.04757004e+01 8.91911316e+01 9.22162552e+01 8.94960098e+01
    9.02395935e+01 9.12631149e+01 8.88611984e+01 8.83340988e+01
    8.88716583e+01 8.75360718e+01 9.02152405e+01 9.36088562e+01
    9.12957153e+01 9.43471222e+01 9.16287079e+01 9.35677414e+01
    9.47459793e+01 9.33349457e+01 9.57031631e+01 9.10098648e+01
    9.27946396e+01 8.93646088e+01 9.19932938e+01 9.19194260e+01
    8.54787216e+01 8.72209244e+01 9.00538101e+01 9.39120331e+01
    8.76638031e+01 9.17195816e+01 9.05695343e+01 8.71163177e+01
    9.26985092e+01 9.28640518e+01 8.87005768e+01 9.23104172e+01
    9.26621323e+01 9.59299164e+01 9.14797592e+01 9.10747986e+01
    9.04368286e+01 9.14268799e+01 8.97801895e+01 9.37201462e+01
    9.54847412e+01 8.94489136e+01 9.17474899e+01 9.28495483e+01
    9.21938095e+01 9.09876938e+01 9.42991333e+01 8.75541916e+01
    9.21441803e+01 8.59419861e+01 8.85206375e+01 8.54828262e+01
    8.92766342e+01 9.04600449e+01 8.84714203e+01 8.80446167e+01
    8.83668518e+01 8.93752975e+01 8.84271545e+01 8.95451889e+01
    9.08952332e+01 8.86932831e+01 8.64886856e+01 8.85563583e+01
    8.63483887e+01 8.72751465e+01 8.89529800e+01 8.81192856e+01
    8.75233002e+01 9.40052948e+01 9.22399292e+01 8.93206787e+01
    9.53743744e+01 8.51237106e+01 8.96399155e+01 8.90457458e+01
    8.62459412e+01 8.69482956e+01 9.24612198e+01 9.02733459e+01
    9.04599457e+01 9.20863571e+01 9.14801178e+01 9.35472641e+01
    9.10210648e+01 8.75629501e+01 8.93278427e+01 8.99185638e+01
    8.62815323e+01 8.93664780e+01 9.08815002e+01 8.99196167e+01
    8.50421448e+01 8.98562927e+01 9.04553375e+01 9.06774063e+01
    9.03640289e+01 9.18435059e+01 9.34692154e+01 8.98830109e+01
    9.14277420e+01 9.24594574e+01 8.74988022e+01 9.73781433e+01
    9.46415482e+01 9.76454010e+01 9.22346573e+01 9.68578720e+01
    9.56151657e+01 9.97156143e+01 9.33732986e+01 9.19325790e+01
    9.61277466e+01 9.19637375e+01 9.71388245e+01 9.49480591e+01
    9.60032654e+01 9.20264893e+01 9.53279343e+01 9.46329193e+01
    9.21340408e+01 9.21000824e+01 9.03306198e+01 8.98468399e+01
    9.12186356e+01 8.70842133e+01 8.97815552e+01 8.90174332e+01
    8.70504608e+01 8.89922028e+01 8.88807602e+01 8.94803543e+01
    8.77100754e+01 9.33857727e+01 8.78668213e+01 8.98506699e+01
    8.95217667e+01 8.78939896e+01 9.08376770e+01 9.30508194e+01
    9.36760864e+01 9.06343613e+01 9.60829544e+01 9.50177078e+01
    9.53273926e+01 9.52556381e+01 9.72460632e+01 9.62409744e+01
    9.57649231e+01 9.69463120e+01 9.62973557e+01 9.59418030e+01
    9.38567276e+01 9.39508514e+01 9.12002106e+01 9.63779144e+01
    9.15500031e+01 8.89865952e+01 9.12582855e+01 9.32987213e+01
    8.89475327e+01 8.91365585e+01 8.93856201e+01 8.56697998e+01
    8.57074432e+01 8.35614624e+01 8.56364288e+01 8.35045471e+01
    8.17205963e+01 8.26411819e+01 8.76014099e+01 8.34822388e+01 0.
    8.52335968e+01 8.54771805e+01 8.67166214e+01 8.38080597e+01
    8.68482361e+01 8.47681351e+01 8.61213913e+01 8.32928696e+01
    8.64421997e+01 8.38141403e+01 8.91670074e+01 8.74929504e+01
    8.81670990e+01 9.08042831e+01 8.87289505e+01 8.72964859e+01
    8.91627350e+01 9.21001740e+01 8.68380051e+01 8.86927414e+01
    8.82974091e+01 9.10353851e+01 8.82521591e+01 9.28024063e+01
    9.26657867e+01 9.63856888e+01 9.22126999e+01 9.57536621e+01
    9.12404327e+01 9.25462341e+01 9.28063812e+01 9.44627151e+01
    9.32625504e+01 9.20976944e+01 8.97493896e+01 9.28503418e+01
    9.11610718e+01 9.29771500e+01 9.35179214e+01 9.35448303e+01
    9.51782990e+01 9.24921799e+01 9.39209824e+01 9.10706863e+01
    9.41202774e+01 9.53346558e+01 9.93013916e+01 9.70039902e+01
    9.59001007e+01 9.26669998e+01 9.49424362e+01 9.31680756e+01
    9.78128357e+01 9.64824600e+01 9.65534821e+01 9.08027725e+01
    9.05971451e+01 9.14003296e+01 9.02442551e+01 8.87533951e+01
    9.00620728e+01 9.25552597e+01 8.88672943e+01 9.10325241e+01
    8.96467896e+01 8.99178848e+01 9.11716385e+01 8.87537231e+01
    8.72309952e+01 8.86187515e+01 9.10295334e+01 9.46918411e+01
    9.26664734e+01 9.30890884e+01 9.31859436e+01 9.62776031e+01
    9.31398468e+01 9.28680801e+01 9.39180679e+01 9.21315918e+01
    9.09996033e+01 9.41386948e+01 9.04209137e+01 8.99960861e+01
    8.92991257e+01 9.01716995e+01 8.74958954e+01 8.72493668e+01
    9.20926819e+01 9.09619141e+01 8.85077286e+01 8.91351089e+01
    9.09094086e+01 8.85596466e+01 8.80232086e+01 9.25839233e+01
    9.37843170e+01 9.48445816e+01 9.39793091e+01 9.12677994e+01
    9.01817245e+01 9.12685471e+01 9.25621033e+01 9.26263275e+01
    9.04498444e+01 9.76294022e+01 9.12951660e+01 9.34755630e+01
    9.18006821e+01 8.99880371e+01 8.98040161e+01 8.94544754e+01
    9.02142792e+01 9.28692627e+01 8.92642822e+01 8.70144348e+01
    8.69927216e+01 9.03926468e+01 9.26632385e+01 9.07765350e+01
    8.93080444e+01 8.82385864e+01 9.04824753e+01 8.79936066e+01
    8.77375336e+01 8.87703476e+01 8.90321808e+01 8.80218277e+01
    8.82014923e+01 8.43912201e+01 8.48971481e+01 8.62700348e+01
    8.59598312e+01 8.67878571e+01 8.75021286e+01 8.94457016e+01
    8.79438477e+01 8.91519928e+01 8.82074127e+01 8.75026169e+01
    8.80471497e+01 8.74070892e+01 8.76116028e+01 9.02612610e+01
    8.97147598e+01 9.07499161e+01 9.02466431e+01 9.22567520e+01
    9.31371765e+01 9.12479095e+01 8.79323120e+01 8.92713928e+01
    8.97324524e+01 8.73642731e+01 9.10711746e+01 8.72072830e+01
    8.90587997e+01 8.97133865e+01 9.01626816e+01 8.88889618e+01
    9.12925110e+01 8.86673737e+01 9.22824249e+01 9.14413910e+01
    8.93263474e+01 9.09271393e+01 8.91691818e+01 9.11044083e+01
    9.27669601e+01 9.20089493e+01 9.35416107e+01 9.25236588e+01
    9.34782791e+01 8.86367569e+01 9.48639603e+01 9.20222626e+01
    9.38304596e+01 9.11814728e+01 9.61688156e+01 9.59471588e+01
    9.33769608e+01 9.59910355e+01 9.17109299e+01 9.35388794e+01
    9.60816040e+01 9.72121277e+01 9.31887894e+01 9.24773865e+01
    8.97282715e+01 9.16528015e+01 9.04551239e+01 8.88190613e+01
    9.10144958e+01 9.11439209e+01 9.06256790e+01 9.25868454e+01
    9.00187988e+01 9.25860291e+01 9.01691589e+01 9.37552719e+01
    9.21527634e+01 9.19190292e+01 8.90824890e+01 9.18141403e+01
    9.38947830e+01 8.92714844e+01 9.47031784e+01 9.36334915e+01
    9.47860947e+01 9.29758224e+01 9.54850082e+01 9.53965149e+01
    9.82484818e+01 9.73870392e+01 9.51208344e+01 9.47201767e+01
    9.15929260e+01 9.56110611e+01 9.29108810e+01 9.57727051e+01
    9.00217667e+01 9.25091171e+01 9.05505142e+01 9.22374039e+01
    9.13542252e+01 9.11553040e+01 8.99792709e+01 8.57959518e+01
    8.67796097e+01 8.26726074e+01 8.58270645e+01 8.41906662e+01
    8.92364883e+01 8.43549347e+01 8.76203232e+01 8.61062088e+01
    8.37441177e+01 0. 8.68979263e+01 8.27655411e+01 8.86946335e+01
    8.87058258e+01 8.57058945e+01 8.73208542e+01 8.58812332e+01
    8.44054108e+01 8.54849548e+01 8.67741318e+01 8.68421783e+01
    8.62056808e+01 8.42547836e+01 8.45707321e+01 8.68780823e+01
    8.69534378e+01 9.00262146e+01 9.17349625e+01 9.11068878e+01
    8.90004807e+01 8.70461884e+01 9.18374023e+01 9.03682861e+01
    8.88676224e+01 9.01206894e+01 9.06625824e+01 9.17773361e+01
    9.14839935e+01 8.97628937e+01 9.38102341e+01 9.23092041e+01
    9.24861832e+01 9.45468979e+01 8.98709412e+01 8.96146393e+01
    9.12511826e+01 8.85282440e+01 9.02264481e+01 9.39013977e+01
    9.09264908e+01 9.17801132e+01 9.42705765e+01 9.44960938e+01
    9.48469467e+01 9.43566666e+01 9.53128433e+01 9.36536331e+01
    9.62208252e+01 9.23237457e+01 9.43768692e+01 9.74877625e+01
    9.64985809e+01 9.47256165e+01 9.54070587e+01 9.50374832e+01
    9.28156509e+01 8.98734665e+01 9.08522110e+01 9.45329514e+01
    9.06332474e+01 8.91381760e+01 9.15692215e+01 8.84147720e+01
    8.82724533e+01 9.07474060e+01 8.92291946e+01 8.74557266e+01
    8.89970016e+01 8.99172745e+01 9.25020523e+01 9.01561508e+01
    9.06476288e+01 9.31639023e+01 9.40052719e+01 9.32964249e+01
    9.34160538e+01 9.06616364e+01 9.07600708e+01 9.24560318e+01
    9.28798981e+01 9.51432037e+01 9.08900833e+01 9.20775681e+01
    9.11028061e+01 8.78088226e+01 9.04377518e+01 8.73422089e+01
    8.98191147e+01 8.86723785e+01 8.72528305e+01 8.65954742e+01
    8.76294861e+01 8.71147308e+01 8.49625397e+01 9.00689545e+01
    8.90089874e+01 9.07602844e+01 9.39239655e+01 9.49852600e+01
    9.17348022e+01 8.59126587e+01 8.74972153e+01 9.20079041e+01
    8.82611847e+01 9.10082855e+01 9.08232956e+01 8.98746948e+01
    8.96497879e+01 9.06014404e+01 8.86426392e+01 9.10946655e+01
    9.10938568e+01 9.13537521e+01 8.87046127e+01 9.06797409e+01
    9.04734344e+01 8.55416870e+01 9.00986862e+01 9.04146271e+01
    9.05764542e+01 8.82244339e+01 9.03965530e+01 8.80767136e+01
    8.86728058e+01 8.66902618e+01 9.20651779e+01 8.82246780e+01
    8.74295578e+01 8.39231949e+01 8.84315491e+01 8.77966156e+01
    9.02378311e+01 8.84488831e+01 8.82775955e+01 9.05040970e+01
    9.35699615e+01 8.87792435e+01 8.77777328e+01 8.93454971e+01
    8.75492935e+01 8.77675095e+01 8.76863403e+01 8.81089325e+01
    8.66105881e+01 9.18212662e+01 9.08876343e+01 9.31297531e+01
    9.02576828e+01 9.35292435e+01 9.14400330e+01 8.84286270e+01
    9.05304871e+01 8.61707535e+01 8.76281967e+01 8.63469543e+01
    8.54829254e+01 8.61908112e+01 8.81640701e+01 8.92581329e+01
    9.20963058e+01 9.02460556e+01 9.29459305e+01 9.13179932e+01
    9.21647110e+01 8.75945663e+01 8.70410614e+01 9.22591858e+01
    8.76176529e+01 9.14884262e+01 9.28737183e+01 9.09919281e+01
    9.25030212e+01 9.10750809e+01 9.70521469e+01 9.05180817e+01
    9.34320755e+01 9.15604858e+01 9.24352798e+01 9.65354080e+01
    9.35517273e+01 9.30148163e+01 9.25576782e+01 9.21212845e+01
    9.76471863e+01 9.52000351e+01 9.43463516e+01 9.12034454e+01
    9.47496033e+01 9.10063019e+01 9.22991409e+01 9.02609406e+01
    9.15551376e+01 9.09359665e+01 9.23339920e+01 8.88850708e+01
    8.72432251e+01 8.84404297e+01 9.10960312e+01 9.23719864e+01
    8.95407486e+01 9.08877945e+01 9.15964050e+01 8.82629242e+01
    8.97878189e+01 9.16086502e+01 9.07700500e+01 9.46666718e+01
    9.03158646e+01 9.49627914e+01 9.54621429e+01 9.57127151e+01
    9.64682159e+01 9.70667267e+01 9.43737640e+01 9.13867035e+01
    9.57454987e+01 9.40347137e+01 9.49313889e+01 9.12985916e+01
    9.23697739e+01 9.62591095e+01 9.45043411e+01 9.16985245e+01
    9.08717575e+01 9.38241196e+01 9.04361038e+01 8.83674469e+01
    8.82873535e+01 8.67004013e+01 8.43043823e+01 8.82007217e+01
    8.86916199e+01 8.56302643e+01 8.42469406e+01 8.87231979e+01
    8.59708176e+01 8.98150558e+01 0. 8.72748947e+01 8.70320129e+01
    8.64462509e+01 8.78121262e+01 8.68768463e+01 8.81064529e+01
    8.76917496e+01 8.81773834e+01 8.95844269e+01 8.43542480e+01
    8.60269623e+01 8.71829681e+01 8.46006241e+01 8.83200378e+01
    8.67808609e+01 8.70186081e+01 8.89696198e+01 9.05253525e+01
    8.87021179e+01 8.51065826e+01 8.69157944e+01 8.93409271e+01
    9.01048737e+01 8.78989944e+01 8.95917969e+01 9.01751938e+01
    9.14423218e+01 8.89430618e+01 8.95153732e+01 9.07622223e+01
    9.13711090e+01 9.26658325e+01 9.14934082e+01 8.90369797e+01
    8.67411194e+01 9.02183762e+01 8.96890945e+01 8.85754242e+01
    9.26273880e+01 9.33629837e+01 9.31974869e+01 9.69573669e+01
    9.04700089e+01 9.19839783e+01 9.32016830e+01 9.18408051e+01
    9.40634842e+01 9.59730530e+01 9.12127686e+01 9.14664230e+01
    9.34789886e+01 9.42048035e+01 9.45372391e+01 9.57484055e+01
    8.97974396e+01 9.10571823e+01 9.28932953e+01 9.32924576e+01
    9.28794022e+01 9.20877686e+01 8.88713684e+01 9.01381607e+01
    8.88621216e+01 8.89273834e+01 8.80573807e+01 9.06795807e+01
    8.96872864e+01 9.07107925e+01 9.06453705e+01 9.24704514e+01
    9.42605896e+01 8.91725769e+01 9.44639969e+01 9.70613861e+01
    9.16601868e+01 9.42622452e+01 9.34638367e+01 9.26963272e+01
    9.26636581e+01 9.18516846e+01 9.06604156e+01 9.03641205e+01
    9.11902008e+01 8.94458618e+01 8.91851807e+01 9.06746292e+01
    8.57217255e+01 8.64084778e+01 9.09617157e+01 8.57718277e+01
    8.50913162e+01 8.71570663e+01 8.72262497e+01 8.30454941e+01
    8.47120132e+01 8.96273041e+01 8.97495270e+01 9.30380630e+01
    9.01993103e+01 8.72945175e+01 8.91527023e+01 8.90220947e+01
    8.95401840e+01 8.80067215e+01 9.06660004e+01 9.25763779e+01
    9.50016861e+01 9.18769608e+01 9.02895660e+01 8.91712646e+01
    8.99561234e+01 9.21055450e+01 9.11044159e+01 8.99272232e+01
    8.91049271e+01 8.75058594e+01 8.85544128e+01 9.16078644e+01
    8.86635742e+01 9.17272568e+01 9.05081177e+01 9.06977844e+01
    8.76241302e+01 8.90090790e+01 8.53685989e+01 8.53881454e+01
    8.59957123e+01 8.83992996e+01 8.95831528e+01 9.09452667e+01
    8.89325409e+01 8.99753952e+01 8.98317719e+01 9.06244431e+01
    9.38314362e+01 9.25389328e+01 8.98234634e+01 9.13363419e+01
    8.97645187e+01 9.04398956e+01 8.92171326e+01 8.81989288e+01
    8.61087952e+01 9.01360626e+01 9.02274551e+01 9.44414062e+01
    9.00047607e+01 9.09874496e+01 9.42606201e+01 8.97607040e+01
    8.68554382e+01 8.97490997e+01 8.75396271e+01 8.62625427e+01
    8.87865677e+01 8.59487991e+01 8.47847824e+01 8.78835983e+01
    9.02653046e+01 8.80770798e+01 9.01594620e+01 9.01171570e+01
    8.89744568e+01 8.98639832e+01 8.99289703e+01 8.84402542e+01
    9.09808350e+01 9.02448349e+01 9.32838211e+01 9.33324966e+01
    9.58550262e+01 9.18549042e+01 9.49040451e+01 8.98159561e+01
    9.04517670e+01 9.36185608e+01 9.39980698e+01 9.47908783e+01
    9.62268829e+01 9.58619003e+01 9.31080093e+01 9.39326401e+01
    9.61283722e+01 9.31322937e+01 9.17829971e+01 9.82124405e+01
    9.18572311e+01 9.25597229e+01 9.13972702e+01 9.15090714e+01
    8.90523758e+01 9.33453217e+01 9.00721130e+01 8.65780945e+01
    9.08116913e+01 9.15762405e+01 8.81794815e+01 8.99445953e+01
    9.03077393e+01 8.83869553e+01 9.36739273e+01 9.10914001e+01
    8.77539139e+01 8.63551331e+01 9.36798782e+01 9.08525925e+01
    8.88447189e+01 9.41119156e+01 9.21244888e+01 9.42302551e+01
    9.47469559e+01 9.12840195e+01 9.40888214e+01 9.40214767e+01
    9.57701492e+01 9.32826233e+01 9.33912506e+01 9.20816269e+01
    9.40695267e+01 9.42870026e+01 9.20183868e+01 9.39553833e+01
    9.44550629e+01 9.38481598e+01 9.07987061e+01 9.05564270e+01
    8.86333694e+01 8.89020004e+01 8.79745789e+01 8.55807037e+01
    8.75053940e+01 8.67602310e+01 8.51600342e+01 8.66504822e+01
    8.73577881e+01 8.86334763e+01 8.86451950e+01 0. 8.51960068e+01
    8.54398041e+01 8.45595703e+01 8.57955551e+01 8.97245560e+01
    8.76807709e+01 8.55600433e+01 8.48962250e+01 8.67632828e+01
    8.45425415e+01 8.74931335e+01 8.67750168e+01 8.99312439e+01
    8.55027390e+01 8.86905365e+01 8.84517593e+01 8.61205063e+01
    8.77828827e+01 8.79028625e+01 8.66156235e+01 8.87366638e+01
    8.79381638e+01 8.54345474e+01 8.86668854e+01 8.99094543e+01
    9.16125259e+01 9.08760681e+01 9.31610641e+01 8.75655670e+01
    9.03546753e+01 8.94624252e+01 9.38839645e+01 8.95691299e+01
    8.53179779e+01 8.78590469e+01 8.67462158e+01 8.69373627e+01
    8.79402924e+01 9.29243851e+01 9.14908447e+01 9.15213318e+01
    9.57136765e+01 8.97111435e+01 9.28423080e+01 9.31770401e+01
    9.54025497e+01 9.34831009e+01 9.26525116e+01 9.45577774e+01
    8.92198563e+01 9.26373062e+01 9.61422119e+01 9.19988251e+01
    9.29609299e+01 9.35492401e+01 9.24041901e+01 9.04116745e+01
    8.94892426e+01 9.30438843e+01 8.93536453e+01 9.20661163e+01
    8.86166763e+01 8.75626373e+01 9.10896454e+01 8.52772293e+01
    8.75705719e+01 8.83279495e+01 9.05466232e+01 8.94501801e+01
    9.07777023e+01 9.06181412e+01 9.07215195e+01 9.21887283e+01
    9.51662979e+01 9.18118820e+01 9.50852509e+01 8.99748840e+01
    9.19893265e+01 9.18402252e+01 9.00332413e+01 9.06127777e+01
    9.28450089e+01 9.06447067e+01 8.96832809e+01 8.84179077e+01
    8.46048813e+01 8.64402924e+01 8.69138947e+01 8.51411743e+01
    8.64525909e+01 8.83228531e+01 8.55891571e+01 8.32819443e+01
    8.18548965e+01 8.56889343e+01 8.63382034e+01 8.54553757e+01
    8.91739655e+01 8.90585785e+01 8.96913910e+01 8.57019348e+01
    8.72013779e+01 8.86390610e+01 8.90207672e+01 9.02349243e+01
    9.29482727e+01 9.06585693e+01 9.10137329e+01 8.93903732e+01
    9.28094559e+01 9.05024033e+01 9.10403137e+01 8.92215347e+01
    8.71749954e+01 9.09457092e+01 8.67162704e+01 8.72979279e+01
    8.88120422e+01 9.36633987e+01 9.23380508e+01 9.19381790e+01
    9.04246368e+01 8.91506042e+01 8.65882568e+01 9.07713547e+01
    8.96059570e+01 8.91267166e+01 8.38320541e+01 8.81103134e+01
    8.95126572e+01 8.94946442e+01 9.03510056e+01 9.06566620e+01
    8.97958298e+01 9.18417664e+01 8.94934158e+01 8.95407486e+01
    8.91405334e+01 8.88480682e+01 9.09679489e+01 8.87479401e+01
    9.16523895e+01 8.79033051e+01 9.08378220e+01 8.99146500e+01
    9.40687714e+01 9.30779343e+01 9.26312332e+01 9.33489456e+01
    9.09635849e+01 8.66607819e+01 8.96928024e+01 9.16457214e+01
    8.71698837e+01 8.86104126e+01 9.13516083e+01 8.71863403e+01
    8.80080719e+01 8.92635117e+01 9.05652084e+01 8.99623642e+01
    9.07510757e+01 9.21312332e+01 8.95656128e+01 9.05511856e+01
    8.87479401e+01 9.10754166e+01 9.16796112e+01 9.11622162e+01
    9.11010971e+01 9.02688675e+01 9.10706558e+01 9.13627472e+01
    8.96199799e+01 9.04115601e+01 9.11134415e+01 9.30018616e+01
    9.17883453e+01 9.36598053e+01 9.46614304e+01 9.37416458e+01
    9.30613785e+01 9.19909439e+01 9.19053192e+01 9.29439316e+01
    9.33074570e+01 8.91132278e+01 9.12844925e+01 9.16261673e+01
    9.00639038e+01 9.06136322e+01 9.23431244e+01 9.06765671e+01
    9.07473984e+01 9.02571106e+01 8.84173279e+01 8.49001770e+01
    9.10314941e+01 9.13797684e+01 8.95255432e+01 9.03304825e+01
    9.20889053e+01 8.82397461e+01 9.05628815e+01 9.04175415e+01
    9.03613739e+01 9.06658554e+01 9.05946045e+01 9.31587143e+01
    9.19788513e+01 9.34046707e+01 9.58880310e+01 9.54368057e+01
    9.64639664e+01 9.44549408e+01 9.54036484e+01 9.28276596e+01
    9.37450867e+01 9.17754745e+01 9.15654068e+01 9.33502274e+01
    9.42563782e+01 9.47183914e+01 9.10666962e+01 9.02298965e+01
    9.10626755e+01 9.19131165e+01 8.98797531e+01 9.03713379e+01
    8.95759125e+01 8.76642761e+01 8.80500488e+01 8.57315674e+01
    8.68272400e+01 9.13551025e+01 8.83687134e+01 8.95759659e+01 0.
    8.60436707e+01 8.69791489e+01 8.83991013e+01 8.65720978e+01
    8.91507416e+01 8.87855835e+01 8.77966919e+01 8.42535858e+01
    8.46207123e+01 8.74054337e+01 8.72395172e+01 8.81238022e+01
    8.53265152e+01 8.42107468e+01 8.79831390e+01 8.59392624e+01
    9.02110367e+01 8.91507568e+01 8.87890472e+01 8.91502075e+01
    8.67810593e+01 8.73920822e+01 8.90674744e+01 8.93364410e+01
    8.86479416e+01 9.05959320e+01 9.08585434e+01 9.03413010e+01
    8.97895203e+01 9.27598877e+01 9.33746490e+01 9.05932693e+01
    9.00648880e+01 8.44060135e+01 8.63282700e+01 8.95683746e+01
    8.86259689e+01 8.91154633e+01 9.01871719e+01 9.34802933e+01
    9.05210571e+01 9.22600784e+01 9.04209061e+01 9.18634491e+01
    9.13156815e+01 9.27158661e+01 9.07648697e+01 9.49465866e+01
    9.02050400e+01 9.38931656e+01 9.30060806e+01 9.09290085e+01
    9.19887314e+01 9.25643768e+01 8.98448105e+01 9.12625427e+01
    9.10176849e+01 9.12881012e+01 9.28527222e+01 8.80594635e+01
    8.52460556e+01 8.71093063e+01 8.68123779e+01 8.46186218e+01
    8.77138290e+01 8.58299561e+01 8.84623642e+01 9.09621582e+01
    8.76379166e+01 8.74145508e+01 9.18311310e+01 9.21011887e+01
    9.25496826e+01 8.92026215e+01 8.86439590e+01 9.28655930e+01
    9.15418015e+01 8.84959793e+01 9.13130035e+01 9.16285095e+01
    9.22262268e+01 9.03565216e+01 8.78965759e+01 9.15208359e+01
    8.93641663e+01 8.67672958e+01 8.71565552e+01 8.50668182e+01
    8.53762894e+01 8.74189758e+01 8.61258621e+01 8.91444550e+01
    8.37119064e+01 8.56190643e+01 8.59712753e+01 9.02707672e+01
    8.73975296e+01 8.55939941e+01 8.71759949e+01 8.95076599e+01
    8.67782135e+01 8.65172729e+01 8.76933975e+01 8.78189621e+01
    9.11024323e+01 9.12127380e+01 9.23284378e+01 9.07258911e+01
    9.34269409e+01 9.11620941e+01 9.33199692e+01 9.15848236e+01
    9.08207855e+01 9.04576111e+01 8.64775848e+01 8.69501953e+01
    8.90198364e+01 8.93010178e+01 9.09122314e+01 9.15701599e+01
    9.08983536e+01 9.06105499e+01 8.91079330e+01 9.09959183e+01
    8.78625641e+01 8.68930893e+01 8.73478928e+01 8.63952942e+01
    8.57816925e+01 8.69117508e+01 8.59592819e+01 8.79577255e+01
    8.91379318e+01 8.79989395e+01 9.19400177e+01 8.93503647e+01
    8.53783112e+01 8.80986481e+01 8.82827377e+01 8.71748962e+01
    8.87733536e+01 8.77658234e+01 9.15082016e+01 8.90015869e+01
    8.95807953e+01 9.09057617e+01 9.17173386e+01 8.94971771e+01
    9.20209274e+01 9.20045471e+01 8.87889023e+01 8.64815521e+01
    9.01981659e+01 8.93823090e+01 8.73183517e+01 9.14212341e+01
    8.86992645e+01 8.88848114e+01 9.04857712e+01 9.00823517e+01
    8.68206406e+01 8.98937988e+01 9.19368134e+01 9.11854095e+01
    9.05489578e+01 9.02901917e+01 8.92393036e+01 9.14373932e+01
    9.38343124e+01 8.98839874e+01 9.45167160e+01 9.13173447e+01
    9.18089600e+01 8.92440872e+01 9.07434158e+01 9.24406815e+01
    9.17194214e+01 9.39777145e+01 9.18221359e+01 9.38614578e+01
    9.34306412e+01 9.23879852e+01 8.92668457e+01 9.05476990e+01
    9.19278412e+01 9.35703125e+01 9.17628708e+01 9.15490036e+01
    8.93255234e+01 8.97096634e+01 9.20792465e+01 9.05999680e+01
    9.01092911e+01 8.78073502e+01 9.02602386e+01 9.15139236e+01
    8.75291901e+01 9.05047989e+01 9.03416901e+01 9.23071671e+01
    9.07164993e+01 9.03275833e+01 9.21894226e+01 8.86817245e+01
    8.94988251e+01 8.91364136e+01 9.15745163e+01 9.14170837e+01
    9.26627502e+01 9.44558411e+01 9.41293182e+01 9.95856094e+01
    9.47780762e+01 9.47787704e+01 9.59472656e+01 9.49785004e+01
    9.28297806e+01 9.36803589e+01 9.07669067e+01 9.07149200e+01
    9.26207886e+01 9.36478729e+01 9.47903595e+01 9.28947067e+01
    9.36973343e+01 8.96705093e+01 9.14729156e+01 8.57517319e+01
    9.25510330e+01 8.83658524e+01 8.77961884e+01 9.01985092e+01
    8.88321838e+01 8.56086502e+01 8.80881195e+01 8.94950790e+01
    8.77087173e+01 0. 8.83393097e+01 8.53874359e+01 8.75575409e+01
    8.75384750e+01 8.89861221e+01 8.75292969e+01 8.46792755e+01
    8.52826080e+01 8.44527054e+01 8.34746246e+01 8.64801025e+01
    8.48233185e+01 8.52529144e+01 8.57120743e+01 8.77441635e+01
    8.99072266e+01 8.98161697e+01 8.71325912e+01 9.00340424e+01
    8.81422424e+01 8.72695236e+01 8.76899872e+01 8.84809494e+01
    8.72709808e+01 9.09397659e+01 9.04898529e+01 9.05154266e+01
    9.09424057e+01 9.13220901e+01 9.36741867e+01 8.82648849e+01
    9.21477966e+01 9.05735245e+01 8.90959091e+01 8.75995026e+01
    8.98053665e+01 8.81704254e+01 9.26898270e+01 9.06219330e+01
    9.13617096e+01 9.04207458e+01 9.18446960e+01 9.16456070e+01
    9.00863953e+01 9.21330948e+01 8.88131104e+01 9.25778275e+01
    9.27076950e+01 9.33136215e+01 9.39384537e+01 8.92903976e+01
    8.91566391e+01 9.23295212e+01 9.31291733e+01 9.62668686e+01
    9.17198410e+01 9.06262970e+01 8.86654053e+01 8.81735840e+01
    8.53030472e+01 8.68460999e+01 8.81230087e+01 8.49379196e+01
    8.69813461e+01 8.74868698e+01 8.74511795e+01 8.89014130e+01
    8.82622833e+01 8.58248215e+01 8.74179993e+01 8.57913971e+01
    8.78302078e+01 8.93141327e+01 9.07447662e+01 9.14066696e+01
    9.12864685e+01 9.19701157e+01 9.21102829e+01 9.06168594e+01
    9.08082504e+01 9.00462112e+01 9.02962265e+01 9.15641174e+01
    8.83934708e+01 9.00097885e+01 8.53797836e+01 8.59505539e+01
    8.78588486e+01 8.62815247e+01 8.82078476e+01 8.74155350e+01
    8.59783401e+01 8.47996368e+01 8.68515701e+01 8.50514755e+01
    8.72574539e+01 8.84219742e+01 9.01068344e+01 8.92498093e+01
    8.68199844e+01 8.57089462e+01 8.68559418e+01 8.80450668e+01
    8.70036697e+01 8.98918457e+01 9.21259003e+01 8.78424835e+01
    8.91749115e+01 9.13550797e+01 8.91806030e+01 8.83173599e+01
    9.20255966e+01 9.05280151e+01 9.15322800e+01 9.37749710e+01
    8.42052002e+01 8.80404282e+01 8.70242004e+01 9.10029984e+01
    8.96965942e+01 9.16985397e+01 8.79085464e+01 8.92898560e+01
    8.70318146e+01 8.62186127e+01 8.87116089e+01 8.73461533e+01
    8.16506195e+01 8.54943924e+01 8.80998993e+01 8.48730011e+01
    8.49003983e+01 8.74954910e+01 8.81141129e+01 8.83111801e+01
    8.97330856e+01 8.91923370e+01 8.90904617e+01 9.02895813e+01
    8.98535309e+01 9.13390198e+01 8.97262650e+01 9.23035965e+01
    8.80316544e+01 8.79722519e+01 9.25238647e+01 9.47021561e+01
    9.46433105e+01 9.11775284e+01 9.19556885e+01 8.89571228e+01
    9.09342651e+01 9.33973465e+01 8.85011673e+01 9.08281097e+01
    9.22779770e+01 9.15724106e+01 8.92289505e+01 9.03120956e+01
    8.96439056e+01 8.95588303e+01 9.02796707e+01 9.10475540e+01
    8.82336731e+01 8.61555405e+01 8.82997513e+01 8.49033432e+01
    8.81503983e+01 9.02757187e+01 9.10627289e+01 8.96149750e+01
    9.01694489e+01 9.12533569e+01 9.21575546e+01 8.95947952e+01
    9.09036713e+01 9.18838806e+01 9.19603043e+01 9.45534363e+01
    9.47906952e+01 9.02330933e+01 9.26270905e+01 9.48080444e+01
    9.30119934e+01 9.54688873e+01 9.36269989e+01 9.26403198e+01
    9.18452759e+01 9.28920441e+01 9.36248856e+01 9.11393204e+01
    9.00570145e+01 8.94794159e+01 8.88751755e+01 8.82478790e+01
    8.63653641e+01 8.99449692e+01 9.03523788e+01 9.16012421e+01
    9.20298996e+01 9.39452667e+01 9.14434433e+01 9.33686905e+01
    8.90058365e+01 8.94100571e+01 9.11269913e+01 8.93426971e+01
    9.16613312e+01 9.39916916e+01 9.51344986e+01 9.50064774e+01
    9.48877182e+01 9.32356262e+01 9.60319061e+01 9.64854889e+01
    9.65844879e+01 9.22340164e+01 9.32720795e+01 9.19938965e+01
    9.00284729e+01 9.31598892e+01 9.50075378e+01 9.31111221e+01
    9.57350464e+01 9.46644592e+01 9.53248978e+01 9.11355820e+01
    9.14840317e+01 9.03497620e+01 8.91388092e+01 8.82915573e+01
    9.10973511e+01 9.00840683e+01 8.77423706e+01 9.15757828e+01
    8.98694763e+01 9.16765060e+01 0. 8.92851181e+01 8.66094742e+01
    8.91920929e+01 8.96525803e+01 8.89338150e+01 8.71773148e+01
    8.81477814e+01 8.61248016e+01 8.54386368e+01 8.84953537e+01
    8.95556946e+01 8.58262177e+01 8.54925461e+01 8.61321335e+01
    8.78119049e+01 9.08274078e+01 9.10479965e+01 8.77499619e+01
    8.64881363e+01 9.03831482e+01 8.81212387e+01 8.82150345e+01
    8.81360168e+01 9.09087524e+01 8.92397079e+01 8.83042908e+01
    9.18852081e+01 8.87142563e+01 9.01464310e+01 9.30188065e+01
    9.01517944e+01 8.80150452e+01 9.34106064e+01 9.09894257e+01
    8.79799576e+01 8.96558609e+01 8.76941299e+01 8.93839645e+01
    8.94329910e+01 9.14887238e+01 9.38569336e+01 8.79793320e+01
    9.36192093e+01 9.33978271e+01 9.09570389e+01 9.08155823e+01
    9.27650375e+01 9.06870956e+01 9.16257858e+01 8.99522095e+01
    8.83901825e+01 9.26379700e+01 9.50398483e+01 9.29343414e+01
    9.23664932e+01 9.14205017e+01 9.27344742e+01 9.08140869e+01
    9.07132416e+01 8.78029327e+01 8.61329422e+01 8.57434006e+01
    8.50029526e+01 8.55931015e+01 8.71457596e+01 8.83115692e+01
    8.75087433e+01 8.80134811e+01 8.50160828e+01 8.93668823e+01
    8.24402466e+01 8.79954758e+01 8.95214157e+01 8.77596970e+01
    8.80632401e+01 9.12098846e+01 8.97393570e+01 8.91893082e+01
    9.09324646e+01 8.80227432e+01 8.77684021e+01 9.17116699e+01
    8.89033432e+01 8.73686676e+01 8.93301010e+01 8.78158875e+01
    9.04247055e+01 8.62091904e+01 8.66077957e+01 8.55837479e+01
    8.32196808e+01 8.79223862e+01 8.54747238e+01 8.42849884e+01
    8.50420609e+01 8.99249878e+01 8.93733749e+01 9.01129761e+01
    8.93564148e+01 8.80970612e+01 8.64042358e+01 8.71814804e+01
    9.01853333e+01 8.62918091e+01 9.00869980e+01 9.10117188e+01
    9.03605957e+01 8.94055786e+01 8.92616577e+01 9.09055862e+01
    9.10317230e+01 8.89707031e+01 8.89255219e+01 8.97527466e+01
    8.87033691e+01 8.77051086e+01 8.68991318e+01 8.92418442e+01
    8.95145645e+01 8.92099915e+01 9.08571243e+01 8.71846542e+01
    8.59155045e+01 8.87321320e+01 9.27136230e+01 8.84682312e+01
    8.81257935e+01 8.55776291e+01 8.65926666e+01 8.72516098e+01
    8.92878342e+01 8.78465424e+01 8.82838440e+01 9.05406952e+01
    8.93486023e+01 9.11809235e+01 8.66706238e+01 8.78231659e+01
    9.00911942e+01 9.13948135e+01 8.89793854e+01 8.89059372e+01
    9.40497437e+01 9.19456940e+01 8.96373215e+01 9.17827454e+01
    9.25103149e+01 9.22742767e+01 9.27683258e+01 9.35384064e+01
    9.05019455e+01 9.12001724e+01 8.75730362e+01 9.13671112e+01
    9.19660873e+01 9.18235855e+01 9.11689758e+01 8.89931641e+01
    8.89686432e+01 9.18165436e+01 9.15378113e+01 8.73279266e+01
    9.23477631e+01 9.05388947e+01 8.76464081e+01 9.02814789e+01
    8.98389740e+01 8.80348282e+01 8.98409271e+01 9.21753845e+01
    9.30265121e+01 9.22845535e+01 9.00516586e+01 9.33199692e+01
    8.99984207e+01 9.30787888e+01 9.00814362e+01 9.17194595e+01
    9.17295685e+01 9.31335678e+01 9.22979584e+01 9.21403656e+01
    9.15956955e+01 9.20161133e+01 9.66324234e+01 9.27919083e+01
    9.39396896e+01 9.20547791e+01 9.26575775e+01 8.94812622e+01
    9.07501526e+01 9.13552704e+01 8.69606476e+01 8.79169388e+01
    8.85440826e+01 8.80691605e+01 8.82186203e+01 8.73981171e+01
    9.08945999e+01 9.20119629e+01 9.02143326e+01 9.08038635e+01
    9.16021881e+01 9.42137299e+01 9.08269730e+01 9.10004272e+01
    9.28716202e+01 9.12707977e+01 9.13648453e+01 9.49491501e+01
    9.33572235e+01 9.76684418e+01 9.79392624e+01 9.71295471e+01
    9.62950821e+01 9.59422302e+01 9.43890076e+01 9.61100693e+01
    9.39524231e+01 9.09534836e+01 9.26619263e+01 9.63132401e+01
    8.97438278e+01 9.44525223e+01 9.24622574e+01 9.14085007e+01
    9.29633713e+01 8.99231110e+01 9.05015106e+01 8.85187607e+01
    9.04418488e+01 9.01151199e+01 8.77790375e+01 8.69562759e+01
    8.79596176e+01 9.08128357e+01 8.90995941e+01 0. 8.84758453e+01
    8.92747421e+01 8.74080811e+01 8.94127426e+01 8.96363220e+01
    9.18467636e+01 8.99793777e+01 8.81129532e+01 9.16860580e+01
    8.75551605e+01 8.49826736e+01 9.19889069e+01 8.62531662e+01
    8.85625763e+01 8.75403900e+01 8.86663742e+01 8.80906601e+01
    8.79593506e+01 8.60635910e+01 8.82132034e+01 9.02986832e+01
    8.79239426e+01 8.64256210e+01 8.39746399e+01 9.01158524e+01
    9.22680969e+01 9.07738953e+01 8.91631088e+01 9.05311737e+01
    9.04261932e+01 8.99516602e+01 9.12139740e+01 8.90444946e+01
    8.47988586e+01 8.66112747e+01 8.59554367e+01 8.67390594e+01
    9.12561111e+01 8.82417679e+01 8.63997269e+01 9.18881149e+01
    9.19719009e+01 8.97301712e+01 9.28915558e+01 9.23877106e+01
    9.18564606e+01 8.82702789e+01 9.06629105e+01 9.11590729e+01
    8.82041092e+01 8.98848953e+01 9.14548264e+01 9.45755692e+01
    9.23548584e+01 9.21157532e+01 9.11957016e+01 9.13125458e+01
    9.19532242e+01 8.92432632e+01 8.57820663e+01 8.96320114e+01
    8.62337875e+01 8.54491425e+01 8.75632095e+01 9.11944275e+01
    8.87998428e+01 9.01457138e+01 8.90575638e+01 8.90493240e+01
    8.73295517e+01 8.77685471e+01 8.53473740e+01 9.11208344e+01
    9.16334000e+01 8.83240891e+01 9.13799896e+01 8.66467819e+01
    9.33331451e+01 8.91950760e+01 8.83918762e+01 8.89598083e+01
    9.20606003e+01 8.46607895e+01 8.72192230e+01 8.64523087e+01
    8.84135437e+01 8.81080475e+01 8.97813950e+01 9.07516861e+01
    8.65892410e+01 8.71891022e+01 8.96175613e+01 8.82698135e+01
    8.39100800e+01 8.88144226e+01 8.99988174e+01 9.02022934e+01
    8.93384399e+01 8.90998688e+01 8.93417816e+01 8.93321838e+01
    8.79581528e+01 8.77464218e+01 8.98177795e+01 8.99268188e+01
    9.08100586e+01 9.04039917e+01 8.88376541e+01 9.30724640e+01
    8.76647720e+01 9.12040253e+01 8.97073135e+01 9.00462723e+01
    8.82732315e+01 9.04601593e+01 8.89911499e+01 8.45366516e+01
    8.87486725e+01 9.13330841e+01 9.22145233e+01 9.08847427e+01
    8.90845261e+01 8.72599182e+01 8.96169968e+01 9.21641464e+01
    8.89218826e+01 8.59213257e+01 8.67324982e+01 8.85681229e+01
    9.11292343e+01 9.18459854e+01 9.07586517e+01 8.85205154e+01
    9.05181198e+01 9.16989136e+01 8.95799484e+01 8.71505661e+01
    8.91924362e+01 8.82823792e+01 9.03051834e+01 9.14508209e+01
    9.04432678e+01 8.77265625e+01 8.90297012e+01 9.23172150e+01
    9.22368011e+01 9.36250000e+01 9.29731827e+01 9.28309402e+01
    9.02511673e+01 9.19674454e+01 9.18088608e+01 9.36280212e+01
    8.90778580e+01 9.25637131e+01 9.21791229e+01 9.13243332e+01
    8.63020401e+01 8.87499924e+01 9.56287231e+01 8.79053650e+01
    9.12545090e+01 8.78934784e+01 9.13032227e+01 9.08508606e+01
    9.10815735e+01 8.95862503e+01 9.04944000e+01 8.99139175e+01
    9.20692291e+01 8.98560486e+01 9.18432617e+01 8.93665771e+01
    9.22356720e+01 9.33372498e+01 9.06509171e+01 9.19257507e+01
    9.26536560e+01 9.63602371e+01 9.32065582e+01 9.13469009e+01
    9.01447449e+01 9.45949249e+01 9.13607635e+01 9.32895660e+01
    9.42042618e+01 9.52429199e+01 9.41866989e+01 9.47769928e+01
    9.25550079e+01 9.35577698e+01 9.10173416e+01 9.30041046e+01
    9.01466064e+01 8.68264389e+01 8.89231339e+01 8.90505066e+01
    8.91897736e+01 8.99716949e+01 9.32791824e+01 9.22374878e+01
    9.16448288e+01 9.07247849e+01 9.09016266e+01 9.17007446e+01
    9.01472549e+01 9.18402328e+01 9.31908875e+01 9.41286545e+01
    9.39997406e+01 9.35741119e+01 9.66354828e+01 9.83403931e+01
    9.69048920e+01 9.63559189e+01 9.64031982e+01 9.31017456e+01
    9.30009155e+01 8.92189407e+01 9.44483719e+01 9.23406219e+01
    9.17155151e+01 9.20016479e+01 9.33667984e+01 9.28167191e+01
    9.06380234e+01 9.04765854e+01 8.73895721e+01 8.50935669e+01
    8.51878052e+01 8.68298111e+01 8.45900345e+01 8.74353104e+01
    8.87595444e+01 8.88561478e+01 9.00066071e+01 8.83677902e+01 0.
    9.21910782e+01 9.04215240e+01 9.02185211e+01 9.20578308e+01
    8.72226791e+01 9.36038284e+01 9.05031204e+01 8.67906799e+01
    8.46308060e+01 8.60278549e+01 8.57309113e+01 8.60523376e+01
    8.63403778e+01 8.39150925e+01 8.78067627e+01 8.77698593e+01
    9.08044052e+01 8.81722794e+01 8.75326385e+01 8.69625015e+01
    8.81460953e+01 8.79352264e+01 8.76834564e+01 8.99336472e+01
    8.82316666e+01 9.04957199e+01 9.41528320e+01 9.26869812e+01
    9.14548798e+01 9.17983398e+01 8.98052597e+01 8.40244904e+01
    9.01679459e+01 9.02989578e+01 8.89271240e+01 9.07323151e+01
    8.76756668e+01 8.75270004e+01 9.03598557e+01 8.76674347e+01
    9.02990952e+01 9.09983063e+01 9.17593613e+01 9.07639160e+01
    8.86469040e+01 9.01016922e+01 9.11198502e+01 8.81991577e+01
    8.91838150e+01 9.08864975e+01 9.49070892e+01 9.20258255e+01
    9.44607239e+01 9.29750824e+01 9.11107178e+01 8.81259460e+01
    9.22190247e+01 8.99640961e+01 9.37824020e+01 8.83638535e+01
    8.64633331e+01 9.20693588e+01 8.95485077e+01 8.66954422e+01
    8.65315552e+01 8.97764816e+01 9.16792603e+01 8.79352341e+01
    8.65729294e+01 8.69501648e+01 8.74925385e+01 8.53401947e+01
    9.02999802e+01 8.94530640e+01 9.45967865e+01 9.36021347e+01
    8.82858200e+01 8.71725540e+01 8.75212250e+01 8.99097137e+01
    8.83219681e+01 9.06419983e+01 8.82148285e+01 8.77090759e+01
    8.82807617e+01 8.80267181e+01 8.77436523e+01 8.92572250e+01
    8.77588959e+01 8.87555771e+01 8.74108124e+01 8.57857742e+01
    8.71528549e+01 8.62185516e+01 8.78566742e+01 9.16085739e+01
    9.05370255e+01 8.92785339e+01 9.11690445e+01 8.90992203e+01
    8.96648254e+01 8.74774933e+01 8.94847183e+01 8.97209549e+01
    8.71160583e+01 8.79079895e+01 8.89733887e+01 8.93655014e+01
    8.71054611e+01 9.07848129e+01 9.09362946e+01 8.73606491e+01
    9.12810135e+01 9.07080383e+01 9.00757980e+01 8.71710358e+01
    8.96263962e+01 8.94754715e+01 8.91975784e+01 9.09687881e+01
    9.16421280e+01 8.84535294e+01 8.83534088e+01 8.91763763e+01
    8.64327469e+01 9.00369339e+01 8.72220001e+01 8.93225021e+01
    8.95890198e+01 8.96716919e+01 8.74656982e+01 8.97781982e+01
    9.03090744e+01 8.73432770e+01 9.25956726e+01 8.78719711e+01
    8.81002502e+01 8.77141571e+01 9.20220413e+01 9.07454147e+01
    8.84462585e+01 8.95771408e+01 8.97134094e+01 8.87065048e+01
    8.96300735e+01 8.94680634e+01 9.18037338e+01 9.11775208e+01
    9.40324097e+01 9.71061478e+01 9.08505020e+01 9.08783112e+01
    9.38900833e+01 9.33680954e+01 9.31963806e+01 8.94069366e+01
    9.08144226e+01 9.21546707e+01 8.93687973e+01 9.33628311e+01
    9.44147415e+01 9.10833740e+01 9.03940201e+01 9.08519821e+01
    8.89513092e+01 8.73846130e+01 9.01762543e+01 8.78680115e+01
    8.97864761e+01 8.87139511e+01 8.94828568e+01 8.96718063e+01
    8.84629593e+01 8.86297073e+01 8.99550171e+01 8.86918182e+01
    8.86699295e+01 9.08044662e+01 9.33769760e+01 9.38742447e+01
    9.14467850e+01 9.48446350e+01 8.97592087e+01 9.63918991e+01
    9.48524017e+01 9.28648834e+01 9.44534073e+01 9.51907196e+01
    9.09211578e+01 9.42049103e+01 9.39419479e+01 9.26879959e+01
    9.41834488e+01 9.27769699e+01 9.08283844e+01 8.96330185e+01
    9.15421906e+01 8.76416092e+01 9.34605331e+01 9.19885941e+01
    9.19895096e+01 9.31789169e+01 8.81278305e+01 8.96315842e+01
    9.10672302e+01 9.28177185e+01 9.06119995e+01 9.24440460e+01
    9.38098373e+01 9.57964630e+01 9.43291321e+01 9.62494507e+01
    9.51191406e+01 9.76377335e+01 9.26971283e+01 9.42604294e+01
    9.42313385e+01 9.41540298e+01 9.22439728e+01 9.05906677e+01
    9.24379654e+01 9.27414093e+01 9.14380646e+01 9.19039917e+01
    9.24181519e+01 9.29329529e+01 8.99532318e+01 8.92554169e+01
    8.79902954e+01 9.01918793e+01 8.57188950e+01 8.77071304e+01
    8.74517517e+01 8.79299622e+01 9.04350739e+01 9.28255310e+01
    8.94651947e+01 0. 8.66812363e+01 8.69101257e+01 8.61790161e+01
    8.97634964e+01 8.99031143e+01 8.93196793e+01 9.10578613e+01
    8.78488159e+01 9.00617065e+01 8.42849426e+01 8.64425125e+01
    8.70812302e+01 8.92703552e+01 8.65953903e+01 8.84974518e+01
    8.89624329e+01 8.85930862e+01 8.95252686e+01 8.71073837e+01
    8.86547470e+01 8.85561676e+01 8.88261642e+01 8.85893631e+01
    8.68565216e+01 8.75862961e+01 9.17317123e+01 9.17869415e+01
    9.02400513e+01 8.84892197e+01 8.78062057e+01 9.01338654e+01
    8.68173599e+01 8.75672226e+01 8.64222565e+01 8.40882874e+01
    8.44669266e+01 8.47826767e+01 8.62579193e+01 9.07842484e+01
    8.71336823e+01 8.77634659e+01 9.03767319e+01 8.84551620e+01
    9.00433121e+01 8.80366287e+01 8.98450775e+01 8.77317963e+01
    9.07395706e+01 9.09225845e+01 9.02666626e+01 8.96647720e+01
    9.22941666e+01 8.86106033e+01 9.05760574e+01 9.06513443e+01
    8.87818222e+01 8.72040405e+01 9.26490555e+01 9.23374252e+01
    8.83880844e+01 8.69933548e+01 8.56676178e+01 8.61898804e+01
    8.73176117e+01 8.84335480e+01 9.16524506e+01 8.85920868e+01
    8.88784790e+01 8.75666656e+01 8.78976059e+01 8.88290939e+01
    8.61235046e+01 9.06724625e+01 9.38134689e+01 9.14973907e+01
    9.07232285e+01 9.02189331e+01 8.97797470e+01 9.03697205e+01
    9.10041580e+01 9.23986282e+01 8.89256973e+01 8.61729050e+01
    9.07413483e+01 9.19027328e+01 8.60823059e+01 8.80768661e+01
    9.04425201e+01 8.64359207e+01 8.82412033e+01 8.84345856e+01
    8.69959641e+01 8.50765152e+01 8.21582413e+01 8.72543716e+01
    8.51825943e+01 9.06821594e+01 8.76256332e+01 9.17740479e+01
    9.00672302e+01 8.86132202e+01 8.75108719e+01 8.86456375e+01
    8.61227798e+01 8.47789154e+01 8.81122284e+01 8.64256287e+01
    8.67381668e+01 8.95977020e+01 9.07122269e+01 9.16079407e+01
    9.37373886e+01 8.88785248e+01 8.81077881e+01 8.97313995e+01
    8.83078461e+01 8.88730164e+01 8.76848679e+01 9.04579773e+01
    9.20196991e+01 9.17780228e+01 8.95504990e+01 8.99183655e+01
    8.81509628e+01 9.13319168e+01 9.19412918e+01 8.91098099e+01
    8.80655441e+01 8.94161072e+01 9.00142593e+01 8.92425537e+01
    8.84287872e+01 9.09135818e+01 8.96448364e+01 9.13174896e+01
    9.29022903e+01 8.96111298e+01 8.87869339e+01 9.31768036e+01
    9.00589066e+01 9.26852417e+01 9.32049713e+01 8.79039001e+01
    8.79858780e+01 9.18257141e+01 9.06593857e+01 9.28756485e+01
    9.37838440e+01 9.38762741e+01 9.19387894e+01 9.28057022e+01
    9.23373337e+01 9.13325806e+01 8.89775162e+01 8.75048218e+01
    9.33767624e+01 9.40875168e+01 9.02552414e+01 9.12737656e+01
    9.20549469e+01 8.78934021e+01 8.84378204e+01 9.15302887e+01
    8.81147995e+01 8.66891632e+01 8.96293793e+01 8.84456940e+01
    8.77100449e+01 8.93834381e+01 8.93612747e+01 8.96177902e+01
    8.97718201e+01 8.89711075e+01 8.64486771e+01 8.87372894e+01
    9.05802765e+01 8.78522415e+01 8.94622269e+01 9.38716660e+01
    9.17502594e+01 9.08612213e+01 9.32852173e+01 9.05611801e+01
    9.45341187e+01 9.22279587e+01 9.15968857e+01 9.39591904e+01
    9.34955673e+01 9.33114624e+01 9.13173981e+01 9.36716919e+01
    8.78568726e+01 9.20551376e+01 9.04514771e+01 9.00495987e+01
    9.19446182e+01 9.27986069e+01 8.97269592e+01 9.21878052e+01
    9.40118561e+01 9.02906189e+01 9.21592178e+01 9.01228333e+01
    8.65811996e+01 8.91834183e+01 9.31573944e+01 8.89992447e+01
    8.91421738e+01 9.11185989e+01 9.49384613e+01 9.53462219e+01
    9.32625732e+01 9.66053848e+01 9.27221146e+01 9.96254730e+01
    9.36570053e+01 9.16116791e+01 8.95748520e+01 9.12196198e+01
    9.13619156e+01 9.17523422e+01 9.60825348e+01 9.22893600e+01
    9.10512390e+01 9.19445038e+01 9.16803665e+01 8.94083557e+01
    8.66703033e+01 8.74882507e+01 9.08747101e+01 9.04942856e+01
    8.94901428e+01 9.02439728e+01 8.80789490e+01 8.95708542e+01
    8.76453552e+01 8.94281921e+01 0. 8.80707779e+01 8.59678879e+01
    8.72525787e+01 9.07809372e+01 9.04377289e+01 9.01956940e+01
    9.11855392e+01 8.92595062e+01 8.86281128e+01 8.81236115e+01
    8.67957077e+01 8.93939743e+01 9.20318069e+01 8.80703659e+01
    8.71509476e+01 9.07324677e+01 9.12988205e+01 8.68615036e+01
    8.91769562e+01 8.92750015e+01 8.89496155e+01 8.64783936e+01
    9.05826187e+01 8.87244110e+01 8.52952194e+01 8.76204529e+01
    9.25318909e+01 9.38229446e+01 9.03715591e+01 9.03770523e+01
    8.72898483e+01 9.01471329e+01 8.72808533e+01 8.88177719e+01
    8.73243332e+01 8.81027451e+01 8.99528275e+01 8.67486420e+01
    8.92066803e+01 9.09903717e+01 8.93155594e+01 9.23915329e+01
    9.00005112e+01 9.13886261e+01 9.04212189e+01 9.05478973e+01
    8.99747543e+01 9.24420166e+01 9.18999710e+01 9.08919220e+01
    9.08463516e+01 9.37928696e+01 9.05589981e+01 9.35410995e+01
    8.96817627e+01 9.03994293e+01 8.71448212e+01 8.68656616e+01
    8.93863678e+01 9.04796371e+01 8.75045547e+01 8.85143890e+01
    9.03336945e+01 8.69668732e+01 8.78262253e+01 8.84074173e+01
    8.80518341e+01 8.85712738e+01 9.00675888e+01 8.80219040e+01
    9.12628098e+01 9.04710846e+01 9.17145691e+01 9.07454529e+01
    9.27163849e+01 9.26485901e+01 8.95306931e+01 9.18098831e+01
    9.13118820e+01 9.06067963e+01 9.03715744e+01 9.16929703e+01
    8.99157715e+01 9.02009583e+01 9.13306198e+01 9.21928406e+01
    8.74974823e+01 8.80041733e+01 8.90154953e+01 8.89490128e+01
    8.49019241e+01 8.26618118e+01 8.52474442e+01 8.51341019e+01
    8.52430267e+01 8.94719849e+01 8.67799683e+01 8.92996674e+01
    9.04272537e+01 8.98917923e+01 8.98855286e+01 8.93291016e+01
    8.67086334e+01 8.76346054e+01 8.78105545e+01 9.02455444e+01
    8.64969254e+01 8.83907089e+01 8.90070267e+01 9.26693649e+01
    8.66717529e+01 9.06470947e+01 8.89560471e+01 8.99561234e+01
    9.36248169e+01 8.70098801e+01 9.36430893e+01 8.95840683e+01
    9.20529556e+01 8.89998856e+01 9.18882828e+01 8.92503433e+01
    8.93997650e+01 9.03493576e+01 9.01026459e+01 9.17812958e+01
    9.06414566e+01 8.96429214e+01 9.13022919e+01 9.31890564e+01
    8.99130478e+01 9.16133423e+01 9.08580475e+01 9.01924896e+01
    9.22164001e+01 9.07570724e+01 8.79275742e+01 8.89750214e+01
    9.27990417e+01 9.23824081e+01 8.93365326e+01 9.15067825e+01
    9.38809509e+01 9.05724106e+01 9.00206757e+01 9.25689163e+01
    9.47034988e+01 9.50051956e+01 9.81743927e+01 9.16663971e+01
    9.08726883e+01 8.86732025e+01 9.06619415e+01 8.86368713e+01
    8.78167648e+01 8.84565659e+01 9.08479462e+01 8.84537201e+01
    8.80302963e+01 8.93515167e+01 9.16460114e+01 9.20473099e+01
    8.58289795e+01 9.03415527e+01 8.92134628e+01 8.92345734e+01
    8.65372314e+01 8.61708069e+01 8.58962097e+01 8.85330582e+01
    8.54258041e+01 8.78453674e+01 8.79951706e+01 8.90988312e+01
    8.71234283e+01 9.06013641e+01 8.95029449e+01 8.88098602e+01
    9.10721664e+01 8.97640152e+01 9.50808411e+01 9.02611389e+01
    9.17091064e+01 9.35802002e+01 9.56878128e+01 8.93932953e+01
    9.50121841e+01 9.50705948e+01 9.21771622e+01 9.08343353e+01
    9.36850357e+01 9.31994934e+01 9.44500809e+01 9.33870010e+01
    9.04063339e+01 9.42101288e+01 9.10727005e+01 9.25682373e+01
    9.21584396e+01 9.28555908e+01 9.31826248e+01 8.96275864e+01
    9.34394226e+01 9.07354202e+01 9.07647476e+01 9.07495880e+01
    9.17815094e+01 8.87823257e+01 9.21357269e+01 9.33911133e+01
    9.41831360e+01 9.38958588e+01 9.37882996e+01 9.40307388e+01
    9.32884521e+01 9.53782959e+01 9.10303345e+01 9.02502289e+01
    9.39313889e+01 9.07970734e+01 9.12426224e+01 9.30675354e+01
    9.02980728e+01 9.16873245e+01 9.01013260e+01 9.03312225e+01
    8.62694397e+01 8.61122894e+01 8.81607132e+01 9.04391937e+01
    8.85296631e+01 8.62063217e+01 9.00161362e+01 8.89811172e+01
    8.98009109e+01 9.02955627e+01 8.84843063e+01 0. 9.02213593e+01
    8.69038467e+01 8.65358429e+01 8.96729202e+01 9.16900101e+01
    8.89202499e+01 8.98324585e+01 8.78091888e+01 8.70549240e+01
    9.03176346e+01 8.67536163e+01 8.69984131e+01 8.65849915e+01
    9.07350082e+01 8.94897156e+01 8.76859818e+01 9.13845367e+01
    9.05775681e+01 8.89932175e+01 8.80347366e+01 9.07099686e+01
    8.80337219e+01 9.01634216e+01 9.09602966e+01 9.10864334e+01
    9.10207977e+01 9.47370682e+01 9.30938339e+01 9.21049423e+01
    9.33883743e+01 9.17197495e+01 9.43724899e+01 8.96666260e+01
    9.10660782e+01 8.80806503e+01 8.96548538e+01 8.70440292e+01
    9.22054520e+01 8.91875458e+01 9.03741455e+01 8.93591614e+01
    9.04628677e+01 9.35875320e+01 9.08845901e+01 8.98869629e+01
    8.76720352e+01 8.84330521e+01 9.23049393e+01 8.87430496e+01
    9.24753113e+01 8.71032410e+01 9.26302338e+01 9.03475113e+01
    8.84573364e+01 8.75414124e+01 8.97003326e+01 9.05883713e+01
    9.06872177e+01 8.97381058e+01 9.16955109e+01 8.81933060e+01
    8.78488235e+01 8.53599701e+01 8.75438766e+01 9.09762421e+01
    8.75811386e+01 9.00048523e+01 8.96873398e+01 8.79443741e+01
    8.78642578e+01 8.99162521e+01 8.94480286e+01 9.49176941e+01
    9.08196564e+01 9.30647659e+01 9.21217194e+01 9.34405823e+01
    9.00832825e+01 9.15277252e+01 9.22681427e+01 9.22912674e+01
    9.18503494e+01 9.21427002e+01 9.13796387e+01 9.26184769e+01
    8.80996323e+01 8.92778473e+01 8.80023804e+01 8.85821686e+01
    8.79099808e+01 8.94395599e+01 8.82124863e+01 8.55749741e+01
    8.51721954e+01 8.64597855e+01 8.67700119e+01 8.79974976e+01
    9.02928391e+01 8.82009659e+01 9.21009979e+01 8.75586090e+01
    8.71324387e+01 8.97931061e+01 8.88996887e+01 8.73659821e+01
    8.89416428e+01 8.60500183e+01 8.40344925e+01 9.09181595e+01
    8.89371567e+01 8.92521973e+01 9.25833206e+01 9.13024139e+01
    9.15788879e+01 8.99679565e+01 9.03471375e+01 8.51894150e+01
    8.75310059e+01 8.84541779e+01 8.85092316e+01 9.12552795e+01
    8.97593536e+01 8.75173798e+01 9.17980499e+01 9.04774704e+01
    9.38821869e+01 9.16306305e+01 9.31033783e+01 9.19913406e+01
    9.44777985e+01 9.02307205e+01 9.11124115e+01 9.15634232e+01
    8.94549789e+01 8.81941452e+01 9.33667908e+01 9.03416061e+01
    8.62977371e+01 8.94463348e+01 8.77659912e+01 9.30996094e+01
    8.89294434e+01 8.64493790e+01 8.94327011e+01 9.01300812e+01
    9.20900421e+01 9.52269135e+01 9.15819397e+01 9.36628647e+01
    9.19839630e+01 9.31693192e+01 8.97547302e+01 8.92713928e+01
    8.78307266e+01 8.92323303e+01 9.23319168e+01 8.82508621e+01
    9.27583160e+01 9.23920517e+01 9.05282135e+01 9.14450760e+01
    8.88140411e+01 9.14738388e+01 9.01700974e+01 8.91354141e+01
    8.59000702e+01 8.88070679e+01 8.75057068e+01 8.77813950e+01
    8.70008545e+01 8.99237442e+01 8.42033691e+01 8.94386826e+01
    8.59056396e+01 8.56304626e+01 8.49852524e+01 8.79327927e+01
    8.68182068e+01 8.80044937e+01 9.01507645e+01 8.94351654e+01
    9.36212997e+01 9.36760101e+01 9.04561768e+01 9.16005402e+01
    9.32238922e+01 9.36000443e+01 9.13406830e+01 9.34131165e+01
    9.24346695e+01 9.42474518e+01 9.29026184e+01 9.45201797e+01
    9.28357697e+01 9.52047806e+01 9.61115265e+01 9.34862518e+01
    9.46692123e+01 9.41086578e+01 9.40008240e+01 9.42430191e+01
    9.20653534e+01 9.46723251e+01 9.55150146e+01 9.47122269e+01
    9.22604599e+01 9.19242020e+01 9.20180283e+01 8.90411453e+01
    9.36586685e+01 9.25910263e+01 9.31888123e+01 9.10816193e+01
    9.28751755e+01 9.46636429e+01 9.54401550e+01 9.04938583e+01
    9.04050140e+01 9.15208435e+01 9.16368790e+01 9.04571381e+01
    9.15169373e+01 9.08155670e+01 8.97277069e+01 9.03623657e+01
    9.02449799e+01 9.00058289e+01 8.49665375e+01 8.66395569e+01
    8.90660095e+01 8.67835999e+01 9.48831024e+01 8.83683167e+01
    8.83983917e+01 8.80273666e+01 8.82864380e+01 8.80409164e+01 0.
    8.91209488e+01 8.68997879e+01 8.59290619e+01 8.77832489e+01
    8.79342957e+01 8.64469070e+01 8.92928619e+01 8.67375641e+01
    8.71497040e+01 8.66070938e+01 8.66030960e+01 8.52405624e+01
    8.65024796e+01 8.94822769e+01 8.72179642e+01 9.01247635e+01
    8.57225952e+01 8.71221008e+01 8.81212158e+01 8.90517654e+01
    8.77187958e+01 8.94336319e+01 9.28692093e+01 9.11111526e+01
    9.06018829e+01 9.27615509e+01 9.16149445e+01 9.40245056e+01
    9.28186798e+01 9.31631088e+01 9.04355087e+01 9.40495377e+01
    9.38882828e+01 9.07867584e+01 9.00272217e+01 8.83063736e+01
    9.16818085e+01 9.15623703e+01 8.97733765e+01 9.21609039e+01
    9.25104523e+01 9.30836334e+01 9.11119156e+01 9.09408875e+01
    9.09232941e+01 9.00789948e+01 9.17985153e+01 9.30094299e+01
    9.14829483e+01 9.25824814e+01 8.85295944e+01 9.11240311e+01
    8.84179382e+01 9.06717453e+01 8.85774994e+01 8.81195374e+01
    9.13136139e+01 8.99474640e+01 8.97912064e+01 8.89475708e+01
    8.84103851e+01 8.95225677e+01 8.70233688e+01 8.92686768e+01
    8.79340973e+01 8.85757065e+01 8.76440353e+01 8.92398453e+01
    9.06691208e+01 8.86567688e+01 9.13590698e+01 9.10101318e+01
    9.36955338e+01 9.29224701e+01 9.01131744e+01 9.28808136e+01
    9.02276917e+01 9.27223511e+01 9.51213913e+01 9.38627625e+01
    9.54283981e+01 9.50723114e+01 9.06626205e+01 8.94872055e+01
    9.32154922e+01 8.88908691e+01 8.85627594e+01 8.74304504e+01
    9.12639084e+01 8.82547531e+01 8.69987793e+01 8.34633865e+01
    8.86691818e+01 8.80149078e+01 8.53385620e+01 8.56659164e+01
    8.79874725e+01 8.57292175e+01 8.75060501e+01 8.85207443e+01
    8.81273956e+01 8.62879944e+01 8.91514511e+01 8.78058701e+01
    8.72569427e+01 8.84651947e+01 8.63801727e+01 8.87996368e+01
    8.81870880e+01 8.89534073e+01 8.50797348e+01 8.95521393e+01
    9.03526382e+01 9.09620285e+01 8.87324600e+01 8.57550201e+01
    8.85897217e+01 8.98054886e+01 8.86304932e+01 8.61614990e+01
    8.79513245e+01 8.89486389e+01 8.86559525e+01 8.70289001e+01
    9.19742584e+01 8.77994385e+01 9.15190048e+01 8.84502792e+01
    8.98159790e+01 8.89436722e+01 9.04919891e+01 9.00384598e+01
    9.30790863e+01 9.05921631e+01 9.11234970e+01 9.03175201e+01
    9.04855652e+01 8.78402939e+01 9.00168533e+01 8.88703537e+01
    8.90839767e+01 9.00713043e+01 8.89883804e+01 8.99963531e+01
    8.85911331e+01 9.28389206e+01 9.15957413e+01 9.21773987e+01
    9.00117340e+01 9.39572144e+01 8.69213486e+01 8.88568344e+01
    9.34917374e+01 9.19094391e+01 9.10518341e+01 9.10698013e+01
    9.26830673e+01 9.06204224e+01 9.22877731e+01 9.23033600e+01
    8.90669708e+01 9.18863602e+01 9.01421204e+01 8.66455460e+01
    8.93550186e+01 8.83042450e+01 9.01690140e+01 8.78978729e+01
    8.86587143e+01 8.89632797e+01 8.66739807e+01 8.61268768e+01
    8.60637665e+01 8.74018097e+01 8.73006516e+01 8.74359512e+01
    8.81451569e+01 8.90199585e+01 9.00427551e+01 9.43186035e+01
    9.37348328e+01 9.25274582e+01 9.16317368e+01 9.52536011e+01
    9.35121002e+01 9.08691101e+01 9.35062256e+01 9.02467422e+01
    9.25308228e+01 9.21362991e+01 9.53126068e+01 9.26266098e+01
    9.48360901e+01 9.34178848e+01 9.57048874e+01 9.40921783e+01
    9.27991028e+01 9.18933487e+01 9.60363388e+01 9.40420914e+01
    9.39139328e+01 8.97373962e+01 9.38538513e+01 9.54323807e+01
    9.12024078e+01 9.30264664e+01 9.08629837e+01 9.05155640e+01
    9.00158997e+01 9.34838181e+01 9.30779953e+01 9.38619766e+01
    9.72088547e+01 9.40059586e+01 8.97755280e+01 9.32432098e+01
    9.33875427e+01 8.93540497e+01 8.71483994e+01 8.72267532e+01
    9.07707291e+01 8.91499634e+01 9.19265976e+01 8.98303604e+01
    8.80037918e+01 8.94354401e+01 8.65973663e+01 8.59572220e+01
    8.58494415e+01 8.85950470e+01 8.63336182e+01 8.64030609e+01
    8.90248489e+01 8.60561981e+01 8.59817581e+01 9.08077621e+01
    8.92189789e+01 0. 8.66975708e+01 8.64262466e+01 8.69771652e+01
    8.68456039e+01 8.76107559e+01 8.58609467e+01 9.05724487e+01
    8.51670532e+01 8.79372787e+01 9.16969604e+01 8.82916565e+01
    8.51153870e+01 9.01818924e+01 8.80629959e+01 8.78219376e+01
    8.65150681e+01 9.10980530e+01 9.18956985e+01 8.75518875e+01
    9.08027954e+01 9.01306076e+01 9.08726883e+01 8.98692093e+01
    9.50201492e+01 9.29968796e+01 9.28693771e+01 9.73354568e+01
    9.59845123e+01 9.46328888e+01 9.32650681e+01 9.23269882e+01
    9.10814285e+01 9.58821869e+01 9.15392914e+01 8.83325043e+01
    9.13797684e+01 9.01637955e+01 9.66663208e+01 9.19443359e+01
    8.75703659e+01 9.22374496e+01 9.17596207e+01 9.63832855e+01
    9.04104996e+01 9.35930634e+01 9.26572189e+01 9.46221542e+01
    8.90870209e+01 9.15071106e+01 9.15489883e+01 9.06017609e+01
    9.32332840e+01 8.78870926e+01 9.00817108e+01 8.96524658e+01
    8.71835022e+01 8.71783981e+01 9.50716400e+01 9.05992432e+01
    9.04115829e+01 8.88145981e+01 8.79922485e+01 8.73143158e+01
    8.62084274e+01 8.85542984e+01 9.09624329e+01 9.05808868e+01
    8.71775208e+01 8.95994568e+01 9.12052612e+01 8.87727280e+01
    9.19071884e+01 9.36814270e+01 9.24637833e+01 9.47738571e+01
    9.34450302e+01 9.26126404e+01 9.24311371e+01 9.45364151e+01
    9.23875961e+01 9.49199448e+01 9.26387100e+01 9.23318405e+01
    9.37417831e+01 9.12260590e+01 8.98331757e+01 9.34035492e+01
    8.79776077e+01 8.99451370e+01 8.82080078e+01 8.92627792e+01
    8.90150299e+01 8.48954697e+01 8.74125977e+01 8.71354599e+01
    8.80912399e+01 9.04948120e+01 8.99884186e+01 8.83782578e+01
    8.76403961e+01 9.04812317e+01 8.94119492e+01 9.13137665e+01
    8.91031036e+01 8.60690689e+01 8.91099701e+01 8.87693405e+01
    8.59437485e+01 8.98689880e+01 9.07793732e+01 9.01295471e+01
    8.96576309e+01 8.71568832e+01 9.05463715e+01 9.09623871e+01
    8.54278793e+01 8.71321411e+01 8.93269730e+01 8.70575790e+01
    8.75598907e+01 8.56046600e+01 8.58456650e+01 9.01243057e+01
    8.92194443e+01 8.75100784e+01 9.10171509e+01 9.02756119e+01
    8.35437927e+01 8.85822144e+01 8.98814392e+01 8.91707687e+01
    9.34566498e+01 9.19021835e+01 9.09339294e+01 8.92743607e+01
    9.25089798e+01 8.91197891e+01 9.22533188e+01 8.82353287e+01
    8.85077133e+01 9.10709152e+01 8.81019135e+01 9.09139938e+01
    8.83049774e+01 9.32774887e+01 9.34304276e+01 9.61482010e+01
    8.90743942e+01 9.32742615e+01 9.25001144e+01 9.03973083e+01
    9.01836777e+01 9.29303818e+01 9.16917725e+01 8.93580017e+01
    9.36687469e+01 9.01352844e+01 9.42202682e+01 9.05646591e+01
    9.03057861e+01 9.02700043e+01 8.96636963e+01 9.03869705e+01
    8.93386993e+01 8.95636826e+01 8.69705200e+01 8.78786774e+01
    8.95515060e+01 8.99220810e+01 8.85716782e+01 8.77374725e+01
    8.70294495e+01 8.65717621e+01 8.76861267e+01 8.77207718e+01
    8.51925430e+01 8.52740402e+01 9.04573822e+01 9.07782822e+01
    8.87676468e+01 8.90952988e+01 8.98687210e+01 9.23336182e+01
    9.21912537e+01 9.34037933e+01 9.08476562e+01 9.24804688e+01
    9.52427902e+01 9.44963303e+01 9.68412628e+01 9.64887390e+01
    9.37074280e+01 9.47292633e+01 9.31971741e+01 9.12322617e+01
    9.19928589e+01 9.25280762e+01 9.21305237e+01 9.68298187e+01
    9.16911850e+01 9.31831741e+01 9.19825439e+01 9.38833771e+01
    9.36990814e+01 9.38164825e+01 9.06872025e+01 8.94094238e+01
    9.12111816e+01 9.19130325e+01 9.33121567e+01 9.25121536e+01
    9.38563995e+01 9.23859940e+01 9.04749908e+01 9.27929382e+01
    8.99827423e+01 8.76643372e+01 9.18770981e+01 9.02192535e+01
    9.07456055e+01 9.31521835e+01 9.27916412e+01 8.83178940e+01
    8.80087585e+01 9.00623932e+01 8.88795776e+01 9.00737228e+01
    8.33524475e+01 8.93705673e+01 8.60069885e+01 8.63839340e+01
    8.72834625e+01 8.96019135e+01 8.41062927e+01 8.97693481e+01
    9.07152176e+01 8.60416412e+01 0. 9.04643250e+01 8.86392670e+01
    8.59938278e+01 8.93811569e+01 8.86413727e+01 8.96407852e+01
    9.34210510e+01 9.02618790e+01 8.68109589e+01 9.14794464e+01
    8.66870041e+01 8.82365417e+01 8.84194336e+01 8.81259613e+01
    8.87438431e+01 9.30720901e+01 8.90288849e+01 8.64498367e+01
    8.99439697e+01 8.81520081e+01 8.76967087e+01 8.87300491e+01
    9.12540436e+01 9.02498550e+01 9.25926208e+01 9.41640701e+01
    9.38610535e+01 9.39300385e+01 9.64328918e+01 9.52905579e+01
    9.22126541e+01 9.37832336e+01 9.39943619e+01 9.13046646e+01
    9.02856369e+01 9.34777756e+01 8.99783325e+01 9.06775208e+01
    9.21020126e+01 9.10579910e+01 9.09664307e+01 9.23295441e+01
    9.16146088e+01 8.96123962e+01 8.87485046e+01 9.13597183e+01
    8.93188629e+01 9.13915100e+01 9.01315918e+01 8.71155090e+01
    8.94314651e+01 9.21632690e+01 8.92550430e+01 8.69937286e+01
    8.72648163e+01 9.02874756e+01 8.88450470e+01 9.09193039e+01
    9.11615601e+01 9.02143631e+01 8.80732193e+01 8.88959198e+01
    8.65940857e+01 8.64946671e+01 8.63236160e+01 9.19601212e+01
    8.85437241e+01 9.26855698e+01 9.01497879e+01 9.13603745e+01
    9.30060043e+01 8.85811691e+01 9.10012894e+01 9.39842834e+01
    9.35271606e+01 8.91048660e+01 9.24371643e+01 9.25391998e+01
    9.46564407e+01 9.19691238e+01 9.49417648e+01 9.20221481e+01
    8.80048370e+01 9.02268753e+01 8.74745865e+01 8.80296097e+01
    8.95807190e+01 8.78429337e+01 8.90847473e+01 9.22589188e+01
    8.56284790e+01 8.84457550e+01 8.97757187e+01 8.54617386e+01
    8.83322372e+01 8.73623428e+01 8.86116562e+01 8.44996719e+01
    8.95730820e+01 8.82321548e+01 8.86420364e+01 8.56078186e+01
    8.91483078e+01 8.67912140e+01 8.79812088e+01 8.84986267e+01
    8.96355972e+01 8.63877792e+01 9.10907440e+01 8.96312256e+01
    8.82806473e+01 8.93909760e+01 8.67432404e+01 8.93806763e+01
    8.30101929e+01 8.53466873e+01 8.42112274e+01 8.66722794e+01
    8.74926910e+01 8.88122177e+01 8.66859207e+01 8.85951309e+01
    9.03384705e+01 9.28186111e+01 8.57570190e+01 9.43656921e+01
    8.95216827e+01 9.08427582e+01 8.78223114e+01 8.98034058e+01
    9.03296738e+01 9.42600021e+01 9.34928894e+01 9.16290512e+01
    9.18065948e+01 9.50287781e+01 9.03344269e+01 9.19541626e+01
    9.09754486e+01 8.88245087e+01 9.12030716e+01 9.05816193e+01
    9.12592392e+01 9.05458908e+01 9.15136948e+01 9.37772675e+01
    9.52875366e+01 9.27244949e+01 9.28177872e+01 9.03390045e+01
    9.15351257e+01 8.62903366e+01 9.19852676e+01 8.94104614e+01
    9.37073517e+01 9.13916550e+01 9.14652405e+01 9.10928726e+01
    8.93098984e+01 9.15553131e+01 9.33643723e+01 8.81232529e+01
    9.00080872e+01 8.75912781e+01 8.90270615e+01 8.94835739e+01
    8.89629745e+01 9.05339661e+01 8.90457764e+01 8.86465836e+01
    8.70702362e+01 8.99917145e+01 8.73949966e+01 8.94963455e+01
    8.66041412e+01 8.82476425e+01 8.91014709e+01 9.26861725e+01
    9.18813782e+01 9.09603729e+01 9.11534805e+01 9.12617798e+01
    9.36659012e+01 9.15982437e+01 8.98095169e+01 8.74894562e+01
    9.34216003e+01 9.36261902e+01 9.17217941e+01 9.35457153e+01
    9.38491516e+01 9.11993103e+01 9.14306107e+01 9.33221283e+01
    9.10317612e+01 9.10267639e+01 9.48506775e+01 9.05538101e+01
    8.78584137e+01 9.61539688e+01 9.21454697e+01 9.10594864e+01
    8.91689453e+01 8.89419632e+01 9.12982635e+01 8.97107391e+01
    9.11478348e+01 9.02038956e+01 9.29497986e+01 9.10867691e+01
    8.88236313e+01 9.64612122e+01 8.97408371e+01 9.23196793e+01
    9.01970978e+01 9.48497086e+01 8.86637268e+01 9.02132645e+01
    8.86357956e+01 8.69462967e+01 8.85842438e+01 9.02646866e+01
    9.39773941e+01 8.90846405e+01 8.93495789e+01 8.46597824e+01
    9.00815353e+01 8.51694794e+01 8.64152679e+01 8.54486008e+01
    8.67690887e+01 8.47788544e+01 8.67674408e+01 8.56725998e+01
    8.68878403e+01 8.64595566e+01 8.72478867e+01 0. 8.99116364e+01
    8.64735641e+01 8.72657242e+01 8.85637512e+01 9.12082291e+01
    8.98220139e+01 9.17770233e+01 8.74815598e+01 8.73898468e+01
    8.86918488e+01 8.54250259e+01 8.72685089e+01 8.78489609e+01
    8.88949814e+01 8.85701675e+01 9.06442413e+01 9.05042419e+01
    8.79877167e+01 8.88839722e+01 8.71903305e+01 8.92616882e+01
    8.73074188e+01 9.00953293e+01 9.01048431e+01 9.07990646e+01
    9.22143402e+01 9.37898407e+01 9.56977310e+01 9.10319748e+01
    9.22076645e+01 9.23461151e+01 9.39070663e+01 9.12647934e+01
    9.41672592e+01 9.14193726e+01 9.07385483e+01 9.14142609e+01
    9.32917633e+01 9.07207642e+01 8.75825195e+01 9.03154373e+01
    8.84027634e+01 9.09880753e+01 9.20120544e+01 8.90941086e+01
    9.00680466e+01 8.99817963e+01 8.76443634e+01 8.84369049e+01
    8.94780197e+01 8.87140579e+01 8.67664948e+01 9.20352631e+01
    8.78374176e+01 8.82289734e+01 8.89852448e+01 8.98965912e+01
    9.04647369e+01 8.96359177e+01 9.02736816e+01 8.93138504e+01
    8.83716583e+01 8.73268890e+01 8.86844864e+01 8.68143997e+01
    9.16539230e+01 8.88964157e+01 9.11486740e+01 9.22817230e+01
    9.41582184e+01 8.99659805e+01 9.25571671e+01 9.38078842e+01
    9.35597534e+01 9.37881241e+01 9.59085388e+01 9.31073074e+01
    9.49582367e+01 9.42594070e+01 9.50564423e+01 9.52177582e+01
    9.47679672e+01 9.04634399e+01 9.06937866e+01 9.07175064e+01
    8.96022949e+01 9.22750854e+01 8.82762375e+01 8.97223129e+01
    8.89300613e+01 9.08875961e+01 8.59924927e+01 8.47415390e+01
    8.71978912e+01 8.63954010e+01 8.75856781e+01 8.81323395e+01
    8.65392914e+01 8.46158829e+01 8.68873062e+01 8.90072632e+01
    8.70042191e+01 8.75307846e+01 8.48775558e+01 8.45208511e+01
    8.73091507e+01 8.84701462e+01 8.70771332e+01 8.81263046e+01
    8.93936996e+01 8.97442703e+01 8.80906067e+01 8.43092346e+01
    8.53551025e+01 8.59858932e+01 8.69098663e+01 8.40254745e+01
    8.87543869e+01 8.66290436e+01 8.78220291e+01 8.70943527e+01
    8.66869431e+01 8.93174744e+01 8.96958389e+01 9.00068207e+01
    9.07930679e+01 8.78091202e+01 8.80802002e+01 8.68693161e+01
    8.92418518e+01 8.83595581e+01 8.95883713e+01 9.45169907e+01
    9.29227829e+01 9.41450500e+01 8.93787613e+01 9.21500244e+01
    9.09934387e+01 9.02951965e+01 9.09548111e+01 9.32220993e+01
    9.07652512e+01 9.14349823e+01 9.06186523e+01 9.00693893e+01
    9.14846725e+01 9.05211182e+01 9.26946945e+01 9.06333160e+01
    9.26774445e+01 9.23485336e+01 9.01514740e+01 9.12981720e+01
    9.28806000e+01 9.16236420e+01 8.82158813e+01 9.24542007e+01
    9.15690536e+01 9.35846558e+01 9.15478668e+01 9.16938400e+01
    8.77363434e+01 9.16011887e+01 9.18401794e+01 8.90275192e+01
    8.69172974e+01 8.89737778e+01 9.27962799e+01 8.73717117e+01
    8.58071289e+01 8.60345459e+01 8.88264847e+01 8.72826080e+01
    9.06007614e+01 8.45690918e+01 8.77594833e+01 8.99991684e+01
    9.11172256e+01 9.34996796e+01 9.34315414e+01 9.14494019e+01
    9.41580353e+01 9.66833954e+01 9.33582916e+01 9.15535812e+01
    9.33128281e+01 9.34536362e+01 9.42260056e+01 9.56465225e+01
    9.37367706e+01 9.48035126e+01 9.68938828e+01 9.43049011e+01
    9.53958282e+01 9.47743683e+01 9.38269043e+01 9.17394180e+01
    9.28323441e+01 9.41227188e+01 9.22704849e+01 9.25403900e+01
    9.05264053e+01 9.02066803e+01 9.22423630e+01 9.11168747e+01
    8.90820236e+01 8.70921173e+01 8.97879868e+01 9.01855011e+01
    9.32114334e+01 8.79603348e+01 9.00641785e+01 9.23422699e+01
    9.19191818e+01 8.98061295e+01 9.17362671e+01 8.75446243e+01
    8.64610519e+01 8.97287521e+01 8.63390274e+01 8.70748596e+01
    8.80469894e+01 8.67450638e+01 8.65657196e+01 8.93308411e+01
    8.74959717e+01 8.89533463e+01 8.57402344e+01 8.54511337e+01
    8.44510956e+01 8.57913437e+01 8.42474747e+01 8.57940445e+01
    8.54109879e+01 8.62857056e+01 8.88816299e+01 8.93177185e+01 0.
    8.88012619e+01 8.64744644e+01 8.86025009e+01 8.92764206e+01
    8.68406296e+01 9.04766159e+01 9.45859375e+01 9.03156128e+01
    9.19157333e+01 8.54921188e+01 8.65682297e+01 8.71505280e+01
    8.76955566e+01 8.49363174e+01 8.75426941e+01 9.06252899e+01
    8.73188171e+01 9.13567963e+01 8.80472565e+01 8.87792664e+01
    8.88855057e+01 8.77952881e+01 8.99766617e+01 8.96404877e+01
    9.16248398e+01 8.96485672e+01 9.12555466e+01 9.15391769e+01
    9.55976791e+01 9.44407806e+01 9.25689087e+01 9.02908478e+01
    9.43060303e+01 9.29410706e+01 9.36789703e+01 9.17991028e+01
    8.88699493e+01 8.84038315e+01 8.98966827e+01 9.27046585e+01
    9.10252609e+01 9.18202820e+01 9.38945618e+01 9.18654022e+01
    9.14379196e+01 8.91029205e+01 9.12318268e+01 9.00596466e+01
    8.93238525e+01 8.95981064e+01 8.73272095e+01 8.95517960e+01
    8.71434479e+01 8.80606689e+01 8.69765625e+01 9.17043457e+01
    9.06458282e+01 9.13847504e+01 9.05816269e+01 9.26183090e+01
    8.73316345e+01 8.87221222e+01 8.77014465e+01 9.04612732e+01
    8.82291031e+01 9.25987549e+01 9.18353653e+01 9.09680405e+01
    9.45841064e+01 9.08814545e+01 9.29896011e+01 9.08234100e+01
    9.31901321e+01 9.18680420e+01 9.11483154e+01 9.19668198e+01
    9.22121887e+01 9.34715652e+01 9.47600861e+01 9.60673599e+01
    9.60078506e+01 9.41350250e+01 9.44946289e+01 8.92992554e+01
    9.19352646e+01 8.95136337e+01 9.12557602e+01 8.99755249e+01
    8.72266541e+01 8.95178223e+01 8.79421005e+01 8.60292892e+01
    8.50269547e+01 8.52900620e+01 8.88130341e+01 8.88623962e+01
    8.69041595e+01 8.48813553e+01 8.56528854e+01 8.75086136e+01
    8.30333710e+01 8.32972488e+01 8.57477646e+01 8.47194901e+01
    8.56519928e+01 8.79539490e+01 8.60994873e+01 8.63875122e+01
    8.84651337e+01 8.77189178e+01 8.98156815e+01 8.73704071e+01
    8.75170517e+01 8.56614532e+01 8.86591263e+01 8.64674072e+01
    8.55143127e+01 8.65916138e+01 8.40651474e+01 8.61897736e+01
    8.73214264e+01 8.89262238e+01 8.64625854e+01 8.85554123e+01
    8.68682785e+01 8.81802444e+01 8.93767319e+01 8.96446228e+01
    8.97821426e+01 8.89670563e+01 8.99286118e+01 9.25988998e+01
    9.00245743e+01 9.30714645e+01 9.15545197e+01 9.22061691e+01
    9.23754654e+01 8.87842712e+01 8.69310379e+01 9.05870895e+01
    9.10814667e+01 8.94066925e+01 9.27897415e+01 9.05830078e+01
    8.97566452e+01 9.08506927e+01 9.60554428e+01 9.18271332e+01
    9.52856369e+01 9.07491074e+01 9.13781357e+01 9.26735687e+01
    8.95212555e+01 9.27072983e+01 9.15415268e+01 9.22508850e+01
    9.15033112e+01 9.36727676e+01 9.34226913e+01 9.29098129e+01
    9.09082336e+01 9.12483444e+01 9.05942535e+01 9.16825409e+01
    9.00596313e+01 9.23199692e+01 8.94318695e+01 8.87741013e+01
    9.09453506e+01 8.85086136e+01 8.95589523e+01 8.65001678e+01
    8.61206970e+01 8.77940674e+01 8.78124771e+01 8.65234299e+01
    8.93186340e+01 9.01161270e+01 9.18013687e+01 9.47862015e+01
    9.34864502e+01 9.31789246e+01 9.30965042e+01 9.56002274e+01
    9.21612625e+01 9.13425980e+01 9.19878311e+01 9.48158035e+01
    9.79105759e+01 9.83445053e+01 9.57046661e+01 9.18478317e+01
    9.45335922e+01 9.25093460e+01 9.43631973e+01 9.25733490e+01
    9.13690948e+01 9.25165482e+01 9.09793549e+01 8.90806580e+01
    9.16603241e+01 9.14230118e+01 8.91472626e+01 8.95382080e+01
    8.88878098e+01 8.79468765e+01 8.82224197e+01 8.80453568e+01
    8.77407379e+01 8.96373444e+01 9.30089569e+01 8.97790604e+01
    9.13222961e+01 8.73463287e+01 8.92372742e+01 8.82137299e+01
    8.90351028e+01 8.58901596e+01 8.70199127e+01 8.55592728e+01
    8.48616409e+01 8.97394867e+01 9.18944626e+01 8.53633423e+01
    8.93807068e+01 8.63210907e+01 8.51663208e+01 8.56907654e+01
    8.51554947e+01 8.55535278e+01 8.49035034e+01 8.48840942e+01
    8.72395477e+01 8.66248627e+01 8.60862427e+01 8.44592972e+01
    9.06860428e+01 0. 8.69688339e+01 8.76314850e+01 8.64248352e+01
    8.71679001e+01 8.84076309e+01 9.36248016e+01 8.84014969e+01
    9.09352798e+01 9.04481964e+01 8.61832123e+01 8.65241623e+01
    8.67133255e+01 8.62447205e+01 8.86974106e+01 8.85400467e+01
    8.71573715e+01 8.63453293e+01 8.90206833e+01 8.75521011e+01
    8.77825012e+01 9.03634949e+01 8.45096054e+01 8.98255920e+01
    9.05276184e+01 8.55877075e+01 8.92765198e+01 9.32027740e+01
    9.30145645e+01 9.07607040e+01 9.19755707e+01 9.20500336e+01
    9.18162308e+01 9.22898026e+01 9.28153458e+01 9.27999268e+01
    9.07744064e+01 9.20213852e+01 9.06404877e+01 9.21299591e+01
    9.11088486e+01 9.04398346e+01 8.98928528e+01 9.23122177e+01
    9.27373657e+01 8.95878143e+01 9.07896805e+01 9.15547409e+01
    8.96612778e+01 8.96685181e+01 9.20857315e+01 8.79386063e+01
    8.44598160e+01 8.86878128e+01 8.99183884e+01 8.80240173e+01
    8.84942169e+01 9.29795074e+01 9.03600311e+01 8.95244522e+01
    8.78062897e+01 9.00988235e+01 9.20607376e+01 8.84829330e+01
    8.71564102e+01 8.86182022e+01 9.26882248e+01 9.39631271e+01
    9.16540375e+01 9.20696106e+01 9.47457581e+01 9.56998367e+01
    9.11221924e+01 9.37690964e+01 9.40313187e+01 9.31837845e+01
    9.12057877e+01 9.46166458e+01 9.24451599e+01 9.56208267e+01
    9.76069412e+01 9.58795471e+01 9.38746109e+01 9.30669479e+01
    9.12128983e+01 9.29658051e+01 8.95473251e+01 9.09325867e+01
    8.82431488e+01 9.04205170e+01 8.70119934e+01 8.78087616e+01
    8.69377747e+01 8.63930283e+01 8.73587723e+01 8.81757431e+01
    8.72966537e+01 8.78456421e+01 8.59004364e+01 8.24777832e+01
    8.49960632e+01 8.97854919e+01 8.23570557e+01 8.39432449e+01
    8.59039993e+01 8.75893402e+01 8.68918533e+01 8.54664841e+01
    9.01409988e+01 9.00806427e+01 8.62181473e+01 8.54823074e+01
    8.89802017e+01 8.61499100e+01 8.54161377e+01 8.85608215e+01
    8.38123932e+01 8.79359741e+01 8.58001633e+01 8.76009598e+01
    8.71916351e+01 8.86470718e+01 9.18691788e+01 8.92153168e+01
    8.53835602e+01 8.65095291e+01 8.85655060e+01 8.82557373e+01
    8.98042374e+01 8.72459106e+01 9.09882660e+01 8.75114212e+01
    9.20001373e+01 9.27407684e+01 9.40088425e+01 9.28412704e+01
    8.99211731e+01 9.32923279e+01 8.88325882e+01 8.89855576e+01
    9.19129791e+01 8.88548203e+01 9.10925446e+01 8.89913025e+01
    9.11630325e+01 8.92331085e+01 9.45140762e+01 9.43200150e+01
    9.53820496e+01 9.28123016e+01 9.17056427e+01 9.03149033e+01
    9.37299423e+01 9.21403275e+01 9.27771149e+01 9.00307693e+01
    9.11126633e+01 9.35057373e+01 9.09409943e+01 9.03806992e+01
    9.35139923e+01 8.80126190e+01 9.02980042e+01 8.69906540e+01
    8.91331482e+01 8.97509766e+01 8.69789352e+01 9.08918533e+01
    8.93286591e+01 9.20048294e+01 8.57030640e+01 8.93969955e+01
    8.80214920e+01 8.78698807e+01 8.78917618e+01 9.06659851e+01
    8.66174088e+01 8.81871719e+01 9.48185730e+01 9.04960403e+01
    9.05533218e+01 9.40995941e+01 9.49613419e+01 9.47075272e+01
    9.30382462e+01 9.11570969e+01 9.00798798e+01 9.38432388e+01
    9.74665680e+01 9.50488434e+01 9.17755661e+01 9.54772186e+01
    9.28568268e+01 9.62298508e+01 9.31829147e+01 9.05976105e+01
    9.30367813e+01 9.03475494e+01 8.89482498e+01 9.50120773e+01
    8.96592484e+01 8.71100006e+01 9.03958511e+01 9.23736649e+01
    8.73612595e+01 9.04032898e+01 8.96662521e+01 8.59094162e+01
    8.71648941e+01 8.79731598e+01 8.93462143e+01 9.40311050e+01
    9.04730377e+01 8.96275787e+01 9.01216125e+01 9.08948364e+01
    8.56631317e+01 8.59035721e+01 8.59691544e+01 8.71482544e+01
    8.61183395e+01 8.89903793e+01 8.64271545e+01 9.07912674e+01
    8.89701004e+01 8.64650040e+01 8.73998642e+01 8.72293015e+01
    8.65246964e+01 8.57296600e+01 8.48802872e+01 8.36125031e+01
    8.64889297e+01 8.58815308e+01 8.59235764e+01 8.88274460e+01
    8.85478516e+01 8.70752640e+01 0. 8.56733017e+01 9.04314423e+01
    9.02019882e+01 9.16339493e+01 8.81599579e+01 8.79997559e+01
    9.13672256e+01 9.11761551e+01 9.01048050e+01 8.75028381e+01
    8.70917816e+01 8.65879135e+01 8.99620667e+01 8.95266113e+01
    8.83598251e+01 8.60850296e+01 8.99586639e+01 9.05835724e+01
    8.79457779e+01 8.70964813e+01 8.90321579e+01 8.63594055e+01
    9.08470764e+01 8.75117111e+01 9.08491669e+01 8.97321777e+01
    9.12081680e+01 9.31293564e+01 9.35932617e+01 9.19581985e+01
    9.08105164e+01 8.99610748e+01 9.21586227e+01 9.18233490e+01
    9.17448502e+01 9.33917389e+01 9.18969727e+01 9.21086960e+01
    9.08898239e+01 9.20953827e+01 8.89830933e+01 8.92538528e+01
    9.18475037e+01 9.25657730e+01 9.26088333e+01 9.05048599e+01
    9.02612991e+01 9.03174896e+01 9.24905090e+01 8.88994598e+01
    9.16747818e+01 9.37908478e+01 9.21846542e+01 8.70728302e+01
    8.91441727e+01 8.96349335e+01 9.03070984e+01 9.17854385e+01
    9.33567123e+01 9.37327423e+01 8.88662872e+01 9.05961838e+01
    8.64700546e+01 8.81653671e+01 9.15316086e+01 9.24148865e+01
    9.37373199e+01 9.42775803e+01 9.04386749e+01 9.29471893e+01
    9.46433258e+01 9.50107803e+01 9.28458481e+01 9.78337250e+01
    9.24285049e+01 9.29522629e+01 9.29451370e+01 9.41605072e+01
    9.26451874e+01 9.51849823e+01 9.55102539e+01 9.39191742e+01
    9.55682373e+01 9.21783371e+01 9.34000626e+01 9.34465485e+01
    9.13143921e+01 9.28216934e+01 9.20205841e+01 9.03944168e+01
    9.13784943e+01 8.76062698e+01 8.97384949e+01 8.93015442e+01
    9.05464249e+01 8.73899612e+01 9.02313004e+01 8.81722565e+01
    8.85191650e+01 8.75931015e+01 8.67486572e+01 8.66292877e+01
    8.61830292e+01 8.41187134e+01 8.41480637e+01 8.47062988e+01
    8.48637390e+01 8.64958191e+01 8.47608795e+01 8.95361557e+01
    8.85936279e+01 8.55787888e+01 8.92629242e+01 8.74011993e+01
    8.62263794e+01 8.57180710e+01 9.07797623e+01 8.76006851e+01
    8.64534149e+01 9.27896652e+01 8.84458618e+01 9.00720596e+01
    8.97684250e+01 8.88403702e+01 8.93002472e+01 9.13208466e+01
    8.89876709e+01 8.88402481e+01 8.99453964e+01 9.20437088e+01
    9.18183594e+01 9.11188126e+01 9.52878799e+01 8.99091568e+01
    9.06722031e+01 9.21074371e+01 9.02678680e+01 8.95909729e+01
    9.23698196e+01 9.03543243e+01 8.90986023e+01 9.17143860e+01
    9.42096786e+01 9.13262100e+01 8.85162125e+01 9.30812759e+01
    9.29957962e+01 9.38628006e+01 8.95979004e+01 9.37409058e+01
    9.18374710e+01 9.18850250e+01 9.22144547e+01 9.49279175e+01
    9.31801834e+01 8.92964630e+01 9.18710709e+01 9.40917130e+01
    9.10174408e+01 9.20988693e+01 9.36349182e+01 9.00228424e+01
    8.91679077e+01 8.56849518e+01 8.95104065e+01 8.74466934e+01
    8.84778671e+01 8.67597427e+01 8.76769791e+01 8.95997925e+01
    8.79630280e+01 8.73689880e+01 8.62061005e+01 8.69986649e+01
    8.78032913e+01 8.74341202e+01 9.04679718e+01 8.76838150e+01
    9.09910507e+01 8.95328217e+01 9.22197189e+01 9.39577866e+01
    9.27804184e+01 9.18987732e+01 9.51715775e+01 9.15105667e+01
    9.12862701e+01 9.40473557e+01 9.00285568e+01 9.43949051e+01
    9.31051559e+01 9.21192780e+01 9.48065643e+01 9.34744110e+01
    9.35073700e+01 9.57890091e+01 9.33340225e+01 9.18939056e+01
    9.39251709e+01 9.17891617e+01 9.35904999e+01 9.14803009e+01
    9.08716202e+01 8.91494675e+01 9.17269745e+01 9.30060730e+01
    8.71991272e+01 9.09544373e+01 9.23812485e+01 8.96686020e+01
    9.16972351e+01 9.15238876e+01 9.09352417e+01 8.68599167e+01
    8.87080002e+01 8.76850815e+01 8.53491364e+01 8.48979645e+01
    8.66413269e+01 8.68263626e+01 8.97465286e+01 8.65916824e+01
    9.18352890e+01 8.72053528e+01 8.98111267e+01 8.53318024e+01
    8.54951248e+01 8.85643158e+01 8.89539032e+01 8.69760513e+01
    8.44178543e+01 8.42457809e+01 8.65760422e+01 8.56232300e+01
    8.75554810e+01 8.67516937e+01 8.59549637e+01 0. 9.09810181e+01
    8.83144836e+01 8.83222122e+01 8.93675766e+01 8.94850616e+01
    9.17845993e+01 9.41020050e+01 9.13234177e+01 9.34711838e+01
    9.00240402e+01 8.87175751e+01 8.91151962e+01 9.06213379e+01
    8.89247284e+01 8.71815567e+01 8.64932938e+01 9.02338409e+01
    8.79063721e+01 8.68369751e+01 8.99288483e+01 8.80626526e+01
    8.93809433e+01 9.05140457e+01 9.00480042e+01 9.03733749e+01
    8.95853500e+01 9.38434067e+01 9.00695801e+01 9.46697464e+01
    9.06330566e+01 9.23522491e+01 9.54547882e+01 9.23397522e+01
    9.02569885e+01 9.04716873e+01 9.20519028e+01 9.20982285e+01
    9.34169998e+01 9.20774231e+01 9.37912521e+01 9.22548828e+01
    9.22722015e+01 9.22114868e+01 9.25411987e+01 9.00872192e+01
    9.18888702e+01 8.93057938e+01 9.10526047e+01 9.26067581e+01
    9.32104416e+01 9.14144821e+01 9.13177109e+01 9.11538925e+01
    9.24247971e+01 8.86340485e+01 9.07574692e+01 9.16116943e+01
    9.43869171e+01 9.12287979e+01 8.98215485e+01 8.66844025e+01
    8.86001968e+01 8.78120804e+01 8.93808975e+01 9.31054153e+01
    8.96347046e+01 9.22931442e+01 9.51098633e+01 9.00825729e+01
    9.04036713e+01 9.10897751e+01 9.18983231e+01 8.87931213e+01
    9.38160248e+01 9.00732727e+01 9.09023514e+01 9.06378555e+01
    9.00509567e+01 9.35955276e+01 9.21209030e+01 9.57190781e+01
    9.56111374e+01 9.38143921e+01 9.02795639e+01 9.08439636e+01
    9.06601639e+01 9.08630447e+01 9.06047287e+01 9.09838791e+01
    8.98301392e+01 8.81355972e+01 8.70537109e+01 8.75521164e+01
    8.92958603e+01 8.87383881e+01 9.00305634e+01 8.83935852e+01
    8.80332489e+01 8.38727341e+01 8.64004669e+01 8.68023529e+01
    8.38574982e+01 8.65553055e+01 8.37250900e+01 8.53431015e+01
    8.52341766e+01 8.49716568e+01 8.88074722e+01 8.98813782e+01
    8.40823441e+01 8.59314651e+01 8.60090561e+01 8.55705109e+01
    8.49820709e+01 8.73452835e+01 8.80184937e+01 8.84895935e+01
    8.73743439e+01 8.87305603e+01 9.21323318e+01 8.86704483e+01
    8.92325287e+01 9.13682251e+01 8.69929733e+01 8.94137573e+01
    8.88544769e+01 8.66782150e+01 8.59953079e+01 8.93280716e+01
    8.99348907e+01 8.94768066e+01 9.20163651e+01 9.35646515e+01
    9.01778793e+01 9.05196838e+01 9.10875168e+01 8.66133194e+01
    8.93630142e+01 9.07940369e+01 8.99208755e+01 8.76865540e+01
    9.23793182e+01 8.80300903e+01 8.83880310e+01 9.28430786e+01
    9.19356613e+01 9.42783279e+01 9.54885254e+01 9.16984940e+01
    8.98422928e+01 9.29358292e+01 9.21538010e+01 9.34980927e+01
    9.26072998e+01 8.95399704e+01 9.26892929e+01 9.35239716e+01
    9.23007736e+01 9.20543213e+01 9.32109070e+01 9.44111023e+01
    9.04180298e+01 9.00462570e+01 9.19716721e+01 9.08258057e+01
    8.78240738e+01 8.98920364e+01 9.25564728e+01 8.76844482e+01
    8.88003540e+01 8.65635681e+01 8.73628845e+01 8.71674728e+01
    8.94177704e+01 8.83190613e+01 8.81042023e+01 9.05883636e+01
    8.64736862e+01 9.31580658e+01 9.29520950e+01 9.25703964e+01
    9.24689178e+01 9.36498871e+01 9.24069824e+01 9.20278702e+01
    9.02681732e+01 9.24153900e+01 9.17385330e+01 9.24871063e+01
    9.37132568e+01 9.29555893e+01 9.24938812e+01 9.00922699e+01
    9.38240585e+01 9.23909988e+01 9.08448639e+01 9.21208725e+01
    9.26944046e+01 9.31242065e+01 9.29654999e+01 9.08811417e+01
    8.99768982e+01 9.13985825e+01 9.06377716e+01 9.01863632e+01
    8.96890564e+01 9.32841492e+01 8.89985733e+01 9.04872360e+01
    8.84296570e+01 9.53115997e+01 9.11802826e+01 9.36705399e+01
    8.91604004e+01 9.24130173e+01 9.07559128e+01 8.70090256e+01
    8.72876740e+01 8.78174667e+01 8.67816010e+01 8.91967850e+01
    9.09033813e+01 9.05218735e+01 8.92044373e+01 8.74503250e+01
    8.71173401e+01 8.75173264e+01 9.15533600e+01 8.94093552e+01
    8.54041824e+01 8.72059479e+01 8.85107346e+01 8.96321487e+01
    9.14825287e+01 9.12121429e+01 9.15140533e+01 9.00350800e+01 0.
    9.01166534e+01 8.78510666e+01 8.86109390e+01 8.68351822e+01
    9.03363113e+01 8.81908417e+01 9.04765930e+01 9.22327499e+01
    9.06601410e+01 9.18424149e+01 8.87124786e+01 8.89100266e+01
    8.78625641e+01 9.09053955e+01 8.74618759e+01 8.98713303e+01
    9.13337021e+01 8.74799500e+01 8.65749512e+01 8.75660400e+01
    8.92525024e+01 9.08203278e+01 8.95700912e+01 9.27705688e+01
    9.46562042e+01 9.18720398e+01 9.16610489e+01 9.54200897e+01
    9.61177750e+01 9.18987656e+01 9.13795013e+01 9.27548294e+01
    9.18883896e+01 9.47810898e+01 9.07916031e+01 9.41723480e+01
    9.31967468e+01 9.27498932e+01 8.90910873e+01 9.20624924e+01
    9.44257355e+01 9.31233139e+01 9.23118439e+01 9.11655045e+01
    9.44074249e+01 9.09124985e+01 9.17131653e+01 8.98292160e+01
    9.29091263e+01 9.06805344e+01 9.12050781e+01 9.48638840e+01
    9.29474716e+01 9.15868378e+01 9.16543121e+01 9.25335693e+01
    9.18554153e+01 9.35152969e+01 9.25282135e+01 8.92097015e+01
    9.07358017e+01 9.22113724e+01 9.13512344e+01 8.74752350e+01
    9.24174652e+01 9.24116516e+01 9.35658112e+01 9.05246429e+01
    9.01058960e+01 9.01557999e+01 8.99335251e+01 8.62072525e+01
    8.99650650e+01 8.86754837e+01 8.91696701e+01 9.14702759e+01
    9.03163605e+01 9.06977768e+01 9.53361588e+01 9.47411728e+01
    9.38939133e+01 9.60021820e+01 9.36097260e+01 8.94164124e+01
    9.00533295e+01 8.92192383e+01 9.10863495e+01 8.75056229e+01
    8.93768005e+01 9.07813187e+01 9.19232330e+01 8.69785614e+01
    8.70332489e+01 9.01370239e+01 9.10110397e+01 8.77019424e+01
    8.87534256e+01 8.61958847e+01 8.71363754e+01 8.69205399e+01
    8.64216537e+01 8.84533768e+01 8.81068802e+01 8.71882782e+01
    8.54193726e+01 8.64499969e+01 8.64635696e+01 8.54952927e+01
    8.85753937e+01 8.80912933e+01 8.71881027e+01 8.68759003e+01
    8.56029205e+01 8.47864685e+01 8.58949432e+01 8.49847488e+01
    8.76529312e+01 8.83965530e+01 8.90407867e+01 8.67812347e+01
    8.72057419e+01 8.93175278e+01 8.68710022e+01 8.95958557e+01
    8.61747437e+01 8.83356781e+01 8.70937271e+01 9.09012375e+01
    8.54743958e+01 8.97072449e+01 9.37830734e+01 8.94542999e+01
    9.24247589e+01 8.92210770e+01 8.66093521e+01 9.08747559e+01
    8.98672943e+01 8.86096268e+01 8.74273300e+01 8.85728455e+01
    8.49104385e+01 8.85789108e+01 8.98995132e+01 8.89950333e+01
    8.91052399e+01 8.97525177e+01 9.06824265e+01 9.18153839e+01
    9.23605652e+01 9.25839310e+01 9.27217102e+01 8.96557159e+01
    8.95568619e+01 9.42533493e+01 8.97643585e+01 9.06050568e+01
    9.02994003e+01 9.48507690e+01 8.99838715e+01 9.21025925e+01
    9.30202332e+01 9.08265915e+01 9.09547653e+01 9.05686722e+01
    8.87036209e+01 8.97020721e+01 8.91539230e+01 9.12460098e+01
    8.93687363e+01 8.93270874e+01 8.88037872e+01 8.49249420e+01
    8.99870224e+01 8.75589828e+01 8.57403564e+01 8.97019119e+01
    8.66733017e+01 8.91603928e+01 8.84997864e+01 9.14281158e+01
    9.04216385e+01 9.33456039e+01 9.19303589e+01 9.24294739e+01
    9.31098480e+01 9.15742493e+01 9.24702301e+01 9.14993591e+01
    9.41370087e+01 9.31459274e+01 9.12735443e+01 9.25695419e+01
    9.19362411e+01 9.36524429e+01 9.30378952e+01 9.26071243e+01
    8.92806931e+01 8.72788162e+01 9.16527023e+01 8.71405029e+01
    9.06078110e+01 9.21469803e+01 8.81972580e+01 9.00081253e+01
    9.21586990e+01 8.68064651e+01 8.95192108e+01 8.97924500e+01
    8.84720154e+01 8.72330322e+01 8.91263123e+01 9.09099197e+01
    9.11585159e+01 8.81714783e+01 8.61816864e+01 8.62168884e+01
    8.91405182e+01 8.87068329e+01 8.72497711e+01 8.88868866e+01
    9.03317261e+01 9.01532745e+01 8.56500473e+01 9.00556259e+01
    9.13407364e+01 8.81143417e+01 8.69501190e+01 8.64452744e+01
    8.83655472e+01 8.78699265e+01 8.70861282e+01 8.81014862e+01
    8.69206772e+01 9.03336716e+01 8.99331284e+01 9.08897247e+01
    8.98167877e+01 0. 8.85413055e+01 8.69697418e+01 8.71370773e+01
    8.77020645e+01 8.98767548e+01 9.20489197e+01 9.26873474e+01
    9.04785309e+01 9.04681625e+01 9.13747711e+01 8.77776642e+01
    8.85505981e+01 9.23795242e+01 9.03196945e+01 9.23748245e+01
    8.83024750e+01 8.92949295e+01 9.02600555e+01 8.97552719e+01
    8.82947693e+01 9.17488022e+01 9.41601944e+01 9.24565887e+01
    9.51652374e+01 9.25464325e+01 9.32240982e+01 9.30113907e+01
    9.40836029e+01 9.51927414e+01 9.53590546e+01 9.38580017e+01
    9.30691071e+01 9.53085327e+01 9.40124817e+01 9.23003540e+01
    8.96840897e+01 9.09861755e+01 8.93279495e+01 9.30426865e+01
    8.92063675e+01 9.30161743e+01 8.94646759e+01 9.23542252e+01
    9.08772964e+01 8.77185516e+01 9.26298294e+01 9.29175797e+01
    9.08720703e+01 9.33396988e+01 9.47271652e+01 9.36937637e+01
    8.99432068e+01 9.03646927e+01 9.39835892e+01 9.28980560e+01
    9.27635117e+01 9.32052155e+01 9.31319199e+01 9.49505615e+01
    9.33146896e+01 9.26854858e+01 9.32298584e+01 9.03764343e+01
    9.09708939e+01 9.24239120e+01 9.28001099e+01 9.10240936e+01
    9.23008652e+01 9.06838226e+01 8.78565521e+01 9.07554398e+01
    8.75400085e+01 8.85280838e+01 9.07020798e+01 8.96834335e+01
    9.32796097e+01 9.11501694e+01 9.04355698e+01 9.30429153e+01
    9.58291702e+01 9.28966980e+01 9.19077988e+01 9.11863327e+01
    8.95486145e+01 8.85569000e+01 9.09109268e+01 8.89631500e+01
    8.98394012e+01 9.11656418e+01 8.92143707e+01 9.08132324e+01
    9.01850739e+01 8.91479950e+01 9.01348419e+01 9.17546082e+01
    9.14164581e+01 9.10421753e+01 9.00419159e+01 8.84523621e+01
    8.78034897e+01 9.01682663e+01 8.49345551e+01 8.71606216e+01
    8.62974091e+01 8.48448486e+01 8.58630219e+01 8.68101959e+01
    8.67950363e+01 8.95201263e+01 8.49210739e+01 8.89042892e+01
    8.65047150e+01 8.42545776e+01 8.35270996e+01 8.58460999e+01
    8.60885696e+01 8.47525635e+01 8.52440643e+01 8.75718536e+01
    8.67496414e+01 8.77090454e+01 8.85320892e+01 8.74799423e+01
    9.03348007e+01 8.74169006e+01 9.19140244e+01 8.88128891e+01
    8.92517929e+01 8.90336151e+01 8.92903137e+01 8.80725784e+01
    8.95738907e+01 9.07336807e+01 9.22988281e+01 8.88283615e+01
    8.83375626e+01 8.85038681e+01 8.74429245e+01 8.85552826e+01
    8.87339630e+01 8.81750488e+01 8.75453339e+01 8.60125580e+01
    8.63834229e+01 8.50618668e+01 8.78522491e+01 8.82361298e+01
    9.11620026e+01 9.20441589e+01 9.33186722e+01 8.91496887e+01
    8.87655640e+01 9.18707199e+01 9.28144302e+01 8.84832306e+01
    9.09372787e+01 9.20972214e+01 9.33750992e+01 9.29682617e+01
    9.09291077e+01 9.16833801e+01 9.02449265e+01 9.18938370e+01
    8.93237305e+01 8.74482040e+01 8.57640915e+01 9.00302963e+01
    9.00633011e+01 8.72662888e+01 8.62426910e+01 9.06058578e+01
    9.04795609e+01 8.62790756e+01 8.55433960e+01 8.58960953e+01
    8.68557739e+01 8.60257111e+01 8.78528214e+01 8.84991837e+01
    9.07615204e+01 8.92728271e+01 9.37229385e+01 9.44522858e+01
    9.12411118e+01 9.30963593e+01 9.06619568e+01 8.99172821e+01
    9.17190857e+01 9.10932770e+01 8.95090637e+01 9.23538742e+01
    8.91678543e+01 9.14204865e+01 9.39156342e+01 9.16422577e+01
    9.19378586e+01 9.36735840e+01 9.24789505e+01 9.06514587e+01
    9.22194366e+01 8.88024673e+01 8.90887604e+01 8.81844711e+01
    9.17266769e+01 9.13333054e+01 8.55923309e+01 8.86307755e+01
    8.82472763e+01 8.72606506e+01 8.98395691e+01 8.76719055e+01
    8.93637619e+01 8.49987488e+01 8.70676270e+01 8.63427429e+01
    8.78449783e+01 8.75551453e+01 8.35646896e+01 8.20218124e+01
    8.46062164e+01 8.65163193e+01 8.97629395e+01 9.05437927e+01
    8.91792374e+01 9.04662552e+01 8.67873764e+01 8.86028671e+01
    8.53534851e+01 8.62343674e+01 9.04119110e+01 8.61811142e+01
    8.74194641e+01 8.72990341e+01 9.04294662e+01 9.02970352e+01
    9.01309967e+01 8.96656647e+01 0. 8.84646988e+01 8.67765732e+01
    8.95156555e+01 8.73078537e+01 8.63948975e+01 8.72750549e+01
    9.14585876e+01 9.46102982e+01 8.97495346e+01 8.91856918e+01
    9.10677567e+01 8.75357819e+01 9.11317596e+01 9.08448563e+01
    9.22857590e+01 9.14118576e+01 9.01783905e+01 9.07482147e+01
    9.08153610e+01 8.89208374e+01 9.07772598e+01 9.18624344e+01
    9.18639069e+01 9.42405472e+01 9.46977997e+01 9.41464691e+01
    9.32056198e+01 9.42854919e+01 9.58516617e+01 9.43871231e+01
    9.48832321e+01 9.10049667e+01 9.35537949e+01 9.39535294e+01
    9.35594788e+01 9.12819977e+01 9.26124878e+01 9.33375092e+01
    9.36168518e+01 9.23833542e+01 9.48123398e+01 9.14217300e+01
    9.34170685e+01 9.21538391e+01 9.16247635e+01 9.29674911e+01
    9.19437866e+01 9.49007111e+01 9.52294083e+01 9.46067886e+01
    9.36204681e+01 9.51309357e+01 9.17425156e+01 9.09087524e+01
    9.22167664e+01 9.30169601e+01 9.37387772e+01 9.24508667e+01
    9.16645355e+01 9.25284119e+01 9.29511032e+01 9.10842056e+01
    9.33780746e+01 9.32648010e+01 9.19326019e+01 9.24113846e+01
    9.29130402e+01 8.91642609e+01 9.29626846e+01 9.16708755e+01
    8.80068359e+01 9.17884598e+01 9.25534592e+01 9.08907852e+01
    9.01244965e+01 9.36055908e+01 8.95423126e+01 9.20795975e+01
    9.16150436e+01 9.23885803e+01 9.28616943e+01 9.41917953e+01
    9.17456818e+01 9.06020203e+01 9.27227859e+01 8.97410965e+01
    9.45803146e+01 9.33381195e+01 9.06971588e+01 9.19578552e+01
    9.26471024e+01 8.97361603e+01 9.08120575e+01 9.19044647e+01
    9.46669922e+01 9.35083694e+01 9.10929871e+01 8.88932648e+01
    9.05217972e+01 9.01157990e+01 9.02962570e+01 8.80406570e+01
    8.55855637e+01 8.91315384e+01 8.95963287e+01 8.85809479e+01
    8.60282593e+01 8.80095825e+01 8.89229507e+01 8.75245361e+01
    8.65782318e+01 8.61162338e+01 8.34252396e+01 8.65274429e+01
    8.28852386e+01 8.79266129e+01 8.73950882e+01 8.56375504e+01
    8.41590576e+01 8.84358368e+01 9.02096024e+01 8.67483749e+01
    8.51033478e+01 8.48170853e+01 8.71640701e+01 8.92781601e+01
    8.77375488e+01 8.98744354e+01 9.05045624e+01 8.85818405e+01
    8.78789597e+01 9.19483948e+01 9.02947540e+01 8.96844788e+01
    8.61270981e+01 8.88412552e+01 8.72118835e+01 9.09669952e+01
    8.70113678e+01 9.01337891e+01 8.75187225e+01 8.88343353e+01
    8.86140442e+01 8.98195496e+01 8.73703842e+01 8.77765961e+01
    9.10468521e+01 9.17783661e+01 9.26460190e+01 8.90769272e+01
    9.09855652e+01 8.92958221e+01 8.99145279e+01 9.31960144e+01
    9.10996399e+01 8.95712280e+01 9.33726578e+01 9.11113663e+01
    9.47555542e+01 9.30280151e+01 8.94519348e+01 9.18115158e+01
    8.88846359e+01 8.75260696e+01 8.99000092e+01 8.86832123e+01
    8.85403595e+01 8.78160782e+01 8.96946487e+01 8.60054626e+01
    8.81387939e+01 8.65193710e+01 8.67327118e+01 8.79758835e+01
    8.63991547e+01 8.76084976e+01 8.59561691e+01 8.72549744e+01
    8.97934952e+01 8.85194702e+01 9.01454315e+01 9.23825378e+01
    9.10835876e+01 9.25299683e+01 9.34930191e+01 9.21943665e+01
    9.17960358e+01 9.30501022e+01 9.45405884e+01 9.34736023e+01
    9.31594696e+01 9.09589157e+01 8.96648865e+01 9.27666779e+01
    9.42089767e+01 9.12998428e+01 9.08823776e+01 8.98076859e+01
    8.95948715e+01 8.84142609e+01 8.82827454e+01 9.12218399e+01
    8.96166992e+01 8.87195816e+01 9.05478210e+01 8.89476852e+01
    8.80071106e+01 8.79487305e+01 8.80252075e+01 8.46618423e+01
    8.67606964e+01 8.60103836e+01 8.75777130e+01 8.49475937e+01
    8.59221344e+01 8.32688065e+01 8.59207611e+01 8.34642258e+01
    8.67329254e+01 8.54463120e+01 8.54831848e+01 8.88129883e+01
    8.79443893e+01 8.78277130e+01 8.78658447e+01 8.46811142e+01
    8.45126953e+01 8.51916046e+01 8.68950806e+01 8.23932190e+01
    8.63847275e+01 8.58304977e+01 8.89249039e+01 8.98841171e+01
    9.29138718e+01 9.02976837e+01 9.02144623e+01 0. 9.10011597e+01
    8.86083984e+01 8.98889236e+01 8.77221222e+01 8.52118988e+01
    8.87863998e+01 9.28790436e+01 9.36892929e+01 8.96246872e+01
    8.74209213e+01 8.97167130e+01 8.98257294e+01 9.11793442e+01
    9.12855911e+01 8.91598434e+01 9.19176102e+01 8.72436218e+01
    9.11262207e+01 9.29898376e+01 9.03293228e+01 8.96189804e+01
    9.07321625e+01 9.44579086e+01 9.26316605e+01 9.71688995e+01
    9.28745041e+01 9.52846603e+01 9.21306000e+01 9.37677002e+01
    9.20580139e+01 9.00050888e+01 9.33540802e+01 9.25644684e+01
    9.42170792e+01 9.20905685e+01 9.80997696e+01 9.34005508e+01
    9.44678726e+01 9.54182281e+01 9.39301910e+01 8.91996689e+01
    9.25378647e+01 9.29310608e+01 9.24105072e+01 9.20838547e+01
    9.40366821e+01 9.60225906e+01 9.44967880e+01 9.16165771e+01
    9.93953552e+01 9.61574249e+01 9.57175293e+01 9.46790390e+01
    9.42042694e+01 9.33116379e+01 9.12160416e+01 9.45958481e+01
    9.39614258e+01 9.53147278e+01 9.26223907e+01 9.41590042e+01
    9.46284943e+01 9.31081085e+01 9.41379166e+01 9.36022720e+01
    9.32597733e+01 9.32060547e+01 9.27818222e+01 8.90214005e+01
    8.91297913e+01 9.09492340e+01 9.17736435e+01 9.35758514e+01
    9.03843842e+01 9.42159271e+01 9.45319595e+01 9.37738113e+01
    9.27326889e+01 9.64948196e+01 9.45281982e+01 9.57146835e+01
    9.34818802e+01 9.48477402e+01 9.40599060e+01 9.12349701e+01
    9.14040604e+01 9.35546494e+01 9.23319016e+01 9.25522842e+01
    9.40471497e+01 9.30045853e+01 9.44945679e+01 9.17089996e+01
    9.13560028e+01 9.16975784e+01 9.09718552e+01 9.19563828e+01
    8.82754822e+01 9.11165237e+01 8.77350082e+01 9.33064423e+01
    8.93600998e+01 8.89987564e+01 9.06215057e+01 9.16857986e+01
    8.78627930e+01 8.61740189e+01 9.04292450e+01 8.61134033e+01
    9.08475266e+01 8.68557281e+01 8.70702438e+01 8.85599747e+01
    8.80566559e+01 8.65718994e+01 8.74429550e+01 8.93060684e+01
    8.86923065e+01 8.59271240e+01 8.99075851e+01 8.78130341e+01
    8.51018372e+01 8.85269394e+01 8.50256042e+01 8.46871262e+01
    9.12998962e+01 8.89172058e+01 8.74391937e+01 8.91066208e+01
    9.43697205e+01 8.59555588e+01 8.62289200e+01 8.88046112e+01
    9.00092163e+01 9.07197952e+01 8.91922531e+01 8.80079269e+01
    9.02286911e+01 9.12240448e+01 9.06020966e+01 8.85023651e+01
    9.14357071e+01 8.96377258e+01 8.93526764e+01 9.17773972e+01
    8.95922165e+01 9.35122528e+01 9.09528732e+01 9.22159348e+01
    8.86425323e+01 8.98000946e+01 8.79357147e+01 8.95739441e+01
    9.34996872e+01 8.88252258e+01 8.55112839e+01 9.11276398e+01
    9.19668961e+01 9.07515717e+01 9.14104691e+01 9.19582901e+01
    8.95930481e+01 8.88485794e+01 8.93948517e+01 8.98560181e+01
    8.46565170e+01 8.63465347e+01 8.74480133e+01 8.92550659e+01
    8.62099533e+01 8.71075363e+01 8.44891052e+01 8.61917191e+01
    8.47389069e+01 8.44651031e+01 8.62955627e+01 8.46704636e+01
    8.35623245e+01 8.50538101e+01 8.92093735e+01 8.75973434e+01
    9.09175339e+01 9.15531998e+01 9.16426239e+01 9.09039459e+01
    9.31730728e+01 9.30631104e+01 9.48654556e+01 9.23234940e+01
    9.21699982e+01 9.31390381e+01 9.27688828e+01 9.24794540e+01
    9.57644196e+01 9.23660660e+01 9.44043427e+01 9.47963638e+01
    9.02173157e+01 8.93396835e+01 8.82638702e+01 8.97363205e+01
    8.94139557e+01 9.05662155e+01 8.78697128e+01 8.95886459e+01
    8.89791107e+01 8.63540649e+01 8.40762863e+01 8.81898270e+01
    9.00043869e+01 8.79693069e+01 8.43803482e+01 8.61069412e+01
    8.60498657e+01 8.43955383e+01 8.67818909e+01 8.33859024e+01
    8.51925049e+01 8.58258972e+01 8.31681137e+01 8.73292694e+01
    8.76916580e+01 8.78755951e+01 8.63507614e+01 8.64755096e+01
    8.65914993e+01 8.70525894e+01 8.98742447e+01 8.77929764e+01
    8.71808090e+01 8.83400116e+01 8.95275421e+01 9.37392197e+01
    9.07086029e+01 8.83633957e+01 9.08563004e+01 9.04341125e+01 0.
    9.00030136e+01 8.69842529e+01 8.93271484e+01 8.68044968e+01
    9.03086166e+01 8.90687256e+01 9.07529221e+01 9.30988693e+01
    9.14722519e+01 8.90037918e+01 8.99500961e+01 9.01571274e+01
    9.19197617e+01 9.22873688e+01 8.94373169e+01 8.94617538e+01
    9.38296432e+01 8.85597076e+01 9.06297226e+01 8.83493423e+01
    9.11753769e+01 9.21401672e+01 9.14856720e+01 9.29008636e+01
    9.42471313e+01 9.30348587e+01 9.30146790e+01 9.38117294e+01
    9.49350281e+01 9.82174225e+01 9.17306671e+01 9.32063446e+01
    9.29320755e+01 9.33096085e+01 9.21796036e+01 9.52083435e+01
    9.48279114e+01 9.14431992e+01 9.22831879e+01 9.58055420e+01
    9.17579422e+01 9.05138626e+01 9.39998932e+01 9.42295227e+01
    9.27151184e+01 8.92918167e+01 9.08201447e+01 9.30274429e+01
    8.94340897e+01 9.74020996e+01 9.35222855e+01 9.48924561e+01
    9.24161835e+01 9.33265305e+01 9.67001953e+01 9.49067917e+01
    9.53022842e+01 9.28495865e+01 9.55291138e+01 9.27018433e+01
    9.21381760e+01 9.21564789e+01 9.23072510e+01 9.15753708e+01
    9.21777954e+01 9.44146194e+01 9.22776413e+01 8.99504318e+01
    8.93454590e+01 9.09350433e+01 9.14525681e+01 8.98494415e+01
    9.19243393e+01 8.97317047e+01 9.49792404e+01 9.42397232e+01
    9.32813187e+01 9.51051712e+01 9.38480606e+01 9.68826141e+01
    9.60202103e+01 9.45856018e+01 9.19146500e+01 8.99742279e+01
    9.20977707e+01 8.96247177e+01 9.43679123e+01 9.41546783e+01
    9.40990982e+01 9.12744751e+01 9.24554214e+01 9.06004181e+01
    9.29494095e+01 9.47591858e+01 9.08494034e+01 9.17687073e+01
    9.18393936e+01 9.31584244e+01 9.18224258e+01 8.97484131e+01
    9.04230576e+01 9.14204483e+01 9.26991882e+01 9.16007080e+01
    9.34913406e+01 9.00754471e+01 8.96983566e+01 9.03599014e+01
    9.00032806e+01 8.96898651e+01 8.80908585e+01 8.63045578e+01
    8.85410080e+01 8.60838242e+01 8.76714325e+01 8.70418243e+01
    9.09151535e+01 8.49612808e+01 8.87351074e+01 8.57990036e+01
    8.56588287e+01 8.82712936e+01 8.86019363e+01 8.68790054e+01
    8.81237106e+01 8.81358185e+01 8.77383652e+01 8.82753983e+01
    8.72471848e+01 8.66107025e+01 8.76717682e+01 9.06280823e+01
    9.19696503e+01 9.21649399e+01 9.29534378e+01 8.76393890e+01
    9.22396240e+01 8.98621216e+01 9.05292816e+01 8.91808319e+01
    8.82625885e+01 8.79725723e+01 9.02735062e+01 9.33763657e+01
    8.74019852e+01 9.19654694e+01 9.09219055e+01 9.42350388e+01
    8.85426865e+01 9.22025833e+01 8.97662582e+01 8.99605026e+01
    8.78470383e+01 9.07098541e+01 9.10309753e+01 8.87844543e+01
    9.12985153e+01 9.19449463e+01 9.28239288e+01 9.42576447e+01
    9.10328369e+01 8.90256882e+01 9.07113266e+01 8.77698669e+01
    9.05453720e+01 8.72970047e+01 8.92594070e+01 8.81298904e+01
    8.81000595e+01 8.67582016e+01 8.90946655e+01 8.73295364e+01
    8.72205200e+01 8.61623077e+01 8.97326889e+01 8.66622696e+01
    8.57860870e+01 8.68044662e+01 8.81563873e+01 9.15985565e+01
    8.87031021e+01 9.24588470e+01 9.27526245e+01 8.95068512e+01
    8.92093964e+01 9.31968460e+01 8.83540268e+01 9.31798935e+01
    8.87784424e+01 9.31380997e+01 9.24259415e+01 9.53034592e+01
    9.28400421e+01 9.35600281e+01 9.62176285e+01 9.30000992e+01
    9.13695450e+01 9.17085495e+01 9.18716125e+01 9.08516235e+01
    9.02245865e+01 9.05051651e+01 9.11290512e+01 8.69326782e+01
    8.75252686e+01 8.96008835e+01 8.77060471e+01 8.88303375e+01
    8.81128387e+01 8.74427490e+01 8.67268448e+01 9.15477219e+01
    8.86879730e+01 8.60147552e+01 8.30955353e+01 8.57511597e+01
    8.58740768e+01 8.45761719e+01 8.55826187e+01 8.60554276e+01
    8.83466721e+01 8.65164490e+01 9.04746933e+01 8.96916275e+01
    8.57254181e+01 8.78684540e+01 8.76752625e+01 9.02221069e+01
    8.92960663e+01 8.93335953e+01 8.70898285e+01 8.93395844e+01
    8.89132996e+01 9.28485794e+01 9.02101440e+01 9.11647797e+01
    8.94141617e+01 0. 8.72062836e+01 8.76575546e+01 8.69836807e+01
    8.73106766e+01 8.81046982e+01 8.90856171e+01 9.02397385e+01
    9.28731308e+01 9.25509109e+01 8.87137604e+01 9.36164627e+01
    9.01469116e+01 9.06728821e+01 9.15619049e+01 9.05939102e+01
    9.08531876e+01 8.98622437e+01 9.34391861e+01 8.67709885e+01
    9.21509705e+01 9.16232834e+01 9.41730347e+01 9.05720367e+01
    9.16175232e+01 9.38992615e+01 9.29304352e+01 9.24605179e+01
    9.44210052e+01 9.30870514e+01 9.35277863e+01 9.28266678e+01
    9.22079315e+01 9.22292709e+01 9.48743515e+01 9.36043854e+01
    9.30376740e+01 9.70924149e+01 9.27488403e+01 9.28561172e+01
    9.27960052e+01 9.56888275e+01 9.38042526e+01 9.35233231e+01
    9.50963058e+01 9.73396301e+01 9.64465485e+01 9.38346863e+01
    9.40088196e+01 9.59784317e+01 9.77138748e+01 9.64684372e+01
    9.23105621e+01 9.69570007e+01 9.40706406e+01 9.33873291e+01
    9.22295990e+01 9.27067337e+01 9.33464737e+01 9.38242950e+01
    9.19954147e+01 9.49199142e+01 9.14655991e+01 9.19311676e+01
    8.93132706e+01 9.39850616e+01 9.19018555e+01 9.39724960e+01
    9.30688248e+01 9.03778381e+01 8.67256775e+01 9.11562119e+01
    9.21839294e+01 9.31288452e+01 9.13384476e+01 9.10965500e+01
    9.12129288e+01 9.21274261e+01 9.26516495e+01 9.23746490e+01
    9.32881546e+01 9.48235779e+01 9.37358704e+01 9.58149643e+01
    8.93148270e+01 9.45901489e+01 9.18764038e+01 9.10253220e+01
    9.09160156e+01 8.88934860e+01 9.31521149e+01 9.21909943e+01
    9.25897903e+01 9.32207947e+01 9.27069321e+01 9.12884445e+01
    8.88987045e+01 9.34273605e+01 9.09752579e+01 8.80349579e+01
    8.96654434e+01 9.18090210e+01 9.28468170e+01 9.14365234e+01
    8.90054245e+01 8.97546387e+01 9.06286392e+01 9.00212326e+01
    9.06029587e+01 9.08941193e+01 9.04084244e+01 8.97807541e+01
    8.76755981e+01 9.01345367e+01 9.05252457e+01 8.69665680e+01
    8.71143188e+01 8.57219696e+01 8.84786453e+01 8.74229965e+01
    8.43345261e+01 8.40348969e+01 8.75949631e+01 8.57963562e+01
    8.60524826e+01 8.67779694e+01 8.74137650e+01 8.92240143e+01
    8.87266159e+01 8.88299637e+01 9.11425629e+01 9.33830872e+01
    8.94792480e+01 8.93784180e+01 9.31623154e+01 8.94206009e+01
    8.97190552e+01 8.97611465e+01 8.90070114e+01 8.79550858e+01
    8.96047134e+01 8.81050262e+01 8.96077194e+01 9.09090195e+01
    9.13892136e+01 9.13498764e+01 9.25404129e+01 9.18702621e+01
    9.24631805e+01 8.92869492e+01 8.91071472e+01 9.01665649e+01
    8.97496567e+01 8.99700012e+01 8.93203125e+01 8.98027420e+01
    9.33973465e+01 9.06108780e+01 9.54539719e+01 9.18278580e+01
    9.29471664e+01 9.13027039e+01 9.21801758e+01 8.93238602e+01
    8.64176636e+01 8.96432114e+01 8.81948929e+01 8.35449219e+01
    8.80767059e+01 8.80449982e+01 9.02594681e+01 8.76469727e+01
    8.62025986e+01 8.73741150e+01 8.75589218e+01 8.77329941e+01
    8.39714050e+01 8.87454071e+01 8.71855545e+01 9.08572693e+01
    9.13012619e+01 9.09490509e+01 9.34176254e+01 9.24224854e+01
    9.60058517e+01 9.33307190e+01 9.31512222e+01 9.38325500e+01
    9.58367157e+01 9.38073120e+01 9.51809921e+01 9.40090866e+01
    9.98658905e+01 9.64564285e+01 9.49189987e+01 9.70148468e+01
    9.66938934e+01 9.38003006e+01 9.36294022e+01 9.53589401e+01
    9.54901810e+01 9.32470932e+01 9.21272278e+01 9.09680328e+01
    9.35275192e+01 8.98846283e+01 8.83969040e+01 8.89666519e+01
    8.92076721e+01 8.89006500e+01 8.96125031e+01 9.20236359e+01
    8.63042908e+01 8.81047745e+01 8.89081116e+01 8.53004303e+01
    8.44008636e+01 8.76600876e+01 8.16935730e+01 8.84697037e+01
    8.79799957e+01 8.99749527e+01 8.68884430e+01 9.02174454e+01
    8.59928589e+01 8.72613220e+01 8.94464645e+01 8.77439423e+01
    8.99042358e+01 9.21728134e+01 8.84404984e+01 9.02090454e+01
    9.18731766e+01 9.28911591e+01 9.19709320e+01 9.00942078e+01
    8.94716415e+01 8.97261429e+01 0. 8.87604141e+01 8.71531067e+01
    8.66449585e+01 8.69907684e+01 9.04920883e+01 8.59316330e+01
    9.17345810e+01 9.38134003e+01 9.07227478e+01 9.09253540e+01
    9.29922409e+01 9.31329346e+01 8.98433609e+01 9.45832443e+01
    8.85373306e+01 9.01965637e+01 8.95521393e+01 9.04755936e+01
    8.73907471e+01 9.11105804e+01 9.25981369e+01 9.36955719e+01
    8.99830093e+01 9.21317139e+01 9.17699890e+01 9.02198639e+01
    9.22925797e+01 8.96760864e+01 9.50767059e+01 9.45889664e+01
    9.43886871e+01 9.22896271e+01 9.11014252e+01 9.44134521e+01
    9.35418167e+01 9.41187973e+01 9.35662842e+01 9.32029800e+01
    9.19348907e+01 9.43909225e+01 9.58277359e+01 9.43831024e+01
    9.23333359e+01 9.42956314e+01 9.35179367e+01 9.58676605e+01
    9.38427658e+01 9.56394272e+01 9.62025757e+01 9.66861038e+01
    9.58940277e+01 9.21310501e+01 9.45751801e+01 9.43626175e+01
    9.37719727e+01 8.99976578e+01 9.27203140e+01 9.37193909e+01
    9.34217072e+01 9.31653671e+01 9.43328857e+01 9.45351486e+01
    9.11281967e+01 9.01660690e+01 9.26242447e+01 9.03477249e+01
    8.81836929e+01 8.92097168e+01 9.47248001e+01 8.79304504e+01
    8.77527847e+01 9.18736115e+01 8.79426498e+01 8.67409744e+01
    8.86877365e+01 8.91898575e+01 9.06649704e+01 8.73132629e+01
    9.53107681e+01 9.03216553e+01 9.37745972e+01 9.31823502e+01
    9.19823151e+01 9.18545914e+01 8.70809402e+01 8.94611206e+01
    8.87520142e+01 9.30212326e+01 9.14736557e+01 9.27674255e+01
    9.07882767e+01 9.27167587e+01 9.31410828e+01 9.28923645e+01
    9.20359497e+01 9.01121292e+01 9.43274460e+01 9.22106171e+01
    9.14374237e+01 8.77730637e+01 9.10422440e+01 9.19331284e+01
    9.38246765e+01 9.06238174e+01 8.83922424e+01 8.95410385e+01
    9.14729309e+01 9.18126068e+01 8.66888962e+01 9.02128525e+01
    8.61695557e+01 9.01396103e+01 8.85091324e+01 8.92851562e+01
    8.71170731e+01 8.83023148e+01 8.72907257e+01 8.49394073e+01
    8.72059860e+01 8.62409897e+01 8.54779282e+01 8.76892471e+01
    8.58342972e+01 8.54989243e+01 8.63755569e+01 8.66587372e+01
    8.91975708e+01 8.87900620e+01 8.63145370e+01 8.39349365e+01
    8.83562622e+01 9.11340027e+01 8.96505890e+01 9.31369171e+01
    8.60440445e+01 9.05184402e+01 9.05808716e+01 8.81267471e+01
    8.85717239e+01 8.76366425e+01 8.94395599e+01 9.05283051e+01
    9.10736008e+01 9.04810944e+01 9.07255707e+01 9.19845734e+01
    9.00076675e+01 9.18716278e+01 9.04863358e+01 9.22590942e+01
    8.89114838e+01 8.95877762e+01 8.99846878e+01 8.84454498e+01
    9.01788101e+01 9.38247147e+01 8.99153290e+01 9.23689804e+01
    9.32521286e+01 9.29608765e+01 8.99273453e+01 9.13485031e+01
    8.71470108e+01 8.75106277e+01 8.65494690e+01 8.63224564e+01
    8.74060516e+01 9.00408249e+01 8.82727890e+01 8.72323074e+01
    8.86130066e+01 8.66756821e+01 8.47414856e+01 8.59225693e+01
    8.61221695e+01 8.57684937e+01 8.40398483e+01 8.95853958e+01
    8.81186676e+01 8.70998611e+01 9.16104507e+01 9.06724014e+01
    9.24443741e+01 9.12968292e+01 9.34691544e+01 9.16884689e+01
    9.43373795e+01 9.38485565e+01 9.21303329e+01 9.39396744e+01
    9.47833633e+01 9.35625839e+01 9.78973312e+01 9.66120377e+01
    9.39243774e+01 9.65661240e+01 9.45529480e+01 9.23816757e+01
    9.21461029e+01 9.33681030e+01 9.25306625e+01 9.49531174e+01
    9.16171494e+01 9.14010239e+01 9.10681992e+01 9.19071045e+01
    9.17376862e+01 9.07390518e+01 9.04858093e+01 8.79185257e+01
    8.88785248e+01 8.89525299e+01 9.01111984e+01 8.79603119e+01
    8.44747620e+01 8.62113571e+01 9.00590744e+01 8.82288666e+01
    8.66108932e+01 8.74079132e+01 8.89236069e+01 8.80511246e+01
    9.27436066e+01 8.90510406e+01 8.84186707e+01 8.98124161e+01
    8.97150497e+01 9.01774826e+01 9.47302551e+01 9.25857391e+01
    9.24329834e+01 9.05166245e+01 9.42418900e+01 9.25071411e+01
    9.23158417e+01 9.23671951e+01 8.89858627e+01 0. 8.75443115e+01
    8.74424896e+01 8.55855484e+01 8.35280762e+01 8.73992462e+01
    8.56942596e+01 8.84799576e+01 9.35880051e+01 8.97871552e+01
    8.82702942e+01 8.98464737e+01 8.78263702e+01 8.90212860e+01
    9.08469238e+01 9.18096390e+01 8.90453415e+01 9.12398987e+01
    8.81984253e+01 9.01814804e+01 8.88584671e+01 8.94212646e+01
    9.30494156e+01 9.24182205e+01 9.08154144e+01 9.26433716e+01
    9.52820587e+01 9.04164276e+01 9.10974731e+01 8.88714523e+01
    9.46136932e+01 9.18674927e+01 9.56016998e+01 9.08524475e+01
    9.24395065e+01 9.41808624e+01 9.61946030e+01 9.54327316e+01
    9.27471390e+01 9.57292328e+01 9.67527313e+01 9.31041412e+01
    9.23214722e+01 9.23733597e+01 9.19119492e+01 9.24758682e+01
    9.79353943e+01 9.38989563e+01 9.69931488e+01 9.44451370e+01
    9.49541168e+01 9.85516434e+01 9.44460754e+01 9.19738541e+01
    9.39722061e+01 9.54526978e+01 9.41434174e+01 9.44214554e+01
    9.26361771e+01 9.43997955e+01 9.53876038e+01 9.58518906e+01
    9.46457596e+01 9.24954376e+01 8.97043991e+01 9.01948776e+01
    9.18986740e+01 9.06670456e+01 9.05181198e+01 9.23072891e+01
    9.01365967e+01 9.18515625e+01 8.89644089e+01 8.93442230e+01
    8.92657242e+01 8.99311218e+01 9.41889267e+01 9.03449707e+01
    9.13644791e+01 9.18089828e+01 9.21734543e+01 9.35872650e+01
    9.09184952e+01 9.16534119e+01 8.98091278e+01 9.24950562e+01
    9.16562653e+01 8.94480667e+01 8.95725098e+01 8.99724121e+01
    9.20994492e+01 9.35623093e+01 9.20698700e+01 9.16064377e+01
    9.31845474e+01 9.55954819e+01 8.96590652e+01 9.01395569e+01
    9.07858734e+01 9.10114517e+01 9.06946259e+01 9.26287308e+01
    9.35514832e+01 8.86949692e+01 9.16333237e+01 8.84935837e+01
    8.87418137e+01 8.87338562e+01 8.88672485e+01 8.68616409e+01
    8.50099182e+01 8.66578751e+01 8.65568161e+01 8.55047455e+01
    8.74133224e+01 8.57468338e+01 8.50153885e+01 8.60608063e+01
    8.60566025e+01 8.77038956e+01 8.71841583e+01 8.40299530e+01
    8.43757553e+01 8.62511444e+01 8.52482529e+01 8.59318924e+01
    8.52087402e+01 8.22436218e+01 8.58677597e+01 8.41682587e+01
    8.61470795e+01 8.82583466e+01 8.73744049e+01 9.13183212e+01
    9.02391815e+01 8.99897232e+01 8.81769791e+01 8.96431122e+01
    8.68842468e+01 9.14314346e+01 9.08161621e+01 9.07529526e+01
    9.25459442e+01 9.04661026e+01 9.45051498e+01 9.18653107e+01
    9.25319824e+01 9.12463226e+01 9.28540344e+01 9.27590103e+01
    9.13931808e+01 8.98509598e+01 8.75278931e+01 9.09340057e+01
    8.89737396e+01 8.96693802e+01 9.20402069e+01 9.05438843e+01
    9.22311096e+01 9.50228958e+01 8.83887558e+01 9.05705872e+01
    9.04349670e+01 8.85085983e+01 8.86445236e+01 9.01771011e+01
    8.83011322e+01 8.59312515e+01 8.70387268e+01 8.63143616e+01
    8.91096878e+01 8.67927704e+01 8.84239960e+01 8.65996780e+01
    8.59250641e+01 8.80840683e+01 8.92645721e+01 8.76890411e+01
    8.88763504e+01 8.99263535e+01 9.05562439e+01 9.20635300e+01
    9.18985291e+01 9.05917969e+01 9.28010941e+01 9.13649902e+01
    9.45357971e+01 9.55152435e+01 9.12098846e+01 9.43509674e+01
    9.45573502e+01 9.35219040e+01 9.49246674e+01 9.68648071e+01
    9.52391663e+01 9.40226364e+01 9.64858093e+01 9.26484680e+01
    9.01963120e+01 9.19175186e+01 9.05552902e+01 9.01602402e+01
    9.07332993e+01 9.04244843e+01 9.00370483e+01 8.92941895e+01
    9.03599319e+01 8.94727783e+01 9.08926392e+01 8.93524246e+01
    9.10484619e+01 8.60060959e+01 8.67265244e+01 8.57550735e+01
    8.69908524e+01 8.50116043e+01 8.22079620e+01 8.45260391e+01
    8.62122879e+01 8.67908554e+01 8.92637787e+01 9.22251205e+01
    8.77654037e+01 9.28263474e+01 9.08283386e+01 8.69373093e+01
    8.70314941e+01 9.22129745e+01 8.90942459e+01 9.20743103e+01
    9.29143677e+01 8.96041412e+01 9.22630463e+01 9.39249191e+01
    9.05190659e+01 9.56369553e+01 9.40949631e+01 8.93148193e+01 0.
    8.77188873e+01 8.81828003e+01 8.64531174e+01 8.77109451e+01
    8.71813202e+01 8.51295242e+01 9.10836487e+01 9.24590607e+01
    8.89761505e+01 8.92689590e+01 9.04892654e+01 8.89733658e+01
    8.93296890e+01 8.91883926e+01 8.85041656e+01 8.70147400e+01
    8.58225708e+01 8.43266068e+01 9.12052307e+01 8.77528687e+01
    8.75028305e+01 9.08002853e+01 9.39038010e+01 9.59904251e+01
    9.09516373e+01 9.32763062e+01 8.89851074e+01 9.10682144e+01
    9.23622894e+01 9.11081924e+01 8.92812881e+01 9.21372757e+01
    9.36137009e+01 9.35824585e+01 9.28286285e+01 9.63470535e+01
    9.50792770e+01 9.32088165e+01 9.20585480e+01 9.17648010e+01
    9.61875076e+01 9.15856628e+01 9.55831146e+01 9.42300949e+01
    9.48901978e+01 9.21910400e+01 9.57312088e+01 9.69155197e+01
    9.69430161e+01 9.47723236e+01 9.86177216e+01 9.54126663e+01
    9.46181259e+01 9.37944336e+01 9.42021637e+01 9.50416107e+01
    9.33640671e+01 9.49754486e+01 9.67108994e+01 9.26875916e+01
    9.32877121e+01 9.61573029e+01 9.59036102e+01 9.16819534e+01
    9.39651413e+01 9.46251373e+01 9.29716263e+01 9.41788101e+01
    8.96792145e+01 9.12296600e+01 8.73633347e+01 9.01493073e+01
    8.81580887e+01 8.92397537e+01 8.97528610e+01 9.15620575e+01
    9.35846100e+01 8.91832581e+01 9.26759338e+01 8.91799088e+01
    8.98464203e+01 9.00975876e+01 9.15569611e+01 9.00308762e+01
    8.78749390e+01 8.83155060e+01 9.23199539e+01 9.18521042e+01
    8.97650299e+01 9.15211334e+01 9.19419403e+01 9.10137329e+01
    9.17187958e+01 9.36210480e+01 9.08196945e+01 9.06771393e+01
    8.76948853e+01 9.20550613e+01 9.42180939e+01 8.86182938e+01
    9.30921860e+01 9.20705490e+01 9.14258270e+01 8.97748871e+01
    8.99811630e+01 8.80291290e+01 9.01577301e+01 8.87624664e+01
    8.73806458e+01 8.83599777e+01 8.64591980e+01 8.56815720e+01
    8.59069214e+01 8.60436096e+01 8.83291473e+01 8.53413162e+01
    8.65297165e+01 8.58579636e+01 8.57688904e+01 8.51734238e+01
    8.33305206e+01 8.23963623e+01 8.40683136e+01 8.62496490e+01
    8.32249298e+01 8.74032974e+01 8.54013138e+01 8.74843369e+01
    8.38493958e+01 8.59659729e+01 8.68672943e+01 8.69439774e+01
    9.22595444e+01 8.95253601e+01 8.61564713e+01 8.53152771e+01
    9.00315399e+01 9.05772476e+01 8.79205551e+01 9.03401566e+01
    8.81763306e+01 9.13569031e+01 8.96375275e+01 8.87808151e+01
    9.00335846e+01 8.76316757e+01 9.48746109e+01 8.92600632e+01
    9.13565292e+01 8.90120926e+01 9.05076904e+01 8.92680969e+01
    9.04126968e+01 9.14612579e+01 9.18399658e+01 9.23210373e+01
    8.89245605e+01 9.06787338e+01 9.23124695e+01 9.12659760e+01
    8.89689789e+01 9.29824982e+01 8.92551651e+01 8.93565445e+01
    8.73377457e+01 8.76807480e+01 8.80341110e+01 9.09001160e+01
    8.57374725e+01 8.82847672e+01 8.72989502e+01 8.88586502e+01
    8.82218399e+01 8.90847473e+01 8.56231308e+01 9.08449783e+01
    8.59315491e+01 8.71866531e+01 8.99557114e+01 8.77957535e+01
    9.11310272e+01 8.80779037e+01 9.06632538e+01 9.19180908e+01
    9.04229965e+01 9.39000320e+01 9.26969299e+01 9.35027313e+01
    9.28185349e+01 9.29873276e+01 9.37137375e+01 9.16237793e+01
    9.74813919e+01 9.50344315e+01 9.43357315e+01 9.62384949e+01
    9.46577530e+01 8.99228821e+01 8.99078369e+01 9.01033325e+01
    9.22044144e+01 9.19267731e+01 8.99259109e+01 8.96814880e+01
    9.32471848e+01 9.11624603e+01 9.01655579e+01 9.05315857e+01
    8.88865204e+01 8.81561432e+01 8.55957870e+01 8.60673218e+01
    8.87398987e+01 8.57343140e+01 8.23676834e+01 8.50080872e+01
    8.76409454e+01 8.61408844e+01 8.74002228e+01 8.78632660e+01
    8.96734695e+01 8.94330673e+01 9.02938766e+01 8.84976578e+01
    9.02439041e+01 8.59726334e+01 8.86435547e+01 9.14369278e+01
    9.12884979e+01 8.93506546e+01 9.04980392e+01 9.04935074e+01
    9.24138947e+01 8.73162537e+01 9.01548233e+01 8.83911743e+01
    8.80890121e+01 0. 8.97280273e+01 8.87884979e+01 8.87014160e+01
    8.82877808e+01 9.05180664e+01 9.05253220e+01 9.37122955e+01
    9.45760040e+01 9.49356155e+01 9.36129532e+01 9.13889313e+01
    9.22175598e+01 9.08034058e+01 9.11331787e+01 8.78434219e+01
    9.20859756e+01 8.89354935e+01 8.86038284e+01 8.88642883e+01
    8.79181137e+01 9.25595932e+01 9.02204208e+01 9.16858215e+01
    9.25490189e+01 9.34109268e+01 9.25598602e+01 9.07474213e+01
    8.99645004e+01 8.98789597e+01 9.53923416e+01 9.26239166e+01
    9.22286301e+01 9.64572754e+01 9.07704010e+01 9.54512634e+01
    9.56722870e+01 9.07866898e+01 9.37086945e+01 9.20616302e+01
    9.44072647e+01 9.20746307e+01 9.44801712e+01 9.55597382e+01
    9.33614349e+01 9.48081741e+01 9.59877396e+01 9.49938583e+01
    9.37128754e+01 9.50893631e+01 9.64159470e+01 9.57991486e+01
    9.67192841e+01 9.18717651e+01 9.18597107e+01 9.46822739e+01
    9.42096405e+01 9.59722519e+01 9.20514450e+01 9.30944366e+01
    9.40034561e+01 9.39166260e+01 9.53399506e+01 9.23386002e+01
    9.38743286e+01 9.60903702e+01 9.69670486e+01 9.20697632e+01
    8.95132217e+01 9.17101822e+01 8.92455063e+01 8.98644638e+01
    8.58275833e+01 8.81652908e+01 8.70182114e+01 9.10317612e+01
    9.01674271e+01 9.28326187e+01 8.98305969e+01 9.19567795e+01
    9.04341965e+01 8.91510925e+01 8.90941772e+01 8.84243622e+01
    8.39646912e+01 8.83107071e+01 8.90726013e+01 8.97608719e+01
    8.81718063e+01 8.93911591e+01 9.09046326e+01 9.23099899e+01
    9.32490845e+01 9.29643555e+01 8.87490463e+01 9.22798843e+01
    8.75049438e+01 8.81663361e+01 9.12717209e+01 9.44047852e+01
    8.74155655e+01 8.84661713e+01 8.98443680e+01 9.13753510e+01
    9.31431351e+01 9.17586746e+01 9.09801331e+01 8.73009186e+01
    8.88846054e+01 9.16306763e+01 8.46096420e+01 8.40103073e+01
    8.45490570e+01 8.61151352e+01 8.20251617e+01 8.45296326e+01
    8.62049332e+01 8.39530106e+01 8.36633072e+01 8.31354065e+01
    8.50824738e+01 8.60618973e+01 8.28336945e+01 8.55231934e+01
    8.59307175e+01 8.51267776e+01 8.39499207e+01 8.22772751e+01
    8.61538620e+01 8.65814209e+01 8.71842499e+01 8.58280792e+01
    8.62155151e+01 8.66143417e+01 8.94052505e+01 8.88760834e+01
    8.78882904e+01 8.49089890e+01 8.76252518e+01 8.84231262e+01
    8.71404648e+01 8.68532639e+01 9.09812469e+01 8.89569321e+01
    9.08619537e+01 8.87374649e+01 9.16286545e+01 8.94849243e+01
    9.33046722e+01 9.07230606e+01 8.93611298e+01 8.79157104e+01
    8.90513306e+01 8.86338882e+01 8.96286545e+01 8.91280975e+01
    9.06239319e+01 9.07117920e+01 9.24678421e+01 9.20869904e+01
    9.03034210e+01 8.74281769e+01 8.96404037e+01 8.74039764e+01
    8.96086121e+01 8.77674637e+01 8.89427414e+01 8.87374725e+01
    8.99212189e+01 8.84335709e+01 9.00259933e+01 8.61556015e+01
    8.86118698e+01 9.13587341e+01 8.72608261e+01 8.60720444e+01
    8.83730927e+01 8.72244186e+01 8.80465088e+01 8.99225159e+01
    9.16610870e+01 9.20927811e+01 9.21512070e+01 9.11261292e+01
    9.17952271e+01 9.46251068e+01 9.20065842e+01 9.45928574e+01
    9.39555054e+01 9.34465256e+01 9.09445038e+01 9.16863708e+01
    9.48057098e+01 9.37689285e+01 9.30884476e+01 9.12758560e+01
    9.07859573e+01 8.89569092e+01 8.98245087e+01 8.92020569e+01
    8.88798523e+01 8.79284058e+01 9.19288406e+01 8.91310425e+01
    9.08118591e+01 8.69029922e+01 8.96841507e+01 8.89699326e+01
    8.84157867e+01 8.62579041e+01 8.66395035e+01 8.77642441e+01
    8.62651367e+01 8.76606750e+01 8.53956451e+01 8.24783936e+01
    8.56201401e+01 8.60675888e+01 8.33187103e+01 8.81257935e+01
    8.69029617e+01 8.99484634e+01 9.13754272e+01 8.99900055e+01
    8.96161499e+01 8.80809631e+01 8.94096146e+01 8.99910431e+01
    8.99334412e+01 9.11857147e+01 9.04759369e+01 9.10488052e+01
    8.94322815e+01 9.18286972e+01 9.32860718e+01 9.42757339e+01
    9.12949982e+01 9.33662415e+01 0. 9.03200760e+01 9.18634567e+01
    8.59082260e+01 8.74295502e+01 8.97681580e+01 9.05206070e+01
    8.72201462e+01 9.08208389e+01 9.39410400e+01 9.27355957e+01
    9.26443253e+01 8.98707581e+01 9.02681198e+01 8.78245087e+01
    8.95602341e+01 8.94216156e+01 8.49275055e+01 8.73612213e+01
    8.88263092e+01 8.82082748e+01 8.61618500e+01 9.05489197e+01
    9.16342468e+01 9.02851257e+01 9.15481567e+01 8.81978760e+01
    9.06290970e+01 8.89176712e+01 8.96484451e+01 9.02676620e+01
    8.86536484e+01 9.10771027e+01 9.05155792e+01 9.68790817e+01
    9.22765808e+01 9.58357773e+01 9.37284012e+01 9.15631485e+01
    9.13585281e+01 9.11989975e+01 9.48394547e+01 9.39941635e+01
    9.19594193e+01 9.30294495e+01 9.24870071e+01 9.17322845e+01
    9.24831848e+01 9.43417511e+01 9.29275665e+01 9.54438095e+01
    9.73650208e+01 9.78585129e+01 9.35810089e+01 9.33567886e+01
    9.37589035e+01 9.33977203e+01 9.44996262e+01 9.25805283e+01
    9.27293472e+01 9.36992950e+01 9.54274063e+01 9.64976578e+01
    9.65554886e+01 9.40239868e+01 9.58474579e+01 9.63462296e+01
    9.27130356e+01 9.14756317e+01 9.06580582e+01 8.84601593e+01
    8.76986313e+01 8.90870132e+01 9.02798996e+01 8.62709503e+01
    9.24983826e+01 9.56128845e+01 9.31328812e+01 9.11632309e+01
    9.26299820e+01 9.08258057e+01 8.91727371e+01 8.95278015e+01
    8.85160294e+01 9.05101776e+01 8.91961441e+01 8.80895920e+01
    9.51979980e+01 9.12884369e+01 8.80387192e+01 8.93870850e+01
    9.35596085e+01 9.47026062e+01 9.44391937e+01 9.14423523e+01
    9.17039185e+01 9.22782440e+01 8.91684723e+01 9.17105026e+01
    9.38679581e+01 8.89751816e+01 9.26536255e+01 9.21693497e+01
    9.10530624e+01 9.22018967e+01 8.74512100e+01 8.61513214e+01
    8.68240738e+01 9.03234711e+01 8.87437897e+01 8.65680466e+01
    8.77798309e+01 8.50701065e+01 8.67801971e+01 8.46878662e+01
    8.44012985e+01 8.90374756e+01 8.53410110e+01 8.52522278e+01
    8.50406494e+01 8.39885406e+01 8.54779892e+01 8.34948425e+01
    8.29314804e+01 8.13553772e+01 8.63989716e+01 8.20152130e+01
    8.45494766e+01 8.63683548e+01 8.63822174e+01 8.64361496e+01
    8.66744614e+01 8.76503143e+01 8.99236298e+01 8.83112335e+01
    8.73959427e+01 8.65196762e+01 8.90508804e+01 9.05446243e+01
    8.81723022e+01 9.06497269e+01 8.87828522e+01 8.97189178e+01
    9.11399460e+01 9.21604767e+01 9.12005997e+01 9.28998642e+01
    9.18642349e+01 9.38911514e+01 8.93040695e+01 9.11198883e+01
    8.62414627e+01 9.13858490e+01 9.28701172e+01 8.88265915e+01
    9.12618408e+01 9.14725189e+01 9.12975159e+01 8.89735413e+01
    8.84941101e+01 8.86074524e+01 9.06774063e+01 9.11039276e+01
    8.92670746e+01 8.78214340e+01 9.02696915e+01 8.45886459e+01
    8.80007553e+01 8.93451462e+01 9.07441788e+01 9.14326935e+01
    9.08981018e+01 8.82895432e+01 8.88684769e+01 9.23147507e+01
    8.78208694e+01 8.99097595e+01 8.85408325e+01 8.82238312e+01
    8.76570740e+01 8.73392944e+01 9.14145813e+01 9.00897903e+01
    9.25570450e+01 9.20805054e+01 9.59828949e+01 9.58825912e+01
    9.25825577e+01 8.96796188e+01 9.15704575e+01 9.34822159e+01
    9.44621735e+01 9.05739059e+01 9.18620148e+01 9.03632507e+01
    9.19731064e+01 8.93565826e+01 8.97438202e+01 8.96341171e+01
    8.84136276e+01 8.95196152e+01 8.60156631e+01 9.10580215e+01
    8.75886688e+01 8.62307739e+01 8.66085434e+01 8.61235275e+01
    8.52327423e+01 8.60292587e+01 8.59860458e+01 8.71979370e+01
    8.59434967e+01 8.62001953e+01 8.25542068e+01 8.65553894e+01
    8.40732574e+01 8.32812195e+01 8.62079544e+01 8.41278305e+01
    8.81897812e+01 8.65767975e+01 8.90967636e+01 8.81049881e+01
    8.84913025e+01 8.81822586e+01 8.91623154e+01 8.97932358e+01
    8.91555634e+01 9.24810715e+01 9.32031708e+01 8.65213089e+01
    8.84040146e+01 9.03015137e+01 8.97767105e+01 9.25184631e+01
    9.11442642e+01 9.20662079e+01 8.95910492e+01 0. 9.29216003e+01
    9.11084518e+01 8.68204117e+01 9.23714371e+01 9.09197998e+01
    9.10575638e+01 9.16864243e+01 9.36063690e+01 9.00660400e+01
    9.11748734e+01 9.24449539e+01 8.76652222e+01 9.14098434e+01
    8.99801559e+01 8.99639053e+01 8.97836914e+01 8.68649368e+01
    8.64771576e+01 9.09323120e+01 8.88954315e+01 9.13469925e+01
    9.15457001e+01 8.83605957e+01 9.04263611e+01 9.29652786e+01
    8.82843094e+01 8.84834061e+01 9.17716370e+01 9.03378372e+01
    9.10686798e+01 9.20266495e+01 8.94775467e+01 9.24971619e+01
    9.33857956e+01 9.33694687e+01 9.41468201e+01 9.18665924e+01
    9.09168091e+01 9.09042740e+01 9.24049072e+01 8.84774475e+01
    9.21846161e+01 8.92282562e+01 9.03748627e+01 8.97280350e+01
    8.85310745e+01 9.38789215e+01 9.11432648e+01 9.03716965e+01
    9.44331970e+01 9.41138382e+01 9.35254288e+01 9.10835800e+01
    9.20296249e+01 9.42786713e+01 9.08164673e+01 8.99869003e+01
    9.29971542e+01 9.45470352e+01 9.52713394e+01 9.51540375e+01
    9.86718597e+01 9.49934998e+01 9.49106369e+01 9.31993942e+01
    9.43660583e+01 9.35840378e+01 9.08114471e+01 9.07388306e+01
    9.01524811e+01 8.92201157e+01 9.05505981e+01 9.05591278e+01
    9.14883270e+01 9.06107864e+01 9.52530212e+01 8.85807571e+01
    8.86823578e+01 8.97394714e+01 9.00945358e+01 8.94478912e+01
    8.99496689e+01 8.95359039e+01 8.65854416e+01 9.02344742e+01
    9.07025070e+01 9.14904175e+01 8.86305466e+01 9.05474091e+01
    9.15665283e+01 9.16408234e+01 9.41685944e+01 9.18406754e+01
    9.31759949e+01 9.37197189e+01 9.26396713e+01 9.22208710e+01
    9.25031433e+01 9.09332275e+01 9.23978271e+01 8.84712906e+01
    8.92682648e+01 8.89071579e+01 9.19038162e+01 9.00018997e+01
    8.86447754e+01 8.76158447e+01 9.05148544e+01 8.88279037e+01
    8.67760162e+01 8.32402344e+01 8.55605545e+01 8.58553009e+01
    8.29713211e+01 8.72659378e+01 8.67807465e+01 8.61929932e+01
    8.50835953e+01 8.54458389e+01 8.42318726e+01 8.27383499e+01
    8.56371765e+01 8.39207001e+01 8.62658920e+01 8.32832260e+01
    8.50229950e+01 8.31418610e+01 8.41908569e+01 8.70802307e+01
    8.50749283e+01 8.41971664e+01 8.70077286e+01 8.59773788e+01
    8.84009705e+01 8.76115112e+01 8.67474670e+01 8.66246185e+01
    8.86953201e+01 8.93211136e+01 8.89489670e+01 9.06643524e+01
    9.11744995e+01 8.99191437e+01 9.06491318e+01 8.83168716e+01
    9.27310410e+01 8.97819748e+01 8.94647675e+01 8.96108322e+01
    9.03435593e+01 8.83631134e+01 8.97322769e+01 8.89245224e+01
    9.25801849e+01 8.75984116e+01 9.26967468e+01 9.08040619e+01
    9.28851395e+01 9.32657852e+01 9.16636887e+01 9.30342026e+01
    9.10217667e+01 9.04217072e+01 8.77051239e+01 8.72652359e+01
    8.72903137e+01 8.83911285e+01 9.09167862e+01 8.89334946e+01
    9.11952286e+01 8.97263107e+01 9.04052048e+01 9.10408936e+01
    9.08945236e+01 8.99291153e+01 8.72677383e+01 9.00027390e+01
    8.77484741e+01 8.95109711e+01 8.90304413e+01 8.93676758e+01
    9.06553421e+01 9.00855560e+01 8.73458481e+01 9.09410172e+01
    9.14209747e+01 9.40507050e+01 9.26002502e+01 9.15857849e+01
    9.16639023e+01 9.01818619e+01 9.31348038e+01 9.32109222e+01
    9.15674667e+01 9.08783951e+01 9.39284821e+01 9.11122437e+01
    8.87010345e+01 9.02556305e+01 9.05948944e+01 9.12382202e+01
    9.06866913e+01 9.04379654e+01 8.97351379e+01 8.93410568e+01
    9.00063858e+01 9.02720413e+01 9.18149185e+01 8.82537155e+01
    8.61338425e+01 8.79540176e+01 8.49672318e+01 8.87369537e+01
    8.91982346e+01 8.85637360e+01 8.70825958e+01 8.96106415e+01
    9.04141617e+01 8.82078629e+01 8.99131622e+01 9.05067902e+01
    9.20718384e+01 9.20453720e+01 8.93417816e+01 9.10701065e+01
    9.01829529e+01 9.09020844e+01 9.22247696e+01 9.06780396e+01
    9.20192413e+01 8.86494141e+01 9.19727097e+01 8.92492981e+01
    9.18053055e+01 9.34737778e+01 9.38119049e+01 9.34670258e+01 0.
    8.96380005e+01 8.79538269e+01 9.10012817e+01 8.69350281e+01
    8.93408356e+01 8.84660110e+01 8.81712723e+01 8.86825562e+01
    9.00782013e+01 9.09949570e+01 9.27236862e+01 8.73806915e+01
    8.66050262e+01 9.11023788e+01 8.93231506e+01 8.79123001e+01
    8.85098419e+01 8.85670395e+01 8.42881317e+01 8.82092361e+01
    8.77700424e+01 9.25799179e+01 9.28069000e+01 9.07007370e+01
    9.23601151e+01 8.96009827e+01 8.87383194e+01 8.89501724e+01
    9.03502731e+01 9.16280975e+01 8.87930145e+01 9.03456192e+01
    9.25036011e+01 9.43561325e+01 9.27755203e+01 9.39853897e+01
    9.27546768e+01 9.29601593e+01 9.04073486e+01 9.20110931e+01
    9.00217590e+01 8.84815826e+01 8.79894485e+01 9.35048218e+01
    9.16635361e+01 8.96428146e+01 9.23635635e+01 9.51439972e+01
    9.36531143e+01 9.29804611e+01 9.34227829e+01 9.10234299e+01
    9.18701324e+01 9.24075623e+01 9.23686447e+01 9.08759003e+01
    9.38322830e+01 9.17366104e+01 9.50693665e+01 9.51148453e+01
    9.70636520e+01 9.58443298e+01 9.52374649e+01 9.66769333e+01
    9.40918045e+01 9.75824890e+01 9.34097214e+01 9.33357773e+01
    9.25290070e+01 9.14805450e+01 9.35431747e+01 9.26572418e+01
    9.33399887e+01 8.95888901e+01 9.32961884e+01 9.14576721e+01
    9.22623138e+01 9.10280151e+01 9.11607742e+01 8.91334763e+01
    9.01360016e+01 8.71686707e+01 8.73749771e+01 9.01580124e+01
    8.91484833e+01 8.77048874e+01 9.13773575e+01 8.99754639e+01
    9.17674713e+01 9.06484070e+01 9.32251205e+01 9.26763916e+01
    9.57571335e+01 8.84949341e+01 9.22274323e+01 9.31109619e+01
    9.06489792e+01 8.96665573e+01 9.28917923e+01 8.93851852e+01
    8.97819290e+01 9.13528824e+01 9.21553345e+01 9.06677094e+01
    9.20066605e+01 8.83548813e+01 8.78670883e+01 8.81692200e+01
    8.91764450e+01 8.39674835e+01 8.26778793e+01 8.34905777e+01
    8.75915298e+01 8.60437241e+01 8.55276337e+01 8.41222916e+01
    8.66002197e+01 8.56455460e+01 8.73699875e+01 8.73758392e+01
    8.31177902e+01 8.64575882e+01 8.48549881e+01 8.29512329e+01
    8.69469833e+01 8.68745880e+01 8.58854065e+01 8.55689392e+01
    8.71388474e+01 8.70071945e+01 8.79155197e+01 8.60704956e+01
    8.70720978e+01 8.81100388e+01 8.72842102e+01 9.00614853e+01
    8.68879623e+01 8.90094452e+01 9.08442001e+01 8.79585953e+01
    9.02615891e+01 8.57404785e+01 8.74847870e+01 8.82452469e+01
    9.07036667e+01 9.19234848e+01 9.07122192e+01 9.21559753e+01
    8.95141830e+01 9.24831772e+01 8.80488281e+01 8.80022964e+01
    8.78332291e+01 8.75485458e+01 8.95246124e+01 9.28702240e+01
    9.12774582e+01 8.89347458e+01 9.31590652e+01 9.10844116e+01
    9.13712234e+01 8.82885895e+01 9.06824570e+01 9.26418762e+01
    8.86333084e+01 8.72274399e+01 8.89871902e+01 8.77341843e+01
    8.50570755e+01 8.84280472e+01 8.80010147e+01 8.50055542e+01
    8.61847000e+01 8.65824127e+01 8.79625854e+01 8.41443253e+01
    8.55660629e+01 8.45812759e+01 8.94152527e+01 8.74928818e+01
    8.58332443e+01 8.62861481e+01 8.67911758e+01 9.06413422e+01
    9.12479401e+01 9.20289688e+01 9.15934372e+01 9.15402374e+01
    9.00140839e+01 9.20219116e+01 9.30484314e+01 9.37802658e+01
    9.33725891e+01 9.34963837e+01 9.23195038e+01 9.05975647e+01
    8.93367538e+01 8.84449921e+01 8.97751389e+01 9.31654282e+01
    9.08258514e+01 9.07021713e+01 9.44801865e+01 9.24654922e+01
    9.16809769e+01 8.90809555e+01 9.26816635e+01 8.99319839e+01
    8.97927933e+01 9.20766983e+01 8.75806580e+01 9.02913208e+01
    9.06071701e+01 9.21038437e+01 8.92842026e+01 9.14492035e+01
    8.87240448e+01 8.97927704e+01 9.30718689e+01 9.19974289e+01
    9.02993164e+01 9.07404099e+01 9.30269775e+01 9.13199005e+01
    9.18293228e+01 9.15049133e+01 9.20558014e+01 9.39523392e+01
    9.66287994e+01 9.07743988e+01 9.24623795e+01 9.43339691e+01
    9.46355743e+01 9.55717163e+01 9.43661652e+01 9.56051025e+01
    9.53969650e+01 0. 9.17258377e+01 9.14623566e+01 8.87058640e+01
    8.96068802e+01 8.68870316e+01 8.79547348e+01 8.97740402e+01
    9.23784027e+01 8.93553467e+01 8.88090897e+01 9.19452286e+01
    9.36033325e+01 9.13208618e+01 9.34387283e+01 9.04563217e+01
    9.15517120e+01 8.87090988e+01 8.78789368e+01 9.10788803e+01
    8.99356918e+01 9.11986237e+01 9.22619629e+01 9.26554947e+01
    9.07654572e+01 9.05726547e+01 9.09910049e+01 9.28294601e+01
    9.12441635e+01 9.16695175e+01 9.46682663e+01 9.21374588e+01
    9.23604965e+01 8.96511841e+01 9.52412109e+01 9.30880737e+01
    9.55926056e+01 9.21117249e+01 8.90941925e+01 9.03754883e+01
    8.97722549e+01 8.71658707e+01 8.74109955e+01 9.26913071e+01
    8.73835983e+01 9.24265671e+01 8.95935516e+01 8.99462662e+01
    9.17271805e+01 9.52005768e+01 9.02457504e+01 9.18161011e+01
    9.41004791e+01 9.28556213e+01 8.94209213e+01 9.36937027e+01
    9.34692383e+01 9.27256470e+01 9.31873703e+01 9.69152069e+01
    9.57949066e+01 9.60138550e+01 9.73552628e+01 9.57114410e+01
    9.48935013e+01 9.67497406e+01 9.48128967e+01 9.50401611e+01
    9.31849136e+01 9.24307861e+01 9.38037415e+01 9.00746765e+01
    8.91074905e+01 9.10848465e+01 9.07543259e+01 9.16141357e+01
    9.36083755e+01 9.43357925e+01 9.14569626e+01 9.01824341e+01
    9.06145859e+01 8.80993042e+01 8.88152771e+01 9.23237915e+01
    8.92213898e+01 8.93007660e+01 9.21476059e+01 9.05354233e+01
    8.96553345e+01 9.30851135e+01 9.48433456e+01 9.15547562e+01
    9.56368103e+01 9.40385437e+01 9.22004929e+01 9.40154266e+01
    9.17214432e+01 9.32453308e+01 9.09837875e+01 9.31145096e+01
    9.01927185e+01 9.26924896e+01 9.28675842e+01 8.98726501e+01
    8.96095352e+01 9.10763626e+01 8.62852249e+01 8.85097656e+01
    8.63470306e+01 8.63821259e+01 8.57980957e+01 8.27531128e+01
    7.95094528e+01 8.53286819e+01 8.69483032e+01 8.48725739e+01
    8.57173386e+01 8.57115402e+01 8.43483658e+01 8.63154602e+01
    8.46861191e+01 8.32899628e+01 8.42671661e+01 8.56303253e+01
    8.45440521e+01 8.39099655e+01 8.56828384e+01 8.68134537e+01
    8.97908173e+01 8.59960251e+01 8.66161270e+01 8.73166733e+01
    8.76126633e+01 8.79668808e+01 8.90726624e+01 8.87653732e+01
    8.59454880e+01 8.93250351e+01 8.86840744e+01 9.00111160e+01
    8.78351746e+01 9.08458405e+01 8.94676971e+01 8.96852264e+01
    8.83971176e+01 8.74584579e+01 9.13553314e+01 9.05634918e+01
    9.03370361e+01 9.21297836e+01 9.10192490e+01 8.48003769e+01
    8.79125290e+01 8.91992493e+01 9.26276550e+01 9.13617401e+01
    8.65138245e+01 8.79503098e+01 9.12812805e+01 8.94737854e+01
    8.78582993e+01 9.12873840e+01 9.30952759e+01 8.93369980e+01
    8.95939331e+01 8.76458588e+01 8.75689240e+01 8.83576889e+01
    8.16659012e+01 8.64996948e+01 8.89349365e+01 8.56825867e+01
    8.70477142e+01 8.64374084e+01 8.53433685e+01 8.40717392e+01
    8.97629166e+01 8.39900360e+01 8.31423111e+01 8.63193207e+01
    8.63566742e+01 8.75947952e+01 8.39737778e+01 8.72886734e+01
    8.62531281e+01 9.30448685e+01 9.35951920e+01 9.26385651e+01
    9.11396790e+01 9.17033234e+01 9.08405991e+01 9.09272614e+01
    9.65660706e+01 9.66056595e+01 9.40820541e+01 9.30170593e+01
    9.51801758e+01 9.36174545e+01 8.88930206e+01 9.27000504e+01
    9.18929901e+01 9.56334991e+01 9.35595169e+01 9.33446198e+01
    9.33676453e+01 9.02314453e+01 9.45708084e+01 9.34720306e+01
    9.33553543e+01 8.97564468e+01 9.06817245e+01 8.91926422e+01
    8.88976364e+01 8.99720764e+01 8.94203720e+01 8.93087769e+01
    9.26820831e+01 8.96732864e+01 9.18826523e+01 9.00650940e+01
    9.49371567e+01 8.98344574e+01 9.26731796e+01 9.43718643e+01
    9.04814301e+01 9.59995041e+01 9.22289276e+01 9.14014206e+01
    9.61124802e+01 9.95230637e+01 9.59851151e+01 9.33702850e+01
    9.60085220e+01 9.46138611e+01 9.49062424e+01 9.95784073e+01
    9.79402237e+01 9.59653931e+01 0. 9.32862244e+01 9.12863235e+01
    8.95555038e+01 9.00150375e+01 8.80109329e+01 8.95648804e+01
    8.96869507e+01 9.15094223e+01 9.31348801e+01 9.30828857e+01
    9.15295563e+01 8.87386475e+01 9.16483231e+01 8.96610336e+01
    9.18831024e+01 8.90457535e+01 9.17259979e+01 9.04098969e+01
    8.97810974e+01 9.13645782e+01 8.99468918e+01 9.14442749e+01
    9.05816650e+01 9.35611801e+01 9.20227585e+01 9.27216797e+01
    9.15122681e+01 9.30901337e+01 9.31650696e+01 9.57875137e+01
    8.87317200e+01 9.17960052e+01 9.59431076e+01 9.20976105e+01
    9.38185883e+01 9.53341751e+01 9.18995895e+01 9.05985184e+01
    9.04483109e+01 9.13712616e+01 9.39569778e+01 8.94202499e+01
    9.06007690e+01 8.85308609e+01 8.91097565e+01 9.20204849e+01
    9.00219727e+01 9.28794785e+01 9.41101990e+01 9.10614014e+01
    9.45877380e+01 9.58566437e+01 9.10042801e+01 9.30727463e+01
    9.30143204e+01 9.59486313e+01 9.44171143e+01 9.62082291e+01
    9.95863266e+01 9.67693787e+01 9.93638077e+01 9.84109650e+01
    9.85026169e+01 9.69507294e+01 9.87620621e+01 9.59634552e+01
    9.56268768e+01 9.31991653e+01 9.33781967e+01 9.27768021e+01
    9.22931595e+01 9.32894745e+01 8.89574203e+01 9.17308121e+01
    9.14798050e+01 9.49810257e+01 8.95085068e+01 9.03381729e+01
    8.83460464e+01 8.88858871e+01 8.77757492e+01 8.81306610e+01
    8.96239471e+01 8.90653915e+01 8.82019501e+01 8.46457977e+01
    9.10680313e+01 9.05877457e+01 9.06176987e+01 9.05540619e+01
    8.97251434e+01 9.29423676e+01 9.31718521e+01 9.37599258e+01
    9.18995972e+01 9.26020279e+01 9.19976959e+01 9.21818848e+01
    9.32246017e+01 8.94070892e+01 8.95476456e+01 8.71718750e+01
    8.75283737e+01 9.01869354e+01 8.77097244e+01 8.94821472e+01
    8.72337875e+01 8.50744553e+01 8.30552521e+01 8.21229630e+01
    8.02161179e+01 8.03899918e+01 8.14858017e+01 8.57994461e+01
    8.55826492e+01 8.39306946e+01 8.44070816e+01 8.40641327e+01
    8.31581497e+01 8.21549606e+01 8.09585953e+01 8.24417801e+01
    8.26082001e+01 8.46930695e+01 8.52406540e+01 8.85742188e+01
    8.46532440e+01 8.90520401e+01 8.86978683e+01 8.92167969e+01
    8.92693710e+01 8.91543121e+01 9.10559540e+01 8.99726868e+01
    9.01597748e+01 8.86474228e+01 8.96456528e+01 8.86615677e+01
    9.19170532e+01 9.08971481e+01 8.61636658e+01 9.04223938e+01
    8.92437897e+01 8.84321976e+01 9.08895645e+01 8.97919312e+01
    8.85767899e+01 9.16361465e+01 9.01359024e+01 8.97704544e+01
    8.61114502e+01 8.76974106e+01 8.73264771e+01 8.76208725e+01
    8.63490753e+01 9.05522156e+01 9.02746964e+01 9.17401810e+01
    9.41408844e+01 9.09254303e+01 9.23176041e+01 8.92062759e+01
    8.90449905e+01 9.14528961e+01 8.81719437e+01 8.74549103e+01
    9.17440262e+01 8.76047440e+01 8.62488937e+01 8.85339813e+01
    8.90664368e+01 9.08261566e+01 8.55186462e+01 8.72618027e+01
    8.41553192e+01 8.66549149e+01 8.33490524e+01 8.42985992e+01
    8.57990723e+01 8.75347214e+01 8.78584366e+01 8.63867111e+01
    8.59123459e+01 9.13310547e+01 9.05656357e+01 9.09216919e+01
    9.01864777e+01 8.88538513e+01 9.23456802e+01 9.11494980e+01
    9.25737457e+01 9.12443848e+01 9.63066940e+01 9.27921982e+01
    9.11459045e+01 9.27210770e+01 9.04241104e+01 9.11465149e+01
    9.18039093e+01 9.19220886e+01 9.23511963e+01 9.63888779e+01
    9.21210938e+01 9.14778671e+01 8.80112457e+01 9.34291534e+01
    9.02953873e+01 9.20479584e+01 8.84798584e+01 8.98844833e+01
    8.80360413e+01 8.99952164e+01 9.06517487e+01 9.24402924e+01
    8.98529816e+01 8.66589966e+01 9.40968399e+01 9.04657822e+01
    9.47376328e+01 9.61422119e+01 9.45585403e+01 9.72057343e+01
    9.53375854e+01 9.64499588e+01 9.23898849e+01 9.55383072e+01
    9.49170990e+01 9.57395401e+01 9.68656006e+01 9.76618881e+01
    9.47729874e+01 9.85385895e+01 9.65400314e+01 9.64582138e+01
    9.88289490e+01 9.89272995e+01 9.84472961e+01 0. 8.88080444e+01
    9.09387741e+01 8.90617142e+01 8.73752441e+01 8.69562302e+01
    8.63228378e+01 9.12576828e+01 8.99999695e+01 9.01379318e+01
    8.87315674e+01 9.05678787e+01 9.04551392e+01 9.12322845e+01
    8.99902344e+01 9.14194717e+01 8.94114990e+01 8.99427567e+01
    9.02228622e+01 9.05540237e+01 9.10256958e+01 9.12383881e+01
    9.47047043e+01 9.55482254e+01 9.21863632e+01 9.32557678e+01
    9.44092255e+01 9.68081818e+01 9.26942825e+01 9.12776566e+01
    9.14320526e+01 9.32343140e+01 9.29341431e+01 9.30947571e+01
    9.38048019e+01 9.33628311e+01 9.53903885e+01 9.37779922e+01
    9.16871414e+01 9.17874603e+01 8.74658585e+01 9.11366806e+01
    8.91634140e+01 8.92126770e+01 9.13508072e+01 9.05093460e+01
    9.27505493e+01 9.07979813e+01 9.03152161e+01 9.46708450e+01
    9.31734695e+01 9.64890671e+01 9.35463409e+01 9.45507126e+01
    9.06943741e+01 9.30723267e+01 9.35634460e+01 9.52522583e+01
    9.66624680e+01 9.60535812e+01 9.97177658e+01 9.68361511e+01
    9.91064224e+01 1.00091370e+02 9.70947418e+01 9.67813797e+01
    9.71770630e+01 9.50979004e+01 9.67964172e+01 9.03945541e+01
    9.24295197e+01 8.89915543e+01 9.16155396e+01 8.95188141e+01
    9.22138062e+01 9.03217621e+01 9.27256851e+01 8.92114029e+01
    8.98701172e+01 8.81203156e+01 8.84518509e+01 8.92543259e+01
    8.75472565e+01 8.90209656e+01 8.92863464e+01 8.77971344e+01
    8.73773804e+01 9.04927216e+01 9.13342972e+01 8.78535233e+01
    9.08882523e+01 9.59465408e+01 9.07978592e+01 9.15312881e+01
    9.09063568e+01 8.93994370e+01 8.65000992e+01 9.08599091e+01
    8.90807571e+01 8.99160843e+01 8.80355148e+01 9.10067825e+01
    8.96306305e+01 9.08531265e+01 8.99647675e+01 8.86559067e+01
    8.66671906e+01 8.47015839e+01 8.28230972e+01 8.38590775e+01
    8.15389099e+01 7.96966858e+01 8.26001511e+01 7.90257034e+01
    8.48795242e+01 8.24857788e+01 8.33089828e+01 8.26671143e+01
    8.38524094e+01 8.56729736e+01 8.45244598e+01 7.77544327e+01
    8.02155991e+01 8.23565369e+01 8.47963257e+01 8.32045975e+01
    8.16146164e+01 8.80362091e+01 8.79728928e+01 9.07658997e+01
    9.02161942e+01 9.08600998e+01 8.84970093e+01 8.86632004e+01
    9.28503647e+01 9.10057449e+01 8.98535385e+01 8.82659988e+01
    8.84031448e+01 9.06904449e+01 9.10090256e+01 9.01994400e+01
    9.24261475e+01 8.73164825e+01 8.66663284e+01 9.12118683e+01
    9.00929108e+01 9.37349777e+01 9.12961578e+01 9.01624222e+01
    9.00756073e+01 8.87125931e+01 8.66869965e+01 9.03407440e+01
    8.69690857e+01 9.26717300e+01 9.24868011e+01 9.00251083e+01
    9.38706741e+01 9.25104065e+01 9.28677979e+01 9.13371582e+01
    9.55417404e+01 8.85995178e+01 9.21620255e+01 8.86245346e+01
    8.65157089e+01 8.74035339e+01 8.77601089e+01 8.69720688e+01
    8.84304504e+01 8.77242355e+01 8.57189331e+01 8.67610474e+01
    8.42174835e+01 8.41188507e+01 8.59877243e+01 8.30272141e+01
    8.69289703e+01 8.37073212e+01 8.41485138e+01 8.52595215e+01
    8.38480835e+01 8.32364578e+01 8.99768600e+01 9.18577118e+01
    9.23635483e+01 9.20100708e+01 9.16156769e+01 8.98242798e+01
    9.39974213e+01 9.27819595e+01 9.03797226e+01 9.51586990e+01
    9.28319168e+01 8.90165100e+01 9.22561798e+01 9.32675095e+01
    8.82935715e+01 8.85153580e+01 9.03531113e+01 9.26334381e+01
    8.86329575e+01 9.11401901e+01 9.02727890e+01 9.08845062e+01
    8.91803360e+01 9.17284470e+01 9.02779694e+01 9.04628448e+01
    8.76703186e+01 8.84789124e+01 9.01564636e+01 9.42163544e+01
    9.17553253e+01 9.27396164e+01 9.36062927e+01 9.40004501e+01
    9.34366684e+01 9.38711090e+01 9.58572617e+01 9.41714020e+01
    9.44891129e+01 9.47540970e+01 9.46348572e+01 9.19144745e+01
    9.53784866e+01 9.54193497e+01 9.75673752e+01 9.92107925e+01
    9.92266922e+01 9.61839142e+01 9.54607620e+01 9.78421402e+01
    9.86828003e+01 1.00990105e+02 1.00985474e+02 9.59705353e+01 0.
    8.97518311e+01 8.75490875e+01 8.78498611e+01 8.84533615e+01
    9.05812302e+01 8.70211716e+01 8.84930878e+01 9.06665878e+01
    9.23820724e+01 9.13790588e+01 9.16418076e+01 9.24966202e+01
    9.07113876e+01 9.02184067e+01 9.11724777e+01 9.21670685e+01
    9.04151001e+01 8.94766159e+01 8.97550125e+01 8.79442291e+01
    9.31592255e+01 9.05238571e+01 9.33348999e+01 9.07269669e+01
    9.42934341e+01 9.30921707e+01 9.19638824e+01 9.27252121e+01
    9.21222534e+01 9.19182129e+01 9.02014008e+01 9.13127975e+01
    9.03267746e+01 9.21673279e+01 9.48493423e+01 9.34327240e+01
    9.30471802e+01 8.95270081e+01 8.64613724e+01 8.80033112e+01
    9.11078644e+01 8.81592865e+01 9.11280594e+01 8.84629822e+01
    8.94484024e+01 8.85726624e+01 9.26044540e+01 8.73660889e+01
    9.08376617e+01 9.20959396e+01 9.46312790e+01 9.17183380e+01
    9.16440048e+01 9.10927277e+01 9.14509583e+01 9.27315140e+01
    9.31412964e+01 9.67271957e+01 9.61614609e+01 1.00546906e+02
    9.80183945e+01 1.00310036e+02 9.59810944e+01 9.34568481e+01
    9.62902832e+01 9.67884140e+01 9.42346497e+01 9.51243439e+01
    9.45426941e+01 9.13862381e+01 9.22890396e+01 8.95413437e+01
    9.32694321e+01 9.03944168e+01 8.87330475e+01 9.45625076e+01
    8.90880890e+01 8.78419113e+01 8.76773911e+01 8.88947678e+01
    8.55939102e+01 8.69616470e+01 8.51810074e+01 8.59373779e+01
    8.68797455e+01 8.64772339e+01 9.07061386e+01 9.47990112e+01
    9.26362839e+01 9.29785309e+01 9.48327560e+01 9.39336090e+01
    9.42751236e+01 9.06633148e+01 8.90806580e+01 9.03512192e+01
    9.31227341e+01 9.39141159e+01 9.58179550e+01 9.18525085e+01
    9.13600769e+01 9.12164612e+01 9.35069580e+01 8.69272690e+01
    8.81467056e+01 8.54667435e+01 8.58335266e+01 8.43516159e+01
    8.51886215e+01 8.05985489e+01 8.05039444e+01 8.17848816e+01
    8.15771713e+01 8.42100067e+01 8.61485672e+01 8.55474091e+01
    8.26345520e+01 8.32851944e+01 8.28093338e+01 8.14484024e+01
    8.18161621e+01 8.03038940e+01 8.35871048e+01 8.33948593e+01
    8.58937454e+01 8.57804108e+01 8.46132965e+01 8.86562729e+01
    8.75185776e+01 8.95432968e+01 8.51404419e+01 9.18519135e+01
    8.95154190e+01 9.28119049e+01 9.03605270e+01 8.95117188e+01
    8.78003693e+01 8.87256546e+01 9.10713425e+01 8.82944260e+01
    9.02602539e+01 9.01682892e+01 8.89751740e+01 9.07565765e+01
    9.29455338e+01 9.18087997e+01 9.03070755e+01 9.18716431e+01
    9.40801773e+01 8.97086029e+01 9.08184204e+01 9.05091095e+01
    8.80836945e+01 8.86636658e+01 8.92914963e+01 9.05049210e+01
    9.16545715e+01 9.31897430e+01 9.24776611e+01 9.54289703e+01
    9.33231277e+01 9.16918564e+01 9.01548233e+01 8.93788757e+01
    8.61447678e+01 8.35275116e+01 8.92044830e+01 8.75597305e+01
    8.36597595e+01 8.94186478e+01 8.90582199e+01 8.57963867e+01
    8.64363480e+01 8.39773331e+01 8.65504990e+01 8.23847733e+01
    8.37361908e+01 8.37270050e+01 8.29486465e+01 8.54207993e+01
    8.45330658e+01 8.61524048e+01 8.23518982e+01 8.74086761e+01
    8.99433975e+01 8.83726349e+01 8.86818085e+01 8.99469299e+01
    9.01132812e+01 9.26489410e+01 9.06592484e+01 8.91813812e+01
    9.63630371e+01 9.29979935e+01 8.91676025e+01 8.72418671e+01
    9.37229691e+01 9.09159241e+01 8.77210007e+01 8.84360657e+01
    8.96309128e+01 9.32836304e+01 9.13894424e+01 9.03374329e+01
    9.16373825e+01 9.04629745e+01 9.13640518e+01 9.29568787e+01
    9.19672546e+01 9.06733322e+01 8.57436371e+01 9.10221100e+01
    9.12575378e+01 9.16814880e+01 9.25794220e+01 8.93409653e+01
    9.45872116e+01 9.34362411e+01 9.38064041e+01 9.33305206e+01
    9.37374344e+01 9.53245850e+01 9.25382385e+01 9.65052643e+01
    9.28708496e+01 9.39427795e+01 9.42668533e+01 9.57899323e+01
    9.55025406e+01 9.54182281e+01 9.49685898e+01 9.78290482e+01
    9.69203262e+01 1.00377731e+02 9.56732025e+01 9.97429504e+01
    9.78655243e+01 0. 8.96871262e+01 8.87944107e+01 8.85822144e+01
    9.19065781e+01 8.89730225e+01 8.62343750e+01 8.81120529e+01
    8.94481583e+01 8.96072388e+01 8.96758270e+01 9.23315964e+01
    9.20860291e+01 9.30196991e+01 9.06777191e+01 9.39512939e+01
    8.89090347e+01 8.92940674e+01 8.91600342e+01 8.91443329e+01
    8.86754456e+01 8.78020325e+01 9.18990097e+01 9.05657120e+01
    9.20312347e+01 9.10535812e+01 9.35395889e+01 9.44888916e+01
    8.91293640e+01 8.88565598e+01 9.11645966e+01 9.22511063e+01
    9.12406158e+01 8.94438171e+01 9.02173309e+01 9.35575104e+01
    9.18898468e+01 9.20283508e+01 8.81731033e+01 9.25525208e+01
    8.98641129e+01 9.07900162e+01 8.63281326e+01 8.93307648e+01
    8.87879562e+01 8.80965881e+01 8.91923599e+01 9.22619324e+01
    9.05075836e+01 8.98737946e+01 9.29479141e+01 9.17832565e+01
    9.19367218e+01 9.13472443e+01 9.42416916e+01 9.09394150e+01
    9.14279022e+01 9.27524414e+01 9.52373352e+01 9.54802933e+01
    9.54722595e+01 9.95992203e+01 9.75454941e+01 9.89125977e+01
    9.76221542e+01 9.81996689e+01 9.70291290e+01 9.74086914e+01
    9.53176575e+01 9.28184814e+01 9.57896271e+01 9.10486221e+01
    8.84005508e+01 9.27974472e+01 9.35706940e+01 9.26663284e+01
    9.09767838e+01 9.09776764e+01 8.90611420e+01 8.86511307e+01
    8.45317841e+01 8.37533951e+01 8.57578735e+01 8.44666367e+01
    8.53304596e+01 9.01044159e+01 8.81837921e+01 8.64774170e+01
    8.78798676e+01 8.94970016e+01 9.24446869e+01 9.23627930e+01
    9.05242157e+01 9.18217621e+01 9.04110031e+01 8.96121445e+01
    9.03434219e+01 9.27093048e+01 9.43924103e+01 9.34415131e+01
    9.04480362e+01 9.40783463e+01 9.10348892e+01 9.54218674e+01
    8.78670349e+01 9.27068710e+01 8.78778610e+01 8.61443176e+01
    8.47606049e+01 8.41419907e+01 8.16121521e+01 8.33859940e+01
    8.32955399e+01 8.67837601e+01 8.51962662e+01 8.69210815e+01
    8.10199051e+01 8.49555817e+01 8.46965790e+01 8.49962082e+01
    8.17799072e+01 7.98590775e+01 8.10483017e+01 8.20990906e+01
    7.93101578e+01 8.25537109e+01 8.41984711e+01 8.60892334e+01
    8.78890610e+01 8.64637146e+01 8.56917419e+01 8.69782944e+01
    8.79037323e+01 8.98561096e+01 8.95379181e+01 8.97185059e+01
    8.85952377e+01 8.77376175e+01 8.88748093e+01 8.81618576e+01
    8.99342041e+01 8.95460739e+01 9.14204941e+01 8.87412415e+01
    9.00110474e+01 8.90957108e+01 9.30097504e+01 9.25998764e+01
    9.39732895e+01 8.94035187e+01 8.86230011e+01 9.19842606e+01
    8.59848099e+01 8.69458008e+01 8.59941940e+01 8.58849792e+01
    9.13001862e+01 9.12162018e+01 8.82126617e+01 8.74198227e+01
    9.19274292e+01 9.19090271e+01 8.75380020e+01 8.95252686e+01
    8.99167480e+01 8.80729752e+01 8.44834900e+01 8.73617401e+01
    8.39963074e+01 8.54724884e+01 8.60001602e+01 8.79184189e+01
    8.70682907e+01 8.74945450e+01 8.69553452e+01 8.35774689e+01
    8.66165771e+01 8.16266403e+01 8.49546661e+01 8.36400681e+01
    8.16951981e+01 8.27342758e+01 8.58849030e+01 8.70481033e+01
    8.54046402e+01 8.96925507e+01 9.14953003e+01 9.26068115e+01
    9.20899124e+01 9.04643631e+01 9.38646851e+01 9.38392715e+01
    9.17653732e+01 9.13851395e+01 9.36151352e+01 9.30489426e+01
    8.94614029e+01 9.11955414e+01 8.89630661e+01 9.08725052e+01
    9.19663010e+01 8.75934830e+01 9.11918793e+01 8.99486694e+01
    9.24851685e+01 8.94166565e+01 8.98603592e+01 9.13501053e+01
    9.13735123e+01 8.76510391e+01 9.12523193e+01 8.95597610e+01
    8.81705780e+01 9.08016891e+01 9.30117798e+01 9.22931137e+01
    9.21501617e+01 9.33005905e+01 9.31038895e+01 9.46489716e+01
    9.61062164e+01 9.15472565e+01 9.51122055e+01 9.51234283e+01
    9.27715988e+01 9.18458862e+01 9.58514786e+01 9.64726944e+01
    9.87441101e+01 9.38022766e+01 9.83159332e+01 9.45549622e+01
    9.89634247e+01 9.62589645e+01 9.73786087e+01 9.74057999e+01
    9.63281937e+01 9.57766418e+01 0. 9.25972900e+01 8.84573517e+01
    9.14004974e+01 9.07893600e+01 8.84803238e+01 8.95811081e+01
    8.66829453e+01 9.30865860e+01 9.09068832e+01 8.98136902e+01
    8.89219360e+01 8.77466202e+01 9.05689163e+01 8.86940994e+01
    8.86208878e+01 8.97089920e+01 8.63734589e+01 8.57854614e+01
    8.92074738e+01 8.79238052e+01 8.88145370e+01 8.83418198e+01
    8.84570770e+01 9.29033432e+01 9.02202225e+01 9.03836365e+01
    9.06267166e+01 9.34805450e+01 9.49879684e+01 9.05512924e+01
    8.90546875e+01 8.72213898e+01 9.28756256e+01 9.03346024e+01
    9.03754120e+01 9.27544403e+01 9.56788101e+01 8.90774689e+01
    8.23454514e+01 8.60156555e+01 8.69430008e+01 8.74022903e+01
    8.75726929e+01 8.71343155e+01 9.13753204e+01 8.68287201e+01
    9.11580582e+01 8.75723267e+01 8.90222015e+01 9.26866608e+01
    9.03042679e+01 9.26526108e+01 9.20876694e+01 8.77409668e+01
    8.89801865e+01 9.02284622e+01 9.22702103e+01 9.10289307e+01
    9.62428360e+01 9.82986145e+01 1.00745407e+02 9.82700043e+01
    9.85541077e+01 9.87898560e+01 9.57455139e+01 9.50942307e+01
    9.40792847e+01 9.69046783e+01 9.46364517e+01 9.45682602e+01
    9.34384460e+01 9.09364395e+01 9.14842758e+01 9.35018463e+01
    9.27529068e+01 9.35626831e+01 9.57581253e+01 8.98233109e+01
    8.97248459e+01 9.13835144e+01 8.68491058e+01 8.80323410e+01
    8.86216431e+01 8.69272156e+01 8.59842529e+01 8.65149460e+01
    8.91370163e+01 9.12783966e+01 9.12267303e+01 9.16450806e+01
    9.16493835e+01 9.01264648e+01 8.73965225e+01 8.93197632e+01
    8.76297531e+01 8.67791672e+01 8.90889206e+01 9.02270660e+01
    9.40210953e+01 8.79935226e+01 9.12681961e+01 9.28505859e+01
    9.23524094e+01 9.06547318e+01 8.62533798e+01 8.72413559e+01
    8.52026443e+01 8.61523438e+01 8.42886276e+01 8.13764725e+01
    8.25011749e+01 8.24604034e+01 8.63142090e+01 8.41596451e+01
    8.52564087e+01 8.32666016e+01 8.59500351e+01 8.47929916e+01
    8.41601639e+01 8.53889618e+01 8.32004318e+01 8.38678207e+01
    8.24054337e+01 8.49000854e+01 8.72053452e+01 8.64342422e+01
    8.73059921e+01 8.64504395e+01 8.74840240e+01 8.86804733e+01
    8.76925888e+01 8.97263412e+01 8.95346375e+01 8.70569000e+01
    8.97015533e+01 8.83460312e+01 8.60801926e+01 9.03467026e+01
    8.98846970e+01 9.19749908e+01 8.90951233e+01 9.29787521e+01
    8.67777176e+01 8.79221191e+01 9.01545258e+01 8.88018265e+01
    9.17090836e+01 8.98650436e+01 9.13584976e+01 9.09423523e+01
    9.01515808e+01 8.85630951e+01 8.84178772e+01 8.71551971e+01
    8.78199539e+01 9.01601257e+01 9.15312881e+01 8.87786255e+01
    8.94650116e+01 9.05459976e+01 8.89857330e+01 9.12210007e+01
    8.80147171e+01 8.61518707e+01 8.48831482e+01 8.96240005e+01
    8.45046768e+01 8.69898071e+01 8.45757217e+01 8.77648163e+01
    8.79045029e+01 8.51759415e+01 8.65567932e+01 8.43594742e+01
    8.34071121e+01 8.57904510e+01 8.40637360e+01 8.34697800e+01
    8.40201874e+01 8.22759476e+01 8.34747314e+01 8.43306122e+01
    8.59392090e+01 8.46364822e+01 9.05180054e+01 8.77637634e+01
    9.02386703e+01 9.04683838e+01 8.88537827e+01 8.89445343e+01
    8.89903793e+01 9.24199371e+01 9.36980362e+01 9.08887863e+01
    9.10408249e+01 9.25770416e+01 8.95052338e+01 8.79763412e+01
    9.01779633e+01 8.94433517e+01 9.11667480e+01 8.82214661e+01
    9.34425659e+01 8.96189194e+01 9.02872543e+01 9.01779709e+01
    9.11258240e+01 9.18520203e+01 9.07078857e+01 9.06702423e+01
    9.16156921e+01 8.99691315e+01 9.10187149e+01 9.45042419e+01
    9.44288254e+01 9.37151794e+01 9.43593445e+01 9.55254745e+01
    9.54282150e+01 9.56984558e+01 9.84018402e+01 9.60274658e+01
    9.52313461e+01 9.45721512e+01 9.55398712e+01 9.68664474e+01
    9.09874191e+01 9.70574722e+01 9.42042542e+01 9.35856476e+01
    9.16527634e+01 9.47612915e+01 9.17021332e+01 9.40585785e+01
    9.26309280e+01 9.34204254e+01 9.54782639e+01 0. 8.77477112e+01
    9.03694077e+01 9.26825027e+01 8.93139572e+01 9.05342941e+01
    9.33702316e+01 9.19554520e+01 9.08455582e+01 9.17130661e+01
    8.91246948e+01 9.19271240e+01 9.22745361e+01 9.17338333e+01
    9.09635925e+01 8.91791840e+01 9.00653534e+01 9.30931396e+01
    8.54871979e+01 8.91319199e+01 8.79597778e+01 8.95140991e+01
    9.21525116e+01 8.96595535e+01 8.78186111e+01 9.36144562e+01
    9.28553162e+01 8.82705765e+01 9.20859604e+01 9.03366013e+01
    8.78760300e+01 8.98192444e+01 8.92992401e+01 8.96403656e+01
    9.29063950e+01 9.19111786e+01 9.19759521e+01 9.32786026e+01
    9.15389328e+01 8.90652466e+01 8.47581787e+01 9.02120209e+01
    8.86312714e+01 9.03323059e+01 8.90138855e+01 8.73239288e+01
    8.75968857e+01 9.01831207e+01 8.81346588e+01 8.99628448e+01
    8.99888306e+01 9.11237793e+01 8.91291275e+01 9.15601044e+01
    8.86805573e+01 8.91620026e+01 9.08355103e+01 9.19442749e+01
    9.49911728e+01 9.52775574e+01 9.79679565e+01 9.45370560e+01
    1.00302963e+02 9.81811829e+01 1.00490005e+02 9.58096771e+01
    1.00024689e+02 9.68356857e+01 9.60057831e+01 9.41918259e+01
    9.50998383e+01 9.38654099e+01 9.52765961e+01 9.22172394e+01
    9.15792618e+01 9.51361160e+01 9.49712524e+01 9.29775391e+01
    9.36394730e+01 9.04899216e+01 8.79953918e+01 8.67595978e+01
    8.85196915e+01 8.57884064e+01 8.79331207e+01 8.66421738e+01
    8.93960114e+01 8.77507324e+01 8.99793472e+01 9.13640823e+01
    9.14234238e+01 9.16327972e+01 8.97539139e+01 8.97002182e+01
    8.81636734e+01 8.76730804e+01 8.73594513e+01 8.61687851e+01
    8.99729156e+01 9.23589401e+01 9.25868301e+01 8.91676407e+01
    8.86968918e+01 9.13376312e+01 8.92428818e+01 8.77905045e+01
    8.87264328e+01 8.57507553e+01 8.60957718e+01 7.93994141e+01
    7.92834320e+01 8.30707321e+01 8.27513046e+01 8.46362762e+01
    8.47531662e+01 8.41055984e+01 8.18043060e+01 8.60975723e+01
    8.39147415e+01 8.49492874e+01 8.74321747e+01 8.36988602e+01
    8.19656906e+01 8.48547058e+01 8.78987808e+01 8.80359421e+01
    8.64212646e+01 8.72829056e+01 8.82544327e+01 8.71761246e+01
    8.70715027e+01 8.61026077e+01 9.09535904e+01 8.60603561e+01
    8.91684875e+01 8.92305527e+01 8.81805496e+01 8.59386063e+01
    8.77041473e+01 8.83718948e+01 8.98429947e+01 9.05295029e+01
    9.00150223e+01 9.19641800e+01 8.68003159e+01 9.00947037e+01
    9.02562866e+01 9.17648926e+01 9.28366776e+01 9.15920792e+01
    9.34786530e+01 9.06848145e+01 9.08045883e+01 8.94622650e+01
    8.89285431e+01 9.01189880e+01 8.99134674e+01 9.18475571e+01
    9.17306976e+01 8.94132462e+01 9.17126541e+01 9.12121582e+01
    9.03935623e+01 9.14223251e+01 9.01925354e+01 8.73245773e+01
    8.65232086e+01 8.57472382e+01 8.54395218e+01 8.43707886e+01
    8.62240677e+01 8.70230331e+01 8.83510132e+01 8.73513870e+01
    8.75056992e+01 8.36151886e+01 8.18460693e+01 8.11901779e+01
    8.15009766e+01 8.21395416e+01 8.44069672e+01 8.35394669e+01
    8.57495041e+01 8.29337006e+01 8.66812515e+01 9.20064087e+01
    8.70795898e+01 8.92130966e+01 8.98625107e+01 8.73245392e+01
    8.67122574e+01 9.06046371e+01 8.91419678e+01 9.12377853e+01
    9.20126266e+01 9.28094025e+01 9.18465500e+01 8.96498032e+01
    8.93888626e+01 8.98190231e+01 9.12117767e+01 9.11557312e+01
    8.86902924e+01 8.95742035e+01 9.31556549e+01 9.13771286e+01
    9.26945953e+01 9.37850266e+01 9.69782562e+01 9.47758560e+01
    9.59578247e+01 9.30186691e+01 9.45349884e+01 9.76471634e+01
    9.60567551e+01 9.53588333e+01 9.47397385e+01 9.93663864e+01
    9.58709030e+01 9.65839157e+01 9.90124283e+01 9.73949203e+01
    9.70912704e+01 9.87887497e+01 9.73629303e+01 9.67795410e+01
    9.70060654e+01 9.60913391e+01 9.63426590e+01 9.58455200e+01
    9.71336517e+01 9.32820969e+01 9.61898499e+01 9.56283798e+01
    9.70455475e+01 9.44760132e+01 9.58125000e+01 9.57416077e+01 0.
    8.83138657e+01 9.10645218e+01 8.96548996e+01 8.70235977e+01
    8.88101730e+01 9.04507446e+01 8.73257599e+01 8.77300415e+01
    9.12446976e+01 9.05889282e+01 8.93247223e+01 9.02542801e+01
    9.12382889e+01 9.08625107e+01 9.07516098e+01 9.07326431e+01
    9.03449402e+01 8.99226227e+01 9.00316238e+01 8.88675995e+01
    8.87733612e+01 9.08127975e+01 9.10168686e+01 8.83462296e+01
    8.98282089e+01 8.88968582e+01 9.20082321e+01 8.90879669e+01
    8.93615112e+01 9.06153793e+01 9.18427277e+01 9.00367279e+01
    9.02005920e+01 9.27703018e+01 9.06569519e+01 9.18491058e+01
    9.30339127e+01 9.13274384e+01 8.91363678e+01 8.91497040e+01
    8.92581329e+01 8.70237885e+01 9.11086121e+01 8.83697739e+01
    8.78766022e+01 8.78109512e+01 8.82369308e+01 8.83739929e+01
    8.75073547e+01 8.95119247e+01 9.01475601e+01 8.94152145e+01
    8.98738785e+01 8.64852600e+01 8.99359589e+01 9.11551208e+01
    9.24325562e+01 9.01520615e+01 9.49809647e+01 9.58547592e+01
    9.74616776e+01 9.63040085e+01 9.47955704e+01 9.80923080e+01
    9.71694336e+01 1.00129128e+02 9.59623260e+01 9.52154465e+01
    9.55709915e+01 9.51153641e+01 9.24142685e+01 9.24694748e+01
    9.34272079e+01 9.28550339e+01 9.45274734e+01 9.65373077e+01
    9.16899796e+01 9.14849396e+01 8.73466492e+01 8.68243408e+01
    8.91701126e+01 8.55374680e+01 8.49265137e+01 8.64183655e+01
    8.63237915e+01 8.36447144e+01 8.68550415e+01 8.75314255e+01
    8.64620209e+01 8.95641174e+01 9.03570862e+01 9.13554001e+01
    8.96801453e+01 8.79944687e+01 8.79145660e+01 8.94076614e+01
    8.84975357e+01 8.85518951e+01 9.04029160e+01 8.82867432e+01
    8.64526138e+01 8.96307602e+01 9.08358459e+01 8.89294968e+01
    8.90797501e+01 8.44057846e+01 8.70303726e+01 8.31712646e+01
    8.47649460e+01 8.15379639e+01 8.25399780e+01 8.45459442e+01
    8.49223251e+01 8.43978348e+01 8.38437805e+01 8.66901474e+01
    8.56226349e+01 8.32945023e+01 8.36320267e+01 8.29521484e+01
    8.60410690e+01 8.35404816e+01 8.51357651e+01 8.59091949e+01
    8.57751007e+01 8.67868729e+01 8.48179169e+01 8.98302994e+01
    8.83244858e+01 8.67965927e+01 8.69106979e+01 8.92306213e+01
    8.98377533e+01 8.73248367e+01 8.78658905e+01 8.88910217e+01
    8.88746643e+01 9.03009720e+01 9.03613434e+01 9.39023590e+01
    9.38948288e+01 9.38653946e+01 9.24119263e+01 9.24377823e+01
    9.03834915e+01 9.03028336e+01 9.28345642e+01 9.48993301e+01
    9.50211792e+01 9.19012909e+01 9.31689529e+01 9.04075317e+01
    9.13200150e+01 9.25642395e+01 9.25121460e+01 9.23985443e+01
    9.09514465e+01 9.28476715e+01 9.13537903e+01 8.97288818e+01
    9.02537613e+01 9.12240982e+01 8.77360382e+01 8.55502548e+01
    9.04319000e+01 8.42052460e+01 8.81544037e+01 8.53986053e+01
    8.75525818e+01 8.54872894e+01 8.59261932e+01 8.98387604e+01
    8.50093918e+01 8.70212402e+01 8.23560715e+01 8.54757385e+01
    8.12454224e+01 8.32277145e+01 8.16895447e+01 8.20566177e+01
    8.18580399e+01 8.34251328e+01 8.48322449e+01 8.60274734e+01
    8.71561966e+01 8.89843369e+01 9.10706711e+01 8.71091080e+01
    8.85086899e+01 8.69270554e+01 8.95488358e+01 9.10881271e+01
    9.37781830e+01 9.45774231e+01 8.80229797e+01 9.10775986e+01
    9.03694992e+01 9.00750656e+01 8.90898361e+01 9.14372559e+01
    9.04151154e+01 9.17515793e+01 8.94597244e+01 9.38229599e+01
    9.12611771e+01 9.37805252e+01 9.31060028e+01 9.76420441e+01
    9.77392807e+01 9.54368362e+01 9.83922882e+01 9.37667007e+01
    9.75093384e+01 9.86744614e+01 9.68036575e+01 9.91742096e+01
    9.88163223e+01 1.00181862e+02 9.79570618e+01 1.01399010e+02
    9.85173569e+01 1.00201286e+02 9.74523926e+01 9.69593506e+01
    9.68195038e+01 9.69002914e+01 9.32454376e+01 9.90940552e+01
    9.66925125e+01 9.48182755e+01 9.41353378e+01 9.44666138e+01
    9.37386780e+01 9.58973999e+01 9.39875107e+01 9.38268280e+01
    9.43718872e+01 0. 9.15260468e+01 9.19651794e+01 9.16985397e+01
    8.98897018e+01 8.85345840e+01 8.91665573e+01 8.93381805e+01
    9.05360413e+01 8.85228348e+01 8.96315765e+01 9.12073822e+01
    9.07253418e+01 8.88853226e+01 8.73638229e+01 9.07244568e+01
    8.95205612e+01 8.77113724e+01 8.86608734e+01 8.83176117e+01
    8.62768402e+01 8.82130127e+01 9.05678787e+01 9.03049545e+01
    8.78950958e+01 9.08027573e+01 9.11930389e+01 9.20175705e+01
    9.12527695e+01 8.77872849e+01 9.10106125e+01 8.74360123e+01
    9.00248642e+01 9.15404434e+01 8.94714584e+01 9.27908936e+01
    9.17857666e+01 9.22801590e+01 8.87169037e+01 8.93586807e+01
    8.58340149e+01 8.71597443e+01 8.55680771e+01 9.06966934e+01
    8.80233459e+01 8.89434357e+01 8.83790665e+01 9.04047089e+01
    8.78852463e+01 8.89231186e+01 8.77815933e+01 9.01485977e+01
    8.98507996e+01 9.04607849e+01 8.41908875e+01 8.68879471e+01
    8.77691269e+01 8.98340149e+01 9.18910370e+01 9.70437012e+01
    9.60875244e+01 9.46041641e+01 9.44902496e+01 9.60062256e+01
    9.55868454e+01 9.33223114e+01 9.61403046e+01 9.53771210e+01
    9.27722931e+01 9.50137177e+01 9.44009247e+01 9.20424576e+01
    9.23231277e+01 9.25112610e+01 9.14984360e+01 9.38034058e+01
    9.18507004e+01 8.86580048e+01 8.69182663e+01 8.78860397e+01
    8.67417984e+01 8.61772766e+01 8.55120392e+01 8.47535706e+01
    8.32714386e+01 8.45374451e+01 8.77071838e+01 8.64836655e+01
    8.62741699e+01 8.95436172e+01 9.00631790e+01 9.07765961e+01
    8.75394669e+01 8.79188919e+01 8.98809357e+01 8.89813309e+01
    8.54389038e+01 8.82030869e+01 8.86500168e+01 8.80886841e+01
    8.98934937e+01 8.77489014e+01 8.85978622e+01 8.86941528e+01
    8.70408173e+01 8.58901672e+01 8.63154221e+01 8.26216660e+01
    8.22238922e+01 8.24207611e+01 8.19512482e+01 8.15748901e+01
    8.27461014e+01 8.31984482e+01 8.22824020e+01 8.73690720e+01
    8.62228928e+01 8.50106583e+01 8.42604523e+01 8.56815262e+01
    8.33874207e+01 8.46602402e+01 8.44411926e+01 8.44141464e+01
    8.63378983e+01 8.87733078e+01 8.85266266e+01 8.57331772e+01
    8.98787689e+01 9.04269180e+01 8.94266663e+01 8.79698181e+01
    8.92837830e+01 9.03307419e+01 9.17301788e+01 9.14812775e+01
    8.93567429e+01 8.96430435e+01 9.11195221e+01 8.93554230e+01
    9.04626694e+01 9.37693253e+01 9.27648315e+01 9.10344391e+01
    8.82054520e+01 9.01845703e+01 9.43152924e+01 9.27779007e+01
    9.24966431e+01 9.60737305e+01 9.16690750e+01 9.01444931e+01
    9.06625443e+01 8.81360321e+01 8.73820038e+01 8.96151276e+01
    9.06156311e+01 8.93867035e+01 9.27451019e+01 9.05097504e+01
    9.01894073e+01 8.89011841e+01 8.92519836e+01 8.99531097e+01
    8.95078354e+01 8.53170853e+01 8.44513397e+01 8.53437958e+01
    8.99587708e+01 8.55681458e+01 8.72963791e+01 8.66254272e+01
    9.16090012e+01 8.76835251e+01 8.74698868e+01 8.46786804e+01
    8.20614853e+01 8.01126633e+01 8.36272430e+01 8.46580658e+01
    7.94374390e+01 8.37403564e+01 8.72622604e+01 8.20162048e+01
    8.56072617e+01 8.74778900e+01 8.59900970e+01 8.81774292e+01
    8.96382065e+01 8.66570206e+01 8.95479813e+01 9.30519638e+01
    8.96642227e+01 9.29290848e+01 9.20076447e+01 8.91540298e+01
    9.14588013e+01 9.00742340e+01 8.79189987e+01 8.90565872e+01
    8.77516098e+01 9.16487122e+01 9.08428268e+01 9.07525635e+01
    9.24194641e+01 9.17747955e+01 9.29148026e+01 9.53056488e+01
    9.34637451e+01 9.56843185e+01 9.49047546e+01 9.35950928e+01
    9.67553024e+01 1.00264374e+02 9.77219162e+01 9.69082336e+01
    1.01185814e+02 9.91984558e+01 1.00143700e+02 1.01220551e+02
    1.01142143e+02 9.94482498e+01 1.00335999e+02 1.02186150e+02
    9.80978088e+01 9.72598801e+01 1.01021332e+02 9.98097763e+01
    9.83434296e+01 9.73995438e+01 9.67590866e+01 9.79751358e+01
    9.37637405e+01 9.59508820e+01 9.29467316e+01 9.40655899e+01
    9.60630722e+01 9.22641068e+01 0. 8.87392120e+01 9.29056244e+01
    9.01322861e+01 9.12853699e+01 9.04473648e+01 9.03336563e+01
    8.93047485e+01 9.05104904e+01 8.89893112e+01 8.93681107e+01
    8.78741226e+01 9.21086197e+01 9.07040710e+01 8.90269699e+01
    8.96109543e+01 8.96387711e+01 9.02850876e+01 8.46720886e+01
    8.61142426e+01 8.82621994e+01 8.86110687e+01 8.95452957e+01
    8.96105423e+01 8.93872375e+01 8.99199219e+01 9.13677597e+01
    8.82236557e+01 8.81491852e+01 9.13848801e+01 9.29867859e+01
    9.22973328e+01 8.93885727e+01 9.20646210e+01 9.07190018e+01
    9.12774429e+01 9.42387924e+01 9.31250305e+01 8.75972519e+01
    8.95180511e+01 8.75814133e+01 8.92409668e+01 9.09026260e+01
    8.97017822e+01 8.89086914e+01 8.59037247e+01 8.78990707e+01
    9.01051483e+01 8.71131516e+01 8.76561127e+01 8.79382401e+01
    9.13305206e+01 9.00021210e+01 8.98990860e+01 8.80140686e+01
    8.73234406e+01 8.97579422e+01 9.25669937e+01 9.03900070e+01
    9.22772751e+01 9.70818329e+01 9.55093994e+01 9.74329605e+01
    9.44858932e+01 9.80824890e+01 9.65918579e+01 9.98493118e+01
    9.64560928e+01 9.44556122e+01 9.38222351e+01 9.12738953e+01
    9.27243652e+01 9.07172089e+01 9.35107651e+01 9.42045670e+01
    9.32674026e+01 9.41735687e+01 9.33308716e+01 8.87923279e+01
    8.86947784e+01 8.82364349e+01 8.65230103e+01 8.50958328e+01
    8.60336761e+01 8.65545959e+01 8.83140411e+01 8.88110352e+01
    8.64200745e+01 8.57617416e+01 8.59853973e+01 8.73241196e+01
    8.84214478e+01 8.58852921e+01 8.74804535e+01 8.71805115e+01
    8.72552109e+01 8.47924423e+01 8.60455246e+01 8.78493652e+01
    8.57387924e+01 8.74574127e+01 8.73945541e+01 9.11867828e+01
    8.81511307e+01 8.54702072e+01 8.64671097e+01 8.39146652e+01
    8.08617783e+01 8.22903824e+01 7.97923203e+01 7.88370361e+01
    7.91633759e+01 8.00078506e+01 8.10712814e+01 8.40954514e+01
    8.20485840e+01 8.41069870e+01 8.17985535e+01 8.30960159e+01
    8.39742355e+01 8.19846878e+01 8.38283768e+01 8.42394333e+01
    8.47344589e+01 8.59937286e+01 8.81763992e+01 9.28313599e+01
    9.06715698e+01 8.91899490e+01 9.02723389e+01 8.84424133e+01
    9.22133484e+01 9.03176575e+01 9.11436996e+01 9.30395279e+01
    9.31141663e+01 8.96024399e+01 9.00072556e+01 8.64030762e+01
    9.02209854e+01 8.89526749e+01 9.35003815e+01 8.99201736e+01
    8.87795334e+01 8.99294434e+01 9.03646088e+01 9.11834564e+01
    9.27535858e+01 9.47696228e+01 9.16675949e+01 8.98667679e+01
    9.13094559e+01 8.81346893e+01 9.01891861e+01 8.84434280e+01
    8.81331635e+01 9.03356323e+01 9.06323624e+01 8.92087708e+01
    9.15609360e+01 9.07650681e+01 9.21282349e+01 9.01111298e+01
    8.92559586e+01 9.14176331e+01 8.84027328e+01 8.35267487e+01
    8.70959091e+01 8.76682510e+01 8.44099579e+01 8.63835144e+01
    8.73583527e+01 8.48807144e+01 8.63354340e+01 8.88305206e+01
    8.63024673e+01 8.63142166e+01 8.43186340e+01 8.49944534e+01
    8.49797440e+01 8.33981171e+01 8.55743484e+01 8.22981491e+01
    8.93532867e+01 8.79961090e+01 8.72016602e+01 8.66515045e+01
    9.06977310e+01 9.25298996e+01 8.55587616e+01 8.91344681e+01
    8.87773895e+01 9.29337692e+01 8.89189682e+01 9.03683701e+01
    8.91114960e+01 8.95278778e+01 9.08849030e+01 8.54937439e+01
    8.56921844e+01 8.65815811e+01 9.20960693e+01 8.93052902e+01
    8.74783630e+01 8.99911194e+01 9.10910721e+01 9.06410294e+01
    9.45167160e+01 9.35956955e+01 9.21301804e+01 9.41018448e+01
    9.59012527e+01 9.28571472e+01 9.44754944e+01 9.63162766e+01
    9.68133850e+01 9.79222412e+01 1.01323448e+02 9.93420410e+01
    1.02865738e+02 9.89764175e+01 9.82683182e+01 1.01685417e+02
    9.86428833e+01 9.62046051e+01 9.65864792e+01 9.71553879e+01
    9.57952652e+01 9.71446915e+01 9.75528030e+01 9.35564728e+01
    9.35862732e+01 9.56929550e+01 9.46764755e+01 9.74786682e+01
    9.36637878e+01 9.38130188e+01 9.52050705e+01 0. 9.21242065e+01
    9.01104126e+01 9.05532379e+01 8.97871552e+01 8.80347137e+01
    8.49975662e+01 8.72444458e+01 9.00633621e+01 8.80486984e+01
    8.95559998e+01 9.23961563e+01 8.94372406e+01 9.20786438e+01
    8.98958817e+01 9.00701828e+01 9.18250504e+01 8.74954453e+01
    8.60647049e+01 8.79881363e+01 8.94668655e+01 8.92232895e+01
    9.02133255e+01 9.10845261e+01 8.90532150e+01 9.01776810e+01
    8.87739944e+01 9.48944244e+01 8.94117050e+01 9.05165482e+01
    9.35355682e+01 9.01364136e+01 8.96016006e+01 8.99890747e+01
    9.23695755e+01 9.02654953e+01 9.32896423e+01 9.17011719e+01
    8.84805984e+01 8.91715317e+01 8.79510193e+01 8.71094894e+01
    8.67001648e+01 8.98076248e+01 8.72755127e+01 8.61141129e+01
    8.50794907e+01 8.60367508e+01 8.49282074e+01 8.88911438e+01
    8.74804459e+01 8.53860245e+01 9.00851517e+01 9.12934113e+01
    8.87875137e+01 8.65696869e+01 8.92001648e+01 9.03770370e+01
    9.25485611e+01 9.23672867e+01 9.76003799e+01 9.69722137e+01
    9.59907303e+01 9.69012985e+01 9.59359055e+01 9.58653107e+01
    9.61596146e+01 9.62687302e+01 9.44657516e+01 9.55627136e+01
    9.35485611e+01 9.37961197e+01 9.19234848e+01 9.20018005e+01
    9.57788162e+01 9.58546982e+01 9.45233994e+01 9.16550293e+01
    9.08820953e+01 8.92873535e+01 8.89273987e+01 8.57570648e+01
    8.61033936e+01 8.56558838e+01 8.74634399e+01 8.24465332e+01
    8.66476364e+01 8.46548767e+01 8.55557861e+01 8.76598587e+01
    8.90696640e+01 8.86504669e+01 8.76185684e+01 8.18285141e+01
    8.37161179e+01 8.34498291e+01 8.64030685e+01 8.07345352e+01
    8.48818054e+01 8.82193222e+01 8.60430527e+01 8.43269424e+01
    8.44906006e+01 8.54694748e+01 8.49605637e+01 8.43820419e+01
    8.43585968e+01 7.96660614e+01 7.98730850e+01 7.83476944e+01
    7.92323990e+01 7.84019165e+01 7.94085770e+01 8.27810364e+01
    8.08375931e+01 8.53156052e+01 8.44384613e+01 8.40466995e+01
    8.10329895e+01 8.32556381e+01 8.86422501e+01 8.14179153e+01
    8.33489914e+01 8.54153900e+01 9.02660294e+01 8.67418671e+01
    8.73903961e+01 9.14165649e+01 8.92409363e+01 9.27451859e+01
    8.93474579e+01 9.14380493e+01 9.10603790e+01 8.99983444e+01
    9.04201355e+01 9.20178986e+01 8.79831696e+01 8.76105423e+01
    8.87913895e+01 9.03664169e+01 8.95788879e+01 8.76457977e+01
    9.32042618e+01 9.13016815e+01 9.00686035e+01 9.00072784e+01
    9.29015961e+01 9.07592926e+01 9.13801880e+01 9.01084366e+01
    9.05162659e+01 8.99484024e+01 8.99432602e+01 9.04088135e+01
    8.70822678e+01 8.60610580e+01 8.99763794e+01 9.52700882e+01
    9.05987091e+01 9.37248459e+01 9.12931061e+01 9.24967651e+01
    8.86201248e+01 9.05469131e+01 8.82400284e+01 8.75400696e+01
    8.71557007e+01 8.56085434e+01 8.78131180e+01 8.52979507e+01
    8.66095200e+01 8.75062103e+01 8.69974213e+01 8.74002914e+01
    8.57368088e+01 8.43255081e+01 8.19438553e+01 8.09477158e+01
    8.38981018e+01 8.29513702e+01 8.17956314e+01 8.54373550e+01
    8.48784027e+01 8.60299606e+01 8.42796097e+01 8.71288071e+01
    8.79307022e+01 8.69705887e+01 8.87731705e+01 8.77582932e+01
    8.63589935e+01 8.96451416e+01 8.93420334e+01 9.24082031e+01
    8.93438721e+01 9.08490601e+01 8.83904495e+01 8.86336212e+01
    8.75263519e+01 8.42255478e+01 8.79258194e+01 8.87167358e+01
    8.73879929e+01 8.79353790e+01 9.01893997e+01 8.88701248e+01
    9.25039291e+01 9.01280594e+01 9.23547211e+01 9.27430344e+01
    9.08234940e+01 9.25096588e+01 9.40590668e+01 9.61168213e+01
    9.38270111e+01 9.69009323e+01 9.90104675e+01 1.01091225e+02
    9.77336731e+01 9.95522308e+01 1.00461411e+02 1.02170914e+02
    1.00960480e+02 9.86357498e+01 9.85316086e+01 9.59539642e+01
    9.38875198e+01 9.56750946e+01 9.62143021e+01 9.24055328e+01
    9.33931732e+01 9.21656418e+01 9.67634735e+01 9.01302185e+01
    9.52431107e+01 9.20807724e+01 9.26846542e+01 9.40853043e+01 0.
    9.15926819e+01 9.30604019e+01 9.18635559e+01 9.04246826e+01
    8.98095627e+01 9.10399094e+01 8.79672852e+01 8.49528809e+01
    8.82000656e+01 8.79251328e+01 8.63053818e+01 8.64231415e+01
    9.08696671e+01 9.20124435e+01 8.84638443e+01 8.76319656e+01
    8.84360733e+01 8.92289047e+01 8.86228409e+01 8.90970612e+01
    8.69988861e+01 9.04031982e+01 8.91711197e+01 8.98943634e+01
    9.18003464e+01 9.15552444e+01 9.03274002e+01 9.16149445e+01
    9.19006882e+01 9.34256363e+01 9.05036621e+01 8.96842804e+01
    9.13313675e+01 9.33740768e+01 9.35422363e+01 9.27770309e+01
    9.28727264e+01 8.85258255e+01 8.70113525e+01 8.46747971e+01
    8.88479156e+01 8.73826752e+01 8.90242920e+01 8.86965942e+01
    8.52222748e+01 8.77985535e+01 8.88995514e+01 8.56734161e+01
    8.52353745e+01 8.59167099e+01 8.57811356e+01 8.67600555e+01
    9.06259003e+01 8.77053604e+01 8.83698349e+01 8.55401077e+01
    9.08343506e+01 9.46627960e+01 9.54546661e+01 9.56497955e+01
    9.48427734e+01 9.79877319e+01 9.47557907e+01 9.70282669e+01
    9.72086792e+01 9.68950806e+01 9.60098038e+01 9.47272644e+01
    9.50353851e+01 9.58566895e+01 9.39309464e+01 9.39157562e+01
    9.54190521e+01 9.45197601e+01 9.49709549e+01 9.05890427e+01
    9.53195953e+01 8.99306870e+01 8.68758926e+01 8.80043716e+01
    8.84898682e+01 8.85813293e+01 8.40203323e+01 8.37183304e+01
    8.65434647e+01 8.64279861e+01 8.68612823e+01 8.62422791e+01
    8.62421417e+01 8.64882736e+01 8.96660538e+01 8.71389313e+01
    8.58018417e+01 8.64208145e+01 8.43230057e+01 8.64377136e+01
    8.43133163e+01 8.52862854e+01 8.55195541e+01 8.77226791e+01
    8.40262604e+01 8.53860397e+01 8.72846832e+01 8.70767288e+01
    8.41617584e+01 8.31012192e+01 8.23147430e+01 7.95787582e+01
    8.07685776e+01 7.76817627e+01 7.94713364e+01 8.10001907e+01
    8.04080353e+01 8.41217651e+01 8.56822815e+01 8.39016342e+01
    8.42253265e+01 8.49356766e+01 8.39714203e+01 8.14650497e+01
    8.50210800e+01 8.44147491e+01 8.34153595e+01 8.35641098e+01
    8.81207123e+01 9.04708557e+01 8.92450867e+01 8.92268066e+01
    9.14725876e+01 9.15601578e+01 9.23615036e+01 9.32114182e+01
    9.59812012e+01 9.22383957e+01 9.25439529e+01 9.42148590e+01
    9.07330399e+01 8.67828217e+01 8.90771027e+01 9.33551102e+01
    8.94524918e+01 8.96319046e+01 9.00038376e+01 8.70870895e+01
    8.92045670e+01 9.02355804e+01 8.87316284e+01 9.10040970e+01
    9.08962860e+01 9.05769730e+01 9.09900055e+01 8.66678925e+01
    8.69354248e+01 8.81276398e+01 9.01473083e+01 9.06461258e+01
    8.80527878e+01 8.99360352e+01 9.12077484e+01 9.16749039e+01
    8.74344025e+01 8.99523468e+01 8.95838623e+01 9.22569504e+01
    8.76747665e+01 8.55687332e+01 8.48085861e+01 8.80035019e+01
    8.72761078e+01 8.70727234e+01 8.86514816e+01 8.70136261e+01
    8.41874237e+01 8.50053787e+01 8.09944916e+01 8.06842117e+01
    8.37058792e+01 8.27660522e+01 8.21116104e+01 8.30738297e+01
    8.27068787e+01 8.57110138e+01 8.29283371e+01 8.59609146e+01
    8.78071365e+01 8.61902695e+01 8.70860672e+01 8.67410812e+01
    8.55116043e+01 8.60404510e+01 8.82999344e+01 8.70071945e+01
    8.91108551e+01 8.80471268e+01 8.72173386e+01 8.66374207e+01
    8.49489212e+01 8.53524017e+01 8.61946869e+01 8.68164749e+01
    8.37207870e+01 8.64193420e+01 8.64798889e+01 8.67823715e+01
    9.06263428e+01 8.81624374e+01 9.09838333e+01 9.05274277e+01
    9.21290436e+01 9.30805206e+01 9.27586975e+01 9.28189163e+01
    9.26132660e+01 9.81107788e+01 9.59848328e+01 9.52462769e+01
    9.73439255e+01 9.88358536e+01 1.00515930e+02 9.91948013e+01
    1.03986206e+02 1.01317024e+02 9.98273315e+01 9.62965317e+01
    9.62115326e+01 9.72799149e+01 9.45904694e+01 9.77699051e+01
    9.30202026e+01 9.43603592e+01 9.45124969e+01 9.42152939e+01
    9.51020126e+01 9.21434937e+01 9.71803665e+01 9.49960632e+01
    9.47316208e+01 0. 9.03736496e+01 8.97032394e+01 9.06883163e+01
    8.72183838e+01 8.89532318e+01 8.76976700e+01 8.75430832e+01
    8.60827026e+01 8.56852875e+01 8.81770782e+01 8.87329636e+01
    8.73279877e+01 8.52969894e+01 9.01222916e+01 8.61202164e+01
    8.73796463e+01 8.64902267e+01 8.64302139e+01 8.67998199e+01
    9.02622070e+01 8.90687103e+01 8.95791245e+01 9.15898743e+01
    9.02566299e+01 8.94470673e+01 9.34976959e+01 9.32139053e+01
    9.54035950e+01 9.34568176e+01 9.03639450e+01 9.15920715e+01
    9.34130478e+01 9.35186615e+01 9.30892944e+01 9.25752106e+01
    8.95360870e+01 9.22641373e+01 9.02262421e+01 8.39994354e+01
    8.90343857e+01 8.65090637e+01 8.81139603e+01 8.92496872e+01
    8.82640076e+01 8.67185974e+01 8.54357681e+01 8.82448807e+01
    8.31017075e+01 8.38387909e+01 8.93408051e+01 8.44125519e+01
    8.64277420e+01 8.92980576e+01 8.66093369e+01 8.81157837e+01
    8.99744797e+01 9.09649277e+01 9.33897095e+01 9.57931061e+01
    9.45723038e+01 9.35636826e+01 9.54272766e+01 9.78276978e+01
    9.92002335e+01 9.60579071e+01 9.37873917e+01 9.48140259e+01
    9.51434708e+01 9.69967422e+01 9.37340317e+01 9.64060287e+01
    9.44687271e+01 9.67892609e+01 9.32978287e+01 9.78749390e+01
    9.53764725e+01 9.70030212e+01 8.94600830e+01 9.07097778e+01
    8.83370667e+01 8.86686172e+01 8.74878311e+01 8.72417526e+01
    8.57827606e+01 8.85929947e+01 8.93712997e+01 8.84634705e+01
    8.41415253e+01 8.75513687e+01 8.75221634e+01 8.70148773e+01
    8.45669785e+01 8.20157852e+01 8.71744308e+01 8.22758865e+01
    8.49454803e+01 8.19422989e+01 8.22351913e+01 8.49169922e+01
    8.81904221e+01 8.54679489e+01 8.63301392e+01 8.77298584e+01
    8.48314438e+01 8.23963623e+01 8.36257706e+01 8.06711807e+01
    8.04116135e+01 8.08866272e+01 7.94228134e+01 8.03263474e+01
    7.84697647e+01 8.08942947e+01 8.29520416e+01 8.49987259e+01
    8.36074982e+01 8.55467377e+01 8.22795563e+01 8.36901779e+01
    8.40467758e+01 8.20078812e+01 8.09659042e+01 8.64460526e+01
    8.71874695e+01 8.85112000e+01 8.65070953e+01 9.28627777e+01
    9.10647049e+01 9.17078018e+01 9.54756775e+01 9.25234299e+01
    9.58295670e+01 9.34715500e+01 9.54204636e+01 9.39095230e+01
    9.09979858e+01 9.02322540e+01 9.01546936e+01 8.91108551e+01
    8.89734955e+01 9.16144638e+01 8.95024033e+01 8.85400543e+01
    8.89297638e+01 9.06371765e+01 9.12813187e+01 9.00880585e+01
    9.06672058e+01 9.21282730e+01 8.89620514e+01 8.80510712e+01
    8.73128815e+01 9.15684204e+01 8.77529602e+01 9.05960083e+01
    8.99539261e+01 9.27761688e+01 9.11594925e+01 9.34519043e+01
    8.96234512e+01 9.23742828e+01 9.24945984e+01 8.71875610e+01
    8.76897736e+01 8.93613358e+01 8.60947800e+01 8.81146317e+01
    8.73161926e+01 8.51652756e+01 8.46001740e+01 8.80403137e+01
    8.61109085e+01 8.47935104e+01 8.51857681e+01 8.33795013e+01
    8.15045319e+01 8.16852493e+01 7.99229126e+01 8.19706039e+01
    8.11837082e+01 8.44720306e+01 8.37999496e+01 8.41737061e+01
    8.59909134e+01 8.50860519e+01 8.73592606e+01 8.90455170e+01
    8.94167862e+01 8.70062943e+01 8.38844452e+01 8.80692291e+01
    8.72805557e+01 8.58130264e+01 8.58159103e+01 8.49076920e+01
    8.51782532e+01 8.48389587e+01 8.54910736e+01 8.82447815e+01
    8.43120117e+01 8.60839233e+01 8.41596298e+01 8.74135056e+01
    8.68839951e+01 8.81692429e+01 8.78462524e+01 9.12806244e+01
    9.22252655e+01 9.03597107e+01 9.31346664e+01 9.28326416e+01
    9.46308212e+01 9.37379837e+01 9.67785797e+01 9.46239777e+01
    9.81587448e+01 9.64849930e+01 9.86087265e+01 9.87778931e+01
    9.87757034e+01 9.59140244e+01 9.87972336e+01 9.88655243e+01
    9.49014435e+01 9.71043549e+01 9.43751831e+01 9.56047440e+01
    9.66215897e+01 9.24312668e+01 9.16120834e+01 9.37395477e+01
    9.45903931e+01 9.31180267e+01 9.40645752e+01 9.38608780e+01
    9.41364594e+01 9.52272263e+01 0. 9.11571121e+01 9.11732635e+01
    8.97709351e+01 8.98283386e+01 8.65698166e+01 8.67875671e+01
    8.56882477e+01 8.66158142e+01 8.82522430e+01 8.66434402e+01
    8.84495010e+01 8.88519897e+01 8.76555328e+01 8.64650650e+01
    9.04808960e+01 8.99471970e+01 8.45596924e+01 8.64916000e+01
    8.79550934e+01 8.76437454e+01 8.71337891e+01 9.17256088e+01
    9.08403778e+01 9.15568161e+01 9.34922333e+01 9.31443253e+01
    9.44287109e+01 9.11273041e+01 9.29191513e+01 9.23272858e+01
    8.95723877e+01 9.02585449e+01 9.33250580e+01 9.12342148e+01
    9.04094543e+01 9.14043961e+01 8.99096832e+01 9.03893890e+01
    8.58457718e+01 8.30880814e+01 8.51098328e+01 8.71725082e+01
    8.70723495e+01 8.25822678e+01 8.79499207e+01 8.53882217e+01
    8.56770096e+01 8.56593628e+01 8.64844437e+01 8.60902176e+01
    8.64796524e+01 8.80170593e+01 8.74303360e+01 8.72790451e+01
    8.82411041e+01 9.03598175e+01 8.85388870e+01 9.20964432e+01
    9.39083099e+01 9.48587112e+01 9.56974564e+01 9.41543274e+01
    9.80757828e+01 9.29644547e+01 9.48661575e+01 9.68192673e+01
    9.51346054e+01 9.38141556e+01 9.47210922e+01 9.62106705e+01
    9.38189621e+01 9.41909409e+01 9.83806305e+01 9.70419846e+01
    9.38121185e+01 9.26470566e+01 9.36411743e+01 8.73538208e+01
    8.86978912e+01 8.85882339e+01 8.70259247e+01 8.82261963e+01
    8.52854767e+01 8.75183945e+01 8.72838211e+01 8.70081482e+01
    8.71294785e+01 9.04116592e+01 8.70358200e+01 8.37162323e+01
    8.49174805e+01 8.63251190e+01 8.32264709e+01 8.54693146e+01
    8.36222763e+01 8.37326431e+01 8.47891006e+01 8.48097458e+01
    8.30035400e+01 8.41992722e+01 8.53067322e+01 8.54796753e+01
    8.34539337e+01 8.45591583e+01 8.17829285e+01 8.33555222e+01
    7.93561935e+01 7.93945770e+01 7.96876678e+01 7.82080307e+01
    7.80064468e+01 7.66924286e+01 8.11282578e+01 7.87723923e+01
    8.41140213e+01 8.34427414e+01 8.27335892e+01 8.33886261e+01
    8.43414078e+01 8.53986053e+01 8.76928253e+01 8.67824478e+01
    8.80899963e+01 8.96362381e+01 9.11145325e+01 9.70842514e+01
    8.90499573e+01 9.15582733e+01 9.05689468e+01 9.23903885e+01
    9.15542221e+01 9.08119507e+01 9.41416016e+01 9.15878067e+01
    9.43638916e+01 9.20264893e+01 9.13536987e+01 8.92230453e+01
    8.76732788e+01 9.08375931e+01 9.04532166e+01 8.74392700e+01
    8.76228027e+01 8.71767883e+01 8.69942169e+01 8.75596619e+01
    8.66738892e+01 8.80862732e+01 8.79280777e+01 9.09408722e+01
    8.91142120e+01 8.60672836e+01 8.88957977e+01 8.91279221e+01
    9.09728622e+01 9.02971954e+01 9.13879318e+01 9.18234482e+01
    9.09956894e+01 8.74577560e+01 9.09768982e+01 8.91262207e+01
    8.95982819e+01 8.62552185e+01 8.99165878e+01 8.60165329e+01
    8.49948654e+01 8.38121948e+01 8.37655640e+01 8.31548309e+01
    8.51407852e+01 8.49740829e+01 8.19404984e+01 8.42144394e+01
    8.33347778e+01 8.20981598e+01 7.87553177e+01 8.04681625e+01
    8.55835953e+01 8.04092636e+01 8.21213760e+01 8.06654282e+01
    8.42494659e+01 8.46662445e+01 8.57506256e+01 8.68657837e+01
    8.59805603e+01 8.97502365e+01 8.68334503e+01 8.89312134e+01
    8.69763794e+01 8.70736618e+01 8.76242218e+01 8.67134094e+01
    8.76243439e+01 8.36211090e+01 8.58235245e+01 8.59580154e+01
    8.48432007e+01 8.40302277e+01 8.48315353e+01 8.79861603e+01
    8.50112152e+01 8.57733459e+01 8.51234131e+01 9.10858078e+01
    8.98049088e+01 9.15322647e+01 9.36419907e+01 9.27984085e+01
    9.38054733e+01 9.71465149e+01 9.89946899e+01 9.80450058e+01
    9.92585983e+01 1.01548988e+02 9.86705017e+01 9.99826660e+01
    9.82199860e+01 1.02788315e+02 1.00099174e+02 1.03541336e+02
    1.01695129e+02 9.67200317e+01 9.78441696e+01 9.73987045e+01
    9.72310104e+01 9.68535690e+01 9.61088715e+01 9.40674744e+01
    9.28627548e+01 9.24546509e+01 9.26354980e+01 9.57217331e+01
    9.29720688e+01 9.21628113e+01 9.46008911e+01 0. 9.19167633e+01
    8.83182297e+01 8.60964127e+01 8.83659439e+01 8.77844849e+01
    8.95672455e+01 8.88806000e+01 8.74573669e+01 8.83709946e+01
    9.03593521e+01 9.06380692e+01 9.09197388e+01 9.10280228e+01
    9.00328217e+01 8.94224167e+01 9.26305466e+01 8.80533981e+01
    8.56588287e+01 8.87592010e+01 8.83352890e+01 8.95079651e+01
    9.15066147e+01 8.90761871e+01 9.24565506e+01 9.15734634e+01
    9.43787231e+01 9.31248245e+01 9.16838531e+01 9.33082428e+01
    9.18414459e+01 9.28461151e+01 8.98532333e+01 9.30857239e+01
    8.97862244e+01 9.23616791e+01 9.13585129e+01 9.18772964e+01
    8.90419693e+01 8.76659088e+01 8.38784103e+01 8.29159927e+01
    8.44890366e+01 8.49844437e+01 8.78841782e+01 8.51036911e+01
    8.74982605e+01 8.73842468e+01 8.87732773e+01 8.69965744e+01
    8.69029694e+01 8.87018738e+01 8.84712067e+01 8.59613647e+01
    9.07481918e+01 9.01743393e+01 8.64664612e+01 8.77942505e+01
    9.24985886e+01 9.41680756e+01 9.16819916e+01 9.39317856e+01
    9.22519150e+01 9.77322922e+01 9.96379242e+01 9.29146500e+01
    9.62646255e+01 9.58106537e+01 9.43521957e+01 9.39529266e+01
    9.39060898e+01 9.23409576e+01 9.53296356e+01 9.74473038e+01
    9.52204514e+01 9.59771423e+01 9.55883865e+01 9.00214233e+01
    9.48023758e+01 9.14870529e+01 9.06675110e+01 8.77543030e+01
    8.90151520e+01 9.00322876e+01 8.59964752e+01 8.65481796e+01
    8.76358032e+01 8.79141006e+01 8.44698486e+01 8.57271271e+01
    8.55576859e+01 8.81128387e+01 8.53616028e+01 8.46398926e+01
    8.46316299e+01 8.79644012e+01 8.35782928e+01 8.08950272e+01
    8.41147919e+01 8.22335587e+01 8.15769882e+01 8.25306854e+01
    8.33766632e+01 8.27150879e+01 8.40750504e+01 7.94241714e+01
    8.03915405e+01 7.90851822e+01 7.70229492e+01 7.64840088e+01
    7.81230164e+01 7.87340546e+01 7.67341995e+01 8.23171539e+01
    8.18119354e+01 8.13918610e+01 8.12193680e+01 8.51093216e+01
    8.14449539e+01 8.42189789e+01 8.34968109e+01 8.39238129e+01
    8.41666718e+01 8.61852417e+01 8.99094315e+01 8.80812073e+01
    9.18279419e+01 9.25215530e+01 9.35362244e+01 9.16294785e+01
    9.16043625e+01 9.35267105e+01 9.01622162e+01 9.05400162e+01
    9.15821915e+01 9.50818481e+01 9.17177734e+01 9.24025192e+01
    9.05027771e+01 8.99417038e+01 8.81218262e+01 9.21347122e+01
    8.89822388e+01 8.65437622e+01 8.97595596e+01 8.72266235e+01
    8.78922882e+01 9.03948593e+01 8.94289474e+01 8.82711945e+01
    8.94279633e+01 8.79809189e+01 8.58784485e+01 8.56056213e+01
    8.81245651e+01 8.69352112e+01 8.71143875e+01 8.87156143e+01
    9.00454407e+01 8.79645615e+01 8.83267212e+01 8.77467499e+01
    8.75395660e+01 8.75750427e+01 8.57846756e+01 8.74851456e+01
    8.47898407e+01 8.59653702e+01 8.28380203e+01 8.43463898e+01
    8.10365829e+01 8.39454193e+01 8.25799561e+01 8.33436966e+01
    8.53241501e+01 8.31992798e+01 8.22635727e+01 8.24837265e+01
    8.12421341e+01 8.26519165e+01 8.48786469e+01 8.28495941e+01
    8.38808060e+01 8.33777771e+01 8.34871674e+01 8.68115616e+01
    8.45159607e+01 8.94668198e+01 8.93067474e+01 9.00368805e+01
    8.63038712e+01 8.80046768e+01 8.91417313e+01 8.58597031e+01
    8.90928574e+01 8.50481415e+01 8.46242142e+01 8.44145584e+01
    8.91458206e+01 8.75609894e+01 8.42181625e+01 8.55766830e+01
    8.71831207e+01 8.67919235e+01 8.69227753e+01 8.82129974e+01
    8.62333603e+01 8.85624619e+01 9.31205292e+01 9.02471313e+01
    9.19429932e+01 9.28162918e+01 9.69557343e+01 9.71486969e+01
    9.80398407e+01 9.77877426e+01 9.98261719e+01 1.01514000e+02
    9.90166550e+01 9.87389374e+01 1.02387741e+02 9.96217957e+01
    1.00338760e+02 1.00730057e+02 9.87291107e+01 9.55192795e+01
    9.84864044e+01 9.65663986e+01 9.94385071e+01 9.53326492e+01
    9.13842621e+01 9.51565781e+01 9.42297897e+01 9.47207794e+01
    9.44542313e+01 9.32928009e+01 9.19485626e+01 9.55070038e+01 0.
    8.79990921e+01 8.78289032e+01 8.71658249e+01 8.66845093e+01
    8.56297913e+01 8.55232239e+01 8.46058578e+01 8.79188843e+01
    8.73909225e+01 8.94610672e+01 9.12249527e+01 8.85200424e+01
    9.09709320e+01 8.91847763e+01 9.18845367e+01 9.00716248e+01
    8.70340805e+01 8.99764862e+01 9.08718491e+01 8.87538528e+01
    8.86321869e+01 9.23900604e+01 9.33125992e+01 9.27065430e+01
    9.34394073e+01 9.27948227e+01 9.26535263e+01 9.23485565e+01
    9.24157867e+01 9.48797836e+01 9.03308258e+01 9.09625549e+01
    8.91954193e+01 9.18588715e+01 9.20416946e+01 9.31716461e+01
    9.12667770e+01 8.97343979e+01 8.74921341e+01 8.36408615e+01
    8.88573074e+01 8.67974930e+01 8.82502747e+01 8.65246201e+01
    8.47282104e+01 8.90115280e+01 8.65018692e+01 8.59110413e+01
    8.49275894e+01 8.85665131e+01 8.93937759e+01 8.91049194e+01
    9.07505875e+01 8.92109985e+01 8.74841995e+01 8.67651138e+01
    8.77732849e+01 9.12786484e+01 9.53616409e+01 9.45614243e+01
    9.37470016e+01 9.46227722e+01 9.43633804e+01 9.60576630e+01
    9.29458847e+01 9.54470367e+01 9.50716171e+01 9.41704483e+01
    9.48905487e+01 9.08121338e+01 9.36724625e+01 9.22445679e+01
    9.43713150e+01 9.47530060e+01 9.78171921e+01 9.32829361e+01
    9.43691711e+01 9.38816681e+01 9.15518570e+01 9.09999847e+01
    8.89377441e+01 9.08919983e+01 9.19776840e+01 8.72300262e+01
    8.50131531e+01 8.63214645e+01 8.77894897e+01 9.02521133e+01
    8.55083466e+01 8.55553360e+01 8.63221359e+01 8.60118256e+01
    8.28851776e+01 8.03782806e+01 8.34099884e+01 8.36476364e+01
    8.34710770e+01 8.32981033e+01 8.01340027e+01 7.94224167e+01
    8.27185059e+01 8.43843689e+01 8.30177917e+01 8.46627808e+01
    7.93012619e+01 7.93489075e+01 7.97501907e+01 7.82817688e+01
    7.72536926e+01 7.83236313e+01 8.00181961e+01 7.99778366e+01
    8.06157303e+01 8.04475784e+01 8.33166580e+01 8.29112473e+01
    8.41697311e+01 8.45012894e+01 8.63184814e+01 8.21285324e+01
    8.49504242e+01 8.64648285e+01 8.45455170e+01 8.84621277e+01
    8.77959976e+01 9.28444595e+01 9.19428177e+01 9.31455994e+01
    9.25431061e+01 9.36339645e+01 9.26831894e+01 9.31912231e+01
    9.21365204e+01 9.45477905e+01 9.46153488e+01 9.45106583e+01
    9.29720688e+01 8.97168961e+01 9.13881073e+01 9.18594055e+01
    9.11872635e+01 8.93931732e+01 8.80463257e+01 8.89119492e+01
    8.78875351e+01 8.73552170e+01 8.96577835e+01 8.70007324e+01
    8.88629532e+01 8.87893600e+01 8.64327240e+01 8.82704926e+01
    8.58058472e+01 8.59043427e+01 8.49947433e+01 8.62833481e+01
    8.69141541e+01 8.81043015e+01 8.99147949e+01 9.01613693e+01
    8.54545288e+01 8.63758621e+01 8.98093262e+01 8.69039459e+01
    8.48217850e+01 8.36545792e+01 8.62047729e+01 8.20348358e+01
    8.32368546e+01 8.00550537e+01 8.29181824e+01 7.97725983e+01
    8.42387390e+01 8.10699844e+01 8.11259842e+01 8.28062668e+01
    8.11522064e+01 8.19771423e+01 8.04281387e+01 8.16821442e+01
    8.06996155e+01 8.46781464e+01 8.27748947e+01 8.28795013e+01
    8.47740479e+01 8.38220596e+01 8.25896530e+01 8.49561005e+01
    8.60471802e+01 8.55116196e+01 8.65710678e+01 8.69742584e+01
    8.91427612e+01 8.53419342e+01 8.70077133e+01 8.51652145e+01
    8.79336624e+01 8.48754349e+01 8.66018677e+01 8.46893463e+01
    8.31365509e+01 8.42255096e+01 8.46163483e+01 8.80227432e+01
    8.62127609e+01 9.00030441e+01 9.26057587e+01 9.22339096e+01
    9.10460205e+01 9.06097183e+01 9.26403275e+01 9.60544052e+01
    9.15424805e+01 9.54263992e+01 9.45743484e+01 1.00397408e+02
    1.01790466e+02 1.00048981e+02 9.76250916e+01 1.03421211e+02
    9.93127823e+01 9.98525162e+01 9.81886215e+01 9.82415161e+01
    9.24678650e+01 9.38691254e+01 9.79600906e+01 9.47142563e+01
    9.46355438e+01 9.20775223e+01 9.49669647e+01 9.37064056e+01
    9.45149384e+01 9.34359970e+01 9.35773087e+01 9.58334351e+01
    9.46467972e+01 0. 8.58995590e+01 9.21551361e+01 9.20262375e+01
    8.71608734e+01 8.78566437e+01 8.90628433e+01 9.03890381e+01
    8.62664490e+01 8.96787720e+01 8.86223602e+01 9.03773041e+01
    9.17335358e+01 8.89223557e+01 9.38772049e+01 8.98966446e+01
    9.03681793e+01 8.97510452e+01 8.83476944e+01 8.96374283e+01
    9.03455353e+01 9.29627380e+01 9.33419724e+01 9.27322540e+01
    9.61025009e+01 9.26206741e+01 9.28288193e+01 9.43151627e+01
    9.28959885e+01 9.48307800e+01 9.41603012e+01 9.17126694e+01
    9.08541031e+01 9.32219238e+01 8.93652191e+01 9.32642136e+01
    8.91224365e+01 9.20192795e+01 9.41250839e+01 9.19838028e+01
    8.79032898e+01 9.12605896e+01 8.68121490e+01 9.10522614e+01
    8.82352142e+01 8.67636795e+01 8.73580551e+01 9.00326920e+01
    8.90379181e+01 8.64574966e+01 8.70817184e+01 8.77539597e+01
    9.07584763e+01 9.17654343e+01 9.08639069e+01 8.98037109e+01
    9.04794312e+01 8.99454346e+01 9.28009567e+01 9.45232697e+01
    9.43217850e+01 9.24339523e+01 9.16909409e+01 9.50391083e+01
    9.27812653e+01 9.48576126e+01 9.19741898e+01 9.55056381e+01
    9.49251480e+01 9.44120483e+01 9.38867493e+01 9.38217773e+01
    9.53777542e+01 9.27022934e+01 9.21249313e+01 9.75872879e+01
    9.52104645e+01 9.19018631e+01 8.88607712e+01 9.16769943e+01
    9.39786148e+01 8.77777557e+01 8.86078796e+01 8.89804611e+01
    9.00735092e+01 8.72631989e+01 8.54213638e+01 8.95054398e+01
    8.80335007e+01 8.92490463e+01 8.58789749e+01 8.50138397e+01
    8.39473877e+01 8.39168015e+01 8.39682846e+01 8.26766739e+01
    8.24188614e+01 8.24088745e+01 7.95645447e+01 7.92525711e+01
    7.90059433e+01 8.47791138e+01 8.42773056e+01 8.46407242e+01
    8.40113678e+01 8.42034912e+01 8.06460495e+01 8.08292770e+01
    7.83701248e+01 7.90817337e+01 7.72624969e+01 7.89356537e+01
    7.83973694e+01 7.88934402e+01 8.31314774e+01 8.04516678e+01
    8.40406647e+01 8.31499786e+01 8.63896255e+01 8.21772461e+01
    8.38446045e+01 8.31585236e+01 8.50211868e+01 8.80914536e+01
    9.03776550e+01 8.90928955e+01 9.39526520e+01 9.44003448e+01
    9.62659149e+01 9.04538345e+01 9.49323654e+01 9.19292221e+01
    9.34381561e+01 9.20892334e+01 9.36187744e+01 9.39816589e+01
    9.23659897e+01 9.54862137e+01 9.10910797e+01 9.13366394e+01
    8.83873291e+01 8.98306580e+01 8.77728348e+01 9.07197189e+01
    8.42531052e+01 8.61613007e+01 8.73787079e+01 8.83742218e+01
    8.81996765e+01 8.94291000e+01 8.84951096e+01 8.73242340e+01
    8.93413162e+01 8.73280869e+01 8.74539032e+01 8.41571579e+01
    9.10935059e+01 8.54629745e+01 8.85030441e+01 8.79507065e+01
    8.87890701e+01 8.52892990e+01 8.61523209e+01 8.89331284e+01
    8.84046631e+01 8.65901031e+01 8.32671432e+01 8.50846252e+01
    8.09959106e+01 8.14799805e+01 8.18450317e+01 8.51689758e+01
    8.13790741e+01 7.91635361e+01 8.36257706e+01 8.24669189e+01
    7.87554932e+01 8.14898148e+01 8.11781235e+01 8.13076706e+01
    8.08311005e+01 8.54183197e+01 8.42934647e+01 8.27373886e+01
    8.59548187e+01 8.54510345e+01 8.61286469e+01 8.76347580e+01
    8.87459488e+01 8.66251602e+01 8.58322067e+01 8.82576294e+01
    8.63118362e+01 8.49692535e+01 8.80703888e+01 8.75957794e+01
    8.86888733e+01 8.99406128e+01 8.81887131e+01 8.64204865e+01
    8.86753998e+01 8.53076706e+01 8.75466003e+01 8.80607681e+01
    9.17707977e+01 8.89209061e+01 9.24607620e+01 9.17145615e+01
    9.24880753e+01 9.23879242e+01 9.30222321e+01 9.26002045e+01
    9.21796875e+01 9.53868256e+01 9.53582687e+01 9.66259613e+01
    9.72340698e+01 9.99090652e+01 9.97267380e+01 9.75623093e+01
    9.85479202e+01 1.02496933e+02 1.01900284e+02 9.81835327e+01
    1.00312523e+02 9.44783554e+01 9.49768906e+01 9.50079498e+01
    9.63297272e+01 9.46823807e+01 9.43862457e+01 9.50951614e+01
    9.56169739e+01 9.52686386e+01 9.51031647e+01 9.31558762e+01
    9.68746719e+01 9.41847687e+01 0. 9.09626770e+01 8.73284149e+01
    9.05943756e+01 8.88796463e+01 8.87847672e+01 8.65867004e+01
    8.84633713e+01 8.98396225e+01 8.96110229e+01 9.00615768e+01
    9.02052383e+01 9.30533676e+01 9.14396057e+01 9.19986038e+01
    8.91040268e+01 9.12988052e+01 8.72446365e+01 8.88722382e+01
    9.04265594e+01 8.87959747e+01 9.10917206e+01 8.99786682e+01
    9.19847336e+01 9.05874786e+01 9.09377747e+01 9.15902863e+01
    9.69966202e+01 9.03261337e+01 9.07405090e+01 9.24404678e+01
    9.19170074e+01 8.59984207e+01 8.65342941e+01 9.08265076e+01
    9.28159180e+01 9.02463684e+01 9.07615967e+01 8.89945374e+01
    9.03147049e+01 8.71438522e+01 8.81045074e+01 8.79616852e+01
    9.16493149e+01 9.05778275e+01 9.18698196e+01 8.98012695e+01
    9.23038788e+01 8.94633942e+01 9.17061920e+01 9.30252151e+01
    9.15476608e+01 9.28042450e+01 9.33118439e+01 9.20911255e+01
    9.26985321e+01 9.13943024e+01 9.17126465e+01 9.49429779e+01
    9.68445587e+01 9.39367065e+01 9.48703690e+01 9.59156265e+01
    9.44323425e+01 9.39616623e+01 9.30577621e+01 9.18126678e+01
    9.58351974e+01 9.42257385e+01 9.39652252e+01 9.15890961e+01
    9.46631088e+01 9.34197464e+01 9.51128922e+01 9.48664856e+01
    9.30760422e+01 9.79191513e+01 9.68871994e+01 9.24350967e+01
    9.02701416e+01 9.24773407e+01 9.49883270e+01 9.05594330e+01
    9.09232788e+01 8.79435196e+01 9.21892929e+01 8.78142548e+01
    8.54795456e+01 8.96877747e+01 9.12428665e+01 8.39062347e+01
    8.74905701e+01 8.69060135e+01 8.38157806e+01 8.33011322e+01
    8.08936768e+01 8.01441498e+01 8.61132812e+01 8.25433121e+01
    7.97892838e+01 8.18103714e+01 8.25923386e+01 8.33093948e+01
    8.54045258e+01 8.26477203e+01 8.41985245e+01 8.10975189e+01
    8.10803833e+01 7.90946198e+01 7.98426590e+01 8.01739197e+01
    7.37525177e+01 8.22641068e+01 7.84583817e+01 8.29115906e+01
    8.52642517e+01 8.46078949e+01 8.48266754e+01 8.39295807e+01
    8.54857178e+01 8.56824265e+01 8.43521576e+01 8.91305313e+01
    8.48058167e+01 8.95650330e+01 9.18798065e+01 8.95768127e+01
    9.40502930e+01 9.40181808e+01 9.16957932e+01 9.04443970e+01
    9.26054306e+01 9.06864395e+01 9.07137756e+01 9.17602768e+01
    9.24690018e+01 9.18325195e+01 9.14960022e+01 9.13957062e+01
    9.01629562e+01 8.97162094e+01 8.99232254e+01 8.88870010e+01
    8.87946472e+01 8.66041260e+01 8.64596863e+01 8.80840225e+01
    8.65190201e+01 8.97361145e+01 8.92564240e+01 8.88938065e+01
    8.53803635e+01 8.84460297e+01 8.73171539e+01 8.62106781e+01
    8.63842545e+01 8.75582123e+01 8.57980804e+01 8.72472153e+01
    8.74685211e+01 8.67612762e+01 8.62986832e+01 8.63298340e+01
    8.48206863e+01 8.59798660e+01 8.35277023e+01 8.45110779e+01
    8.11343155e+01 8.29157791e+01 8.16381989e+01 8.47443466e+01
    7.94520645e+01 8.05730057e+01 8.34039612e+01 7.89604721e+01
    8.08945541e+01 8.19499207e+01 8.25945129e+01 8.21603546e+01
    8.34343414e+01 8.06212234e+01 7.91627655e+01 8.47973251e+01
    8.62251511e+01 8.57011185e+01 9.05909348e+01 8.64967957e+01
    8.88719025e+01 8.94081726e+01 8.91938171e+01 8.67601929e+01
    8.74766464e+01 8.96678925e+01 8.74421616e+01 9.25799332e+01
    8.84683838e+01 8.65440292e+01 8.66030197e+01 8.71624908e+01
    8.51267242e+01 8.64335632e+01 8.71497040e+01 8.41161118e+01
    8.54513168e+01 8.47008972e+01 9.11349106e+01 8.83443146e+01
    9.08096008e+01 8.82043991e+01 9.29982910e+01 9.43091431e+01
    9.31394196e+01 9.21258240e+01 9.27066803e+01 9.48798523e+01
    9.39233322e+01 9.71616516e+01 9.67459488e+01 9.66265411e+01
    9.44224930e+01 9.62795944e+01 9.69190292e+01 9.75358353e+01
    9.32942505e+01 9.41801453e+01 9.40878754e+01 9.55696182e+01
    9.30958023e+01 9.67965012e+01 9.28784027e+01 9.69561234e+01
    9.22181702e+01 9.22902527e+01 9.39548264e+01 9.29317017e+01
    9.45148392e+01 8.99819107e+01 9.61212616e+01 0. 8.75698242e+01
    9.02523499e+01 8.82966919e+01 8.93411484e+01 9.07767410e+01
    9.11120529e+01 8.97319489e+01 8.90750198e+01 9.00633087e+01
    9.01998062e+01 9.24603500e+01 9.10915375e+01 9.17178040e+01
    8.72375412e+01 9.06210327e+01 8.59002609e+01 8.62518005e+01
    8.68018951e+01 8.70717316e+01 8.78957901e+01 8.99639893e+01
    8.95140305e+01 9.01162109e+01 9.04868393e+01 8.89282608e+01
    9.18676987e+01 9.28590164e+01 8.98267059e+01 8.95139694e+01
    9.00322189e+01 8.84768219e+01 8.85868149e+01 8.92025681e+01
    8.66592331e+01 8.95526657e+01 9.13245087e+01 8.91271667e+01
    9.18751907e+01 9.32468719e+01 8.90136414e+01 8.98861008e+01
    9.04360962e+01 9.03822098e+01 9.03606720e+01 8.88171234e+01
    8.99566193e+01 9.26712341e+01 9.14544144e+01 9.40368118e+01
    9.12658615e+01 9.24259186e+01 9.27086792e+01 9.47776871e+01
    8.94211197e+01 9.11288757e+01 9.00523376e+01 9.08672562e+01
    9.35736465e+01 9.37314835e+01 9.46695862e+01 9.48198700e+01
    9.39781036e+01 9.40184860e+01 9.45200272e+01 9.15431366e+01
    9.07303848e+01 9.37656326e+01 9.39959259e+01 9.09823837e+01
    9.17512970e+01 9.36525269e+01 9.20221939e+01 9.66169357e+01
    9.27204132e+01 9.56207581e+01 9.22478714e+01 9.53645782e+01
    9.07053604e+01 9.28919983e+01 9.58727722e+01 9.56534500e+01
    9.08308868e+01 8.85011597e+01 8.97672043e+01 8.95018997e+01
    9.07667313e+01 8.93651199e+01 8.90783691e+01 8.86097336e+01
    8.78892288e+01 8.41422577e+01 8.32935486e+01 8.28202286e+01
    8.48086548e+01 8.20556793e+01 7.92834778e+01 8.27236328e+01
    7.90689850e+01 7.72876434e+01 8.06793518e+01 8.05151901e+01
    7.97287445e+01 8.27276993e+01 7.98976059e+01 7.84881744e+01
    8.01535034e+01 7.74725723e+01 7.79613419e+01 8.09495773e+01
    7.81267319e+01 7.74101486e+01 8.17396774e+01 8.55672455e+01
    8.03295059e+01 8.35998230e+01 8.53041840e+01 8.34466782e+01
    8.45018082e+01 8.46113281e+01 8.46935883e+01 8.56387177e+01
    8.64605637e+01 8.62807007e+01 8.80156860e+01 8.92267227e+01
    9.20328598e+01 9.07312012e+01 9.19286728e+01 9.04708405e+01
    9.28583298e+01 9.05940933e+01 9.33138885e+01 9.14946594e+01
    9.17529602e+01 9.12134705e+01 9.20174179e+01 8.95684891e+01
    9.01862259e+01 8.88985672e+01 9.06047440e+01 9.05379028e+01
    8.99756775e+01 8.97283783e+01 8.91845398e+01 8.83016968e+01
    8.92484055e+01 8.89817047e+01 8.95927505e+01 8.90651474e+01
    8.77480545e+01 8.63085175e+01 8.76779022e+01 8.60082474e+01
    8.79317474e+01 8.79942245e+01 8.99928360e+01 9.01035538e+01
    8.95496597e+01 8.76013336e+01 8.81414490e+01 8.36684265e+01
    8.72374420e+01 8.56613312e+01 8.67822800e+01 8.69901047e+01
    8.25896149e+01 8.24622498e+01 8.31057739e+01 8.28990402e+01
    8.27086487e+01 8.45903549e+01 8.39264374e+01 8.41386795e+01
    8.51385422e+01 8.11379852e+01 8.25819397e+01 8.13530121e+01
    8.53145447e+01 8.31768265e+01 8.40897675e+01 8.66590118e+01
    8.56966400e+01 8.68938446e+01 8.45610962e+01 9.15444412e+01
    8.50577087e+01 8.84913254e+01 8.68899307e+01 8.51707535e+01
    8.71204300e+01 8.97322235e+01 8.87225647e+01 8.59139023e+01
    8.90678482e+01 8.94310379e+01 8.81423264e+01 8.58574066e+01
    8.75039520e+01 8.64884033e+01 8.55533981e+01 8.24663391e+01
    8.36087036e+01 8.44561996e+01 8.53093338e+01 8.79919815e+01
    8.85719147e+01 9.15996704e+01 9.15719223e+01 9.09418030e+01
    9.19980698e+01 9.07613678e+01 9.19308090e+01 9.28239899e+01
    9.42283936e+01 9.55384445e+01 9.51110001e+01 9.55455322e+01
    9.68799362e+01 9.56369019e+01 9.67402649e+01 9.68203201e+01
    9.82621231e+01 9.71039124e+01 9.91121979e+01 9.10571747e+01
    9.62968445e+01 9.68513107e+01 9.71857452e+01 8.96381912e+01
    9.16728745e+01 9.38830414e+01 9.16088028e+01 9.41248779e+01
    9.24911270e+01 9.28421936e+01 9.01070175e+01 9.24467621e+01 0.
    9.04620972e+01 8.80751724e+01 8.79116974e+01 9.05620575e+01
    8.92781448e+01 8.81988678e+01 8.88164825e+01 8.97422409e+01
    9.20564423e+01 8.84146652e+01 9.06298218e+01 8.93343506e+01
    8.90721283e+01 8.76916580e+01 8.93478622e+01 8.71155853e+01
    8.50106659e+01 8.65471420e+01 8.50107956e+01 8.60510025e+01
    8.80598679e+01 8.71593857e+01 8.88266678e+01 8.77073593e+01
    8.58108292e+01 9.13008041e+01 9.13752213e+01 8.74266052e+01
    9.07247543e+01 8.73213196e+01 8.78916473e+01 8.71326599e+01
    8.71110306e+01 8.60199280e+01 9.22456512e+01 8.94954987e+01
    9.28805084e+01 9.25673752e+01 9.15192871e+01 9.22606964e+01
    9.13918686e+01 8.89405365e+01 8.94021912e+01 8.87120438e+01
    9.08195190e+01 9.28150711e+01 9.21316299e+01 9.38772278e+01
    9.34280243e+01 9.31748123e+01 9.10596085e+01 9.35777512e+01
    9.52483215e+01 9.37261887e+01 9.64151154e+01 9.41396942e+01
    8.99339294e+01 9.36425781e+01 9.37918930e+01 9.06256180e+01
    9.19954147e+01 9.58597794e+01 9.33710785e+01 9.12398682e+01
    9.54550781e+01 9.36724014e+01 9.57413788e+01 8.94828568e+01
    9.15085754e+01 9.58121109e+01 9.37665024e+01 9.21444244e+01
    9.44299240e+01 9.56244736e+01 8.92912979e+01 9.46137009e+01
    9.55973206e+01 9.32987518e+01 9.40905304e+01 9.54183502e+01
    9.30164642e+01 9.29195251e+01 8.91272125e+01 8.66841583e+01
    8.75091705e+01 8.79490662e+01 8.84942169e+01 8.55754776e+01
    8.40174408e+01 8.47385178e+01 8.30257339e+01 8.20484314e+01
    8.10769043e+01 8.25557938e+01 7.85588913e+01 7.90208664e+01
    7.97577896e+01 7.65787659e+01 7.65491028e+01 7.63597565e+01
    8.08417511e+01 8.45872726e+01 8.56460419e+01 8.06977692e+01
    7.93082428e+01 8.07028503e+01 8.20288391e+01 7.82476120e+01
    8.18834000e+01 8.30250549e+01 8.26272278e+01 7.92344208e+01
    8.11278305e+01 8.08279114e+01 8.64656754e+01 8.47911606e+01
    8.60539474e+01 8.77947083e+01 8.66976089e+01 8.78777313e+01
    8.67682114e+01 8.82640152e+01 8.91761322e+01 8.87291031e+01
    9.15524597e+01 9.19895782e+01 9.29563751e+01 8.81716614e+01
    9.20189514e+01 9.03330765e+01 9.29622879e+01 9.09857407e+01
    9.35464401e+01 9.33663330e+01 9.57179184e+01 9.08857193e+01
    9.11877823e+01 9.21885986e+01 8.96044998e+01 8.87882690e+01
    8.98095932e+01 8.85972595e+01 8.83480835e+01 8.76463776e+01
    8.89046936e+01 8.91650085e+01 8.87909698e+01 9.24887848e+01
    9.10065231e+01 9.06185455e+01 9.02011032e+01 8.59129333e+01
    8.76252823e+01 8.77764740e+01 8.68981552e+01 8.84479141e+01
    8.71925888e+01 8.78041840e+01 8.86343155e+01 8.71947021e+01
    8.85577087e+01 8.49438705e+01 8.58808594e+01 8.46884308e+01
    8.60180206e+01 8.24935913e+01 8.20193253e+01 8.12662735e+01
    8.35537720e+01 8.52275543e+01 8.17082138e+01 7.97357330e+01
    8.22539825e+01 8.06377106e+01 8.21407852e+01 8.22045517e+01
    8.38573151e+01 8.34671707e+01 8.37245255e+01 8.29030151e+01
    8.64867401e+01 8.46820297e+01 8.58748169e+01 8.81957397e+01
    8.76613388e+01 8.49061890e+01 8.46943512e+01 8.61037216e+01
    8.74891968e+01 8.47049789e+01 8.69716034e+01 8.53976669e+01
    8.91924896e+01 8.82759705e+01 8.69157104e+01 8.72870102e+01
    8.59761505e+01 8.83876572e+01 8.89545441e+01 8.77814789e+01
    8.52091522e+01 8.57637939e+01 8.61607895e+01 8.49447250e+01
    9.07176514e+01 9.22797394e+01 8.77869873e+01 9.06490631e+01
    8.76958084e+01 9.22360306e+01 9.38730545e+01 9.14536285e+01
    9.39131851e+01 9.35143280e+01 9.19284744e+01 9.15575409e+01
    9.48304214e+01 9.47543945e+01 9.40112000e+01 9.60172958e+01
    9.72541656e+01 9.53600006e+01 9.40161819e+01 9.48549194e+01
    9.00300064e+01 9.18525391e+01 9.26808014e+01 9.14232254e+01
    9.00200882e+01 9.06330109e+01 9.17487411e+01 9.22491760e+01
    9.24064407e+01 9.39992599e+01 9.11998520e+01 9.17125015e+01
    9.29927826e+01 0. 8.90910110e+01 8.72456360e+01 8.95177841e+01
    8.75463715e+01 8.99386139e+01 8.83124008e+01 8.69842453e+01
    8.95155869e+01 8.81337967e+01 8.91367722e+01 8.82018204e+01
    9.24307251e+01 9.10482635e+01 8.80477905e+01 9.17042236e+01
    8.98892288e+01 8.84965439e+01 8.25145264e+01 8.49857864e+01
    8.54089432e+01 9.04898376e+01 8.74258194e+01 9.04344864e+01
    8.68630066e+01 8.95347977e+01 9.12210541e+01 9.23329239e+01
    8.95430756e+01 8.99455414e+01 8.85282898e+01 8.79130936e+01
    9.18750458e+01 8.84023972e+01 8.87280960e+01 9.15624695e+01
    9.06610336e+01 9.25690079e+01 9.33299179e+01 9.26627960e+01
    9.19047470e+01 8.92704163e+01 8.90001068e+01 9.01949615e+01
    8.90846481e+01 9.31014023e+01 8.96151810e+01 9.31354523e+01
    9.08303986e+01 9.26134796e+01 9.33783417e+01 9.16256104e+01
    9.51999130e+01 9.62007217e+01 9.56490326e+01 9.40150299e+01
    9.31650162e+01 9.12574768e+01 9.18037796e+01 9.52123184e+01
    9.21640778e+01 9.55967407e+01 9.03178864e+01 8.93398056e+01
    9.41475906e+01 9.14505768e+01 8.91555557e+01 9.40042572e+01
    9.32675705e+01 9.03232040e+01 9.16191406e+01 9.39988327e+01
    9.43284683e+01 9.12105713e+01 9.24198608e+01 9.60844727e+01
    9.54156113e+01 9.35746307e+01 9.14959030e+01 9.48183975e+01
    9.17349319e+01 9.40599594e+01 9.05953445e+01 8.79558258e+01
    8.85563583e+01 8.73441849e+01 8.88892441e+01 8.52885513e+01
    8.77695618e+01 8.73122177e+01 8.43933334e+01 8.41849823e+01
    8.22031403e+01 8.11206512e+01 8.07645798e+01 8.02421188e+01
    8.16801834e+01 7.58231812e+01 7.79335022e+01 8.01655960e+01
    8.13690491e+01 7.95019226e+01 8.14197998e+01 8.39731903e+01
    8.19694290e+01 8.48597183e+01 8.25087509e+01 7.99240646e+01
    8.24965134e+01 8.27930374e+01 8.19859619e+01 8.10249481e+01
    8.03522186e+01 8.57628326e+01 8.25924606e+01 8.41141510e+01
    8.54172134e+01 8.84369202e+01 8.69712296e+01 8.95259705e+01
    8.90677185e+01 8.90020828e+01 8.71145248e+01 9.21970444e+01
    9.11285324e+01 9.06959839e+01 9.29025726e+01 9.34733276e+01
    9.01999283e+01 9.06779861e+01 9.35466995e+01 9.33819885e+01
    9.28057327e+01 9.50057907e+01 9.18943405e+01 9.21209869e+01
    9.43977280e+01 9.25894241e+01 9.05727692e+01 8.67787476e+01
    8.84558105e+01 8.70568237e+01 9.02166672e+01 8.94925842e+01
    8.78527985e+01 8.73773956e+01 8.96623840e+01 8.99253769e+01
    8.96949692e+01 9.03270645e+01 9.46698761e+01 8.88381958e+01
    8.98575745e+01 8.95732574e+01 9.10856247e+01 9.00850449e+01
    8.84797363e+01 9.31502304e+01 9.07122879e+01 9.31789398e+01
    8.95542450e+01 8.69258041e+01 8.65259476e+01 8.58935394e+01
    8.56682663e+01 8.26034546e+01 8.32140961e+01 8.46323318e+01
    8.41298828e+01 8.38185577e+01 8.18646774e+01 8.13643341e+01
    7.83411636e+01 8.30009003e+01 7.96243057e+01 8.01597748e+01
    7.98416443e+01 8.00561676e+01 8.17142029e+01 8.47174072e+01
    8.29115372e+01 8.47673645e+01 8.55159531e+01 8.55268402e+01
    8.73752594e+01 8.36821899e+01 8.57678452e+01 8.39731827e+01
    8.63225174e+01 8.48989944e+01 8.79895630e+01 8.69447708e+01
    8.52644043e+01 9.06230927e+01 8.79096527e+01 8.76684341e+01
    8.78668213e+01 8.95272675e+01 8.90520325e+01 8.96792145e+01
    8.70500946e+01 8.43720779e+01 8.85599518e+01 8.56308365e+01
    8.92414703e+01 8.88163147e+01 9.22584915e+01 9.14630432e+01
    9.28718491e+01 9.21235886e+01 9.00117569e+01 9.36954041e+01
    9.34170532e+01 9.23340836e+01 9.13021774e+01 9.06856003e+01
    9.14846497e+01 9.16171265e+01 9.32839050e+01 9.24221954e+01
    9.65549164e+01 9.39200745e+01 9.61521683e+01 9.36065826e+01
    9.43754501e+01 9.20699539e+01 9.02441406e+01 9.14893265e+01
    9.09706268e+01 8.71001434e+01 8.73366013e+01 9.04662323e+01
    8.96484680e+01 9.31125717e+01 9.05875244e+01 9.12437515e+01
    9.13232727e+01 9.18945541e+01 0. 8.72758560e+01 8.77802048e+01
    9.05712280e+01 9.05366592e+01 9.02123413e+01 8.74739151e+01
    9.05886459e+01 8.67943344e+01 8.92854996e+01 8.79860458e+01
    9.06456528e+01 8.81342926e+01 8.94628906e+01 9.04748077e+01
    8.89710388e+01 8.85301437e+01 8.69295044e+01 8.63071899e+01
    8.60247879e+01 8.50327530e+01 8.74563675e+01 8.83407593e+01
    8.74079590e+01 8.71045761e+01 8.75984039e+01 8.85634079e+01
    9.06386795e+01 8.47655029e+01 8.72728043e+01 8.75226822e+01
    8.88674927e+01 9.01302948e+01 8.48089066e+01 8.42046814e+01
    9.12618408e+01 8.97386627e+01 9.07083664e+01 9.06020889e+01
    9.20081329e+01 9.03099747e+01 9.26953964e+01 8.79501343e+01
    9.22418823e+01 9.13961182e+01 8.96137466e+01 9.07983856e+01
    9.41785736e+01 9.12894135e+01 9.45958939e+01 9.09471436e+01
    9.44546204e+01 9.22114716e+01 9.41329880e+01 9.36867981e+01
    9.63058395e+01 9.37749405e+01 9.10171661e+01 9.18899231e+01
    9.25293274e+01 8.92832108e+01 9.01347275e+01 9.49349670e+01
    9.33238297e+01 9.34787064e+01 9.19102631e+01 9.40149918e+01
    9.06535263e+01 8.88943100e+01 9.18031235e+01 9.17004395e+01
    9.43735428e+01 8.94459305e+01 9.36414261e+01 9.27889252e+01
    9.25750961e+01 9.22612686e+01 9.29970551e+01 9.26791992e+01
    8.81940689e+01 9.40082016e+01 9.23819962e+01 8.93051987e+01
    9.02324753e+01 9.02980499e+01 8.48693237e+01 8.75571747e+01
    8.82080612e+01 8.58452301e+01 8.76167679e+01 8.56035385e+01
    8.53805161e+01 8.43472672e+01 8.23852463e+01 8.01973495e+01
    8.14310913e+01 8.34930496e+01 7.99011841e+01 7.93384857e+01
    7.84819565e+01 7.65789871e+01 8.09007492e+01 8.47976685e+01
    8.43408279e+01 8.34123993e+01 8.29558411e+01 8.13190765e+01
    8.05409851e+01 8.19321060e+01 8.17149734e+01 8.33659897e+01
    8.29069748e+01 8.34120102e+01 8.30958099e+01 8.52409592e+01
    8.70253754e+01 8.67076187e+01 8.79379501e+01 8.93833237e+01
    8.62109299e+01 8.77922058e+01 9.06828384e+01 8.71899643e+01
    9.04735794e+01 9.17164154e+01 9.38981857e+01 9.48187332e+01
    9.66805725e+01 9.32636490e+01 9.44355392e+01 9.44909744e+01
    9.28841324e+01 9.33434753e+01 9.24460678e+01 9.54269180e+01
    9.24130554e+01 9.42656555e+01 8.97312164e+01 9.09197922e+01
    8.89835281e+01 9.04911118e+01 8.70316467e+01 9.22777252e+01
    8.80082092e+01 9.05262451e+01 8.82924728e+01 9.01763611e+01
    9.09213791e+01 8.99666290e+01 9.13264618e+01 8.89467850e+01
    9.13506699e+01 9.11153183e+01 8.94189911e+01 8.77381516e+01
    9.12628784e+01 8.96255646e+01 8.86990280e+01 8.92978821e+01
    8.82736588e+01 8.79472733e+01 8.58585663e+01 8.67741623e+01
    8.39211121e+01 8.41943741e+01 8.30213852e+01 8.28663101e+01
    8.37079620e+01 7.94851456e+01 8.38579483e+01 8.39573975e+01
    8.42583084e+01 7.99817276e+01 8.10053177e+01 8.27326202e+01
    7.95643921e+01 8.03538666e+01 7.91535187e+01 8.26248932e+01
    8.26301346e+01 8.29721451e+01 8.37135849e+01 8.77908554e+01
    8.71634827e+01 8.60470581e+01 8.98305435e+01 8.76396713e+01
    8.55670929e+01 8.62967300e+01 8.63930893e+01 8.74183426e+01
    8.65908203e+01 8.98892593e+01 8.80950317e+01 8.87661591e+01
    8.91065445e+01 8.94162827e+01 8.83881607e+01 8.89727325e+01
    8.84109497e+01 8.75765228e+01 8.74682617e+01 9.07301254e+01
    8.58887329e+01 8.91050110e+01 9.20167389e+01 9.34664917e+01
    8.73689804e+01 9.11717606e+01 9.16166840e+01 9.28279190e+01
    9.30615997e+01 9.01240082e+01 9.02153091e+01 9.11219101e+01
    9.36772385e+01 9.09821777e+01 9.49862747e+01 9.15697861e+01
    8.77015305e+01 9.38515015e+01 9.27520218e+01 9.27283249e+01
    9.30592346e+01 9.42128983e+01 9.33384171e+01 9.39062881e+01
    9.05652771e+01 9.07390671e+01 9.34883575e+01 8.88282471e+01
    9.47252960e+01 9.04590912e+01 8.73938599e+01 8.90158234e+01
    9.10597382e+01 8.84366226e+01 8.99739914e+01 0. 8.71233597e+01
    8.94152222e+01 8.69662857e+01 8.88517227e+01 8.48235474e+01
    8.99652710e+01 8.77915955e+01 8.77623825e+01 8.91107101e+01
    8.91155319e+01 8.84844666e+01 8.98123474e+01 8.85789108e+01
    8.99715500e+01 8.96482162e+01 8.57987137e+01 8.60041275e+01
    8.59862747e+01 8.50142822e+01 8.65486832e+01 8.69231415e+01
    8.84715347e+01 8.96578140e+01 8.82281723e+01 8.84903336e+01
    8.95480881e+01 9.12809830e+01 8.75829544e+01 9.07277985e+01
    8.75324707e+01 8.62711487e+01 8.87406998e+01 8.62636490e+01
    8.69602509e+01 9.00288162e+01 8.96459045e+01 9.16596375e+01
    9.39161148e+01 9.20283661e+01 9.27093124e+01 9.33715363e+01
    9.22414474e+01 9.31127625e+01 9.37543640e+01 9.32079010e+01
    9.51294174e+01 9.32539215e+01 9.59550476e+01 9.46410141e+01
    9.01175766e+01 9.28861542e+01 9.59580917e+01 9.81169510e+01
    9.57726288e+01 9.46951828e+01 9.47817383e+01 9.30054016e+01
    9.14753571e+01 9.23218918e+01 9.26919174e+01 9.25716858e+01
    9.24694977e+01 9.40212021e+01 9.48401489e+01 9.24253540e+01
    9.02001953e+01 9.37126389e+01 9.05952148e+01 9.36907043e+01
    9.16429214e+01 8.93911896e+01 9.01734390e+01 9.22568283e+01
    9.12284698e+01 9.45322113e+01 9.62640381e+01 9.19092026e+01
    9.46883621e+01 9.31290817e+01 9.24581375e+01 9.30033188e+01
    9.23521576e+01 9.02093353e+01 8.85349197e+01 8.45789185e+01
    8.79167404e+01 8.75550537e+01 8.47519836e+01 8.49701920e+01
    8.39067993e+01 8.18965378e+01 8.15967255e+01 8.21575470e+01
    7.99496307e+01 8.05495377e+01 8.04310455e+01 7.92189713e+01
    7.78904114e+01 8.02243652e+01 8.07069778e+01 7.85959244e+01
    8.36450043e+01 8.52370911e+01 8.30699387e+01 8.38004532e+01
    8.13339157e+01 8.03166809e+01 8.33451157e+01 8.37660141e+01
    8.33530807e+01 8.18875504e+01 8.38357010e+01 8.62331924e+01
    8.81200104e+01 8.77405701e+01 9.09377213e+01 8.91623001e+01
    8.94963608e+01 9.19312134e+01 9.25824203e+01 8.91805344e+01
    8.89396362e+01 9.27094116e+01 9.33905334e+01 9.21376114e+01
    9.25013962e+01 9.11619339e+01 9.29732819e+01 9.47473068e+01
    9.35925369e+01 9.52847061e+01 9.17967834e+01 9.53150711e+01
    9.30435257e+01 9.65158157e+01 9.20057907e+01 9.28759689e+01
    9.19011002e+01 8.89530258e+01 8.96264343e+01 8.91782684e+01
    9.07985840e+01 9.05776291e+01 8.77169952e+01 8.76899185e+01
    9.00221558e+01 9.06865234e+01 8.73794022e+01 8.91721497e+01
    8.92936020e+01 8.99219131e+01 9.14457779e+01 8.86245880e+01
    8.89543839e+01 9.03432770e+01 9.15446701e+01 8.81959610e+01
    8.67169876e+01 9.14644623e+01 8.63974075e+01 8.54030991e+01
    8.49163284e+01 8.48432159e+01 8.35183792e+01 8.67417297e+01
    8.04902725e+01 8.47489471e+01 8.30174637e+01 8.36434250e+01
    8.59829788e+01 8.08386383e+01 8.35919037e+01 8.24087601e+01
    8.16962128e+01 7.75411682e+01 8.23311234e+01 8.19186630e+01
    8.25729980e+01 8.46228638e+01 8.34389420e+01 8.49917221e+01
    8.76444321e+01 8.79551392e+01 8.67122803e+01 8.75894547e+01
    8.29543304e+01 8.59511261e+01 8.67215958e+01 8.92899399e+01
    8.97589417e+01 8.65892334e+01 8.83665085e+01 8.88440781e+01
    8.99993362e+01 9.19274673e+01 8.93597412e+01 8.77581711e+01
    8.92457581e+01 9.12806244e+01 8.99337997e+01 8.45467758e+01
    8.81649780e+01 8.35524979e+01 8.88346863e+01 8.94391556e+01
    9.12190247e+01 9.44355621e+01 9.06066589e+01 9.11551361e+01
    9.30368576e+01 9.30066757e+01 9.13089600e+01 8.86243210e+01
    9.32868347e+01 9.25055237e+01 8.88068542e+01 9.05481949e+01
    8.86984940e+01 8.95563049e+01 9.29051208e+01 9.28115234e+01
    9.44106293e+01 9.51473007e+01 9.11830063e+01 9.01549683e+01
    9.00033722e+01 9.10909805e+01 9.03171692e+01 9.10043259e+01
    8.86813126e+01 8.84060059e+01 9.20539246e+01 8.92858734e+01
    9.21622009e+01 9.08181000e+01 9.39105606e+01 9.21123581e+01 0.
    8.75244370e+01 8.59964828e+01 8.37790375e+01 8.70898895e+01
    8.96317520e+01 8.96529694e+01 8.61826706e+01 8.71256332e+01
    8.93690567e+01 8.94262390e+01 8.79827805e+01 8.77809601e+01
    8.90048752e+01 8.66772003e+01 8.80244064e+01 8.44405365e+01
    8.66276703e+01 8.21828995e+01 8.85647812e+01 8.53016434e+01
    8.70199814e+01 8.77080841e+01 8.88962250e+01 9.15453568e+01
    8.82986145e+01 9.08550339e+01 8.91021194e+01 9.26325531e+01
    9.14993057e+01 8.98846054e+01 9.02317657e+01 9.07568130e+01
    9.11291046e+01 8.99104233e+01 9.20517273e+01 9.47005234e+01
    9.26936188e+01 9.43073196e+01 9.51809692e+01 9.21566467e+01
    9.35515289e+01 9.48108749e+01 9.54706497e+01 9.34577332e+01
    9.53647385e+01 9.30923462e+01 9.40581970e+01 9.43044052e+01
    9.74548111e+01 9.62532272e+01 9.47943344e+01 9.61121750e+01
    9.62857361e+01 9.42554550e+01 9.20888443e+01 9.53883820e+01
    9.11489563e+01 9.19784698e+01 9.06077805e+01 9.17952271e+01
    9.13335190e+01 9.19862823e+01 9.34250641e+01 8.81476440e+01
    9.07784500e+01 9.37093811e+01 9.17025681e+01 8.98627090e+01
    8.90131073e+01 9.47404251e+01 8.99668884e+01 8.93877182e+01
    9.21809845e+01 9.20689621e+01 9.38058319e+01 9.39659042e+01
    9.51362991e+01 9.38492661e+01 9.28421021e+01 9.65910721e+01
    9.46633759e+01 9.31314774e+01 8.84378128e+01 9.10166855e+01
    8.64391251e+01 8.68920288e+01 8.85770798e+01 8.79612961e+01
    8.64475861e+01 8.67033310e+01 8.47906036e+01 8.60980835e+01
    8.30051651e+01 8.38805695e+01 8.20546951e+01 7.98951874e+01
    8.05321198e+01 7.43638763e+01 7.76839066e+01 7.47523270e+01
    8.09672699e+01 8.24643555e+01 8.38489151e+01 8.62086868e+01
    8.13605270e+01 8.38721008e+01 8.31323547e+01 8.34092789e+01
    8.42902985e+01 8.58216171e+01 8.70281677e+01 8.19303131e+01
    8.62435532e+01 8.70664139e+01 8.65755463e+01 8.79098129e+01
    8.91521530e+01 8.75488281e+01 9.23586578e+01 9.43210144e+01
    9.16473694e+01 9.17924271e+01 9.42753754e+01 9.60792313e+01
    9.53946381e+01 9.56518478e+01 9.42748413e+01 9.45147171e+01
    9.44901505e+01 9.60447388e+01 9.63434830e+01 9.80559387e+01
    9.51920776e+01 9.64925537e+01 9.81395493e+01 9.25565948e+01
    9.80561295e+01 9.24791260e+01 9.48166122e+01 9.36252747e+01
    9.50309219e+01 9.00219803e+01 9.11941528e+01 8.99222183e+01
    8.79704208e+01 8.55009384e+01 8.83472900e+01 8.80266266e+01
    8.95202408e+01 8.90562363e+01 8.91953125e+01 8.88618393e+01
    9.06104431e+01 8.92864304e+01 8.88538666e+01 8.99498062e+01
    8.66348648e+01 8.60154877e+01 8.58264465e+01 8.60409622e+01
    8.43945999e+01 8.05980988e+01 8.46004333e+01 8.50038986e+01
    8.33599777e+01 8.44046097e+01 8.30102844e+01 8.22671814e+01
    8.74152985e+01 8.61791534e+01 8.51410828e+01 8.19673004e+01
    8.20903168e+01 7.96576538e+01 8.10688858e+01 8.33898773e+01
    8.48191605e+01 8.30352249e+01 8.47373199e+01 8.49864349e+01
    8.30874100e+01 8.71690521e+01 8.66930618e+01 8.54614792e+01
    8.49408569e+01 8.67474747e+01 8.64643478e+01 8.63167725e+01
    8.78997269e+01 8.58251495e+01 8.93817520e+01 8.97431793e+01
    8.68451309e+01 8.77856674e+01 8.99973450e+01 8.81885910e+01
    8.60471649e+01 8.85808411e+01 8.90582733e+01 8.93837662e+01
    8.75958862e+01 8.87751770e+01 8.74843369e+01 8.95996475e+01
    8.96103363e+01 9.17964249e+01 8.94537506e+01 9.26409912e+01
    9.12473679e+01 9.05372620e+01 9.24897003e+01 9.03720169e+01
    9.06831512e+01 9.24480591e+01 9.15905533e+01 9.12827988e+01
    9.32945175e+01 9.22085037e+01 9.16759567e+01 9.60396805e+01
    9.54084702e+01 9.23881378e+01 9.57365265e+01 9.34834137e+01
    9.20299301e+01 9.31072540e+01 9.01670837e+01 9.16735916e+01
    8.90136948e+01 9.11849823e+01 9.37150192e+01 9.45450211e+01
    8.94192657e+01 9.14058685e+01 9.37433395e+01 9.49272079e+01
    9.13395233e+01 0. 8.84947815e+01 8.74727936e+01 8.97098694e+01
    8.86987381e+01 8.94121628e+01 8.43754272e+01 8.63756027e+01
    8.72862396e+01 9.03921051e+01 8.79602127e+01 8.56003571e+01
    8.66337280e+01 8.84843979e+01 8.72799835e+01 8.72591476e+01
    8.74144821e+01 8.80610199e+01 8.53983917e+01 8.53068695e+01
    8.49749298e+01 8.53423843e+01 8.59491501e+01 9.00050964e+01
    8.70344696e+01 8.70788574e+01 8.76167221e+01 8.98255768e+01
    9.08450089e+01 9.03685379e+01 8.91782150e+01 8.83852997e+01
    9.29576492e+01 9.39203186e+01 9.20109100e+01 9.28425980e+01
    9.33403320e+01 9.56707840e+01 9.53966293e+01 9.27307434e+01
    9.06163177e+01 9.57733765e+01 9.33378220e+01 9.61082153e+01
    9.46592484e+01 9.56168289e+01 9.73413086e+01 9.54954987e+01
    9.60612259e+01 9.80807953e+01 9.55168076e+01 9.26981049e+01
    9.64456329e+01 9.96454697e+01 9.56088409e+01 9.62915955e+01
    9.43490448e+01 9.44923706e+01 9.13449249e+01 9.29226608e+01
    9.24490509e+01 9.15966873e+01 9.42827835e+01 9.34810333e+01
    9.49176407e+01 9.37703094e+01 9.35802155e+01 9.11312561e+01
    9.17041092e+01 9.05408630e+01 9.10687637e+01 9.04798050e+01
    9.17231903e+01 9.67270355e+01 9.29893875e+01 9.70688248e+01
    9.22558136e+01 9.51205139e+01 9.57089767e+01 9.46193085e+01
    9.82739868e+01 9.34711914e+01 9.32093811e+01 8.96851349e+01
    8.92169952e+01 8.93409500e+01 8.85384521e+01 9.00669632e+01
    8.54214859e+01 8.97354813e+01 8.72900162e+01 8.86942520e+01
    8.41719589e+01 8.78531570e+01 8.46284027e+01 8.60793839e+01
    8.11030273e+01 8.08316040e+01 7.65363159e+01 7.76050339e+01
    7.90308914e+01 8.05582275e+01 8.43927994e+01 8.49397964e+01
    8.32522964e+01 8.43546295e+01 8.31268158e+01 8.32940369e+01
    8.75580139e+01 8.67639465e+01 8.63825989e+01 8.34669418e+01
    8.20734406e+01 8.39167023e+01 8.47576218e+01 8.26960068e+01
    8.86433182e+01 8.91068573e+01 9.08111572e+01 8.73510666e+01
    9.07826538e+01 8.79649734e+01 9.03291397e+01 9.16169357e+01
    9.30329742e+01 9.46779175e+01 9.17407837e+01 9.60533600e+01
    9.39199677e+01 9.65379791e+01 9.56340866e+01 9.60655136e+01
    9.51897125e+01 9.73660889e+01 9.52384796e+01 9.49889603e+01
    9.76302490e+01 9.47127457e+01 9.55408401e+01 9.77359467e+01
    9.39287338e+01 9.16162415e+01 9.23082886e+01 9.36637955e+01
    8.99802551e+01 8.78474960e+01 8.66162109e+01 8.67477036e+01
    8.89933701e+01 8.70831604e+01 8.84521179e+01 8.87528687e+01
    8.77391586e+01 9.21585464e+01 9.02825928e+01 9.01554947e+01
    8.97234421e+01 8.72205048e+01 8.79485092e+01 8.74332581e+01
    8.81866608e+01 8.50955811e+01 8.74242859e+01 8.41618195e+01
    8.38499146e+01 8.43860779e+01 8.55781937e+01 8.49496918e+01
    8.32249222e+01 8.57123032e+01 8.52606964e+01 8.48835144e+01
    8.53270950e+01 8.08694839e+01 8.53555145e+01 8.18053589e+01
    8.32811203e+01 8.45747375e+01 8.65710068e+01 8.35446091e+01
    8.62114258e+01 8.76209488e+01 8.77181091e+01 8.78644485e+01
    8.74104767e+01 8.80218201e+01 8.72438126e+01 8.53519974e+01
    8.57558441e+01 8.76138992e+01 8.87457733e+01 9.19935532e+01
    8.64708023e+01 9.17455978e+01 9.15157700e+01 8.94867630e+01
    8.78858643e+01 8.78645248e+01 8.89838867e+01 9.12177353e+01
    8.99436035e+01 8.67776260e+01 8.59360657e+01 8.61224747e+01
    8.54218216e+01 8.89232254e+01 9.10198975e+01 9.42226028e+01
    9.13389816e+01 8.95750351e+01 8.89914093e+01 8.95448685e+01
    8.67899323e+01 8.90700302e+01 8.98760681e+01 8.88379364e+01
    9.12715607e+01 9.11011047e+01 9.15336151e+01 8.96131363e+01
    9.06439056e+01 9.34502182e+01 9.21822205e+01 8.93207932e+01
    9.15418472e+01 8.87365417e+01 9.19328995e+01 9.05146332e+01
    9.03340302e+01 9.09017410e+01 9.23717499e+01 9.42494431e+01
    9.31992950e+01 9.51715622e+01 9.47841339e+01 9.48656006e+01
    9.45189972e+01 9.14063034e+01 0. 8.70439911e+01 8.44220886e+01
    8.64388351e+01 8.38542862e+01 8.68075867e+01 8.37059784e+01
    8.60444336e+01 8.58558960e+01 8.37825241e+01 8.69344101e+01
    8.58208084e+01 8.79582443e+01 8.50387192e+01 8.70398712e+01
    8.60967484e+01 8.67084045e+01 8.31691742e+01 8.46220932e+01
    8.66612015e+01 8.53640213e+01 9.01933212e+01 8.68149033e+01
    8.89055710e+01 8.79235306e+01 8.73986435e+01 8.79993744e+01
    9.21319885e+01 8.85514221e+01 9.06947327e+01 8.83018494e+01
    9.02545853e+01 9.38386002e+01 9.00230103e+01 8.88699188e+01
    9.24102631e+01 9.12064056e+01 9.41330795e+01 9.53724899e+01
    9.21501770e+01 9.66213837e+01 9.48194504e+01 9.50004959e+01
    9.54452591e+01 9.46110229e+01 9.41609497e+01 9.74174042e+01
    9.52449036e+01 9.42815781e+01 9.59249115e+01 9.71090622e+01
    9.68526001e+01 9.84146805e+01 9.69157486e+01 9.60029526e+01
    9.65311127e+01 9.61326828e+01 9.30181808e+01 9.23889618e+01
    9.51308670e+01 9.53674850e+01 9.42157211e+01 9.27253189e+01
    9.49801025e+01 9.37610626e+01 9.72412643e+01 9.37026520e+01
    9.15962982e+01 8.99662933e+01 9.51563187e+01 9.17744141e+01
    9.30553513e+01 9.10672989e+01 9.50909042e+01 9.68406754e+01
    9.27325897e+01 9.36744308e+01 9.43886261e+01 9.38117752e+01
    9.68358688e+01 9.40601044e+01 9.34890594e+01 9.03623886e+01
    9.32304230e+01 8.59542923e+01 8.63916321e+01 8.93452530e+01
    9.17136078e+01 8.88079147e+01 8.82799301e+01 8.64884186e+01
    8.33632584e+01 8.53909607e+01 8.39949799e+01 8.31570129e+01
    8.35168991e+01 7.94986420e+01 8.12599945e+01 7.79939499e+01
    7.61295242e+01 8.01729965e+01 8.17806854e+01 8.40674591e+01
    8.65725479e+01 8.57392731e+01 8.50236893e+01 8.25946045e+01
    8.36225510e+01 8.36214828e+01 8.63008499e+01 8.49114532e+01
    8.35495377e+01 8.58083878e+01 8.32013626e+01 8.75842438e+01
    8.87583847e+01 9.13987732e+01 8.80589142e+01 8.82081528e+01
    8.86026459e+01 8.96266861e+01 9.07360153e+01 8.98774948e+01
    8.99188614e+01 9.21072006e+01 9.50398483e+01 9.47220230e+01
    9.13224640e+01 9.32092667e+01 9.75036697e+01 9.55502853e+01
    9.59951706e+01 9.51936874e+01 9.57106781e+01 9.82099533e+01
    9.33779449e+01 9.70041962e+01 9.53795242e+01 9.55532761e+01
    9.12287064e+01 9.63902359e+01 9.31826096e+01 9.22654266e+01
    9.04751892e+01 8.96001205e+01 9.00267410e+01 8.88586273e+01
    9.00424423e+01 8.84235229e+01 8.94790802e+01 8.68031540e+01
    8.71062546e+01 8.78977432e+01 8.77265091e+01 8.87914429e+01
    8.88225327e+01 8.85147858e+01 8.66588821e+01 8.94335403e+01
    8.50112076e+01 8.86369095e+01 8.67657623e+01 8.27013626e+01
    8.42404633e+01 8.63767090e+01 8.48415833e+01 8.31848755e+01
    8.57681656e+01 8.50564346e+01 8.67957306e+01 8.79035110e+01
    8.39107361e+01 7.98535156e+01 8.17075500e+01 8.53867950e+01
    8.09695206e+01 8.37876053e+01 8.38094406e+01 8.65933075e+01
    8.77499084e+01 8.71912537e+01 8.56005554e+01 8.75281677e+01
    8.88840637e+01 8.62540359e+01 8.95190430e+01 9.07280884e+01
    8.71683502e+01 8.93168030e+01 9.09390335e+01 8.90697861e+01
    9.09606781e+01 8.79184952e+01 9.03860397e+01 9.33628311e+01
    8.80887299e+01 9.21264038e+01 8.88283768e+01 9.03197556e+01
    9.10042496e+01 8.86998138e+01 8.41436081e+01 8.41640701e+01
    8.24851303e+01 8.45586700e+01 8.46465225e+01 8.89793320e+01
    8.90392380e+01 8.80918961e+01 8.92817764e+01 8.69578018e+01
    8.81450729e+01 8.82762680e+01 8.61308060e+01 8.68950653e+01
    8.78962021e+01 8.85494537e+01 8.94673538e+01 8.60613403e+01
    8.72365341e+01 9.12027359e+01 9.07078629e+01 9.26375809e+01
    9.14460831e+01 9.02418823e+01 8.92787781e+01 8.88249817e+01
    8.97823257e+01 9.10045929e+01 8.87889404e+01 8.97827454e+01
    9.11665268e+01 9.48175812e+01 8.97080460e+01 9.57108307e+01
    9.39613953e+01 9.50643234e+01 8.99024811e+01 0. 8.85037079e+01
    8.50637665e+01 8.72269363e+01 8.61260834e+01 8.91124039e+01
    8.48626099e+01 8.76052933e+01 8.53255463e+01 8.69906006e+01
    8.68101883e+01 8.94821320e+01 8.34248886e+01 8.69299698e+01
    8.69506760e+01 8.69937744e+01 8.63390961e+01 8.37765121e+01
    8.33921280e+01 8.50264130e+01 8.58813858e+01 8.78170395e+01
    8.63165588e+01 8.91709747e+01 8.80564651e+01 8.77166443e+01
    8.65412445e+01 8.92888489e+01 8.61807480e+01 8.98231125e+01
    8.62927246e+01 8.92848816e+01 8.67443848e+01 9.10414963e+01
    8.85486832e+01 9.06967621e+01 8.98715134e+01 9.32841187e+01
    9.46288986e+01 9.43085251e+01 9.42244339e+01 9.37543793e+01
    9.57721024e+01 9.88176804e+01 9.71340637e+01 9.71967926e+01
    9.77784576e+01 9.68548737e+01 9.52284622e+01 9.77773819e+01
    1.00129898e+02 9.41601486e+01 9.69850693e+01 1.01953568e+02
    9.91764145e+01 9.54127579e+01 9.48007889e+01 9.39972763e+01
    9.45420609e+01 9.41814804e+01 9.50203476e+01 9.26925430e+01
    9.46772690e+01 9.28554001e+01 9.28424759e+01 9.19448853e+01
    9.00871735e+01 9.08088837e+01 9.24794693e+01 8.99965515e+01
    9.35756989e+01 9.26058960e+01 9.12922897e+01 9.36817322e+01
    9.62230835e+01 9.14863205e+01 9.43433914e+01 9.43015289e+01
    9.38549423e+01 9.42826462e+01 9.64965057e+01 9.34975204e+01
    9.01165161e+01 9.33635712e+01 8.92966995e+01 8.75255814e+01
    8.76112289e+01 8.82510300e+01 8.60654144e+01 8.61040649e+01
    8.70106125e+01 8.43727188e+01 8.40169220e+01 8.14578171e+01
    8.57414627e+01 8.22983780e+01 7.97749863e+01 7.78536987e+01
    7.81272278e+01 7.97392807e+01 7.97361374e+01 8.04072647e+01
    8.49337616e+01 8.37482071e+01 8.46020050e+01 8.43756332e+01
    8.09515305e+01 8.41392441e+01 8.31314545e+01 8.60820923e+01
    8.37117844e+01 8.50764999e+01 8.28960724e+01 8.49692688e+01
    8.71270142e+01 8.78631363e+01 8.95823669e+01 9.27020950e+01
    8.96491852e+01 8.96168442e+01 8.94132614e+01 9.06909332e+01
    9.22496490e+01 9.10550919e+01 9.18862991e+01 9.36852036e+01
    9.30330963e+01 9.36366196e+01 9.54924774e+01 9.44834061e+01
    9.60081329e+01 9.68972702e+01 9.44563217e+01 9.67634888e+01
    9.51901703e+01 9.46865082e+01 9.63149719e+01 9.76732941e+01
    9.50001984e+01 9.18886642e+01 9.34829025e+01 8.99510880e+01
    9.14292068e+01 9.06859055e+01 9.08263474e+01 8.82492065e+01
    8.91287384e+01 8.89486771e+01 8.64846268e+01 8.90151978e+01
    8.79273682e+01 8.62219772e+01 8.65167236e+01 8.65380402e+01
    8.87133408e+01 8.50830231e+01 8.59285049e+01 8.48320236e+01
    8.47532501e+01 8.45542221e+01 8.45484695e+01 9.03565903e+01
    8.54175873e+01 8.73297043e+01 8.61457214e+01 8.73989410e+01
    8.46411896e+01 8.74587402e+01 8.74001770e+01 8.55867004e+01
    8.58378372e+01 8.44270706e+01 8.44619598e+01 8.27058182e+01
    8.41958694e+01 8.34622116e+01 8.39370956e+01 8.42226791e+01
    8.61833649e+01 8.74266815e+01 8.55586929e+01 8.68934021e+01
    8.83109283e+01 8.96099319e+01 9.03294220e+01 8.75218887e+01
    9.06836777e+01 8.73692627e+01 8.87007828e+01 8.88013611e+01
    8.71594238e+01 8.82925110e+01 8.69793243e+01 8.79301224e+01
    8.70309296e+01 8.85080643e+01 8.79497070e+01 8.70763168e+01
    8.69706650e+01 8.81006775e+01 8.70761948e+01 8.31607437e+01
    8.20822067e+01 8.32900162e+01 8.20539627e+01 8.53549347e+01
    8.70882339e+01 8.59851227e+01 8.75537720e+01 8.54839325e+01
    8.53784866e+01 8.75113068e+01 8.42336884e+01 8.52823639e+01
    8.68740768e+01 8.60857849e+01 8.68885574e+01 8.71849976e+01
    8.66187668e+01 8.80029755e+01 9.06423187e+01 9.30061951e+01
    9.30168457e+01 8.91355820e+01 9.00207291e+01 8.99405060e+01
    9.12808990e+01 9.01888351e+01 8.88126526e+01 9.00699921e+01
    9.04505920e+01 9.42753906e+01 9.48497925e+01 9.43760376e+01
    9.59293365e+01 9.45805740e+01 9.73548126e+01 9.65353699e+01 0.
    8.99074631e+01 8.59320831e+01 8.52342224e+01 8.74092789e+01
    8.58860092e+01 8.78650742e+01 8.72437439e+01 8.56193695e+01
    9.05224686e+01 9.02803421e+01 8.95916901e+01 8.66727066e+01
    9.19563522e+01 8.80149384e+01 8.96770554e+01 8.57621307e+01
    8.46177368e+01 8.38502960e+01 8.55477142e+01 8.67025909e+01
    8.79337997e+01 8.80339279e+01 8.51571426e+01 8.88922348e+01
    8.80888519e+01 8.78985519e+01 8.82139511e+01 8.61236115e+01
    8.98302841e+01 8.83911819e+01 8.68348923e+01 8.74374924e+01
    8.89871521e+01 8.56401443e+01 9.05334625e+01 9.02619171e+01
    9.11329956e+01 9.47008743e+01 9.08252716e+01 9.48103409e+01
    9.53020554e+01 9.75469437e+01 9.74626694e+01 9.50893021e+01
    9.47258682e+01 9.63770981e+01 9.69029770e+01 9.93308487e+01
    9.90172806e+01 1.00778214e+02 9.82905884e+01 1.00838707e+02
    9.84709091e+01 9.97937546e+01 9.67187881e+01 9.50620422e+01
    9.27386246e+01 9.41473007e+01 9.67540207e+01 9.57698975e+01
    9.39341125e+01 9.38689575e+01 9.35987854e+01 9.49269791e+01
    9.22292175e+01 9.36375580e+01 9.08566895e+01 9.00883713e+01
    9.06083755e+01 9.49372177e+01 9.26960754e+01 9.16373444e+01
    9.62257156e+01 9.65758362e+01 9.68876495e+01 9.49598770e+01
    9.42257233e+01 9.32174835e+01 9.60000687e+01 9.21549225e+01
    9.65465469e+01 9.34096680e+01 9.00894318e+01 8.90976868e+01
    8.73998566e+01 8.79294357e+01 8.96903839e+01 8.99742355e+01
    8.68985062e+01 8.46378784e+01 8.61308441e+01 8.23742218e+01
    8.39500961e+01 8.15658340e+01 8.09334488e+01 7.99230270e+01
    7.77554321e+01 7.88981400e+01 7.72229843e+01 7.94442215e+01
    7.91145020e+01 8.70431595e+01 8.40214386e+01 8.49674530e+01
    8.33694763e+01 8.64336777e+01 8.61754684e+01 8.86786880e+01
    8.52680969e+01 8.76456757e+01 8.78443298e+01 8.34863586e+01
    8.92260818e+01 8.50742645e+01 8.94190903e+01 8.92929688e+01
    9.11519699e+01 8.90004425e+01 9.19575119e+01 9.02305069e+01
    9.02869568e+01 9.06835175e+01 8.94696198e+01 9.44197845e+01
    9.31728821e+01 9.65794220e+01 9.26896667e+01 9.10323639e+01
    9.68051147e+01 9.52267609e+01 9.45870819e+01 9.60017242e+01
    9.60708084e+01 9.69316635e+01 9.85875168e+01 9.50373001e+01
    9.60124435e+01 9.43265228e+01 9.26068039e+01 9.15145035e+01
    9.46837540e+01 8.93907852e+01 8.72820816e+01 9.12050858e+01
    8.57896500e+01 8.90019150e+01 8.56606979e+01 8.79553833e+01
    8.76269150e+01 8.99841766e+01 8.65264130e+01 8.81789551e+01
    9.07767563e+01 8.79163895e+01 8.91047592e+01 8.56449661e+01
    9.01981583e+01 8.94246063e+01 8.82974701e+01 8.51778717e+01
    8.89217834e+01 8.79372787e+01 8.74809647e+01 8.77580948e+01
    8.65835724e+01 8.75109940e+01 8.80466461e+01 8.38273849e+01
    8.56918945e+01 8.74003754e+01 8.22001495e+01 8.19742432e+01
    8.35113983e+01 8.52897644e+01 8.43700638e+01 8.69344101e+01
    8.75365372e+01 8.70862350e+01 8.75002975e+01 8.85011215e+01
    8.47878113e+01 8.62792511e+01 8.89404373e+01 9.19382858e+01
    8.85241165e+01 8.79549103e+01 8.98208923e+01 8.51432037e+01
    8.63901062e+01 8.61978683e+01 8.59933777e+01 8.60320053e+01
    8.85382309e+01 8.89453278e+01 8.60460281e+01 8.80356674e+01
    8.75400238e+01 8.27658463e+01 8.90308456e+01 8.42152100e+01
    8.17509079e+01 8.16827850e+01 8.35479202e+01 8.24544678e+01
    8.78619537e+01 8.63062744e+01 9.03303604e+01 9.13739929e+01
    8.62855453e+01 8.94465637e+01 8.63060684e+01 8.75955734e+01
    8.66509476e+01 8.59710007e+01 8.51247482e+01 8.50697403e+01
    8.49926376e+01 8.62790527e+01 8.74590988e+01 8.75600357e+01
    8.74316025e+01 8.86967163e+01 8.78821335e+01 9.01825027e+01
    9.11557159e+01 8.78225937e+01 8.79617691e+01 9.04460907e+01
    8.82320251e+01 9.13032684e+01 9.23126144e+01 9.19094391e+01
    9.17713089e+01 9.29679031e+01 9.64843369e+01 9.46682510e+01
    9.16316757e+01 0. 8.60159683e+01 8.74161606e+01 8.38843689e+01
    8.76908417e+01 8.43980560e+01 8.41141510e+01 8.75854034e+01
    8.25380173e+01 8.80543823e+01 8.77122650e+01 8.72331238e+01
    8.42201538e+01 8.95305405e+01 8.81503448e+01 8.73453674e+01
    8.62843475e+01 8.73258743e+01 8.58027496e+01 8.77063217e+01
    8.98643570e+01 8.69062653e+01 9.02264328e+01 9.10394592e+01
    9.23754654e+01 8.76572647e+01 8.92395935e+01 8.94522476e+01
    9.06900330e+01 9.11512527e+01 8.83037033e+01 8.65952148e+01
    9.29977188e+01 8.84834442e+01 9.04211426e+01 9.22434921e+01
    8.79332581e+01 9.42313385e+01 9.32021255e+01 9.86359787e+01
    9.43438187e+01 9.25736237e+01 9.67636032e+01 9.52637634e+01
    9.45378494e+01 9.16992035e+01 1.00325272e+02 9.53501968e+01
    9.55808868e+01 9.94972763e+01 9.75049057e+01 1.00858948e+02
    9.63345566e+01 9.88521118e+01 9.71288452e+01 9.47890930e+01
    9.33183212e+01 9.21406021e+01 9.37148361e+01 9.27326279e+01
    9.51399307e+01 9.29183884e+01 9.25593643e+01 9.27434158e+01
    9.55180435e+01 9.37466507e+01 9.15713882e+01 9.49252548e+01
    9.22455215e+01 9.51719360e+01 9.40576096e+01 9.23478775e+01
    8.98722916e+01 9.62138672e+01 9.38796539e+01 9.23995895e+01
    9.34002609e+01 9.37980042e+01 9.44741821e+01 9.71216965e+01
    9.07216721e+01 9.38477554e+01 9.48008804e+01 8.91990814e+01
    8.95102997e+01 9.00868835e+01 8.65336838e+01 8.79504929e+01
    8.83620682e+01 8.62075500e+01 8.45133743e+01 8.48342209e+01
    8.32284698e+01 8.14388885e+01 8.18879013e+01 7.85031128e+01
    7.85101089e+01 7.91284714e+01 7.89944000e+01 7.64547729e+01
    8.02527847e+01 8.11181717e+01 8.49032822e+01 8.32142487e+01
    8.27846146e+01 8.50190506e+01 8.71657333e+01 8.43967056e+01
    8.65821075e+01 8.64505920e+01 8.70308609e+01 8.53835602e+01
    8.63277054e+01 8.95374374e+01 8.44134064e+01 8.79394150e+01
    9.09168167e+01 8.97531204e+01 8.88439865e+01 8.97029419e+01
    8.76982651e+01 9.16532288e+01 9.25817032e+01 9.28649139e+01
    9.14444351e+01 9.56374741e+01 9.16302109e+01 9.40270996e+01
    9.30241013e+01 9.08631973e+01 9.74692535e+01 9.55387268e+01
    9.66410294e+01 9.46672134e+01 9.67157211e+01 9.37562866e+01
    9.67794724e+01 9.90077133e+01 9.45305710e+01 9.49232483e+01
    9.12453232e+01 9.27456589e+01 9.37622452e+01 9.21522141e+01
    8.97135544e+01 9.11384659e+01 8.92724762e+01 8.97212830e+01
    8.82978516e+01 8.61786880e+01 8.93660355e+01 9.13777695e+01
    8.52556381e+01 8.62036209e+01 9.14294662e+01 9.04918671e+01
    8.94662170e+01 8.58927078e+01 8.85391922e+01 8.45379486e+01
    8.75244598e+01 8.62313004e+01 8.72725601e+01 8.88243790e+01
    8.63225021e+01 8.71122665e+01 8.71577911e+01 8.67722244e+01
    8.39790497e+01 8.64405594e+01 8.38212662e+01 8.88162231e+01
    8.51645737e+01 8.52256546e+01 8.55639648e+01 8.70544434e+01
    8.68827286e+01 8.66109009e+01 8.96724777e+01 8.58393326e+01
    8.53613968e+01 8.47617264e+01 8.76547623e+01 8.66698608e+01
    8.59357376e+01 9.02951965e+01 8.42595444e+01 8.65231400e+01
    8.56585999e+01 8.53756485e+01 8.70917053e+01 8.85514755e+01
    8.95523834e+01 9.04096146e+01 9.03214874e+01 8.95447617e+01
    8.76913071e+01 8.98146362e+01 8.75508957e+01 8.96481018e+01
    8.68951645e+01 8.40306320e+01 8.32480240e+01 8.59527817e+01
    8.71179581e+01 8.99627686e+01 8.74145737e+01 8.78718033e+01
    9.34080505e+01 8.91700897e+01 8.65127487e+01 8.52634430e+01
    8.84618607e+01 8.66470032e+01 8.37486725e+01 8.55087967e+01
    8.55136719e+01 8.73422394e+01 8.67409973e+01 8.66950150e+01
    9.05512314e+01 8.68680038e+01 8.68717117e+01 8.73153076e+01
    8.54242706e+01 8.65949249e+01 8.51859512e+01 8.73646240e+01
    8.48171310e+01 8.93237000e+01 8.89663010e+01 9.20650177e+01
    9.28498154e+01 9.17049484e+01 9.42868958e+01 9.22029953e+01
    9.62086716e+01 9.43625412e+01 0. 8.72893829e+01 8.75355377e+01
    8.59421768e+01 8.51281128e+01 8.59501114e+01 8.31475906e+01
    8.60132446e+01 8.74132309e+01 8.82696609e+01 8.81780930e+01
    8.88133774e+01 8.69953613e+01 8.66241608e+01 8.63047714e+01
    8.89665375e+01 8.58240280e+01 8.79193115e+01 8.57174072e+01
    8.79614258e+01 8.80715561e+01 9.00137863e+01 8.50150604e+01
    8.80634384e+01 9.12404404e+01 8.97062607e+01 9.07125626e+01
    8.94410553e+01 9.00728226e+01 8.74984894e+01 8.93556519e+01
    8.73703461e+01 8.76732635e+01 8.93904648e+01 8.84177856e+01
    8.97606812e+01 9.23951721e+01 9.04210052e+01 9.43891602e+01
    9.60650940e+01 9.31730957e+01 9.62407913e+01 9.33663177e+01
    9.57629318e+01 9.42443924e+01 9.73055344e+01 9.99600449e+01
    9.93555145e+01 1.00187248e+02 1.00251862e+02 9.79404907e+01
    9.88896255e+01 9.97046127e+01 9.76023941e+01 9.48264008e+01
    9.69677582e+01 9.20973663e+01 9.38454132e+01 8.98424072e+01
    9.54335403e+01 9.23001709e+01 8.97477798e+01 9.11128845e+01
    9.19194260e+01 9.25414658e+01 9.04928894e+01 9.25138474e+01
    9.17232285e+01 8.95838318e+01 8.81555252e+01 9.51702347e+01
    9.29851303e+01 9.31566696e+01 9.48190231e+01 9.41182632e+01
    9.32705688e+01 9.45456238e+01 9.08846207e+01 9.30693436e+01
    9.51843185e+01 9.47510986e+01 9.35579529e+01 9.12134323e+01
    8.92451630e+01 8.73123703e+01 8.61842346e+01 8.70225601e+01
    9.06103745e+01 8.64244003e+01 8.47255020e+01 8.54513855e+01
    8.53020248e+01 8.59681320e+01 8.35428467e+01 8.05837708e+01
    8.07448959e+01 8.03225174e+01 7.96490250e+01 7.98600845e+01
    8.03269653e+01 8.10256348e+01 8.27126617e+01 8.79106674e+01
    8.51066895e+01 8.62050781e+01 8.41349182e+01 8.50487442e+01
    8.27747421e+01 8.76839142e+01 8.45191193e+01 8.70361023e+01
    8.58432007e+01 8.50768661e+01 8.63277130e+01 8.89351730e+01
    8.78069077e+01 9.02329330e+01 8.99160461e+01 9.27594910e+01
    9.18167038e+01 8.99166107e+01 9.26896286e+01 8.81577606e+01
    9.66564026e+01 9.17256546e+01 9.06007996e+01 9.36818695e+01
    9.27382584e+01 9.38831482e+01 9.13328934e+01 9.47838211e+01
    9.23819809e+01 9.36073380e+01 9.81685257e+01 9.64126511e+01
    9.94432678e+01 9.47647705e+01 9.56123657e+01 9.25380630e+01
    9.34416046e+01 9.30162735e+01 9.16684799e+01 9.21501846e+01
    9.23216095e+01 9.01341248e+01 9.22295380e+01 9.08792877e+01
    9.19039917e+01 8.89875107e+01 8.94325562e+01 9.25340500e+01
    8.72106094e+01 9.15356293e+01 8.54134598e+01 8.93545609e+01
    8.80715714e+01 8.60553513e+01 8.38254700e+01 8.49664154e+01
    8.54091263e+01 8.35721436e+01 8.51407166e+01 8.76455002e+01
    8.95675049e+01 8.66996841e+01 8.58398895e+01 8.84641876e+01
    8.73021545e+01 8.57920532e+01 8.56559296e+01 8.55223618e+01
    8.71906052e+01 8.52399521e+01 8.52158585e+01 8.20870285e+01
    8.42268143e+01 8.56263809e+01 8.64894867e+01 8.77519608e+01
    8.38232346e+01 8.70015030e+01 8.59616852e+01 8.65922394e+01
    8.67060547e+01 9.03663940e+01 8.83267746e+01 8.52163849e+01
    8.48813324e+01 8.33453598e+01 8.26583939e+01 8.71817322e+01
    8.76333694e+01 8.84981537e+01 9.25139923e+01 8.83632889e+01
    9.28791962e+01 8.79016800e+01 9.19172516e+01 8.86438293e+01
    8.99083939e+01 8.84952774e+01 8.80039444e+01 8.38682556e+01
    8.40552521e+01 8.19582672e+01 8.64207764e+01 8.82459183e+01
    8.72884064e+01 8.61781235e+01 8.78319473e+01 8.70715942e+01
    8.85323029e+01 8.33956833e+01 8.50339890e+01 8.64938812e+01
    8.30152664e+01 8.38365326e+01 8.86013336e+01 8.70688629e+01
    8.42268906e+01 8.43850403e+01 8.98790131e+01 8.37744293e+01
    8.57071762e+01 8.36377335e+01 8.56510925e+01 8.61449585e+01
    8.27462158e+01 8.90173187e+01 8.61177216e+01 8.80025253e+01
    9.19939728e+01 9.24651718e+01 9.27026901e+01 9.42315979e+01
    9.45262985e+01 9.06184082e+01 9.43622055e+01 0. 8.86403809e+01
    8.63666611e+01 8.68366776e+01 8.36221848e+01 8.55830307e+01
    8.54334564e+01 8.61468582e+01 8.93537521e+01 8.78788910e+01
    8.88609848e+01 8.84924011e+01 8.79335938e+01 8.66935883e+01
    8.64929428e+01 8.86894073e+01 8.47556686e+01 8.77130661e+01
    8.62822647e+01 8.59062576e+01 8.82141571e+01 8.71997681e+01
    8.77993546e+01 8.83981628e+01 8.80069199e+01 8.78454971e+01
    9.11460266e+01 8.78389816e+01 8.61472626e+01 8.82678375e+01
    8.79812775e+01 8.53814011e+01 8.95473328e+01 8.80309601e+01
    9.04270096e+01 8.95208511e+01 9.05228348e+01 9.04055710e+01
    9.47130585e+01 9.53427505e+01 9.66408844e+01 9.38292770e+01
    9.41916885e+01 9.56161957e+01 9.28362122e+01 9.51182861e+01
    9.37999496e+01 9.80740204e+01 9.55943985e+01 9.96787796e+01
    9.86988297e+01 1.01869804e+02 9.53704071e+01 9.70410995e+01
    9.80091019e+01 9.27038422e+01 9.45580978e+01 9.43589096e+01
    9.31581497e+01 9.11745758e+01 9.44974823e+01 9.01156235e+01
    9.08658447e+01 9.19745331e+01 9.18198471e+01 9.13596649e+01
    9.02141953e+01 8.94782867e+01 9.15715485e+01 8.95527496e+01
    9.38327942e+01 9.16372757e+01 9.39741821e+01 9.39586411e+01
    9.42524872e+01 9.39586029e+01 9.54400482e+01 9.45198059e+01
    9.28087158e+01 9.55070267e+01 9.33284836e+01 9.46290207e+01
    9.07119370e+01 9.20978012e+01 8.96240540e+01 8.82869034e+01
    8.79688950e+01 8.71042480e+01 8.68912659e+01 8.86022034e+01
    8.74467773e+01 8.25496140e+01 8.46184769e+01 8.50074463e+01
    8.31858521e+01 8.31739426e+01 8.00419998e+01 7.98959885e+01
    8.12229919e+01 7.99291611e+01 8.13392487e+01 8.33479538e+01
    8.77741699e+01 8.66607437e+01 8.60327988e+01 8.48335114e+01
    8.50581360e+01 8.56045914e+01 8.69885483e+01 8.69379578e+01
    8.74694672e+01 8.95433426e+01 8.76915894e+01 9.07388153e+01
    8.85905457e+01 9.09709396e+01 9.00694351e+01 9.07220917e+01
    9.11819077e+01 8.90323715e+01 9.02473068e+01 9.01974106e+01
    9.11642609e+01 9.11844406e+01 9.08137054e+01 9.19776230e+01
    9.37828751e+01 9.32471924e+01 9.07896271e+01 9.09760284e+01
    9.26179199e+01 9.42076950e+01 9.42201920e+01 9.27024689e+01
    9.44525604e+01 9.38447342e+01 9.66768188e+01 9.60459671e+01
    9.41308136e+01 9.16903610e+01 9.27052765e+01 9.40904541e+01
    9.06647644e+01 8.99945679e+01 9.15091553e+01 8.91827316e+01
    8.93647537e+01 9.03926392e+01 9.12957535e+01 9.13656998e+01
    8.66102829e+01 9.01640701e+01 8.63727798e+01 8.74478607e+01
    8.73929672e+01 8.87375031e+01 8.49848480e+01 8.57481003e+01
    8.79289398e+01 8.64287186e+01 8.60964813e+01 8.39403152e+01
    8.57442017e+01 8.74571915e+01 8.94202652e+01 8.76837921e+01
    8.63939667e+01 8.47869949e+01 8.74033508e+01 8.46049500e+01
    8.53147354e+01 8.56150665e+01 8.64543762e+01 8.15758209e+01
    8.36217804e+01 8.56376190e+01 8.72071152e+01 8.58754120e+01
    8.40846100e+01 8.55152664e+01 8.55062943e+01 8.57569427e+01
    8.51049652e+01 8.89181519e+01 8.83432999e+01 8.85588455e+01
    8.85685196e+01 8.59280319e+01 8.81224136e+01 9.00681839e+01
    8.98103485e+01 8.88101196e+01 8.92763062e+01 9.11561127e+01
    8.99767990e+01 8.73087845e+01 8.98623886e+01 9.21316452e+01
    8.81375046e+01 9.24846420e+01 8.85908813e+01 9.09298630e+01
    8.47577362e+01 8.73071823e+01 8.93952408e+01 8.69404449e+01
    8.49866028e+01 8.99567795e+01 8.69076385e+01 8.69015656e+01
    8.44285736e+01 8.37700500e+01 8.08339233e+01 8.22698669e+01
    8.30769119e+01 8.46077042e+01 8.31201477e+01 8.45903320e+01
    8.48488083e+01 8.33291702e+01 8.47115860e+01 8.36599960e+01
    8.44582596e+01 8.54977112e+01 8.32390518e+01 8.45604630e+01
    8.59600143e+01 8.35858765e+01 8.57283325e+01 8.64119949e+01
    8.64879456e+01 8.91182480e+01 8.77726898e+01 9.26956482e+01
    9.00215759e+01 9.08225098e+01 9.10510406e+01 9.14224625e+01 0.
    8.81135406e+01 8.86775513e+01 8.79198990e+01 8.92380905e+01
    8.85062485e+01 9.04085312e+01 8.67098923e+01 9.01823578e+01
    8.82305908e+01 8.80516815e+01 8.54086761e+01 8.65488510e+01
    8.73685684e+01 8.54139786e+01 8.51150208e+01 8.59539185e+01
    8.47544022e+01 8.46250992e+01 8.49614639e+01 8.56727295e+01
    8.61901550e+01 8.66917191e+01 8.72931137e+01 8.78893814e+01
    8.83858643e+01 8.84064255e+01 8.57399368e+01 8.48045197e+01
    8.65509796e+01 8.74197845e+01 8.76564789e+01 8.66868515e+01
    8.62091599e+01 9.10155869e+01 9.16105270e+01 9.12501450e+01
    9.26209030e+01 9.56855621e+01 9.30008163e+01 9.55780716e+01
    9.61330414e+01 9.55364075e+01 9.48161697e+01 9.75345688e+01
    9.60925293e+01 9.52148056e+01 9.74284821e+01 9.94503403e+01
    9.56401215e+01 9.41975784e+01 9.60076599e+01 9.49009552e+01
    9.45215683e+01 9.76253815e+01 9.60671616e+01 9.41016159e+01
    9.34820404e+01 8.85660172e+01 8.92186279e+01 9.30527649e+01
    9.10948944e+01 9.11071167e+01 9.23075485e+01 9.08969116e+01
    9.07565994e+01 8.96095886e+01 9.16550064e+01 8.91424942e+01
    9.12909317e+01 9.17911606e+01 9.32379379e+01 9.15477905e+01
    9.65668869e+01 9.47168884e+01 9.46537018e+01 9.54688339e+01
    9.50400620e+01 9.40114594e+01 9.29330063e+01 9.72389832e+01
    9.46124420e+01 9.33765640e+01 8.89212189e+01 9.33763428e+01
    8.86665573e+01 8.93877792e+01 8.95408478e+01 8.64063721e+01
    8.86474304e+01 8.61721802e+01 8.79187546e+01 8.37230225e+01
    8.60642242e+01 8.19591141e+01 8.32640152e+01 8.12462006e+01
    8.27374954e+01 8.29359436e+01 7.97948227e+01 8.05396423e+01
    8.43032837e+01 8.80265579e+01 8.79867630e+01 8.63693848e+01
    8.49707260e+01 8.64864120e+01 8.92198181e+01 8.70701218e+01
    8.95671844e+01 9.18052444e+01 9.08952179e+01 9.03094177e+01
    8.82609787e+01 8.94337463e+01 9.16084595e+01 9.20427246e+01
    8.74979401e+01 9.38318634e+01 8.98492203e+01 8.86209564e+01
    9.02811508e+01 9.11586227e+01 9.09990616e+01 9.31546173e+01
    9.17878036e+01 8.85379944e+01 9.13205795e+01 9.30279922e+01
    9.16064682e+01 8.95932999e+01 9.25037079e+01 9.26195068e+01
    9.38521423e+01 9.49694443e+01 9.17614365e+01 9.34907837e+01
    9.54355698e+01 9.31296768e+01 8.90714035e+01 9.32149429e+01
    9.26610718e+01 8.83415375e+01 9.16247864e+01 8.96678238e+01
    9.04166489e+01 8.99006729e+01 9.03410263e+01 8.75474777e+01
    8.96624451e+01 8.62327728e+01 9.08862076e+01 8.54891739e+01
    9.07079010e+01 8.58334732e+01 8.83436127e+01 8.76899109e+01
    8.31976624e+01 8.56393356e+01 8.48418121e+01 8.66566696e+01
    8.52991943e+01 8.64085999e+01 8.60781631e+01 8.69834518e+01
    8.64426346e+01 8.38759079e+01 8.58483505e+01 8.26801605e+01
    8.94473801e+01 8.50316238e+01 8.39253387e+01 8.25286484e+01
    8.30740509e+01 8.66962051e+01 8.19474106e+01 8.69072495e+01
    8.64085541e+01 8.66020355e+01 8.65097885e+01 8.76122360e+01
    8.51866531e+01 8.55378189e+01 9.00874481e+01 8.63457718e+01
    9.15222473e+01 8.69778137e+01 8.50867538e+01 8.81297150e+01
    8.94386978e+01 8.79116516e+01 8.98477325e+01 9.19303741e+01
    9.25074921e+01 9.13684464e+01 8.92017822e+01 8.72558365e+01
    8.90911484e+01 8.96381683e+01 8.79938049e+01 8.91271591e+01
    9.04550323e+01 8.86881790e+01 8.74489365e+01 8.54939575e+01
    9.04945679e+01 9.19946976e+01 8.89207611e+01 8.76108932e+01
    9.09396973e+01 8.56004639e+01 8.59985199e+01 8.33063889e+01
    8.31390686e+01 8.73264923e+01 8.45317459e+01 8.06473083e+01
    8.44798355e+01 8.58194809e+01 8.23064880e+01 8.30813904e+01
    8.22832108e+01 8.37561264e+01 8.28747101e+01 8.49594955e+01
    8.28954391e+01 8.49713287e+01 8.47091904e+01 8.47409286e+01
    8.44032135e+01 8.33764420e+01 9.02973862e+01 8.90939789e+01
    9.11554260e+01 9.24057159e+01 9.07314682e+01 9.17319412e+01
    9.28429871e+01 0. 8.99161072e+01 8.98369675e+01 9.32627869e+01
    9.01263809e+01 8.98003159e+01 8.97386017e+01 8.87782059e+01
    8.95034103e+01 8.79996872e+01 8.95736389e+01 8.66983566e+01
    9.01818161e+01 8.61961899e+01 8.85583649e+01 8.35273819e+01
    8.31622467e+01 8.30671692e+01 8.51545258e+01 8.52465973e+01
    8.64394913e+01 8.91914291e+01 8.79450378e+01 8.80690536e+01
    8.89206543e+01 8.83378601e+01 8.86601791e+01 8.92415543e+01
    8.78418961e+01 8.83761215e+01 8.87756424e+01 8.72563171e+01
    8.69759369e+01 8.90820389e+01 8.79124069e+01 9.46672897e+01
    9.48044891e+01 9.28385162e+01 9.20325775e+01 9.14636002e+01
    9.67987976e+01 9.63478317e+01 9.50647430e+01 9.59176483e+01
    9.74385681e+01 9.51395950e+01 9.67943954e+01 9.79997101e+01
    9.55695724e+01 1.00068352e+02 9.88658752e+01 9.63661423e+01
    9.63110580e+01 9.83821869e+01 9.64383469e+01 9.42369385e+01
    9.25333405e+01 9.18542633e+01 9.21371918e+01 9.18035660e+01
    9.15245972e+01 9.05576172e+01 9.08522644e+01 9.16280365e+01
    9.07325363e+01 9.05373383e+01 9.29506454e+01 9.37324677e+01
    9.42160416e+01 9.24549637e+01 9.33950119e+01 9.18990021e+01
    9.39429016e+01 9.12697754e+01 9.47742691e+01 9.28093567e+01
    9.46820526e+01 9.52177429e+01 9.30039825e+01 9.43789520e+01
    9.40745621e+01 9.45531387e+01 9.49757309e+01 9.36593399e+01
    9.34686050e+01 9.13363647e+01 8.88030014e+01 8.85337677e+01
    8.93905411e+01 8.82219696e+01 8.83190842e+01 8.71937332e+01
    8.81981201e+01 8.44701004e+01 8.94795761e+01 8.48061142e+01
    8.21448975e+01 8.42843170e+01 8.30560684e+01 8.34394836e+01
    8.59427261e+01 8.41685867e+01 8.68923340e+01 9.11490631e+01
    8.85226212e+01 8.92382431e+01 9.14300385e+01 9.11457291e+01
    9.09312668e+01 8.74119339e+01 9.16183777e+01 8.84945984e+01
    8.93380051e+01 8.84717941e+01 9.30087051e+01 8.99530182e+01
    9.15729218e+01 9.20523605e+01 8.74572678e+01 9.51939392e+01
    9.16431198e+01 9.11772461e+01 9.23240051e+01 8.68098602e+01
    9.09591293e+01 8.90943985e+01 8.98556976e+01 8.83876648e+01
    8.93241196e+01 9.07481689e+01 8.95139771e+01 9.11967926e+01
    9.36627731e+01 9.19500580e+01 9.17939224e+01 9.49481354e+01
    9.55540771e+01 9.58464584e+01 9.29703827e+01 9.37857895e+01
    9.18593597e+01 9.37748795e+01 9.35174713e+01 9.38439102e+01
    9.16402054e+01 9.30781403e+01 9.06809235e+01 9.04342270e+01
    9.47222366e+01 9.13629684e+01 9.02260666e+01 9.02802811e+01
    8.94002838e+01 8.91674042e+01 8.81849136e+01 8.66981430e+01
    8.60975189e+01 8.75570068e+01 8.74291077e+01 8.33974915e+01
    8.39708405e+01 8.61919098e+01 8.57577972e+01 8.87496414e+01
    8.95118561e+01 8.74442444e+01 8.54626770e+01 8.83062439e+01
    8.87180710e+01 8.82860107e+01 8.44951859e+01 8.26630402e+01
    8.40584717e+01 8.52397690e+01 8.79208298e+01 8.59160233e+01
    8.76871643e+01 8.73411636e+01 8.69255753e+01 8.63105545e+01
    8.50149689e+01 8.88219223e+01 8.80998459e+01 8.95062866e+01
    8.83184280e+01 8.80444641e+01 8.95708389e+01 8.93447189e+01
    8.86134186e+01 9.36685181e+01 9.44467392e+01 9.05351715e+01
    9.45157089e+01 9.57641678e+01 9.54104996e+01 9.30507889e+01
    9.11482086e+01 9.28198853e+01 9.22876053e+01 9.02664871e+01
    8.97875443e+01 8.71300430e+01 8.84574356e+01 8.65597992e+01
    9.01132202e+01 8.83423004e+01 8.68639374e+01 9.19917068e+01
    8.78696213e+01 8.45745239e+01 8.62863541e+01 8.73663483e+01
    8.35092392e+01 8.57250214e+01 8.17830276e+01 8.30504837e+01
    8.27188950e+01 8.16868591e+01 7.91863403e+01 8.30238419e+01
    8.08901672e+01 8.17362518e+01 8.20022354e+01 8.26551437e+01
    8.15227814e+01 8.28112717e+01 8.11311264e+01 7.85377960e+01
    8.08528671e+01 8.19913254e+01 8.44226913e+01 8.50715179e+01
    8.87867050e+01 9.18068314e+01 9.12402496e+01 9.23807373e+01
    9.21006699e+01 9.08581238e+01 0. 8.89776535e+01 9.01789246e+01
    8.79774628e+01 8.89364090e+01 8.91182251e+01 8.71380081e+01
    8.90699310e+01 8.64896851e+01 8.83828812e+01 8.77678604e+01
    8.58706284e+01 8.62590408e+01 8.69173889e+01 8.74244385e+01
    8.63019714e+01 8.57957535e+01 8.52137756e+01 8.65466232e+01
    8.44782639e+01 8.75158005e+01 8.59033661e+01 8.50908737e+01
    8.43298035e+01 8.58962708e+01 8.70862198e+01 8.52486877e+01
    8.84171066e+01 8.60716782e+01 8.91442795e+01 9.02968597e+01
    8.95385132e+01 8.85638657e+01 9.07323227e+01 9.47246628e+01
    9.59143982e+01 9.46652527e+01 9.25443192e+01 9.40577698e+01
    9.62470932e+01 9.73507156e+01 9.78650818e+01 9.55448532e+01
    9.93045502e+01 9.73675461e+01 9.46764145e+01 9.73719406e+01
    9.98338776e+01 9.78162384e+01 9.88906403e+01 9.79585876e+01
    9.93141708e+01 9.68504562e+01 9.78072968e+01 9.64791565e+01
    9.44836044e+01 9.28478546e+01 9.42163773e+01 9.44253540e+01
    9.06182480e+01 9.22337646e+01 9.30620651e+01 9.23655396e+01
    9.13951874e+01 9.21680679e+01 9.03620148e+01 9.09361115e+01
    8.82461777e+01 9.44616928e+01 9.05806503e+01 9.06508102e+01
    9.54803696e+01 9.31982651e+01 9.17939987e+01 9.34584579e+01
    9.55684128e+01 9.58429794e+01 9.37748718e+01 9.47941055e+01
    9.46688995e+01 9.38103409e+01 9.31803741e+01 9.31352463e+01
    9.32297745e+01 9.18149643e+01 9.24453125e+01 9.08107071e+01
    8.84346848e+01 9.26176682e+01 8.89736938e+01 8.86521759e+01
    8.99981155e+01 8.74904175e+01 8.71825104e+01 8.80306549e+01
    8.51381226e+01 8.53536072e+01 8.05783539e+01 8.39251022e+01
    8.50420456e+01 8.66674042e+01 8.63998489e+01 8.91165237e+01
    9.28064880e+01 9.29354095e+01 8.89883270e+01 9.29254608e+01
    9.21072006e+01 8.95502777e+01 9.25896530e+01 9.43737411e+01
    8.99716187e+01 8.88510818e+01 9.06290741e+01 9.03938828e+01
    9.14234543e+01 9.11015167e+01 8.98070908e+01 9.34357071e+01
    9.21718979e+01 9.29098892e+01 9.11127930e+01 9.23001404e+01
    9.20741425e+01 9.12555695e+01 9.16568832e+01 8.58572617e+01
    8.92895279e+01 8.57787476e+01 9.21849136e+01 9.18970337e+01
    9.32852859e+01 9.33376083e+01 9.45953064e+01 9.44030685e+01
    9.40829163e+01 9.03187180e+01 9.48654938e+01 9.44057159e+01
    9.38954239e+01 9.51210938e+01 9.28997421e+01 9.48194504e+01
    8.98604355e+01 9.62965393e+01 8.94901047e+01 9.25732727e+01
    9.28921432e+01 9.12047729e+01 8.84869156e+01 8.96115875e+01
    8.83817596e+01 8.91002960e+01 8.87145081e+01 8.79126053e+01
    9.02629852e+01 8.99883881e+01 8.84063110e+01 8.38722534e+01
    8.46678085e+01 8.51454849e+01 8.40231247e+01 8.99163361e+01
    8.83538055e+01 8.67550201e+01 8.87658768e+01 9.11449890e+01
    8.63804092e+01 8.72892075e+01 8.94596710e+01 8.80454636e+01
    8.37504501e+01 8.94814148e+01 8.62876282e+01 8.66365356e+01
    8.60228500e+01 8.50222092e+01 8.98950424e+01 8.85225143e+01
    8.59482422e+01 8.82475510e+01 8.84751358e+01 8.64749298e+01
    8.86015625e+01 8.91620331e+01 8.71658630e+01 8.75879669e+01
    8.79990158e+01 8.91326675e+01 9.12536011e+01 9.07630692e+01
    9.50318146e+01 9.22800522e+01 9.48620071e+01 9.77751999e+01
    9.43712616e+01 9.17669220e+01 9.41741714e+01 9.29320679e+01
    9.19154892e+01 9.13151550e+01 8.86903687e+01 9.01800079e+01
    8.58737030e+01 8.86574554e+01 9.00732498e+01 9.01664429e+01
    8.82238007e+01 8.44586639e+01 8.73935928e+01 8.60701904e+01
    8.70021744e+01 8.15638275e+01 8.31881027e+01 7.98891830e+01
    8.42647095e+01 8.10286636e+01 8.23734131e+01 8.38953094e+01
    8.23136444e+01 8.48349686e+01 8.19476852e+01 8.30520782e+01
    8.07404556e+01 8.57434082e+01 8.31331711e+01 8.13622894e+01
    8.32588196e+01 8.36849976e+01 8.48308334e+01 8.27824631e+01
    9.07152634e+01 8.89015198e+01 8.68503952e+01 9.34860458e+01
    8.90361633e+01 9.41920624e+01 9.40255508e+01 0. 9.03671341e+01
    9.25832138e+01 9.23118286e+01 8.89947586e+01 9.01237030e+01
    8.69256744e+01 8.66874161e+01 9.04017181e+01 8.79726181e+01
    8.85576248e+01 8.48701401e+01 8.65171661e+01 8.89189453e+01
    8.95488281e+01 8.44574203e+01 8.54008408e+01 8.31543808e+01
    8.53433075e+01 8.46999054e+01 8.51099243e+01 8.61613235e+01
    8.58459778e+01 8.43461075e+01 8.61942596e+01 8.52447739e+01
    8.48973160e+01 8.82633514e+01 8.55136719e+01 9.04352417e+01
    8.85164795e+01 8.89123688e+01 8.88522491e+01 9.33607101e+01
    9.38312149e+01 9.25220413e+01 9.52762985e+01 9.20264130e+01
    9.52249680e+01 9.77633438e+01 9.74929199e+01 9.48510818e+01
    9.42907333e+01 9.96424179e+01 9.89333267e+01 9.57340088e+01
    9.93119354e+01 9.91672440e+01 9.74875870e+01 9.80148163e+01
    1.00703835e+02 9.72228851e+01 9.93038635e+01 9.65789490e+01
    9.76676407e+01 9.62543106e+01 9.49376907e+01 9.18306808e+01
    9.58938293e+01 9.32252274e+01 9.06277618e+01 9.09051819e+01
    9.45518036e+01 9.49177170e+01 8.93840714e+01 8.99488220e+01
    8.96599808e+01 9.35543289e+01 9.32217789e+01 9.18047485e+01
    9.03914108e+01 9.35958176e+01 9.26939316e+01 9.37342300e+01
    9.25836487e+01 9.57025299e+01 9.54633179e+01 9.73235168e+01
    9.44626541e+01 9.21925583e+01 9.47244110e+01 9.38446808e+01
    9.35051651e+01 9.05227966e+01 9.29240570e+01 8.70048523e+01
    9.02479782e+01 9.06817093e+01 9.25264282e+01 8.89594421e+01
    8.81503372e+01 9.27985840e+01 8.78025742e+01 8.76810913e+01
    8.95508575e+01 8.69293365e+01 8.47814331e+01 8.49758224e+01
    8.53495636e+01 8.67376633e+01 8.72945862e+01 8.80546570e+01
    8.97740707e+01 9.08376389e+01 9.16554794e+01 9.19844360e+01
    9.20919037e+01 9.38479614e+01 9.66833496e+01 9.15456543e+01
    9.22386932e+01 9.26496506e+01 9.02195740e+01 8.86267395e+01
    9.19315414e+01 8.83312912e+01 9.19498749e+01 9.02923965e+01
    9.23591003e+01 9.09305878e+01 9.28894119e+01 9.09534073e+01
    9.18403702e+01 9.16606674e+01 9.18739395e+01 9.05890427e+01
    8.74443283e+01 8.81954422e+01 8.61485138e+01 9.02562256e+01
    8.95624008e+01 9.37028885e+01 9.24929123e+01 9.34381027e+01
    9.25752869e+01 9.38883896e+01 9.31794281e+01 8.96944580e+01
    9.10994034e+01 9.15415344e+01 9.31077957e+01 9.26329803e+01
    9.31311340e+01 9.05797195e+01 9.34759293e+01 9.11370926e+01
    8.91594543e+01 8.75540771e+01 9.05269623e+01 9.24191742e+01
    8.95845871e+01 9.16847382e+01 8.99734421e+01 9.15832825e+01
    9.03760071e+01 9.10523071e+01 9.20041504e+01 9.00481644e+01
    8.90204315e+01 8.69275513e+01 8.80611267e+01 8.88661346e+01
    8.82912445e+01 8.60421906e+01 8.56600647e+01 9.02617950e+01
    8.72601471e+01 8.92431946e+01 8.84361420e+01 8.73321381e+01
    8.83400726e+01 8.88190842e+01 8.79729691e+01 8.71225433e+01
    8.69832077e+01 8.75232925e+01 8.75589523e+01 8.78702087e+01
    8.96172028e+01 8.84773636e+01 9.06043396e+01 8.58952103e+01
    9.12892914e+01 8.79684906e+01 9.14025345e+01 9.03553009e+01
    8.72919540e+01 8.99437866e+01 9.02641525e+01 9.00920792e+01
    9.37508621e+01 9.31894531e+01 9.26163635e+01 9.52222214e+01
    9.65953293e+01 9.06827469e+01 9.08110580e+01 9.22983170e+01
    9.29738617e+01 8.89920425e+01 9.08967209e+01 8.74216690e+01
    8.77976761e+01 9.21047974e+01 8.82514648e+01 8.68831406e+01
    8.83895874e+01 8.88426208e+01 8.94278946e+01 8.88099823e+01
    8.71444550e+01 8.84491196e+01 8.60443954e+01 8.46410294e+01
    8.07009048e+01 8.32591553e+01 8.16130600e+01 8.15439606e+01
    8.17056198e+01 8.17678452e+01 8.36967316e+01 8.42047882e+01
    8.45720367e+01 8.37665405e+01 8.35507812e+01 8.60115738e+01
    8.13383179e+01 7.91524963e+01 8.49764938e+01 8.44890289e+01
    8.78296585e+01 8.69571304e+01 8.76102142e+01 8.88947525e+01
    9.14092712e+01 9.17870636e+01 9.08325119e+01 9.34110336e+01 0.
    8.90926285e+01 9.25067520e+01 9.08566818e+01 8.94005280e+01
    8.85640411e+01 8.49250031e+01 8.62453384e+01 8.89035645e+01
    8.69593506e+01 8.63463135e+01 8.42162170e+01 8.31606445e+01
    8.59773331e+01 8.34661942e+01 8.30446167e+01 8.12039337e+01
    8.13732300e+01 8.38211136e+01 8.60859070e+01 8.36044312e+01
    8.54001236e+01 8.59308090e+01 8.55106125e+01 8.86614990e+01
    8.63781586e+01 8.59780197e+01 8.91454163e+01 8.88257675e+01
    8.63307953e+01 9.00308685e+01 8.60368652e+01 8.80038452e+01
    9.06350021e+01 9.38606796e+01 9.37739182e+01 9.51300049e+01
    9.60739975e+01 9.55333252e+01 9.54642487e+01 9.46180801e+01
    9.80525131e+01 9.86966019e+01 9.82490616e+01 9.78143082e+01
    9.57685089e+01 9.50089798e+01 9.77396774e+01 9.78205185e+01
    9.86484146e+01 9.91935272e+01 1.00546646e+02 9.80773773e+01
    9.59863358e+01 9.57856293e+01 9.60043488e+01 9.46526413e+01
    9.36294861e+01 9.65542984e+01 9.26724014e+01 9.14468536e+01
    9.20996475e+01 9.11467667e+01 9.18087616e+01 9.32173920e+01
    9.16495667e+01 9.13688889e+01 9.16872864e+01 9.14135208e+01
    9.25273743e+01 9.21964951e+01 9.41930695e+01 9.64314194e+01
    9.40046768e+01 9.49583282e+01 9.29284058e+01 9.63587265e+01
    9.37785950e+01 9.34359665e+01 9.53538818e+01 9.41376190e+01
    9.84935532e+01 9.30481796e+01 9.52328491e+01 9.10169983e+01
    9.33502960e+01 9.14713898e+01 9.03501053e+01 8.78277740e+01
    8.96255264e+01 9.19777298e+01 8.74897156e+01 9.00063858e+01
    9.00749512e+01 9.05217285e+01 8.55717316e+01 8.84678497e+01
    8.49056396e+01 8.59681931e+01 8.61906052e+01 8.72109833e+01
    8.53787079e+01 9.11137238e+01 8.85776367e+01 9.12560577e+01
    9.24454727e+01 9.17659073e+01 9.18110733e+01 9.50355530e+01
    9.60271683e+01 9.40676956e+01 9.19917679e+01 9.22793274e+01
    9.24815445e+01 8.95241623e+01 9.24044189e+01 9.13054276e+01
    9.15252151e+01 9.38521194e+01 9.22370605e+01 9.15291901e+01
    9.42822723e+01 8.93640366e+01 9.25319977e+01 8.97146378e+01
    8.84480820e+01 8.66817322e+01 8.86294098e+01 9.24885025e+01
    9.01138687e+01 9.47732773e+01 9.09520493e+01 9.29449310e+01
    9.52436371e+01 9.39692612e+01 9.09383240e+01 9.04364014e+01
    8.89587402e+01 9.14544983e+01 8.81946259e+01 9.32373886e+01
    9.26046143e+01 9.34943085e+01 9.09414139e+01 9.55932922e+01
    9.17453156e+01 8.48466797e+01 9.18521500e+01 9.08410187e+01
    9.02385712e+01 8.99771500e+01 8.65918503e+01 8.92615967e+01
    8.88860245e+01 8.88574142e+01 8.82245636e+01 8.95150146e+01
    8.78351517e+01 9.14425049e+01 9.01155319e+01 8.61396027e+01
    9.03610306e+01 8.76941376e+01 9.10660553e+01 8.80298615e+01
    9.34717636e+01 9.07237854e+01 8.83634491e+01 8.68898773e+01
    8.94388428e+01 9.17770615e+01 8.84160004e+01 8.89503784e+01
    8.82057800e+01 8.89752808e+01 8.79671249e+01 8.72125931e+01
    9.34736481e+01 9.24383774e+01 9.05239334e+01 8.57547302e+01
    8.98815536e+01 9.04855270e+01 9.18603745e+01 8.80739136e+01
    8.80064545e+01 9.07087936e+01 8.78518753e+01 9.01419754e+01
    8.84937744e+01 9.18324661e+01 9.24195175e+01 9.27503967e+01
    9.26353149e+01 9.28841324e+01 8.93687592e+01 9.13570099e+01
    8.92356262e+01 9.08426590e+01 8.72377777e+01 8.79870529e+01
    8.59638672e+01 8.82121964e+01 8.63943481e+01 8.63519516e+01
    8.73592606e+01 8.85120697e+01 8.70667648e+01 9.12179565e+01
    8.94984894e+01 8.59268417e+01 8.71057510e+01 8.47866898e+01
    8.27621307e+01 8.12480774e+01 8.11222382e+01 8.09397354e+01
    8.16548691e+01 8.43985825e+01 8.43103180e+01 8.57976990e+01
    8.38094482e+01 8.57600784e+01 8.37436600e+01 8.11523285e+01
    8.37005157e+01 8.15962906e+01 8.51948318e+01 8.06169052e+01
    8.20138550e+01 8.24177551e+01 9.00433350e+01 8.90814514e+01
    8.81014175e+01 9.22847977e+01 9.52069626e+01 9.11082306e+01
    9.36557388e+01 0. 9.03720398e+01 8.83470230e+01 8.99191589e+01
    8.78966370e+01 8.67457733e+01 8.45037384e+01 8.75630875e+01
    8.74495316e+01 8.61769409e+01 8.55345535e+01 8.69896545e+01
    8.34549561e+01 8.90569534e+01 8.48212280e+01 8.30917664e+01
    7.96777039e+01 8.16312866e+01 8.46989288e+01 8.45508652e+01
    8.52859344e+01 8.22144699e+01 8.45532074e+01 8.45944748e+01
    8.63254623e+01 8.70163269e+01 8.83899078e+01 8.67513733e+01
    8.89914017e+01 9.04636917e+01 8.77236023e+01 8.90650711e+01
    9.29744186e+01 9.18605042e+01 9.46231003e+01 9.47350540e+01
    9.58497162e+01 9.32701263e+01 9.85078506e+01 9.76720428e+01
    9.84119263e+01 9.87769165e+01 9.65001831e+01 1.00792404e+02
    9.71180649e+01 9.86736221e+01 9.58096237e+01 9.81533508e+01
    9.63029633e+01 9.59331512e+01 9.61517334e+01 9.81121597e+01
    9.54528275e+01 9.47273102e+01 9.58027115e+01 9.30480957e+01
    9.40506897e+01 9.43808899e+01 8.88857880e+01 8.89740524e+01
    9.06322327e+01 9.12091293e+01 9.18638916e+01 9.11210022e+01
    9.06220016e+01 9.27893295e+01 9.24055557e+01 8.99398804e+01
    9.16388702e+01 9.10556641e+01 9.55661621e+01 9.43531418e+01
    9.16220169e+01 9.46957092e+01 9.81826553e+01 9.26363983e+01
    9.51828079e+01 9.28712311e+01 9.45575485e+01 9.63924408e+01
    9.78995209e+01 9.53446655e+01 9.68976364e+01 9.17349930e+01
    9.39583511e+01 9.11767273e+01 9.01179657e+01 8.89613266e+01
    9.20799179e+01 8.81354523e+01 8.81797180e+01 9.03852158e+01
    8.61827698e+01 8.93713837e+01 8.82141571e+01 8.60397263e+01
    8.52099686e+01 8.83180542e+01 8.56068649e+01 8.55522995e+01
    8.55339813e+01 8.47882614e+01 8.86733932e+01 8.94819107e+01
    9.09463959e+01 9.02719498e+01 9.00193939e+01 9.19807053e+01
    9.59744186e+01 9.43331909e+01 9.26156387e+01 9.27709885e+01
    9.04484482e+01 8.83987732e+01 8.83529358e+01 8.76962051e+01
    9.10997620e+01 8.92245255e+01 9.32079697e+01 9.22788162e+01
    9.30548859e+01 9.46233749e+01 9.31385269e+01 9.02592545e+01
    9.17802277e+01 9.02381744e+01 8.94962006e+01 8.78914795e+01
    8.67761765e+01 8.80579376e+01 9.12161713e+01 9.47447815e+01
    9.13355103e+01 9.50321808e+01 9.55498657e+01 9.55365372e+01
    9.20833588e+01 9.19741516e+01 9.05262222e+01 9.49178925e+01
    9.25340347e+01 9.49268570e+01 9.03279877e+01 9.46195755e+01
    9.41094513e+01 9.19505157e+01 9.28056183e+01 9.13723984e+01
    9.28777542e+01 9.10052948e+01 9.24417725e+01 8.75845718e+01
    9.07635040e+01 9.06391449e+01 8.72609177e+01 9.01804733e+01
    8.84486847e+01 9.09561234e+01 8.69374313e+01 8.96089401e+01
    8.87486649e+01 9.18100052e+01 9.16825562e+01 8.83820114e+01
    8.99491425e+01 8.70508804e+01 9.35922012e+01 9.01482697e+01
    9.13524475e+01 9.23036728e+01 9.07718735e+01 9.01280441e+01
    8.93294754e+01 9.02352829e+01 8.84800262e+01 9.07548752e+01
    9.02411499e+01 9.02629547e+01 8.87388992e+01 8.80788879e+01
    9.30221786e+01 8.70696487e+01 9.01771698e+01 9.02727051e+01
    8.90003357e+01 8.88643417e+01 8.91764374e+01 8.55819016e+01
    8.63333664e+01 8.70411606e+01 9.21753845e+01 8.89585037e+01
    8.89557495e+01 8.95739822e+01 9.21860733e+01 8.89879684e+01
    8.83582458e+01 9.08304749e+01 9.05061951e+01 8.98795700e+01
    8.65239944e+01 8.72908936e+01 8.55062790e+01 8.78126373e+01
    8.65789871e+01 8.80155487e+01 8.60459595e+01 8.99022903e+01
    8.86114502e+01 9.03912354e+01 8.85485611e+01 8.68477020e+01
    8.26213760e+01 8.41972122e+01 8.54523468e+01 8.56484756e+01
    8.25765610e+01 8.55163727e+01 8.66363297e+01 8.46391602e+01
    8.30549545e+01 8.61407852e+01 8.57777176e+01 8.37342453e+01
    8.83272400e+01 8.60835876e+01 8.74668121e+01 8.36872025e+01
    8.60935974e+01 8.57708435e+01 8.64303131e+01 9.05780411e+01
    9.21552582e+01 9.44997635e+01 9.16680145e+01 9.40256424e+01
    9.34410782e+01 9.33860931e+01 0. 8.97299271e+01 8.78535538e+01
    8.88535919e+01 8.69090729e+01 8.71706009e+01 8.58693542e+01
    8.75817871e+01 8.62603149e+01 8.41630173e+01 8.63350067e+01
    8.89455338e+01 8.55138855e+01 8.73159180e+01 8.84695206e+01
    8.17026749e+01 8.40419006e+01 8.12609482e+01 8.36739120e+01
    8.36825027e+01 8.36851730e+01 8.45925751e+01 8.50452347e+01
    8.45894928e+01 8.20418015e+01 8.77123032e+01 8.56082077e+01
    8.64270630e+01 8.97992249e+01 8.98246765e+01 9.30408020e+01
    8.97898636e+01 9.04663849e+01 9.43711853e+01 9.36092300e+01
    9.43402100e+01 9.31913300e+01 9.26876450e+01 9.50245514e+01
    9.45830841e+01 9.63013840e+01 9.72599792e+01 9.94115067e+01
    9.87929916e+01 9.75049210e+01 1.00051575e+02 9.52623138e+01
    9.75586777e+01 9.89558182e+01 9.85773697e+01 9.67135162e+01
    9.67697220e+01 9.51917038e+01 9.26380615e+01 9.28291473e+01
    9.24525146e+01 8.95716171e+01 9.01800537e+01 8.91131363e+01
    9.11349945e+01 9.44115143e+01 9.00764694e+01 8.97495728e+01
    8.93915634e+01 9.06372528e+01 9.02182999e+01 8.80357513e+01
    8.95942917e+01 9.33314590e+01 9.33134613e+01 9.32174988e+01
    9.36022720e+01 9.55171204e+01 9.53318634e+01 9.34930344e+01
    9.53602371e+01 9.33837662e+01 9.38124237e+01 9.63426819e+01
    9.66641388e+01 9.70586624e+01 9.47039642e+01 9.84393539e+01
    9.27069778e+01 9.58059692e+01 9.30899506e+01 8.82544632e+01
    9.27691498e+01 8.81575394e+01 8.97717285e+01 9.09427261e+01
    8.58330612e+01 8.57158127e+01 8.71968460e+01 8.62182465e+01
    8.69432678e+01 8.60801620e+01 8.60985641e+01 8.47056961e+01
    8.39444656e+01 8.71830292e+01 8.78297348e+01 8.90653229e+01
    9.09712143e+01 9.14069595e+01 9.30345383e+01 9.28104248e+01
    9.21663513e+01 9.29143600e+01 9.49358597e+01 9.23420181e+01
    9.02399063e+01 8.75618439e+01 9.12697678e+01 9.34065170e+01
    9.01890335e+01 8.96567078e+01 9.00380096e+01 9.40804977e+01
    9.41177902e+01 9.60381622e+01 9.39057770e+01 9.33801651e+01
    9.26436920e+01 9.07183533e+01 9.06723175e+01 8.99936295e+01
    8.88222122e+01 8.76195221e+01 9.20097122e+01 9.26616135e+01
    8.81778259e+01 9.53479691e+01 9.22963104e+01 9.14532242e+01
    9.39850769e+01 9.35859375e+01 9.32498245e+01 9.39976425e+01
    9.13120880e+01 9.11080780e+01 9.51656418e+01 9.27793808e+01
    9.15419693e+01 8.98814392e+01 9.15901108e+01 8.98672943e+01
    9.02256165e+01 8.95374985e+01 9.05860062e+01 9.18699951e+01
    8.99920959e+01 9.05183487e+01 9.06736755e+01 8.93582916e+01
    8.81153183e+01 9.04746475e+01 8.68651962e+01 9.14966125e+01
    9.07404404e+01 8.98681183e+01 8.82751389e+01 8.65125656e+01
    9.01218719e+01 9.11731949e+01 9.06779938e+01 9.26746750e+01
    9.00574722e+01 9.15843811e+01 9.54964981e+01 9.17667847e+01
    9.12666092e+01 9.24117889e+01 9.02100143e+01 9.22516785e+01
    9.17873917e+01 9.62855835e+01 9.09521561e+01 9.33357162e+01
    9.17879562e+01 8.96140289e+01 8.90127869e+01 9.06607132e+01
    8.80580597e+01 8.80048752e+01 8.93037186e+01 8.97037735e+01
    9.01024017e+01 8.94352798e+01 8.82288132e+01 8.90201492e+01
    8.81829605e+01 9.03580856e+01 8.95468521e+01 9.14957275e+01
    9.00981064e+01 8.87919388e+01 8.76755829e+01 8.67302399e+01
    9.02546616e+01 8.63495865e+01 8.44375305e+01 8.65192795e+01
    8.51693878e+01 9.04233246e+01 8.81819153e+01 8.53972702e+01
    8.82286301e+01 8.90946198e+01 8.92444229e+01 8.61193085e+01
    8.50319977e+01 8.63175812e+01 8.41258240e+01 8.33625107e+01
    8.62103195e+01 8.34333572e+01 8.56454620e+01 8.48156052e+01
    8.55437546e+01 8.85996017e+01 8.45164642e+01 8.65606079e+01
    9.05260849e+01 8.74812241e+01 8.55899582e+01 8.78252335e+01
    8.39655151e+01 8.21942062e+01 8.85220184e+01 8.85418091e+01
    9.19643707e+01 9.04043808e+01 9.12130127e+01 9.02480621e+01
    9.19584427e+01 9.48825607e+01 9.38713074e+01 0. 9.29321060e+01
    8.97153625e+01 9.17881393e+01 8.72920227e+01 8.49653244e+01
    8.83237915e+01 8.96817627e+01 8.90458755e+01 8.45443420e+01
    8.89331284e+01 8.51940231e+01 8.77960587e+01 8.57691574e+01
    8.34516602e+01 8.58456268e+01 8.12532654e+01 8.30190277e+01
    8.55923920e+01 8.74947281e+01 8.43089905e+01 8.61985474e+01
    8.55358276e+01 8.57747040e+01 8.65569992e+01 8.76940460e+01
    8.77922974e+01 8.90167847e+01 8.95048599e+01 9.33760223e+01
    9.16127701e+01 9.08763809e+01 9.05808868e+01 9.47406235e+01
    9.57369843e+01 9.47248840e+01 9.39553528e+01 9.36120605e+01
    9.21762543e+01 9.34512939e+01 9.81752090e+01 9.47822723e+01
    9.44965363e+01 9.97815857e+01 9.76076279e+01 9.41997452e+01
    9.78168488e+01 9.52059860e+01 9.53549423e+01 9.36291962e+01
    9.41985016e+01 9.31122513e+01 9.33969345e+01 9.16955032e+01
    9.21995316e+01 9.24194489e+01 8.84363556e+01 9.20716171e+01
    8.97387314e+01 9.03563156e+01 8.96945419e+01 8.89634628e+01
    9.32181931e+01 8.78944321e+01 8.61385956e+01 8.63434830e+01
    9.28902359e+01 8.99728241e+01 9.09131241e+01 9.33206024e+01
    9.29817429e+01 9.56002655e+01 9.64723282e+01 9.41786728e+01
    9.44999619e+01 9.68168488e+01 9.60696564e+01 9.55059280e+01
    9.73630981e+01 9.76198730e+01 9.48290558e+01 9.68490143e+01
    9.56575699e+01 9.54839020e+01 9.40511780e+01 9.44940796e+01
    8.95369797e+01 9.30199661e+01 9.06992493e+01 9.15710754e+01
    9.04803085e+01 9.12415619e+01 8.97017517e+01 8.80383148e+01
    8.96728516e+01 8.64241714e+01 8.67421799e+01 8.76450424e+01
    8.78421097e+01 8.64900436e+01 8.53709335e+01 8.87302628e+01
    8.88307724e+01 9.01292114e+01 8.92862015e+01 9.22833328e+01
    8.93308182e+01 9.46889191e+01 9.22160797e+01 9.28030167e+01
    9.29490433e+01 9.35080414e+01 9.28007965e+01 9.21714935e+01
    9.60416260e+01 9.12044601e+01 8.87010880e+01 9.04495926e+01
    9.67457352e+01 9.13820114e+01 9.22177277e+01 9.35959778e+01
    9.18624191e+01 8.84704895e+01 9.36935806e+01 8.79111938e+01
    8.97616119e+01 8.80469208e+01 8.78424530e+01 8.89910660e+01
    8.97825012e+01 8.91820831e+01 9.10939331e+01 8.99659348e+01
    8.99819183e+01 9.38447342e+01 9.22644043e+01 9.17031784e+01
    9.00657425e+01 9.14365997e+01 9.09926300e+01 9.22010040e+01
    9.25426483e+01 9.04406281e+01 9.31703796e+01 9.05290833e+01
    8.71881256e+01 9.08167267e+01 9.08294449e+01 8.97990570e+01
    9.21426773e+01 9.17063446e+01 8.92358246e+01 8.71308594e+01
    8.93068695e+01 8.89617081e+01 8.91394806e+01 8.89155502e+01
    8.70770569e+01 8.76076355e+01 8.74342270e+01 8.65420151e+01
    8.86048279e+01 9.11698380e+01 8.77746429e+01 9.08695602e+01
    9.12827835e+01 9.55320816e+01 8.93829880e+01 9.32799301e+01
    9.16792221e+01 9.10529861e+01 9.12605896e+01 9.09743347e+01
    9.19172516e+01 9.00427399e+01 9.35471420e+01 9.03996887e+01
    9.52837219e+01 9.12209778e+01 8.88795547e+01 9.09738770e+01
    8.67440948e+01 9.11492004e+01 8.79831390e+01 8.72146912e+01
    8.79412918e+01 8.64148865e+01 8.78263855e+01 8.82785263e+01
    8.74530487e+01 9.02594452e+01 8.84652405e+01 9.03558807e+01
    9.05523987e+01 8.62711105e+01 8.37584457e+01 8.85286636e+01
    8.64584045e+01 8.54620056e+01 8.88325653e+01 8.36392441e+01
    8.42068253e+01 8.27083664e+01 8.80438309e+01 8.62040634e+01
    8.63029099e+01 8.81183319e+01 8.99867630e+01 8.83072586e+01
    8.97009354e+01 8.66782303e+01 8.59470749e+01 8.38768616e+01
    8.65403671e+01 8.42676086e+01 8.50196915e+01 8.65452881e+01
    8.64185944e+01 8.76277313e+01 8.76258545e+01 8.75578461e+01
    8.66542587e+01 8.56595078e+01 8.77589569e+01 8.84571381e+01
    8.73367081e+01 8.37246094e+01 8.63982086e+01 8.79484558e+01
    8.99496002e+01 9.05427246e+01 9.30924911e+01 9.23127975e+01
    9.30083084e+01 9.33669510e+01 9.21999207e+01 9.34295425e+01 0.
    8.90255203e+01 8.98586731e+01 8.90441971e+01 8.76372452e+01
    9.02766342e+01 8.59120407e+01 8.90703506e+01 8.86586304e+01
    9.01235428e+01 8.69360733e+01 8.73620148e+01 8.61622162e+01
    8.68029022e+01 8.72184067e+01 8.37347183e+01 8.74828873e+01
    8.22105942e+01 8.49030228e+01 8.68230362e+01 8.83908234e+01
    8.81213684e+01 8.58720398e+01 8.49325638e+01 8.77809219e+01
    8.68501358e+01 8.52764969e+01 8.67188416e+01 8.64785461e+01
    9.12622375e+01 8.79945297e+01 9.05567169e+01 9.11386948e+01
    9.21650848e+01 9.25911713e+01 9.35611496e+01 9.31987381e+01
    9.34233017e+01 9.64459686e+01 9.49489670e+01 9.58346786e+01
    9.66554337e+01 9.74841614e+01 9.50617447e+01 9.75963593e+01
    9.58802032e+01 9.49478683e+01 9.31638947e+01 9.59876633e+01
    9.65142899e+01 9.39404526e+01 9.42020950e+01 8.96967163e+01
    9.34854507e+01 9.22216034e+01 8.96737518e+01 9.13459320e+01
    9.10812988e+01 8.96086502e+01 8.76429214e+01 9.26716995e+01
    8.89998627e+01 8.58891220e+01 9.00573883e+01 8.53244705e+01
    8.85668869e+01 8.75644455e+01 8.89432526e+01 9.23443756e+01
    9.32977142e+01 9.41113892e+01 9.57518387e+01 9.51876831e+01
    9.30687561e+01 9.57225266e+01 9.55615921e+01 9.25642471e+01
    9.73750458e+01 9.39954300e+01 9.67857971e+01 9.69471359e+01
    9.56721954e+01 9.67258072e+01 9.50213089e+01 9.62542267e+01
    9.30677795e+01 9.24009857e+01 9.09839859e+01 9.42083588e+01
    9.22933960e+01 9.24473495e+01 9.10675583e+01 8.99944611e+01
    9.27228241e+01 8.95873032e+01 9.06553192e+01 8.52178116e+01
    8.73284683e+01 8.61844330e+01 9.00585327e+01 8.87703934e+01
    8.78067398e+01 8.73636780e+01 8.71864090e+01 9.06021957e+01
    9.01544952e+01 8.94212265e+01 9.06494522e+01 9.27860870e+01
    9.32989578e+01 9.08143997e+01 8.89693680e+01 9.23749847e+01
    9.11042099e+01 9.28282318e+01 9.29404602e+01 9.08775101e+01
    9.44646988e+01 9.48753510e+01 9.42940750e+01 9.22984085e+01
    8.98604050e+01 9.48868256e+01 9.14080734e+01 9.13562164e+01
    8.62096252e+01 8.85056915e+01 8.54962006e+01 8.59580536e+01
    8.87306442e+01 9.22109833e+01 9.05973892e+01 8.85877609e+01
    9.09078293e+01 8.93517456e+01 9.21684418e+01 9.05486755e+01
    9.13208084e+01 8.93062286e+01 9.10209122e+01 9.16374969e+01
    9.15790253e+01 9.03504944e+01 9.11768799e+01 8.96229477e+01
    9.00712509e+01 9.16343460e+01 9.02611160e+01 9.14009552e+01
    8.97706757e+01 8.85315628e+01 8.82541733e+01 9.06480026e+01
    8.82546692e+01 8.19932632e+01 8.80251160e+01 8.58546677e+01
    8.62870636e+01 8.64863358e+01 8.91198807e+01 8.57355804e+01
    8.55401382e+01 8.95445099e+01 8.94408646e+01 9.16523438e+01
    9.11680069e+01 9.26662369e+01 9.15872116e+01 9.04093399e+01
    9.07199478e+01 9.06813278e+01 8.52507019e+01 8.77770615e+01
    8.96399536e+01 9.08455963e+01 9.17241058e+01 9.14259949e+01
    9.30068054e+01 9.29595032e+01 8.95514145e+01 8.78520889e+01
    9.19800110e+01 8.90470810e+01 9.08249207e+01 8.66951523e+01
    8.78866577e+01 8.68227081e+01 8.89783249e+01 8.77446671e+01
    8.72064362e+01 8.89378815e+01 8.97798615e+01 8.60317383e+01
    8.62534332e+01 8.95158920e+01 8.72894135e+01 8.60931320e+01
    8.55409393e+01 8.66456680e+01 8.41062164e+01 8.46902618e+01
    8.21266785e+01 8.35429611e+01 8.40080185e+01 8.79394836e+01
    8.28793182e+01 8.75259247e+01 8.62929916e+01 8.75221405e+01
    8.63120499e+01 8.79773331e+01 8.70854187e+01 8.12821426e+01
    8.84553375e+01 8.71823044e+01 8.30987625e+01 8.58227921e+01
    8.76001205e+01 8.74831390e+01 9.02040863e+01 8.74878082e+01
    8.69883957e+01 8.89228134e+01 9.22061310e+01 8.57252808e+01
    8.63870087e+01 8.43117371e+01 8.34710083e+01 8.51809998e+01
    8.81569977e+01 9.20833206e+01 9.20707397e+01 9.45707321e+01
    9.14825439e+01 9.67467041e+01 9.55943680e+01 9.44930954e+01
    9.44404221e+01 0. 8.95404510e+01 8.99413681e+01 8.91091461e+01
    8.99428253e+01 8.55527725e+01 8.62509232e+01 8.91096649e+01
    8.86167984e+01 9.06701202e+01 8.88458481e+01 8.68232956e+01
    8.68610687e+01 8.88163910e+01 8.64141464e+01 8.21196213e+01
    8.65201416e+01 8.73773956e+01 8.58677750e+01 8.92762756e+01
    8.80076981e+01 8.69375000e+01 8.77503052e+01 8.44276505e+01
    8.48849564e+01 8.68242798e+01 8.53631592e+01 8.74214554e+01
    8.67676620e+01 9.23113708e+01 8.92698898e+01 8.98789673e+01
    8.70369186e+01 9.23596115e+01 9.13513489e+01 9.25823975e+01
    9.06808777e+01 9.46118622e+01 9.09665833e+01 9.44727707e+01
    9.46766281e+01 9.73891678e+01 9.60823975e+01 9.74702377e+01
    9.73576584e+01 9.45404129e+01 9.76398392e+01 9.47308273e+01
    9.24075394e+01 9.38908081e+01 9.35506744e+01 9.30707779e+01
    9.09767380e+01 9.04788132e+01 9.15464020e+01 9.04264755e+01
    9.07588425e+01 9.08301010e+01 9.25532303e+01 8.83727493e+01
    8.73434372e+01 8.98536453e+01 8.75404129e+01 8.92849121e+01
    8.80412292e+01 8.78380585e+01 9.06968002e+01 8.99676437e+01
    8.98681107e+01 9.13230209e+01 9.32069016e+01 9.53295975e+01
    9.48829041e+01 9.52155457e+01 9.54756927e+01 9.38397827e+01
    9.55207367e+01 9.79703445e+01 9.72032776e+01 9.75333862e+01
    9.68310852e+01 9.46621933e+01 9.60859146e+01 9.56723862e+01
    9.46186218e+01 9.59898911e+01 9.32130280e+01 9.30628586e+01
    9.41950684e+01 9.49940338e+01 8.86875610e+01 9.14934616e+01
    9.12660370e+01 8.93911819e+01 8.73933716e+01 8.73607788e+01
    8.68406525e+01 8.77238922e+01 8.54377899e+01 8.86304245e+01
    8.63153000e+01 9.02276154e+01 9.22657700e+01 9.15061874e+01
    8.82449036e+01 9.08411942e+01 9.25901871e+01 9.18012772e+01
    9.12451324e+01 9.01323013e+01 9.12226486e+01 9.04275589e+01
    8.99095001e+01 9.11364059e+01 9.01744614e+01 8.96811752e+01
    9.15367203e+01 9.13134689e+01 9.18491974e+01 9.06576157e+01
    9.17937317e+01 9.12181625e+01 9.15071259e+01 9.09183655e+01
    8.76401825e+01 8.54319000e+01 8.68342361e+01 8.77536545e+01
    8.60065536e+01 8.55444794e+01 8.94040604e+01 8.77995071e+01
    9.08076477e+01 9.13600464e+01 9.11110611e+01 9.01011734e+01
    9.44293060e+01 9.27864838e+01 9.26887131e+01 8.77549820e+01
    8.75236130e+01 9.13274002e+01 9.24473877e+01 9.24179840e+01
    9.34796600e+01 9.19383850e+01 9.15103226e+01 9.03126297e+01
    9.21400757e+01 9.33061295e+01 8.93251648e+01 9.06941223e+01
    9.03082504e+01 8.74194031e+01 8.58585587e+01 8.95380783e+01
    8.82140656e+01 8.55136566e+01 8.78607407e+01 8.30778961e+01
    8.73720322e+01 8.89064789e+01 8.64913940e+01 9.06570969e+01
    8.97681274e+01 9.22834549e+01 9.08106003e+01 9.36842422e+01
    8.95788574e+01 8.87473068e+01 8.86590042e+01 8.94060516e+01
    9.01225891e+01 9.08532639e+01 8.95913315e+01 8.91658630e+01
    9.02094803e+01 9.26198654e+01 9.03775635e+01 9.39383316e+01
    8.90985031e+01 8.81811066e+01 8.79461441e+01 9.02260971e+01
    8.68215561e+01 8.43520737e+01 8.44429245e+01 8.78909454e+01
    8.90088501e+01 9.00804825e+01 8.66740646e+01 8.70393066e+01
    8.66691437e+01 8.77921753e+01 8.81786957e+01 8.62076569e+01
    8.41857376e+01 8.49109192e+01 8.74030228e+01 8.19369812e+01
    8.50402222e+01 8.50824127e+01 8.06226044e+01 8.38786926e+01
    8.74560394e+01 8.34266586e+01 8.38849716e+01 8.62096863e+01
    9.05038834e+01 8.57163696e+01 8.88119812e+01 8.32512894e+01
    8.37866669e+01 8.62847519e+01 8.46695328e+01 8.54085236e+01
    8.51119385e+01 8.43100815e+01 8.89168701e+01 8.77318573e+01
    8.65923462e+01 8.61118546e+01 9.00010452e+01 8.54003830e+01
    8.99206161e+01 8.55025406e+01 8.49539185e+01 8.76952972e+01
    8.86817551e+01 8.88275070e+01 8.83170700e+01 9.14958267e+01
    9.33755188e+01 9.55539169e+01 9.54858475e+01 9.49017105e+01
    9.61646957e+01 9.63760071e+01 0. 9.07025146e+01 9.21038895e+01
    9.12749481e+01 9.02160492e+01 8.63523102e+01 8.94451218e+01
    8.85186920e+01 8.89594803e+01 9.03618317e+01 8.70409546e+01
    8.66800613e+01 8.67114868e+01 8.77223129e+01 8.58454590e+01
    8.85479431e+01 8.66801300e+01 8.21677628e+01 8.58901672e+01
    8.67012482e+01 8.52275620e+01 8.77619781e+01 8.62120743e+01
    8.27217941e+01 8.48695450e+01 8.58056412e+01 8.56464844e+01
    8.86324081e+01 8.65176926e+01 9.00726089e+01 8.92413025e+01
    9.12094269e+01 8.75029831e+01 9.05976639e+01 9.08370590e+01
    9.26548004e+01 9.04481201e+01 9.19594040e+01 9.33273544e+01
    9.43123093e+01 9.22370529e+01 9.69947357e+01 9.87226410e+01
    9.79074097e+01 9.61965179e+01 9.32540054e+01 9.65998764e+01
    9.07660751e+01 9.31563263e+01 9.34967575e+01 9.32452240e+01
    9.13689499e+01 8.99518280e+01 9.00046082e+01 9.30292130e+01
    8.98721848e+01 8.71902237e+01 8.90120773e+01 9.21577225e+01
    8.89464035e+01 8.85582199e+01 8.67472839e+01 8.49746933e+01
    9.00607910e+01 8.94030914e+01 8.81067963e+01 9.11673889e+01
    8.87051163e+01 9.38417892e+01 9.40890884e+01 9.28649368e+01
    9.44890289e+01 9.33270874e+01 9.55916443e+01 9.23059998e+01
    9.40694656e+01 9.14393463e+01 9.62736893e+01 9.62296295e+01
    9.58492508e+01 9.65897522e+01 9.90548477e+01 9.71579514e+01
    9.47549896e+01 9.46467133e+01 9.37382660e+01 9.37971420e+01
    9.43087921e+01 9.37153625e+01 8.97252579e+01 9.05129776e+01
    9.04953232e+01 8.91541748e+01 8.70622406e+01 9.04301987e+01
    8.60471115e+01 8.83738098e+01 8.50727539e+01 8.89861603e+01
    8.93621445e+01 8.95495529e+01 9.03102036e+01 9.09787674e+01
    9.03496933e+01 8.97797623e+01 9.15553360e+01 8.69366608e+01
    9.20670624e+01 8.99674072e+01 9.05153198e+01 8.97757034e+01
    8.98919144e+01 8.77055893e+01 9.08204117e+01 9.42730408e+01
    9.09392242e+01 9.11083298e+01 8.98982544e+01 9.12041016e+01
    9.37098465e+01 9.06995621e+01 9.07704620e+01 9.00315399e+01
    9.34863815e+01 9.02008057e+01 8.52290726e+01 8.81968231e+01
    8.81708679e+01 8.71906967e+01 8.71395874e+01 8.93655472e+01
    8.78982773e+01 9.31214066e+01 9.23924713e+01 9.08835907e+01
    9.10881882e+01 9.18011551e+01 9.16943359e+01 8.76256866e+01
    9.21700439e+01 8.82851715e+01 9.13257523e+01 9.04885178e+01
    9.23136597e+01 9.16884308e+01 9.43746567e+01 9.40839615e+01
    9.31570969e+01 9.21963501e+01 9.39934158e+01 9.00091171e+01
    9.19504089e+01 9.24658203e+01 8.62454681e+01 8.77205963e+01
    8.44508209e+01 8.90649338e+01 8.44823914e+01 9.08474960e+01
    8.81359406e+01 8.79969101e+01 8.88378754e+01 8.64279404e+01
    8.78356171e+01 8.83996277e+01 9.20197220e+01 8.85607224e+01
    9.29883957e+01 8.91356125e+01 8.97737885e+01 8.93467865e+01
    8.76110229e+01 8.99834747e+01 9.19632034e+01 9.13689880e+01
    9.49022827e+01 9.25186462e+01 9.34691696e+01 9.13657684e+01
    9.06113052e+01 9.07227631e+01 8.79904480e+01 8.79377518e+01
    9.02421951e+01 8.68844757e+01 8.55859985e+01 8.58570938e+01
    8.81484070e+01 8.46360931e+01 8.68026276e+01 8.52274933e+01
    8.94468536e+01 8.54877243e+01 8.55578766e+01 8.58257980e+01
    8.45201721e+01 8.09388275e+01 8.24109573e+01 8.26589127e+01
    8.22175369e+01 8.20853882e+01 8.29110794e+01 8.66146240e+01
    8.31099167e+01 8.60597687e+01 8.64468536e+01 8.82802277e+01
    8.89378891e+01 8.90236588e+01 8.62840118e+01 8.63826370e+01
    8.78138733e+01 8.49485550e+01 8.32825089e+01 8.51843796e+01
    8.39703217e+01 8.43051758e+01 8.47766724e+01 8.60683136e+01
    8.36227112e+01 8.72982635e+01 8.89934692e+01 8.60504074e+01
    8.77269821e+01 8.89576263e+01 8.61403427e+01 8.56443863e+01
    8.41790314e+01 8.86762619e+01 8.42584076e+01 9.09492874e+01
    9.14633789e+01 9.18926392e+01 9.37432632e+01 9.52600250e+01
    9.54243698e+01 9.48828430e+01 9.49559097e+01 0. 8.94067917e+01
    9.34974518e+01 9.10020294e+01 9.25264511e+01 8.63197479e+01
    9.06225204e+01 9.25926208e+01 8.89365768e+01 8.93446045e+01
    8.79224777e+01 8.93541870e+01 8.59972916e+01 9.01895447e+01
    8.89878693e+01 8.62186966e+01 8.51609802e+01 8.89593735e+01
    8.74320297e+01 8.72053299e+01 8.85308838e+01 8.70326920e+01
    8.86468964e+01 8.57886505e+01 8.32401199e+01 8.76654892e+01
    8.98476105e+01 8.87327118e+01 8.75761032e+01 8.68677368e+01
    8.94451828e+01 8.80354614e+01 8.84782257e+01 9.14297104e+01
    9.25553207e+01 9.31509323e+01 9.47776642e+01 9.18570404e+01
    9.44541321e+01 9.26246719e+01 9.58621750e+01 9.75587311e+01
    9.72588882e+01 9.76132889e+01 9.55693741e+01 9.36036148e+01
    9.43484497e+01 9.45023270e+01 9.12718048e+01 9.53074417e+01
    9.54967346e+01 9.60594177e+01 9.22226868e+01 8.90962143e+01
    9.01920242e+01 9.10033951e+01 9.04870758e+01 8.92641525e+01
    8.96588058e+01 8.92212524e+01 8.61922302e+01 8.77558517e+01
    9.02065582e+01 8.82919693e+01 9.01839523e+01 8.91235275e+01
    9.08860321e+01 9.25793991e+01 8.95985260e+01 9.02400055e+01
    9.57280655e+01 9.68609848e+01 9.74986572e+01 9.50222931e+01
    9.30149307e+01 9.32351303e+01 9.37172470e+01 9.44937897e+01
    9.46316223e+01 9.66419983e+01 9.63982925e+01 9.73830643e+01
    9.65425186e+01 9.44057007e+01 9.26067200e+01 9.65244370e+01
    9.23372116e+01 9.13479996e+01 9.33854599e+01 9.20199127e+01
    9.08145523e+01 9.31748123e+01 9.18914948e+01 9.16094513e+01
    8.78167648e+01 8.67711563e+01 9.05493546e+01 8.90805130e+01
    8.53785477e+01 8.70494614e+01 8.74855652e+01 8.83730011e+01
    9.31470642e+01 8.96328125e+01 8.55218048e+01 9.12544556e+01
    9.24829788e+01 9.03416672e+01 9.08122787e+01 9.07611923e+01
    8.97911530e+01 9.09836655e+01 8.90979004e+01 9.18311996e+01
    9.10148087e+01 9.11349258e+01 9.06427002e+01 9.07570724e+01
    9.26151657e+01 9.29921036e+01 9.04824219e+01 9.18887558e+01
    8.90976791e+01 8.98568268e+01 8.63464279e+01 8.84734726e+01
    8.66261444e+01 8.56228256e+01 8.54774704e+01 8.88634033e+01
    9.10204926e+01 8.89503555e+01 9.07432327e+01 9.35503769e+01
    8.69299088e+01 8.89969254e+01 9.40264053e+01 9.18158875e+01
    8.98441696e+01 8.75919495e+01 8.64692841e+01 9.16153488e+01
    8.82294769e+01 8.96165695e+01 9.27949371e+01 9.22550354e+01
    9.36704483e+01 9.41697617e+01 9.39316254e+01 9.37983246e+01
    8.85798798e+01 8.96476059e+01 8.86443787e+01 8.90153046e+01
    8.79898758e+01 8.75092773e+01 8.77427368e+01 8.80050659e+01
    8.94588699e+01 8.86824265e+01 9.08244324e+01 9.43511276e+01
    9.17088699e+01 8.84461899e+01 9.48214188e+01 9.01415482e+01
    9.31753311e+01 9.09729919e+01 9.02829056e+01 8.71309814e+01
    8.75971527e+01 8.99747772e+01 9.14113388e+01 9.04594421e+01
    9.08542252e+01 9.14177704e+01 8.96123886e+01 8.84098358e+01
    8.98935242e+01 9.02531586e+01 8.56827011e+01 8.61975021e+01
    8.62197037e+01 8.69531479e+01 8.65869980e+01 8.40764923e+01
    8.31337509e+01 8.72229309e+01 8.64593811e+01 8.68668900e+01
    8.73338928e+01 8.80159225e+01 8.45534134e+01 8.93648376e+01
    8.66230240e+01 8.40588074e+01 8.58534851e+01 8.71165619e+01
    8.41031647e+01 8.52740173e+01 8.18680878e+01 8.59967575e+01
    8.22629929e+01 8.66628647e+01 8.79929123e+01 8.92003555e+01
    8.67999268e+01 8.75044250e+01 8.89147720e+01 8.82504044e+01
    8.78712082e+01 8.46171646e+01 8.29538956e+01 8.40702744e+01
    8.43862457e+01 8.53678207e+01 8.37455978e+01 8.64131012e+01
    8.80430069e+01 8.74395370e+01 8.54160690e+01 8.86453400e+01
    8.49116669e+01 8.40164795e+01 8.71762009e+01 8.59626236e+01
    8.31587372e+01 8.34475708e+01 8.47070923e+01 8.50082092e+01
    9.01602707e+01 8.85952454e+01 9.19836121e+01 9.11944580e+01
    9.41554184e+01 9.28211136e+01 9.20081329e+01 9.33878250e+01 0.
    9.33743973e+01 9.41697540e+01 8.92559433e+01 9.21188812e+01
    9.24356079e+01 9.00029755e+01 9.05308228e+01 9.18413239e+01
    8.68148956e+01 9.04247742e+01 9.21263428e+01 8.74475098e+01
    8.98931808e+01 8.96684494e+01 8.88864594e+01 8.63992462e+01
    8.66486740e+01 8.75583572e+01 9.18738632e+01 8.88705444e+01
    8.71349640e+01 8.74678040e+01 8.91446686e+01 8.56789093e+01
    8.73148117e+01 8.95169296e+01 8.80578766e+01 8.65187302e+01
    9.11233978e+01 9.00230865e+01 8.87920532e+01 9.00743637e+01
    9.26836395e+01 9.46236572e+01 9.35216599e+01 9.85253220e+01
    9.52027664e+01 9.44202423e+01 9.27521973e+01 9.37603989e+01
    9.73300247e+01 9.68446350e+01 9.76629639e+01 9.28534546e+01
    9.70050659e+01 9.24068375e+01 9.32846451e+01 9.31390457e+01
    9.34911346e+01 9.18122635e+01 9.21247940e+01 8.90919647e+01
    9.04393616e+01 9.25651321e+01 9.07746201e+01 9.02559891e+01
    8.67234497e+01 8.73462219e+01 8.85361786e+01 8.82062378e+01
    8.36658325e+01 8.45781021e+01 8.49914093e+01 8.72233505e+01
    8.74200211e+01 8.82946548e+01 9.34487839e+01 9.09587479e+01
    9.53130646e+01 9.34125061e+01 9.34244080e+01 8.99280167e+01
    9.54935455e+01 9.37035065e+01 9.38454437e+01 9.52672119e+01
    9.36442795e+01 9.64949341e+01 9.55570145e+01 9.72633057e+01
    9.24233627e+01 9.74339523e+01 9.27581177e+01 9.32208710e+01
    9.60697250e+01 9.54133987e+01 9.15417786e+01 9.33801498e+01
    9.10830002e+01 9.16147156e+01 9.36122284e+01 9.00575562e+01
    9.00189133e+01 8.96544342e+01 8.73047180e+01 8.87018509e+01
    9.02636948e+01 8.73580627e+01 9.10194931e+01 9.03764801e+01
    9.02957001e+01 8.87101898e+01 9.02013092e+01 8.96241226e+01
    8.94316483e+01 9.05662842e+01 9.22549057e+01 9.27633591e+01
    9.01417007e+01 9.07256393e+01 9.19375992e+01 8.85631027e+01
    9.46289139e+01 9.04441757e+01 9.08684235e+01 8.95882492e+01
    9.21126556e+01 9.34240036e+01 9.06188049e+01 9.21560135e+01
    9.33307877e+01 9.08748398e+01 8.98936539e+01 9.19222107e+01
    8.73968506e+01 8.44805832e+01 8.80178833e+01 8.53347931e+01
    8.98240128e+01 9.16539993e+01 9.07886505e+01 9.23216782e+01
    9.05513840e+01 9.46403046e+01 9.18550644e+01 9.27155991e+01
    9.19050674e+01 9.27290573e+01 9.02773972e+01 8.84810638e+01
    9.08681259e+01 9.04005508e+01 9.44769974e+01 9.21062775e+01
    9.53729935e+01 9.47298203e+01 9.70427399e+01 8.93442230e+01
    9.28370895e+01 9.21991653e+01 9.04780502e+01 9.13960571e+01
    8.87922516e+01 8.70203018e+01 8.61413879e+01 8.81170197e+01
    8.71669083e+01 9.08906174e+01 9.04341660e+01 9.18802185e+01
    8.84581833e+01 9.16401749e+01 9.26105652e+01 8.92332687e+01
    8.97205124e+01 9.02184677e+01 8.92124252e+01 8.75671844e+01
    9.06548233e+01 8.83892975e+01 9.02147064e+01 8.95027390e+01
    8.95755310e+01 8.86862030e+01 9.09745407e+01 8.91896133e+01
    8.95581741e+01 8.76724091e+01 8.58668747e+01 8.85195847e+01
    8.71199188e+01 8.27589417e+01 8.63611526e+01 8.23480072e+01
    8.44963760e+01 8.23757019e+01 8.36853790e+01 8.66462631e+01
    8.52871552e+01 8.94996490e+01 8.71392288e+01 8.77697449e+01
    8.79216766e+01 8.98959351e+01 8.80478668e+01 8.38781509e+01
    8.83669815e+01 8.50967255e+01 8.65422058e+01 8.37905350e+01
    8.42306595e+01 8.57452621e+01 8.61148148e+01 8.47694321e+01
    8.87426987e+01 8.50191727e+01 8.70676575e+01 8.61409378e+01
    8.66866760e+01 8.56734314e+01 8.55488129e+01 8.41196289e+01
    8.28811569e+01 8.56901550e+01 8.74379807e+01 8.48262711e+01
    8.25792770e+01 8.80065079e+01 8.42905731e+01 8.48512039e+01
    8.28283463e+01 8.34356842e+01 8.68851318e+01 8.66153336e+01
    8.02423706e+01 8.41321259e+01 7.93289261e+01 8.31719971e+01
    8.61125259e+01 8.64883804e+01 8.54124832e+01 9.27831192e+01
    9.15723648e+01 9.06520920e+01 9.34273224e+01 9.11568832e+01
    9.25877991e+01 0. 9.16982956e+01 9.53446121e+01 9.25026093e+01
    9.36663895e+01 9.00668488e+01 9.11464386e+01 8.97003098e+01
    9.12884216e+01 9.10717392e+01 8.92179413e+01 9.04279938e+01
    9.02884293e+01 9.09480286e+01 8.85351868e+01 8.87958298e+01
    8.50970001e+01 8.75766678e+01 8.49054489e+01 8.74227600e+01
    8.67282944e+01 8.90572891e+01 8.76531677e+01 8.85152283e+01
    8.68074799e+01 8.74914932e+01 9.11833649e+01 8.90565109e+01
    9.14885635e+01 9.03530197e+01 8.98170700e+01 8.85194397e+01
    9.09312515e+01 8.98283386e+01 9.36250610e+01 9.39177704e+01
    9.39262085e+01 9.17094803e+01 9.37522583e+01 9.36677628e+01
    9.71851807e+01 9.68256989e+01 9.48459320e+01 9.50452423e+01
    9.38891678e+01 9.55175858e+01 9.15996628e+01 9.16187439e+01
    9.11493225e+01 9.49786682e+01 9.43839340e+01 8.92991257e+01
    9.23761139e+01 8.93845596e+01 8.87397690e+01 8.97153778e+01
    8.89205627e+01 8.96994476e+01 8.73450775e+01 8.76642151e+01
    8.84129105e+01 8.77481613e+01 8.74180603e+01 8.63039474e+01
    8.73990021e+01 9.09186401e+01 8.92045822e+01 9.44279175e+01
    9.42111969e+01 9.20568161e+01 9.17642975e+01 9.61105652e+01
    9.56270828e+01 9.60346298e+01 9.39392929e+01 9.37534027e+01
    9.48585129e+01 9.65514450e+01 9.48129959e+01 1.00828461e+02
    9.50804214e+01 9.32626343e+01 9.89099197e+01 9.67496338e+01
    9.51019821e+01 9.63116302e+01 9.28907242e+01 9.34196777e+01
    9.30295334e+01 9.08172150e+01 9.10688858e+01 9.09784851e+01
    8.99481964e+01 9.18636856e+01 8.77260818e+01 8.82313080e+01
    9.10187073e+01 8.93298721e+01 8.59619827e+01 8.71181259e+01
    8.87181854e+01 8.79894409e+01 9.09765396e+01 8.83020477e+01
    8.72518463e+01 9.01784210e+01 9.31416016e+01 9.05561752e+01
    9.09467850e+01 8.95008240e+01 9.25515823e+01 8.99072113e+01
    9.17432861e+01 9.19201508e+01 8.85405197e+01 9.14900131e+01
    8.94884262e+01 9.06071014e+01 9.25073395e+01 9.25806656e+01
    9.30351639e+01 9.39567337e+01 9.03374481e+01 9.18148575e+01
    8.90923157e+01 8.93724060e+01 8.67290955e+01 8.96657944e+01
    8.77118988e+01 9.02660675e+01 9.35148315e+01 8.86220169e+01
    9.25710068e+01 9.00129700e+01 8.94237595e+01 9.15898209e+01
    9.02733383e+01 9.02061768e+01 9.14208450e+01 8.75360641e+01
    8.93524017e+01 9.08448563e+01 9.26210861e+01 9.45335464e+01
    9.19162292e+01 9.45065231e+01 9.16293335e+01 9.25913849e+01
    9.15332260e+01 9.58806076e+01 9.15122375e+01 8.99620056e+01
    9.45422516e+01 9.15572968e+01 8.73530273e+01 8.91091537e+01
    9.29201508e+01 8.99100113e+01 9.07777863e+01 8.98793793e+01
    9.08456726e+01 9.06934662e+01 9.21248932e+01 8.88270264e+01
    9.33769302e+01 9.07543411e+01 9.01576920e+01 8.92565994e+01
    8.88907166e+01 8.83455505e+01 8.56970367e+01 9.11940613e+01
    8.97819595e+01 9.11707001e+01 9.10857010e+01 8.90954056e+01
    9.13082428e+01 9.03883896e+01 8.97502365e+01 8.90038147e+01
    8.49970551e+01 8.73561554e+01 8.63098221e+01 8.76944046e+01
    8.53563843e+01 8.60735779e+01 8.41129074e+01 8.39333191e+01
    8.66914597e+01 8.61509094e+01 8.50172043e+01 8.68125381e+01
    8.67686539e+01 9.17397385e+01 8.83644180e+01 8.67518616e+01
    8.65284576e+01 8.69650574e+01 8.23932190e+01 8.65508270e+01
    8.48799286e+01 8.39490356e+01 8.57833786e+01 8.92671051e+01
    9.08217697e+01 8.88927765e+01 8.93701553e+01 8.97820129e+01
    8.97724457e+01 8.80260696e+01 8.88671494e+01 8.90533600e+01
    8.68051147e+01 8.73425140e+01 8.84575119e+01 8.40067825e+01
    8.59457779e+01 8.40682373e+01 8.72391815e+01 8.46212311e+01
    8.75378876e+01 8.40355911e+01 8.58148651e+01 8.43849792e+01
    8.38334656e+01 8.17206802e+01 7.90038452e+01 8.29064102e+01
    8.21104660e+01 8.60080338e+01 8.39736633e+01 8.96745453e+01
    9.13207474e+01 8.97865295e+01 9.01491318e+01 9.04246140e+01
    9.04620819e+01 9.19474792e+01 0. 9.42488556e+01 9.77074814e+01
    9.59971008e+01 8.92599106e+01 8.96936340e+01 9.11923218e+01
    9.25402374e+01 9.21819305e+01 9.09710999e+01 9.26437988e+01
    9.06231003e+01 8.98883591e+01 9.01169586e+01 8.88439865e+01
    8.75394440e+01 8.74569778e+01 8.72559738e+01 8.55727692e+01
    9.17473373e+01 9.07364502e+01 8.64159393e+01 9.02500534e+01
    9.23009949e+01 8.78053589e+01 9.13666229e+01 8.82592926e+01
    9.10661545e+01 9.00990372e+01 9.07248001e+01 9.09643326e+01
    9.05966415e+01 9.09454956e+01 9.41598816e+01 9.37506027e+01
    9.31977081e+01 9.58611374e+01 9.77696152e+01 9.35674438e+01
    9.31686172e+01 9.41304550e+01 9.40847397e+01 9.59689407e+01
    9.64972076e+01 9.40062180e+01 9.27915649e+01 9.29289093e+01
    9.16921310e+01 9.20577087e+01 9.34209824e+01 8.91727524e+01
    9.26970978e+01 8.79586182e+01 8.79380417e+01 8.85296021e+01
    8.90056686e+01 8.73270035e+01 9.05854874e+01 8.63334885e+01
    8.92986526e+01 8.79692841e+01 8.68654556e+01 8.71634674e+01
    8.66530762e+01 8.73391647e+01 8.97019196e+01 8.95625916e+01
    9.13246994e+01 9.05177994e+01 9.36264496e+01 9.44741364e+01
    9.22169266e+01 9.59198380e+01 9.58541565e+01 9.63940735e+01
    9.43176193e+01 9.63663330e+01 9.60684052e+01 9.59738083e+01
    9.66807175e+01 9.84566803e+01 9.70723495e+01 9.84897308e+01
    9.98221970e+01 9.55297775e+01 9.81267471e+01 9.47885666e+01
    9.58307114e+01 9.47195969e+01 9.28675232e+01 9.33657227e+01
    9.39058456e+01 9.18953705e+01 9.28771439e+01 9.25498123e+01
    9.10215149e+01 9.35473557e+01 8.78857269e+01 8.76328354e+01
    9.18749695e+01 9.35057755e+01 9.12078934e+01 9.10509567e+01
    9.18954010e+01 8.93488235e+01 9.21086731e+01 8.90836563e+01
    9.17886734e+01 9.34253006e+01 9.51390305e+01 9.93083801e+01
    9.35720825e+01 9.33501892e+01 9.23743134e+01 9.13339615e+01
    9.29965668e+01 9.16339569e+01 9.07290955e+01 9.42240372e+01
    9.02939606e+01 9.13204956e+01 9.44634399e+01 9.10069351e+01
    8.87729950e+01 8.83228302e+01 8.84824524e+01 8.56235809e+01
    8.65143051e+01 8.75841751e+01 8.87448807e+01 9.24056168e+01
    9.10570374e+01 9.14919891e+01 8.97497025e+01 9.11949234e+01
    9.15532532e+01 9.11363525e+01 9.21263809e+01 9.11591644e+01
    9.04698639e+01 8.96905289e+01 8.95772400e+01 9.49451447e+01
    9.30233383e+01 9.43317184e+01 9.16678238e+01 9.45611572e+01
    9.52916565e+01 9.24716644e+01 9.09497375e+01 9.24659424e+01
    8.87026825e+01 8.94610443e+01 9.33315125e+01 8.87341003e+01
    9.16865158e+01 9.04608307e+01 8.97148514e+01 8.98972549e+01
    9.15544052e+01 8.80130005e+01 8.94679337e+01 9.13480072e+01
    9.20036240e+01 9.21987915e+01 8.94352188e+01 8.81057129e+01
    8.65034027e+01 8.52859955e+01 8.78750992e+01 8.72132645e+01
    8.76189499e+01 8.96117325e+01 9.01004715e+01 8.82662735e+01
    8.66060944e+01 8.89988480e+01 9.00204239e+01 8.67362900e+01
    8.76456680e+01 8.70969849e+01 8.60445099e+01 8.57231369e+01
    8.67724380e+01 8.73351822e+01 8.69400330e+01 8.59588318e+01
    8.57159805e+01 8.80697556e+01 8.78115997e+01 8.87636642e+01
    8.63948517e+01 8.57291412e+01 8.90275803e+01 8.68267136e+01
    8.98905411e+01 8.71887817e+01 8.65886536e+01 8.83381653e+01
    8.92935257e+01 8.86513214e+01 8.68547897e+01 9.03149948e+01
    8.97724991e+01 9.15296021e+01 9.48253937e+01 8.81273422e+01
    9.10067291e+01 9.17653503e+01 8.99257507e+01 8.68977203e+01
    9.15532150e+01 8.77793579e+01 8.78463364e+01 8.60083008e+01
    8.80046692e+01 8.68823395e+01 8.80970688e+01 8.90102310e+01
    8.67209549e+01 8.53412781e+01 8.58628387e+01 8.34749908e+01
    8.46383209e+01 8.25035629e+01 8.39708862e+01 8.51055145e+01
    8.44257507e+01 8.50303268e+01 8.59223480e+01 8.58819962e+01
    8.59039688e+01 9.04979630e+01 8.74501953e+01 8.64664307e+01
    9.13061523e+01 9.02877502e+01 9.01652756e+01 0. 9.32171249e+01
    9.66170273e+01 9.45110092e+01 8.94932709e+01 9.50487366e+01
    8.96897049e+01 9.22369232e+01 9.38060074e+01 9.08234253e+01
    9.24111786e+01 8.95661011e+01 9.05392075e+01 8.82558594e+01
    9.11687546e+01 8.97835464e+01 9.03534012e+01 8.52174377e+01
    8.79733505e+01 9.14866257e+01 9.10553131e+01 8.83256226e+01
    8.94837341e+01 8.90895996e+01 9.24628067e+01 8.94915543e+01
    8.81411362e+01 9.17964783e+01 9.06006699e+01 9.53601303e+01
    9.41618881e+01 9.45643921e+01 9.50583267e+01 9.25938568e+01
    9.62940598e+01 9.73786774e+01 9.43174591e+01 9.48694229e+01
    9.60192719e+01 9.58687820e+01 9.33238373e+01 9.32889633e+01
    9.43068924e+01 9.58206558e+01 9.26346207e+01 9.23573685e+01
    9.29642029e+01 9.16488647e+01 8.94718018e+01 9.35197678e+01
    9.10653152e+01 8.97132721e+01 9.02188339e+01 8.88936844e+01
    8.88886108e+01 8.74030914e+01 9.05814896e+01 8.85190887e+01
    8.80324173e+01 8.81759338e+01 8.82429504e+01 8.82762527e+01
    8.87106400e+01 8.73775177e+01 8.92757492e+01 8.95094299e+01
    9.23660583e+01 9.42880020e+01 9.23866043e+01 9.28550644e+01
    9.32033005e+01 9.92600555e+01 9.68948898e+01 9.49436340e+01
    9.56676559e+01 9.51444702e+01 9.49829712e+01 9.94665985e+01
    9.76940079e+01 9.89070511e+01 9.80559616e+01 9.70413666e+01
    9.94122238e+01 9.78586655e+01 9.92694855e+01 9.64866180e+01
    9.48872070e+01 9.59141235e+01 9.61306686e+01 9.55552368e+01
    9.17299805e+01 9.71337051e+01 9.27535782e+01 9.68888092e+01
    9.21720276e+01 9.27230682e+01 9.21779861e+01 9.00422058e+01
    8.96013031e+01 9.22708435e+01 9.26947403e+01 8.94124298e+01
    9.21281357e+01 8.80339890e+01 9.17554855e+01 9.33629837e+01
    9.46645355e+01 9.28612213e+01 9.45788269e+01 9.38689880e+01
    9.29611435e+01 9.15836182e+01 8.94672394e+01 9.31965485e+01
    9.26008224e+01 9.46636810e+01 9.43287659e+01 9.26767273e+01
    9.18822174e+01 9.48425140e+01 9.19943466e+01 9.22905731e+01
    9.18999634e+01 8.97537231e+01 8.79420547e+01 8.83553314e+01
    8.70349274e+01 8.75446472e+01 8.35677109e+01 9.03290176e+01
    8.99115601e+01 9.13097305e+01 9.01511078e+01 9.03830872e+01
    9.02862930e+01 9.39948730e+01 9.26042480e+01 9.23026505e+01
    9.16113739e+01 8.91581497e+01 9.20779877e+01 9.17961578e+01
    9.23294373e+01 9.65172272e+01 9.53359375e+01 9.57911377e+01
    9.33338089e+01 9.19846420e+01 9.32929764e+01 9.14021072e+01
    8.96796875e+01 9.52330856e+01 9.30959091e+01 9.26537399e+01
    8.71964111e+01 8.74272537e+01 9.00979233e+01 8.80958099e+01
    8.76392212e+01 8.98059387e+01 8.98724594e+01 8.95990753e+01
    8.72306290e+01 8.79194565e+01 8.57973480e+01 8.80873184e+01
    8.66960220e+01 8.69375229e+01 8.33043976e+01 8.57221680e+01
    8.70489731e+01 8.90508881e+01 8.65910263e+01 8.69765167e+01
    8.94715118e+01 8.40575714e+01 8.61028366e+01 8.68886795e+01
    8.95111313e+01 8.44288025e+01 8.49010010e+01 8.62696838e+01
    8.85655365e+01 9.21108856e+01 8.87757492e+01 8.39937592e+01
    8.63246536e+01 8.62243347e+01 8.46673965e+01 9.00539856e+01
    8.51595154e+01 8.55302429e+01 8.67956238e+01 8.85958786e+01
    8.98300705e+01 8.60686646e+01 8.77328720e+01 9.21187057e+01
    8.86435928e+01 9.21152573e+01 8.86257935e+01 8.87292480e+01
    8.93448410e+01 9.19857178e+01 9.01758423e+01 8.80378265e+01
    8.88720856e+01 9.27550430e+01 9.23813782e+01 9.12564621e+01
    9.07480545e+01 9.01323242e+01 8.73603897e+01 9.13338623e+01
    9.05432816e+01 8.65102310e+01 8.62364807e+01 8.99247360e+01
    8.49589996e+01 8.34137726e+01 8.53041382e+01 8.61856232e+01
    8.55670242e+01 8.59320068e+01 8.49221420e+01 8.50182571e+01
    8.34525146e+01 8.07866440e+01 8.45339279e+01 8.74001236e+01
    8.81753387e+01 8.65882187e+01 8.72278137e+01 8.72769699e+01
    8.97033081e+01 8.64347687e+01 9.04962158e+01 8.91919708e+01 0.
    9.36208954e+01 9.53569336e+01 9.48022156e+01 9.32962265e+01
    8.92670975e+01 9.22027740e+01 9.15780334e+01 9.39884338e+01
    9.04583969e+01 9.27574692e+01 9.30373764e+01 9.09444656e+01
    9.00064163e+01 9.15942078e+01 8.96701813e+01 8.77174606e+01
    9.06780167e+01 8.86009369e+01 9.04071960e+01 9.19168015e+01
    8.93890915e+01 8.88109360e+01 8.72265701e+01 9.14270020e+01
    8.98067703e+01 9.06246796e+01 9.08477402e+01 9.50173416e+01
    9.25984802e+01 9.62269211e+01 9.12731934e+01 9.16304779e+01
    9.43704376e+01 9.40460892e+01 9.30188522e+01 9.31567535e+01
    9.56345749e+01 9.15292282e+01 9.35104904e+01 9.26713257e+01
    9.51519470e+01 9.36323318e+01 9.44592743e+01 9.41801758e+01
    9.30733414e+01 9.12170868e+01 9.22175217e+01 9.22000046e+01
    9.48001404e+01 9.25890503e+01 8.99371185e+01 8.96071396e+01
    8.80067673e+01 8.79507751e+01 8.83268585e+01 8.87608719e+01
    8.90215378e+01 8.88909149e+01 8.60251846e+01 8.52501144e+01
    8.76835861e+01 8.70047531e+01 8.72348328e+01 8.77632980e+01
    9.18122101e+01 9.14123306e+01 8.91712799e+01 9.02266846e+01
    9.22696609e+01 9.63660583e+01 9.37550507e+01 9.56358795e+01
    9.47082748e+01 9.59294052e+01 9.67095413e+01 9.32366867e+01
    9.53075790e+01 9.56604156e+01 9.50438995e+01 9.78761597e+01
    1.00146706e+02 9.70672989e+01 9.91410904e+01 9.64421234e+01
    9.41375275e+01 9.50547256e+01 9.48024063e+01 9.43004150e+01
    9.36659470e+01 9.06863937e+01 9.25187454e+01 9.30214996e+01
    9.18044891e+01 9.40080338e+01 8.99203110e+01 9.63540955e+01
    9.00751724e+01 8.78292618e+01 9.22947388e+01 9.10843506e+01
    9.06882477e+01 9.13938675e+01 9.20102615e+01 9.42373962e+01
    9.25798492e+01 9.36108704e+01 9.47607956e+01 9.26873856e+01
    9.32967148e+01 9.41473999e+01 9.54039459e+01 9.28728943e+01
    9.34846420e+01 9.26450500e+01 9.10031052e+01 9.49035950e+01
    9.16673279e+01 9.33048477e+01 9.61493454e+01 9.44985275e+01
    9.47464752e+01 9.45036240e+01 9.12865295e+01 8.84552460e+01
    9.00439377e+01 8.98760986e+01 8.86929169e+01 8.87742691e+01
    8.96636276e+01 9.39710007e+01 9.51759644e+01 9.11551361e+01
    8.96134796e+01 9.35455856e+01 9.33349686e+01 9.24456406e+01
    9.11494522e+01 9.05492554e+01 8.90472794e+01 9.31285934e+01
    9.22892685e+01 9.35576935e+01 9.40020676e+01 9.67586899e+01
    9.41560745e+01 9.48296127e+01 9.38018188e+01 9.26848984e+01
    9.19220810e+01 9.33562164e+01 9.19850540e+01 9.06085281e+01
    9.03156891e+01 8.89224091e+01 8.69853058e+01 8.83343430e+01
    9.01323624e+01 8.77557907e+01 8.92000046e+01 8.92775574e+01
    8.77656555e+01 8.63876419e+01 8.82964020e+01 8.70078049e+01
    8.98094101e+01 8.53338470e+01 8.36193619e+01 8.49589233e+01
    8.64976730e+01 8.72961044e+01 8.59299164e+01 8.79856033e+01
    8.43934250e+01 8.58249893e+01 8.80163956e+01 8.45355225e+01
    8.95237961e+01 8.54712524e+01 8.69415054e+01 8.65101624e+01
    8.71580734e+01 8.68421707e+01 9.04338379e+01 8.67553787e+01
    8.66127777e+01 8.71392822e+01 8.92559967e+01 8.68406525e+01
    8.94313202e+01 8.73127975e+01 9.03533249e+01 8.67285767e+01
    9.09091415e+01 8.71573944e+01 8.74794846e+01 8.87425308e+01
    8.95642929e+01 8.98617325e+01 9.13327179e+01 8.57454910e+01
    8.95185776e+01 8.93805237e+01 9.05687714e+01 8.59443359e+01
    8.92124786e+01 9.03848495e+01 9.05964890e+01 9.17416840e+01
    9.05858231e+01 9.04094238e+01 9.03497772e+01 9.21191483e+01
    9.02801437e+01 8.95453339e+01 8.81093979e+01 9.02200317e+01
    8.68850632e+01 8.95133667e+01 8.69821320e+01 8.82005920e+01
    8.59144363e+01 8.71531372e+01 8.44054337e+01 8.23796692e+01
    8.39029922e+01 8.44439926e+01 8.53903732e+01 8.37105789e+01
    8.59000473e+01 8.75082703e+01 8.68972092e+01 8.63333969e+01
    8.91562424e+01 8.69408035e+01 8.99315872e+01 8.81782303e+01
    8.93943558e+01 0. 9.36717300e+01 1.01281082e+02 9.32689590e+01
    9.12932205e+01 9.07918701e+01 9.44647217e+01 9.36211319e+01
    9.73291016e+01 9.36985321e+01 9.07102585e+01 9.49900894e+01
    9.18097916e+01 9.25976028e+01 8.97526932e+01 9.17933044e+01
    9.02510910e+01 8.69111710e+01 9.22238541e+01 9.23561935e+01
    9.02793884e+01 8.87403336e+01 9.15130692e+01 8.86762543e+01
    9.10745773e+01 8.99501266e+01 8.91058044e+01 9.25304718e+01
    9.21817169e+01 9.39190369e+01 9.71219101e+01 9.25748062e+01
    9.31029816e+01 9.42166290e+01 9.49344025e+01 9.63379898e+01
    9.29941635e+01 9.25598831e+01 8.90648041e+01 9.58183594e+01
    9.24732361e+01 9.34319382e+01 9.50228195e+01 9.54981689e+01
    9.52120667e+01 9.40474472e+01 9.19696045e+01 9.21771240e+01
    9.08598938e+01 9.26533127e+01 9.23814392e+01 8.99465485e+01
    9.07599182e+01 9.24377365e+01 8.99565506e+01 9.19169540e+01
    9.31706085e+01 8.87085342e+01 8.90311737e+01 8.75044479e+01
    8.88929596e+01 8.79971390e+01 8.82444305e+01 8.83073425e+01
    8.67720795e+01 9.06843567e+01 9.18006134e+01 9.08663254e+01
    9.36698380e+01 9.13955994e+01 9.57192383e+01 9.62941589e+01
    9.62604141e+01 9.45639420e+01 9.50243683e+01 9.35007172e+01
    9.63185425e+01 9.55109558e+01 9.78242722e+01 9.85923233e+01
    9.90423584e+01 9.95645905e+01 9.66339417e+01 9.83560181e+01
    9.74351273e+01 9.80809937e+01 9.93044052e+01 9.52736282e+01
    9.49533463e+01 9.34093094e+01 9.60744324e+01 9.27227478e+01
    9.34218674e+01 9.26018372e+01 9.51835175e+01 8.88461456e+01
    9.22568130e+01 9.13307343e+01 8.96953888e+01 9.02084045e+01
    9.01192551e+01 9.21447983e+01 9.06966476e+01 9.33819199e+01
    9.21324768e+01 9.20550079e+01 9.32571182e+01 9.45394821e+01
    9.78958664e+01 9.39248047e+01 9.50422134e+01 9.54455566e+01
    9.57438812e+01 9.30654831e+01 9.23015518e+01 9.37275238e+01
    9.76434250e+01 9.24605484e+01 9.71168289e+01 9.66347580e+01
    9.68289642e+01 9.94855957e+01 9.68782730e+01 9.01128464e+01
    9.38057327e+01 9.10798874e+01 9.14843292e+01 8.86261139e+01
    8.71908493e+01 9.45517654e+01 9.58730545e+01 9.51827621e+01
    9.47302322e+01 9.32936325e+01 8.90365143e+01 9.19899445e+01
    9.17639084e+01 9.14770584e+01 9.16297073e+01 9.02993774e+01
    9.14129944e+01 9.09645309e+01 9.22990875e+01 9.26568451e+01
    9.73047180e+01 9.54659958e+01 9.50059814e+01 9.42139130e+01
    9.07529221e+01 9.12963333e+01 9.15938339e+01 9.13645935e+01
    8.86949844e+01 8.75372467e+01 8.75259781e+01 8.61034012e+01
    8.79067383e+01 8.73115845e+01 8.65242538e+01 8.86063385e+01
    8.98977661e+01 8.79442291e+01 8.49193802e+01 8.44508362e+01
    8.75724030e+01 8.66706467e+01 8.52779007e+01 8.72183685e+01
    8.47473907e+01 8.17766266e+01 8.67634048e+01 8.39377518e+01
    8.78039856e+01 8.80235062e+01 8.67154617e+01 8.89324341e+01
    8.85723495e+01 9.02127075e+01 8.77354126e+01 8.68864899e+01
    8.75627899e+01 8.86486130e+01 8.85055466e+01 8.70286102e+01
    8.81122284e+01 8.72931976e+01 8.63726807e+01 8.78725357e+01
    8.63935852e+01 9.04973907e+01 8.93175049e+01 8.89052200e+01
    8.63396149e+01 8.93232727e+01 8.58890839e+01 8.60129776e+01
    8.76379166e+01 8.97845764e+01 8.91489410e+01 8.57336960e+01
    8.99239120e+01 8.89529343e+01 8.60831909e+01 8.88853912e+01
    9.02677536e+01 8.99721298e+01 9.04490051e+01 9.07651596e+01
    8.77547836e+01 9.18157806e+01 9.16987076e+01 8.84986267e+01
    8.62586899e+01 9.17529984e+01 8.56296387e+01 8.84343643e+01
    8.92501907e+01 8.87076340e+01 8.98058853e+01 8.73339005e+01
    8.26519928e+01 8.47563400e+01 8.39136276e+01 8.53916016e+01
    8.61899490e+01 8.67490768e+01 8.46651001e+01 8.48991241e+01
    8.53088531e+01 8.63955002e+01 8.92009277e+01 8.85858078e+01
    8.82112122e+01 8.91039124e+01 9.15205612e+01 9.14499130e+01
    8.75676041e+01 8.92285614e+01 0. 9.26432114e+01 9.33914795e+01
    9.31286240e+01 9.50186844e+01 9.04419327e+01 9.25672989e+01
    9.18917618e+01 9.35001373e+01 9.15249405e+01 9.13691025e+01
    8.97838058e+01 9.16904526e+01 8.83018341e+01 9.16108093e+01
    9.12401276e+01 9.45706177e+01 8.97103119e+01 9.12330170e+01
    9.18164749e+01 9.36539612e+01 9.37559662e+01 9.02339554e+01
    8.67124176e+01 8.98845901e+01 8.95713120e+01 8.67406540e+01
    9.26634903e+01 9.36799698e+01 9.59651642e+01 9.39221039e+01
    9.52508392e+01 9.50425034e+01 9.64836578e+01 9.39894562e+01
    9.51310196e+01 9.92584229e+01 9.33068542e+01 9.72573547e+01
    9.41061401e+01 9.50765305e+01 9.93436661e+01 9.63839874e+01
    9.93409805e+01 9.23574066e+01 9.80053101e+01 9.04871063e+01
    9.32548599e+01 9.21613159e+01 9.25586472e+01 9.46094894e+01
    9.11005020e+01 9.12926483e+01 9.00254669e+01 9.02274628e+01
    9.04703369e+01 9.11851196e+01 8.47948990e+01 9.17990646e+01
    8.79576950e+01 8.94782791e+01 8.67705994e+01 8.68275375e+01
    8.56698380e+01 8.82099457e+01 8.79184113e+01 9.16888504e+01
    8.85410690e+01 8.99839401e+01 9.05526810e+01 9.33620758e+01
    9.15690002e+01 9.46175232e+01 9.39224091e+01 9.25766602e+01
    9.49877243e+01 9.76114502e+01 9.10973358e+01 9.82977142e+01
    9.77669373e+01 9.81112061e+01 9.68842850e+01 9.85217896e+01
    1.00411018e+02 9.79056015e+01 9.92396011e+01 9.65466995e+01
    9.55620728e+01 9.45199051e+01 9.67968140e+01 9.21502914e+01
    9.31430893e+01 9.15822067e+01 9.12397385e+01 9.29124756e+01
    9.26522141e+01 9.18264160e+01 9.36293182e+01 9.02368851e+01
    9.20173187e+01 9.12849731e+01 8.82698975e+01 9.19396591e+01
    8.93313217e+01 9.03945465e+01 9.42153091e+01 9.18711700e+01
    9.39402466e+01 9.47840576e+01 9.60769806e+01 9.53813324e+01
    9.38991470e+01 9.51107254e+01 9.58669205e+01 9.51946030e+01
    9.48881683e+01 9.60035706e+01 9.73232040e+01 9.88031845e+01
    9.59779358e+01 9.91161194e+01 9.78832474e+01 9.33314590e+01
    9.49981918e+01 9.12768402e+01 8.99090042e+01 8.79343643e+01
    9.24942551e+01 8.74077301e+01 9.39524231e+01 9.58857269e+01
    9.24621124e+01 9.16065445e+01 9.02081146e+01 9.06246033e+01
    9.34594879e+01 9.57514877e+01 9.02388458e+01 9.22075577e+01
    9.20566711e+01 8.92110596e+01 9.04190826e+01 9.17845764e+01
    9.16884155e+01 9.35325165e+01 9.47329254e+01 9.42235184e+01
    8.91845551e+01 9.24051208e+01 9.27091446e+01 9.12352371e+01
    9.13778839e+01 9.06193924e+01 9.01835861e+01 8.68749084e+01
    8.70465012e+01 8.54337463e+01 8.71242981e+01 8.92400742e+01
    8.81940765e+01 8.75606384e+01 8.81134415e+01 8.44636917e+01
    8.65696869e+01 8.50856781e+01 8.57253876e+01 8.61858139e+01
    8.43948364e+01 8.48541565e+01 8.79400940e+01 8.63568192e+01
    8.77003326e+01 8.54798203e+01 8.77648544e+01 8.93319321e+01
    8.81007462e+01 9.16512451e+01 8.81829529e+01 8.96316757e+01
    9.00720291e+01 9.11130600e+01 8.97133484e+01 8.60615463e+01
    8.62851257e+01 8.81532059e+01 8.82008743e+01 8.70690308e+01
    8.64970016e+01 8.80007248e+01 8.78323135e+01 8.63670044e+01
    8.43800507e+01 8.55661316e+01 8.52083893e+01 8.74027634e+01
    8.59898453e+01 8.26528168e+01 8.87321014e+01 8.76991348e+01
    8.87920914e+01 8.45651474e+01 8.93757858e+01 8.68516006e+01
    8.89033127e+01 8.80011292e+01 9.12548981e+01 9.04306717e+01
    8.89315414e+01 9.24090652e+01 9.12529449e+01 9.26561661e+01
    8.97935562e+01 8.82462463e+01 9.01965942e+01 8.86734772e+01
    8.87170792e+01 8.64154434e+01 8.67185059e+01 8.59982224e+01
    9.06892242e+01 8.61432037e+01 8.69847870e+01 8.75485382e+01
    8.66555405e+01 8.34101410e+01 8.59668350e+01 8.48560257e+01
    8.49461441e+01 8.51144943e+01 8.85372314e+01 8.78957672e+01
    8.86459274e+01 9.08894501e+01 8.86275558e+01 9.02983398e+01
    9.00712280e+01 8.96865005e+01 8.87842331e+01 0. 9.43340988e+01
    9.16375351e+01 9.38514633e+01 9.01734543e+01 8.70236511e+01
    8.83144684e+01 9.32917786e+01 9.16713486e+01 9.24810638e+01
    9.44165268e+01 8.84983978e+01 9.30209045e+01 9.07934341e+01
    9.08560944e+01 9.15498657e+01 8.99965668e+01 9.31411057e+01
    9.15937500e+01 9.42571487e+01 9.29236679e+01 9.32762299e+01
    9.24600296e+01 8.85298157e+01 9.16322556e+01 9.05192566e+01
    9.26817017e+01 9.25291824e+01 9.50614929e+01 9.60275116e+01
    9.37152634e+01 9.31495132e+01 9.54373703e+01 9.39089813e+01
    9.62910919e+01 9.63979950e+01 9.62018280e+01 9.31792221e+01
    9.62733917e+01 9.58338318e+01 9.53304901e+01 9.71685181e+01
    9.75875397e+01 9.75942841e+01 9.61392899e+01 9.55647736e+01
    9.52023926e+01 9.19732208e+01 9.45420837e+01 9.64661484e+01
    9.69261627e+01 9.38157043e+01 9.12776031e+01 9.29447403e+01
    9.00342789e+01 9.37987823e+01 9.09965591e+01 8.74191971e+01
    8.83442764e+01 8.82093353e+01 8.85275269e+01 8.54275589e+01
    8.71136551e+01 8.69551620e+01 9.10386810e+01 8.59995117e+01
    8.98051147e+01 9.34643707e+01 9.26900864e+01 9.03140106e+01
    9.25172806e+01 9.55513763e+01 9.36265488e+01 9.77901001e+01
    9.06573181e+01 9.27428741e+01 9.61417084e+01 9.56493912e+01
    9.68401031e+01 9.73432617e+01 9.85121307e+01 9.71288834e+01
    9.76003036e+01 9.74374542e+01 9.54873123e+01 9.81850128e+01
    9.52799072e+01 9.64044571e+01 9.59136505e+01 9.25234451e+01
    9.48321533e+01 9.08684998e+01 9.24982071e+01 9.06477509e+01
    9.27632980e+01 8.89460220e+01 9.31036682e+01 8.87460327e+01
    9.13596268e+01 8.78356094e+01 9.32441940e+01 9.14338150e+01
    9.14925690e+01 9.03382187e+01 8.86267395e+01 9.27434616e+01
    8.99722214e+01 9.21965027e+01 9.36523361e+01 9.32354355e+01
    9.44307938e+01 9.29783859e+01 9.01625443e+01 9.34496002e+01
    9.17610016e+01 9.48251953e+01 9.33845291e+01 9.52653275e+01
    9.52070694e+01 9.59260712e+01 9.16959229e+01 9.80009689e+01
    9.47635880e+01 8.98887329e+01 9.11717987e+01 9.19271469e+01
    9.14768906e+01 8.85489960e+01 8.98350677e+01 9.21549377e+01
    9.50093994e+01 9.42784653e+01 9.50672073e+01 9.24343567e+01
    9.16779404e+01 9.07243423e+01 9.68989487e+01 9.06040192e+01
    9.33913040e+01 9.20807571e+01 9.00341492e+01 9.38667450e+01
    9.48642807e+01 9.44196014e+01 9.63822174e+01 9.76880417e+01
    9.35757904e+01 9.64419861e+01 9.31792831e+01 9.04948273e+01
    9.05853577e+01 9.01333160e+01 8.81764297e+01 9.08543320e+01
    8.67206345e+01 8.73788147e+01 8.38532257e+01 8.61117935e+01
    8.64143372e+01 8.68272934e+01 8.72121124e+01 8.65166168e+01
    8.33116837e+01 8.60643082e+01 8.59041595e+01 8.62015839e+01
    8.50717926e+01 8.58467255e+01 8.69742279e+01 8.87248383e+01
    8.98716965e+01 8.84188919e+01 8.81068344e+01 8.87298889e+01
    9.14802933e+01 8.85464401e+01 8.95828934e+01 9.01193924e+01
    8.85614243e+01 8.93108139e+01 8.85241165e+01 8.65882416e+01
    8.70782242e+01 8.91498413e+01 8.86964645e+01 8.63557816e+01
    8.70909729e+01 8.60034943e+01 8.81193695e+01 8.49512405e+01
    8.90696259e+01 8.41012192e+01 8.40940552e+01 8.97685013e+01
    8.54610901e+01 8.53647537e+01 8.58352509e+01 8.78110809e+01
    8.59695816e+01 9.07514420e+01 8.59468384e+01 8.26526566e+01
    8.65120087e+01 8.55337448e+01 8.87807693e+01 8.73831253e+01
    8.75169830e+01 9.14033661e+01 8.47657471e+01 9.04421539e+01
    9.05683441e+01 9.04444885e+01 8.51027527e+01 8.98189545e+01
    8.95510941e+01 8.74114456e+01 8.87536316e+01 8.67247696e+01
    9.07602997e+01 8.91319427e+01 8.90082550e+01 8.81642761e+01
    8.48038712e+01 8.72327957e+01 8.72667694e+01 8.45000305e+01
    8.32539749e+01 8.92732239e+01 8.46127014e+01 8.55721664e+01
    8.62620316e+01 8.85639725e+01 8.77410889e+01 8.86533279e+01
    8.70695572e+01 8.76177673e+01 8.64348297e+01 8.97953415e+01 0.
    8.95438766e+01 9.21250687e+01 8.61720963e+01 9.01607285e+01
    8.92796402e+01 9.07399216e+01 9.07553864e+01 9.39260101e+01
    9.24830475e+01 9.13881454e+01 9.30666428e+01 8.97864380e+01
    8.91693115e+01 8.82692261e+01 9.29251099e+01 9.12136536e+01
    8.97257538e+01 9.01558609e+01 8.97239761e+01 9.18745575e+01
    9.17369690e+01 8.99781342e+01 9.10011139e+01 9.00521317e+01
    9.09636078e+01 9.40451889e+01 9.23085327e+01 9.54512558e+01
    9.55549240e+01 9.53807373e+01 9.26856461e+01 9.51880875e+01
    9.20427094e+01 9.44870911e+01 9.41488800e+01 9.83471756e+01
    9.46484299e+01 9.63574371e+01 9.27387848e+01 9.48186951e+01
    9.76881638e+01 9.68414078e+01 9.62356720e+01 9.64569244e+01
    9.46614761e+01 9.50550690e+01 9.22758636e+01 9.22429428e+01
    9.23634262e+01 9.49055862e+01 9.38758698e+01 9.28465652e+01
    9.26698990e+01 9.26236725e+01 8.86419296e+01 9.08847351e+01
    9.03906708e+01 8.67828140e+01 8.67463303e+01 8.85002441e+01
    8.76510696e+01 8.61199265e+01 8.32582855e+01 8.73550262e+01
    8.76089478e+01 8.95160904e+01 9.04969101e+01 9.13513260e+01
    9.37965012e+01 9.16444168e+01 9.46680832e+01 9.52305222e+01
    9.09602966e+01 9.05984192e+01 9.41112900e+01 9.19602203e+01
    9.71042709e+01 9.31697311e+01 9.77252045e+01 9.50281372e+01
    9.62905731e+01 9.68940964e+01 9.57657394e+01 9.39664612e+01
    9.49385681e+01 9.54214096e+01 9.03836136e+01 9.69631729e+01
    9.06736832e+01 9.01994781e+01 8.92633362e+01 9.18434143e+01
    9.12694397e+01 9.17301483e+01 9.20318451e+01 8.77126617e+01
    8.80654144e+01 8.42232285e+01 9.01024094e+01 8.96694946e+01
    8.65628738e+01 8.54653778e+01 8.78820801e+01 8.60727692e+01
    8.79391785e+01 9.05523148e+01 8.73339539e+01 9.32982025e+01
    9.28816299e+01 9.15413742e+01 8.73829193e+01 9.20372620e+01
    8.94204941e+01 9.44328384e+01 9.18559418e+01 9.30172806e+01
    9.26018906e+01 9.64472885e+01 9.41560669e+01 9.65230637e+01
    9.48099594e+01 9.50304489e+01 9.34512558e+01 9.48224792e+01
    9.00629654e+01 8.98516235e+01 9.44832077e+01 9.10012360e+01
    9.05972519e+01 9.39228287e+01 9.32600403e+01 9.37800522e+01
    9.22364655e+01 8.88446198e+01 9.30956192e+01 9.07315369e+01
    9.17008667e+01 9.23630447e+01 9.13684464e+01 8.86105042e+01
    9.37552643e+01 9.26466064e+01 9.47525482e+01 9.59753494e+01
    9.59175491e+01 9.60907288e+01 9.59640808e+01 9.05552826e+01
    8.95205688e+01 8.88703995e+01 8.98099060e+01 8.81348953e+01
    9.06553574e+01 8.43805618e+01 8.49305267e+01 8.44803619e+01
    8.90010147e+01 8.73810196e+01 9.10379715e+01 8.72311554e+01
    8.65321960e+01 8.54720840e+01 8.54471436e+01 8.61194229e+01
    8.46630859e+01 8.82237701e+01 8.60678406e+01 8.68934402e+01
    8.87394714e+01 8.49719086e+01 8.85479507e+01 8.92964706e+01
    8.99556503e+01 9.09159012e+01 8.87044525e+01 9.37890015e+01
    8.77564240e+01 8.91963654e+01 8.61363297e+01 8.90159378e+01
    8.80072479e+01 8.82661514e+01 8.55641327e+01 8.64757538e+01
    8.66489868e+01 8.79137039e+01 8.62713928e+01 8.44383621e+01
    8.81339645e+01 8.78959808e+01 8.34250641e+01 8.25003815e+01
    8.50723114e+01 8.60547791e+01 8.83170929e+01 8.68753510e+01
    8.51508789e+01 8.69074783e+01 8.63526917e+01 8.28639679e+01
    8.39306030e+01 8.71707687e+01 8.56599731e+01 8.66346054e+01
    8.95926971e+01 8.55174561e+01 8.88176498e+01 8.87842789e+01
    8.95166550e+01 8.94587784e+01 9.07077484e+01 8.75628128e+01
    8.55362930e+01 8.94332275e+01 8.81562958e+01 8.59805984e+01
    8.52925262e+01 8.68366852e+01 8.72795334e+01 8.78675690e+01
    8.60406952e+01 8.68702011e+01 8.55998840e+01 8.58508530e+01
    8.57376328e+01 8.67856598e+01 8.43320847e+01 8.49459381e+01
    9.02071152e+01 8.74011917e+01 8.84120712e+01 8.76953278e+01
    8.98064575e+01 8.86007462e+01 9.16517181e+01 8.94999390e+01
    9.07519073e+01 0. 9.47260208e+01 9.63542786e+01 8.99415283e+01
    9.06225281e+01 9.51328430e+01 8.80584335e+01 9.27448654e+01
    9.33483582e+01 9.49428177e+01 9.28954849e+01 9.21253281e+01
    9.12794647e+01 9.09623337e+01 9.14666290e+01 9.19920425e+01
    8.95667267e+01 9.20002213e+01 9.01531982e+01 8.86301804e+01
    9.62328262e+01 9.42660980e+01 9.29167709e+01 9.38425064e+01
    9.12322845e+01 8.78590469e+01 9.18217239e+01 9.42617798e+01
    9.14905930e+01 9.50865021e+01 9.49683075e+01 9.21914902e+01
    9.62012482e+01 9.39520340e+01 9.39916458e+01 9.44921646e+01
    9.57005463e+01 9.42267075e+01 9.50429993e+01 9.47958527e+01
    9.40264053e+01 9.54158707e+01 9.67364120e+01 9.69508209e+01
    9.74891052e+01 9.14529572e+01 9.65044937e+01 9.27524261e+01
    8.99659119e+01 9.61645813e+01 9.46755829e+01 9.25177231e+01
    9.21920929e+01 8.99167328e+01 8.89052124e+01 8.78934250e+01
    8.73919754e+01 9.03144989e+01 8.77690353e+01 8.96775665e+01
    8.95725098e+01 8.88476944e+01 8.65514755e+01 8.61903305e+01
    8.85038986e+01 8.84106140e+01 9.14061813e+01 9.26168137e+01
    9.03391876e+01 9.12338562e+01 8.99258881e+01 9.22896271e+01
    9.39975357e+01 9.41301117e+01 9.34701538e+01 9.03361130e+01
    9.30619125e+01 9.53605194e+01 9.52925339e+01 9.57941589e+01
    9.51547546e+01 9.68923111e+01 9.65793304e+01 9.40287399e+01
    9.35713348e+01 9.42653427e+01 9.18065186e+01 9.32461929e+01
    9.29079208e+01 9.28110886e+01 8.85478363e+01 9.14417343e+01
    8.84162140e+01 9.19351425e+01 9.21441422e+01 8.53399811e+01
    8.79616165e+01 8.84804001e+01 8.64107819e+01 8.76099625e+01
    8.76881943e+01 8.62450104e+01 8.85407791e+01 8.75548553e+01
    8.90573502e+01 8.42917786e+01 8.84789352e+01 9.10145874e+01
    9.19177170e+01 8.74854965e+01 9.09758224e+01 9.11829987e+01
    9.19525452e+01 8.97437592e+01 9.24725952e+01 9.42674332e+01
    9.12863998e+01 9.28787766e+01 9.56174393e+01 9.54307938e+01
    9.44684906e+01 9.55044785e+01 9.15860367e+01 9.28830261e+01
    9.08875198e+01 8.95794525e+01 8.95445709e+01 8.89472122e+01
    8.85745316e+01 9.14008865e+01 9.38063889e+01 9.18553848e+01
    9.13439484e+01 9.22515106e+01 9.08613815e+01 8.93181458e+01
    9.13811722e+01 9.18390579e+01 9.21149673e+01 8.73277817e+01
    8.80785980e+01 8.64301147e+01 9.42419357e+01 9.41175995e+01
    9.73353729e+01 9.43944702e+01 9.26152649e+01 9.19227905e+01
    9.13503342e+01 8.72557983e+01 8.97588654e+01 8.69744797e+01
    8.93535004e+01 8.84753342e+01 8.74672546e+01 8.53461227e+01
    8.77564697e+01 8.91443863e+01 8.56203613e+01 8.85576935e+01
    8.84256516e+01 8.81958313e+01 8.37301712e+01 8.76102066e+01
    8.48366165e+01 8.57678299e+01 8.60678787e+01 8.58119965e+01
    8.51530838e+01 8.85912018e+01 8.70799332e+01 8.80273743e+01
    8.92187271e+01 8.75213928e+01 8.79720306e+01 9.15697556e+01
    8.85832062e+01 9.13338623e+01 9.08954926e+01 9.14934006e+01
    8.86131363e+01 8.69034042e+01 9.01812286e+01 8.69703674e+01
    8.87078323e+01 8.49501190e+01 8.78088379e+01 8.66681976e+01
    8.52084656e+01 8.70969849e+01 8.86641312e+01 8.57678223e+01
    8.44219208e+01 8.61121597e+01 8.66557617e+01 8.61556244e+01
    8.85825653e+01 8.33959808e+01 8.43214874e+01 8.68233109e+01
    8.70252304e+01 8.45245895e+01 8.68358307e+01 8.70165482e+01
    8.94467621e+01 8.78324509e+01 8.60359344e+01 8.90730820e+01
    9.00035858e+01 8.83128815e+01 9.21851730e+01 9.03463821e+01
    8.85150604e+01 8.91529465e+01 9.15680847e+01 8.90053711e+01
    8.50959396e+01 8.96877594e+01 8.38663101e+01 8.90072708e+01
    8.80133286e+01 8.84109421e+01 8.66109009e+01 8.85569839e+01
    8.48217926e+01 8.64787903e+01 8.64255142e+01 8.69906845e+01
    8.73489151e+01 8.73860703e+01 8.83305893e+01 8.85156403e+01
    9.20772400e+01 9.01136551e+01 9.16222458e+01 9.43752289e+01
    9.20465851e+01 8.87938766e+01 0. 9.82531738e+01 9.36531067e+01
    9.15700378e+01 9.06906052e+01 9.17421036e+01 9.22284698e+01
    9.04314041e+01 9.46968384e+01 9.43745346e+01 9.34831772e+01
    9.27539902e+01 9.22381363e+01 9.23071976e+01 8.98056183e+01
    9.14075775e+01 8.98259430e+01 8.97611008e+01 9.32084045e+01
    9.49547577e+01 9.23800125e+01 9.28508301e+01 9.16898804e+01
    9.17191315e+01 9.12227707e+01 9.12707520e+01 9.27989731e+01
    9.08517532e+01 8.95180588e+01 9.27413406e+01 9.40179062e+01
    9.18714752e+01 9.49723892e+01 9.24016037e+01 9.35354691e+01
    9.48943558e+01 9.18190613e+01 9.77150345e+01 9.33101730e+01
    9.04119415e+01 9.21882935e+01 9.31206741e+01 9.27067719e+01
    9.51644516e+01 9.49797974e+01 9.40293732e+01 9.22611465e+01
    8.90819092e+01 8.99735107e+01 9.16100616e+01 9.26562347e+01
    8.90433502e+01 9.39287949e+01 9.09979172e+01 9.08348618e+01
    8.87617493e+01 8.98483124e+01 9.00575943e+01 8.81414108e+01
    8.93451614e+01 8.73981552e+01 8.65742416e+01 8.57979355e+01
    8.66552811e+01 8.63447876e+01 8.73691864e+01 9.30640106e+01
    9.10645905e+01 9.02209854e+01 9.13400192e+01 8.98043289e+01
    8.98895721e+01 9.26959229e+01 9.20916748e+01 9.12043915e+01
    9.11697617e+01 8.84369125e+01 9.55819016e+01 9.31670074e+01
    9.65105438e+01 9.44603653e+01 9.58622437e+01 9.52361755e+01
    9.44521408e+01 9.18395615e+01 9.62016373e+01 9.32799606e+01
    9.31615295e+01 9.42852783e+01 9.28674240e+01 8.95536194e+01
    9.08466415e+01 9.03237228e+01 9.02651749e+01 9.38044128e+01
    9.04699707e+01 8.93732986e+01 8.85934677e+01 9.03805008e+01
    9.17805939e+01 9.19893112e+01 8.57047882e+01 8.83066025e+01
    8.75885315e+01 8.74976807e+01 8.95597610e+01 8.88350372e+01
    9.02079239e+01 9.17368088e+01 9.08087158e+01 9.32027588e+01
    9.17716599e+01 9.30333710e+01 9.21346588e+01 9.29351044e+01
    9.13605652e+01 9.22316742e+01 9.47681351e+01 9.18367844e+01
    9.44115143e+01 9.38307571e+01 9.47291870e+01 9.05856552e+01
    9.24992371e+01 9.29420929e+01 8.81990356e+01 8.67098541e+01
    8.72806015e+01 8.73517609e+01 8.79371414e+01 9.24291458e+01
    9.07833481e+01 9.14919662e+01 8.96098862e+01 8.85563507e+01
    8.95218277e+01 9.13299713e+01 9.25017166e+01 8.85250778e+01
    8.92412567e+01 9.24985352e+01 9.01342392e+01 9.53780975e+01
    9.27002640e+01 9.47664185e+01 9.52341614e+01 9.30367126e+01
    9.28532867e+01 8.96457214e+01 8.88463593e+01 8.77151871e+01
    9.04698257e+01 8.98155899e+01 9.05150452e+01 8.92637253e+01
    8.54290085e+01 8.61762085e+01 8.55642471e+01 8.87284775e+01
    8.84801865e+01 8.66970901e+01 8.54377365e+01 8.48403778e+01
    8.66694412e+01 8.62776108e+01 8.92363205e+01 8.59070435e+01
    8.72184830e+01 8.49821548e+01 8.92959061e+01 8.90635605e+01
    8.76869583e+01 8.84541016e+01 8.60524139e+01 9.20114212e+01
    9.51487274e+01 9.18678589e+01 9.17911301e+01 9.07548523e+01
    8.84744873e+01 8.48767014e+01 8.71426086e+01 8.68352966e+01
    8.93775940e+01 8.85980759e+01 8.65760651e+01 8.72398453e+01
    8.81046066e+01 8.71742935e+01 8.33672180e+01 8.71091766e+01
    8.74440765e+01 8.62287903e+01 8.28530502e+01 8.25640793e+01
    8.67632370e+01 8.23055801e+01 8.58233337e+01 8.66894684e+01
    8.41977539e+01 8.28392792e+01 8.25538483e+01 8.32333679e+01
    8.23890762e+01 8.62394257e+01 8.79182053e+01 8.58418427e+01
    8.92131958e+01 8.76157990e+01 9.00725021e+01 9.07037964e+01
    9.05488510e+01 9.00252686e+01 8.88233948e+01 8.88031464e+01
    8.60994797e+01 9.00730438e+01 8.83950272e+01 8.77301865e+01
    9.18816757e+01 8.86026001e+01 8.94832458e+01 9.08735428e+01
    8.99451141e+01 8.82864685e+01 8.91271362e+01 9.02886429e+01
    8.53019409e+01 8.86812057e+01 8.90385742e+01 8.67627029e+01
    8.93055496e+01 8.96566620e+01 9.07634125e+01 8.97313080e+01
    9.29447403e+01 8.87981033e+01 9.09968643e+01 0. 9.19179688e+01
    9.49916229e+01 9.11507797e+01 9.15419617e+01 9.26939087e+01
    9.25212936e+01 9.52872467e+01 9.52192154e+01 9.29311142e+01
    9.47199707e+01 9.50705261e+01 9.01103516e+01 9.28261871e+01
    9.17382736e+01 9.06063766e+01 9.36632309e+01 9.54253769e+01
    9.34309845e+01 9.29426270e+01 9.42106018e+01 9.43686523e+01
    9.14488831e+01 9.23358765e+01 9.33248215e+01 9.00306091e+01
    9.22339020e+01 9.11227570e+01 9.09328690e+01 9.37739944e+01
    8.99230728e+01 9.39183273e+01 9.17272949e+01 9.22441940e+01
    9.06680832e+01 9.59926682e+01 9.41303558e+01 9.06437836e+01
    9.33354950e+01 9.12993698e+01 9.23166809e+01 9.29269409e+01
    9.34595566e+01 9.25938568e+01 9.20650558e+01 9.41679916e+01
    9.24598541e+01 9.00632782e+01 9.18490372e+01 9.35367279e+01
    9.32278137e+01 9.17176666e+01 9.22539062e+01 9.11616135e+01
    9.28750381e+01 8.81919556e+01 8.99852905e+01 8.91493683e+01
    8.98008881e+01 9.08668594e+01 8.65523682e+01 9.01925201e+01
    8.48913345e+01 8.64858170e+01 8.78283844e+01 9.11506958e+01
    9.24325790e+01 9.16518097e+01 9.02942963e+01 8.99979324e+01
    9.03755875e+01 9.42776184e+01 9.46163483e+01 9.11099625e+01
    9.30915298e+01 9.08048553e+01 9.29155884e+01 9.46437531e+01
    9.48229141e+01 9.51762009e+01 9.26685104e+01 9.50641632e+01
    9.60422287e+01 9.49027786e+01 9.13993454e+01 9.50153427e+01
    9.77538910e+01 9.41730881e+01 9.09221344e+01 9.23082428e+01
    9.16917496e+01 9.09597855e+01 9.07757645e+01 9.11277008e+01
    9.14552078e+01 9.15838776e+01 9.40018463e+01 9.24361420e+01
    9.03190918e+01 9.28216858e+01 9.15690308e+01 8.99117813e+01
    9.26747589e+01 8.99483032e+01 9.02587662e+01 8.98309479e+01
    8.81144714e+01 8.91969604e+01 8.99964905e+01 9.09171600e+01
    9.18286819e+01 9.13450470e+01 9.25901871e+01 9.18669586e+01
    8.96880188e+01 9.12363663e+01 8.95047684e+01 9.16493759e+01
    9.21589050e+01 8.83854523e+01 9.17116623e+01 8.98575211e+01
    9.31055527e+01 9.00116959e+01 8.87948303e+01 9.03385773e+01
    8.86641922e+01 8.62238312e+01 8.72686310e+01 9.35391922e+01
    9.20186691e+01 8.88935852e+01 9.12964783e+01 8.90302048e+01
    8.78762741e+01 8.90805740e+01 9.15994873e+01 9.20120468e+01
    9.44487762e+01 9.07483139e+01 8.81856232e+01 9.13013153e+01
    9.12243347e+01 9.19196548e+01 9.29070587e+01 9.61562424e+01
    9.27424774e+01 8.94189377e+01 9.19634705e+01 8.79036636e+01
    8.91495132e+01 8.92860489e+01 8.82673492e+01 8.81897430e+01
    8.75113373e+01 8.90617218e+01 8.51720352e+01 8.76093826e+01
    8.64968643e+01 8.78180313e+01 8.75860138e+01 8.83921738e+01
    8.70382004e+01 8.82823410e+01 8.72750549e+01 8.74280472e+01
    8.22565002e+01 8.95097733e+01 8.87533798e+01 8.84179153e+01
    8.63699875e+01 8.78432388e+01 8.69447174e+01 9.08831863e+01
    8.65191956e+01 8.88603287e+01 8.92881241e+01 8.88752441e+01
    8.83388214e+01 8.47769394e+01 8.23068237e+01 8.45459518e+01
    8.76056442e+01 8.78671570e+01 8.70902786e+01 8.51159668e+01
    8.70026245e+01 8.66910782e+01 8.49165878e+01 8.44962540e+01
    8.47506943e+01 8.57303619e+01 8.62947464e+01 8.38937073e+01
    8.17180252e+01 8.57417831e+01 8.72218781e+01 8.75400848e+01
    8.71567688e+01 8.37156601e+01 8.76399612e+01 8.66755447e+01
    8.53968277e+01 8.86022644e+01 8.92868271e+01 8.61090775e+01
    8.77942810e+01 8.98381271e+01 8.88845291e+01 8.87175446e+01
    9.34715652e+01 8.93550110e+01 8.80871201e+01 9.31523056e+01
    8.97527008e+01 8.88659363e+01 9.46875153e+01 9.11392288e+01
    9.11590042e+01 8.95868073e+01 9.38260422e+01 9.08767700e+01
    8.95326996e+01 9.01213760e+01 8.61819611e+01 8.69933853e+01
    8.51511536e+01 8.70587006e+01 8.45911713e+01 8.92003021e+01
    9.00888062e+01 8.98003311e+01 9.03539276e+01 9.19914932e+01
    9.24552765e+01 9.20287933e+01 8.99329300e+01 9.19319763e+01 0.
    9.36018829e+01 9.58579025e+01 9.37556915e+01 9.31297379e+01
    9.49663467e+01 9.64143524e+01 9.54460449e+01 9.37711258e+01
    9.65306244e+01 9.64020309e+01 9.56291122e+01 9.27420197e+01
    9.05822754e+01 9.71827621e+01 9.09975510e+01 9.27067871e+01
    9.31037521e+01 9.51615448e+01 9.18849945e+01 9.31423950e+01
    9.52891541e+01 9.47046204e+01 9.36749115e+01 9.06152802e+01
    9.36221008e+01 9.00530930e+01 9.05811462e+01 9.04965439e+01
    8.87720795e+01 9.36902084e+01 9.17807236e+01 9.24804001e+01
    9.21009140e+01 9.28999710e+01 9.11533432e+01 9.09361038e+01
    9.01491928e+01 9.21354904e+01 9.05945969e+01 9.09186249e+01
    9.32512283e+01 9.35940857e+01 9.46382523e+01 9.21088638e+01
    9.24563904e+01 9.17605743e+01 9.09807968e+01 9.18116989e+01
    8.90551224e+01 9.68102646e+01 9.22547836e+01 9.39890671e+01
    9.01233597e+01 9.16324844e+01 8.97024307e+01 8.56141434e+01
    8.99033661e+01 8.84451981e+01 8.97615967e+01 8.49597092e+01
    8.86149902e+01 8.60493469e+01 8.74234009e+01 8.56771851e+01
    9.00672379e+01 9.15282974e+01 9.08658905e+01 8.95294876e+01
    9.07150269e+01 8.90306931e+01 9.39454269e+01 9.10748444e+01
    8.95921326e+01 8.90315094e+01 9.20136108e+01 9.33073120e+01
    9.21711960e+01 9.00228271e+01 9.14102859e+01 9.33233490e+01
    9.23214645e+01 9.01832352e+01 9.60202255e+01 9.37206116e+01
    9.19468765e+01 9.18524551e+01 9.26498260e+01 9.52906113e+01
    9.75060043e+01 9.27376404e+01 9.25742340e+01 9.43807220e+01
    9.38416824e+01 9.27161789e+01 9.16224899e+01 9.20719376e+01
    9.10306168e+01 9.13326340e+01 9.30632401e+01 9.36064911e+01
    8.84014053e+01 9.24089966e+01 9.04558334e+01 9.35647202e+01
    8.86332626e+01 9.02835083e+01 8.93894043e+01 9.17589798e+01
    9.24755478e+01 9.21991577e+01 9.28709869e+01 8.81956253e+01
    9.24961395e+01 9.13579330e+01 9.20577316e+01 9.12378540e+01
    8.97263565e+01 9.07113342e+01 9.20172882e+01 9.14720001e+01
    9.36979141e+01 8.89594955e+01 9.23721771e+01 9.17970352e+01
    8.70399475e+01 8.72094650e+01 8.72171936e+01 9.00264359e+01
    9.31439362e+01 9.02534866e+01 9.17584991e+01 8.99683075e+01
    9.34692078e+01 9.19503021e+01 9.18936768e+01 9.42267075e+01
    9.04451370e+01 9.44706421e+01 9.19169922e+01 8.96628036e+01
    9.02674713e+01 8.94319839e+01 9.27258301e+01 9.48179245e+01
    9.34577866e+01 9.11545181e+01 9.19276505e+01 8.90807037e+01
    8.95451965e+01 8.89873047e+01 8.75204086e+01 8.94294586e+01
    8.92568512e+01 8.83918457e+01 8.43127975e+01 8.70650711e+01
    8.73155746e+01 8.55415039e+01 8.67801361e+01 8.52988663e+01
    8.84182968e+01 8.65816269e+01 8.72859344e+01 8.82779465e+01
    8.86319275e+01 8.59586029e+01 8.66196213e+01 8.53956070e+01
    8.89972076e+01 8.56694794e+01 8.62669449e+01 8.75940933e+01
    8.78575439e+01 8.59347076e+01 8.97852783e+01 8.60443039e+01
    8.65254974e+01 8.60400620e+01 8.55237732e+01 8.41799850e+01
    8.51288223e+01 8.44865723e+01 8.57682724e+01 8.59072113e+01
    8.51615677e+01 8.61321030e+01 8.51698837e+01 8.67160339e+01
    8.26445236e+01 8.66946259e+01 8.77841110e+01 8.85639572e+01
    8.70880585e+01 8.71897736e+01 8.54519958e+01 8.71722336e+01
    8.58855515e+01 8.87841415e+01 8.88425751e+01 8.94926147e+01
    9.07662125e+01 9.07238846e+01 8.95648270e+01 9.02654877e+01
    8.98022156e+01 9.21603317e+01 8.99589996e+01 9.05468140e+01
    9.01524887e+01 8.94598999e+01 9.18731003e+01 9.20614395e+01
    8.82736206e+01 8.96270294e+01 9.27963486e+01 8.65338669e+01
    8.84200592e+01 8.84648590e+01 9.05639725e+01 8.89196243e+01
    8.83151550e+01 8.52718582e+01 8.73815231e+01 8.82053223e+01
    8.68483200e+01 8.26851196e+01 8.70392990e+01 8.61664963e+01
    8.62625427e+01 8.39285278e+01 9.06502380e+01 9.14939346e+01
    8.98309937e+01 9.07698593e+01 8.52977982e+01 8.81498718e+01
    8.58114777e+01 0. 9.52084732e+01 9.73461075e+01 9.47497482e+01
    9.42922516e+01 9.53852158e+01 9.47858734e+01 9.29365616e+01
    1.01065727e+02 9.34369507e+01 9.44009094e+01 9.31504211e+01
    9.25762405e+01 8.90144806e+01 9.28976440e+01 9.34789276e+01
    9.36538162e+01 9.42011261e+01 9.28261795e+01 9.54979401e+01
    9.42208557e+01 9.31376648e+01 9.12778168e+01 9.02143326e+01
    9.38646469e+01 9.04286041e+01 8.80073929e+01 8.97222519e+01
    9.07838593e+01 9.19620209e+01 9.27729416e+01 9.38910370e+01
    9.12456665e+01 9.05959778e+01 9.42238464e+01 8.98653641e+01
    9.40196762e+01 8.64845886e+01 9.15934677e+01 9.22400818e+01
    9.00368271e+01 8.91828613e+01 8.73870468e+01 9.36691895e+01
    9.23094330e+01 9.14403839e+01 9.07224808e+01 9.09421997e+01
    9.04910660e+01 9.17141571e+01 9.22115479e+01 9.42486649e+01
    8.68305817e+01 9.18292923e+01 8.76892090e+01 8.77804718e+01
    9.03660049e+01 8.75161438e+01 8.85379562e+01 8.85230103e+01
    9.29414673e+01 8.68514175e+01 9.02677536e+01 8.86513138e+01
    8.82745209e+01 9.20921326e+01 8.75130234e+01 9.32342224e+01
    9.03114090e+01 9.15217819e+01 8.80898514e+01 8.99070053e+01
    9.06511841e+01 9.25627441e+01 8.98076553e+01 9.11705704e+01
    9.49978867e+01 9.08488922e+01 9.35417480e+01 9.36781158e+01
    9.55368195e+01 9.49093628e+01 9.49229584e+01 9.33652573e+01
    9.04782486e+01 9.43917160e+01 9.53231125e+01 9.90650406e+01
    9.46997986e+01 9.24751053e+01 9.24472733e+01 9.27057037e+01
    9.46146774e+01 9.13157272e+01 9.26224060e+01 9.00554428e+01
    9.73664322e+01 9.09226074e+01 9.16047058e+01 9.08508072e+01
    9.52416763e+01 9.62843399e+01 9.17044373e+01 9.02816849e+01
    9.02869110e+01 8.79860001e+01 8.99942856e+01 9.36018524e+01
    9.19011230e+01 8.92543640e+01 8.98967896e+01 9.37541351e+01
    8.97337570e+01 9.14262848e+01 9.07720184e+01 9.37671204e+01
    9.10882645e+01 9.29101257e+01 9.30691299e+01 9.05991440e+01
    9.25150299e+01 9.34810867e+01 9.52300034e+01 8.92283936e+01
    9.04147186e+01 8.92437057e+01 8.88367844e+01 8.80113525e+01
    9.03815536e+01 8.85395966e+01 9.18780289e+01 9.19846420e+01
    9.06554184e+01 9.00046997e+01 9.30868378e+01 9.34843597e+01
    9.32217789e+01 9.35205231e+01 9.40078430e+01 9.05552597e+01
    9.00885086e+01 9.17821121e+01 9.26524582e+01 9.69714661e+01
    9.40952835e+01 9.39738083e+01 9.48680115e+01 8.93339157e+01
    9.20260391e+01 8.92375259e+01 9.08856659e+01 9.26343460e+01
    8.75578461e+01 8.83693237e+01 8.83380127e+01 8.67548981e+01
    8.58098145e+01 8.61945343e+01 8.46628342e+01 8.42452545e+01
    8.47980347e+01 8.75189667e+01 8.70049438e+01 8.47347794e+01
    8.46581573e+01 8.45380859e+01 8.49814682e+01 8.62673645e+01
    8.40186768e+01 8.76384277e+01 8.44423218e+01 8.49731674e+01
    8.55960312e+01 8.70224686e+01 8.36357498e+01 8.47569504e+01
    8.77669449e+01 8.39708328e+01 8.76617508e+01 8.58866043e+01
    8.63139038e+01 8.51271896e+01 8.42797699e+01 8.82005768e+01
    8.41572113e+01 8.55454941e+01 8.82425079e+01 8.75779648e+01
    8.42533188e+01 8.78289337e+01 9.00790863e+01 8.45469666e+01
    8.94269867e+01 8.76259079e+01 8.51572723e+01 8.69626617e+01
    9.12425003e+01 8.78023911e+01 8.75708618e+01 8.63035736e+01
    8.74192352e+01 9.01057434e+01 8.78867493e+01 9.06257858e+01
    8.99491577e+01 9.03169098e+01 8.99880981e+01 8.84911423e+01
    8.77302628e+01 9.27728806e+01 9.02822647e+01 8.77403793e+01
    9.08936386e+01 9.03280869e+01 8.76961975e+01 8.55673294e+01
    8.72496109e+01 8.64274750e+01 9.13441238e+01 8.96887741e+01
    8.77432632e+01 8.96005783e+01 8.60238495e+01 8.51979294e+01
    8.40765457e+01 8.77236252e+01 8.39288177e+01 8.63726425e+01
    8.58099442e+01 8.59555511e+01 9.18436737e+01 8.68490601e+01
    8.68078308e+01 8.93791809e+01 8.59032211e+01 8.90552826e+01
    8.35084839e+01 8.78502045e+01 0. 9.56317673e+01 9.73057022e+01
    9.22642899e+01 9.30568924e+01 9.35509491e+01 9.48474045e+01
    9.51672211e+01 9.48970032e+01 9.68674698e+01 9.78001709e+01
    9.50879517e+01 9.19796753e+01 9.28710098e+01 9.17339325e+01
    9.46980972e+01 9.41565628e+01 9.53343811e+01 9.53481979e+01
    9.50504150e+01 9.49943466e+01 9.60975113e+01 9.36724777e+01
    8.83802567e+01 9.15329437e+01 9.02572937e+01 8.80056534e+01
    8.86740570e+01 8.81037979e+01 9.01335602e+01 9.17011642e+01
    9.41113434e+01 9.12492828e+01 9.10172577e+01 8.98985672e+01
    8.94840851e+01 9.48847809e+01 9.27563629e+01 8.93400574e+01
    9.02883148e+01 9.24190369e+01 9.36382217e+01 9.50289230e+01
    9.29173203e+01 9.19936676e+01 8.99304657e+01 9.00006409e+01
    9.17181473e+01 9.20793991e+01 9.18601379e+01 9.54720688e+01
    9.26254120e+01 9.17117996e+01 9.11208420e+01 8.96402130e+01
    8.64504395e+01 8.69495468e+01 8.88481293e+01 8.78925018e+01
    9.03129120e+01 8.88346786e+01 8.88934326e+01 9.07813568e+01
    9.16170959e+01 8.79099274e+01 9.35196609e+01 9.22200394e+01
    9.31194153e+01 9.20105591e+01 8.75852280e+01 9.07874680e+01
    9.14259186e+01 9.25257187e+01 9.31743088e+01 9.18399734e+01
    9.23203583e+01 9.41764603e+01 9.50017319e+01 9.30640335e+01
    9.27847824e+01 9.37743225e+01 9.23323135e+01 9.27849503e+01
    8.98780136e+01 9.48431778e+01 8.99305496e+01 9.01967468e+01
    9.18656311e+01 9.25826340e+01 8.98408813e+01 9.19650955e+01
    9.37762756e+01 9.11793137e+01 9.23920898e+01 9.38702850e+01
    9.12651062e+01 9.09163132e+01 9.21871796e+01 9.49111938e+01
    9.07495193e+01 9.41873245e+01 9.35994339e+01 8.95021591e+01
    9.36971054e+01 8.83378830e+01 9.02773361e+01 8.92973480e+01
    9.47919006e+01 9.25948486e+01 9.23471985e+01 9.01175613e+01
    9.16261139e+01 8.72604294e+01 9.09540253e+01 9.11100082e+01
    8.76463318e+01 8.89421463e+01 8.84997864e+01 9.08287964e+01
    9.30850296e+01 9.08985596e+01 9.33230057e+01 8.93896790e+01
    9.19665070e+01 9.07047577e+01 8.71566391e+01 8.79849777e+01
    8.85670929e+01 8.95376511e+01 9.07487564e+01 9.09281998e+01
    9.45469971e+01 9.38491440e+01 9.07152786e+01 9.27195511e+01
    9.19479904e+01 9.21887207e+01 9.11484451e+01 9.27371674e+01
    9.22293015e+01 9.22879257e+01 9.18437576e+01 9.17429962e+01
    9.10992050e+01 9.16055222e+01 9.35141754e+01 9.17988510e+01
    9.08718338e+01 8.81004105e+01 8.58004913e+01 8.64291534e+01
    8.55043335e+01 8.74620972e+01 8.66185608e+01 8.57278900e+01
    8.43275681e+01 8.30496979e+01 8.40152206e+01 8.56379166e+01
    8.77138290e+01 8.41868591e+01 8.54740448e+01 8.66595612e+01
    8.68785248e+01 8.63262405e+01 8.44441986e+01 8.51950760e+01
    8.47728424e+01 8.76040802e+01 8.93781586e+01 8.44678040e+01
    8.80198898e+01 8.74033356e+01 8.57031403e+01 8.48697739e+01
    8.91964951e+01 8.57951736e+01 8.74963989e+01 8.39344559e+01
    8.35871735e+01 8.58227692e+01 8.36242218e+01 8.63882446e+01
    8.48897476e+01 8.78572006e+01 8.63459091e+01 8.61269073e+01
    8.60653915e+01 8.88158722e+01 8.77508087e+01 8.59362717e+01
    8.91075211e+01 8.61520157e+01 8.62454376e+01 8.74181824e+01
    8.69107895e+01 8.63925095e+01 8.62255173e+01 8.85229874e+01
    8.57165985e+01 8.89801712e+01 8.63880386e+01 9.15211487e+01
    9.13235016e+01 9.34580994e+01 8.70394363e+01 9.00006790e+01
    8.90280075e+01 8.68691330e+01 8.64457474e+01 8.85168610e+01
    8.98021622e+01 8.92143478e+01 8.98243790e+01 8.98381882e+01
    9.09295120e+01 9.07275314e+01 8.97167206e+01 9.13836365e+01
    8.79001770e+01 8.87970886e+01 8.80179138e+01 8.59929123e+01
    8.53949203e+01 8.80029297e+01 8.76550293e+01 8.54391556e+01
    8.81359787e+01 8.58215256e+01 8.55597763e+01 8.33057175e+01
    8.86302490e+01 8.68152237e+01 8.66352768e+01 8.71138458e+01
    8.99556961e+01 8.48535614e+01 8.42948532e+01 0. 9.53207550e+01
    9.39804459e+01 9.63976212e+01 9.30122757e+01 9.69844131e+01
    9.48185730e+01 9.52774734e+01 9.55091248e+01 9.55523300e+01
    9.59588699e+01 9.16532745e+01 9.28224945e+01 8.88147964e+01
    9.04396133e+01 9.22103882e+01 9.67462769e+01 9.14271698e+01
    9.59065933e+01 9.59891739e+01 9.72198105e+01 9.27462769e+01
    9.02288895e+01 9.29495316e+01 8.83955307e+01 9.03997574e+01
    8.72636185e+01 9.10829620e+01 8.89913635e+01 9.15237503e+01
    9.34251022e+01 9.06893997e+01 9.20456161e+01 9.16872101e+01
    9.27231903e+01 9.29778214e+01 9.38717117e+01 9.12515945e+01
    9.10468597e+01 8.91639023e+01 8.85068436e+01 8.88698807e+01
    9.09013138e+01 9.06429138e+01 9.21836777e+01 9.33317337e+01
    9.21366730e+01 9.19937744e+01 9.35782623e+01 9.46685104e+01
    9.64393921e+01 9.48124771e+01 9.38554688e+01 9.16713715e+01
    9.15828857e+01 8.64403152e+01 8.96838074e+01 9.10205231e+01
    8.97935028e+01 9.02825012e+01 8.96918182e+01 8.87607117e+01
    8.69100494e+01 8.92621536e+01 8.63184280e+01 9.36208725e+01
    9.09727249e+01 9.29998703e+01 9.54359589e+01 9.07165604e+01
    9.02572784e+01 9.03768463e+01 9.38664932e+01 9.16501999e+01
    9.30988998e+01 9.02861481e+01 9.30434647e+01 9.26506119e+01
    8.96145020e+01 9.20600281e+01 9.25554504e+01 9.10184097e+01
    9.38193893e+01 9.46246490e+01 8.88708496e+01 9.09381485e+01
    9.26380157e+01 9.13682632e+01 9.59410934e+01 9.19146576e+01
    9.10623093e+01 9.24848633e+01 9.34616394e+01 9.26571732e+01
    9.28098755e+01 9.34437103e+01 9.21320801e+01 9.67443314e+01
    9.12697220e+01 9.25756302e+01 9.62800369e+01 9.38946381e+01
    9.17972336e+01 8.89565735e+01 9.05897598e+01 8.99388580e+01
    9.26319046e+01 9.35174866e+01 9.23421783e+01 9.19914474e+01
    8.96588364e+01 9.24646988e+01 8.95725479e+01 8.93554459e+01
    8.92143021e+01 8.66149750e+01 8.98877258e+01 8.88605957e+01
    9.25300598e+01 8.63983154e+01 9.05559998e+01 9.05567627e+01
    8.91581802e+01 9.03350754e+01 8.66977539e+01 8.99639740e+01
    8.89157944e+01 8.80546112e+01 8.82672653e+01 9.34234390e+01
    9.05326843e+01 9.17288818e+01 9.42697906e+01 9.20086899e+01
    9.27546387e+01 9.24971466e+01 9.58257141e+01 9.13650131e+01
    9.37495575e+01 9.43457260e+01 9.18389816e+01 9.39464569e+01
    9.43620148e+01 9.42770615e+01 9.42138290e+01 9.55240021e+01
    9.11419907e+01 9.01504288e+01 8.64869080e+01 8.67492599e+01
    8.96574478e+01 8.99222794e+01 8.90853806e+01 8.73345413e+01
    8.28946075e+01 8.57023315e+01 8.53526917e+01 8.64375381e+01
    8.73907089e+01 8.46516342e+01 8.91229019e+01 8.96475830e+01
    8.63910980e+01 8.51470490e+01 8.57793427e+01 8.54421616e+01
    8.26204758e+01 8.99354477e+01 8.65127411e+01 8.59826813e+01
    8.69999847e+01 8.76991882e+01 8.62858047e+01 8.90456772e+01
    8.40791550e+01 8.67090836e+01 8.50622025e+01 8.61361694e+01
    8.44706650e+01 8.34871979e+01 8.29014740e+01 8.49768219e+01
    8.76544800e+01 8.50013733e+01 8.90897675e+01 8.74174500e+01
    8.78679123e+01 8.66104050e+01 8.69725952e+01 8.79555130e+01
    8.93343430e+01 8.63105698e+01 8.64257660e+01 8.62028351e+01
    8.72872086e+01 8.55932083e+01 8.81716919e+01 9.23572540e+01
    8.96165771e+01 8.89327927e+01 9.16882706e+01 9.04725418e+01
    9.09147415e+01 9.18207550e+01 9.05265427e+01 8.54156799e+01
    8.52268829e+01 8.89641571e+01 8.77205734e+01 8.75141144e+01
    8.79299774e+01 8.94676285e+01 9.12522964e+01 9.56826859e+01
    8.87893372e+01 9.03220520e+01 8.90707397e+01 9.05763092e+01
    8.70191956e+01 8.61123581e+01 8.69398651e+01 8.62277374e+01
    8.08106232e+01 8.44367523e+01 8.20912933e+01 8.46229324e+01
    8.26449814e+01 8.81967316e+01 8.78028946e+01 8.51509247e+01
    8.70775757e+01 8.60978546e+01 8.41900711e+01 8.79976120e+01
    8.59636078e+01 8.71198654e+01 8.51524124e+01 8.41239471e+01 0.
    9.71994934e+01 9.49942322e+01 9.76265640e+01 9.49256897e+01
    9.33409195e+01 9.30450363e+01 9.47585373e+01 9.23655930e+01
    9.36126938e+01 9.47281342e+01 9.15153580e+01 9.26560287e+01
    9.32607040e+01 9.09685287e+01 9.02412643e+01 9.39135361e+01
    9.43841171e+01 9.40218124e+01 9.34712372e+01 9.50381317e+01
    9.50686874e+01 9.29789429e+01 9.00555649e+01 9.29597931e+01
    9.17295532e+01 8.91150589e+01 9.17041626e+01 9.06154633e+01
    9.28513794e+01 9.10921707e+01 9.28787537e+01 9.23629379e+01
    9.05874100e+01 9.33161774e+01 9.50182419e+01 9.21124802e+01
    9.38570328e+01 9.15125732e+01 9.02755432e+01 8.87724380e+01
    8.95040054e+01 8.88753815e+01 8.90869293e+01 9.16751938e+01
    9.03189240e+01 9.14510193e+01 9.21972198e+01 8.97275543e+01
    9.43219681e+01 9.59529724e+01 9.35816727e+01 9.12484741e+01
    8.82770004e+01 8.93582382e+01 8.77076950e+01 8.97702560e+01
    8.81865997e+01 9.00519943e+01 9.25526733e+01 9.06793594e+01
    8.84314270e+01 8.84778976e+01 8.90998306e+01 9.03858643e+01
    9.50308762e+01 9.31887970e+01 9.46800461e+01 8.94411011e+01
    9.19088440e+01 8.85094223e+01 9.45059204e+01 9.17136765e+01
    9.23108673e+01 9.07606735e+01 8.91374664e+01 9.21444092e+01
    9.37411423e+01 9.09834824e+01 9.22210083e+01 9.22271805e+01
    9.12870102e+01 9.36196518e+01 9.20683136e+01 9.09718781e+01
    9.21709213e+01 9.00428696e+01 9.34786072e+01 9.28519363e+01
    9.41952209e+01 9.10225983e+01 9.29282303e+01 9.36112137e+01
    9.51719055e+01 9.56912231e+01 9.15307846e+01 9.18824387e+01
    9.46960068e+01 9.40954285e+01 8.92222290e+01 9.37529449e+01
    9.11087112e+01 9.27271500e+01 8.85561523e+01 8.98734818e+01
    9.21549377e+01 9.18977356e+01 9.08730087e+01 9.16755371e+01
    8.80714874e+01 9.07531052e+01 8.83316193e+01 8.89715500e+01
    8.51942062e+01 8.81793594e+01 8.87453079e+01 8.52091522e+01
    8.92798843e+01 8.83230133e+01 9.02826538e+01 8.73159256e+01
    8.86079559e+01 8.76926193e+01 9.18561478e+01 8.87110672e+01
    8.60542908e+01 8.72182693e+01 8.75143738e+01 9.02953033e+01
    8.91042252e+01 9.23905640e+01 9.27182617e+01 9.05086746e+01
    9.21764450e+01 8.96352692e+01 9.16615219e+01 9.55288239e+01
    9.01324997e+01 9.35171051e+01 9.20826416e+01 9.02959061e+01
    8.78434753e+01 9.34437943e+01 9.24174347e+01 9.36059952e+01
    9.49385605e+01 9.32516022e+01 9.30052719e+01 9.15142899e+01
    9.14291840e+01 9.04618073e+01 8.85552597e+01 9.05154724e+01
    8.70038376e+01 8.82445526e+01 8.32891541e+01 8.82912369e+01
    8.64821167e+01 8.35417633e+01 8.75901871e+01 8.59759750e+01
    8.65741043e+01 8.67166519e+01 8.75681763e+01 8.48103561e+01
    8.38883591e+01 8.19677124e+01 8.44092407e+01 8.51923828e+01
    8.80095062e+01 8.75422211e+01 8.88935852e+01 8.47337036e+01
    8.36035995e+01 8.49431763e+01 8.57354584e+01 8.29886398e+01
    8.82675323e+01 8.48205338e+01 8.40502548e+01 8.28262634e+01
    8.66072006e+01 8.42486267e+01 8.87205353e+01 8.96091309e+01
    8.63783646e+01 9.16394806e+01 8.87147675e+01 8.98359451e+01
    8.92394409e+01 9.22036362e+01 8.84494247e+01 9.12240829e+01
    8.82551575e+01 9.13048630e+01 8.74179230e+01 9.03896103e+01
    9.16850204e+01 9.22938614e+01 8.96644974e+01 9.13567047e+01
    9.14397812e+01 9.05927505e+01 9.24477692e+01 9.25895309e+01
    8.77424927e+01 8.74377823e+01 8.52109528e+01 8.69316483e+01
    8.49880371e+01 8.86248932e+01 9.15262146e+01 9.04054260e+01
    8.76391220e+01 8.85566254e+01 8.72336044e+01 8.82423477e+01
    8.88364868e+01 8.65342712e+01 8.79496155e+01 8.65697861e+01
    8.74581299e+01 8.38934097e+01 8.45285416e+01 8.27086182e+01
    8.73336411e+01 8.21322708e+01 8.62433853e+01 8.56450958e+01
    8.50914154e+01 8.23239746e+01 8.59814758e+01 8.61356430e+01
    8.46526718e+01 8.66375732e+01 8.48019867e+01 8.26976318e+01
    8.52721252e+01 0. 9.59469681e+01 9.47269592e+01 9.36719437e+01
    9.33795166e+01 9.13464050e+01 9.44508362e+01 9.42002182e+01
    9.51673584e+01 9.44890671e+01 9.36488647e+01 9.75424042e+01
    9.29434662e+01 9.55307312e+01 9.27035522e+01 9.34607697e+01
    9.63594818e+01 9.55289993e+01 9.73312683e+01 9.41160812e+01
    9.68196487e+01 9.35421295e+01 9.47808304e+01 9.43590622e+01
    9.25460281e+01 9.23729858e+01 9.32211761e+01 9.06267929e+01
    9.36646652e+01 9.23312759e+01 9.13626862e+01 9.05032349e+01
    9.05852127e+01 9.14989471e+01 9.02504349e+01 9.23321304e+01
    8.90332565e+01 9.09796524e+01 9.09044952e+01 8.94849243e+01
    8.62483673e+01 8.95901718e+01 8.81218033e+01 9.38593903e+01
    9.01672363e+01 9.00066528e+01 9.03444977e+01 9.15670471e+01
    9.03095703e+01 8.77615356e+01 9.26905594e+01 8.92611847e+01
    9.22577209e+01 8.71790924e+01 8.84007339e+01 8.91787033e+01
    8.91496964e+01 8.52075958e+01 8.82988358e+01 9.15731354e+01
    8.96383286e+01 8.90582657e+01 8.78111725e+01 8.92453690e+01
    8.71862335e+01 8.95880585e+01 9.16202927e+01 9.12946472e+01
    9.20564804e+01 9.04781723e+01 8.79058914e+01 9.16992798e+01
    9.28467178e+01 9.22364273e+01 9.24244537e+01 8.98998032e+01
    9.38740463e+01 9.33213425e+01 8.96230774e+01 9.23883972e+01
    9.17066040e+01 9.41220016e+01 9.50057602e+01 9.21831970e+01
    9.11382065e+01 9.32907104e+01 9.04879227e+01 9.22582855e+01
    9.44839172e+01 8.90519562e+01 9.14852371e+01 9.34853439e+01
    9.28219910e+01 9.36514359e+01 9.39516602e+01 9.03733902e+01
    9.09385452e+01 9.53676224e+01 9.19531097e+01 9.43393021e+01
    9.37458725e+01 9.32095642e+01 9.10500641e+01 9.34981995e+01
    9.03313599e+01 9.14054184e+01 9.11018219e+01 8.99762192e+01
    9.47689209e+01 9.15403748e+01 8.87342529e+01 8.94697952e+01
    8.97745056e+01 8.51132278e+01 8.58734436e+01 8.75952682e+01
    8.83189240e+01 8.52808228e+01 8.86537857e+01 8.82119675e+01
    8.98747177e+01 9.03032913e+01 9.21504669e+01 8.89317017e+01
    8.64172211e+01 8.70537033e+01 8.39931183e+01 8.72666931e+01
    8.72819824e+01 8.66055832e+01 8.94235611e+01 9.14936752e+01
    9.09288254e+01 8.84170227e+01 8.94973984e+01 8.94909515e+01
    9.32349319e+01 9.53624573e+01 9.01758881e+01 9.16996994e+01
    9.41681519e+01 9.25124283e+01 9.21785812e+01 9.17743759e+01
    9.52418747e+01 9.23914490e+01 9.39424591e+01 9.21191330e+01
    9.39282913e+01 8.87442627e+01 9.15442352e+01 9.06509171e+01
    8.75240097e+01 8.82112045e+01 8.99331970e+01 8.53375244e+01
    8.63084946e+01 8.38644104e+01 8.65978012e+01 8.59620972e+01
    8.64315109e+01 8.69822769e+01 8.73109894e+01 8.59659119e+01
    8.34923401e+01 8.35852203e+01 8.37463531e+01 8.57503128e+01
    8.71640015e+01 8.71077499e+01 8.35831909e+01 8.53957291e+01
    8.66370697e+01 8.55792770e+01 8.48022385e+01 8.70568314e+01
    8.71413803e+01 8.83382568e+01 8.61455917e+01 8.56460037e+01
    8.61260071e+01 8.70327682e+01 8.62634583e+01 9.21484528e+01
    8.97811203e+01 8.88574142e+01 9.10449448e+01 9.14818802e+01
    9.08412247e+01 9.15493546e+01 9.20982971e+01 9.38636932e+01
    8.72244415e+01 9.09976730e+01 9.06993484e+01 9.03298111e+01
    9.24658356e+01 9.05700150e+01 9.40343704e+01 9.25550537e+01
    9.07775192e+01 8.95870209e+01 9.52840195e+01 8.76138458e+01
    9.11720963e+01 8.90254669e+01 8.87880096e+01 8.90680542e+01
    8.80528259e+01 8.78296967e+01 8.92055283e+01 8.79055176e+01
    9.30724335e+01 9.18826599e+01 9.08565140e+01 8.93464203e+01
    9.20431900e+01 9.22593079e+01 8.99794769e+01 8.76173553e+01
    8.83146133e+01 9.10565796e+01 8.67946396e+01 8.78093414e+01
    8.92656403e+01 8.73861160e+01 8.82563400e+01 8.90536957e+01
    8.60694122e+01 8.79811707e+01 8.65932159e+01 8.68571014e+01
    8.55664673e+01 8.76254959e+01 8.54381485e+01 8.62136765e+01
    8.62469254e+01 8.34466858e+01 0. 9.30956192e+01 9.72010574e+01
    9.30089188e+01 9.39438782e+01 9.35922699e+01 9.49305115e+01
    9.66166916e+01 9.35197830e+01 9.64030151e+01 9.46664047e+01
    9.28739777e+01 9.13004456e+01 9.31760330e+01 9.23355637e+01
    9.39989166e+01 9.42361755e+01 9.70671997e+01 9.71729965e+01
    9.46586456e+01 9.69883118e+01 9.64162750e+01 9.51170273e+01
    9.26536026e+01 9.53136597e+01 9.06210022e+01 9.34222870e+01
    9.44623489e+01 9.16667252e+01 9.26270676e+01 9.06581573e+01
    9.40737305e+01 8.94484940e+01 8.98651428e+01 9.25751953e+01
    9.29699097e+01 9.22558594e+01 9.37755585e+01 8.74608688e+01
    8.56907272e+01 8.69797897e+01 8.59677048e+01 8.47443237e+01
    8.83250656e+01 8.81441879e+01 8.92426605e+01 8.98615341e+01
    8.99296646e+01 8.55412216e+01 8.71278152e+01 9.04863968e+01
    9.08309631e+01 8.85537415e+01 8.67105789e+01 8.68544540e+01
    8.52981873e+01 8.55914230e+01 8.98498001e+01 8.83681793e+01
    8.81930389e+01 9.04436646e+01 8.95513000e+01 8.80026016e+01
    8.47637253e+01 8.60813217e+01 9.04374924e+01 8.88183136e+01
    8.85783463e+01 9.19478607e+01 8.88572540e+01 9.00394897e+01
    9.10427246e+01 9.30144043e+01 8.99067001e+01 9.24364624e+01
    9.15351410e+01 9.31419830e+01 8.98278198e+01 9.11033859e+01
    9.04314194e+01 9.39898071e+01 9.20366516e+01 9.22354355e+01
    8.99658661e+01 9.03258286e+01 8.97842484e+01 8.85622711e+01
    9.02365723e+01 9.06307220e+01 8.93387070e+01 8.96576920e+01
    9.15499268e+01 9.07288208e+01 9.16374207e+01 9.38791504e+01
    9.11218491e+01 9.09386215e+01 9.48045197e+01 9.12531052e+01
    9.23300400e+01 9.16650085e+01 9.61060638e+01 9.35997467e+01
    9.02502823e+01 9.08506393e+01 9.18202972e+01 9.19602585e+01
    8.96460419e+01 9.51650696e+01 8.82997360e+01 8.90563354e+01
    8.74992065e+01 8.91130676e+01 8.67560501e+01 8.61678925e+01
    9.05106049e+01 8.82273483e+01 8.81061707e+01 8.84899979e+01
    8.84330750e+01 9.09239197e+01 8.69076996e+01 9.08880997e+01
    8.56631546e+01 9.09985275e+01 8.95020599e+01 8.58814163e+01
    8.71362305e+01 8.82212601e+01 9.15545807e+01 8.88079300e+01
    9.04615860e+01 8.93230743e+01 8.85533524e+01 9.32920609e+01
    9.08047638e+01 9.11252060e+01 9.43541794e+01 9.11272202e+01
    9.03378983e+01 9.00570526e+01 9.35973206e+01 9.10568390e+01
    8.95195923e+01 9.19139099e+01 9.16753693e+01 9.05673294e+01
    9.09658737e+01 9.09541626e+01 8.68908997e+01 9.02352219e+01
    8.84446259e+01 9.11328964e+01 8.78288879e+01 8.48040237e+01
    8.71080780e+01 8.52881241e+01 8.60729141e+01 8.49717636e+01
    8.62795868e+01 8.55657349e+01 8.90223465e+01 8.80579987e+01
    8.79542084e+01 8.62217178e+01 8.75431366e+01 8.67629318e+01
    8.49909592e+01 8.56694870e+01 9.08794861e+01 8.63888550e+01
    8.82142105e+01 8.43472519e+01 8.67332153e+01 8.79802933e+01
    8.62535400e+01 8.79073334e+01 9.00872955e+01 8.87250214e+01
    8.91900101e+01 9.07936478e+01 8.86902313e+01 8.64303818e+01
    9.09433670e+01 8.92476730e+01 8.96193848e+01 8.98899765e+01
    9.34286041e+01 8.90793915e+01 9.24187546e+01 9.09154053e+01
    9.19655075e+01 9.05705109e+01 8.83442459e+01 8.92427444e+01
    9.09846268e+01 9.13969955e+01 9.00976868e+01 9.66299210e+01
    9.12906952e+01 9.19248810e+01 9.14826965e+01 8.71868362e+01
    8.74940567e+01 8.96571426e+01 8.57824707e+01 8.49321136e+01
    8.69273376e+01 8.72546310e+01 8.99383545e+01 8.86294708e+01
    9.14163589e+01 9.11561432e+01 8.76854172e+01 9.02837448e+01
    8.61033707e+01 8.65258942e+01 8.70274582e+01 8.90134277e+01
    9.07332306e+01 9.00773468e+01 9.24632874e+01 8.77493896e+01
    8.82620087e+01 8.47939148e+01 9.13142624e+01 8.86848907e+01
    8.83980103e+01 8.82551041e+01 8.70550079e+01 8.91899338e+01
    8.97020798e+01 9.11515808e+01 8.96643143e+01 8.83372498e+01
    8.50728378e+01 8.66821594e+01 8.54761810e+01 0. 9.45079041e+01
    9.67828293e+01 9.51137772e+01 9.49552383e+01 9.38709412e+01
    9.07974472e+01 9.23257446e+01 9.36963501e+01 9.10405273e+01
    8.85195389e+01 9.26877136e+01 9.38835220e+01 9.17256241e+01
    9.30214691e+01 8.92312469e+01 9.42440872e+01 9.41250839e+01
    9.43611298e+01 9.17907181e+01 9.21871567e+01 9.49115829e+01
    9.10336227e+01 9.15514908e+01 9.52069016e+01 9.11502609e+01
    9.02837830e+01 9.20524750e+01 9.03405380e+01 9.00811157e+01
    9.20870285e+01 9.11003723e+01 9.18350906e+01 9.24353409e+01
    8.93672180e+01 9.18944931e+01 9.17253113e+01 8.96803131e+01
    8.59883957e+01 8.97925110e+01 8.47460327e+01 8.54368134e+01
    8.76387177e+01 8.97115936e+01 8.47756958e+01 8.89131012e+01
    8.73113785e+01 8.73562546e+01 8.94554291e+01 8.99370651e+01
    8.98816071e+01 9.08738785e+01 8.74355087e+01 8.96363449e+01
    8.60764313e+01 8.57670746e+01 8.67680817e+01 8.94096298e+01
    8.87896805e+01 8.99296875e+01 9.31850967e+01 8.83042450e+01
    8.98483200e+01 8.72380142e+01 8.63719177e+01 9.14289246e+01
    9.06627731e+01 8.94145126e+01 8.80269318e+01 8.87940826e+01
    9.09398422e+01 9.14614944e+01 9.04236450e+01 9.26472397e+01
    9.24694443e+01 8.94004211e+01 8.92203445e+01 9.10331726e+01
    9.06224747e+01 9.07285690e+01 8.86285324e+01 9.02801132e+01
    8.93722687e+01 8.99448547e+01 9.03821793e+01 9.24622726e+01
    8.84188080e+01 9.28271866e+01 9.18308716e+01 8.75825043e+01
    9.09365158e+01 9.25278397e+01 9.00436096e+01 9.07603226e+01
    9.15767517e+01 9.13752899e+01 9.27266159e+01 8.96750336e+01
    9.21911850e+01 9.31519165e+01 9.10528488e+01 9.02164917e+01
    9.05136566e+01 8.85693970e+01 8.88850555e+01 8.95067520e+01
    8.96901779e+01 9.34407806e+01 9.20067902e+01 8.87694855e+01
    8.84509811e+01 8.93893661e+01 8.87164230e+01 8.70208206e+01
    8.72610626e+01 8.67139282e+01 8.90027237e+01 8.96307373e+01
    8.59524765e+01 8.93089600e+01 8.75107422e+01 9.04720764e+01
    8.90471344e+01 8.76559601e+01 8.72773895e+01 8.60016479e+01
    8.64063263e+01 8.49997864e+01 8.83432922e+01 8.79528046e+01
    9.08618317e+01 8.91966629e+01 8.85226593e+01 8.73260422e+01
    8.91528931e+01 8.84433289e+01 8.86464539e+01 8.98177490e+01
    9.00469971e+01 9.18760376e+01 8.75835953e+01 8.91184235e+01
    8.89534225e+01 9.11431808e+01 9.02351913e+01 9.14825439e+01
    8.81207886e+01 9.02321854e+01 8.59950867e+01 8.66968460e+01
    8.66980438e+01 8.84707108e+01 8.76553421e+01 8.67749710e+01
    8.80601578e+01 8.64652100e+01 8.69887161e+01 8.43370743e+01
    8.42260971e+01 8.27202759e+01 8.54572601e+01 8.86832962e+01
    8.49934769e+01 8.64523315e+01 8.64114914e+01 8.65876083e+01
    8.34930954e+01 8.55616531e+01 9.10151901e+01 8.67222443e+01
    8.63602905e+01 8.42826462e+01 8.76307449e+01 8.56700897e+01
    8.41128311e+01 8.72739716e+01 8.74234543e+01 9.11561813e+01
    8.80585251e+01 8.67411346e+01 8.54504547e+01 8.77199402e+01
    8.77572784e+01 9.23596649e+01 9.20532074e+01 9.22588806e+01
    8.95726089e+01 9.30219955e+01 9.12731247e+01 9.13663330e+01
    9.01149521e+01 9.03594131e+01 9.11235046e+01 9.12464523e+01
    9.36762466e+01 9.01424332e+01 9.49448853e+01 9.64682312e+01
    9.51451950e+01 9.08341827e+01 9.19225922e+01 9.20578537e+01
    9.02913361e+01 9.02599335e+01 9.33414078e+01 8.76362915e+01
    9.01789169e+01 8.78060989e+01 8.99588699e+01 9.13287048e+01
    8.87881393e+01 9.14713516e+01 9.09256592e+01 9.29217300e+01
    8.88162613e+01 8.97650223e+01 8.60709991e+01 9.02403946e+01
    9.09763107e+01 9.08716049e+01 8.92214127e+01 8.97446823e+01
    8.94626083e+01 9.06507950e+01 9.20356674e+01 9.26346436e+01
    8.94721146e+01 9.12995148e+01 8.79897842e+01 9.09281387e+01
    8.79804153e+01 9.00337830e+01 8.80944290e+01 8.88990479e+01
    8.81579285e+01 8.90127029e+01 8.67649612e+01 8.78151245e+01 0.
    9.32356110e+01 9.15235901e+01 9.49846344e+01 9.42459717e+01
    9.26948318e+01 9.15521240e+01 9.33897400e+01 9.25852051e+01
    9.25643768e+01 9.44552765e+01 8.97974014e+01 8.95677032e+01
    9.08673477e+01 9.19017029e+01 9.30441284e+01 9.30544739e+01
    9.27608337e+01 9.50510330e+01 9.47566986e+01 9.41116562e+01
    9.30285873e+01 9.50839005e+01 9.27151642e+01 9.28794098e+01
    9.34799500e+01 8.82319717e+01 9.15405960e+01 8.99557419e+01
    9.08025894e+01 9.18609314e+01 9.02187195e+01 8.87190933e+01
    8.61074600e+01 8.99484940e+01 9.11967392e+01 9.25916519e+01
    8.70952377e+01 8.91021423e+01 8.81899643e+01 8.61748734e+01
    8.48955688e+01 8.57796402e+01 8.78572311e+01 8.89488983e+01
    9.19273987e+01 8.73350601e+01 8.84898605e+01 8.77324524e+01
    8.91297226e+01 8.96674957e+01 9.46622314e+01 8.54465103e+01
    8.73638916e+01 8.69811935e+01 8.67862701e+01 8.55640869e+01
    8.60547180e+01 8.93724899e+01 8.79998398e+01 8.65482635e+01
    8.62911377e+01 8.98088608e+01 8.60886765e+01 8.48459015e+01
    9.06871567e+01 8.77787018e+01 8.95525818e+01 8.79468002e+01
    8.82162704e+01 8.80679855e+01 8.98879852e+01 8.96712799e+01
    9.03221893e+01 9.18667755e+01 8.77129974e+01 9.36716232e+01
    8.86511917e+01 8.86714859e+01 9.04875031e+01 8.88721161e+01
    9.05507965e+01 8.92818375e+01 9.10083313e+01 9.10923920e+01
    9.17054749e+01 9.01327972e+01 9.01643600e+01 9.09631042e+01
    8.74665298e+01 9.12928009e+01 8.70729523e+01 8.99890976e+01
    8.84825668e+01 9.25333633e+01 9.04368439e+01 9.20836563e+01
    9.14438171e+01 8.91814957e+01 9.37632294e+01 9.18600998e+01
    9.39332581e+01 8.99393082e+01 9.11037750e+01 9.25544586e+01
    9.18203735e+01 9.15571289e+01 9.16242065e+01 9.26530457e+01
    9.04291306e+01 8.81549530e+01 8.72791519e+01 8.82034988e+01
    8.61204529e+01 8.61921158e+01 8.66374817e+01 8.98719559e+01
    8.86580658e+01 8.94320984e+01 8.72895889e+01 8.93183136e+01
    8.82798080e+01 8.89085846e+01 8.76408310e+01 9.16903076e+01
    8.63745880e+01 8.64501648e+01 8.64919281e+01 8.82106400e+01
    8.94315338e+01 8.95399323e+01 8.71174622e+01 9.05909271e+01
    8.95846786e+01 8.82220459e+01 8.76476288e+01 8.92671738e+01
    8.94077301e+01 8.93956375e+01 9.09024200e+01 8.71728821e+01
    9.29421310e+01 9.16761169e+01 9.03795471e+01 8.96993484e+01
    9.46591949e+01 8.94321518e+01 9.04998016e+01 8.99628906e+01
    8.62108917e+01 8.61686325e+01 8.74264603e+01 8.96508255e+01
    8.68536301e+01 8.72620850e+01 8.51591187e+01 8.49542313e+01
    8.74250870e+01 8.81519699e+01 8.50093384e+01 8.18818512e+01
    8.59660110e+01 8.89745407e+01 8.47375412e+01 8.35688858e+01
    8.43955994e+01 8.53330383e+01 8.76217728e+01 8.79162216e+01
    8.52428207e+01 8.66998825e+01 8.65715485e+01 8.72044373e+01
    8.60184784e+01 9.09389725e+01 8.75416641e+01 8.83512039e+01
    9.21071854e+01 8.79306946e+01 8.49286499e+01 8.72456436e+01
    8.86446609e+01 8.65471039e+01 9.09096909e+01 8.73898468e+01
    9.00825272e+01 9.11341095e+01 9.37628174e+01 9.47999496e+01
    9.45429077e+01 9.01613007e+01 9.25476532e+01 8.99690094e+01
    8.92352142e+01 9.00224228e+01 9.41330795e+01 9.42250137e+01
    9.54862061e+01 9.11381226e+01 8.96906052e+01 9.15097580e+01
    8.99935608e+01 8.89820328e+01 8.58701096e+01 8.82501984e+01
    8.50352173e+01 8.38533783e+01 9.01464233e+01 8.53450928e+01
    8.82845917e+01 9.07518768e+01 9.02290497e+01 8.66092758e+01
    9.12075272e+01 8.63153152e+01 8.92137985e+01 8.87148285e+01
    8.94346008e+01 9.07647095e+01 9.03703918e+01 9.15616455e+01
    9.32544708e+01 8.86426468e+01 9.20138931e+01 9.00671616e+01
    8.95564651e+01 9.16316223e+01 9.21085129e+01 8.81326981e+01
    9.07508087e+01 8.65352478e+01 9.02711792e+01 8.91048126e+01
    8.78057327e+01 8.89832382e+01 8.86591568e+01 8.84340134e+01
    8.73721848e+01 0. 9.06003494e+01 9.21757202e+01 9.02169724e+01
    9.04701996e+01 9.47696609e+01 9.02870407e+01 9.17297974e+01
    9.18866043e+01 8.93973999e+01 9.12612762e+01 9.14305801e+01
    8.98221664e+01 9.13036652e+01 9.02781982e+01 8.93918991e+01
    9.47772446e+01 9.28171844e+01 9.04898224e+01 9.27079620e+01
    9.45918579e+01 9.03810120e+01 9.23060760e+01 8.90183716e+01
    9.18678589e+01 9.17498627e+01 8.88247604e+01 9.18564377e+01
    9.12361832e+01 9.11479416e+01 8.78667068e+01 8.84453735e+01
    9.08240814e+01 8.86596756e+01 8.76934738e+01 8.96444855e+01
    9.12731094e+01 9.19480972e+01 8.69613724e+01 8.82046432e+01
    8.89626160e+01 8.90096359e+01 9.02740555e+01 8.94777069e+01
    8.77006378e+01 9.11035385e+01 8.92953033e+01 8.58368225e+01
    8.93339081e+01 8.91165390e+01 8.81338730e+01 9.00543671e+01
    8.67839203e+01 8.68368149e+01 8.34314041e+01 8.33105469e+01
    8.72734680e+01 8.66869507e+01 8.44157639e+01 9.09409637e+01
    9.07082214e+01 8.46759644e+01 8.66084518e+01 8.92042236e+01
    8.48088760e+01 8.83310699e+01 9.00799179e+01 9.05223007e+01
    8.62019806e+01 8.33006058e+01 8.84771347e+01 9.08439026e+01
    8.85534058e+01 8.97540741e+01 9.13351212e+01 9.11704254e+01
    9.13821182e+01 8.95369949e+01 8.80409164e+01 8.93912735e+01
    9.15881119e+01 9.05496063e+01 9.07330551e+01 9.14988251e+01
    8.92911301e+01 8.87636948e+01 8.96965179e+01 8.84138870e+01
    8.96720657e+01 8.54786377e+01 8.52383575e+01 8.69682312e+01
    8.90095825e+01 8.88684616e+01 8.90776901e+01 9.31899796e+01
    8.88333435e+01 9.14386520e+01 9.32667542e+01 9.28075104e+01
    9.33566284e+01 9.22345276e+01 9.08652039e+01 8.84171371e+01
    8.86134644e+01 8.96969528e+01 9.09342422e+01 8.98616791e+01
    9.02119904e+01 9.07497635e+01 8.83667450e+01 8.60243073e+01
    9.07692184e+01 8.65076828e+01 8.50223007e+01 8.74382172e+01
    8.64628372e+01 8.47975922e+01 8.81437302e+01 8.82268372e+01
    8.64863892e+01 9.00780869e+01 8.89262390e+01 9.03475571e+01
    8.64322891e+01 8.81943817e+01 8.99719543e+01 8.77587662e+01
    8.81901016e+01 8.91286469e+01 9.15460663e+01 9.25542068e+01
    8.83558121e+01 9.06649704e+01 9.11478577e+01 9.18392258e+01
    9.01131287e+01 8.98145142e+01 9.15089874e+01 9.01851425e+01
    9.14804840e+01 8.85887756e+01 9.04720459e+01 9.07414017e+01
    8.72081680e+01 9.13824844e+01 8.97514954e+01 8.93636017e+01
    8.70904694e+01 8.90519409e+01 8.43960495e+01 8.92814255e+01
    8.50512772e+01 8.45541000e+01 8.77403564e+01 8.58062057e+01
    8.47654343e+01 8.75338593e+01 8.55753403e+01 8.70940857e+01
    8.39810638e+01 8.66874542e+01 8.69300003e+01 8.85612717e+01
    8.76830063e+01 8.57289505e+01 8.94192581e+01 8.78432388e+01
    8.77176590e+01 8.82092361e+01 8.98550568e+01 8.96713486e+01
    8.87675858e+01 8.76029434e+01 8.67395477e+01 9.24338455e+01
    9.11511536e+01 8.76861420e+01 8.56498795e+01 8.73800354e+01
    8.72162552e+01 8.84007492e+01 8.74922562e+01 8.91986084e+01
    8.98673477e+01 9.14230042e+01 8.77914505e+01 9.15046005e+01
    9.16066589e+01 9.38763657e+01 9.29024658e+01 9.29786377e+01
    9.04304504e+01 9.20335846e+01 8.99482574e+01 8.99928665e+01
    8.98479843e+01 9.16586914e+01 9.30354385e+01 8.80151596e+01
    9.09514389e+01 8.83523941e+01 8.88030167e+01 8.83057251e+01
    8.84508514e+01 8.36776123e+01 8.91959991e+01 8.27139587e+01
    8.55482864e+01 8.55118942e+01 8.94690094e+01 8.55416412e+01
    8.88152466e+01 8.76841507e+01 8.43432846e+01 8.85812225e+01
    8.34653625e+01 8.89648666e+01 8.73917007e+01 8.52310638e+01
    8.81096649e+01 8.77476654e+01 8.97840729e+01 8.90327759e+01
    8.93583145e+01 8.83234940e+01 9.05425186e+01 9.03085632e+01
    8.72581024e+01 8.91865082e+01 8.65493546e+01 8.84355392e+01
    8.85065689e+01 8.76297455e+01 9.01374435e+01 8.92487259e+01
    8.74151764e+01 8.50864105e+01 0. 9.22872086e+01 9.11801758e+01
    9.13436203e+01 9.16406021e+01 9.27405243e+01 9.12112579e+01
    9.53072739e+01 9.11478958e+01 8.99705811e+01 9.18305283e+01
    9.28146362e+01 8.95980453e+01 9.35109329e+01 8.94182968e+01
    8.92380295e+01 8.96990814e+01 9.14195862e+01 9.08539963e+01
    9.07706375e+01 9.13755112e+01 8.87177353e+01 9.16322098e+01
    9.05453110e+01 8.98115616e+01 8.90829315e+01 8.99273529e+01
    9.02373886e+01 9.14860535e+01 8.82749176e+01 9.04251022e+01
    8.93043976e+01 8.83340225e+01 9.10920334e+01 8.77813950e+01
    9.03369751e+01 9.24443283e+01 8.83221436e+01 8.68887253e+01
    8.82224808e+01 8.71124420e+01 8.56806717e+01 8.86292877e+01
    8.59459991e+01 9.07889938e+01 8.90985031e+01 8.69018326e+01
    8.89466095e+01 8.63019714e+01 8.91451263e+01 9.08033218e+01
    9.18232498e+01 8.59386826e+01 8.39819946e+01 8.84167862e+01
    8.65198517e+01 8.46928787e+01 8.69781189e+01 8.48660583e+01
    8.83068390e+01 8.91229630e+01 8.82601852e+01 8.63671494e+01
    8.65485458e+01 8.84575882e+01 8.67721329e+01 9.03195572e+01
    8.52167511e+01 8.49420242e+01 8.59023438e+01 8.82537537e+01
    9.01908340e+01 8.94857407e+01 8.96070633e+01 8.92463303e+01
    9.20609283e+01 8.80109711e+01 9.11417694e+01 8.66015472e+01
    8.95842667e+01 8.72031784e+01 8.83898087e+01 8.74406738e+01
    8.95563736e+01 9.00368271e+01 8.71403732e+01 9.01335678e+01
    8.76797180e+01 8.85469971e+01 8.77122879e+01 8.66920776e+01
    8.69365387e+01 8.87800598e+01 8.84692154e+01 8.97090454e+01
    8.78895874e+01 8.87183762e+01 8.83062820e+01 9.26904449e+01
    9.12994385e+01 9.03055344e+01 8.98438950e+01 9.00294647e+01
    8.85773544e+01 8.94602203e+01 8.84852676e+01 8.67828522e+01
    8.66100311e+01 8.90835495e+01 8.98022461e+01 8.68483047e+01
    8.80338287e+01 8.90034866e+01 9.12183762e+01 8.66144257e+01
    8.70464554e+01 8.73490524e+01 8.83375092e+01 8.67143784e+01
    8.65112991e+01 8.85318985e+01 8.89034195e+01 8.82397308e+01
    8.48816681e+01 8.61977234e+01 8.41731873e+01 8.59340439e+01
    8.54757767e+01 8.75683594e+01 8.89598923e+01 8.92023010e+01
    8.77271118e+01 9.04204712e+01 9.11415558e+01 9.01495972e+01
    8.96313858e+01 8.95765152e+01 8.74966125e+01 9.14495087e+01
    9.05677261e+01 9.24197464e+01 9.11350403e+01 9.28580246e+01
    9.17111206e+01 8.96494370e+01 9.16401672e+01 8.99104691e+01
    8.94519882e+01 9.03661194e+01 8.88003922e+01 8.59474411e+01
    8.83762131e+01 8.63883591e+01 8.76538086e+01 8.54546051e+01
    8.76364594e+01 8.67043457e+01 8.42584610e+01 8.68372650e+01
    8.68081131e+01 9.06185837e+01 8.97571869e+01 8.95186081e+01
    9.11623383e+01 9.26099014e+01 8.90011063e+01 9.05023727e+01
    9.01176758e+01 9.00473480e+01 9.12219620e+01 8.91291122e+01
    8.89923782e+01 9.00363541e+01 9.07981415e+01 9.18925018e+01
    9.29734879e+01 9.33225098e+01 9.15305023e+01 9.06692963e+01
    8.79711380e+01 8.83204117e+01 8.94150085e+01 8.81490173e+01
    9.20462799e+01 9.23927002e+01 8.87050934e+01 8.98647537e+01
    9.48448334e+01 9.16667480e+01 9.04504318e+01 9.14117661e+01
    9.18176956e+01 8.98371048e+01 8.97785950e+01 9.09244766e+01
    9.05116348e+01 8.95657883e+01 9.30636444e+01 8.99712677e+01
    9.15570908e+01 9.13738937e+01 8.99672470e+01 8.90545273e+01
    9.05356979e+01 8.84189835e+01 8.77803116e+01 8.58863831e+01
    8.48426437e+01 8.72027664e+01 8.57854691e+01 8.87882843e+01
    8.81295090e+01 8.48566132e+01 8.52053299e+01 8.45090179e+01
    8.70146027e+01 8.44262314e+01 8.84915237e+01 8.47755432e+01
    8.77409439e+01 8.83123245e+01 8.83205338e+01 8.43943863e+01
    9.19585876e+01 8.86819839e+01 9.11955643e+01 8.89206009e+01
    9.01117706e+01 9.30606308e+01 8.75895920e+01 9.12513123e+01
    8.62977600e+01 9.13791199e+01 9.03603287e+01 8.77484741e+01
    8.92045441e+01 8.60599899e+01 8.65203400e+01 0. 9.00805969e+01
    9.35801620e+01 9.10645828e+01 9.55619583e+01 9.21660843e+01
    9.23966904e+01 9.21442032e+01 9.13949203e+01 8.99924850e+01
    9.20815048e+01 8.90026703e+01 8.95194550e+01 8.91193314e+01
    8.67532272e+01 9.06091309e+01 9.09715958e+01 9.26936798e+01
    9.18515625e+01 9.22637863e+01 9.01784821e+01 9.27038574e+01
    9.10352631e+01 9.05960922e+01 9.00714951e+01 8.93053589e+01
    8.88796387e+01 9.34309921e+01 9.11707153e+01 8.67599106e+01
    8.90784607e+01 8.79858170e+01 8.77398911e+01 8.92299194e+01
    9.03189545e+01 9.13906326e+01 9.10947571e+01 9.17690201e+01
    8.75340881e+01 9.17389450e+01 8.43889694e+01 8.51719666e+01
    8.68877563e+01 8.75941849e+01 8.75802994e+01 9.10119400e+01
    8.91973648e+01 8.54055252e+01 8.99645996e+01 9.09600906e+01
    8.74808502e+01 9.03294449e+01 8.87386398e+01 8.58772049e+01
    8.47135696e+01 8.38910446e+01 8.61934891e+01 8.72074966e+01
    8.68105240e+01 8.82757339e+01 9.23882751e+01 8.93616028e+01
    8.79337769e+01 8.39364471e+01 8.72848129e+01 8.87158661e+01
    8.88047104e+01 8.72270126e+01 8.91173096e+01 8.70431976e+01
    8.82615051e+01 8.75103531e+01 8.96470718e+01 8.97298050e+01
    8.96166306e+01 9.00525055e+01 8.98279114e+01 9.06793442e+01
    8.92854996e+01 8.76512222e+01 9.08545532e+01 9.25882416e+01
    9.27402191e+01 8.76565018e+01 9.07943726e+01 8.98208237e+01
    8.73709259e+01 8.84567947e+01 9.05103683e+01 8.90191040e+01
    8.97323227e+01 8.87915573e+01 9.38019943e+01 8.83225250e+01
    9.08008652e+01 9.11466446e+01 9.05452728e+01 9.03390579e+01
    9.38954468e+01 9.13156662e+01 8.97304688e+01 9.17027512e+01
    8.70530624e+01 9.02929001e+01 8.67592773e+01 8.88839417e+01
    8.93116074e+01 8.82723465e+01 8.84961090e+01 8.74926224e+01
    8.75708313e+01 8.66619949e+01 8.18610001e+01 8.50767288e+01
    8.58749237e+01 8.52676010e+01 8.24019012e+01 8.58287659e+01
    8.33874969e+01 8.68226929e+01 8.69662399e+01 8.23560410e+01
    8.61992874e+01 8.40312500e+01 8.41127777e+01 8.43375015e+01
    8.78798676e+01 8.45548172e+01 8.63603973e+01 8.67460327e+01
    8.74316025e+01 9.07284546e+01 8.95611038e+01 8.86526718e+01
    8.86412354e+01 9.00354919e+01 9.03352966e+01 9.24233322e+01
    8.80385284e+01 9.32314453e+01 9.09940643e+01 9.04029770e+01
    9.32995911e+01 9.24762115e+01 9.02254639e+01 9.32362366e+01
    8.97494736e+01 8.98200684e+01 8.97633057e+01 8.90437393e+01
    8.89258881e+01 8.92436676e+01 9.05728989e+01 8.84621429e+01
    9.04513626e+01 8.73378220e+01 8.77256851e+01 8.89802780e+01
    8.68991318e+01 8.92495270e+01 8.79060516e+01 8.97739639e+01
    8.99817810e+01 9.07841110e+01 8.82909546e+01 8.88623123e+01
    8.72835312e+01 8.85650330e+01 9.33652802e+01 9.19883728e+01
    9.20362701e+01 9.17022247e+01 9.06250763e+01 9.25992737e+01
    9.50012054e+01 9.00165253e+01 9.05462418e+01 8.68890610e+01
    8.81465302e+01 9.14535065e+01 8.83226013e+01 8.84602280e+01
    8.96908417e+01 8.98115082e+01 9.23933029e+01 9.31815033e+01
    9.14186630e+01 9.17412643e+01 9.07544556e+01 9.43559189e+01
    9.36355362e+01 9.12010803e+01 8.86627808e+01 9.11919479e+01
    8.97858734e+01 8.71191483e+01 8.77966690e+01 9.11136780e+01
    9.31428909e+01 8.83567505e+01 8.69104691e+01 9.16023254e+01
    9.04129944e+01 8.65516357e+01 8.40741501e+01 8.83734665e+01
    8.31957397e+01 8.48385315e+01 8.25245743e+01 8.33707275e+01
    8.44896393e+01 8.41182709e+01 8.45964737e+01 8.59031677e+01
    8.48141251e+01 8.49878845e+01 8.82145386e+01 8.78029861e+01
    8.86716919e+01 8.94520264e+01 9.02759094e+01 9.15633392e+01
    8.96477280e+01 8.86557999e+01 9.07940292e+01 9.34554520e+01
    9.01787796e+01 9.11397324e+01 8.96341019e+01 8.85015182e+01
    8.84207916e+01 9.01794891e+01 9.17960205e+01 9.06672516e+01
    8.78069077e+01 9.01265106e+01 8.81481400e+01 8.66197662e+01 0.
    9.35342789e+01 9.09237366e+01 9.10783539e+01 9.01702423e+01
    9.14165039e+01 9.19637680e+01 9.06526337e+01 8.96211929e+01
    8.82627335e+01 9.03757553e+01 9.07466507e+01 8.77479706e+01
    9.15075684e+01 9.11249542e+01 8.64996414e+01 9.20200729e+01
    8.98897476e+01 8.82187881e+01 9.09518051e+01 9.18157730e+01
    8.95034409e+01 9.02418594e+01 9.00654449e+01 8.98225098e+01
    8.93047028e+01 8.76996460e+01 8.72947235e+01 8.95920486e+01
    8.81551590e+01 8.66299362e+01 8.82762527e+01 8.66468048e+01
    8.81065369e+01 8.77446060e+01 8.76081543e+01 9.04113693e+01
    8.97199936e+01 8.77537689e+01 8.89729462e+01 8.50506058e+01
    8.74756393e+01 8.54784241e+01 9.03870316e+01 8.46392288e+01
    8.76065292e+01 8.95335693e+01 8.72641983e+01 8.65983963e+01
    8.63374557e+01 9.16502533e+01 8.97659073e+01 8.57245941e+01
    8.05939102e+01 8.44192352e+01 8.61208649e+01 8.60265274e+01
    8.48996353e+01 8.88804169e+01 8.92058640e+01 8.73663406e+01
    8.85421677e+01 8.59191589e+01 8.58077164e+01 8.62237549e+01
    8.99231186e+01 8.79312897e+01 8.87719955e+01 8.94313660e+01
    8.71470566e+01 9.22949905e+01 9.04698792e+01 8.98514709e+01
    8.53203659e+01 9.07346573e+01 8.70620956e+01 8.90900345e+01
    9.01525726e+01 8.90876541e+01 8.94931030e+01 9.15387573e+01
    9.34252167e+01 8.66060944e+01 8.83608932e+01 8.49614029e+01
    8.71049423e+01 8.91650162e+01 8.89989090e+01 8.77662659e+01
    8.67988663e+01 8.83352585e+01 8.99662933e+01 9.04661179e+01
    8.78016586e+01 9.01376801e+01 8.86002426e+01 8.90299988e+01
    9.06340408e+01 9.03984451e+01 9.15187683e+01 9.21880875e+01
    9.15841217e+01 9.17639694e+01 9.17041245e+01 8.90061493e+01
    9.11120834e+01 8.99389038e+01 9.11239548e+01 9.28061295e+01
    8.79297791e+01 8.52192841e+01 8.77070007e+01 8.50286407e+01
    8.28097229e+01 8.39697418e+01 8.22039261e+01 8.20250549e+01
    8.12473221e+01 8.20482025e+01 8.38039627e+01 8.59392776e+01
    8.24984131e+01 8.32037964e+01 8.55141983e+01 8.19544907e+01
    8.10292969e+01 8.28668976e+01 8.66919327e+01 8.62731171e+01
    8.95481110e+01 8.90864639e+01 9.28638687e+01 8.67527695e+01
    8.84202194e+01 9.11261749e+01 8.88880310e+01 9.02530518e+01
    9.15744858e+01 9.17520828e+01 9.08735657e+01 9.30140076e+01
    9.35184631e+01 9.07413330e+01 9.56186905e+01 9.23288956e+01
    9.08632812e+01 9.03336563e+01 9.22223892e+01 9.11499405e+01
    8.97324142e+01 8.85553207e+01 9.21957855e+01 8.76130066e+01
    8.82707520e+01 8.97181854e+01 9.25299301e+01 9.18526001e+01
    8.98530045e+01 8.87462158e+01 8.87104340e+01 9.18471832e+01
    8.86840973e+01 9.01339569e+01 8.79730911e+01 9.16612091e+01
    9.04153366e+01 8.92939072e+01 9.10737076e+01 9.36448212e+01
    9.42997131e+01 9.43120804e+01 9.17771454e+01 9.53105087e+01
    9.16970444e+01 9.31497345e+01 8.78838577e+01 8.77392578e+01
    9.03133850e+01 8.66196365e+01 8.72668304e+01 8.85381546e+01
    8.98297882e+01 8.74038010e+01 9.39233170e+01 9.53935089e+01
    9.15612564e+01 9.14881744e+01 9.28426743e+01 9.42266617e+01
    9.14710464e+01 9.06931763e+01 9.35507050e+01 8.78758392e+01
    9.17493057e+01 8.95328903e+01 8.99948883e+01 8.75825882e+01
    8.98497086e+01 8.91937943e+01 8.99295273e+01 9.27416458e+01
    8.80768585e+01 8.74432755e+01 8.70601044e+01 8.95384445e+01
    8.36429672e+01 8.48000412e+01 8.45145416e+01 8.45435028e+01
    8.32753601e+01 8.54153061e+01 8.65619202e+01 8.68895340e+01
    8.77385788e+01 8.73741913e+01 8.78632050e+01 8.76513901e+01
    8.93086014e+01 9.02333145e+01 8.94199371e+01 9.04541397e+01
    8.88516922e+01 8.71113205e+01 9.09610138e+01 8.92604141e+01
    9.29882278e+01 9.09312744e+01 9.11360626e+01 9.28805084e+01
    8.80129623e+01 8.71577835e+01 9.01220322e+01 8.83875580e+01
    9.03174362e+01 8.83309479e+01 9.03281784e+01 8.75802460e+01
    8.63456497e+01 0. 0. 0. 0. 0. 0. 0. 0. 0. 0. 0. 0. 0. 0. 0. 0. 0. 0.
    0. 0. 0. 0. 0. 0. 0. 0. 0. 0. 0. 0. 0. 0. 0. 0. 0. 0. 0. 0. 0. 0. 0.
    0. 0. 0. 0. 0. 0. 0. 0. 0. 0. 0. 0. 0. 0. 0. 0. 0. 0. 0. 0. 0. 0. 0.
    0. 0. 0. 0. 0. 0. 0. 0. 0. 0. 0. 0. 0. 0. 0. 0. 0. 0. 0. 0. 0. 0. 0.
    0. 0. 0. 0. 0. 0. 0. 0. 0. 0. 0. 0. 0. 0. 0. 0. 0. 0. 0. 0. 0. 0. 0.
    0. 0. 0. 0. 0. 0. 0. 0. 0. 0. 0. 0. 0. 0. 0. 0. 0. 0. 0. 0. 0. 0. 0.
    0. 0. 0. 0. 0. 0. 0. 0. 0. 0. 0. 0. 0. 0. 0. 0. 0. 0. 0. 0. 0. 0. 0.
    0. 0. 0. 0. 0. 0. 0. 0. 0. 0. 0. 0. 0. 0. 0. 0. 0. 0. 0. 0. 0. 0. 0.
    0. 0. 0. 0. 0. 0. 0. 0. 0. 0. 0. 0. 0. 0. 0. 0. 0. 0. 0. 0. 0. 0. 0.
    0. 0. 0. 0. 0. 0. 0. 0. 0. 0. 0. 0. 0. 0. 0. 0. 0. 0. 0. 0. 0. 0. 0.
    0. 0. 0. 0. 0. 0. 0. 0. 0. 0. 0. 0. 0. 0.</data></your_img>
</opencv_storage>
