<?xml version="1.0"?>
<opencv_storage>
<r>8</r>
<L2_diff>4.6188326475886583e+01</L2_diff>
<test_img type_id="opencv-matrix">
  <rows>128</rows>
  <cols>256</cols>
  <dt>f</dt>
  <data>
    1.53643966e-01 4.47449148e-01 7.23791361e-01 5.21491826e-01
    8.69674921e-01 5.12369931e-01 3.04856598e-01 6.49430215e-01
    1.08758777e-01 8.43761742e-01 1.83859468e-03 6.41173840e-01
    7.33764112e-01 8.21772933e-01 4.44530904e-01 9.06424999e-01
    8.68564129e-01 3.73425454e-01 9.02896166e-01 7.76224136e-01
    3.81238908e-01 3.67964387e-01 2.18708128e-01 4.16010022e-02
    6.53108001e-01 5.51492989e-01 4.75409865e-01 7.96276569e-01
    1.00039214e-01 9.07859206e-03 3.57386351e-01 8.91000986e-01
    5.83372951e-01 9.23199892e-01 1.67106271e-01 5.94797373e-01
    6.93370581e-01 9.11703825e-01 9.29504335e-02 1.89171582e-01
    6.65205479e-01 9.72606063e-01 5.61332107e-02 7.99562216e-01
    2.10697562e-01 8.93529177e-01 7.64526188e-01 2.73421526e-01
    4.05304790e-01 4.30221051e-01 5.95143914e-01 7.71395802e-01
    3.79598588e-01 6.97904706e-01 2.50385523e-01 3.69057655e-01
    5.40975571e-01 7.43387043e-02 6.77765012e-01 3.89927268e-01
    2.66979665e-01 1.87883317e-01 5.26188552e-01 5.76354265e-01
    4.90596950e-01 5.51739097e-01 8.92040610e-01 3.15295398e-01
    3.69911015e-01 7.16969967e-01 8.43710780e-01 9.83572900e-01
    7.78821588e-01 9.23134446e-01 3.95534992e-01 4.01464432e-01
    9.32700574e-01 6.53180838e-01 1.42961532e-01 9.29874659e-01
    2.97642887e-01 8.71902227e-01 6.15978599e-01 7.76816130e-01
    7.40160942e-01 4.38426405e-01 1.74964070e-01 4.81570661e-02
    7.25891948e-01 3.48304510e-01 7.24602342e-01 6.11064374e-01
    7.34508932e-02 5.18346369e-01 5.95464349e-01 7.98118114e-01
    1.23301744e-01 9.45283592e-01 9.22716916e-01 4.79180008e-01
    6.08352125e-01 9.29611027e-02 1.23443276e-01 1.99472874e-01
    4.56360817e-01 4.46349442e-01 2.52141356e-01 6.75865829e-01
    2.48443335e-01 9.29219842e-01 4.52698827e-01 4.66307968e-01
    7.32545614e-01 8.01977992e-01 2.03720868e-01 2.82343924e-01
    7.74046779e-01 5.54078281e-01 8.45759451e-01 5.87013304e-01
    4.43485200e-01 8.79612684e-01 4.57313120e-01 9.67302501e-01
    3.32715452e-01 4.11074847e-01 1.01119727e-01 5.81761956e-01
    1.33143157e-01 7.37555265e-01 9.42843080e-01 4.83107865e-01
    5.76481164e-01 3.25245261e-01 2.49440968e-01 5.74510276e-01
    7.32277691e-01 1.96461499e-01 6.98735833e-01 9.48987722e-01
    1.31606311e-01 6.30289316e-04 5.61940372e-01 1.18651956e-01
    5.36036551e-01 7.86138415e-01 4.83709306e-01 4.87421125e-01
    8.78256142e-01 8.31863165e-01 4.57252562e-01 2.12426186e-02
    2.20090955e-01 2.61057258e-01 4.11032915e-01 5.07091463e-01
    6.39203310e-01 9.50628877e-01 7.23870337e-01 9.33264494e-01
    9.16462660e-01 7.44596720e-02 7.99758136e-01 5.93188822e-01
    4.68862087e-01 2.94017673e-01 9.02433217e-01 6.16021395e-01
    4.34706539e-01 7.91058004e-01 8.03122640e-01 9.03505921e-01
    8.57934177e-01 1.61140144e-01 7.54682302e-01 4.34271872e-01
    3.86099607e-01 6.46014214e-02 1.80891752e-01 7.58610845e-01
    9.80808437e-02 6.31498933e-01 3.23117316e-01 4.67715055e-01
    3.94033104e-01 2.06914485e-01 8.94618392e-01 7.94833779e-01
    3.42799842e-01 5.17368972e-01 4.79675412e-01 3.34701657e-01
    2.11612642e-01 2.83849299e-01 5.65937936e-01 7.96119094e-01
    4.98026490e-01 4.04357523e-01 9.18542504e-01 8.18362594e-01
    2.13631988e-02 5.04851937e-02 2.65844107e-01 3.73345613e-02
    9.88599420e-01 3.14353049e-01 7.36178875e-01 4.81913179e-01
    7.48198390e-01 7.22671866e-01 7.47561812e-01 6.59571350e-01
    1.87214613e-02 7.96797276e-01 9.11186993e-01 6.91769004e-01
    7.16331601e-03 2.18195707e-01 4.86073792e-01 3.92730892e-01
    7.35116780e-01 6.10663593e-02 5.02105236e-01 8.14206302e-01
    8.44690621e-01 1.21457040e-01 6.52368426e-01 7.40854740e-01
    6.25257194e-01 2.76523173e-01 1.63758308e-01 4.22717005e-01
    7.90568829e-01 6.98206663e-01 1.40807182e-01 2.37479895e-01
    6.39812231e-01 2.82749653e-01 9.15814042e-01 2.18382031e-01
    5.32414079e-01 9.29952979e-01 2.39538968e-01 7.40259051e-01
    6.57558382e-01 8.35489094e-01 3.84071171e-02 2.80537128e-01
    1.46764427e-01 5.32444119e-01 9.90524769e-01 4.81187075e-01
    8.21222544e-01 8.14009428e-01 4.94634211e-01 6.02733612e-01
    1.80251747e-01 3.19294780e-01 2.37437934e-01 5.29281378e-01
    6.28780305e-01 8.37411880e-02 5.54097712e-01 4.09716904e-01
    9.19874251e-01 9.41523135e-01 6.32965922e-01 1.35882944e-01
    9.85771596e-01 8.04318368e-01 2.06036478e-01 6.14414275e-01
    9.94999707e-02 5.66894412e-01 8.12445402e-01 6.10506713e-01
    2.92021751e-01 6.49043083e-01 7.23031938e-01 6.75272226e-01
    4.61392105e-02 8.22139859e-01 3.03106934e-01 5.69942355e-01
    8.09981465e-01 5.43330193e-01 7.65358806e-01 8.15776944e-01
    3.11805069e-01 4.09745216e-01 2.38715738e-01 8.94724131e-01
    6.25311434e-01 2.61059642e-01 5.58102489e-01 8.22892308e-01
    4.79153633e-01 5.52676678e-01 5.54979742e-01 7.43715584e-01
    5.19543767e-01 5.96247673e-01 6.53390884e-02 5.92991054e-01
    1.11221552e-01 9.07648206e-02 6.54650807e-01 7.24572062e-01
    7.88360953e-01 2.05092788e-01 9.67350721e-01 2.45797604e-01
    6.42435193e-01 7.85961449e-01 1.13294959e-01 1.61416560e-01
    1.80160046e-01 7.37786412e-01 4.39418137e-01 9.86370742e-02
    7.91155338e-01 3.64569426e-01 1.09924972e-01 6.59869373e-01
    5.77306628e-01 5.16596913e-01 2.57120430e-02 7.21375108e-01
    8.51818264e-01 3.39812547e-01 8.90947104e-01 6.39257848e-01
    7.28654683e-01 3.56463850e-01 7.68115044e-01 8.09377313e-01
    8.94440413e-01 1.49751127e-01 6.96113408e-01 9.09535646e-01
    8.21681261e-01 2.18493789e-01 2.15918690e-01 4.43824857e-01
    7.13608265e-02 1.45259231e-01 2.58563817e-01 4.91229504e-01
    8.59759450e-01 5.30285358e-01 9.50871825e-01 6.44113243e-01
    3.51526439e-01 8.07275772e-01 6.74829125e-01 8.87423217e-01
    6.75653815e-01 3.94349396e-02 8.25578570e-01 4.00869161e-01
    7.61854410e-01 8.20977688e-02 9.93563473e-01 7.94907331e-01
    7.27895796e-02 7.01219201e-01 6.80313289e-01 6.71245694e-01
    9.69726205e-01 6.60649836e-01 8.83608341e-01 7.49683976e-01
    2.66297460e-01 9.36830997e-01 1.74303949e-02 6.06979430e-01
    4.51566458e-01 9.41363454e-01 7.24004269e-01 5.32897472e-01
    6.47285283e-01 8.39223921e-01 3.19686294e-01 7.84482360e-01
    4.18511868e-01 5.57301342e-01 6.73628271e-01 1.18818253e-01
    2.18599856e-01 4.19254959e-01 1.72881514e-01 9.57649946e-01
    8.91981006e-01 8.34074140e-01 1.25169694e-01 5.51721990e-01
    3.82870167e-01 5.43076992e-01 3.15977097e-01 9.81697083e-01
    1.93339139e-01 9.45141375e-01 9.93872404e-01 5.73343217e-01
    4.99674290e-01 9.57075834e-01 4.61543739e-01 8.22256804e-01
    3.29185665e-01 3.15637052e-01 4.61163968e-01 2.52089977e-01
    3.15316498e-01 1.89518362e-01 2.25717127e-02 5.43863833e-01
    5.09567261e-01 2.92561144e-01 8.59293222e-01 8.43465209e-01
    6.52007937e-01 8.33311260e-01 4.97680753e-01 8.76042128e-01
    4.01926547e-01 6.25049531e-01 8.70868742e-01 8.65715265e-01
    9.93012130e-01 6.34820282e-01 2.11935490e-01 1.79417133e-01
    6.98374927e-01 6.57445669e-01 4.84369636e-01 6.66222751e-01
    9.18839216e-01 1.33676231e-01 4.89156961e-01 4.46068585e-01
    5.39728820e-01 8.12240005e-01 8.87215376e-01 4.96643186e-02
    9.99701381e-01 1.95020795e-01 9.16059375e-01 3.06301206e-01
    6.34800375e-01 9.36809778e-01 7.06494749e-02 3.67561877e-02
    4.53989506e-02 6.17505074e-01 4.50055003e-02 6.19154394e-01
    3.72232199e-01 4.29255515e-01 8.82771134e-01 5.69471717e-02
    8.53783846e-01 7.81442106e-01 3.51929843e-01 4.73773479e-03
    6.36836112e-01 4.64856148e-01 8.75146806e-01 6.42992973e-01
    8.98492634e-02 3.20096254e-01 6.32519662e-01 1.11240566e-01
    3.58678609e-01 7.02342153e-01 1.65546715e-01 4.93860185e-01
    9.07592654e-01 5.30640841e-01 8.36409390e-01 4.80432987e-01
    7.05204070e-01 3.43567133e-01 8.16896677e-01 9.23820496e-01
    4.56465900e-01 6.46034360e-01 2.76342928e-01 2.44791836e-01
    6.74842298e-01 6.11174107e-03 7.69264817e-01 8.03721905e-01
    7.01721430e-01 1.13838017e-02 5.17156243e-01 6.67483032e-01
    9.78262424e-01 2.10516065e-01 4.72421587e-01 1.23757511e-01
    3.03365588e-02 9.01544690e-01 5.56692719e-01 8.45720530e-01
    7.82374501e-01 8.38572502e-01 2.81821847e-01 9.81168151e-01
    4.91792828e-01 8.88331771e-01 6.48475587e-01 2.76356757e-01
    1.76035970e-01 2.11715341e-01 1.14735186e-01 6.66390061e-01
    4.66407150e-01 4.10006881e-01 4.64618027e-01 3.21932822e-01
    9.28947330e-01 5.04340351e-01 9.58492935e-01 9.17744637e-02
    9.60282028e-01 5.90387046e-01 3.09805602e-01 5.80743968e-01
    6.71989083e-01 6.96143091e-01 5.40199518e-01 2.97693610e-02
    4.33367491e-03 3.54120523e-01 6.00286245e-01 7.85832703e-02
    8.47687125e-01 5.52731276e-01 9.00866628e-01 9.41772342e-01
    4.53881949e-01 6.47034705e-01 1.10167861e-02 8.36546421e-01
    6.44320905e-01 8.99036527e-01 2.95829952e-01 3.23950052e-01
    3.69959950e-01 9.85524654e-02 4.89477813e-01 2.98488468e-01
    4.86370534e-01 8.38137627e-01 2.00410426e-01 5.14498353e-03
    8.55824471e-01 7.35498011e-01 7.39929199e-01 9.22230601e-01
    3.76624614e-01 1.11196071e-01 2.72089869e-01 5.42014241e-01
    8.07684660e-01 3.05146009e-01 6.98526084e-01 8.26024652e-01
    6.00760520e-01 6.07781470e-01 9.42405999e-01 6.49696589e-03
    2.68671662e-01 3.66259277e-01 8.55944157e-02 5.60589373e-01
    8.34798276e-01 5.36595285e-01 2.84617007e-01 7.59830415e-01
    1.72000349e-01 4.27553862e-01 1.48870230e-01 5.88078320e-01
    9.14005280e-01 5.36736906e-01 2.76480824e-01 5.77213645e-01
    6.69759512e-01 8.70868087e-01 5.18527389e-01 7.38024235e-01
    3.51299345e-01 6.16941512e-01 4.52006012e-01 1.25826418e-01
    2.92741179e-01 1.35711074e-01 3.22868526e-01 8.49877119e-01
    1.72825843e-01 9.31832194e-01 5.24949014e-01 2.87262529e-01
    3.58510137e-01 6.53535426e-01 3.13554257e-01 3.17007780e-01
    4.62659687e-01 8.94034564e-01 5.11931896e-01 3.72747362e-01
    5.88317752e-01 3.34289223e-01 9.22885418e-01 5.94718099e-01
    2.38131464e-01 5.31402767e-01 3.53122264e-01 1.02957547e-01
    9.01874542e-01 7.82816768e-01 8.49329829e-01 8.96063209e-01
    8.45363855e-01 7.79533386e-02 5.13184905e-01 7.01359570e-01
    6.43030047e-01 3.27961385e-01 1.53468221e-01 3.51593614e-01
    8.08248341e-01 4.80397969e-01 6.33937299e-01 2.42637545e-01
    5.31819940e-01 1.60281986e-01 5.16328335e-01 2.49788404e-01
    1.82040036e-02 4.55519885e-01 2.69015521e-01 7.50877500e-01
    7.71388590e-01 2.38640070e-01 9.41194177e-01 7.78274834e-02
    8.79075527e-01 1.10064715e-01 6.07404590e-01 3.12607229e-01
    8.07092667e-01 2.35795677e-02 3.80969465e-01 9.46853995e-01
    6.36924982e-01 4.66465056e-02 7.86759615e-01 9.97663796e-01
    6.28213942e-01 3.40641499e-01 6.62804484e-01 8.54647517e-01
    5.59924066e-01 7.54032254e-01 7.45382071e-01 9.86345530e-01
    1.59620255e-01 4.54196632e-02 8.28699470e-02 5.95198452e-01
    9.00255620e-01 7.85780966e-01 9.47245359e-01 1.41471028e-01
    8.64357948e-02 5.63925624e-01 9.11261082e-01 8.72857451e-01
    4.86294687e-01 4.69875515e-01 3.25643420e-02 9.02093410e-01
    7.04672277e-01 1.65372819e-01 4.10791099e-01 8.50674093e-01
    5.89076459e-01 4.42229599e-01 6.85985744e-01 8.83195221e-01
    9.85622168e-01 5.70702374e-01 1.67944282e-01 6.67643607e-01
    3.55629355e-01 3.28270137e-01 5.29728949e-01 5.90212166e-01
    7.80710161e-01 3.87559831e-01 4.73164022e-02 7.41221905e-01
    3.14734340e-01 3.68034780e-01 3.32084566e-01 8.10924411e-01
    5.47042549e-01 6.52547836e-01 6.86095059e-01 8.00308228e-01
    8.76957357e-01 1.24554753e-01 1.43719107e-01 7.17303514e-01
    8.27415109e-01 6.52764559e-01 9.80428100e-01 9.18681920e-01
    7.39654839e-01 5.59243858e-01 6.41537309e-01 6.22947276e-01
    7.42288291e-01 7.70044029e-01 3.02574545e-01 6.70271873e-01
    8.98375094e-01 1.35213673e-01 2.83993840e-01 4.49370801e-01
    5.95977902e-02 6.36276901e-02 4.12173510e-01 1.82780862e-01
    6.55836642e-01 7.65192926e-01 2.67553777e-01 5.13769567e-01
    1.91428751e-01 8.37056398e-01 2.58677304e-02 1.70645952e-01
    7.51564980e-01 3.43705058e-01 3.97789687e-01 2.69266367e-02
    5.11477947e-01 2.56332457e-01 8.09672713e-01 1.60299987e-01
    1.73764825e-02 5.02263546e-01 8.35256577e-01 8.24753284e-01
    2.53513873e-01 7.34550416e-01 1.24446839e-01 6.84547126e-01
    8.00801814e-02 5.22778928e-01 4.49719846e-01 4.16579783e-01
    4.19858307e-01 9.87730563e-01 1.59260631e-02 2.67087340e-01
    2.44042635e-01 7.57970452e-01 8.64619195e-01 9.47687268e-01
    7.18878627e-01 6.94073737e-01 5.39949596e-01 3.96848261e-01
    3.59356880e-01 6.90193832e-01 7.74676681e-01 4.27548051e-01
    7.72172689e-01 2.32336581e-01 3.86573911e-01 4.88795310e-01
    4.99589622e-01 3.03647816e-01 3.01174939e-01 2.02449828e-01
    9.56585169e-01 7.36066997e-02 3.64662707e-01 1.26521617e-01
    5.70495427e-02 1.39702737e-01 1.92887813e-01 9.61681068e-01
    2.89171815e-01 7.31849968e-01 7.75419474e-01 6.03552282e-01
    2.58067250e-03 5.74591994e-01 8.31041038e-02 7.93504953e-01
    4.50076997e-01 3.59683156e-01 2.85480708e-01 5.31281531e-02
    2.13713706e-01 1.14139229e-01 2.31000394e-01 8.82441759e-01
    7.53070235e-01 1.95832551e-01 4.46205437e-01 3.00711811e-01
    4.21823978e-01 9.40561295e-04 3.87627274e-01 7.28724718e-01
    2.31988817e-01 8.74963343e-01 1.07394904e-01 2.43830353e-01
    4.86149669e-01 1.37231350e-02 8.81194174e-01 7.70076275e-01
    8.18191051e-01 6.97598577e-01 4.34171081e-01 5.53737283e-02
    4.46367621e-01 5.94123662e-01 3.78094465e-01 7.60437846e-01
    6.32468700e-01 8.35333467e-01 8.17667186e-01 9.81451929e-01
    7.04569936e-01 3.75142872e-01 5.94753146e-01 4.49442327e-01
    6.99553251e-01 9.38994050e-01 8.23536217e-02 3.99389267e-02
    3.60564828e-01 4.27468151e-01 3.05398047e-01 7.21767187e-01
    5.34723520e-01 4.51888293e-01 1.79039627e-01 5.13696373e-01
    4.80322540e-02 9.01342452e-01 4.18583870e-01 7.16188312e-01
    9.23853755e-01 8.56157005e-01 2.27807164e-01 1.42990291e-01
    3.80454987e-01 9.80178654e-01 6.72101021e-01 2.10746378e-01
    6.49243593e-01 4.64189321e-01 6.23587191e-01 7.35428631e-01
    3.60438377e-01 6.26931787e-01 2.52027035e-01 2.46814668e-01
    5.33490181e-01 1.29406691e-01 4.52773273e-02 4.39801395e-01
    6.19215608e-01 3.76480073e-01 3.13412964e-01 8.90126228e-01
    5.43091297e-02 8.40173602e-01 3.50736082e-01 8.49735141e-01
    4.62714374e-01 4.97337550e-01 9.86966014e-01 7.00100183e-01
    6.96056962e-01 1.98777318e-02 5.77829778e-01 4.28269774e-01
    7.98203707e-01 4.66678739e-01 9.90783930e-01 8.76664460e-01
    9.12904978e-01 9.09780741e-01 7.59569466e-01 3.70014250e-01
    6.63809538e-01 5.42492688e-01 3.16257715e-01 3.09631348e-01
    2.01538593e-01 6.40628457e-01 7.03366280e-01 6.97306395e-01
    3.49964082e-01 8.52803707e-01 2.40213811e-01 4.73499894e-01
    5.98591566e-02 4.61144447e-02 9.50487792e-01 3.70614886e-01
    2.36067653e-01 7.80820847e-01 2.40238309e-01 1.98285073e-01
    3.60422343e-01 4.09470201e-01 1.40042603e-01 2.89308369e-01
    6.56319380e-01 4.00865376e-02 4.43958700e-01 8.67522120e-01
    1.70577168e-02 7.84730375e-01 3.21134895e-01 3.69319171e-01
    5.21461725e-01 2.73449600e-01 7.92207956e-01 3.53579164e-01
    5.83044648e-01 6.24849677e-01 6.79772198e-02 8.31848025e-01
    8.37743998e-01 5.02975464e-01 6.02541268e-01 1.98065221e-01
    9.96876955e-01 6.98069394e-01 1.63857102e-01 5.10609806e-01
    5.64060211e-02 8.52801800e-01 8.49822044e-01 7.44301617e-01
    7.51201212e-02 6.11310959e-01 6.95869088e-01 4.82256174e-01
    7.63198793e-01 6.21825993e-01 4.89679456e-01 5.46368241e-01
    5.15820444e-01 6.88078642e-01 2.92102486e-01 7.55776763e-02
    9.12328482e-01 8.13863516e-01 5.43512106e-02 4.85813767e-01
    8.14252973e-01 1.30211443e-01 7.80615449e-01 4.95862335e-01
    7.36632645e-02 8.35106969e-01 9.22002792e-01 8.17240238e-01
    6.20534539e-01 5.63483477e-01 1.18838072e-01 5.61573029e-01
    6.36882126e-01 2.47378975e-01 4.39818680e-01 5.29788852e-01
    8.71317983e-02 4.35653567e-01 1.68660611e-01 8.87770832e-01
    7.02168643e-01 2.08730608e-01 3.49341273e-01 3.03474575e-01
    9.15601492e-01 6.31835163e-02 2.09842682e-01 9.36173558e-01
    4.49938893e-01 1.61386073e-01 2.49677777e-01 2.39656508e-01
    4.17475462e-01 6.12589300e-01 4.71464008e-01 1.94115341e-01
    7.33281851e-01 8.04491818e-01 7.04959571e-01 2.23168045e-01
    7.41759300e-01 9.18579280e-01 1.02179080e-01 4.53465611e-01
    4.01690781e-01 2.98350871e-01 4.41116214e-01 7.80570507e-01
    8.59609544e-01 2.67406762e-01 5.24952292e-01 2.90845931e-01
    4.25637662e-01 5.60489058e-01 9.30578589e-01 6.68236256e-01
    3.13474834e-02 7.22252011e-01 9.87610102e-01 3.84050548e-01
    7.72770464e-01 2.35326052e-01 4.09243464e-01 4.30935591e-01
    3.11924636e-01 2.44924098e-01 7.50422239e-01 4.86072183e-01
    5.27001798e-01 3.72707427e-01 3.71821940e-01 8.35776806e-01
    9.17541146e-01 4.14055794e-01 1.60348177e-01 2.14695781e-01
    7.60206103e-01 1.89626217e-03 8.44740331e-01 5.92689812e-01
    7.42730856e-01 6.30200028e-01 2.04727590e-01 5.56654930e-01
    5.81464887e-01 1.49006397e-01 1.15657270e-01 4.77030098e-01
    6.26425922e-01 6.05290294e-01 2.59839118e-01 8.76218021e-01
    2.79505134e-01 6.54274821e-01 6.82359517e-01 9.35161948e-01
    7.70643890e-01 7.81666756e-01 9.46663499e-01 1.37597203e-01
    5.31931043e-01 2.94590712e-01 4.98302579e-01 5.21392167e-01
    7.54632056e-02 2.77562022e-01 4.08778369e-01 7.75070727e-01
    6.47794664e-01 1.39203072e-02 3.89720798e-01 7.97168434e-01
    1.09079212e-01 5.97852290e-01 8.35610628e-01 5.41535854e-01
    1.47807300e-02 4.34751391e-01 2.29269326e-01 5.20459235e-01
    3.35936427e-01 6.32969201e-01 6.83051348e-01 7.13929832e-01
    7.22958446e-01 1.10163450e-01 5.53075969e-01 9.93680358e-01
    7.14113295e-01 6.05172873e-01 6.78876281e-01 7.36867964e-01
    6.99239373e-01 6.20934665e-02 7.10898757e-01 3.61297011e-01
    9.32062387e-01 2.35311985e-01 6.70383275e-02 5.73688090e-01
    9.39077973e-01 8.89584661e-01 1.96185470e-01 4.34943140e-01
    7.08201230e-02 3.22642326e-01 1.53048337e-01 5.16542733e-01
    6.64521873e-01 5.09374440e-01 1.94184572e-01 3.94163042e-01
    7.80391276e-01 8.42653751e-01 7.41383791e-01 1.21490210e-01
    5.57000995e-01 5.85049033e-01 4.95896548e-01 3.72663260e-01
    1.42262995e-01 1.53611124e-01 5.30544281e-01 6.81051731e-01
    3.27930927e-01 2.69856632e-01 4.01804328e-01 9.61180091e-01
    9.48062062e-01 5.35220444e-01 7.13006496e-01 5.38732767e-01
    8.92934203e-01 4.27286267e-01 6.79050684e-01 5.40356100e-01
    5.03726900e-01 2.63643861e-01 3.56847107e-01 2.03803241e-01
    3.13969076e-01 4.20099646e-01 8.63358617e-01 5.07811248e-01
    3.66046667e-01 5.03586352e-01 4.83029425e-01 2.11542547e-01
    6.35917902e-01 2.22717524e-01 2.43520021e-01 3.22928160e-01
    4.08641368e-01 7.89228916e-01 6.60012364e-02 6.06061935e-01
    8.71429741e-02 6.64338589e-01 8.27502608e-01 9.97984648e-01
    3.77181232e-01 7.89034069e-02 3.35914850e-01 5.74458480e-01
    1.00323528e-01 1.42211467e-01 1.67221129e-02 6.36790752e-01
    8.33881199e-02 4.79504377e-01 3.82465422e-01 2.00073719e-02
    9.05384481e-01 2.90882856e-01 3.08960497e-01 2.01341242e-01
    9.63866711e-04 3.81707251e-01 8.08141470e-01 5.50556242e-01
    1.98309124e-02 9.71313596e-01 2.42417067e-01 1.51909918e-01
    5.50625920e-01 4.40001041e-01 9.46619630e-01 1.76682353e-01
    5.89777231e-01 6.97870851e-01 2.08254933e-01 1.22429371e-01
    7.00211346e-01 2.47286469e-01 6.62408471e-02 2.68794805e-01
    6.42943323e-01 4.87849176e-01 9.35855269e-01 2.72087544e-01
    3.81611079e-01 7.12523580e-01 9.92847025e-01 4.36811149e-01
    9.95643497e-01 2.33342320e-01 1.41047001e-01 9.62705195e-01
    9.52158630e-01 7.28183866e-01 4.65535700e-01 7.85480738e-01
    4.01376665e-01 6.22344494e-01 1.73542678e-01 2.88049549e-01
    1.51456237e-01 4.34869051e-01 6.17198169e-01 3.24349463e-01
    9.71253812e-02 8.00620437e-01 8.40016127e-01 1.12770349e-01
    6.17232323e-01 4.97977614e-01 9.83503997e-01 3.32012832e-01
    2.33482003e-01 9.71062839e-01 1.39566898e-01 1.83851987e-01
    7.96836495e-01 5.10859966e-01 5.95714867e-01 5.94326735e-01
    1.43321574e-01 7.72863269e-01 9.18499112e-01 8.64070654e-01
    3.03334892e-01 2.12402970e-01 5.22227407e-01 2.14067161e-01
    5.94604850e-01 6.12810850e-01 4.42459226e-01 8.80346417e-01
    3.82603288e-01 3.01362157e-01 9.76598024e-01 4.25777435e-02
    1.30942464e-02 1.23806477e-01 3.26177210e-01 8.45582366e-01
    4.55774963e-01 5.13758779e-01 3.46139461e-01 3.65356147e-01
    2.49741971e-02 7.77001739e-01 8.76475513e-01 8.88702393e-01
    5.51511645e-02 2.10395277e-01 7.96816051e-02 7.51200438e-01
    5.99358737e-01 6.65124655e-01 6.76599562e-01 3.07829976e-02
    7.55243778e-01 8.68442535e-01 9.59274054e-01 9.19456780e-02
    2.46080160e-02 2.58577287e-01 3.94855529e-01 9.40396190e-02
    3.56553972e-01 5.93327940e-01 4.62542236e-01 7.53722489e-02
    3.45033109e-01 8.05634558e-02 9.56308722e-01 2.29131937e-01
    5.69320500e-01 2.95273542e-01 1.58953369e-01 1.09680414e-01
    7.18332708e-01 3.11824799e-01 2.09258795e-01 8.20733428e-01
    6.77687705e-01 1.84728861e-01 7.46473789e-01 8.43212903e-02
    5.15178740e-01 1.21541023e-02 9.56214905e-01 9.41241086e-02
    3.06248099e-01 7.36538172e-01 4.64755803e-01 7.33189344e-01
    7.83361197e-01 1.26962960e-02 8.27395916e-01 8.66104662e-02
    7.15636611e-01 4.34584558e-01 1.35146201e-01 5.95661402e-02
    5.24279654e-01 8.69259596e-01 9.35798764e-01 1.28477812e-03
    1.99061185e-01 6.16260648e-01 6.49313331e-02 4.73611534e-01
    8.95580828e-01 2.84260571e-01 7.04128027e-01 7.45201409e-01
    2.65603364e-01 7.24067211e-01 7.13174701e-01 3.68887752e-01
    6.99951053e-02 3.44480872e-02 5.49795806e-01 5.40727556e-01
    5.39376795e-01 1.58765107e-01 9.22044575e-01 1.27473146e-01
    5.15313983e-01 7.76399970e-02 4.14027184e-01 2.52567649e-01
    3.04596484e-01 8.51426601e-01 4.36226487e-01 8.57794523e-01
    6.01861835e-01 9.46044922e-04 1.00948811e-02 9.28638458e-01
    6.83041513e-01 6.60633445e-01 4.81285453e-01 7.49358714e-01
    8.49942923e-01 6.67734742e-01 4.83169407e-01 7.19569147e-01
    7.16872990e-01 9.95721817e-01 4.61501002e-01 4.46767211e-01
    3.87890816e-01 1.88002944e-01 3.15395772e-01 3.79408002e-01
    5.71120560e-01 6.25784457e-01 9.12655711e-01 2.74045825e-01
    7.82335162e-01 3.26520026e-01 4.62332875e-01 4.66258228e-01
    4.80272800e-01 9.96760488e-01 3.31320286e-01 1.73489034e-01
    8.28925967e-01 1.42887682e-01 8.94453406e-01 1.19269401e-01
    7.96989024e-01 9.79828835e-01 8.18570137e-01 8.76556635e-01
    9.46314573e-01 9.59449887e-01 7.85142064e-01 6.58476591e-01
    4.44828451e-01 7.61781931e-01 8.01502943e-01 6.54252172e-02
    5.83365560e-03 5.23091078e-01 3.56806815e-01 1.36337787e-01
    7.06947446e-01 1.17366850e-01 2.49009430e-01 5.00324607e-01
    4.71661329e-01 1.75167114e-01 5.48038483e-01 5.66911459e-01
    9.09003735e-01 2.21755594e-01 7.48904824e-01 8.75811100e-01
    5.24964929e-02 9.13001657e-01 1.71029568e-03 3.75233829e-01
    4.84475672e-01 5.50016761e-01 6.97322607e-01 9.15874124e-01
    5.01177311e-02 8.30347061e-01 4.24194843e-01 2.20056146e-01
    5.35031438e-01 7.60182738e-01 6.76679254e-01 4.13064599e-01
    3.18762034e-01 7.28729367e-03 5.40367723e-01 1.61550641e-01
    6.42236829e-01 3.69962156e-02 3.40146601e-01 1.04993075e-01
    3.88910264e-01 8.59633684e-01 7.12040842e-01 2.23568320e-01
    3.58079642e-01 2.35954791e-01 4.73752081e-01 3.57344449e-02
    1.12427831e-01 2.78864264e-01 5.42551279e-01 3.64913046e-02
    5.98779023e-01 7.39214301e-01 3.50801885e-01 8.04887831e-01
    1.48912251e-01 7.86696196e-01 9.82266307e-01 5.82729638e-01
    3.09809387e-01 5.38496137e-01 9.34858263e-01 4.18280900e-01
    1.42363399e-01 7.57654309e-02 8.76184762e-01 5.78979552e-02
    6.70096457e-01 5.25444448e-02 6.68113947e-01 3.34103167e-01
    3.42957795e-01 1.32234663e-01 5.12424171e-01 2.93950140e-02
    1.75440907e-02 6.10204816e-01 5.22502005e-01 2.86954403e-01
    7.56608784e-01 4.58956540e-01 3.90194923e-01 2.27057993e-01
    2.73109615e-01 2.29893804e-01 4.89324510e-01 4.95031059e-01
    9.02979195e-01 8.11872005e-01 5.25736630e-01 7.83367038e-01
    9.18720305e-01 1.86520636e-01 5.96488595e-01 2.60181785e-01
    2.87399918e-01 1.04420781e-01 5.63666344e-01 1.15636766e-01
    7.85601139e-03 2.00624675e-01 7.90094852e-01 1.97041750e-01
    7.03955233e-01 3.69970024e-01 9.19280827e-01 5.37292898e-01
    6.70179367e-01 2.61104703e-02 7.13825703e-01 2.76437700e-01
    9.40525234e-01 5.95771372e-02 2.60930955e-01 6.10071599e-01
    6.64914787e-01 4.18999404e-01 4.83245224e-01 4.00932521e-01
    8.16331387e-01 3.97799939e-01 7.32947290e-02 1.11557543e-02
    7.22573459e-01 5.42539001e-01 4.30525750e-01 7.27739513e-01
    8.52029204e-01 6.17955983e-01 8.10035110e-01 6.45671129e-01
    7.43488431e-01 7.70979643e-01 2.61720121e-01 9.54411983e-01
    9.96434748e-01 5.11501312e-01 5.91406465e-01 4.17417824e-01
    9.13361311e-01 9.47033405e-01 2.96735674e-01 6.41112924e-01
    3.59128296e-01 9.07106519e-01 8.09414625e-01 7.26435840e-01
    6.02288663e-01 9.45116460e-01 4.07705069e-01 1.03279799e-01
    7.52185225e-01 2.15711236e-01 6.26511753e-01 8.54007900e-02
    7.71723866e-01 5.81226647e-01 5.87660789e-01 7.10402369e-01
    9.40593004e-01 3.09406817e-01 5.60913086e-01 3.72448623e-01
    4.88311291e-01 9.30227697e-01 7.68115163e-01 4.53440249e-02
    1.89690739e-01 4.70943391e-01 7.13049352e-01 7.76250243e-01
    5.51925421e-01 1.47877932e-01 9.12981927e-01 5.89865744e-01
    7.56329596e-02 7.05270290e-01 2.80401826e-01 1.85069650e-01
    4.35621381e-01 1.02708995e-01 8.93125594e-01 4.28742021e-01
    2.11876988e-01 3.20034385e-01 8.86975527e-01 1.13789201e-01
    8.84275734e-01 3.16407859e-01 9.05067801e-01 4.77081388e-01
    9.41196799e-01 4.74208266e-01 1.90190881e-01 3.56391251e-01
    1.79919571e-01 4.80096042e-01 7.50061512e-01 5.72260737e-01
    7.84672618e-01 8.43471169e-01 1.93404526e-01 9.80175138e-01
    5.82450628e-03 5.52855849e-01 6.67054296e-01 1.42441124e-01
    9.82569456e-01 5.45380473e-01 8.69988799e-01 8.18966806e-01
    5.80424845e-01 4.26173538e-01 6.89481139e-01 8.65499496e-01
    5.45034230e-01 4.19215590e-01 9.14064169e-01 1.27825528e-01
    3.17184508e-01 2.50918925e-01 8.14705491e-01 6.84375405e-01
    7.31971264e-01 8.80676031e-01 4.00664330e-01 4.26160693e-02
    5.82709610e-02 6.17246866e-01 9.76600945e-02 9.54455376e-01
    3.45283449e-02 2.62468845e-01 8.92770648e-01 5.82618594e-01
    5.97854257e-01 8.87061536e-01 1.04460299e-01 7.92453587e-01
    4.20362413e-01 6.81199253e-01 8.30061674e-01 7.16902673e-01
    7.12301612e-01 7.47891545e-01 5.18647790e-01 5.12933075e-01
    9.32497382e-02 6.65621758e-01 9.42696631e-01 9.29490983e-01
    7.52128720e-01 4.44151103e-01 3.41639936e-01 2.55910754e-02
    5.52244961e-01 2.26522058e-01 2.71895856e-01 1.24309957e-01
    8.54696274e-01 9.09706235e-01 4.94401097e-01 4.32305276e-01
    2.64441848e-01 9.81280804e-01 5.13097644e-02 1.99733287e-01
    2.04127342e-01 1.79170251e-01 8.69438887e-01 6.37805164e-01
    7.74063230e-01 1.81187183e-01 3.37136984e-02 7.01314211e-03
    2.83110559e-01 9.74207103e-01 5.48437238e-02 7.20932603e-01
    4.18536603e-01 3.42585444e-01 9.99925017e-01 4.97579247e-01
    2.14938998e-01 8.33633482e-01 8.97504091e-01 8.27606797e-01
    2.49549687e-01 8.73478293e-01 8.68334413e-01 9.68771279e-02
    5.07021964e-01 9.32001948e-01 7.26476073e-01 7.93328881e-03
    5.30635715e-02 8.74566436e-01 4.32574928e-01 7.36060381e-01
    9.05643821e-01 3.79032105e-01 8.34086895e-01 4.09247994e-01
    2.22550213e-01 3.01405668e-01 3.62373233e-01 1.08542234e-01
    5.92596471e-01 7.05412447e-01 1.67472750e-01 5.71427822e-01
    6.73121631e-01 7.04287589e-01 6.29673839e-01 3.11475068e-01
    8.98340940e-02 7.69838572e-01 2.34783292e-02 3.03283811e-01
    6.85002685e-01 2.93651223e-02 1.01186454e-01 2.51953632e-01
    4.19133842e-01 8.89569402e-01 7.29074478e-01 8.72644782e-01
    3.06008697e-01 5.93128026e-01 7.01537430e-01 8.77267122e-01
    4.05821621e-01 8.45024645e-01 4.84030873e-01 9.48689580e-01
    2.86906123e-01 1.24007285e-01 4.10770416e-01 1.65518761e-01
    1.75905168e-01 7.04184949e-01 1.33820593e-01 8.91386211e-01
    8.20506096e-01 7.28883803e-01 8.70135784e-01 5.00579119e-01
    7.39707947e-02 7.81462908e-01 5.87241471e-01 7.27085888e-01
    9.47633386e-01 7.51956463e-01 2.40774989e-01 7.25873470e-01
    8.65059137e-01 2.16940165e-01 9.47343946e-01 5.22146702e-01
    9.41505194e-01 2.63945937e-01 9.15214062e-01 8.96735430e-01
    5.50810933e-01 3.35745454e-01 2.47245252e-01 2.51715571e-01
    6.56817555e-01 9.98743296e-01 4.55129147e-01 1.32194161e-02
    7.35888124e-01 1.29943609e-01 4.87387985e-01 6.55530572e-01
    7.00590670e-01 2.20088422e-01 2.15592772e-01 5.55558503e-02
    1.26496792e-01 2.65773535e-01 1.91030204e-01 7.12751150e-01
    5.27191758e-01 1.03893220e-01 5.79087496e-01 2.50411361e-01
    1.38826668e-02 3.67954433e-01 9.06791210e-01 2.66925931e-01
    6.26635671e-01 4.79826659e-01 7.07978308e-01 6.24926269e-01
    6.63001359e-01 8.76674771e-01 5.48499763e-01 4.33061451e-01
    4.34838653e-01 4.31381762e-01 9.64080095e-01 5.82702637e-01
    2.77870297e-01 9.09187198e-02 5.27287543e-01 3.71121585e-01
    2.94880509e-01 7.42798626e-01 2.65939027e-01 1.40722603e-01
    4.64852035e-01 2.47413099e-01 7.84578919e-01 4.13249552e-01
    6.20473027e-01 7.00321198e-02 6.47422373e-01 2.57492065e-04
    6.30858183e-01 6.01343870e-01 7.61283159e-01 8.96727324e-01
    2.94261575e-02 9.75116014e-01 2.02524245e-01 7.75200486e-01
    1.82305545e-01 4.22837526e-01 1.15541220e-02 8.38474154e-01
    1.96793824e-01 3.52820128e-01 3.66080076e-01 6.52683318e-01
    1.38727725e-02 2.30325311e-01 8.66942406e-01 6.10671163e-01
    9.19581354e-02 1.64122403e-01 7.70295382e-01 8.01211119e-01
    7.97762990e-01 5.80293298e-01 8.84225070e-01 1.53817564e-01
    4.07214522e-01 4.25273120e-01 5.93905747e-01 6.61644101e-01
    2.38229334e-01 1.02423042e-01 3.31025600e-01 7.22654998e-01
    7.26394355e-01 7.29522347e-01 2.49745309e-01 4.19198751e-01
    2.54019678e-01 3.33987653e-01 5.08273780e-01 4.21997041e-01
    2.74650216e-01 6.24544382e-01 1.81384981e-02 6.10220969e-01
    8.09727967e-01 1.25459462e-01 4.71635699e-01 7.95092583e-01
    6.65988863e-01 7.51785338e-02 3.74904871e-02 2.34917104e-02
    4.82588291e-01 3.11144650e-01 8.03314686e-01 3.72072756e-01
    3.56070578e-01 9.01616514e-02 3.43810558e-01 1.98902339e-01
    8.39584470e-01 4.05727416e-01 4.62107062e-02 1.08004808e-01
    3.02256763e-01 9.51351106e-01 3.51953834e-01 8.61450911e-01
    5.97849846e-01 1.11234665e-01 2.37461805e-01 1.60200119e-01
    6.29987895e-01 5.34894109e-01 4.32590842e-02 4.41659272e-01
    9.47242856e-01 6.46617055e-01 8.27606440e-01 4.48730588e-03
    2.10469484e-01 8.44492912e-01 5.13048470e-02 8.22710514e-01
    6.35132015e-01 9.31251347e-01 1.26096874e-01 8.09430003e-01
    7.91260898e-01 5.28610766e-01 8.48218024e-01 3.76949340e-01
    4.75805104e-01 1.16923749e-02 1.20043963e-01 2.65335679e-01
    3.44255269e-02 6.55344248e-01 7.62360573e-01 5.09721577e-01
    6.14264190e-01 6.82421446e-01 5.85221052e-01 5.04940033e-01
    4.48300779e-01 2.08267152e-01 5.78201652e-01 1.45792991e-01
    9.91294682e-01 4.75483507e-01 1.09080583e-01 5.24577737e-01
    9.77730870e-01 8.99231672e-01 9.72971082e-01 3.71619344e-01
    6.57836676e-01 4.84366477e-01 4.82305259e-01 2.48143345e-01
    3.93644333e-01 5.67308962e-01 7.33308733e-01 7.15092659e-01
    5.39908946e-01 6.41492128e-01 7.38604665e-01 3.70480984e-01
    2.72572577e-01 2.05966055e-01 2.18389511e-01 7.66403675e-01
    8.37375641e-01 8.72085929e-01 2.34267920e-01 7.80828595e-02
    2.09784120e-01 9.80234742e-01 9.22823906e-01 6.57819867e-01
    7.71542788e-02 4.55954880e-01 1.27772987e-02 7.33843803e-01
    5.36797881e-01 6.13635123e-01 1.85708314e-01 2.10037231e-01
    5.10810435e-01 7.83101797e-01 8.54841948e-01 7.86601543e-01
    6.17539227e-01 6.11793041e-01 5.13710856e-01 8.79258513e-02
    7.11929440e-01 9.71422017e-01 3.67555976e-01 6.55364752e-01
    3.85313749e-01 3.68596941e-01 5.06403923e-01 8.35489988e-01
    1.17372841e-01 4.39655155e-01 7.65048623e-01 8.16939712e-01
    7.71548867e-01 4.42227364e-01 3.64430875e-01 4.54078496e-01
    1.81267560e-02 7.56919503e-01 2.07892030e-01 2.12226510e-01
    6.36766970e-01 5.68771124e-01 1.21914834e-01 4.77472872e-01
    3.29378664e-01 4.82576579e-01 4.68867958e-01 2.09779382e-01
    4.32996392e-01 3.90645415e-01 2.36156911e-01 2.54235268e-01
    7.43651450e-01 6.25937581e-01 7.84779310e-01 8.30524206e-01
    3.53014588e-01 9.59850848e-02 6.23929083e-01 4.27145332e-01
    4.41441804e-01 5.39108574e-01 5.95204651e-01 2.12722242e-01
    3.72469246e-01 8.20647240e-01 2.81695843e-01 3.12904269e-01
    5.82010150e-01 2.73409307e-01 1.98088288e-01 6.52247906e-01
    5.82550764e-01 3.20289850e-01 6.94624424e-01 5.32115638e-01
    8.16072464e-01 9.53977585e-01 5.15754223e-02 4.14144754e-01
    4.75338519e-01 4.91922677e-01 6.83439791e-01 1.28538519e-01
    6.59483671e-02 4.30622548e-01 5.87358177e-01 4.69938815e-01
    8.44779015e-01 7.86316395e-02 7.41657436e-01 4.10220951e-01
    3.38547498e-01 7.49830425e-01 4.98824209e-01 9.98838484e-01
    8.15896153e-01 2.04392105e-01 7.59732664e-01 6.58666849e-01
    3.23002070e-01 7.80808806e-01 3.41958880e-01 9.51781392e-01
    8.85661960e-01 3.76896977e-01 7.19275057e-01 1.76517218e-01
    5.90402424e-01 5.83938420e-01 6.30403340e-01 8.41896832e-02
    9.93018031e-01 5.08312941e-01 6.76967323e-01 6.28304899e-01
    8.74167085e-01 2.54445225e-01 8.85280609e-01 4.33924019e-01
    3.69697213e-01 7.31554627e-01 7.58919418e-01 2.87360549e-02
    6.15605533e-01 1.36463314e-01 7.16795683e-01 2.59021461e-01
    9.73356009e-01 7.57392168e-01 8.51552010e-01 4.78108168e-01
    4.37280208e-01 1.13954127e-01 4.82294977e-01 2.67272025e-01
    3.86136562e-01 9.33213115e-01 4.31363344e-01 7.88017333e-01
    6.32218599e-01 3.34931016e-01 7.19487131e-01 9.89821434e-01
    5.53225517e-01 2.65249699e-01 1.01960808e-01 6.02517724e-02
    7.81537712e-01 5.61100602e-01 6.73038840e-01 9.81619000e-01
    8.72918785e-01 1.54328436e-01 5.87464988e-01 8.50881100e-01
    9.66328502e-01 3.85626525e-01 2.19466090e-01 6.95662022e-01
    6.85037434e-01 5.83195210e-01 6.70295775e-01 7.18298554e-03
    9.06343818e-01 9.64234114e-01 6.59587979e-03 2.50845671e-01
    7.82391965e-01 9.95670915e-01 1.11648440e-02 6.51323438e-01
    2.62245715e-01 3.70384932e-01 9.78268623e-01 8.55695963e-01
    6.64488077e-01 9.01151061e-01 9.87775981e-01 2.18193740e-01
    9.02633309e-01 1.18429899e-01 9.57197785e-01 3.87441695e-01
    5.55597126e-01 1.50585711e-01 6.05480433e-01 4.45603371e-01
    8.83121371e-01 1.24719292e-01 3.28091383e-01 9.72741842e-03
    5.50616562e-01 6.18892908e-03 5.40162325e-01 4.02971625e-01
    8.94330621e-01 6.39025509e-01 1.13535762e-01 2.22530216e-01
    4.27707016e-01 5.99191546e-01 2.78414071e-01 3.40125382e-01
    3.12863350e-01 8.40225577e-01 5.72221041e-01 6.90646708e-01
    4.27009165e-02 3.80514264e-01 4.90794361e-01 5.80223799e-01
    9.05437589e-01 2.62000859e-02 6.39317513e-01 6.81432366e-01
    1.52863801e-01 9.75996614e-01 8.96910667e-01 2.12596059e-02
    7.60276258e-01 2.72974551e-01 4.29177701e-01 6.60702765e-01
    4.14335877e-01 5.26819110e-01 9.98242378e-01 9.69067931e-01
    3.06698829e-01 2.77236164e-01 6.45554304e-01 2.85151780e-01
    4.08196867e-01 6.02622628e-01 1.79787457e-01 8.41897726e-01
    6.64718747e-01 1.14982784e-01 4.44057286e-01 8.72440577e-01
    9.19376612e-01 5.01768768e-01 4.04354364e-01 1.32218987e-01
    9.35712218e-01 1.90115511e-01 7.99623907e-01 2.20089674e-01
    4.49430048e-01 4.21128750e-01 6.25252306e-01 4.51560408e-01
    2.82756478e-01 7.51588702e-01 8.49118829e-01 9.99348164e-02
    6.20481193e-01 8.10942650e-02 2.08876103e-01 5.45141280e-01
    5.50332367e-02 1.71841532e-01 8.48585784e-01 5.72596431e-01
    5.07839143e-01 1.44242615e-01 5.01238644e-01 5.13354421e-01
    9.71246660e-01 9.62778449e-01 2.48754025e-03 1.61311388e-01
    8.99196744e-01 1.50673121e-01 1.71821177e-01 4.15184081e-01
    1.12024188e-01 5.00595272e-01 8.92001152e-01 5.67199230e-01
    4.97630209e-01 2.54633248e-01 8.60553741e-01 3.40210497e-01
    8.83228481e-01 2.07565397e-01 8.54507804e-01 1.90679044e-01
    2.78072119e-01 6.44936740e-01 1.27460092e-01 9.59208906e-01
    7.69562721e-02 9.30638552e-01 8.40375066e-01 3.77190799e-01
    6.36380970e-01 8.41963530e-01 3.60696912e-02 3.34932745e-01
    5.02296388e-01 2.77745426e-02 3.83971930e-02 2.87932158e-02
    8.26978445e-01 8.21813941e-01 5.56031942e-01 9.44887519e-01
    7.04514742e-01 5.15735924e-01 8.00163150e-01 7.67388761e-01
    6.28705025e-01 6.50131345e-01 8.80889475e-01 6.31293118e-01
    1.27594173e-02 1.67266130e-02 7.52527595e-01 5.61076283e-01
    5.04289031e-01 1.70288205e-01 9.67356801e-01 7.41634369e-01
    1.13129079e-01 7.02035904e-01 6.44272089e-01 2.21058756e-01
    7.11579919e-01 5.73635578e-01 7.90858567e-01 4.50292081e-01
    5.05190909e-01 1.52314037e-01 5.67780614e-01 9.52136934e-01
    3.46464515e-02 6.16915882e-01 7.65655160e-01 7.40770638e-01
    7.57514477e-01 8.65485847e-01 5.77027202e-01 9.14958239e-01
    5.98948658e-01 3.92604530e-01 4.38441932e-02 1.89038426e-01
    6.18170202e-01 9.65850234e-01 4.71901774e-01 7.36906111e-01
    6.35939419e-01 9.04917002e-01 8.35571766e-01 4.89708781e-01
    7.55645573e-01 6.63481355e-01 7.23297834e-01 4.10448194e-01
    8.90050471e-01 4.13546711e-01 6.10883474e-01 8.36500645e-01
    3.70239377e-01 5.50027549e-01 3.43814671e-01 4.85986918e-01
    5.40127039e-01 7.06052184e-01 5.09280086e-01 3.48690748e-02
    7.18137860e-01 8.15305412e-01 4.18390036e-02 8.89321446e-01
    9.89428222e-01 6.36023283e-01 1.63914621e-01 8.74427497e-01
    2.23482519e-01 1.18482769e-01 1.36865884e-01 7.48118162e-02
    6.20029032e-01 1.48750037e-01 7.80802846e-01 3.75525981e-01
    6.63737178e-01 8.65895867e-01 9.73967195e-01 5.55082142e-01
    5.65191567e-01 3.16053331e-02 6.98842347e-01 3.22435260e-01
    1.58440739e-01 9.11000371e-01 5.48381686e-01 4.13815886e-01
    3.96294296e-02 2.05182195e-01 2.86684275e-01 8.16663504e-01
    2.70318806e-01 4.11635876e-01 1.35828495e-01 9.16450381e-01
    7.72270858e-02 2.16785014e-01 5.15560925e-01 5.41387141e-01
    4.74454939e-01 9.07313824e-01 4.00827408e-01 3.64220679e-01
    9.34194684e-01 7.20421135e-01 7.25125492e-01 7.43119240e-01
    3.68571222e-01 8.90699983e-01 6.12431228e-01 3.97253335e-02
    2.79366016e-01 4.76877034e-01 1.17988586e-01 6.72844887e-01
    1.79144323e-01 6.45417035e-01 1.10546440e-01 5.24158418e-01
    4.11993891e-01 2.28869706e-01 8.25239420e-01 3.44241560e-01
    6.14439726e-01 1.43204927e-01 9.87853885e-01 7.71116018e-01
    5.36326945e-01 1.71527028e-01 6.74283147e-01 9.09280002e-01
    8.20808649e-01 2.26986110e-01 7.74262607e-01 3.82810742e-01
    1.08038902e-01 1.06622458e-01 6.64239347e-01 3.97011042e-02
    8.59883249e-01 7.31338739e-01 4.30089831e-02 1.04340374e-01
    7.94105053e-01 2.10196972e-02 4.92594242e-02 2.57838368e-02
    3.89243960e-01 3.63287538e-01 8.74521434e-01 4.29597139e-01
    1.54319674e-01 6.31341040e-02 1.16249323e-01 5.20776451e-01
    3.70973885e-01 6.90506279e-01 1.27522141e-01 9.41197157e-01
    6.83433533e-01 7.45379567e-01 7.29787886e-01 5.28640985e-01
    8.08849096e-01 2.62537807e-01 8.19760740e-01 9.99337912e-01
    4.44396138e-01 2.73399234e-01 4.01099116e-01 4.55405384e-01
    4.15134609e-01 9.94026423e-01 5.09229064e-01 3.02370399e-01
    5.81657708e-01 1.16467416e-01 7.68574357e-01 8.37172270e-01
    5.05630910e-01 9.52326655e-01 5.58567166e-01 2.42829889e-01
    7.52503157e-01 1.96388185e-01 3.16990018e-01 7.15511441e-01
    9.00206029e-01 1.55820251e-02 7.94368982e-01 4.56880957e-01
    3.84574205e-01 5.91543555e-01 9.06887770e-01 6.62351429e-01
    2.35931665e-01 7.58648396e-01 7.46902883e-01 3.57652724e-01
    9.70711112e-01 5.03126442e-01 8.85246038e-01 7.90981174e-01
    3.17476034e-01 4.44021493e-01 6.24949753e-01 5.42106748e-01
    1.27935022e-01 6.25117123e-01 9.94194150e-01 4.69888389e-01
    5.81793249e-01 4.54404533e-01 9.01284695e-01 9.13052797e-01
    7.25433350e-01 1.13063484e-01 3.49142045e-01 1.63999200e-02
    4.69375908e-01 8.49244952e-01 9.75030899e-01 8.76541674e-01
    4.06103969e-01 6.28582537e-01 8.35643172e-01 3.99585694e-01
    4.57271248e-01 6.51507378e-01 5.25880575e-01 6.24134660e-01
    3.50361675e-01 4.59721774e-01 6.90243602e-01 8.96697640e-01
    1.38457298e-01 2.94637084e-02 3.23121250e-01 6.49798036e-01
    7.36662149e-01 5.51549494e-02 7.53588319e-01 6.38279915e-02
    6.46829367e-01 9.68780518e-01 1.64191246e-01 9.97309506e-01
    2.01349914e-01 3.62547398e-01 2.41350234e-01 8.03424120e-01
    6.70857906e-01 7.83472657e-02 1.28578365e-01 8.80632758e-01
    8.66247118e-02 8.23717117e-01 7.07911193e-01 3.54153216e-02
    6.01273715e-01 1.47838682e-01 7.62887359e-01 5.27297616e-01
    1.41861171e-01 4.09797549e-01 8.63419175e-01 8.81434321e-01
    5.88793993e-01 8.57472777e-01 8.80212486e-02 9.72968340e-01
    7.20115900e-02 4.94591832e-01 9.26255167e-01 7.63149858e-01
    8.56879294e-01 4.88384187e-01 7.07390249e-01 6.47885799e-02
    6.40271485e-01 4.55306828e-01 2.62535393e-01 8.44603419e-01
    9.11792874e-01 7.05177546e-01 1.20073259e-01 2.71599680e-01
    5.19926071e-01 4.56375033e-01 2.15267539e-02 7.02342391e-03
    1.04948312e-01 3.56807768e-01 9.03180957e-01 3.61728281e-01
    8.45283329e-01 2.60141164e-01 6.03511393e-01 5.27439833e-01
    4.96876627e-01 1.77001357e-02 4.13794488e-01 3.63626093e-01
    1.13507390e-01 5.19465864e-01 4.25330937e-01 4.85230863e-01
    5.70485711e-01 8.78245234e-01 2.73339152e-02 4.98724222e-01
    6.09115422e-01 3.92012924e-01 2.07681239e-01 2.33690232e-01
    4.66105014e-01 9.09784079e-01 5.54235816e-01 4.30336595e-03
    7.80462325e-02 3.77954274e-01 3.48685801e-01 2.22650081e-01
    9.82331514e-01 4.25062239e-01 2.16752499e-01 2.67542660e-01
    9.86643672e-01 4.28271472e-01 4.92305845e-01 3.64987403e-01
    9.05684829e-01 4.60257858e-01 2.18098521e-01 8.30832124e-02
    6.62266433e-01 1.39745057e-01 4.89790320e-01 3.79857272e-01
    3.04260969e-01 3.25634658e-01 2.87883848e-01 2.90915072e-01
    2.68766463e-01 9.41619992e-01 9.62630033e-01 3.77494514e-01
    7.90767908e-01 1.42804474e-01 7.46008396e-01 3.19463760e-01
    6.86243236e-01 7.81662226e-01 9.30384874e-01 2.32479900e-01
    8.85007083e-02 1.10692084e-02 3.32113504e-02 4.81633872e-01
    4.85483676e-01 5.37383974e-01 7.41988897e-01 7.25064456e-01
    7.01073170e-01 1.07298762e-01 3.85567725e-01 7.29139090e-01
    8.50258052e-01 1.01321638e-02 4.16489840e-01 5.09102583e-01
    9.93477821e-01 1.25428408e-01 4.96219724e-01 7.70264268e-02
    5.19038856e-01 9.44030583e-02 5.22138655e-01 9.04377699e-01
    3.58522266e-01 7.31089413e-01 9.47723985e-01 5.05056620e-01
    6.89845145e-01 5.80997467e-01 4.36883956e-01 6.81670725e-01
    4.30312455e-01 7.78003693e-01 3.86553377e-01 4.14531529e-01
    6.60211802e-01 9.68875289e-01 5.66236675e-01 7.88933873e-01
    7.30998218e-01 5.89401066e-01 5.40330410e-02 9.77466226e-01
    8.35959911e-01 8.15525770e-01 9.15714383e-01 3.11554730e-01
    5.33512115e-01 7.94670641e-01 3.86681408e-01 1.34747058e-01
    3.52420300e-01 5.23213208e-01 4.30485487e-01 6.32873237e-01
    5.86987078e-01 8.65565896e-01 9.79423165e-01 2.90658653e-01
    5.00537217e-01 2.31767625e-01 6.09959781e-01 5.23394406e-01
    9.58273113e-02 4.39369440e-01 2.15147227e-01 7.24570155e-01
    3.47291648e-01 2.31360495e-01 2.25248486e-01 2.64285445e-01
    2.77710438e-01 4.30408418e-01 3.62714887e-01 5.96152842e-01
    2.73914874e-01 7.90134192e-01 1.38292968e-01 3.99698973e-01
    3.83224100e-01 3.66724133e-02 3.68007302e-01 4.93930250e-01
    8.00834179e-01 1.05262697e-01 2.69052088e-01 1.32505715e-01
    6.65266812e-01 9.17149425e-01 5.94527602e-01 6.61227405e-02
    2.50160843e-01 1.65889889e-01 6.42561913e-02 4.45042431e-01
    6.93708420e-01 1.60481542e-01 2.30782062e-01 7.38410115e-01
    1.86614245e-01 4.29757535e-02 3.25699151e-01 4.58559811e-01
    3.05352479e-01 9.42445338e-01 7.08544970e-01 9.90044177e-01
    7.53528357e-01 9.99605715e-01 2.34011590e-01 2.55452812e-01
    2.96337605e-01 8.87134671e-01 9.28867161e-01 9.30894971e-01
    5.87835729e-01 1.30779684e-01 7.27168322e-02 3.40534508e-01
    1.59075469e-01 8.55533004e-01 3.65688533e-01 7.44281054e-01
    9.10858512e-02 2.31612921e-01 2.50054479e-01 9.58495498e-01
    8.51589203e-01 9.90245342e-01 9.22395110e-01 2.49325961e-01
    3.69511783e-01 7.11324215e-02 9.37169790e-03 1.76244378e-02
    7.55290687e-01 6.62228703e-01 2.12405741e-01 2.33137697e-01
    4.45863068e-01 2.46711254e-01 9.58894491e-02 2.70295143e-01
    3.49612594e-01 9.46841121e-01 5.47804117e-01 7.34493494e-01
    9.16799664e-01 4.88271713e-02 8.08980584e-01 9.22961116e-01
    3.27637792e-01 9.06351328e-01 7.50430346e-01 6.44320548e-01
    2.70000696e-01 8.65652442e-01 6.76968098e-01 8.59241366e-01
    1.05545223e-02 5.61650634e-01 3.71792495e-01 1.26771957e-01
    9.43340361e-02 5.05380452e-01 6.11547768e-01 1.49122745e-01
    8.64735007e-01 6.33892417e-02 4.06331658e-01 6.01512671e-01
    1.85446978e-01 6.04590535e-01 3.80885601e-02 9.15589392e-01
    5.74980080e-01 1.83628976e-01 3.80456299e-01 4.97846574e-01
    3.95047903e-01 8.03534389e-01 7.00045705e-01 6.02920830e-01
    1.34920835e-01 4.83337343e-01 4.96771753e-01 4.35794234e-01
    8.84000659e-01 5.72356343e-01 6.95823431e-02 5.37749410e-01
    1.31516814e-01 7.00521946e-01 9.81822729e-01 3.39149952e-01
    3.33375901e-01 8.72628927e-01 8.79010916e-01 8.37068439e-01
    1.61737382e-01 2.81299651e-01 1.16950899e-01 3.49621952e-01
    9.15718198e-01 4.49309647e-02 4.90306228e-01 3.90227437e-02
    3.03417563e-01 8.42431366e-01 4.06163305e-01 5.11543810e-01
    3.78986359e-01 5.65188110e-01 2.27209032e-01 2.35845655e-01
    1.32229835e-01 3.83504033e-01 7.86535144e-02 4.39922333e-01
    2.21750677e-01 5.64458728e-01 8.58883142e-01 2.55190134e-01
    2.22007960e-01 1.70153677e-01 2.13944525e-01 7.75024414e-01
    3.72630149e-01 4.87404764e-02 6.55342102e-01 4.34921980e-02
    4.86572653e-01 5.83364964e-01 1.41977221e-01 8.53864074e-01
    2.00079441e-01 5.53207040e-01 9.88820910e-01 5.25656223e-01
    9.65472996e-01 7.76218891e-01 1.66155577e-01 7.60048568e-01
    1.99786246e-01 6.75100803e-01 2.45159417e-01 8.30039263e-01
    5.84269404e-01 8.12492549e-01 5.13834357e-01 5.33352733e-01
    3.80337685e-01 3.44691575e-01 4.49759245e-01 7.00124145e-01
    9.26965594e-01 7.98649311e-01 8.87575269e-01 2.81907737e-01
    1.04756355e-02 1.74828619e-01 2.55711675e-01 4.95130897e-01
    9.59849417e-01 1.54304504e-02 4.65322435e-01 7.39783406e-01
    9.92213607e-01 1.71952248e-02 6.15495384e-01 2.48466611e-01
    1.04171485e-01 6.16648734e-01 2.48645365e-01 3.86483073e-02
    2.81566739e-01 8.80839705e-01 9.45698500e-01 4.81753260e-01
    4.13933784e-01 5.57280719e-01 3.59260559e-01 6.56244814e-01
    4.77242351e-01 7.50128508e-01 9.05086935e-01 1.98500782e-01
    7.84014285e-01 9.82999444e-01 9.65124011e-01 3.57223451e-02
    3.25111508e-01 6.77558184e-01 3.21406573e-01 9.39676583e-01
    7.34626651e-01 4.13345426e-01 1.48117244e-01 3.43366861e-02
    5.78657448e-01 4.14309353e-01 2.94666886e-01 4.59328204e-01
    2.44398445e-01 2.96116054e-01 8.01301003e-01 6.97284997e-01
    4.33619082e-01 6.22752309e-01 3.19322824e-01 3.17424536e-01
    4.49631870e-01 8.42694581e-01 3.13781500e-02 4.05843556e-02
    3.79042268e-01 6.97063088e-01 6.97273314e-02 8.05678129e-01
    8.69260073e-01 2.82367289e-01 9.96053696e-01 1.58846855e-01
    3.78394336e-01 7.36767054e-01 2.46938944e-01 1.68389231e-01
    4.20593470e-01 9.48303103e-01 8.72581244e-01 5.69033206e-01
    8.56976748e-01 8.32773387e-01 2.17043906e-01 8.09910417e-01
    9.98104513e-01 2.91037410e-01 7.11095154e-01 6.24036014e-01
    7.10126519e-01 3.89186978e-01 1.64476901e-01 9.01706934e-01
    2.39522725e-01 7.86273122e-01 3.28488529e-01 1.41644865e-01
    6.26968265e-01 9.96054113e-01 6.52877510e-01 8.38560104e-01
    2.31496096e-02 4.34191763e-01 2.32095122e-01 3.15273643e-01
    2.03593671e-02 1.91150635e-01 6.09856844e-01 2.32956529e-01
    9.63438392e-01 7.40460992e-01 5.76936543e-01 4.59111035e-01
    9.77085352e-01 9.73139465e-01 5.98034143e-01 9.00269926e-01
    3.36189449e-01 5.40604889e-01 3.99828643e-01 9.54767764e-01
    2.31705904e-02 3.62713039e-02 8.22470844e-01 3.36766809e-01
    9.81514931e-01 2.87121177e-01 3.34863186e-01 5.78770280e-01
    7.83326030e-01 7.45072842e-01 6.80446625e-01 5.79136968e-01
    6.88359737e-01 8.73486161e-01 3.98737192e-03 2.25375950e-01
    4.85784560e-01 2.00758964e-01 8.96895289e-01 3.90756160e-01
    5.55673659e-01 1.73431724e-01 7.62330770e-01 3.30768019e-01
    3.48896980e-02 2.75579810e-01 8.99551094e-01 3.31567168e-01
    2.02080071e-01 5.75640976e-01 1.16620481e-01 6.41907930e-01
    9.54156995e-01 6.87772870e-01 5.65589845e-01 7.78460741e-01
    5.44955373e-01 8.12672317e-01 2.22006053e-01 6.66263640e-01
    1.31090313e-01 2.08940178e-01 2.25207299e-01 6.31369352e-01
    7.32577622e-01 2.91972518e-01 8.50703359e-01 4.78944182e-02
    8.24024200e-01 1.54785305e-01 7.96178102e-01 5.90966880e-01
    9.47121978e-02 8.24660480e-01 1.07982665e-01 1.01502925e-01
    2.31024086e-01 1.41748250e-01 6.38539970e-01 9.06493306e-01
    2.69570321e-01 8.64268601e-01 9.99765038e-01 7.63510287e-01
    6.21356070e-01 2.50629276e-01 5.40889859e-01 7.54144847e-01
    6.95635557e-01 8.40957046e-01 6.12779975e-01 1.35877728e-03
    7.73250163e-01 6.49556577e-01 7.27758706e-01 9.11686063e-01
    2.78115988e-01 6.72251284e-02 9.43523347e-02 7.95472205e-01
    1.76364660e-01 1.63647026e-01 5.02029479e-01 2.99284756e-01
    2.84235716e-01 9.93078411e-01 9.51426506e-01 5.16686320e-01
    9.76312876e-01 7.97400236e-01 7.93314338e-01 3.33011091e-01
    3.60316396e-01 5.45423627e-01 8.94632697e-01 2.52571702e-03
    5.63743234e-01 6.61376119e-03 8.41144681e-01 5.88757396e-01
    3.66998434e-01 6.14065230e-01 9.18179989e-01 7.88826764e-01
    3.69268656e-03 2.56872714e-01 8.21325302e-01 6.20199203e-01
    4.51724678e-01 6.77810967e-01 5.40186167e-01 9.49058831e-02
    5.81070304e-01 1.92970902e-01 5.80620587e-01 5.94456851e-01
    6.22714043e-01 3.95109713e-01 9.33232784e-01 5.68987906e-01
    8.55145037e-01 8.02306294e-01 1.23014152e-02 8.27595592e-01
    5.03634274e-01 6.11317873e-01 7.69677997e-01 9.96198773e-01
    8.79932404e-01 2.45284438e-02 4.71407443e-01 4.32766676e-01
    2.22729236e-01 3.38838756e-01 6.41765475e-01 6.02417231e-01
    3.05640876e-01 5.10915756e-01 6.06747866e-02 5.81299424e-01
    5.55583060e-01 8.14288139e-01 4.63823408e-01 4.94484127e-01
    2.77036458e-01 8.01918983e-01 2.13805020e-01 7.47771502e-01
    8.70981455e-01 2.03708351e-01 5.35247326e-01 3.87152910e-01
    4.40465629e-01 1.99915558e-01 9.12635624e-02 3.02668154e-01
    2.06753373e-01 4.69231069e-01 2.01684445e-01 1.08706325e-01
    2.14376807e-01 3.49991620e-01 5.02108693e-01 6.68117523e-01
    8.67277980e-01 7.77952254e-01 1.26532763e-01 3.05710316e-01
    9.02904391e-01 9.10327733e-01 6.23630762e-01 8.01889956e-01
    5.40990174e-01 9.15685833e-01 5.05123138e-01 7.39650130e-01
    9.01579976e-01 4.32989955e-01 3.21495682e-01 8.71939003e-01
    7.49158740e-01 8.74159336e-01 1.76983207e-01 1.52828276e-01
    9.72961783e-02 9.95577812e-01 1.96853548e-01 9.68735933e-01
    4.57425982e-01 2.59127259e-01 4.32635248e-01 4.44274724e-01
    2.30742872e-01 2.12676138e-01 1.04930222e-01 5.29924512e-01
    2.19771475e-01 7.73412943e-01 4.06299710e-01 1.49146110e-01
    3.63455713e-01 7.43631124e-01 8.12696755e-01 8.41185272e-01
    3.18515658e-01 6.75438285e-01 8.50712538e-01 8.85358989e-01
    3.68399382e-01 6.36421084e-01 7.45461345e-01 3.69265556e-01
    3.63017499e-01 3.23778987e-01 3.55285943e-01 6.29450023e-01
    2.16394186e-01 3.83498907e-01 1.67734325e-01 2.65997410e-01
    9.61391091e-01 8.79699111e-01 7.37795591e-01 3.74743938e-01
    1.01434946e-01 3.97735417e-01 2.87773669e-01 5.73966205e-02
    3.43387604e-01 9.90527570e-02 9.20659304e-03 6.33184910e-01
    5.22407293e-02 2.95661420e-01 5.51837564e-01 1.67700142e-01
    7.61568785e-01 9.71601844e-01 4.82021868e-02 6.31201148e-01
    3.04910719e-01 4.70176607e-01 4.51463014e-01 6.66325569e-01
    2.48425871e-01 3.71045589e-01 5.98005474e-01 9.77998972e-03
    7.45027363e-01 9.78789449e-01 9.20119882e-02 5.94237804e-01
    1.39417797e-01 7.67726183e-01 2.83334732e-01 9.26549852e-01
    4.13747162e-01 9.18487489e-01 2.28854209e-01 8.76534700e-01
    3.78296137e-01 6.54285669e-01 6.95523500e-01 9.42621946e-01
    4.36919451e-01 9.36011314e-01 5.98572910e-01 1.47252023e-01
    3.72606754e-01 4.67676938e-01 2.80344784e-01 4.18674290e-01
    1.85639590e-01 3.50757599e-01 6.60980582e-01 3.00258696e-02
    7.21715271e-01 7.57182240e-01 5.44844329e-01 1.40592724e-01
    2.43967772e-02 5.73065877e-03 7.42386878e-01 6.81853175e-01
    8.27062070e-01 2.52260566e-02 3.57711494e-01 9.84758377e-01
    4.65798557e-01 3.96145314e-01 5.81574142e-01 2.15318292e-01
    2.17511863e-01 2.80209780e-01 9.90114331e-01 4.39437985e-01
    5.83130181e-01 1.14086747e-01 4.84212339e-01 5.28115749e-01
    5.87571383e-01 3.61319184e-02 4.06800032e-01 1.62720859e-01
    6.19883478e-01 4.60202754e-01 8.17513406e-01 5.83553314e-01
    4.39679503e-01 3.19654644e-02 1.83045477e-01 5.89955211e-01
    2.02548504e-01 6.32502198e-01 7.23546028e-01 5.85843921e-01
    5.10053933e-02 7.55958080e-01 7.60004520e-01 9.18144584e-02
    2.73462355e-01 9.98305142e-01 9.04986978e-01 9.33756351e-01
    9.00200009e-02 6.84783340e-01 9.72733915e-01 9.14557695e-01
    4.70975935e-01 5.18096268e-01 6.67119682e-01 8.53848815e-01
    2.96839774e-01 6.29430115e-01 6.40020370e-01 9.31971908e-01
    3.15933228e-02 4.97896910e-01 4.00070071e-01 8.08665454e-02
    9.88747954e-01 7.85825729e-01 8.30970049e-01 3.17377210e-01
    9.86719668e-01 7.77916789e-01 8.54833484e-01 7.71746635e-01
    2.63634324e-03 4.85923886e-01 3.95975947e-01 5.78004599e-01
    9.26160395e-01 7.88746893e-01 4.63039100e-01 5.11183023e-01
    2.00094044e-01 5.51009357e-01 7.27156639e-01 2.12601870e-01
    6.14945829e-01 5.49114883e-01 8.27238381e-01 9.78218794e-01
    5.17617285e-01 3.75878811e-01 7.42057502e-01 2.30658889e-01
    7.17560172e-01 9.15006161e-01 3.29100907e-01 1.89516842e-01
    9.03041005e-01 2.78620422e-01 4.46818590e-01 1.00271076e-01
    9.12751436e-01 5.72107375e-01 3.08431983e-01 8.08732748e-01
    7.52382755e-01 9.92654264e-02 4.13644314e-02 6.41089857e-01
    1.98187917e-01 6.36896968e-01 8.23851228e-01 3.25082064e-01
    9.74220872e-01 5.05606651e-01 4.89029288e-01 9.21423078e-01
    2.45459050e-01 6.27653182e-01 2.93104410e-01 6.48803890e-01
    7.50906229e-01 3.23633552e-02 7.73763657e-03 3.75074536e-01
    4.32937682e-01 6.31096125e-01 3.69097829e-01 7.66957283e-01
    1.59733593e-01 8.35214972e-01 2.15430409e-01 2.98593700e-01
    5.77165902e-01 2.97723562e-01 5.41397095e-01 8.24555337e-01
    5.83615780e-01 5.72451413e-01 9.51812983e-01 4.25980210e-01
    5.50574243e-01 9.72368300e-01 7.63570786e-01 7.00514436e-01
    2.45096654e-01 4.90047455e-01 4.70149279e-01 3.77329290e-01
    3.74190301e-01 7.23745823e-01 7.93061376e-01 2.41074860e-01
    3.14904392e-01 5.71879327e-01 1.78105831e-01 2.85924673e-01
    2.52820551e-01 3.41614306e-01 4.60099608e-01 6.13703012e-01
    6.44189715e-01 9.40802097e-02 5.52433729e-01 3.38069499e-01
    7.96419203e-01 7.86366403e-01 3.39342058e-01 5.09090841e-01
    4.72930819e-01 5.54441690e-01 7.78617382e-01 3.92745554e-01
    5.14219999e-02 2.94466585e-01 6.25597537e-02 7.24374533e-01
    3.49182099e-01 7.87756443e-01 6.63790107e-01 8.36024880e-01
    4.90942359e-01 4.31394905e-01 5.86432695e-01 1.21025562e-01
    7.76265979e-01 8.95305872e-01 4.66221482e-01 3.71468037e-01
    9.83284116e-01 4.00937825e-01 7.61361003e-01 6.22905314e-01
    1.19960278e-01 6.72494471e-02 8.42755437e-02 6.06396437e-01
    7.55450189e-01 7.02261567e-01 2.13683456e-01 2.97409892e-01
    4.71283257e-01 2.66679406e-01 2.59586453e-01 4.36269969e-01
    3.21631730e-02 9.40989494e-01 4.77679163e-01 5.99244833e-01
    7.53820240e-02 4.17921096e-01 6.61631823e-02 6.84527874e-01
    9.57644701e-01 6.93751633e-01 1.69825643e-01 9.46520567e-01
    6.27919734e-02 5.59135079e-02 4.26423430e-01 7.82152891e-01
    7.52538562e-01 8.31686497e-01 4.96791422e-01 3.32487136e-01
    9.87178326e-01 3.24763298e-01 1.51218981e-01 9.38800931e-01
    4.90895212e-01 7.97329426e-01 2.88360029e-01 7.12986290e-01
    7.84555793e-01 5.15441418e-01 9.76449966e-01 7.38518000e-01
    7.99473524e-01 8.61522913e-01 5.02010047e-01 6.51820004e-01
    9.87438321e-01 9.27547097e-01 5.17694652e-02 5.88281035e-01
    5.87217152e-01 5.19599199e-01 3.50374341e-01 7.03197718e-01
    9.81025100e-01 9.21702504e-01 1.58187389e-01 7.45719135e-01
    2.51234680e-01 8.41951370e-03 9.45200562e-01 9.59496975e-01
    3.95992100e-01 8.95252228e-01 8.90935898e-01 4.20838892e-01
    3.44781816e-01 8.47477436e-01 9.20965672e-01 8.40610385e-01
    2.73607314e-01 1.11682683e-01 3.17643702e-01 8.73436987e-01
    9.14823055e-01 9.24642682e-01 3.21832806e-01 1.35502487e-01
    3.98646891e-02 4.43410099e-01 1.52792901e-01 9.76812720e-01
    1.64604187e-01 8.96828771e-01 4.83463734e-01 6.74278378e-01
    7.37819493e-01 1.58968329e-01 5.94819486e-01 1.54580891e-01
    6.24662399e-01 1.00976139e-01 8.53608251e-01 8.35484982e-01
    9.62080598e-01 7.01249361e-01 8.32790494e-01 5.19662678e-01
    4.69496727e-01 5.35361886e-01 2.69092292e-01 1.53753161e-02
    2.46749997e-01 7.72436261e-02 7.62267888e-01 1.03098363e-01
    4.46391612e-01 1.19705200e-01 2.10062772e-01 7.86460757e-01
    2.75829494e-01 4.49885994e-01 4.28411067e-02 3.93461525e-01
    1.14538759e-01 1.62626565e-01 4.12768811e-01 3.84127468e-01
    1.43222123e-01 7.73921967e-01 8.64521265e-02 9.01189446e-01
    3.34409893e-01 5.30815780e-01 9.09643650e-01 4.11768496e-01
    1.31752223e-01 8.27280641e-01 9.13436532e-01 9.74033535e-01
    3.61000001e-02 4.60309148e-01 3.47404301e-01 4.92910564e-01
    9.02082026e-02 7.34854043e-01 6.89743221e-01 4.28958774e-01
    9.75203335e-01 1.52207881e-01 7.35619247e-01 7.97975659e-02
    9.16083097e-01 1.01398170e-01 9.69388247e-01 8.85740638e-01
    6.84764385e-01 2.19293863e-01 6.53658271e-01 6.45806551e-01
    7.30378151e-01 9.47252274e-01 5.08486927e-02 2.73429215e-01
    1.09189808e-01 9.75229979e-01 7.94755220e-01 1.09911203e-01
    5.14883757e-01 3.07548612e-01 3.04869920e-01 3.67230058e-01
    7.74312615e-02 8.53672624e-01 7.09873438e-01 1.92338318e-01
    3.28927040e-01 1.94096476e-01 7.66755044e-02 8.91007781e-02
    1.37119502e-01 1.80823684e-01 6.09819651e-01 7.48394072e-01
    8.54940057e-01 8.23523104e-01 6.22597396e-01 7.48821139e-01
    7.93802142e-02 5.03075719e-01 6.67799711e-01 4.89793479e-01
    8.05008054e-01 8.87279630e-01 1.38494700e-01 2.10750431e-01
    5.73922038e-01 7.49572635e-01 7.14461148e-01 4.21990544e-01
    4.84984457e-01 2.40861475e-01 6.81226432e-01 5.34914017e-01
    9.41747308e-01 2.61682212e-01 3.40421975e-01 9.54990745e-01
    2.53069997e-01 7.05066383e-01 7.59937704e-01 2.37037987e-01
    5.88490844e-01 6.51466548e-02 2.84352064e-01 2.12723643e-01
    7.08717942e-01 1.96761429e-01 8.07111621e-01 8.04374278e-01
    4.36991274e-01 8.30820143e-01 8.85216117e-01 7.46485770e-01
    2.56309748e-01 3.66293192e-01 8.40369225e-01 4.98411953e-02
    6.91060305e-01 8.89560580e-02 3.05110991e-01 2.28813589e-01
    1.45272166e-01 5.66820860e-01 6.77032411e-01 3.44880521e-01
    5.54363608e-01 9.56824958e-01 3.43270868e-01 9.77687716e-01
    6.72738433e-01 6.69876456e-01 7.65111566e-01 6.93398058e-01
    1.30565852e-01 6.80954635e-01 1.48663819e-02 8.62809241e-01
    7.27896869e-01 2.51160532e-01 1.52923644e-01 6.32922947e-02
    7.73951054e-01 8.37642848e-02 7.93210626e-01 3.51431698e-01
    9.00575340e-01 3.99606705e-01 1.29672289e-02 8.84406269e-01
    3.84002268e-01 2.95033932e-01 3.04455161e-01 3.97273004e-01
    2.28868544e-01 5.26422083e-01 6.11224651e-01 5.17482758e-02
    1.50419772e-02 3.33493799e-01 4.84138131e-02 9.50816751e-01
    2.66042888e-01 7.94094861e-01 2.64006555e-01 3.77210051e-01
    4.78497505e-01 3.02658796e-01 8.62366378e-01 5.43670058e-01
    5.72833002e-01 1.69583023e-01 8.63736153e-01 8.70620966e-01
    9.82354939e-01 1.83137000e-01 1.34284526e-01 4.36338782e-01
    9.52285886e-01 3.71838868e-01 2.91651845e-01 8.53463709e-02
    8.97809982e-01 1.75395459e-01 8.99301052e-01 7.09273398e-01
    8.08702350e-01 1.04815125e-01 2.53921151e-01 2.24643558e-01
    8.58168840e-01 5.63846350e-01 7.04405427e-01 9.66200829e-02
    3.09378326e-01 5.40741682e-01 3.52010339e-01 3.13914984e-01
    4.39020544e-01 2.80937254e-01 6.13864303e-01 6.45580053e-01
    1.52972162e-01 3.61607134e-01 3.74838948e-01 6.01319134e-01
    9.67599750e-01 9.76166725e-01 6.53039813e-01 5.02507627e-01
    4.22953784e-01 8.21304202e-01 6.70176148e-01 3.25864851e-01
    7.71298468e-01 5.98535359e-01 9.05550122e-01 2.17301816e-01
    7.83315003e-01 9.17403460e-01 6.70927286e-01 8.27685952e-01
    7.89331555e-01 8.55453849e-01 5.57150424e-01 7.20513761e-02
    7.92307973e-01 7.90159225e-01 3.29574168e-01 7.49053955e-01
    7.89482236e-01 8.66153836e-02 4.68338698e-01 7.03372300e-01
    1.75609976e-01 8.39689016e-01 6.78911924e-01 7.28556275e-01
    1.76494479e-01 7.44431734e-01 6.69943154e-01 3.00938487e-01
    6.43866122e-01 8.21313620e-01 1.88347906e-01 4.16324228e-01
    4.08695072e-01 5.47912061e-01 7.77319551e-01 1.57011569e-01
    8.88558030e-01 2.03336835e-01 7.74292111e-01 2.00220168e-01
    5.26279628e-01 9.02430058e-01 3.50118339e-01 6.99950635e-01
    2.01696008e-01 8.54330659e-01 1.46271378e-01 6.28704190e-01
    9.72358584e-01 9.35970604e-01 5.82985580e-01 2.67992944e-01
    5.99622309e-01 6.82419121e-01 8.19573522e-01 9.53186095e-01
    8.34076166e-01 1.81802392e-01 4.87276316e-02 5.64996958e-01
    1.13709241e-01 3.81038368e-01 6.28988624e-01 6.54458344e-01
    6.43887639e-01 1.84123665e-01 2.31378615e-01 7.62890518e-01
    6.73476636e-01 1.10991061e-01 7.54208863e-02 5.95538378e-01
    7.69503355e-01 4.66059983e-01 1.21556967e-01 8.18888664e-01
    7.28403807e-01 8.78163278e-01 9.63900268e-01 5.39533079e-01
    6.95156753e-01 7.42614508e-01 2.22973287e-01 5.18403053e-01
    3.30883563e-02 9.49908137e-01 5.24157643e-01 3.67795050e-01
    8.82642865e-01 3.33157480e-01 9.30133700e-01 3.86890590e-01
    6.28077328e-01 2.07498938e-01 1.02919191e-01 4.26197588e-01
    5.58998704e-01 6.34850800e-01 5.64807832e-01 9.39341307e-01
    2.22337306e-01 6.73335075e-01 3.43315929e-01 4.37227428e-01
    6.14891350e-02 4.44979012e-01 3.90087336e-01 6.81551814e-01
    8.66599560e-01 2.74034917e-01 3.35116565e-01 7.71397948e-01
    9.51711655e-01 2.15668678e-02 3.07198822e-01 8.17313671e-01
    1.05285317e-01 4.94047314e-01 5.35334349e-02 1.56677872e-01
    7.89925992e-01 3.53106797e-01 1.60061002e-01 4.41193581e-02
    8.81117105e-01 2.23039508e-01 3.78435344e-01 3.62544239e-01
    7.13968933e-01 6.88933253e-01 5.79682767e-01 2.58194625e-01
    1.26205921e-01 2.09938735e-01 6.77576184e-01 8.08063686e-01
    8.98688316e-01 9.76684570e-01 1.12607628e-01 5.74221432e-01
    4.03761864e-01 3.71839583e-01 7.92899489e-01 3.45507294e-01
    9.92014408e-01 1.97624058e-01 8.46194267e-01 9.16155875e-02
    7.39215553e-01 3.31246197e-01 3.02852154e-01 4.94506955e-01
    9.54309702e-01 3.03770900e-01 8.64015400e-01 8.72381330e-02
    2.77042389e-01 7.69818902e-01 1.64939195e-01 2.09069490e-01
    2.53972828e-01 7.55648494e-01 8.09992850e-02 8.72952759e-01
    9.02340889e-01 9.35775340e-02 5.34101307e-01 2.16279209e-01
    9.32935119e-01 3.16624224e-01 6.04195595e-01 5.92681885e-01
    6.67522669e-01 1.02956891e-02 8.47008586e-01 2.38772839e-01
    7.35615253e-01 9.38269734e-01 3.07948411e-01 1.30065292e-01
    9.19335961e-01 3.37476134e-02 2.45973080e-01 8.39542031e-01
    5.20030320e-01 2.22957432e-01 6.52285755e-01 7.94183016e-02
    2.35360742e-01 3.57785732e-01 9.74191248e-01 9.62844253e-01
    3.00660014e-01 6.32302940e-01 9.81764853e-01 9.67702389e-01
    5.03521085e-01 9.98925090e-01 3.19924951e-01 4.42483693e-01
    8.43824506e-01 5.08154631e-02 8.91102493e-01 7.77649999e-01
    9.95755136e-01 4.19477403e-01 8.65101457e-01 1.69583559e-01
    2.24184662e-01 4.04559672e-02 5.88306487e-01 3.23573351e-02
    4.48951781e-01 5.77964187e-01 7.66918540e-01 9.07578468e-01
    5.33673227e-01 8.91131043e-01 5.73046505e-02 7.52879620e-01
    4.35327590e-02 5.91811240e-01 9.07862604e-01 1.18698001e-01
    6.30176544e-01 9.53055024e-01 1.33472145e-01 8.44063640e-01
    5.11022031e-01 7.25997448e-01 4.79230523e-01 6.88093424e-01
    2.40028799e-01 1.09352559e-01 9.07069921e-01 6.34612441e-01
    6.58608675e-02 8.01342130e-01 7.18444705e-01 2.30269015e-01
    9.89447534e-01 1.28086001e-01 8.16995740e-01 5.68097055e-01
    2.18964785e-01 5.85960150e-02 4.35048908e-01 6.94795549e-02
    6.51430428e-01 9.79684830e-01 6.17238641e-01 9.89055634e-02
    5.11472821e-01 3.05985332e-01 1.82414412e-01 9.71710384e-02
    9.35379207e-01 2.40089208e-01 6.92462802e-01 2.39271194e-01
    8.41822267e-01 2.22895503e-01 9.71172750e-02 8.71933699e-02
    3.37772638e-01 5.72024882e-01 5.80399454e-01 9.82210577e-01
    9.91164446e-01 4.24474061e-01 1.09258592e-02 4.15492803e-01
    7.88649142e-01 6.83711886e-01 8.83695960e-01 2.34536916e-01
    2.28393465e-01 8.64849746e-01 2.89951980e-01 1.77963048e-01
    6.01625443e-01 2.21946090e-01 9.78003442e-01 3.01625907e-01
    3.56021404e-01 5.35771489e-01 3.41593623e-02 5.71392655e-01
    8.81791711e-02 6.63675845e-01 3.47498655e-01 2.84718841e-01
    2.15868533e-01 7.84404039e-01 6.05525911e-01 2.84977198e-01
    1.04151994e-01 2.30320066e-01 7.69570947e-01 7.18911171e-01
    8.36129665e-01 6.19273841e-01 3.98981005e-01 5.06384194e-01
    2.44159967e-01 3.39831084e-01 5.80047786e-01 8.58132958e-01
    2.72921741e-01 9.95324850e-01 2.28188515e-01 6.35546207e-01
    2.92750239e-01 7.51810312e-01 8.73358428e-01 1.15631104e-01
    8.85259509e-02 3.33167315e-01 8.93753111e-01 1.33809447e-01
    8.01364362e-01 3.20013404e-01 3.91843975e-01 7.29667425e-01
    1.97728276e-02 6.12366796e-01 4.40684199e-01 2.03355670e-01
    7.65515089e-01 2.24465698e-01 8.63776922e-01 8.57004523e-01
    1.39112145e-01 4.83962357e-01 6.97466731e-03 1.93546712e-01
    2.52612472e-01 2.29829580e-01 6.75096989e-01 4.93483335e-01
    3.74891341e-01 5.86614370e-01 4.66681153e-01 2.38230139e-01
    4.98961359e-01 4.23454791e-01 3.93851280e-01 2.99955010e-01
    9.21137094e-01 5.36004007e-01 4.00289834e-01 5.80416679e-01
    2.53048003e-01 3.08045864e-01 5.75597942e-01 8.13320935e-01
    4.16417331e-01 9.56063867e-01 2.11917460e-01 1.67806864e-01
    4.67142045e-01 5.29690146e-01 5.21922708e-02 8.31229925e-01
    3.41302514e-01 5.59824109e-01 4.78949904e-01 4.43661511e-02
    3.08531016e-01 8.72985363e-01 6.82694316e-01 3.71642530e-01
    1.76535547e-01 9.37582374e-01 1.43734843e-01 7.83908725e-01
    8.73735309e-01 9.01033401e-01 1.94644332e-02 7.31681764e-01
    9.83308911e-01 9.39612925e-01 7.52016306e-01 4.66993362e-01
    4.14001554e-01 7.96601295e-01 1.43760175e-01 9.12871361e-02
    1.15411818e-01 8.79716873e-02 3.54032516e-02 2.23495573e-01
    8.64132643e-01 3.21575165e-01 7.45128632e-01 7.83622444e-01
    4.86149013e-01 6.00198984e-01 1.77745223e-02 1.08460784e-02
    6.93378270e-01 1.00105375e-01 4.45977330e-01 4.70928401e-01
    3.86765748e-01 3.33917558e-01 6.66207135e-01 9.93961811e-01
    2.25112617e-01 3.74957502e-01 2.58063674e-01 8.80339682e-01
    4.93636578e-01 8.93741548e-01 1.11256242e-02 7.79827058e-01
    3.69502008e-02 3.52819145e-01 3.27431560e-02 9.98492241e-01
    4.82258439e-01 8.30375612e-01 5.64487755e-01 7.08773732e-03
    9.49307263e-01 3.28040123e-01 3.52930546e-01 9.37953711e-01
    1.95219576e-01 4.07432079e-01 1.91929430e-01 5.54421484e-01
    1.99973673e-01 6.45557642e-01 2.59139538e-01 6.21692777e-01
    1.50211066e-01 2.26760745e-01 3.24607432e-01 3.23190093e-01
    4.04932439e-01 7.20541656e-01 5.64301014e-01 1.20598942e-01
    5.22927046e-01 8.75090957e-02 4.67610896e-01 1.43438518e-01
    6.31957293e-01 1.21523112e-01 3.71091992e-01 3.57878685e-01
    5.18969893e-01 9.71127450e-02 3.74627590e-01 3.06673706e-01
    4.58438516e-01 7.76861906e-01 9.86261010e-01 5.40184677e-02
    5.78628063e-01 6.03070021e-01 7.52382874e-02 9.58193183e-01
    8.65303934e-01 8.10062587e-01 7.89823532e-01 7.78395295e-01
    9.50707912e-01 7.57737517e-01 9.69574690e-01 7.83601224e-01
    2.83885062e-01 2.29342908e-01 8.30512762e-01 2.39955127e-01
    2.99904883e-01 3.24813038e-01 2.94134766e-01 2.14320868e-01
    6.06118083e-01 2.92484581e-01 2.08504736e-01 7.76178956e-01
    4.75549698e-01 8.96744728e-01 8.32784474e-02 6.55259371e-01
    2.84167051e-01 6.72725201e-01 4.83296901e-01 2.59247065e-01
    5.68331659e-01 2.22305983e-01 9.85839248e-01 5.83978832e-01
    3.75892580e-01 3.41072679e-02 2.83495665e-01 6.57039404e-01
    8.32567275e-01 2.00200200e-01 9.68237162e-01 6.82007730e-01
    1.46983624e-01 3.07323396e-01 5.22824466e-01 2.02333480e-01
    4.53620136e-01 9.90727901e-01 1.16668791e-01 6.07118785e-01
    9.32067394e-01 5.12765586e-01 1.15199894e-01 1.06278747e-01
    1.61309689e-01 3.37447494e-01 4.74281639e-01 8.60680044e-01
    8.02835941e-01 5.95452547e-01 9.23071027e-01 8.31275225e-01
    1.82550550e-01 5.29972672e-01 3.92140150e-01 6.76021755e-01
    4.19618547e-01 8.52659702e-01 2.13288367e-01 6.17694497e-01
    5.19016683e-01 4.16798890e-01 9.85740185e-01 1.42049789e-02
    9.74587202e-01 5.28688252e-01 3.66690576e-01 8.57193828e-01
    4.64445353e-02 5.36020458e-01 6.48125887e-01 6.64344072e-01
    7.54806757e-01 1.92616165e-01 4.60582554e-01 3.24393928e-01
    9.29766774e-01 5.16564846e-01 3.94511223e-03 8.42149675e-01
    2.38185376e-01 2.57843733e-03 9.04820442e-01 2.19137520e-01
    8.23851109e-01 6.65690303e-01 9.20530260e-02 7.05406010e-01
    4.58897412e-01 2.31223762e-01 7.23361969e-01 7.43327975e-01
    7.18375802e-01 4.29866761e-01 4.98208940e-01 2.70825684e-01
    9.68472958e-02 1.98978186e-03 9.06309128e-01 5.24004102e-01
    6.17590308e-01 4.96041685e-01 4.73725677e-01 4.78481829e-01
    1.85297191e-01 1.01923645e-01 8.72233510e-01 7.41727352e-02
    1.49286956e-01 2.22102046e-01 5.49838781e-01 3.65007102e-01
    2.79441535e-01 5.97981036e-01 7.95254469e-01 7.62914717e-02
    6.84364319e-01 2.03657120e-01 7.18174160e-01 3.18168044e-01
    8.27485442e-01 4.98806089e-01 5.00072062e-01 2.16639847e-01
    3.38615596e-01 4.21838224e-01 6.37906849e-01 9.08842564e-01
    9.72119868e-02 5.91671228e-01 1.19864225e-01 7.80631542e-01
    4.59632695e-01 9.08444285e-01 1.27128094e-01 7.81862199e-01
    2.83891737e-01 2.61572868e-01 1.36731267e-01 2.99244940e-01
    1.38209522e-01 5.49935579e-01 6.96280241e-01 1.58865780e-01
    7.64176846e-01 1.69273645e-01 8.85991573e-01 1.75708711e-01
    6.61600530e-01 5.33309579e-01 4.07711864e-01 9.91475344e-01
    7.93492794e-01 4.85080719e-01 2.11256623e-01 8.17654490e-01
    6.34412646e-01 8.82168412e-01 1.43366456e-01 1.95032090e-01
    3.10961425e-01 5.23540974e-02 5.94730675e-01 4.54909891e-01
    7.97863305e-02 3.34399581e-01 8.29960108e-02 1.05021000e-01
    4.96217012e-02 9.89660144e-01 6.73295319e-01 5.68156958e-01
    8.04147124e-01 1.93745226e-01 9.17582154e-01 2.99104393e-01
    3.46399665e-01 5.90153694e-01 3.70017886e-01 4.22398150e-01
    9.71570432e-01 4.10510868e-01 3.05061996e-01 8.28987479e-01
    8.03476095e-01 1.52230382e-01 6.75905824e-01 9.60043907e-01
    6.37871742e-01 6.21707559e-01 5.90395093e-01 3.49592447e-01
    7.47797906e-01 6.96331620e-01 4.25494969e-01 3.98050427e-01
    2.21877903e-01 3.70433629e-01 9.57831979e-01 3.61301422e-01
    7.08931684e-03 4.33601052e-01 5.29553890e-02 1.27928197e-01
    3.13481838e-01 8.46152306e-01 9.54641223e-01 3.98962319e-01
    8.76433551e-02 3.17845345e-01 8.63790989e-01 3.50709975e-01
    6.93539381e-01 2.83945143e-01 7.27814317e-01 9.95871127e-01
    3.01931262e-01 3.52864265e-02 6.53443933e-02 7.23133564e-01
    5.51601112e-01 2.43145943e-01 3.68253201e-01 6.11730397e-01
    2.81416833e-01 9.20053363e-01 6.91674054e-01 6.44287050e-01
    9.64845240e-01 8.48029554e-02 9.55779552e-01 9.65402842e-01
    6.37640059e-02 4.70921844e-01 8.40146244e-01 3.43644202e-01
    9.79842424e-01 9.88307059e-01 3.14593613e-02 6.64684892e-01
    9.02113318e-01 8.35344553e-01 8.61792564e-01 8.54411364e-01
    1.04068160e-01 4.64223981e-01 1.38442427e-01 3.19175720e-01
    4.24278051e-01 9.87888753e-01 8.90579224e-01 5.04099250e-01
    5.70510268e-01 6.69529438e-01 9.01225686e-01 4.20044899e-01
    8.87206733e-01 1.29351526e-01 2.31889635e-01 5.22675157e-01
    6.65428638e-01 1.47974581e-01 5.76401830e-01 3.48538041e-01
    5.43147027e-01 4.61450070e-01 8.84363890e-01 1.31159395e-01
    1.82611942e-01 7.31423855e-01 6.96265221e-01 7.25759268e-01
    9.90496039e-01 8.02236438e-01 4.37061429e-01 5.63955843e-01
    9.35061455e-01 1.34917498e-02 1.45651430e-01 2.05011070e-02
    4.97496068e-01 9.42420542e-01 2.53929615e-01 3.78485918e-01
    7.27575064e-01 8.39156866e-01 1.75736248e-01 3.73071998e-01
    2.44480371e-02 3.53805304e-01 3.84610891e-02 2.04047263e-02
    1.39456093e-01 1.44711465e-01 5.63748419e-01 9.89621520e-01
    3.26731801e-02 9.25776780e-01 5.52568436e-01 9.05222297e-02
    1.79006189e-01 3.16785246e-01 8.09532166e-01 7.64762998e-01
    6.54621482e-01 2.24073440e-01 6.92586064e-01 5.42019963e-01
    3.14627528e-01 2.84401238e-01 5.16099215e-01 9.14665163e-02
    7.33801603e-01 2.48222500e-01 4.27972645e-01 2.58002132e-01
    7.33195901e-01 2.44041860e-01 1.12898409e-01 1.69989616e-01
    9.38195467e-01 5.47827184e-01 3.57597470e-02 8.98891568e-01
    1.99980587e-01 9.74985242e-01 2.49759674e-01 3.89255136e-01
    7.95100152e-01 8.83858919e-01 6.56587422e-01 3.31339240e-03
    4.62817281e-01 2.58038104e-01 6.81107104e-01 8.86905789e-02
    2.50960350e-01 7.41151512e-01 6.34500980e-01 3.44263315e-02
    5.38361788e-01 5.97839296e-01 9.07945871e-01 8.77935052e-01
    3.62753421e-01 7.72291362e-01 1.18037641e-01 3.13573480e-01
    4.67295527e-01 4.34191525e-01 8.82347226e-01 9.17524576e-01
    1.67082250e-02 4.86024201e-01 9.98325944e-02 5.97585857e-01
    2.11470693e-01 4.73201573e-01 1.01573706e-01 7.35208154e-01
    8.72614682e-01 8.46821785e-01 8.10144544e-02 6.71997547e-01
    4.05073881e-01 7.47169971e-01 9.26982999e-01 8.83619189e-02
    1.65992051e-01 7.76708126e-04 7.98143446e-02 7.83828259e-01
    8.80160332e-01 3.87434572e-01 3.78627300e-01 6.01311624e-01
    2.57572353e-01 9.40689087e-01 5.88875234e-01 6.74382865e-01
    6.78897142e-01 1.33277357e-01 5.88878870e-01 6.93832517e-01
    3.22966635e-01 1.90465897e-01 1.13953263e-01 1.66154683e-01
    9.96001065e-02 7.14876235e-01 8.11193109e-01 7.83644199e-01
    4.09214497e-01 8.08332324e-01 4.69420850e-02 4.01376456e-01
    9.27063823e-03 4.63749886e-01 4.43197340e-01 3.15291464e-01
    4.12371159e-01 5.42785645e-01 2.00920582e-01 5.44347644e-01
    6.44775212e-01 9.79866147e-01 5.23599744e-01 6.62803650e-05
    7.06857860e-01 4.68225211e-01 9.25542116e-01 9.16098654e-02
    2.27112740e-01 3.46158922e-01 1.72674298e-01 3.91598314e-01
    1.42819881e-01 7.57818997e-01 7.81936049e-01 6.44414723e-01
    1.81284636e-01 2.58254111e-01 7.58780241e-01 3.81889582e-01
    3.60944629e-01 8.63972783e-01 1.97313726e-01 8.39986682e-01
    6.96740508e-01 3.54833722e-01 8.98099303e-01 7.03568399e-01
    6.99223042e-01 9.72058535e-01 4.61468399e-02 2.56280601e-01
    9.35265422e-02 8.68909538e-01 6.65898860e-01 9.28147018e-01
    5.15883267e-01 1.24778837e-01 4.21519458e-01 6.33530736e-01
    6.06514215e-01 6.13379836e-01 5.78878760e-01 8.16913724e-01
    5.74685931e-01 2.44274855e-01 7.26537943e-01 4.43832278e-01
    4.54568803e-01 1.04887068e-01 7.69705951e-01 9.05046225e-01
    1.61855578e-01 2.26735592e-01 8.75303149e-02 2.29254961e-02
    4.39355135e-01 8.09441805e-01 9.93674517e-01 1.51670784e-01
    1.31606907e-01 5.00032306e-03 6.08921468e-01 1.15832061e-01
    7.82986403e-01 4.67088521e-02 5.58463275e-01 8.19463432e-01
    3.54529679e-01 4.60746884e-02 6.59095526e-01 3.44638884e-01
    4.71888453e-01 4.91968930e-01 2.44171411e-01 9.88472700e-01
    4.99776721e-01 8.08202803e-01 9.07473564e-01 7.29069054e-01
    6.62786245e-01 4.35245633e-01 3.61424387e-01 8.58470798e-01
    6.32436275e-02 6.54074371e-01 2.65677452e-01 4.40958977e-01
    6.89452589e-01 9.46938097e-02 2.00253159e-01 4.32753354e-01
    8.03108752e-01 5.63270152e-01 6.30513549e-01 6.13852441e-01
    8.58588934e-01 3.64566118e-01 4.01622385e-01 6.92436337e-01
    9.44500208e-01 6.30512297e-01 8.46402586e-01 1.37020826e-01
    7.02342868e-01 1.67163014e-02 2.82741487e-01 6.31969213e-01
    7.41975427e-01 2.53074944e-01 2.59690046e-01 4.55677271e-01
    2.71815568e-01 6.40271664e-01 3.38313758e-01 6.87211871e-01
    1.10767752e-01 7.69177318e-01 3.55877966e-01 9.44112778e-01
    9.91661310e-01 4.79754388e-01 4.47919995e-01 8.15095365e-01
    2.50854015e-01 9.88172948e-01 3.03553402e-01 6.89159513e-01
    5.80682516e-01 2.96766460e-02 5.02393007e-01 9.47998643e-01
    5.52469134e-01 1.47955626e-01 5.77069819e-01 3.17941070e-01
    3.22411329e-01 8.31925631e-01 4.39195424e-01 4.69547033e-01
    7.37415135e-01 5.71739852e-01 6.16827846e-01 5.14051080e-01
    9.37430382e-01 5.27577400e-02 1.35141104e-01 1.26736850e-01
    6.93748951e-01 7.97897398e-01 6.41583920e-01 4.49838817e-01
    8.73766303e-01 8.48473430e-01 6.69985473e-01 9.59761024e-01
    5.31915426e-01 2.70164013e-03 8.66653740e-01 2.24350393e-02
    9.88732219e-01 5.68089545e-01 9.46348190e-01 8.86233687e-01
    2.45714098e-01 7.60065436e-01 1.97059095e-01 3.35539639e-01
    1.57740712e-02 7.87073135e-01 2.82339036e-01 3.69237006e-01
    2.49907613e-01 2.36913264e-01 2.53059328e-01 1.92204416e-02
    6.23249590e-01 7.46271610e-01 1.48324639e-01 6.24779940e-01
    1.59923047e-01 9.53993976e-01 3.52576494e-01 6.79936707e-01
    4.19894367e-01 6.80055499e-01 2.11011767e-02 6.58918142e-01
    9.04955506e-01 9.02179003e-01 7.44643807e-01 1.72428221e-01
    3.59216392e-01 2.33729422e-01 1.96402073e-02 8.92663002e-02
    1.32453144e-02 7.23867893e-01 7.19046414e-01 7.29945600e-01
    6.98799849e-01 9.10861015e-01 2.95768768e-01 5.64598501e-01
    6.58492923e-01 1.99194580e-01 2.71682024e-01 3.29801381e-01
    9.95277584e-01 4.17132199e-01 9.93315935e-01 3.65468740e-01
    6.51546478e-01 7.14301944e-01 3.99362981e-01 3.46680939e-01
    5.61174095e-01 5.77888966e-01 2.19249696e-01 1.94534928e-01
    8.12411308e-02 1.95957571e-01 4.79916304e-01 1.13506228e-01
    5.93293726e-01 2.54353702e-01 4.76720750e-01 6.01635158e-01
    7.46795774e-01 9.24823761e-01 2.26692319e-01 8.23925853e-01
    6.27892733e-01 1.06989443e-02 4.34887081e-01 5.94520867e-01
    9.52882051e-01 6.11853480e-01 6.08174145e-01 6.59872651e-01
    2.54113615e-01 8.24418426e-01 4.35293615e-01 2.11885870e-02
    6.24431849e-01 2.94844151e-01 7.05397129e-02 2.08759218e-01
    6.18842006e-01 2.27075636e-01 8.87305737e-02 8.63430023e-01
    4.49825943e-01 6.04885936e-01 2.71256268e-01 5.94405770e-01
    2.14774847e-01 9.02319789e-01 8.95357072e-01 7.36701548e-01
    8.09414268e-01 9.80038285e-01 8.54572415e-01 5.22568047e-01
    7.79376030e-01 6.65199041e-01 8.65502357e-01 2.59118855e-01
    7.05409825e-01 1.64793938e-01 3.39632034e-01 2.63575017e-01
    9.71723199e-01 2.01074183e-02 8.10657442e-02 6.02616727e-01
    7.71626770e-01 2.50433087e-01 7.85712242e-01 2.81481564e-01
    5.03235161e-01 2.08400995e-01 2.64362633e-01 3.63378346e-01
    2.83083558e-01 7.01824665e-01 8.51002336e-02 5.69259286e-01
    3.50495785e-01 2.14854121e-01 6.48626029e-01 3.08334708e-01
    2.45203465e-01 5.15683293e-01 2.94949025e-01 3.54812890e-01
    5.77531040e-01 3.62627625e-01 1.82580620e-01 9.31656897e-01
    2.41361469e-01 3.91561240e-01 1.67519599e-01 4.29674625e-01
    2.94618279e-01 5.23431122e-01 7.97883391e-01 1.12234741e-01
    5.05297720e-01 2.60048240e-01 2.88629889e-01 9.20631886e-01
    6.16688251e-01 1.10957444e-01 9.76139307e-01 4.40197736e-01
    6.35996819e-01 8.45457554e-01 8.46786261e-01 2.99087435e-01
    5.29971123e-01 5.82894206e-01 3.83384407e-01 3.88803124e-01
    5.77146649e-01 4.68694925e-01 3.23239893e-01 2.36909002e-01
    4.69669670e-01 7.77828455e-01 1.35010988e-01 9.43480134e-01
    9.99196410e-01 4.44680035e-01 4.04404104e-01 6.74256146e-01
    6.07329607e-01 1.60018563e-01 5.71948528e-01 4.09099042e-01
    7.19682813e-01 2.53678709e-01 2.93347359e-01 1.27648890e-01
    9.68230367e-01 2.12938190e-02 8.63170564e-01 3.19754779e-01
    6.09305620e-01 1.48888201e-01 4.47506249e-01 3.19749206e-01
    8.54472816e-02 5.45558929e-01 5.70897222e-01 4.92949039e-01
    9.85192657e-01 7.07289755e-01 5.41492522e-01 6.99838638e-01
    2.90960908e-01 1.96260601e-01 1.41536176e-01 3.23531657e-01
    6.73421741e-01 9.44926977e-01 7.93402851e-01 5.02555788e-01
    4.98414934e-02 9.03661728e-01 9.73837614e-01 7.51414120e-01
    3.40884745e-01 3.51660430e-01 1.29193842e-01 4.91926402e-01
    4.89977032e-01 2.84700155e-01 8.21391582e-01 3.17684889e-01
    4.46041644e-01 4.54668999e-01 8.18173647e-01 3.28680158e-01
    6.76119626e-01 3.19111019e-01 3.52846682e-01 6.69570923e-01
    7.81615496e-01 5.19378901e-01 6.95762277e-01 5.03311932e-01
    6.16848707e-01 2.00281888e-01 8.90345573e-01 9.76794124e-01
    1.12932563e-01 3.34238648e-01 1.55099422e-01 8.35334897e-01
    8.45702589e-01 5.83381534e-01 7.78654218e-01 1.64793819e-01
    1.27427965e-01 3.08410048e-01 2.89174676e-01 8.95890951e-01
    1.84071898e-01 1.89242959e-01 5.32391846e-01 3.62011552e-01
    4.40304011e-01 5.21456838e-01 7.93743968e-01 1.13283992e-02
    1.84363037e-01 5.75560033e-01 8.49892378e-01 7.99528956e-02
    7.47936666e-02 1.38176709e-01 4.50374335e-01 9.00905967e-01
    2.08659768e-02 4.59822863e-01 4.60162550e-01 4.70385611e-01
    9.80908990e-01 5.12880445e-01 9.63553667e-01 5.17854691e-01
    3.59590650e-01 6.41667962e-01 9.39167142e-01 5.13485074e-03
    2.68053532e-01 3.97943556e-01 6.88872993e-01 7.36634135e-01
    1.46010727e-01 1.02116168e-01 7.81209946e-01 2.29293048e-01
    4.93383110e-01 2.91341186e-01 4.95197773e-02 8.58029902e-01
    9.87258613e-01 3.29333454e-01 1.78116262e-02 2.14049637e-01
    4.30735320e-01 6.84095144e-01 9.72335219e-01 2.89927512e-01
    2.15728045e-01 6.34185672e-02 1.73994839e-01 1.07605606e-01
    3.93402606e-01 2.07853377e-01 4.70261931e-01 2.87042916e-01
    1.27448112e-01 8.71528983e-02 3.04646373e-01 6.33549809e-01
    6.61529183e-01 9.25916493e-01 8.51917326e-01 1.49129808e-01
    6.52329266e-01 2.41305083e-01 7.52559304e-03 8.74435782e-01
    2.15038866e-01 2.43563116e-01 8.77627194e-01 2.01565474e-01
    3.15505415e-01 8.32947969e-01 6.51699245e-01 3.57197225e-01
    7.49153793e-02 3.19194138e-01 6.60629749e-01 9.00083184e-01
    8.58503103e-01 1.83161736e-01 6.80063665e-01 7.47707605e-01
    1.50670707e-02 3.80887687e-02 3.60614061e-01 3.71335149e-01
    3.01180243e-01 7.61174798e-01 3.09078842e-01 3.34537029e-02
    1.69017851e-01 1.25774741e-01 9.79420066e-01 1.23774767e-01
    9.00791466e-01 3.28897536e-01 1.44773126e-02 6.75676584e-01
    5.68713129e-01 8.12715828e-01 8.13637257e-01 1.06530011e-01
    9.18823481e-01 7.44707227e-01 4.30276662e-01 9.35167074e-04
    6.25516653e-01 8.71291995e-01 7.60788918e-02 5.23573339e-01
    8.28992307e-01 5.22943199e-01 3.02694440e-01 3.17980051e-02
    4.96240258e-01 9.23416555e-01 5.53962469e-01 1.35083377e-01
    6.84219301e-01 3.22978497e-01 3.91963005e-01 1.98992312e-01
    5.55126786e-01 1.19058609e-01 3.28450650e-01 6.86769724e-01
    4.62419659e-01 3.89662743e-01 4.27574605e-01 3.44104826e-01
    5.56135654e-01 6.76343679e-01 8.97076964e-01 2.82669723e-01
    1.89597547e-01 7.53082156e-01 6.88915431e-01 2.22336680e-01
    5.58095515e-01 9.07077193e-01 9.99684334e-01 1.86508268e-01
    8.12445700e-01 9.94472027e-01 1.70264423e-01 6.49649858e-01
    2.51128793e-01 2.87299395e-01 6.61948264e-01 5.04007757e-01
    9.75691080e-01 4.06705111e-01 6.10837162e-01 4.08521265e-01
    5.07805884e-01 6.40536070e-01 9.11836863e-01 9.98828292e-01
    2.68293113e-01 6.19450510e-02 6.66456401e-01 5.47304571e-01
    3.47947299e-01 9.26070392e-01 7.11104631e-01 7.90724754e-01
    1.59483552e-02 4.38042432e-01 2.48741031e-01 9.06024337e-01
    7.97603011e-01 3.25522065e-01 2.50481158e-01 1.67653203e-01
    2.48498917e-02 5.98137379e-01 8.04219306e-01 1.28990382e-01
    3.06601644e-01 5.89283705e-01 5.96173823e-01 5.01828015e-01
    7.54030049e-01 1.33317471e-01 8.44301224e-01 8.56607795e-01
    6.15714192e-02 7.30880797e-01 4.65007514e-01 4.85274345e-01
    9.63570595e-01 4.43494499e-01 1.41683191e-01 7.96402931e-01
    4.86967444e-01 3.25636744e-01 6.79944158e-02 1.25139266e-01
    8.91030788e-01 1.02079928e-01 6.55685663e-01 9.89416897e-01
    4.54031825e-01 7.79112935e-01 3.35303426e-01 8.06913257e-01
    5.74947059e-01 8.12240720e-01 1.95454657e-01 5.97918153e-01
    6.70264959e-01 8.27995777e-01 2.90206194e-01 9.95709062e-01
    3.67127001e-01 5.46847165e-01 2.99229980e-01 7.78732300e-01
    7.06662536e-01 2.77414471e-01 9.54306126e-01 7.20143676e-01
    2.31687516e-01 8.60812426e-01 1.38831496e-01 6.56343699e-02
    2.07720369e-01 1.97978318e-01 8.46898317e-01 3.54923666e-01
    4.66956526e-01 5.54822981e-01 7.92640924e-01 5.36408722e-01
    1.79626644e-01 4.16503549e-02 4.21478093e-01 6.84122503e-01
    4.00722593e-01 6.68981075e-02 4.76509333e-04 8.00845802e-01
    7.55635262e-01 5.50157070e-01 1.86422408e-01 8.52323771e-01
    3.92712921e-01 5.58509529e-01 7.52020836e-01 7.03428745e-01
    8.26826692e-02 6.23206615e-01 6.52031898e-01 9.49614406e-01
    4.48766351e-02 8.31917048e-01 3.95822436e-01 6.01273954e-01
    5.15363038e-01 2.87700623e-01 3.06281328e-01 8.64881277e-02
    1.52523786e-01 8.92891288e-02 3.69150996e-01 2.85548568e-01
    5.20794690e-02 1.23214304e-01 9.55068946e-01 1.44421428e-01
    3.27200145e-01 6.25395834e-01 9.27681088e-01 1.64572805e-01
    1.98128819e-03 5.96092045e-01 3.08477700e-01 7.73947239e-01
    6.27556562e-01 8.04003179e-01 8.88337314e-01 3.44558001e-01
    6.95584714e-01 7.81827807e-01 7.22802639e-01 3.88862133e-01
    5.19059718e-01 8.43214989e-01 5.74937403e-01 2.50913948e-01
    5.65274954e-02 1.87605023e-01 1.03776276e-01 5.39021313e-01
    9.85405803e-01 7.37090886e-01 3.14944118e-01 3.23179066e-01
    6.20929301e-01 9.41124201e-01 9.07490253e-02 4.80712116e-01
    7.26157010e-01 8.36094499e-01 2.65662074e-02 2.15037316e-01
    6.51197433e-01 1.09219491e-01 8.29192519e-01 8.28889787e-01
    1.79692298e-01 2.44509101e-01 5.21203399e-01 1.54516101e-03
    9.43840325e-01 6.01492524e-01 8.33167374e-01 7.90872395e-01
    5.54682910e-02 5.57648063e-01 4.58637893e-01 8.63168061e-01
    6.16991401e-01 4.09809351e-02 2.05534965e-01 9.50634480e-01
    4.53731179e-01 2.48018175e-01 9.26786959e-02 2.30018735e-01
    9.00022507e-01 9.84732509e-01 4.40283120e-01 4.01012838e-01
    4.50641572e-01 6.24423504e-01 8.39292049e-01 6.63951635e-02
    9.53363657e-01 3.81114841e-01 7.24039912e-01 2.84373462e-02
    8.30625534e-01 4.21545476e-01 3.41766477e-02 1.14651948e-01
    7.59503245e-02 5.86806774e-01 5.66754878e-01 6.70048714e-01
    9.12253737e-01 8.03524256e-01 8.67818177e-01 2.22272843e-01
    9.41005945e-01 4.90869761e-01 6.46184504e-01 9.08822656e-01
    5.88212669e-01 6.32074594e-01 5.31231165e-01 4.23524886e-01
    8.80461395e-01 2.62760222e-01 4.94024903e-01 4.11603719e-01
    7.09315300e-01 2.82269537e-01 3.75799417e-01 9.77902651e-01
    3.55142534e-01 7.10584462e-01 3.00369442e-01 6.98742568e-02
    4.63743299e-01 1.12669826e-01 6.34960234e-01 2.50188231e-01
    9.83070135e-02 6.76852524e-01 8.29410553e-01 1.78865105e-01
    1.96608931e-01 4.00318563e-01 8.69438291e-01 1.31940961e-01
    2.52986312e-01 6.03346944e-01 8.91204000e-01 6.21313095e-01
    6.40631557e-01 5.66602767e-01 7.66322613e-02 8.72821331e-01
    2.31315851e-01 1.27330065e-01 6.79757237e-01 8.12326431e-01
    2.25222766e-01 8.94598961e-01 1.57941222e-01 2.32057363e-01
    9.46044683e-01 6.04475856e-01 1.83013380e-02 2.27888852e-01
    1.89924300e-01 3.42929900e-01 8.99982572e-01 2.64137447e-01
    3.39524567e-01 3.83065850e-01 7.23276436e-02 7.86652923e-01
    3.29160064e-01 5.52417636e-02 8.13362956e-01 5.67507625e-01
    5.92037439e-01 1.03092462e-01 7.98707366e-01 9.84011054e-01
    7.26537645e-01 4.06999230e-01 7.82257974e-01 6.21980131e-01
    5.12443900e-01 9.74357426e-01 9.50272083e-01 1.25138611e-01
    7.20108032e-01 9.19893980e-02 1.72510445e-02 6.83813214e-01
    3.18141580e-02 9.34477210e-01 5.97388983e-01 2.71817267e-01
    4.11142230e-01 1.80420578e-02 2.93253481e-01 6.51452422e-01
    2.00856924e-01 6.92144573e-01 8.74251246e-01 9.34563875e-01
    3.69235873e-02 9.76867676e-01 8.87777150e-01 2.16552079e-01
    9.94468212e-01 8.01446736e-02 8.83969903e-01 5.23212075e-01
    5.71215510e-01 4.12592173e-01 7.00865865e-01 7.54680037e-01
    2.79458463e-01 8.43425572e-01 5.56232214e-01 3.99048686e-01
    9.35137093e-01 5.48805237e-01 7.98315704e-01 6.79877996e-01
    6.58415794e-01 4.51907992e-01 3.44407022e-01 5.93774319e-02
    6.88749433e-01 2.13406473e-01 8.76676559e-01 7.29043901e-01
    6.57765806e-01 5.82747698e-01 1.81047320e-02 9.68366027e-01
    4.64637786e-01 1.24790668e-01 1.26399666e-01 8.59951496e-01
    2.67207265e-01 8.80974889e-01 1.97677046e-01 8.29717219e-01
    3.27563286e-02 5.74654579e-01 7.29512095e-01 9.69456196e-01
    3.04910421e-01 7.41860271e-01 3.80093396e-01 1.61890179e-01
    3.01616520e-01 5.98458648e-01 5.09287000e-01 3.51217568e-01
    4.67134476e-01 8.06870461e-02 8.45667779e-01 7.35478818e-01
    2.82246172e-02 5.04322946e-01 2.59909928e-02 3.20353389e-01
    8.25928450e-01 4.17259932e-01 8.09931278e-01 6.06325269e-02
    7.44633555e-01 2.55507976e-01 1.01974547e-01 8.49201143e-01
    8.70032072e-01 3.58649194e-01 6.10501468e-01 7.30287850e-01
    1.88508004e-01 1.83014572e-01 5.11331856e-01 3.80514532e-01
    2.70767927e-01 5.69647908e-01 6.12092435e-01 4.89842832e-01
    7.05330670e-01 2.95922935e-01 6.60788119e-02 5.97537696e-01
    2.95623183e-01 6.65994704e-01 4.92059827e-01 7.87710667e-01
    2.15096682e-01 6.99007154e-01 3.45817208e-02 4.71122682e-01
    9.64031577e-01 1.01080418e-01 4.28822070e-01 1.28700674e-01
    9.43826914e-01 1.76869929e-02 2.21367747e-01 5.68318725e-01
    2.41313100e-01 3.20443273e-01 8.48313808e-01 4.33122814e-02
    7.92249918e-01 6.57622397e-01 7.84692049e-01 6.18904829e-03
    5.64519405e-01 2.31187165e-01 9.76697326e-01 5.39624453e-01
    6.19757950e-01 5.82949102e-01 6.08145714e-01 8.58053327e-01
    4.50242758e-02 9.07880247e-01 7.90026486e-01 6.05434835e-01
    2.23254055e-01 4.56025600e-01 5.44068813e-01 8.96279812e-01
    4.41317201e-01 9.82178330e-01 7.46586382e-01 7.32145429e-01
    3.25590014e-01 8.52347016e-01 9.14577484e-01 1.99029088e-01
    9.23024058e-01 4.22320306e-01 8.32916260e-01 1.56579107e-01
    2.92557329e-01 1.55469179e-01 2.67233163e-01 2.66708702e-01
    2.15134025e-01 5.90839028e-01 2.36246735e-01 4.08021539e-01
    5.28018534e-01 3.67160082e-01 7.87288785e-01 7.32400298e-01
    2.74641335e-01 8.80993843e-01 7.60232806e-01 6.03988945e-01
    8.49652052e-01 9.20654237e-02 1.45370960e-01 2.18098462e-02
    7.36842692e-01 1.09183580e-01 6.46985173e-02 5.95297813e-01
    6.36773944e-01 2.91506946e-02 9.01208282e-01 5.88589013e-01
    8.50365400e-01 9.87404346e-01 1.95390284e-02 4.50122178e-01
    1.71920449e-01 5.93498647e-02 9.42955971e-01 5.18036842e-01
    7.79466510e-01 1.30075514e-02 2.40711540e-01 4.96384591e-01
    1.54335439e-01 4.35712337e-01 8.25899839e-01 1.29644483e-01
    2.41696358e-01 9.03469563e-01 2.78487086e-01 4.07852530e-02
    9.28944170e-01 2.58053958e-01 4.82567549e-01 5.53772271e-01
    5.98801792e-01 6.73178017e-01 4.77934599e-01 7.83736646e-01
    5.76260209e-01 5.06598055e-02 4.95128602e-01 7.72638321e-01
    6.17481232e-01 1.34865999e-01 2.17031121e-01 4.47834998e-01
    5.34876287e-01 1.34897500e-01 1.16615653e-01 4.32389915e-01
    1.94320828e-01 9.21839058e-01 3.27844799e-01 5.01528740e-01
    2.69959450e-01 7.80228019e-01 5.90771198e-01 3.73880863e-02
    9.86057103e-01 4.03483391e-01 9.59466100e-01 2.79532075e-01
    2.28487521e-01 2.27952600e-02 1.02279514e-01 4.04164433e-01
    3.57258528e-01 7.68461585e-01 4.79608774e-01 4.22727644e-01
    8.38763356e-01 1.01285487e-01 4.93057907e-01 5.34857213e-02
    6.90742135e-02 3.82616222e-01 4.27299738e-01 8.71699452e-01
    5.78391552e-02 9.99521017e-02 6.28988922e-01 2.84126967e-01
    6.49053693e-01 4.52610314e-01 1.38525546e-01 9.54429090e-01
    6.06485426e-01 6.64472580e-01 1.27442986e-01 9.75425601e-01
    6.29644394e-01 7.11790800e-01 5.40640891e-01 9.81673300e-01
    8.88695240e-01 4.77521420e-01 7.48519421e-01 5.32743871e-01
    5.35166025e-01 8.22972178e-01 8.18264663e-01 8.70129585e-01
    5.94742298e-01 8.91611457e-01 3.89260352e-01 7.19555914e-01
    4.75808501e-01 1.24296188e-01 8.26071739e-01 3.41669112e-01
    2.66134083e-01 2.81254530e-01 1.44620299e-01 1.71153814e-01
    6.75683975e-01 6.07361078e-01 6.25615835e-01 1.67850196e-01
    8.15889478e-01 2.40849674e-01 4.00286496e-01 9.76083934e-01
    6.32514656e-01 7.95128465e-01 2.16635436e-01 9.08293128e-01
    7.78255939e-01 7.41219878e-01 2.09290326e-01 1.29303992e-01
    7.75763392e-01 4.59648967e-01 5.61780572e-01 7.06380308e-02
    5.27942419e-01 6.66087151e-01 4.18199927e-01 7.83597827e-01
    8.48371804e-01 5.26867509e-02 2.11162508e-01 6.42092586e-01
    5.78927457e-01 1.68831050e-02 3.88389170e-01 9.37696934e-01
    2.16302961e-01 9.65272844e-01 7.79872537e-02 7.29335845e-01
    7.11617231e-01 3.36435437e-01 2.83926070e-01 4.48759735e-01
    7.33214438e-01 6.18535340e-01 9.87123430e-01 9.24040139e-01
    7.73960769e-01 4.91370946e-01 8.66903543e-01 6.32010579e-01
    9.96883452e-01 3.18458855e-01 8.56885314e-01 9.10508156e-01
    7.18515635e-01 7.88908005e-02 5.38721204e-01 2.13710696e-01
    5.35886109e-01 1.08931661e-02 1.43671334e-02 6.37236059e-01
    9.33799684e-01 2.02166438e-02 8.10006142e-01 3.36343080e-01
    2.61198521e-01 4.06096518e-01 7.17859387e-01 5.51928520e-01
    1.80028826e-01 3.47918093e-01 2.13200539e-01 7.37229943e-01
    1.95555329e-01 9.09659982e-01 9.87647831e-01 8.15869927e-01
    5.82469404e-01 2.26968676e-01 6.63778603e-01 4.41891760e-01
    4.24993664e-01 3.35969239e-01 9.39112425e-01 2.62598902e-01
    6.49653494e-01 2.02307701e-01 7.59337902e-01 6.74099326e-01
    6.23312294e-01 9.24312472e-01 9.07950521e-01 9.92901564e-01
    6.72060013e-01 8.10969532e-01 9.78567839e-01 6.23262107e-01
    7.96744823e-01 3.05561483e-01 7.67744720e-01 4.21312273e-01
    7.95478642e-01 8.73369694e-01 7.71615446e-01 7.71539092e-01
    9.44478631e-01 6.17976427e-01 8.88753891e-01 1.30850732e-01
    7.83522844e-01 8.06734264e-02 3.94379139e-01 8.89094174e-02
    6.31257296e-01 7.39009500e-01 3.98317695e-01 3.62607539e-01
    3.53941202e-01 7.86575317e-01 9.47366714e-01 4.92981076e-02
    8.61963868e-01 1.90694720e-01 1.92761064e-01 8.34885240e-02
    8.38662148e-01 7.33431101e-01 9.46494937e-01 3.77449781e-01
    8.86360884e-01 1.77228838e-01 5.15111029e-01 7.88716793e-01
    9.65367436e-01 5.49861848e-01 4.85594928e-01 4.56722915e-01
    4.98681635e-01 9.88618314e-01 8.59495044e-01 9.68756974e-01
    3.85426193e-01 7.48316824e-01 9.83568072e-01 4.14995492e-01
    2.01629102e-02 2.13502586e-01 7.93504775e-01 2.58338690e-01
    4.93263721e-01 9.48827267e-02 6.59307837e-03 1.04165822e-01
    1.01222575e-01 4.94229823e-01 5.20163715e-01 5.70435464e-01
    6.38714790e-01 1.25608832e-01 2.28473425e-01 7.99483418e-01
    6.51712894e-01 2.82868445e-02 9.23346221e-01 8.94033670e-01
    9.67373133e-01 1.35141671e-01 5.16648412e-01 8.92356992e-01
    6.62615240e-01 4.55867559e-01 5.66020489e-01 2.26913512e-01
    2.79455513e-01 1.04810447e-01 8.79084647e-01 7.14958966e-01
    5.03331423e-04 7.31052995e-01 4.36379373e-01 2.41480768e-01
    8.55347514e-01 5.12613475e-01 8.48766088e-01 3.35369676e-01
    9.03676867e-01 8.69167626e-01 9.74027514e-01 9.83066559e-01
    1.39614373e-01 3.19995940e-01 5.64604223e-01 6.04812801e-01
    4.52137589e-01 9.74572897e-01 5.62456906e-01 5.04909754e-01
    3.98637354e-01 8.90284419e-01 9.75033641e-01 6.95836067e-01
    8.15898299e-01 3.09536755e-01 3.71239781e-02 5.77069819e-01
    9.36584890e-01 6.82669997e-01 2.84683913e-01 5.04277527e-01
    7.52449393e-01 5.67820013e-01 2.01648980e-01 4.55395758e-01
    5.97583652e-01 4.58787382e-01 8.66202295e-01 2.87060142e-01
    3.99672955e-01 8.11979771e-01 2.21590370e-01 4.46602464e-01
    6.22369230e-01 7.66155124e-01 1.65694356e-02 5.77759743e-01
    2.45628417e-01 8.31622005e-01 7.89155781e-01 3.66058379e-01
    6.93968236e-02 4.23643589e-01 1.13943696e-01 3.79796714e-01
    6.16080582e-01 7.37727106e-01 4.64913666e-01 6.36558414e-01
    9.90455508e-01 5.91964841e-01 1.74649388e-01 2.71926522e-02
    5.32309711e-02 1.71326697e-01 5.51951349e-01 3.29999059e-01
    5.09495437e-01 9.62783098e-01 4.10993576e-01 5.87260485e-01
    2.32020617e-01 3.18889320e-01 1.40866637e-02 1.66518956e-01
    1.79275066e-01 2.46302396e-01 7.84117579e-01 6.11281037e-01
    3.85191858e-01 1.54721290e-01 1.70356005e-01 2.79023975e-01
    6.92170739e-01 4.32644844e-01 6.35752082e-01 2.97948241e-01
    9.15514112e-01 5.87758601e-01 5.62288761e-01 8.81801128e-01
    5.75891078e-01 7.23524392e-01 3.50187778e-01 8.04551601e-01
    5.89063704e-01 1.34824604e-01 5.31320870e-01 4.38732296e-01
    8.93114209e-01 3.69189203e-01 1.73491210e-01 5.08217394e-01
    9.38543200e-01 1.30639970e-01 6.62701845e-01 7.00548470e-01
    4.38576937e-02 2.50914991e-02 1.15206122e-01 7.21406996e-01
    6.48185849e-01 1.71632230e-01 7.15339363e-01 8.01245928e-01
    6.80885673e-01 2.44852632e-01 4.11552429e-01 8.30245674e-01
    8.98793459e-01 9.57055390e-01 9.49020267e-01 5.44799805e-01
    5.79026818e-01 6.77343965e-01 5.23970246e-01 5.13675690e-01
    4.91873443e-01 8.05237651e-01 8.43319535e-01 8.89906883e-02
    1.60498559e-01 3.65877479e-01 9.47754145e-01 1.83972418e-02
    1.90635622e-02 5.18393874e-01 1.56427205e-01 3.02085280e-01
    9.72598076e-01 6.53593242e-02 4.87776101e-02 3.44060719e-01
    5.96405566e-01 2.25352436e-01 5.91415286e-01 2.83995271e-02
    7.48747885e-01 8.31275940e-01 8.32684159e-01 4.97204185e-01
    9.97177362e-01 2.83911705e-01 4.16027904e-01 1.38931483e-01
    9.60699201e-01 8.07642281e-01 2.71012604e-01 5.83923936e-01
    8.77462268e-01 2.57931679e-01 5.00003755e-01 5.28593004e-01
    4.48393762e-01 4.95618880e-01 3.47116649e-01 6.47485554e-01
    3.23753655e-02 4.68074441e-01 8.63206744e-01 8.35904896e-01
    6.18916690e-01 9.32170391e-01 8.72115970e-01 2.03932941e-01
    9.03532743e-01 3.42409164e-01 3.31296355e-01 5.48850656e-01
    4.66457397e-01 9.65112209e-01 9.00712192e-01 7.37300038e-01
    6.53346717e-01 3.70541990e-01 7.96611786e-01 2.87082255e-01
    4.07615364e-01 6.06383443e-01 2.39858419e-01 7.97079265e-01
    9.41069841e-01 1.45011127e-01 7.48424053e-01 1.03590459e-01
    4.46920305e-01 3.15666676e-01 3.59117180e-01 8.08869243e-01
    5.48367381e-01 8.31023574e-01 5.58168411e-01 4.98566091e-01
    4.98441160e-01 9.16212201e-01 6.09744728e-01 7.98779249e-01
    8.74930084e-01 1.90622240e-01 9.97900248e-01 7.24992692e-01
    9.84937429e-01 7.77354121e-01 3.70708346e-01 8.31578374e-01
    9.64437187e-01 1.33209229e-01 4.89234328e-01 2.29870319e-01
    6.88305736e-01 1.48138285e-01 4.63928998e-01 2.06823915e-01
    3.02692413e-01 6.70918226e-02 1.58991516e-02 3.98321301e-01
    5.20364285e-01 9.09736991e-01 5.74907959e-02 4.65858400e-01
    2.13475198e-01 3.91323656e-01 5.50476193e-01 6.61545992e-01
    1.87437862e-01 7.68205881e-01 8.45360041e-01 9.61178720e-01
    5.93758702e-01 4.90615577e-01 8.83267164e-01 4.15103644e-01
    3.55527997e-01 9.71235037e-01 8.63212943e-01 1.94540411e-01
    4.54409599e-01 9.96140122e-01 2.39095092e-01 4.96582538e-01
    8.61348808e-02 8.44328880e-01 5.52151322e-01 7.00621545e-01
    7.41937995e-01 9.43525076e-01 3.11503381e-01 3.68227363e-02
    5.46203613e-01 5.57157934e-01 2.70548433e-01 3.28662634e-01
    3.81504238e-01 4.50958937e-01 9.76651907e-03 3.67199183e-02
    2.26553738e-01 1.62042320e-01 6.17308855e-01 5.60046732e-01
    4.61633891e-01 6.96832061e-01 5.50761044e-01 7.14174449e-01
    4.92242426e-01 7.98207760e-01 2.74335623e-01 2.81764925e-01
    6.68447375e-01 8.69874656e-01 3.83123815e-01 3.51496220e-01
    1.09320402e-01 4.61229712e-01 8.26520264e-01 7.47694910e-01
    3.55997324e-01 7.82508492e-01 1.33728653e-01 2.18374342e-01
    6.20324373e-01 4.14170444e-01 2.29129285e-01 6.30166709e-01
    9.61056828e-01 3.37089777e-01 1.26138985e-01 8.33059192e-01
    7.76821971e-01 3.96983325e-01 9.35790181e-01 2.53592223e-01
    8.33760381e-01 3.26218605e-01 6.16149187e-01 2.23509967e-01
    4.35870856e-01 7.31497824e-01 4.88823712e-01 1.82563782e-01
    2.57042468e-01 5.07501900e-01 2.22456694e-01 9.65725660e-01
    6.57029212e-01 2.72148132e-01 6.79209948e-01 8.37635994e-01
    2.05561519e-01 3.34004879e-01 4.74028051e-01 8.76255035e-01
    4.61203545e-01 8.36293697e-02 7.95166373e-01 8.28019738e-01
    7.64821410e-01 5.66342652e-01 8.01738501e-01 8.68979454e-01
    8.60822201e-03 6.73540771e-01 1.24701858e-02 4.63748217e-01
    1.21020317e-01 8.37776899e-01 7.35880792e-01 3.54324877e-01
    4.36621755e-01 9.43452716e-01 7.54111290e-01 8.67444098e-01
    5.48425019e-02 2.73612440e-02 8.61736417e-01 4.28666800e-01
    3.39909673e-01 9.85188484e-01 9.84274924e-01 8.11626613e-01
    9.09425557e-01 5.95622659e-02 9.68141496e-01 8.39501381e-01
    6.25619888e-01 9.55549717e-01 9.38407958e-01 9.92355585e-01
    7.63239741e-01 6.14098430e-01 3.80270481e-02 3.04968089e-01
    7.30220735e-01 5.72224200e-01 1.92896664e-01 1.48438573e-01
    2.33641535e-01 4.49177563e-01 7.59994686e-01 4.56983507e-01
    5.20893335e-02 7.52604306e-01 9.57460344e-01 1.26914412e-01
    6.21167779e-01 2.06293046e-01 3.84037793e-02 5.03024518e-01
    6.33238077e-01 4.00076896e-01 7.13624001e-01 8.66340756e-01
    4.74914491e-01 4.68695611e-01 6.47601604e-01 8.83990526e-02
    1.82579994e-01 3.99659157e-01 2.67204344e-02 1.05607063e-01
    7.24965394e-01 5.96127510e-01 6.96580529e-01 6.73103869e-01
    2.49346495e-01 4.88246173e-01 2.73480773e-01 4.40803170e-02
    7.79566586e-01 1.56335950e-01 3.50346744e-01 7.32293427e-02
    7.65115142e-01 1.23198897e-01 7.30140865e-01 8.19287837e-01
    9.85261917e-01 6.80151224e-01 7.08783805e-01 7.38283396e-02
    6.32120371e-01 4.38639283e-01 1.80020213e-01 2.46494591e-01
    4.30651516e-01 4.32896852e-01 4.53054905e-02 3.64054054e-01
    1.04924589e-01 4.16815281e-03 5.87749958e-01 1.94188058e-02
    7.65820503e-01 7.43662834e-01 5.61318338e-01 8.04809332e-01
    2.89599478e-01 6.33224845e-01 1.01010025e-01 8.67596984e-01
    7.73858666e-01 3.78842801e-01 8.27059686e-01 3.10382068e-01
    8.20791721e-03 7.02099025e-01 6.04773402e-01 3.43880743e-01
    7.06351995e-01 2.55813360e-01 9.41441476e-01 8.30108762e-01
    8.76676083e-01 2.52043456e-01 3.42774123e-01 9.97391105e-01
    5.90657115e-01 9.12785411e-01 2.99598098e-01 7.08592534e-01
    5.09503186e-02 6.31755352e-01 8.41378927e-01 9.77653623e-01
    7.35029995e-01 6.32924020e-01 5.99477947e-01 9.75013137e-01
    3.32583070e-01 5.46484232e-01 5.71481645e-01 2.61875212e-01
    3.93806487e-01 5.22378325e-01 3.28422904e-01 1.20591998e-01
    5.38692772e-02 2.27541625e-01 7.08832920e-01 3.57921392e-01
    2.84388453e-01 9.02394354e-01 3.47939134e-01 9.84465361e-01
    1.07173800e-01 1.63557887e-01 1.73325449e-01 2.28980482e-02
    3.46379966e-01 1.57763064e-01 8.79737735e-01 4.09860939e-01
    6.96188390e-01 2.52468467e-01 8.64373803e-01 4.91806686e-01
    2.80659795e-01 3.68765891e-01 9.66647148e-01 1.90301090e-01
    5.36372423e-01 8.34385753e-01 3.80224198e-01 8.03744376e-01
    4.86498356e-01 4.09126967e-01 6.40414774e-01 4.54847604e-01
    9.84556675e-01 8.49155664e-01 9.56047535e-01 4.85630453e-01
    4.83065784e-01 9.30331826e-01 7.52863526e-01 2.79711545e-01
    4.12609249e-01 2.32336819e-02 3.58793020e-01 7.75605202e-01
    3.87862086e-01 3.75939965e-01 4.46947426e-01 4.21725035e-01
    1.16500407e-01 3.90288532e-01 7.59907365e-01 2.08367467e-01
    6.60095572e-01 6.99011564e-01 3.37301731e-01 8.72767627e-01
    6.35614991e-01 2.13411748e-02 4.45137978e-01 5.00284731e-01
    8.90993536e-01 1.95950091e-01 1.59773260e-01 4.04241681e-03
    6.19085968e-01 6.58717155e-01 3.44899297e-01 2.57618695e-01
    1.12718821e-01 7.55048156e-01 3.31817269e-02 2.65213847e-01
    1.47802979e-01 9.68212068e-01 4.84361827e-01 1.97549134e-01
    6.89845383e-01 2.69882858e-01 6.98276281e-01 4.42809731e-01
    5.48649728e-01 4.44011003e-01 4.51677799e-01 6.78124726e-02
    4.93769854e-01 3.25229496e-01 1.28350556e-02 3.52589160e-01
    2.33255684e-01 7.75729656e-01 4.44988996e-01 4.05116498e-01
    7.74562716e-01 9.75342035e-01 5.69246888e-01 9.22589481e-01
    7.35780954e-01 7.87763476e-01 1.94834262e-01 9.21646357e-01
    4.30482030e-01 5.08742213e-01 5.33178926e-01 8.14895988e-01
    3.33842456e-01 6.74965382e-02 2.54878998e-01 1.06741667e-01
    8.05253267e-01 1.01425052e-01 1.06459707e-01 6.94932461e-01
    1.32929713e-01 8.11189175e-01 9.27115381e-02 3.57885659e-01
    1.87182158e-01 5.20313680e-01 4.00198400e-01 3.75122070e-01
    6.71624243e-02 6.17148042e-01 3.65936667e-01 7.77781725e-01
    2.40561754e-01 3.70020866e-02 9.14429784e-01 1.16481870e-01
    1.95371270e-01 4.91594821e-01 7.92609453e-01 1.29342467e-01
    8.96542788e-01 5.92723966e-01 1.57138348e-01 7.30044723e-01
    4.33102816e-01 9.94490564e-01 1.88653171e-02 3.84384930e-01
    8.07041645e-01 1.95301175e-02 3.19512308e-01 2.60997713e-01
    2.38927215e-01 7.05139458e-01 2.51349568e-01 9.86714303e-01
    9.75199819e-01 2.92352587e-01 3.95290375e-01 1.20117664e-02
    9.54309821e-01 5.08118927e-01 5.61463952e-01 2.01449960e-01
    1.51159853e-01 8.31701934e-01 9.18840051e-01 8.54133487e-01
    1.88429326e-01 3.71702611e-01 4.65408713e-01 3.92132998e-02
    2.44326591e-02 5.84627390e-02 4.81240094e-01 5.55679619e-01
    5.05528986e-01 9.51730013e-02 4.61663663e-01 8.03585410e-01
    5.34134090e-01 3.93016666e-01 1.66662127e-01 8.38948965e-01
    5.01162648e-01 3.69560122e-01 4.58752394e-01 6.93309426e-01
    7.36415625e-01 7.31331348e-01 5.82990170e-01 2.87214905e-01
    1.23515964e-01 6.15313351e-01 1.94948107e-01 4.69259977e-01
    4.00444269e-01 4.54505324e-01 1.22597307e-01 4.43529904e-01
    5.26661456e-01 9.61338520e-01 4.46736187e-01 8.43875110e-02
    6.77696764e-01 1.05968565e-01 7.76184559e-01 1.65125072e-01
    1.29066974e-01 1.31119788e-01 3.40646625e-01 3.87281567e-01
    1.02089465e-01 6.93805397e-01 8.00989628e-01 7.76284695e-01
    3.03973734e-01 8.68457913e-01 5.53161502e-01 9.86965895e-02
    6.48484826e-01 8.88068080e-01 4.87568349e-01 6.14377379e-01
    4.07192320e-01 5.77802539e-01 5.89823723e-01 5.22881150e-01
    7.70244122e-01 2.98092961e-02 9.12095308e-01 5.35201132e-01
    2.73758829e-01 4.41996932e-01 1.27444357e-01 9.39793885e-01
    7.11312532e-01 7.83933163e-01 2.81950235e-01 5.73444247e-01
    6.20192111e-01 1.72321767e-01 8.63314271e-01 8.68412971e-01
    1.24176145e-02 3.54651749e-01 5.39468110e-01 9.72682536e-01
    5.79088807e-01 2.73965597e-02 6.82373166e-01 2.13840455e-01
    2.28010178e-01 1.97086006e-01 2.79460192e-01 4.52978283e-01
    5.18793464e-01 2.51688927e-01 7.86480784e-01 9.91313636e-01
    4.71087337e-01 2.46414065e-01 7.74638951e-02 4.81263161e-01
    6.70440197e-01 1.29051507e-01 3.52009535e-02 8.32846284e-01
    2.12748051e-01 8.78433883e-01 9.82747018e-01 3.91758323e-01
    9.56335902e-01 4.66378987e-01 1.98945403e-03 3.86012137e-01
    4.35868025e-01 4.30670977e-01 1.87679678e-01 2.27748454e-01
    3.61602306e-01 8.15975428e-01 5.10053217e-01 3.98849279e-01
    1.17990673e-02 3.80107015e-01 5.47147393e-01 1.33302271e-01
    3.53671044e-01 2.63754308e-01 2.07037866e-01 9.16220665e-01
    9.97871637e-01 5.46615720e-01 7.32667565e-01 3.30871880e-01
    3.97212714e-01 1.66791171e-01 4.23912853e-01 5.21560967e-01
    8.59200358e-01 2.98328638e-01 1.03491813e-01 1.63002580e-01
    4.79218870e-01 5.51676571e-01 8.96460414e-01 7.50304103e-01
    3.10566723e-02 2.21729428e-01 9.57369804e-01 8.62897992e-01
    9.31976974e-01 6.31261468e-01 7.04526186e-01 6.27958357e-01
    7.19962299e-01 9.99736369e-01 9.80494976e-01 3.41799259e-01
    4.54333097e-01 8.22490215e-01 6.08794510e-01 6.01504385e-01
    9.62017059e-01 3.13477367e-01 2.97257543e-01 5.39015472e-01
    9.07737017e-02 2.34507173e-01 3.59514713e-01 3.99731398e-02
    6.32784247e-01 8.05295527e-01 7.66443133e-01 6.85057402e-01
    6.00164354e-01 2.01427937e-01 8.20452332e-01 2.63226718e-01
    5.27412474e-01 9.49294269e-02 3.41026664e-01 1.68960661e-01
    3.92158747e-01 4.25942004e-01 5.93909025e-01 7.34139860e-01
    7.40883052e-01 4.03752685e-01 4.62854981e-01 3.17725509e-01
    5.98884642e-01 4.31482136e-01 3.95420521e-01 2.78232068e-01
    5.04052162e-01 7.63795376e-01 1.06104165e-01 1.60306066e-01
    3.78173143e-01 2.99443960e-01 3.96531343e-01 6.61068559e-02
    2.82748729e-01 5.51887870e-01 2.55568922e-01 7.57365048e-01
    3.44495773e-01 6.96618259e-02 5.57909250e-01 7.81526923e-01
    1.38735473e-02 9.09427106e-02 8.71050835e-01 5.98589718e-01
    3.04672122e-03 4.10645604e-01 8.35967183e-01 5.06630063e-01
    1.60197437e-01 9.60093260e-01 4.89806652e-01 4.14135724e-01
    7.52875686e-01 3.50458145e-01 3.33869696e-01 4.71413732e-02
    5.97174585e-01 8.97420287e-01 4.08499688e-01 8.18934202e-01
    6.32428825e-01 6.67627275e-01 3.86914194e-01 4.57373232e-01
    2.31418937e-01 1.78174675e-02 7.17497647e-01 3.37065518e-01
    1.44349158e-01 6.27353430e-01 3.56414229e-01 2.46074796e-02
    6.81604266e-01 3.77613991e-01 4.17780161e-01 8.06451857e-01
    7.60514975e-01 7.87801623e-01 2.04440355e-02 6.15821600e-01
    2.11900085e-01 4.47705209e-01 5.22836447e-01 4.09222484e-01
    8.54951382e-01 4.80336219e-01 6.44337952e-01 7.91257143e-01
    3.74393284e-01 7.36191690e-01 8.99673283e-01 3.67743224e-01
    3.76892209e-01 6.50905371e-01 3.67963314e-02 3.09462249e-01
    8.05022717e-01 3.73622477e-01 3.00830185e-01 8.19685459e-01
    6.72120631e-01 2.92833447e-02 4.66864973e-01 9.17815983e-01
    6.11400664e-01 7.94458508e-01 3.25649440e-01 3.19346756e-01
    4.41377014e-01 1.37897909e-01 8.72013569e-02 4.06973302e-01
    5.15355766e-01 7.68343449e-01 1.48413569e-01 9.83947933e-01
    7.32199073e-01 6.43163323e-01 3.94244164e-01 1.77185506e-01
    4.52377796e-01 3.48011255e-01 2.41601795e-01 4.76824045e-02
    7.45433509e-01 1.64832860e-01 2.44847685e-01 6.63410723e-01
    7.88471937e-01 3.41651499e-01 9.12327170e-01 6.54185653e-01
    3.94463837e-01 1.28985286e-01 1.32706404e-01 7.61120856e-01
    4.65035439e-03 6.81361735e-01 7.93088317e-01 3.02454889e-01
    2.00354010e-01 4.89641577e-01 4.19306576e-01 9.81411576e-01
    4.74391997e-01 7.12422669e-01 5.82779109e-01 1.67250782e-01
    9.16036725e-01 7.89130449e-01 7.27942348e-01 2.80659705e-01
    1.43636763e-02 2.36056149e-02 1.17776841e-01 8.59587669e-01
    5.70629358e-01 4.89384055e-01 1.78050995e-03 5.21295667e-01
    4.20712560e-01 3.38355660e-01 9.94166851e-01 5.19530356e-01
    3.37305456e-01 1.12130731e-01 4.74529564e-01 1.90981895e-01
    5.66474617e-01 6.24368370e-01 3.97541374e-01 3.52174699e-01
    6.11299038e-01 5.62000275e-01 4.95924681e-01 4.31836069e-01
    2.39421189e-01 7.15932548e-01 6.06978357e-01 5.23283958e-01
    3.40831637e-01 1.21405333e-01 7.60803699e-01 1.85506463e-01
    3.54674339e-01 4.60084796e-01 9.13501024e-01 5.58817089e-01
    6.55065417e-01 2.51392484e-01 5.16560197e-01 7.32769907e-01
    9.25313830e-01 7.78192878e-01 4.26941782e-01 3.84135932e-01
    2.26022720e-01 5.84958375e-01 3.84087414e-01 4.05520380e-01
    9.73284304e-01 8.16029549e-01 8.06722045e-01 2.07573026e-01
    1.70258164e-01 8.26825500e-01 3.28099668e-01 8.97018313e-01
    1.44928217e-01 3.79382610e-01 1.98644817e-01 7.63712287e-01
    3.89597416e-02 6.09836042e-01 4.02703047e-01 8.30625594e-01
    3.36245954e-01 9.59647298e-01 2.95485795e-01 1.36277676e-01
    5.90062141e-02 3.71575117e-01 3.49488765e-01 1.30929351e-01
    1.83313578e-01 6.27043009e-01 2.90826201e-01 6.90527678e-01
    5.44972420e-01 9.07819450e-01 8.98130476e-01 8.29389513e-01
    9.24984336e-01 6.31783664e-01 8.77344608e-01 8.96200299e-01
    9.38657701e-01 4.90460008e-01 5.44800878e-01 9.83583093e-01
    3.13937426e-01 6.20898902e-02 9.04258132e-01 3.98539662e-01
    7.26212740e-01 8.60248804e-02 9.02064204e-01 7.91470528e-01
    1.40942067e-01 2.03048140e-01 7.74662495e-01 5.61231673e-02
    6.73528731e-01 8.59310687e-01 4.74908948e-03 1.75131261e-01
    9.77846026e-01 4.83594894e-01 8.50500464e-01 9.00548816e-01
    5.45934856e-01 6.70701563e-02 2.48705983e-01 1.97496265e-01
    1.08265996e-01 1.80709720e-01 8.39495659e-03 5.00171721e-01
    1.91492885e-01 4.29178506e-01 1.36335194e-01 5.52069604e-01
    3.35679650e-01 7.41837025e-01 9.99414980e-01 7.34032989e-01
    9.05191839e-01 1.18379295e-01 3.49386215e-01 3.18028331e-02
    6.88368738e-01 1.56371474e-01 1.37298405e-01 7.95088887e-01
    8.40857863e-01 7.53119946e-01 2.11153895e-01 8.76843512e-01
    5.36907911e-01 9.54874396e-01 8.18555236e-01 5.60111344e-01
    4.52242136e-01 8.07044506e-01 9.75045562e-01 8.02193880e-02
    2.97858328e-01 6.51397824e-01 9.74546313e-01 1.42839164e-01
    8.16996574e-01 2.06297368e-01 6.66190624e-01 6.14737868e-01
    9.06714797e-03 9.53619361e-01 7.64142931e-01 5.03636837e-01
    1.36902511e-01 2.06542104e-01 3.08621377e-01 4.00046706e-01
    2.88414478e-01 5.14871001e-01 9.81715918e-02 5.87684214e-01
    3.97309870e-01 3.45032096e-01 7.89123297e-01 5.88775039e-01
    1.19758576e-01 1.40282840e-01 3.74530315e-01 4.69211310e-01
    4.65031087e-01 6.43149912e-01 1.42589211e-03 9.04169977e-02
    5.89502215e-01 2.57755816e-01 9.94754136e-01 4.87447023e-01
    4.44043279e-01 3.19003671e-01 3.12385380e-01 5.76344311e-01
    6.27071917e-01 6.39232278e-01 4.90498811e-01 1.72062874e-01
    4.49078143e-01 2.40955323e-01 2.29217231e-01 3.18132102e-01
    6.51193261e-01 7.87331939e-01 9.34706450e-01 2.25051075e-01
    9.38582003e-01 9.26418304e-01 2.55219787e-01 7.43513763e-01
    9.92531180e-01 8.05162609e-01 6.83676243e-01 8.35278749e-01
    8.08227420e-01 6.79370403e-01 1.26704574e-01 2.34256685e-01
    3.80245328e-01 2.60287523e-02 6.93050027e-01 6.18852139e-01
    3.34635317e-01 7.01013982e-01 6.12695694e-01 3.25601012e-01
    4.49245751e-01 5.02926946e-01 6.43746912e-01 4.81796265e-02
    6.24409854e-01 2.58281052e-01 8.33385944e-01 5.87325692e-02
    6.57902479e-01 5.38173079e-01 5.84600747e-01 8.76626909e-01
    3.44861090e-01 9.66793597e-01 8.99254739e-01 6.96642041e-01
    5.84889352e-01 2.05420464e-01 6.16952240e-01 7.87922442e-01
    2.91302681e-01 4.41561431e-01 7.45558619e-01 8.79270911e-01
    4.05318558e-01 5.77196479e-01 7.59014010e-01 3.74559522e-01
    3.37744713e-01 3.02004039e-01 2.71183014e-01 3.89872402e-01
    4.98096853e-01 3.68661880e-02 5.95896006e-01 4.25817847e-01
    6.69609845e-01 4.46235806e-01 6.38830662e-03 7.97349870e-01
    5.31958044e-02 2.85473257e-01 6.22936726e-01 3.88563246e-01
    3.21254849e-01 9.26749945e-01 9.05323982e-01 7.62948990e-01
    3.82905841e-01 8.17680717e-01 7.80003071e-01 3.57935667e-01
    3.21682036e-01 6.00970089e-01 7.59006143e-01 7.43372619e-01
    6.04072213e-01 4.97849107e-01 4.05644804e-01 2.31512964e-01
    2.07350254e-02 8.81820202e-01 8.90649915e-01 4.86695230e-01
    4.53735173e-01 5.68022192e-01 4.20625389e-01 3.83203149e-01
    8.30494463e-02 3.73796761e-01 5.67358613e-01 5.44372082e-01
    6.73770905e-04 7.73061633e-01 3.84871602e-01 9.89349484e-01
    4.54365611e-01 4.27423656e-01 1.96525365e-01 4.99855310e-01
    4.48823661e-01 1.44062936e-02 3.15744102e-01 6.09502554e-01
    4.94426191e-02 3.42684388e-02 3.65181267e-02 1.96348131e-01
    3.82228076e-01 8.74634624e-01 7.75600851e-01 2.67161965e-01
    5.29223740e-01 6.77843809e-01 8.96264195e-01 8.78233314e-01
    6.35214329e-01 3.82460743e-01 8.86093974e-01 7.05202699e-01
    8.91283154e-01 5.70430100e-01 1.56410635e-02 3.02671671e-01
    7.45453119e-01 2.05241442e-01 3.02449524e-01 8.90952110e-01
    9.77216482e-01 7.93057084e-01 8.86138976e-02 6.04419529e-01
    4.13458139e-01 6.11474514e-02 8.42760801e-01 6.50255859e-01
    2.42385447e-01 9.69996989e-01 3.54396820e-01 4.91223991e-01
    3.21108282e-01 3.17771852e-01 9.54227746e-02 9.87998545e-01
    6.90980852e-01 3.98196697e-01 7.07566977e-01 3.40039909e-01
    5.13420522e-01 9.83542204e-01 6.97042227e-01 8.11818540e-01
    2.82943487e-01 3.83474231e-01 9.66074646e-01 6.29092455e-01
    9.39966321e-01 6.11788273e-01 5.67073941e-01 1.53940380e-01
    1.08003616e-01 5.45473158e-01 9.83724952e-01 6.72303081e-01
    6.82529807e-01 9.34069991e-01 6.80783033e-01 4.21861798e-01
    8.97476554e-01 5.54960489e-01 2.49744713e-01 5.91508865e-01
    4.27120835e-01 2.80968726e-01 8.53890240e-01 6.72719836e-01
    8.17597806e-02 3.45688701e-01 4.15419638e-02 5.24192095e-01
    3.32733333e-01 5.64365208e-01 9.30558443e-01 7.99819708e-01
    5.33071101e-01 7.24197507e-01 6.58286572e-01 8.73022437e-01
    8.51118386e-01 3.81232202e-01 8.25958610e-01 1.24462426e-01
    9.16230023e-01 3.38870257e-01 1.11588448e-01 5.23134649e-01
    7.61417270e-01 8.42547596e-01 1.65837824e-01 5.38798273e-01
    6.01324320e-01 3.64062428e-01 5.84685147e-01 5.85626900e-01
    5.96643865e-01 6.26520395e-01 6.30730808e-01 1.33387715e-01
    6.78602397e-01 5.13612330e-02 7.73674726e-01 5.44402301e-02
    7.28047967e-01 1.46528214e-01 3.15581560e-01 3.07569027e-01
    8.25455666e-01 3.67981374e-01 8.52158904e-01 2.43870229e-01
    8.87701035e-01 9.79095817e-01 2.60347962e-01 1.64098829e-01
    9.53345001e-02 6.51499569e-01 3.78599346e-01 2.45458335e-01
    1.59623027e-01 1.14480317e-01 9.47888315e-01 7.36376524e-01
    6.67802870e-01 5.06649613e-01 7.54641294e-01 7.50880122e-01
    6.87359631e-01 8.52962136e-02 3.16299736e-01 9.53383148e-02
    4.64780331e-01 4.26145107e-01 8.95064592e-01 7.92853057e-01
    4.24196512e-01 7.22960293e-01 5.33237338e-01 2.17912704e-01
    6.09431982e-01 8.17237496e-01 2.35771328e-01 6.39505565e-01
    9.86809254e-01 7.27082491e-01 8.87839556e-01 8.56008410e-01
    9.74031985e-02 2.21229851e-01 4.77753103e-01 3.27787191e-01
    8.82490158e-01 6.89511180e-01 5.51803291e-01 1.14866227e-01
    9.61353183e-01 3.78185064e-01 5.07713616e-01 1.44673586e-02
    3.45630795e-01 9.11251783e-01 5.79888761e-01 7.40769506e-02
    2.68110335e-01 1.88064814e-01 6.04478419e-02 4.82033789e-01
    3.63173932e-01 7.87173510e-01 6.72823071e-01 4.79195416e-01
    5.52938461e-01 4.30375814e-01 8.25630426e-01 7.70997047e-01
    8.56007814e-01 3.56635392e-01 7.40298688e-01 8.85324478e-01
    6.55123591e-01 1.51406229e-02 7.36434698e-01 9.12944376e-01
    6.24380410e-01 2.06635445e-01 1.37037784e-01 4.10378575e-02
    3.84555161e-01 4.10949528e-01 5.59944749e-01 7.87116349e-01
    9.91188288e-01 3.02214503e-01 7.71343589e-01 8.60478759e-01
    2.03479856e-01 3.89986992e-01 3.31860214e-01 4.23160136e-01
    4.70541000e-01 7.52666235e-01 6.53747082e-01 6.40184641e-01
    4.73966926e-01 7.08511829e-01 9.03684616e-01 6.36309981e-01
    9.09240842e-01 1.70091718e-01 2.52741426e-01 3.54003251e-01
    7.08015561e-01 4.66660887e-01 2.61114806e-01 4.39517885e-01
    2.15290874e-01 8.76641631e-01 7.51485229e-01 2.48351783e-01
    6.21423542e-01 2.51872480e-01 2.64365017e-01 2.47162998e-01
    1.53197020e-01 2.15736240e-01 3.77449095e-02 4.86885786e-01
    4.30379242e-01 2.42461562e-01 9.16702211e-01 4.96648967e-01
    9.19654071e-02 9.27580476e-01 7.76286840e-01 3.70124817e-01
    8.06871772e-01 6.70001626e-01 6.86586499e-01 4.71593469e-01
    4.86481607e-01 9.94563699e-01 9.59041715e-02 9.26937461e-02
    9.65490818e-01 7.81257629e-01 9.12652612e-02 1.06179446e-01
    8.10590863e-01 1.20257199e-01 2.08865553e-01 3.34415793e-01
    6.88533187e-02 6.68308616e-01 7.89482296e-01 8.89187574e-01
    8.37274790e-01 1.37068540e-01 6.27386093e-01 1.57338887e-01
    4.05938894e-01 1.28639877e-01 9.08325911e-01 4.81312335e-01
    9.63553667e-01 1.21177733e-01 9.64163840e-02 5.24893403e-01
    3.42584372e-01 8.29204082e-01 4.49269891e-01 3.92421961e-01
    8.79698753e-01 8.22893560e-01 1.38790131e-01 9.32046771e-03
    7.21674562e-01 4.72165853e-01 1.19583249e-01 4.85885233e-01
    6.05785728e-01 8.82254601e-01 2.43235946e-01 4.51261312e-01
    4.30588424e-01 2.67985165e-02 4.36204165e-01 7.84988403e-01
    2.78379679e-01 6.22615337e-01 6.57764792e-01 9.36479092e-01
    5.66269934e-01 1.93635017e-01 1.67486221e-01 1.23383552e-01
    4.13827419e-01 2.96132237e-01 1.29114062e-01 5.94205618e-01
    1.51405334e-02 9.12277758e-01 4.98340130e-01 6.86875641e-01
    2.88746357e-01 9.13043141e-01 8.66022468e-01 9.12685037e-01
    6.05204165e-01 9.58229542e-01 8.38202477e-01 8.38200331e-01
    8.71266186e-01 9.52247381e-01 5.62899590e-01 3.53827775e-01
    4.23154354e-01 5.03776550e-01 7.06420362e-01 4.17770237e-01
    6.85758948e-01 1.51214182e-01 9.63656425e-01 7.60882437e-01
    6.94068015e-01 8.09269071e-01 7.71662593e-01 9.26297843e-01
    1.64904058e-01 9.13157582e-01 5.68085432e-01 3.92639697e-01
    1.31128401e-01 2.24409103e-01 8.84559155e-02 2.61889279e-01
    6.63008094e-01 9.28619623e-01 3.52236778e-01 4.93395209e-01
    8.86349559e-01 3.59840274e-01 6.05208576e-01 9.85152721e-01
    5.31153083e-01 2.23044097e-01 8.00487995e-01 9.93862927e-01
    7.32105672e-01 9.25002098e-01 9.55657482e-01 4.08635557e-01
    5.35193980e-01 2.82925367e-01 8.16373229e-01 7.03701496e-01
    1.30856335e-01 4.83261377e-01 1.32280499e-01 7.22919405e-01
    9.70531106e-01 9.72541988e-01 6.31116033e-01 9.81421649e-01
    1.03738725e-01 3.17670226e-01 9.31483626e-01 7.69091606e-01
    6.88553154e-02 1.98584795e-02 2.35002637e-02 8.89869332e-02
    9.77704644e-01 1.67253107e-01 4.64447737e-02 5.84847808e-01
    3.56977254e-01 7.38100410e-01 4.80370760e-01 1.74356401e-02
    3.47923189e-01 7.43417740e-02 9.09103811e-01 1.07443511e-01
    8.95958900e-01 3.45752835e-02 5.88330984e-01 2.77488351e-01
    7.77531981e-01 3.58876467e-01 3.63989949e-01 6.54281080e-01
    7.96429276e-01 5.60335219e-02 5.65083325e-02 3.22394967e-02
    7.50014961e-01 1.19878024e-01 7.99152315e-01 8.63501430e-03
    8.73977661e-01 5.18021047e-01 3.10576260e-01 9.80212867e-01
    3.04134786e-02 9.62777257e-01 6.85807705e-01 2.15236604e-01
    7.32384801e-01 9.16658640e-01 4.12413478e-03 9.12311256e-01
    7.01546073e-01 5.72184026e-02 2.22748548e-01 8.65561485e-01
    2.97436833e-01 6.87086701e-01 8.92059326e-01 3.16970468e-01
    8.73526692e-01 1.67971462e-01 9.28392053e-01 7.27742136e-01
    7.75195360e-01 2.43506044e-01 8.84155750e-01 1.04915857e-01
    9.00613666e-01 1.55898422e-01 3.47433150e-01 9.49009180e-01
    4.73820180e-01 5.86922228e-01 2.87511289e-01 9.19064045e-01
    9.50355589e-01 2.86463797e-02 2.49957919e-01 3.09187233e-01
    4.43287551e-01 3.69099796e-01 5.72099686e-01 2.31207997e-01
    6.73397660e-01 4.53588843e-01 2.11321652e-01 4.39609617e-01
    1.11252993e-01 2.22540617e-01 8.61340463e-02 6.58542156e-01
    3.45766306e-01 8.89671862e-01 6.53591216e-01 1.31301701e-01
    5.40311396e-01 6.59177899e-01 1.13006234e-02 6.71961248e-01
    8.17256331e-01 1.09606802e-01 6.86366200e-01 4.15484846e-01
    9.34130311e-01 3.64115536e-01 9.46061194e-01 1.07798815e-01
    8.45102668e-01 3.73885930e-02 6.72443151e-01 1.22381985e-01
    9.71283793e-01 4.18248385e-01 3.81721973e-01 3.67696881e-02
    5.78986585e-01 1.15250915e-01 1.52631730e-01 7.12139189e-01
    7.83342600e-01 8.57994080e-01 4.59640682e-01 7.08287656e-01
    2.49831200e-01 4.08675045e-01 6.75716996e-01 8.84366930e-01
    9.10232306e-01 2.24393636e-01 7.39888191e-01 8.93358231e-01
    2.06546247e-01 3.71178001e-01 1.89202964e-01 1.17993295e-01
    5.59662759e-01 7.52829552e-01 9.63126421e-01 1.28783852e-01
    2.97509313e-01 1.20157421e-01 1.90325439e-01 7.08728015e-01
    9.92669344e-01 4.41854060e-01 4.36611474e-01 9.22798276e-01
    8.44223857e-01 9.92011666e-01 7.12697506e-01 6.04287982e-02
    1.54205382e-01 8.92339826e-01 7.23029971e-01 7.73859262e-01
    7.73265421e-01 4.82706934e-01 2.59959608e-01 1.68986887e-01
    5.03329754e-01 2.62377322e-01 7.25990832e-01 4.20853525e-01
    4.55707759e-01 4.12485123e-01 7.38254964e-01 9.38604116e-01
    2.26293504e-01 8.71533632e-01 8.79832745e-01 1.46390527e-01
    5.84810734e-01 6.84534073e-01 6.97363019e-01 6.45932794e-01
    6.55655205e-01 2.09454894e-02 7.39671230e-01 2.63248116e-01
    1.87846571e-01 2.08554715e-01 9.27412450e-01 9.21896517e-01
    5.79177558e-01 7.23176539e-01 6.30281031e-01 4.07701492e-01
    1.82607174e-01 4.05177236e-01 2.24599063e-01 1.49875879e-02
    7.70538747e-02 1.65982902e-01 1.27315819e-02 9.64270949e-01
    2.50094384e-01 1.99564695e-01 5.30770123e-01 1.72707826e-01
    6.66047812e-01 9.00714457e-01 3.73091906e-01 6.99407876e-01
    2.92893142e-01 1.41813040e-01 3.30994010e-01 6.80966258e-01
    6.10653281e-01 8.50336850e-02 2.11600870e-01 1.39093310e-01
    5.26089132e-01 8.57068956e-01 2.27685213e-01 1.51105374e-01
    6.66666985e-01 3.00311327e-01 4.60362911e-01 3.96868110e-01
    1.59260929e-01 9.09053743e-01 8.04883242e-02 7.89530098e-01
    3.22977841e-01 7.72433519e-01 9.23478007e-01 5.82361877e-01
    2.24660814e-01 6.15370929e-01 2.91923881e-02 8.14629495e-02
    5.59404910e-01 9.41047490e-01 9.69820023e-01 4.66794282e-01
    8.37269962e-01 5.51000893e-01 3.97111416e-01 6.38183117e-01
    6.86632395e-01 9.13530052e-01 2.40323663e-01 5.33893526e-01
    2.70238459e-01 5.16680717e-01 7.31725693e-02 4.17128146e-01
    1.71816617e-01 6.39606178e-01 8.21408570e-01 3.79337013e-01
    6.48152053e-01 6.03994012e-01 3.06869805e-01 4.51276124e-01
    8.10149789e-01 6.99639499e-01 5.46888530e-01 9.81295407e-02
    5.32240570e-02 3.06627601e-01 7.73737192e-01 9.41410363e-02
    2.68077791e-01 4.08886075e-01 3.73014212e-02 1.87071174e-01
    4.71818566e-01 9.32169437e-01 7.36842275e-01 6.23469353e-01
    1.79975361e-01 2.55740047e-01 9.07179475e-01 5.95939159e-01
    1.08472854e-01 3.04748654e-01 8.74328613e-02 3.85587603e-01
    7.11425781e-01 3.31884205e-01 1.54937029e-01 7.19181836e-01
    5.83309293e-01 1.91345364e-01 5.15685081e-02 8.62918317e-01
    3.96050960e-01 5.55100322e-01 8.89687896e-01 5.57177246e-01
    6.79565310e-01 7.00906754e-01 2.01014668e-01 5.13172388e-01
    4.01695788e-01 9.43087161e-01 6.17902160e-01 5.24366319e-01
    7.94373274e-01 7.16582060e-01 6.88114107e-01 4.16727364e-01
    1.74503624e-01 1.89238787e-01 8.58990610e-01 5.92960775e-01
    3.07492316e-01 9.71933842e-01 9.17616248e-01 4.09887165e-01
    3.45326424e-01 6.86622262e-01 9.91607308e-01 5.33794761e-02
    6.19297385e-01 9.61375117e-01 3.83651495e-01 3.27493250e-02
    4.72472519e-01 5.01538336e-01 9.68439937e-01 6.64768696e-01
    2.80419648e-01 9.04463053e-01 1.19061619e-01 8.38148057e-01
    9.01212931e-01 8.67971838e-01 5.51089883e-01 6.68082833e-02
    2.48536408e-01 7.60445714e-01 7.10171819e-01 6.15066528e-01
    8.29356790e-01 7.46316612e-01 4.08399671e-01 6.76465631e-01
    3.81187111e-01 1.33461863e-01 3.65677327e-01 6.97156787e-02
    4.11335289e-01 6.05237842e-01 2.16786116e-01 1.82979167e-01
    1.27625167e-01 2.54530132e-01 1.45829856e-01 3.37239504e-01
    4.43076819e-01 9.59329724e-01 8.26043248e-01 2.24207759e-01
    3.21132660e-01 3.28604966e-01 8.10182810e-01 8.36060047e-02
    7.69602895e-01 9.59791183e-01 2.49739736e-01 9.45671916e-01
    8.30958366e-01 9.07519758e-01 6.11362338e-01 8.18078816e-01
    4.50946689e-01 9.13025498e-01 8.85658324e-01 5.66519022e-01
    9.16457415e-01 7.47218728e-01 1.75722301e-01 2.21889079e-01
    7.00564861e-01 3.17422450e-01 7.61482179e-01 2.27646679e-01
    7.37536788e-01 8.20032001e-01 1.00177526e-01 7.80467510e-01
    7.93419898e-01 7.01851606e-01 1.63648307e-01 6.37937903e-01
    8.69299173e-01 9.66513157e-01 7.29273438e-01 5.17208040e-01
    3.23708177e-01 7.75402129e-01 1.88346922e-01 3.76501709e-01
    5.94498158e-01 4.99542683e-01 5.40373504e-01 4.16989863e-01
    3.02479088e-01 5.15342891e-01 5.20790756e-01 9.71861959e-01
    8.43973517e-01 8.80741656e-01 3.95555556e-01 4.81240839e-01
    4.93101716e-01 2.28552699e-01 7.42329895e-01 1.85576379e-01
    5.33787310e-01 3.16206634e-01 6.18541062e-01 8.70299339e-01
    4.57543671e-01 1.50525659e-01 9.86491680e-01 1.36785179e-01
    3.55247259e-01 8.44679952e-01 1.69403881e-01 5.56948721e-01
    6.32034779e-01 1.92312777e-01 7.89320529e-01 4.59346443e-01
    9.75159407e-02 6.96848691e-01 7.67318964e-01 8.57652485e-01
    8.96017849e-02 6.54132545e-01 1.64328277e-01 8.15543830e-01
    5.90218663e-01 6.83417559e-01 6.55225873e-01 3.77694905e-01
    2.41393536e-01 9.67971683e-02 7.67287374e-01 2.54448354e-01
    8.43939781e-02 9.91641641e-01 9.35095787e-01 1.38199270e-01
    9.11587596e-01 8.71646404e-01 9.16111350e-01 7.17878401e-01
    4.25491333e-01 6.80438757e-01 2.20648617e-01 7.05001950e-01
    3.59112322e-02 6.72438860e-01 8.39149952e-01 2.13054299e-01
    7.68592656e-02 5.01874506e-01 9.86635566e-01 5.57272553e-01
    3.58135939e-01 9.99152780e-01 8.17265868e-01 2.89286166e-01
    6.54221952e-01 5.83718121e-01 6.11462295e-02 5.08671701e-01
    1.68172121e-01 1.98605746e-01 1.02428555e-01 4.98889238e-01
    2.42029727e-02 2.06399530e-01 2.61366367e-01 4.76442814e-01
    6.90696180e-01 7.64105141e-01 6.02241397e-01 4.47206646e-01
    9.29413199e-01 5.37499905e-01 6.10716701e-01 1.57337070e-01
    7.46306598e-01 2.81563073e-01 6.72473431e-01 1.72767788e-01
    7.13027000e-01 4.25265819e-01 7.70160794e-01 6.89219773e-01
    7.23838329e-01 8.37703705e-01 1.79473758e-02 5.12945652e-02
    2.79055536e-01 5.93363822e-01 5.06813705e-01 3.81038487e-02
    5.73709726e-01 8.52187991e-01 3.05542648e-01 1.26769036e-01
    7.46700943e-01 3.14192832e-01 6.08349442e-01 5.49152195e-01
    5.18722713e-01 1.92254126e-01 5.81911266e-01 7.89494812e-02
    3.86658013e-01 8.32459450e-01 1.72036856e-01 2.76488602e-01
    8.37674141e-02 9.17065024e-01 7.22162127e-01 6.32046461e-02
    8.29172373e-01 1.81299061e-01 3.27535808e-01 1.38704211e-01
    4.24708039e-01 2.78038502e-01 8.29669297e-01 9.75725830e-01
    6.21290207e-01 9.77401018e-01 2.08052844e-01 8.27623487e-01
    8.67216289e-02 9.52025414e-01 1.49185270e-01 2.64954507e-01
    1.74015969e-01 1.11285239e-01 9.45714116e-03 8.15915704e-01
    7.34617352e-01 4.54310298e-01 8.58574450e-01 4.96758342e-01
    6.94206595e-01 5.29929101e-02 3.39484274e-01 6.66648149e-03
    6.31605148e-01 2.57212698e-01 5.57638109e-01 5.44502437e-01
    1.74483061e-02 2.38147646e-01 4.49486375e-02 5.22007644e-01
    6.16698265e-01 1.78753436e-02 7.89412618e-01 6.23877645e-01
    2.07179874e-01 9.34219360e-02 6.32683933e-02 6.25984669e-02
    6.22431099e-01 3.15550625e-01 9.30307746e-01 7.70662248e-01
    1.90035254e-01 9.65604365e-01 4.44651991e-01 5.60573637e-02
    1.20763868e-01 1.24068677e-01 2.51156151e-01 2.16334224e-01
    5.92286289e-01 6.96987510e-01 7.31577575e-02 6.38849378e-01
    6.45890951e-01 5.21046221e-02 8.41476917e-01 5.36014974e-01
    8.19118857e-01 7.17807889e-01 5.34556627e-01 2.79281795e-01
    3.93066376e-01 8.76978934e-01 7.58322895e-01 5.92829168e-01
    3.50032985e-01 5.56868672e-01 2.13158756e-01 2.16022015e-01
    6.61192358e-01 6.64456487e-02 8.64789367e-01 3.07074189e-01
    4.36771363e-01 4.78281945e-01 2.92068273e-01 1.71510547e-01
    9.14750457e-01 5.99890351e-01 8.82643461e-01 7.65067935e-01
    2.61881709e-01 8.52792561e-02 7.94539988e-01 6.57514036e-01
    9.71523762e-01 9.11893129e-01 5.37395000e-01 9.30117905e-01
    8.80114436e-01 5.08741081e-01 1.71181172e-01 7.40023255e-01
    8.81656408e-01 5.02151906e-01 4.27408665e-01 6.03961647e-02
    2.22988576e-01 8.21092129e-01 7.11779892e-01 6.23222589e-01
    8.31520975e-01 9.81040835e-01 5.96883178e-01 8.33337009e-02
    2.57007837e-01 2.20348507e-01 6.94905281e-01 1.18182898e-01
    5.60984969e-01 7.38706946e-01 7.92196572e-01 3.02890420e-01
    9.66455817e-01 7.70724535e-01 3.06724668e-01 7.54094899e-01
    9.73988771e-02 2.92173684e-01 5.07844090e-01 4.55810338e-01
    4.42623556e-01 1.15985572e-02 6.30195677e-01 5.70651829e-01
    3.98692250e-01 2.78244019e-02 7.85603881e-01 8.30272853e-01
    7.46090889e-01 3.94166917e-01 3.19726527e-01 9.45822001e-02
    4.45022315e-01 3.67083937e-01 4.80306536e-01 4.40680087e-01
    1.41965896e-01 4.56573457e-01 7.80530691e-01 3.22399527e-01
    6.78014755e-01 6.09423995e-01 5.53937852e-02 7.24072814e-01
    5.99829614e-01 5.97587824e-01 5.65130174e-01 4.95954037e-01
    1.08439684e-01 5.97992301e-01 9.71192122e-01 9.42554593e-01
    2.10784942e-01 5.96444845e-01 2.15160251e-02 8.47170591e-01
    5.70390821e-01 4.10186589e-01 9.74630296e-01 8.40220571e-01
    6.88343585e-01 4.83966470e-01 1.07505560e-01 5.15014291e-01
    7.71403432e-01 3.63399476e-01 8.83841038e-01 2.88912863e-01
    6.65382147e-01 8.80933881e-01 2.16013193e-02 5.14069498e-02
    2.93176502e-01 8.09809089e-01 5.99066675e-01 2.18033254e-01
    1.81098938e-01 9.75267172e-01 4.00268435e-01 6.02723062e-01
    4.14746433e-01 2.76430070e-01 4.71206903e-01 3.07971239e-01
    7.52778649e-01 7.53615260e-01 5.94533563e-01 2.11124241e-01
    8.70696068e-01 5.76696873e-01 4.82644290e-01 5.02077937e-01
    5.15779555e-01 5.77478886e-01 5.63549936e-01 5.47628582e-01
    4.68344212e-01 5.38408756e-01 2.51125753e-01 7.05659032e-01
    6.03382528e-01 6.95423603e-01 3.60911041e-01 7.02511430e-01
    7.34551609e-01 7.53541350e-01 7.31068492e-01 9.95475054e-01
    8.18672776e-01 5.99923670e-01 3.80344689e-01 1.09153777e-01
    2.18005478e-01 9.89664793e-01 9.72077489e-01 6.42213345e-01
    8.43997955e-01 5.66975713e-01 8.32037032e-02 3.82603765e-01
    2.33384967e-02 5.90947390e-01 7.72128701e-01 4.43671852e-01
    5.24254382e-01 5.02161503e-01 2.47389436e-01 3.99120212e-01
    5.48291147e-01 9.58910704e-01 8.34624767e-02 4.08523262e-01
    8.98159504e-01 7.89102614e-02 2.22835690e-01 9.14004087e-01
    3.25310826e-01 3.57252359e-02 6.21998370e-01 4.31835383e-01
    5.14887691e-01 9.30033326e-01 9.34139967e-01 9.13185358e-01
    9.73157406e-01 5.20073771e-01 5.18761337e-01 7.97778010e-01
    8.86548638e-01 3.57439399e-01 4.40758109e-01 3.49699736e-01
    5.13725877e-02 2.58749038e-01 4.69224840e-01 2.25304753e-01
    2.34034657e-01 8.74629021e-02 4.43028718e-01 8.40011597e-01
    1.88956738e-01 8.07362437e-01 2.30639696e-01 8.30389559e-02
    1.62854671e-01 8.14346671e-01 4.73644733e-02 7.26022840e-01
    6.62079036e-01 2.32635468e-01 7.13888049e-01 4.95475233e-02
    4.98277664e-01 2.10188478e-01 8.97532940e-01 5.51041126e-01
    9.52160358e-03 8.17149401e-01 4.46950823e-01 8.72208118e-01
    6.51816010e-01 2.72368252e-01 7.78470159e-01 4.14484292e-01
    1.78721577e-01 9.86116171e-01 4.01583076e-01 7.28479445e-01
    4.40598965e-01 6.05579674e-01 5.03910363e-01 2.72613525e-01
    9.24491286e-01 9.29196358e-01 4.56394285e-01 4.26425695e-01
    2.11822987e-03 6.91474438e-01 8.26610088e-01 2.63065130e-01
    4.44319844e-03 3.14217925e-01 3.11289072e-01 1.92531884e-01
    2.81802893e-01 5.84693789e-01 8.06261778e-01 6.12964869e-01
    5.52458882e-01 3.25861812e-01 6.96181953e-01 7.64790893e-01
    9.09688294e-01 3.65319520e-01 6.32188499e-01 8.25963676e-01
    3.83958429e-01 8.51695538e-01 9.22778964e-01 3.88126045e-01
    9.44397688e-01 9.07113969e-01 6.33748293e-01 9.26378429e-01
    8.54313910e-01 6.38077736e-01 3.30119550e-01 3.37764502e-01
    6.44787550e-01 3.06312025e-01 1.00065172e-01 6.37123764e-01
    4.99531329e-01 9.28437531e-01 2.11441696e-01 5.46197653e-01
    8.44193339e-01 9.70197082e-01 2.53848433e-02 5.11153817e-01
    4.45920616e-01 3.96538496e-01 5.24396122e-01 5.30938864e-01
    9.12271380e-01 8.01602900e-02 4.64115977e-01 4.86010522e-01
    4.04188275e-01 5.00813901e-01 6.34599447e-01 9.96852696e-01
    7.09556401e-01 1.41342044e-01 4.01335955e-02 8.51988375e-01
    8.59249651e-01 5.40806413e-01 8.97225142e-02 5.07346928e-01
    1.66160464e-01 5.60663640e-01 4.92617160e-01 7.95342088e-01
    9.80362177e-01 6.94380879e-01 3.04889947e-01 6.34788632e-01
    9.77569580e-01 4.47986782e-01 4.96937603e-01 6.05930567e-01
    4.78184730e-01 5.50503790e-01 1.42610192e-01 8.06690812e-01
    4.12528932e-01 4.62603509e-01 7.45600462e-02 9.62344766e-01
    7.42253721e-01 3.07922125e-01 9.90460992e-01 6.22300029e-01
    9.45977330e-01 9.47694659e-01 9.19405282e-01 4.27798986e-01
    6.62536800e-01 8.24799299e-01 8.36410224e-02 2.51026511e-01
    2.13705987e-01 5.74980080e-01 2.90353179e-01 4.34382498e-01
    9.78512704e-01 2.26156801e-01 1.80325627e-01 6.46494269e-01
    4.41642463e-01 1.01286232e-01 6.28987551e-01 3.50247622e-01
    5.20243168e-01 1.57126099e-01 9.28352237e-01 4.32270467e-02
    7.65148044e-01 4.67215061e-01 3.63792300e-01 6.11090541e-01
    9.06672001e-01 4.70456690e-01 1.65340275e-01 6.58245921e-01
    7.97612786e-01 2.65163273e-01 2.20898062e-01 8.32581282e-01
    5.99704266e-01 8.09873223e-01 1.07275993e-01 2.70037293e-01
    5.56017041e-01 9.32537735e-01 4.05515581e-01 5.11692822e-01
    2.11748183e-01 7.21153259e-01 4.18257356e-01 9.79754388e-01
    5.59437454e-01 4.44766879e-03 9.89623129e-01 8.07883441e-02
    2.47822374e-01 3.48047912e-01 8.66721034e-01 7.80195475e-01
    1.89129114e-01 4.61658835e-03 6.97899163e-02 7.55353928e-01
    8.78596783e-01 2.15965152e-01 3.02653134e-01 4.46702480e-01
    9.12620127e-02 1.96436554e-01 1.82576269e-01 1.78525090e-01
    3.48427594e-01 4.34161693e-01 2.96370953e-01 7.15873718e-01
    8.19856524e-01 1.01870775e-01 1.04234040e-01 4.55699742e-01
    1.67315006e-01 7.98468351e-01 5.19110560e-01 2.37477273e-01
    9.00729299e-01 9.75197554e-01 8.35608125e-01 3.92256916e-01
    4.85440165e-01 4.57493842e-01 8.69082093e-01 5.64011753e-01
    9.12289023e-01 1.60371482e-01 5.12050688e-01 5.93576789e-01
    8.15634370e-01 9.69669223e-01 6.33405209e-01 6.76663101e-01
    4.90672648e-01 4.99657989e-01 9.76589441e-01 1.50451779e-01
    7.96778917e-01 7.80605555e-01 7.07377017e-01 5.33943474e-01
    4.87319291e-01 2.88896352e-01 1.18251711e-01 3.59647483e-01
    4.40090597e-02 9.42903101e-01 4.52928692e-01 3.36510360e-01
    7.58374095e-01 1.90695167e-01 9.50681210e-01 2.01579869e-01
    6.31509721e-02 6.88525677e-01 3.11675131e-01 8.99194062e-01
    2.74055481e-01 9.70798492e-01 2.60862827e-01 8.95494223e-02
    1.30493492e-01 8.95971775e-01 8.70039344e-01 7.07332551e-01
    1.46287411e-01 6.06700957e-01 6.45656049e-01 5.11918187e-01
    3.64444971e-01 4.45630372e-01 7.53869236e-01 9.51778054e-01
    5.05394042e-01 1.41891927e-01 6.66191578e-01 1.84858531e-01
    5.80290854e-01 3.17102909e-01 9.59410310e-01 9.80605900e-01
    9.73737419e-01 7.87783861e-01 8.31266761e-01 4.37880933e-01
    6.35329187e-02 8.64371657e-02 3.96577150e-01 8.70754004e-01
    4.01617259e-01 9.49166179e-01 4.46634829e-01 3.83732319e-01
    4.07062083e-01 7.02020228e-01 7.17681646e-01 8.44275236e-01
    7.70338535e-01 9.69024837e-01 3.98413241e-01 2.25208640e-01
    7.79892683e-01 7.07539618e-01 6.94100618e-01 5.33240080e-01
    6.43660188e-01 1.43456280e-01 5.29057503e-01 1.69330448e-01
    4.41824764e-01 8.79131317e-01 6.12960339e-01 3.77846032e-01
    9.56514478e-02 9.53759074e-01 7.81239629e-01 4.28995013e-01
    2.12068617e-01 8.86389017e-01 3.70256782e-01 7.77256310e-01
    3.36047411e-02 9.01920080e-01 7.31005132e-01 1.80882931e-01
    5.15700996e-01 1.41814053e-02 4.69218999e-01 2.98229694e-01
    4.60149646e-01 4.34665650e-01 8.42797458e-01 7.46430278e-01
    8.75981092e-01 4.59051371e-01 4.14502829e-01 9.34017897e-01
    2.87345201e-01 8.79783630e-01 3.71036202e-01 1.82846814e-01
    6.52073503e-01 1.98774487e-01 2.37839520e-01 5.29739141e-01
    2.65592694e-01 7.38931060e-01 8.01246762e-01 9.61592019e-01
    3.22017670e-01 2.40602255e-01 1.14491671e-01 7.70534396e-01
    2.23702878e-01 8.98488283e-01 2.02819735e-01 5.67242205e-01
    3.82114679e-01 1.95463866e-01 9.78871524e-01 2.43258864e-01
    9.30758655e-01 9.84210491e-01 3.10524046e-01 4.70436633e-01
    8.75833631e-01 8.26705396e-01 1.79817706e-01 5.11578619e-02
    4.32235092e-01 6.57905936e-02 6.46551967e-01 7.65913785e-01
    2.78871387e-01 9.77688670e-01 4.23225969e-01 1.80817336e-01
    8.79390955e-01 4.10946369e-01 1.30715340e-01 3.99643660e-01
    5.09622455e-01 9.50382352e-01 2.89422631e-01 1.59401983e-01
    7.92965055e-01 8.09129238e-01 5.36747038e-01 2.66289353e-01
    9.67889905e-01 8.72462392e-01 2.60072023e-01 6.51036859e-01
    2.86140501e-01 9.55233753e-01 9.62431490e-01 8.29197645e-01
    2.82066286e-01 4.00711328e-01 7.27596879e-01 6.65823638e-01
    3.43929172e-01 8.54407847e-01 2.61482000e-02 2.00951099e-02
    8.81618083e-01 8.04675937e-01 1.52114838e-01 9.08157587e-01
    9.96442497e-01 5.03211379e-01 1.38947874e-01 1.06325448e-01
    2.44062930e-01 6.29818738e-02 6.39830172e-01 9.55369771e-02
    8.63501012e-01 7.81239152e-01 9.05052900e-01 9.11673009e-02
    6.80472493e-01 4.65486616e-01 4.12565470e-01 8.81289959e-01
    3.00951362e-01 8.75907898e-01 1.78629160e-03 4.29939359e-01
    3.57221425e-01 8.39725673e-01 4.06626463e-01 3.10662210e-01
    4.95929360e-01 1.09623760e-01 7.26866543e-01 6.64268672e-01
    7.35350966e-01 9.85935688e-01 6.47092700e-01 3.58413428e-01
    6.58423305e-01 1.00148648e-01 8.17701519e-02 6.93359613e-01
    6.35392070e-02 3.05757046e-01 8.52430761e-02 8.72647226e-01
    7.13682413e-01 7.74991512e-03 9.52871680e-01 9.27969038e-01
    5.13926446e-02 8.96315455e-01 4.55289483e-01 2.16185987e-01
    5.73395789e-01 4.36614335e-01 8.73493671e-01 6.53927684e-01
    8.85775983e-02 5.86562693e-01 3.02884758e-01 4.83500540e-01
    2.05698967e-01 4.82453138e-01 9.21774387e-01 8.35399985e-01
    8.51984501e-01 1.14154756e-01 1.39724582e-01 7.22938716e-01
    8.36361766e-01 5.60665727e-01 5.67102194e-01 7.14053631e-01
    3.98839295e-01 9.49105144e-01 5.66684067e-01 7.16597557e-01
    6.07691407e-01 7.57131577e-02 6.61055088e-01 2.52524018e-02
    5.47278285e-01 1.99259937e-01 3.30237776e-01 4.91595447e-01
    9.10428166e-03 8.50505352e-01 1.41717583e-01 4.85116512e-01
    7.79473007e-01 5.12444377e-01 3.23239386e-01 3.88674438e-01
    2.12246180e-01 4.62483734e-01 4.97856200e-01 1.88244700e-01
    7.68339396e-01 6.05069160e-01 5.42401075e-02 8.99099350e-01
    3.34523588e-01 7.95277655e-02 4.41094279e-01 3.59565854e-01
    1.71225518e-01 1.15620375e-01 4.14802551e-01 4.10682023e-01
    8.83946121e-01 1.67818129e-01 5.21814287e-01 5.66570103e-01
    8.81550908e-01 1.65345401e-01 2.59402037e-01 3.29206288e-02
    6.65830493e-01 7.82802939e-01 5.11195898e-01 4.43749964e-01
    5.75834751e-01 9.80270505e-01 4.83386099e-01 9.15946364e-01
    3.00593376e-02 6.33751452e-01 6.82803512e-01 4.77402687e-01
    8.03626895e-01 4.33553666e-01 4.94898856e-01 9.31623936e-01
    8.33994210e-01 2.80773461e-01 3.38171244e-01 6.15950584e-01
    6.52750432e-02 3.49249423e-01 3.04953814e-01 1.17069483e-03
    8.82726431e-01 9.10489798e-01 8.45973849e-01 2.34584272e-01
    3.57583165e-02 8.02693665e-01 8.56644988e-01 3.14075351e-01
    5.96063077e-01 4.58807409e-01 5.72800398e-01 6.78324342e-01
    2.48886138e-01 5.10028720e-01 9.04934287e-01 8.50021362e-01
    9.42618787e-01 6.76322877e-01 3.11297238e-01 9.81027007e-01
    1.58193827e-01 2.70034879e-01 9.35349762e-02 4.33825344e-01
    8.43320251e-01 9.48358178e-01 7.95614600e-01 7.17808843e-01
    7.18377292e-01 2.60130405e-01 8.49653244e-01 6.24545693e-01
    4.17382300e-01 8.56126189e-01 1.47529006e-01 2.44641870e-01
    6.66682720e-01 3.39427888e-02 6.62969291e-01 6.69492662e-01
    3.68699014e-01 6.84350431e-01 6.98012710e-02 4.31167841e-01
    2.60037035e-01 9.16381478e-02 8.59005749e-01 6.63857937e-01
    2.83888251e-01 3.58755827e-01 6.41327381e-01 6.37052715e-01
    3.33682299e-02 8.84275734e-02 2.18005419e-01 3.89518410e-01
    9.49582696e-01 9.74248648e-02 2.24191606e-01 7.26948261e-01
    5.41264474e-01 2.61837900e-01 9.38500822e-01 8.15643430e-01
    5.16143799e-01 4.47735459e-01 3.54920268e-01 7.56422222e-01
    7.04352558e-01 5.67578733e-01 7.85533071e-01 2.89830476e-01
    2.97759205e-01 9.36188638e-01 9.08707857e-01 9.80266333e-01
    1.38049185e-01 7.90916860e-01 4.60769802e-01 5.84055483e-02
    2.66165257e-01 6.86998665e-01 6.65342867e-01 9.72157240e-01
    9.50257778e-01 1.23107910e-01 6.99101508e-01 6.32162750e-01
    6.18255734e-02 3.91656637e-01 4.29065824e-02 5.65022230e-02
    7.60464311e-01 2.93513417e-01 9.01433110e-01 6.25842571e-01
    2.22512692e-01 6.84067607e-03 8.31238329e-02 4.12837893e-01
    6.74864411e-01 1.16684943e-01 9.16573763e-01 4.23921257e-01
    6.46130800e-01 9.33523774e-01 9.28690553e-01 1.13056302e-01
    1.63419724e-01 4.90214825e-02 1.19858682e-01 8.62423718e-01
    7.78584182e-02 6.42778635e-01 9.58861589e-01 3.02013963e-01
    5.22341073e-01 3.27321887e-02 9.06394780e-01 2.09402293e-01
    4.14070249e-01 4.85571742e-01 7.65117109e-01 8.70268047e-02
    7.50637710e-01 2.99771011e-01 8.81641269e-01 4.26500559e-01
    6.78870201e-01 7.02243924e-01 1.24904633e-01 5.66861868e-01
    3.39269996e-01 1.22858316e-01 4.74135518e-01 9.82125401e-01
    4.53630328e-01 7.85862446e-01 2.94965327e-01 9.72707152e-01
    8.17492127e-01 9.62116838e-01 8.34612370e-01 2.20111370e-01
    7.03750670e-01 6.73330605e-01 1.15307987e-01 5.06234944e-01
    8.73390198e-01 3.97365332e-01 6.57117069e-01 8.13186288e-01
    7.29218841e-01 5.00474095e-01 9.29248154e-01 3.68686259e-01
    5.22814453e-01 6.97825730e-01 4.04868335e-01 3.89679193e-01
    7.43023038e-01 5.28663337e-01 6.73545778e-01 7.69835651e-01
    9.42062736e-01 9.97335315e-01 4.99722928e-01 8.07556987e-01
    6.82986140e-01 9.22425091e-02 4.04791445e-01 4.82208937e-01
    6.77959204e-01 4.85764951e-01 8.60866904e-02 1.30416304e-01
    3.05416107e-01 9.39542949e-02 9.71947610e-02 9.41464722e-01
    8.78169060e-01 9.73539948e-01 6.70290589e-02 9.70020592e-01
    2.95147240e-01 4.48636711e-01 3.56338441e-01 8.38555932e-01
    4.88748670e-01 8.24272633e-01 8.06425214e-01 3.21192563e-01
    6.76284432e-01 2.15465903e-01 2.89737582e-01 9.43463922e-01
    3.74056220e-01 5.57242215e-01 7.33847260e-01 9.99232531e-01
    6.52730644e-01 8.92416120e-01 9.03227627e-01 1.84439361e-01
    7.70486593e-01 7.10345984e-01 3.68108928e-01 7.08682418e-01
    1.99508339e-01 5.62815189e-01 2.58181870e-01 3.35033715e-01
    6.75970376e-01 4.15288776e-01 5.17693758e-01 6.87528551e-01
    2.35863388e-01 4.55070078e-01 8.96920145e-01 5.85808992e-01
    8.15116405e-01 9.68145847e-01 7.96080410e-01 1.00247294e-01
    6.38751864e-01 3.17890346e-01 4.61758852e-01 9.60832357e-01
    9.92300153e-01 1.78587943e-01 1.73837692e-01 7.12957621e-01
    2.12787062e-01 2.72532344e-01 4.95068431e-01 5.76336741e-01
    1.18133277e-01 3.45155537e-01 7.02630043e-01 5.44004261e-01
    5.53943336e-01 6.78975046e-01 6.36843681e-01 6.24404132e-01
    6.07471347e-01 4.95665789e-01 3.36870342e-01 6.62916422e-01
    1.55944973e-01 1.92249060e-01 4.27963167e-01 6.53505206e-01
    1.44675016e-01 7.72257209e-01 6.04958534e-01 3.52475941e-01
    8.43872666e-01 6.09061718e-01 9.10519063e-01 7.87902236e-01
    2.09929854e-01 2.75348365e-01 1.33346617e-01 9.42800701e-01
    5.78855872e-01 7.84174442e-01 6.36765420e-01 1.99809432e-01
    2.69562632e-01 2.06993818e-01 5.48106730e-01 4.10959840e-01
    2.52710402e-01 1.00865126e-01 4.80752289e-01 3.81455123e-01
    6.00897908e-01 4.22932684e-01 7.78028727e-01 3.11581612e-01
    1.62019759e-01 2.86113560e-01 9.60596263e-01 5.44563293e-01
    9.11381960e-01 9.67337906e-01 6.98301911e-01 1.36373103e-01
    9.55355346e-01 1.11691535e-01 8.18625093e-02 9.44488943e-01
    6.01144135e-01 7.94748664e-01 7.81816900e-01 3.26893687e-01
    2.14841932e-01 9.28621888e-01 5.04988670e-01 9.77701008e-01
    2.27831036e-01 1.54097408e-01 7.90153742e-01 2.35864967e-01
    8.72521043e-01 1.06660098e-01 4.19878066e-02 6.79708958e-01
    1.10983849e-01 8.79001200e-01 8.31730485e-01 7.71173716e-01
    7.94661283e-01 7.44501948e-01 4.95801866e-01 5.71527898e-01
    5.06263196e-01 4.99519557e-01 7.99200833e-02 8.20170045e-01
    9.72135544e-01 5.81055880e-03 7.89865673e-01 9.93975937e-01
    4.52698171e-01 5.00616968e-01 5.05319357e-01 5.48222542e-01
    4.32639182e-01 4.64192033e-03 8.37945342e-02 3.43992949e-01
    4.69580382e-01 7.26500154e-01 5.89918017e-01 5.26207089e-01
    6.70534253e-01 1.37343705e-02 9.82603729e-02 9.38935459e-01
    1.92432791e-01 2.92032957e-03 3.93748760e-01 4.34904933e-01
    8.20830286e-01 9.63702798e-03 1.40490830e-01 5.86765230e-01
    5.01585722e-01 4.41362798e-01 8.96772385e-01 6.97904468e-01
    4.57982242e-01 4.05782670e-01 6.60209954e-01 8.00780535e-01
    4.22705263e-01 7.82203794e-01 9.54633474e-01 8.74423921e-01
    2.55757213e-01 4.66869295e-01 4.54188615e-01 8.11236024e-01
    6.30740285e-01 3.16970110e-01 5.28167605e-01 4.77652937e-01
    1.01325274e-01 7.23361373e-01 1.15037650e-01 3.30447078e-01
    6.32499993e-01 1.66705430e-01 1.08937621e-01 4.36155200e-01
    3.18656564e-02 5.05882084e-01 4.58271086e-01 1.42856300e-01
    6.84480131e-01 5.46352208e-01 6.15797043e-01 7.70537436e-01
    9.15724993e-01 3.71895552e-01 6.37004673e-01 5.04110157e-02
    4.14966106e-01 7.83024430e-02 2.89160490e-01 3.46422106e-01
    8.66349697e-01 2.34637231e-01 6.89136028e-01 1.08242780e-01
    3.22945416e-02 2.83675700e-01 3.02483916e-01 7.74510980e-01
    2.90488839e-01 6.59963131e-01 2.03633904e-02 3.30253363e-01
    9.16068912e-01 8.07963848e-01 2.99456418e-01 7.95556903e-02
    1.06519938e-01 2.10318774e-01 4.80602473e-01 6.77602053e-01
    9.51706290e-01 7.99581826e-01 2.40359604e-01 7.58805513e-01
    1.98964328e-01 6.28042400e-01 4.73175883e-01 3.04600984e-01
    5.15931129e-01 2.25772172e-01 1.48885190e-01 7.51229763e-01
    9.10945237e-02 6.90836310e-01 2.39827931e-01 9.26206589e-01
    8.99750233e-01 3.91044170e-01 8.33556890e-01 9.55124736e-01
    7.40911663e-01 5.60613275e-01 7.01967835e-01 3.46955776e-01
    8.34327161e-01 7.13352680e-01 2.17246175e-01 6.69013619e-01
    8.76130641e-01 7.17691123e-01 1.96599007e-01 2.12743670e-01
    2.11899400e-01 8.45982969e-01 6.23073518e-01 6.39070570e-01
    3.12392652e-01 3.07839751e-01 4.44787443e-01 2.51911283e-01
    8.90234590e-01 5.37513793e-01 1.44218355e-01 5.13198972e-01
    8.05944204e-02 2.34686702e-01 6.49941444e-01 1.73803359e-01
    8.22121859e-01 7.72672057e-01 1.09933674e-01 7.21413910e-01
    3.34740579e-02 2.76708364e-01 7.14157820e-01 6.29895806e-01
    4.90117431e-01 1.67464554e-01 4.07150298e-01 7.04053581e-01
    6.04431272e-01 1.84118718e-01 3.49133909e-02 2.54185408e-01
    3.97332996e-01 3.66240203e-01 1.29519969e-01 9.42858458e-01
    3.87900978e-01 2.51114935e-01 5.26555836e-01 1.97775811e-01
    6.46996558e-01 6.28598630e-01 9.51528847e-01 5.67050576e-02
    7.87028968e-01 2.39091247e-01 5.00705242e-02 9.98730659e-02
    9.93774652e-01 8.65227699e-01 4.61310565e-01 8.28681707e-01
    3.83341312e-02 1.11937582e-01 7.29870677e-01 1.72793597e-01
    6.78140759e-01 5.19931614e-02 1.24008447e-01 6.78157449e-01
    4.24924284e-01 9.29608226e-01 9.83505189e-01 7.04675257e-01
    7.14080274e-01 4.86214727e-01 3.67159605e-01 2.80050874e-01
    7.74789095e-01 1.64205492e-01 1.69811994e-01 4.90546644e-01
    2.09199429e-01 1.54354870e-02 1.14265770e-01 1.89930111e-01
    6.76391900e-01 8.23428154e-01 9.26568031e-01 4.30056095e-01
    4.89816695e-01 5.01123011e-01 7.98324943e-01 9.84798014e-01
    4.91809428e-01 6.06236756e-01 8.44549954e-01 5.70061743e-01
    5.00422657e-01 7.90332675e-01 7.64686704e-01 9.77530956e-01
    6.99302733e-01 6.18007421e-01 8.90109658e-01 2.16010213e-01
    8.08003187e-01 7.08100080e-01 3.14918041e-01 6.36118412e-01
    4.77380425e-01 3.69416922e-01 6.24656916e-01 1.35305315e-01
    1.04876399e-01 5.62780797e-01 8.46779585e-01 8.98870587e-01
    4.06868935e-01 1.38490289e-01 2.70706445e-01 8.69864702e-01
    7.35575318e-01 5.64074636e-01 3.66786718e-01 4.28397298e-01
    6.78823113e-01 8.25618327e-01 1.71403855e-01 9.47376370e-01
    9.90722835e-01 5.50386190e-01 6.63458407e-01 5.30120909e-01
    6.50032163e-01 7.67955780e-01 9.76107180e-01 3.45010579e-01
    4.19242173e-01 5.46924591e-01 1.89007819e-02 7.89467037e-01
    2.07020611e-01 6.83142185e-01 7.71311879e-01 6.60785496e-01
    5.71212828e-01 6.43367052e-01 2.80697882e-01 7.33306527e-01
    3.94904912e-01 6.64156556e-01 3.02435875e-01 8.17465067e-01
    1.41750962e-01 2.32321173e-01 9.20105457e-01 5.64277411e-01
    5.06818652e-01 2.56279051e-01 1.92699343e-01 5.11217654e-01
    2.77611822e-01 7.05953956e-01 9.93757725e-01 6.81573868e-01
    6.64944351e-02 9.14615393e-01 3.91334295e-03 5.87142110e-01
    2.14936256e-01 5.00372827e-01 3.88979763e-01 7.15619624e-02
    4.54004377e-01 8.07068527e-01 9.41249132e-01 7.04834580e-01
    2.81587303e-01 1.24665797e-02 2.52974272e-01 6.19362235e-01
    3.03143561e-02 3.92221421e-01 6.47448361e-01 6.64802849e-01
    3.31986725e-01 4.72121179e-01 3.75757098e-01 9.08237159e-01
    9.50977981e-01 9.33163106e-01 9.04086828e-01 2.15735734e-02
    3.60172927e-01 1.64744079e-01 3.07254761e-01 7.57374883e-01
    6.45783484e-01 2.47423053e-01 7.32684076e-01 4.74565625e-01
    1.63711309e-02 3.01298410e-01 3.22752595e-01 8.71029258e-01
    2.50947595e-01 3.58918607e-01 7.57313430e-01 9.57581639e-01
    7.32370615e-01 6.47311509e-01 1.89485520e-01 6.10680878e-01
    3.11436951e-01 2.74466336e-01 5.97449601e-01 4.78998035e-01
    9.92247462e-01 7.94932961e-01 3.87563586e-01 6.31274223e-01
    4.67557669e-01 5.27883649e-01 6.25686049e-02 2.96769261e-01
    6.42609119e-01 8.02926183e-01 6.27976000e-01 8.01621079e-01
    3.24652851e-01 9.77581859e-01 3.33559096e-01 9.27546501e-01
    6.64421916e-01 8.27821016e-01 6.10275090e-01 3.87246192e-01
    8.95197868e-01 9.15979624e-01 3.21761966e-01 6.35952055e-01
    2.67142534e-01 3.42142045e-01 6.46559358e-01 9.45749879e-03
    8.81175637e-01 7.89074659e-01 7.87145972e-01 4.82355922e-01
    7.94663310e-01 6.66994154e-02 1.13799751e-01 5.83143830e-01
    1.36453509e-01 2.26845264e-01 8.09452653e-01 4.62034523e-01
    9.42920208e-01 9.79482532e-01 7.70755410e-02 7.40278482e-01
    5.23397326e-01 2.33711779e-01 2.81455606e-01 4.40151662e-01
    7.91864991e-02 3.34863901e-01 2.28596509e-01 9.42595482e-01
    1.65319383e-01 8.45353842e-01 1.40440315e-01 9.46309566e-01
    9.94569659e-01 3.62869442e-01 3.14930081e-02 4.25023735e-02
    5.93598187e-02 9.85789657e-01 5.99664211e-01 6.28470361e-01
    3.30952168e-01 9.19376016e-02 8.33889961e-01 6.46355987e-01
    8.12922478e-01 1.23367012e-01 6.01217270e-01 9.90147233e-01
    5.45122147e-01 6.62558377e-01 8.73059511e-01 7.47757733e-01
    4.23152149e-02 5.79171717e-01 7.55023003e-01 9.72608924e-01
    8.72180462e-01 1.23440921e-01 1.73363477e-01 3.19357812e-01
    3.47558588e-01 9.18289065e-01 3.70258838e-01 3.20278823e-01
    9.84002650e-01 8.04538965e-01 3.76317829e-01 2.40529001e-01
    9.82443035e-01 6.25117898e-01 9.48170125e-01 5.44436991e-01
    4.68006790e-01 9.06169474e-01 5.03026724e-01 6.36109173e-01
    3.73206913e-01 9.53667641e-01 1.23923123e-02 7.82590568e-01
    3.28608274e-01 9.05904770e-02 4.39899474e-01 9.14095938e-01
    2.77418792e-01 7.41420925e-01 9.86687005e-01 5.94449639e-01
    7.52786994e-01 3.00433755e-01 5.49102366e-01 3.13896000e-01
    1.93924934e-01 7.28887856e-01 8.57404590e-01 8.38653266e-01
    4.30092514e-02 5.00823557e-02 4.24043894e-01 1.21703744e-02
    1.60499841e-01 8.26869845e-01 6.86810017e-01 4.46497947e-01
    9.88373101e-01 4.29331064e-02 2.14370370e-01 9.06319320e-02
    9.02436316e-01 2.63970226e-01 1.40413344e-01 8.17391276e-03
    7.94119477e-01 6.11915290e-01 9.80978251e-01 8.81902337e-01
    1.72203839e-01 5.94735026e-01 5.52105248e-01 8.44628453e-01
    6.15313411e-01 4.47995335e-01 4.04419065e-01 7.94031262e-01
    9.95053053e-01 9.84643281e-01 2.64149189e-01 6.82988882e-01
    5.04216313e-01 2.87534595e-02 4.27003294e-01 1.85716718e-01
    5.77963829e-01 8.78618181e-01 8.41277838e-01 8.57062459e-01
    3.33743989e-01 9.43850875e-01 9.01792288e-01 4.87956703e-02
    2.68313766e-01 3.59761953e-01 2.90905237e-01 9.06271935e-01
    7.49574244e-01 7.81310558e-01 1.79056317e-01 9.51889396e-01
    8.11850369e-01 2.36702561e-02 4.19367075e-01 2.41600275e-01
    4.58809137e-02 7.37254918e-01 2.34693140e-01 2.09749520e-01
    2.46005535e-01 7.09987044e-01 7.80400991e-01 4.77572560e-01
    2.99209476e-01 5.09224534e-02 8.43509197e-01 1.47675693e-01
    6.16508007e-01 4.81523991e-01 8.63906503e-01 3.67856383e-01
    2.08925068e-01 3.22883189e-01 1.31852299e-01 2.89464116e-01
    7.89564133e-01 8.81785154e-01 5.84892154e-01 7.48509526e-01
    5.02152443e-01 5.55685639e-01 8.96635413e-01 5.37336588e-01
    1.39988571e-01 5.94671607e-01 8.28922689e-01 7.81628609e-01
    6.57798052e-01 4.68231142e-01 6.04202449e-02 3.25263947e-01
    2.83651978e-01 4.94714558e-01 6.77566707e-01 1.07366771e-01
    1.82867408e-01 1.85499072e-01 7.86392331e-01 4.56418216e-01
    9.43486094e-02 5.77773511e-01 8.83196414e-01 5.60241103e-01
    8.24150085e-01 5.58347642e-01 1.04189813e-02 3.35971355e-01
    1.13753349e-01 2.66159892e-01 4.25272822e-01 5.81823528e-01
    9.80479836e-01 4.69507515e-01 7.97387481e-01 3.43340844e-01
    8.66817534e-02 3.52164686e-01 1.97411299e-01 1.58867508e-01
    7.02553630e-01 5.70397437e-01 9.62072968e-01 6.54562712e-01
    4.31664735e-01 7.43628383e-01 2.48360634e-03 1.51960284e-01
    8.46982598e-01 2.73737013e-02 2.29247898e-01 6.87473655e-01
    3.37941289e-01 8.41223717e-01 2.27558255e-01 7.06211388e-01
    2.25930691e-01 1.09352380e-01 8.77370954e-01 3.40449542e-01
    9.79818761e-01 4.11488980e-01 7.53485441e-01 5.30395627e-01
    3.45637441e-01 1.39973372e-01 5.73674858e-01 4.67464447e-01
    6.12873435e-01 6.71783984e-01 4.77016509e-01 1.67356819e-01
    1.82916135e-01 7.53584146e-01 6.77015007e-01 5.56445241e-01
    8.83138180e-02 4.44377244e-01 3.23148340e-01 8.62484753e-01
    9.42940593e-01 2.17607915e-02 5.79958558e-01 3.37966591e-01
    4.83214706e-01 1.54266804e-01 9.12146449e-01 5.22238493e-01
    3.79925072e-02 1.23823971e-01 5.39975166e-02 6.18314028e-01
    8.54111552e-01 4.73545134e-01 2.53557056e-01 6.32361889e-01
    1.17556453e-01 7.48849928e-01 9.39234018e-01 3.17522854e-01
    3.25083762e-01 2.35135645e-01 2.43311882e-01 1.22387499e-01
    6.70586765e-01 9.32260156e-02 8.46429944e-01 6.31413698e-01
    6.74213886e-01 8.52920175e-01 4.07034606e-01 9.20261979e-01
    2.78787583e-01 6.91284657e-01 5.07373631e-01 7.48815536e-02
    2.82783031e-01 6.95664823e-01 1.91412270e-02 3.17894638e-01
    1.10424906e-01 9.77302611e-01 9.74085271e-01 8.96675825e-01
    9.73986030e-01 8.92004013e-01 9.69854891e-01 5.81651330e-02
    9.22735989e-01 3.68658304e-01 9.95426238e-01 4.28314209e-02
    6.86006486e-01 6.01854563e-01 3.54677022e-01 9.43479121e-01
    1.84622645e-01 1.95457876e-01 7.52982736e-01 9.24430966e-01
    2.13804781e-01 8.14252257e-01 6.23970568e-01 4.56717879e-01
    1.34206325e-01 9.94665384e-01 8.03639889e-01 3.30983460e-01
    6.81040168e-01 1.86559200e-01 2.32640624e-01 9.74093676e-01
    5.08152306e-01 7.56240726e-01 4.05955017e-01 9.29478765e-01
    5.32520890e-01 8.12139809e-01 6.21320009e-01 7.73333728e-01
    1.51311696e-01 9.78222013e-01 8.66095066e-01 3.79045635e-01
    3.96407247e-01 9.91148472e-01 1.61829710e-01 6.37027740e-01
    5.16411006e-01 6.83939636e-01 5.20562232e-02 9.56859589e-02
    4.55352366e-01 1.78516388e-01 3.42154860e-01 3.13831389e-01
    3.44527423e-01 2.36924320e-01 2.43916541e-01 9.82316196e-01
    6.94752038e-01 9.33600843e-01 3.37701082e-01 6.57846391e-01
    1.14580572e-01 8.41343760e-01 2.95022726e-01 5.31991959e-01
    4.69241589e-01 6.43309534e-01 5.14899552e-01 5.59905708e-01
    9.22652185e-01 9.35269713e-01 2.21868098e-01 7.94970512e-01
    3.60432684e-01 9.77162957e-01 7.54150450e-02 6.85000896e-01
    5.04762828e-02 3.77635121e-01 2.16328025e-01 2.05613136e-01
    3.39777172e-01 5.83308578e-01 2.48518169e-01 2.82873571e-01
    3.09097588e-01 4.70545292e-02 2.07061052e-01 9.93464351e-01
    5.42036116e-01 2.53766119e-01 5.98492324e-01 3.92645657e-01
    6.49233818e-01 3.67812097e-01 4.25275415e-01 5.72344661e-01
    6.99163198e-01 4.02172208e-01 1.70710295e-01 7.15885162e-02
    6.72823966e-01 2.86707491e-01 5.62199771e-01 5.16498089e-03
    2.48508990e-01 3.79761279e-01 3.93336684e-01 9.54453409e-01
    6.32808387e-01 8.18676591e-01 8.11594725e-03 2.93287814e-01
    4.72263515e-01 9.19713736e-01 6.89865589e-01 9.73502278e-01
    1.85442030e-01 3.82484585e-01 7.93420732e-01 5.41463494e-01
    1.99074984e-01 5.50811529e-01 4.24099267e-02 3.46620470e-01
    9.59226787e-01 8.74465466e-01 5.68327665e-01 2.62983084e-01
    1.68008745e-01 8.20903063e-01 1.39723778e-01 9.45822179e-01
    9.04107451e-01 9.77044880e-01 1.03464127e-02 7.68803298e-01
    5.08387864e-01 6.35748029e-01 6.51384056e-01 2.86485553e-01
    8.25912118e-01 2.96391159e-01 7.29680777e-01 3.90055150e-01
    2.50950247e-01 2.74992079e-01 5.98296404e-01 2.08975673e-02
    6.25628531e-02 4.87965614e-01 1.61535829e-01 3.03182036e-01
    9.42551255e-01 6.51942492e-02 7.64215112e-01 4.05556202e-01
    4.84928280e-01 6.98915720e-02 7.83935428e-01 8.81902635e-01
    4.29796696e-01 9.61875200e-01 8.44478726e-01 5.42471170e-01
    6.23541713e-01 9.50652003e-01 4.41624373e-01 2.80412197e-01
    7.09176064e-01 3.54170144e-01 3.85303378e-01 1.42669708e-01
    7.29305685e-01 9.25517380e-02 4.77846831e-01 3.50503355e-01
    4.81192201e-01 2.22732514e-01 2.73531675e-03 1.01581782e-01
    2.84371585e-01 6.61366582e-02 4.93279517e-01 3.72889638e-02
    8.53249550e-01 4.74392682e-01 2.84852773e-01 2.21418500e-01
    3.89141828e-01 7.36798048e-01 5.52358866e-01 1.47844136e-01
    4.91103649e-01 6.00728035e-01 3.12020361e-01 6.51538968e-02
    2.21388459e-01 8.99336219e-01 2.91786492e-02 4.05015469e-01
    3.78098726e-01 7.04102695e-01 3.93443346e-01 8.72199476e-01
    1.23839229e-01 5.81588745e-01 6.15142941e-01 7.99787760e-01
    8.16444695e-01 2.27007568e-02 5.20052612e-01 8.49406004e-01
    8.38808537e-01 7.10407734e-01 6.46271944e-01 9.34238672e-01
    3.04440528e-01 3.80179912e-01 7.73599446e-01 3.15118372e-01
    4.93360460e-02 8.19139957e-01 3.20648432e-01 3.93726468e-01
    8.96491647e-01 9.82085109e-01 5.82801402e-02 5.98865330e-01
    2.59380221e-01 5.60020924e-01 8.12872648e-02 4.70500231e-01
    2.11431146e-01 6.69057429e-01 1.32686973e-01 3.24692428e-01
    2.25130677e-01 7.50260234e-01 6.85888410e-01 9.62783575e-01
    9.30285096e-01 3.97920758e-01 7.75568247e-01 1.50316954e-01
    4.57510501e-01 8.11596632e-01 6.52946234e-02 3.60391200e-01
    4.53338176e-01 9.70505714e-01 8.39068174e-01 6.07129931e-03
    4.13072646e-01 5.61964512e-03 1.68358326e-01 9.85103846e-01
    4.28842723e-01 1.12181365e-01 5.57953715e-02 1.15618408e-01
    4.10556793e-02 1.25791967e-01 5.65917790e-01 8.89132738e-01
    5.82317054e-01 3.55814606e-01 9.22893524e-01 1.95679545e-01
    4.62511957e-01 5.58534265e-02 6.23244882e-01 5.23830891e-01
    4.08722222e-01 3.13758373e-01 3.95823270e-01 5.95558822e-01
    9.80427146e-01 1.10837281e-01 3.81236672e-02 6.08556330e-01
    2.11086571e-02 2.69663364e-01 3.35351288e-01 9.55311060e-01
    9.38474417e-01 1.96131736e-01 9.01746273e-01 7.49394357e-01
    8.10633302e-01 3.80618572e-02 9.55158770e-02 5.24248183e-02
    6.82573617e-01 1.74538702e-01 7.03730583e-02 4.54165190e-01
    5.71569204e-01 9.63944912e-01 5.75876296e-01 3.77624333e-02
    9.35475588e-01 4.40582275e-01 7.47458577e-01 7.41527557e-01
    3.18932235e-01 7.25845754e-01 7.74925351e-01 2.91013718e-01
    7.36586213e-01 7.75987506e-01 4.18781042e-02 6.73728228e-01
    9.14433002e-01 7.03045726e-02 4.01669979e-01 9.97852325e-01
    2.20653504e-01 9.51681376e-01 4.06692386e-01 9.65488791e-01
    7.59362638e-01 2.05187708e-01 6.75433934e-01 1.77790105e-01
    7.01038599e-01 2.65873671e-01 9.03541863e-01 4.64391589e-01
    8.45759988e-01 5.46122670e-01 1.56623304e-01 6.45817339e-01
    7.28443742e-01 5.43091297e-01 5.00904560e-01 8.91924977e-01
    7.60284066e-01 9.20924783e-01 4.69081134e-01 9.23473001e-01
    5.22332728e-01 2.12938786e-01 3.39579582e-03 1.36493236e-01
    7.55264819e-01 2.24090695e-01 6.22565508e-01 9.39810991e-01
    1.95503205e-01 7.27645159e-01 9.14249122e-02 8.39465499e-01
    8.09447110e-01 3.60616148e-01 9.07975256e-01 4.14983928e-01
    4.27639008e-01 3.91017675e-01 8.91375899e-01 9.34766591e-01
    6.41876459e-01 6.46708250e-01 9.40455258e-01 3.05777669e-01
    3.35712433e-01 4.84605730e-02 1.93708539e-02 4.98241127e-01
    8.21704805e-01 9.31118727e-01 9.35067296e-01 2.06856579e-01
    9.31609452e-01 2.02299833e-01 7.63547719e-02 8.53860497e-01
    5.53359210e-01 6.62759125e-01 7.54007638e-01 7.36333787e-01
    2.83482581e-01 7.74727464e-01 2.42027640e-02 8.79812360e-01
    3.41660619e-01 3.68318200e-01 7.50092328e-01 7.46177018e-01
    8.65331709e-01 3.22159618e-01 7.57250488e-01 8.75050664e-01
    6.59517884e-01 1.91441029e-01 4.70206589e-01 1.59272611e-01
    6.62158668e-01 9.69143152e-01 7.61087894e-01 4.29608226e-02
    9.81390476e-03 6.37339652e-02 4.18257147e-01 3.24212223e-01
    3.37528884e-01 8.27012897e-01 7.49006867e-01 9.04860556e-01
    6.43005490e-01 8.42493176e-01 6.20277286e-01 1.10641450e-01
    7.87751913e-01 9.48942065e-01 2.85988033e-01 9.30511951e-01
    4.00670290e-01 3.34628463e-01 2.57798344e-01 2.93278694e-01
    3.75915259e-01 5.72223663e-01 6.80105805e-01 5.42420924e-01
    1.83394939e-01 8.54102671e-01 7.06418216e-01 9.92451370e-01
    1.08219981e-02 7.27263987e-01 2.32976288e-01 2.78799802e-01
    4.50719178e-01 9.19863701e-01 3.36233705e-01 6.78169966e-01
    5.40924251e-01 5.17989457e-01 8.75436425e-01 8.98563981e-01
    5.73015273e-01 8.72748733e-01 5.54445148e-01 3.71994823e-01
    4.62092638e-01 2.67330319e-01 3.73456806e-01 3.47434163e-01
    7.62939990e-01 4.79836404e-01 2.20746398e-02 7.73696661e-01
    7.77935386e-01 1.16329491e-01 2.72893846e-01 8.52438688e-01
    5.27165473e-01 4.06282723e-01 5.85202634e-01 5.17920792e-01
    1.02079898e-01 9.27809596e-01 6.44825339e-01 4.37377393e-02
    3.63901317e-01 4.95882988e-01 3.74508649e-01 9.93337929e-01
    1.11656249e-01 3.23907554e-01 8.30719471e-01 2.96220362e-01
    7.09507942e-01 8.85876417e-01 4.74195600e-01 9.12831068e-01
    9.13968682e-01 6.57403469e-03 4.26603019e-01 4.92854238e-01
    7.25405812e-01 2.50861883e-01 1.03201568e-01 2.24229455e-01
    5.96306562e-01 7.68922269e-02 5.28525412e-01 5.57559431e-01
    6.64880157e-01 7.78130293e-01 2.51749367e-01 3.51662159e-01
    2.53584564e-01 4.79030311e-01 4.32721198e-01 9.13187981e-01
    8.03497076e-01 9.64198649e-01 4.63448912e-01 7.56823599e-01
    9.06888127e-01 9.46866095e-01 4.14732516e-01 3.40817809e-01
    5.40170550e-01 4.09088522e-01 6.53479874e-01 9.89116669e-01
    9.32567537e-01 5.38470089e-01 1.81969911e-01 8.07244658e-01
    1.90203786e-02 8.00702929e-01 4.76493180e-01 7.14445174e-01
    9.20180917e-01 4.70073551e-01 3.32123101e-01 1.39233440e-01
    3.67225081e-01 5.42620480e-01 4.09177423e-01 5.04420757e-01
    9.29807842e-01 3.81142199e-01 5.96142769e-01 1.75335407e-01
    9.31450486e-01 5.07128358e-01 1.36118829e-01 8.21631730e-01
    5.00798702e-01 1.14118218e-01 7.44784236e-01 9.49232697e-01
    4.70613360e-01 7.64388323e-01 3.07111323e-01 2.02960610e-01
    2.06107825e-01 2.93280602e-01 4.63132024e-01 3.20743918e-01
    4.66721594e-01 6.17654800e-01 7.71022916e-01 2.61624753e-01
    9.68204856e-01 2.06569791e-01 8.84993970e-01 9.86323357e-01
    1.23387814e-01 9.72856343e-01 4.35287952e-01 5.38527966e-03
    8.80386829e-01 7.44751692e-01 6.19112730e-01 7.02371597e-01
    5.58593333e-01 2.46118039e-01 3.42074931e-01 5.82720757e-01
    9.16328192e-01 7.38040984e-01 4.35180306e-01 2.08767772e-01
    5.34703493e-01 8.84961247e-01 4.93864149e-01 9.49820399e-01
    4.94466156e-01 6.41176939e-01 3.58809054e-01 5.24993718e-01
    7.71766663e-01 5.77897131e-01 8.89099956e-01 5.61280549e-01
    9.32675242e-01 1.21804774e-01 8.40434313e-01 4.26265299e-02
    9.07776594e-01 1.39428318e-01 9.24124956e-01 2.30566174e-01
    9.26285923e-01 9.07220840e-01 7.19964206e-01 8.59454513e-01
    4.59328294e-01 3.16239774e-01 3.08217764e-01 1.83840424e-01
    9.25016701e-01 5.12506723e-01 9.10740793e-01 4.22019571e-01
    6.21664464e-01 4.81148869e-01 3.54404837e-01 4.81701791e-02
    7.94946909e-01 4.17648137e-01 4.92265940e-01 2.81668663e-01
    3.30200702e-01 1.06309921e-01 9.57377553e-01 3.01009357e-01
    8.37704957e-01 8.36574197e-01 5.90965688e-01 4.85281467e-01
    4.31577682e-01 5.90362489e-01 1.45255864e-01 3.19261789e-01
    7.32197404e-01 3.98777425e-01 6.48581088e-01 3.36298406e-01
    9.19083834e-01 5.04322946e-02 5.06767333e-01 3.29192013e-01
    6.21224880e-01 5.21161258e-01 7.33433127e-01 8.80155683e-01
    6.01419151e-01 6.35251641e-01 2.62145102e-01 5.80649316e-01
    6.50242567e-02 4.26273674e-01 7.12457478e-01 4.38985229e-02
    6.46709502e-01 6.51806235e-01 3.87254030e-01 8.58250141e-01
    3.14150751e-02 7.18822718e-01 9.71808136e-02 5.45947015e-01
    7.69160748e-01 1.85292721e-01 4.80984598e-01 7.45276153e-01
    2.10730702e-01 9.32539523e-01 6.21301293e-01 1.97351009e-01
    1.48459554e-01 2.13212341e-01 8.72422814e-01 2.06727713e-01
    1.84863836e-01 1.72918439e-01 3.07849944e-02 3.49602282e-01
    1.53473467e-01 7.35853612e-01 1.47608638e-01 8.35394382e-01
    6.78321004e-01 1.53793126e-01 1.13468796e-01 5.36728799e-02
    5.13684571e-01 7.79547453e-01 7.10573018e-01 1.11203134e-01
    7.25802183e-01 1.49629682e-01 3.09340775e-01 8.13664675e-01
    2.16526389e-01 5.27778864e-02 9.42846417e-01 8.97592902e-01
    3.83726507e-01 6.12031341e-01 6.98161542e-01 3.16066056e-01
    1.36071295e-01 3.82706583e-01 2.83352315e-01 4.11618859e-01
    9.12827015e-01 7.11317837e-01 9.67850387e-02 2.59997338e-01
    8.01240504e-01 8.60030353e-01 4.99643147e-01 4.38195199e-01
    4.82733905e-01 7.94586658e-01 4.65382725e-01 7.34452724e-01
    2.92044938e-01 4.21346068e-01 1.49491489e-01 6.39830351e-01
    7.67488599e-01 5.77610731e-01 7.48077035e-01 2.69804657e-01
    1.74922943e-02 3.10557187e-01 2.62587965e-01 2.72846282e-01
    4.33116555e-01 4.71332431e-01 7.48777390e-03 5.20439744e-02
    2.23787665e-01 4.81721342e-01 1.83326274e-01 5.84603012e-01
    9.11231756e-01 5.29514194e-01 9.45982099e-01 2.88415551e-02
    1.80928171e-01 6.76789641e-01 5.98113358e-01 6.52950823e-01
    5.80815971e-01 9.29177403e-01 3.89421999e-01 8.65640521e-01
    3.34348798e-01 7.63154387e-01 8.58612597e-01 2.11657286e-02
    8.97398055e-01 3.10249209e-01 4.97389555e-01 3.61646920e-01
    6.22415662e-01 7.88413882e-02 9.10472810e-01 2.52748013e-01
    1.90049917e-01 4.36764777e-01 8.21420312e-01 8.12741756e-01
    9.86271203e-02 9.84173298e-01 7.53827095e-01 6.87175095e-01
    1.79861188e-02 9.71687078e-01 6.68773592e-01 6.23657346e-01
    9.36532021e-02 4.77898240e-01 2.15018392e-01 2.60969877e-01
    6.89778686e-01 5.67592978e-01 4.25071418e-02 5.10089338e-01
    6.99416757e-01 4.29975986e-02 4.78008598e-01 6.97340012e-01
    3.84952039e-01 2.72137940e-01 5.31835973e-01 7.36730695e-01
    7.76656747e-01 9.70217168e-01 6.75980031e-01 8.06725323e-02
    4.24604535e-01 2.86023229e-01 9.68567371e-01 7.10727394e-01
    1.03497475e-01 6.31810486e-01 4.09449756e-01 2.91008711e-01
    3.73385012e-01 7.04918981e-01 3.09936851e-01 4.03135598e-01
    7.32655823e-02 8.76267910e-01 2.55093336e-01 7.96626151e-01
    4.19292659e-01 3.11926186e-01 7.33264089e-01 9.52761889e-01
    8.45324993e-01 6.99839711e-01 8.29166651e-01 6.22002184e-02
    4.48799849e-01 1.86628133e-01 3.61240923e-01 8.82304728e-01
    3.91283631e-01 8.57343674e-02 9.91599262e-01 2.55329430e-01
    1.26645625e-01 2.73520410e-01 1.07802331e-01 5.00129044e-01
    6.36669338e-01 8.45725834e-01 7.84679353e-02 8.78568411e-01
    4.53343898e-01 4.85998005e-01 2.75568366e-01 6.67189062e-02
    1.87528133e-03 4.39264864e-01 6.39893770e-01 2.30964869e-01
    8.19047332e-01 8.47244561e-02 3.53927255e-01 7.58574188e-01
    3.82498443e-01 2.21515089e-01 4.54465240e-01 9.17935848e-01
    8.39130461e-01 9.12259102e-01 3.12498212e-01 6.88809812e-01
    4.62386072e-01 3.50099444e-01 1.76134467e-01 9.03337717e-01
    4.19205725e-01 1.93382531e-01 6.54763579e-01 6.56739533e-01
    2.76688665e-01 4.87111241e-01 6.22883618e-01 2.37944037e-01
    9.65567052e-01 1.85569763e-01 5.08375287e-01 6.14884675e-01
    7.33338416e-01 3.95536721e-02 6.56367064e-01 1.87367260e-01
    3.82917345e-01 6.83894157e-01 3.31123173e-01 7.07363367e-01
    2.84670889e-02 6.44548535e-01 2.61212826e-01 7.70106137e-01
    7.18643188e-01 3.91405493e-01 7.91320920e-01 4.92396712e-01
    4.00674939e-02 9.92848754e-01 3.02380621e-01 6.34679317e-01
    1.99403375e-01 6.70687258e-01 4.77800786e-01 4.84880984e-01
    7.56923914e-01 1.95258677e-01 7.52258420e-01 9.42515373e-01
    3.20682734e-01 4.33315039e-01 1.33104622e-02 4.77746338e-01
    7.82741666e-01 2.16196984e-01 6.33945823e-01 9.96932030e-01
    7.52985895e-01 6.16724849e-01 3.08276862e-01 7.92517483e-01
    2.92792916e-01 2.47078091e-01 5.60341597e-01 8.52300525e-01
    7.10189939e-01 6.09316826e-01 8.91529799e-01 8.53482664e-01
    1.70312077e-01 9.58292961e-01 6.30576611e-01 1.73610955e-01
    2.03729868e-02 6.01229906e-01 9.57898021e-01 9.01128232e-01
    1.03816569e-01 4.60480183e-01 9.75418389e-01 9.65451717e-01
    5.15895784e-01 9.48020697e-01 3.61097246e-01 7.07635880e-01
    3.81319582e-01 3.90950441e-02 1.50214642e-01 7.61701703e-01
    6.87757850e-01 7.38245249e-01 8.95293355e-02 6.65353298e-01
    6.65755689e-01 1.68662220e-01 9.79271293e-01 5.72001815e-01
    4.11636144e-01 5.73548675e-01 6.41367674e-01 5.91695189e-01
    1.25507861e-01 1.31737828e-01 8.75556290e-01 4.85875458e-01
    4.19649482e-03 6.91322505e-01 1.68759197e-01 7.04594195e-01
    3.64953279e-01 8.13278913e-01 1.07563645e-01 3.32098007e-02
    3.18506002e-01 6.56791449e-01 9.77284908e-02 8.98861885e-02
    5.74961126e-01 6.12264872e-01 9.37293410e-01 1.47110283e-01
    9.89312172e-01 4.05460149e-01 1.72330469e-01 1.09573632e-01
    6.92765951e-01 9.12751436e-01 9.95913684e-01 2.96193361e-02
    1.64649963e-01 9.86851215e-01 7.33920455e-01 8.37455869e-01
    4.86274838e-01 5.28850377e-01 3.78005832e-01 8.12052250e-01
    7.70739436e-01 5.75049400e-01 5.50160110e-01 9.40681994e-02
    2.94970214e-01 4.84338433e-01 6.32958651e-01 1.22679323e-01
    2.30832070e-01 8.35327744e-01 6.29837155e-01 9.36051965e-01
    5.06164074e-01 6.61987007e-01 2.93407798e-01 9.59757328e-01
    8.15233588e-01 9.76062059e-01 9.55900848e-01 2.18582302e-01
    4.31789160e-01 7.13028491e-01 4.99166995e-01 6.05532885e-01
    7.32557476e-01 7.27853775e-01 1.07798278e-01 6.16370261e-01
    6.51068628e-01 2.45709419e-01 9.44285870e-01 6.23483658e-01
    9.87357736e-01 8.42673182e-02 4.80569959e-01 9.72051203e-01
    1.64721310e-01 2.84555972e-01 5.19289553e-01 9.34783101e-01
    2.01412082e-01 8.25771511e-01 8.99795771e-01 9.15415287e-01
    7.60138571e-01 5.07027209e-01 5.75058877e-01 5.74778557e-01
    8.19479942e-01 7.80577064e-02 9.83814955e-01 3.80428940e-01
    1.67975426e-02 4.87095505e-01 8.51069808e-01 9.70689416e-01
    5.20283103e-01 4.42794770e-01 8.33523870e-01 9.57962871e-01
    6.10103667e-01 1.27683520e-01 2.53675222e-01 8.70323539e-01
    5.43834031e-01 9.20168757e-01 5.16663790e-01 1.40680581e-01
    6.31007671e-01 3.96991134e-01 7.73728967e-01 1.92643881e-01
    3.13080907e-01 2.74307817e-01 8.51373911e-01 6.49203062e-01
    8.68793011e-01 8.32875490e-01 6.51693583e-01 7.45810330e-01
    3.52746964e-01 6.30931973e-01 4.76103604e-01 1.12908125e-01
    6.92732096e-01 5.54251969e-01 3.75955731e-01 5.54721773e-01
    5.12757897e-01 5.65978408e-01 8.66651297e-01 7.48625636e-01
    5.98384857e-01 8.65392447e-01 6.35042727e-01 3.01328123e-01
    1.93183422e-02 5.41574657e-01 8.08385134e-01 9.50977325e-01
    5.27825356e-02 5.73899329e-01 4.55811322e-02 9.57106948e-02
    1.14285946e-01 2.04522252e-01 5.42448223e-01 2.79373169e-01
    4.95275259e-01 8.62383544e-01 1.00581586e-01 9.70872998e-01
    2.04505801e-01 5.19317269e-01 5.06270349e-01 5.24211645e-01
    1.77510589e-01 4.41857517e-01 8.54476452e-01 5.08103371e-01
    3.22946697e-01 1.85832143e-01 7.21145153e-01 9.61113095e-01
    4.62554365e-01 9.09143150e-01 4.17985082e-01 1.03819370e-02
    1.92909509e-01 4.78623807e-01 3.75571430e-01 9.87131119e-01
    7.50605702e-01 2.67312944e-01 8.39110911e-01 3.52914929e-02
    2.63551772e-02 8.23385000e-01 6.31201863e-01 2.36518830e-01
    8.83628130e-01 5.68853557e-01 3.13775986e-01 1.73282653e-01
    4.18484181e-01 6.17657363e-01 4.91055280e-01 4.89613146e-01
    2.60525048e-01 5.02818942e-01 7.07690656e-01 7.64885485e-01
    1.10856444e-01 8.27114344e-01 3.78813684e-01 9.55962956e-01
    8.25491786e-01 1.64477289e-01 8.72330189e-01 6.89521611e-01
    2.69835532e-01 7.43517280e-03 2.25470781e-01 2.77882993e-01
    3.61895829e-01 1.42187178e-02 2.30599731e-01 6.26559138e-01
    9.43115234e-01 5.45404315e-01 9.04666424e-01 9.34292555e-01
    6.05218172e-01 1.95964694e-01 6.06434286e-01 8.19029808e-01
    2.86898732e-01 9.93098021e-01 8.74291658e-01 4.00723845e-01
    8.45356822e-01 8.95035744e-01 2.05148786e-01 8.17459822e-01
    2.83780962e-01 7.28586555e-01 9.96604145e-01 9.54877675e-01
    8.82603765e-01 3.20854187e-01 3.06739271e-01 2.23994732e-01
    4.23163682e-01 6.74868524e-02 1.95201039e-01 5.57513118e-01
    7.50578344e-02 9.87820745e-01 6.71274424e-01 9.16343093e-01
    2.77590930e-01 8.30081463e-01 5.29029846e-01 4.64605033e-01
    9.47396457e-02 7.55830586e-01 6.33640587e-01 8.69638681e-01
    4.72315043e-01 3.52743238e-01 4.11546528e-02 7.14426219e-01
    8.81445408e-01 7.62132108e-02 2.66859233e-02 5.47808230e-01
    7.17637599e-01 8.35126638e-01 8.61102700e-01 5.83786488e-01
    9.59826827e-01 8.62103701e-01 6.19786501e-01 9.51347828e-01
    8.57894480e-01 8.18101108e-01 6.89282417e-01 3.66539866e-01
    5.79706490e-01 7.62214601e-01 2.01890528e-01 4.25754577e-01
    3.33065331e-01 2.66512334e-01 5.72690904e-01 7.03430891e-01
    4.32892799e-01 6.83998346e-01 3.19539905e-01 1.74045563e-05
    4.73573059e-01 7.00799108e-01 8.26691568e-01 1.10821843e-01
    6.38226271e-01 5.79484761e-01 5.76662719e-02 2.13755220e-01
    8.48611772e-01 2.97128737e-01 2.56157756e-01 8.42711687e-01
    2.98728943e-01 4.56697077e-01 8.90541077e-01 9.78060603e-01
    6.72342479e-01 8.31783414e-01 5.98736286e-01 4.62186724e-01
    3.91542286e-01 8.55925798e-01 4.32980776e-01 1.44055754e-01
    1.86410457e-01 7.23544002e-01 3.73302221e-01 2.00390100e-01
    2.11273134e-01 5.82402587e-01 8.01632881e-01 1.24546081e-01
    7.40657330e-01 1.21489167e-02 2.69171923e-01 7.32200623e-01
    8.99898052e-01 7.45082736e-01 9.25527811e-01 3.01624119e-01
    1.50866717e-01 1.16102725e-01 5.32593071e-01 3.00307333e-01
    5.90070248e-01 4.08494920e-01 8.95526648e-01 8.78327847e-01
    6.09856308e-01 5.51751733e-01 2.83286929e-01 2.25442111e-01
    2.07620263e-02 3.14863682e-01 6.06104136e-01 8.45432580e-01
    1.95788324e-01 7.52988219e-01 7.34691083e-01 6.83970690e-01
    7.17484117e-01 2.02013165e-01 3.15456897e-01 9.50496733e-01
    9.22624111e-01 7.52659082e-01 7.12654710e-01 6.23999655e-01
    1.00575507e-01 5.14952123e-01 4.80417281e-01 9.05974865e-01
    7.80015409e-01 9.74336147e-01 5.98781347e-01 6.37027323e-01
    8.42834473e-01 1.27971292e-01 1.59732908e-01 6.12388015e-01
    9.68707561e-01 1.19540721e-01 5.43509245e-01 1.44742876e-01
    3.20916057e-01 9.40959811e-01 9.66557801e-01 8.90154541e-01
    2.74886787e-02 8.38523149e-01 7.79743791e-02 3.42390239e-02
    5.67639351e-01 1.11964345e-02 6.78865552e-01 5.59698641e-01
    1.71874166e-01 1.74900442e-01 4.71375406e-01 7.35181451e-01
    3.49869132e-02 9.98642325e-01 4.67210889e-01 8.64191771e-01
    6.29088581e-02 9.25096273e-01 1.01284564e-01 6.17768288e-01
    8.25557232e-01 7.71349490e-01 9.12483335e-01 1.00046068e-01
    8.68214667e-01 1.85041636e-01 9.63742375e-01 3.89143944e-01
    6.35861754e-02 5.77041268e-01 1.46151721e-01 3.54075730e-01
    9.95788336e-01 7.27711320e-02 4.45312321e-01 3.10158581e-01
    4.84794796e-01 5.87860107e-01 5.47332048e-01 2.94485867e-01
    8.87924612e-01 9.18877125e-01 3.42233807e-01 5.88869810e-01
    1.97269380e-01 3.24169159e-01 2.87875116e-01 8.02051187e-01
    8.94651592e-01 7.72703588e-02 8.63999963e-01 6.16779268e-01
    6.61627829e-01 5.44458866e-01 3.61321002e-01 4.61276621e-01
    4.50805426e-01 7.45261967e-01 6.78113937e-01 7.60931730e-01
    5.20258069e-01 1.53787166e-01 1.73312426e-02 2.91233480e-01
    4.68538165e-01 1.80038184e-01 3.83295089e-01 8.39039683e-02
    8.88602555e-01 3.67233634e-01 6.80813730e-01 2.40673572e-01
    5.69682598e-01 3.53885472e-01 1.14010543e-01 8.49706650e-01
    5.79830587e-01 3.49945188e-01 2.77058244e-01 9.80343342e-01
    9.44615841e-01 1.77335441e-02 8.72152984e-01 9.60744023e-01
    1.11938447e-01 1.24438941e-01 9.70971465e-01 3.14537585e-02
    7.97634363e-01 1.07317448e-01 4.06189561e-01 2.00927258e-02
    1.93870306e-01 3.62616301e-01 4.93049502e-01 2.43188500e-01
    4.66817528e-01 3.05571198e-01 2.95281827e-01 6.23777211e-01
    5.10305643e-01 9.75591779e-01 7.50856876e-01 2.40159154e-01
    2.60320693e-01 3.48628283e-01 7.16212332e-01 6.99380040e-01
    4.50349122e-01 4.04050231e-01 5.27938247e-01 1.42915398e-01
    5.26242316e-01 2.09545314e-01 2.03828961e-01 4.97195572e-01
    7.61197686e-01 4.02443320e-01 8.55731130e-01 8.55244935e-01
    1.26854986e-01 5.49083948e-02 9.77227390e-02 5.82735658e-01
    3.67969811e-01 8.84253681e-01 7.01848865e-02 7.85952747e-01
    7.70106792e-01 6.17368579e-01 3.60411406e-03 2.40475386e-01
    9.60246801e-01 9.17528689e-01 8.76166999e-01 7.55447447e-01
    9.06477153e-01 9.46877480e-01 2.81587720e-01 6.74915254e-01
    6.52690887e-01 4.56358314e-01 8.78774822e-01 3.39693248e-01
    9.34852064e-02 2.66702831e-01 9.88665700e-01 6.03623927e-01
    1.64317161e-01 1.08619928e-02 5.52332819e-01 7.85611570e-01
    7.94745803e-01 7.70828366e-01 1.31615698e-01 5.83385944e-01
    2.24591285e-01 4.22445297e-01 2.32501924e-01 9.35231805e-01
    7.09794223e-01 1.73477024e-01 4.84566867e-01 4.92128044e-01
    9.67381418e-01 5.58176994e-01 1.40323937e-02 7.47020245e-02
    8.66141677e-01 7.36293972e-01 5.40047288e-02 2.93568850e-01
    7.00965106e-01 7.19832957e-01 4.35980618e-01 3.30753386e-01
    3.26415092e-01 4.80612457e-01 3.24580014e-01 7.31635630e-01
    5.71039736e-01 9.41130757e-01 8.22003365e-01 1.26675934e-01
    9.13191557e-01 9.39726472e-01 4.30044889e-01 1.34085417e-02
    9.99395430e-01 8.51117671e-02 1.01822644e-01 9.06974554e-01
    3.04611623e-01 3.44723523e-01 9.99736369e-01 4.19142246e-02
    7.57614136e-01 1.19391441e-01 6.35461867e-01 3.95359695e-02
    4.16455865e-01 3.42219651e-01 9.64376569e-01 7.82517910e-01
    1.47429258e-01 2.89540797e-01 2.27995008e-01 8.61353755e-01
    5.45100152e-01 1.45156801e-01 5.67408800e-02 3.89698178e-01
    9.95074391e-01 6.65101945e-01 5.73429346e-01 3.32093894e-01
    3.34892273e-02 6.43432438e-01 8.34144354e-01 3.83104742e-01
    6.88246727e-01 2.59332061e-01 9.46869850e-02 4.02106464e-01
    5.95389307e-01 7.66377807e-01 4.67187017e-01 4.42221314e-01
    4.52857226e-01 6.40193343e-01 8.23829770e-01 2.18102247e-01
    5.48897624e-01 1.38269067e-02 2.65218198e-01 2.96380818e-01
    8.94729495e-01 6.62849247e-01 2.82720208e-01 2.29627311e-01
    2.16581464e-01 3.95882368e-01 3.35427225e-01 2.85507977e-01
    4.91911203e-01 9.25582409e-01 8.94554615e-01 6.78227186e-01
    7.80433893e-01 2.44511306e-01 4.47501183e-01 5.78033984e-01
    5.01618981e-01 5.99806190e-01 9.25044060e-01 4.74371314e-01
    5.26859343e-01 9.17266846e-01 2.39423513e-01 2.97498643e-01
    6.04665339e-01 4.98638898e-01 1.14127368e-01 6.60539389e-01
    8.17957997e-01 6.09491169e-02 4.21002567e-01 9.77694094e-02
    7.20247924e-01 2.51531035e-01 3.79774988e-01 5.25770545e-01
    2.19294518e-01 9.79535818e-01 6.11736178e-01 3.80401492e-01
    5.41715384e-01 5.66867590e-02 4.03848350e-01 7.48435557e-01
    8.11144114e-02 1.45233214e-01 7.95445800e-01 9.95621443e-01
    4.82086539e-01 1.57492727e-01 6.07337832e-01 1.66842878e-01
    1.20819390e-01 5.40411055e-01 4.02254075e-01 7.37457395e-01
    7.89199710e-01 7.60273278e-01 7.60545611e-01 9.19790030e-01
    5.39713144e-01 2.41690338e-01 1.12657487e-01 5.59080005e-01
    5.78119040e-01 4.89199340e-01 3.79760951e-01 6.28972292e-01
    7.77172625e-01 4.03515130e-01 6.67117357e-01 9.31390762e-01
    3.52556109e-02 5.12560666e-01 2.54221022e-01 5.93839169e-01
    7.68942952e-01 5.12803197e-01 5.28191805e-01 3.47921491e-01
    3.62143159e-01 8.23106945e-01 9.73173738e-01 5.50364673e-01
    6.84339225e-01 8.77260923e-01 6.07277095e-01 9.84406769e-02
    5.80760121e-01 3.84938300e-01 5.51930964e-02 1.23959810e-01
    6.65890872e-01 4.20367301e-01 8.02846491e-01 3.91568154e-01
    7.97570884e-01 2.42430091e-01 1.75962090e-01 1.21046543e-01
    1.71780169e-01 7.60357141e-01 3.01751792e-01 5.12617230e-01
    5.77269077e-01 1.43084228e-01 6.40597343e-01 9.47296023e-02
    5.97397208e-01 1.43795848e-01 6.94675744e-01 4.59997296e-01
    5.17521381e-01 2.67651677e-01 1.76734716e-01 5.12230873e-01
    2.08102077e-01 7.77778625e-01 6.05724931e-01 8.77449155e-01
    3.79349530e-01 2.74243712e-01 8.29141974e-01 7.46024489e-01
    5.10053039e-02 5.08929849e-01 6.53238773e-01 9.18190479e-01
    7.35130310e-02 9.43681240e-01 9.96658683e-01 5.12694538e-01
    1.76492333e-03 5.53607047e-01 2.29841888e-01 1.89586192e-01
    3.19125056e-01 9.78033304e-01 2.95871735e-01 5.18061817e-01
    8.98458660e-01 7.95997024e-01 8.72913837e-01 1.51238084e-01
    6.46714687e-01 4.47605640e-01 8.66145730e-01 7.26402342e-01
    6.24441981e-01 1.66401654e-01 5.75422108e-01 8.65627825e-02
    2.36574233e-01 2.92318761e-01 7.98484981e-01 6.27926886e-01
    7.72825718e-01 3.02445233e-01 2.21450061e-01 3.62952828e-01
    4.38589752e-02 5.66984057e-01 9.15431798e-01 1.15497231e-01
    4.62145269e-01 5.31318486e-01 3.95028889e-01 5.49183965e-01
    8.31067145e-01 6.96589053e-02 4.41525012e-01 9.70111728e-01
    5.22179961e-01 4.00367618e-01 1.76684618e-01 6.79699838e-01
    8.44570041e-01 6.28596246e-01 3.29101145e-01 8.40298772e-01
    6.49536848e-01 9.86947060e-01 5.04323125e-01 9.14482117e-01
    6.90927148e-01 8.40858519e-02 3.61132264e-01 6.72227383e-01
    4.51108813e-02 2.56770819e-01 2.47688860e-01 3.63265872e-02
    2.09271491e-01 6.57497287e-01 5.53770363e-01 8.80054235e-02
    6.95746303e-01 1.50829792e-01 3.51279080e-01 2.23230511e-01
    1.02108955e-01 5.62779605e-01 5.88500857e-01 7.98964977e-01
    2.40657985e-01 1.79155231e-01 2.35866696e-01 6.11315489e-01
    3.94508779e-01 6.29476070e-01 9.41656351e-01 1.09183371e-01
    2.76229113e-01 9.51462507e-01 4.31503385e-01 7.34610975e-01
    5.59528351e-01 8.19878817e-01 7.63157725e-01 1.69709504e-01
    2.54056036e-01 7.25209415e-02 5.23324013e-01 4.55358684e-01
    4.99746799e-02 1.00907952e-01 4.29918706e-01 2.63208628e-01
    1.93375349e-03 9.85185862e-01 3.64639461e-02 6.80825710e-01
    3.83019447e-01 6.67861402e-02 3.90772820e-02 8.16663921e-01
    9.72234011e-02 2.52413571e-01 5.42869091e-01 9.06074762e-01
    6.48141682e-01 3.93574476e-01 6.39707029e-01 6.52278662e-01
    6.82774544e-01 5.84650040e-01 7.82817364e-01 2.90974319e-01
    2.32109666e-01 3.79357576e-01 1.06735796e-01 8.32991004e-02
    5.93446553e-01 3.57407540e-01 1.46791756e-01 4.98592854e-01
    9.73327518e-01 5.68626642e-01 5.57341099e-01 5.79368949e-01
    6.31423891e-02 9.17237878e-01 3.35275799e-01 7.49991000e-01
    7.56077766e-01 4.52908605e-01 8.03985298e-01 4.66435462e-01
    9.73429680e-01 4.51169550e-01 4.64296311e-01 5.78929901e-01
    4.78795826e-01 5.19531131e-01 9.37278152e-01 4.61673051e-01
    5.88356435e-01 1.49099141e-01 5.79367697e-01 5.91361344e-01
    2.59584874e-01 8.55141640e-01 5.10588765e-01 3.23539138e-01
    3.47984076e-01 2.50999033e-02 9.29414451e-01 2.69985765e-01
    8.75474334e-01 7.72103429e-01 8.52201104e-01 3.30407560e-01
    7.59284914e-01 5.89327991e-01 4.85488355e-01 5.64666986e-01
    2.51060694e-01 2.55650640e-01 3.58018965e-01 5.07370174e-01
    2.04916328e-01 6.91985250e-01 9.66208458e-01 5.90766013e-01
    3.75947893e-01 7.26581335e-01 9.16110277e-01 7.92548835e-01
    8.18935871e-01 8.20662737e-01 1.81446165e-01 2.24640101e-01
    9.41608012e-01 9.71548498e-01 2.49611974e-01 4.56754923e-01
    2.23999918e-02 1.79887265e-01 3.48003596e-01 4.92567778e-01
    7.82186031e-01 9.36611652e-01 6.62528157e-01 9.02011752e-01
    3.08734983e-01 6.44791901e-01 1.73630863e-01 5.42601943e-03
    9.53492761e-01 1.83445930e-01 4.13221061e-01 4.44280505e-02
    7.46611297e-01 2.62438834e-01 1.58455133e-01 6.49420142e-01
    1.55173421e-01 5.10918915e-01 3.67598683e-01 9.52211618e-01
    6.03021026e-01 6.04734242e-01 7.20082998e-01 4.08222616e-01
    5.05203605e-01 9.12609816e-01 4.43793535e-02 1.49599344e-01
    2.56235570e-01 6.13486826e-01 2.12290585e-02 7.09021330e-01
    4.71757591e-01 7.71996677e-02 3.66848409e-02 9.25653875e-02
    4.47172165e-01 1.06185913e-01 6.85744524e-01 9.23321068e-01
    5.58429062e-01 2.88034976e-02 1.33967370e-01 4.46207583e-01
    4.28379655e-01 3.12019348e-01 7.15683937e-01 5.53670645e-01
    7.22296178e-01 2.09654629e-01 8.36567879e-01 1.89382166e-01
    8.70486021e-01 8.42295051e-01 4.69518661e-01 1.47880495e-01
    6.63116634e-01 3.74931693e-01 6.21935189e-01 3.30456197e-01
    1.60356671e-01 1.45458192e-01 9.10139441e-01 9.93781984e-02
    7.53788173e-01 9.93052840e-01 5.81244588e-01 3.01767230e-01
    9.22856808e-01 3.15113962e-01 2.95932889e-01 7.34880328e-01
    5.60844243e-02 7.22673893e-01 8.01810741e-01 4.80521291e-01
    4.06894386e-01 8.24191630e-01 2.64854729e-01 5.42503595e-03
    7.74775386e-01 7.11166322e-01 5.23478568e-01 3.59275043e-01
    6.46860898e-02 3.33311498e-01 3.41855824e-01 4.41135347e-01
    4.56033915e-01 1.75781459e-01 4.16241586e-01 9.71760273e-01
    1.44817859e-01 6.77487791e-01 6.95492685e-01 2.87800282e-01
    6.58156395e-01 8.56948614e-01 5.61789751e-01 8.60284090e-01
    5.03481328e-01 1.08980030e-01 7.51301408e-01 5.27495801e-01
    3.23618948e-01 2.42542982e-01 4.15587127e-02 9.70882595e-01
    9.82722759e-01 7.33129859e-01 4.50435072e-01 1.19745702e-01
    5.83357275e-01 6.32570803e-01 4.16578293e-01 8.92908216e-01
    6.58564985e-01 8.07393670e-01 9.79458570e-01 9.50207949e-01
    4.02524173e-02 9.33363795e-01 1.63106978e-01 4.79533583e-01
    2.10162729e-01 9.57078636e-02 1.78201288e-01 3.61522853e-01
    6.18992627e-01 3.12553674e-01 4.24397588e-02 4.96105224e-01
    1.95996940e-01 2.41597056e-01 9.58811641e-02 6.08929098e-02
    4.70903635e-01 3.44791055e-01 5.77623785e-01 2.30556816e-01
    9.88843203e-01 6.35337293e-01 8.45192254e-01 2.14691222e-01
    7.86027074e-01 4.00416911e-01 5.95525026e-01 9.56927180e-01
    6.60305798e-01 3.29267353e-01 3.48446846e-01 2.87537128e-01
    4.18907404e-01 5.44018388e-01 2.33066857e-01 1.84767663e-01
    8.99158776e-01 9.30909038e-01 8.10098767e-01 5.43332696e-01
    3.16295058e-01 7.22315311e-02 7.92674780e-01 6.13864720e-01
    3.88527304e-01 8.55916858e-01 8.02116156e-01 9.72178817e-01
    6.31716847e-01 4.47455585e-01 7.49029934e-01 5.84269464e-02
    4.97112364e-01 7.19400287e-01 7.52720535e-01 7.37743020e-01
    5.00636995e-01 3.68673801e-01 5.09158909e-01 2.63574362e-01
    6.53388381e-01 7.10481286e-01 5.89707315e-01 4.10150349e-01
    6.90469027e-01 2.61662245e-01 8.13975215e-01 7.07640707e-01
    9.07436013e-01 1.82174712e-01 5.43360353e-01 9.02257681e-01
    4.49208409e-01 3.31953704e-01 4.84916240e-01 4.37224507e-01
    6.42866790e-01 5.46708524e-01 5.77570498e-01 2.83506453e-01
    5.73245704e-01 6.10635698e-01 2.10991025e-01 1.27821177e-01
    8.94018471e-01 2.71323293e-01 3.68468285e-01 3.94119978e-01
    9.64628577e-01 2.82016516e-01 3.26984525e-01 5.63334346e-01
    7.51847029e-01 3.26629102e-01 3.69494915e-01 2.56253779e-01
    4.09474880e-01 5.06301224e-01 3.73572290e-01 8.29933405e-01
    2.67205089e-01 1.17112458e-01 4.45880890e-02 6.11246765e-01
    5.69750488e-01 4.62748021e-01 8.90155733e-02 9.85496283e-01
    8.29269230e-01 7.05608487e-01 3.15470219e-01 4.43437487e-01
    9.83890355e-01 1.65002286e-01 4.45281506e-01 2.08135933e-01
    1.80310905e-02 9.00474548e-01 8.60829353e-01 7.06153750e-01
    7.41136432e-01 3.41672868e-01 2.97023416e-01 5.49423099e-01
    5.20162284e-01 5.30024171e-01 2.25591898e-01 4.61692393e-01
    1.85467958e-01 4.99115884e-02 3.26710165e-01 7.92292237e-01
    9.17000055e-01 1.92049652e-01 9.84586000e-01 3.58065069e-01
    1.60631776e-01 4.46526349e-01 7.66058981e-01 6.13326371e-01
    9.65716004e-01 4.66476709e-01 2.31304824e-01 5.62978446e-01
    9.63542461e-01 4.98555303e-01 9.24962163e-01 8.66138577e-01
    6.88686788e-01 3.98188055e-01 8.64523530e-01 7.07636833e-01
    6.83773160e-01 9.78980839e-01 7.92002439e-01 8.14636052e-01
    5.99209547e-01 7.89044321e-01 9.37700510e-01 9.79269743e-01
    7.86502719e-01 1.82221472e-01 4.88484979e-01 4.80615556e-01
    5.43723106e-02 8.74713302e-01 6.22661233e-01 8.61580849e-01
    2.46845067e-01 3.90564799e-02 7.27215290e-01 8.14348757e-01
    4.75459337e-01 9.58306193e-01 4.10928756e-01 3.42133462e-01
    6.77302122e-01 6.88211799e-01 8.40450764e-01 2.37686723e-01
    8.10997009e-01 4.93929684e-01 2.12608188e-01 9.37068164e-01
    4.25118387e-01 6.87947512e-01 3.48083436e-01 7.80572891e-02
    5.43847680e-03 3.99607450e-01 1.79434121e-01 2.36467302e-01
    3.02203029e-01 3.14956129e-01 5.81214130e-01 4.20895368e-01
    4.38210070e-02 2.62869865e-01 7.87994266e-01 1.90128088e-01
    1.14342332e-01 8.91768456e-01 2.47085690e-02 8.97174597e-01
    2.51307040e-01 6.56868994e-01 7.42666364e-01 8.49102676e-01
    8.40926290e-01 6.96612716e-01 2.78717875e-01 3.86260450e-01
    4.70103383e-01 6.20193481e-01 9.44714367e-01 5.66490591e-01
    8.34537804e-01 7.49542356e-01 7.59902775e-01 7.61701345e-01
    6.43274844e-01 9.32671368e-01 3.78870547e-01 2.43178338e-01
    1.67728812e-01 3.49601448e-01 9.38260555e-01 8.07801962e-01
    4.93445098e-01 7.55172372e-01 9.89840269e-01 1.04212373e-01
    6.75767362e-01 8.98692608e-02 1.20516360e-01 2.79394746e-01
    2.66212165e-01 2.50928760e-01 1.97472692e-01 1.22091770e-01
    7.28626549e-02 6.73032463e-01 3.79831880e-01 1.52984589e-01
    1.41930580e-03 5.27959466e-01 4.71211314e-01 4.81642604e-01
    2.46248573e-01 3.99195731e-01 7.18922317e-01 7.80434728e-01
    9.05196726e-01 1.35207981e-01 8.87264848e-01 2.33692527e-01
    2.04326034e-01 3.30042839e-01 8.57883692e-01 3.70543003e-02
    1.72745526e-01 9.19891059e-01 4.15197223e-01 6.16032183e-01
    4.15330768e-01 1.70482278e-01 8.71550560e-01 1.10564411e-01
    7.29452014e-01 8.30245614e-02 3.04204106e-01 2.77562886e-01
    7.66622424e-01 4.86523002e-01 7.86729813e-01 5.37566423e-01
    7.36927390e-01 4.27699208e-01 3.88547838e-01 9.75967586e-01
    8.42663407e-01 5.33577144e-01 9.30570841e-01 1.23054326e-01
    8.40883851e-01 2.67177820e-01 8.80077720e-01 6.33297563e-02
    7.65027523e-01 5.58257937e-01 2.75326461e-01 9.00260389e-01
    5.55870175e-01 6.85965955e-01 5.47618985e-01 8.45120430e-01
    8.86108398e-01 9.51118946e-01 3.74314755e-01 3.39226604e-01
    4.09852892e-01 8.97456825e-01 2.78568745e-01 1.01602077e-02
    7.25646436e-01 3.34418654e-01 5.17592072e-01 6.51280522e-01
    8.97045612e-01 3.74868542e-01 7.24633634e-01 2.94317007e-01
    7.68412650e-02 8.65209937e-01 3.93523902e-01 5.75691342e-01
    8.31291199e-01 5.98165512e-01 9.73262131e-01 4.67830896e-01
    4.85668153e-01 2.25430638e-01 9.88166928e-02 7.49920905e-02
    7.37565219e-01 6.57102287e-01 2.51191974e-01 6.64274096e-01
    3.51891160e-01 6.20789647e-01 1.35634840e-02 7.50679672e-02
    1.57507896e-01 7.71195650e-01 6.78767920e-01 3.58358294e-01
    5.93980014e-01 1.11207783e-01 9.87160683e-01 7.89499938e-01
    4.30891722e-01 4.13795829e-01 2.43900627e-01 8.61608863e-01
    8.55537415e-01 7.66062379e-01 2.72845000e-01 8.36978853e-02
    9.91490245e-01 5.68907440e-01 2.80872703e-01 4.63176191e-01
    1.45381689e-01 9.49240565e-01 6.10817373e-02 5.91158211e-01
    5.26928723e-01 4.84960049e-01 4.32245016e-01 7.44969130e-01
    7.53625512e-01 1.79689497e-01 1.71364963e-01 1.21493310e-01
    4.55075294e-01 5.13349295e-01 4.48753923e-01 3.00066262e-01
    2.21230477e-01 2.43180454e-01 8.67407918e-01 8.05588603e-01
    3.75396311e-01 5.99209428e-01 7.76379824e-01 5.30095816e-01
    8.52957487e-01 2.33699888e-01 6.27136290e-01 1.42950982e-01
    6.53912902e-01 3.35516214e-01 9.36726093e-01 2.39246994e-01
    9.13130224e-01 9.61886048e-01 1.39691830e-01 5.48638523e-01
    3.85020018e-01 6.74153090e-01 5.08493125e-01 8.45952749e-01
    1.03090405e-01 8.36340666e-01 9.69644666e-01 5.79004884e-01
    5.19792974e-01 8.24302435e-01 1.24204963e-01 6.58853412e-01
    1.03940338e-01 1.03373587e-01 3.95808637e-01 5.11674047e-01
    2.95615733e-01 5.12314975e-01 1.79182827e-01 2.91810393e-01
    9.53029275e-01 2.33683586e-01 6.71776414e-01 4.54838455e-01
    7.60632753e-03 9.77904737e-01 2.90023685e-02 2.48079360e-01
    9.67772961e-01 3.23734045e-01 5.49743295e-01 7.62898624e-02
    3.67945313e-01 2.66113341e-01 5.04268110e-01 8.26171756e-01
    6.48848653e-01 4.95044649e-01 8.56422484e-02 5.41209698e-01
    4.23431456e-01 7.39738345e-01 6.17256165e-02 2.30159998e-01
    7.24727154e-01 7.65310228e-01 2.56202340e-01 4.83167768e-02
    5.63001394e-01 2.38272250e-02 6.99974179e-01 5.10889947e-01
    8.62715721e-01 5.98247707e-01 4.47644293e-01 7.53024936e-01
    8.68308425e-01 7.01576471e-04 7.46986866e-01 6.77749276e-01
    3.75005871e-01 4.79012817e-01 5.46632886e-01 1.78361475e-01
    6.01868331e-01 6.96426392e-01 5.23642302e-01 3.64409566e-01
    3.79649580e-01 5.85537076e-01 3.19034636e-01 1.39604211e-01
    2.48114228e-01 2.28762090e-01 1.91596955e-01 6.06725693e-01
    7.48482406e-01 1.51470006e-02 3.80595475e-01 4.92062688e-01
    3.65182757e-03 3.86637330e-01 4.74453926e-01 3.98555398e-01
    5.24385691e-01 9.01868939e-01 7.34919310e-01 6.93775296e-01
    1.33888811e-01 4.46204543e-01 4.95618820e-01 1.27671540e-01
    8.30304503e-01 2.20922589e-01 3.91851008e-01 9.11528945e-01
    5.98800480e-01 2.07394600e-01 3.99105459e-01 8.34937692e-01
    7.98559070e-01 5.08892238e-02 5.01283705e-01 3.54737639e-02
    3.89552355e-01 6.02577925e-01 3.34848285e-01 5.27855039e-01
    3.54703754e-01 1.04244560e-01 5.84849536e-01 7.75267482e-01
    1.92809999e-01 6.62158728e-01 7.02176154e-01 1.57225758e-01
    5.55188954e-01 7.84110665e-01 7.60862231e-03 6.18017316e-01
    4.69193399e-01 7.50761986e-01 4.43529963e-01 3.82072896e-01
    8.66474569e-01 9.98941183e-01 2.21732318e-01 8.42215896e-01
    9.61118221e-01 5.42878568e-01 9.00606275e-01 7.59122729e-01
    6.21793926e-01 9.12197173e-01 2.03576922e-01 6.05064034e-02
    3.16716999e-01 5.81278801e-01 6.82986200e-01 4.87822145e-01
    8.37915242e-01 2.09566951e-02 5.55658281e-01 9.60361004e-01
    3.90016288e-01 2.78469265e-01 9.94188428e-01 9.70652699e-01
    7.46074796e-01 9.52839136e-01 9.66431320e-01 9.40181255e-01
    7.73472428e-01 2.44932532e-01 6.29107833e-01 8.49530697e-01
    2.39649683e-01 4.67365652e-01 4.27486718e-01 1.73850268e-01
    5.32745481e-01 5.99328816e-01 9.44280326e-01 9.71418858e-01
    4.39524651e-01 8.55166793e-01 2.36276418e-01 1.53982460e-01
    7.16793060e-01 2.58256912e-01 7.02190161e-01 2.84497350e-01
    2.16166735e-01 5.51834941e-01 7.74706483e-01 7.33136475e-01
    1.87111259e-01 4.49609816e-01 4.98169869e-01 6.83423281e-01
    9.71312165e-01 4.29922998e-01 1.17844582e-01 5.03895044e-01
    2.25737691e-01 3.51314723e-01 8.81786346e-01 8.50698054e-02
    1.29456490e-01 8.19499791e-01 7.35281467e-01 5.78485906e-01
    6.35677576e-01 4.49308276e-01 1.77161723e-01 2.57818818e-01
    4.21402156e-02 1.27542317e-02 1.44709557e-01 5.46471715e-01
    9.93235648e-01 1.45359665e-01 7.60565996e-01 1.22856021e-01
    9.85153139e-01 2.18597919e-01 1.50959998e-01 5.41737974e-02
    5.13692319e-01 8.74491334e-01 6.87021136e-01 9.32758808e-01
    6.24155521e-01 8.60230684e-01 1.93765670e-01 5.37745059e-01
    2.94569016e-01 9.22826529e-01 4.39305156e-01 5.19569099e-01
    8.93888474e-01 5.66882491e-01 1.51297122e-01 1.77375048e-01
    3.57650101e-01 1.57078981e-01 9.81870890e-02 7.22602010e-02
    2.56536990e-01 2.53512323e-01 5.94398260e-01 7.54408836e-01
    2.91964710e-02 3.58927369e-01 4.55682904e-01 5.56073070e-01
    4.37270552e-01 3.50766540e-01 5.88155329e-01 1.06920034e-01
    8.72983158e-01 3.87706190e-01 3.13154131e-01 2.80767024e-01
    9.18895006e-04 6.54077828e-02 9.85402048e-01 8.57064486e-01
    7.37987220e-01 7.34536052e-01 3.75694036e-01 4.37577844e-01
    9.75970328e-02 2.69082844e-01 3.13861668e-01 9.66142654e-01
    5.60039878e-01 4.76746827e-01 6.49196088e-01 7.76656270e-01
    6.05824292e-02 4.77925420e-01 7.25416660e-01 1.78690016e-01
    8.46356630e-01 5.84808171e-01 1.11969560e-01 5.22483766e-01
    7.95092940e-01 8.71155322e-01 8.80015790e-01 2.99280226e-01
    5.29970169e-01 5.58832586e-01 6.01210237e-01 5.29486060e-01
    3.18223774e-01 9.72790122e-01 8.04980159e-01 7.88422823e-02
    9.51661587e-01 9.08238053e-01 9.50971782e-01 1.21858716e-03
    7.32316673e-01 1.80502236e-01 7.91508794e-01 6.76832318e-01
    7.63407350e-02 7.92409301e-01 9.41419005e-01 3.63437235e-01
    9.98638034e-01 8.19597244e-02 9.51771855e-01 1.30526841e-01
    1.76213831e-01 1.35500133e-01 8.66408646e-02 9.28214192e-01
    5.18435538e-01 5.68159461e-01 6.86652899e-01 2.35718250e-01
    9.60087419e-01 4.51171279e-01 4.80488122e-01 9.71881628e-01
    6.95559084e-01 1.62949026e-01 6.38856709e-01 4.00584936e-03
    9.67370808e-01 1.62566513e-01 5.94738901e-01 4.58057106e-01
    5.46486080e-02 6.25658572e-01 1.58935189e-02 5.70918739e-01
    5.80034852e-01 2.88708061e-01 3.88132811e-01 2.50327289e-01
    3.68155837e-02 7.74951994e-01 9.98105586e-01 4.78055477e-02
    6.66827023e-01 6.23794079e-01 5.79411328e-01 5.69058061e-01
    4.27608162e-01 7.97864497e-01 6.16716385e-01 6.76415920e-01
    2.32067585e-01 5.79959452e-01 7.11556733e-01 1.76705539e-01
    3.76000941e-01 9.36409831e-01 5.10827601e-01 7.04856157e-01
    7.68407404e-01 9.24794853e-01 1.61244392e-01 6.36364520e-02
    1.50934368e-01 8.57060850e-01 5.82624316e-01 5.76900542e-01
    5.41342795e-01 1.50177181e-02 1.86458290e-01 7.85923660e-01
    2.05053061e-01 9.98846352e-01 7.90249825e-01 1.35008097e-01
    3.69975716e-01 4.97694135e-01 8.00069511e-01 6.75728917e-03
    7.57982612e-01 9.91847336e-01 2.58060396e-01 4.64595467e-01
    1.20325983e-01 3.67216498e-01 8.39555502e-01 6.85169399e-01
    2.85523266e-01 8.85490656e-01 9.00159180e-01 7.16327846e-01
    3.00644338e-02 2.47676909e-01 9.87989545e-01 2.98860431e-01
    9.07650590e-01 6.19897068e-01 8.18870783e-01 5.53010702e-02
    4.75492001e-01 6.35885298e-01 9.77523923e-01 3.87298524e-01
    7.99899697e-01 1.68324769e-01 2.33271509e-01 1.24852061e-01
    7.84408808e-01 4.77076948e-01 3.77621740e-01 3.16575885e-01
    2.00176746e-01 1.88734651e-01 7.92496443e-01 1.65326208e-01
    8.68204355e-01 1.36133641e-01 3.33825052e-02 9.93579805e-01
    9.56825018e-01 8.34426761e-01 3.85762513e-01 7.58691072e-01
    8.73188615e-01 2.75299549e-02 3.49743456e-01 9.33786631e-01
    1.48542047e-01 5.53389847e-01 7.94178247e-01 6.99737191e-01
    5.95531225e-01 8.74964952e-01 1.78884238e-01 5.68560481e-01
    8.53927135e-01 5.53522944e-01 7.44820952e-01 2.00814605e-01
    4.69019979e-01 1.82474494e-01 9.92488384e-01 8.44141006e-01
    4.89001662e-01 2.41873682e-01 6.33788586e-01 5.05483985e-01
    8.04540157e-01 2.02842742e-01 9.00242090e-01 8.37589502e-01
    1.71570271e-01 5.94031811e-02 9.08447623e-01 4.54818428e-01
    1.93255812e-01 4.64172155e-01 8.40227127e-01 3.68656427e-01
    4.20690954e-01 9.80632305e-01 1.71973407e-02 5.64724207e-04
    6.31291330e-01 7.93513417e-01 8.30067098e-02 1.46736979e-01
    4.69312668e-02 8.18846941e-01 4.22074407e-01 9.66396511e-01
    8.55139971e-01 5.69224238e-01 1.98661596e-01 9.81713653e-01
    7.01777339e-01 4.36108023e-01 8.09786379e-01 6.50635362e-02
    2.11817384e-01 3.61735106e-01 1.60895675e-01 4.48527783e-01
    6.21825457e-04 6.81080043e-01 4.56697762e-01 6.22242451e-01
    8.46300840e-01 7.10254371e-01 5.97577929e-01 2.97241449e-01
    2.00762838e-01 2.31675833e-01 8.87152195e-01 8.13078880e-02
    8.22436810e-01 3.95019323e-01 8.78242016e-01 3.30424249e-01
    7.82820463e-01 1.68178260e-01 2.40977019e-01 5.99838972e-01
    1.53179556e-01 4.02485579e-01 1.21542215e-01 5.65190911e-01
    6.45277202e-01 7.55733609e-01 5.88107169e-01 5.54606438e-01
    6.33158088e-01 6.13131523e-01 5.93895078e-01 1.57795429e-01
    6.62105918e-01 7.43795991e-01 6.74143612e-01 1.24489039e-01
    2.04834282e-01 3.10766160e-01 4.83363360e-01 1.94048285e-02
    4.79431480e-01 1.65767580e-01 8.37799788e-01 6.73208416e-01
    1.73263669e-01 9.36468720e-01 6.20168269e-01 9.04322028e-01
    2.54449546e-01 4.42591131e-01 6.64324224e-01 8.04889202e-01
    2.87267864e-02 4.61774588e-01 8.05206299e-01 2.11862057e-01
    8.43086720e-01 5.19332469e-01 7.80254900e-01 8.07931423e-01
    4.42374349e-01 6.90730333e-01 6.42915368e-02 7.24504292e-01
    8.20413828e-02 8.42841983e-01 3.03492934e-01 1.41011864e-01
    8.25341582e-01 4.11693931e-01 7.21485138e-01 7.26834714e-01
    2.16910332e-01 4.00491595e-01 7.49578536e-01 3.93620670e-01
    1.48064047e-01 6.02482200e-01 5.66892743e-01 7.61600971e-01
    5.53919196e-01 6.98652864e-03 8.07986259e-01 6.11558378e-01
    8.81645799e-01 1.83430076e-01 5.70141554e-01 9.48131144e-01
    4.97579902e-01 9.79216576e-01 4.05899823e-01 7.71319628e-01
    6.07528031e-01 2.32254088e-01 4.80408549e-01 1.76681221e-01
    8.26866269e-01 2.43218839e-01 2.75695086e-01 6.93691730e-01
    3.33761245e-01 9.21307087e-01 1.04214847e-01 5.21522164e-01
    2.95781672e-01 7.61238813e-01 6.85819268e-01 2.10585624e-01
    1.43829972e-01 3.46634001e-01 2.09726989e-02 3.18257630e-01
    6.04489207e-01 3.01671773e-01 2.84913033e-01 7.97209144e-02
    2.11120814e-01 6.19380355e-01 5.67805171e-01 6.56560659e-01
    4.91250187e-01 8.91414106e-01 7.42072284e-01 6.81704223e-01
    3.29994261e-02 2.88646132e-01 9.89779592e-01 6.55866504e-01
    5.98509371e-01 5.69310308e-01 4.94044930e-01 3.58381152e-01
    2.18605876e-01 9.01927114e-01 9.19817328e-01 5.02727330e-02
    5.19573748e-01 7.99541593e-01 5.39218426e-01 4.60109591e-01
    7.34064639e-01 4.36496079e-01 8.11326981e-01 1.79538429e-01
    7.62045026e-01 9.20798719e-01 7.27723181e-01 8.15469623e-01
    4.47749525e-01 8.99592638e-01 9.27770495e-01 1.09792739e-01
    4.07869548e-01 2.25377589e-01 1.90155208e-02 4.82614249e-01
    7.14139819e-01 2.59228349e-02 8.40418935e-02 1.47517323e-02
    1.64881051e-02 5.27002215e-02 6.34402394e-01 2.81783283e-01
    6.13050580e-01 9.20111120e-01 6.02692962e-02 6.44652963e-01
    1.91475868e-01 8.79402280e-01 5.30130446e-01 8.11345458e-01
    8.48851323e-01 2.76865572e-01 7.46641755e-01 8.28271508e-01
    1.77852005e-01 6.83509409e-01 5.61942458e-02 8.23775351e-01
    9.24904048e-01 4.63840157e-01 7.23168194e-01 6.14817858e-01
    7.12909579e-01 1.09126270e-02 8.78973007e-01 9.80266392e-01
    9.30857182e-01 6.56797707e-01 1.76585615e-01 5.64999521e-01
    7.01008618e-01 8.25517654e-01 8.04429412e-01 7.34367251e-01
    7.96897411e-01 7.34253764e-01 9.91019130e-01 5.24454296e-01
    5.25598168e-01 2.84694731e-01 4.79978025e-02 9.88232076e-01
    5.78884900e-01 4.70410645e-01 2.95563340e-02 6.33783460e-01
    6.74703717e-02 6.95074975e-01 5.09600163e-01 4.52248693e-01
    2.07924485e-01 4.03907478e-01 1.57161981e-01 2.38074660e-02
    6.49337530e-01 8.75070810e-01 1.21548921e-01 5.47248483e-01
    3.38075459e-01 3.64122689e-02 1.77480876e-02 4.68297511e-01
    2.69681573e-01 5.01827896e-01 8.20415974e-01 3.31132293e-01
    1.15651339e-01 7.76687741e-01 5.46487391e-01 9.99394774e-01
    5.49289048e-01 4.91780281e-01 7.40358591e-01 6.15769804e-01
    4.38470066e-01 1.68627501e-03 6.90375865e-02 4.22731698e-01
    9.46655869e-01 4.93111521e-01 5.33357441e-01 3.75944436e-01
    9.76712465e-01 1.20088875e-01 5.89109659e-01 3.77857387e-01
    4.83531475e-01 3.03123295e-02 1.45430923e-01 6.58178627e-01
    1.09832734e-01 3.81558001e-01 5.46816826e-01 1.04188323e-02
    4.04285014e-01 6.88501537e-01 9.08225536e-01 8.77395868e-02
    2.38129407e-01 8.61467004e-01 4.28322494e-01 5.63033223e-01
    2.20368743e-01 6.59873009e-01 1.82652920e-01 8.97835612e-01
    7.37219453e-01 1.60520285e-01 9.73941088e-01 9.67185855e-01
    2.72783220e-01 6.96748972e-01 9.99001682e-01 7.98142791e-01
    9.33562100e-01 7.67945826e-01 9.34643626e-01 2.30617732e-01
    8.72519493e-01 7.23072588e-01 1.23297215e-01 6.91139698e-01
    9.43058848e-01 7.74085879e-01 2.60917068e-01 9.61783826e-02
    7.90738702e-01 7.85836339e-01 1.35932386e-01 9.75906134e-01
    2.26797193e-01 4.45554435e-01 4.74490851e-01 6.95550919e-01
    3.62392664e-01 3.90999526e-01 6.74655557e-01 6.44463062e-01
    8.22311461e-01 4.97750551e-01 1.74184293e-01 1.17878467e-01
    8.69245768e-01 9.45270598e-01 3.37081790e-01 9.33768809e-01
    4.69779432e-01 7.21626401e-01 9.40709591e-01 9.18501019e-02
    3.05153251e-01 9.96188402e-01 9.21583772e-01 5.21843255e-01
    4.53162044e-01 9.03322101e-02 6.88363016e-01 7.77498007e-01
    1.39956743e-01 3.05016100e-01 3.05146754e-01 1.83675021e-01
    7.86639094e-01 7.19570398e-01 3.66277993e-01 4.51827019e-01
    8.70798349e-01 6.42338157e-01 5.36752045e-01 7.23005235e-01
    9.69378054e-02 3.99670094e-01 5.91162562e-01 6.59216702e-01
    2.23833412e-01 9.24954176e-01 5.99028230e-01 7.73230791e-01
    6.08770251e-01 5.04634678e-01 3.80564511e-01 5.47926903e-01
    2.84549773e-01 4.71081436e-01 9.84924436e-01 4.36125159e-01
    4.21532929e-01 5.62395930e-01 9.41949964e-01 5.34886181e-01
    8.99506092e-01 6.69550896e-01 3.84322256e-01 2.33482450e-01
    8.80161107e-01 1.91747040e-01 2.21842974e-01 9.20450091e-01
    1.72408968e-01 5.21676242e-01 9.68509793e-01 2.98604965e-01
    2.26577520e-01 9.05546784e-01 2.63552368e-02 8.22039604e-01
    8.18379402e-01 6.31919861e-01 6.38824940e-01 8.15767407e-01
    5.68331182e-02 4.52951789e-01 8.78439367e-01 1.17800415e-01
    5.54397523e-01 7.16031253e-01 1.57552063e-01 8.98979306e-01
    7.89255738e-01 4.51588988e-01 5.60715377e-01 7.18124211e-01
    6.25025988e-01 7.37590790e-01 4.41957265e-01 9.77154076e-01
    6.58346355e-01 5.53609133e-01 9.23718989e-01 9.56524491e-01
    4.66244608e-01 1.99399561e-01 6.90918207e-01 3.96652281e-01
    1.07411951e-01 8.70240688e-01 4.68016773e-01 7.85451412e-01
    1.89130783e-01 3.65275919e-01 2.04095066e-01 1.10864460e-01
    1.08011067e-02 5.65505624e-02 5.07343709e-01 7.67331839e-01
    8.23448241e-01 2.11358368e-01 8.38403106e-01 7.65577912e-01
    8.74478579e-01 4.29008663e-01 4.68909740e-03 4.83563781e-01
    9.89463985e-01 7.60744512e-02 1.02084100e-01 2.88604498e-01
    1.04035497e-01 1.08234376e-01 4.01198298e-01 8.85278940e-01
    2.45610654e-01 1.62519783e-01 8.04828465e-01 1.08855367e-01
    4.81899768e-01 3.07623446e-01 6.55727267e-01 3.79728079e-01
    3.85728925e-01 2.46605337e-01 4.42192852e-02 6.80422306e-01
    2.96633184e-01 7.46299505e-01 3.45994085e-01 8.94321918e-01
    2.85373509e-01 3.76511753e-01 8.96551490e-01 9.22835588e-01
    8.70324492e-01 8.81864667e-01 2.13165373e-01 4.56102490e-02
    4.27713752e-01 1.66731566e-01 1.50684178e-01 1.21048808e-01
    4.14489806e-02 6.17980778e-01 2.06692904e-01 6.29460216e-02
    3.65041077e-01 3.07520956e-01 1.18778795e-01 9.48423862e-01
    7.15431571e-01 1.47158384e-01 1.60036087e-02 9.79707360e-01
    5.32494664e-01 7.32965410e-01 9.33640718e-01 3.58929485e-01
    1.55000657e-01 9.40574825e-01 3.42825711e-01 6.93957090e-01
    7.03214228e-01 7.78979838e-01 5.85537791e-01 1.27766550e-01
    8.12463880e-01 9.13269222e-01 2.97254622e-01 7.81811476e-02
    6.32686019e-01 6.69566751e-01 2.94002533e-01 5.68792105e-01
    3.06532681e-01 9.33836579e-01 9.38722670e-01 4.45984691e-01
    4.11124945e-01 7.14605749e-01 5.42513192e-01 8.14836979e-01
    8.84873748e-01 2.20190674e-01 7.04369366e-01 6.28588200e-01
    9.17221844e-01 1.26448423e-01 3.83231044e-01 2.23331094e-01
    4.20715630e-01 2.86930382e-01 9.63284016e-01 6.42677128e-01
    6.32077038e-01 5.85103750e-01 8.97001624e-01 7.63266683e-01
    8.32753062e-01 3.27481151e-01 8.00698698e-02 4.32382971e-01
    8.25707197e-01 7.78988242e-01 6.76519275e-01 1.63067162e-01
    3.74772072e-01 4.15658355e-01 5.32495558e-01 4.14211601e-01
    5.59593439e-02 6.00047052e-01 5.45066178e-01 5.12666643e-01
    4.74079818e-01 8.81104350e-01 8.30206633e-01 7.15959966e-01
    5.62014461e-01 1.31718338e-01 9.96906102e-01 8.63306224e-01
    8.92744064e-02 4.16125476e-01 2.17616737e-01 4.07751232e-01
    4.53902781e-02 1.06405020e-02 5.48264802e-01 5.06865084e-01
    6.31187558e-02 9.72384989e-01 7.31735528e-02 4.60657477e-01
    5.39527059e-01 7.76428580e-01 3.09900641e-01 6.28503561e-01
    9.38318133e-01 7.13554740e-01 9.45860386e-01 9.64700580e-01
    5.92740595e-01 4.24813211e-01 5.56722581e-01 4.25088406e-02
    7.10971355e-02 5.35426140e-01 4.07234579e-01 5.98253489e-01
    9.63072479e-01 4.08530623e-01 4.81091857e-01 3.45861435e-01
    6.84477329e-01 1.69681102e-01 7.38414407e-01 5.58573544e-01
    7.12159216e-01 5.83571732e-01 7.53262758e-01 1.01359040e-01
    3.79301697e-01 5.77743769e-01 9.96315002e-01 8.90895009e-01
    9.01425481e-01 4.50464696e-01 7.38292813e-01 9.30706263e-01
    7.61593938e-01 4.70671624e-01 1.06303692e-02 7.84671307e-02
    2.09951758e-01 6.67467415e-02 8.25689435e-02 8.77022028e-01
    4.72947389e-01 6.85513735e-01 9.78509605e-01 1.68482661e-02
    8.39456379e-01 3.67708683e-01 7.50189722e-02 4.56174582e-01
    9.24874306e-01 3.50144207e-02 9.36807275e-01 1.53522879e-01
    1.16219282e-01 7.54959464e-01 8.76938641e-01 6.35447860e-01
    8.28570008e-01 5.58217168e-01 9.73144293e-01 2.51859665e-01
    6.10625863e-01 9.53669667e-01 1.73326552e-01 4.01393294e-01
    8.97866189e-01 7.32428014e-01 4.25327510e-01 1.81913227e-01
    8.01914334e-01 8.93212914e-01 3.05629909e-01 9.60378647e-01
    8.65259886e-01 4.35764253e-01 9.98859882e-01 2.53255844e-01
    5.31045794e-02 7.03325272e-02 4.19273317e-01 3.21716487e-01
    8.69640410e-01 5.03130555e-01 1.93857253e-02 2.63007402e-01
    6.26230240e-01 6.90338194e-01 9.54220891e-02 1.98329657e-01
    9.11695242e-01 6.53621972e-01 8.27307999e-01 1.61030471e-01
    4.04390931e-01 7.08781540e-01 5.50847590e-01 8.55832338e-01
    9.17580128e-01 9.46531892e-01 1.04723275e-01 3.43799353e-01
    6.60618067e-01 6.96197808e-01 8.60146761e-01 3.15137506e-02
    1.46826506e-01 5.67213953e-01 2.66558886e-01 9.08685744e-01
    1.58983469e-02 3.87237668e-01 1.21954292e-01 9.13096428e-01
    7.26003349e-01 5.34102440e-01 4.72814322e-01 7.56588459e-01
    8.14889669e-01 1.53613985e-01 7.94252753e-03 5.74826777e-01
    4.63495225e-01 7.04618096e-02 6.30145490e-01 5.41704595e-02
    3.85033727e-01 9.92387176e-01 9.68723655e-01 9.50368285e-01
    1.51774108e-01 4.93849903e-01 3.95695686e-01 8.00045967e-01
    4.94223177e-01 5.58252573e-01 8.50074887e-01 4.67163533e-01
    9.36744332e-01 1.03076667e-01 5.18327355e-01 6.42215729e-01
    9.88790393e-02 7.15544939e-01 9.01920974e-01 1.66934371e-01
    4.20874834e-01 8.86598408e-01 4.36597347e-01 2.48406231e-01
    6.53954029e-01 6.22322321e-01 8.88803959e-01 7.85451055e-01
    9.60799336e-01 2.89795429e-01 2.69674182e-01 2.62322009e-01
    4.50792879e-01 6.42798662e-01 1.80657029e-01 8.26314926e-01
    7.81341732e-01 9.34570670e-01 7.16880500e-01 3.74826729e-01
    2.47381389e-01 5.45475245e-01 8.79243255e-01 2.31741577e-01
    1.97786421e-01 3.13662916e-01 6.22306943e-01 1.61261171e-01
    2.57791519e-01 7.58850873e-02 9.92517889e-01 3.33516955e-01
    4.61360037e-01 3.09719205e-01 9.73160565e-02 6.93691075e-01
    3.73224705e-01 7.08276451e-01 6.77531958e-01 7.15832472e-01
    1.51669741e-01 3.15776587e-01 5.07093668e-02 8.85135770e-01
    9.79581356e-01 4.86170202e-01 6.91990137e-01 9.29853022e-02
    6.73602700e-01 2.00699270e-02 5.94207525e-01 4.36409861e-01
    9.71366882e-01 8.85425091e-01 2.31389254e-01 5.79875469e-01
    1.97559476e-01 8.03161621e-01 5.97410083e-01 3.10775936e-01
    3.22522640e-01 2.57534623e-01 6.02620542e-01 4.23404664e-01
    7.43787348e-01 5.99180758e-01 9.49452639e-01 8.44337344e-01
    6.63683534e-01 5.07659197e-01 1.73421502e-02 4.29287106e-01
    4.97382879e-01 6.23524785e-01 3.74471277e-01 5.96255481e-01
    5.54111302e-02 3.08770627e-01 3.77458811e-01 8.42002332e-01
    7.92788982e-01 8.35344613e-01 9.73768950e-01 6.58227861e-01
    3.73555005e-01 1.69815660e-01 4.03895676e-02 1.58561319e-01
    7.54989743e-01 7.61886835e-01 9.13955808e-01 1.64212942e-01
    5.88495851e-01 9.75077152e-02 9.85044658e-01 1.59302503e-01
    9.40952420e-01 3.17466408e-01 2.39191294e-01 7.75036454e-01
    8.64886165e-01 2.87036479e-01 3.43490899e-01 9.99189258e-01
    1.79211378e-01 5.78699112e-01 8.22387636e-02 8.88227820e-01
    8.52889895e-01 8.26569915e-01 6.28032804e-01 3.69458109e-01
    1.68606639e-01 7.41962790e-02 1.20183349e-01 3.19877386e-01
    3.93262506e-01 8.73133719e-01 8.12694073e-01 6.69789553e-01
    8.36897433e-01 4.90691215e-01 5.73343039e-01 3.61767828e-01
    5.22556305e-02 1.75299674e-01 6.92311406e-01 8.06923389e-01
    1.00829512e-01 9.51748013e-01 8.11356902e-01 5.23973942e-01
    9.02954221e-01 1.53355360e-01 1.88966155e-01 3.82880241e-01
    7.62664914e-01 3.61712694e-01 5.65311909e-01 3.97128284e-01
    7.22262740e-01 1.18512690e-01 6.75972342e-01 7.07892478e-02
    8.11139584e-01 8.15812767e-01 5.63799679e-01 1.24425560e-01
    1.54944897e-01 3.82890046e-01 2.79661894e-01 3.46664369e-01
    4.30556178e-01 3.03122997e-02 8.48458409e-01 9.06524897e-01
    3.41706038e-01 2.18616515e-01 1.14861906e-01 8.39645803e-01
    4.71132189e-01 1.48195416e-01 9.45417762e-01 1.27945781e-01
    4.65313196e-01 9.83593583e-01 6.60577774e-01 5.72266579e-01
    9.63853240e-01 7.60114670e-01 8.39112163e-01 7.42489040e-01
    4.30667639e-01 5.26285410e-01 5.04302800e-01 4.27485555e-01
    3.20806444e-01 7.18861341e-01 5.23666620e-01 1.62721992e-01
    1.93439513e-01 7.83951581e-01 9.23629582e-01 3.18200409e-01
    5.67064106e-01 7.63250291e-02 9.25245702e-01 4.64264810e-01
    4.82253015e-01 4.76110548e-01 9.64788437e-01 2.87297308e-01
    1.40060931e-01 1.56612694e-01 8.43254089e-01 1.65128112e-01
    6.08643532e-01 2.34911621e-01 4.38773960e-01 1.05511457e-01
    8.73991013e-01 9.26065803e-01 1.83247358e-01 7.31606543e-01
    8.45693707e-01 9.52380061e-01 3.77652377e-01 9.25974786e-01
    4.61748898e-01 8.66694331e-01 3.03217411e-01 3.35637242e-01
    1.76837713e-01 8.33215475e-01 8.90785754e-01 7.93181479e-01
    1.76984847e-01 5.21381378e-01 5.87322652e-01 7.69056082e-02
    3.79673630e-01 7.90048659e-01 6.54509604e-01 8.31189573e-01
    6.60879254e-01 2.67977715e-01 4.13423955e-01 6.12314761e-01
    1.20860070e-01 6.29003644e-01 5.26065290e-01 8.08971405e-01
    4.59419191e-02 3.48401666e-01 3.57174367e-01 4.90519404e-01
    7.81844378e-01 5.37821114e-01 4.18438673e-01 2.57875651e-01
    2.44979024e-01 7.75138021e-01 2.74553448e-01 2.54877239e-01
    3.38295996e-01 4.37027752e-01 2.16591090e-01 4.31786716e-01
    4.98060524e-01 1.32001549e-01 2.79807299e-01 5.28696954e-01
    8.48701596e-02 1.90627426e-01 4.69901830e-01 7.90898144e-01
    9.42429602e-01 7.51110256e-01 3.54756773e-01 6.27925456e-01
    7.64744818e-01 2.91442513e-01 4.52418089e-01 4.17141914e-01
    7.36992538e-01 9.12198901e-01 7.68376172e-01 3.78852934e-01
    4.59677726e-01 8.89216065e-01 2.36024976e-01 9.36660290e-01
    4.22824621e-01 9.85175729e-01 8.69911432e-01 6.81807995e-02
    5.17722964e-03 3.48775089e-01 5.61421514e-01 2.98621535e-01
    2.71653473e-01 4.29094464e-01 8.79086494e-01 7.62403190e-01
    2.46760279e-01 8.45281124e-01 3.19713861e-01 8.23128223e-01
    7.52296984e-01 9.33481157e-01 7.19542325e-01 3.08689803e-01
    8.45185041e-01 3.05864811e-02 2.92605430e-01 2.73790956e-01
    2.08243430e-01 1.96646303e-01 7.99587846e-01 2.90705562e-02
    2.44395286e-01 8.89353454e-02 5.56701362e-01 8.29061568e-02
    9.05358195e-01 7.35463381e-01 8.64905000e-01 9.79694963e-01
    9.76322770e-01 3.81766140e-01 8.73530686e-01 4.86559123e-01
    8.17878962e-01 5.92992485e-01 1.15266621e-01 6.51716590e-01
    6.22110426e-01 1.05221391e-01 7.18146384e-01 1.71909750e-01
    6.00953162e-01 2.94626832e-01 4.62430000e-01 1.51221216e-01
    5.46570122e-02 6.95992351e-01 1.71226025e-01 7.29533553e-01
    8.66110742e-01 2.57994264e-01 1.70714647e-01 6.27139211e-03
    7.32567787e-01 3.14841688e-01 8.39941382e-01 9.31091666e-01
    8.73875499e-01 7.43750393e-01 4.91983891e-01 1.43843114e-01
    9.66102779e-02 1.26290709e-01 5.14242172e-01 3.41163874e-01
    4.12797034e-01 5.86897910e-01 3.88542324e-01 7.70640612e-01
    2.95541614e-01 6.84299231e-01 1.25832230e-01 7.19381928e-01
    5.82592666e-01 1.77801281e-01 9.68377292e-02 3.21931481e-01
    7.59598196e-01 5.68851650e-01 5.11069834e-01 2.19331414e-01
    2.07747817e-02 6.00564361e-01 1.74291819e-01 2.31384128e-01
    2.04577386e-01 4.77946669e-01 9.86143172e-01 4.01218921e-01
    2.57842183e-01 1.06576025e-01 2.89966702e-01 3.26530039e-01
    3.38910937e-01 1.99028373e-01 5.17333210e-01 1.11056596e-01
    2.55846739e-01 2.35601723e-01 2.03765631e-02 6.38772547e-01
    8.52526665e-01 5.02315283e-01 2.95017213e-01 7.53344953e-01
    5.99898338e-01 5.10847151e-01 7.88244903e-02 7.55685508e-01
    5.83658338e-01 7.21575558e-01 9.38291311e-01 4.15863276e-01
    8.87910306e-01 9.59116518e-02 4.58037496e-01 1.09561205e-01
    2.21718669e-01 7.04194069e-01 4.89104807e-01 2.54783660e-01
    4.88156378e-02 4.34717834e-02 3.66257727e-01 9.77246642e-01
    8.46245646e-01 8.64493430e-01 3.43212664e-01 2.21698314e-01
    6.88425899e-02 9.58492219e-01 2.72910416e-01 3.82815629e-01
    5.31132162e-01 3.31000388e-02 3.12464088e-01 3.53640497e-01
    8.42773378e-01 6.07173145e-01 3.32784951e-01 7.98856735e-01
    4.94149119e-01 3.63506496e-01 5.21474540e-01 9.53115582e-01
    6.28329456e-01 4.58026856e-01 5.79115570e-01 3.09279591e-01
    8.50331545e-01 2.23772824e-02 3.75467151e-01 6.33693516e-01
    5.85315347e-01 2.00015306e-02 7.13670194e-01 5.91809452e-02
    4.52997983e-01 2.61093050e-01 8.99042130e-01 7.44832218e-01
    5.75471461e-01 4.22794342e-01 7.28467226e-01 4.59887475e-01
    3.69307399e-03 6.67122424e-01 4.39352423e-01 8.94891679e-01
    7.13629663e-01 8.07409465e-01 4.34188724e-01 6.36629462e-01
    8.90462041e-01 6.77612841e-01 9.24058497e-01 8.58619392e-01
    8.90691519e-01 4.48552132e-01 3.99368584e-01 6.10176623e-02
    3.97406757e-01 7.10531116e-01 1.25246227e-01 8.28159750e-02
    5.58494806e-01 8.31057429e-02 7.99679160e-01 5.55943549e-01
    2.36058712e-01 3.64214778e-01 1.59224570e-02 3.78857106e-01
    3.67189467e-01 7.71122634e-01 1.45396233e-01 4.52161580e-01
    1.31505549e-01 5.79260647e-01 1.77941412e-01 2.34693289e-04
    9.19601083e-01 3.20646346e-01 1.58082306e-01 9.96699393e-01
    7.69554377e-01 9.63016033e-01 6.35827899e-01 7.35492468e-01
    7.20346570e-02 2.68637240e-02 1.20423168e-01 6.94256306e-01
    6.75120711e-01 4.57668364e-01 3.96916866e-02 7.50630498e-01
    7.19631016e-01 2.35123128e-01 5.37352085e-01 8.44849348e-01
    2.84241557e-01 5.15531182e-01 9.88018036e-01 5.52387118e-01
    8.19447398e-01 6.81668282e-01 9.52315092e-01 8.43988478e-01
    4.36595857e-01 8.64212871e-01 3.79211903e-01 2.60660946e-02
    2.71468937e-01 6.72669411e-01 3.78956467e-01 9.46376026e-02
    5.60426235e-01 2.13347793e-01 5.30240476e-01 6.07622027e-01
    4.67500150e-01 4.15409207e-01 5.71755767e-01 4.97021675e-02
    7.30265081e-02 4.80866551e-01 1.34310812e-01 7.98378944e-01
    7.16263056e-01 3.94431025e-01 6.40386641e-01 1.17478609e-01
    9.88866091e-01 8.45581472e-01 8.41646492e-02 9.65999663e-01
    3.96221817e-01 7.78756917e-01 4.27633077e-01 1.36695445e-01
    9.23572540e-01 3.27490270e-02 6.01785183e-02 6.49512947e-01
    4.58338380e-01 2.81718493e-01 8.39474678e-01 2.15323389e-01
    6.06208622e-01 7.70129561e-01 3.00709814e-01 8.94078612e-01
    6.39787674e-01 8.85832906e-02 7.64215469e-01 6.08367503e-01
    3.10008287e-01 3.24414372e-02 5.48352838e-01 7.84963250e-01
    4.72541720e-01 2.14478493e-01 6.91586554e-01 1.73160642e-01
    8.46639514e-01 6.17760301e-01 8.86086226e-01 3.84008944e-01
    6.03792310e-01 2.10273266e-03 9.41088438e-01 7.77608752e-02
    1.20525509e-01 5.17945528e-01 4.68101025e-01 3.42596054e-01
    7.91233063e-01 4.13443983e-01 1.03681386e-01 8.50547552e-02
    5.82115591e-01 7.75060058e-03 8.83390069e-01 4.46400166e-01
    1.96368396e-01 9.05488491e-01 1.40228480e-01 8.64491582e-01
    7.72845626e-01 2.62855411e-01 6.33770108e-01 3.14048946e-01
    6.30371809e-01 3.28645617e-01 8.85795951e-01 6.56465769e-01
    4.92041826e-01 3.36216837e-01 2.52999574e-01 1.34468436e-01
    7.30803311e-01 1.59736276e-02 6.67269170e-01 7.81474829e-01
    5.92717946e-01 3.69228452e-01 4.45537329e-01 7.30344713e-01
    9.40181375e-01 7.67199993e-01 8.42485487e-01 2.88201898e-01
    2.84090996e-01 2.22100258e-01 8.28452468e-01 3.58145237e-02
    2.35457957e-01 3.80710363e-02 9.48858857e-02 5.05215704e-01
    9.29796338e-01 6.23769522e-01 8.54125261e-01 2.16665894e-01
    2.48710811e-01 1.54966056e-01 4.34125185e-01 4.51394051e-01
    2.34171748e-03 7.78064430e-01 4.60028768e-01 3.01520675e-01
    1.93692863e-01 6.65615857e-01 2.53325582e-01 4.27762479e-01
    1.17659450e-01 4.70390022e-01 2.12472051e-01 7.78842747e-01
    1.63324714e-01 7.99014807e-01 6.12793863e-01 5.90742528e-01
    6.56572282e-01 4.03452873e-01 7.74032354e-01 8.10347795e-01
    3.95083725e-02 7.33634710e-01 1.15244269e-01 5.80364764e-02
    4.27374184e-01 5.64782917e-02 5.06580114e-01 3.62254739e-01
    7.63331413e-01 3.03373575e-01 4.15993273e-01 2.81091928e-02
    9.49089885e-01 3.93678933e-01 6.17650390e-01 3.15523416e-01
    4.37759340e-01 5.56004643e-02 6.59255385e-02 7.22814798e-02
    6.78787470e-01 4.98690486e-01 6.41520500e-01 9.82557416e-01
    8.30110788e-01 4.85194027e-01 4.89564508e-01 7.54279137e-01
    1.99696600e-01 7.88447976e-01 4.10674334e-01 1.55825377e-01
    6.73371255e-01 3.91332358e-01 9.36126471e-01 9.92401302e-01
    3.06635916e-01 8.31689954e-01 6.66406631e-01 8.18809152e-01
    4.70543563e-01 6.31265640e-01 5.00568986e-01 9.60133970e-01
    7.22083151e-01 9.64484453e-01 2.88255304e-01 1.35314018e-01
    1.91675723e-02 4.89788622e-01 5.70918858e-01 9.57412481e-01
    3.33919168e-01 4.77608919e-01 5.11601388e-01 8.80935013e-01
    6.65816724e-01 1.65459692e-01 8.03776264e-01 1.74860477e-01
    6.12773538e-01 5.23248732e-01 4.38546747e-01 7.88866758e-01
    3.14783692e-01 8.25492859e-01 8.52197170e-01 8.56552243e-01
    8.54132473e-02 8.35752189e-01 5.92269897e-01 5.35324812e-02
    3.80427092e-01 7.42428422e-01 1.09053195e-01 8.58210683e-01
    3.96248579e-01 6.03928268e-01 2.57144898e-01 9.40048099e-01
    7.84088969e-01 1.66431934e-01 1.49495989e-01 6.33236587e-01
    4.41520512e-02 6.35812223e-01 2.37819999e-01 7.71399498e-01
    3.86606783e-01 9.58681226e-01 2.82157660e-01 6.49109364e-01
    7.13071227e-01 1.74012780e-03 2.28106737e-01 2.32585013e-01
    1.80646330e-01 7.42807090e-02 1.65785283e-01 1.45436525e-02
    6.17306471e-01 3.00168753e-01 6.87844038e-01 3.26802105e-01
    1.04593933e-02 6.54493988e-01 1.08519793e-01 8.95531416e-01
    7.23602176e-01 3.29051793e-01 3.72428954e-01 7.03243077e-01
    5.47583103e-01 7.75654912e-02 7.86361814e-01 8.18937182e-01
    4.10047174e-01 5.81773758e-01 2.14232862e-01 8.73690546e-01
    5.52032411e-01 6.35387480e-01 7.83859611e-01 3.58964801e-01
    4.74728346e-02 7.63624907e-03 3.65092993e-01 5.22799671e-01
    5.89801967e-01 2.42473960e-01 9.06240821e-01 3.65975827e-01
    2.80340880e-01 8.30050349e-01 9.19846296e-01 3.75148267e-01
    2.11091995e-01 4.62741017e-01 6.77917540e-01 2.06647158e-01
    2.67288625e-01 8.94454598e-01 5.91021359e-01 6.22082889e-01
    2.28242904e-01 6.38433397e-01 9.11966980e-01 2.41878331e-01
    6.31013453e-01 6.02318764e-01 2.86100149e-01 2.18863368e-01
    2.72641480e-01 2.87609398e-01 5.36136270e-01 1.91752106e-01
    6.61445320e-01 6.34789109e-01 1.19131327e-01 6.96406662e-01
    7.30879664e-01 9.83115315e-01 8.35697055e-01 5.48656642e-01
    1.83115304e-01 4.04219031e-02 2.54222214e-01 2.67790675e-01
    3.07932496e-03 4.38932180e-01 3.61397564e-01 1.06700182e-01
    9.09650922e-02 6.33235455e-01 6.47628427e-01 7.30088711e-01
    1.56011999e-01 4.47577119e-01 1.51585490e-01 7.92144299e-01
    7.93301582e-01 3.36444557e-01 3.38880599e-01 9.04501915e-01
    1.06060982e-01 3.30912739e-01 7.04482555e-01 6.37631416e-01
    5.13850868e-01 6.13244832e-01 7.23003089e-01 8.61655593e-01
    5.20876050e-02 4.18719679e-01 7.27455974e-01 1.33167088e-01
    9.59120452e-01 7.90138125e-01 2.64471889e-01 4.83906060e-01
    2.34697014e-01 1.49911791e-01 1.72039449e-01 9.00901735e-01
    1.71007246e-01 3.36104631e-03 7.09849954e-01 2.99283713e-01
    9.72982645e-01 2.79444873e-01 4.48435456e-01 3.91788214e-01
    8.84640455e-01 8.31522405e-01 5.71405590e-01 6.23291969e-01
    6.60641074e-01 5.75509965e-02 8.80694747e-01 2.18074709e-01
    6.63452446e-01 4.77658868e-01 9.31108654e-01 8.79757702e-02
    6.12194836e-02 4.25961435e-01 4.18173105e-01 2.48304546e-01
    1.01552099e-01 9.13738847e-01 1.85239553e-01 2.71026522e-01
    5.23583710e-01 3.13947916e-01 7.38917112e-01 6.04412019e-01
    5.13399720e-01 7.32923329e-01 4.97022927e-01 9.65353966e-01
    7.32905865e-01 2.35621691e-01 2.17337430e-01 8.65661621e-01
    1.19790077e-01 4.19423133e-01 7.84656525e-01 3.55392903e-01
    4.35101151e-01 5.05508244e-01 9.93414521e-01 2.90607005e-01
    5.45822680e-02 5.76791883e-01 3.12995195e-01 5.26976705e-01
    2.24108398e-02 7.05762684e-01 6.93416893e-01 6.77573562e-01
    4.72462833e-01 4.05168116e-01 4.10805523e-01 5.78982592e-01
    3.43336910e-01 4.84384000e-02 3.40340495e-01 7.56072640e-01
    9.00722742e-02 5.43763340e-02 1.80384785e-01 2.89745986e-01
    7.30229139e-01 7.14029074e-01 9.42799211e-01 6.76613092e-01
    5.07985353e-02 4.38759357e-01 1.11675322e-01 8.99248958e-01
    3.66548419e-01 5.25938988e-01 1.52753711e-01 2.88863480e-01
    6.34690821e-01 5.52098453e-01 1.42268538e-01 6.28087282e-01
    3.52600366e-01 4.09892827e-01 8.05085063e-01 7.54692256e-02
    2.26319134e-01 8.36447418e-01 7.93901920e-01 4.68604863e-01
    2.80528307e-01 6.98135495e-02 3.49693358e-01 3.78958791e-01
    4.43595648e-02 2.43559808e-01 1.22790545e-01 7.31342554e-01
    4.48168278e-01 4.58219111e-01 3.89342785e-01 2.49760121e-01
    7.09335387e-01 5.68200648e-01 8.16725075e-01 3.21243644e-01
    3.06351900e-01 2.81959653e-01 4.12271172e-01 6.39660597e-01
    5.74160993e-01 6.28767669e-01 5.44828355e-01 4.74903554e-01
    2.38887042e-01 4.81730223e-01 7.55994141e-01 4.05320674e-01
    6.66002631e-02 5.40554881e-01 3.34599853e-01 1.48051083e-01
    8.14303160e-01 6.81070626e-01 4.28317487e-01 6.21568918e-01
    1.23589069e-01 7.77779341e-01 1.29633784e-01 5.97859859e-01
    7.51608372e-01 1.32856935e-01 9.04546380e-01 2.23901242e-01
    4.21830744e-01 1.50083005e-01 2.96611458e-01 4.35587794e-01
    1.68663621e-01 2.11396724e-01 3.23259920e-01 2.73519516e-01
    1.01866931e-01 7.25052476e-01 1.30040944e-01 7.84839630e-01
    1.37182206e-01 7.89492071e-01 2.25625366e-01 6.23695850e-01
    6.47015691e-01 4.92531985e-01 4.14976001e-01 6.30332232e-02
    7.82131672e-01 3.10679138e-01 5.41931450e-01 5.27463198e-01
    8.30751121e-01 8.23106170e-01 7.22866058e-01 8.80574465e-01
    5.05258799e-01 5.60004294e-01 9.97675538e-01 1.85168147e-01
    2.37815022e-01 4.77690756e-01 7.43419647e-01 8.43675971e-01
    7.06074476e-01 9.87941921e-01 7.23976135e-01 7.25826919e-02
    1.04082227e-01 1.11228317e-01 2.97869563e-01 6.57163978e-01
    3.76746058e-03 5.98213136e-01 6.37247264e-02 9.52607393e-02
    8.10576558e-01 4.75836843e-01 4.02295977e-01 5.91051638e-01
    3.49438787e-01 6.01060688e-02 1.76476330e-01 6.71564698e-01
    6.29303873e-01 5.76079190e-01 4.44169641e-02 1.52174056e-01
    7.42496133e-01 5.33686519e-01 7.52088428e-03 2.11298466e-02
    2.56820321e-01 6.78661704e-01 5.14691174e-02 6.96458638e-01
    3.10388207e-02 3.15322936e-01 7.44776964e-01 6.29703581e-01
    9.33895707e-01 6.60246968e-01 6.16668165e-01 2.31883824e-01
    7.91849017e-01 6.60792828e-01 1.96617126e-01 2.16162890e-01
    7.08743095e-01 1.43634170e-01 1.14281267e-01 5.10508835e-01
    1.71842515e-01 2.22332805e-01 9.01792645e-01 6.86014295e-01
    4.50434625e-01 9.46478009e-01 1.20998383e-01 1.28698707e-01
    7.86813498e-02 2.48311490e-01 1.93692744e-01 7.26467431e-01
    8.30950141e-02 5.75367928e-01 9.65818763e-01 9.38571572e-01
    4.94913369e-01 3.20817113e-01 8.61938238e-01 1.32598579e-01
    6.47345960e-01 6.02415502e-01 2.26031542e-01 4.42830682e-01
    7.30175197e-01 2.34225482e-01 1.92827404e-01 1.64938152e-01
    7.28659630e-02 6.39689386e-01 8.05278480e-01 2.90561736e-01
    2.74834335e-02 4.37567860e-01 8.89751792e-01 9.00000095e-01
    8.29183280e-01 4.86159563e-01 1.07065588e-01 6.33456111e-02
    6.67033672e-01 8.75305176e-01 1.47398710e-01 8.76317143e-01
    3.17159891e-02 8.61530542e-01 2.04668730e-01 1.19661987e-01
    7.36608088e-01 2.46019661e-02 8.44665289e-01 4.88382697e-01
    1.10410005e-01 4.21747386e-01 8.84946764e-01 6.98175251e-01
    2.55978286e-01 3.27663213e-01 8.61749053e-01 6.69708669e-01
    1.84684485e-01 2.14474499e-01 5.81319213e-01 3.05253863e-01
    4.88583475e-01 2.79932797e-01 8.11056972e-01 3.83230031e-01
    4.66611654e-01 2.73716509e-01 9.00982320e-02 2.42459774e-02
    6.67614818e-01 1.97789192e-01 9.78858471e-02 7.14235127e-01
    5.70428371e-02 3.70203078e-01 4.87942040e-01 1.97649360e-01
    3.13612908e-01 2.45668739e-01 5.97712696e-01 4.67570245e-01
    9.51965868e-01 9.47156489e-01 1.15200877e-03 7.30578423e-01
    5.80973029e-01 8.38552058e-01 4.93798047e-01 7.97437310e-01
    2.75802612e-01 9.48539674e-02 9.91874754e-01 9.96486545e-01
    4.15720701e-01 5.54136515e-01 2.24636227e-01 6.02365732e-01
    8.84279132e-01 2.38118440e-01 2.54932404e-01 3.71179998e-01
    9.22563076e-01 3.64087820e-02 7.34916091e-01 7.26785660e-01
    9.07960653e-01 5.57083070e-01 8.41492474e-01 2.27973938e-01
    2.30960935e-01 7.43895292e-01 7.94875741e-01 1.41801119e-01
    9.02437747e-01 1.04695052e-01 6.14246428e-02 2.74508864e-01
    9.59918320e-01 5.77920616e-01 3.56701016e-01 4.78044629e-01
    1.31651878e-01 8.06994677e-01 7.26977587e-01 8.99114847e-01
    3.08956921e-01 3.58147591e-01 1.94742739e-01 5.19594491e-01
    7.44107008e-01 1.46320641e-01 2.89121985e-01 5.19470155e-01
    3.61283749e-01 7.44506359e-01 2.17954606e-01 3.66454750e-01
    6.03325665e-01 6.68832421e-01 9.26433444e-01 3.94765258e-01
    9.56597328e-01 6.75320387e-01 3.09164941e-01 3.12077105e-01
    7.41938949e-01 5.31097591e-01 2.55660266e-01 4.95310783e-01
    7.76009917e-01 4.86088634e-01 4.06928390e-01 6.34649515e-01
    1.96141988e-01 4.38774168e-01 7.82451510e-01 1.07303530e-01
    3.06165814e-02 9.22408342e-01 5.58269441e-01 9.52364504e-02
    8.15748334e-01 8.48051608e-02 4.57106143e-01 4.81170803e-01
    5.87338209e-01 1.45997912e-01 8.13121915e-01 7.03758001e-01
    6.38483763e-02 4.89382535e-01 4.70300376e-01 5.39798379e-01
    7.34174907e-01 3.40696722e-01 3.54590237e-01 2.08349735e-01
    7.26374149e-01 1.41294181e-01 5.33149958e-01 1.19890422e-01
    3.93515468e-01 6.34474874e-01 8.49327028e-01 2.37246931e-01
    3.79833460e-01 8.08738410e-01 2.84863830e-01 5.98159492e-01
    1.01502001e-01 8.05910945e-01 5.62549174e-01 6.64793611e-01
    5.95004439e-01 4.80109334e-01 7.33213127e-01 1.39057249e-01
    6.24577284e-01 9.58937168e-01 2.13171124e-01 4.69137728e-01
    5.19096434e-01 8.69677901e-01 4.23771441e-02 8.00907910e-02
    1.25153601e-01 6.03169203e-01 5.31700134e-01 5.84322751e-01
    2.50096053e-01 4.60565686e-01 6.11423492e-01 6.07048333e-01
    9.27137613e-01 7.83520401e-01 9.67226923e-02 7.28895128e-01
    6.68123841e-01 5.47306180e-01 3.96956176e-01 1.86754167e-02
    7.53158808e-01 2.70256042e-01 6.80586994e-01 9.53177810e-01
    4.05342877e-01 5.20945370e-01 3.04557085e-01 3.20991933e-01
    4.49138105e-01 2.03928351e-02 6.23027086e-01 3.80843371e-01
    8.25683177e-02 4.31676477e-01 3.60810220e-01 5.90664804e-01
    9.90253210e-01 9.00321543e-01 1.99649334e-02 7.47425556e-01
    6.46356821e-01 4.35137004e-01 2.05237150e-01 4.77468848e-01
    6.22395277e-02 4.03895408e-01 1.18145466e-01 6.01840019e-01
    1.17859036e-01 8.97174835e-01 2.14932293e-01 2.45106161e-01
    4.50928807e-01 1.37147665e-01 2.50492454e-01 8.75173748e-01
    9.59557056e-01 2.11377114e-01 8.70431304e-01 9.29665446e-01
    1.18292034e-01 4.87107575e-01 9.08467531e-01 7.46651411e-01
    1.62414104e-01 8.92747164e-01 9.59519863e-01 6.38081551e-01
    3.09140205e-01 9.14249122e-01 4.64431703e-01 1.89453810e-01
    6.77214384e-01 3.99424076e-01 8.33261669e-01 2.13127762e-01
    9.42110002e-01 3.20360422e-01 8.12563181e-01 6.68466568e-01
    2.65479743e-01 6.33767247e-01 9.17415798e-01 2.61989653e-01
    7.04169393e-01 1.38160139e-01 2.87743628e-01 6.19102716e-01
    2.68560261e-01 2.17582494e-01 8.04289937e-01 8.09963048e-02
    5.99102855e-01 2.29460984e-01 8.83885145e-01 6.02691889e-01
    9.91308570e-01 5.84227502e-01 7.22893715e-01 6.31153762e-01
    5.65461040e-01 7.40740538e-01 9.42159176e-01 2.59510100e-01
    8.78382087e-01 2.53053725e-01 7.89020419e-01 9.77989435e-01
    6.96646869e-01 1.73986852e-02 8.59538436e-01 8.90355468e-01
    9.95063066e-01 8.28434467e-01 1.56744897e-01 2.14071959e-01
    3.54086697e-01 9.86362457e-01 3.44250619e-01 7.09466338e-01
    1.01514429e-01 1.76756859e-01 5.77964127e-01 5.62196374e-01
    1.42500043e-01 9.39734876e-02 5.16597390e-01 5.08908153e-01
    2.52408028e-01 9.78061914e-01 6.87214732e-01 1.65278167e-01
    5.01339555e-01 3.32613081e-01 8.17488670e-01 1.29729062e-01
    7.61035085e-03 1.02762818e-01 9.72508490e-01 2.41958857e-01
    1.42129660e-01 6.20415807e-01 7.12010860e-01 1.96662545e-02
    5.43119013e-01 3.73191357e-01 5.75683713e-02 7.16896176e-01
    5.50968885e-01 6.20011806e-01 9.03242052e-01 5.97755849e-01
    5.84541082e-01 2.93813765e-01 7.46040344e-01 5.13269186e-01
    9.17546928e-01 6.96372867e-01 1.15104675e-01 3.42383981e-01
    2.26858795e-01 4.88687277e-01 4.40246612e-01 5.02874196e-01
    3.80822748e-01 4.77100253e-01 1.32242054e-01 7.08913743e-01
    5.62932134e-01 3.44464242e-01 4.42512244e-01 1.54896975e-02
    8.39390039e-01 6.60264909e-01 6.32163584e-01 4.61019635e-01
    9.21704412e-01 3.05410743e-01 6.96628511e-01 2.87225991e-01
    7.62571692e-02 1.82258308e-01 1.31350756e-03 6.94138169e-01
    9.31713223e-01 6.33940101e-01 1.48911774e-02 6.51502311e-02
    6.73265457e-01 7.15743303e-01 5.77753484e-01 3.51738274e-01
    4.91384327e-01 6.19487286e-01 4.93125737e-01 3.29110742e-01
    3.32403600e-01 8.35830331e-01 3.53714228e-01 3.05190921e-01
    7.97026753e-01 8.62445235e-01 2.83965170e-02 5.07519484e-01
    5.93297064e-01 5.59539676e-01 8.51590335e-01 7.65446424e-01
    9.18316066e-01 2.75655806e-01 5.70348740e-01 6.51192963e-01
    1.90233499e-01 9.01349187e-01 6.58974707e-01 6.73091054e-01
    7.95447171e-01 1.37168080e-01 3.29380989e-01 4.14826691e-01
    8.07800055e-01 3.07437003e-01 3.10674608e-01 5.06564617e-01
    6.27141833e-01 8.32497716e-01 6.71122193e-01 5.04439175e-01
    5.69952250e-01 9.26612258e-01 7.20101595e-01 6.72465563e-03
    3.88594717e-01 1.56297594e-01 5.14952064e-01 4.99494344e-01
    8.97871077e-01 6.44637346e-01 6.74298406e-01 5.70566535e-01
    7.22405195e-01 6.10997260e-01 6.31521881e-01 9.70055580e-01
    5.17768025e-01 1.06680244e-01 3.58841240e-01 2.59122968e-01
    6.00326777e-01 7.52851486e-01 2.43653417e-01 9.44636166e-01
    7.97879517e-01 9.98395681e-01 2.20635533e-01 6.63372278e-01
    5.14031768e-01 2.70692468e-01 2.00284094e-01 2.30195254e-01
    2.26578772e-01 6.76855206e-01 3.05997491e-01 8.21247578e-01
    6.96105123e-01 8.38107765e-01 1.69337541e-01 8.74732018e-01
    4.27549243e-01 2.14973778e-01 6.28608167e-02 9.06296790e-01
    4.16980833e-01 9.02906418e-01 7.16020942e-01 7.82314837e-01
    6.50921166e-01 6.50245667e-01 1.74154967e-01 6.85706794e-01
    1.67111188e-01 6.70106947e-01 9.15949881e-01 2.77399778e-01
    3.95176649e-01 2.36129105e-01 6.29113555e-01 6.86516762e-02
    9.41084623e-01 6.93927765e-01 4.64384168e-01 6.64261341e-01
    5.11934638e-01 1.17137313e-01 8.37341070e-01 5.40752470e-01
    7.11434364e-01 8.94535184e-01 9.02091265e-01 2.91647255e-01
    9.27635133e-01 5.40486693e-01 4.28293347e-01 6.59472823e-01
    4.20115709e-01 2.01818764e-01 1.90951347e-01 3.43911499e-01
    6.45265043e-01 4.51697737e-01 8.12952340e-01 2.59240180e-01
    5.03613651e-01 8.13482523e-01 7.52418876e-01 3.33509773e-01
    9.39227223e-01 8.68155360e-01 3.86267185e-01 6.86605811e-01
    2.40767032e-01 8.51504683e-01 1.01564825e-01 4.51845407e-01
    6.66454971e-01 3.77222598e-01 4.74128723e-01 9.69534397e-01
    4.00168866e-01 9.73067880e-01 5.76179028e-01 3.58351529e-01
    3.61051381e-01 5.73761165e-02 6.01731360e-01 3.41298074e-01
    8.59086990e-01 3.32964242e-01 5.04433811e-01 2.29465008e-01
    9.89942849e-01 5.44214070e-01 3.10520172e-01 6.14327490e-01
    3.58217269e-01 7.27756083e-01 3.41542363e-01 4.87421215e-01
    7.19461203e-01 7.35700548e-01 2.79325247e-02 8.43856096e-01
    8.26230645e-01 6.73093021e-01 1.90503240e-01 4.56856936e-01
    2.26173341e-01 7.16620207e-01 4.26609367e-01 3.70966017e-01
    8.85052562e-01 6.61218405e-01 5.55192769e-01 2.80426145e-02
    3.90199095e-01 3.23905587e-01 3.24207485e-01 5.62107563e-01
    5.10118544e-01 9.54342484e-01 1.99481010e-01 9.41048324e-01
    7.23871648e-01 8.54472280e-01 5.11130929e-01 2.91392982e-01
    2.35445738e-01 4.95273352e-01 2.90771574e-01 6.62411869e-01
    5.87442040e-01 3.18494290e-01 1.77138418e-01 1.96961164e-01
    7.40655065e-01 3.61080170e-02 1.43857479e-01 5.37980318e-01
    9.07351971e-02 7.07191825e-02 8.19926023e-01 2.13258833e-01
    5.64580619e-01 1.46245658e-01 3.84386688e-01 9.93316531e-01
    5.91774523e-01 1.19857013e-01 2.74104863e-01 7.81071126e-01
    5.47085285e-01 9.44580734e-02 6.94375396e-01 8.81475270e-01
    6.80895030e-01 9.27426100e-01 2.02601492e-01 8.96868229e-01
    9.50273275e-01 6.70988083e-01 6.89171016e-01 1.46704316e-01
    4.02795315e-01 6.43055797e-01 3.33555460e-01 5.61149120e-01
    1.21508062e-01 6.61042929e-01 2.56087303e-01 8.00416231e-01
    8.20681334e-01 5.70322037e-01 4.27127481e-02 8.03084373e-02
    4.07094777e-01 9.73097980e-02 5.76949000e-01 9.79886174e-01
    8.65075707e-01 2.55639851e-02 1.91597492e-01 1.51597500e-01
    5.89066744e-01 5.54123998e-01 6.39955759e-01 3.36703062e-01
    9.91015553e-01 4.33390647e-01 3.55899215e-01 9.50898528e-01
    3.12520117e-01 9.92981553e-01 7.23549724e-02 1.18290842e-01
    8.54405642e-01 1.93052828e-01 4.20299113e-01 1.15196645e-01
    8.25637579e-01 5.14845550e-02 3.62346172e-01 3.02120805e-01
    9.26537752e-01 1.10261917e-01 7.92558789e-01 2.09162563e-01
    9.82265711e-01 7.27664590e-01 1.77901268e-01 7.75876164e-01
    3.40099722e-01 2.02940404e-02 7.18383014e-01 4.13712800e-01
    3.94984961e-01 8.84172320e-03 8.72273743e-02 9.95996058e-01
    9.93862867e-01 7.66940117e-01 2.42701352e-01 4.80984598e-01
    7.08762228e-01 9.46202993e-01 5.87075055e-01 2.80135572e-02
    8.94055963e-01 8.00269783e-01 6.77581072e-01 4.40527111e-01
    5.52292824e-01 3.91775787e-01 5.43417513e-01 7.08084524e-01
    7.34940886e-01 1.38189107e-01 2.60588348e-01 1.48793876e-01
    1.51355445e-01 6.91348851e-01 6.01442873e-01 7.25725889e-01
    1.78530693e-01 8.78118634e-01 3.68235469e-01 9.90291655e-01
    8.13790321e-01 7.95170724e-01 3.98584455e-01 4.53298599e-01
    8.17017257e-02 6.94465637e-01 7.14744687e-01 7.41519570e-01
    5.57042837e-01 4.58562464e-01 9.13508415e-01 7.45549202e-01
    5.12826681e-01 2.47566909e-01 7.44765401e-01 1.95525229e-01
    5.45352042e-01 6.65431082e-01 5.92977881e-01 3.96402657e-01
    7.68958509e-01 3.97614241e-02 8.09534252e-01 3.72278124e-01
    9.39254642e-01 3.54466975e-01 4.70502168e-01 5.23499608e-01
    5.60066879e-01 6.65464222e-01 8.52316976e-01 8.17989111e-01
    6.60741329e-02 6.95751488e-01 2.50574768e-01 6.31197095e-01
    6.34402215e-01 4.64008123e-01 8.90765965e-01 4.71900523e-01
    9.19301033e-01 6.00805283e-02 9.64132130e-01 9.91443753e-01
    9.85306859e-01 3.88488650e-01 5.83056688e-01 8.84213448e-01
    8.40574741e-01 7.93498158e-02 4.34649140e-01 1.91785097e-01
    4.00400728e-01 2.80390412e-01 8.95704865e-01 3.28535557e-01
    8.81961763e-01 6.10310614e-01 2.84852386e-01 7.12837517e-01
    9.36051607e-02 8.11074853e-01 1.75196379e-01 1.49051845e-01
    3.38781655e-01 8.47282827e-01 5.89701235e-02 6.51717305e-01
    7.84379840e-01 7.40818620e-01 2.15461940e-01 7.03554809e-01
    9.46051240e-01 9.07904148e-01 1.01434141e-01 3.00205708e-01
    9.56812501e-02 2.56993890e-01 5.32351136e-01 8.28994155e-01
    6.34507358e-01 1.56427056e-01 3.72646153e-02 9.25727367e-01
    4.43250000e-01 2.80004263e-01 4.34806913e-01 5.83393395e-01
    3.17807823e-01 8.39927793e-01 6.63735986e-01 7.86090612e-01
    6.01728320e-01 8.12432408e-01 3.31357718e-02 2.04784125e-01
    7.40133405e-01 2.51967371e-01 4.13168728e-01 1.78777575e-02
    3.46166819e-01 9.90080953e-01 4.46265459e-01 1.68182373e-01
    3.02184403e-01 9.34756160e-01 7.71944523e-01 5.22302806e-01
    9.45995808e-01 5.75310946e-01 2.96717584e-02 7.24457204e-02
    4.34591115e-01 2.00217605e-01 2.77307034e-01 4.27123576e-01
    3.35159659e-01 8.75672102e-01 4.47811276e-01 7.78877020e-01
    2.21305966e-01 5.41443527e-01 6.04437709e-01 2.83244610e-01
    7.50887454e-01 8.94957244e-01 5.64893544e-01 9.74967241e-01
    1.84973150e-01 8.73987496e-01 5.14223635e-01 6.71404481e-01
    8.81870210e-01 1.37043774e-01 6.68968618e-01 9.76403058e-01
    1.46757871e-01 1.53055608e-01 1.91064775e-01 7.29802370e-01
    4.90894228e-01 4.16993886e-01 2.39710689e-01 8.64618540e-01
    2.08663225e-01 1.40843987e-02 7.46012032e-02 4.68354434e-01
    1.19330764e-01 8.17944705e-02 1.88361108e-01 5.43699801e-01
    9.58641291e-01 1.75772637e-01 1.96192384e-01 7.07185745e-01
    6.14203274e-01 6.32250011e-02 6.44304395e-01 1.99164271e-01
    4.12699103e-01 7.54034579e-01 2.28926390e-01 8.41224492e-01
    1.02453828e-01 7.44495511e-01 2.03015566e-01 8.93746257e-01
    1.42690778e-01 7.19756424e-01 6.67675734e-01 5.30168951e-01
    7.70818233e-01 5.12332916e-01 5.35154521e-01 1.67502612e-01
    1.52918100e-01 3.80868495e-01 3.56250107e-01 1.87677056e-01
    5.93405604e-01 3.84963483e-01 8.03020716e-01 3.50150555e-01
    4.34703767e-01 6.85161173e-01 8.42573881e-01 7.57049918e-02
    9.08382177e-01 5.32799959e-02 9.84411776e-01 2.58195102e-01
    4.71239001e-01 5.03763795e-01 8.55098844e-01 5.12765646e-01
    9.57727730e-01 9.82659876e-01 3.47723573e-01 8.72153044e-01
    3.74928594e-01 1.32883340e-01 2.57888556e-01 3.61898899e-01
    4.93134558e-02 4.16565806e-01 3.01323503e-01 6.79973841e-01
    1.16619051e-01 7.11049438e-01 6.63021624e-01 2.69012988e-01
    9.14744735e-01 8.99423242e-01 3.25252116e-01 5.85604012e-01
    7.79567719e-01 4.47188586e-01 7.74236858e-01 7.83749104e-01
    2.81252503e-01 2.91228563e-01 5.99885404e-01 6.33271694e-01
    2.03771085e-01 6.95647776e-01 1.26833797e-01 3.91386330e-01
    7.93465495e-01 4.71833646e-02 7.23481357e-01 2.76013494e-01
    7.47347772e-01 9.53870893e-01 9.84689832e-01 9.39474821e-01
    2.93575466e-01 5.31635761e-01 5.96860111e-01 3.09608459e-01
    4.80845809e-01 8.33138824e-01 7.36654043e-01 2.85455287e-01
    1.46940291e-01 3.68878961e-01 2.73723990e-01 8.51500034e-03
    5.09701312e-01 8.47636938e-01 6.72448277e-01 6.24076486e-01
    6.46343648e-01 1.94526911e-02 6.15678072e-01 6.43066049e-01
    8.84447694e-01 6.83455944e-01 1.84827834e-01 8.11426044e-02
    1.39133364e-01 2.74643421e-01 2.77365685e-01 5.99495471e-01
    9.42225337e-01 9.89662826e-01 5.63299835e-01 7.56633520e-01
    9.08289194e-01 2.35857874e-01 1.57358915e-01 5.55982232e-01
    8.55906487e-01 2.19021499e-01 5.38803160e-01 7.13574469e-01
    9.36975479e-01 2.19637990e-01 8.21103454e-02 3.77968401e-01
    6.09709084e-01 4.80942488e-01 8.89485002e-01 6.63568318e-01
    3.50992203e-01 2.11722732e-01 5.04220009e-01 1.08302355e-01
    9.18796360e-02 3.37628305e-01 4.25770611e-01 4.94387627e-01
    9.74687338e-01 4.84812409e-01 2.17835814e-01 9.11140442e-01
    8.73996198e-01 7.63737619e-01 7.73888469e-01 5.32182217e-01
    9.82490778e-01 2.40852565e-01 7.52380371e-01 9.76158619e-01
    5.00188649e-01 2.65392303e-01 6.90345228e-01 9.66236472e-01
    2.68341213e-01 5.45387864e-01 1.20664060e-01 4.67254043e-01
    1.88616127e-01 4.44744825e-01 9.46665466e-01 6.17780805e-01
    6.41712725e-01 8.66319537e-01 1.67632371e-01 3.57984036e-01
    1.44478202e-01 4.08894509e-01 9.51544046e-01 8.59118104e-01
    8.67019832e-01 8.55266333e-01 6.22744560e-02 7.75913954e-01
    2.70088553e-01 7.82619834e-01 9.71510231e-01 8.30222189e-01
    7.94589162e-01 4.68291342e-01 7.59277225e-01 8.71508360e-01
    7.41274297e-01 6.34262443e-01 9.64717686e-01 7.15261817e-01
    7.39081502e-01 5.26011825e-01 2.99253672e-01 5.46231151e-01
    9.01640296e-01 3.67412090e-01 2.32033640e-01 2.37666428e-01
    9.32102203e-02 7.52073705e-01 3.93300265e-01 6.65463328e-01
    6.14103675e-03 4.43667173e-03 8.00248623e-01 2.77864635e-01
    1.89960599e-02 1.13781631e-01 7.50167847e-01 3.99876565e-01
    4.14741993e-01 8.15520883e-01 9.33771014e-01 6.75023496e-02
    3.80220115e-02 5.79759717e-01 3.11281979e-01 2.57586479e-01
    9.82213616e-02 2.98981607e-01 8.79297376e-01 5.42805254e-01
    6.33887470e-01 9.08387780e-01 9.60942149e-01 9.09431458e-01
    7.44859219e-01 2.64800787e-02 6.09266162e-01 6.56571984e-03
    5.28333724e-01 9.15907145e-01 1.49578065e-01 1.90254956e-01
    3.65692973e-02 1.87683880e-01 5.73608637e-01 3.06152880e-01
    8.94163728e-01 3.09795558e-01 4.25761908e-01 2.86789864e-01
    1.78904116e-01 1.08358264e-03 4.62544590e-01 9.77963090e-01
    6.64781809e-01 1.84702575e-01 3.27521265e-01 8.48859727e-01
    8.08170199e-01 9.00924265e-01 9.28309560e-01 5.06288826e-01
    5.56558967e-01 6.57864571e-01 6.02727532e-01 2.02627987e-01
    7.13908672e-03 7.57334352e-01 6.73872948e-01 9.12208676e-01
    7.10730076e-01 5.53794682e-01 5.28517187e-01 6.66834354e-01
    2.12916344e-01 8.60353947e-01 5.73686957e-02 8.65419149e-01
    7.64889717e-01 3.60572040e-01 7.26604998e-01 5.04535258e-01
    1.86251581e-01 5.06028950e-01 1.01630360e-01 1.46512419e-01
    5.45723796e-01 6.57531321e-01 8.21084976e-02 6.38377666e-03
    3.55062455e-01 1.90298557e-02 3.98292929e-01 5.91160655e-02
    8.09526682e-01 3.11022997e-03 8.31294715e-01 5.32489061e-01
    2.56286085e-01 7.38474190e-01 3.24783325e-01 7.71536350e-01
    4.89417702e-01 1.82922095e-01 6.42688513e-01 6.84038341e-01
    9.04170096e-01 1.70658886e-01 4.23728108e-01 3.17316949e-01
    9.27407265e-01 2.46142030e-01 1.46736026e-01 6.36455417e-01
    7.86909759e-01 9.25799191e-01 6.86259806e-01 5.08648157e-01
    7.55075216e-01 5.90184808e-01 9.87162828e-01 2.26980925e-01
    9.17868912e-02 9.07508314e-01 2.03675449e-01 5.88563144e-01
    9.84609902e-01 6.65429771e-01 2.78699100e-02 6.96979225e-01
    8.62473845e-01 8.85973573e-02 3.85315150e-01 6.36373878e-01
    5.07985532e-01 5.38536489e-01 1.48603678e-01 8.58529806e-01
    8.37041557e-01 7.14966953e-01 1.69081688e-01 8.20154667e-01
    8.44740748e-01 3.33386838e-01 4.35026824e-01 5.08796275e-01
    9.61205125e-01 7.75358081e-01 1.58911616e-01 6.10469043e-01
    2.64124215e-01 9.98291790e-01 9.79512930e-01 1.06475174e-01
    2.83107221e-01 2.95627415e-01 3.18870544e-02 5.60617208e-01
    6.86781645e-01 3.31015587e-01 5.10654390e-01 1.51132911e-01
    4.86643195e-01 5.46526730e-01 5.02808332e-01 3.65589321e-01
    2.94722319e-01 1.70562416e-01 4.17209119e-01 7.89017737e-01
    6.61171794e-01 9.52106833e-01 5.05989313e-01 3.69355440e-01
    2.45873362e-01 4.37353641e-01 2.40898311e-01 8.98505092e-01
    4.94375527e-02 7.23006785e-01 9.99540627e-01 6.96656585e-01
    5.21709144e-01 4.88601625e-01 7.03848660e-01 2.36513436e-01
    1.52149200e-01 6.77504539e-01 7.64122248e-01 3.16292465e-01
    2.73256600e-01 7.25236654e-01 2.57742405e-03 9.24907804e-01
    6.33355916e-01 8.65285873e-01 7.71581948e-01 3.68782371e-01
    1.19458944e-01 6.42082095e-01 1.51785791e-01 2.08661824e-01
    8.38567853e-01 5.96663535e-01 4.60309267e-01 2.03837752e-01
    4.75413412e-01 4.35910642e-01 5.56251407e-01 3.72619152e-01
    3.06893736e-01 7.91715860e-01 6.12983942e-01 7.34348595e-02
    4.65244055e-03 4.96974379e-01 7.51563907e-03 7.58290887e-02
    3.68553370e-01 4.49323356e-01 9.26912367e-01 2.35886872e-02
    1.37790352e-01 9.41472471e-01 9.84381914e-01 4.61075425e-01
    2.02533782e-01 9.23136055e-01 8.87429833e-01 9.84324515e-02
    5.61144710e-01 3.29811066e-01 4.51215953e-01 6.61867797e-01
    2.75124967e-01 3.09517980e-03 1.56883597e-01 1.51094794e-02
    3.93159807e-01 3.77529621e-01 1.98331267e-01 4.78253245e-01
    6.86975837e-01 3.37794960e-01 2.76716053e-01 5.87577999e-01
    4.61921096e-03 8.66934299e-01 2.59275794e-01 5.59158087e-01
    2.37556130e-01 8.84327888e-01 9.36019063e-01 1.06625199e-01
    6.14712119e-01 3.45012784e-01 3.24362397e-01 8.05054724e-01
    4.15843010e-01 6.34253383e-01 6.22849345e-01 1.92142844e-01
    7.08576441e-01 7.28679061e-01 3.59000206e-01 7.39845037e-02
    4.11616862e-01 6.28348231e-01 5.37485600e-01 8.00057292e-01
    2.57378519e-01 1.34713650e-01 5.04347324e-01 7.32797146e-01
    9.72195864e-02 4.14549232e-01 9.83101130e-03 6.67056024e-01
    9.16200161e-01 3.88314128e-01 7.11066365e-01 4.03708220e-03
    5.36054969e-02 3.38070720e-01 3.26697409e-01 3.90429437e-01
    4.21006769e-01 2.61718631e-02 5.05981684e-01 2.30930954e-01
    2.27259517e-01 4.51420337e-01 6.00518584e-01 3.41769487e-01
    6.50113046e-01 2.84422755e-01 7.74579644e-01 9.37854767e-01
    6.11474633e-01 1.50215536e-01 6.05527759e-01 9.17781591e-01
    7.85614848e-01 2.82876194e-01 6.94265187e-01 3.03170741e-01
    7.18368113e-01 7.59170175e-01 1.13332778e-01 4.83717799e-01
    2.99726486e-01 9.66058373e-01 7.35738575e-01 5.59979975e-02
    5.74506164e-01 4.31670725e-01 6.39807999e-01 7.66636908e-01
    3.66527289e-01 2.88939416e-01 2.29484230e-01 8.45555425e-01
    2.63536453e-01 5.12687862e-02 6.26626611e-02 1.30597293e-01
    2.27365226e-01 5.11815369e-01 9.61385727e-01 9.56760645e-01
    4.82695997e-01 3.13339233e-02 5.15696406e-01 1.64300978e-01
    5.21155596e-01 7.65203118e-01 1.09999985e-01 9.60045099e-01
    8.29890728e-01 2.76213408e-01 3.17591310e-01 2.36806035e-01
    6.35096908e-01 4.60527748e-01 4.44102228e-01 6.29120827e-01
    5.39366066e-01 7.34817624e-01 7.51155794e-01 8.06958675e-02
    4.05233085e-01 1.30291551e-01 1.65724128e-01 2.98708200e-01
    8.77280414e-01 6.26778424e-01 2.06723005e-01 9.91521835e-01
    5.19152284e-01 5.37516952e-01 1.16077065e-01 8.88969600e-01
    3.61125827e-01 5.88933825e-01 1.42655134e-01 5.35768270e-02
    6.47715271e-01 2.92480797e-01 2.82328904e-01 1.00273788e-01
    9.59371209e-01 5.49457788e-01 7.52399445e-01 5.73580146e-01
    5.28876245e-01 9.25893903e-01 1.56883627e-01 8.82351875e-01
    7.43143857e-01 8.27117860e-02 7.08261251e-01 5.91664374e-01
    9.08066511e-01 1.77816153e-01 8.25165272e-01 2.92224586e-02
    2.61507273e-01 7.93517292e-01 5.90023696e-02 3.97270024e-02
    6.99796975e-02 3.16363037e-01 9.75726306e-01 7.70589471e-01
    2.42861092e-01 7.62337029e-01 2.14251727e-01 1.43212557e-01
    4.72913682e-01 2.25195020e-01 3.64582837e-01 1.17467761e-01
    3.85433227e-01 5.93767107e-01 7.81368554e-01 2.24151641e-01
    4.90845919e-01 1.53985709e-01 4.58791971e-01 4.09436077e-01
    9.65447068e-01 1.66669637e-01 5.94273806e-01 7.95496941e-01
    1.49337769e-01 8.53402257e-01 9.54070687e-03 4.36795235e-01
    7.80174494e-01 1.05141938e-01 9.66753542e-01 9.13532019e-01
    3.47811699e-01 4.32815641e-01 7.83568978e-01 8.16390514e-02
    7.77908146e-01 2.26522893e-01 1.69174403e-01 5.85539639e-01
    4.27500367e-01 2.02630281e-01 6.41886830e-01 8.06692004e-01
    2.42461711e-01 5.07623076e-01 7.72913933e-01 7.35321999e-01
    3.58929694e-01 3.43444586e-01 7.69359350e-01 3.10829997e-01
    8.82601023e-01 5.22468090e-01 5.14465511e-01 7.75700748e-01
    6.33281350e-01 8.18709671e-01 9.42166448e-02 3.67637336e-01
    6.06477022e-01 6.06834590e-02 6.09640956e-01 2.22022891e-01
    7.52229929e-01 4.93499756e-01 8.76836181e-01 2.36832857e-01
    1.14448547e-01 3.21858168e-01 7.37374783e-01 6.82169318e-01
    5.74519873e-01 8.95170212e-01 5.05695283e-01 9.37407017e-01
    9.49218512e-01 6.97806060e-01 2.89749742e-01 9.22610521e-01
    4.44673866e-01 2.47445941e-01 5.58073878e-01 6.23525083e-01
    8.21427524e-01 6.76827371e-01 2.25037485e-01 7.50055194e-01
    5.03426611e-01 9.41656947e-01 4.10450995e-02 2.49479383e-01
    1.83812976e-01 9.65097845e-01 9.26886559e-01 2.16606200e-01
    1.91481084e-01 1.90318108e-01 1.10501438e-01 6.25616372e-01
    6.13657117e-01 2.43057698e-01 5.47117472e-01 9.15357590e-01
    3.93610597e-02 6.38863921e-01 2.69656181e-01 3.60995233e-02
    1.92102343e-01 3.77213061e-01 7.60739744e-01 5.70406497e-01
    8.09204936e-01 6.55432701e-01 3.85409892e-01 6.33006454e-01
    5.72307527e-01 1.07779503e-02 7.01831162e-01 9.63399529e-01
    3.91969651e-01 3.66739959e-01 6.52014732e-01 1.43079013e-01
    5.65123677e-01 7.94390440e-01 6.37701511e-01 2.96612412e-01
    1.72279358e-01 5.92583060e-01 4.20163393e-01 3.11108083e-01
    4.73739892e-01 7.16994286e-01 1.50921881e-01 5.87109983e-01
    8.70136857e-01 8.54945540e-01 1.83491945e-01 7.10286558e-01
    5.41059136e-01 8.79171848e-01 1.12185001e-01 2.03493237e-02
    8.49484026e-01 1.95925415e-01 8.21708679e-01 4.59735662e-01
    2.93515921e-01 9.81608391e-01 9.50019360e-01 2.29219228e-01
    6.34268641e-01 4.31065112e-01 6.36292458e-01 4.14146841e-01
    7.32516646e-02 6.78177655e-01 3.77692819e-01 8.70689392e-01
    7.97156870e-01 2.97189176e-01 4.27775055e-01 6.46437049e-01
    2.83658862e-01 8.18765163e-03 1.87000781e-01 3.54564309e-01
    8.35004687e-01 4.30081367e-01 2.96686888e-01 5.36384225e-01
    6.90788031e-01 9.25906658e-01 2.74742246e-02 4.05029207e-01
    7.21935749e-01 1.59006268e-01 4.24243510e-01 3.14541161e-01
    2.72018909e-02 7.18402326e-01 1.63234949e-01 1.80436373e-01
    5.75607240e-01 2.84999907e-01 6.22607529e-01 1.98318988e-01
    1.63528383e-01 5.74117601e-01 8.51408720e-01 4.82671916e-01
    4.44527656e-01 5.37364125e-01 7.32340634e-01 6.30616665e-01
    9.54033315e-01 1.07830495e-01 6.18644059e-02 5.92182219e-01
    4.40904140e-01 5.43279588e-01 1.60559088e-01 7.93674827e-01
    7.12144017e-01 3.37840706e-01 7.90839851e-01 6.87661350e-01
    7.70932734e-02 2.71853685e-01 3.43982995e-01 8.76620471e-01
    5.22275329e-01 5.40890276e-01 8.98874283e-01 5.18977165e-01
    7.68297911e-01 2.87898242e-01 7.28084326e-01 4.52131927e-02
    2.63627261e-01 8.02821398e-01 6.95055962e-01 9.32534933e-01
    1.45172924e-01 6.22233748e-01 3.61598521e-01 8.10045660e-01
    8.30147386e-01 9.53011513e-01 9.43830252e-01 7.59220123e-02
    9.58877444e-01 3.42699230e-01 1.10267073e-01 7.35746264e-01
    9.58522677e-01 7.80870318e-01 1.36670470e-03 3.82518262e-01
    1.78614914e-01 3.18937421e-01 9.03976262e-01 9.39710677e-01
    2.64041483e-01 3.41713428e-01 8.75981688e-01 5.11021733e-01
    9.42215323e-01 4.58315760e-01 9.65537190e-01 9.22549546e-01
    1.64845318e-01 9.85677004e-01 9.12937343e-01 1.20824873e-02
    8.14278603e-01 3.79216909e-01 9.27875042e-01 6.32408738e-01
    1.50034457e-01 2.49858916e-01 6.09960258e-01 4.63883311e-01
    5.62626123e-01 3.26249003e-01 4.81012255e-01 8.62184405e-01
    5.94292760e-01 1.74039066e-01 1.94542170e-01 4.53845888e-01
    2.99120247e-02 7.16499031e-01 5.20281017e-01 9.50080276e-01
    1.40304565e-01 2.18402535e-01 8.95264089e-01 5.37202835e-01
    4.82164145e-01 8.81974876e-01 9.01272178e-01 7.23640740e-01
    3.22384477e-01 1.92774206e-01 3.22892874e-01 1.70968592e-01
    6.27437353e-01 3.40459347e-01 7.21231699e-02 5.39299846e-03
    5.30493796e-01 2.11595535e-01 5.60497522e-01 1.85751319e-01
    8.97008061e-01 9.65262294e-01 9.15338814e-01 9.66757774e-01
    3.75519395e-02 8.36348653e-01 4.22941864e-01 7.76164234e-02
    1.24143124e-01 6.80565476e-01 8.17101836e-01 8.44692588e-01
    8.10036302e-01 3.62063229e-01 7.18160510e-01 5.87207556e-01
    6.58011317e-01 8.77998173e-02 2.61544168e-01 7.85351932e-01
    3.83823216e-02 1.07121170e-01 2.17263490e-01 7.68788695e-01
    7.73277044e-01 8.83225203e-01 5.22716165e-01 4.69399095e-02
    2.69305706e-02 6.63258910e-01 2.61083722e-01 3.21807951e-01
    9.98504639e-01 8.10828447e-01 6.07180357e-01 2.32393324e-01
    8.26042414e-01 3.26696277e-01 6.12703681e-01 6.89445734e-01
    4.52887952e-01 5.48365712e-03 2.96905398e-01 5.12007594e-01
    2.82290757e-01 8.76924992e-01 8.98846865e-01 2.83001184e-01
    8.19702744e-01 6.77593946e-01 3.08891833e-02 2.60134995e-01
    5.21111786e-01 5.36041915e-01 5.21423161e-01 7.18567312e-01
    4.06476557e-02 7.59633183e-01 6.98095262e-01 2.45610356e-01
    1.61927342e-02 5.43370962e-01 7.20798552e-01 2.87009776e-02
    6.51136935e-01 8.84033859e-01 6.33907080e-01 4.30775255e-01
    8.66769969e-01 2.63027549e-02 5.55616975e-01 2.55508125e-01
    3.23711276e-01 4.87265974e-01 1.77761406e-01 4.79142249e-01
    5.74635863e-01 5.36219835e-01 4.29884553e-01 7.78745294e-01
    9.05430675e-01 7.11184621e-01 6.63566232e-01 8.79583657e-02
    5.30743837e-01 1.43904120e-01 4.36080307e-01 5.26174188e-01
    5.10971010e-01 6.48912430e-01 7.61305809e-01 5.54228246e-01
    7.77884245e-01 8.52790415e-01 7.09141731e-01 1.71630412e-01
    8.90055001e-01 3.33716989e-01 5.97479403e-01 4.91687119e-01
    3.86851192e-01 8.09906304e-01 6.81679249e-01 2.34506369e-01
    1.66567713e-01 2.97943503e-01 3.51316214e-01 7.46249914e-01
    3.62742186e-01 4.85865384e-01 5.60166836e-02 9.87307429e-01
    8.21928084e-01 9.32910204e-01 8.23005199e-01 6.48324728e-01
    3.45145822e-01 5.24045646e-01 1.81433558e-02 8.72263670e-01
    9.76878881e-01 1.82981879e-01 7.98283219e-01 2.59962916e-01
    8.82635951e-01 8.98755372e-01 3.92605960e-01 1.54624283e-01
    6.84319973e-01 8.81829739e-01 6.59731269e-01 6.26464963e-01
    1.76359028e-01 1.76461577e-01 9.24691498e-01 7.85303235e-01
    5.73226213e-01 4.62855697e-01 2.38675654e-01 1.56670094e-01
    6.55677795e-01 6.63997650e-01 5.01705468e-01 7.75607944e-01
    7.36581922e-01 7.81742811e-01 1.94687545e-01 7.21224844e-02
    7.73648262e-01 5.95548809e-01 5.99097908e-01 2.58052647e-02
    8.71632695e-02 2.28780091e-01 5.38339019e-01 7.80757368e-02
    2.19349414e-01 6.50805712e-01 6.76541388e-01 6.25660181e-01
    6.39401913e-01 2.47887075e-02 9.81286526e-01 1.65699452e-01
    2.22468197e-01 2.39000052e-01 7.86542892e-04 5.51856816e-01
    6.15896642e-01 9.16782320e-01 5.77948689e-01 2.98200369e-01
    5.31295955e-01 1.86461806e-01 5.60146332e-01 1.24175429e-01
    1.07444495e-01 2.50565112e-01 6.45205379e-01 3.59196484e-01
    2.17458606e-02 4.41754073e-01 7.58582950e-02 6.62501216e-01
    3.87467265e-01 7.95850992e-01 9.00650501e-01 5.76573193e-01
    3.67325485e-01 2.09363699e-01 5.16345501e-02 1.47139728e-02
    9.44951534e-01 3.77864689e-01 4.63033706e-01 3.41100544e-01
    1.30780995e-01 7.01188445e-02 5.58248699e-01 4.94569123e-01
    3.63103479e-01 4.02804315e-01 8.98376703e-02 6.85752928e-01
    2.17451423e-01 5.12880862e-01 2.02051997e-01 1.88754886e-01
    1.29413843e-01 4.55195963e-01 3.12759280e-01 8.71146619e-02
    8.28792453e-01 5.86077869e-02 1.69984609e-01 3.89559656e-01
    3.98402333e-01 6.82689726e-01 9.64308619e-01 9.05585170e-01
    6.84536517e-01 4.91334409e-01 8.44925582e-01 4.41176653e-01
    6.24291420e-01 1.03886813e-01 1.45225525e-01 1.48365289e-01
    4.84562993e-01 3.72786164e-01 8.71738315e-01 1.12307072e-01
    2.88472712e-01 2.34300494e-02 5.49017608e-01 5.25724113e-01
    7.43409157e-01 1.33423060e-01 4.36584592e-01 5.90474129e-01
    4.63310003e-01 3.20760071e-01 4.17761713e-01 8.12751174e-01
    1.31451190e-02 6.84684515e-01 4.91619945e-01 8.75079036e-02
    5.74665308e-01 2.90933967e-01 9.75736380e-01 4.54116464e-02
    5.72739482e-01 5.60954034e-01 7.90980697e-01 7.24679410e-01
    9.78905499e-01 2.23721892e-01 4.81545478e-01 7.14990377e-01
    3.44414473e-01 2.93393016e-01 2.17490852e-01 2.56198585e-01
    6.45428896e-01 2.15057552e-01 2.81586766e-01 9.12061214e-01
    6.91064537e-01 7.80902505e-01 5.34863293e-01 5.37222624e-01
    1.25546455e-01 7.06875324e-02 4.37347323e-01 2.19235301e-01
    8.09411526e-01 7.58642316e-01 3.23861718e-01 7.49737382e-01
    5.78218997e-01 3.01287681e-01 7.83884764e-01 7.65204847e-01
    7.61971354e-01 9.36187387e-01 7.07626343e-03 3.73249620e-01
    8.44158053e-01 9.78751898e-01 3.53768647e-01 8.07942986e-01
    3.05447876e-02 2.65344977e-02 9.79249358e-01 7.39560723e-02
    8.75899315e-01 1.27885610e-01 1.06908053e-01 5.37590146e-01
    6.54751837e-01 9.32175517e-02 5.19755423e-01 2.56474912e-02
    8.42808247e-01 4.38303947e-02 6.38837576e-01 1.63702339e-01
    7.27905989e-01 2.13186353e-01 2.35626549e-01 5.29099882e-01
    6.42290354e-01 2.27199346e-01 6.20564103e-01 7.44811833e-01
    7.45659292e-01 8.89594197e-01 5.97139299e-01 1.03942037e-01
    5.87465882e-01 5.15427232e-01 5.51182926e-01 9.37470913e-01
    5.50322711e-01 6.97211444e-01 8.28077435e-01 2.16684937e-02
    3.22825342e-01 1.96072638e-01 5.02256632e-01 1.58235431e-02
    9.44720268e-01 4.01130289e-01 9.37572777e-01 7.41394520e-01
    5.42169929e-01 2.45204419e-01 6.11932755e-01 1.45683587e-01
    7.89354682e-01 3.55679661e-01 3.34038556e-01 8.18566203e-01
    2.81904340e-02 6.74294472e-01 5.42682469e-01 7.92821407e-01
    3.08788717e-02 7.17910707e-01 5.26695549e-01 9.44960237e-01
    5.71093023e-01 6.87196136e-01 5.75778246e-01 3.95320326e-01
    1.03361964e-01 8.50306153e-01 4.60771859e-01 2.33072937e-01
    7.83039927e-01 8.11151206e-01 5.44529259e-01 8.06650281e-01
    7.97632456e-01 5.71618557e-01 8.01786780e-01 3.72884810e-01
    2.94794440e-02 4.92865950e-01 5.42445660e-01 5.19630849e-01
    5.84086776e-02 3.22504520e-01 1.66194797e-01 3.94887805e-01
    8.38795602e-02 9.29569721e-01 1.54222012e-01 4.21934277e-01
    1.71672255e-01 6.11927986e-01 9.33537960e-01 4.93062556e-01
    3.85702252e-01 6.85945153e-03 4.79866058e-01 9.56217885e-01
    8.10128689e-01 4.44948196e-01 7.26700723e-02 5.80122054e-01
    8.73255610e-01 5.26411891e-01 3.80841166e-01 3.41634780e-01
    8.79479468e-01 5.95382810e-01 2.39017665e-01 5.27672231e-01
    3.46543401e-01 5.80068529e-01 1.81248516e-01 8.46779346e-02
    5.10049403e-01 9.68785644e-01 6.86302662e-01 6.98766828e-01
    7.56621838e-01 9.65993702e-01 7.65068233e-02 5.43351471e-02
    2.83510268e-01 2.76634574e-01 4.23009753e-01 3.46264601e-01
    8.81051540e-01 8.14790130e-01 6.24603927e-01 2.37068206e-01
    5.42066395e-02 5.58086038e-02 6.33357644e-01 9.62790489e-01
    6.32471800e-01 5.97662032e-02 7.87782371e-01 2.13765651e-01
    5.84659100e-01 6.01908326e-01 9.27853286e-01 1.34758294e-01
    5.79019427e-01 6.97167158e-01 9.13694620e-01 8.83844018e-01
    3.27929944e-01 5.33107698e-01 2.01627910e-02 9.82906401e-01
    1.78833008e-02 7.44216323e-01 5.54663241e-01 8.38476121e-02
    1.27985954e-01 6.06712401e-02 4.16904658e-01 3.80861759e-02
    5.56843400e-01 3.19161415e-01 8.58390808e-01 8.62869680e-01
    6.16644979e-01 7.84203112e-02 3.07006538e-02 5.03262401e-01
    7.27675498e-01 7.79510856e-01 6.39025986e-01 5.59073627e-01
    8.46835971e-02 7.03736186e-01 3.71993691e-01 8.47329795e-02
    9.03962672e-01 5.31879246e-01 8.69032860e-01 6.92486942e-01
    2.17357069e-01 5.62085152e-01 7.63281941e-01 5.65078557e-01
    1.37877941e-01 5.04426837e-01 8.30914378e-01 1.44855022e-01
    3.48566115e-01 5.07713258e-02 8.76999974e-01 9.19123590e-01
    9.07633424e-01 2.11303264e-01 8.57988000e-03 5.80248833e-02
    4.07704115e-01 7.66564906e-01 6.42680228e-02 8.74953032e-01
    1.69099569e-02 4.04585600e-02 9.95625556e-02 8.75738680e-01
    9.44174290e-01 2.91974604e-01 8.74815702e-01 9.67190623e-01
    8.62590075e-01 6.00262165e-01 6.94669545e-01 7.87662745e-01
    6.73860312e-03 4.86523837e-01 1.23318464e-01 4.28761184e-01
    7.35931993e-01 7.12262452e-01 5.75742185e-01 2.57900834e-01
    8.60538840e-01 2.92059302e-01 8.24070156e-01 5.00514805e-02
    8.30563426e-01 8.35813642e-01 1.39329582e-01 8.18513751e-01
    3.91916037e-02 2.99202591e-01 3.61889660e-01 4.09782171e-01
    4.09354180e-01 5.87566733e-01 7.62532473e-01 2.66177356e-01
    2.68881679e-01 3.86617005e-01 2.07510024e-01 4.69720572e-01
    3.86325479e-01 5.50745547e-01 3.10328335e-01 4.01917517e-01
    8.11257660e-02 7.63971746e-01 8.08647156e-01 8.45375597e-01
    4.69870538e-01 2.51514703e-01 8.38309288e-01 2.23044097e-01
    3.71092260e-02 1.20786726e-01 7.27752447e-01 2.53000438e-01
    9.53005314e-01 6.00958228e-01 5.83683312e-01 4.64753866e-01
    9.31478202e-01 7.70674229e-01 4.42957491e-01 4.01283592e-01
    1.39563799e-01 9.05947328e-01 6.01747692e-01 5.79299033e-01
    6.95193827e-01 6.71669602e-01 8.00597191e-01 2.55183876e-01
    7.13391542e-01 9.46671903e-01 3.77366126e-01 3.43347579e-01
    9.91851807e-01 3.01883817e-01 7.56138980e-01 2.44099021e-01
    7.41058886e-01 8.19447219e-01 2.73893416e-01 9.57723677e-01
    3.63504291e-02 3.65085721e-01 1.29523247e-01 7.48195946e-02
    9.85254586e-01 5.04152358e-01 8.86002779e-01 2.64830887e-01
    2.13744342e-02 3.78415883e-02 1.55927241e-01 2.28457242e-01
    1.78840637e-01 6.15282357e-02 8.02967966e-01 4.51205045e-01
    9.90684152e-01 7.37010837e-01 1.47983074e-01 4.43663657e-01
    6.30396605e-01 7.60161221e-01 4.12710905e-01 3.54776889e-01
    5.62286317e-01 5.00732064e-01 2.50250399e-01 5.20947814e-01
    1.53883010e-01 7.42826581e-01 7.09514558e-01 1.24175847e-02
    9.24680889e-01 7.96141028e-01 1.75177127e-01 2.49014586e-01
    4.58070695e-01 9.30395901e-01 2.37074703e-01 6.10221267e-01
    5.03656983e-01 2.83108652e-01 3.52759004e-01 7.39750564e-02
    9.18582976e-01 7.45559573e-01 2.63064504e-02 3.31830680e-02
    9.76902604e-01 8.91147375e-01 5.69917560e-02 7.17567503e-02
    8.49521756e-01 4.06350046e-01 7.78918147e-01 3.27347904e-01
    1.14622712e-01 2.76072502e-01 3.43070030e-01 4.68862236e-01
    4.86785352e-01 1.48880601e-01 8.80194187e-01 8.93189073e-01
    2.77651548e-01 9.52986479e-01 2.88173825e-01 5.87609828e-01
    5.10662735e-01 9.77142811e-01 5.31284988e-01 2.26968050e-01
    4.69869584e-01 5.69023609e-01 2.39335150e-01 6.13561630e-01
    1.73032075e-01 7.78581500e-01 9.37084913e-01 9.19684768e-03
    3.87721896e-01 8.11618328e-01 6.07012630e-01 3.22706163e-01
    1.20074749e-02 3.29579055e-01 5.64795732e-02 4.00846601e-02
    5.17637014e-01 1.51520461e-01 4.51187193e-01 6.55518830e-01
    3.41549695e-01 6.89082086e-01 5.53382337e-01 6.35598779e-01
    3.06340456e-02 9.52009797e-01 6.46921992e-01 9.38622534e-01
    1.01902783e-01 2.74118662e-01 3.86370361e-01 8.37889314e-01
    5.79146028e-01 3.56526077e-01 3.32058668e-02 8.55943561e-01
    5.14689684e-02 7.64834762e-01 5.81651866e-01 8.74345660e-01
    3.92402321e-01 6.94591701e-02 4.43316519e-01 8.68324697e-01
    5.96684456e-01 4.56402391e-01 9.58619714e-01 8.19511056e-01
    3.99910778e-01 3.64305675e-01 7.14491725e-01 5.58269858e-01
    7.77597070e-01 1.07294351e-01 4.41170335e-01 3.32431912e-01
    1.62511259e-01 9.96985674e-01 8.70423436e-01 3.72430384e-02
    4.68961060e-01 8.40384722e-01 2.49471247e-01 3.42565179e-01
    1.67769730e-01 9.11312580e-01 8.56105089e-02 2.45305687e-01
    7.89471149e-01 9.66221690e-01 9.88716483e-01 6.05451941e-01
    9.64412808e-01 1.87921911e-01 5.87282658e-01 3.97296697e-01
    1.10473305e-01 9.87065852e-01 3.96380305e-01 1.79454565e-01
    6.47033811e-01 5.76583445e-01 6.44870639e-01 2.45647609e-01
    5.14622927e-02 6.21625185e-01 9.23864543e-01 4.92111504e-01
    3.17600816e-01 3.04555207e-01 8.11444819e-01 7.50311494e-01
    3.73075783e-01 9.41813111e-01 2.78930813e-01 4.04088914e-01
    6.00420833e-01 8.27379227e-01 5.14185905e-01 8.01415682e-01
    7.59622693e-01 1.62850380e-01 7.33064532e-01 7.02303410e-01
    2.87881851e-01 8.88657570e-02 6.71668053e-02 9.31533813e-01
    3.12383562e-01 9.23205256e-01 3.44858915e-01 6.65642321e-02
    8.66623282e-01 4.64706302e-01 1.27667487e-02 7.93116570e-01
    2.61790931e-01 9.78496552e-01 5.96455932e-01 7.92223573e-01
    3.33335996e-01 2.29786336e-02 2.65462667e-01 8.26741338e-01
    8.04880202e-01 7.65589297e-01 8.32359314e-01 4.37343895e-01
    5.36666811e-02 3.48712683e-01 4.27276403e-01 7.79011488e-01
    3.41283381e-01 1.79406822e-01 4.45059896e-01 3.84577721e-01
    7.95764923e-01 4.80747640e-01 7.72406876e-01 1.80395842e-01
    1.58348262e-01 8.57755303e-01 4.66225088e-01 3.76388460e-01
    8.09537649e-01 6.91063046e-01 1.87863737e-01 9.63927269e-01
    6.74736500e-02 3.00383568e-01 4.00492907e-01 3.49030793e-02
    6.27680242e-01 5.32529891e-01 9.11169589e-01 8.02411377e-01
    7.87094533e-02 1.91786259e-01 8.53921771e-01 9.90552902e-01
    4.80108857e-01 8.33783507e-01 2.82156169e-01 4.30053711e-01
    2.64216542e-01 2.96539962e-02 4.67013389e-01 9.10118699e-01
    3.34180295e-01 7.37533510e-01 2.43832976e-01 4.46734160e-01
    3.06067765e-02 4.29026902e-01 2.88605928e-01 3.96550894e-01
    4.80002016e-01 8.49158883e-01 8.35436940e-01 5.37573755e-01
    2.69853115e-01 9.96405602e-01 7.04939604e-01 5.52454829e-01
    5.48298597e-01 4.24955368e-01 5.01351058e-02 3.48777771e-01
    5.68215966e-01 4.16647196e-02 6.52793467e-01 5.99438846e-02
    2.51671314e-01 9.00378108e-01 7.65386939e-01 4.56851214e-01
    7.71308839e-01 8.26999843e-02 1.32413507e-01 5.91757178e-01
    8.35631788e-01 9.51531410e-01 5.11473715e-01 7.28405952e-01
    5.80010116e-01 5.97188056e-01 9.80534017e-01 4.34186339e-01
    7.17948079e-01 9.19834197e-01 9.09780741e-01 6.39815092e-01
    2.69296795e-01 9.82415020e-01 5.51225543e-01 9.14179981e-02
    7.02614248e-01 5.60835540e-01 1.06215864e-01 1.27280802e-01
    5.49547553e-01 8.39921772e-01 2.44417727e-01 7.35775828e-01
    8.97334993e-01 1.26677424e-01 4.79194015e-01 2.65180528e-01
    6.24042392e-01 5.91085672e-01 9.19294238e-01 8.59177589e-01
    1.27867520e-01 9.60028768e-02 7.10026622e-01 7.42478251e-01
    7.88481116e-01 1.51806146e-01 2.11219192e-01 2.71766573e-01
    8.45816731e-02 1.41768605e-01 7.20517457e-01 1.15936607e-01
    2.50211388e-01 6.07165635e-01 6.21175051e-01 9.43711519e-01
    1.27358615e-01 8.21944356e-01 2.10634083e-01 9.44067299e-01
    7.74141371e-01 6.01089478e-01 7.59505987e-01 3.70714188e-01
    2.00688571e-01 3.32226098e-01 6.77486479e-01 8.24928403e-01
    9.89874721e-01 6.83206201e-01 2.50220090e-01 9.44188356e-01
    8.98877084e-02 2.54804671e-01 9.13491368e-01 8.50733459e-01
    8.11563194e-01 7.52871037e-01 5.13511419e-01 1.30634606e-02
    4.80534405e-01 8.71527076e-01 9.62373614e-03 8.81560922e-01
    5.50667346e-01 6.56966746e-01 7.73330629e-01 9.16744351e-01
    7.05427229e-01 1.62384778e-01 8.78378391e-01 4.45971638e-01
    7.94009745e-01 2.22656250e-01 8.30639839e-01 8.58720660e-01
    9.33845639e-01 1.71377093e-01 4.23454553e-01 1.77283525e-01
    1.83881432e-01 3.00342530e-01 1.29540354e-01 4.50473428e-02
    8.73804510e-01 1.72059119e-01 2.21663415e-01 9.92733479e-01
    2.41068780e-01 9.80278134e-01 6.40881717e-01 4.12229151e-01
    3.12004089e-02 7.79953003e-01 5.49206316e-01 6.30902231e-01
    8.67469668e-01 3.38923931e-01 3.37408125e-01 3.77317905e-01
    7.11325884e-01 5.20306230e-01 7.45201409e-01 9.05651450e-01
    1.67594254e-02 7.74168134e-01 9.95620608e-01 2.69532233e-01
    9.13488030e-01 3.07307452e-01 5.78882337e-01 4.34970111e-01
    1.49396479e-01 8.20647418e-01 3.82898480e-01 5.06398082e-01
    8.89570951e-01 7.36617744e-01 1.85360581e-01 5.28042197e-01
    8.11135709e-01 1.60889059e-01 3.39602470e-01 2.64692754e-01
    8.19761157e-01 3.71936679e-01 3.92041415e-01 5.44838309e-01
    1.12186342e-01 9.62420702e-01 8.29116344e-01 7.29910910e-01
    4.84127551e-01 1.19874030e-01 2.86230356e-01 4.02482450e-01
    3.42151523e-01 5.74776828e-02 5.92446744e-01 1.88362390e-01
    5.82313240e-02 2.22408205e-01 4.97096658e-01 6.34507179e-01
    6.36855662e-01 4.44068581e-01 9.36257303e-01 8.06982875e-01
    4.51151192e-01 9.21432734e-01 6.52507603e-01 9.17131066e-01
    3.23832154e-01 1.50593370e-01 6.83164656e-01 3.68497133e-01
    3.31465334e-01 4.44047153e-01 4.13482308e-01 6.12273276e-01
    6.36446238e-01 5.00860810e-01 3.89818132e-01 6.09608412e-01
    5.90473473e-01 5.10424078e-01 2.96422184e-01 6.67528450e-01
    2.29220957e-01 4.21080828e-01 6.47738278e-02 4.72076029e-01
    4.03792500e-01 8.13617349e-01 4.06946778e-01 3.55638564e-02
    7.36011028e-01 3.48322481e-01 9.91632462e-01 1.23771727e-01
    5.57325959e-01 5.25530040e-01 2.73811817e-01 3.09167802e-01
    2.60671943e-01 1.88219219e-01 4.92725968e-02 6.98641539e-01
    8.35821033e-03 4.14523095e-01 5.61530292e-01 8.49768877e-01
    5.44333458e-01 9.49648499e-01 8.66233706e-02 8.35006416e-01
    3.17844391e-01 9.57949579e-01 1.59318745e-02 2.58561224e-01
    1.96294487e-02 5.72561920e-02 9.98608351e-01 5.24827838e-02
    6.28696203e-01 4.29131776e-01 4.07054663e-01 2.51669466e-01
    9.54899788e-01 6.24654770e-01 2.42185563e-01 8.12561035e-01
    5.88699698e-01 2.31710523e-01 4.59612072e-01 6.44930124e-01
    7.87065029e-01 5.47270834e-01 6.22652769e-01 1.42554611e-01
    9.56076801e-01 1.59146935e-01 5.73719501e-01 3.99090230e-01
    1.86166167e-02 3.11900169e-01 6.89113021e-01 9.08380747e-02
    8.23705614e-01 9.56524730e-01 9.98289704e-01 9.86775398e-01
    6.93160594e-02 3.39137614e-01 4.08257484e-01 9.84699547e-01
    7.66654372e-01 9.48405206e-01 9.63128805e-01 1.06560886e-02
    3.67271453e-01 8.55511129e-02 7.36460745e-01 4.56470132e-01
    1.96382761e-01 5.87382555e-01 5.96495569e-02 7.58516312e-01
    6.73377991e-01 9.25518394e-01 6.51589513e-01 8.16197753e-01
    3.83390546e-01 3.32336158e-01 9.67045188e-01 5.92897236e-02
    4.25681531e-01 7.54896879e-01 6.15774155e-01 5.58013439e-01
    8.78312945e-01 6.57874465e-01 2.58756816e-01 4.59988773e-01
    8.07088614e-01 6.05912387e-01 7.76239812e-01 9.38806176e-01
    3.06845665e-01 8.28380823e-01 5.54050744e-01 1.77577436e-02
    4.75941241e-01 6.78981185e-01 6.67499781e-01 5.91051161e-01
    6.26439571e-01 2.04748362e-01 4.81281161e-01 6.91701174e-01
    3.60247195e-01 5.13398528e-01 7.90322423e-01 7.96207070e-01
    8.12477767e-01 9.15873051e-03 4.53113019e-02 3.98127854e-01
    7.66606927e-01 3.16326261e-01 6.07784152e-01 5.63875079e-01
    2.02876538e-01 8.91636014e-02 8.73075306e-01 6.20671451e-01
    6.07829511e-01 8.65763068e-01 4.52440381e-02 5.33374548e-01
    6.09920800e-01 8.82219970e-01 3.88092577e-01 2.08656996e-01
    1.32179707e-01 1.81259960e-01 2.81354308e-01 5.25418282e-01
    6.88323736e-01 2.69330323e-01 7.00256646e-01 9.97479200e-01
    7.70980299e-01 8.69616151e-01 3.74879897e-01 6.22515082e-01
    1.87605590e-01 3.53568792e-03 5.12660086e-01 4.70807582e-01
    9.80789721e-01 4.16474521e-01 2.10233778e-01 3.31092060e-01
    7.83603549e-01 3.49610448e-01 2.59616792e-01 3.65920663e-01
    7.97062337e-01 8.64635348e-01 5.75940311e-02 6.97215259e-01
    9.23774838e-01 6.47393227e-01 4.19546485e-01 4.40211296e-01
    4.26388919e-01 4.87374127e-01 4.65024590e-01 5.21743119e-01
    9.41233754e-01 3.96657884e-01 9.87739801e-01 9.78521645e-01
    6.90186620e-01 1.12062573e-01 4.97413278e-01 9.26882327e-01
    8.84310842e-01 4.93300617e-01 9.98319864e-01 4.93248910e-01
    9.19227600e-01 1.22312516e-01 4.43974465e-01 7.60458708e-02
    7.26068914e-01 7.56087840e-01 8.99143219e-02 4.46988881e-01
    8.10698569e-02 5.55555582e-01 3.65682125e-01 3.21714282e-01
    2.03496814e-02 8.41125906e-01 1.78546965e-01 6.76360309e-01
    7.32503831e-01 4.97157127e-01 3.86962891e-01 5.54372132e-01
    3.44577521e-01 3.40560377e-01 4.88914609e-01 7.34149158e-01
    8.10748041e-02 5.07856607e-02 8.63107562e-01 4.22599524e-01
    2.87937641e-01 2.70381153e-01 2.26158798e-01 3.63109887e-01
    3.19333971e-02 1.69867903e-01 8.27050090e-01 6.08065128e-01
    1.07291341e-03 5.25802016e-01 3.16941082e-01 2.95694947e-01
    8.13770354e-01 2.58698463e-02 3.33053350e-01 3.80680680e-01
    3.55961263e-01 4.15627867e-01 7.10896730e-01 4.52976823e-02
    2.57950336e-01 6.17352903e-01 8.66944790e-02 9.04830456e-01
    5.64562082e-01 2.93583453e-01 9.81077075e-01 2.51654863e-01
    3.34182799e-01 7.31236339e-02 2.58639663e-01 1.95769876e-01
    9.73519206e-01 6.68068349e-01 4.48666960e-01 8.30393016e-01
    2.27575600e-01 4.76876557e-01 9.34177160e-01 1.92565471e-01
    3.50661069e-01 9.72946286e-01 1.40826523e-01 7.90477753e-01
    1.42358631e-01 5.67728221e-01 8.72422934e-01 8.10133696e-01
    9.80811238e-01 3.70508730e-01 8.59740257e-01 4.12543923e-01
    6.33945882e-01 9.21466112e-01 9.48132336e-01 9.71393645e-01
    7.04206526e-02 6.96524501e-01 5.91002822e-01 6.09407723e-02
    5.37560582e-01 6.78317845e-01 1.03973180e-01 5.53920567e-01
    8.82490993e-01 1.31000310e-01 8.06997955e-01 4.93361533e-01
    9.67548192e-02 5.86816370e-02 5.44828296e-01 6.46864831e-01
    5.78472912e-01 4.20641899e-01 7.67933488e-01 6.96499944e-01
    6.20879591e-01 5.00441432e-01 7.87740052e-02 5.44713736e-02
    4.89019036e-01 5.01551151e-01 3.41352105e-01 3.41455638e-02
    2.15060771e-01 5.75626135e-01 8.36293697e-01 8.63586724e-01
    2.83627748e-01 9.21037197e-02 6.51059806e-01 3.62993658e-01
    4.31918591e-01 4.35734451e-01 7.75490522e-01 7.08460748e-01
    9.36052203e-01 5.40121496e-02 6.47874653e-01 3.26013386e-01
    2.35489845e-01 7.27573156e-01 8.39701295e-01 7.07311332e-01
    9.26347673e-02 7.95531154e-01 3.61509919e-01 2.14805216e-01
    8.93108189e-01 5.70572078e-01 1.48222268e-01 8.28810334e-01
    3.41460437e-01 9.96396542e-02 1.41153336e-01 7.51185417e-02
    4.29404974e-02 5.76877773e-01 8.94597173e-03 1.41665399e-01
    4.64931399e-01 9.94905353e-01 2.88110495e-01 6.41259551e-02
    6.67841971e-01 5.26544631e-01 8.13894153e-01 4.37734276e-01
    4.81556475e-01 6.50078058e-04 3.80022615e-01 7.76289940e-01
    1.74347162e-02 3.13147306e-01 2.97726810e-01 6.90331638e-01
    9.97233629e-01 9.33058858e-01 9.45750117e-01 6.54796004e-01
    9.64965105e-01 9.06113863e-01 6.31716728e-01 9.52085972e-01
    5.47149956e-01 6.57676756e-02 4.64364707e-01 8.76320243e-01
    7.22670794e-01 6.89463019e-01 7.87588596e-01 8.57977152e-01
    5.73249400e-01 5.47497034e-01 4.11272913e-01 9.48617935e-01
    7.43256986e-01 3.13844323e-01 2.82063901e-01 1.18564665e-01
    5.85261405e-01 8.90216231e-01 8.40701938e-01 7.14427531e-01
    1.05425060e-01 8.14607263e-01 4.35748130e-01 1.53626829e-01
    1.82185113e-01 7.44896650e-01 6.92037404e-01 6.63664341e-01
    9.91894484e-01 9.59557533e-01 8.20878208e-01 2.89966494e-01
    3.66566777e-01 5.63501716e-01 6.39012992e-01 7.96350241e-01
    1.73288077e-01 7.81890154e-01 9.10960555e-01 2.68309236e-01
    1.31115019e-02 3.86397719e-01 5.67240715e-01 3.72012734e-01
    5.16399562e-01 6.43866360e-01 6.24989986e-01 3.49769652e-01
    3.27085257e-02 1.67332590e-01 8.26095700e-01 7.10622549e-01
    7.04089046e-01 9.82741714e-01 7.03997791e-01 2.52929926e-01
    8.31598222e-01 2.77071148e-01 2.95480251e-01 7.21658587e-01
    4.19808298e-01 8.76114845e-01 7.69200206e-01 3.58716309e-01
    2.55349368e-01 9.72060144e-01 6.01205587e-01 1.33823514e-01
    2.26996630e-01 2.65935361e-01 8.06511402e-01 2.14227676e-01
    9.50807631e-02 3.94457579e-02 3.54970098e-01 4.48428959e-01
    4.76752847e-01 3.05468619e-01 8.42990994e-01 2.59356618e-01
    5.32539785e-01 8.96015286e-01 2.84081012e-01 7.01736867e-01
    6.38500929e-01 5.11869073e-01 7.58980513e-01 7.90486813e-01
    4.39694524e-02 4.93416786e-01 8.28074455e-01 5.05698204e-01
    4.61231887e-01 3.39324296e-01 7.42636561e-01 1.25718713e-02
    6.69607460e-01 2.61768758e-01 7.48344600e-01 3.98983479e-01
    6.35275126e-01 1.09392464e-01 4.23929840e-01 6.38971686e-01
    1.27989858e-01 5.45900345e-01 9.85581696e-01 1.81083143e-01
    4.08419669e-01 5.95494986e-01 6.23355210e-01 3.96877021e-01
    3.64542603e-01 4.26482886e-01 3.99164736e-01 9.85698819e-01
    9.60214138e-02 7.59672225e-01 8.44867945e-01 9.34275389e-01
    5.73070347e-02 4.25035357e-01 2.54220843e-01 4.30367440e-01
    2.63604194e-01 2.01108396e-01 6.89516425e-01 2.85280704e-01
    6.86590910e-01 2.00614333e-03 2.64060169e-01 7.52398491e-01
    3.36534679e-02 7.81403065e-01 5.56411386e-01 7.34955847e-01
    5.04016995e-01 8.74719918e-02 4.35645401e-01 5.20323098e-01
    8.83853316e-01 6.00457072e-01 8.04816008e-01 8.45993996e-01
    3.67011577e-01 4.28788543e-01 1.39068007e-01 9.92452979e-01
    8.10204864e-01 7.61808276e-01 2.29141414e-01 3.56891185e-01
    7.61414111e-01 1.58562958e-02 7.40818977e-01 3.81136000e-01
    6.90907657e-01 4.78268027e-01 1.16425335e-01 5.85996568e-01
    6.05532050e-01 8.65095556e-01 1.13664389e-01 6.22525096e-01
    6.22783124e-01 4.24095184e-01 2.96487331e-01 7.90079236e-01
    7.81561613e-01 4.36108410e-02 9.80794728e-01 6.49617672e-01
    9.38091576e-01 4.69093204e-01 1.40691191e-01 3.86016548e-01
    3.46711040e-01 4.36494052e-02 2.46053904e-01 6.61375880e-01
    4.69255418e-01 6.17135167e-02 9.17375088e-01 1.12549692e-01
    5.13573706e-01 8.32487583e-01 7.11079121e-01 5.44021487e-01
    3.63569736e-01 6.43434882e-01 1.25003755e-01 9.43113863e-01
    6.40007555e-01 5.46178937e-01 1.82050020e-01 7.18929291e-01
    7.50957549e-01 7.82649517e-02 2.34846979e-01 1.24325812e-01
    8.32436442e-01 8.25988710e-01 1.79219574e-01 5.18327713e-01
    7.58766830e-02 4.84945863e-01 5.21783352e-01 1.57808661e-01
    7.70456433e-01 2.21390367e-01 5.07307053e-01 3.43290776e-01
    8.97593498e-02 2.75116086e-01 9.17897463e-01 2.97794878e-01
    9.77734923e-01 6.73210680e-01 4.83893454e-02 3.06632340e-01
    3.93078089e-01 9.82504010e-01 8.61616015e-01 9.82209682e-01
    1.84393495e-01 5.29038370e-01 2.13694185e-01 4.85011101e-01
    4.75362599e-01 4.72585976e-01 9.13690388e-01 8.87825489e-02
    8.94356668e-01 6.00290239e-01 4.36258137e-01 6.38258457e-01
    2.77102292e-02 7.92503893e-01 2.04732478e-01 4.72560704e-01
    1.51274741e-01 8.98265243e-01 2.04464376e-01 3.03559065e-01
    7.22865105e-01 6.61350548e-01 6.42460287e-02 8.29983592e-01
    8.46307397e-01 8.72366548e-01 7.80738354e-01 5.95286369e-01
    1.87992007e-01 1.71847910e-01 9.24155831e-01 3.11400414e-01
    8.86116862e-01 9.29248691e-01 1.19838029e-01 4.20055687e-02
    9.33677435e-01 3.32680672e-01 6.56704485e-01 2.80455232e-01
    8.07656169e-01 3.07802558e-02 9.48080659e-01 2.55149126e-01
    5.61275601e-01 4.67889071e-01 5.41039705e-02 3.57461870e-01
    8.31851721e-01 2.02099830e-01 8.07375491e-01 5.59052944e-01
    8.08861613e-01 4.42489147e-01 1.84453070e-01 5.76338470e-01
    7.84820855e-01 6.06686532e-01 3.74733925e-01 7.70338178e-01
    1.20256782e-01 7.39425063e-01 2.22511888e-02 1.87735975e-01
    4.51657116e-01 1.72252208e-01 6.24424100e-01 3.17260087e-01
    8.76605153e-01 3.76692832e-01 3.59987617e-01 9.50870991e-01
    6.20162427e-01 1.69812441e-01 9.18932855e-02 3.71358097e-01
    3.67841244e-01 4.76905346e-01 6.03496134e-01 5.29126048e-01
    7.58833349e-01 4.42280382e-01 1.74094409e-01 5.84282935e-01
    2.91222632e-01 1.07634574e-01 8.74712467e-01 5.42955220e-01
    5.84459901e-02 3.74778569e-01 8.48904848e-01 2.58001745e-01
    4.67562675e-02 5.66220939e-01 7.69290507e-01 6.06029332e-02
    1.32083535e-01 3.74994665e-01 3.60763669e-02 3.78203094e-02
    5.32948673e-01 8.59582782e-01 2.14043885e-01 8.05909038e-02
    4.86644000e-01 7.91172981e-01 6.36884451e-01 6.73898160e-02
    7.85421729e-01 1.85192198e-01 6.08149767e-01 2.18630910e-01
    1.64189041e-02 8.38675797e-02 6.72832489e-01 9.78002191e-01
    5.95712543e-01 2.37979233e-01 3.91545832e-01 8.25245321e-01
    3.49329412e-01 8.10963631e-01 1.55390024e-01 3.13939154e-01
    1.96590662e-01 6.10765100e-01 1.51857853e-01 2.91770607e-01
    7.09446788e-01 3.20719451e-01 4.29135621e-01 4.42318171e-01
    5.31765819e-01 1.65212929e-01 4.99044359e-01 2.34080344e-01
    2.62582779e-01 2.93659747e-01 9.88664091e-01 5.50086319e-01
    2.61701673e-01 3.48065436e-01 6.14138842e-01 2.30607986e-02
    1.02134556e-01 9.26984072e-01 4.98461574e-01 2.58156478e-01
    1.85921818e-01 6.35566115e-01 6.20715022e-01 1.94378465e-01
    5.26030362e-02 6.03151560e-01 5.02719522e-01 1.88275367e-01
    3.16556722e-01 9.25039530e-01 4.14008260e-01 5.49241543e-01
    4.27541882e-01 2.90511727e-01 1.64217144e-01 1.05635166e-01
    4.21007454e-01 5.96123457e-01 9.58365917e-01 7.90176690e-02
    1.62539989e-01 3.98999333e-01 1.41443044e-01 3.04928362e-01
    3.77168119e-01 4.78164673e-01 5.56023717e-01 8.04217398e-01
    4.98571694e-01 6.18897438e-01 4.15333331e-01 7.28090227e-01
    1.99827462e-01 1.05206698e-01 5.16289473e-01 4.83394384e-01
    8.22540641e-01 8.05945694e-01 4.30412114e-01 2.27129430e-01
    2.18074858e-01 4.07096863e-01 8.04894030e-01 7.11488724e-01
    5.14168561e-01 1.48793548e-01 3.98822784e-01 7.82100856e-01
    6.53479695e-01 7.57428765e-01 9.00583267e-01 4.19938087e-01
    7.85475850e-01 8.12626004e-01 2.14926869e-01 1.44537568e-01
    5.84694743e-03 7.25534558e-01 5.17152429e-01 5.97154200e-02
    5.05880117e-01 7.67219841e-01 8.72454166e-01 2.57383466e-01
    4.51966703e-01 3.91501069e-01 4.98045981e-02 7.55897164e-02
    2.70279944e-01 7.07472205e-01 4.60195929e-01 5.51681042e-01
    5.72856307e-01 1.45646274e-01 5.42486012e-02 8.87374997e-01
    6.44992173e-01 5.36020398e-01 7.71634698e-01 2.06826746e-01
    9.66636062e-01 2.51287341e-01 5.29395580e-01 7.84119487e-01
    6.63088918e-01 8.57597828e-01 7.82692373e-01 7.24390090e-01
    4.90706503e-01 4.29826289e-01 9.71965313e-01 1.94291204e-01
    6.27000928e-01 7.62906909e-01 5.75782359e-01 5.23866117e-01
    3.16783786e-02 6.14797533e-01 7.59812713e-01 1.62815392e-01
    3.90469253e-01 8.16290259e-01 4.83560860e-02 3.12758565e-01
    1.43958896e-01 8.34893584e-01 7.15136945e-01 6.38170838e-02
    2.67550826e-01 9.33306813e-02 6.74546599e-01 1.86836541e-01
    2.09784478e-01 3.60013068e-01 6.05850399e-01 7.71636844e-01
    3.45077395e-01 3.34560275e-01 3.67098957e-01 2.85784245e-01
    6.23212576e-01 1.15245581e-03 6.05924606e-01 2.05966085e-01
    2.71772832e-01 1.38574660e-01 6.25866711e-01 2.47959554e-01
    4.07006562e-01 5.29985428e-01 1.41016394e-01 7.10870862e-01
    8.33254337e-01 2.15153158e-01 5.60856640e-01 8.31432581e-01
    5.69649100e-01 6.81915283e-01 8.17347467e-01 4.07763898e-01
    5.99823892e-02 4.81677532e-01 4.58790421e-01 9.27417517e-01
    5.73034406e-01 7.70911574e-02 8.86864781e-01 4.35835183e-01
    2.13474900e-01 7.00225711e-01 1.89400673e-01 5.28766215e-01
    1.70417339e-01 3.67354184e-01 1.57761902e-01 3.44992906e-01
    5.15637636e-01 3.29297006e-01 2.11937040e-01 8.67968857e-01
    1.08762532e-01 5.94229698e-01 4.19484466e-01 4.83145237e-01
    5.89162409e-01 9.80777800e-01 1.91948771e-01 9.61583257e-02
    4.20621932e-02 7.42424190e-01 9.61391330e-01 6.36281788e-01
    6.13662302e-02 4.99188662e-01 1.91325158e-01 9.31451917e-02
    5.70117712e-01 4.52529073e-01 7.86387146e-01 8.38615537e-01
    4.52178389e-01 6.57279849e-01 7.39719987e-01 4.79736894e-01
    3.80136609e-01 6.95853710e-01 7.44069457e-01 4.15626317e-01
    4.07928288e-01 1.71914667e-01 3.95096123e-01 2.87086189e-01
    4.20084208e-01 4.66676891e-01 5.56688130e-01 6.31652296e-01
    4.34794664e-01 1.92318141e-01 3.39143276e-02 9.11032796e-01
    4.01279956e-01 9.13520694e-01 7.23568022e-01 1.03453726e-01
    8.10033083e-01 5.45148134e-01 9.28856373e-01 7.19528913e-01
    7.82801807e-02 5.26668847e-01 9.77054656e-01 7.95421004e-03
    6.91257358e-01 1.47834450e-01 7.83665240e-01 8.37386549e-01
    2.15081573e-02 9.11100030e-01 7.44209886e-01 6.80830181e-01
    4.29061472e-01 1.64622128e-01 1.08742774e-01 1.66250229e-01
    7.32095242e-01 1.53640568e-01 7.54482210e-01 7.65557408e-01
    3.76064003e-01 5.32713711e-01 6.11995876e-01 7.91562915e-01
    3.76145929e-01 9.23243999e-01 4.95989740e-01 8.30981255e-01
    4.35305804e-01 1.47960812e-01 9.45993364e-02 5.86684883e-01
    1.87003016e-02 2.50981927e-01 3.35893452e-01 4.56131160e-01
    7.66680241e-01 6.54804111e-01 4.06363428e-01 4.80907738e-01
    3.08986992e-01 2.00564861e-02 4.05713558e-01 1.98153168e-01
    5.99375725e-01 6.98243976e-01 3.19506288e-01 4.87097532e-01
    3.20918202e-01 4.89553720e-01 6.27733052e-01 4.43596542e-01
    8.67131770e-01 9.10699844e-01 3.84073913e-01 6.34995401e-02
    4.97945368e-01 1.27523899e-01 6.65805519e-01 2.20244557e-01
    7.82402039e-01 8.43522072e-01 6.99731112e-01 9.96001363e-01
    5.62759042e-01 6.99167490e-01 7.32570648e-01 8.13231230e-01
    5.27482629e-01 9.33517456e-01 1.10595733e-01 4.52378035e-01
    3.04140687e-01 3.33011448e-02 7.53764749e-01 6.78787231e-01
    7.48496711e-01 9.03226733e-01 3.86694491e-01 2.25912303e-01
    5.35846114e-01 5.79636335e-01 7.40950108e-01 6.59436584e-01
    2.69665480e-01 9.85919714e-01 7.83052146e-02 2.05040932e-01
    7.13066399e-01 9.09461260e-01 2.18128055e-01 4.20259386e-01
    4.13630515e-01 9.85073447e-01 1.82185531e-01 8.60440373e-01
    8.43843818e-02 1.69792682e-01 4.91293818e-01 5.98983765e-02
    6.85944974e-01 3.93575370e-01 6.93935752e-01 6.58278584e-01
    9.95718956e-01 6.67364001e-02 8.85079265e-01 4.15693402e-01
    1.02258325e-01 2.77742207e-01 8.53058577e-01 6.23515069e-01
    9.04189110e-01 2.77645946e-01 2.02926159e-01 2.13946104e-01
    6.41548991e-01 1.84076488e-01 7.96205997e-01 7.41425395e-01
    9.37669516e-01 2.77642906e-02 2.96490967e-01 6.61067307e-01
    3.94042313e-01 2.24083990e-01 4.18058753e-01 8.73002470e-01
    7.30399430e-01 1.70200318e-01 3.96593094e-01 9.42043185e-01
    8.71881247e-02 7.61551142e-01 8.17776680e-01 3.05984914e-01
    6.85642242e-01 1.05148673e-01 4.91051614e-01 7.33968616e-01
    9.08679128e-01 9.23768997e-01 4.92311358e-01 1.74901813e-01
    1.14297390e-01 5.18640816e-01 5.31061649e-01 3.98215413e-01
    7.55359650e-01 5.66661358e-02 7.27057219e-01 2.24709511e-05
    4.90544796e-01 3.97744775e-01 7.19440997e-01 9.80530024e-01
    6.63715601e-01 6.35212898e-01 1.10788882e-01 6.17180347e-01
    7.96505213e-01 1.65448189e-02 2.25876391e-01 9.33680058e-01
    2.87142009e-01 7.44158030e-03 1.61279351e-01 3.92372370e-01
    9.55155373e-01 8.86203647e-01 1.88138664e-01 6.23405576e-01
    4.97926831e-01 3.03272039e-01 9.40274775e-01 7.42382884e-01
    6.67456686e-01 3.63600731e-01 6.69796348e-01 1.93750858e-02
    5.58914661e-01 2.72766650e-01 2.86299706e-01 9.26972628e-02
    3.65137309e-01 8.20040464e-01 1.73509151e-01 1.13120437e-01
    9.63132381e-02 3.09899151e-01 3.83180112e-01 3.38925958e-01
    5.56226909e-01 6.03110909e-01 5.16846001e-01 8.53121877e-01
    6.61773920e-01 1.68891758e-01 7.44397163e-01 7.79812992e-01
    3.73809755e-01 1.59671396e-01 5.62715590e-01 6.26405954e-01
    7.18246102e-02 6.04777873e-01 8.78438354e-01 7.52248645e-01
    1.45866841e-01 4.52533364e-03 9.74249482e-01 6.83750927e-01
    6.10325694e-01 7.35364735e-01 4.60812807e-01 7.54778683e-02
    3.87904942e-02 1.69634163e-01 9.10722494e-01 5.27711809e-01
    3.42364311e-01 2.18156636e-01 6.87765360e-01 3.48820448e-01
    3.18275332e-01 1.86535180e-01 5.50969720e-01 3.58198166e-01
    9.74478900e-01 3.89335573e-01 9.73217607e-01 1.54336840e-01
    9.59752440e-01 6.77591324e-01 4.28167999e-01 1.08128875e-01
    9.10302579e-01 4.85426575e-01 7.48181701e-01 1.51754647e-01
    7.27977574e-01 5.83538711e-02 7.00361609e-01 2.76139885e-01
    2.53780127e-01 8.88537407e-01 8.71458173e-01 8.96710515e-01
    5.22308230e-01 2.36309737e-01 8.46032262e-01 1.39499545e-01
    1.16246253e-01 4.21217948e-01 2.97899842e-01 4.98826712e-01
    4.74809676e-01 8.82010341e-01 9.86319482e-02 1.64981484e-02
    7.64628708e-01 2.44261295e-01 1.86254829e-01 1.10833198e-01
    1.54979169e-01 8.02462578e-01 5.56898952e-01 2.22562969e-01
    8.86957884e-01 3.66809487e-01 7.49891102e-01 9.52815056e-01
    7.57364631e-01 4.38138723e-01 7.62216270e-01 6.63102508e-01
    4.08082187e-01 1.20927691e-01 2.78892159e-01 6.11614645e-01
    3.18973929e-01 8.29155684e-01 8.30726385e-01 8.17850530e-01
    1.85233414e-01 5.54267108e-01 9.88802075e-01 3.13129812e-01
    9.32350099e-01 6.48984551e-01 7.54292309e-02 3.86255383e-01
    7.42024064e-01 9.38655436e-01 9.62246776e-01 6.06462419e-01
    6.12011850e-01 4.32520956e-01 7.59684563e-01 8.78979385e-01
    5.65491796e-01 1.57654881e-02 3.55614364e-01 2.71401942e-01
    1.46954656e-02 6.11835897e-01 2.63928473e-01 8.35961223e-01
    8.17174554e-01 5.55294693e-01 9.49165106e-01 2.90183067e-01
    5.27006865e-01 3.47632349e-01 1.97684765e-01 2.85852700e-01
    3.80993932e-01 9.02921081e-01 4.48517501e-02 6.53158903e-01
    5.87330818e-01 6.40712559e-01 2.39442438e-01 2.50219703e-01
    7.22733855e-01 2.92642593e-01 3.28678071e-01 5.92513323e-01
    3.90158653e-01 9.30542946e-01 4.67580467e-01 9.81231153e-01
    8.11663151e-01 5.39575577e-01 6.05346024e-01 5.93410373e-01
    8.35301280e-01 4.11563218e-01 6.73554659e-01 7.95690954e-01
    7.20798135e-01 2.36649483e-01 2.07125187e-01 8.47861171e-02
    6.95225894e-01 3.10751915e-01 2.05944568e-01 6.62047267e-01
    6.34396315e-01 3.45761597e-01 2.13280857e-01 3.83498460e-01
    4.85008955e-03 5.85174501e-01 5.02030790e-01 6.41216815e-01
    4.41497862e-02 1.44381553e-01 3.08947802e-01 5.30062497e-01
    4.10460114e-01 8.59598696e-01 4.19773608e-01 3.57361495e-01
    7.93722272e-01 3.32321793e-01 5.71022928e-01 6.07509792e-01
    5.71727693e-01 9.82114673e-01 9.16804194e-01 6.83635831e-01
    2.74009347e-01 1.78093165e-01 1.98655158e-01 4.65411007e-01
    7.36640275e-01 6.14324033e-01 7.13173151e-01 1.32241517e-01
    1.28887892e-02 3.51707429e-01 9.28518653e-01 3.31666231e-01
    1.15021169e-01 5.18791020e-01 7.99773991e-01 3.70638967e-02
    1.92774624e-01 8.41348588e-01 9.75280523e-01 2.31491208e-01
    4.98132378e-01 5.75636566e-01 9.57805336e-01 4.85190541e-01
    6.70257211e-03 9.13823545e-02 7.74368286e-01 3.80056620e-01
    2.68055499e-02 9.08752203e-01 4.36980098e-01 2.34228730e-01
    2.20617145e-01 4.45366025e-01 9.41281676e-01 7.01817930e-01
    5.32693386e-01 4.03743237e-01 7.54805207e-02 4.26497072e-01
    2.91768372e-01 4.46984917e-01 3.26556265e-01 2.87281036e-01
    6.23508155e-01 7.55167782e-01 6.58041596e-01 7.58780122e-01
    8.20786357e-01 9.61311102e-01 5.01894653e-01 1.14162385e-01
    6.74701035e-01 2.64308691e-01 8.85812759e-01 3.91066134e-01
    2.42832601e-01 7.05354333e-01 3.22610319e-01 5.33290744e-01
    5.93555570e-01 5.40788472e-01 3.01643938e-01 1.36044532e-01
    6.49668932e-01 4.22587216e-01 5.25242209e-01 4.52983379e-03
    1.59445912e-01 7.28346705e-01 4.56424028e-01 8.80287588e-02
    4.19564426e-01 3.98601413e-01 4.41831201e-01 1.45623595e-01
    8.04350019e-01 2.04013944e-01 3.03353071e-01 8.79201889e-01
    6.76583767e-01 5.92778563e-01 3.87931466e-01 1.96847439e-01
    2.43579745e-01 6.09329343e-01 4.05809999e-01 1.21203452e-01
    6.39367998e-01 3.93875539e-02 5.82385659e-01 1.65063769e-01
    6.43490553e-01 8.90716076e-01 1.60999984e-01 8.91516507e-02
    1.55384868e-01 9.54561472e-01 1.92741841e-01 6.39846683e-01
    3.20079267e-01 7.77471662e-01 4.32278991e-01 7.67773628e-01
    4.85194027e-01 7.31943071e-01 1.16803378e-01 7.21397221e-01
    7.41387010e-02 1.95287943e-01 3.30409646e-01 3.06585371e-01
    8.56004834e-01 2.48151302e-01 2.26019323e-02 5.31450987e-01
    4.57872868e-01 4.03396666e-01 3.33464980e-01 6.17158532e-01
    6.27275825e-01 6.73498511e-01 3.03411990e-01 7.28584766e-01
    9.79832351e-01 9.10564959e-02 5.75818658e-01 3.91240418e-01
    4.56625849e-01 2.73345411e-01 2.19350338e-01 3.44928354e-01
    4.79748219e-01 6.78182602e-01 5.25500476e-02 4.05063927e-01
    7.09557533e-03 6.27977252e-01 2.88824618e-01 5.97855389e-01
    4.58072841e-01 5.45845091e-01 9.27279174e-01 1.79641545e-01
    7.16269851e-01 5.93430758e-01 5.95485151e-01 3.44291836e-01
    4.83751297e-03 8.76544714e-01 4.30929512e-01 3.27003598e-01
    5.77933490e-01 9.84698713e-01 1.92845315e-01 1.16948336e-01
    4.35803831e-01 3.77407670e-01 1.98099017e-03 3.84095728e-01
    3.79754305e-01 8.28917205e-01 5.52636027e-01 2.05922216e-01
    1.96825922e-01 4.70377743e-01 1.14086568e-02 6.34937525e-01
    5.75578213e-01 2.02684581e-01 6.57768190e-01 7.03981519e-01
    4.64776397e-01 4.61113930e-01 3.78926396e-01 2.74275452e-01
    2.84032017e-01 9.92837667e-01 8.73435020e-01 2.17577428e-01
    6.76200330e-01 4.09934878e-01 6.81722283e-01 3.14604819e-01
    6.89372420e-01 9.49004889e-02 6.50600076e-01 8.92097473e-01
    9.90361631e-01 3.43129277e-01 1.57054573e-01 9.03855443e-01
    5.20731032e-01 5.51261067e-01 6.09951198e-01 1.20871097e-01
    4.05351102e-01 9.74844754e-01 6.28019214e-01 3.10311317e-02
    9.44521904e-01 9.94209290e-01 6.77292526e-01 4.59480584e-01
    9.82930183e-01 9.01829004e-01 9.44461346e-01 3.95125985e-01
    9.94142056e-01 2.04850763e-01 3.73258770e-01 7.22528100e-02
    9.40726280e-01 5.46598256e-01 5.83907366e-01 6.14017606e-01
    5.94312429e-01 3.73152465e-01 6.66770101e-01 6.27959847e-01
    4.79797393e-01 1.66842461e-01 9.32799220e-01 9.06383634e-01
    7.22189784e-01 8.80317688e-01 3.35212797e-01 5.11214972e-01
    5.16516268e-01 3.45778883e-01 9.67647612e-01 5.24202168e-01
    8.04155886e-01 4.24581230e-01 7.19146013e-01 6.09576285e-01
    6.64734602e-01 6.96726859e-01 8.78363490e-01 9.99653935e-01
    7.55661070e-01 8.05816770e-01 6.15654945e-01 1.84811622e-01
    6.66176200e-01 6.73500955e-01 7.03144968e-02 9.69633996e-01
    6.07071280e-01 5.70794046e-01 8.26603174e-01 5.45662165e-01
    1.13130927e-01 9.73769248e-01 8.94417405e-01 3.71435881e-02
    6.06940329e-01 8.31180990e-01 2.93413937e-01 1.43950135e-01
    8.71110976e-01 8.17849159e-01 7.12513208e-01 2.07472354e-01
    3.57971221e-01 4.63519305e-01 1.64456874e-01 2.32093692e-01
    8.37307096e-01 4.89117593e-01 2.82483459e-01 2.71373987e-02
    9.89385962e-01 2.74971247e-01 8.65947247e-01 3.24549675e-02
    1.12754822e-01 4.23881084e-01 7.99209833e-01 6.33897185e-01
    7.91185796e-01 1.63488775e-01 8.28845918e-01 7.22187519e-01
    6.70020103e-01 3.88949871e-01 6.98787749e-01 3.76281202e-01
    4.10023302e-01 2.28996038e-01 3.48173469e-01 8.51617277e-01
    9.32835460e-01 4.76298869e-01 1.96144700e-01 5.22297621e-01
    6.98593736e-01 9.18826461e-01 3.93590748e-01 8.00510645e-01
    2.74740100e-01 9.86208081e-01 6.99234962e-01 2.22709954e-01
    9.51273024e-01 7.00330734e-01 2.46039987e-01 6.32489741e-01
    3.46721917e-01 5.61413407e-01 5.34178078e-01 1.31570071e-01
    2.96157360e-01 1.58328444e-01 5.19560993e-01 4.93571073e-01
    9.40837860e-01 5.98796070e-01 5.22711277e-01 6.49881482e-01
    9.40554202e-01 6.37262225e-01 8.66969228e-01 3.04384977e-01
    3.05524647e-01 4.52122569e-01 4.39310521e-01 5.60213625e-01
    4.61132109e-01 7.18443036e-01 2.38001347e-03 3.65479529e-01
    2.66858816e-01 4.47934955e-01 9.38522339e-01 3.48543644e-01
    4.41713452e-01 1.33688152e-02 6.18607163e-01 1.39589161e-01
    1.76931024e-02 6.07678354e-01 1.40867412e-01 9.58831549e-01
    3.79782140e-01 5.00956655e-01 7.75572538e-01 1.98921353e-01
    3.33768368e-01 6.25994205e-02 3.01193297e-02 6.26968443e-01
    3.56172144e-01 8.30238104e-01 2.49181211e-01 8.20071220e-01
    6.42862499e-01 5.15030980e-01 2.23591208e-01 9.14899886e-01
    7.31826067e-01 7.30549455e-01 7.99421430e-01 4.18108106e-01
    8.71788144e-01 4.58839685e-01 5.56207061e-01 2.26737559e-02
    4.05473948e-01 8.27391505e-01 3.31097782e-01 8.80271435e-01
    1.20677471e-01 4.41880435e-01 6.09129727e-01 3.71077359e-01
    1.66166872e-01 6.79989815e-01 1.86261833e-01 3.25457871e-01
    8.06075573e-01 3.60475987e-01 8.13709736e-01 6.95058525e-01
    5.61159909e-01 1.73532069e-02 9.89265442e-01 3.08085144e-01
    4.59189892e-01 6.92089856e-01 8.54352891e-01 4.95945901e-01
    4.69694912e-01 1.60933673e-01 1.30174726e-01 8.95634294e-01
    7.98223317e-02 7.08185673e-01 8.04790735e-01 8.46159101e-01
    9.90481019e-01 1.90763682e-01 7.96332240e-01 9.29626942e-01
    3.64170372e-01 6.48082435e-01 1.13473237e-01 8.87379646e-01
    9.84660089e-01 3.46394777e-01 3.49024862e-01 7.54797578e-01
    4.85139281e-01 2.03350097e-01 7.49743640e-01 2.18951583e-01
    6.62787020e-01 1.56101376e-01 7.25858033e-01 9.58094835e-01
    8.88796985e-01 1.76232040e-01 2.82645524e-02 1.00937039e-01
    3.92171323e-01 5.13109982e-01 9.80602741e-01 5.44955730e-02
    9.82670367e-01 1.41166240e-01 5.69502234e-01 3.07591856e-01
    7.50971496e-01 4.66196418e-01 4.47394788e-01 8.78706813e-01
    2.38361716e-01 2.13259608e-01 4.60418940e-01 1.51969135e-01
    9.06706452e-02 9.63510394e-01 7.07279563e-01 9.33080554e-01
    6.11755431e-01 2.18905181e-01 7.69846916e-01 3.32150519e-01
    1.45848721e-01 1.72489643e-01 6.01693571e-01 4.60823476e-02
    9.88557935e-01 3.22222352e-01 1.77476168e-01 1.92215830e-01
    5.59819877e-01 6.60905659e-01 7.83338547e-01 3.37906957e-01
    3.46679151e-01 7.39651561e-01 2.33540148e-01 5.11993170e-01
    4.82807159e-01 8.98772478e-01 9.64575410e-02 5.81944585e-01
    3.06381583e-01 4.49030519e-01 8.08051467e-01 7.07401693e-01
    6.11433208e-01 5.08846879e-01 5.59529603e-01 9.52737570e-01
    4.43381608e-01 2.60224164e-01 3.66421461e-01 6.30154550e-01
    3.76880765e-02 2.52328813e-01 2.71079272e-01 5.36004007e-01
    7.38966942e-01 3.07362676e-01 1.78373039e-01 9.21350479e-01
    6.33238912e-01 1.15447730e-01 8.25786531e-01 9.69955921e-01
    4.11157548e-01 2.70953327e-01 5.61962903e-01 9.44515467e-01
    7.67058790e-01 6.03634179e-01 9.63437855e-01 3.25042844e-01
    3.95488769e-01 1.37612015e-01 2.85687029e-01 2.85098016e-01
    5.66798329e-01 9.40726817e-01 1.04533911e-01 9.99352634e-01
    1.20566726e-01 1.14987671e-01 6.99126720e-02 8.03474903e-01
    6.70012236e-01 8.74768436e-01 8.63246560e-01 4.47368026e-01
    5.44680893e-01 3.92535836e-01 9.60942686e-01 8.50960791e-01
    3.46053183e-01 2.85493851e-01 3.63593042e-01 9.02114391e-01
    5.94899058e-02 2.78442234e-01 5.05950332e-01 1.72112763e-01
    1.93943113e-01 5.65154791e-01 3.09374630e-02 5.59709430e-01
    8.18314910e-01 8.03406715e-01 7.15049505e-01 4.63687688e-01
    7.23541737e-01 5.67640364e-01 3.45154971e-01 3.32703590e-01
    3.80294144e-01 6.08469367e-01 3.73738706e-02 5.56426466e-01
    9.88621593e-01 4.75870043e-01 6.73947930e-01 6.10172272e-01
    6.33605838e-01 8.88167799e-01 1.73161566e-01 9.65325236e-01
    7.45938420e-02 2.05919832e-01 7.67160296e-01 1.69115365e-02
    2.53195941e-01 2.55230010e-01 9.83983278e-03 6.85836971e-02
    6.44940257e-01 4.08538252e-01 8.06131482e-01 6.93163097e-01
    8.96248281e-01 6.91046476e-01 6.15457714e-01 6.58503294e-01
    5.39082468e-01 3.87671798e-01 2.12147802e-01 1.58667564e-04
    3.15669715e-01 9.80368435e-01 4.97629583e-01 2.37135142e-01
    9.90118742e-01 9.31079149e-01 4.11463678e-01 5.28233945e-02
    2.69120485e-01 2.86598206e-02 9.04938281e-02 8.39278400e-01
    8.17482114e-01 5.13941348e-02 5.86957932e-01 2.84100592e-01
    4.07159299e-01 6.30134344e-01 5.64403474e-01 5.17123580e-01
    1.56847745e-01 5.78516722e-01 2.68224716e-01 4.44740057e-02
    1.74320608e-01 5.55874050e-01 1.36230230e-01 5.20116210e-01
    1.27052724e-01 4.30613071e-01 3.08373094e-01 3.64810228e-02
    1.46363914e-01 4.54978675e-01 2.30382174e-01 5.49184382e-02
    7.06236422e-01 9.03194189e-01 8.83528650e-01 3.88614208e-01
    3.36766958e-01 1.49526268e-01 3.38806033e-01 9.97710705e-01
    6.04692161e-01 1.42968118e-01 8.19244027e-01 7.59330988e-01
    8.55676293e-01 7.03097582e-02 4.92648333e-01 6.65820837e-01
    1.44883573e-01 7.90583014e-01 4.17330891e-01 2.46540397e-01
    5.75783849e-03 3.82478923e-01 5.22000909e-01 6.92100883e-01
    7.80074835e-01 2.00950801e-02 7.01558590e-01 3.83177996e-02
    3.26600194e-01 2.23099917e-01 7.28446186e-01 8.89298797e-01
    3.57383281e-01 7.79594660e-01 2.07896262e-01 9.36634421e-01
    3.58283699e-01 2.09352642e-01 1.12813175e-01 3.04179430e-01
    7.69046307e-01 3.08384806e-01 5.34516692e-01 7.14384675e-01
    6.31130874e-01 5.98701656e-01 1.37247831e-01 7.67816782e-01
    5.52601993e-01 1.89531177e-01 4.25838023e-01 5.42070329e-01
    1.02764666e-02 4.79077399e-01 1.70101404e-01 7.38968611e-01
    7.63680696e-01 1.80207193e-01 8.64921212e-02 5.29619694e-01
    3.45106721e-01 8.90564799e-01 5.07474422e-01 3.27511281e-01
    2.33115584e-01 3.91209036e-01 2.13192314e-01 7.61806369e-01
    5.14201820e-01 6.05424345e-01 4.66820806e-01 5.48323631e-01
    2.13533551e-01 3.31463218e-01 2.60869831e-01 5.31540096e-01
    3.80430222e-02 8.25970948e-01 9.26098466e-01 8.27542067e-01
    3.45330775e-01 2.30696619e-01 2.80106187e-01 3.31690103e-01
    7.13266850e-01 3.91994298e-01 8.72228980e-01 3.54449391e-01
    5.74020743e-01 2.84801841e-01 4.38093662e-01 1.76510811e-01
    3.46485078e-02 3.75530779e-01 7.22299993e-01 7.01262593e-01
    8.40450883e-01 9.23242033e-01 8.07695687e-02 9.16677654e-01
    5.68869770e-01 2.36126631e-01 3.11296761e-01 9.37382698e-01
    4.40477729e-02 8.03060532e-02 5.95039129e-01 6.83629990e-01
    8.51454616e-01 4.25053030e-01 5.30708134e-01 3.37112665e-01
    6.98281050e-01 9.81286705e-01 1.67935133e-01 7.25321293e-01
    7.70706832e-01 4.42701191e-01 3.37235034e-01 8.56422067e-01
    4.81017500e-01 6.50731802e-01 8.04885030e-02 5.26111603e-01
    4.81757492e-01 9.81349826e-01 2.22172141e-02 9.55060959e-01
    3.86899650e-01 3.49438041e-01 8.88873339e-01 8.25863004e-01
    9.40886259e-01 4.56107676e-01 5.26453853e-01 4.14692134e-01
    5.13882995e-01 6.15206838e-01 2.27221668e-01 3.53311241e-01
    3.24057817e-01 3.62494588e-02 9.38133001e-02 3.07660699e-01
    6.38152838e-01 2.68138230e-01 4.31150645e-01 7.45789886e-01
    2.43333399e-01 6.15326166e-02 3.69304121e-01 8.71933818e-01
    4.96817499e-01 2.18409300e-03 5.15971839e-01 5.60177028e-01
    5.66588223e-01 9.18116570e-01 4.10231203e-01 3.69594455e-01
    4.13658559e-01 8.57370675e-01 9.48572159e-01 8.34870517e-01
    1.30511224e-01 7.66392410e-01 4.50004637e-02 3.86003673e-01
    8.62761617e-01 5.83870053e-01 8.89615059e-01 1.57878429e-01
    4.35290217e-01 4.14099842e-01 3.48290205e-02 6.59929574e-01
    3.41234773e-01 8.37917566e-01 1.99267566e-02 4.00094092e-01
    6.63900077e-02 1.99816763e-01 8.98657620e-01 6.89938426e-01
    3.69595826e-01 7.42535353e-01 9.38465714e-01 1.58285499e-02
    8.64376724e-01 2.73845077e-01 7.09140360e-01 3.37627828e-02
    7.56114423e-01 1.80202723e-03 5.89968443e-01 7.81113088e-01
    1.36329144e-01 9.43807125e-01 6.08256161e-01 1.69396341e-01
    8.23291719e-01 4.52507317e-01 1.12327099e-01 7.13812292e-01
    9.24810290e-01 4.53307509e-01 6.70835674e-01 2.32770264e-01
    4.07129735e-01 7.38012433e-01 8.52094889e-01 1.24529183e-01
    3.80935907e-01 1.55954570e-01 7.85210729e-01 9.04915690e-01
    3.49981010e-01 9.17691052e-01 3.98251712e-01 9.82270837e-01
    3.26185882e-01 7.32851863e-01 5.02364397e-01 9.01962876e-01
    4.80074823e-01 7.28166163e-01 1.93188667e-01 7.42349982e-01
    6.87008739e-01 3.66022974e-01 7.40221143e-02 5.96595049e-01
    3.38602006e-01 6.07564449e-01 9.09411907e-03 7.15365171e-01
    4.95190263e-01 4.11802471e-01 6.23753607e-01 6.65918648e-01
    2.61328697e-01 4.97609049e-01 5.41451395e-01 7.97823668e-01
    9.91904259e-01 9.13522840e-01 2.13424534e-01 1.47227317e-01
    3.06965530e-01 3.88704270e-01 5.75656950e-01 4.42408890e-01
    9.82850432e-01 1.10647440e-01 1.75058395e-01 2.63670862e-01
    4.75058556e-01 5.89077473e-01 9.84445214e-01 6.87492311e-01
    4.50160205e-01 2.14238107e-01 2.61418879e-01 8.64945889e-01
    9.82000649e-01 1.12222642e-01 8.16378832e-01 4.83931214e-01
    5.02116621e-01 8.18974257e-01 6.91124558e-01 1.19683802e-01
    9.21263039e-01 7.04570711e-01 5.37644744e-01 8.28485012e-01
    2.19787955e-02 2.33543277e-01 9.66728210e-01 5.01102924e-01
    1.22084260e-01 5.62748730e-01 8.31687808e-01 9.39751506e-01
    5.26124060e-01 8.51790071e-01 1.27512753e-01 2.82179296e-01
    7.82943606e-01 6.09349668e-01 8.95887315e-02 5.49682975e-03
    2.10395724e-01 4.02040005e-01 3.87130082e-01 2.36327857e-01
    3.50918710e-01 7.73710012e-01 5.93955517e-01 4.75127429e-01
    6.53505087e-01 9.41470385e-01 6.37944400e-01 2.82736331e-01
    9.98919785e-01 2.77624607e-01 6.24598801e-01 4.18803334e-01
    8.57433319e-01 2.49617487e-01 8.88164878e-01 8.76130700e-01
    9.97449636e-01 3.75734508e-01 2.09978044e-01 5.49469948e-01
    4.75879729e-01 6.34648085e-01 6.83879614e-01 3.13036501e-01
    1.02603167e-01 8.18524778e-01 4.17487621e-01 2.61381835e-01
    5.57584465e-02 3.25269520e-01 5.19708455e-01 4.11171913e-01
    5.36084592e-01 1.50203288e-01 7.41784215e-01 2.24233150e-01
    2.65566707e-01 9.13541794e-01 7.33322024e-01 6.33480787e-01
    7.14066029e-01 3.62056136e-01 7.34810770e-01 5.55546939e-01
    3.09553206e-01 3.07995528e-01 4.14699316e-02 1.54442489e-02
    2.27746636e-01 6.59224391e-02 9.08846617e-01 1.67039156e-01
    9.60051417e-01 3.15697074e-01 1.67821348e-02 5.69186270e-01
    1.19576991e-01 8.82270634e-01 3.16253424e-01 5.07398725e-01
    2.85340965e-01 2.02002645e-01 6.78648412e-01 8.13354611e-01
    3.53923082e-01 1.94025189e-01 1.78022474e-01 4.29984808e-01
    2.20759213e-02 3.21406543e-01 5.15355885e-01 3.55583429e-03
    9.76541340e-01 4.91443098e-01 6.03704154e-02 8.95779371e-01
    3.51512283e-01 9.50630009e-02 6.59506023e-01 4.36233938e-01
    1.59829855e-02 5.88710546e-01 2.21866667e-01 6.06567502e-01
    9.35079694e-01 3.97305727e-01 8.36755812e-01 8.55825901e-01
    9.14360881e-02 3.57409447e-01 6.43240213e-01 4.71493334e-01
    8.32166195e-01 9.45017695e-01 3.81478578e-01 7.57539034e-01
    2.26156592e-01 1.59991860e-01 2.44343102e-01 4.98309702e-01
    7.58631706e-01 3.10554802e-01 8.94052565e-01 1.69412255e-01
    6.64533436e-01 6.93979800e-01 8.36528778e-01 5.28335929e-01
    3.67312789e-01 9.08589721e-01 3.72078955e-01 3.61823738e-01
    8.98565054e-01 5.00894964e-01 7.34292269e-01 5.96223056e-01
    4.66307461e-01 5.87388039e-01 1.89902008e-01 4.48675096e-01
    1.03551328e-01 3.61993730e-01 9.61618006e-01 3.21927965e-02
    5.38375974e-01 9.19331670e-01 2.97972381e-01 3.49386215e-01
    3.27756375e-01 9.58222628e-01 8.20036829e-01 9.69696939e-02
    4.15994257e-01 3.96626770e-01 4.11646098e-01 6.02099836e-01
    2.54270285e-01 3.24835718e-01 7.99420476e-03 3.83418500e-01
    2.50041664e-01 9.63488102e-01 9.22452807e-01 1.16965801e-01
    2.66944885e-01 9.32218313e-01 3.91212583e-01 2.61561871e-01
    9.23082888e-01 8.98676038e-01 6.55635059e-01 5.14990747e-01
    7.41234779e-01 8.24288487e-01 4.02717948e-01 2.40649819e-01
    2.24377811e-02 4.68685925e-01 8.51221204e-01 7.42977560e-01
    1.75438344e-01 9.00930524e-01 3.72489929e-01 8.30229163e-01
    8.84001017e-01 5.31324863e-01 5.09820640e-01 2.14510024e-01
    8.94463897e-01 2.57064164e-01 8.37890506e-02 5.04950702e-01
    8.24425817e-01 8.64071608e-01 1.46846145e-01 4.43585038e-01
    6.44667447e-01 1.82761103e-01 1.04407281e-01 6.83835030e-01
    8.61547709e-01 9.05007660e-01 5.98932385e-01 9.71167624e-01
    9.94792700e-01 4.69180584e-01 7.58593082e-01 9.82364535e-01
    8.49388480e-01 3.37842882e-01 9.29890990e-01 2.94757992e-01
    5.45286357e-01 2.31425464e-01 2.17147738e-01 4.95394140e-01
    4.08552974e-01 6.06893301e-01 5.29532492e-01 1.77052796e-01
    2.31882095e-01 6.08961523e-01 8.79130125e-01 4.87822175e-01
    4.83696878e-01 6.03453875e-01 1.05589926e-01 3.59047055e-02
    2.20029444e-01 2.63093412e-01 6.00624382e-01 2.62280762e-01
    2.46051997e-01 3.44371676e-01 9.99727607e-01 8.86573195e-01
    9.89810705e-01 3.01110953e-01 3.97681147e-01 7.02634871e-01
    8.31302643e-01 2.30467737e-01 9.77906346e-01 2.01658487e-01
    8.60195279e-01 4.33500171e-01 4.74375308e-01 6.39733493e-01
    9.40450549e-01 1.03618830e-01 9.46669638e-01 4.08020914e-01
    9.51522112e-01 8.02880287e-01 1.79526210e-01 1.48253530e-01
    5.01443565e-01 3.90109092e-01 1.71349019e-01 3.96043777e-01
    1.67870790e-01 9.57752883e-01 9.55808282e-01 7.65170455e-01
    5.72839677e-02 2.26617694e-01 7.27562010e-02 9.83494222e-02
    8.87038767e-01 9.68860388e-02 6.94852054e-01 9.02342796e-03
    5.94761491e-01 8.76229465e-01 5.38782716e-01 2.42683679e-01
    2.68155277e-01 4.11107123e-01 9.95472670e-01 9.03690934e-01
    9.73667800e-01 6.60675883e-01 1.78310007e-01 3.30196410e-01
    7.24281788e-01 1.85308307e-01 6.10790312e-01 5.48714101e-01
    1.09113038e-01 9.91867840e-01 4.71838027e-01 8.26825559e-01
    3.84294957e-01 9.51969266e-01 1.34639204e-01 9.96622741e-02
    5.43954194e-01 7.19119012e-02 7.97268748e-02 2.50259072e-01
    3.82812440e-01 7.76440740e-01 4.87648100e-01 6.19210541e-01
    3.77123535e-01 6.36983871e-01 7.92761445e-01 6.20113909e-02
    9.70681489e-01 9.75398719e-02 9.37868059e-01 2.63696790e-01
    8.62362862e-01 5.67423344e-01 4.04332310e-01 9.76392031e-01
    5.03836691e-01 2.60683358e-01 9.44757998e-01 3.74522150e-01
    6.61890745e-01 3.73912543e-01 4.02809978e-01 2.89012671e-01
    6.91634953e-01 5.64044118e-02 9.17716146e-01 9.60244179e-01
    7.39539981e-01 8.23496461e-01 7.06801772e-01 9.38671350e-01
    8.28641057e-01 5.72750926e-01 7.32658803e-02 4.60468471e-01
    5.03396571e-01 5.93388081e-01 9.86110449e-01 2.17315853e-01
    5.95696568e-01 8.71656060e-01 6.92175925e-01 7.65616775e-01
    2.03713775e-02 3.07609409e-01 4.86196578e-02 9.99851823e-01
    7.02046573e-01 8.85329127e-01 4.15741861e-01 1.93358570e-01
    5.38835108e-01 3.13434333e-01 1.45720124e-01 2.51457155e-01
    2.78347790e-01 2.11289197e-01 2.48121917e-02 6.68253005e-01
    3.28336954e-02 8.09326053e-01 5.07689178e-01 3.43149900e-01
    9.07410860e-01 2.81531751e-01 1.37815773e-02 9.13683891e-01
    6.81874335e-01 2.89282322e-01 9.44750786e-01 3.19587290e-01
    3.74038041e-01 1.90481335e-01 8.69873047e-01 4.99297976e-02
    1.77461296e-01 2.11295575e-01 6.62974536e-01 5.10248363e-01
    2.77209193e-01 1.33467674e-01 3.76049548e-01 3.91704261e-01
    2.44548500e-01 1.21800393e-01 8.83332551e-01 6.48486674e-01
    2.32047439e-02 1.32386178e-01 5.21994114e-01 8.28271329e-01
    6.43154979e-01 8.55665922e-01 5.11662126e-01 3.44356507e-01
    8.97486508e-02 6.18410766e-01 4.14522409e-01 3.96500021e-01
    8.18360507e-01 3.94713938e-01 7.83048987e-01 2.41126448e-01
    9.24859643e-02 7.12473094e-01 5.96059084e-01 1.64759427e-01
    1.73145264e-01 1.52192593e-01 2.05581427e-01 5.80021262e-01
    8.88290405e-02 1.88525945e-01 4.83084232e-01 5.77453792e-01
    6.80491090e-01 6.79974258e-02 3.07077020e-01 3.65446687e-01
    3.42636287e-01 4.58974689e-01 7.47864366e-01 5.77775180e-01
    8.12586665e-01 5.02054214e-01 6.84633613e-01 7.79620588e-01
    5.31549931e-01 6.08551323e-01 6.09259248e-01 3.34694505e-01
    5.62775135e-01 9.11227703e-01 7.00824618e-01 2.57636786e-01
    3.93325597e-01 2.65360326e-01 3.20691407e-01 6.51106894e-01
    4.36848134e-01 3.32748711e-01 5.75839281e-02 6.67971373e-01
    4.09673452e-02 1.03198946e-01 3.38719964e-01 7.73940861e-01
    2.53332168e-01 9.82668579e-01 5.12824059e-01 6.70396388e-01
    1.99621499e-01 8.69058967e-02 2.38420933e-01 1.69761002e-01
    3.10503483e-01 1.53430998e-02 3.34623963e-01 7.64670253e-01
    4.34907079e-01 8.50032210e-01 1.24298751e-01 5.00862181e-01
    9.25211787e-01 5.98382890e-01 1.38880104e-01 6.42821252e-01
    7.23143339e-01 6.56903565e-01 6.00450635e-01 5.80534637e-02
    3.14556360e-01 1.43810391e-01 1.40175462e-01 3.35503727e-01
    6.86436892e-01 8.70071769e-01 5.30348301e-01 5.83130062e-01
    5.85902929e-01 6.48078382e-01 7.61895061e-01 5.86758852e-01
    2.44375885e-01 2.17351198e-01 9.79381680e-01 6.18147254e-02
    1.17163211e-01 9.85209823e-01 2.88384885e-01 2.06345797e-01
    1.19974345e-01 6.75453067e-01 6.36916995e-01 9.33502674e-01
    9.31815743e-01 6.82025194e-01 7.54775584e-01 2.00228453e-01
    1.05473340e-01 1.77494466e-01 6.62976623e-01 2.04878092e-01
    9.12777543e-01 9.38150227e-01 6.71066284e-01 4.13331687e-01
    6.50811315e-01 6.52320147e-01 9.39089775e-01 4.15577978e-01
    2.43657172e-01 1.87741995e-01 1.00422472e-01 8.51347446e-01
    5.11692226e-01 8.03968012e-01 6.58101022e-01 9.70413923e-01
    7.52925992e-01 4.45190847e-01 4.93031442e-02 1.76483780e-01
    3.08213890e-01 5.28031230e-01 4.34191793e-01 2.68781304e-01
    6.13731086e-01 2.65639961e-01 3.25202942e-01 5.44834554e-01
    2.96845078e-01 5.79930842e-01 8.01522017e-01 1.53620839e-01
    5.90681970e-01 1.20591223e-02 7.75749505e-01 3.21554601e-01
    7.18897700e-01 1.71080768e-01 5.50422311e-01 7.01260328e-01
    4.78772432e-01 1.49044275e-01 7.95660973e-01 7.61728764e-01
    5.94236553e-02 9.88617897e-01 9.59840417e-02 6.04369700e-01
    1.50308251e-01 6.26363814e-01 3.45989019e-01 4.80908155e-03
    3.16379786e-01 9.43766594e-01 1.96826488e-01 2.63576686e-01
    4.04123366e-01 2.18680918e-01 7.42169976e-01 7.04472363e-01
    1.77838832e-01 3.87851983e-01 3.72324139e-01 5.60912669e-01
    9.40484762e-01 3.03181589e-01 5.21859527e-02 6.97897077e-01
    8.50450695e-01 8.13124299e-01 7.77613819e-02 4.05131578e-02
    9.33769584e-01 4.03059781e-01 7.24689960e-01 1.58269227e-01
    9.08631921e-01 2.65709281e-01 8.77241313e-01 8.63760829e-01
    9.13223505e-01 1.20335221e-02 7.71137714e-01 2.30962336e-02
    5.76662660e-01 7.78391719e-01 1.32637858e-01 5.24686992e-01
    1.34358495e-01 7.12865829e-01 4.65172231e-01 2.69887000e-01
    6.88952029e-01 2.69083560e-01 7.38772869e-01 5.09637833e-01
    7.23773241e-03 5.08823156e-01 3.66288722e-01 3.16743255e-02
    9.58632946e-01 3.44329029e-01 8.92102003e-01 4.50109333e-01
    6.28906727e-01 6.93243086e-01 3.74984175e-01 5.15908062e-01
    2.87869632e-01 3.92694890e-01 9.28949654e-01 5.00094891e-01
    9.18697953e-01 6.34001851e-01 3.09703231e-01 6.05106652e-01
    6.83455825e-01 5.72153568e-01 8.25175762e-01 7.21554101e-01
    7.29875684e-01 1.06520981e-01 1.15470052e-01 3.47242534e-01
    5.52980125e-01 5.27700663e-01 7.25612998e-01 2.01110005e-01
    8.51815462e-01 5.32983303e-01 2.03249633e-01 7.90411234e-01
    5.45309722e-01 1.39280528e-01 5.76223195e-01 9.04630184e-01
    6.60617590e-01 1.99975431e-01 2.04966158e-01 2.39569187e-01
    1.17367089e-01 5.14995039e-01 8.34177256e-01 3.01227272e-01
    2.36540467e-01 5.96330583e-01 2.90527344e-02 4.09088165e-01
    3.39767456e-01 9.97721076e-01 3.53106558e-01 2.50012398e-01
    1.48076147e-01 2.98588574e-02 6.98308349e-02 3.36681962e-01
    4.84505326e-01 5.43353438e-01 9.26163077e-01 8.94029379e-01
    3.00639331e-01 6.86043799e-02 8.76139522e-01 6.05980396e-01
    6.05399668e-01 5.64175069e-01 7.30137587e-01 2.94190526e-01
    3.91227365e-01 4.75513339e-02 2.53789961e-01 7.03387380e-01
    3.98299575e-01 8.77728462e-02 6.34671450e-01 9.45381165e-01
    8.09163928e-01 3.66010904e-01 3.86251003e-01 1.57951832e-01
    8.41734648e-01 1.66074127e-01 7.41935730e-01 4.74425375e-01
    3.52295160e-01 9.75028038e-01 1.44205511e-01 5.77258170e-01
    7.75612473e-01 7.81909347e-01 2.55462468e-01 3.05045068e-01
    2.67307848e-01 1.46637946e-01 9.51798975e-01 4.32886064e-01
    6.71603203e-01 1.65871114e-01 9.33617115e-01 5.43458760e-01
    9.40215290e-01 5.60708463e-01 1.97900146e-01 9.10193563e-01
    6.83932006e-02 3.54921460e-01 1.28687292e-01 7.08808482e-01
    9.85619068e-01 1.91691935e-01 2.91517138e-01 8.06620300e-01
    7.33103454e-01 2.87837565e-01 6.32100105e-01 1.85262769e-01
    4.77102101e-02 9.56254959e-01 3.39447498e-01 9.89179969e-01
    4.60048676e-01 3.59051347e-01 1.49519742e-02 4.14881259e-01
    3.05702746e-01 6.15558982e-01 7.53686786e-01 8.64648581e-01
    2.85326779e-01 7.69865990e-01 5.35294533e-01 6.95816875e-02
    5.64172268e-01 7.56144643e-01 7.78654099e-01 1.74232900e-01
    6.16289020e-01 8.95476222e-01 3.88705760e-01 6.45927191e-02
    9.42245543e-01 3.21532696e-01 4.92518246e-01 1.18588865e-01
    2.57728934e-01 8.37311029e-01 5.98260760e-03 9.74511147e-01
    6.72301173e-01 2.61204243e-02 3.56298089e-02 9.16317463e-01
    7.59754777e-01 6.92996740e-01 6.36404932e-01 6.55787468e-01
    2.01524556e-01 3.02606702e-01 3.68737280e-01 9.57852364e-01
    7.15054870e-02 3.99944514e-01 1.46088332e-01 1.86235517e-01
    2.76148856e-01 5.03627479e-01 8.79219294e-01 1.66903436e-02
    1.97671890e-01 5.42825460e-01 5.44922233e-01 2.46918768e-01
    7.44781613e-01 8.19999635e-01 3.83825570e-01 7.22463012e-01
    4.23696131e-01 8.59596908e-01 1.26926631e-01 3.76802176e-01
    6.51674509e-01 4.34688151e-01 5.92249036e-01 7.60613322e-01
    3.95482153e-01 2.57537693e-01 3.94743562e-01 7.86073625e-01
    7.13568687e-01 7.63396382e-01 2.93870807e-01 3.08494866e-02
    3.14899713e-01 6.88100100e-01 3.58188689e-01 4.05824125e-01
    5.28426588e-01 8.59632611e-01 6.60316646e-01 9.38968539e-01
    3.43260556e-01 9.12065566e-01 7.97086120e-01 4.28214014e-01
    8.29948545e-01 6.38483882e-01 7.02050209e-01 6.99372888e-01
    4.51474756e-01 7.57607877e-01 7.89905190e-01 2.78775573e-01
    6.72474682e-01 8.25346529e-01 3.28864306e-01 5.37487090e-01
    5.20073473e-01 9.18825150e-01 6.48029089e-01 1.52718127e-02
    8.58163893e-01 9.32069540e-01 6.70025945e-02 6.27804101e-01
    5.70633888e-01 1.73445344e-01 7.77864039e-01 8.14661145e-01
    7.95571566e-01 2.60154009e-02 9.36450243e-01 4.96111512e-02
    4.55692679e-01 6.82309389e-01 5.96997440e-01 5.43884993e-01
    9.92636621e-01 7.42556274e-01 4.53985691e-01 3.17443252e-01
    3.58458906e-01 4.86983657e-02 7.08023548e-01 3.21387649e-01
    9.29347873e-01 8.62758338e-01 7.05802321e-01 5.92917085e-01
    6.65838480e-01 3.23877662e-01 4.37826961e-01 5.47576725e-01
    2.33603686e-01 9.70468700e-01 7.69784212e-01 7.29272842e-01
    9.98461783e-01 6.90119624e-01 7.95805454e-01 8.05022120e-02
    6.15266323e-01 7.36360013e-01 3.45622897e-02 4.54346865e-01
    6.62074506e-01 9.06436145e-02 7.84678161e-02 9.53302383e-01
    9.71789956e-02 8.29033852e-01 8.10586035e-01 9.18636680e-01
    2.51781762e-01 4.25941944e-01 3.62259895e-01 4.44026589e-02
    8.23133707e-01 4.13054705e-01 2.52462924e-02 7.46250153e-01
    8.50594878e-01 3.93134952e-01 2.39271253e-01 4.03484076e-01
    1.13034934e-01 4.34163511e-01 9.22218263e-01 1.86612606e-01
    6.83290601e-01 9.23158526e-01 8.80393505e-01 8.92684460e-02
    3.98317873e-01 5.66205740e-01 8.78087580e-01 6.20184243e-01
    2.97355950e-01 2.97119319e-01 1.14150494e-01 9.89423394e-01
    2.47608751e-01 8.55133533e-02 5.60584664e-03 1.95722371e-01
    8.34941864e-02 7.57681906e-01 6.25993192e-01 2.95671642e-01
    8.47015500e-01 2.07400113e-01 8.46758962e-01 3.83544862e-02
    6.27333522e-01 8.21441054e-01 2.79188454e-01 3.45845193e-01
    7.55647719e-02 3.29021394e-01 2.81782925e-01 1.03832722e-01
    1.43868625e-01 4.52208757e-01 5.32646179e-01 3.09482515e-02
    9.80622888e-01 6.69754267e-01 4.76830900e-01 3.89307737e-04
    9.82581973e-01 9.82717693e-01 5.18359542e-01 9.58302498e-01
    6.80678189e-02 6.66165471e-01 2.36332268e-01 6.60706460e-02
    2.53809899e-01 9.16329622e-02 2.81720161e-01 7.81542420e-01
    2.72749901e-01 4.99895364e-01 4.57031786e-01 1.15623295e-01
    9.78101194e-02 4.16509300e-01 1.04036152e-01 8.94019246e-01
    4.44996357e-02 1.03730857e-02 2.42425710e-01 1.52404428e-01
    5.91920853e-01 2.95065343e-01 4.49472100e-01 6.03096724e-01
    9.07968998e-01 5.60751677e-01 2.86554545e-01 3.41440499e-01
    2.35804051e-01 3.24555159e-01 8.82166922e-02 7.96599686e-02
    7.52119064e-01 6.84404969e-01 3.60208690e-01 5.52179515e-01
    9.51963186e-01 9.45542216e-01 8.70249271e-01 9.26377773e-02
    9.42778230e-01 3.13438773e-01 2.57213652e-01 4.23433542e-01
    9.78434503e-01 3.87438774e-01 1.09768838e-01 1.09116584e-01
    4.82410789e-01 4.21599299e-01 3.44356865e-01 1.54932231e-01
    8.59642565e-01 6.22554123e-01 2.66907215e-01 5.10194778e-01
    8.71644378e-01 1.09640658e-01 9.22482610e-01 3.04105699e-01
    5.71017087e-01 3.47147763e-01 3.33118528e-01 8.55341852e-02
    5.36281288e-01 4.77241069e-01 3.84137034e-02 7.48396337e-01
    1.65404111e-01 9.31658626e-01 2.86121428e-01 8.14075112e-01
    7.19285965e-01 2.75558710e-01 2.11888403e-01 7.38587022e-01
    1.81631297e-01 6.32037401e-01 7.53262281e-01 6.81656957e-01
    6.93112433e-01 4.02170330e-01 3.94233435e-01 6.46473825e-01
    8.70647430e-01 7.74185061e-01 2.37648427e-01 2.96485931e-01
    6.08865201e-01 3.57242525e-01 6.04825556e-01 8.44841778e-01
    5.41115344e-01 5.65708041e-01 6.98125720e-01 6.75524175e-02
    7.35783041e-01 1.10653460e-01 5.50565958e-01 2.21220940e-01
    9.59480286e-01 3.14353406e-02 6.39092624e-02 5.23630321e-01
    3.72785747e-01 5.12837648e-01 2.02475429e-01 8.10999095e-01
    4.26782966e-01 9.74008679e-01 4.00421977e-01 8.86805177e-01
    2.09648848e-01 1.60110176e-01 6.33344710e-01 2.42139697e-01
    4.10765380e-01 2.65937924e-01 9.66842890e-01 1.06168270e-01
    1.11923337e-01 9.21559453e-01 2.20910072e-01 5.80049157e-02
    8.85641575e-02 5.98393202e-01 4.35104936e-01 5.83860695e-01
    9.97944713e-01 3.42783928e-02 3.06326330e-01 8.53176415e-02
    7.17860341e-01 4.97935414e-02 6.70005977e-02 5.97942829e-01
    2.08242118e-01 4.25730586e-01 2.83213735e-01 4.70100939e-02
    7.13589907e-01 9.87444818e-01 5.84715009e-01 2.09936768e-01
    7.37032890e-02 7.93624163e-01 3.16446841e-01 4.75592822e-01
    4.73694801e-02 6.20303690e-01 6.00630283e-01 2.11745918e-01
    4.58306521e-01 7.25001216e-01 7.18448043e-01 8.44428182e-01
    8.25268269e-01 7.53683567e-01 8.14463317e-01 6.54281378e-02
    3.01123202e-01 9.00923014e-01 4.75836247e-01 8.92725587e-01
    5.09989619e-01 9.78619695e-01 2.05298305e-01 2.29553282e-01
    4.31768060e-01 4.95468289e-01 7.28768110e-01 6.50873780e-01
    2.34225810e-01 8.70095372e-01 6.02982521e-01 6.96099043e-01
    1.13593340e-02 2.04311907e-01 1.60188228e-01 7.76692033e-01
    4.17233109e-01 1.59589916e-01 7.65441716e-01 6.22574270e-01
    9.25935328e-01 2.99573779e-01 6.35281205e-01 6.32093191e-01
    2.27974832e-01 2.27169871e-01 1.71147972e-01 3.98263007e-01
    3.92123640e-01 6.56893551e-01 1.05779916e-01 8.74981642e-01
    3.34178954e-01 4.33841050e-01 4.13437337e-01 1.78773463e-01
    9.47179556e-01 5.91974735e-01 2.11252868e-02 4.25549984e-01
    9.48896408e-01 4.18760955e-01 2.13624299e-01 4.55594510e-01
    4.35802341e-03 5.81236303e-01 2.27414817e-01 8.94906163e-01
    9.18379188e-01 9.51971889e-01 5.17553449e-01 6.19749904e-01
    1.32872552e-01 1.25756264e-02 6.16856039e-01 3.91129017e-01
    9.62997615e-01 5.81237972e-01 8.77983630e-01 2.36798227e-02
    3.74840826e-01 2.25263417e-01 1.55919701e-01 4.19950247e-01
    8.78271699e-01 6.30922735e-01 1.21751666e-01 5.38786352e-01
    3.70022863e-01 5.62408507e-01 9.55618620e-01 8.05623770e-01
    5.80819964e-01 5.15345812e-01 6.48797393e-01 6.96602166e-02
    9.86632824e-01 7.14028716e-01 9.17787910e-01 8.38803411e-01
    5.45928657e-01 4.36639249e-01 1.64037406e-01 3.22016895e-01
    6.12396598e-01 2.34766304e-01 4.78677958e-01 4.85735774e-01
    2.95865119e-01 3.14926624e-01 3.76674742e-01 1.80682927e-01
    9.40628290e-01 4.40901518e-02 9.48219657e-01 2.88492918e-01
    8.32010150e-01 3.91018480e-01 9.58611608e-01 2.93143511e-01
    1.85950369e-01 5.44817567e-01 4.74598616e-01 2.47603893e-01
    1.94494635e-01 9.39759135e-01 4.20633584e-01 1.53427035e-01
    4.05657768e-01 2.04507351e-01 8.94140005e-01 8.90785456e-02
    2.09115148e-01 4.81084347e-01 1.95853591e-01 9.51070487e-01
    6.76673949e-01 1.36702776e-01 8.02179337e-01 1.00070089e-01
    8.49548101e-01 5.42090297e-01 4.01773214e-01 9.44426775e-01
    7.84525514e-01 2.29095608e-01 1.84016675e-01 1.36638850e-01
    9.18861032e-01 6.40562654e-01 3.80869031e-01 6.63895845e-01
    5.39251685e-01 6.13941669e-01 4.67011333e-01 8.13877821e-01
    1.74286366e-02 3.64432007e-01 7.47306049e-01 1.99324578e-01
    4.15855259e-01 7.17707455e-01 5.65743446e-01 9.95689631e-03
    9.39060450e-01 6.67528152e-01 6.72797561e-02 2.18891084e-01
    9.84777331e-01 9.16143775e-01 8.61134887e-01 3.40084851e-01
    4.76945758e-01 4.84365761e-01 5.77894986e-01 2.43717283e-01
    8.50347579e-02 3.14001799e-01 6.04783416e-01 7.13913202e-01
    1.08361900e-01 4.72890615e-01 4.89409029e-01 1.68289840e-01
    3.80763471e-01 9.10176992e-01 8.38168740e-01 5.87294459e-01
    5.09213090e-01 2.20052868e-01 2.73082763e-01 9.78555799e-01
    3.91627967e-01 4.09927815e-01 6.11672878e-01 7.17483461e-01
    1.03418708e-01 4.28399146e-01 7.95688868e-01 8.87700915e-02
    3.94551963e-01 3.32191706e-01 2.99573779e-01 3.03115785e-01
    8.31202865e-01 1.14746273e-01 9.27965164e-01 9.95582581e-01
    2.63671100e-01 1.40023649e-01 5.60959220e-01 7.91869640e-01
    9.84999657e-01 3.78751576e-01 9.50607061e-01 8.77503157e-01
    8.30571771e-01 2.73955852e-01 3.36716950e-01 9.92942095e-01
    6.67859614e-01 8.98664713e-01 6.39749169e-01 6.54361963e-01
    7.62952387e-01 9.76474643e-01 1.56550169e-01 5.55339277e-01
    5.48011601e-01 2.37451881e-01 3.27908397e-01 4.26041961e-01
    1.90427363e-01 3.80894542e-01 9.58051562e-01 8.20685983e-01
    9.15239930e-01 9.57068920e-01 2.32529372e-01 2.32154459e-01
    4.57044482e-01 7.80216217e-01 5.06148577e-01 7.36813843e-02
    5.12003362e-01 6.99856997e-01 3.45668882e-01 5.53196967e-01
    3.41988713e-01 2.20769942e-02 2.08439946e-01 4.87157345e-01
    4.43204284e-01 3.32225263e-02 4.18797910e-01 9.92172599e-01
    2.87137270e-01 7.43629217e-01 9.39133048e-01 4.75303471e-01
    2.58546621e-01 4.98377502e-01 6.66652083e-01 2.83587158e-01
    3.85528803e-02 4.44989830e-01 8.83520067e-01 3.81354451e-01
    3.03491831e-01 6.29618585e-01 4.83193457e-01 7.70904362e-01
    3.75083745e-01 5.80042660e-01 4.75824118e-01 8.61508965e-01
    7.00170159e-01 1.13886684e-01 1.46242082e-01 7.87547290e-01
    5.90218782e-01 5.78777015e-01 3.13137889e-01 7.52103925e-01
    8.06503713e-01 6.24169707e-01 2.12203383e-01 4.24621463e-01
    7.32713521e-01 6.00525558e-01 3.40059549e-01 5.53547144e-02
    9.46498394e-01 5.97806454e-01 2.70402014e-01 4.01029497e-01
    6.88695312e-02 5.95595598e-01 5.24483442e-01 5.87042332e-01
    7.49178767e-01 3.73206615e-01 6.43591583e-01 3.90632778e-01
    4.33982193e-01 3.42499584e-01 3.70899737e-01 6.20184898e-01
    1.96738899e-01 7.62521148e-01 2.60189950e-01 3.99899811e-01
    8.08366656e-01 1.15951031e-01 5.59965670e-01 6.86946511e-01
    5.95389605e-01 5.52494228e-01 2.30079889e-01 9.96268094e-01
    8.07778716e-01 2.54968643e-01 6.18822753e-01 5.05457699e-01
    6.26520276e-01 5.93522012e-01 6.82505071e-01 8.90301943e-01
    2.63487220e-01 5.42675436e-01 7.53109455e-01 8.87281895e-01
    1.04147941e-01 9.83787179e-02 3.44111264e-01 1.30994737e-01
    8.31029654e-01 6.14442825e-01 8.53435636e-01 7.53277302e-01
    4.78684604e-02 4.12393242e-01 2.03465462e-01 4.03137237e-01
    1.74834818e-01 7.80407310e-01 8.76316726e-01 4.54071730e-01
    7.44458318e-01 3.45989347e-01 1.76323265e-01 3.71114790e-01
    9.07271504e-01 7.71632373e-01 3.68490487e-01 1.73361629e-01
    2.75576830e-01 6.50242269e-01 7.55923927e-01 5.26686072e-01
    4.63889986e-01 4.57227945e-01 9.18369174e-01 9.54185843e-01
    3.11473191e-01 2.10618407e-01 1.45248264e-01 4.62700725e-02
    4.08058733e-01 4.26002502e-01 4.45179164e-01 9.88391221e-01
    2.21379936e-01 2.96256840e-01 6.79803908e-01 5.80952287e-01
    1.96824342e-01 6.03626490e-01 1.64599657e-01 6.56400621e-01
    2.23026454e-01 9.94934082e-01 3.94450009e-01 1.57305896e-02
    9.13548768e-01 2.16566890e-01 7.59937406e-01 2.54765153e-01
    2.16789454e-01 8.61747503e-01 4.85185564e-01 8.13912034e-01
    8.22126865e-03 3.20114553e-01 1.40789956e-01 5.54596722e-01
    2.63068646e-01 1.67663425e-01 3.80844533e-01 7.72786915e-01
    4.50056642e-01 3.57201815e-01 4.59768951e-01 4.93174911e-01
    3.29198539e-01 2.67213821e-01 2.71065772e-01 6.50945842e-01
    9.03861403e-01 6.69314146e-01 3.56529772e-01 7.75647044e-01
    7.21832395e-01 1.46449298e-01 9.64435875e-01 5.18013537e-02
    2.75741965e-01 8.87318969e-01 3.78980279e-01 2.80200899e-01
    3.10779542e-01 1.14815414e-01 2.51386136e-01 8.65003943e-01
    7.76075721e-02 2.36387074e-01 7.13860393e-01 4.06743586e-01
    2.15556055e-01 4.09071475e-01 2.82080770e-01 5.25375843e-01
    3.04111719e-01 1.63086802e-01 3.57883871e-01 7.37764537e-01
    8.65207732e-01 5.66881776e-01 3.04307103e-01 6.17231429e-02
    8.06189537e-01 2.49538928e-01 8.59922171e-03 5.65380991e-01
    1.21047914e-01 1.23857260e-01 5.43042541e-01 8.86568308e-01
    6.67307198e-01 5.98341703e-01 3.73519361e-02 7.92039275e-01
    3.15067708e-01 1.79037124e-01 1.03409529e-01 8.66609931e-01
    9.17795718e-01 8.72325301e-02 5.98749697e-01 8.79067779e-02
    1.36176974e-01 7.35453963e-02 3.92583549e-01 1.64088309e-01
    3.71210754e-01 1.45726293e-01 5.39585948e-01 7.42683053e-01
    3.66254121e-01 4.91483182e-01 2.87067711e-01 5.74983954e-01
    9.09390211e-01 6.94841623e-01 4.40979600e-02 2.68593550e-01
    2.19241381e-01 9.31757450e-01 9.85154271e-01 2.55927324e-01
    2.97381997e-01 8.45103204e-01 4.51011032e-01 6.23804510e-01
    8.82696688e-01 6.24944091e-01 5.62150061e-01 9.51748192e-01
    8.46769154e-01 4.62000877e-01 2.66668797e-01 3.28983009e-01
    8.90373886e-01 4.13800180e-01 3.39336157e-01 9.98308778e-01
    9.85927463e-01 8.86019588e-01 5.21659374e-01 1.61674440e-01
    6.56011701e-01 8.72334242e-01 8.48555624e-01 2.06025660e-01
    7.17678368e-01 3.78295004e-01 5.53483307e-01 6.84851885e-01
    6.79341674e-01 9.01730299e-01 7.51591325e-02 3.47378850e-02
    3.77862662e-01 4.95593607e-01 5.06195366e-01 5.88864207e-01
    3.22993398e-01 8.98576975e-01 6.16165459e-01 1.62044108e-01
    4.23271000e-01 1.84215158e-01 9.10704851e-01 5.51605701e-01
    3.39205414e-01 6.78005040e-01 1.46983802e-01 6.82195485e-01
    8.82284403e-01 2.73900121e-01 9.05835152e-01 1.65432185e-01
    6.14084840e-01 3.65112692e-01 1.26021385e-01 2.43451267e-01
    5.84545493e-01 9.69510257e-01 1.96947843e-01 7.47366071e-01
    1.63801521e-01 1.51307404e-01 1.35631472e-01 4.48719889e-01
    3.08420926e-01 1.51369005e-01 5.38329601e-01 1.84919983e-01
    4.95426446e-01 3.37598324e-01 8.45168531e-01 7.11634934e-01
    5.03578484e-01 7.40620494e-01 9.67493415e-01 9.57359672e-01
    2.17349619e-01 2.31709510e-01 4.29727137e-02 4.69030410e-01
    5.71593285e-01 4.37203944e-02 3.60305130e-01 6.49919450e-01
    4.44860548e-01 7.24029064e-01 9.97201681e-01 6.43150270e-01
    8.49693239e-01 4.38387692e-01 1.89208746e-01 7.15656877e-01
    4.16936457e-01 6.48687482e-01 6.93501353e-01 8.39853883e-01
    8.44476938e-01 5.65616488e-02 7.33022928e-01 9.83614445e-01
    4.02225375e-01 5.22824705e-01 5.30382931e-01 5.32182276e-01
    4.79156822e-01 8.82364988e-01 7.46072412e-01 2.07292169e-01
    6.68721914e-01 5.44019043e-01 5.65035760e-01 2.08793938e-01
    6.00801289e-01 5.23120821e-01 7.93466687e-01 3.22544575e-03
    6.79050803e-01 1.13546461e-01 4.03606951e-01 3.67521793e-01
    4.98308599e-01 5.99548459e-01 1.52154207e-01 7.05896139e-01
    2.07418352e-01 5.97496092e-01 4.24722880e-01 5.27987421e-01
    3.44875067e-01 1.77936822e-01 1.92557067e-01 8.87386084e-01
    7.52305388e-02 7.11475253e-01 3.04124326e-01 9.53595519e-01
    9.77995694e-01 3.04994524e-01 3.62342924e-01 2.65462667e-01
    4.28373873e-01 8.76803756e-01 5.39146662e-01 1.76390469e-01
    4.23160195e-03 1.70636863e-01 4.25068617e-01 2.86763161e-01
    7.96965122e-01 2.75282413e-01 3.93263340e-01 9.93530810e-01
    4.40746933e-01 6.00495160e-01 5.96037149e-01 4.83970851e-01
    1.28114551e-01 9.61223543e-01 9.12799835e-01 8.57900143e-01
    7.23812282e-01 1.90246373e-01 2.11511910e-01 7.21658528e-01
    6.03581786e-01 1.52848184e-01 5.82852662e-02 1.78279817e-01
    6.96858227e-01 3.39964867e-01 2.21289873e-01 5.18380404e-02
    2.89735734e-01 9.86570358e-01 4.41442162e-01 4.16476309e-01
    9.92901325e-01 7.48803794e-01 3.53806734e-01 4.10855383e-01
    7.71861911e-01 2.94036388e-01 8.23753417e-01 5.20772994e-01
    1.51542306e-01 3.21911633e-01 9.65180457e-01 2.11671323e-01
    8.49480629e-02 2.02068567e-01 9.72690821e-01 3.39893222e-01
    9.30169284e-01 1.84639990e-01 2.97497511e-01 8.76661420e-01
    5.85816264e-01 3.10111940e-01 2.34887093e-01 7.44363904e-01
    1.95713967e-01 7.36834228e-01 8.14420462e-01 8.36750329e-01
    5.53576052e-02 7.07530499e-01 8.05786550e-01 6.39587760e-01
    4.67089117e-02 3.66187632e-01 9.84378755e-02 7.98382998e-01
    9.99799728e-01 2.59284258e-01 6.54786825e-04 2.09798425e-01
    3.91576648e-01 8.35661888e-02 5.69879591e-01 5.37284613e-01
    2.74990916e-01 5.32187581e-01 4.22426045e-01 4.64198738e-01
    6.16739213e-01 2.16507137e-01 7.87860155e-03 6.55530095e-01
    1.30959958e-01 2.01945961e-01 6.01709962e-01 3.45037758e-01
    1.78698152e-01 6.69918716e-01 5.68747222e-01 4.36505139e-01
    1.57611370e-02 2.46219665e-01 2.23075211e-01 1.75735056e-02
    2.62947917e-01 1.23043805e-01 6.41947985e-01 8.96681190e-01
    9.66636539e-01 3.31728220e-01 3.56985986e-01 2.23018885e-01
    7.83947408e-02 4.28467691e-01 3.03818554e-01 8.60025883e-01
    3.25113058e-01 1.25940323e-01 7.95687497e-01 4.96236116e-01
    5.76091528e-01 1.75250769e-02 3.25626135e-02 7.06188679e-01
    1.83204800e-01 9.87201929e-04 2.41566539e-01 4.64141458e-01
    4.62033510e-01 6.39708221e-01 3.34981859e-01 7.18467355e-01
    2.03700572e-01 9.22154069e-01 3.24866444e-01 1.74881488e-01
    3.98166358e-01 8.79917145e-02 7.17511177e-01 2.21104831e-01
    5.45301378e-01 4.37994361e-01 9.89413559e-02 4.47729975e-01
    3.53059590e-01 8.47561240e-01 1.84042066e-01 7.61849284e-01
    5.23922443e-01 8.34074616e-01 7.78711677e-01 7.56633282e-03
    9.67341065e-01 1.28619850e-01 8.02548885e-01 8.47342372e-01
    4.70833182e-02 2.01073736e-01 1.20720565e-02 4.29041773e-01
    5.61543405e-01 3.32933515e-01 7.27622330e-01 9.95643795e-01
    4.82162267e-01 1.33968085e-01 1.30977780e-01 5.16748011e-01
    5.44033647e-01 5.63401937e-01 1.68978333e-01 4.45963651e-01
    3.19367468e-01 1.77482247e-01 7.18366921e-01 3.21127236e-01
    2.13178635e-01 4.82003689e-02 1.91044003e-01 9.73730326e-01
    2.84595966e-01 9.28585231e-01 8.35966170e-02 7.03605175e-01
    2.28075862e-01 8.64467084e-01 5.44630051e-01 6.49197757e-01
    3.19177508e-01 5.28076351e-01 1.57830119e-03 6.79431915e-01
    2.32862473e-01 1.27237558e-01 9.44107652e-01 5.31808436e-01
    5.60902655e-02 5.18493176e-01 7.01538444e-01 7.38960385e-01
    9.23835278e-01 7.56638587e-01 6.36103749e-01 8.15877318e-01
    2.48119235e-03 7.69393206e-01 4.75744843e-01 8.50315988e-01
    7.38598585e-01 7.13622153e-01 6.09037638e-01 8.69598567e-01
    4.50260520e-01 1.41606182e-01 4.73388731e-01 1.50025100e-01
    4.34322149e-01 6.86160564e-01 1.91073537e-01 5.23562193e-01
    8.20072651e-01 9.12687063e-01 7.05333948e-01 2.65005469e-01
    4.47187483e-01 5.74101806e-01 2.53015161e-02 1.25389010e-01
    7.37062454e-01 2.49599665e-01 9.77813125e-01 7.21110284e-01
    9.98665273e-01 7.92911410e-01 7.44885802e-01 4.96717453e-01
    7.89523065e-01 5.43066859e-02 3.80169511e-01 5.64900458e-01
    1.06428534e-01 2.52631128e-01 7.05601752e-01 5.36006451e-01
    2.83187389e-01 2.26023316e-01 3.25842202e-01 5.52868724e-01
    2.19126970e-01 4.43831086e-01 9.49858725e-01 4.42626268e-01
    2.71519244e-01 5.38395464e-01 9.94432092e-01 3.41628790e-01
    1.34813190e-02 5.11865616e-01 6.98948324e-01 4.22790229e-01
    1.90092653e-01 2.53546059e-01 7.65893102e-01 1.25582755e-01
    6.58562839e-01 1.15692616e-04 5.28881252e-01 5.60285568e-01
    5.26980042e-01 7.63361514e-01 4.43720698e-01 4.57637429e-01
    7.49722123e-03 2.55871534e-01 1.63775384e-02 8.89793277e-01
    2.51251459e-01 9.08826411e-01 1.36127234e-01 6.67220116e-01
    7.87327647e-01 6.38833582e-01 4.17618483e-01 3.39774042e-01
    2.75493443e-01 5.33398807e-01 5.44514060e-01 6.41640604e-01
    9.50332284e-01 9.15131688e-01 6.73097253e-01 4.10327315e-02
    7.32153177e-01 8.55656147e-01 6.85919285e-01 1.76953256e-01
    8.22006226e-01 9.04613495e-01 1.74555093e-01 1.34792238e-01
    9.51745450e-01 5.57331979e-01 7.30876088e-01 7.83313811e-01
    3.13247681e-01 6.90772235e-02 3.20259452e-01 6.42283261e-01
    9.25089180e-01 4.09434617e-01 8.06211591e-01 7.87591934e-02
    7.92868495e-01 7.01063931e-01 6.48213923e-02 1.52650177e-01
    9.94145930e-01 6.53762519e-02 6.93646967e-01 4.78638500e-01
    1.38031662e-01 9.91808712e-01 5.71590900e-01 8.86059880e-01
    2.00002730e-01 9.77402091e-01 6.87052608e-02 8.77694011e-01
    9.02001262e-01 8.81684542e-01 3.41729522e-01 2.36077547e-01
    4.59554821e-01 6.29165769e-03 3.49095702e-01 4.30283010e-01
    3.49958450e-01 1.93193763e-01 7.26849020e-01 3.40452909e-01
    1.84925705e-01 1.94082081e-01 5.96680999e-01 3.51976961e-01
    9.81924415e-01 9.26700473e-01 2.24626064e-03 3.98131639e-01
    3.26630235e-01 2.44457215e-01 3.77309322e-03 2.02997267e-01
    8.57902527e-01 5.46694636e-01 2.16604054e-01 8.47790301e-01
    7.47682095e-01 2.30400413e-01 5.29836714e-01 5.27810693e-01
    7.22040176e-01 9.62842643e-01 6.13073051e-01 1.36258751e-01
    8.55100155e-02 9.23153162e-02 7.29784489e-01 5.99505663e-01
    4.48179811e-01 1.80702180e-01 3.50433409e-01 3.84352326e-01
    9.29579079e-01 6.54689491e-01 3.59413683e-01 6.05599582e-01
    6.67661250e-01 3.42978507e-01 5.58315158e-01 7.21578896e-01
    4.14196730e-01 6.72521591e-01 6.36739254e-01 9.05093789e-01
    9.83736336e-01 3.14917564e-01 1.62826747e-01 6.78951144e-02
    9.42578554e-01 5.39595783e-01 9.73208368e-01 1.01638079e-01
    9.67883170e-01 6.45432472e-02 9.93097603e-01 8.91145170e-01
    1.88532472e-01 2.53384441e-01 6.25108898e-01 7.95613110e-01
    6.36179984e-01 5.38419783e-01 5.24961352e-01 5.25388837e-01
    5.74746251e-01 6.93892658e-01 2.55486667e-02 8.44696045e-01
    7.09708631e-01 9.81196940e-01 7.11232424e-01 7.38176525e-01
    6.23099208e-01 8.87540102e-01 4.19755757e-01 3.16949904e-01
    6.88984513e-01 7.76238799e-01 4.46684688e-01 3.98829281e-01
    3.35128784e-01 2.27472156e-01 3.45935225e-02 1.30498767e-01
    2.40912110e-01 7.38459945e-01 4.33112442e-01 6.87357187e-01
    4.13368225e-01 2.35137939e-01 4.36419308e-01 4.12980527e-01
    2.63599962e-01 1.50721341e-01 2.06392705e-02 2.70362914e-01
    8.94336104e-01 9.28031564e-01 9.46222246e-01 4.73178327e-02
    7.09342539e-01 2.66181558e-01 8.25534344e-01 9.24140215e-01
    4.07236636e-01 2.75973022e-01 1.34120584e-02 1.24903738e-01
    5.48876584e-01 1.23217881e-01 1.40369982e-01 4.66525912e-01
    7.07053185e-01 7.84352720e-02 6.92512274e-01 3.53707820e-01
    3.36031675e-01 7.52998352e-01 4.55402523e-01 3.55863690e-01
    1.27138883e-01 5.17423868e-01 7.70964444e-01 4.20046061e-01
    2.56744087e-01 6.51958823e-01 3.32720965e-01 9.75849628e-02
    4.80969697e-01 7.59650707e-01 5.89168131e-01 2.00015575e-01
    4.12432581e-01 8.30848396e-01 8.02863777e-01 4.44980621e-01
    5.50747156e-01 3.56704891e-01 8.79127622e-01 3.58603477e-01
    9.79853570e-02 5.20551324e-01 2.70436972e-01 1.81697309e-01
    8.54806125e-01 3.14345062e-02 8.61332417e-01 7.09910691e-01
    1.36570215e-01 2.21530437e-01 1.86242729e-01 7.95367599e-01
    9.91969705e-01 8.70906770e-01 8.61049592e-01 4.31092203e-01
    9.97651041e-01 6.29632950e-01 3.74886513e-01 2.98577428e-01
    2.88387060e-01 2.14694321e-01 7.27865398e-01 9.47815776e-01
    7.55016088e-01 1.77943766e-01 5.87670386e-01 1.50109649e-01
    8.64971578e-01 6.52368188e-01 1.10043705e-01 7.58613646e-02
    9.75489616e-04 3.01401138e-01 1.77449197e-01 8.58232856e-01
    9.00056720e-01 4.47295785e-01 8.88132155e-02 2.60803491e-01
    3.47849548e-01 1.51473910e-01 2.70456284e-01 8.05543303e-01
    4.05436069e-01 3.56064439e-01 9.79925275e-01 6.88065112e-01
    8.37317944e-01 7.53122449e-01 5.40553749e-01 4.77534622e-01
    1.02670968e-01 9.61801171e-01 8.82763624e-01 5.56836843e-01
    4.48807120e-01 2.61734426e-02 8.51541638e-01 1.22011006e-02
    9.62840915e-02 7.06384182e-02 5.93122900e-01 1.19369984e-01
    2.46647835e-01 5.70529640e-01 3.46398115e-01 6.00666165e-01
    5.51418364e-01 8.17482591e-01 8.45942914e-01 7.58547306e-01
    6.46020174e-01 3.23030055e-02 2.07335234e-01 7.49356508e-01
    8.44860554e-01 1.29072249e-01 6.80396259e-02 2.29422331e-01
    1.00579232e-01 4.56220120e-01 3.01551402e-01 7.09228396e-01
    1.70848429e-01 3.14318657e-01 4.10240382e-01 7.04602122e-01
    7.41894007e-01 3.67001891e-01 2.72395104e-01 1.99064404e-01
    2.49829203e-01 7.71520138e-01 9.41040993e-01 9.75926518e-01
    5.51559627e-02 6.82087541e-01 4.14265633e-01 4.43611413e-01
    8.93145323e-01 3.86793166e-01 5.02657890e-03 9.88268793e-01
    1.23775363e-01 5.38171530e-01 8.13287497e-01 1.06337816e-01
    7.28250504e-01 1.14354789e-02 4.40803170e-03 7.71298707e-01
    2.79236495e-01 8.06926310e-01 4.40566301e-01 4.47703540e-01
    3.58064890e-01 7.76061535e-01 2.92371452e-01 2.66994238e-01
    1.18556321e-01 4.22095954e-01 1.89516455e-01 5.05586565e-01
    4.41303074e-01 1.33586735e-01 6.10618830e-01 2.87145972e-01
    5.51566541e-01 2.10148692e-01 3.39114606e-01 8.49512815e-01
    7.07899094e-01 9.15081620e-01 8.78467917e-01 2.01668590e-01
    9.15842295e-01 8.08673859e-01 8.03215623e-01 3.04798871e-01
    9.75312352e-01 7.48541355e-01 7.40411520e-01 6.78067684e-01
    3.72512102e-01 8.74576628e-01 6.91793859e-01 3.17120045e-01
    5.58128119e-01 9.49707270e-01 8.09195161e-01 3.56134921e-01
    8.02939892e-01 2.06467360e-01 4.28766012e-03 3.45486611e-01
    9.15352225e-01 5.60724854e-01 1.15745217e-01 6.13087952e-01
    3.08907211e-01 1.53186917e-03 6.78236783e-02 5.78042090e-01
    2.31673688e-01 6.12440526e-01 2.63631344e-02 4.97549236e-01
    7.53172755e-01 4.66217726e-01 2.42185593e-01 5.72748363e-01
    9.45733488e-01 5.85669041e-01 3.96478266e-01 6.14179373e-02
    9.43491876e-01 3.11666131e-01 1.01947784e-03 8.67518187e-01
    7.91362286e-01 9.42016125e-01 9.97450233e-01 1.18017197e-03
    7.72695601e-01 4.48253483e-01 7.80726314e-01 2.55990565e-01
    2.62255609e-01 4.83124495e-01 5.43379664e-01 6.88644528e-01
    4.15490091e-01 5.74162841e-01 5.55211902e-02 3.56751382e-02
    8.84343266e-01 5.65774262e-01 3.63675117e-01 1.89850241e-01
    7.94483066e-01 3.28461885e-01 4.08952892e-01 6.91306770e-01
    3.77247632e-01 1.58535153e-01 2.32320517e-01 6.07738733e-01
    4.76989627e-01 1.30579919e-01 2.08031744e-01 8.39480877e-01
    5.03111720e-01 7.50977278e-01 1.54662699e-01 4.01259929e-01
    7.43192375e-01 4.42515433e-01 5.28545558e-01 5.12408555e-01
    6.29380465e-01 8.07439446e-01 8.99124503e-01 8.57705474e-01
    6.39723063e-01 8.27218056e-01 1.15978688e-01 6.19700074e-01
    6.89816117e-01 7.12870896e-01 4.45243120e-01 6.14926040e-01
    7.23947644e-01 5.15253842e-02 2.35863239e-01 1.56745374e-01
    5.29436827e-01 1.53536975e-01 2.48809010e-01 9.01799440e-01
    9.38654900e-01 9.77583885e-01 5.90466440e-01 8.62517655e-01
    1.23605132e-03 2.55361855e-01 1.02298141e-01 7.65313506e-01
    7.54752219e-01 4.63445753e-01 1.87726408e-01 2.00127423e-01
    2.90473104e-01 8.28114271e-01 9.46605206e-01 9.92694974e-01
    8.73457074e-01 1.06492996e-01 1.54917955e-01 5.39572060e-01
    8.72507393e-02 5.42853951e-01 1.28800780e-01 3.00622642e-01
    6.63379908e-01 1.04671180e-01 2.97752380e-01 6.49465799e-01
    4.71726358e-02 1.36079639e-01 5.74671745e-01 8.35773170e-01
    3.44791472e-01 2.42055357e-01 7.38972604e-01 7.55431294e-01
    4.59844172e-01 2.36348838e-01 5.48763931e-01 3.52089554e-01
    6.61239505e-01 7.19474554e-01 9.12154615e-02 2.91445792e-01
    2.07582146e-01 1.61137253e-01 2.98216283e-01 7.22157419e-01
    3.24927539e-01 6.54900432e-01 8.64015520e-01 1.34256154e-01
    6.90876365e-01 1.86359406e-01 9.37221706e-01 8.06766033e-01
    6.05321765e-01 7.52848685e-02 7.35535145e-01 1.47400737e-01
    2.49529183e-01 2.82028258e-01 5.30846357e-01 4.58908141e-01
    2.66115010e-01 4.35234845e-01 6.18132949e-03 3.90026271e-02
    1.15863293e-01 6.72500610e-01 8.93006802e-01 5.32192707e-01
    9.50356722e-01 6.64151967e-01 9.60520625e-01 1.94385648e-03
    2.66361684e-01 9.77806330e-01 1.78623497e-01 9.76608396e-01
    5.18288434e-01 4.21747863e-02 1.19814456e-01 4.36395228e-01
    9.06017303e-01 5.81827462e-01 7.28028297e-01 7.91549325e-01
    3.03938240e-01 1.90237015e-01 6.27545238e-01 8.57243776e-01
    9.11489129e-01 1.90397859e-01 2.57567763e-01 6.26714885e-01
    5.58985174e-02 7.61185825e-01 1.94612145e-03 6.65084481e-01
    9.03999507e-02 6.60305381e-01 7.28134751e-01 2.15926230e-01
    4.41089630e-01 6.02605522e-01 6.01297259e-01 3.17446351e-01
    6.51984155e-01 2.87913561e-01 4.03186619e-01 8.49678516e-01
    6.20633721e-01 6.71841502e-02 2.29034066e-01 8.97504330e-01
    8.69010568e-01 3.16976517e-01 2.24674493e-01 5.17140508e-01
    5.68504870e-01 8.61675262e-01 1.54325813e-01 7.72791803e-01
    2.62127459e-01 6.01979852e-01 1.08448654e-01 6.31576240e-01
    3.57016742e-01 9.14555669e-01 7.64173985e-01 5.56120634e-01
    3.81741256e-01 3.62189502e-01 4.70238924e-03 6.95241153e-01
    9.82022524e-01 8.19347441e-01 8.05534899e-01 1.18256897e-01
    7.67669857e-01 6.72469258e-01 4.94170845e-01 5.84472775e-01
    2.22087860e-01 3.45359743e-01 3.40980887e-01 9.48365331e-01
    3.85144711e-01 5.13642430e-02 2.67035335e-01 5.17623305e-01
    2.08473176e-01 1.89830333e-01 3.97496462e-01 8.74593377e-01
    9.25616622e-01 8.45140576e-01 7.30490386e-01 2.93191910e-01
    6.26961350e-01 7.26335049e-01 5.14051080e-01 4.39301223e-01
    2.21714079e-02 2.95756757e-01 8.16296637e-02 6.26161695e-03
    4.31974590e-01 9.56265450e-01 2.20111310e-02 8.66180718e-01
    9.58635569e-01 5.39385736e-01 9.73968685e-01 1.57374293e-01
    4.25031751e-01 3.40874553e-01 6.61758482e-01 2.42313832e-01
    6.34530604e-01 4.28666264e-01 1.16029978e-02 6.68219030e-01
    7.33111978e-01 8.04067850e-01 6.27044737e-02 4.34352070e-01
    2.63906419e-01 7.46518910e-01 7.85782337e-02 2.17617929e-01
    8.82446885e-01 7.00341523e-01 3.62529635e-01 2.39775538e-01
    6.90531492e-01 4.13611233e-02 1.08981639e-01 7.75862217e-01
    2.95414925e-02 3.47539485e-02 2.47532904e-01 4.47831571e-01
    1.46139920e-01 6.86852455e-01 7.76286960e-01 2.29016244e-02
    9.28793252e-02 8.42376113e-01 7.01812088e-01 5.94119668e-01
    4.62901026e-01 3.20918620e-01 1.09144151e-01 2.34746039e-01
    8.06312561e-01 6.88623250e-01 1.49681777e-01 7.72212207e-01
    2.73052275e-01 9.24619615e-01 3.88510942e-01 5.51755846e-01
    5.49066961e-01 1.76093876e-01 1.15907937e-01 1.86299086e-02
    2.21582413e-01 2.57285267e-01 4.05763090e-01 7.94248581e-01
    7.57384717e-01 6.96297050e-01 2.15583891e-01 4.43174660e-01
    9.80746508e-01 3.34994614e-01 3.71755064e-01 8.65970671e-01
    3.12592804e-01 7.74033308e-01 1.13888264e-01 6.60272360e-01
    3.20024490e-02 8.23192239e-01 4.32650387e-01 6.39321685e-01
    1.35376722e-01 7.80129313e-01 4.93016034e-01 1.93242669e-01
    8.74703050e-01 8.36161315e-01 2.51256227e-01 3.32105130e-01
    5.76305330e-01 3.18202496e-01 1.68976724e-01 9.78433013e-01
    3.13289165e-01 6.49906218e-01 5.51429152e-01 6.81062579e-01
    4.68901992e-02 5.57476640e-01 3.38436902e-01 2.48296887e-01
    9.64062214e-01 8.83413434e-01 7.94953108e-01 9.44892406e-01
    7.56618857e-01 2.18093932e-01 7.90079713e-01 9.55587924e-01
    2.94524193e-01 9.47384715e-01 3.48847449e-01 4.30918723e-01
    2.42385566e-01 6.15237653e-01 4.29287523e-01 2.23867595e-02
    2.77133197e-01 7.81683445e-01 4.64377463e-01 1.05780333e-01
    1.79267943e-01 7.79638588e-01 4.56130087e-01 4.37938094e-01
    3.03665131e-01 5.93924344e-01 7.33231246e-01 9.45962250e-01
    7.94349909e-02 5.74985802e-01 3.52848470e-01 1.35870039e-01
    3.79539043e-01 4.21435297e-01 7.17273593e-01 1.04527503e-01
    1.36853039e-01 6.10892773e-01 1.08605325e-02 6.76133037e-01
    7.52316058e-01 9.62625265e-01 1.14984304e-01 3.20749849e-01
    4.04420853e-01 3.72668922e-01 5.76029241e-01 6.33031428e-01
    6.88003302e-01 9.73047316e-02 1.05756640e-01 8.84194016e-01
    3.55681777e-01 2.77883351e-01 4.90604430e-01 3.97295594e-01
    5.85441411e-01 5.03545165e-01 3.86097819e-01 3.40234399e-01
    4.09903914e-01 3.61756921e-01 2.52285480e-01 4.85007793e-01
    6.81196928e-01 7.79242575e-01 5.23021162e-01 9.07763958e-01
    6.00218415e-01 2.38024801e-01 9.63792682e-01 5.08626819e-01
    2.30211765e-01 4.76220995e-01 5.64000428e-01 2.75737375e-01
    2.26908624e-01 5.41606128e-01 7.82218874e-02 9.25935507e-01
    3.33491862e-01 2.47955054e-01 1.27150565e-01 2.77802765e-01
    7.18391240e-01 9.86994028e-01 6.22572422e-01 2.19422996e-01
    7.27348685e-01 6.48649812e-01 6.91875100e-01 3.55595350e-03
    8.24621677e-01 1.02634728e-01 9.04636383e-01 1.34651750e-01
    5.70287883e-01 7.70354092e-01 3.88796359e-01 3.62038136e-01
    6.73183203e-02 6.98438346e-01 6.64643526e-01 6.50482178e-01
    5.92451274e-01 2.00647116e-03 8.97324324e-01 3.19384933e-02
    9.18027163e-01 2.46950984e-03 9.75150704e-01 4.35891688e-01
    4.22271550e-01 6.26035035e-02 9.84698534e-01 5.22340000e-01
    7.48654246e-01 6.28355861e-01 6.76212072e-01 4.63317484e-01
    5.06604135e-01 4.24450845e-01 9.15204823e-01 3.40499312e-01
    1.59662187e-01 7.60639131e-01 3.72645825e-01 6.47163689e-02
    7.04973280e-01 8.78228545e-01 3.09543878e-01 3.23634446e-01
    4.44211066e-02 2.44030058e-02 5.14645159e-01 4.85909402e-01
    3.30796659e-01 8.90435815e-01 3.45343649e-01 7.11121559e-01
    9.45077717e-01 6.90477550e-01 2.46462792e-01 8.76244903e-03
    2.63868690e-01 8.73086691e-01 9.01605546e-01 6.61781490e-01
    6.63073540e-01 4.61871296e-01 4.00995433e-01 5.35655022e-01
    3.50519419e-01 4.47149277e-01 3.97820354e-01 7.01690137e-01
    4.73752856e-01 4.33017612e-01 4.30599451e-01 1.48468912e-01
    9.20368552e-01 8.66194844e-01 3.58079970e-01 3.92513275e-02
    8.33092630e-01 7.47026384e-01 4.33734059e-02 3.10094655e-01
    1.14074588e-01 3.43302786e-01 7.23302603e-01 8.45125914e-01
    5.66922665e-01 3.55155408e-01 8.86239052e-01 8.03453803e-01
    1.76860392e-01 8.94899011e-01 6.11669540e-01 1.83944702e-02
    6.04152501e-01 5.91927707e-01 8.92445147e-02 1.30488485e-01
    1.58092350e-01 1.89293325e-02 9.25675750e-01 3.97252560e-01
    8.73158455e-01 5.74627697e-01 8.14059198e-01 9.18144464e-01
    2.25168645e-01 5.65579593e-01 5.02220213e-01 2.38252610e-01
    9.72012639e-01 3.96885991e-01 5.12279451e-01 4.31613535e-01
    3.83624434e-03 2.36755103e-01 4.79186654e-01 9.46128845e-01
    9.20582414e-01 9.57473099e-01 8.52641582e-01 9.62128341e-02
    8.73890877e-01 6.38402104e-02 4.61941361e-01 6.36616111e-01
    2.99027264e-02 2.30939090e-02 7.16088116e-01 7.98913360e-01
    6.69274867e-01 8.72443318e-01 6.17115140e-01 1.08167887e-01
    6.96068525e-01 3.60770941e-01 6.75377607e-01 7.35645115e-01
    9.85778332e-01 1.51964039e-01 8.53855193e-01 2.56726086e-01
    1.74132228e-01 7.52628922e-01 2.45810091e-01 1.87660694e-01
    6.41213655e-01 2.23228008e-01 1.95166677e-01 2.48405635e-02
    2.73900926e-02 7.64962792e-01 7.49551535e-01 8.20928216e-01
    9.47350025e-01 3.33268046e-01 7.52331972e-01 7.14393377e-01
    6.85172439e-01 2.46246547e-01 7.54701972e-01 8.97336066e-01
    5.81652522e-02 8.32147837e-01 5.27478278e-01 6.06157064e-01
    4.69908834e-01 4.51655686e-02 1.76902086e-01 9.66239214e-01
    1.23981774e-01 6.08077705e-01 8.34484935e-01 8.93723488e-01
    1.04700029e-01 9.70251322e-01 8.68395686e-01 9.17667627e-01
    6.48106456e-01 1.61797404e-01 6.18625462e-01 8.15058470e-01
    8.75702977e-01 7.81544924e-01 9.74077284e-02 9.37383771e-01
    9.86022592e-01 6.39068484e-01 9.66558337e-01 9.18034077e-01
    4.14308190e-01 3.71510237e-01 8.58449936e-02 4.67344105e-01
    2.23386288e-01 4.20418829e-01 5.19751668e-01 7.43827343e-01
    5.34717917e-01 5.97432554e-01 7.01697350e-01 1.10042304e-01
    2.76032805e-01 3.13925385e-01 2.07013398e-01 1.72287613e-01
    5.85002184e-01 5.92171311e-01 8.20191264e-01 2.23233879e-01
    3.64804983e-01 3.34624350e-02 8.00011933e-01 2.18772560e-01
    5.44156790e-01 8.90882671e-01 9.35518861e-01 4.84650612e-01
    2.66816795e-01 3.16109955e-02 3.58605415e-01 3.54245961e-01
    9.98865962e-01 3.95622969e-01 2.11709976e-01 1.34073883e-01
    6.40075564e-01 2.22346753e-01 7.78597474e-01 6.38137460e-02
    8.86502743e-01 8.66075158e-01 5.90713024e-01 4.60192055e-01
    9.20175791e-01 2.90882885e-01 8.40782702e-01 2.77918428e-01
    1.90009564e-01 4.36931074e-01 4.26589429e-01 6.68226123e-01
    2.18102336e-02 1.25173897e-01 3.09050769e-01 2.48347700e-01
    8.67385626e-01 6.06696606e-01 4.50783849e-01 7.02480674e-02
    1.30369484e-01 2.80880898e-01 5.39178789e-01 2.70237923e-01
    7.87103772e-02 8.89785290e-02 3.32925588e-01 7.31583893e-01
    2.05115706e-01 8.43857408e-01 6.80941522e-01 9.31972623e-01
    3.46030653e-01 1.63051486e-01 7.20870256e-01 8.61115813e-01
    6.47929549e-01 6.40045524e-01 9.58021283e-01 1.36584610e-01
    7.12968767e-01 6.27533436e-01 4.90444183e-01 5.03979802e-01
    8.31394136e-01 3.55717391e-01 4.75150645e-02 4.00987267e-01
    8.17622185e-01 2.82059640e-01 8.71713161e-01 2.32204348e-01
    2.07364261e-02 9.44805384e-01 3.20232451e-01 2.38933027e-01
    3.28691602e-01 7.75036871e-01 2.03057498e-01 9.00141239e-01
    3.46440375e-01 2.90520489e-01 2.41907150e-01 1.68678552e-01
    8.65592837e-01 1.57448322e-01 6.93224072e-01 1.41126841e-01
    5.31090140e-01 8.58151615e-02 9.69018877e-01 4.29032266e-01
    8.76723528e-01 2.63500661e-01 3.62424642e-01 1.45208031e-01
    3.94573390e-01 7.95250058e-01 4.89700049e-01 1.84582770e-02
    3.15175653e-02 9.66700673e-01 3.04709256e-01 6.49803936e-01
    8.34683955e-01 5.02132237e-01 6.99163437e-01 8.99878979e-01
    7.25058317e-01 7.83252716e-02 9.37371731e-01 5.60309827e-01
    9.19978321e-02 8.98394644e-01 3.03019941e-01 5.99554062e-01
    8.15022826e-01 8.80287766e-01 5.50165057e-01 5.73206961e-01
    7.73241520e-01 5.40958524e-01 8.32959175e-01 3.90443683e-01
    3.32454562e-01 9.31998372e-01 9.99160111e-02 5.22922039e-01
    4.83954072e-01 3.24129313e-01 8.91879976e-01 8.62431288e-01
    7.90478110e-01 6.00286126e-01 7.07028031e-01 7.18181312e-01
    9.74468946e-01 6.62268877e-01 4.60772187e-01 3.23044538e-01
    6.93466067e-02 6.84567809e-01 6.70355380e-01 3.75337660e-01
    9.76198673e-01 5.52712619e-01 3.69043350e-01 4.37234759e-01
    1.47504151e-01 5.86496949e-01 6.71701312e-01 8.32484365e-02
    9.78574395e-01 4.26002026e-01 2.29557782e-01 9.18007612e-01
    7.92636037e-01 9.20102000e-01 9.60519433e-01 2.09198803e-01
    2.34058201e-02 6.99594438e-01 5.92611432e-01 3.44039500e-02
    4.61510420e-01 7.28997290e-01 7.19604731e-01 8.36654723e-01
    8.35330248e-01 2.20374763e-01 2.94751376e-01 8.28682542e-01
    3.17680359e-01 9.66909468e-01 4.58545834e-01 3.80591542e-01
    8.22368741e-01 2.22528577e-01 6.43434823e-02 8.44893813e-01
    7.78452754e-01 7.90153205e-01 5.22687852e-01 6.46487594e-01
    9.97750759e-02 2.37688869e-01 4.61439550e-01 4.63255823e-01
    8.50173593e-01 2.62128353e-01 5.86499572e-02 1.95338398e-01
    7.00346470e-01 7.59577036e-01 9.47867095e-01 6.08246267e-01
    7.68081009e-01 2.78090924e-01 3.24888021e-01 5.47381461e-01
    7.59571791e-01 1.30760640e-01 6.88999891e-02 4.26813364e-02
    4.08413768e-01 7.05462515e-01 5.23465157e-01 4.56255019e-01
    5.92822611e-01 6.67816639e-01 8.08455944e-01 5.90154052e-01
    2.11527616e-01 6.84471667e-01 7.25583911e-01 3.09930503e-01
    5.36434829e-01 3.73820901e-01 4.35768127e-01 7.37089217e-01
    6.67315185e-01 3.59241784e-01 7.68050671e-01 9.43130136e-01
    3.76547903e-01 6.44232333e-01 2.09160388e-01 2.86042243e-01
    1.81767941e-02 8.21734548e-01 2.27775007e-01 4.95780319e-01
    5.60585797e-01 4.08550918e-01 7.95964360e-01 4.94416058e-02
    1.27598256e-01 8.75148833e-01 2.49992341e-01 9.39558625e-01
    6.54479146e-01 2.65666187e-01 7.94091165e-01 9.74034607e-01
    5.28672099e-01 6.91171527e-01 3.40555489e-01 3.39708805e-01
    9.21912193e-01 7.94930935e-01 2.52597332e-02 4.35338825e-01
    3.26474786e-01 3.76039773e-01 1.93491578e-03 9.84130383e-01
    4.19444919e-01 1.97401643e-03 4.24796164e-01 1.37207329e-01
    2.29804099e-01 8.03579807e-01 3.70878935e-01 8.93428028e-01
    4.59680617e-01 9.10521030e-01 6.03364706e-01 8.93818855e-01
    4.14589465e-01 9.77560401e-01 3.15938473e-01 2.85444498e-01
    1.39825046e-02 5.02970695e-01 9.61038470e-01 8.30952644e-01
    6.40208066e-01 1.71269774e-02 5.83430827e-01 6.52293146e-01
    6.76413834e-01 2.30166614e-02 8.11046243e-01 3.20934296e-01
    1.72508538e-01 6.87546134e-01 6.12821341e-01 1.72961295e-01
    8.68097544e-01 4.38109457e-01 5.39629459e-02 5.25516927e-01
    2.54037410e-01 7.05887377e-01 6.35073245e-01 5.57670295e-01
    2.26597011e-01 5.19270658e-01 1.76493317e-01 7.65805244e-02
    7.23493159e-01 3.63257825e-01 9.49937582e-01 7.34551489e-01
    4.09419894e-01 5.54533482e-01 5.69760978e-01 3.79234672e-01
    9.32619631e-01 7.15855300e-01 8.38726223e-01 1.26306832e-01
    1.82080954e-01 6.96950495e-01 3.31539512e-02 6.78915381e-02
    9.00636852e-01 5.33182502e-01 9.57701206e-01 2.43543237e-01
    3.24371397e-01 4.26115066e-01 2.59024203e-02 3.34484756e-01
    1.29449993e-01 9.49953616e-01 9.30527508e-01 9.72253263e-01
    5.86208344e-01 3.60923767e-01 6.41960621e-01 7.18487203e-02
    4.12676811e-01 8.45288217e-01 6.73051834e-01 9.01304722e-01
    7.71918058e-01 1.33974999e-01 4.36962962e-01 5.39416373e-01
    9.50361609e-01 3.92712772e-01 4.88807976e-01 7.87819266e-01
    5.35898864e-01 9.50090885e-01 6.19470656e-01 1.90602183e-01
    4.30437893e-01 9.01264906e-01 1.08254462e-01 4.67080623e-01
    7.39650488e-01 7.37672448e-02 4.93265986e-02 6.59978390e-03
    1.87425256e-01 8.85106266e-01 9.69654441e-01 1.74946100e-01
    2.45514959e-01 5.81866801e-01 6.89170003e-01 3.34854305e-01
    7.12110460e-01 3.99802417e-01 2.04509497e-01 5.30363441e-01
    4.13638949e-02 4.07397032e-01 3.90447199e-01 2.57930994e-01
    6.34521604e-01 3.89239162e-01 5.66481531e-01 1.14170969e-01
    3.32549334e-01 9.63647544e-01 5.90012252e-01 7.65382648e-01
    8.41798365e-01 8.35824013e-01 2.41801441e-02 8.52510691e-01
    6.08769119e-01 9.42259789e-01 2.96690702e-01 4.53139842e-01
    6.99713588e-01 2.44872242e-01 4.38270032e-01 6.17184997e-01
    4.57539439e-01 8.35292339e-02 8.45552921e-01 5.09945452e-01
    5.47776103e-01 3.32841814e-01 9.55060482e-01 9.15918350e-01
    8.41688514e-02 7.63569593e-01 1.92612082e-01 5.07472098e-01
    5.08908331e-01 7.45510161e-02 2.52832621e-01 5.81478715e-01
    6.60126865e-01 7.18317032e-01 8.43288124e-01 2.46343404e-01
    6.59107983e-01 5.00260353e-01 9.21572447e-01 2.72541881e-01
    7.95845270e-01 6.57738566e-01 1.28663123e-01 4.14941400e-01
    9.16270494e-01 5.35684347e-01 9.13428426e-01 5.90361774e-01
    8.24955463e-01 7.39998639e-01 1.37657344e-01 7.11361408e-01
    9.80926454e-01 2.92142570e-01 7.81712890e-01 1.95472360e-01
    3.78199190e-01 4.46067125e-01 2.74961084e-01 3.29222083e-02
    4.54429537e-01 6.93560183e-01 5.25444031e-01 9.61208224e-01
    2.68608809e-01 6.17917120e-01 8.04508686e-01 3.34854424e-01
    1.98035151e-01 3.35398495e-01 2.91145235e-01 6.52730763e-01
    2.16456980e-01 4.40271050e-01 5.15329361e-01 7.51578450e-01
    2.69940197e-01 7.59163499e-02 5.71611166e-01 2.15878069e-01
    8.32152724e-01 6.95281029e-02 4.45322990e-02 8.97035599e-01
    2.55436093e-01 4.55807656e-01 7.83090591e-01 4.91362154e-01
    2.92123079e-01 7.36497700e-01 8.10171962e-02 8.65330100e-01
    1.72169715e-01 6.84194565e-02 8.00083041e-01 6.11782074e-03
    6.91509724e-01 5.05480409e-01 4.86068815e-01 9.66686130e-01
    6.06777072e-02 4.28456247e-01 4.12705958e-01 6.33986473e-01
    1.14642650e-01 2.14921743e-01 2.05950320e-01 8.56674671e-01
    9.18873787e-01 3.53200227e-01 5.87585092e-01 2.70565271e-01
    4.26366866e-01 3.14015985e-01 1.69256687e-01 4.00194108e-01
    4.79683638e-01 2.91704834e-02 7.41744399e-01 6.15899801e-01
    9.79716897e-01 5.84279716e-01 5.19415915e-01 5.69914222e-01
    3.63511175e-01 6.09311640e-01 2.58651078e-01 1.61018789e-01
    8.08241487e-01 7.61125445e-01 7.24642932e-01 8.41009736e-01
    7.01249540e-02 7.17994988e-01 4.32573795e-01 3.11499834e-02
    7.80789912e-01 8.97942185e-01 6.74200475e-01 6.69466078e-01
    8.87877405e-01 5.73712826e-01 1.86957151e-01 8.68108094e-01
    5.20690680e-01 1.28960848e-01 3.73681068e-01 7.67042339e-01
    9.84328568e-01 1.12113237e-01 5.19414186e-01 1.11863375e-01
    9.88097191e-01 8.54532599e-01 2.53400147e-01 1.81738585e-01
    3.33671451e-01 6.19287491e-01 8.84485364e-01 4.23288167e-01
    1.95677012e-01 9.09066916e-01 8.04880679e-01 2.19269991e-01
    1.50774091e-01 7.43985474e-01 2.22299784e-01 1.91942066e-01
    8.36865544e-01 6.77785039e-01 4.47098106e-01 3.28008771e-01
    2.34712481e-01 9.50731993e-01 6.84213102e-01 2.74165571e-01
    9.68904734e-01 5.69299877e-01 3.64942551e-02 8.51548433e-01
    8.61509681e-01 3.08321267e-01 5.25204301e-01 1.45756245e-01
    2.91440606e-01 5.03520548e-01 1.75931185e-01 4.74912345e-01
    3.74966264e-02 2.77825475e-01 4.24521923e-01 8.72095823e-01
    8.71768415e-01 6.07389212e-01 9.87466395e-01 4.49174434e-01
    4.00214672e-01 7.82497346e-01 5.12420475e-01 6.70515895e-01
    8.27548385e-01 9.19655323e-01 1.64202482e-01 3.50662947e-01
    6.82429552e-01 8.51795971e-01 1.21748149e-01 6.88700378e-01
    8.27444196e-01 3.02885473e-02 9.56424773e-01 5.08175313e-01
    7.36579418e-01 5.19347787e-01 8.28928113e-01 6.94211781e-01
    6.45526230e-01 6.95646405e-02 2.49721855e-01 9.52995896e-01
    5.95989823e-01 5.24939060e-01 6.42511666e-01 9.17521596e-01
    4.94735628e-01 9.10109162e-01 8.10176611e-01 9.59821105e-01
    5.86777806e-01 5.39416552e-01 2.05187142e-01 7.16224968e-01
    8.08148682e-02 3.49277973e-01 5.89023232e-01 5.74297607e-02
    7.28502631e-01 6.63454771e-01 5.71996808e-01 9.39188898e-02
    8.83340836e-01 7.63323307e-01 8.04632723e-01 3.75727087e-01
    7.12324977e-01 9.37111139e-01 4.34886485e-01 9.54927802e-01
    3.05861831e-02 9.20741200e-01 5.62811673e-01 9.87490714e-01
    6.60473704e-02 3.81994605e-01 1.51504606e-01 9.12308931e-01
    3.97949517e-02 1.95386529e-01 8.34384322e-01 3.21695983e-01
    5.49646378e-01 9.50491905e-01 4.59784240e-01 3.98143440e-01
    4.91932392e-01 9.36573446e-01 7.87412047e-01 8.78733993e-01
    8.29384327e-02 8.71101022e-01 4.72560465e-01 4.71929759e-01
    6.90782905e-01 4.80532080e-01 9.04415905e-01 6.12339020e-01
    2.16115862e-01 5.38910031e-01 9.39006329e-01 7.75773764e-01
    5.74364662e-01 6.13613129e-01 2.50249088e-01 8.19707751e-01
    7.17863739e-01 2.68435866e-01 8.04050684e-01 8.51634860e-01
    8.11380923e-01 7.27169096e-01 3.36993396e-01 8.85497212e-01
    5.52013934e-01 1.30223811e-01 9.35966611e-01 2.08438694e-01
    7.50376284e-01 6.34772003e-01 9.32767868e-01 6.35406137e-01
    1.21384561e-02 6.52538657e-01 4.02289361e-01 8.22673678e-01
    6.82405710e-01 8.98790240e-01 3.54179323e-01 5.19311428e-01
    3.85456830e-01 9.74442840e-01 5.50859511e-01 8.47089231e-01
    4.97937500e-01 8.30653906e-02 3.86274397e-01 9.81388986e-02
    1.34179115e-01 7.38412738e-01 7.17013597e-01 8.10614228e-01
    5.01195133e-01 8.02265286e-01 6.19013488e-01 1.33149207e-01
    2.68976331e-01 8.80934000e-01 4.32566315e-01 9.33702588e-01
    9.85391200e-01 7.56092191e-01 3.86931151e-01 9.55821395e-01
    9.87555265e-01 5.41432798e-01 8.39154541e-01 7.60592818e-01
    4.02243674e-01 7.15625584e-01 9.04793620e-01 6.13494992e-01
    5.73363006e-01 3.07385236e-01 4.63718593e-01 7.54590034e-02
    6.76449835e-02 6.02587104e-01 3.63162190e-01 3.07594478e-01
    2.66473055e-01 4.08604950e-01 1.45688951e-01 5.73803306e-01
    4.24434721e-01 5.49651563e-01 5.02238810e-01 1.79753304e-02
    6.11123085e-01 6.40504181e-01 6.96118116e-01 2.75991291e-01
    1.21898443e-01 6.47283792e-01 2.47207820e-01 7.85355747e-01
    1.43075258e-01 9.72847104e-01 1.03888750e-01 7.61454701e-02
    2.02742487e-01 2.51800418e-02 9.65993345e-01 1.85081065e-01
    2.74539948e-01 8.12811434e-01 5.66942632e-01 3.93282175e-01
    8.50635290e-01 7.17714667e-01 9.75837409e-01 5.81696630e-02
    8.08416009e-01 7.06874132e-02 3.61397564e-01 3.84209871e-01
    9.85316634e-01 5.31996071e-01 1.13945901e-02 5.62745810e-01
    5.95045924e-01 6.52974904e-01 6.41866207e-01 7.54445195e-01
    9.00941133e-01 2.19626367e-01 3.99469614e-01 2.86511898e-01
    2.94898719e-01 5.17383516e-01 9.08734322e-01 5.74653506e-01
    3.05106074e-01 4.56093282e-01 3.55589926e-01 2.11309850e-01
    1.59671605e-02 8.44794512e-01 9.51126158e-01 5.39386570e-01
    9.48631525e-01 4.71501559e-01 6.01958275e-01 9.78641212e-01
    7.70055234e-01 4.75847840e-01 5.01695573e-01 8.21170926e-01
    1.23163462e-02 8.70932937e-01 6.08307362e-01 4.58951980e-01
    6.67330265e-01 5.82169771e-01 7.65770793e-01 4.19429839e-01
    4.76609886e-01 3.05987954e-01 1.32738471e-01 3.27267587e-01
    2.63610572e-01 6.25812709e-01 5.52581489e-01 5.13661146e-01
    7.99842954e-01 7.24350452e-01 2.41040230e-01 6.33386850e-01
    3.19435775e-01 2.34316528e-01 4.95636821e-01 5.47485948e-01
    6.40205681e-01 8.38045716e-01 1.18770093e-01 5.25205195e-01
    1.32265061e-01 4.22595084e-01 4.24765050e-02 7.06185639e-01
    2.64140755e-01 7.72540808e-01 4.90789175e-01 6.60341084e-01
    6.44421160e-01 9.27842975e-01 2.50144064e-01 1.77582175e-01
    2.46158063e-01 1.17537647e-01 4.65618521e-01 1.80529296e-01
    9.15926695e-01 3.92799884e-01 5.12438536e-01 3.76154244e-01
    5.24572253e-01 2.44412482e-01 1.24595791e-01 9.51935649e-02
    5.74541569e-01 6.03288412e-04 3.42555761e-01 1.07013643e-01
    4.68805432e-01 5.93172550e-01 4.28641140e-01 8.47598672e-01
    2.94336855e-01 3.45708340e-01 4.68788803e-01 4.70308214e-01
    9.88365173e-01 6.44694567e-01 9.60868895e-02 9.68807936e-01
    5.90312481e-01 3.18659186e-01 2.37622917e-01 9.18086469e-02
    4.75337446e-01 3.29449952e-01 9.80774522e-01 8.02334845e-02
    4.36025679e-01 2.31652260e-01 9.13645685e-01 7.87358999e-01
    2.10192919e-01 8.68028045e-01 1.04210675e-02 7.58025110e-01
    6.58872247e-01 7.77367830e-01 4.02010679e-01 9.64543223e-01
    2.67118335e-01 6.99293911e-02 6.47789598e-01 8.57080102e-01
    8.59808445e-01 2.66698003e-02 4.83280361e-01 8.92095089e-01
    4.41388965e-01 6.40257657e-01 1.62167519e-01 9.91584897e-01
    1.72794282e-01 3.54759693e-01 1.07581824e-01 3.51020634e-01
    7.79474139e-01 3.27162534e-01 9.72868741e-01 1.94622517e-01
    3.94323289e-01 3.77254754e-01 3.38875294e-01 6.32017851e-01
    7.54552484e-01 5.18428862e-01 7.62188017e-01 9.83866632e-01
    2.90049314e-01 9.34445620e-01 4.34139550e-01 6.17624223e-02
    3.15074742e-01 2.02400744e-01 4.91333544e-01 6.06089294e-01
    6.01845086e-01 1.49584830e-01 6.55088723e-01 6.95038378e-01
    4.93067503e-02 3.68582904e-01 2.61275411e-01 8.78716946e-01
    7.27431536e-01 9.07780766e-01 4.42678034e-01 3.94756347e-01
    1.49713755e-02 4.70216244e-01 9.79688168e-01 2.74436176e-01
    6.82802796e-01 9.42390203e-01 9.14165258e-01 7.01656818e-01
    7.44982123e-01 9.57135975e-01 6.22346520e-01 6.49855316e-01
    5.49903750e-01 5.21145105e-01 6.22555912e-01 9.42642391e-02
    2.82329828e-01 6.24137759e-01 8.36227059e-01 1.51514024e-01
    4.13805097e-01 1.41109139e-01 3.87011468e-01 3.39596570e-01
    6.37965143e-01 8.65617156e-01 8.74940872e-01 7.05870211e-01
    2.89669454e-01 4.65103149e-01 7.93166399e-01 1.19468838e-01
    5.48379600e-01 2.23010480e-01 1.08761996e-01 2.24882483e-01
    5.88799119e-02 8.44474673e-01 8.88913393e-01 6.38551474e-01
    2.98327357e-01 9.00464416e-01 6.74396157e-01 3.18756968e-01
    3.95311832e-01 4.79567945e-01 4.53479528e-01 9.95540023e-02
    4.70390946e-01 8.20144475e-01 1.61205471e-01 4.57809031e-01
    5.88234961e-01 6.15275979e-01 6.75087571e-02 8.29894781e-01
    5.81621826e-01 6.31060660e-01 3.98968458e-01 6.38580024e-02
    6.97500229e-01 5.79114020e-01 4.07935530e-01 6.87667847e-01
    5.73594511e-01 8.01116228e-01 1.51374459e-01 6.72626972e-01
    9.68430698e-01 4.19620305e-01 4.10945237e-01 6.45927072e-01
    5.47268629e-01 4.44868535e-01 3.19027603e-01 1.49870813e-01
    9.96454895e-01 4.21134591e-01 1.19506121e-01 1.84983641e-01
    1.59146488e-02 4.65975106e-01 4.08976614e-01 1.56781405e-01
    6.47055030e-01 3.45709920e-03 9.74905133e-01 9.37656105e-01
    6.00282669e-01 5.45887470e-01 1.39924884e-01 8.25745463e-01
    2.14176893e-01 3.65612924e-01 2.16476381e-01 1.49605066e-01
    9.81218219e-01 4.68875736e-01 4.02116448e-01 6.45393610e-01
    5.33489943e-01 7.68425822e-01 3.30453902e-01 4.64788586e-01
    5.53752244e-01 5.08759439e-01 9.06387806e-01 6.39331818e-01
    7.17227221e-01 6.80497527e-01 5.47191262e-01 5.48596680e-02
    6.03745520e-01 4.63100910e-01 1.87646657e-01 4.48770732e-01
    8.99007797e-01 8.52791905e-01 1.98418230e-01 5.27879596e-01
    7.53130078e-01 1.75516248e-01 8.32626462e-01 6.31266117e-01
    1.22199655e-02 3.70035470e-02 3.25374603e-02 6.92026913e-01
    9.68440771e-01 1.11269057e-02 3.86414856e-01 7.51076162e-01
    7.61579990e-01 8.43739808e-02 1.76055431e-02 1.87169105e-01
    6.62690520e-01 4.97106969e-01 7.16754556e-01 2.42502689e-01
    5.89593530e-01 3.06742370e-01 4.50902522e-01 3.05287361e-01
    4.87159997e-01 7.97134399e-01 4.90024775e-01 3.36202621e-01
    2.58492589e-01 7.58841038e-01 8.82627726e-01 6.08720601e-01
    5.68429291e-01 9.85381484e-01 3.43095362e-01 8.46383572e-02
    3.19198847e-01 8.35170865e-01 2.59515852e-01 8.18591118e-01
    9.45335507e-01 5.61701000e-01 1.39065087e-01 7.74714053e-01
    5.36434770e-01 7.89571881e-01 8.55680525e-01 5.00562072e-01
    6.39944911e-01 4.93872285e-01 2.98322201e-01 3.68376672e-02
    5.29518485e-01 4.06142354e-01 8.72133255e-01 7.40869224e-01
    7.59436488e-01 5.28328776e-01 5.22064924e-01 2.78078616e-01
    3.19957823e-01 9.02593315e-01 4.34234351e-01 6.93823695e-01
    2.30652690e-01 5.57144821e-01 4.63849247e-01 4.91032302e-01
    2.20523387e-01 6.17027879e-02 3.48875999e-01 3.59204590e-01
    2.28304446e-01 3.63112092e-02 6.72454178e-01 8.37407589e-01
    8.04746091e-01 4.52779114e-01 5.35046637e-01 3.70726109e-01
    7.12660134e-01 8.48253667e-01 9.89259779e-01 5.30786276e-01
    6.97173774e-02 6.86747909e-01 4.66972739e-01 1.96202368e-01
    8.87358427e-01 9.85449255e-02 8.50876570e-01 2.18659282e-01
    5.96951663e-01 1.12686932e-01 4.02133018e-01 3.46151352e-01
    8.64945292e-01 1.67497575e-01 8.52262378e-01 8.90343249e-01
    5.02202272e-01 5.37558556e-01 5.94796002e-01 6.31571114e-01
    6.27460897e-01 5.32513022e-01 5.13988733e-02 2.36807823e-01
    1.38893038e-01 2.18055248e-02 3.23623329e-01 9.19512987e-01
    1.53951794e-01 2.28178710e-01 5.75163484e-01 4.87028629e-01
    5.19189298e-01 3.52736324e-01 6.97544038e-01 6.04628623e-01
    5.84148467e-02 9.32757854e-02 3.97287220e-01 7.76376367e-01
    3.96491647e-01 9.56799746e-01 9.96365786e-01 9.76308703e-01
    7.51848459e-01 3.50136757e-02 6.71955585e-01 4.09295648e-01
    8.45805883e-01 2.66979009e-01 4.82342869e-01 4.19533253e-03
    6.17337704e-01 3.38003933e-02 9.36108232e-01 5.75748801e-01
    1.71766579e-01 9.90955532e-01 1.74171209e-01 2.15239286e-01
    4.70649600e-01 4.76646245e-01 2.13657081e-01 7.86642313e-01
    2.39108235e-01 1.32586241e-01 9.99792933e-01 6.31617188e-01
    8.13844204e-01 8.33348036e-01 4.90117252e-01 5.90322375e-01
    3.86190653e-01 5.54311156e-01 7.99014628e-01 4.33493286e-01
    3.64435375e-01 7.17160404e-01 3.02332699e-01 4.76647019e-01
    4.79945749e-01 6.11032665e-01 8.99717271e-01 4.92979050e-01
    3.36549103e-01 3.73706996e-01 1.09508932e-02 6.01275563e-01
    4.06860590e-01 6.40808344e-02 5.88298917e-01 7.93804169e-01
    2.17059910e-01 9.50558960e-01 5.08488297e-01 9.95416999e-01
    6.13285661e-01 9.52137470e-01 3.07886004e-01 5.45309782e-02
    9.22482729e-01 8.69009495e-01 4.32070732e-01 2.39595175e-01
    3.22974533e-01 4.35175329e-01 7.99480915e-01 8.48426521e-01
    7.33509183e-01 2.57235825e-01 8.49649906e-01 7.49850214e-01
    9.85314727e-01 4.44390446e-01 5.52293003e-01 8.38180423e-01
    7.68818021e-01 1.98369890e-01 8.19850087e-01 9.14592862e-01
    3.22142631e-01 4.49584067e-01 6.32816076e-01 9.41700816e-01
    6.78320050e-01 5.04509091e-01 1.68971390e-01 7.56190896e-01
    2.92608917e-01 7.36861169e-01 8.55440855e-01 8.90403986e-03
    2.22366899e-01 5.23907363e-01 9.11806345e-01 7.78878033e-01
    8.47580314e-01 7.21492171e-02 6.09010935e-01 9.91422653e-01
    7.89622366e-02 6.49432003e-01 4.11373794e-01 6.94912136e-01
    1.73006475e-01 2.66108811e-02 5.90997636e-02 4.26313996e-01
    9.98824596e-01 7.48793244e-01 3.49771351e-01 1.49606466e-01
    1.09554440e-01 2.14476109e-01 3.44544530e-01 5.31247556e-02
    1.87120795e-01 5.88014305e-01 5.05217195e-01 1.12923056e-01
    3.83282393e-01 9.76135552e-01 4.05987501e-01 8.67533386e-02
    5.72495580e-01 7.91191578e-01 4.52735513e-01 8.23496699e-01
    5.16629100e-01 9.41513598e-01 6.23801947e-01 5.88197291e-01
    2.27334470e-01 4.63272691e-01 6.62409186e-01 3.42622042e-01
    2.95476675e-01 5.62861621e-01 3.86258781e-01 5.99388182e-01
    2.04796433e-01 2.68249691e-01 7.90609717e-01 9.47175026e-01
    5.73942363e-01 6.50720358e-01 1.45921111e-01 2.29929984e-01
    6.02972150e-01 4.43626136e-01 4.16260719e-01 7.40779936e-02
    1.72295272e-02 1.61255866e-01 1.20055884e-01 8.08896422e-01
    3.09248030e-01 8.43857527e-01 6.46534324e-01 2.62302846e-01
    6.33867502e-01 7.80900121e-01 8.51751745e-01 3.73888522e-01
    3.46542567e-01 5.53206205e-02 5.01993001e-02 1.77696168e-01
    1.41188443e-01 2.65352815e-01 6.65316582e-01 9.74477887e-01
    5.52456975e-02 8.73918414e-01 7.81669378e-01 8.87541771e-01
    5.72371244e-01 5.24022818e-01 4.07789230e-01 3.92695069e-02
    3.68524939e-01 2.45736450e-01 1.97161138e-02 9.09690976e-01
    3.00506443e-01 9.28724051e-01 2.58187503e-01 2.08994538e-01
    9.49533939e-01 2.54363775e-01 3.95534933e-01 2.65082210e-01
    7.55799413e-01 7.83280730e-01 2.22159237e-01 6.79697275e-01
    1.49469942e-01 3.82498324e-01 5.28654814e-01 9.45375741e-01
    1.43355191e-01 6.66460395e-02 8.73099029e-01 7.21653223e-01
    1.76673740e-01 5.92705786e-01 4.83308882e-01 5.57240546e-01
    1.49114758e-01 8.75269294e-01 8.60854983e-01 2.76317537e-01
    4.88198996e-01 3.19636524e-01 2.08080322e-01 1.88869238e-03
    4.70495254e-01 7.91865230e-01 5.44224977e-01 8.23825955e-01
    9.79501247e-01 7.40497828e-01 7.97417998e-01 1.38940811e-01
    2.93364346e-01 9.09569860e-03 6.37765169e-01 9.17304695e-01
    3.68151695e-01 3.52621853e-01 1.44870460e-01 1.05292201e-01
    9.86767054e-01 1.20049238e-01 3.35901469e-01 3.28535646e-01
    8.00030947e-01 4.61947203e-01 1.00324303e-01 1.00557923e-01
    5.58541417e-02 2.73126394e-01 9.14750695e-01 9.98355091e-01
    8.99353683e-01 2.66299099e-01 1.64985687e-01 8.21720600e-01
    8.92163992e-01 6.98761106e-01 4.89000350e-01 5.33123732e-01
    3.88415128e-01 7.83738911e-01 9.89956617e-01 9.42000270e-01
    2.35593319e-01 1.65791899e-01 5.93889117e-01 5.30186296e-02
    9.92899179e-01 6.66274071e-01 2.84788311e-02 6.53423548e-01
    3.91077518e-01 4.33164001e-01 1.34446114e-01 5.42181194e-01
    8.81272972e-01 6.76862061e-01 4.47055250e-01 3.28090191e-01
    9.96611714e-02 4.23400223e-01 6.87690020e-01 9.69515562e-01
    7.92059720e-01 4.20051366e-01 1.05467737e-02 8.25315952e-01
    7.88768411e-01 9.94239330e-01 5.87696850e-01 6.64975286e-01
    7.74904966e-01 3.62806618e-02 1.22592360e-01 7.91589499e-01
    5.13071120e-01 4.75245565e-01 4.18961406e-01 8.15215111e-01
    2.36522466e-01 6.20213747e-01 5.45844495e-01 7.30259359e-01
    8.31868649e-01 3.05373967e-01 5.65371871e-01 6.46120310e-03
    7.35087395e-01 2.56523490e-01 1.77135944e-01 5.88047922e-01
    2.69435942e-02 2.28432387e-01 9.24291015e-01 8.17878246e-01
    3.81323278e-01 8.02338302e-01 8.18855286e-01 7.29120314e-01
    2.74860084e-01 5.30144691e-01 7.95705914e-01 6.67340577e-01
    3.23097169e-01 2.97853172e-01 3.46624196e-01 5.92064321e-01
    6.50253952e-01 2.28671491e-01 1.60108954e-01 5.75889468e-01
    3.41024280e-01 6.12029552e-01 3.20787489e-01 7.65093446e-01
    3.57519448e-01 6.15523756e-01 1.37624294e-01 8.10548365e-02
    4.95714426e-01 3.27625126e-01 4.80975658e-01 4.39057648e-01
    7.89009809e-01 9.95831847e-01 1.55978978e-01 3.80707562e-01
    5.22313893e-01 3.81539285e-01 6.82704389e-01 6.47466183e-01
    6.47263408e-01 1.04908645e-01 2.56452203e-01 6.43816411e-01
    7.90440202e-01 6.38320088e-01 8.17325115e-01 3.91159713e-01
    9.92482603e-02 5.01981139e-01 9.76302326e-01 8.06315243e-01
    9.42955077e-01 8.02856147e-01 2.22314596e-01 1.11306936e-01
    9.12623525e-01 1.87594086e-01 7.44768977e-02 5.90231359e-01
    7.97501922e-01 8.31661105e-01 5.40527403e-01 1.16306841e-01
    1.95050448e-01 1.82989448e-01 3.34547520e-01 4.05489147e-01
    2.39472300e-01 3.15137714e-01 5.77035189e-01 7.31456280e-02
    2.85665035e-01 7.68174291e-01 2.83350170e-01 2.38367379e-01
    6.88910782e-02 5.23095489e-01 4.42179143e-02 3.16194385e-01
    1.70796126e-01 4.49852914e-01 6.70978367e-01 1.77406013e-01
    8.57103050e-01 6.70347989e-01 6.90221786e-01 3.55061054e-01
    2.87401736e-01 3.53366315e-01 8.07346344e-01 1.41049862e-01
    5.86061895e-01 7.93809891e-01 6.51856661e-01 6.66583478e-01
    4.14191484e-02 9.79782820e-01 9.70472574e-01 4.05993015e-01
    1.37470841e-01 2.37187117e-01 7.05146730e-01 4.86415207e-01
    3.28546435e-01 5.50506055e-01 5.89524508e-01 4.86527056e-01
    9.97890711e-01 6.06453776e-01 5.34548044e-01 5.16852498e-01
    8.05859447e-01 5.47434926e-01 9.64239240e-01 9.20964420e-01
    8.10690582e-01 2.77946889e-01 5.73896825e-01 4.68838513e-01
    4.68676895e-01 6.82438552e-01 4.13815975e-01 6.32550359e-01
    1.13023877e-01 1.49530917e-01 4.35025871e-01 8.22402596e-01
    5.51541746e-01 3.01571250e-01 2.83732176e-01 6.23553514e-01
    8.12372983e-01 9.78165746e-01 8.25275958e-01 4.29399759e-01
    4.35265183e-01 2.58018196e-01 4.98753130e-01 4.64309275e-01
    8.42546165e-01 9.95105684e-01 3.97000283e-01 8.01720440e-01
    1.60978258e-01 5.36687672e-02 4.14447069e-01 2.71194756e-01
    3.41584980e-02 8.77305627e-01 1.09144181e-01 1.69963896e-01
    2.16361880e-03 8.68125856e-02 9.38179135e-01 7.72818804e-01
    6.07913077e-01 9.44153786e-01 5.29718757e-01 1.17537588e-01
    1.90159291e-01 2.04516411e-01 9.58396554e-01 8.17476034e-01
    2.77263343e-01 1.07290417e-01 9.07230377e-03 5.75872600e-01
    6.17904365e-02 7.06386447e-01 7.03245103e-02 9.91498590e-01
    3.68709117e-01 4.49503750e-01 4.25292492e-01 8.93213153e-01
    7.46465027e-01 3.11519444e-01 5.97933233e-02 3.48788500e-01
    7.80410767e-01 1.01259232e-01 9.72808480e-01 8.90537381e-01
    2.50169456e-01 3.18293989e-01 6.20840967e-01 7.46236145e-01
    5.14199197e-01 6.04190946e-01 2.28824019e-01 4.07128334e-02
    9.50570583e-01 7.15305269e-01 2.89280951e-01 7.06214190e-01
    1.60695016e-02 7.93545902e-01 3.41066122e-02 9.63510990e-01
    4.02358860e-01 8.92184973e-01 1.14600480e-01 5.87615669e-01
    9.40743089e-01 8.74961913e-01 4.88105595e-01 9.32785273e-01
    3.07303101e-01 2.79502392e-01 6.52862012e-01 4.60917205e-01
    2.19994247e-01 8.92525911e-03 8.13429117e-01 1.48119658e-01
    1.16527289e-01 7.65193462e-01 6.58727884e-02 7.51122117e-01
    4.18078452e-01 7.90891349e-01 6.03976011e-01 5.15837133e-01
    8.92303526e-01 2.25727499e-01 9.02987242e-01 5.50763726e-01
    1.50497675e-01 4.94582146e-01 9.47586417e-01 9.25916374e-01
    4.22122478e-01 3.40337574e-01 9.27235067e-01 7.54685879e-01
    6.40456796e-01 4.71238673e-01 9.99150336e-01 6.21722460e-01
    5.70097387e-01 5.95710814e-01 8.13964725e-01 9.23770964e-02
    7.44948447e-01 5.03122985e-01 5.46158791e-01 4.18062091e-01
    6.56857908e-01 6.38309717e-02 3.56567830e-01 7.68127382e-01
    7.32598960e-01 5.26577234e-03 7.49016643e-01 8.64623189e-01
    4.35685456e-01 3.89260769e-01 7.99359679e-01 8.37615728e-01
    4.10265088e-01 4.49966609e-01 2.93073952e-02 9.77677703e-01
    6.46178007e-01 2.41201222e-01 3.57674658e-02 9.37603712e-01
    1.52044892e-02 6.21909738e-01 2.22683549e-01 3.70321751e-01
    5.70156574e-01 4.63913471e-01 9.64890301e-01 3.72458994e-01
    5.39359927e-01 5.90943933e-01 8.17915857e-01 9.95980024e-01
    8.53758037e-01 5.70604265e-01 4.52016294e-01 4.89253283e-01
    9.15344357e-01 5.02142727e-01 1.42540097e-01 2.12960482e-01
    9.45008755e-01 3.32877040e-02 2.07194924e-01 1.63437486e-01
    7.73839593e-01 4.24658656e-02 5.15528500e-01 5.21827817e-01
    2.93110549e-01 8.67130160e-01 4.41494733e-01 5.07204294e-01
    9.30701733e-01 2.02715009e-01 4.33419973e-01 5.33577263e-01
    9.99315381e-01 6.61714613e-01 5.61800599e-03 6.59564078e-01
    9.68305230e-01 9.54233348e-01 7.61620641e-01 2.14541972e-01
    9.58272815e-02 9.87788141e-01 6.75457537e-01 1.10056818e-01
    5.58687449e-02 4.30079013e-01 2.44606018e-01 1.28756016e-01
    6.00768626e-02 1.81801170e-01 9.61801410e-03 2.91231066e-01
    3.72491777e-01 4.93459314e-01 2.36082882e-01 4.96124804e-01
    8.60687494e-02 3.07871848e-01 3.47944140e-01 5.73533177e-02
    3.08676660e-02 6.37345552e-01 9.85159278e-01 3.74236226e-01
    2.15262324e-01 3.01406503e-01 5.15608490e-01 7.55963683e-01
    6.07203901e-01 7.10606515e-01 1.25681072e-01 2.93422043e-02
    9.30734038e-01 9.12268400e-01 1.50837183e-01 4.15674090e-01
    8.93029153e-01 7.13718057e-01 3.40885878e-01 1.89324617e-02
    8.89547169e-01 6.80844188e-01 1.48169547e-01 8.69920552e-01
    7.45069325e-01 3.08475435e-01 2.66494185e-01 1.85419708e-01
    9.19615328e-02 4.69552070e-01 4.45782900e-01 8.32254887e-02
    1.60375953e-01 1.58002645e-01 9.48863626e-01 3.36638689e-01
    9.37770963e-01 9.63364899e-01 2.46803850e-01 3.13268244e-01
    9.09958541e-01 6.90185785e-01 6.49665594e-02 6.07287824e-01
    8.80974472e-01 1.89236253e-01 1.88529789e-02 1.67591214e-01
    3.52972507e-01 8.82944584e-01 8.79490554e-01 7.81147599e-01
    1.16141200e-01 9.42510247e-01 3.44561458e-01 4.41648036e-01
    5.37605464e-01 4.34805810e-01 1.15751624e-02 5.87743759e-01
    3.13988328e-03 1.30138993e-02 1.00085467e-01 5.10784507e-01
    5.42356789e-01 9.33375239e-01 7.05635071e-01 3.26066017e-02
    1.68494880e-01 6.67927325e-01 4.08040613e-01 9.07670677e-01
    7.72964716e-01 5.68546534e-01 4.59483266e-03 3.16220820e-02
    7.63168216e-01 3.72798949e-01 1.93941891e-01 3.19800466e-01
    2.34742165e-01 9.77500200e-01 5.13427854e-01 7.23330736e-01
    4.82627720e-01 3.26901615e-01 6.54817820e-02 7.64311969e-01
    6.70385361e-01 2.09276676e-01 1.16814941e-01 4.01336044e-01
    1.09344274e-01 5.55553675e-01 1.99199766e-01 1.37451231e-01
    9.38015819e-01 3.84984463e-01 1.11778617e-01 9.15558279e-01
    4.26261246e-01 5.77153087e-01 8.55350018e-01 4.15886909e-01
    6.49739027e-01 7.58935511e-01 8.63304496e-01 9.20896411e-01
    5.56936145e-01 9.62036848e-01 1.69608325e-01 3.17175716e-01
    5.26773691e-01 8.98600876e-01 6.80074871e-01 6.56768501e-01
    4.85833079e-01 8.96985054e-01 9.54620600e-01 4.74109501e-01
    9.50726390e-01 8.89417529e-03 6.29320741e-02 7.80096114e-01
    7.78008580e-01 4.49303985e-01 3.36878777e-01 5.94831347e-01
    7.24962294e-01 7.11889446e-01 7.19447911e-01 2.50935614e-01
    8.37005675e-01 3.69742870e-01 3.33592057e-01 5.67156613e-01
    6.15752518e-01 3.75560224e-01 1.76029444e-01 7.69208193e-01
    2.29636550e-01 1.25669122e-01 4.34952617e-01 6.42838299e-01
    4.63212401e-01 6.13574982e-01 5.53485513e-01 1.34956241e-01
    9.68326569e-01 9.35340405e-01 5.00354409e-01 5.43343782e-01
    2.21868306e-01 3.86003554e-02 7.24294543e-01 9.49235320e-01
    6.77805543e-01 7.92738914e-01 4.47021902e-01 2.66106427e-02
    1.23085618e-01 7.76544213e-01 4.83928621e-02 7.72599459e-01
    1.38176620e-01 9.00875628e-02 2.09463805e-01 4.83918875e-01
    7.50200987e-01 3.01507711e-02 6.02539241e-01 4.69732761e-01
    3.13759267e-01 9.29469705e-01 5.97186148e-01 3.67104948e-01
    1.50207549e-01 7.95148611e-01 7.73858905e-01 7.53250122e-01
    9.70652938e-01 9.83370423e-01 4.19781208e-01 2.89948404e-01
    9.48636591e-01 6.72386825e-01 5.02924323e-02 6.27884865e-01
    9.27808881e-02 1.76326424e-01 9.65556204e-02 6.49126649e-01
    9.62675810e-02 9.81237054e-01 2.98932731e-01 1.22791886e-01
    9.03244138e-01 9.60792422e-01 8.27774405e-03 4.31645900e-01
    8.43462586e-01 5.26392698e-01 9.88548279e-01 1.91458374e-01
    1.14863306e-01 5.08892119e-01 6.48776531e-01 9.73697782e-01
    5.93381941e-01 9.07907486e-01 2.04034984e-01 1.96393132e-02
    4.22329903e-02 5.12027979e-01 7.80133665e-01 4.77178425e-01
    7.37898529e-01 6.56751394e-01 9.02571678e-01 9.40791726e-01
    7.39504397e-01 8.94955516e-01 4.61488247e-01 5.43286443e-01
    8.98021102e-01 8.80523801e-01 2.99733341e-01 7.11581111e-03
    1.93378210e-01 6.69189811e-01 9.54962254e-01 6.70949936e-01
    7.39343643e-01 4.49015200e-01 7.86184371e-02 1.81603342e-01
    1.37870491e-01 6.04567051e-01 6.46907866e-01 1.28439963e-02
    5.04446685e-01 3.74767959e-01 2.36662567e-01 6.73770070e-01
    6.79074883e-01 6.71721160e-01 2.01517493e-01 3.67671847e-02
    1.86527401e-01 8.75357747e-01 6.19456589e-01 8.34774137e-01
    9.50942874e-01 2.63526380e-01 9.44164157e-01 1.26275510e-01
    4.99691308e-01 4.88645226e-01 3.82906854e-01 3.41809988e-02
    3.05095553e-01 7.44518757e-01 6.95583701e-01 1.11806184e-01
    9.61064398e-02 6.65150166e-01 1.66851848e-01 4.41428393e-01
    5.76247931e-01 8.90452206e-01 8.84703755e-01 6.65235817e-01
    3.75843257e-01 6.73368156e-01 5.75811803e-01 9.96822238e-01
    7.33402848e-01 8.56242657e-01 7.61947274e-01 4.77922320e-01
    4.40571249e-01 7.10825562e-01 7.91213989e-01 5.30764163e-02
    9.64718103e-01 4.59615767e-01 2.83288956e-01 8.60164404e-01
    8.58274221e-01 9.16087031e-01 3.17355812e-01 2.69924521e-01
    8.06614399e-01 5.06107986e-01 9.64822948e-01 2.24752009e-01
    9.43647265e-01 6.45093560e-01 8.85763764e-01 1.65132821e-01
    2.96292603e-02 3.73274744e-01 1.71623558e-01 9.06755447e-01
    8.76286507e-01 3.73318732e-01 6.03975475e-01 1.26063108e-01
    2.53466666e-01 1.35582089e-01 3.78123879e-01 9.93357658e-01
    3.76569390e-01 5.90467811e-01 5.19040167e-01 1.62072062e-01
    6.09233558e-01 3.39171588e-02 4.08333868e-01 9.94486094e-01
    1.56603634e-01 6.90290332e-03 5.17459691e-01 6.17035985e-01
    6.12764001e-01 9.41563070e-01 2.60098159e-01 9.57708418e-01
    5.12966931e-01 5.82594216e-01 3.57472003e-01 2.82428980e-01
    1.35633051e-01 1.38070166e-01 3.79611552e-02 3.58327568e-01
    9.97104406e-01 4.41484243e-01 9.63252306e-01 2.22797453e-01
    6.29484296e-01 5.17999828e-01 1.42959356e-02 3.66857469e-01
    2.59275526e-01 8.40207100e-01 4.32277054e-01 9.94095325e-01
    7.83469081e-01 1.87092036e-01 1.00058556e-01 7.94432640e-01
    7.97870755e-01 9.99900937e-01 6.97362661e-01 9.85602021e-01
    3.11260819e-02 3.59922349e-01 9.06477571e-02 5.38433254e-01
    7.31315613e-02 7.83177257e-01 2.94651955e-01 8.23600173e-01
    5.98562479e-01 3.78272235e-01 2.45885998e-01 6.64372444e-01
    5.31546533e-01 7.98144341e-02 7.59445071e-01 2.42611170e-02
    6.32980287e-01 1.27146840e-02 6.97044432e-02 5.16656458e-01
    7.07142413e-01 7.66855478e-03 1.16497040e-01 2.12405473e-01
    8.01689506e-01 2.34069377e-01 2.69294381e-01 3.78590733e-01
    6.62947893e-02 8.73629153e-01 8.60651731e-01 9.39121127e-01
    9.21049714e-01 8.07604790e-02 3.65438312e-01 2.74109900e-01
    7.59470582e-01 7.36027718e-01 5.93680859e-01 1.41791433e-01
    7.91880190e-02 4.79928881e-01 3.04818392e-01 5.59378266e-02
    9.57827628e-01 3.74843180e-01 8.83239508e-01 8.65703464e-01
    7.67245412e-01 3.55066627e-01 2.41279900e-01 3.79379690e-01
    9.14501727e-01 4.87378746e-01 1.28408670e-01 1.34961009e-02
    2.24605858e-01 8.93084407e-01 4.80863035e-01 4.10354793e-01
    1.72782749e-01 3.35147440e-01 3.26260746e-01 9.48420048e-01
    7.34798372e-01 1.39132112e-01 7.39083171e-01 2.66332865e-01
    7.91921616e-01 4.31132674e-01 4.19117630e-01 2.90812492e-01
    8.74203026e-01 1.70398593e-01 3.14425230e-01 5.01683354e-03
    1.93085849e-01 7.40836263e-01 8.14684153e-01 1.52149618e-01
    5.46774387e-01 9.18516457e-01 5.72735369e-01 2.00481713e-02
    2.77302861e-02 1.76971644e-01 3.27618659e-01 5.50344467e-01
    1.48529142e-01 2.11022884e-01 8.71813297e-01 6.55805111e-01
    8.12390327e-01 6.37191057e-01 2.19481140e-01 7.02792585e-01
    3.67665410e-01 1.48334205e-01 3.62965167e-01 8.95410180e-01
    7.68471479e-01 4.96896565e-01 5.59818566e-01 5.11054039e-01
    4.14894730e-01 3.50491822e-01 6.00101709e-01 7.35690713e-01
    1.19269401e-01 1.57173783e-01 1.99534893e-01 6.21394217e-02
    2.50218928e-01 5.93903959e-02 6.02239907e-01 7.85020232e-01
    2.00186998e-01 1.68478251e-01 6.28851831e-01 9.94146466e-02
    1.34385705e-01 7.54762411e-01 4.30328816e-01 5.43900013e-01
    1.10342443e-01 1.17514461e-01 7.72653759e-01 1.66337669e-01
    9.17217851e-01 3.34932745e-01 7.20822275e-01 3.44404280e-01
    4.94475067e-02 1.13091558e-01 7.07906663e-01 8.30492139e-01
    7.94452965e-01 2.83231735e-02 9.15757179e-01 2.98273742e-01
    7.19150126e-01 5.11270821e-01 4.39770460e-01 1.38157457e-01
    1.30722463e-01 3.00617754e-01 6.94746912e-01 9.79186833e-01
    4.95792001e-01 6.07168794e-01 7.37448335e-01 8.36478829e-01
    7.50426233e-01 1.30431324e-01 4.96835202e-01 2.76053190e-01
    5.21317482e-01 5.82642257e-01 5.68439722e-01 9.58518982e-01
    6.62802160e-01 4.64777410e-01 9.05014634e-01 8.20564985e-01
    2.52671450e-01 4.17011410e-01 1.99573994e-01 3.78904879e-01
    7.28114724e-01 1.13175690e-01 1.18456781e-02 2.14024812e-01
    1.16452694e-01 1.63467258e-01 5.15939891e-01 3.26005220e-02
    5.45137405e-01 6.36355519e-01 1.27425373e-01 1.44953847e-01
    4.96239036e-01 4.87601161e-02 8.84989798e-02 8.32730055e-01
    9.46884215e-01 3.09898406e-01 2.35398173e-01 6.20959640e-01
    4.01736796e-01 4.90007579e-01 4.87795383e-01 5.08559644e-02
    7.01245427e-01 4.55818504e-01 7.64028072e-01 7.08451211e-01
    6.10970199e-01 4.49601650e-01 2.59857953e-01 4.84556496e-01
    2.18748242e-01 2.77997106e-01 9.22566354e-02 9.38041568e-01
    1.30817592e-01 7.01049268e-02 6.81291103e-01 6.58658862e-01
    8.24940324e-01 5.22893310e-01 4.44413453e-01 5.59596419e-01
    3.21311951e-02 9.73822773e-02 4.82675970e-01 2.77927756e-01
    6.23875141e-01 7.92961240e-01 9.55905795e-01 7.87665844e-02
    3.07266831e-01 9.35805678e-01 8.18432450e-01 1.36268646e-01
    9.92730737e-01 8.34339738e-01 7.66584218e-01 1.56234860e-01
    8.83591771e-01 1.53150499e-01 1.23642057e-01 7.46520936e-01
    4.23699379e-01 4.49540615e-02 4.46639627e-01 1.36274159e-01
    2.62443304e-01 4.39133257e-01 9.66822743e-01 9.50372815e-01
    9.37625408e-01 3.65434945e-01 4.50460225e-01 4.64460909e-01
    8.83778572e-01 1.70790106e-01 2.94307560e-01 3.56283784e-01
    9.97871995e-01 2.75949895e-01 7.85976112e-01 5.15312076e-01
    6.13149464e-01 3.43159020e-01 4.96889681e-01 8.24228585e-01
    4.11626220e-01 4.61522937e-02 7.94636726e-01 2.66445488e-01
    2.72752941e-01 8.99459779e-01 1.19148850e-01 1.12315953e-01
    2.70784795e-01 3.49490285e-01 7.73080468e-01 8.72106791e-01
    3.43790650e-01 8.30478907e-01 1.64222509e-01 6.64471686e-02
    1.53041124e-01 9.59254503e-02 7.33528972e-01 4.01931971e-01
    4.91868258e-02 6.31283343e-01 1.44786716e-01 9.48578119e-02
    7.44498312e-01 8.03467989e-01 4.84869212e-01 2.31313825e-01
    2.11426198e-01 1.58447206e-01 6.38208985e-01 3.69992763e-01
    9.21808243e-01 3.03396940e-01 5.11022210e-01 9.14903522e-01
    4.50905681e-01 4.74340320e-01 7.97689319e-01 1.93967968e-01
    7.55500913e-01 8.02837014e-01 5.29727936e-01 5.51064014e-02
    6.68699682e-01 3.99176091e-01 1.16781503e-01 1.63623422e-01
    3.93351853e-01 3.35376561e-02 2.75546670e-01 1.06076360e-01
    5.42519629e-01 2.70235509e-01 5.70092082e-01 3.29899490e-02
    1.74617797e-01 9.22737956e-01 1.68023646e-01 9.97191131e-01
    7.03197956e-01 7.80371070e-01 8.75142932e-01 6.42650902e-01
    8.11063886e-01 7.59300232e-01 9.00548935e-01 1.39397681e-02
    1.73678786e-01 7.57299662e-02 9.14707720e-01 6.53585792e-03
    5.00556827e-01 9.93655801e-01 7.18940794e-02 6.34007156e-01
    3.11401933e-01 1.00378096e-01 5.69467545e-01 4.63440865e-01
    5.93769550e-03 1.26737356e-02 9.01461124e-01 3.05885971e-01
    8.64347637e-01 9.35874820e-01 2.13003516e-01 9.69629407e-01
    6.15284324e-01 7.05701113e-01 1.90246373e-01 2.22228527e-01
    6.42566860e-01 9.63403106e-01 7.01598525e-01 4.51371640e-01
    3.43944669e-01 3.54848534e-01 2.98468560e-01 4.43779945e-01
    4.00707752e-01 5.12640119e-01 5.13276517e-01 2.10530281e-01
    8.63989472e-01 3.18943620e-01 4.09024984e-01 5.82906783e-01
    6.34551167e-01 6.96130276e-01 4.80139345e-01 9.23668265e-01
    5.69801033e-01 9.61098969e-02 1.68203592e-01 7.15656340e-01
    3.80102247e-01 1.79698080e-01 5.23498058e-01 8.09389412e-01
    8.25516045e-01 6.19873822e-01 7.80946076e-01 9.50919032e-01
    4.10936415e-01 8.19097400e-01 3.32255483e-01 2.24617451e-01
    9.96627569e-01 9.88904953e-01 2.83952296e-01 4.42266464e-05
    3.16207647e-01 6.46027684e-01 4.71812785e-01 1.17283404e-01
    7.38103986e-01 1.06236964e-01 5.56327105e-01 1.16223991e-01
    7.66923547e-01 6.23367429e-01 8.65886986e-01 6.17053032e-01
    7.02423394e-01 8.12820792e-01 2.83146501e-01 9.10661101e-01
    8.50940824e-01 4.39143360e-01 8.10704291e-01 8.48703861e-01
    2.40637362e-01 2.81520963e-01 5.20418108e-01 9.94088769e-01
    8.78664017e-01 3.53531569e-01 7.61161745e-02 6.25853419e-01
    6.05420172e-01 3.03977042e-01 8.06233287e-01 7.57557154e-02
    9.47693944e-01 6.53374076e-01 5.85298419e-01 8.40406895e-01
    2.60021329e-01 6.05965734e-01 7.00769961e-01 9.67094958e-01
    6.79517031e-01 1.16432756e-01 1.22776955e-01 1.25853628e-01
    7.32604027e-01 6.90835714e-03 9.74801779e-01 5.22403717e-02
    8.14056396e-02 4.18731570e-01 6.38269424e-01 5.72242141e-02
    6.66933656e-01 7.22682297e-01 9.04754996e-02 3.44141901e-01
    2.62186229e-02 3.73376846e-01 1.04311496e-01 5.13255835e-01
    5.03303111e-01 4.29604977e-01 9.31104660e-01 6.62488222e-01
    2.42938697e-01 2.51154900e-01 7.20024705e-02 6.39867663e-01
    2.68335640e-02 1.11070395e-01 3.75299096e-01 9.31277215e-01
    6.38851345e-01 5.23849905e-01 5.93540490e-01 2.82589048e-01
    7.90878415e-01 2.29507953e-01 9.40972090e-01 9.14155781e-01
    8.11609745e-01 1.95186973e-01 4.51321423e-01 1.41885877e-03
    8.99658918e-01 9.55480814e-01 1.24889314e-01 2.45362818e-02
    2.38716573e-01 4.41891849e-01 7.76551843e-01 8.37665200e-01
    5.67826986e-01 2.19107658e-01 2.63942242e-01 1.38401270e-01
    9.09464121e-01 8.79682302e-01 2.60524005e-01 5.79607248e-01
    4.59041774e-01 7.46561348e-01 5.63208103e-01 4.54847425e-01
    2.26103067e-01 2.42658347e-01 3.68104637e-01 2.74182618e-01
    8.70397687e-01 5.83630443e-01 1.34718716e-01 8.37526560e-01
    9.87999797e-01 2.13968366e-01 6.70655847e-01 7.35569358e-01
    2.07462907e-03 8.68891418e-01 3.06642294e-01 5.08479655e-01
    2.85915196e-01 6.30630493e-01 5.08565903e-01 6.11265182e-01
    8.04160953e-01 9.45099235e-01 4.66916621e-01 1.13339216e-01
    7.89569020e-01 2.25912720e-01 5.99857509e-01 1.78005666e-01
    2.73475558e-01 7.91358650e-02 7.64144957e-02 6.53573453e-01
    9.19117808e-01 8.85270715e-01 6.69209182e-01 1.56746209e-01
    9.61219668e-01 8.14623237e-01 8.00111890e-01 1.51243746e-01
    7.35195696e-01 7.98264444e-02 7.59815097e-01 1.86853349e-01
    2.98768014e-01 7.32746840e-01 7.05959141e-01 2.17668742e-01
    8.45939934e-01 6.14284575e-01 8.42774034e-01 3.13705027e-01
    6.33577406e-01 8.88789356e-01 7.42143631e-01 6.04722440e-01
    2.53168344e-01 3.38226289e-01 9.81158197e-01 2.56357610e-01
    9.36122239e-01 6.82461560e-02 5.37277758e-01 8.61070991e-01
    9.32508826e-01 1.32405281e-01 5.18891275e-01 7.11476028e-01
    3.42883646e-01 4.48654562e-01 1.38906837e-02 5.91184914e-01
    2.56109804e-01 8.37483644e-01 5.88544607e-01 1.71456724e-01
    7.96660960e-01 5.75427651e-01 7.58619905e-01 6.59710765e-01
    6.90932274e-01 5.55015922e-01 5.63668191e-01 7.95979202e-02
    1.83857650e-01 6.83110893e-01 6.37783289e-01 8.76440525e-01
    4.68146801e-01 5.17738104e-01 8.08805883e-01 8.89110804e-01
    8.51304054e-01 9.89798665e-01 9.50550079e-01 7.27412105e-01
    4.44591165e-01 4.14751947e-01 2.99759150e-01 5.86034596e-01
    4.53122288e-01 8.79603863e-01 8.20455551e-01 4.12664950e-01
    7.20460296e-01 1.67729229e-01 3.63300145e-01 6.35156631e-01
    2.02181816e-01 2.57833391e-01 9.38927531e-01 6.90929413e-01
    6.18700385e-02 8.58452678e-01 2.30309248e-01 9.25457120e-01
    9.90867794e-01 5.50991058e-01 1.41473383e-01 5.14863551e-01
    9.74108934e-01 8.36925030e-01 7.58001447e-01 2.55363286e-01
    5.06788492e-01 7.91741490e-01 1.86112404e-01 3.83343786e-01
    7.18165815e-01 6.44685626e-01 8.80364418e-01 1.76199973e-02
    3.65984708e-01 5.84315062e-01 6.93448544e-01 9.50531483e-01
    6.94948435e-02 3.58480811e-01 2.29714006e-01 1.27307534e-01
    9.03165579e-01 9.86555040e-01 7.05315113e-01 1.19075209e-01
    6.13770664e-01 8.93558443e-01 5.77349722e-01 5.78567326e-01
    4.39702749e-01 5.92399418e-01 7.48022079e-01 2.35964745e-01
    5.03407598e-01 9.43010688e-01 6.45018220e-01 3.35092634e-01
    5.01957834e-02 2.06639767e-02 3.19947481e-01 8.71885717e-02
    4.41961884e-01 5.66115558e-01 5.39697647e-01 3.70020956e-01
    2.15974152e-01 8.96335959e-01 7.90995359e-01 8.69210541e-01
    9.29022312e-01 8.80811095e-01 2.11695194e-01 1.70258284e-01
    3.25364947e-01 7.73746550e-01 9.28396344e-01 1.73680902e-01
    9.92729425e-01 4.52256918e-01 5.43080628e-01 3.95649374e-01
    7.62890697e-01 5.15022159e-01 5.13420701e-01 4.68742132e-01
    2.13830799e-01 5.43446958e-01 3.67856741e-01 2.33053625e-01
    7.72425294e-01 7.81912267e-01 2.31597662e-01 2.60544270e-01
    3.19201469e-01 4.79748368e-01 9.39804375e-01 8.73684168e-01
    5.81539094e-01 4.82355654e-01 7.85224080e-01 7.86211789e-02
    2.31237859e-01 5.19499719e-01 8.76956940e-01 9.64929938e-01
    1.83359683e-01 7.44913816e-01 8.54664028e-01 5.29618263e-01
    9.96083081e-01 4.11300063e-01 1.98632210e-01 9.70635295e-01
    6.40338242e-01 5.27481556e-01 5.56575716e-01 7.37142861e-02
    9.65631843e-01 2.91371405e-01 7.11410224e-01 9.81689811e-01
    5.21741211e-01 9.74471569e-01 1.51077360e-01 3.19332361e-01
    7.19090104e-01 6.52407467e-01 1.69867635e-01 4.35643315e-01
    2.67160475e-01 2.82649875e-01 9.43270564e-01 3.18369687e-01
    9.62571740e-01 6.48415208e-01 2.50637084e-01 3.36629450e-02
    8.44387054e-01 7.08635151e-02 9.16204751e-01 9.08712506e-01
    6.40139818e-01 9.47272778e-03 1.68881714e-02 8.81265581e-01
    9.18702424e-01 1.30039454e-03 8.41668487e-01 6.55175269e-01
    3.74435037e-01 2.03591377e-01 8.25495839e-01 1.85853750e-01
    4.80083466e-01 1.47774637e-01 1.68536127e-01 6.23465478e-02
    3.45256209e-01 6.42676651e-01 8.41281235e-01 3.13115120e-01
    1.17398083e-01 5.21925151e-01 5.78389287e-01 1.52648360e-01
    3.93784136e-01 8.37809801e-01 1.30564302e-01 7.76940346e-01
    6.41589284e-01 5.06658614e-01 9.69496608e-01 4.50832993e-01
    5.11790514e-01 6.53602362e-01 7.97118485e-01 6.60028577e-01
    8.05862844e-01 1.30735040e-02 1.81305796e-01 6.66257977e-01
    5.36755025e-02 5.49340308e-01 6.96667612e-01 4.98384625e-01
    5.27549446e-01 1.03859663e-01 8.73006940e-01 5.10895073e-01
    3.55486274e-01 7.41317153e-01 3.46205682e-01 3.11747283e-01
    6.57113373e-01 9.54693913e-01 3.71651113e-01 7.61634827e-01
    2.72748947e-01 1.87136114e-01 6.16492867e-01 9.93525028e-01
    6.34938180e-02 6.51974559e-01 2.38485307e-01 6.85122013e-02
    3.79980057e-01 6.59142673e-01 1.00669622e-01 6.99637055e-01
    1.61331683e-01 3.68074477e-02 2.23016411e-01 7.95133948e-01
    6.56421304e-01 2.38582164e-01 8.55521202e-01 6.65944874e-01
    7.02804506e-01 4.11114901e-01 6.07608557e-01 2.72796333e-01
    6.70407057e-01 5.90311527e-01 7.37843633e-01 5.10972977e-01
    5.39943337e-01 3.64027619e-02 2.65600979e-01 4.36894298e-02
    3.41950834e-01 4.78538543e-01 3.81760836e-01 9.90585208e-01
    7.37609804e-01 6.04072928e-01 4.00951326e-01 9.31735754e-01
    2.16854125e-01 7.14028299e-01 4.03795809e-01 9.31461453e-02
    9.19530392e-01 2.59383529e-01 9.69077945e-02 4.02118832e-01
    2.80404747e-01 7.20913887e-01 4.04115140e-01 7.04662859e-01
    7.77010322e-02 8.12016726e-01 4.83009815e-01 5.32455742e-01
    2.35152543e-02 5.55214524e-01 9.10601676e-01 1.89381719e-01
    5.69612682e-02 3.16675425e-01 2.67721295e-01 8.79740000e-01
    7.62241781e-02 7.36427665e-01 3.00085843e-02 7.76790082e-01
    9.05996442e-01 7.90591538e-01 9.87532198e-01 1.94691092e-01
    4.89367992e-01 3.63265842e-01 5.70860624e-01 8.32485199e-01
    1.00020140e-01 5.67003489e-01 9.28702235e-01 5.28467476e-01
    5.87744653e-01 3.98814857e-01 8.22724700e-01 2.72385180e-02
    1.05485320e-03 7.57898569e-01 2.90613532e-01 2.43105799e-01
    6.58055782e-01 4.33801293e-01 5.12424767e-01 4.64100480e-01
    3.13242733e-01 8.14642072e-01 1.71328872e-01 4.80635643e-01
    3.09489667e-01 8.94782543e-01 8.25991035e-01 5.01259327e-01
    3.20032239e-03 8.18219543e-01 3.38066727e-01 9.02583241e-01
    9.68613446e-01 2.83963770e-01 4.91573602e-01 2.77577102e-01
    1.83131248e-01 7.24453926e-02 8.29235435e-01 2.77445376e-01
    2.73977578e-01 2.01761365e-01 7.26119637e-01 4.65352178e-01
    8.02800119e-01 4.04850781e-01 1.78135812e-01 4.57272649e-01
    4.97742653e-01 6.47812724e-01 6.14542186e-01 8.57204735e-01
    5.68216503e-01 4.58976179e-01 7.61725545e-01 3.38304937e-02
    2.96324849e-01 5.01060724e-01 9.81962800e-01 3.49174500e-01
    4.32841182e-02 5.58477461e-01 5.95378220e-01 6.23230875e-01
    1.33731097e-01 5.48834443e-01 1.06017441e-01 6.57681823e-01
    1.60417348e-01 3.12650472e-01 7.68114269e-01 6.08591795e-01
    5.66751957e-01 9.54210520e-01 1.70789391e-01 7.85691142e-01
    2.51935065e-01 9.82910037e-01 5.57851493e-01 6.96822703e-02
    2.37729818e-01 2.20623016e-02 8.91017437e-01 2.91674852e-01
    9.22057331e-01 5.15030265e-01 8.26567411e-01 4.10460800e-01
    2.98077464e-01 3.22247326e-01 8.00812125e-01 3.24941337e-01
    8.99641156e-01 2.68275380e-01 6.96960449e-01 4.07537580e-01
    3.03995490e-01 2.78362930e-01 5.77189207e-01 5.18277645e-01
    4.74958748e-01 3.43925059e-01 5.83244622e-01 6.30973876e-01
    3.70232522e-01 5.43710709e-01 7.77153373e-01 3.73378545e-01
    9.49145138e-01 7.13873744e-01 7.45130002e-01 7.64100015e-01
    3.91282499e-01 4.18028831e-01 1.91686630e-01 1.88797832e-01
    2.45527536e-01 5.35115480e-01 1.24539435e-01 9.05207753e-01
    9.70979571e-01 4.62854087e-01 7.59356558e-01 9.14973855e-01
    1.69743419e-01 2.27934927e-01 2.80509442e-01 9.23034072e-01
    4.01795447e-01 5.19072950e-01 2.79636681e-01 1.34831071e-01
    4.58460897e-01 3.87941301e-02 9.18135285e-01 3.13268840e-01
    7.39488006e-03 6.69927895e-02 5.16925156e-01 4.85744745e-01
    7.48915434e-01 1.75207108e-01 1.72476232e-01 6.76783204e-01
    5.85570931e-02 6.47870123e-01 9.08123076e-01 9.03933465e-01
    5.47656000e-01 3.66264999e-01 5.74374199e-03 1.51982993e-01
    8.84140372e-01 2.86832720e-01 1.06949836e-01 9.00079489e-01
    4.88228887e-01 4.32178259e-01 8.54536057e-01 8.87696862e-01
    9.08465087e-02 8.11451793e-01 5.45141757e-01 8.94081831e-01
    9.37979579e-01 8.17145050e-01 3.18710506e-02 4.34330106e-01
    2.05238163e-02 4.50039029e-01 6.42816424e-01 5.46253800e-01
    9.31009889e-01 1.45609647e-01 5.80079615e-01 4.06320274e-01
    6.88876510e-01 5.66097617e-01 2.78987318e-01 5.87562263e-01
    9.26847160e-02 8.69542122e-01 1.33993924e-02 5.28241694e-02
    6.17450535e-01 9.20960069e-01 3.51797938e-02 6.44041896e-02
    4.84815121e-01 4.79345560e-01 3.91697288e-01 9.81259108e-01
    4.38844502e-01 2.24845111e-02 6.31090403e-01 7.85307586e-02
    6.15116477e-01 2.50888526e-01 3.10274959e-01 6.54106736e-01
    7.14465737e-01 4.27284330e-01 1.25046790e-01 5.03626704e-01
    7.55422950e-01 5.71604729e-01 1.30799711e-01 7.67053485e-01
    7.14481115e-01 1.16064012e-01 1.06296718e-01 8.74942660e-01
    1.89720482e-01 1.03510559e-01 5.97002387e-01 7.73416996e-01
    3.96597326e-01 9.87817764e-01 8.66853595e-02 7.45245934e-01
    6.26432657e-01 6.63048267e-01 5.30596495e-01 4.43076879e-01
    6.97264254e-01 9.17711258e-01 5.83589017e-01 2.45226353e-01
    8.31290722e-01 7.51777947e-01 8.26298237e-01 9.46218669e-02
    5.34994006e-01 5.66587329e-01 8.78129363e-01 5.84644079e-01
    1.52529687e-01 8.42320979e-01 9.99610960e-01 1.69917941e-01
    1.15653127e-01 6.23877466e-01 2.02681690e-01 8.45842242e-01
    7.17317581e-01 9.10761774e-01 7.90685415e-02 9.31740761e-01
    4.36043739e-03 4.94923711e-01 7.68034458e-01 6.97873175e-01
    5.22900224e-01 4.39050108e-01 1.44910902e-01 1.26503676e-01
    1.92390770e-01 4.73228991e-01 1.63052738e-01 8.03662062e-01
    1.52416259e-01 8.02558184e-01 5.23736537e-01 4.92387116e-02
    9.85358775e-01 2.92826980e-01 3.31696570e-02 7.96779931e-01
    4.19246256e-01 8.85387719e-01 4.16056126e-01 2.35689759e-01
    1.29196048e-01 2.07072854e-01 8.57975006e-01 5.17154515e-01
    1.26864135e-01 7.92980731e-01 5.92851400e-01 1.03687167e-01
    6.16928935e-03 8.83656621e-01 2.81360745e-03 3.63954931e-01
    8.46811831e-02 5.15472174e-01 7.60439754e-01 6.02871597e-01
    4.61807907e-01 9.83116627e-01 2.31391013e-01 1.92270279e-01
    5.87259054e-01 9.57606196e-01 1.85032219e-01 9.00562882e-01
    7.33074188e-01 7.61064291e-02 7.23137796e-01 7.16695070e-01
    5.65915465e-01 4.75776345e-01 9.38855171e-01 1.52419120e-01
    3.03888083e-01 6.64456546e-01 2.01329589e-01 9.69206393e-01
    6.58353925e-01 5.36340475e-02 1.83011174e-01 8.72715116e-01
    9.16719913e-01 4.00222272e-01 1.99861556e-01 2.36318111e-02
    1.81273371e-01 3.73071283e-01 9.97992277e-01 8.39923024e-01
    3.66182595e-01 3.09072971e-01 5.93776703e-01 4.54596072e-01
    4.99280006e-01 8.71553123e-02 9.05866623e-01 8.43567133e-01
    1.34617239e-01 5.72419524e-01 8.00407529e-02 2.57964790e-01
    7.54478097e-01 9.60337281e-01 9.77476597e-01 3.18232954e-01
    6.29227459e-01 8.94061327e-01 5.41250408e-01 6.84286892e-01
    8.64270806e-01 6.24539971e-01 9.67647433e-01 4.78337109e-01
    9.65932012e-01 8.34998131e-01 7.23151982e-01 4.68053222e-02
    6.74373269e-01 3.78355801e-01 5.53079784e-01 2.18260944e-01
    5.34569144e-01 4.25840586e-01 8.57451677e-01 8.18927824e-01
    1.20479852e-01 1.15018398e-01 4.06024873e-01 4.09178615e-01
    5.36708355e-01 2.75679171e-01 5.14678657e-02 5.29934347e-01
    5.43659627e-02 7.63921380e-01 8.59997034e-01 9.00864124e-01
    8.68603945e-01 7.63475537e-01 8.71265590e-01 6.92893863e-02
    5.46370268e-01 5.89298844e-01 9.02039766e-01 3.70462835e-01
    9.52440202e-02 2.60488629e-01 7.75195956e-01 7.85266399e-01
    6.13690019e-01 2.28563994e-01 2.26698816e-02 1.46179646e-01
    5.14587522e-01 8.63161087e-01 4.32927489e-01 8.24518442e-01
    1.53730452e-01 3.23244005e-01 9.86610293e-01 6.69419646e-01
    5.81106544e-01 7.77763128e-01 3.76159549e-01 8.48986864e-01
    9.94057119e-01 6.57144547e-01 1.82156563e-02 6.80602312e-01
    9.83125865e-02 1.84731185e-01 8.39233994e-01 1.08719528e-01
    9.49664712e-01 8.30387235e-01 2.81629562e-02 6.60331488e-01
    9.97626483e-01 8.07733536e-01 2.13002831e-01 3.00071597e-01
    9.33652818e-02 8.04826736e-01 1.04181200e-01 1.81991696e-01
    2.49783754e-01 1.08927310e-01 1.06353283e-01 2.40146965e-01
    9.69836116e-01 2.18504250e-01 6.31226182e-01 1.61981255e-01
    6.41934633e-01 7.59151280e-02 6.43123567e-01 9.37764764e-01
    6.62401676e-01 6.05187237e-01 7.90059209e-01 3.63491058e-01
    5.87888956e-01 2.38886863e-01 2.13208377e-01 2.21168488e-01
    1.65263385e-01 4.61010277e-01 5.94963551e-01 6.34130776e-01
    6.83774114e-01 8.07478905e-01 8.95973444e-01 1.59974068e-01
    3.76802146e-01 2.24804491e-01 4.80454475e-01 3.11141551e-01
    6.82189226e-01 6.78888261e-01 2.15421081e-01 7.28598833e-01
    8.70157182e-02 3.58541489e-01 8.50311041e-01 6.76048994e-01
    5.16704917e-02 4.99848366e-01 4.61708993e-01 3.48168850e-01
    7.66099155e-01 1.62100106e-01 1.25011206e-02 4.81424332e-02
    7.19428420e-01 4.87715155e-01 2.70925641e-01 5.00560641e-01
    4.03591812e-01 7.00408578e-01 6.04508698e-01 2.42058605e-01
    1.52852625e-01 5.78906894e-01 8.84625912e-02 6.08617604e-01
    5.74874282e-01 6.28732741e-01 5.66801906e-01 2.85674214e-01
    5.86686492e-01 9.77500021e-01 1.69793665e-01 9.87935603e-01
    8.08398485e-01 2.97568560e-01 4.75236475e-01 4.50227559e-01
    5.29476583e-01 6.52545333e-01 6.66000068e-01 4.54395413e-01
    9.47967649e-01 1.46354586e-01 9.21796441e-01 1.56938881e-01
    5.58928251e-01 1.27967268e-01 2.30986714e-01 7.37400591e-01
    8.04996550e-01 6.37457371e-02 6.10574782e-02 5.92528224e-01
    6.35536253e-01 8.42453361e-01 1.60515308e-03 7.42305458e-01
    6.62116170e-01 8.71715963e-01 3.57980669e-01 9.26404476e-01
    5.77620089e-01 1.42892838e-01 3.39796841e-01 4.13155377e-01
    7.90949047e-01 4.63173866e-01 4.38995361e-01 9.05429840e-01
    7.58497119e-01 8.27983439e-01 3.63800824e-01 5.18522322e-01
    1.71610951e-01 6.19924247e-01 2.88869351e-01 7.78963447e-01
    7.57260442e-01 3.68561715e-01 4.41703647e-01 8.78472447e-01
    9.54947352e-01 8.86479795e-01 8.57888341e-01 4.02632117e-01
    7.84649968e-01 7.95061350e-01 2.58811653e-01 6.02905393e-01
    8.19624662e-01 8.08823705e-02 7.71990120e-01 5.70334613e-01
    7.83898473e-01 4.92725313e-01 5.33958018e-01 3.05615962e-02
    4.65651512e-01 1.46203727e-01 7.65916824e-01 6.65126383e-01
    2.03025967e-01 3.25339586e-01 6.02358460e-01 2.57983923e-01
    6.21041536e-01 6.94763303e-01 7.15051532e-01 3.22661281e-01
    3.95018697e-01 1.55806750e-01 9.18244243e-01 6.85890436e-01
    2.43424982e-01 3.89247656e-01 8.33661795e-01 7.05836773e-01
    4.63717699e-01 2.92860061e-01 6.92127347e-02 6.84621692e-01
    2.93803215e-01 3.52125406e-01 1.35739475e-01 3.64888638e-01
    1.27741247e-01 6.09316230e-01 1.82444692e-01 7.50679910e-01
    6.06434882e-01 2.26672679e-01 4.13867056e-01 8.43619943e-01
    8.49145234e-01 2.45579511e-01 5.67134619e-02 8.62008333e-01
    9.13193762e-01 4.52116817e-01 9.54337418e-01 9.71007645e-01
    2.53566206e-01 5.77031851e-01 1.50899708e-01 8.88764501e-01
    2.98028290e-01 2.71042913e-01 5.11675239e-01 4.63845313e-01
    2.85373002e-01 5.19314766e-01 6.68469071e-01 6.57740235e-01
    2.36904234e-01 2.87803203e-01 8.01008344e-01 9.15885925e-01
    3.28528583e-01 2.64861375e-01 3.44037503e-01 7.29208350e-01
    3.16980124e-01 5.83346009e-01 8.83950591e-02 6.82151496e-01
    5.48582435e-01 2.20946401e-01 2.48156041e-01 2.73066461e-01
    3.14796805e-01 7.67454386e-01 5.60460806e-01 7.48547494e-01
    1.13311708e-01 3.52418125e-02 5.69716096e-03 8.72125506e-01
    1.98194742e-01 4.55302864e-01 9.13873851e-01 8.96612883e-01
    3.85523796e-01 1.92055136e-01 2.48193413e-01 2.51769364e-01
    5.74792981e-01 2.78307498e-01 7.19917297e-01 8.13112020e-01
    7.27235734e-01 7.37065077e-01 1.85420334e-01 4.80577290e-01
    7.35527933e-01 2.49111623e-01 6.17144883e-01 6.05016470e-01
    5.11099100e-02 4.07064855e-02 4.42479551e-02 6.09030128e-01
    8.43243718e-01 6.14100695e-01 6.63481355e-02 4.22304571e-02
    9.74213541e-01 8.67425919e-01 5.04498959e-01 3.19404125e-01
    1.45902127e-01 7.11350977e-01 9.92498875e-01 6.58255696e-01
    6.30228400e-01 8.33364010e-01 6.32196665e-04 8.62310052e-01
    3.22658747e-01 6.82831645e-01 4.98848826e-01 4.06699181e-01
    5.13744354e-01 3.75476718e-01 4.26818579e-01 6.17441416e-01
    8.80586743e-01 2.58903593e-01 1.61591411e-01 5.79011261e-01
    1.98990613e-01 4.65786129e-01 1.31004184e-01 1.33841366e-01
    6.56176448e-01 4.66397196e-01 2.31770009e-01 5.57574928e-02
    7.28551269e-01 3.44759881e-01 1.47039384e-01 8.56996536e-01
    5.65170586e-01 7.12519109e-01 1.41558647e-01 3.84543866e-01
    6.18235767e-01 3.41872573e-01 8.68464231e-01 5.00220358e-02
    8.91874075e-01 8.08516741e-01 3.29534233e-01 9.92659450e-01
    1.83030665e-01 1.14189386e-01 5.62161207e-01 3.18022370e-02
    4.48265612e-01 2.39235938e-01 4.79793310e-01 7.37433791e-01
    6.00176871e-01 3.72816026e-02 2.55897462e-01 6.91519022e-01
    7.33807683e-03 2.23993391e-01 1.07475549e-01 6.24096274e-01
    1.23635381e-01 9.27694321e-01 4.32326525e-01 9.84731317e-01
    1.90739781e-01 1.06153250e-01 7.20609009e-01 5.82321107e-01
    4.23876077e-01 3.04325163e-01 9.78971243e-01 5.61649144e-01
    9.37058449e-01 1.64388895e-01 2.66878247e-01 5.79144359e-01
    2.02978492e-01 4.80851173e-01 9.23336506e-01 7.32356906e-01
    2.43477821e-02 2.91890323e-01 8.27371776e-02 9.61700320e-01
    3.37786317e-01 7.31917202e-01 2.94474065e-02 6.93458796e-01
    4.19137478e-01 1.47726685e-01 3.95097345e-01 6.40356898e-01
    3.22319925e-01 5.94444036e-01 8.33671987e-01 6.11333311e-01
    3.39870811e-01 5.99415064e-01 2.83227026e-01 3.98388267e-01
    1.76423550e-01 8.35585713e-01 7.90082097e-01 7.58067846e-01
    4.59819824e-01 9.69810009e-01 7.98852801e-01 7.12729096e-01
    8.00923467e-01 9.57797647e-01 1.59630001e-01 6.22947276e-01
    1.09368563e-03 8.31232011e-01 1.41625404e-01 4.53830421e-01
    4.81511027e-01 6.40095532e-01 6.85951591e-01 6.26057506e-01
    2.39790261e-01 4.38952059e-01 9.23598468e-01 5.52159369e-01
    3.21285218e-01 9.36626434e-01 9.85009849e-01 3.11812341e-01
    2.39215493e-02 8.35673273e-01 2.20476061e-01 8.88412356e-01
    3.89551640e-01 5.78890920e-01 7.43876219e-01 5.99191427e-01
    4.18902665e-01 3.73619616e-01 9.49180543e-01 3.36547732e-01
    6.67605162e-01 9.94952798e-01 9.05300081e-01 4.17028189e-01
    7.14266121e-01 3.60694110e-01 7.13255167e-01 4.95870292e-01
    1.84736997e-01 4.57752943e-01 6.83547854e-02 3.34918499e-04
    7.68743038e-01 5.64402878e-01 9.63505626e-01 6.30813718e-01
    2.94221640e-02 5.20730734e-01 5.87082267e-01 9.08737421e-01
    2.41147697e-01 2.34958529e-03 4.10122246e-01 8.29398513e-01
    7.49255896e-01 4.01390404e-01 9.62989211e-01 8.92871380e-01
    6.55088127e-01 7.59405375e-01 7.10828424e-01 1.37106180e-02
    8.30816627e-01 3.49917412e-01 6.83623254e-01 1.80152863e-01
    8.02124918e-01 4.42263782e-01 3.49608123e-01 5.74180245e-01
    8.68993163e-01 6.72510684e-01 9.48418975e-01 7.92698979e-01
    8.06766927e-01 2.37144291e-01 3.28207493e-01 6.03968143e-01
    7.14416325e-01 2.32986808e-02 6.94958925e-01 6.84728444e-01
    9.36467528e-01 3.17462564e-01 2.62318492e-01 3.40679497e-01
    7.34199643e-01 2.98680604e-01 8.78957748e-01 2.10234106e-01
    3.25097561e-01 3.01567256e-01 9.30858016e-01 7.65945494e-01
    7.02365458e-01 5.60393751e-01 9.76425290e-01 2.74988651e-01
    7.03126431e-01 4.06985790e-01 3.80213410e-01 6.63636804e-01
    8.60429406e-02 4.69340354e-01 3.70495021e-01 6.54206991e-01
    9.37580347e-01 4.31970209e-01 7.81547427e-01 5.55720448e-01
    2.85012901e-01 7.63570189e-01 7.40288973e-01 7.68244863e-01
    7.10129142e-01 9.45435762e-02 1.01035744e-01 4.88931507e-01
    3.94390136e-01 8.06530535e-01 3.34126294e-01 9.72536564e-01
    9.65788245e-01 2.14855909e-01 7.64283061e-01 9.70425427e-01
    5.23855567e-01 9.80632186e-01 7.16883242e-01 8.67216110e-01
    2.93139756e-01 4.66591299e-01 3.57381165e-01 2.14982510e-01
    6.30335212e-01 3.20254147e-01 8.17259908e-01 5.95901191e-01
    3.90432566e-01 8.34068656e-01 4.35207188e-02 6.54338479e-01
    2.14311779e-02 4.38309550e-01 6.85737610e-01 5.85780084e-01
    5.85157335e-01 6.63622141e-01 6.14885569e-01 3.89985859e-01
    7.22817302e-01 3.18059057e-01 3.27234060e-01 4.43944931e-02
    5.33509612e-01 1.65807128e-01 6.62663460e-01 9.74892378e-01
    8.94936383e-01 4.81766850e-01 3.03833663e-01 7.69082665e-01
    3.15460414e-01 3.80964071e-01 4.25966591e-01 3.58711869e-01
    5.95735431e-01 9.90294933e-01 2.88612694e-01 2.53961861e-01
    9.70641196e-01 2.36498952e-01 2.43523568e-01 9.90705490e-02
    2.46408254e-01 6.95024133e-01 4.87849116e-02 4.07397002e-01
    7.29418576e-01 4.06587958e-01 6.12945259e-01 7.33137190e-01
    8.50762129e-01 5.81241965e-01 1.17085129e-01 7.91287422e-01
    3.15990537e-01 7.82762289e-01 9.10351157e-01 6.34181857e-01
    2.76579618e-01 1.77091658e-02 1.36948019e-01 4.48610604e-01
    2.66762227e-01 6.79045081e-01 7.15482235e-01 9.24863577e-01
    9.94127750e-01 8.13750029e-02 3.95586252e-01 4.33950514e-01
    8.05161238e-01 9.95526195e-01 7.26587772e-01 7.77744651e-01
    4.00309145e-01 1.90259755e-01 2.73140699e-01 7.66017735e-02
    1.79232627e-01 1.71218514e-02 2.36732095e-01 4.91258234e-01
    4.27780539e-01 3.10790330e-01 2.25838780e-01 1.02748215e-01
    3.39214921e-01 5.82982659e-01 4.36201990e-01 5.89576423e-01
    1.02846861e-01 3.26742589e-01 5.95405102e-02 2.79589891e-02
    8.21949184e-01 4.77800071e-02 9.44491625e-02 5.26358783e-01
    5.85635185e-01 6.84628963e-01 9.12880123e-01 3.53162050e-01
    9.31562185e-01 3.58165771e-01 3.78574044e-01 6.10437036e-01
    5.72497725e-01 7.32945502e-01 1.50574744e-01 4.30124044e-01
    9.76701260e-01 7.43357480e-01 9.85414743e-01 1.35214061e-01
    3.72174114e-01 9.73094285e-01 7.83122301e-01 7.83398509e-01
    7.82602549e-01 6.05941236e-01 4.70164210e-01 7.26069212e-01
    4.03907478e-01 7.80079126e-01 9.96820450e-01 4.77578640e-02
    8.22534561e-01 3.62786949e-02 7.24602699e-01 9.69452858e-02
    8.67983103e-01 9.31909800e-01 3.09511393e-01 5.52114666e-01
    2.07773507e-01 1.96238786e-01 5.59249282e-01 1.33157462e-01
    2.94333696e-01 8.03052187e-01 4.83547747e-01 6.90696239e-02
    1.88982129e-01 4.47298288e-01 3.74721467e-01 4.93711531e-02
    6.57701075e-01 7.80398250e-01 5.55855989e-01 3.94818008e-01
    5.75555265e-01 5.17454267e-01 9.35904860e-01 3.35071594e-01
    1.09417289e-01 2.30002910e-01 2.69987494e-01 4.07401949e-01
    6.76163673e-01 1.93154305e-01 5.82930088e-01 1.79529488e-01
    9.76528406e-01 8.58953893e-02 3.42138290e-01 9.65875506e-01
    2.47964501e-01 2.26029843e-01 6.18412793e-01 4.50437993e-01
    4.45309490e-01 1.58750743e-01 1.56693369e-01 2.38965422e-01
    5.92657924e-01 6.24074519e-01 1.85358286e-01 3.42361271e-01
    4.11066920e-01 3.59374046e-01 1.36011153e-01 9.84968543e-01
    3.35537553e-01 5.98174274e-01 9.84239280e-02 5.41673601e-02
    5.99611819e-01 7.15565801e-01 5.63367963e-01 7.93541372e-02
    8.49107504e-02 2.54078418e-01 9.95569885e-01 6.27403557e-01
    3.23446631e-01 6.93829179e-01 9.88382578e-01 4.56403792e-02
    5.85360169e-01 4.64990586e-01 8.13038349e-01 9.31493700e-01
    9.39276993e-01 7.75553942e-01 8.88029635e-01 5.44196248e-01
    5.44540942e-01 1.77872479e-02 1.23361737e-01 3.41748357e-01
    2.00801402e-01 1.73087984e-01 5.11315763e-01 1.84436977e-01
    4.55961436e-01 2.03279138e-01 3.09795022e-01 2.87763536e-01
    2.72951365e-01 5.02563894e-01 5.80816150e-01 1.02868229e-01
    6.62004530e-01 1.22811854e-01 2.33935356e-01 9.62724805e-01
    9.90128279e-01 8.59149873e-01 3.03177416e-01 3.98704112e-01
    9.21374798e-01 1.72551841e-01 7.89414525e-01 7.90080905e-01
    6.73625171e-02 4.71006662e-01 1.84834808e-01 6.32260561e-01
    9.71726656e-01 7.44982064e-02 4.42763239e-01 1.44330680e-01
    6.99765682e-01 3.84441406e-01 8.60380530e-01 1.64979249e-01
    5.06396949e-01 2.70372629e-03 9.62991595e-01 6.78327084e-01
    4.99610901e-01 6.10535622e-01 4.74084795e-01 8.32720995e-01
    1.40416116e-01 1.93127781e-01 3.93336207e-01 5.49033940e-01
    7.28857040e-01 1.28758967e-01 7.55826473e-01 8.20810199e-01
    9.71486211e-01 3.85950476e-01 4.69714701e-02 3.03296179e-01
    4.19593394e-01 2.13905156e-01 4.13264632e-01 1.05481416e-01
    5.71826577e-01 4.19334948e-01 4.35384512e-02 3.99166226e-01
    4.72700089e-01 6.65526152e-01 5.74246049e-01 8.96623969e-01
    1.58492327e-02 1.66061223e-02 5.23577034e-01 4.55271363e-01
    4.28740144e-01 2.89218009e-01 5.36862850e-01 4.35280502e-01
    2.36962140e-01 7.72386611e-01 7.58304358e-01 5.16542494e-01
    7.15938926e-01 3.38488460e-01 7.32338011e-01 8.76923561e-01
    7.27860451e-01 7.35282898e-01 5.85558295e-01 1.43041402e-01
    5.94389021e-01 6.62857711e-01 6.94466829e-01 4.72663283e-01
    9.36022162e-01 2.72711217e-01 2.55566239e-01 3.74701947e-01
    5.61507165e-01 1.91329569e-01 4.44057733e-01 4.39451277e-01
    8.46893668e-01 3.35126698e-01 3.30240488e-01 7.04026818e-02
    4.83791143e-01 3.31019282e-01 9.06913400e-01 6.64533377e-01
    3.68847132e-01 5.82202435e-01 9.20249939e-01 2.21135944e-01
    6.57914460e-01 8.25646639e-01 5.19221425e-01 3.85778278e-01
    6.63435459e-02 2.70715237e-01 4.41430777e-01 7.62861431e-01
    9.87382293e-01 8.03368688e-01 9.98544812e-01 7.05972314e-01
    4.10098195e-01 3.60847414e-01 3.50455284e-01 5.22916675e-01
    1.09348625e-01 8.38127792e-01 8.93351436e-03 3.73688787e-01
    7.74722815e-01 1.32936299e-01 1.87678576e-01 4.80804950e-01
    4.35271114e-01 2.77003706e-01 4.12357271e-01 2.08712161e-01
    6.17601514e-01 1.65326089e-01 7.18871117e-01 3.75120997e-01
    2.83356816e-01 2.51187563e-01 7.25988746e-02 7.49895990e-01
    5.46494246e-01 6.03406489e-01 8.34677219e-01 2.15332508e-02
    7.57822812e-01 8.74433637e-01 8.18860173e-01 2.24438637e-01
    3.83056372e-01 1.61641240e-02 9.18455005e-01 5.33875346e-01
    5.00503421e-01 6.54315412e-01 6.10502660e-01 1.81747168e-01
    6.99804187e-01 4.01812255e-01 8.24375629e-01 8.25765312e-01
    7.23362744e-01 7.52044916e-01 7.71225691e-01 5.38738728e-01
    7.40837574e-01 9.92858708e-01 1.77873522e-01 5.91230929e-01
    4.45697278e-01 8.20181489e-01 2.29715198e-01 1.03166789e-01
    3.31881225e-01 8.81353736e-01 6.78838730e-01 9.53658938e-01
    9.74743426e-01 5.35443842e-01 3.09386879e-01 4.66638654e-01
    4.57339764e-01 8.53245854e-01 4.07748431e-01 3.89066517e-01
    9.46143806e-01 7.06153631e-01 8.42129230e-01 1.74993724e-01
    3.81510824e-01 4.80595529e-01 6.03287220e-01 6.16732478e-01
    2.25283265e-01 1.75382853e-01 1.51902914e-01 2.70906955e-01
    9.16825652e-01 4.37920362e-01 9.68136668e-01 7.84334660e-01
    9.09517407e-01 3.21807981e-01 2.36964822e-01 7.44008243e-01
    7.11952031e-01 5.74388921e-01 8.43756318e-01 1.94529206e-01
    9.16091323e-01 5.30369878e-02 4.15592045e-01 6.98745191e-01
    3.12014163e-01 3.46049458e-01 5.89049876e-01 3.39374721e-01
    9.46708977e-01 7.82034397e-01 8.01073492e-01 3.95446718e-01
    1.85800821e-01 9.96668935e-02 6.30201757e-01 7.91296363e-01
    6.53489053e-01 3.06546956e-01 4.06870812e-01 6.21679723e-02
    8.56733918e-02 9.18327868e-01 7.64050484e-01 2.80026317e-01
    6.01324618e-01 5.03901243e-01 2.63128489e-01 4.70959008e-01
    6.26481533e-01 1.91545218e-01 1.07248425e-02 4.15082276e-01
    6.81794882e-01 2.04605252e-01 7.32608497e-01 4.40332413e-01
    4.09687728e-01 3.28857303e-02 5.05746722e-01 7.83652902e-01
    4.78661656e-01 5.70587456e-01 4.46042985e-01 9.99147415e-01
    4.06873226e-02 7.83874393e-01 2.14581221e-01 4.39825922e-01
    3.69340330e-01 1.11694545e-01 1.69766247e-02 1.24669343e-01
    8.45135927e-01 6.11663520e-01 2.04966962e-01 1.63821816e-01
    3.60119402e-01 5.30133784e-01 3.22408646e-01 1.07448637e-01
    2.59667575e-01 2.86221206e-02 9.56378579e-01 7.65460134e-01
    3.63417387e-01 2.24140108e-01 2.64838934e-01 9.88589764e-01
    9.43113506e-01 1.74176574e-01 8.78587782e-01 2.63369709e-01
    5.27535737e-01 4.10676301e-01 1.31672442e-01 9.83015180e-01
    1.59164637e-01 7.86193609e-02 3.12444657e-01 7.70078540e-01
    3.43210727e-01 9.63185668e-01 5.77025056e-01 3.98080736e-01
    1.56816870e-01 5.22923768e-02 8.66611362e-01 4.48687851e-01
    2.33091146e-01 1.13814563e-01 1.22249067e-01 6.95124447e-01
    8.61526728e-01 2.17255980e-01 9.08112824e-02 1.60557300e-01
    9.87325132e-01 3.44185829e-01 5.04571676e-01 4.07546729e-01
    6.70553148e-01 4.49339420e-01 6.45809412e-01 2.31581241e-01
    3.68304491e-01 6.35642111e-01 1.91746354e-01 1.68082416e-02
    2.63357818e-01 7.21292913e-01 6.04736328e-01 9.29581046e-01
    3.38852406e-01 7.84483194e-01 6.02742672e-01 6.11417770e-01
    3.40240031e-01 2.64020264e-02 6.14803255e-01 3.69090438e-02
    9.49018419e-01 5.85091293e-01 2.75213957e-01 8.74067664e-01
    7.49538898e-01 7.37971961e-01 5.13936937e-01 6.49801195e-01
    4.97001022e-01 8.89923930e-01 8.30799699e-01 9.08733249e-01
    3.01893651e-01 2.57811815e-01 4.32904899e-01 1.80567801e-01
    8.37679684e-01 5.51574111e-01 5.82182050e-01 7.81274199e-01
    3.46440017e-01 9.62168455e-01 6.16686344e-01 1.35025352e-01
    8.53023112e-01 3.12914848e-01 3.88077646e-01 6.31547987e-01
    9.31648731e-01 2.42716312e-01 9.10442173e-02 4.00159597e-01
    2.85497904e-01 5.86977184e-01 9.51784551e-02 8.01487803e-01
    1.25394464e-02 5.98576963e-02 8.06004405e-01 5.56109011e-01
    5.11595309e-02 8.20918679e-01 5.32849371e-01 5.94285607e-01
    7.21461356e-01 6.26994312e-01 8.51862907e-01 3.39680344e-01
    6.42609835e-01 8.43408883e-01 9.44710970e-02 2.15093791e-02
    6.91210866e-01 5.80526590e-02 5.78975677e-02 5.71470976e-01
    3.77950490e-01 6.48007572e-01 7.37983108e-01 7.16941118e-01
    2.08419025e-01 6.45980060e-01 9.83158708e-01 4.34057117e-02
    9.24668193e-01 5.33788502e-02 6.23425961e-01 8.69788766e-01
    7.21738517e-01 9.83366311e-01 8.25123787e-01 2.37730831e-01
    2.44769752e-02 3.43257487e-01 1.84098810e-01 8.41331124e-01
    2.34244317e-01 2.69755423e-02 8.14919949e-01 8.09466422e-01
    4.09408987e-01 9.19791102e-01 6.27152085e-01 3.95970047e-01
    2.31011510e-01 5.16428709e-01 4.06270236e-01 2.15690315e-01
    8.05688024e-01 2.37145722e-02 4.16835308e-01 1.24514461e-01
    8.30045521e-01 8.91094089e-01 9.84376073e-01 8.70382190e-02
    1.55465603e-02 4.35970128e-02 5.23082912e-01 1.69386119e-01
    4.89093453e-01 3.25162768e-01 7.83590078e-01 6.85962856e-01
    3.15608054e-01 1.93903446e-01 3.47826570e-01 9.38381076e-01
    8.24712455e-01 5.34805477e-01 5.25355577e-01 4.20721173e-01
    9.07894969e-01 8.89481604e-01 5.71767747e-01 6.76367640e-01
    1.42597228e-01 2.87978172e-01 7.36299932e-01 1.62330061e-01
    5.15441060e-01 1.58646643e-01 2.98103064e-01 4.24391776e-01
    7.92073846e-01 3.27543080e-01 9.41460133e-01 3.73077095e-01
    8.66187811e-02 8.78459513e-02 1.39715731e-01 9.90658164e-01
    8.74868870e-01 1.44284606e-01 1.74389005e-01 7.80696452e-01
    1.25367314e-01 8.93133879e-03 1.28120452e-01 6.78346992e-01
    9.64785933e-01 8.11455727e-01 3.99429440e-01 7.90303707e-01
    1.77988678e-01 9.20354128e-01 4.87890661e-01 3.25942218e-01
    4.11741734e-01 4.51662689e-01 2.67993629e-01 5.33048511e-01
    2.76681662e-01 2.13684678e-01 7.17689395e-01 4.37574476e-01
    9.82642055e-01 7.79154301e-01 9.32021737e-01 8.31154943e-01
    9.50371027e-01 3.75245690e-01 6.18566632e-01 9.98667061e-01
    7.57560730e-01 2.50347883e-01 3.34912628e-01 8.40581656e-01
    4.47884917e-01 8.43149483e-01 5.99371910e-01 9.31232095e-01
    1.15683436e-01 1.17180377e-01 9.83616114e-01 1.33651137e-01
    8.12143087e-03 9.82701063e-01 4.35732037e-01 3.11207652e-01
    8.99617851e-01 2.59051204e-01 2.53949344e-01 3.70894611e-01
    5.79245687e-02 8.87139320e-01 9.70348716e-02 8.50133598e-02
    3.40808392e-01 2.51601160e-01 9.55675125e-01 7.89833665e-02
    7.25841761e-01 7.70345509e-01 8.54241669e-01 7.82559395e-01
    1.16281211e-02 9.54265118e-01 7.42788851e-01 8.13616455e-01
    9.32090163e-01 9.66331959e-01 2.53430456e-01 7.42367864e-01
    4.82493639e-01 7.51667202e-01 1.66827112e-01 8.30497861e-01
    8.27856004e-01 7.81658411e-01 6.55704737e-02 6.67818785e-02
    5.71014583e-02 2.30890095e-01 3.91879022e-01 5.07508278e-01
    8.48277092e-01 4.90745038e-01 1.89129114e-02 1.23267204e-01
    6.40695810e-01 6.62671447e-01 2.75344342e-01 5.25264144e-01
    9.49422836e-01 9.06939030e-01 5.88274002e-01 5.36221564e-01
    4.69568461e-01 3.62299323e-01 4.83049035e-01 9.30244207e-01
    3.53594899e-01 9.93095696e-01 9.80062783e-02 3.79618853e-01
    7.16456175e-01 7.23537207e-02 2.27143884e-01 3.41914594e-02
    9.72114563e-01 2.74556279e-02 2.28038967e-01 5.48310697e-01
    2.18083113e-01 5.56929886e-01 5.57869494e-01 6.46616995e-01
    5.63809514e-01 1.49619311e-01 8.57010126e-01 2.60527849e-01
    3.16162378e-01 8.29102099e-02 3.27544332e-01 9.98566628e-01
    5.31525016e-01 2.01527864e-01 1.35494679e-01 8.79960835e-01
    5.37048757e-01 3.81543100e-01 7.26743340e-01 6.69571757e-01
    6.40941858e-01 2.16219962e-01 6.15711629e-01 2.38809735e-01
    2.31702924e-01 8.54848146e-01 3.67546201e-01 3.28115106e-01
    2.16604322e-01 8.40232849e-01 1.09974116e-01 4.82734680e-01
    7.87353635e-01 3.58473688e-01 3.05422127e-01 9.29530740e-01
    7.46856034e-02 6.59879148e-01 5.74975729e-01 9.82966661e-01
    6.12638474e-01 7.46166050e-01 8.70566487e-01 5.88356674e-01
    3.24050426e-01 6.52009666e-01 2.37624705e-01 7.23417819e-01
    7.57391810e-01 9.43191767e-01 5.37821710e-01 8.66581619e-01
    6.07566059e-01 2.27188766e-02 6.81593180e-01 9.53858376e-01
    1.66145921e-01 1.21796429e-01 3.71188939e-01 1.77801728e-01
    8.33195150e-02 4.96676296e-01 5.40155172e-01 9.84313011e-01
    8.70853066e-01 3.36923301e-01 2.34398335e-01 4.70874161e-01
    3.15316677e-01 2.64287591e-01 9.73330617e-01 2.48493493e-01
    5.76587796e-01 9.70168233e-01 5.32738864e-01 2.23162830e-01
    2.13482946e-01 7.98865080e-01 4.37499315e-01 8.32165003e-01
    2.62113929e-01 9.68703032e-01 7.55259514e-01 2.70808995e-01
    1.97084278e-01 4.82348800e-02 1.14753336e-01 5.38843274e-01
    8.54258418e-01 3.48378360e-01 8.13331366e-01 1.03656411e-01
    3.02392483e-01 5.34334064e-01 3.49785477e-01 8.35330486e-01
    3.14042211e-01 6.33152008e-01 1.58435434e-01 6.59990489e-01
    3.31008852e-01 9.90505815e-01 1.50457114e-01 7.58938849e-01
    9.71807361e-01 7.24338293e-01 2.35255957e-02 5.78948975e-01
    1.57560706e-02 3.66874933e-01 5.95631301e-01 2.82924414e-01
    1.55563235e-01 7.36266255e-01 3.45759541e-01 5.28767824e-01
    6.92765415e-02 6.73536360e-02 2.42951661e-01 4.37274396e-01
    5.31119406e-01 3.11762094e-01 6.69757307e-01 7.25952208e-01
    7.31940150e-01 6.72537088e-01 6.26983106e-01 3.16587806e-01
    3.84267807e-01 9.45666015e-01 9.61324871e-01 9.39535260e-01
    4.08929795e-01 4.86361295e-01 9.60141063e-01 4.76124585e-01
    4.40056324e-02 1.81960911e-01 3.64031017e-01 9.64084864e-01
    3.88357878e-01 2.24997550e-01 2.10932702e-01 8.94357443e-01
    9.16911662e-02 5.25131524e-02 4.78678465e-01 8.68553698e-01
    6.86325312e-01 8.75157595e-01 7.35487700e-01 4.39160854e-01
    6.73632920e-01 4.70860183e-01 1.33462995e-01 4.31010008e-01
    3.59656930e-01 7.13814497e-01 8.36834610e-01 4.95179504e-01
    8.04950595e-02 5.20299911e-01 8.86679649e-01 1.42382950e-01
    8.35257053e-01 5.22518814e-01 2.67222881e-01 3.03794831e-01
    1.26604676e-01 4.58836526e-01 7.11194396e-01 2.32722580e-01
    3.63628983e-01 2.20640481e-01 2.67265260e-01 9.99627113e-01
    8.02067280e-01 9.50994611e-01 7.61247754e-01 4.33656186e-01
    8.18869472e-01 7.31554449e-01 6.31367922e-01 3.61383259e-02
    4.89427596e-01 2.37104088e-01 4.35555309e-01 9.24657226e-01
    6.34080410e-01 2.15531886e-02 5.20476699e-02 3.15054238e-01
    8.98411989e-01 6.90826595e-01 2.68076062e-01 8.38576794e-01
    6.41606033e-01 3.22449476e-01 8.54562044e-01 7.37724066e-01
    6.43025160e-01 8.16019416e-01 9.35370982e-01 9.17761803e-01
    5.38562894e-01 9.59754348e-01 7.61561275e-01 9.39795852e-01
    4.33953643e-01 6.34979308e-01 9.78364289e-01 9.43543196e-01
    3.57102215e-01 1.88409388e-01 1.56710029e-01 4.80192006e-02
    6.02891982e-01 5.44711709e-01 1.58769995e-01 8.36480975e-01
    5.25006235e-01 8.98905516e-01 1.57728046e-01 4.32806164e-01
    7.86380172e-02 3.21751952e-01 4.39648390e-01 4.98017043e-01
    8.58397484e-02 3.16258192e-01 6.06052399e-01 3.46294224e-01
    3.90096575e-01 2.66785294e-01 6.87687218e-01 5.44271350e-01
    4.81265485e-01 9.31119084e-01 8.85636806e-02 4.02682126e-02
    5.32767534e-01 6.29387558e-01 8.98496628e-01 8.36955309e-01
    7.74836659e-01 7.96931386e-02 6.96638048e-01 7.45036125e-01
    2.83704191e-01 9.24856365e-01 8.87101531e-01 3.83463264e-01
    6.29897654e-01 9.38710868e-01 7.02843130e-01 9.41942096e-01
    7.78584361e-01 5.01172602e-01 2.65373051e-01 4.40346718e-01
    7.46522546e-01 5.07504642e-02 1.45589411e-01 3.92045736e-01
    1.57577842e-01 9.16882992e-01 9.18344736e-01 1.90055728e-01
    6.48316503e-01 3.19616199e-01 9.01776254e-01 3.86158079e-01
    4.78318036e-01 4.40339833e-01 2.32846349e-01 5.55516839e-01
    6.59814954e-01 8.24271560e-01 3.62396240e-02 9.67657804e-01
    1.99088842e-01 5.63872516e-01 9.17949677e-01 6.26496434e-01
    7.40892172e-01 9.20804739e-02 3.17228436e-01 3.07440102e-01
    7.09749281e-01 9.61400509e-01 2.20953614e-01 4.57927525e-01
    1.58059448e-01 9.93625522e-01 3.21842700e-01 5.77365816e-01
    5.45730531e-01 2.35059559e-01 8.72726560e-01 3.92224848e-01
    2.48729318e-01 8.67550969e-02 6.94063306e-01 4.96735573e-02
    4.61709827e-01 3.78096104e-01 6.83432758e-01 9.83137488e-01
    8.40172291e-01 8.92304778e-01 7.39945173e-01 8.87997329e-01
    8.51528764e-01 4.93731141e-01 8.40904415e-02 7.80580521e-01
    2.38171458e-01 6.73540115e-01 3.02118778e-01 8.70304704e-01
    6.45126581e-01 3.80801857e-01 3.14028859e-01 6.69645488e-01
    2.21901625e-01 8.77084792e-01 8.23286057e-01 4.96497691e-01
    7.93289304e-01 9.81894553e-01 3.96076798e-01 3.98899287e-01
    5.81943035e-01 7.10870624e-02 6.97142363e-01 9.30949748e-01
    6.40882611e-01 1.37031138e-01 5.18399000e-01 9.31582093e-01
    9.76863086e-01 5.06728113e-01 1.51418358e-01 9.60858703e-01
    4.36916292e-01 1.93358243e-01 2.58774400e-01 3.28220904e-01
    5.48040152e-01 1.36801034e-01 2.16285527e-01 6.73329353e-01
    7.44392633e-01 2.69968390e-01 1.56482190e-01 1.40982091e-01
    2.47700095e-01 9.61641729e-01 1.96927339e-01 1.07382089e-01
    5.65910280e-01 3.72897983e-01 1.87664896e-01 1.29754722e-01
    2.03444690e-01 5.66181958e-01 1.92045271e-02 6.34667277e-01
    8.78316760e-01 9.06025112e-01 4.42609936e-01 1.71937078e-01
    1.04903549e-01 9.57738400e-01 6.08281255e-01 6.99145079e-01
    9.84081924e-01 2.76561022e-01 8.90948653e-01 1.40121192e-01
    1.92403585e-01 4.19341743e-01 2.65297294e-01 1.11327350e-01
    2.41526693e-01 8.36576402e-01 5.04664540e-01 8.35260391e-01
    8.58167470e-01 4.92008358e-01 5.31236947e-01 7.59623885e-01
    2.76911765e-01 4.02551115e-01 9.66376781e-01 3.64824474e-01
    8.69667530e-01 8.10180724e-01 9.71056998e-01 5.23027599e-01
    8.08162391e-01 3.27066302e-01 5.15683353e-01 1.34741783e-01
    9.88435268e-01 2.05244899e-01 2.92837888e-01 7.08851933e-01
    1.36682868e-01 7.37644434e-01 3.59297991e-01 5.39044917e-01
    4.69792128e-01 7.44267225e-01 8.73490691e-01 6.04301989e-01
    1.72122031e-01 4.27827328e-01 4.33118135e-01 3.17378938e-02
    5.17426193e-01 4.25894529e-01 9.23990071e-01 9.70346391e-01
    2.92639792e-01 8.07692707e-02 3.38356465e-01 6.74074292e-01
    4.04026031e-01 6.99793398e-01 1.33971721e-01 1.43761247e-01
    6.02785289e-01 7.24153757e-01 3.50577116e-01 1.91083670e-01
    8.05792928e-01 4.19196546e-01 5.40996492e-01 6.36622548e-01
    5.76690674e-01 1.09062910e-01 4.50109959e-01 9.53957081e-01
    4.90304142e-01 9.81802106e-01 4.58637208e-01 3.96069765e-01
    1.29011333e-01 1.25654340e-01 7.49646246e-01 4.05012161e-01
    3.04390132e-01 6.14034235e-02 4.75756526e-02 2.62279451e-01
    5.03368556e-01 2.41517574e-01 3.32517892e-01 8.97473693e-01
    1.57321185e-01 4.32668298e-01 8.53149295e-01 7.18020797e-01
    7.43968785e-02 2.99916238e-01 5.46329618e-01 5.53346276e-01
    7.88348794e-01 8.91700447e-01 2.52554059e-01 9.49143052e-01
    9.87760782e-01 7.00610876e-03 9.31650519e-01 7.28118598e-01
    6.80268526e-01 7.17053771e-01 4.62288141e-01 8.96307290e-01
    3.23534399e-01 3.40922862e-01 5.51991284e-01 8.44028592e-01
    7.49774039e-01 7.85650551e-01 1.04223907e-01 9.06133056e-01
    1.17006898e-02 7.13503957e-01 5.11831462e-01 6.83159113e-01
    7.22484708e-01 1.75283432e-01 4.47267383e-01 3.74925733e-02
    6.27863050e-01 2.72582948e-01 8.40978026e-01 5.12904108e-01
    2.82452762e-01 5.63260972e-01 3.91475111e-01 9.03810203e-01
    4.26213980e-01 9.74763751e-01 3.97367150e-01 8.20176244e-01
    1.83635533e-01 6.60852194e-02 6.80889785e-01 1.23770833e-02
    9.84462678e-01 5.21758020e-01 8.32043648e-01 8.91673982e-01
    2.58778930e-02 1.97326124e-01 9.84014332e-01 9.13055062e-01
    4.51566130e-01 1.19273126e-01 4.47812051e-01 9.00187135e-01
    9.03157175e-01 9.76102650e-02 5.22591174e-02 4.63929832e-01
    7.92965114e-01 8.97798181e-01 5.96879065e-01 9.75763440e-01
    6.96852207e-01 8.05708110e-01 3.55134785e-01 5.35987794e-01
    7.75422037e-01 3.30234170e-02 8.26541781e-01 6.23661160e-01
    9.07657802e-01 3.48636866e-01 6.94229960e-01 1.25256807e-01
    4.71728146e-02 9.44597483e-01 4.53476995e-01 1.17470562e-01
    1.40019447e-01 2.05966085e-01 4.58586603e-01 5.48243165e-01
    1.18537635e-01 9.79822576e-01 1.34000480e-02 4.30513382e-01
    5.04150987e-01 8.05228353e-01 2.84741342e-01 5.83517849e-01
    5.03248274e-02 8.40555727e-02 1.98868692e-01 7.54126608e-01
    3.55925411e-01 2.66001135e-01 5.88242948e-01 4.27313089e-01
    4.74046022e-01 2.86524177e-01 1.33580923e-01 4.09891218e-01
    9.08031881e-01 3.51702631e-01 1.64363086e-02 4.85280335e-01
    9.28357840e-01 9.34463799e-01 9.35358644e-01 5.38132548e-01
    8.14720690e-01 4.07656997e-01 7.66616583e-01 3.46055150e-01
    4.33897644e-01 7.66795993e-01 6.88057303e-01 4.36460376e-02
    5.85379183e-01 4.79991466e-01 3.27321112e-01 8.83731246e-03
    6.37611628e-01 6.03854954e-02 3.47799420e-01 9.03045297e-01
    3.25575531e-01 5.45233369e-01 8.26005638e-02 2.41879225e-01
    9.34513390e-01 1.54533595e-01 7.81688869e-01 3.65406275e-01
    3.52003276e-01 1.95041418e-01 4.14203465e-01 4.75068837e-01
    8.35146904e-02 7.79382586e-01 7.17582226e-01 5.21202803e-01
    1.65271610e-01 6.18616104e-01 5.20488679e-01 3.62121046e-01
    3.10034811e-01 8.27115774e-01 3.95351887e-01 5.75049102e-01
    8.88217747e-01 2.74225533e-01 4.68639195e-01 5.80749989e-01
    1.34938776e-01 7.18387604e-01 4.99619782e-01 2.69977838e-01
    1.10914409e-02 6.26410782e-01 1.42004669e-01 1.58619940e-01
    4.92807388e-01 5.16259551e-01 3.76528531e-01 4.86797243e-01
    9.41726327e-01 4.17461038e-01 3.10427606e-01 3.85527402e-01
    3.00225854e-01 6.38358653e-01 8.18253279e-01 4.86735255e-01
    8.60909581e-01 9.15674448e-01 6.15657747e-01 6.87849224e-01
    8.48565400e-02 1.32622391e-01 4.47919160e-01 6.77559614e-01
    9.30776000e-01 4.90690827e-01 1.15512043e-01 3.37838411e-01
    1.33058429e-01 4.10763502e-01 9.95874405e-01 5.17899454e-01
    9.16967392e-01 8.70376468e-01 9.64726567e-01 1.73147619e-01
    4.05502766e-01 6.00129247e-01 7.24949121e-01 3.56383711e-01
    9.20210242e-01 6.38331473e-01 8.63034129e-02 5.65478206e-02
    2.81579554e-01 6.48072362e-01 2.18427002e-01 8.48464966e-01
    2.68262804e-01 7.68751025e-01 7.59684682e-01 1.72966719e-03
    5.46759725e-01 1.00753158e-01 3.36443484e-02 2.36691833e-02
    6.00178540e-01 7.64598966e-01 6.17446005e-01 6.08166993e-01
    1.65347278e-01 2.17812449e-01 7.50846744e-01 5.07338583e-01
    6.61383212e-01 5.72382689e-01 1.72634572e-01 4.60462421e-01
    2.57208109e-01 1.45066738e-01 6.77413762e-01 6.55558586e-01
    1.98630422e-01 6.88499629e-01 2.77021229e-02 1.66280389e-01
    5.48613071e-01 1.41063899e-01 9.19346333e-01 3.81645560e-02
    6.65558577e-02 2.65243351e-01 4.43800241e-01 9.18906331e-01
    3.32847536e-01 6.90016627e-01 1.06601685e-01 8.48081946e-01
    1.39156222e-01 3.67202878e-01 1.26663297e-01 6.15181684e-01
    2.79859602e-02 3.42113376e-01 4.10843879e-01 2.76927829e-01
    6.51890039e-03 6.22178078e-01 8.45682919e-02 8.02069664e-01
    6.40359819e-02 1.65613949e-01 3.84597301e-01 7.71496594e-01
    8.80730450e-02 3.60471368e-01 1.40712768e-01 4.60775584e-01
    3.23106349e-01 3.79454434e-01 8.24256361e-01 7.71842003e-01
    8.40106606e-01 2.52697766e-01 7.53553867e-01 4.75341976e-02
    1.77789718e-01 4.81385469e-01 8.84736896e-01 1.49053335e-03
    3.02001834e-03 1.76480711e-01 9.65918481e-01 3.39294612e-01
    8.60862017e-01 7.59976625e-01 1.55964792e-02 2.47680753e-01
    5.21188736e-01 3.61853838e-03 6.42983079e-01 4.75399643e-01
    8.46706986e-01 5.05167603e-01 5.62933683e-02 2.96761811e-01
    9.88731086e-01 2.23802090e-01 9.76666212e-01 8.00149441e-01
    9.65729773e-01 9.95803416e-01 5.25945544e-01 6.95335805e-01
    1.11465514e-01 6.38472438e-01 3.13089490e-01 7.54759073e-01
    4.37586248e-01 8.60672176e-01 3.57944816e-01 4.07938421e-01
    5.41934907e-01 1.30940020e-01 8.69006515e-02 8.07209253e-01
    6.36164963e-01 6.16971254e-02 8.05499911e-01 2.80361891e-01
    5.98248422e-01 3.85533869e-02 4.61756021e-01 2.91444242e-01
    5.22848904e-01 3.43581319e-01 4.79865104e-01 9.87284899e-01
    6.67878926e-01 3.91736478e-01 6.92471087e-01 1.95757121e-01
    1.94770724e-01 6.43603861e-01 2.86792517e-01 5.92270494e-01
    1.47992671e-01 4.39583302e-01 8.82995367e-01 3.15250397e-01
    6.60984755e-01 2.70047247e-01 9.29515541e-01 3.84304643e-01
    4.37585413e-02 6.16251469e-01 3.26921523e-01 9.86633897e-01
    2.46038169e-01 2.99609333e-01 7.44974613e-03 4.59978670e-01
    1.09157592e-01 2.34129786e-01 2.71486670e-01 6.25754654e-01
    3.35087776e-01 2.45387197e-01 3.27021182e-01 4.72425580e-01
    6.14287734e-01 8.61551762e-02 6.63640440e-01 9.93637443e-01
    1.51409745e-01 3.80224645e-01 5.77180088e-02 7.59943128e-01
    1.71627849e-01 6.55030131e-01 5.32043815e-01 4.47314858e-01
    9.35919046e-01 3.49787802e-01 9.42581415e-01 2.13465661e-01
    6.59439027e-01 4.52377290e-01 4.08858478e-01 2.70089090e-01
    1.98211312e-01 6.14162147e-01 9.07940745e-01 6.33358479e-01
    4.07669097e-01 9.15120244e-01 2.48663038e-01 4.69740778e-01
    9.39021051e-01 2.94424057e-01 7.71943927e-01 6.45898283e-02
    5.77582479e-01 4.91066128e-01 4.54290092e-01 8.66679728e-01
    1.74518883e-01 2.24416256e-01 5.07346332e-01 1.55839831e-01
    5.55858612e-02 4.94055808e-01 4.81200218e-02 4.50326532e-01
    5.06938696e-01 5.82589746e-01 6.25832915e-01 4.67541695e-01
    4.08074200e-01 4.20448482e-01 2.45710880e-01 3.63012075e-01
    7.93712974e-01 4.98779178e-01 6.11778855e-01 7.82280564e-02
    8.02793980e-01 7.18964636e-02 2.91890442e-01 5.62154651e-01
    4.80379730e-01 2.93729991e-01 1.82011425e-01 3.61221313e-01
    8.99650812e-01 5.37260234e-01 1.72262788e-01 9.89759326e-01
    3.53979945e-01 9.42283392e-01 1.66424185e-01 6.60680175e-01
    4.47119474e-02 8.72785151e-01 2.37926245e-01 7.21109748e-01
    2.06157029e-01 1.01454318e-01 4.02372062e-01 7.79602647e-01
    6.04938805e-01 5.19479275e-01 6.12997830e-01 1.55391693e-02
    3.04855198e-01 9.55919623e-01 5.94884217e-01 1.29219472e-01
    5.91596484e-01 3.21164161e-01 1.49748594e-01 9.50765133e-01
    6.03294075e-01 8.21783781e-01 8.94251883e-01 5.97604513e-01
    4.82854992e-01 4.95057702e-02 4.31950152e-01 3.60368460e-01
    6.20140910e-01 5.75860500e-01 9.66586947e-01 4.95812237e-01
    9.29381609e-01 4.77804005e-01 4.70470876e-01 6.51162267e-01
    1.18573785e-01 1.61188602e-01 5.21578193e-01 1.93885803e-01
    2.85436511e-01 5.67817807e-01 7.06522524e-01 5.68617105e-01
    1.61671042e-01 8.00711751e-01 4.41387922e-01 1.88271940e-01
    4.43088114e-01 7.36682236e-01 8.42668653e-01 7.82604456e-01
    3.42509598e-01 2.46701300e-01 2.52627969e-01 2.93936551e-01
    9.14367914e-01 1.35026395e-01 3.55649233e-01 6.02021337e-01
    5.88753462e-01 6.38435483e-01 5.64340532e-01 7.81116128e-01
    6.19535148e-01 1.17014617e-01 4.89122570e-01 2.58350313e-01
    8.74743760e-01 9.56262708e-01 2.43240327e-01 2.68419206e-01
    1.39547825e-01 6.31622910e-01 7.78005838e-01 2.18326420e-01
    7.47406960e-01 9.78970408e-01 4.33327436e-01 1.52160674e-01
    8.03523898e-01 5.56935966e-01 1.38357908e-01 8.79943371e-01
    9.59951758e-01 3.45955491e-01 5.11694252e-02 8.39349151e-01
    4.09223467e-01 6.42373085e-01 7.25412726e-01 9.37667847e-01
    3.19556355e-01 9.80655491e-01 1.49947971e-01 3.44372332e-01
    2.95742154e-01 3.40187550e-03 4.78686988e-02 6.76313818e-01
    3.83060873e-01 2.73990333e-02 1.02334023e-01 6.31390810e-01
    4.78000134e-01 7.13665724e-01 9.59881306e-01 9.67213750e-01
    5.01666844e-01 7.42754936e-01 7.92329848e-01 2.84630924e-01
    3.99621129e-01 9.41733003e-01 8.25090051e-01 2.33308583e-01
    9.82661486e-01 7.24920094e-01 4.47876871e-01 3.95836264e-01
    2.18973786e-01 8.86893213e-01 4.70346183e-01 9.04856443e-01
    3.14984381e-01 6.23891115e-01 9.78386164e-01 2.31779426e-01
    4.32232201e-01 9.27937984e-01 8.77442956e-01 9.69167888e-01
    9.97123182e-01 2.41370529e-01 2.73364484e-01 1.20400250e-01
    2.43322462e-01 8.14714432e-02 2.02172160e-01 1.84283882e-01
    5.16602516e-01 6.46245003e-01 5.20687163e-01 5.79671979e-01
    4.89856362e-01 4.87878710e-01 5.96796155e-01 7.15724528e-02
    9.31841493e-01 4.79099154e-01 8.92477751e-01 9.01642740e-02
    2.75403321e-01 8.21790695e-01 8.44224751e-01 1.49888486e-01
    4.65042531e-01 4.80642110e-01 1.27004802e-01 4.99638319e-01
    3.36919069e-01 8.11951160e-01 9.76574540e-01 4.04639304e-01
    3.60371083e-01 1.55164897e-01 9.76614952e-02 5.32059968e-02
    3.89388204e-02 7.07326829e-02 3.38751197e-01 4.90799159e-01
    6.54957592e-01 9.93501961e-01 1.85487777e-01 7.73001313e-02
    6.83074296e-02 5.16249180e-01 8.25060844e-01 9.24245715e-01
    3.22968066e-02 7.86116600e-01 6.45019531e-01 9.05475497e-01
    4.83133197e-02 4.99749601e-01 3.59389156e-01 4.75059718e-01
    1.17185533e-01 8.70402455e-01 2.65392989e-01 5.30740201e-01
    6.99926436e-01 9.10465360e-01 2.28639543e-02 7.64935136e-01
    7.89214253e-01 5.11166453e-02 3.78380746e-01 3.29113066e-01
    2.12173462e-01 6.89392984e-01 8.68414640e-02 3.86170924e-01
    9.27804232e-01 6.35866404e-01 4.98066425e-01 5.37961364e-01
    2.98823029e-01 8.85151207e-01 8.32388878e-01 1.86322927e-01
    7.81136155e-01 5.41085422e-01 6.28194213e-01 9.41981435e-01
    6.68560505e-01 4.03646529e-02 7.79265583e-01 2.62461185e-01
    3.71754408e-01 9.80462909e-01 6.51171803e-02 7.98503578e-01
    3.58194947e-01 3.01429629e-01 2.39747077e-01 6.81353807e-02
    4.46566671e-01 1.50172621e-01 5.34767151e-01 3.61760616e-01
    8.75621557e-01 7.48861194e-01 1.11627012e-01 2.42922068e-01
    2.09894955e-01 7.75499701e-01 9.55071449e-01 9.68389869e-01
    1.41336232e-01 2.70107925e-01 6.08590126e-01 9.98805821e-01
    7.79239058e-01 7.03504562e-01 6.99867904e-01 1.73519075e-01
    1.91863239e-01 5.76260090e-01 4.20656502e-02 4.16325599e-01
    9.91371810e-01 6.25178039e-01 2.88674235e-03 4.40740466e-01
    7.43761122e-01 2.75462329e-01 1.11416876e-02 8.77523184e-01
    5.49269319e-02 3.14659953e-01 6.27620220e-01 5.86077392e-01
    7.01498806e-01 9.36551571e-01 6.03466570e-01 4.35334831e-01
    9.34245646e-01 5.85815310e-01 6.46535218e-01 3.30469549e-01
    1.62531674e-01 4.03436065e-01 1.97807044e-01 1.80423439e-01
    5.15461206e-01 1.12272173e-01 7.27346838e-01 3.19224805e-01
    9.28321183e-01 3.19360733e-01 2.72195160e-01 7.75990009e-01
    9.64015007e-01 4.77697015e-01 1.13706857e-01 3.30950052e-01
    4.39392775e-01 8.32732439e-01 1.34124160e-01 3.09060305e-01
    5.71661413e-01 9.91251469e-01 1.97165191e-01 2.33515799e-02
    6.39283299e-01 6.46939218e-01 2.26823449e-01 5.57927191e-01
    5.52536786e-01 1.96345210e-01 2.03550965e-01 8.37865472e-01
    2.95971751e-01 6.50624454e-01 2.95609623e-01 7.21790433e-01
    9.08803701e-01 8.61248553e-01 2.14145213e-01 3.75377893e-01
    6.08323216e-02 9.92258370e-01 8.22270393e-01 1.16732121e-01
    8.28202784e-01 4.73503798e-01 7.27704108e-01 6.31987751e-01
    5.16393304e-01 5.65672100e-01 2.48562217e-01 7.00750947e-01
    7.54993737e-01 3.02484930e-01 1.62137449e-02 8.48323107e-01
    3.49730194e-01 8.21319103e-01 1.42360657e-01 9.85921741e-01
    6.76920176e-01 1.74688667e-01 1.31169677e-01 1.76669389e-01
    1.26637995e-01 2.01646626e-01 7.31702447e-01 9.90720332e-01
    5.47490835e-01 8.49866509e-01 9.50897098e-01 7.59496808e-01
    4.54961419e-01 5.98887503e-01 5.42452395e-01 8.63276124e-02
    3.56109738e-02 3.06905150e-01 1.82088643e-01 9.32915926e-01
    3.71911228e-02 3.21213126e-01 2.91489214e-01 8.39779854e-01
    3.83512795e-01 8.89493942e-01 3.20832461e-01 4.57090497e-01
    6.20895028e-01 9.75344777e-01 1.15560412e-01 5.87163925e-01
    1.59267336e-01 4.07624960e-01 1.95424676e-01 7.20155001e-01
    3.60369563e-01 2.74037421e-02 4.88372594e-01 8.62995267e-01
    4.47355926e-01 7.94101000e-01 6.06690586e-01 9.49661195e-01
    7.95433760e-01 6.02061510e-01 9.32585657e-01 7.06923068e-01
    7.98096418e-01 5.57419360e-01 2.69935906e-01 5.76222539e-01
    2.45773077e-01 7.37769246e-01 4.47391272e-02 6.75043225e-01
    7.60335445e-01 2.94834316e-01 6.81954741e-01 4.06780332e-01
    7.74516106e-01 4.90474701e-02 6.68214619e-01 8.70614171e-01
    2.94578671e-01 8.11194062e-01 4.30605710e-01 8.78443718e-01
    1.12063646e-01 3.50841880e-01 9.43313718e-01 3.53006810e-01
    7.32720196e-02 9.01436448e-01 6.72492921e-01 8.94111037e-01
    9.67955470e-01 2.44244337e-02 4.25533324e-01 4.14732575e-01
    4.14652467e-01 2.01197267e-02 9.72782493e-01 9.14651871e-01
    5.38126886e-01 3.36073905e-01 3.28332841e-01 7.16641486e-01
    1.30624175e-01 1.52363479e-02 3.34300488e-01 1.24153495e-02
    5.17905474e-01 3.99357885e-01 1.65700585e-01 4.22554076e-01
    6.62117183e-01 2.56124496e-01 4.85314518e-01 5.87530375e-01
    4.31766212e-01 3.77494812e-01 9.67579067e-01 1.98904574e-02
    4.61859554e-01 3.61837089e-01 9.64614630e-01 6.41588569e-01
    7.14050829e-01 7.15176702e-01 7.98321843e-01 5.83446026e-01
    2.15986878e-01 8.15544248e-01 1.02338165e-01 8.76759052e-01
    3.05276543e-01 4.14060980e-01 7.66382515e-02 2.46472359e-01
    4.27989781e-01 5.65199554e-01 5.45675993e-01 4.54741627e-01
    3.17278504e-01 3.72741789e-01 4.30191427e-01 2.30685890e-01
    7.61884689e-01 1.24350041e-01 8.71167183e-02 3.09591234e-01
    9.47518110e-01 7.77921081e-01 4.20598686e-02 1.39956117e-01
    2.63206393e-01 4.64512944e-01 9.84465420e-01 5.62009931e-01
    9.07225966e-01 9.69584942e-01 1.54559076e-01 1.52013928e-01
    2.32598662e-01 8.38677883e-01 9.98799682e-01 8.01207662e-01
    7.81394124e-01 2.56167978e-01 8.97695065e-01 4.41190571e-01
    1.89730197e-01 2.82762021e-01 7.36261010e-01 3.82384032e-01
    2.86206424e-01 7.90742755e-01 5.93264461e-01 7.58331060e-01
    9.66373801e-01 7.17915773e-01 3.87431264e-01 8.42613816e-01
    4.68335509e-01 1.58660680e-01 7.45758116e-01 2.75522053e-01
    9.90787506e-01 7.29291260e-01 8.14891040e-01 9.44524407e-01
    4.28956777e-01 3.51461798e-01 8.61073017e-01 1.73560083e-01
    2.15878636e-01 2.82259762e-01 2.56469011e-01 2.76335955e-01
    3.20533872e-01 6.36836529e-01 4.48433071e-01 4.72100586e-01
    9.69440699e-01 4.94302601e-01 2.01963186e-02 2.83635497e-01
    6.44595861e-01 4.13164228e-01 7.65674829e-01 5.26040971e-01
    4.00531024e-01 2.01422989e-01 2.57349014e-01 4.11037207e-01
    1.48688465e-01 7.42979884e-01 6.33295178e-01 7.79143572e-02
    6.17488384e-01 8.38661909e-01 8.36880922e-01 3.41754794e-01
    2.10090518e-01 2.30947256e-01 6.59619153e-01 1.57499850e-01
    6.99395001e-01 8.73034418e-01 6.29297316e-01 1.10274673e-01
    7.92551041e-03 7.80348659e-01 9.47372675e-01 7.79484272e-01
    6.35573983e-01 3.33064497e-01 9.09320712e-01 2.12442130e-01
    7.54706621e-01 9.92706776e-01 1.99681222e-01 2.88320184e-01
    3.41436267e-02 8.73543262e-01 6.64653063e-01 2.60057062e-01
    5.12653649e-01 7.02340126e-01 6.59370363e-01 5.96681416e-01
    8.68184805e-01 2.55827188e-01 5.11775136e-01 3.71776760e-01
    1.62266314e-01 2.89215386e-01 4.73352790e-01 8.37959170e-01
    6.17591560e-01 9.36288953e-01 4.83103096e-01 6.38883412e-02
    2.04358965e-01 6.66300178e-01 3.16441894e-01 6.79113388e-01
    6.99977636e-01 7.45675564e-01 5.96358776e-01 6.36579692e-01
    6.30685091e-01 1.94894373e-02 8.22992682e-01 2.27777869e-01
    2.91858256e-01 4.32596385e-01 7.93310761e-01 5.17968535e-01
    2.10836887e-01 9.49112475e-02 7.27838397e-01 6.02037847e-01
    8.46766531e-02 4.14228231e-01 2.18962550e-01 5.62967181e-01
    2.15354562e-03 7.43806481e-01 4.03342307e-01 8.84523392e-01
    9.38913703e-01 8.81900787e-01 8.74045074e-01 4.08062160e-01
    8.87951374e-01 8.68529558e-01 3.18668306e-01 5.14777124e-01
    8.46859634e-01 5.98437548e-01 3.00354838e-01 3.90758634e-01
    9.20626521e-03 3.94223034e-02 6.87060118e-01 8.78936052e-01
    9.98392403e-01 6.83635592e-01 1.98477507e-03 8.88490260e-01
    7.69756198e-01 4.84751076e-01 5.35760462e-01 6.27956271e-01
    5.24736464e-01 6.71889484e-01 2.57994533e-01 3.40195298e-01
    2.79445589e-01 8.97586465e-01 6.63964748e-01 2.75001466e-01
    2.40851700e-01 9.02006328e-01 2.78263390e-01 7.17362761e-01
    8.63238335e-01 9.78504539e-01 8.68888021e-01 7.54475296e-02
    7.97924399e-01 9.02892470e-01 8.37695837e-01 6.24180079e-01
    5.36358893e-01 7.15019703e-01 7.04686642e-02 6.51452184e-01
    5.36149919e-01 3.04008216e-01 5.39953768e-01 2.26472348e-01
    7.25148797e-01 1.38235956e-01 1.08855069e-01 2.32071698e-01
    2.05844790e-01 7.92208433e-01 9.38421965e-01 1.08637035e-01
    8.15485537e-01 1.96192384e-01 5.40173709e-01 7.88253546e-01
    3.92562419e-01 7.49417543e-01 6.66151404e-01 5.22174597e-01
    9.43780541e-02 6.53560460e-01 2.12238431e-02 8.08566093e-01
    6.25964165e-01 7.33784914e-01 3.13341111e-01 3.83427173e-01
    7.85311818e-01 1.80646598e-01 9.98372495e-01 9.11421657e-01
    2.84700453e-01 8.00541401e-01 5.45643985e-01 2.93127269e-01
    5.24447024e-01 1.60516769e-01 3.57843637e-02 5.11615872e-01
    5.59263527e-01 5.23051322e-01 6.78395748e-01 4.06766117e-01
    2.93321371e-01 6.85732126e-01 8.49225879e-01 1.03327900e-01
    2.08854973e-01 4.56962556e-01 6.35240197e-01 8.57793868e-01
    3.10785234e-01 8.09326768e-02 3.78950208e-01 9.45590138e-01
    8.17615449e-01 1.65129900e-02 2.37274975e-01 7.38600850e-01
    8.33633661e-01 2.89952159e-02 9.40890014e-02 4.46650982e-01
    1.41355455e-01 4.06126499e-01 8.70457888e-02 7.80175388e-01
    6.59751654e-01 2.66013891e-01 9.61847425e-01 3.97264659e-01
    2.93841898e-01 2.52950251e-01 9.58004832e-01 4.25580114e-01
    1.13899112e-01 8.09098601e-01 9.99629617e-01 1.23916358e-01
    1.98838055e-01 7.68455863e-03 4.69580323e-01 4.85214055e-01
    9.16225314e-02 2.95711011e-01 9.31805015e-01 2.53727078e-01
    4.29808080e-01 7.05836654e-01 9.23592448e-02 1.78911626e-01
    7.96783566e-01 3.91932547e-01 3.44958931e-01 8.50148559e-01
    9.99242783e-01 3.83846998e-01 3.33554745e-01 2.77964681e-01
    2.94505328e-01 9.52924967e-01 6.24778152e-01 5.45630753e-01
    2.46568173e-01 3.91619861e-01 7.23003507e-01 8.61830235e-01
    7.63899684e-02 7.95667171e-01 7.12064862e-01 4.01917815e-01
    8.88414741e-01 7.73193240e-01 1.40531659e-02 6.03152573e-01
    9.18887317e-01 2.85403490e-01 6.86460733e-03 6.78635240e-01
    2.05588520e-01 2.52684772e-01 1.01138175e-01 1.50750309e-01
    3.18906337e-01 2.34822482e-01 7.13837802e-01 4.10862386e-01
    3.35448682e-02 3.13293397e-01 2.24739641e-01 9.92379487e-01
    6.60931349e-01 1.89745545e-01 5.26672363e-01 3.56719851e-01
    9.14447784e-01 5.63271821e-01 6.44476295e-01 9.56484020e-01
    1.30248219e-01 5.09774506e-01 2.45822072e-02 6.63450122e-01
    3.60887051e-01 6.77396595e-01 6.78415477e-01 2.72086710e-01
    3.33054841e-01 7.20720649e-01 7.19870567e-01 2.49787867e-02
    1.26465142e-01 3.94491911e-01 3.89930844e-01 4.85857129e-01
    8.19377005e-01 4.98515874e-01 6.60030961e-01 6.31813109e-01
    5.73874474e-01 4.17707443e-01 3.70948732e-01 6.47020876e-01
    7.90406466e-01 2.23803669e-01 2.85313398e-01 5.91395497e-01
    4.92026597e-01 3.96632552e-02 1.58900619e-01 9.73677993e-01
    9.78602171e-02 8.45078468e-01 7.71344185e-01 9.55137014e-01
    9.29468334e-01 3.69473815e-01 7.65388012e-01 2.50838757e-01
    3.43791306e-01 4.36871767e-01 7.84813762e-01 9.17607427e-01
    5.16322553e-01 4.81305629e-01 5.45498073e-01 6.94519877e-01
    2.98643649e-01 4.13577616e-01 9.07757044e-01 6.19163454e-01
    6.93398118e-01 2.93868899e-01 3.41104269e-01 7.15930164e-01
    8.61949146e-01 7.41281748e-01 9.68621969e-01 5.34389257e-01
    4.90017861e-01 7.82529354e-01 1.56093836e-02 9.67541873e-01
    9.52153325e-01 6.65749311e-01 8.90476704e-01 6.14669025e-01
    5.97928762e-02 3.93379986e-01 8.00391912e-01 7.48625636e-01
    1.66731566e-01 8.57557774e-01 7.26460755e-01 7.83788383e-01
    7.98936546e-01 5.97011387e-01 9.90886569e-01 8.04764628e-01
    3.93439561e-01 3.99647355e-01 4.77288604e-01 3.70877922e-01
    5.21150827e-01 9.78101552e-01 8.75663400e-01 2.23785967e-01
    7.39133060e-01 2.57997811e-01 7.49127030e-01 8.61138463e-01
    5.53906083e-01 3.27589244e-01 3.58084321e-01 8.02762687e-01
    8.04244697e-01 8.07134628e-01 5.13400614e-01 8.87179434e-01
    1.18297964e-01 2.62963384e-01 6.55903518e-01 7.46567726e-01
    3.65279615e-02 1.95470482e-01 4.62347746e-01 5.12296081e-01
    7.61914372e-01 5.27683496e-01 3.75059694e-01 7.15219975e-02
    8.76953602e-01 2.13069499e-01 4.66099709e-01 5.21170735e-01
    9.21912432e-01 5.21659851e-02 3.19944590e-01 5.63805461e-01
    9.95701730e-01 1.17132336e-01 8.73705983e-01 4.65759605e-01
    2.50364542e-02 4.66801286e-01 1.37147427e-01 3.07750702e-01
    4.72157389e-01 6.80755734e-01 8.18467617e-01 6.18489265e-01
    8.56191993e-01 1.53338313e-01 8.13124359e-01 1.94454759e-01
    1.72206759e-01 6.67072237e-01 3.03081781e-01 6.28114820e-01
    1.73247606e-01 4.00676727e-02 3.34663093e-01 8.56113851e-01
    5.70824444e-01 6.82418823e-01 2.21847862e-01 2.15345472e-01
    9.57572579e-01 6.05817676e-01 5.41112363e-01 8.89769197e-01
    8.22544813e-01 8.08246255e-01 5.15847325e-01 6.42148852e-01
    3.94362211e-02 9.96131718e-01 8.91433954e-01 9.56663489e-01
    4.24423575e-01 1.63211465e-01 9.45327103e-01 6.23530626e-01
    6.78457379e-01 9.52364564e-01 2.02918440e-01 1.37167841e-01
    7.95326471e-01 3.37213159e-01 5.09710789e-01 5.98139942e-01
    7.08212852e-02 4.91558462e-01 6.32801831e-01 3.16285551e-01
    5.96755147e-02 4.47387159e-01 3.07204008e-01 4.24126685e-02
    3.17186117e-01 9.43533480e-02 3.65041792e-02 7.68625498e-01
    4.12664115e-01 7.49488354e-01 2.95253873e-01 5.64128637e-01
    3.35806966e-01 9.70181525e-01 5.15157044e-01 4.31369543e-02
    8.06063414e-01 7.54316926e-01 3.91300738e-01 9.33399260e-01
    1.60254538e-01 3.68852377e-01 2.16210186e-01 2.58786976e-01
    4.13331896e-01 9.95835364e-01 7.97386050e-01 6.93030655e-02
    7.54309654e-01 8.37114036e-01 5.19844949e-01 5.63502312e-01
    5.06629348e-01 4.98093545e-01 5.57422280e-01 7.44260848e-01
    6.83881342e-02 9.05329227e-01 3.20798874e-01 4.01289612e-01
    6.35529757e-01 4.26470131e-01 5.23736715e-01 6.09719157e-01
    7.44087934e-01 8.74988794e-01 7.25650907e-01 2.87184894e-01
    1.99747562e-01 1.27925217e-01 1.07198864e-01 4.51512337e-01
    2.06781477e-01 7.81932831e-01 9.24431860e-01 4.11530256e-01
    7.73206413e-01 5.48191905e-01 2.97849476e-02 4.57954735e-01
    3.32940817e-02 1.53064132e-02 2.40993440e-01 9.69592571e-01
    3.54687214e-01 5.48346162e-01 9.72685814e-01 6.32601619e-01
    1.58604681e-02 6.15144134e-01 8.41232836e-01 2.60798812e-01
    5.78592658e-01 5.48548758e-01 9.79451895e-01 4.57312614e-01
    8.10065627e-01 5.07233143e-01 4.29739356e-01 1.28025621e-01
    4.20123518e-01 6.08576179e-01 2.63278544e-01 7.66552389e-01
    8.37660432e-01 6.59552515e-01 5.89709342e-01 6.26583099e-01
    4.64485019e-01 7.26919889e-01 8.53751659e-01 3.61718744e-01
    1.50273561e-01 7.09597647e-01 9.33577895e-01 8.80898833e-02
    4.66047376e-01 3.97159696e-01 5.39236069e-02 7.63033807e-01
    4.41574037e-01 7.84102201e-01 7.07246304e-01 8.11520696e-01
    3.13650548e-01 8.30231607e-02 2.33023733e-01 5.64589024e-01
    3.19974571e-01 1.51767015e-01 2.96424121e-01 6.38103426e-01
    6.89897060e-01 5.87242842e-03 4.68895584e-01 2.41203517e-01
    3.34743559e-01 7.43157804e-01 2.20707059e-01 5.43158829e-01
    9.97208655e-01 7.40366220e-01 3.45086157e-01 1.86023474e-01
    2.52395481e-01 3.90692264e-01 5.28450191e-01 7.95579851e-02
    3.45894992e-01 2.12174296e-01 7.48177171e-01 2.82115012e-01
    4.35040593e-01 1.38345480e-01 9.22788620e-01 4.76607621e-01
    8.10409665e-01 7.65713215e-01 6.12923503e-03 9.84351277e-01
    5.87932348e-01 6.08829379e-01 9.23465967e-01 8.63754272e-01
    8.12350452e-01 2.22739041e-01 4.08329666e-01 6.00308716e-01
    6.30972683e-01 5.88765860e-01 2.90809929e-01 9.06507730e-01
    7.32976854e-01 2.88051784e-01 2.51680553e-01 4.70733047e-01
    7.94207454e-01 3.96919638e-01 6.58620119e-01 5.95264733e-02
    6.72751963e-01 7.60275424e-02 6.86256647e-01 1.04633540e-01
    1.39764756e-01 5.63662052e-02 4.26180303e-01 4.41972911e-02
    8.84006500e-01 3.63717198e-01 8.81589055e-01 3.74626815e-02
    2.06916779e-01 8.68321896e-01 9.41321850e-01 2.97201484e-01
    8.19798827e-01 9.78644490e-01 9.60294306e-01 9.40212250e-01
    4.85810429e-01 6.87614024e-01 8.17560852e-01 6.56704307e-01
    7.68913746e-01 5.25886774e-01 8.79907191e-01 4.08663750e-02
    6.83539510e-01 9.00627911e-01 5.33864439e-01 5.01946807e-01
    5.95599830e-01 3.15758139e-01 7.26995707e-01 9.34255123e-01
    9.32334244e-01 8.62193406e-02 3.05486500e-01 9.26134825e-01
    3.33569378e-01 5.00669181e-01 8.67789388e-01 4.95105982e-03
    7.37871349e-01 8.05099487e-01 2.51348376e-01 2.21060604e-01
    4.01988804e-01 6.75191104e-01 1.42810345e-01 2.64615268e-01
    8.64271402e-01 2.42724091e-01 3.39491010e-01 7.15771377e-01
    4.82349396e-01 4.60624576e-01 1.05620950e-01 1.87157393e-02
    7.94376671e-01 4.61280346e-03 3.27469856e-01 5.07948756e-01
    4.35104370e-01 5.67867100e-01 6.20297194e-01 6.30564094e-01
    2.78109431e-01 9.22131419e-01 7.28422642e-01 3.77486348e-02
    7.61517107e-01 8.08018684e-01 8.83584678e-01 8.64627957e-01
    9.51284409e-01 7.22713768e-02 5.39346278e-01 6.25921011e-01
    7.51812577e-01 4.58689421e-01 2.27077156e-01 3.37535024e-01
    8.12839627e-01 4.46678400e-02 2.79189944e-01 5.74078619e-01
    1.81333899e-01 1.97610378e-01 6.88965559e-01 1.90672129e-01
    8.79223704e-01 1.54439509e-01 6.72322690e-01 2.48875111e-01
    1.17987394e-04 9.66551304e-01 3.52924079e-01 3.58879417e-01
    5.72721958e-02 8.99698853e-01 5.99470854e-01 4.19312716e-02
    3.97137493e-01 9.84506249e-01 7.74969339e-01 3.65154684e-01
    4.16236788e-01 3.94986868e-02 2.97348231e-01 9.12105560e-01
    1.41765743e-01 5.47094882e-01 6.63670301e-02 3.46896887e-01
    8.89447331e-03 3.21068913e-01 1.85169488e-01 7.27891922e-04
    1.28914803e-01 6.84808433e-01 1.90240383e-01 9.25328732e-01
    3.71324182e-01 7.41050661e-01 4.58794236e-02 1.84206009e-01
    7.17740536e-01 3.95132780e-01 3.02001834e-02 7.65670538e-01
    2.67886639e-01 5.66326380e-01 9.08064663e-01 5.95283508e-01
    7.31255531e-01 9.21916723e-01 4.79794025e-01 2.79852331e-01
    4.77935135e-01 8.44081879e-01 2.47444212e-01 1.27568364e-01
    1.06580049e-01 3.91112804e-01 4.54737604e-01 5.97165227e-02
    4.80956972e-01 2.83895671e-01 5.25022864e-01 6.55483484e-01
    4.94559586e-01 2.95508891e-01 6.02583528e-01 3.05204332e-01
    4.15698409e-01 6.41588688e-01 7.39536345e-01 2.03283012e-01
    1.03732258e-01 8.78985941e-01 7.69602180e-01 8.80288482e-01
    4.21488643e-01 3.55061829e-01 4.56982851e-01 8.78461301e-02
    3.03673446e-02 6.03271902e-01 2.44169921e-01 1.78158253e-01
    5.22723913e-01 7.32898891e-01 2.94195741e-01 2.42372036e-01
    6.09438419e-01 8.25222671e-01 5.62920511e-01 8.67447734e-01
    6.69848680e-01 2.07284570e-01 1.18025094e-01 9.79277670e-01
    4.37917352e-01 9.16987300e-01 3.72975767e-02 8.30396473e-01
    3.76698971e-02 2.58767247e-01 1.60487682e-01 4.93352532e-01
    8.10931146e-01 2.87108302e-01 8.96080732e-01 2.21166134e-01
    3.49888235e-01 9.18750882e-01 7.60572791e-01 3.75677228e-01
    7.00794756e-01 9.93047655e-01 5.29975057e-01 3.84451896e-01
    8.49578738e-01 3.54015350e-01 2.79377580e-01 2.40304172e-01
    8.92223239e-01 8.27657521e-01 5.28956711e-01 9.54456747e-01
    3.27371627e-01 5.27458489e-01 5.18809617e-01 4.84089434e-01
    8.72649550e-02 3.90086353e-01 6.11246228e-01 4.03128445e-01
    1.38047040e-01 3.16809714e-01 4.41934824e-01 7.70472646e-01
    6.89374447e-01 8.65351677e-01 2.70631671e-01 5.89555383e-01
    7.20101953e-01 5.28898180e-01 7.59307981e-01 6.65495217e-01
    7.39541352e-01 4.78188962e-01 1.09942764e-01 4.67483222e-01
    9.14482951e-01 8.53802025e-01 1.02909058e-01 4.74224210e-01
    4.27917033e-01 8.55402708e-01 9.13701296e-01 7.45439529e-01
    4.05736387e-01 6.11136913e-01 4.64214027e-01 3.71642619e-01
    6.09959662e-01 4.39707935e-01 9.82776403e-01 8.85488272e-01
    6.09529853e-01 7.91692615e-01 9.49513555e-01 9.01597977e-01
    1.70935571e-01 6.52072906e-01 1.01511478e-01 5.30877054e-01
    6.79284334e-01 6.77572012e-01 4.17376757e-01 8.19719315e-01
    2.17453867e-01 5.50996006e-01 8.84798527e-01 4.22967494e-01
    8.36329043e-01 3.92546356e-01 9.14417028e-01 7.61132240e-02
    2.17471421e-01 4.16460186e-01 3.44327807e-01 8.34200561e-01
    2.83716440e-01 2.58202583e-01 3.19760025e-01 8.71124744e-01
    5.49811363e-01 6.45188391e-01 4.44691122e-01 6.59394801e-01
    1.62847638e-02 1.26897067e-01 5.95550716e-01 5.89123964e-01
    6.86068416e-01 9.03357565e-02 5.24912834e-01 2.65215099e-01
    2.78589249e-01 4.83660161e-01 1.79393709e-01 3.50959241e-01
    5.44118881e-01 8.73415112e-01 2.67424285e-01 5.77130020e-01
    9.97996688e-01 3.93523932e-01 1.91652954e-01 4.80876505e-01
    3.55108440e-01 1.73942089e-01 7.97061324e-02 4.55216438e-01
    8.61285210e-01 7.96273351e-02 5.76667845e-01 7.66515851e-01
    9.31081295e-01 1.69644266e-01 1.38710290e-01 1.93525910e-01
    5.70739806e-02 6.63484097e-01 1.05937809e-01 7.56645203e-01
    6.32625043e-01 3.60047519e-01 1.10932589e-02 9.63544309e-01
    9.40629005e-01 4.11778212e-01 5.26556373e-03 3.90932739e-01
    5.82815111e-01 8.01904500e-01 2.17846751e-01 7.75272548e-01
    3.39588583e-01 9.57870007e-01 6.04851127e-01 3.17368180e-01
    5.26505351e-01 6.32132590e-01 5.46445489e-01 9.75958467e-01
    8.96901011e-01 7.34239817e-04 5.52415490e-01 7.81922936e-01
    5.81133842e-01 7.75794268e-01 4.03437942e-01 6.83570981e-01
    9.62701797e-01 3.62099141e-01 8.64494681e-01 1.75409317e-02
    4.77313250e-01 8.68853092e-01 9.53843713e-01 1.02467090e-01
    3.38817745e-01 5.77505350e-01 7.48504102e-01 3.58617187e-01
    3.46422315e-01 5.58725953e-01 3.97370666e-01 6.63372338e-01
    6.59806848e-01 2.84868330e-01 6.63388252e-01 4.51261282e-01
    4.42337602e-01 8.78096282e-01 9.23605204e-01 3.20759773e-01
    3.52212250e-01 6.80720866e-01 2.75205195e-01 5.99821866e-01
    2.77163357e-01 3.57199907e-01 5.18830717e-01 9.42865491e-01
    4.61322576e-01 7.36471295e-01 2.51929283e-01 3.71740818e-01
    3.64903688e-01 4.81169969e-01 8.49761605e-01 2.51254708e-01
    4.55993831e-01 7.49188542e-01 6.66969478e-01 5.06436765e-01
    6.16396725e-01 5.80563903e-01 2.57520914e-01 4.77074921e-01
    9.64263737e-01 2.28039026e-01 8.26153576e-01 8.62805605e-01
    7.39816904e-01 9.50935125e-01 8.05777073e-01 7.21750498e-01
    6.91226959e-01 4.66747582e-02 3.56252879e-01 8.00525784e-01
    5.91782331e-01 3.60444188e-02 8.04994106e-01 4.16193008e-01
    9.66235757e-01 6.94113791e-01 1.71689004e-01 1.50032729e-01
    1.07739538e-01 6.49680197e-01 4.97309387e-01 2.48452127e-02
    3.89304608e-01 5.13745606e-01 2.23866820e-01 1.72127694e-01
    3.07503760e-01 9.23637152e-01 8.49105239e-01 7.25331604e-01
    2.99862444e-01 3.52012396e-01 5.63471675e-01 8.02381456e-01
    2.02253282e-01 3.27963591e-01 5.82591712e-01 7.94869065e-02
    7.64745653e-01 8.62020373e-01 7.04164982e-01 8.21879685e-01
    5.41876137e-01 3.37949991e-02 7.25224137e-01 4.45339680e-02
    7.70645797e-01 5.97770393e-01 5.32687306e-02 6.73220158e-01
    2.80849308e-01 5.01847625e-01 6.99644387e-01 5.50862014e-01
    2.82181144e-01 1.74725860e-01 3.45399559e-01 5.15477240e-01
    9.36550379e-01 1.60691738e-02 8.99345398e-01 1.96825862e-01
    8.04348707e-01 3.54785800e-01 2.02604681e-01 4.69307125e-01
    7.76869059e-01 8.00912619e-01 7.06950843e-01 6.30365849e-01
    4.33677375e-01 5.06307781e-02 6.23166740e-01 6.07375503e-02
    6.30827785e-01 2.60996342e-01 8.76183748e-01 3.22420597e-02
    5.87561667e-01 2.58902073e-01 7.89886117e-02 1.71848834e-01
    8.69645536e-01 2.58152068e-01 1.32917225e-01 7.88276076e-01
    1.64349943e-01 8.27563524e-01 1.95340723e-01 2.23032147e-01
    5.58171928e-01 8.52125645e-01 2.64730215e-01 7.23837614e-01
    2.08539963e-01 1.34660244e-01 2.55614817e-02 6.58597648e-01
    2.02931315e-01 5.78567684e-01 7.12998748e-01 3.30220520e-01
    8.53229403e-01 4.60315526e-01 8.46835315e-01 2.50253886e-01
    7.09189475e-02 6.35841489e-03 2.29893178e-01 7.21647501e-01
    6.63073659e-01 8.04490447e-01 8.16825151e-01 7.03742981e-01
    8.27744544e-01 9.10668254e-01 1.15915209e-01 9.08482313e-01
    1.91082507e-01 7.31153727e-01 2.87563115e-01 9.57101822e-01
    8.47559810e-01 4.30257589e-01 7.75567651e-01 8.03819299e-01
    2.33782530e-01 7.32357800e-01 7.99208283e-01 8.29081774e-01
    3.55104744e-01 6.76238000e-01 4.83878016e-01 1.05574310e-01
    5.03026366e-01 5.57160914e-01 5.78644216e-01 6.48834944e-01
    2.39962518e-01 6.14764988e-01 7.39195108e-01 3.01722646e-01
    1.98616654e-01 4.20508921e-01 9.01384592e-01 8.35824132e-01
    7.00306535e-01 9.71200109e-01 7.07575977e-02 4.68443960e-01
    2.00627327e-01 9.82610822e-01 4.68598306e-01 9.55098987e-01
    6.67261124e-01 5.42710364e-01 8.44818592e-01 6.73349857e-01
    3.21359873e-01 2.68879801e-01 8.54555011e-01 9.25303817e-01
    3.61224711e-01 6.72016084e-01 9.21534121e-01 6.80005848e-01
    1.92715287e-01 5.50117552e-01 5.07403851e-01 8.33093762e-01
    6.06675267e-01 8.09242308e-01 1.51564330e-01 5.78208447e-01
    7.73350954e-01 7.29909956e-01 3.17625314e-01 5.12773097e-01
    7.80159652e-01 7.66109109e-01 7.47338116e-01 9.84009802e-01
    6.90334916e-01 3.42908412e-01 2.76398718e-01 9.48684812e-01
    8.17579806e-01 7.09481776e-01 3.58421087e-01 1.40481442e-01
    7.79511034e-02 4.22663033e-01 2.29185939e-01 9.27024722e-01
    7.56790578e-01 5.78286290e-01 5.80921113e-01 9.37433481e-01
    4.17687953e-01 1.60789490e-03 6.89948797e-01 7.39731908e-01
    6.73691094e-01 2.97641754e-02 5.31585097e-01 2.75626481e-02
    7.99525797e-01 4.73066598e-01 5.16800880e-01 8.05531621e-01
    8.41323435e-02 5.41570723e-01 2.25145072e-01 8.47350717e-01
    9.72166896e-01 1.81531996e-01 5.89596868e-01 3.57094109e-01
    4.76405382e-01 1.38195813e-01 4.08527523e-01 1.69797868e-01
    9.23293948e-01 3.05663079e-01 2.98523366e-01 8.56870830e-01
    1.48464382e-01 1.82643086e-01 3.96348268e-01 5.23702204e-01
    3.68648052e-01 7.78159797e-01 9.53573227e-01 8.02468061e-01
    6.52717352e-01 6.07501805e-01 6.56250834e-01 7.52343595e-01
    3.33437920e-02 7.58672655e-02 2.58460999e-01 1.23675555e-01
    9.42067742e-01 3.76864642e-01 6.29307508e-01 9.68911707e-01
    8.51849675e-01 1.59854233e-01 4.03732061e-02 9.39076006e-01
    8.97960424e-01 5.03964484e-01 8.35691333e-01 6.18770540e-01
    1.06078565e-01 8.55036736e-01 3.12325060e-02 9.70587969e-01
    8.21770430e-01 5.78938127e-01 4.50507551e-01 1.18427753e-01
    3.64058137e-01 4.40268457e-01 8.25743496e-01 2.41609454e-01
    6.92247033e-01 2.15599298e-01 9.30991411e-01 3.11026812e-01
    4.18957204e-01 6.54061139e-01 8.22677612e-01 6.25117719e-02
    7.93460965e-01 5.90332747e-02 2.09532112e-01 8.77321124e-01
    5.97268283e-01 6.34638786e-01 3.57582033e-01 1.93243921e-02
    7.28696942e-01 3.53474021e-02 5.65751672e-01 9.98263657e-01
    2.20765501e-01 1.11631125e-01 7.84610629e-01 8.19714189e-01
    3.41440976e-01 3.71536613e-02 5.20269096e-01 6.51854336e-01
    8.36916625e-01 2.92278767e-01 1.46866649e-01 8.54572058e-01
    4.73931074e-01 3.44077826e-01 8.29714954e-01 8.86198282e-01
    8.68813992e-02 6.23757720e-01 8.27252626e-01 7.38988698e-01
    5.38973689e-01 1.58690602e-01 3.83827478e-01 9.15026426e-01
    3.90813053e-02 1.40572786e-01 4.97441113e-01 5.85380554e-01
    3.43749106e-01 4.27351683e-01 4.69655514e-01 6.71799898e-01
    1.14883035e-01 6.60054028e-01 2.56932378e-02 1.95363015e-01
    9.60857213e-01 5.92901826e-01 3.41930181e-01 3.36338580e-02
    5.57937443e-01 1.64563447e-01 8.28016877e-01 1.49816632e-01
    4.16448504e-01 7.79099047e-01 9.20936763e-02 9.84795272e-01
    7.20632076e-01 8.95419419e-01 3.42663020e-01 5.39868832e-01
    4.61169541e-01 8.31907451e-01 4.76192594e-01 7.99647391e-01
    4.15918052e-01 6.67825818e-01 4.90853429e-01 6.59315228e-01
    6.62504613e-01 7.34963536e-01 7.59917557e-01 6.14115298e-02
    4.31205034e-02 2.41070956e-01 8.85691762e-01 5.15132070e-01
    2.46343344e-01 9.42538321e-01 6.40521348e-01 2.28959918e-02
    9.85847056e-01 4.66135889e-01 2.94215769e-01 9.06410813e-01
    6.75694823e-01 2.60653794e-01 9.35955048e-01 6.60277665e-01
    8.04783285e-01 5.73864698e-01 5.19308448e-01 7.94282079e-01
    2.65748382e-01 1.36649966e-01 7.82099724e-01 2.41845608e-01
    8.11547041e-01 6.14761710e-02 3.17276567e-01 8.55379224e-01
    1.26252234e-01 6.94240749e-01 1.18446141e-01 8.05513561e-01
    5.22122204e-01 2.81258911e-01 7.44571030e-01 7.28504539e-01
    6.49494052e-01 4.91181046e-01 3.89587760e-01 6.97875917e-01
    2.44250119e-01 9.99088049e-01 4.14159268e-01 1.10594034e-01
    6.18792951e-01 5.03074348e-01 1.33905411e-01 8.55868042e-01
    4.67248857e-01 6.01518571e-01 2.39264458e-01 1.36328757e-01
    8.68164897e-01 7.39952624e-01 6.05233133e-01 2.46536970e-01
    8.60503793e-01 5.65517008e-01 9.48733091e-01 3.88759404e-01
    5.65694392e-01 5.18406868e-01 4.83358234e-01 2.29558468e-01
    2.73322403e-01 9.69400346e-01 8.27735007e-01 4.90252703e-01
    9.95287597e-01 7.95105398e-02 7.87013769e-03 5.92811406e-02
    7.48921633e-01 2.07743078e-01 6.52975559e-01 4.75806922e-01
    1.65757626e-01 9.38497543e-01 4.06359702e-01 4.93347108e-01
    7.88515031e-01 2.55026191e-01 2.54629552e-02 8.49038720e-01
    1.62485212e-01 8.08049798e-01 8.89603138e-01 1.17006004e-02
    1.45038307e-01 5.75370014e-01 9.03371811e-01 5.89809418e-01
    3.51498157e-01 4.49760258e-01 5.52174449e-03 8.88188779e-02
    2.63363183e-01 5.58758855e-01 4.79960650e-01 3.48969340e-01
    5.41784942e-01 1.92513674e-01 1.04931712e-01 2.65687704e-03
    5.32221317e-01 2.11233705e-01 9.30467486e-01 6.17546260e-01
    4.25601572e-01 3.15882504e-01 3.72939736e-01 2.09455043e-01
    5.42640030e-01 8.05728197e-01 7.41985857e-01 2.99534887e-01
    2.60058820e-01 9.17180657e-01 1.56568766e-01 8.16975534e-02
    6.18796468e-01 1.73926473e-01 3.40440989e-01 3.69055867e-02
    4.86636162e-02 4.97422218e-01 2.49078393e-01 1.04218692e-01
    9.62637544e-01 7.33395040e-01 6.02161288e-01 9.71466184e-01
    7.15060830e-02 1.30790263e-01 8.55015278e-01 8.90464425e-01
    7.00732112e-01 7.74233639e-01 1.44138992e-01 2.08151788e-01
    4.38182861e-01 8.54993343e-01 3.09511781e-01 3.91791195e-01
    8.27344179e-01 7.47097731e-01 1.78681165e-01 7.35318005e-01
    7.38917351e-01 3.30567062e-02 5.33425808e-01 5.99606812e-01
    2.60362625e-01 9.48517919e-01 3.02822828e-01 2.11544871e-01
    7.85987079e-01 4.37896550e-02 2.24611580e-01 6.01688981e-01
    3.30532283e-01 6.31086349e-01 4.45924759e-01 9.32695985e-01
    3.58167291e-01 4.79617089e-01 8.10016751e-01 5.85641742e-01
    8.64468217e-01 1.72570944e-01 7.89462805e-01 5.01536012e-01
    2.25560874e-01 9.19743359e-01 4.78683561e-01 9.30615664e-02
    6.71653926e-01 6.70630515e-01 6.57441914e-02 5.71503818e-01
    4.22219515e-01 6.11014366e-01 7.37498283e-01 7.57796586e-01
    4.41503227e-01 1.09516293e-01 2.90194154e-02 9.50466752e-01
    2.85266519e-01 2.20968813e-01 4.25392032e-01 5.66236496e-01
    3.09117854e-01 4.46959376e-01 7.89074779e-01 4.70283926e-01
    5.58415055e-03 7.72398114e-02 1.66212052e-01 7.47171879e-01
    6.81282520e-01 9.02369618e-01 9.14851964e-01 3.46607000e-01
    6.04264140e-01 1.58159524e-01 1.56827867e-02 5.89755654e-01
    2.42527574e-01 7.48661995e-01 3.04735869e-01 8.10285270e-01
    5.11031985e-01 9.23475742e-01 2.89959341e-01 1.77420586e-01
    6.32024586e-01 7.58377194e-01 9.54367518e-01 2.49939412e-01
    8.39384496e-02 5.45851946e-01 7.35549986e-01 5.60182273e-01
    7.47111559e-01 1.54653579e-01 2.40738571e-01 3.14933985e-01
    6.27882242e-01 5.75920999e-01 8.98790359e-01 6.53945208e-01
    1.21615678e-01 1.65856659e-01 2.94179231e-01 7.63108134e-02
    2.43446589e-01 7.04033375e-02 5.45903683e-01 4.31555808e-01
    7.15557218e-01 5.37313461e-01 4.38757390e-01 3.22980613e-01
    7.62881756e-01 1.22780144e-01 9.08743680e-01 8.82279277e-01
    9.85577703e-01 6.43862069e-01 4.03148621e-01 3.18402588e-01
    5.95211685e-02 9.40156579e-02 7.97006011e-01 5.52370131e-01
    3.98579419e-01 5.07210612e-01 5.56500256e-01 6.73555434e-02
    7.29628146e-01 8.96831632e-01 6.10916317e-01 7.96052337e-01
    7.95446754e-01 2.24350005e-01 1.69763863e-01 5.77576816e-01
    8.60607386e-01 4.15986478e-02 5.25455356e-01 8.30178857e-01
    7.13953853e-01 2.56087720e-01 8.25886369e-01 4.81929600e-01
    1.39202386e-01 5.47300577e-02 9.42526698e-01 5.38474917e-01
    3.68760943e-01 9.98553395e-01 6.97378516e-01 1.74984306e-01
    4.84288037e-01 9.84910607e-01 8.83448482e-01 3.21384519e-01
    8.28322411e-01 7.09313393e-01 8.20904255e-01 3.39515567e-01
    7.14315593e-01 4.64539975e-01 5.58684111e-01 8.46642613e-01
    8.98017943e-01 3.52454722e-01 8.31946790e-01 9.42129433e-01
    7.60789990e-01 4.29250002e-01 5.97697496e-01 7.80206561e-01
    8.63648415e-01 8.93387556e-01 2.65994042e-01 9.17651176e-01
    8.21835339e-01 2.29310304e-01 5.18579602e-01 8.38151693e-01
    7.28317380e-01 8.97253573e-01 9.23347354e-01 8.65806937e-01
    4.93606865e-01 8.11298966e-01 3.75393122e-01 2.06467152e-01
    5.70989013e-01 8.41009617e-02 1.94381863e-01 3.13279361e-01
    1.90199852e-01 9.20460701e-01 9.12580132e-01 9.30479884e-01
    3.11623126e-01 7.65377522e-01 4.04954195e-01 4.93532628e-01
    6.10358894e-01 9.54068899e-01 7.57604837e-01 1.05671495e-01
    2.45431125e-01 7.73112595e-01 9.59733903e-01 8.51196587e-01
    3.23701203e-01 4.33659077e-01 3.74466836e-01 1.77548975e-01
    1.17639154e-01 2.81656206e-01 3.40615362e-01 8.75098467e-01
    6.86607659e-01 1.78569585e-01 2.79958606e-01 5.84957600e-02
    1.74056560e-01 7.70319462e-01 6.93172455e-01 3.70103449e-01
    2.92336822e-01 4.38803494e-01 4.54446435e-01 9.20432448e-01
    6.55327976e-01 6.33040369e-01 9.64875519e-01 9.17117417e-01
    8.62634361e-01 9.77772713e-01 8.70050907e-01 6.68602347e-01
    6.38552487e-01 2.63689548e-01 3.07746947e-01 8.72707963e-02
    7.58251429e-01 2.25901127e-01 4.55932319e-02 7.18563199e-01
    5.27438581e-01 8.36038291e-01 4.03615892e-01 5.72273016e-01
    7.84445167e-01 3.68194878e-02 5.72253942e-01 4.09818053e-01
    9.73029971e-01 5.88627458e-01 1.66966319e-01 1.98059708e-01
    4.89336312e-01 4.30714399e-01 8.60673308e-01 7.54951000e-01
    5.89021683e-01 7.37204432e-01 4.67277974e-01 2.90060401e-01
    4.90027905e-01 1.78191334e-01 1.53613567e-01 5.16346097e-02
    8.13912988e-01 5.76422572e-01 4.30044144e-01 9.00490820e-01
    3.71996522e-01 8.24785709e-01 6.21847630e-01 1.87073857e-01
    6.06181324e-01 9.53951776e-02 1.71665102e-01 3.70701909e-01
    8.34002197e-01 7.32202888e-01 5.55120051e-01 8.70743990e-01
    7.69349694e-01 1.07840002e-01 6.48310781e-01 8.31203461e-01
    1.50502026e-02 6.83457196e-01 7.54109859e-01 4.25865680e-01
    7.04402924e-02 8.74484122e-01 2.07478374e-01 5.23806632e-01
    2.93561935e-01 7.36418664e-02 4.74869132e-01 2.43675500e-01
    1.40166759e-01 1.60888404e-01 5.71621418e-01 2.47053325e-01
    3.13588649e-01 3.31628919e-02 2.60175139e-01 4.36007470e-01
    3.08585703e-01 2.50629842e-01 9.24284697e-01 5.56983829e-01
    8.71605635e-01 1.51887029e-01 8.11216831e-02 8.64068449e-01
    2.98981190e-01 7.35300243e-01 3.10888886e-01 4.55668449e-01
    8.29346418e-01 8.42260003e-01 9.28753197e-01 6.17430031e-01
    5.90916038e-01 2.26477146e-01 2.22242862e-01 2.87928224e-01
    8.05096745e-01 8.49161446e-01 1.61761731e-01 5.31839132e-01
    2.68235475e-01 6.30672932e-01 6.97312534e-01 1.17230028e-01
    1.66630030e-01 8.68291855e-02 3.88758808e-01 5.27054667e-01
    3.88470620e-01 9.96584892e-01 4.95907724e-01 6.22962594e-01
    1.10406935e-01 2.25890785e-01 8.52917552e-01 5.92476964e-01
    9.15384173e-01 7.87039161e-01 3.52318585e-01 5.27028918e-01
    1.76476806e-01 9.22822952e-01 2.84123063e-01 6.86917186e-01
    3.85125726e-01 7.52619386e-01 4.29277718e-02 3.77587974e-02
    6.47873998e-01 4.99756187e-01 2.85971165e-02 8.03438067e-01
    3.38869214e-01 3.45222354e-02 4.30851281e-02 9.57952738e-01
    1.78055555e-01 3.50608051e-01 3.80479813e-01 5.83526194e-01
    2.03539163e-01 2.15817541e-01 1.21228665e-01 2.22980320e-01
    1.64171189e-01 5.60679018e-01 7.93389320e-01 6.51071429e-01
    7.52641201e-01 4.70663488e-01 3.23666394e-01 5.82477033e-01
    4.71385390e-01 6.64145112e-01 2.32794434e-01 4.72012639e-01
    2.08560675e-01 5.49860001e-02 6.48132801e-01 5.26376426e-01
    3.52388352e-01 4.58598375e-01 8.95707905e-01 4.10231054e-02
    3.23213995e-01 3.28678906e-01 3.88785094e-01 1.36399508e-01
    1.01281375e-01 3.94110173e-01 6.11790180e-01 8.39975595e-01
    5.85225046e-01 3.09824765e-01 1.82070553e-01 9.10774589e-01
    2.50007749e-01 8.00963819e-01 4.97705340e-01 3.74063432e-01
    2.36597359e-01 1.57315254e-01 9.10845160e-01 4.81798261e-01
    3.51500303e-01 6.22192264e-01 8.34944963e-01 1.03568375e-01
    2.48090863e-01 2.53134131e-01 7.15062141e-01 9.99040484e-01
    5.79436123e-01 4.51414347e-01 3.90174121e-01 5.02115250e-01
    9.73244429e-01 9.55809832e-01 2.43529946e-01 4.40408349e-01
    4.15097356e-01 7.42522836e-01 9.86214280e-01 8.06909621e-01
    6.75613105e-01 8.80789518e-01 8.19490433e-01 8.28805566e-01
    3.97318602e-01 4.00072932e-01 3.50225806e-01 9.16437626e-01
    2.06820726e-01 6.44710422e-01 2.65703380e-01 4.85226810e-02
    9.53853130e-01 6.68822050e-01 3.01541686e-01 3.41131836e-01
    7.85089850e-01 9.73232388e-01 5.15504301e-01 9.57357407e-01
    3.74066263e-01 8.99143338e-01 7.11575925e-01 5.48133433e-01
    7.38441706e-01 6.36810362e-01 2.72897422e-01 5.75513780e-01
    1.59021169e-01 3.63190442e-01 8.18255842e-01 6.58272982e-01
    5.70865750e-01 8.14785361e-02 5.00262797e-01 4.82288241e-01
    1.19434208e-01 3.89766008e-01 8.30320716e-01 9.48101223e-01
    5.12752712e-01 4.24196422e-02 3.95442903e-01 6.94251657e-01
    5.08829176e-01 7.42214620e-02 8.20938826e-01 7.32219696e-01
    9.18363631e-02 4.23040777e-01 3.16656947e-01 3.79982829e-01
    2.62657702e-01 7.95717597e-01 9.09580112e-01 7.50033736e-01
    1.14289492e-01 9.02633250e-01 5.23797870e-01 9.61408377e-01
    6.98213041e-01 1.93213105e-01 1.93605423e-02 4.38221812e-01
    5.71376681e-02 5.87807477e-01 3.44022989e-01 6.89999938e-01
    2.40954459e-01 5.68407655e-01 1.41825914e-01 4.13280725e-01
    4.64966685e-01 5.07992506e-01 9.49760377e-01 5.92589200e-01
    8.59108388e-01 3.95301878e-02 1.92356735e-01 7.04293489e-01
    1.00986451e-01 9.46848154e-01 6.19616270e-01 8.12509179e-01
    9.96629000e-01 1.98017120e-01 4.99253869e-01 8.69892359e-01
    7.23439157e-01 7.49917328e-02 9.47823107e-01 6.67504609e-01
    5.43692708e-01 4.73091483e-01 7.64919698e-01 6.75501466e-01
    7.40855396e-01 9.43378210e-01 2.75721669e-01 5.63536584e-01
    4.90004689e-01 4.54157799e-01 1.55014038e-01 7.43368924e-01
    6.41345978e-04 7.23172605e-01 3.34328234e-01 9.60360706e-01
    3.91605824e-01 1.34493649e-01 5.12600183e-01 3.57793331e-01
    9.64082241e-01 1.84194773e-01 8.75371516e-01 4.76824075e-01
    6.37699544e-01 3.04227144e-01 3.03448439e-01 3.56973648e-01
    1.50675774e-01 8.15853000e-01 5.14269710e-01 6.48272395e-01
    2.81198978e-01 5.08536696e-02 6.02982044e-02 6.45861864e-01
    2.12401152e-02 6.09903753e-01 2.68194377e-02 1.86989546e-01
    6.99763596e-01 9.00740325e-02 2.73836195e-01 3.10747206e-01
    7.24387288e-01 2.10583866e-01 5.75391173e-01 8.13463032e-02
    4.96529520e-01 6.29315853e-01 6.57464027e-01 6.77727938e-01
    2.16314465e-01 7.42529392e-01 3.33493084e-01 8.12894106e-01
    5.94617546e-01 4.19889569e-01 7.54632950e-01 7.03231215e-01
    9.49656129e-01 8.09006810e-01 6.18225217e-01 6.51518285e-01
    4.18963969e-01 2.99384773e-01 7.78338552e-01 3.04290473e-01
    1.25760943e-01 1.85058534e-01 7.63866305e-02 6.69191718e-01
    8.84000063e-01 7.75542438e-01 2.60651231e-01 3.87101084e-01
    6.46994710e-02 5.51930010e-01 2.82530636e-01 2.49075145e-01
    8.35549831e-03 2.88585722e-01 3.83645773e-01 8.51851642e-01
    8.83071184e-01 6.38936102e-01 2.98820436e-01 3.64333928e-01
    3.72889519e-01 4.65554953e-01 1.45472407e-01 7.77358651e-01
    4.70833182e-01 3.67117226e-02 2.93528795e-01 1.12629592e-01
    3.07600975e-01 1.94165379e-01 9.54225421e-01 7.47020543e-01
    6.54624581e-01 4.80677634e-01 8.52455020e-01 5.42134881e-01
    8.54701281e-01 2.67780662e-01 7.75092483e-01 5.57775676e-01
    3.66211683e-01 1.39238387e-01 1.64140940e-01 4.86174107e-01
    2.11552888e-01 4.77297813e-01 2.01184422e-01 1.10549420e-01
    8.98253679e-01 8.53724599e-01 2.77001858e-02 7.32246757e-01
    7.68895745e-01 9.99463797e-01 1.82006896e-01 1.05139226e-01
    8.48129034e-01 7.94398785e-02 1.16833150e-01 7.08104312e-01
    7.70389318e-01 6.72606230e-01 5.84536374e-01 2.89462030e-01
    3.49050701e-01 1.55469388e-01 8.23903918e-01 5.90277433e-01
    1.01898462e-01 1.06761336e-01 9.33313370e-02 6.35289371e-01
    4.15210128e-01 3.80404294e-02 8.50163698e-01 1.41041577e-01
    8.17483902e-01 4.40453589e-02 9.36704814e-01 3.77261698e-01
    8.93175125e-01 4.83654529e-01 5.27445018e-01 8.03153694e-01
    8.64714086e-01 6.32182419e-01 8.11598420e-01 5.12747645e-01
    4.11390007e-01 2.12410033e-01 2.40076095e-01 3.04311574e-01
    8.92563045e-01 8.20085049e-01 2.24584937e-01 7.64568806e-01
    9.36834216e-01 1.69434041e-01 9.02138948e-01 7.92940497e-01
    3.30424249e-01 9.42364454e-01 2.49061495e-01 8.57157707e-01
    3.13069820e-01 5.90293884e-01 4.60311979e-01 4.63686913e-01
    4.56742644e-02 5.68767548e-01 1.73609644e-01 5.11122942e-01
    8.47095251e-01 4.37223047e-01 4.75518405e-02 6.16350174e-01
    3.01854849e-01 2.08076835e-01 6.21554017e-01 3.71502042e-01
    1.20668620e-01 8.77688229e-01 5.06743252e-01 2.20788985e-01
    4.95515585e-01 9.67768073e-01 4.44438040e-01 4.31543499e-01
    6.08537734e-01 3.30894113e-01 8.46809506e-01 9.39412832e-01
    8.97642851e-01 6.86987042e-01 1.44807428e-01 4.94428307e-01
    7.54523158e-01 1.35396510e-01 3.61253321e-02 3.65039349e-01
    1.91148996e-01 2.27146387e-01 9.14194822e-01 4.87025112e-01
    9.37100768e-01 2.49601573e-01 3.07799935e-01 6.50669754e-01
    8.80530238e-01 7.40643203e-01 1.85997427e-01 5.52399278e-01
    9.74415064e-01 2.71605790e-01 1.83482587e-01 1.19218260e-01
    3.90610129e-01 5.92671037e-01 6.78654015e-02 8.07866991e-01
    8.76606524e-01 4.28229332e-01 3.90791088e-01 3.18841577e-01
    8.69425356e-01 3.55607808e-01 5.59836388e-01 8.31887901e-01
    9.94049072e-01 4.29879457e-01 2.08671689e-02 5.00917792e-01
    6.55977845e-01 4.96443182e-01 8.01961899e-01 2.12275803e-01
    1.95468962e-01 5.00543594e-01 4.83781427e-01 2.06160247e-01
    4.55296308e-01 3.20990503e-01 1.35982394e-01 5.07966161e-01
    3.05799961e-01 2.78315306e-01 2.27763623e-01 7.36834407e-01
    4.52276468e-02 2.24800467e-01 7.49081492e-01 5.36285520e-01
    3.06302786e-01 3.13251197e-01 3.65950555e-01 2.36308873e-02
    4.73505139e-01 6.40407622e-01 3.49770576e-01 7.65072942e-01
    9.05352890e-01 1.47482842e-01 9.16675687e-01 1.90721571e-01
    6.70722127e-01 3.82191807e-01 1.20595485e-01 6.51466012e-01
    9.40933824e-01 1.49635762e-01 6.53200865e-01 2.43096709e-01
    3.69033277e-01 2.62808472e-01 6.75898910e-01 6.47925198e-01
    5.66303909e-01 6.24690950e-01 1.14936233e-02 3.52448493e-01
    4.69809771e-03 1.30114853e-01 5.45563698e-02 7.15003133e-01
    9.68439877e-02 4.17427689e-01 1.80533230e-02 2.48769015e-01
    7.50620961e-01 6.40696526e-01 1.23826921e-01 3.48469853e-01
    4.49184090e-01 1.96069002e-01 6.66440725e-02 1.15978301e-01
    4.84037876e-01 7.29648471e-01 4.32696819e-01 7.35707223e-01
    8.77288163e-01 5.72968066e-01 1.41324610e-01 3.92380506e-01
    7.04267859e-01 9.41273808e-01 6.94986522e-01 7.58423030e-01
    1.51764452e-01 7.41470873e-01 5.07210016e-01 1.40413165e-01
    3.48483205e-01 6.24616861e-01 3.63746047e-01 4.39907461e-01
    7.83339798e-01 6.84695542e-01 2.23099530e-01 7.98040152e-01
    5.66481471e-01 5.07253230e-01 3.33577275e-01 2.04958409e-01
    2.42380828e-01 8.94557655e-01 8.53544116e-01 6.39672041e-01
    5.73842943e-01 2.87548184e-01 3.55551660e-01 7.53705382e-01
    4.43308860e-01 9.24587965e-01 3.80873859e-01 3.28433037e-01
    6.83208466e-01 1.63868785e-01 4.81682003e-01 4.62346226e-01
    8.39307189e-01 7.47682154e-02 4.80993629e-01 8.96854103e-02
    4.04766709e-01 1.18012458e-01 1.91330642e-01 4.82592285e-02
    4.98732775e-01 1.30436867e-01 1.29279464e-01 1.73247755e-01
    2.46047080e-02 3.84029955e-01 9.59636688e-01 1.45004123e-01
    4.02303457e-01 3.45328540e-01 1.97367191e-01 2.56338477e-01
    5.45461953e-01 7.33255088e-01 1.83884114e-01 6.18307710e-01
    1.22939885e-01 7.13250518e-01 2.28680700e-01 9.29739177e-01
    2.37560451e-01 7.32477307e-02 5.59355140e-01 9.13728297e-01
    5.59502006e-01 7.66827822e-01 1.23094022e-01 8.89834762e-01
    5.98279953e-01 2.18920499e-01 4.51821446e-01 1.84498310e-01
    1.85114622e-01 4.62729156e-01 4.75634634e-02 1.37367517e-01
    9.07997489e-01 7.36845016e-01 4.97556031e-02 2.41919190e-01
    1.95673674e-01 8.67312193e-01 2.89645016e-01 9.52873945e-01
    3.09491813e-01 5.06089926e-01 3.68269265e-01 8.09565306e-01
    6.29120469e-01 7.36857057e-02 9.45337057e-01 3.12040061e-01
    1.94533169e-02 4.35772717e-01 6.09113574e-01 1.74696058e-01
    2.22674191e-01 1.53519690e-01 3.28928232e-01 7.16212034e-01
    1.38756007e-01 8.18247914e-01 6.57917261e-01 9.20310736e-01
    3.33201289e-02 6.67031229e-01 5.91144860e-02 1.76152319e-01
    7.80187607e-01 3.23481083e-01 8.37193608e-01 8.94951820e-01
    7.48465896e-01 1.59639776e-01 2.99046397e-01 5.07409692e-01
    4.01338398e-01 5.39716363e-01 3.86159122e-01 2.48329699e-01
    5.59135497e-01 8.68516207e-01 9.91875052e-01 8.03048253e-01
    2.11714149e-01 8.02946746e-01 2.98061013e-01 9.99147892e-01
    5.42912185e-01 5.87353051e-01 7.34891891e-02 3.09666514e-01
    4.75007445e-01 2.82139003e-01 1.21710300e-02 8.99296463e-01
    1.24687254e-01 8.01197529e-01 5.62267303e-02 3.38851511e-01
    7.47593939e-02 8.34015012e-01 7.42859125e-01 9.87324357e-01
    6.29423797e-01 2.47168958e-01 2.69700944e-01 2.13919461e-01
    5.42357087e-01 6.09644175e-01 1.21011704e-01 1.70722157e-01
    4.06776994e-01 9.57309425e-01 7.95887589e-01 9.09983754e-01
    6.21877849e-01 7.92905390e-02 5.84424198e-01 3.27890933e-01
    3.06435943e-01 3.19891751e-01 7.00913548e-01 7.50095427e-01
    9.12540317e-01 5.44849634e-01 8.51579010e-02 3.07953417e-01
    9.51526940e-01 9.13259387e-01 8.80875587e-02 6.98902071e-01
    1.41601086e-01 7.57591248e-01 8.36931527e-01 6.60116613e-01
    5.57005286e-01 5.37238598e-01 3.55738401e-01 3.75460863e-01
    3.79058033e-01 4.21128124e-01 4.71966654e-01 1.21697366e-01
    8.15184116e-01 2.81187236e-01 7.04711676e-02 4.48469132e-01
    3.90112281e-01 2.76663929e-01 5.02780020e-01 2.23001629e-01
    9.91710067e-01 7.49976695e-01 2.70269513e-01 2.71494448e-01
    7.92886972e-01 7.65965462e-01 4.28059191e-01 5.55022418e-01
    3.89213145e-01 4.71055448e-01 5.55947840e-01 5.95533729e-01
    4.97664273e-01 7.87680030e-01 1.02992773e-01 6.86754823e-01
    7.96789646e-01 8.04989219e-01 3.30811262e-01 5.29959023e-01
    3.76124978e-01 6.67367160e-01 9.82640266e-01 8.79338503e-01
    1.77657813e-01 3.69160950e-01 2.34306753e-02 1.34930491e-01
    3.05945456e-01 2.28782415e-01 8.61999273e-01 1.40601367e-01
    2.95233071e-01 1.93482459e-01 9.16815996e-01 3.71299326e-01
    2.69545257e-01 9.24565554e-01 2.61647701e-01 6.56321466e-01
    9.53985929e-01 4.37554926e-01 9.08509016e-01 6.72269285e-01
    7.93616772e-01 3.42613399e-01 7.66260087e-01 5.21794260e-02
    6.44913018e-02 1.32322907e-02 2.34764516e-01 6.22926474e-01
    5.48317134e-02 8.81565392e-01 4.99992937e-01 6.80903792e-01
    4.11671519e-01 2.69306690e-01 7.43141353e-01 6.35248721e-01
    1.49808049e-01 9.68079090e-01 6.54999733e-01 7.54634142e-01
    3.31552386e-01 8.68167341e-01 3.56284410e-01 2.46389866e-01
    4.98418987e-01 6.83756351e-01 7.10571527e-01 3.09374213e-01
    3.54186177e-01 2.10336089e-01 8.29704642e-01 9.22850966e-01
    7.77095973e-01 6.31901383e-01 6.29940391e-01 3.18710029e-01
    9.37996686e-01 8.70251894e-01 1.56293422e-01 6.20728493e-01
    8.74045610e-01 7.13015199e-01 7.10119665e-01 3.58580947e-02
    2.39066571e-01 2.51707435e-02 6.77670658e-01 7.77930975e-01
    1.21731728e-01 7.66633213e-01 2.69033939e-01 1.67491972e-01
    3.03693652e-01 5.05813003e-01 7.15425253e-01 8.04935336e-01
    9.62111712e-01 4.63836133e-01 5.62057018e-01 7.08793819e-01
    4.96379107e-01 2.53880739e-01 7.26179361e-01 1.94781542e-01
    7.95436859e-01 3.55830610e-01 7.93189645e-01 3.08232695e-01
    3.06661785e-01 6.27459586e-01 4.04068768e-01 7.04829812e-01
    3.74232650e-01 2.66817272e-01 1.20027393e-01 2.54594982e-01
    6.86082780e-01 5.32253802e-01 3.92039716e-01 5.23095727e-01
    3.15714300e-01 5.44570208e-01 6.12525105e-01 4.08018261e-01
    2.75170803e-03 2.81106055e-01 3.49509001e-01 4.08581734e-01
    2.43348777e-02 5.54477215e-01 2.78891742e-01 7.83325076e-01
    6.37999475e-01 5.83258092e-01 1.47410393e-01 9.40724909e-02
    3.61380279e-02 6.39529765e-01 8.38316441e-01 2.53342807e-01
    9.18350220e-02 7.81898022e-01 6.97526455e-01 2.47202933e-01
    9.85379398e-01 6.59340620e-02 3.20180863e-01 7.79746771e-01
    3.86794358e-01 1.19706452e-01 4.73773599e-01 9.14055109e-01
    1.81382984e-01 9.46124196e-01 2.22418755e-01 6.17137849e-02
    8.22518468e-01 2.01813757e-01 9.33765054e-01 2.26022989e-01
    5.35661340e-01 8.50263298e-01 3.39205325e-01 8.00678730e-02
    9.04719949e-01 6.47271514e-01 4.85560596e-01 1.72316760e-01
    2.06487745e-01 6.49033070e-01 5.53254366e-01 2.90392458e-01
    3.73007834e-01 8.00197780e-01 6.35091066e-02 3.45492363e-03
    7.65793443e-01 4.97892290e-01 8.31135511e-01 1.11661553e-01
    5.66184700e-01 6.22857213e-01 8.08655381e-01 8.99992883e-02
    5.50359964e-01 1.15035623e-01 8.06017041e-01 3.52928042e-02
    8.06301951e-01 2.66105115e-01 7.27578402e-01 9.93740678e-01
    8.21614921e-01 3.55099261e-01 3.43582273e-01 7.01498270e-01
    8.97582114e-01 9.36172724e-01 5.14045358e-02 6.96473479e-01
    6.57001317e-01 7.36245692e-01 8.33594084e-01 8.68663192e-03
    4.24793333e-01 9.28238869e-01 9.62463140e-01 7.95396924e-01
    5.21876812e-02 3.27471495e-01 6.23950660e-02 6.54809117e-01
    6.39347315e-01 2.73849547e-01 7.27519393e-01 2.59999931e-01
    1.83022648e-01 7.05836952e-01 3.66956234e-01 3.62717658e-01
    1.38433635e-01 3.04666638e-01 3.52155149e-01 8.52566004e-01
    5.17849207e-01 3.49840224e-01 6.28094375e-02 9.04426217e-01
    6.98689222e-02 9.19813633e-01 4.67276722e-01 1.77254856e-01
    6.73478127e-01 4.86277103e-01 6.28080845e-01 6.38687968e-01
    6.38810396e-01 6.85274422e-01 9.14562345e-01 4.75126088e-01
    6.64500773e-01 4.52324778e-01 4.23870057e-01 4.73659664e-01
    1.55045122e-01 8.55983734e-01 5.14950275e-01 8.11744332e-01
    7.76949525e-01 2.17319578e-01 2.03294188e-01 7.19765067e-01
    8.99037838e-01 4.82520103e-01 2.35209703e-01 5.88905692e-01
    3.60104442e-03 8.56230736e-01 8.61020803e-01 6.72915757e-01
    1.49898440e-01 8.60262334e-01 3.33238602e-01 3.54367405e-01
    3.48254740e-01 6.41793370e-01 4.92007852e-01 6.10449314e-01
    8.43872547e-01 6.31886125e-02 1.28813803e-01 2.39328086e-01
    7.83592820e-01 9.06382322e-01 7.02226520e-01 3.13415110e-01
    5.12795389e-01 8.04293394e-01 6.21359050e-02 1.38457954e-01
    2.15706825e-01 2.53692627e-01 7.12576747e-01 4.90169793e-01
    3.12359154e-01 8.26424718e-01 8.12367320e-01 7.70881474e-01
    1.30793244e-01 9.76029038e-01 5.71942210e-01 1.05018169e-01
    5.21598697e-01 8.26993108e-01 3.86871696e-01 3.42785060e-01
    9.57991838e-01 6.53271735e-01 9.43417907e-01 9.74566579e-01
    5.47132015e-01 4.94567961e-01 7.05723345e-01 6.12870455e-01
    1.54511124e-01 2.43177265e-01 7.96769977e-01 4.54561681e-01
    5.25232613e-01 2.65323997e-01 1.09417945e-01 9.77538347e-01
    3.39594841e-01 5.15925527e-01 3.50904346e-01 7.96002984e-01
    1.34723902e-01 9.85717177e-02 9.96842742e-01 7.47547746e-01
    1.52214229e-01 1.55996054e-01 2.29582548e-01 8.08586717e-01
    6.83699608e-01 6.83759391e-01 4.85808313e-01 1.01857245e-01
    2.41531461e-01 2.11831272e-01 2.86717445e-01 8.59540701e-01
    8.66006494e-01 4.75060433e-01 5.17151594e-01 3.81975234e-01
    2.71536112e-02 4.95649040e-01 4.10445929e-01 8.98248911e-01
    1.89402997e-01 7.71062732e-01 7.67276943e-01 9.42155421e-01
    8.94770503e-01 2.67472863e-03 3.95931184e-01 3.82644832e-02
    5.77868581e-01 9.10813451e-01 5.58786035e-01 6.52275383e-01
    7.73383558e-01 2.99544662e-01 9.88568544e-01 8.84623289e-01
    3.73881072e-01 4.50661778e-03 6.60046816e-01 2.92904794e-01
    2.37201869e-01 1.67717785e-01 2.63674259e-01 2.48980403e-01
    5.14160454e-01 6.93572998e-01 2.77420878e-02 7.05137432e-01
    5.94368935e-01 5.86700678e-01 5.47467768e-02 6.78252578e-01
    4.74720478e-01 3.92704010e-01 6.59923375e-01 9.68306422e-01
    6.14342093e-02 6.10302389e-01 7.75264919e-01 1.47855073e-01
    2.23074555e-02 5.34197390e-01 9.23647165e-01 5.70377231e-01
    7.86816955e-01 1.29478008e-01 9.76237237e-01 8.78772736e-01
    6.90459013e-01 5.68694055e-01 8.95621538e-01 6.98628187e-01
    1.53585315e-01 6.97582364e-02 2.06255764e-01 1.74547732e-01
    6.05824351e-01 4.48315471e-01 8.26580882e-01 2.74873734e-01
    6.26347721e-01 8.55035961e-01 3.16881925e-01 8.07132065e-01
    7.85455823e-01 8.09125781e-01 6.48894846e-01 4.31593567e-01
    3.99962664e-01 3.14943224e-01 4.63882297e-01 5.82066059e-01
    7.09568262e-02 2.26836503e-01 7.47964382e-02 6.74561560e-02
    9.78955626e-02 2.52289832e-01 2.80714035e-03 9.48470175e-01
    6.86531365e-01 2.84412026e-01 4.83263582e-01 8.96143913e-01
    7.82464862e-01 8.67596149e-01 1.43226117e-01 8.30946922e-01
    5.57602286e-01 7.76303113e-02 5.81285775e-01 9.31721330e-01
    3.75802517e-01 3.92297029e-01 1.90504938e-01 2.42641419e-01
    6.22101307e-01 3.39781821e-01 8.78416061e-01 7.38938272e-01
    2.34581918e-01 8.17121506e-01 1.51468486e-01 7.39891410e-01
    6.77834332e-01 3.35015029e-01 6.40454471e-01 4.08350796e-01
    9.02466178e-01 8.35470915e-01 3.92322421e-01 3.88514012e-01
    8.80085707e-01 3.94346774e-01 8.39243531e-01 9.01838303e-01
    7.07385063e-01 8.91803801e-01 7.34368682e-01 9.14325595e-01
    3.71590018e-01 7.18090355e-01 1.98354751e-01 7.89484441e-01
    2.58399069e-01 9.03227925e-03 4.55670476e-01 7.12269545e-01
    1.94253504e-01 9.17110145e-01 8.46977472e-01 8.99952531e-01
    3.85312885e-01 9.84555304e-01 7.22083271e-01 9.69904423e-01
    4.06179786e-01 7.34536171e-01 9.14541602e-01 9.33076560e-01
    8.60482574e-01 5.40143669e-01 9.70631480e-01 6.11985922e-01
    7.74673820e-01 6.16748452e-01 9.56915498e-01 7.57304609e-01
    2.55995840e-01 8.82041097e-01 7.18947351e-02 8.50042701e-03
    6.22487962e-01 5.69744766e-01 3.73506248e-02 9.52269912e-01
    4.74222004e-02 4.84818012e-01 4.11153138e-01 3.24321806e-01
    8.86148810e-01 4.78347361e-01 5.64468265e-01 4.52626646e-01
    6.86947107e-01 9.11532044e-02 9.71630454e-01 5.19014120e-01
    2.02515900e-01 1.52740061e-01 6.10498786e-02 9.59783912e-01
    6.56997919e-01 1.21697217e-01 8.31177235e-01 4.00522649e-02
    6.02723658e-01 1.77426904e-01 4.54656899e-01 7.47459233e-01
    9.05461073e-01 2.28584707e-01 4.41182852e-01 4.47092146e-01
    9.12780225e-01 6.20084286e-01 5.50375998e-01 1.40616536e-01
    7.04346895e-01 1.43118143e-01 6.81335390e-01 2.90546417e-02
    3.54979932e-01 8.36258769e-01 9.48632956e-02 1.34121925e-01
    9.14673328e-01 8.62651110e-01 3.43757749e-01 3.25065047e-01
    6.94313467e-01 2.35879630e-01 2.05212265e-01 6.36627078e-01
    4.47985530e-03 7.09255695e-01 5.25438547e-01 3.49521130e-01
    1.23974115e-01 4.33869660e-02 8.55011046e-01 4.04112935e-01
    1.58507973e-01 1.36524677e-01 5.46914339e-01 6.65100217e-02
    5.32064557e-01 5.57952523e-01 7.46198595e-01 7.67585754e-01
    8.19271684e-01 1.01655930e-01 9.46680546e-01 8.06003332e-01
    8.07105184e-01 6.82109594e-01 1.49621874e-01 3.46863925e-01
    8.91536713e-01 3.48765135e-01 9.51114655e-01 8.47328603e-01
    4.80931133e-01 1.02576643e-01 5.85145593e-01 2.62787849e-01
    5.47926962e-01 8.72186542e-01 8.79149079e-01 3.28705639e-01
    7.99018919e-01 4.22773361e-02 3.23265791e-02 3.07377219e-01
    8.77125025e-01 8.25542331e-01 9.06600058e-02 3.29018891e-01
    7.17319191e-01 5.21553755e-01 8.80692720e-01 5.23338079e-01
    6.45549417e-01 2.55819261e-01 4.84216779e-01 3.24105740e-01
    2.42683887e-02 8.61872435e-02 8.96451175e-02 3.66388261e-02
    3.45940739e-01 1.76415771e-01 8.64619017e-01 7.35116303e-01
    3.55460137e-01 5.03766179e-01 5.89130461e-01 8.28934908e-01
    8.36097717e-01 6.22038007e-01 4.41981614e-01 1.32860422e-01
    3.61731678e-01 6.06117487e-01 5.22336066e-02 3.77124488e-01
    1.70655042e-01 3.67417395e-01 4.40231115e-01 6.13641322e-01
    9.02212262e-01 3.57184350e-01 5.59953034e-01 1.99133158e-03
    3.07259500e-01 6.49542570e-01 8.19506526e-01 8.83197069e-01
    9.40263987e-01 4.26346064e-01 4.57784981e-01 1.78337008e-01
    4.78860408e-01 1.68787807e-01 7.43961811e-01 2.73039341e-01
    2.55791932e-01 6.88962162e-01 1.36280030e-01 6.88813925e-02
    5.83304584e-01 5.17424345e-01 1.30919009e-01 4.18988228e-01
    2.36661255e-01 7.53866673e-01 4.64849234e-01 5.97564518e-01
    2.29022771e-01 2.18137085e-01 5.14173388e-01 1.81293935e-01
    1.80955023e-01 5.51691532e-01 3.64402533e-01 9.74144697e-01
    4.98265862e-01 9.90154564e-01 9.94218946e-01 4.04246092e-01
    6.54974222e-01 9.28786457e-01 8.71932030e-01 5.19691944e-01
    1.75011069e-01 2.13399172e-01 7.71701038e-02 6.41644120e-01
    3.50767434e-01 1.09409422e-01 3.79671156e-01 2.20742822e-03
    6.11594558e-01 3.33913594e-01 9.92534637e-01 9.81033802e-01
    3.23655367e-01 1.80960506e-01 3.17984819e-01 5.90161920e-01
    9.35907960e-01 2.82371342e-01 4.43579018e-01 7.38372028e-01
    5.15947640e-02 5.83162606e-01 6.45066142e-01 1.87008351e-01
    7.81380594e-01 5.65577447e-02 8.96506608e-02 3.51684391e-02
    2.70552039e-01 4.39187407e-01 5.61071992e-01 8.15087557e-03
    4.72437233e-01 2.59606153e-01 3.76386344e-01 6.66449785e-01
    8.84883404e-01 6.72158420e-01 1.48256123e-02 5.83330929e-01
    3.61978084e-01 2.47532517e-01 2.44559050e-01 7.99508989e-02
    7.96677470e-01 7.72444069e-01 2.66138107e-01 7.76380956e-01
    5.96800447e-02 6.82579875e-01 6.65288210e-01 6.48643970e-02
    9.73838270e-02 3.76106173e-01 5.20865381e-01 3.55738133e-01
    9.73483801e-01 4.12063867e-01 5.34515321e-01 6.34149492e-01
    7.22913742e-02 1.80814415e-01 4.07108098e-01 7.16846704e-01
    1.34871513e-01 5.80908239e-01 5.36910057e-01 8.83171916e-01
    7.86592484e-01 9.49826479e-01 2.48019427e-01 6.21373415e-01
    1.65851951e-01 2.17342705e-01 7.51055479e-02 4.67559993e-02
    9.22764242e-02 2.50426948e-01 3.51745665e-01 8.76985967e-01
    1.46283388e-01 4.82508510e-01 9.20790076e-01 9.18660879e-01
    7.04568028e-01 2.73770243e-01 2.93795466e-01 4.29955900e-01
    7.43106484e-01 7.29480445e-01 7.13799775e-01 2.83969313e-01
    7.55595148e-01 5.03642678e-01 8.48142147e-01 3.31555903e-02
    8.10993910e-01 5.04972041e-01 1.42571747e-01 8.89531374e-02
    1.85679138e-01 3.77481937e-01 9.14496422e-01 6.02113962e-01
    9.70027983e-01 8.52158308e-01 8.00534844e-01 8.85647178e-01
    3.34999472e-01 8.53016615e-01 8.19384158e-01 6.58668876e-01
    3.42502773e-01 2.31327742e-01 5.56687713e-01 9.44076180e-01
    6.67601824e-02 2.98274696e-01 2.51218915e-01 6.28769457e-01
    1.12721086e-01 5.85181534e-01 6.36121929e-02 8.47377837e-01
    1.42674595e-01 2.97962070e-01 3.94524515e-01 6.95326388e-01
    6.50460064e-01 1.54438853e-01 2.12024570e-01 3.30857337e-02
    4.24410641e-01 5.36656737e-01 3.78688872e-01 5.81842721e-01
    9.95880723e-01 5.77337444e-02 8.16182733e-01 6.55332804e-01
    8.26873064e-01 4.78764087e-01 8.78702998e-01 4.16720599e-01
    1.35026067e-01 3.29548061e-01 8.12863231e-01 3.05811524e-01
    5.77056468e-01 5.80205917e-01 2.87645429e-01 8.44699621e-01
    6.33126974e-01 2.83257425e-01 8.64365101e-01 7.38738716e-01
    3.01431030e-01 7.01364398e-01 1.00014687e-01 7.82663345e-01
    2.57387519e-01 3.51443231e-01 1.72076046e-01 3.68041813e-01
    4.43418622e-01 9.71393943e-01 6.05032861e-01 1.27278268e-01
    6.62797570e-01 5.90455294e-01 8.89738202e-01 3.27790648e-01
    8.86017442e-01 3.36406648e-01 6.76146090e-01 4.44905251e-01
    1.81308806e-01 8.30657959e-01 6.64572477e-01 6.32910371e-01
    8.57896090e-01 2.85489321e-01 1.64425284e-01 1.11874938e-02
    1.76064134e-01 7.65558004e-01 5.07198215e-01 5.92897356e-01
    1.50607824e-01 3.21396828e-01 9.74886775e-01 3.81321430e-01
    8.53543460e-01 8.70561838e-01 3.83302033e-01 8.41757536e-01
    6.74883127e-01 7.32703209e-02 7.33532667e-01 9.35286582e-02
    5.75927258e-01 7.63120055e-02 1.51877701e-02 8.17364156e-01
    9.69486117e-01 5.35045505e-01 8.90739262e-01 3.12269539e-01
    8.82235110e-01 8.68649602e-01 6.28136992e-01 8.89297962e-01
    7.64027238e-01 2.65986592e-01 1.74030453e-01 3.08572173e-01
    6.01327419e-02 8.17602813e-01 5.79575300e-02 2.93603539e-03
    4.76971567e-01 5.81688821e-01 8.36398005e-01 4.15744185e-01
    6.49753213e-01 7.78959632e-01 4.40859079e-01 4.12579566e-01
    5.06831050e-01 7.35478282e-01 8.36601138e-01 1.03780210e-01
    3.87824953e-01 2.51914918e-01 4.53707516e-01 9.66454864e-01
    5.30668080e-01 4.72249866e-01 8.63103867e-02 5.90728045e-01
    2.53909647e-01 3.93275738e-01 4.75306094e-01 3.21009994e-01
    9.41181183e-01 7.56529093e-01 6.82806075e-01 6.68770552e-01
    1.10683233e-01 3.15677404e-01 2.72509754e-02 7.13710010e-01
    7.07922816e-01 5.11864603e-01 7.97010899e-01 7.48368621e-01
    6.76542580e-01 8.21778417e-01 6.86845720e-01 7.86550462e-01
    1.39382362e-01 2.42721140e-02 5.95683396e-01 1.14506841e-01
    6.15519047e-01 2.81948507e-01 7.45061457e-01 7.50957549e-01
    1.93786293e-01 8.30554128e-01 8.35349202e-01 5.01267612e-01
    8.82939458e-01 8.50399017e-01 7.47915804e-02 6.74695253e-01
    6.04796052e-01 4.08529639e-01 7.76973665e-01 7.75219440e-01
    5.96865952e-01 3.56860489e-01 6.62010968e-01 9.87982035e-01
    6.55171216e-01 2.83500314e-01 7.52176404e-01 1.44625902e-01
    5.99853814e-01 8.37185264e-01 4.41033453e-01 6.26726627e-01
    7.36770272e-01 9.74207759e-01 8.85309219e-01 2.22532719e-01
    3.64205867e-01 8.96350920e-01 1.11864060e-01 1.70125723e-01
    9.18505669e-01 9.71041679e-01 2.64137596e-01 8.45747471e-01
    1.10624194e-01 3.56374919e-01 6.82960749e-01 9.68371034e-01
    1.50439620e-01 4.59760904e-01 7.13921845e-01 1.75950438e-01
    4.42698777e-01 7.93053985e-01 5.08453071e-01 9.03158665e-01
    3.29150945e-01 3.75507891e-01 9.86139178e-01 1.36976480e-01
    7.99446285e-01 3.36043447e-01 9.33802009e-01 2.95225948e-01
    8.90680313e-01 6.47967994e-01 1.60602659e-01 5.92263162e-01
    5.09647727e-01 1.23677880e-01 8.73860002e-01 2.81336010e-01
    6.36561751e-01 9.82674062e-02 1.53296351e-01 5.53611755e-01
    4.53719974e-01 7.67526746e-01 5.56811929e-01 5.93250394e-01
    5.23342669e-01 4.60673422e-01 6.03400707e-01 8.87858808e-01
    9.52067196e-01 3.45061243e-01 6.50843203e-01 6.59762084e-01
    1.69307232e-01 5.51063895e-01 4.34871614e-01 1.36242807e-01
    6.48761630e-01 6.49858356e-01 7.78745294e-01 2.32198834e-02
    3.63676786e-01 1.10136807e-01 1.04470253e-02 3.69187355e-01
    7.33315945e-01 8.74844491e-01 9.89701211e-01 1.66869432e-01
    4.67173249e-01 3.60624790e-01 9.04081225e-01 1.06000751e-01
    2.16534853e-01 6.17297590e-01 9.03059721e-01 5.06646514e-01
    3.48910183e-01 1.54847980e-01 9.63283241e-01 2.06885099e-01
    6.49259031e-01 1.65504277e-01 2.37829238e-01 5.72304547e-01
    8.20689082e-01 9.60387230e-01 4.81160581e-02 1.41824484e-02
    7.12942064e-01 6.96769357e-02 3.18327725e-01 4.71383333e-02
    9.23967183e-01 3.39720547e-01 2.08608419e-01 7.42802680e-01
    2.60343909e-01 4.29598629e-01 3.84803981e-01 5.37809491e-01
    1.41458392e-01 2.59714991e-01 1.21533096e-01 8.89420509e-02
    3.85970324e-01 8.33612680e-03 4.34246033e-01 7.52232492e-01
    7.97212481e-01 4.83423769e-02 7.69075453e-01 2.29972064e-01
    4.08702374e-01 3.95315737e-01 2.10209608e-01 9.98276472e-01
    8.94403636e-01 5.64672649e-01 1.99011803e-01 5.37348449e-01
    1.61506176e-01 4.71762329e-01 9.87929463e-01 2.02899188e-01
    7.47882724e-02 3.05395782e-01 2.72271007e-01 7.17300534e-01
    7.87144482e-01 4.06999260e-01 6.62004054e-01 8.00286770e-01
    4.70874429e-01 4.93098229e-01 5.21630108e-01 7.85993457e-01
    9.92301345e-01 2.27677733e-01 2.07151413e-01 4.17950928e-01
    8.99449885e-02 2.70920098e-01 9.99397159e-01 9.34135318e-02
    8.89579892e-01 9.34465468e-01 9.51825321e-01 5.47402620e-01
    5.08881211e-01 8.16406250e-01 3.11284721e-01 2.89769769e-02
    4.87327844e-01 4.83283937e-01 5.28211832e-01 4.82946366e-01
    6.51476026e-01 5.85114598e-01 3.45981836e-01 1.88976169e-01
    3.49672377e-01 1.23581707e-01 1.17935628e-01 7.57194996e-01
    5.51131785e-01 8.75785351e-02 6.51919186e-01 3.57958257e-01
    2.53074288e-01 7.40356088e-01 2.88379669e-01 2.13959694e-01
    7.84670711e-01 2.38215208e-01 6.30195498e-01 5.05172014e-01
    4.40983266e-01 3.36193621e-01 2.75492549e-01 6.01181090e-02
    3.62567067e-01 5.11206210e-01 3.30815881e-01 2.54096389e-01
    3.39164019e-01 2.75774300e-01 3.87673676e-02 4.14937198e-01
    2.80762911e-01 2.57807195e-01 6.77271068e-01 3.94943565e-01
    3.15602720e-02 7.99973130e-01 7.80493498e-01 5.79870760e-01
    8.04513812e-01 7.13118434e-01 1.05493456e-01 1.51348263e-01
    3.27100933e-01 6.74675643e-01 4.17713702e-01 8.63566399e-01
    4.74712849e-01 2.74650156e-01 9.15254831e-01 9.64080930e-01
    8.85124862e-01 7.63560712e-01 5.61365426e-01 4.62978601e-01
    3.26511264e-03 2.00909287e-01 9.93564427e-02 5.38808882e-01
    6.68434381e-01 4.17136252e-01 2.10012436e-01 2.75986612e-01
    9.12031293e-01 2.08915561e-01 8.40775847e-01 8.99270177e-02
    5.11232495e-01 8.61871123e-01 6.04904115e-01 9.79694307e-01
    8.50462556e-01 1.15510345e-01 6.90539241e-01 1.98349506e-01
    8.82014394e-01 2.45058030e-01 9.13869500e-01 2.52843142e-01
    6.43414855e-01 9.45496321e-01 9.47507024e-01 4.03282374e-01
    9.34900641e-01 4.89713639e-01 3.36602747e-01 9.74083364e-01
    1.40707493e-01 1.42766178e-01 5.43582499e-01 1.42661154e-01
    2.91581273e-01 6.07980490e-01 4.86420006e-01 1.96137398e-01
    2.60401666e-01 9.50499117e-01 2.29012311e-01 5.90236962e-01
    8.86442304e-01 5.78334033e-01 4.32568669e-01 5.72076321e-01
    8.10320318e-01 2.42201239e-01 6.88751161e-01 2.36123651e-01
    5.62774837e-01 6.65126264e-01 8.75344276e-02 1.39774710e-01
    5.99790335e-01 3.45171571e-01 1.08547807e-01 3.04356605e-01
    6.48873031e-01 1.03373915e-01 6.81078494e-01 5.43236017e-01
    9.11708832e-01 1.35848850e-01 4.43668157e-01 9.19796348e-01
    4.73883212e-01 6.41104639e-01 4.17316735e-01 2.05228627e-01
    6.88616753e-01 9.72203135e-01 3.01550508e-01 1.62400872e-01
    9.46396768e-01 7.95660913e-02 4.87361610e-01 6.79423213e-01
    7.09030807e-01 7.22807407e-01 9.48309302e-01 1.00794435e-02
    4.76699948e-01 6.15510821e-01 3.98447692e-01 7.24857450e-01
    7.72337794e-01 7.14166999e-01 3.23727131e-02 2.10152030e-01
    9.15504575e-01 3.67679894e-01 1.89500719e-01 3.26701820e-01
    9.33187366e-01 2.55633473e-01 9.49517548e-01 5.44674575e-01
    4.48984385e-01 2.40802675e-01 8.18573236e-02 4.06926990e-01
    1.81680411e-01 2.75011808e-01 2.15822905e-01 5.98118544e-01
    2.30764508e-01 1.52951151e-01 1.32176876e-01 8.80812645e-01
    5.50672412e-02 3.62304688e-01 4.28116083e-01 6.55943274e-01
    1.49412125e-01 5.15757203e-01 5.33041000e-01 3.77278626e-01
    9.10390615e-01 4.93250489e-01 5.15288234e-01 1.06272995e-01
    1.08309239e-01 7.60602474e-01 8.97719026e-01 1.34435087e-01
    6.39504492e-02 5.67796409e-01 6.62794232e-01 9.68054950e-01
    8.37516487e-02 9.75711823e-01 8.33928704e-01 4.13641006e-01
    9.95640397e-01 5.75006604e-01 5.04537523e-02 6.93030059e-02
    7.81723738e-01 7.07035005e-01 1.08171344e-01 3.56332928e-01
    6.35892034e-01 9.30179417e-01 4.83762324e-02 2.33472943e-01
    3.02990854e-01 4.57323104e-01 3.40560079e-02 8.84107947e-02
    4.57976639e-01 6.91293359e-01 8.02514315e-01 6.89912140e-01
    2.26761401e-02 3.78095269e-01 3.38318467e-01 5.99423051e-01
    3.42327297e-01 7.21060634e-02 2.77022004e-01 9.22832727e-01
    3.49560142e-01 3.52801383e-01 4.30478781e-01 3.70468765e-01
    2.45042384e-01 6.04543626e-01 1.94591582e-02 4.66063917e-02
    5.48514426e-01 7.23319650e-01 1.90918595e-01 5.78711390e-01
    4.05713737e-01 1.79877400e-01 2.57230759e-01 6.60037816e-01
    8.77246261e-02 2.41619527e-01 1.85878098e-01 7.88639903e-01
    6.28038883e-01 9.84063029e-01 6.56268239e-01 8.15167069e-01
    7.60656893e-02 4.44286942e-01 6.15709960e-01 5.87596714e-01
    5.98117828e-01 1.63775027e-01 7.93421745e-01 7.47301936e-01
    2.86982626e-01 3.66298735e-01 8.37477326e-01 5.41454375e-01
    3.86516929e-01 5.62061369e-01 2.52065361e-01 2.45159268e-01
    4.95970726e-01 6.56476617e-02 4.45005000e-02 4.62912530e-01
    6.67218089e-01 4.15774286e-01 3.75458419e-01 1.63673252e-01
    4.60250258e-01 9.59874511e-01 9.23140228e-01 8.64003301e-01
    4.22707468e-01 6.09215856e-01 8.38833213e-01 5.92938721e-01
    9.80669558e-02 2.34464198e-01 1.17287308e-01 2.71158576e-01
    5.09680867e-01 2.04774171e-01 4.88824546e-01 4.39752609e-01
    2.02301562e-01 9.62301314e-01 4.51619267e-01 8.45622003e-01
    6.62019014e-01 5.25887251e-01 6.96523666e-01 2.04489827e-02
    3.50397229e-01 1.17773443e-01 9.32828486e-02 4.93876666e-01
    3.30573082e-01 4.30888534e-02 9.91558194e-01 3.44279826e-01
    4.06335145e-01 6.30664945e-01 8.64812076e-01 2.25989223e-01
    9.58320737e-01 2.79793620e-01 8.68714452e-01 6.50789678e-01
    6.37936890e-01 6.20935738e-01 5.36116004e-01 4.21479940e-01
    5.97773790e-01 1.25277340e-02 9.66342330e-01 3.25851381e-01
    4.01265830e-01 8.15097094e-01 2.36078352e-01 9.28811669e-01
    2.22611129e-02 3.24401319e-01 9.37193036e-01 3.89732718e-01
    3.36609781e-01 4.33561206e-03 9.31745172e-02 5.11926353e-01
    9.92169023e-01 3.10503662e-01 1.29030794e-01 4.60406125e-01
    8.35891128e-01 8.49870086e-01 6.93853378e-01 8.70463252e-02
    1.44207776e-02 2.23777533e-01 7.46737361e-01 9.05777812e-02
    4.98517156e-01 1.25394583e-01 6.51843548e-01 8.49480689e-01
    4.31933999e-03 2.97854245e-01 8.60454082e-01 2.94435203e-01
    8.47806573e-01 9.00497556e-01 4.87263083e-01 2.13432699e-01
    5.65575659e-01 8.15801144e-01 7.11596489e-01 4.03164625e-01
    2.60363370e-01 5.79873681e-01 4.07170027e-01 3.94996166e-01
    8.25443745e-01 4.45907384e-01 9.57340300e-02 6.82095766e-01
    8.35747600e-01 1.05300814e-01 6.77902460e-01 7.03170776e-01
    1.40263379e-01 6.12061203e-01 3.31130266e-01 3.45626861e-01
    6.94700718e-01 3.40963721e-01 4.94375795e-01 6.22399509e-01
    5.61514795e-01 4.89023149e-01 8.95617962e-01 3.11497927e-01
    1.23200238e-01 1.35252982e-01 4.04160023e-02 8.78617883e-01
    5.67176163e-01 4.21939254e-01 1.27340168e-01 7.85834491e-02
    7.96763897e-01 9.17446673e-01 5.88574409e-01 7.76932657e-01
    9.32041585e-01 2.53174961e-01 9.57419991e-01 4.35334891e-01
    6.77167118e-01 5.91284633e-01 5.36085069e-01 9.73258495e-01
    4.29533392e-01 9.22415793e-01 9.88578558e-01 2.10736752e-01
    9.38320279e-01 5.28384924e-01 6.05408847e-02 8.09928417e-01
    7.43503988e-01 5.27547479e-01 5.05706429e-01 7.31631637e-01
    9.80126441e-01 7.15012968e-01 6.10281408e-01 6.15496933e-01
    9.88108635e-01 1.86563998e-01 9.78753150e-01 8.52555752e-01
    4.18290168e-01 3.22195292e-01 3.04007113e-01 2.98212349e-01
    8.82166505e-01 2.89000332e-01 5.29933572e-02 2.28212953e-01
    4.52434629e-01 6.71861112e-01 7.82828033e-01 2.14979976e-01
    3.09711218e-01 2.56708205e-01 6.66468918e-01 3.75428796e-03
    3.40780646e-01 8.50122035e-01 9.92009997e-01 6.64346814e-01
    2.38635540e-02 2.88850516e-01 5.64775288e-01 7.76236534e-01
    2.80641675e-01 5.83984435e-01 1.45274818e-01 5.05030215e-01
    1.60127342e-01 5.32839298e-01 9.52844620e-01 1.50976360e-01
    9.74675417e-01 3.59597892e-01 2.29891717e-01 3.92212331e-01
    3.86056036e-01 4.79495049e-01 8.03991556e-01 7.30997086e-01
    5.29257953e-02 3.89604181e-01 6.68421566e-01 3.69157225e-01
    5.09882689e-01 7.20503390e-01 2.79057831e-01 9.56795096e-01
    5.40353715e-01 2.91485250e-01 2.23160475e-01 2.00474679e-01
    2.03809917e-01 1.65965557e-01 2.93915689e-01 5.31317353e-01
    6.50534034e-01 5.77990890e-01 1.96256101e-01 4.83436793e-01
    1.09094739e-01 5.52452683e-01 8.90051126e-02 1.93185955e-01
    8.55850756e-01 6.87007785e-01 3.28703433e-01 5.71775794e-01
    4.36774969e-01 6.24219775e-01 9.61638153e-01 3.10734987e-01
    1.14195943e-01 1.03573471e-01 1.74970269e-01 6.27778351e-01
    8.34456980e-01 2.38336831e-01 7.34710813e-01 8.36648941e-01
    8.63915563e-01 3.80468309e-01 5.34457564e-01 5.51831722e-01
    4.05855477e-01 6.25978351e-01 2.09346741e-01 2.84804404e-01
    3.95694554e-01 8.32270980e-01 1.29426390e-01 3.52151722e-01
    9.00924563e-01 6.59552813e-01 1.92578197e-01 3.75260711e-02
    9.28553820e-01 2.50843167e-02 7.71983624e-01 9.50576246e-01
    8.52715373e-01 5.98197103e-01 9.80403781e-01 5.10497808e-01
    4.45744336e-01 2.86579520e-01 9.76396739e-01 9.24166322e-01
    2.76382983e-01 9.66271877e-01 3.63549113e-01 8.97723198e-01
    7.49978125e-01 6.97688818e-01 3.34126592e-01 5.29642701e-01
    3.70067298e-01 5.69006562e-01 9.93756294e-01 3.29702318e-01
    9.01483059e-01 5.46905696e-01 1.77460521e-01 8.68033409e-01
    6.87753797e-01 6.98720038e-01 6.31728590e-01 9.92742538e-01
    8.50043952e-01 7.17300475e-01 2.19611406e-01 6.80202961e-01
    6.17556155e-01 9.20610964e-01 8.43945980e-01 4.73173738e-01
    1.15662962e-01 8.32666993e-01 3.72568399e-01 9.19003248e-01
    2.62456238e-01 3.51728082e-01 6.00920081e-01 2.93845028e-01
    2.67334580e-01 7.62645304e-01 8.19918513e-01 4.98298585e-01
    8.34287286e-01 3.93418908e-01 5.77821136e-02 9.52083468e-01
    2.83684373e-01 6.15285754e-01 8.60580802e-01 1.94112271e-01
    5.81348836e-02 6.93329275e-01 6.77916825e-01 2.78631866e-01
    6.19922698e-01 1.64896339e-01 9.43557858e-01 9.64282513e-01
    6.45677090e-01 1.09806776e-01 5.67087233e-01 9.43633318e-01
    5.51639438e-01 6.67629361e-01 2.78908759e-01 5.54653525e-01</data></test_img>
<my_img type_id="opencv-matrix">
  <rows>144</rows>
  <cols>272</cols>
  <dt>f</dt>
  <data>
    3.33201289e-02 6.67031229e-01 5.91144860e-02 1.76152319e-01
    7.80187607e-01 3.23481083e-01 8.37193608e-01 8.94951820e-01
    3.13069820e-01 5.90293884e-01 4.60311979e-01 4.63686913e-01
    4.56742644e-02 5.68767548e-01 1.73609644e-01 5.11122942e-01
    8.47095251e-01 4.37223047e-01 4.75518405e-02 6.16350174e-01
    3.01854849e-01 2.08076835e-01 6.21554017e-01 3.71502042e-01
    1.20668620e-01 8.77688229e-01 5.06743252e-01 2.20788985e-01
    4.95515585e-01 9.67768073e-01 4.44438040e-01 4.31543499e-01
    6.08537734e-01 3.30894113e-01 8.46809506e-01 9.39412832e-01
    8.97642851e-01 6.86987042e-01 1.44807428e-01 4.94428307e-01
    7.54523158e-01 1.35396510e-01 3.61253321e-02 3.65039349e-01
    1.91148996e-01 2.27146387e-01 9.14194822e-01 4.87025112e-01
    9.37100768e-01 2.49601573e-01 3.07799935e-01 6.50669754e-01
    8.80530238e-01 7.40643203e-01 1.85997427e-01 5.52399278e-01
    9.74415064e-01 2.71605790e-01 1.83482587e-01 1.19218260e-01
    3.90610129e-01 5.92671037e-01 6.78654015e-02 8.07866991e-01
    8.76606524e-01 4.28229332e-01 3.90791088e-01 3.18841577e-01
    8.69425356e-01 3.55607808e-01 5.59836388e-01 8.31887901e-01
    9.94049072e-01 4.29879457e-01 2.08671689e-02 5.00917792e-01
    6.55977845e-01 4.96443182e-01 8.01961899e-01 2.12275803e-01
    1.95468962e-01 5.00543594e-01 4.83781427e-01 2.06160247e-01
    4.55296308e-01 3.20990503e-01 1.35982394e-01 5.07966161e-01
    3.05799961e-01 2.78315306e-01 2.27763623e-01 7.36834407e-01
    4.52276468e-02 2.24800467e-01 7.49081492e-01 5.36285520e-01
    3.06302786e-01 3.13251197e-01 3.65950555e-01 2.36308873e-02
    4.73505139e-01 6.40407622e-01 3.49770576e-01 7.65072942e-01
    9.05352890e-01 1.47482842e-01 9.16675687e-01 1.90721571e-01
    6.70722127e-01 3.82191807e-01 1.20595485e-01 6.51466012e-01
    9.40933824e-01 1.49635762e-01 6.53200865e-01 2.43096709e-01
    3.69033277e-01 2.62808472e-01 6.75898910e-01 6.47925198e-01
    5.66303909e-01 6.24690950e-01 1.14936233e-02 3.52448493e-01
    4.69809771e-03 1.30114853e-01 5.45563698e-02 7.15003133e-01
    9.68439877e-02 4.17427689e-01 1.80533230e-02 2.48769015e-01
    7.50620961e-01 6.40696526e-01 1.23826921e-01 3.48469853e-01
    4.49184090e-01 1.96069002e-01 6.66440725e-02 1.15978301e-01
    4.84037876e-01 7.29648471e-01 4.32696819e-01 7.35707223e-01
    8.77288163e-01 5.72968066e-01 1.41324610e-01 3.92380506e-01
    7.04267859e-01 9.41273808e-01 6.94986522e-01 7.58423030e-01
    1.51764452e-01 7.41470873e-01 5.07210016e-01 1.40413165e-01
    3.48483205e-01 6.24616861e-01 3.63746047e-01 4.39907461e-01
    7.83339798e-01 6.84695542e-01 2.23099530e-01 7.98040152e-01
    5.66481471e-01 5.07253230e-01 3.33577275e-01 2.04958409e-01
    2.42380828e-01 8.94557655e-01 8.53544116e-01 6.39672041e-01
    5.73842943e-01 2.87548184e-01 3.55551660e-01 7.53705382e-01
    4.43308860e-01 9.24587965e-01 3.80873859e-01 3.28433037e-01
    6.83208466e-01 1.63868785e-01 4.81682003e-01 4.62346226e-01
    8.39307189e-01 7.47682154e-02 4.80993629e-01 8.96854103e-02
    4.04766709e-01 1.18012458e-01 1.91330642e-01 4.82592285e-02
    4.98732775e-01 1.30436867e-01 1.29279464e-01 1.73247755e-01
    2.46047080e-02 3.84029955e-01 9.59636688e-01 1.45004123e-01
    4.02303457e-01 3.45328540e-01 1.97367191e-01 2.56338477e-01
    5.45461953e-01 7.33255088e-01 1.83884114e-01 6.18307710e-01
    1.22939885e-01 7.13250518e-01 2.28680700e-01 9.29739177e-01
    2.37560451e-01 7.32477307e-02 5.59355140e-01 9.13728297e-01
    5.59502006e-01 7.66827822e-01 1.23094022e-01 8.89834762e-01
    5.98279953e-01 2.18920499e-01 4.51821446e-01 1.84498310e-01
    1.85114622e-01 4.62729156e-01 4.75634634e-02 1.37367517e-01
    9.07997489e-01 7.36845016e-01 4.97556031e-02 2.41919190e-01
    1.95673674e-01 8.67312193e-01 2.89645016e-01 9.52873945e-01
    3.09491813e-01 5.06089926e-01 3.68269265e-01 8.09565306e-01
    6.29120469e-01 7.36857057e-02 9.45337057e-01 3.12040061e-01
    1.94533169e-02 4.35772717e-01 6.09113574e-01 1.74696058e-01
    2.22674191e-01 1.53519690e-01 3.28928232e-01 7.16212034e-01
    1.38756007e-01 8.18247914e-01 6.57917261e-01 9.20310736e-01
    3.33201289e-02 6.67031229e-01 5.91144860e-02 1.76152319e-01
    7.80187607e-01 3.23481083e-01 8.37193608e-01 8.94951820e-01
    3.13069820e-01 5.90293884e-01 4.60311979e-01 4.63686913e-01
    4.56742644e-02 5.68767548e-01 1.73609644e-01 5.11122942e-01
    9.04719949e-01 6.47271514e-01 4.85560596e-01 1.72316760e-01
    2.06487745e-01 6.49033070e-01 5.53254366e-01 2.90392458e-01
    7.48465896e-01 1.59639776e-01 2.99046397e-01 5.07409692e-01
    4.01338398e-01 5.39716363e-01 3.86159122e-01 2.48329699e-01
    5.59135497e-01 8.68516207e-01 9.91875052e-01 8.03048253e-01
    2.11714149e-01 8.02946746e-01 2.98061013e-01 9.99147892e-01
    5.42912185e-01 5.87353051e-01 7.34891891e-02 3.09666514e-01
    4.75007445e-01 2.82139003e-01 1.21710300e-02 8.99296463e-01
    1.24687254e-01 8.01197529e-01 5.62267303e-02 3.38851511e-01
    7.47593939e-02 8.34015012e-01 7.42859125e-01 9.87324357e-01
    6.29423797e-01 2.47168958e-01 2.69700944e-01 2.13919461e-01
    5.42357087e-01 6.09644175e-01 1.21011704e-01 1.70722157e-01
    4.06776994e-01 9.57309425e-01 7.95887589e-01 9.09983754e-01
    6.21877849e-01 7.92905390e-02 5.84424198e-01 3.27890933e-01
    3.06435943e-01 3.19891751e-01 7.00913548e-01 7.50095427e-01
    9.12540317e-01 5.44849634e-01 8.51579010e-02 3.07953417e-01
    9.51526940e-01 9.13259387e-01 8.80875587e-02 6.98902071e-01
    1.41601086e-01 7.57591248e-01 8.36931527e-01 6.60116613e-01
    5.57005286e-01 5.37238598e-01 3.55738401e-01 3.75460863e-01
    3.79058033e-01 4.21128124e-01 4.71966654e-01 1.21697366e-01
    8.15184116e-01 2.81187236e-01 7.04711676e-02 4.48469132e-01
    3.90112281e-01 2.76663929e-01 5.02780020e-01 2.23001629e-01
    9.91710067e-01 7.49976695e-01 2.70269513e-01 2.71494448e-01
    7.92886972e-01 7.65965462e-01 4.28059191e-01 5.55022418e-01
    3.89213145e-01 4.71055448e-01 5.55947840e-01 5.95533729e-01
    4.97664273e-01 7.87680030e-01 1.02992773e-01 6.86754823e-01
    7.96789646e-01 8.04989219e-01 3.30811262e-01 5.29959023e-01
    3.76124978e-01 6.67367160e-01 9.82640266e-01 8.79338503e-01
    1.77657813e-01 3.69160950e-01 2.34306753e-02 1.34930491e-01
    3.05945456e-01 2.28782415e-01 8.61999273e-01 1.40601367e-01
    2.95233071e-01 1.93482459e-01 9.16815996e-01 3.71299326e-01
    2.69545257e-01 9.24565554e-01 2.61647701e-01 6.56321466e-01
    9.53985929e-01 4.37554926e-01 9.08509016e-01 6.72269285e-01
    7.93616772e-01 3.42613399e-01 7.66260087e-01 5.21794260e-02
    6.44913018e-02 1.32322907e-02 2.34764516e-01 6.22926474e-01
    5.48317134e-02 8.81565392e-01 4.99992937e-01 6.80903792e-01
    4.11671519e-01 2.69306690e-01 7.43141353e-01 6.35248721e-01
    1.49808049e-01 9.68079090e-01 6.54999733e-01 7.54634142e-01
    3.31552386e-01 8.68167341e-01 3.56284410e-01 2.46389866e-01
    4.98418987e-01 6.83756351e-01 7.10571527e-01 3.09374213e-01
    3.54186177e-01 2.10336089e-01 8.29704642e-01 9.22850966e-01
    7.77095973e-01 6.31901383e-01 6.29940391e-01 3.18710029e-01
    9.37996686e-01 8.70251894e-01 1.56293422e-01 6.20728493e-01
    8.74045610e-01 7.13015199e-01 7.10119665e-01 3.58580947e-02
    2.39066571e-01 2.51707435e-02 6.77670658e-01 7.77930975e-01
    1.21731728e-01 7.66633213e-01 2.69033939e-01 1.67491972e-01
    3.03693652e-01 5.05813003e-01 7.15425253e-01 8.04935336e-01
    9.62111712e-01 4.63836133e-01 5.62057018e-01 7.08793819e-01
    4.96379107e-01 2.53880739e-01 7.26179361e-01 1.94781542e-01
    7.95436859e-01 3.55830610e-01 7.93189645e-01 3.08232695e-01
    3.06661785e-01 6.27459586e-01 4.04068768e-01 7.04829812e-01
    3.74232650e-01 2.66817272e-01 1.20027393e-01 2.54594982e-01
    6.86082780e-01 5.32253802e-01 3.92039716e-01 5.23095727e-01
    3.15714300e-01 5.44570208e-01 6.12525105e-01 4.08018261e-01
    2.75170803e-03 2.81106055e-01 3.49509001e-01 4.08581734e-01
    2.43348777e-02 5.54477215e-01 2.78891742e-01 7.83325076e-01
    6.37999475e-01 5.83258092e-01 1.47410393e-01 9.40724909e-02
    3.61380279e-02 6.39529765e-01 8.38316441e-01 2.53342807e-01
    9.18350220e-02 7.81898022e-01 6.97526455e-01 2.47202933e-01
    9.85379398e-01 6.59340620e-02 3.20180863e-01 7.79746771e-01
    3.86794358e-01 1.19706452e-01 4.73773599e-01 9.14055109e-01
    1.81382984e-01 9.46124196e-01 2.22418755e-01 6.17137849e-02
    8.22518468e-01 2.01813757e-01 9.33765054e-01 2.26022989e-01
    5.35661340e-01 8.50263298e-01 3.39205325e-01 8.00678730e-02
    9.04719949e-01 6.47271514e-01 4.85560596e-01 1.72316760e-01
    2.06487745e-01 6.49033070e-01 5.53254366e-01 2.90392458e-01
    7.48465896e-01 1.59639776e-01 2.99046397e-01 5.07409692e-01
    4.01338398e-01 5.39716363e-01 3.86159122e-01 2.48329699e-01
    6.86531365e-01 2.84412026e-01 4.83263582e-01 8.96143913e-01
    7.82464862e-01 8.67596149e-01 1.43226117e-01 8.30946922e-01
    3.73007834e-01 8.00197780e-01 6.35091066e-02 3.45492363e-03
    7.65793443e-01 4.97892290e-01 8.31135511e-01 1.11661553e-01
    5.66184700e-01 6.22857213e-01 8.08655381e-01 8.99992883e-02
    5.50359964e-01 1.15035623e-01 8.06017041e-01 3.52928042e-02
    8.06301951e-01 2.66105115e-01 7.27578402e-01 9.93740678e-01
    8.21614921e-01 3.55099261e-01 3.43582273e-01 7.01498270e-01
    8.97582114e-01 9.36172724e-01 5.14045358e-02 6.96473479e-01
    6.57001317e-01 7.36245692e-01 8.33594084e-01 8.68663192e-03
    4.24793333e-01 9.28238869e-01 9.62463140e-01 7.95396924e-01
    5.21876812e-02 3.27471495e-01 6.23950660e-02 6.54809117e-01
    6.39347315e-01 2.73849547e-01 7.27519393e-01 2.59999931e-01
    1.83022648e-01 7.05836952e-01 3.66956234e-01 3.62717658e-01
    1.38433635e-01 3.04666638e-01 3.52155149e-01 8.52566004e-01
    5.17849207e-01 3.49840224e-01 6.28094375e-02 9.04426217e-01
    6.98689222e-02 9.19813633e-01 4.67276722e-01 1.77254856e-01
    6.73478127e-01 4.86277103e-01 6.28080845e-01 6.38687968e-01
    6.38810396e-01 6.85274422e-01 9.14562345e-01 4.75126088e-01
    6.64500773e-01 4.52324778e-01 4.23870057e-01 4.73659664e-01
    1.55045122e-01 8.55983734e-01 5.14950275e-01 8.11744332e-01
    7.76949525e-01 2.17319578e-01 2.03294188e-01 7.19765067e-01
    8.99037838e-01 4.82520103e-01 2.35209703e-01 5.88905692e-01
    3.60104442e-03 8.56230736e-01 8.61020803e-01 6.72915757e-01
    1.49898440e-01 8.60262334e-01 3.33238602e-01 3.54367405e-01
    3.48254740e-01 6.41793370e-01 4.92007852e-01 6.10449314e-01
    8.43872547e-01 6.31886125e-02 1.28813803e-01 2.39328086e-01
    7.83592820e-01 9.06382322e-01 7.02226520e-01 3.13415110e-01
    5.12795389e-01 8.04293394e-01 6.21359050e-02 1.38457954e-01
    2.15706825e-01 2.53692627e-01 7.12576747e-01 4.90169793e-01
    3.12359154e-01 8.26424718e-01 8.12367320e-01 7.70881474e-01
    1.30793244e-01 9.76029038e-01 5.71942210e-01 1.05018169e-01
    5.21598697e-01 8.26993108e-01 3.86871696e-01 3.42785060e-01
    9.57991838e-01 6.53271735e-01 9.43417907e-01 9.74566579e-01
    5.47132015e-01 4.94567961e-01 7.05723345e-01 6.12870455e-01
    1.54511124e-01 2.43177265e-01 7.96769977e-01 4.54561681e-01
    5.25232613e-01 2.65323997e-01 1.09417945e-01 9.77538347e-01
    3.39594841e-01 5.15925527e-01 3.50904346e-01 7.96002984e-01
    1.34723902e-01 9.85717177e-02 9.96842742e-01 7.47547746e-01
    1.52214229e-01 1.55996054e-01 2.29582548e-01 8.08586717e-01
    6.83699608e-01 6.83759391e-01 4.85808313e-01 1.01857245e-01
    2.41531461e-01 2.11831272e-01 2.86717445e-01 8.59540701e-01
    8.66006494e-01 4.75060433e-01 5.17151594e-01 3.81975234e-01
    2.71536112e-02 4.95649040e-01 4.10445929e-01 8.98248911e-01
    1.89402997e-01 7.71062732e-01 7.67276943e-01 9.42155421e-01
    8.94770503e-01 2.67472863e-03 3.95931184e-01 3.82644832e-02
    5.77868581e-01 9.10813451e-01 5.58786035e-01 6.52275383e-01
    7.73383558e-01 2.99544662e-01 9.88568544e-01 8.84623289e-01
    3.73881072e-01 4.50661778e-03 6.60046816e-01 2.92904794e-01
    2.37201869e-01 1.67717785e-01 2.63674259e-01 2.48980403e-01
    5.14160454e-01 6.93572998e-01 2.77420878e-02 7.05137432e-01
    5.94368935e-01 5.86700678e-01 5.47467768e-02 6.78252578e-01
    4.74720478e-01 3.92704010e-01 6.59923375e-01 9.68306422e-01
    6.14342093e-02 6.10302389e-01 7.75264919e-01 1.47855073e-01
    2.23074555e-02 5.34197390e-01 9.23647165e-01 5.70377231e-01
    7.86816955e-01 1.29478008e-01 9.76237237e-01 8.78772736e-01
    6.90459013e-01 5.68694055e-01 8.95621538e-01 6.98628187e-01
    1.53585315e-01 6.97582364e-02 2.06255764e-01 1.74547732e-01
    6.05824351e-01 4.48315471e-01 8.26580882e-01 2.74873734e-01
    6.26347721e-01 8.55035961e-01 3.16881925e-01 8.07132065e-01
    7.85455823e-01 8.09125781e-01 6.48894846e-01 4.31593567e-01
    3.99962664e-01 3.14943224e-01 4.63882297e-01 5.82066059e-01
    7.09568262e-02 2.26836503e-01 7.47964382e-02 6.74561560e-02
    9.78955626e-02 2.52289832e-01 2.80714035e-03 9.48470175e-01
    6.86531365e-01 2.84412026e-01 4.83263582e-01 8.96143913e-01
    7.82464862e-01 8.67596149e-01 1.43226117e-01 8.30946922e-01
    3.73007834e-01 8.00197780e-01 6.35091066e-02 3.45492363e-03
    7.65793443e-01 4.97892290e-01 8.31135511e-01 1.11661553e-01
    3.23655367e-01 1.80960506e-01 3.17984819e-01 5.90161920e-01
    9.35907960e-01 2.82371342e-01 4.43579018e-01 7.38372028e-01
    5.57602286e-01 7.76303113e-02 5.81285775e-01 9.31721330e-01
    3.75802517e-01 3.92297029e-01 1.90504938e-01 2.42641419e-01
    6.22101307e-01 3.39781821e-01 8.78416061e-01 7.38938272e-01
    2.34581918e-01 8.17121506e-01 1.51468486e-01 7.39891410e-01
    6.77834332e-01 3.35015029e-01 6.40454471e-01 4.08350796e-01
    9.02466178e-01 8.35470915e-01 3.92322421e-01 3.88514012e-01
    8.80085707e-01 3.94346774e-01 8.39243531e-01 9.01838303e-01
    7.07385063e-01 8.91803801e-01 7.34368682e-01 9.14325595e-01
    3.71590018e-01 7.18090355e-01 1.98354751e-01 7.89484441e-01
    2.58399069e-01 9.03227925e-03 4.55670476e-01 7.12269545e-01
    1.94253504e-01 9.17110145e-01 8.46977472e-01 8.99952531e-01
    3.85312885e-01 9.84555304e-01 7.22083271e-01 9.69904423e-01
    4.06179786e-01 7.34536171e-01 9.14541602e-01 9.33076560e-01
    8.60482574e-01 5.40143669e-01 9.70631480e-01 6.11985922e-01
    7.74673820e-01 6.16748452e-01 9.56915498e-01 7.57304609e-01
    2.55995840e-01 8.82041097e-01 7.18947351e-02 8.50042701e-03
    6.22487962e-01 5.69744766e-01 3.73506248e-02 9.52269912e-01
    4.74222004e-02 4.84818012e-01 4.11153138e-01 3.24321806e-01
    8.86148810e-01 4.78347361e-01 5.64468265e-01 4.52626646e-01
    6.86947107e-01 9.11532044e-02 9.71630454e-01 5.19014120e-01
    2.02515900e-01 1.52740061e-01 6.10498786e-02 9.59783912e-01
    6.56997919e-01 1.21697217e-01 8.31177235e-01 4.00522649e-02
    6.02723658e-01 1.77426904e-01 4.54656899e-01 7.47459233e-01
    9.05461073e-01 2.28584707e-01 4.41182852e-01 4.47092146e-01
    9.12780225e-01 6.20084286e-01 5.50375998e-01 1.40616536e-01
    7.04346895e-01 1.43118143e-01 6.81335390e-01 2.90546417e-02
    3.54979932e-01 8.36258769e-01 9.48632956e-02 1.34121925e-01
    9.14673328e-01 8.62651110e-01 3.43757749e-01 3.25065047e-01
    6.94313467e-01 2.35879630e-01 2.05212265e-01 6.36627078e-01
    4.47985530e-03 7.09255695e-01 5.25438547e-01 3.49521130e-01
    1.23974115e-01 4.33869660e-02 8.55011046e-01 4.04112935e-01
    1.58507973e-01 1.36524677e-01 5.46914339e-01 6.65100217e-02
    5.32064557e-01 5.57952523e-01 7.46198595e-01 7.67585754e-01
    8.19271684e-01 1.01655930e-01 9.46680546e-01 8.06003332e-01
    8.07105184e-01 6.82109594e-01 1.49621874e-01 3.46863925e-01
    8.91536713e-01 3.48765135e-01 9.51114655e-01 8.47328603e-01
    4.80931133e-01 1.02576643e-01 5.85145593e-01 2.62787849e-01
    5.47926962e-01 8.72186542e-01 8.79149079e-01 3.28705639e-01
    7.99018919e-01 4.22773361e-02 3.23265791e-02 3.07377219e-01
    8.77125025e-01 8.25542331e-01 9.06600058e-02 3.29018891e-01
    7.17319191e-01 5.21553755e-01 8.80692720e-01 5.23338079e-01
    6.45549417e-01 2.55819261e-01 4.84216779e-01 3.24105740e-01
    2.42683887e-02 8.61872435e-02 8.96451175e-02 3.66388261e-02
    3.45940739e-01 1.76415771e-01 8.64619017e-01 7.35116303e-01
    3.55460137e-01 5.03766179e-01 5.89130461e-01 8.28934908e-01
    8.36097717e-01 6.22038007e-01 4.41981614e-01 1.32860422e-01
    3.61731678e-01 6.06117487e-01 5.22336066e-02 3.77124488e-01
    1.70655042e-01 3.67417395e-01 4.40231115e-01 6.13641322e-01
    9.02212262e-01 3.57184350e-01 5.59953034e-01 1.99133158e-03
    3.07259500e-01 6.49542570e-01 8.19506526e-01 8.83197069e-01
    9.40263987e-01 4.26346064e-01 4.57784981e-01 1.78337008e-01
    4.78860408e-01 1.68787807e-01 7.43961811e-01 2.73039341e-01
    2.55791932e-01 6.88962162e-01 1.36280030e-01 6.88813925e-02
    5.83304584e-01 5.17424345e-01 1.30919009e-01 4.18988228e-01
    2.36661255e-01 7.53866673e-01 4.64849234e-01 5.97564518e-01
    2.29022771e-01 2.18137085e-01 5.14173388e-01 1.81293935e-01
    1.80955023e-01 5.51691532e-01 3.64402533e-01 9.74144697e-01
    4.98265862e-01 9.90154564e-01 9.94218946e-01 4.04246092e-01
    6.54974222e-01 9.28786457e-01 8.71932030e-01 5.19691944e-01
    1.75011069e-01 2.13399172e-01 7.71701038e-02 6.41644120e-01
    3.50767434e-01 1.09409422e-01 3.79671156e-01 2.20742822e-03
    6.11594558e-01 3.33913594e-01 9.92534637e-01 9.81033802e-01
    3.23655367e-01 1.80960506e-01 3.17984819e-01 5.90161920e-01
    9.35907960e-01 2.82371342e-01 4.43579018e-01 7.38372028e-01
    5.57602286e-01 7.76303113e-02 5.81285775e-01 9.31721330e-01
    3.75802517e-01 3.92297029e-01 1.90504938e-01 2.42641419e-01
    1.93786293e-01 8.30554128e-01 8.35349202e-01 5.01267612e-01
    8.82939458e-01 8.50399017e-01 7.47915804e-02 6.74695253e-01
    5.15947640e-02 5.83162606e-01 6.45066142e-01 1.87008351e-01
    7.81380594e-01 5.65577447e-02 8.96506608e-02 3.51684391e-02
    2.70552039e-01 4.39187407e-01 5.61071992e-01 8.15087557e-03
    4.72437233e-01 2.59606153e-01 3.76386344e-01 6.66449785e-01
    8.84883404e-01 6.72158420e-01 1.48256123e-02 5.83330929e-01
    3.61978084e-01 2.47532517e-01 2.44559050e-01 7.99508989e-02
    7.96677470e-01 7.72444069e-01 2.66138107e-01 7.76380956e-01
    5.96800447e-02 6.82579875e-01 6.65288210e-01 6.48643970e-02
    9.73838270e-02 3.76106173e-01 5.20865381e-01 3.55738133e-01
    9.73483801e-01 4.12063867e-01 5.34515321e-01 6.34149492e-01
    7.22913742e-02 1.80814415e-01 4.07108098e-01 7.16846704e-01
    1.34871513e-01 5.80908239e-01 5.36910057e-01 8.83171916e-01
    7.86592484e-01 9.49826479e-01 2.48019427e-01 6.21373415e-01
    1.65851951e-01 2.17342705e-01 7.51055479e-02 4.67559993e-02
    9.22764242e-02 2.50426948e-01 3.51745665e-01 8.76985967e-01
    1.46283388e-01 4.82508510e-01 9.20790076e-01 9.18660879e-01
    7.04568028e-01 2.73770243e-01 2.93795466e-01 4.29955900e-01
    7.43106484e-01 7.29480445e-01 7.13799775e-01 2.83969313e-01
    7.55595148e-01 5.03642678e-01 8.48142147e-01 3.31555903e-02
    8.10993910e-01 5.04972041e-01 1.42571747e-01 8.89531374e-02
    1.85679138e-01 3.77481937e-01 9.14496422e-01 6.02113962e-01
    9.70027983e-01 8.52158308e-01 8.00534844e-01 8.85647178e-01
    3.34999472e-01 8.53016615e-01 8.19384158e-01 6.58668876e-01
    3.42502773e-01 2.31327742e-01 5.56687713e-01 9.44076180e-01
    6.67601824e-02 2.98274696e-01 2.51218915e-01 6.28769457e-01
    1.12721086e-01 5.85181534e-01 6.36121929e-02 8.47377837e-01
    1.42674595e-01 2.97962070e-01 3.94524515e-01 6.95326388e-01
    6.50460064e-01 1.54438853e-01 2.12024570e-01 3.30857337e-02
    4.24410641e-01 5.36656737e-01 3.78688872e-01 5.81842721e-01
    9.95880723e-01 5.77337444e-02 8.16182733e-01 6.55332804e-01
    8.26873064e-01 4.78764087e-01 8.78702998e-01 4.16720599e-01
    1.35026067e-01 3.29548061e-01 8.12863231e-01 3.05811524e-01
    5.77056468e-01 5.80205917e-01 2.87645429e-01 8.44699621e-01
    6.33126974e-01 2.83257425e-01 8.64365101e-01 7.38738716e-01
    3.01431030e-01 7.01364398e-01 1.00014687e-01 7.82663345e-01
    2.57387519e-01 3.51443231e-01 1.72076046e-01 3.68041813e-01
    4.43418622e-01 9.71393943e-01 6.05032861e-01 1.27278268e-01
    6.62797570e-01 5.90455294e-01 8.89738202e-01 3.27790648e-01
    8.86017442e-01 3.36406648e-01 6.76146090e-01 4.44905251e-01
    1.81308806e-01 8.30657959e-01 6.64572477e-01 6.32910371e-01
    8.57896090e-01 2.85489321e-01 1.64425284e-01 1.11874938e-02
    1.76064134e-01 7.65558004e-01 5.07198215e-01 5.92897356e-01
    1.50607824e-01 3.21396828e-01 9.74886775e-01 3.81321430e-01
    8.53543460e-01 8.70561838e-01 3.83302033e-01 8.41757536e-01
    6.74883127e-01 7.32703209e-02 7.33532667e-01 9.35286582e-02
    5.75927258e-01 7.63120055e-02 1.51877701e-02 8.17364156e-01
    9.69486117e-01 5.35045505e-01 8.90739262e-01 3.12269539e-01
    8.82235110e-01 8.68649602e-01 6.28136992e-01 8.89297962e-01
    7.64027238e-01 2.65986592e-01 1.74030453e-01 3.08572173e-01
    6.01327419e-02 8.17602813e-01 5.79575300e-02 2.93603539e-03
    4.76971567e-01 5.81688821e-01 8.36398005e-01 4.15744185e-01
    6.49753213e-01 7.78959632e-01 4.40859079e-01 4.12579566e-01
    5.06831050e-01 7.35478282e-01 8.36601138e-01 1.03780210e-01
    3.87824953e-01 2.51914918e-01 4.53707516e-01 9.66454864e-01
    5.30668080e-01 4.72249866e-01 8.63103867e-02 5.90728045e-01
    2.53909647e-01 3.93275738e-01 4.75306094e-01 3.21009994e-01
    9.41181183e-01 7.56529093e-01 6.82806075e-01 6.68770552e-01
    1.10683233e-01 3.15677404e-01 2.72509754e-02 7.13710010e-01
    7.07922816e-01 5.11864603e-01 7.97010899e-01 7.48368621e-01
    6.76542580e-01 8.21778417e-01 6.86845720e-01 7.86550462e-01
    1.39382362e-01 2.42721140e-02 5.95683396e-01 1.14506841e-01
    6.15519047e-01 2.81948507e-01 7.45061457e-01 7.50957549e-01
    1.93786293e-01 8.30554128e-01 8.35349202e-01 5.01267612e-01
    8.82939458e-01 8.50399017e-01 7.47915804e-02 6.74695253e-01
    5.15947640e-02 5.83162606e-01 6.45066142e-01 1.87008351e-01
    7.81380594e-01 5.65577447e-02 8.96506608e-02 3.51684391e-02
    8.50462556e-01 1.15510345e-01 6.90539241e-01 1.98349506e-01
    8.82014394e-01 2.45058030e-01 9.13869500e-01 2.52843142e-01
    6.04796052e-01 4.08529639e-01 7.76973665e-01 7.75219440e-01
    5.96865952e-01 3.56860489e-01 6.62010968e-01 9.87982035e-01
    6.55171216e-01 2.83500314e-01 7.52176404e-01 1.44625902e-01
    5.99853814e-01 8.37185264e-01 4.41033453e-01 6.26726627e-01
    7.36770272e-01 9.74207759e-01 8.85309219e-01 2.22532719e-01
    3.64205867e-01 8.96350920e-01 1.11864060e-01 1.70125723e-01
    9.18505669e-01 9.71041679e-01 2.64137596e-01 8.45747471e-01
    1.10624194e-01 3.56374919e-01 6.82960749e-01 9.68371034e-01
    1.50439620e-01 4.59760904e-01 7.13921845e-01 1.75950438e-01
    4.42698777e-01 7.93053985e-01 5.08453071e-01 9.03158665e-01
    3.29150945e-01 3.75507891e-01 9.86139178e-01 1.36976480e-01
    7.99446285e-01 3.36043447e-01 9.33802009e-01 2.95225948e-01
    8.90680313e-01 6.47967994e-01 1.60602659e-01 5.92263162e-01
    5.09647727e-01 1.23677880e-01 8.73860002e-01 2.81336010e-01
    6.36561751e-01 9.82674062e-02 1.53296351e-01 5.53611755e-01
    4.53719974e-01 7.67526746e-01 5.56811929e-01 5.93250394e-01
    5.23342669e-01 4.60673422e-01 6.03400707e-01 8.87858808e-01
    9.52067196e-01 3.45061243e-01 6.50843203e-01 6.59762084e-01
    1.69307232e-01 5.51063895e-01 4.34871614e-01 1.36242807e-01
    6.48761630e-01 6.49858356e-01 7.78745294e-01 2.32198834e-02
    3.63676786e-01 1.10136807e-01 1.04470253e-02 3.69187355e-01
    7.33315945e-01 8.74844491e-01 9.89701211e-01 1.66869432e-01
    4.67173249e-01 3.60624790e-01 9.04081225e-01 1.06000751e-01
    2.16534853e-01 6.17297590e-01 9.03059721e-01 5.06646514e-01
    3.48910183e-01 1.54847980e-01 9.63283241e-01 2.06885099e-01
    6.49259031e-01 1.65504277e-01 2.37829238e-01 5.72304547e-01
    8.20689082e-01 9.60387230e-01 4.81160581e-02 1.41824484e-02
    7.12942064e-01 6.96769357e-02 3.18327725e-01 4.71383333e-02
    9.23967183e-01 3.39720547e-01 2.08608419e-01 7.42802680e-01
    2.60343909e-01 4.29598629e-01 3.84803981e-01 5.37809491e-01
    1.41458392e-01 2.59714991e-01 1.21533096e-01 8.89420509e-02
    3.85970324e-01 8.33612680e-03 4.34246033e-01 7.52232492e-01
    7.97212481e-01 4.83423769e-02 7.69075453e-01 2.29972064e-01
    4.08702374e-01 3.95315737e-01 2.10209608e-01 9.98276472e-01
    8.94403636e-01 5.64672649e-01 1.99011803e-01 5.37348449e-01
    1.61506176e-01 4.71762329e-01 9.87929463e-01 2.02899188e-01
    7.47882724e-02 3.05395782e-01 2.72271007e-01 7.17300534e-01
    7.87144482e-01 4.06999260e-01 6.62004054e-01 8.00286770e-01
    4.70874429e-01 4.93098229e-01 5.21630108e-01 7.85993457e-01
    9.92301345e-01 2.27677733e-01 2.07151413e-01 4.17950928e-01
    8.99449885e-02 2.70920098e-01 9.99397159e-01 9.34135318e-02
    8.89579892e-01 9.34465468e-01 9.51825321e-01 5.47402620e-01
    5.08881211e-01 8.16406250e-01 3.11284721e-01 2.89769769e-02
    4.87327844e-01 4.83283937e-01 5.28211832e-01 4.82946366e-01
    6.51476026e-01 5.85114598e-01 3.45981836e-01 1.88976169e-01
    3.49672377e-01 1.23581707e-01 1.17935628e-01 7.57194996e-01
    5.51131785e-01 8.75785351e-02 6.51919186e-01 3.57958257e-01
    2.53074288e-01 7.40356088e-01 2.88379669e-01 2.13959694e-01
    7.84670711e-01 2.38215208e-01 6.30195498e-01 5.05172014e-01
    4.40983266e-01 3.36193621e-01 2.75492549e-01 6.01181090e-02
    3.62567067e-01 5.11206210e-01 3.30815881e-01 2.54096389e-01
    3.39164019e-01 2.75774300e-01 3.87673676e-02 4.14937198e-01
    2.80762911e-01 2.57807195e-01 6.77271068e-01 3.94943565e-01
    3.15602720e-02 7.99973130e-01 7.80493498e-01 5.79870760e-01
    8.04513812e-01 7.13118434e-01 1.05493456e-01 1.51348263e-01
    3.27100933e-01 6.74675643e-01 4.17713702e-01 8.63566399e-01
    4.74712849e-01 2.74650156e-01 9.15254831e-01 9.64080930e-01
    8.85124862e-01 7.63560712e-01 5.61365426e-01 4.62978601e-01
    3.26511264e-03 2.00909287e-01 9.93564427e-02 5.38808882e-01
    6.68434381e-01 4.17136252e-01 2.10012436e-01 2.75986612e-01
    9.12031293e-01 2.08915561e-01 8.40775847e-01 8.99270177e-02
    5.11232495e-01 8.61871123e-01 6.04904115e-01 9.79694307e-01
    8.50462556e-01 1.15510345e-01 6.90539241e-01 1.98349506e-01
    8.82014394e-01 2.45058030e-01 9.13869500e-01 2.52843142e-01
    6.04796052e-01 4.08529639e-01 7.76973665e-01 7.75219440e-01
    5.96865952e-01 3.56860489e-01 6.62010968e-01 9.87982035e-01
    9.92169023e-01 3.10503662e-01 1.29030794e-01 4.60406125e-01
    8.35891128e-01 8.49870086e-01 6.93853378e-01 8.70463252e-02
    6.43414855e-01 9.45496321e-01 9.47507024e-01 4.03282374e-01
    9.34900641e-01 4.89713639e-01 3.36602747e-01 9.74083364e-01
    1.40707493e-01 1.42766178e-01 5.43582499e-01 1.42661154e-01
    2.91581273e-01 6.07980490e-01 4.86420006e-01 1.96137398e-01
    2.60401666e-01 9.50499117e-01 2.29012311e-01 5.90236962e-01
    8.86442304e-01 5.78334033e-01 4.32568669e-01 5.72076321e-01
    8.10320318e-01 2.42201239e-01 6.88751161e-01 2.36123651e-01
    5.62774837e-01 6.65126264e-01 8.75344276e-02 1.39774710e-01
    5.99790335e-01 3.45171571e-01 1.08547807e-01 3.04356605e-01
    6.48873031e-01 1.03373915e-01 6.81078494e-01 5.43236017e-01
    9.11708832e-01 1.35848850e-01 4.43668157e-01 9.19796348e-01
    4.73883212e-01 6.41104639e-01 4.17316735e-01 2.05228627e-01
    6.88616753e-01 9.72203135e-01 3.01550508e-01 1.62400872e-01
    9.46396768e-01 7.95660913e-02 4.87361610e-01 6.79423213e-01
    7.09030807e-01 7.22807407e-01 9.48309302e-01 1.00794435e-02
    4.76699948e-01 6.15510821e-01 3.98447692e-01 7.24857450e-01
    7.72337794e-01 7.14166999e-01 3.23727131e-02 2.10152030e-01
    9.15504575e-01 3.67679894e-01 1.89500719e-01 3.26701820e-01
    9.33187366e-01 2.55633473e-01 9.49517548e-01 5.44674575e-01
    4.48984385e-01 2.40802675e-01 8.18573236e-02 4.06926990e-01
    1.81680411e-01 2.75011808e-01 2.15822905e-01 5.98118544e-01
    2.30764508e-01 1.52951151e-01 1.32176876e-01 8.80812645e-01
    5.50672412e-02 3.62304688e-01 4.28116083e-01 6.55943274e-01
    1.49412125e-01 5.15757203e-01 5.33041000e-01 3.77278626e-01
    9.10390615e-01 4.93250489e-01 5.15288234e-01 1.06272995e-01
    1.08309239e-01 7.60602474e-01 8.97719026e-01 1.34435087e-01
    6.39504492e-02 5.67796409e-01 6.62794232e-01 9.68054950e-01
    8.37516487e-02 9.75711823e-01 8.33928704e-01 4.13641006e-01
    9.95640397e-01 5.75006604e-01 5.04537523e-02 6.93030059e-02
    7.81723738e-01 7.07035005e-01 1.08171344e-01 3.56332928e-01
    6.35892034e-01 9.30179417e-01 4.83762324e-02 2.33472943e-01
    3.02990854e-01 4.57323104e-01 3.40560079e-02 8.84107947e-02
    4.57976639e-01 6.91293359e-01 8.02514315e-01 6.89912140e-01
    2.26761401e-02 3.78095269e-01 3.38318467e-01 5.99423051e-01
    3.42327297e-01 7.21060634e-02 2.77022004e-01 9.22832727e-01
    3.49560142e-01 3.52801383e-01 4.30478781e-01 3.70468765e-01
    2.45042384e-01 6.04543626e-01 1.94591582e-02 4.66063917e-02
    5.48514426e-01 7.23319650e-01 1.90918595e-01 5.78711390e-01
    4.05713737e-01 1.79877400e-01 2.57230759e-01 6.60037816e-01
    8.77246261e-02 2.41619527e-01 1.85878098e-01 7.88639903e-01
    6.28038883e-01 9.84063029e-01 6.56268239e-01 8.15167069e-01
    7.60656893e-02 4.44286942e-01 6.15709960e-01 5.87596714e-01
    5.98117828e-01 1.63775027e-01 7.93421745e-01 7.47301936e-01
    2.86982626e-01 3.66298735e-01 8.37477326e-01 5.41454375e-01
    3.86516929e-01 5.62061369e-01 2.52065361e-01 2.45159268e-01
    4.95970726e-01 6.56476617e-02 4.45005000e-02 4.62912530e-01
    6.67218089e-01 4.15774286e-01 3.75458419e-01 1.63673252e-01
    4.60250258e-01 9.59874511e-01 9.23140228e-01 8.64003301e-01
    4.22707468e-01 6.09215856e-01 8.38833213e-01 5.92938721e-01
    9.80669558e-02 2.34464198e-01 1.17287308e-01 2.71158576e-01
    5.09680867e-01 2.04774171e-01 4.88824546e-01 4.39752609e-01
    2.02301562e-01 9.62301314e-01 4.51619267e-01 8.45622003e-01
    6.62019014e-01 5.25887251e-01 6.96523666e-01 2.04489827e-02
    3.50397229e-01 1.17773443e-01 9.32828486e-02 4.93876666e-01
    3.30573082e-01 4.30888534e-02 9.91558194e-01 3.44279826e-01
    4.06335145e-01 6.30664945e-01 8.64812076e-01 2.25989223e-01
    9.58320737e-01 2.79793620e-01 8.68714452e-01 6.50789678e-01
    6.37936890e-01 6.20935738e-01 5.36116004e-01 4.21479940e-01
    5.97773790e-01 1.25277340e-02 9.66342330e-01 3.25851381e-01
    4.01265830e-01 8.15097094e-01 2.36078352e-01 9.28811669e-01
    2.22611129e-02 3.24401319e-01 9.37193036e-01 3.89732718e-01
    3.36609781e-01 4.33561206e-03 9.31745172e-02 5.11926353e-01
    9.92169023e-01 3.10503662e-01 1.29030794e-01 4.60406125e-01
    8.35891128e-01 8.49870086e-01 6.93853378e-01 8.70463252e-02
    6.43414855e-01 9.45496321e-01 9.47507024e-01 4.03282374e-01
    9.34900641e-01 4.89713639e-01 3.36602747e-01 9.74083364e-01
    6.45677090e-01 1.09806776e-01 5.67087233e-01 9.43633318e-01
    5.51639438e-01 6.67629361e-01 2.78908759e-01 5.54653525e-01
    1.44207776e-02 2.23777533e-01 7.46737361e-01 9.05777812e-02
    4.98517156e-01 1.25394583e-01 6.51843548e-01 8.49480689e-01
    4.31933999e-03 2.97854245e-01 8.60454082e-01 2.94435203e-01
    8.47806573e-01 9.00497556e-01 4.87263083e-01 2.13432699e-01
    5.65575659e-01 8.15801144e-01 7.11596489e-01 4.03164625e-01
    2.60363370e-01 5.79873681e-01 4.07170027e-01 3.94996166e-01
    8.25443745e-01 4.45907384e-01 9.57340300e-02 6.82095766e-01
    8.35747600e-01 1.05300814e-01 6.77902460e-01 7.03170776e-01
    1.40263379e-01 6.12061203e-01 3.31130266e-01 3.45626861e-01
    6.94700718e-01 3.40963721e-01 4.94375795e-01 6.22399509e-01
    5.61514795e-01 4.89023149e-01 8.95617962e-01 3.11497927e-01
    1.23200238e-01 1.35252982e-01 4.04160023e-02 8.78617883e-01
    5.67176163e-01 4.21939254e-01 1.27340168e-01 7.85834491e-02
    7.96763897e-01 9.17446673e-01 5.88574409e-01 7.76932657e-01
    9.32041585e-01 2.53174961e-01 9.57419991e-01 4.35334891e-01
    6.77167118e-01 5.91284633e-01 5.36085069e-01 9.73258495e-01
    4.29533392e-01 9.22415793e-01 9.88578558e-01 2.10736752e-01
    9.38320279e-01 5.28384924e-01 6.05408847e-02 8.09928417e-01
    7.43503988e-01 5.27547479e-01 5.05706429e-01 7.31631637e-01
    9.80126441e-01 7.15012968e-01 6.10281408e-01 6.15496933e-01
    9.88108635e-01 1.86563998e-01 9.78753150e-01 8.52555752e-01
    4.18290168e-01 3.22195292e-01 3.04007113e-01 2.98212349e-01
    8.82166505e-01 2.89000332e-01 5.29933572e-02 2.28212953e-01
    4.52434629e-01 6.71861112e-01 7.82828033e-01 2.14979976e-01
    3.09711218e-01 2.56708205e-01 6.66468918e-01 3.75428796e-03
    3.40780646e-01 8.50122035e-01 9.92009997e-01 6.64346814e-01
    2.38635540e-02 2.88850516e-01 5.64775288e-01 7.76236534e-01
    2.80641675e-01 5.83984435e-01 1.45274818e-01 5.05030215e-01
    1.60127342e-01 5.32839298e-01 9.52844620e-01 1.50976360e-01
    9.74675417e-01 3.59597892e-01 2.29891717e-01 3.92212331e-01
    3.86056036e-01 4.79495049e-01 8.03991556e-01 7.30997086e-01
    5.29257953e-02 3.89604181e-01 6.68421566e-01 3.69157225e-01
    5.09882689e-01 7.20503390e-01 2.79057831e-01 9.56795096e-01
    5.40353715e-01 2.91485250e-01 2.23160475e-01 2.00474679e-01
    2.03809917e-01 1.65965557e-01 2.93915689e-01 5.31317353e-01
    6.50534034e-01 5.77990890e-01 1.96256101e-01 4.83436793e-01
    1.09094739e-01 5.52452683e-01 8.90051126e-02 1.93185955e-01
    8.55850756e-01 6.87007785e-01 3.28703433e-01 5.71775794e-01
    4.36774969e-01 6.24219775e-01 9.61638153e-01 3.10734987e-01
    1.14195943e-01 1.03573471e-01 1.74970269e-01 6.27778351e-01
    8.34456980e-01 2.38336831e-01 7.34710813e-01 8.36648941e-01
    8.63915563e-01 3.80468309e-01 5.34457564e-01 5.51831722e-01
    4.05855477e-01 6.25978351e-01 2.09346741e-01 2.84804404e-01
    3.95694554e-01 8.32270980e-01 1.29426390e-01 3.52151722e-01
    9.00924563e-01 6.59552813e-01 1.92578197e-01 3.75260711e-02
    9.28553820e-01 2.50843167e-02 7.71983624e-01 9.50576246e-01
    8.52715373e-01 5.98197103e-01 9.80403781e-01 5.10497808e-01
    4.45744336e-01 2.86579520e-01 9.76396739e-01 9.24166322e-01
    2.76382983e-01 9.66271877e-01 3.63549113e-01 8.97723198e-01
    7.49978125e-01 6.97688818e-01 3.34126592e-01 5.29642701e-01
    3.70067298e-01 5.69006562e-01 9.93756294e-01 3.29702318e-01
    9.01483059e-01 5.46905696e-01 1.77460521e-01 8.68033409e-01
    6.87753797e-01 6.98720038e-01 6.31728590e-01 9.92742538e-01
    8.50043952e-01 7.17300475e-01 2.19611406e-01 6.80202961e-01
    6.17556155e-01 9.20610964e-01 8.43945980e-01 4.73173738e-01
    1.15662962e-01 8.32666993e-01 3.72568399e-01 9.19003248e-01
    2.62456238e-01 3.51728082e-01 6.00920081e-01 2.93845028e-01
    2.67334580e-01 7.62645304e-01 8.19918513e-01 4.98298585e-01
    8.34287286e-01 3.93418908e-01 5.77821136e-02 9.52083468e-01
    2.83684373e-01 6.15285754e-01 8.60580802e-01 1.94112271e-01
    5.81348836e-02 6.93329275e-01 6.77916825e-01 2.78631866e-01
    6.19922698e-01 1.64896339e-01 9.43557858e-01 9.64282513e-01
    6.45677090e-01 1.09806776e-01 5.67087233e-01 9.43633318e-01
    5.51639438e-01 6.67629361e-01 2.78908759e-01 5.54653525e-01
    1.44207776e-02 2.23777533e-01 7.46737361e-01 9.05777812e-02
    4.98517156e-01 1.25394583e-01 6.51843548e-01 8.49480689e-01
    1.46764427e-01 5.32444119e-01 9.90524769e-01 4.81187075e-01
    8.21222544e-01 8.14009428e-01 4.94634211e-01 6.02733612e-01
    1.53643966e-01 4.47449148e-01 7.23791361e-01 5.21491826e-01
    8.69674921e-01 5.12369931e-01 3.04856598e-01 6.49430215e-01
    1.08758777e-01 8.43761742e-01 1.83859468e-03 6.41173840e-01
    7.33764112e-01 8.21772933e-01 4.44530904e-01 9.06424999e-01
    8.68564129e-01 3.73425454e-01 9.02896166e-01 7.76224136e-01
    3.81238908e-01 3.67964387e-01 2.18708128e-01 4.16010022e-02
    6.53108001e-01 5.51492989e-01 4.75409865e-01 7.96276569e-01
    1.00039214e-01 9.07859206e-03 3.57386351e-01 8.91000986e-01
    5.83372951e-01 9.23199892e-01 1.67106271e-01 5.94797373e-01
    6.93370581e-01 9.11703825e-01 9.29504335e-02 1.89171582e-01
    6.65205479e-01 9.72606063e-01 5.61332107e-02 7.99562216e-01
    2.10697562e-01 8.93529177e-01 7.64526188e-01 2.73421526e-01
    4.05304790e-01 4.30221051e-01 5.95143914e-01 7.71395802e-01
    3.79598588e-01 6.97904706e-01 2.50385523e-01 3.69057655e-01
    5.40975571e-01 7.43387043e-02 6.77765012e-01 3.89927268e-01
    2.66979665e-01 1.87883317e-01 5.26188552e-01 5.76354265e-01
    4.90596950e-01 5.51739097e-01 8.92040610e-01 3.15295398e-01
    3.69911015e-01 7.16969967e-01 8.43710780e-01 9.83572900e-01
    7.78821588e-01 9.23134446e-01 3.95534992e-01 4.01464432e-01
    9.32700574e-01 6.53180838e-01 1.42961532e-01 9.29874659e-01
    2.97642887e-01 8.71902227e-01 6.15978599e-01 7.76816130e-01
    7.40160942e-01 4.38426405e-01 1.74964070e-01 4.81570661e-02
    7.25891948e-01 3.48304510e-01 7.24602342e-01 6.11064374e-01
    7.34508932e-02 5.18346369e-01 5.95464349e-01 7.98118114e-01
    1.23301744e-01 9.45283592e-01 9.22716916e-01 4.79180008e-01
    6.08352125e-01 9.29611027e-02 1.23443276e-01 1.99472874e-01
    4.56360817e-01 4.46349442e-01 2.52141356e-01 6.75865829e-01
    2.48443335e-01 9.29219842e-01 4.52698827e-01 4.66307968e-01
    7.32545614e-01 8.01977992e-01 2.03720868e-01 2.82343924e-01
    7.74046779e-01 5.54078281e-01 8.45759451e-01 5.87013304e-01
    4.43485200e-01 8.79612684e-01 4.57313120e-01 9.67302501e-01
    3.32715452e-01 4.11074847e-01 1.01119727e-01 5.81761956e-01
    1.33143157e-01 7.37555265e-01 9.42843080e-01 4.83107865e-01
    5.76481164e-01 3.25245261e-01 2.49440968e-01 5.74510276e-01
    7.32277691e-01 1.96461499e-01 6.98735833e-01 9.48987722e-01
    1.31606311e-01 6.30289316e-04 5.61940372e-01 1.18651956e-01
    5.36036551e-01 7.86138415e-01 4.83709306e-01 4.87421125e-01
    8.78256142e-01 8.31863165e-01 4.57252562e-01 2.12426186e-02
    2.20090955e-01 2.61057258e-01 4.11032915e-01 5.07091463e-01
    6.39203310e-01 9.50628877e-01 7.23870337e-01 9.33264494e-01
    9.16462660e-01 7.44596720e-02 7.99758136e-01 5.93188822e-01
    4.68862087e-01 2.94017673e-01 9.02433217e-01 6.16021395e-01
    4.34706539e-01 7.91058004e-01 8.03122640e-01 9.03505921e-01
    8.57934177e-01 1.61140144e-01 7.54682302e-01 4.34271872e-01
    3.86099607e-01 6.46014214e-02 1.80891752e-01 7.58610845e-01
    9.80808437e-02 6.31498933e-01 3.23117316e-01 4.67715055e-01
    3.94033104e-01 2.06914485e-01 8.94618392e-01 7.94833779e-01
    3.42799842e-01 5.17368972e-01 4.79675412e-01 3.34701657e-01
    2.11612642e-01 2.83849299e-01 5.65937936e-01 7.96119094e-01
    4.98026490e-01 4.04357523e-01 9.18542504e-01 8.18362594e-01
    2.13631988e-02 5.04851937e-02 2.65844107e-01 3.73345613e-02
    9.88599420e-01 3.14353049e-01 7.36178875e-01 4.81913179e-01
    7.48198390e-01 7.22671866e-01 7.47561812e-01 6.59571350e-01
    1.87214613e-02 7.96797276e-01 9.11186993e-01 6.91769004e-01
    7.16331601e-03 2.18195707e-01 4.86073792e-01 3.92730892e-01
    7.35116780e-01 6.10663593e-02 5.02105236e-01 8.14206302e-01
    8.44690621e-01 1.21457040e-01 6.52368426e-01 7.40854740e-01
    6.25257194e-01 2.76523173e-01 1.63758308e-01 4.22717005e-01
    7.90568829e-01 6.98206663e-01 1.40807182e-01 2.37479895e-01
    6.39812231e-01 2.82749653e-01 9.15814042e-01 2.18382031e-01
    5.32414079e-01 9.29952979e-01 2.39538968e-01 7.40259051e-01
    6.57558382e-01 8.35489094e-01 3.84071171e-02 2.80537128e-01
    1.46764427e-01 5.32444119e-01 9.90524769e-01 4.81187075e-01
    8.21222544e-01 8.14009428e-01 4.94634211e-01 6.02733612e-01
    1.53643966e-01 4.47449148e-01 7.23791361e-01 5.21491826e-01
    8.69674921e-01 5.12369931e-01 3.04856598e-01 6.49430215e-01
    7.82374501e-01 8.38572502e-01 2.81821847e-01 9.81168151e-01
    4.91792828e-01 8.88331771e-01 6.48475587e-01 2.76356757e-01
    1.80251747e-01 3.19294780e-01 2.37437934e-01 5.29281378e-01
    6.28780305e-01 8.37411880e-02 5.54097712e-01 4.09716904e-01
    9.19874251e-01 9.41523135e-01 6.32965922e-01 1.35882944e-01
    9.85771596e-01 8.04318368e-01 2.06036478e-01 6.14414275e-01
    9.94999707e-02 5.66894412e-01 8.12445402e-01 6.10506713e-01
    2.92021751e-01 6.49043083e-01 7.23031938e-01 6.75272226e-01
    4.61392105e-02 8.22139859e-01 3.03106934e-01 5.69942355e-01
    8.09981465e-01 5.43330193e-01 7.65358806e-01 8.15776944e-01
    3.11805069e-01 4.09745216e-01 2.38715738e-01 8.94724131e-01
    6.25311434e-01 2.61059642e-01 5.58102489e-01 8.22892308e-01
    4.79153633e-01 5.52676678e-01 5.54979742e-01 7.43715584e-01
    5.19543767e-01 5.96247673e-01 6.53390884e-02 5.92991054e-01
    1.11221552e-01 9.07648206e-02 6.54650807e-01 7.24572062e-01
    7.88360953e-01 2.05092788e-01 9.67350721e-01 2.45797604e-01
    6.42435193e-01 7.85961449e-01 1.13294959e-01 1.61416560e-01
    1.80160046e-01 7.37786412e-01 4.39418137e-01 9.86370742e-02
    7.91155338e-01 3.64569426e-01 1.09924972e-01 6.59869373e-01
    5.77306628e-01 5.16596913e-01 2.57120430e-02 7.21375108e-01
    8.51818264e-01 3.39812547e-01 8.90947104e-01 6.39257848e-01
    7.28654683e-01 3.56463850e-01 7.68115044e-01 8.09377313e-01
    8.94440413e-01 1.49751127e-01 6.96113408e-01 9.09535646e-01
    8.21681261e-01 2.18493789e-01 2.15918690e-01 4.43824857e-01
    7.13608265e-02 1.45259231e-01 2.58563817e-01 4.91229504e-01
    8.59759450e-01 5.30285358e-01 9.50871825e-01 6.44113243e-01
    3.51526439e-01 8.07275772e-01 6.74829125e-01 8.87423217e-01
    6.75653815e-01 3.94349396e-02 8.25578570e-01 4.00869161e-01
    7.61854410e-01 8.20977688e-02 9.93563473e-01 7.94907331e-01
    7.27895796e-02 7.01219201e-01 6.80313289e-01 6.71245694e-01
    9.69726205e-01 6.60649836e-01 8.83608341e-01 7.49683976e-01
    2.66297460e-01 9.36830997e-01 1.74303949e-02 6.06979430e-01
    4.51566458e-01 9.41363454e-01 7.24004269e-01 5.32897472e-01
    6.47285283e-01 8.39223921e-01 3.19686294e-01 7.84482360e-01
    4.18511868e-01 5.57301342e-01 6.73628271e-01 1.18818253e-01
    2.18599856e-01 4.19254959e-01 1.72881514e-01 9.57649946e-01
    8.91981006e-01 8.34074140e-01 1.25169694e-01 5.51721990e-01
    3.82870167e-01 5.43076992e-01 3.15977097e-01 9.81697083e-01
    1.93339139e-01 9.45141375e-01 9.93872404e-01 5.73343217e-01
    4.99674290e-01 9.57075834e-01 4.61543739e-01 8.22256804e-01
    3.29185665e-01 3.15637052e-01 4.61163968e-01 2.52089977e-01
    3.15316498e-01 1.89518362e-01 2.25717127e-02 5.43863833e-01
    5.09567261e-01 2.92561144e-01 8.59293222e-01 8.43465209e-01
    6.52007937e-01 8.33311260e-01 4.97680753e-01 8.76042128e-01
    4.01926547e-01 6.25049531e-01 8.70868742e-01 8.65715265e-01
    9.93012130e-01 6.34820282e-01 2.11935490e-01 1.79417133e-01
    6.98374927e-01 6.57445669e-01 4.84369636e-01 6.66222751e-01
    9.18839216e-01 1.33676231e-01 4.89156961e-01 4.46068585e-01
    5.39728820e-01 8.12240005e-01 8.87215376e-01 4.96643186e-02
    9.99701381e-01 1.95020795e-01 9.16059375e-01 3.06301206e-01
    6.34800375e-01 9.36809778e-01 7.06494749e-02 3.67561877e-02
    4.53989506e-02 6.17505074e-01 4.50055003e-02 6.19154394e-01
    3.72232199e-01 4.29255515e-01 8.82771134e-01 5.69471717e-02
    8.53783846e-01 7.81442106e-01 3.51929843e-01 4.73773479e-03
    6.36836112e-01 4.64856148e-01 8.75146806e-01 6.42992973e-01
    8.98492634e-02 3.20096254e-01 6.32519662e-01 1.11240566e-01
    3.58678609e-01 7.02342153e-01 1.65546715e-01 4.93860185e-01
    9.07592654e-01 5.30640841e-01 8.36409390e-01 4.80432987e-01
    7.05204070e-01 3.43567133e-01 8.16896677e-01 9.23820496e-01
    4.56465900e-01 6.46034360e-01 2.76342928e-01 2.44791836e-01
    6.74842298e-01 6.11174107e-03 7.69264817e-01 8.03721905e-01
    7.01721430e-01 1.13838017e-02 5.17156243e-01 6.67483032e-01
    9.78262424e-01 2.10516065e-01 4.72421587e-01 1.23757511e-01
    3.03365588e-02 9.01544690e-01 5.56692719e-01 8.45720530e-01
    7.82374501e-01 8.38572502e-01 2.81821847e-01 9.81168151e-01
    4.91792828e-01 8.88331771e-01 6.48475587e-01 2.76356757e-01
    1.80251747e-01 3.19294780e-01 2.37437934e-01 5.29281378e-01
    6.28780305e-01 8.37411880e-02 5.54097712e-01 4.09716904e-01
    8.00801814e-02 5.22778928e-01 4.49719846e-01 4.16579783e-01
    4.19858307e-01 9.87730563e-01 1.59260631e-02 2.67087340e-01
    1.76035970e-01 2.11715341e-01 1.14735186e-01 6.66390061e-01
    4.66407150e-01 4.10006881e-01 4.64618027e-01 3.21932822e-01
    9.28947330e-01 5.04340351e-01 9.58492935e-01 9.17744637e-02
    9.60282028e-01 5.90387046e-01 3.09805602e-01 5.80743968e-01
    6.71989083e-01 6.96143091e-01 5.40199518e-01 2.97693610e-02
    4.33367491e-03 3.54120523e-01 6.00286245e-01 7.85832703e-02
    8.47687125e-01 5.52731276e-01 9.00866628e-01 9.41772342e-01
    4.53881949e-01 6.47034705e-01 1.10167861e-02 8.36546421e-01
    6.44320905e-01 8.99036527e-01 2.95829952e-01 3.23950052e-01
    3.69959950e-01 9.85524654e-02 4.89477813e-01 2.98488468e-01
    4.86370534e-01 8.38137627e-01 2.00410426e-01 5.14498353e-03
    8.55824471e-01 7.35498011e-01 7.39929199e-01 9.22230601e-01
    3.76624614e-01 1.11196071e-01 2.72089869e-01 5.42014241e-01
    8.07684660e-01 3.05146009e-01 6.98526084e-01 8.26024652e-01
    6.00760520e-01 6.07781470e-01 9.42405999e-01 6.49696589e-03
    2.68671662e-01 3.66259277e-01 8.55944157e-02 5.60589373e-01
    8.34798276e-01 5.36595285e-01 2.84617007e-01 7.59830415e-01
    1.72000349e-01 4.27553862e-01 1.48870230e-01 5.88078320e-01
    9.14005280e-01 5.36736906e-01 2.76480824e-01 5.77213645e-01
    6.69759512e-01 8.70868087e-01 5.18527389e-01 7.38024235e-01
    3.51299345e-01 6.16941512e-01 4.52006012e-01 1.25826418e-01
    2.92741179e-01 1.35711074e-01 3.22868526e-01 8.49877119e-01
    1.72825843e-01 9.31832194e-01 5.24949014e-01 2.87262529e-01
    3.58510137e-01 6.53535426e-01 3.13554257e-01 3.17007780e-01
    4.62659687e-01 8.94034564e-01 5.11931896e-01 3.72747362e-01
    5.88317752e-01 3.34289223e-01 9.22885418e-01 5.94718099e-01
    2.38131464e-01 5.31402767e-01 3.53122264e-01 1.02957547e-01
    9.01874542e-01 7.82816768e-01 8.49329829e-01 8.96063209e-01
    8.45363855e-01 7.79533386e-02 5.13184905e-01 7.01359570e-01
    6.43030047e-01 3.27961385e-01 1.53468221e-01 3.51593614e-01
    8.08248341e-01 4.80397969e-01 6.33937299e-01 2.42637545e-01
    5.31819940e-01 1.60281986e-01 5.16328335e-01 2.49788404e-01
    1.82040036e-02 4.55519885e-01 2.69015521e-01 7.50877500e-01
    7.71388590e-01 2.38640070e-01 9.41194177e-01 7.78274834e-02
    8.79075527e-01 1.10064715e-01 6.07404590e-01 3.12607229e-01
    8.07092667e-01 2.35795677e-02 3.80969465e-01 9.46853995e-01
    6.36924982e-01 4.66465056e-02 7.86759615e-01 9.97663796e-01
    6.28213942e-01 3.40641499e-01 6.62804484e-01 8.54647517e-01
    5.59924066e-01 7.54032254e-01 7.45382071e-01 9.86345530e-01
    1.59620255e-01 4.54196632e-02 8.28699470e-02 5.95198452e-01
    9.00255620e-01 7.85780966e-01 9.47245359e-01 1.41471028e-01
    8.64357948e-02 5.63925624e-01 9.11261082e-01 8.72857451e-01
    4.86294687e-01 4.69875515e-01 3.25643420e-02 9.02093410e-01
    7.04672277e-01 1.65372819e-01 4.10791099e-01 8.50674093e-01
    5.89076459e-01 4.42229599e-01 6.85985744e-01 8.83195221e-01
    9.85622168e-01 5.70702374e-01 1.67944282e-01 6.67643607e-01
    3.55629355e-01 3.28270137e-01 5.29728949e-01 5.90212166e-01
    7.80710161e-01 3.87559831e-01 4.73164022e-02 7.41221905e-01
    3.14734340e-01 3.68034780e-01 3.32084566e-01 8.10924411e-01
    5.47042549e-01 6.52547836e-01 6.86095059e-01 8.00308228e-01
    8.76957357e-01 1.24554753e-01 1.43719107e-01 7.17303514e-01
    8.27415109e-01 6.52764559e-01 9.80428100e-01 9.18681920e-01
    7.39654839e-01 5.59243858e-01 6.41537309e-01 6.22947276e-01
    7.42288291e-01 7.70044029e-01 3.02574545e-01 6.70271873e-01
    8.98375094e-01 1.35213673e-01 2.83993840e-01 4.49370801e-01
    5.95977902e-02 6.36276901e-02 4.12173510e-01 1.82780862e-01
    6.55836642e-01 7.65192926e-01 2.67553777e-01 5.13769567e-01
    1.91428751e-01 8.37056398e-01 2.58677304e-02 1.70645952e-01
    7.51564980e-01 3.43705058e-01 3.97789687e-01 2.69266367e-02
    5.11477947e-01 2.56332457e-01 8.09672713e-01 1.60299987e-01
    1.73764825e-02 5.02263546e-01 8.35256577e-01 8.24753284e-01
    2.53513873e-01 7.34550416e-01 1.24446839e-01 6.84547126e-01
    8.00801814e-02 5.22778928e-01 4.49719846e-01 4.16579783e-01
    4.19858307e-01 9.87730563e-01 1.59260631e-02 2.67087340e-01
    1.76035970e-01 2.11715341e-01 1.14735186e-01 6.66390061e-01
    4.66407150e-01 4.10006881e-01 4.64618027e-01 3.21932822e-01
    4.01690781e-01 2.98350871e-01 4.41116214e-01 7.80570507e-01
    8.59609544e-01 2.67406762e-01 5.24952292e-01 2.90845931e-01
    2.44042635e-01 7.57970452e-01 8.64619195e-01 9.47687268e-01
    7.18878627e-01 6.94073737e-01 5.39949596e-01 3.96848261e-01
    3.59356880e-01 6.90193832e-01 7.74676681e-01 4.27548051e-01
    7.72172689e-01 2.32336581e-01 3.86573911e-01 4.88795310e-01
    4.99589622e-01 3.03647816e-01 3.01174939e-01 2.02449828e-01
    9.56585169e-01 7.36066997e-02 3.64662707e-01 1.26521617e-01
    5.70495427e-02 1.39702737e-01 1.92887813e-01 9.61681068e-01
    2.89171815e-01 7.31849968e-01 7.75419474e-01 6.03552282e-01
    2.58067250e-03 5.74591994e-01 8.31041038e-02 7.93504953e-01
    4.50076997e-01 3.59683156e-01 2.85480708e-01 5.31281531e-02
    2.13713706e-01 1.14139229e-01 2.31000394e-01 8.82441759e-01
    7.53070235e-01 1.95832551e-01 4.46205437e-01 3.00711811e-01
    4.21823978e-01 9.40561295e-04 3.87627274e-01 7.28724718e-01
    2.31988817e-01 8.74963343e-01 1.07394904e-01 2.43830353e-01
    4.86149669e-01 1.37231350e-02 8.81194174e-01 7.70076275e-01
    8.18191051e-01 6.97598577e-01 4.34171081e-01 5.53737283e-02
    4.46367621e-01 5.94123662e-01 3.78094465e-01 7.60437846e-01
    6.32468700e-01 8.35333467e-01 8.17667186e-01 9.81451929e-01
    7.04569936e-01 3.75142872e-01 5.94753146e-01 4.49442327e-01
    6.99553251e-01 9.38994050e-01 8.23536217e-02 3.99389267e-02
    3.60564828e-01 4.27468151e-01 3.05398047e-01 7.21767187e-01
    5.34723520e-01 4.51888293e-01 1.79039627e-01 5.13696373e-01
    4.80322540e-02 9.01342452e-01 4.18583870e-01 7.16188312e-01
    9.23853755e-01 8.56157005e-01 2.27807164e-01 1.42990291e-01
    3.80454987e-01 9.80178654e-01 6.72101021e-01 2.10746378e-01
    6.49243593e-01 4.64189321e-01 6.23587191e-01 7.35428631e-01
    3.60438377e-01 6.26931787e-01 2.52027035e-01 2.46814668e-01
    5.33490181e-01 1.29406691e-01 4.52773273e-02 4.39801395e-01
    6.19215608e-01 3.76480073e-01 3.13412964e-01 8.90126228e-01
    5.43091297e-02 8.40173602e-01 3.50736082e-01 8.49735141e-01
    4.62714374e-01 4.97337550e-01 9.86966014e-01 7.00100183e-01
    6.96056962e-01 1.98777318e-02 5.77829778e-01 4.28269774e-01
    7.98203707e-01 4.66678739e-01 9.90783930e-01 8.76664460e-01
    9.12904978e-01 9.09780741e-01 7.59569466e-01 3.70014250e-01
    6.63809538e-01 5.42492688e-01 3.16257715e-01 3.09631348e-01
    2.01538593e-01 6.40628457e-01 7.03366280e-01 6.97306395e-01
    3.49964082e-01 8.52803707e-01 2.40213811e-01 4.73499894e-01
    5.98591566e-02 4.61144447e-02 9.50487792e-01 3.70614886e-01
    2.36067653e-01 7.80820847e-01 2.40238309e-01 1.98285073e-01
    3.60422343e-01 4.09470201e-01 1.40042603e-01 2.89308369e-01
    6.56319380e-01 4.00865376e-02 4.43958700e-01 8.67522120e-01
    1.70577168e-02 7.84730375e-01 3.21134895e-01 3.69319171e-01
    5.21461725e-01 2.73449600e-01 7.92207956e-01 3.53579164e-01
    5.83044648e-01 6.24849677e-01 6.79772198e-02 8.31848025e-01
    8.37743998e-01 5.02975464e-01 6.02541268e-01 1.98065221e-01
    9.96876955e-01 6.98069394e-01 1.63857102e-01 5.10609806e-01
    5.64060211e-02 8.52801800e-01 8.49822044e-01 7.44301617e-01
    7.51201212e-02 6.11310959e-01 6.95869088e-01 4.82256174e-01
    7.63198793e-01 6.21825993e-01 4.89679456e-01 5.46368241e-01
    5.15820444e-01 6.88078642e-01 2.92102486e-01 7.55776763e-02
    9.12328482e-01 8.13863516e-01 5.43512106e-02 4.85813767e-01
    8.14252973e-01 1.30211443e-01 7.80615449e-01 4.95862335e-01
    7.36632645e-02 8.35106969e-01 9.22002792e-01 8.17240238e-01
    6.20534539e-01 5.63483477e-01 1.18838072e-01 5.61573029e-01
    6.36882126e-01 2.47378975e-01 4.39818680e-01 5.29788852e-01
    8.71317983e-02 4.35653567e-01 1.68660611e-01 8.87770832e-01
    7.02168643e-01 2.08730608e-01 3.49341273e-01 3.03474575e-01
    9.15601492e-01 6.31835163e-02 2.09842682e-01 9.36173558e-01
    4.49938893e-01 1.61386073e-01 2.49677777e-01 2.39656508e-01
    4.17475462e-01 6.12589300e-01 4.71464008e-01 1.94115341e-01
    7.33281851e-01 8.04491818e-01 7.04959571e-01 2.23168045e-01
    7.41759300e-01 9.18579280e-01 1.02179080e-01 4.53465611e-01
    4.01690781e-01 2.98350871e-01 4.41116214e-01 7.80570507e-01
    8.59609544e-01 2.67406762e-01 5.24952292e-01 2.90845931e-01
    2.44042635e-01 7.57970452e-01 8.64619195e-01 9.47687268e-01
    7.18878627e-01 6.94073737e-01 5.39949596e-01 3.96848261e-01
    2.49741971e-02 7.77001739e-01 8.76475513e-01 8.88702393e-01
    5.51511645e-02 2.10395277e-01 7.96816051e-02 7.51200438e-01
    4.25637662e-01 5.60489058e-01 9.30578589e-01 6.68236256e-01
    3.13474834e-02 7.22252011e-01 9.87610102e-01 3.84050548e-01
    7.72770464e-01 2.35326052e-01 4.09243464e-01 4.30935591e-01
    3.11924636e-01 2.44924098e-01 7.50422239e-01 4.86072183e-01
    5.27001798e-01 3.72707427e-01 3.71821940e-01 8.35776806e-01
    9.17541146e-01 4.14055794e-01 1.60348177e-01 2.14695781e-01
    7.60206103e-01 1.89626217e-03 8.44740331e-01 5.92689812e-01
    7.42730856e-01 6.30200028e-01 2.04727590e-01 5.56654930e-01
    5.81464887e-01 1.49006397e-01 1.15657270e-01 4.77030098e-01
    6.26425922e-01 6.05290294e-01 2.59839118e-01 8.76218021e-01
    2.79505134e-01 6.54274821e-01 6.82359517e-01 9.35161948e-01
    7.70643890e-01 7.81666756e-01 9.46663499e-01 1.37597203e-01
    5.31931043e-01 2.94590712e-01 4.98302579e-01 5.21392167e-01
    7.54632056e-02 2.77562022e-01 4.08778369e-01 7.75070727e-01
    6.47794664e-01 1.39203072e-02 3.89720798e-01 7.97168434e-01
    1.09079212e-01 5.97852290e-01 8.35610628e-01 5.41535854e-01
    1.47807300e-02 4.34751391e-01 2.29269326e-01 5.20459235e-01
    3.35936427e-01 6.32969201e-01 6.83051348e-01 7.13929832e-01
    7.22958446e-01 1.10163450e-01 5.53075969e-01 9.93680358e-01
    7.14113295e-01 6.05172873e-01 6.78876281e-01 7.36867964e-01
    6.99239373e-01 6.20934665e-02 7.10898757e-01 3.61297011e-01
    9.32062387e-01 2.35311985e-01 6.70383275e-02 5.73688090e-01
    9.39077973e-01 8.89584661e-01 1.96185470e-01 4.34943140e-01
    7.08201230e-02 3.22642326e-01 1.53048337e-01 5.16542733e-01
    6.64521873e-01 5.09374440e-01 1.94184572e-01 3.94163042e-01
    7.80391276e-01 8.42653751e-01 7.41383791e-01 1.21490210e-01
    5.57000995e-01 5.85049033e-01 4.95896548e-01 3.72663260e-01
    1.42262995e-01 1.53611124e-01 5.30544281e-01 6.81051731e-01
    3.27930927e-01 2.69856632e-01 4.01804328e-01 9.61180091e-01
    9.48062062e-01 5.35220444e-01 7.13006496e-01 5.38732767e-01
    8.92934203e-01 4.27286267e-01 6.79050684e-01 5.40356100e-01
    5.03726900e-01 2.63643861e-01 3.56847107e-01 2.03803241e-01
    3.13969076e-01 4.20099646e-01 8.63358617e-01 5.07811248e-01
    3.66046667e-01 5.03586352e-01 4.83029425e-01 2.11542547e-01
    6.35917902e-01 2.22717524e-01 2.43520021e-01 3.22928160e-01
    4.08641368e-01 7.89228916e-01 6.60012364e-02 6.06061935e-01
    8.71429741e-02 6.64338589e-01 8.27502608e-01 9.97984648e-01
    3.77181232e-01 7.89034069e-02 3.35914850e-01 5.74458480e-01
    1.00323528e-01 1.42211467e-01 1.67221129e-02 6.36790752e-01
    8.33881199e-02 4.79504377e-01 3.82465422e-01 2.00073719e-02
    9.05384481e-01 2.90882856e-01 3.08960497e-01 2.01341242e-01
    9.63866711e-04 3.81707251e-01 8.08141470e-01 5.50556242e-01
    1.98309124e-02 9.71313596e-01 2.42417067e-01 1.51909918e-01
    5.50625920e-01 4.40001041e-01 9.46619630e-01 1.76682353e-01
    5.89777231e-01 6.97870851e-01 2.08254933e-01 1.22429371e-01
    7.00211346e-01 2.47286469e-01 6.62408471e-02 2.68794805e-01
    6.42943323e-01 4.87849176e-01 9.35855269e-01 2.72087544e-01
    3.81611079e-01 7.12523580e-01 9.92847025e-01 4.36811149e-01
    9.95643497e-01 2.33342320e-01 1.41047001e-01 9.62705195e-01
    9.52158630e-01 7.28183866e-01 4.65535700e-01 7.85480738e-01
    4.01376665e-01 6.22344494e-01 1.73542678e-01 2.88049549e-01
    1.51456237e-01 4.34869051e-01 6.17198169e-01 3.24349463e-01
    9.71253812e-02 8.00620437e-01 8.40016127e-01 1.12770349e-01
    6.17232323e-01 4.97977614e-01 9.83503997e-01 3.32012832e-01
    2.33482003e-01 9.71062839e-01 1.39566898e-01 1.83851987e-01
    7.96836495e-01 5.10859966e-01 5.95714867e-01 5.94326735e-01
    1.43321574e-01 7.72863269e-01 9.18499112e-01 8.64070654e-01
    3.03334892e-01 2.12402970e-01 5.22227407e-01 2.14067161e-01
    5.94604850e-01 6.12810850e-01 4.42459226e-01 8.80346417e-01
    3.82603288e-01 3.01362157e-01 9.76598024e-01 4.25777435e-02
    1.30942464e-02 1.23806477e-01 3.26177210e-01 8.45582366e-01
    4.55774963e-01 5.13758779e-01 3.46139461e-01 3.65356147e-01
    2.49741971e-02 7.77001739e-01 8.76475513e-01 8.88702393e-01
    5.51511645e-02 2.10395277e-01 7.96816051e-02 7.51200438e-01
    4.25637662e-01 5.60489058e-01 9.30578589e-01 6.68236256e-01
    3.13474834e-02 7.22252011e-01 9.87610102e-01 3.84050548e-01
    8.16331387e-01 3.97799939e-01 7.32947290e-02 1.11557543e-02
    7.22573459e-01 5.42539001e-01 4.30525750e-01 7.27739513e-01
    5.99358737e-01 6.65124655e-01 6.76599562e-01 3.07829976e-02
    7.55243778e-01 8.68442535e-01 9.59274054e-01 9.19456780e-02
    2.46080160e-02 2.58577287e-01 3.94855529e-01 9.40396190e-02
    3.56553972e-01 5.93327940e-01 4.62542236e-01 7.53722489e-02
    3.45033109e-01 8.05634558e-02 9.56308722e-01 2.29131937e-01
    5.69320500e-01 2.95273542e-01 1.58953369e-01 1.09680414e-01
    7.18332708e-01 3.11824799e-01 2.09258795e-01 8.20733428e-01
    6.77687705e-01 1.84728861e-01 7.46473789e-01 8.43212903e-02
    5.15178740e-01 1.21541023e-02 9.56214905e-01 9.41241086e-02
    3.06248099e-01 7.36538172e-01 4.64755803e-01 7.33189344e-01
    7.83361197e-01 1.26962960e-02 8.27395916e-01 8.66104662e-02
    7.15636611e-01 4.34584558e-01 1.35146201e-01 5.95661402e-02
    5.24279654e-01 8.69259596e-01 9.35798764e-01 1.28477812e-03
    1.99061185e-01 6.16260648e-01 6.49313331e-02 4.73611534e-01
    8.95580828e-01 2.84260571e-01 7.04128027e-01 7.45201409e-01
    2.65603364e-01 7.24067211e-01 7.13174701e-01 3.68887752e-01
    6.99951053e-02 3.44480872e-02 5.49795806e-01 5.40727556e-01
    5.39376795e-01 1.58765107e-01 9.22044575e-01 1.27473146e-01
    5.15313983e-01 7.76399970e-02 4.14027184e-01 2.52567649e-01
    3.04596484e-01 8.51426601e-01 4.36226487e-01 8.57794523e-01
    6.01861835e-01 9.46044922e-04 1.00948811e-02 9.28638458e-01
    6.83041513e-01 6.60633445e-01 4.81285453e-01 7.49358714e-01
    8.49942923e-01 6.67734742e-01 4.83169407e-01 7.19569147e-01
    7.16872990e-01 9.95721817e-01 4.61501002e-01 4.46767211e-01
    3.87890816e-01 1.88002944e-01 3.15395772e-01 3.79408002e-01
    5.71120560e-01 6.25784457e-01 9.12655711e-01 2.74045825e-01
    7.82335162e-01 3.26520026e-01 4.62332875e-01 4.66258228e-01
    4.80272800e-01 9.96760488e-01 3.31320286e-01 1.73489034e-01
    8.28925967e-01 1.42887682e-01 8.94453406e-01 1.19269401e-01
    7.96989024e-01 9.79828835e-01 8.18570137e-01 8.76556635e-01
    9.46314573e-01 9.59449887e-01 7.85142064e-01 6.58476591e-01
    4.44828451e-01 7.61781931e-01 8.01502943e-01 6.54252172e-02
    5.83365560e-03 5.23091078e-01 3.56806815e-01 1.36337787e-01
    7.06947446e-01 1.17366850e-01 2.49009430e-01 5.00324607e-01
    4.71661329e-01 1.75167114e-01 5.48038483e-01 5.66911459e-01
    9.09003735e-01 2.21755594e-01 7.48904824e-01 8.75811100e-01
    5.24964929e-02 9.13001657e-01 1.71029568e-03 3.75233829e-01
    4.84475672e-01 5.50016761e-01 6.97322607e-01 9.15874124e-01
    5.01177311e-02 8.30347061e-01 4.24194843e-01 2.20056146e-01
    5.35031438e-01 7.60182738e-01 6.76679254e-01 4.13064599e-01
    3.18762034e-01 7.28729367e-03 5.40367723e-01 1.61550641e-01
    6.42236829e-01 3.69962156e-02 3.40146601e-01 1.04993075e-01
    3.88910264e-01 8.59633684e-01 7.12040842e-01 2.23568320e-01
    3.58079642e-01 2.35954791e-01 4.73752081e-01 3.57344449e-02
    1.12427831e-01 2.78864264e-01 5.42551279e-01 3.64913046e-02
    5.98779023e-01 7.39214301e-01 3.50801885e-01 8.04887831e-01
    1.48912251e-01 7.86696196e-01 9.82266307e-01 5.82729638e-01
    3.09809387e-01 5.38496137e-01 9.34858263e-01 4.18280900e-01
    1.42363399e-01 7.57654309e-02 8.76184762e-01 5.78979552e-02
    6.70096457e-01 5.25444448e-02 6.68113947e-01 3.34103167e-01
    3.42957795e-01 1.32234663e-01 5.12424171e-01 2.93950140e-02
    1.75440907e-02 6.10204816e-01 5.22502005e-01 2.86954403e-01
    7.56608784e-01 4.58956540e-01 3.90194923e-01 2.27057993e-01
    2.73109615e-01 2.29893804e-01 4.89324510e-01 4.95031059e-01
    9.02979195e-01 8.11872005e-01 5.25736630e-01 7.83367038e-01
    9.18720305e-01 1.86520636e-01 5.96488595e-01 2.60181785e-01
    2.87399918e-01 1.04420781e-01 5.63666344e-01 1.15636766e-01
    7.85601139e-03 2.00624675e-01 7.90094852e-01 1.97041750e-01
    7.03955233e-01 3.69970024e-01 9.19280827e-01 5.37292898e-01
    6.70179367e-01 2.61104703e-02 7.13825703e-01 2.76437700e-01
    9.40525234e-01 5.95771372e-02 2.60930955e-01 6.10071599e-01
    6.64914787e-01 4.18999404e-01 4.83245224e-01 4.00932521e-01
    8.16331387e-01 3.97799939e-01 7.32947290e-02 1.11557543e-02
    7.22573459e-01 5.42539001e-01 4.30525750e-01 7.27739513e-01
    5.99358737e-01 6.65124655e-01 6.76599562e-01 3.07829976e-02
    7.55243778e-01 8.68442535e-01 9.59274054e-01 9.19456780e-02
    7.00590670e-01 2.20088422e-01 2.15592772e-01 5.55558503e-02
    1.26496792e-01 2.65773535e-01 1.91030204e-01 7.12751150e-01
    8.52029204e-01 6.17955983e-01 8.10035110e-01 6.45671129e-01
    7.43488431e-01 7.70979643e-01 2.61720121e-01 9.54411983e-01
    9.96434748e-01 5.11501312e-01 5.91406465e-01 4.17417824e-01
    9.13361311e-01 9.47033405e-01 2.96735674e-01 6.41112924e-01
    3.59128296e-01 9.07106519e-01 8.09414625e-01 7.26435840e-01
    6.02288663e-01 9.45116460e-01 4.07705069e-01 1.03279799e-01
    7.52185225e-01 2.15711236e-01 6.26511753e-01 8.54007900e-02
    7.71723866e-01 5.81226647e-01 5.87660789e-01 7.10402369e-01
    9.40593004e-01 3.09406817e-01 5.60913086e-01 3.72448623e-01
    4.88311291e-01 9.30227697e-01 7.68115163e-01 4.53440249e-02
    1.89690739e-01 4.70943391e-01 7.13049352e-01 7.76250243e-01
    5.51925421e-01 1.47877932e-01 9.12981927e-01 5.89865744e-01
    7.56329596e-02 7.05270290e-01 2.80401826e-01 1.85069650e-01
    4.35621381e-01 1.02708995e-01 8.93125594e-01 4.28742021e-01
    2.11876988e-01 3.20034385e-01 8.86975527e-01 1.13789201e-01
    8.84275734e-01 3.16407859e-01 9.05067801e-01 4.77081388e-01
    9.41196799e-01 4.74208266e-01 1.90190881e-01 3.56391251e-01
    1.79919571e-01 4.80096042e-01 7.50061512e-01 5.72260737e-01
    7.84672618e-01 8.43471169e-01 1.93404526e-01 9.80175138e-01
    5.82450628e-03 5.52855849e-01 6.67054296e-01 1.42441124e-01
    9.82569456e-01 5.45380473e-01 8.69988799e-01 8.18966806e-01
    5.80424845e-01 4.26173538e-01 6.89481139e-01 8.65499496e-01
    5.45034230e-01 4.19215590e-01 9.14064169e-01 1.27825528e-01
    3.17184508e-01 2.50918925e-01 8.14705491e-01 6.84375405e-01
    7.31971264e-01 8.80676031e-01 4.00664330e-01 4.26160693e-02
    5.82709610e-02 6.17246866e-01 9.76600945e-02 9.54455376e-01
    3.45283449e-02 2.62468845e-01 8.92770648e-01 5.82618594e-01
    5.97854257e-01 8.87061536e-01 1.04460299e-01 7.92453587e-01
    4.20362413e-01 6.81199253e-01 8.30061674e-01 7.16902673e-01
    7.12301612e-01 7.47891545e-01 5.18647790e-01 5.12933075e-01
    9.32497382e-02 6.65621758e-01 9.42696631e-01 9.29490983e-01
    7.52128720e-01 4.44151103e-01 3.41639936e-01 2.55910754e-02
    5.52244961e-01 2.26522058e-01 2.71895856e-01 1.24309957e-01
    8.54696274e-01 9.09706235e-01 4.94401097e-01 4.32305276e-01
    2.64441848e-01 9.81280804e-01 5.13097644e-02 1.99733287e-01
    2.04127342e-01 1.79170251e-01 8.69438887e-01 6.37805164e-01
    7.74063230e-01 1.81187183e-01 3.37136984e-02 7.01314211e-03
    2.83110559e-01 9.74207103e-01 5.48437238e-02 7.20932603e-01
    4.18536603e-01 3.42585444e-01 9.99925017e-01 4.97579247e-01
    2.14938998e-01 8.33633482e-01 8.97504091e-01 8.27606797e-01
    2.49549687e-01 8.73478293e-01 8.68334413e-01 9.68771279e-02
    5.07021964e-01 9.32001948e-01 7.26476073e-01 7.93328881e-03
    5.30635715e-02 8.74566436e-01 4.32574928e-01 7.36060381e-01
    9.05643821e-01 3.79032105e-01 8.34086895e-01 4.09247994e-01
    2.22550213e-01 3.01405668e-01 3.62373233e-01 1.08542234e-01
    5.92596471e-01 7.05412447e-01 1.67472750e-01 5.71427822e-01
    6.73121631e-01 7.04287589e-01 6.29673839e-01 3.11475068e-01
    8.98340940e-02 7.69838572e-01 2.34783292e-02 3.03283811e-01
    6.85002685e-01 2.93651223e-02 1.01186454e-01 2.51953632e-01
    4.19133842e-01 8.89569402e-01 7.29074478e-01 8.72644782e-01
    3.06008697e-01 5.93128026e-01 7.01537430e-01 8.77267122e-01
    4.05821621e-01 8.45024645e-01 4.84030873e-01 9.48689580e-01
    2.86906123e-01 1.24007285e-01 4.10770416e-01 1.65518761e-01
    1.75905168e-01 7.04184949e-01 1.33820593e-01 8.91386211e-01
    8.20506096e-01 7.28883803e-01 8.70135784e-01 5.00579119e-01
    7.39707947e-02 7.81462908e-01 5.87241471e-01 7.27085888e-01
    9.47633386e-01 7.51956463e-01 2.40774989e-01 7.25873470e-01
    8.65059137e-01 2.16940165e-01 9.47343946e-01 5.22146702e-01
    9.41505194e-01 2.63945937e-01 9.15214062e-01 8.96735430e-01
    5.50810933e-01 3.35745454e-01 2.47245252e-01 2.51715571e-01
    6.56817555e-01 9.98743296e-01 4.55129147e-01 1.32194161e-02
    7.35888124e-01 1.29943609e-01 4.87387985e-01 6.55530572e-01
    7.00590670e-01 2.20088422e-01 2.15592772e-01 5.55558503e-02
    1.26496792e-01 2.65773535e-01 1.91030204e-01 7.12751150e-01
    8.52029204e-01 6.17955983e-01 8.10035110e-01 6.45671129e-01
    7.43488431e-01 7.70979643e-01 2.61720121e-01 9.54411983e-01
    5.82550764e-01 3.20289850e-01 6.94624424e-01 5.32115638e-01
    8.16072464e-01 9.53977585e-01 5.15754223e-02 4.14144754e-01
    5.27191758e-01 1.03893220e-01 5.79087496e-01 2.50411361e-01
    1.38826668e-02 3.67954433e-01 9.06791210e-01 2.66925931e-01
    6.26635671e-01 4.79826659e-01 7.07978308e-01 6.24926269e-01
    6.63001359e-01 8.76674771e-01 5.48499763e-01 4.33061451e-01
    4.34838653e-01 4.31381762e-01 9.64080095e-01 5.82702637e-01
    2.77870297e-01 9.09187198e-02 5.27287543e-01 3.71121585e-01
    2.94880509e-01 7.42798626e-01 2.65939027e-01 1.40722603e-01
    4.64852035e-01 2.47413099e-01 7.84578919e-01 4.13249552e-01
    6.20473027e-01 7.00321198e-02 6.47422373e-01 2.57492065e-04
    6.30858183e-01 6.01343870e-01 7.61283159e-01 8.96727324e-01
    2.94261575e-02 9.75116014e-01 2.02524245e-01 7.75200486e-01
    1.82305545e-01 4.22837526e-01 1.15541220e-02 8.38474154e-01
    1.96793824e-01 3.52820128e-01 3.66080076e-01 6.52683318e-01
    1.38727725e-02 2.30325311e-01 8.66942406e-01 6.10671163e-01
    9.19581354e-02 1.64122403e-01 7.70295382e-01 8.01211119e-01
    7.97762990e-01 5.80293298e-01 8.84225070e-01 1.53817564e-01
    4.07214522e-01 4.25273120e-01 5.93905747e-01 6.61644101e-01
    2.38229334e-01 1.02423042e-01 3.31025600e-01 7.22654998e-01
    7.26394355e-01 7.29522347e-01 2.49745309e-01 4.19198751e-01
    2.54019678e-01 3.33987653e-01 5.08273780e-01 4.21997041e-01
    2.74650216e-01 6.24544382e-01 1.81384981e-02 6.10220969e-01
    8.09727967e-01 1.25459462e-01 4.71635699e-01 7.95092583e-01
    6.65988863e-01 7.51785338e-02 3.74904871e-02 2.34917104e-02
    4.82588291e-01 3.11144650e-01 8.03314686e-01 3.72072756e-01
    3.56070578e-01 9.01616514e-02 3.43810558e-01 1.98902339e-01
    8.39584470e-01 4.05727416e-01 4.62107062e-02 1.08004808e-01
    3.02256763e-01 9.51351106e-01 3.51953834e-01 8.61450911e-01
    5.97849846e-01 1.11234665e-01 2.37461805e-01 1.60200119e-01
    6.29987895e-01 5.34894109e-01 4.32590842e-02 4.41659272e-01
    9.47242856e-01 6.46617055e-01 8.27606440e-01 4.48730588e-03
    2.10469484e-01 8.44492912e-01 5.13048470e-02 8.22710514e-01
    6.35132015e-01 9.31251347e-01 1.26096874e-01 8.09430003e-01
    7.91260898e-01 5.28610766e-01 8.48218024e-01 3.76949340e-01
    4.75805104e-01 1.16923749e-02 1.20043963e-01 2.65335679e-01
    3.44255269e-02 6.55344248e-01 7.62360573e-01 5.09721577e-01
    6.14264190e-01 6.82421446e-01 5.85221052e-01 5.04940033e-01
    4.48300779e-01 2.08267152e-01 5.78201652e-01 1.45792991e-01
    9.91294682e-01 4.75483507e-01 1.09080583e-01 5.24577737e-01
    9.77730870e-01 8.99231672e-01 9.72971082e-01 3.71619344e-01
    6.57836676e-01 4.84366477e-01 4.82305259e-01 2.48143345e-01
    3.93644333e-01 5.67308962e-01 7.33308733e-01 7.15092659e-01
    5.39908946e-01 6.41492128e-01 7.38604665e-01 3.70480984e-01
    2.72572577e-01 2.05966055e-01 2.18389511e-01 7.66403675e-01
    8.37375641e-01 8.72085929e-01 2.34267920e-01 7.80828595e-02
    2.09784120e-01 9.80234742e-01 9.22823906e-01 6.57819867e-01
    7.71542788e-02 4.55954880e-01 1.27772987e-02 7.33843803e-01
    5.36797881e-01 6.13635123e-01 1.85708314e-01 2.10037231e-01
    5.10810435e-01 7.83101797e-01 8.54841948e-01 7.86601543e-01
    6.17539227e-01 6.11793041e-01 5.13710856e-01 8.79258513e-02
    7.11929440e-01 9.71422017e-01 3.67555976e-01 6.55364752e-01
    3.85313749e-01 3.68596941e-01 5.06403923e-01 8.35489988e-01
    1.17372841e-01 4.39655155e-01 7.65048623e-01 8.16939712e-01
    7.71548867e-01 4.42227364e-01 3.64430875e-01 4.54078496e-01
    1.81267560e-02 7.56919503e-01 2.07892030e-01 2.12226510e-01
    6.36766970e-01 5.68771124e-01 1.21914834e-01 4.77472872e-01
    3.29378664e-01 4.82576579e-01 4.68867958e-01 2.09779382e-01
    4.32996392e-01 3.90645415e-01 2.36156911e-01 2.54235268e-01
    7.43651450e-01 6.25937581e-01 7.84779310e-01 8.30524206e-01
    3.53014588e-01 9.59850848e-02 6.23929083e-01 4.27145332e-01
    4.41441804e-01 5.39108574e-01 5.95204651e-01 2.12722242e-01
    3.72469246e-01 8.20647240e-01 2.81695843e-01 3.12904269e-01
    5.82010150e-01 2.73409307e-01 1.98088288e-01 6.52247906e-01
    5.82550764e-01 3.20289850e-01 6.94624424e-01 5.32115638e-01
    8.16072464e-01 9.53977585e-01 5.15754223e-02 4.14144754e-01
    5.27191758e-01 1.03893220e-01 5.79087496e-01 2.50411361e-01
    1.38826668e-02 3.67954433e-01 9.06791210e-01 2.66925931e-01
    7.11579919e-01 5.73635578e-01 7.90858567e-01 4.50292081e-01
    5.05190909e-01 1.52314037e-01 5.67780614e-01 9.52136934e-01
    4.75338519e-01 4.91922677e-01 6.83439791e-01 1.28538519e-01
    6.59483671e-02 4.30622548e-01 5.87358177e-01 4.69938815e-01
    8.44779015e-01 7.86316395e-02 7.41657436e-01 4.10220951e-01
    3.38547498e-01 7.49830425e-01 4.98824209e-01 9.98838484e-01
    8.15896153e-01 2.04392105e-01 7.59732664e-01 6.58666849e-01
    3.23002070e-01 7.80808806e-01 3.41958880e-01 9.51781392e-01
    8.85661960e-01 3.76896977e-01 7.19275057e-01 1.76517218e-01
    5.90402424e-01 5.83938420e-01 6.30403340e-01 8.41896832e-02
    9.93018031e-01 5.08312941e-01 6.76967323e-01 6.28304899e-01
    8.74167085e-01 2.54445225e-01 8.85280609e-01 4.33924019e-01
    3.69697213e-01 7.31554627e-01 7.58919418e-01 2.87360549e-02
    6.15605533e-01 1.36463314e-01 7.16795683e-01 2.59021461e-01
    9.73356009e-01 7.57392168e-01 8.51552010e-01 4.78108168e-01
    4.37280208e-01 1.13954127e-01 4.82294977e-01 2.67272025e-01
    3.86136562e-01 9.33213115e-01 4.31363344e-01 7.88017333e-01
    6.32218599e-01 3.34931016e-01 7.19487131e-01 9.89821434e-01
    5.53225517e-01 2.65249699e-01 1.01960808e-01 6.02517724e-02
    7.81537712e-01 5.61100602e-01 6.73038840e-01 9.81619000e-01
    8.72918785e-01 1.54328436e-01 5.87464988e-01 8.50881100e-01
    9.66328502e-01 3.85626525e-01 2.19466090e-01 6.95662022e-01
    6.85037434e-01 5.83195210e-01 6.70295775e-01 7.18298554e-03
    9.06343818e-01 9.64234114e-01 6.59587979e-03 2.50845671e-01
    7.82391965e-01 9.95670915e-01 1.11648440e-02 6.51323438e-01
    2.62245715e-01 3.70384932e-01 9.78268623e-01 8.55695963e-01
    6.64488077e-01 9.01151061e-01 9.87775981e-01 2.18193740e-01
    9.02633309e-01 1.18429899e-01 9.57197785e-01 3.87441695e-01
    5.55597126e-01 1.50585711e-01 6.05480433e-01 4.45603371e-01
    8.83121371e-01 1.24719292e-01 3.28091383e-01 9.72741842e-03
    5.50616562e-01 6.18892908e-03 5.40162325e-01 4.02971625e-01
    8.94330621e-01 6.39025509e-01 1.13535762e-01 2.22530216e-01
    4.27707016e-01 5.99191546e-01 2.78414071e-01 3.40125382e-01
    3.12863350e-01 8.40225577e-01 5.72221041e-01 6.90646708e-01
    4.27009165e-02 3.80514264e-01 4.90794361e-01 5.80223799e-01
    9.05437589e-01 2.62000859e-02 6.39317513e-01 6.81432366e-01
    1.52863801e-01 9.75996614e-01 8.96910667e-01 2.12596059e-02
    7.60276258e-01 2.72974551e-01 4.29177701e-01 6.60702765e-01
    4.14335877e-01 5.26819110e-01 9.98242378e-01 9.69067931e-01
    3.06698829e-01 2.77236164e-01 6.45554304e-01 2.85151780e-01
    4.08196867e-01 6.02622628e-01 1.79787457e-01 8.41897726e-01
    6.64718747e-01 1.14982784e-01 4.44057286e-01 8.72440577e-01
    9.19376612e-01 5.01768768e-01 4.04354364e-01 1.32218987e-01
    9.35712218e-01 1.90115511e-01 7.99623907e-01 2.20089674e-01
    4.49430048e-01 4.21128750e-01 6.25252306e-01 4.51560408e-01
    2.82756478e-01 7.51588702e-01 8.49118829e-01 9.99348164e-02
    6.20481193e-01 8.10942650e-02 2.08876103e-01 5.45141280e-01
    5.50332367e-02 1.71841532e-01 8.48585784e-01 5.72596431e-01
    5.07839143e-01 1.44242615e-01 5.01238644e-01 5.13354421e-01
    9.71246660e-01 9.62778449e-01 2.48754025e-03 1.61311388e-01
    8.99196744e-01 1.50673121e-01 1.71821177e-01 4.15184081e-01
    1.12024188e-01 5.00595272e-01 8.92001152e-01 5.67199230e-01
    4.97630209e-01 2.54633248e-01 8.60553741e-01 3.40210497e-01
    8.83228481e-01 2.07565397e-01 8.54507804e-01 1.90679044e-01
    2.78072119e-01 6.44936740e-01 1.27460092e-01 9.59208906e-01
    7.69562721e-02 9.30638552e-01 8.40375066e-01 3.77190799e-01
    6.36380970e-01 8.41963530e-01 3.60696912e-02 3.34932745e-01
    5.02296388e-01 2.77745426e-02 3.83971930e-02 2.87932158e-02
    8.26978445e-01 8.21813941e-01 5.56031942e-01 9.44887519e-01
    7.04514742e-01 5.15735924e-01 8.00163150e-01 7.67388761e-01
    6.28705025e-01 6.50131345e-01 8.80889475e-01 6.31293118e-01
    1.27594173e-02 1.67266130e-02 7.52527595e-01 5.61076283e-01
    5.04289031e-01 1.70288205e-01 9.67356801e-01 7.41634369e-01
    1.13129079e-01 7.02035904e-01 6.44272089e-01 2.21058756e-01
    7.11579919e-01 5.73635578e-01 7.90858567e-01 4.50292081e-01
    5.05190909e-01 1.52314037e-01 5.67780614e-01 9.52136934e-01
    4.75338519e-01 4.91922677e-01 6.83439791e-01 1.28538519e-01
    6.59483671e-02 4.30622548e-01 5.87358177e-01 4.69938815e-01
    7.20115900e-02 4.94591832e-01 9.26255167e-01 7.63149858e-01
    8.56879294e-01 4.88384187e-01 7.07390249e-01 6.47885799e-02
    3.46464515e-02 6.16915882e-01 7.65655160e-01 7.40770638e-01
    7.57514477e-01 8.65485847e-01 5.77027202e-01 9.14958239e-01
    5.98948658e-01 3.92604530e-01 4.38441932e-02 1.89038426e-01
    6.18170202e-01 9.65850234e-01 4.71901774e-01 7.36906111e-01
    6.35939419e-01 9.04917002e-01 8.35571766e-01 4.89708781e-01
    7.55645573e-01 6.63481355e-01 7.23297834e-01 4.10448194e-01
    8.90050471e-01 4.13546711e-01 6.10883474e-01 8.36500645e-01
    3.70239377e-01 5.50027549e-01 3.43814671e-01 4.85986918e-01
    5.40127039e-01 7.06052184e-01 5.09280086e-01 3.48690748e-02
    7.18137860e-01 8.15305412e-01 4.18390036e-02 8.89321446e-01
    9.89428222e-01 6.36023283e-01 1.63914621e-01 8.74427497e-01
    2.23482519e-01 1.18482769e-01 1.36865884e-01 7.48118162e-02
    6.20029032e-01 1.48750037e-01 7.80802846e-01 3.75525981e-01
    6.63737178e-01 8.65895867e-01 9.73967195e-01 5.55082142e-01
    5.65191567e-01 3.16053331e-02 6.98842347e-01 3.22435260e-01
    1.58440739e-01 9.11000371e-01 5.48381686e-01 4.13815886e-01
    3.96294296e-02 2.05182195e-01 2.86684275e-01 8.16663504e-01
    2.70318806e-01 4.11635876e-01 1.35828495e-01 9.16450381e-01
    7.72270858e-02 2.16785014e-01 5.15560925e-01 5.41387141e-01
    4.74454939e-01 9.07313824e-01 4.00827408e-01 3.64220679e-01
    9.34194684e-01 7.20421135e-01 7.25125492e-01 7.43119240e-01
    3.68571222e-01 8.90699983e-01 6.12431228e-01 3.97253335e-02
    2.79366016e-01 4.76877034e-01 1.17988586e-01 6.72844887e-01
    1.79144323e-01 6.45417035e-01 1.10546440e-01 5.24158418e-01
    4.11993891e-01 2.28869706e-01 8.25239420e-01 3.44241560e-01
    6.14439726e-01 1.43204927e-01 9.87853885e-01 7.71116018e-01
    5.36326945e-01 1.71527028e-01 6.74283147e-01 9.09280002e-01
    8.20808649e-01 2.26986110e-01 7.74262607e-01 3.82810742e-01
    1.08038902e-01 1.06622458e-01 6.64239347e-01 3.97011042e-02
    8.59883249e-01 7.31338739e-01 4.30089831e-02 1.04340374e-01
    7.94105053e-01 2.10196972e-02 4.92594242e-02 2.57838368e-02
    3.89243960e-01 3.63287538e-01 8.74521434e-01 4.29597139e-01
    1.54319674e-01 6.31341040e-02 1.16249323e-01 5.20776451e-01
    3.70973885e-01 6.90506279e-01 1.27522141e-01 9.41197157e-01
    6.83433533e-01 7.45379567e-01 7.29787886e-01 5.28640985e-01
    8.08849096e-01 2.62537807e-01 8.19760740e-01 9.99337912e-01
    4.44396138e-01 2.73399234e-01 4.01099116e-01 4.55405384e-01
    4.15134609e-01 9.94026423e-01 5.09229064e-01 3.02370399e-01
    5.81657708e-01 1.16467416e-01 7.68574357e-01 8.37172270e-01
    5.05630910e-01 9.52326655e-01 5.58567166e-01 2.42829889e-01
    7.52503157e-01 1.96388185e-01 3.16990018e-01 7.15511441e-01
    9.00206029e-01 1.55820251e-02 7.94368982e-01 4.56880957e-01
    3.84574205e-01 5.91543555e-01 9.06887770e-01 6.62351429e-01
    2.35931665e-01 7.58648396e-01 7.46902883e-01 3.57652724e-01
    9.70711112e-01 5.03126442e-01 8.85246038e-01 7.90981174e-01
    3.17476034e-01 4.44021493e-01 6.24949753e-01 5.42106748e-01
    1.27935022e-01 6.25117123e-01 9.94194150e-01 4.69888389e-01
    5.81793249e-01 4.54404533e-01 9.01284695e-01 9.13052797e-01
    7.25433350e-01 1.13063484e-01 3.49142045e-01 1.63999200e-02
    4.69375908e-01 8.49244952e-01 9.75030899e-01 8.76541674e-01
    4.06103969e-01 6.28582537e-01 8.35643172e-01 3.99585694e-01
    4.57271248e-01 6.51507378e-01 5.25880575e-01 6.24134660e-01
    3.50361675e-01 4.59721774e-01 6.90243602e-01 8.96697640e-01
    1.38457298e-01 2.94637084e-02 3.23121250e-01 6.49798036e-01
    7.36662149e-01 5.51549494e-02 7.53588319e-01 6.38279915e-02
    6.46829367e-01 9.68780518e-01 1.64191246e-01 9.97309506e-01
    2.01349914e-01 3.62547398e-01 2.41350234e-01 8.03424120e-01
    6.70857906e-01 7.83472657e-02 1.28578365e-01 8.80632758e-01
    8.66247118e-02 8.23717117e-01 7.07911193e-01 3.54153216e-02
    6.01273715e-01 1.47838682e-01 7.62887359e-01 5.27297616e-01
    1.41861171e-01 4.09797549e-01 8.63419175e-01 8.81434321e-01
    5.88793993e-01 8.57472777e-01 8.80212486e-02 9.72968340e-01
    7.20115900e-02 4.94591832e-01 9.26255167e-01 7.63149858e-01
    8.56879294e-01 4.88384187e-01 7.07390249e-01 6.47885799e-02
    3.46464515e-02 6.16915882e-01 7.65655160e-01 7.40770638e-01
    7.57514477e-01 8.65485847e-01 5.77027202e-01 9.14958239e-01
    1.85446978e-01 6.04590535e-01 3.80885601e-02 9.15589392e-01
    5.74980080e-01 1.83628976e-01 3.80456299e-01 4.97846574e-01
    6.40271485e-01 4.55306828e-01 2.62535393e-01 8.44603419e-01
    9.11792874e-01 7.05177546e-01 1.20073259e-01 2.71599680e-01
    5.19926071e-01 4.56375033e-01 2.15267539e-02 7.02342391e-03
    1.04948312e-01 3.56807768e-01 9.03180957e-01 3.61728281e-01
    8.45283329e-01 2.60141164e-01 6.03511393e-01 5.27439833e-01
    4.96876627e-01 1.77001357e-02 4.13794488e-01 3.63626093e-01
    1.13507390e-01 5.19465864e-01 4.25330937e-01 4.85230863e-01
    5.70485711e-01 8.78245234e-01 2.73339152e-02 4.98724222e-01
    6.09115422e-01 3.92012924e-01 2.07681239e-01 2.33690232e-01
    4.66105014e-01 9.09784079e-01 5.54235816e-01 4.30336595e-03
    7.80462325e-02 3.77954274e-01 3.48685801e-01 2.22650081e-01
    9.82331514e-01 4.25062239e-01 2.16752499e-01 2.67542660e-01
    9.86643672e-01 4.28271472e-01 4.92305845e-01 3.64987403e-01
    9.05684829e-01 4.60257858e-01 2.18098521e-01 8.30832124e-02
    6.62266433e-01 1.39745057e-01 4.89790320e-01 3.79857272e-01
    3.04260969e-01 3.25634658e-01 2.87883848e-01 2.90915072e-01
    2.68766463e-01 9.41619992e-01 9.62630033e-01 3.77494514e-01
    7.90767908e-01 1.42804474e-01 7.46008396e-01 3.19463760e-01
    6.86243236e-01 7.81662226e-01 9.30384874e-01 2.32479900e-01
    8.85007083e-02 1.10692084e-02 3.32113504e-02 4.81633872e-01
    4.85483676e-01 5.37383974e-01 7.41988897e-01 7.25064456e-01
    7.01073170e-01 1.07298762e-01 3.85567725e-01 7.29139090e-01
    8.50258052e-01 1.01321638e-02 4.16489840e-01 5.09102583e-01
    9.93477821e-01 1.25428408e-01 4.96219724e-01 7.70264268e-02
    5.19038856e-01 9.44030583e-02 5.22138655e-01 9.04377699e-01
    3.58522266e-01 7.31089413e-01 9.47723985e-01 5.05056620e-01
    6.89845145e-01 5.80997467e-01 4.36883956e-01 6.81670725e-01
    4.30312455e-01 7.78003693e-01 3.86553377e-01 4.14531529e-01
    6.60211802e-01 9.68875289e-01 5.66236675e-01 7.88933873e-01
    7.30998218e-01 5.89401066e-01 5.40330410e-02 9.77466226e-01
    8.35959911e-01 8.15525770e-01 9.15714383e-01 3.11554730e-01
    5.33512115e-01 7.94670641e-01 3.86681408e-01 1.34747058e-01
    3.52420300e-01 5.23213208e-01 4.30485487e-01 6.32873237e-01
    5.86987078e-01 8.65565896e-01 9.79423165e-01 2.90658653e-01
    5.00537217e-01 2.31767625e-01 6.09959781e-01 5.23394406e-01
    9.58273113e-02 4.39369440e-01 2.15147227e-01 7.24570155e-01
    3.47291648e-01 2.31360495e-01 2.25248486e-01 2.64285445e-01
    2.77710438e-01 4.30408418e-01 3.62714887e-01 5.96152842e-01
    2.73914874e-01 7.90134192e-01 1.38292968e-01 3.99698973e-01
    3.83224100e-01 3.66724133e-02 3.68007302e-01 4.93930250e-01
    8.00834179e-01 1.05262697e-01 2.69052088e-01 1.32505715e-01
    6.65266812e-01 9.17149425e-01 5.94527602e-01 6.61227405e-02
    2.50160843e-01 1.65889889e-01 6.42561913e-02 4.45042431e-01
    6.93708420e-01 1.60481542e-01 2.30782062e-01 7.38410115e-01
    1.86614245e-01 4.29757535e-02 3.25699151e-01 4.58559811e-01
    3.05352479e-01 9.42445338e-01 7.08544970e-01 9.90044177e-01
    7.53528357e-01 9.99605715e-01 2.34011590e-01 2.55452812e-01
    2.96337605e-01 8.87134671e-01 9.28867161e-01 9.30894971e-01
    5.87835729e-01 1.30779684e-01 7.27168322e-02 3.40534508e-01
    1.59075469e-01 8.55533004e-01 3.65688533e-01 7.44281054e-01
    9.10858512e-02 2.31612921e-01 2.50054479e-01 9.58495498e-01
    8.51589203e-01 9.90245342e-01 9.22395110e-01 2.49325961e-01
    3.69511783e-01 7.11324215e-02 9.37169790e-03 1.76244378e-02
    7.55290687e-01 6.62228703e-01 2.12405741e-01 2.33137697e-01
    4.45863068e-01 2.46711254e-01 9.58894491e-02 2.70295143e-01
    3.49612594e-01 9.46841121e-01 5.47804117e-01 7.34493494e-01
    9.16799664e-01 4.88271713e-02 8.08980584e-01 9.22961116e-01
    3.27637792e-01 9.06351328e-01 7.50430346e-01 6.44320548e-01
    2.70000696e-01 8.65652442e-01 6.76968098e-01 8.59241366e-01
    1.05545223e-02 5.61650634e-01 3.71792495e-01 1.26771957e-01
    9.43340361e-02 5.05380452e-01 6.11547768e-01 1.49122745e-01
    8.64735007e-01 6.33892417e-02 4.06331658e-01 6.01512671e-01
    1.85446978e-01 6.04590535e-01 3.80885601e-02 9.15589392e-01
    5.74980080e-01 1.83628976e-01 3.80456299e-01 4.97846574e-01
    6.40271485e-01 4.55306828e-01 2.62535393e-01 8.44603419e-01
    9.11792874e-01 7.05177546e-01 1.20073259e-01 2.71599680e-01
    2.31024086e-01 1.41748250e-01 6.38539970e-01 9.06493306e-01
    2.69570321e-01 8.64268601e-01 9.99765038e-01 7.63510287e-01
    3.95047903e-01 8.03534389e-01 7.00045705e-01 6.02920830e-01
    1.34920835e-01 4.83337343e-01 4.96771753e-01 4.35794234e-01
    8.84000659e-01 5.72356343e-01 6.95823431e-02 5.37749410e-01
    1.31516814e-01 7.00521946e-01 9.81822729e-01 3.39149952e-01
    3.33375901e-01 8.72628927e-01 8.79010916e-01 8.37068439e-01
    1.61737382e-01 2.81299651e-01 1.16950899e-01 3.49621952e-01
    9.15718198e-01 4.49309647e-02 4.90306228e-01 3.90227437e-02
    3.03417563e-01 8.42431366e-01 4.06163305e-01 5.11543810e-01
    3.78986359e-01 5.65188110e-01 2.27209032e-01 2.35845655e-01
    1.32229835e-01 3.83504033e-01 7.86535144e-02 4.39922333e-01
    2.21750677e-01 5.64458728e-01 8.58883142e-01 2.55190134e-01
    2.22007960e-01 1.70153677e-01 2.13944525e-01 7.75024414e-01
    3.72630149e-01 4.87404764e-02 6.55342102e-01 4.34921980e-02
    4.86572653e-01 5.83364964e-01 1.41977221e-01 8.53864074e-01
    2.00079441e-01 5.53207040e-01 9.88820910e-01 5.25656223e-01
    9.65472996e-01 7.76218891e-01 1.66155577e-01 7.60048568e-01
    1.99786246e-01 6.75100803e-01 2.45159417e-01 8.30039263e-01
    5.84269404e-01 8.12492549e-01 5.13834357e-01 5.33352733e-01
    3.80337685e-01 3.44691575e-01 4.49759245e-01 7.00124145e-01
    9.26965594e-01 7.98649311e-01 8.87575269e-01 2.81907737e-01
    1.04756355e-02 1.74828619e-01 2.55711675e-01 4.95130897e-01
    9.59849417e-01 1.54304504e-02 4.65322435e-01 7.39783406e-01
    9.92213607e-01 1.71952248e-02 6.15495384e-01 2.48466611e-01
    1.04171485e-01 6.16648734e-01 2.48645365e-01 3.86483073e-02
    2.81566739e-01 8.80839705e-01 9.45698500e-01 4.81753260e-01
    4.13933784e-01 5.57280719e-01 3.59260559e-01 6.56244814e-01
    4.77242351e-01 7.50128508e-01 9.05086935e-01 1.98500782e-01
    7.84014285e-01 9.82999444e-01 9.65124011e-01 3.57223451e-02
    3.25111508e-01 6.77558184e-01 3.21406573e-01 9.39676583e-01
    7.34626651e-01 4.13345426e-01 1.48117244e-01 3.43366861e-02
    5.78657448e-01 4.14309353e-01 2.94666886e-01 4.59328204e-01
    2.44398445e-01 2.96116054e-01 8.01301003e-01 6.97284997e-01
    4.33619082e-01 6.22752309e-01 3.19322824e-01 3.17424536e-01
    4.49631870e-01 8.42694581e-01 3.13781500e-02 4.05843556e-02
    3.79042268e-01 6.97063088e-01 6.97273314e-02 8.05678129e-01
    8.69260073e-01 2.82367289e-01 9.96053696e-01 1.58846855e-01
    3.78394336e-01 7.36767054e-01 2.46938944e-01 1.68389231e-01
    4.20593470e-01 9.48303103e-01 8.72581244e-01 5.69033206e-01
    8.56976748e-01 8.32773387e-01 2.17043906e-01 8.09910417e-01
    9.98104513e-01 2.91037410e-01 7.11095154e-01 6.24036014e-01
    7.10126519e-01 3.89186978e-01 1.64476901e-01 9.01706934e-01
    2.39522725e-01 7.86273122e-01 3.28488529e-01 1.41644865e-01
    6.26968265e-01 9.96054113e-01 6.52877510e-01 8.38560104e-01
    2.31496096e-02 4.34191763e-01 2.32095122e-01 3.15273643e-01
    2.03593671e-02 1.91150635e-01 6.09856844e-01 2.32956529e-01
    9.63438392e-01 7.40460992e-01 5.76936543e-01 4.59111035e-01
    9.77085352e-01 9.73139465e-01 5.98034143e-01 9.00269926e-01
    3.36189449e-01 5.40604889e-01 3.99828643e-01 9.54767764e-01
    2.31705904e-02 3.62713039e-02 8.22470844e-01 3.36766809e-01
    9.81514931e-01 2.87121177e-01 3.34863186e-01 5.78770280e-01
    7.83326030e-01 7.45072842e-01 6.80446625e-01 5.79136968e-01
    6.88359737e-01 8.73486161e-01 3.98737192e-03 2.25375950e-01
    4.85784560e-01 2.00758964e-01 8.96895289e-01 3.90756160e-01
    5.55673659e-01 1.73431724e-01 7.62330770e-01 3.30768019e-01
    3.48896980e-02 2.75579810e-01 8.99551094e-01 3.31567168e-01
    2.02080071e-01 5.75640976e-01 1.16620481e-01 6.41907930e-01
    9.54156995e-01 6.87772870e-01 5.65589845e-01 7.78460741e-01
    5.44955373e-01 8.12672317e-01 2.22006053e-01 6.66263640e-01
    1.31090313e-01 2.08940178e-01 2.25207299e-01 6.31369352e-01
    7.32577622e-01 2.91972518e-01 8.50703359e-01 4.78944182e-02
    8.24024200e-01 1.54785305e-01 7.96178102e-01 5.90966880e-01
    9.47121978e-02 8.24660480e-01 1.07982665e-01 1.01502925e-01
    2.31024086e-01 1.41748250e-01 6.38539970e-01 9.06493306e-01
    2.69570321e-01 8.64268601e-01 9.99765038e-01 7.63510287e-01
    3.95047903e-01 8.03534389e-01 7.00045705e-01 6.02920830e-01
    1.34920835e-01 4.83337343e-01 4.96771753e-01 4.35794234e-01
    2.02548504e-01 6.32502198e-01 7.23546028e-01 5.85843921e-01
    5.10053933e-02 7.55958080e-01 7.60004520e-01 9.18144584e-02
    6.21356070e-01 2.50629276e-01 5.40889859e-01 7.54144847e-01
    6.95635557e-01 8.40957046e-01 6.12779975e-01 1.35877728e-03
    7.73250163e-01 6.49556577e-01 7.27758706e-01 9.11686063e-01
    2.78115988e-01 6.72251284e-02 9.43523347e-02 7.95472205e-01
    1.76364660e-01 1.63647026e-01 5.02029479e-01 2.99284756e-01
    2.84235716e-01 9.93078411e-01 9.51426506e-01 5.16686320e-01
    9.76312876e-01 7.97400236e-01 7.93314338e-01 3.33011091e-01
    3.60316396e-01 5.45423627e-01 8.94632697e-01 2.52571702e-03
    5.63743234e-01 6.61376119e-03 8.41144681e-01 5.88757396e-01
    3.66998434e-01 6.14065230e-01 9.18179989e-01 7.88826764e-01
    3.69268656e-03 2.56872714e-01 8.21325302e-01 6.20199203e-01
    4.51724678e-01 6.77810967e-01 5.40186167e-01 9.49058831e-02
    5.81070304e-01 1.92970902e-01 5.80620587e-01 5.94456851e-01
    6.22714043e-01 3.95109713e-01 9.33232784e-01 5.68987906e-01
    8.55145037e-01 8.02306294e-01 1.23014152e-02 8.27595592e-01
    5.03634274e-01 6.11317873e-01 7.69677997e-01 9.96198773e-01
    8.79932404e-01 2.45284438e-02 4.71407443e-01 4.32766676e-01
    2.22729236e-01 3.38838756e-01 6.41765475e-01 6.02417231e-01
    3.05640876e-01 5.10915756e-01 6.06747866e-02 5.81299424e-01
    5.55583060e-01 8.14288139e-01 4.63823408e-01 4.94484127e-01
    2.77036458e-01 8.01918983e-01 2.13805020e-01 7.47771502e-01
    8.70981455e-01 2.03708351e-01 5.35247326e-01 3.87152910e-01
    4.40465629e-01 1.99915558e-01 9.12635624e-02 3.02668154e-01
    2.06753373e-01 4.69231069e-01 2.01684445e-01 1.08706325e-01
    2.14376807e-01 3.49991620e-01 5.02108693e-01 6.68117523e-01
    8.67277980e-01 7.77952254e-01 1.26532763e-01 3.05710316e-01
    9.02904391e-01 9.10327733e-01 6.23630762e-01 8.01889956e-01
    5.40990174e-01 9.15685833e-01 5.05123138e-01 7.39650130e-01
    9.01579976e-01 4.32989955e-01 3.21495682e-01 8.71939003e-01
    7.49158740e-01 8.74159336e-01 1.76983207e-01 1.52828276e-01
    9.72961783e-02 9.95577812e-01 1.96853548e-01 9.68735933e-01
    4.57425982e-01 2.59127259e-01 4.32635248e-01 4.44274724e-01
    2.30742872e-01 2.12676138e-01 1.04930222e-01 5.29924512e-01
    2.19771475e-01 7.73412943e-01 4.06299710e-01 1.49146110e-01
    3.63455713e-01 7.43631124e-01 8.12696755e-01 8.41185272e-01
    3.18515658e-01 6.75438285e-01 8.50712538e-01 8.85358989e-01
    3.68399382e-01 6.36421084e-01 7.45461345e-01 3.69265556e-01
    3.63017499e-01 3.23778987e-01 3.55285943e-01 6.29450023e-01
    2.16394186e-01 3.83498907e-01 1.67734325e-01 2.65997410e-01
    9.61391091e-01 8.79699111e-01 7.37795591e-01 3.74743938e-01
    1.01434946e-01 3.97735417e-01 2.87773669e-01 5.73966205e-02
    3.43387604e-01 9.90527570e-02 9.20659304e-03 6.33184910e-01
    5.22407293e-02 2.95661420e-01 5.51837564e-01 1.67700142e-01
    7.61568785e-01 9.71601844e-01 4.82021868e-02 6.31201148e-01
    3.04910719e-01 4.70176607e-01 4.51463014e-01 6.66325569e-01
    2.48425871e-01 3.71045589e-01 5.98005474e-01 9.77998972e-03
    7.45027363e-01 9.78789449e-01 9.20119882e-02 5.94237804e-01
    1.39417797e-01 7.67726183e-01 2.83334732e-01 9.26549852e-01
    4.13747162e-01 9.18487489e-01 2.28854209e-01 8.76534700e-01
    3.78296137e-01 6.54285669e-01 6.95523500e-01 9.42621946e-01
    4.36919451e-01 9.36011314e-01 5.98572910e-01 1.47252023e-01
    3.72606754e-01 4.67676938e-01 2.80344784e-01 4.18674290e-01
    1.85639590e-01 3.50757599e-01 6.60980582e-01 3.00258696e-02
    7.21715271e-01 7.57182240e-01 5.44844329e-01 1.40592724e-01
    2.43967772e-02 5.73065877e-03 7.42386878e-01 6.81853175e-01
    8.27062070e-01 2.52260566e-02 3.57711494e-01 9.84758377e-01
    4.65798557e-01 3.96145314e-01 5.81574142e-01 2.15318292e-01
    2.17511863e-01 2.80209780e-01 9.90114331e-01 4.39437985e-01
    5.83130181e-01 1.14086747e-01 4.84212339e-01 5.28115749e-01
    5.87571383e-01 3.61319184e-02 4.06800032e-01 1.62720859e-01
    6.19883478e-01 4.60202754e-01 8.17513406e-01 5.83553314e-01
    4.39679503e-01 3.19654644e-02 1.83045477e-01 5.89955211e-01
    2.02548504e-01 6.32502198e-01 7.23546028e-01 5.85843921e-01
    5.10053933e-02 7.55958080e-01 7.60004520e-01 9.18144584e-02
    6.21356070e-01 2.50629276e-01 5.40889859e-01 7.54144847e-01
    6.95635557e-01 8.40957046e-01 6.12779975e-01 1.35877728e-03
    4.69496727e-01 5.35361886e-01 2.69092292e-01 1.53753161e-02
    2.46749997e-01 7.72436261e-02 7.62267888e-01 1.03098363e-01
    2.73462355e-01 9.98305142e-01 9.04986978e-01 9.33756351e-01
    9.00200009e-02 6.84783340e-01 9.72733915e-01 9.14557695e-01
    4.70975935e-01 5.18096268e-01 6.67119682e-01 8.53848815e-01
    2.96839774e-01 6.29430115e-01 6.40020370e-01 9.31971908e-01
    3.15933228e-02 4.97896910e-01 4.00070071e-01 8.08665454e-02
    9.88747954e-01 7.85825729e-01 8.30970049e-01 3.17377210e-01
    9.86719668e-01 7.77916789e-01 8.54833484e-01 7.71746635e-01
    2.63634324e-03 4.85923886e-01 3.95975947e-01 5.78004599e-01
    9.26160395e-01 7.88746893e-01 4.63039100e-01 5.11183023e-01
    2.00094044e-01 5.51009357e-01 7.27156639e-01 2.12601870e-01
    6.14945829e-01 5.49114883e-01 8.27238381e-01 9.78218794e-01
    5.17617285e-01 3.75878811e-01 7.42057502e-01 2.30658889e-01
    7.17560172e-01 9.15006161e-01 3.29100907e-01 1.89516842e-01
    9.03041005e-01 2.78620422e-01 4.46818590e-01 1.00271076e-01
    9.12751436e-01 5.72107375e-01 3.08431983e-01 8.08732748e-01
    7.52382755e-01 9.92654264e-02 4.13644314e-02 6.41089857e-01
    1.98187917e-01 6.36896968e-01 8.23851228e-01 3.25082064e-01
    9.74220872e-01 5.05606651e-01 4.89029288e-01 9.21423078e-01
    2.45459050e-01 6.27653182e-01 2.93104410e-01 6.48803890e-01
    7.50906229e-01 3.23633552e-02 7.73763657e-03 3.75074536e-01
    4.32937682e-01 6.31096125e-01 3.69097829e-01 7.66957283e-01
    1.59733593e-01 8.35214972e-01 2.15430409e-01 2.98593700e-01
    5.77165902e-01 2.97723562e-01 5.41397095e-01 8.24555337e-01
    5.83615780e-01 5.72451413e-01 9.51812983e-01 4.25980210e-01
    5.50574243e-01 9.72368300e-01 7.63570786e-01 7.00514436e-01
    2.45096654e-01 4.90047455e-01 4.70149279e-01 3.77329290e-01
    3.74190301e-01 7.23745823e-01 7.93061376e-01 2.41074860e-01
    3.14904392e-01 5.71879327e-01 1.78105831e-01 2.85924673e-01
    2.52820551e-01 3.41614306e-01 4.60099608e-01 6.13703012e-01
    6.44189715e-01 9.40802097e-02 5.52433729e-01 3.38069499e-01
    7.96419203e-01 7.86366403e-01 3.39342058e-01 5.09090841e-01
    4.72930819e-01 5.54441690e-01 7.78617382e-01 3.92745554e-01
    5.14219999e-02 2.94466585e-01 6.25597537e-02 7.24374533e-01
    3.49182099e-01 7.87756443e-01 6.63790107e-01 8.36024880e-01
    4.90942359e-01 4.31394905e-01 5.86432695e-01 1.21025562e-01
    7.76265979e-01 8.95305872e-01 4.66221482e-01 3.71468037e-01
    9.83284116e-01 4.00937825e-01 7.61361003e-01 6.22905314e-01
    1.19960278e-01 6.72494471e-02 8.42755437e-02 6.06396437e-01
    7.55450189e-01 7.02261567e-01 2.13683456e-01 2.97409892e-01
    4.71283257e-01 2.66679406e-01 2.59586453e-01 4.36269969e-01
    3.21631730e-02 9.40989494e-01 4.77679163e-01 5.99244833e-01
    7.53820240e-02 4.17921096e-01 6.61631823e-02 6.84527874e-01
    9.57644701e-01 6.93751633e-01 1.69825643e-01 9.46520567e-01
    6.27919734e-02 5.59135079e-02 4.26423430e-01 7.82152891e-01
    7.52538562e-01 8.31686497e-01 4.96791422e-01 3.32487136e-01
    9.87178326e-01 3.24763298e-01 1.51218981e-01 9.38800931e-01
    4.90895212e-01 7.97329426e-01 2.88360029e-01 7.12986290e-01
    7.84555793e-01 5.15441418e-01 9.76449966e-01 7.38518000e-01
    7.99473524e-01 8.61522913e-01 5.02010047e-01 6.51820004e-01
    9.87438321e-01 9.27547097e-01 5.17694652e-02 5.88281035e-01
    5.87217152e-01 5.19599199e-01 3.50374341e-01 7.03197718e-01
    9.81025100e-01 9.21702504e-01 1.58187389e-01 7.45719135e-01
    2.51234680e-01 8.41951370e-03 9.45200562e-01 9.59496975e-01
    3.95992100e-01 8.95252228e-01 8.90935898e-01 4.20838892e-01
    3.44781816e-01 8.47477436e-01 9.20965672e-01 8.40610385e-01
    2.73607314e-01 1.11682683e-01 3.17643702e-01 8.73436987e-01
    9.14823055e-01 9.24642682e-01 3.21832806e-01 1.35502487e-01
    3.98646891e-02 4.43410099e-01 1.52792901e-01 9.76812720e-01
    1.64604187e-01 8.96828771e-01 4.83463734e-01 6.74278378e-01
    7.37819493e-01 1.58968329e-01 5.94819486e-01 1.54580891e-01
    6.24662399e-01 1.00976139e-01 8.53608251e-01 8.35484982e-01
    9.62080598e-01 7.01249361e-01 8.32790494e-01 5.19662678e-01
    4.69496727e-01 5.35361886e-01 2.69092292e-01 1.53753161e-02
    2.46749997e-01 7.72436261e-02 7.62267888e-01 1.03098363e-01
    2.73462355e-01 9.98305142e-01 9.04986978e-01 9.33756351e-01
    9.00200009e-02 6.84783340e-01 9.72733915e-01 9.14557695e-01
    5.26279628e-01 9.02430058e-01 3.50118339e-01 6.99950635e-01
    2.01696008e-01 8.54330659e-01 1.46271378e-01 6.28704190e-01
    4.46391612e-01 1.19705200e-01 2.10062772e-01 7.86460757e-01
    2.75829494e-01 4.49885994e-01 4.28411067e-02 3.93461525e-01
    1.14538759e-01 1.62626565e-01 4.12768811e-01 3.84127468e-01
    1.43222123e-01 7.73921967e-01 8.64521265e-02 9.01189446e-01
    3.34409893e-01 5.30815780e-01 9.09643650e-01 4.11768496e-01
    1.31752223e-01 8.27280641e-01 9.13436532e-01 9.74033535e-01
    3.61000001e-02 4.60309148e-01 3.47404301e-01 4.92910564e-01
    9.02082026e-02 7.34854043e-01 6.89743221e-01 4.28958774e-01
    9.75203335e-01 1.52207881e-01 7.35619247e-01 7.97975659e-02
    9.16083097e-01 1.01398170e-01 9.69388247e-01 8.85740638e-01
    6.84764385e-01 2.19293863e-01 6.53658271e-01 6.45806551e-01
    7.30378151e-01 9.47252274e-01 5.08486927e-02 2.73429215e-01
    1.09189808e-01 9.75229979e-01 7.94755220e-01 1.09911203e-01
    5.14883757e-01 3.07548612e-01 3.04869920e-01 3.67230058e-01
    7.74312615e-02 8.53672624e-01 7.09873438e-01 1.92338318e-01
    3.28927040e-01 1.94096476e-01 7.66755044e-02 8.91007781e-02
    1.37119502e-01 1.80823684e-01 6.09819651e-01 7.48394072e-01
    8.54940057e-01 8.23523104e-01 6.22597396e-01 7.48821139e-01
    7.93802142e-02 5.03075719e-01 6.67799711e-01 4.89793479e-01
    8.05008054e-01 8.87279630e-01 1.38494700e-01 2.10750431e-01
    5.73922038e-01 7.49572635e-01 7.14461148e-01 4.21990544e-01
    4.84984457e-01 2.40861475e-01 6.81226432e-01 5.34914017e-01
    9.41747308e-01 2.61682212e-01 3.40421975e-01 9.54990745e-01
    2.53069997e-01 7.05066383e-01 7.59937704e-01 2.37037987e-01
    5.88490844e-01 6.51466548e-02 2.84352064e-01 2.12723643e-01
    7.08717942e-01 1.96761429e-01 8.07111621e-01 8.04374278e-01
    4.36991274e-01 8.30820143e-01 8.85216117e-01 7.46485770e-01
    2.56309748e-01 3.66293192e-01 8.40369225e-01 4.98411953e-02
    6.91060305e-01 8.89560580e-02 3.05110991e-01 2.28813589e-01
    1.45272166e-01 5.66820860e-01 6.77032411e-01 3.44880521e-01
    5.54363608e-01 9.56824958e-01 3.43270868e-01 9.77687716e-01
    6.72738433e-01 6.69876456e-01 7.65111566e-01 6.93398058e-01
    1.30565852e-01 6.80954635e-01 1.48663819e-02 8.62809241e-01
    7.27896869e-01 2.51160532e-01 1.52923644e-01 6.32922947e-02
    7.73951054e-01 8.37642848e-02 7.93210626e-01 3.51431698e-01
    9.00575340e-01 3.99606705e-01 1.29672289e-02 8.84406269e-01
    3.84002268e-01 2.95033932e-01 3.04455161e-01 3.97273004e-01
    2.28868544e-01 5.26422083e-01 6.11224651e-01 5.17482758e-02
    1.50419772e-02 3.33493799e-01 4.84138131e-02 9.50816751e-01
    2.66042888e-01 7.94094861e-01 2.64006555e-01 3.77210051e-01
    4.78497505e-01 3.02658796e-01 8.62366378e-01 5.43670058e-01
    5.72833002e-01 1.69583023e-01 8.63736153e-01 8.70620966e-01
    9.82354939e-01 1.83137000e-01 1.34284526e-01 4.36338782e-01
    9.52285886e-01 3.71838868e-01 2.91651845e-01 8.53463709e-02
    8.97809982e-01 1.75395459e-01 8.99301052e-01 7.09273398e-01
    8.08702350e-01 1.04815125e-01 2.53921151e-01 2.24643558e-01
    8.58168840e-01 5.63846350e-01 7.04405427e-01 9.66200829e-02
    3.09378326e-01 5.40741682e-01 3.52010339e-01 3.13914984e-01
    4.39020544e-01 2.80937254e-01 6.13864303e-01 6.45580053e-01
    1.52972162e-01 3.61607134e-01 3.74838948e-01 6.01319134e-01
    9.67599750e-01 9.76166725e-01 6.53039813e-01 5.02507627e-01
    4.22953784e-01 8.21304202e-01 6.70176148e-01 3.25864851e-01
    7.71298468e-01 5.98535359e-01 9.05550122e-01 2.17301816e-01
    7.83315003e-01 9.17403460e-01 6.70927286e-01 8.27685952e-01
    7.89331555e-01 8.55453849e-01 5.57150424e-01 7.20513761e-02
    7.92307973e-01 7.90159225e-01 3.29574168e-01 7.49053955e-01
    7.89482236e-01 8.66153836e-02 4.68338698e-01 7.03372300e-01
    1.75609976e-01 8.39689016e-01 6.78911924e-01 7.28556275e-01
    1.76494479e-01 7.44431734e-01 6.69943154e-01 3.00938487e-01
    6.43866122e-01 8.21313620e-01 1.88347906e-01 4.16324228e-01
    4.08695072e-01 5.47912061e-01 7.77319551e-01 1.57011569e-01
    8.88558030e-01 2.03336835e-01 7.74292111e-01 2.00220168e-01
    5.26279628e-01 9.02430058e-01 3.50118339e-01 6.99950635e-01
    2.01696008e-01 8.54330659e-01 1.46271378e-01 6.28704190e-01
    4.46391612e-01 1.19705200e-01 2.10062772e-01 7.86460757e-01
    2.75829494e-01 4.49885994e-01 4.28411067e-02 3.93461525e-01
    1.04151994e-01 2.30320066e-01 7.69570947e-01 7.18911171e-01
    8.36129665e-01 6.19273841e-01 3.98981005e-01 5.06384194e-01
    9.72358584e-01 9.35970604e-01 5.82985580e-01 2.67992944e-01
    5.99622309e-01 6.82419121e-01 8.19573522e-01 9.53186095e-01
    8.34076166e-01 1.81802392e-01 4.87276316e-02 5.64996958e-01
    1.13709241e-01 3.81038368e-01 6.28988624e-01 6.54458344e-01
    6.43887639e-01 1.84123665e-01 2.31378615e-01 7.62890518e-01
    6.73476636e-01 1.10991061e-01 7.54208863e-02 5.95538378e-01
    7.69503355e-01 4.66059983e-01 1.21556967e-01 8.18888664e-01
    7.28403807e-01 8.78163278e-01 9.63900268e-01 5.39533079e-01
    6.95156753e-01 7.42614508e-01 2.22973287e-01 5.18403053e-01
    3.30883563e-02 9.49908137e-01 5.24157643e-01 3.67795050e-01
    8.82642865e-01 3.33157480e-01 9.30133700e-01 3.86890590e-01
    6.28077328e-01 2.07498938e-01 1.02919191e-01 4.26197588e-01
    5.58998704e-01 6.34850800e-01 5.64807832e-01 9.39341307e-01
    2.22337306e-01 6.73335075e-01 3.43315929e-01 4.37227428e-01
    6.14891350e-02 4.44979012e-01 3.90087336e-01 6.81551814e-01
    8.66599560e-01 2.74034917e-01 3.35116565e-01 7.71397948e-01
    9.51711655e-01 2.15668678e-02 3.07198822e-01 8.17313671e-01
    1.05285317e-01 4.94047314e-01 5.35334349e-02 1.56677872e-01
    7.89925992e-01 3.53106797e-01 1.60061002e-01 4.41193581e-02
    8.81117105e-01 2.23039508e-01 3.78435344e-01 3.62544239e-01
    7.13968933e-01 6.88933253e-01 5.79682767e-01 2.58194625e-01
    1.26205921e-01 2.09938735e-01 6.77576184e-01 8.08063686e-01
    8.98688316e-01 9.76684570e-01 1.12607628e-01 5.74221432e-01
    4.03761864e-01 3.71839583e-01 7.92899489e-01 3.45507294e-01
    9.92014408e-01 1.97624058e-01 8.46194267e-01 9.16155875e-02
    7.39215553e-01 3.31246197e-01 3.02852154e-01 4.94506955e-01
    9.54309702e-01 3.03770900e-01 8.64015400e-01 8.72381330e-02
    2.77042389e-01 7.69818902e-01 1.64939195e-01 2.09069490e-01
    2.53972828e-01 7.55648494e-01 8.09992850e-02 8.72952759e-01
    9.02340889e-01 9.35775340e-02 5.34101307e-01 2.16279209e-01
    9.32935119e-01 3.16624224e-01 6.04195595e-01 5.92681885e-01
    6.67522669e-01 1.02956891e-02 8.47008586e-01 2.38772839e-01
    7.35615253e-01 9.38269734e-01 3.07948411e-01 1.30065292e-01
    9.19335961e-01 3.37476134e-02 2.45973080e-01 8.39542031e-01
    5.20030320e-01 2.22957432e-01 6.52285755e-01 7.94183016e-02
    2.35360742e-01 3.57785732e-01 9.74191248e-01 9.62844253e-01
    3.00660014e-01 6.32302940e-01 9.81764853e-01 9.67702389e-01
    5.03521085e-01 9.98925090e-01 3.19924951e-01 4.42483693e-01
    8.43824506e-01 5.08154631e-02 8.91102493e-01 7.77649999e-01
    9.95755136e-01 4.19477403e-01 8.65101457e-01 1.69583559e-01
    2.24184662e-01 4.04559672e-02 5.88306487e-01 3.23573351e-02
    4.48951781e-01 5.77964187e-01 7.66918540e-01 9.07578468e-01
    5.33673227e-01 8.91131043e-01 5.73046505e-02 7.52879620e-01
    4.35327590e-02 5.91811240e-01 9.07862604e-01 1.18698001e-01
    6.30176544e-01 9.53055024e-01 1.33472145e-01 8.44063640e-01
    5.11022031e-01 7.25997448e-01 4.79230523e-01 6.88093424e-01
    2.40028799e-01 1.09352559e-01 9.07069921e-01 6.34612441e-01
    6.58608675e-02 8.01342130e-01 7.18444705e-01 2.30269015e-01
    9.89447534e-01 1.28086001e-01 8.16995740e-01 5.68097055e-01
    2.18964785e-01 5.85960150e-02 4.35048908e-01 6.94795549e-02
    6.51430428e-01 9.79684830e-01 6.17238641e-01 9.89055634e-02
    5.11472821e-01 3.05985332e-01 1.82414412e-01 9.71710384e-02
    9.35379207e-01 2.40089208e-01 6.92462802e-01 2.39271194e-01
    8.41822267e-01 2.22895503e-01 9.71172750e-02 8.71933699e-02
    3.37772638e-01 5.72024882e-01 5.80399454e-01 9.82210577e-01
    9.91164446e-01 4.24474061e-01 1.09258592e-02 4.15492803e-01
    7.88649142e-01 6.83711886e-01 8.83695960e-01 2.34536916e-01
    2.28393465e-01 8.64849746e-01 2.89951980e-01 1.77963048e-01
    6.01625443e-01 2.21946090e-01 9.78003442e-01 3.01625907e-01
    3.56021404e-01 5.35771489e-01 3.41593623e-02 5.71392655e-01
    8.81791711e-02 6.63675845e-01 3.47498655e-01 2.84718841e-01
    2.15868533e-01 7.84404039e-01 6.05525911e-01 2.84977198e-01
    1.04151994e-01 2.30320066e-01 7.69570947e-01 7.18911171e-01
    8.36129665e-01 6.19273841e-01 3.98981005e-01 5.06384194e-01
    9.72358584e-01 9.35970604e-01 5.82985580e-01 2.67992944e-01
    5.99622309e-01 6.82419121e-01 8.19573522e-01 9.53186095e-01
    2.38185376e-01 2.57843733e-03 9.04820442e-01 2.19137520e-01
    8.23851109e-01 6.65690303e-01 9.20530260e-02 7.05406010e-01
    2.44159967e-01 3.39831084e-01 5.80047786e-01 8.58132958e-01
    2.72921741e-01 9.95324850e-01 2.28188515e-01 6.35546207e-01
    2.92750239e-01 7.51810312e-01 8.73358428e-01 1.15631104e-01
    8.85259509e-02 3.33167315e-01 8.93753111e-01 1.33809447e-01
    8.01364362e-01 3.20013404e-01 3.91843975e-01 7.29667425e-01
    1.97728276e-02 6.12366796e-01 4.40684199e-01 2.03355670e-01
    7.65515089e-01 2.24465698e-01 8.63776922e-01 8.57004523e-01
    1.39112145e-01 4.83962357e-01 6.97466731e-03 1.93546712e-01
    2.52612472e-01 2.29829580e-01 6.75096989e-01 4.93483335e-01
    3.74891341e-01 5.86614370e-01 4.66681153e-01 2.38230139e-01
    4.98961359e-01 4.23454791e-01 3.93851280e-01 2.99955010e-01
    9.21137094e-01 5.36004007e-01 4.00289834e-01 5.80416679e-01
    2.53048003e-01 3.08045864e-01 5.75597942e-01 8.13320935e-01
    4.16417331e-01 9.56063867e-01 2.11917460e-01 1.67806864e-01
    4.67142045e-01 5.29690146e-01 5.21922708e-02 8.31229925e-01
    3.41302514e-01 5.59824109e-01 4.78949904e-01 4.43661511e-02
    3.08531016e-01 8.72985363e-01 6.82694316e-01 3.71642530e-01
    1.76535547e-01 9.37582374e-01 1.43734843e-01 7.83908725e-01
    8.73735309e-01 9.01033401e-01 1.94644332e-02 7.31681764e-01
    9.83308911e-01 9.39612925e-01 7.52016306e-01 4.66993362e-01
    4.14001554e-01 7.96601295e-01 1.43760175e-01 9.12871361e-02
    1.15411818e-01 8.79716873e-02 3.54032516e-02 2.23495573e-01
    8.64132643e-01 3.21575165e-01 7.45128632e-01 7.83622444e-01
    4.86149013e-01 6.00198984e-01 1.77745223e-02 1.08460784e-02
    6.93378270e-01 1.00105375e-01 4.45977330e-01 4.70928401e-01
    3.86765748e-01 3.33917558e-01 6.66207135e-01 9.93961811e-01
    2.25112617e-01 3.74957502e-01 2.58063674e-01 8.80339682e-01
    4.93636578e-01 8.93741548e-01 1.11256242e-02 7.79827058e-01
    3.69502008e-02 3.52819145e-01 3.27431560e-02 9.98492241e-01
    4.82258439e-01 8.30375612e-01 5.64487755e-01 7.08773732e-03
    9.49307263e-01 3.28040123e-01 3.52930546e-01 9.37953711e-01
    1.95219576e-01 4.07432079e-01 1.91929430e-01 5.54421484e-01
    1.99973673e-01 6.45557642e-01 2.59139538e-01 6.21692777e-01
    1.50211066e-01 2.26760745e-01 3.24607432e-01 3.23190093e-01
    4.04932439e-01 7.20541656e-01 5.64301014e-01 1.20598942e-01
    5.22927046e-01 8.75090957e-02 4.67610896e-01 1.43438518e-01
    6.31957293e-01 1.21523112e-01 3.71091992e-01 3.57878685e-01
    5.18969893e-01 9.71127450e-02 3.74627590e-01 3.06673706e-01
    4.58438516e-01 7.76861906e-01 9.86261010e-01 5.40184677e-02
    5.78628063e-01 6.03070021e-01 7.52382874e-02 9.58193183e-01
    8.65303934e-01 8.10062587e-01 7.89823532e-01 7.78395295e-01
    9.50707912e-01 7.57737517e-01 9.69574690e-01 7.83601224e-01
    2.83885062e-01 2.29342908e-01 8.30512762e-01 2.39955127e-01
    2.99904883e-01 3.24813038e-01 2.94134766e-01 2.14320868e-01
    6.06118083e-01 2.92484581e-01 2.08504736e-01 7.76178956e-01
    4.75549698e-01 8.96744728e-01 8.32784474e-02 6.55259371e-01
    2.84167051e-01 6.72725201e-01 4.83296901e-01 2.59247065e-01
    5.68331659e-01 2.22305983e-01 9.85839248e-01 5.83978832e-01
    3.75892580e-01 3.41072679e-02 2.83495665e-01 6.57039404e-01
    8.32567275e-01 2.00200200e-01 9.68237162e-01 6.82007730e-01
    1.46983624e-01 3.07323396e-01 5.22824466e-01 2.02333480e-01
    4.53620136e-01 9.90727901e-01 1.16668791e-01 6.07118785e-01
    9.32067394e-01 5.12765586e-01 1.15199894e-01 1.06278747e-01
    1.61309689e-01 3.37447494e-01 4.74281639e-01 8.60680044e-01
    8.02835941e-01 5.95452547e-01 9.23071027e-01 8.31275225e-01
    1.82550550e-01 5.29972672e-01 3.92140150e-01 6.76021755e-01
    4.19618547e-01 8.52659702e-01 2.13288367e-01 6.17694497e-01
    5.19016683e-01 4.16798890e-01 9.85740185e-01 1.42049789e-02
    9.74587202e-01 5.28688252e-01 3.66690576e-01 8.57193828e-01
    4.64445353e-02 5.36020458e-01 6.48125887e-01 6.64344072e-01
    7.54806757e-01 1.92616165e-01 4.60582554e-01 3.24393928e-01
    9.29766774e-01 5.16564846e-01 3.94511223e-03 8.42149675e-01
    2.38185376e-01 2.57843733e-03 9.04820442e-01 2.19137520e-01
    8.23851109e-01 6.65690303e-01 9.20530260e-02 7.05406010e-01
    2.44159967e-01 3.39831084e-01 5.80047786e-01 8.58132958e-01
    2.72921741e-01 9.95324850e-01 2.28188515e-01 6.35546207e-01
    2.50960350e-01 7.41151512e-01 6.34500980e-01 3.44263315e-02
    5.38361788e-01 5.97839296e-01 9.07945871e-01 8.77935052e-01
    4.58897412e-01 2.31223762e-01 7.23361969e-01 7.43327975e-01
    7.18375802e-01 4.29866761e-01 4.98208940e-01 2.70825684e-01
    9.68472958e-02 1.98978186e-03 9.06309128e-01 5.24004102e-01
    6.17590308e-01 4.96041685e-01 4.73725677e-01 4.78481829e-01
    1.85297191e-01 1.01923645e-01 8.72233510e-01 7.41727352e-02
    1.49286956e-01 2.22102046e-01 5.49838781e-01 3.65007102e-01
    2.79441535e-01 5.97981036e-01 7.95254469e-01 7.62914717e-02
    6.84364319e-01 2.03657120e-01 7.18174160e-01 3.18168044e-01
    8.27485442e-01 4.98806089e-01 5.00072062e-01 2.16639847e-01
    3.38615596e-01 4.21838224e-01 6.37906849e-01 9.08842564e-01
    9.72119868e-02 5.91671228e-01 1.19864225e-01 7.80631542e-01
    4.59632695e-01 9.08444285e-01 1.27128094e-01 7.81862199e-01
    2.83891737e-01 2.61572868e-01 1.36731267e-01 2.99244940e-01
    1.38209522e-01 5.49935579e-01 6.96280241e-01 1.58865780e-01
    7.64176846e-01 1.69273645e-01 8.85991573e-01 1.75708711e-01
    6.61600530e-01 5.33309579e-01 4.07711864e-01 9.91475344e-01
    7.93492794e-01 4.85080719e-01 2.11256623e-01 8.17654490e-01
    6.34412646e-01 8.82168412e-01 1.43366456e-01 1.95032090e-01
    3.10961425e-01 5.23540974e-02 5.94730675e-01 4.54909891e-01
    7.97863305e-02 3.34399581e-01 8.29960108e-02 1.05021000e-01
    4.96217012e-02 9.89660144e-01 6.73295319e-01 5.68156958e-01
    8.04147124e-01 1.93745226e-01 9.17582154e-01 2.99104393e-01
    3.46399665e-01 5.90153694e-01 3.70017886e-01 4.22398150e-01
    9.71570432e-01 4.10510868e-01 3.05061996e-01 8.28987479e-01
    8.03476095e-01 1.52230382e-01 6.75905824e-01 9.60043907e-01
    6.37871742e-01 6.21707559e-01 5.90395093e-01 3.49592447e-01
    7.47797906e-01 6.96331620e-01 4.25494969e-01 3.98050427e-01
    2.21877903e-01 3.70433629e-01 9.57831979e-01 3.61301422e-01
    7.08931684e-03 4.33601052e-01 5.29553890e-02 1.27928197e-01
    3.13481838e-01 8.46152306e-01 9.54641223e-01 3.98962319e-01
    8.76433551e-02 3.17845345e-01 8.63790989e-01 3.50709975e-01
    6.93539381e-01 2.83945143e-01 7.27814317e-01 9.95871127e-01
    3.01931262e-01 3.52864265e-02 6.53443933e-02 7.23133564e-01
    5.51601112e-01 2.43145943e-01 3.68253201e-01 6.11730397e-01
    2.81416833e-01 9.20053363e-01 6.91674054e-01 6.44287050e-01
    9.64845240e-01 8.48029554e-02 9.55779552e-01 9.65402842e-01
    6.37640059e-02 4.70921844e-01 8.40146244e-01 3.43644202e-01
    9.79842424e-01 9.88307059e-01 3.14593613e-02 6.64684892e-01
    9.02113318e-01 8.35344553e-01 8.61792564e-01 8.54411364e-01
    1.04068160e-01 4.64223981e-01 1.38442427e-01 3.19175720e-01
    4.24278051e-01 9.87888753e-01 8.90579224e-01 5.04099250e-01
    5.70510268e-01 6.69529438e-01 9.01225686e-01 4.20044899e-01
    8.87206733e-01 1.29351526e-01 2.31889635e-01 5.22675157e-01
    6.65428638e-01 1.47974581e-01 5.76401830e-01 3.48538041e-01
    5.43147027e-01 4.61450070e-01 8.84363890e-01 1.31159395e-01
    1.82611942e-01 7.31423855e-01 6.96265221e-01 7.25759268e-01
    9.90496039e-01 8.02236438e-01 4.37061429e-01 5.63955843e-01
    9.35061455e-01 1.34917498e-02 1.45651430e-01 2.05011070e-02
    4.97496068e-01 9.42420542e-01 2.53929615e-01 3.78485918e-01
    7.27575064e-01 8.39156866e-01 1.75736248e-01 3.73071998e-01
    2.44480371e-02 3.53805304e-01 3.84610891e-02 2.04047263e-02
    1.39456093e-01 1.44711465e-01 5.63748419e-01 9.89621520e-01
    3.26731801e-02 9.25776780e-01 5.52568436e-01 9.05222297e-02
    1.79006189e-01 3.16785246e-01 8.09532166e-01 7.64762998e-01
    6.54621482e-01 2.24073440e-01 6.92586064e-01 5.42019963e-01
    3.14627528e-01 2.84401238e-01 5.16099215e-01 9.14665163e-02
    7.33801603e-01 2.48222500e-01 4.27972645e-01 2.58002132e-01
    7.33195901e-01 2.44041860e-01 1.12898409e-01 1.69989616e-01
    9.38195467e-01 5.47827184e-01 3.57597470e-02 8.98891568e-01
    1.99980587e-01 9.74985242e-01 2.49759674e-01 3.89255136e-01
    7.95100152e-01 8.83858919e-01 6.56587422e-01 3.31339240e-03
    4.62817281e-01 2.58038104e-01 6.81107104e-01 8.86905789e-02
    2.50960350e-01 7.41151512e-01 6.34500980e-01 3.44263315e-02
    5.38361788e-01 5.97839296e-01 9.07945871e-01 8.77935052e-01
    4.58897412e-01 2.31223762e-01 7.23361969e-01 7.43327975e-01
    7.18375802e-01 4.29866761e-01 4.98208940e-01 2.70825684e-01
    9.04955506e-01 9.02179003e-01 7.44643807e-01 1.72428221e-01
    3.59216392e-01 2.33729422e-01 1.96402073e-02 8.92663002e-02
    3.62753421e-01 7.72291362e-01 1.18037641e-01 3.13573480e-01
    4.67295527e-01 4.34191525e-01 8.82347226e-01 9.17524576e-01
    1.67082250e-02 4.86024201e-01 9.98325944e-02 5.97585857e-01
    2.11470693e-01 4.73201573e-01 1.01573706e-01 7.35208154e-01
    8.72614682e-01 8.46821785e-01 8.10144544e-02 6.71997547e-01
    4.05073881e-01 7.47169971e-01 9.26982999e-01 8.83619189e-02
    1.65992051e-01 7.76708126e-04 7.98143446e-02 7.83828259e-01
    8.80160332e-01 3.87434572e-01 3.78627300e-01 6.01311624e-01
    2.57572353e-01 9.40689087e-01 5.88875234e-01 6.74382865e-01
    6.78897142e-01 1.33277357e-01 5.88878870e-01 6.93832517e-01
    3.22966635e-01 1.90465897e-01 1.13953263e-01 1.66154683e-01
    9.96001065e-02 7.14876235e-01 8.11193109e-01 7.83644199e-01
    4.09214497e-01 8.08332324e-01 4.69420850e-02 4.01376456e-01
    9.27063823e-03 4.63749886e-01 4.43197340e-01 3.15291464e-01
    4.12371159e-01 5.42785645e-01 2.00920582e-01 5.44347644e-01
    6.44775212e-01 9.79866147e-01 5.23599744e-01 6.62803650e-05
    7.06857860e-01 4.68225211e-01 9.25542116e-01 9.16098654e-02
    2.27112740e-01 3.46158922e-01 1.72674298e-01 3.91598314e-01
    1.42819881e-01 7.57818997e-01 7.81936049e-01 6.44414723e-01
    1.81284636e-01 2.58254111e-01 7.58780241e-01 3.81889582e-01
    3.60944629e-01 8.63972783e-01 1.97313726e-01 8.39986682e-01
    6.96740508e-01 3.54833722e-01 8.98099303e-01 7.03568399e-01
    6.99223042e-01 9.72058535e-01 4.61468399e-02 2.56280601e-01
    9.35265422e-02 8.68909538e-01 6.65898860e-01 9.28147018e-01
    5.15883267e-01 1.24778837e-01 4.21519458e-01 6.33530736e-01
    6.06514215e-01 6.13379836e-01 5.78878760e-01 8.16913724e-01
    5.74685931e-01 2.44274855e-01 7.26537943e-01 4.43832278e-01
    4.54568803e-01 1.04887068e-01 7.69705951e-01 9.05046225e-01
    1.61855578e-01 2.26735592e-01 8.75303149e-02 2.29254961e-02
    4.39355135e-01 8.09441805e-01 9.93674517e-01 1.51670784e-01
    1.31606907e-01 5.00032306e-03 6.08921468e-01 1.15832061e-01
    7.82986403e-01 4.67088521e-02 5.58463275e-01 8.19463432e-01
    3.54529679e-01 4.60746884e-02 6.59095526e-01 3.44638884e-01
    4.71888453e-01 4.91968930e-01 2.44171411e-01 9.88472700e-01
    4.99776721e-01 8.08202803e-01 9.07473564e-01 7.29069054e-01
    6.62786245e-01 4.35245633e-01 3.61424387e-01 8.58470798e-01
    6.32436275e-02 6.54074371e-01 2.65677452e-01 4.40958977e-01
    6.89452589e-01 9.46938097e-02 2.00253159e-01 4.32753354e-01
    8.03108752e-01 5.63270152e-01 6.30513549e-01 6.13852441e-01
    8.58588934e-01 3.64566118e-01 4.01622385e-01 6.92436337e-01
    9.44500208e-01 6.30512297e-01 8.46402586e-01 1.37020826e-01
    7.02342868e-01 1.67163014e-02 2.82741487e-01 6.31969213e-01
    7.41975427e-01 2.53074944e-01 2.59690046e-01 4.55677271e-01
    2.71815568e-01 6.40271664e-01 3.38313758e-01 6.87211871e-01
    1.10767752e-01 7.69177318e-01 3.55877966e-01 9.44112778e-01
    9.91661310e-01 4.79754388e-01 4.47919995e-01 8.15095365e-01
    2.50854015e-01 9.88172948e-01 3.03553402e-01 6.89159513e-01
    5.80682516e-01 2.96766460e-02 5.02393007e-01 9.47998643e-01
    5.52469134e-01 1.47955626e-01 5.77069819e-01 3.17941070e-01
    3.22411329e-01 8.31925631e-01 4.39195424e-01 4.69547033e-01
    7.37415135e-01 5.71739852e-01 6.16827846e-01 5.14051080e-01
    9.37430382e-01 5.27577400e-02 1.35141104e-01 1.26736850e-01
    6.93748951e-01 7.97897398e-01 6.41583920e-01 4.49838817e-01
    8.73766303e-01 8.48473430e-01 6.69985473e-01 9.59761024e-01
    5.31915426e-01 2.70164013e-03 8.66653740e-01 2.24350393e-02
    9.88732219e-01 5.68089545e-01 9.46348190e-01 8.86233687e-01
    2.45714098e-01 7.60065436e-01 1.97059095e-01 3.35539639e-01
    1.57740712e-02 7.87073135e-01 2.82339036e-01 3.69237006e-01
    2.49907613e-01 2.36913264e-01 2.53059328e-01 1.92204416e-02
    6.23249590e-01 7.46271610e-01 1.48324639e-01 6.24779940e-01
    1.59923047e-01 9.53993976e-01 3.52576494e-01 6.79936707e-01
    4.19894367e-01 6.80055499e-01 2.11011767e-02 6.58918142e-01
    9.04955506e-01 9.02179003e-01 7.44643807e-01 1.72428221e-01
    3.59216392e-01 2.33729422e-01 1.96402073e-02 8.92663002e-02
    3.62753421e-01 7.72291362e-01 1.18037641e-01 3.13573480e-01
    4.67295527e-01 4.34191525e-01 8.82347226e-01 9.17524576e-01
    4.93383110e-01 2.91341186e-01 4.95197773e-02 8.58029902e-01
    9.87258613e-01 3.29333454e-01 1.78116262e-02 2.14049637e-01
    1.32453144e-02 7.23867893e-01 7.19046414e-01 7.29945600e-01
    6.98799849e-01 9.10861015e-01 2.95768768e-01 5.64598501e-01
    6.58492923e-01 1.99194580e-01 2.71682024e-01 3.29801381e-01
    9.95277584e-01 4.17132199e-01 9.93315935e-01 3.65468740e-01
    6.51546478e-01 7.14301944e-01 3.99362981e-01 3.46680939e-01
    5.61174095e-01 5.77888966e-01 2.19249696e-01 1.94534928e-01
    8.12411308e-02 1.95957571e-01 4.79916304e-01 1.13506228e-01
    5.93293726e-01 2.54353702e-01 4.76720750e-01 6.01635158e-01
    7.46795774e-01 9.24823761e-01 2.26692319e-01 8.23925853e-01
    6.27892733e-01 1.06989443e-02 4.34887081e-01 5.94520867e-01
    9.52882051e-01 6.11853480e-01 6.08174145e-01 6.59872651e-01
    2.54113615e-01 8.24418426e-01 4.35293615e-01 2.11885870e-02
    6.24431849e-01 2.94844151e-01 7.05397129e-02 2.08759218e-01
    6.18842006e-01 2.27075636e-01 8.87305737e-02 8.63430023e-01
    4.49825943e-01 6.04885936e-01 2.71256268e-01 5.94405770e-01
    2.14774847e-01 9.02319789e-01 8.95357072e-01 7.36701548e-01
    8.09414268e-01 9.80038285e-01 8.54572415e-01 5.22568047e-01
    7.79376030e-01 6.65199041e-01 8.65502357e-01 2.59118855e-01
    7.05409825e-01 1.64793938e-01 3.39632034e-01 2.63575017e-01
    9.71723199e-01 2.01074183e-02 8.10657442e-02 6.02616727e-01
    7.71626770e-01 2.50433087e-01 7.85712242e-01 2.81481564e-01
    5.03235161e-01 2.08400995e-01 2.64362633e-01 3.63378346e-01
    2.83083558e-01 7.01824665e-01 8.51002336e-02 5.69259286e-01
    3.50495785e-01 2.14854121e-01 6.48626029e-01 3.08334708e-01
    2.45203465e-01 5.15683293e-01 2.94949025e-01 3.54812890e-01
    5.77531040e-01 3.62627625e-01 1.82580620e-01 9.31656897e-01
    2.41361469e-01 3.91561240e-01 1.67519599e-01 4.29674625e-01
    2.94618279e-01 5.23431122e-01 7.97883391e-01 1.12234741e-01
    5.05297720e-01 2.60048240e-01 2.88629889e-01 9.20631886e-01
    6.16688251e-01 1.10957444e-01 9.76139307e-01 4.40197736e-01
    6.35996819e-01 8.45457554e-01 8.46786261e-01 2.99087435e-01
    5.29971123e-01 5.82894206e-01 3.83384407e-01 3.88803124e-01
    5.77146649e-01 4.68694925e-01 3.23239893e-01 2.36909002e-01
    4.69669670e-01 7.77828455e-01 1.35010988e-01 9.43480134e-01
    9.99196410e-01 4.44680035e-01 4.04404104e-01 6.74256146e-01
    6.07329607e-01 1.60018563e-01 5.71948528e-01 4.09099042e-01
    7.19682813e-01 2.53678709e-01 2.93347359e-01 1.27648890e-01
    9.68230367e-01 2.12938190e-02 8.63170564e-01 3.19754779e-01
    6.09305620e-01 1.48888201e-01 4.47506249e-01 3.19749206e-01
    8.54472816e-02 5.45558929e-01 5.70897222e-01 4.92949039e-01
    9.85192657e-01 7.07289755e-01 5.41492522e-01 6.99838638e-01
    2.90960908e-01 1.96260601e-01 1.41536176e-01 3.23531657e-01
    6.73421741e-01 9.44926977e-01 7.93402851e-01 5.02555788e-01
    4.98414934e-02 9.03661728e-01 9.73837614e-01 7.51414120e-01
    3.40884745e-01 3.51660430e-01 1.29193842e-01 4.91926402e-01
    4.89977032e-01 2.84700155e-01 8.21391582e-01 3.17684889e-01
    4.46041644e-01 4.54668999e-01 8.18173647e-01 3.28680158e-01
    6.76119626e-01 3.19111019e-01 3.52846682e-01 6.69570923e-01
    7.81615496e-01 5.19378901e-01 6.95762277e-01 5.03311932e-01
    6.16848707e-01 2.00281888e-01 8.90345573e-01 9.76794124e-01
    1.12932563e-01 3.34238648e-01 1.55099422e-01 8.35334897e-01
    8.45702589e-01 5.83381534e-01 7.78654218e-01 1.64793819e-01
    1.27427965e-01 3.08410048e-01 2.89174676e-01 8.95890951e-01
    1.84071898e-01 1.89242959e-01 5.32391846e-01 3.62011552e-01
    4.40304011e-01 5.21456838e-01 7.93743968e-01 1.13283992e-02
    1.84363037e-01 5.75560033e-01 8.49892378e-01 7.99528956e-02
    7.47936666e-02 1.38176709e-01 4.50374335e-01 9.00905967e-01
    2.08659768e-02 4.59822863e-01 4.60162550e-01 4.70385611e-01
    9.80908990e-01 5.12880445e-01 9.63553667e-01 5.17854691e-01
    3.59590650e-01 6.41667962e-01 9.39167142e-01 5.13485074e-03
    2.68053532e-01 3.97943556e-01 6.88872993e-01 7.36634135e-01
    1.46010727e-01 1.02116168e-01 7.81209946e-01 2.29293048e-01
    4.93383110e-01 2.91341186e-01 4.95197773e-02 8.58029902e-01
    9.87258613e-01 3.29333454e-01 1.78116262e-02 2.14049637e-01
    1.32453144e-02 7.23867893e-01 7.19046414e-01 7.29945600e-01
    6.98799849e-01 9.10861015e-01 2.95768768e-01 5.64598501e-01
    5.65274954e-02 1.87605023e-01 1.03776276e-01 5.39021313e-01
    9.85405803e-01 7.37090886e-01 3.14944118e-01 3.23179066e-01
    4.30735320e-01 6.84095144e-01 9.72335219e-01 2.89927512e-01
    2.15728045e-01 6.34185672e-02 1.73994839e-01 1.07605606e-01
    3.93402606e-01 2.07853377e-01 4.70261931e-01 2.87042916e-01
    1.27448112e-01 8.71528983e-02 3.04646373e-01 6.33549809e-01
    6.61529183e-01 9.25916493e-01 8.51917326e-01 1.49129808e-01
    6.52329266e-01 2.41305083e-01 7.52559304e-03 8.74435782e-01
    2.15038866e-01 2.43563116e-01 8.77627194e-01 2.01565474e-01
    3.15505415e-01 8.32947969e-01 6.51699245e-01 3.57197225e-01
    7.49153793e-02 3.19194138e-01 6.60629749e-01 9.00083184e-01
    8.58503103e-01 1.83161736e-01 6.80063665e-01 7.47707605e-01
    1.50670707e-02 3.80887687e-02 3.60614061e-01 3.71335149e-01
    3.01180243e-01 7.61174798e-01 3.09078842e-01 3.34537029e-02
    1.69017851e-01 1.25774741e-01 9.79420066e-01 1.23774767e-01
    9.00791466e-01 3.28897536e-01 1.44773126e-02 6.75676584e-01
    5.68713129e-01 8.12715828e-01 8.13637257e-01 1.06530011e-01
    9.18823481e-01 7.44707227e-01 4.30276662e-01 9.35167074e-04
    6.25516653e-01 8.71291995e-01 7.60788918e-02 5.23573339e-01
    8.28992307e-01 5.22943199e-01 3.02694440e-01 3.17980051e-02
    4.96240258e-01 9.23416555e-01 5.53962469e-01 1.35083377e-01
    6.84219301e-01 3.22978497e-01 3.91963005e-01 1.98992312e-01
    5.55126786e-01 1.19058609e-01 3.28450650e-01 6.86769724e-01
    4.62419659e-01 3.89662743e-01 4.27574605e-01 3.44104826e-01
    5.56135654e-01 6.76343679e-01 8.97076964e-01 2.82669723e-01
    1.89597547e-01 7.53082156e-01 6.88915431e-01 2.22336680e-01
    5.58095515e-01 9.07077193e-01 9.99684334e-01 1.86508268e-01
    8.12445700e-01 9.94472027e-01 1.70264423e-01 6.49649858e-01
    2.51128793e-01 2.87299395e-01 6.61948264e-01 5.04007757e-01
    9.75691080e-01 4.06705111e-01 6.10837162e-01 4.08521265e-01
    5.07805884e-01 6.40536070e-01 9.11836863e-01 9.98828292e-01
    2.68293113e-01 6.19450510e-02 6.66456401e-01 5.47304571e-01
    3.47947299e-01 9.26070392e-01 7.11104631e-01 7.90724754e-01
    1.59483552e-02 4.38042432e-01 2.48741031e-01 9.06024337e-01
    7.97603011e-01 3.25522065e-01 2.50481158e-01 1.67653203e-01
    2.48498917e-02 5.98137379e-01 8.04219306e-01 1.28990382e-01
    3.06601644e-01 5.89283705e-01 5.96173823e-01 5.01828015e-01
    7.54030049e-01 1.33317471e-01 8.44301224e-01 8.56607795e-01
    6.15714192e-02 7.30880797e-01 4.65007514e-01 4.85274345e-01
    9.63570595e-01 4.43494499e-01 1.41683191e-01 7.96402931e-01
    4.86967444e-01 3.25636744e-01 6.79944158e-02 1.25139266e-01
    8.91030788e-01 1.02079928e-01 6.55685663e-01 9.89416897e-01
    4.54031825e-01 7.79112935e-01 3.35303426e-01 8.06913257e-01
    5.74947059e-01 8.12240720e-01 1.95454657e-01 5.97918153e-01
    6.70264959e-01 8.27995777e-01 2.90206194e-01 9.95709062e-01
    3.67127001e-01 5.46847165e-01 2.99229980e-01 7.78732300e-01
    7.06662536e-01 2.77414471e-01 9.54306126e-01 7.20143676e-01
    2.31687516e-01 8.60812426e-01 1.38831496e-01 6.56343699e-02
    2.07720369e-01 1.97978318e-01 8.46898317e-01 3.54923666e-01
    4.66956526e-01 5.54822981e-01 7.92640924e-01 5.36408722e-01
    1.79626644e-01 4.16503549e-02 4.21478093e-01 6.84122503e-01
    4.00722593e-01 6.68981075e-02 4.76509333e-04 8.00845802e-01
    7.55635262e-01 5.50157070e-01 1.86422408e-01 8.52323771e-01
    3.92712921e-01 5.58509529e-01 7.52020836e-01 7.03428745e-01
    8.26826692e-02 6.23206615e-01 6.52031898e-01 9.49614406e-01
    4.48766351e-02 8.31917048e-01 3.95822436e-01 6.01273954e-01
    5.15363038e-01 2.87700623e-01 3.06281328e-01 8.64881277e-02
    1.52523786e-01 8.92891288e-02 3.69150996e-01 2.85548568e-01
    5.20794690e-02 1.23214304e-01 9.55068946e-01 1.44421428e-01
    3.27200145e-01 6.25395834e-01 9.27681088e-01 1.64572805e-01
    1.98128819e-03 5.96092045e-01 3.08477700e-01 7.73947239e-01
    6.27556562e-01 8.04003179e-01 8.88337314e-01 3.44558001e-01
    6.95584714e-01 7.81827807e-01 7.22802639e-01 3.88862133e-01
    5.19059718e-01 8.43214989e-01 5.74937403e-01 2.50913948e-01
    5.65274954e-02 1.87605023e-01 1.03776276e-01 5.39021313e-01
    9.85405803e-01 7.37090886e-01 3.14944118e-01 3.23179066e-01
    4.30735320e-01 6.84095144e-01 9.72335219e-01 2.89927512e-01
    2.15728045e-01 6.34185672e-02 1.73994839e-01 1.07605606e-01
    2.41313100e-01 3.20443273e-01 8.48313808e-01 4.33122814e-02
    7.92249918e-01 6.57622397e-01 7.84692049e-01 6.18904829e-03
    6.20929301e-01 9.41124201e-01 9.07490253e-02 4.80712116e-01
    7.26157010e-01 8.36094499e-01 2.65662074e-02 2.15037316e-01
    6.51197433e-01 1.09219491e-01 8.29192519e-01 8.28889787e-01
    1.79692298e-01 2.44509101e-01 5.21203399e-01 1.54516101e-03
    9.43840325e-01 6.01492524e-01 8.33167374e-01 7.90872395e-01
    5.54682910e-02 5.57648063e-01 4.58637893e-01 8.63168061e-01
    6.16991401e-01 4.09809351e-02 2.05534965e-01 9.50634480e-01
    4.53731179e-01 2.48018175e-01 9.26786959e-02 2.30018735e-01
    9.00022507e-01 9.84732509e-01 4.40283120e-01 4.01012838e-01
    4.50641572e-01 6.24423504e-01 8.39292049e-01 6.63951635e-02
    9.53363657e-01 3.81114841e-01 7.24039912e-01 2.84373462e-02
    8.30625534e-01 4.21545476e-01 3.41766477e-02 1.14651948e-01
    7.59503245e-02 5.86806774e-01 5.66754878e-01 6.70048714e-01
    9.12253737e-01 8.03524256e-01 8.67818177e-01 2.22272843e-01
    9.41005945e-01 4.90869761e-01 6.46184504e-01 9.08822656e-01
    5.88212669e-01 6.32074594e-01 5.31231165e-01 4.23524886e-01
    8.80461395e-01 2.62760222e-01 4.94024903e-01 4.11603719e-01
    7.09315300e-01 2.82269537e-01 3.75799417e-01 9.77902651e-01
    3.55142534e-01 7.10584462e-01 3.00369442e-01 6.98742568e-02
    4.63743299e-01 1.12669826e-01 6.34960234e-01 2.50188231e-01
    9.83070135e-02 6.76852524e-01 8.29410553e-01 1.78865105e-01
    1.96608931e-01 4.00318563e-01 8.69438291e-01 1.31940961e-01
    2.52986312e-01 6.03346944e-01 8.91204000e-01 6.21313095e-01
    6.40631557e-01 5.66602767e-01 7.66322613e-02 8.72821331e-01
    2.31315851e-01 1.27330065e-01 6.79757237e-01 8.12326431e-01
    2.25222766e-01 8.94598961e-01 1.57941222e-01 2.32057363e-01
    9.46044683e-01 6.04475856e-01 1.83013380e-02 2.27888852e-01
    1.89924300e-01 3.42929900e-01 8.99982572e-01 2.64137447e-01
    3.39524567e-01 3.83065850e-01 7.23276436e-02 7.86652923e-01
    3.29160064e-01 5.52417636e-02 8.13362956e-01 5.67507625e-01
    5.92037439e-01 1.03092462e-01 7.98707366e-01 9.84011054e-01
    7.26537645e-01 4.06999230e-01 7.82257974e-01 6.21980131e-01
    5.12443900e-01 9.74357426e-01 9.50272083e-01 1.25138611e-01
    7.20108032e-01 9.19893980e-02 1.72510445e-02 6.83813214e-01
    3.18141580e-02 9.34477210e-01 5.97388983e-01 2.71817267e-01
    4.11142230e-01 1.80420578e-02 2.93253481e-01 6.51452422e-01
    2.00856924e-01 6.92144573e-01 8.74251246e-01 9.34563875e-01
    3.69235873e-02 9.76867676e-01 8.87777150e-01 2.16552079e-01
    9.94468212e-01 8.01446736e-02 8.83969903e-01 5.23212075e-01
    5.71215510e-01 4.12592173e-01 7.00865865e-01 7.54680037e-01
    2.79458463e-01 8.43425572e-01 5.56232214e-01 3.99048686e-01
    9.35137093e-01 5.48805237e-01 7.98315704e-01 6.79877996e-01
    6.58415794e-01 4.51907992e-01 3.44407022e-01 5.93774319e-02
    6.88749433e-01 2.13406473e-01 8.76676559e-01 7.29043901e-01
    6.57765806e-01 5.82747698e-01 1.81047320e-02 9.68366027e-01
    4.64637786e-01 1.24790668e-01 1.26399666e-01 8.59951496e-01
    2.67207265e-01 8.80974889e-01 1.97677046e-01 8.29717219e-01
    3.27563286e-02 5.74654579e-01 7.29512095e-01 9.69456196e-01
    3.04910421e-01 7.41860271e-01 3.80093396e-01 1.61890179e-01
    3.01616520e-01 5.98458648e-01 5.09287000e-01 3.51217568e-01
    4.67134476e-01 8.06870461e-02 8.45667779e-01 7.35478818e-01
    2.82246172e-02 5.04322946e-01 2.59909928e-02 3.20353389e-01
    8.25928450e-01 4.17259932e-01 8.09931278e-01 6.06325269e-02
    7.44633555e-01 2.55507976e-01 1.01974547e-01 8.49201143e-01
    8.70032072e-01 3.58649194e-01 6.10501468e-01 7.30287850e-01
    1.88508004e-01 1.83014572e-01 5.11331856e-01 3.80514532e-01
    2.70767927e-01 5.69647908e-01 6.12092435e-01 4.89842832e-01
    7.05330670e-01 2.95922935e-01 6.60788119e-02 5.97537696e-01
    2.95623183e-01 6.65994704e-01 4.92059827e-01 7.87710667e-01
    2.15096682e-01 6.99007154e-01 3.45817208e-02 4.71122682e-01
    9.64031577e-01 1.01080418e-01 4.28822070e-01 1.28700674e-01
    9.43826914e-01 1.76869929e-02 2.21367747e-01 5.68318725e-01
    2.41313100e-01 3.20443273e-01 8.48313808e-01 4.33122814e-02
    7.92249918e-01 6.57622397e-01 7.84692049e-01 6.18904829e-03
    6.20929301e-01 9.41124201e-01 9.07490253e-02 4.80712116e-01
    7.26157010e-01 8.36094499e-01 2.65662074e-02 2.15037316e-01
    6.23312294e-01 9.24312472e-01 9.07950521e-01 9.92901564e-01
    6.72060013e-01 8.10969532e-01 9.78567839e-01 6.23262107e-01
    5.64519405e-01 2.31187165e-01 9.76697326e-01 5.39624453e-01
    6.19757950e-01 5.82949102e-01 6.08145714e-01 8.58053327e-01
    4.50242758e-02 9.07880247e-01 7.90026486e-01 6.05434835e-01
    2.23254055e-01 4.56025600e-01 5.44068813e-01 8.96279812e-01
    4.41317201e-01 9.82178330e-01 7.46586382e-01 7.32145429e-01
    3.25590014e-01 8.52347016e-01 9.14577484e-01 1.99029088e-01
    9.23024058e-01 4.22320306e-01 8.32916260e-01 1.56579107e-01
    2.92557329e-01 1.55469179e-01 2.67233163e-01 2.66708702e-01
    2.15134025e-01 5.90839028e-01 2.36246735e-01 4.08021539e-01
    5.28018534e-01 3.67160082e-01 7.87288785e-01 7.32400298e-01
    2.74641335e-01 8.80993843e-01 7.60232806e-01 6.03988945e-01
    8.49652052e-01 9.20654237e-02 1.45370960e-01 2.18098462e-02
    7.36842692e-01 1.09183580e-01 6.46985173e-02 5.95297813e-01
    6.36773944e-01 2.91506946e-02 9.01208282e-01 5.88589013e-01
    8.50365400e-01 9.87404346e-01 1.95390284e-02 4.50122178e-01
    1.71920449e-01 5.93498647e-02 9.42955971e-01 5.18036842e-01
    7.79466510e-01 1.30075514e-02 2.40711540e-01 4.96384591e-01
    1.54335439e-01 4.35712337e-01 8.25899839e-01 1.29644483e-01
    2.41696358e-01 9.03469563e-01 2.78487086e-01 4.07852530e-02
    9.28944170e-01 2.58053958e-01 4.82567549e-01 5.53772271e-01
    5.98801792e-01 6.73178017e-01 4.77934599e-01 7.83736646e-01
    5.76260209e-01 5.06598055e-02 4.95128602e-01 7.72638321e-01
    6.17481232e-01 1.34865999e-01 2.17031121e-01 4.47834998e-01
    5.34876287e-01 1.34897500e-01 1.16615653e-01 4.32389915e-01
    1.94320828e-01 9.21839058e-01 3.27844799e-01 5.01528740e-01
    2.69959450e-01 7.80228019e-01 5.90771198e-01 3.73880863e-02
    9.86057103e-01 4.03483391e-01 9.59466100e-01 2.79532075e-01
    2.28487521e-01 2.27952600e-02 1.02279514e-01 4.04164433e-01
    3.57258528e-01 7.68461585e-01 4.79608774e-01 4.22727644e-01
    8.38763356e-01 1.01285487e-01 4.93057907e-01 5.34857213e-02
    6.90742135e-02 3.82616222e-01 4.27299738e-01 8.71699452e-01
    5.78391552e-02 9.99521017e-02 6.28988922e-01 2.84126967e-01
    6.49053693e-01 4.52610314e-01 1.38525546e-01 9.54429090e-01
    6.06485426e-01 6.64472580e-01 1.27442986e-01 9.75425601e-01
    6.29644394e-01 7.11790800e-01 5.40640891e-01 9.81673300e-01
    8.88695240e-01 4.77521420e-01 7.48519421e-01 5.32743871e-01
    5.35166025e-01 8.22972178e-01 8.18264663e-01 8.70129585e-01
    5.94742298e-01 8.91611457e-01 3.89260352e-01 7.19555914e-01
    4.75808501e-01 1.24296188e-01 8.26071739e-01 3.41669112e-01
    2.66134083e-01 2.81254530e-01 1.44620299e-01 1.71153814e-01
    6.75683975e-01 6.07361078e-01 6.25615835e-01 1.67850196e-01
    8.15889478e-01 2.40849674e-01 4.00286496e-01 9.76083934e-01
    6.32514656e-01 7.95128465e-01 2.16635436e-01 9.08293128e-01
    7.78255939e-01 7.41219878e-01 2.09290326e-01 1.29303992e-01
    7.75763392e-01 4.59648967e-01 5.61780572e-01 7.06380308e-02
    5.27942419e-01 6.66087151e-01 4.18199927e-01 7.83597827e-01
    8.48371804e-01 5.26867509e-02 2.11162508e-01 6.42092586e-01
    5.78927457e-01 1.68831050e-02 3.88389170e-01 9.37696934e-01
    2.16302961e-01 9.65272844e-01 7.79872537e-02 7.29335845e-01
    7.11617231e-01 3.36435437e-01 2.83926070e-01 4.48759735e-01
    7.33214438e-01 6.18535340e-01 9.87123430e-01 9.24040139e-01
    7.73960769e-01 4.91370946e-01 8.66903543e-01 6.32010579e-01
    9.96883452e-01 3.18458855e-01 8.56885314e-01 9.10508156e-01
    7.18515635e-01 7.88908005e-02 5.38721204e-01 2.13710696e-01
    5.35886109e-01 1.08931661e-02 1.43671334e-02 6.37236059e-01
    9.33799684e-01 2.02166438e-02 8.10006142e-01 3.36343080e-01
    2.61198521e-01 4.06096518e-01 7.17859387e-01 5.51928520e-01
    1.80028826e-01 3.47918093e-01 2.13200539e-01 7.37229943e-01
    1.95555329e-01 9.09659982e-01 9.87647831e-01 8.15869927e-01
    5.82469404e-01 2.26968676e-01 6.63778603e-01 4.41891760e-01
    4.24993664e-01 3.35969239e-01 9.39112425e-01 2.62598902e-01
    6.49653494e-01 2.02307701e-01 7.59337902e-01 6.74099326e-01
    6.23312294e-01 9.24312472e-01 9.07950521e-01 9.92901564e-01
    6.72060013e-01 8.10969532e-01 9.78567839e-01 6.23262107e-01
    5.64519405e-01 2.31187165e-01 9.76697326e-01 5.39624453e-01
    6.19757950e-01 5.82949102e-01 6.08145714e-01 8.58053327e-01
    3.23753655e-02 4.68074441e-01 8.63206744e-01 8.35904896e-01
    6.18916690e-01 9.32170391e-01 8.72115970e-01 2.03932941e-01
    7.96744823e-01 3.05561483e-01 7.67744720e-01 4.21312273e-01
    7.95478642e-01 8.73369694e-01 7.71615446e-01 7.71539092e-01
    9.44478631e-01 6.17976427e-01 8.88753891e-01 1.30850732e-01
    7.83522844e-01 8.06734264e-02 3.94379139e-01 8.89094174e-02
    6.31257296e-01 7.39009500e-01 3.98317695e-01 3.62607539e-01
    3.53941202e-01 7.86575317e-01 9.47366714e-01 4.92981076e-02
    8.61963868e-01 1.90694720e-01 1.92761064e-01 8.34885240e-02
    8.38662148e-01 7.33431101e-01 9.46494937e-01 3.77449781e-01
    8.86360884e-01 1.77228838e-01 5.15111029e-01 7.88716793e-01
    9.65367436e-01 5.49861848e-01 4.85594928e-01 4.56722915e-01
    4.98681635e-01 9.88618314e-01 8.59495044e-01 9.68756974e-01
    3.85426193e-01 7.48316824e-01 9.83568072e-01 4.14995492e-01
    2.01629102e-02 2.13502586e-01 7.93504775e-01 2.58338690e-01
    4.93263721e-01 9.48827267e-02 6.59307837e-03 1.04165822e-01
    1.01222575e-01 4.94229823e-01 5.20163715e-01 5.70435464e-01
    6.38714790e-01 1.25608832e-01 2.28473425e-01 7.99483418e-01
    6.51712894e-01 2.82868445e-02 9.23346221e-01 8.94033670e-01
    9.67373133e-01 1.35141671e-01 5.16648412e-01 8.92356992e-01
    6.62615240e-01 4.55867559e-01 5.66020489e-01 2.26913512e-01
    2.79455513e-01 1.04810447e-01 8.79084647e-01 7.14958966e-01
    5.03331423e-04 7.31052995e-01 4.36379373e-01 2.41480768e-01
    8.55347514e-01 5.12613475e-01 8.48766088e-01 3.35369676e-01
    9.03676867e-01 8.69167626e-01 9.74027514e-01 9.83066559e-01
    1.39614373e-01 3.19995940e-01 5.64604223e-01 6.04812801e-01
    4.52137589e-01 9.74572897e-01 5.62456906e-01 5.04909754e-01
    3.98637354e-01 8.90284419e-01 9.75033641e-01 6.95836067e-01
    8.15898299e-01 3.09536755e-01 3.71239781e-02 5.77069819e-01
    9.36584890e-01 6.82669997e-01 2.84683913e-01 5.04277527e-01
    7.52449393e-01 5.67820013e-01 2.01648980e-01 4.55395758e-01
    5.97583652e-01 4.58787382e-01 8.66202295e-01 2.87060142e-01
    3.99672955e-01 8.11979771e-01 2.21590370e-01 4.46602464e-01
    6.22369230e-01 7.66155124e-01 1.65694356e-02 5.77759743e-01
    2.45628417e-01 8.31622005e-01 7.89155781e-01 3.66058379e-01
    6.93968236e-02 4.23643589e-01 1.13943696e-01 3.79796714e-01
    6.16080582e-01 7.37727106e-01 4.64913666e-01 6.36558414e-01
    9.90455508e-01 5.91964841e-01 1.74649388e-01 2.71926522e-02
    5.32309711e-02 1.71326697e-01 5.51951349e-01 3.29999059e-01
    5.09495437e-01 9.62783098e-01 4.10993576e-01 5.87260485e-01
    2.32020617e-01 3.18889320e-01 1.40866637e-02 1.66518956e-01
    1.79275066e-01 2.46302396e-01 7.84117579e-01 6.11281037e-01
    3.85191858e-01 1.54721290e-01 1.70356005e-01 2.79023975e-01
    6.92170739e-01 4.32644844e-01 6.35752082e-01 2.97948241e-01
    9.15514112e-01 5.87758601e-01 5.62288761e-01 8.81801128e-01
    5.75891078e-01 7.23524392e-01 3.50187778e-01 8.04551601e-01
    5.89063704e-01 1.34824604e-01 5.31320870e-01 4.38732296e-01
    8.93114209e-01 3.69189203e-01 1.73491210e-01 5.08217394e-01
    9.38543200e-01 1.30639970e-01 6.62701845e-01 7.00548470e-01
    4.38576937e-02 2.50914991e-02 1.15206122e-01 7.21406996e-01
    6.48185849e-01 1.71632230e-01 7.15339363e-01 8.01245928e-01
    6.80885673e-01 2.44852632e-01 4.11552429e-01 8.30245674e-01
    8.98793459e-01 9.57055390e-01 9.49020267e-01 5.44799805e-01
    5.79026818e-01 6.77343965e-01 5.23970246e-01 5.13675690e-01
    4.91873443e-01 8.05237651e-01 8.43319535e-01 8.89906883e-02
    1.60498559e-01 3.65877479e-01 9.47754145e-01 1.83972418e-02
    1.90635622e-02 5.18393874e-01 1.56427205e-01 3.02085280e-01
    9.72598076e-01 6.53593242e-02 4.87776101e-02 3.44060719e-01
    5.96405566e-01 2.25352436e-01 5.91415286e-01 2.83995271e-02
    7.48747885e-01 8.31275940e-01 8.32684159e-01 4.97204185e-01
    9.97177362e-01 2.83911705e-01 4.16027904e-01 1.38931483e-01
    9.60699201e-01 8.07642281e-01 2.71012604e-01 5.83923936e-01
    8.77462268e-01 2.57931679e-01 5.00003755e-01 5.28593004e-01
    4.48393762e-01 4.95618880e-01 3.47116649e-01 6.47485554e-01
    3.23753655e-02 4.68074441e-01 8.63206744e-01 8.35904896e-01
    6.18916690e-01 9.32170391e-01 8.72115970e-01 2.03932941e-01
    7.96744823e-01 3.05561483e-01 7.67744720e-01 4.21312273e-01
    7.95478642e-01 8.73369694e-01 7.71615446e-01 7.71539092e-01
    7.65820503e-01 7.43662834e-01 5.61318338e-01 8.04809332e-01
    2.89599478e-01 6.33224845e-01 1.01010025e-01 8.67596984e-01
    9.03532743e-01 3.42409164e-01 3.31296355e-01 5.48850656e-01
    4.66457397e-01 9.65112209e-01 9.00712192e-01 7.37300038e-01
    6.53346717e-01 3.70541990e-01 7.96611786e-01 2.87082255e-01
    4.07615364e-01 6.06383443e-01 2.39858419e-01 7.97079265e-01
    9.41069841e-01 1.45011127e-01 7.48424053e-01 1.03590459e-01
    4.46920305e-01 3.15666676e-01 3.59117180e-01 8.08869243e-01
    5.48367381e-01 8.31023574e-01 5.58168411e-01 4.98566091e-01
    4.98441160e-01 9.16212201e-01 6.09744728e-01 7.98779249e-01
    8.74930084e-01 1.90622240e-01 9.97900248e-01 7.24992692e-01
    9.84937429e-01 7.77354121e-01 3.70708346e-01 8.31578374e-01
    9.64437187e-01 1.33209229e-01 4.89234328e-01 2.29870319e-01
    6.88305736e-01 1.48138285e-01 4.63928998e-01 2.06823915e-01
    3.02692413e-01 6.70918226e-02 1.58991516e-02 3.98321301e-01
    5.20364285e-01 9.09736991e-01 5.74907959e-02 4.65858400e-01
    2.13475198e-01 3.91323656e-01 5.50476193e-01 6.61545992e-01
    1.87437862e-01 7.68205881e-01 8.45360041e-01 9.61178720e-01
    5.93758702e-01 4.90615577e-01 8.83267164e-01 4.15103644e-01
    3.55527997e-01 9.71235037e-01 8.63212943e-01 1.94540411e-01
    4.54409599e-01 9.96140122e-01 2.39095092e-01 4.96582538e-01
    8.61348808e-02 8.44328880e-01 5.52151322e-01 7.00621545e-01
    7.41937995e-01 9.43525076e-01 3.11503381e-01 3.68227363e-02
    5.46203613e-01 5.57157934e-01 2.70548433e-01 3.28662634e-01
    3.81504238e-01 4.50958937e-01 9.76651907e-03 3.67199183e-02
    2.26553738e-01 1.62042320e-01 6.17308855e-01 5.60046732e-01
    4.61633891e-01 6.96832061e-01 5.50761044e-01 7.14174449e-01
    4.92242426e-01 7.98207760e-01 2.74335623e-01 2.81764925e-01
    6.68447375e-01 8.69874656e-01 3.83123815e-01 3.51496220e-01
    1.09320402e-01 4.61229712e-01 8.26520264e-01 7.47694910e-01
    3.55997324e-01 7.82508492e-01 1.33728653e-01 2.18374342e-01
    6.20324373e-01 4.14170444e-01 2.29129285e-01 6.30166709e-01
    9.61056828e-01 3.37089777e-01 1.26138985e-01 8.33059192e-01
    7.76821971e-01 3.96983325e-01 9.35790181e-01 2.53592223e-01
    8.33760381e-01 3.26218605e-01 6.16149187e-01 2.23509967e-01
    4.35870856e-01 7.31497824e-01 4.88823712e-01 1.82563782e-01
    2.57042468e-01 5.07501900e-01 2.22456694e-01 9.65725660e-01
    6.57029212e-01 2.72148132e-01 6.79209948e-01 8.37635994e-01
    2.05561519e-01 3.34004879e-01 4.74028051e-01 8.76255035e-01
    4.61203545e-01 8.36293697e-02 7.95166373e-01 8.28019738e-01
    7.64821410e-01 5.66342652e-01 8.01738501e-01 8.68979454e-01
    8.60822201e-03 6.73540771e-01 1.24701858e-02 4.63748217e-01
    1.21020317e-01 8.37776899e-01 7.35880792e-01 3.54324877e-01
    4.36621755e-01 9.43452716e-01 7.54111290e-01 8.67444098e-01
    5.48425019e-02 2.73612440e-02 8.61736417e-01 4.28666800e-01
    3.39909673e-01 9.85188484e-01 9.84274924e-01 8.11626613e-01
    9.09425557e-01 5.95622659e-02 9.68141496e-01 8.39501381e-01
    6.25619888e-01 9.55549717e-01 9.38407958e-01 9.92355585e-01
    7.63239741e-01 6.14098430e-01 3.80270481e-02 3.04968089e-01
    7.30220735e-01 5.72224200e-01 1.92896664e-01 1.48438573e-01
    2.33641535e-01 4.49177563e-01 7.59994686e-01 4.56983507e-01
    5.20893335e-02 7.52604306e-01 9.57460344e-01 1.26914412e-01
    6.21167779e-01 2.06293046e-01 3.84037793e-02 5.03024518e-01
    6.33238077e-01 4.00076896e-01 7.13624001e-01 8.66340756e-01
    4.74914491e-01 4.68695611e-01 6.47601604e-01 8.83990526e-02
    1.82579994e-01 3.99659157e-01 2.67204344e-02 1.05607063e-01
    7.24965394e-01 5.96127510e-01 6.96580529e-01 6.73103869e-01
    2.49346495e-01 4.88246173e-01 2.73480773e-01 4.40803170e-02
    7.79566586e-01 1.56335950e-01 3.50346744e-01 7.32293427e-02
    7.65115142e-01 1.23198897e-01 7.30140865e-01 8.19287837e-01
    9.85261917e-01 6.80151224e-01 7.08783805e-01 7.38283396e-02
    6.32120371e-01 4.38639283e-01 1.80020213e-01 2.46494591e-01
    4.30651516e-01 4.32896852e-01 4.53054905e-02 3.64054054e-01
    1.04924589e-01 4.16815281e-03 5.87749958e-01 1.94188058e-02
    7.65820503e-01 7.43662834e-01 5.61318338e-01 8.04809332e-01
    2.89599478e-01 6.33224845e-01 1.01010025e-01 8.67596984e-01
    9.03532743e-01 3.42409164e-01 3.31296355e-01 5.48850656e-01
    4.66457397e-01 9.65112209e-01 9.00712192e-01 7.37300038e-01
    6.48484826e-01 8.88068080e-01 4.87568349e-01 6.14377379e-01
    4.07192320e-01 5.77802539e-01 5.89823723e-01 5.22881150e-01
    7.73858666e-01 3.78842801e-01 8.27059686e-01 3.10382068e-01
    8.20791721e-03 7.02099025e-01 6.04773402e-01 3.43880743e-01
    7.06351995e-01 2.55813360e-01 9.41441476e-01 8.30108762e-01
    8.76676083e-01 2.52043456e-01 3.42774123e-01 9.97391105e-01
    5.90657115e-01 9.12785411e-01 2.99598098e-01 7.08592534e-01
    5.09503186e-02 6.31755352e-01 8.41378927e-01 9.77653623e-01
    7.35029995e-01 6.32924020e-01 5.99477947e-01 9.75013137e-01
    3.32583070e-01 5.46484232e-01 5.71481645e-01 2.61875212e-01
    3.93806487e-01 5.22378325e-01 3.28422904e-01 1.20591998e-01
    5.38692772e-02 2.27541625e-01 7.08832920e-01 3.57921392e-01
    2.84388453e-01 9.02394354e-01 3.47939134e-01 9.84465361e-01
    1.07173800e-01 1.63557887e-01 1.73325449e-01 2.28980482e-02
    3.46379966e-01 1.57763064e-01 8.79737735e-01 4.09860939e-01
    6.96188390e-01 2.52468467e-01 8.64373803e-01 4.91806686e-01
    2.80659795e-01 3.68765891e-01 9.66647148e-01 1.90301090e-01
    5.36372423e-01 8.34385753e-01 3.80224198e-01 8.03744376e-01
    4.86498356e-01 4.09126967e-01 6.40414774e-01 4.54847604e-01
    9.84556675e-01 8.49155664e-01 9.56047535e-01 4.85630453e-01
    4.83065784e-01 9.30331826e-01 7.52863526e-01 2.79711545e-01
    4.12609249e-01 2.32336819e-02 3.58793020e-01 7.75605202e-01
    3.87862086e-01 3.75939965e-01 4.46947426e-01 4.21725035e-01
    1.16500407e-01 3.90288532e-01 7.59907365e-01 2.08367467e-01
    6.60095572e-01 6.99011564e-01 3.37301731e-01 8.72767627e-01
    6.35614991e-01 2.13411748e-02 4.45137978e-01 5.00284731e-01
    8.90993536e-01 1.95950091e-01 1.59773260e-01 4.04241681e-03
    6.19085968e-01 6.58717155e-01 3.44899297e-01 2.57618695e-01
    1.12718821e-01 7.55048156e-01 3.31817269e-02 2.65213847e-01
    1.47802979e-01 9.68212068e-01 4.84361827e-01 1.97549134e-01
    6.89845383e-01 2.69882858e-01 6.98276281e-01 4.42809731e-01
    5.48649728e-01 4.44011003e-01 4.51677799e-01 6.78124726e-02
    4.93769854e-01 3.25229496e-01 1.28350556e-02 3.52589160e-01
    2.33255684e-01 7.75729656e-01 4.44988996e-01 4.05116498e-01
    7.74562716e-01 9.75342035e-01 5.69246888e-01 9.22589481e-01
    7.35780954e-01 7.87763476e-01 1.94834262e-01 9.21646357e-01
    4.30482030e-01 5.08742213e-01 5.33178926e-01 8.14895988e-01
    3.33842456e-01 6.74965382e-02 2.54878998e-01 1.06741667e-01
    8.05253267e-01 1.01425052e-01 1.06459707e-01 6.94932461e-01
    1.32929713e-01 8.11189175e-01 9.27115381e-02 3.57885659e-01
    1.87182158e-01 5.20313680e-01 4.00198400e-01 3.75122070e-01
    6.71624243e-02 6.17148042e-01 3.65936667e-01 7.77781725e-01
    2.40561754e-01 3.70020866e-02 9.14429784e-01 1.16481870e-01
    1.95371270e-01 4.91594821e-01 7.92609453e-01 1.29342467e-01
    8.96542788e-01 5.92723966e-01 1.57138348e-01 7.30044723e-01
    4.33102816e-01 9.94490564e-01 1.88653171e-02 3.84384930e-01
    8.07041645e-01 1.95301175e-02 3.19512308e-01 2.60997713e-01
    2.38927215e-01 7.05139458e-01 2.51349568e-01 9.86714303e-01
    9.75199819e-01 2.92352587e-01 3.95290375e-01 1.20117664e-02
    9.54309821e-01 5.08118927e-01 5.61463952e-01 2.01449960e-01
    1.51159853e-01 8.31701934e-01 9.18840051e-01 8.54133487e-01
    1.88429326e-01 3.71702611e-01 4.65408713e-01 3.92132998e-02
    2.44326591e-02 5.84627390e-02 4.81240094e-01 5.55679619e-01
    5.05528986e-01 9.51730013e-02 4.61663663e-01 8.03585410e-01
    5.34134090e-01 3.93016666e-01 1.66662127e-01 8.38948965e-01
    5.01162648e-01 3.69560122e-01 4.58752394e-01 6.93309426e-01
    7.36415625e-01 7.31331348e-01 5.82990170e-01 2.87214905e-01
    1.23515964e-01 6.15313351e-01 1.94948107e-01 4.69259977e-01
    4.00444269e-01 4.54505324e-01 1.22597307e-01 4.43529904e-01
    5.26661456e-01 9.61338520e-01 4.46736187e-01 8.43875110e-02
    6.77696764e-01 1.05968565e-01 7.76184559e-01 1.65125072e-01
    1.29066974e-01 1.31119788e-01 3.40646625e-01 3.87281567e-01
    1.02089465e-01 6.93805397e-01 8.00989628e-01 7.76284695e-01
    3.03973734e-01 8.68457913e-01 5.53161502e-01 9.86965895e-02
    6.48484826e-01 8.88068080e-01 4.87568349e-01 6.14377379e-01
    4.07192320e-01 5.77802539e-01 5.89823723e-01 5.22881150e-01
    7.73858666e-01 3.78842801e-01 8.27059686e-01 3.10382068e-01
    8.20791721e-03 7.02099025e-01 6.04773402e-01 3.43880743e-01
    4.74391997e-01 7.12422669e-01 5.82779109e-01 1.67250782e-01
    9.16036725e-01 7.89130449e-01 7.27942348e-01 2.80659705e-01
    7.70244122e-01 2.98092961e-02 9.12095308e-01 5.35201132e-01
    2.73758829e-01 4.41996932e-01 1.27444357e-01 9.39793885e-01
    7.11312532e-01 7.83933163e-01 2.81950235e-01 5.73444247e-01
    6.20192111e-01 1.72321767e-01 8.63314271e-01 8.68412971e-01
    1.24176145e-02 3.54651749e-01 5.39468110e-01 9.72682536e-01
    5.79088807e-01 2.73965597e-02 6.82373166e-01 2.13840455e-01
    2.28010178e-01 1.97086006e-01 2.79460192e-01 4.52978283e-01
    5.18793464e-01 2.51688927e-01 7.86480784e-01 9.91313636e-01
    4.71087337e-01 2.46414065e-01 7.74638951e-02 4.81263161e-01
    6.70440197e-01 1.29051507e-01 3.52009535e-02 8.32846284e-01
    2.12748051e-01 8.78433883e-01 9.82747018e-01 3.91758323e-01
    9.56335902e-01 4.66378987e-01 1.98945403e-03 3.86012137e-01
    4.35868025e-01 4.30670977e-01 1.87679678e-01 2.27748454e-01
    3.61602306e-01 8.15975428e-01 5.10053217e-01 3.98849279e-01
    1.17990673e-02 3.80107015e-01 5.47147393e-01 1.33302271e-01
    3.53671044e-01 2.63754308e-01 2.07037866e-01 9.16220665e-01
    9.97871637e-01 5.46615720e-01 7.32667565e-01 3.30871880e-01
    3.97212714e-01 1.66791171e-01 4.23912853e-01 5.21560967e-01
    8.59200358e-01 2.98328638e-01 1.03491813e-01 1.63002580e-01
    4.79218870e-01 5.51676571e-01 8.96460414e-01 7.50304103e-01
    3.10566723e-02 2.21729428e-01 9.57369804e-01 8.62897992e-01
    9.31976974e-01 6.31261468e-01 7.04526186e-01 6.27958357e-01
    7.19962299e-01 9.99736369e-01 9.80494976e-01 3.41799259e-01
    4.54333097e-01 8.22490215e-01 6.08794510e-01 6.01504385e-01
    9.62017059e-01 3.13477367e-01 2.97257543e-01 5.39015472e-01
    9.07737017e-02 2.34507173e-01 3.59514713e-01 3.99731398e-02
    6.32784247e-01 8.05295527e-01 7.66443133e-01 6.85057402e-01
    6.00164354e-01 2.01427937e-01 8.20452332e-01 2.63226718e-01
    5.27412474e-01 9.49294269e-02 3.41026664e-01 1.68960661e-01
    3.92158747e-01 4.25942004e-01 5.93909025e-01 7.34139860e-01
    7.40883052e-01 4.03752685e-01 4.62854981e-01 3.17725509e-01
    5.98884642e-01 4.31482136e-01 3.95420521e-01 2.78232068e-01
    5.04052162e-01 7.63795376e-01 1.06104165e-01 1.60306066e-01
    3.78173143e-01 2.99443960e-01 3.96531343e-01 6.61068559e-02
    2.82748729e-01 5.51887870e-01 2.55568922e-01 7.57365048e-01
    3.44495773e-01 6.96618259e-02 5.57909250e-01 7.81526923e-01
    1.38735473e-02 9.09427106e-02 8.71050835e-01 5.98589718e-01
    3.04672122e-03 4.10645604e-01 8.35967183e-01 5.06630063e-01
    1.60197437e-01 9.60093260e-01 4.89806652e-01 4.14135724e-01
    7.52875686e-01 3.50458145e-01 3.33869696e-01 4.71413732e-02
    5.97174585e-01 8.97420287e-01 4.08499688e-01 8.18934202e-01
    6.32428825e-01 6.67627275e-01 3.86914194e-01 4.57373232e-01
    2.31418937e-01 1.78174675e-02 7.17497647e-01 3.37065518e-01
    1.44349158e-01 6.27353430e-01 3.56414229e-01 2.46074796e-02
    6.81604266e-01 3.77613991e-01 4.17780161e-01 8.06451857e-01
    7.60514975e-01 7.87801623e-01 2.04440355e-02 6.15821600e-01
    2.11900085e-01 4.47705209e-01 5.22836447e-01 4.09222484e-01
    8.54951382e-01 4.80336219e-01 6.44337952e-01 7.91257143e-01
    3.74393284e-01 7.36191690e-01 8.99673283e-01 3.67743224e-01
    3.76892209e-01 6.50905371e-01 3.67963314e-02 3.09462249e-01
    8.05022717e-01 3.73622477e-01 3.00830185e-01 8.19685459e-01
    6.72120631e-01 2.92833447e-02 4.66864973e-01 9.17815983e-01
    6.11400664e-01 7.94458508e-01 3.25649440e-01 3.19346756e-01
    4.41377014e-01 1.37897909e-01 8.72013569e-02 4.06973302e-01
    5.15355766e-01 7.68343449e-01 1.48413569e-01 9.83947933e-01
    7.32199073e-01 6.43163323e-01 3.94244164e-01 1.77185506e-01
    4.52377796e-01 3.48011255e-01 2.41601795e-01 4.76824045e-02
    7.45433509e-01 1.64832860e-01 2.44847685e-01 6.63410723e-01
    7.88471937e-01 3.41651499e-01 9.12327170e-01 6.54185653e-01
    3.94463837e-01 1.28985286e-01 1.32706404e-01 7.61120856e-01
    4.65035439e-03 6.81361735e-01 7.93088317e-01 3.02454889e-01
    2.00354010e-01 4.89641577e-01 4.19306576e-01 9.81411576e-01
    4.74391997e-01 7.12422669e-01 5.82779109e-01 1.67250782e-01
    9.16036725e-01 7.89130449e-01 7.27942348e-01 2.80659705e-01
    7.70244122e-01 2.98092961e-02 9.12095308e-01 5.35201132e-01
    2.73758829e-01 4.41996932e-01 1.27444357e-01 9.39793885e-01
    4.98096853e-01 3.68661880e-02 5.95896006e-01 4.25817847e-01
    6.69609845e-01 4.46235806e-01 6.38830662e-03 7.97349870e-01
    1.43636763e-02 2.36056149e-02 1.17776841e-01 8.59587669e-01
    5.70629358e-01 4.89384055e-01 1.78050995e-03 5.21295667e-01
    4.20712560e-01 3.38355660e-01 9.94166851e-01 5.19530356e-01
    3.37305456e-01 1.12130731e-01 4.74529564e-01 1.90981895e-01
    5.66474617e-01 6.24368370e-01 3.97541374e-01 3.52174699e-01
    6.11299038e-01 5.62000275e-01 4.95924681e-01 4.31836069e-01
    2.39421189e-01 7.15932548e-01 6.06978357e-01 5.23283958e-01
    3.40831637e-01 1.21405333e-01 7.60803699e-01 1.85506463e-01
    3.54674339e-01 4.60084796e-01 9.13501024e-01 5.58817089e-01
    6.55065417e-01 2.51392484e-01 5.16560197e-01 7.32769907e-01
    9.25313830e-01 7.78192878e-01 4.26941782e-01 3.84135932e-01
    2.26022720e-01 5.84958375e-01 3.84087414e-01 4.05520380e-01
    9.73284304e-01 8.16029549e-01 8.06722045e-01 2.07573026e-01
    1.70258164e-01 8.26825500e-01 3.28099668e-01 8.97018313e-01
    1.44928217e-01 3.79382610e-01 1.98644817e-01 7.63712287e-01
    3.89597416e-02 6.09836042e-01 4.02703047e-01 8.30625594e-01
    3.36245954e-01 9.59647298e-01 2.95485795e-01 1.36277676e-01
    5.90062141e-02 3.71575117e-01 3.49488765e-01 1.30929351e-01
    1.83313578e-01 6.27043009e-01 2.90826201e-01 6.90527678e-01
    5.44972420e-01 9.07819450e-01 8.98130476e-01 8.29389513e-01
    9.24984336e-01 6.31783664e-01 8.77344608e-01 8.96200299e-01
    9.38657701e-01 4.90460008e-01 5.44800878e-01 9.83583093e-01
    3.13937426e-01 6.20898902e-02 9.04258132e-01 3.98539662e-01
    7.26212740e-01 8.60248804e-02 9.02064204e-01 7.91470528e-01
    1.40942067e-01 2.03048140e-01 7.74662495e-01 5.61231673e-02
    6.73528731e-01 8.59310687e-01 4.74908948e-03 1.75131261e-01
    9.77846026e-01 4.83594894e-01 8.50500464e-01 9.00548816e-01
    5.45934856e-01 6.70701563e-02 2.48705983e-01 1.97496265e-01
    1.08265996e-01 1.80709720e-01 8.39495659e-03 5.00171721e-01
    1.91492885e-01 4.29178506e-01 1.36335194e-01 5.52069604e-01
    3.35679650e-01 7.41837025e-01 9.99414980e-01 7.34032989e-01
    9.05191839e-01 1.18379295e-01 3.49386215e-01 3.18028331e-02
    6.88368738e-01 1.56371474e-01 1.37298405e-01 7.95088887e-01
    8.40857863e-01 7.53119946e-01 2.11153895e-01 8.76843512e-01
    5.36907911e-01 9.54874396e-01 8.18555236e-01 5.60111344e-01
    4.52242136e-01 8.07044506e-01 9.75045562e-01 8.02193880e-02
    2.97858328e-01 6.51397824e-01 9.74546313e-01 1.42839164e-01
    8.16996574e-01 2.06297368e-01 6.66190624e-01 6.14737868e-01
    9.06714797e-03 9.53619361e-01 7.64142931e-01 5.03636837e-01
    1.36902511e-01 2.06542104e-01 3.08621377e-01 4.00046706e-01
    2.88414478e-01 5.14871001e-01 9.81715918e-02 5.87684214e-01
    3.97309870e-01 3.45032096e-01 7.89123297e-01 5.88775039e-01
    1.19758576e-01 1.40282840e-01 3.74530315e-01 4.69211310e-01
    4.65031087e-01 6.43149912e-01 1.42589211e-03 9.04169977e-02
    5.89502215e-01 2.57755816e-01 9.94754136e-01 4.87447023e-01
    4.44043279e-01 3.19003671e-01 3.12385380e-01 5.76344311e-01
    6.27071917e-01 6.39232278e-01 4.90498811e-01 1.72062874e-01
    4.49078143e-01 2.40955323e-01 2.29217231e-01 3.18132102e-01
    6.51193261e-01 7.87331939e-01 9.34706450e-01 2.25051075e-01
    9.38582003e-01 9.26418304e-01 2.55219787e-01 7.43513763e-01
    9.92531180e-01 8.05162609e-01 6.83676243e-01 8.35278749e-01
    8.08227420e-01 6.79370403e-01 1.26704574e-01 2.34256685e-01
    3.80245328e-01 2.60287523e-02 6.93050027e-01 6.18852139e-01
    3.34635317e-01 7.01013982e-01 6.12695694e-01 3.25601012e-01
    4.49245751e-01 5.02926946e-01 6.43746912e-01 4.81796265e-02
    6.24409854e-01 2.58281052e-01 8.33385944e-01 5.87325692e-02
    6.57902479e-01 5.38173079e-01 5.84600747e-01 8.76626909e-01
    3.44861090e-01 9.66793597e-01 8.99254739e-01 6.96642041e-01
    5.84889352e-01 2.05420464e-01 6.16952240e-01 7.87922442e-01
    2.91302681e-01 4.41561431e-01 7.45558619e-01 8.79270911e-01
    4.05318558e-01 5.77196479e-01 7.59014010e-01 3.74559522e-01
    3.37744713e-01 3.02004039e-01 2.71183014e-01 3.89872402e-01
    4.98096853e-01 3.68661880e-02 5.95896006e-01 4.25817847e-01
    6.69609845e-01 4.46235806e-01 6.38830662e-03 7.97349870e-01
    1.43636763e-02 2.36056149e-02 1.17776841e-01 8.59587669e-01
    5.70629358e-01 4.89384055e-01 1.78050995e-03 5.21295667e-01
    4.70541000e-01 7.52666235e-01 6.53747082e-01 6.40184641e-01
    4.73966926e-01 7.08511829e-01 9.03684616e-01 6.36309981e-01
    5.31958044e-02 2.85473257e-01 6.22936726e-01 3.88563246e-01
    3.21254849e-01 9.26749945e-01 9.05323982e-01 7.62948990e-01
    3.82905841e-01 8.17680717e-01 7.80003071e-01 3.57935667e-01
    3.21682036e-01 6.00970089e-01 7.59006143e-01 7.43372619e-01
    6.04072213e-01 4.97849107e-01 4.05644804e-01 2.31512964e-01
    2.07350254e-02 8.81820202e-01 8.90649915e-01 4.86695230e-01
    4.53735173e-01 5.68022192e-01 4.20625389e-01 3.83203149e-01
    8.30494463e-02 3.73796761e-01 5.67358613e-01 5.44372082e-01
    6.73770905e-04 7.73061633e-01 3.84871602e-01 9.89349484e-01
    4.54365611e-01 4.27423656e-01 1.96525365e-01 4.99855310e-01
    4.48823661e-01 1.44062936e-02 3.15744102e-01 6.09502554e-01
    4.94426191e-02 3.42684388e-02 3.65181267e-02 1.96348131e-01
    3.82228076e-01 8.74634624e-01 7.75600851e-01 2.67161965e-01
    5.29223740e-01 6.77843809e-01 8.96264195e-01 8.78233314e-01
    6.35214329e-01 3.82460743e-01 8.86093974e-01 7.05202699e-01
    8.91283154e-01 5.70430100e-01 1.56410635e-02 3.02671671e-01
    7.45453119e-01 2.05241442e-01 3.02449524e-01 8.90952110e-01
    9.77216482e-01 7.93057084e-01 8.86138976e-02 6.04419529e-01
    4.13458139e-01 6.11474514e-02 8.42760801e-01 6.50255859e-01
    2.42385447e-01 9.69996989e-01 3.54396820e-01 4.91223991e-01
    3.21108282e-01 3.17771852e-01 9.54227746e-02 9.87998545e-01
    6.90980852e-01 3.98196697e-01 7.07566977e-01 3.40039909e-01
    5.13420522e-01 9.83542204e-01 6.97042227e-01 8.11818540e-01
    2.82943487e-01 3.83474231e-01 9.66074646e-01 6.29092455e-01
    9.39966321e-01 6.11788273e-01 5.67073941e-01 1.53940380e-01
    1.08003616e-01 5.45473158e-01 9.83724952e-01 6.72303081e-01
    6.82529807e-01 9.34069991e-01 6.80783033e-01 4.21861798e-01
    8.97476554e-01 5.54960489e-01 2.49744713e-01 5.91508865e-01
    4.27120835e-01 2.80968726e-01 8.53890240e-01 6.72719836e-01
    8.17597806e-02 3.45688701e-01 4.15419638e-02 5.24192095e-01
    3.32733333e-01 5.64365208e-01 9.30558443e-01 7.99819708e-01
    5.33071101e-01 7.24197507e-01 6.58286572e-01 8.73022437e-01
    8.51118386e-01 3.81232202e-01 8.25958610e-01 1.24462426e-01
    9.16230023e-01 3.38870257e-01 1.11588448e-01 5.23134649e-01
    7.61417270e-01 8.42547596e-01 1.65837824e-01 5.38798273e-01
    6.01324320e-01 3.64062428e-01 5.84685147e-01 5.85626900e-01
    5.96643865e-01 6.26520395e-01 6.30730808e-01 1.33387715e-01
    6.78602397e-01 5.13612330e-02 7.73674726e-01 5.44402301e-02
    7.28047967e-01 1.46528214e-01 3.15581560e-01 3.07569027e-01
    8.25455666e-01 3.67981374e-01 8.52158904e-01 2.43870229e-01
    8.87701035e-01 9.79095817e-01 2.60347962e-01 1.64098829e-01
    9.53345001e-02 6.51499569e-01 3.78599346e-01 2.45458335e-01
    1.59623027e-01 1.14480317e-01 9.47888315e-01 7.36376524e-01
    6.67802870e-01 5.06649613e-01 7.54641294e-01 7.50880122e-01
    6.87359631e-01 8.52962136e-02 3.16299736e-01 9.53383148e-02
    4.64780331e-01 4.26145107e-01 8.95064592e-01 7.92853057e-01
    4.24196512e-01 7.22960293e-01 5.33237338e-01 2.17912704e-01
    6.09431982e-01 8.17237496e-01 2.35771328e-01 6.39505565e-01
    9.86809254e-01 7.27082491e-01 8.87839556e-01 8.56008410e-01
    9.74031985e-02 2.21229851e-01 4.77753103e-01 3.27787191e-01
    8.82490158e-01 6.89511180e-01 5.51803291e-01 1.14866227e-01
    9.61353183e-01 3.78185064e-01 5.07713616e-01 1.44673586e-02
    3.45630795e-01 9.11251783e-01 5.79888761e-01 7.40769506e-02
    2.68110335e-01 1.88064814e-01 6.04478419e-02 4.82033789e-01
    3.63173932e-01 7.87173510e-01 6.72823071e-01 4.79195416e-01
    5.52938461e-01 4.30375814e-01 8.25630426e-01 7.70997047e-01
    8.56007814e-01 3.56635392e-01 7.40298688e-01 8.85324478e-01
    6.55123591e-01 1.51406229e-02 7.36434698e-01 9.12944376e-01
    6.24380410e-01 2.06635445e-01 1.37037784e-01 4.10378575e-02
    3.84555161e-01 4.10949528e-01 5.59944749e-01 7.87116349e-01
    9.91188288e-01 3.02214503e-01 7.71343589e-01 8.60478759e-01
    2.03479856e-01 3.89986992e-01 3.31860214e-01 4.23160136e-01
    4.70541000e-01 7.52666235e-01 6.53747082e-01 6.40184641e-01
    4.73966926e-01 7.08511829e-01 9.03684616e-01 6.36309981e-01
    5.31958044e-02 2.85473257e-01 6.22936726e-01 3.88563246e-01
    3.21254849e-01 9.26749945e-01 9.05323982e-01 7.62948990e-01
    5.40311396e-01 6.59177899e-01 1.13006234e-02 6.71961248e-01
    8.17256331e-01 1.09606802e-01 6.86366200e-01 4.15484846e-01
    9.09240842e-01 1.70091718e-01 2.52741426e-01 3.54003251e-01
    7.08015561e-01 4.66660887e-01 2.61114806e-01 4.39517885e-01
    2.15290874e-01 8.76641631e-01 7.51485229e-01 2.48351783e-01
    6.21423542e-01 2.51872480e-01 2.64365017e-01 2.47162998e-01
    1.53197020e-01 2.15736240e-01 3.77449095e-02 4.86885786e-01
    4.30379242e-01 2.42461562e-01 9.16702211e-01 4.96648967e-01
    9.19654071e-02 9.27580476e-01 7.76286840e-01 3.70124817e-01
    8.06871772e-01 6.70001626e-01 6.86586499e-01 4.71593469e-01
    4.86481607e-01 9.94563699e-01 9.59041715e-02 9.26937461e-02
    9.65490818e-01 7.81257629e-01 9.12652612e-02 1.06179446e-01
    8.10590863e-01 1.20257199e-01 2.08865553e-01 3.34415793e-01
    6.88533187e-02 6.68308616e-01 7.89482296e-01 8.89187574e-01
    8.37274790e-01 1.37068540e-01 6.27386093e-01 1.57338887e-01
    4.05938894e-01 1.28639877e-01 9.08325911e-01 4.81312335e-01
    9.63553667e-01 1.21177733e-01 9.64163840e-02 5.24893403e-01
    3.42584372e-01 8.29204082e-01 4.49269891e-01 3.92421961e-01
    8.79698753e-01 8.22893560e-01 1.38790131e-01 9.32046771e-03
    7.21674562e-01 4.72165853e-01 1.19583249e-01 4.85885233e-01
    6.05785728e-01 8.82254601e-01 2.43235946e-01 4.51261312e-01
    4.30588424e-01 2.67985165e-02 4.36204165e-01 7.84988403e-01
    2.78379679e-01 6.22615337e-01 6.57764792e-01 9.36479092e-01
    5.66269934e-01 1.93635017e-01 1.67486221e-01 1.23383552e-01
    4.13827419e-01 2.96132237e-01 1.29114062e-01 5.94205618e-01
    1.51405334e-02 9.12277758e-01 4.98340130e-01 6.86875641e-01
    2.88746357e-01 9.13043141e-01 8.66022468e-01 9.12685037e-01
    6.05204165e-01 9.58229542e-01 8.38202477e-01 8.38200331e-01
    8.71266186e-01 9.52247381e-01 5.62899590e-01 3.53827775e-01
    4.23154354e-01 5.03776550e-01 7.06420362e-01 4.17770237e-01
    6.85758948e-01 1.51214182e-01 9.63656425e-01 7.60882437e-01
    6.94068015e-01 8.09269071e-01 7.71662593e-01 9.26297843e-01
    1.64904058e-01 9.13157582e-01 5.68085432e-01 3.92639697e-01
    1.31128401e-01 2.24409103e-01 8.84559155e-02 2.61889279e-01
    6.63008094e-01 9.28619623e-01 3.52236778e-01 4.93395209e-01
    8.86349559e-01 3.59840274e-01 6.05208576e-01 9.85152721e-01
    5.31153083e-01 2.23044097e-01 8.00487995e-01 9.93862927e-01
    7.32105672e-01 9.25002098e-01 9.55657482e-01 4.08635557e-01
    5.35193980e-01 2.82925367e-01 8.16373229e-01 7.03701496e-01
    1.30856335e-01 4.83261377e-01 1.32280499e-01 7.22919405e-01
    9.70531106e-01 9.72541988e-01 6.31116033e-01 9.81421649e-01
    1.03738725e-01 3.17670226e-01 9.31483626e-01 7.69091606e-01
    6.88553154e-02 1.98584795e-02 2.35002637e-02 8.89869332e-02
    9.77704644e-01 1.67253107e-01 4.64447737e-02 5.84847808e-01
    3.56977254e-01 7.38100410e-01 4.80370760e-01 1.74356401e-02
    3.47923189e-01 7.43417740e-02 9.09103811e-01 1.07443511e-01
    8.95958900e-01 3.45752835e-02 5.88330984e-01 2.77488351e-01
    7.77531981e-01 3.58876467e-01 3.63989949e-01 6.54281080e-01
    7.96429276e-01 5.60335219e-02 5.65083325e-02 3.22394967e-02
    7.50014961e-01 1.19878024e-01 7.99152315e-01 8.63501430e-03
    8.73977661e-01 5.18021047e-01 3.10576260e-01 9.80212867e-01
    3.04134786e-02 9.62777257e-01 6.85807705e-01 2.15236604e-01
    7.32384801e-01 9.16658640e-01 4.12413478e-03 9.12311256e-01
    7.01546073e-01 5.72184026e-02 2.22748548e-01 8.65561485e-01
    2.97436833e-01 6.87086701e-01 8.92059326e-01 3.16970468e-01
    8.73526692e-01 1.67971462e-01 9.28392053e-01 7.27742136e-01
    7.75195360e-01 2.43506044e-01 8.84155750e-01 1.04915857e-01
    9.00613666e-01 1.55898422e-01 3.47433150e-01 9.49009180e-01
    4.73820180e-01 5.86922228e-01 2.87511289e-01 9.19064045e-01
    9.50355589e-01 2.86463797e-02 2.49957919e-01 3.09187233e-01
    4.43287551e-01 3.69099796e-01 5.72099686e-01 2.31207997e-01
    6.73397660e-01 4.53588843e-01 2.11321652e-01 4.39609617e-01
    1.11252993e-01 2.22540617e-01 8.61340463e-02 6.58542156e-01
    3.45766306e-01 8.89671862e-01 6.53591216e-01 1.31301701e-01
    5.40311396e-01 6.59177899e-01 1.13006234e-02 6.71961248e-01
    8.17256331e-01 1.09606802e-01 6.86366200e-01 4.15484846e-01
    9.09240842e-01 1.70091718e-01 2.52741426e-01 3.54003251e-01
    7.08015561e-01 4.66660887e-01 2.61114806e-01 4.39517885e-01
    4.43076819e-01 9.59329724e-01 8.26043248e-01 2.24207759e-01
    3.21132660e-01 3.28604966e-01 8.10182810e-01 8.36060047e-02
    9.34130311e-01 3.64115536e-01 9.46061194e-01 1.07798815e-01
    8.45102668e-01 3.73885930e-02 6.72443151e-01 1.22381985e-01
    9.71283793e-01 4.18248385e-01 3.81721973e-01 3.67696881e-02
    5.78986585e-01 1.15250915e-01 1.52631730e-01 7.12139189e-01
    7.83342600e-01 8.57994080e-01 4.59640682e-01 7.08287656e-01
    2.49831200e-01 4.08675045e-01 6.75716996e-01 8.84366930e-01
    9.10232306e-01 2.24393636e-01 7.39888191e-01 8.93358231e-01
    2.06546247e-01 3.71178001e-01 1.89202964e-01 1.17993295e-01
    5.59662759e-01 7.52829552e-01 9.63126421e-01 1.28783852e-01
    2.97509313e-01 1.20157421e-01 1.90325439e-01 7.08728015e-01
    9.92669344e-01 4.41854060e-01 4.36611474e-01 9.22798276e-01
    8.44223857e-01 9.92011666e-01 7.12697506e-01 6.04287982e-02
    1.54205382e-01 8.92339826e-01 7.23029971e-01 7.73859262e-01
    7.73265421e-01 4.82706934e-01 2.59959608e-01 1.68986887e-01
    5.03329754e-01 2.62377322e-01 7.25990832e-01 4.20853525e-01
    4.55707759e-01 4.12485123e-01 7.38254964e-01 9.38604116e-01
    2.26293504e-01 8.71533632e-01 8.79832745e-01 1.46390527e-01
    5.84810734e-01 6.84534073e-01 6.97363019e-01 6.45932794e-01
    6.55655205e-01 2.09454894e-02 7.39671230e-01 2.63248116e-01
    1.87846571e-01 2.08554715e-01 9.27412450e-01 9.21896517e-01
    5.79177558e-01 7.23176539e-01 6.30281031e-01 4.07701492e-01
    1.82607174e-01 4.05177236e-01 2.24599063e-01 1.49875879e-02
    7.70538747e-02 1.65982902e-01 1.27315819e-02 9.64270949e-01
    2.50094384e-01 1.99564695e-01 5.30770123e-01 1.72707826e-01
    6.66047812e-01 9.00714457e-01 3.73091906e-01 6.99407876e-01
    2.92893142e-01 1.41813040e-01 3.30994010e-01 6.80966258e-01
    6.10653281e-01 8.50336850e-02 2.11600870e-01 1.39093310e-01
    5.26089132e-01 8.57068956e-01 2.27685213e-01 1.51105374e-01
    6.66666985e-01 3.00311327e-01 4.60362911e-01 3.96868110e-01
    1.59260929e-01 9.09053743e-01 8.04883242e-02 7.89530098e-01
    3.22977841e-01 7.72433519e-01 9.23478007e-01 5.82361877e-01
    2.24660814e-01 6.15370929e-01 2.91923881e-02 8.14629495e-02
    5.59404910e-01 9.41047490e-01 9.69820023e-01 4.66794282e-01
    8.37269962e-01 5.51000893e-01 3.97111416e-01 6.38183117e-01
    6.86632395e-01 9.13530052e-01 2.40323663e-01 5.33893526e-01
    2.70238459e-01 5.16680717e-01 7.31725693e-02 4.17128146e-01
    1.71816617e-01 6.39606178e-01 8.21408570e-01 3.79337013e-01
    6.48152053e-01 6.03994012e-01 3.06869805e-01 4.51276124e-01
    8.10149789e-01 6.99639499e-01 5.46888530e-01 9.81295407e-02
    5.32240570e-02 3.06627601e-01 7.73737192e-01 9.41410363e-02
    2.68077791e-01 4.08886075e-01 3.73014212e-02 1.87071174e-01
    4.71818566e-01 9.32169437e-01 7.36842275e-01 6.23469353e-01
    1.79975361e-01 2.55740047e-01 9.07179475e-01 5.95939159e-01
    1.08472854e-01 3.04748654e-01 8.74328613e-02 3.85587603e-01
    7.11425781e-01 3.31884205e-01 1.54937029e-01 7.19181836e-01
    5.83309293e-01 1.91345364e-01 5.15685081e-02 8.62918317e-01
    3.96050960e-01 5.55100322e-01 8.89687896e-01 5.57177246e-01
    6.79565310e-01 7.00906754e-01 2.01014668e-01 5.13172388e-01
    4.01695788e-01 9.43087161e-01 6.17902160e-01 5.24366319e-01
    7.94373274e-01 7.16582060e-01 6.88114107e-01 4.16727364e-01
    1.74503624e-01 1.89238787e-01 8.58990610e-01 5.92960775e-01
    3.07492316e-01 9.71933842e-01 9.17616248e-01 4.09887165e-01
    3.45326424e-01 6.86622262e-01 9.91607308e-01 5.33794761e-02
    6.19297385e-01 9.61375117e-01 3.83651495e-01 3.27493250e-02
    4.72472519e-01 5.01538336e-01 9.68439937e-01 6.64768696e-01
    2.80419648e-01 9.04463053e-01 1.19061619e-01 8.38148057e-01
    9.01212931e-01 8.67971838e-01 5.51089883e-01 6.68082833e-02
    2.48536408e-01 7.60445714e-01 7.10171819e-01 6.15066528e-01
    8.29356790e-01 7.46316612e-01 4.08399671e-01 6.76465631e-01
    3.81187111e-01 1.33461863e-01 3.65677327e-01 6.97156787e-02
    4.11335289e-01 6.05237842e-01 2.16786116e-01 1.82979167e-01
    1.27625167e-01 2.54530132e-01 1.45829856e-01 3.37239504e-01
    4.43076819e-01 9.59329724e-01 8.26043248e-01 2.24207759e-01
    3.21132660e-01 3.28604966e-01 8.10182810e-01 8.36060047e-02
    9.34130311e-01 3.64115536e-01 9.46061194e-01 1.07798815e-01
    8.45102668e-01 3.73885930e-02 6.72443151e-01 1.22381985e-01
    9.14750457e-01 5.99890351e-01 8.82643461e-01 7.65067935e-01
    2.61881709e-01 8.52792561e-02 7.94539988e-01 6.57514036e-01
    7.69602895e-01 9.59791183e-01 2.49739736e-01 9.45671916e-01
    8.30958366e-01 9.07519758e-01 6.11362338e-01 8.18078816e-01
    4.50946689e-01 9.13025498e-01 8.85658324e-01 5.66519022e-01
    9.16457415e-01 7.47218728e-01 1.75722301e-01 2.21889079e-01
    7.00564861e-01 3.17422450e-01 7.61482179e-01 2.27646679e-01
    7.37536788e-01 8.20032001e-01 1.00177526e-01 7.80467510e-01
    7.93419898e-01 7.01851606e-01 1.63648307e-01 6.37937903e-01
    8.69299173e-01 9.66513157e-01 7.29273438e-01 5.17208040e-01
    3.23708177e-01 7.75402129e-01 1.88346922e-01 3.76501709e-01
    5.94498158e-01 4.99542683e-01 5.40373504e-01 4.16989863e-01
    3.02479088e-01 5.15342891e-01 5.20790756e-01 9.71861959e-01
    8.43973517e-01 8.80741656e-01 3.95555556e-01 4.81240839e-01
    4.93101716e-01 2.28552699e-01 7.42329895e-01 1.85576379e-01
    5.33787310e-01 3.16206634e-01 6.18541062e-01 8.70299339e-01
    4.57543671e-01 1.50525659e-01 9.86491680e-01 1.36785179e-01
    3.55247259e-01 8.44679952e-01 1.69403881e-01 5.56948721e-01
    6.32034779e-01 1.92312777e-01 7.89320529e-01 4.59346443e-01
    9.75159407e-02 6.96848691e-01 7.67318964e-01 8.57652485e-01
    8.96017849e-02 6.54132545e-01 1.64328277e-01 8.15543830e-01
    5.90218663e-01 6.83417559e-01 6.55225873e-01 3.77694905e-01
    2.41393536e-01 9.67971683e-02 7.67287374e-01 2.54448354e-01
    8.43939781e-02 9.91641641e-01 9.35095787e-01 1.38199270e-01
    9.11587596e-01 8.71646404e-01 9.16111350e-01 7.17878401e-01
    4.25491333e-01 6.80438757e-01 2.20648617e-01 7.05001950e-01
    3.59112322e-02 6.72438860e-01 8.39149952e-01 2.13054299e-01
    7.68592656e-02 5.01874506e-01 9.86635566e-01 5.57272553e-01
    3.58135939e-01 9.99152780e-01 8.17265868e-01 2.89286166e-01
    6.54221952e-01 5.83718121e-01 6.11462295e-02 5.08671701e-01
    1.68172121e-01 1.98605746e-01 1.02428555e-01 4.98889238e-01
    2.42029727e-02 2.06399530e-01 2.61366367e-01 4.76442814e-01
    6.90696180e-01 7.64105141e-01 6.02241397e-01 4.47206646e-01
    9.29413199e-01 5.37499905e-01 6.10716701e-01 1.57337070e-01
    7.46306598e-01 2.81563073e-01 6.72473431e-01 1.72767788e-01
    7.13027000e-01 4.25265819e-01 7.70160794e-01 6.89219773e-01
    7.23838329e-01 8.37703705e-01 1.79473758e-02 5.12945652e-02
    2.79055536e-01 5.93363822e-01 5.06813705e-01 3.81038487e-02
    5.73709726e-01 8.52187991e-01 3.05542648e-01 1.26769036e-01
    7.46700943e-01 3.14192832e-01 6.08349442e-01 5.49152195e-01
    5.18722713e-01 1.92254126e-01 5.81911266e-01 7.89494812e-02
    3.86658013e-01 8.32459450e-01 1.72036856e-01 2.76488602e-01
    8.37674141e-02 9.17065024e-01 7.22162127e-01 6.32046461e-02
    8.29172373e-01 1.81299061e-01 3.27535808e-01 1.38704211e-01
    4.24708039e-01 2.78038502e-01 8.29669297e-01 9.75725830e-01
    6.21290207e-01 9.77401018e-01 2.08052844e-01 8.27623487e-01
    8.67216289e-02 9.52025414e-01 1.49185270e-01 2.64954507e-01
    1.74015969e-01 1.11285239e-01 9.45714116e-03 8.15915704e-01
    7.34617352e-01 4.54310298e-01 8.58574450e-01 4.96758342e-01
    6.94206595e-01 5.29929101e-02 3.39484274e-01 6.66648149e-03
    6.31605148e-01 2.57212698e-01 5.57638109e-01 5.44502437e-01
    1.74483061e-02 2.38147646e-01 4.49486375e-02 5.22007644e-01
    6.16698265e-01 1.78753436e-02 7.89412618e-01 6.23877645e-01
    2.07179874e-01 9.34219360e-02 6.32683933e-02 6.25984669e-02
    6.22431099e-01 3.15550625e-01 9.30307746e-01 7.70662248e-01
    1.90035254e-01 9.65604365e-01 4.44651991e-01 5.60573637e-02
    1.20763868e-01 1.24068677e-01 2.51156151e-01 2.16334224e-01
    5.92286289e-01 6.96987510e-01 7.31577575e-02 6.38849378e-01
    6.45890951e-01 5.21046221e-02 8.41476917e-01 5.36014974e-01
    8.19118857e-01 7.17807889e-01 5.34556627e-01 2.79281795e-01
    3.93066376e-01 8.76978934e-01 7.58322895e-01 5.92829168e-01
    3.50032985e-01 5.56868672e-01 2.13158756e-01 2.16022015e-01
    6.61192358e-01 6.64456487e-02 8.64789367e-01 3.07074189e-01
    4.36771363e-01 4.78281945e-01 2.92068273e-01 1.71510547e-01
    9.14750457e-01 5.99890351e-01 8.82643461e-01 7.65067935e-01
    2.61881709e-01 8.52792561e-02 7.94539988e-01 6.57514036e-01
    7.69602895e-01 9.59791183e-01 2.49739736e-01 9.45671916e-01
    8.30958366e-01 9.07519758e-01 6.11362338e-01 8.18078816e-01
    4.99531329e-01 9.28437531e-01 2.11441696e-01 5.46197653e-01
    8.44193339e-01 9.70197082e-01 2.53848433e-02 5.11153817e-01
    9.71523762e-01 9.11893129e-01 5.37395000e-01 9.30117905e-01
    8.80114436e-01 5.08741081e-01 1.71181172e-01 7.40023255e-01
    8.81656408e-01 5.02151906e-01 4.27408665e-01 6.03961647e-02
    2.22988576e-01 8.21092129e-01 7.11779892e-01 6.23222589e-01
    8.31520975e-01 9.81040835e-01 5.96883178e-01 8.33337009e-02
    2.57007837e-01 2.20348507e-01 6.94905281e-01 1.18182898e-01
    5.60984969e-01 7.38706946e-01 7.92196572e-01 3.02890420e-01
    9.66455817e-01 7.70724535e-01 3.06724668e-01 7.54094899e-01
    9.73988771e-02 2.92173684e-01 5.07844090e-01 4.55810338e-01
    4.42623556e-01 1.15985572e-02 6.30195677e-01 5.70651829e-01
    3.98692250e-01 2.78244019e-02 7.85603881e-01 8.30272853e-01
    7.46090889e-01 3.94166917e-01 3.19726527e-01 9.45822001e-02
    4.45022315e-01 3.67083937e-01 4.80306536e-01 4.40680087e-01
    1.41965896e-01 4.56573457e-01 7.80530691e-01 3.22399527e-01
    6.78014755e-01 6.09423995e-01 5.53937852e-02 7.24072814e-01
    5.99829614e-01 5.97587824e-01 5.65130174e-01 4.95954037e-01
    1.08439684e-01 5.97992301e-01 9.71192122e-01 9.42554593e-01
    2.10784942e-01 5.96444845e-01 2.15160251e-02 8.47170591e-01
    5.70390821e-01 4.10186589e-01 9.74630296e-01 8.40220571e-01
    6.88343585e-01 4.83966470e-01 1.07505560e-01 5.15014291e-01
    7.71403432e-01 3.63399476e-01 8.83841038e-01 2.88912863e-01
    6.65382147e-01 8.80933881e-01 2.16013193e-02 5.14069498e-02
    2.93176502e-01 8.09809089e-01 5.99066675e-01 2.18033254e-01
    1.81098938e-01 9.75267172e-01 4.00268435e-01 6.02723062e-01
    4.14746433e-01 2.76430070e-01 4.71206903e-01 3.07971239e-01
    7.52778649e-01 7.53615260e-01 5.94533563e-01 2.11124241e-01
    8.70696068e-01 5.76696873e-01 4.82644290e-01 5.02077937e-01
    5.15779555e-01 5.77478886e-01 5.63549936e-01 5.47628582e-01
    4.68344212e-01 5.38408756e-01 2.51125753e-01 7.05659032e-01
    6.03382528e-01 6.95423603e-01 3.60911041e-01 7.02511430e-01
    7.34551609e-01 7.53541350e-01 7.31068492e-01 9.95475054e-01
    8.18672776e-01 5.99923670e-01 3.80344689e-01 1.09153777e-01
    2.18005478e-01 9.89664793e-01 9.72077489e-01 6.42213345e-01
    8.43997955e-01 5.66975713e-01 8.32037032e-02 3.82603765e-01
    2.33384967e-02 5.90947390e-01 7.72128701e-01 4.43671852e-01
    5.24254382e-01 5.02161503e-01 2.47389436e-01 3.99120212e-01
    5.48291147e-01 9.58910704e-01 8.34624767e-02 4.08523262e-01
    8.98159504e-01 7.89102614e-02 2.22835690e-01 9.14004087e-01
    3.25310826e-01 3.57252359e-02 6.21998370e-01 4.31835383e-01
    5.14887691e-01 9.30033326e-01 9.34139967e-01 9.13185358e-01
    9.73157406e-01 5.20073771e-01 5.18761337e-01 7.97778010e-01
    8.86548638e-01 3.57439399e-01 4.40758109e-01 3.49699736e-01
    5.13725877e-02 2.58749038e-01 4.69224840e-01 2.25304753e-01
    2.34034657e-01 8.74629021e-02 4.43028718e-01 8.40011597e-01
    1.88956738e-01 8.07362437e-01 2.30639696e-01 8.30389559e-02
    1.62854671e-01 8.14346671e-01 4.73644733e-02 7.26022840e-01
    6.62079036e-01 2.32635468e-01 7.13888049e-01 4.95475233e-02
    4.98277664e-01 2.10188478e-01 8.97532940e-01 5.51041126e-01
    9.52160358e-03 8.17149401e-01 4.46950823e-01 8.72208118e-01
    6.51816010e-01 2.72368252e-01 7.78470159e-01 4.14484292e-01
    1.78721577e-01 9.86116171e-01 4.01583076e-01 7.28479445e-01
    4.40598965e-01 6.05579674e-01 5.03910363e-01 2.72613525e-01
    9.24491286e-01 9.29196358e-01 4.56394285e-01 4.26425695e-01
    2.11822987e-03 6.91474438e-01 8.26610088e-01 2.63065130e-01
    4.44319844e-03 3.14217925e-01 3.11289072e-01 1.92531884e-01
    2.81802893e-01 5.84693789e-01 8.06261778e-01 6.12964869e-01
    5.52458882e-01 3.25861812e-01 6.96181953e-01 7.64790893e-01
    9.09688294e-01 3.65319520e-01 6.32188499e-01 8.25963676e-01
    3.83958429e-01 8.51695538e-01 9.22778964e-01 3.88126045e-01
    9.44397688e-01 9.07113969e-01 6.33748293e-01 9.26378429e-01
    8.54313910e-01 6.38077736e-01 3.30119550e-01 3.37764502e-01
    6.44787550e-01 3.06312025e-01 1.00065172e-01 6.37123764e-01
    4.99531329e-01 9.28437531e-01 2.11441696e-01 5.46197653e-01
    8.44193339e-01 9.70197082e-01 2.53848433e-02 5.11153817e-01
    9.71523762e-01 9.11893129e-01 5.37395000e-01 9.30117905e-01
    8.80114436e-01 5.08741081e-01 1.71181172e-01 7.40023255e-01
    6.52073503e-01 1.98774487e-01 2.37839520e-01 5.29739141e-01
    2.65592694e-01 7.38931060e-01 8.01246762e-01 9.61592019e-01
    4.45920616e-01 3.96538496e-01 5.24396122e-01 5.30938864e-01
    9.12271380e-01 8.01602900e-02 4.64115977e-01 4.86010522e-01
    4.04188275e-01 5.00813901e-01 6.34599447e-01 9.96852696e-01
    7.09556401e-01 1.41342044e-01 4.01335955e-02 8.51988375e-01
    8.59249651e-01 5.40806413e-01 8.97225142e-02 5.07346928e-01
    1.66160464e-01 5.60663640e-01 4.92617160e-01 7.95342088e-01
    9.80362177e-01 6.94380879e-01 3.04889947e-01 6.34788632e-01
    9.77569580e-01 4.47986782e-01 4.96937603e-01 6.05930567e-01
    4.78184730e-01 5.50503790e-01 1.42610192e-01 8.06690812e-01
    4.12528932e-01 4.62603509e-01 7.45600462e-02 9.62344766e-01
    7.42253721e-01 3.07922125e-01 9.90460992e-01 6.22300029e-01
    9.45977330e-01 9.47694659e-01 9.19405282e-01 4.27798986e-01
    6.62536800e-01 8.24799299e-01 8.36410224e-02 2.51026511e-01
    2.13705987e-01 5.74980080e-01 2.90353179e-01 4.34382498e-01
    9.78512704e-01 2.26156801e-01 1.80325627e-01 6.46494269e-01
    4.41642463e-01 1.01286232e-01 6.28987551e-01 3.50247622e-01
    5.20243168e-01 1.57126099e-01 9.28352237e-01 4.32270467e-02
    7.65148044e-01 4.67215061e-01 3.63792300e-01 6.11090541e-01
    9.06672001e-01 4.70456690e-01 1.65340275e-01 6.58245921e-01
    7.97612786e-01 2.65163273e-01 2.20898062e-01 8.32581282e-01
    5.99704266e-01 8.09873223e-01 1.07275993e-01 2.70037293e-01
    5.56017041e-01 9.32537735e-01 4.05515581e-01 5.11692822e-01
    2.11748183e-01 7.21153259e-01 4.18257356e-01 9.79754388e-01
    5.59437454e-01 4.44766879e-03 9.89623129e-01 8.07883441e-02
    2.47822374e-01 3.48047912e-01 8.66721034e-01 7.80195475e-01
    1.89129114e-01 4.61658835e-03 6.97899163e-02 7.55353928e-01
    8.78596783e-01 2.15965152e-01 3.02653134e-01 4.46702480e-01
    9.12620127e-02 1.96436554e-01 1.82576269e-01 1.78525090e-01
    3.48427594e-01 4.34161693e-01 2.96370953e-01 7.15873718e-01
    8.19856524e-01 1.01870775e-01 1.04234040e-01 4.55699742e-01
    1.67315006e-01 7.98468351e-01 5.19110560e-01 2.37477273e-01
    9.00729299e-01 9.75197554e-01 8.35608125e-01 3.92256916e-01
    4.85440165e-01 4.57493842e-01 8.69082093e-01 5.64011753e-01
    9.12289023e-01 1.60371482e-01 5.12050688e-01 5.93576789e-01
    8.15634370e-01 9.69669223e-01 6.33405209e-01 6.76663101e-01
    4.90672648e-01 4.99657989e-01 9.76589441e-01 1.50451779e-01
    7.96778917e-01 7.80605555e-01 7.07377017e-01 5.33943474e-01
    4.87319291e-01 2.88896352e-01 1.18251711e-01 3.59647483e-01
    4.40090597e-02 9.42903101e-01 4.52928692e-01 3.36510360e-01
    7.58374095e-01 1.90695167e-01 9.50681210e-01 2.01579869e-01
    6.31509721e-02 6.88525677e-01 3.11675131e-01 8.99194062e-01
    2.74055481e-01 9.70798492e-01 2.60862827e-01 8.95494223e-02
    1.30493492e-01 8.95971775e-01 8.70039344e-01 7.07332551e-01
    1.46287411e-01 6.06700957e-01 6.45656049e-01 5.11918187e-01
    3.64444971e-01 4.45630372e-01 7.53869236e-01 9.51778054e-01
    5.05394042e-01 1.41891927e-01 6.66191578e-01 1.84858531e-01
    5.80290854e-01 3.17102909e-01 9.59410310e-01 9.80605900e-01
    9.73737419e-01 7.87783861e-01 8.31266761e-01 4.37880933e-01
    6.35329187e-02 8.64371657e-02 3.96577150e-01 8.70754004e-01
    4.01617259e-01 9.49166179e-01 4.46634829e-01 3.83732319e-01
    4.07062083e-01 7.02020228e-01 7.17681646e-01 8.44275236e-01
    7.70338535e-01 9.69024837e-01 3.98413241e-01 2.25208640e-01
    7.79892683e-01 7.07539618e-01 6.94100618e-01 5.33240080e-01
    6.43660188e-01 1.43456280e-01 5.29057503e-01 1.69330448e-01
    4.41824764e-01 8.79131317e-01 6.12960339e-01 3.77846032e-01
    9.56514478e-02 9.53759074e-01 7.81239629e-01 4.28995013e-01
    2.12068617e-01 8.86389017e-01 3.70256782e-01 7.77256310e-01
    3.36047411e-02 9.01920080e-01 7.31005132e-01 1.80882931e-01
    5.15700996e-01 1.41814053e-02 4.69218999e-01 2.98229694e-01
    4.60149646e-01 4.34665650e-01 8.42797458e-01 7.46430278e-01
    8.75981092e-01 4.59051371e-01 4.14502829e-01 9.34017897e-01
    2.87345201e-01 8.79783630e-01 3.71036202e-01 1.82846814e-01
    6.52073503e-01 1.98774487e-01 2.37839520e-01 5.29739141e-01
    2.65592694e-01 7.38931060e-01 8.01246762e-01 9.61592019e-01
    4.45920616e-01 3.96538496e-01 5.24396122e-01 5.30938864e-01
    9.12271380e-01 8.01602900e-02 4.64115977e-01 4.86010522e-01
    3.33682299e-02 8.84275734e-02 2.18005419e-01 3.89518410e-01
    9.49582696e-01 9.74248648e-02 2.24191606e-01 7.26948261e-01
    3.22017670e-01 2.40602255e-01 1.14491671e-01 7.70534396e-01
    2.23702878e-01 8.98488283e-01 2.02819735e-01 5.67242205e-01
    3.82114679e-01 1.95463866e-01 9.78871524e-01 2.43258864e-01
    9.30758655e-01 9.84210491e-01 3.10524046e-01 4.70436633e-01
    8.75833631e-01 8.26705396e-01 1.79817706e-01 5.11578619e-02
    4.32235092e-01 6.57905936e-02 6.46551967e-01 7.65913785e-01
    2.78871387e-01 9.77688670e-01 4.23225969e-01 1.80817336e-01
    8.79390955e-01 4.10946369e-01 1.30715340e-01 3.99643660e-01
    5.09622455e-01 9.50382352e-01 2.89422631e-01 1.59401983e-01
    7.92965055e-01 8.09129238e-01 5.36747038e-01 2.66289353e-01
    9.67889905e-01 8.72462392e-01 2.60072023e-01 6.51036859e-01
    2.86140501e-01 9.55233753e-01 9.62431490e-01 8.29197645e-01
    2.82066286e-01 4.00711328e-01 7.27596879e-01 6.65823638e-01
    3.43929172e-01 8.54407847e-01 2.61482000e-02 2.00951099e-02
    8.81618083e-01 8.04675937e-01 1.52114838e-01 9.08157587e-01
    9.96442497e-01 5.03211379e-01 1.38947874e-01 1.06325448e-01
    2.44062930e-01 6.29818738e-02 6.39830172e-01 9.55369771e-02
    8.63501012e-01 7.81239152e-01 9.05052900e-01 9.11673009e-02
    6.80472493e-01 4.65486616e-01 4.12565470e-01 8.81289959e-01
    3.00951362e-01 8.75907898e-01 1.78629160e-03 4.29939359e-01
    3.57221425e-01 8.39725673e-01 4.06626463e-01 3.10662210e-01
    4.95929360e-01 1.09623760e-01 7.26866543e-01 6.64268672e-01
    7.35350966e-01 9.85935688e-01 6.47092700e-01 3.58413428e-01
    6.58423305e-01 1.00148648e-01 8.17701519e-02 6.93359613e-01
    6.35392070e-02 3.05757046e-01 8.52430761e-02 8.72647226e-01
    7.13682413e-01 7.74991512e-03 9.52871680e-01 9.27969038e-01
    5.13926446e-02 8.96315455e-01 4.55289483e-01 2.16185987e-01
    5.73395789e-01 4.36614335e-01 8.73493671e-01 6.53927684e-01
    8.85775983e-02 5.86562693e-01 3.02884758e-01 4.83500540e-01
    2.05698967e-01 4.82453138e-01 9.21774387e-01 8.35399985e-01
    8.51984501e-01 1.14154756e-01 1.39724582e-01 7.22938716e-01
    8.36361766e-01 5.60665727e-01 5.67102194e-01 7.14053631e-01
    3.98839295e-01 9.49105144e-01 5.66684067e-01 7.16597557e-01
    6.07691407e-01 7.57131577e-02 6.61055088e-01 2.52524018e-02
    5.47278285e-01 1.99259937e-01 3.30237776e-01 4.91595447e-01
    9.10428166e-03 8.50505352e-01 1.41717583e-01 4.85116512e-01
    7.79473007e-01 5.12444377e-01 3.23239386e-01 3.88674438e-01
    2.12246180e-01 4.62483734e-01 4.97856200e-01 1.88244700e-01
    7.68339396e-01 6.05069160e-01 5.42401075e-02 8.99099350e-01
    3.34523588e-01 7.95277655e-02 4.41094279e-01 3.59565854e-01
    1.71225518e-01 1.15620375e-01 4.14802551e-01 4.10682023e-01
    8.83946121e-01 1.67818129e-01 5.21814287e-01 5.66570103e-01
    8.81550908e-01 1.65345401e-01 2.59402037e-01 3.29206288e-02
    6.65830493e-01 7.82802939e-01 5.11195898e-01 4.43749964e-01
    5.75834751e-01 9.80270505e-01 4.83386099e-01 9.15946364e-01
    3.00593376e-02 6.33751452e-01 6.82803512e-01 4.77402687e-01
    8.03626895e-01 4.33553666e-01 4.94898856e-01 9.31623936e-01
    8.33994210e-01 2.80773461e-01 3.38171244e-01 6.15950584e-01
    6.52750432e-02 3.49249423e-01 3.04953814e-01 1.17069483e-03
    8.82726431e-01 9.10489798e-01 8.45973849e-01 2.34584272e-01
    3.57583165e-02 8.02693665e-01 8.56644988e-01 3.14075351e-01
    5.96063077e-01 4.58807409e-01 5.72800398e-01 6.78324342e-01
    2.48886138e-01 5.10028720e-01 9.04934287e-01 8.50021362e-01
    9.42618787e-01 6.76322877e-01 3.11297238e-01 9.81027007e-01
    1.58193827e-01 2.70034879e-01 9.35349762e-02 4.33825344e-01
    8.43320251e-01 9.48358178e-01 7.95614600e-01 7.17808843e-01
    7.18377292e-01 2.60130405e-01 8.49653244e-01 6.24545693e-01
    4.17382300e-01 8.56126189e-01 1.47529006e-01 2.44641870e-01
    6.66682720e-01 3.39427888e-02 6.62969291e-01 6.69492662e-01
    3.68699014e-01 6.84350431e-01 6.98012710e-02 4.31167841e-01
    2.60037035e-01 9.16381478e-02 8.59005749e-01 6.63857937e-01
    2.83888251e-01 3.58755827e-01 6.41327381e-01 6.37052715e-01
    3.33682299e-02 8.84275734e-02 2.18005419e-01 3.89518410e-01
    9.49582696e-01 9.74248648e-02 2.24191606e-01 7.26948261e-01
    3.22017670e-01 2.40602255e-01 1.14491671e-01 7.70534396e-01
    2.23702878e-01 8.98488283e-01 2.02819735e-01 5.67242205e-01
    1.10983849e-01 8.79001200e-01 8.31730485e-01 7.71173716e-01
    7.94661283e-01 7.44501948e-01 4.95801866e-01 5.71527898e-01
    5.41264474e-01 2.61837900e-01 9.38500822e-01 8.15643430e-01
    5.16143799e-01 4.47735459e-01 3.54920268e-01 7.56422222e-01
    7.04352558e-01 5.67578733e-01 7.85533071e-01 2.89830476e-01
    2.97759205e-01 9.36188638e-01 9.08707857e-01 9.80266333e-01
    1.38049185e-01 7.90916860e-01 4.60769802e-01 5.84055483e-02
    2.66165257e-01 6.86998665e-01 6.65342867e-01 9.72157240e-01
    9.50257778e-01 1.23107910e-01 6.99101508e-01 6.32162750e-01
    6.18255734e-02 3.91656637e-01 4.29065824e-02 5.65022230e-02
    7.60464311e-01 2.93513417e-01 9.01433110e-01 6.25842571e-01
    2.22512692e-01 6.84067607e-03 8.31238329e-02 4.12837893e-01
    6.74864411e-01 1.16684943e-01 9.16573763e-01 4.23921257e-01
    6.46130800e-01 9.33523774e-01 9.28690553e-01 1.13056302e-01
    1.63419724e-01 4.90214825e-02 1.19858682e-01 8.62423718e-01
    7.78584182e-02 6.42778635e-01 9.58861589e-01 3.02013963e-01
    5.22341073e-01 3.27321887e-02 9.06394780e-01 2.09402293e-01
    4.14070249e-01 4.85571742e-01 7.65117109e-01 8.70268047e-02
    7.50637710e-01 2.99771011e-01 8.81641269e-01 4.26500559e-01
    6.78870201e-01 7.02243924e-01 1.24904633e-01 5.66861868e-01
    3.39269996e-01 1.22858316e-01 4.74135518e-01 9.82125401e-01
    4.53630328e-01 7.85862446e-01 2.94965327e-01 9.72707152e-01
    8.17492127e-01 9.62116838e-01 8.34612370e-01 2.20111370e-01
    7.03750670e-01 6.73330605e-01 1.15307987e-01 5.06234944e-01
    8.73390198e-01 3.97365332e-01 6.57117069e-01 8.13186288e-01
    7.29218841e-01 5.00474095e-01 9.29248154e-01 3.68686259e-01
    5.22814453e-01 6.97825730e-01 4.04868335e-01 3.89679193e-01
    7.43023038e-01 5.28663337e-01 6.73545778e-01 7.69835651e-01
    9.42062736e-01 9.97335315e-01 4.99722928e-01 8.07556987e-01
    6.82986140e-01 9.22425091e-02 4.04791445e-01 4.82208937e-01
    6.77959204e-01 4.85764951e-01 8.60866904e-02 1.30416304e-01
    3.05416107e-01 9.39542949e-02 9.71947610e-02 9.41464722e-01
    8.78169060e-01 9.73539948e-01 6.70290589e-02 9.70020592e-01
    2.95147240e-01 4.48636711e-01 3.56338441e-01 8.38555932e-01
    4.88748670e-01 8.24272633e-01 8.06425214e-01 3.21192563e-01
    6.76284432e-01 2.15465903e-01 2.89737582e-01 9.43463922e-01
    3.74056220e-01 5.57242215e-01 7.33847260e-01 9.99232531e-01
    6.52730644e-01 8.92416120e-01 9.03227627e-01 1.84439361e-01
    7.70486593e-01 7.10345984e-01 3.68108928e-01 7.08682418e-01
    1.99508339e-01 5.62815189e-01 2.58181870e-01 3.35033715e-01
    6.75970376e-01 4.15288776e-01 5.17693758e-01 6.87528551e-01
    2.35863388e-01 4.55070078e-01 8.96920145e-01 5.85808992e-01
    8.15116405e-01 9.68145847e-01 7.96080410e-01 1.00247294e-01
    6.38751864e-01 3.17890346e-01 4.61758852e-01 9.60832357e-01
    9.92300153e-01 1.78587943e-01 1.73837692e-01 7.12957621e-01
    2.12787062e-01 2.72532344e-01 4.95068431e-01 5.76336741e-01
    1.18133277e-01 3.45155537e-01 7.02630043e-01 5.44004261e-01
    5.53943336e-01 6.78975046e-01 6.36843681e-01 6.24404132e-01
    6.07471347e-01 4.95665789e-01 3.36870342e-01 6.62916422e-01
    1.55944973e-01 1.92249060e-01 4.27963167e-01 6.53505206e-01
    1.44675016e-01 7.72257209e-01 6.04958534e-01 3.52475941e-01
    8.43872666e-01 6.09061718e-01 9.10519063e-01 7.87902236e-01
    2.09929854e-01 2.75348365e-01 1.33346617e-01 9.42800701e-01
    5.78855872e-01 7.84174442e-01 6.36765420e-01 1.99809432e-01
    2.69562632e-01 2.06993818e-01 5.48106730e-01 4.10959840e-01
    2.52710402e-01 1.00865126e-01 4.80752289e-01 3.81455123e-01
    6.00897908e-01 4.22932684e-01 7.78028727e-01 3.11581612e-01
    1.62019759e-01 2.86113560e-01 9.60596263e-01 5.44563293e-01
    9.11381960e-01 9.67337906e-01 6.98301911e-01 1.36373103e-01
    9.55355346e-01 1.11691535e-01 8.18625093e-02 9.44488943e-01
    6.01144135e-01 7.94748664e-01 7.81816900e-01 3.26893687e-01
    2.14841932e-01 9.28621888e-01 5.04988670e-01 9.77701008e-01
    2.27831036e-01 1.54097408e-01 7.90153742e-01 2.35864967e-01
    8.72521043e-01 1.06660098e-01 4.19878066e-02 6.79708958e-01
    1.10983849e-01 8.79001200e-01 8.31730485e-01 7.71173716e-01
    7.94661283e-01 7.44501948e-01 4.95801866e-01 5.71527898e-01
    5.41264474e-01 2.61837900e-01 9.38500822e-01 8.15643430e-01
    5.16143799e-01 4.47735459e-01 3.54920268e-01 7.56422222e-01
    9.90722835e-01 5.50386190e-01 6.63458407e-01 5.30120909e-01
    6.50032163e-01 7.67955780e-01 9.76107180e-01 3.45010579e-01
    5.06263196e-01 4.99519557e-01 7.99200833e-02 8.20170045e-01
    9.72135544e-01 5.81055880e-03 7.89865673e-01 9.93975937e-01
    4.52698171e-01 5.00616968e-01 5.05319357e-01 5.48222542e-01
    4.32639182e-01 4.64192033e-03 8.37945342e-02 3.43992949e-01
    4.69580382e-01 7.26500154e-01 5.89918017e-01 5.26207089e-01
    6.70534253e-01 1.37343705e-02 9.82603729e-02 9.38935459e-01
    1.92432791e-01 2.92032957e-03 3.93748760e-01 4.34904933e-01
    8.20830286e-01 9.63702798e-03 1.40490830e-01 5.86765230e-01
    5.01585722e-01 4.41362798e-01 8.96772385e-01 6.97904468e-01
    4.57982242e-01 4.05782670e-01 6.60209954e-01 8.00780535e-01
    4.22705263e-01 7.82203794e-01 9.54633474e-01 8.74423921e-01
    2.55757213e-01 4.66869295e-01 4.54188615e-01 8.11236024e-01
    6.30740285e-01 3.16970110e-01 5.28167605e-01 4.77652937e-01
    1.01325274e-01 7.23361373e-01 1.15037650e-01 3.30447078e-01
    6.32499993e-01 1.66705430e-01 1.08937621e-01 4.36155200e-01
    3.18656564e-02 5.05882084e-01 4.58271086e-01 1.42856300e-01
    6.84480131e-01 5.46352208e-01 6.15797043e-01 7.70537436e-01
    9.15724993e-01 3.71895552e-01 6.37004673e-01 5.04110157e-02
    4.14966106e-01 7.83024430e-02 2.89160490e-01 3.46422106e-01
    8.66349697e-01 2.34637231e-01 6.89136028e-01 1.08242780e-01
    3.22945416e-02 2.83675700e-01 3.02483916e-01 7.74510980e-01
    2.90488839e-01 6.59963131e-01 2.03633904e-02 3.30253363e-01
    9.16068912e-01 8.07963848e-01 2.99456418e-01 7.95556903e-02
    1.06519938e-01 2.10318774e-01 4.80602473e-01 6.77602053e-01
    9.51706290e-01 7.99581826e-01 2.40359604e-01 7.58805513e-01
    1.98964328e-01 6.28042400e-01 4.73175883e-01 3.04600984e-01
    5.15931129e-01 2.25772172e-01 1.48885190e-01 7.51229763e-01
    9.10945237e-02 6.90836310e-01 2.39827931e-01 9.26206589e-01
    8.99750233e-01 3.91044170e-01 8.33556890e-01 9.55124736e-01
    7.40911663e-01 5.60613275e-01 7.01967835e-01 3.46955776e-01
    8.34327161e-01 7.13352680e-01 2.17246175e-01 6.69013619e-01
    8.76130641e-01 7.17691123e-01 1.96599007e-01 2.12743670e-01
    2.11899400e-01 8.45982969e-01 6.23073518e-01 6.39070570e-01
    3.12392652e-01 3.07839751e-01 4.44787443e-01 2.51911283e-01
    8.90234590e-01 5.37513793e-01 1.44218355e-01 5.13198972e-01
    8.05944204e-02 2.34686702e-01 6.49941444e-01 1.73803359e-01
    8.22121859e-01 7.72672057e-01 1.09933674e-01 7.21413910e-01
    3.34740579e-02 2.76708364e-01 7.14157820e-01 6.29895806e-01
    4.90117431e-01 1.67464554e-01 4.07150298e-01 7.04053581e-01
    6.04431272e-01 1.84118718e-01 3.49133909e-02 2.54185408e-01
    3.97332996e-01 3.66240203e-01 1.29519969e-01 9.42858458e-01
    3.87900978e-01 2.51114935e-01 5.26555836e-01 1.97775811e-01
    6.46996558e-01 6.28598630e-01 9.51528847e-01 5.67050576e-02
    7.87028968e-01 2.39091247e-01 5.00705242e-02 9.98730659e-02
    9.93774652e-01 8.65227699e-01 4.61310565e-01 8.28681707e-01
    3.83341312e-02 1.11937582e-01 7.29870677e-01 1.72793597e-01
    6.78140759e-01 5.19931614e-02 1.24008447e-01 6.78157449e-01
    4.24924284e-01 9.29608226e-01 9.83505189e-01 7.04675257e-01
    7.14080274e-01 4.86214727e-01 3.67159605e-01 2.80050874e-01
    7.74789095e-01 1.64205492e-01 1.69811994e-01 4.90546644e-01
    2.09199429e-01 1.54354870e-02 1.14265770e-01 1.89930111e-01
    6.76391900e-01 8.23428154e-01 9.26568031e-01 4.30056095e-01
    4.89816695e-01 5.01123011e-01 7.98324943e-01 9.84798014e-01
    4.91809428e-01 6.06236756e-01 8.44549954e-01 5.70061743e-01
    5.00422657e-01 7.90332675e-01 7.64686704e-01 9.77530956e-01
    6.99302733e-01 6.18007421e-01 8.90109658e-01 2.16010213e-01
    8.08003187e-01 7.08100080e-01 3.14918041e-01 6.36118412e-01
    4.77380425e-01 3.69416922e-01 6.24656916e-01 1.35305315e-01
    1.04876399e-01 5.62780797e-01 8.46779585e-01 8.98870587e-01
    4.06868935e-01 1.38490289e-01 2.70706445e-01 8.69864702e-01
    7.35575318e-01 5.64074636e-01 3.66786718e-01 4.28397298e-01
    6.78823113e-01 8.25618327e-01 1.71403855e-01 9.47376370e-01
    9.90722835e-01 5.50386190e-01 6.63458407e-01 5.30120909e-01
    6.50032163e-01 7.67955780e-01 9.76107180e-01 3.45010579e-01
    5.06263196e-01 4.99519557e-01 7.99200833e-02 8.20170045e-01
    9.72135544e-01 5.81055880e-03 7.89865673e-01 9.93975937e-01
    7.49574244e-01 7.81310558e-01 1.79056317e-01 9.51889396e-01
    8.11850369e-01 2.36702561e-02 4.19367075e-01 2.41600275e-01
    4.19242173e-01 5.46924591e-01 1.89007819e-02 7.89467037e-01
    2.07020611e-01 6.83142185e-01 7.71311879e-01 6.60785496e-01
    5.71212828e-01 6.43367052e-01 2.80697882e-01 7.33306527e-01
    3.94904912e-01 6.64156556e-01 3.02435875e-01 8.17465067e-01
    1.41750962e-01 2.32321173e-01 9.20105457e-01 5.64277411e-01
    5.06818652e-01 2.56279051e-01 1.92699343e-01 5.11217654e-01
    2.77611822e-01 7.05953956e-01 9.93757725e-01 6.81573868e-01
    6.64944351e-02 9.14615393e-01 3.91334295e-03 5.87142110e-01
    2.14936256e-01 5.00372827e-01 3.88979763e-01 7.15619624e-02
    4.54004377e-01 8.07068527e-01 9.41249132e-01 7.04834580e-01
    2.81587303e-01 1.24665797e-02 2.52974272e-01 6.19362235e-01
    3.03143561e-02 3.92221421e-01 6.47448361e-01 6.64802849e-01
    3.31986725e-01 4.72121179e-01 3.75757098e-01 9.08237159e-01
    9.50977981e-01 9.33163106e-01 9.04086828e-01 2.15735734e-02
    3.60172927e-01 1.64744079e-01 3.07254761e-01 7.57374883e-01
    6.45783484e-01 2.47423053e-01 7.32684076e-01 4.74565625e-01
    1.63711309e-02 3.01298410e-01 3.22752595e-01 8.71029258e-01
    2.50947595e-01 3.58918607e-01 7.57313430e-01 9.57581639e-01
    7.32370615e-01 6.47311509e-01 1.89485520e-01 6.10680878e-01
    3.11436951e-01 2.74466336e-01 5.97449601e-01 4.78998035e-01
    9.92247462e-01 7.94932961e-01 3.87563586e-01 6.31274223e-01
    4.67557669e-01 5.27883649e-01 6.25686049e-02 2.96769261e-01
    6.42609119e-01 8.02926183e-01 6.27976000e-01 8.01621079e-01
    3.24652851e-01 9.77581859e-01 3.33559096e-01 9.27546501e-01
    6.64421916e-01 8.27821016e-01 6.10275090e-01 3.87246192e-01
    8.95197868e-01 9.15979624e-01 3.21761966e-01 6.35952055e-01
    2.67142534e-01 3.42142045e-01 6.46559358e-01 9.45749879e-03
    8.81175637e-01 7.89074659e-01 7.87145972e-01 4.82355922e-01
    7.94663310e-01 6.66994154e-02 1.13799751e-01 5.83143830e-01
    1.36453509e-01 2.26845264e-01 8.09452653e-01 4.62034523e-01
    9.42920208e-01 9.79482532e-01 7.70755410e-02 7.40278482e-01
    5.23397326e-01 2.33711779e-01 2.81455606e-01 4.40151662e-01
    7.91864991e-02 3.34863901e-01 2.28596509e-01 9.42595482e-01
    1.65319383e-01 8.45353842e-01 1.40440315e-01 9.46309566e-01
    9.94569659e-01 3.62869442e-01 3.14930081e-02 4.25023735e-02
    5.93598187e-02 9.85789657e-01 5.99664211e-01 6.28470361e-01
    3.30952168e-01 9.19376016e-02 8.33889961e-01 6.46355987e-01
    8.12922478e-01 1.23367012e-01 6.01217270e-01 9.90147233e-01
    5.45122147e-01 6.62558377e-01 8.73059511e-01 7.47757733e-01
    4.23152149e-02 5.79171717e-01 7.55023003e-01 9.72608924e-01
    8.72180462e-01 1.23440921e-01 1.73363477e-01 3.19357812e-01
    3.47558588e-01 9.18289065e-01 3.70258838e-01 3.20278823e-01
    9.84002650e-01 8.04538965e-01 3.76317829e-01 2.40529001e-01
    9.82443035e-01 6.25117898e-01 9.48170125e-01 5.44436991e-01
    4.68006790e-01 9.06169474e-01 5.03026724e-01 6.36109173e-01
    3.73206913e-01 9.53667641e-01 1.23923123e-02 7.82590568e-01
    3.28608274e-01 9.05904770e-02 4.39899474e-01 9.14095938e-01
    2.77418792e-01 7.41420925e-01 9.86687005e-01 5.94449639e-01
    7.52786994e-01 3.00433755e-01 5.49102366e-01 3.13896000e-01
    1.93924934e-01 7.28887856e-01 8.57404590e-01 8.38653266e-01
    4.30092514e-02 5.00823557e-02 4.24043894e-01 1.21703744e-02
    1.60499841e-01 8.26869845e-01 6.86810017e-01 4.46497947e-01
    9.88373101e-01 4.29331064e-02 2.14370370e-01 9.06319320e-02
    9.02436316e-01 2.63970226e-01 1.40413344e-01 8.17391276e-03
    7.94119477e-01 6.11915290e-01 9.80978251e-01 8.81902337e-01
    1.72203839e-01 5.94735026e-01 5.52105248e-01 8.44628453e-01
    6.15313411e-01 4.47995335e-01 4.04419065e-01 7.94031262e-01
    9.95053053e-01 9.84643281e-01 2.64149189e-01 6.82988882e-01
    5.04216313e-01 2.87534595e-02 4.27003294e-01 1.85716718e-01
    5.77963829e-01 8.78618181e-01 8.41277838e-01 8.57062459e-01
    3.33743989e-01 9.43850875e-01 9.01792288e-01 4.87956703e-02
    2.68313766e-01 3.59761953e-01 2.90905237e-01 9.06271935e-01
    7.49574244e-01 7.81310558e-01 1.79056317e-01 9.51889396e-01
    8.11850369e-01 2.36702561e-02 4.19367075e-01 2.41600275e-01
    4.19242173e-01 5.46924591e-01 1.89007819e-02 7.89467037e-01
    2.07020611e-01 6.83142185e-01 7.71311879e-01 6.60785496e-01
    6.72823966e-01 2.86707491e-01 5.62199771e-01 5.16498089e-03
    2.48508990e-01 3.79761279e-01 3.93336684e-01 9.54453409e-01
    4.58809137e-02 7.37254918e-01 2.34693140e-01 2.09749520e-01
    2.46005535e-01 7.09987044e-01 7.80400991e-01 4.77572560e-01
    2.99209476e-01 5.09224534e-02 8.43509197e-01 1.47675693e-01
    6.16508007e-01 4.81523991e-01 8.63906503e-01 3.67856383e-01
    2.08925068e-01 3.22883189e-01 1.31852299e-01 2.89464116e-01
    7.89564133e-01 8.81785154e-01 5.84892154e-01 7.48509526e-01
    5.02152443e-01 5.55685639e-01 8.96635413e-01 5.37336588e-01
    1.39988571e-01 5.94671607e-01 8.28922689e-01 7.81628609e-01
    6.57798052e-01 4.68231142e-01 6.04202449e-02 3.25263947e-01
    2.83651978e-01 4.94714558e-01 6.77566707e-01 1.07366771e-01
    1.82867408e-01 1.85499072e-01 7.86392331e-01 4.56418216e-01
    9.43486094e-02 5.77773511e-01 8.83196414e-01 5.60241103e-01
    8.24150085e-01 5.58347642e-01 1.04189813e-02 3.35971355e-01
    1.13753349e-01 2.66159892e-01 4.25272822e-01 5.81823528e-01
    9.80479836e-01 4.69507515e-01 7.97387481e-01 3.43340844e-01
    8.66817534e-02 3.52164686e-01 1.97411299e-01 1.58867508e-01
    7.02553630e-01 5.70397437e-01 9.62072968e-01 6.54562712e-01
    4.31664735e-01 7.43628383e-01 2.48360634e-03 1.51960284e-01
    8.46982598e-01 2.73737013e-02 2.29247898e-01 6.87473655e-01
    3.37941289e-01 8.41223717e-01 2.27558255e-01 7.06211388e-01
    2.25930691e-01 1.09352380e-01 8.77370954e-01 3.40449542e-01
    9.79818761e-01 4.11488980e-01 7.53485441e-01 5.30395627e-01
    3.45637441e-01 1.39973372e-01 5.73674858e-01 4.67464447e-01
    6.12873435e-01 6.71783984e-01 4.77016509e-01 1.67356819e-01
    1.82916135e-01 7.53584146e-01 6.77015007e-01 5.56445241e-01
    8.83138180e-02 4.44377244e-01 3.23148340e-01 8.62484753e-01
    9.42940593e-01 2.17607915e-02 5.79958558e-01 3.37966591e-01
    4.83214706e-01 1.54266804e-01 9.12146449e-01 5.22238493e-01
    3.79925072e-02 1.23823971e-01 5.39975166e-02 6.18314028e-01
    8.54111552e-01 4.73545134e-01 2.53557056e-01 6.32361889e-01
    1.17556453e-01 7.48849928e-01 9.39234018e-01 3.17522854e-01
    3.25083762e-01 2.35135645e-01 2.43311882e-01 1.22387499e-01
    6.70586765e-01 9.32260156e-02 8.46429944e-01 6.31413698e-01
    6.74213886e-01 8.52920175e-01 4.07034606e-01 9.20261979e-01
    2.78787583e-01 6.91284657e-01 5.07373631e-01 7.48815536e-02
    2.82783031e-01 6.95664823e-01 1.91412270e-02 3.17894638e-01
    1.10424906e-01 9.77302611e-01 9.74085271e-01 8.96675825e-01
    9.73986030e-01 8.92004013e-01 9.69854891e-01 5.81651330e-02
    9.22735989e-01 3.68658304e-01 9.95426238e-01 4.28314209e-02
    6.86006486e-01 6.01854563e-01 3.54677022e-01 9.43479121e-01
    1.84622645e-01 1.95457876e-01 7.52982736e-01 9.24430966e-01
    2.13804781e-01 8.14252257e-01 6.23970568e-01 4.56717879e-01
    1.34206325e-01 9.94665384e-01 8.03639889e-01 3.30983460e-01
    6.81040168e-01 1.86559200e-01 2.32640624e-01 9.74093676e-01
    5.08152306e-01 7.56240726e-01 4.05955017e-01 9.29478765e-01
    5.32520890e-01 8.12139809e-01 6.21320009e-01 7.73333728e-01
    1.51311696e-01 9.78222013e-01 8.66095066e-01 3.79045635e-01
    3.96407247e-01 9.91148472e-01 1.61829710e-01 6.37027740e-01
    5.16411006e-01 6.83939636e-01 5.20562232e-02 9.56859589e-02
    4.55352366e-01 1.78516388e-01 3.42154860e-01 3.13831389e-01
    3.44527423e-01 2.36924320e-01 2.43916541e-01 9.82316196e-01
    6.94752038e-01 9.33600843e-01 3.37701082e-01 6.57846391e-01
    1.14580572e-01 8.41343760e-01 2.95022726e-01 5.31991959e-01
    4.69241589e-01 6.43309534e-01 5.14899552e-01 5.59905708e-01
    9.22652185e-01 9.35269713e-01 2.21868098e-01 7.94970512e-01
    3.60432684e-01 9.77162957e-01 7.54150450e-02 6.85000896e-01
    5.04762828e-02 3.77635121e-01 2.16328025e-01 2.05613136e-01
    3.39777172e-01 5.83308578e-01 2.48518169e-01 2.82873571e-01
    3.09097588e-01 4.70545292e-02 2.07061052e-01 9.93464351e-01
    5.42036116e-01 2.53766119e-01 5.98492324e-01 3.92645657e-01
    6.49233818e-01 3.67812097e-01 4.25275415e-01 5.72344661e-01
    6.99163198e-01 4.02172208e-01 1.70710295e-01 7.15885162e-02
    6.72823966e-01 2.86707491e-01 5.62199771e-01 5.16498089e-03
    2.48508990e-01 3.79761279e-01 3.93336684e-01 9.54453409e-01
    4.58809137e-02 7.37254918e-01 2.34693140e-01 2.09749520e-01
    2.46005535e-01 7.09987044e-01 7.80400991e-01 4.77572560e-01
    4.27639008e-01 3.91017675e-01 8.91375899e-01 9.34766591e-01
    6.41876459e-01 6.46708250e-01 9.40455258e-01 3.05777669e-01
    6.32808387e-01 8.18676591e-01 8.11594725e-03 2.93287814e-01
    4.72263515e-01 9.19713736e-01 6.89865589e-01 9.73502278e-01
    1.85442030e-01 3.82484585e-01 7.93420732e-01 5.41463494e-01
    1.99074984e-01 5.50811529e-01 4.24099267e-02 3.46620470e-01
    9.59226787e-01 8.74465466e-01 5.68327665e-01 2.62983084e-01
    1.68008745e-01 8.20903063e-01 1.39723778e-01 9.45822179e-01
    9.04107451e-01 9.77044880e-01 1.03464127e-02 7.68803298e-01
    5.08387864e-01 6.35748029e-01 6.51384056e-01 2.86485553e-01
    8.25912118e-01 2.96391159e-01 7.29680777e-01 3.90055150e-01
    2.50950247e-01 2.74992079e-01 5.98296404e-01 2.08975673e-02
    6.25628531e-02 4.87965614e-01 1.61535829e-01 3.03182036e-01
    9.42551255e-01 6.51942492e-02 7.64215112e-01 4.05556202e-01
    4.84928280e-01 6.98915720e-02 7.83935428e-01 8.81902635e-01
    4.29796696e-01 9.61875200e-01 8.44478726e-01 5.42471170e-01
    6.23541713e-01 9.50652003e-01 4.41624373e-01 2.80412197e-01
    7.09176064e-01 3.54170144e-01 3.85303378e-01 1.42669708e-01
    7.29305685e-01 9.25517380e-02 4.77846831e-01 3.50503355e-01
    4.81192201e-01 2.22732514e-01 2.73531675e-03 1.01581782e-01
    2.84371585e-01 6.61366582e-02 4.93279517e-01 3.72889638e-02
    8.53249550e-01 4.74392682e-01 2.84852773e-01 2.21418500e-01
    3.89141828e-01 7.36798048e-01 5.52358866e-01 1.47844136e-01
    4.91103649e-01 6.00728035e-01 3.12020361e-01 6.51538968e-02
    2.21388459e-01 8.99336219e-01 2.91786492e-02 4.05015469e-01
    3.78098726e-01 7.04102695e-01 3.93443346e-01 8.72199476e-01
    1.23839229e-01 5.81588745e-01 6.15142941e-01 7.99787760e-01
    8.16444695e-01 2.27007568e-02 5.20052612e-01 8.49406004e-01
    8.38808537e-01 7.10407734e-01 6.46271944e-01 9.34238672e-01
    3.04440528e-01 3.80179912e-01 7.73599446e-01 3.15118372e-01
    4.93360460e-02 8.19139957e-01 3.20648432e-01 3.93726468e-01
    8.96491647e-01 9.82085109e-01 5.82801402e-02 5.98865330e-01
    2.59380221e-01 5.60020924e-01 8.12872648e-02 4.70500231e-01
    2.11431146e-01 6.69057429e-01 1.32686973e-01 3.24692428e-01
    2.25130677e-01 7.50260234e-01 6.85888410e-01 9.62783575e-01
    9.30285096e-01 3.97920758e-01 7.75568247e-01 1.50316954e-01
    4.57510501e-01 8.11596632e-01 6.52946234e-02 3.60391200e-01
    4.53338176e-01 9.70505714e-01 8.39068174e-01 6.07129931e-03
    4.13072646e-01 5.61964512e-03 1.68358326e-01 9.85103846e-01
    4.28842723e-01 1.12181365e-01 5.57953715e-02 1.15618408e-01
    4.10556793e-02 1.25791967e-01 5.65917790e-01 8.89132738e-01
    5.82317054e-01 3.55814606e-01 9.22893524e-01 1.95679545e-01
    4.62511957e-01 5.58534265e-02 6.23244882e-01 5.23830891e-01
    4.08722222e-01 3.13758373e-01 3.95823270e-01 5.95558822e-01
    9.80427146e-01 1.10837281e-01 3.81236672e-02 6.08556330e-01
    2.11086571e-02 2.69663364e-01 3.35351288e-01 9.55311060e-01
    9.38474417e-01 1.96131736e-01 9.01746273e-01 7.49394357e-01
    8.10633302e-01 3.80618572e-02 9.55158770e-02 5.24248183e-02
    6.82573617e-01 1.74538702e-01 7.03730583e-02 4.54165190e-01
    5.71569204e-01 9.63944912e-01 5.75876296e-01 3.77624333e-02
    9.35475588e-01 4.40582275e-01 7.47458577e-01 7.41527557e-01
    3.18932235e-01 7.25845754e-01 7.74925351e-01 2.91013718e-01
    7.36586213e-01 7.75987506e-01 4.18781042e-02 6.73728228e-01
    9.14433002e-01 7.03045726e-02 4.01669979e-01 9.97852325e-01
    2.20653504e-01 9.51681376e-01 4.06692386e-01 9.65488791e-01
    7.59362638e-01 2.05187708e-01 6.75433934e-01 1.77790105e-01
    7.01038599e-01 2.65873671e-01 9.03541863e-01 4.64391589e-01
    8.45759988e-01 5.46122670e-01 1.56623304e-01 6.45817339e-01
    7.28443742e-01 5.43091297e-01 5.00904560e-01 8.91924977e-01
    7.60284066e-01 9.20924783e-01 4.69081134e-01 9.23473001e-01
    5.22332728e-01 2.12938786e-01 3.39579582e-03 1.36493236e-01
    7.55264819e-01 2.24090695e-01 6.22565508e-01 9.39810991e-01
    1.95503205e-01 7.27645159e-01 9.14249122e-02 8.39465499e-01
    8.09447110e-01 3.60616148e-01 9.07975256e-01 4.14983928e-01
    4.27639008e-01 3.91017675e-01 8.91375899e-01 9.34766591e-01
    6.41876459e-01 6.46708250e-01 9.40455258e-01 3.05777669e-01
    6.32808387e-01 8.18676591e-01 8.11594725e-03 2.93287814e-01
    4.72263515e-01 9.19713736e-01 6.89865589e-01 9.73502278e-01
    8.37704957e-01 8.36574197e-01 5.90965688e-01 4.85281467e-01
    4.31577682e-01 5.90362489e-01 1.45255864e-01 3.19261789e-01
    3.35712433e-01 4.84605730e-02 1.93708539e-02 4.98241127e-01
    8.21704805e-01 9.31118727e-01 9.35067296e-01 2.06856579e-01
    9.31609452e-01 2.02299833e-01 7.63547719e-02 8.53860497e-01
    5.53359210e-01 6.62759125e-01 7.54007638e-01 7.36333787e-01
    2.83482581e-01 7.74727464e-01 2.42027640e-02 8.79812360e-01
    3.41660619e-01 3.68318200e-01 7.50092328e-01 7.46177018e-01
    8.65331709e-01 3.22159618e-01 7.57250488e-01 8.75050664e-01
    6.59517884e-01 1.91441029e-01 4.70206589e-01 1.59272611e-01
    6.62158668e-01 9.69143152e-01 7.61087894e-01 4.29608226e-02
    9.81390476e-03 6.37339652e-02 4.18257147e-01 3.24212223e-01
    3.37528884e-01 8.27012897e-01 7.49006867e-01 9.04860556e-01
    6.43005490e-01 8.42493176e-01 6.20277286e-01 1.10641450e-01
    7.87751913e-01 9.48942065e-01 2.85988033e-01 9.30511951e-01
    4.00670290e-01 3.34628463e-01 2.57798344e-01 2.93278694e-01
    3.75915259e-01 5.72223663e-01 6.80105805e-01 5.42420924e-01
    1.83394939e-01 8.54102671e-01 7.06418216e-01 9.92451370e-01
    1.08219981e-02 7.27263987e-01 2.32976288e-01 2.78799802e-01
    4.50719178e-01 9.19863701e-01 3.36233705e-01 6.78169966e-01
    5.40924251e-01 5.17989457e-01 8.75436425e-01 8.98563981e-01
    5.73015273e-01 8.72748733e-01 5.54445148e-01 3.71994823e-01
    4.62092638e-01 2.67330319e-01 3.73456806e-01 3.47434163e-01
    7.62939990e-01 4.79836404e-01 2.20746398e-02 7.73696661e-01
    7.77935386e-01 1.16329491e-01 2.72893846e-01 8.52438688e-01
    5.27165473e-01 4.06282723e-01 5.85202634e-01 5.17920792e-01
    1.02079898e-01 9.27809596e-01 6.44825339e-01 4.37377393e-02
    3.63901317e-01 4.95882988e-01 3.74508649e-01 9.93337929e-01
    1.11656249e-01 3.23907554e-01 8.30719471e-01 2.96220362e-01
    7.09507942e-01 8.85876417e-01 4.74195600e-01 9.12831068e-01
    9.13968682e-01 6.57403469e-03 4.26603019e-01 4.92854238e-01
    7.25405812e-01 2.50861883e-01 1.03201568e-01 2.24229455e-01
    5.96306562e-01 7.68922269e-02 5.28525412e-01 5.57559431e-01
    6.64880157e-01 7.78130293e-01 2.51749367e-01 3.51662159e-01
    2.53584564e-01 4.79030311e-01 4.32721198e-01 9.13187981e-01
    8.03497076e-01 9.64198649e-01 4.63448912e-01 7.56823599e-01
    9.06888127e-01 9.46866095e-01 4.14732516e-01 3.40817809e-01
    5.40170550e-01 4.09088522e-01 6.53479874e-01 9.89116669e-01
    9.32567537e-01 5.38470089e-01 1.81969911e-01 8.07244658e-01
    1.90203786e-02 8.00702929e-01 4.76493180e-01 7.14445174e-01
    9.20180917e-01 4.70073551e-01 3.32123101e-01 1.39233440e-01
    3.67225081e-01 5.42620480e-01 4.09177423e-01 5.04420757e-01
    9.29807842e-01 3.81142199e-01 5.96142769e-01 1.75335407e-01
    9.31450486e-01 5.07128358e-01 1.36118829e-01 8.21631730e-01
    5.00798702e-01 1.14118218e-01 7.44784236e-01 9.49232697e-01
    4.70613360e-01 7.64388323e-01 3.07111323e-01 2.02960610e-01
    2.06107825e-01 2.93280602e-01 4.63132024e-01 3.20743918e-01
    4.66721594e-01 6.17654800e-01 7.71022916e-01 2.61624753e-01
    9.68204856e-01 2.06569791e-01 8.84993970e-01 9.86323357e-01
    1.23387814e-01 9.72856343e-01 4.35287952e-01 5.38527966e-03
    8.80386829e-01 7.44751692e-01 6.19112730e-01 7.02371597e-01
    5.58593333e-01 2.46118039e-01 3.42074931e-01 5.82720757e-01
    9.16328192e-01 7.38040984e-01 4.35180306e-01 2.08767772e-01
    5.34703493e-01 8.84961247e-01 4.93864149e-01 9.49820399e-01
    4.94466156e-01 6.41176939e-01 3.58809054e-01 5.24993718e-01
    7.71766663e-01 5.77897131e-01 8.89099956e-01 5.61280549e-01
    9.32675242e-01 1.21804774e-01 8.40434313e-01 4.26265299e-02
    9.07776594e-01 1.39428318e-01 9.24124956e-01 2.30566174e-01
    9.26285923e-01 9.07220840e-01 7.19964206e-01 8.59454513e-01
    4.59328294e-01 3.16239774e-01 3.08217764e-01 1.83840424e-01
    9.25016701e-01 5.12506723e-01 9.10740793e-01 4.22019571e-01
    6.21664464e-01 4.81148869e-01 3.54404837e-01 4.81701791e-02
    7.94946909e-01 4.17648137e-01 4.92265940e-01 2.81668663e-01
    3.30200702e-01 1.06309921e-01 9.57377553e-01 3.01009357e-01
    8.37704957e-01 8.36574197e-01 5.90965688e-01 4.85281467e-01
    4.31577682e-01 5.90362489e-01 1.45255864e-01 3.19261789e-01
    3.35712433e-01 4.84605730e-02 1.93708539e-02 4.98241127e-01
    8.21704805e-01 9.31118727e-01 9.35067296e-01 2.06856579e-01
    7.18643188e-01 3.91405493e-01 7.91320920e-01 4.92396712e-01
    4.00674939e-02 9.92848754e-01 3.02380621e-01 6.34679317e-01
    7.32197404e-01 3.98777425e-01 6.48581088e-01 3.36298406e-01
    9.19083834e-01 5.04322946e-02 5.06767333e-01 3.29192013e-01
    6.21224880e-01 5.21161258e-01 7.33433127e-01 8.80155683e-01
    6.01419151e-01 6.35251641e-01 2.62145102e-01 5.80649316e-01
    6.50242567e-02 4.26273674e-01 7.12457478e-01 4.38985229e-02
    6.46709502e-01 6.51806235e-01 3.87254030e-01 8.58250141e-01
    3.14150751e-02 7.18822718e-01 9.71808136e-02 5.45947015e-01
    7.69160748e-01 1.85292721e-01 4.80984598e-01 7.45276153e-01
    2.10730702e-01 9.32539523e-01 6.21301293e-01 1.97351009e-01
    1.48459554e-01 2.13212341e-01 8.72422814e-01 2.06727713e-01
    1.84863836e-01 1.72918439e-01 3.07849944e-02 3.49602282e-01
    1.53473467e-01 7.35853612e-01 1.47608638e-01 8.35394382e-01
    6.78321004e-01 1.53793126e-01 1.13468796e-01 5.36728799e-02
    5.13684571e-01 7.79547453e-01 7.10573018e-01 1.11203134e-01
    7.25802183e-01 1.49629682e-01 3.09340775e-01 8.13664675e-01
    2.16526389e-01 5.27778864e-02 9.42846417e-01 8.97592902e-01
    3.83726507e-01 6.12031341e-01 6.98161542e-01 3.16066056e-01
    1.36071295e-01 3.82706583e-01 2.83352315e-01 4.11618859e-01
    9.12827015e-01 7.11317837e-01 9.67850387e-02 2.59997338e-01
    8.01240504e-01 8.60030353e-01 4.99643147e-01 4.38195199e-01
    4.82733905e-01 7.94586658e-01 4.65382725e-01 7.34452724e-01
    2.92044938e-01 4.21346068e-01 1.49491489e-01 6.39830351e-01
    7.67488599e-01 5.77610731e-01 7.48077035e-01 2.69804657e-01
    1.74922943e-02 3.10557187e-01 2.62587965e-01 2.72846282e-01
    4.33116555e-01 4.71332431e-01 7.48777390e-03 5.20439744e-02
    2.23787665e-01 4.81721342e-01 1.83326274e-01 5.84603012e-01
    9.11231756e-01 5.29514194e-01 9.45982099e-01 2.88415551e-02
    1.80928171e-01 6.76789641e-01 5.98113358e-01 6.52950823e-01
    5.80815971e-01 9.29177403e-01 3.89421999e-01 8.65640521e-01
    3.34348798e-01 7.63154387e-01 8.58612597e-01 2.11657286e-02
    8.97398055e-01 3.10249209e-01 4.97389555e-01 3.61646920e-01
    6.22415662e-01 7.88413882e-02 9.10472810e-01 2.52748013e-01
    1.90049917e-01 4.36764777e-01 8.21420312e-01 8.12741756e-01
    9.86271203e-02 9.84173298e-01 7.53827095e-01 6.87175095e-01
    1.79861188e-02 9.71687078e-01 6.68773592e-01 6.23657346e-01
    9.36532021e-02 4.77898240e-01 2.15018392e-01 2.60969877e-01
    6.89778686e-01 5.67592978e-01 4.25071418e-02 5.10089338e-01
    6.99416757e-01 4.29975986e-02 4.78008598e-01 6.97340012e-01
    3.84952039e-01 2.72137940e-01 5.31835973e-01 7.36730695e-01
    7.76656747e-01 9.70217168e-01 6.75980031e-01 8.06725323e-02
    4.24604535e-01 2.86023229e-01 9.68567371e-01 7.10727394e-01
    1.03497475e-01 6.31810486e-01 4.09449756e-01 2.91008711e-01
    3.73385012e-01 7.04918981e-01 3.09936851e-01 4.03135598e-01
    7.32655823e-02 8.76267910e-01 2.55093336e-01 7.96626151e-01
    4.19292659e-01 3.11926186e-01 7.33264089e-01 9.52761889e-01
    8.45324993e-01 6.99839711e-01 8.29166651e-01 6.22002184e-02
    4.48799849e-01 1.86628133e-01 3.61240923e-01 8.82304728e-01
    3.91283631e-01 8.57343674e-02 9.91599262e-01 2.55329430e-01
    1.26645625e-01 2.73520410e-01 1.07802331e-01 5.00129044e-01
    6.36669338e-01 8.45725834e-01 7.84679353e-02 8.78568411e-01
    4.53343898e-01 4.85998005e-01 2.75568366e-01 6.67189062e-02
    1.87528133e-03 4.39264864e-01 6.39893770e-01 2.30964869e-01
    8.19047332e-01 8.47244561e-02 3.53927255e-01 7.58574188e-01
    3.82498443e-01 2.21515089e-01 4.54465240e-01 9.17935848e-01
    8.39130461e-01 9.12259102e-01 3.12498212e-01 6.88809812e-01
    4.62386072e-01 3.50099444e-01 1.76134467e-01 9.03337717e-01
    4.19205725e-01 1.93382531e-01 6.54763579e-01 6.56739533e-01
    2.76688665e-01 4.87111241e-01 6.22883618e-01 2.37944037e-01
    9.65567052e-01 1.85569763e-01 5.08375287e-01 6.14884675e-01
    7.33338416e-01 3.95536721e-02 6.56367064e-01 1.87367260e-01
    3.82917345e-01 6.83894157e-01 3.31123173e-01 7.07363367e-01
    2.84670889e-02 6.44548535e-01 2.61212826e-01 7.70106137e-01
    7.18643188e-01 3.91405493e-01 7.91320920e-01 4.92396712e-01
    4.00674939e-02 9.92848754e-01 3.02380621e-01 6.34679317e-01
    7.32197404e-01 3.98777425e-01 6.48581088e-01 3.36298406e-01
    9.19083834e-01 5.04322946e-02 5.06767333e-01 3.29192013e-01
    1.10856444e-01 8.27114344e-01 3.78813684e-01 9.55962956e-01
    8.25491786e-01 1.64477289e-01 8.72330189e-01 6.89521611e-01
    1.99403375e-01 6.70687258e-01 4.77800786e-01 4.84880984e-01
    7.56923914e-01 1.95258677e-01 7.52258420e-01 9.42515373e-01
    3.20682734e-01 4.33315039e-01 1.33104622e-02 4.77746338e-01
    7.82741666e-01 2.16196984e-01 6.33945823e-01 9.96932030e-01
    7.52985895e-01 6.16724849e-01 3.08276862e-01 7.92517483e-01
    2.92792916e-01 2.47078091e-01 5.60341597e-01 8.52300525e-01
    7.10189939e-01 6.09316826e-01 8.91529799e-01 8.53482664e-01
    1.70312077e-01 9.58292961e-01 6.30576611e-01 1.73610955e-01
    2.03729868e-02 6.01229906e-01 9.57898021e-01 9.01128232e-01
    1.03816569e-01 4.60480183e-01 9.75418389e-01 9.65451717e-01
    5.15895784e-01 9.48020697e-01 3.61097246e-01 7.07635880e-01
    3.81319582e-01 3.90950441e-02 1.50214642e-01 7.61701703e-01
    6.87757850e-01 7.38245249e-01 8.95293355e-02 6.65353298e-01
    6.65755689e-01 1.68662220e-01 9.79271293e-01 5.72001815e-01
    4.11636144e-01 5.73548675e-01 6.41367674e-01 5.91695189e-01
    1.25507861e-01 1.31737828e-01 8.75556290e-01 4.85875458e-01
    4.19649482e-03 6.91322505e-01 1.68759197e-01 7.04594195e-01
    3.64953279e-01 8.13278913e-01 1.07563645e-01 3.32098007e-02
    3.18506002e-01 6.56791449e-01 9.77284908e-02 8.98861885e-02
    5.74961126e-01 6.12264872e-01 9.37293410e-01 1.47110283e-01
    9.89312172e-01 4.05460149e-01 1.72330469e-01 1.09573632e-01
    6.92765951e-01 9.12751436e-01 9.95913684e-01 2.96193361e-02
    1.64649963e-01 9.86851215e-01 7.33920455e-01 8.37455869e-01
    4.86274838e-01 5.28850377e-01 3.78005832e-01 8.12052250e-01
    7.70739436e-01 5.75049400e-01 5.50160110e-01 9.40681994e-02
    2.94970214e-01 4.84338433e-01 6.32958651e-01 1.22679323e-01
    2.30832070e-01 8.35327744e-01 6.29837155e-01 9.36051965e-01
    5.06164074e-01 6.61987007e-01 2.93407798e-01 9.59757328e-01
    8.15233588e-01 9.76062059e-01 9.55900848e-01 2.18582302e-01
    4.31789160e-01 7.13028491e-01 4.99166995e-01 6.05532885e-01
    7.32557476e-01 7.27853775e-01 1.07798278e-01 6.16370261e-01
    6.51068628e-01 2.45709419e-01 9.44285870e-01 6.23483658e-01
    9.87357736e-01 8.42673182e-02 4.80569959e-01 9.72051203e-01
    1.64721310e-01 2.84555972e-01 5.19289553e-01 9.34783101e-01
    2.01412082e-01 8.25771511e-01 8.99795771e-01 9.15415287e-01
    7.60138571e-01 5.07027209e-01 5.75058877e-01 5.74778557e-01
    8.19479942e-01 7.80577064e-02 9.83814955e-01 3.80428940e-01
    1.67975426e-02 4.87095505e-01 8.51069808e-01 9.70689416e-01
    5.20283103e-01 4.42794770e-01 8.33523870e-01 9.57962871e-01
    6.10103667e-01 1.27683520e-01 2.53675222e-01 8.70323539e-01
    5.43834031e-01 9.20168757e-01 5.16663790e-01 1.40680581e-01
    6.31007671e-01 3.96991134e-01 7.73728967e-01 1.92643881e-01
    3.13080907e-01 2.74307817e-01 8.51373911e-01 6.49203062e-01
    8.68793011e-01 8.32875490e-01 6.51693583e-01 7.45810330e-01
    3.52746964e-01 6.30931973e-01 4.76103604e-01 1.12908125e-01
    6.92732096e-01 5.54251969e-01 3.75955731e-01 5.54721773e-01
    5.12757897e-01 5.65978408e-01 8.66651297e-01 7.48625636e-01
    5.98384857e-01 8.65392447e-01 6.35042727e-01 3.01328123e-01
    1.93183422e-02 5.41574657e-01 8.08385134e-01 9.50977325e-01
    5.27825356e-02 5.73899329e-01 4.55811322e-02 9.57106948e-02
    1.14285946e-01 2.04522252e-01 5.42448223e-01 2.79373169e-01
    4.95275259e-01 8.62383544e-01 1.00581586e-01 9.70872998e-01
    2.04505801e-01 5.19317269e-01 5.06270349e-01 5.24211645e-01
    1.77510589e-01 4.41857517e-01 8.54476452e-01 5.08103371e-01
    3.22946697e-01 1.85832143e-01 7.21145153e-01 9.61113095e-01
    4.62554365e-01 9.09143150e-01 4.17985082e-01 1.03819370e-02
    1.92909509e-01 4.78623807e-01 3.75571430e-01 9.87131119e-01
    7.50605702e-01 2.67312944e-01 8.39110911e-01 3.52914929e-02
    2.63551772e-02 8.23385000e-01 6.31201863e-01 2.36518830e-01
    8.83628130e-01 5.68853557e-01 3.13775986e-01 1.73282653e-01
    4.18484181e-01 6.17657363e-01 4.91055280e-01 4.89613146e-01
    2.60525048e-01 5.02818942e-01 7.07690656e-01 7.64885485e-01
    1.10856444e-01 8.27114344e-01 3.78813684e-01 9.55962956e-01
    8.25491786e-01 1.64477289e-01 8.72330189e-01 6.89521611e-01
    1.99403375e-01 6.70687258e-01 4.77800786e-01 4.84880984e-01
    7.56923914e-01 1.95258677e-01 7.52258420e-01 9.42515373e-01
    9.44615841e-01 1.77335441e-02 8.72152984e-01 9.60744023e-01
    1.11938447e-01 1.24438941e-01 9.70971465e-01 3.14537585e-02
    2.69835532e-01 7.43517280e-03 2.25470781e-01 2.77882993e-01
    3.61895829e-01 1.42187178e-02 2.30599731e-01 6.26559138e-01
    9.43115234e-01 5.45404315e-01 9.04666424e-01 9.34292555e-01
    6.05218172e-01 1.95964694e-01 6.06434286e-01 8.19029808e-01
    2.86898732e-01 9.93098021e-01 8.74291658e-01 4.00723845e-01
    8.45356822e-01 8.95035744e-01 2.05148786e-01 8.17459822e-01
    2.83780962e-01 7.28586555e-01 9.96604145e-01 9.54877675e-01
    8.82603765e-01 3.20854187e-01 3.06739271e-01 2.23994732e-01
    4.23163682e-01 6.74868524e-02 1.95201039e-01 5.57513118e-01
    7.50578344e-02 9.87820745e-01 6.71274424e-01 9.16343093e-01
    2.77590930e-01 8.30081463e-01 5.29029846e-01 4.64605033e-01
    9.47396457e-02 7.55830586e-01 6.33640587e-01 8.69638681e-01
    4.72315043e-01 3.52743238e-01 4.11546528e-02 7.14426219e-01
    8.81445408e-01 7.62132108e-02 2.66859233e-02 5.47808230e-01
    7.17637599e-01 8.35126638e-01 8.61102700e-01 5.83786488e-01
    9.59826827e-01 8.62103701e-01 6.19786501e-01 9.51347828e-01
    8.57894480e-01 8.18101108e-01 6.89282417e-01 3.66539866e-01
    5.79706490e-01 7.62214601e-01 2.01890528e-01 4.25754577e-01
    3.33065331e-01 2.66512334e-01 5.72690904e-01 7.03430891e-01
    4.32892799e-01 6.83998346e-01 3.19539905e-01 1.74045563e-05
    4.73573059e-01 7.00799108e-01 8.26691568e-01 1.10821843e-01
    6.38226271e-01 5.79484761e-01 5.76662719e-02 2.13755220e-01
    8.48611772e-01 2.97128737e-01 2.56157756e-01 8.42711687e-01
    2.98728943e-01 4.56697077e-01 8.90541077e-01 9.78060603e-01
    6.72342479e-01 8.31783414e-01 5.98736286e-01 4.62186724e-01
    3.91542286e-01 8.55925798e-01 4.32980776e-01 1.44055754e-01
    1.86410457e-01 7.23544002e-01 3.73302221e-01 2.00390100e-01
    2.11273134e-01 5.82402587e-01 8.01632881e-01 1.24546081e-01
    7.40657330e-01 1.21489167e-02 2.69171923e-01 7.32200623e-01
    8.99898052e-01 7.45082736e-01 9.25527811e-01 3.01624119e-01
    1.50866717e-01 1.16102725e-01 5.32593071e-01 3.00307333e-01
    5.90070248e-01 4.08494920e-01 8.95526648e-01 8.78327847e-01
    6.09856308e-01 5.51751733e-01 2.83286929e-01 2.25442111e-01
    2.07620263e-02 3.14863682e-01 6.06104136e-01 8.45432580e-01
    1.95788324e-01 7.52988219e-01 7.34691083e-01 6.83970690e-01
    7.17484117e-01 2.02013165e-01 3.15456897e-01 9.50496733e-01
    9.22624111e-01 7.52659082e-01 7.12654710e-01 6.23999655e-01
    1.00575507e-01 5.14952123e-01 4.80417281e-01 9.05974865e-01
    7.80015409e-01 9.74336147e-01 5.98781347e-01 6.37027323e-01
    8.42834473e-01 1.27971292e-01 1.59732908e-01 6.12388015e-01
    9.68707561e-01 1.19540721e-01 5.43509245e-01 1.44742876e-01
    3.20916057e-01 9.40959811e-01 9.66557801e-01 8.90154541e-01
    2.74886787e-02 8.38523149e-01 7.79743791e-02 3.42390239e-02
    5.67639351e-01 1.11964345e-02 6.78865552e-01 5.59698641e-01
    1.71874166e-01 1.74900442e-01 4.71375406e-01 7.35181451e-01
    3.49869132e-02 9.98642325e-01 4.67210889e-01 8.64191771e-01
    6.29088581e-02 9.25096273e-01 1.01284564e-01 6.17768288e-01
    8.25557232e-01 7.71349490e-01 9.12483335e-01 1.00046068e-01
    8.68214667e-01 1.85041636e-01 9.63742375e-01 3.89143944e-01
    6.35861754e-02 5.77041268e-01 1.46151721e-01 3.54075730e-01
    9.95788336e-01 7.27711320e-02 4.45312321e-01 3.10158581e-01
    4.84794796e-01 5.87860107e-01 5.47332048e-01 2.94485867e-01
    8.87924612e-01 9.18877125e-01 3.42233807e-01 5.88869810e-01
    1.97269380e-01 3.24169159e-01 2.87875116e-01 8.02051187e-01
    8.94651592e-01 7.72703588e-02 8.63999963e-01 6.16779268e-01
    6.61627829e-01 5.44458866e-01 3.61321002e-01 4.61276621e-01
    4.50805426e-01 7.45261967e-01 6.78113937e-01 7.60931730e-01
    5.20258069e-01 1.53787166e-01 1.73312426e-02 2.91233480e-01
    4.68538165e-01 1.80038184e-01 3.83295089e-01 8.39039683e-02
    8.88602555e-01 3.67233634e-01 6.80813730e-01 2.40673572e-01
    5.69682598e-01 3.53885472e-01 1.14010543e-01 8.49706650e-01
    5.79830587e-01 3.49945188e-01 2.77058244e-01 9.80343342e-01
    9.44615841e-01 1.77335441e-02 8.72152984e-01 9.60744023e-01
    1.11938447e-01 1.24438941e-01 9.70971465e-01 3.14537585e-02
    2.69835532e-01 7.43517280e-03 2.25470781e-01 2.77882993e-01
    3.61895829e-01 1.42187178e-02 2.30599731e-01 6.26559138e-01
    1.71780169e-01 7.60357141e-01 3.01751792e-01 5.12617230e-01
    5.77269077e-01 1.43084228e-01 6.40597343e-01 9.47296023e-02
    7.97634363e-01 1.07317448e-01 4.06189561e-01 2.00927258e-02
    1.93870306e-01 3.62616301e-01 4.93049502e-01 2.43188500e-01
    4.66817528e-01 3.05571198e-01 2.95281827e-01 6.23777211e-01
    5.10305643e-01 9.75591779e-01 7.50856876e-01 2.40159154e-01
    2.60320693e-01 3.48628283e-01 7.16212332e-01 6.99380040e-01
    4.50349122e-01 4.04050231e-01 5.27938247e-01 1.42915398e-01
    5.26242316e-01 2.09545314e-01 2.03828961e-01 4.97195572e-01
    7.61197686e-01 4.02443320e-01 8.55731130e-01 8.55244935e-01
    1.26854986e-01 5.49083948e-02 9.77227390e-02 5.82735658e-01
    3.67969811e-01 8.84253681e-01 7.01848865e-02 7.85952747e-01
    7.70106792e-01 6.17368579e-01 3.60411406e-03 2.40475386e-01
    9.60246801e-01 9.17528689e-01 8.76166999e-01 7.55447447e-01
    9.06477153e-01 9.46877480e-01 2.81587720e-01 6.74915254e-01
    6.52690887e-01 4.56358314e-01 8.78774822e-01 3.39693248e-01
    9.34852064e-02 2.66702831e-01 9.88665700e-01 6.03623927e-01
    1.64317161e-01 1.08619928e-02 5.52332819e-01 7.85611570e-01
    7.94745803e-01 7.70828366e-01 1.31615698e-01 5.83385944e-01
    2.24591285e-01 4.22445297e-01 2.32501924e-01 9.35231805e-01
    7.09794223e-01 1.73477024e-01 4.84566867e-01 4.92128044e-01
    9.67381418e-01 5.58176994e-01 1.40323937e-02 7.47020245e-02
    8.66141677e-01 7.36293972e-01 5.40047288e-02 2.93568850e-01
    7.00965106e-01 7.19832957e-01 4.35980618e-01 3.30753386e-01
    3.26415092e-01 4.80612457e-01 3.24580014e-01 7.31635630e-01
    5.71039736e-01 9.41130757e-01 8.22003365e-01 1.26675934e-01
    9.13191557e-01 9.39726472e-01 4.30044889e-01 1.34085417e-02
    9.99395430e-01 8.51117671e-02 1.01822644e-01 9.06974554e-01
    3.04611623e-01 3.44723523e-01 9.99736369e-01 4.19142246e-02
    7.57614136e-01 1.19391441e-01 6.35461867e-01 3.95359695e-02
    4.16455865e-01 3.42219651e-01 9.64376569e-01 7.82517910e-01
    1.47429258e-01 2.89540797e-01 2.27995008e-01 8.61353755e-01
    5.45100152e-01 1.45156801e-01 5.67408800e-02 3.89698178e-01
    9.95074391e-01 6.65101945e-01 5.73429346e-01 3.32093894e-01
    3.34892273e-02 6.43432438e-01 8.34144354e-01 3.83104742e-01
    6.88246727e-01 2.59332061e-01 9.46869850e-02 4.02106464e-01
    5.95389307e-01 7.66377807e-01 4.67187017e-01 4.42221314e-01
    4.52857226e-01 6.40193343e-01 8.23829770e-01 2.18102247e-01
    5.48897624e-01 1.38269067e-02 2.65218198e-01 2.96380818e-01
    8.94729495e-01 6.62849247e-01 2.82720208e-01 2.29627311e-01
    2.16581464e-01 3.95882368e-01 3.35427225e-01 2.85507977e-01
    4.91911203e-01 9.25582409e-01 8.94554615e-01 6.78227186e-01
    7.80433893e-01 2.44511306e-01 4.47501183e-01 5.78033984e-01
    5.01618981e-01 5.99806190e-01 9.25044060e-01 4.74371314e-01
    5.26859343e-01 9.17266846e-01 2.39423513e-01 2.97498643e-01
    6.04665339e-01 4.98638898e-01 1.14127368e-01 6.60539389e-01
    8.17957997e-01 6.09491169e-02 4.21002567e-01 9.77694094e-02
    7.20247924e-01 2.51531035e-01 3.79774988e-01 5.25770545e-01
    2.19294518e-01 9.79535818e-01 6.11736178e-01 3.80401492e-01
    5.41715384e-01 5.66867590e-02 4.03848350e-01 7.48435557e-01
    8.11144114e-02 1.45233214e-01 7.95445800e-01 9.95621443e-01
    4.82086539e-01 1.57492727e-01 6.07337832e-01 1.66842878e-01
    1.20819390e-01 5.40411055e-01 4.02254075e-01 7.37457395e-01
    7.89199710e-01 7.60273278e-01 7.60545611e-01 9.19790030e-01
    5.39713144e-01 2.41690338e-01 1.12657487e-01 5.59080005e-01
    5.78119040e-01 4.89199340e-01 3.79760951e-01 6.28972292e-01
    7.77172625e-01 4.03515130e-01 6.67117357e-01 9.31390762e-01
    3.52556109e-02 5.12560666e-01 2.54221022e-01 5.93839169e-01
    7.68942952e-01 5.12803197e-01 5.28191805e-01 3.47921491e-01
    3.62143159e-01 8.23106945e-01 9.73173738e-01 5.50364673e-01
    6.84339225e-01 8.77260923e-01 6.07277095e-01 9.84406769e-02
    5.80760121e-01 3.84938300e-01 5.51930964e-02 1.23959810e-01
    6.65890872e-01 4.20367301e-01 8.02846491e-01 3.91568154e-01
    7.97570884e-01 2.42430091e-01 1.75962090e-01 1.21046543e-01
    1.71780169e-01 7.60357141e-01 3.01751792e-01 5.12617230e-01
    5.77269077e-01 1.43084228e-01 6.40597343e-01 9.47296023e-02
    7.97634363e-01 1.07317448e-01 4.06189561e-01 2.00927258e-02
    1.93870306e-01 3.62616301e-01 4.93049502e-01 2.43188500e-01
    4.47172165e-01 1.06185913e-01 6.85744524e-01 9.23321068e-01
    5.58429062e-01 2.88034976e-02 1.33967370e-01 4.46207583e-01
    5.97397208e-01 1.43795848e-01 6.94675744e-01 4.59997296e-01
    5.17521381e-01 2.67651677e-01 1.76734716e-01 5.12230873e-01
    2.08102077e-01 7.77778625e-01 6.05724931e-01 8.77449155e-01
    3.79349530e-01 2.74243712e-01 8.29141974e-01 7.46024489e-01
    5.10053039e-02 5.08929849e-01 6.53238773e-01 9.18190479e-01
    7.35130310e-02 9.43681240e-01 9.96658683e-01 5.12694538e-01
    1.76492333e-03 5.53607047e-01 2.29841888e-01 1.89586192e-01
    3.19125056e-01 9.78033304e-01 2.95871735e-01 5.18061817e-01
    8.98458660e-01 7.95997024e-01 8.72913837e-01 1.51238084e-01
    6.46714687e-01 4.47605640e-01 8.66145730e-01 7.26402342e-01
    6.24441981e-01 1.66401654e-01 5.75422108e-01 8.65627825e-02
    2.36574233e-01 2.92318761e-01 7.98484981e-01 6.27926886e-01
    7.72825718e-01 3.02445233e-01 2.21450061e-01 3.62952828e-01
    4.38589752e-02 5.66984057e-01 9.15431798e-01 1.15497231e-01
    4.62145269e-01 5.31318486e-01 3.95028889e-01 5.49183965e-01
    8.31067145e-01 6.96589053e-02 4.41525012e-01 9.70111728e-01
    5.22179961e-01 4.00367618e-01 1.76684618e-01 6.79699838e-01
    8.44570041e-01 6.28596246e-01 3.29101145e-01 8.40298772e-01
    6.49536848e-01 9.86947060e-01 5.04323125e-01 9.14482117e-01
    6.90927148e-01 8.40858519e-02 3.61132264e-01 6.72227383e-01
    4.51108813e-02 2.56770819e-01 2.47688860e-01 3.63265872e-02
    2.09271491e-01 6.57497287e-01 5.53770363e-01 8.80054235e-02
    6.95746303e-01 1.50829792e-01 3.51279080e-01 2.23230511e-01
    1.02108955e-01 5.62779605e-01 5.88500857e-01 7.98964977e-01
    2.40657985e-01 1.79155231e-01 2.35866696e-01 6.11315489e-01
    3.94508779e-01 6.29476070e-01 9.41656351e-01 1.09183371e-01
    2.76229113e-01 9.51462507e-01 4.31503385e-01 7.34610975e-01
    5.59528351e-01 8.19878817e-01 7.63157725e-01 1.69709504e-01
    2.54056036e-01 7.25209415e-02 5.23324013e-01 4.55358684e-01
    4.99746799e-02 1.00907952e-01 4.29918706e-01 2.63208628e-01
    1.93375349e-03 9.85185862e-01 3.64639461e-02 6.80825710e-01
    3.83019447e-01 6.67861402e-02 3.90772820e-02 8.16663921e-01
    9.72234011e-02 2.52413571e-01 5.42869091e-01 9.06074762e-01
    6.48141682e-01 3.93574476e-01 6.39707029e-01 6.52278662e-01
    6.82774544e-01 5.84650040e-01 7.82817364e-01 2.90974319e-01
    2.32109666e-01 3.79357576e-01 1.06735796e-01 8.32991004e-02
    5.93446553e-01 3.57407540e-01 1.46791756e-01 4.98592854e-01
    9.73327518e-01 5.68626642e-01 5.57341099e-01 5.79368949e-01
    6.31423891e-02 9.17237878e-01 3.35275799e-01 7.49991000e-01
    7.56077766e-01 4.52908605e-01 8.03985298e-01 4.66435462e-01
    9.73429680e-01 4.51169550e-01 4.64296311e-01 5.78929901e-01
    4.78795826e-01 5.19531131e-01 9.37278152e-01 4.61673051e-01
    5.88356435e-01 1.49099141e-01 5.79367697e-01 5.91361344e-01
    2.59584874e-01 8.55141640e-01 5.10588765e-01 3.23539138e-01
    3.47984076e-01 2.50999033e-02 9.29414451e-01 2.69985765e-01
    8.75474334e-01 7.72103429e-01 8.52201104e-01 3.30407560e-01
    7.59284914e-01 5.89327991e-01 4.85488355e-01 5.64666986e-01
    2.51060694e-01 2.55650640e-01 3.58018965e-01 5.07370174e-01
    2.04916328e-01 6.91985250e-01 9.66208458e-01 5.90766013e-01
    3.75947893e-01 7.26581335e-01 9.16110277e-01 7.92548835e-01
    8.18935871e-01 8.20662737e-01 1.81446165e-01 2.24640101e-01
    9.41608012e-01 9.71548498e-01 2.49611974e-01 4.56754923e-01
    2.23999918e-02 1.79887265e-01 3.48003596e-01 4.92567778e-01
    7.82186031e-01 9.36611652e-01 6.62528157e-01 9.02011752e-01
    3.08734983e-01 6.44791901e-01 1.73630863e-01 5.42601943e-03
    9.53492761e-01 1.83445930e-01 4.13221061e-01 4.44280505e-02
    7.46611297e-01 2.62438834e-01 1.58455133e-01 6.49420142e-01
    1.55173421e-01 5.10918915e-01 3.67598683e-01 9.52211618e-01
    6.03021026e-01 6.04734242e-01 7.20082998e-01 4.08222616e-01
    5.05203605e-01 9.12609816e-01 4.43793535e-02 1.49599344e-01
    2.56235570e-01 6.13486826e-01 2.12290585e-02 7.09021330e-01
    4.71757591e-01 7.71996677e-02 3.66848409e-02 9.25653875e-02
    4.47172165e-01 1.06185913e-01 6.85744524e-01 9.23321068e-01
    5.58429062e-01 2.88034976e-02 1.33967370e-01 4.46207583e-01
    5.97397208e-01 1.43795848e-01 6.94675744e-01 4.59997296e-01
    5.17521381e-01 2.67651677e-01 1.76734716e-01 5.12230873e-01
    4.75459337e-01 9.58306193e-01 4.10928756e-01 3.42133462e-01
    6.77302122e-01 6.88211799e-01 8.40450764e-01 2.37686723e-01
    4.28379655e-01 3.12019348e-01 7.15683937e-01 5.53670645e-01
    7.22296178e-01 2.09654629e-01 8.36567879e-01 1.89382166e-01
    8.70486021e-01 8.42295051e-01 4.69518661e-01 1.47880495e-01
    6.63116634e-01 3.74931693e-01 6.21935189e-01 3.30456197e-01
    1.60356671e-01 1.45458192e-01 9.10139441e-01 9.93781984e-02
    7.53788173e-01 9.93052840e-01 5.81244588e-01 3.01767230e-01
    9.22856808e-01 3.15113962e-01 2.95932889e-01 7.34880328e-01
    5.60844243e-02 7.22673893e-01 8.01810741e-01 4.80521291e-01
    4.06894386e-01 8.24191630e-01 2.64854729e-01 5.42503595e-03
    7.74775386e-01 7.11166322e-01 5.23478568e-01 3.59275043e-01
    6.46860898e-02 3.33311498e-01 3.41855824e-01 4.41135347e-01
    4.56033915e-01 1.75781459e-01 4.16241586e-01 9.71760273e-01
    1.44817859e-01 6.77487791e-01 6.95492685e-01 2.87800282e-01
    6.58156395e-01 8.56948614e-01 5.61789751e-01 8.60284090e-01
    5.03481328e-01 1.08980030e-01 7.51301408e-01 5.27495801e-01
    3.23618948e-01 2.42542982e-01 4.15587127e-02 9.70882595e-01
    9.82722759e-01 7.33129859e-01 4.50435072e-01 1.19745702e-01
    5.83357275e-01 6.32570803e-01 4.16578293e-01 8.92908216e-01
    6.58564985e-01 8.07393670e-01 9.79458570e-01 9.50207949e-01
    4.02524173e-02 9.33363795e-01 1.63106978e-01 4.79533583e-01
    2.10162729e-01 9.57078636e-02 1.78201288e-01 3.61522853e-01
    6.18992627e-01 3.12553674e-01 4.24397588e-02 4.96105224e-01
    1.95996940e-01 2.41597056e-01 9.58811641e-02 6.08929098e-02
    4.70903635e-01 3.44791055e-01 5.77623785e-01 2.30556816e-01
    9.88843203e-01 6.35337293e-01 8.45192254e-01 2.14691222e-01
    7.86027074e-01 4.00416911e-01 5.95525026e-01 9.56927180e-01
    6.60305798e-01 3.29267353e-01 3.48446846e-01 2.87537128e-01
    4.18907404e-01 5.44018388e-01 2.33066857e-01 1.84767663e-01
    8.99158776e-01 9.30909038e-01 8.10098767e-01 5.43332696e-01
    3.16295058e-01 7.22315311e-02 7.92674780e-01 6.13864720e-01
    3.88527304e-01 8.55916858e-01 8.02116156e-01 9.72178817e-01
    6.31716847e-01 4.47455585e-01 7.49029934e-01 5.84269464e-02
    4.97112364e-01 7.19400287e-01 7.52720535e-01 7.37743020e-01
    5.00636995e-01 3.68673801e-01 5.09158909e-01 2.63574362e-01
    6.53388381e-01 7.10481286e-01 5.89707315e-01 4.10150349e-01
    6.90469027e-01 2.61662245e-01 8.13975215e-01 7.07640707e-01
    9.07436013e-01 1.82174712e-01 5.43360353e-01 9.02257681e-01
    4.49208409e-01 3.31953704e-01 4.84916240e-01 4.37224507e-01
    6.42866790e-01 5.46708524e-01 5.77570498e-01 2.83506453e-01
    5.73245704e-01 6.10635698e-01 2.10991025e-01 1.27821177e-01
    8.94018471e-01 2.71323293e-01 3.68468285e-01 3.94119978e-01
    9.64628577e-01 2.82016516e-01 3.26984525e-01 5.63334346e-01
    7.51847029e-01 3.26629102e-01 3.69494915e-01 2.56253779e-01
    4.09474880e-01 5.06301224e-01 3.73572290e-01 8.29933405e-01
    2.67205089e-01 1.17112458e-01 4.45880890e-02 6.11246765e-01
    5.69750488e-01 4.62748021e-01 8.90155733e-02 9.85496283e-01
    8.29269230e-01 7.05608487e-01 3.15470219e-01 4.43437487e-01
    9.83890355e-01 1.65002286e-01 4.45281506e-01 2.08135933e-01
    1.80310905e-02 9.00474548e-01 8.60829353e-01 7.06153750e-01
    7.41136432e-01 3.41672868e-01 2.97023416e-01 5.49423099e-01
    5.20162284e-01 5.30024171e-01 2.25591898e-01 4.61692393e-01
    1.85467958e-01 4.99115884e-02 3.26710165e-01 7.92292237e-01
    9.17000055e-01 1.92049652e-01 9.84586000e-01 3.58065069e-01
    1.60631776e-01 4.46526349e-01 7.66058981e-01 6.13326371e-01
    9.65716004e-01 4.66476709e-01 2.31304824e-01 5.62978446e-01
    9.63542461e-01 4.98555303e-01 9.24962163e-01 8.66138577e-01
    6.88686788e-01 3.98188055e-01 8.64523530e-01 7.07636833e-01
    6.83773160e-01 9.78980839e-01 7.92002439e-01 8.14636052e-01
    5.99209547e-01 7.89044321e-01 9.37700510e-01 9.79269743e-01
    7.86502719e-01 1.82221472e-01 4.88484979e-01 4.80615556e-01
    5.43723106e-02 8.74713302e-01 6.22661233e-01 8.61580849e-01
    2.46845067e-01 3.90564799e-02 7.27215290e-01 8.14348757e-01
    4.75459337e-01 9.58306193e-01 4.10928756e-01 3.42133462e-01
    6.77302122e-01 6.88211799e-01 8.40450764e-01 2.37686723e-01
    4.28379655e-01 3.12019348e-01 7.15683937e-01 5.53670645e-01
    7.22296178e-01 2.09654629e-01 8.36567879e-01 1.89382166e-01
    4.23431456e-01 7.39738345e-01 6.17256165e-02 2.30159998e-01
    7.24727154e-01 7.65310228e-01 2.56202340e-01 4.83167768e-02
    8.10997009e-01 4.93929684e-01 2.12608188e-01 9.37068164e-01
    4.25118387e-01 6.87947512e-01 3.48083436e-01 7.80572891e-02
    5.43847680e-03 3.99607450e-01 1.79434121e-01 2.36467302e-01
    3.02203029e-01 3.14956129e-01 5.81214130e-01 4.20895368e-01
    4.38210070e-02 2.62869865e-01 7.87994266e-01 1.90128088e-01
    1.14342332e-01 8.91768456e-01 2.47085690e-02 8.97174597e-01
    2.51307040e-01 6.56868994e-01 7.42666364e-01 8.49102676e-01
    8.40926290e-01 6.96612716e-01 2.78717875e-01 3.86260450e-01
    4.70103383e-01 6.20193481e-01 9.44714367e-01 5.66490591e-01
    8.34537804e-01 7.49542356e-01 7.59902775e-01 7.61701345e-01
    6.43274844e-01 9.32671368e-01 3.78870547e-01 2.43178338e-01
    1.67728812e-01 3.49601448e-01 9.38260555e-01 8.07801962e-01
    4.93445098e-01 7.55172372e-01 9.89840269e-01 1.04212373e-01
    6.75767362e-01 8.98692608e-02 1.20516360e-01 2.79394746e-01
    2.66212165e-01 2.50928760e-01 1.97472692e-01 1.22091770e-01
    7.28626549e-02 6.73032463e-01 3.79831880e-01 1.52984589e-01
    1.41930580e-03 5.27959466e-01 4.71211314e-01 4.81642604e-01
    2.46248573e-01 3.99195731e-01 7.18922317e-01 7.80434728e-01
    9.05196726e-01 1.35207981e-01 8.87264848e-01 2.33692527e-01
    2.04326034e-01 3.30042839e-01 8.57883692e-01 3.70543003e-02
    1.72745526e-01 9.19891059e-01 4.15197223e-01 6.16032183e-01
    4.15330768e-01 1.70482278e-01 8.71550560e-01 1.10564411e-01
    7.29452014e-01 8.30245614e-02 3.04204106e-01 2.77562886e-01
    7.66622424e-01 4.86523002e-01 7.86729813e-01 5.37566423e-01
    7.36927390e-01 4.27699208e-01 3.88547838e-01 9.75967586e-01
    8.42663407e-01 5.33577144e-01 9.30570841e-01 1.23054326e-01
    8.40883851e-01 2.67177820e-01 8.80077720e-01 6.33297563e-02
    7.65027523e-01 5.58257937e-01 2.75326461e-01 9.00260389e-01
    5.55870175e-01 6.85965955e-01 5.47618985e-01 8.45120430e-01
    8.86108398e-01 9.51118946e-01 3.74314755e-01 3.39226604e-01
    4.09852892e-01 8.97456825e-01 2.78568745e-01 1.01602077e-02
    7.25646436e-01 3.34418654e-01 5.17592072e-01 6.51280522e-01
    8.97045612e-01 3.74868542e-01 7.24633634e-01 2.94317007e-01
    7.68412650e-02 8.65209937e-01 3.93523902e-01 5.75691342e-01
    8.31291199e-01 5.98165512e-01 9.73262131e-01 4.67830896e-01
    4.85668153e-01 2.25430638e-01 9.88166928e-02 7.49920905e-02
    7.37565219e-01 6.57102287e-01 2.51191974e-01 6.64274096e-01
    3.51891160e-01 6.20789647e-01 1.35634840e-02 7.50679672e-02
    1.57507896e-01 7.71195650e-01 6.78767920e-01 3.58358294e-01
    5.93980014e-01 1.11207783e-01 9.87160683e-01 7.89499938e-01
    4.30891722e-01 4.13795829e-01 2.43900627e-01 8.61608863e-01
    8.55537415e-01 7.66062379e-01 2.72845000e-01 8.36978853e-02
    9.91490245e-01 5.68907440e-01 2.80872703e-01 4.63176191e-01
    1.45381689e-01 9.49240565e-01 6.10817373e-02 5.91158211e-01
    5.26928723e-01 4.84960049e-01 4.32245016e-01 7.44969130e-01
    7.53625512e-01 1.79689497e-01 1.71364963e-01 1.21493310e-01
    4.55075294e-01 5.13349295e-01 4.48753923e-01 3.00066262e-01
    2.21230477e-01 2.43180454e-01 8.67407918e-01 8.05588603e-01
    3.75396311e-01 5.99209428e-01 7.76379824e-01 5.30095816e-01
    8.52957487e-01 2.33699888e-01 6.27136290e-01 1.42950982e-01
    6.53912902e-01 3.35516214e-01 9.36726093e-01 2.39246994e-01
    9.13130224e-01 9.61886048e-01 1.39691830e-01 5.48638523e-01
    3.85020018e-01 6.74153090e-01 5.08493125e-01 8.45952749e-01
    1.03090405e-01 8.36340666e-01 9.69644666e-01 5.79004884e-01
    5.19792974e-01 8.24302435e-01 1.24204963e-01 6.58853412e-01
    1.03940338e-01 1.03373587e-01 3.95808637e-01 5.11674047e-01
    2.95615733e-01 5.12314975e-01 1.79182827e-01 2.91810393e-01
    9.53029275e-01 2.33683586e-01 6.71776414e-01 4.54838455e-01
    7.60632753e-03 9.77904737e-01 2.90023685e-02 2.48079360e-01
    9.67772961e-01 3.23734045e-01 5.49743295e-01 7.62898624e-02
    3.67945313e-01 2.66113341e-01 5.04268110e-01 8.26171756e-01
    6.48848653e-01 4.95044649e-01 8.56422484e-02 5.41209698e-01
    4.23431456e-01 7.39738345e-01 6.17256165e-02 2.30159998e-01
    7.24727154e-01 7.65310228e-01 2.56202340e-01 4.83167768e-02
    8.10997009e-01 4.93929684e-01 2.12608188e-01 9.37068164e-01
    4.25118387e-01 6.87947512e-01 3.48083436e-01 7.80572891e-02
    1.76213831e-01 1.35500133e-01 8.66408646e-02 9.28214192e-01
    5.18435538e-01 5.68159461e-01 6.86652899e-01 2.35718250e-01
    5.63001394e-01 2.38272250e-02 6.99974179e-01 5.10889947e-01
    8.62715721e-01 5.98247707e-01 4.47644293e-01 7.53024936e-01
    8.68308425e-01 7.01576471e-04 7.46986866e-01 6.77749276e-01
    3.75005871e-01 4.79012817e-01 5.46632886e-01 1.78361475e-01
    6.01868331e-01 6.96426392e-01 5.23642302e-01 3.64409566e-01
    3.79649580e-01 5.85537076e-01 3.19034636e-01 1.39604211e-01
    2.48114228e-01 2.28762090e-01 1.91596955e-01 6.06725693e-01
    7.48482406e-01 1.51470006e-02 3.80595475e-01 4.92062688e-01
    3.65182757e-03 3.86637330e-01 4.74453926e-01 3.98555398e-01
    5.24385691e-01 9.01868939e-01 7.34919310e-01 6.93775296e-01
    1.33888811e-01 4.46204543e-01 4.95618820e-01 1.27671540e-01
    8.30304503e-01 2.20922589e-01 3.91851008e-01 9.11528945e-01
    5.98800480e-01 2.07394600e-01 3.99105459e-01 8.34937692e-01
    7.98559070e-01 5.08892238e-02 5.01283705e-01 3.54737639e-02
    3.89552355e-01 6.02577925e-01 3.34848285e-01 5.27855039e-01
    3.54703754e-01 1.04244560e-01 5.84849536e-01 7.75267482e-01
    1.92809999e-01 6.62158728e-01 7.02176154e-01 1.57225758e-01
    5.55188954e-01 7.84110665e-01 7.60862231e-03 6.18017316e-01
    4.69193399e-01 7.50761986e-01 4.43529963e-01 3.82072896e-01
    8.66474569e-01 9.98941183e-01 2.21732318e-01 8.42215896e-01
    9.61118221e-01 5.42878568e-01 9.00606275e-01 7.59122729e-01
    6.21793926e-01 9.12197173e-01 2.03576922e-01 6.05064034e-02
    3.16716999e-01 5.81278801e-01 6.82986200e-01 4.87822145e-01
    8.37915242e-01 2.09566951e-02 5.55658281e-01 9.60361004e-01
    3.90016288e-01 2.78469265e-01 9.94188428e-01 9.70652699e-01
    7.46074796e-01 9.52839136e-01 9.66431320e-01 9.40181255e-01
    7.73472428e-01 2.44932532e-01 6.29107833e-01 8.49530697e-01
    2.39649683e-01 4.67365652e-01 4.27486718e-01 1.73850268e-01
    5.32745481e-01 5.99328816e-01 9.44280326e-01 9.71418858e-01
    4.39524651e-01 8.55166793e-01 2.36276418e-01 1.53982460e-01
    7.16793060e-01 2.58256912e-01 7.02190161e-01 2.84497350e-01
    2.16166735e-01 5.51834941e-01 7.74706483e-01 7.33136475e-01
    1.87111259e-01 4.49609816e-01 4.98169869e-01 6.83423281e-01
    9.71312165e-01 4.29922998e-01 1.17844582e-01 5.03895044e-01
    2.25737691e-01 3.51314723e-01 8.81786346e-01 8.50698054e-02
    1.29456490e-01 8.19499791e-01 7.35281467e-01 5.78485906e-01
    6.35677576e-01 4.49308276e-01 1.77161723e-01 2.57818818e-01
    4.21402156e-02 1.27542317e-02 1.44709557e-01 5.46471715e-01
    9.93235648e-01 1.45359665e-01 7.60565996e-01 1.22856021e-01
    9.85153139e-01 2.18597919e-01 1.50959998e-01 5.41737974e-02
    5.13692319e-01 8.74491334e-01 6.87021136e-01 9.32758808e-01
    6.24155521e-01 8.60230684e-01 1.93765670e-01 5.37745059e-01
    2.94569016e-01 9.22826529e-01 4.39305156e-01 5.19569099e-01
    8.93888474e-01 5.66882491e-01 1.51297122e-01 1.77375048e-01
    3.57650101e-01 1.57078981e-01 9.81870890e-02 7.22602010e-02
    2.56536990e-01 2.53512323e-01 5.94398260e-01 7.54408836e-01
    2.91964710e-02 3.58927369e-01 4.55682904e-01 5.56073070e-01
    4.37270552e-01 3.50766540e-01 5.88155329e-01 1.06920034e-01
    8.72983158e-01 3.87706190e-01 3.13154131e-01 2.80767024e-01
    9.18895006e-04 6.54077828e-02 9.85402048e-01 8.57064486e-01
    7.37987220e-01 7.34536052e-01 3.75694036e-01 4.37577844e-01
    9.75970328e-02 2.69082844e-01 3.13861668e-01 9.66142654e-01
    5.60039878e-01 4.76746827e-01 6.49196088e-01 7.76656270e-01
    6.05824292e-02 4.77925420e-01 7.25416660e-01 1.78690016e-01
    8.46356630e-01 5.84808171e-01 1.11969560e-01 5.22483766e-01
    7.95092940e-01 8.71155322e-01 8.80015790e-01 2.99280226e-01
    5.29970169e-01 5.58832586e-01 6.01210237e-01 5.29486060e-01
    3.18223774e-01 9.72790122e-01 8.04980159e-01 7.88422823e-02
    9.51661587e-01 9.08238053e-01 9.50971782e-01 1.21858716e-03
    7.32316673e-01 1.80502236e-01 7.91508794e-01 6.76832318e-01
    7.63407350e-02 7.92409301e-01 9.41419005e-01 3.63437235e-01
    9.98638034e-01 8.19597244e-02 9.51771855e-01 1.30526841e-01
    1.76213831e-01 1.35500133e-01 8.66408646e-02 9.28214192e-01
    5.18435538e-01 5.68159461e-01 6.86652899e-01 2.35718250e-01
    5.63001394e-01 2.38272250e-02 6.99974179e-01 5.10889947e-01
    8.62715721e-01 5.98247707e-01 4.47644293e-01 7.53024936e-01
    8.81645799e-01 1.83430076e-01 5.70141554e-01 9.48131144e-01
    4.97579902e-01 9.79216576e-01 4.05899823e-01 7.71319628e-01
    9.60087419e-01 4.51171279e-01 4.80488122e-01 9.71881628e-01
    6.95559084e-01 1.62949026e-01 6.38856709e-01 4.00584936e-03
    9.67370808e-01 1.62566513e-01 5.94738901e-01 4.58057106e-01
    5.46486080e-02 6.25658572e-01 1.58935189e-02 5.70918739e-01
    5.80034852e-01 2.88708061e-01 3.88132811e-01 2.50327289e-01
    3.68155837e-02 7.74951994e-01 9.98105586e-01 4.78055477e-02
    6.66827023e-01 6.23794079e-01 5.79411328e-01 5.69058061e-01
    4.27608162e-01 7.97864497e-01 6.16716385e-01 6.76415920e-01
    2.32067585e-01 5.79959452e-01 7.11556733e-01 1.76705539e-01
    3.76000941e-01 9.36409831e-01 5.10827601e-01 7.04856157e-01
    7.68407404e-01 9.24794853e-01 1.61244392e-01 6.36364520e-02
    1.50934368e-01 8.57060850e-01 5.82624316e-01 5.76900542e-01
    5.41342795e-01 1.50177181e-02 1.86458290e-01 7.85923660e-01
    2.05053061e-01 9.98846352e-01 7.90249825e-01 1.35008097e-01
    3.69975716e-01 4.97694135e-01 8.00069511e-01 6.75728917e-03
    7.57982612e-01 9.91847336e-01 2.58060396e-01 4.64595467e-01
    1.20325983e-01 3.67216498e-01 8.39555502e-01 6.85169399e-01
    2.85523266e-01 8.85490656e-01 9.00159180e-01 7.16327846e-01
    3.00644338e-02 2.47676909e-01 9.87989545e-01 2.98860431e-01
    9.07650590e-01 6.19897068e-01 8.18870783e-01 5.53010702e-02
    4.75492001e-01 6.35885298e-01 9.77523923e-01 3.87298524e-01
    7.99899697e-01 1.68324769e-01 2.33271509e-01 1.24852061e-01
    7.84408808e-01 4.77076948e-01 3.77621740e-01 3.16575885e-01
    2.00176746e-01 1.88734651e-01 7.92496443e-01 1.65326208e-01
    8.68204355e-01 1.36133641e-01 3.33825052e-02 9.93579805e-01
    9.56825018e-01 8.34426761e-01 3.85762513e-01 7.58691072e-01
    8.73188615e-01 2.75299549e-02 3.49743456e-01 9.33786631e-01
    1.48542047e-01 5.53389847e-01 7.94178247e-01 6.99737191e-01
    5.95531225e-01 8.74964952e-01 1.78884238e-01 5.68560481e-01
    8.53927135e-01 5.53522944e-01 7.44820952e-01 2.00814605e-01
    4.69019979e-01 1.82474494e-01 9.92488384e-01 8.44141006e-01
    4.89001662e-01 2.41873682e-01 6.33788586e-01 5.05483985e-01
    8.04540157e-01 2.02842742e-01 9.00242090e-01 8.37589502e-01
    1.71570271e-01 5.94031811e-02 9.08447623e-01 4.54818428e-01
    1.93255812e-01 4.64172155e-01 8.40227127e-01 3.68656427e-01
    4.20690954e-01 9.80632305e-01 1.71973407e-02 5.64724207e-04
    6.31291330e-01 7.93513417e-01 8.30067098e-02 1.46736979e-01
    4.69312668e-02 8.18846941e-01 4.22074407e-01 9.66396511e-01
    8.55139971e-01 5.69224238e-01 1.98661596e-01 9.81713653e-01
    7.01777339e-01 4.36108023e-01 8.09786379e-01 6.50635362e-02
    2.11817384e-01 3.61735106e-01 1.60895675e-01 4.48527783e-01
    6.21825457e-04 6.81080043e-01 4.56697762e-01 6.22242451e-01
    8.46300840e-01 7.10254371e-01 5.97577929e-01 2.97241449e-01
    2.00762838e-01 2.31675833e-01 8.87152195e-01 8.13078880e-02
    8.22436810e-01 3.95019323e-01 8.78242016e-01 3.30424249e-01
    7.82820463e-01 1.68178260e-01 2.40977019e-01 5.99838972e-01
    1.53179556e-01 4.02485579e-01 1.21542215e-01 5.65190911e-01
    6.45277202e-01 7.55733609e-01 5.88107169e-01 5.54606438e-01
    6.33158088e-01 6.13131523e-01 5.93895078e-01 1.57795429e-01
    6.62105918e-01 7.43795991e-01 6.74143612e-01 1.24489039e-01
    2.04834282e-01 3.10766160e-01 4.83363360e-01 1.94048285e-02
    4.79431480e-01 1.65767580e-01 8.37799788e-01 6.73208416e-01
    1.73263669e-01 9.36468720e-01 6.20168269e-01 9.04322028e-01
    2.54449546e-01 4.42591131e-01 6.64324224e-01 8.04889202e-01
    2.87267864e-02 4.61774588e-01 8.05206299e-01 2.11862057e-01
    8.43086720e-01 5.19332469e-01 7.80254900e-01 8.07931423e-01
    4.42374349e-01 6.90730333e-01 6.42915368e-02 7.24504292e-01
    8.20413828e-02 8.42841983e-01 3.03492934e-01 1.41011864e-01
    8.25341582e-01 4.11693931e-01 7.21485138e-01 7.26834714e-01
    2.16910332e-01 4.00491595e-01 7.49578536e-01 3.93620670e-01
    1.48064047e-01 6.02482200e-01 5.66892743e-01 7.61600971e-01
    5.53919196e-01 6.98652864e-03 8.07986259e-01 6.11558378e-01
    8.81645799e-01 1.83430076e-01 5.70141554e-01 9.48131144e-01
    4.97579902e-01 9.79216576e-01 4.05899823e-01 7.71319628e-01
    9.60087419e-01 4.51171279e-01 4.80488122e-01 9.71881628e-01
    6.95559084e-01 1.62949026e-01 6.38856709e-01 4.00584936e-03
    6.08770251e-01 5.04634678e-01 3.80564511e-01 5.47926903e-01
    2.84549773e-01 4.71081436e-01 9.84924436e-01 4.36125159e-01
    6.07528031e-01 2.32254088e-01 4.80408549e-01 1.76681221e-01
    8.26866269e-01 2.43218839e-01 2.75695086e-01 6.93691730e-01
    3.33761245e-01 9.21307087e-01 1.04214847e-01 5.21522164e-01
    2.95781672e-01 7.61238813e-01 6.85819268e-01 2.10585624e-01
    1.43829972e-01 3.46634001e-01 2.09726989e-02 3.18257630e-01
    6.04489207e-01 3.01671773e-01 2.84913033e-01 7.97209144e-02
    2.11120814e-01 6.19380355e-01 5.67805171e-01 6.56560659e-01
    4.91250187e-01 8.91414106e-01 7.42072284e-01 6.81704223e-01
    3.29994261e-02 2.88646132e-01 9.89779592e-01 6.55866504e-01
    5.98509371e-01 5.69310308e-01 4.94044930e-01 3.58381152e-01
    2.18605876e-01 9.01927114e-01 9.19817328e-01 5.02727330e-02
    5.19573748e-01 7.99541593e-01 5.39218426e-01 4.60109591e-01
    7.34064639e-01 4.36496079e-01 8.11326981e-01 1.79538429e-01
    7.62045026e-01 9.20798719e-01 7.27723181e-01 8.15469623e-01
    4.47749525e-01 8.99592638e-01 9.27770495e-01 1.09792739e-01
    4.07869548e-01 2.25377589e-01 1.90155208e-02 4.82614249e-01
    7.14139819e-01 2.59228349e-02 8.40418935e-02 1.47517323e-02
    1.64881051e-02 5.27002215e-02 6.34402394e-01 2.81783283e-01
    6.13050580e-01 9.20111120e-01 6.02692962e-02 6.44652963e-01
    1.91475868e-01 8.79402280e-01 5.30130446e-01 8.11345458e-01
    8.48851323e-01 2.76865572e-01 7.46641755e-01 8.28271508e-01
    1.77852005e-01 6.83509409e-01 5.61942458e-02 8.23775351e-01
    9.24904048e-01 4.63840157e-01 7.23168194e-01 6.14817858e-01
    7.12909579e-01 1.09126270e-02 8.78973007e-01 9.80266392e-01
    9.30857182e-01 6.56797707e-01 1.76585615e-01 5.64999521e-01
    7.01008618e-01 8.25517654e-01 8.04429412e-01 7.34367251e-01
    7.96897411e-01 7.34253764e-01 9.91019130e-01 5.24454296e-01
    5.25598168e-01 2.84694731e-01 4.79978025e-02 9.88232076e-01
    5.78884900e-01 4.70410645e-01 2.95563340e-02 6.33783460e-01
    6.74703717e-02 6.95074975e-01 5.09600163e-01 4.52248693e-01
    2.07924485e-01 4.03907478e-01 1.57161981e-01 2.38074660e-02
    6.49337530e-01 8.75070810e-01 1.21548921e-01 5.47248483e-01
    3.38075459e-01 3.64122689e-02 1.77480876e-02 4.68297511e-01
    2.69681573e-01 5.01827896e-01 8.20415974e-01 3.31132293e-01
    1.15651339e-01 7.76687741e-01 5.46487391e-01 9.99394774e-01
    5.49289048e-01 4.91780281e-01 7.40358591e-01 6.15769804e-01
    4.38470066e-01 1.68627501e-03 6.90375865e-02 4.22731698e-01
    9.46655869e-01 4.93111521e-01 5.33357441e-01 3.75944436e-01
    9.76712465e-01 1.20088875e-01 5.89109659e-01 3.77857387e-01
    4.83531475e-01 3.03123295e-02 1.45430923e-01 6.58178627e-01
    1.09832734e-01 3.81558001e-01 5.46816826e-01 1.04188323e-02
    4.04285014e-01 6.88501537e-01 9.08225536e-01 8.77395868e-02
    2.38129407e-01 8.61467004e-01 4.28322494e-01 5.63033223e-01
    2.20368743e-01 6.59873009e-01 1.82652920e-01 8.97835612e-01
    7.37219453e-01 1.60520285e-01 9.73941088e-01 9.67185855e-01
    2.72783220e-01 6.96748972e-01 9.99001682e-01 7.98142791e-01
    9.33562100e-01 7.67945826e-01 9.34643626e-01 2.30617732e-01
    8.72519493e-01 7.23072588e-01 1.23297215e-01 6.91139698e-01
    9.43058848e-01 7.74085879e-01 2.60917068e-01 9.61783826e-02
    7.90738702e-01 7.85836339e-01 1.35932386e-01 9.75906134e-01
    2.26797193e-01 4.45554435e-01 4.74490851e-01 6.95550919e-01
    3.62392664e-01 3.90999526e-01 6.74655557e-01 6.44463062e-01
    8.22311461e-01 4.97750551e-01 1.74184293e-01 1.17878467e-01
    8.69245768e-01 9.45270598e-01 3.37081790e-01 9.33768809e-01
    4.69779432e-01 7.21626401e-01 9.40709591e-01 9.18501019e-02
    3.05153251e-01 9.96188402e-01 9.21583772e-01 5.21843255e-01
    4.53162044e-01 9.03322101e-02 6.88363016e-01 7.77498007e-01
    1.39956743e-01 3.05016100e-01 3.05146754e-01 1.83675021e-01
    7.86639094e-01 7.19570398e-01 3.66277993e-01 4.51827019e-01
    8.70798349e-01 6.42338157e-01 5.36752045e-01 7.23005235e-01
    9.69378054e-02 3.99670094e-01 5.91162562e-01 6.59216702e-01
    2.23833412e-01 9.24954176e-01 5.99028230e-01 7.73230791e-01
    6.08770251e-01 5.04634678e-01 3.80564511e-01 5.47926903e-01
    2.84549773e-01 4.71081436e-01 9.84924436e-01 4.36125159e-01
    6.07528031e-01 2.32254088e-01 4.80408549e-01 1.76681221e-01
    8.26866269e-01 2.43218839e-01 2.75695086e-01 6.93691730e-01
    9.24874306e-01 3.50144207e-02 9.36807275e-01 1.53522879e-01
    1.16219282e-01 7.54959464e-01 8.76938641e-01 6.35447860e-01
    4.21532929e-01 5.62395930e-01 9.41949964e-01 5.34886181e-01
    8.99506092e-01 6.69550896e-01 3.84322256e-01 2.33482450e-01
    8.80161107e-01 1.91747040e-01 2.21842974e-01 9.20450091e-01
    1.72408968e-01 5.21676242e-01 9.68509793e-01 2.98604965e-01
    2.26577520e-01 9.05546784e-01 2.63552368e-02 8.22039604e-01
    8.18379402e-01 6.31919861e-01 6.38824940e-01 8.15767407e-01
    5.68331182e-02 4.52951789e-01 8.78439367e-01 1.17800415e-01
    5.54397523e-01 7.16031253e-01 1.57552063e-01 8.98979306e-01
    7.89255738e-01 4.51588988e-01 5.60715377e-01 7.18124211e-01
    6.25025988e-01 7.37590790e-01 4.41957265e-01 9.77154076e-01
    6.58346355e-01 5.53609133e-01 9.23718989e-01 9.56524491e-01
    4.66244608e-01 1.99399561e-01 6.90918207e-01 3.96652281e-01
    1.07411951e-01 8.70240688e-01 4.68016773e-01 7.85451412e-01
    1.89130783e-01 3.65275919e-01 2.04095066e-01 1.10864460e-01
    1.08011067e-02 5.65505624e-02 5.07343709e-01 7.67331839e-01
    8.23448241e-01 2.11358368e-01 8.38403106e-01 7.65577912e-01
    8.74478579e-01 4.29008663e-01 4.68909740e-03 4.83563781e-01
    9.89463985e-01 7.60744512e-02 1.02084100e-01 2.88604498e-01
    1.04035497e-01 1.08234376e-01 4.01198298e-01 8.85278940e-01
    2.45610654e-01 1.62519783e-01 8.04828465e-01 1.08855367e-01
    4.81899768e-01 3.07623446e-01 6.55727267e-01 3.79728079e-01
    3.85728925e-01 2.46605337e-01 4.42192852e-02 6.80422306e-01
    2.96633184e-01 7.46299505e-01 3.45994085e-01 8.94321918e-01
    2.85373509e-01 3.76511753e-01 8.96551490e-01 9.22835588e-01
    8.70324492e-01 8.81864667e-01 2.13165373e-01 4.56102490e-02
    4.27713752e-01 1.66731566e-01 1.50684178e-01 1.21048808e-01
    4.14489806e-02 6.17980778e-01 2.06692904e-01 6.29460216e-02
    3.65041077e-01 3.07520956e-01 1.18778795e-01 9.48423862e-01
    7.15431571e-01 1.47158384e-01 1.60036087e-02 9.79707360e-01
    5.32494664e-01 7.32965410e-01 9.33640718e-01 3.58929485e-01
    1.55000657e-01 9.40574825e-01 3.42825711e-01 6.93957090e-01
    7.03214228e-01 7.78979838e-01 5.85537791e-01 1.27766550e-01
    8.12463880e-01 9.13269222e-01 2.97254622e-01 7.81811476e-02
    6.32686019e-01 6.69566751e-01 2.94002533e-01 5.68792105e-01
    3.06532681e-01 9.33836579e-01 9.38722670e-01 4.45984691e-01
    4.11124945e-01 7.14605749e-01 5.42513192e-01 8.14836979e-01
    8.84873748e-01 2.20190674e-01 7.04369366e-01 6.28588200e-01
    9.17221844e-01 1.26448423e-01 3.83231044e-01 2.23331094e-01
    4.20715630e-01 2.86930382e-01 9.63284016e-01 6.42677128e-01
    6.32077038e-01 5.85103750e-01 8.97001624e-01 7.63266683e-01
    8.32753062e-01 3.27481151e-01 8.00698698e-02 4.32382971e-01
    8.25707197e-01 7.78988242e-01 6.76519275e-01 1.63067162e-01
    3.74772072e-01 4.15658355e-01 5.32495558e-01 4.14211601e-01
    5.59593439e-02 6.00047052e-01 5.45066178e-01 5.12666643e-01
    4.74079818e-01 8.81104350e-01 8.30206633e-01 7.15959966e-01
    5.62014461e-01 1.31718338e-01 9.96906102e-01 8.63306224e-01
    8.92744064e-02 4.16125476e-01 2.17616737e-01 4.07751232e-01
    4.53902781e-02 1.06405020e-02 5.48264802e-01 5.06865084e-01
    6.31187558e-02 9.72384989e-01 7.31735528e-02 4.60657477e-01
    5.39527059e-01 7.76428580e-01 3.09900641e-01 6.28503561e-01
    9.38318133e-01 7.13554740e-01 9.45860386e-01 9.64700580e-01
    5.92740595e-01 4.24813211e-01 5.56722581e-01 4.25088406e-02
    7.10971355e-02 5.35426140e-01 4.07234579e-01 5.98253489e-01
    9.63072479e-01 4.08530623e-01 4.81091857e-01 3.45861435e-01
    6.84477329e-01 1.69681102e-01 7.38414407e-01 5.58573544e-01
    7.12159216e-01 5.83571732e-01 7.53262758e-01 1.01359040e-01
    3.79301697e-01 5.77743769e-01 9.96315002e-01 8.90895009e-01
    9.01425481e-01 4.50464696e-01 7.38292813e-01 9.30706263e-01
    7.61593938e-01 4.70671624e-01 1.06303692e-02 7.84671307e-02
    2.09951758e-01 6.67467415e-02 8.25689435e-02 8.77022028e-01
    4.72947389e-01 6.85513735e-01 9.78509605e-01 1.68482661e-02
    8.39456379e-01 3.67708683e-01 7.50189722e-02 4.56174582e-01
    9.24874306e-01 3.50144207e-02 9.36807275e-01 1.53522879e-01
    1.16219282e-01 7.54959464e-01 8.76938641e-01 6.35447860e-01
    4.21532929e-01 5.62395930e-01 9.41949964e-01 5.34886181e-01
    8.99506092e-01 6.69550896e-01 3.84322256e-01 2.33482450e-01
    4.71132189e-01 1.48195416e-01 9.45417762e-01 1.27945781e-01
    4.65313196e-01 9.83593583e-01 6.60577774e-01 5.72266579e-01
    8.28570008e-01 5.58217168e-01 9.73144293e-01 2.51859665e-01
    6.10625863e-01 9.53669667e-01 1.73326552e-01 4.01393294e-01
    8.97866189e-01 7.32428014e-01 4.25327510e-01 1.81913227e-01
    8.01914334e-01 8.93212914e-01 3.05629909e-01 9.60378647e-01
    8.65259886e-01 4.35764253e-01 9.98859882e-01 2.53255844e-01
    5.31045794e-02 7.03325272e-02 4.19273317e-01 3.21716487e-01
    8.69640410e-01 5.03130555e-01 1.93857253e-02 2.63007402e-01
    6.26230240e-01 6.90338194e-01 9.54220891e-02 1.98329657e-01
    9.11695242e-01 6.53621972e-01 8.27307999e-01 1.61030471e-01
    4.04390931e-01 7.08781540e-01 5.50847590e-01 8.55832338e-01
    9.17580128e-01 9.46531892e-01 1.04723275e-01 3.43799353e-01
    6.60618067e-01 6.96197808e-01 8.60146761e-01 3.15137506e-02
    1.46826506e-01 5.67213953e-01 2.66558886e-01 9.08685744e-01
    1.58983469e-02 3.87237668e-01 1.21954292e-01 9.13096428e-01
    7.26003349e-01 5.34102440e-01 4.72814322e-01 7.56588459e-01
    8.14889669e-01 1.53613985e-01 7.94252753e-03 5.74826777e-01
    4.63495225e-01 7.04618096e-02 6.30145490e-01 5.41704595e-02
    3.85033727e-01 9.92387176e-01 9.68723655e-01 9.50368285e-01
    1.51774108e-01 4.93849903e-01 3.95695686e-01 8.00045967e-01
    4.94223177e-01 5.58252573e-01 8.50074887e-01 4.67163533e-01
    9.36744332e-01 1.03076667e-01 5.18327355e-01 6.42215729e-01
    9.88790393e-02 7.15544939e-01 9.01920974e-01 1.66934371e-01
    4.20874834e-01 8.86598408e-01 4.36597347e-01 2.48406231e-01
    6.53954029e-01 6.22322321e-01 8.88803959e-01 7.85451055e-01
    9.60799336e-01 2.89795429e-01 2.69674182e-01 2.62322009e-01
    4.50792879e-01 6.42798662e-01 1.80657029e-01 8.26314926e-01
    7.81341732e-01 9.34570670e-01 7.16880500e-01 3.74826729e-01
    2.47381389e-01 5.45475245e-01 8.79243255e-01 2.31741577e-01
    1.97786421e-01 3.13662916e-01 6.22306943e-01 1.61261171e-01
    2.57791519e-01 7.58850873e-02 9.92517889e-01 3.33516955e-01
    4.61360037e-01 3.09719205e-01 9.73160565e-02 6.93691075e-01
    3.73224705e-01 7.08276451e-01 6.77531958e-01 7.15832472e-01
    1.51669741e-01 3.15776587e-01 5.07093668e-02 8.85135770e-01
    9.79581356e-01 4.86170202e-01 6.91990137e-01 9.29853022e-02
    6.73602700e-01 2.00699270e-02 5.94207525e-01 4.36409861e-01
    9.71366882e-01 8.85425091e-01 2.31389254e-01 5.79875469e-01
    1.97559476e-01 8.03161621e-01 5.97410083e-01 3.10775936e-01
    3.22522640e-01 2.57534623e-01 6.02620542e-01 4.23404664e-01
    7.43787348e-01 5.99180758e-01 9.49452639e-01 8.44337344e-01
    6.63683534e-01 5.07659197e-01 1.73421502e-02 4.29287106e-01
    4.97382879e-01 6.23524785e-01 3.74471277e-01 5.96255481e-01
    5.54111302e-02 3.08770627e-01 3.77458811e-01 8.42002332e-01
    7.92788982e-01 8.35344613e-01 9.73768950e-01 6.58227861e-01
    3.73555005e-01 1.69815660e-01 4.03895676e-02 1.58561319e-01
    7.54989743e-01 7.61886835e-01 9.13955808e-01 1.64212942e-01
    5.88495851e-01 9.75077152e-02 9.85044658e-01 1.59302503e-01
    9.40952420e-01 3.17466408e-01 2.39191294e-01 7.75036454e-01
    8.64886165e-01 2.87036479e-01 3.43490899e-01 9.99189258e-01
    1.79211378e-01 5.78699112e-01 8.22387636e-02 8.88227820e-01
    8.52889895e-01 8.26569915e-01 6.28032804e-01 3.69458109e-01
    1.68606639e-01 7.41962790e-02 1.20183349e-01 3.19877386e-01
    3.93262506e-01 8.73133719e-01 8.12694073e-01 6.69789553e-01
    8.36897433e-01 4.90691215e-01 5.73343039e-01 3.61767828e-01
    5.22556305e-02 1.75299674e-01 6.92311406e-01 8.06923389e-01
    1.00829512e-01 9.51748013e-01 8.11356902e-01 5.23973942e-01
    9.02954221e-01 1.53355360e-01 1.88966155e-01 3.82880241e-01
    7.62664914e-01 3.61712694e-01 5.65311909e-01 3.97128284e-01
    7.22262740e-01 1.18512690e-01 6.75972342e-01 7.07892478e-02
    8.11139584e-01 8.15812767e-01 5.63799679e-01 1.24425560e-01
    1.54944897e-01 3.82890046e-01 2.79661894e-01 3.46664369e-01
    4.30556178e-01 3.03122997e-02 8.48458409e-01 9.06524897e-01
    3.41706038e-01 2.18616515e-01 1.14861906e-01 8.39645803e-01
    4.71132189e-01 1.48195416e-01 9.45417762e-01 1.27945781e-01
    4.65313196e-01 9.83593583e-01 6.60577774e-01 5.72266579e-01
    8.28570008e-01 5.58217168e-01 9.73144293e-01 2.51859665e-01
    6.10625863e-01 9.53669667e-01 1.73326552e-01 4.01393294e-01
    8.42773378e-01 6.07173145e-01 3.32784951e-01 7.98856735e-01
    4.94149119e-01 3.63506496e-01 5.21474540e-01 9.53115582e-01
    9.63853240e-01 7.60114670e-01 8.39112163e-01 7.42489040e-01
    4.30667639e-01 5.26285410e-01 5.04302800e-01 4.27485555e-01
    3.20806444e-01 7.18861341e-01 5.23666620e-01 1.62721992e-01
    1.93439513e-01 7.83951581e-01 9.23629582e-01 3.18200409e-01
    5.67064106e-01 7.63250291e-02 9.25245702e-01 4.64264810e-01
    4.82253015e-01 4.76110548e-01 9.64788437e-01 2.87297308e-01
    1.40060931e-01 1.56612694e-01 8.43254089e-01 1.65128112e-01
    6.08643532e-01 2.34911621e-01 4.38773960e-01 1.05511457e-01
    8.73991013e-01 9.26065803e-01 1.83247358e-01 7.31606543e-01
    8.45693707e-01 9.52380061e-01 3.77652377e-01 9.25974786e-01
    4.61748898e-01 8.66694331e-01 3.03217411e-01 3.35637242e-01
    1.76837713e-01 8.33215475e-01 8.90785754e-01 7.93181479e-01
    1.76984847e-01 5.21381378e-01 5.87322652e-01 7.69056082e-02
    3.79673630e-01 7.90048659e-01 6.54509604e-01 8.31189573e-01
    6.60879254e-01 2.67977715e-01 4.13423955e-01 6.12314761e-01
    1.20860070e-01 6.29003644e-01 5.26065290e-01 8.08971405e-01
    4.59419191e-02 3.48401666e-01 3.57174367e-01 4.90519404e-01
    7.81844378e-01 5.37821114e-01 4.18438673e-01 2.57875651e-01
    2.44979024e-01 7.75138021e-01 2.74553448e-01 2.54877239e-01
    3.38295996e-01 4.37027752e-01 2.16591090e-01 4.31786716e-01
    4.98060524e-01 1.32001549e-01 2.79807299e-01 5.28696954e-01
    8.48701596e-02 1.90627426e-01 4.69901830e-01 7.90898144e-01
    9.42429602e-01 7.51110256e-01 3.54756773e-01 6.27925456e-01
    7.64744818e-01 2.91442513e-01 4.52418089e-01 4.17141914e-01
    7.36992538e-01 9.12198901e-01 7.68376172e-01 3.78852934e-01
    4.59677726e-01 8.89216065e-01 2.36024976e-01 9.36660290e-01
    4.22824621e-01 9.85175729e-01 8.69911432e-01 6.81807995e-02
    5.17722964e-03 3.48775089e-01 5.61421514e-01 2.98621535e-01
    2.71653473e-01 4.29094464e-01 8.79086494e-01 7.62403190e-01
    2.46760279e-01 8.45281124e-01 3.19713861e-01 8.23128223e-01
    7.52296984e-01 9.33481157e-01 7.19542325e-01 3.08689803e-01
    8.45185041e-01 3.05864811e-02 2.92605430e-01 2.73790956e-01
    2.08243430e-01 1.96646303e-01 7.99587846e-01 2.90705562e-02
    2.44395286e-01 8.89353454e-02 5.56701362e-01 8.29061568e-02
    9.05358195e-01 7.35463381e-01 8.64905000e-01 9.79694963e-01
    9.76322770e-01 3.81766140e-01 8.73530686e-01 4.86559123e-01
    8.17878962e-01 5.92992485e-01 1.15266621e-01 6.51716590e-01
    6.22110426e-01 1.05221391e-01 7.18146384e-01 1.71909750e-01
    6.00953162e-01 2.94626832e-01 4.62430000e-01 1.51221216e-01
    5.46570122e-02 6.95992351e-01 1.71226025e-01 7.29533553e-01
    8.66110742e-01 2.57994264e-01 1.70714647e-01 6.27139211e-03
    7.32567787e-01 3.14841688e-01 8.39941382e-01 9.31091666e-01
    8.73875499e-01 7.43750393e-01 4.91983891e-01 1.43843114e-01
    9.66102779e-02 1.26290709e-01 5.14242172e-01 3.41163874e-01
    4.12797034e-01 5.86897910e-01 3.88542324e-01 7.70640612e-01
    2.95541614e-01 6.84299231e-01 1.25832230e-01 7.19381928e-01
    5.82592666e-01 1.77801281e-01 9.68377292e-02 3.21931481e-01
    7.59598196e-01 5.68851650e-01 5.11069834e-01 2.19331414e-01
    2.07747817e-02 6.00564361e-01 1.74291819e-01 2.31384128e-01
    2.04577386e-01 4.77946669e-01 9.86143172e-01 4.01218921e-01
    2.57842183e-01 1.06576025e-01 2.89966702e-01 3.26530039e-01
    3.38910937e-01 1.99028373e-01 5.17333210e-01 1.11056596e-01
    2.55846739e-01 2.35601723e-01 2.03765631e-02 6.38772547e-01
    8.52526665e-01 5.02315283e-01 2.95017213e-01 7.53344953e-01
    5.99898338e-01 5.10847151e-01 7.88244903e-02 7.55685508e-01
    5.83658338e-01 7.21575558e-01 9.38291311e-01 4.15863276e-01
    8.87910306e-01 9.59116518e-02 4.58037496e-01 1.09561205e-01
    2.21718669e-01 7.04194069e-01 4.89104807e-01 2.54783660e-01
    4.88156378e-02 4.34717834e-02 3.66257727e-01 9.77246642e-01
    8.46245646e-01 8.64493430e-01 3.43212664e-01 2.21698314e-01
    6.88425899e-02 9.58492219e-01 2.72910416e-01 3.82815629e-01
    5.31132162e-01 3.31000388e-02 3.12464088e-01 3.53640497e-01
    8.42773378e-01 6.07173145e-01 3.32784951e-01 7.98856735e-01
    4.94149119e-01 3.63506496e-01 5.21474540e-01 9.53115582e-01
    9.63853240e-01 7.60114670e-01 8.39112163e-01 7.42489040e-01
    4.30667639e-01 5.26285410e-01 5.04302800e-01 4.27485555e-01
    8.30110788e-01 4.85194027e-01 4.89564508e-01 7.54279137e-01
    1.99696600e-01 7.88447976e-01 4.10674334e-01 1.55825377e-01
    6.28329456e-01 4.58026856e-01 5.79115570e-01 3.09279591e-01
    8.50331545e-01 2.23772824e-02 3.75467151e-01 6.33693516e-01
    5.85315347e-01 2.00015306e-02 7.13670194e-01 5.91809452e-02
    4.52997983e-01 2.61093050e-01 8.99042130e-01 7.44832218e-01
    5.75471461e-01 4.22794342e-01 7.28467226e-01 4.59887475e-01
    3.69307399e-03 6.67122424e-01 4.39352423e-01 8.94891679e-01
    7.13629663e-01 8.07409465e-01 4.34188724e-01 6.36629462e-01
    8.90462041e-01 6.77612841e-01 9.24058497e-01 8.58619392e-01
    8.90691519e-01 4.48552132e-01 3.99368584e-01 6.10176623e-02
    3.97406757e-01 7.10531116e-01 1.25246227e-01 8.28159750e-02
    5.58494806e-01 8.31057429e-02 7.99679160e-01 5.55943549e-01
    2.36058712e-01 3.64214778e-01 1.59224570e-02 3.78857106e-01
    3.67189467e-01 7.71122634e-01 1.45396233e-01 4.52161580e-01
    1.31505549e-01 5.79260647e-01 1.77941412e-01 2.34693289e-04
    9.19601083e-01 3.20646346e-01 1.58082306e-01 9.96699393e-01
    7.69554377e-01 9.63016033e-01 6.35827899e-01 7.35492468e-01
    7.20346570e-02 2.68637240e-02 1.20423168e-01 6.94256306e-01
    6.75120711e-01 4.57668364e-01 3.96916866e-02 7.50630498e-01
    7.19631016e-01 2.35123128e-01 5.37352085e-01 8.44849348e-01
    2.84241557e-01 5.15531182e-01 9.88018036e-01 5.52387118e-01
    8.19447398e-01 6.81668282e-01 9.52315092e-01 8.43988478e-01
    4.36595857e-01 8.64212871e-01 3.79211903e-01 2.60660946e-02
    2.71468937e-01 6.72669411e-01 3.78956467e-01 9.46376026e-02
    5.60426235e-01 2.13347793e-01 5.30240476e-01 6.07622027e-01
    4.67500150e-01 4.15409207e-01 5.71755767e-01 4.97021675e-02
    7.30265081e-02 4.80866551e-01 1.34310812e-01 7.98378944e-01
    7.16263056e-01 3.94431025e-01 6.40386641e-01 1.17478609e-01
    9.88866091e-01 8.45581472e-01 8.41646492e-02 9.65999663e-01
    3.96221817e-01 7.78756917e-01 4.27633077e-01 1.36695445e-01
    9.23572540e-01 3.27490270e-02 6.01785183e-02 6.49512947e-01
    4.58338380e-01 2.81718493e-01 8.39474678e-01 2.15323389e-01
    6.06208622e-01 7.70129561e-01 3.00709814e-01 8.94078612e-01
    6.39787674e-01 8.85832906e-02 7.64215469e-01 6.08367503e-01
    3.10008287e-01 3.24414372e-02 5.48352838e-01 7.84963250e-01
    4.72541720e-01 2.14478493e-01 6.91586554e-01 1.73160642e-01
    8.46639514e-01 6.17760301e-01 8.86086226e-01 3.84008944e-01
    6.03792310e-01 2.10273266e-03 9.41088438e-01 7.77608752e-02
    1.20525509e-01 5.17945528e-01 4.68101025e-01 3.42596054e-01
    7.91233063e-01 4.13443983e-01 1.03681386e-01 8.50547552e-02
    5.82115591e-01 7.75060058e-03 8.83390069e-01 4.46400166e-01
    1.96368396e-01 9.05488491e-01 1.40228480e-01 8.64491582e-01
    7.72845626e-01 2.62855411e-01 6.33770108e-01 3.14048946e-01
    6.30371809e-01 3.28645617e-01 8.85795951e-01 6.56465769e-01
    4.92041826e-01 3.36216837e-01 2.52999574e-01 1.34468436e-01
    7.30803311e-01 1.59736276e-02 6.67269170e-01 7.81474829e-01
    5.92717946e-01 3.69228452e-01 4.45537329e-01 7.30344713e-01
    9.40181375e-01 7.67199993e-01 8.42485487e-01 2.88201898e-01
    2.84090996e-01 2.22100258e-01 8.28452468e-01 3.58145237e-02
    2.35457957e-01 3.80710363e-02 9.48858857e-02 5.05215704e-01
    9.29796338e-01 6.23769522e-01 8.54125261e-01 2.16665894e-01
    2.48710811e-01 1.54966056e-01 4.34125185e-01 4.51394051e-01
    2.34171748e-03 7.78064430e-01 4.60028768e-01 3.01520675e-01
    1.93692863e-01 6.65615857e-01 2.53325582e-01 4.27762479e-01
    1.17659450e-01 4.70390022e-01 2.12472051e-01 7.78842747e-01
    1.63324714e-01 7.99014807e-01 6.12793863e-01 5.90742528e-01
    6.56572282e-01 4.03452873e-01 7.74032354e-01 8.10347795e-01
    3.95083725e-02 7.33634710e-01 1.15244269e-01 5.80364764e-02
    4.27374184e-01 5.64782917e-02 5.06580114e-01 3.62254739e-01
    7.63331413e-01 3.03373575e-01 4.15993273e-01 2.81091928e-02
    9.49089885e-01 3.93678933e-01 6.17650390e-01 3.15523416e-01
    4.37759340e-01 5.56004643e-02 6.59255385e-02 7.22814798e-02
    6.78787470e-01 4.98690486e-01 6.41520500e-01 9.82557416e-01
    8.30110788e-01 4.85194027e-01 4.89564508e-01 7.54279137e-01
    1.99696600e-01 7.88447976e-01 4.10674334e-01 1.55825377e-01
    6.28329456e-01 4.58026856e-01 5.79115570e-01 3.09279591e-01
    8.50331545e-01 2.23772824e-02 3.75467151e-01 6.33693516e-01
    3.66548419e-01 5.25938988e-01 1.52753711e-01 2.88863480e-01
    6.34690821e-01 5.52098453e-01 1.42268538e-01 6.28087282e-01
    6.73371255e-01 3.91332358e-01 9.36126471e-01 9.92401302e-01
    3.06635916e-01 8.31689954e-01 6.66406631e-01 8.18809152e-01
    4.70543563e-01 6.31265640e-01 5.00568986e-01 9.60133970e-01
    7.22083151e-01 9.64484453e-01 2.88255304e-01 1.35314018e-01
    1.91675723e-02 4.89788622e-01 5.70918858e-01 9.57412481e-01
    3.33919168e-01 4.77608919e-01 5.11601388e-01 8.80935013e-01
    6.65816724e-01 1.65459692e-01 8.03776264e-01 1.74860477e-01
    6.12773538e-01 5.23248732e-01 4.38546747e-01 7.88866758e-01
    3.14783692e-01 8.25492859e-01 8.52197170e-01 8.56552243e-01
    8.54132473e-02 8.35752189e-01 5.92269897e-01 5.35324812e-02
    3.80427092e-01 7.42428422e-01 1.09053195e-01 8.58210683e-01
    3.96248579e-01 6.03928268e-01 2.57144898e-01 9.40048099e-01
    7.84088969e-01 1.66431934e-01 1.49495989e-01 6.33236587e-01
    4.41520512e-02 6.35812223e-01 2.37819999e-01 7.71399498e-01
    3.86606783e-01 9.58681226e-01 2.82157660e-01 6.49109364e-01
    7.13071227e-01 1.74012780e-03 2.28106737e-01 2.32585013e-01
    1.80646330e-01 7.42807090e-02 1.65785283e-01 1.45436525e-02
    6.17306471e-01 3.00168753e-01 6.87844038e-01 3.26802105e-01
    1.04593933e-02 6.54493988e-01 1.08519793e-01 8.95531416e-01
    7.23602176e-01 3.29051793e-01 3.72428954e-01 7.03243077e-01
    5.47583103e-01 7.75654912e-02 7.86361814e-01 8.18937182e-01
    4.10047174e-01 5.81773758e-01 2.14232862e-01 8.73690546e-01
    5.52032411e-01 6.35387480e-01 7.83859611e-01 3.58964801e-01
    4.74728346e-02 7.63624907e-03 3.65092993e-01 5.22799671e-01
    5.89801967e-01 2.42473960e-01 9.06240821e-01 3.65975827e-01
    2.80340880e-01 8.30050349e-01 9.19846296e-01 3.75148267e-01
    2.11091995e-01 4.62741017e-01 6.77917540e-01 2.06647158e-01
    2.67288625e-01 8.94454598e-01 5.91021359e-01 6.22082889e-01
    2.28242904e-01 6.38433397e-01 9.11966980e-01 2.41878331e-01
    6.31013453e-01 6.02318764e-01 2.86100149e-01 2.18863368e-01
    2.72641480e-01 2.87609398e-01 5.36136270e-01 1.91752106e-01
    6.61445320e-01 6.34789109e-01 1.19131327e-01 6.96406662e-01
    7.30879664e-01 9.83115315e-01 8.35697055e-01 5.48656642e-01
    1.83115304e-01 4.04219031e-02 2.54222214e-01 2.67790675e-01
    3.07932496e-03 4.38932180e-01 3.61397564e-01 1.06700182e-01
    9.09650922e-02 6.33235455e-01 6.47628427e-01 7.30088711e-01
    1.56011999e-01 4.47577119e-01 1.51585490e-01 7.92144299e-01
    7.93301582e-01 3.36444557e-01 3.38880599e-01 9.04501915e-01
    1.06060982e-01 3.30912739e-01 7.04482555e-01 6.37631416e-01
    5.13850868e-01 6.13244832e-01 7.23003089e-01 8.61655593e-01
    5.20876050e-02 4.18719679e-01 7.27455974e-01 1.33167088e-01
    9.59120452e-01 7.90138125e-01 2.64471889e-01 4.83906060e-01
    2.34697014e-01 1.49911791e-01 1.72039449e-01 9.00901735e-01
    1.71007246e-01 3.36104631e-03 7.09849954e-01 2.99283713e-01
    9.72982645e-01 2.79444873e-01 4.48435456e-01 3.91788214e-01
    8.84640455e-01 8.31522405e-01 5.71405590e-01 6.23291969e-01
    6.60641074e-01 5.75509965e-02 8.80694747e-01 2.18074709e-01
    6.63452446e-01 4.77658868e-01 9.31108654e-01 8.79757702e-02
    6.12194836e-02 4.25961435e-01 4.18173105e-01 2.48304546e-01
    1.01552099e-01 9.13738847e-01 1.85239553e-01 2.71026522e-01
    5.23583710e-01 3.13947916e-01 7.38917112e-01 6.04412019e-01
    5.13399720e-01 7.32923329e-01 4.97022927e-01 9.65353966e-01
    7.32905865e-01 2.35621691e-01 2.17337430e-01 8.65661621e-01
    1.19790077e-01 4.19423133e-01 7.84656525e-01 3.55392903e-01
    4.35101151e-01 5.05508244e-01 9.93414521e-01 2.90607005e-01
    5.45822680e-02 5.76791883e-01 3.12995195e-01 5.26976705e-01
    2.24108398e-02 7.05762684e-01 6.93416893e-01 6.77573562e-01
    4.72462833e-01 4.05168116e-01 4.10805523e-01 5.78982592e-01
    3.43336910e-01 4.84384000e-02 3.40340495e-01 7.56072640e-01
    9.00722742e-02 5.43763340e-02 1.80384785e-01 2.89745986e-01
    7.30229139e-01 7.14029074e-01 9.42799211e-01 6.76613092e-01
    5.07985353e-02 4.38759357e-01 1.11675322e-01 8.99248958e-01
    3.66548419e-01 5.25938988e-01 1.52753711e-01 2.88863480e-01
    6.34690821e-01 5.52098453e-01 1.42268538e-01 6.28087282e-01
    6.73371255e-01 3.91332358e-01 9.36126471e-01 9.92401302e-01
    3.06635916e-01 8.31689954e-01 6.66406631e-01 8.18809152e-01
    2.30960935e-01 7.43895292e-01 7.94875741e-01 1.41801119e-01
    9.02437747e-01 1.04695052e-01 6.14246428e-02 2.74508864e-01
    3.52600366e-01 4.09892827e-01 8.05085063e-01 7.54692256e-02
    2.26319134e-01 8.36447418e-01 7.93901920e-01 4.68604863e-01
    2.80528307e-01 6.98135495e-02 3.49693358e-01 3.78958791e-01
    4.43595648e-02 2.43559808e-01 1.22790545e-01 7.31342554e-01
    4.48168278e-01 4.58219111e-01 3.89342785e-01 2.49760121e-01
    7.09335387e-01 5.68200648e-01 8.16725075e-01 3.21243644e-01
    3.06351900e-01 2.81959653e-01 4.12271172e-01 6.39660597e-01
    5.74160993e-01 6.28767669e-01 5.44828355e-01 4.74903554e-01
    2.38887042e-01 4.81730223e-01 7.55994141e-01 4.05320674e-01
    6.66002631e-02 5.40554881e-01 3.34599853e-01 1.48051083e-01
    8.14303160e-01 6.81070626e-01 4.28317487e-01 6.21568918e-01
    1.23589069e-01 7.77779341e-01 1.29633784e-01 5.97859859e-01
    7.51608372e-01 1.32856935e-01 9.04546380e-01 2.23901242e-01
    4.21830744e-01 1.50083005e-01 2.96611458e-01 4.35587794e-01
    1.68663621e-01 2.11396724e-01 3.23259920e-01 2.73519516e-01
    1.01866931e-01 7.25052476e-01 1.30040944e-01 7.84839630e-01
    1.37182206e-01 7.89492071e-01 2.25625366e-01 6.23695850e-01
    6.47015691e-01 4.92531985e-01 4.14976001e-01 6.30332232e-02
    7.82131672e-01 3.10679138e-01 5.41931450e-01 5.27463198e-01
    8.30751121e-01 8.23106170e-01 7.22866058e-01 8.80574465e-01
    5.05258799e-01 5.60004294e-01 9.97675538e-01 1.85168147e-01
    2.37815022e-01 4.77690756e-01 7.43419647e-01 8.43675971e-01
    7.06074476e-01 9.87941921e-01 7.23976135e-01 7.25826919e-02
    1.04082227e-01 1.11228317e-01 2.97869563e-01 6.57163978e-01
    3.76746058e-03 5.98213136e-01 6.37247264e-02 9.52607393e-02
    8.10576558e-01 4.75836843e-01 4.02295977e-01 5.91051638e-01
    3.49438787e-01 6.01060688e-02 1.76476330e-01 6.71564698e-01
    6.29303873e-01 5.76079190e-01 4.44169641e-02 1.52174056e-01
    7.42496133e-01 5.33686519e-01 7.52088428e-03 2.11298466e-02
    2.56820321e-01 6.78661704e-01 5.14691174e-02 6.96458638e-01
    3.10388207e-02 3.15322936e-01 7.44776964e-01 6.29703581e-01
    9.33895707e-01 6.60246968e-01 6.16668165e-01 2.31883824e-01
    7.91849017e-01 6.60792828e-01 1.96617126e-01 2.16162890e-01
    7.08743095e-01 1.43634170e-01 1.14281267e-01 5.10508835e-01
    1.71842515e-01 2.22332805e-01 9.01792645e-01 6.86014295e-01
    4.50434625e-01 9.46478009e-01 1.20998383e-01 1.28698707e-01
    7.86813498e-02 2.48311490e-01 1.93692744e-01 7.26467431e-01
    8.30950141e-02 5.75367928e-01 9.65818763e-01 9.38571572e-01
    4.94913369e-01 3.20817113e-01 8.61938238e-01 1.32598579e-01
    6.47345960e-01 6.02415502e-01 2.26031542e-01 4.42830682e-01
    7.30175197e-01 2.34225482e-01 1.92827404e-01 1.64938152e-01
    7.28659630e-02 6.39689386e-01 8.05278480e-01 2.90561736e-01
    2.74834335e-02 4.37567860e-01 8.89751792e-01 9.00000095e-01
    8.29183280e-01 4.86159563e-01 1.07065588e-01 6.33456111e-02
    6.67033672e-01 8.75305176e-01 1.47398710e-01 8.76317143e-01
    3.17159891e-02 8.61530542e-01 2.04668730e-01 1.19661987e-01
    7.36608088e-01 2.46019661e-02 8.44665289e-01 4.88382697e-01
    1.10410005e-01 4.21747386e-01 8.84946764e-01 6.98175251e-01
    2.55978286e-01 3.27663213e-01 8.61749053e-01 6.69708669e-01
    1.84684485e-01 2.14474499e-01 5.81319213e-01 3.05253863e-01
    4.88583475e-01 2.79932797e-01 8.11056972e-01 3.83230031e-01
    4.66611654e-01 2.73716509e-01 9.00982320e-02 2.42459774e-02
    6.67614818e-01 1.97789192e-01 9.78858471e-02 7.14235127e-01
    5.70428371e-02 3.70203078e-01 4.87942040e-01 1.97649360e-01
    3.13612908e-01 2.45668739e-01 5.97712696e-01 4.67570245e-01
    9.51965868e-01 9.47156489e-01 1.15200877e-03 7.30578423e-01
    5.80973029e-01 8.38552058e-01 4.93798047e-01 7.97437310e-01
    2.75802612e-01 9.48539674e-02 9.91874754e-01 9.96486545e-01
    4.15720701e-01 5.54136515e-01 2.24636227e-01 6.02365732e-01
    8.84279132e-01 2.38118440e-01 2.54932404e-01 3.71179998e-01
    9.22563076e-01 3.64087820e-02 7.34916091e-01 7.26785660e-01
    9.07960653e-01 5.57083070e-01 8.41492474e-01 2.27973938e-01
    2.30960935e-01 7.43895292e-01 7.94875741e-01 1.41801119e-01
    9.02437747e-01 1.04695052e-01 6.14246428e-02 2.74508864e-01
    3.52600366e-01 4.09892827e-01 8.05085063e-01 7.54692256e-02
    2.26319134e-01 8.36447418e-01 7.93901920e-01 4.68604863e-01
    3.80822748e-01 4.77100253e-01 1.32242054e-01 7.08913743e-01
    5.62932134e-01 3.44464242e-01 4.42512244e-01 1.54896975e-02
    9.59918320e-01 5.77920616e-01 3.56701016e-01 4.78044629e-01
    1.31651878e-01 8.06994677e-01 7.26977587e-01 8.99114847e-01
    3.08956921e-01 3.58147591e-01 1.94742739e-01 5.19594491e-01
    7.44107008e-01 1.46320641e-01 2.89121985e-01 5.19470155e-01
    3.61283749e-01 7.44506359e-01 2.17954606e-01 3.66454750e-01
    6.03325665e-01 6.68832421e-01 9.26433444e-01 3.94765258e-01
    9.56597328e-01 6.75320387e-01 3.09164941e-01 3.12077105e-01
    7.41938949e-01 5.31097591e-01 2.55660266e-01 4.95310783e-01
    7.76009917e-01 4.86088634e-01 4.06928390e-01 6.34649515e-01
    1.96141988e-01 4.38774168e-01 7.82451510e-01 1.07303530e-01
    3.06165814e-02 9.22408342e-01 5.58269441e-01 9.52364504e-02
    8.15748334e-01 8.48051608e-02 4.57106143e-01 4.81170803e-01
    5.87338209e-01 1.45997912e-01 8.13121915e-01 7.03758001e-01
    6.38483763e-02 4.89382535e-01 4.70300376e-01 5.39798379e-01
    7.34174907e-01 3.40696722e-01 3.54590237e-01 2.08349735e-01
    7.26374149e-01 1.41294181e-01 5.33149958e-01 1.19890422e-01
    3.93515468e-01 6.34474874e-01 8.49327028e-01 2.37246931e-01
    3.79833460e-01 8.08738410e-01 2.84863830e-01 5.98159492e-01
    1.01502001e-01 8.05910945e-01 5.62549174e-01 6.64793611e-01
    5.95004439e-01 4.80109334e-01 7.33213127e-01 1.39057249e-01
    6.24577284e-01 9.58937168e-01 2.13171124e-01 4.69137728e-01
    5.19096434e-01 8.69677901e-01 4.23771441e-02 8.00907910e-02
    1.25153601e-01 6.03169203e-01 5.31700134e-01 5.84322751e-01
    2.50096053e-01 4.60565686e-01 6.11423492e-01 6.07048333e-01
    9.27137613e-01 7.83520401e-01 9.67226923e-02 7.28895128e-01
    6.68123841e-01 5.47306180e-01 3.96956176e-01 1.86754167e-02
    7.53158808e-01 2.70256042e-01 6.80586994e-01 9.53177810e-01
    4.05342877e-01 5.20945370e-01 3.04557085e-01 3.20991933e-01
    4.49138105e-01 2.03928351e-02 6.23027086e-01 3.80843371e-01
    8.25683177e-02 4.31676477e-01 3.60810220e-01 5.90664804e-01
    9.90253210e-01 9.00321543e-01 1.99649334e-02 7.47425556e-01
    6.46356821e-01 4.35137004e-01 2.05237150e-01 4.77468848e-01
    6.22395277e-02 4.03895408e-01 1.18145466e-01 6.01840019e-01
    1.17859036e-01 8.97174835e-01 2.14932293e-01 2.45106161e-01
    4.50928807e-01 1.37147665e-01 2.50492454e-01 8.75173748e-01
    9.59557056e-01 2.11377114e-01 8.70431304e-01 9.29665446e-01
    1.18292034e-01 4.87107575e-01 9.08467531e-01 7.46651411e-01
    1.62414104e-01 8.92747164e-01 9.59519863e-01 6.38081551e-01
    3.09140205e-01 9.14249122e-01 4.64431703e-01 1.89453810e-01
    6.77214384e-01 3.99424076e-01 8.33261669e-01 2.13127762e-01
    9.42110002e-01 3.20360422e-01 8.12563181e-01 6.68466568e-01
    2.65479743e-01 6.33767247e-01 9.17415798e-01 2.61989653e-01
    7.04169393e-01 1.38160139e-01 2.87743628e-01 6.19102716e-01
    2.68560261e-01 2.17582494e-01 8.04289937e-01 8.09963048e-02
    5.99102855e-01 2.29460984e-01 8.83885145e-01 6.02691889e-01
    9.91308570e-01 5.84227502e-01 7.22893715e-01 6.31153762e-01
    5.65461040e-01 7.40740538e-01 9.42159176e-01 2.59510100e-01
    8.78382087e-01 2.53053725e-01 7.89020419e-01 9.77989435e-01
    6.96646869e-01 1.73986852e-02 8.59538436e-01 8.90355468e-01
    9.95063066e-01 8.28434467e-01 1.56744897e-01 2.14071959e-01
    3.54086697e-01 9.86362457e-01 3.44250619e-01 7.09466338e-01
    1.01514429e-01 1.76756859e-01 5.77964127e-01 5.62196374e-01
    1.42500043e-01 9.39734876e-02 5.16597390e-01 5.08908153e-01
    2.52408028e-01 9.78061914e-01 6.87214732e-01 1.65278167e-01
    5.01339555e-01 3.32613081e-01 8.17488670e-01 1.29729062e-01
    7.61035085e-03 1.02762818e-01 9.72508490e-01 2.41958857e-01
    1.42129660e-01 6.20415807e-01 7.12010860e-01 1.96662545e-02
    5.43119013e-01 3.73191357e-01 5.75683713e-02 7.16896176e-01
    5.50968885e-01 6.20011806e-01 9.03242052e-01 5.97755849e-01
    5.84541082e-01 2.93813765e-01 7.46040344e-01 5.13269186e-01
    9.17546928e-01 6.96372867e-01 1.15104675e-01 3.42383981e-01
    2.26858795e-01 4.88687277e-01 4.40246612e-01 5.02874196e-01
    3.80822748e-01 4.77100253e-01 1.32242054e-01 7.08913743e-01
    5.62932134e-01 3.44464242e-01 4.42512244e-01 1.54896975e-02
    9.59918320e-01 5.77920616e-01 3.56701016e-01 4.78044629e-01
    1.31651878e-01 8.06994677e-01 7.26977587e-01 8.99114847e-01
    8.20681334e-01 5.70322037e-01 4.27127481e-02 8.03084373e-02
    4.07094777e-01 9.73097980e-02 5.76949000e-01 9.79886174e-01
    8.39390039e-01 6.60264909e-01 6.32163584e-01 4.61019635e-01
    9.21704412e-01 3.05410743e-01 6.96628511e-01 2.87225991e-01
    7.62571692e-02 1.82258308e-01 1.31350756e-03 6.94138169e-01
    9.31713223e-01 6.33940101e-01 1.48911774e-02 6.51502311e-02
    6.73265457e-01 7.15743303e-01 5.77753484e-01 3.51738274e-01
    4.91384327e-01 6.19487286e-01 4.93125737e-01 3.29110742e-01
    3.32403600e-01 8.35830331e-01 3.53714228e-01 3.05190921e-01
    7.97026753e-01 8.62445235e-01 2.83965170e-02 5.07519484e-01
    5.93297064e-01 5.59539676e-01 8.51590335e-01 7.65446424e-01
    9.18316066e-01 2.75655806e-01 5.70348740e-01 6.51192963e-01
    1.90233499e-01 9.01349187e-01 6.58974707e-01 6.73091054e-01
    7.95447171e-01 1.37168080e-01 3.29380989e-01 4.14826691e-01
    8.07800055e-01 3.07437003e-01 3.10674608e-01 5.06564617e-01
    6.27141833e-01 8.32497716e-01 6.71122193e-01 5.04439175e-01
    5.69952250e-01 9.26612258e-01 7.20101595e-01 6.72465563e-03
    3.88594717e-01 1.56297594e-01 5.14952064e-01 4.99494344e-01
    8.97871077e-01 6.44637346e-01 6.74298406e-01 5.70566535e-01
    7.22405195e-01 6.10997260e-01 6.31521881e-01 9.70055580e-01
    5.17768025e-01 1.06680244e-01 3.58841240e-01 2.59122968e-01
    6.00326777e-01 7.52851486e-01 2.43653417e-01 9.44636166e-01
    7.97879517e-01 9.98395681e-01 2.20635533e-01 6.63372278e-01
    5.14031768e-01 2.70692468e-01 2.00284094e-01 2.30195254e-01
    2.26578772e-01 6.76855206e-01 3.05997491e-01 8.21247578e-01
    6.96105123e-01 8.38107765e-01 1.69337541e-01 8.74732018e-01
    4.27549243e-01 2.14973778e-01 6.28608167e-02 9.06296790e-01
    4.16980833e-01 9.02906418e-01 7.16020942e-01 7.82314837e-01
    6.50921166e-01 6.50245667e-01 1.74154967e-01 6.85706794e-01
    1.67111188e-01 6.70106947e-01 9.15949881e-01 2.77399778e-01
    3.95176649e-01 2.36129105e-01 6.29113555e-01 6.86516762e-02
    9.41084623e-01 6.93927765e-01 4.64384168e-01 6.64261341e-01
    5.11934638e-01 1.17137313e-01 8.37341070e-01 5.40752470e-01
    7.11434364e-01 8.94535184e-01 9.02091265e-01 2.91647255e-01
    9.27635133e-01 5.40486693e-01 4.28293347e-01 6.59472823e-01
    4.20115709e-01 2.01818764e-01 1.90951347e-01 3.43911499e-01
    6.45265043e-01 4.51697737e-01 8.12952340e-01 2.59240180e-01
    5.03613651e-01 8.13482523e-01 7.52418876e-01 3.33509773e-01
    9.39227223e-01 8.68155360e-01 3.86267185e-01 6.86605811e-01
    2.40767032e-01 8.51504683e-01 1.01564825e-01 4.51845407e-01
    6.66454971e-01 3.77222598e-01 4.74128723e-01 9.69534397e-01
    4.00168866e-01 9.73067880e-01 5.76179028e-01 3.58351529e-01
    3.61051381e-01 5.73761165e-02 6.01731360e-01 3.41298074e-01
    8.59086990e-01 3.32964242e-01 5.04433811e-01 2.29465008e-01
    9.89942849e-01 5.44214070e-01 3.10520172e-01 6.14327490e-01
    3.58217269e-01 7.27756083e-01 3.41542363e-01 4.87421215e-01
    7.19461203e-01 7.35700548e-01 2.79325247e-02 8.43856096e-01
    8.26230645e-01 6.73093021e-01 1.90503240e-01 4.56856936e-01
    2.26173341e-01 7.16620207e-01 4.26609367e-01 3.70966017e-01
    8.85052562e-01 6.61218405e-01 5.55192769e-01 2.80426145e-02
    3.90199095e-01 3.23905587e-01 3.24207485e-01 5.62107563e-01
    5.10118544e-01 9.54342484e-01 1.99481010e-01 9.41048324e-01
    7.23871648e-01 8.54472280e-01 5.11130929e-01 2.91392982e-01
    2.35445738e-01 4.95273352e-01 2.90771574e-01 6.62411869e-01
    5.87442040e-01 3.18494290e-01 1.77138418e-01 1.96961164e-01
    7.40655065e-01 3.61080170e-02 1.43857479e-01 5.37980318e-01
    9.07351971e-02 7.07191825e-02 8.19926023e-01 2.13258833e-01
    5.64580619e-01 1.46245658e-01 3.84386688e-01 9.93316531e-01
    5.91774523e-01 1.19857013e-01 2.74104863e-01 7.81071126e-01
    5.47085285e-01 9.44580734e-02 6.94375396e-01 8.81475270e-01
    6.80895030e-01 9.27426100e-01 2.02601492e-01 8.96868229e-01
    9.50273275e-01 6.70988083e-01 6.89171016e-01 1.46704316e-01
    4.02795315e-01 6.43055797e-01 3.33555460e-01 5.61149120e-01
    1.21508062e-01 6.61042929e-01 2.56087303e-01 8.00416231e-01
    8.20681334e-01 5.70322037e-01 4.27127481e-02 8.03084373e-02
    4.07094777e-01 9.73097980e-02 5.76949000e-01 9.79886174e-01
    8.39390039e-01 6.60264909e-01 6.32163584e-01 4.61019635e-01
    9.21704412e-01 3.05410743e-01 6.96628511e-01 2.87225991e-01
    5.93405604e-01 3.84963483e-01 8.03020716e-01 3.50150555e-01
    4.34703767e-01 6.85161173e-01 8.42573881e-01 7.57049918e-02
    8.65075707e-01 2.55639851e-02 1.91597492e-01 1.51597500e-01
    5.89066744e-01 5.54123998e-01 6.39955759e-01 3.36703062e-01
    9.91015553e-01 4.33390647e-01 3.55899215e-01 9.50898528e-01
    3.12520117e-01 9.92981553e-01 7.23549724e-02 1.18290842e-01
    8.54405642e-01 1.93052828e-01 4.20299113e-01 1.15196645e-01
    8.25637579e-01 5.14845550e-02 3.62346172e-01 3.02120805e-01
    9.26537752e-01 1.10261917e-01 7.92558789e-01 2.09162563e-01
    9.82265711e-01 7.27664590e-01 1.77901268e-01 7.75876164e-01
    3.40099722e-01 2.02940404e-02 7.18383014e-01 4.13712800e-01
    3.94984961e-01 8.84172320e-03 8.72273743e-02 9.95996058e-01
    9.93862867e-01 7.66940117e-01 2.42701352e-01 4.80984598e-01
    7.08762228e-01 9.46202993e-01 5.87075055e-01 2.80135572e-02
    8.94055963e-01 8.00269783e-01 6.77581072e-01 4.40527111e-01
    5.52292824e-01 3.91775787e-01 5.43417513e-01 7.08084524e-01
    7.34940886e-01 1.38189107e-01 2.60588348e-01 1.48793876e-01
    1.51355445e-01 6.91348851e-01 6.01442873e-01 7.25725889e-01
    1.78530693e-01 8.78118634e-01 3.68235469e-01 9.90291655e-01
    8.13790321e-01 7.95170724e-01 3.98584455e-01 4.53298599e-01
    8.17017257e-02 6.94465637e-01 7.14744687e-01 7.41519570e-01
    5.57042837e-01 4.58562464e-01 9.13508415e-01 7.45549202e-01
    5.12826681e-01 2.47566909e-01 7.44765401e-01 1.95525229e-01
    5.45352042e-01 6.65431082e-01 5.92977881e-01 3.96402657e-01
    7.68958509e-01 3.97614241e-02 8.09534252e-01 3.72278124e-01
    9.39254642e-01 3.54466975e-01 4.70502168e-01 5.23499608e-01
    5.60066879e-01 6.65464222e-01 8.52316976e-01 8.17989111e-01
    6.60741329e-02 6.95751488e-01 2.50574768e-01 6.31197095e-01
    6.34402215e-01 4.64008123e-01 8.90765965e-01 4.71900523e-01
    9.19301033e-01 6.00805283e-02 9.64132130e-01 9.91443753e-01
    9.85306859e-01 3.88488650e-01 5.83056688e-01 8.84213448e-01
    8.40574741e-01 7.93498158e-02 4.34649140e-01 1.91785097e-01
    4.00400728e-01 2.80390412e-01 8.95704865e-01 3.28535557e-01
    8.81961763e-01 6.10310614e-01 2.84852386e-01 7.12837517e-01
    9.36051607e-02 8.11074853e-01 1.75196379e-01 1.49051845e-01
    3.38781655e-01 8.47282827e-01 5.89701235e-02 6.51717305e-01
    7.84379840e-01 7.40818620e-01 2.15461940e-01 7.03554809e-01
    9.46051240e-01 9.07904148e-01 1.01434141e-01 3.00205708e-01
    9.56812501e-02 2.56993890e-01 5.32351136e-01 8.28994155e-01
    6.34507358e-01 1.56427056e-01 3.72646153e-02 9.25727367e-01
    4.43250000e-01 2.80004263e-01 4.34806913e-01 5.83393395e-01
    3.17807823e-01 8.39927793e-01 6.63735986e-01 7.86090612e-01
    6.01728320e-01 8.12432408e-01 3.31357718e-02 2.04784125e-01
    7.40133405e-01 2.51967371e-01 4.13168728e-01 1.78777575e-02
    3.46166819e-01 9.90080953e-01 4.46265459e-01 1.68182373e-01
    3.02184403e-01 9.34756160e-01 7.71944523e-01 5.22302806e-01
    9.45995808e-01 5.75310946e-01 2.96717584e-02 7.24457204e-02
    4.34591115e-01 2.00217605e-01 2.77307034e-01 4.27123576e-01
    3.35159659e-01 8.75672102e-01 4.47811276e-01 7.78877020e-01
    2.21305966e-01 5.41443527e-01 6.04437709e-01 2.83244610e-01
    7.50887454e-01 8.94957244e-01 5.64893544e-01 9.74967241e-01
    1.84973150e-01 8.73987496e-01 5.14223635e-01 6.71404481e-01
    8.81870210e-01 1.37043774e-01 6.68968618e-01 9.76403058e-01
    1.46757871e-01 1.53055608e-01 1.91064775e-01 7.29802370e-01
    4.90894228e-01 4.16993886e-01 2.39710689e-01 8.64618540e-01
    2.08663225e-01 1.40843987e-02 7.46012032e-02 4.68354434e-01
    1.19330764e-01 8.17944705e-02 1.88361108e-01 5.43699801e-01
    9.58641291e-01 1.75772637e-01 1.96192384e-01 7.07185745e-01
    6.14203274e-01 6.32250011e-02 6.44304395e-01 1.99164271e-01
    4.12699103e-01 7.54034579e-01 2.28926390e-01 8.41224492e-01
    1.02453828e-01 7.44495511e-01 2.03015566e-01 8.93746257e-01
    1.42690778e-01 7.19756424e-01 6.67675734e-01 5.30168951e-01
    7.70818233e-01 5.12332916e-01 5.35154521e-01 1.67502612e-01
    1.52918100e-01 3.80868495e-01 3.56250107e-01 1.87677056e-01
    5.93405604e-01 3.84963483e-01 8.03020716e-01 3.50150555e-01
    4.34703767e-01 6.85161173e-01 8.42573881e-01 7.57049918e-02
    8.65075707e-01 2.55639851e-02 1.91597492e-01 1.51597500e-01
    5.89066744e-01 5.54123998e-01 6.39955759e-01 3.36703062e-01
    8.09526682e-01 3.11022997e-03 8.31294715e-01 5.32489061e-01
    2.56286085e-01 7.38474190e-01 3.24783325e-01 7.71536350e-01
    9.08382177e-01 5.32799959e-02 9.84411776e-01 2.58195102e-01
    4.71239001e-01 5.03763795e-01 8.55098844e-01 5.12765646e-01
    9.57727730e-01 9.82659876e-01 3.47723573e-01 8.72153044e-01
    3.74928594e-01 1.32883340e-01 2.57888556e-01 3.61898899e-01
    4.93134558e-02 4.16565806e-01 3.01323503e-01 6.79973841e-01
    1.16619051e-01 7.11049438e-01 6.63021624e-01 2.69012988e-01
    9.14744735e-01 8.99423242e-01 3.25252116e-01 5.85604012e-01
    7.79567719e-01 4.47188586e-01 7.74236858e-01 7.83749104e-01
    2.81252503e-01 2.91228563e-01 5.99885404e-01 6.33271694e-01
    2.03771085e-01 6.95647776e-01 1.26833797e-01 3.91386330e-01
    7.93465495e-01 4.71833646e-02 7.23481357e-01 2.76013494e-01
    7.47347772e-01 9.53870893e-01 9.84689832e-01 9.39474821e-01
    2.93575466e-01 5.31635761e-01 5.96860111e-01 3.09608459e-01
    4.80845809e-01 8.33138824e-01 7.36654043e-01 2.85455287e-01
    1.46940291e-01 3.68878961e-01 2.73723990e-01 8.51500034e-03
    5.09701312e-01 8.47636938e-01 6.72448277e-01 6.24076486e-01
    6.46343648e-01 1.94526911e-02 6.15678072e-01 6.43066049e-01
    8.84447694e-01 6.83455944e-01 1.84827834e-01 8.11426044e-02
    1.39133364e-01 2.74643421e-01 2.77365685e-01 5.99495471e-01
    9.42225337e-01 9.89662826e-01 5.63299835e-01 7.56633520e-01
    9.08289194e-01 2.35857874e-01 1.57358915e-01 5.55982232e-01
    8.55906487e-01 2.19021499e-01 5.38803160e-01 7.13574469e-01
    9.36975479e-01 2.19637990e-01 8.21103454e-02 3.77968401e-01
    6.09709084e-01 4.80942488e-01 8.89485002e-01 6.63568318e-01
    3.50992203e-01 2.11722732e-01 5.04220009e-01 1.08302355e-01
    9.18796360e-02 3.37628305e-01 4.25770611e-01 4.94387627e-01
    9.74687338e-01 4.84812409e-01 2.17835814e-01 9.11140442e-01
    8.73996198e-01 7.63737619e-01 7.73888469e-01 5.32182217e-01
    9.82490778e-01 2.40852565e-01 7.52380371e-01 9.76158619e-01
    5.00188649e-01 2.65392303e-01 6.90345228e-01 9.66236472e-01
    2.68341213e-01 5.45387864e-01 1.20664060e-01 4.67254043e-01
    1.88616127e-01 4.44744825e-01 9.46665466e-01 6.17780805e-01
    6.41712725e-01 8.66319537e-01 1.67632371e-01 3.57984036e-01
    1.44478202e-01 4.08894509e-01 9.51544046e-01 8.59118104e-01
    8.67019832e-01 8.55266333e-01 6.22744560e-02 7.75913954e-01
    2.70088553e-01 7.82619834e-01 9.71510231e-01 8.30222189e-01
    7.94589162e-01 4.68291342e-01 7.59277225e-01 8.71508360e-01
    7.41274297e-01 6.34262443e-01 9.64717686e-01 7.15261817e-01
    7.39081502e-01 5.26011825e-01 2.99253672e-01 5.46231151e-01
    9.01640296e-01 3.67412090e-01 2.32033640e-01 2.37666428e-01
    9.32102203e-02 7.52073705e-01 3.93300265e-01 6.65463328e-01
    6.14103675e-03 4.43667173e-03 8.00248623e-01 2.77864635e-01
    1.89960599e-02 1.13781631e-01 7.50167847e-01 3.99876565e-01
    4.14741993e-01 8.15520883e-01 9.33771014e-01 6.75023496e-02
    3.80220115e-02 5.79759717e-01 3.11281979e-01 2.57586479e-01
    9.82213616e-02 2.98981607e-01 8.79297376e-01 5.42805254e-01
    6.33887470e-01 9.08387780e-01 9.60942149e-01 9.09431458e-01
    7.44859219e-01 2.64800787e-02 6.09266162e-01 6.56571984e-03
    5.28333724e-01 9.15907145e-01 1.49578065e-01 1.90254956e-01
    3.65692973e-02 1.87683880e-01 5.73608637e-01 3.06152880e-01
    8.94163728e-01 3.09795558e-01 4.25761908e-01 2.86789864e-01
    1.78904116e-01 1.08358264e-03 4.62544590e-01 9.77963090e-01
    6.64781809e-01 1.84702575e-01 3.27521265e-01 8.48859727e-01
    8.08170199e-01 9.00924265e-01 9.28309560e-01 5.06288826e-01
    5.56558967e-01 6.57864571e-01 6.02727532e-01 2.02627987e-01
    7.13908672e-03 7.57334352e-01 6.73872948e-01 9.12208676e-01
    7.10730076e-01 5.53794682e-01 5.28517187e-01 6.66834354e-01
    2.12916344e-01 8.60353947e-01 5.73686957e-02 8.65419149e-01
    7.64889717e-01 3.60572040e-01 7.26604998e-01 5.04535258e-01
    1.86251581e-01 5.06028950e-01 1.01630360e-01 1.46512419e-01
    5.45723796e-01 6.57531321e-01 8.21084976e-02 6.38377666e-03
    3.55062455e-01 1.90298557e-02 3.98292929e-01 5.91160655e-02
    8.09526682e-01 3.11022997e-03 8.31294715e-01 5.32489061e-01
    2.56286085e-01 7.38474190e-01 3.24783325e-01 7.71536350e-01
    9.08382177e-01 5.32799959e-02 9.84411776e-01 2.58195102e-01
    4.71239001e-01 5.03763795e-01 8.55098844e-01 5.12765646e-01
    4.05233085e-01 1.30291551e-01 1.65724128e-01 2.98708200e-01
    8.77280414e-01 6.26778424e-01 2.06723005e-01 9.91521835e-01
    4.89417702e-01 1.82922095e-01 6.42688513e-01 6.84038341e-01
    9.04170096e-01 1.70658886e-01 4.23728108e-01 3.17316949e-01
    9.27407265e-01 2.46142030e-01 1.46736026e-01 6.36455417e-01
    7.86909759e-01 9.25799191e-01 6.86259806e-01 5.08648157e-01
    7.55075216e-01 5.90184808e-01 9.87162828e-01 2.26980925e-01
    9.17868912e-02 9.07508314e-01 2.03675449e-01 5.88563144e-01
    9.84609902e-01 6.65429771e-01 2.78699100e-02 6.96979225e-01
    8.62473845e-01 8.85973573e-02 3.85315150e-01 6.36373878e-01
    5.07985532e-01 5.38536489e-01 1.48603678e-01 8.58529806e-01
    8.37041557e-01 7.14966953e-01 1.69081688e-01 8.20154667e-01
    8.44740748e-01 3.33386838e-01 4.35026824e-01 5.08796275e-01
    9.61205125e-01 7.75358081e-01 1.58911616e-01 6.10469043e-01
    2.64124215e-01 9.98291790e-01 9.79512930e-01 1.06475174e-01
    2.83107221e-01 2.95627415e-01 3.18870544e-02 5.60617208e-01
    6.86781645e-01 3.31015587e-01 5.10654390e-01 1.51132911e-01
    4.86643195e-01 5.46526730e-01 5.02808332e-01 3.65589321e-01
    2.94722319e-01 1.70562416e-01 4.17209119e-01 7.89017737e-01
    6.61171794e-01 9.52106833e-01 5.05989313e-01 3.69355440e-01
    2.45873362e-01 4.37353641e-01 2.40898311e-01 8.98505092e-01
    4.94375527e-02 7.23006785e-01 9.99540627e-01 6.96656585e-01
    5.21709144e-01 4.88601625e-01 7.03848660e-01 2.36513436e-01
    1.52149200e-01 6.77504539e-01 7.64122248e-01 3.16292465e-01
    2.73256600e-01 7.25236654e-01 2.57742405e-03 9.24907804e-01
    6.33355916e-01 8.65285873e-01 7.71581948e-01 3.68782371e-01
    1.19458944e-01 6.42082095e-01 1.51785791e-01 2.08661824e-01
    8.38567853e-01 5.96663535e-01 4.60309267e-01 2.03837752e-01
    4.75413412e-01 4.35910642e-01 5.56251407e-01 3.72619152e-01
    3.06893736e-01 7.91715860e-01 6.12983942e-01 7.34348595e-02
    4.65244055e-03 4.96974379e-01 7.51563907e-03 7.58290887e-02
    3.68553370e-01 4.49323356e-01 9.26912367e-01 2.35886872e-02
    1.37790352e-01 9.41472471e-01 9.84381914e-01 4.61075425e-01
    2.02533782e-01 9.23136055e-01 8.87429833e-01 9.84324515e-02
    5.61144710e-01 3.29811066e-01 4.51215953e-01 6.61867797e-01
    2.75124967e-01 3.09517980e-03 1.56883597e-01 1.51094794e-02
    3.93159807e-01 3.77529621e-01 1.98331267e-01 4.78253245e-01
    6.86975837e-01 3.37794960e-01 2.76716053e-01 5.87577999e-01
    4.61921096e-03 8.66934299e-01 2.59275794e-01 5.59158087e-01
    2.37556130e-01 8.84327888e-01 9.36019063e-01 1.06625199e-01
    6.14712119e-01 3.45012784e-01 3.24362397e-01 8.05054724e-01
    4.15843010e-01 6.34253383e-01 6.22849345e-01 1.92142844e-01
    7.08576441e-01 7.28679061e-01 3.59000206e-01 7.39845037e-02
    4.11616862e-01 6.28348231e-01 5.37485600e-01 8.00057292e-01
    2.57378519e-01 1.34713650e-01 5.04347324e-01 7.32797146e-01
    9.72195864e-02 4.14549232e-01 9.83101130e-03 6.67056024e-01
    9.16200161e-01 3.88314128e-01 7.11066365e-01 4.03708220e-03
    5.36054969e-02 3.38070720e-01 3.26697409e-01 3.90429437e-01
    4.21006769e-01 2.61718631e-02 5.05981684e-01 2.30930954e-01
    2.27259517e-01 4.51420337e-01 6.00518584e-01 3.41769487e-01
    6.50113046e-01 2.84422755e-01 7.74579644e-01 9.37854767e-01
    6.11474633e-01 1.50215536e-01 6.05527759e-01 9.17781591e-01
    7.85614848e-01 2.82876194e-01 6.94265187e-01 3.03170741e-01
    7.18368113e-01 7.59170175e-01 1.13332778e-01 4.83717799e-01
    2.99726486e-01 9.66058373e-01 7.35738575e-01 5.59979975e-02
    5.74506164e-01 4.31670725e-01 6.39807999e-01 7.66636908e-01
    3.66527289e-01 2.88939416e-01 2.29484230e-01 8.45555425e-01
    2.63536453e-01 5.12687862e-02 6.26626611e-02 1.30597293e-01
    2.27365226e-01 5.11815369e-01 9.61385727e-01 9.56760645e-01
    4.82695997e-01 3.13339233e-02 5.15696406e-01 1.64300978e-01
    5.21155596e-01 7.65203118e-01 1.09999985e-01 9.60045099e-01
    8.29890728e-01 2.76213408e-01 3.17591310e-01 2.36806035e-01
    6.35096908e-01 4.60527748e-01 4.44102228e-01 6.29120827e-01
    5.39366066e-01 7.34817624e-01 7.51155794e-01 8.06958675e-02
    4.05233085e-01 1.30291551e-01 1.65724128e-01 2.98708200e-01
    8.77280414e-01 6.26778424e-01 2.06723005e-01 9.91521835e-01
    4.89417702e-01 1.82922095e-01 6.42688513e-01 6.84038341e-01
    9.04170096e-01 1.70658886e-01 4.23728108e-01 3.17316949e-01
    7.68297911e-01 2.87898242e-01 7.28084326e-01 4.52131927e-02
    2.63627261e-01 8.02821398e-01 6.95055962e-01 9.32534933e-01
    5.19152284e-01 5.37516952e-01 1.16077065e-01 8.88969600e-01
    3.61125827e-01 5.88933825e-01 1.42655134e-01 5.35768270e-02
    6.47715271e-01 2.92480797e-01 2.82328904e-01 1.00273788e-01
    9.59371209e-01 5.49457788e-01 7.52399445e-01 5.73580146e-01
    5.28876245e-01 9.25893903e-01 1.56883627e-01 8.82351875e-01
    7.43143857e-01 8.27117860e-02 7.08261251e-01 5.91664374e-01
    9.08066511e-01 1.77816153e-01 8.25165272e-01 2.92224586e-02
    2.61507273e-01 7.93517292e-01 5.90023696e-02 3.97270024e-02
    6.99796975e-02 3.16363037e-01 9.75726306e-01 7.70589471e-01
    2.42861092e-01 7.62337029e-01 2.14251727e-01 1.43212557e-01
    4.72913682e-01 2.25195020e-01 3.64582837e-01 1.17467761e-01
    3.85433227e-01 5.93767107e-01 7.81368554e-01 2.24151641e-01
    4.90845919e-01 1.53985709e-01 4.58791971e-01 4.09436077e-01
    9.65447068e-01 1.66669637e-01 5.94273806e-01 7.95496941e-01
    1.49337769e-01 8.53402257e-01 9.54070687e-03 4.36795235e-01
    7.80174494e-01 1.05141938e-01 9.66753542e-01 9.13532019e-01
    3.47811699e-01 4.32815641e-01 7.83568978e-01 8.16390514e-02
    7.77908146e-01 2.26522893e-01 1.69174403e-01 5.85539639e-01
    4.27500367e-01 2.02630281e-01 6.41886830e-01 8.06692004e-01
    2.42461711e-01 5.07623076e-01 7.72913933e-01 7.35321999e-01
    3.58929694e-01 3.43444586e-01 7.69359350e-01 3.10829997e-01
    8.82601023e-01 5.22468090e-01 5.14465511e-01 7.75700748e-01
    6.33281350e-01 8.18709671e-01 9.42166448e-02 3.67637336e-01
    6.06477022e-01 6.06834590e-02 6.09640956e-01 2.22022891e-01
    7.52229929e-01 4.93499756e-01 8.76836181e-01 2.36832857e-01
    1.14448547e-01 3.21858168e-01 7.37374783e-01 6.82169318e-01
    5.74519873e-01 8.95170212e-01 5.05695283e-01 9.37407017e-01
    9.49218512e-01 6.97806060e-01 2.89749742e-01 9.22610521e-01
    4.44673866e-01 2.47445941e-01 5.58073878e-01 6.23525083e-01
    8.21427524e-01 6.76827371e-01 2.25037485e-01 7.50055194e-01
    5.03426611e-01 9.41656947e-01 4.10450995e-02 2.49479383e-01
    1.83812976e-01 9.65097845e-01 9.26886559e-01 2.16606200e-01
    1.91481084e-01 1.90318108e-01 1.10501438e-01 6.25616372e-01
    6.13657117e-01 2.43057698e-01 5.47117472e-01 9.15357590e-01
    3.93610597e-02 6.38863921e-01 2.69656181e-01 3.60995233e-02
    1.92102343e-01 3.77213061e-01 7.60739744e-01 5.70406497e-01
    8.09204936e-01 6.55432701e-01 3.85409892e-01 6.33006454e-01
    5.72307527e-01 1.07779503e-02 7.01831162e-01 9.63399529e-01
    3.91969651e-01 3.66739959e-01 6.52014732e-01 1.43079013e-01
    5.65123677e-01 7.94390440e-01 6.37701511e-01 2.96612412e-01
    1.72279358e-01 5.92583060e-01 4.20163393e-01 3.11108083e-01
    4.73739892e-01 7.16994286e-01 1.50921881e-01 5.87109983e-01
    8.70136857e-01 8.54945540e-01 1.83491945e-01 7.10286558e-01
    5.41059136e-01 8.79171848e-01 1.12185001e-01 2.03493237e-02
    8.49484026e-01 1.95925415e-01 8.21708679e-01 4.59735662e-01
    2.93515921e-01 9.81608391e-01 9.50019360e-01 2.29219228e-01
    6.34268641e-01 4.31065112e-01 6.36292458e-01 4.14146841e-01
    7.32516646e-02 6.78177655e-01 3.77692819e-01 8.70689392e-01
    7.97156870e-01 2.97189176e-01 4.27775055e-01 6.46437049e-01
    2.83658862e-01 8.18765163e-03 1.87000781e-01 3.54564309e-01
    8.35004687e-01 4.30081367e-01 2.96686888e-01 5.36384225e-01
    6.90788031e-01 9.25906658e-01 2.74742246e-02 4.05029207e-01
    7.21935749e-01 1.59006268e-01 4.24243510e-01 3.14541161e-01
    2.72018909e-02 7.18402326e-01 1.63234949e-01 1.80436373e-01
    5.75607240e-01 2.84999907e-01 6.22607529e-01 1.98318988e-01
    1.63528383e-01 5.74117601e-01 8.51408720e-01 4.82671916e-01
    4.44527656e-01 5.37364125e-01 7.32340634e-01 6.30616665e-01
    9.54033315e-01 1.07830495e-01 6.18644059e-02 5.92182219e-01
    4.40904140e-01 5.43279588e-01 1.60559088e-01 7.93674827e-01
    7.12144017e-01 3.37840706e-01 7.90839851e-01 6.87661350e-01
    7.70932734e-02 2.71853685e-01 3.43982995e-01 8.76620471e-01
    5.22275329e-01 5.40890276e-01 8.98874283e-01 5.18977165e-01
    7.68297911e-01 2.87898242e-01 7.28084326e-01 4.52131927e-02
    2.63627261e-01 8.02821398e-01 6.95055962e-01 9.32534933e-01
    5.19152284e-01 5.37516952e-01 1.16077065e-01 8.88969600e-01
    3.61125827e-01 5.88933825e-01 1.42655134e-01 5.35768270e-02
    1.07444495e-01 2.50565112e-01 6.45205379e-01 3.59196484e-01
    2.17458606e-02 4.41754073e-01 7.58582950e-02 6.62501216e-01
    1.45172924e-01 6.22233748e-01 3.61598521e-01 8.10045660e-01
    8.30147386e-01 9.53011513e-01 9.43830252e-01 7.59220123e-02
    9.58877444e-01 3.42699230e-01 1.10267073e-01 7.35746264e-01
    9.58522677e-01 7.80870318e-01 1.36670470e-03 3.82518262e-01
    1.78614914e-01 3.18937421e-01 9.03976262e-01 9.39710677e-01
    2.64041483e-01 3.41713428e-01 8.75981688e-01 5.11021733e-01
    9.42215323e-01 4.58315760e-01 9.65537190e-01 9.22549546e-01
    1.64845318e-01 9.85677004e-01 9.12937343e-01 1.20824873e-02
    8.14278603e-01 3.79216909e-01 9.27875042e-01 6.32408738e-01
    1.50034457e-01 2.49858916e-01 6.09960258e-01 4.63883311e-01
    5.62626123e-01 3.26249003e-01 4.81012255e-01 8.62184405e-01
    5.94292760e-01 1.74039066e-01 1.94542170e-01 4.53845888e-01
    2.99120247e-02 7.16499031e-01 5.20281017e-01 9.50080276e-01
    1.40304565e-01 2.18402535e-01 8.95264089e-01 5.37202835e-01
    4.82164145e-01 8.81974876e-01 9.01272178e-01 7.23640740e-01
    3.22384477e-01 1.92774206e-01 3.22892874e-01 1.70968592e-01
    6.27437353e-01 3.40459347e-01 7.21231699e-02 5.39299846e-03
    5.30493796e-01 2.11595535e-01 5.60497522e-01 1.85751319e-01
    8.97008061e-01 9.65262294e-01 9.15338814e-01 9.66757774e-01
    3.75519395e-02 8.36348653e-01 4.22941864e-01 7.76164234e-02
    1.24143124e-01 6.80565476e-01 8.17101836e-01 8.44692588e-01
    8.10036302e-01 3.62063229e-01 7.18160510e-01 5.87207556e-01
    6.58011317e-01 8.77998173e-02 2.61544168e-01 7.85351932e-01
    3.83823216e-02 1.07121170e-01 2.17263490e-01 7.68788695e-01
    7.73277044e-01 8.83225203e-01 5.22716165e-01 4.69399095e-02
    2.69305706e-02 6.63258910e-01 2.61083722e-01 3.21807951e-01
    9.98504639e-01 8.10828447e-01 6.07180357e-01 2.32393324e-01
    8.26042414e-01 3.26696277e-01 6.12703681e-01 6.89445734e-01
    4.52887952e-01 5.48365712e-03 2.96905398e-01 5.12007594e-01
    2.82290757e-01 8.76924992e-01 8.98846865e-01 2.83001184e-01
    8.19702744e-01 6.77593946e-01 3.08891833e-02 2.60134995e-01
    5.21111786e-01 5.36041915e-01 5.21423161e-01 7.18567312e-01
    4.06476557e-02 7.59633183e-01 6.98095262e-01 2.45610356e-01
    1.61927342e-02 5.43370962e-01 7.20798552e-01 2.87009776e-02
    6.51136935e-01 8.84033859e-01 6.33907080e-01 4.30775255e-01
    8.66769969e-01 2.63027549e-02 5.55616975e-01 2.55508125e-01
    3.23711276e-01 4.87265974e-01 1.77761406e-01 4.79142249e-01
    5.74635863e-01 5.36219835e-01 4.29884553e-01 7.78745294e-01
    9.05430675e-01 7.11184621e-01 6.63566232e-01 8.79583657e-02
    5.30743837e-01 1.43904120e-01 4.36080307e-01 5.26174188e-01
    5.10971010e-01 6.48912430e-01 7.61305809e-01 5.54228246e-01
    7.77884245e-01 8.52790415e-01 7.09141731e-01 1.71630412e-01
    8.90055001e-01 3.33716989e-01 5.97479403e-01 4.91687119e-01
    3.86851192e-01 8.09906304e-01 6.81679249e-01 2.34506369e-01
    1.66567713e-01 2.97943503e-01 3.51316214e-01 7.46249914e-01
    3.62742186e-01 4.85865384e-01 5.60166836e-02 9.87307429e-01
    8.21928084e-01 9.32910204e-01 8.23005199e-01 6.48324728e-01
    3.45145822e-01 5.24045646e-01 1.81433558e-02 8.72263670e-01
    9.76878881e-01 1.82981879e-01 7.98283219e-01 2.59962916e-01
    8.82635951e-01 8.98755372e-01 3.92605960e-01 1.54624283e-01
    6.84319973e-01 8.81829739e-01 6.59731269e-01 6.26464963e-01
    1.76359028e-01 1.76461577e-01 9.24691498e-01 7.85303235e-01
    5.73226213e-01 4.62855697e-01 2.38675654e-01 1.56670094e-01
    6.55677795e-01 6.63997650e-01 5.01705468e-01 7.75607944e-01
    7.36581922e-01 7.81742811e-01 1.94687545e-01 7.21224844e-02
    7.73648262e-01 5.95548809e-01 5.99097908e-01 2.58052647e-02
    8.71632695e-02 2.28780091e-01 5.38339019e-01 7.80757368e-02
    2.19349414e-01 6.50805712e-01 6.76541388e-01 6.25660181e-01
    6.39401913e-01 2.47887075e-02 9.81286526e-01 1.65699452e-01
    2.22468197e-01 2.39000052e-01 7.86542892e-04 5.51856816e-01
    6.15896642e-01 9.16782320e-01 5.77948689e-01 2.98200369e-01
    5.31295955e-01 1.86461806e-01 5.60146332e-01 1.24175429e-01
    1.07444495e-01 2.50565112e-01 6.45205379e-01 3.59196484e-01
    2.17458606e-02 4.41754073e-01 7.58582950e-02 6.62501216e-01
    1.45172924e-01 6.22233748e-01 3.61598521e-01 8.10045660e-01
    8.30147386e-01 9.53011513e-01 9.43830252e-01 7.59220123e-02
    5.79019427e-01 6.97167158e-01 9.13694620e-01 8.83844018e-01
    3.27929944e-01 5.33107698e-01 2.01627910e-02 9.82906401e-01
    3.87467265e-01 7.95850992e-01 9.00650501e-01 5.76573193e-01
    3.67325485e-01 2.09363699e-01 5.16345501e-02 1.47139728e-02
    9.44951534e-01 3.77864689e-01 4.63033706e-01 3.41100544e-01
    1.30780995e-01 7.01188445e-02 5.58248699e-01 4.94569123e-01
    3.63103479e-01 4.02804315e-01 8.98376703e-02 6.85752928e-01
    2.17451423e-01 5.12880862e-01 2.02051997e-01 1.88754886e-01
    1.29413843e-01 4.55195963e-01 3.12759280e-01 8.71146619e-02
    8.28792453e-01 5.86077869e-02 1.69984609e-01 3.89559656e-01
    3.98402333e-01 6.82689726e-01 9.64308619e-01 9.05585170e-01
    6.84536517e-01 4.91334409e-01 8.44925582e-01 4.41176653e-01
    6.24291420e-01 1.03886813e-01 1.45225525e-01 1.48365289e-01
    4.84562993e-01 3.72786164e-01 8.71738315e-01 1.12307072e-01
    2.88472712e-01 2.34300494e-02 5.49017608e-01 5.25724113e-01
    7.43409157e-01 1.33423060e-01 4.36584592e-01 5.90474129e-01
    4.63310003e-01 3.20760071e-01 4.17761713e-01 8.12751174e-01
    1.31451190e-02 6.84684515e-01 4.91619945e-01 8.75079036e-02
    5.74665308e-01 2.90933967e-01 9.75736380e-01 4.54116464e-02
    5.72739482e-01 5.60954034e-01 7.90980697e-01 7.24679410e-01
    9.78905499e-01 2.23721892e-01 4.81545478e-01 7.14990377e-01
    3.44414473e-01 2.93393016e-01 2.17490852e-01 2.56198585e-01
    6.45428896e-01 2.15057552e-01 2.81586766e-01 9.12061214e-01
    6.91064537e-01 7.80902505e-01 5.34863293e-01 5.37222624e-01
    1.25546455e-01 7.06875324e-02 4.37347323e-01 2.19235301e-01
    8.09411526e-01 7.58642316e-01 3.23861718e-01 7.49737382e-01
    5.78218997e-01 3.01287681e-01 7.83884764e-01 7.65204847e-01
    7.61971354e-01 9.36187387e-01 7.07626343e-03 3.73249620e-01
    8.44158053e-01 9.78751898e-01 3.53768647e-01 8.07942986e-01
    3.05447876e-02 2.65344977e-02 9.79249358e-01 7.39560723e-02
    8.75899315e-01 1.27885610e-01 1.06908053e-01 5.37590146e-01
    6.54751837e-01 9.32175517e-02 5.19755423e-01 2.56474912e-02
    8.42808247e-01 4.38303947e-02 6.38837576e-01 1.63702339e-01
    7.27905989e-01 2.13186353e-01 2.35626549e-01 5.29099882e-01
    6.42290354e-01 2.27199346e-01 6.20564103e-01 7.44811833e-01
    7.45659292e-01 8.89594197e-01 5.97139299e-01 1.03942037e-01
    5.87465882e-01 5.15427232e-01 5.51182926e-01 9.37470913e-01
    5.50322711e-01 6.97211444e-01 8.28077435e-01 2.16684937e-02
    3.22825342e-01 1.96072638e-01 5.02256632e-01 1.58235431e-02
    9.44720268e-01 4.01130289e-01 9.37572777e-01 7.41394520e-01
    5.42169929e-01 2.45204419e-01 6.11932755e-01 1.45683587e-01
    7.89354682e-01 3.55679661e-01 3.34038556e-01 8.18566203e-01
    2.81904340e-02 6.74294472e-01 5.42682469e-01 7.92821407e-01
    3.08788717e-02 7.17910707e-01 5.26695549e-01 9.44960237e-01
    5.71093023e-01 6.87196136e-01 5.75778246e-01 3.95320326e-01
    1.03361964e-01 8.50306153e-01 4.60771859e-01 2.33072937e-01
    7.83039927e-01 8.11151206e-01 5.44529259e-01 8.06650281e-01
    7.97632456e-01 5.71618557e-01 8.01786780e-01 3.72884810e-01
    2.94794440e-02 4.92865950e-01 5.42445660e-01 5.19630849e-01
    5.84086776e-02 3.22504520e-01 1.66194797e-01 3.94887805e-01
    8.38795602e-02 9.29569721e-01 1.54222012e-01 4.21934277e-01
    1.71672255e-01 6.11927986e-01 9.33537960e-01 4.93062556e-01
    3.85702252e-01 6.85945153e-03 4.79866058e-01 9.56217885e-01
    8.10128689e-01 4.44948196e-01 7.26700723e-02 5.80122054e-01
    8.73255610e-01 5.26411891e-01 3.80841166e-01 3.41634780e-01
    8.79479468e-01 5.95382810e-01 2.39017665e-01 5.27672231e-01
    3.46543401e-01 5.80068529e-01 1.81248516e-01 8.46779346e-02
    5.10049403e-01 9.68785644e-01 6.86302662e-01 6.98766828e-01
    7.56621838e-01 9.65993702e-01 7.65068233e-02 5.43351471e-02
    2.83510268e-01 2.76634574e-01 4.23009753e-01 3.46264601e-01
    8.81051540e-01 8.14790130e-01 6.24603927e-01 2.37068206e-01
    5.42066395e-02 5.58086038e-02 6.33357644e-01 9.62790489e-01
    6.32471800e-01 5.97662032e-02 7.87782371e-01 2.13765651e-01
    5.84659100e-01 6.01908326e-01 9.27853286e-01 1.34758294e-01
    5.79019427e-01 6.97167158e-01 9.13694620e-01 8.83844018e-01
    3.27929944e-01 5.33107698e-01 2.01627910e-02 9.82906401e-01
    3.87467265e-01 7.95850992e-01 9.00650501e-01 5.76573193e-01
    3.67325485e-01 2.09363699e-01 5.16345501e-02 1.47139728e-02
    5.96684456e-01 4.56402391e-01 9.58619714e-01 8.19511056e-01
    3.99910778e-01 3.64305675e-01 7.14491725e-01 5.58269858e-01
    1.78833008e-02 7.44216323e-01 5.54663241e-01 8.38476121e-02
    1.27985954e-01 6.06712401e-02 4.16904658e-01 3.80861759e-02
    5.56843400e-01 3.19161415e-01 8.58390808e-01 8.62869680e-01
    6.16644979e-01 7.84203112e-02 3.07006538e-02 5.03262401e-01
    7.27675498e-01 7.79510856e-01 6.39025986e-01 5.59073627e-01
    8.46835971e-02 7.03736186e-01 3.71993691e-01 8.47329795e-02
    9.03962672e-01 5.31879246e-01 8.69032860e-01 6.92486942e-01
    2.17357069e-01 5.62085152e-01 7.63281941e-01 5.65078557e-01
    1.37877941e-01 5.04426837e-01 8.30914378e-01 1.44855022e-01
    3.48566115e-01 5.07713258e-02 8.76999974e-01 9.19123590e-01
    9.07633424e-01 2.11303264e-01 8.57988000e-03 5.80248833e-02
    4.07704115e-01 7.66564906e-01 6.42680228e-02 8.74953032e-01
    1.69099569e-02 4.04585600e-02 9.95625556e-02 8.75738680e-01
    9.44174290e-01 2.91974604e-01 8.74815702e-01 9.67190623e-01
    8.62590075e-01 6.00262165e-01 6.94669545e-01 7.87662745e-01
    6.73860312e-03 4.86523837e-01 1.23318464e-01 4.28761184e-01
    7.35931993e-01 7.12262452e-01 5.75742185e-01 2.57900834e-01
    8.60538840e-01 2.92059302e-01 8.24070156e-01 5.00514805e-02
    8.30563426e-01 8.35813642e-01 1.39329582e-01 8.18513751e-01
    3.91916037e-02 2.99202591e-01 3.61889660e-01 4.09782171e-01
    4.09354180e-01 5.87566733e-01 7.62532473e-01 2.66177356e-01
    2.68881679e-01 3.86617005e-01 2.07510024e-01 4.69720572e-01
    3.86325479e-01 5.50745547e-01 3.10328335e-01 4.01917517e-01
    8.11257660e-02 7.63971746e-01 8.08647156e-01 8.45375597e-01
    4.69870538e-01 2.51514703e-01 8.38309288e-01 2.23044097e-01
    3.71092260e-02 1.20786726e-01 7.27752447e-01 2.53000438e-01
    9.53005314e-01 6.00958228e-01 5.83683312e-01 4.64753866e-01
    9.31478202e-01 7.70674229e-01 4.42957491e-01 4.01283592e-01
    1.39563799e-01 9.05947328e-01 6.01747692e-01 5.79299033e-01
    6.95193827e-01 6.71669602e-01 8.00597191e-01 2.55183876e-01
    7.13391542e-01 9.46671903e-01 3.77366126e-01 3.43347579e-01
    9.91851807e-01 3.01883817e-01 7.56138980e-01 2.44099021e-01
    7.41058886e-01 8.19447219e-01 2.73893416e-01 9.57723677e-01
    3.63504291e-02 3.65085721e-01 1.29523247e-01 7.48195946e-02
    9.85254586e-01 5.04152358e-01 8.86002779e-01 2.64830887e-01
    2.13744342e-02 3.78415883e-02 1.55927241e-01 2.28457242e-01
    1.78840637e-01 6.15282357e-02 8.02967966e-01 4.51205045e-01
    9.90684152e-01 7.37010837e-01 1.47983074e-01 4.43663657e-01
    6.30396605e-01 7.60161221e-01 4.12710905e-01 3.54776889e-01
    5.62286317e-01 5.00732064e-01 2.50250399e-01 5.20947814e-01
    1.53883010e-01 7.42826581e-01 7.09514558e-01 1.24175847e-02
    9.24680889e-01 7.96141028e-01 1.75177127e-01 2.49014586e-01
    4.58070695e-01 9.30395901e-01 2.37074703e-01 6.10221267e-01
    5.03656983e-01 2.83108652e-01 3.52759004e-01 7.39750564e-02
    9.18582976e-01 7.45559573e-01 2.63064504e-02 3.31830680e-02
    9.76902604e-01 8.91147375e-01 5.69917560e-02 7.17567503e-02
    8.49521756e-01 4.06350046e-01 7.78918147e-01 3.27347904e-01
    1.14622712e-01 2.76072502e-01 3.43070030e-01 4.68862236e-01
    4.86785352e-01 1.48880601e-01 8.80194187e-01 8.93189073e-01
    2.77651548e-01 9.52986479e-01 2.88173825e-01 5.87609828e-01
    5.10662735e-01 9.77142811e-01 5.31284988e-01 2.26968050e-01
    4.69869584e-01 5.69023609e-01 2.39335150e-01 6.13561630e-01
    1.73032075e-01 7.78581500e-01 9.37084913e-01 9.19684768e-03
    3.87721896e-01 8.11618328e-01 6.07012630e-01 3.22706163e-01
    1.20074749e-02 3.29579055e-01 5.64795732e-02 4.00846601e-02
    5.17637014e-01 1.51520461e-01 4.51187193e-01 6.55518830e-01
    3.41549695e-01 6.89082086e-01 5.53382337e-01 6.35598779e-01
    3.06340456e-02 9.52009797e-01 6.46921992e-01 9.38622534e-01
    1.01902783e-01 2.74118662e-01 3.86370361e-01 8.37889314e-01
    5.79146028e-01 3.56526077e-01 3.32058668e-02 8.55943561e-01
    5.14689684e-02 7.64834762e-01 5.81651866e-01 8.74345660e-01
    3.92402321e-01 6.94591701e-02 4.43316519e-01 8.68324697e-01
    5.96684456e-01 4.56402391e-01 9.58619714e-01 8.19511056e-01
    3.99910778e-01 3.64305675e-01 7.14491725e-01 5.58269858e-01
    1.78833008e-02 7.44216323e-01 5.54663241e-01 8.38476121e-02
    1.27985954e-01 6.06712401e-02 4.16904658e-01 3.80861759e-02
    2.41068780e-01 9.80278134e-01 6.40881717e-01 4.12229151e-01
    3.12004089e-02 7.79953003e-01 5.49206316e-01 6.30902231e-01
    7.77597070e-01 1.07294351e-01 4.41170335e-01 3.32431912e-01
    1.62511259e-01 9.96985674e-01 8.70423436e-01 3.72430384e-02
    4.68961060e-01 8.40384722e-01 2.49471247e-01 3.42565179e-01
    1.67769730e-01 9.11312580e-01 8.56105089e-02 2.45305687e-01
    7.89471149e-01 9.66221690e-01 9.88716483e-01 6.05451941e-01
    9.64412808e-01 1.87921911e-01 5.87282658e-01 3.97296697e-01
    1.10473305e-01 9.87065852e-01 3.96380305e-01 1.79454565e-01
    6.47033811e-01 5.76583445e-01 6.44870639e-01 2.45647609e-01
    5.14622927e-02 6.21625185e-01 9.23864543e-01 4.92111504e-01
    3.17600816e-01 3.04555207e-01 8.11444819e-01 7.50311494e-01
    3.73075783e-01 9.41813111e-01 2.78930813e-01 4.04088914e-01
    6.00420833e-01 8.27379227e-01 5.14185905e-01 8.01415682e-01
    7.59622693e-01 1.62850380e-01 7.33064532e-01 7.02303410e-01
    2.87881851e-01 8.88657570e-02 6.71668053e-02 9.31533813e-01
    3.12383562e-01 9.23205256e-01 3.44858915e-01 6.65642321e-02
    8.66623282e-01 4.64706302e-01 1.27667487e-02 7.93116570e-01
    2.61790931e-01 9.78496552e-01 5.96455932e-01 7.92223573e-01
    3.33335996e-01 2.29786336e-02 2.65462667e-01 8.26741338e-01
    8.04880202e-01 7.65589297e-01 8.32359314e-01 4.37343895e-01
    5.36666811e-02 3.48712683e-01 4.27276403e-01 7.79011488e-01
    3.41283381e-01 1.79406822e-01 4.45059896e-01 3.84577721e-01
    7.95764923e-01 4.80747640e-01 7.72406876e-01 1.80395842e-01
    1.58348262e-01 8.57755303e-01 4.66225088e-01 3.76388460e-01
    8.09537649e-01 6.91063046e-01 1.87863737e-01 9.63927269e-01
    6.74736500e-02 3.00383568e-01 4.00492907e-01 3.49030793e-02
    6.27680242e-01 5.32529891e-01 9.11169589e-01 8.02411377e-01
    7.87094533e-02 1.91786259e-01 8.53921771e-01 9.90552902e-01
    4.80108857e-01 8.33783507e-01 2.82156169e-01 4.30053711e-01
    2.64216542e-01 2.96539962e-02 4.67013389e-01 9.10118699e-01
    3.34180295e-01 7.37533510e-01 2.43832976e-01 4.46734160e-01
    3.06067765e-02 4.29026902e-01 2.88605928e-01 3.96550894e-01
    4.80002016e-01 8.49158883e-01 8.35436940e-01 5.37573755e-01
    2.69853115e-01 9.96405602e-01 7.04939604e-01 5.52454829e-01
    5.48298597e-01 4.24955368e-01 5.01351058e-02 3.48777771e-01
    5.68215966e-01 4.16647196e-02 6.52793467e-01 5.99438846e-02
    2.51671314e-01 9.00378108e-01 7.65386939e-01 4.56851214e-01
    7.71308839e-01 8.26999843e-02 1.32413507e-01 5.91757178e-01
    8.35631788e-01 9.51531410e-01 5.11473715e-01 7.28405952e-01
    5.80010116e-01 5.97188056e-01 9.80534017e-01 4.34186339e-01
    7.17948079e-01 9.19834197e-01 9.09780741e-01 6.39815092e-01
    2.69296795e-01 9.82415020e-01 5.51225543e-01 9.14179981e-02
    7.02614248e-01 5.60835540e-01 1.06215864e-01 1.27280802e-01
    5.49547553e-01 8.39921772e-01 2.44417727e-01 7.35775828e-01
    8.97334993e-01 1.26677424e-01 4.79194015e-01 2.65180528e-01
    6.24042392e-01 5.91085672e-01 9.19294238e-01 8.59177589e-01
    1.27867520e-01 9.60028768e-02 7.10026622e-01 7.42478251e-01
    7.88481116e-01 1.51806146e-01 2.11219192e-01 2.71766573e-01
    8.45816731e-02 1.41768605e-01 7.20517457e-01 1.15936607e-01
    2.50211388e-01 6.07165635e-01 6.21175051e-01 9.43711519e-01
    1.27358615e-01 8.21944356e-01 2.10634083e-01 9.44067299e-01
    7.74141371e-01 6.01089478e-01 7.59505987e-01 3.70714188e-01
    2.00688571e-01 3.32226098e-01 6.77486479e-01 8.24928403e-01
    9.89874721e-01 6.83206201e-01 2.50220090e-01 9.44188356e-01
    8.98877084e-02 2.54804671e-01 9.13491368e-01 8.50733459e-01
    8.11563194e-01 7.52871037e-01 5.13511419e-01 1.30634606e-02
    4.80534405e-01 8.71527076e-01 9.62373614e-03 8.81560922e-01
    5.50667346e-01 6.56966746e-01 7.73330629e-01 9.16744351e-01
    7.05427229e-01 1.62384778e-01 8.78378391e-01 4.45971638e-01
    7.94009745e-01 2.22656250e-01 8.30639839e-01 8.58720660e-01
    9.33845639e-01 1.71377093e-01 4.23454553e-01 1.77283525e-01
    1.83881432e-01 3.00342530e-01 1.29540354e-01 4.50473428e-02
    8.73804510e-01 1.72059119e-01 2.21663415e-01 9.92733479e-01
    2.41068780e-01 9.80278134e-01 6.40881717e-01 4.12229151e-01
    3.12004089e-02 7.79953003e-01 5.49206316e-01 6.30902231e-01
    7.77597070e-01 1.07294351e-01 4.41170335e-01 3.32431912e-01
    1.62511259e-01 9.96985674e-01 8.70423436e-01 3.72430384e-02
    6.90186620e-01 1.12062573e-01 4.97413278e-01 9.26882327e-01
    8.84310842e-01 4.93300617e-01 9.98319864e-01 4.93248910e-01
    8.67469668e-01 3.38923931e-01 3.37408125e-01 3.77317905e-01
    7.11325884e-01 5.20306230e-01 7.45201409e-01 9.05651450e-01
    1.67594254e-02 7.74168134e-01 9.95620608e-01 2.69532233e-01
    9.13488030e-01 3.07307452e-01 5.78882337e-01 4.34970111e-01
    1.49396479e-01 8.20647418e-01 3.82898480e-01 5.06398082e-01
    8.89570951e-01 7.36617744e-01 1.85360581e-01 5.28042197e-01
    8.11135709e-01 1.60889059e-01 3.39602470e-01 2.64692754e-01
    8.19761157e-01 3.71936679e-01 3.92041415e-01 5.44838309e-01
    1.12186342e-01 9.62420702e-01 8.29116344e-01 7.29910910e-01
    4.84127551e-01 1.19874030e-01 2.86230356e-01 4.02482450e-01
    3.42151523e-01 5.74776828e-02 5.92446744e-01 1.88362390e-01
    5.82313240e-02 2.22408205e-01 4.97096658e-01 6.34507179e-01
    6.36855662e-01 4.44068581e-01 9.36257303e-01 8.06982875e-01
    4.51151192e-01 9.21432734e-01 6.52507603e-01 9.17131066e-01
    3.23832154e-01 1.50593370e-01 6.83164656e-01 3.68497133e-01
    3.31465334e-01 4.44047153e-01 4.13482308e-01 6.12273276e-01
    6.36446238e-01 5.00860810e-01 3.89818132e-01 6.09608412e-01
    5.90473473e-01 5.10424078e-01 2.96422184e-01 6.67528450e-01
    2.29220957e-01 4.21080828e-01 6.47738278e-02 4.72076029e-01
    4.03792500e-01 8.13617349e-01 4.06946778e-01 3.55638564e-02
    7.36011028e-01 3.48322481e-01 9.91632462e-01 1.23771727e-01
    5.57325959e-01 5.25530040e-01 2.73811817e-01 3.09167802e-01
    2.60671943e-01 1.88219219e-01 4.92725968e-02 6.98641539e-01
    8.35821033e-03 4.14523095e-01 5.61530292e-01 8.49768877e-01
    5.44333458e-01 9.49648499e-01 8.66233706e-02 8.35006416e-01
    3.17844391e-01 9.57949579e-01 1.59318745e-02 2.58561224e-01
    1.96294487e-02 5.72561920e-02 9.98608351e-01 5.24827838e-02
    6.28696203e-01 4.29131776e-01 4.07054663e-01 2.51669466e-01
    9.54899788e-01 6.24654770e-01 2.42185563e-01 8.12561035e-01
    5.88699698e-01 2.31710523e-01 4.59612072e-01 6.44930124e-01
    7.87065029e-01 5.47270834e-01 6.22652769e-01 1.42554611e-01
    9.56076801e-01 1.59146935e-01 5.73719501e-01 3.99090230e-01
    1.86166167e-02 3.11900169e-01 6.89113021e-01 9.08380747e-02
    8.23705614e-01 9.56524730e-01 9.98289704e-01 9.86775398e-01
    6.93160594e-02 3.39137614e-01 4.08257484e-01 9.84699547e-01
    7.66654372e-01 9.48405206e-01 9.63128805e-01 1.06560886e-02
    3.67271453e-01 8.55511129e-02 7.36460745e-01 4.56470132e-01
    1.96382761e-01 5.87382555e-01 5.96495569e-02 7.58516312e-01
    6.73377991e-01 9.25518394e-01 6.51589513e-01 8.16197753e-01
    3.83390546e-01 3.32336158e-01 9.67045188e-01 5.92897236e-02
    4.25681531e-01 7.54896879e-01 6.15774155e-01 5.58013439e-01
    8.78312945e-01 6.57874465e-01 2.58756816e-01 4.59988773e-01
    8.07088614e-01 6.05912387e-01 7.76239812e-01 9.38806176e-01
    3.06845665e-01 8.28380823e-01 5.54050744e-01 1.77577436e-02
    4.75941241e-01 6.78981185e-01 6.67499781e-01 5.91051161e-01
    6.26439571e-01 2.04748362e-01 4.81281161e-01 6.91701174e-01
    3.60247195e-01 5.13398528e-01 7.90322423e-01 7.96207070e-01
    8.12477767e-01 9.15873051e-03 4.53113019e-02 3.98127854e-01
    7.66606927e-01 3.16326261e-01 6.07784152e-01 5.63875079e-01
    2.02876538e-01 8.91636014e-02 8.73075306e-01 6.20671451e-01
    6.07829511e-01 8.65763068e-01 4.52440381e-02 5.33374548e-01
    6.09920800e-01 8.82219970e-01 3.88092577e-01 2.08656996e-01
    1.32179707e-01 1.81259960e-01 2.81354308e-01 5.25418282e-01
    6.88323736e-01 2.69330323e-01 7.00256646e-01 9.97479200e-01
    7.70980299e-01 8.69616151e-01 3.74879897e-01 6.22515082e-01
    1.87605590e-01 3.53568792e-03 5.12660086e-01 4.70807582e-01
    9.80789721e-01 4.16474521e-01 2.10233778e-01 3.31092060e-01
    7.83603549e-01 3.49610448e-01 2.59616792e-01 3.65920663e-01
    7.97062337e-01 8.64635348e-01 5.75940311e-02 6.97215259e-01
    9.23774838e-01 6.47393227e-01 4.19546485e-01 4.40211296e-01
    4.26388919e-01 4.87374127e-01 4.65024590e-01 5.21743119e-01
    9.41233754e-01 3.96657884e-01 9.87739801e-01 9.78521645e-01
    6.90186620e-01 1.12062573e-01 4.97413278e-01 9.26882327e-01
    8.84310842e-01 4.93300617e-01 9.98319864e-01 4.93248910e-01
    8.67469668e-01 3.38923931e-01 3.37408125e-01 3.77317905e-01
    7.11325884e-01 5.20306230e-01 7.45201409e-01 9.05651450e-01
    4.76752847e-01 3.05468619e-01 8.42990994e-01 2.59356618e-01
    5.32539785e-01 8.96015286e-01 2.84081012e-01 7.01736867e-01
    9.19227600e-01 1.22312516e-01 4.43974465e-01 7.60458708e-02
    7.26068914e-01 7.56087840e-01 8.99143219e-02 4.46988881e-01
    8.10698569e-02 5.55555582e-01 3.65682125e-01 3.21714282e-01
    2.03496814e-02 8.41125906e-01 1.78546965e-01 6.76360309e-01
    7.32503831e-01 4.97157127e-01 3.86962891e-01 5.54372132e-01
    3.44577521e-01 3.40560377e-01 4.88914609e-01 7.34149158e-01
    8.10748041e-02 5.07856607e-02 8.63107562e-01 4.22599524e-01
    2.87937641e-01 2.70381153e-01 2.26158798e-01 3.63109887e-01
    3.19333971e-02 1.69867903e-01 8.27050090e-01 6.08065128e-01
    1.07291341e-03 5.25802016e-01 3.16941082e-01 2.95694947e-01
    8.13770354e-01 2.58698463e-02 3.33053350e-01 3.80680680e-01
    3.55961263e-01 4.15627867e-01 7.10896730e-01 4.52976823e-02
    2.57950336e-01 6.17352903e-01 8.66944790e-02 9.04830456e-01
    5.64562082e-01 2.93583453e-01 9.81077075e-01 2.51654863e-01
    3.34182799e-01 7.31236339e-02 2.58639663e-01 1.95769876e-01
    9.73519206e-01 6.68068349e-01 4.48666960e-01 8.30393016e-01
    2.27575600e-01 4.76876557e-01 9.34177160e-01 1.92565471e-01
    3.50661069e-01 9.72946286e-01 1.40826523e-01 7.90477753e-01
    1.42358631e-01 5.67728221e-01 8.72422934e-01 8.10133696e-01
    9.80811238e-01 3.70508730e-01 8.59740257e-01 4.12543923e-01
    6.33945882e-01 9.21466112e-01 9.48132336e-01 9.71393645e-01
    7.04206526e-02 6.96524501e-01 5.91002822e-01 6.09407723e-02
    5.37560582e-01 6.78317845e-01 1.03973180e-01 5.53920567e-01
    8.82490993e-01 1.31000310e-01 8.06997955e-01 4.93361533e-01
    9.67548192e-02 5.86816370e-02 5.44828296e-01 6.46864831e-01
    5.78472912e-01 4.20641899e-01 7.67933488e-01 6.96499944e-01
    6.20879591e-01 5.00441432e-01 7.87740052e-02 5.44713736e-02
    4.89019036e-01 5.01551151e-01 3.41352105e-01 3.41455638e-02
    2.15060771e-01 5.75626135e-01 8.36293697e-01 8.63586724e-01
    2.83627748e-01 9.21037197e-02 6.51059806e-01 3.62993658e-01
    4.31918591e-01 4.35734451e-01 7.75490522e-01 7.08460748e-01
    9.36052203e-01 5.40121496e-02 6.47874653e-01 3.26013386e-01
    2.35489845e-01 7.27573156e-01 8.39701295e-01 7.07311332e-01
    9.26347673e-02 7.95531154e-01 3.61509919e-01 2.14805216e-01
    8.93108189e-01 5.70572078e-01 1.48222268e-01 8.28810334e-01
    3.41460437e-01 9.96396542e-02 1.41153336e-01 7.51185417e-02
    4.29404974e-02 5.76877773e-01 8.94597173e-03 1.41665399e-01
    4.64931399e-01 9.94905353e-01 2.88110495e-01 6.41259551e-02
    6.67841971e-01 5.26544631e-01 8.13894153e-01 4.37734276e-01
    4.81556475e-01 6.50078058e-04 3.80022615e-01 7.76289940e-01
    1.74347162e-02 3.13147306e-01 2.97726810e-01 6.90331638e-01
    9.97233629e-01 9.33058858e-01 9.45750117e-01 6.54796004e-01
    9.64965105e-01 9.06113863e-01 6.31716728e-01 9.52085972e-01
    5.47149956e-01 6.57676756e-02 4.64364707e-01 8.76320243e-01
    7.22670794e-01 6.89463019e-01 7.87588596e-01 8.57977152e-01
    5.73249400e-01 5.47497034e-01 4.11272913e-01 9.48617935e-01
    7.43256986e-01 3.13844323e-01 2.82063901e-01 1.18564665e-01
    5.85261405e-01 8.90216231e-01 8.40701938e-01 7.14427531e-01
    1.05425060e-01 8.14607263e-01 4.35748130e-01 1.53626829e-01
    1.82185113e-01 7.44896650e-01 6.92037404e-01 6.63664341e-01
    9.91894484e-01 9.59557533e-01 8.20878208e-01 2.89966494e-01
    3.66566777e-01 5.63501716e-01 6.39012992e-01 7.96350241e-01
    1.73288077e-01 7.81890154e-01 9.10960555e-01 2.68309236e-01
    1.31115019e-02 3.86397719e-01 5.67240715e-01 3.72012734e-01
    5.16399562e-01 6.43866360e-01 6.24989986e-01 3.49769652e-01
    3.27085257e-02 1.67332590e-01 8.26095700e-01 7.10622549e-01
    7.04089046e-01 9.82741714e-01 7.03997791e-01 2.52929926e-01
    8.31598222e-01 2.77071148e-01 2.95480251e-01 7.21658587e-01
    4.19808298e-01 8.76114845e-01 7.69200206e-01 3.58716309e-01
    2.55349368e-01 9.72060144e-01 6.01205587e-01 1.33823514e-01
    2.26996630e-01 2.65935361e-01 8.06511402e-01 2.14227676e-01
    9.50807631e-02 3.94457579e-02 3.54970098e-01 4.48428959e-01
    4.76752847e-01 3.05468619e-01 8.42990994e-01 2.59356618e-01
    5.32539785e-01 8.96015286e-01 2.84081012e-01 7.01736867e-01
    9.19227600e-01 1.22312516e-01 4.43974465e-01 7.60458708e-02
    7.26068914e-01 7.56087840e-01 8.99143219e-02 4.46988881e-01
    7.85421729e-01 1.85192198e-01 6.08149767e-01 2.18630910e-01
    1.64189041e-02 8.38675797e-02 6.72832489e-01 9.78002191e-01
    6.38500929e-01 5.11869073e-01 7.58980513e-01 7.90486813e-01
    4.39694524e-02 4.93416786e-01 8.28074455e-01 5.05698204e-01
    4.61231887e-01 3.39324296e-01 7.42636561e-01 1.25718713e-02
    6.69607460e-01 2.61768758e-01 7.48344600e-01 3.98983479e-01
    6.35275126e-01 1.09392464e-01 4.23929840e-01 6.38971686e-01
    1.27989858e-01 5.45900345e-01 9.85581696e-01 1.81083143e-01
    4.08419669e-01 5.95494986e-01 6.23355210e-01 3.96877021e-01
    3.64542603e-01 4.26482886e-01 3.99164736e-01 9.85698819e-01
    9.60214138e-02 7.59672225e-01 8.44867945e-01 9.34275389e-01
    5.73070347e-02 4.25035357e-01 2.54220843e-01 4.30367440e-01
    2.63604194e-01 2.01108396e-01 6.89516425e-01 2.85280704e-01
    6.86590910e-01 2.00614333e-03 2.64060169e-01 7.52398491e-01
    3.36534679e-02 7.81403065e-01 5.56411386e-01 7.34955847e-01
    5.04016995e-01 8.74719918e-02 4.35645401e-01 5.20323098e-01
    8.83853316e-01 6.00457072e-01 8.04816008e-01 8.45993996e-01
    3.67011577e-01 4.28788543e-01 1.39068007e-01 9.92452979e-01
    8.10204864e-01 7.61808276e-01 2.29141414e-01 3.56891185e-01
    7.61414111e-01 1.58562958e-02 7.40818977e-01 3.81136000e-01
    6.90907657e-01 4.78268027e-01 1.16425335e-01 5.85996568e-01
    6.05532050e-01 8.65095556e-01 1.13664389e-01 6.22525096e-01
    6.22783124e-01 4.24095184e-01 2.96487331e-01 7.90079236e-01
    7.81561613e-01 4.36108410e-02 9.80794728e-01 6.49617672e-01
    9.38091576e-01 4.69093204e-01 1.40691191e-01 3.86016548e-01
    3.46711040e-01 4.36494052e-02 2.46053904e-01 6.61375880e-01
    4.69255418e-01 6.17135167e-02 9.17375088e-01 1.12549692e-01
    5.13573706e-01 8.32487583e-01 7.11079121e-01 5.44021487e-01
    3.63569736e-01 6.43434882e-01 1.25003755e-01 9.43113863e-01
    6.40007555e-01 5.46178937e-01 1.82050020e-01 7.18929291e-01
    7.50957549e-01 7.82649517e-02 2.34846979e-01 1.24325812e-01
    8.32436442e-01 8.25988710e-01 1.79219574e-01 5.18327713e-01
    7.58766830e-02 4.84945863e-01 5.21783352e-01 1.57808661e-01
    7.70456433e-01 2.21390367e-01 5.07307053e-01 3.43290776e-01
    8.97593498e-02 2.75116086e-01 9.17897463e-01 2.97794878e-01
    9.77734923e-01 6.73210680e-01 4.83893454e-02 3.06632340e-01
    3.93078089e-01 9.82504010e-01 8.61616015e-01 9.82209682e-01
    1.84393495e-01 5.29038370e-01 2.13694185e-01 4.85011101e-01
    4.75362599e-01 4.72585976e-01 9.13690388e-01 8.87825489e-02
    8.94356668e-01 6.00290239e-01 4.36258137e-01 6.38258457e-01
    2.77102292e-02 7.92503893e-01 2.04732478e-01 4.72560704e-01
    1.51274741e-01 8.98265243e-01 2.04464376e-01 3.03559065e-01
    7.22865105e-01 6.61350548e-01 6.42460287e-02 8.29983592e-01
    8.46307397e-01 8.72366548e-01 7.80738354e-01 5.95286369e-01
    1.87992007e-01 1.71847910e-01 9.24155831e-01 3.11400414e-01
    8.86116862e-01 9.29248691e-01 1.19838029e-01 4.20055687e-02
    9.33677435e-01 3.32680672e-01 6.56704485e-01 2.80455232e-01
    8.07656169e-01 3.07802558e-02 9.48080659e-01 2.55149126e-01
    5.61275601e-01 4.67889071e-01 5.41039705e-02 3.57461870e-01
    8.31851721e-01 2.02099830e-01 8.07375491e-01 5.59052944e-01
    8.08861613e-01 4.42489147e-01 1.84453070e-01 5.76338470e-01
    7.84820855e-01 6.06686532e-01 3.74733925e-01 7.70338178e-01
    1.20256782e-01 7.39425063e-01 2.22511888e-02 1.87735975e-01
    4.51657116e-01 1.72252208e-01 6.24424100e-01 3.17260087e-01
    8.76605153e-01 3.76692832e-01 3.59987617e-01 9.50870991e-01
    6.20162427e-01 1.69812441e-01 9.18932855e-02 3.71358097e-01
    3.67841244e-01 4.76905346e-01 6.03496134e-01 5.29126048e-01
    7.58833349e-01 4.42280382e-01 1.74094409e-01 5.84282935e-01
    2.91222632e-01 1.07634574e-01 8.74712467e-01 5.42955220e-01
    5.84459901e-02 3.74778569e-01 8.48904848e-01 2.58001745e-01
    4.67562675e-02 5.66220939e-01 7.69290507e-01 6.06029332e-02
    1.32083535e-01 3.74994665e-01 3.60763669e-02 3.78203094e-02
    5.32948673e-01 8.59582782e-01 2.14043885e-01 8.05909038e-02
    4.86644000e-01 7.91172981e-01 6.36884451e-01 6.73898160e-02
    7.85421729e-01 1.85192198e-01 6.08149767e-01 2.18630910e-01
    1.64189041e-02 8.38675797e-02 6.72832489e-01 9.78002191e-01
    6.38500929e-01 5.11869073e-01 7.58980513e-01 7.90486813e-01
    4.39694524e-02 4.93416786e-01 8.28074455e-01 5.05698204e-01
    2.15081573e-02 9.11100030e-01 7.44209886e-01 6.80830181e-01
    4.29061472e-01 1.64622128e-01 1.08742774e-01 1.66250229e-01
    5.95712543e-01 2.37979233e-01 3.91545832e-01 8.25245321e-01
    3.49329412e-01 8.10963631e-01 1.55390024e-01 3.13939154e-01
    1.96590662e-01 6.10765100e-01 1.51857853e-01 2.91770607e-01
    7.09446788e-01 3.20719451e-01 4.29135621e-01 4.42318171e-01
    5.31765819e-01 1.65212929e-01 4.99044359e-01 2.34080344e-01
    2.62582779e-01 2.93659747e-01 9.88664091e-01 5.50086319e-01
    2.61701673e-01 3.48065436e-01 6.14138842e-01 2.30607986e-02
    1.02134556e-01 9.26984072e-01 4.98461574e-01 2.58156478e-01
    1.85921818e-01 6.35566115e-01 6.20715022e-01 1.94378465e-01
    5.26030362e-02 6.03151560e-01 5.02719522e-01 1.88275367e-01
    3.16556722e-01 9.25039530e-01 4.14008260e-01 5.49241543e-01
    4.27541882e-01 2.90511727e-01 1.64217144e-01 1.05635166e-01
    4.21007454e-01 5.96123457e-01 9.58365917e-01 7.90176690e-02
    1.62539989e-01 3.98999333e-01 1.41443044e-01 3.04928362e-01
    3.77168119e-01 4.78164673e-01 5.56023717e-01 8.04217398e-01
    4.98571694e-01 6.18897438e-01 4.15333331e-01 7.28090227e-01
    1.99827462e-01 1.05206698e-01 5.16289473e-01 4.83394384e-01
    8.22540641e-01 8.05945694e-01 4.30412114e-01 2.27129430e-01
    2.18074858e-01 4.07096863e-01 8.04894030e-01 7.11488724e-01
    5.14168561e-01 1.48793548e-01 3.98822784e-01 7.82100856e-01
    6.53479695e-01 7.57428765e-01 9.00583267e-01 4.19938087e-01
    7.85475850e-01 8.12626004e-01 2.14926869e-01 1.44537568e-01
    5.84694743e-03 7.25534558e-01 5.17152429e-01 5.97154200e-02
    5.05880117e-01 7.67219841e-01 8.72454166e-01 2.57383466e-01
    4.51966703e-01 3.91501069e-01 4.98045981e-02 7.55897164e-02
    2.70279944e-01 7.07472205e-01 4.60195929e-01 5.51681042e-01
    5.72856307e-01 1.45646274e-01 5.42486012e-02 8.87374997e-01
    6.44992173e-01 5.36020398e-01 7.71634698e-01 2.06826746e-01
    9.66636062e-01 2.51287341e-01 5.29395580e-01 7.84119487e-01
    6.63088918e-01 8.57597828e-01 7.82692373e-01 7.24390090e-01
    4.90706503e-01 4.29826289e-01 9.71965313e-01 1.94291204e-01
    6.27000928e-01 7.62906909e-01 5.75782359e-01 5.23866117e-01
    3.16783786e-02 6.14797533e-01 7.59812713e-01 1.62815392e-01
    3.90469253e-01 8.16290259e-01 4.83560860e-02 3.12758565e-01
    1.43958896e-01 8.34893584e-01 7.15136945e-01 6.38170838e-02
    2.67550826e-01 9.33306813e-02 6.74546599e-01 1.86836541e-01
    2.09784478e-01 3.60013068e-01 6.05850399e-01 7.71636844e-01
    3.45077395e-01 3.34560275e-01 3.67098957e-01 2.85784245e-01
    6.23212576e-01 1.15245581e-03 6.05924606e-01 2.05966085e-01
    2.71772832e-01 1.38574660e-01 6.25866711e-01 2.47959554e-01
    4.07006562e-01 5.29985428e-01 1.41016394e-01 7.10870862e-01
    8.33254337e-01 2.15153158e-01 5.60856640e-01 8.31432581e-01
    5.69649100e-01 6.81915283e-01 8.17347467e-01 4.07763898e-01
    5.99823892e-02 4.81677532e-01 4.58790421e-01 9.27417517e-01
    5.73034406e-01 7.70911574e-02 8.86864781e-01 4.35835183e-01
    2.13474900e-01 7.00225711e-01 1.89400673e-01 5.28766215e-01
    1.70417339e-01 3.67354184e-01 1.57761902e-01 3.44992906e-01
    5.15637636e-01 3.29297006e-01 2.11937040e-01 8.67968857e-01
    1.08762532e-01 5.94229698e-01 4.19484466e-01 4.83145237e-01
    5.89162409e-01 9.80777800e-01 1.91948771e-01 9.61583257e-02
    4.20621932e-02 7.42424190e-01 9.61391330e-01 6.36281788e-01
    6.13662302e-02 4.99188662e-01 1.91325158e-01 9.31451917e-02
    5.70117712e-01 4.52529073e-01 7.86387146e-01 8.38615537e-01
    4.52178389e-01 6.57279849e-01 7.39719987e-01 4.79736894e-01
    3.80136609e-01 6.95853710e-01 7.44069457e-01 4.15626317e-01
    4.07928288e-01 1.71914667e-01 3.95096123e-01 2.87086189e-01
    4.20084208e-01 4.66676891e-01 5.56688130e-01 6.31652296e-01
    4.34794664e-01 1.92318141e-01 3.39143276e-02 9.11032796e-01
    4.01279956e-01 9.13520694e-01 7.23568022e-01 1.03453726e-01
    8.10033083e-01 5.45148134e-01 9.28856373e-01 7.19528913e-01
    7.82801807e-02 5.26668847e-01 9.77054656e-01 7.95421004e-03
    6.91257358e-01 1.47834450e-01 7.83665240e-01 8.37386549e-01
    2.15081573e-02 9.11100030e-01 7.44209886e-01 6.80830181e-01
    4.29061472e-01 1.64622128e-01 1.08742774e-01 1.66250229e-01
    5.95712543e-01 2.37979233e-01 3.91545832e-01 8.25245321e-01
    3.49329412e-01 8.10963631e-01 1.55390024e-01 3.13939154e-01
    1.54979169e-01 8.02462578e-01 5.56898952e-01 2.22562969e-01
    8.86957884e-01 3.66809487e-01 7.49891102e-01 9.52815056e-01
    7.32095242e-01 1.53640568e-01 7.54482210e-01 7.65557408e-01
    3.76064003e-01 5.32713711e-01 6.11995876e-01 7.91562915e-01
    3.76145929e-01 9.23243999e-01 4.95989740e-01 8.30981255e-01
    4.35305804e-01 1.47960812e-01 9.45993364e-02 5.86684883e-01
    1.87003016e-02 2.50981927e-01 3.35893452e-01 4.56131160e-01
    7.66680241e-01 6.54804111e-01 4.06363428e-01 4.80907738e-01
    3.08986992e-01 2.00564861e-02 4.05713558e-01 1.98153168e-01
    5.99375725e-01 6.98243976e-01 3.19506288e-01 4.87097532e-01
    3.20918202e-01 4.89553720e-01 6.27733052e-01 4.43596542e-01
    8.67131770e-01 9.10699844e-01 3.84073913e-01 6.34995401e-02
    4.97945368e-01 1.27523899e-01 6.65805519e-01 2.20244557e-01
    7.82402039e-01 8.43522072e-01 6.99731112e-01 9.96001363e-01
    5.62759042e-01 6.99167490e-01 7.32570648e-01 8.13231230e-01
    5.27482629e-01 9.33517456e-01 1.10595733e-01 4.52378035e-01
    3.04140687e-01 3.33011448e-02 7.53764749e-01 6.78787231e-01
    7.48496711e-01 9.03226733e-01 3.86694491e-01 2.25912303e-01
    5.35846114e-01 5.79636335e-01 7.40950108e-01 6.59436584e-01
    2.69665480e-01 9.85919714e-01 7.83052146e-02 2.05040932e-01
    7.13066399e-01 9.09461260e-01 2.18128055e-01 4.20259386e-01
    4.13630515e-01 9.85073447e-01 1.82185531e-01 8.60440373e-01
    8.43843818e-02 1.69792682e-01 4.91293818e-01 5.98983765e-02
    6.85944974e-01 3.93575370e-01 6.93935752e-01 6.58278584e-01
    9.95718956e-01 6.67364001e-02 8.85079265e-01 4.15693402e-01
    1.02258325e-01 2.77742207e-01 8.53058577e-01 6.23515069e-01
    9.04189110e-01 2.77645946e-01 2.02926159e-01 2.13946104e-01
    6.41548991e-01 1.84076488e-01 7.96205997e-01 7.41425395e-01
    9.37669516e-01 2.77642906e-02 2.96490967e-01 6.61067307e-01
    3.94042313e-01 2.24083990e-01 4.18058753e-01 8.73002470e-01
    7.30399430e-01 1.70200318e-01 3.96593094e-01 9.42043185e-01
    8.71881247e-02 7.61551142e-01 8.17776680e-01 3.05984914e-01
    6.85642242e-01 1.05148673e-01 4.91051614e-01 7.33968616e-01
    9.08679128e-01 9.23768997e-01 4.92311358e-01 1.74901813e-01
    1.14297390e-01 5.18640816e-01 5.31061649e-01 3.98215413e-01
    7.55359650e-01 5.66661358e-02 7.27057219e-01 2.24709511e-05
    4.90544796e-01 3.97744775e-01 7.19440997e-01 9.80530024e-01
    6.63715601e-01 6.35212898e-01 1.10788882e-01 6.17180347e-01
    7.96505213e-01 1.65448189e-02 2.25876391e-01 9.33680058e-01
    2.87142009e-01 7.44158030e-03 1.61279351e-01 3.92372370e-01
    9.55155373e-01 8.86203647e-01 1.88138664e-01 6.23405576e-01
    4.97926831e-01 3.03272039e-01 9.40274775e-01 7.42382884e-01
    6.67456686e-01 3.63600731e-01 6.69796348e-01 1.93750858e-02
    5.58914661e-01 2.72766650e-01 2.86299706e-01 9.26972628e-02
    3.65137309e-01 8.20040464e-01 1.73509151e-01 1.13120437e-01
    9.63132381e-02 3.09899151e-01 3.83180112e-01 3.38925958e-01
    5.56226909e-01 6.03110909e-01 5.16846001e-01 8.53121877e-01
    6.61773920e-01 1.68891758e-01 7.44397163e-01 7.79812992e-01
    3.73809755e-01 1.59671396e-01 5.62715590e-01 6.26405954e-01
    7.18246102e-02 6.04777873e-01 8.78438354e-01 7.52248645e-01
    1.45866841e-01 4.52533364e-03 9.74249482e-01 6.83750927e-01
    6.10325694e-01 7.35364735e-01 4.60812807e-01 7.54778683e-02
    3.87904942e-02 1.69634163e-01 9.10722494e-01 5.27711809e-01
    3.42364311e-01 2.18156636e-01 6.87765360e-01 3.48820448e-01
    3.18275332e-01 1.86535180e-01 5.50969720e-01 3.58198166e-01
    9.74478900e-01 3.89335573e-01 9.73217607e-01 1.54336840e-01
    9.59752440e-01 6.77591324e-01 4.28167999e-01 1.08128875e-01
    9.10302579e-01 4.85426575e-01 7.48181701e-01 1.51754647e-01
    7.27977574e-01 5.83538711e-02 7.00361609e-01 2.76139885e-01
    2.53780127e-01 8.88537407e-01 8.71458173e-01 8.96710515e-01
    5.22308230e-01 2.36309737e-01 8.46032262e-01 1.39499545e-01
    1.16246253e-01 4.21217948e-01 2.97899842e-01 4.98826712e-01
    4.74809676e-01 8.82010341e-01 9.86319482e-02 1.64981484e-02
    7.64628708e-01 2.44261295e-01 1.86254829e-01 1.10833198e-01
    1.54979169e-01 8.02462578e-01 5.56898952e-01 2.22562969e-01
    8.86957884e-01 3.66809487e-01 7.49891102e-01 9.52815056e-01
    7.32095242e-01 1.53640568e-01 7.54482210e-01 7.65557408e-01
    3.76064003e-01 5.32713711e-01 6.11995876e-01 7.91562915e-01
    4.83751297e-03 8.76544714e-01 4.30929512e-01 3.27003598e-01
    5.77933490e-01 9.84698713e-01 1.92845315e-01 1.16948336e-01
    7.57364631e-01 4.38138723e-01 7.62216270e-01 6.63102508e-01
    4.08082187e-01 1.20927691e-01 2.78892159e-01 6.11614645e-01
    3.18973929e-01 8.29155684e-01 8.30726385e-01 8.17850530e-01
    1.85233414e-01 5.54267108e-01 9.88802075e-01 3.13129812e-01
    9.32350099e-01 6.48984551e-01 7.54292309e-02 3.86255383e-01
    7.42024064e-01 9.38655436e-01 9.62246776e-01 6.06462419e-01
    6.12011850e-01 4.32520956e-01 7.59684563e-01 8.78979385e-01
    5.65491796e-01 1.57654881e-02 3.55614364e-01 2.71401942e-01
    1.46954656e-02 6.11835897e-01 2.63928473e-01 8.35961223e-01
    8.17174554e-01 5.55294693e-01 9.49165106e-01 2.90183067e-01
    5.27006865e-01 3.47632349e-01 1.97684765e-01 2.85852700e-01
    3.80993932e-01 9.02921081e-01 4.48517501e-02 6.53158903e-01
    5.87330818e-01 6.40712559e-01 2.39442438e-01 2.50219703e-01
    7.22733855e-01 2.92642593e-01 3.28678071e-01 5.92513323e-01
    3.90158653e-01 9.30542946e-01 4.67580467e-01 9.81231153e-01
    8.11663151e-01 5.39575577e-01 6.05346024e-01 5.93410373e-01
    8.35301280e-01 4.11563218e-01 6.73554659e-01 7.95690954e-01
    7.20798135e-01 2.36649483e-01 2.07125187e-01 8.47861171e-02
    6.95225894e-01 3.10751915e-01 2.05944568e-01 6.62047267e-01
    6.34396315e-01 3.45761597e-01 2.13280857e-01 3.83498460e-01
    4.85008955e-03 5.85174501e-01 5.02030790e-01 6.41216815e-01
    4.41497862e-02 1.44381553e-01 3.08947802e-01 5.30062497e-01
    4.10460114e-01 8.59598696e-01 4.19773608e-01 3.57361495e-01
    7.93722272e-01 3.32321793e-01 5.71022928e-01 6.07509792e-01
    5.71727693e-01 9.82114673e-01 9.16804194e-01 6.83635831e-01
    2.74009347e-01 1.78093165e-01 1.98655158e-01 4.65411007e-01
    7.36640275e-01 6.14324033e-01 7.13173151e-01 1.32241517e-01
    1.28887892e-02 3.51707429e-01 9.28518653e-01 3.31666231e-01
    1.15021169e-01 5.18791020e-01 7.99773991e-01 3.70638967e-02
    1.92774624e-01 8.41348588e-01 9.75280523e-01 2.31491208e-01
    4.98132378e-01 5.75636566e-01 9.57805336e-01 4.85190541e-01
    6.70257211e-03 9.13823545e-02 7.74368286e-01 3.80056620e-01
    2.68055499e-02 9.08752203e-01 4.36980098e-01 2.34228730e-01
    2.20617145e-01 4.45366025e-01 9.41281676e-01 7.01817930e-01
    5.32693386e-01 4.03743237e-01 7.54805207e-02 4.26497072e-01
    2.91768372e-01 4.46984917e-01 3.26556265e-01 2.87281036e-01
    6.23508155e-01 7.55167782e-01 6.58041596e-01 7.58780122e-01
    8.20786357e-01 9.61311102e-01 5.01894653e-01 1.14162385e-01
    6.74701035e-01 2.64308691e-01 8.85812759e-01 3.91066134e-01
    2.42832601e-01 7.05354333e-01 3.22610319e-01 5.33290744e-01
    5.93555570e-01 5.40788472e-01 3.01643938e-01 1.36044532e-01
    6.49668932e-01 4.22587216e-01 5.25242209e-01 4.52983379e-03
    1.59445912e-01 7.28346705e-01 4.56424028e-01 8.80287588e-02
    4.19564426e-01 3.98601413e-01 4.41831201e-01 1.45623595e-01
    8.04350019e-01 2.04013944e-01 3.03353071e-01 8.79201889e-01
    6.76583767e-01 5.92778563e-01 3.87931466e-01 1.96847439e-01
    2.43579745e-01 6.09329343e-01 4.05809999e-01 1.21203452e-01
    6.39367998e-01 3.93875539e-02 5.82385659e-01 1.65063769e-01
    6.43490553e-01 8.90716076e-01 1.60999984e-01 8.91516507e-02
    1.55384868e-01 9.54561472e-01 1.92741841e-01 6.39846683e-01
    3.20079267e-01 7.77471662e-01 4.32278991e-01 7.67773628e-01
    4.85194027e-01 7.31943071e-01 1.16803378e-01 7.21397221e-01
    7.41387010e-02 1.95287943e-01 3.30409646e-01 3.06585371e-01
    8.56004834e-01 2.48151302e-01 2.26019323e-02 5.31450987e-01
    4.57872868e-01 4.03396666e-01 3.33464980e-01 6.17158532e-01
    6.27275825e-01 6.73498511e-01 3.03411990e-01 7.28584766e-01
    9.79832351e-01 9.10564959e-02 5.75818658e-01 3.91240418e-01
    4.56625849e-01 2.73345411e-01 2.19350338e-01 3.44928354e-01
    4.79748219e-01 6.78182602e-01 5.25500476e-02 4.05063927e-01
    7.09557533e-03 6.27977252e-01 2.88824618e-01 5.97855389e-01
    4.58072841e-01 5.45845091e-01 9.27279174e-01 1.79641545e-01
    7.16269851e-01 5.93430758e-01 5.95485151e-01 3.44291836e-01
    4.83751297e-03 8.76544714e-01 4.30929512e-01 3.27003598e-01
    5.77933490e-01 9.84698713e-01 1.92845315e-01 1.16948336e-01
    7.57364631e-01 4.38138723e-01 7.62216270e-01 6.63102508e-01
    4.08082187e-01 1.20927691e-01 2.78892159e-01 6.11614645e-01
    3.64170372e-01 6.48082435e-01 1.13473237e-01 8.87379646e-01
    9.84660089e-01 3.46394777e-01 3.49024862e-01 7.54797578e-01
    4.35803831e-01 3.77407670e-01 1.98099017e-03 3.84095728e-01
    3.79754305e-01 8.28917205e-01 5.52636027e-01 2.05922216e-01
    1.96825922e-01 4.70377743e-01 1.14086568e-02 6.34937525e-01
    5.75578213e-01 2.02684581e-01 6.57768190e-01 7.03981519e-01
    4.64776397e-01 4.61113930e-01 3.78926396e-01 2.74275452e-01
    2.84032017e-01 9.92837667e-01 8.73435020e-01 2.17577428e-01
    6.76200330e-01 4.09934878e-01 6.81722283e-01 3.14604819e-01
    6.89372420e-01 9.49004889e-02 6.50600076e-01 8.92097473e-01
    9.90361631e-01 3.43129277e-01 1.57054573e-01 9.03855443e-01
    5.20731032e-01 5.51261067e-01 6.09951198e-01 1.20871097e-01
    4.05351102e-01 9.74844754e-01 6.28019214e-01 3.10311317e-02
    9.44521904e-01 9.94209290e-01 6.77292526e-01 4.59480584e-01
    9.82930183e-01 9.01829004e-01 9.44461346e-01 3.95125985e-01
    9.94142056e-01 2.04850763e-01 3.73258770e-01 7.22528100e-02
    9.40726280e-01 5.46598256e-01 5.83907366e-01 6.14017606e-01
    5.94312429e-01 3.73152465e-01 6.66770101e-01 6.27959847e-01
    4.79797393e-01 1.66842461e-01 9.32799220e-01 9.06383634e-01
    7.22189784e-01 8.80317688e-01 3.35212797e-01 5.11214972e-01
    5.16516268e-01 3.45778883e-01 9.67647612e-01 5.24202168e-01
    8.04155886e-01 4.24581230e-01 7.19146013e-01 6.09576285e-01
    6.64734602e-01 6.96726859e-01 8.78363490e-01 9.99653935e-01
    7.55661070e-01 8.05816770e-01 6.15654945e-01 1.84811622e-01
    6.66176200e-01 6.73500955e-01 7.03144968e-02 9.69633996e-01
    6.07071280e-01 5.70794046e-01 8.26603174e-01 5.45662165e-01
    1.13130927e-01 9.73769248e-01 8.94417405e-01 3.71435881e-02
    6.06940329e-01 8.31180990e-01 2.93413937e-01 1.43950135e-01
    8.71110976e-01 8.17849159e-01 7.12513208e-01 2.07472354e-01
    3.57971221e-01 4.63519305e-01 1.64456874e-01 2.32093692e-01
    8.37307096e-01 4.89117593e-01 2.82483459e-01 2.71373987e-02
    9.89385962e-01 2.74971247e-01 8.65947247e-01 3.24549675e-02
    1.12754822e-01 4.23881084e-01 7.99209833e-01 6.33897185e-01
    7.91185796e-01 1.63488775e-01 8.28845918e-01 7.22187519e-01
    6.70020103e-01 3.88949871e-01 6.98787749e-01 3.76281202e-01
    4.10023302e-01 2.28996038e-01 3.48173469e-01 8.51617277e-01
    9.32835460e-01 4.76298869e-01 1.96144700e-01 5.22297621e-01
    6.98593736e-01 9.18826461e-01 3.93590748e-01 8.00510645e-01
    2.74740100e-01 9.86208081e-01 6.99234962e-01 2.22709954e-01
    9.51273024e-01 7.00330734e-01 2.46039987e-01 6.32489741e-01
    3.46721917e-01 5.61413407e-01 5.34178078e-01 1.31570071e-01
    2.96157360e-01 1.58328444e-01 5.19560993e-01 4.93571073e-01
    9.40837860e-01 5.98796070e-01 5.22711277e-01 6.49881482e-01
    9.40554202e-01 6.37262225e-01 8.66969228e-01 3.04384977e-01
    3.05524647e-01 4.52122569e-01 4.39310521e-01 5.60213625e-01
    4.61132109e-01 7.18443036e-01 2.38001347e-03 3.65479529e-01
    2.66858816e-01 4.47934955e-01 9.38522339e-01 3.48543644e-01
    4.41713452e-01 1.33688152e-02 6.18607163e-01 1.39589161e-01
    1.76931024e-02 6.07678354e-01 1.40867412e-01 9.58831549e-01
    3.79782140e-01 5.00956655e-01 7.75572538e-01 1.98921353e-01
    3.33768368e-01 6.25994205e-02 3.01193297e-02 6.26968443e-01
    3.56172144e-01 8.30238104e-01 2.49181211e-01 8.20071220e-01
    6.42862499e-01 5.15030980e-01 2.23591208e-01 9.14899886e-01
    7.31826067e-01 7.30549455e-01 7.99421430e-01 4.18108106e-01
    8.71788144e-01 4.58839685e-01 5.56207061e-01 2.26737559e-02
    4.05473948e-01 8.27391505e-01 3.31097782e-01 8.80271435e-01
    1.20677471e-01 4.41880435e-01 6.09129727e-01 3.71077359e-01
    1.66166872e-01 6.79989815e-01 1.86261833e-01 3.25457871e-01
    8.06075573e-01 3.60475987e-01 8.13709736e-01 6.95058525e-01
    5.61159909e-01 1.73532069e-02 9.89265442e-01 3.08085144e-01
    4.59189892e-01 6.92089856e-01 8.54352891e-01 4.95945901e-01
    4.69694912e-01 1.60933673e-01 1.30174726e-01 8.95634294e-01
    7.98223317e-02 7.08185673e-01 8.04790735e-01 8.46159101e-01
    9.90481019e-01 1.90763682e-01 7.96332240e-01 9.29626942e-01
    3.64170372e-01 6.48082435e-01 1.13473237e-01 8.87379646e-01
    9.84660089e-01 3.46394777e-01 3.49024862e-01 7.54797578e-01
    4.35803831e-01 3.77407670e-01 1.98099017e-03 3.84095728e-01
    3.79754305e-01 8.28917205e-01 5.52636027e-01 2.05922216e-01
    1.02764666e-02 4.79077399e-01 1.70101404e-01 7.38968611e-01
    7.63680696e-01 1.80207193e-01 8.64921212e-02 5.29619694e-01
    4.85139281e-01 2.03350097e-01 7.49743640e-01 2.18951583e-01
    6.62787020e-01 1.56101376e-01 7.25858033e-01 9.58094835e-01
    8.88796985e-01 1.76232040e-01 2.82645524e-02 1.00937039e-01
    3.92171323e-01 5.13109982e-01 9.80602741e-01 5.44955730e-02
    9.82670367e-01 1.41166240e-01 5.69502234e-01 3.07591856e-01
    7.50971496e-01 4.66196418e-01 4.47394788e-01 8.78706813e-01
    2.38361716e-01 2.13259608e-01 4.60418940e-01 1.51969135e-01
    9.06706452e-02 9.63510394e-01 7.07279563e-01 9.33080554e-01
    6.11755431e-01 2.18905181e-01 7.69846916e-01 3.32150519e-01
    1.45848721e-01 1.72489643e-01 6.01693571e-01 4.60823476e-02
    9.88557935e-01 3.22222352e-01 1.77476168e-01 1.92215830e-01
    5.59819877e-01 6.60905659e-01 7.83338547e-01 3.37906957e-01
    3.46679151e-01 7.39651561e-01 2.33540148e-01 5.11993170e-01
    4.82807159e-01 8.98772478e-01 9.64575410e-02 5.81944585e-01
    3.06381583e-01 4.49030519e-01 8.08051467e-01 7.07401693e-01
    6.11433208e-01 5.08846879e-01 5.59529603e-01 9.52737570e-01
    4.43381608e-01 2.60224164e-01 3.66421461e-01 6.30154550e-01
    3.76880765e-02 2.52328813e-01 2.71079272e-01 5.36004007e-01
    7.38966942e-01 3.07362676e-01 1.78373039e-01 9.21350479e-01
    6.33238912e-01 1.15447730e-01 8.25786531e-01 9.69955921e-01
    4.11157548e-01 2.70953327e-01 5.61962903e-01 9.44515467e-01
    7.67058790e-01 6.03634179e-01 9.63437855e-01 3.25042844e-01
    3.95488769e-01 1.37612015e-01 2.85687029e-01 2.85098016e-01
    5.66798329e-01 9.40726817e-01 1.04533911e-01 9.99352634e-01
    1.20566726e-01 1.14987671e-01 6.99126720e-02 8.03474903e-01
    6.70012236e-01 8.74768436e-01 8.63246560e-01 4.47368026e-01
    5.44680893e-01 3.92535836e-01 9.60942686e-01 8.50960791e-01
    3.46053183e-01 2.85493851e-01 3.63593042e-01 9.02114391e-01
    5.94899058e-02 2.78442234e-01 5.05950332e-01 1.72112763e-01
    1.93943113e-01 5.65154791e-01 3.09374630e-02 5.59709430e-01
    8.18314910e-01 8.03406715e-01 7.15049505e-01 4.63687688e-01
    7.23541737e-01 5.67640364e-01 3.45154971e-01 3.32703590e-01
    3.80294144e-01 6.08469367e-01 3.73738706e-02 5.56426466e-01
    9.88621593e-01 4.75870043e-01 6.73947930e-01 6.10172272e-01
    6.33605838e-01 8.88167799e-01 1.73161566e-01 9.65325236e-01
    7.45938420e-02 2.05919832e-01 7.67160296e-01 1.69115365e-02
    2.53195941e-01 2.55230010e-01 9.83983278e-03 6.85836971e-02
    6.44940257e-01 4.08538252e-01 8.06131482e-01 6.93163097e-01
    8.96248281e-01 6.91046476e-01 6.15457714e-01 6.58503294e-01
    5.39082468e-01 3.87671798e-01 2.12147802e-01 1.58667564e-04
    3.15669715e-01 9.80368435e-01 4.97629583e-01 2.37135142e-01
    9.90118742e-01 9.31079149e-01 4.11463678e-01 5.28233945e-02
    2.69120485e-01 2.86598206e-02 9.04938281e-02 8.39278400e-01
    8.17482114e-01 5.13941348e-02 5.86957932e-01 2.84100592e-01
    4.07159299e-01 6.30134344e-01 5.64403474e-01 5.17123580e-01
    1.56847745e-01 5.78516722e-01 2.68224716e-01 4.44740057e-02
    1.74320608e-01 5.55874050e-01 1.36230230e-01 5.20116210e-01
    1.27052724e-01 4.30613071e-01 3.08373094e-01 3.64810228e-02
    1.46363914e-01 4.54978675e-01 2.30382174e-01 5.49184382e-02
    7.06236422e-01 9.03194189e-01 8.83528650e-01 3.88614208e-01
    3.36766958e-01 1.49526268e-01 3.38806033e-01 9.97710705e-01
    6.04692161e-01 1.42968118e-01 8.19244027e-01 7.59330988e-01
    8.55676293e-01 7.03097582e-02 4.92648333e-01 6.65820837e-01
    1.44883573e-01 7.90583014e-01 4.17330891e-01 2.46540397e-01
    5.75783849e-03 3.82478923e-01 5.22000909e-01 6.92100883e-01
    7.80074835e-01 2.00950801e-02 7.01558590e-01 3.83177996e-02
    3.26600194e-01 2.23099917e-01 7.28446186e-01 8.89298797e-01
    3.57383281e-01 7.79594660e-01 2.07896262e-01 9.36634421e-01
    3.58283699e-01 2.09352642e-01 1.12813175e-01 3.04179430e-01
    7.69046307e-01 3.08384806e-01 5.34516692e-01 7.14384675e-01
    6.31130874e-01 5.98701656e-01 1.37247831e-01 7.67816782e-01
    5.52601993e-01 1.89531177e-01 4.25838023e-01 5.42070329e-01
    1.02764666e-02 4.79077399e-01 1.70101404e-01 7.38968611e-01
    7.63680696e-01 1.80207193e-01 8.64921212e-02 5.29619694e-01
    4.85139281e-01 2.03350097e-01 7.49743640e-01 2.18951583e-01
    6.62787020e-01 1.56101376e-01 7.25858033e-01 9.58094835e-01
    8.57433319e-01 2.49617487e-01 8.88164878e-01 8.76130700e-01
    9.97449636e-01 3.75734508e-01 2.09978044e-01 5.49469948e-01
    3.45106721e-01 8.90564799e-01 5.07474422e-01 3.27511281e-01
    2.33115584e-01 3.91209036e-01 2.13192314e-01 7.61806369e-01
    5.14201820e-01 6.05424345e-01 4.66820806e-01 5.48323631e-01
    2.13533551e-01 3.31463218e-01 2.60869831e-01 5.31540096e-01
    3.80430222e-02 8.25970948e-01 9.26098466e-01 8.27542067e-01
    3.45330775e-01 2.30696619e-01 2.80106187e-01 3.31690103e-01
    7.13266850e-01 3.91994298e-01 8.72228980e-01 3.54449391e-01
    5.74020743e-01 2.84801841e-01 4.38093662e-01 1.76510811e-01
    3.46485078e-02 3.75530779e-01 7.22299993e-01 7.01262593e-01
    8.40450883e-01 9.23242033e-01 8.07695687e-02 9.16677654e-01
    5.68869770e-01 2.36126631e-01 3.11296761e-01 9.37382698e-01
    4.40477729e-02 8.03060532e-02 5.95039129e-01 6.83629990e-01
    8.51454616e-01 4.25053030e-01 5.30708134e-01 3.37112665e-01
    6.98281050e-01 9.81286705e-01 1.67935133e-01 7.25321293e-01
    7.70706832e-01 4.42701191e-01 3.37235034e-01 8.56422067e-01
    4.81017500e-01 6.50731802e-01 8.04885030e-02 5.26111603e-01
    4.81757492e-01 9.81349826e-01 2.22172141e-02 9.55060959e-01
    3.86899650e-01 3.49438041e-01 8.88873339e-01 8.25863004e-01
    9.40886259e-01 4.56107676e-01 5.26453853e-01 4.14692134e-01
    5.13882995e-01 6.15206838e-01 2.27221668e-01 3.53311241e-01
    3.24057817e-01 3.62494588e-02 9.38133001e-02 3.07660699e-01
    6.38152838e-01 2.68138230e-01 4.31150645e-01 7.45789886e-01
    2.43333399e-01 6.15326166e-02 3.69304121e-01 8.71933818e-01
    4.96817499e-01 2.18409300e-03 5.15971839e-01 5.60177028e-01
    5.66588223e-01 9.18116570e-01 4.10231203e-01 3.69594455e-01
    4.13658559e-01 8.57370675e-01 9.48572159e-01 8.34870517e-01
    1.30511224e-01 7.66392410e-01 4.50004637e-02 3.86003673e-01
    8.62761617e-01 5.83870053e-01 8.89615059e-01 1.57878429e-01
    4.35290217e-01 4.14099842e-01 3.48290205e-02 6.59929574e-01
    3.41234773e-01 8.37917566e-01 1.99267566e-02 4.00094092e-01
    6.63900077e-02 1.99816763e-01 8.98657620e-01 6.89938426e-01
    3.69595826e-01 7.42535353e-01 9.38465714e-01 1.58285499e-02
    8.64376724e-01 2.73845077e-01 7.09140360e-01 3.37627828e-02
    7.56114423e-01 1.80202723e-03 5.89968443e-01 7.81113088e-01
    1.36329144e-01 9.43807125e-01 6.08256161e-01 1.69396341e-01
    8.23291719e-01 4.52507317e-01 1.12327099e-01 7.13812292e-01
    9.24810290e-01 4.53307509e-01 6.70835674e-01 2.32770264e-01
    4.07129735e-01 7.38012433e-01 8.52094889e-01 1.24529183e-01
    3.80935907e-01 1.55954570e-01 7.85210729e-01 9.04915690e-01
    3.49981010e-01 9.17691052e-01 3.98251712e-01 9.82270837e-01
    3.26185882e-01 7.32851863e-01 5.02364397e-01 9.01962876e-01
    4.80074823e-01 7.28166163e-01 1.93188667e-01 7.42349982e-01
    6.87008739e-01 3.66022974e-01 7.40221143e-02 5.96595049e-01
    3.38602006e-01 6.07564449e-01 9.09411907e-03 7.15365171e-01
    4.95190263e-01 4.11802471e-01 6.23753607e-01 6.65918648e-01
    2.61328697e-01 4.97609049e-01 5.41451395e-01 7.97823668e-01
    9.91904259e-01 9.13522840e-01 2.13424534e-01 1.47227317e-01
    3.06965530e-01 3.88704270e-01 5.75656950e-01 4.42408890e-01
    9.82850432e-01 1.10647440e-01 1.75058395e-01 2.63670862e-01
    4.75058556e-01 5.89077473e-01 9.84445214e-01 6.87492311e-01
    4.50160205e-01 2.14238107e-01 2.61418879e-01 8.64945889e-01
    9.82000649e-01 1.12222642e-01 8.16378832e-01 4.83931214e-01
    5.02116621e-01 8.18974257e-01 6.91124558e-01 1.19683802e-01
    9.21263039e-01 7.04570711e-01 5.37644744e-01 8.28485012e-01
    2.19787955e-02 2.33543277e-01 9.66728210e-01 5.01102924e-01
    1.22084260e-01 5.62748730e-01 8.31687808e-01 9.39751506e-01
    5.26124060e-01 8.51790071e-01 1.27512753e-01 2.82179296e-01
    7.82943606e-01 6.09349668e-01 8.95887315e-02 5.49682975e-03
    2.10395724e-01 4.02040005e-01 3.87130082e-01 2.36327857e-01
    3.50918710e-01 7.73710012e-01 5.93955517e-01 4.75127429e-01
    6.53505087e-01 9.41470385e-01 6.37944400e-01 2.82736331e-01
    9.98919785e-01 2.77624607e-01 6.24598801e-01 4.18803334e-01
    8.57433319e-01 2.49617487e-01 8.88164878e-01 8.76130700e-01
    9.97449636e-01 3.75734508e-01 2.09978044e-01 5.49469948e-01
    3.45106721e-01 8.90564799e-01 5.07474422e-01 3.27511281e-01
    2.33115584e-01 3.91209036e-01 2.13192314e-01 7.61806369e-01
    1.09113038e-01 9.91867840e-01 4.71838027e-01 8.26825559e-01
    3.84294957e-01 9.51969266e-01 1.34639204e-01 9.96622741e-02
    4.75879729e-01 6.34648085e-01 6.83879614e-01 3.13036501e-01
    1.02603167e-01 8.18524778e-01 4.17487621e-01 2.61381835e-01
    5.57584465e-02 3.25269520e-01 5.19708455e-01 4.11171913e-01
    5.36084592e-01 1.50203288e-01 7.41784215e-01 2.24233150e-01
    2.65566707e-01 9.13541794e-01 7.33322024e-01 6.33480787e-01
    7.14066029e-01 3.62056136e-01 7.34810770e-01 5.55546939e-01
    3.09553206e-01 3.07995528e-01 4.14699316e-02 1.54442489e-02
    2.27746636e-01 6.59224391e-02 9.08846617e-01 1.67039156e-01
    9.60051417e-01 3.15697074e-01 1.67821348e-02 5.69186270e-01
    1.19576991e-01 8.82270634e-01 3.16253424e-01 5.07398725e-01
    2.85340965e-01 2.02002645e-01 6.78648412e-01 8.13354611e-01
    3.53923082e-01 1.94025189e-01 1.78022474e-01 4.29984808e-01
    2.20759213e-02 3.21406543e-01 5.15355885e-01 3.55583429e-03
    9.76541340e-01 4.91443098e-01 6.03704154e-02 8.95779371e-01
    3.51512283e-01 9.50630009e-02 6.59506023e-01 4.36233938e-01
    1.59829855e-02 5.88710546e-01 2.21866667e-01 6.06567502e-01
    9.35079694e-01 3.97305727e-01 8.36755812e-01 8.55825901e-01
    9.14360881e-02 3.57409447e-01 6.43240213e-01 4.71493334e-01
    8.32166195e-01 9.45017695e-01 3.81478578e-01 7.57539034e-01
    2.26156592e-01 1.59991860e-01 2.44343102e-01 4.98309702e-01
    7.58631706e-01 3.10554802e-01 8.94052565e-01 1.69412255e-01
    6.64533436e-01 6.93979800e-01 8.36528778e-01 5.28335929e-01
    3.67312789e-01 9.08589721e-01 3.72078955e-01 3.61823738e-01
    8.98565054e-01 5.00894964e-01 7.34292269e-01 5.96223056e-01
    4.66307461e-01 5.87388039e-01 1.89902008e-01 4.48675096e-01
    1.03551328e-01 3.61993730e-01 9.61618006e-01 3.21927965e-02
    5.38375974e-01 9.19331670e-01 2.97972381e-01 3.49386215e-01
    3.27756375e-01 9.58222628e-01 8.20036829e-01 9.69696939e-02
    4.15994257e-01 3.96626770e-01 4.11646098e-01 6.02099836e-01
    2.54270285e-01 3.24835718e-01 7.99420476e-03 3.83418500e-01
    2.50041664e-01 9.63488102e-01 9.22452807e-01 1.16965801e-01
    2.66944885e-01 9.32218313e-01 3.91212583e-01 2.61561871e-01
    9.23082888e-01 8.98676038e-01 6.55635059e-01 5.14990747e-01
    7.41234779e-01 8.24288487e-01 4.02717948e-01 2.40649819e-01
    2.24377811e-02 4.68685925e-01 8.51221204e-01 7.42977560e-01
    1.75438344e-01 9.00930524e-01 3.72489929e-01 8.30229163e-01
    8.84001017e-01 5.31324863e-01 5.09820640e-01 2.14510024e-01
    8.94463897e-01 2.57064164e-01 8.37890506e-02 5.04950702e-01
    8.24425817e-01 8.64071608e-01 1.46846145e-01 4.43585038e-01
    6.44667447e-01 1.82761103e-01 1.04407281e-01 6.83835030e-01
    8.61547709e-01 9.05007660e-01 5.98932385e-01 9.71167624e-01
    9.94792700e-01 4.69180584e-01 7.58593082e-01 9.82364535e-01
    8.49388480e-01 3.37842882e-01 9.29890990e-01 2.94757992e-01
    5.45286357e-01 2.31425464e-01 2.17147738e-01 4.95394140e-01
    4.08552974e-01 6.06893301e-01 5.29532492e-01 1.77052796e-01
    2.31882095e-01 6.08961523e-01 8.79130125e-01 4.87822175e-01
    4.83696878e-01 6.03453875e-01 1.05589926e-01 3.59047055e-02
    2.20029444e-01 2.63093412e-01 6.00624382e-01 2.62280762e-01
    2.46051997e-01 3.44371676e-01 9.99727607e-01 8.86573195e-01
    9.89810705e-01 3.01110953e-01 3.97681147e-01 7.02634871e-01
    8.31302643e-01 2.30467737e-01 9.77906346e-01 2.01658487e-01
    8.60195279e-01 4.33500171e-01 4.74375308e-01 6.39733493e-01
    9.40450549e-01 1.03618830e-01 9.46669638e-01 4.08020914e-01
    9.51522112e-01 8.02880287e-01 1.79526210e-01 1.48253530e-01
    5.01443565e-01 3.90109092e-01 1.71349019e-01 3.96043777e-01
    1.67870790e-01 9.57752883e-01 9.55808282e-01 7.65170455e-01
    5.72839677e-02 2.26617694e-01 7.27562010e-02 9.83494222e-02
    8.87038767e-01 9.68860388e-02 6.94852054e-01 9.02342796e-03
    5.94761491e-01 8.76229465e-01 5.38782716e-01 2.42683679e-01
    2.68155277e-01 4.11107123e-01 9.95472670e-01 9.03690934e-01
    9.73667800e-01 6.60675883e-01 1.78310007e-01 3.30196410e-01
    7.24281788e-01 1.85308307e-01 6.10790312e-01 5.48714101e-01
    1.09113038e-01 9.91867840e-01 4.71838027e-01 8.26825559e-01
    3.84294957e-01 9.51969266e-01 1.34639204e-01 9.96622741e-02
    4.75879729e-01 6.34648085e-01 6.83879614e-01 3.13036501e-01
    1.02603167e-01 8.18524778e-01 4.17487621e-01 2.61381835e-01
    4.78772432e-01 1.49044275e-01 7.95660973e-01 7.61728764e-01
    5.94236553e-02 9.88617897e-01 9.59840417e-02 6.04369700e-01
    5.43954194e-01 7.19119012e-02 7.97268748e-02 2.50259072e-01
    3.82812440e-01 7.76440740e-01 4.87648100e-01 6.19210541e-01
    3.77123535e-01 6.36983871e-01 7.92761445e-01 6.20113909e-02
    9.70681489e-01 9.75398719e-02 9.37868059e-01 2.63696790e-01
    8.62362862e-01 5.67423344e-01 4.04332310e-01 9.76392031e-01
    5.03836691e-01 2.60683358e-01 9.44757998e-01 3.74522150e-01
    6.61890745e-01 3.73912543e-01 4.02809978e-01 2.89012671e-01
    6.91634953e-01 5.64044118e-02 9.17716146e-01 9.60244179e-01
    7.39539981e-01 8.23496461e-01 7.06801772e-01 9.38671350e-01
    8.28641057e-01 5.72750926e-01 7.32658803e-02 4.60468471e-01
    5.03396571e-01 5.93388081e-01 9.86110449e-01 2.17315853e-01
    5.95696568e-01 8.71656060e-01 6.92175925e-01 7.65616775e-01
    2.03713775e-02 3.07609409e-01 4.86196578e-02 9.99851823e-01
    7.02046573e-01 8.85329127e-01 4.15741861e-01 1.93358570e-01
    5.38835108e-01 3.13434333e-01 1.45720124e-01 2.51457155e-01
    2.78347790e-01 2.11289197e-01 2.48121917e-02 6.68253005e-01
    3.28336954e-02 8.09326053e-01 5.07689178e-01 3.43149900e-01
    9.07410860e-01 2.81531751e-01 1.37815773e-02 9.13683891e-01
    6.81874335e-01 2.89282322e-01 9.44750786e-01 3.19587290e-01
    3.74038041e-01 1.90481335e-01 8.69873047e-01 4.99297976e-02
    1.77461296e-01 2.11295575e-01 6.62974536e-01 5.10248363e-01
    2.77209193e-01 1.33467674e-01 3.76049548e-01 3.91704261e-01
    2.44548500e-01 1.21800393e-01 8.83332551e-01 6.48486674e-01
    2.32047439e-02 1.32386178e-01 5.21994114e-01 8.28271329e-01
    6.43154979e-01 8.55665922e-01 5.11662126e-01 3.44356507e-01
    8.97486508e-02 6.18410766e-01 4.14522409e-01 3.96500021e-01
    8.18360507e-01 3.94713938e-01 7.83048987e-01 2.41126448e-01
    9.24859643e-02 7.12473094e-01 5.96059084e-01 1.64759427e-01
    1.73145264e-01 1.52192593e-01 2.05581427e-01 5.80021262e-01
    8.88290405e-02 1.88525945e-01 4.83084232e-01 5.77453792e-01
    6.80491090e-01 6.79974258e-02 3.07077020e-01 3.65446687e-01
    3.42636287e-01 4.58974689e-01 7.47864366e-01 5.77775180e-01
    8.12586665e-01 5.02054214e-01 6.84633613e-01 7.79620588e-01
    5.31549931e-01 6.08551323e-01 6.09259248e-01 3.34694505e-01
    5.62775135e-01 9.11227703e-01 7.00824618e-01 2.57636786e-01
    3.93325597e-01 2.65360326e-01 3.20691407e-01 6.51106894e-01
    4.36848134e-01 3.32748711e-01 5.75839281e-02 6.67971373e-01
    4.09673452e-02 1.03198946e-01 3.38719964e-01 7.73940861e-01
    2.53332168e-01 9.82668579e-01 5.12824059e-01 6.70396388e-01
    1.99621499e-01 8.69058967e-02 2.38420933e-01 1.69761002e-01
    3.10503483e-01 1.53430998e-02 3.34623963e-01 7.64670253e-01
    4.34907079e-01 8.50032210e-01 1.24298751e-01 5.00862181e-01
    9.25211787e-01 5.98382890e-01 1.38880104e-01 6.42821252e-01
    7.23143339e-01 6.56903565e-01 6.00450635e-01 5.80534637e-02
    3.14556360e-01 1.43810391e-01 1.40175462e-01 3.35503727e-01
    6.86436892e-01 8.70071769e-01 5.30348301e-01 5.83130062e-01
    5.85902929e-01 6.48078382e-01 7.61895061e-01 5.86758852e-01
    2.44375885e-01 2.17351198e-01 9.79381680e-01 6.18147254e-02
    1.17163211e-01 9.85209823e-01 2.88384885e-01 2.06345797e-01
    1.19974345e-01 6.75453067e-01 6.36916995e-01 9.33502674e-01
    9.31815743e-01 6.82025194e-01 7.54775584e-01 2.00228453e-01
    1.05473340e-01 1.77494466e-01 6.62976623e-01 2.04878092e-01
    9.12777543e-01 9.38150227e-01 6.71066284e-01 4.13331687e-01
    6.50811315e-01 6.52320147e-01 9.39089775e-01 4.15577978e-01
    2.43657172e-01 1.87741995e-01 1.00422472e-01 8.51347446e-01
    5.11692226e-01 8.03968012e-01 6.58101022e-01 9.70413923e-01
    7.52925992e-01 4.45190847e-01 4.93031442e-02 1.76483780e-01
    3.08213890e-01 5.28031230e-01 4.34191793e-01 2.68781304e-01
    6.13731086e-01 2.65639961e-01 3.25202942e-01 5.44834554e-01
    2.96845078e-01 5.79930842e-01 8.01522017e-01 1.53620839e-01
    5.90681970e-01 1.20591223e-02 7.75749505e-01 3.21554601e-01
    7.18897700e-01 1.71080768e-01 5.50422311e-01 7.01260328e-01
    4.78772432e-01 1.49044275e-01 7.95660973e-01 7.61728764e-01
    5.94236553e-02 9.88617897e-01 9.59840417e-02 6.04369700e-01
    5.43954194e-01 7.19119012e-02 7.97268748e-02 2.50259072e-01
    3.82812440e-01 7.76440740e-01 4.87648100e-01 6.19210541e-01
    5.28426588e-01 8.59632611e-01 6.60316646e-01 9.38968539e-01
    3.43260556e-01 9.12065566e-01 7.97086120e-01 4.28214014e-01
    1.50308251e-01 6.26363814e-01 3.45989019e-01 4.80908155e-03
    3.16379786e-01 9.43766594e-01 1.96826488e-01 2.63576686e-01
    4.04123366e-01 2.18680918e-01 7.42169976e-01 7.04472363e-01
    1.77838832e-01 3.87851983e-01 3.72324139e-01 5.60912669e-01
    9.40484762e-01 3.03181589e-01 5.21859527e-02 6.97897077e-01
    8.50450695e-01 8.13124299e-01 7.77613819e-02 4.05131578e-02
    9.33769584e-01 4.03059781e-01 7.24689960e-01 1.58269227e-01
    9.08631921e-01 2.65709281e-01 8.77241313e-01 8.63760829e-01
    9.13223505e-01 1.20335221e-02 7.71137714e-01 2.30962336e-02
    5.76662660e-01 7.78391719e-01 1.32637858e-01 5.24686992e-01
    1.34358495e-01 7.12865829e-01 4.65172231e-01 2.69887000e-01
    6.88952029e-01 2.69083560e-01 7.38772869e-01 5.09637833e-01
    7.23773241e-03 5.08823156e-01 3.66288722e-01 3.16743255e-02
    9.58632946e-01 3.44329029e-01 8.92102003e-01 4.50109333e-01
    6.28906727e-01 6.93243086e-01 3.74984175e-01 5.15908062e-01
    2.87869632e-01 3.92694890e-01 9.28949654e-01 5.00094891e-01
    9.18697953e-01 6.34001851e-01 3.09703231e-01 6.05106652e-01
    6.83455825e-01 5.72153568e-01 8.25175762e-01 7.21554101e-01
    7.29875684e-01 1.06520981e-01 1.15470052e-01 3.47242534e-01
    5.52980125e-01 5.27700663e-01 7.25612998e-01 2.01110005e-01
    8.51815462e-01 5.32983303e-01 2.03249633e-01 7.90411234e-01
    5.45309722e-01 1.39280528e-01 5.76223195e-01 9.04630184e-01
    6.60617590e-01 1.99975431e-01 2.04966158e-01 2.39569187e-01
    1.17367089e-01 5.14995039e-01 8.34177256e-01 3.01227272e-01
    2.36540467e-01 5.96330583e-01 2.90527344e-02 4.09088165e-01
    3.39767456e-01 9.97721076e-01 3.53106558e-01 2.50012398e-01
    1.48076147e-01 2.98588574e-02 6.98308349e-02 3.36681962e-01
    4.84505326e-01 5.43353438e-01 9.26163077e-01 8.94029379e-01
    3.00639331e-01 6.86043799e-02 8.76139522e-01 6.05980396e-01
    6.05399668e-01 5.64175069e-01 7.30137587e-01 2.94190526e-01
    3.91227365e-01 4.75513339e-02 2.53789961e-01 7.03387380e-01
    3.98299575e-01 8.77728462e-02 6.34671450e-01 9.45381165e-01
    8.09163928e-01 3.66010904e-01 3.86251003e-01 1.57951832e-01
    8.41734648e-01 1.66074127e-01 7.41935730e-01 4.74425375e-01
    3.52295160e-01 9.75028038e-01 1.44205511e-01 5.77258170e-01
    7.75612473e-01 7.81909347e-01 2.55462468e-01 3.05045068e-01
    2.67307848e-01 1.46637946e-01 9.51798975e-01 4.32886064e-01
    6.71603203e-01 1.65871114e-01 9.33617115e-01 5.43458760e-01
    9.40215290e-01 5.60708463e-01 1.97900146e-01 9.10193563e-01
    6.83932006e-02 3.54921460e-01 1.28687292e-01 7.08808482e-01
    9.85619068e-01 1.91691935e-01 2.91517138e-01 8.06620300e-01
    7.33103454e-01 2.87837565e-01 6.32100105e-01 1.85262769e-01
    4.77102101e-02 9.56254959e-01 3.39447498e-01 9.89179969e-01
    4.60048676e-01 3.59051347e-01 1.49519742e-02 4.14881259e-01
    3.05702746e-01 6.15558982e-01 7.53686786e-01 8.64648581e-01
    2.85326779e-01 7.69865990e-01 5.35294533e-01 6.95816875e-02
    5.64172268e-01 7.56144643e-01 7.78654099e-01 1.74232900e-01
    6.16289020e-01 8.95476222e-01 3.88705760e-01 6.45927191e-02
    9.42245543e-01 3.21532696e-01 4.92518246e-01 1.18588865e-01
    2.57728934e-01 8.37311029e-01 5.98260760e-03 9.74511147e-01
    6.72301173e-01 2.61204243e-02 3.56298089e-02 9.16317463e-01
    7.59754777e-01 6.92996740e-01 6.36404932e-01 6.55787468e-01
    2.01524556e-01 3.02606702e-01 3.68737280e-01 9.57852364e-01
    7.15054870e-02 3.99944514e-01 1.46088332e-01 1.86235517e-01
    2.76148856e-01 5.03627479e-01 8.79219294e-01 1.66903436e-02
    1.97671890e-01 5.42825460e-01 5.44922233e-01 2.46918768e-01
    7.44781613e-01 8.19999635e-01 3.83825570e-01 7.22463012e-01
    4.23696131e-01 8.59596908e-01 1.26926631e-01 3.76802176e-01
    6.51674509e-01 4.34688151e-01 5.92249036e-01 7.60613322e-01
    3.95482153e-01 2.57537693e-01 3.94743562e-01 7.86073625e-01
    7.13568687e-01 7.63396382e-01 2.93870807e-01 3.08494866e-02
    3.14899713e-01 6.88100100e-01 3.58188689e-01 4.05824125e-01
    5.28426588e-01 8.59632611e-01 6.60316646e-01 9.38968539e-01
    3.43260556e-01 9.12065566e-01 7.97086120e-01 4.28214014e-01
    1.50308251e-01 6.26363814e-01 3.45989019e-01 4.80908155e-03
    3.16379786e-01 9.43766594e-01 1.96826488e-01 2.63576686e-01
    1.11923337e-01 9.21559453e-01 2.20910072e-01 5.80049157e-02
    8.85641575e-02 5.98393202e-01 4.35104936e-01 5.83860695e-01
    8.29948545e-01 6.38483882e-01 7.02050209e-01 6.99372888e-01
    4.51474756e-01 7.57607877e-01 7.89905190e-01 2.78775573e-01
    6.72474682e-01 8.25346529e-01 3.28864306e-01 5.37487090e-01
    5.20073473e-01 9.18825150e-01 6.48029089e-01 1.52718127e-02
    8.58163893e-01 9.32069540e-01 6.70025945e-02 6.27804101e-01
    5.70633888e-01 1.73445344e-01 7.77864039e-01 8.14661145e-01
    7.95571566e-01 2.60154009e-02 9.36450243e-01 4.96111512e-02
    4.55692679e-01 6.82309389e-01 5.96997440e-01 5.43884993e-01
    9.92636621e-01 7.42556274e-01 4.53985691e-01 3.17443252e-01
    3.58458906e-01 4.86983657e-02 7.08023548e-01 3.21387649e-01
    9.29347873e-01 8.62758338e-01 7.05802321e-01 5.92917085e-01
    6.65838480e-01 3.23877662e-01 4.37826961e-01 5.47576725e-01
    2.33603686e-01 9.70468700e-01 7.69784212e-01 7.29272842e-01
    9.98461783e-01 6.90119624e-01 7.95805454e-01 8.05022120e-02
    6.15266323e-01 7.36360013e-01 3.45622897e-02 4.54346865e-01
    6.62074506e-01 9.06436145e-02 7.84678161e-02 9.53302383e-01
    9.71789956e-02 8.29033852e-01 8.10586035e-01 9.18636680e-01
    2.51781762e-01 4.25941944e-01 3.62259895e-01 4.44026589e-02
    8.23133707e-01 4.13054705e-01 2.52462924e-02 7.46250153e-01
    8.50594878e-01 3.93134952e-01 2.39271253e-01 4.03484076e-01
    1.13034934e-01 4.34163511e-01 9.22218263e-01 1.86612606e-01
    6.83290601e-01 9.23158526e-01 8.80393505e-01 8.92684460e-02
    3.98317873e-01 5.66205740e-01 8.78087580e-01 6.20184243e-01
    2.97355950e-01 2.97119319e-01 1.14150494e-01 9.89423394e-01
    2.47608751e-01 8.55133533e-02 5.60584664e-03 1.95722371e-01
    8.34941864e-02 7.57681906e-01 6.25993192e-01 2.95671642e-01
    8.47015500e-01 2.07400113e-01 8.46758962e-01 3.83544862e-02
    6.27333522e-01 8.21441054e-01 2.79188454e-01 3.45845193e-01
    7.55647719e-02 3.29021394e-01 2.81782925e-01 1.03832722e-01
    1.43868625e-01 4.52208757e-01 5.32646179e-01 3.09482515e-02
    9.80622888e-01 6.69754267e-01 4.76830900e-01 3.89307737e-04
    9.82581973e-01 9.82717693e-01 5.18359542e-01 9.58302498e-01
    6.80678189e-02 6.66165471e-01 2.36332268e-01 6.60706460e-02
    2.53809899e-01 9.16329622e-02 2.81720161e-01 7.81542420e-01
    2.72749901e-01 4.99895364e-01 4.57031786e-01 1.15623295e-01
    9.78101194e-02 4.16509300e-01 1.04036152e-01 8.94019246e-01
    4.44996357e-02 1.03730857e-02 2.42425710e-01 1.52404428e-01
    5.91920853e-01 2.95065343e-01 4.49472100e-01 6.03096724e-01
    9.07968998e-01 5.60751677e-01 2.86554545e-01 3.41440499e-01
    2.35804051e-01 3.24555159e-01 8.82166922e-02 7.96599686e-02
    7.52119064e-01 6.84404969e-01 3.60208690e-01 5.52179515e-01
    9.51963186e-01 9.45542216e-01 8.70249271e-01 9.26377773e-02
    9.42778230e-01 3.13438773e-01 2.57213652e-01 4.23433542e-01
    9.78434503e-01 3.87438774e-01 1.09768838e-01 1.09116584e-01
    4.82410789e-01 4.21599299e-01 3.44356865e-01 1.54932231e-01
    8.59642565e-01 6.22554123e-01 2.66907215e-01 5.10194778e-01
    8.71644378e-01 1.09640658e-01 9.22482610e-01 3.04105699e-01
    5.71017087e-01 3.47147763e-01 3.33118528e-01 8.55341852e-02
    5.36281288e-01 4.77241069e-01 3.84137034e-02 7.48396337e-01
    1.65404111e-01 9.31658626e-01 2.86121428e-01 8.14075112e-01
    7.19285965e-01 2.75558710e-01 2.11888403e-01 7.38587022e-01
    1.81631297e-01 6.32037401e-01 7.53262281e-01 6.81656957e-01
    6.93112433e-01 4.02170330e-01 3.94233435e-01 6.46473825e-01
    8.70647430e-01 7.74185061e-01 2.37648427e-01 2.96485931e-01
    6.08865201e-01 3.57242525e-01 6.04825556e-01 8.44841778e-01
    5.41115344e-01 5.65708041e-01 6.98125720e-01 6.75524175e-02
    7.35783041e-01 1.10653460e-01 5.50565958e-01 2.21220940e-01
    9.59480286e-01 3.14353406e-02 6.39092624e-02 5.23630321e-01
    3.72785747e-01 5.12837648e-01 2.02475429e-01 8.10999095e-01
    4.26782966e-01 9.74008679e-01 4.00421977e-01 8.86805177e-01
    2.09648848e-01 1.60110176e-01 6.33344710e-01 2.42139697e-01
    4.10765380e-01 2.65937924e-01 9.66842890e-01 1.06168270e-01
    1.11923337e-01 9.21559453e-01 2.20910072e-01 5.80049157e-02
    8.85641575e-02 5.98393202e-01 4.35104936e-01 5.83860695e-01
    8.29948545e-01 6.38483882e-01 7.02050209e-01 6.99372888e-01
    4.51474756e-01 7.57607877e-01 7.89905190e-01 2.78775573e-01
    1.90427363e-01 3.80894542e-01 9.58051562e-01 8.20685983e-01
    9.15239930e-01 9.57068920e-01 2.32529372e-01 2.32154459e-01
    9.97944713e-01 3.42783928e-02 3.06326330e-01 8.53176415e-02
    7.17860341e-01 4.97935414e-02 6.70005977e-02 5.97942829e-01
    2.08242118e-01 4.25730586e-01 2.83213735e-01 4.70100939e-02
    7.13589907e-01 9.87444818e-01 5.84715009e-01 2.09936768e-01
    7.37032890e-02 7.93624163e-01 3.16446841e-01 4.75592822e-01
    4.73694801e-02 6.20303690e-01 6.00630283e-01 2.11745918e-01
    4.58306521e-01 7.25001216e-01 7.18448043e-01 8.44428182e-01
    8.25268269e-01 7.53683567e-01 8.14463317e-01 6.54281378e-02
    3.01123202e-01 9.00923014e-01 4.75836247e-01 8.92725587e-01
    5.09989619e-01 9.78619695e-01 2.05298305e-01 2.29553282e-01
    4.31768060e-01 4.95468289e-01 7.28768110e-01 6.50873780e-01
    2.34225810e-01 8.70095372e-01 6.02982521e-01 6.96099043e-01
    1.13593340e-02 2.04311907e-01 1.60188228e-01 7.76692033e-01
    4.17233109e-01 1.59589916e-01 7.65441716e-01 6.22574270e-01
    9.25935328e-01 2.99573779e-01 6.35281205e-01 6.32093191e-01
    2.27974832e-01 2.27169871e-01 1.71147972e-01 3.98263007e-01
    3.92123640e-01 6.56893551e-01 1.05779916e-01 8.74981642e-01
    3.34178954e-01 4.33841050e-01 4.13437337e-01 1.78773463e-01
    9.47179556e-01 5.91974735e-01 2.11252868e-02 4.25549984e-01
    9.48896408e-01 4.18760955e-01 2.13624299e-01 4.55594510e-01
    4.35802341e-03 5.81236303e-01 2.27414817e-01 8.94906163e-01
    9.18379188e-01 9.51971889e-01 5.17553449e-01 6.19749904e-01
    1.32872552e-01 1.25756264e-02 6.16856039e-01 3.91129017e-01
    9.62997615e-01 5.81237972e-01 8.77983630e-01 2.36798227e-02
    3.74840826e-01 2.25263417e-01 1.55919701e-01 4.19950247e-01
    8.78271699e-01 6.30922735e-01 1.21751666e-01 5.38786352e-01
    3.70022863e-01 5.62408507e-01 9.55618620e-01 8.05623770e-01
    5.80819964e-01 5.15345812e-01 6.48797393e-01 6.96602166e-02
    9.86632824e-01 7.14028716e-01 9.17787910e-01 8.38803411e-01
    5.45928657e-01 4.36639249e-01 1.64037406e-01 3.22016895e-01
    6.12396598e-01 2.34766304e-01 4.78677958e-01 4.85735774e-01
    2.95865119e-01 3.14926624e-01 3.76674742e-01 1.80682927e-01
    9.40628290e-01 4.40901518e-02 9.48219657e-01 2.88492918e-01
    8.32010150e-01 3.91018480e-01 9.58611608e-01 2.93143511e-01
    1.85950369e-01 5.44817567e-01 4.74598616e-01 2.47603893e-01
    1.94494635e-01 9.39759135e-01 4.20633584e-01 1.53427035e-01
    4.05657768e-01 2.04507351e-01 8.94140005e-01 8.90785456e-02
    2.09115148e-01 4.81084347e-01 1.95853591e-01 9.51070487e-01
    6.76673949e-01 1.36702776e-01 8.02179337e-01 1.00070089e-01
    8.49548101e-01 5.42090297e-01 4.01773214e-01 9.44426775e-01
    7.84525514e-01 2.29095608e-01 1.84016675e-01 1.36638850e-01
    9.18861032e-01 6.40562654e-01 3.80869031e-01 6.63895845e-01
    5.39251685e-01 6.13941669e-01 4.67011333e-01 8.13877821e-01
    1.74286366e-02 3.64432007e-01 7.47306049e-01 1.99324578e-01
    4.15855259e-01 7.17707455e-01 5.65743446e-01 9.95689631e-03
    9.39060450e-01 6.67528152e-01 6.72797561e-02 2.18891084e-01
    9.84777331e-01 9.16143775e-01 8.61134887e-01 3.40084851e-01
    4.76945758e-01 4.84365761e-01 5.77894986e-01 2.43717283e-01
    8.50347579e-02 3.14001799e-01 6.04783416e-01 7.13913202e-01
    1.08361900e-01 4.72890615e-01 4.89409029e-01 1.68289840e-01
    3.80763471e-01 9.10176992e-01 8.38168740e-01 5.87294459e-01
    5.09213090e-01 2.20052868e-01 2.73082763e-01 9.78555799e-01
    3.91627967e-01 4.09927815e-01 6.11672878e-01 7.17483461e-01
    1.03418708e-01 4.28399146e-01 7.95688868e-01 8.87700915e-02
    3.94551963e-01 3.32191706e-01 2.99573779e-01 3.03115785e-01
    8.31202865e-01 1.14746273e-01 9.27965164e-01 9.95582581e-01
    2.63671100e-01 1.40023649e-01 5.60959220e-01 7.91869640e-01
    9.84999657e-01 3.78751576e-01 9.50607061e-01 8.77503157e-01
    8.30571771e-01 2.73955852e-01 3.36716950e-01 9.92942095e-01
    6.67859614e-01 8.98664713e-01 6.39749169e-01 6.54361963e-01
    7.62952387e-01 9.76474643e-01 1.56550169e-01 5.55339277e-01
    5.48011601e-01 2.37451881e-01 3.27908397e-01 4.26041961e-01
    1.90427363e-01 3.80894542e-01 9.58051562e-01 8.20685983e-01
    9.15239930e-01 9.57068920e-01 2.32529372e-01 2.32154459e-01
    9.97944713e-01 3.42783928e-02 3.06326330e-01 8.53176415e-02
    7.17860341e-01 4.97935414e-02 6.70005977e-02 5.97942829e-01
    8.46769154e-01 4.62000877e-01 2.66668797e-01 3.28983009e-01
    8.90373886e-01 4.13800180e-01 3.39336157e-01 9.98308778e-01
    4.57044482e-01 7.80216217e-01 5.06148577e-01 7.36813843e-02
    5.12003362e-01 6.99856997e-01 3.45668882e-01 5.53196967e-01
    3.41988713e-01 2.20769942e-02 2.08439946e-01 4.87157345e-01
    4.43204284e-01 3.32225263e-02 4.18797910e-01 9.92172599e-01
    2.87137270e-01 7.43629217e-01 9.39133048e-01 4.75303471e-01
    2.58546621e-01 4.98377502e-01 6.66652083e-01 2.83587158e-01
    3.85528803e-02 4.44989830e-01 8.83520067e-01 3.81354451e-01
    3.03491831e-01 6.29618585e-01 4.83193457e-01 7.70904362e-01
    3.75083745e-01 5.80042660e-01 4.75824118e-01 8.61508965e-01
    7.00170159e-01 1.13886684e-01 1.46242082e-01 7.87547290e-01
    5.90218782e-01 5.78777015e-01 3.13137889e-01 7.52103925e-01
    8.06503713e-01 6.24169707e-01 2.12203383e-01 4.24621463e-01
    7.32713521e-01 6.00525558e-01 3.40059549e-01 5.53547144e-02
    9.46498394e-01 5.97806454e-01 2.70402014e-01 4.01029497e-01
    6.88695312e-02 5.95595598e-01 5.24483442e-01 5.87042332e-01
    7.49178767e-01 3.73206615e-01 6.43591583e-01 3.90632778e-01
    4.33982193e-01 3.42499584e-01 3.70899737e-01 6.20184898e-01
    1.96738899e-01 7.62521148e-01 2.60189950e-01 3.99899811e-01
    8.08366656e-01 1.15951031e-01 5.59965670e-01 6.86946511e-01
    5.95389605e-01 5.52494228e-01 2.30079889e-01 9.96268094e-01
    8.07778716e-01 2.54968643e-01 6.18822753e-01 5.05457699e-01
    6.26520276e-01 5.93522012e-01 6.82505071e-01 8.90301943e-01
    2.63487220e-01 5.42675436e-01 7.53109455e-01 8.87281895e-01
    1.04147941e-01 9.83787179e-02 3.44111264e-01 1.30994737e-01
    8.31029654e-01 6.14442825e-01 8.53435636e-01 7.53277302e-01
    4.78684604e-02 4.12393242e-01 2.03465462e-01 4.03137237e-01
    1.74834818e-01 7.80407310e-01 8.76316726e-01 4.54071730e-01
    7.44458318e-01 3.45989347e-01 1.76323265e-01 3.71114790e-01
    9.07271504e-01 7.71632373e-01 3.68490487e-01 1.73361629e-01
    2.75576830e-01 6.50242269e-01 7.55923927e-01 5.26686072e-01
    4.63889986e-01 4.57227945e-01 9.18369174e-01 9.54185843e-01
    3.11473191e-01 2.10618407e-01 1.45248264e-01 4.62700725e-02
    4.08058733e-01 4.26002502e-01 4.45179164e-01 9.88391221e-01
    2.21379936e-01 2.96256840e-01 6.79803908e-01 5.80952287e-01
    1.96824342e-01 6.03626490e-01 1.64599657e-01 6.56400621e-01
    2.23026454e-01 9.94934082e-01 3.94450009e-01 1.57305896e-02
    9.13548768e-01 2.16566890e-01 7.59937406e-01 2.54765153e-01
    2.16789454e-01 8.61747503e-01 4.85185564e-01 8.13912034e-01
    8.22126865e-03 3.20114553e-01 1.40789956e-01 5.54596722e-01
    2.63068646e-01 1.67663425e-01 3.80844533e-01 7.72786915e-01
    4.50056642e-01 3.57201815e-01 4.59768951e-01 4.93174911e-01
    3.29198539e-01 2.67213821e-01 2.71065772e-01 6.50945842e-01
    9.03861403e-01 6.69314146e-01 3.56529772e-01 7.75647044e-01
    7.21832395e-01 1.46449298e-01 9.64435875e-01 5.18013537e-02
    2.75741965e-01 8.87318969e-01 3.78980279e-01 2.80200899e-01
    3.10779542e-01 1.14815414e-01 2.51386136e-01 8.65003943e-01
    7.76075721e-02 2.36387074e-01 7.13860393e-01 4.06743586e-01
    2.15556055e-01 4.09071475e-01 2.82080770e-01 5.25375843e-01
    3.04111719e-01 1.63086802e-01 3.57883871e-01 7.37764537e-01
    8.65207732e-01 5.66881776e-01 3.04307103e-01 6.17231429e-02
    8.06189537e-01 2.49538928e-01 8.59922171e-03 5.65380991e-01
    1.21047914e-01 1.23857260e-01 5.43042541e-01 8.86568308e-01
    6.67307198e-01 5.98341703e-01 3.73519361e-02 7.92039275e-01
    3.15067708e-01 1.79037124e-01 1.03409529e-01 8.66609931e-01
    9.17795718e-01 8.72325301e-02 5.98749697e-01 8.79067779e-02
    1.36176974e-01 7.35453963e-02 3.92583549e-01 1.64088309e-01
    3.71210754e-01 1.45726293e-01 5.39585948e-01 7.42683053e-01
    3.66254121e-01 4.91483182e-01 2.87067711e-01 5.74983954e-01
    9.09390211e-01 6.94841623e-01 4.40979600e-02 2.68593550e-01
    2.19241381e-01 9.31757450e-01 9.85154271e-01 2.55927324e-01
    2.97381997e-01 8.45103204e-01 4.51011032e-01 6.23804510e-01
    8.82696688e-01 6.24944091e-01 5.62150061e-01 9.51748192e-01
    8.46769154e-01 4.62000877e-01 2.66668797e-01 3.28983009e-01
    8.90373886e-01 4.13800180e-01 3.39336157e-01 9.98308778e-01
    4.57044482e-01 7.80216217e-01 5.06148577e-01 7.36813843e-02
    5.12003362e-01 6.99856997e-01 3.45668882e-01 5.53196967e-01
    4.62033510e-01 6.39708221e-01 3.34981859e-01 7.18467355e-01
    2.03700572e-01 9.22154069e-01 3.24866444e-01 1.74881488e-01
    9.85927463e-01 8.86019588e-01 5.21659374e-01 1.61674440e-01
    6.56011701e-01 8.72334242e-01 8.48555624e-01 2.06025660e-01
    7.17678368e-01 3.78295004e-01 5.53483307e-01 6.84851885e-01
    6.79341674e-01 9.01730299e-01 7.51591325e-02 3.47378850e-02
    3.77862662e-01 4.95593607e-01 5.06195366e-01 5.88864207e-01
    3.22993398e-01 8.98576975e-01 6.16165459e-01 1.62044108e-01
    4.23271000e-01 1.84215158e-01 9.10704851e-01 5.51605701e-01
    3.39205414e-01 6.78005040e-01 1.46983802e-01 6.82195485e-01
    8.82284403e-01 2.73900121e-01 9.05835152e-01 1.65432185e-01
    6.14084840e-01 3.65112692e-01 1.26021385e-01 2.43451267e-01
    5.84545493e-01 9.69510257e-01 1.96947843e-01 7.47366071e-01
    1.63801521e-01 1.51307404e-01 1.35631472e-01 4.48719889e-01
    3.08420926e-01 1.51369005e-01 5.38329601e-01 1.84919983e-01
    4.95426446e-01 3.37598324e-01 8.45168531e-01 7.11634934e-01
    5.03578484e-01 7.40620494e-01 9.67493415e-01 9.57359672e-01
    2.17349619e-01 2.31709510e-01 4.29727137e-02 4.69030410e-01
    5.71593285e-01 4.37203944e-02 3.60305130e-01 6.49919450e-01
    4.44860548e-01 7.24029064e-01 9.97201681e-01 6.43150270e-01
    8.49693239e-01 4.38387692e-01 1.89208746e-01 7.15656877e-01
    4.16936457e-01 6.48687482e-01 6.93501353e-01 8.39853883e-01
    8.44476938e-01 5.65616488e-02 7.33022928e-01 9.83614445e-01
    4.02225375e-01 5.22824705e-01 5.30382931e-01 5.32182276e-01
    4.79156822e-01 8.82364988e-01 7.46072412e-01 2.07292169e-01
    6.68721914e-01 5.44019043e-01 5.65035760e-01 2.08793938e-01
    6.00801289e-01 5.23120821e-01 7.93466687e-01 3.22544575e-03
    6.79050803e-01 1.13546461e-01 4.03606951e-01 3.67521793e-01
    4.98308599e-01 5.99548459e-01 1.52154207e-01 7.05896139e-01
    2.07418352e-01 5.97496092e-01 4.24722880e-01 5.27987421e-01
    3.44875067e-01 1.77936822e-01 1.92557067e-01 8.87386084e-01
    7.52305388e-02 7.11475253e-01 3.04124326e-01 9.53595519e-01
    9.77995694e-01 3.04994524e-01 3.62342924e-01 2.65462667e-01
    4.28373873e-01 8.76803756e-01 5.39146662e-01 1.76390469e-01
    4.23160195e-03 1.70636863e-01 4.25068617e-01 2.86763161e-01
    7.96965122e-01 2.75282413e-01 3.93263340e-01 9.93530810e-01
    4.40746933e-01 6.00495160e-01 5.96037149e-01 4.83970851e-01
    1.28114551e-01 9.61223543e-01 9.12799835e-01 8.57900143e-01
    7.23812282e-01 1.90246373e-01 2.11511910e-01 7.21658528e-01
    6.03581786e-01 1.52848184e-01 5.82852662e-02 1.78279817e-01
    6.96858227e-01 3.39964867e-01 2.21289873e-01 5.18380404e-02
    2.89735734e-01 9.86570358e-01 4.41442162e-01 4.16476309e-01
    9.92901325e-01 7.48803794e-01 3.53806734e-01 4.10855383e-01
    7.71861911e-01 2.94036388e-01 8.23753417e-01 5.20772994e-01
    1.51542306e-01 3.21911633e-01 9.65180457e-01 2.11671323e-01
    8.49480629e-02 2.02068567e-01 9.72690821e-01 3.39893222e-01
    9.30169284e-01 1.84639990e-01 2.97497511e-01 8.76661420e-01
    5.85816264e-01 3.10111940e-01 2.34887093e-01 7.44363904e-01
    1.95713967e-01 7.36834228e-01 8.14420462e-01 8.36750329e-01
    5.53576052e-02 7.07530499e-01 8.05786550e-01 6.39587760e-01
    4.67089117e-02 3.66187632e-01 9.84378755e-02 7.98382998e-01
    9.99799728e-01 2.59284258e-01 6.54786825e-04 2.09798425e-01
    3.91576648e-01 8.35661888e-02 5.69879591e-01 5.37284613e-01
    2.74990916e-01 5.32187581e-01 4.22426045e-01 4.64198738e-01
    6.16739213e-01 2.16507137e-01 7.87860155e-03 6.55530095e-01
    1.30959958e-01 2.01945961e-01 6.01709962e-01 3.45037758e-01
    1.78698152e-01 6.69918716e-01 5.68747222e-01 4.36505139e-01
    1.57611370e-02 2.46219665e-01 2.23075211e-01 1.75735056e-02
    2.62947917e-01 1.23043805e-01 6.41947985e-01 8.96681190e-01
    9.66636539e-01 3.31728220e-01 3.56985986e-01 2.23018885e-01
    7.83947408e-02 4.28467691e-01 3.03818554e-01 8.60025883e-01
    3.25113058e-01 1.25940323e-01 7.95687497e-01 4.96236116e-01
    5.76091528e-01 1.75250769e-02 3.25626135e-02 7.06188679e-01
    1.83204800e-01 9.87201929e-04 2.41566539e-01 4.64141458e-01
    4.62033510e-01 6.39708221e-01 3.34981859e-01 7.18467355e-01
    2.03700572e-01 9.22154069e-01 3.24866444e-01 1.74881488e-01
    9.85927463e-01 8.86019588e-01 5.21659374e-01 1.61674440e-01
    6.56011701e-01 8.72334242e-01 8.48555624e-01 2.06025660e-01
    9.83736336e-01 3.14917564e-01 1.62826747e-01 6.78951144e-02
    9.42578554e-01 5.39595783e-01 9.73208368e-01 1.01638079e-01
    3.98166358e-01 8.79917145e-02 7.17511177e-01 2.21104831e-01
    5.45301378e-01 4.37994361e-01 9.89413559e-02 4.47729975e-01
    3.53059590e-01 8.47561240e-01 1.84042066e-01 7.61849284e-01
    5.23922443e-01 8.34074616e-01 7.78711677e-01 7.56633282e-03
    9.67341065e-01 1.28619850e-01 8.02548885e-01 8.47342372e-01
    4.70833182e-02 2.01073736e-01 1.20720565e-02 4.29041773e-01
    5.61543405e-01 3.32933515e-01 7.27622330e-01 9.95643795e-01
    4.82162267e-01 1.33968085e-01 1.30977780e-01 5.16748011e-01
    5.44033647e-01 5.63401937e-01 1.68978333e-01 4.45963651e-01
    3.19367468e-01 1.77482247e-01 7.18366921e-01 3.21127236e-01
    2.13178635e-01 4.82003689e-02 1.91044003e-01 9.73730326e-01
    2.84595966e-01 9.28585231e-01 8.35966170e-02 7.03605175e-01
    2.28075862e-01 8.64467084e-01 5.44630051e-01 6.49197757e-01
    3.19177508e-01 5.28076351e-01 1.57830119e-03 6.79431915e-01
    2.32862473e-01 1.27237558e-01 9.44107652e-01 5.31808436e-01
    5.60902655e-02 5.18493176e-01 7.01538444e-01 7.38960385e-01
    9.23835278e-01 7.56638587e-01 6.36103749e-01 8.15877318e-01
    2.48119235e-03 7.69393206e-01 4.75744843e-01 8.50315988e-01
    7.38598585e-01 7.13622153e-01 6.09037638e-01 8.69598567e-01
    4.50260520e-01 1.41606182e-01 4.73388731e-01 1.50025100e-01
    4.34322149e-01 6.86160564e-01 1.91073537e-01 5.23562193e-01
    8.20072651e-01 9.12687063e-01 7.05333948e-01 2.65005469e-01
    4.47187483e-01 5.74101806e-01 2.53015161e-02 1.25389010e-01
    7.37062454e-01 2.49599665e-01 9.77813125e-01 7.21110284e-01
    9.98665273e-01 7.92911410e-01 7.44885802e-01 4.96717453e-01
    7.89523065e-01 5.43066859e-02 3.80169511e-01 5.64900458e-01
    1.06428534e-01 2.52631128e-01 7.05601752e-01 5.36006451e-01
    2.83187389e-01 2.26023316e-01 3.25842202e-01 5.52868724e-01
    2.19126970e-01 4.43831086e-01 9.49858725e-01 4.42626268e-01
    2.71519244e-01 5.38395464e-01 9.94432092e-01 3.41628790e-01
    1.34813190e-02 5.11865616e-01 6.98948324e-01 4.22790229e-01
    1.90092653e-01 2.53546059e-01 7.65893102e-01 1.25582755e-01
    6.58562839e-01 1.15692616e-04 5.28881252e-01 5.60285568e-01
    5.26980042e-01 7.63361514e-01 4.43720698e-01 4.57637429e-01
    7.49722123e-03 2.55871534e-01 1.63775384e-02 8.89793277e-01
    2.51251459e-01 9.08826411e-01 1.36127234e-01 6.67220116e-01
    7.87327647e-01 6.38833582e-01 4.17618483e-01 3.39774042e-01
    2.75493443e-01 5.33398807e-01 5.44514060e-01 6.41640604e-01
    9.50332284e-01 9.15131688e-01 6.73097253e-01 4.10327315e-02
    7.32153177e-01 8.55656147e-01 6.85919285e-01 1.76953256e-01
    8.22006226e-01 9.04613495e-01 1.74555093e-01 1.34792238e-01
    9.51745450e-01 5.57331979e-01 7.30876088e-01 7.83313811e-01
    3.13247681e-01 6.90772235e-02 3.20259452e-01 6.42283261e-01
    9.25089180e-01 4.09434617e-01 8.06211591e-01 7.87591934e-02
    7.92868495e-01 7.01063931e-01 6.48213923e-02 1.52650177e-01
    9.94145930e-01 6.53762519e-02 6.93646967e-01 4.78638500e-01
    1.38031662e-01 9.91808712e-01 5.71590900e-01 8.86059880e-01
    2.00002730e-01 9.77402091e-01 6.87052608e-02 8.77694011e-01
    9.02001262e-01 8.81684542e-01 3.41729522e-01 2.36077547e-01
    4.59554821e-01 6.29165769e-03 3.49095702e-01 4.30283010e-01
    3.49958450e-01 1.93193763e-01 7.26849020e-01 3.40452909e-01
    1.84925705e-01 1.94082081e-01 5.96680999e-01 3.51976961e-01
    9.81924415e-01 9.26700473e-01 2.24626064e-03 3.98131639e-01
    3.26630235e-01 2.44457215e-01 3.77309322e-03 2.02997267e-01
    8.57902527e-01 5.46694636e-01 2.16604054e-01 8.47790301e-01
    7.47682095e-01 2.30400413e-01 5.29836714e-01 5.27810693e-01
    7.22040176e-01 9.62842643e-01 6.13073051e-01 1.36258751e-01
    8.55100155e-02 9.23153162e-02 7.29784489e-01 5.99505663e-01
    4.48179811e-01 1.80702180e-01 3.50433409e-01 3.84352326e-01
    9.29579079e-01 6.54689491e-01 3.59413683e-01 6.05599582e-01
    6.67661250e-01 3.42978507e-01 5.58315158e-01 7.21578896e-01
    4.14196730e-01 6.72521591e-01 6.36739254e-01 9.05093789e-01
    9.83736336e-01 3.14917564e-01 1.62826747e-01 6.78951144e-02
    9.42578554e-01 5.39595783e-01 9.73208368e-01 1.01638079e-01
    3.98166358e-01 8.79917145e-02 7.17511177e-01 2.21104831e-01
    5.45301378e-01 4.37994361e-01 9.89413559e-02 4.47729975e-01
    3.08907211e-01 1.53186917e-03 6.78236783e-02 5.78042090e-01
    2.31673688e-01 6.12440526e-01 2.63631344e-02 4.97549236e-01
    9.67883170e-01 6.45432472e-02 9.93097603e-01 8.91145170e-01
    1.88532472e-01 2.53384441e-01 6.25108898e-01 7.95613110e-01
    6.36179984e-01 5.38419783e-01 5.24961352e-01 5.25388837e-01
    5.74746251e-01 6.93892658e-01 2.55486667e-02 8.44696045e-01
    7.09708631e-01 9.81196940e-01 7.11232424e-01 7.38176525e-01
    6.23099208e-01 8.87540102e-01 4.19755757e-01 3.16949904e-01
    6.88984513e-01 7.76238799e-01 4.46684688e-01 3.98829281e-01
    3.35128784e-01 2.27472156e-01 3.45935225e-02 1.30498767e-01
    2.40912110e-01 7.38459945e-01 4.33112442e-01 6.87357187e-01
    4.13368225e-01 2.35137939e-01 4.36419308e-01 4.12980527e-01
    2.63599962e-01 1.50721341e-01 2.06392705e-02 2.70362914e-01
    8.94336104e-01 9.28031564e-01 9.46222246e-01 4.73178327e-02
    7.09342539e-01 2.66181558e-01 8.25534344e-01 9.24140215e-01
    4.07236636e-01 2.75973022e-01 1.34120584e-02 1.24903738e-01
    5.48876584e-01 1.23217881e-01 1.40369982e-01 4.66525912e-01
    7.07053185e-01 7.84352720e-02 6.92512274e-01 3.53707820e-01
    3.36031675e-01 7.52998352e-01 4.55402523e-01 3.55863690e-01
    1.27138883e-01 5.17423868e-01 7.70964444e-01 4.20046061e-01
    2.56744087e-01 6.51958823e-01 3.32720965e-01 9.75849628e-02
    4.80969697e-01 7.59650707e-01 5.89168131e-01 2.00015575e-01
    4.12432581e-01 8.30848396e-01 8.02863777e-01 4.44980621e-01
    5.50747156e-01 3.56704891e-01 8.79127622e-01 3.58603477e-01
    9.79853570e-02 5.20551324e-01 2.70436972e-01 1.81697309e-01
    8.54806125e-01 3.14345062e-02 8.61332417e-01 7.09910691e-01
    1.36570215e-01 2.21530437e-01 1.86242729e-01 7.95367599e-01
    9.91969705e-01 8.70906770e-01 8.61049592e-01 4.31092203e-01
    9.97651041e-01 6.29632950e-01 3.74886513e-01 2.98577428e-01
    2.88387060e-01 2.14694321e-01 7.27865398e-01 9.47815776e-01
    7.55016088e-01 1.77943766e-01 5.87670386e-01 1.50109649e-01
    8.64971578e-01 6.52368188e-01 1.10043705e-01 7.58613646e-02
    9.75489616e-04 3.01401138e-01 1.77449197e-01 8.58232856e-01
    9.00056720e-01 4.47295785e-01 8.88132155e-02 2.60803491e-01
    3.47849548e-01 1.51473910e-01 2.70456284e-01 8.05543303e-01
    4.05436069e-01 3.56064439e-01 9.79925275e-01 6.88065112e-01
    8.37317944e-01 7.53122449e-01 5.40553749e-01 4.77534622e-01
    1.02670968e-01 9.61801171e-01 8.82763624e-01 5.56836843e-01
    4.48807120e-01 2.61734426e-02 8.51541638e-01 1.22011006e-02
    9.62840915e-02 7.06384182e-02 5.93122900e-01 1.19369984e-01
    2.46647835e-01 5.70529640e-01 3.46398115e-01 6.00666165e-01
    5.51418364e-01 8.17482591e-01 8.45942914e-01 7.58547306e-01
    6.46020174e-01 3.23030055e-02 2.07335234e-01 7.49356508e-01
    8.44860554e-01 1.29072249e-01 6.80396259e-02 2.29422331e-01
    1.00579232e-01 4.56220120e-01 3.01551402e-01 7.09228396e-01
    1.70848429e-01 3.14318657e-01 4.10240382e-01 7.04602122e-01
    7.41894007e-01 3.67001891e-01 2.72395104e-01 1.99064404e-01
    2.49829203e-01 7.71520138e-01 9.41040993e-01 9.75926518e-01
    5.51559627e-02 6.82087541e-01 4.14265633e-01 4.43611413e-01
    8.93145323e-01 3.86793166e-01 5.02657890e-03 9.88268793e-01
    1.23775363e-01 5.38171530e-01 8.13287497e-01 1.06337816e-01
    7.28250504e-01 1.14354789e-02 4.40803170e-03 7.71298707e-01
    2.79236495e-01 8.06926310e-01 4.40566301e-01 4.47703540e-01
    3.58064890e-01 7.76061535e-01 2.92371452e-01 2.66994238e-01
    1.18556321e-01 4.22095954e-01 1.89516455e-01 5.05586565e-01
    4.41303074e-01 1.33586735e-01 6.10618830e-01 2.87145972e-01
    5.51566541e-01 2.10148692e-01 3.39114606e-01 8.49512815e-01
    7.07899094e-01 9.15081620e-01 8.78467917e-01 2.01668590e-01
    9.15842295e-01 8.08673859e-01 8.03215623e-01 3.04798871e-01
    9.75312352e-01 7.48541355e-01 7.40411520e-01 6.78067684e-01
    3.72512102e-01 8.74576628e-01 6.91793859e-01 3.17120045e-01
    5.58128119e-01 9.49707270e-01 8.09195161e-01 3.56134921e-01
    8.02939892e-01 2.06467360e-01 4.28766012e-03 3.45486611e-01
    9.15352225e-01 5.60724854e-01 1.15745217e-01 6.13087952e-01
    3.08907211e-01 1.53186917e-03 6.78236783e-02 5.78042090e-01
    2.31673688e-01 6.12440526e-01 2.63631344e-02 4.97549236e-01
    9.67883170e-01 6.45432472e-02 9.93097603e-01 8.91145170e-01
    1.88532472e-01 2.53384441e-01 6.25108898e-01 7.95613110e-01
    4.25031751e-01 3.40874553e-01 6.61758482e-01 2.42313832e-01
    6.34530604e-01 4.28666264e-01 1.16029978e-02 6.68219030e-01
    7.53172755e-01 4.66217726e-01 2.42185593e-01 5.72748363e-01
    9.45733488e-01 5.85669041e-01 3.96478266e-01 6.14179373e-02
    9.43491876e-01 3.11666131e-01 1.01947784e-03 8.67518187e-01
    7.91362286e-01 9.42016125e-01 9.97450233e-01 1.18017197e-03
    7.72695601e-01 4.48253483e-01 7.80726314e-01 2.55990565e-01
    2.62255609e-01 4.83124495e-01 5.43379664e-01 6.88644528e-01
    4.15490091e-01 5.74162841e-01 5.55211902e-02 3.56751382e-02
    8.84343266e-01 5.65774262e-01 3.63675117e-01 1.89850241e-01
    7.94483066e-01 3.28461885e-01 4.08952892e-01 6.91306770e-01
    3.77247632e-01 1.58535153e-01 2.32320517e-01 6.07738733e-01
    4.76989627e-01 1.30579919e-01 2.08031744e-01 8.39480877e-01
    5.03111720e-01 7.50977278e-01 1.54662699e-01 4.01259929e-01
    7.43192375e-01 4.42515433e-01 5.28545558e-01 5.12408555e-01
    6.29380465e-01 8.07439446e-01 8.99124503e-01 8.57705474e-01
    6.39723063e-01 8.27218056e-01 1.15978688e-01 6.19700074e-01
    6.89816117e-01 7.12870896e-01 4.45243120e-01 6.14926040e-01
    7.23947644e-01 5.15253842e-02 2.35863239e-01 1.56745374e-01
    5.29436827e-01 1.53536975e-01 2.48809010e-01 9.01799440e-01
    9.38654900e-01 9.77583885e-01 5.90466440e-01 8.62517655e-01
    1.23605132e-03 2.55361855e-01 1.02298141e-01 7.65313506e-01
    7.54752219e-01 4.63445753e-01 1.87726408e-01 2.00127423e-01
    2.90473104e-01 8.28114271e-01 9.46605206e-01 9.92694974e-01
    8.73457074e-01 1.06492996e-01 1.54917955e-01 5.39572060e-01
    8.72507393e-02 5.42853951e-01 1.28800780e-01 3.00622642e-01
    6.63379908e-01 1.04671180e-01 2.97752380e-01 6.49465799e-01
    4.71726358e-02 1.36079639e-01 5.74671745e-01 8.35773170e-01
    3.44791472e-01 2.42055357e-01 7.38972604e-01 7.55431294e-01
    4.59844172e-01 2.36348838e-01 5.48763931e-01 3.52089554e-01
    6.61239505e-01 7.19474554e-01 9.12154615e-02 2.91445792e-01
    2.07582146e-01 1.61137253e-01 2.98216283e-01 7.22157419e-01
    3.24927539e-01 6.54900432e-01 8.64015520e-01 1.34256154e-01
    6.90876365e-01 1.86359406e-01 9.37221706e-01 8.06766033e-01
    6.05321765e-01 7.52848685e-02 7.35535145e-01 1.47400737e-01
    2.49529183e-01 2.82028258e-01 5.30846357e-01 4.58908141e-01
    2.66115010e-01 4.35234845e-01 6.18132949e-03 3.90026271e-02
    1.15863293e-01 6.72500610e-01 8.93006802e-01 5.32192707e-01
    9.50356722e-01 6.64151967e-01 9.60520625e-01 1.94385648e-03
    2.66361684e-01 9.77806330e-01 1.78623497e-01 9.76608396e-01
    5.18288434e-01 4.21747863e-02 1.19814456e-01 4.36395228e-01
    9.06017303e-01 5.81827462e-01 7.28028297e-01 7.91549325e-01
    3.03938240e-01 1.90237015e-01 6.27545238e-01 8.57243776e-01
    9.11489129e-01 1.90397859e-01 2.57567763e-01 6.26714885e-01
    5.58985174e-02 7.61185825e-01 1.94612145e-03 6.65084481e-01
    9.03999507e-02 6.60305381e-01 7.28134751e-01 2.15926230e-01
    4.41089630e-01 6.02605522e-01 6.01297259e-01 3.17446351e-01
    6.51984155e-01 2.87913561e-01 4.03186619e-01 8.49678516e-01
    6.20633721e-01 6.71841502e-02 2.29034066e-01 8.97504330e-01
    8.69010568e-01 3.16976517e-01 2.24674493e-01 5.17140508e-01
    5.68504870e-01 8.61675262e-01 1.54325813e-01 7.72791803e-01
    2.62127459e-01 6.01979852e-01 1.08448654e-01 6.31576240e-01
    3.57016742e-01 9.14555669e-01 7.64173985e-01 5.56120634e-01
    3.81741256e-01 3.62189502e-01 4.70238924e-03 6.95241153e-01
    9.82022524e-01 8.19347441e-01 8.05534899e-01 1.18256897e-01
    7.67669857e-01 6.72469258e-01 4.94170845e-01 5.84472775e-01
    2.22087860e-01 3.45359743e-01 3.40980887e-01 9.48365331e-01
    3.85144711e-01 5.13642430e-02 2.67035335e-01 5.17623305e-01
    2.08473176e-01 1.89830333e-01 3.97496462e-01 8.74593377e-01
    9.25616622e-01 8.45140576e-01 7.30490386e-01 2.93191910e-01
    6.26961350e-01 7.26335049e-01 5.14051080e-01 4.39301223e-01
    2.21714079e-02 2.95756757e-01 8.16296637e-02 6.26161695e-03
    4.31974590e-01 9.56265450e-01 2.20111310e-02 8.66180718e-01
    9.58635569e-01 5.39385736e-01 9.73968685e-01 1.57374293e-01
    4.25031751e-01 3.40874553e-01 6.61758482e-01 2.42313832e-01
    6.34530604e-01 4.28666264e-01 1.16029978e-02 6.68219030e-01
    7.53172755e-01 4.66217726e-01 2.42185593e-01 5.72748363e-01
    9.45733488e-01 5.85669041e-01 3.96478266e-01 6.14179373e-02
    8.33092630e-01 7.47026384e-01 4.33734059e-02 3.10094655e-01
    1.14074588e-01 3.43302786e-01 7.23302603e-01 8.45125914e-01
    7.33111978e-01 8.04067850e-01 6.27044737e-02 4.34352070e-01
    2.63906419e-01 7.46518910e-01 7.85782337e-02 2.17617929e-01
    8.82446885e-01 7.00341523e-01 3.62529635e-01 2.39775538e-01
    6.90531492e-01 4.13611233e-02 1.08981639e-01 7.75862217e-01
    2.95414925e-02 3.47539485e-02 2.47532904e-01 4.47831571e-01
    1.46139920e-01 6.86852455e-01 7.76286960e-01 2.29016244e-02
    9.28793252e-02 8.42376113e-01 7.01812088e-01 5.94119668e-01
    4.62901026e-01 3.20918620e-01 1.09144151e-01 2.34746039e-01
    8.06312561e-01 6.88623250e-01 1.49681777e-01 7.72212207e-01
    2.73052275e-01 9.24619615e-01 3.88510942e-01 5.51755846e-01
    5.49066961e-01 1.76093876e-01 1.15907937e-01 1.86299086e-02
    2.21582413e-01 2.57285267e-01 4.05763090e-01 7.94248581e-01
    7.57384717e-01 6.96297050e-01 2.15583891e-01 4.43174660e-01
    9.80746508e-01 3.34994614e-01 3.71755064e-01 8.65970671e-01
    3.12592804e-01 7.74033308e-01 1.13888264e-01 6.60272360e-01
    3.20024490e-02 8.23192239e-01 4.32650387e-01 6.39321685e-01
    1.35376722e-01 7.80129313e-01 4.93016034e-01 1.93242669e-01
    8.74703050e-01 8.36161315e-01 2.51256227e-01 3.32105130e-01
    5.76305330e-01 3.18202496e-01 1.68976724e-01 9.78433013e-01
    3.13289165e-01 6.49906218e-01 5.51429152e-01 6.81062579e-01
    4.68901992e-02 5.57476640e-01 3.38436902e-01 2.48296887e-01
    9.64062214e-01 8.83413434e-01 7.94953108e-01 9.44892406e-01
    7.56618857e-01 2.18093932e-01 7.90079713e-01 9.55587924e-01
    2.94524193e-01 9.47384715e-01 3.48847449e-01 4.30918723e-01
    2.42385566e-01 6.15237653e-01 4.29287523e-01 2.23867595e-02
    2.77133197e-01 7.81683445e-01 4.64377463e-01 1.05780333e-01
    1.79267943e-01 7.79638588e-01 4.56130087e-01 4.37938094e-01
    3.03665131e-01 5.93924344e-01 7.33231246e-01 9.45962250e-01
    7.94349909e-02 5.74985802e-01 3.52848470e-01 1.35870039e-01
    3.79539043e-01 4.21435297e-01 7.17273593e-01 1.04527503e-01
    1.36853039e-01 6.10892773e-01 1.08605325e-02 6.76133037e-01
    7.52316058e-01 9.62625265e-01 1.14984304e-01 3.20749849e-01
    4.04420853e-01 3.72668922e-01 5.76029241e-01 6.33031428e-01
    6.88003302e-01 9.73047316e-02 1.05756640e-01 8.84194016e-01
    3.55681777e-01 2.77883351e-01 4.90604430e-01 3.97295594e-01
    5.85441411e-01 5.03545165e-01 3.86097819e-01 3.40234399e-01
    4.09903914e-01 3.61756921e-01 2.52285480e-01 4.85007793e-01
    6.81196928e-01 7.79242575e-01 5.23021162e-01 9.07763958e-01
    6.00218415e-01 2.38024801e-01 9.63792682e-01 5.08626819e-01
    2.30211765e-01 4.76220995e-01 5.64000428e-01 2.75737375e-01
    2.26908624e-01 5.41606128e-01 7.82218874e-02 9.25935507e-01
    3.33491862e-01 2.47955054e-01 1.27150565e-01 2.77802765e-01
    7.18391240e-01 9.86994028e-01 6.22572422e-01 2.19422996e-01
    7.27348685e-01 6.48649812e-01 6.91875100e-01 3.55595350e-03
    8.24621677e-01 1.02634728e-01 9.04636383e-01 1.34651750e-01
    5.70287883e-01 7.70354092e-01 3.88796359e-01 3.62038136e-01
    6.73183203e-02 6.98438346e-01 6.64643526e-01 6.50482178e-01
    5.92451274e-01 2.00647116e-03 8.97324324e-01 3.19384933e-02
    9.18027163e-01 2.46950984e-03 9.75150704e-01 4.35891688e-01
    4.22271550e-01 6.26035035e-02 9.84698534e-01 5.22340000e-01
    7.48654246e-01 6.28355861e-01 6.76212072e-01 4.63317484e-01
    5.06604135e-01 4.24450845e-01 9.15204823e-01 3.40499312e-01
    1.59662187e-01 7.60639131e-01 3.72645825e-01 6.47163689e-02
    7.04973280e-01 8.78228545e-01 3.09543878e-01 3.23634446e-01
    4.44211066e-02 2.44030058e-02 5.14645159e-01 4.85909402e-01
    3.30796659e-01 8.90435815e-01 3.45343649e-01 7.11121559e-01
    9.45077717e-01 6.90477550e-01 2.46462792e-01 8.76244903e-03
    2.63868690e-01 8.73086691e-01 9.01605546e-01 6.61781490e-01
    6.63073540e-01 4.61871296e-01 4.00995433e-01 5.35655022e-01
    3.50519419e-01 4.47149277e-01 3.97820354e-01 7.01690137e-01
    4.73752856e-01 4.33017612e-01 4.30599451e-01 1.48468912e-01
    9.20368552e-01 8.66194844e-01 3.58079970e-01 3.92513275e-02
    8.33092630e-01 7.47026384e-01 4.33734059e-02 3.10094655e-01
    1.14074588e-01 3.43302786e-01 7.23302603e-01 8.45125914e-01
    7.33111978e-01 8.04067850e-01 6.27044737e-02 4.34352070e-01
    2.63906419e-01 7.46518910e-01 7.85782337e-02 2.17617929e-01
    3.32454562e-01 9.31998372e-01 9.99160111e-02 5.22922039e-01
    4.83954072e-01 3.24129313e-01 8.91879976e-01 8.62431288e-01
    5.66922665e-01 3.55155408e-01 8.86239052e-01 8.03453803e-01
    1.76860392e-01 8.94899011e-01 6.11669540e-01 1.83944702e-02
    6.04152501e-01 5.91927707e-01 8.92445147e-02 1.30488485e-01
    1.58092350e-01 1.89293325e-02 9.25675750e-01 3.97252560e-01
    8.73158455e-01 5.74627697e-01 8.14059198e-01 9.18144464e-01
    2.25168645e-01 5.65579593e-01 5.02220213e-01 2.38252610e-01
    9.72012639e-01 3.96885991e-01 5.12279451e-01 4.31613535e-01
    3.83624434e-03 2.36755103e-01 4.79186654e-01 9.46128845e-01
    9.20582414e-01 9.57473099e-01 8.52641582e-01 9.62128341e-02
    8.73890877e-01 6.38402104e-02 4.61941361e-01 6.36616111e-01
    2.99027264e-02 2.30939090e-02 7.16088116e-01 7.98913360e-01
    6.69274867e-01 8.72443318e-01 6.17115140e-01 1.08167887e-01
    6.96068525e-01 3.60770941e-01 6.75377607e-01 7.35645115e-01
    9.85778332e-01 1.51964039e-01 8.53855193e-01 2.56726086e-01
    1.74132228e-01 7.52628922e-01 2.45810091e-01 1.87660694e-01
    6.41213655e-01 2.23228008e-01 1.95166677e-01 2.48405635e-02
    2.73900926e-02 7.64962792e-01 7.49551535e-01 8.20928216e-01
    9.47350025e-01 3.33268046e-01 7.52331972e-01 7.14393377e-01
    6.85172439e-01 2.46246547e-01 7.54701972e-01 8.97336066e-01
    5.81652522e-02 8.32147837e-01 5.27478278e-01 6.06157064e-01
    4.69908834e-01 4.51655686e-02 1.76902086e-01 9.66239214e-01
    1.23981774e-01 6.08077705e-01 8.34484935e-01 8.93723488e-01
    1.04700029e-01 9.70251322e-01 8.68395686e-01 9.17667627e-01
    6.48106456e-01 1.61797404e-01 6.18625462e-01 8.15058470e-01
    8.75702977e-01 7.81544924e-01 9.74077284e-02 9.37383771e-01
    9.86022592e-01 6.39068484e-01 9.66558337e-01 9.18034077e-01
    4.14308190e-01 3.71510237e-01 8.58449936e-02 4.67344105e-01
    2.23386288e-01 4.20418829e-01 5.19751668e-01 7.43827343e-01
    5.34717917e-01 5.97432554e-01 7.01697350e-01 1.10042304e-01
    2.76032805e-01 3.13925385e-01 2.07013398e-01 1.72287613e-01
    5.85002184e-01 5.92171311e-01 8.20191264e-01 2.23233879e-01
    3.64804983e-01 3.34624350e-02 8.00011933e-01 2.18772560e-01
    5.44156790e-01 8.90882671e-01 9.35518861e-01 4.84650612e-01
    2.66816795e-01 3.16109955e-02 3.58605415e-01 3.54245961e-01
    9.98865962e-01 3.95622969e-01 2.11709976e-01 1.34073883e-01
    6.40075564e-01 2.22346753e-01 7.78597474e-01 6.38137460e-02
    8.86502743e-01 8.66075158e-01 5.90713024e-01 4.60192055e-01
    9.20175791e-01 2.90882885e-01 8.40782702e-01 2.77918428e-01
    1.90009564e-01 4.36931074e-01 4.26589429e-01 6.68226123e-01
    2.18102336e-02 1.25173897e-01 3.09050769e-01 2.48347700e-01
    8.67385626e-01 6.06696606e-01 4.50783849e-01 7.02480674e-02
    1.30369484e-01 2.80880898e-01 5.39178789e-01 2.70237923e-01
    7.87103772e-02 8.89785290e-02 3.32925588e-01 7.31583893e-01
    2.05115706e-01 8.43857408e-01 6.80941522e-01 9.31972623e-01
    3.46030653e-01 1.63051486e-01 7.20870256e-01 8.61115813e-01
    6.47929549e-01 6.40045524e-01 9.58021283e-01 1.36584610e-01
    7.12968767e-01 6.27533436e-01 4.90444183e-01 5.03979802e-01
    8.31394136e-01 3.55717391e-01 4.75150645e-02 4.00987267e-01
    8.17622185e-01 2.82059640e-01 8.71713161e-01 2.32204348e-01
    2.07364261e-02 9.44805384e-01 3.20232451e-01 2.38933027e-01
    3.28691602e-01 7.75036871e-01 2.03057498e-01 9.00141239e-01
    3.46440375e-01 2.90520489e-01 2.41907150e-01 1.68678552e-01
    8.65592837e-01 1.57448322e-01 6.93224072e-01 1.41126841e-01
    5.31090140e-01 8.58151615e-02 9.69018877e-01 4.29032266e-01
    8.76723528e-01 2.63500661e-01 3.62424642e-01 1.45208031e-01
    3.94573390e-01 7.95250058e-01 4.89700049e-01 1.84582770e-02
    3.15175653e-02 9.66700673e-01 3.04709256e-01 6.49803936e-01
    8.34683955e-01 5.02132237e-01 6.99163437e-01 8.99878979e-01
    7.25058317e-01 7.83252716e-02 9.37371731e-01 5.60309827e-01
    9.19978321e-02 8.98394644e-01 3.03019941e-01 5.99554062e-01
    8.15022826e-01 8.80287766e-01 5.50165057e-01 5.73206961e-01
    7.73241520e-01 5.40958524e-01 8.32959175e-01 3.90443683e-01
    3.32454562e-01 9.31998372e-01 9.99160111e-02 5.22922039e-01
    4.83954072e-01 3.24129313e-01 8.91879976e-01 8.62431288e-01
    5.66922665e-01 3.55155408e-01 8.86239052e-01 8.03453803e-01
    1.76860392e-01 8.94899011e-01 6.11669540e-01 1.83944702e-02
    8.41798365e-01 8.35824013e-01 2.41801441e-02 8.52510691e-01
    6.08769119e-01 9.42259789e-01 2.96690702e-01 4.53139842e-01
    7.90478110e-01 6.00286126e-01 7.07028031e-01 7.18181312e-01
    9.74468946e-01 6.62268877e-01 4.60772187e-01 3.23044538e-01
    6.93466067e-02 6.84567809e-01 6.70355380e-01 3.75337660e-01
    9.76198673e-01 5.52712619e-01 3.69043350e-01 4.37234759e-01
    1.47504151e-01 5.86496949e-01 6.71701312e-01 8.32484365e-02
    9.78574395e-01 4.26002026e-01 2.29557782e-01 9.18007612e-01
    7.92636037e-01 9.20102000e-01 9.60519433e-01 2.09198803e-01
    2.34058201e-02 6.99594438e-01 5.92611432e-01 3.44039500e-02
    4.61510420e-01 7.28997290e-01 7.19604731e-01 8.36654723e-01
    8.35330248e-01 2.20374763e-01 2.94751376e-01 8.28682542e-01
    3.17680359e-01 9.66909468e-01 4.58545834e-01 3.80591542e-01
    8.22368741e-01 2.22528577e-01 6.43434823e-02 8.44893813e-01
    7.78452754e-01 7.90153205e-01 5.22687852e-01 6.46487594e-01
    9.97750759e-02 2.37688869e-01 4.61439550e-01 4.63255823e-01
    8.50173593e-01 2.62128353e-01 5.86499572e-02 1.95338398e-01
    7.00346470e-01 7.59577036e-01 9.47867095e-01 6.08246267e-01
    7.68081009e-01 2.78090924e-01 3.24888021e-01 5.47381461e-01
    7.59571791e-01 1.30760640e-01 6.88999891e-02 4.26813364e-02
    4.08413768e-01 7.05462515e-01 5.23465157e-01 4.56255019e-01
    5.92822611e-01 6.67816639e-01 8.08455944e-01 5.90154052e-01
    2.11527616e-01 6.84471667e-01 7.25583911e-01 3.09930503e-01
    5.36434829e-01 3.73820901e-01 4.35768127e-01 7.37089217e-01
    6.67315185e-01 3.59241784e-01 7.68050671e-01 9.43130136e-01
    3.76547903e-01 6.44232333e-01 2.09160388e-01 2.86042243e-01
    1.81767941e-02 8.21734548e-01 2.27775007e-01 4.95780319e-01
    5.60585797e-01 4.08550918e-01 7.95964360e-01 4.94416058e-02
    1.27598256e-01 8.75148833e-01 2.49992341e-01 9.39558625e-01
    6.54479146e-01 2.65666187e-01 7.94091165e-01 9.74034607e-01
    5.28672099e-01 6.91171527e-01 3.40555489e-01 3.39708805e-01
    9.21912193e-01 7.94930935e-01 2.52597332e-02 4.35338825e-01
    3.26474786e-01 3.76039773e-01 1.93491578e-03 9.84130383e-01
    4.19444919e-01 1.97401643e-03 4.24796164e-01 1.37207329e-01
    2.29804099e-01 8.03579807e-01 3.70878935e-01 8.93428028e-01
    4.59680617e-01 9.10521030e-01 6.03364706e-01 8.93818855e-01
    4.14589465e-01 9.77560401e-01 3.15938473e-01 2.85444498e-01
    1.39825046e-02 5.02970695e-01 9.61038470e-01 8.30952644e-01
    6.40208066e-01 1.71269774e-02 5.83430827e-01 6.52293146e-01
    6.76413834e-01 2.30166614e-02 8.11046243e-01 3.20934296e-01
    1.72508538e-01 6.87546134e-01 6.12821341e-01 1.72961295e-01
    8.68097544e-01 4.38109457e-01 5.39629459e-02 5.25516927e-01
    2.54037410e-01 7.05887377e-01 6.35073245e-01 5.57670295e-01
    2.26597011e-01 5.19270658e-01 1.76493317e-01 7.65805244e-02
    7.23493159e-01 3.63257825e-01 9.49937582e-01 7.34551489e-01
    4.09419894e-01 5.54533482e-01 5.69760978e-01 3.79234672e-01
    9.32619631e-01 7.15855300e-01 8.38726223e-01 1.26306832e-01
    1.82080954e-01 6.96950495e-01 3.31539512e-02 6.78915381e-02
    9.00636852e-01 5.33182502e-01 9.57701206e-01 2.43543237e-01
    3.24371397e-01 4.26115066e-01 2.59024203e-02 3.34484756e-01
    1.29449993e-01 9.49953616e-01 9.30527508e-01 9.72253263e-01
    5.86208344e-01 3.60923767e-01 6.41960621e-01 7.18487203e-02
    4.12676811e-01 8.45288217e-01 6.73051834e-01 9.01304722e-01
    7.71918058e-01 1.33974999e-01 4.36962962e-01 5.39416373e-01
    9.50361609e-01 3.92712772e-01 4.88807976e-01 7.87819266e-01
    5.35898864e-01 9.50090885e-01 6.19470656e-01 1.90602183e-01
    4.30437893e-01 9.01264906e-01 1.08254462e-01 4.67080623e-01
    7.39650488e-01 7.37672448e-02 4.93265986e-02 6.59978390e-03
    1.87425256e-01 8.85106266e-01 9.69654441e-01 1.74946100e-01
    2.45514959e-01 5.81866801e-01 6.89170003e-01 3.34854305e-01
    7.12110460e-01 3.99802417e-01 2.04509497e-01 5.30363441e-01
    4.13638949e-02 4.07397032e-01 3.90447199e-01 2.57930994e-01
    6.34521604e-01 3.89239162e-01 5.66481531e-01 1.14170969e-01
    3.32549334e-01 9.63647544e-01 5.90012252e-01 7.65382648e-01
    8.41798365e-01 8.35824013e-01 2.41801441e-02 8.52510691e-01
    6.08769119e-01 9.42259789e-01 2.96690702e-01 4.53139842e-01
    7.90478110e-01 6.00286126e-01 7.07028031e-01 7.18181312e-01
    9.74468946e-01 6.62268877e-01 4.60772187e-01 3.23044538e-01
    5.49646378e-01 9.50491905e-01 4.59784240e-01 3.98143440e-01
    4.91932392e-01 9.36573446e-01 7.87412047e-01 8.78733993e-01
    6.99713588e-01 2.44872242e-01 4.38270032e-01 6.17184997e-01
    4.57539439e-01 8.35292339e-02 8.45552921e-01 5.09945452e-01
    5.47776103e-01 3.32841814e-01 9.55060482e-01 9.15918350e-01
    8.41688514e-02 7.63569593e-01 1.92612082e-01 5.07472098e-01
    5.08908331e-01 7.45510161e-02 2.52832621e-01 5.81478715e-01
    6.60126865e-01 7.18317032e-01 8.43288124e-01 2.46343404e-01
    6.59107983e-01 5.00260353e-01 9.21572447e-01 2.72541881e-01
    7.95845270e-01 6.57738566e-01 1.28663123e-01 4.14941400e-01
    9.16270494e-01 5.35684347e-01 9.13428426e-01 5.90361774e-01
    8.24955463e-01 7.39998639e-01 1.37657344e-01 7.11361408e-01
    9.80926454e-01 2.92142570e-01 7.81712890e-01 1.95472360e-01
    3.78199190e-01 4.46067125e-01 2.74961084e-01 3.29222083e-02
    4.54429537e-01 6.93560183e-01 5.25444031e-01 9.61208224e-01
    2.68608809e-01 6.17917120e-01 8.04508686e-01 3.34854424e-01
    1.98035151e-01 3.35398495e-01 2.91145235e-01 6.52730763e-01
    2.16456980e-01 4.40271050e-01 5.15329361e-01 7.51578450e-01
    2.69940197e-01 7.59163499e-02 5.71611166e-01 2.15878069e-01
    8.32152724e-01 6.95281029e-02 4.45322990e-02 8.97035599e-01
    2.55436093e-01 4.55807656e-01 7.83090591e-01 4.91362154e-01
    2.92123079e-01 7.36497700e-01 8.10171962e-02 8.65330100e-01
    1.72169715e-01 6.84194565e-02 8.00083041e-01 6.11782074e-03
    6.91509724e-01 5.05480409e-01 4.86068815e-01 9.66686130e-01
    6.06777072e-02 4.28456247e-01 4.12705958e-01 6.33986473e-01
    1.14642650e-01 2.14921743e-01 2.05950320e-01 8.56674671e-01
    9.18873787e-01 3.53200227e-01 5.87585092e-01 2.70565271e-01
    4.26366866e-01 3.14015985e-01 1.69256687e-01 4.00194108e-01
    4.79683638e-01 2.91704834e-02 7.41744399e-01 6.15899801e-01
    9.79716897e-01 5.84279716e-01 5.19415915e-01 5.69914222e-01
    3.63511175e-01 6.09311640e-01 2.58651078e-01 1.61018789e-01
    8.08241487e-01 7.61125445e-01 7.24642932e-01 8.41009736e-01
    7.01249540e-02 7.17994988e-01 4.32573795e-01 3.11499834e-02
    7.80789912e-01 8.97942185e-01 6.74200475e-01 6.69466078e-01
    8.87877405e-01 5.73712826e-01 1.86957151e-01 8.68108094e-01
    5.20690680e-01 1.28960848e-01 3.73681068e-01 7.67042339e-01
    9.84328568e-01 1.12113237e-01 5.19414186e-01 1.11863375e-01
    9.88097191e-01 8.54532599e-01 2.53400147e-01 1.81738585e-01
    3.33671451e-01 6.19287491e-01 8.84485364e-01 4.23288167e-01
    1.95677012e-01 9.09066916e-01 8.04880679e-01 2.19269991e-01
    1.50774091e-01 7.43985474e-01 2.22299784e-01 1.91942066e-01
    8.36865544e-01 6.77785039e-01 4.47098106e-01 3.28008771e-01
    2.34712481e-01 9.50731993e-01 6.84213102e-01 2.74165571e-01
    9.68904734e-01 5.69299877e-01 3.64942551e-02 8.51548433e-01
    8.61509681e-01 3.08321267e-01 5.25204301e-01 1.45756245e-01
    2.91440606e-01 5.03520548e-01 1.75931185e-01 4.74912345e-01
    3.74966264e-02 2.77825475e-01 4.24521923e-01 8.72095823e-01
    8.71768415e-01 6.07389212e-01 9.87466395e-01 4.49174434e-01
    4.00214672e-01 7.82497346e-01 5.12420475e-01 6.70515895e-01
    8.27548385e-01 9.19655323e-01 1.64202482e-01 3.50662947e-01
    6.82429552e-01 8.51795971e-01 1.21748149e-01 6.88700378e-01
    8.27444196e-01 3.02885473e-02 9.56424773e-01 5.08175313e-01
    7.36579418e-01 5.19347787e-01 8.28928113e-01 6.94211781e-01
    6.45526230e-01 6.95646405e-02 2.49721855e-01 9.52995896e-01
    5.95989823e-01 5.24939060e-01 6.42511666e-01 9.17521596e-01
    4.94735628e-01 9.10109162e-01 8.10176611e-01 9.59821105e-01
    5.86777806e-01 5.39416552e-01 2.05187142e-01 7.16224968e-01
    8.08148682e-02 3.49277973e-01 5.89023232e-01 5.74297607e-02
    7.28502631e-01 6.63454771e-01 5.71996808e-01 9.39188898e-02
    8.83340836e-01 7.63323307e-01 8.04632723e-01 3.75727087e-01
    7.12324977e-01 9.37111139e-01 4.34886485e-01 9.54927802e-01
    3.05861831e-02 9.20741200e-01 5.62811673e-01 9.87490714e-01
    6.60473704e-02 3.81994605e-01 1.51504606e-01 9.12308931e-01
    3.97949517e-02 1.95386529e-01 8.34384322e-01 3.21695983e-01
    5.49646378e-01 9.50491905e-01 4.59784240e-01 3.98143440e-01
    4.91932392e-01 9.36573446e-01 7.87412047e-01 8.78733993e-01
    6.99713588e-01 2.44872242e-01 4.38270032e-01 6.17184997e-01
    4.57539439e-01 8.35292339e-02 8.45552921e-01 5.09945452e-01
    1.72794282e-01 3.54759693e-01 1.07581824e-01 3.51020634e-01
    7.79474139e-01 3.27162534e-01 9.72868741e-01 1.94622517e-01
    8.29384327e-02 8.71101022e-01 4.72560465e-01 4.71929759e-01
    6.90782905e-01 4.80532080e-01 9.04415905e-01 6.12339020e-01
    2.16115862e-01 5.38910031e-01 9.39006329e-01 7.75773764e-01
    5.74364662e-01 6.13613129e-01 2.50249088e-01 8.19707751e-01
    7.17863739e-01 2.68435866e-01 8.04050684e-01 8.51634860e-01
    8.11380923e-01 7.27169096e-01 3.36993396e-01 8.85497212e-01
    5.52013934e-01 1.30223811e-01 9.35966611e-01 2.08438694e-01
    7.50376284e-01 6.34772003e-01 9.32767868e-01 6.35406137e-01
    1.21384561e-02 6.52538657e-01 4.02289361e-01 8.22673678e-01
    6.82405710e-01 8.98790240e-01 3.54179323e-01 5.19311428e-01
    3.85456830e-01 9.74442840e-01 5.50859511e-01 8.47089231e-01
    4.97937500e-01 8.30653906e-02 3.86274397e-01 9.81388986e-02
    1.34179115e-01 7.38412738e-01 7.17013597e-01 8.10614228e-01
    5.01195133e-01 8.02265286e-01 6.19013488e-01 1.33149207e-01
    2.68976331e-01 8.80934000e-01 4.32566315e-01 9.33702588e-01
    9.85391200e-01 7.56092191e-01 3.86931151e-01 9.55821395e-01
    9.87555265e-01 5.41432798e-01 8.39154541e-01 7.60592818e-01
    4.02243674e-01 7.15625584e-01 9.04793620e-01 6.13494992e-01
    5.73363006e-01 3.07385236e-01 4.63718593e-01 7.54590034e-02
    6.76449835e-02 6.02587104e-01 3.63162190e-01 3.07594478e-01
    2.66473055e-01 4.08604950e-01 1.45688951e-01 5.73803306e-01
    4.24434721e-01 5.49651563e-01 5.02238810e-01 1.79753304e-02
    6.11123085e-01 6.40504181e-01 6.96118116e-01 2.75991291e-01
    1.21898443e-01 6.47283792e-01 2.47207820e-01 7.85355747e-01
    1.43075258e-01 9.72847104e-01 1.03888750e-01 7.61454701e-02
    2.02742487e-01 2.51800418e-02 9.65993345e-01 1.85081065e-01
    2.74539948e-01 8.12811434e-01 5.66942632e-01 3.93282175e-01
    8.50635290e-01 7.17714667e-01 9.75837409e-01 5.81696630e-02
    8.08416009e-01 7.06874132e-02 3.61397564e-01 3.84209871e-01
    9.85316634e-01 5.31996071e-01 1.13945901e-02 5.62745810e-01
    5.95045924e-01 6.52974904e-01 6.41866207e-01 7.54445195e-01
    9.00941133e-01 2.19626367e-01 3.99469614e-01 2.86511898e-01
    2.94898719e-01 5.17383516e-01 9.08734322e-01 5.74653506e-01
    3.05106074e-01 4.56093282e-01 3.55589926e-01 2.11309850e-01
    1.59671605e-02 8.44794512e-01 9.51126158e-01 5.39386570e-01
    9.48631525e-01 4.71501559e-01 6.01958275e-01 9.78641212e-01
    7.70055234e-01 4.75847840e-01 5.01695573e-01 8.21170926e-01
    1.23163462e-02 8.70932937e-01 6.08307362e-01 4.58951980e-01
    6.67330265e-01 5.82169771e-01 7.65770793e-01 4.19429839e-01
    4.76609886e-01 3.05987954e-01 1.32738471e-01 3.27267587e-01
    2.63610572e-01 6.25812709e-01 5.52581489e-01 5.13661146e-01
    7.99842954e-01 7.24350452e-01 2.41040230e-01 6.33386850e-01
    3.19435775e-01 2.34316528e-01 4.95636821e-01 5.47485948e-01
    6.40205681e-01 8.38045716e-01 1.18770093e-01 5.25205195e-01
    1.32265061e-01 4.22595084e-01 4.24765050e-02 7.06185639e-01
    2.64140755e-01 7.72540808e-01 4.90789175e-01 6.60341084e-01
    6.44421160e-01 9.27842975e-01 2.50144064e-01 1.77582175e-01
    2.46158063e-01 1.17537647e-01 4.65618521e-01 1.80529296e-01
    9.15926695e-01 3.92799884e-01 5.12438536e-01 3.76154244e-01
    5.24572253e-01 2.44412482e-01 1.24595791e-01 9.51935649e-02
    5.74541569e-01 6.03288412e-04 3.42555761e-01 1.07013643e-01
    4.68805432e-01 5.93172550e-01 4.28641140e-01 8.47598672e-01
    2.94336855e-01 3.45708340e-01 4.68788803e-01 4.70308214e-01
    9.88365173e-01 6.44694567e-01 9.60868895e-02 9.68807936e-01
    5.90312481e-01 3.18659186e-01 2.37622917e-01 9.18086469e-02
    4.75337446e-01 3.29449952e-01 9.80774522e-01 8.02334845e-02
    4.36025679e-01 2.31652260e-01 9.13645685e-01 7.87358999e-01
    2.10192919e-01 8.68028045e-01 1.04210675e-02 7.58025110e-01
    6.58872247e-01 7.77367830e-01 4.02010679e-01 9.64543223e-01
    2.67118335e-01 6.99293911e-02 6.47789598e-01 8.57080102e-01
    8.59808445e-01 2.66698003e-02 4.83280361e-01 8.92095089e-01
    4.41388965e-01 6.40257657e-01 1.62167519e-01 9.91584897e-01
    1.72794282e-01 3.54759693e-01 1.07581824e-01 3.51020634e-01
    7.79474139e-01 3.27162534e-01 9.72868741e-01 1.94622517e-01
    8.29384327e-02 8.71101022e-01 4.72560465e-01 4.71929759e-01
    6.90782905e-01 4.80532080e-01 9.04415905e-01 6.12339020e-01
    5.02202272e-01 5.37558556e-01 5.94796002e-01 6.31571114e-01
    6.27460897e-01 5.32513022e-01 5.13988733e-02 2.36807823e-01
    3.94323289e-01 3.77254754e-01 3.38875294e-01 6.32017851e-01
    7.54552484e-01 5.18428862e-01 7.62188017e-01 9.83866632e-01
    2.90049314e-01 9.34445620e-01 4.34139550e-01 6.17624223e-02
    3.15074742e-01 2.02400744e-01 4.91333544e-01 6.06089294e-01
    6.01845086e-01 1.49584830e-01 6.55088723e-01 6.95038378e-01
    4.93067503e-02 3.68582904e-01 2.61275411e-01 8.78716946e-01
    7.27431536e-01 9.07780766e-01 4.42678034e-01 3.94756347e-01
    1.49713755e-02 4.70216244e-01 9.79688168e-01 2.74436176e-01
    6.82802796e-01 9.42390203e-01 9.14165258e-01 7.01656818e-01
    7.44982123e-01 9.57135975e-01 6.22346520e-01 6.49855316e-01
    5.49903750e-01 5.21145105e-01 6.22555912e-01 9.42642391e-02
    2.82329828e-01 6.24137759e-01 8.36227059e-01 1.51514024e-01
    4.13805097e-01 1.41109139e-01 3.87011468e-01 3.39596570e-01
    6.37965143e-01 8.65617156e-01 8.74940872e-01 7.05870211e-01
    2.89669454e-01 4.65103149e-01 7.93166399e-01 1.19468838e-01
    5.48379600e-01 2.23010480e-01 1.08761996e-01 2.24882483e-01
    5.88799119e-02 8.44474673e-01 8.88913393e-01 6.38551474e-01
    2.98327357e-01 9.00464416e-01 6.74396157e-01 3.18756968e-01
    3.95311832e-01 4.79567945e-01 4.53479528e-01 9.95540023e-02
    4.70390946e-01 8.20144475e-01 1.61205471e-01 4.57809031e-01
    5.88234961e-01 6.15275979e-01 6.75087571e-02 8.29894781e-01
    5.81621826e-01 6.31060660e-01 3.98968458e-01 6.38580024e-02
    6.97500229e-01 5.79114020e-01 4.07935530e-01 6.87667847e-01
    5.73594511e-01 8.01116228e-01 1.51374459e-01 6.72626972e-01
    9.68430698e-01 4.19620305e-01 4.10945237e-01 6.45927072e-01
    5.47268629e-01 4.44868535e-01 3.19027603e-01 1.49870813e-01
    9.96454895e-01 4.21134591e-01 1.19506121e-01 1.84983641e-01
    1.59146488e-02 4.65975106e-01 4.08976614e-01 1.56781405e-01
    6.47055030e-01 3.45709920e-03 9.74905133e-01 9.37656105e-01
    6.00282669e-01 5.45887470e-01 1.39924884e-01 8.25745463e-01
    2.14176893e-01 3.65612924e-01 2.16476381e-01 1.49605066e-01
    9.81218219e-01 4.68875736e-01 4.02116448e-01 6.45393610e-01
    5.33489943e-01 7.68425822e-01 3.30453902e-01 4.64788586e-01
    5.53752244e-01 5.08759439e-01 9.06387806e-01 6.39331818e-01
    7.17227221e-01 6.80497527e-01 5.47191262e-01 5.48596680e-02
    6.03745520e-01 4.63100910e-01 1.87646657e-01 4.48770732e-01
    8.99007797e-01 8.52791905e-01 1.98418230e-01 5.27879596e-01
    7.53130078e-01 1.75516248e-01 8.32626462e-01 6.31266117e-01
    1.22199655e-02 3.70035470e-02 3.25374603e-02 6.92026913e-01
    9.68440771e-01 1.11269057e-02 3.86414856e-01 7.51076162e-01
    7.61579990e-01 8.43739808e-02 1.76055431e-02 1.87169105e-01
    6.62690520e-01 4.97106969e-01 7.16754556e-01 2.42502689e-01
    5.89593530e-01 3.06742370e-01 4.50902522e-01 3.05287361e-01
    4.87159997e-01 7.97134399e-01 4.90024775e-01 3.36202621e-01
    2.58492589e-01 7.58841038e-01 8.82627726e-01 6.08720601e-01
    5.68429291e-01 9.85381484e-01 3.43095362e-01 8.46383572e-02
    3.19198847e-01 8.35170865e-01 2.59515852e-01 8.18591118e-01
    9.45335507e-01 5.61701000e-01 1.39065087e-01 7.74714053e-01
    5.36434770e-01 7.89571881e-01 8.55680525e-01 5.00562072e-01
    6.39944911e-01 4.93872285e-01 2.98322201e-01 3.68376672e-02
    5.29518485e-01 4.06142354e-01 8.72133255e-01 7.40869224e-01
    7.59436488e-01 5.28328776e-01 5.22064924e-01 2.78078616e-01
    3.19957823e-01 9.02593315e-01 4.34234351e-01 6.93823695e-01
    2.30652690e-01 5.57144821e-01 4.63849247e-01 4.91032302e-01
    2.20523387e-01 6.17027879e-02 3.48875999e-01 3.59204590e-01
    2.28304446e-01 3.63112092e-02 6.72454178e-01 8.37407589e-01
    8.04746091e-01 4.52779114e-01 5.35046637e-01 3.70726109e-01
    7.12660134e-01 8.48253667e-01 9.89259779e-01 5.30786276e-01
    6.97173774e-02 6.86747909e-01 4.66972739e-01 1.96202368e-01
    8.87358427e-01 9.85449255e-02 8.50876570e-01 2.18659282e-01
    5.96951663e-01 1.12686932e-01 4.02133018e-01 3.46151352e-01
    8.64945292e-01 1.67497575e-01 8.52262378e-01 8.90343249e-01
    5.02202272e-01 5.37558556e-01 5.94796002e-01 6.31571114e-01
    6.27460897e-01 5.32513022e-01 5.13988733e-02 2.36807823e-01
    3.94323289e-01 3.77254754e-01 3.38875294e-01 6.32017851e-01
    7.54552484e-01 5.18428862e-01 7.62188017e-01 9.83866632e-01
    9.86767054e-01 1.20049238e-01 3.35901469e-01 3.28535646e-01
    8.00030947e-01 4.61947203e-01 1.00324303e-01 1.00557923e-01
    1.38893038e-01 2.18055248e-02 3.23623329e-01 9.19512987e-01
    1.53951794e-01 2.28178710e-01 5.75163484e-01 4.87028629e-01
    5.19189298e-01 3.52736324e-01 6.97544038e-01 6.04628623e-01
    5.84148467e-02 9.32757854e-02 3.97287220e-01 7.76376367e-01
    3.96491647e-01 9.56799746e-01 9.96365786e-01 9.76308703e-01
    7.51848459e-01 3.50136757e-02 6.71955585e-01 4.09295648e-01
    8.45805883e-01 2.66979009e-01 4.82342869e-01 4.19533253e-03
    6.17337704e-01 3.38003933e-02 9.36108232e-01 5.75748801e-01
    1.71766579e-01 9.90955532e-01 1.74171209e-01 2.15239286e-01
    4.70649600e-01 4.76646245e-01 2.13657081e-01 7.86642313e-01
    2.39108235e-01 1.32586241e-01 9.99792933e-01 6.31617188e-01
    8.13844204e-01 8.33348036e-01 4.90117252e-01 5.90322375e-01
    3.86190653e-01 5.54311156e-01 7.99014628e-01 4.33493286e-01
    3.64435375e-01 7.17160404e-01 3.02332699e-01 4.76647019e-01
    4.79945749e-01 6.11032665e-01 8.99717271e-01 4.92979050e-01
    3.36549103e-01 3.73706996e-01 1.09508932e-02 6.01275563e-01
    4.06860590e-01 6.40808344e-02 5.88298917e-01 7.93804169e-01
    2.17059910e-01 9.50558960e-01 5.08488297e-01 9.95416999e-01
    6.13285661e-01 9.52137470e-01 3.07886004e-01 5.45309782e-02
    9.22482729e-01 8.69009495e-01 4.32070732e-01 2.39595175e-01
    3.22974533e-01 4.35175329e-01 7.99480915e-01 8.48426521e-01
    7.33509183e-01 2.57235825e-01 8.49649906e-01 7.49850214e-01
    9.85314727e-01 4.44390446e-01 5.52293003e-01 8.38180423e-01
    7.68818021e-01 1.98369890e-01 8.19850087e-01 9.14592862e-01
    3.22142631e-01 4.49584067e-01 6.32816076e-01 9.41700816e-01
    6.78320050e-01 5.04509091e-01 1.68971390e-01 7.56190896e-01
    2.92608917e-01 7.36861169e-01 8.55440855e-01 8.90403986e-03
    2.22366899e-01 5.23907363e-01 9.11806345e-01 7.78878033e-01
    8.47580314e-01 7.21492171e-02 6.09010935e-01 9.91422653e-01
    7.89622366e-02 6.49432003e-01 4.11373794e-01 6.94912136e-01
    1.73006475e-01 2.66108811e-02 5.90997636e-02 4.26313996e-01
    9.98824596e-01 7.48793244e-01 3.49771351e-01 1.49606466e-01
    1.09554440e-01 2.14476109e-01 3.44544530e-01 5.31247556e-02
    1.87120795e-01 5.88014305e-01 5.05217195e-01 1.12923056e-01
    3.83282393e-01 9.76135552e-01 4.05987501e-01 8.67533386e-02
    5.72495580e-01 7.91191578e-01 4.52735513e-01 8.23496699e-01
    5.16629100e-01 9.41513598e-01 6.23801947e-01 5.88197291e-01
    2.27334470e-01 4.63272691e-01 6.62409186e-01 3.42622042e-01
    2.95476675e-01 5.62861621e-01 3.86258781e-01 5.99388182e-01
    2.04796433e-01 2.68249691e-01 7.90609717e-01 9.47175026e-01
    5.73942363e-01 6.50720358e-01 1.45921111e-01 2.29929984e-01
    6.02972150e-01 4.43626136e-01 4.16260719e-01 7.40779936e-02
    1.72295272e-02 1.61255866e-01 1.20055884e-01 8.08896422e-01
    3.09248030e-01 8.43857527e-01 6.46534324e-01 2.62302846e-01
    6.33867502e-01 7.80900121e-01 8.51751745e-01 3.73888522e-01
    3.46542567e-01 5.53206205e-02 5.01993001e-02 1.77696168e-01
    1.41188443e-01 2.65352815e-01 6.65316582e-01 9.74477887e-01
    5.52456975e-02 8.73918414e-01 7.81669378e-01 8.87541771e-01
    5.72371244e-01 5.24022818e-01 4.07789230e-01 3.92695069e-02
    3.68524939e-01 2.45736450e-01 1.97161138e-02 9.09690976e-01
    3.00506443e-01 9.28724051e-01 2.58187503e-01 2.08994538e-01
    9.49533939e-01 2.54363775e-01 3.95534933e-01 2.65082210e-01
    7.55799413e-01 7.83280730e-01 2.22159237e-01 6.79697275e-01
    1.49469942e-01 3.82498324e-01 5.28654814e-01 9.45375741e-01
    1.43355191e-01 6.66460395e-02 8.73099029e-01 7.21653223e-01
    1.76673740e-01 5.92705786e-01 4.83308882e-01 5.57240546e-01
    1.49114758e-01 8.75269294e-01 8.60854983e-01 2.76317537e-01
    4.88198996e-01 3.19636524e-01 2.08080322e-01 1.88869238e-03
    4.70495254e-01 7.91865230e-01 5.44224977e-01 8.23825955e-01
    9.79501247e-01 7.40497828e-01 7.97417998e-01 1.38940811e-01
    2.93364346e-01 9.09569860e-03 6.37765169e-01 9.17304695e-01
    3.68151695e-01 3.52621853e-01 1.44870460e-01 1.05292201e-01
    9.86767054e-01 1.20049238e-01 3.35901469e-01 3.28535646e-01
    8.00030947e-01 4.61947203e-01 1.00324303e-01 1.00557923e-01
    1.38893038e-01 2.18055248e-02 3.23623329e-01 9.19512987e-01
    1.53951794e-01 2.28178710e-01 5.75163484e-01 4.87028629e-01
    2.50169456e-01 3.18293989e-01 6.20840967e-01 7.46236145e-01
    5.14199197e-01 6.04190946e-01 2.28824019e-01 4.07128334e-02
    5.58541417e-02 2.73126394e-01 9.14750695e-01 9.98355091e-01
    8.99353683e-01 2.66299099e-01 1.64985687e-01 8.21720600e-01
    8.92163992e-01 6.98761106e-01 4.89000350e-01 5.33123732e-01
    3.88415128e-01 7.83738911e-01 9.89956617e-01 9.42000270e-01
    2.35593319e-01 1.65791899e-01 5.93889117e-01 5.30186296e-02
    9.92899179e-01 6.66274071e-01 2.84788311e-02 6.53423548e-01
    3.91077518e-01 4.33164001e-01 1.34446114e-01 5.42181194e-01
    8.81272972e-01 6.76862061e-01 4.47055250e-01 3.28090191e-01
    9.96611714e-02 4.23400223e-01 6.87690020e-01 9.69515562e-01
    7.92059720e-01 4.20051366e-01 1.05467737e-02 8.25315952e-01
    7.88768411e-01 9.94239330e-01 5.87696850e-01 6.64975286e-01
    7.74904966e-01 3.62806618e-02 1.22592360e-01 7.91589499e-01
    5.13071120e-01 4.75245565e-01 4.18961406e-01 8.15215111e-01
    2.36522466e-01 6.20213747e-01 5.45844495e-01 7.30259359e-01
    8.31868649e-01 3.05373967e-01 5.65371871e-01 6.46120310e-03
    7.35087395e-01 2.56523490e-01 1.77135944e-01 5.88047922e-01
    2.69435942e-02 2.28432387e-01 9.24291015e-01 8.17878246e-01
    3.81323278e-01 8.02338302e-01 8.18855286e-01 7.29120314e-01
    2.74860084e-01 5.30144691e-01 7.95705914e-01 6.67340577e-01
    3.23097169e-01 2.97853172e-01 3.46624196e-01 5.92064321e-01
    6.50253952e-01 2.28671491e-01 1.60108954e-01 5.75889468e-01
    3.41024280e-01 6.12029552e-01 3.20787489e-01 7.65093446e-01
    3.57519448e-01 6.15523756e-01 1.37624294e-01 8.10548365e-02
    4.95714426e-01 3.27625126e-01 4.80975658e-01 4.39057648e-01
    7.89009809e-01 9.95831847e-01 1.55978978e-01 3.80707562e-01
    5.22313893e-01 3.81539285e-01 6.82704389e-01 6.47466183e-01
    6.47263408e-01 1.04908645e-01 2.56452203e-01 6.43816411e-01
    7.90440202e-01 6.38320088e-01 8.17325115e-01 3.91159713e-01
    9.92482603e-02 5.01981139e-01 9.76302326e-01 8.06315243e-01
    9.42955077e-01 8.02856147e-01 2.22314596e-01 1.11306936e-01
    9.12623525e-01 1.87594086e-01 7.44768977e-02 5.90231359e-01
    7.97501922e-01 8.31661105e-01 5.40527403e-01 1.16306841e-01
    1.95050448e-01 1.82989448e-01 3.34547520e-01 4.05489147e-01
    2.39472300e-01 3.15137714e-01 5.77035189e-01 7.31456280e-02
    2.85665035e-01 7.68174291e-01 2.83350170e-01 2.38367379e-01
    6.88910782e-02 5.23095489e-01 4.42179143e-02 3.16194385e-01
    1.70796126e-01 4.49852914e-01 6.70978367e-01 1.77406013e-01
    8.57103050e-01 6.70347989e-01 6.90221786e-01 3.55061054e-01
    2.87401736e-01 3.53366315e-01 8.07346344e-01 1.41049862e-01
    5.86061895e-01 7.93809891e-01 6.51856661e-01 6.66583478e-01
    4.14191484e-02 9.79782820e-01 9.70472574e-01 4.05993015e-01
    1.37470841e-01 2.37187117e-01 7.05146730e-01 4.86415207e-01
    3.28546435e-01 5.50506055e-01 5.89524508e-01 4.86527056e-01
    9.97890711e-01 6.06453776e-01 5.34548044e-01 5.16852498e-01
    8.05859447e-01 5.47434926e-01 9.64239240e-01 9.20964420e-01
    8.10690582e-01 2.77946889e-01 5.73896825e-01 4.68838513e-01
    4.68676895e-01 6.82438552e-01 4.13815975e-01 6.32550359e-01
    1.13023877e-01 1.49530917e-01 4.35025871e-01 8.22402596e-01
    5.51541746e-01 3.01571250e-01 2.83732176e-01 6.23553514e-01
    8.12372983e-01 9.78165746e-01 8.25275958e-01 4.29399759e-01
    4.35265183e-01 2.58018196e-01 4.98753130e-01 4.64309275e-01
    8.42546165e-01 9.95105684e-01 3.97000283e-01 8.01720440e-01
    1.60978258e-01 5.36687672e-02 4.14447069e-01 2.71194756e-01
    3.41584980e-02 8.77305627e-01 1.09144181e-01 1.69963896e-01
    2.16361880e-03 8.68125856e-02 9.38179135e-01 7.72818804e-01
    6.07913077e-01 9.44153786e-01 5.29718757e-01 1.17537588e-01
    1.90159291e-01 2.04516411e-01 9.58396554e-01 8.17476034e-01
    2.77263343e-01 1.07290417e-01 9.07230377e-03 5.75872600e-01
    6.17904365e-02 7.06386447e-01 7.03245103e-02 9.91498590e-01
    3.68709117e-01 4.49503750e-01 4.25292492e-01 8.93213153e-01
    7.46465027e-01 3.11519444e-01 5.97933233e-02 3.48788500e-01
    7.80410767e-01 1.01259232e-01 9.72808480e-01 8.90537381e-01
    2.50169456e-01 3.18293989e-01 6.20840967e-01 7.46236145e-01
    5.14199197e-01 6.04190946e-01 2.28824019e-01 4.07128334e-02
    5.58541417e-02 2.73126394e-01 9.14750695e-01 9.98355091e-01
    8.99353683e-01 2.66299099e-01 1.64985687e-01 8.21720600e-01
    5.56936145e-01 9.62036848e-01 1.69608325e-01 3.17175716e-01
    5.26773691e-01 8.98600876e-01 6.80074871e-01 6.56768501e-01
    9.50570583e-01 7.15305269e-01 2.89280951e-01 7.06214190e-01
    1.60695016e-02 7.93545902e-01 3.41066122e-02 9.63510990e-01
    4.02358860e-01 8.92184973e-01 1.14600480e-01 5.87615669e-01
    9.40743089e-01 8.74961913e-01 4.88105595e-01 9.32785273e-01
    3.07303101e-01 2.79502392e-01 6.52862012e-01 4.60917205e-01
    2.19994247e-01 8.92525911e-03 8.13429117e-01 1.48119658e-01
    1.16527289e-01 7.65193462e-01 6.58727884e-02 7.51122117e-01
    4.18078452e-01 7.90891349e-01 6.03976011e-01 5.15837133e-01
    8.92303526e-01 2.25727499e-01 9.02987242e-01 5.50763726e-01
    1.50497675e-01 4.94582146e-01 9.47586417e-01 9.25916374e-01
    4.22122478e-01 3.40337574e-01 9.27235067e-01 7.54685879e-01
    6.40456796e-01 4.71238673e-01 9.99150336e-01 6.21722460e-01
    5.70097387e-01 5.95710814e-01 8.13964725e-01 9.23770964e-02
    7.44948447e-01 5.03122985e-01 5.46158791e-01 4.18062091e-01
    6.56857908e-01 6.38309717e-02 3.56567830e-01 7.68127382e-01
    7.32598960e-01 5.26577234e-03 7.49016643e-01 8.64623189e-01
    4.35685456e-01 3.89260769e-01 7.99359679e-01 8.37615728e-01
    4.10265088e-01 4.49966609e-01 2.93073952e-02 9.77677703e-01
    6.46178007e-01 2.41201222e-01 3.57674658e-02 9.37603712e-01
    1.52044892e-02 6.21909738e-01 2.22683549e-01 3.70321751e-01
    5.70156574e-01 4.63913471e-01 9.64890301e-01 3.72458994e-01
    5.39359927e-01 5.90943933e-01 8.17915857e-01 9.95980024e-01
    8.53758037e-01 5.70604265e-01 4.52016294e-01 4.89253283e-01
    9.15344357e-01 5.02142727e-01 1.42540097e-01 2.12960482e-01
    9.45008755e-01 3.32877040e-02 2.07194924e-01 1.63437486e-01
    7.73839593e-01 4.24658656e-02 5.15528500e-01 5.21827817e-01
    2.93110549e-01 8.67130160e-01 4.41494733e-01 5.07204294e-01
    9.30701733e-01 2.02715009e-01 4.33419973e-01 5.33577263e-01
    9.99315381e-01 6.61714613e-01 5.61800599e-03 6.59564078e-01
    9.68305230e-01 9.54233348e-01 7.61620641e-01 2.14541972e-01
    9.58272815e-02 9.87788141e-01 6.75457537e-01 1.10056818e-01
    5.58687449e-02 4.30079013e-01 2.44606018e-01 1.28756016e-01
    6.00768626e-02 1.81801170e-01 9.61801410e-03 2.91231066e-01
    3.72491777e-01 4.93459314e-01 2.36082882e-01 4.96124804e-01
    8.60687494e-02 3.07871848e-01 3.47944140e-01 5.73533177e-02
    3.08676660e-02 6.37345552e-01 9.85159278e-01 3.74236226e-01
    2.15262324e-01 3.01406503e-01 5.15608490e-01 7.55963683e-01
    6.07203901e-01 7.10606515e-01 1.25681072e-01 2.93422043e-02
    9.30734038e-01 9.12268400e-01 1.50837183e-01 4.15674090e-01
    8.93029153e-01 7.13718057e-01 3.40885878e-01 1.89324617e-02
    8.89547169e-01 6.80844188e-01 1.48169547e-01 8.69920552e-01
    7.45069325e-01 3.08475435e-01 2.66494185e-01 1.85419708e-01
    9.19615328e-02 4.69552070e-01 4.45782900e-01 8.32254887e-02
    1.60375953e-01 1.58002645e-01 9.48863626e-01 3.36638689e-01
    9.37770963e-01 9.63364899e-01 2.46803850e-01 3.13268244e-01
    9.09958541e-01 6.90185785e-01 6.49665594e-02 6.07287824e-01
    8.80974472e-01 1.89236253e-01 1.88529789e-02 1.67591214e-01
    3.52972507e-01 8.82944584e-01 8.79490554e-01 7.81147599e-01
    1.16141200e-01 9.42510247e-01 3.44561458e-01 4.41648036e-01
    5.37605464e-01 4.34805810e-01 1.15751624e-02 5.87743759e-01
    3.13988328e-03 1.30138993e-02 1.00085467e-01 5.10784507e-01
    5.42356789e-01 9.33375239e-01 7.05635071e-01 3.26066017e-02
    1.68494880e-01 6.67927325e-01 4.08040613e-01 9.07670677e-01
    7.72964716e-01 5.68546534e-01 4.59483266e-03 3.16220820e-02
    7.63168216e-01 3.72798949e-01 1.93941891e-01 3.19800466e-01
    2.34742165e-01 9.77500200e-01 5.13427854e-01 7.23330736e-01
    4.82627720e-01 3.26901615e-01 6.54817820e-02 7.64311969e-01
    6.70385361e-01 2.09276676e-01 1.16814941e-01 4.01336044e-01
    1.09344274e-01 5.55553675e-01 1.99199766e-01 1.37451231e-01
    9.38015819e-01 3.84984463e-01 1.11778617e-01 9.15558279e-01
    4.26261246e-01 5.77153087e-01 8.55350018e-01 4.15886909e-01
    6.49739027e-01 7.58935511e-01 8.63304496e-01 9.20896411e-01
    5.56936145e-01 9.62036848e-01 1.69608325e-01 3.17175716e-01
    5.26773691e-01 8.98600876e-01 6.80074871e-01 6.56768501e-01
    9.50570583e-01 7.15305269e-01 2.89280951e-01 7.06214190e-01
    1.60695016e-02 7.93545902e-01 3.41066122e-02 9.63510990e-01
    5.98562479e-01 3.78272235e-01 2.45885998e-01 6.64372444e-01
    5.31546533e-01 7.98144341e-02 7.59445071e-01 2.42611170e-02
    4.85833079e-01 8.96985054e-01 9.54620600e-01 4.74109501e-01
    9.50726390e-01 8.89417529e-03 6.29320741e-02 7.80096114e-01
    7.78008580e-01 4.49303985e-01 3.36878777e-01 5.94831347e-01
    7.24962294e-01 7.11889446e-01 7.19447911e-01 2.50935614e-01
    8.37005675e-01 3.69742870e-01 3.33592057e-01 5.67156613e-01
    6.15752518e-01 3.75560224e-01 1.76029444e-01 7.69208193e-01
    2.29636550e-01 1.25669122e-01 4.34952617e-01 6.42838299e-01
    4.63212401e-01 6.13574982e-01 5.53485513e-01 1.34956241e-01
    9.68326569e-01 9.35340405e-01 5.00354409e-01 5.43343782e-01
    2.21868306e-01 3.86003554e-02 7.24294543e-01 9.49235320e-01
    6.77805543e-01 7.92738914e-01 4.47021902e-01 2.66106427e-02
    1.23085618e-01 7.76544213e-01 4.83928621e-02 7.72599459e-01
    1.38176620e-01 9.00875628e-02 2.09463805e-01 4.83918875e-01
    7.50200987e-01 3.01507711e-02 6.02539241e-01 4.69732761e-01
    3.13759267e-01 9.29469705e-01 5.97186148e-01 3.67104948e-01
    1.50207549e-01 7.95148611e-01 7.73858905e-01 7.53250122e-01
    9.70652938e-01 9.83370423e-01 4.19781208e-01 2.89948404e-01
    9.48636591e-01 6.72386825e-01 5.02924323e-02 6.27884865e-01
    9.27808881e-02 1.76326424e-01 9.65556204e-02 6.49126649e-01
    9.62675810e-02 9.81237054e-01 2.98932731e-01 1.22791886e-01
    9.03244138e-01 9.60792422e-01 8.27774405e-03 4.31645900e-01
    8.43462586e-01 5.26392698e-01 9.88548279e-01 1.91458374e-01
    1.14863306e-01 5.08892119e-01 6.48776531e-01 9.73697782e-01
    5.93381941e-01 9.07907486e-01 2.04034984e-01 1.96393132e-02
    4.22329903e-02 5.12027979e-01 7.80133665e-01 4.77178425e-01
    7.37898529e-01 6.56751394e-01 9.02571678e-01 9.40791726e-01
    7.39504397e-01 8.94955516e-01 4.61488247e-01 5.43286443e-01
    8.98021102e-01 8.80523801e-01 2.99733341e-01 7.11581111e-03
    1.93378210e-01 6.69189811e-01 9.54962254e-01 6.70949936e-01
    7.39343643e-01 4.49015200e-01 7.86184371e-02 1.81603342e-01
    1.37870491e-01 6.04567051e-01 6.46907866e-01 1.28439963e-02
    5.04446685e-01 3.74767959e-01 2.36662567e-01 6.73770070e-01
    6.79074883e-01 6.71721160e-01 2.01517493e-01 3.67671847e-02
    1.86527401e-01 8.75357747e-01 6.19456589e-01 8.34774137e-01
    9.50942874e-01 2.63526380e-01 9.44164157e-01 1.26275510e-01
    4.99691308e-01 4.88645226e-01 3.82906854e-01 3.41809988e-02
    3.05095553e-01 7.44518757e-01 6.95583701e-01 1.11806184e-01
    9.61064398e-02 6.65150166e-01 1.66851848e-01 4.41428393e-01
    5.76247931e-01 8.90452206e-01 8.84703755e-01 6.65235817e-01
    3.75843257e-01 6.73368156e-01 5.75811803e-01 9.96822238e-01
    7.33402848e-01 8.56242657e-01 7.61947274e-01 4.77922320e-01
    4.40571249e-01 7.10825562e-01 7.91213989e-01 5.30764163e-02
    9.64718103e-01 4.59615767e-01 2.83288956e-01 8.60164404e-01
    8.58274221e-01 9.16087031e-01 3.17355812e-01 2.69924521e-01
    8.06614399e-01 5.06107986e-01 9.64822948e-01 2.24752009e-01
    9.43647265e-01 6.45093560e-01 8.85763764e-01 1.65132821e-01
    2.96292603e-02 3.73274744e-01 1.71623558e-01 9.06755447e-01
    8.76286507e-01 3.73318732e-01 6.03975475e-01 1.26063108e-01
    2.53466666e-01 1.35582089e-01 3.78123879e-01 9.93357658e-01
    3.76569390e-01 5.90467811e-01 5.19040167e-01 1.62072062e-01
    6.09233558e-01 3.39171588e-02 4.08333868e-01 9.94486094e-01
    1.56603634e-01 6.90290332e-03 5.17459691e-01 6.17035985e-01
    6.12764001e-01 9.41563070e-01 2.60098159e-01 9.57708418e-01
    5.12966931e-01 5.82594216e-01 3.57472003e-01 2.82428980e-01
    1.35633051e-01 1.38070166e-01 3.79611552e-02 3.58327568e-01
    9.97104406e-01 4.41484243e-01 9.63252306e-01 2.22797453e-01
    6.29484296e-01 5.17999828e-01 1.42959356e-02 3.66857469e-01
    2.59275526e-01 8.40207100e-01 4.32277054e-01 9.94095325e-01
    7.83469081e-01 1.87092036e-01 1.00058556e-01 7.94432640e-01
    7.97870755e-01 9.99900937e-01 6.97362661e-01 9.85602021e-01
    3.11260819e-02 3.59922349e-01 9.06477571e-02 5.38433254e-01
    7.31315613e-02 7.83177257e-01 2.94651955e-01 8.23600173e-01
    5.98562479e-01 3.78272235e-01 2.45885998e-01 6.64372444e-01
    5.31546533e-01 7.98144341e-02 7.59445071e-01 2.42611170e-02
    4.85833079e-01 8.96985054e-01 9.54620600e-01 4.74109501e-01
    9.50726390e-01 8.89417529e-03 6.29320741e-02 7.80096114e-01
    2.70784795e-01 3.49490285e-01 7.73080468e-01 8.72106791e-01
    3.43790650e-01 8.30478907e-01 1.64222509e-01 6.64471686e-02
    6.32980287e-01 1.27146840e-02 6.97044432e-02 5.16656458e-01
    7.07142413e-01 7.66855478e-03 1.16497040e-01 2.12405473e-01
    8.01689506e-01 2.34069377e-01 2.69294381e-01 3.78590733e-01
    6.62947893e-02 8.73629153e-01 8.60651731e-01 9.39121127e-01
    9.21049714e-01 8.07604790e-02 3.65438312e-01 2.74109900e-01
    7.59470582e-01 7.36027718e-01 5.93680859e-01 1.41791433e-01
    7.91880190e-02 4.79928881e-01 3.04818392e-01 5.59378266e-02
    9.57827628e-01 3.74843180e-01 8.83239508e-01 8.65703464e-01
    7.67245412e-01 3.55066627e-01 2.41279900e-01 3.79379690e-01
    9.14501727e-01 4.87378746e-01 1.28408670e-01 1.34961009e-02
    2.24605858e-01 8.93084407e-01 4.80863035e-01 4.10354793e-01
    1.72782749e-01 3.35147440e-01 3.26260746e-01 9.48420048e-01
    7.34798372e-01 1.39132112e-01 7.39083171e-01 2.66332865e-01
    7.91921616e-01 4.31132674e-01 4.19117630e-01 2.90812492e-01
    8.74203026e-01 1.70398593e-01 3.14425230e-01 5.01683354e-03
    1.93085849e-01 7.40836263e-01 8.14684153e-01 1.52149618e-01
    5.46774387e-01 9.18516457e-01 5.72735369e-01 2.00481713e-02
    2.77302861e-02 1.76971644e-01 3.27618659e-01 5.50344467e-01
    1.48529142e-01 2.11022884e-01 8.71813297e-01 6.55805111e-01
    8.12390327e-01 6.37191057e-01 2.19481140e-01 7.02792585e-01
    3.67665410e-01 1.48334205e-01 3.62965167e-01 8.95410180e-01
    7.68471479e-01 4.96896565e-01 5.59818566e-01 5.11054039e-01
    4.14894730e-01 3.50491822e-01 6.00101709e-01 7.35690713e-01
    1.19269401e-01 1.57173783e-01 1.99534893e-01 6.21394217e-02
    2.50218928e-01 5.93903959e-02 6.02239907e-01 7.85020232e-01
    2.00186998e-01 1.68478251e-01 6.28851831e-01 9.94146466e-02
    1.34385705e-01 7.54762411e-01 4.30328816e-01 5.43900013e-01
    1.10342443e-01 1.17514461e-01 7.72653759e-01 1.66337669e-01
    9.17217851e-01 3.34932745e-01 7.20822275e-01 3.44404280e-01
    4.94475067e-02 1.13091558e-01 7.07906663e-01 8.30492139e-01
    7.94452965e-01 2.83231735e-02 9.15757179e-01 2.98273742e-01
    7.19150126e-01 5.11270821e-01 4.39770460e-01 1.38157457e-01
    1.30722463e-01 3.00617754e-01 6.94746912e-01 9.79186833e-01
    4.95792001e-01 6.07168794e-01 7.37448335e-01 8.36478829e-01
    7.50426233e-01 1.30431324e-01 4.96835202e-01 2.76053190e-01
    5.21317482e-01 5.82642257e-01 5.68439722e-01 9.58518982e-01
    6.62802160e-01 4.64777410e-01 9.05014634e-01 8.20564985e-01
    2.52671450e-01 4.17011410e-01 1.99573994e-01 3.78904879e-01
    7.28114724e-01 1.13175690e-01 1.18456781e-02 2.14024812e-01
    1.16452694e-01 1.63467258e-01 5.15939891e-01 3.26005220e-02
    5.45137405e-01 6.36355519e-01 1.27425373e-01 1.44953847e-01
    4.96239036e-01 4.87601161e-02 8.84989798e-02 8.32730055e-01
    9.46884215e-01 3.09898406e-01 2.35398173e-01 6.20959640e-01
    4.01736796e-01 4.90007579e-01 4.87795383e-01 5.08559644e-02
    7.01245427e-01 4.55818504e-01 7.64028072e-01 7.08451211e-01
    6.10970199e-01 4.49601650e-01 2.59857953e-01 4.84556496e-01
    2.18748242e-01 2.77997106e-01 9.22566354e-02 9.38041568e-01
    1.30817592e-01 7.01049268e-02 6.81291103e-01 6.58658862e-01
    8.24940324e-01 5.22893310e-01 4.44413453e-01 5.59596419e-01
    3.21311951e-02 9.73822773e-02 4.82675970e-01 2.77927756e-01
    6.23875141e-01 7.92961240e-01 9.55905795e-01 7.87665844e-02
    3.07266831e-01 9.35805678e-01 8.18432450e-01 1.36268646e-01
    9.92730737e-01 8.34339738e-01 7.66584218e-01 1.56234860e-01
    8.83591771e-01 1.53150499e-01 1.23642057e-01 7.46520936e-01
    4.23699379e-01 4.49540615e-02 4.46639627e-01 1.36274159e-01
    2.62443304e-01 4.39133257e-01 9.66822743e-01 9.50372815e-01
    9.37625408e-01 3.65434945e-01 4.50460225e-01 4.64460909e-01
    8.83778572e-01 1.70790106e-01 2.94307560e-01 3.56283784e-01
    9.97871995e-01 2.75949895e-01 7.85976112e-01 5.15312076e-01
    6.13149464e-01 3.43159020e-01 4.96889681e-01 8.24228585e-01
    4.11626220e-01 4.61522937e-02 7.94636726e-01 2.66445488e-01
    2.72752941e-01 8.99459779e-01 1.19148850e-01 1.12315953e-01
    2.70784795e-01 3.49490285e-01 7.73080468e-01 8.72106791e-01
    3.43790650e-01 8.30478907e-01 1.64222509e-01 6.64471686e-02
    6.32980287e-01 1.27146840e-02 6.97044432e-02 5.16656458e-01
    7.07142413e-01 7.66855478e-03 1.16497040e-01 2.12405473e-01
    2.73475558e-01 7.91358650e-02 7.64144957e-02 6.53573453e-01
    9.19117808e-01 8.85270715e-01 6.69209182e-01 1.56746209e-01
    1.53041124e-01 9.59254503e-02 7.33528972e-01 4.01931971e-01
    4.91868258e-02 6.31283343e-01 1.44786716e-01 9.48578119e-02
    7.44498312e-01 8.03467989e-01 4.84869212e-01 2.31313825e-01
    2.11426198e-01 1.58447206e-01 6.38208985e-01 3.69992763e-01
    9.21808243e-01 3.03396940e-01 5.11022210e-01 9.14903522e-01
    4.50905681e-01 4.74340320e-01 7.97689319e-01 1.93967968e-01
    7.55500913e-01 8.02837014e-01 5.29727936e-01 5.51064014e-02
    6.68699682e-01 3.99176091e-01 1.16781503e-01 1.63623422e-01
    3.93351853e-01 3.35376561e-02 2.75546670e-01 1.06076360e-01
    5.42519629e-01 2.70235509e-01 5.70092082e-01 3.29899490e-02
    1.74617797e-01 9.22737956e-01 1.68023646e-01 9.97191131e-01
    7.03197956e-01 7.80371070e-01 8.75142932e-01 6.42650902e-01
    8.11063886e-01 7.59300232e-01 9.00548935e-01 1.39397681e-02
    1.73678786e-01 7.57299662e-02 9.14707720e-01 6.53585792e-03
    5.00556827e-01 9.93655801e-01 7.18940794e-02 6.34007156e-01
    3.11401933e-01 1.00378096e-01 5.69467545e-01 4.63440865e-01
    5.93769550e-03 1.26737356e-02 9.01461124e-01 3.05885971e-01
    8.64347637e-01 9.35874820e-01 2.13003516e-01 9.69629407e-01
    6.15284324e-01 7.05701113e-01 1.90246373e-01 2.22228527e-01
    6.42566860e-01 9.63403106e-01 7.01598525e-01 4.51371640e-01
    3.43944669e-01 3.54848534e-01 2.98468560e-01 4.43779945e-01
    4.00707752e-01 5.12640119e-01 5.13276517e-01 2.10530281e-01
    8.63989472e-01 3.18943620e-01 4.09024984e-01 5.82906783e-01
    6.34551167e-01 6.96130276e-01 4.80139345e-01 9.23668265e-01
    5.69801033e-01 9.61098969e-02 1.68203592e-01 7.15656340e-01
    3.80102247e-01 1.79698080e-01 5.23498058e-01 8.09389412e-01
    8.25516045e-01 6.19873822e-01 7.80946076e-01 9.50919032e-01
    4.10936415e-01 8.19097400e-01 3.32255483e-01 2.24617451e-01
    9.96627569e-01 9.88904953e-01 2.83952296e-01 4.42266464e-05
    3.16207647e-01 6.46027684e-01 4.71812785e-01 1.17283404e-01
    7.38103986e-01 1.06236964e-01 5.56327105e-01 1.16223991e-01
    7.66923547e-01 6.23367429e-01 8.65886986e-01 6.17053032e-01
    7.02423394e-01 8.12820792e-01 2.83146501e-01 9.10661101e-01
    8.50940824e-01 4.39143360e-01 8.10704291e-01 8.48703861e-01
    2.40637362e-01 2.81520963e-01 5.20418108e-01 9.94088769e-01
    8.78664017e-01 3.53531569e-01 7.61161745e-02 6.25853419e-01
    6.05420172e-01 3.03977042e-01 8.06233287e-01 7.57557154e-02
    9.47693944e-01 6.53374076e-01 5.85298419e-01 8.40406895e-01
    2.60021329e-01 6.05965734e-01 7.00769961e-01 9.67094958e-01
    6.79517031e-01 1.16432756e-01 1.22776955e-01 1.25853628e-01
    7.32604027e-01 6.90835714e-03 9.74801779e-01 5.22403717e-02
    8.14056396e-02 4.18731570e-01 6.38269424e-01 5.72242141e-02
    6.66933656e-01 7.22682297e-01 9.04754996e-02 3.44141901e-01
    2.62186229e-02 3.73376846e-01 1.04311496e-01 5.13255835e-01
    5.03303111e-01 4.29604977e-01 9.31104660e-01 6.62488222e-01
    2.42938697e-01 2.51154900e-01 7.20024705e-02 6.39867663e-01
    2.68335640e-02 1.11070395e-01 3.75299096e-01 9.31277215e-01
    6.38851345e-01 5.23849905e-01 5.93540490e-01 2.82589048e-01
    7.90878415e-01 2.29507953e-01 9.40972090e-01 9.14155781e-01
    8.11609745e-01 1.95186973e-01 4.51321423e-01 1.41885877e-03
    8.99658918e-01 9.55480814e-01 1.24889314e-01 2.45362818e-02
    2.38716573e-01 4.41891849e-01 7.76551843e-01 8.37665200e-01
    5.67826986e-01 2.19107658e-01 2.63942242e-01 1.38401270e-01
    9.09464121e-01 8.79682302e-01 2.60524005e-01 5.79607248e-01
    4.59041774e-01 7.46561348e-01 5.63208103e-01 4.54847425e-01
    2.26103067e-01 2.42658347e-01 3.68104637e-01 2.74182618e-01
    8.70397687e-01 5.83630443e-01 1.34718716e-01 8.37526560e-01
    9.87999797e-01 2.13968366e-01 6.70655847e-01 7.35569358e-01
    2.07462907e-03 8.68891418e-01 3.06642294e-01 5.08479655e-01
    2.85915196e-01 6.30630493e-01 5.08565903e-01 6.11265182e-01
    8.04160953e-01 9.45099235e-01 4.66916621e-01 1.13339216e-01
    7.89569020e-01 2.25912720e-01 5.99857509e-01 1.78005666e-01
    2.73475558e-01 7.91358650e-02 7.64144957e-02 6.53573453e-01
    9.19117808e-01 8.85270715e-01 6.69209182e-01 1.56746209e-01
    1.53041124e-01 9.59254503e-02 7.33528972e-01 4.01931971e-01
    4.91868258e-02 6.31283343e-01 1.44786716e-01 9.48578119e-02
    5.27549446e-01 1.03859663e-01 8.73006940e-01 5.10895073e-01
    3.55486274e-01 7.41317153e-01 3.46205682e-01 3.11747283e-01
    9.61219668e-01 8.14623237e-01 8.00111890e-01 1.51243746e-01
    7.35195696e-01 7.98264444e-02 7.59815097e-01 1.86853349e-01
    2.98768014e-01 7.32746840e-01 7.05959141e-01 2.17668742e-01
    8.45939934e-01 6.14284575e-01 8.42774034e-01 3.13705027e-01
    6.33577406e-01 8.88789356e-01 7.42143631e-01 6.04722440e-01
    2.53168344e-01 3.38226289e-01 9.81158197e-01 2.56357610e-01
    9.36122239e-01 6.82461560e-02 5.37277758e-01 8.61070991e-01
    9.32508826e-01 1.32405281e-01 5.18891275e-01 7.11476028e-01
    3.42883646e-01 4.48654562e-01 1.38906837e-02 5.91184914e-01
    2.56109804e-01 8.37483644e-01 5.88544607e-01 1.71456724e-01
    7.96660960e-01 5.75427651e-01 7.58619905e-01 6.59710765e-01
    6.90932274e-01 5.55015922e-01 5.63668191e-01 7.95979202e-02
    1.83857650e-01 6.83110893e-01 6.37783289e-01 8.76440525e-01
    4.68146801e-01 5.17738104e-01 8.08805883e-01 8.89110804e-01
    8.51304054e-01 9.89798665e-01 9.50550079e-01 7.27412105e-01
    4.44591165e-01 4.14751947e-01 2.99759150e-01 5.86034596e-01
    4.53122288e-01 8.79603863e-01 8.20455551e-01 4.12664950e-01
    7.20460296e-01 1.67729229e-01 3.63300145e-01 6.35156631e-01
    2.02181816e-01 2.57833391e-01 9.38927531e-01 6.90929413e-01
    6.18700385e-02 8.58452678e-01 2.30309248e-01 9.25457120e-01
    9.90867794e-01 5.50991058e-01 1.41473383e-01 5.14863551e-01
    9.74108934e-01 8.36925030e-01 7.58001447e-01 2.55363286e-01
    5.06788492e-01 7.91741490e-01 1.86112404e-01 3.83343786e-01
    7.18165815e-01 6.44685626e-01 8.80364418e-01 1.76199973e-02
    3.65984708e-01 5.84315062e-01 6.93448544e-01 9.50531483e-01
    6.94948435e-02 3.58480811e-01 2.29714006e-01 1.27307534e-01
    9.03165579e-01 9.86555040e-01 7.05315113e-01 1.19075209e-01
    6.13770664e-01 8.93558443e-01 5.77349722e-01 5.78567326e-01
    4.39702749e-01 5.92399418e-01 7.48022079e-01 2.35964745e-01
    5.03407598e-01 9.43010688e-01 6.45018220e-01 3.35092634e-01
    5.01957834e-02 2.06639767e-02 3.19947481e-01 8.71885717e-02
    4.41961884e-01 5.66115558e-01 5.39697647e-01 3.70020956e-01
    2.15974152e-01 8.96335959e-01 7.90995359e-01 8.69210541e-01
    9.29022312e-01 8.80811095e-01 2.11695194e-01 1.70258284e-01
    3.25364947e-01 7.73746550e-01 9.28396344e-01 1.73680902e-01
    9.92729425e-01 4.52256918e-01 5.43080628e-01 3.95649374e-01
    7.62890697e-01 5.15022159e-01 5.13420701e-01 4.68742132e-01
    2.13830799e-01 5.43446958e-01 3.67856741e-01 2.33053625e-01
    7.72425294e-01 7.81912267e-01 2.31597662e-01 2.60544270e-01
    3.19201469e-01 4.79748368e-01 9.39804375e-01 8.73684168e-01
    5.81539094e-01 4.82355654e-01 7.85224080e-01 7.86211789e-02
    2.31237859e-01 5.19499719e-01 8.76956940e-01 9.64929938e-01
    1.83359683e-01 7.44913816e-01 8.54664028e-01 5.29618263e-01
    9.96083081e-01 4.11300063e-01 1.98632210e-01 9.70635295e-01
    6.40338242e-01 5.27481556e-01 5.56575716e-01 7.37142861e-02
    9.65631843e-01 2.91371405e-01 7.11410224e-01 9.81689811e-01
    5.21741211e-01 9.74471569e-01 1.51077360e-01 3.19332361e-01
    7.19090104e-01 6.52407467e-01 1.69867635e-01 4.35643315e-01
    2.67160475e-01 2.82649875e-01 9.43270564e-01 3.18369687e-01
    9.62571740e-01 6.48415208e-01 2.50637084e-01 3.36629450e-02
    8.44387054e-01 7.08635151e-02 9.16204751e-01 9.08712506e-01
    6.40139818e-01 9.47272778e-03 1.68881714e-02 8.81265581e-01
    9.18702424e-01 1.30039454e-03 8.41668487e-01 6.55175269e-01
    3.74435037e-01 2.03591377e-01 8.25495839e-01 1.85853750e-01
    4.80083466e-01 1.47774637e-01 1.68536127e-01 6.23465478e-02
    3.45256209e-01 6.42676651e-01 8.41281235e-01 3.13115120e-01
    1.17398083e-01 5.21925151e-01 5.78389287e-01 1.52648360e-01
    3.93784136e-01 8.37809801e-01 1.30564302e-01 7.76940346e-01
    6.41589284e-01 5.06658614e-01 9.69496608e-01 4.50832993e-01
    5.11790514e-01 6.53602362e-01 7.97118485e-01 6.60028577e-01
    8.05862844e-01 1.30735040e-02 1.81305796e-01 6.66257977e-01
    5.36755025e-02 5.49340308e-01 6.96667612e-01 4.98384625e-01
    5.27549446e-01 1.03859663e-01 8.73006940e-01 5.10895073e-01
    3.55486274e-01 7.41317153e-01 3.46205682e-01 3.11747283e-01
    9.61219668e-01 8.14623237e-01 8.00111890e-01 1.51243746e-01
    7.35195696e-01 7.98264444e-02 7.59815097e-01 1.86853349e-01
    9.31009889e-01 1.45609647e-01 5.80079615e-01 4.06320274e-01
    6.88876510e-01 5.66097617e-01 2.78987318e-01 5.87562263e-01
    6.57113373e-01 9.54693913e-01 3.71651113e-01 7.61634827e-01
    2.72748947e-01 1.87136114e-01 6.16492867e-01 9.93525028e-01
    6.34938180e-02 6.51974559e-01 2.38485307e-01 6.85122013e-02
    3.79980057e-01 6.59142673e-01 1.00669622e-01 6.99637055e-01
    1.61331683e-01 3.68074477e-02 2.23016411e-01 7.95133948e-01
    6.56421304e-01 2.38582164e-01 8.55521202e-01 6.65944874e-01
    7.02804506e-01 4.11114901e-01 6.07608557e-01 2.72796333e-01
    6.70407057e-01 5.90311527e-01 7.37843633e-01 5.10972977e-01
    5.39943337e-01 3.64027619e-02 2.65600979e-01 4.36894298e-02
    3.41950834e-01 4.78538543e-01 3.81760836e-01 9.90585208e-01
    7.37609804e-01 6.04072928e-01 4.00951326e-01 9.31735754e-01
    2.16854125e-01 7.14028299e-01 4.03795809e-01 9.31461453e-02
    9.19530392e-01 2.59383529e-01 9.69077945e-02 4.02118832e-01
    2.80404747e-01 7.20913887e-01 4.04115140e-01 7.04662859e-01
    7.77010322e-02 8.12016726e-01 4.83009815e-01 5.32455742e-01
    2.35152543e-02 5.55214524e-01 9.10601676e-01 1.89381719e-01
    5.69612682e-02 3.16675425e-01 2.67721295e-01 8.79740000e-01
    7.62241781e-02 7.36427665e-01 3.00085843e-02 7.76790082e-01
    9.05996442e-01 7.90591538e-01 9.87532198e-01 1.94691092e-01
    4.89367992e-01 3.63265842e-01 5.70860624e-01 8.32485199e-01
    1.00020140e-01 5.67003489e-01 9.28702235e-01 5.28467476e-01
    5.87744653e-01 3.98814857e-01 8.22724700e-01 2.72385180e-02
    1.05485320e-03 7.57898569e-01 2.90613532e-01 2.43105799e-01
    6.58055782e-01 4.33801293e-01 5.12424767e-01 4.64100480e-01
    3.13242733e-01 8.14642072e-01 1.71328872e-01 4.80635643e-01
    3.09489667e-01 8.94782543e-01 8.25991035e-01 5.01259327e-01
    3.20032239e-03 8.18219543e-01 3.38066727e-01 9.02583241e-01
    9.68613446e-01 2.83963770e-01 4.91573602e-01 2.77577102e-01
    1.83131248e-01 7.24453926e-02 8.29235435e-01 2.77445376e-01
    2.73977578e-01 2.01761365e-01 7.26119637e-01 4.65352178e-01
    8.02800119e-01 4.04850781e-01 1.78135812e-01 4.57272649e-01
    4.97742653e-01 6.47812724e-01 6.14542186e-01 8.57204735e-01
    5.68216503e-01 4.58976179e-01 7.61725545e-01 3.38304937e-02
    2.96324849e-01 5.01060724e-01 9.81962800e-01 3.49174500e-01
    4.32841182e-02 5.58477461e-01 5.95378220e-01 6.23230875e-01
    1.33731097e-01 5.48834443e-01 1.06017441e-01 6.57681823e-01
    1.60417348e-01 3.12650472e-01 7.68114269e-01 6.08591795e-01
    5.66751957e-01 9.54210520e-01 1.70789391e-01 7.85691142e-01
    2.51935065e-01 9.82910037e-01 5.57851493e-01 6.96822703e-02
    2.37729818e-01 2.20623016e-02 8.91017437e-01 2.91674852e-01
    9.22057331e-01 5.15030265e-01 8.26567411e-01 4.10460800e-01
    2.98077464e-01 3.22247326e-01 8.00812125e-01 3.24941337e-01
    8.99641156e-01 2.68275380e-01 6.96960449e-01 4.07537580e-01
    3.03995490e-01 2.78362930e-01 5.77189207e-01 5.18277645e-01
    4.74958748e-01 3.43925059e-01 5.83244622e-01 6.30973876e-01
    3.70232522e-01 5.43710709e-01 7.77153373e-01 3.73378545e-01
    9.49145138e-01 7.13873744e-01 7.45130002e-01 7.64100015e-01
    3.91282499e-01 4.18028831e-01 1.91686630e-01 1.88797832e-01
    2.45527536e-01 5.35115480e-01 1.24539435e-01 9.05207753e-01
    9.70979571e-01 4.62854087e-01 7.59356558e-01 9.14973855e-01
    1.69743419e-01 2.27934927e-01 2.80509442e-01 9.23034072e-01
    4.01795447e-01 5.19072950e-01 2.79636681e-01 1.34831071e-01
    4.58460897e-01 3.87941301e-02 9.18135285e-01 3.13268840e-01
    7.39488006e-03 6.69927895e-02 5.16925156e-01 4.85744745e-01
    7.48915434e-01 1.75207108e-01 1.72476232e-01 6.76783204e-01
    5.85570931e-02 6.47870123e-01 9.08123076e-01 9.03933465e-01
    5.47656000e-01 3.66264999e-01 5.74374199e-03 1.51982993e-01
    8.84140372e-01 2.86832720e-01 1.06949836e-01 9.00079489e-01
    4.88228887e-01 4.32178259e-01 8.54536057e-01 8.87696862e-01
    9.08465087e-02 8.11451793e-01 5.45141757e-01 8.94081831e-01
    9.37979579e-01 8.17145050e-01 3.18710506e-02 4.34330106e-01
    2.05238163e-02 4.50039029e-01 6.42816424e-01 5.46253800e-01
    9.31009889e-01 1.45609647e-01 5.80079615e-01 4.06320274e-01
    6.88876510e-01 5.66097617e-01 2.78987318e-01 5.87562263e-01
    6.57113373e-01 9.54693913e-01 3.71651113e-01 7.61634827e-01
    2.72748947e-01 1.87136114e-01 6.16492867e-01 9.93525028e-01
    6.62401676e-01 6.05187237e-01 7.90059209e-01 3.63491058e-01
    5.87888956e-01 2.38886863e-01 2.13208377e-01 2.21168488e-01
    9.26847160e-02 8.69542122e-01 1.33993924e-02 5.28241694e-02
    6.17450535e-01 9.20960069e-01 3.51797938e-02 6.44041896e-02
    4.84815121e-01 4.79345560e-01 3.91697288e-01 9.81259108e-01
    4.38844502e-01 2.24845111e-02 6.31090403e-01 7.85307586e-02
    6.15116477e-01 2.50888526e-01 3.10274959e-01 6.54106736e-01
    7.14465737e-01 4.27284330e-01 1.25046790e-01 5.03626704e-01
    7.55422950e-01 5.71604729e-01 1.30799711e-01 7.67053485e-01
    7.14481115e-01 1.16064012e-01 1.06296718e-01 8.74942660e-01
    1.89720482e-01 1.03510559e-01 5.97002387e-01 7.73416996e-01
    3.96597326e-01 9.87817764e-01 8.66853595e-02 7.45245934e-01
    6.26432657e-01 6.63048267e-01 5.30596495e-01 4.43076879e-01
    6.97264254e-01 9.17711258e-01 5.83589017e-01 2.45226353e-01
    8.31290722e-01 7.51777947e-01 8.26298237e-01 9.46218669e-02
    5.34994006e-01 5.66587329e-01 8.78129363e-01 5.84644079e-01
    1.52529687e-01 8.42320979e-01 9.99610960e-01 1.69917941e-01
    1.15653127e-01 6.23877466e-01 2.02681690e-01 8.45842242e-01
    7.17317581e-01 9.10761774e-01 7.90685415e-02 9.31740761e-01
    4.36043739e-03 4.94923711e-01 7.68034458e-01 6.97873175e-01
    5.22900224e-01 4.39050108e-01 1.44910902e-01 1.26503676e-01
    1.92390770e-01 4.73228991e-01 1.63052738e-01 8.03662062e-01
    1.52416259e-01 8.02558184e-01 5.23736537e-01 4.92387116e-02
    9.85358775e-01 2.92826980e-01 3.31696570e-02 7.96779931e-01
    4.19246256e-01 8.85387719e-01 4.16056126e-01 2.35689759e-01
    1.29196048e-01 2.07072854e-01 8.57975006e-01 5.17154515e-01
    1.26864135e-01 7.92980731e-01 5.92851400e-01 1.03687167e-01
    6.16928935e-03 8.83656621e-01 2.81360745e-03 3.63954931e-01
    8.46811831e-02 5.15472174e-01 7.60439754e-01 6.02871597e-01
    4.61807907e-01 9.83116627e-01 2.31391013e-01 1.92270279e-01
    5.87259054e-01 9.57606196e-01 1.85032219e-01 9.00562882e-01
    7.33074188e-01 7.61064291e-02 7.23137796e-01 7.16695070e-01
    5.65915465e-01 4.75776345e-01 9.38855171e-01 1.52419120e-01
    3.03888083e-01 6.64456546e-01 2.01329589e-01 9.69206393e-01
    6.58353925e-01 5.36340475e-02 1.83011174e-01 8.72715116e-01
    9.16719913e-01 4.00222272e-01 1.99861556e-01 2.36318111e-02
    1.81273371e-01 3.73071283e-01 9.97992277e-01 8.39923024e-01
    3.66182595e-01 3.09072971e-01 5.93776703e-01 4.54596072e-01
    4.99280006e-01 8.71553123e-02 9.05866623e-01 8.43567133e-01
    1.34617239e-01 5.72419524e-01 8.00407529e-02 2.57964790e-01
    7.54478097e-01 9.60337281e-01 9.77476597e-01 3.18232954e-01
    6.29227459e-01 8.94061327e-01 5.41250408e-01 6.84286892e-01
    8.64270806e-01 6.24539971e-01 9.67647433e-01 4.78337109e-01
    9.65932012e-01 8.34998131e-01 7.23151982e-01 4.68053222e-02
    6.74373269e-01 3.78355801e-01 5.53079784e-01 2.18260944e-01
    5.34569144e-01 4.25840586e-01 8.57451677e-01 8.18927824e-01
    1.20479852e-01 1.15018398e-01 4.06024873e-01 4.09178615e-01
    5.36708355e-01 2.75679171e-01 5.14678657e-02 5.29934347e-01
    5.43659627e-02 7.63921380e-01 8.59997034e-01 9.00864124e-01
    8.68603945e-01 7.63475537e-01 8.71265590e-01 6.92893863e-02
    5.46370268e-01 5.89298844e-01 9.02039766e-01 3.70462835e-01
    9.52440202e-02 2.60488629e-01 7.75195956e-01 7.85266399e-01
    6.13690019e-01 2.28563994e-01 2.26698816e-02 1.46179646e-01
    5.14587522e-01 8.63161087e-01 4.32927489e-01 8.24518442e-01
    1.53730452e-01 3.23244005e-01 9.86610293e-01 6.69419646e-01
    5.81106544e-01 7.77763128e-01 3.76159549e-01 8.48986864e-01
    9.94057119e-01 6.57144547e-01 1.82156563e-02 6.80602312e-01
    9.83125865e-02 1.84731185e-01 8.39233994e-01 1.08719528e-01
    9.49664712e-01 8.30387235e-01 2.81629562e-02 6.60331488e-01
    9.97626483e-01 8.07733536e-01 2.13002831e-01 3.00071597e-01
    9.33652818e-02 8.04826736e-01 1.04181200e-01 1.81991696e-01
    2.49783754e-01 1.08927310e-01 1.06353283e-01 2.40146965e-01
    9.69836116e-01 2.18504250e-01 6.31226182e-01 1.61981255e-01
    6.41934633e-01 7.59151280e-02 6.43123567e-01 9.37764764e-01
    6.62401676e-01 6.05187237e-01 7.90059209e-01 3.63491058e-01
    5.87888956e-01 2.38886863e-01 2.13208377e-01 2.21168488e-01
    9.26847160e-02 8.69542122e-01 1.33993924e-02 5.28241694e-02
    6.17450535e-01 9.20960069e-01 3.51797938e-02 6.44041896e-02
    6.56176448e-01 4.66397196e-01 2.31770009e-01 5.57574928e-02
    7.28551269e-01 3.44759881e-01 1.47039384e-01 8.56996536e-01
    1.65263385e-01 4.61010277e-01 5.94963551e-01 6.34130776e-01
    6.83774114e-01 8.07478905e-01 8.95973444e-01 1.59974068e-01
    3.76802146e-01 2.24804491e-01 4.80454475e-01 3.11141551e-01
    6.82189226e-01 6.78888261e-01 2.15421081e-01 7.28598833e-01
    8.70157182e-02 3.58541489e-01 8.50311041e-01 6.76048994e-01
    5.16704917e-02 4.99848366e-01 4.61708993e-01 3.48168850e-01
    7.66099155e-01 1.62100106e-01 1.25011206e-02 4.81424332e-02
    7.19428420e-01 4.87715155e-01 2.70925641e-01 5.00560641e-01
    4.03591812e-01 7.00408578e-01 6.04508698e-01 2.42058605e-01
    1.52852625e-01 5.78906894e-01 8.84625912e-02 6.08617604e-01
    5.74874282e-01 6.28732741e-01 5.66801906e-01 2.85674214e-01
    5.86686492e-01 9.77500021e-01 1.69793665e-01 9.87935603e-01
    8.08398485e-01 2.97568560e-01 4.75236475e-01 4.50227559e-01
    5.29476583e-01 6.52545333e-01 6.66000068e-01 4.54395413e-01
    9.47967649e-01 1.46354586e-01 9.21796441e-01 1.56938881e-01
    5.58928251e-01 1.27967268e-01 2.30986714e-01 7.37400591e-01
    8.04996550e-01 6.37457371e-02 6.10574782e-02 5.92528224e-01
    6.35536253e-01 8.42453361e-01 1.60515308e-03 7.42305458e-01
    6.62116170e-01 8.71715963e-01 3.57980669e-01 9.26404476e-01
    5.77620089e-01 1.42892838e-01 3.39796841e-01 4.13155377e-01
    7.90949047e-01 4.63173866e-01 4.38995361e-01 9.05429840e-01
    7.58497119e-01 8.27983439e-01 3.63800824e-01 5.18522322e-01
    1.71610951e-01 6.19924247e-01 2.88869351e-01 7.78963447e-01
    7.57260442e-01 3.68561715e-01 4.41703647e-01 8.78472447e-01
    9.54947352e-01 8.86479795e-01 8.57888341e-01 4.02632117e-01
    7.84649968e-01 7.95061350e-01 2.58811653e-01 6.02905393e-01
    8.19624662e-01 8.08823705e-02 7.71990120e-01 5.70334613e-01
    7.83898473e-01 4.92725313e-01 5.33958018e-01 3.05615962e-02
    4.65651512e-01 1.46203727e-01 7.65916824e-01 6.65126383e-01
    2.03025967e-01 3.25339586e-01 6.02358460e-01 2.57983923e-01
    6.21041536e-01 6.94763303e-01 7.15051532e-01 3.22661281e-01
    3.95018697e-01 1.55806750e-01 9.18244243e-01 6.85890436e-01
    2.43424982e-01 3.89247656e-01 8.33661795e-01 7.05836773e-01
    4.63717699e-01 2.92860061e-01 6.92127347e-02 6.84621692e-01
    2.93803215e-01 3.52125406e-01 1.35739475e-01 3.64888638e-01
    1.27741247e-01 6.09316230e-01 1.82444692e-01 7.50679910e-01
    6.06434882e-01 2.26672679e-01 4.13867056e-01 8.43619943e-01
    8.49145234e-01 2.45579511e-01 5.67134619e-02 8.62008333e-01
    9.13193762e-01 4.52116817e-01 9.54337418e-01 9.71007645e-01
    2.53566206e-01 5.77031851e-01 1.50899708e-01 8.88764501e-01
    2.98028290e-01 2.71042913e-01 5.11675239e-01 4.63845313e-01
    2.85373002e-01 5.19314766e-01 6.68469071e-01 6.57740235e-01
    2.36904234e-01 2.87803203e-01 8.01008344e-01 9.15885925e-01
    3.28528583e-01 2.64861375e-01 3.44037503e-01 7.29208350e-01
    3.16980124e-01 5.83346009e-01 8.83950591e-02 6.82151496e-01
    5.48582435e-01 2.20946401e-01 2.48156041e-01 2.73066461e-01
    3.14796805e-01 7.67454386e-01 5.60460806e-01 7.48547494e-01
    1.13311708e-01 3.52418125e-02 5.69716096e-03 8.72125506e-01
    1.98194742e-01 4.55302864e-01 9.13873851e-01 8.96612883e-01
    3.85523796e-01 1.92055136e-01 2.48193413e-01 2.51769364e-01
    5.74792981e-01 2.78307498e-01 7.19917297e-01 8.13112020e-01
    7.27235734e-01 7.37065077e-01 1.85420334e-01 4.80577290e-01
    7.35527933e-01 2.49111623e-01 6.17144883e-01 6.05016470e-01
    5.11099100e-02 4.07064855e-02 4.42479551e-02 6.09030128e-01
    8.43243718e-01 6.14100695e-01 6.63481355e-02 4.22304571e-02
    9.74213541e-01 8.67425919e-01 5.04498959e-01 3.19404125e-01
    1.45902127e-01 7.11350977e-01 9.92498875e-01 6.58255696e-01
    6.30228400e-01 8.33364010e-01 6.32196665e-04 8.62310052e-01
    3.22658747e-01 6.82831645e-01 4.98848826e-01 4.06699181e-01
    5.13744354e-01 3.75476718e-01 4.26818579e-01 6.17441416e-01
    8.80586743e-01 2.58903593e-01 1.61591411e-01 5.79011261e-01
    1.98990613e-01 4.65786129e-01 1.31004184e-01 1.33841366e-01
    6.56176448e-01 4.66397196e-01 2.31770009e-01 5.57574928e-02
    7.28551269e-01 3.44759881e-01 1.47039384e-01 8.56996536e-01
    1.65263385e-01 4.61010277e-01 5.94963551e-01 6.34130776e-01
    6.83774114e-01 8.07478905e-01 8.95973444e-01 1.59974068e-01
    9.70641196e-01 2.36498952e-01 2.43523568e-01 9.90705490e-02
    2.46408254e-01 6.95024133e-01 4.87849116e-02 4.07397002e-01
    5.65170586e-01 7.12519109e-01 1.41558647e-01 3.84543866e-01
    6.18235767e-01 3.41872573e-01 8.68464231e-01 5.00220358e-02
    8.91874075e-01 8.08516741e-01 3.29534233e-01 9.92659450e-01
    1.83030665e-01 1.14189386e-01 5.62161207e-01 3.18022370e-02
    4.48265612e-01 2.39235938e-01 4.79793310e-01 7.37433791e-01
    6.00176871e-01 3.72816026e-02 2.55897462e-01 6.91519022e-01
    7.33807683e-03 2.23993391e-01 1.07475549e-01 6.24096274e-01
    1.23635381e-01 9.27694321e-01 4.32326525e-01 9.84731317e-01
    1.90739781e-01 1.06153250e-01 7.20609009e-01 5.82321107e-01
    4.23876077e-01 3.04325163e-01 9.78971243e-01 5.61649144e-01
    9.37058449e-01 1.64388895e-01 2.66878247e-01 5.79144359e-01
    2.02978492e-01 4.80851173e-01 9.23336506e-01 7.32356906e-01
    2.43477821e-02 2.91890323e-01 8.27371776e-02 9.61700320e-01
    3.37786317e-01 7.31917202e-01 2.94474065e-02 6.93458796e-01
    4.19137478e-01 1.47726685e-01 3.95097345e-01 6.40356898e-01
    3.22319925e-01 5.94444036e-01 8.33671987e-01 6.11333311e-01
    3.39870811e-01 5.99415064e-01 2.83227026e-01 3.98388267e-01
    1.76423550e-01 8.35585713e-01 7.90082097e-01 7.58067846e-01
    4.59819824e-01 9.69810009e-01 7.98852801e-01 7.12729096e-01
    8.00923467e-01 9.57797647e-01 1.59630001e-01 6.22947276e-01
    1.09368563e-03 8.31232011e-01 1.41625404e-01 4.53830421e-01
    4.81511027e-01 6.40095532e-01 6.85951591e-01 6.26057506e-01
    2.39790261e-01 4.38952059e-01 9.23598468e-01 5.52159369e-01
    3.21285218e-01 9.36626434e-01 9.85009849e-01 3.11812341e-01
    2.39215493e-02 8.35673273e-01 2.20476061e-01 8.88412356e-01
    3.89551640e-01 5.78890920e-01 7.43876219e-01 5.99191427e-01
    4.18902665e-01 3.73619616e-01 9.49180543e-01 3.36547732e-01
    6.67605162e-01 9.94952798e-01 9.05300081e-01 4.17028189e-01
    7.14266121e-01 3.60694110e-01 7.13255167e-01 4.95870292e-01
    1.84736997e-01 4.57752943e-01 6.83547854e-02 3.34918499e-04
    7.68743038e-01 5.64402878e-01 9.63505626e-01 6.30813718e-01
    2.94221640e-02 5.20730734e-01 5.87082267e-01 9.08737421e-01
    2.41147697e-01 2.34958529e-03 4.10122246e-01 8.29398513e-01
    7.49255896e-01 4.01390404e-01 9.62989211e-01 8.92871380e-01
    6.55088127e-01 7.59405375e-01 7.10828424e-01 1.37106180e-02
    8.30816627e-01 3.49917412e-01 6.83623254e-01 1.80152863e-01
    8.02124918e-01 4.42263782e-01 3.49608123e-01 5.74180245e-01
    8.68993163e-01 6.72510684e-01 9.48418975e-01 7.92698979e-01
    8.06766927e-01 2.37144291e-01 3.28207493e-01 6.03968143e-01
    7.14416325e-01 2.32986808e-02 6.94958925e-01 6.84728444e-01
    9.36467528e-01 3.17462564e-01 2.62318492e-01 3.40679497e-01
    7.34199643e-01 2.98680604e-01 8.78957748e-01 2.10234106e-01
    3.25097561e-01 3.01567256e-01 9.30858016e-01 7.65945494e-01
    7.02365458e-01 5.60393751e-01 9.76425290e-01 2.74988651e-01
    7.03126431e-01 4.06985790e-01 3.80213410e-01 6.63636804e-01
    8.60429406e-02 4.69340354e-01 3.70495021e-01 6.54206991e-01
    9.37580347e-01 4.31970209e-01 7.81547427e-01 5.55720448e-01
    2.85012901e-01 7.63570189e-01 7.40288973e-01 7.68244863e-01
    7.10129142e-01 9.45435762e-02 1.01035744e-01 4.88931507e-01
    3.94390136e-01 8.06530535e-01 3.34126294e-01 9.72536564e-01
    9.65788245e-01 2.14855909e-01 7.64283061e-01 9.70425427e-01
    5.23855567e-01 9.80632186e-01 7.16883242e-01 8.67216110e-01
    2.93139756e-01 4.66591299e-01 3.57381165e-01 2.14982510e-01
    6.30335212e-01 3.20254147e-01 8.17259908e-01 5.95901191e-01
    3.90432566e-01 8.34068656e-01 4.35207188e-02 6.54338479e-01
    2.14311779e-02 4.38309550e-01 6.85737610e-01 5.85780084e-01
    5.85157335e-01 6.63622141e-01 6.14885569e-01 3.89985859e-01
    7.22817302e-01 3.18059057e-01 3.27234060e-01 4.43944931e-02
    5.33509612e-01 1.65807128e-01 6.62663460e-01 9.74892378e-01
    8.94936383e-01 4.81766850e-01 3.03833663e-01 7.69082665e-01
    3.15460414e-01 3.80964071e-01 4.25966591e-01 3.58711869e-01
    5.95735431e-01 9.90294933e-01 2.88612694e-01 2.53961861e-01
    9.70641196e-01 2.36498952e-01 2.43523568e-01 9.90705490e-02
    2.46408254e-01 6.95024133e-01 4.87849116e-02 4.07397002e-01
    5.65170586e-01 7.12519109e-01 1.41558647e-01 3.84543866e-01
    6.18235767e-01 3.41872573e-01 8.68464231e-01 5.00220358e-02
    7.27860451e-01 7.35282898e-01 5.85558295e-01 1.43041402e-01
    5.94389021e-01 6.62857711e-01 6.94466829e-01 4.72663283e-01
    7.29418576e-01 4.06587958e-01 6.12945259e-01 7.33137190e-01
    8.50762129e-01 5.81241965e-01 1.17085129e-01 7.91287422e-01
    3.15990537e-01 7.82762289e-01 9.10351157e-01 6.34181857e-01
    2.76579618e-01 1.77091658e-02 1.36948019e-01 4.48610604e-01
    2.66762227e-01 6.79045081e-01 7.15482235e-01 9.24863577e-01
    9.94127750e-01 8.13750029e-02 3.95586252e-01 4.33950514e-01
    8.05161238e-01 9.95526195e-01 7.26587772e-01 7.77744651e-01
    4.00309145e-01 1.90259755e-01 2.73140699e-01 7.66017735e-02
    1.79232627e-01 1.71218514e-02 2.36732095e-01 4.91258234e-01
    4.27780539e-01 3.10790330e-01 2.25838780e-01 1.02748215e-01
    3.39214921e-01 5.82982659e-01 4.36201990e-01 5.89576423e-01
    1.02846861e-01 3.26742589e-01 5.95405102e-02 2.79589891e-02
    8.21949184e-01 4.77800071e-02 9.44491625e-02 5.26358783e-01
    5.85635185e-01 6.84628963e-01 9.12880123e-01 3.53162050e-01
    9.31562185e-01 3.58165771e-01 3.78574044e-01 6.10437036e-01
    5.72497725e-01 7.32945502e-01 1.50574744e-01 4.30124044e-01
    9.76701260e-01 7.43357480e-01 9.85414743e-01 1.35214061e-01
    3.72174114e-01 9.73094285e-01 7.83122301e-01 7.83398509e-01
    7.82602549e-01 6.05941236e-01 4.70164210e-01 7.26069212e-01
    4.03907478e-01 7.80079126e-01 9.96820450e-01 4.77578640e-02
    8.22534561e-01 3.62786949e-02 7.24602699e-01 9.69452858e-02
    8.67983103e-01 9.31909800e-01 3.09511393e-01 5.52114666e-01
    2.07773507e-01 1.96238786e-01 5.59249282e-01 1.33157462e-01
    2.94333696e-01 8.03052187e-01 4.83547747e-01 6.90696239e-02
    1.88982129e-01 4.47298288e-01 3.74721467e-01 4.93711531e-02
    6.57701075e-01 7.80398250e-01 5.55855989e-01 3.94818008e-01
    5.75555265e-01 5.17454267e-01 9.35904860e-01 3.35071594e-01
    1.09417289e-01 2.30002910e-01 2.69987494e-01 4.07401949e-01
    6.76163673e-01 1.93154305e-01 5.82930088e-01 1.79529488e-01
    9.76528406e-01 8.58953893e-02 3.42138290e-01 9.65875506e-01
    2.47964501e-01 2.26029843e-01 6.18412793e-01 4.50437993e-01
    4.45309490e-01 1.58750743e-01 1.56693369e-01 2.38965422e-01
    5.92657924e-01 6.24074519e-01 1.85358286e-01 3.42361271e-01
    4.11066920e-01 3.59374046e-01 1.36011153e-01 9.84968543e-01
    3.35537553e-01 5.98174274e-01 9.84239280e-02 5.41673601e-02
    5.99611819e-01 7.15565801e-01 5.63367963e-01 7.93541372e-02
    8.49107504e-02 2.54078418e-01 9.95569885e-01 6.27403557e-01
    3.23446631e-01 6.93829179e-01 9.88382578e-01 4.56403792e-02
    5.85360169e-01 4.64990586e-01 8.13038349e-01 9.31493700e-01
    9.39276993e-01 7.75553942e-01 8.88029635e-01 5.44196248e-01
    5.44540942e-01 1.77872479e-02 1.23361737e-01 3.41748357e-01
    2.00801402e-01 1.73087984e-01 5.11315763e-01 1.84436977e-01
    4.55961436e-01 2.03279138e-01 3.09795022e-01 2.87763536e-01
    2.72951365e-01 5.02563894e-01 5.80816150e-01 1.02868229e-01
    6.62004530e-01 1.22811854e-01 2.33935356e-01 9.62724805e-01
    9.90128279e-01 8.59149873e-01 3.03177416e-01 3.98704112e-01
    9.21374798e-01 1.72551841e-01 7.89414525e-01 7.90080905e-01
    6.73625171e-02 4.71006662e-01 1.84834808e-01 6.32260561e-01
    9.71726656e-01 7.44982064e-02 4.42763239e-01 1.44330680e-01
    6.99765682e-01 3.84441406e-01 8.60380530e-01 1.64979249e-01
    5.06396949e-01 2.70372629e-03 9.62991595e-01 6.78327084e-01
    4.99610901e-01 6.10535622e-01 4.74084795e-01 8.32720995e-01
    1.40416116e-01 1.93127781e-01 3.93336207e-01 5.49033940e-01
    7.28857040e-01 1.28758967e-01 7.55826473e-01 8.20810199e-01
    9.71486211e-01 3.85950476e-01 4.69714701e-02 3.03296179e-01
    4.19593394e-01 2.13905156e-01 4.13264632e-01 1.05481416e-01
    5.71826577e-01 4.19334948e-01 4.35384512e-02 3.99166226e-01
    4.72700089e-01 6.65526152e-01 5.74246049e-01 8.96623969e-01
    1.58492327e-02 1.66061223e-02 5.23577034e-01 4.55271363e-01
    4.28740144e-01 2.89218009e-01 5.36862850e-01 4.35280502e-01
    2.36962140e-01 7.72386611e-01 7.58304358e-01 5.16542494e-01
    7.15938926e-01 3.38488460e-01 7.32338011e-01 8.76923561e-01
    7.27860451e-01 7.35282898e-01 5.85558295e-01 1.43041402e-01
    5.94389021e-01 6.62857711e-01 6.94466829e-01 4.72663283e-01
    7.29418576e-01 4.06587958e-01 6.12945259e-01 7.33137190e-01
    8.50762129e-01 5.81241965e-01 1.17085129e-01 7.91287422e-01
    7.49538898e-01 7.37971961e-01 5.13936937e-01 6.49801195e-01
    4.97001022e-01 8.89923930e-01 8.30799699e-01 9.08733249e-01
    9.36022162e-01 2.72711217e-01 2.55566239e-01 3.74701947e-01
    5.61507165e-01 1.91329569e-01 4.44057733e-01 4.39451277e-01
    8.46893668e-01 3.35126698e-01 3.30240488e-01 7.04026818e-02
    4.83791143e-01 3.31019282e-01 9.06913400e-01 6.64533377e-01
    3.68847132e-01 5.82202435e-01 9.20249939e-01 2.21135944e-01
    6.57914460e-01 8.25646639e-01 5.19221425e-01 3.85778278e-01
    6.63435459e-02 2.70715237e-01 4.41430777e-01 7.62861431e-01
    9.87382293e-01 8.03368688e-01 9.98544812e-01 7.05972314e-01
    4.10098195e-01 3.60847414e-01 3.50455284e-01 5.22916675e-01
    1.09348625e-01 8.38127792e-01 8.93351436e-03 3.73688787e-01
    7.74722815e-01 1.32936299e-01 1.87678576e-01 4.80804950e-01
    4.35271114e-01 2.77003706e-01 4.12357271e-01 2.08712161e-01
    6.17601514e-01 1.65326089e-01 7.18871117e-01 3.75120997e-01
    2.83356816e-01 2.51187563e-01 7.25988746e-02 7.49895990e-01
    5.46494246e-01 6.03406489e-01 8.34677219e-01 2.15332508e-02
    7.57822812e-01 8.74433637e-01 8.18860173e-01 2.24438637e-01
    3.83056372e-01 1.61641240e-02 9.18455005e-01 5.33875346e-01
    5.00503421e-01 6.54315412e-01 6.10502660e-01 1.81747168e-01
    6.99804187e-01 4.01812255e-01 8.24375629e-01 8.25765312e-01
    7.23362744e-01 7.52044916e-01 7.71225691e-01 5.38738728e-01
    7.40837574e-01 9.92858708e-01 1.77873522e-01 5.91230929e-01
    4.45697278e-01 8.20181489e-01 2.29715198e-01 1.03166789e-01
    3.31881225e-01 8.81353736e-01 6.78838730e-01 9.53658938e-01
    9.74743426e-01 5.35443842e-01 3.09386879e-01 4.66638654e-01
    4.57339764e-01 8.53245854e-01 4.07748431e-01 3.89066517e-01
    9.46143806e-01 7.06153631e-01 8.42129230e-01 1.74993724e-01
    3.81510824e-01 4.80595529e-01 6.03287220e-01 6.16732478e-01
    2.25283265e-01 1.75382853e-01 1.51902914e-01 2.70906955e-01
    9.16825652e-01 4.37920362e-01 9.68136668e-01 7.84334660e-01
    9.09517407e-01 3.21807981e-01 2.36964822e-01 7.44008243e-01
    7.11952031e-01 5.74388921e-01 8.43756318e-01 1.94529206e-01
    9.16091323e-01 5.30369878e-02 4.15592045e-01 6.98745191e-01
    3.12014163e-01 3.46049458e-01 5.89049876e-01 3.39374721e-01
    9.46708977e-01 7.82034397e-01 8.01073492e-01 3.95446718e-01
    1.85800821e-01 9.96668935e-02 6.30201757e-01 7.91296363e-01
    6.53489053e-01 3.06546956e-01 4.06870812e-01 6.21679723e-02
    8.56733918e-02 9.18327868e-01 7.64050484e-01 2.80026317e-01
    6.01324618e-01 5.03901243e-01 2.63128489e-01 4.70959008e-01
    6.26481533e-01 1.91545218e-01 1.07248425e-02 4.15082276e-01
    6.81794882e-01 2.04605252e-01 7.32608497e-01 4.40332413e-01
    4.09687728e-01 3.28857303e-02 5.05746722e-01 7.83652902e-01
    4.78661656e-01 5.70587456e-01 4.46042985e-01 9.99147415e-01
    4.06873226e-02 7.83874393e-01 2.14581221e-01 4.39825922e-01
    3.69340330e-01 1.11694545e-01 1.69766247e-02 1.24669343e-01
    8.45135927e-01 6.11663520e-01 2.04966962e-01 1.63821816e-01
    3.60119402e-01 5.30133784e-01 3.22408646e-01 1.07448637e-01
    2.59667575e-01 2.86221206e-02 9.56378579e-01 7.65460134e-01
    3.63417387e-01 2.24140108e-01 2.64838934e-01 9.88589764e-01
    9.43113506e-01 1.74176574e-01 8.78587782e-01 2.63369709e-01
    5.27535737e-01 4.10676301e-01 1.31672442e-01 9.83015180e-01
    1.59164637e-01 7.86193609e-02 3.12444657e-01 7.70078540e-01
    3.43210727e-01 9.63185668e-01 5.77025056e-01 3.98080736e-01
    1.56816870e-01 5.22923768e-02 8.66611362e-01 4.48687851e-01
    2.33091146e-01 1.13814563e-01 1.22249067e-01 6.95124447e-01
    8.61526728e-01 2.17255980e-01 9.08112824e-02 1.60557300e-01
    9.87325132e-01 3.44185829e-01 5.04571676e-01 4.07546729e-01
    6.70553148e-01 4.49339420e-01 6.45809412e-01 2.31581241e-01
    3.68304491e-01 6.35642111e-01 1.91746354e-01 1.68082416e-02
    2.63357818e-01 7.21292913e-01 6.04736328e-01 9.29581046e-01
    3.38852406e-01 7.84483194e-01 6.02742672e-01 6.11417770e-01
    3.40240031e-01 2.64020264e-02 6.14803255e-01 3.69090438e-02
    9.49018419e-01 5.85091293e-01 2.75213957e-01 8.74067664e-01
    7.49538898e-01 7.37971961e-01 5.13936937e-01 6.49801195e-01
    4.97001022e-01 8.89923930e-01 8.30799699e-01 9.08733249e-01
    9.36022162e-01 2.72711217e-01 2.55566239e-01 3.74701947e-01
    5.61507165e-01 1.91329569e-01 4.44057733e-01 4.39451277e-01
    5.37048757e-01 3.81543100e-01 7.26743340e-01 6.69571757e-01
    6.40941858e-01 2.16219962e-01 6.15711629e-01 2.38809735e-01
    3.01893651e-01 2.57811815e-01 4.32904899e-01 1.80567801e-01
    8.37679684e-01 5.51574111e-01 5.82182050e-01 7.81274199e-01
    3.46440017e-01 9.62168455e-01 6.16686344e-01 1.35025352e-01
    8.53023112e-01 3.12914848e-01 3.88077646e-01 6.31547987e-01
    9.31648731e-01 2.42716312e-01 9.10442173e-02 4.00159597e-01
    2.85497904e-01 5.86977184e-01 9.51784551e-02 8.01487803e-01
    1.25394464e-02 5.98576963e-02 8.06004405e-01 5.56109011e-01
    5.11595309e-02 8.20918679e-01 5.32849371e-01 5.94285607e-01
    7.21461356e-01 6.26994312e-01 8.51862907e-01 3.39680344e-01
    6.42609835e-01 8.43408883e-01 9.44710970e-02 2.15093791e-02
    6.91210866e-01 5.80526590e-02 5.78975677e-02 5.71470976e-01
    3.77950490e-01 6.48007572e-01 7.37983108e-01 7.16941118e-01
    2.08419025e-01 6.45980060e-01 9.83158708e-01 4.34057117e-02
    9.24668193e-01 5.33788502e-02 6.23425961e-01 8.69788766e-01
    7.21738517e-01 9.83366311e-01 8.25123787e-01 2.37730831e-01
    2.44769752e-02 3.43257487e-01 1.84098810e-01 8.41331124e-01
    2.34244317e-01 2.69755423e-02 8.14919949e-01 8.09466422e-01
    4.09408987e-01 9.19791102e-01 6.27152085e-01 3.95970047e-01
    2.31011510e-01 5.16428709e-01 4.06270236e-01 2.15690315e-01
    8.05688024e-01 2.37145722e-02 4.16835308e-01 1.24514461e-01
    8.30045521e-01 8.91094089e-01 9.84376073e-01 8.70382190e-02
    1.55465603e-02 4.35970128e-02 5.23082912e-01 1.69386119e-01
    4.89093453e-01 3.25162768e-01 7.83590078e-01 6.85962856e-01
    3.15608054e-01 1.93903446e-01 3.47826570e-01 9.38381076e-01
    8.24712455e-01 5.34805477e-01 5.25355577e-01 4.20721173e-01
    9.07894969e-01 8.89481604e-01 5.71767747e-01 6.76367640e-01
    1.42597228e-01 2.87978172e-01 7.36299932e-01 1.62330061e-01
    5.15441060e-01 1.58646643e-01 2.98103064e-01 4.24391776e-01
    7.92073846e-01 3.27543080e-01 9.41460133e-01 3.73077095e-01
    8.66187811e-02 8.78459513e-02 1.39715731e-01 9.90658164e-01
    8.74868870e-01 1.44284606e-01 1.74389005e-01 7.80696452e-01
    1.25367314e-01 8.93133879e-03 1.28120452e-01 6.78346992e-01
    9.64785933e-01 8.11455727e-01 3.99429440e-01 7.90303707e-01
    1.77988678e-01 9.20354128e-01 4.87890661e-01 3.25942218e-01
    4.11741734e-01 4.51662689e-01 2.67993629e-01 5.33048511e-01
    2.76681662e-01 2.13684678e-01 7.17689395e-01 4.37574476e-01
    9.82642055e-01 7.79154301e-01 9.32021737e-01 8.31154943e-01
    9.50371027e-01 3.75245690e-01 6.18566632e-01 9.98667061e-01
    7.57560730e-01 2.50347883e-01 3.34912628e-01 8.40581656e-01
    4.47884917e-01 8.43149483e-01 5.99371910e-01 9.31232095e-01
    1.15683436e-01 1.17180377e-01 9.83616114e-01 1.33651137e-01
    8.12143087e-03 9.82701063e-01 4.35732037e-01 3.11207652e-01
    8.99617851e-01 2.59051204e-01 2.53949344e-01 3.70894611e-01
    5.79245687e-02 8.87139320e-01 9.70348716e-02 8.50133598e-02
    3.40808392e-01 2.51601160e-01 9.55675125e-01 7.89833665e-02
    7.25841761e-01 7.70345509e-01 8.54241669e-01 7.82559395e-01
    1.16281211e-02 9.54265118e-01 7.42788851e-01 8.13616455e-01
    9.32090163e-01 9.66331959e-01 2.53430456e-01 7.42367864e-01
    4.82493639e-01 7.51667202e-01 1.66827112e-01 8.30497861e-01
    8.27856004e-01 7.81658411e-01 6.55704737e-02 6.67818785e-02
    5.71014583e-02 2.30890095e-01 3.91879022e-01 5.07508278e-01
    8.48277092e-01 4.90745038e-01 1.89129114e-02 1.23267204e-01
    6.40695810e-01 6.62671447e-01 2.75344342e-01 5.25264144e-01
    9.49422836e-01 9.06939030e-01 5.88274002e-01 5.36221564e-01
    4.69568461e-01 3.62299323e-01 4.83049035e-01 9.30244207e-01
    3.53594899e-01 9.93095696e-01 9.80062783e-02 3.79618853e-01
    7.16456175e-01 7.23537207e-02 2.27143884e-01 3.41914594e-02
    9.72114563e-01 2.74556279e-02 2.28038967e-01 5.48310697e-01
    2.18083113e-01 5.56929886e-01 5.57869494e-01 6.46616995e-01
    5.63809514e-01 1.49619311e-01 8.57010126e-01 2.60527849e-01
    3.16162378e-01 8.29102099e-02 3.27544332e-01 9.98566628e-01
    5.31525016e-01 2.01527864e-01 1.35494679e-01 8.79960835e-01
    5.37048757e-01 3.81543100e-01 7.26743340e-01 6.69571757e-01
    6.40941858e-01 2.16219962e-01 6.15711629e-01 2.38809735e-01
    3.01893651e-01 2.57811815e-01 4.32904899e-01 1.80567801e-01
    8.37679684e-01 5.51574111e-01 5.82182050e-01 7.81274199e-01
    4.78318036e-01 4.40339833e-01 2.32846349e-01 5.55516839e-01
    6.59814954e-01 8.24271560e-01 3.62396240e-02 9.67657804e-01
    2.31702924e-01 8.54848146e-01 3.67546201e-01 3.28115106e-01
    2.16604322e-01 8.40232849e-01 1.09974116e-01 4.82734680e-01
    7.87353635e-01 3.58473688e-01 3.05422127e-01 9.29530740e-01
    7.46856034e-02 6.59879148e-01 5.74975729e-01 9.82966661e-01
    6.12638474e-01 7.46166050e-01 8.70566487e-01 5.88356674e-01
    3.24050426e-01 6.52009666e-01 2.37624705e-01 7.23417819e-01
    7.57391810e-01 9.43191767e-01 5.37821710e-01 8.66581619e-01
    6.07566059e-01 2.27188766e-02 6.81593180e-01 9.53858376e-01
    1.66145921e-01 1.21796429e-01 3.71188939e-01 1.77801728e-01
    8.33195150e-02 4.96676296e-01 5.40155172e-01 9.84313011e-01
    8.70853066e-01 3.36923301e-01 2.34398335e-01 4.70874161e-01
    3.15316677e-01 2.64287591e-01 9.73330617e-01 2.48493493e-01
    5.76587796e-01 9.70168233e-01 5.32738864e-01 2.23162830e-01
    2.13482946e-01 7.98865080e-01 4.37499315e-01 8.32165003e-01
    2.62113929e-01 9.68703032e-01 7.55259514e-01 2.70808995e-01
    1.97084278e-01 4.82348800e-02 1.14753336e-01 5.38843274e-01
    8.54258418e-01 3.48378360e-01 8.13331366e-01 1.03656411e-01
    3.02392483e-01 5.34334064e-01 3.49785477e-01 8.35330486e-01
    3.14042211e-01 6.33152008e-01 1.58435434e-01 6.59990489e-01
    3.31008852e-01 9.90505815e-01 1.50457114e-01 7.58938849e-01
    9.71807361e-01 7.24338293e-01 2.35255957e-02 5.78948975e-01
    1.57560706e-02 3.66874933e-01 5.95631301e-01 2.82924414e-01
    1.55563235e-01 7.36266255e-01 3.45759541e-01 5.28767824e-01
    6.92765415e-02 6.73536360e-02 2.42951661e-01 4.37274396e-01
    5.31119406e-01 3.11762094e-01 6.69757307e-01 7.25952208e-01
    7.31940150e-01 6.72537088e-01 6.26983106e-01 3.16587806e-01
    3.84267807e-01 9.45666015e-01 9.61324871e-01 9.39535260e-01
    4.08929795e-01 4.86361295e-01 9.60141063e-01 4.76124585e-01
    4.40056324e-02 1.81960911e-01 3.64031017e-01 9.64084864e-01
    3.88357878e-01 2.24997550e-01 2.10932702e-01 8.94357443e-01
    9.16911662e-02 5.25131524e-02 4.78678465e-01 8.68553698e-01
    6.86325312e-01 8.75157595e-01 7.35487700e-01 4.39160854e-01
    6.73632920e-01 4.70860183e-01 1.33462995e-01 4.31010008e-01
    3.59656930e-01 7.13814497e-01 8.36834610e-01 4.95179504e-01
    8.04950595e-02 5.20299911e-01 8.86679649e-01 1.42382950e-01
    8.35257053e-01 5.22518814e-01 2.67222881e-01 3.03794831e-01
    1.26604676e-01 4.58836526e-01 7.11194396e-01 2.32722580e-01
    3.63628983e-01 2.20640481e-01 2.67265260e-01 9.99627113e-01
    8.02067280e-01 9.50994611e-01 7.61247754e-01 4.33656186e-01
    8.18869472e-01 7.31554449e-01 6.31367922e-01 3.61383259e-02
    4.89427596e-01 2.37104088e-01 4.35555309e-01 9.24657226e-01
    6.34080410e-01 2.15531886e-02 5.20476699e-02 3.15054238e-01
    8.98411989e-01 6.90826595e-01 2.68076062e-01 8.38576794e-01
    6.41606033e-01 3.22449476e-01 8.54562044e-01 7.37724066e-01
    6.43025160e-01 8.16019416e-01 9.35370982e-01 9.17761803e-01
    5.38562894e-01 9.59754348e-01 7.61561275e-01 9.39795852e-01
    4.33953643e-01 6.34979308e-01 9.78364289e-01 9.43543196e-01
    3.57102215e-01 1.88409388e-01 1.56710029e-01 4.80192006e-02
    6.02891982e-01 5.44711709e-01 1.58769995e-01 8.36480975e-01
    5.25006235e-01 8.98905516e-01 1.57728046e-01 4.32806164e-01
    7.86380172e-02 3.21751952e-01 4.39648390e-01 4.98017043e-01
    8.58397484e-02 3.16258192e-01 6.06052399e-01 3.46294224e-01
    3.90096575e-01 2.66785294e-01 6.87687218e-01 5.44271350e-01
    4.81265485e-01 9.31119084e-01 8.85636806e-02 4.02682126e-02
    5.32767534e-01 6.29387558e-01 8.98496628e-01 8.36955309e-01
    7.74836659e-01 7.96931386e-02 6.96638048e-01 7.45036125e-01
    2.83704191e-01 9.24856365e-01 8.87101531e-01 3.83463264e-01
    6.29897654e-01 9.38710868e-01 7.02843130e-01 9.41942096e-01
    7.78584361e-01 5.01172602e-01 2.65373051e-01 4.40346718e-01
    7.46522546e-01 5.07504642e-02 1.45589411e-01 3.92045736e-01
    1.57577842e-01 9.16882992e-01 9.18344736e-01 1.90055728e-01
    6.48316503e-01 3.19616199e-01 9.01776254e-01 3.86158079e-01
    4.78318036e-01 4.40339833e-01 2.32846349e-01 5.55516839e-01
    6.59814954e-01 8.24271560e-01 3.62396240e-02 9.67657804e-01
    2.31702924e-01 8.54848146e-01 3.67546201e-01 3.28115106e-01
    2.16604322e-01 8.40232849e-01 1.09974116e-01 4.82734680e-01
    7.92965114e-01 8.97798181e-01 5.96879065e-01 9.75763440e-01
    6.96852207e-01 8.05708110e-01 3.55134785e-01 5.35987794e-01
    1.99088842e-01 5.63872516e-01 9.17949677e-01 6.26496434e-01
    7.40892172e-01 9.20804739e-02 3.17228436e-01 3.07440102e-01
    7.09749281e-01 9.61400509e-01 2.20953614e-01 4.57927525e-01
    1.58059448e-01 9.93625522e-01 3.21842700e-01 5.77365816e-01
    5.45730531e-01 2.35059559e-01 8.72726560e-01 3.92224848e-01
    2.48729318e-01 8.67550969e-02 6.94063306e-01 4.96735573e-02
    4.61709827e-01 3.78096104e-01 6.83432758e-01 9.83137488e-01
    8.40172291e-01 8.92304778e-01 7.39945173e-01 8.87997329e-01
    8.51528764e-01 4.93731141e-01 8.40904415e-02 7.80580521e-01
    2.38171458e-01 6.73540115e-01 3.02118778e-01 8.70304704e-01
    6.45126581e-01 3.80801857e-01 3.14028859e-01 6.69645488e-01
    2.21901625e-01 8.77084792e-01 8.23286057e-01 4.96497691e-01
    7.93289304e-01 9.81894553e-01 3.96076798e-01 3.98899287e-01
    5.81943035e-01 7.10870624e-02 6.97142363e-01 9.30949748e-01
    6.40882611e-01 1.37031138e-01 5.18399000e-01 9.31582093e-01
    9.76863086e-01 5.06728113e-01 1.51418358e-01 9.60858703e-01
    4.36916292e-01 1.93358243e-01 2.58774400e-01 3.28220904e-01
    5.48040152e-01 1.36801034e-01 2.16285527e-01 6.73329353e-01
    7.44392633e-01 2.69968390e-01 1.56482190e-01 1.40982091e-01
    2.47700095e-01 9.61641729e-01 1.96927339e-01 1.07382089e-01
    5.65910280e-01 3.72897983e-01 1.87664896e-01 1.29754722e-01
    2.03444690e-01 5.66181958e-01 1.92045271e-02 6.34667277e-01
    8.78316760e-01 9.06025112e-01 4.42609936e-01 1.71937078e-01
    1.04903549e-01 9.57738400e-01 6.08281255e-01 6.99145079e-01
    9.84081924e-01 2.76561022e-01 8.90948653e-01 1.40121192e-01
    1.92403585e-01 4.19341743e-01 2.65297294e-01 1.11327350e-01
    2.41526693e-01 8.36576402e-01 5.04664540e-01 8.35260391e-01
    8.58167470e-01 4.92008358e-01 5.31236947e-01 7.59623885e-01
    2.76911765e-01 4.02551115e-01 9.66376781e-01 3.64824474e-01
    8.69667530e-01 8.10180724e-01 9.71056998e-01 5.23027599e-01
    8.08162391e-01 3.27066302e-01 5.15683353e-01 1.34741783e-01
    9.88435268e-01 2.05244899e-01 2.92837888e-01 7.08851933e-01
    1.36682868e-01 7.37644434e-01 3.59297991e-01 5.39044917e-01
    4.69792128e-01 7.44267225e-01 8.73490691e-01 6.04301989e-01
    1.72122031e-01 4.27827328e-01 4.33118135e-01 3.17378938e-02
    5.17426193e-01 4.25894529e-01 9.23990071e-01 9.70346391e-01
    2.92639792e-01 8.07692707e-02 3.38356465e-01 6.74074292e-01
    4.04026031e-01 6.99793398e-01 1.33971721e-01 1.43761247e-01
    6.02785289e-01 7.24153757e-01 3.50577116e-01 1.91083670e-01
    8.05792928e-01 4.19196546e-01 5.40996492e-01 6.36622548e-01
    5.76690674e-01 1.09062910e-01 4.50109959e-01 9.53957081e-01
    4.90304142e-01 9.81802106e-01 4.58637208e-01 3.96069765e-01
    1.29011333e-01 1.25654340e-01 7.49646246e-01 4.05012161e-01
    3.04390132e-01 6.14034235e-02 4.75756526e-02 2.62279451e-01
    5.03368556e-01 2.41517574e-01 3.32517892e-01 8.97473693e-01
    1.57321185e-01 4.32668298e-01 8.53149295e-01 7.18020797e-01
    7.43968785e-02 2.99916238e-01 5.46329618e-01 5.53346276e-01
    7.88348794e-01 8.91700447e-01 2.52554059e-01 9.49143052e-01
    9.87760782e-01 7.00610876e-03 9.31650519e-01 7.28118598e-01
    6.80268526e-01 7.17053771e-01 4.62288141e-01 8.96307290e-01
    3.23534399e-01 3.40922862e-01 5.51991284e-01 8.44028592e-01
    7.49774039e-01 7.85650551e-01 1.04223907e-01 9.06133056e-01
    1.17006898e-02 7.13503957e-01 5.11831462e-01 6.83159113e-01
    7.22484708e-01 1.75283432e-01 4.47267383e-01 3.74925733e-02
    6.27863050e-01 2.72582948e-01 8.40978026e-01 5.12904108e-01
    2.82452762e-01 5.63260972e-01 3.91475111e-01 9.03810203e-01
    4.26213980e-01 9.74763751e-01 3.97367150e-01 8.20176244e-01
    1.83635533e-01 6.60852194e-02 6.80889785e-01 1.23770833e-02
    9.84462678e-01 5.21758020e-01 8.32043648e-01 8.91673982e-01
    2.58778930e-02 1.97326124e-01 9.84014332e-01 9.13055062e-01
    4.51566130e-01 1.19273126e-01 4.47812051e-01 9.00187135e-01
    9.03157175e-01 9.76102650e-02 5.22591174e-02 4.63929832e-01
    7.92965114e-01 8.97798181e-01 5.96879065e-01 9.75763440e-01
    6.96852207e-01 8.05708110e-01 3.55134785e-01 5.35987794e-01
    1.99088842e-01 5.63872516e-01 9.17949677e-01 6.26496434e-01
    7.40892172e-01 9.20804739e-02 3.17228436e-01 3.07440102e-01
    6.36164963e-01 6.16971254e-02 8.05499911e-01 2.80361891e-01
    5.98248422e-01 3.85533869e-02 4.61756021e-01 2.91444242e-01
    7.75422037e-01 3.30234170e-02 8.26541781e-01 6.23661160e-01
    9.07657802e-01 3.48636866e-01 6.94229960e-01 1.25256807e-01
    4.71728146e-02 9.44597483e-01 4.53476995e-01 1.17470562e-01
    1.40019447e-01 2.05966085e-01 4.58586603e-01 5.48243165e-01
    1.18537635e-01 9.79822576e-01 1.34000480e-02 4.30513382e-01
    5.04150987e-01 8.05228353e-01 2.84741342e-01 5.83517849e-01
    5.03248274e-02 8.40555727e-02 1.98868692e-01 7.54126608e-01
    3.55925411e-01 2.66001135e-01 5.88242948e-01 4.27313089e-01
    4.74046022e-01 2.86524177e-01 1.33580923e-01 4.09891218e-01
    9.08031881e-01 3.51702631e-01 1.64363086e-02 4.85280335e-01
    9.28357840e-01 9.34463799e-01 9.35358644e-01 5.38132548e-01
    8.14720690e-01 4.07656997e-01 7.66616583e-01 3.46055150e-01
    4.33897644e-01 7.66795993e-01 6.88057303e-01 4.36460376e-02
    5.85379183e-01 4.79991466e-01 3.27321112e-01 8.83731246e-03
    6.37611628e-01 6.03854954e-02 3.47799420e-01 9.03045297e-01
    3.25575531e-01 5.45233369e-01 8.26005638e-02 2.41879225e-01
    9.34513390e-01 1.54533595e-01 7.81688869e-01 3.65406275e-01
    3.52003276e-01 1.95041418e-01 4.14203465e-01 4.75068837e-01
    8.35146904e-02 7.79382586e-01 7.17582226e-01 5.21202803e-01
    1.65271610e-01 6.18616104e-01 5.20488679e-01 3.62121046e-01
    3.10034811e-01 8.27115774e-01 3.95351887e-01 5.75049102e-01
    8.88217747e-01 2.74225533e-01 4.68639195e-01 5.80749989e-01
    1.34938776e-01 7.18387604e-01 4.99619782e-01 2.69977838e-01
    1.10914409e-02 6.26410782e-01 1.42004669e-01 1.58619940e-01
    4.92807388e-01 5.16259551e-01 3.76528531e-01 4.86797243e-01
    9.41726327e-01 4.17461038e-01 3.10427606e-01 3.85527402e-01
    3.00225854e-01 6.38358653e-01 8.18253279e-01 4.86735255e-01
    8.60909581e-01 9.15674448e-01 6.15657747e-01 6.87849224e-01
    8.48565400e-02 1.32622391e-01 4.47919160e-01 6.77559614e-01
    9.30776000e-01 4.90690827e-01 1.15512043e-01 3.37838411e-01
    1.33058429e-01 4.10763502e-01 9.95874405e-01 5.17899454e-01
    9.16967392e-01 8.70376468e-01 9.64726567e-01 1.73147619e-01
    4.05502766e-01 6.00129247e-01 7.24949121e-01 3.56383711e-01
    9.20210242e-01 6.38331473e-01 8.63034129e-02 5.65478206e-02
    2.81579554e-01 6.48072362e-01 2.18427002e-01 8.48464966e-01
    2.68262804e-01 7.68751025e-01 7.59684682e-01 1.72966719e-03
    5.46759725e-01 1.00753158e-01 3.36443484e-02 2.36691833e-02
    6.00178540e-01 7.64598966e-01 6.17446005e-01 6.08166993e-01
    1.65347278e-01 2.17812449e-01 7.50846744e-01 5.07338583e-01
    6.61383212e-01 5.72382689e-01 1.72634572e-01 4.60462421e-01
    2.57208109e-01 1.45066738e-01 6.77413762e-01 6.55558586e-01
    1.98630422e-01 6.88499629e-01 2.77021229e-02 1.66280389e-01
    5.48613071e-01 1.41063899e-01 9.19346333e-01 3.81645560e-02
    6.65558577e-02 2.65243351e-01 4.43800241e-01 9.18906331e-01
    3.32847536e-01 6.90016627e-01 1.06601685e-01 8.48081946e-01
    1.39156222e-01 3.67202878e-01 1.26663297e-01 6.15181684e-01
    2.79859602e-02 3.42113376e-01 4.10843879e-01 2.76927829e-01
    6.51890039e-03 6.22178078e-01 8.45682919e-02 8.02069664e-01
    6.40359819e-02 1.65613949e-01 3.84597301e-01 7.71496594e-01
    8.80730450e-02 3.60471368e-01 1.40712768e-01 4.60775584e-01
    3.23106349e-01 3.79454434e-01 8.24256361e-01 7.71842003e-01
    8.40106606e-01 2.52697766e-01 7.53553867e-01 4.75341976e-02
    1.77789718e-01 4.81385469e-01 8.84736896e-01 1.49053335e-03
    3.02001834e-03 1.76480711e-01 9.65918481e-01 3.39294612e-01
    8.60862017e-01 7.59976625e-01 1.55964792e-02 2.47680753e-01
    5.21188736e-01 3.61853838e-03 6.42983079e-01 4.75399643e-01
    8.46706986e-01 5.05167603e-01 5.62933683e-02 2.96761811e-01
    9.88731086e-01 2.23802090e-01 9.76666212e-01 8.00149441e-01
    9.65729773e-01 9.95803416e-01 5.25945544e-01 6.95335805e-01
    1.11465514e-01 6.38472438e-01 3.13089490e-01 7.54759073e-01
    4.37586248e-01 8.60672176e-01 3.57944816e-01 4.07938421e-01
    5.41934907e-01 1.30940020e-01 8.69006515e-02 8.07209253e-01
    6.36164963e-01 6.16971254e-02 8.05499911e-01 2.80361891e-01
    5.98248422e-01 3.85533869e-02 4.61756021e-01 2.91444242e-01
    7.75422037e-01 3.30234170e-02 8.26541781e-01 6.23661160e-01
    9.07657802e-01 3.48636866e-01 6.94229960e-01 1.25256807e-01
    5.16602516e-01 6.46245003e-01 5.20687163e-01 5.79671979e-01
    4.89856362e-01 4.87878710e-01 5.96796155e-01 7.15724528e-02
    5.22848904e-01 3.43581319e-01 4.79865104e-01 9.87284899e-01
    6.67878926e-01 3.91736478e-01 6.92471087e-01 1.95757121e-01
    1.94770724e-01 6.43603861e-01 2.86792517e-01 5.92270494e-01
    1.47992671e-01 4.39583302e-01 8.82995367e-01 3.15250397e-01
    6.60984755e-01 2.70047247e-01 9.29515541e-01 3.84304643e-01
    4.37585413e-02 6.16251469e-01 3.26921523e-01 9.86633897e-01
    2.46038169e-01 2.99609333e-01 7.44974613e-03 4.59978670e-01
    1.09157592e-01 2.34129786e-01 2.71486670e-01 6.25754654e-01
    3.35087776e-01 2.45387197e-01 3.27021182e-01 4.72425580e-01
    6.14287734e-01 8.61551762e-02 6.63640440e-01 9.93637443e-01
    1.51409745e-01 3.80224645e-01 5.77180088e-02 7.59943128e-01
    1.71627849e-01 6.55030131e-01 5.32043815e-01 4.47314858e-01
    9.35919046e-01 3.49787802e-01 9.42581415e-01 2.13465661e-01
    6.59439027e-01 4.52377290e-01 4.08858478e-01 2.70089090e-01
    1.98211312e-01 6.14162147e-01 9.07940745e-01 6.33358479e-01
    4.07669097e-01 9.15120244e-01 2.48663038e-01 4.69740778e-01
    9.39021051e-01 2.94424057e-01 7.71943927e-01 6.45898283e-02
    5.77582479e-01 4.91066128e-01 4.54290092e-01 8.66679728e-01
    1.74518883e-01 2.24416256e-01 5.07346332e-01 1.55839831e-01
    5.55858612e-02 4.94055808e-01 4.81200218e-02 4.50326532e-01
    5.06938696e-01 5.82589746e-01 6.25832915e-01 4.67541695e-01
    4.08074200e-01 4.20448482e-01 2.45710880e-01 3.63012075e-01
    7.93712974e-01 4.98779178e-01 6.11778855e-01 7.82280564e-02
    8.02793980e-01 7.18964636e-02 2.91890442e-01 5.62154651e-01
    4.80379730e-01 2.93729991e-01 1.82011425e-01 3.61221313e-01
    8.99650812e-01 5.37260234e-01 1.72262788e-01 9.89759326e-01
    3.53979945e-01 9.42283392e-01 1.66424185e-01 6.60680175e-01
    4.47119474e-02 8.72785151e-01 2.37926245e-01 7.21109748e-01
    2.06157029e-01 1.01454318e-01 4.02372062e-01 7.79602647e-01
    6.04938805e-01 5.19479275e-01 6.12997830e-01 1.55391693e-02
    3.04855198e-01 9.55919623e-01 5.94884217e-01 1.29219472e-01
    5.91596484e-01 3.21164161e-01 1.49748594e-01 9.50765133e-01
    6.03294075e-01 8.21783781e-01 8.94251883e-01 5.97604513e-01
    4.82854992e-01 4.95057702e-02 4.31950152e-01 3.60368460e-01
    6.20140910e-01 5.75860500e-01 9.66586947e-01 4.95812237e-01
    9.29381609e-01 4.77804005e-01 4.70470876e-01 6.51162267e-01
    1.18573785e-01 1.61188602e-01 5.21578193e-01 1.93885803e-01
    2.85436511e-01 5.67817807e-01 7.06522524e-01 5.68617105e-01
    1.61671042e-01 8.00711751e-01 4.41387922e-01 1.88271940e-01
    4.43088114e-01 7.36682236e-01 8.42668653e-01 7.82604456e-01
    3.42509598e-01 2.46701300e-01 2.52627969e-01 2.93936551e-01
    9.14367914e-01 1.35026395e-01 3.55649233e-01 6.02021337e-01
    5.88753462e-01 6.38435483e-01 5.64340532e-01 7.81116128e-01
    6.19535148e-01 1.17014617e-01 4.89122570e-01 2.58350313e-01
    8.74743760e-01 9.56262708e-01 2.43240327e-01 2.68419206e-01
    1.39547825e-01 6.31622910e-01 7.78005838e-01 2.18326420e-01
    7.47406960e-01 9.78970408e-01 4.33327436e-01 1.52160674e-01
    8.03523898e-01 5.56935966e-01 1.38357908e-01 8.79943371e-01
    9.59951758e-01 3.45955491e-01 5.11694252e-02 8.39349151e-01
    4.09223467e-01 6.42373085e-01 7.25412726e-01 9.37667847e-01
    3.19556355e-01 9.80655491e-01 1.49947971e-01 3.44372332e-01
    2.95742154e-01 3.40187550e-03 4.78686988e-02 6.76313818e-01
    3.83060873e-01 2.73990333e-02 1.02334023e-01 6.31390810e-01
    4.78000134e-01 7.13665724e-01 9.59881306e-01 9.67213750e-01
    5.01666844e-01 7.42754936e-01 7.92329848e-01 2.84630924e-01
    3.99621129e-01 9.41733003e-01 8.25090051e-01 2.33308583e-01
    9.82661486e-01 7.24920094e-01 4.47876871e-01 3.95836264e-01
    2.18973786e-01 8.86893213e-01 4.70346183e-01 9.04856443e-01
    3.14984381e-01 6.23891115e-01 9.78386164e-01 2.31779426e-01
    4.32232201e-01 9.27937984e-01 8.77442956e-01 9.69167888e-01
    9.97123182e-01 2.41370529e-01 2.73364484e-01 1.20400250e-01
    2.43322462e-01 8.14714432e-02 2.02172160e-01 1.84283882e-01
    5.16602516e-01 6.46245003e-01 5.20687163e-01 5.79671979e-01
    4.89856362e-01 4.87878710e-01 5.96796155e-01 7.15724528e-02
    5.22848904e-01 3.43581319e-01 4.79865104e-01 9.87284899e-01
    6.67878926e-01 3.91736478e-01 6.92471087e-01 1.95757121e-01
    2.94578671e-01 8.11194062e-01 4.30605710e-01 8.78443718e-01
    1.12063646e-01 3.50841880e-01 9.43313718e-01 3.53006810e-01
    9.31841493e-01 4.79099154e-01 8.92477751e-01 9.01642740e-02
    2.75403321e-01 8.21790695e-01 8.44224751e-01 1.49888486e-01
    4.65042531e-01 4.80642110e-01 1.27004802e-01 4.99638319e-01
    3.36919069e-01 8.11951160e-01 9.76574540e-01 4.04639304e-01
    3.60371083e-01 1.55164897e-01 9.76614952e-02 5.32059968e-02
    3.89388204e-02 7.07326829e-02 3.38751197e-01 4.90799159e-01
    6.54957592e-01 9.93501961e-01 1.85487777e-01 7.73001313e-02
    6.83074296e-02 5.16249180e-01 8.25060844e-01 9.24245715e-01
    3.22968066e-02 7.86116600e-01 6.45019531e-01 9.05475497e-01
    4.83133197e-02 4.99749601e-01 3.59389156e-01 4.75059718e-01
    1.17185533e-01 8.70402455e-01 2.65392989e-01 5.30740201e-01
    6.99926436e-01 9.10465360e-01 2.28639543e-02 7.64935136e-01
    7.89214253e-01 5.11166453e-02 3.78380746e-01 3.29113066e-01
    2.12173462e-01 6.89392984e-01 8.68414640e-02 3.86170924e-01
    9.27804232e-01 6.35866404e-01 4.98066425e-01 5.37961364e-01
    2.98823029e-01 8.85151207e-01 8.32388878e-01 1.86322927e-01
    7.81136155e-01 5.41085422e-01 6.28194213e-01 9.41981435e-01
    6.68560505e-01 4.03646529e-02 7.79265583e-01 2.62461185e-01
    3.71754408e-01 9.80462909e-01 6.51171803e-02 7.98503578e-01
    3.58194947e-01 3.01429629e-01 2.39747077e-01 6.81353807e-02
    4.46566671e-01 1.50172621e-01 5.34767151e-01 3.61760616e-01
    8.75621557e-01 7.48861194e-01 1.11627012e-01 2.42922068e-01
    2.09894955e-01 7.75499701e-01 9.55071449e-01 9.68389869e-01
    1.41336232e-01 2.70107925e-01 6.08590126e-01 9.98805821e-01
    7.79239058e-01 7.03504562e-01 6.99867904e-01 1.73519075e-01
    1.91863239e-01 5.76260090e-01 4.20656502e-02 4.16325599e-01
    9.91371810e-01 6.25178039e-01 2.88674235e-03 4.40740466e-01
    7.43761122e-01 2.75462329e-01 1.11416876e-02 8.77523184e-01
    5.49269319e-02 3.14659953e-01 6.27620220e-01 5.86077392e-01
    7.01498806e-01 9.36551571e-01 6.03466570e-01 4.35334831e-01
    9.34245646e-01 5.85815310e-01 6.46535218e-01 3.30469549e-01
    1.62531674e-01 4.03436065e-01 1.97807044e-01 1.80423439e-01
    5.15461206e-01 1.12272173e-01 7.27346838e-01 3.19224805e-01
    9.28321183e-01 3.19360733e-01 2.72195160e-01 7.75990009e-01
    9.64015007e-01 4.77697015e-01 1.13706857e-01 3.30950052e-01
    4.39392775e-01 8.32732439e-01 1.34124160e-01 3.09060305e-01
    5.71661413e-01 9.91251469e-01 1.97165191e-01 2.33515799e-02
    6.39283299e-01 6.46939218e-01 2.26823449e-01 5.57927191e-01
    5.52536786e-01 1.96345210e-01 2.03550965e-01 8.37865472e-01
    2.95971751e-01 6.50624454e-01 2.95609623e-01 7.21790433e-01
    9.08803701e-01 8.61248553e-01 2.14145213e-01 3.75377893e-01
    6.08323216e-02 9.92258370e-01 8.22270393e-01 1.16732121e-01
    8.28202784e-01 4.73503798e-01 7.27704108e-01 6.31987751e-01
    5.16393304e-01 5.65672100e-01 2.48562217e-01 7.00750947e-01
    7.54993737e-01 3.02484930e-01 1.62137449e-02 8.48323107e-01
    3.49730194e-01 8.21319103e-01 1.42360657e-01 9.85921741e-01
    6.76920176e-01 1.74688667e-01 1.31169677e-01 1.76669389e-01
    1.26637995e-01 2.01646626e-01 7.31702447e-01 9.90720332e-01
    5.47490835e-01 8.49866509e-01 9.50897098e-01 7.59496808e-01
    4.54961419e-01 5.98887503e-01 5.42452395e-01 8.63276124e-02
    3.56109738e-02 3.06905150e-01 1.82088643e-01 9.32915926e-01
    3.71911228e-02 3.21213126e-01 2.91489214e-01 8.39779854e-01
    3.83512795e-01 8.89493942e-01 3.20832461e-01 4.57090497e-01
    6.20895028e-01 9.75344777e-01 1.15560412e-01 5.87163925e-01
    1.59267336e-01 4.07624960e-01 1.95424676e-01 7.20155001e-01
    3.60369563e-01 2.74037421e-02 4.88372594e-01 8.62995267e-01
    4.47355926e-01 7.94101000e-01 6.06690586e-01 9.49661195e-01
    7.95433760e-01 6.02061510e-01 9.32585657e-01 7.06923068e-01
    7.98096418e-01 5.57419360e-01 2.69935906e-01 5.76222539e-01
    2.45773077e-01 7.37769246e-01 4.47391272e-02 6.75043225e-01
    7.60335445e-01 2.94834316e-01 6.81954741e-01 4.06780332e-01
    7.74516106e-01 4.90474701e-02 6.68214619e-01 8.70614171e-01
    2.94578671e-01 8.11194062e-01 4.30605710e-01 8.78443718e-01
    1.12063646e-01 3.50841880e-01 9.43313718e-01 3.53006810e-01
    9.31841493e-01 4.79099154e-01 8.92477751e-01 9.01642740e-02
    2.75403321e-01 8.21790695e-01 8.44224751e-01 1.49888486e-01
    5.36149919e-01 3.04008216e-01 5.39953768e-01 2.26472348e-01
    7.25148797e-01 1.38235956e-01 1.08855069e-01 2.32071698e-01
    7.32720196e-02 9.01436448e-01 6.72492921e-01 8.94111037e-01
    9.67955470e-01 2.44244337e-02 4.25533324e-01 4.14732575e-01
    4.14652467e-01 2.01197267e-02 9.72782493e-01 9.14651871e-01
    5.38126886e-01 3.36073905e-01 3.28332841e-01 7.16641486e-01
    1.30624175e-01 1.52363479e-02 3.34300488e-01 1.24153495e-02
    5.17905474e-01 3.99357885e-01 1.65700585e-01 4.22554076e-01
    6.62117183e-01 2.56124496e-01 4.85314518e-01 5.87530375e-01
    4.31766212e-01 3.77494812e-01 9.67579067e-01 1.98904574e-02
    4.61859554e-01 3.61837089e-01 9.64614630e-01 6.41588569e-01
    7.14050829e-01 7.15176702e-01 7.98321843e-01 5.83446026e-01
    2.15986878e-01 8.15544248e-01 1.02338165e-01 8.76759052e-01
    3.05276543e-01 4.14060980e-01 7.66382515e-02 2.46472359e-01
    4.27989781e-01 5.65199554e-01 5.45675993e-01 4.54741627e-01
    3.17278504e-01 3.72741789e-01 4.30191427e-01 2.30685890e-01
    7.61884689e-01 1.24350041e-01 8.71167183e-02 3.09591234e-01
    9.47518110e-01 7.77921081e-01 4.20598686e-02 1.39956117e-01
    2.63206393e-01 4.64512944e-01 9.84465420e-01 5.62009931e-01
    9.07225966e-01 9.69584942e-01 1.54559076e-01 1.52013928e-01
    2.32598662e-01 8.38677883e-01 9.98799682e-01 8.01207662e-01
    7.81394124e-01 2.56167978e-01 8.97695065e-01 4.41190571e-01
    1.89730197e-01 2.82762021e-01 7.36261010e-01 3.82384032e-01
    2.86206424e-01 7.90742755e-01 5.93264461e-01 7.58331060e-01
    9.66373801e-01 7.17915773e-01 3.87431264e-01 8.42613816e-01
    4.68335509e-01 1.58660680e-01 7.45758116e-01 2.75522053e-01
    9.90787506e-01 7.29291260e-01 8.14891040e-01 9.44524407e-01
    4.28956777e-01 3.51461798e-01 8.61073017e-01 1.73560083e-01
    2.15878636e-01 2.82259762e-01 2.56469011e-01 2.76335955e-01
    3.20533872e-01 6.36836529e-01 4.48433071e-01 4.72100586e-01
    9.69440699e-01 4.94302601e-01 2.01963186e-02 2.83635497e-01
    6.44595861e-01 4.13164228e-01 7.65674829e-01 5.26040971e-01
    4.00531024e-01 2.01422989e-01 2.57349014e-01 4.11037207e-01
    1.48688465e-01 7.42979884e-01 6.33295178e-01 7.79143572e-02
    6.17488384e-01 8.38661909e-01 8.36880922e-01 3.41754794e-01
    2.10090518e-01 2.30947256e-01 6.59619153e-01 1.57499850e-01
    6.99395001e-01 8.73034418e-01 6.29297316e-01 1.10274673e-01
    7.92551041e-03 7.80348659e-01 9.47372675e-01 7.79484272e-01
    6.35573983e-01 3.33064497e-01 9.09320712e-01 2.12442130e-01
    7.54706621e-01 9.92706776e-01 1.99681222e-01 2.88320184e-01
    3.41436267e-02 8.73543262e-01 6.64653063e-01 2.60057062e-01
    5.12653649e-01 7.02340126e-01 6.59370363e-01 5.96681416e-01
    8.68184805e-01 2.55827188e-01 5.11775136e-01 3.71776760e-01
    1.62266314e-01 2.89215386e-01 4.73352790e-01 8.37959170e-01
    6.17591560e-01 9.36288953e-01 4.83103096e-01 6.38883412e-02
    2.04358965e-01 6.66300178e-01 3.16441894e-01 6.79113388e-01
    6.99977636e-01 7.45675564e-01 5.96358776e-01 6.36579692e-01
    6.30685091e-01 1.94894373e-02 8.22992682e-01 2.27777869e-01
    2.91858256e-01 4.32596385e-01 7.93310761e-01 5.17968535e-01
    2.10836887e-01 9.49112475e-02 7.27838397e-01 6.02037847e-01
    8.46766531e-02 4.14228231e-01 2.18962550e-01 5.62967181e-01
    2.15354562e-03 7.43806481e-01 4.03342307e-01 8.84523392e-01
    9.38913703e-01 8.81900787e-01 8.74045074e-01 4.08062160e-01
    8.87951374e-01 8.68529558e-01 3.18668306e-01 5.14777124e-01
    8.46859634e-01 5.98437548e-01 3.00354838e-01 3.90758634e-01
    9.20626521e-03 3.94223034e-02 6.87060118e-01 8.78936052e-01
    9.98392403e-01 6.83635592e-01 1.98477507e-03 8.88490260e-01
    7.69756198e-01 4.84751076e-01 5.35760462e-01 6.27956271e-01
    5.24736464e-01 6.71889484e-01 2.57994533e-01 3.40195298e-01
    2.79445589e-01 8.97586465e-01 6.63964748e-01 2.75001466e-01
    2.40851700e-01 9.02006328e-01 2.78263390e-01 7.17362761e-01
    8.63238335e-01 9.78504539e-01 8.68888021e-01 7.54475296e-02
    7.97924399e-01 9.02892470e-01 8.37695837e-01 6.24180079e-01
    5.36358893e-01 7.15019703e-01 7.04686642e-02 6.51452184e-01
    5.36149919e-01 3.04008216e-01 5.39953768e-01 2.26472348e-01
    7.25148797e-01 1.38235956e-01 1.08855069e-01 2.32071698e-01
    7.32720196e-02 9.01436448e-01 6.72492921e-01 8.94111037e-01
    9.67955470e-01 2.44244337e-02 4.25533324e-01 4.14732575e-01
    9.21912432e-01 5.21659851e-02 3.19944590e-01 5.63805461e-01
    9.95701730e-01 1.17132336e-01 8.73705983e-01 4.65759605e-01
    2.05844790e-01 7.92208433e-01 9.38421965e-01 1.08637035e-01
    8.15485537e-01 1.96192384e-01 5.40173709e-01 7.88253546e-01
    3.92562419e-01 7.49417543e-01 6.66151404e-01 5.22174597e-01
    9.43780541e-02 6.53560460e-01 2.12238431e-02 8.08566093e-01
    6.25964165e-01 7.33784914e-01 3.13341111e-01 3.83427173e-01
    7.85311818e-01 1.80646598e-01 9.98372495e-01 9.11421657e-01
    2.84700453e-01 8.00541401e-01 5.45643985e-01 2.93127269e-01
    5.24447024e-01 1.60516769e-01 3.57843637e-02 5.11615872e-01
    5.59263527e-01 5.23051322e-01 6.78395748e-01 4.06766117e-01
    2.93321371e-01 6.85732126e-01 8.49225879e-01 1.03327900e-01
    2.08854973e-01 4.56962556e-01 6.35240197e-01 8.57793868e-01
    3.10785234e-01 8.09326768e-02 3.78950208e-01 9.45590138e-01
    8.17615449e-01 1.65129900e-02 2.37274975e-01 7.38600850e-01
    8.33633661e-01 2.89952159e-02 9.40890014e-02 4.46650982e-01
    1.41355455e-01 4.06126499e-01 8.70457888e-02 7.80175388e-01
    6.59751654e-01 2.66013891e-01 9.61847425e-01 3.97264659e-01
    2.93841898e-01 2.52950251e-01 9.58004832e-01 4.25580114e-01
    1.13899112e-01 8.09098601e-01 9.99629617e-01 1.23916358e-01
    1.98838055e-01 7.68455863e-03 4.69580323e-01 4.85214055e-01
    9.16225314e-02 2.95711011e-01 9.31805015e-01 2.53727078e-01
    4.29808080e-01 7.05836654e-01 9.23592448e-02 1.78911626e-01
    7.96783566e-01 3.91932547e-01 3.44958931e-01 8.50148559e-01
    9.99242783e-01 3.83846998e-01 3.33554745e-01 2.77964681e-01
    2.94505328e-01 9.52924967e-01 6.24778152e-01 5.45630753e-01
    2.46568173e-01 3.91619861e-01 7.23003507e-01 8.61830235e-01
    7.63899684e-02 7.95667171e-01 7.12064862e-01 4.01917815e-01
    8.88414741e-01 7.73193240e-01 1.40531659e-02 6.03152573e-01
    9.18887317e-01 2.85403490e-01 6.86460733e-03 6.78635240e-01
    2.05588520e-01 2.52684772e-01 1.01138175e-01 1.50750309e-01
    3.18906337e-01 2.34822482e-01 7.13837802e-01 4.10862386e-01
    3.35448682e-02 3.13293397e-01 2.24739641e-01 9.92379487e-01
    6.60931349e-01 1.89745545e-01 5.26672363e-01 3.56719851e-01
    9.14447784e-01 5.63271821e-01 6.44476295e-01 9.56484020e-01
    1.30248219e-01 5.09774506e-01 2.45822072e-02 6.63450122e-01
    3.60887051e-01 6.77396595e-01 6.78415477e-01 2.72086710e-01
    3.33054841e-01 7.20720649e-01 7.19870567e-01 2.49787867e-02
    1.26465142e-01 3.94491911e-01 3.89930844e-01 4.85857129e-01
    8.19377005e-01 4.98515874e-01 6.60030961e-01 6.31813109e-01
    5.73874474e-01 4.17707443e-01 3.70948732e-01 6.47020876e-01
    7.90406466e-01 2.23803669e-01 2.85313398e-01 5.91395497e-01
    4.92026597e-01 3.96632552e-02 1.58900619e-01 9.73677993e-01
    9.78602171e-02 8.45078468e-01 7.71344185e-01 9.55137014e-01
    9.29468334e-01 3.69473815e-01 7.65388012e-01 2.50838757e-01
    3.43791306e-01 4.36871767e-01 7.84813762e-01 9.17607427e-01
    5.16322553e-01 4.81305629e-01 5.45498073e-01 6.94519877e-01
    2.98643649e-01 4.13577616e-01 9.07757044e-01 6.19163454e-01
    6.93398118e-01 2.93868899e-01 3.41104269e-01 7.15930164e-01
    8.61949146e-01 7.41281748e-01 9.68621969e-01 5.34389257e-01
    4.90017861e-01 7.82529354e-01 1.56093836e-02 9.67541873e-01
    9.52153325e-01 6.65749311e-01 8.90476704e-01 6.14669025e-01
    5.97928762e-02 3.93379986e-01 8.00391912e-01 7.48625636e-01
    1.66731566e-01 8.57557774e-01 7.26460755e-01 7.83788383e-01
    7.98936546e-01 5.97011387e-01 9.90886569e-01 8.04764628e-01
    3.93439561e-01 3.99647355e-01 4.77288604e-01 3.70877922e-01
    5.21150827e-01 9.78101552e-01 8.75663400e-01 2.23785967e-01
    7.39133060e-01 2.57997811e-01 7.49127030e-01 8.61138463e-01
    5.53906083e-01 3.27589244e-01 3.58084321e-01 8.02762687e-01
    8.04244697e-01 8.07134628e-01 5.13400614e-01 8.87179434e-01
    1.18297964e-01 2.62963384e-01 6.55903518e-01 7.46567726e-01
    3.65279615e-02 1.95470482e-01 4.62347746e-01 5.12296081e-01
    7.61914372e-01 5.27683496e-01 3.75059694e-01 7.15219975e-02
    8.76953602e-01 2.13069499e-01 4.66099709e-01 5.21170735e-01
    9.21912432e-01 5.21659851e-02 3.19944590e-01 5.63805461e-01
    9.95701730e-01 1.17132336e-01 8.73705983e-01 4.65759605e-01
    2.05844790e-01 7.92208433e-01 9.38421965e-01 1.08637035e-01
    8.15485537e-01 1.96192384e-01 5.40173709e-01 7.88253546e-01
    9.32334244e-01 8.62193406e-02 3.05486500e-01 9.26134825e-01
    3.33569378e-01 5.00669181e-01 8.67789388e-01 4.95105982e-03
    2.50364542e-02 4.66801286e-01 1.37147427e-01 3.07750702e-01
    4.72157389e-01 6.80755734e-01 8.18467617e-01 6.18489265e-01
    8.56191993e-01 1.53338313e-01 8.13124359e-01 1.94454759e-01
    1.72206759e-01 6.67072237e-01 3.03081781e-01 6.28114820e-01
    1.73247606e-01 4.00676727e-02 3.34663093e-01 8.56113851e-01
    5.70824444e-01 6.82418823e-01 2.21847862e-01 2.15345472e-01
    9.57572579e-01 6.05817676e-01 5.41112363e-01 8.89769197e-01
    8.22544813e-01 8.08246255e-01 5.15847325e-01 6.42148852e-01
    3.94362211e-02 9.96131718e-01 8.91433954e-01 9.56663489e-01
    4.24423575e-01 1.63211465e-01 9.45327103e-01 6.23530626e-01
    6.78457379e-01 9.52364564e-01 2.02918440e-01 1.37167841e-01
    7.95326471e-01 3.37213159e-01 5.09710789e-01 5.98139942e-01
    7.08212852e-02 4.91558462e-01 6.32801831e-01 3.16285551e-01
    5.96755147e-02 4.47387159e-01 3.07204008e-01 4.24126685e-02
    3.17186117e-01 9.43533480e-02 3.65041792e-02 7.68625498e-01
    4.12664115e-01 7.49488354e-01 2.95253873e-01 5.64128637e-01
    3.35806966e-01 9.70181525e-01 5.15157044e-01 4.31369543e-02
    8.06063414e-01 7.54316926e-01 3.91300738e-01 9.33399260e-01
    1.60254538e-01 3.68852377e-01 2.16210186e-01 2.58786976e-01
    4.13331896e-01 9.95835364e-01 7.97386050e-01 6.93030655e-02
    7.54309654e-01 8.37114036e-01 5.19844949e-01 5.63502312e-01
    5.06629348e-01 4.98093545e-01 5.57422280e-01 7.44260848e-01
    6.83881342e-02 9.05329227e-01 3.20798874e-01 4.01289612e-01
    6.35529757e-01 4.26470131e-01 5.23736715e-01 6.09719157e-01
    7.44087934e-01 8.74988794e-01 7.25650907e-01 2.87184894e-01
    1.99747562e-01 1.27925217e-01 1.07198864e-01 4.51512337e-01
    2.06781477e-01 7.81932831e-01 9.24431860e-01 4.11530256e-01
    7.73206413e-01 5.48191905e-01 2.97849476e-02 4.57954735e-01
    3.32940817e-02 1.53064132e-02 2.40993440e-01 9.69592571e-01
    3.54687214e-01 5.48346162e-01 9.72685814e-01 6.32601619e-01
    1.58604681e-02 6.15144134e-01 8.41232836e-01 2.60798812e-01
    5.78592658e-01 5.48548758e-01 9.79451895e-01 4.57312614e-01
    8.10065627e-01 5.07233143e-01 4.29739356e-01 1.28025621e-01
    4.20123518e-01 6.08576179e-01 2.63278544e-01 7.66552389e-01
    8.37660432e-01 6.59552515e-01 5.89709342e-01 6.26583099e-01
    4.64485019e-01 7.26919889e-01 8.53751659e-01 3.61718744e-01
    1.50273561e-01 7.09597647e-01 9.33577895e-01 8.80898833e-02
    4.66047376e-01 3.97159696e-01 5.39236069e-02 7.63033807e-01
    4.41574037e-01 7.84102201e-01 7.07246304e-01 8.11520696e-01
    3.13650548e-01 8.30231607e-02 2.33023733e-01 5.64589024e-01
    3.19974571e-01 1.51767015e-01 2.96424121e-01 6.38103426e-01
    6.89897060e-01 5.87242842e-03 4.68895584e-01 2.41203517e-01
    3.34743559e-01 7.43157804e-01 2.20707059e-01 5.43158829e-01
    9.97208655e-01 7.40366220e-01 3.45086157e-01 1.86023474e-01
    2.52395481e-01 3.90692264e-01 5.28450191e-01 7.95579851e-02
    3.45894992e-01 2.12174296e-01 7.48177171e-01 2.82115012e-01
    4.35040593e-01 1.38345480e-01 9.22788620e-01 4.76607621e-01
    8.10409665e-01 7.65713215e-01 6.12923503e-03 9.84351277e-01
    5.87932348e-01 6.08829379e-01 9.23465967e-01 8.63754272e-01
    8.12350452e-01 2.22739041e-01 4.08329666e-01 6.00308716e-01
    6.30972683e-01 5.88765860e-01 2.90809929e-01 9.06507730e-01
    7.32976854e-01 2.88051784e-01 2.51680553e-01 4.70733047e-01
    7.94207454e-01 3.96919638e-01 6.58620119e-01 5.95264733e-02
    6.72751963e-01 7.60275424e-02 6.86256647e-01 1.04633540e-01
    1.39764756e-01 5.63662052e-02 4.26180303e-01 4.41972911e-02
    8.84006500e-01 3.63717198e-01 8.81589055e-01 3.74626815e-02
    2.06916779e-01 8.68321896e-01 9.41321850e-01 2.97201484e-01
    8.19798827e-01 9.78644490e-01 9.60294306e-01 9.40212250e-01
    4.85810429e-01 6.87614024e-01 8.17560852e-01 6.56704307e-01
    7.68913746e-01 5.25886774e-01 8.79907191e-01 4.08663750e-02
    6.83539510e-01 9.00627911e-01 5.33864439e-01 5.01946807e-01
    5.95599830e-01 3.15758139e-01 7.26995707e-01 9.34255123e-01
    9.32334244e-01 8.62193406e-02 3.05486500e-01 9.26134825e-01
    3.33569378e-01 5.00669181e-01 8.67789388e-01 4.95105982e-03
    2.50364542e-02 4.66801286e-01 1.37147427e-01 3.07750702e-01
    4.72157389e-01 6.80755734e-01 8.18467617e-01 6.18489265e-01
    2.78589249e-01 4.83660161e-01 1.79393709e-01 3.50959241e-01
    5.44118881e-01 8.73415112e-01 2.67424285e-01 5.77130020e-01
    7.37871349e-01 8.05099487e-01 2.51348376e-01 2.21060604e-01
    4.01988804e-01 6.75191104e-01 1.42810345e-01 2.64615268e-01
    8.64271402e-01 2.42724091e-01 3.39491010e-01 7.15771377e-01
    4.82349396e-01 4.60624576e-01 1.05620950e-01 1.87157393e-02
    7.94376671e-01 4.61280346e-03 3.27469856e-01 5.07948756e-01
    4.35104370e-01 5.67867100e-01 6.20297194e-01 6.30564094e-01
    2.78109431e-01 9.22131419e-01 7.28422642e-01 3.77486348e-02
    7.61517107e-01 8.08018684e-01 8.83584678e-01 8.64627957e-01
    9.51284409e-01 7.22713768e-02 5.39346278e-01 6.25921011e-01
    7.51812577e-01 4.58689421e-01 2.27077156e-01 3.37535024e-01
    8.12839627e-01 4.46678400e-02 2.79189944e-01 5.74078619e-01
    1.81333899e-01 1.97610378e-01 6.88965559e-01 1.90672129e-01
    8.79223704e-01 1.54439509e-01 6.72322690e-01 2.48875111e-01
    1.17987394e-04 9.66551304e-01 3.52924079e-01 3.58879417e-01
    5.72721958e-02 8.99698853e-01 5.99470854e-01 4.19312716e-02
    3.97137493e-01 9.84506249e-01 7.74969339e-01 3.65154684e-01
    4.16236788e-01 3.94986868e-02 2.97348231e-01 9.12105560e-01
    1.41765743e-01 5.47094882e-01 6.63670301e-02 3.46896887e-01
    8.89447331e-03 3.21068913e-01 1.85169488e-01 7.27891922e-04
    1.28914803e-01 6.84808433e-01 1.90240383e-01 9.25328732e-01
    3.71324182e-01 7.41050661e-01 4.58794236e-02 1.84206009e-01
    7.17740536e-01 3.95132780e-01 3.02001834e-02 7.65670538e-01
    2.67886639e-01 5.66326380e-01 9.08064663e-01 5.95283508e-01
    7.31255531e-01 9.21916723e-01 4.79794025e-01 2.79852331e-01
    4.77935135e-01 8.44081879e-01 2.47444212e-01 1.27568364e-01
    1.06580049e-01 3.91112804e-01 4.54737604e-01 5.97165227e-02
    4.80956972e-01 2.83895671e-01 5.25022864e-01 6.55483484e-01
    4.94559586e-01 2.95508891e-01 6.02583528e-01 3.05204332e-01
    4.15698409e-01 6.41588688e-01 7.39536345e-01 2.03283012e-01
    1.03732258e-01 8.78985941e-01 7.69602180e-01 8.80288482e-01
    4.21488643e-01 3.55061829e-01 4.56982851e-01 8.78461301e-02
    3.03673446e-02 6.03271902e-01 2.44169921e-01 1.78158253e-01
    5.22723913e-01 7.32898891e-01 2.94195741e-01 2.42372036e-01
    6.09438419e-01 8.25222671e-01 5.62920511e-01 8.67447734e-01
    6.69848680e-01 2.07284570e-01 1.18025094e-01 9.79277670e-01
    4.37917352e-01 9.16987300e-01 3.72975767e-02 8.30396473e-01
    3.76698971e-02 2.58767247e-01 1.60487682e-01 4.93352532e-01
    8.10931146e-01 2.87108302e-01 8.96080732e-01 2.21166134e-01
    3.49888235e-01 9.18750882e-01 7.60572791e-01 3.75677228e-01
    7.00794756e-01 9.93047655e-01 5.29975057e-01 3.84451896e-01
    8.49578738e-01 3.54015350e-01 2.79377580e-01 2.40304172e-01
    8.92223239e-01 8.27657521e-01 5.28956711e-01 9.54456747e-01
    3.27371627e-01 5.27458489e-01 5.18809617e-01 4.84089434e-01
    8.72649550e-02 3.90086353e-01 6.11246228e-01 4.03128445e-01
    1.38047040e-01 3.16809714e-01 4.41934824e-01 7.70472646e-01
    6.89374447e-01 8.65351677e-01 2.70631671e-01 5.89555383e-01
    7.20101953e-01 5.28898180e-01 7.59307981e-01 6.65495217e-01
    7.39541352e-01 4.78188962e-01 1.09942764e-01 4.67483222e-01
    9.14482951e-01 8.53802025e-01 1.02909058e-01 4.74224210e-01
    4.27917033e-01 8.55402708e-01 9.13701296e-01 7.45439529e-01
    4.05736387e-01 6.11136913e-01 4.64214027e-01 3.71642619e-01
    6.09959662e-01 4.39707935e-01 9.82776403e-01 8.85488272e-01
    6.09529853e-01 7.91692615e-01 9.49513555e-01 9.01597977e-01
    1.70935571e-01 6.52072906e-01 1.01511478e-01 5.30877054e-01
    6.79284334e-01 6.77572012e-01 4.17376757e-01 8.19719315e-01
    2.17453867e-01 5.50996006e-01 8.84798527e-01 4.22967494e-01
    8.36329043e-01 3.92546356e-01 9.14417028e-01 7.61132240e-02
    2.17471421e-01 4.16460186e-01 3.44327807e-01 8.34200561e-01
    2.83716440e-01 2.58202583e-01 3.19760025e-01 8.71124744e-01
    5.49811363e-01 6.45188391e-01 4.44691122e-01 6.59394801e-01
    1.62847638e-02 1.26897067e-01 5.95550716e-01 5.89123964e-01
    6.86068416e-01 9.03357565e-02 5.24912834e-01 2.65215099e-01
    2.78589249e-01 4.83660161e-01 1.79393709e-01 3.50959241e-01
    5.44118881e-01 8.73415112e-01 2.67424285e-01 5.77130020e-01
    7.37871349e-01 8.05099487e-01 2.51348376e-01 2.21060604e-01
    4.01988804e-01 6.75191104e-01 1.42810345e-01 2.64615268e-01
    2.00627327e-01 9.82610822e-01 4.68598306e-01 9.55098987e-01
    6.67261124e-01 5.42710364e-01 8.44818592e-01 6.73349857e-01
    9.97996688e-01 3.93523932e-01 1.91652954e-01 4.80876505e-01
    3.55108440e-01 1.73942089e-01 7.97061324e-02 4.55216438e-01
    8.61285210e-01 7.96273351e-02 5.76667845e-01 7.66515851e-01
    9.31081295e-01 1.69644266e-01 1.38710290e-01 1.93525910e-01
    5.70739806e-02 6.63484097e-01 1.05937809e-01 7.56645203e-01
    6.32625043e-01 3.60047519e-01 1.10932589e-02 9.63544309e-01
    9.40629005e-01 4.11778212e-01 5.26556373e-03 3.90932739e-01
    5.82815111e-01 8.01904500e-01 2.17846751e-01 7.75272548e-01
    3.39588583e-01 9.57870007e-01 6.04851127e-01 3.17368180e-01
    5.26505351e-01 6.32132590e-01 5.46445489e-01 9.75958467e-01
    8.96901011e-01 7.34239817e-04 5.52415490e-01 7.81922936e-01
    5.81133842e-01 7.75794268e-01 4.03437942e-01 6.83570981e-01
    9.62701797e-01 3.62099141e-01 8.64494681e-01 1.75409317e-02
    4.77313250e-01 8.68853092e-01 9.53843713e-01 1.02467090e-01
    3.38817745e-01 5.77505350e-01 7.48504102e-01 3.58617187e-01
    3.46422315e-01 5.58725953e-01 3.97370666e-01 6.63372338e-01
    6.59806848e-01 2.84868330e-01 6.63388252e-01 4.51261282e-01
    4.42337602e-01 8.78096282e-01 9.23605204e-01 3.20759773e-01
    3.52212250e-01 6.80720866e-01 2.75205195e-01 5.99821866e-01
    2.77163357e-01 3.57199907e-01 5.18830717e-01 9.42865491e-01
    4.61322576e-01 7.36471295e-01 2.51929283e-01 3.71740818e-01
    3.64903688e-01 4.81169969e-01 8.49761605e-01 2.51254708e-01
    4.55993831e-01 7.49188542e-01 6.66969478e-01 5.06436765e-01
    6.16396725e-01 5.80563903e-01 2.57520914e-01 4.77074921e-01
    9.64263737e-01 2.28039026e-01 8.26153576e-01 8.62805605e-01
    7.39816904e-01 9.50935125e-01 8.05777073e-01 7.21750498e-01
    6.91226959e-01 4.66747582e-02 3.56252879e-01 8.00525784e-01
    5.91782331e-01 3.60444188e-02 8.04994106e-01 4.16193008e-01
    9.66235757e-01 6.94113791e-01 1.71689004e-01 1.50032729e-01
    1.07739538e-01 6.49680197e-01 4.97309387e-01 2.48452127e-02
    3.89304608e-01 5.13745606e-01 2.23866820e-01 1.72127694e-01
    3.07503760e-01 9.23637152e-01 8.49105239e-01 7.25331604e-01
    2.99862444e-01 3.52012396e-01 5.63471675e-01 8.02381456e-01
    2.02253282e-01 3.27963591e-01 5.82591712e-01 7.94869065e-02
    7.64745653e-01 8.62020373e-01 7.04164982e-01 8.21879685e-01
    5.41876137e-01 3.37949991e-02 7.25224137e-01 4.45339680e-02
    7.70645797e-01 5.97770393e-01 5.32687306e-02 6.73220158e-01
    2.80849308e-01 5.01847625e-01 6.99644387e-01 5.50862014e-01
    2.82181144e-01 1.74725860e-01 3.45399559e-01 5.15477240e-01
    9.36550379e-01 1.60691738e-02 8.99345398e-01 1.96825862e-01
    8.04348707e-01 3.54785800e-01 2.02604681e-01 4.69307125e-01
    7.76869059e-01 8.00912619e-01 7.06950843e-01 6.30365849e-01
    4.33677375e-01 5.06307781e-02 6.23166740e-01 6.07375503e-02
    6.30827785e-01 2.60996342e-01 8.76183748e-01 3.22420597e-02
    5.87561667e-01 2.58902073e-01 7.89886117e-02 1.71848834e-01
    8.69645536e-01 2.58152068e-01 1.32917225e-01 7.88276076e-01
    1.64349943e-01 8.27563524e-01 1.95340723e-01 2.23032147e-01
    5.58171928e-01 8.52125645e-01 2.64730215e-01 7.23837614e-01
    2.08539963e-01 1.34660244e-01 2.55614817e-02 6.58597648e-01
    2.02931315e-01 5.78567684e-01 7.12998748e-01 3.30220520e-01
    8.53229403e-01 4.60315526e-01 8.46835315e-01 2.50253886e-01
    7.09189475e-02 6.35841489e-03 2.29893178e-01 7.21647501e-01
    6.63073659e-01 8.04490447e-01 8.16825151e-01 7.03742981e-01
    8.27744544e-01 9.10668254e-01 1.15915209e-01 9.08482313e-01
    1.91082507e-01 7.31153727e-01 2.87563115e-01 9.57101822e-01
    8.47559810e-01 4.30257589e-01 7.75567651e-01 8.03819299e-01
    2.33782530e-01 7.32357800e-01 7.99208283e-01 8.29081774e-01
    3.55104744e-01 6.76238000e-01 4.83878016e-01 1.05574310e-01
    5.03026366e-01 5.57160914e-01 5.78644216e-01 6.48834944e-01
    2.39962518e-01 6.14764988e-01 7.39195108e-01 3.01722646e-01
    1.98616654e-01 4.20508921e-01 9.01384592e-01 8.35824132e-01
    7.00306535e-01 9.71200109e-01 7.07575977e-02 4.68443960e-01
    2.00627327e-01 9.82610822e-01 4.68598306e-01 9.55098987e-01
    6.67261124e-01 5.42710364e-01 8.44818592e-01 6.73349857e-01
    9.97996688e-01 3.93523932e-01 1.91652954e-01 4.80876505e-01
    3.55108440e-01 1.73942089e-01 7.97061324e-02 4.55216438e-01
    8.60503793e-01 5.65517008e-01 9.48733091e-01 3.88759404e-01
    5.65694392e-01 5.18406868e-01 4.83358234e-01 2.29558468e-01
    3.21359873e-01 2.68879801e-01 8.54555011e-01 9.25303817e-01
    3.61224711e-01 6.72016084e-01 9.21534121e-01 6.80005848e-01
    1.92715287e-01 5.50117552e-01 5.07403851e-01 8.33093762e-01
    6.06675267e-01 8.09242308e-01 1.51564330e-01 5.78208447e-01
    7.73350954e-01 7.29909956e-01 3.17625314e-01 5.12773097e-01
    7.80159652e-01 7.66109109e-01 7.47338116e-01 9.84009802e-01
    6.90334916e-01 3.42908412e-01 2.76398718e-01 9.48684812e-01
    8.17579806e-01 7.09481776e-01 3.58421087e-01 1.40481442e-01
    7.79511034e-02 4.22663033e-01 2.29185939e-01 9.27024722e-01
    7.56790578e-01 5.78286290e-01 5.80921113e-01 9.37433481e-01
    4.17687953e-01 1.60789490e-03 6.89948797e-01 7.39731908e-01
    6.73691094e-01 2.97641754e-02 5.31585097e-01 2.75626481e-02
    7.99525797e-01 4.73066598e-01 5.16800880e-01 8.05531621e-01
    8.41323435e-02 5.41570723e-01 2.25145072e-01 8.47350717e-01
    9.72166896e-01 1.81531996e-01 5.89596868e-01 3.57094109e-01
    4.76405382e-01 1.38195813e-01 4.08527523e-01 1.69797868e-01
    9.23293948e-01 3.05663079e-01 2.98523366e-01 8.56870830e-01
    1.48464382e-01 1.82643086e-01 3.96348268e-01 5.23702204e-01
    3.68648052e-01 7.78159797e-01 9.53573227e-01 8.02468061e-01
    6.52717352e-01 6.07501805e-01 6.56250834e-01 7.52343595e-01
    3.33437920e-02 7.58672655e-02 2.58460999e-01 1.23675555e-01
    9.42067742e-01 3.76864642e-01 6.29307508e-01 9.68911707e-01
    8.51849675e-01 1.59854233e-01 4.03732061e-02 9.39076006e-01
    8.97960424e-01 5.03964484e-01 8.35691333e-01 6.18770540e-01
    1.06078565e-01 8.55036736e-01 3.12325060e-02 9.70587969e-01
    8.21770430e-01 5.78938127e-01 4.50507551e-01 1.18427753e-01
    3.64058137e-01 4.40268457e-01 8.25743496e-01 2.41609454e-01
    6.92247033e-01 2.15599298e-01 9.30991411e-01 3.11026812e-01
    4.18957204e-01 6.54061139e-01 8.22677612e-01 6.25117719e-02
    7.93460965e-01 5.90332747e-02 2.09532112e-01 8.77321124e-01
    5.97268283e-01 6.34638786e-01 3.57582033e-01 1.93243921e-02
    7.28696942e-01 3.53474021e-02 5.65751672e-01 9.98263657e-01
    2.20765501e-01 1.11631125e-01 7.84610629e-01 8.19714189e-01
    3.41440976e-01 3.71536613e-02 5.20269096e-01 6.51854336e-01
    8.36916625e-01 2.92278767e-01 1.46866649e-01 8.54572058e-01
    4.73931074e-01 3.44077826e-01 8.29714954e-01 8.86198282e-01
    8.68813992e-02 6.23757720e-01 8.27252626e-01 7.38988698e-01
    5.38973689e-01 1.58690602e-01 3.83827478e-01 9.15026426e-01
    3.90813053e-02 1.40572786e-01 4.97441113e-01 5.85380554e-01
    3.43749106e-01 4.27351683e-01 4.69655514e-01 6.71799898e-01
    1.14883035e-01 6.60054028e-01 2.56932378e-02 1.95363015e-01
    9.60857213e-01 5.92901826e-01 3.41930181e-01 3.36338580e-02
    5.57937443e-01 1.64563447e-01 8.28016877e-01 1.49816632e-01
    4.16448504e-01 7.79099047e-01 9.20936763e-02 9.84795272e-01
    7.20632076e-01 8.95419419e-01 3.42663020e-01 5.39868832e-01
    4.61169541e-01 8.31907451e-01 4.76192594e-01 7.99647391e-01
    4.15918052e-01 6.67825818e-01 4.90853429e-01 6.59315228e-01
    6.62504613e-01 7.34963536e-01 7.59917557e-01 6.14115298e-02
    4.31205034e-02 2.41070956e-01 8.85691762e-01 5.15132070e-01
    2.46343344e-01 9.42538321e-01 6.40521348e-01 2.28959918e-02
    9.85847056e-01 4.66135889e-01 2.94215769e-01 9.06410813e-01
    6.75694823e-01 2.60653794e-01 9.35955048e-01 6.60277665e-01
    8.04783285e-01 5.73864698e-01 5.19308448e-01 7.94282079e-01
    2.65748382e-01 1.36649966e-01 7.82099724e-01 2.41845608e-01
    8.11547041e-01 6.14761710e-02 3.17276567e-01 8.55379224e-01
    1.26252234e-01 6.94240749e-01 1.18446141e-01 8.05513561e-01
    5.22122204e-01 2.81258911e-01 7.44571030e-01 7.28504539e-01
    6.49494052e-01 4.91181046e-01 3.89587760e-01 6.97875917e-01
    2.44250119e-01 9.99088049e-01 4.14159268e-01 1.10594034e-01
    6.18792951e-01 5.03074348e-01 1.33905411e-01 8.55868042e-01
    4.67248857e-01 6.01518571e-01 2.39264458e-01 1.36328757e-01
    8.68164897e-01 7.39952624e-01 6.05233133e-01 2.46536970e-01
    8.60503793e-01 5.65517008e-01 9.48733091e-01 3.88759404e-01
    5.65694392e-01 5.18406868e-01 4.83358234e-01 2.29558468e-01
    3.21359873e-01 2.68879801e-01 8.54555011e-01 9.25303817e-01
    3.61224711e-01 6.72016084e-01 9.21534121e-01 6.80005848e-01
    7.28317380e-01 8.97253573e-01 9.23347354e-01 8.65806937e-01
    4.93606865e-01 8.11298966e-01 3.75393122e-01 2.06467152e-01
    2.73322403e-01 9.69400346e-01 8.27735007e-01 4.90252703e-01
    9.95287597e-01 7.95105398e-02 7.87013769e-03 5.92811406e-02
    7.48921633e-01 2.07743078e-01 6.52975559e-01 4.75806922e-01
    1.65757626e-01 9.38497543e-01 4.06359702e-01 4.93347108e-01
    7.88515031e-01 2.55026191e-01 2.54629552e-02 8.49038720e-01
    1.62485212e-01 8.08049798e-01 8.89603138e-01 1.17006004e-02
    1.45038307e-01 5.75370014e-01 9.03371811e-01 5.89809418e-01
    3.51498157e-01 4.49760258e-01 5.52174449e-03 8.88188779e-02
    2.63363183e-01 5.58758855e-01 4.79960650e-01 3.48969340e-01
    5.41784942e-01 1.92513674e-01 1.04931712e-01 2.65687704e-03
    5.32221317e-01 2.11233705e-01 9.30467486e-01 6.17546260e-01
    4.25601572e-01 3.15882504e-01 3.72939736e-01 2.09455043e-01
    5.42640030e-01 8.05728197e-01 7.41985857e-01 2.99534887e-01
    2.60058820e-01 9.17180657e-01 1.56568766e-01 8.16975534e-02
    6.18796468e-01 1.73926473e-01 3.40440989e-01 3.69055867e-02
    4.86636162e-02 4.97422218e-01 2.49078393e-01 1.04218692e-01
    9.62637544e-01 7.33395040e-01 6.02161288e-01 9.71466184e-01
    7.15060830e-02 1.30790263e-01 8.55015278e-01 8.90464425e-01
    7.00732112e-01 7.74233639e-01 1.44138992e-01 2.08151788e-01
    4.38182861e-01 8.54993343e-01 3.09511781e-01 3.91791195e-01
    8.27344179e-01 7.47097731e-01 1.78681165e-01 7.35318005e-01
    7.38917351e-01 3.30567062e-02 5.33425808e-01 5.99606812e-01
    2.60362625e-01 9.48517919e-01 3.02822828e-01 2.11544871e-01
    7.85987079e-01 4.37896550e-02 2.24611580e-01 6.01688981e-01
    3.30532283e-01 6.31086349e-01 4.45924759e-01 9.32695985e-01
    3.58167291e-01 4.79617089e-01 8.10016751e-01 5.85641742e-01
    8.64468217e-01 1.72570944e-01 7.89462805e-01 5.01536012e-01
    2.25560874e-01 9.19743359e-01 4.78683561e-01 9.30615664e-02
    6.71653926e-01 6.70630515e-01 6.57441914e-02 5.71503818e-01
    4.22219515e-01 6.11014366e-01 7.37498283e-01 7.57796586e-01
    4.41503227e-01 1.09516293e-01 2.90194154e-02 9.50466752e-01
    2.85266519e-01 2.20968813e-01 4.25392032e-01 5.66236496e-01
    3.09117854e-01 4.46959376e-01 7.89074779e-01 4.70283926e-01
    5.58415055e-03 7.72398114e-02 1.66212052e-01 7.47171879e-01
    6.81282520e-01 9.02369618e-01 9.14851964e-01 3.46607000e-01
    6.04264140e-01 1.58159524e-01 1.56827867e-02 5.89755654e-01
    2.42527574e-01 7.48661995e-01 3.04735869e-01 8.10285270e-01
    5.11031985e-01 9.23475742e-01 2.89959341e-01 1.77420586e-01
    6.32024586e-01 7.58377194e-01 9.54367518e-01 2.49939412e-01
    8.39384496e-02 5.45851946e-01 7.35549986e-01 5.60182273e-01
    7.47111559e-01 1.54653579e-01 2.40738571e-01 3.14933985e-01
    6.27882242e-01 5.75920999e-01 8.98790359e-01 6.53945208e-01
    1.21615678e-01 1.65856659e-01 2.94179231e-01 7.63108134e-02
    2.43446589e-01 7.04033375e-02 5.45903683e-01 4.31555808e-01
    7.15557218e-01 5.37313461e-01 4.38757390e-01 3.22980613e-01
    7.62881756e-01 1.22780144e-01 9.08743680e-01 8.82279277e-01
    9.85577703e-01 6.43862069e-01 4.03148621e-01 3.18402588e-01
    5.95211685e-02 9.40156579e-02 7.97006011e-01 5.52370131e-01
    3.98579419e-01 5.07210612e-01 5.56500256e-01 6.73555434e-02
    7.29628146e-01 8.96831632e-01 6.10916317e-01 7.96052337e-01
    7.95446754e-01 2.24350005e-01 1.69763863e-01 5.77576816e-01
    8.60607386e-01 4.15986478e-02 5.25455356e-01 8.30178857e-01
    7.13953853e-01 2.56087720e-01 8.25886369e-01 4.81929600e-01
    1.39202386e-01 5.47300577e-02 9.42526698e-01 5.38474917e-01
    3.68760943e-01 9.98553395e-01 6.97378516e-01 1.74984306e-01
    4.84288037e-01 9.84910607e-01 8.83448482e-01 3.21384519e-01
    8.28322411e-01 7.09313393e-01 8.20904255e-01 3.39515567e-01
    7.14315593e-01 4.64539975e-01 5.58684111e-01 8.46642613e-01
    8.98017943e-01 3.52454722e-01 8.31946790e-01 9.42129433e-01
    7.60789990e-01 4.29250002e-01 5.97697496e-01 7.80206561e-01
    8.63648415e-01 8.93387556e-01 2.65994042e-01 9.17651176e-01
    8.21835339e-01 2.29310304e-01 5.18579602e-01 8.38151693e-01
    7.28317380e-01 8.97253573e-01 9.23347354e-01 8.65806937e-01
    4.93606865e-01 8.11298966e-01 3.75393122e-01 2.06467152e-01
    2.73322403e-01 9.69400346e-01 8.27735007e-01 4.90252703e-01
    9.95287597e-01 7.95105398e-02 7.87013769e-03 5.92811406e-02
    6.75613105e-01 8.80789518e-01 8.19490433e-01 8.28805566e-01
    3.97318602e-01 4.00072932e-01 3.50225806e-01 9.16437626e-01
    5.70989013e-01 8.41009617e-02 1.94381863e-01 3.13279361e-01
    1.90199852e-01 9.20460701e-01 9.12580132e-01 9.30479884e-01
    3.11623126e-01 7.65377522e-01 4.04954195e-01 4.93532628e-01
    6.10358894e-01 9.54068899e-01 7.57604837e-01 1.05671495e-01
    2.45431125e-01 7.73112595e-01 9.59733903e-01 8.51196587e-01
    3.23701203e-01 4.33659077e-01 3.74466836e-01 1.77548975e-01
    1.17639154e-01 2.81656206e-01 3.40615362e-01 8.75098467e-01
    6.86607659e-01 1.78569585e-01 2.79958606e-01 5.84957600e-02
    1.74056560e-01 7.70319462e-01 6.93172455e-01 3.70103449e-01
    2.92336822e-01 4.38803494e-01 4.54446435e-01 9.20432448e-01
    6.55327976e-01 6.33040369e-01 9.64875519e-01 9.17117417e-01
    8.62634361e-01 9.77772713e-01 8.70050907e-01 6.68602347e-01
    6.38552487e-01 2.63689548e-01 3.07746947e-01 8.72707963e-02
    7.58251429e-01 2.25901127e-01 4.55932319e-02 7.18563199e-01
    5.27438581e-01 8.36038291e-01 4.03615892e-01 5.72273016e-01
    7.84445167e-01 3.68194878e-02 5.72253942e-01 4.09818053e-01
    9.73029971e-01 5.88627458e-01 1.66966319e-01 1.98059708e-01
    4.89336312e-01 4.30714399e-01 8.60673308e-01 7.54951000e-01
    5.89021683e-01 7.37204432e-01 4.67277974e-01 2.90060401e-01
    4.90027905e-01 1.78191334e-01 1.53613567e-01 5.16346097e-02
    8.13912988e-01 5.76422572e-01 4.30044144e-01 9.00490820e-01
    3.71996522e-01 8.24785709e-01 6.21847630e-01 1.87073857e-01
    6.06181324e-01 9.53951776e-02 1.71665102e-01 3.70701909e-01
    8.34002197e-01 7.32202888e-01 5.55120051e-01 8.70743990e-01
    7.69349694e-01 1.07840002e-01 6.48310781e-01 8.31203461e-01
    1.50502026e-02 6.83457196e-01 7.54109859e-01 4.25865680e-01
    7.04402924e-02 8.74484122e-01 2.07478374e-01 5.23806632e-01
    2.93561935e-01 7.36418664e-02 4.74869132e-01 2.43675500e-01
    1.40166759e-01 1.60888404e-01 5.71621418e-01 2.47053325e-01
    3.13588649e-01 3.31628919e-02 2.60175139e-01 4.36007470e-01
    3.08585703e-01 2.50629842e-01 9.24284697e-01 5.56983829e-01
    8.71605635e-01 1.51887029e-01 8.11216831e-02 8.64068449e-01
    2.98981190e-01 7.35300243e-01 3.10888886e-01 4.55668449e-01
    8.29346418e-01 8.42260003e-01 9.28753197e-01 6.17430031e-01
    5.90916038e-01 2.26477146e-01 2.22242862e-01 2.87928224e-01
    8.05096745e-01 8.49161446e-01 1.61761731e-01 5.31839132e-01
    2.68235475e-01 6.30672932e-01 6.97312534e-01 1.17230028e-01
    1.66630030e-01 8.68291855e-02 3.88758808e-01 5.27054667e-01
    3.88470620e-01 9.96584892e-01 4.95907724e-01 6.22962594e-01
    1.10406935e-01 2.25890785e-01 8.52917552e-01 5.92476964e-01
    9.15384173e-01 7.87039161e-01 3.52318585e-01 5.27028918e-01
    1.76476806e-01 9.22822952e-01 2.84123063e-01 6.86917186e-01
    3.85125726e-01 7.52619386e-01 4.29277718e-02 3.77587974e-02
    6.47873998e-01 4.99756187e-01 2.85971165e-02 8.03438067e-01
    3.38869214e-01 3.45222354e-02 4.30851281e-02 9.57952738e-01
    1.78055555e-01 3.50608051e-01 3.80479813e-01 5.83526194e-01
    2.03539163e-01 2.15817541e-01 1.21228665e-01 2.22980320e-01
    1.64171189e-01 5.60679018e-01 7.93389320e-01 6.51071429e-01
    7.52641201e-01 4.70663488e-01 3.23666394e-01 5.82477033e-01
    4.71385390e-01 6.64145112e-01 2.32794434e-01 4.72012639e-01
    2.08560675e-01 5.49860001e-02 6.48132801e-01 5.26376426e-01
    3.52388352e-01 4.58598375e-01 8.95707905e-01 4.10231054e-02
    3.23213995e-01 3.28678906e-01 3.88785094e-01 1.36399508e-01
    1.01281375e-01 3.94110173e-01 6.11790180e-01 8.39975595e-01
    5.85225046e-01 3.09824765e-01 1.82070553e-01 9.10774589e-01
    2.50007749e-01 8.00963819e-01 4.97705340e-01 3.74063432e-01
    2.36597359e-01 1.57315254e-01 9.10845160e-01 4.81798261e-01
    3.51500303e-01 6.22192264e-01 8.34944963e-01 1.03568375e-01
    2.48090863e-01 2.53134131e-01 7.15062141e-01 9.99040484e-01
    5.79436123e-01 4.51414347e-01 3.90174121e-01 5.02115250e-01
    9.73244429e-01 9.55809832e-01 2.43529946e-01 4.40408349e-01
    4.15097356e-01 7.42522836e-01 9.86214280e-01 8.06909621e-01
    6.75613105e-01 8.80789518e-01 8.19490433e-01 8.28805566e-01
    3.97318602e-01 4.00072932e-01 3.50225806e-01 9.16437626e-01
    5.70989013e-01 8.41009617e-02 1.94381863e-01 3.13279361e-01
    1.90199852e-01 9.20460701e-01 9.12580132e-01 9.30479884e-01
    9.36834216e-01 1.69434041e-01 9.02138948e-01 7.92940497e-01
    3.30424249e-01 9.42364454e-01 2.49061495e-01 8.57157707e-01
    2.06820726e-01 6.44710422e-01 2.65703380e-01 4.85226810e-02
    9.53853130e-01 6.68822050e-01 3.01541686e-01 3.41131836e-01
    7.85089850e-01 9.73232388e-01 5.15504301e-01 9.57357407e-01
    3.74066263e-01 8.99143338e-01 7.11575925e-01 5.48133433e-01
    7.38441706e-01 6.36810362e-01 2.72897422e-01 5.75513780e-01
    1.59021169e-01 3.63190442e-01 8.18255842e-01 6.58272982e-01
    5.70865750e-01 8.14785361e-02 5.00262797e-01 4.82288241e-01
    1.19434208e-01 3.89766008e-01 8.30320716e-01 9.48101223e-01
    5.12752712e-01 4.24196422e-02 3.95442903e-01 6.94251657e-01
    5.08829176e-01 7.42214620e-02 8.20938826e-01 7.32219696e-01
    9.18363631e-02 4.23040777e-01 3.16656947e-01 3.79982829e-01
    2.62657702e-01 7.95717597e-01 9.09580112e-01 7.50033736e-01
    1.14289492e-01 9.02633250e-01 5.23797870e-01 9.61408377e-01
    6.98213041e-01 1.93213105e-01 1.93605423e-02 4.38221812e-01
    5.71376681e-02 5.87807477e-01 3.44022989e-01 6.89999938e-01
    2.40954459e-01 5.68407655e-01 1.41825914e-01 4.13280725e-01
    4.64966685e-01 5.07992506e-01 9.49760377e-01 5.92589200e-01
    8.59108388e-01 3.95301878e-02 1.92356735e-01 7.04293489e-01
    1.00986451e-01 9.46848154e-01 6.19616270e-01 8.12509179e-01
    9.96629000e-01 1.98017120e-01 4.99253869e-01 8.69892359e-01
    7.23439157e-01 7.49917328e-02 9.47823107e-01 6.67504609e-01
    5.43692708e-01 4.73091483e-01 7.64919698e-01 6.75501466e-01
    7.40855396e-01 9.43378210e-01 2.75721669e-01 5.63536584e-01
    4.90004689e-01 4.54157799e-01 1.55014038e-01 7.43368924e-01
    6.41345978e-04 7.23172605e-01 3.34328234e-01 9.60360706e-01
    3.91605824e-01 1.34493649e-01 5.12600183e-01 3.57793331e-01
    9.64082241e-01 1.84194773e-01 8.75371516e-01 4.76824075e-01
    6.37699544e-01 3.04227144e-01 3.03448439e-01 3.56973648e-01
    1.50675774e-01 8.15853000e-01 5.14269710e-01 6.48272395e-01
    2.81198978e-01 5.08536696e-02 6.02982044e-02 6.45861864e-01
    2.12401152e-02 6.09903753e-01 2.68194377e-02 1.86989546e-01
    6.99763596e-01 9.00740325e-02 2.73836195e-01 3.10747206e-01
    7.24387288e-01 2.10583866e-01 5.75391173e-01 8.13463032e-02
    4.96529520e-01 6.29315853e-01 6.57464027e-01 6.77727938e-01
    2.16314465e-01 7.42529392e-01 3.33493084e-01 8.12894106e-01
    5.94617546e-01 4.19889569e-01 7.54632950e-01 7.03231215e-01
    9.49656129e-01 8.09006810e-01 6.18225217e-01 6.51518285e-01
    4.18963969e-01 2.99384773e-01 7.78338552e-01 3.04290473e-01
    1.25760943e-01 1.85058534e-01 7.63866305e-02 6.69191718e-01
    8.84000063e-01 7.75542438e-01 2.60651231e-01 3.87101084e-01
    6.46994710e-02 5.51930010e-01 2.82530636e-01 2.49075145e-01
    8.35549831e-03 2.88585722e-01 3.83645773e-01 8.51851642e-01
    8.83071184e-01 6.38936102e-01 2.98820436e-01 3.64333928e-01
    3.72889519e-01 4.65554953e-01 1.45472407e-01 7.77358651e-01
    4.70833182e-01 3.67117226e-02 2.93528795e-01 1.12629592e-01
    3.07600975e-01 1.94165379e-01 9.54225421e-01 7.47020543e-01
    6.54624581e-01 4.80677634e-01 8.52455020e-01 5.42134881e-01
    8.54701281e-01 2.67780662e-01 7.75092483e-01 5.57775676e-01
    3.66211683e-01 1.39238387e-01 1.64140940e-01 4.86174107e-01
    2.11552888e-01 4.77297813e-01 2.01184422e-01 1.10549420e-01
    8.98253679e-01 8.53724599e-01 2.77001858e-02 7.32246757e-01
    7.68895745e-01 9.99463797e-01 1.82006896e-01 1.05139226e-01
    8.48129034e-01 7.94398785e-02 1.16833150e-01 7.08104312e-01
    7.70389318e-01 6.72606230e-01 5.84536374e-01 2.89462030e-01
    3.49050701e-01 1.55469388e-01 8.23903918e-01 5.90277433e-01
    1.01898462e-01 1.06761336e-01 9.33313370e-02 6.35289371e-01
    4.15210128e-01 3.80404294e-02 8.50163698e-01 1.41041577e-01
    8.17483902e-01 4.40453589e-02 9.36704814e-01 3.77261698e-01
    8.93175125e-01 4.83654529e-01 5.27445018e-01 8.03153694e-01
    8.64714086e-01 6.32182419e-01 8.11598420e-01 5.12747645e-01
    4.11390007e-01 2.12410033e-01 2.40076095e-01 3.04311574e-01
    8.92563045e-01 8.20085049e-01 2.24584937e-01 7.64568806e-01
    9.36834216e-01 1.69434041e-01 9.02138948e-01 7.92940497e-01
    3.30424249e-01 9.42364454e-01 2.49061495e-01 8.57157707e-01
    2.06820726e-01 6.44710422e-01 2.65703380e-01 4.85226810e-02
    9.53853130e-01 6.68822050e-01 3.01541686e-01 3.41131836e-01
    3.33201289e-02 6.67031229e-01 5.91144860e-02 1.76152319e-01
    7.80187607e-01 3.23481083e-01 8.37193608e-01 8.94951820e-01
    3.13069820e-01 5.90293884e-01 4.60311979e-01 4.63686913e-01
    4.56742644e-02 5.68767548e-01 1.73609644e-01 5.11122942e-01
    8.47095251e-01 4.37223047e-01 4.75518405e-02 6.16350174e-01
    3.01854849e-01 2.08076835e-01 6.21554017e-01 3.71502042e-01
    1.20668620e-01 8.77688229e-01 5.06743252e-01 2.20788985e-01
    4.95515585e-01 9.67768073e-01 4.44438040e-01 4.31543499e-01
    6.08537734e-01 3.30894113e-01 8.46809506e-01 9.39412832e-01
    8.97642851e-01 6.86987042e-01 1.44807428e-01 4.94428307e-01
    7.54523158e-01 1.35396510e-01 3.61253321e-02 3.65039349e-01
    1.91148996e-01 2.27146387e-01 9.14194822e-01 4.87025112e-01
    9.37100768e-01 2.49601573e-01 3.07799935e-01 6.50669754e-01
    8.80530238e-01 7.40643203e-01 1.85997427e-01 5.52399278e-01
    9.74415064e-01 2.71605790e-01 1.83482587e-01 1.19218260e-01
    3.90610129e-01 5.92671037e-01 6.78654015e-02 8.07866991e-01
    8.76606524e-01 4.28229332e-01 3.90791088e-01 3.18841577e-01
    8.69425356e-01 3.55607808e-01 5.59836388e-01 8.31887901e-01
    9.94049072e-01 4.29879457e-01 2.08671689e-02 5.00917792e-01
    6.55977845e-01 4.96443182e-01 8.01961899e-01 2.12275803e-01
    1.95468962e-01 5.00543594e-01 4.83781427e-01 2.06160247e-01
    4.55296308e-01 3.20990503e-01 1.35982394e-01 5.07966161e-01
    3.05799961e-01 2.78315306e-01 2.27763623e-01 7.36834407e-01
    4.52276468e-02 2.24800467e-01 7.49081492e-01 5.36285520e-01
    3.06302786e-01 3.13251197e-01 3.65950555e-01 2.36308873e-02
    4.73505139e-01 6.40407622e-01 3.49770576e-01 7.65072942e-01
    9.05352890e-01 1.47482842e-01 9.16675687e-01 1.90721571e-01
    6.70722127e-01 3.82191807e-01 1.20595485e-01 6.51466012e-01
    9.40933824e-01 1.49635762e-01 6.53200865e-01 2.43096709e-01
    3.69033277e-01 2.62808472e-01 6.75898910e-01 6.47925198e-01
    5.66303909e-01 6.24690950e-01 1.14936233e-02 3.52448493e-01
    4.69809771e-03 1.30114853e-01 5.45563698e-02 7.15003133e-01
    9.68439877e-02 4.17427689e-01 1.80533230e-02 2.48769015e-01
    7.50620961e-01 6.40696526e-01 1.23826921e-01 3.48469853e-01
    4.49184090e-01 1.96069002e-01 6.66440725e-02 1.15978301e-01
    4.84037876e-01 7.29648471e-01 4.32696819e-01 7.35707223e-01
    8.77288163e-01 5.72968066e-01 1.41324610e-01 3.92380506e-01
    7.04267859e-01 9.41273808e-01 6.94986522e-01 7.58423030e-01
    1.51764452e-01 7.41470873e-01 5.07210016e-01 1.40413165e-01
    3.48483205e-01 6.24616861e-01 3.63746047e-01 4.39907461e-01
    7.83339798e-01 6.84695542e-01 2.23099530e-01 7.98040152e-01
    5.66481471e-01 5.07253230e-01 3.33577275e-01 2.04958409e-01
    2.42380828e-01 8.94557655e-01 8.53544116e-01 6.39672041e-01
    5.73842943e-01 2.87548184e-01 3.55551660e-01 7.53705382e-01
    4.43308860e-01 9.24587965e-01 3.80873859e-01 3.28433037e-01
    6.83208466e-01 1.63868785e-01 4.81682003e-01 4.62346226e-01
    8.39307189e-01 7.47682154e-02 4.80993629e-01 8.96854103e-02
    4.04766709e-01 1.18012458e-01 1.91330642e-01 4.82592285e-02
    4.98732775e-01 1.30436867e-01 1.29279464e-01 1.73247755e-01
    2.46047080e-02 3.84029955e-01 9.59636688e-01 1.45004123e-01
    4.02303457e-01 3.45328540e-01 1.97367191e-01 2.56338477e-01
    5.45461953e-01 7.33255088e-01 1.83884114e-01 6.18307710e-01
    1.22939885e-01 7.13250518e-01 2.28680700e-01 9.29739177e-01
    2.37560451e-01 7.32477307e-02 5.59355140e-01 9.13728297e-01
    5.59502006e-01 7.66827822e-01 1.23094022e-01 8.89834762e-01
    5.98279953e-01 2.18920499e-01 4.51821446e-01 1.84498310e-01
    1.85114622e-01 4.62729156e-01 4.75634634e-02 1.37367517e-01
    9.07997489e-01 7.36845016e-01 4.97556031e-02 2.41919190e-01
    1.95673674e-01 8.67312193e-01 2.89645016e-01 9.52873945e-01
    3.09491813e-01 5.06089926e-01 3.68269265e-01 8.09565306e-01
    6.29120469e-01 7.36857057e-02 9.45337057e-01 3.12040061e-01
    1.94533169e-02 4.35772717e-01 6.09113574e-01 1.74696058e-01
    2.22674191e-01 1.53519690e-01 3.28928232e-01 7.16212034e-01
    1.38756007e-01 8.18247914e-01 6.57917261e-01 9.20310736e-01
    3.33201289e-02 6.67031229e-01 5.91144860e-02 1.76152319e-01
    7.80187607e-01 3.23481083e-01 8.37193608e-01 8.94951820e-01
    3.13069820e-01 5.90293884e-01 4.60311979e-01 4.63686913e-01
    4.56742644e-02 5.68767548e-01 1.73609644e-01 5.11122942e-01
    9.04719949e-01 6.47271514e-01 4.85560596e-01 1.72316760e-01
    2.06487745e-01 6.49033070e-01 5.53254366e-01 2.90392458e-01
    7.48465896e-01 1.59639776e-01 2.99046397e-01 5.07409692e-01
    4.01338398e-01 5.39716363e-01 3.86159122e-01 2.48329699e-01
    5.59135497e-01 8.68516207e-01 9.91875052e-01 8.03048253e-01
    2.11714149e-01 8.02946746e-01 2.98061013e-01 9.99147892e-01
    5.42912185e-01 5.87353051e-01 7.34891891e-02 3.09666514e-01
    4.75007445e-01 2.82139003e-01 1.21710300e-02 8.99296463e-01
    1.24687254e-01 8.01197529e-01 5.62267303e-02 3.38851511e-01
    7.47593939e-02 8.34015012e-01 7.42859125e-01 9.87324357e-01
    6.29423797e-01 2.47168958e-01 2.69700944e-01 2.13919461e-01
    5.42357087e-01 6.09644175e-01 1.21011704e-01 1.70722157e-01
    4.06776994e-01 9.57309425e-01 7.95887589e-01 9.09983754e-01
    6.21877849e-01 7.92905390e-02 5.84424198e-01 3.27890933e-01
    3.06435943e-01 3.19891751e-01 7.00913548e-01 7.50095427e-01
    9.12540317e-01 5.44849634e-01 8.51579010e-02 3.07953417e-01
    9.51526940e-01 9.13259387e-01 8.80875587e-02 6.98902071e-01
    1.41601086e-01 7.57591248e-01 8.36931527e-01 6.60116613e-01
    5.57005286e-01 5.37238598e-01 3.55738401e-01 3.75460863e-01
    3.79058033e-01 4.21128124e-01 4.71966654e-01 1.21697366e-01
    8.15184116e-01 2.81187236e-01 7.04711676e-02 4.48469132e-01
    3.90112281e-01 2.76663929e-01 5.02780020e-01 2.23001629e-01
    9.91710067e-01 7.49976695e-01 2.70269513e-01 2.71494448e-01
    7.92886972e-01 7.65965462e-01 4.28059191e-01 5.55022418e-01
    3.89213145e-01 4.71055448e-01 5.55947840e-01 5.95533729e-01
    4.97664273e-01 7.87680030e-01 1.02992773e-01 6.86754823e-01
    7.96789646e-01 8.04989219e-01 3.30811262e-01 5.29959023e-01
    3.76124978e-01 6.67367160e-01 9.82640266e-01 8.79338503e-01
    1.77657813e-01 3.69160950e-01 2.34306753e-02 1.34930491e-01
    3.05945456e-01 2.28782415e-01 8.61999273e-01 1.40601367e-01
    2.95233071e-01 1.93482459e-01 9.16815996e-01 3.71299326e-01
    2.69545257e-01 9.24565554e-01 2.61647701e-01 6.56321466e-01
    9.53985929e-01 4.37554926e-01 9.08509016e-01 6.72269285e-01
    7.93616772e-01 3.42613399e-01 7.66260087e-01 5.21794260e-02
    6.44913018e-02 1.32322907e-02 2.34764516e-01 6.22926474e-01
    5.48317134e-02 8.81565392e-01 4.99992937e-01 6.80903792e-01
    4.11671519e-01 2.69306690e-01 7.43141353e-01 6.35248721e-01
    1.49808049e-01 9.68079090e-01 6.54999733e-01 7.54634142e-01
    3.31552386e-01 8.68167341e-01 3.56284410e-01 2.46389866e-01
    4.98418987e-01 6.83756351e-01 7.10571527e-01 3.09374213e-01
    3.54186177e-01 2.10336089e-01 8.29704642e-01 9.22850966e-01
    7.77095973e-01 6.31901383e-01 6.29940391e-01 3.18710029e-01
    9.37996686e-01 8.70251894e-01 1.56293422e-01 6.20728493e-01
    8.74045610e-01 7.13015199e-01 7.10119665e-01 3.58580947e-02
    2.39066571e-01 2.51707435e-02 6.77670658e-01 7.77930975e-01
    1.21731728e-01 7.66633213e-01 2.69033939e-01 1.67491972e-01
    3.03693652e-01 5.05813003e-01 7.15425253e-01 8.04935336e-01
    9.62111712e-01 4.63836133e-01 5.62057018e-01 7.08793819e-01
    4.96379107e-01 2.53880739e-01 7.26179361e-01 1.94781542e-01
    7.95436859e-01 3.55830610e-01 7.93189645e-01 3.08232695e-01
    3.06661785e-01 6.27459586e-01 4.04068768e-01 7.04829812e-01
    3.74232650e-01 2.66817272e-01 1.20027393e-01 2.54594982e-01
    6.86082780e-01 5.32253802e-01 3.92039716e-01 5.23095727e-01
    3.15714300e-01 5.44570208e-01 6.12525105e-01 4.08018261e-01
    2.75170803e-03 2.81106055e-01 3.49509001e-01 4.08581734e-01
    2.43348777e-02 5.54477215e-01 2.78891742e-01 7.83325076e-01
    6.37999475e-01 5.83258092e-01 1.47410393e-01 9.40724909e-02
    3.61380279e-02 6.39529765e-01 8.38316441e-01 2.53342807e-01
    9.18350220e-02 7.81898022e-01 6.97526455e-01 2.47202933e-01
    9.85379398e-01 6.59340620e-02 3.20180863e-01 7.79746771e-01
    3.86794358e-01 1.19706452e-01 4.73773599e-01 9.14055109e-01
    1.81382984e-01 9.46124196e-01 2.22418755e-01 6.17137849e-02
    8.22518468e-01 2.01813757e-01 9.33765054e-01 2.26022989e-01
    5.35661340e-01 8.50263298e-01 3.39205325e-01 8.00678730e-02
    9.04719949e-01 6.47271514e-01 4.85560596e-01 1.72316760e-01
    2.06487745e-01 6.49033070e-01 5.53254366e-01 2.90392458e-01
    7.48465896e-01 1.59639776e-01 2.99046397e-01 5.07409692e-01
    4.01338398e-01 5.39716363e-01 3.86159122e-01 2.48329699e-01
    6.86531365e-01 2.84412026e-01 4.83263582e-01 8.96143913e-01
    7.82464862e-01 8.67596149e-01 1.43226117e-01 8.30946922e-01
    3.73007834e-01 8.00197780e-01 6.35091066e-02 3.45492363e-03
    7.65793443e-01 4.97892290e-01 8.31135511e-01 1.11661553e-01
    5.66184700e-01 6.22857213e-01 8.08655381e-01 8.99992883e-02
    5.50359964e-01 1.15035623e-01 8.06017041e-01 3.52928042e-02
    8.06301951e-01 2.66105115e-01 7.27578402e-01 9.93740678e-01
    8.21614921e-01 3.55099261e-01 3.43582273e-01 7.01498270e-01
    8.97582114e-01 9.36172724e-01 5.14045358e-02 6.96473479e-01
    6.57001317e-01 7.36245692e-01 8.33594084e-01 8.68663192e-03
    4.24793333e-01 9.28238869e-01 9.62463140e-01 7.95396924e-01
    5.21876812e-02 3.27471495e-01 6.23950660e-02 6.54809117e-01
    6.39347315e-01 2.73849547e-01 7.27519393e-01 2.59999931e-01
    1.83022648e-01 7.05836952e-01 3.66956234e-01 3.62717658e-01
    1.38433635e-01 3.04666638e-01 3.52155149e-01 8.52566004e-01
    5.17849207e-01 3.49840224e-01 6.28094375e-02 9.04426217e-01
    6.98689222e-02 9.19813633e-01 4.67276722e-01 1.77254856e-01
    6.73478127e-01 4.86277103e-01 6.28080845e-01 6.38687968e-01
    6.38810396e-01 6.85274422e-01 9.14562345e-01 4.75126088e-01
    6.64500773e-01 4.52324778e-01 4.23870057e-01 4.73659664e-01
    1.55045122e-01 8.55983734e-01 5.14950275e-01 8.11744332e-01
    7.76949525e-01 2.17319578e-01 2.03294188e-01 7.19765067e-01
    8.99037838e-01 4.82520103e-01 2.35209703e-01 5.88905692e-01
    3.60104442e-03 8.56230736e-01 8.61020803e-01 6.72915757e-01
    1.49898440e-01 8.60262334e-01 3.33238602e-01 3.54367405e-01
    3.48254740e-01 6.41793370e-01 4.92007852e-01 6.10449314e-01
    8.43872547e-01 6.31886125e-02 1.28813803e-01 2.39328086e-01
    7.83592820e-01 9.06382322e-01 7.02226520e-01 3.13415110e-01
    5.12795389e-01 8.04293394e-01 6.21359050e-02 1.38457954e-01
    2.15706825e-01 2.53692627e-01 7.12576747e-01 4.90169793e-01
    3.12359154e-01 8.26424718e-01 8.12367320e-01 7.70881474e-01
    1.30793244e-01 9.76029038e-01 5.71942210e-01 1.05018169e-01
    5.21598697e-01 8.26993108e-01 3.86871696e-01 3.42785060e-01
    9.57991838e-01 6.53271735e-01 9.43417907e-01 9.74566579e-01
    5.47132015e-01 4.94567961e-01 7.05723345e-01 6.12870455e-01
    1.54511124e-01 2.43177265e-01 7.96769977e-01 4.54561681e-01
    5.25232613e-01 2.65323997e-01 1.09417945e-01 9.77538347e-01
    3.39594841e-01 5.15925527e-01 3.50904346e-01 7.96002984e-01
    1.34723902e-01 9.85717177e-02 9.96842742e-01 7.47547746e-01
    1.52214229e-01 1.55996054e-01 2.29582548e-01 8.08586717e-01
    6.83699608e-01 6.83759391e-01 4.85808313e-01 1.01857245e-01
    2.41531461e-01 2.11831272e-01 2.86717445e-01 8.59540701e-01
    8.66006494e-01 4.75060433e-01 5.17151594e-01 3.81975234e-01
    2.71536112e-02 4.95649040e-01 4.10445929e-01 8.98248911e-01
    1.89402997e-01 7.71062732e-01 7.67276943e-01 9.42155421e-01
    8.94770503e-01 2.67472863e-03 3.95931184e-01 3.82644832e-02
    5.77868581e-01 9.10813451e-01 5.58786035e-01 6.52275383e-01
    7.73383558e-01 2.99544662e-01 9.88568544e-01 8.84623289e-01
    3.73881072e-01 4.50661778e-03 6.60046816e-01 2.92904794e-01
    2.37201869e-01 1.67717785e-01 2.63674259e-01 2.48980403e-01
    5.14160454e-01 6.93572998e-01 2.77420878e-02 7.05137432e-01
    5.94368935e-01 5.86700678e-01 5.47467768e-02 6.78252578e-01
    4.74720478e-01 3.92704010e-01 6.59923375e-01 9.68306422e-01
    6.14342093e-02 6.10302389e-01 7.75264919e-01 1.47855073e-01
    2.23074555e-02 5.34197390e-01 9.23647165e-01 5.70377231e-01
    7.86816955e-01 1.29478008e-01 9.76237237e-01 8.78772736e-01
    6.90459013e-01 5.68694055e-01 8.95621538e-01 6.98628187e-01
    1.53585315e-01 6.97582364e-02 2.06255764e-01 1.74547732e-01
    6.05824351e-01 4.48315471e-01 8.26580882e-01 2.74873734e-01
    6.26347721e-01 8.55035961e-01 3.16881925e-01 8.07132065e-01
    7.85455823e-01 8.09125781e-01 6.48894846e-01 4.31593567e-01
    3.99962664e-01 3.14943224e-01 4.63882297e-01 5.82066059e-01
    7.09568262e-02 2.26836503e-01 7.47964382e-02 6.74561560e-02
    9.78955626e-02 2.52289832e-01 2.80714035e-03 9.48470175e-01
    6.86531365e-01 2.84412026e-01 4.83263582e-01 8.96143913e-01
    7.82464862e-01 8.67596149e-01 1.43226117e-01 8.30946922e-01
    3.73007834e-01 8.00197780e-01 6.35091066e-02 3.45492363e-03
    7.65793443e-01 4.97892290e-01 8.31135511e-01 1.11661553e-01
    3.23655367e-01 1.80960506e-01 3.17984819e-01 5.90161920e-01
    9.35907960e-01 2.82371342e-01 4.43579018e-01 7.38372028e-01
    5.57602286e-01 7.76303113e-02 5.81285775e-01 9.31721330e-01
    3.75802517e-01 3.92297029e-01 1.90504938e-01 2.42641419e-01
    6.22101307e-01 3.39781821e-01 8.78416061e-01 7.38938272e-01
    2.34581918e-01 8.17121506e-01 1.51468486e-01 7.39891410e-01
    6.77834332e-01 3.35015029e-01 6.40454471e-01 4.08350796e-01
    9.02466178e-01 8.35470915e-01 3.92322421e-01 3.88514012e-01
    8.80085707e-01 3.94346774e-01 8.39243531e-01 9.01838303e-01
    7.07385063e-01 8.91803801e-01 7.34368682e-01 9.14325595e-01
    3.71590018e-01 7.18090355e-01 1.98354751e-01 7.89484441e-01
    2.58399069e-01 9.03227925e-03 4.55670476e-01 7.12269545e-01
    1.94253504e-01 9.17110145e-01 8.46977472e-01 8.99952531e-01
    3.85312885e-01 9.84555304e-01 7.22083271e-01 9.69904423e-01
    4.06179786e-01 7.34536171e-01 9.14541602e-01 9.33076560e-01
    8.60482574e-01 5.40143669e-01 9.70631480e-01 6.11985922e-01
    7.74673820e-01 6.16748452e-01 9.56915498e-01 7.57304609e-01
    2.55995840e-01 8.82041097e-01 7.18947351e-02 8.50042701e-03
    6.22487962e-01 5.69744766e-01 3.73506248e-02 9.52269912e-01
    4.74222004e-02 4.84818012e-01 4.11153138e-01 3.24321806e-01
    8.86148810e-01 4.78347361e-01 5.64468265e-01 4.52626646e-01
    6.86947107e-01 9.11532044e-02 9.71630454e-01 5.19014120e-01
    2.02515900e-01 1.52740061e-01 6.10498786e-02 9.59783912e-01
    6.56997919e-01 1.21697217e-01 8.31177235e-01 4.00522649e-02
    6.02723658e-01 1.77426904e-01 4.54656899e-01 7.47459233e-01
    9.05461073e-01 2.28584707e-01 4.41182852e-01 4.47092146e-01
    9.12780225e-01 6.20084286e-01 5.50375998e-01 1.40616536e-01
    7.04346895e-01 1.43118143e-01 6.81335390e-01 2.90546417e-02
    3.54979932e-01 8.36258769e-01 9.48632956e-02 1.34121925e-01
    9.14673328e-01 8.62651110e-01 3.43757749e-01 3.25065047e-01
    6.94313467e-01 2.35879630e-01 2.05212265e-01 6.36627078e-01
    4.47985530e-03 7.09255695e-01 5.25438547e-01 3.49521130e-01
    1.23974115e-01 4.33869660e-02 8.55011046e-01 4.04112935e-01
    1.58507973e-01 1.36524677e-01 5.46914339e-01 6.65100217e-02
    5.32064557e-01 5.57952523e-01 7.46198595e-01 7.67585754e-01
    8.19271684e-01 1.01655930e-01 9.46680546e-01 8.06003332e-01
    8.07105184e-01 6.82109594e-01 1.49621874e-01 3.46863925e-01
    8.91536713e-01 3.48765135e-01 9.51114655e-01 8.47328603e-01
    4.80931133e-01 1.02576643e-01 5.85145593e-01 2.62787849e-01
    5.47926962e-01 8.72186542e-01 8.79149079e-01 3.28705639e-01
    7.99018919e-01 4.22773361e-02 3.23265791e-02 3.07377219e-01
    8.77125025e-01 8.25542331e-01 9.06600058e-02 3.29018891e-01
    7.17319191e-01 5.21553755e-01 8.80692720e-01 5.23338079e-01
    6.45549417e-01 2.55819261e-01 4.84216779e-01 3.24105740e-01
    2.42683887e-02 8.61872435e-02 8.96451175e-02 3.66388261e-02
    3.45940739e-01 1.76415771e-01 8.64619017e-01 7.35116303e-01
    3.55460137e-01 5.03766179e-01 5.89130461e-01 8.28934908e-01
    8.36097717e-01 6.22038007e-01 4.41981614e-01 1.32860422e-01
    3.61731678e-01 6.06117487e-01 5.22336066e-02 3.77124488e-01
    1.70655042e-01 3.67417395e-01 4.40231115e-01 6.13641322e-01
    9.02212262e-01 3.57184350e-01 5.59953034e-01 1.99133158e-03
    3.07259500e-01 6.49542570e-01 8.19506526e-01 8.83197069e-01
    9.40263987e-01 4.26346064e-01 4.57784981e-01 1.78337008e-01
    4.78860408e-01 1.68787807e-01 7.43961811e-01 2.73039341e-01
    2.55791932e-01 6.88962162e-01 1.36280030e-01 6.88813925e-02
    5.83304584e-01 5.17424345e-01 1.30919009e-01 4.18988228e-01
    2.36661255e-01 7.53866673e-01 4.64849234e-01 5.97564518e-01
    2.29022771e-01 2.18137085e-01 5.14173388e-01 1.81293935e-01
    1.80955023e-01 5.51691532e-01 3.64402533e-01 9.74144697e-01
    4.98265862e-01 9.90154564e-01 9.94218946e-01 4.04246092e-01
    6.54974222e-01 9.28786457e-01 8.71932030e-01 5.19691944e-01
    1.75011069e-01 2.13399172e-01 7.71701038e-02 6.41644120e-01
    3.50767434e-01 1.09409422e-01 3.79671156e-01 2.20742822e-03
    6.11594558e-01 3.33913594e-01 9.92534637e-01 9.81033802e-01
    3.23655367e-01 1.80960506e-01 3.17984819e-01 5.90161920e-01
    9.35907960e-01 2.82371342e-01 4.43579018e-01 7.38372028e-01
    5.57602286e-01 7.76303113e-02 5.81285775e-01 9.31721330e-01
    3.75802517e-01 3.92297029e-01 1.90504938e-01 2.42641419e-01
    1.93786293e-01 8.30554128e-01 8.35349202e-01 5.01267612e-01
    8.82939458e-01 8.50399017e-01 7.47915804e-02 6.74695253e-01
    5.15947640e-02 5.83162606e-01 6.45066142e-01 1.87008351e-01
    7.81380594e-01 5.65577447e-02 8.96506608e-02 3.51684391e-02
    2.70552039e-01 4.39187407e-01 5.61071992e-01 8.15087557e-03
    4.72437233e-01 2.59606153e-01 3.76386344e-01 6.66449785e-01
    8.84883404e-01 6.72158420e-01 1.48256123e-02 5.83330929e-01
    3.61978084e-01 2.47532517e-01 2.44559050e-01 7.99508989e-02
    7.96677470e-01 7.72444069e-01 2.66138107e-01 7.76380956e-01
    5.96800447e-02 6.82579875e-01 6.65288210e-01 6.48643970e-02
    9.73838270e-02 3.76106173e-01 5.20865381e-01 3.55738133e-01
    9.73483801e-01 4.12063867e-01 5.34515321e-01 6.34149492e-01
    7.22913742e-02 1.80814415e-01 4.07108098e-01 7.16846704e-01
    1.34871513e-01 5.80908239e-01 5.36910057e-01 8.83171916e-01
    7.86592484e-01 9.49826479e-01 2.48019427e-01 6.21373415e-01
    1.65851951e-01 2.17342705e-01 7.51055479e-02 4.67559993e-02
    9.22764242e-02 2.50426948e-01 3.51745665e-01 8.76985967e-01
    1.46283388e-01 4.82508510e-01 9.20790076e-01 9.18660879e-01
    7.04568028e-01 2.73770243e-01 2.93795466e-01 4.29955900e-01
    7.43106484e-01 7.29480445e-01 7.13799775e-01 2.83969313e-01
    7.55595148e-01 5.03642678e-01 8.48142147e-01 3.31555903e-02
    8.10993910e-01 5.04972041e-01 1.42571747e-01 8.89531374e-02
    1.85679138e-01 3.77481937e-01 9.14496422e-01 6.02113962e-01
    9.70027983e-01 8.52158308e-01 8.00534844e-01 8.85647178e-01
    3.34999472e-01 8.53016615e-01 8.19384158e-01 6.58668876e-01
    3.42502773e-01 2.31327742e-01 5.56687713e-01 9.44076180e-01
    6.67601824e-02 2.98274696e-01 2.51218915e-01 6.28769457e-01
    1.12721086e-01 5.85181534e-01 6.36121929e-02 8.47377837e-01
    1.42674595e-01 2.97962070e-01 3.94524515e-01 6.95326388e-01
    6.50460064e-01 1.54438853e-01 2.12024570e-01 3.30857337e-02
    4.24410641e-01 5.36656737e-01 3.78688872e-01 5.81842721e-01
    9.95880723e-01 5.77337444e-02 8.16182733e-01 6.55332804e-01
    8.26873064e-01 4.78764087e-01 8.78702998e-01 4.16720599e-01
    1.35026067e-01 3.29548061e-01 8.12863231e-01 3.05811524e-01
    5.77056468e-01 5.80205917e-01 2.87645429e-01 8.44699621e-01
    6.33126974e-01 2.83257425e-01 8.64365101e-01 7.38738716e-01
    3.01431030e-01 7.01364398e-01 1.00014687e-01 7.82663345e-01
    2.57387519e-01 3.51443231e-01 1.72076046e-01 3.68041813e-01
    4.43418622e-01 9.71393943e-01 6.05032861e-01 1.27278268e-01
    6.62797570e-01 5.90455294e-01 8.89738202e-01 3.27790648e-01
    8.86017442e-01 3.36406648e-01 6.76146090e-01 4.44905251e-01
    1.81308806e-01 8.30657959e-01 6.64572477e-01 6.32910371e-01
    8.57896090e-01 2.85489321e-01 1.64425284e-01 1.11874938e-02
    1.76064134e-01 7.65558004e-01 5.07198215e-01 5.92897356e-01
    1.50607824e-01 3.21396828e-01 9.74886775e-01 3.81321430e-01
    8.53543460e-01 8.70561838e-01 3.83302033e-01 8.41757536e-01
    6.74883127e-01 7.32703209e-02 7.33532667e-01 9.35286582e-02
    5.75927258e-01 7.63120055e-02 1.51877701e-02 8.17364156e-01
    9.69486117e-01 5.35045505e-01 8.90739262e-01 3.12269539e-01
    8.82235110e-01 8.68649602e-01 6.28136992e-01 8.89297962e-01
    7.64027238e-01 2.65986592e-01 1.74030453e-01 3.08572173e-01
    6.01327419e-02 8.17602813e-01 5.79575300e-02 2.93603539e-03
    4.76971567e-01 5.81688821e-01 8.36398005e-01 4.15744185e-01
    6.49753213e-01 7.78959632e-01 4.40859079e-01 4.12579566e-01
    5.06831050e-01 7.35478282e-01 8.36601138e-01 1.03780210e-01
    3.87824953e-01 2.51914918e-01 4.53707516e-01 9.66454864e-01
    5.30668080e-01 4.72249866e-01 8.63103867e-02 5.90728045e-01
    2.53909647e-01 3.93275738e-01 4.75306094e-01 3.21009994e-01
    9.41181183e-01 7.56529093e-01 6.82806075e-01 6.68770552e-01
    1.10683233e-01 3.15677404e-01 2.72509754e-02 7.13710010e-01
    7.07922816e-01 5.11864603e-01 7.97010899e-01 7.48368621e-01
    6.76542580e-01 8.21778417e-01 6.86845720e-01 7.86550462e-01
    1.39382362e-01 2.42721140e-02 5.95683396e-01 1.14506841e-01
    6.15519047e-01 2.81948507e-01 7.45061457e-01 7.50957549e-01
    1.93786293e-01 8.30554128e-01 8.35349202e-01 5.01267612e-01
    8.82939458e-01 8.50399017e-01 7.47915804e-02 6.74695253e-01
    5.15947640e-02 5.83162606e-01 6.45066142e-01 1.87008351e-01
    7.81380594e-01 5.65577447e-02 8.96506608e-02 3.51684391e-02
    8.50462556e-01 1.15510345e-01 6.90539241e-01 1.98349506e-01
    8.82014394e-01 2.45058030e-01 9.13869500e-01 2.52843142e-01
    6.04796052e-01 4.08529639e-01 7.76973665e-01 7.75219440e-01
    5.96865952e-01 3.56860489e-01 6.62010968e-01 9.87982035e-01
    6.55171216e-01 2.83500314e-01 7.52176404e-01 1.44625902e-01
    5.99853814e-01 8.37185264e-01 4.41033453e-01 6.26726627e-01
    7.36770272e-01 9.74207759e-01 8.85309219e-01 2.22532719e-01
    3.64205867e-01 8.96350920e-01 1.11864060e-01 1.70125723e-01
    9.18505669e-01 9.71041679e-01 2.64137596e-01 8.45747471e-01
    1.10624194e-01 3.56374919e-01 6.82960749e-01 9.68371034e-01
    1.50439620e-01 4.59760904e-01 7.13921845e-01 1.75950438e-01
    4.42698777e-01 7.93053985e-01 5.08453071e-01 9.03158665e-01
    3.29150945e-01 3.75507891e-01 9.86139178e-01 1.36976480e-01
    7.99446285e-01 3.36043447e-01 9.33802009e-01 2.95225948e-01
    8.90680313e-01 6.47967994e-01 1.60602659e-01 5.92263162e-01
    5.09647727e-01 1.23677880e-01 8.73860002e-01 2.81336010e-01
    6.36561751e-01 9.82674062e-02 1.53296351e-01 5.53611755e-01
    4.53719974e-01 7.67526746e-01 5.56811929e-01 5.93250394e-01
    5.23342669e-01 4.60673422e-01 6.03400707e-01 8.87858808e-01
    9.52067196e-01 3.45061243e-01 6.50843203e-01 6.59762084e-01
    1.69307232e-01 5.51063895e-01 4.34871614e-01 1.36242807e-01
    6.48761630e-01 6.49858356e-01 7.78745294e-01 2.32198834e-02
    3.63676786e-01 1.10136807e-01 1.04470253e-02 3.69187355e-01
    7.33315945e-01 8.74844491e-01 9.89701211e-01 1.66869432e-01
    4.67173249e-01 3.60624790e-01 9.04081225e-01 1.06000751e-01
    2.16534853e-01 6.17297590e-01 9.03059721e-01 5.06646514e-01
    3.48910183e-01 1.54847980e-01 9.63283241e-01 2.06885099e-01
    6.49259031e-01 1.65504277e-01 2.37829238e-01 5.72304547e-01
    8.20689082e-01 9.60387230e-01 4.81160581e-02 1.41824484e-02
    7.12942064e-01 6.96769357e-02 3.18327725e-01 4.71383333e-02
    9.23967183e-01 3.39720547e-01 2.08608419e-01 7.42802680e-01
    2.60343909e-01 4.29598629e-01 3.84803981e-01 5.37809491e-01
    1.41458392e-01 2.59714991e-01 1.21533096e-01 8.89420509e-02
    3.85970324e-01 8.33612680e-03 4.34246033e-01 7.52232492e-01
    7.97212481e-01 4.83423769e-02 7.69075453e-01 2.29972064e-01
    4.08702374e-01 3.95315737e-01 2.10209608e-01 9.98276472e-01
    8.94403636e-01 5.64672649e-01 1.99011803e-01 5.37348449e-01
    1.61506176e-01 4.71762329e-01 9.87929463e-01 2.02899188e-01
    7.47882724e-02 3.05395782e-01 2.72271007e-01 7.17300534e-01
    7.87144482e-01 4.06999260e-01 6.62004054e-01 8.00286770e-01
    4.70874429e-01 4.93098229e-01 5.21630108e-01 7.85993457e-01
    9.92301345e-01 2.27677733e-01 2.07151413e-01 4.17950928e-01
    8.99449885e-02 2.70920098e-01 9.99397159e-01 9.34135318e-02
    8.89579892e-01 9.34465468e-01 9.51825321e-01 5.47402620e-01
    5.08881211e-01 8.16406250e-01 3.11284721e-01 2.89769769e-02
    4.87327844e-01 4.83283937e-01 5.28211832e-01 4.82946366e-01
    6.51476026e-01 5.85114598e-01 3.45981836e-01 1.88976169e-01
    3.49672377e-01 1.23581707e-01 1.17935628e-01 7.57194996e-01
    5.51131785e-01 8.75785351e-02 6.51919186e-01 3.57958257e-01
    2.53074288e-01 7.40356088e-01 2.88379669e-01 2.13959694e-01
    7.84670711e-01 2.38215208e-01 6.30195498e-01 5.05172014e-01
    4.40983266e-01 3.36193621e-01 2.75492549e-01 6.01181090e-02
    3.62567067e-01 5.11206210e-01 3.30815881e-01 2.54096389e-01
    3.39164019e-01 2.75774300e-01 3.87673676e-02 4.14937198e-01
    2.80762911e-01 2.57807195e-01 6.77271068e-01 3.94943565e-01
    3.15602720e-02 7.99973130e-01 7.80493498e-01 5.79870760e-01
    8.04513812e-01 7.13118434e-01 1.05493456e-01 1.51348263e-01
    3.27100933e-01 6.74675643e-01 4.17713702e-01 8.63566399e-01
    4.74712849e-01 2.74650156e-01 9.15254831e-01 9.64080930e-01
    8.85124862e-01 7.63560712e-01 5.61365426e-01 4.62978601e-01
    3.26511264e-03 2.00909287e-01 9.93564427e-02 5.38808882e-01
    6.68434381e-01 4.17136252e-01 2.10012436e-01 2.75986612e-01
    9.12031293e-01 2.08915561e-01 8.40775847e-01 8.99270177e-02
    5.11232495e-01 8.61871123e-01 6.04904115e-01 9.79694307e-01
    8.50462556e-01 1.15510345e-01 6.90539241e-01 1.98349506e-01
    8.82014394e-01 2.45058030e-01 9.13869500e-01 2.52843142e-01
    6.04796052e-01 4.08529639e-01 7.76973665e-01 7.75219440e-01
    5.96865952e-01 3.56860489e-01 6.62010968e-01 9.87982035e-01
    9.92169023e-01 3.10503662e-01 1.29030794e-01 4.60406125e-01
    8.35891128e-01 8.49870086e-01 6.93853378e-01 8.70463252e-02
    6.43414855e-01 9.45496321e-01 9.47507024e-01 4.03282374e-01
    9.34900641e-01 4.89713639e-01 3.36602747e-01 9.74083364e-01
    1.40707493e-01 1.42766178e-01 5.43582499e-01 1.42661154e-01
    2.91581273e-01 6.07980490e-01 4.86420006e-01 1.96137398e-01
    2.60401666e-01 9.50499117e-01 2.29012311e-01 5.90236962e-01
    8.86442304e-01 5.78334033e-01 4.32568669e-01 5.72076321e-01
    8.10320318e-01 2.42201239e-01 6.88751161e-01 2.36123651e-01
    5.62774837e-01 6.65126264e-01 8.75344276e-02 1.39774710e-01
    5.99790335e-01 3.45171571e-01 1.08547807e-01 3.04356605e-01
    6.48873031e-01 1.03373915e-01 6.81078494e-01 5.43236017e-01
    9.11708832e-01 1.35848850e-01 4.43668157e-01 9.19796348e-01
    4.73883212e-01 6.41104639e-01 4.17316735e-01 2.05228627e-01
    6.88616753e-01 9.72203135e-01 3.01550508e-01 1.62400872e-01
    9.46396768e-01 7.95660913e-02 4.87361610e-01 6.79423213e-01
    7.09030807e-01 7.22807407e-01 9.48309302e-01 1.00794435e-02
    4.76699948e-01 6.15510821e-01 3.98447692e-01 7.24857450e-01
    7.72337794e-01 7.14166999e-01 3.23727131e-02 2.10152030e-01
    9.15504575e-01 3.67679894e-01 1.89500719e-01 3.26701820e-01
    9.33187366e-01 2.55633473e-01 9.49517548e-01 5.44674575e-01
    4.48984385e-01 2.40802675e-01 8.18573236e-02 4.06926990e-01
    1.81680411e-01 2.75011808e-01 2.15822905e-01 5.98118544e-01
    2.30764508e-01 1.52951151e-01 1.32176876e-01 8.80812645e-01
    5.50672412e-02 3.62304688e-01 4.28116083e-01 6.55943274e-01
    1.49412125e-01 5.15757203e-01 5.33041000e-01 3.77278626e-01
    9.10390615e-01 4.93250489e-01 5.15288234e-01 1.06272995e-01
    1.08309239e-01 7.60602474e-01 8.97719026e-01 1.34435087e-01
    6.39504492e-02 5.67796409e-01 6.62794232e-01 9.68054950e-01
    8.37516487e-02 9.75711823e-01 8.33928704e-01 4.13641006e-01
    9.95640397e-01 5.75006604e-01 5.04537523e-02 6.93030059e-02
    7.81723738e-01 7.07035005e-01 1.08171344e-01 3.56332928e-01
    6.35892034e-01 9.30179417e-01 4.83762324e-02 2.33472943e-01
    3.02990854e-01 4.57323104e-01 3.40560079e-02 8.84107947e-02
    4.57976639e-01 6.91293359e-01 8.02514315e-01 6.89912140e-01
    2.26761401e-02 3.78095269e-01 3.38318467e-01 5.99423051e-01
    3.42327297e-01 7.21060634e-02 2.77022004e-01 9.22832727e-01
    3.49560142e-01 3.52801383e-01 4.30478781e-01 3.70468765e-01
    2.45042384e-01 6.04543626e-01 1.94591582e-02 4.66063917e-02
    5.48514426e-01 7.23319650e-01 1.90918595e-01 5.78711390e-01
    4.05713737e-01 1.79877400e-01 2.57230759e-01 6.60037816e-01
    8.77246261e-02 2.41619527e-01 1.85878098e-01 7.88639903e-01
    6.28038883e-01 9.84063029e-01 6.56268239e-01 8.15167069e-01
    7.60656893e-02 4.44286942e-01 6.15709960e-01 5.87596714e-01
    5.98117828e-01 1.63775027e-01 7.93421745e-01 7.47301936e-01
    2.86982626e-01 3.66298735e-01 8.37477326e-01 5.41454375e-01
    3.86516929e-01 5.62061369e-01 2.52065361e-01 2.45159268e-01
    4.95970726e-01 6.56476617e-02 4.45005000e-02 4.62912530e-01
    6.67218089e-01 4.15774286e-01 3.75458419e-01 1.63673252e-01
    4.60250258e-01 9.59874511e-01 9.23140228e-01 8.64003301e-01
    4.22707468e-01 6.09215856e-01 8.38833213e-01 5.92938721e-01
    9.80669558e-02 2.34464198e-01 1.17287308e-01 2.71158576e-01
    5.09680867e-01 2.04774171e-01 4.88824546e-01 4.39752609e-01
    2.02301562e-01 9.62301314e-01 4.51619267e-01 8.45622003e-01
    6.62019014e-01 5.25887251e-01 6.96523666e-01 2.04489827e-02
    3.50397229e-01 1.17773443e-01 9.32828486e-02 4.93876666e-01
    3.30573082e-01 4.30888534e-02 9.91558194e-01 3.44279826e-01
    4.06335145e-01 6.30664945e-01 8.64812076e-01 2.25989223e-01
    9.58320737e-01 2.79793620e-01 8.68714452e-01 6.50789678e-01
    6.37936890e-01 6.20935738e-01 5.36116004e-01 4.21479940e-01
    5.97773790e-01 1.25277340e-02 9.66342330e-01 3.25851381e-01
    4.01265830e-01 8.15097094e-01 2.36078352e-01 9.28811669e-01
    2.22611129e-02 3.24401319e-01 9.37193036e-01 3.89732718e-01
    3.36609781e-01 4.33561206e-03 9.31745172e-02 5.11926353e-01
    9.92169023e-01 3.10503662e-01 1.29030794e-01 4.60406125e-01
    8.35891128e-01 8.49870086e-01 6.93853378e-01 8.70463252e-02
    6.43414855e-01 9.45496321e-01 9.47507024e-01 4.03282374e-01
    9.34900641e-01 4.89713639e-01 3.36602747e-01 9.74083364e-01
    6.45677090e-01 1.09806776e-01 5.67087233e-01 9.43633318e-01
    5.51639438e-01 6.67629361e-01 2.78908759e-01 5.54653525e-01
    1.44207776e-02 2.23777533e-01 7.46737361e-01 9.05777812e-02
    4.98517156e-01 1.25394583e-01 6.51843548e-01 8.49480689e-01
    4.31933999e-03 2.97854245e-01 8.60454082e-01 2.94435203e-01
    8.47806573e-01 9.00497556e-01 4.87263083e-01 2.13432699e-01
    5.65575659e-01 8.15801144e-01 7.11596489e-01 4.03164625e-01
    2.60363370e-01 5.79873681e-01 4.07170027e-01 3.94996166e-01
    8.25443745e-01 4.45907384e-01 9.57340300e-02 6.82095766e-01
    8.35747600e-01 1.05300814e-01 6.77902460e-01 7.03170776e-01
    1.40263379e-01 6.12061203e-01 3.31130266e-01 3.45626861e-01
    6.94700718e-01 3.40963721e-01 4.94375795e-01 6.22399509e-01
    5.61514795e-01 4.89023149e-01 8.95617962e-01 3.11497927e-01
    1.23200238e-01 1.35252982e-01 4.04160023e-02 8.78617883e-01
    5.67176163e-01 4.21939254e-01 1.27340168e-01 7.85834491e-02
    7.96763897e-01 9.17446673e-01 5.88574409e-01 7.76932657e-01
    9.32041585e-01 2.53174961e-01 9.57419991e-01 4.35334891e-01
    6.77167118e-01 5.91284633e-01 5.36085069e-01 9.73258495e-01
    4.29533392e-01 9.22415793e-01 9.88578558e-01 2.10736752e-01
    9.38320279e-01 5.28384924e-01 6.05408847e-02 8.09928417e-01
    7.43503988e-01 5.27547479e-01 5.05706429e-01 7.31631637e-01
    9.80126441e-01 7.15012968e-01 6.10281408e-01 6.15496933e-01
    9.88108635e-01 1.86563998e-01 9.78753150e-01 8.52555752e-01
    4.18290168e-01 3.22195292e-01 3.04007113e-01 2.98212349e-01
    8.82166505e-01 2.89000332e-01 5.29933572e-02 2.28212953e-01
    4.52434629e-01 6.71861112e-01 7.82828033e-01 2.14979976e-01
    3.09711218e-01 2.56708205e-01 6.66468918e-01 3.75428796e-03
    3.40780646e-01 8.50122035e-01 9.92009997e-01 6.64346814e-01
    2.38635540e-02 2.88850516e-01 5.64775288e-01 7.76236534e-01
    2.80641675e-01 5.83984435e-01 1.45274818e-01 5.05030215e-01
    1.60127342e-01 5.32839298e-01 9.52844620e-01 1.50976360e-01
    9.74675417e-01 3.59597892e-01 2.29891717e-01 3.92212331e-01
    3.86056036e-01 4.79495049e-01 8.03991556e-01 7.30997086e-01
    5.29257953e-02 3.89604181e-01 6.68421566e-01 3.69157225e-01
    5.09882689e-01 7.20503390e-01 2.79057831e-01 9.56795096e-01
    5.40353715e-01 2.91485250e-01 2.23160475e-01 2.00474679e-01
    2.03809917e-01 1.65965557e-01 2.93915689e-01 5.31317353e-01
    6.50534034e-01 5.77990890e-01 1.96256101e-01 4.83436793e-01
    1.09094739e-01 5.52452683e-01 8.90051126e-02 1.93185955e-01
    8.55850756e-01 6.87007785e-01 3.28703433e-01 5.71775794e-01
    4.36774969e-01 6.24219775e-01 9.61638153e-01 3.10734987e-01
    1.14195943e-01 1.03573471e-01 1.74970269e-01 6.27778351e-01
    8.34456980e-01 2.38336831e-01 7.34710813e-01 8.36648941e-01
    8.63915563e-01 3.80468309e-01 5.34457564e-01 5.51831722e-01
    4.05855477e-01 6.25978351e-01 2.09346741e-01 2.84804404e-01
    3.95694554e-01 8.32270980e-01 1.29426390e-01 3.52151722e-01
    9.00924563e-01 6.59552813e-01 1.92578197e-01 3.75260711e-02
    9.28553820e-01 2.50843167e-02 7.71983624e-01 9.50576246e-01
    8.52715373e-01 5.98197103e-01 9.80403781e-01 5.10497808e-01
    4.45744336e-01 2.86579520e-01 9.76396739e-01 9.24166322e-01
    2.76382983e-01 9.66271877e-01 3.63549113e-01 8.97723198e-01
    7.49978125e-01 6.97688818e-01 3.34126592e-01 5.29642701e-01
    3.70067298e-01 5.69006562e-01 9.93756294e-01 3.29702318e-01
    9.01483059e-01 5.46905696e-01 1.77460521e-01 8.68033409e-01
    6.87753797e-01 6.98720038e-01 6.31728590e-01 9.92742538e-01
    8.50043952e-01 7.17300475e-01 2.19611406e-01 6.80202961e-01
    6.17556155e-01 9.20610964e-01 8.43945980e-01 4.73173738e-01
    1.15662962e-01 8.32666993e-01 3.72568399e-01 9.19003248e-01
    2.62456238e-01 3.51728082e-01 6.00920081e-01 2.93845028e-01
    2.67334580e-01 7.62645304e-01 8.19918513e-01 4.98298585e-01
    8.34287286e-01 3.93418908e-01 5.77821136e-02 9.52083468e-01
    2.83684373e-01 6.15285754e-01 8.60580802e-01 1.94112271e-01
    5.81348836e-02 6.93329275e-01 6.77916825e-01 2.78631866e-01
    6.19922698e-01 1.64896339e-01 9.43557858e-01 9.64282513e-01
    6.45677090e-01 1.09806776e-01 5.67087233e-01 9.43633318e-01
    5.51639438e-01 6.67629361e-01 2.78908759e-01 5.54653525e-01
    1.44207776e-02 2.23777533e-01 7.46737361e-01 9.05777812e-02
    4.98517156e-01 1.25394583e-01 6.51843548e-01 8.49480689e-01
    1.46764427e-01 5.32444119e-01 9.90524769e-01 4.81187075e-01
    8.21222544e-01 8.14009428e-01 4.94634211e-01 6.02733612e-01
    1.53643966e-01 4.47449148e-01 7.23791361e-01 5.21491826e-01
    8.69674921e-01 5.12369931e-01 3.04856598e-01 6.49430215e-01
    1.08758777e-01 8.43761742e-01 1.83859468e-03 6.41173840e-01
    7.33764112e-01 8.21772933e-01 4.44530904e-01 9.06424999e-01
    8.68564129e-01 3.73425454e-01 9.02896166e-01 7.76224136e-01
    3.81238908e-01 3.67964387e-01 2.18708128e-01 4.16010022e-02
    6.53108001e-01 5.51492989e-01 4.75409865e-01 7.96276569e-01
    1.00039214e-01 9.07859206e-03 3.57386351e-01 8.91000986e-01
    5.83372951e-01 9.23199892e-01 1.67106271e-01 5.94797373e-01
    6.93370581e-01 9.11703825e-01 9.29504335e-02 1.89171582e-01
    6.65205479e-01 9.72606063e-01 5.61332107e-02 7.99562216e-01
    2.10697562e-01 8.93529177e-01 7.64526188e-01 2.73421526e-01
    4.05304790e-01 4.30221051e-01 5.95143914e-01 7.71395802e-01
    3.79598588e-01 6.97904706e-01 2.50385523e-01 3.69057655e-01
    5.40975571e-01 7.43387043e-02 6.77765012e-01 3.89927268e-01
    2.66979665e-01 1.87883317e-01 5.26188552e-01 5.76354265e-01
    4.90596950e-01 5.51739097e-01 8.92040610e-01 3.15295398e-01
    3.69911015e-01 7.16969967e-01 8.43710780e-01 9.83572900e-01
    7.78821588e-01 9.23134446e-01 3.95534992e-01 4.01464432e-01
    9.32700574e-01 6.53180838e-01 1.42961532e-01 9.29874659e-01
    2.97642887e-01 8.71902227e-01 6.15978599e-01 7.76816130e-01
    7.40160942e-01 4.38426405e-01 1.74964070e-01 4.81570661e-02
    7.25891948e-01 3.48304510e-01 7.24602342e-01 6.11064374e-01
    7.34508932e-02 5.18346369e-01 5.95464349e-01 7.98118114e-01
    1.23301744e-01 9.45283592e-01 9.22716916e-01 4.79180008e-01
    6.08352125e-01 9.29611027e-02 1.23443276e-01 1.99472874e-01
    4.56360817e-01 4.46349442e-01 2.52141356e-01 6.75865829e-01
    2.48443335e-01 9.29219842e-01 4.52698827e-01 4.66307968e-01
    7.32545614e-01 8.01977992e-01 2.03720868e-01 2.82343924e-01
    7.74046779e-01 5.54078281e-01 8.45759451e-01 5.87013304e-01
    4.43485200e-01 8.79612684e-01 4.57313120e-01 9.67302501e-01
    3.32715452e-01 4.11074847e-01 1.01119727e-01 5.81761956e-01
    1.33143157e-01 7.37555265e-01 9.42843080e-01 4.83107865e-01
    5.76481164e-01 3.25245261e-01 2.49440968e-01 5.74510276e-01
    7.32277691e-01 1.96461499e-01 6.98735833e-01 9.48987722e-01
    1.31606311e-01 6.30289316e-04 5.61940372e-01 1.18651956e-01
    5.36036551e-01 7.86138415e-01 4.83709306e-01 4.87421125e-01
    8.78256142e-01 8.31863165e-01 4.57252562e-01 2.12426186e-02
    2.20090955e-01 2.61057258e-01 4.11032915e-01 5.07091463e-01
    6.39203310e-01 9.50628877e-01 7.23870337e-01 9.33264494e-01
    9.16462660e-01 7.44596720e-02 7.99758136e-01 5.93188822e-01
    4.68862087e-01 2.94017673e-01 9.02433217e-01 6.16021395e-01
    4.34706539e-01 7.91058004e-01 8.03122640e-01 9.03505921e-01
    8.57934177e-01 1.61140144e-01 7.54682302e-01 4.34271872e-01
    3.86099607e-01 6.46014214e-02 1.80891752e-01 7.58610845e-01
    9.80808437e-02 6.31498933e-01 3.23117316e-01 4.67715055e-01
    3.94033104e-01 2.06914485e-01 8.94618392e-01 7.94833779e-01
    3.42799842e-01 5.17368972e-01 4.79675412e-01 3.34701657e-01
    2.11612642e-01 2.83849299e-01 5.65937936e-01 7.96119094e-01
    4.98026490e-01 4.04357523e-01 9.18542504e-01 8.18362594e-01
    2.13631988e-02 5.04851937e-02 2.65844107e-01 3.73345613e-02
    9.88599420e-01 3.14353049e-01 7.36178875e-01 4.81913179e-01
    7.48198390e-01 7.22671866e-01 7.47561812e-01 6.59571350e-01
    1.87214613e-02 7.96797276e-01 9.11186993e-01 6.91769004e-01
    7.16331601e-03 2.18195707e-01 4.86073792e-01 3.92730892e-01
    7.35116780e-01 6.10663593e-02 5.02105236e-01 8.14206302e-01
    8.44690621e-01 1.21457040e-01 6.52368426e-01 7.40854740e-01
    6.25257194e-01 2.76523173e-01 1.63758308e-01 4.22717005e-01
    7.90568829e-01 6.98206663e-01 1.40807182e-01 2.37479895e-01
    6.39812231e-01 2.82749653e-01 9.15814042e-01 2.18382031e-01
    5.32414079e-01 9.29952979e-01 2.39538968e-01 7.40259051e-01
    6.57558382e-01 8.35489094e-01 3.84071171e-02 2.80537128e-01
    1.46764427e-01 5.32444119e-01 9.90524769e-01 4.81187075e-01
    8.21222544e-01 8.14009428e-01 4.94634211e-01 6.02733612e-01
    1.53643966e-01 4.47449148e-01 7.23791361e-01 5.21491826e-01
    8.69674921e-01 5.12369931e-01 3.04856598e-01 6.49430215e-01
    7.82374501e-01 8.38572502e-01 2.81821847e-01 9.81168151e-01
    4.91792828e-01 8.88331771e-01 6.48475587e-01 2.76356757e-01
    1.80251747e-01 3.19294780e-01 2.37437934e-01 5.29281378e-01
    6.28780305e-01 8.37411880e-02 5.54097712e-01 4.09716904e-01
    9.19874251e-01 9.41523135e-01 6.32965922e-01 1.35882944e-01
    9.85771596e-01 8.04318368e-01 2.06036478e-01 6.14414275e-01
    9.94999707e-02 5.66894412e-01 8.12445402e-01 6.10506713e-01
    2.92021751e-01 6.49043083e-01 7.23031938e-01 6.75272226e-01
    4.61392105e-02 8.22139859e-01 3.03106934e-01 5.69942355e-01
    8.09981465e-01 5.43330193e-01 7.65358806e-01 8.15776944e-01
    3.11805069e-01 4.09745216e-01 2.38715738e-01 8.94724131e-01
    6.25311434e-01 2.61059642e-01 5.58102489e-01 8.22892308e-01
    4.79153633e-01 5.52676678e-01 5.54979742e-01 7.43715584e-01
    5.19543767e-01 5.96247673e-01 6.53390884e-02 5.92991054e-01
    1.11221552e-01 9.07648206e-02 6.54650807e-01 7.24572062e-01
    7.88360953e-01 2.05092788e-01 9.67350721e-01 2.45797604e-01
    6.42435193e-01 7.85961449e-01 1.13294959e-01 1.61416560e-01
    1.80160046e-01 7.37786412e-01 4.39418137e-01 9.86370742e-02
    7.91155338e-01 3.64569426e-01 1.09924972e-01 6.59869373e-01
    5.77306628e-01 5.16596913e-01 2.57120430e-02 7.21375108e-01
    8.51818264e-01 3.39812547e-01 8.90947104e-01 6.39257848e-01
    7.28654683e-01 3.56463850e-01 7.68115044e-01 8.09377313e-01
    8.94440413e-01 1.49751127e-01 6.96113408e-01 9.09535646e-01
    8.21681261e-01 2.18493789e-01 2.15918690e-01 4.43824857e-01
    7.13608265e-02 1.45259231e-01 2.58563817e-01 4.91229504e-01
    8.59759450e-01 5.30285358e-01 9.50871825e-01 6.44113243e-01
    3.51526439e-01 8.07275772e-01 6.74829125e-01 8.87423217e-01
    6.75653815e-01 3.94349396e-02 8.25578570e-01 4.00869161e-01
    7.61854410e-01 8.20977688e-02 9.93563473e-01 7.94907331e-01
    7.27895796e-02 7.01219201e-01 6.80313289e-01 6.71245694e-01
    9.69726205e-01 6.60649836e-01 8.83608341e-01 7.49683976e-01
    2.66297460e-01 9.36830997e-01 1.74303949e-02 6.06979430e-01
    4.51566458e-01 9.41363454e-01 7.24004269e-01 5.32897472e-01
    6.47285283e-01 8.39223921e-01 3.19686294e-01 7.84482360e-01
    4.18511868e-01 5.57301342e-01 6.73628271e-01 1.18818253e-01
    2.18599856e-01 4.19254959e-01 1.72881514e-01 9.57649946e-01
    8.91981006e-01 8.34074140e-01 1.25169694e-01 5.51721990e-01
    3.82870167e-01 5.43076992e-01 3.15977097e-01 9.81697083e-01
    1.93339139e-01 9.45141375e-01 9.93872404e-01 5.73343217e-01
    4.99674290e-01 9.57075834e-01 4.61543739e-01 8.22256804e-01
    3.29185665e-01 3.15637052e-01 4.61163968e-01 2.52089977e-01
    3.15316498e-01 1.89518362e-01 2.25717127e-02 5.43863833e-01
    5.09567261e-01 2.92561144e-01 8.59293222e-01 8.43465209e-01
    6.52007937e-01 8.33311260e-01 4.97680753e-01 8.76042128e-01
    4.01926547e-01 6.25049531e-01 8.70868742e-01 8.65715265e-01
    9.93012130e-01 6.34820282e-01 2.11935490e-01 1.79417133e-01
    6.98374927e-01 6.57445669e-01 4.84369636e-01 6.66222751e-01
    9.18839216e-01 1.33676231e-01 4.89156961e-01 4.46068585e-01
    5.39728820e-01 8.12240005e-01 8.87215376e-01 4.96643186e-02
    9.99701381e-01 1.95020795e-01 9.16059375e-01 3.06301206e-01
    6.34800375e-01 9.36809778e-01 7.06494749e-02 3.67561877e-02
    4.53989506e-02 6.17505074e-01 4.50055003e-02 6.19154394e-01
    3.72232199e-01 4.29255515e-01 8.82771134e-01 5.69471717e-02
    8.53783846e-01 7.81442106e-01 3.51929843e-01 4.73773479e-03
    6.36836112e-01 4.64856148e-01 8.75146806e-01 6.42992973e-01
    8.98492634e-02 3.20096254e-01 6.32519662e-01 1.11240566e-01
    3.58678609e-01 7.02342153e-01 1.65546715e-01 4.93860185e-01
    9.07592654e-01 5.30640841e-01 8.36409390e-01 4.80432987e-01
    7.05204070e-01 3.43567133e-01 8.16896677e-01 9.23820496e-01
    4.56465900e-01 6.46034360e-01 2.76342928e-01 2.44791836e-01
    6.74842298e-01 6.11174107e-03 7.69264817e-01 8.03721905e-01
    7.01721430e-01 1.13838017e-02 5.17156243e-01 6.67483032e-01
    9.78262424e-01 2.10516065e-01 4.72421587e-01 1.23757511e-01
    3.03365588e-02 9.01544690e-01 5.56692719e-01 8.45720530e-01
    7.82374501e-01 8.38572502e-01 2.81821847e-01 9.81168151e-01
    4.91792828e-01 8.88331771e-01 6.48475587e-01 2.76356757e-01
    1.80251747e-01 3.19294780e-01 2.37437934e-01 5.29281378e-01
    6.28780305e-01 8.37411880e-02 5.54097712e-01 4.09716904e-01
    8.00801814e-02 5.22778928e-01 4.49719846e-01 4.16579783e-01
    4.19858307e-01 9.87730563e-01 1.59260631e-02 2.67087340e-01
    1.76035970e-01 2.11715341e-01 1.14735186e-01 6.66390061e-01
    4.66407150e-01 4.10006881e-01 4.64618027e-01 3.21932822e-01
    9.28947330e-01 5.04340351e-01 9.58492935e-01 9.17744637e-02
    9.60282028e-01 5.90387046e-01 3.09805602e-01 5.80743968e-01
    6.71989083e-01 6.96143091e-01 5.40199518e-01 2.97693610e-02
    4.33367491e-03 3.54120523e-01 6.00286245e-01 7.85832703e-02
    8.47687125e-01 5.52731276e-01 9.00866628e-01 9.41772342e-01
    4.53881949e-01 6.47034705e-01 1.10167861e-02 8.36546421e-01
    6.44320905e-01 8.99036527e-01 2.95829952e-01 3.23950052e-01
    3.69959950e-01 9.85524654e-02 4.89477813e-01 2.98488468e-01
    4.86370534e-01 8.38137627e-01 2.00410426e-01 5.14498353e-03
    8.55824471e-01 7.35498011e-01 7.39929199e-01 9.22230601e-01
    3.76624614e-01 1.11196071e-01 2.72089869e-01 5.42014241e-01
    8.07684660e-01 3.05146009e-01 6.98526084e-01 8.26024652e-01
    6.00760520e-01 6.07781470e-01 9.42405999e-01 6.49696589e-03
    2.68671662e-01 3.66259277e-01 8.55944157e-02 5.60589373e-01
    8.34798276e-01 5.36595285e-01 2.84617007e-01 7.59830415e-01
    1.72000349e-01 4.27553862e-01 1.48870230e-01 5.88078320e-01
    9.14005280e-01 5.36736906e-01 2.76480824e-01 5.77213645e-01
    6.69759512e-01 8.70868087e-01 5.18527389e-01 7.38024235e-01
    3.51299345e-01 6.16941512e-01 4.52006012e-01 1.25826418e-01
    2.92741179e-01 1.35711074e-01 3.22868526e-01 8.49877119e-01
    1.72825843e-01 9.31832194e-01 5.24949014e-01 2.87262529e-01
    3.58510137e-01 6.53535426e-01 3.13554257e-01 3.17007780e-01
    4.62659687e-01 8.94034564e-01 5.11931896e-01 3.72747362e-01
    5.88317752e-01 3.34289223e-01 9.22885418e-01 5.94718099e-01
    2.38131464e-01 5.31402767e-01 3.53122264e-01 1.02957547e-01
    9.01874542e-01 7.82816768e-01 8.49329829e-01 8.96063209e-01
    8.45363855e-01 7.79533386e-02 5.13184905e-01 7.01359570e-01
    6.43030047e-01 3.27961385e-01 1.53468221e-01 3.51593614e-01
    8.08248341e-01 4.80397969e-01 6.33937299e-01 2.42637545e-01
    5.31819940e-01 1.60281986e-01 5.16328335e-01 2.49788404e-01
    1.82040036e-02 4.55519885e-01 2.69015521e-01 7.50877500e-01
    7.71388590e-01 2.38640070e-01 9.41194177e-01 7.78274834e-02
    8.79075527e-01 1.10064715e-01 6.07404590e-01 3.12607229e-01
    8.07092667e-01 2.35795677e-02 3.80969465e-01 9.46853995e-01
    6.36924982e-01 4.66465056e-02 7.86759615e-01 9.97663796e-01
    6.28213942e-01 3.40641499e-01 6.62804484e-01 8.54647517e-01
    5.59924066e-01 7.54032254e-01 7.45382071e-01 9.86345530e-01
    1.59620255e-01 4.54196632e-02 8.28699470e-02 5.95198452e-01
    9.00255620e-01 7.85780966e-01 9.47245359e-01 1.41471028e-01
    8.64357948e-02 5.63925624e-01 9.11261082e-01 8.72857451e-01
    4.86294687e-01 4.69875515e-01 3.25643420e-02 9.02093410e-01
    7.04672277e-01 1.65372819e-01 4.10791099e-01 8.50674093e-01
    5.89076459e-01 4.42229599e-01 6.85985744e-01 8.83195221e-01
    9.85622168e-01 5.70702374e-01 1.67944282e-01 6.67643607e-01
    3.55629355e-01 3.28270137e-01 5.29728949e-01 5.90212166e-01
    7.80710161e-01 3.87559831e-01 4.73164022e-02 7.41221905e-01
    3.14734340e-01 3.68034780e-01 3.32084566e-01 8.10924411e-01
    5.47042549e-01 6.52547836e-01 6.86095059e-01 8.00308228e-01
    8.76957357e-01 1.24554753e-01 1.43719107e-01 7.17303514e-01
    8.27415109e-01 6.52764559e-01 9.80428100e-01 9.18681920e-01
    7.39654839e-01 5.59243858e-01 6.41537309e-01 6.22947276e-01
    7.42288291e-01 7.70044029e-01 3.02574545e-01 6.70271873e-01
    8.98375094e-01 1.35213673e-01 2.83993840e-01 4.49370801e-01
    5.95977902e-02 6.36276901e-02 4.12173510e-01 1.82780862e-01
    6.55836642e-01 7.65192926e-01 2.67553777e-01 5.13769567e-01
    1.91428751e-01 8.37056398e-01 2.58677304e-02 1.70645952e-01
    7.51564980e-01 3.43705058e-01 3.97789687e-01 2.69266367e-02
    5.11477947e-01 2.56332457e-01 8.09672713e-01 1.60299987e-01
    1.73764825e-02 5.02263546e-01 8.35256577e-01 8.24753284e-01
    2.53513873e-01 7.34550416e-01 1.24446839e-01 6.84547126e-01
    8.00801814e-02 5.22778928e-01 4.49719846e-01 4.16579783e-01
    4.19858307e-01 9.87730563e-01 1.59260631e-02 2.67087340e-01
    1.76035970e-01 2.11715341e-01 1.14735186e-01 6.66390061e-01
    4.66407150e-01 4.10006881e-01 4.64618027e-01 3.21932822e-01
    4.01690781e-01 2.98350871e-01 4.41116214e-01 7.80570507e-01
    8.59609544e-01 2.67406762e-01 5.24952292e-01 2.90845931e-01
    2.44042635e-01 7.57970452e-01 8.64619195e-01 9.47687268e-01
    7.18878627e-01 6.94073737e-01 5.39949596e-01 3.96848261e-01
    3.59356880e-01 6.90193832e-01 7.74676681e-01 4.27548051e-01
    7.72172689e-01 2.32336581e-01 3.86573911e-01 4.88795310e-01
    4.99589622e-01 3.03647816e-01 3.01174939e-01 2.02449828e-01
    9.56585169e-01 7.36066997e-02 3.64662707e-01 1.26521617e-01
    5.70495427e-02 1.39702737e-01 1.92887813e-01 9.61681068e-01
    2.89171815e-01 7.31849968e-01 7.75419474e-01 6.03552282e-01
    2.58067250e-03 5.74591994e-01 8.31041038e-02 7.93504953e-01
    4.50076997e-01 3.59683156e-01 2.85480708e-01 5.31281531e-02
    2.13713706e-01 1.14139229e-01 2.31000394e-01 8.82441759e-01
    7.53070235e-01 1.95832551e-01 4.46205437e-01 3.00711811e-01
    4.21823978e-01 9.40561295e-04 3.87627274e-01 7.28724718e-01
    2.31988817e-01 8.74963343e-01 1.07394904e-01 2.43830353e-01
    4.86149669e-01 1.37231350e-02 8.81194174e-01 7.70076275e-01
    8.18191051e-01 6.97598577e-01 4.34171081e-01 5.53737283e-02
    4.46367621e-01 5.94123662e-01 3.78094465e-01 7.60437846e-01
    6.32468700e-01 8.35333467e-01 8.17667186e-01 9.81451929e-01
    7.04569936e-01 3.75142872e-01 5.94753146e-01 4.49442327e-01
    6.99553251e-01 9.38994050e-01 8.23536217e-02 3.99389267e-02
    3.60564828e-01 4.27468151e-01 3.05398047e-01 7.21767187e-01
    5.34723520e-01 4.51888293e-01 1.79039627e-01 5.13696373e-01
    4.80322540e-02 9.01342452e-01 4.18583870e-01 7.16188312e-01
    9.23853755e-01 8.56157005e-01 2.27807164e-01 1.42990291e-01
    3.80454987e-01 9.80178654e-01 6.72101021e-01 2.10746378e-01
    6.49243593e-01 4.64189321e-01 6.23587191e-01 7.35428631e-01
    3.60438377e-01 6.26931787e-01 2.52027035e-01 2.46814668e-01
    5.33490181e-01 1.29406691e-01 4.52773273e-02 4.39801395e-01
    6.19215608e-01 3.76480073e-01 3.13412964e-01 8.90126228e-01
    5.43091297e-02 8.40173602e-01 3.50736082e-01 8.49735141e-01
    4.62714374e-01 4.97337550e-01 9.86966014e-01 7.00100183e-01
    6.96056962e-01 1.98777318e-02 5.77829778e-01 4.28269774e-01
    7.98203707e-01 4.66678739e-01 9.90783930e-01 8.76664460e-01
    9.12904978e-01 9.09780741e-01 7.59569466e-01 3.70014250e-01
    6.63809538e-01 5.42492688e-01 3.16257715e-01 3.09631348e-01
    2.01538593e-01 6.40628457e-01 7.03366280e-01 6.97306395e-01
    3.49964082e-01 8.52803707e-01 2.40213811e-01 4.73499894e-01
    5.98591566e-02 4.61144447e-02 9.50487792e-01 3.70614886e-01
    2.36067653e-01 7.80820847e-01 2.40238309e-01 1.98285073e-01
    3.60422343e-01 4.09470201e-01 1.40042603e-01 2.89308369e-01
    6.56319380e-01 4.00865376e-02 4.43958700e-01 8.67522120e-01
    1.70577168e-02 7.84730375e-01 3.21134895e-01 3.69319171e-01
    5.21461725e-01 2.73449600e-01 7.92207956e-01 3.53579164e-01
    5.83044648e-01 6.24849677e-01 6.79772198e-02 8.31848025e-01
    8.37743998e-01 5.02975464e-01 6.02541268e-01 1.98065221e-01
    9.96876955e-01 6.98069394e-01 1.63857102e-01 5.10609806e-01
    5.64060211e-02 8.52801800e-01 8.49822044e-01 7.44301617e-01
    7.51201212e-02 6.11310959e-01 6.95869088e-01 4.82256174e-01
    7.63198793e-01 6.21825993e-01 4.89679456e-01 5.46368241e-01
    5.15820444e-01 6.88078642e-01 2.92102486e-01 7.55776763e-02
    9.12328482e-01 8.13863516e-01 5.43512106e-02 4.85813767e-01
    8.14252973e-01 1.30211443e-01 7.80615449e-01 4.95862335e-01
    7.36632645e-02 8.35106969e-01 9.22002792e-01 8.17240238e-01
    6.20534539e-01 5.63483477e-01 1.18838072e-01 5.61573029e-01
    6.36882126e-01 2.47378975e-01 4.39818680e-01 5.29788852e-01
    8.71317983e-02 4.35653567e-01 1.68660611e-01 8.87770832e-01
    7.02168643e-01 2.08730608e-01 3.49341273e-01 3.03474575e-01
    9.15601492e-01 6.31835163e-02 2.09842682e-01 9.36173558e-01
    4.49938893e-01 1.61386073e-01 2.49677777e-01 2.39656508e-01
    4.17475462e-01 6.12589300e-01 4.71464008e-01 1.94115341e-01
    7.33281851e-01 8.04491818e-01 7.04959571e-01 2.23168045e-01
    7.41759300e-01 9.18579280e-01 1.02179080e-01 4.53465611e-01
    4.01690781e-01 2.98350871e-01 4.41116214e-01 7.80570507e-01
    8.59609544e-01 2.67406762e-01 5.24952292e-01 2.90845931e-01
    2.44042635e-01 7.57970452e-01 8.64619195e-01 9.47687268e-01
    7.18878627e-01 6.94073737e-01 5.39949596e-01 3.96848261e-01
    2.49741971e-02 7.77001739e-01 8.76475513e-01 8.88702393e-01
    5.51511645e-02 2.10395277e-01 7.96816051e-02 7.51200438e-01
    4.25637662e-01 5.60489058e-01 9.30578589e-01 6.68236256e-01
    3.13474834e-02 7.22252011e-01 9.87610102e-01 3.84050548e-01
    7.72770464e-01 2.35326052e-01 4.09243464e-01 4.30935591e-01
    3.11924636e-01 2.44924098e-01 7.50422239e-01 4.86072183e-01
    5.27001798e-01 3.72707427e-01 3.71821940e-01 8.35776806e-01
    9.17541146e-01 4.14055794e-01 1.60348177e-01 2.14695781e-01
    7.60206103e-01 1.89626217e-03 8.44740331e-01 5.92689812e-01
    7.42730856e-01 6.30200028e-01 2.04727590e-01 5.56654930e-01
    5.81464887e-01 1.49006397e-01 1.15657270e-01 4.77030098e-01
    6.26425922e-01 6.05290294e-01 2.59839118e-01 8.76218021e-01
    2.79505134e-01 6.54274821e-01 6.82359517e-01 9.35161948e-01
    7.70643890e-01 7.81666756e-01 9.46663499e-01 1.37597203e-01
    5.31931043e-01 2.94590712e-01 4.98302579e-01 5.21392167e-01
    7.54632056e-02 2.77562022e-01 4.08778369e-01 7.75070727e-01
    6.47794664e-01 1.39203072e-02 3.89720798e-01 7.97168434e-01
    1.09079212e-01 5.97852290e-01 8.35610628e-01 5.41535854e-01
    1.47807300e-02 4.34751391e-01 2.29269326e-01 5.20459235e-01
    3.35936427e-01 6.32969201e-01 6.83051348e-01 7.13929832e-01
    7.22958446e-01 1.10163450e-01 5.53075969e-01 9.93680358e-01
    7.14113295e-01 6.05172873e-01 6.78876281e-01 7.36867964e-01
    6.99239373e-01 6.20934665e-02 7.10898757e-01 3.61297011e-01
    9.32062387e-01 2.35311985e-01 6.70383275e-02 5.73688090e-01
    9.39077973e-01 8.89584661e-01 1.96185470e-01 4.34943140e-01
    7.08201230e-02 3.22642326e-01 1.53048337e-01 5.16542733e-01
    6.64521873e-01 5.09374440e-01 1.94184572e-01 3.94163042e-01
    7.80391276e-01 8.42653751e-01 7.41383791e-01 1.21490210e-01
    5.57000995e-01 5.85049033e-01 4.95896548e-01 3.72663260e-01
    1.42262995e-01 1.53611124e-01 5.30544281e-01 6.81051731e-01
    3.27930927e-01 2.69856632e-01 4.01804328e-01 9.61180091e-01
    9.48062062e-01 5.35220444e-01 7.13006496e-01 5.38732767e-01
    8.92934203e-01 4.27286267e-01 6.79050684e-01 5.40356100e-01
    5.03726900e-01 2.63643861e-01 3.56847107e-01 2.03803241e-01
    3.13969076e-01 4.20099646e-01 8.63358617e-01 5.07811248e-01
    3.66046667e-01 5.03586352e-01 4.83029425e-01 2.11542547e-01
    6.35917902e-01 2.22717524e-01 2.43520021e-01 3.22928160e-01
    4.08641368e-01 7.89228916e-01 6.60012364e-02 6.06061935e-01
    8.71429741e-02 6.64338589e-01 8.27502608e-01 9.97984648e-01
    3.77181232e-01 7.89034069e-02 3.35914850e-01 5.74458480e-01
    1.00323528e-01 1.42211467e-01 1.67221129e-02 6.36790752e-01
    8.33881199e-02 4.79504377e-01 3.82465422e-01 2.00073719e-02
    9.05384481e-01 2.90882856e-01 3.08960497e-01 2.01341242e-01
    9.63866711e-04 3.81707251e-01 8.08141470e-01 5.50556242e-01
    1.98309124e-02 9.71313596e-01 2.42417067e-01 1.51909918e-01
    5.50625920e-01 4.40001041e-01 9.46619630e-01 1.76682353e-01
    5.89777231e-01 6.97870851e-01 2.08254933e-01 1.22429371e-01
    7.00211346e-01 2.47286469e-01 6.62408471e-02 2.68794805e-01
    6.42943323e-01 4.87849176e-01 9.35855269e-01 2.72087544e-01
    3.81611079e-01 7.12523580e-01 9.92847025e-01 4.36811149e-01
    9.95643497e-01 2.33342320e-01 1.41047001e-01 9.62705195e-01
    9.52158630e-01 7.28183866e-01 4.65535700e-01 7.85480738e-01
    4.01376665e-01 6.22344494e-01 1.73542678e-01 2.88049549e-01
    1.51456237e-01 4.34869051e-01 6.17198169e-01 3.24349463e-01
    9.71253812e-02 8.00620437e-01 8.40016127e-01 1.12770349e-01
    6.17232323e-01 4.97977614e-01 9.83503997e-01 3.32012832e-01
    2.33482003e-01 9.71062839e-01 1.39566898e-01 1.83851987e-01
    7.96836495e-01 5.10859966e-01 5.95714867e-01 5.94326735e-01
    1.43321574e-01 7.72863269e-01 9.18499112e-01 8.64070654e-01
    3.03334892e-01 2.12402970e-01 5.22227407e-01 2.14067161e-01
    5.94604850e-01 6.12810850e-01 4.42459226e-01 8.80346417e-01
    3.82603288e-01 3.01362157e-01 9.76598024e-01 4.25777435e-02
    1.30942464e-02 1.23806477e-01 3.26177210e-01 8.45582366e-01
    4.55774963e-01 5.13758779e-01 3.46139461e-01 3.65356147e-01
    2.49741971e-02 7.77001739e-01 8.76475513e-01 8.88702393e-01
    5.51511645e-02 2.10395277e-01 7.96816051e-02 7.51200438e-01
    4.25637662e-01 5.60489058e-01 9.30578589e-01 6.68236256e-01
    3.13474834e-02 7.22252011e-01 9.87610102e-01 3.84050548e-01
    8.16331387e-01 3.97799939e-01 7.32947290e-02 1.11557543e-02
    7.22573459e-01 5.42539001e-01 4.30525750e-01 7.27739513e-01
    5.99358737e-01 6.65124655e-01 6.76599562e-01 3.07829976e-02
    7.55243778e-01 8.68442535e-01 9.59274054e-01 9.19456780e-02
    2.46080160e-02 2.58577287e-01 3.94855529e-01 9.40396190e-02
    3.56553972e-01 5.93327940e-01 4.62542236e-01 7.53722489e-02
    3.45033109e-01 8.05634558e-02 9.56308722e-01 2.29131937e-01
    5.69320500e-01 2.95273542e-01 1.58953369e-01 1.09680414e-01
    7.18332708e-01 3.11824799e-01 2.09258795e-01 8.20733428e-01
    6.77687705e-01 1.84728861e-01 7.46473789e-01 8.43212903e-02
    5.15178740e-01 1.21541023e-02 9.56214905e-01 9.41241086e-02
    3.06248099e-01 7.36538172e-01 4.64755803e-01 7.33189344e-01
    7.83361197e-01 1.26962960e-02 8.27395916e-01 8.66104662e-02
    7.15636611e-01 4.34584558e-01 1.35146201e-01 5.95661402e-02
    5.24279654e-01 8.69259596e-01 9.35798764e-01 1.28477812e-03
    1.99061185e-01 6.16260648e-01 6.49313331e-02 4.73611534e-01
    8.95580828e-01 2.84260571e-01 7.04128027e-01 7.45201409e-01
    2.65603364e-01 7.24067211e-01 7.13174701e-01 3.68887752e-01
    6.99951053e-02 3.44480872e-02 5.49795806e-01 5.40727556e-01
    5.39376795e-01 1.58765107e-01 9.22044575e-01 1.27473146e-01
    5.15313983e-01 7.76399970e-02 4.14027184e-01 2.52567649e-01
    3.04596484e-01 8.51426601e-01 4.36226487e-01 8.57794523e-01
    6.01861835e-01 9.46044922e-04 1.00948811e-02 9.28638458e-01
    6.83041513e-01 6.60633445e-01 4.81285453e-01 7.49358714e-01
    8.49942923e-01 6.67734742e-01 4.83169407e-01 7.19569147e-01
    7.16872990e-01 9.95721817e-01 4.61501002e-01 4.46767211e-01
    3.87890816e-01 1.88002944e-01 3.15395772e-01 3.79408002e-01
    5.71120560e-01 6.25784457e-01 9.12655711e-01 2.74045825e-01
    7.82335162e-01 3.26520026e-01 4.62332875e-01 4.66258228e-01
    4.80272800e-01 9.96760488e-01 3.31320286e-01 1.73489034e-01
    8.28925967e-01 1.42887682e-01 8.94453406e-01 1.19269401e-01
    7.96989024e-01 9.79828835e-01 8.18570137e-01 8.76556635e-01
    9.46314573e-01 9.59449887e-01 7.85142064e-01 6.58476591e-01
    4.44828451e-01 7.61781931e-01 8.01502943e-01 6.54252172e-02
    5.83365560e-03 5.23091078e-01 3.56806815e-01 1.36337787e-01
    7.06947446e-01 1.17366850e-01 2.49009430e-01 5.00324607e-01
    4.71661329e-01 1.75167114e-01 5.48038483e-01 5.66911459e-01
    9.09003735e-01 2.21755594e-01 7.48904824e-01 8.75811100e-01
    5.24964929e-02 9.13001657e-01 1.71029568e-03 3.75233829e-01
    4.84475672e-01 5.50016761e-01 6.97322607e-01 9.15874124e-01
    5.01177311e-02 8.30347061e-01 4.24194843e-01 2.20056146e-01
    5.35031438e-01 7.60182738e-01 6.76679254e-01 4.13064599e-01
    3.18762034e-01 7.28729367e-03 5.40367723e-01 1.61550641e-01
    6.42236829e-01 3.69962156e-02 3.40146601e-01 1.04993075e-01
    3.88910264e-01 8.59633684e-01 7.12040842e-01 2.23568320e-01
    3.58079642e-01 2.35954791e-01 4.73752081e-01 3.57344449e-02
    1.12427831e-01 2.78864264e-01 5.42551279e-01 3.64913046e-02
    5.98779023e-01 7.39214301e-01 3.50801885e-01 8.04887831e-01
    1.48912251e-01 7.86696196e-01 9.82266307e-01 5.82729638e-01
    3.09809387e-01 5.38496137e-01 9.34858263e-01 4.18280900e-01
    1.42363399e-01 7.57654309e-02 8.76184762e-01 5.78979552e-02
    6.70096457e-01 5.25444448e-02 6.68113947e-01 3.34103167e-01
    3.42957795e-01 1.32234663e-01 5.12424171e-01 2.93950140e-02
    1.75440907e-02 6.10204816e-01 5.22502005e-01 2.86954403e-01
    7.56608784e-01 4.58956540e-01 3.90194923e-01 2.27057993e-01
    2.73109615e-01 2.29893804e-01 4.89324510e-01 4.95031059e-01
    9.02979195e-01 8.11872005e-01 5.25736630e-01 7.83367038e-01
    9.18720305e-01 1.86520636e-01 5.96488595e-01 2.60181785e-01
    2.87399918e-01 1.04420781e-01 5.63666344e-01 1.15636766e-01
    7.85601139e-03 2.00624675e-01 7.90094852e-01 1.97041750e-01
    7.03955233e-01 3.69970024e-01 9.19280827e-01 5.37292898e-01
    6.70179367e-01 2.61104703e-02 7.13825703e-01 2.76437700e-01
    9.40525234e-01 5.95771372e-02 2.60930955e-01 6.10071599e-01
    6.64914787e-01 4.18999404e-01 4.83245224e-01 4.00932521e-01
    8.16331387e-01 3.97799939e-01 7.32947290e-02 1.11557543e-02
    7.22573459e-01 5.42539001e-01 4.30525750e-01 7.27739513e-01
    5.99358737e-01 6.65124655e-01 6.76599562e-01 3.07829976e-02
    7.55243778e-01 8.68442535e-01 9.59274054e-01 9.19456780e-02
    7.00590670e-01 2.20088422e-01 2.15592772e-01 5.55558503e-02
    1.26496792e-01 2.65773535e-01 1.91030204e-01 7.12751150e-01
    8.52029204e-01 6.17955983e-01 8.10035110e-01 6.45671129e-01
    7.43488431e-01 7.70979643e-01 2.61720121e-01 9.54411983e-01
    9.96434748e-01 5.11501312e-01 5.91406465e-01 4.17417824e-01
    9.13361311e-01 9.47033405e-01 2.96735674e-01 6.41112924e-01
    3.59128296e-01 9.07106519e-01 8.09414625e-01 7.26435840e-01
    6.02288663e-01 9.45116460e-01 4.07705069e-01 1.03279799e-01
    7.52185225e-01 2.15711236e-01 6.26511753e-01 8.54007900e-02
    7.71723866e-01 5.81226647e-01 5.87660789e-01 7.10402369e-01
    9.40593004e-01 3.09406817e-01 5.60913086e-01 3.72448623e-01
    4.88311291e-01 9.30227697e-01 7.68115163e-01 4.53440249e-02
    1.89690739e-01 4.70943391e-01 7.13049352e-01 7.76250243e-01
    5.51925421e-01 1.47877932e-01 9.12981927e-01 5.89865744e-01
    7.56329596e-02 7.05270290e-01 2.80401826e-01 1.85069650e-01
    4.35621381e-01 1.02708995e-01 8.93125594e-01 4.28742021e-01
    2.11876988e-01 3.20034385e-01 8.86975527e-01 1.13789201e-01
    8.84275734e-01 3.16407859e-01 9.05067801e-01 4.77081388e-01
    9.41196799e-01 4.74208266e-01 1.90190881e-01 3.56391251e-01
    1.79919571e-01 4.80096042e-01 7.50061512e-01 5.72260737e-01
    7.84672618e-01 8.43471169e-01 1.93404526e-01 9.80175138e-01
    5.82450628e-03 5.52855849e-01 6.67054296e-01 1.42441124e-01
    9.82569456e-01 5.45380473e-01 8.69988799e-01 8.18966806e-01
    5.80424845e-01 4.26173538e-01 6.89481139e-01 8.65499496e-01
    5.45034230e-01 4.19215590e-01 9.14064169e-01 1.27825528e-01
    3.17184508e-01 2.50918925e-01 8.14705491e-01 6.84375405e-01
    7.31971264e-01 8.80676031e-01 4.00664330e-01 4.26160693e-02
    5.82709610e-02 6.17246866e-01 9.76600945e-02 9.54455376e-01
    3.45283449e-02 2.62468845e-01 8.92770648e-01 5.82618594e-01
    5.97854257e-01 8.87061536e-01 1.04460299e-01 7.92453587e-01
    4.20362413e-01 6.81199253e-01 8.30061674e-01 7.16902673e-01
    7.12301612e-01 7.47891545e-01 5.18647790e-01 5.12933075e-01
    9.32497382e-02 6.65621758e-01 9.42696631e-01 9.29490983e-01
    7.52128720e-01 4.44151103e-01 3.41639936e-01 2.55910754e-02
    5.52244961e-01 2.26522058e-01 2.71895856e-01 1.24309957e-01
    8.54696274e-01 9.09706235e-01 4.94401097e-01 4.32305276e-01
    2.64441848e-01 9.81280804e-01 5.13097644e-02 1.99733287e-01
    2.04127342e-01 1.79170251e-01 8.69438887e-01 6.37805164e-01
    7.74063230e-01 1.81187183e-01 3.37136984e-02 7.01314211e-03
    2.83110559e-01 9.74207103e-01 5.48437238e-02 7.20932603e-01
    4.18536603e-01 3.42585444e-01 9.99925017e-01 4.97579247e-01
    2.14938998e-01 8.33633482e-01 8.97504091e-01 8.27606797e-01
    2.49549687e-01 8.73478293e-01 8.68334413e-01 9.68771279e-02
    5.07021964e-01 9.32001948e-01 7.26476073e-01 7.93328881e-03
    5.30635715e-02 8.74566436e-01 4.32574928e-01 7.36060381e-01
    9.05643821e-01 3.79032105e-01 8.34086895e-01 4.09247994e-01
    2.22550213e-01 3.01405668e-01 3.62373233e-01 1.08542234e-01
    5.92596471e-01 7.05412447e-01 1.67472750e-01 5.71427822e-01
    6.73121631e-01 7.04287589e-01 6.29673839e-01 3.11475068e-01
    8.98340940e-02 7.69838572e-01 2.34783292e-02 3.03283811e-01
    6.85002685e-01 2.93651223e-02 1.01186454e-01 2.51953632e-01
    4.19133842e-01 8.89569402e-01 7.29074478e-01 8.72644782e-01
    3.06008697e-01 5.93128026e-01 7.01537430e-01 8.77267122e-01
    4.05821621e-01 8.45024645e-01 4.84030873e-01 9.48689580e-01
    2.86906123e-01 1.24007285e-01 4.10770416e-01 1.65518761e-01
    1.75905168e-01 7.04184949e-01 1.33820593e-01 8.91386211e-01
    8.20506096e-01 7.28883803e-01 8.70135784e-01 5.00579119e-01
    7.39707947e-02 7.81462908e-01 5.87241471e-01 7.27085888e-01
    9.47633386e-01 7.51956463e-01 2.40774989e-01 7.25873470e-01
    8.65059137e-01 2.16940165e-01 9.47343946e-01 5.22146702e-01
    9.41505194e-01 2.63945937e-01 9.15214062e-01 8.96735430e-01
    5.50810933e-01 3.35745454e-01 2.47245252e-01 2.51715571e-01
    6.56817555e-01 9.98743296e-01 4.55129147e-01 1.32194161e-02
    7.35888124e-01 1.29943609e-01 4.87387985e-01 6.55530572e-01
    7.00590670e-01 2.20088422e-01 2.15592772e-01 5.55558503e-02
    1.26496792e-01 2.65773535e-01 1.91030204e-01 7.12751150e-01
    8.52029204e-01 6.17955983e-01 8.10035110e-01 6.45671129e-01
    7.43488431e-01 7.70979643e-01 2.61720121e-01 9.54411983e-01
    5.82550764e-01 3.20289850e-01 6.94624424e-01 5.32115638e-01
    8.16072464e-01 9.53977585e-01 5.15754223e-02 4.14144754e-01
    5.27191758e-01 1.03893220e-01 5.79087496e-01 2.50411361e-01
    1.38826668e-02 3.67954433e-01 9.06791210e-01 2.66925931e-01
    6.26635671e-01 4.79826659e-01 7.07978308e-01 6.24926269e-01
    6.63001359e-01 8.76674771e-01 5.48499763e-01 4.33061451e-01
    4.34838653e-01 4.31381762e-01 9.64080095e-01 5.82702637e-01
    2.77870297e-01 9.09187198e-02 5.27287543e-01 3.71121585e-01
    2.94880509e-01 7.42798626e-01 2.65939027e-01 1.40722603e-01
    4.64852035e-01 2.47413099e-01 7.84578919e-01 4.13249552e-01
    6.20473027e-01 7.00321198e-02 6.47422373e-01 2.57492065e-04
    6.30858183e-01 6.01343870e-01 7.61283159e-01 8.96727324e-01
    2.94261575e-02 9.75116014e-01 2.02524245e-01 7.75200486e-01
    1.82305545e-01 4.22837526e-01 1.15541220e-02 8.38474154e-01
    1.96793824e-01 3.52820128e-01 3.66080076e-01 6.52683318e-01
    1.38727725e-02 2.30325311e-01 8.66942406e-01 6.10671163e-01
    9.19581354e-02 1.64122403e-01 7.70295382e-01 8.01211119e-01
    7.97762990e-01 5.80293298e-01 8.84225070e-01 1.53817564e-01
    4.07214522e-01 4.25273120e-01 5.93905747e-01 6.61644101e-01
    2.38229334e-01 1.02423042e-01 3.31025600e-01 7.22654998e-01
    7.26394355e-01 7.29522347e-01 2.49745309e-01 4.19198751e-01
    2.54019678e-01 3.33987653e-01 5.08273780e-01 4.21997041e-01
    2.74650216e-01 6.24544382e-01 1.81384981e-02 6.10220969e-01
    8.09727967e-01 1.25459462e-01 4.71635699e-01 7.95092583e-01
    6.65988863e-01 7.51785338e-02 3.74904871e-02 2.34917104e-02
    4.82588291e-01 3.11144650e-01 8.03314686e-01 3.72072756e-01
    3.56070578e-01 9.01616514e-02 3.43810558e-01 1.98902339e-01
    8.39584470e-01 4.05727416e-01 4.62107062e-02 1.08004808e-01
    3.02256763e-01 9.51351106e-01 3.51953834e-01 8.61450911e-01
    5.97849846e-01 1.11234665e-01 2.37461805e-01 1.60200119e-01
    6.29987895e-01 5.34894109e-01 4.32590842e-02 4.41659272e-01
    9.47242856e-01 6.46617055e-01 8.27606440e-01 4.48730588e-03
    2.10469484e-01 8.44492912e-01 5.13048470e-02 8.22710514e-01
    6.35132015e-01 9.31251347e-01 1.26096874e-01 8.09430003e-01
    7.91260898e-01 5.28610766e-01 8.48218024e-01 3.76949340e-01
    4.75805104e-01 1.16923749e-02 1.20043963e-01 2.65335679e-01
    3.44255269e-02 6.55344248e-01 7.62360573e-01 5.09721577e-01
    6.14264190e-01 6.82421446e-01 5.85221052e-01 5.04940033e-01
    4.48300779e-01 2.08267152e-01 5.78201652e-01 1.45792991e-01
    9.91294682e-01 4.75483507e-01 1.09080583e-01 5.24577737e-01
    9.77730870e-01 8.99231672e-01 9.72971082e-01 3.71619344e-01
    6.57836676e-01 4.84366477e-01 4.82305259e-01 2.48143345e-01
    3.93644333e-01 5.67308962e-01 7.33308733e-01 7.15092659e-01
    5.39908946e-01 6.41492128e-01 7.38604665e-01 3.70480984e-01
    2.72572577e-01 2.05966055e-01 2.18389511e-01 7.66403675e-01
    8.37375641e-01 8.72085929e-01 2.34267920e-01 7.80828595e-02
    2.09784120e-01 9.80234742e-01 9.22823906e-01 6.57819867e-01
    7.71542788e-02 4.55954880e-01 1.27772987e-02 7.33843803e-01
    5.36797881e-01 6.13635123e-01 1.85708314e-01 2.10037231e-01
    5.10810435e-01 7.83101797e-01 8.54841948e-01 7.86601543e-01
    6.17539227e-01 6.11793041e-01 5.13710856e-01 8.79258513e-02
    7.11929440e-01 9.71422017e-01 3.67555976e-01 6.55364752e-01
    3.85313749e-01 3.68596941e-01 5.06403923e-01 8.35489988e-01
    1.17372841e-01 4.39655155e-01 7.65048623e-01 8.16939712e-01
    7.71548867e-01 4.42227364e-01 3.64430875e-01 4.54078496e-01
    1.81267560e-02 7.56919503e-01 2.07892030e-01 2.12226510e-01
    6.36766970e-01 5.68771124e-01 1.21914834e-01 4.77472872e-01
    3.29378664e-01 4.82576579e-01 4.68867958e-01 2.09779382e-01
    4.32996392e-01 3.90645415e-01 2.36156911e-01 2.54235268e-01
    7.43651450e-01 6.25937581e-01 7.84779310e-01 8.30524206e-01
    3.53014588e-01 9.59850848e-02 6.23929083e-01 4.27145332e-01
    4.41441804e-01 5.39108574e-01 5.95204651e-01 2.12722242e-01
    3.72469246e-01 8.20647240e-01 2.81695843e-01 3.12904269e-01
    5.82010150e-01 2.73409307e-01 1.98088288e-01 6.52247906e-01
    5.82550764e-01 3.20289850e-01 6.94624424e-01 5.32115638e-01
    8.16072464e-01 9.53977585e-01 5.15754223e-02 4.14144754e-01
    5.27191758e-01 1.03893220e-01 5.79087496e-01 2.50411361e-01
    1.38826668e-02 3.67954433e-01 9.06791210e-01 2.66925931e-01</data></my_img>
<your_img type_id="opencv-matrix">
  <rows>144</rows>
  <cols>272</cols>
  <dt>f</dt>
  <data>
    0. 0. 0. 0. 0. 0. 0. 0. 0. 0. 0. 0. 0. 0. 0. 0. 0. 0. 0. 0. 0. 0. 0.
    0. 0. 0. 0. 0. 0. 0. 0. 0. 0. 0. 0. 0. 0. 0. 0. 0. 0. 0. 0. 0. 0. 0.
    0. 0. 0. 0. 0. 0. 0. 0. 0. 0. 0. 0. 0. 0. 0. 0. 0. 0. 0. 0. 0. 0. 0.
    0. 0. 0. 0. 0. 0. 0. 0. 0. 0. 0. 0. 0. 0. 0. 0. 0. 0. 0. 0. 0. 0. 0.
    0. 0. 0. 0. 0. 0. 0. 0. 0. 0. 0. 0. 0. 0. 0. 0. 0. 0. 0. 0. 0. 0. 0.
    0. 0. 0. 0. 0. 0. 0. 0. 0. 0. 0. 0. 0. 0. 0. 0. 0. 0. 0. 0. 0. 0. 0.
    0. 0. 0. 0. 0. 0. 0. 0. 0. 0. 0. 0. 0. 0. 0. 0. 0. 0. 0. 0. 0. 0. 0.
    0. 0. 0. 0. 0. 0. 0. 0. 0. 0. 0. 0. 0. 0. 0. 0. 0. 0. 0. 0. 0. 0. 0.
    0. 0. 0. 0. 0. 0. 0. 0. 0. 0. 0. 0. 0. 0. 0. 0. 0. 0. 0. 0. 0. 0. 0.
    0. 0. 0. 0. 0. 0. 0. 0. 0. 0. 0. 0. 0. 0. 0. 0. 0. 0. 0. 0. 0. 0. 0.
    0. 0. 0. 0. 0. 0. 0. 0. 0. 0. 0. 0. 0. 0. 0. 0. 0. 0. 0. 0. 0. 0. 0.
    0. 0. 0. 0. 0. 0. 0. 0. 0. 0. 0. 0. 0. 0. 0. 0. 0. 0. 0. 0. 0. 0. 0.
    0. 0. 0. 0. 0. 0. 0. 0. 0. 0. 0. 0. 0. 0. 0. 0. 0. 0. 0. 0. 0. 0. 0.
    0. 0. 0. 0. 0. 0. 0. 0. 0. 0. 0. 0. 0. 0. 0. 0. 0. 0. 0. 0. 0. 0. 0.
    0. 0. 0. 0. 0. 0. 0. 0. 0. 0. 0. 0. 0. 0. 0. 0. 0. 0. 0. 0. 0. 0. 0.
    0. 0. 0. 0. 0. 0. 0. 0. 0. 0. 0. 0. 0. 0. 0. 0. 0. 0. 0. 0. 0. 0. 0.
    0. 0. 0. 0. 0. 0. 0. 0. 0. 0. 0. 0. 0. 0. 0. 0. 0. 0. 0. 0. 0. 0. 0.
    0. 0. 0. 0. 0. 0. 0. 0. 0. 0. 0. 0. 0. 0. 0. 0. 0. 0. 0. 0. 0. 0. 0.
    0. 0. 0. 0. 0. 0. 0. 0. 0. 0. 0. 0. 0. 0. 0. 0. 0. 0. 0. 0. 0. 0. 0.
    0. 0. 0. 0. 0. 0. 0. 0. 0. 0. 0. 0. 0. 0. 0. 0. 0. 0. 0. 0. 0. 0. 0.
    0. 0. 0. 0. 0. 0. 0. 0. 0. 0. 0. 0. 0. 0. 0. 0. 0. 0. 0. 0. 0. 0. 0.
    0. 0. 0. 0. 0. 0. 0. 0. 0. 0. 0. 0. 0. 0. 0. 0. 0. 0. 0. 0. 0. 0. 0.
    0. 0. 0. 0. 0. 0. 0. 0. 0. 0. 0. 0. 0. 0. 0. 0. 0. 0. 0. 0. 0. 0. 0.
    0. 0. 0. 0. 0. 0. 0. 0. 0. 0. 0. 0. 0. 0. 0. 0. 0. 0. 0. 0. 0. 0. 0.
    0. 0. 0. 0. 0. 0. 0. 0. 0. 0. 0. 0. 0. 0. 0. 0. 0. 0. 0. 0. 0. 0. 0.
    0. 0. 0. 0. 0. 0. 0. 0. 0. 0. 0. 0. 0. 0. 0. 0. 0. 0. 0. 0. 0. 0. 0.
    0. 0. 0. 0. 0. 0. 0. 0. 0. 0. 0. 0. 0. 0. 0. 0. 0. 0. 0. 0. 0. 0. 0.
    0. 0. 0. 0. 0. 0. 0. 0. 0. 0. 0. 0. 0. 0. 0. 0. 0. 0. 0. 0. 0. 0. 0.
    0. 0. 0. 0. 0. 0. 0. 0. 0. 0. 0. 0. 0. 0. 0. 0. 0. 0. 0. 0. 0. 0. 0.
    0. 0. 0. 0. 0. 0. 0. 0. 0. 0. 0. 0. 0. 0. 0. 0. 0. 0. 0. 0. 0. 0. 0.
    0. 0. 0. 0. 0. 0. 0. 0. 0. 0. 0. 0. 0. 0. 0. 0. 0. 0. 0. 0. 0. 0. 0.
    0. 0. 0. 0. 0. 0. 0. 0. 0. 0. 0. 0. 0. 0. 0. 0. 0. 0. 0. 0. 0. 0. 0.
    0. 0. 0. 0. 0. 0. 0. 0. 0. 0. 0. 0. 0. 0. 0. 0. 0. 0. 0. 0. 0. 0. 0.
    0. 0. 0. 0. 0. 0. 0. 0. 0. 0. 0. 0. 0. 0. 0. 0. 0. 0. 0. 0. 0. 0. 0.
    0. 0. 0. 0. 0. 0. 0. 0. 0. 0. 0. 0. 0. 0. 0. 0. 0. 0. 0. 0. 0. 0. 0.
    0. 0. 0. 0. 0. 0. 0. 0. 0. 0. 0. 0. 0. 0. 0. 0. 0. 0. 0. 0. 0. 0. 0.
    0. 0. 0. 0. 0. 0. 0. 0. 0. 0. 0. 0. 0. 0. 0. 0. 0. 0. 0. 0. 0. 0. 0.
    0. 0. 0. 0. 0. 0. 0. 0. 0. 0. 0. 0. 0. 0. 0. 0. 0. 0. 0. 0. 0. 0. 0.
    0. 0. 0. 0. 0. 0. 0. 0. 0. 0. 0. 0. 0. 0. 0. 0. 0. 0. 0. 0. 0. 0. 0.
    0. 0. 0. 0. 0. 0. 0. 0. 0. 0. 0. 0. 0. 0. 0. 0. 0. 0. 0. 0. 0. 0. 0.
    0. 0. 0. 0. 0. 0. 0. 0. 0. 0. 0. 0. 0. 0. 0. 0. 0. 0. 0. 0. 0. 0. 0.
    0. 0. 0. 0. 0. 0. 0. 0. 0. 0. 0. 0. 0. 0. 0. 0. 0. 0. 0. 0. 0. 0. 0.
    0. 0. 0. 0. 0. 0. 0. 0. 0. 0. 0. 0. 0. 0. 0. 0. 0. 0. 0. 0. 0. 0. 0.
    0. 0. 0. 0. 0. 0. 0. 0. 0. 0. 0. 0. 0. 0. 0. 0. 0. 0. 0. 0. 0. 0. 0.
    0. 0. 0. 0. 0. 0. 0. 0. 0. 0. 0. 0. 0. 0. 0. 0. 0. 0. 0. 0. 0. 0. 0.
    0. 0. 0. 0. 0. 0. 0. 0. 0. 0. 0. 0. 0. 0. 0. 0. 0. 0. 0. 0. 0. 0. 0.
    0. 0. 0. 0. 0. 0. 0. 0. 0. 0. 0. 0. 0. 0. 0. 0. 0. 0. 0. 0. 0. 0. 0.
    0. 0. 0. 0. 0. 0. 0. 0. 0. 0. 0. 0. 0. 0. 0. 0. 0. 0. 0. 0. 0. 0. 0.
    0. 0. 0. 0. 0. 0. 0. 0. 0. 0. 0. 0. 0. 0. 0. 0. 0. 0. 0. 0. 0. 0. 0.
    0. 0. 0. 0. 0. 0. 0. 0. 0. 0. 0. 0. 0. 0. 0. 0. 0. 0. 0. 0. 0. 0. 0.
    0. 0. 0. 0. 0. 0. 0. 0. 0. 0. 0. 0. 0. 0. 0. 0. 0. 0. 0. 0. 0. 0. 0.
    0. 0. 0. 0. 0. 0. 0. 0. 0. 0. 0. 0. 0. 0. 0. 0. 0. 0. 0. 0. 0. 0. 0.
    0. 0. 0. 0. 0. 0. 0. 0. 0. 0. 0. 0. 0. 0. 0. 0. 0. 0. 0. 0. 0. 0. 0.
    0. 0. 0. 0. 0. 0. 0. 0. 0. 0. 0. 0. 0. 0. 0. 0. 0. 0. 0. 0. 0. 0. 0.
    0. 0. 0. 0. 0. 0. 0. 0. 0. 0. 0. 0. 0. 0. 0. 0. 0. 0. 0. 0. 0. 0. 0.
    0. 0. 0. 0. 0. 0. 0. 0. 0. 0. 0. 0. 0. 0. 0. 0. 0. 0. 0. 0. 0. 0. 0.
    0. 0. 0. 0. 0. 0. 0. 0. 0. 0. 0. 0. 0. 0. 0. 0. 0. 0. 0. 0. 0. 0. 0.
    0. 0. 0. 0. 0. 0. 0. 0. 0. 0. 0. 0. 0. 0. 0. 0. 0. 0. 0. 0. 0. 0. 0.
    0. 0. 0. 0. 0. 0. 0. 0. 0. 0. 0. 0. 0. 0. 0. 0. 0. 0. 0. 0. 0. 0. 0.
    0. 0. 0. 0. 0. 0. 0. 0. 0. 0. 0. 0. 0. 0. 0. 0. 0. 0. 0. 0. 0. 0. 0.
    0. 0. 0. 0. 0. 0. 0. 0. 0. 0. 0. 0. 0. 0. 0. 0. 0. 0. 0. 0. 0. 0. 0.
    0. 0. 0. 0. 0. 0. 0. 0. 0. 0. 0. 0. 0. 0. 0. 0. 0. 0. 0. 0. 0. 0. 0.
    0. 0. 0. 0. 0. 0. 0. 0. 0. 0. 0. 0. 0. 0. 0. 0. 0. 0. 0. 0. 0. 0. 0.
    0. 0. 0. 0. 0. 0. 0. 0. 0. 0. 0. 0. 0. 0. 0. 0. 0. 0. 0. 0. 0. 0. 0.
    0. 0. 0. 0. 0. 0. 0. 0. 0. 0. 0. 0. 0. 0. 0. 0. 0. 0. 0. 0. 0. 0. 0.
    0. 0. 0. 0. 0. 0. 0. 0. 0. 0. 0. 0. 0. 0. 0. 0. 0. 0. 0. 0. 0. 0. 0.
    0. 0. 0. 0. 0. 0. 0. 0. 0. 0. 0. 0. 0. 0. 0. 0. 0. 0. 0. 0. 0. 0. 0.
    0. 0. 0. 0. 0. 0. 0. 0. 0. 0. 0. 0. 0. 0. 0. 0. 0. 0. 0. 0. 0. 0. 0.
    0. 0. 0. 0. 0. 0. 0. 0. 0. 0. 0. 0. 0. 0. 0. 0. 0. 0. 0. 0. 0. 0. 0.
    0. 0. 0. 0. 0. 0. 0. 0. 0. 0. 0. 0. 0. 0. 0. 0. 0. 0. 0. 0. 0. 0. 0.
    0. 0. 0. 0. 0. 0. 0. 0. 0. 0. 0. 0. 0. 0. 0. 0. 0. 0. 0. 0. 0. 0. 0.
    0. 0. 0. 0. 0. 0. 0. 0. 0. 0. 0. 0. 0. 0. 0. 0. 0. 0. 0. 0. 0. 0. 0.
    0. 0. 0. 0. 0. 0. 0. 0. 0. 0. 0. 0. 0. 0. 0. 0. 0. 0. 0. 0. 0. 0. 0.
    0. 0. 0. 0. 0. 0. 0. 0. 0. 0. 0. 0. 0. 0. 0. 0. 0. 0. 0. 0. 0. 0. 0.
    0. 0. 0. 0. 0. 0. 0. 0. 0. 0. 0. 0. 0. 0. 0. 0. 0. 0. 0. 0. 0. 0. 0.
    0. 0. 0. 0. 0. 0. 0. 0. 0. 0. 0. 0. 0. 0. 0. 0. 0. 0. 0. 0. 0. 0. 0.
    0. 0. 0. 0. 0. 0. 0. 0. 0. 0. 0. 0. 0. 0. 0. 0. 0. 0. 0. 0. 0. 0. 0.
    0. 0. 0. 0. 0. 0. 0. 0. 0. 0. 0. 0. 0. 0. 0. 0. 0. 0. 0. 0. 0. 0. 0.
    0. 0. 0. 0. 0. 0. 0. 0. 0. 0. 0. 0. 0. 0. 0. 0. 0. 0. 0. 0. 0. 0. 0.
    0. 0. 0. 0. 0. 0. 0. 0. 0. 0. 0. 0. 0. 0. 0. 0. 0. 0. 0. 0. 0. 0. 0.
    0. 0. 0. 0. 0. 0. 0. 0. 0. 0. 0. 0. 0. 0. 0. 0. 0. 0. 0. 0. 0. 0. 0.
    0. 0. 0. 0. 0. 0. 0. 0. 0. 0. 0. 0. 0. 0. 0. 0. 0. 0. 0. 0. 0. 0. 0.
    0. 0. 0. 0. 0. 0. 0. 0. 0. 0. 0. 0. 0. 0. 0. 0. 0. 0. 0. 0. 0. 0. 0.
    0. 0. 0. 0. 0. 0. 0. 0. 0. 0. 0. 0. 0. 0. 0. 0. 0. 0. 0. 0. 0. 0. 0.
    0. 0. 0. 0. 0. 0. 0. 0. 0. 0. 0. 0. 0. 0. 0. 0. 0. 0. 0. 0. 0. 0. 0.
    0. 0. 0. 0. 0. 0. 0. 0. 0. 0. 0. 0. 0. 0. 0. 0. 0. 0. 0. 0. 0. 0. 0.
    0. 0. 0. 0. 0. 0. 0. 0. 0. 0. 0. 0. 0. 0. 0. 0. 0. 0. 0. 0. 0. 0. 0.
    0. 0. 0. 0. 0. 0. 0. 0. 0. 0. 0. 0. 0. 0. 0. 0. 0. 0. 0. 0. 0. 0. 0.
    0. 0. 0. 0. 0. 0. 0. 0. 0. 0. 0. 0. 0. 0. 0. 0. 0. 0. 0. 0. 0. 0. 0.
    0. 0. 0. 0. 0. 0. 0. 0. 0. 0. 0. 0. 0. 0. 0. 0. 0. 0. 0. 0. 0. 0. 0.
    0. 0. 0. 0. 0. 0. 0. 0. 0. 0. 0. 0. 0. 0. 0. 0. 0. 0. 0. 0. 0. 0. 0.
    0. 0. 0. 0. 0. 0. 0. 0. 0. 0. 0. 0. 0. 0. 0. 0. 0. 0. 0. 0. 0. 0. 0.
    0. 0. 0. 0. 0. 0. 0. 0. 0. 0. 0. 0. 0. 0. 0. 0. 0. 0. 0. 0. 0. 0. 0.
    0. 0. 0. 0. 0. 0. 0. 0. 0. 0. 0. 0. 0. 0. 0. 0. 0. 0. 0. 0. 0. 0. 0.
    0. 0. 0. 0. 0. 0. 0. 0. 0. 0. 0. 0. 0. 0. 0. 0. 0. 0. 0. 0. 0. 0.
    1.53643966e-01 4.47449148e-01 7.23791361e-01 5.21491826e-01
    8.69674921e-01 5.12369931e-01 3.04856598e-01 6.49430215e-01
    1.08758777e-01 8.43761742e-01 1.83859468e-03 6.41173840e-01
    7.33764112e-01 8.21772933e-01 4.44530904e-01 9.06424999e-01
    8.68564129e-01 3.73425454e-01 9.02896166e-01 7.76224136e-01
    3.81238908e-01 3.67964387e-01 2.18708128e-01 4.16010022e-02
    6.53108001e-01 5.51492989e-01 4.75409865e-01 7.96276569e-01
    1.00039214e-01 9.07859206e-03 3.57386351e-01 8.91000986e-01
    5.83372951e-01 9.23199892e-01 1.67106271e-01 5.94797373e-01
    6.93370581e-01 9.11703825e-01 9.29504335e-02 1.89171582e-01
    6.65205479e-01 9.72606063e-01 5.61332107e-02 7.99562216e-01
    2.10697562e-01 8.93529177e-01 7.64526188e-01 2.73421526e-01
    4.05304790e-01 4.30221051e-01 5.95143914e-01 7.71395802e-01
    3.79598588e-01 6.97904706e-01 2.50385523e-01 3.69057655e-01
    5.40975571e-01 7.43387043e-02 6.77765012e-01 3.89927268e-01
    2.66979665e-01 1.87883317e-01 5.26188552e-01 5.76354265e-01
    4.90596950e-01 5.51739097e-01 8.92040610e-01 3.15295398e-01
    3.69911015e-01 7.16969967e-01 8.43710780e-01 9.83572900e-01
    7.78821588e-01 9.23134446e-01 3.95534992e-01 4.01464432e-01
    9.32700574e-01 6.53180838e-01 1.42961532e-01 9.29874659e-01
    2.97642887e-01 8.71902227e-01 6.15978599e-01 7.76816130e-01
    7.40160942e-01 4.38426405e-01 1.74964070e-01 4.81570661e-02
    7.25891948e-01 3.48304510e-01 7.24602342e-01 6.11064374e-01
    7.34508932e-02 5.18346369e-01 5.95464349e-01 7.98118114e-01
    1.23301744e-01 9.45283592e-01 9.22716916e-01 4.79180008e-01
    6.08352125e-01 9.29611027e-02 1.23443276e-01 1.99472874e-01
    4.56360817e-01 4.46349442e-01 2.52141356e-01 6.75865829e-01
    2.48443335e-01 9.29219842e-01 4.52698827e-01 4.66307968e-01
    7.32545614e-01 8.01977992e-01 2.03720868e-01 2.82343924e-01
    7.74046779e-01 5.54078281e-01 8.45759451e-01 5.87013304e-01
    4.43485200e-01 8.79612684e-01 4.57313120e-01 9.67302501e-01
    3.32715452e-01 4.11074847e-01 1.01119727e-01 5.81761956e-01
    1.33143157e-01 7.37555265e-01 9.42843080e-01 4.83107865e-01
    5.76481164e-01 3.25245261e-01 2.49440968e-01 5.74510276e-01
    7.32277691e-01 1.96461499e-01 6.98735833e-01 9.48987722e-01
    1.31606311e-01 6.30289316e-04 5.61940372e-01 1.18651956e-01
    5.36036551e-01 7.86138415e-01 4.83709306e-01 4.87421125e-01
    8.78256142e-01 8.31863165e-01 4.57252562e-01 2.12426186e-02
    2.20090955e-01 2.61057258e-01 4.11032915e-01 5.07091463e-01
    6.39203310e-01 9.50628877e-01 7.23870337e-01 9.33264494e-01
    9.16462660e-01 7.44596720e-02 7.99758136e-01 5.93188822e-01
    4.68862087e-01 2.94017673e-01 9.02433217e-01 6.16021395e-01
    4.34706539e-01 7.91058004e-01 8.03122640e-01 9.03505921e-01
    8.57934177e-01 1.61140144e-01 7.54682302e-01 4.34271872e-01
    3.86099607e-01 6.46014214e-02 1.80891752e-01 7.58610845e-01
    9.80808437e-02 6.31498933e-01 3.23117316e-01 4.67715055e-01
    3.94033104e-01 2.06914485e-01 8.94618392e-01 7.94833779e-01
    3.42799842e-01 5.17368972e-01 4.79675412e-01 3.34701657e-01
    2.11612642e-01 2.83849299e-01 5.65937936e-01 7.96119094e-01
    4.98026490e-01 4.04357523e-01 9.18542504e-01 8.18362594e-01
    2.13631988e-02 5.04851937e-02 2.65844107e-01 3.73345613e-02
    9.88599420e-01 3.14353049e-01 7.36178875e-01 4.81913179e-01
    7.48198390e-01 7.22671866e-01 7.47561812e-01 6.59571350e-01
    1.87214613e-02 7.96797276e-01 9.11186993e-01 6.91769004e-01
    7.16331601e-03 2.18195707e-01 4.86073792e-01 3.92730892e-01
    7.35116780e-01 6.10663593e-02 5.02105236e-01 8.14206302e-01
    8.44690621e-01 1.21457040e-01 6.52368426e-01 7.40854740e-01
    6.25257194e-01 2.76523173e-01 1.63758308e-01 4.22717005e-01
    7.90568829e-01 6.98206663e-01 1.40807182e-01 2.37479895e-01
    6.39812231e-01 2.82749653e-01 9.15814042e-01 2.18382031e-01
    5.32414079e-01 9.29952979e-01 2.39538968e-01 7.40259051e-01
    6.57558382e-01 8.35489094e-01 3.84071171e-02 2.80537128e-01
    1.46764427e-01 5.32444119e-01 9.90524769e-01 4.81187075e-01
    8.21222544e-01 8.14009428e-01 4.94634211e-01 6.02733612e-01 0. 0. 0.
    0. 0. 0. 0. 0. 0. 0. 0. 0. 0. 0. 0. 0. 1.80251747e-01 3.19294780e-01
    2.37437934e-01 5.29281378e-01 6.28780305e-01 8.37411880e-02
    5.54097712e-01 4.09716904e-01 9.19874251e-01 9.41523135e-01
    6.32965922e-01 1.35882944e-01 9.85771596e-01 8.04318368e-01
    2.06036478e-01 6.14414275e-01 9.94999707e-02 5.66894412e-01
    8.12445402e-01 6.10506713e-01 2.92021751e-01 6.49043083e-01
    7.23031938e-01 6.75272226e-01 4.61392105e-02 8.22139859e-01
    3.03106934e-01 5.69942355e-01 8.09981465e-01 5.43330193e-01
    7.65358806e-01 8.15776944e-01 3.11805069e-01 4.09745216e-01
    2.38715738e-01 8.94724131e-01 6.25311434e-01 2.61059642e-01
    5.58102489e-01 8.22892308e-01 4.79153633e-01 5.52676678e-01
    5.54979742e-01 7.43715584e-01 5.19543767e-01 5.96247673e-01
    6.53390884e-02 5.92991054e-01 1.11221552e-01 9.07648206e-02
    6.54650807e-01 7.24572062e-01 7.88360953e-01 2.05092788e-01
    9.67350721e-01 2.45797604e-01 6.42435193e-01 7.85961449e-01
    1.13294959e-01 1.61416560e-01 1.80160046e-01 7.37786412e-01
    4.39418137e-01 9.86370742e-02 7.91155338e-01 3.64569426e-01
    1.09924972e-01 6.59869373e-01 5.77306628e-01 5.16596913e-01
    2.57120430e-02 7.21375108e-01 8.51818264e-01 3.39812547e-01
    8.90947104e-01 6.39257848e-01 7.28654683e-01 3.56463850e-01
    7.68115044e-01 8.09377313e-01 8.94440413e-01 1.49751127e-01
    6.96113408e-01 9.09535646e-01 8.21681261e-01 2.18493789e-01
    2.15918690e-01 4.43824857e-01 7.13608265e-02 1.45259231e-01
    2.58563817e-01 4.91229504e-01 8.59759450e-01 5.30285358e-01
    9.50871825e-01 6.44113243e-01 3.51526439e-01 8.07275772e-01
    6.74829125e-01 8.87423217e-01 6.75653815e-01 3.94349396e-02
    8.25578570e-01 4.00869161e-01 7.61854410e-01 8.20977688e-02
    9.93563473e-01 7.94907331e-01 7.27895796e-02 7.01219201e-01
    6.80313289e-01 6.71245694e-01 9.69726205e-01 6.60649836e-01
    8.83608341e-01 7.49683976e-01 2.66297460e-01 9.36830997e-01
    1.74303949e-02 6.06979430e-01 4.51566458e-01 9.41363454e-01
    7.24004269e-01 5.32897472e-01 6.47285283e-01 8.39223921e-01
    3.19686294e-01 7.84482360e-01 4.18511868e-01 5.57301342e-01
    6.73628271e-01 1.18818253e-01 2.18599856e-01 4.19254959e-01
    1.72881514e-01 9.57649946e-01 8.91981006e-01 8.34074140e-01
    1.25169694e-01 5.51721990e-01 3.82870167e-01 5.43076992e-01
    3.15977097e-01 9.81697083e-01 1.93339139e-01 9.45141375e-01
    9.93872404e-01 5.73343217e-01 4.99674290e-01 9.57075834e-01
    4.61543739e-01 8.22256804e-01 3.29185665e-01 3.15637052e-01
    4.61163968e-01 2.52089977e-01 3.15316498e-01 1.89518362e-01
    2.25717127e-02 5.43863833e-01 5.09567261e-01 2.92561144e-01
    8.59293222e-01 8.43465209e-01 6.52007937e-01 8.33311260e-01
    4.97680753e-01 8.76042128e-01 4.01926547e-01 6.25049531e-01
    8.70868742e-01 8.65715265e-01 9.93012130e-01 6.34820282e-01
    2.11935490e-01 1.79417133e-01 6.98374927e-01 6.57445669e-01
    4.84369636e-01 6.66222751e-01 9.18839216e-01 1.33676231e-01
    4.89156961e-01 4.46068585e-01 5.39728820e-01 8.12240005e-01
    8.87215376e-01 4.96643186e-02 9.99701381e-01 1.95020795e-01
    9.16059375e-01 3.06301206e-01 6.34800375e-01 9.36809778e-01
    7.06494749e-02 3.67561877e-02 4.53989506e-02 6.17505074e-01
    4.50055003e-02 6.19154394e-01 3.72232199e-01 4.29255515e-01
    8.82771134e-01 5.69471717e-02 8.53783846e-01 7.81442106e-01
    3.51929843e-01 4.73773479e-03 6.36836112e-01 4.64856148e-01
    8.75146806e-01 6.42992973e-01 8.98492634e-02 3.20096254e-01
    6.32519662e-01 1.11240566e-01 3.58678609e-01 7.02342153e-01
    1.65546715e-01 4.93860185e-01 9.07592654e-01 5.30640841e-01
    8.36409390e-01 4.80432987e-01 7.05204070e-01 3.43567133e-01
    8.16896677e-01 9.23820496e-01 4.56465900e-01 6.46034360e-01
    2.76342928e-01 2.44791836e-01 6.74842298e-01 6.11174107e-03
    7.69264817e-01 8.03721905e-01 7.01721430e-01 1.13838017e-02
    5.17156243e-01 6.67483032e-01 9.78262424e-01 2.10516065e-01
    4.72421587e-01 1.23757511e-01 3.03365588e-02 9.01544690e-01
    5.56692719e-01 8.45720530e-01 7.82374501e-01 8.38572502e-01
    2.81821847e-01 9.81168151e-01 4.91792828e-01 8.88331771e-01
    6.48475587e-01 2.76356757e-01 0. 0. 0. 0. 0. 0. 0. 0. 0. 0. 0. 0. 0.
    0. 0. 0. 1.76035970e-01 2.11715341e-01 1.14735186e-01 6.66390061e-01
    4.66407150e-01 4.10006881e-01 4.64618027e-01 3.21932822e-01
    9.28947330e-01 5.04340351e-01 9.58492935e-01 9.17744637e-02
    9.60282028e-01 5.90387046e-01 3.09805602e-01 5.80743968e-01
    6.71989083e-01 6.96143091e-01 5.40199518e-01 2.97693610e-02
    4.33367491e-03 3.54120523e-01 6.00286245e-01 7.85832703e-02
    8.47687125e-01 5.52731276e-01 9.00866628e-01 9.41772342e-01
    4.53881949e-01 6.47034705e-01 1.10167861e-02 8.36546421e-01
    6.44320905e-01 8.99036527e-01 2.95829952e-01 3.23950052e-01
    3.69959950e-01 9.85524654e-02 4.89477813e-01 2.98488468e-01
    4.86370534e-01 8.38137627e-01 2.00410426e-01 5.14498353e-03
    8.55824471e-01 7.35498011e-01 7.39929199e-01 9.22230601e-01
    3.76624614e-01 1.11196071e-01 2.72089869e-01 5.42014241e-01
    8.07684660e-01 3.05146009e-01 6.98526084e-01 8.26024652e-01
    6.00760520e-01 6.07781470e-01 9.42405999e-01 6.49696589e-03
    2.68671662e-01 3.66259277e-01 8.55944157e-02 5.60589373e-01
    8.34798276e-01 5.36595285e-01 2.84617007e-01 7.59830415e-01
    1.72000349e-01 4.27553862e-01 1.48870230e-01 5.88078320e-01
    9.14005280e-01 5.36736906e-01 2.76480824e-01 5.77213645e-01
    6.69759512e-01 8.70868087e-01 5.18527389e-01 7.38024235e-01
    3.51299345e-01 6.16941512e-01 4.52006012e-01 1.25826418e-01
    2.92741179e-01 1.35711074e-01 3.22868526e-01 8.49877119e-01
    1.72825843e-01 9.31832194e-01 5.24949014e-01 2.87262529e-01
    3.58510137e-01 6.53535426e-01 3.13554257e-01 3.17007780e-01
    4.62659687e-01 8.94034564e-01 5.11931896e-01 3.72747362e-01
    5.88317752e-01 3.34289223e-01 9.22885418e-01 5.94718099e-01
    2.38131464e-01 5.31402767e-01 3.53122264e-01 1.02957547e-01
    9.01874542e-01 7.82816768e-01 8.49329829e-01 8.96063209e-01
    8.45363855e-01 7.79533386e-02 5.13184905e-01 7.01359570e-01
    6.43030047e-01 3.27961385e-01 1.53468221e-01 3.51593614e-01
    8.08248341e-01 4.80397969e-01 6.33937299e-01 2.42637545e-01
    5.31819940e-01 1.60281986e-01 5.16328335e-01 2.49788404e-01
    1.82040036e-02 4.55519885e-01 2.69015521e-01 7.50877500e-01
    7.71388590e-01 2.38640070e-01 9.41194177e-01 7.78274834e-02
    8.79075527e-01 1.10064715e-01 6.07404590e-01 3.12607229e-01
    8.07092667e-01 2.35795677e-02 3.80969465e-01 9.46853995e-01
    6.36924982e-01 4.66465056e-02 7.86759615e-01 9.97663796e-01
    6.28213942e-01 3.40641499e-01 6.62804484e-01 8.54647517e-01
    5.59924066e-01 7.54032254e-01 7.45382071e-01 9.86345530e-01
    1.59620255e-01 4.54196632e-02 8.28699470e-02 5.95198452e-01
    9.00255620e-01 7.85780966e-01 9.47245359e-01 1.41471028e-01
    8.64357948e-02 5.63925624e-01 9.11261082e-01 8.72857451e-01
    4.86294687e-01 4.69875515e-01 3.25643420e-02 9.02093410e-01
    7.04672277e-01 1.65372819e-01 4.10791099e-01 8.50674093e-01
    5.89076459e-01 4.42229599e-01 6.85985744e-01 8.83195221e-01
    9.85622168e-01 5.70702374e-01 1.67944282e-01 6.67643607e-01
    3.55629355e-01 3.28270137e-01 5.29728949e-01 5.90212166e-01
    7.80710161e-01 3.87559831e-01 4.73164022e-02 7.41221905e-01
    3.14734340e-01 3.68034780e-01 3.32084566e-01 8.10924411e-01
    5.47042549e-01 6.52547836e-01 6.86095059e-01 8.00308228e-01
    8.76957357e-01 1.24554753e-01 1.43719107e-01 7.17303514e-01
    8.27415109e-01 6.52764559e-01 9.80428100e-01 9.18681920e-01
    7.39654839e-01 5.59243858e-01 6.41537309e-01 6.22947276e-01
    7.42288291e-01 7.70044029e-01 3.02574545e-01 6.70271873e-01
    8.98375094e-01 1.35213673e-01 2.83993840e-01 4.49370801e-01
    5.95977902e-02 6.36276901e-02 4.12173510e-01 1.82780862e-01
    6.55836642e-01 7.65192926e-01 2.67553777e-01 5.13769567e-01
    1.91428751e-01 8.37056398e-01 2.58677304e-02 1.70645952e-01
    7.51564980e-01 3.43705058e-01 3.97789687e-01 2.69266367e-02
    5.11477947e-01 2.56332457e-01 8.09672713e-01 1.60299987e-01
    1.73764825e-02 5.02263546e-01 8.35256577e-01 8.24753284e-01
    2.53513873e-01 7.34550416e-01 1.24446839e-01 6.84547126e-01
    8.00801814e-02 5.22778928e-01 4.49719846e-01 4.16579783e-01
    4.19858307e-01 9.87730563e-01 1.59260631e-02 2.67087340e-01 0. 0. 0.
    0. 0. 0. 0. 0. 0. 0. 0. 0. 0. 0. 0. 0. 2.44042635e-01 7.57970452e-01
    8.64619195e-01 9.47687268e-01 7.18878627e-01 6.94073737e-01
    5.39949596e-01 3.96848261e-01 3.59356880e-01 6.90193832e-01
    7.74676681e-01 4.27548051e-01 7.72172689e-01 2.32336581e-01
    3.86573911e-01 4.88795310e-01 4.99589622e-01 3.03647816e-01
    3.01174939e-01 2.02449828e-01 9.56585169e-01 7.36066997e-02
    3.64662707e-01 1.26521617e-01 5.70495427e-02 1.39702737e-01
    1.92887813e-01 9.61681068e-01 2.89171815e-01 7.31849968e-01
    7.75419474e-01 6.03552282e-01 2.58067250e-03 5.74591994e-01
    8.31041038e-02 7.93504953e-01 4.50076997e-01 3.59683156e-01
    2.85480708e-01 5.31281531e-02 2.13713706e-01 1.14139229e-01
    2.31000394e-01 8.82441759e-01 7.53070235e-01 1.95832551e-01
    4.46205437e-01 3.00711811e-01 4.21823978e-01 9.40561295e-04
    3.87627274e-01 7.28724718e-01 2.31988817e-01 8.74963343e-01
    1.07394904e-01 2.43830353e-01 4.86149669e-01 1.37231350e-02
    8.81194174e-01 7.70076275e-01 8.18191051e-01 6.97598577e-01
    4.34171081e-01 5.53737283e-02 4.46367621e-01 5.94123662e-01
    3.78094465e-01 7.60437846e-01 6.32468700e-01 8.35333467e-01
    8.17667186e-01 9.81451929e-01 7.04569936e-01 3.75142872e-01
    5.94753146e-01 4.49442327e-01 6.99553251e-01 9.38994050e-01
    8.23536217e-02 3.99389267e-02 3.60564828e-01 4.27468151e-01
    3.05398047e-01 7.21767187e-01 5.34723520e-01 4.51888293e-01
    1.79039627e-01 5.13696373e-01 4.80322540e-02 9.01342452e-01
    4.18583870e-01 7.16188312e-01 9.23853755e-01 8.56157005e-01
    2.27807164e-01 1.42990291e-01 3.80454987e-01 9.80178654e-01
    6.72101021e-01 2.10746378e-01 6.49243593e-01 4.64189321e-01
    6.23587191e-01 7.35428631e-01 3.60438377e-01 6.26931787e-01
    2.52027035e-01 2.46814668e-01 5.33490181e-01 1.29406691e-01
    4.52773273e-02 4.39801395e-01 6.19215608e-01 3.76480073e-01
    3.13412964e-01 8.90126228e-01 5.43091297e-02 8.40173602e-01
    3.50736082e-01 8.49735141e-01 4.62714374e-01 4.97337550e-01
    9.86966014e-01 7.00100183e-01 6.96056962e-01 1.98777318e-02
    5.77829778e-01 4.28269774e-01 7.98203707e-01 4.66678739e-01
    9.90783930e-01 8.76664460e-01 9.12904978e-01 9.09780741e-01
    7.59569466e-01 3.70014250e-01 6.63809538e-01 5.42492688e-01
    3.16257715e-01 3.09631348e-01 2.01538593e-01 6.40628457e-01
    7.03366280e-01 6.97306395e-01 3.49964082e-01 8.52803707e-01
    2.40213811e-01 4.73499894e-01 5.98591566e-02 4.61144447e-02
    9.50487792e-01 3.70614886e-01 2.36067653e-01 7.80820847e-01
    2.40238309e-01 1.98285073e-01 3.60422343e-01 4.09470201e-01
    1.40042603e-01 2.89308369e-01 6.56319380e-01 4.00865376e-02
    4.43958700e-01 8.67522120e-01 1.70577168e-02 7.84730375e-01
    3.21134895e-01 3.69319171e-01 5.21461725e-01 2.73449600e-01
    7.92207956e-01 3.53579164e-01 5.83044648e-01 6.24849677e-01
    6.79772198e-02 8.31848025e-01 8.37743998e-01 5.02975464e-01
    6.02541268e-01 1.98065221e-01 9.96876955e-01 6.98069394e-01
    1.63857102e-01 5.10609806e-01 5.64060211e-02 8.52801800e-01
    8.49822044e-01 7.44301617e-01 7.51201212e-02 6.11310959e-01
    6.95869088e-01 4.82256174e-01 7.63198793e-01 6.21825993e-01
    4.89679456e-01 5.46368241e-01 5.15820444e-01 6.88078642e-01
    2.92102486e-01 7.55776763e-02 9.12328482e-01 8.13863516e-01
    5.43512106e-02 4.85813767e-01 8.14252973e-01 1.30211443e-01
    7.80615449e-01 4.95862335e-01 7.36632645e-02 8.35106969e-01
    9.22002792e-01 8.17240238e-01 6.20534539e-01 5.63483477e-01
    1.18838072e-01 5.61573029e-01 6.36882126e-01 2.47378975e-01
    4.39818680e-01 5.29788852e-01 8.71317983e-02 4.35653567e-01
    1.68660611e-01 8.87770832e-01 7.02168643e-01 2.08730608e-01
    3.49341273e-01 3.03474575e-01 9.15601492e-01 6.31835163e-02
    2.09842682e-01 9.36173558e-01 4.49938893e-01 1.61386073e-01
    2.49677777e-01 2.39656508e-01 4.17475462e-01 6.12589300e-01
    4.71464008e-01 1.94115341e-01 7.33281851e-01 8.04491818e-01
    7.04959571e-01 2.23168045e-01 7.41759300e-01 9.18579280e-01
    1.02179080e-01 4.53465611e-01 4.01690781e-01 2.98350871e-01
    4.41116214e-01 7.80570507e-01 8.59609544e-01 2.67406762e-01
    5.24952292e-01 2.90845931e-01 0. 0. 0. 0. 0. 0. 0. 0. 0. 0. 0. 0. 0.
    0. 0. 0. 4.25637662e-01 5.60489058e-01 9.30578589e-01 6.68236256e-01
    3.13474834e-02 7.22252011e-01 9.87610102e-01 3.84050548e-01
    7.72770464e-01 2.35326052e-01 4.09243464e-01 4.30935591e-01
    3.11924636e-01 2.44924098e-01 7.50422239e-01 4.86072183e-01
    5.27001798e-01 3.72707427e-01 3.71821940e-01 8.35776806e-01
    9.17541146e-01 4.14055794e-01 1.60348177e-01 2.14695781e-01
    7.60206103e-01 1.89626217e-03 8.44740331e-01 5.92689812e-01
    7.42730856e-01 6.30200028e-01 2.04727590e-01 5.56654930e-01
    5.81464887e-01 1.49006397e-01 1.15657270e-01 4.77030098e-01
    6.26425922e-01 6.05290294e-01 2.59839118e-01 8.76218021e-01
    2.79505134e-01 6.54274821e-01 6.82359517e-01 9.35161948e-01
    7.70643890e-01 7.81666756e-01 9.46663499e-01 1.37597203e-01
    5.31931043e-01 2.94590712e-01 4.98302579e-01 5.21392167e-01
    7.54632056e-02 2.77562022e-01 4.08778369e-01 7.75070727e-01
    6.47794664e-01 1.39203072e-02 3.89720798e-01 7.97168434e-01
    1.09079212e-01 5.97852290e-01 8.35610628e-01 5.41535854e-01
    1.47807300e-02 4.34751391e-01 2.29269326e-01 5.20459235e-01
    3.35936427e-01 6.32969201e-01 6.83051348e-01 7.13929832e-01
    7.22958446e-01 1.10163450e-01 5.53075969e-01 9.93680358e-01
    7.14113295e-01 6.05172873e-01 6.78876281e-01 7.36867964e-01
    6.99239373e-01 6.20934665e-02 7.10898757e-01 3.61297011e-01
    9.32062387e-01 2.35311985e-01 6.70383275e-02 5.73688090e-01
    9.39077973e-01 8.89584661e-01 1.96185470e-01 4.34943140e-01
    7.08201230e-02 3.22642326e-01 1.53048337e-01 5.16542733e-01
    6.64521873e-01 5.09374440e-01 1.94184572e-01 3.94163042e-01
    7.80391276e-01 8.42653751e-01 7.41383791e-01 1.21490210e-01
    5.57000995e-01 5.85049033e-01 4.95896548e-01 3.72663260e-01
    1.42262995e-01 1.53611124e-01 5.30544281e-01 6.81051731e-01
    3.27930927e-01 2.69856632e-01 4.01804328e-01 9.61180091e-01
    9.48062062e-01 5.35220444e-01 7.13006496e-01 5.38732767e-01
    8.92934203e-01 4.27286267e-01 6.79050684e-01 5.40356100e-01
    5.03726900e-01 2.63643861e-01 3.56847107e-01 2.03803241e-01
    3.13969076e-01 4.20099646e-01 8.63358617e-01 5.07811248e-01
    3.66046667e-01 5.03586352e-01 4.83029425e-01 2.11542547e-01
    6.35917902e-01 2.22717524e-01 2.43520021e-01 3.22928160e-01
    4.08641368e-01 7.89228916e-01 6.60012364e-02 6.06061935e-01
    8.71429741e-02 6.64338589e-01 8.27502608e-01 9.97984648e-01
    3.77181232e-01 7.89034069e-02 3.35914850e-01 5.74458480e-01
    1.00323528e-01 1.42211467e-01 1.67221129e-02 6.36790752e-01
    8.33881199e-02 4.79504377e-01 3.82465422e-01 2.00073719e-02
    9.05384481e-01 2.90882856e-01 3.08960497e-01 2.01341242e-01
    9.63866711e-04 3.81707251e-01 8.08141470e-01 5.50556242e-01
    1.98309124e-02 9.71313596e-01 2.42417067e-01 1.51909918e-01
    5.50625920e-01 4.40001041e-01 9.46619630e-01 1.76682353e-01
    5.89777231e-01 6.97870851e-01 2.08254933e-01 1.22429371e-01
    7.00211346e-01 2.47286469e-01 6.62408471e-02 2.68794805e-01
    6.42943323e-01 4.87849176e-01 9.35855269e-01 2.72087544e-01
    3.81611079e-01 7.12523580e-01 9.92847025e-01 4.36811149e-01
    9.95643497e-01 2.33342320e-01 1.41047001e-01 9.62705195e-01
    9.52158630e-01 7.28183866e-01 4.65535700e-01 7.85480738e-01
    4.01376665e-01 6.22344494e-01 1.73542678e-01 2.88049549e-01
    1.51456237e-01 4.34869051e-01 6.17198169e-01 3.24349463e-01
    9.71253812e-02 8.00620437e-01 8.40016127e-01 1.12770349e-01
    6.17232323e-01 4.97977614e-01 9.83503997e-01 3.32012832e-01
    2.33482003e-01 9.71062839e-01 1.39566898e-01 1.83851987e-01
    7.96836495e-01 5.10859966e-01 5.95714867e-01 5.94326735e-01
    1.43321574e-01 7.72863269e-01 9.18499112e-01 8.64070654e-01
    3.03334892e-01 2.12402970e-01 5.22227407e-01 2.14067161e-01
    5.94604850e-01 6.12810850e-01 4.42459226e-01 8.80346417e-01
    3.82603288e-01 3.01362157e-01 9.76598024e-01 4.25777435e-02
    1.30942464e-02 1.23806477e-01 3.26177210e-01 8.45582366e-01
    4.55774963e-01 5.13758779e-01 3.46139461e-01 3.65356147e-01
    2.49741971e-02 7.77001739e-01 8.76475513e-01 8.88702393e-01
    5.51511645e-02 2.10395277e-01 7.96816051e-02 7.51200438e-01 0. 0. 0.
    0. 0. 0. 0. 0. 0. 0. 0. 0. 0. 0. 0. 0. 5.99358737e-01 6.65124655e-01
    6.76599562e-01 3.07829976e-02 7.55243778e-01 8.68442535e-01
    9.59274054e-01 9.19456780e-02 2.46080160e-02 2.58577287e-01
    3.94855529e-01 9.40396190e-02 3.56553972e-01 5.93327940e-01
    4.62542236e-01 7.53722489e-02 3.45033109e-01 8.05634558e-02
    9.56308722e-01 2.29131937e-01 5.69320500e-01 2.95273542e-01
    1.58953369e-01 1.09680414e-01 7.18332708e-01 3.11824799e-01
    2.09258795e-01 8.20733428e-01 6.77687705e-01 1.84728861e-01
    7.46473789e-01 8.43212903e-02 5.15178740e-01 1.21541023e-02
    9.56214905e-01 9.41241086e-02 3.06248099e-01 7.36538172e-01
    4.64755803e-01 7.33189344e-01 7.83361197e-01 1.26962960e-02
    8.27395916e-01 8.66104662e-02 7.15636611e-01 4.34584558e-01
    1.35146201e-01 5.95661402e-02 5.24279654e-01 8.69259596e-01
    9.35798764e-01 1.28477812e-03 1.99061185e-01 6.16260648e-01
    6.49313331e-02 4.73611534e-01 8.95580828e-01 2.84260571e-01
    7.04128027e-01 7.45201409e-01 2.65603364e-01 7.24067211e-01
    7.13174701e-01 3.68887752e-01 6.99951053e-02 3.44480872e-02
    5.49795806e-01 5.40727556e-01 5.39376795e-01 1.58765107e-01
    9.22044575e-01 1.27473146e-01 5.15313983e-01 7.76399970e-02
    4.14027184e-01 2.52567649e-01 3.04596484e-01 8.51426601e-01
    4.36226487e-01 8.57794523e-01 6.01861835e-01 9.46044922e-04
    1.00948811e-02 9.28638458e-01 6.83041513e-01 6.60633445e-01
    4.81285453e-01 7.49358714e-01 8.49942923e-01 6.67734742e-01
    4.83169407e-01 7.19569147e-01 7.16872990e-01 9.95721817e-01
    4.61501002e-01 4.46767211e-01 3.87890816e-01 1.88002944e-01
    3.15395772e-01 3.79408002e-01 5.71120560e-01 6.25784457e-01
    9.12655711e-01 2.74045825e-01 7.82335162e-01 3.26520026e-01
    4.62332875e-01 4.66258228e-01 4.80272800e-01 9.96760488e-01
    3.31320286e-01 1.73489034e-01 8.28925967e-01 1.42887682e-01
    8.94453406e-01 1.19269401e-01 7.96989024e-01 9.79828835e-01
    8.18570137e-01 8.76556635e-01 9.46314573e-01 9.59449887e-01
    7.85142064e-01 6.58476591e-01 4.44828451e-01 7.61781931e-01
    8.01502943e-01 6.54252172e-02 5.83365560e-03 5.23091078e-01
    3.56806815e-01 1.36337787e-01 7.06947446e-01 1.17366850e-01
    2.49009430e-01 5.00324607e-01 4.71661329e-01 1.75167114e-01
    5.48038483e-01 5.66911459e-01 9.09003735e-01 2.21755594e-01
    7.48904824e-01 8.75811100e-01 5.24964929e-02 9.13001657e-01
    1.71029568e-03 3.75233829e-01 4.84475672e-01 5.50016761e-01
    6.97322607e-01 9.15874124e-01 5.01177311e-02 8.30347061e-01
    4.24194843e-01 2.20056146e-01 5.35031438e-01 7.60182738e-01
    6.76679254e-01 4.13064599e-01 3.18762034e-01 7.28729367e-03
    5.40367723e-01 1.61550641e-01 6.42236829e-01 3.69962156e-02
    3.40146601e-01 1.04993075e-01 3.88910264e-01 8.59633684e-01
    7.12040842e-01 2.23568320e-01 3.58079642e-01 2.35954791e-01
    4.73752081e-01 3.57344449e-02 1.12427831e-01 2.78864264e-01
    5.42551279e-01 3.64913046e-02 5.98779023e-01 7.39214301e-01
    3.50801885e-01 8.04887831e-01 1.48912251e-01 7.86696196e-01
    9.82266307e-01 5.82729638e-01 3.09809387e-01 5.38496137e-01
    9.34858263e-01 4.18280900e-01 1.42363399e-01 7.57654309e-02
    8.76184762e-01 5.78979552e-02 6.70096457e-01 5.25444448e-02
    6.68113947e-01 3.34103167e-01 3.42957795e-01 1.32234663e-01
    5.12424171e-01 2.93950140e-02 1.75440907e-02 6.10204816e-01
    5.22502005e-01 2.86954403e-01 7.56608784e-01 4.58956540e-01
    3.90194923e-01 2.27057993e-01 2.73109615e-01 2.29893804e-01
    4.89324510e-01 4.95031059e-01 9.02979195e-01 8.11872005e-01
    5.25736630e-01 7.83367038e-01 9.18720305e-01 1.86520636e-01
    5.96488595e-01 2.60181785e-01 2.87399918e-01 1.04420781e-01
    5.63666344e-01 1.15636766e-01 7.85601139e-03 2.00624675e-01
    7.90094852e-01 1.97041750e-01 7.03955233e-01 3.69970024e-01
    9.19280827e-01 5.37292898e-01 6.70179367e-01 2.61104703e-02
    7.13825703e-01 2.76437700e-01 9.40525234e-01 5.95771372e-02
    2.60930955e-01 6.10071599e-01 6.64914787e-01 4.18999404e-01
    4.83245224e-01 4.00932521e-01 8.16331387e-01 3.97799939e-01
    7.32947290e-02 1.11557543e-02 7.22573459e-01 5.42539001e-01
    4.30525750e-01 7.27739513e-01 0. 0. 0. 0. 0. 0. 0. 0. 0. 0. 0. 0. 0.
    0. 0. 0. 8.52029204e-01 6.17955983e-01 8.10035110e-01 6.45671129e-01
    7.43488431e-01 7.70979643e-01 2.61720121e-01 9.54411983e-01
    9.96434748e-01 5.11501312e-01 5.91406465e-01 4.17417824e-01
    9.13361311e-01 9.47033405e-01 2.96735674e-01 6.41112924e-01
    3.59128296e-01 9.07106519e-01 8.09414625e-01 7.26435840e-01
    6.02288663e-01 9.45116460e-01 4.07705069e-01 1.03279799e-01
    7.52185225e-01 2.15711236e-01 6.26511753e-01 8.54007900e-02
    7.71723866e-01 5.81226647e-01 5.87660789e-01 7.10402369e-01
    9.40593004e-01 3.09406817e-01 5.60913086e-01 3.72448623e-01
    4.88311291e-01 9.30227697e-01 7.68115163e-01 4.53440249e-02
    1.89690739e-01 4.70943391e-01 7.13049352e-01 7.76250243e-01
    5.51925421e-01 1.47877932e-01 9.12981927e-01 5.89865744e-01
    7.56329596e-02 7.05270290e-01 2.80401826e-01 1.85069650e-01
    4.35621381e-01 1.02708995e-01 8.93125594e-01 4.28742021e-01
    2.11876988e-01 3.20034385e-01 8.86975527e-01 1.13789201e-01
    8.84275734e-01 3.16407859e-01 9.05067801e-01 4.77081388e-01
    9.41196799e-01 4.74208266e-01 1.90190881e-01 3.56391251e-01
    1.79919571e-01 4.80096042e-01 7.50061512e-01 5.72260737e-01
    7.84672618e-01 8.43471169e-01 1.93404526e-01 9.80175138e-01
    5.82450628e-03 5.52855849e-01 6.67054296e-01 1.42441124e-01
    9.82569456e-01 5.45380473e-01 8.69988799e-01 8.18966806e-01
    5.80424845e-01 4.26173538e-01 6.89481139e-01 8.65499496e-01
    5.45034230e-01 4.19215590e-01 9.14064169e-01 1.27825528e-01
    3.17184508e-01 2.50918925e-01 8.14705491e-01 6.84375405e-01
    7.31971264e-01 8.80676031e-01 4.00664330e-01 4.26160693e-02
    5.82709610e-02 6.17246866e-01 9.76600945e-02 9.54455376e-01
    3.45283449e-02 2.62468845e-01 8.92770648e-01 5.82618594e-01
    5.97854257e-01 8.87061536e-01 1.04460299e-01 7.92453587e-01
    4.20362413e-01 6.81199253e-01 8.30061674e-01 7.16902673e-01
    7.12301612e-01 7.47891545e-01 5.18647790e-01 5.12933075e-01
    9.32497382e-02 6.65621758e-01 9.42696631e-01 9.29490983e-01
    7.52128720e-01 4.44151103e-01 3.41639936e-01 2.55910754e-02
    5.52244961e-01 2.26522058e-01 2.71895856e-01 1.24309957e-01
    8.54696274e-01 9.09706235e-01 4.94401097e-01 4.32305276e-01
    2.64441848e-01 9.81280804e-01 5.13097644e-02 1.99733287e-01
    2.04127342e-01 1.79170251e-01 8.69438887e-01 6.37805164e-01
    7.74063230e-01 1.81187183e-01 3.37136984e-02 7.01314211e-03
    2.83110559e-01 9.74207103e-01 5.48437238e-02 7.20932603e-01
    4.18536603e-01 3.42585444e-01 9.99925017e-01 4.97579247e-01
    2.14938998e-01 8.33633482e-01 8.97504091e-01 8.27606797e-01
    2.49549687e-01 8.73478293e-01 8.68334413e-01 9.68771279e-02
    5.07021964e-01 9.32001948e-01 7.26476073e-01 7.93328881e-03
    5.30635715e-02 8.74566436e-01 4.32574928e-01 7.36060381e-01
    9.05643821e-01 3.79032105e-01 8.34086895e-01 4.09247994e-01
    2.22550213e-01 3.01405668e-01 3.62373233e-01 1.08542234e-01
    5.92596471e-01 7.05412447e-01 1.67472750e-01 5.71427822e-01
    6.73121631e-01 7.04287589e-01 6.29673839e-01 3.11475068e-01
    8.98340940e-02 7.69838572e-01 2.34783292e-02 3.03283811e-01
    6.85002685e-01 2.93651223e-02 1.01186454e-01 2.51953632e-01
    4.19133842e-01 8.89569402e-01 7.29074478e-01 8.72644782e-01
    3.06008697e-01 5.93128026e-01 7.01537430e-01 8.77267122e-01
    4.05821621e-01 8.45024645e-01 4.84030873e-01 9.48689580e-01
    2.86906123e-01 1.24007285e-01 4.10770416e-01 1.65518761e-01
    1.75905168e-01 7.04184949e-01 1.33820593e-01 8.91386211e-01
    8.20506096e-01 7.28883803e-01 8.70135784e-01 5.00579119e-01
    7.39707947e-02 7.81462908e-01 5.87241471e-01 7.27085888e-01
    9.47633386e-01 7.51956463e-01 2.40774989e-01 7.25873470e-01
    8.65059137e-01 2.16940165e-01 9.47343946e-01 5.22146702e-01
    9.41505194e-01 2.63945937e-01 9.15214062e-01 8.96735430e-01
    5.50810933e-01 3.35745454e-01 2.47245252e-01 2.51715571e-01
    6.56817555e-01 9.98743296e-01 4.55129147e-01 1.32194161e-02
    7.35888124e-01 1.29943609e-01 4.87387985e-01 6.55530572e-01
    7.00590670e-01 2.20088422e-01 2.15592772e-01 5.55558503e-02
    1.26496792e-01 2.65773535e-01 1.91030204e-01 7.12751150e-01 0. 0. 0.
    0. 0. 0. 0. 0. 0. 0. 0. 0. 0. 0. 0. 0. 5.27191758e-01 1.03893220e-01
    5.79087496e-01 2.50411361e-01 1.38826668e-02 3.67954433e-01
    9.06791210e-01 2.66925931e-01 6.26635671e-01 4.79826659e-01
    7.07978308e-01 6.24926269e-01 6.63001359e-01 8.76674771e-01
    5.48499763e-01 4.33061451e-01 4.34838653e-01 4.31381762e-01
    9.64080095e-01 5.82702637e-01 2.77870297e-01 9.09187198e-02
    5.27287543e-01 3.71121585e-01 2.94880509e-01 7.42798626e-01
    2.65939027e-01 1.40722603e-01 4.64852035e-01 2.47413099e-01
    7.84578919e-01 4.13249552e-01 6.20473027e-01 7.00321198e-02
    6.47422373e-01 2.57492065e-04 6.30858183e-01 6.01343870e-01
    7.61283159e-01 8.96727324e-01 2.94261575e-02 9.75116014e-01
    2.02524245e-01 7.75200486e-01 1.82305545e-01 4.22837526e-01
    1.15541220e-02 8.38474154e-01 1.96793824e-01 3.52820128e-01
    3.66080076e-01 6.52683318e-01 1.38727725e-02 2.30325311e-01
    8.66942406e-01 6.10671163e-01 9.19581354e-02 1.64122403e-01
    7.70295382e-01 8.01211119e-01 7.97762990e-01 5.80293298e-01
    8.84225070e-01 1.53817564e-01 4.07214522e-01 4.25273120e-01
    5.93905747e-01 6.61644101e-01 2.38229334e-01 1.02423042e-01
    3.31025600e-01 7.22654998e-01 7.26394355e-01 7.29522347e-01
    2.49745309e-01 4.19198751e-01 2.54019678e-01 3.33987653e-01
    5.08273780e-01 4.21997041e-01 2.74650216e-01 6.24544382e-01
    1.81384981e-02 6.10220969e-01 8.09727967e-01 1.25459462e-01
    4.71635699e-01 7.95092583e-01 6.65988863e-01 7.51785338e-02
    3.74904871e-02 2.34917104e-02 4.82588291e-01 3.11144650e-01
    8.03314686e-01 3.72072756e-01 3.56070578e-01 9.01616514e-02
    3.43810558e-01 1.98902339e-01 8.39584470e-01 4.05727416e-01
    4.62107062e-02 1.08004808e-01 3.02256763e-01 9.51351106e-01
    3.51953834e-01 8.61450911e-01 5.97849846e-01 1.11234665e-01
    2.37461805e-01 1.60200119e-01 6.29987895e-01 5.34894109e-01
    4.32590842e-02 4.41659272e-01 9.47242856e-01 6.46617055e-01
    8.27606440e-01 4.48730588e-03 2.10469484e-01 8.44492912e-01
    5.13048470e-02 8.22710514e-01 6.35132015e-01 9.31251347e-01
    1.26096874e-01 8.09430003e-01 7.91260898e-01 5.28610766e-01
    8.48218024e-01 3.76949340e-01 4.75805104e-01 1.16923749e-02
    1.20043963e-01 2.65335679e-01 3.44255269e-02 6.55344248e-01
    7.62360573e-01 5.09721577e-01 6.14264190e-01 6.82421446e-01
    5.85221052e-01 5.04940033e-01 4.48300779e-01 2.08267152e-01
    5.78201652e-01 1.45792991e-01 9.91294682e-01 4.75483507e-01
    1.09080583e-01 5.24577737e-01 9.77730870e-01 8.99231672e-01
    9.72971082e-01 3.71619344e-01 6.57836676e-01 4.84366477e-01
    4.82305259e-01 2.48143345e-01 3.93644333e-01 5.67308962e-01
    7.33308733e-01 7.15092659e-01 5.39908946e-01 6.41492128e-01
    7.38604665e-01 3.70480984e-01 2.72572577e-01 2.05966055e-01
    2.18389511e-01 7.66403675e-01 8.37375641e-01 8.72085929e-01
    2.34267920e-01 7.80828595e-02 2.09784120e-01 9.80234742e-01
    9.22823906e-01 6.57819867e-01 7.71542788e-02 4.55954880e-01
    1.27772987e-02 7.33843803e-01 5.36797881e-01 6.13635123e-01
    1.85708314e-01 2.10037231e-01 5.10810435e-01 7.83101797e-01
    8.54841948e-01 7.86601543e-01 6.17539227e-01 6.11793041e-01
    5.13710856e-01 8.79258513e-02 7.11929440e-01 9.71422017e-01
    3.67555976e-01 6.55364752e-01 3.85313749e-01 3.68596941e-01
    5.06403923e-01 8.35489988e-01 1.17372841e-01 4.39655155e-01
    7.65048623e-01 8.16939712e-01 7.71548867e-01 4.42227364e-01
    3.64430875e-01 4.54078496e-01 1.81267560e-02 7.56919503e-01
    2.07892030e-01 2.12226510e-01 6.36766970e-01 5.68771124e-01
    1.21914834e-01 4.77472872e-01 3.29378664e-01 4.82576579e-01
    4.68867958e-01 2.09779382e-01 4.32996392e-01 3.90645415e-01
    2.36156911e-01 2.54235268e-01 7.43651450e-01 6.25937581e-01
    7.84779310e-01 8.30524206e-01 3.53014588e-01 9.59850848e-02
    6.23929083e-01 4.27145332e-01 4.41441804e-01 5.39108574e-01
    5.95204651e-01 2.12722242e-01 3.72469246e-01 8.20647240e-01
    2.81695843e-01 3.12904269e-01 5.82010150e-01 2.73409307e-01
    1.98088288e-01 6.52247906e-01 5.82550764e-01 3.20289850e-01
    6.94624424e-01 5.32115638e-01 8.16072464e-01 9.53977585e-01
    5.15754223e-02 4.14144754e-01 0. 0. 0. 0. 0. 0. 0. 0. 0. 0. 0. 0. 0.
    0. 0. 0. 4.75338519e-01 4.91922677e-01 6.83439791e-01 1.28538519e-01
    6.59483671e-02 4.30622548e-01 5.87358177e-01 4.69938815e-01
    8.44779015e-01 7.86316395e-02 7.41657436e-01 4.10220951e-01
    3.38547498e-01 7.49830425e-01 4.98824209e-01 9.98838484e-01
    8.15896153e-01 2.04392105e-01 7.59732664e-01 6.58666849e-01
    3.23002070e-01 7.80808806e-01 3.41958880e-01 9.51781392e-01
    8.85661960e-01 3.76896977e-01 7.19275057e-01 1.76517218e-01
    5.90402424e-01 5.83938420e-01 6.30403340e-01 8.41896832e-02
    9.93018031e-01 5.08312941e-01 6.76967323e-01 6.28304899e-01
    8.74167085e-01 2.54445225e-01 8.85280609e-01 4.33924019e-01
    3.69697213e-01 7.31554627e-01 7.58919418e-01 2.87360549e-02
    6.15605533e-01 1.36463314e-01 7.16795683e-01 2.59021461e-01
    9.73356009e-01 7.57392168e-01 8.51552010e-01 4.78108168e-01
    4.37280208e-01 1.13954127e-01 4.82294977e-01 2.67272025e-01
    3.86136562e-01 9.33213115e-01 4.31363344e-01 7.88017333e-01
    6.32218599e-01 3.34931016e-01 7.19487131e-01 9.89821434e-01
    5.53225517e-01 2.65249699e-01 1.01960808e-01 6.02517724e-02
    7.81537712e-01 5.61100602e-01 6.73038840e-01 9.81619000e-01
    8.72918785e-01 1.54328436e-01 5.87464988e-01 8.50881100e-01
    9.66328502e-01 3.85626525e-01 2.19466090e-01 6.95662022e-01
    6.85037434e-01 5.83195210e-01 6.70295775e-01 7.18298554e-03
    9.06343818e-01 9.64234114e-01 6.59587979e-03 2.50845671e-01
    7.82391965e-01 9.95670915e-01 1.11648440e-02 6.51323438e-01
    2.62245715e-01 3.70384932e-01 9.78268623e-01 8.55695963e-01
    6.64488077e-01 9.01151061e-01 9.87775981e-01 2.18193740e-01
    9.02633309e-01 1.18429899e-01 9.57197785e-01 3.87441695e-01
    5.55597126e-01 1.50585711e-01 6.05480433e-01 4.45603371e-01
    8.83121371e-01 1.24719292e-01 3.28091383e-01 9.72741842e-03
    5.50616562e-01 6.18892908e-03 5.40162325e-01 4.02971625e-01
    8.94330621e-01 6.39025509e-01 1.13535762e-01 2.22530216e-01
    4.27707016e-01 5.99191546e-01 2.78414071e-01 3.40125382e-01
    3.12863350e-01 8.40225577e-01 5.72221041e-01 6.90646708e-01
    4.27009165e-02 3.80514264e-01 4.90794361e-01 5.80223799e-01
    9.05437589e-01 2.62000859e-02 6.39317513e-01 6.81432366e-01
    1.52863801e-01 9.75996614e-01 8.96910667e-01 2.12596059e-02
    7.60276258e-01 2.72974551e-01 4.29177701e-01 6.60702765e-01
    4.14335877e-01 5.26819110e-01 9.98242378e-01 9.69067931e-01
    3.06698829e-01 2.77236164e-01 6.45554304e-01 2.85151780e-01
    4.08196867e-01 6.02622628e-01 1.79787457e-01 8.41897726e-01
    6.64718747e-01 1.14982784e-01 4.44057286e-01 8.72440577e-01
    9.19376612e-01 5.01768768e-01 4.04354364e-01 1.32218987e-01
    9.35712218e-01 1.90115511e-01 7.99623907e-01 2.20089674e-01
    4.49430048e-01 4.21128750e-01 6.25252306e-01 4.51560408e-01
    2.82756478e-01 7.51588702e-01 8.49118829e-01 9.99348164e-02
    6.20481193e-01 8.10942650e-02 2.08876103e-01 5.45141280e-01
    5.50332367e-02 1.71841532e-01 8.48585784e-01 5.72596431e-01
    5.07839143e-01 1.44242615e-01 5.01238644e-01 5.13354421e-01
    9.71246660e-01 9.62778449e-01 2.48754025e-03 1.61311388e-01
    8.99196744e-01 1.50673121e-01 1.71821177e-01 4.15184081e-01
    1.12024188e-01 5.00595272e-01 8.92001152e-01 5.67199230e-01
    4.97630209e-01 2.54633248e-01 8.60553741e-01 3.40210497e-01
    8.83228481e-01 2.07565397e-01 8.54507804e-01 1.90679044e-01
    2.78072119e-01 6.44936740e-01 1.27460092e-01 9.59208906e-01
    7.69562721e-02 9.30638552e-01 8.40375066e-01 3.77190799e-01
    6.36380970e-01 8.41963530e-01 3.60696912e-02 3.34932745e-01
    5.02296388e-01 2.77745426e-02 3.83971930e-02 2.87932158e-02
    8.26978445e-01 8.21813941e-01 5.56031942e-01 9.44887519e-01
    7.04514742e-01 5.15735924e-01 8.00163150e-01 7.67388761e-01
    6.28705025e-01 6.50131345e-01 8.80889475e-01 6.31293118e-01
    1.27594173e-02 1.67266130e-02 7.52527595e-01 5.61076283e-01
    5.04289031e-01 1.70288205e-01 9.67356801e-01 7.41634369e-01
    1.13129079e-01 7.02035904e-01 6.44272089e-01 2.21058756e-01
    7.11579919e-01 5.73635578e-01 7.90858567e-01 4.50292081e-01
    5.05190909e-01 1.52314037e-01 5.67780614e-01 9.52136934e-01 0. 0. 0.
    0. 0. 0. 0. 0. 0. 0. 0. 0. 0. 0. 0. 0. 3.46464515e-02 6.16915882e-01
    7.65655160e-01 7.40770638e-01 7.57514477e-01 8.65485847e-01
    5.77027202e-01 9.14958239e-01 5.98948658e-01 3.92604530e-01
    4.38441932e-02 1.89038426e-01 6.18170202e-01 9.65850234e-01
    4.71901774e-01 7.36906111e-01 6.35939419e-01 9.04917002e-01
    8.35571766e-01 4.89708781e-01 7.55645573e-01 6.63481355e-01
    7.23297834e-01 4.10448194e-01 8.90050471e-01 4.13546711e-01
    6.10883474e-01 8.36500645e-01 3.70239377e-01 5.50027549e-01
    3.43814671e-01 4.85986918e-01 5.40127039e-01 7.06052184e-01
    5.09280086e-01 3.48690748e-02 7.18137860e-01 8.15305412e-01
    4.18390036e-02 8.89321446e-01 9.89428222e-01 6.36023283e-01
    1.63914621e-01 8.74427497e-01 2.23482519e-01 1.18482769e-01
    1.36865884e-01 7.48118162e-02 6.20029032e-01 1.48750037e-01
    7.80802846e-01 3.75525981e-01 6.63737178e-01 8.65895867e-01
    9.73967195e-01 5.55082142e-01 5.65191567e-01 3.16053331e-02
    6.98842347e-01 3.22435260e-01 1.58440739e-01 9.11000371e-01
    5.48381686e-01 4.13815886e-01 3.96294296e-02 2.05182195e-01
    2.86684275e-01 8.16663504e-01 2.70318806e-01 4.11635876e-01
    1.35828495e-01 9.16450381e-01 7.72270858e-02 2.16785014e-01
    5.15560925e-01 5.41387141e-01 4.74454939e-01 9.07313824e-01
    4.00827408e-01 3.64220679e-01 9.34194684e-01 7.20421135e-01
    7.25125492e-01 7.43119240e-01 3.68571222e-01 8.90699983e-01
    6.12431228e-01 3.97253335e-02 2.79366016e-01 4.76877034e-01
    1.17988586e-01 6.72844887e-01 1.79144323e-01 6.45417035e-01
    1.10546440e-01 5.24158418e-01 4.11993891e-01 2.28869706e-01
    8.25239420e-01 3.44241560e-01 6.14439726e-01 1.43204927e-01
    9.87853885e-01 7.71116018e-01 5.36326945e-01 1.71527028e-01
    6.74283147e-01 9.09280002e-01 8.20808649e-01 2.26986110e-01
    7.74262607e-01 3.82810742e-01 1.08038902e-01 1.06622458e-01
    6.64239347e-01 3.97011042e-02 8.59883249e-01 7.31338739e-01
    4.30089831e-02 1.04340374e-01 7.94105053e-01 2.10196972e-02
    4.92594242e-02 2.57838368e-02 3.89243960e-01 3.63287538e-01
    8.74521434e-01 4.29597139e-01 1.54319674e-01 6.31341040e-02
    1.16249323e-01 5.20776451e-01 3.70973885e-01 6.90506279e-01
    1.27522141e-01 9.41197157e-01 6.83433533e-01 7.45379567e-01
    7.29787886e-01 5.28640985e-01 8.08849096e-01 2.62537807e-01
    8.19760740e-01 9.99337912e-01 4.44396138e-01 2.73399234e-01
    4.01099116e-01 4.55405384e-01 4.15134609e-01 9.94026423e-01
    5.09229064e-01 3.02370399e-01 5.81657708e-01 1.16467416e-01
    7.68574357e-01 8.37172270e-01 5.05630910e-01 9.52326655e-01
    5.58567166e-01 2.42829889e-01 7.52503157e-01 1.96388185e-01
    3.16990018e-01 7.15511441e-01 9.00206029e-01 1.55820251e-02
    7.94368982e-01 4.56880957e-01 3.84574205e-01 5.91543555e-01
    9.06887770e-01 6.62351429e-01 2.35931665e-01 7.58648396e-01
    7.46902883e-01 3.57652724e-01 9.70711112e-01 5.03126442e-01
    8.85246038e-01 7.90981174e-01 3.17476034e-01 4.44021493e-01
    6.24949753e-01 5.42106748e-01 1.27935022e-01 6.25117123e-01
    9.94194150e-01 4.69888389e-01 5.81793249e-01 4.54404533e-01
    9.01284695e-01 9.13052797e-01 7.25433350e-01 1.13063484e-01
    3.49142045e-01 1.63999200e-02 4.69375908e-01 8.49244952e-01
    9.75030899e-01 8.76541674e-01 4.06103969e-01 6.28582537e-01
    8.35643172e-01 3.99585694e-01 4.57271248e-01 6.51507378e-01
    5.25880575e-01 6.24134660e-01 3.50361675e-01 4.59721774e-01
    6.90243602e-01 8.96697640e-01 1.38457298e-01 2.94637084e-02
    3.23121250e-01 6.49798036e-01 7.36662149e-01 5.51549494e-02
    7.53588319e-01 6.38279915e-02 6.46829367e-01 9.68780518e-01
    1.64191246e-01 9.97309506e-01 2.01349914e-01 3.62547398e-01
    2.41350234e-01 8.03424120e-01 6.70857906e-01 7.83472657e-02
    1.28578365e-01 8.80632758e-01 8.66247118e-02 8.23717117e-01
    7.07911193e-01 3.54153216e-02 6.01273715e-01 1.47838682e-01
    7.62887359e-01 5.27297616e-01 1.41861171e-01 4.09797549e-01
    8.63419175e-01 8.81434321e-01 5.88793993e-01 8.57472777e-01
    8.80212486e-02 9.72968340e-01 7.20115900e-02 4.94591832e-01
    9.26255167e-01 7.63149858e-01 8.56879294e-01 4.88384187e-01
    7.07390249e-01 6.47885799e-02 0. 0. 0. 0. 0. 0. 0. 0. 0. 0. 0. 0. 0.
    0. 0. 0. 6.40271485e-01 4.55306828e-01 2.62535393e-01 8.44603419e-01
    9.11792874e-01 7.05177546e-01 1.20073259e-01 2.71599680e-01
    5.19926071e-01 4.56375033e-01 2.15267539e-02 7.02342391e-03
    1.04948312e-01 3.56807768e-01 9.03180957e-01 3.61728281e-01
    8.45283329e-01 2.60141164e-01 6.03511393e-01 5.27439833e-01
    4.96876627e-01 1.77001357e-02 4.13794488e-01 3.63626093e-01
    1.13507390e-01 5.19465864e-01 4.25330937e-01 4.85230863e-01
    5.70485711e-01 8.78245234e-01 2.73339152e-02 4.98724222e-01
    6.09115422e-01 3.92012924e-01 2.07681239e-01 2.33690232e-01
    4.66105014e-01 9.09784079e-01 5.54235816e-01 4.30336595e-03
    7.80462325e-02 3.77954274e-01 3.48685801e-01 2.22650081e-01
    9.82331514e-01 4.25062239e-01 2.16752499e-01 2.67542660e-01
    9.86643672e-01 4.28271472e-01 4.92305845e-01 3.64987403e-01
    9.05684829e-01 4.60257858e-01 2.18098521e-01 8.30832124e-02
    6.62266433e-01 1.39745057e-01 4.89790320e-01 3.79857272e-01
    3.04260969e-01 3.25634658e-01 2.87883848e-01 2.90915072e-01
    2.68766463e-01 9.41619992e-01 9.62630033e-01 3.77494514e-01
    7.90767908e-01 1.42804474e-01 7.46008396e-01 3.19463760e-01
    6.86243236e-01 7.81662226e-01 9.30384874e-01 2.32479900e-01
    8.85007083e-02 1.10692084e-02 3.32113504e-02 4.81633872e-01
    4.85483676e-01 5.37383974e-01 7.41988897e-01 7.25064456e-01
    7.01073170e-01 1.07298762e-01 3.85567725e-01 7.29139090e-01
    8.50258052e-01 1.01321638e-02 4.16489840e-01 5.09102583e-01
    9.93477821e-01 1.25428408e-01 4.96219724e-01 7.70264268e-02
    5.19038856e-01 9.44030583e-02 5.22138655e-01 9.04377699e-01
    3.58522266e-01 7.31089413e-01 9.47723985e-01 5.05056620e-01
    6.89845145e-01 5.80997467e-01 4.36883956e-01 6.81670725e-01
    4.30312455e-01 7.78003693e-01 3.86553377e-01 4.14531529e-01
    6.60211802e-01 9.68875289e-01 5.66236675e-01 7.88933873e-01
    7.30998218e-01 5.89401066e-01 5.40330410e-02 9.77466226e-01
    8.35959911e-01 8.15525770e-01 9.15714383e-01 3.11554730e-01
    5.33512115e-01 7.94670641e-01 3.86681408e-01 1.34747058e-01
    3.52420300e-01 5.23213208e-01 4.30485487e-01 6.32873237e-01
    5.86987078e-01 8.65565896e-01 9.79423165e-01 2.90658653e-01
    5.00537217e-01 2.31767625e-01 6.09959781e-01 5.23394406e-01
    9.58273113e-02 4.39369440e-01 2.15147227e-01 7.24570155e-01
    3.47291648e-01 2.31360495e-01 2.25248486e-01 2.64285445e-01
    2.77710438e-01 4.30408418e-01 3.62714887e-01 5.96152842e-01
    2.73914874e-01 7.90134192e-01 1.38292968e-01 3.99698973e-01
    3.83224100e-01 3.66724133e-02 3.68007302e-01 4.93930250e-01
    8.00834179e-01 1.05262697e-01 2.69052088e-01 1.32505715e-01
    6.65266812e-01 9.17149425e-01 5.94527602e-01 6.61227405e-02
    2.50160843e-01 1.65889889e-01 6.42561913e-02 4.45042431e-01
    6.93708420e-01 1.60481542e-01 2.30782062e-01 7.38410115e-01
    1.86614245e-01 4.29757535e-02 3.25699151e-01 4.58559811e-01
    3.05352479e-01 9.42445338e-01 7.08544970e-01 9.90044177e-01
    7.53528357e-01 9.99605715e-01 2.34011590e-01 2.55452812e-01
    2.96337605e-01 8.87134671e-01 9.28867161e-01 9.30894971e-01
    5.87835729e-01 1.30779684e-01 7.27168322e-02 3.40534508e-01
    1.59075469e-01 8.55533004e-01 3.65688533e-01 7.44281054e-01
    9.10858512e-02 2.31612921e-01 2.50054479e-01 9.58495498e-01
    8.51589203e-01 9.90245342e-01 9.22395110e-01 2.49325961e-01
    3.69511783e-01 7.11324215e-02 9.37169790e-03 1.76244378e-02
    7.55290687e-01 6.62228703e-01 2.12405741e-01 2.33137697e-01
    4.45863068e-01 2.46711254e-01 9.58894491e-02 2.70295143e-01
    3.49612594e-01 9.46841121e-01 5.47804117e-01 7.34493494e-01
    9.16799664e-01 4.88271713e-02 8.08980584e-01 9.22961116e-01
    3.27637792e-01 9.06351328e-01 7.50430346e-01 6.44320548e-01
    2.70000696e-01 8.65652442e-01 6.76968098e-01 8.59241366e-01
    1.05545223e-02 5.61650634e-01 3.71792495e-01 1.26771957e-01
    9.43340361e-02 5.05380452e-01 6.11547768e-01 1.49122745e-01
    8.64735007e-01 6.33892417e-02 4.06331658e-01 6.01512671e-01
    1.85446978e-01 6.04590535e-01 3.80885601e-02 9.15589392e-01
    5.74980080e-01 1.83628976e-01 3.80456299e-01 4.97846574e-01 0. 0. 0.
    0. 0. 0. 0. 0. 0. 0. 0. 0. 0. 0. 0. 0. 3.95047903e-01 8.03534389e-01
    7.00045705e-01 6.02920830e-01 1.34920835e-01 4.83337343e-01
    4.96771753e-01 4.35794234e-01 8.84000659e-01 5.72356343e-01
    6.95823431e-02 5.37749410e-01 1.31516814e-01 7.00521946e-01
    9.81822729e-01 3.39149952e-01 3.33375901e-01 8.72628927e-01
    8.79010916e-01 8.37068439e-01 1.61737382e-01 2.81299651e-01
    1.16950899e-01 3.49621952e-01 9.15718198e-01 4.49309647e-02
    4.90306228e-01 3.90227437e-02 3.03417563e-01 8.42431366e-01
    4.06163305e-01 5.11543810e-01 3.78986359e-01 5.65188110e-01
    2.27209032e-01 2.35845655e-01 1.32229835e-01 3.83504033e-01
    7.86535144e-02 4.39922333e-01 2.21750677e-01 5.64458728e-01
    8.58883142e-01 2.55190134e-01 2.22007960e-01 1.70153677e-01
    2.13944525e-01 7.75024414e-01 3.72630149e-01 4.87404764e-02
    6.55342102e-01 4.34921980e-02 4.86572653e-01 5.83364964e-01
    1.41977221e-01 8.53864074e-01 2.00079441e-01 5.53207040e-01
    9.88820910e-01 5.25656223e-01 9.65472996e-01 7.76218891e-01
    1.66155577e-01 7.60048568e-01 1.99786246e-01 6.75100803e-01
    2.45159417e-01 8.30039263e-01 5.84269404e-01 8.12492549e-01
    5.13834357e-01 5.33352733e-01 3.80337685e-01 3.44691575e-01
    4.49759245e-01 7.00124145e-01 9.26965594e-01 7.98649311e-01
    8.87575269e-01 2.81907737e-01 1.04756355e-02 1.74828619e-01
    2.55711675e-01 4.95130897e-01 9.59849417e-01 1.54304504e-02
    4.65322435e-01 7.39783406e-01 9.92213607e-01 1.71952248e-02
    6.15495384e-01 2.48466611e-01 1.04171485e-01 6.16648734e-01
    2.48645365e-01 3.86483073e-02 2.81566739e-01 8.80839705e-01
    9.45698500e-01 4.81753260e-01 4.13933784e-01 5.57280719e-01
    3.59260559e-01 6.56244814e-01 4.77242351e-01 7.50128508e-01
    9.05086935e-01 1.98500782e-01 7.84014285e-01 9.82999444e-01
    9.65124011e-01 3.57223451e-02 3.25111508e-01 6.77558184e-01
    3.21406573e-01 9.39676583e-01 7.34626651e-01 4.13345426e-01
    1.48117244e-01 3.43366861e-02 5.78657448e-01 4.14309353e-01
    2.94666886e-01 4.59328204e-01 2.44398445e-01 2.96116054e-01
    8.01301003e-01 6.97284997e-01 4.33619082e-01 6.22752309e-01
    3.19322824e-01 3.17424536e-01 4.49631870e-01 8.42694581e-01
    3.13781500e-02 4.05843556e-02 3.79042268e-01 6.97063088e-01
    6.97273314e-02 8.05678129e-01 8.69260073e-01 2.82367289e-01
    9.96053696e-01 1.58846855e-01 3.78394336e-01 7.36767054e-01
    2.46938944e-01 1.68389231e-01 4.20593470e-01 9.48303103e-01
    8.72581244e-01 5.69033206e-01 8.56976748e-01 8.32773387e-01
    2.17043906e-01 8.09910417e-01 9.98104513e-01 2.91037410e-01
    7.11095154e-01 6.24036014e-01 7.10126519e-01 3.89186978e-01
    1.64476901e-01 9.01706934e-01 2.39522725e-01 7.86273122e-01
    3.28488529e-01 1.41644865e-01 6.26968265e-01 9.96054113e-01
    6.52877510e-01 8.38560104e-01 2.31496096e-02 4.34191763e-01
    2.32095122e-01 3.15273643e-01 2.03593671e-02 1.91150635e-01
    6.09856844e-01 2.32956529e-01 9.63438392e-01 7.40460992e-01
    5.76936543e-01 4.59111035e-01 9.77085352e-01 9.73139465e-01
    5.98034143e-01 9.00269926e-01 3.36189449e-01 5.40604889e-01
    3.99828643e-01 9.54767764e-01 2.31705904e-02 3.62713039e-02
    8.22470844e-01 3.36766809e-01 9.81514931e-01 2.87121177e-01
    3.34863186e-01 5.78770280e-01 7.83326030e-01 7.45072842e-01
    6.80446625e-01 5.79136968e-01 6.88359737e-01 8.73486161e-01
    3.98737192e-03 2.25375950e-01 4.85784560e-01 2.00758964e-01
    8.96895289e-01 3.90756160e-01 5.55673659e-01 1.73431724e-01
    7.62330770e-01 3.30768019e-01 3.48896980e-02 2.75579810e-01
    8.99551094e-01 3.31567168e-01 2.02080071e-01 5.75640976e-01
    1.16620481e-01 6.41907930e-01 9.54156995e-01 6.87772870e-01
    5.65589845e-01 7.78460741e-01 5.44955373e-01 8.12672317e-01
    2.22006053e-01 6.66263640e-01 1.31090313e-01 2.08940178e-01
    2.25207299e-01 6.31369352e-01 7.32577622e-01 2.91972518e-01
    8.50703359e-01 4.78944182e-02 8.24024200e-01 1.54785305e-01
    7.96178102e-01 5.90966880e-01 9.47121978e-02 8.24660480e-01
    1.07982665e-01 1.01502925e-01 2.31024086e-01 1.41748250e-01
    6.38539970e-01 9.06493306e-01 2.69570321e-01 8.64268601e-01
    9.99765038e-01 7.63510287e-01 0. 0. 0. 0. 0. 0. 0. 0. 0. 0. 0. 0. 0.
    0. 0. 0. 6.21356070e-01 2.50629276e-01 5.40889859e-01 7.54144847e-01
    6.95635557e-01 8.40957046e-01 6.12779975e-01 1.35877728e-03
    7.73250163e-01 6.49556577e-01 7.27758706e-01 9.11686063e-01
    2.78115988e-01 6.72251284e-02 9.43523347e-02 7.95472205e-01
    1.76364660e-01 1.63647026e-01 5.02029479e-01 2.99284756e-01
    2.84235716e-01 9.93078411e-01 9.51426506e-01 5.16686320e-01
    9.76312876e-01 7.97400236e-01 7.93314338e-01 3.33011091e-01
    3.60316396e-01 5.45423627e-01 8.94632697e-01 2.52571702e-03
    5.63743234e-01 6.61376119e-03 8.41144681e-01 5.88757396e-01
    3.66998434e-01 6.14065230e-01 9.18179989e-01 7.88826764e-01
    3.69268656e-03 2.56872714e-01 8.21325302e-01 6.20199203e-01
    4.51724678e-01 6.77810967e-01 5.40186167e-01 9.49058831e-02
    5.81070304e-01 1.92970902e-01 5.80620587e-01 5.94456851e-01
    6.22714043e-01 3.95109713e-01 9.33232784e-01 5.68987906e-01
    8.55145037e-01 8.02306294e-01 1.23014152e-02 8.27595592e-01
    5.03634274e-01 6.11317873e-01 7.69677997e-01 9.96198773e-01
    8.79932404e-01 2.45284438e-02 4.71407443e-01 4.32766676e-01
    2.22729236e-01 3.38838756e-01 6.41765475e-01 6.02417231e-01
    3.05640876e-01 5.10915756e-01 6.06747866e-02 5.81299424e-01
    5.55583060e-01 8.14288139e-01 4.63823408e-01 4.94484127e-01
    2.77036458e-01 8.01918983e-01 2.13805020e-01 7.47771502e-01
    8.70981455e-01 2.03708351e-01 5.35247326e-01 3.87152910e-01
    4.40465629e-01 1.99915558e-01 9.12635624e-02 3.02668154e-01
    2.06753373e-01 4.69231069e-01 2.01684445e-01 1.08706325e-01
    2.14376807e-01 3.49991620e-01 5.02108693e-01 6.68117523e-01
    8.67277980e-01 7.77952254e-01 1.26532763e-01 3.05710316e-01
    9.02904391e-01 9.10327733e-01 6.23630762e-01 8.01889956e-01
    5.40990174e-01 9.15685833e-01 5.05123138e-01 7.39650130e-01
    9.01579976e-01 4.32989955e-01 3.21495682e-01 8.71939003e-01
    7.49158740e-01 8.74159336e-01 1.76983207e-01 1.52828276e-01
    9.72961783e-02 9.95577812e-01 1.96853548e-01 9.68735933e-01
    4.57425982e-01 2.59127259e-01 4.32635248e-01 4.44274724e-01
    2.30742872e-01 2.12676138e-01 1.04930222e-01 5.29924512e-01
    2.19771475e-01 7.73412943e-01 4.06299710e-01 1.49146110e-01
    3.63455713e-01 7.43631124e-01 8.12696755e-01 8.41185272e-01
    3.18515658e-01 6.75438285e-01 8.50712538e-01 8.85358989e-01
    3.68399382e-01 6.36421084e-01 7.45461345e-01 3.69265556e-01
    3.63017499e-01 3.23778987e-01 3.55285943e-01 6.29450023e-01
    2.16394186e-01 3.83498907e-01 1.67734325e-01 2.65997410e-01
    9.61391091e-01 8.79699111e-01 7.37795591e-01 3.74743938e-01
    1.01434946e-01 3.97735417e-01 2.87773669e-01 5.73966205e-02
    3.43387604e-01 9.90527570e-02 9.20659304e-03 6.33184910e-01
    5.22407293e-02 2.95661420e-01 5.51837564e-01 1.67700142e-01
    7.61568785e-01 9.71601844e-01 4.82021868e-02 6.31201148e-01
    3.04910719e-01 4.70176607e-01 4.51463014e-01 6.66325569e-01
    2.48425871e-01 3.71045589e-01 5.98005474e-01 9.77998972e-03
    7.45027363e-01 9.78789449e-01 9.20119882e-02 5.94237804e-01
    1.39417797e-01 7.67726183e-01 2.83334732e-01 9.26549852e-01
    4.13747162e-01 9.18487489e-01 2.28854209e-01 8.76534700e-01
    3.78296137e-01 6.54285669e-01 6.95523500e-01 9.42621946e-01
    4.36919451e-01 9.36011314e-01 5.98572910e-01 1.47252023e-01
    3.72606754e-01 4.67676938e-01 2.80344784e-01 4.18674290e-01
    1.85639590e-01 3.50757599e-01 6.60980582e-01 3.00258696e-02
    7.21715271e-01 7.57182240e-01 5.44844329e-01 1.40592724e-01
    2.43967772e-02 5.73065877e-03 7.42386878e-01 6.81853175e-01
    8.27062070e-01 2.52260566e-02 3.57711494e-01 9.84758377e-01
    4.65798557e-01 3.96145314e-01 5.81574142e-01 2.15318292e-01
    2.17511863e-01 2.80209780e-01 9.90114331e-01 4.39437985e-01
    5.83130181e-01 1.14086747e-01 4.84212339e-01 5.28115749e-01
    5.87571383e-01 3.61319184e-02 4.06800032e-01 1.62720859e-01
    6.19883478e-01 4.60202754e-01 8.17513406e-01 5.83553314e-01
    4.39679503e-01 3.19654644e-02 1.83045477e-01 5.89955211e-01
    2.02548504e-01 6.32502198e-01 7.23546028e-01 5.85843921e-01
    5.10053933e-02 7.55958080e-01 7.60004520e-01 9.18144584e-02 0. 0. 0.
    0. 0. 0. 0. 0. 0. 0. 0. 0. 0. 0. 0. 0. 2.73462355e-01 9.98305142e-01
    9.04986978e-01 9.33756351e-01 9.00200009e-02 6.84783340e-01
    9.72733915e-01 9.14557695e-01 4.70975935e-01 5.18096268e-01
    6.67119682e-01 8.53848815e-01 2.96839774e-01 6.29430115e-01
    6.40020370e-01 9.31971908e-01 3.15933228e-02 4.97896910e-01
    4.00070071e-01 8.08665454e-02 9.88747954e-01 7.85825729e-01
    8.30970049e-01 3.17377210e-01 9.86719668e-01 7.77916789e-01
    8.54833484e-01 7.71746635e-01 2.63634324e-03 4.85923886e-01
    3.95975947e-01 5.78004599e-01 9.26160395e-01 7.88746893e-01
    4.63039100e-01 5.11183023e-01 2.00094044e-01 5.51009357e-01
    7.27156639e-01 2.12601870e-01 6.14945829e-01 5.49114883e-01
    8.27238381e-01 9.78218794e-01 5.17617285e-01 3.75878811e-01
    7.42057502e-01 2.30658889e-01 7.17560172e-01 9.15006161e-01
    3.29100907e-01 1.89516842e-01 9.03041005e-01 2.78620422e-01
    4.46818590e-01 1.00271076e-01 9.12751436e-01 5.72107375e-01
    3.08431983e-01 8.08732748e-01 7.52382755e-01 9.92654264e-02
    4.13644314e-02 6.41089857e-01 1.98187917e-01 6.36896968e-01
    8.23851228e-01 3.25082064e-01 9.74220872e-01 5.05606651e-01
    4.89029288e-01 9.21423078e-01 2.45459050e-01 6.27653182e-01
    2.93104410e-01 6.48803890e-01 7.50906229e-01 3.23633552e-02
    7.73763657e-03 3.75074536e-01 4.32937682e-01 6.31096125e-01
    3.69097829e-01 7.66957283e-01 1.59733593e-01 8.35214972e-01
    2.15430409e-01 2.98593700e-01 5.77165902e-01 2.97723562e-01
    5.41397095e-01 8.24555337e-01 5.83615780e-01 5.72451413e-01
    9.51812983e-01 4.25980210e-01 5.50574243e-01 9.72368300e-01
    7.63570786e-01 7.00514436e-01 2.45096654e-01 4.90047455e-01
    4.70149279e-01 3.77329290e-01 3.74190301e-01 7.23745823e-01
    7.93061376e-01 2.41074860e-01 3.14904392e-01 5.71879327e-01
    1.78105831e-01 2.85924673e-01 2.52820551e-01 3.41614306e-01
    4.60099608e-01 6.13703012e-01 6.44189715e-01 9.40802097e-02
    5.52433729e-01 3.38069499e-01 7.96419203e-01 7.86366403e-01
    3.39342058e-01 5.09090841e-01 4.72930819e-01 5.54441690e-01
    7.78617382e-01 3.92745554e-01 5.14219999e-02 2.94466585e-01
    6.25597537e-02 7.24374533e-01 3.49182099e-01 7.87756443e-01
    6.63790107e-01 8.36024880e-01 4.90942359e-01 4.31394905e-01
    5.86432695e-01 1.21025562e-01 7.76265979e-01 8.95305872e-01
    4.66221482e-01 3.71468037e-01 9.83284116e-01 4.00937825e-01
    7.61361003e-01 6.22905314e-01 1.19960278e-01 6.72494471e-02
    8.42755437e-02 6.06396437e-01 7.55450189e-01 7.02261567e-01
    2.13683456e-01 2.97409892e-01 4.71283257e-01 2.66679406e-01
    2.59586453e-01 4.36269969e-01 3.21631730e-02 9.40989494e-01
    4.77679163e-01 5.99244833e-01 7.53820240e-02 4.17921096e-01
    6.61631823e-02 6.84527874e-01 9.57644701e-01 6.93751633e-01
    1.69825643e-01 9.46520567e-01 6.27919734e-02 5.59135079e-02
    4.26423430e-01 7.82152891e-01 7.52538562e-01 8.31686497e-01
    4.96791422e-01 3.32487136e-01 9.87178326e-01 3.24763298e-01
    1.51218981e-01 9.38800931e-01 4.90895212e-01 7.97329426e-01
    2.88360029e-01 7.12986290e-01 7.84555793e-01 5.15441418e-01
    9.76449966e-01 7.38518000e-01 7.99473524e-01 8.61522913e-01
    5.02010047e-01 6.51820004e-01 9.87438321e-01 9.27547097e-01
    5.17694652e-02 5.88281035e-01 5.87217152e-01 5.19599199e-01
    3.50374341e-01 7.03197718e-01 9.81025100e-01 9.21702504e-01
    1.58187389e-01 7.45719135e-01 2.51234680e-01 8.41951370e-03
    9.45200562e-01 9.59496975e-01 3.95992100e-01 8.95252228e-01
    8.90935898e-01 4.20838892e-01 3.44781816e-01 8.47477436e-01
    9.20965672e-01 8.40610385e-01 2.73607314e-01 1.11682683e-01
    3.17643702e-01 8.73436987e-01 9.14823055e-01 9.24642682e-01
    3.21832806e-01 1.35502487e-01 3.98646891e-02 4.43410099e-01
    1.52792901e-01 9.76812720e-01 1.64604187e-01 8.96828771e-01
    4.83463734e-01 6.74278378e-01 7.37819493e-01 1.58968329e-01
    5.94819486e-01 1.54580891e-01 6.24662399e-01 1.00976139e-01
    8.53608251e-01 8.35484982e-01 9.62080598e-01 7.01249361e-01
    8.32790494e-01 5.19662678e-01 4.69496727e-01 5.35361886e-01
    2.69092292e-01 1.53753161e-02 2.46749997e-01 7.72436261e-02
    7.62267888e-01 1.03098363e-01 0. 0. 0. 0. 0. 0. 0. 0. 0. 0. 0. 0. 0.
    0. 0. 0. 4.46391612e-01 1.19705200e-01 2.10062772e-01 7.86460757e-01
    2.75829494e-01 4.49885994e-01 4.28411067e-02 3.93461525e-01
    1.14538759e-01 1.62626565e-01 4.12768811e-01 3.84127468e-01
    1.43222123e-01 7.73921967e-01 8.64521265e-02 9.01189446e-01
    3.34409893e-01 5.30815780e-01 9.09643650e-01 4.11768496e-01
    1.31752223e-01 8.27280641e-01 9.13436532e-01 9.74033535e-01
    3.61000001e-02 4.60309148e-01 3.47404301e-01 4.92910564e-01
    9.02082026e-02 7.34854043e-01 6.89743221e-01 4.28958774e-01
    9.75203335e-01 1.52207881e-01 7.35619247e-01 7.97975659e-02
    9.16083097e-01 1.01398170e-01 9.69388247e-01 8.85740638e-01
    6.84764385e-01 2.19293863e-01 6.53658271e-01 6.45806551e-01
    7.30378151e-01 9.47252274e-01 5.08486927e-02 2.73429215e-01
    1.09189808e-01 9.75229979e-01 7.94755220e-01 1.09911203e-01
    5.14883757e-01 3.07548612e-01 3.04869920e-01 3.67230058e-01
    7.74312615e-02 8.53672624e-01 7.09873438e-01 1.92338318e-01
    3.28927040e-01 1.94096476e-01 7.66755044e-02 8.91007781e-02
    1.37119502e-01 1.80823684e-01 6.09819651e-01 7.48394072e-01
    8.54940057e-01 8.23523104e-01 6.22597396e-01 7.48821139e-01
    7.93802142e-02 5.03075719e-01 6.67799711e-01 4.89793479e-01
    8.05008054e-01 8.87279630e-01 1.38494700e-01 2.10750431e-01
    5.73922038e-01 7.49572635e-01 7.14461148e-01 4.21990544e-01
    4.84984457e-01 2.40861475e-01 6.81226432e-01 5.34914017e-01
    9.41747308e-01 2.61682212e-01 3.40421975e-01 9.54990745e-01
    2.53069997e-01 7.05066383e-01 7.59937704e-01 2.37037987e-01
    5.88490844e-01 6.51466548e-02 2.84352064e-01 2.12723643e-01
    7.08717942e-01 1.96761429e-01 8.07111621e-01 8.04374278e-01
    4.36991274e-01 8.30820143e-01 8.85216117e-01 7.46485770e-01
    2.56309748e-01 3.66293192e-01 8.40369225e-01 4.98411953e-02
    6.91060305e-01 8.89560580e-02 3.05110991e-01 2.28813589e-01
    1.45272166e-01 5.66820860e-01 6.77032411e-01 3.44880521e-01
    5.54363608e-01 9.56824958e-01 3.43270868e-01 9.77687716e-01
    6.72738433e-01 6.69876456e-01 7.65111566e-01 6.93398058e-01
    1.30565852e-01 6.80954635e-01 1.48663819e-02 8.62809241e-01
    7.27896869e-01 2.51160532e-01 1.52923644e-01 6.32922947e-02
    7.73951054e-01 8.37642848e-02 7.93210626e-01 3.51431698e-01
    9.00575340e-01 3.99606705e-01 1.29672289e-02 8.84406269e-01
    3.84002268e-01 2.95033932e-01 3.04455161e-01 3.97273004e-01
    2.28868544e-01 5.26422083e-01 6.11224651e-01 5.17482758e-02
    1.50419772e-02 3.33493799e-01 4.84138131e-02 9.50816751e-01
    2.66042888e-01 7.94094861e-01 2.64006555e-01 3.77210051e-01
    4.78497505e-01 3.02658796e-01 8.62366378e-01 5.43670058e-01
    5.72833002e-01 1.69583023e-01 8.63736153e-01 8.70620966e-01
    9.82354939e-01 1.83137000e-01 1.34284526e-01 4.36338782e-01
    9.52285886e-01 3.71838868e-01 2.91651845e-01 8.53463709e-02
    8.97809982e-01 1.75395459e-01 8.99301052e-01 7.09273398e-01
    8.08702350e-01 1.04815125e-01 2.53921151e-01 2.24643558e-01
    8.58168840e-01 5.63846350e-01 7.04405427e-01 9.66200829e-02
    3.09378326e-01 5.40741682e-01 3.52010339e-01 3.13914984e-01
    4.39020544e-01 2.80937254e-01 6.13864303e-01 6.45580053e-01
    1.52972162e-01 3.61607134e-01 3.74838948e-01 6.01319134e-01
    9.67599750e-01 9.76166725e-01 6.53039813e-01 5.02507627e-01
    4.22953784e-01 8.21304202e-01 6.70176148e-01 3.25864851e-01
    7.71298468e-01 5.98535359e-01 9.05550122e-01 2.17301816e-01
    7.83315003e-01 9.17403460e-01 6.70927286e-01 8.27685952e-01
    7.89331555e-01 8.55453849e-01 5.57150424e-01 7.20513761e-02
    7.92307973e-01 7.90159225e-01 3.29574168e-01 7.49053955e-01
    7.89482236e-01 8.66153836e-02 4.68338698e-01 7.03372300e-01
    1.75609976e-01 8.39689016e-01 6.78911924e-01 7.28556275e-01
    1.76494479e-01 7.44431734e-01 6.69943154e-01 3.00938487e-01
    6.43866122e-01 8.21313620e-01 1.88347906e-01 4.16324228e-01
    4.08695072e-01 5.47912061e-01 7.77319551e-01 1.57011569e-01
    8.88558030e-01 2.03336835e-01 7.74292111e-01 2.00220168e-01
    5.26279628e-01 9.02430058e-01 3.50118339e-01 6.99950635e-01
    2.01696008e-01 8.54330659e-01 1.46271378e-01 6.28704190e-01 0. 0. 0.
    0. 0. 0. 0. 0. 0. 0. 0. 0. 0. 0. 0. 0. 9.72358584e-01 9.35970604e-01
    5.82985580e-01 2.67992944e-01 5.99622309e-01 6.82419121e-01
    8.19573522e-01 9.53186095e-01 8.34076166e-01 1.81802392e-01
    4.87276316e-02 5.64996958e-01 1.13709241e-01 3.81038368e-01
    6.28988624e-01 6.54458344e-01 6.43887639e-01 1.84123665e-01
    2.31378615e-01 7.62890518e-01 6.73476636e-01 1.10991061e-01
    7.54208863e-02 5.95538378e-01 7.69503355e-01 4.66059983e-01
    1.21556967e-01 8.18888664e-01 7.28403807e-01 8.78163278e-01
    9.63900268e-01 5.39533079e-01 6.95156753e-01 7.42614508e-01
    2.22973287e-01 5.18403053e-01 3.30883563e-02 9.49908137e-01
    5.24157643e-01 3.67795050e-01 8.82642865e-01 3.33157480e-01
    9.30133700e-01 3.86890590e-01 6.28077328e-01 2.07498938e-01
    1.02919191e-01 4.26197588e-01 5.58998704e-01 6.34850800e-01
    5.64807832e-01 9.39341307e-01 2.22337306e-01 6.73335075e-01
    3.43315929e-01 4.37227428e-01 6.14891350e-02 4.44979012e-01
    3.90087336e-01 6.81551814e-01 8.66599560e-01 2.74034917e-01
    3.35116565e-01 7.71397948e-01 9.51711655e-01 2.15668678e-02
    3.07198822e-01 8.17313671e-01 1.05285317e-01 4.94047314e-01
    5.35334349e-02 1.56677872e-01 7.89925992e-01 3.53106797e-01
    1.60061002e-01 4.41193581e-02 8.81117105e-01 2.23039508e-01
    3.78435344e-01 3.62544239e-01 7.13968933e-01 6.88933253e-01
    5.79682767e-01 2.58194625e-01 1.26205921e-01 2.09938735e-01
    6.77576184e-01 8.08063686e-01 8.98688316e-01 9.76684570e-01
    1.12607628e-01 5.74221432e-01 4.03761864e-01 3.71839583e-01
    7.92899489e-01 3.45507294e-01 9.92014408e-01 1.97624058e-01
    8.46194267e-01 9.16155875e-02 7.39215553e-01 3.31246197e-01
    3.02852154e-01 4.94506955e-01 9.54309702e-01 3.03770900e-01
    8.64015400e-01 8.72381330e-02 2.77042389e-01 7.69818902e-01
    1.64939195e-01 2.09069490e-01 2.53972828e-01 7.55648494e-01
    8.09992850e-02 8.72952759e-01 9.02340889e-01 9.35775340e-02
    5.34101307e-01 2.16279209e-01 9.32935119e-01 3.16624224e-01
    6.04195595e-01 5.92681885e-01 6.67522669e-01 1.02956891e-02
    8.47008586e-01 2.38772839e-01 7.35615253e-01 9.38269734e-01
    3.07948411e-01 1.30065292e-01 9.19335961e-01 3.37476134e-02
    2.45973080e-01 8.39542031e-01 5.20030320e-01 2.22957432e-01
    6.52285755e-01 7.94183016e-02 2.35360742e-01 3.57785732e-01
    9.74191248e-01 9.62844253e-01 3.00660014e-01 6.32302940e-01
    9.81764853e-01 9.67702389e-01 5.03521085e-01 9.98925090e-01
    3.19924951e-01 4.42483693e-01 8.43824506e-01 5.08154631e-02
    8.91102493e-01 7.77649999e-01 9.95755136e-01 4.19477403e-01
    8.65101457e-01 1.69583559e-01 2.24184662e-01 4.04559672e-02
    5.88306487e-01 3.23573351e-02 4.48951781e-01 5.77964187e-01
    7.66918540e-01 9.07578468e-01 5.33673227e-01 8.91131043e-01
    5.73046505e-02 7.52879620e-01 4.35327590e-02 5.91811240e-01
    9.07862604e-01 1.18698001e-01 6.30176544e-01 9.53055024e-01
    1.33472145e-01 8.44063640e-01 5.11022031e-01 7.25997448e-01
    4.79230523e-01 6.88093424e-01 2.40028799e-01 1.09352559e-01
    9.07069921e-01 6.34612441e-01 6.58608675e-02 8.01342130e-01
    7.18444705e-01 2.30269015e-01 9.89447534e-01 1.28086001e-01
    8.16995740e-01 5.68097055e-01 2.18964785e-01 5.85960150e-02
    4.35048908e-01 6.94795549e-02 6.51430428e-01 9.79684830e-01
    6.17238641e-01 9.89055634e-02 5.11472821e-01 3.05985332e-01
    1.82414412e-01 9.71710384e-02 9.35379207e-01 2.40089208e-01
    6.92462802e-01 2.39271194e-01 8.41822267e-01 2.22895503e-01
    9.71172750e-02 8.71933699e-02 3.37772638e-01 5.72024882e-01
    5.80399454e-01 9.82210577e-01 9.91164446e-01 4.24474061e-01
    1.09258592e-02 4.15492803e-01 7.88649142e-01 6.83711886e-01
    8.83695960e-01 2.34536916e-01 2.28393465e-01 8.64849746e-01
    2.89951980e-01 1.77963048e-01 6.01625443e-01 2.21946090e-01
    9.78003442e-01 3.01625907e-01 3.56021404e-01 5.35771489e-01
    3.41593623e-02 5.71392655e-01 8.81791711e-02 6.63675845e-01
    3.47498655e-01 2.84718841e-01 2.15868533e-01 7.84404039e-01
    6.05525911e-01 2.84977198e-01 1.04151994e-01 2.30320066e-01
    7.69570947e-01 7.18911171e-01 8.36129665e-01 6.19273841e-01
    3.98981005e-01 5.06384194e-01 0. 0. 0. 0. 0. 0. 0. 0. 0. 0. 0. 0. 0.
    0. 0. 0. 2.44159967e-01 3.39831084e-01 5.80047786e-01 8.58132958e-01
    2.72921741e-01 9.95324850e-01 2.28188515e-01 6.35546207e-01
    2.92750239e-01 7.51810312e-01 8.73358428e-01 1.15631104e-01
    8.85259509e-02 3.33167315e-01 8.93753111e-01 1.33809447e-01
    8.01364362e-01 3.20013404e-01 3.91843975e-01 7.29667425e-01
    1.97728276e-02 6.12366796e-01 4.40684199e-01 2.03355670e-01
    7.65515089e-01 2.24465698e-01 8.63776922e-01 8.57004523e-01
    1.39112145e-01 4.83962357e-01 6.97466731e-03 1.93546712e-01
    2.52612472e-01 2.29829580e-01 6.75096989e-01 4.93483335e-01
    3.74891341e-01 5.86614370e-01 4.66681153e-01 2.38230139e-01
    4.98961359e-01 4.23454791e-01 3.93851280e-01 2.99955010e-01
    9.21137094e-01 5.36004007e-01 4.00289834e-01 5.80416679e-01
    2.53048003e-01 3.08045864e-01 5.75597942e-01 8.13320935e-01
    4.16417331e-01 9.56063867e-01 2.11917460e-01 1.67806864e-01
    4.67142045e-01 5.29690146e-01 5.21922708e-02 8.31229925e-01
    3.41302514e-01 5.59824109e-01 4.78949904e-01 4.43661511e-02
    3.08531016e-01 8.72985363e-01 6.82694316e-01 3.71642530e-01
    1.76535547e-01 9.37582374e-01 1.43734843e-01 7.83908725e-01
    8.73735309e-01 9.01033401e-01 1.94644332e-02 7.31681764e-01
    9.83308911e-01 9.39612925e-01 7.52016306e-01 4.66993362e-01
    4.14001554e-01 7.96601295e-01 1.43760175e-01 9.12871361e-02
    1.15411818e-01 8.79716873e-02 3.54032516e-02 2.23495573e-01
    8.64132643e-01 3.21575165e-01 7.45128632e-01 7.83622444e-01
    4.86149013e-01 6.00198984e-01 1.77745223e-02 1.08460784e-02
    6.93378270e-01 1.00105375e-01 4.45977330e-01 4.70928401e-01
    3.86765748e-01 3.33917558e-01 6.66207135e-01 9.93961811e-01
    2.25112617e-01 3.74957502e-01 2.58063674e-01 8.80339682e-01
    4.93636578e-01 8.93741548e-01 1.11256242e-02 7.79827058e-01
    3.69502008e-02 3.52819145e-01 3.27431560e-02 9.98492241e-01
    4.82258439e-01 8.30375612e-01 5.64487755e-01 7.08773732e-03
    9.49307263e-01 3.28040123e-01 3.52930546e-01 9.37953711e-01
    1.95219576e-01 4.07432079e-01 1.91929430e-01 5.54421484e-01
    1.99973673e-01 6.45557642e-01 2.59139538e-01 6.21692777e-01
    1.50211066e-01 2.26760745e-01 3.24607432e-01 3.23190093e-01
    4.04932439e-01 7.20541656e-01 5.64301014e-01 1.20598942e-01
    5.22927046e-01 8.75090957e-02 4.67610896e-01 1.43438518e-01
    6.31957293e-01 1.21523112e-01 3.71091992e-01 3.57878685e-01
    5.18969893e-01 9.71127450e-02 3.74627590e-01 3.06673706e-01
    4.58438516e-01 7.76861906e-01 9.86261010e-01 5.40184677e-02
    5.78628063e-01 6.03070021e-01 7.52382874e-02 9.58193183e-01
    8.65303934e-01 8.10062587e-01 7.89823532e-01 7.78395295e-01
    9.50707912e-01 7.57737517e-01 9.69574690e-01 7.83601224e-01
    2.83885062e-01 2.29342908e-01 8.30512762e-01 2.39955127e-01
    2.99904883e-01 3.24813038e-01 2.94134766e-01 2.14320868e-01
    6.06118083e-01 2.92484581e-01 2.08504736e-01 7.76178956e-01
    4.75549698e-01 8.96744728e-01 8.32784474e-02 6.55259371e-01
    2.84167051e-01 6.72725201e-01 4.83296901e-01 2.59247065e-01
    5.68331659e-01 2.22305983e-01 9.85839248e-01 5.83978832e-01
    3.75892580e-01 3.41072679e-02 2.83495665e-01 6.57039404e-01
    8.32567275e-01 2.00200200e-01 9.68237162e-01 6.82007730e-01
    1.46983624e-01 3.07323396e-01 5.22824466e-01 2.02333480e-01
    4.53620136e-01 9.90727901e-01 1.16668791e-01 6.07118785e-01
    9.32067394e-01 5.12765586e-01 1.15199894e-01 1.06278747e-01
    1.61309689e-01 3.37447494e-01 4.74281639e-01 8.60680044e-01
    8.02835941e-01 5.95452547e-01 9.23071027e-01 8.31275225e-01
    1.82550550e-01 5.29972672e-01 3.92140150e-01 6.76021755e-01
    4.19618547e-01 8.52659702e-01 2.13288367e-01 6.17694497e-01
    5.19016683e-01 4.16798890e-01 9.85740185e-01 1.42049789e-02
    9.74587202e-01 5.28688252e-01 3.66690576e-01 8.57193828e-01
    4.64445353e-02 5.36020458e-01 6.48125887e-01 6.64344072e-01
    7.54806757e-01 1.92616165e-01 4.60582554e-01 3.24393928e-01
    9.29766774e-01 5.16564846e-01 3.94511223e-03 8.42149675e-01
    2.38185376e-01 2.57843733e-03 9.04820442e-01 2.19137520e-01
    8.23851109e-01 6.65690303e-01 9.20530260e-02 7.05406010e-01 0. 0. 0.
    0. 0. 0. 0. 0. 0. 0. 0. 0. 0. 0. 0. 0. 4.58897412e-01 2.31223762e-01
    7.23361969e-01 7.43327975e-01 7.18375802e-01 4.29866761e-01
    4.98208940e-01 2.70825684e-01 9.68472958e-02 1.98978186e-03
    9.06309128e-01 5.24004102e-01 6.17590308e-01 4.96041685e-01
    4.73725677e-01 4.78481829e-01 1.85297191e-01 1.01923645e-01
    8.72233510e-01 7.41727352e-02 1.49286956e-01 2.22102046e-01
    5.49838781e-01 3.65007102e-01 2.79441535e-01 5.97981036e-01
    7.95254469e-01 7.62914717e-02 6.84364319e-01 2.03657120e-01
    7.18174160e-01 3.18168044e-01 8.27485442e-01 4.98806089e-01
    5.00072062e-01 2.16639847e-01 3.38615596e-01 4.21838224e-01
    6.37906849e-01 9.08842564e-01 9.72119868e-02 5.91671228e-01
    1.19864225e-01 7.80631542e-01 4.59632695e-01 9.08444285e-01
    1.27128094e-01 7.81862199e-01 2.83891737e-01 2.61572868e-01
    1.36731267e-01 2.99244940e-01 1.38209522e-01 5.49935579e-01
    6.96280241e-01 1.58865780e-01 7.64176846e-01 1.69273645e-01
    8.85991573e-01 1.75708711e-01 6.61600530e-01 5.33309579e-01
    4.07711864e-01 9.91475344e-01 7.93492794e-01 4.85080719e-01
    2.11256623e-01 8.17654490e-01 6.34412646e-01 8.82168412e-01
    1.43366456e-01 1.95032090e-01 3.10961425e-01 5.23540974e-02
    5.94730675e-01 4.54909891e-01 7.97863305e-02 3.34399581e-01
    8.29960108e-02 1.05021000e-01 4.96217012e-02 9.89660144e-01
    6.73295319e-01 5.68156958e-01 8.04147124e-01 1.93745226e-01
    9.17582154e-01 2.99104393e-01 3.46399665e-01 5.90153694e-01
    3.70017886e-01 4.22398150e-01 9.71570432e-01 4.10510868e-01
    3.05061996e-01 8.28987479e-01 8.03476095e-01 1.52230382e-01
    6.75905824e-01 9.60043907e-01 6.37871742e-01 6.21707559e-01
    5.90395093e-01 3.49592447e-01 7.47797906e-01 6.96331620e-01
    4.25494969e-01 3.98050427e-01 2.21877903e-01 3.70433629e-01
    9.57831979e-01 3.61301422e-01 7.08931684e-03 4.33601052e-01
    5.29553890e-02 1.27928197e-01 3.13481838e-01 8.46152306e-01
    9.54641223e-01 3.98962319e-01 8.76433551e-02 3.17845345e-01
    8.63790989e-01 3.50709975e-01 6.93539381e-01 2.83945143e-01
    7.27814317e-01 9.95871127e-01 3.01931262e-01 3.52864265e-02
    6.53443933e-02 7.23133564e-01 5.51601112e-01 2.43145943e-01
    3.68253201e-01 6.11730397e-01 2.81416833e-01 9.20053363e-01
    6.91674054e-01 6.44287050e-01 9.64845240e-01 8.48029554e-02
    9.55779552e-01 9.65402842e-01 6.37640059e-02 4.70921844e-01
    8.40146244e-01 3.43644202e-01 9.79842424e-01 9.88307059e-01
    3.14593613e-02 6.64684892e-01 9.02113318e-01 8.35344553e-01
    8.61792564e-01 8.54411364e-01 1.04068160e-01 4.64223981e-01
    1.38442427e-01 3.19175720e-01 4.24278051e-01 9.87888753e-01
    8.90579224e-01 5.04099250e-01 5.70510268e-01 6.69529438e-01
    9.01225686e-01 4.20044899e-01 8.87206733e-01 1.29351526e-01
    2.31889635e-01 5.22675157e-01 6.65428638e-01 1.47974581e-01
    5.76401830e-01 3.48538041e-01 5.43147027e-01 4.61450070e-01
    8.84363890e-01 1.31159395e-01 1.82611942e-01 7.31423855e-01
    6.96265221e-01 7.25759268e-01 9.90496039e-01 8.02236438e-01
    4.37061429e-01 5.63955843e-01 9.35061455e-01 1.34917498e-02
    1.45651430e-01 2.05011070e-02 4.97496068e-01 9.42420542e-01
    2.53929615e-01 3.78485918e-01 7.27575064e-01 8.39156866e-01
    1.75736248e-01 3.73071998e-01 2.44480371e-02 3.53805304e-01
    3.84610891e-02 2.04047263e-02 1.39456093e-01 1.44711465e-01
    5.63748419e-01 9.89621520e-01 3.26731801e-02 9.25776780e-01
    5.52568436e-01 9.05222297e-02 1.79006189e-01 3.16785246e-01
    8.09532166e-01 7.64762998e-01 6.54621482e-01 2.24073440e-01
    6.92586064e-01 5.42019963e-01 3.14627528e-01 2.84401238e-01
    5.16099215e-01 9.14665163e-02 7.33801603e-01 2.48222500e-01
    4.27972645e-01 2.58002132e-01 7.33195901e-01 2.44041860e-01
    1.12898409e-01 1.69989616e-01 9.38195467e-01 5.47827184e-01
    3.57597470e-02 8.98891568e-01 1.99980587e-01 9.74985242e-01
    2.49759674e-01 3.89255136e-01 7.95100152e-01 8.83858919e-01
    6.56587422e-01 3.31339240e-03 4.62817281e-01 2.58038104e-01
    6.81107104e-01 8.86905789e-02 2.50960350e-01 7.41151512e-01
    6.34500980e-01 3.44263315e-02 5.38361788e-01 5.97839296e-01
    9.07945871e-01 8.77935052e-01 0. 0. 0. 0. 0. 0. 0. 0. 0. 0. 0. 0. 0.
    0. 0. 0. 3.62753421e-01 7.72291362e-01 1.18037641e-01 3.13573480e-01
    4.67295527e-01 4.34191525e-01 8.82347226e-01 9.17524576e-01
    1.67082250e-02 4.86024201e-01 9.98325944e-02 5.97585857e-01
    2.11470693e-01 4.73201573e-01 1.01573706e-01 7.35208154e-01
    8.72614682e-01 8.46821785e-01 8.10144544e-02 6.71997547e-01
    4.05073881e-01 7.47169971e-01 9.26982999e-01 8.83619189e-02
    1.65992051e-01 7.76708126e-04 7.98143446e-02 7.83828259e-01
    8.80160332e-01 3.87434572e-01 3.78627300e-01 6.01311624e-01
    2.57572353e-01 9.40689087e-01 5.88875234e-01 6.74382865e-01
    6.78897142e-01 1.33277357e-01 5.88878870e-01 6.93832517e-01
    3.22966635e-01 1.90465897e-01 1.13953263e-01 1.66154683e-01
    9.96001065e-02 7.14876235e-01 8.11193109e-01 7.83644199e-01
    4.09214497e-01 8.08332324e-01 4.69420850e-02 4.01376456e-01
    9.27063823e-03 4.63749886e-01 4.43197340e-01 3.15291464e-01
    4.12371159e-01 5.42785645e-01 2.00920582e-01 5.44347644e-01
    6.44775212e-01 9.79866147e-01 5.23599744e-01 6.62803650e-05
    7.06857860e-01 4.68225211e-01 9.25542116e-01 9.16098654e-02
    2.27112740e-01 3.46158922e-01 1.72674298e-01 3.91598314e-01
    1.42819881e-01 7.57818997e-01 7.81936049e-01 6.44414723e-01
    1.81284636e-01 2.58254111e-01 7.58780241e-01 3.81889582e-01
    3.60944629e-01 8.63972783e-01 1.97313726e-01 8.39986682e-01
    6.96740508e-01 3.54833722e-01 8.98099303e-01 7.03568399e-01
    6.99223042e-01 9.72058535e-01 4.61468399e-02 2.56280601e-01
    9.35265422e-02 8.68909538e-01 6.65898860e-01 9.28147018e-01
    5.15883267e-01 1.24778837e-01 4.21519458e-01 6.33530736e-01
    6.06514215e-01 6.13379836e-01 5.78878760e-01 8.16913724e-01
    5.74685931e-01 2.44274855e-01 7.26537943e-01 4.43832278e-01
    4.54568803e-01 1.04887068e-01 7.69705951e-01 9.05046225e-01
    1.61855578e-01 2.26735592e-01 8.75303149e-02 2.29254961e-02
    4.39355135e-01 8.09441805e-01 9.93674517e-01 1.51670784e-01
    1.31606907e-01 5.00032306e-03 6.08921468e-01 1.15832061e-01
    7.82986403e-01 4.67088521e-02 5.58463275e-01 8.19463432e-01
    3.54529679e-01 4.60746884e-02 6.59095526e-01 3.44638884e-01
    4.71888453e-01 4.91968930e-01 2.44171411e-01 9.88472700e-01
    4.99776721e-01 8.08202803e-01 9.07473564e-01 7.29069054e-01
    6.62786245e-01 4.35245633e-01 3.61424387e-01 8.58470798e-01
    6.32436275e-02 6.54074371e-01 2.65677452e-01 4.40958977e-01
    6.89452589e-01 9.46938097e-02 2.00253159e-01 4.32753354e-01
    8.03108752e-01 5.63270152e-01 6.30513549e-01 6.13852441e-01
    8.58588934e-01 3.64566118e-01 4.01622385e-01 6.92436337e-01
    9.44500208e-01 6.30512297e-01 8.46402586e-01 1.37020826e-01
    7.02342868e-01 1.67163014e-02 2.82741487e-01 6.31969213e-01
    7.41975427e-01 2.53074944e-01 2.59690046e-01 4.55677271e-01
    2.71815568e-01 6.40271664e-01 3.38313758e-01 6.87211871e-01
    1.10767752e-01 7.69177318e-01 3.55877966e-01 9.44112778e-01
    9.91661310e-01 4.79754388e-01 4.47919995e-01 8.15095365e-01
    2.50854015e-01 9.88172948e-01 3.03553402e-01 6.89159513e-01
    5.80682516e-01 2.96766460e-02 5.02393007e-01 9.47998643e-01
    5.52469134e-01 1.47955626e-01 5.77069819e-01 3.17941070e-01
    3.22411329e-01 8.31925631e-01 4.39195424e-01 4.69547033e-01
    7.37415135e-01 5.71739852e-01 6.16827846e-01 5.14051080e-01
    9.37430382e-01 5.27577400e-02 1.35141104e-01 1.26736850e-01
    6.93748951e-01 7.97897398e-01 6.41583920e-01 4.49838817e-01
    8.73766303e-01 8.48473430e-01 6.69985473e-01 9.59761024e-01
    5.31915426e-01 2.70164013e-03 8.66653740e-01 2.24350393e-02
    9.88732219e-01 5.68089545e-01 9.46348190e-01 8.86233687e-01
    2.45714098e-01 7.60065436e-01 1.97059095e-01 3.35539639e-01
    1.57740712e-02 7.87073135e-01 2.82339036e-01 3.69237006e-01
    2.49907613e-01 2.36913264e-01 2.53059328e-01 1.92204416e-02
    6.23249590e-01 7.46271610e-01 1.48324639e-01 6.24779940e-01
    1.59923047e-01 9.53993976e-01 3.52576494e-01 6.79936707e-01
    4.19894367e-01 6.80055499e-01 2.11011767e-02 6.58918142e-01
    9.04955506e-01 9.02179003e-01 7.44643807e-01 1.72428221e-01
    3.59216392e-01 2.33729422e-01 1.96402073e-02 8.92663002e-02 0. 0. 0.
    0. 0. 0. 0. 0. 0. 0. 0. 0. 0. 0. 0. 0. 1.32453144e-02 7.23867893e-01
    7.19046414e-01 7.29945600e-01 6.98799849e-01 9.10861015e-01
    2.95768768e-01 5.64598501e-01 6.58492923e-01 1.99194580e-01
    2.71682024e-01 3.29801381e-01 9.95277584e-01 4.17132199e-01
    9.93315935e-01 3.65468740e-01 6.51546478e-01 7.14301944e-01
    3.99362981e-01 3.46680939e-01 5.61174095e-01 5.77888966e-01
    2.19249696e-01 1.94534928e-01 8.12411308e-02 1.95957571e-01
    4.79916304e-01 1.13506228e-01 5.93293726e-01 2.54353702e-01
    4.76720750e-01 6.01635158e-01 7.46795774e-01 9.24823761e-01
    2.26692319e-01 8.23925853e-01 6.27892733e-01 1.06989443e-02
    4.34887081e-01 5.94520867e-01 9.52882051e-01 6.11853480e-01
    6.08174145e-01 6.59872651e-01 2.54113615e-01 8.24418426e-01
    4.35293615e-01 2.11885870e-02 6.24431849e-01 2.94844151e-01
    7.05397129e-02 2.08759218e-01 6.18842006e-01 2.27075636e-01
    8.87305737e-02 8.63430023e-01 4.49825943e-01 6.04885936e-01
    2.71256268e-01 5.94405770e-01 2.14774847e-01 9.02319789e-01
    8.95357072e-01 7.36701548e-01 8.09414268e-01 9.80038285e-01
    8.54572415e-01 5.22568047e-01 7.79376030e-01 6.65199041e-01
    8.65502357e-01 2.59118855e-01 7.05409825e-01 1.64793938e-01
    3.39632034e-01 2.63575017e-01 9.71723199e-01 2.01074183e-02
    8.10657442e-02 6.02616727e-01 7.71626770e-01 2.50433087e-01
    7.85712242e-01 2.81481564e-01 5.03235161e-01 2.08400995e-01
    2.64362633e-01 3.63378346e-01 2.83083558e-01 7.01824665e-01
    8.51002336e-02 5.69259286e-01 3.50495785e-01 2.14854121e-01
    6.48626029e-01 3.08334708e-01 2.45203465e-01 5.15683293e-01
    2.94949025e-01 3.54812890e-01 5.77531040e-01 3.62627625e-01
    1.82580620e-01 9.31656897e-01 2.41361469e-01 3.91561240e-01
    1.67519599e-01 4.29674625e-01 2.94618279e-01 5.23431122e-01
    7.97883391e-01 1.12234741e-01 5.05297720e-01 2.60048240e-01
    2.88629889e-01 9.20631886e-01 6.16688251e-01 1.10957444e-01
    9.76139307e-01 4.40197736e-01 6.35996819e-01 8.45457554e-01
    8.46786261e-01 2.99087435e-01 5.29971123e-01 5.82894206e-01
    3.83384407e-01 3.88803124e-01 5.77146649e-01 4.68694925e-01
    3.23239893e-01 2.36909002e-01 4.69669670e-01 7.77828455e-01
    1.35010988e-01 9.43480134e-01 9.99196410e-01 4.44680035e-01
    4.04404104e-01 6.74256146e-01 6.07329607e-01 1.60018563e-01
    5.71948528e-01 4.09099042e-01 7.19682813e-01 2.53678709e-01
    2.93347359e-01 1.27648890e-01 9.68230367e-01 2.12938190e-02
    8.63170564e-01 3.19754779e-01 6.09305620e-01 1.48888201e-01
    4.47506249e-01 3.19749206e-01 8.54472816e-02 5.45558929e-01
    5.70897222e-01 4.92949039e-01 9.85192657e-01 7.07289755e-01
    5.41492522e-01 6.99838638e-01 2.90960908e-01 1.96260601e-01
    1.41536176e-01 3.23531657e-01 6.73421741e-01 9.44926977e-01
    7.93402851e-01 5.02555788e-01 4.98414934e-02 9.03661728e-01
    9.73837614e-01 7.51414120e-01 3.40884745e-01 3.51660430e-01
    1.29193842e-01 4.91926402e-01 4.89977032e-01 2.84700155e-01
    8.21391582e-01 3.17684889e-01 4.46041644e-01 4.54668999e-01
    8.18173647e-01 3.28680158e-01 6.76119626e-01 3.19111019e-01
    3.52846682e-01 6.69570923e-01 7.81615496e-01 5.19378901e-01
    6.95762277e-01 5.03311932e-01 6.16848707e-01 2.00281888e-01
    8.90345573e-01 9.76794124e-01 1.12932563e-01 3.34238648e-01
    1.55099422e-01 8.35334897e-01 8.45702589e-01 5.83381534e-01
    7.78654218e-01 1.64793819e-01 1.27427965e-01 3.08410048e-01
    2.89174676e-01 8.95890951e-01 1.84071898e-01 1.89242959e-01
    5.32391846e-01 3.62011552e-01 4.40304011e-01 5.21456838e-01
    7.93743968e-01 1.13283992e-02 1.84363037e-01 5.75560033e-01
    8.49892378e-01 7.99528956e-02 7.47936666e-02 1.38176709e-01
    4.50374335e-01 9.00905967e-01 2.08659768e-02 4.59822863e-01
    4.60162550e-01 4.70385611e-01 9.80908990e-01 5.12880445e-01
    9.63553667e-01 5.17854691e-01 3.59590650e-01 6.41667962e-01
    9.39167142e-01 5.13485074e-03 2.68053532e-01 3.97943556e-01
    6.88872993e-01 7.36634135e-01 1.46010727e-01 1.02116168e-01
    7.81209946e-01 2.29293048e-01 4.93383110e-01 2.91341186e-01
    4.95197773e-02 8.58029902e-01 9.87258613e-01 3.29333454e-01
    1.78116262e-02 2.14049637e-01 0. 0. 0. 0. 0. 0. 0. 0. 0. 0. 0. 0. 0.
    0. 0. 0. 4.30735320e-01 6.84095144e-01 9.72335219e-01 2.89927512e-01
    2.15728045e-01 6.34185672e-02 1.73994839e-01 1.07605606e-01
    3.93402606e-01 2.07853377e-01 4.70261931e-01 2.87042916e-01
    1.27448112e-01 8.71528983e-02 3.04646373e-01 6.33549809e-01
    6.61529183e-01 9.25916493e-01 8.51917326e-01 1.49129808e-01
    6.52329266e-01 2.41305083e-01 7.52559304e-03 8.74435782e-01
    2.15038866e-01 2.43563116e-01 8.77627194e-01 2.01565474e-01
    3.15505415e-01 8.32947969e-01 6.51699245e-01 3.57197225e-01
    7.49153793e-02 3.19194138e-01 6.60629749e-01 9.00083184e-01
    8.58503103e-01 1.83161736e-01 6.80063665e-01 7.47707605e-01
    1.50670707e-02 3.80887687e-02 3.60614061e-01 3.71335149e-01
    3.01180243e-01 7.61174798e-01 3.09078842e-01 3.34537029e-02
    1.69017851e-01 1.25774741e-01 9.79420066e-01 1.23774767e-01
    9.00791466e-01 3.28897536e-01 1.44773126e-02 6.75676584e-01
    5.68713129e-01 8.12715828e-01 8.13637257e-01 1.06530011e-01
    9.18823481e-01 7.44707227e-01 4.30276662e-01 9.35167074e-04
    6.25516653e-01 8.71291995e-01 7.60788918e-02 5.23573339e-01
    8.28992307e-01 5.22943199e-01 3.02694440e-01 3.17980051e-02
    4.96240258e-01 9.23416555e-01 5.53962469e-01 1.35083377e-01
    6.84219301e-01 3.22978497e-01 3.91963005e-01 1.98992312e-01
    5.55126786e-01 1.19058609e-01 3.28450650e-01 6.86769724e-01
    4.62419659e-01 3.89662743e-01 4.27574605e-01 3.44104826e-01
    5.56135654e-01 6.76343679e-01 8.97076964e-01 2.82669723e-01
    1.89597547e-01 7.53082156e-01 6.88915431e-01 2.22336680e-01
    5.58095515e-01 9.07077193e-01 9.99684334e-01 1.86508268e-01
    8.12445700e-01 9.94472027e-01 1.70264423e-01 6.49649858e-01
    2.51128793e-01 2.87299395e-01 6.61948264e-01 5.04007757e-01
    9.75691080e-01 4.06705111e-01 6.10837162e-01 4.08521265e-01
    5.07805884e-01 6.40536070e-01 9.11836863e-01 9.98828292e-01
    2.68293113e-01 6.19450510e-02 6.66456401e-01 5.47304571e-01
    3.47947299e-01 9.26070392e-01 7.11104631e-01 7.90724754e-01
    1.59483552e-02 4.38042432e-01 2.48741031e-01 9.06024337e-01
    7.97603011e-01 3.25522065e-01 2.50481158e-01 1.67653203e-01
    2.48498917e-02 5.98137379e-01 8.04219306e-01 1.28990382e-01
    3.06601644e-01 5.89283705e-01 5.96173823e-01 5.01828015e-01
    7.54030049e-01 1.33317471e-01 8.44301224e-01 8.56607795e-01
    6.15714192e-02 7.30880797e-01 4.65007514e-01 4.85274345e-01
    9.63570595e-01 4.43494499e-01 1.41683191e-01 7.96402931e-01
    4.86967444e-01 3.25636744e-01 6.79944158e-02 1.25139266e-01
    8.91030788e-01 1.02079928e-01 6.55685663e-01 9.89416897e-01
    4.54031825e-01 7.79112935e-01 3.35303426e-01 8.06913257e-01
    5.74947059e-01 8.12240720e-01 1.95454657e-01 5.97918153e-01
    6.70264959e-01 8.27995777e-01 2.90206194e-01 9.95709062e-01
    3.67127001e-01 5.46847165e-01 2.99229980e-01 7.78732300e-01
    7.06662536e-01 2.77414471e-01 9.54306126e-01 7.20143676e-01
    2.31687516e-01 8.60812426e-01 1.38831496e-01 6.56343699e-02
    2.07720369e-01 1.97978318e-01 8.46898317e-01 3.54923666e-01
    4.66956526e-01 5.54822981e-01 7.92640924e-01 5.36408722e-01
    1.79626644e-01 4.16503549e-02 4.21478093e-01 6.84122503e-01
    4.00722593e-01 6.68981075e-02 4.76509333e-04 8.00845802e-01
    7.55635262e-01 5.50157070e-01 1.86422408e-01 8.52323771e-01
    3.92712921e-01 5.58509529e-01 7.52020836e-01 7.03428745e-01
    8.26826692e-02 6.23206615e-01 6.52031898e-01 9.49614406e-01
    4.48766351e-02 8.31917048e-01 3.95822436e-01 6.01273954e-01
    5.15363038e-01 2.87700623e-01 3.06281328e-01 8.64881277e-02
    1.52523786e-01 8.92891288e-02 3.69150996e-01 2.85548568e-01
    5.20794690e-02 1.23214304e-01 9.55068946e-01 1.44421428e-01
    3.27200145e-01 6.25395834e-01 9.27681088e-01 1.64572805e-01
    1.98128819e-03 5.96092045e-01 3.08477700e-01 7.73947239e-01
    6.27556562e-01 8.04003179e-01 8.88337314e-01 3.44558001e-01
    6.95584714e-01 7.81827807e-01 7.22802639e-01 3.88862133e-01
    5.19059718e-01 8.43214989e-01 5.74937403e-01 2.50913948e-01
    5.65274954e-02 1.87605023e-01 1.03776276e-01 5.39021313e-01
    9.85405803e-01 7.37090886e-01 3.14944118e-01 3.23179066e-01 0. 0. 0.
    0. 0. 0. 0. 0. 0. 0. 0. 0. 0. 0. 0. 0. 6.20929301e-01 9.41124201e-01
    9.07490253e-02 4.80712116e-01 7.26157010e-01 8.36094499e-01
    2.65662074e-02 2.15037316e-01 6.51197433e-01 1.09219491e-01
    8.29192519e-01 8.28889787e-01 1.79692298e-01 2.44509101e-01
    5.21203399e-01 1.54516101e-03 9.43840325e-01 6.01492524e-01
    8.33167374e-01 7.90872395e-01 5.54682910e-02 5.57648063e-01
    4.58637893e-01 8.63168061e-01 6.16991401e-01 4.09809351e-02
    2.05534965e-01 9.50634480e-01 4.53731179e-01 2.48018175e-01
    9.26786959e-02 2.30018735e-01 9.00022507e-01 9.84732509e-01
    4.40283120e-01 4.01012838e-01 4.50641572e-01 6.24423504e-01
    8.39292049e-01 6.63951635e-02 9.53363657e-01 3.81114841e-01
    7.24039912e-01 2.84373462e-02 8.30625534e-01 4.21545476e-01
    3.41766477e-02 1.14651948e-01 7.59503245e-02 5.86806774e-01
    5.66754878e-01 6.70048714e-01 9.12253737e-01 8.03524256e-01
    8.67818177e-01 2.22272843e-01 9.41005945e-01 4.90869761e-01
    6.46184504e-01 9.08822656e-01 5.88212669e-01 6.32074594e-01
    5.31231165e-01 4.23524886e-01 8.80461395e-01 2.62760222e-01
    4.94024903e-01 4.11603719e-01 7.09315300e-01 2.82269537e-01
    3.75799417e-01 9.77902651e-01 3.55142534e-01 7.10584462e-01
    3.00369442e-01 6.98742568e-02 4.63743299e-01 1.12669826e-01
    6.34960234e-01 2.50188231e-01 9.83070135e-02 6.76852524e-01
    8.29410553e-01 1.78865105e-01 1.96608931e-01 4.00318563e-01
    8.69438291e-01 1.31940961e-01 2.52986312e-01 6.03346944e-01
    8.91204000e-01 6.21313095e-01 6.40631557e-01 5.66602767e-01
    7.66322613e-02 8.72821331e-01 2.31315851e-01 1.27330065e-01
    6.79757237e-01 8.12326431e-01 2.25222766e-01 8.94598961e-01
    1.57941222e-01 2.32057363e-01 9.46044683e-01 6.04475856e-01
    1.83013380e-02 2.27888852e-01 1.89924300e-01 3.42929900e-01
    8.99982572e-01 2.64137447e-01 3.39524567e-01 3.83065850e-01
    7.23276436e-02 7.86652923e-01 3.29160064e-01 5.52417636e-02
    8.13362956e-01 5.67507625e-01 5.92037439e-01 1.03092462e-01
    7.98707366e-01 9.84011054e-01 7.26537645e-01 4.06999230e-01
    7.82257974e-01 6.21980131e-01 5.12443900e-01 9.74357426e-01
    9.50272083e-01 1.25138611e-01 7.20108032e-01 9.19893980e-02
    1.72510445e-02 6.83813214e-01 3.18141580e-02 9.34477210e-01
    5.97388983e-01 2.71817267e-01 4.11142230e-01 1.80420578e-02
    2.93253481e-01 6.51452422e-01 2.00856924e-01 6.92144573e-01
    8.74251246e-01 9.34563875e-01 3.69235873e-02 9.76867676e-01
    8.87777150e-01 2.16552079e-01 9.94468212e-01 8.01446736e-02
    8.83969903e-01 5.23212075e-01 5.71215510e-01 4.12592173e-01
    7.00865865e-01 7.54680037e-01 2.79458463e-01 8.43425572e-01
    5.56232214e-01 3.99048686e-01 9.35137093e-01 5.48805237e-01
    7.98315704e-01 6.79877996e-01 6.58415794e-01 4.51907992e-01
    3.44407022e-01 5.93774319e-02 6.88749433e-01 2.13406473e-01
    8.76676559e-01 7.29043901e-01 6.57765806e-01 5.82747698e-01
    1.81047320e-02 9.68366027e-01 4.64637786e-01 1.24790668e-01
    1.26399666e-01 8.59951496e-01 2.67207265e-01 8.80974889e-01
    1.97677046e-01 8.29717219e-01 3.27563286e-02 5.74654579e-01
    7.29512095e-01 9.69456196e-01 3.04910421e-01 7.41860271e-01
    3.80093396e-01 1.61890179e-01 3.01616520e-01 5.98458648e-01
    5.09287000e-01 3.51217568e-01 4.67134476e-01 8.06870461e-02
    8.45667779e-01 7.35478818e-01 2.82246172e-02 5.04322946e-01
    2.59909928e-02 3.20353389e-01 8.25928450e-01 4.17259932e-01
    8.09931278e-01 6.06325269e-02 7.44633555e-01 2.55507976e-01
    1.01974547e-01 8.49201143e-01 8.70032072e-01 3.58649194e-01
    6.10501468e-01 7.30287850e-01 1.88508004e-01 1.83014572e-01
    5.11331856e-01 3.80514532e-01 2.70767927e-01 5.69647908e-01
    6.12092435e-01 4.89842832e-01 7.05330670e-01 2.95922935e-01
    6.60788119e-02 5.97537696e-01 2.95623183e-01 6.65994704e-01
    4.92059827e-01 7.87710667e-01 2.15096682e-01 6.99007154e-01
    3.45817208e-02 4.71122682e-01 9.64031577e-01 1.01080418e-01
    4.28822070e-01 1.28700674e-01 9.43826914e-01 1.76869929e-02
    2.21367747e-01 5.68318725e-01 2.41313100e-01 3.20443273e-01
    8.48313808e-01 4.33122814e-02 7.92249918e-01 6.57622397e-01
    7.84692049e-01 6.18904829e-03 0. 0. 0. 0. 0. 0. 0. 0. 0. 0. 0. 0. 0.
    0. 0. 0. 5.64519405e-01 2.31187165e-01 9.76697326e-01 5.39624453e-01
    6.19757950e-01 5.82949102e-01 6.08145714e-01 8.58053327e-01
    4.50242758e-02 9.07880247e-01 7.90026486e-01 6.05434835e-01
    2.23254055e-01 4.56025600e-01 5.44068813e-01 8.96279812e-01
    4.41317201e-01 9.82178330e-01 7.46586382e-01 7.32145429e-01
    3.25590014e-01 8.52347016e-01 9.14577484e-01 1.99029088e-01
    9.23024058e-01 4.22320306e-01 8.32916260e-01 1.56579107e-01
    2.92557329e-01 1.55469179e-01 2.67233163e-01 2.66708702e-01
    2.15134025e-01 5.90839028e-01 2.36246735e-01 4.08021539e-01
    5.28018534e-01 3.67160082e-01 7.87288785e-01 7.32400298e-01
    2.74641335e-01 8.80993843e-01 7.60232806e-01 6.03988945e-01
    8.49652052e-01 9.20654237e-02 1.45370960e-01 2.18098462e-02
    7.36842692e-01 1.09183580e-01 6.46985173e-02 5.95297813e-01
    6.36773944e-01 2.91506946e-02 9.01208282e-01 5.88589013e-01
    8.50365400e-01 9.87404346e-01 1.95390284e-02 4.50122178e-01
    1.71920449e-01 5.93498647e-02 9.42955971e-01 5.18036842e-01
    7.79466510e-01 1.30075514e-02 2.40711540e-01 4.96384591e-01
    1.54335439e-01 4.35712337e-01 8.25899839e-01 1.29644483e-01
    2.41696358e-01 9.03469563e-01 2.78487086e-01 4.07852530e-02
    9.28944170e-01 2.58053958e-01 4.82567549e-01 5.53772271e-01
    5.98801792e-01 6.73178017e-01 4.77934599e-01 7.83736646e-01
    5.76260209e-01 5.06598055e-02 4.95128602e-01 7.72638321e-01
    6.17481232e-01 1.34865999e-01 2.17031121e-01 4.47834998e-01
    5.34876287e-01 1.34897500e-01 1.16615653e-01 4.32389915e-01
    1.94320828e-01 9.21839058e-01 3.27844799e-01 5.01528740e-01
    2.69959450e-01 7.80228019e-01 5.90771198e-01 3.73880863e-02
    9.86057103e-01 4.03483391e-01 9.59466100e-01 2.79532075e-01
    2.28487521e-01 2.27952600e-02 1.02279514e-01 4.04164433e-01
    3.57258528e-01 7.68461585e-01 4.79608774e-01 4.22727644e-01
    8.38763356e-01 1.01285487e-01 4.93057907e-01 5.34857213e-02
    6.90742135e-02 3.82616222e-01 4.27299738e-01 8.71699452e-01
    5.78391552e-02 9.99521017e-02 6.28988922e-01 2.84126967e-01
    6.49053693e-01 4.52610314e-01 1.38525546e-01 9.54429090e-01
    6.06485426e-01 6.64472580e-01 1.27442986e-01 9.75425601e-01
    6.29644394e-01 7.11790800e-01 5.40640891e-01 9.81673300e-01
    8.88695240e-01 4.77521420e-01 7.48519421e-01 5.32743871e-01
    5.35166025e-01 8.22972178e-01 8.18264663e-01 8.70129585e-01
    5.94742298e-01 8.91611457e-01 3.89260352e-01 7.19555914e-01
    4.75808501e-01 1.24296188e-01 8.26071739e-01 3.41669112e-01
    2.66134083e-01 2.81254530e-01 1.44620299e-01 1.71153814e-01
    6.75683975e-01 6.07361078e-01 6.25615835e-01 1.67850196e-01
    8.15889478e-01 2.40849674e-01 4.00286496e-01 9.76083934e-01
    6.32514656e-01 7.95128465e-01 2.16635436e-01 9.08293128e-01
    7.78255939e-01 7.41219878e-01 2.09290326e-01 1.29303992e-01
    7.75763392e-01 4.59648967e-01 5.61780572e-01 7.06380308e-02
    5.27942419e-01 6.66087151e-01 4.18199927e-01 7.83597827e-01
    8.48371804e-01 5.26867509e-02 2.11162508e-01 6.42092586e-01
    5.78927457e-01 1.68831050e-02 3.88389170e-01 9.37696934e-01
    2.16302961e-01 9.65272844e-01 7.79872537e-02 7.29335845e-01
    7.11617231e-01 3.36435437e-01 2.83926070e-01 4.48759735e-01
    7.33214438e-01 6.18535340e-01 9.87123430e-01 9.24040139e-01
    7.73960769e-01 4.91370946e-01 8.66903543e-01 6.32010579e-01
    9.96883452e-01 3.18458855e-01 8.56885314e-01 9.10508156e-01
    7.18515635e-01 7.88908005e-02 5.38721204e-01 2.13710696e-01
    5.35886109e-01 1.08931661e-02 1.43671334e-02 6.37236059e-01
    9.33799684e-01 2.02166438e-02 8.10006142e-01 3.36343080e-01
    2.61198521e-01 4.06096518e-01 7.17859387e-01 5.51928520e-01
    1.80028826e-01 3.47918093e-01 2.13200539e-01 7.37229943e-01
    1.95555329e-01 9.09659982e-01 9.87647831e-01 8.15869927e-01
    5.82469404e-01 2.26968676e-01 6.63778603e-01 4.41891760e-01
    4.24993664e-01 3.35969239e-01 9.39112425e-01 2.62598902e-01
    6.49653494e-01 2.02307701e-01 7.59337902e-01 6.74099326e-01
    6.23312294e-01 9.24312472e-01 9.07950521e-01 9.92901564e-01
    6.72060013e-01 8.10969532e-01 9.78567839e-01 6.23262107e-01 0. 0. 0.
    0. 0. 0. 0. 0. 0. 0. 0. 0. 0. 0. 0. 0. 7.96744823e-01 3.05561483e-01
    7.67744720e-01 4.21312273e-01 7.95478642e-01 8.73369694e-01
    7.71615446e-01 7.71539092e-01 9.44478631e-01 6.17976427e-01
    8.88753891e-01 1.30850732e-01 7.83522844e-01 8.06734264e-02
    3.94379139e-01 8.89094174e-02 6.31257296e-01 7.39009500e-01
    3.98317695e-01 3.62607539e-01 3.53941202e-01 7.86575317e-01
    9.47366714e-01 4.92981076e-02 8.61963868e-01 1.90694720e-01
    1.92761064e-01 8.34885240e-02 8.38662148e-01 7.33431101e-01
    9.46494937e-01 3.77449781e-01 8.86360884e-01 1.77228838e-01
    5.15111029e-01 7.88716793e-01 9.65367436e-01 5.49861848e-01
    4.85594928e-01 4.56722915e-01 4.98681635e-01 9.88618314e-01
    8.59495044e-01 9.68756974e-01 3.85426193e-01 7.48316824e-01
    9.83568072e-01 4.14995492e-01 2.01629102e-02 2.13502586e-01
    7.93504775e-01 2.58338690e-01 4.93263721e-01 9.48827267e-02
    6.59307837e-03 1.04165822e-01 1.01222575e-01 4.94229823e-01
    5.20163715e-01 5.70435464e-01 6.38714790e-01 1.25608832e-01
    2.28473425e-01 7.99483418e-01 6.51712894e-01 2.82868445e-02
    9.23346221e-01 8.94033670e-01 9.67373133e-01 1.35141671e-01
    5.16648412e-01 8.92356992e-01 6.62615240e-01 4.55867559e-01
    5.66020489e-01 2.26913512e-01 2.79455513e-01 1.04810447e-01
    8.79084647e-01 7.14958966e-01 5.03331423e-04 7.31052995e-01
    4.36379373e-01 2.41480768e-01 8.55347514e-01 5.12613475e-01
    8.48766088e-01 3.35369676e-01 9.03676867e-01 8.69167626e-01
    9.74027514e-01 9.83066559e-01 1.39614373e-01 3.19995940e-01
    5.64604223e-01 6.04812801e-01 4.52137589e-01 9.74572897e-01
    5.62456906e-01 5.04909754e-01 3.98637354e-01 8.90284419e-01
    9.75033641e-01 6.95836067e-01 8.15898299e-01 3.09536755e-01
    3.71239781e-02 5.77069819e-01 9.36584890e-01 6.82669997e-01
    2.84683913e-01 5.04277527e-01 7.52449393e-01 5.67820013e-01
    2.01648980e-01 4.55395758e-01 5.97583652e-01 4.58787382e-01
    8.66202295e-01 2.87060142e-01 3.99672955e-01 8.11979771e-01
    2.21590370e-01 4.46602464e-01 6.22369230e-01 7.66155124e-01
    1.65694356e-02 5.77759743e-01 2.45628417e-01 8.31622005e-01
    7.89155781e-01 3.66058379e-01 6.93968236e-02 4.23643589e-01
    1.13943696e-01 3.79796714e-01 6.16080582e-01 7.37727106e-01
    4.64913666e-01 6.36558414e-01 9.90455508e-01 5.91964841e-01
    1.74649388e-01 2.71926522e-02 5.32309711e-02 1.71326697e-01
    5.51951349e-01 3.29999059e-01 5.09495437e-01 9.62783098e-01
    4.10993576e-01 5.87260485e-01 2.32020617e-01 3.18889320e-01
    1.40866637e-02 1.66518956e-01 1.79275066e-01 2.46302396e-01
    7.84117579e-01 6.11281037e-01 3.85191858e-01 1.54721290e-01
    1.70356005e-01 2.79023975e-01 6.92170739e-01 4.32644844e-01
    6.35752082e-01 2.97948241e-01 9.15514112e-01 5.87758601e-01
    5.62288761e-01 8.81801128e-01 5.75891078e-01 7.23524392e-01
    3.50187778e-01 8.04551601e-01 5.89063704e-01 1.34824604e-01
    5.31320870e-01 4.38732296e-01 8.93114209e-01 3.69189203e-01
    1.73491210e-01 5.08217394e-01 9.38543200e-01 1.30639970e-01
    6.62701845e-01 7.00548470e-01 4.38576937e-02 2.50914991e-02
    1.15206122e-01 7.21406996e-01 6.48185849e-01 1.71632230e-01
    7.15339363e-01 8.01245928e-01 6.80885673e-01 2.44852632e-01
    4.11552429e-01 8.30245674e-01 8.98793459e-01 9.57055390e-01
    9.49020267e-01 5.44799805e-01 5.79026818e-01 6.77343965e-01
    5.23970246e-01 5.13675690e-01 4.91873443e-01 8.05237651e-01
    8.43319535e-01 8.89906883e-02 1.60498559e-01 3.65877479e-01
    9.47754145e-01 1.83972418e-02 1.90635622e-02 5.18393874e-01
    1.56427205e-01 3.02085280e-01 9.72598076e-01 6.53593242e-02
    4.87776101e-02 3.44060719e-01 5.96405566e-01 2.25352436e-01
    5.91415286e-01 2.83995271e-02 7.48747885e-01 8.31275940e-01
    8.32684159e-01 4.97204185e-01 9.97177362e-01 2.83911705e-01
    4.16027904e-01 1.38931483e-01 9.60699201e-01 8.07642281e-01
    2.71012604e-01 5.83923936e-01 8.77462268e-01 2.57931679e-01
    5.00003755e-01 5.28593004e-01 4.48393762e-01 4.95618880e-01
    3.47116649e-01 6.47485554e-01 3.23753655e-02 4.68074441e-01
    8.63206744e-01 8.35904896e-01 6.18916690e-01 9.32170391e-01
    8.72115970e-01 2.03932941e-01 0. 0. 0. 0. 0. 0. 0. 0. 0. 0. 0. 0. 0.
    0. 0. 0. 9.03532743e-01 3.42409164e-01 3.31296355e-01 5.48850656e-01
    4.66457397e-01 9.65112209e-01 9.00712192e-01 7.37300038e-01
    6.53346717e-01 3.70541990e-01 7.96611786e-01 2.87082255e-01
    4.07615364e-01 6.06383443e-01 2.39858419e-01 7.97079265e-01
    9.41069841e-01 1.45011127e-01 7.48424053e-01 1.03590459e-01
    4.46920305e-01 3.15666676e-01 3.59117180e-01 8.08869243e-01
    5.48367381e-01 8.31023574e-01 5.58168411e-01 4.98566091e-01
    4.98441160e-01 9.16212201e-01 6.09744728e-01 7.98779249e-01
    8.74930084e-01 1.90622240e-01 9.97900248e-01 7.24992692e-01
    9.84937429e-01 7.77354121e-01 3.70708346e-01 8.31578374e-01
    9.64437187e-01 1.33209229e-01 4.89234328e-01 2.29870319e-01
    6.88305736e-01 1.48138285e-01 4.63928998e-01 2.06823915e-01
    3.02692413e-01 6.70918226e-02 1.58991516e-02 3.98321301e-01
    5.20364285e-01 9.09736991e-01 5.74907959e-02 4.65858400e-01
    2.13475198e-01 3.91323656e-01 5.50476193e-01 6.61545992e-01
    1.87437862e-01 7.68205881e-01 8.45360041e-01 9.61178720e-01
    5.93758702e-01 4.90615577e-01 8.83267164e-01 4.15103644e-01
    3.55527997e-01 9.71235037e-01 8.63212943e-01 1.94540411e-01
    4.54409599e-01 9.96140122e-01 2.39095092e-01 4.96582538e-01
    8.61348808e-02 8.44328880e-01 5.52151322e-01 7.00621545e-01
    7.41937995e-01 9.43525076e-01 3.11503381e-01 3.68227363e-02
    5.46203613e-01 5.57157934e-01 2.70548433e-01 3.28662634e-01
    3.81504238e-01 4.50958937e-01 9.76651907e-03 3.67199183e-02
    2.26553738e-01 1.62042320e-01 6.17308855e-01 5.60046732e-01
    4.61633891e-01 6.96832061e-01 5.50761044e-01 7.14174449e-01
    4.92242426e-01 7.98207760e-01 2.74335623e-01 2.81764925e-01
    6.68447375e-01 8.69874656e-01 3.83123815e-01 3.51496220e-01
    1.09320402e-01 4.61229712e-01 8.26520264e-01 7.47694910e-01
    3.55997324e-01 7.82508492e-01 1.33728653e-01 2.18374342e-01
    6.20324373e-01 4.14170444e-01 2.29129285e-01 6.30166709e-01
    9.61056828e-01 3.37089777e-01 1.26138985e-01 8.33059192e-01
    7.76821971e-01 3.96983325e-01 9.35790181e-01 2.53592223e-01
    8.33760381e-01 3.26218605e-01 6.16149187e-01 2.23509967e-01
    4.35870856e-01 7.31497824e-01 4.88823712e-01 1.82563782e-01
    2.57042468e-01 5.07501900e-01 2.22456694e-01 9.65725660e-01
    6.57029212e-01 2.72148132e-01 6.79209948e-01 8.37635994e-01
    2.05561519e-01 3.34004879e-01 4.74028051e-01 8.76255035e-01
    4.61203545e-01 8.36293697e-02 7.95166373e-01 8.28019738e-01
    7.64821410e-01 5.66342652e-01 8.01738501e-01 8.68979454e-01
    8.60822201e-03 6.73540771e-01 1.24701858e-02 4.63748217e-01
    1.21020317e-01 8.37776899e-01 7.35880792e-01 3.54324877e-01
    4.36621755e-01 9.43452716e-01 7.54111290e-01 8.67444098e-01
    5.48425019e-02 2.73612440e-02 8.61736417e-01 4.28666800e-01
    3.39909673e-01 9.85188484e-01 9.84274924e-01 8.11626613e-01
    9.09425557e-01 5.95622659e-02 9.68141496e-01 8.39501381e-01
    6.25619888e-01 9.55549717e-01 9.38407958e-01 9.92355585e-01
    7.63239741e-01 6.14098430e-01 3.80270481e-02 3.04968089e-01
    7.30220735e-01 5.72224200e-01 1.92896664e-01 1.48438573e-01
    2.33641535e-01 4.49177563e-01 7.59994686e-01 4.56983507e-01
    5.20893335e-02 7.52604306e-01 9.57460344e-01 1.26914412e-01
    6.21167779e-01 2.06293046e-01 3.84037793e-02 5.03024518e-01
    6.33238077e-01 4.00076896e-01 7.13624001e-01 8.66340756e-01
    4.74914491e-01 4.68695611e-01 6.47601604e-01 8.83990526e-02
    1.82579994e-01 3.99659157e-01 2.67204344e-02 1.05607063e-01
    7.24965394e-01 5.96127510e-01 6.96580529e-01 6.73103869e-01
    2.49346495e-01 4.88246173e-01 2.73480773e-01 4.40803170e-02
    7.79566586e-01 1.56335950e-01 3.50346744e-01 7.32293427e-02
    7.65115142e-01 1.23198897e-01 7.30140865e-01 8.19287837e-01
    9.85261917e-01 6.80151224e-01 7.08783805e-01 7.38283396e-02
    6.32120371e-01 4.38639283e-01 1.80020213e-01 2.46494591e-01
    4.30651516e-01 4.32896852e-01 4.53054905e-02 3.64054054e-01
    1.04924589e-01 4.16815281e-03 5.87749958e-01 1.94188058e-02
    7.65820503e-01 7.43662834e-01 5.61318338e-01 8.04809332e-01
    2.89599478e-01 6.33224845e-01 1.01010025e-01 8.67596984e-01 0. 0. 0.
    0. 0. 0. 0. 0. 0. 0. 0. 0. 0. 0. 0. 0. 7.73858666e-01 3.78842801e-01
    8.27059686e-01 3.10382068e-01 8.20791721e-03 7.02099025e-01
    6.04773402e-01 3.43880743e-01 7.06351995e-01 2.55813360e-01
    9.41441476e-01 8.30108762e-01 8.76676083e-01 2.52043456e-01
    3.42774123e-01 9.97391105e-01 5.90657115e-01 9.12785411e-01
    2.99598098e-01 7.08592534e-01 5.09503186e-02 6.31755352e-01
    8.41378927e-01 9.77653623e-01 7.35029995e-01 6.32924020e-01
    5.99477947e-01 9.75013137e-01 3.32583070e-01 5.46484232e-01
    5.71481645e-01 2.61875212e-01 3.93806487e-01 5.22378325e-01
    3.28422904e-01 1.20591998e-01 5.38692772e-02 2.27541625e-01
    7.08832920e-01 3.57921392e-01 2.84388453e-01 9.02394354e-01
    3.47939134e-01 9.84465361e-01 1.07173800e-01 1.63557887e-01
    1.73325449e-01 2.28980482e-02 3.46379966e-01 1.57763064e-01
    8.79737735e-01 4.09860939e-01 6.96188390e-01 2.52468467e-01
    8.64373803e-01 4.91806686e-01 2.80659795e-01 3.68765891e-01
    9.66647148e-01 1.90301090e-01 5.36372423e-01 8.34385753e-01
    3.80224198e-01 8.03744376e-01 4.86498356e-01 4.09126967e-01
    6.40414774e-01 4.54847604e-01 9.84556675e-01 8.49155664e-01
    9.56047535e-01 4.85630453e-01 4.83065784e-01 9.30331826e-01
    7.52863526e-01 2.79711545e-01 4.12609249e-01 2.32336819e-02
    3.58793020e-01 7.75605202e-01 3.87862086e-01 3.75939965e-01
    4.46947426e-01 4.21725035e-01 1.16500407e-01 3.90288532e-01
    7.59907365e-01 2.08367467e-01 6.60095572e-01 6.99011564e-01
    3.37301731e-01 8.72767627e-01 6.35614991e-01 2.13411748e-02
    4.45137978e-01 5.00284731e-01 8.90993536e-01 1.95950091e-01
    1.59773260e-01 4.04241681e-03 6.19085968e-01 6.58717155e-01
    3.44899297e-01 2.57618695e-01 1.12718821e-01 7.55048156e-01
    3.31817269e-02 2.65213847e-01 1.47802979e-01 9.68212068e-01
    4.84361827e-01 1.97549134e-01 6.89845383e-01 2.69882858e-01
    6.98276281e-01 4.42809731e-01 5.48649728e-01 4.44011003e-01
    4.51677799e-01 6.78124726e-02 4.93769854e-01 3.25229496e-01
    1.28350556e-02 3.52589160e-01 2.33255684e-01 7.75729656e-01
    4.44988996e-01 4.05116498e-01 7.74562716e-01 9.75342035e-01
    5.69246888e-01 9.22589481e-01 7.35780954e-01 7.87763476e-01
    1.94834262e-01 9.21646357e-01 4.30482030e-01 5.08742213e-01
    5.33178926e-01 8.14895988e-01 3.33842456e-01 6.74965382e-02
    2.54878998e-01 1.06741667e-01 8.05253267e-01 1.01425052e-01
    1.06459707e-01 6.94932461e-01 1.32929713e-01 8.11189175e-01
    9.27115381e-02 3.57885659e-01 1.87182158e-01 5.20313680e-01
    4.00198400e-01 3.75122070e-01 6.71624243e-02 6.17148042e-01
    3.65936667e-01 7.77781725e-01 2.40561754e-01 3.70020866e-02
    9.14429784e-01 1.16481870e-01 1.95371270e-01 4.91594821e-01
    7.92609453e-01 1.29342467e-01 8.96542788e-01 5.92723966e-01
    1.57138348e-01 7.30044723e-01 4.33102816e-01 9.94490564e-01
    1.88653171e-02 3.84384930e-01 8.07041645e-01 1.95301175e-02
    3.19512308e-01 2.60997713e-01 2.38927215e-01 7.05139458e-01
    2.51349568e-01 9.86714303e-01 9.75199819e-01 2.92352587e-01
    3.95290375e-01 1.20117664e-02 9.54309821e-01 5.08118927e-01
    5.61463952e-01 2.01449960e-01 1.51159853e-01 8.31701934e-01
    9.18840051e-01 8.54133487e-01 1.88429326e-01 3.71702611e-01
    4.65408713e-01 3.92132998e-02 2.44326591e-02 5.84627390e-02
    4.81240094e-01 5.55679619e-01 5.05528986e-01 9.51730013e-02
    4.61663663e-01 8.03585410e-01 5.34134090e-01 3.93016666e-01
    1.66662127e-01 8.38948965e-01 5.01162648e-01 3.69560122e-01
    4.58752394e-01 6.93309426e-01 7.36415625e-01 7.31331348e-01
    5.82990170e-01 2.87214905e-01 1.23515964e-01 6.15313351e-01
    1.94948107e-01 4.69259977e-01 4.00444269e-01 4.54505324e-01
    1.22597307e-01 4.43529904e-01 5.26661456e-01 9.61338520e-01
    4.46736187e-01 8.43875110e-02 6.77696764e-01 1.05968565e-01
    7.76184559e-01 1.65125072e-01 1.29066974e-01 1.31119788e-01
    3.40646625e-01 3.87281567e-01 1.02089465e-01 6.93805397e-01
    8.00989628e-01 7.76284695e-01 3.03973734e-01 8.68457913e-01
    5.53161502e-01 9.86965895e-02 6.48484826e-01 8.88068080e-01
    4.87568349e-01 6.14377379e-01 4.07192320e-01 5.77802539e-01
    5.89823723e-01 5.22881150e-01 0. 0. 0. 0. 0. 0. 0. 0. 0. 0. 0. 0. 0.
    0. 0. 0. 7.70244122e-01 2.98092961e-02 9.12095308e-01 5.35201132e-01
    2.73758829e-01 4.41996932e-01 1.27444357e-01 9.39793885e-01
    7.11312532e-01 7.83933163e-01 2.81950235e-01 5.73444247e-01
    6.20192111e-01 1.72321767e-01 8.63314271e-01 8.68412971e-01
    1.24176145e-02 3.54651749e-01 5.39468110e-01 9.72682536e-01
    5.79088807e-01 2.73965597e-02 6.82373166e-01 2.13840455e-01
    2.28010178e-01 1.97086006e-01 2.79460192e-01 4.52978283e-01
    5.18793464e-01 2.51688927e-01 7.86480784e-01 9.91313636e-01
    4.71087337e-01 2.46414065e-01 7.74638951e-02 4.81263161e-01
    6.70440197e-01 1.29051507e-01 3.52009535e-02 8.32846284e-01
    2.12748051e-01 8.78433883e-01 9.82747018e-01 3.91758323e-01
    9.56335902e-01 4.66378987e-01 1.98945403e-03 3.86012137e-01
    4.35868025e-01 4.30670977e-01 1.87679678e-01 2.27748454e-01
    3.61602306e-01 8.15975428e-01 5.10053217e-01 3.98849279e-01
    1.17990673e-02 3.80107015e-01 5.47147393e-01 1.33302271e-01
    3.53671044e-01 2.63754308e-01 2.07037866e-01 9.16220665e-01
    9.97871637e-01 5.46615720e-01 7.32667565e-01 3.30871880e-01
    3.97212714e-01 1.66791171e-01 4.23912853e-01 5.21560967e-01
    8.59200358e-01 2.98328638e-01 1.03491813e-01 1.63002580e-01
    4.79218870e-01 5.51676571e-01 8.96460414e-01 7.50304103e-01
    3.10566723e-02 2.21729428e-01 9.57369804e-01 8.62897992e-01
    9.31976974e-01 6.31261468e-01 7.04526186e-01 6.27958357e-01
    7.19962299e-01 9.99736369e-01 9.80494976e-01 3.41799259e-01
    4.54333097e-01 8.22490215e-01 6.08794510e-01 6.01504385e-01
    9.62017059e-01 3.13477367e-01 2.97257543e-01 5.39015472e-01
    9.07737017e-02 2.34507173e-01 3.59514713e-01 3.99731398e-02
    6.32784247e-01 8.05295527e-01 7.66443133e-01 6.85057402e-01
    6.00164354e-01 2.01427937e-01 8.20452332e-01 2.63226718e-01
    5.27412474e-01 9.49294269e-02 3.41026664e-01 1.68960661e-01
    3.92158747e-01 4.25942004e-01 5.93909025e-01 7.34139860e-01
    7.40883052e-01 4.03752685e-01 4.62854981e-01 3.17725509e-01
    5.98884642e-01 4.31482136e-01 3.95420521e-01 2.78232068e-01
    5.04052162e-01 7.63795376e-01 1.06104165e-01 1.60306066e-01
    3.78173143e-01 2.99443960e-01 3.96531343e-01 6.61068559e-02
    2.82748729e-01 5.51887870e-01 2.55568922e-01 7.57365048e-01
    3.44495773e-01 6.96618259e-02 5.57909250e-01 7.81526923e-01
    1.38735473e-02 9.09427106e-02 8.71050835e-01 5.98589718e-01
    3.04672122e-03 4.10645604e-01 8.35967183e-01 5.06630063e-01
    1.60197437e-01 9.60093260e-01 4.89806652e-01 4.14135724e-01
    7.52875686e-01 3.50458145e-01 3.33869696e-01 4.71413732e-02
    5.97174585e-01 8.97420287e-01 4.08499688e-01 8.18934202e-01
    6.32428825e-01 6.67627275e-01 3.86914194e-01 4.57373232e-01
    2.31418937e-01 1.78174675e-02 7.17497647e-01 3.37065518e-01
    1.44349158e-01 6.27353430e-01 3.56414229e-01 2.46074796e-02
    6.81604266e-01 3.77613991e-01 4.17780161e-01 8.06451857e-01
    7.60514975e-01 7.87801623e-01 2.04440355e-02 6.15821600e-01
    2.11900085e-01 4.47705209e-01 5.22836447e-01 4.09222484e-01
    8.54951382e-01 4.80336219e-01 6.44337952e-01 7.91257143e-01
    3.74393284e-01 7.36191690e-01 8.99673283e-01 3.67743224e-01
    3.76892209e-01 6.50905371e-01 3.67963314e-02 3.09462249e-01
    8.05022717e-01 3.73622477e-01 3.00830185e-01 8.19685459e-01
    6.72120631e-01 2.92833447e-02 4.66864973e-01 9.17815983e-01
    6.11400664e-01 7.94458508e-01 3.25649440e-01 3.19346756e-01
    4.41377014e-01 1.37897909e-01 8.72013569e-02 4.06973302e-01
    5.15355766e-01 7.68343449e-01 1.48413569e-01 9.83947933e-01
    7.32199073e-01 6.43163323e-01 3.94244164e-01 1.77185506e-01
    4.52377796e-01 3.48011255e-01 2.41601795e-01 4.76824045e-02
    7.45433509e-01 1.64832860e-01 2.44847685e-01 6.63410723e-01
    7.88471937e-01 3.41651499e-01 9.12327170e-01 6.54185653e-01
    3.94463837e-01 1.28985286e-01 1.32706404e-01 7.61120856e-01
    4.65035439e-03 6.81361735e-01 7.93088317e-01 3.02454889e-01
    2.00354010e-01 4.89641577e-01 4.19306576e-01 9.81411576e-01
    4.74391997e-01 7.12422669e-01 5.82779109e-01 1.67250782e-01
    9.16036725e-01 7.89130449e-01 7.27942348e-01 2.80659705e-01 0. 0. 0.
    0. 0. 0. 0. 0. 0. 0. 0. 0. 0. 0. 0. 0. 1.43636763e-02 2.36056149e-02
    1.17776841e-01 8.59587669e-01 5.70629358e-01 4.89384055e-01
    1.78050995e-03 5.21295667e-01 4.20712560e-01 3.38355660e-01
    9.94166851e-01 5.19530356e-01 3.37305456e-01 1.12130731e-01
    4.74529564e-01 1.90981895e-01 5.66474617e-01 6.24368370e-01
    3.97541374e-01 3.52174699e-01 6.11299038e-01 5.62000275e-01
    4.95924681e-01 4.31836069e-01 2.39421189e-01 7.15932548e-01
    6.06978357e-01 5.23283958e-01 3.40831637e-01 1.21405333e-01
    7.60803699e-01 1.85506463e-01 3.54674339e-01 4.60084796e-01
    9.13501024e-01 5.58817089e-01 6.55065417e-01 2.51392484e-01
    5.16560197e-01 7.32769907e-01 9.25313830e-01 7.78192878e-01
    4.26941782e-01 3.84135932e-01 2.26022720e-01 5.84958375e-01
    3.84087414e-01 4.05520380e-01 9.73284304e-01 8.16029549e-01
    8.06722045e-01 2.07573026e-01 1.70258164e-01 8.26825500e-01
    3.28099668e-01 8.97018313e-01 1.44928217e-01 3.79382610e-01
    1.98644817e-01 7.63712287e-01 3.89597416e-02 6.09836042e-01
    4.02703047e-01 8.30625594e-01 3.36245954e-01 9.59647298e-01
    2.95485795e-01 1.36277676e-01 5.90062141e-02 3.71575117e-01
    3.49488765e-01 1.30929351e-01 1.83313578e-01 6.27043009e-01
    2.90826201e-01 6.90527678e-01 5.44972420e-01 9.07819450e-01
    8.98130476e-01 8.29389513e-01 9.24984336e-01 6.31783664e-01
    8.77344608e-01 8.96200299e-01 9.38657701e-01 4.90460008e-01
    5.44800878e-01 9.83583093e-01 3.13937426e-01 6.20898902e-02
    9.04258132e-01 3.98539662e-01 7.26212740e-01 8.60248804e-02
    9.02064204e-01 7.91470528e-01 1.40942067e-01 2.03048140e-01
    7.74662495e-01 5.61231673e-02 6.73528731e-01 8.59310687e-01
    4.74908948e-03 1.75131261e-01 9.77846026e-01 4.83594894e-01
    8.50500464e-01 9.00548816e-01 5.45934856e-01 6.70701563e-02
    2.48705983e-01 1.97496265e-01 1.08265996e-01 1.80709720e-01
    8.39495659e-03 5.00171721e-01 1.91492885e-01 4.29178506e-01
    1.36335194e-01 5.52069604e-01 3.35679650e-01 7.41837025e-01
    9.99414980e-01 7.34032989e-01 9.05191839e-01 1.18379295e-01
    3.49386215e-01 3.18028331e-02 6.88368738e-01 1.56371474e-01
    1.37298405e-01 7.95088887e-01 8.40857863e-01 7.53119946e-01
    2.11153895e-01 8.76843512e-01 5.36907911e-01 9.54874396e-01
    8.18555236e-01 5.60111344e-01 4.52242136e-01 8.07044506e-01
    9.75045562e-01 8.02193880e-02 2.97858328e-01 6.51397824e-01
    9.74546313e-01 1.42839164e-01 8.16996574e-01 2.06297368e-01
    6.66190624e-01 6.14737868e-01 9.06714797e-03 9.53619361e-01
    7.64142931e-01 5.03636837e-01 1.36902511e-01 2.06542104e-01
    3.08621377e-01 4.00046706e-01 2.88414478e-01 5.14871001e-01
    9.81715918e-02 5.87684214e-01 3.97309870e-01 3.45032096e-01
    7.89123297e-01 5.88775039e-01 1.19758576e-01 1.40282840e-01
    3.74530315e-01 4.69211310e-01 4.65031087e-01 6.43149912e-01
    1.42589211e-03 9.04169977e-02 5.89502215e-01 2.57755816e-01
    9.94754136e-01 4.87447023e-01 4.44043279e-01 3.19003671e-01
    3.12385380e-01 5.76344311e-01 6.27071917e-01 6.39232278e-01
    4.90498811e-01 1.72062874e-01 4.49078143e-01 2.40955323e-01
    2.29217231e-01 3.18132102e-01 6.51193261e-01 7.87331939e-01
    9.34706450e-01 2.25051075e-01 9.38582003e-01 9.26418304e-01
    2.55219787e-01 7.43513763e-01 9.92531180e-01 8.05162609e-01
    6.83676243e-01 8.35278749e-01 8.08227420e-01 6.79370403e-01
    1.26704574e-01 2.34256685e-01 3.80245328e-01 2.60287523e-02
    6.93050027e-01 6.18852139e-01 3.34635317e-01 7.01013982e-01
    6.12695694e-01 3.25601012e-01 4.49245751e-01 5.02926946e-01
    6.43746912e-01 4.81796265e-02 6.24409854e-01 2.58281052e-01
    8.33385944e-01 5.87325692e-02 6.57902479e-01 5.38173079e-01
    5.84600747e-01 8.76626909e-01 3.44861090e-01 9.66793597e-01
    8.99254739e-01 6.96642041e-01 5.84889352e-01 2.05420464e-01
    6.16952240e-01 7.87922442e-01 2.91302681e-01 4.41561431e-01
    7.45558619e-01 8.79270911e-01 4.05318558e-01 5.77196479e-01
    7.59014010e-01 3.74559522e-01 3.37744713e-01 3.02004039e-01
    2.71183014e-01 3.89872402e-01 4.98096853e-01 3.68661880e-02
    5.95896006e-01 4.25817847e-01 6.69609845e-01 4.46235806e-01
    6.38830662e-03 7.97349870e-01 0. 0. 0. 0. 0. 0. 0. 0. 0. 0. 0. 0. 0.
    0. 0. 0. 5.31958044e-02 2.85473257e-01 6.22936726e-01 3.88563246e-01
    3.21254849e-01 9.26749945e-01 9.05323982e-01 7.62948990e-01
    3.82905841e-01 8.17680717e-01 7.80003071e-01 3.57935667e-01
    3.21682036e-01 6.00970089e-01 7.59006143e-01 7.43372619e-01
    6.04072213e-01 4.97849107e-01 4.05644804e-01 2.31512964e-01
    2.07350254e-02 8.81820202e-01 8.90649915e-01 4.86695230e-01
    4.53735173e-01 5.68022192e-01 4.20625389e-01 3.83203149e-01
    8.30494463e-02 3.73796761e-01 5.67358613e-01 5.44372082e-01
    6.73770905e-04 7.73061633e-01 3.84871602e-01 9.89349484e-01
    4.54365611e-01 4.27423656e-01 1.96525365e-01 4.99855310e-01
    4.48823661e-01 1.44062936e-02 3.15744102e-01 6.09502554e-01
    4.94426191e-02 3.42684388e-02 3.65181267e-02 1.96348131e-01
    3.82228076e-01 8.74634624e-01 7.75600851e-01 2.67161965e-01
    5.29223740e-01 6.77843809e-01 8.96264195e-01 8.78233314e-01
    6.35214329e-01 3.82460743e-01 8.86093974e-01 7.05202699e-01
    8.91283154e-01 5.70430100e-01 1.56410635e-02 3.02671671e-01
    7.45453119e-01 2.05241442e-01 3.02449524e-01 8.90952110e-01
    9.77216482e-01 7.93057084e-01 8.86138976e-02 6.04419529e-01
    4.13458139e-01 6.11474514e-02 8.42760801e-01 6.50255859e-01
    2.42385447e-01 9.69996989e-01 3.54396820e-01 4.91223991e-01
    3.21108282e-01 3.17771852e-01 9.54227746e-02 9.87998545e-01
    6.90980852e-01 3.98196697e-01 7.07566977e-01 3.40039909e-01
    5.13420522e-01 9.83542204e-01 6.97042227e-01 8.11818540e-01
    2.82943487e-01 3.83474231e-01 9.66074646e-01 6.29092455e-01
    9.39966321e-01 6.11788273e-01 5.67073941e-01 1.53940380e-01
    1.08003616e-01 5.45473158e-01 9.83724952e-01 6.72303081e-01
    6.82529807e-01 9.34069991e-01 6.80783033e-01 4.21861798e-01
    8.97476554e-01 5.54960489e-01 2.49744713e-01 5.91508865e-01
    4.27120835e-01 2.80968726e-01 8.53890240e-01 6.72719836e-01
    8.17597806e-02 3.45688701e-01 4.15419638e-02 5.24192095e-01
    3.32733333e-01 5.64365208e-01 9.30558443e-01 7.99819708e-01
    5.33071101e-01 7.24197507e-01 6.58286572e-01 8.73022437e-01
    8.51118386e-01 3.81232202e-01 8.25958610e-01 1.24462426e-01
    9.16230023e-01 3.38870257e-01 1.11588448e-01 5.23134649e-01
    7.61417270e-01 8.42547596e-01 1.65837824e-01 5.38798273e-01
    6.01324320e-01 3.64062428e-01 5.84685147e-01 5.85626900e-01
    5.96643865e-01 6.26520395e-01 6.30730808e-01 1.33387715e-01
    6.78602397e-01 5.13612330e-02 7.73674726e-01 5.44402301e-02
    7.28047967e-01 1.46528214e-01 3.15581560e-01 3.07569027e-01
    8.25455666e-01 3.67981374e-01 8.52158904e-01 2.43870229e-01
    8.87701035e-01 9.79095817e-01 2.60347962e-01 1.64098829e-01
    9.53345001e-02 6.51499569e-01 3.78599346e-01 2.45458335e-01
    1.59623027e-01 1.14480317e-01 9.47888315e-01 7.36376524e-01
    6.67802870e-01 5.06649613e-01 7.54641294e-01 7.50880122e-01
    6.87359631e-01 8.52962136e-02 3.16299736e-01 9.53383148e-02
    4.64780331e-01 4.26145107e-01 8.95064592e-01 7.92853057e-01
    4.24196512e-01 7.22960293e-01 5.33237338e-01 2.17912704e-01
    6.09431982e-01 8.17237496e-01 2.35771328e-01 6.39505565e-01
    9.86809254e-01 7.27082491e-01 8.87839556e-01 8.56008410e-01
    9.74031985e-02 2.21229851e-01 4.77753103e-01 3.27787191e-01
    8.82490158e-01 6.89511180e-01 5.51803291e-01 1.14866227e-01
    9.61353183e-01 3.78185064e-01 5.07713616e-01 1.44673586e-02
    3.45630795e-01 9.11251783e-01 5.79888761e-01 7.40769506e-02
    2.68110335e-01 1.88064814e-01 6.04478419e-02 4.82033789e-01
    3.63173932e-01 7.87173510e-01 6.72823071e-01 4.79195416e-01
    5.52938461e-01 4.30375814e-01 8.25630426e-01 7.70997047e-01
    8.56007814e-01 3.56635392e-01 7.40298688e-01 8.85324478e-01
    6.55123591e-01 1.51406229e-02 7.36434698e-01 9.12944376e-01
    6.24380410e-01 2.06635445e-01 1.37037784e-01 4.10378575e-02
    3.84555161e-01 4.10949528e-01 5.59944749e-01 7.87116349e-01
    9.91188288e-01 3.02214503e-01 7.71343589e-01 8.60478759e-01
    2.03479856e-01 3.89986992e-01 3.31860214e-01 4.23160136e-01
    4.70541000e-01 7.52666235e-01 6.53747082e-01 6.40184641e-01
    4.73966926e-01 7.08511829e-01 9.03684616e-01 6.36309981e-01 0. 0. 0.
    0. 0. 0. 0. 0. 0. 0. 0. 0. 0. 0. 0. 0. 9.09240842e-01 1.70091718e-01
    2.52741426e-01 3.54003251e-01 7.08015561e-01 4.66660887e-01
    2.61114806e-01 4.39517885e-01 2.15290874e-01 8.76641631e-01
    7.51485229e-01 2.48351783e-01 6.21423542e-01 2.51872480e-01
    2.64365017e-01 2.47162998e-01 1.53197020e-01 2.15736240e-01
    3.77449095e-02 4.86885786e-01 4.30379242e-01 2.42461562e-01
    9.16702211e-01 4.96648967e-01 9.19654071e-02 9.27580476e-01
    7.76286840e-01 3.70124817e-01 8.06871772e-01 6.70001626e-01
    6.86586499e-01 4.71593469e-01 4.86481607e-01 9.94563699e-01
    9.59041715e-02 9.26937461e-02 9.65490818e-01 7.81257629e-01
    9.12652612e-02 1.06179446e-01 8.10590863e-01 1.20257199e-01
    2.08865553e-01 3.34415793e-01 6.88533187e-02 6.68308616e-01
    7.89482296e-01 8.89187574e-01 8.37274790e-01 1.37068540e-01
    6.27386093e-01 1.57338887e-01 4.05938894e-01 1.28639877e-01
    9.08325911e-01 4.81312335e-01 9.63553667e-01 1.21177733e-01
    9.64163840e-02 5.24893403e-01 3.42584372e-01 8.29204082e-01
    4.49269891e-01 3.92421961e-01 8.79698753e-01 8.22893560e-01
    1.38790131e-01 9.32046771e-03 7.21674562e-01 4.72165853e-01
    1.19583249e-01 4.85885233e-01 6.05785728e-01 8.82254601e-01
    2.43235946e-01 4.51261312e-01 4.30588424e-01 2.67985165e-02
    4.36204165e-01 7.84988403e-01 2.78379679e-01 6.22615337e-01
    6.57764792e-01 9.36479092e-01 5.66269934e-01 1.93635017e-01
    1.67486221e-01 1.23383552e-01 4.13827419e-01 2.96132237e-01
    1.29114062e-01 5.94205618e-01 1.51405334e-02 9.12277758e-01
    4.98340130e-01 6.86875641e-01 2.88746357e-01 9.13043141e-01
    8.66022468e-01 9.12685037e-01 6.05204165e-01 9.58229542e-01
    8.38202477e-01 8.38200331e-01 8.71266186e-01 9.52247381e-01
    5.62899590e-01 3.53827775e-01 4.23154354e-01 5.03776550e-01
    7.06420362e-01 4.17770237e-01 6.85758948e-01 1.51214182e-01
    9.63656425e-01 7.60882437e-01 6.94068015e-01 8.09269071e-01
    7.71662593e-01 9.26297843e-01 1.64904058e-01 9.13157582e-01
    5.68085432e-01 3.92639697e-01 1.31128401e-01 2.24409103e-01
    8.84559155e-02 2.61889279e-01 6.63008094e-01 9.28619623e-01
    3.52236778e-01 4.93395209e-01 8.86349559e-01 3.59840274e-01
    6.05208576e-01 9.85152721e-01 5.31153083e-01 2.23044097e-01
    8.00487995e-01 9.93862927e-01 7.32105672e-01 9.25002098e-01
    9.55657482e-01 4.08635557e-01 5.35193980e-01 2.82925367e-01
    8.16373229e-01 7.03701496e-01 1.30856335e-01 4.83261377e-01
    1.32280499e-01 7.22919405e-01 9.70531106e-01 9.72541988e-01
    6.31116033e-01 9.81421649e-01 1.03738725e-01 3.17670226e-01
    9.31483626e-01 7.69091606e-01 6.88553154e-02 1.98584795e-02
    2.35002637e-02 8.89869332e-02 9.77704644e-01 1.67253107e-01
    4.64447737e-02 5.84847808e-01 3.56977254e-01 7.38100410e-01
    4.80370760e-01 1.74356401e-02 3.47923189e-01 7.43417740e-02
    9.09103811e-01 1.07443511e-01 8.95958900e-01 3.45752835e-02
    5.88330984e-01 2.77488351e-01 7.77531981e-01 3.58876467e-01
    3.63989949e-01 6.54281080e-01 7.96429276e-01 5.60335219e-02
    5.65083325e-02 3.22394967e-02 7.50014961e-01 1.19878024e-01
    7.99152315e-01 8.63501430e-03 8.73977661e-01 5.18021047e-01
    3.10576260e-01 9.80212867e-01 3.04134786e-02 9.62777257e-01
    6.85807705e-01 2.15236604e-01 7.32384801e-01 9.16658640e-01
    4.12413478e-03 9.12311256e-01 7.01546073e-01 5.72184026e-02
    2.22748548e-01 8.65561485e-01 2.97436833e-01 6.87086701e-01
    8.92059326e-01 3.16970468e-01 8.73526692e-01 1.67971462e-01
    9.28392053e-01 7.27742136e-01 7.75195360e-01 2.43506044e-01
    8.84155750e-01 1.04915857e-01 9.00613666e-01 1.55898422e-01
    3.47433150e-01 9.49009180e-01 4.73820180e-01 5.86922228e-01
    2.87511289e-01 9.19064045e-01 9.50355589e-01 2.86463797e-02
    2.49957919e-01 3.09187233e-01 4.43287551e-01 3.69099796e-01
    5.72099686e-01 2.31207997e-01 6.73397660e-01 4.53588843e-01
    2.11321652e-01 4.39609617e-01 1.11252993e-01 2.22540617e-01
    8.61340463e-02 6.58542156e-01 3.45766306e-01 8.89671862e-01
    6.53591216e-01 1.31301701e-01 5.40311396e-01 6.59177899e-01
    1.13006234e-02 6.71961248e-01 8.17256331e-01 1.09606802e-01
    6.86366200e-01 4.15484846e-01 0. 0. 0. 0. 0. 0. 0. 0. 0. 0. 0. 0. 0.
    0. 0. 0. 9.34130311e-01 3.64115536e-01 9.46061194e-01 1.07798815e-01
    8.45102668e-01 3.73885930e-02 6.72443151e-01 1.22381985e-01
    9.71283793e-01 4.18248385e-01 3.81721973e-01 3.67696881e-02
    5.78986585e-01 1.15250915e-01 1.52631730e-01 7.12139189e-01
    7.83342600e-01 8.57994080e-01 4.59640682e-01 7.08287656e-01
    2.49831200e-01 4.08675045e-01 6.75716996e-01 8.84366930e-01
    9.10232306e-01 2.24393636e-01 7.39888191e-01 8.93358231e-01
    2.06546247e-01 3.71178001e-01 1.89202964e-01 1.17993295e-01
    5.59662759e-01 7.52829552e-01 9.63126421e-01 1.28783852e-01
    2.97509313e-01 1.20157421e-01 1.90325439e-01 7.08728015e-01
    9.92669344e-01 4.41854060e-01 4.36611474e-01 9.22798276e-01
    8.44223857e-01 9.92011666e-01 7.12697506e-01 6.04287982e-02
    1.54205382e-01 8.92339826e-01 7.23029971e-01 7.73859262e-01
    7.73265421e-01 4.82706934e-01 2.59959608e-01 1.68986887e-01
    5.03329754e-01 2.62377322e-01 7.25990832e-01 4.20853525e-01
    4.55707759e-01 4.12485123e-01 7.38254964e-01 9.38604116e-01
    2.26293504e-01 8.71533632e-01 8.79832745e-01 1.46390527e-01
    5.84810734e-01 6.84534073e-01 6.97363019e-01 6.45932794e-01
    6.55655205e-01 2.09454894e-02 7.39671230e-01 2.63248116e-01
    1.87846571e-01 2.08554715e-01 9.27412450e-01 9.21896517e-01
    5.79177558e-01 7.23176539e-01 6.30281031e-01 4.07701492e-01
    1.82607174e-01 4.05177236e-01 2.24599063e-01 1.49875879e-02
    7.70538747e-02 1.65982902e-01 1.27315819e-02 9.64270949e-01
    2.50094384e-01 1.99564695e-01 5.30770123e-01 1.72707826e-01
    6.66047812e-01 9.00714457e-01 3.73091906e-01 6.99407876e-01
    2.92893142e-01 1.41813040e-01 3.30994010e-01 6.80966258e-01
    6.10653281e-01 8.50336850e-02 2.11600870e-01 1.39093310e-01
    5.26089132e-01 8.57068956e-01 2.27685213e-01 1.51105374e-01
    6.66666985e-01 3.00311327e-01 4.60362911e-01 3.96868110e-01
    1.59260929e-01 9.09053743e-01 8.04883242e-02 7.89530098e-01
    3.22977841e-01 7.72433519e-01 9.23478007e-01 5.82361877e-01
    2.24660814e-01 6.15370929e-01 2.91923881e-02 8.14629495e-02
    5.59404910e-01 9.41047490e-01 9.69820023e-01 4.66794282e-01
    8.37269962e-01 5.51000893e-01 3.97111416e-01 6.38183117e-01
    6.86632395e-01 9.13530052e-01 2.40323663e-01 5.33893526e-01
    2.70238459e-01 5.16680717e-01 7.31725693e-02 4.17128146e-01
    1.71816617e-01 6.39606178e-01 8.21408570e-01 3.79337013e-01
    6.48152053e-01 6.03994012e-01 3.06869805e-01 4.51276124e-01
    8.10149789e-01 6.99639499e-01 5.46888530e-01 9.81295407e-02
    5.32240570e-02 3.06627601e-01 7.73737192e-01 9.41410363e-02
    2.68077791e-01 4.08886075e-01 3.73014212e-02 1.87071174e-01
    4.71818566e-01 9.32169437e-01 7.36842275e-01 6.23469353e-01
    1.79975361e-01 2.55740047e-01 9.07179475e-01 5.95939159e-01
    1.08472854e-01 3.04748654e-01 8.74328613e-02 3.85587603e-01
    7.11425781e-01 3.31884205e-01 1.54937029e-01 7.19181836e-01
    5.83309293e-01 1.91345364e-01 5.15685081e-02 8.62918317e-01
    3.96050960e-01 5.55100322e-01 8.89687896e-01 5.57177246e-01
    6.79565310e-01 7.00906754e-01 2.01014668e-01 5.13172388e-01
    4.01695788e-01 9.43087161e-01 6.17902160e-01 5.24366319e-01
    7.94373274e-01 7.16582060e-01 6.88114107e-01 4.16727364e-01
    1.74503624e-01 1.89238787e-01 8.58990610e-01 5.92960775e-01
    3.07492316e-01 9.71933842e-01 9.17616248e-01 4.09887165e-01
    3.45326424e-01 6.86622262e-01 9.91607308e-01 5.33794761e-02
    6.19297385e-01 9.61375117e-01 3.83651495e-01 3.27493250e-02
    4.72472519e-01 5.01538336e-01 9.68439937e-01 6.64768696e-01
    2.80419648e-01 9.04463053e-01 1.19061619e-01 8.38148057e-01
    9.01212931e-01 8.67971838e-01 5.51089883e-01 6.68082833e-02
    2.48536408e-01 7.60445714e-01 7.10171819e-01 6.15066528e-01
    8.29356790e-01 7.46316612e-01 4.08399671e-01 6.76465631e-01
    3.81187111e-01 1.33461863e-01 3.65677327e-01 6.97156787e-02
    4.11335289e-01 6.05237842e-01 2.16786116e-01 1.82979167e-01
    1.27625167e-01 2.54530132e-01 1.45829856e-01 3.37239504e-01
    4.43076819e-01 9.59329724e-01 8.26043248e-01 2.24207759e-01
    3.21132660e-01 3.28604966e-01 8.10182810e-01 8.36060047e-02 0. 0. 0.
    0. 0. 0. 0. 0. 0. 0. 0. 0. 0. 0. 0. 0. 7.69602895e-01 9.59791183e-01
    2.49739736e-01 9.45671916e-01 8.30958366e-01 9.07519758e-01
    6.11362338e-01 8.18078816e-01 4.50946689e-01 9.13025498e-01
    8.85658324e-01 5.66519022e-01 9.16457415e-01 7.47218728e-01
    1.75722301e-01 2.21889079e-01 7.00564861e-01 3.17422450e-01
    7.61482179e-01 2.27646679e-01 7.37536788e-01 8.20032001e-01
    1.00177526e-01 7.80467510e-01 7.93419898e-01 7.01851606e-01
    1.63648307e-01 6.37937903e-01 8.69299173e-01 9.66513157e-01
    7.29273438e-01 5.17208040e-01 3.23708177e-01 7.75402129e-01
    1.88346922e-01 3.76501709e-01 5.94498158e-01 4.99542683e-01
    5.40373504e-01 4.16989863e-01 3.02479088e-01 5.15342891e-01
    5.20790756e-01 9.71861959e-01 8.43973517e-01 8.80741656e-01
    3.95555556e-01 4.81240839e-01 4.93101716e-01 2.28552699e-01
    7.42329895e-01 1.85576379e-01 5.33787310e-01 3.16206634e-01
    6.18541062e-01 8.70299339e-01 4.57543671e-01 1.50525659e-01
    9.86491680e-01 1.36785179e-01 3.55247259e-01 8.44679952e-01
    1.69403881e-01 5.56948721e-01 6.32034779e-01 1.92312777e-01
    7.89320529e-01 4.59346443e-01 9.75159407e-02 6.96848691e-01
    7.67318964e-01 8.57652485e-01 8.96017849e-02 6.54132545e-01
    1.64328277e-01 8.15543830e-01 5.90218663e-01 6.83417559e-01
    6.55225873e-01 3.77694905e-01 2.41393536e-01 9.67971683e-02
    7.67287374e-01 2.54448354e-01 8.43939781e-02 9.91641641e-01
    9.35095787e-01 1.38199270e-01 9.11587596e-01 8.71646404e-01
    9.16111350e-01 7.17878401e-01 4.25491333e-01 6.80438757e-01
    2.20648617e-01 7.05001950e-01 3.59112322e-02 6.72438860e-01
    8.39149952e-01 2.13054299e-01 7.68592656e-02 5.01874506e-01
    9.86635566e-01 5.57272553e-01 3.58135939e-01 9.99152780e-01
    8.17265868e-01 2.89286166e-01 6.54221952e-01 5.83718121e-01
    6.11462295e-02 5.08671701e-01 1.68172121e-01 1.98605746e-01
    1.02428555e-01 4.98889238e-01 2.42029727e-02 2.06399530e-01
    2.61366367e-01 4.76442814e-01 6.90696180e-01 7.64105141e-01
    6.02241397e-01 4.47206646e-01 9.29413199e-01 5.37499905e-01
    6.10716701e-01 1.57337070e-01 7.46306598e-01 2.81563073e-01
    6.72473431e-01 1.72767788e-01 7.13027000e-01 4.25265819e-01
    7.70160794e-01 6.89219773e-01 7.23838329e-01 8.37703705e-01
    1.79473758e-02 5.12945652e-02 2.79055536e-01 5.93363822e-01
    5.06813705e-01 3.81038487e-02 5.73709726e-01 8.52187991e-01
    3.05542648e-01 1.26769036e-01 7.46700943e-01 3.14192832e-01
    6.08349442e-01 5.49152195e-01 5.18722713e-01 1.92254126e-01
    5.81911266e-01 7.89494812e-02 3.86658013e-01 8.32459450e-01
    1.72036856e-01 2.76488602e-01 8.37674141e-02 9.17065024e-01
    7.22162127e-01 6.32046461e-02 8.29172373e-01 1.81299061e-01
    3.27535808e-01 1.38704211e-01 4.24708039e-01 2.78038502e-01
    8.29669297e-01 9.75725830e-01 6.21290207e-01 9.77401018e-01
    2.08052844e-01 8.27623487e-01 8.67216289e-02 9.52025414e-01
    1.49185270e-01 2.64954507e-01 1.74015969e-01 1.11285239e-01
    9.45714116e-03 8.15915704e-01 7.34617352e-01 4.54310298e-01
    8.58574450e-01 4.96758342e-01 6.94206595e-01 5.29929101e-02
    3.39484274e-01 6.66648149e-03 6.31605148e-01 2.57212698e-01
    5.57638109e-01 5.44502437e-01 1.74483061e-02 2.38147646e-01
    4.49486375e-02 5.22007644e-01 6.16698265e-01 1.78753436e-02
    7.89412618e-01 6.23877645e-01 2.07179874e-01 9.34219360e-02
    6.32683933e-02 6.25984669e-02 6.22431099e-01 3.15550625e-01
    9.30307746e-01 7.70662248e-01 1.90035254e-01 9.65604365e-01
    4.44651991e-01 5.60573637e-02 1.20763868e-01 1.24068677e-01
    2.51156151e-01 2.16334224e-01 5.92286289e-01 6.96987510e-01
    7.31577575e-02 6.38849378e-01 6.45890951e-01 5.21046221e-02
    8.41476917e-01 5.36014974e-01 8.19118857e-01 7.17807889e-01
    5.34556627e-01 2.79281795e-01 3.93066376e-01 8.76978934e-01
    7.58322895e-01 5.92829168e-01 3.50032985e-01 5.56868672e-01
    2.13158756e-01 2.16022015e-01 6.61192358e-01 6.64456487e-02
    8.64789367e-01 3.07074189e-01 4.36771363e-01 4.78281945e-01
    2.92068273e-01 1.71510547e-01 9.14750457e-01 5.99890351e-01
    8.82643461e-01 7.65067935e-01 2.61881709e-01 8.52792561e-02
    7.94539988e-01 6.57514036e-01 0. 0. 0. 0. 0. 0. 0. 0. 0. 0. 0. 0. 0.
    0. 0. 0. 9.71523762e-01 9.11893129e-01 5.37395000e-01 9.30117905e-01
    8.80114436e-01 5.08741081e-01 1.71181172e-01 7.40023255e-01
    8.81656408e-01 5.02151906e-01 4.27408665e-01 6.03961647e-02
    2.22988576e-01 8.21092129e-01 7.11779892e-01 6.23222589e-01
    8.31520975e-01 9.81040835e-01 5.96883178e-01 8.33337009e-02
    2.57007837e-01 2.20348507e-01 6.94905281e-01 1.18182898e-01
    5.60984969e-01 7.38706946e-01 7.92196572e-01 3.02890420e-01
    9.66455817e-01 7.70724535e-01 3.06724668e-01 7.54094899e-01
    9.73988771e-02 2.92173684e-01 5.07844090e-01 4.55810338e-01
    4.42623556e-01 1.15985572e-02 6.30195677e-01 5.70651829e-01
    3.98692250e-01 2.78244019e-02 7.85603881e-01 8.30272853e-01
    7.46090889e-01 3.94166917e-01 3.19726527e-01 9.45822001e-02
    4.45022315e-01 3.67083937e-01 4.80306536e-01 4.40680087e-01
    1.41965896e-01 4.56573457e-01 7.80530691e-01 3.22399527e-01
    6.78014755e-01 6.09423995e-01 5.53937852e-02 7.24072814e-01
    5.99829614e-01 5.97587824e-01 5.65130174e-01 4.95954037e-01
    1.08439684e-01 5.97992301e-01 9.71192122e-01 9.42554593e-01
    2.10784942e-01 5.96444845e-01 2.15160251e-02 8.47170591e-01
    5.70390821e-01 4.10186589e-01 9.74630296e-01 8.40220571e-01
    6.88343585e-01 4.83966470e-01 1.07505560e-01 5.15014291e-01
    7.71403432e-01 3.63399476e-01 8.83841038e-01 2.88912863e-01
    6.65382147e-01 8.80933881e-01 2.16013193e-02 5.14069498e-02
    2.93176502e-01 8.09809089e-01 5.99066675e-01 2.18033254e-01
    1.81098938e-01 9.75267172e-01 4.00268435e-01 6.02723062e-01
    4.14746433e-01 2.76430070e-01 4.71206903e-01 3.07971239e-01
    7.52778649e-01 7.53615260e-01 5.94533563e-01 2.11124241e-01
    8.70696068e-01 5.76696873e-01 4.82644290e-01 5.02077937e-01
    5.15779555e-01 5.77478886e-01 5.63549936e-01 5.47628582e-01
    4.68344212e-01 5.38408756e-01 2.51125753e-01 7.05659032e-01
    6.03382528e-01 6.95423603e-01 3.60911041e-01 7.02511430e-01
    7.34551609e-01 7.53541350e-01 7.31068492e-01 9.95475054e-01
    8.18672776e-01 5.99923670e-01 3.80344689e-01 1.09153777e-01
    2.18005478e-01 9.89664793e-01 9.72077489e-01 6.42213345e-01
    8.43997955e-01 5.66975713e-01 8.32037032e-02 3.82603765e-01
    2.33384967e-02 5.90947390e-01 7.72128701e-01 4.43671852e-01
    5.24254382e-01 5.02161503e-01 2.47389436e-01 3.99120212e-01
    5.48291147e-01 9.58910704e-01 8.34624767e-02 4.08523262e-01
    8.98159504e-01 7.89102614e-02 2.22835690e-01 9.14004087e-01
    3.25310826e-01 3.57252359e-02 6.21998370e-01 4.31835383e-01
    5.14887691e-01 9.30033326e-01 9.34139967e-01 9.13185358e-01
    9.73157406e-01 5.20073771e-01 5.18761337e-01 7.97778010e-01
    8.86548638e-01 3.57439399e-01 4.40758109e-01 3.49699736e-01
    5.13725877e-02 2.58749038e-01 4.69224840e-01 2.25304753e-01
    2.34034657e-01 8.74629021e-02 4.43028718e-01 8.40011597e-01
    1.88956738e-01 8.07362437e-01 2.30639696e-01 8.30389559e-02
    1.62854671e-01 8.14346671e-01 4.73644733e-02 7.26022840e-01
    6.62079036e-01 2.32635468e-01 7.13888049e-01 4.95475233e-02
    4.98277664e-01 2.10188478e-01 8.97532940e-01 5.51041126e-01
    9.52160358e-03 8.17149401e-01 4.46950823e-01 8.72208118e-01
    6.51816010e-01 2.72368252e-01 7.78470159e-01 4.14484292e-01
    1.78721577e-01 9.86116171e-01 4.01583076e-01 7.28479445e-01
    4.40598965e-01 6.05579674e-01 5.03910363e-01 2.72613525e-01
    9.24491286e-01 9.29196358e-01 4.56394285e-01 4.26425695e-01
    2.11822987e-03 6.91474438e-01 8.26610088e-01 2.63065130e-01
    4.44319844e-03 3.14217925e-01 3.11289072e-01 1.92531884e-01
    2.81802893e-01 5.84693789e-01 8.06261778e-01 6.12964869e-01
    5.52458882e-01 3.25861812e-01 6.96181953e-01 7.64790893e-01
    9.09688294e-01 3.65319520e-01 6.32188499e-01 8.25963676e-01
    3.83958429e-01 8.51695538e-01 9.22778964e-01 3.88126045e-01
    9.44397688e-01 9.07113969e-01 6.33748293e-01 9.26378429e-01
    8.54313910e-01 6.38077736e-01 3.30119550e-01 3.37764502e-01
    6.44787550e-01 3.06312025e-01 1.00065172e-01 6.37123764e-01
    4.99531329e-01 9.28437531e-01 2.11441696e-01 5.46197653e-01
    8.44193339e-01 9.70197082e-01 2.53848433e-02 5.11153817e-01 0. 0. 0.
    0. 0. 0. 0. 0. 0. 0. 0. 0. 0. 0. 0. 0. 4.45920616e-01 3.96538496e-01
    5.24396122e-01 5.30938864e-01 9.12271380e-01 8.01602900e-02
    4.64115977e-01 4.86010522e-01 4.04188275e-01 5.00813901e-01
    6.34599447e-01 9.96852696e-01 7.09556401e-01 1.41342044e-01
    4.01335955e-02 8.51988375e-01 8.59249651e-01 5.40806413e-01
    8.97225142e-02 5.07346928e-01 1.66160464e-01 5.60663640e-01
    4.92617160e-01 7.95342088e-01 9.80362177e-01 6.94380879e-01
    3.04889947e-01 6.34788632e-01 9.77569580e-01 4.47986782e-01
    4.96937603e-01 6.05930567e-01 4.78184730e-01 5.50503790e-01
    1.42610192e-01 8.06690812e-01 4.12528932e-01 4.62603509e-01
    7.45600462e-02 9.62344766e-01 7.42253721e-01 3.07922125e-01
    9.90460992e-01 6.22300029e-01 9.45977330e-01 9.47694659e-01
    9.19405282e-01 4.27798986e-01 6.62536800e-01 8.24799299e-01
    8.36410224e-02 2.51026511e-01 2.13705987e-01 5.74980080e-01
    2.90353179e-01 4.34382498e-01 9.78512704e-01 2.26156801e-01
    1.80325627e-01 6.46494269e-01 4.41642463e-01 1.01286232e-01
    6.28987551e-01 3.50247622e-01 5.20243168e-01 1.57126099e-01
    9.28352237e-01 4.32270467e-02 7.65148044e-01 4.67215061e-01
    3.63792300e-01 6.11090541e-01 9.06672001e-01 4.70456690e-01
    1.65340275e-01 6.58245921e-01 7.97612786e-01 2.65163273e-01
    2.20898062e-01 8.32581282e-01 5.99704266e-01 8.09873223e-01
    1.07275993e-01 2.70037293e-01 5.56017041e-01 9.32537735e-01
    4.05515581e-01 5.11692822e-01 2.11748183e-01 7.21153259e-01
    4.18257356e-01 9.79754388e-01 5.59437454e-01 4.44766879e-03
    9.89623129e-01 8.07883441e-02 2.47822374e-01 3.48047912e-01
    8.66721034e-01 7.80195475e-01 1.89129114e-01 4.61658835e-03
    6.97899163e-02 7.55353928e-01 8.78596783e-01 2.15965152e-01
    3.02653134e-01 4.46702480e-01 9.12620127e-02 1.96436554e-01
    1.82576269e-01 1.78525090e-01 3.48427594e-01 4.34161693e-01
    2.96370953e-01 7.15873718e-01 8.19856524e-01 1.01870775e-01
    1.04234040e-01 4.55699742e-01 1.67315006e-01 7.98468351e-01
    5.19110560e-01 2.37477273e-01 9.00729299e-01 9.75197554e-01
    8.35608125e-01 3.92256916e-01 4.85440165e-01 4.57493842e-01
    8.69082093e-01 5.64011753e-01 9.12289023e-01 1.60371482e-01
    5.12050688e-01 5.93576789e-01 8.15634370e-01 9.69669223e-01
    6.33405209e-01 6.76663101e-01 4.90672648e-01 4.99657989e-01
    9.76589441e-01 1.50451779e-01 7.96778917e-01 7.80605555e-01
    7.07377017e-01 5.33943474e-01 4.87319291e-01 2.88896352e-01
    1.18251711e-01 3.59647483e-01 4.40090597e-02 9.42903101e-01
    4.52928692e-01 3.36510360e-01 7.58374095e-01 1.90695167e-01
    9.50681210e-01 2.01579869e-01 6.31509721e-02 6.88525677e-01
    3.11675131e-01 8.99194062e-01 2.74055481e-01 9.70798492e-01
    2.60862827e-01 8.95494223e-02 1.30493492e-01 8.95971775e-01
    8.70039344e-01 7.07332551e-01 1.46287411e-01 6.06700957e-01
    6.45656049e-01 5.11918187e-01 3.64444971e-01 4.45630372e-01
    7.53869236e-01 9.51778054e-01 5.05394042e-01 1.41891927e-01
    6.66191578e-01 1.84858531e-01 5.80290854e-01 3.17102909e-01
    9.59410310e-01 9.80605900e-01 9.73737419e-01 7.87783861e-01
    8.31266761e-01 4.37880933e-01 6.35329187e-02 8.64371657e-02
    3.96577150e-01 8.70754004e-01 4.01617259e-01 9.49166179e-01
    4.46634829e-01 3.83732319e-01 4.07062083e-01 7.02020228e-01
    7.17681646e-01 8.44275236e-01 7.70338535e-01 9.69024837e-01
    3.98413241e-01 2.25208640e-01 7.79892683e-01 7.07539618e-01
    6.94100618e-01 5.33240080e-01 6.43660188e-01 1.43456280e-01
    5.29057503e-01 1.69330448e-01 4.41824764e-01 8.79131317e-01
    6.12960339e-01 3.77846032e-01 9.56514478e-02 9.53759074e-01
    7.81239629e-01 4.28995013e-01 2.12068617e-01 8.86389017e-01
    3.70256782e-01 7.77256310e-01 3.36047411e-02 9.01920080e-01
    7.31005132e-01 1.80882931e-01 5.15700996e-01 1.41814053e-02
    4.69218999e-01 2.98229694e-01 4.60149646e-01 4.34665650e-01
    8.42797458e-01 7.46430278e-01 8.75981092e-01 4.59051371e-01
    4.14502829e-01 9.34017897e-01 2.87345201e-01 8.79783630e-01
    3.71036202e-01 1.82846814e-01 6.52073503e-01 1.98774487e-01
    2.37839520e-01 5.29739141e-01 2.65592694e-01 7.38931060e-01
    8.01246762e-01 9.61592019e-01 0. 0. 0. 0. 0. 0. 0. 0. 0. 0. 0. 0. 0.
    0. 0. 0. 3.22017670e-01 2.40602255e-01 1.14491671e-01 7.70534396e-01
    2.23702878e-01 8.98488283e-01 2.02819735e-01 5.67242205e-01
    3.82114679e-01 1.95463866e-01 9.78871524e-01 2.43258864e-01
    9.30758655e-01 9.84210491e-01 3.10524046e-01 4.70436633e-01
    8.75833631e-01 8.26705396e-01 1.79817706e-01 5.11578619e-02
    4.32235092e-01 6.57905936e-02 6.46551967e-01 7.65913785e-01
    2.78871387e-01 9.77688670e-01 4.23225969e-01 1.80817336e-01
    8.79390955e-01 4.10946369e-01 1.30715340e-01 3.99643660e-01
    5.09622455e-01 9.50382352e-01 2.89422631e-01 1.59401983e-01
    7.92965055e-01 8.09129238e-01 5.36747038e-01 2.66289353e-01
    9.67889905e-01 8.72462392e-01 2.60072023e-01 6.51036859e-01
    2.86140501e-01 9.55233753e-01 9.62431490e-01 8.29197645e-01
    2.82066286e-01 4.00711328e-01 7.27596879e-01 6.65823638e-01
    3.43929172e-01 8.54407847e-01 2.61482000e-02 2.00951099e-02
    8.81618083e-01 8.04675937e-01 1.52114838e-01 9.08157587e-01
    9.96442497e-01 5.03211379e-01 1.38947874e-01 1.06325448e-01
    2.44062930e-01 6.29818738e-02 6.39830172e-01 9.55369771e-02
    8.63501012e-01 7.81239152e-01 9.05052900e-01 9.11673009e-02
    6.80472493e-01 4.65486616e-01 4.12565470e-01 8.81289959e-01
    3.00951362e-01 8.75907898e-01 1.78629160e-03 4.29939359e-01
    3.57221425e-01 8.39725673e-01 4.06626463e-01 3.10662210e-01
    4.95929360e-01 1.09623760e-01 7.26866543e-01 6.64268672e-01
    7.35350966e-01 9.85935688e-01 6.47092700e-01 3.58413428e-01
    6.58423305e-01 1.00148648e-01 8.17701519e-02 6.93359613e-01
    6.35392070e-02 3.05757046e-01 8.52430761e-02 8.72647226e-01
    7.13682413e-01 7.74991512e-03 9.52871680e-01 9.27969038e-01
    5.13926446e-02 8.96315455e-01 4.55289483e-01 2.16185987e-01
    5.73395789e-01 4.36614335e-01 8.73493671e-01 6.53927684e-01
    8.85775983e-02 5.86562693e-01 3.02884758e-01 4.83500540e-01
    2.05698967e-01 4.82453138e-01 9.21774387e-01 8.35399985e-01
    8.51984501e-01 1.14154756e-01 1.39724582e-01 7.22938716e-01
    8.36361766e-01 5.60665727e-01 5.67102194e-01 7.14053631e-01
    3.98839295e-01 9.49105144e-01 5.66684067e-01 7.16597557e-01
    6.07691407e-01 7.57131577e-02 6.61055088e-01 2.52524018e-02
    5.47278285e-01 1.99259937e-01 3.30237776e-01 4.91595447e-01
    9.10428166e-03 8.50505352e-01 1.41717583e-01 4.85116512e-01
    7.79473007e-01 5.12444377e-01 3.23239386e-01 3.88674438e-01
    2.12246180e-01 4.62483734e-01 4.97856200e-01 1.88244700e-01
    7.68339396e-01 6.05069160e-01 5.42401075e-02 8.99099350e-01
    3.34523588e-01 7.95277655e-02 4.41094279e-01 3.59565854e-01
    1.71225518e-01 1.15620375e-01 4.14802551e-01 4.10682023e-01
    8.83946121e-01 1.67818129e-01 5.21814287e-01 5.66570103e-01
    8.81550908e-01 1.65345401e-01 2.59402037e-01 3.29206288e-02
    6.65830493e-01 7.82802939e-01 5.11195898e-01 4.43749964e-01
    5.75834751e-01 9.80270505e-01 4.83386099e-01 9.15946364e-01
    3.00593376e-02 6.33751452e-01 6.82803512e-01 4.77402687e-01
    8.03626895e-01 4.33553666e-01 4.94898856e-01 9.31623936e-01
    8.33994210e-01 2.80773461e-01 3.38171244e-01 6.15950584e-01
    6.52750432e-02 3.49249423e-01 3.04953814e-01 1.17069483e-03
    8.82726431e-01 9.10489798e-01 8.45973849e-01 2.34584272e-01
    3.57583165e-02 8.02693665e-01 8.56644988e-01 3.14075351e-01
    5.96063077e-01 4.58807409e-01 5.72800398e-01 6.78324342e-01
    2.48886138e-01 5.10028720e-01 9.04934287e-01 8.50021362e-01
    9.42618787e-01 6.76322877e-01 3.11297238e-01 9.81027007e-01
    1.58193827e-01 2.70034879e-01 9.35349762e-02 4.33825344e-01
    8.43320251e-01 9.48358178e-01 7.95614600e-01 7.17808843e-01
    7.18377292e-01 2.60130405e-01 8.49653244e-01 6.24545693e-01
    4.17382300e-01 8.56126189e-01 1.47529006e-01 2.44641870e-01
    6.66682720e-01 3.39427888e-02 6.62969291e-01 6.69492662e-01
    3.68699014e-01 6.84350431e-01 6.98012710e-02 4.31167841e-01
    2.60037035e-01 9.16381478e-02 8.59005749e-01 6.63857937e-01
    2.83888251e-01 3.58755827e-01 6.41327381e-01 6.37052715e-01
    3.33682299e-02 8.84275734e-02 2.18005419e-01 3.89518410e-01
    9.49582696e-01 9.74248648e-02 2.24191606e-01 7.26948261e-01 0. 0. 0.
    0. 0. 0. 0. 0. 0. 0. 0. 0. 0. 0. 0. 0. 5.41264474e-01 2.61837900e-01
    9.38500822e-01 8.15643430e-01 5.16143799e-01 4.47735459e-01
    3.54920268e-01 7.56422222e-01 7.04352558e-01 5.67578733e-01
    7.85533071e-01 2.89830476e-01 2.97759205e-01 9.36188638e-01
    9.08707857e-01 9.80266333e-01 1.38049185e-01 7.90916860e-01
    4.60769802e-01 5.84055483e-02 2.66165257e-01 6.86998665e-01
    6.65342867e-01 9.72157240e-01 9.50257778e-01 1.23107910e-01
    6.99101508e-01 6.32162750e-01 6.18255734e-02 3.91656637e-01
    4.29065824e-02 5.65022230e-02 7.60464311e-01 2.93513417e-01
    9.01433110e-01 6.25842571e-01 2.22512692e-01 6.84067607e-03
    8.31238329e-02 4.12837893e-01 6.74864411e-01 1.16684943e-01
    9.16573763e-01 4.23921257e-01 6.46130800e-01 9.33523774e-01
    9.28690553e-01 1.13056302e-01 1.63419724e-01 4.90214825e-02
    1.19858682e-01 8.62423718e-01 7.78584182e-02 6.42778635e-01
    9.58861589e-01 3.02013963e-01 5.22341073e-01 3.27321887e-02
    9.06394780e-01 2.09402293e-01 4.14070249e-01 4.85571742e-01
    7.65117109e-01 8.70268047e-02 7.50637710e-01 2.99771011e-01
    8.81641269e-01 4.26500559e-01 6.78870201e-01 7.02243924e-01
    1.24904633e-01 5.66861868e-01 3.39269996e-01 1.22858316e-01
    4.74135518e-01 9.82125401e-01 4.53630328e-01 7.85862446e-01
    2.94965327e-01 9.72707152e-01 8.17492127e-01 9.62116838e-01
    8.34612370e-01 2.20111370e-01 7.03750670e-01 6.73330605e-01
    1.15307987e-01 5.06234944e-01 8.73390198e-01 3.97365332e-01
    6.57117069e-01 8.13186288e-01 7.29218841e-01 5.00474095e-01
    9.29248154e-01 3.68686259e-01 5.22814453e-01 6.97825730e-01
    4.04868335e-01 3.89679193e-01 7.43023038e-01 5.28663337e-01
    6.73545778e-01 7.69835651e-01 9.42062736e-01 9.97335315e-01
    4.99722928e-01 8.07556987e-01 6.82986140e-01 9.22425091e-02
    4.04791445e-01 4.82208937e-01 6.77959204e-01 4.85764951e-01
    8.60866904e-02 1.30416304e-01 3.05416107e-01 9.39542949e-02
    9.71947610e-02 9.41464722e-01 8.78169060e-01 9.73539948e-01
    6.70290589e-02 9.70020592e-01 2.95147240e-01 4.48636711e-01
    3.56338441e-01 8.38555932e-01 4.88748670e-01 8.24272633e-01
    8.06425214e-01 3.21192563e-01 6.76284432e-01 2.15465903e-01
    2.89737582e-01 9.43463922e-01 3.74056220e-01 5.57242215e-01
    7.33847260e-01 9.99232531e-01 6.52730644e-01 8.92416120e-01
    9.03227627e-01 1.84439361e-01 7.70486593e-01 7.10345984e-01
    3.68108928e-01 7.08682418e-01 1.99508339e-01 5.62815189e-01
    2.58181870e-01 3.35033715e-01 6.75970376e-01 4.15288776e-01
    5.17693758e-01 6.87528551e-01 2.35863388e-01 4.55070078e-01
    8.96920145e-01 5.85808992e-01 8.15116405e-01 9.68145847e-01
    7.96080410e-01 1.00247294e-01 6.38751864e-01 3.17890346e-01
    4.61758852e-01 9.60832357e-01 9.92300153e-01 1.78587943e-01
    1.73837692e-01 7.12957621e-01 2.12787062e-01 2.72532344e-01
    4.95068431e-01 5.76336741e-01 1.18133277e-01 3.45155537e-01
    7.02630043e-01 5.44004261e-01 5.53943336e-01 6.78975046e-01
    6.36843681e-01 6.24404132e-01 6.07471347e-01 4.95665789e-01
    3.36870342e-01 6.62916422e-01 1.55944973e-01 1.92249060e-01
    4.27963167e-01 6.53505206e-01 1.44675016e-01 7.72257209e-01
    6.04958534e-01 3.52475941e-01 8.43872666e-01 6.09061718e-01
    9.10519063e-01 7.87902236e-01 2.09929854e-01 2.75348365e-01
    1.33346617e-01 9.42800701e-01 5.78855872e-01 7.84174442e-01
    6.36765420e-01 1.99809432e-01 2.69562632e-01 2.06993818e-01
    5.48106730e-01 4.10959840e-01 2.52710402e-01 1.00865126e-01
    4.80752289e-01 3.81455123e-01 6.00897908e-01 4.22932684e-01
    7.78028727e-01 3.11581612e-01 1.62019759e-01 2.86113560e-01
    9.60596263e-01 5.44563293e-01 9.11381960e-01 9.67337906e-01
    6.98301911e-01 1.36373103e-01 9.55355346e-01 1.11691535e-01
    8.18625093e-02 9.44488943e-01 6.01144135e-01 7.94748664e-01
    7.81816900e-01 3.26893687e-01 2.14841932e-01 9.28621888e-01
    5.04988670e-01 9.77701008e-01 2.27831036e-01 1.54097408e-01
    7.90153742e-01 2.35864967e-01 8.72521043e-01 1.06660098e-01
    4.19878066e-02 6.79708958e-01 1.10983849e-01 8.79001200e-01
    8.31730485e-01 7.71173716e-01 7.94661283e-01 7.44501948e-01
    4.95801866e-01 5.71527898e-01 0. 0. 0. 0. 0. 0. 0. 0. 0. 0. 0. 0. 0.
    0. 0. 0. 5.06263196e-01 4.99519557e-01 7.99200833e-02 8.20170045e-01
    9.72135544e-01 5.81055880e-03 7.89865673e-01 9.93975937e-01
    4.52698171e-01 5.00616968e-01 5.05319357e-01 5.48222542e-01
    4.32639182e-01 4.64192033e-03 8.37945342e-02 3.43992949e-01
    4.69580382e-01 7.26500154e-01 5.89918017e-01 5.26207089e-01
    6.70534253e-01 1.37343705e-02 9.82603729e-02 9.38935459e-01
    1.92432791e-01 2.92032957e-03 3.93748760e-01 4.34904933e-01
    8.20830286e-01 9.63702798e-03 1.40490830e-01 5.86765230e-01
    5.01585722e-01 4.41362798e-01 8.96772385e-01 6.97904468e-01
    4.57982242e-01 4.05782670e-01 6.60209954e-01 8.00780535e-01
    4.22705263e-01 7.82203794e-01 9.54633474e-01 8.74423921e-01
    2.55757213e-01 4.66869295e-01 4.54188615e-01 8.11236024e-01
    6.30740285e-01 3.16970110e-01 5.28167605e-01 4.77652937e-01
    1.01325274e-01 7.23361373e-01 1.15037650e-01 3.30447078e-01
    6.32499993e-01 1.66705430e-01 1.08937621e-01 4.36155200e-01
    3.18656564e-02 5.05882084e-01 4.58271086e-01 1.42856300e-01
    6.84480131e-01 5.46352208e-01 6.15797043e-01 7.70537436e-01
    9.15724993e-01 3.71895552e-01 6.37004673e-01 5.04110157e-02
    4.14966106e-01 7.83024430e-02 2.89160490e-01 3.46422106e-01
    8.66349697e-01 2.34637231e-01 6.89136028e-01 1.08242780e-01
    3.22945416e-02 2.83675700e-01 3.02483916e-01 7.74510980e-01
    2.90488839e-01 6.59963131e-01 2.03633904e-02 3.30253363e-01
    9.16068912e-01 8.07963848e-01 2.99456418e-01 7.95556903e-02
    1.06519938e-01 2.10318774e-01 4.80602473e-01 6.77602053e-01
    9.51706290e-01 7.99581826e-01 2.40359604e-01 7.58805513e-01
    1.98964328e-01 6.28042400e-01 4.73175883e-01 3.04600984e-01
    5.15931129e-01 2.25772172e-01 1.48885190e-01 7.51229763e-01
    9.10945237e-02 6.90836310e-01 2.39827931e-01 9.26206589e-01
    8.99750233e-01 3.91044170e-01 8.33556890e-01 9.55124736e-01
    7.40911663e-01 5.60613275e-01 7.01967835e-01 3.46955776e-01
    8.34327161e-01 7.13352680e-01 2.17246175e-01 6.69013619e-01
    8.76130641e-01 7.17691123e-01 1.96599007e-01 2.12743670e-01
    2.11899400e-01 8.45982969e-01 6.23073518e-01 6.39070570e-01
    3.12392652e-01 3.07839751e-01 4.44787443e-01 2.51911283e-01
    8.90234590e-01 5.37513793e-01 1.44218355e-01 5.13198972e-01
    8.05944204e-02 2.34686702e-01 6.49941444e-01 1.73803359e-01
    8.22121859e-01 7.72672057e-01 1.09933674e-01 7.21413910e-01
    3.34740579e-02 2.76708364e-01 7.14157820e-01 6.29895806e-01
    4.90117431e-01 1.67464554e-01 4.07150298e-01 7.04053581e-01
    6.04431272e-01 1.84118718e-01 3.49133909e-02 2.54185408e-01
    3.97332996e-01 3.66240203e-01 1.29519969e-01 9.42858458e-01
    3.87900978e-01 2.51114935e-01 5.26555836e-01 1.97775811e-01
    6.46996558e-01 6.28598630e-01 9.51528847e-01 5.67050576e-02
    7.87028968e-01 2.39091247e-01 5.00705242e-02 9.98730659e-02
    9.93774652e-01 8.65227699e-01 4.61310565e-01 8.28681707e-01
    3.83341312e-02 1.11937582e-01 7.29870677e-01 1.72793597e-01
    6.78140759e-01 5.19931614e-02 1.24008447e-01 6.78157449e-01
    4.24924284e-01 9.29608226e-01 9.83505189e-01 7.04675257e-01
    7.14080274e-01 4.86214727e-01 3.67159605e-01 2.80050874e-01
    7.74789095e-01 1.64205492e-01 1.69811994e-01 4.90546644e-01
    2.09199429e-01 1.54354870e-02 1.14265770e-01 1.89930111e-01
    6.76391900e-01 8.23428154e-01 9.26568031e-01 4.30056095e-01
    4.89816695e-01 5.01123011e-01 7.98324943e-01 9.84798014e-01
    4.91809428e-01 6.06236756e-01 8.44549954e-01 5.70061743e-01
    5.00422657e-01 7.90332675e-01 7.64686704e-01 9.77530956e-01
    6.99302733e-01 6.18007421e-01 8.90109658e-01 2.16010213e-01
    8.08003187e-01 7.08100080e-01 3.14918041e-01 6.36118412e-01
    4.77380425e-01 3.69416922e-01 6.24656916e-01 1.35305315e-01
    1.04876399e-01 5.62780797e-01 8.46779585e-01 8.98870587e-01
    4.06868935e-01 1.38490289e-01 2.70706445e-01 8.69864702e-01
    7.35575318e-01 5.64074636e-01 3.66786718e-01 4.28397298e-01
    6.78823113e-01 8.25618327e-01 1.71403855e-01 9.47376370e-01
    9.90722835e-01 5.50386190e-01 6.63458407e-01 5.30120909e-01
    6.50032163e-01 7.67955780e-01 9.76107180e-01 3.45010579e-01 0. 0. 0.
    0. 0. 0. 0. 0. 0. 0. 0. 0. 0. 0. 0. 0. 4.19242173e-01 5.46924591e-01
    1.89007819e-02 7.89467037e-01 2.07020611e-01 6.83142185e-01
    7.71311879e-01 6.60785496e-01 5.71212828e-01 6.43367052e-01
    2.80697882e-01 7.33306527e-01 3.94904912e-01 6.64156556e-01
    3.02435875e-01 8.17465067e-01 1.41750962e-01 2.32321173e-01
    9.20105457e-01 5.64277411e-01 5.06818652e-01 2.56279051e-01
    1.92699343e-01 5.11217654e-01 2.77611822e-01 7.05953956e-01
    9.93757725e-01 6.81573868e-01 6.64944351e-02 9.14615393e-01
    3.91334295e-03 5.87142110e-01 2.14936256e-01 5.00372827e-01
    3.88979763e-01 7.15619624e-02 4.54004377e-01 8.07068527e-01
    9.41249132e-01 7.04834580e-01 2.81587303e-01 1.24665797e-02
    2.52974272e-01 6.19362235e-01 3.03143561e-02 3.92221421e-01
    6.47448361e-01 6.64802849e-01 3.31986725e-01 4.72121179e-01
    3.75757098e-01 9.08237159e-01 9.50977981e-01 9.33163106e-01
    9.04086828e-01 2.15735734e-02 3.60172927e-01 1.64744079e-01
    3.07254761e-01 7.57374883e-01 6.45783484e-01 2.47423053e-01
    7.32684076e-01 4.74565625e-01 1.63711309e-02 3.01298410e-01
    3.22752595e-01 8.71029258e-01 2.50947595e-01 3.58918607e-01
    7.57313430e-01 9.57581639e-01 7.32370615e-01 6.47311509e-01
    1.89485520e-01 6.10680878e-01 3.11436951e-01 2.74466336e-01
    5.97449601e-01 4.78998035e-01 9.92247462e-01 7.94932961e-01
    3.87563586e-01 6.31274223e-01 4.67557669e-01 5.27883649e-01
    6.25686049e-02 2.96769261e-01 6.42609119e-01 8.02926183e-01
    6.27976000e-01 8.01621079e-01 3.24652851e-01 9.77581859e-01
    3.33559096e-01 9.27546501e-01 6.64421916e-01 8.27821016e-01
    6.10275090e-01 3.87246192e-01 8.95197868e-01 9.15979624e-01
    3.21761966e-01 6.35952055e-01 2.67142534e-01 3.42142045e-01
    6.46559358e-01 9.45749879e-03 8.81175637e-01 7.89074659e-01
    7.87145972e-01 4.82355922e-01 7.94663310e-01 6.66994154e-02
    1.13799751e-01 5.83143830e-01 1.36453509e-01 2.26845264e-01
    8.09452653e-01 4.62034523e-01 9.42920208e-01 9.79482532e-01
    7.70755410e-02 7.40278482e-01 5.23397326e-01 2.33711779e-01
    2.81455606e-01 4.40151662e-01 7.91864991e-02 3.34863901e-01
    2.28596509e-01 9.42595482e-01 1.65319383e-01 8.45353842e-01
    1.40440315e-01 9.46309566e-01 9.94569659e-01 3.62869442e-01
    3.14930081e-02 4.25023735e-02 5.93598187e-02 9.85789657e-01
    5.99664211e-01 6.28470361e-01 3.30952168e-01 9.19376016e-02
    8.33889961e-01 6.46355987e-01 8.12922478e-01 1.23367012e-01
    6.01217270e-01 9.90147233e-01 5.45122147e-01 6.62558377e-01
    8.73059511e-01 7.47757733e-01 4.23152149e-02 5.79171717e-01
    7.55023003e-01 9.72608924e-01 8.72180462e-01 1.23440921e-01
    1.73363477e-01 3.19357812e-01 3.47558588e-01 9.18289065e-01
    3.70258838e-01 3.20278823e-01 9.84002650e-01 8.04538965e-01
    3.76317829e-01 2.40529001e-01 9.82443035e-01 6.25117898e-01
    9.48170125e-01 5.44436991e-01 4.68006790e-01 9.06169474e-01
    5.03026724e-01 6.36109173e-01 3.73206913e-01 9.53667641e-01
    1.23923123e-02 7.82590568e-01 3.28608274e-01 9.05904770e-02
    4.39899474e-01 9.14095938e-01 2.77418792e-01 7.41420925e-01
    9.86687005e-01 5.94449639e-01 7.52786994e-01 3.00433755e-01
    5.49102366e-01 3.13896000e-01 1.93924934e-01 7.28887856e-01
    8.57404590e-01 8.38653266e-01 4.30092514e-02 5.00823557e-02
    4.24043894e-01 1.21703744e-02 1.60499841e-01 8.26869845e-01
    6.86810017e-01 4.46497947e-01 9.88373101e-01 4.29331064e-02
    2.14370370e-01 9.06319320e-02 9.02436316e-01 2.63970226e-01
    1.40413344e-01 8.17391276e-03 7.94119477e-01 6.11915290e-01
    9.80978251e-01 8.81902337e-01 1.72203839e-01 5.94735026e-01
    5.52105248e-01 8.44628453e-01 6.15313411e-01 4.47995335e-01
    4.04419065e-01 7.94031262e-01 9.95053053e-01 9.84643281e-01
    2.64149189e-01 6.82988882e-01 5.04216313e-01 2.87534595e-02
    4.27003294e-01 1.85716718e-01 5.77963829e-01 8.78618181e-01
    8.41277838e-01 8.57062459e-01 3.33743989e-01 9.43850875e-01
    9.01792288e-01 4.87956703e-02 2.68313766e-01 3.59761953e-01
    2.90905237e-01 9.06271935e-01 7.49574244e-01 7.81310558e-01
    1.79056317e-01 9.51889396e-01 8.11850369e-01 2.36702561e-02
    4.19367075e-01 2.41600275e-01 0. 0. 0. 0. 0. 0. 0. 0. 0. 0. 0. 0. 0.
    0. 0. 0. 4.58809137e-02 7.37254918e-01 2.34693140e-01 2.09749520e-01
    2.46005535e-01 7.09987044e-01 7.80400991e-01 4.77572560e-01
    2.99209476e-01 5.09224534e-02 8.43509197e-01 1.47675693e-01
    6.16508007e-01 4.81523991e-01 8.63906503e-01 3.67856383e-01
    2.08925068e-01 3.22883189e-01 1.31852299e-01 2.89464116e-01
    7.89564133e-01 8.81785154e-01 5.84892154e-01 7.48509526e-01
    5.02152443e-01 5.55685639e-01 8.96635413e-01 5.37336588e-01
    1.39988571e-01 5.94671607e-01 8.28922689e-01 7.81628609e-01
    6.57798052e-01 4.68231142e-01 6.04202449e-02 3.25263947e-01
    2.83651978e-01 4.94714558e-01 6.77566707e-01 1.07366771e-01
    1.82867408e-01 1.85499072e-01 7.86392331e-01 4.56418216e-01
    9.43486094e-02 5.77773511e-01 8.83196414e-01 5.60241103e-01
    8.24150085e-01 5.58347642e-01 1.04189813e-02 3.35971355e-01
    1.13753349e-01 2.66159892e-01 4.25272822e-01 5.81823528e-01
    9.80479836e-01 4.69507515e-01 7.97387481e-01 3.43340844e-01
    8.66817534e-02 3.52164686e-01 1.97411299e-01 1.58867508e-01
    7.02553630e-01 5.70397437e-01 9.62072968e-01 6.54562712e-01
    4.31664735e-01 7.43628383e-01 2.48360634e-03 1.51960284e-01
    8.46982598e-01 2.73737013e-02 2.29247898e-01 6.87473655e-01
    3.37941289e-01 8.41223717e-01 2.27558255e-01 7.06211388e-01
    2.25930691e-01 1.09352380e-01 8.77370954e-01 3.40449542e-01
    9.79818761e-01 4.11488980e-01 7.53485441e-01 5.30395627e-01
    3.45637441e-01 1.39973372e-01 5.73674858e-01 4.67464447e-01
    6.12873435e-01 6.71783984e-01 4.77016509e-01 1.67356819e-01
    1.82916135e-01 7.53584146e-01 6.77015007e-01 5.56445241e-01
    8.83138180e-02 4.44377244e-01 3.23148340e-01 8.62484753e-01
    9.42940593e-01 2.17607915e-02 5.79958558e-01 3.37966591e-01
    4.83214706e-01 1.54266804e-01 9.12146449e-01 5.22238493e-01
    3.79925072e-02 1.23823971e-01 5.39975166e-02 6.18314028e-01
    8.54111552e-01 4.73545134e-01 2.53557056e-01 6.32361889e-01
    1.17556453e-01 7.48849928e-01 9.39234018e-01 3.17522854e-01
    3.25083762e-01 2.35135645e-01 2.43311882e-01 1.22387499e-01
    6.70586765e-01 9.32260156e-02 8.46429944e-01 6.31413698e-01
    6.74213886e-01 8.52920175e-01 4.07034606e-01 9.20261979e-01
    2.78787583e-01 6.91284657e-01 5.07373631e-01 7.48815536e-02
    2.82783031e-01 6.95664823e-01 1.91412270e-02 3.17894638e-01
    1.10424906e-01 9.77302611e-01 9.74085271e-01 8.96675825e-01
    9.73986030e-01 8.92004013e-01 9.69854891e-01 5.81651330e-02
    9.22735989e-01 3.68658304e-01 9.95426238e-01 4.28314209e-02
    6.86006486e-01 6.01854563e-01 3.54677022e-01 9.43479121e-01
    1.84622645e-01 1.95457876e-01 7.52982736e-01 9.24430966e-01
    2.13804781e-01 8.14252257e-01 6.23970568e-01 4.56717879e-01
    1.34206325e-01 9.94665384e-01 8.03639889e-01 3.30983460e-01
    6.81040168e-01 1.86559200e-01 2.32640624e-01 9.74093676e-01
    5.08152306e-01 7.56240726e-01 4.05955017e-01 9.29478765e-01
    5.32520890e-01 8.12139809e-01 6.21320009e-01 7.73333728e-01
    1.51311696e-01 9.78222013e-01 8.66095066e-01 3.79045635e-01
    3.96407247e-01 9.91148472e-01 1.61829710e-01 6.37027740e-01
    5.16411006e-01 6.83939636e-01 5.20562232e-02 9.56859589e-02
    4.55352366e-01 1.78516388e-01 3.42154860e-01 3.13831389e-01
    3.44527423e-01 2.36924320e-01 2.43916541e-01 9.82316196e-01
    6.94752038e-01 9.33600843e-01 3.37701082e-01 6.57846391e-01
    1.14580572e-01 8.41343760e-01 2.95022726e-01 5.31991959e-01
    4.69241589e-01 6.43309534e-01 5.14899552e-01 5.59905708e-01
    9.22652185e-01 9.35269713e-01 2.21868098e-01 7.94970512e-01
    3.60432684e-01 9.77162957e-01 7.54150450e-02 6.85000896e-01
    5.04762828e-02 3.77635121e-01 2.16328025e-01 2.05613136e-01
    3.39777172e-01 5.83308578e-01 2.48518169e-01 2.82873571e-01
    3.09097588e-01 4.70545292e-02 2.07061052e-01 9.93464351e-01
    5.42036116e-01 2.53766119e-01 5.98492324e-01 3.92645657e-01
    6.49233818e-01 3.67812097e-01 4.25275415e-01 5.72344661e-01
    6.99163198e-01 4.02172208e-01 1.70710295e-01 7.15885162e-02
    6.72823966e-01 2.86707491e-01 5.62199771e-01 5.16498089e-03
    2.48508990e-01 3.79761279e-01 3.93336684e-01 9.54453409e-01 0. 0. 0.
    0. 0. 0. 0. 0. 0. 0. 0. 0. 0. 0. 0. 0. 6.32808387e-01 8.18676591e-01
    8.11594725e-03 2.93287814e-01 4.72263515e-01 9.19713736e-01
    6.89865589e-01 9.73502278e-01 1.85442030e-01 3.82484585e-01
    7.93420732e-01 5.41463494e-01 1.99074984e-01 5.50811529e-01
    4.24099267e-02 3.46620470e-01 9.59226787e-01 8.74465466e-01
    5.68327665e-01 2.62983084e-01 1.68008745e-01 8.20903063e-01
    1.39723778e-01 9.45822179e-01 9.04107451e-01 9.77044880e-01
    1.03464127e-02 7.68803298e-01 5.08387864e-01 6.35748029e-01
    6.51384056e-01 2.86485553e-01 8.25912118e-01 2.96391159e-01
    7.29680777e-01 3.90055150e-01 2.50950247e-01 2.74992079e-01
    5.98296404e-01 2.08975673e-02 6.25628531e-02 4.87965614e-01
    1.61535829e-01 3.03182036e-01 9.42551255e-01 6.51942492e-02
    7.64215112e-01 4.05556202e-01 4.84928280e-01 6.98915720e-02
    7.83935428e-01 8.81902635e-01 4.29796696e-01 9.61875200e-01
    8.44478726e-01 5.42471170e-01 6.23541713e-01 9.50652003e-01
    4.41624373e-01 2.80412197e-01 7.09176064e-01 3.54170144e-01
    3.85303378e-01 1.42669708e-01 7.29305685e-01 9.25517380e-02
    4.77846831e-01 3.50503355e-01 4.81192201e-01 2.22732514e-01
    2.73531675e-03 1.01581782e-01 2.84371585e-01 6.61366582e-02
    4.93279517e-01 3.72889638e-02 8.53249550e-01 4.74392682e-01
    2.84852773e-01 2.21418500e-01 3.89141828e-01 7.36798048e-01
    5.52358866e-01 1.47844136e-01 4.91103649e-01 6.00728035e-01
    3.12020361e-01 6.51538968e-02 2.21388459e-01 8.99336219e-01
    2.91786492e-02 4.05015469e-01 3.78098726e-01 7.04102695e-01
    3.93443346e-01 8.72199476e-01 1.23839229e-01 5.81588745e-01
    6.15142941e-01 7.99787760e-01 8.16444695e-01 2.27007568e-02
    5.20052612e-01 8.49406004e-01 8.38808537e-01 7.10407734e-01
    6.46271944e-01 9.34238672e-01 3.04440528e-01 3.80179912e-01
    7.73599446e-01 3.15118372e-01 4.93360460e-02 8.19139957e-01
    3.20648432e-01 3.93726468e-01 8.96491647e-01 9.82085109e-01
    5.82801402e-02 5.98865330e-01 2.59380221e-01 5.60020924e-01
    8.12872648e-02 4.70500231e-01 2.11431146e-01 6.69057429e-01
    1.32686973e-01 3.24692428e-01 2.25130677e-01 7.50260234e-01
    6.85888410e-01 9.62783575e-01 9.30285096e-01 3.97920758e-01
    7.75568247e-01 1.50316954e-01 4.57510501e-01 8.11596632e-01
    6.52946234e-02 3.60391200e-01 4.53338176e-01 9.70505714e-01
    8.39068174e-01 6.07129931e-03 4.13072646e-01 5.61964512e-03
    1.68358326e-01 9.85103846e-01 4.28842723e-01 1.12181365e-01
    5.57953715e-02 1.15618408e-01 4.10556793e-02 1.25791967e-01
    5.65917790e-01 8.89132738e-01 5.82317054e-01 3.55814606e-01
    9.22893524e-01 1.95679545e-01 4.62511957e-01 5.58534265e-02
    6.23244882e-01 5.23830891e-01 4.08722222e-01 3.13758373e-01
    3.95823270e-01 5.95558822e-01 9.80427146e-01 1.10837281e-01
    3.81236672e-02 6.08556330e-01 2.11086571e-02 2.69663364e-01
    3.35351288e-01 9.55311060e-01 9.38474417e-01 1.96131736e-01
    9.01746273e-01 7.49394357e-01 8.10633302e-01 3.80618572e-02
    9.55158770e-02 5.24248183e-02 6.82573617e-01 1.74538702e-01
    7.03730583e-02 4.54165190e-01 5.71569204e-01 9.63944912e-01
    5.75876296e-01 3.77624333e-02 9.35475588e-01 4.40582275e-01
    7.47458577e-01 7.41527557e-01 3.18932235e-01 7.25845754e-01
    7.74925351e-01 2.91013718e-01 7.36586213e-01 7.75987506e-01
    4.18781042e-02 6.73728228e-01 9.14433002e-01 7.03045726e-02
    4.01669979e-01 9.97852325e-01 2.20653504e-01 9.51681376e-01
    4.06692386e-01 9.65488791e-01 7.59362638e-01 2.05187708e-01
    6.75433934e-01 1.77790105e-01 7.01038599e-01 2.65873671e-01
    9.03541863e-01 4.64391589e-01 8.45759988e-01 5.46122670e-01
    1.56623304e-01 6.45817339e-01 7.28443742e-01 5.43091297e-01
    5.00904560e-01 8.91924977e-01 7.60284066e-01 9.20924783e-01
    4.69081134e-01 9.23473001e-01 5.22332728e-01 2.12938786e-01
    3.39579582e-03 1.36493236e-01 7.55264819e-01 2.24090695e-01
    6.22565508e-01 9.39810991e-01 1.95503205e-01 7.27645159e-01
    9.14249122e-02 8.39465499e-01 8.09447110e-01 3.60616148e-01
    9.07975256e-01 4.14983928e-01 4.27639008e-01 3.91017675e-01
    8.91375899e-01 9.34766591e-01 6.41876459e-01 6.46708250e-01
    9.40455258e-01 3.05777669e-01 0. 0. 0. 0. 0. 0. 0. 0. 0. 0. 0. 0. 0.
    0. 0. 0. 3.35712433e-01 4.84605730e-02 1.93708539e-02 4.98241127e-01
    8.21704805e-01 9.31118727e-01 9.35067296e-01 2.06856579e-01
    9.31609452e-01 2.02299833e-01 7.63547719e-02 8.53860497e-01
    5.53359210e-01 6.62759125e-01 7.54007638e-01 7.36333787e-01
    2.83482581e-01 7.74727464e-01 2.42027640e-02 8.79812360e-01
    3.41660619e-01 3.68318200e-01 7.50092328e-01 7.46177018e-01
    8.65331709e-01 3.22159618e-01 7.57250488e-01 8.75050664e-01
    6.59517884e-01 1.91441029e-01 4.70206589e-01 1.59272611e-01
    6.62158668e-01 9.69143152e-01 7.61087894e-01 4.29608226e-02
    9.81390476e-03 6.37339652e-02 4.18257147e-01 3.24212223e-01
    3.37528884e-01 8.27012897e-01 7.49006867e-01 9.04860556e-01
    6.43005490e-01 8.42493176e-01 6.20277286e-01 1.10641450e-01
    7.87751913e-01 9.48942065e-01 2.85988033e-01 9.30511951e-01
    4.00670290e-01 3.34628463e-01 2.57798344e-01 2.93278694e-01
    3.75915259e-01 5.72223663e-01 6.80105805e-01 5.42420924e-01
    1.83394939e-01 8.54102671e-01 7.06418216e-01 9.92451370e-01
    1.08219981e-02 7.27263987e-01 2.32976288e-01 2.78799802e-01
    4.50719178e-01 9.19863701e-01 3.36233705e-01 6.78169966e-01
    5.40924251e-01 5.17989457e-01 8.75436425e-01 8.98563981e-01
    5.73015273e-01 8.72748733e-01 5.54445148e-01 3.71994823e-01
    4.62092638e-01 2.67330319e-01 3.73456806e-01 3.47434163e-01
    7.62939990e-01 4.79836404e-01 2.20746398e-02 7.73696661e-01
    7.77935386e-01 1.16329491e-01 2.72893846e-01 8.52438688e-01
    5.27165473e-01 4.06282723e-01 5.85202634e-01 5.17920792e-01
    1.02079898e-01 9.27809596e-01 6.44825339e-01 4.37377393e-02
    3.63901317e-01 4.95882988e-01 3.74508649e-01 9.93337929e-01
    1.11656249e-01 3.23907554e-01 8.30719471e-01 2.96220362e-01
    7.09507942e-01 8.85876417e-01 4.74195600e-01 9.12831068e-01
    9.13968682e-01 6.57403469e-03 4.26603019e-01 4.92854238e-01
    7.25405812e-01 2.50861883e-01 1.03201568e-01 2.24229455e-01
    5.96306562e-01 7.68922269e-02 5.28525412e-01 5.57559431e-01
    6.64880157e-01 7.78130293e-01 2.51749367e-01 3.51662159e-01
    2.53584564e-01 4.79030311e-01 4.32721198e-01 9.13187981e-01
    8.03497076e-01 9.64198649e-01 4.63448912e-01 7.56823599e-01
    9.06888127e-01 9.46866095e-01 4.14732516e-01 3.40817809e-01
    5.40170550e-01 4.09088522e-01 6.53479874e-01 9.89116669e-01
    9.32567537e-01 5.38470089e-01 1.81969911e-01 8.07244658e-01
    1.90203786e-02 8.00702929e-01 4.76493180e-01 7.14445174e-01
    9.20180917e-01 4.70073551e-01 3.32123101e-01 1.39233440e-01
    3.67225081e-01 5.42620480e-01 4.09177423e-01 5.04420757e-01
    9.29807842e-01 3.81142199e-01 5.96142769e-01 1.75335407e-01
    9.31450486e-01 5.07128358e-01 1.36118829e-01 8.21631730e-01
    5.00798702e-01 1.14118218e-01 7.44784236e-01 9.49232697e-01
    4.70613360e-01 7.64388323e-01 3.07111323e-01 2.02960610e-01
    2.06107825e-01 2.93280602e-01 4.63132024e-01 3.20743918e-01
    4.66721594e-01 6.17654800e-01 7.71022916e-01 2.61624753e-01
    9.68204856e-01 2.06569791e-01 8.84993970e-01 9.86323357e-01
    1.23387814e-01 9.72856343e-01 4.35287952e-01 5.38527966e-03
    8.80386829e-01 7.44751692e-01 6.19112730e-01 7.02371597e-01
    5.58593333e-01 2.46118039e-01 3.42074931e-01 5.82720757e-01
    9.16328192e-01 7.38040984e-01 4.35180306e-01 2.08767772e-01
    5.34703493e-01 8.84961247e-01 4.93864149e-01 9.49820399e-01
    4.94466156e-01 6.41176939e-01 3.58809054e-01 5.24993718e-01
    7.71766663e-01 5.77897131e-01 8.89099956e-01 5.61280549e-01
    9.32675242e-01 1.21804774e-01 8.40434313e-01 4.26265299e-02
    9.07776594e-01 1.39428318e-01 9.24124956e-01 2.30566174e-01
    9.26285923e-01 9.07220840e-01 7.19964206e-01 8.59454513e-01
    4.59328294e-01 3.16239774e-01 3.08217764e-01 1.83840424e-01
    9.25016701e-01 5.12506723e-01 9.10740793e-01 4.22019571e-01
    6.21664464e-01 4.81148869e-01 3.54404837e-01 4.81701791e-02
    7.94946909e-01 4.17648137e-01 4.92265940e-01 2.81668663e-01
    3.30200702e-01 1.06309921e-01 9.57377553e-01 3.01009357e-01
    8.37704957e-01 8.36574197e-01 5.90965688e-01 4.85281467e-01
    4.31577682e-01 5.90362489e-01 1.45255864e-01 3.19261789e-01 0. 0. 0.
    0. 0. 0. 0. 0. 0. 0. 0. 0. 0. 0. 0. 0. 7.32197404e-01 3.98777425e-01
    6.48581088e-01 3.36298406e-01 9.19083834e-01 5.04322946e-02
    5.06767333e-01 3.29192013e-01 6.21224880e-01 5.21161258e-01
    7.33433127e-01 8.80155683e-01 6.01419151e-01 6.35251641e-01
    2.62145102e-01 5.80649316e-01 6.50242567e-02 4.26273674e-01
    7.12457478e-01 4.38985229e-02 6.46709502e-01 6.51806235e-01
    3.87254030e-01 8.58250141e-01 3.14150751e-02 7.18822718e-01
    9.71808136e-02 5.45947015e-01 7.69160748e-01 1.85292721e-01
    4.80984598e-01 7.45276153e-01 2.10730702e-01 9.32539523e-01
    6.21301293e-01 1.97351009e-01 1.48459554e-01 2.13212341e-01
    8.72422814e-01 2.06727713e-01 1.84863836e-01 1.72918439e-01
    3.07849944e-02 3.49602282e-01 1.53473467e-01 7.35853612e-01
    1.47608638e-01 8.35394382e-01 6.78321004e-01 1.53793126e-01
    1.13468796e-01 5.36728799e-02 5.13684571e-01 7.79547453e-01
    7.10573018e-01 1.11203134e-01 7.25802183e-01 1.49629682e-01
    3.09340775e-01 8.13664675e-01 2.16526389e-01 5.27778864e-02
    9.42846417e-01 8.97592902e-01 3.83726507e-01 6.12031341e-01
    6.98161542e-01 3.16066056e-01 1.36071295e-01 3.82706583e-01
    2.83352315e-01 4.11618859e-01 9.12827015e-01 7.11317837e-01
    9.67850387e-02 2.59997338e-01 8.01240504e-01 8.60030353e-01
    4.99643147e-01 4.38195199e-01 4.82733905e-01 7.94586658e-01
    4.65382725e-01 7.34452724e-01 2.92044938e-01 4.21346068e-01
    1.49491489e-01 6.39830351e-01 7.67488599e-01 5.77610731e-01
    7.48077035e-01 2.69804657e-01 1.74922943e-02 3.10557187e-01
    2.62587965e-01 2.72846282e-01 4.33116555e-01 4.71332431e-01
    7.48777390e-03 5.20439744e-02 2.23787665e-01 4.81721342e-01
    1.83326274e-01 5.84603012e-01 9.11231756e-01 5.29514194e-01
    9.45982099e-01 2.88415551e-02 1.80928171e-01 6.76789641e-01
    5.98113358e-01 6.52950823e-01 5.80815971e-01 9.29177403e-01
    3.89421999e-01 8.65640521e-01 3.34348798e-01 7.63154387e-01
    8.58612597e-01 2.11657286e-02 8.97398055e-01 3.10249209e-01
    4.97389555e-01 3.61646920e-01 6.22415662e-01 7.88413882e-02
    9.10472810e-01 2.52748013e-01 1.90049917e-01 4.36764777e-01
    8.21420312e-01 8.12741756e-01 9.86271203e-02 9.84173298e-01
    7.53827095e-01 6.87175095e-01 1.79861188e-02 9.71687078e-01
    6.68773592e-01 6.23657346e-01 9.36532021e-02 4.77898240e-01
    2.15018392e-01 2.60969877e-01 6.89778686e-01 5.67592978e-01
    4.25071418e-02 5.10089338e-01 6.99416757e-01 4.29975986e-02
    4.78008598e-01 6.97340012e-01 3.84952039e-01 2.72137940e-01
    5.31835973e-01 7.36730695e-01 7.76656747e-01 9.70217168e-01
    6.75980031e-01 8.06725323e-02 4.24604535e-01 2.86023229e-01
    9.68567371e-01 7.10727394e-01 1.03497475e-01 6.31810486e-01
    4.09449756e-01 2.91008711e-01 3.73385012e-01 7.04918981e-01
    3.09936851e-01 4.03135598e-01 7.32655823e-02 8.76267910e-01
    2.55093336e-01 7.96626151e-01 4.19292659e-01 3.11926186e-01
    7.33264089e-01 9.52761889e-01 8.45324993e-01 6.99839711e-01
    8.29166651e-01 6.22002184e-02 4.48799849e-01 1.86628133e-01
    3.61240923e-01 8.82304728e-01 3.91283631e-01 8.57343674e-02
    9.91599262e-01 2.55329430e-01 1.26645625e-01 2.73520410e-01
    1.07802331e-01 5.00129044e-01 6.36669338e-01 8.45725834e-01
    7.84679353e-02 8.78568411e-01 4.53343898e-01 4.85998005e-01
    2.75568366e-01 6.67189062e-02 1.87528133e-03 4.39264864e-01
    6.39893770e-01 2.30964869e-01 8.19047332e-01 8.47244561e-02
    3.53927255e-01 7.58574188e-01 3.82498443e-01 2.21515089e-01
    4.54465240e-01 9.17935848e-01 8.39130461e-01 9.12259102e-01
    3.12498212e-01 6.88809812e-01 4.62386072e-01 3.50099444e-01
    1.76134467e-01 9.03337717e-01 4.19205725e-01 1.93382531e-01
    6.54763579e-01 6.56739533e-01 2.76688665e-01 4.87111241e-01
    6.22883618e-01 2.37944037e-01 9.65567052e-01 1.85569763e-01
    5.08375287e-01 6.14884675e-01 7.33338416e-01 3.95536721e-02
    6.56367064e-01 1.87367260e-01 3.82917345e-01 6.83894157e-01
    3.31123173e-01 7.07363367e-01 2.84670889e-02 6.44548535e-01
    2.61212826e-01 7.70106137e-01 7.18643188e-01 3.91405493e-01
    7.91320920e-01 4.92396712e-01 4.00674939e-02 9.92848754e-01
    3.02380621e-01 6.34679317e-01 0. 0. 0. 0. 0. 0. 0. 0. 0. 0. 0. 0. 0.
    0. 0. 0. 1.99403375e-01 6.70687258e-01 4.77800786e-01 4.84880984e-01
    7.56923914e-01 1.95258677e-01 7.52258420e-01 9.42515373e-01
    3.20682734e-01 4.33315039e-01 1.33104622e-02 4.77746338e-01
    7.82741666e-01 2.16196984e-01 6.33945823e-01 9.96932030e-01
    7.52985895e-01 6.16724849e-01 3.08276862e-01 7.92517483e-01
    2.92792916e-01 2.47078091e-01 5.60341597e-01 8.52300525e-01
    7.10189939e-01 6.09316826e-01 8.91529799e-01 8.53482664e-01
    1.70312077e-01 9.58292961e-01 6.30576611e-01 1.73610955e-01
    2.03729868e-02 6.01229906e-01 9.57898021e-01 9.01128232e-01
    1.03816569e-01 4.60480183e-01 9.75418389e-01 9.65451717e-01
    5.15895784e-01 9.48020697e-01 3.61097246e-01 7.07635880e-01
    3.81319582e-01 3.90950441e-02 1.50214642e-01 7.61701703e-01
    6.87757850e-01 7.38245249e-01 8.95293355e-02 6.65353298e-01
    6.65755689e-01 1.68662220e-01 9.79271293e-01 5.72001815e-01
    4.11636144e-01 5.73548675e-01 6.41367674e-01 5.91695189e-01
    1.25507861e-01 1.31737828e-01 8.75556290e-01 4.85875458e-01
    4.19649482e-03 6.91322505e-01 1.68759197e-01 7.04594195e-01
    3.64953279e-01 8.13278913e-01 1.07563645e-01 3.32098007e-02
    3.18506002e-01 6.56791449e-01 9.77284908e-02 8.98861885e-02
    5.74961126e-01 6.12264872e-01 9.37293410e-01 1.47110283e-01
    9.89312172e-01 4.05460149e-01 1.72330469e-01 1.09573632e-01
    6.92765951e-01 9.12751436e-01 9.95913684e-01 2.96193361e-02
    1.64649963e-01 9.86851215e-01 7.33920455e-01 8.37455869e-01
    4.86274838e-01 5.28850377e-01 3.78005832e-01 8.12052250e-01
    7.70739436e-01 5.75049400e-01 5.50160110e-01 9.40681994e-02
    2.94970214e-01 4.84338433e-01 6.32958651e-01 1.22679323e-01
    2.30832070e-01 8.35327744e-01 6.29837155e-01 9.36051965e-01
    5.06164074e-01 6.61987007e-01 2.93407798e-01 9.59757328e-01
    8.15233588e-01 9.76062059e-01 9.55900848e-01 2.18582302e-01
    4.31789160e-01 7.13028491e-01 4.99166995e-01 6.05532885e-01
    7.32557476e-01 7.27853775e-01 1.07798278e-01 6.16370261e-01
    6.51068628e-01 2.45709419e-01 9.44285870e-01 6.23483658e-01
    9.87357736e-01 8.42673182e-02 4.80569959e-01 9.72051203e-01
    1.64721310e-01 2.84555972e-01 5.19289553e-01 9.34783101e-01
    2.01412082e-01 8.25771511e-01 8.99795771e-01 9.15415287e-01
    7.60138571e-01 5.07027209e-01 5.75058877e-01 5.74778557e-01
    8.19479942e-01 7.80577064e-02 9.83814955e-01 3.80428940e-01
    1.67975426e-02 4.87095505e-01 8.51069808e-01 9.70689416e-01
    5.20283103e-01 4.42794770e-01 8.33523870e-01 9.57962871e-01
    6.10103667e-01 1.27683520e-01 2.53675222e-01 8.70323539e-01
    5.43834031e-01 9.20168757e-01 5.16663790e-01 1.40680581e-01
    6.31007671e-01 3.96991134e-01 7.73728967e-01 1.92643881e-01
    3.13080907e-01 2.74307817e-01 8.51373911e-01 6.49203062e-01
    8.68793011e-01 8.32875490e-01 6.51693583e-01 7.45810330e-01
    3.52746964e-01 6.30931973e-01 4.76103604e-01 1.12908125e-01
    6.92732096e-01 5.54251969e-01 3.75955731e-01 5.54721773e-01
    5.12757897e-01 5.65978408e-01 8.66651297e-01 7.48625636e-01
    5.98384857e-01 8.65392447e-01 6.35042727e-01 3.01328123e-01
    1.93183422e-02 5.41574657e-01 8.08385134e-01 9.50977325e-01
    5.27825356e-02 5.73899329e-01 4.55811322e-02 9.57106948e-02
    1.14285946e-01 2.04522252e-01 5.42448223e-01 2.79373169e-01
    4.95275259e-01 8.62383544e-01 1.00581586e-01 9.70872998e-01
    2.04505801e-01 5.19317269e-01 5.06270349e-01 5.24211645e-01
    1.77510589e-01 4.41857517e-01 8.54476452e-01 5.08103371e-01
    3.22946697e-01 1.85832143e-01 7.21145153e-01 9.61113095e-01
    4.62554365e-01 9.09143150e-01 4.17985082e-01 1.03819370e-02
    1.92909509e-01 4.78623807e-01 3.75571430e-01 9.87131119e-01
    7.50605702e-01 2.67312944e-01 8.39110911e-01 3.52914929e-02
    2.63551772e-02 8.23385000e-01 6.31201863e-01 2.36518830e-01
    8.83628130e-01 5.68853557e-01 3.13775986e-01 1.73282653e-01
    4.18484181e-01 6.17657363e-01 4.91055280e-01 4.89613146e-01
    2.60525048e-01 5.02818942e-01 7.07690656e-01 7.64885485e-01
    1.10856444e-01 8.27114344e-01 3.78813684e-01 9.55962956e-01
    8.25491786e-01 1.64477289e-01 8.72330189e-01 6.89521611e-01 0. 0. 0.
    0. 0. 0. 0. 0. 0. 0. 0. 0. 0. 0. 0. 0. 2.69835532e-01 7.43517280e-03
    2.25470781e-01 2.77882993e-01 3.61895829e-01 1.42187178e-02
    2.30599731e-01 6.26559138e-01 9.43115234e-01 5.45404315e-01
    9.04666424e-01 9.34292555e-01 6.05218172e-01 1.95964694e-01
    6.06434286e-01 8.19029808e-01 2.86898732e-01 9.93098021e-01
    8.74291658e-01 4.00723845e-01 8.45356822e-01 8.95035744e-01
    2.05148786e-01 8.17459822e-01 2.83780962e-01 7.28586555e-01
    9.96604145e-01 9.54877675e-01 8.82603765e-01 3.20854187e-01
    3.06739271e-01 2.23994732e-01 4.23163682e-01 6.74868524e-02
    1.95201039e-01 5.57513118e-01 7.50578344e-02 9.87820745e-01
    6.71274424e-01 9.16343093e-01 2.77590930e-01 8.30081463e-01
    5.29029846e-01 4.64605033e-01 9.47396457e-02 7.55830586e-01
    6.33640587e-01 8.69638681e-01 4.72315043e-01 3.52743238e-01
    4.11546528e-02 7.14426219e-01 8.81445408e-01 7.62132108e-02
    2.66859233e-02 5.47808230e-01 7.17637599e-01 8.35126638e-01
    8.61102700e-01 5.83786488e-01 9.59826827e-01 8.62103701e-01
    6.19786501e-01 9.51347828e-01 8.57894480e-01 8.18101108e-01
    6.89282417e-01 3.66539866e-01 5.79706490e-01 7.62214601e-01
    2.01890528e-01 4.25754577e-01 3.33065331e-01 2.66512334e-01
    5.72690904e-01 7.03430891e-01 4.32892799e-01 6.83998346e-01
    3.19539905e-01 1.74045563e-05 4.73573059e-01 7.00799108e-01
    8.26691568e-01 1.10821843e-01 6.38226271e-01 5.79484761e-01
    5.76662719e-02 2.13755220e-01 8.48611772e-01 2.97128737e-01
    2.56157756e-01 8.42711687e-01 2.98728943e-01 4.56697077e-01
    8.90541077e-01 9.78060603e-01 6.72342479e-01 8.31783414e-01
    5.98736286e-01 4.62186724e-01 3.91542286e-01 8.55925798e-01
    4.32980776e-01 1.44055754e-01 1.86410457e-01 7.23544002e-01
    3.73302221e-01 2.00390100e-01 2.11273134e-01 5.82402587e-01
    8.01632881e-01 1.24546081e-01 7.40657330e-01 1.21489167e-02
    2.69171923e-01 7.32200623e-01 8.99898052e-01 7.45082736e-01
    9.25527811e-01 3.01624119e-01 1.50866717e-01 1.16102725e-01
    5.32593071e-01 3.00307333e-01 5.90070248e-01 4.08494920e-01
    8.95526648e-01 8.78327847e-01 6.09856308e-01 5.51751733e-01
    2.83286929e-01 2.25442111e-01 2.07620263e-02 3.14863682e-01
    6.06104136e-01 8.45432580e-01 1.95788324e-01 7.52988219e-01
    7.34691083e-01 6.83970690e-01 7.17484117e-01 2.02013165e-01
    3.15456897e-01 9.50496733e-01 9.22624111e-01 7.52659082e-01
    7.12654710e-01 6.23999655e-01 1.00575507e-01 5.14952123e-01
    4.80417281e-01 9.05974865e-01 7.80015409e-01 9.74336147e-01
    5.98781347e-01 6.37027323e-01 8.42834473e-01 1.27971292e-01
    1.59732908e-01 6.12388015e-01 9.68707561e-01 1.19540721e-01
    5.43509245e-01 1.44742876e-01 3.20916057e-01 9.40959811e-01
    9.66557801e-01 8.90154541e-01 2.74886787e-02 8.38523149e-01
    7.79743791e-02 3.42390239e-02 5.67639351e-01 1.11964345e-02
    6.78865552e-01 5.59698641e-01 1.71874166e-01 1.74900442e-01
    4.71375406e-01 7.35181451e-01 3.49869132e-02 9.98642325e-01
    4.67210889e-01 8.64191771e-01 6.29088581e-02 9.25096273e-01
    1.01284564e-01 6.17768288e-01 8.25557232e-01 7.71349490e-01
    9.12483335e-01 1.00046068e-01 8.68214667e-01 1.85041636e-01
    9.63742375e-01 3.89143944e-01 6.35861754e-02 5.77041268e-01
    1.46151721e-01 3.54075730e-01 9.95788336e-01 7.27711320e-02
    4.45312321e-01 3.10158581e-01 4.84794796e-01 5.87860107e-01
    5.47332048e-01 2.94485867e-01 8.87924612e-01 9.18877125e-01
    3.42233807e-01 5.88869810e-01 1.97269380e-01 3.24169159e-01
    2.87875116e-01 8.02051187e-01 8.94651592e-01 7.72703588e-02
    8.63999963e-01 6.16779268e-01 6.61627829e-01 5.44458866e-01
    3.61321002e-01 4.61276621e-01 4.50805426e-01 7.45261967e-01
    6.78113937e-01 7.60931730e-01 5.20258069e-01 1.53787166e-01
    1.73312426e-02 2.91233480e-01 4.68538165e-01 1.80038184e-01
    3.83295089e-01 8.39039683e-02 8.88602555e-01 3.67233634e-01
    6.80813730e-01 2.40673572e-01 5.69682598e-01 3.53885472e-01
    1.14010543e-01 8.49706650e-01 5.79830587e-01 3.49945188e-01
    2.77058244e-01 9.80343342e-01 9.44615841e-01 1.77335441e-02
    8.72152984e-01 9.60744023e-01 1.11938447e-01 1.24438941e-01
    9.70971465e-01 3.14537585e-02 0. 0. 0. 0. 0. 0. 0. 0. 0. 0. 0. 0. 0.
    0. 0. 0. 7.97634363e-01 1.07317448e-01 4.06189561e-01 2.00927258e-02
    1.93870306e-01 3.62616301e-01 4.93049502e-01 2.43188500e-01
    4.66817528e-01 3.05571198e-01 2.95281827e-01 6.23777211e-01
    5.10305643e-01 9.75591779e-01 7.50856876e-01 2.40159154e-01
    2.60320693e-01 3.48628283e-01 7.16212332e-01 6.99380040e-01
    4.50349122e-01 4.04050231e-01 5.27938247e-01 1.42915398e-01
    5.26242316e-01 2.09545314e-01 2.03828961e-01 4.97195572e-01
    7.61197686e-01 4.02443320e-01 8.55731130e-01 8.55244935e-01
    1.26854986e-01 5.49083948e-02 9.77227390e-02 5.82735658e-01
    3.67969811e-01 8.84253681e-01 7.01848865e-02 7.85952747e-01
    7.70106792e-01 6.17368579e-01 3.60411406e-03 2.40475386e-01
    9.60246801e-01 9.17528689e-01 8.76166999e-01 7.55447447e-01
    9.06477153e-01 9.46877480e-01 2.81587720e-01 6.74915254e-01
    6.52690887e-01 4.56358314e-01 8.78774822e-01 3.39693248e-01
    9.34852064e-02 2.66702831e-01 9.88665700e-01 6.03623927e-01
    1.64317161e-01 1.08619928e-02 5.52332819e-01 7.85611570e-01
    7.94745803e-01 7.70828366e-01 1.31615698e-01 5.83385944e-01
    2.24591285e-01 4.22445297e-01 2.32501924e-01 9.35231805e-01
    7.09794223e-01 1.73477024e-01 4.84566867e-01 4.92128044e-01
    9.67381418e-01 5.58176994e-01 1.40323937e-02 7.47020245e-02
    8.66141677e-01 7.36293972e-01 5.40047288e-02 2.93568850e-01
    7.00965106e-01 7.19832957e-01 4.35980618e-01 3.30753386e-01
    3.26415092e-01 4.80612457e-01 3.24580014e-01 7.31635630e-01
    5.71039736e-01 9.41130757e-01 8.22003365e-01 1.26675934e-01
    9.13191557e-01 9.39726472e-01 4.30044889e-01 1.34085417e-02
    9.99395430e-01 8.51117671e-02 1.01822644e-01 9.06974554e-01
    3.04611623e-01 3.44723523e-01 9.99736369e-01 4.19142246e-02
    7.57614136e-01 1.19391441e-01 6.35461867e-01 3.95359695e-02
    4.16455865e-01 3.42219651e-01 9.64376569e-01 7.82517910e-01
    1.47429258e-01 2.89540797e-01 2.27995008e-01 8.61353755e-01
    5.45100152e-01 1.45156801e-01 5.67408800e-02 3.89698178e-01
    9.95074391e-01 6.65101945e-01 5.73429346e-01 3.32093894e-01
    3.34892273e-02 6.43432438e-01 8.34144354e-01 3.83104742e-01
    6.88246727e-01 2.59332061e-01 9.46869850e-02 4.02106464e-01
    5.95389307e-01 7.66377807e-01 4.67187017e-01 4.42221314e-01
    4.52857226e-01 6.40193343e-01 8.23829770e-01 2.18102247e-01
    5.48897624e-01 1.38269067e-02 2.65218198e-01 2.96380818e-01
    8.94729495e-01 6.62849247e-01 2.82720208e-01 2.29627311e-01
    2.16581464e-01 3.95882368e-01 3.35427225e-01 2.85507977e-01
    4.91911203e-01 9.25582409e-01 8.94554615e-01 6.78227186e-01
    7.80433893e-01 2.44511306e-01 4.47501183e-01 5.78033984e-01
    5.01618981e-01 5.99806190e-01 9.25044060e-01 4.74371314e-01
    5.26859343e-01 9.17266846e-01 2.39423513e-01 2.97498643e-01
    6.04665339e-01 4.98638898e-01 1.14127368e-01 6.60539389e-01
    8.17957997e-01 6.09491169e-02 4.21002567e-01 9.77694094e-02
    7.20247924e-01 2.51531035e-01 3.79774988e-01 5.25770545e-01
    2.19294518e-01 9.79535818e-01 6.11736178e-01 3.80401492e-01
    5.41715384e-01 5.66867590e-02 4.03848350e-01 7.48435557e-01
    8.11144114e-02 1.45233214e-01 7.95445800e-01 9.95621443e-01
    4.82086539e-01 1.57492727e-01 6.07337832e-01 1.66842878e-01
    1.20819390e-01 5.40411055e-01 4.02254075e-01 7.37457395e-01
    7.89199710e-01 7.60273278e-01 7.60545611e-01 9.19790030e-01
    5.39713144e-01 2.41690338e-01 1.12657487e-01 5.59080005e-01
    5.78119040e-01 4.89199340e-01 3.79760951e-01 6.28972292e-01
    7.77172625e-01 4.03515130e-01 6.67117357e-01 9.31390762e-01
    3.52556109e-02 5.12560666e-01 2.54221022e-01 5.93839169e-01
    7.68942952e-01 5.12803197e-01 5.28191805e-01 3.47921491e-01
    3.62143159e-01 8.23106945e-01 9.73173738e-01 5.50364673e-01
    6.84339225e-01 8.77260923e-01 6.07277095e-01 9.84406769e-02
    5.80760121e-01 3.84938300e-01 5.51930964e-02 1.23959810e-01
    6.65890872e-01 4.20367301e-01 8.02846491e-01 3.91568154e-01
    7.97570884e-01 2.42430091e-01 1.75962090e-01 1.21046543e-01
    1.71780169e-01 7.60357141e-01 3.01751792e-01 5.12617230e-01
    5.77269077e-01 1.43084228e-01 6.40597343e-01 9.47296023e-02 0. 0. 0.
    0. 0. 0. 0. 0. 0. 0. 0. 0. 0. 0. 0. 0. 5.97397208e-01 1.43795848e-01
    6.94675744e-01 4.59997296e-01 5.17521381e-01 2.67651677e-01
    1.76734716e-01 5.12230873e-01 2.08102077e-01 7.77778625e-01
    6.05724931e-01 8.77449155e-01 3.79349530e-01 2.74243712e-01
    8.29141974e-01 7.46024489e-01 5.10053039e-02 5.08929849e-01
    6.53238773e-01 9.18190479e-01 7.35130310e-02 9.43681240e-01
    9.96658683e-01 5.12694538e-01 1.76492333e-03 5.53607047e-01
    2.29841888e-01 1.89586192e-01 3.19125056e-01 9.78033304e-01
    2.95871735e-01 5.18061817e-01 8.98458660e-01 7.95997024e-01
    8.72913837e-01 1.51238084e-01 6.46714687e-01 4.47605640e-01
    8.66145730e-01 7.26402342e-01 6.24441981e-01 1.66401654e-01
    5.75422108e-01 8.65627825e-02 2.36574233e-01 2.92318761e-01
    7.98484981e-01 6.27926886e-01 7.72825718e-01 3.02445233e-01
    2.21450061e-01 3.62952828e-01 4.38589752e-02 5.66984057e-01
    9.15431798e-01 1.15497231e-01 4.62145269e-01 5.31318486e-01
    3.95028889e-01 5.49183965e-01 8.31067145e-01 6.96589053e-02
    4.41525012e-01 9.70111728e-01 5.22179961e-01 4.00367618e-01
    1.76684618e-01 6.79699838e-01 8.44570041e-01 6.28596246e-01
    3.29101145e-01 8.40298772e-01 6.49536848e-01 9.86947060e-01
    5.04323125e-01 9.14482117e-01 6.90927148e-01 8.40858519e-02
    3.61132264e-01 6.72227383e-01 4.51108813e-02 2.56770819e-01
    2.47688860e-01 3.63265872e-02 2.09271491e-01 6.57497287e-01
    5.53770363e-01 8.80054235e-02 6.95746303e-01 1.50829792e-01
    3.51279080e-01 2.23230511e-01 1.02108955e-01 5.62779605e-01
    5.88500857e-01 7.98964977e-01 2.40657985e-01 1.79155231e-01
    2.35866696e-01 6.11315489e-01 3.94508779e-01 6.29476070e-01
    9.41656351e-01 1.09183371e-01 2.76229113e-01 9.51462507e-01
    4.31503385e-01 7.34610975e-01 5.59528351e-01 8.19878817e-01
    7.63157725e-01 1.69709504e-01 2.54056036e-01 7.25209415e-02
    5.23324013e-01 4.55358684e-01 4.99746799e-02 1.00907952e-01
    4.29918706e-01 2.63208628e-01 1.93375349e-03 9.85185862e-01
    3.64639461e-02 6.80825710e-01 3.83019447e-01 6.67861402e-02
    3.90772820e-02 8.16663921e-01 9.72234011e-02 2.52413571e-01
    5.42869091e-01 9.06074762e-01 6.48141682e-01 3.93574476e-01
    6.39707029e-01 6.52278662e-01 6.82774544e-01 5.84650040e-01
    7.82817364e-01 2.90974319e-01 2.32109666e-01 3.79357576e-01
    1.06735796e-01 8.32991004e-02 5.93446553e-01 3.57407540e-01
    1.46791756e-01 4.98592854e-01 9.73327518e-01 5.68626642e-01
    5.57341099e-01 5.79368949e-01 6.31423891e-02 9.17237878e-01
    3.35275799e-01 7.49991000e-01 7.56077766e-01 4.52908605e-01
    8.03985298e-01 4.66435462e-01 9.73429680e-01 4.51169550e-01
    4.64296311e-01 5.78929901e-01 4.78795826e-01 5.19531131e-01
    9.37278152e-01 4.61673051e-01 5.88356435e-01 1.49099141e-01
    5.79367697e-01 5.91361344e-01 2.59584874e-01 8.55141640e-01
    5.10588765e-01 3.23539138e-01 3.47984076e-01 2.50999033e-02
    9.29414451e-01 2.69985765e-01 8.75474334e-01 7.72103429e-01
    8.52201104e-01 3.30407560e-01 7.59284914e-01 5.89327991e-01
    4.85488355e-01 5.64666986e-01 2.51060694e-01 2.55650640e-01
    3.58018965e-01 5.07370174e-01 2.04916328e-01 6.91985250e-01
    9.66208458e-01 5.90766013e-01 3.75947893e-01 7.26581335e-01
    9.16110277e-01 7.92548835e-01 8.18935871e-01 8.20662737e-01
    1.81446165e-01 2.24640101e-01 9.41608012e-01 9.71548498e-01
    2.49611974e-01 4.56754923e-01 2.23999918e-02 1.79887265e-01
    3.48003596e-01 4.92567778e-01 7.82186031e-01 9.36611652e-01
    6.62528157e-01 9.02011752e-01 3.08734983e-01 6.44791901e-01
    1.73630863e-01 5.42601943e-03 9.53492761e-01 1.83445930e-01
    4.13221061e-01 4.44280505e-02 7.46611297e-01 2.62438834e-01
    1.58455133e-01 6.49420142e-01 1.55173421e-01 5.10918915e-01
    3.67598683e-01 9.52211618e-01 6.03021026e-01 6.04734242e-01
    7.20082998e-01 4.08222616e-01 5.05203605e-01 9.12609816e-01
    4.43793535e-02 1.49599344e-01 2.56235570e-01 6.13486826e-01
    2.12290585e-02 7.09021330e-01 4.71757591e-01 7.71996677e-02
    3.66848409e-02 9.25653875e-02 4.47172165e-01 1.06185913e-01
    6.85744524e-01 9.23321068e-01 5.58429062e-01 2.88034976e-02
    1.33967370e-01 4.46207583e-01 0. 0. 0. 0. 0. 0. 0. 0. 0. 0. 0. 0. 0.
    0. 0. 0. 4.28379655e-01 3.12019348e-01 7.15683937e-01 5.53670645e-01
    7.22296178e-01 2.09654629e-01 8.36567879e-01 1.89382166e-01
    8.70486021e-01 8.42295051e-01 4.69518661e-01 1.47880495e-01
    6.63116634e-01 3.74931693e-01 6.21935189e-01 3.30456197e-01
    1.60356671e-01 1.45458192e-01 9.10139441e-01 9.93781984e-02
    7.53788173e-01 9.93052840e-01 5.81244588e-01 3.01767230e-01
    9.22856808e-01 3.15113962e-01 2.95932889e-01 7.34880328e-01
    5.60844243e-02 7.22673893e-01 8.01810741e-01 4.80521291e-01
    4.06894386e-01 8.24191630e-01 2.64854729e-01 5.42503595e-03
    7.74775386e-01 7.11166322e-01 5.23478568e-01 3.59275043e-01
    6.46860898e-02 3.33311498e-01 3.41855824e-01 4.41135347e-01
    4.56033915e-01 1.75781459e-01 4.16241586e-01 9.71760273e-01
    1.44817859e-01 6.77487791e-01 6.95492685e-01 2.87800282e-01
    6.58156395e-01 8.56948614e-01 5.61789751e-01 8.60284090e-01
    5.03481328e-01 1.08980030e-01 7.51301408e-01 5.27495801e-01
    3.23618948e-01 2.42542982e-01 4.15587127e-02 9.70882595e-01
    9.82722759e-01 7.33129859e-01 4.50435072e-01 1.19745702e-01
    5.83357275e-01 6.32570803e-01 4.16578293e-01 8.92908216e-01
    6.58564985e-01 8.07393670e-01 9.79458570e-01 9.50207949e-01
    4.02524173e-02 9.33363795e-01 1.63106978e-01 4.79533583e-01
    2.10162729e-01 9.57078636e-02 1.78201288e-01 3.61522853e-01
    6.18992627e-01 3.12553674e-01 4.24397588e-02 4.96105224e-01
    1.95996940e-01 2.41597056e-01 9.58811641e-02 6.08929098e-02
    4.70903635e-01 3.44791055e-01 5.77623785e-01 2.30556816e-01
    9.88843203e-01 6.35337293e-01 8.45192254e-01 2.14691222e-01
    7.86027074e-01 4.00416911e-01 5.95525026e-01 9.56927180e-01
    6.60305798e-01 3.29267353e-01 3.48446846e-01 2.87537128e-01
    4.18907404e-01 5.44018388e-01 2.33066857e-01 1.84767663e-01
    8.99158776e-01 9.30909038e-01 8.10098767e-01 5.43332696e-01
    3.16295058e-01 7.22315311e-02 7.92674780e-01 6.13864720e-01
    3.88527304e-01 8.55916858e-01 8.02116156e-01 9.72178817e-01
    6.31716847e-01 4.47455585e-01 7.49029934e-01 5.84269464e-02
    4.97112364e-01 7.19400287e-01 7.52720535e-01 7.37743020e-01
    5.00636995e-01 3.68673801e-01 5.09158909e-01 2.63574362e-01
    6.53388381e-01 7.10481286e-01 5.89707315e-01 4.10150349e-01
    6.90469027e-01 2.61662245e-01 8.13975215e-01 7.07640707e-01
    9.07436013e-01 1.82174712e-01 5.43360353e-01 9.02257681e-01
    4.49208409e-01 3.31953704e-01 4.84916240e-01 4.37224507e-01
    6.42866790e-01 5.46708524e-01 5.77570498e-01 2.83506453e-01
    5.73245704e-01 6.10635698e-01 2.10991025e-01 1.27821177e-01
    8.94018471e-01 2.71323293e-01 3.68468285e-01 3.94119978e-01
    9.64628577e-01 2.82016516e-01 3.26984525e-01 5.63334346e-01
    7.51847029e-01 3.26629102e-01 3.69494915e-01 2.56253779e-01
    4.09474880e-01 5.06301224e-01 3.73572290e-01 8.29933405e-01
    2.67205089e-01 1.17112458e-01 4.45880890e-02 6.11246765e-01
    5.69750488e-01 4.62748021e-01 8.90155733e-02 9.85496283e-01
    8.29269230e-01 7.05608487e-01 3.15470219e-01 4.43437487e-01
    9.83890355e-01 1.65002286e-01 4.45281506e-01 2.08135933e-01
    1.80310905e-02 9.00474548e-01 8.60829353e-01 7.06153750e-01
    7.41136432e-01 3.41672868e-01 2.97023416e-01 5.49423099e-01
    5.20162284e-01 5.30024171e-01 2.25591898e-01 4.61692393e-01
    1.85467958e-01 4.99115884e-02 3.26710165e-01 7.92292237e-01
    9.17000055e-01 1.92049652e-01 9.84586000e-01 3.58065069e-01
    1.60631776e-01 4.46526349e-01 7.66058981e-01 6.13326371e-01
    9.65716004e-01 4.66476709e-01 2.31304824e-01 5.62978446e-01
    9.63542461e-01 4.98555303e-01 9.24962163e-01 8.66138577e-01
    6.88686788e-01 3.98188055e-01 8.64523530e-01 7.07636833e-01
    6.83773160e-01 9.78980839e-01 7.92002439e-01 8.14636052e-01
    5.99209547e-01 7.89044321e-01 9.37700510e-01 9.79269743e-01
    7.86502719e-01 1.82221472e-01 4.88484979e-01 4.80615556e-01
    5.43723106e-02 8.74713302e-01 6.22661233e-01 8.61580849e-01
    2.46845067e-01 3.90564799e-02 7.27215290e-01 8.14348757e-01
    4.75459337e-01 9.58306193e-01 4.10928756e-01 3.42133462e-01
    6.77302122e-01 6.88211799e-01 8.40450764e-01 2.37686723e-01 0. 0. 0.
    0. 0. 0. 0. 0. 0. 0. 0. 0. 0. 0. 0. 0. 8.10997009e-01 4.93929684e-01
    2.12608188e-01 9.37068164e-01 4.25118387e-01 6.87947512e-01
    3.48083436e-01 7.80572891e-02 5.43847680e-03 3.99607450e-01
    1.79434121e-01 2.36467302e-01 3.02203029e-01 3.14956129e-01
    5.81214130e-01 4.20895368e-01 4.38210070e-02 2.62869865e-01
    7.87994266e-01 1.90128088e-01 1.14342332e-01 8.91768456e-01
    2.47085690e-02 8.97174597e-01 2.51307040e-01 6.56868994e-01
    7.42666364e-01 8.49102676e-01 8.40926290e-01 6.96612716e-01
    2.78717875e-01 3.86260450e-01 4.70103383e-01 6.20193481e-01
    9.44714367e-01 5.66490591e-01 8.34537804e-01 7.49542356e-01
    7.59902775e-01 7.61701345e-01 6.43274844e-01 9.32671368e-01
    3.78870547e-01 2.43178338e-01 1.67728812e-01 3.49601448e-01
    9.38260555e-01 8.07801962e-01 4.93445098e-01 7.55172372e-01
    9.89840269e-01 1.04212373e-01 6.75767362e-01 8.98692608e-02
    1.20516360e-01 2.79394746e-01 2.66212165e-01 2.50928760e-01
    1.97472692e-01 1.22091770e-01 7.28626549e-02 6.73032463e-01
    3.79831880e-01 1.52984589e-01 1.41930580e-03 5.27959466e-01
    4.71211314e-01 4.81642604e-01 2.46248573e-01 3.99195731e-01
    7.18922317e-01 7.80434728e-01 9.05196726e-01 1.35207981e-01
    8.87264848e-01 2.33692527e-01 2.04326034e-01 3.30042839e-01
    8.57883692e-01 3.70543003e-02 1.72745526e-01 9.19891059e-01
    4.15197223e-01 6.16032183e-01 4.15330768e-01 1.70482278e-01
    8.71550560e-01 1.10564411e-01 7.29452014e-01 8.30245614e-02
    3.04204106e-01 2.77562886e-01 7.66622424e-01 4.86523002e-01
    7.86729813e-01 5.37566423e-01 7.36927390e-01 4.27699208e-01
    3.88547838e-01 9.75967586e-01 8.42663407e-01 5.33577144e-01
    9.30570841e-01 1.23054326e-01 8.40883851e-01 2.67177820e-01
    8.80077720e-01 6.33297563e-02 7.65027523e-01 5.58257937e-01
    2.75326461e-01 9.00260389e-01 5.55870175e-01 6.85965955e-01
    5.47618985e-01 8.45120430e-01 8.86108398e-01 9.51118946e-01
    3.74314755e-01 3.39226604e-01 4.09852892e-01 8.97456825e-01
    2.78568745e-01 1.01602077e-02 7.25646436e-01 3.34418654e-01
    5.17592072e-01 6.51280522e-01 8.97045612e-01 3.74868542e-01
    7.24633634e-01 2.94317007e-01 7.68412650e-02 8.65209937e-01
    3.93523902e-01 5.75691342e-01 8.31291199e-01 5.98165512e-01
    9.73262131e-01 4.67830896e-01 4.85668153e-01 2.25430638e-01
    9.88166928e-02 7.49920905e-02 7.37565219e-01 6.57102287e-01
    2.51191974e-01 6.64274096e-01 3.51891160e-01 6.20789647e-01
    1.35634840e-02 7.50679672e-02 1.57507896e-01 7.71195650e-01
    6.78767920e-01 3.58358294e-01 5.93980014e-01 1.11207783e-01
    9.87160683e-01 7.89499938e-01 4.30891722e-01 4.13795829e-01
    2.43900627e-01 8.61608863e-01 8.55537415e-01 7.66062379e-01
    2.72845000e-01 8.36978853e-02 9.91490245e-01 5.68907440e-01
    2.80872703e-01 4.63176191e-01 1.45381689e-01 9.49240565e-01
    6.10817373e-02 5.91158211e-01 5.26928723e-01 4.84960049e-01
    4.32245016e-01 7.44969130e-01 7.53625512e-01 1.79689497e-01
    1.71364963e-01 1.21493310e-01 4.55075294e-01 5.13349295e-01
    4.48753923e-01 3.00066262e-01 2.21230477e-01 2.43180454e-01
    8.67407918e-01 8.05588603e-01 3.75396311e-01 5.99209428e-01
    7.76379824e-01 5.30095816e-01 8.52957487e-01 2.33699888e-01
    6.27136290e-01 1.42950982e-01 6.53912902e-01 3.35516214e-01
    9.36726093e-01 2.39246994e-01 9.13130224e-01 9.61886048e-01
    1.39691830e-01 5.48638523e-01 3.85020018e-01 6.74153090e-01
    5.08493125e-01 8.45952749e-01 1.03090405e-01 8.36340666e-01
    9.69644666e-01 5.79004884e-01 5.19792974e-01 8.24302435e-01
    1.24204963e-01 6.58853412e-01 1.03940338e-01 1.03373587e-01
    3.95808637e-01 5.11674047e-01 2.95615733e-01 5.12314975e-01
    1.79182827e-01 2.91810393e-01 9.53029275e-01 2.33683586e-01
    6.71776414e-01 4.54838455e-01 7.60632753e-03 9.77904737e-01
    2.90023685e-02 2.48079360e-01 9.67772961e-01 3.23734045e-01
    5.49743295e-01 7.62898624e-02 3.67945313e-01 2.66113341e-01
    5.04268110e-01 8.26171756e-01 6.48848653e-01 4.95044649e-01
    8.56422484e-02 5.41209698e-01 4.23431456e-01 7.39738345e-01
    6.17256165e-02 2.30159998e-01 7.24727154e-01 7.65310228e-01
    2.56202340e-01 4.83167768e-02 0. 0. 0. 0. 0. 0. 0. 0. 0. 0. 0. 0. 0.
    0. 0. 0. 5.63001394e-01 2.38272250e-02 6.99974179e-01 5.10889947e-01
    8.62715721e-01 5.98247707e-01 4.47644293e-01 7.53024936e-01
    8.68308425e-01 7.01576471e-04 7.46986866e-01 6.77749276e-01
    3.75005871e-01 4.79012817e-01 5.46632886e-01 1.78361475e-01
    6.01868331e-01 6.96426392e-01 5.23642302e-01 3.64409566e-01
    3.79649580e-01 5.85537076e-01 3.19034636e-01 1.39604211e-01
    2.48114228e-01 2.28762090e-01 1.91596955e-01 6.06725693e-01
    7.48482406e-01 1.51470006e-02 3.80595475e-01 4.92062688e-01
    3.65182757e-03 3.86637330e-01 4.74453926e-01 3.98555398e-01
    5.24385691e-01 9.01868939e-01 7.34919310e-01 6.93775296e-01
    1.33888811e-01 4.46204543e-01 4.95618820e-01 1.27671540e-01
    8.30304503e-01 2.20922589e-01 3.91851008e-01 9.11528945e-01
    5.98800480e-01 2.07394600e-01 3.99105459e-01 8.34937692e-01
    7.98559070e-01 5.08892238e-02 5.01283705e-01 3.54737639e-02
    3.89552355e-01 6.02577925e-01 3.34848285e-01 5.27855039e-01
    3.54703754e-01 1.04244560e-01 5.84849536e-01 7.75267482e-01
    1.92809999e-01 6.62158728e-01 7.02176154e-01 1.57225758e-01
    5.55188954e-01 7.84110665e-01 7.60862231e-03 6.18017316e-01
    4.69193399e-01 7.50761986e-01 4.43529963e-01 3.82072896e-01
    8.66474569e-01 9.98941183e-01 2.21732318e-01 8.42215896e-01
    9.61118221e-01 5.42878568e-01 9.00606275e-01 7.59122729e-01
    6.21793926e-01 9.12197173e-01 2.03576922e-01 6.05064034e-02
    3.16716999e-01 5.81278801e-01 6.82986200e-01 4.87822145e-01
    8.37915242e-01 2.09566951e-02 5.55658281e-01 9.60361004e-01
    3.90016288e-01 2.78469265e-01 9.94188428e-01 9.70652699e-01
    7.46074796e-01 9.52839136e-01 9.66431320e-01 9.40181255e-01
    7.73472428e-01 2.44932532e-01 6.29107833e-01 8.49530697e-01
    2.39649683e-01 4.67365652e-01 4.27486718e-01 1.73850268e-01
    5.32745481e-01 5.99328816e-01 9.44280326e-01 9.71418858e-01
    4.39524651e-01 8.55166793e-01 2.36276418e-01 1.53982460e-01
    7.16793060e-01 2.58256912e-01 7.02190161e-01 2.84497350e-01
    2.16166735e-01 5.51834941e-01 7.74706483e-01 7.33136475e-01
    1.87111259e-01 4.49609816e-01 4.98169869e-01 6.83423281e-01
    9.71312165e-01 4.29922998e-01 1.17844582e-01 5.03895044e-01
    2.25737691e-01 3.51314723e-01 8.81786346e-01 8.50698054e-02
    1.29456490e-01 8.19499791e-01 7.35281467e-01 5.78485906e-01
    6.35677576e-01 4.49308276e-01 1.77161723e-01 2.57818818e-01
    4.21402156e-02 1.27542317e-02 1.44709557e-01 5.46471715e-01
    9.93235648e-01 1.45359665e-01 7.60565996e-01 1.22856021e-01
    9.85153139e-01 2.18597919e-01 1.50959998e-01 5.41737974e-02
    5.13692319e-01 8.74491334e-01 6.87021136e-01 9.32758808e-01
    6.24155521e-01 8.60230684e-01 1.93765670e-01 5.37745059e-01
    2.94569016e-01 9.22826529e-01 4.39305156e-01 5.19569099e-01
    8.93888474e-01 5.66882491e-01 1.51297122e-01 1.77375048e-01
    3.57650101e-01 1.57078981e-01 9.81870890e-02 7.22602010e-02
    2.56536990e-01 2.53512323e-01 5.94398260e-01 7.54408836e-01
    2.91964710e-02 3.58927369e-01 4.55682904e-01 5.56073070e-01
    4.37270552e-01 3.50766540e-01 5.88155329e-01 1.06920034e-01
    8.72983158e-01 3.87706190e-01 3.13154131e-01 2.80767024e-01
    9.18895006e-04 6.54077828e-02 9.85402048e-01 8.57064486e-01
    7.37987220e-01 7.34536052e-01 3.75694036e-01 4.37577844e-01
    9.75970328e-02 2.69082844e-01 3.13861668e-01 9.66142654e-01
    5.60039878e-01 4.76746827e-01 6.49196088e-01 7.76656270e-01
    6.05824292e-02 4.77925420e-01 7.25416660e-01 1.78690016e-01
    8.46356630e-01 5.84808171e-01 1.11969560e-01 5.22483766e-01
    7.95092940e-01 8.71155322e-01 8.80015790e-01 2.99280226e-01
    5.29970169e-01 5.58832586e-01 6.01210237e-01 5.29486060e-01
    3.18223774e-01 9.72790122e-01 8.04980159e-01 7.88422823e-02
    9.51661587e-01 9.08238053e-01 9.50971782e-01 1.21858716e-03
    7.32316673e-01 1.80502236e-01 7.91508794e-01 6.76832318e-01
    7.63407350e-02 7.92409301e-01 9.41419005e-01 3.63437235e-01
    9.98638034e-01 8.19597244e-02 9.51771855e-01 1.30526841e-01
    1.76213831e-01 1.35500133e-01 8.66408646e-02 9.28214192e-01
    5.18435538e-01 5.68159461e-01 6.86652899e-01 2.35718250e-01 0. 0. 0.
    0. 0. 0. 0. 0. 0. 0. 0. 0. 0. 0. 0. 0. 9.60087419e-01 4.51171279e-01
    4.80488122e-01 9.71881628e-01 6.95559084e-01 1.62949026e-01
    6.38856709e-01 4.00584936e-03 9.67370808e-01 1.62566513e-01
    5.94738901e-01 4.58057106e-01 5.46486080e-02 6.25658572e-01
    1.58935189e-02 5.70918739e-01 5.80034852e-01 2.88708061e-01
    3.88132811e-01 2.50327289e-01 3.68155837e-02 7.74951994e-01
    9.98105586e-01 4.78055477e-02 6.66827023e-01 6.23794079e-01
    5.79411328e-01 5.69058061e-01 4.27608162e-01 7.97864497e-01
    6.16716385e-01 6.76415920e-01 2.32067585e-01 5.79959452e-01
    7.11556733e-01 1.76705539e-01 3.76000941e-01 9.36409831e-01
    5.10827601e-01 7.04856157e-01 7.68407404e-01 9.24794853e-01
    1.61244392e-01 6.36364520e-02 1.50934368e-01 8.57060850e-01
    5.82624316e-01 5.76900542e-01 5.41342795e-01 1.50177181e-02
    1.86458290e-01 7.85923660e-01 2.05053061e-01 9.98846352e-01
    7.90249825e-01 1.35008097e-01 3.69975716e-01 4.97694135e-01
    8.00069511e-01 6.75728917e-03 7.57982612e-01 9.91847336e-01
    2.58060396e-01 4.64595467e-01 1.20325983e-01 3.67216498e-01
    8.39555502e-01 6.85169399e-01 2.85523266e-01 8.85490656e-01
    9.00159180e-01 7.16327846e-01 3.00644338e-02 2.47676909e-01
    9.87989545e-01 2.98860431e-01 9.07650590e-01 6.19897068e-01
    8.18870783e-01 5.53010702e-02 4.75492001e-01 6.35885298e-01
    9.77523923e-01 3.87298524e-01 7.99899697e-01 1.68324769e-01
    2.33271509e-01 1.24852061e-01 7.84408808e-01 4.77076948e-01
    3.77621740e-01 3.16575885e-01 2.00176746e-01 1.88734651e-01
    7.92496443e-01 1.65326208e-01 8.68204355e-01 1.36133641e-01
    3.33825052e-02 9.93579805e-01 9.56825018e-01 8.34426761e-01
    3.85762513e-01 7.58691072e-01 8.73188615e-01 2.75299549e-02
    3.49743456e-01 9.33786631e-01 1.48542047e-01 5.53389847e-01
    7.94178247e-01 6.99737191e-01 5.95531225e-01 8.74964952e-01
    1.78884238e-01 5.68560481e-01 8.53927135e-01 5.53522944e-01
    7.44820952e-01 2.00814605e-01 4.69019979e-01 1.82474494e-01
    9.92488384e-01 8.44141006e-01 4.89001662e-01 2.41873682e-01
    6.33788586e-01 5.05483985e-01 8.04540157e-01 2.02842742e-01
    9.00242090e-01 8.37589502e-01 1.71570271e-01 5.94031811e-02
    9.08447623e-01 4.54818428e-01 1.93255812e-01 4.64172155e-01
    8.40227127e-01 3.68656427e-01 4.20690954e-01 9.80632305e-01
    1.71973407e-02 5.64724207e-04 6.31291330e-01 7.93513417e-01
    8.30067098e-02 1.46736979e-01 4.69312668e-02 8.18846941e-01
    4.22074407e-01 9.66396511e-01 8.55139971e-01 5.69224238e-01
    1.98661596e-01 9.81713653e-01 7.01777339e-01 4.36108023e-01
    8.09786379e-01 6.50635362e-02 2.11817384e-01 3.61735106e-01
    1.60895675e-01 4.48527783e-01 6.21825457e-04 6.81080043e-01
    4.56697762e-01 6.22242451e-01 8.46300840e-01 7.10254371e-01
    5.97577929e-01 2.97241449e-01 2.00762838e-01 2.31675833e-01
    8.87152195e-01 8.13078880e-02 8.22436810e-01 3.95019323e-01
    8.78242016e-01 3.30424249e-01 7.82820463e-01 1.68178260e-01
    2.40977019e-01 5.99838972e-01 1.53179556e-01 4.02485579e-01
    1.21542215e-01 5.65190911e-01 6.45277202e-01 7.55733609e-01
    5.88107169e-01 5.54606438e-01 6.33158088e-01 6.13131523e-01
    5.93895078e-01 1.57795429e-01 6.62105918e-01 7.43795991e-01
    6.74143612e-01 1.24489039e-01 2.04834282e-01 3.10766160e-01
    4.83363360e-01 1.94048285e-02 4.79431480e-01 1.65767580e-01
    8.37799788e-01 6.73208416e-01 1.73263669e-01 9.36468720e-01
    6.20168269e-01 9.04322028e-01 2.54449546e-01 4.42591131e-01
    6.64324224e-01 8.04889202e-01 2.87267864e-02 4.61774588e-01
    8.05206299e-01 2.11862057e-01 8.43086720e-01 5.19332469e-01
    7.80254900e-01 8.07931423e-01 4.42374349e-01 6.90730333e-01
    6.42915368e-02 7.24504292e-01 8.20413828e-02 8.42841983e-01
    3.03492934e-01 1.41011864e-01 8.25341582e-01 4.11693931e-01
    7.21485138e-01 7.26834714e-01 2.16910332e-01 4.00491595e-01
    7.49578536e-01 3.93620670e-01 1.48064047e-01 6.02482200e-01
    5.66892743e-01 7.61600971e-01 5.53919196e-01 6.98652864e-03
    8.07986259e-01 6.11558378e-01 8.81645799e-01 1.83430076e-01
    5.70141554e-01 9.48131144e-01 4.97579902e-01 9.79216576e-01
    4.05899823e-01 7.71319628e-01 0. 0. 0. 0. 0. 0. 0. 0. 0. 0. 0. 0. 0.
    0. 0. 0. 6.07528031e-01 2.32254088e-01 4.80408549e-01 1.76681221e-01
    8.26866269e-01 2.43218839e-01 2.75695086e-01 6.93691730e-01
    3.33761245e-01 9.21307087e-01 1.04214847e-01 5.21522164e-01
    2.95781672e-01 7.61238813e-01 6.85819268e-01 2.10585624e-01
    1.43829972e-01 3.46634001e-01 2.09726989e-02 3.18257630e-01
    6.04489207e-01 3.01671773e-01 2.84913033e-01 7.97209144e-02
    2.11120814e-01 6.19380355e-01 5.67805171e-01 6.56560659e-01
    4.91250187e-01 8.91414106e-01 7.42072284e-01 6.81704223e-01
    3.29994261e-02 2.88646132e-01 9.89779592e-01 6.55866504e-01
    5.98509371e-01 5.69310308e-01 4.94044930e-01 3.58381152e-01
    2.18605876e-01 9.01927114e-01 9.19817328e-01 5.02727330e-02
    5.19573748e-01 7.99541593e-01 5.39218426e-01 4.60109591e-01
    7.34064639e-01 4.36496079e-01 8.11326981e-01 1.79538429e-01
    7.62045026e-01 9.20798719e-01 7.27723181e-01 8.15469623e-01
    4.47749525e-01 8.99592638e-01 9.27770495e-01 1.09792739e-01
    4.07869548e-01 2.25377589e-01 1.90155208e-02 4.82614249e-01
    7.14139819e-01 2.59228349e-02 8.40418935e-02 1.47517323e-02
    1.64881051e-02 5.27002215e-02 6.34402394e-01 2.81783283e-01
    6.13050580e-01 9.20111120e-01 6.02692962e-02 6.44652963e-01
    1.91475868e-01 8.79402280e-01 5.30130446e-01 8.11345458e-01
    8.48851323e-01 2.76865572e-01 7.46641755e-01 8.28271508e-01
    1.77852005e-01 6.83509409e-01 5.61942458e-02 8.23775351e-01
    9.24904048e-01 4.63840157e-01 7.23168194e-01 6.14817858e-01
    7.12909579e-01 1.09126270e-02 8.78973007e-01 9.80266392e-01
    9.30857182e-01 6.56797707e-01 1.76585615e-01 5.64999521e-01
    7.01008618e-01 8.25517654e-01 8.04429412e-01 7.34367251e-01
    7.96897411e-01 7.34253764e-01 9.91019130e-01 5.24454296e-01
    5.25598168e-01 2.84694731e-01 4.79978025e-02 9.88232076e-01
    5.78884900e-01 4.70410645e-01 2.95563340e-02 6.33783460e-01
    6.74703717e-02 6.95074975e-01 5.09600163e-01 4.52248693e-01
    2.07924485e-01 4.03907478e-01 1.57161981e-01 2.38074660e-02
    6.49337530e-01 8.75070810e-01 1.21548921e-01 5.47248483e-01
    3.38075459e-01 3.64122689e-02 1.77480876e-02 4.68297511e-01
    2.69681573e-01 5.01827896e-01 8.20415974e-01 3.31132293e-01
    1.15651339e-01 7.76687741e-01 5.46487391e-01 9.99394774e-01
    5.49289048e-01 4.91780281e-01 7.40358591e-01 6.15769804e-01
    4.38470066e-01 1.68627501e-03 6.90375865e-02 4.22731698e-01
    9.46655869e-01 4.93111521e-01 5.33357441e-01 3.75944436e-01
    9.76712465e-01 1.20088875e-01 5.89109659e-01 3.77857387e-01
    4.83531475e-01 3.03123295e-02 1.45430923e-01 6.58178627e-01
    1.09832734e-01 3.81558001e-01 5.46816826e-01 1.04188323e-02
    4.04285014e-01 6.88501537e-01 9.08225536e-01 8.77395868e-02
    2.38129407e-01 8.61467004e-01 4.28322494e-01 5.63033223e-01
    2.20368743e-01 6.59873009e-01 1.82652920e-01 8.97835612e-01
    7.37219453e-01 1.60520285e-01 9.73941088e-01 9.67185855e-01
    2.72783220e-01 6.96748972e-01 9.99001682e-01 7.98142791e-01
    9.33562100e-01 7.67945826e-01 9.34643626e-01 2.30617732e-01
    8.72519493e-01 7.23072588e-01 1.23297215e-01 6.91139698e-01
    9.43058848e-01 7.74085879e-01 2.60917068e-01 9.61783826e-02
    7.90738702e-01 7.85836339e-01 1.35932386e-01 9.75906134e-01
    2.26797193e-01 4.45554435e-01 4.74490851e-01 6.95550919e-01
    3.62392664e-01 3.90999526e-01 6.74655557e-01 6.44463062e-01
    8.22311461e-01 4.97750551e-01 1.74184293e-01 1.17878467e-01
    8.69245768e-01 9.45270598e-01 3.37081790e-01 9.33768809e-01
    4.69779432e-01 7.21626401e-01 9.40709591e-01 9.18501019e-02
    3.05153251e-01 9.96188402e-01 9.21583772e-01 5.21843255e-01
    4.53162044e-01 9.03322101e-02 6.88363016e-01 7.77498007e-01
    1.39956743e-01 3.05016100e-01 3.05146754e-01 1.83675021e-01
    7.86639094e-01 7.19570398e-01 3.66277993e-01 4.51827019e-01
    8.70798349e-01 6.42338157e-01 5.36752045e-01 7.23005235e-01
    9.69378054e-02 3.99670094e-01 5.91162562e-01 6.59216702e-01
    2.23833412e-01 9.24954176e-01 5.99028230e-01 7.73230791e-01
    6.08770251e-01 5.04634678e-01 3.80564511e-01 5.47926903e-01
    2.84549773e-01 4.71081436e-01 9.84924436e-01 4.36125159e-01 0. 0. 0.
    0. 0. 0. 0. 0. 0. 0. 0. 0. 0. 0. 0. 0. 4.21532929e-01 5.62395930e-01
    9.41949964e-01 5.34886181e-01 8.99506092e-01 6.69550896e-01
    3.84322256e-01 2.33482450e-01 8.80161107e-01 1.91747040e-01
    2.21842974e-01 9.20450091e-01 1.72408968e-01 5.21676242e-01
    9.68509793e-01 2.98604965e-01 2.26577520e-01 9.05546784e-01
    2.63552368e-02 8.22039604e-01 8.18379402e-01 6.31919861e-01
    6.38824940e-01 8.15767407e-01 5.68331182e-02 4.52951789e-01
    8.78439367e-01 1.17800415e-01 5.54397523e-01 7.16031253e-01
    1.57552063e-01 8.98979306e-01 7.89255738e-01 4.51588988e-01
    5.60715377e-01 7.18124211e-01 6.25025988e-01 7.37590790e-01
    4.41957265e-01 9.77154076e-01 6.58346355e-01 5.53609133e-01
    9.23718989e-01 9.56524491e-01 4.66244608e-01 1.99399561e-01
    6.90918207e-01 3.96652281e-01 1.07411951e-01 8.70240688e-01
    4.68016773e-01 7.85451412e-01 1.89130783e-01 3.65275919e-01
    2.04095066e-01 1.10864460e-01 1.08011067e-02 5.65505624e-02
    5.07343709e-01 7.67331839e-01 8.23448241e-01 2.11358368e-01
    8.38403106e-01 7.65577912e-01 8.74478579e-01 4.29008663e-01
    4.68909740e-03 4.83563781e-01 9.89463985e-01 7.60744512e-02
    1.02084100e-01 2.88604498e-01 1.04035497e-01 1.08234376e-01
    4.01198298e-01 8.85278940e-01 2.45610654e-01 1.62519783e-01
    8.04828465e-01 1.08855367e-01 4.81899768e-01 3.07623446e-01
    6.55727267e-01 3.79728079e-01 3.85728925e-01 2.46605337e-01
    4.42192852e-02 6.80422306e-01 2.96633184e-01 7.46299505e-01
    3.45994085e-01 8.94321918e-01 2.85373509e-01 3.76511753e-01
    8.96551490e-01 9.22835588e-01 8.70324492e-01 8.81864667e-01
    2.13165373e-01 4.56102490e-02 4.27713752e-01 1.66731566e-01
    1.50684178e-01 1.21048808e-01 4.14489806e-02 6.17980778e-01
    2.06692904e-01 6.29460216e-02 3.65041077e-01 3.07520956e-01
    1.18778795e-01 9.48423862e-01 7.15431571e-01 1.47158384e-01
    1.60036087e-02 9.79707360e-01 5.32494664e-01 7.32965410e-01
    9.33640718e-01 3.58929485e-01 1.55000657e-01 9.40574825e-01
    3.42825711e-01 6.93957090e-01 7.03214228e-01 7.78979838e-01
    5.85537791e-01 1.27766550e-01 8.12463880e-01 9.13269222e-01
    2.97254622e-01 7.81811476e-02 6.32686019e-01 6.69566751e-01
    2.94002533e-01 5.68792105e-01 3.06532681e-01 9.33836579e-01
    9.38722670e-01 4.45984691e-01 4.11124945e-01 7.14605749e-01
    5.42513192e-01 8.14836979e-01 8.84873748e-01 2.20190674e-01
    7.04369366e-01 6.28588200e-01 9.17221844e-01 1.26448423e-01
    3.83231044e-01 2.23331094e-01 4.20715630e-01 2.86930382e-01
    9.63284016e-01 6.42677128e-01 6.32077038e-01 5.85103750e-01
    8.97001624e-01 7.63266683e-01 8.32753062e-01 3.27481151e-01
    8.00698698e-02 4.32382971e-01 8.25707197e-01 7.78988242e-01
    6.76519275e-01 1.63067162e-01 3.74772072e-01 4.15658355e-01
    5.32495558e-01 4.14211601e-01 5.59593439e-02 6.00047052e-01
    5.45066178e-01 5.12666643e-01 4.74079818e-01 8.81104350e-01
    8.30206633e-01 7.15959966e-01 5.62014461e-01 1.31718338e-01
    9.96906102e-01 8.63306224e-01 8.92744064e-02 4.16125476e-01
    2.17616737e-01 4.07751232e-01 4.53902781e-02 1.06405020e-02
    5.48264802e-01 5.06865084e-01 6.31187558e-02 9.72384989e-01
    7.31735528e-02 4.60657477e-01 5.39527059e-01 7.76428580e-01
    3.09900641e-01 6.28503561e-01 9.38318133e-01 7.13554740e-01
    9.45860386e-01 9.64700580e-01 5.92740595e-01 4.24813211e-01
    5.56722581e-01 4.25088406e-02 7.10971355e-02 5.35426140e-01
    4.07234579e-01 5.98253489e-01 9.63072479e-01 4.08530623e-01
    4.81091857e-01 3.45861435e-01 6.84477329e-01 1.69681102e-01
    7.38414407e-01 5.58573544e-01 7.12159216e-01 5.83571732e-01
    7.53262758e-01 1.01359040e-01 3.79301697e-01 5.77743769e-01
    9.96315002e-01 8.90895009e-01 9.01425481e-01 4.50464696e-01
    7.38292813e-01 9.30706263e-01 7.61593938e-01 4.70671624e-01
    1.06303692e-02 7.84671307e-02 2.09951758e-01 6.67467415e-02
    8.25689435e-02 8.77022028e-01 4.72947389e-01 6.85513735e-01
    9.78509605e-01 1.68482661e-02 8.39456379e-01 3.67708683e-01
    7.50189722e-02 4.56174582e-01 9.24874306e-01 3.50144207e-02
    9.36807275e-01 1.53522879e-01 1.16219282e-01 7.54959464e-01
    8.76938641e-01 6.35447860e-01 0. 0. 0. 0. 0. 0. 0. 0. 0. 0. 0. 0. 0.
    0. 0. 0. 8.28570008e-01 5.58217168e-01 9.73144293e-01 2.51859665e-01
    6.10625863e-01 9.53669667e-01 1.73326552e-01 4.01393294e-01
    8.97866189e-01 7.32428014e-01 4.25327510e-01 1.81913227e-01
    8.01914334e-01 8.93212914e-01 3.05629909e-01 9.60378647e-01
    8.65259886e-01 4.35764253e-01 9.98859882e-01 2.53255844e-01
    5.31045794e-02 7.03325272e-02 4.19273317e-01 3.21716487e-01
    8.69640410e-01 5.03130555e-01 1.93857253e-02 2.63007402e-01
    6.26230240e-01 6.90338194e-01 9.54220891e-02 1.98329657e-01
    9.11695242e-01 6.53621972e-01 8.27307999e-01 1.61030471e-01
    4.04390931e-01 7.08781540e-01 5.50847590e-01 8.55832338e-01
    9.17580128e-01 9.46531892e-01 1.04723275e-01 3.43799353e-01
    6.60618067e-01 6.96197808e-01 8.60146761e-01 3.15137506e-02
    1.46826506e-01 5.67213953e-01 2.66558886e-01 9.08685744e-01
    1.58983469e-02 3.87237668e-01 1.21954292e-01 9.13096428e-01
    7.26003349e-01 5.34102440e-01 4.72814322e-01 7.56588459e-01
    8.14889669e-01 1.53613985e-01 7.94252753e-03 5.74826777e-01
    4.63495225e-01 7.04618096e-02 6.30145490e-01 5.41704595e-02
    3.85033727e-01 9.92387176e-01 9.68723655e-01 9.50368285e-01
    1.51774108e-01 4.93849903e-01 3.95695686e-01 8.00045967e-01
    4.94223177e-01 5.58252573e-01 8.50074887e-01 4.67163533e-01
    9.36744332e-01 1.03076667e-01 5.18327355e-01 6.42215729e-01
    9.88790393e-02 7.15544939e-01 9.01920974e-01 1.66934371e-01
    4.20874834e-01 8.86598408e-01 4.36597347e-01 2.48406231e-01
    6.53954029e-01 6.22322321e-01 8.88803959e-01 7.85451055e-01
    9.60799336e-01 2.89795429e-01 2.69674182e-01 2.62322009e-01
    4.50792879e-01 6.42798662e-01 1.80657029e-01 8.26314926e-01
    7.81341732e-01 9.34570670e-01 7.16880500e-01 3.74826729e-01
    2.47381389e-01 5.45475245e-01 8.79243255e-01 2.31741577e-01
    1.97786421e-01 3.13662916e-01 6.22306943e-01 1.61261171e-01
    2.57791519e-01 7.58850873e-02 9.92517889e-01 3.33516955e-01
    4.61360037e-01 3.09719205e-01 9.73160565e-02 6.93691075e-01
    3.73224705e-01 7.08276451e-01 6.77531958e-01 7.15832472e-01
    1.51669741e-01 3.15776587e-01 5.07093668e-02 8.85135770e-01
    9.79581356e-01 4.86170202e-01 6.91990137e-01 9.29853022e-02
    6.73602700e-01 2.00699270e-02 5.94207525e-01 4.36409861e-01
    9.71366882e-01 8.85425091e-01 2.31389254e-01 5.79875469e-01
    1.97559476e-01 8.03161621e-01 5.97410083e-01 3.10775936e-01
    3.22522640e-01 2.57534623e-01 6.02620542e-01 4.23404664e-01
    7.43787348e-01 5.99180758e-01 9.49452639e-01 8.44337344e-01
    6.63683534e-01 5.07659197e-01 1.73421502e-02 4.29287106e-01
    4.97382879e-01 6.23524785e-01 3.74471277e-01 5.96255481e-01
    5.54111302e-02 3.08770627e-01 3.77458811e-01 8.42002332e-01
    7.92788982e-01 8.35344613e-01 9.73768950e-01 6.58227861e-01
    3.73555005e-01 1.69815660e-01 4.03895676e-02 1.58561319e-01
    7.54989743e-01 7.61886835e-01 9.13955808e-01 1.64212942e-01
    5.88495851e-01 9.75077152e-02 9.85044658e-01 1.59302503e-01
    9.40952420e-01 3.17466408e-01 2.39191294e-01 7.75036454e-01
    8.64886165e-01 2.87036479e-01 3.43490899e-01 9.99189258e-01
    1.79211378e-01 5.78699112e-01 8.22387636e-02 8.88227820e-01
    8.52889895e-01 8.26569915e-01 6.28032804e-01 3.69458109e-01
    1.68606639e-01 7.41962790e-02 1.20183349e-01 3.19877386e-01
    3.93262506e-01 8.73133719e-01 8.12694073e-01 6.69789553e-01
    8.36897433e-01 4.90691215e-01 5.73343039e-01 3.61767828e-01
    5.22556305e-02 1.75299674e-01 6.92311406e-01 8.06923389e-01
    1.00829512e-01 9.51748013e-01 8.11356902e-01 5.23973942e-01
    9.02954221e-01 1.53355360e-01 1.88966155e-01 3.82880241e-01
    7.62664914e-01 3.61712694e-01 5.65311909e-01 3.97128284e-01
    7.22262740e-01 1.18512690e-01 6.75972342e-01 7.07892478e-02
    8.11139584e-01 8.15812767e-01 5.63799679e-01 1.24425560e-01
    1.54944897e-01 3.82890046e-01 2.79661894e-01 3.46664369e-01
    4.30556178e-01 3.03122997e-02 8.48458409e-01 9.06524897e-01
    3.41706038e-01 2.18616515e-01 1.14861906e-01 8.39645803e-01
    4.71132189e-01 1.48195416e-01 9.45417762e-01 1.27945781e-01
    4.65313196e-01 9.83593583e-01 6.60577774e-01 5.72266579e-01 0. 0. 0.
    0. 0. 0. 0. 0. 0. 0. 0. 0. 0. 0. 0. 0. 9.63853240e-01 7.60114670e-01
    8.39112163e-01 7.42489040e-01 4.30667639e-01 5.26285410e-01
    5.04302800e-01 4.27485555e-01 3.20806444e-01 7.18861341e-01
    5.23666620e-01 1.62721992e-01 1.93439513e-01 7.83951581e-01
    9.23629582e-01 3.18200409e-01 5.67064106e-01 7.63250291e-02
    9.25245702e-01 4.64264810e-01 4.82253015e-01 4.76110548e-01
    9.64788437e-01 2.87297308e-01 1.40060931e-01 1.56612694e-01
    8.43254089e-01 1.65128112e-01 6.08643532e-01 2.34911621e-01
    4.38773960e-01 1.05511457e-01 8.73991013e-01 9.26065803e-01
    1.83247358e-01 7.31606543e-01 8.45693707e-01 9.52380061e-01
    3.77652377e-01 9.25974786e-01 4.61748898e-01 8.66694331e-01
    3.03217411e-01 3.35637242e-01 1.76837713e-01 8.33215475e-01
    8.90785754e-01 7.93181479e-01 1.76984847e-01 5.21381378e-01
    5.87322652e-01 7.69056082e-02 3.79673630e-01 7.90048659e-01
    6.54509604e-01 8.31189573e-01 6.60879254e-01 2.67977715e-01
    4.13423955e-01 6.12314761e-01 1.20860070e-01 6.29003644e-01
    5.26065290e-01 8.08971405e-01 4.59419191e-02 3.48401666e-01
    3.57174367e-01 4.90519404e-01 7.81844378e-01 5.37821114e-01
    4.18438673e-01 2.57875651e-01 2.44979024e-01 7.75138021e-01
    2.74553448e-01 2.54877239e-01 3.38295996e-01 4.37027752e-01
    2.16591090e-01 4.31786716e-01 4.98060524e-01 1.32001549e-01
    2.79807299e-01 5.28696954e-01 8.48701596e-02 1.90627426e-01
    4.69901830e-01 7.90898144e-01 9.42429602e-01 7.51110256e-01
    3.54756773e-01 6.27925456e-01 7.64744818e-01 2.91442513e-01
    4.52418089e-01 4.17141914e-01 7.36992538e-01 9.12198901e-01
    7.68376172e-01 3.78852934e-01 4.59677726e-01 8.89216065e-01
    2.36024976e-01 9.36660290e-01 4.22824621e-01 9.85175729e-01
    8.69911432e-01 6.81807995e-02 5.17722964e-03 3.48775089e-01
    5.61421514e-01 2.98621535e-01 2.71653473e-01 4.29094464e-01
    8.79086494e-01 7.62403190e-01 2.46760279e-01 8.45281124e-01
    3.19713861e-01 8.23128223e-01 7.52296984e-01 9.33481157e-01
    7.19542325e-01 3.08689803e-01 8.45185041e-01 3.05864811e-02
    2.92605430e-01 2.73790956e-01 2.08243430e-01 1.96646303e-01
    7.99587846e-01 2.90705562e-02 2.44395286e-01 8.89353454e-02
    5.56701362e-01 8.29061568e-02 9.05358195e-01 7.35463381e-01
    8.64905000e-01 9.79694963e-01 9.76322770e-01 3.81766140e-01
    8.73530686e-01 4.86559123e-01 8.17878962e-01 5.92992485e-01
    1.15266621e-01 6.51716590e-01 6.22110426e-01 1.05221391e-01
    7.18146384e-01 1.71909750e-01 6.00953162e-01 2.94626832e-01
    4.62430000e-01 1.51221216e-01 5.46570122e-02 6.95992351e-01
    1.71226025e-01 7.29533553e-01 8.66110742e-01 2.57994264e-01
    1.70714647e-01 6.27139211e-03 7.32567787e-01 3.14841688e-01
    8.39941382e-01 9.31091666e-01 8.73875499e-01 7.43750393e-01
    4.91983891e-01 1.43843114e-01 9.66102779e-02 1.26290709e-01
    5.14242172e-01 3.41163874e-01 4.12797034e-01 5.86897910e-01
    3.88542324e-01 7.70640612e-01 2.95541614e-01 6.84299231e-01
    1.25832230e-01 7.19381928e-01 5.82592666e-01 1.77801281e-01
    9.68377292e-02 3.21931481e-01 7.59598196e-01 5.68851650e-01
    5.11069834e-01 2.19331414e-01 2.07747817e-02 6.00564361e-01
    1.74291819e-01 2.31384128e-01 2.04577386e-01 4.77946669e-01
    9.86143172e-01 4.01218921e-01 2.57842183e-01 1.06576025e-01
    2.89966702e-01 3.26530039e-01 3.38910937e-01 1.99028373e-01
    5.17333210e-01 1.11056596e-01 2.55846739e-01 2.35601723e-01
    2.03765631e-02 6.38772547e-01 8.52526665e-01 5.02315283e-01
    2.95017213e-01 7.53344953e-01 5.99898338e-01 5.10847151e-01
    7.88244903e-02 7.55685508e-01 5.83658338e-01 7.21575558e-01
    9.38291311e-01 4.15863276e-01 8.87910306e-01 9.59116518e-02
    4.58037496e-01 1.09561205e-01 2.21718669e-01 7.04194069e-01
    4.89104807e-01 2.54783660e-01 4.88156378e-02 4.34717834e-02
    3.66257727e-01 9.77246642e-01 8.46245646e-01 8.64493430e-01
    3.43212664e-01 2.21698314e-01 6.88425899e-02 9.58492219e-01
    2.72910416e-01 3.82815629e-01 5.31132162e-01 3.31000388e-02
    3.12464088e-01 3.53640497e-01 8.42773378e-01 6.07173145e-01
    3.32784951e-01 7.98856735e-01 4.94149119e-01 3.63506496e-01
    5.21474540e-01 9.53115582e-01 0. 0. 0. 0. 0. 0. 0. 0. 0. 0. 0. 0. 0.
    0. 0. 0. 6.28329456e-01 4.58026856e-01 5.79115570e-01 3.09279591e-01
    8.50331545e-01 2.23772824e-02 3.75467151e-01 6.33693516e-01
    5.85315347e-01 2.00015306e-02 7.13670194e-01 5.91809452e-02
    4.52997983e-01 2.61093050e-01 8.99042130e-01 7.44832218e-01
    5.75471461e-01 4.22794342e-01 7.28467226e-01 4.59887475e-01
    3.69307399e-03 6.67122424e-01 4.39352423e-01 8.94891679e-01
    7.13629663e-01 8.07409465e-01 4.34188724e-01 6.36629462e-01
    8.90462041e-01 6.77612841e-01 9.24058497e-01 8.58619392e-01
    8.90691519e-01 4.48552132e-01 3.99368584e-01 6.10176623e-02
    3.97406757e-01 7.10531116e-01 1.25246227e-01 8.28159750e-02
    5.58494806e-01 8.31057429e-02 7.99679160e-01 5.55943549e-01
    2.36058712e-01 3.64214778e-01 1.59224570e-02 3.78857106e-01
    3.67189467e-01 7.71122634e-01 1.45396233e-01 4.52161580e-01
    1.31505549e-01 5.79260647e-01 1.77941412e-01 2.34693289e-04
    9.19601083e-01 3.20646346e-01 1.58082306e-01 9.96699393e-01
    7.69554377e-01 9.63016033e-01 6.35827899e-01 7.35492468e-01
    7.20346570e-02 2.68637240e-02 1.20423168e-01 6.94256306e-01
    6.75120711e-01 4.57668364e-01 3.96916866e-02 7.50630498e-01
    7.19631016e-01 2.35123128e-01 5.37352085e-01 8.44849348e-01
    2.84241557e-01 5.15531182e-01 9.88018036e-01 5.52387118e-01
    8.19447398e-01 6.81668282e-01 9.52315092e-01 8.43988478e-01
    4.36595857e-01 8.64212871e-01 3.79211903e-01 2.60660946e-02
    2.71468937e-01 6.72669411e-01 3.78956467e-01 9.46376026e-02
    5.60426235e-01 2.13347793e-01 5.30240476e-01 6.07622027e-01
    4.67500150e-01 4.15409207e-01 5.71755767e-01 4.97021675e-02
    7.30265081e-02 4.80866551e-01 1.34310812e-01 7.98378944e-01
    7.16263056e-01 3.94431025e-01 6.40386641e-01 1.17478609e-01
    9.88866091e-01 8.45581472e-01 8.41646492e-02 9.65999663e-01
    3.96221817e-01 7.78756917e-01 4.27633077e-01 1.36695445e-01
    9.23572540e-01 3.27490270e-02 6.01785183e-02 6.49512947e-01
    4.58338380e-01 2.81718493e-01 8.39474678e-01 2.15323389e-01
    6.06208622e-01 7.70129561e-01 3.00709814e-01 8.94078612e-01
    6.39787674e-01 8.85832906e-02 7.64215469e-01 6.08367503e-01
    3.10008287e-01 3.24414372e-02 5.48352838e-01 7.84963250e-01
    4.72541720e-01 2.14478493e-01 6.91586554e-01 1.73160642e-01
    8.46639514e-01 6.17760301e-01 8.86086226e-01 3.84008944e-01
    6.03792310e-01 2.10273266e-03 9.41088438e-01 7.77608752e-02
    1.20525509e-01 5.17945528e-01 4.68101025e-01 3.42596054e-01
    7.91233063e-01 4.13443983e-01 1.03681386e-01 8.50547552e-02
    5.82115591e-01 7.75060058e-03 8.83390069e-01 4.46400166e-01
    1.96368396e-01 9.05488491e-01 1.40228480e-01 8.64491582e-01
    7.72845626e-01 2.62855411e-01 6.33770108e-01 3.14048946e-01
    6.30371809e-01 3.28645617e-01 8.85795951e-01 6.56465769e-01
    4.92041826e-01 3.36216837e-01 2.52999574e-01 1.34468436e-01
    7.30803311e-01 1.59736276e-02 6.67269170e-01 7.81474829e-01
    5.92717946e-01 3.69228452e-01 4.45537329e-01 7.30344713e-01
    9.40181375e-01 7.67199993e-01 8.42485487e-01 2.88201898e-01
    2.84090996e-01 2.22100258e-01 8.28452468e-01 3.58145237e-02
    2.35457957e-01 3.80710363e-02 9.48858857e-02 5.05215704e-01
    9.29796338e-01 6.23769522e-01 8.54125261e-01 2.16665894e-01
    2.48710811e-01 1.54966056e-01 4.34125185e-01 4.51394051e-01
    2.34171748e-03 7.78064430e-01 4.60028768e-01 3.01520675e-01
    1.93692863e-01 6.65615857e-01 2.53325582e-01 4.27762479e-01
    1.17659450e-01 4.70390022e-01 2.12472051e-01 7.78842747e-01
    1.63324714e-01 7.99014807e-01 6.12793863e-01 5.90742528e-01
    6.56572282e-01 4.03452873e-01 7.74032354e-01 8.10347795e-01
    3.95083725e-02 7.33634710e-01 1.15244269e-01 5.80364764e-02
    4.27374184e-01 5.64782917e-02 5.06580114e-01 3.62254739e-01
    7.63331413e-01 3.03373575e-01 4.15993273e-01 2.81091928e-02
    9.49089885e-01 3.93678933e-01 6.17650390e-01 3.15523416e-01
    4.37759340e-01 5.56004643e-02 6.59255385e-02 7.22814798e-02
    6.78787470e-01 4.98690486e-01 6.41520500e-01 9.82557416e-01
    8.30110788e-01 4.85194027e-01 4.89564508e-01 7.54279137e-01
    1.99696600e-01 7.88447976e-01 4.10674334e-01 1.55825377e-01 0. 0. 0.
    0. 0. 0. 0. 0. 0. 0. 0. 0. 0. 0. 0. 0. 6.73371255e-01 3.91332358e-01
    9.36126471e-01 9.92401302e-01 3.06635916e-01 8.31689954e-01
    6.66406631e-01 8.18809152e-01 4.70543563e-01 6.31265640e-01
    5.00568986e-01 9.60133970e-01 7.22083151e-01 9.64484453e-01
    2.88255304e-01 1.35314018e-01 1.91675723e-02 4.89788622e-01
    5.70918858e-01 9.57412481e-01 3.33919168e-01 4.77608919e-01
    5.11601388e-01 8.80935013e-01 6.65816724e-01 1.65459692e-01
    8.03776264e-01 1.74860477e-01 6.12773538e-01 5.23248732e-01
    4.38546747e-01 7.88866758e-01 3.14783692e-01 8.25492859e-01
    8.52197170e-01 8.56552243e-01 8.54132473e-02 8.35752189e-01
    5.92269897e-01 5.35324812e-02 3.80427092e-01 7.42428422e-01
    1.09053195e-01 8.58210683e-01 3.96248579e-01 6.03928268e-01
    2.57144898e-01 9.40048099e-01 7.84088969e-01 1.66431934e-01
    1.49495989e-01 6.33236587e-01 4.41520512e-02 6.35812223e-01
    2.37819999e-01 7.71399498e-01 3.86606783e-01 9.58681226e-01
    2.82157660e-01 6.49109364e-01 7.13071227e-01 1.74012780e-03
    2.28106737e-01 2.32585013e-01 1.80646330e-01 7.42807090e-02
    1.65785283e-01 1.45436525e-02 6.17306471e-01 3.00168753e-01
    6.87844038e-01 3.26802105e-01 1.04593933e-02 6.54493988e-01
    1.08519793e-01 8.95531416e-01 7.23602176e-01 3.29051793e-01
    3.72428954e-01 7.03243077e-01 5.47583103e-01 7.75654912e-02
    7.86361814e-01 8.18937182e-01 4.10047174e-01 5.81773758e-01
    2.14232862e-01 8.73690546e-01 5.52032411e-01 6.35387480e-01
    7.83859611e-01 3.58964801e-01 4.74728346e-02 7.63624907e-03
    3.65092993e-01 5.22799671e-01 5.89801967e-01 2.42473960e-01
    9.06240821e-01 3.65975827e-01 2.80340880e-01 8.30050349e-01
    9.19846296e-01 3.75148267e-01 2.11091995e-01 4.62741017e-01
    6.77917540e-01 2.06647158e-01 2.67288625e-01 8.94454598e-01
    5.91021359e-01 6.22082889e-01 2.28242904e-01 6.38433397e-01
    9.11966980e-01 2.41878331e-01 6.31013453e-01 6.02318764e-01
    2.86100149e-01 2.18863368e-01 2.72641480e-01 2.87609398e-01
    5.36136270e-01 1.91752106e-01 6.61445320e-01 6.34789109e-01
    1.19131327e-01 6.96406662e-01 7.30879664e-01 9.83115315e-01
    8.35697055e-01 5.48656642e-01 1.83115304e-01 4.04219031e-02
    2.54222214e-01 2.67790675e-01 3.07932496e-03 4.38932180e-01
    3.61397564e-01 1.06700182e-01 9.09650922e-02 6.33235455e-01
    6.47628427e-01 7.30088711e-01 1.56011999e-01 4.47577119e-01
    1.51585490e-01 7.92144299e-01 7.93301582e-01 3.36444557e-01
    3.38880599e-01 9.04501915e-01 1.06060982e-01 3.30912739e-01
    7.04482555e-01 6.37631416e-01 5.13850868e-01 6.13244832e-01
    7.23003089e-01 8.61655593e-01 5.20876050e-02 4.18719679e-01
    7.27455974e-01 1.33167088e-01 9.59120452e-01 7.90138125e-01
    2.64471889e-01 4.83906060e-01 2.34697014e-01 1.49911791e-01
    1.72039449e-01 9.00901735e-01 1.71007246e-01 3.36104631e-03
    7.09849954e-01 2.99283713e-01 9.72982645e-01 2.79444873e-01
    4.48435456e-01 3.91788214e-01 8.84640455e-01 8.31522405e-01
    5.71405590e-01 6.23291969e-01 6.60641074e-01 5.75509965e-02
    8.80694747e-01 2.18074709e-01 6.63452446e-01 4.77658868e-01
    9.31108654e-01 8.79757702e-02 6.12194836e-02 4.25961435e-01
    4.18173105e-01 2.48304546e-01 1.01552099e-01 9.13738847e-01
    1.85239553e-01 2.71026522e-01 5.23583710e-01 3.13947916e-01
    7.38917112e-01 6.04412019e-01 5.13399720e-01 7.32923329e-01
    4.97022927e-01 9.65353966e-01 7.32905865e-01 2.35621691e-01
    2.17337430e-01 8.65661621e-01 1.19790077e-01 4.19423133e-01
    7.84656525e-01 3.55392903e-01 4.35101151e-01 5.05508244e-01
    9.93414521e-01 2.90607005e-01 5.45822680e-02 5.76791883e-01
    3.12995195e-01 5.26976705e-01 2.24108398e-02 7.05762684e-01
    6.93416893e-01 6.77573562e-01 4.72462833e-01 4.05168116e-01
    4.10805523e-01 5.78982592e-01 3.43336910e-01 4.84384000e-02
    3.40340495e-01 7.56072640e-01 9.00722742e-02 5.43763340e-02
    1.80384785e-01 2.89745986e-01 7.30229139e-01 7.14029074e-01
    9.42799211e-01 6.76613092e-01 5.07985353e-02 4.38759357e-01
    1.11675322e-01 8.99248958e-01 3.66548419e-01 5.25938988e-01
    1.52753711e-01 2.88863480e-01 6.34690821e-01 5.52098453e-01
    1.42268538e-01 6.28087282e-01 0. 0. 0. 0. 0. 0. 0. 0. 0. 0. 0. 0. 0.
    0. 0. 0. 3.52600366e-01 4.09892827e-01 8.05085063e-01 7.54692256e-02
    2.26319134e-01 8.36447418e-01 7.93901920e-01 4.68604863e-01
    2.80528307e-01 6.98135495e-02 3.49693358e-01 3.78958791e-01
    4.43595648e-02 2.43559808e-01 1.22790545e-01 7.31342554e-01
    4.48168278e-01 4.58219111e-01 3.89342785e-01 2.49760121e-01
    7.09335387e-01 5.68200648e-01 8.16725075e-01 3.21243644e-01
    3.06351900e-01 2.81959653e-01 4.12271172e-01 6.39660597e-01
    5.74160993e-01 6.28767669e-01 5.44828355e-01 4.74903554e-01
    2.38887042e-01 4.81730223e-01 7.55994141e-01 4.05320674e-01
    6.66002631e-02 5.40554881e-01 3.34599853e-01 1.48051083e-01
    8.14303160e-01 6.81070626e-01 4.28317487e-01 6.21568918e-01
    1.23589069e-01 7.77779341e-01 1.29633784e-01 5.97859859e-01
    7.51608372e-01 1.32856935e-01 9.04546380e-01 2.23901242e-01
    4.21830744e-01 1.50083005e-01 2.96611458e-01 4.35587794e-01
    1.68663621e-01 2.11396724e-01 3.23259920e-01 2.73519516e-01
    1.01866931e-01 7.25052476e-01 1.30040944e-01 7.84839630e-01
    1.37182206e-01 7.89492071e-01 2.25625366e-01 6.23695850e-01
    6.47015691e-01 4.92531985e-01 4.14976001e-01 6.30332232e-02
    7.82131672e-01 3.10679138e-01 5.41931450e-01 5.27463198e-01
    8.30751121e-01 8.23106170e-01 7.22866058e-01 8.80574465e-01
    5.05258799e-01 5.60004294e-01 9.97675538e-01 1.85168147e-01
    2.37815022e-01 4.77690756e-01 7.43419647e-01 8.43675971e-01
    7.06074476e-01 9.87941921e-01 7.23976135e-01 7.25826919e-02
    1.04082227e-01 1.11228317e-01 2.97869563e-01 6.57163978e-01
    3.76746058e-03 5.98213136e-01 6.37247264e-02 9.52607393e-02
    8.10576558e-01 4.75836843e-01 4.02295977e-01 5.91051638e-01
    3.49438787e-01 6.01060688e-02 1.76476330e-01 6.71564698e-01
    6.29303873e-01 5.76079190e-01 4.44169641e-02 1.52174056e-01
    7.42496133e-01 5.33686519e-01 7.52088428e-03 2.11298466e-02
    2.56820321e-01 6.78661704e-01 5.14691174e-02 6.96458638e-01
    3.10388207e-02 3.15322936e-01 7.44776964e-01 6.29703581e-01
    9.33895707e-01 6.60246968e-01 6.16668165e-01 2.31883824e-01
    7.91849017e-01 6.60792828e-01 1.96617126e-01 2.16162890e-01
    7.08743095e-01 1.43634170e-01 1.14281267e-01 5.10508835e-01
    1.71842515e-01 2.22332805e-01 9.01792645e-01 6.86014295e-01
    4.50434625e-01 9.46478009e-01 1.20998383e-01 1.28698707e-01
    7.86813498e-02 2.48311490e-01 1.93692744e-01 7.26467431e-01
    8.30950141e-02 5.75367928e-01 9.65818763e-01 9.38571572e-01
    4.94913369e-01 3.20817113e-01 8.61938238e-01 1.32598579e-01
    6.47345960e-01 6.02415502e-01 2.26031542e-01 4.42830682e-01
    7.30175197e-01 2.34225482e-01 1.92827404e-01 1.64938152e-01
    7.28659630e-02 6.39689386e-01 8.05278480e-01 2.90561736e-01
    2.74834335e-02 4.37567860e-01 8.89751792e-01 9.00000095e-01
    8.29183280e-01 4.86159563e-01 1.07065588e-01 6.33456111e-02
    6.67033672e-01 8.75305176e-01 1.47398710e-01 8.76317143e-01
    3.17159891e-02 8.61530542e-01 2.04668730e-01 1.19661987e-01
    7.36608088e-01 2.46019661e-02 8.44665289e-01 4.88382697e-01
    1.10410005e-01 4.21747386e-01 8.84946764e-01 6.98175251e-01
    2.55978286e-01 3.27663213e-01 8.61749053e-01 6.69708669e-01
    1.84684485e-01 2.14474499e-01 5.81319213e-01 3.05253863e-01
    4.88583475e-01 2.79932797e-01 8.11056972e-01 3.83230031e-01
    4.66611654e-01 2.73716509e-01 9.00982320e-02 2.42459774e-02
    6.67614818e-01 1.97789192e-01 9.78858471e-02 7.14235127e-01
    5.70428371e-02 3.70203078e-01 4.87942040e-01 1.97649360e-01
    3.13612908e-01 2.45668739e-01 5.97712696e-01 4.67570245e-01
    9.51965868e-01 9.47156489e-01 1.15200877e-03 7.30578423e-01
    5.80973029e-01 8.38552058e-01 4.93798047e-01 7.97437310e-01
    2.75802612e-01 9.48539674e-02 9.91874754e-01 9.96486545e-01
    4.15720701e-01 5.54136515e-01 2.24636227e-01 6.02365732e-01
    8.84279132e-01 2.38118440e-01 2.54932404e-01 3.71179998e-01
    9.22563076e-01 3.64087820e-02 7.34916091e-01 7.26785660e-01
    9.07960653e-01 5.57083070e-01 8.41492474e-01 2.27973938e-01
    2.30960935e-01 7.43895292e-01 7.94875741e-01 1.41801119e-01
    9.02437747e-01 1.04695052e-01 6.14246428e-02 2.74508864e-01 0. 0. 0.
    0. 0. 0. 0. 0. 0. 0. 0. 0. 0. 0. 0. 0. 9.59918320e-01 5.77920616e-01
    3.56701016e-01 4.78044629e-01 1.31651878e-01 8.06994677e-01
    7.26977587e-01 8.99114847e-01 3.08956921e-01 3.58147591e-01
    1.94742739e-01 5.19594491e-01 7.44107008e-01 1.46320641e-01
    2.89121985e-01 5.19470155e-01 3.61283749e-01 7.44506359e-01
    2.17954606e-01 3.66454750e-01 6.03325665e-01 6.68832421e-01
    9.26433444e-01 3.94765258e-01 9.56597328e-01 6.75320387e-01
    3.09164941e-01 3.12077105e-01 7.41938949e-01 5.31097591e-01
    2.55660266e-01 4.95310783e-01 7.76009917e-01 4.86088634e-01
    4.06928390e-01 6.34649515e-01 1.96141988e-01 4.38774168e-01
    7.82451510e-01 1.07303530e-01 3.06165814e-02 9.22408342e-01
    5.58269441e-01 9.52364504e-02 8.15748334e-01 8.48051608e-02
    4.57106143e-01 4.81170803e-01 5.87338209e-01 1.45997912e-01
    8.13121915e-01 7.03758001e-01 6.38483763e-02 4.89382535e-01
    4.70300376e-01 5.39798379e-01 7.34174907e-01 3.40696722e-01
    3.54590237e-01 2.08349735e-01 7.26374149e-01 1.41294181e-01
    5.33149958e-01 1.19890422e-01 3.93515468e-01 6.34474874e-01
    8.49327028e-01 2.37246931e-01 3.79833460e-01 8.08738410e-01
    2.84863830e-01 5.98159492e-01 1.01502001e-01 8.05910945e-01
    5.62549174e-01 6.64793611e-01 5.95004439e-01 4.80109334e-01
    7.33213127e-01 1.39057249e-01 6.24577284e-01 9.58937168e-01
    2.13171124e-01 4.69137728e-01 5.19096434e-01 8.69677901e-01
    4.23771441e-02 8.00907910e-02 1.25153601e-01 6.03169203e-01
    5.31700134e-01 5.84322751e-01 2.50096053e-01 4.60565686e-01
    6.11423492e-01 6.07048333e-01 9.27137613e-01 7.83520401e-01
    9.67226923e-02 7.28895128e-01 6.68123841e-01 5.47306180e-01
    3.96956176e-01 1.86754167e-02 7.53158808e-01 2.70256042e-01
    6.80586994e-01 9.53177810e-01 4.05342877e-01 5.20945370e-01
    3.04557085e-01 3.20991933e-01 4.49138105e-01 2.03928351e-02
    6.23027086e-01 3.80843371e-01 8.25683177e-02 4.31676477e-01
    3.60810220e-01 5.90664804e-01 9.90253210e-01 9.00321543e-01
    1.99649334e-02 7.47425556e-01 6.46356821e-01 4.35137004e-01
    2.05237150e-01 4.77468848e-01 6.22395277e-02 4.03895408e-01
    1.18145466e-01 6.01840019e-01 1.17859036e-01 8.97174835e-01
    2.14932293e-01 2.45106161e-01 4.50928807e-01 1.37147665e-01
    2.50492454e-01 8.75173748e-01 9.59557056e-01 2.11377114e-01
    8.70431304e-01 9.29665446e-01 1.18292034e-01 4.87107575e-01
    9.08467531e-01 7.46651411e-01 1.62414104e-01 8.92747164e-01
    9.59519863e-01 6.38081551e-01 3.09140205e-01 9.14249122e-01
    4.64431703e-01 1.89453810e-01 6.77214384e-01 3.99424076e-01
    8.33261669e-01 2.13127762e-01 9.42110002e-01 3.20360422e-01
    8.12563181e-01 6.68466568e-01 2.65479743e-01 6.33767247e-01
    9.17415798e-01 2.61989653e-01 7.04169393e-01 1.38160139e-01
    2.87743628e-01 6.19102716e-01 2.68560261e-01 2.17582494e-01
    8.04289937e-01 8.09963048e-02 5.99102855e-01 2.29460984e-01
    8.83885145e-01 6.02691889e-01 9.91308570e-01 5.84227502e-01
    7.22893715e-01 6.31153762e-01 5.65461040e-01 7.40740538e-01
    9.42159176e-01 2.59510100e-01 8.78382087e-01 2.53053725e-01
    7.89020419e-01 9.77989435e-01 6.96646869e-01 1.73986852e-02
    8.59538436e-01 8.90355468e-01 9.95063066e-01 8.28434467e-01
    1.56744897e-01 2.14071959e-01 3.54086697e-01 9.86362457e-01
    3.44250619e-01 7.09466338e-01 1.01514429e-01 1.76756859e-01
    5.77964127e-01 5.62196374e-01 1.42500043e-01 9.39734876e-02
    5.16597390e-01 5.08908153e-01 2.52408028e-01 9.78061914e-01
    6.87214732e-01 1.65278167e-01 5.01339555e-01 3.32613081e-01
    8.17488670e-01 1.29729062e-01 7.61035085e-03 1.02762818e-01
    9.72508490e-01 2.41958857e-01 1.42129660e-01 6.20415807e-01
    7.12010860e-01 1.96662545e-02 5.43119013e-01 3.73191357e-01
    5.75683713e-02 7.16896176e-01 5.50968885e-01 6.20011806e-01
    9.03242052e-01 5.97755849e-01 5.84541082e-01 2.93813765e-01
    7.46040344e-01 5.13269186e-01 9.17546928e-01 6.96372867e-01
    1.15104675e-01 3.42383981e-01 2.26858795e-01 4.88687277e-01
    4.40246612e-01 5.02874196e-01 3.80822748e-01 4.77100253e-01
    1.32242054e-01 7.08913743e-01 5.62932134e-01 3.44464242e-01
    4.42512244e-01 1.54896975e-02 0. 0. 0. 0. 0. 0. 0. 0. 0. 0. 0. 0. 0.
    0. 0. 0. 8.39390039e-01 6.60264909e-01 6.32163584e-01 4.61019635e-01
    9.21704412e-01 3.05410743e-01 6.96628511e-01 2.87225991e-01
    7.62571692e-02 1.82258308e-01 1.31350756e-03 6.94138169e-01
    9.31713223e-01 6.33940101e-01 1.48911774e-02 6.51502311e-02
    6.73265457e-01 7.15743303e-01 5.77753484e-01 3.51738274e-01
    4.91384327e-01 6.19487286e-01 4.93125737e-01 3.29110742e-01
    3.32403600e-01 8.35830331e-01 3.53714228e-01 3.05190921e-01
    7.97026753e-01 8.62445235e-01 2.83965170e-02 5.07519484e-01
    5.93297064e-01 5.59539676e-01 8.51590335e-01 7.65446424e-01
    9.18316066e-01 2.75655806e-01 5.70348740e-01 6.51192963e-01
    1.90233499e-01 9.01349187e-01 6.58974707e-01 6.73091054e-01
    7.95447171e-01 1.37168080e-01 3.29380989e-01 4.14826691e-01
    8.07800055e-01 3.07437003e-01 3.10674608e-01 5.06564617e-01
    6.27141833e-01 8.32497716e-01 6.71122193e-01 5.04439175e-01
    5.69952250e-01 9.26612258e-01 7.20101595e-01 6.72465563e-03
    3.88594717e-01 1.56297594e-01 5.14952064e-01 4.99494344e-01
    8.97871077e-01 6.44637346e-01 6.74298406e-01 5.70566535e-01
    7.22405195e-01 6.10997260e-01 6.31521881e-01 9.70055580e-01
    5.17768025e-01 1.06680244e-01 3.58841240e-01 2.59122968e-01
    6.00326777e-01 7.52851486e-01 2.43653417e-01 9.44636166e-01
    7.97879517e-01 9.98395681e-01 2.20635533e-01 6.63372278e-01
    5.14031768e-01 2.70692468e-01 2.00284094e-01 2.30195254e-01
    2.26578772e-01 6.76855206e-01 3.05997491e-01 8.21247578e-01
    6.96105123e-01 8.38107765e-01 1.69337541e-01 8.74732018e-01
    4.27549243e-01 2.14973778e-01 6.28608167e-02 9.06296790e-01
    4.16980833e-01 9.02906418e-01 7.16020942e-01 7.82314837e-01
    6.50921166e-01 6.50245667e-01 1.74154967e-01 6.85706794e-01
    1.67111188e-01 6.70106947e-01 9.15949881e-01 2.77399778e-01
    3.95176649e-01 2.36129105e-01 6.29113555e-01 6.86516762e-02
    9.41084623e-01 6.93927765e-01 4.64384168e-01 6.64261341e-01
    5.11934638e-01 1.17137313e-01 8.37341070e-01 5.40752470e-01
    7.11434364e-01 8.94535184e-01 9.02091265e-01 2.91647255e-01
    9.27635133e-01 5.40486693e-01 4.28293347e-01 6.59472823e-01
    4.20115709e-01 2.01818764e-01 1.90951347e-01 3.43911499e-01
    6.45265043e-01 4.51697737e-01 8.12952340e-01 2.59240180e-01
    5.03613651e-01 8.13482523e-01 7.52418876e-01 3.33509773e-01
    9.39227223e-01 8.68155360e-01 3.86267185e-01 6.86605811e-01
    2.40767032e-01 8.51504683e-01 1.01564825e-01 4.51845407e-01
    6.66454971e-01 3.77222598e-01 4.74128723e-01 9.69534397e-01
    4.00168866e-01 9.73067880e-01 5.76179028e-01 3.58351529e-01
    3.61051381e-01 5.73761165e-02 6.01731360e-01 3.41298074e-01
    8.59086990e-01 3.32964242e-01 5.04433811e-01 2.29465008e-01
    9.89942849e-01 5.44214070e-01 3.10520172e-01 6.14327490e-01
    3.58217269e-01 7.27756083e-01 3.41542363e-01 4.87421215e-01
    7.19461203e-01 7.35700548e-01 2.79325247e-02 8.43856096e-01
    8.26230645e-01 6.73093021e-01 1.90503240e-01 4.56856936e-01
    2.26173341e-01 7.16620207e-01 4.26609367e-01 3.70966017e-01
    8.85052562e-01 6.61218405e-01 5.55192769e-01 2.80426145e-02
    3.90199095e-01 3.23905587e-01 3.24207485e-01 5.62107563e-01
    5.10118544e-01 9.54342484e-01 1.99481010e-01 9.41048324e-01
    7.23871648e-01 8.54472280e-01 5.11130929e-01 2.91392982e-01
    2.35445738e-01 4.95273352e-01 2.90771574e-01 6.62411869e-01
    5.87442040e-01 3.18494290e-01 1.77138418e-01 1.96961164e-01
    7.40655065e-01 3.61080170e-02 1.43857479e-01 5.37980318e-01
    9.07351971e-02 7.07191825e-02 8.19926023e-01 2.13258833e-01
    5.64580619e-01 1.46245658e-01 3.84386688e-01 9.93316531e-01
    5.91774523e-01 1.19857013e-01 2.74104863e-01 7.81071126e-01
    5.47085285e-01 9.44580734e-02 6.94375396e-01 8.81475270e-01
    6.80895030e-01 9.27426100e-01 2.02601492e-01 8.96868229e-01
    9.50273275e-01 6.70988083e-01 6.89171016e-01 1.46704316e-01
    4.02795315e-01 6.43055797e-01 3.33555460e-01 5.61149120e-01
    1.21508062e-01 6.61042929e-01 2.56087303e-01 8.00416231e-01
    8.20681334e-01 5.70322037e-01 4.27127481e-02 8.03084373e-02
    4.07094777e-01 9.73097980e-02 5.76949000e-01 9.79886174e-01 0. 0. 0.
    0. 0. 0. 0. 0. 0. 0. 0. 0. 0. 0. 0. 0. 8.65075707e-01 2.55639851e-02
    1.91597492e-01 1.51597500e-01 5.89066744e-01 5.54123998e-01
    6.39955759e-01 3.36703062e-01 9.91015553e-01 4.33390647e-01
    3.55899215e-01 9.50898528e-01 3.12520117e-01 9.92981553e-01
    7.23549724e-02 1.18290842e-01 8.54405642e-01 1.93052828e-01
    4.20299113e-01 1.15196645e-01 8.25637579e-01 5.14845550e-02
    3.62346172e-01 3.02120805e-01 9.26537752e-01 1.10261917e-01
    7.92558789e-01 2.09162563e-01 9.82265711e-01 7.27664590e-01
    1.77901268e-01 7.75876164e-01 3.40099722e-01 2.02940404e-02
    7.18383014e-01 4.13712800e-01 3.94984961e-01 8.84172320e-03
    8.72273743e-02 9.95996058e-01 9.93862867e-01 7.66940117e-01
    2.42701352e-01 4.80984598e-01 7.08762228e-01 9.46202993e-01
    5.87075055e-01 2.80135572e-02 8.94055963e-01 8.00269783e-01
    6.77581072e-01 4.40527111e-01 5.52292824e-01 3.91775787e-01
    5.43417513e-01 7.08084524e-01 7.34940886e-01 1.38189107e-01
    2.60588348e-01 1.48793876e-01 1.51355445e-01 6.91348851e-01
    6.01442873e-01 7.25725889e-01 1.78530693e-01 8.78118634e-01
    3.68235469e-01 9.90291655e-01 8.13790321e-01 7.95170724e-01
    3.98584455e-01 4.53298599e-01 8.17017257e-02 6.94465637e-01
    7.14744687e-01 7.41519570e-01 5.57042837e-01 4.58562464e-01
    9.13508415e-01 7.45549202e-01 5.12826681e-01 2.47566909e-01
    7.44765401e-01 1.95525229e-01 5.45352042e-01 6.65431082e-01
    5.92977881e-01 3.96402657e-01 7.68958509e-01 3.97614241e-02
    8.09534252e-01 3.72278124e-01 9.39254642e-01 3.54466975e-01
    4.70502168e-01 5.23499608e-01 5.60066879e-01 6.65464222e-01
    8.52316976e-01 8.17989111e-01 6.60741329e-02 6.95751488e-01
    2.50574768e-01 6.31197095e-01 6.34402215e-01 4.64008123e-01
    8.90765965e-01 4.71900523e-01 9.19301033e-01 6.00805283e-02
    9.64132130e-01 9.91443753e-01 9.85306859e-01 3.88488650e-01
    5.83056688e-01 8.84213448e-01 8.40574741e-01 7.93498158e-02
    4.34649140e-01 1.91785097e-01 4.00400728e-01 2.80390412e-01
    8.95704865e-01 3.28535557e-01 8.81961763e-01 6.10310614e-01
    2.84852386e-01 7.12837517e-01 9.36051607e-02 8.11074853e-01
    1.75196379e-01 1.49051845e-01 3.38781655e-01 8.47282827e-01
    5.89701235e-02 6.51717305e-01 7.84379840e-01 7.40818620e-01
    2.15461940e-01 7.03554809e-01 9.46051240e-01 9.07904148e-01
    1.01434141e-01 3.00205708e-01 9.56812501e-02 2.56993890e-01
    5.32351136e-01 8.28994155e-01 6.34507358e-01 1.56427056e-01
    3.72646153e-02 9.25727367e-01 4.43250000e-01 2.80004263e-01
    4.34806913e-01 5.83393395e-01 3.17807823e-01 8.39927793e-01
    6.63735986e-01 7.86090612e-01 6.01728320e-01 8.12432408e-01
    3.31357718e-02 2.04784125e-01 7.40133405e-01 2.51967371e-01
    4.13168728e-01 1.78777575e-02 3.46166819e-01 9.90080953e-01
    4.46265459e-01 1.68182373e-01 3.02184403e-01 9.34756160e-01
    7.71944523e-01 5.22302806e-01 9.45995808e-01 5.75310946e-01
    2.96717584e-02 7.24457204e-02 4.34591115e-01 2.00217605e-01
    2.77307034e-01 4.27123576e-01 3.35159659e-01 8.75672102e-01
    4.47811276e-01 7.78877020e-01 2.21305966e-01 5.41443527e-01
    6.04437709e-01 2.83244610e-01 7.50887454e-01 8.94957244e-01
    5.64893544e-01 9.74967241e-01 1.84973150e-01 8.73987496e-01
    5.14223635e-01 6.71404481e-01 8.81870210e-01 1.37043774e-01
    6.68968618e-01 9.76403058e-01 1.46757871e-01 1.53055608e-01
    1.91064775e-01 7.29802370e-01 4.90894228e-01 4.16993886e-01
    2.39710689e-01 8.64618540e-01 2.08663225e-01 1.40843987e-02
    7.46012032e-02 4.68354434e-01 1.19330764e-01 8.17944705e-02
    1.88361108e-01 5.43699801e-01 9.58641291e-01 1.75772637e-01
    1.96192384e-01 7.07185745e-01 6.14203274e-01 6.32250011e-02
    6.44304395e-01 1.99164271e-01 4.12699103e-01 7.54034579e-01
    2.28926390e-01 8.41224492e-01 1.02453828e-01 7.44495511e-01
    2.03015566e-01 8.93746257e-01 1.42690778e-01 7.19756424e-01
    6.67675734e-01 5.30168951e-01 7.70818233e-01 5.12332916e-01
    5.35154521e-01 1.67502612e-01 1.52918100e-01 3.80868495e-01
    3.56250107e-01 1.87677056e-01 5.93405604e-01 3.84963483e-01
    8.03020716e-01 3.50150555e-01 4.34703767e-01 6.85161173e-01
    8.42573881e-01 7.57049918e-02 0. 0. 0. 0. 0. 0. 0. 0. 0. 0. 0. 0. 0.
    0. 0. 0. 9.08382177e-01 5.32799959e-02 9.84411776e-01 2.58195102e-01
    4.71239001e-01 5.03763795e-01 8.55098844e-01 5.12765646e-01
    9.57727730e-01 9.82659876e-01 3.47723573e-01 8.72153044e-01
    3.74928594e-01 1.32883340e-01 2.57888556e-01 3.61898899e-01
    4.93134558e-02 4.16565806e-01 3.01323503e-01 6.79973841e-01
    1.16619051e-01 7.11049438e-01 6.63021624e-01 2.69012988e-01
    9.14744735e-01 8.99423242e-01 3.25252116e-01 5.85604012e-01
    7.79567719e-01 4.47188586e-01 7.74236858e-01 7.83749104e-01
    2.81252503e-01 2.91228563e-01 5.99885404e-01 6.33271694e-01
    2.03771085e-01 6.95647776e-01 1.26833797e-01 3.91386330e-01
    7.93465495e-01 4.71833646e-02 7.23481357e-01 2.76013494e-01
    7.47347772e-01 9.53870893e-01 9.84689832e-01 9.39474821e-01
    2.93575466e-01 5.31635761e-01 5.96860111e-01 3.09608459e-01
    4.80845809e-01 8.33138824e-01 7.36654043e-01 2.85455287e-01
    1.46940291e-01 3.68878961e-01 2.73723990e-01 8.51500034e-03
    5.09701312e-01 8.47636938e-01 6.72448277e-01 6.24076486e-01
    6.46343648e-01 1.94526911e-02 6.15678072e-01 6.43066049e-01
    8.84447694e-01 6.83455944e-01 1.84827834e-01 8.11426044e-02
    1.39133364e-01 2.74643421e-01 2.77365685e-01 5.99495471e-01
    9.42225337e-01 9.89662826e-01 5.63299835e-01 7.56633520e-01
    9.08289194e-01 2.35857874e-01 1.57358915e-01 5.55982232e-01
    8.55906487e-01 2.19021499e-01 5.38803160e-01 7.13574469e-01
    9.36975479e-01 2.19637990e-01 8.21103454e-02 3.77968401e-01
    6.09709084e-01 4.80942488e-01 8.89485002e-01 6.63568318e-01
    3.50992203e-01 2.11722732e-01 5.04220009e-01 1.08302355e-01
    9.18796360e-02 3.37628305e-01 4.25770611e-01 4.94387627e-01
    9.74687338e-01 4.84812409e-01 2.17835814e-01 9.11140442e-01
    8.73996198e-01 7.63737619e-01 7.73888469e-01 5.32182217e-01
    9.82490778e-01 2.40852565e-01 7.52380371e-01 9.76158619e-01
    5.00188649e-01 2.65392303e-01 6.90345228e-01 9.66236472e-01
    2.68341213e-01 5.45387864e-01 1.20664060e-01 4.67254043e-01
    1.88616127e-01 4.44744825e-01 9.46665466e-01 6.17780805e-01
    6.41712725e-01 8.66319537e-01 1.67632371e-01 3.57984036e-01
    1.44478202e-01 4.08894509e-01 9.51544046e-01 8.59118104e-01
    8.67019832e-01 8.55266333e-01 6.22744560e-02 7.75913954e-01
    2.70088553e-01 7.82619834e-01 9.71510231e-01 8.30222189e-01
    7.94589162e-01 4.68291342e-01 7.59277225e-01 8.71508360e-01
    7.41274297e-01 6.34262443e-01 9.64717686e-01 7.15261817e-01
    7.39081502e-01 5.26011825e-01 2.99253672e-01 5.46231151e-01
    9.01640296e-01 3.67412090e-01 2.32033640e-01 2.37666428e-01
    9.32102203e-02 7.52073705e-01 3.93300265e-01 6.65463328e-01
    6.14103675e-03 4.43667173e-03 8.00248623e-01 2.77864635e-01
    1.89960599e-02 1.13781631e-01 7.50167847e-01 3.99876565e-01
    4.14741993e-01 8.15520883e-01 9.33771014e-01 6.75023496e-02
    3.80220115e-02 5.79759717e-01 3.11281979e-01 2.57586479e-01
    9.82213616e-02 2.98981607e-01 8.79297376e-01 5.42805254e-01
    6.33887470e-01 9.08387780e-01 9.60942149e-01 9.09431458e-01
    7.44859219e-01 2.64800787e-02 6.09266162e-01 6.56571984e-03
    5.28333724e-01 9.15907145e-01 1.49578065e-01 1.90254956e-01
    3.65692973e-02 1.87683880e-01 5.73608637e-01 3.06152880e-01
    8.94163728e-01 3.09795558e-01 4.25761908e-01 2.86789864e-01
    1.78904116e-01 1.08358264e-03 4.62544590e-01 9.77963090e-01
    6.64781809e-01 1.84702575e-01 3.27521265e-01 8.48859727e-01
    8.08170199e-01 9.00924265e-01 9.28309560e-01 5.06288826e-01
    5.56558967e-01 6.57864571e-01 6.02727532e-01 2.02627987e-01
    7.13908672e-03 7.57334352e-01 6.73872948e-01 9.12208676e-01
    7.10730076e-01 5.53794682e-01 5.28517187e-01 6.66834354e-01
    2.12916344e-01 8.60353947e-01 5.73686957e-02 8.65419149e-01
    7.64889717e-01 3.60572040e-01 7.26604998e-01 5.04535258e-01
    1.86251581e-01 5.06028950e-01 1.01630360e-01 1.46512419e-01
    5.45723796e-01 6.57531321e-01 8.21084976e-02 6.38377666e-03
    3.55062455e-01 1.90298557e-02 3.98292929e-01 5.91160655e-02
    8.09526682e-01 3.11022997e-03 8.31294715e-01 5.32489061e-01
    2.56286085e-01 7.38474190e-01 3.24783325e-01 7.71536350e-01 0. 0. 0.
    0. 0. 0. 0. 0. 0. 0. 0. 0. 0. 0. 0. 0. 4.89417702e-01 1.82922095e-01
    6.42688513e-01 6.84038341e-01 9.04170096e-01 1.70658886e-01
    4.23728108e-01 3.17316949e-01 9.27407265e-01 2.46142030e-01
    1.46736026e-01 6.36455417e-01 7.86909759e-01 9.25799191e-01
    6.86259806e-01 5.08648157e-01 7.55075216e-01 5.90184808e-01
    9.87162828e-01 2.26980925e-01 9.17868912e-02 9.07508314e-01
    2.03675449e-01 5.88563144e-01 9.84609902e-01 6.65429771e-01
    2.78699100e-02 6.96979225e-01 8.62473845e-01 8.85973573e-02
    3.85315150e-01 6.36373878e-01 5.07985532e-01 5.38536489e-01
    1.48603678e-01 8.58529806e-01 8.37041557e-01 7.14966953e-01
    1.69081688e-01 8.20154667e-01 8.44740748e-01 3.33386838e-01
    4.35026824e-01 5.08796275e-01 9.61205125e-01 7.75358081e-01
    1.58911616e-01 6.10469043e-01 2.64124215e-01 9.98291790e-01
    9.79512930e-01 1.06475174e-01 2.83107221e-01 2.95627415e-01
    3.18870544e-02 5.60617208e-01 6.86781645e-01 3.31015587e-01
    5.10654390e-01 1.51132911e-01 4.86643195e-01 5.46526730e-01
    5.02808332e-01 3.65589321e-01 2.94722319e-01 1.70562416e-01
    4.17209119e-01 7.89017737e-01 6.61171794e-01 9.52106833e-01
    5.05989313e-01 3.69355440e-01 2.45873362e-01 4.37353641e-01
    2.40898311e-01 8.98505092e-01 4.94375527e-02 7.23006785e-01
    9.99540627e-01 6.96656585e-01 5.21709144e-01 4.88601625e-01
    7.03848660e-01 2.36513436e-01 1.52149200e-01 6.77504539e-01
    7.64122248e-01 3.16292465e-01 2.73256600e-01 7.25236654e-01
    2.57742405e-03 9.24907804e-01 6.33355916e-01 8.65285873e-01
    7.71581948e-01 3.68782371e-01 1.19458944e-01 6.42082095e-01
    1.51785791e-01 2.08661824e-01 8.38567853e-01 5.96663535e-01
    4.60309267e-01 2.03837752e-01 4.75413412e-01 4.35910642e-01
    5.56251407e-01 3.72619152e-01 3.06893736e-01 7.91715860e-01
    6.12983942e-01 7.34348595e-02 4.65244055e-03 4.96974379e-01
    7.51563907e-03 7.58290887e-02 3.68553370e-01 4.49323356e-01
    9.26912367e-01 2.35886872e-02 1.37790352e-01 9.41472471e-01
    9.84381914e-01 4.61075425e-01 2.02533782e-01 9.23136055e-01
    8.87429833e-01 9.84324515e-02 5.61144710e-01 3.29811066e-01
    4.51215953e-01 6.61867797e-01 2.75124967e-01 3.09517980e-03
    1.56883597e-01 1.51094794e-02 3.93159807e-01 3.77529621e-01
    1.98331267e-01 4.78253245e-01 6.86975837e-01 3.37794960e-01
    2.76716053e-01 5.87577999e-01 4.61921096e-03 8.66934299e-01
    2.59275794e-01 5.59158087e-01 2.37556130e-01 8.84327888e-01
    9.36019063e-01 1.06625199e-01 6.14712119e-01 3.45012784e-01
    3.24362397e-01 8.05054724e-01 4.15843010e-01 6.34253383e-01
    6.22849345e-01 1.92142844e-01 7.08576441e-01 7.28679061e-01
    3.59000206e-01 7.39845037e-02 4.11616862e-01 6.28348231e-01
    5.37485600e-01 8.00057292e-01 2.57378519e-01 1.34713650e-01
    5.04347324e-01 7.32797146e-01 9.72195864e-02 4.14549232e-01
    9.83101130e-03 6.67056024e-01 9.16200161e-01 3.88314128e-01
    7.11066365e-01 4.03708220e-03 5.36054969e-02 3.38070720e-01
    3.26697409e-01 3.90429437e-01 4.21006769e-01 2.61718631e-02
    5.05981684e-01 2.30930954e-01 2.27259517e-01 4.51420337e-01
    6.00518584e-01 3.41769487e-01 6.50113046e-01 2.84422755e-01
    7.74579644e-01 9.37854767e-01 6.11474633e-01 1.50215536e-01
    6.05527759e-01 9.17781591e-01 7.85614848e-01 2.82876194e-01
    6.94265187e-01 3.03170741e-01 7.18368113e-01 7.59170175e-01
    1.13332778e-01 4.83717799e-01 2.99726486e-01 9.66058373e-01
    7.35738575e-01 5.59979975e-02 5.74506164e-01 4.31670725e-01
    6.39807999e-01 7.66636908e-01 3.66527289e-01 2.88939416e-01
    2.29484230e-01 8.45555425e-01 2.63536453e-01 5.12687862e-02
    6.26626611e-02 1.30597293e-01 2.27365226e-01 5.11815369e-01
    9.61385727e-01 9.56760645e-01 4.82695997e-01 3.13339233e-02
    5.15696406e-01 1.64300978e-01 5.21155596e-01 7.65203118e-01
    1.09999985e-01 9.60045099e-01 8.29890728e-01 2.76213408e-01
    3.17591310e-01 2.36806035e-01 6.35096908e-01 4.60527748e-01
    4.44102228e-01 6.29120827e-01 5.39366066e-01 7.34817624e-01
    7.51155794e-01 8.06958675e-02 4.05233085e-01 1.30291551e-01
    1.65724128e-01 2.98708200e-01 8.77280414e-01 6.26778424e-01
    2.06723005e-01 9.91521835e-01 0. 0. 0. 0. 0. 0. 0. 0. 0. 0. 0. 0. 0.
    0. 0. 0. 5.19152284e-01 5.37516952e-01 1.16077065e-01 8.88969600e-01
    3.61125827e-01 5.88933825e-01 1.42655134e-01 5.35768270e-02
    6.47715271e-01 2.92480797e-01 2.82328904e-01 1.00273788e-01
    9.59371209e-01 5.49457788e-01 7.52399445e-01 5.73580146e-01
    5.28876245e-01 9.25893903e-01 1.56883627e-01 8.82351875e-01
    7.43143857e-01 8.27117860e-02 7.08261251e-01 5.91664374e-01
    9.08066511e-01 1.77816153e-01 8.25165272e-01 2.92224586e-02
    2.61507273e-01 7.93517292e-01 5.90023696e-02 3.97270024e-02
    6.99796975e-02 3.16363037e-01 9.75726306e-01 7.70589471e-01
    2.42861092e-01 7.62337029e-01 2.14251727e-01 1.43212557e-01
    4.72913682e-01 2.25195020e-01 3.64582837e-01 1.17467761e-01
    3.85433227e-01 5.93767107e-01 7.81368554e-01 2.24151641e-01
    4.90845919e-01 1.53985709e-01 4.58791971e-01 4.09436077e-01
    9.65447068e-01 1.66669637e-01 5.94273806e-01 7.95496941e-01
    1.49337769e-01 8.53402257e-01 9.54070687e-03 4.36795235e-01
    7.80174494e-01 1.05141938e-01 9.66753542e-01 9.13532019e-01
    3.47811699e-01 4.32815641e-01 7.83568978e-01 8.16390514e-02
    7.77908146e-01 2.26522893e-01 1.69174403e-01 5.85539639e-01
    4.27500367e-01 2.02630281e-01 6.41886830e-01 8.06692004e-01
    2.42461711e-01 5.07623076e-01 7.72913933e-01 7.35321999e-01
    3.58929694e-01 3.43444586e-01 7.69359350e-01 3.10829997e-01
    8.82601023e-01 5.22468090e-01 5.14465511e-01 7.75700748e-01
    6.33281350e-01 8.18709671e-01 9.42166448e-02 3.67637336e-01
    6.06477022e-01 6.06834590e-02 6.09640956e-01 2.22022891e-01
    7.52229929e-01 4.93499756e-01 8.76836181e-01 2.36832857e-01
    1.14448547e-01 3.21858168e-01 7.37374783e-01 6.82169318e-01
    5.74519873e-01 8.95170212e-01 5.05695283e-01 9.37407017e-01
    9.49218512e-01 6.97806060e-01 2.89749742e-01 9.22610521e-01
    4.44673866e-01 2.47445941e-01 5.58073878e-01 6.23525083e-01
    8.21427524e-01 6.76827371e-01 2.25037485e-01 7.50055194e-01
    5.03426611e-01 9.41656947e-01 4.10450995e-02 2.49479383e-01
    1.83812976e-01 9.65097845e-01 9.26886559e-01 2.16606200e-01
    1.91481084e-01 1.90318108e-01 1.10501438e-01 6.25616372e-01
    6.13657117e-01 2.43057698e-01 5.47117472e-01 9.15357590e-01
    3.93610597e-02 6.38863921e-01 2.69656181e-01 3.60995233e-02
    1.92102343e-01 3.77213061e-01 7.60739744e-01 5.70406497e-01
    8.09204936e-01 6.55432701e-01 3.85409892e-01 6.33006454e-01
    5.72307527e-01 1.07779503e-02 7.01831162e-01 9.63399529e-01
    3.91969651e-01 3.66739959e-01 6.52014732e-01 1.43079013e-01
    5.65123677e-01 7.94390440e-01 6.37701511e-01 2.96612412e-01
    1.72279358e-01 5.92583060e-01 4.20163393e-01 3.11108083e-01
    4.73739892e-01 7.16994286e-01 1.50921881e-01 5.87109983e-01
    8.70136857e-01 8.54945540e-01 1.83491945e-01 7.10286558e-01
    5.41059136e-01 8.79171848e-01 1.12185001e-01 2.03493237e-02
    8.49484026e-01 1.95925415e-01 8.21708679e-01 4.59735662e-01
    2.93515921e-01 9.81608391e-01 9.50019360e-01 2.29219228e-01
    6.34268641e-01 4.31065112e-01 6.36292458e-01 4.14146841e-01
    7.32516646e-02 6.78177655e-01 3.77692819e-01 8.70689392e-01
    7.97156870e-01 2.97189176e-01 4.27775055e-01 6.46437049e-01
    2.83658862e-01 8.18765163e-03 1.87000781e-01 3.54564309e-01
    8.35004687e-01 4.30081367e-01 2.96686888e-01 5.36384225e-01
    6.90788031e-01 9.25906658e-01 2.74742246e-02 4.05029207e-01
    7.21935749e-01 1.59006268e-01 4.24243510e-01 3.14541161e-01
    2.72018909e-02 7.18402326e-01 1.63234949e-01 1.80436373e-01
    5.75607240e-01 2.84999907e-01 6.22607529e-01 1.98318988e-01
    1.63528383e-01 5.74117601e-01 8.51408720e-01 4.82671916e-01
    4.44527656e-01 5.37364125e-01 7.32340634e-01 6.30616665e-01
    9.54033315e-01 1.07830495e-01 6.18644059e-02 5.92182219e-01
    4.40904140e-01 5.43279588e-01 1.60559088e-01 7.93674827e-01
    7.12144017e-01 3.37840706e-01 7.90839851e-01 6.87661350e-01
    7.70932734e-02 2.71853685e-01 3.43982995e-01 8.76620471e-01
    5.22275329e-01 5.40890276e-01 8.98874283e-01 5.18977165e-01
    7.68297911e-01 2.87898242e-01 7.28084326e-01 4.52131927e-02
    2.63627261e-01 8.02821398e-01 6.95055962e-01 9.32534933e-01 0. 0. 0.
    0. 0. 0. 0. 0. 0. 0. 0. 0. 0. 0. 0. 0. 1.45172924e-01 6.22233748e-01
    3.61598521e-01 8.10045660e-01 8.30147386e-01 9.53011513e-01
    9.43830252e-01 7.59220123e-02 9.58877444e-01 3.42699230e-01
    1.10267073e-01 7.35746264e-01 9.58522677e-01 7.80870318e-01
    1.36670470e-03 3.82518262e-01 1.78614914e-01 3.18937421e-01
    9.03976262e-01 9.39710677e-01 2.64041483e-01 3.41713428e-01
    8.75981688e-01 5.11021733e-01 9.42215323e-01 4.58315760e-01
    9.65537190e-01 9.22549546e-01 1.64845318e-01 9.85677004e-01
    9.12937343e-01 1.20824873e-02 8.14278603e-01 3.79216909e-01
    9.27875042e-01 6.32408738e-01 1.50034457e-01 2.49858916e-01
    6.09960258e-01 4.63883311e-01 5.62626123e-01 3.26249003e-01
    4.81012255e-01 8.62184405e-01 5.94292760e-01 1.74039066e-01
    1.94542170e-01 4.53845888e-01 2.99120247e-02 7.16499031e-01
    5.20281017e-01 9.50080276e-01 1.40304565e-01 2.18402535e-01
    8.95264089e-01 5.37202835e-01 4.82164145e-01 8.81974876e-01
    9.01272178e-01 7.23640740e-01 3.22384477e-01 1.92774206e-01
    3.22892874e-01 1.70968592e-01 6.27437353e-01 3.40459347e-01
    7.21231699e-02 5.39299846e-03 5.30493796e-01 2.11595535e-01
    5.60497522e-01 1.85751319e-01 8.97008061e-01 9.65262294e-01
    9.15338814e-01 9.66757774e-01 3.75519395e-02 8.36348653e-01
    4.22941864e-01 7.76164234e-02 1.24143124e-01 6.80565476e-01
    8.17101836e-01 8.44692588e-01 8.10036302e-01 3.62063229e-01
    7.18160510e-01 5.87207556e-01 6.58011317e-01 8.77998173e-02
    2.61544168e-01 7.85351932e-01 3.83823216e-02 1.07121170e-01
    2.17263490e-01 7.68788695e-01 7.73277044e-01 8.83225203e-01
    5.22716165e-01 4.69399095e-02 2.69305706e-02 6.63258910e-01
    2.61083722e-01 3.21807951e-01 9.98504639e-01 8.10828447e-01
    6.07180357e-01 2.32393324e-01 8.26042414e-01 3.26696277e-01
    6.12703681e-01 6.89445734e-01 4.52887952e-01 5.48365712e-03
    2.96905398e-01 5.12007594e-01 2.82290757e-01 8.76924992e-01
    8.98846865e-01 2.83001184e-01 8.19702744e-01 6.77593946e-01
    3.08891833e-02 2.60134995e-01 5.21111786e-01 5.36041915e-01
    5.21423161e-01 7.18567312e-01 4.06476557e-02 7.59633183e-01
    6.98095262e-01 2.45610356e-01 1.61927342e-02 5.43370962e-01
    7.20798552e-01 2.87009776e-02 6.51136935e-01 8.84033859e-01
    6.33907080e-01 4.30775255e-01 8.66769969e-01 2.63027549e-02
    5.55616975e-01 2.55508125e-01 3.23711276e-01 4.87265974e-01
    1.77761406e-01 4.79142249e-01 5.74635863e-01 5.36219835e-01
    4.29884553e-01 7.78745294e-01 9.05430675e-01 7.11184621e-01
    6.63566232e-01 8.79583657e-02 5.30743837e-01 1.43904120e-01
    4.36080307e-01 5.26174188e-01 5.10971010e-01 6.48912430e-01
    7.61305809e-01 5.54228246e-01 7.77884245e-01 8.52790415e-01
    7.09141731e-01 1.71630412e-01 8.90055001e-01 3.33716989e-01
    5.97479403e-01 4.91687119e-01 3.86851192e-01 8.09906304e-01
    6.81679249e-01 2.34506369e-01 1.66567713e-01 2.97943503e-01
    3.51316214e-01 7.46249914e-01 3.62742186e-01 4.85865384e-01
    5.60166836e-02 9.87307429e-01 8.21928084e-01 9.32910204e-01
    8.23005199e-01 6.48324728e-01 3.45145822e-01 5.24045646e-01
    1.81433558e-02 8.72263670e-01 9.76878881e-01 1.82981879e-01
    7.98283219e-01 2.59962916e-01 8.82635951e-01 8.98755372e-01
    3.92605960e-01 1.54624283e-01 6.84319973e-01 8.81829739e-01
    6.59731269e-01 6.26464963e-01 1.76359028e-01 1.76461577e-01
    9.24691498e-01 7.85303235e-01 5.73226213e-01 4.62855697e-01
    2.38675654e-01 1.56670094e-01 6.55677795e-01 6.63997650e-01
    5.01705468e-01 7.75607944e-01 7.36581922e-01 7.81742811e-01
    1.94687545e-01 7.21224844e-02 7.73648262e-01 5.95548809e-01
    5.99097908e-01 2.58052647e-02 8.71632695e-02 2.28780091e-01
    5.38339019e-01 7.80757368e-02 2.19349414e-01 6.50805712e-01
    6.76541388e-01 6.25660181e-01 6.39401913e-01 2.47887075e-02
    9.81286526e-01 1.65699452e-01 2.22468197e-01 2.39000052e-01
    7.86542892e-04 5.51856816e-01 6.15896642e-01 9.16782320e-01
    5.77948689e-01 2.98200369e-01 5.31295955e-01 1.86461806e-01
    5.60146332e-01 1.24175429e-01 1.07444495e-01 2.50565112e-01
    6.45205379e-01 3.59196484e-01 2.17458606e-02 4.41754073e-01
    7.58582950e-02 6.62501216e-01 0. 0. 0. 0. 0. 0. 0. 0. 0. 0. 0. 0. 0.
    0. 0. 0. 3.87467265e-01 7.95850992e-01 9.00650501e-01 5.76573193e-01
    3.67325485e-01 2.09363699e-01 5.16345501e-02 1.47139728e-02
    9.44951534e-01 3.77864689e-01 4.63033706e-01 3.41100544e-01
    1.30780995e-01 7.01188445e-02 5.58248699e-01 4.94569123e-01
    3.63103479e-01 4.02804315e-01 8.98376703e-02 6.85752928e-01
    2.17451423e-01 5.12880862e-01 2.02051997e-01 1.88754886e-01
    1.29413843e-01 4.55195963e-01 3.12759280e-01 8.71146619e-02
    8.28792453e-01 5.86077869e-02 1.69984609e-01 3.89559656e-01
    3.98402333e-01 6.82689726e-01 9.64308619e-01 9.05585170e-01
    6.84536517e-01 4.91334409e-01 8.44925582e-01 4.41176653e-01
    6.24291420e-01 1.03886813e-01 1.45225525e-01 1.48365289e-01
    4.84562993e-01 3.72786164e-01 8.71738315e-01 1.12307072e-01
    2.88472712e-01 2.34300494e-02 5.49017608e-01 5.25724113e-01
    7.43409157e-01 1.33423060e-01 4.36584592e-01 5.90474129e-01
    4.63310003e-01 3.20760071e-01 4.17761713e-01 8.12751174e-01
    1.31451190e-02 6.84684515e-01 4.91619945e-01 8.75079036e-02
    5.74665308e-01 2.90933967e-01 9.75736380e-01 4.54116464e-02
    5.72739482e-01 5.60954034e-01 7.90980697e-01 7.24679410e-01
    9.78905499e-01 2.23721892e-01 4.81545478e-01 7.14990377e-01
    3.44414473e-01 2.93393016e-01 2.17490852e-01 2.56198585e-01
    6.45428896e-01 2.15057552e-01 2.81586766e-01 9.12061214e-01
    6.91064537e-01 7.80902505e-01 5.34863293e-01 5.37222624e-01
    1.25546455e-01 7.06875324e-02 4.37347323e-01 2.19235301e-01
    8.09411526e-01 7.58642316e-01 3.23861718e-01 7.49737382e-01
    5.78218997e-01 3.01287681e-01 7.83884764e-01 7.65204847e-01
    7.61971354e-01 9.36187387e-01 7.07626343e-03 3.73249620e-01
    8.44158053e-01 9.78751898e-01 3.53768647e-01 8.07942986e-01
    3.05447876e-02 2.65344977e-02 9.79249358e-01 7.39560723e-02
    8.75899315e-01 1.27885610e-01 1.06908053e-01 5.37590146e-01
    6.54751837e-01 9.32175517e-02 5.19755423e-01 2.56474912e-02
    8.42808247e-01 4.38303947e-02 6.38837576e-01 1.63702339e-01
    7.27905989e-01 2.13186353e-01 2.35626549e-01 5.29099882e-01
    6.42290354e-01 2.27199346e-01 6.20564103e-01 7.44811833e-01
    7.45659292e-01 8.89594197e-01 5.97139299e-01 1.03942037e-01
    5.87465882e-01 5.15427232e-01 5.51182926e-01 9.37470913e-01
    5.50322711e-01 6.97211444e-01 8.28077435e-01 2.16684937e-02
    3.22825342e-01 1.96072638e-01 5.02256632e-01 1.58235431e-02
    9.44720268e-01 4.01130289e-01 9.37572777e-01 7.41394520e-01
    5.42169929e-01 2.45204419e-01 6.11932755e-01 1.45683587e-01
    7.89354682e-01 3.55679661e-01 3.34038556e-01 8.18566203e-01
    2.81904340e-02 6.74294472e-01 5.42682469e-01 7.92821407e-01
    3.08788717e-02 7.17910707e-01 5.26695549e-01 9.44960237e-01
    5.71093023e-01 6.87196136e-01 5.75778246e-01 3.95320326e-01
    1.03361964e-01 8.50306153e-01 4.60771859e-01 2.33072937e-01
    7.83039927e-01 8.11151206e-01 5.44529259e-01 8.06650281e-01
    7.97632456e-01 5.71618557e-01 8.01786780e-01 3.72884810e-01
    2.94794440e-02 4.92865950e-01 5.42445660e-01 5.19630849e-01
    5.84086776e-02 3.22504520e-01 1.66194797e-01 3.94887805e-01
    8.38795602e-02 9.29569721e-01 1.54222012e-01 4.21934277e-01
    1.71672255e-01 6.11927986e-01 9.33537960e-01 4.93062556e-01
    3.85702252e-01 6.85945153e-03 4.79866058e-01 9.56217885e-01
    8.10128689e-01 4.44948196e-01 7.26700723e-02 5.80122054e-01
    8.73255610e-01 5.26411891e-01 3.80841166e-01 3.41634780e-01
    8.79479468e-01 5.95382810e-01 2.39017665e-01 5.27672231e-01
    3.46543401e-01 5.80068529e-01 1.81248516e-01 8.46779346e-02
    5.10049403e-01 9.68785644e-01 6.86302662e-01 6.98766828e-01
    7.56621838e-01 9.65993702e-01 7.65068233e-02 5.43351471e-02
    2.83510268e-01 2.76634574e-01 4.23009753e-01 3.46264601e-01
    8.81051540e-01 8.14790130e-01 6.24603927e-01 2.37068206e-01
    5.42066395e-02 5.58086038e-02 6.33357644e-01 9.62790489e-01
    6.32471800e-01 5.97662032e-02 7.87782371e-01 2.13765651e-01
    5.84659100e-01 6.01908326e-01 9.27853286e-01 1.34758294e-01
    5.79019427e-01 6.97167158e-01 9.13694620e-01 8.83844018e-01
    3.27929944e-01 5.33107698e-01 2.01627910e-02 9.82906401e-01 0. 0. 0.
    0. 0. 0. 0. 0. 0. 0. 0. 0. 0. 0. 0. 0. 1.78833008e-02 7.44216323e-01
    5.54663241e-01 8.38476121e-02 1.27985954e-01 6.06712401e-02
    4.16904658e-01 3.80861759e-02 5.56843400e-01 3.19161415e-01
    8.58390808e-01 8.62869680e-01 6.16644979e-01 7.84203112e-02
    3.07006538e-02 5.03262401e-01 7.27675498e-01 7.79510856e-01
    6.39025986e-01 5.59073627e-01 8.46835971e-02 7.03736186e-01
    3.71993691e-01 8.47329795e-02 9.03962672e-01 5.31879246e-01
    8.69032860e-01 6.92486942e-01 2.17357069e-01 5.62085152e-01
    7.63281941e-01 5.65078557e-01 1.37877941e-01 5.04426837e-01
    8.30914378e-01 1.44855022e-01 3.48566115e-01 5.07713258e-02
    8.76999974e-01 9.19123590e-01 9.07633424e-01 2.11303264e-01
    8.57988000e-03 5.80248833e-02 4.07704115e-01 7.66564906e-01
    6.42680228e-02 8.74953032e-01 1.69099569e-02 4.04585600e-02
    9.95625556e-02 8.75738680e-01 9.44174290e-01 2.91974604e-01
    8.74815702e-01 9.67190623e-01 8.62590075e-01 6.00262165e-01
    6.94669545e-01 7.87662745e-01 6.73860312e-03 4.86523837e-01
    1.23318464e-01 4.28761184e-01 7.35931993e-01 7.12262452e-01
    5.75742185e-01 2.57900834e-01 8.60538840e-01 2.92059302e-01
    8.24070156e-01 5.00514805e-02 8.30563426e-01 8.35813642e-01
    1.39329582e-01 8.18513751e-01 3.91916037e-02 2.99202591e-01
    3.61889660e-01 4.09782171e-01 4.09354180e-01 5.87566733e-01
    7.62532473e-01 2.66177356e-01 2.68881679e-01 3.86617005e-01
    2.07510024e-01 4.69720572e-01 3.86325479e-01 5.50745547e-01
    3.10328335e-01 4.01917517e-01 8.11257660e-02 7.63971746e-01
    8.08647156e-01 8.45375597e-01 4.69870538e-01 2.51514703e-01
    8.38309288e-01 2.23044097e-01 3.71092260e-02 1.20786726e-01
    7.27752447e-01 2.53000438e-01 9.53005314e-01 6.00958228e-01
    5.83683312e-01 4.64753866e-01 9.31478202e-01 7.70674229e-01
    4.42957491e-01 4.01283592e-01 1.39563799e-01 9.05947328e-01
    6.01747692e-01 5.79299033e-01 6.95193827e-01 6.71669602e-01
    8.00597191e-01 2.55183876e-01 7.13391542e-01 9.46671903e-01
    3.77366126e-01 3.43347579e-01 9.91851807e-01 3.01883817e-01
    7.56138980e-01 2.44099021e-01 7.41058886e-01 8.19447219e-01
    2.73893416e-01 9.57723677e-01 3.63504291e-02 3.65085721e-01
    1.29523247e-01 7.48195946e-02 9.85254586e-01 5.04152358e-01
    8.86002779e-01 2.64830887e-01 2.13744342e-02 3.78415883e-02
    1.55927241e-01 2.28457242e-01 1.78840637e-01 6.15282357e-02
    8.02967966e-01 4.51205045e-01 9.90684152e-01 7.37010837e-01
    1.47983074e-01 4.43663657e-01 6.30396605e-01 7.60161221e-01
    4.12710905e-01 3.54776889e-01 5.62286317e-01 5.00732064e-01
    2.50250399e-01 5.20947814e-01 1.53883010e-01 7.42826581e-01
    7.09514558e-01 1.24175847e-02 9.24680889e-01 7.96141028e-01
    1.75177127e-01 2.49014586e-01 4.58070695e-01 9.30395901e-01
    2.37074703e-01 6.10221267e-01 5.03656983e-01 2.83108652e-01
    3.52759004e-01 7.39750564e-02 9.18582976e-01 7.45559573e-01
    2.63064504e-02 3.31830680e-02 9.76902604e-01 8.91147375e-01
    5.69917560e-02 7.17567503e-02 8.49521756e-01 4.06350046e-01
    7.78918147e-01 3.27347904e-01 1.14622712e-01 2.76072502e-01
    3.43070030e-01 4.68862236e-01 4.86785352e-01 1.48880601e-01
    8.80194187e-01 8.93189073e-01 2.77651548e-01 9.52986479e-01
    2.88173825e-01 5.87609828e-01 5.10662735e-01 9.77142811e-01
    5.31284988e-01 2.26968050e-01 4.69869584e-01 5.69023609e-01
    2.39335150e-01 6.13561630e-01 1.73032075e-01 7.78581500e-01
    9.37084913e-01 9.19684768e-03 3.87721896e-01 8.11618328e-01
    6.07012630e-01 3.22706163e-01 1.20074749e-02 3.29579055e-01
    5.64795732e-02 4.00846601e-02 5.17637014e-01 1.51520461e-01
    4.51187193e-01 6.55518830e-01 3.41549695e-01 6.89082086e-01
    5.53382337e-01 6.35598779e-01 3.06340456e-02 9.52009797e-01
    6.46921992e-01 9.38622534e-01 1.01902783e-01 2.74118662e-01
    3.86370361e-01 8.37889314e-01 5.79146028e-01 3.56526077e-01
    3.32058668e-02 8.55943561e-01 5.14689684e-02 7.64834762e-01
    5.81651866e-01 8.74345660e-01 3.92402321e-01 6.94591701e-02
    4.43316519e-01 8.68324697e-01 5.96684456e-01 4.56402391e-01
    9.58619714e-01 8.19511056e-01 3.99910778e-01 3.64305675e-01
    7.14491725e-01 5.58269858e-01 0. 0. 0. 0. 0. 0. 0. 0. 0. 0. 0. 0. 0.
    0. 0. 0. 7.77597070e-01 1.07294351e-01 4.41170335e-01 3.32431912e-01
    1.62511259e-01 9.96985674e-01 8.70423436e-01 3.72430384e-02
    4.68961060e-01 8.40384722e-01 2.49471247e-01 3.42565179e-01
    1.67769730e-01 9.11312580e-01 8.56105089e-02 2.45305687e-01
    7.89471149e-01 9.66221690e-01 9.88716483e-01 6.05451941e-01
    9.64412808e-01 1.87921911e-01 5.87282658e-01 3.97296697e-01
    1.10473305e-01 9.87065852e-01 3.96380305e-01 1.79454565e-01
    6.47033811e-01 5.76583445e-01 6.44870639e-01 2.45647609e-01
    5.14622927e-02 6.21625185e-01 9.23864543e-01 4.92111504e-01
    3.17600816e-01 3.04555207e-01 8.11444819e-01 7.50311494e-01
    3.73075783e-01 9.41813111e-01 2.78930813e-01 4.04088914e-01
    6.00420833e-01 8.27379227e-01 5.14185905e-01 8.01415682e-01
    7.59622693e-01 1.62850380e-01 7.33064532e-01 7.02303410e-01
    2.87881851e-01 8.88657570e-02 6.71668053e-02 9.31533813e-01
    3.12383562e-01 9.23205256e-01 3.44858915e-01 6.65642321e-02
    8.66623282e-01 4.64706302e-01 1.27667487e-02 7.93116570e-01
    2.61790931e-01 9.78496552e-01 5.96455932e-01 7.92223573e-01
    3.33335996e-01 2.29786336e-02 2.65462667e-01 8.26741338e-01
    8.04880202e-01 7.65589297e-01 8.32359314e-01 4.37343895e-01
    5.36666811e-02 3.48712683e-01 4.27276403e-01 7.79011488e-01
    3.41283381e-01 1.79406822e-01 4.45059896e-01 3.84577721e-01
    7.95764923e-01 4.80747640e-01 7.72406876e-01 1.80395842e-01
    1.58348262e-01 8.57755303e-01 4.66225088e-01 3.76388460e-01
    8.09537649e-01 6.91063046e-01 1.87863737e-01 9.63927269e-01
    6.74736500e-02 3.00383568e-01 4.00492907e-01 3.49030793e-02
    6.27680242e-01 5.32529891e-01 9.11169589e-01 8.02411377e-01
    7.87094533e-02 1.91786259e-01 8.53921771e-01 9.90552902e-01
    4.80108857e-01 8.33783507e-01 2.82156169e-01 4.30053711e-01
    2.64216542e-01 2.96539962e-02 4.67013389e-01 9.10118699e-01
    3.34180295e-01 7.37533510e-01 2.43832976e-01 4.46734160e-01
    3.06067765e-02 4.29026902e-01 2.88605928e-01 3.96550894e-01
    4.80002016e-01 8.49158883e-01 8.35436940e-01 5.37573755e-01
    2.69853115e-01 9.96405602e-01 7.04939604e-01 5.52454829e-01
    5.48298597e-01 4.24955368e-01 5.01351058e-02 3.48777771e-01
    5.68215966e-01 4.16647196e-02 6.52793467e-01 5.99438846e-02
    2.51671314e-01 9.00378108e-01 7.65386939e-01 4.56851214e-01
    7.71308839e-01 8.26999843e-02 1.32413507e-01 5.91757178e-01
    8.35631788e-01 9.51531410e-01 5.11473715e-01 7.28405952e-01
    5.80010116e-01 5.97188056e-01 9.80534017e-01 4.34186339e-01
    7.17948079e-01 9.19834197e-01 9.09780741e-01 6.39815092e-01
    2.69296795e-01 9.82415020e-01 5.51225543e-01 9.14179981e-02
    7.02614248e-01 5.60835540e-01 1.06215864e-01 1.27280802e-01
    5.49547553e-01 8.39921772e-01 2.44417727e-01 7.35775828e-01
    8.97334993e-01 1.26677424e-01 4.79194015e-01 2.65180528e-01
    6.24042392e-01 5.91085672e-01 9.19294238e-01 8.59177589e-01
    1.27867520e-01 9.60028768e-02 7.10026622e-01 7.42478251e-01
    7.88481116e-01 1.51806146e-01 2.11219192e-01 2.71766573e-01
    8.45816731e-02 1.41768605e-01 7.20517457e-01 1.15936607e-01
    2.50211388e-01 6.07165635e-01 6.21175051e-01 9.43711519e-01
    1.27358615e-01 8.21944356e-01 2.10634083e-01 9.44067299e-01
    7.74141371e-01 6.01089478e-01 7.59505987e-01 3.70714188e-01
    2.00688571e-01 3.32226098e-01 6.77486479e-01 8.24928403e-01
    9.89874721e-01 6.83206201e-01 2.50220090e-01 9.44188356e-01
    8.98877084e-02 2.54804671e-01 9.13491368e-01 8.50733459e-01
    8.11563194e-01 7.52871037e-01 5.13511419e-01 1.30634606e-02
    4.80534405e-01 8.71527076e-01 9.62373614e-03 8.81560922e-01
    5.50667346e-01 6.56966746e-01 7.73330629e-01 9.16744351e-01
    7.05427229e-01 1.62384778e-01 8.78378391e-01 4.45971638e-01
    7.94009745e-01 2.22656250e-01 8.30639839e-01 8.58720660e-01
    9.33845639e-01 1.71377093e-01 4.23454553e-01 1.77283525e-01
    1.83881432e-01 3.00342530e-01 1.29540354e-01 4.50473428e-02
    8.73804510e-01 1.72059119e-01 2.21663415e-01 9.92733479e-01
    2.41068780e-01 9.80278134e-01 6.40881717e-01 4.12229151e-01
    3.12004089e-02 7.79953003e-01 5.49206316e-01 6.30902231e-01 0. 0. 0.
    0. 0. 0. 0. 0. 0. 0. 0. 0. 0. 0. 0. 0. 8.67469668e-01 3.38923931e-01
    3.37408125e-01 3.77317905e-01 7.11325884e-01 5.20306230e-01
    7.45201409e-01 9.05651450e-01 1.67594254e-02 7.74168134e-01
    9.95620608e-01 2.69532233e-01 9.13488030e-01 3.07307452e-01
    5.78882337e-01 4.34970111e-01 1.49396479e-01 8.20647418e-01
    3.82898480e-01 5.06398082e-01 8.89570951e-01 7.36617744e-01
    1.85360581e-01 5.28042197e-01 8.11135709e-01 1.60889059e-01
    3.39602470e-01 2.64692754e-01 8.19761157e-01 3.71936679e-01
    3.92041415e-01 5.44838309e-01 1.12186342e-01 9.62420702e-01
    8.29116344e-01 7.29910910e-01 4.84127551e-01 1.19874030e-01
    2.86230356e-01 4.02482450e-01 3.42151523e-01 5.74776828e-02
    5.92446744e-01 1.88362390e-01 5.82313240e-02 2.22408205e-01
    4.97096658e-01 6.34507179e-01 6.36855662e-01 4.44068581e-01
    9.36257303e-01 8.06982875e-01 4.51151192e-01 9.21432734e-01
    6.52507603e-01 9.17131066e-01 3.23832154e-01 1.50593370e-01
    6.83164656e-01 3.68497133e-01 3.31465334e-01 4.44047153e-01
    4.13482308e-01 6.12273276e-01 6.36446238e-01 5.00860810e-01
    3.89818132e-01 6.09608412e-01 5.90473473e-01 5.10424078e-01
    2.96422184e-01 6.67528450e-01 2.29220957e-01 4.21080828e-01
    6.47738278e-02 4.72076029e-01 4.03792500e-01 8.13617349e-01
    4.06946778e-01 3.55638564e-02 7.36011028e-01 3.48322481e-01
    9.91632462e-01 1.23771727e-01 5.57325959e-01 5.25530040e-01
    2.73811817e-01 3.09167802e-01 2.60671943e-01 1.88219219e-01
    4.92725968e-02 6.98641539e-01 8.35821033e-03 4.14523095e-01
    5.61530292e-01 8.49768877e-01 5.44333458e-01 9.49648499e-01
    8.66233706e-02 8.35006416e-01 3.17844391e-01 9.57949579e-01
    1.59318745e-02 2.58561224e-01 1.96294487e-02 5.72561920e-02
    9.98608351e-01 5.24827838e-02 6.28696203e-01 4.29131776e-01
    4.07054663e-01 2.51669466e-01 9.54899788e-01 6.24654770e-01
    2.42185563e-01 8.12561035e-01 5.88699698e-01 2.31710523e-01
    4.59612072e-01 6.44930124e-01 7.87065029e-01 5.47270834e-01
    6.22652769e-01 1.42554611e-01 9.56076801e-01 1.59146935e-01
    5.73719501e-01 3.99090230e-01 1.86166167e-02 3.11900169e-01
    6.89113021e-01 9.08380747e-02 8.23705614e-01 9.56524730e-01
    9.98289704e-01 9.86775398e-01 6.93160594e-02 3.39137614e-01
    4.08257484e-01 9.84699547e-01 7.66654372e-01 9.48405206e-01
    9.63128805e-01 1.06560886e-02 3.67271453e-01 8.55511129e-02
    7.36460745e-01 4.56470132e-01 1.96382761e-01 5.87382555e-01
    5.96495569e-02 7.58516312e-01 6.73377991e-01 9.25518394e-01
    6.51589513e-01 8.16197753e-01 3.83390546e-01 3.32336158e-01
    9.67045188e-01 5.92897236e-02 4.25681531e-01 7.54896879e-01
    6.15774155e-01 5.58013439e-01 8.78312945e-01 6.57874465e-01
    2.58756816e-01 4.59988773e-01 8.07088614e-01 6.05912387e-01
    7.76239812e-01 9.38806176e-01 3.06845665e-01 8.28380823e-01
    5.54050744e-01 1.77577436e-02 4.75941241e-01 6.78981185e-01
    6.67499781e-01 5.91051161e-01 6.26439571e-01 2.04748362e-01
    4.81281161e-01 6.91701174e-01 3.60247195e-01 5.13398528e-01
    7.90322423e-01 7.96207070e-01 8.12477767e-01 9.15873051e-03
    4.53113019e-02 3.98127854e-01 7.66606927e-01 3.16326261e-01
    6.07784152e-01 5.63875079e-01 2.02876538e-01 8.91636014e-02
    8.73075306e-01 6.20671451e-01 6.07829511e-01 8.65763068e-01
    4.52440381e-02 5.33374548e-01 6.09920800e-01 8.82219970e-01
    3.88092577e-01 2.08656996e-01 1.32179707e-01 1.81259960e-01
    2.81354308e-01 5.25418282e-01 6.88323736e-01 2.69330323e-01
    7.00256646e-01 9.97479200e-01 7.70980299e-01 8.69616151e-01
    3.74879897e-01 6.22515082e-01 1.87605590e-01 3.53568792e-03
    5.12660086e-01 4.70807582e-01 9.80789721e-01 4.16474521e-01
    2.10233778e-01 3.31092060e-01 7.83603549e-01 3.49610448e-01
    2.59616792e-01 3.65920663e-01 7.97062337e-01 8.64635348e-01
    5.75940311e-02 6.97215259e-01 9.23774838e-01 6.47393227e-01
    4.19546485e-01 4.40211296e-01 4.26388919e-01 4.87374127e-01
    4.65024590e-01 5.21743119e-01 9.41233754e-01 3.96657884e-01
    9.87739801e-01 9.78521645e-01 6.90186620e-01 1.12062573e-01
    4.97413278e-01 9.26882327e-01 8.84310842e-01 4.93300617e-01
    9.98319864e-01 4.93248910e-01 0. 0. 0. 0. 0. 0. 0. 0. 0. 0. 0. 0. 0.
    0. 0. 0. 9.19227600e-01 1.22312516e-01 4.43974465e-01 7.60458708e-02
    7.26068914e-01 7.56087840e-01 8.99143219e-02 4.46988881e-01
    8.10698569e-02 5.55555582e-01 3.65682125e-01 3.21714282e-01
    2.03496814e-02 8.41125906e-01 1.78546965e-01 6.76360309e-01
    7.32503831e-01 4.97157127e-01 3.86962891e-01 5.54372132e-01
    3.44577521e-01 3.40560377e-01 4.88914609e-01 7.34149158e-01
    8.10748041e-02 5.07856607e-02 8.63107562e-01 4.22599524e-01
    2.87937641e-01 2.70381153e-01 2.26158798e-01 3.63109887e-01
    3.19333971e-02 1.69867903e-01 8.27050090e-01 6.08065128e-01
    1.07291341e-03 5.25802016e-01 3.16941082e-01 2.95694947e-01
    8.13770354e-01 2.58698463e-02 3.33053350e-01 3.80680680e-01
    3.55961263e-01 4.15627867e-01 7.10896730e-01 4.52976823e-02
    2.57950336e-01 6.17352903e-01 8.66944790e-02 9.04830456e-01
    5.64562082e-01 2.93583453e-01 9.81077075e-01 2.51654863e-01
    3.34182799e-01 7.31236339e-02 2.58639663e-01 1.95769876e-01
    9.73519206e-01 6.68068349e-01 4.48666960e-01 8.30393016e-01
    2.27575600e-01 4.76876557e-01 9.34177160e-01 1.92565471e-01
    3.50661069e-01 9.72946286e-01 1.40826523e-01 7.90477753e-01
    1.42358631e-01 5.67728221e-01 8.72422934e-01 8.10133696e-01
    9.80811238e-01 3.70508730e-01 8.59740257e-01 4.12543923e-01
    6.33945882e-01 9.21466112e-01 9.48132336e-01 9.71393645e-01
    7.04206526e-02 6.96524501e-01 5.91002822e-01 6.09407723e-02
    5.37560582e-01 6.78317845e-01 1.03973180e-01 5.53920567e-01
    8.82490993e-01 1.31000310e-01 8.06997955e-01 4.93361533e-01
    9.67548192e-02 5.86816370e-02 5.44828296e-01 6.46864831e-01
    5.78472912e-01 4.20641899e-01 7.67933488e-01 6.96499944e-01
    6.20879591e-01 5.00441432e-01 7.87740052e-02 5.44713736e-02
    4.89019036e-01 5.01551151e-01 3.41352105e-01 3.41455638e-02
    2.15060771e-01 5.75626135e-01 8.36293697e-01 8.63586724e-01
    2.83627748e-01 9.21037197e-02 6.51059806e-01 3.62993658e-01
    4.31918591e-01 4.35734451e-01 7.75490522e-01 7.08460748e-01
    9.36052203e-01 5.40121496e-02 6.47874653e-01 3.26013386e-01
    2.35489845e-01 7.27573156e-01 8.39701295e-01 7.07311332e-01
    9.26347673e-02 7.95531154e-01 3.61509919e-01 2.14805216e-01
    8.93108189e-01 5.70572078e-01 1.48222268e-01 8.28810334e-01
    3.41460437e-01 9.96396542e-02 1.41153336e-01 7.51185417e-02
    4.29404974e-02 5.76877773e-01 8.94597173e-03 1.41665399e-01
    4.64931399e-01 9.94905353e-01 2.88110495e-01 6.41259551e-02
    6.67841971e-01 5.26544631e-01 8.13894153e-01 4.37734276e-01
    4.81556475e-01 6.50078058e-04 3.80022615e-01 7.76289940e-01
    1.74347162e-02 3.13147306e-01 2.97726810e-01 6.90331638e-01
    9.97233629e-01 9.33058858e-01 9.45750117e-01 6.54796004e-01
    9.64965105e-01 9.06113863e-01 6.31716728e-01 9.52085972e-01
    5.47149956e-01 6.57676756e-02 4.64364707e-01 8.76320243e-01
    7.22670794e-01 6.89463019e-01 7.87588596e-01 8.57977152e-01
    5.73249400e-01 5.47497034e-01 4.11272913e-01 9.48617935e-01
    7.43256986e-01 3.13844323e-01 2.82063901e-01 1.18564665e-01
    5.85261405e-01 8.90216231e-01 8.40701938e-01 7.14427531e-01
    1.05425060e-01 8.14607263e-01 4.35748130e-01 1.53626829e-01
    1.82185113e-01 7.44896650e-01 6.92037404e-01 6.63664341e-01
    9.91894484e-01 9.59557533e-01 8.20878208e-01 2.89966494e-01
    3.66566777e-01 5.63501716e-01 6.39012992e-01 7.96350241e-01
    1.73288077e-01 7.81890154e-01 9.10960555e-01 2.68309236e-01
    1.31115019e-02 3.86397719e-01 5.67240715e-01 3.72012734e-01
    5.16399562e-01 6.43866360e-01 6.24989986e-01 3.49769652e-01
    3.27085257e-02 1.67332590e-01 8.26095700e-01 7.10622549e-01
    7.04089046e-01 9.82741714e-01 7.03997791e-01 2.52929926e-01
    8.31598222e-01 2.77071148e-01 2.95480251e-01 7.21658587e-01
    4.19808298e-01 8.76114845e-01 7.69200206e-01 3.58716309e-01
    2.55349368e-01 9.72060144e-01 6.01205587e-01 1.33823514e-01
    2.26996630e-01 2.65935361e-01 8.06511402e-01 2.14227676e-01
    9.50807631e-02 3.94457579e-02 3.54970098e-01 4.48428959e-01
    4.76752847e-01 3.05468619e-01 8.42990994e-01 2.59356618e-01
    5.32539785e-01 8.96015286e-01 2.84081012e-01 7.01736867e-01 0. 0. 0.
    0. 0. 0. 0. 0. 0. 0. 0. 0. 0. 0. 0. 0. 6.38500929e-01 5.11869073e-01
    7.58980513e-01 7.90486813e-01 4.39694524e-02 4.93416786e-01
    8.28074455e-01 5.05698204e-01 4.61231887e-01 3.39324296e-01
    7.42636561e-01 1.25718713e-02 6.69607460e-01 2.61768758e-01
    7.48344600e-01 3.98983479e-01 6.35275126e-01 1.09392464e-01
    4.23929840e-01 6.38971686e-01 1.27989858e-01 5.45900345e-01
    9.85581696e-01 1.81083143e-01 4.08419669e-01 5.95494986e-01
    6.23355210e-01 3.96877021e-01 3.64542603e-01 4.26482886e-01
    3.99164736e-01 9.85698819e-01 9.60214138e-02 7.59672225e-01
    8.44867945e-01 9.34275389e-01 5.73070347e-02 4.25035357e-01
    2.54220843e-01 4.30367440e-01 2.63604194e-01 2.01108396e-01
    6.89516425e-01 2.85280704e-01 6.86590910e-01 2.00614333e-03
    2.64060169e-01 7.52398491e-01 3.36534679e-02 7.81403065e-01
    5.56411386e-01 7.34955847e-01 5.04016995e-01 8.74719918e-02
    4.35645401e-01 5.20323098e-01 8.83853316e-01 6.00457072e-01
    8.04816008e-01 8.45993996e-01 3.67011577e-01 4.28788543e-01
    1.39068007e-01 9.92452979e-01 8.10204864e-01 7.61808276e-01
    2.29141414e-01 3.56891185e-01 7.61414111e-01 1.58562958e-02
    7.40818977e-01 3.81136000e-01 6.90907657e-01 4.78268027e-01
    1.16425335e-01 5.85996568e-01 6.05532050e-01 8.65095556e-01
    1.13664389e-01 6.22525096e-01 6.22783124e-01 4.24095184e-01
    2.96487331e-01 7.90079236e-01 7.81561613e-01 4.36108410e-02
    9.80794728e-01 6.49617672e-01 9.38091576e-01 4.69093204e-01
    1.40691191e-01 3.86016548e-01 3.46711040e-01 4.36494052e-02
    2.46053904e-01 6.61375880e-01 4.69255418e-01 6.17135167e-02
    9.17375088e-01 1.12549692e-01 5.13573706e-01 8.32487583e-01
    7.11079121e-01 5.44021487e-01 3.63569736e-01 6.43434882e-01
    1.25003755e-01 9.43113863e-01 6.40007555e-01 5.46178937e-01
    1.82050020e-01 7.18929291e-01 7.50957549e-01 7.82649517e-02
    2.34846979e-01 1.24325812e-01 8.32436442e-01 8.25988710e-01
    1.79219574e-01 5.18327713e-01 7.58766830e-02 4.84945863e-01
    5.21783352e-01 1.57808661e-01 7.70456433e-01 2.21390367e-01
    5.07307053e-01 3.43290776e-01 8.97593498e-02 2.75116086e-01
    9.17897463e-01 2.97794878e-01 9.77734923e-01 6.73210680e-01
    4.83893454e-02 3.06632340e-01 3.93078089e-01 9.82504010e-01
    8.61616015e-01 9.82209682e-01 1.84393495e-01 5.29038370e-01
    2.13694185e-01 4.85011101e-01 4.75362599e-01 4.72585976e-01
    9.13690388e-01 8.87825489e-02 8.94356668e-01 6.00290239e-01
    4.36258137e-01 6.38258457e-01 2.77102292e-02 7.92503893e-01
    2.04732478e-01 4.72560704e-01 1.51274741e-01 8.98265243e-01
    2.04464376e-01 3.03559065e-01 7.22865105e-01 6.61350548e-01
    6.42460287e-02 8.29983592e-01 8.46307397e-01 8.72366548e-01
    7.80738354e-01 5.95286369e-01 1.87992007e-01 1.71847910e-01
    9.24155831e-01 3.11400414e-01 8.86116862e-01 9.29248691e-01
    1.19838029e-01 4.20055687e-02 9.33677435e-01 3.32680672e-01
    6.56704485e-01 2.80455232e-01 8.07656169e-01 3.07802558e-02
    9.48080659e-01 2.55149126e-01 5.61275601e-01 4.67889071e-01
    5.41039705e-02 3.57461870e-01 8.31851721e-01 2.02099830e-01
    8.07375491e-01 5.59052944e-01 8.08861613e-01 4.42489147e-01
    1.84453070e-01 5.76338470e-01 7.84820855e-01 6.06686532e-01
    3.74733925e-01 7.70338178e-01 1.20256782e-01 7.39425063e-01
    2.22511888e-02 1.87735975e-01 4.51657116e-01 1.72252208e-01
    6.24424100e-01 3.17260087e-01 8.76605153e-01 3.76692832e-01
    3.59987617e-01 9.50870991e-01 6.20162427e-01 1.69812441e-01
    9.18932855e-02 3.71358097e-01 3.67841244e-01 4.76905346e-01
    6.03496134e-01 5.29126048e-01 7.58833349e-01 4.42280382e-01
    1.74094409e-01 5.84282935e-01 2.91222632e-01 1.07634574e-01
    8.74712467e-01 5.42955220e-01 5.84459901e-02 3.74778569e-01
    8.48904848e-01 2.58001745e-01 4.67562675e-02 5.66220939e-01
    7.69290507e-01 6.06029332e-02 1.32083535e-01 3.74994665e-01
    3.60763669e-02 3.78203094e-02 5.32948673e-01 8.59582782e-01
    2.14043885e-01 8.05909038e-02 4.86644000e-01 7.91172981e-01
    6.36884451e-01 6.73898160e-02 7.85421729e-01 1.85192198e-01
    6.08149767e-01 2.18630910e-01 1.64189041e-02 8.38675797e-02
    6.72832489e-01 9.78002191e-01 0. 0. 0. 0. 0. 0. 0. 0. 0. 0. 0. 0. 0.
    0. 0. 0. 5.95712543e-01 2.37979233e-01 3.91545832e-01 8.25245321e-01
    3.49329412e-01 8.10963631e-01 1.55390024e-01 3.13939154e-01
    1.96590662e-01 6.10765100e-01 1.51857853e-01 2.91770607e-01
    7.09446788e-01 3.20719451e-01 4.29135621e-01 4.42318171e-01
    5.31765819e-01 1.65212929e-01 4.99044359e-01 2.34080344e-01
    2.62582779e-01 2.93659747e-01 9.88664091e-01 5.50086319e-01
    2.61701673e-01 3.48065436e-01 6.14138842e-01 2.30607986e-02
    1.02134556e-01 9.26984072e-01 4.98461574e-01 2.58156478e-01
    1.85921818e-01 6.35566115e-01 6.20715022e-01 1.94378465e-01
    5.26030362e-02 6.03151560e-01 5.02719522e-01 1.88275367e-01
    3.16556722e-01 9.25039530e-01 4.14008260e-01 5.49241543e-01
    4.27541882e-01 2.90511727e-01 1.64217144e-01 1.05635166e-01
    4.21007454e-01 5.96123457e-01 9.58365917e-01 7.90176690e-02
    1.62539989e-01 3.98999333e-01 1.41443044e-01 3.04928362e-01
    3.77168119e-01 4.78164673e-01 5.56023717e-01 8.04217398e-01
    4.98571694e-01 6.18897438e-01 4.15333331e-01 7.28090227e-01
    1.99827462e-01 1.05206698e-01 5.16289473e-01 4.83394384e-01
    8.22540641e-01 8.05945694e-01 4.30412114e-01 2.27129430e-01
    2.18074858e-01 4.07096863e-01 8.04894030e-01 7.11488724e-01
    5.14168561e-01 1.48793548e-01 3.98822784e-01 7.82100856e-01
    6.53479695e-01 7.57428765e-01 9.00583267e-01 4.19938087e-01
    7.85475850e-01 8.12626004e-01 2.14926869e-01 1.44537568e-01
    5.84694743e-03 7.25534558e-01 5.17152429e-01 5.97154200e-02
    5.05880117e-01 7.67219841e-01 8.72454166e-01 2.57383466e-01
    4.51966703e-01 3.91501069e-01 4.98045981e-02 7.55897164e-02
    2.70279944e-01 7.07472205e-01 4.60195929e-01 5.51681042e-01
    5.72856307e-01 1.45646274e-01 5.42486012e-02 8.87374997e-01
    6.44992173e-01 5.36020398e-01 7.71634698e-01 2.06826746e-01
    9.66636062e-01 2.51287341e-01 5.29395580e-01 7.84119487e-01
    6.63088918e-01 8.57597828e-01 7.82692373e-01 7.24390090e-01
    4.90706503e-01 4.29826289e-01 9.71965313e-01 1.94291204e-01
    6.27000928e-01 7.62906909e-01 5.75782359e-01 5.23866117e-01
    3.16783786e-02 6.14797533e-01 7.59812713e-01 1.62815392e-01
    3.90469253e-01 8.16290259e-01 4.83560860e-02 3.12758565e-01
    1.43958896e-01 8.34893584e-01 7.15136945e-01 6.38170838e-02
    2.67550826e-01 9.33306813e-02 6.74546599e-01 1.86836541e-01
    2.09784478e-01 3.60013068e-01 6.05850399e-01 7.71636844e-01
    3.45077395e-01 3.34560275e-01 3.67098957e-01 2.85784245e-01
    6.23212576e-01 1.15245581e-03 6.05924606e-01 2.05966085e-01
    2.71772832e-01 1.38574660e-01 6.25866711e-01 2.47959554e-01
    4.07006562e-01 5.29985428e-01 1.41016394e-01 7.10870862e-01
    8.33254337e-01 2.15153158e-01 5.60856640e-01 8.31432581e-01
    5.69649100e-01 6.81915283e-01 8.17347467e-01 4.07763898e-01
    5.99823892e-02 4.81677532e-01 4.58790421e-01 9.27417517e-01
    5.73034406e-01 7.70911574e-02 8.86864781e-01 4.35835183e-01
    2.13474900e-01 7.00225711e-01 1.89400673e-01 5.28766215e-01
    1.70417339e-01 3.67354184e-01 1.57761902e-01 3.44992906e-01
    5.15637636e-01 3.29297006e-01 2.11937040e-01 8.67968857e-01
    1.08762532e-01 5.94229698e-01 4.19484466e-01 4.83145237e-01
    5.89162409e-01 9.80777800e-01 1.91948771e-01 9.61583257e-02
    4.20621932e-02 7.42424190e-01 9.61391330e-01 6.36281788e-01
    6.13662302e-02 4.99188662e-01 1.91325158e-01 9.31451917e-02
    5.70117712e-01 4.52529073e-01 7.86387146e-01 8.38615537e-01
    4.52178389e-01 6.57279849e-01 7.39719987e-01 4.79736894e-01
    3.80136609e-01 6.95853710e-01 7.44069457e-01 4.15626317e-01
    4.07928288e-01 1.71914667e-01 3.95096123e-01 2.87086189e-01
    4.20084208e-01 4.66676891e-01 5.56688130e-01 6.31652296e-01
    4.34794664e-01 1.92318141e-01 3.39143276e-02 9.11032796e-01
    4.01279956e-01 9.13520694e-01 7.23568022e-01 1.03453726e-01
    8.10033083e-01 5.45148134e-01 9.28856373e-01 7.19528913e-01
    7.82801807e-02 5.26668847e-01 9.77054656e-01 7.95421004e-03
    6.91257358e-01 1.47834450e-01 7.83665240e-01 8.37386549e-01
    2.15081573e-02 9.11100030e-01 7.44209886e-01 6.80830181e-01
    4.29061472e-01 1.64622128e-01 1.08742774e-01 1.66250229e-01 0. 0. 0.
    0. 0. 0. 0. 0. 0. 0. 0. 0. 0. 0. 0. 0. 7.32095242e-01 1.53640568e-01
    7.54482210e-01 7.65557408e-01 3.76064003e-01 5.32713711e-01
    6.11995876e-01 7.91562915e-01 3.76145929e-01 9.23243999e-01
    4.95989740e-01 8.30981255e-01 4.35305804e-01 1.47960812e-01
    9.45993364e-02 5.86684883e-01 1.87003016e-02 2.50981927e-01
    3.35893452e-01 4.56131160e-01 7.66680241e-01 6.54804111e-01
    4.06363428e-01 4.80907738e-01 3.08986992e-01 2.00564861e-02
    4.05713558e-01 1.98153168e-01 5.99375725e-01 6.98243976e-01
    3.19506288e-01 4.87097532e-01 3.20918202e-01 4.89553720e-01
    6.27733052e-01 4.43596542e-01 8.67131770e-01 9.10699844e-01
    3.84073913e-01 6.34995401e-02 4.97945368e-01 1.27523899e-01
    6.65805519e-01 2.20244557e-01 7.82402039e-01 8.43522072e-01
    6.99731112e-01 9.96001363e-01 5.62759042e-01 6.99167490e-01
    7.32570648e-01 8.13231230e-01 5.27482629e-01 9.33517456e-01
    1.10595733e-01 4.52378035e-01 3.04140687e-01 3.33011448e-02
    7.53764749e-01 6.78787231e-01 7.48496711e-01 9.03226733e-01
    3.86694491e-01 2.25912303e-01 5.35846114e-01 5.79636335e-01
    7.40950108e-01 6.59436584e-01 2.69665480e-01 9.85919714e-01
    7.83052146e-02 2.05040932e-01 7.13066399e-01 9.09461260e-01
    2.18128055e-01 4.20259386e-01 4.13630515e-01 9.85073447e-01
    1.82185531e-01 8.60440373e-01 8.43843818e-02 1.69792682e-01
    4.91293818e-01 5.98983765e-02 6.85944974e-01 3.93575370e-01
    6.93935752e-01 6.58278584e-01 9.95718956e-01 6.67364001e-02
    8.85079265e-01 4.15693402e-01 1.02258325e-01 2.77742207e-01
    8.53058577e-01 6.23515069e-01 9.04189110e-01 2.77645946e-01
    2.02926159e-01 2.13946104e-01 6.41548991e-01 1.84076488e-01
    7.96205997e-01 7.41425395e-01 9.37669516e-01 2.77642906e-02
    2.96490967e-01 6.61067307e-01 3.94042313e-01 2.24083990e-01
    4.18058753e-01 8.73002470e-01 7.30399430e-01 1.70200318e-01
    3.96593094e-01 9.42043185e-01 8.71881247e-02 7.61551142e-01
    8.17776680e-01 3.05984914e-01 6.85642242e-01 1.05148673e-01
    4.91051614e-01 7.33968616e-01 9.08679128e-01 9.23768997e-01
    4.92311358e-01 1.74901813e-01 1.14297390e-01 5.18640816e-01
    5.31061649e-01 3.98215413e-01 7.55359650e-01 5.66661358e-02
    7.27057219e-01 2.24709511e-05 4.90544796e-01 3.97744775e-01
    7.19440997e-01 9.80530024e-01 6.63715601e-01 6.35212898e-01
    1.10788882e-01 6.17180347e-01 7.96505213e-01 1.65448189e-02
    2.25876391e-01 9.33680058e-01 2.87142009e-01 7.44158030e-03
    1.61279351e-01 3.92372370e-01 9.55155373e-01 8.86203647e-01
    1.88138664e-01 6.23405576e-01 4.97926831e-01 3.03272039e-01
    9.40274775e-01 7.42382884e-01 6.67456686e-01 3.63600731e-01
    6.69796348e-01 1.93750858e-02 5.58914661e-01 2.72766650e-01
    2.86299706e-01 9.26972628e-02 3.65137309e-01 8.20040464e-01
    1.73509151e-01 1.13120437e-01 9.63132381e-02 3.09899151e-01
    3.83180112e-01 3.38925958e-01 5.56226909e-01 6.03110909e-01
    5.16846001e-01 8.53121877e-01 6.61773920e-01 1.68891758e-01
    7.44397163e-01 7.79812992e-01 3.73809755e-01 1.59671396e-01
    5.62715590e-01 6.26405954e-01 7.18246102e-02 6.04777873e-01
    8.78438354e-01 7.52248645e-01 1.45866841e-01 4.52533364e-03
    9.74249482e-01 6.83750927e-01 6.10325694e-01 7.35364735e-01
    4.60812807e-01 7.54778683e-02 3.87904942e-02 1.69634163e-01
    9.10722494e-01 5.27711809e-01 3.42364311e-01 2.18156636e-01
    6.87765360e-01 3.48820448e-01 3.18275332e-01 1.86535180e-01
    5.50969720e-01 3.58198166e-01 9.74478900e-01 3.89335573e-01
    9.73217607e-01 1.54336840e-01 9.59752440e-01 6.77591324e-01
    4.28167999e-01 1.08128875e-01 9.10302579e-01 4.85426575e-01
    7.48181701e-01 1.51754647e-01 7.27977574e-01 5.83538711e-02
    7.00361609e-01 2.76139885e-01 2.53780127e-01 8.88537407e-01
    8.71458173e-01 8.96710515e-01 5.22308230e-01 2.36309737e-01
    8.46032262e-01 1.39499545e-01 1.16246253e-01 4.21217948e-01
    2.97899842e-01 4.98826712e-01 4.74809676e-01 8.82010341e-01
    9.86319482e-02 1.64981484e-02 7.64628708e-01 2.44261295e-01
    1.86254829e-01 1.10833198e-01 1.54979169e-01 8.02462578e-01
    5.56898952e-01 2.22562969e-01 8.86957884e-01 3.66809487e-01
    7.49891102e-01 9.52815056e-01 0. 0. 0. 0. 0. 0. 0. 0. 0. 0. 0. 0. 0.
    0. 0. 0. 7.57364631e-01 4.38138723e-01 7.62216270e-01 6.63102508e-01
    4.08082187e-01 1.20927691e-01 2.78892159e-01 6.11614645e-01
    3.18973929e-01 8.29155684e-01 8.30726385e-01 8.17850530e-01
    1.85233414e-01 5.54267108e-01 9.88802075e-01 3.13129812e-01
    9.32350099e-01 6.48984551e-01 7.54292309e-02 3.86255383e-01
    7.42024064e-01 9.38655436e-01 9.62246776e-01 6.06462419e-01
    6.12011850e-01 4.32520956e-01 7.59684563e-01 8.78979385e-01
    5.65491796e-01 1.57654881e-02 3.55614364e-01 2.71401942e-01
    1.46954656e-02 6.11835897e-01 2.63928473e-01 8.35961223e-01
    8.17174554e-01 5.55294693e-01 9.49165106e-01 2.90183067e-01
    5.27006865e-01 3.47632349e-01 1.97684765e-01 2.85852700e-01
    3.80993932e-01 9.02921081e-01 4.48517501e-02 6.53158903e-01
    5.87330818e-01 6.40712559e-01 2.39442438e-01 2.50219703e-01
    7.22733855e-01 2.92642593e-01 3.28678071e-01 5.92513323e-01
    3.90158653e-01 9.30542946e-01 4.67580467e-01 9.81231153e-01
    8.11663151e-01 5.39575577e-01 6.05346024e-01 5.93410373e-01
    8.35301280e-01 4.11563218e-01 6.73554659e-01 7.95690954e-01
    7.20798135e-01 2.36649483e-01 2.07125187e-01 8.47861171e-02
    6.95225894e-01 3.10751915e-01 2.05944568e-01 6.62047267e-01
    6.34396315e-01 3.45761597e-01 2.13280857e-01 3.83498460e-01
    4.85008955e-03 5.85174501e-01 5.02030790e-01 6.41216815e-01
    4.41497862e-02 1.44381553e-01 3.08947802e-01 5.30062497e-01
    4.10460114e-01 8.59598696e-01 4.19773608e-01 3.57361495e-01
    7.93722272e-01 3.32321793e-01 5.71022928e-01 6.07509792e-01
    5.71727693e-01 9.82114673e-01 9.16804194e-01 6.83635831e-01
    2.74009347e-01 1.78093165e-01 1.98655158e-01 4.65411007e-01
    7.36640275e-01 6.14324033e-01 7.13173151e-01 1.32241517e-01
    1.28887892e-02 3.51707429e-01 9.28518653e-01 3.31666231e-01
    1.15021169e-01 5.18791020e-01 7.99773991e-01 3.70638967e-02
    1.92774624e-01 8.41348588e-01 9.75280523e-01 2.31491208e-01
    4.98132378e-01 5.75636566e-01 9.57805336e-01 4.85190541e-01
    6.70257211e-03 9.13823545e-02 7.74368286e-01 3.80056620e-01
    2.68055499e-02 9.08752203e-01 4.36980098e-01 2.34228730e-01
    2.20617145e-01 4.45366025e-01 9.41281676e-01 7.01817930e-01
    5.32693386e-01 4.03743237e-01 7.54805207e-02 4.26497072e-01
    2.91768372e-01 4.46984917e-01 3.26556265e-01 2.87281036e-01
    6.23508155e-01 7.55167782e-01 6.58041596e-01 7.58780122e-01
    8.20786357e-01 9.61311102e-01 5.01894653e-01 1.14162385e-01
    6.74701035e-01 2.64308691e-01 8.85812759e-01 3.91066134e-01
    2.42832601e-01 7.05354333e-01 3.22610319e-01 5.33290744e-01
    5.93555570e-01 5.40788472e-01 3.01643938e-01 1.36044532e-01
    6.49668932e-01 4.22587216e-01 5.25242209e-01 4.52983379e-03
    1.59445912e-01 7.28346705e-01 4.56424028e-01 8.80287588e-02
    4.19564426e-01 3.98601413e-01 4.41831201e-01 1.45623595e-01
    8.04350019e-01 2.04013944e-01 3.03353071e-01 8.79201889e-01
    6.76583767e-01 5.92778563e-01 3.87931466e-01 1.96847439e-01
    2.43579745e-01 6.09329343e-01 4.05809999e-01 1.21203452e-01
    6.39367998e-01 3.93875539e-02 5.82385659e-01 1.65063769e-01
    6.43490553e-01 8.90716076e-01 1.60999984e-01 8.91516507e-02
    1.55384868e-01 9.54561472e-01 1.92741841e-01 6.39846683e-01
    3.20079267e-01 7.77471662e-01 4.32278991e-01 7.67773628e-01
    4.85194027e-01 7.31943071e-01 1.16803378e-01 7.21397221e-01
    7.41387010e-02 1.95287943e-01 3.30409646e-01 3.06585371e-01
    8.56004834e-01 2.48151302e-01 2.26019323e-02 5.31450987e-01
    4.57872868e-01 4.03396666e-01 3.33464980e-01 6.17158532e-01
    6.27275825e-01 6.73498511e-01 3.03411990e-01 7.28584766e-01
    9.79832351e-01 9.10564959e-02 5.75818658e-01 3.91240418e-01
    4.56625849e-01 2.73345411e-01 2.19350338e-01 3.44928354e-01
    4.79748219e-01 6.78182602e-01 5.25500476e-02 4.05063927e-01
    7.09557533e-03 6.27977252e-01 2.88824618e-01 5.97855389e-01
    4.58072841e-01 5.45845091e-01 9.27279174e-01 1.79641545e-01
    7.16269851e-01 5.93430758e-01 5.95485151e-01 3.44291836e-01
    4.83751297e-03 8.76544714e-01 4.30929512e-01 3.27003598e-01
    5.77933490e-01 9.84698713e-01 1.92845315e-01 1.16948336e-01 0. 0. 0.
    0. 0. 0. 0. 0. 0. 0. 0. 0. 0. 0. 0. 0. 4.35803831e-01 3.77407670e-01
    1.98099017e-03 3.84095728e-01 3.79754305e-01 8.28917205e-01
    5.52636027e-01 2.05922216e-01 1.96825922e-01 4.70377743e-01
    1.14086568e-02 6.34937525e-01 5.75578213e-01 2.02684581e-01
    6.57768190e-01 7.03981519e-01 4.64776397e-01 4.61113930e-01
    3.78926396e-01 2.74275452e-01 2.84032017e-01 9.92837667e-01
    8.73435020e-01 2.17577428e-01 6.76200330e-01 4.09934878e-01
    6.81722283e-01 3.14604819e-01 6.89372420e-01 9.49004889e-02
    6.50600076e-01 8.92097473e-01 9.90361631e-01 3.43129277e-01
    1.57054573e-01 9.03855443e-01 5.20731032e-01 5.51261067e-01
    6.09951198e-01 1.20871097e-01 4.05351102e-01 9.74844754e-01
    6.28019214e-01 3.10311317e-02 9.44521904e-01 9.94209290e-01
    6.77292526e-01 4.59480584e-01 9.82930183e-01 9.01829004e-01
    9.44461346e-01 3.95125985e-01 9.94142056e-01 2.04850763e-01
    3.73258770e-01 7.22528100e-02 9.40726280e-01 5.46598256e-01
    5.83907366e-01 6.14017606e-01 5.94312429e-01 3.73152465e-01
    6.66770101e-01 6.27959847e-01 4.79797393e-01 1.66842461e-01
    9.32799220e-01 9.06383634e-01 7.22189784e-01 8.80317688e-01
    3.35212797e-01 5.11214972e-01 5.16516268e-01 3.45778883e-01
    9.67647612e-01 5.24202168e-01 8.04155886e-01 4.24581230e-01
    7.19146013e-01 6.09576285e-01 6.64734602e-01 6.96726859e-01
    8.78363490e-01 9.99653935e-01 7.55661070e-01 8.05816770e-01
    6.15654945e-01 1.84811622e-01 6.66176200e-01 6.73500955e-01
    7.03144968e-02 9.69633996e-01 6.07071280e-01 5.70794046e-01
    8.26603174e-01 5.45662165e-01 1.13130927e-01 9.73769248e-01
    8.94417405e-01 3.71435881e-02 6.06940329e-01 8.31180990e-01
    2.93413937e-01 1.43950135e-01 8.71110976e-01 8.17849159e-01
    7.12513208e-01 2.07472354e-01 3.57971221e-01 4.63519305e-01
    1.64456874e-01 2.32093692e-01 8.37307096e-01 4.89117593e-01
    2.82483459e-01 2.71373987e-02 9.89385962e-01 2.74971247e-01
    8.65947247e-01 3.24549675e-02 1.12754822e-01 4.23881084e-01
    7.99209833e-01 6.33897185e-01 7.91185796e-01 1.63488775e-01
    8.28845918e-01 7.22187519e-01 6.70020103e-01 3.88949871e-01
    6.98787749e-01 3.76281202e-01 4.10023302e-01 2.28996038e-01
    3.48173469e-01 8.51617277e-01 9.32835460e-01 4.76298869e-01
    1.96144700e-01 5.22297621e-01 6.98593736e-01 9.18826461e-01
    3.93590748e-01 8.00510645e-01 2.74740100e-01 9.86208081e-01
    6.99234962e-01 2.22709954e-01 9.51273024e-01 7.00330734e-01
    2.46039987e-01 6.32489741e-01 3.46721917e-01 5.61413407e-01
    5.34178078e-01 1.31570071e-01 2.96157360e-01 1.58328444e-01
    5.19560993e-01 4.93571073e-01 9.40837860e-01 5.98796070e-01
    5.22711277e-01 6.49881482e-01 9.40554202e-01 6.37262225e-01
    8.66969228e-01 3.04384977e-01 3.05524647e-01 4.52122569e-01
    4.39310521e-01 5.60213625e-01 4.61132109e-01 7.18443036e-01
    2.38001347e-03 3.65479529e-01 2.66858816e-01 4.47934955e-01
    9.38522339e-01 3.48543644e-01 4.41713452e-01 1.33688152e-02
    6.18607163e-01 1.39589161e-01 1.76931024e-02 6.07678354e-01
    1.40867412e-01 9.58831549e-01 3.79782140e-01 5.00956655e-01
    7.75572538e-01 1.98921353e-01 3.33768368e-01 6.25994205e-02
    3.01193297e-02 6.26968443e-01 3.56172144e-01 8.30238104e-01
    2.49181211e-01 8.20071220e-01 6.42862499e-01 5.15030980e-01
    2.23591208e-01 9.14899886e-01 7.31826067e-01 7.30549455e-01
    7.99421430e-01 4.18108106e-01 8.71788144e-01 4.58839685e-01
    5.56207061e-01 2.26737559e-02 4.05473948e-01 8.27391505e-01
    3.31097782e-01 8.80271435e-01 1.20677471e-01 4.41880435e-01
    6.09129727e-01 3.71077359e-01 1.66166872e-01 6.79989815e-01
    1.86261833e-01 3.25457871e-01 8.06075573e-01 3.60475987e-01
    8.13709736e-01 6.95058525e-01 5.61159909e-01 1.73532069e-02
    9.89265442e-01 3.08085144e-01 4.59189892e-01 6.92089856e-01
    8.54352891e-01 4.95945901e-01 4.69694912e-01 1.60933673e-01
    1.30174726e-01 8.95634294e-01 7.98223317e-02 7.08185673e-01
    8.04790735e-01 8.46159101e-01 9.90481019e-01 1.90763682e-01
    7.96332240e-01 9.29626942e-01 3.64170372e-01 6.48082435e-01
    1.13473237e-01 8.87379646e-01 9.84660089e-01 3.46394777e-01
    3.49024862e-01 7.54797578e-01 0. 0. 0. 0. 0. 0. 0. 0. 0. 0. 0. 0. 0.
    0. 0. 0. 4.85139281e-01 2.03350097e-01 7.49743640e-01 2.18951583e-01
    6.62787020e-01 1.56101376e-01 7.25858033e-01 9.58094835e-01
    8.88796985e-01 1.76232040e-01 2.82645524e-02 1.00937039e-01
    3.92171323e-01 5.13109982e-01 9.80602741e-01 5.44955730e-02
    9.82670367e-01 1.41166240e-01 5.69502234e-01 3.07591856e-01
    7.50971496e-01 4.66196418e-01 4.47394788e-01 8.78706813e-01
    2.38361716e-01 2.13259608e-01 4.60418940e-01 1.51969135e-01
    9.06706452e-02 9.63510394e-01 7.07279563e-01 9.33080554e-01
    6.11755431e-01 2.18905181e-01 7.69846916e-01 3.32150519e-01
    1.45848721e-01 1.72489643e-01 6.01693571e-01 4.60823476e-02
    9.88557935e-01 3.22222352e-01 1.77476168e-01 1.92215830e-01
    5.59819877e-01 6.60905659e-01 7.83338547e-01 3.37906957e-01
    3.46679151e-01 7.39651561e-01 2.33540148e-01 5.11993170e-01
    4.82807159e-01 8.98772478e-01 9.64575410e-02 5.81944585e-01
    3.06381583e-01 4.49030519e-01 8.08051467e-01 7.07401693e-01
    6.11433208e-01 5.08846879e-01 5.59529603e-01 9.52737570e-01
    4.43381608e-01 2.60224164e-01 3.66421461e-01 6.30154550e-01
    3.76880765e-02 2.52328813e-01 2.71079272e-01 5.36004007e-01
    7.38966942e-01 3.07362676e-01 1.78373039e-01 9.21350479e-01
    6.33238912e-01 1.15447730e-01 8.25786531e-01 9.69955921e-01
    4.11157548e-01 2.70953327e-01 5.61962903e-01 9.44515467e-01
    7.67058790e-01 6.03634179e-01 9.63437855e-01 3.25042844e-01
    3.95488769e-01 1.37612015e-01 2.85687029e-01 2.85098016e-01
    5.66798329e-01 9.40726817e-01 1.04533911e-01 9.99352634e-01
    1.20566726e-01 1.14987671e-01 6.99126720e-02 8.03474903e-01
    6.70012236e-01 8.74768436e-01 8.63246560e-01 4.47368026e-01
    5.44680893e-01 3.92535836e-01 9.60942686e-01 8.50960791e-01
    3.46053183e-01 2.85493851e-01 3.63593042e-01 9.02114391e-01
    5.94899058e-02 2.78442234e-01 5.05950332e-01 1.72112763e-01
    1.93943113e-01 5.65154791e-01 3.09374630e-02 5.59709430e-01
    8.18314910e-01 8.03406715e-01 7.15049505e-01 4.63687688e-01
    7.23541737e-01 5.67640364e-01 3.45154971e-01 3.32703590e-01
    3.80294144e-01 6.08469367e-01 3.73738706e-02 5.56426466e-01
    9.88621593e-01 4.75870043e-01 6.73947930e-01 6.10172272e-01
    6.33605838e-01 8.88167799e-01 1.73161566e-01 9.65325236e-01
    7.45938420e-02 2.05919832e-01 7.67160296e-01 1.69115365e-02
    2.53195941e-01 2.55230010e-01 9.83983278e-03 6.85836971e-02
    6.44940257e-01 4.08538252e-01 8.06131482e-01 6.93163097e-01
    8.96248281e-01 6.91046476e-01 6.15457714e-01 6.58503294e-01
    5.39082468e-01 3.87671798e-01 2.12147802e-01 1.58667564e-04
    3.15669715e-01 9.80368435e-01 4.97629583e-01 2.37135142e-01
    9.90118742e-01 9.31079149e-01 4.11463678e-01 5.28233945e-02
    2.69120485e-01 2.86598206e-02 9.04938281e-02 8.39278400e-01
    8.17482114e-01 5.13941348e-02 5.86957932e-01 2.84100592e-01
    4.07159299e-01 6.30134344e-01 5.64403474e-01 5.17123580e-01
    1.56847745e-01 5.78516722e-01 2.68224716e-01 4.44740057e-02
    1.74320608e-01 5.55874050e-01 1.36230230e-01 5.20116210e-01
    1.27052724e-01 4.30613071e-01 3.08373094e-01 3.64810228e-02
    1.46363914e-01 4.54978675e-01 2.30382174e-01 5.49184382e-02
    7.06236422e-01 9.03194189e-01 8.83528650e-01 3.88614208e-01
    3.36766958e-01 1.49526268e-01 3.38806033e-01 9.97710705e-01
    6.04692161e-01 1.42968118e-01 8.19244027e-01 7.59330988e-01
    8.55676293e-01 7.03097582e-02 4.92648333e-01 6.65820837e-01
    1.44883573e-01 7.90583014e-01 4.17330891e-01 2.46540397e-01
    5.75783849e-03 3.82478923e-01 5.22000909e-01 6.92100883e-01
    7.80074835e-01 2.00950801e-02 7.01558590e-01 3.83177996e-02
    3.26600194e-01 2.23099917e-01 7.28446186e-01 8.89298797e-01
    3.57383281e-01 7.79594660e-01 2.07896262e-01 9.36634421e-01
    3.58283699e-01 2.09352642e-01 1.12813175e-01 3.04179430e-01
    7.69046307e-01 3.08384806e-01 5.34516692e-01 7.14384675e-01
    6.31130874e-01 5.98701656e-01 1.37247831e-01 7.67816782e-01
    5.52601993e-01 1.89531177e-01 4.25838023e-01 5.42070329e-01
    1.02764666e-02 4.79077399e-01 1.70101404e-01 7.38968611e-01
    7.63680696e-01 1.80207193e-01 8.64921212e-02 5.29619694e-01 0. 0. 0.
    0. 0. 0. 0. 0. 0. 0. 0. 0. 0. 0. 0. 0. 3.45106721e-01 8.90564799e-01
    5.07474422e-01 3.27511281e-01 2.33115584e-01 3.91209036e-01
    2.13192314e-01 7.61806369e-01 5.14201820e-01 6.05424345e-01
    4.66820806e-01 5.48323631e-01 2.13533551e-01 3.31463218e-01
    2.60869831e-01 5.31540096e-01 3.80430222e-02 8.25970948e-01
    9.26098466e-01 8.27542067e-01 3.45330775e-01 2.30696619e-01
    2.80106187e-01 3.31690103e-01 7.13266850e-01 3.91994298e-01
    8.72228980e-01 3.54449391e-01 5.74020743e-01 2.84801841e-01
    4.38093662e-01 1.76510811e-01 3.46485078e-02 3.75530779e-01
    7.22299993e-01 7.01262593e-01 8.40450883e-01 9.23242033e-01
    8.07695687e-02 9.16677654e-01 5.68869770e-01 2.36126631e-01
    3.11296761e-01 9.37382698e-01 4.40477729e-02 8.03060532e-02
    5.95039129e-01 6.83629990e-01 8.51454616e-01 4.25053030e-01
    5.30708134e-01 3.37112665e-01 6.98281050e-01 9.81286705e-01
    1.67935133e-01 7.25321293e-01 7.70706832e-01 4.42701191e-01
    3.37235034e-01 8.56422067e-01 4.81017500e-01 6.50731802e-01
    8.04885030e-02 5.26111603e-01 4.81757492e-01 9.81349826e-01
    2.22172141e-02 9.55060959e-01 3.86899650e-01 3.49438041e-01
    8.88873339e-01 8.25863004e-01 9.40886259e-01 4.56107676e-01
    5.26453853e-01 4.14692134e-01 5.13882995e-01 6.15206838e-01
    2.27221668e-01 3.53311241e-01 3.24057817e-01 3.62494588e-02
    9.38133001e-02 3.07660699e-01 6.38152838e-01 2.68138230e-01
    4.31150645e-01 7.45789886e-01 2.43333399e-01 6.15326166e-02
    3.69304121e-01 8.71933818e-01 4.96817499e-01 2.18409300e-03
    5.15971839e-01 5.60177028e-01 5.66588223e-01 9.18116570e-01
    4.10231203e-01 3.69594455e-01 4.13658559e-01 8.57370675e-01
    9.48572159e-01 8.34870517e-01 1.30511224e-01 7.66392410e-01
    4.50004637e-02 3.86003673e-01 8.62761617e-01 5.83870053e-01
    8.89615059e-01 1.57878429e-01 4.35290217e-01 4.14099842e-01
    3.48290205e-02 6.59929574e-01 3.41234773e-01 8.37917566e-01
    1.99267566e-02 4.00094092e-01 6.63900077e-02 1.99816763e-01
    8.98657620e-01 6.89938426e-01 3.69595826e-01 7.42535353e-01
    9.38465714e-01 1.58285499e-02 8.64376724e-01 2.73845077e-01
    7.09140360e-01 3.37627828e-02 7.56114423e-01 1.80202723e-03
    5.89968443e-01 7.81113088e-01 1.36329144e-01 9.43807125e-01
    6.08256161e-01 1.69396341e-01 8.23291719e-01 4.52507317e-01
    1.12327099e-01 7.13812292e-01 9.24810290e-01 4.53307509e-01
    6.70835674e-01 2.32770264e-01 4.07129735e-01 7.38012433e-01
    8.52094889e-01 1.24529183e-01 3.80935907e-01 1.55954570e-01
    7.85210729e-01 9.04915690e-01 3.49981010e-01 9.17691052e-01
    3.98251712e-01 9.82270837e-01 3.26185882e-01 7.32851863e-01
    5.02364397e-01 9.01962876e-01 4.80074823e-01 7.28166163e-01
    1.93188667e-01 7.42349982e-01 6.87008739e-01 3.66022974e-01
    7.40221143e-02 5.96595049e-01 3.38602006e-01 6.07564449e-01
    9.09411907e-03 7.15365171e-01 4.95190263e-01 4.11802471e-01
    6.23753607e-01 6.65918648e-01 2.61328697e-01 4.97609049e-01
    5.41451395e-01 7.97823668e-01 9.91904259e-01 9.13522840e-01
    2.13424534e-01 1.47227317e-01 3.06965530e-01 3.88704270e-01
    5.75656950e-01 4.42408890e-01 9.82850432e-01 1.10647440e-01
    1.75058395e-01 2.63670862e-01 4.75058556e-01 5.89077473e-01
    9.84445214e-01 6.87492311e-01 4.50160205e-01 2.14238107e-01
    2.61418879e-01 8.64945889e-01 9.82000649e-01 1.12222642e-01
    8.16378832e-01 4.83931214e-01 5.02116621e-01 8.18974257e-01
    6.91124558e-01 1.19683802e-01 9.21263039e-01 7.04570711e-01
    5.37644744e-01 8.28485012e-01 2.19787955e-02 2.33543277e-01
    9.66728210e-01 5.01102924e-01 1.22084260e-01 5.62748730e-01
    8.31687808e-01 9.39751506e-01 5.26124060e-01 8.51790071e-01
    1.27512753e-01 2.82179296e-01 7.82943606e-01 6.09349668e-01
    8.95887315e-02 5.49682975e-03 2.10395724e-01 4.02040005e-01
    3.87130082e-01 2.36327857e-01 3.50918710e-01 7.73710012e-01
    5.93955517e-01 4.75127429e-01 6.53505087e-01 9.41470385e-01
    6.37944400e-01 2.82736331e-01 9.98919785e-01 2.77624607e-01
    6.24598801e-01 4.18803334e-01 8.57433319e-01 2.49617487e-01
    8.88164878e-01 8.76130700e-01 9.97449636e-01 3.75734508e-01
    2.09978044e-01 5.49469948e-01 0. 0. 0. 0. 0. 0. 0. 0. 0. 0. 0. 0. 0.
    0. 0. 0. 4.75879729e-01 6.34648085e-01 6.83879614e-01 3.13036501e-01
    1.02603167e-01 8.18524778e-01 4.17487621e-01 2.61381835e-01
    5.57584465e-02 3.25269520e-01 5.19708455e-01 4.11171913e-01
    5.36084592e-01 1.50203288e-01 7.41784215e-01 2.24233150e-01
    2.65566707e-01 9.13541794e-01 7.33322024e-01 6.33480787e-01
    7.14066029e-01 3.62056136e-01 7.34810770e-01 5.55546939e-01
    3.09553206e-01 3.07995528e-01 4.14699316e-02 1.54442489e-02
    2.27746636e-01 6.59224391e-02 9.08846617e-01 1.67039156e-01
    9.60051417e-01 3.15697074e-01 1.67821348e-02 5.69186270e-01
    1.19576991e-01 8.82270634e-01 3.16253424e-01 5.07398725e-01
    2.85340965e-01 2.02002645e-01 6.78648412e-01 8.13354611e-01
    3.53923082e-01 1.94025189e-01 1.78022474e-01 4.29984808e-01
    2.20759213e-02 3.21406543e-01 5.15355885e-01 3.55583429e-03
    9.76541340e-01 4.91443098e-01 6.03704154e-02 8.95779371e-01
    3.51512283e-01 9.50630009e-02 6.59506023e-01 4.36233938e-01
    1.59829855e-02 5.88710546e-01 2.21866667e-01 6.06567502e-01
    9.35079694e-01 3.97305727e-01 8.36755812e-01 8.55825901e-01
    9.14360881e-02 3.57409447e-01 6.43240213e-01 4.71493334e-01
    8.32166195e-01 9.45017695e-01 3.81478578e-01 7.57539034e-01
    2.26156592e-01 1.59991860e-01 2.44343102e-01 4.98309702e-01
    7.58631706e-01 3.10554802e-01 8.94052565e-01 1.69412255e-01
    6.64533436e-01 6.93979800e-01 8.36528778e-01 5.28335929e-01
    3.67312789e-01 9.08589721e-01 3.72078955e-01 3.61823738e-01
    8.98565054e-01 5.00894964e-01 7.34292269e-01 5.96223056e-01
    4.66307461e-01 5.87388039e-01 1.89902008e-01 4.48675096e-01
    1.03551328e-01 3.61993730e-01 9.61618006e-01 3.21927965e-02
    5.38375974e-01 9.19331670e-01 2.97972381e-01 3.49386215e-01
    3.27756375e-01 9.58222628e-01 8.20036829e-01 9.69696939e-02
    4.15994257e-01 3.96626770e-01 4.11646098e-01 6.02099836e-01
    2.54270285e-01 3.24835718e-01 7.99420476e-03 3.83418500e-01
    2.50041664e-01 9.63488102e-01 9.22452807e-01 1.16965801e-01
    2.66944885e-01 9.32218313e-01 3.91212583e-01 2.61561871e-01
    9.23082888e-01 8.98676038e-01 6.55635059e-01 5.14990747e-01
    7.41234779e-01 8.24288487e-01 4.02717948e-01 2.40649819e-01
    2.24377811e-02 4.68685925e-01 8.51221204e-01 7.42977560e-01
    1.75438344e-01 9.00930524e-01 3.72489929e-01 8.30229163e-01
    8.84001017e-01 5.31324863e-01 5.09820640e-01 2.14510024e-01
    8.94463897e-01 2.57064164e-01 8.37890506e-02 5.04950702e-01
    8.24425817e-01 8.64071608e-01 1.46846145e-01 4.43585038e-01
    6.44667447e-01 1.82761103e-01 1.04407281e-01 6.83835030e-01
    8.61547709e-01 9.05007660e-01 5.98932385e-01 9.71167624e-01
    9.94792700e-01 4.69180584e-01 7.58593082e-01 9.82364535e-01
    8.49388480e-01 3.37842882e-01 9.29890990e-01 2.94757992e-01
    5.45286357e-01 2.31425464e-01 2.17147738e-01 4.95394140e-01
    4.08552974e-01 6.06893301e-01 5.29532492e-01 1.77052796e-01
    2.31882095e-01 6.08961523e-01 8.79130125e-01 4.87822175e-01
    4.83696878e-01 6.03453875e-01 1.05589926e-01 3.59047055e-02
    2.20029444e-01 2.63093412e-01 6.00624382e-01 2.62280762e-01
    2.46051997e-01 3.44371676e-01 9.99727607e-01 8.86573195e-01
    9.89810705e-01 3.01110953e-01 3.97681147e-01 7.02634871e-01
    8.31302643e-01 2.30467737e-01 9.77906346e-01 2.01658487e-01
    8.60195279e-01 4.33500171e-01 4.74375308e-01 6.39733493e-01
    9.40450549e-01 1.03618830e-01 9.46669638e-01 4.08020914e-01
    9.51522112e-01 8.02880287e-01 1.79526210e-01 1.48253530e-01
    5.01443565e-01 3.90109092e-01 1.71349019e-01 3.96043777e-01
    1.67870790e-01 9.57752883e-01 9.55808282e-01 7.65170455e-01
    5.72839677e-02 2.26617694e-01 7.27562010e-02 9.83494222e-02
    8.87038767e-01 9.68860388e-02 6.94852054e-01 9.02342796e-03
    5.94761491e-01 8.76229465e-01 5.38782716e-01 2.42683679e-01
    2.68155277e-01 4.11107123e-01 9.95472670e-01 9.03690934e-01
    9.73667800e-01 6.60675883e-01 1.78310007e-01 3.30196410e-01
    7.24281788e-01 1.85308307e-01 6.10790312e-01 5.48714101e-01
    1.09113038e-01 9.91867840e-01 4.71838027e-01 8.26825559e-01
    3.84294957e-01 9.51969266e-01 1.34639204e-01 9.96622741e-02 0. 0. 0.
    0. 0. 0. 0. 0. 0. 0. 0. 0. 0. 0. 0. 0. 5.43954194e-01 7.19119012e-02
    7.97268748e-02 2.50259072e-01 3.82812440e-01 7.76440740e-01
    4.87648100e-01 6.19210541e-01 3.77123535e-01 6.36983871e-01
    7.92761445e-01 6.20113909e-02 9.70681489e-01 9.75398719e-02
    9.37868059e-01 2.63696790e-01 8.62362862e-01 5.67423344e-01
    4.04332310e-01 9.76392031e-01 5.03836691e-01 2.60683358e-01
    9.44757998e-01 3.74522150e-01 6.61890745e-01 3.73912543e-01
    4.02809978e-01 2.89012671e-01 6.91634953e-01 5.64044118e-02
    9.17716146e-01 9.60244179e-01 7.39539981e-01 8.23496461e-01
    7.06801772e-01 9.38671350e-01 8.28641057e-01 5.72750926e-01
    7.32658803e-02 4.60468471e-01 5.03396571e-01 5.93388081e-01
    9.86110449e-01 2.17315853e-01 5.95696568e-01 8.71656060e-01
    6.92175925e-01 7.65616775e-01 2.03713775e-02 3.07609409e-01
    4.86196578e-02 9.99851823e-01 7.02046573e-01 8.85329127e-01
    4.15741861e-01 1.93358570e-01 5.38835108e-01 3.13434333e-01
    1.45720124e-01 2.51457155e-01 2.78347790e-01 2.11289197e-01
    2.48121917e-02 6.68253005e-01 3.28336954e-02 8.09326053e-01
    5.07689178e-01 3.43149900e-01 9.07410860e-01 2.81531751e-01
    1.37815773e-02 9.13683891e-01 6.81874335e-01 2.89282322e-01
    9.44750786e-01 3.19587290e-01 3.74038041e-01 1.90481335e-01
    8.69873047e-01 4.99297976e-02 1.77461296e-01 2.11295575e-01
    6.62974536e-01 5.10248363e-01 2.77209193e-01 1.33467674e-01
    3.76049548e-01 3.91704261e-01 2.44548500e-01 1.21800393e-01
    8.83332551e-01 6.48486674e-01 2.32047439e-02 1.32386178e-01
    5.21994114e-01 8.28271329e-01 6.43154979e-01 8.55665922e-01
    5.11662126e-01 3.44356507e-01 8.97486508e-02 6.18410766e-01
    4.14522409e-01 3.96500021e-01 8.18360507e-01 3.94713938e-01
    7.83048987e-01 2.41126448e-01 9.24859643e-02 7.12473094e-01
    5.96059084e-01 1.64759427e-01 1.73145264e-01 1.52192593e-01
    2.05581427e-01 5.80021262e-01 8.88290405e-02 1.88525945e-01
    4.83084232e-01 5.77453792e-01 6.80491090e-01 6.79974258e-02
    3.07077020e-01 3.65446687e-01 3.42636287e-01 4.58974689e-01
    7.47864366e-01 5.77775180e-01 8.12586665e-01 5.02054214e-01
    6.84633613e-01 7.79620588e-01 5.31549931e-01 6.08551323e-01
    6.09259248e-01 3.34694505e-01 5.62775135e-01 9.11227703e-01
    7.00824618e-01 2.57636786e-01 3.93325597e-01 2.65360326e-01
    3.20691407e-01 6.51106894e-01 4.36848134e-01 3.32748711e-01
    5.75839281e-02 6.67971373e-01 4.09673452e-02 1.03198946e-01
    3.38719964e-01 7.73940861e-01 2.53332168e-01 9.82668579e-01
    5.12824059e-01 6.70396388e-01 1.99621499e-01 8.69058967e-02
    2.38420933e-01 1.69761002e-01 3.10503483e-01 1.53430998e-02
    3.34623963e-01 7.64670253e-01 4.34907079e-01 8.50032210e-01
    1.24298751e-01 5.00862181e-01 9.25211787e-01 5.98382890e-01
    1.38880104e-01 6.42821252e-01 7.23143339e-01 6.56903565e-01
    6.00450635e-01 5.80534637e-02 3.14556360e-01 1.43810391e-01
    1.40175462e-01 3.35503727e-01 6.86436892e-01 8.70071769e-01
    5.30348301e-01 5.83130062e-01 5.85902929e-01 6.48078382e-01
    7.61895061e-01 5.86758852e-01 2.44375885e-01 2.17351198e-01
    9.79381680e-01 6.18147254e-02 1.17163211e-01 9.85209823e-01
    2.88384885e-01 2.06345797e-01 1.19974345e-01 6.75453067e-01
    6.36916995e-01 9.33502674e-01 9.31815743e-01 6.82025194e-01
    7.54775584e-01 2.00228453e-01 1.05473340e-01 1.77494466e-01
    6.62976623e-01 2.04878092e-01 9.12777543e-01 9.38150227e-01
    6.71066284e-01 4.13331687e-01 6.50811315e-01 6.52320147e-01
    9.39089775e-01 4.15577978e-01 2.43657172e-01 1.87741995e-01
    1.00422472e-01 8.51347446e-01 5.11692226e-01 8.03968012e-01
    6.58101022e-01 9.70413923e-01 7.52925992e-01 4.45190847e-01
    4.93031442e-02 1.76483780e-01 3.08213890e-01 5.28031230e-01
    4.34191793e-01 2.68781304e-01 6.13731086e-01 2.65639961e-01
    3.25202942e-01 5.44834554e-01 2.96845078e-01 5.79930842e-01
    8.01522017e-01 1.53620839e-01 5.90681970e-01 1.20591223e-02
    7.75749505e-01 3.21554601e-01 7.18897700e-01 1.71080768e-01
    5.50422311e-01 7.01260328e-01 4.78772432e-01 1.49044275e-01
    7.95660973e-01 7.61728764e-01 5.94236553e-02 9.88617897e-01
    9.59840417e-02 6.04369700e-01 0. 0. 0. 0. 0. 0. 0. 0. 0. 0. 0. 0. 0.
    0. 0. 0. 1.50308251e-01 6.26363814e-01 3.45989019e-01 4.80908155e-03
    3.16379786e-01 9.43766594e-01 1.96826488e-01 2.63576686e-01
    4.04123366e-01 2.18680918e-01 7.42169976e-01 7.04472363e-01
    1.77838832e-01 3.87851983e-01 3.72324139e-01 5.60912669e-01
    9.40484762e-01 3.03181589e-01 5.21859527e-02 6.97897077e-01
    8.50450695e-01 8.13124299e-01 7.77613819e-02 4.05131578e-02
    9.33769584e-01 4.03059781e-01 7.24689960e-01 1.58269227e-01
    9.08631921e-01 2.65709281e-01 8.77241313e-01 8.63760829e-01
    9.13223505e-01 1.20335221e-02 7.71137714e-01 2.30962336e-02
    5.76662660e-01 7.78391719e-01 1.32637858e-01 5.24686992e-01
    1.34358495e-01 7.12865829e-01 4.65172231e-01 2.69887000e-01
    6.88952029e-01 2.69083560e-01 7.38772869e-01 5.09637833e-01
    7.23773241e-03 5.08823156e-01 3.66288722e-01 3.16743255e-02
    9.58632946e-01 3.44329029e-01 8.92102003e-01 4.50109333e-01
    6.28906727e-01 6.93243086e-01 3.74984175e-01 5.15908062e-01
    2.87869632e-01 3.92694890e-01 9.28949654e-01 5.00094891e-01
    9.18697953e-01 6.34001851e-01 3.09703231e-01 6.05106652e-01
    6.83455825e-01 5.72153568e-01 8.25175762e-01 7.21554101e-01
    7.29875684e-01 1.06520981e-01 1.15470052e-01 3.47242534e-01
    5.52980125e-01 5.27700663e-01 7.25612998e-01 2.01110005e-01
    8.51815462e-01 5.32983303e-01 2.03249633e-01 7.90411234e-01
    5.45309722e-01 1.39280528e-01 5.76223195e-01 9.04630184e-01
    6.60617590e-01 1.99975431e-01 2.04966158e-01 2.39569187e-01
    1.17367089e-01 5.14995039e-01 8.34177256e-01 3.01227272e-01
    2.36540467e-01 5.96330583e-01 2.90527344e-02 4.09088165e-01
    3.39767456e-01 9.97721076e-01 3.53106558e-01 2.50012398e-01
    1.48076147e-01 2.98588574e-02 6.98308349e-02 3.36681962e-01
    4.84505326e-01 5.43353438e-01 9.26163077e-01 8.94029379e-01
    3.00639331e-01 6.86043799e-02 8.76139522e-01 6.05980396e-01
    6.05399668e-01 5.64175069e-01 7.30137587e-01 2.94190526e-01
    3.91227365e-01 4.75513339e-02 2.53789961e-01 7.03387380e-01
    3.98299575e-01 8.77728462e-02 6.34671450e-01 9.45381165e-01
    8.09163928e-01 3.66010904e-01 3.86251003e-01 1.57951832e-01
    8.41734648e-01 1.66074127e-01 7.41935730e-01 4.74425375e-01
    3.52295160e-01 9.75028038e-01 1.44205511e-01 5.77258170e-01
    7.75612473e-01 7.81909347e-01 2.55462468e-01 3.05045068e-01
    2.67307848e-01 1.46637946e-01 9.51798975e-01 4.32886064e-01
    6.71603203e-01 1.65871114e-01 9.33617115e-01 5.43458760e-01
    9.40215290e-01 5.60708463e-01 1.97900146e-01 9.10193563e-01
    6.83932006e-02 3.54921460e-01 1.28687292e-01 7.08808482e-01
    9.85619068e-01 1.91691935e-01 2.91517138e-01 8.06620300e-01
    7.33103454e-01 2.87837565e-01 6.32100105e-01 1.85262769e-01
    4.77102101e-02 9.56254959e-01 3.39447498e-01 9.89179969e-01
    4.60048676e-01 3.59051347e-01 1.49519742e-02 4.14881259e-01
    3.05702746e-01 6.15558982e-01 7.53686786e-01 8.64648581e-01
    2.85326779e-01 7.69865990e-01 5.35294533e-01 6.95816875e-02
    5.64172268e-01 7.56144643e-01 7.78654099e-01 1.74232900e-01
    6.16289020e-01 8.95476222e-01 3.88705760e-01 6.45927191e-02
    9.42245543e-01 3.21532696e-01 4.92518246e-01 1.18588865e-01
    2.57728934e-01 8.37311029e-01 5.98260760e-03 9.74511147e-01
    6.72301173e-01 2.61204243e-02 3.56298089e-02 9.16317463e-01
    7.59754777e-01 6.92996740e-01 6.36404932e-01 6.55787468e-01
    2.01524556e-01 3.02606702e-01 3.68737280e-01 9.57852364e-01
    7.15054870e-02 3.99944514e-01 1.46088332e-01 1.86235517e-01
    2.76148856e-01 5.03627479e-01 8.79219294e-01 1.66903436e-02
    1.97671890e-01 5.42825460e-01 5.44922233e-01 2.46918768e-01
    7.44781613e-01 8.19999635e-01 3.83825570e-01 7.22463012e-01
    4.23696131e-01 8.59596908e-01 1.26926631e-01 3.76802176e-01
    6.51674509e-01 4.34688151e-01 5.92249036e-01 7.60613322e-01
    3.95482153e-01 2.57537693e-01 3.94743562e-01 7.86073625e-01
    7.13568687e-01 7.63396382e-01 2.93870807e-01 3.08494866e-02
    3.14899713e-01 6.88100100e-01 3.58188689e-01 4.05824125e-01
    5.28426588e-01 8.59632611e-01 6.60316646e-01 9.38968539e-01
    3.43260556e-01 9.12065566e-01 7.97086120e-01 4.28214014e-01 0. 0. 0.
    0. 0. 0. 0. 0. 0. 0. 0. 0. 0. 0. 0. 0. 8.29948545e-01 6.38483882e-01
    7.02050209e-01 6.99372888e-01 4.51474756e-01 7.57607877e-01
    7.89905190e-01 2.78775573e-01 6.72474682e-01 8.25346529e-01
    3.28864306e-01 5.37487090e-01 5.20073473e-01 9.18825150e-01
    6.48029089e-01 1.52718127e-02 8.58163893e-01 9.32069540e-01
    6.70025945e-02 6.27804101e-01 5.70633888e-01 1.73445344e-01
    7.77864039e-01 8.14661145e-01 7.95571566e-01 2.60154009e-02
    9.36450243e-01 4.96111512e-02 4.55692679e-01 6.82309389e-01
    5.96997440e-01 5.43884993e-01 9.92636621e-01 7.42556274e-01
    4.53985691e-01 3.17443252e-01 3.58458906e-01 4.86983657e-02
    7.08023548e-01 3.21387649e-01 9.29347873e-01 8.62758338e-01
    7.05802321e-01 5.92917085e-01 6.65838480e-01 3.23877662e-01
    4.37826961e-01 5.47576725e-01 2.33603686e-01 9.70468700e-01
    7.69784212e-01 7.29272842e-01 9.98461783e-01 6.90119624e-01
    7.95805454e-01 8.05022120e-02 6.15266323e-01 7.36360013e-01
    3.45622897e-02 4.54346865e-01 6.62074506e-01 9.06436145e-02
    7.84678161e-02 9.53302383e-01 9.71789956e-02 8.29033852e-01
    8.10586035e-01 9.18636680e-01 2.51781762e-01 4.25941944e-01
    3.62259895e-01 4.44026589e-02 8.23133707e-01 4.13054705e-01
    2.52462924e-02 7.46250153e-01 8.50594878e-01 3.93134952e-01
    2.39271253e-01 4.03484076e-01 1.13034934e-01 4.34163511e-01
    9.22218263e-01 1.86612606e-01 6.83290601e-01 9.23158526e-01
    8.80393505e-01 8.92684460e-02 3.98317873e-01 5.66205740e-01
    8.78087580e-01 6.20184243e-01 2.97355950e-01 2.97119319e-01
    1.14150494e-01 9.89423394e-01 2.47608751e-01 8.55133533e-02
    5.60584664e-03 1.95722371e-01 8.34941864e-02 7.57681906e-01
    6.25993192e-01 2.95671642e-01 8.47015500e-01 2.07400113e-01
    8.46758962e-01 3.83544862e-02 6.27333522e-01 8.21441054e-01
    2.79188454e-01 3.45845193e-01 7.55647719e-02 3.29021394e-01
    2.81782925e-01 1.03832722e-01 1.43868625e-01 4.52208757e-01
    5.32646179e-01 3.09482515e-02 9.80622888e-01 6.69754267e-01
    4.76830900e-01 3.89307737e-04 9.82581973e-01 9.82717693e-01
    5.18359542e-01 9.58302498e-01 6.80678189e-02 6.66165471e-01
    2.36332268e-01 6.60706460e-02 2.53809899e-01 9.16329622e-02
    2.81720161e-01 7.81542420e-01 2.72749901e-01 4.99895364e-01
    4.57031786e-01 1.15623295e-01 9.78101194e-02 4.16509300e-01
    1.04036152e-01 8.94019246e-01 4.44996357e-02 1.03730857e-02
    2.42425710e-01 1.52404428e-01 5.91920853e-01 2.95065343e-01
    4.49472100e-01 6.03096724e-01 9.07968998e-01 5.60751677e-01
    2.86554545e-01 3.41440499e-01 2.35804051e-01 3.24555159e-01
    8.82166922e-02 7.96599686e-02 7.52119064e-01 6.84404969e-01
    3.60208690e-01 5.52179515e-01 9.51963186e-01 9.45542216e-01
    8.70249271e-01 9.26377773e-02 9.42778230e-01 3.13438773e-01
    2.57213652e-01 4.23433542e-01 9.78434503e-01 3.87438774e-01
    1.09768838e-01 1.09116584e-01 4.82410789e-01 4.21599299e-01
    3.44356865e-01 1.54932231e-01 8.59642565e-01 6.22554123e-01
    2.66907215e-01 5.10194778e-01 8.71644378e-01 1.09640658e-01
    9.22482610e-01 3.04105699e-01 5.71017087e-01 3.47147763e-01
    3.33118528e-01 8.55341852e-02 5.36281288e-01 4.77241069e-01
    3.84137034e-02 7.48396337e-01 1.65404111e-01 9.31658626e-01
    2.86121428e-01 8.14075112e-01 7.19285965e-01 2.75558710e-01
    2.11888403e-01 7.38587022e-01 1.81631297e-01 6.32037401e-01
    7.53262281e-01 6.81656957e-01 6.93112433e-01 4.02170330e-01
    3.94233435e-01 6.46473825e-01 8.70647430e-01 7.74185061e-01
    2.37648427e-01 2.96485931e-01 6.08865201e-01 3.57242525e-01
    6.04825556e-01 8.44841778e-01 5.41115344e-01 5.65708041e-01
    6.98125720e-01 6.75524175e-02 7.35783041e-01 1.10653460e-01
    5.50565958e-01 2.21220940e-01 9.59480286e-01 3.14353406e-02
    6.39092624e-02 5.23630321e-01 3.72785747e-01 5.12837648e-01
    2.02475429e-01 8.10999095e-01 4.26782966e-01 9.74008679e-01
    4.00421977e-01 8.86805177e-01 2.09648848e-01 1.60110176e-01
    6.33344710e-01 2.42139697e-01 4.10765380e-01 2.65937924e-01
    9.66842890e-01 1.06168270e-01 1.11923337e-01 9.21559453e-01
    2.20910072e-01 5.80049157e-02 8.85641575e-02 5.98393202e-01
    4.35104936e-01 5.83860695e-01 0. 0. 0. 0. 0. 0. 0. 0. 0. 0. 0. 0. 0.
    0. 0. 0. 9.97944713e-01 3.42783928e-02 3.06326330e-01 8.53176415e-02
    7.17860341e-01 4.97935414e-02 6.70005977e-02 5.97942829e-01
    2.08242118e-01 4.25730586e-01 2.83213735e-01 4.70100939e-02
    7.13589907e-01 9.87444818e-01 5.84715009e-01 2.09936768e-01
    7.37032890e-02 7.93624163e-01 3.16446841e-01 4.75592822e-01
    4.73694801e-02 6.20303690e-01 6.00630283e-01 2.11745918e-01
    4.58306521e-01 7.25001216e-01 7.18448043e-01 8.44428182e-01
    8.25268269e-01 7.53683567e-01 8.14463317e-01 6.54281378e-02
    3.01123202e-01 9.00923014e-01 4.75836247e-01 8.92725587e-01
    5.09989619e-01 9.78619695e-01 2.05298305e-01 2.29553282e-01
    4.31768060e-01 4.95468289e-01 7.28768110e-01 6.50873780e-01
    2.34225810e-01 8.70095372e-01 6.02982521e-01 6.96099043e-01
    1.13593340e-02 2.04311907e-01 1.60188228e-01 7.76692033e-01
    4.17233109e-01 1.59589916e-01 7.65441716e-01 6.22574270e-01
    9.25935328e-01 2.99573779e-01 6.35281205e-01 6.32093191e-01
    2.27974832e-01 2.27169871e-01 1.71147972e-01 3.98263007e-01
    3.92123640e-01 6.56893551e-01 1.05779916e-01 8.74981642e-01
    3.34178954e-01 4.33841050e-01 4.13437337e-01 1.78773463e-01
    9.47179556e-01 5.91974735e-01 2.11252868e-02 4.25549984e-01
    9.48896408e-01 4.18760955e-01 2.13624299e-01 4.55594510e-01
    4.35802341e-03 5.81236303e-01 2.27414817e-01 8.94906163e-01
    9.18379188e-01 9.51971889e-01 5.17553449e-01 6.19749904e-01
    1.32872552e-01 1.25756264e-02 6.16856039e-01 3.91129017e-01
    9.62997615e-01 5.81237972e-01 8.77983630e-01 2.36798227e-02
    3.74840826e-01 2.25263417e-01 1.55919701e-01 4.19950247e-01
    8.78271699e-01 6.30922735e-01 1.21751666e-01 5.38786352e-01
    3.70022863e-01 5.62408507e-01 9.55618620e-01 8.05623770e-01
    5.80819964e-01 5.15345812e-01 6.48797393e-01 6.96602166e-02
    9.86632824e-01 7.14028716e-01 9.17787910e-01 8.38803411e-01
    5.45928657e-01 4.36639249e-01 1.64037406e-01 3.22016895e-01
    6.12396598e-01 2.34766304e-01 4.78677958e-01 4.85735774e-01
    2.95865119e-01 3.14926624e-01 3.76674742e-01 1.80682927e-01
    9.40628290e-01 4.40901518e-02 9.48219657e-01 2.88492918e-01
    8.32010150e-01 3.91018480e-01 9.58611608e-01 2.93143511e-01
    1.85950369e-01 5.44817567e-01 4.74598616e-01 2.47603893e-01
    1.94494635e-01 9.39759135e-01 4.20633584e-01 1.53427035e-01
    4.05657768e-01 2.04507351e-01 8.94140005e-01 8.90785456e-02
    2.09115148e-01 4.81084347e-01 1.95853591e-01 9.51070487e-01
    6.76673949e-01 1.36702776e-01 8.02179337e-01 1.00070089e-01
    8.49548101e-01 5.42090297e-01 4.01773214e-01 9.44426775e-01
    7.84525514e-01 2.29095608e-01 1.84016675e-01 1.36638850e-01
    9.18861032e-01 6.40562654e-01 3.80869031e-01 6.63895845e-01
    5.39251685e-01 6.13941669e-01 4.67011333e-01 8.13877821e-01
    1.74286366e-02 3.64432007e-01 7.47306049e-01 1.99324578e-01
    4.15855259e-01 7.17707455e-01 5.65743446e-01 9.95689631e-03
    9.39060450e-01 6.67528152e-01 6.72797561e-02 2.18891084e-01
    9.84777331e-01 9.16143775e-01 8.61134887e-01 3.40084851e-01
    4.76945758e-01 4.84365761e-01 5.77894986e-01 2.43717283e-01
    8.50347579e-02 3.14001799e-01 6.04783416e-01 7.13913202e-01
    1.08361900e-01 4.72890615e-01 4.89409029e-01 1.68289840e-01
    3.80763471e-01 9.10176992e-01 8.38168740e-01 5.87294459e-01
    5.09213090e-01 2.20052868e-01 2.73082763e-01 9.78555799e-01
    3.91627967e-01 4.09927815e-01 6.11672878e-01 7.17483461e-01
    1.03418708e-01 4.28399146e-01 7.95688868e-01 8.87700915e-02
    3.94551963e-01 3.32191706e-01 2.99573779e-01 3.03115785e-01
    8.31202865e-01 1.14746273e-01 9.27965164e-01 9.95582581e-01
    2.63671100e-01 1.40023649e-01 5.60959220e-01 7.91869640e-01
    9.84999657e-01 3.78751576e-01 9.50607061e-01 8.77503157e-01
    8.30571771e-01 2.73955852e-01 3.36716950e-01 9.92942095e-01
    6.67859614e-01 8.98664713e-01 6.39749169e-01 6.54361963e-01
    7.62952387e-01 9.76474643e-01 1.56550169e-01 5.55339277e-01
    5.48011601e-01 2.37451881e-01 3.27908397e-01 4.26041961e-01
    1.90427363e-01 3.80894542e-01 9.58051562e-01 8.20685983e-01
    9.15239930e-01 9.57068920e-01 2.32529372e-01 2.32154459e-01 0. 0. 0.
    0. 0. 0. 0. 0. 0. 0. 0. 0. 0. 0. 0. 0. 4.57044482e-01 7.80216217e-01
    5.06148577e-01 7.36813843e-02 5.12003362e-01 6.99856997e-01
    3.45668882e-01 5.53196967e-01 3.41988713e-01 2.20769942e-02
    2.08439946e-01 4.87157345e-01 4.43204284e-01 3.32225263e-02
    4.18797910e-01 9.92172599e-01 2.87137270e-01 7.43629217e-01
    9.39133048e-01 4.75303471e-01 2.58546621e-01 4.98377502e-01
    6.66652083e-01 2.83587158e-01 3.85528803e-02 4.44989830e-01
    8.83520067e-01 3.81354451e-01 3.03491831e-01 6.29618585e-01
    4.83193457e-01 7.70904362e-01 3.75083745e-01 5.80042660e-01
    4.75824118e-01 8.61508965e-01 7.00170159e-01 1.13886684e-01
    1.46242082e-01 7.87547290e-01 5.90218782e-01 5.78777015e-01
    3.13137889e-01 7.52103925e-01 8.06503713e-01 6.24169707e-01
    2.12203383e-01 4.24621463e-01 7.32713521e-01 6.00525558e-01
    3.40059549e-01 5.53547144e-02 9.46498394e-01 5.97806454e-01
    2.70402014e-01 4.01029497e-01 6.88695312e-02 5.95595598e-01
    5.24483442e-01 5.87042332e-01 7.49178767e-01 3.73206615e-01
    6.43591583e-01 3.90632778e-01 4.33982193e-01 3.42499584e-01
    3.70899737e-01 6.20184898e-01 1.96738899e-01 7.62521148e-01
    2.60189950e-01 3.99899811e-01 8.08366656e-01 1.15951031e-01
    5.59965670e-01 6.86946511e-01 5.95389605e-01 5.52494228e-01
    2.30079889e-01 9.96268094e-01 8.07778716e-01 2.54968643e-01
    6.18822753e-01 5.05457699e-01 6.26520276e-01 5.93522012e-01
    6.82505071e-01 8.90301943e-01 2.63487220e-01 5.42675436e-01
    7.53109455e-01 8.87281895e-01 1.04147941e-01 9.83787179e-02
    3.44111264e-01 1.30994737e-01 8.31029654e-01 6.14442825e-01
    8.53435636e-01 7.53277302e-01 4.78684604e-02 4.12393242e-01
    2.03465462e-01 4.03137237e-01 1.74834818e-01 7.80407310e-01
    8.76316726e-01 4.54071730e-01 7.44458318e-01 3.45989347e-01
    1.76323265e-01 3.71114790e-01 9.07271504e-01 7.71632373e-01
    3.68490487e-01 1.73361629e-01 2.75576830e-01 6.50242269e-01
    7.55923927e-01 5.26686072e-01 4.63889986e-01 4.57227945e-01
    9.18369174e-01 9.54185843e-01 3.11473191e-01 2.10618407e-01
    1.45248264e-01 4.62700725e-02 4.08058733e-01 4.26002502e-01
    4.45179164e-01 9.88391221e-01 2.21379936e-01 2.96256840e-01
    6.79803908e-01 5.80952287e-01 1.96824342e-01 6.03626490e-01
    1.64599657e-01 6.56400621e-01 2.23026454e-01 9.94934082e-01
    3.94450009e-01 1.57305896e-02 9.13548768e-01 2.16566890e-01
    7.59937406e-01 2.54765153e-01 2.16789454e-01 8.61747503e-01
    4.85185564e-01 8.13912034e-01 8.22126865e-03 3.20114553e-01
    1.40789956e-01 5.54596722e-01 2.63068646e-01 1.67663425e-01
    3.80844533e-01 7.72786915e-01 4.50056642e-01 3.57201815e-01
    4.59768951e-01 4.93174911e-01 3.29198539e-01 2.67213821e-01
    2.71065772e-01 6.50945842e-01 9.03861403e-01 6.69314146e-01
    3.56529772e-01 7.75647044e-01 7.21832395e-01 1.46449298e-01
    9.64435875e-01 5.18013537e-02 2.75741965e-01 8.87318969e-01
    3.78980279e-01 2.80200899e-01 3.10779542e-01 1.14815414e-01
    2.51386136e-01 8.65003943e-01 7.76075721e-02 2.36387074e-01
    7.13860393e-01 4.06743586e-01 2.15556055e-01 4.09071475e-01
    2.82080770e-01 5.25375843e-01 3.04111719e-01 1.63086802e-01
    3.57883871e-01 7.37764537e-01 8.65207732e-01 5.66881776e-01
    3.04307103e-01 6.17231429e-02 8.06189537e-01 2.49538928e-01
    8.59922171e-03 5.65380991e-01 1.21047914e-01 1.23857260e-01
    5.43042541e-01 8.86568308e-01 6.67307198e-01 5.98341703e-01
    3.73519361e-02 7.92039275e-01 3.15067708e-01 1.79037124e-01
    1.03409529e-01 8.66609931e-01 9.17795718e-01 8.72325301e-02
    5.98749697e-01 8.79067779e-02 1.36176974e-01 7.35453963e-02
    3.92583549e-01 1.64088309e-01 3.71210754e-01 1.45726293e-01
    5.39585948e-01 7.42683053e-01 3.66254121e-01 4.91483182e-01
    2.87067711e-01 5.74983954e-01 9.09390211e-01 6.94841623e-01
    4.40979600e-02 2.68593550e-01 2.19241381e-01 9.31757450e-01
    9.85154271e-01 2.55927324e-01 2.97381997e-01 8.45103204e-01
    4.51011032e-01 6.23804510e-01 8.82696688e-01 6.24944091e-01
    5.62150061e-01 9.51748192e-01 8.46769154e-01 4.62000877e-01
    2.66668797e-01 3.28983009e-01 8.90373886e-01 4.13800180e-01
    3.39336157e-01 9.98308778e-01 0. 0. 0. 0. 0. 0. 0. 0. 0. 0. 0. 0. 0.
    0. 0. 0. 9.85927463e-01 8.86019588e-01 5.21659374e-01 1.61674440e-01
    6.56011701e-01 8.72334242e-01 8.48555624e-01 2.06025660e-01
    7.17678368e-01 3.78295004e-01 5.53483307e-01 6.84851885e-01
    6.79341674e-01 9.01730299e-01 7.51591325e-02 3.47378850e-02
    3.77862662e-01 4.95593607e-01 5.06195366e-01 5.88864207e-01
    3.22993398e-01 8.98576975e-01 6.16165459e-01 1.62044108e-01
    4.23271000e-01 1.84215158e-01 9.10704851e-01 5.51605701e-01
    3.39205414e-01 6.78005040e-01 1.46983802e-01 6.82195485e-01
    8.82284403e-01 2.73900121e-01 9.05835152e-01 1.65432185e-01
    6.14084840e-01 3.65112692e-01 1.26021385e-01 2.43451267e-01
    5.84545493e-01 9.69510257e-01 1.96947843e-01 7.47366071e-01
    1.63801521e-01 1.51307404e-01 1.35631472e-01 4.48719889e-01
    3.08420926e-01 1.51369005e-01 5.38329601e-01 1.84919983e-01
    4.95426446e-01 3.37598324e-01 8.45168531e-01 7.11634934e-01
    5.03578484e-01 7.40620494e-01 9.67493415e-01 9.57359672e-01
    2.17349619e-01 2.31709510e-01 4.29727137e-02 4.69030410e-01
    5.71593285e-01 4.37203944e-02 3.60305130e-01 6.49919450e-01
    4.44860548e-01 7.24029064e-01 9.97201681e-01 6.43150270e-01
    8.49693239e-01 4.38387692e-01 1.89208746e-01 7.15656877e-01
    4.16936457e-01 6.48687482e-01 6.93501353e-01 8.39853883e-01
    8.44476938e-01 5.65616488e-02 7.33022928e-01 9.83614445e-01
    4.02225375e-01 5.22824705e-01 5.30382931e-01 5.32182276e-01
    4.79156822e-01 8.82364988e-01 7.46072412e-01 2.07292169e-01
    6.68721914e-01 5.44019043e-01 5.65035760e-01 2.08793938e-01
    6.00801289e-01 5.23120821e-01 7.93466687e-01 3.22544575e-03
    6.79050803e-01 1.13546461e-01 4.03606951e-01 3.67521793e-01
    4.98308599e-01 5.99548459e-01 1.52154207e-01 7.05896139e-01
    2.07418352e-01 5.97496092e-01 4.24722880e-01 5.27987421e-01
    3.44875067e-01 1.77936822e-01 1.92557067e-01 8.87386084e-01
    7.52305388e-02 7.11475253e-01 3.04124326e-01 9.53595519e-01
    9.77995694e-01 3.04994524e-01 3.62342924e-01 2.65462667e-01
    4.28373873e-01 8.76803756e-01 5.39146662e-01 1.76390469e-01
    4.23160195e-03 1.70636863e-01 4.25068617e-01 2.86763161e-01
    7.96965122e-01 2.75282413e-01 3.93263340e-01 9.93530810e-01
    4.40746933e-01 6.00495160e-01 5.96037149e-01 4.83970851e-01
    1.28114551e-01 9.61223543e-01 9.12799835e-01 8.57900143e-01
    7.23812282e-01 1.90246373e-01 2.11511910e-01 7.21658528e-01
    6.03581786e-01 1.52848184e-01 5.82852662e-02 1.78279817e-01
    6.96858227e-01 3.39964867e-01 2.21289873e-01 5.18380404e-02
    2.89735734e-01 9.86570358e-01 4.41442162e-01 4.16476309e-01
    9.92901325e-01 7.48803794e-01 3.53806734e-01 4.10855383e-01
    7.71861911e-01 2.94036388e-01 8.23753417e-01 5.20772994e-01
    1.51542306e-01 3.21911633e-01 9.65180457e-01 2.11671323e-01
    8.49480629e-02 2.02068567e-01 9.72690821e-01 3.39893222e-01
    9.30169284e-01 1.84639990e-01 2.97497511e-01 8.76661420e-01
    5.85816264e-01 3.10111940e-01 2.34887093e-01 7.44363904e-01
    1.95713967e-01 7.36834228e-01 8.14420462e-01 8.36750329e-01
    5.53576052e-02 7.07530499e-01 8.05786550e-01 6.39587760e-01
    4.67089117e-02 3.66187632e-01 9.84378755e-02 7.98382998e-01
    9.99799728e-01 2.59284258e-01 6.54786825e-04 2.09798425e-01
    3.91576648e-01 8.35661888e-02 5.69879591e-01 5.37284613e-01
    2.74990916e-01 5.32187581e-01 4.22426045e-01 4.64198738e-01
    6.16739213e-01 2.16507137e-01 7.87860155e-03 6.55530095e-01
    1.30959958e-01 2.01945961e-01 6.01709962e-01 3.45037758e-01
    1.78698152e-01 6.69918716e-01 5.68747222e-01 4.36505139e-01
    1.57611370e-02 2.46219665e-01 2.23075211e-01 1.75735056e-02
    2.62947917e-01 1.23043805e-01 6.41947985e-01 8.96681190e-01
    9.66636539e-01 3.31728220e-01 3.56985986e-01 2.23018885e-01
    7.83947408e-02 4.28467691e-01 3.03818554e-01 8.60025883e-01
    3.25113058e-01 1.25940323e-01 7.95687497e-01 4.96236116e-01
    5.76091528e-01 1.75250769e-02 3.25626135e-02 7.06188679e-01
    1.83204800e-01 9.87201929e-04 2.41566539e-01 4.64141458e-01
    4.62033510e-01 6.39708221e-01 3.34981859e-01 7.18467355e-01
    2.03700572e-01 9.22154069e-01 3.24866444e-01 1.74881488e-01 0. 0. 0.
    0. 0. 0. 0. 0. 0. 0. 0. 0. 0. 0. 0. 0. 3.98166358e-01 8.79917145e-02
    7.17511177e-01 2.21104831e-01 5.45301378e-01 4.37994361e-01
    9.89413559e-02 4.47729975e-01 3.53059590e-01 8.47561240e-01
    1.84042066e-01 7.61849284e-01 5.23922443e-01 8.34074616e-01
    7.78711677e-01 7.56633282e-03 9.67341065e-01 1.28619850e-01
    8.02548885e-01 8.47342372e-01 4.70833182e-02 2.01073736e-01
    1.20720565e-02 4.29041773e-01 5.61543405e-01 3.32933515e-01
    7.27622330e-01 9.95643795e-01 4.82162267e-01 1.33968085e-01
    1.30977780e-01 5.16748011e-01 5.44033647e-01 5.63401937e-01
    1.68978333e-01 4.45963651e-01 3.19367468e-01 1.77482247e-01
    7.18366921e-01 3.21127236e-01 2.13178635e-01 4.82003689e-02
    1.91044003e-01 9.73730326e-01 2.84595966e-01 9.28585231e-01
    8.35966170e-02 7.03605175e-01 2.28075862e-01 8.64467084e-01
    5.44630051e-01 6.49197757e-01 3.19177508e-01 5.28076351e-01
    1.57830119e-03 6.79431915e-01 2.32862473e-01 1.27237558e-01
    9.44107652e-01 5.31808436e-01 5.60902655e-02 5.18493176e-01
    7.01538444e-01 7.38960385e-01 9.23835278e-01 7.56638587e-01
    6.36103749e-01 8.15877318e-01 2.48119235e-03 7.69393206e-01
    4.75744843e-01 8.50315988e-01 7.38598585e-01 7.13622153e-01
    6.09037638e-01 8.69598567e-01 4.50260520e-01 1.41606182e-01
    4.73388731e-01 1.50025100e-01 4.34322149e-01 6.86160564e-01
    1.91073537e-01 5.23562193e-01 8.20072651e-01 9.12687063e-01
    7.05333948e-01 2.65005469e-01 4.47187483e-01 5.74101806e-01
    2.53015161e-02 1.25389010e-01 7.37062454e-01 2.49599665e-01
    9.77813125e-01 7.21110284e-01 9.98665273e-01 7.92911410e-01
    7.44885802e-01 4.96717453e-01 7.89523065e-01 5.43066859e-02
    3.80169511e-01 5.64900458e-01 1.06428534e-01 2.52631128e-01
    7.05601752e-01 5.36006451e-01 2.83187389e-01 2.26023316e-01
    3.25842202e-01 5.52868724e-01 2.19126970e-01 4.43831086e-01
    9.49858725e-01 4.42626268e-01 2.71519244e-01 5.38395464e-01
    9.94432092e-01 3.41628790e-01 1.34813190e-02 5.11865616e-01
    6.98948324e-01 4.22790229e-01 1.90092653e-01 2.53546059e-01
    7.65893102e-01 1.25582755e-01 6.58562839e-01 1.15692616e-04
    5.28881252e-01 5.60285568e-01 5.26980042e-01 7.63361514e-01
    4.43720698e-01 4.57637429e-01 7.49722123e-03 2.55871534e-01
    1.63775384e-02 8.89793277e-01 2.51251459e-01 9.08826411e-01
    1.36127234e-01 6.67220116e-01 7.87327647e-01 6.38833582e-01
    4.17618483e-01 3.39774042e-01 2.75493443e-01 5.33398807e-01
    5.44514060e-01 6.41640604e-01 9.50332284e-01 9.15131688e-01
    6.73097253e-01 4.10327315e-02 7.32153177e-01 8.55656147e-01
    6.85919285e-01 1.76953256e-01 8.22006226e-01 9.04613495e-01
    1.74555093e-01 1.34792238e-01 9.51745450e-01 5.57331979e-01
    7.30876088e-01 7.83313811e-01 3.13247681e-01 6.90772235e-02
    3.20259452e-01 6.42283261e-01 9.25089180e-01 4.09434617e-01
    8.06211591e-01 7.87591934e-02 7.92868495e-01 7.01063931e-01
    6.48213923e-02 1.52650177e-01 9.94145930e-01 6.53762519e-02
    6.93646967e-01 4.78638500e-01 1.38031662e-01 9.91808712e-01
    5.71590900e-01 8.86059880e-01 2.00002730e-01 9.77402091e-01
    6.87052608e-02 8.77694011e-01 9.02001262e-01 8.81684542e-01
    3.41729522e-01 2.36077547e-01 4.59554821e-01 6.29165769e-03
    3.49095702e-01 4.30283010e-01 3.49958450e-01 1.93193763e-01
    7.26849020e-01 3.40452909e-01 1.84925705e-01 1.94082081e-01
    5.96680999e-01 3.51976961e-01 9.81924415e-01 9.26700473e-01
    2.24626064e-03 3.98131639e-01 3.26630235e-01 2.44457215e-01
    3.77309322e-03 2.02997267e-01 8.57902527e-01 5.46694636e-01
    2.16604054e-01 8.47790301e-01 7.47682095e-01 2.30400413e-01
    5.29836714e-01 5.27810693e-01 7.22040176e-01 9.62842643e-01
    6.13073051e-01 1.36258751e-01 8.55100155e-02 9.23153162e-02
    7.29784489e-01 5.99505663e-01 4.48179811e-01 1.80702180e-01
    3.50433409e-01 3.84352326e-01 9.29579079e-01 6.54689491e-01
    3.59413683e-01 6.05599582e-01 6.67661250e-01 3.42978507e-01
    5.58315158e-01 7.21578896e-01 4.14196730e-01 6.72521591e-01
    6.36739254e-01 9.05093789e-01 9.83736336e-01 3.14917564e-01
    1.62826747e-01 6.78951144e-02 9.42578554e-01 5.39595783e-01
    9.73208368e-01 1.01638079e-01 0. 0. 0. 0. 0. 0. 0. 0. 0. 0. 0. 0. 0.
    0. 0. 0. 9.67883170e-01 6.45432472e-02 9.93097603e-01 8.91145170e-01
    1.88532472e-01 2.53384441e-01 6.25108898e-01 7.95613110e-01
    6.36179984e-01 5.38419783e-01 5.24961352e-01 5.25388837e-01
    5.74746251e-01 6.93892658e-01 2.55486667e-02 8.44696045e-01
    7.09708631e-01 9.81196940e-01 7.11232424e-01 7.38176525e-01
    6.23099208e-01 8.87540102e-01 4.19755757e-01 3.16949904e-01
    6.88984513e-01 7.76238799e-01 4.46684688e-01 3.98829281e-01
    3.35128784e-01 2.27472156e-01 3.45935225e-02 1.30498767e-01
    2.40912110e-01 7.38459945e-01 4.33112442e-01 6.87357187e-01
    4.13368225e-01 2.35137939e-01 4.36419308e-01 4.12980527e-01
    2.63599962e-01 1.50721341e-01 2.06392705e-02 2.70362914e-01
    8.94336104e-01 9.28031564e-01 9.46222246e-01 4.73178327e-02
    7.09342539e-01 2.66181558e-01 8.25534344e-01 9.24140215e-01
    4.07236636e-01 2.75973022e-01 1.34120584e-02 1.24903738e-01
    5.48876584e-01 1.23217881e-01 1.40369982e-01 4.66525912e-01
    7.07053185e-01 7.84352720e-02 6.92512274e-01 3.53707820e-01
    3.36031675e-01 7.52998352e-01 4.55402523e-01 3.55863690e-01
    1.27138883e-01 5.17423868e-01 7.70964444e-01 4.20046061e-01
    2.56744087e-01 6.51958823e-01 3.32720965e-01 9.75849628e-02
    4.80969697e-01 7.59650707e-01 5.89168131e-01 2.00015575e-01
    4.12432581e-01 8.30848396e-01 8.02863777e-01 4.44980621e-01
    5.50747156e-01 3.56704891e-01 8.79127622e-01 3.58603477e-01
    9.79853570e-02 5.20551324e-01 2.70436972e-01 1.81697309e-01
    8.54806125e-01 3.14345062e-02 8.61332417e-01 7.09910691e-01
    1.36570215e-01 2.21530437e-01 1.86242729e-01 7.95367599e-01
    9.91969705e-01 8.70906770e-01 8.61049592e-01 4.31092203e-01
    9.97651041e-01 6.29632950e-01 3.74886513e-01 2.98577428e-01
    2.88387060e-01 2.14694321e-01 7.27865398e-01 9.47815776e-01
    7.55016088e-01 1.77943766e-01 5.87670386e-01 1.50109649e-01
    8.64971578e-01 6.52368188e-01 1.10043705e-01 7.58613646e-02
    9.75489616e-04 3.01401138e-01 1.77449197e-01 8.58232856e-01
    9.00056720e-01 4.47295785e-01 8.88132155e-02 2.60803491e-01
    3.47849548e-01 1.51473910e-01 2.70456284e-01 8.05543303e-01
    4.05436069e-01 3.56064439e-01 9.79925275e-01 6.88065112e-01
    8.37317944e-01 7.53122449e-01 5.40553749e-01 4.77534622e-01
    1.02670968e-01 9.61801171e-01 8.82763624e-01 5.56836843e-01
    4.48807120e-01 2.61734426e-02 8.51541638e-01 1.22011006e-02
    9.62840915e-02 7.06384182e-02 5.93122900e-01 1.19369984e-01
    2.46647835e-01 5.70529640e-01 3.46398115e-01 6.00666165e-01
    5.51418364e-01 8.17482591e-01 8.45942914e-01 7.58547306e-01
    6.46020174e-01 3.23030055e-02 2.07335234e-01 7.49356508e-01
    8.44860554e-01 1.29072249e-01 6.80396259e-02 2.29422331e-01
    1.00579232e-01 4.56220120e-01 3.01551402e-01 7.09228396e-01
    1.70848429e-01 3.14318657e-01 4.10240382e-01 7.04602122e-01
    7.41894007e-01 3.67001891e-01 2.72395104e-01 1.99064404e-01
    2.49829203e-01 7.71520138e-01 9.41040993e-01 9.75926518e-01
    5.51559627e-02 6.82087541e-01 4.14265633e-01 4.43611413e-01
    8.93145323e-01 3.86793166e-01 5.02657890e-03 9.88268793e-01
    1.23775363e-01 5.38171530e-01 8.13287497e-01 1.06337816e-01
    7.28250504e-01 1.14354789e-02 4.40803170e-03 7.71298707e-01
    2.79236495e-01 8.06926310e-01 4.40566301e-01 4.47703540e-01
    3.58064890e-01 7.76061535e-01 2.92371452e-01 2.66994238e-01
    1.18556321e-01 4.22095954e-01 1.89516455e-01 5.05586565e-01
    4.41303074e-01 1.33586735e-01 6.10618830e-01 2.87145972e-01
    5.51566541e-01 2.10148692e-01 3.39114606e-01 8.49512815e-01
    7.07899094e-01 9.15081620e-01 8.78467917e-01 2.01668590e-01
    9.15842295e-01 8.08673859e-01 8.03215623e-01 3.04798871e-01
    9.75312352e-01 7.48541355e-01 7.40411520e-01 6.78067684e-01
    3.72512102e-01 8.74576628e-01 6.91793859e-01 3.17120045e-01
    5.58128119e-01 9.49707270e-01 8.09195161e-01 3.56134921e-01
    8.02939892e-01 2.06467360e-01 4.28766012e-03 3.45486611e-01
    9.15352225e-01 5.60724854e-01 1.15745217e-01 6.13087952e-01
    3.08907211e-01 1.53186917e-03 6.78236783e-02 5.78042090e-01
    2.31673688e-01 6.12440526e-01 2.63631344e-02 4.97549236e-01 0. 0. 0.
    0. 0. 0. 0. 0. 0. 0. 0. 0. 0. 0. 0. 0. 7.53172755e-01 4.66217726e-01
    2.42185593e-01 5.72748363e-01 9.45733488e-01 5.85669041e-01
    3.96478266e-01 6.14179373e-02 9.43491876e-01 3.11666131e-01
    1.01947784e-03 8.67518187e-01 7.91362286e-01 9.42016125e-01
    9.97450233e-01 1.18017197e-03 7.72695601e-01 4.48253483e-01
    7.80726314e-01 2.55990565e-01 2.62255609e-01 4.83124495e-01
    5.43379664e-01 6.88644528e-01 4.15490091e-01 5.74162841e-01
    5.55211902e-02 3.56751382e-02 8.84343266e-01 5.65774262e-01
    3.63675117e-01 1.89850241e-01 7.94483066e-01 3.28461885e-01
    4.08952892e-01 6.91306770e-01 3.77247632e-01 1.58535153e-01
    2.32320517e-01 6.07738733e-01 4.76989627e-01 1.30579919e-01
    2.08031744e-01 8.39480877e-01 5.03111720e-01 7.50977278e-01
    1.54662699e-01 4.01259929e-01 7.43192375e-01 4.42515433e-01
    5.28545558e-01 5.12408555e-01 6.29380465e-01 8.07439446e-01
    8.99124503e-01 8.57705474e-01 6.39723063e-01 8.27218056e-01
    1.15978688e-01 6.19700074e-01 6.89816117e-01 7.12870896e-01
    4.45243120e-01 6.14926040e-01 7.23947644e-01 5.15253842e-02
    2.35863239e-01 1.56745374e-01 5.29436827e-01 1.53536975e-01
    2.48809010e-01 9.01799440e-01 9.38654900e-01 9.77583885e-01
    5.90466440e-01 8.62517655e-01 1.23605132e-03 2.55361855e-01
    1.02298141e-01 7.65313506e-01 7.54752219e-01 4.63445753e-01
    1.87726408e-01 2.00127423e-01 2.90473104e-01 8.28114271e-01
    9.46605206e-01 9.92694974e-01 8.73457074e-01 1.06492996e-01
    1.54917955e-01 5.39572060e-01 8.72507393e-02 5.42853951e-01
    1.28800780e-01 3.00622642e-01 6.63379908e-01 1.04671180e-01
    2.97752380e-01 6.49465799e-01 4.71726358e-02 1.36079639e-01
    5.74671745e-01 8.35773170e-01 3.44791472e-01 2.42055357e-01
    7.38972604e-01 7.55431294e-01 4.59844172e-01 2.36348838e-01
    5.48763931e-01 3.52089554e-01 6.61239505e-01 7.19474554e-01
    9.12154615e-02 2.91445792e-01 2.07582146e-01 1.61137253e-01
    2.98216283e-01 7.22157419e-01 3.24927539e-01 6.54900432e-01
    8.64015520e-01 1.34256154e-01 6.90876365e-01 1.86359406e-01
    9.37221706e-01 8.06766033e-01 6.05321765e-01 7.52848685e-02
    7.35535145e-01 1.47400737e-01 2.49529183e-01 2.82028258e-01
    5.30846357e-01 4.58908141e-01 2.66115010e-01 4.35234845e-01
    6.18132949e-03 3.90026271e-02 1.15863293e-01 6.72500610e-01
    8.93006802e-01 5.32192707e-01 9.50356722e-01 6.64151967e-01
    9.60520625e-01 1.94385648e-03 2.66361684e-01 9.77806330e-01
    1.78623497e-01 9.76608396e-01 5.18288434e-01 4.21747863e-02
    1.19814456e-01 4.36395228e-01 9.06017303e-01 5.81827462e-01
    7.28028297e-01 7.91549325e-01 3.03938240e-01 1.90237015e-01
    6.27545238e-01 8.57243776e-01 9.11489129e-01 1.90397859e-01
    2.57567763e-01 6.26714885e-01 5.58985174e-02 7.61185825e-01
    1.94612145e-03 6.65084481e-01 9.03999507e-02 6.60305381e-01
    7.28134751e-01 2.15926230e-01 4.41089630e-01 6.02605522e-01
    6.01297259e-01 3.17446351e-01 6.51984155e-01 2.87913561e-01
    4.03186619e-01 8.49678516e-01 6.20633721e-01 6.71841502e-02
    2.29034066e-01 8.97504330e-01 8.69010568e-01 3.16976517e-01
    2.24674493e-01 5.17140508e-01 5.68504870e-01 8.61675262e-01
    1.54325813e-01 7.72791803e-01 2.62127459e-01 6.01979852e-01
    1.08448654e-01 6.31576240e-01 3.57016742e-01 9.14555669e-01
    7.64173985e-01 5.56120634e-01 3.81741256e-01 3.62189502e-01
    4.70238924e-03 6.95241153e-01 9.82022524e-01 8.19347441e-01
    8.05534899e-01 1.18256897e-01 7.67669857e-01 6.72469258e-01
    4.94170845e-01 5.84472775e-01 2.22087860e-01 3.45359743e-01
    3.40980887e-01 9.48365331e-01 3.85144711e-01 5.13642430e-02
    2.67035335e-01 5.17623305e-01 2.08473176e-01 1.89830333e-01
    3.97496462e-01 8.74593377e-01 9.25616622e-01 8.45140576e-01
    7.30490386e-01 2.93191910e-01 6.26961350e-01 7.26335049e-01
    5.14051080e-01 4.39301223e-01 2.21714079e-02 2.95756757e-01
    8.16296637e-02 6.26161695e-03 4.31974590e-01 9.56265450e-01
    2.20111310e-02 8.66180718e-01 9.58635569e-01 5.39385736e-01
    9.73968685e-01 1.57374293e-01 4.25031751e-01 3.40874553e-01
    6.61758482e-01 2.42313832e-01 6.34530604e-01 4.28666264e-01
    1.16029978e-02 6.68219030e-01 0. 0. 0. 0. 0. 0. 0. 0. 0. 0. 0. 0. 0.
    0. 0. 0. 7.33111978e-01 8.04067850e-01 6.27044737e-02 4.34352070e-01
    2.63906419e-01 7.46518910e-01 7.85782337e-02 2.17617929e-01
    8.82446885e-01 7.00341523e-01 3.62529635e-01 2.39775538e-01
    6.90531492e-01 4.13611233e-02 1.08981639e-01 7.75862217e-01
    2.95414925e-02 3.47539485e-02 2.47532904e-01 4.47831571e-01
    1.46139920e-01 6.86852455e-01 7.76286960e-01 2.29016244e-02
    9.28793252e-02 8.42376113e-01 7.01812088e-01 5.94119668e-01
    4.62901026e-01 3.20918620e-01 1.09144151e-01 2.34746039e-01
    8.06312561e-01 6.88623250e-01 1.49681777e-01 7.72212207e-01
    2.73052275e-01 9.24619615e-01 3.88510942e-01 5.51755846e-01
    5.49066961e-01 1.76093876e-01 1.15907937e-01 1.86299086e-02
    2.21582413e-01 2.57285267e-01 4.05763090e-01 7.94248581e-01
    7.57384717e-01 6.96297050e-01 2.15583891e-01 4.43174660e-01
    9.80746508e-01 3.34994614e-01 3.71755064e-01 8.65970671e-01
    3.12592804e-01 7.74033308e-01 1.13888264e-01 6.60272360e-01
    3.20024490e-02 8.23192239e-01 4.32650387e-01 6.39321685e-01
    1.35376722e-01 7.80129313e-01 4.93016034e-01 1.93242669e-01
    8.74703050e-01 8.36161315e-01 2.51256227e-01 3.32105130e-01
    5.76305330e-01 3.18202496e-01 1.68976724e-01 9.78433013e-01
    3.13289165e-01 6.49906218e-01 5.51429152e-01 6.81062579e-01
    4.68901992e-02 5.57476640e-01 3.38436902e-01 2.48296887e-01
    9.64062214e-01 8.83413434e-01 7.94953108e-01 9.44892406e-01
    7.56618857e-01 2.18093932e-01 7.90079713e-01 9.55587924e-01
    2.94524193e-01 9.47384715e-01 3.48847449e-01 4.30918723e-01
    2.42385566e-01 6.15237653e-01 4.29287523e-01 2.23867595e-02
    2.77133197e-01 7.81683445e-01 4.64377463e-01 1.05780333e-01
    1.79267943e-01 7.79638588e-01 4.56130087e-01 4.37938094e-01
    3.03665131e-01 5.93924344e-01 7.33231246e-01 9.45962250e-01
    7.94349909e-02 5.74985802e-01 3.52848470e-01 1.35870039e-01
    3.79539043e-01 4.21435297e-01 7.17273593e-01 1.04527503e-01
    1.36853039e-01 6.10892773e-01 1.08605325e-02 6.76133037e-01
    7.52316058e-01 9.62625265e-01 1.14984304e-01 3.20749849e-01
    4.04420853e-01 3.72668922e-01 5.76029241e-01 6.33031428e-01
    6.88003302e-01 9.73047316e-02 1.05756640e-01 8.84194016e-01
    3.55681777e-01 2.77883351e-01 4.90604430e-01 3.97295594e-01
    5.85441411e-01 5.03545165e-01 3.86097819e-01 3.40234399e-01
    4.09903914e-01 3.61756921e-01 2.52285480e-01 4.85007793e-01
    6.81196928e-01 7.79242575e-01 5.23021162e-01 9.07763958e-01
    6.00218415e-01 2.38024801e-01 9.63792682e-01 5.08626819e-01
    2.30211765e-01 4.76220995e-01 5.64000428e-01 2.75737375e-01
    2.26908624e-01 5.41606128e-01 7.82218874e-02 9.25935507e-01
    3.33491862e-01 2.47955054e-01 1.27150565e-01 2.77802765e-01
    7.18391240e-01 9.86994028e-01 6.22572422e-01 2.19422996e-01
    7.27348685e-01 6.48649812e-01 6.91875100e-01 3.55595350e-03
    8.24621677e-01 1.02634728e-01 9.04636383e-01 1.34651750e-01
    5.70287883e-01 7.70354092e-01 3.88796359e-01 3.62038136e-01
    6.73183203e-02 6.98438346e-01 6.64643526e-01 6.50482178e-01
    5.92451274e-01 2.00647116e-03 8.97324324e-01 3.19384933e-02
    9.18027163e-01 2.46950984e-03 9.75150704e-01 4.35891688e-01
    4.22271550e-01 6.26035035e-02 9.84698534e-01 5.22340000e-01
    7.48654246e-01 6.28355861e-01 6.76212072e-01 4.63317484e-01
    5.06604135e-01 4.24450845e-01 9.15204823e-01 3.40499312e-01
    1.59662187e-01 7.60639131e-01 3.72645825e-01 6.47163689e-02
    7.04973280e-01 8.78228545e-01 3.09543878e-01 3.23634446e-01
    4.44211066e-02 2.44030058e-02 5.14645159e-01 4.85909402e-01
    3.30796659e-01 8.90435815e-01 3.45343649e-01 7.11121559e-01
    9.45077717e-01 6.90477550e-01 2.46462792e-01 8.76244903e-03
    2.63868690e-01 8.73086691e-01 9.01605546e-01 6.61781490e-01
    6.63073540e-01 4.61871296e-01 4.00995433e-01 5.35655022e-01
    3.50519419e-01 4.47149277e-01 3.97820354e-01 7.01690137e-01
    4.73752856e-01 4.33017612e-01 4.30599451e-01 1.48468912e-01
    9.20368552e-01 8.66194844e-01 3.58079970e-01 3.92513275e-02
    8.33092630e-01 7.47026384e-01 4.33734059e-02 3.10094655e-01
    1.14074588e-01 3.43302786e-01 7.23302603e-01 8.45125914e-01 0. 0. 0.
    0. 0. 0. 0. 0. 0. 0. 0. 0. 0. 0. 0. 0. 5.66922665e-01 3.55155408e-01
    8.86239052e-01 8.03453803e-01 1.76860392e-01 8.94899011e-01
    6.11669540e-01 1.83944702e-02 6.04152501e-01 5.91927707e-01
    8.92445147e-02 1.30488485e-01 1.58092350e-01 1.89293325e-02
    9.25675750e-01 3.97252560e-01 8.73158455e-01 5.74627697e-01
    8.14059198e-01 9.18144464e-01 2.25168645e-01 5.65579593e-01
    5.02220213e-01 2.38252610e-01 9.72012639e-01 3.96885991e-01
    5.12279451e-01 4.31613535e-01 3.83624434e-03 2.36755103e-01
    4.79186654e-01 9.46128845e-01 9.20582414e-01 9.57473099e-01
    8.52641582e-01 9.62128341e-02 8.73890877e-01 6.38402104e-02
    4.61941361e-01 6.36616111e-01 2.99027264e-02 2.30939090e-02
    7.16088116e-01 7.98913360e-01 6.69274867e-01 8.72443318e-01
    6.17115140e-01 1.08167887e-01 6.96068525e-01 3.60770941e-01
    6.75377607e-01 7.35645115e-01 9.85778332e-01 1.51964039e-01
    8.53855193e-01 2.56726086e-01 1.74132228e-01 7.52628922e-01
    2.45810091e-01 1.87660694e-01 6.41213655e-01 2.23228008e-01
    1.95166677e-01 2.48405635e-02 2.73900926e-02 7.64962792e-01
    7.49551535e-01 8.20928216e-01 9.47350025e-01 3.33268046e-01
    7.52331972e-01 7.14393377e-01 6.85172439e-01 2.46246547e-01
    7.54701972e-01 8.97336066e-01 5.81652522e-02 8.32147837e-01
    5.27478278e-01 6.06157064e-01 4.69908834e-01 4.51655686e-02
    1.76902086e-01 9.66239214e-01 1.23981774e-01 6.08077705e-01
    8.34484935e-01 8.93723488e-01 1.04700029e-01 9.70251322e-01
    8.68395686e-01 9.17667627e-01 6.48106456e-01 1.61797404e-01
    6.18625462e-01 8.15058470e-01 8.75702977e-01 7.81544924e-01
    9.74077284e-02 9.37383771e-01 9.86022592e-01 6.39068484e-01
    9.66558337e-01 9.18034077e-01 4.14308190e-01 3.71510237e-01
    8.58449936e-02 4.67344105e-01 2.23386288e-01 4.20418829e-01
    5.19751668e-01 7.43827343e-01 5.34717917e-01 5.97432554e-01
    7.01697350e-01 1.10042304e-01 2.76032805e-01 3.13925385e-01
    2.07013398e-01 1.72287613e-01 5.85002184e-01 5.92171311e-01
    8.20191264e-01 2.23233879e-01 3.64804983e-01 3.34624350e-02
    8.00011933e-01 2.18772560e-01 5.44156790e-01 8.90882671e-01
    9.35518861e-01 4.84650612e-01 2.66816795e-01 3.16109955e-02
    3.58605415e-01 3.54245961e-01 9.98865962e-01 3.95622969e-01
    2.11709976e-01 1.34073883e-01 6.40075564e-01 2.22346753e-01
    7.78597474e-01 6.38137460e-02 8.86502743e-01 8.66075158e-01
    5.90713024e-01 4.60192055e-01 9.20175791e-01 2.90882885e-01
    8.40782702e-01 2.77918428e-01 1.90009564e-01 4.36931074e-01
    4.26589429e-01 6.68226123e-01 2.18102336e-02 1.25173897e-01
    3.09050769e-01 2.48347700e-01 8.67385626e-01 6.06696606e-01
    4.50783849e-01 7.02480674e-02 1.30369484e-01 2.80880898e-01
    5.39178789e-01 2.70237923e-01 7.87103772e-02 8.89785290e-02
    3.32925588e-01 7.31583893e-01 2.05115706e-01 8.43857408e-01
    6.80941522e-01 9.31972623e-01 3.46030653e-01 1.63051486e-01
    7.20870256e-01 8.61115813e-01 6.47929549e-01 6.40045524e-01
    9.58021283e-01 1.36584610e-01 7.12968767e-01 6.27533436e-01
    4.90444183e-01 5.03979802e-01 8.31394136e-01 3.55717391e-01
    4.75150645e-02 4.00987267e-01 8.17622185e-01 2.82059640e-01
    8.71713161e-01 2.32204348e-01 2.07364261e-02 9.44805384e-01
    3.20232451e-01 2.38933027e-01 3.28691602e-01 7.75036871e-01
    2.03057498e-01 9.00141239e-01 3.46440375e-01 2.90520489e-01
    2.41907150e-01 1.68678552e-01 8.65592837e-01 1.57448322e-01
    6.93224072e-01 1.41126841e-01 5.31090140e-01 8.58151615e-02
    9.69018877e-01 4.29032266e-01 8.76723528e-01 2.63500661e-01
    3.62424642e-01 1.45208031e-01 3.94573390e-01 7.95250058e-01
    4.89700049e-01 1.84582770e-02 3.15175653e-02 9.66700673e-01
    3.04709256e-01 6.49803936e-01 8.34683955e-01 5.02132237e-01
    6.99163437e-01 8.99878979e-01 7.25058317e-01 7.83252716e-02
    9.37371731e-01 5.60309827e-01 9.19978321e-02 8.98394644e-01
    3.03019941e-01 5.99554062e-01 8.15022826e-01 8.80287766e-01
    5.50165057e-01 5.73206961e-01 7.73241520e-01 5.40958524e-01
    8.32959175e-01 3.90443683e-01 3.32454562e-01 9.31998372e-01
    9.99160111e-02 5.22922039e-01 4.83954072e-01 3.24129313e-01
    8.91879976e-01 8.62431288e-01 0. 0. 0. 0. 0. 0. 0. 0. 0. 0. 0. 0. 0.
    0. 0. 0. 7.90478110e-01 6.00286126e-01 7.07028031e-01 7.18181312e-01
    9.74468946e-01 6.62268877e-01 4.60772187e-01 3.23044538e-01
    6.93466067e-02 6.84567809e-01 6.70355380e-01 3.75337660e-01
    9.76198673e-01 5.52712619e-01 3.69043350e-01 4.37234759e-01
    1.47504151e-01 5.86496949e-01 6.71701312e-01 8.32484365e-02
    9.78574395e-01 4.26002026e-01 2.29557782e-01 9.18007612e-01
    7.92636037e-01 9.20102000e-01 9.60519433e-01 2.09198803e-01
    2.34058201e-02 6.99594438e-01 5.92611432e-01 3.44039500e-02
    4.61510420e-01 7.28997290e-01 7.19604731e-01 8.36654723e-01
    8.35330248e-01 2.20374763e-01 2.94751376e-01 8.28682542e-01
    3.17680359e-01 9.66909468e-01 4.58545834e-01 3.80591542e-01
    8.22368741e-01 2.22528577e-01 6.43434823e-02 8.44893813e-01
    7.78452754e-01 7.90153205e-01 5.22687852e-01 6.46487594e-01
    9.97750759e-02 2.37688869e-01 4.61439550e-01 4.63255823e-01
    8.50173593e-01 2.62128353e-01 5.86499572e-02 1.95338398e-01
    7.00346470e-01 7.59577036e-01 9.47867095e-01 6.08246267e-01
    7.68081009e-01 2.78090924e-01 3.24888021e-01 5.47381461e-01
    7.59571791e-01 1.30760640e-01 6.88999891e-02 4.26813364e-02
    4.08413768e-01 7.05462515e-01 5.23465157e-01 4.56255019e-01
    5.92822611e-01 6.67816639e-01 8.08455944e-01 5.90154052e-01
    2.11527616e-01 6.84471667e-01 7.25583911e-01 3.09930503e-01
    5.36434829e-01 3.73820901e-01 4.35768127e-01 7.37089217e-01
    6.67315185e-01 3.59241784e-01 7.68050671e-01 9.43130136e-01
    3.76547903e-01 6.44232333e-01 2.09160388e-01 2.86042243e-01
    1.81767941e-02 8.21734548e-01 2.27775007e-01 4.95780319e-01
    5.60585797e-01 4.08550918e-01 7.95964360e-01 4.94416058e-02
    1.27598256e-01 8.75148833e-01 2.49992341e-01 9.39558625e-01
    6.54479146e-01 2.65666187e-01 7.94091165e-01 9.74034607e-01
    5.28672099e-01 6.91171527e-01 3.40555489e-01 3.39708805e-01
    9.21912193e-01 7.94930935e-01 2.52597332e-02 4.35338825e-01
    3.26474786e-01 3.76039773e-01 1.93491578e-03 9.84130383e-01
    4.19444919e-01 1.97401643e-03 4.24796164e-01 1.37207329e-01
    2.29804099e-01 8.03579807e-01 3.70878935e-01 8.93428028e-01
    4.59680617e-01 9.10521030e-01 6.03364706e-01 8.93818855e-01
    4.14589465e-01 9.77560401e-01 3.15938473e-01 2.85444498e-01
    1.39825046e-02 5.02970695e-01 9.61038470e-01 8.30952644e-01
    6.40208066e-01 1.71269774e-02 5.83430827e-01 6.52293146e-01
    6.76413834e-01 2.30166614e-02 8.11046243e-01 3.20934296e-01
    1.72508538e-01 6.87546134e-01 6.12821341e-01 1.72961295e-01
    8.68097544e-01 4.38109457e-01 5.39629459e-02 5.25516927e-01
    2.54037410e-01 7.05887377e-01 6.35073245e-01 5.57670295e-01
    2.26597011e-01 5.19270658e-01 1.76493317e-01 7.65805244e-02
    7.23493159e-01 3.63257825e-01 9.49937582e-01 7.34551489e-01
    4.09419894e-01 5.54533482e-01 5.69760978e-01 3.79234672e-01
    9.32619631e-01 7.15855300e-01 8.38726223e-01 1.26306832e-01
    1.82080954e-01 6.96950495e-01 3.31539512e-02 6.78915381e-02
    9.00636852e-01 5.33182502e-01 9.57701206e-01 2.43543237e-01
    3.24371397e-01 4.26115066e-01 2.59024203e-02 3.34484756e-01
    1.29449993e-01 9.49953616e-01 9.30527508e-01 9.72253263e-01
    5.86208344e-01 3.60923767e-01 6.41960621e-01 7.18487203e-02
    4.12676811e-01 8.45288217e-01 6.73051834e-01 9.01304722e-01
    7.71918058e-01 1.33974999e-01 4.36962962e-01 5.39416373e-01
    9.50361609e-01 3.92712772e-01 4.88807976e-01 7.87819266e-01
    5.35898864e-01 9.50090885e-01 6.19470656e-01 1.90602183e-01
    4.30437893e-01 9.01264906e-01 1.08254462e-01 4.67080623e-01
    7.39650488e-01 7.37672448e-02 4.93265986e-02 6.59978390e-03
    1.87425256e-01 8.85106266e-01 9.69654441e-01 1.74946100e-01
    2.45514959e-01 5.81866801e-01 6.89170003e-01 3.34854305e-01
    7.12110460e-01 3.99802417e-01 2.04509497e-01 5.30363441e-01
    4.13638949e-02 4.07397032e-01 3.90447199e-01 2.57930994e-01
    6.34521604e-01 3.89239162e-01 5.66481531e-01 1.14170969e-01
    3.32549334e-01 9.63647544e-01 5.90012252e-01 7.65382648e-01
    8.41798365e-01 8.35824013e-01 2.41801441e-02 8.52510691e-01
    6.08769119e-01 9.42259789e-01 2.96690702e-01 4.53139842e-01 0. 0. 0.
    0. 0. 0. 0. 0. 0. 0. 0. 0. 0. 0. 0. 0. 6.99713588e-01 2.44872242e-01
    4.38270032e-01 6.17184997e-01 4.57539439e-01 8.35292339e-02
    8.45552921e-01 5.09945452e-01 5.47776103e-01 3.32841814e-01
    9.55060482e-01 9.15918350e-01 8.41688514e-02 7.63569593e-01
    1.92612082e-01 5.07472098e-01 5.08908331e-01 7.45510161e-02
    2.52832621e-01 5.81478715e-01 6.60126865e-01 7.18317032e-01
    8.43288124e-01 2.46343404e-01 6.59107983e-01 5.00260353e-01
    9.21572447e-01 2.72541881e-01 7.95845270e-01 6.57738566e-01
    1.28663123e-01 4.14941400e-01 9.16270494e-01 5.35684347e-01
    9.13428426e-01 5.90361774e-01 8.24955463e-01 7.39998639e-01
    1.37657344e-01 7.11361408e-01 9.80926454e-01 2.92142570e-01
    7.81712890e-01 1.95472360e-01 3.78199190e-01 4.46067125e-01
    2.74961084e-01 3.29222083e-02 4.54429537e-01 6.93560183e-01
    5.25444031e-01 9.61208224e-01 2.68608809e-01 6.17917120e-01
    8.04508686e-01 3.34854424e-01 1.98035151e-01 3.35398495e-01
    2.91145235e-01 6.52730763e-01 2.16456980e-01 4.40271050e-01
    5.15329361e-01 7.51578450e-01 2.69940197e-01 7.59163499e-02
    5.71611166e-01 2.15878069e-01 8.32152724e-01 6.95281029e-02
    4.45322990e-02 8.97035599e-01 2.55436093e-01 4.55807656e-01
    7.83090591e-01 4.91362154e-01 2.92123079e-01 7.36497700e-01
    8.10171962e-02 8.65330100e-01 1.72169715e-01 6.84194565e-02
    8.00083041e-01 6.11782074e-03 6.91509724e-01 5.05480409e-01
    4.86068815e-01 9.66686130e-01 6.06777072e-02 4.28456247e-01
    4.12705958e-01 6.33986473e-01 1.14642650e-01 2.14921743e-01
    2.05950320e-01 8.56674671e-01 9.18873787e-01 3.53200227e-01
    5.87585092e-01 2.70565271e-01 4.26366866e-01 3.14015985e-01
    1.69256687e-01 4.00194108e-01 4.79683638e-01 2.91704834e-02
    7.41744399e-01 6.15899801e-01 9.79716897e-01 5.84279716e-01
    5.19415915e-01 5.69914222e-01 3.63511175e-01 6.09311640e-01
    2.58651078e-01 1.61018789e-01 8.08241487e-01 7.61125445e-01
    7.24642932e-01 8.41009736e-01 7.01249540e-02 7.17994988e-01
    4.32573795e-01 3.11499834e-02 7.80789912e-01 8.97942185e-01
    6.74200475e-01 6.69466078e-01 8.87877405e-01 5.73712826e-01
    1.86957151e-01 8.68108094e-01 5.20690680e-01 1.28960848e-01
    3.73681068e-01 7.67042339e-01 9.84328568e-01 1.12113237e-01
    5.19414186e-01 1.11863375e-01 9.88097191e-01 8.54532599e-01
    2.53400147e-01 1.81738585e-01 3.33671451e-01 6.19287491e-01
    8.84485364e-01 4.23288167e-01 1.95677012e-01 9.09066916e-01
    8.04880679e-01 2.19269991e-01 1.50774091e-01 7.43985474e-01
    2.22299784e-01 1.91942066e-01 8.36865544e-01 6.77785039e-01
    4.47098106e-01 3.28008771e-01 2.34712481e-01 9.50731993e-01
    6.84213102e-01 2.74165571e-01 9.68904734e-01 5.69299877e-01
    3.64942551e-02 8.51548433e-01 8.61509681e-01 3.08321267e-01
    5.25204301e-01 1.45756245e-01 2.91440606e-01 5.03520548e-01
    1.75931185e-01 4.74912345e-01 3.74966264e-02 2.77825475e-01
    4.24521923e-01 8.72095823e-01 8.71768415e-01 6.07389212e-01
    9.87466395e-01 4.49174434e-01 4.00214672e-01 7.82497346e-01
    5.12420475e-01 6.70515895e-01 8.27548385e-01 9.19655323e-01
    1.64202482e-01 3.50662947e-01 6.82429552e-01 8.51795971e-01
    1.21748149e-01 6.88700378e-01 8.27444196e-01 3.02885473e-02
    9.56424773e-01 5.08175313e-01 7.36579418e-01 5.19347787e-01
    8.28928113e-01 6.94211781e-01 6.45526230e-01 6.95646405e-02
    2.49721855e-01 9.52995896e-01 5.95989823e-01 5.24939060e-01
    6.42511666e-01 9.17521596e-01 4.94735628e-01 9.10109162e-01
    8.10176611e-01 9.59821105e-01 5.86777806e-01 5.39416552e-01
    2.05187142e-01 7.16224968e-01 8.08148682e-02 3.49277973e-01
    5.89023232e-01 5.74297607e-02 7.28502631e-01 6.63454771e-01
    5.71996808e-01 9.39188898e-02 8.83340836e-01 7.63323307e-01
    8.04632723e-01 3.75727087e-01 7.12324977e-01 9.37111139e-01
    4.34886485e-01 9.54927802e-01 3.05861831e-02 9.20741200e-01
    5.62811673e-01 9.87490714e-01 6.60473704e-02 3.81994605e-01
    1.51504606e-01 9.12308931e-01 3.97949517e-02 1.95386529e-01
    8.34384322e-01 3.21695983e-01 5.49646378e-01 9.50491905e-01
    4.59784240e-01 3.98143440e-01 4.91932392e-01 9.36573446e-01
    7.87412047e-01 8.78733993e-01 0. 0. 0. 0. 0. 0. 0. 0. 0. 0. 0. 0. 0.
    0. 0. 0. 8.29384327e-02 8.71101022e-01 4.72560465e-01 4.71929759e-01
    6.90782905e-01 4.80532080e-01 9.04415905e-01 6.12339020e-01
    2.16115862e-01 5.38910031e-01 9.39006329e-01 7.75773764e-01
    5.74364662e-01 6.13613129e-01 2.50249088e-01 8.19707751e-01
    7.17863739e-01 2.68435866e-01 8.04050684e-01 8.51634860e-01
    8.11380923e-01 7.27169096e-01 3.36993396e-01 8.85497212e-01
    5.52013934e-01 1.30223811e-01 9.35966611e-01 2.08438694e-01
    7.50376284e-01 6.34772003e-01 9.32767868e-01 6.35406137e-01
    1.21384561e-02 6.52538657e-01 4.02289361e-01 8.22673678e-01
    6.82405710e-01 8.98790240e-01 3.54179323e-01 5.19311428e-01
    3.85456830e-01 9.74442840e-01 5.50859511e-01 8.47089231e-01
    4.97937500e-01 8.30653906e-02 3.86274397e-01 9.81388986e-02
    1.34179115e-01 7.38412738e-01 7.17013597e-01 8.10614228e-01
    5.01195133e-01 8.02265286e-01 6.19013488e-01 1.33149207e-01
    2.68976331e-01 8.80934000e-01 4.32566315e-01 9.33702588e-01
    9.85391200e-01 7.56092191e-01 3.86931151e-01 9.55821395e-01
    9.87555265e-01 5.41432798e-01 8.39154541e-01 7.60592818e-01
    4.02243674e-01 7.15625584e-01 9.04793620e-01 6.13494992e-01
    5.73363006e-01 3.07385236e-01 4.63718593e-01 7.54590034e-02
    6.76449835e-02 6.02587104e-01 3.63162190e-01 3.07594478e-01
    2.66473055e-01 4.08604950e-01 1.45688951e-01 5.73803306e-01
    4.24434721e-01 5.49651563e-01 5.02238810e-01 1.79753304e-02
    6.11123085e-01 6.40504181e-01 6.96118116e-01 2.75991291e-01
    1.21898443e-01 6.47283792e-01 2.47207820e-01 7.85355747e-01
    1.43075258e-01 9.72847104e-01 1.03888750e-01 7.61454701e-02
    2.02742487e-01 2.51800418e-02 9.65993345e-01 1.85081065e-01
    2.74539948e-01 8.12811434e-01 5.66942632e-01 3.93282175e-01
    8.50635290e-01 7.17714667e-01 9.75837409e-01 5.81696630e-02
    8.08416009e-01 7.06874132e-02 3.61397564e-01 3.84209871e-01
    9.85316634e-01 5.31996071e-01 1.13945901e-02 5.62745810e-01
    5.95045924e-01 6.52974904e-01 6.41866207e-01 7.54445195e-01
    9.00941133e-01 2.19626367e-01 3.99469614e-01 2.86511898e-01
    2.94898719e-01 5.17383516e-01 9.08734322e-01 5.74653506e-01
    3.05106074e-01 4.56093282e-01 3.55589926e-01 2.11309850e-01
    1.59671605e-02 8.44794512e-01 9.51126158e-01 5.39386570e-01
    9.48631525e-01 4.71501559e-01 6.01958275e-01 9.78641212e-01
    7.70055234e-01 4.75847840e-01 5.01695573e-01 8.21170926e-01
    1.23163462e-02 8.70932937e-01 6.08307362e-01 4.58951980e-01
    6.67330265e-01 5.82169771e-01 7.65770793e-01 4.19429839e-01
    4.76609886e-01 3.05987954e-01 1.32738471e-01 3.27267587e-01
    2.63610572e-01 6.25812709e-01 5.52581489e-01 5.13661146e-01
    7.99842954e-01 7.24350452e-01 2.41040230e-01 6.33386850e-01
    3.19435775e-01 2.34316528e-01 4.95636821e-01 5.47485948e-01
    6.40205681e-01 8.38045716e-01 1.18770093e-01 5.25205195e-01
    1.32265061e-01 4.22595084e-01 4.24765050e-02 7.06185639e-01
    2.64140755e-01 7.72540808e-01 4.90789175e-01 6.60341084e-01
    6.44421160e-01 9.27842975e-01 2.50144064e-01 1.77582175e-01
    2.46158063e-01 1.17537647e-01 4.65618521e-01 1.80529296e-01
    9.15926695e-01 3.92799884e-01 5.12438536e-01 3.76154244e-01
    5.24572253e-01 2.44412482e-01 1.24595791e-01 9.51935649e-02
    5.74541569e-01 6.03288412e-04 3.42555761e-01 1.07013643e-01
    4.68805432e-01 5.93172550e-01 4.28641140e-01 8.47598672e-01
    2.94336855e-01 3.45708340e-01 4.68788803e-01 4.70308214e-01
    9.88365173e-01 6.44694567e-01 9.60868895e-02 9.68807936e-01
    5.90312481e-01 3.18659186e-01 2.37622917e-01 9.18086469e-02
    4.75337446e-01 3.29449952e-01 9.80774522e-01 8.02334845e-02
    4.36025679e-01 2.31652260e-01 9.13645685e-01 7.87358999e-01
    2.10192919e-01 8.68028045e-01 1.04210675e-02 7.58025110e-01
    6.58872247e-01 7.77367830e-01 4.02010679e-01 9.64543223e-01
    2.67118335e-01 6.99293911e-02 6.47789598e-01 8.57080102e-01
    8.59808445e-01 2.66698003e-02 4.83280361e-01 8.92095089e-01
    4.41388965e-01 6.40257657e-01 1.62167519e-01 9.91584897e-01
    1.72794282e-01 3.54759693e-01 1.07581824e-01 3.51020634e-01
    7.79474139e-01 3.27162534e-01 9.72868741e-01 1.94622517e-01 0. 0. 0.
    0. 0. 0. 0. 0. 0. 0. 0. 0. 0. 0. 0. 0. 3.94323289e-01 3.77254754e-01
    3.38875294e-01 6.32017851e-01 7.54552484e-01 5.18428862e-01
    7.62188017e-01 9.83866632e-01 2.90049314e-01 9.34445620e-01
    4.34139550e-01 6.17624223e-02 3.15074742e-01 2.02400744e-01
    4.91333544e-01 6.06089294e-01 6.01845086e-01 1.49584830e-01
    6.55088723e-01 6.95038378e-01 4.93067503e-02 3.68582904e-01
    2.61275411e-01 8.78716946e-01 7.27431536e-01 9.07780766e-01
    4.42678034e-01 3.94756347e-01 1.49713755e-02 4.70216244e-01
    9.79688168e-01 2.74436176e-01 6.82802796e-01 9.42390203e-01
    9.14165258e-01 7.01656818e-01 7.44982123e-01 9.57135975e-01
    6.22346520e-01 6.49855316e-01 5.49903750e-01 5.21145105e-01
    6.22555912e-01 9.42642391e-02 2.82329828e-01 6.24137759e-01
    8.36227059e-01 1.51514024e-01 4.13805097e-01 1.41109139e-01
    3.87011468e-01 3.39596570e-01 6.37965143e-01 8.65617156e-01
    8.74940872e-01 7.05870211e-01 2.89669454e-01 4.65103149e-01
    7.93166399e-01 1.19468838e-01 5.48379600e-01 2.23010480e-01
    1.08761996e-01 2.24882483e-01 5.88799119e-02 8.44474673e-01
    8.88913393e-01 6.38551474e-01 2.98327357e-01 9.00464416e-01
    6.74396157e-01 3.18756968e-01 3.95311832e-01 4.79567945e-01
    4.53479528e-01 9.95540023e-02 4.70390946e-01 8.20144475e-01
    1.61205471e-01 4.57809031e-01 5.88234961e-01 6.15275979e-01
    6.75087571e-02 8.29894781e-01 5.81621826e-01 6.31060660e-01
    3.98968458e-01 6.38580024e-02 6.97500229e-01 5.79114020e-01
    4.07935530e-01 6.87667847e-01 5.73594511e-01 8.01116228e-01
    1.51374459e-01 6.72626972e-01 9.68430698e-01 4.19620305e-01
    4.10945237e-01 6.45927072e-01 5.47268629e-01 4.44868535e-01
    3.19027603e-01 1.49870813e-01 9.96454895e-01 4.21134591e-01
    1.19506121e-01 1.84983641e-01 1.59146488e-02 4.65975106e-01
    4.08976614e-01 1.56781405e-01 6.47055030e-01 3.45709920e-03
    9.74905133e-01 9.37656105e-01 6.00282669e-01 5.45887470e-01
    1.39924884e-01 8.25745463e-01 2.14176893e-01 3.65612924e-01
    2.16476381e-01 1.49605066e-01 9.81218219e-01 4.68875736e-01
    4.02116448e-01 6.45393610e-01 5.33489943e-01 7.68425822e-01
    3.30453902e-01 4.64788586e-01 5.53752244e-01 5.08759439e-01
    9.06387806e-01 6.39331818e-01 7.17227221e-01 6.80497527e-01
    5.47191262e-01 5.48596680e-02 6.03745520e-01 4.63100910e-01
    1.87646657e-01 4.48770732e-01 8.99007797e-01 8.52791905e-01
    1.98418230e-01 5.27879596e-01 7.53130078e-01 1.75516248e-01
    8.32626462e-01 6.31266117e-01 1.22199655e-02 3.70035470e-02
    3.25374603e-02 6.92026913e-01 9.68440771e-01 1.11269057e-02
    3.86414856e-01 7.51076162e-01 7.61579990e-01 8.43739808e-02
    1.76055431e-02 1.87169105e-01 6.62690520e-01 4.97106969e-01
    7.16754556e-01 2.42502689e-01 5.89593530e-01 3.06742370e-01
    4.50902522e-01 3.05287361e-01 4.87159997e-01 7.97134399e-01
    4.90024775e-01 3.36202621e-01 2.58492589e-01 7.58841038e-01
    8.82627726e-01 6.08720601e-01 5.68429291e-01 9.85381484e-01
    3.43095362e-01 8.46383572e-02 3.19198847e-01 8.35170865e-01
    2.59515852e-01 8.18591118e-01 9.45335507e-01 5.61701000e-01
    1.39065087e-01 7.74714053e-01 5.36434770e-01 7.89571881e-01
    8.55680525e-01 5.00562072e-01 6.39944911e-01 4.93872285e-01
    2.98322201e-01 3.68376672e-02 5.29518485e-01 4.06142354e-01
    8.72133255e-01 7.40869224e-01 7.59436488e-01 5.28328776e-01
    5.22064924e-01 2.78078616e-01 3.19957823e-01 9.02593315e-01
    4.34234351e-01 6.93823695e-01 2.30652690e-01 5.57144821e-01
    4.63849247e-01 4.91032302e-01 2.20523387e-01 6.17027879e-02
    3.48875999e-01 3.59204590e-01 2.28304446e-01 3.63112092e-02
    6.72454178e-01 8.37407589e-01 8.04746091e-01 4.52779114e-01
    5.35046637e-01 3.70726109e-01 7.12660134e-01 8.48253667e-01
    9.89259779e-01 5.30786276e-01 6.97173774e-02 6.86747909e-01
    4.66972739e-01 1.96202368e-01 8.87358427e-01 9.85449255e-02
    8.50876570e-01 2.18659282e-01 5.96951663e-01 1.12686932e-01
    4.02133018e-01 3.46151352e-01 8.64945292e-01 1.67497575e-01
    8.52262378e-01 8.90343249e-01 5.02202272e-01 5.37558556e-01
    5.94796002e-01 6.31571114e-01 6.27460897e-01 5.32513022e-01
    5.13988733e-02 2.36807823e-01 0. 0. 0. 0. 0. 0. 0. 0. 0. 0. 0. 0. 0.
    0. 0. 0. 1.38893038e-01 2.18055248e-02 3.23623329e-01 9.19512987e-01
    1.53951794e-01 2.28178710e-01 5.75163484e-01 4.87028629e-01
    5.19189298e-01 3.52736324e-01 6.97544038e-01 6.04628623e-01
    5.84148467e-02 9.32757854e-02 3.97287220e-01 7.76376367e-01
    3.96491647e-01 9.56799746e-01 9.96365786e-01 9.76308703e-01
    7.51848459e-01 3.50136757e-02 6.71955585e-01 4.09295648e-01
    8.45805883e-01 2.66979009e-01 4.82342869e-01 4.19533253e-03
    6.17337704e-01 3.38003933e-02 9.36108232e-01 5.75748801e-01
    1.71766579e-01 9.90955532e-01 1.74171209e-01 2.15239286e-01
    4.70649600e-01 4.76646245e-01 2.13657081e-01 7.86642313e-01
    2.39108235e-01 1.32586241e-01 9.99792933e-01 6.31617188e-01
    8.13844204e-01 8.33348036e-01 4.90117252e-01 5.90322375e-01
    3.86190653e-01 5.54311156e-01 7.99014628e-01 4.33493286e-01
    3.64435375e-01 7.17160404e-01 3.02332699e-01 4.76647019e-01
    4.79945749e-01 6.11032665e-01 8.99717271e-01 4.92979050e-01
    3.36549103e-01 3.73706996e-01 1.09508932e-02 6.01275563e-01
    4.06860590e-01 6.40808344e-02 5.88298917e-01 7.93804169e-01
    2.17059910e-01 9.50558960e-01 5.08488297e-01 9.95416999e-01
    6.13285661e-01 9.52137470e-01 3.07886004e-01 5.45309782e-02
    9.22482729e-01 8.69009495e-01 4.32070732e-01 2.39595175e-01
    3.22974533e-01 4.35175329e-01 7.99480915e-01 8.48426521e-01
    7.33509183e-01 2.57235825e-01 8.49649906e-01 7.49850214e-01
    9.85314727e-01 4.44390446e-01 5.52293003e-01 8.38180423e-01
    7.68818021e-01 1.98369890e-01 8.19850087e-01 9.14592862e-01
    3.22142631e-01 4.49584067e-01 6.32816076e-01 9.41700816e-01
    6.78320050e-01 5.04509091e-01 1.68971390e-01 7.56190896e-01
    2.92608917e-01 7.36861169e-01 8.55440855e-01 8.90403986e-03
    2.22366899e-01 5.23907363e-01 9.11806345e-01 7.78878033e-01
    8.47580314e-01 7.21492171e-02 6.09010935e-01 9.91422653e-01
    7.89622366e-02 6.49432003e-01 4.11373794e-01 6.94912136e-01
    1.73006475e-01 2.66108811e-02 5.90997636e-02 4.26313996e-01
    9.98824596e-01 7.48793244e-01 3.49771351e-01 1.49606466e-01
    1.09554440e-01 2.14476109e-01 3.44544530e-01 5.31247556e-02
    1.87120795e-01 5.88014305e-01 5.05217195e-01 1.12923056e-01
    3.83282393e-01 9.76135552e-01 4.05987501e-01 8.67533386e-02
    5.72495580e-01 7.91191578e-01 4.52735513e-01 8.23496699e-01
    5.16629100e-01 9.41513598e-01 6.23801947e-01 5.88197291e-01
    2.27334470e-01 4.63272691e-01 6.62409186e-01 3.42622042e-01
    2.95476675e-01 5.62861621e-01 3.86258781e-01 5.99388182e-01
    2.04796433e-01 2.68249691e-01 7.90609717e-01 9.47175026e-01
    5.73942363e-01 6.50720358e-01 1.45921111e-01 2.29929984e-01
    6.02972150e-01 4.43626136e-01 4.16260719e-01 7.40779936e-02
    1.72295272e-02 1.61255866e-01 1.20055884e-01 8.08896422e-01
    3.09248030e-01 8.43857527e-01 6.46534324e-01 2.62302846e-01
    6.33867502e-01 7.80900121e-01 8.51751745e-01 3.73888522e-01
    3.46542567e-01 5.53206205e-02 5.01993001e-02 1.77696168e-01
    1.41188443e-01 2.65352815e-01 6.65316582e-01 9.74477887e-01
    5.52456975e-02 8.73918414e-01 7.81669378e-01 8.87541771e-01
    5.72371244e-01 5.24022818e-01 4.07789230e-01 3.92695069e-02
    3.68524939e-01 2.45736450e-01 1.97161138e-02 9.09690976e-01
    3.00506443e-01 9.28724051e-01 2.58187503e-01 2.08994538e-01
    9.49533939e-01 2.54363775e-01 3.95534933e-01 2.65082210e-01
    7.55799413e-01 7.83280730e-01 2.22159237e-01 6.79697275e-01
    1.49469942e-01 3.82498324e-01 5.28654814e-01 9.45375741e-01
    1.43355191e-01 6.66460395e-02 8.73099029e-01 7.21653223e-01
    1.76673740e-01 5.92705786e-01 4.83308882e-01 5.57240546e-01
    1.49114758e-01 8.75269294e-01 8.60854983e-01 2.76317537e-01
    4.88198996e-01 3.19636524e-01 2.08080322e-01 1.88869238e-03
    4.70495254e-01 7.91865230e-01 5.44224977e-01 8.23825955e-01
    9.79501247e-01 7.40497828e-01 7.97417998e-01 1.38940811e-01
    2.93364346e-01 9.09569860e-03 6.37765169e-01 9.17304695e-01
    3.68151695e-01 3.52621853e-01 1.44870460e-01 1.05292201e-01
    9.86767054e-01 1.20049238e-01 3.35901469e-01 3.28535646e-01
    8.00030947e-01 4.61947203e-01 1.00324303e-01 1.00557923e-01 0. 0. 0.
    0. 0. 0. 0. 0. 0. 0. 0. 0. 0. 0. 0. 0. 5.58541417e-02 2.73126394e-01
    9.14750695e-01 9.98355091e-01 8.99353683e-01 2.66299099e-01
    1.64985687e-01 8.21720600e-01 8.92163992e-01 6.98761106e-01
    4.89000350e-01 5.33123732e-01 3.88415128e-01 7.83738911e-01
    9.89956617e-01 9.42000270e-01 2.35593319e-01 1.65791899e-01
    5.93889117e-01 5.30186296e-02 9.92899179e-01 6.66274071e-01
    2.84788311e-02 6.53423548e-01 3.91077518e-01 4.33164001e-01
    1.34446114e-01 5.42181194e-01 8.81272972e-01 6.76862061e-01
    4.47055250e-01 3.28090191e-01 9.96611714e-02 4.23400223e-01
    6.87690020e-01 9.69515562e-01 7.92059720e-01 4.20051366e-01
    1.05467737e-02 8.25315952e-01 7.88768411e-01 9.94239330e-01
    5.87696850e-01 6.64975286e-01 7.74904966e-01 3.62806618e-02
    1.22592360e-01 7.91589499e-01 5.13071120e-01 4.75245565e-01
    4.18961406e-01 8.15215111e-01 2.36522466e-01 6.20213747e-01
    5.45844495e-01 7.30259359e-01 8.31868649e-01 3.05373967e-01
    5.65371871e-01 6.46120310e-03 7.35087395e-01 2.56523490e-01
    1.77135944e-01 5.88047922e-01 2.69435942e-02 2.28432387e-01
    9.24291015e-01 8.17878246e-01 3.81323278e-01 8.02338302e-01
    8.18855286e-01 7.29120314e-01 2.74860084e-01 5.30144691e-01
    7.95705914e-01 6.67340577e-01 3.23097169e-01 2.97853172e-01
    3.46624196e-01 5.92064321e-01 6.50253952e-01 2.28671491e-01
    1.60108954e-01 5.75889468e-01 3.41024280e-01 6.12029552e-01
    3.20787489e-01 7.65093446e-01 3.57519448e-01 6.15523756e-01
    1.37624294e-01 8.10548365e-02 4.95714426e-01 3.27625126e-01
    4.80975658e-01 4.39057648e-01 7.89009809e-01 9.95831847e-01
    1.55978978e-01 3.80707562e-01 5.22313893e-01 3.81539285e-01
    6.82704389e-01 6.47466183e-01 6.47263408e-01 1.04908645e-01
    2.56452203e-01 6.43816411e-01 7.90440202e-01 6.38320088e-01
    8.17325115e-01 3.91159713e-01 9.92482603e-02 5.01981139e-01
    9.76302326e-01 8.06315243e-01 9.42955077e-01 8.02856147e-01
    2.22314596e-01 1.11306936e-01 9.12623525e-01 1.87594086e-01
    7.44768977e-02 5.90231359e-01 7.97501922e-01 8.31661105e-01
    5.40527403e-01 1.16306841e-01 1.95050448e-01 1.82989448e-01
    3.34547520e-01 4.05489147e-01 2.39472300e-01 3.15137714e-01
    5.77035189e-01 7.31456280e-02 2.85665035e-01 7.68174291e-01
    2.83350170e-01 2.38367379e-01 6.88910782e-02 5.23095489e-01
    4.42179143e-02 3.16194385e-01 1.70796126e-01 4.49852914e-01
    6.70978367e-01 1.77406013e-01 8.57103050e-01 6.70347989e-01
    6.90221786e-01 3.55061054e-01 2.87401736e-01 3.53366315e-01
    8.07346344e-01 1.41049862e-01 5.86061895e-01 7.93809891e-01
    6.51856661e-01 6.66583478e-01 4.14191484e-02 9.79782820e-01
    9.70472574e-01 4.05993015e-01 1.37470841e-01 2.37187117e-01
    7.05146730e-01 4.86415207e-01 3.28546435e-01 5.50506055e-01
    5.89524508e-01 4.86527056e-01 9.97890711e-01 6.06453776e-01
    5.34548044e-01 5.16852498e-01 8.05859447e-01 5.47434926e-01
    9.64239240e-01 9.20964420e-01 8.10690582e-01 2.77946889e-01
    5.73896825e-01 4.68838513e-01 4.68676895e-01 6.82438552e-01
    4.13815975e-01 6.32550359e-01 1.13023877e-01 1.49530917e-01
    4.35025871e-01 8.22402596e-01 5.51541746e-01 3.01571250e-01
    2.83732176e-01 6.23553514e-01 8.12372983e-01 9.78165746e-01
    8.25275958e-01 4.29399759e-01 4.35265183e-01 2.58018196e-01
    4.98753130e-01 4.64309275e-01 8.42546165e-01 9.95105684e-01
    3.97000283e-01 8.01720440e-01 1.60978258e-01 5.36687672e-02
    4.14447069e-01 2.71194756e-01 3.41584980e-02 8.77305627e-01
    1.09144181e-01 1.69963896e-01 2.16361880e-03 8.68125856e-02
    9.38179135e-01 7.72818804e-01 6.07913077e-01 9.44153786e-01
    5.29718757e-01 1.17537588e-01 1.90159291e-01 2.04516411e-01
    9.58396554e-01 8.17476034e-01 2.77263343e-01 1.07290417e-01
    9.07230377e-03 5.75872600e-01 6.17904365e-02 7.06386447e-01
    7.03245103e-02 9.91498590e-01 3.68709117e-01 4.49503750e-01
    4.25292492e-01 8.93213153e-01 7.46465027e-01 3.11519444e-01
    5.97933233e-02 3.48788500e-01 7.80410767e-01 1.01259232e-01
    9.72808480e-01 8.90537381e-01 2.50169456e-01 3.18293989e-01
    6.20840967e-01 7.46236145e-01 5.14199197e-01 6.04190946e-01
    2.28824019e-01 4.07128334e-02 0. 0. 0. 0. 0. 0. 0. 0. 0. 0. 0. 0. 0.
    0. 0. 0. 9.50570583e-01 7.15305269e-01 2.89280951e-01 7.06214190e-01
    1.60695016e-02 7.93545902e-01 3.41066122e-02 9.63510990e-01
    4.02358860e-01 8.92184973e-01 1.14600480e-01 5.87615669e-01
    9.40743089e-01 8.74961913e-01 4.88105595e-01 9.32785273e-01
    3.07303101e-01 2.79502392e-01 6.52862012e-01 4.60917205e-01
    2.19994247e-01 8.92525911e-03 8.13429117e-01 1.48119658e-01
    1.16527289e-01 7.65193462e-01 6.58727884e-02 7.51122117e-01
    4.18078452e-01 7.90891349e-01 6.03976011e-01 5.15837133e-01
    8.92303526e-01 2.25727499e-01 9.02987242e-01 5.50763726e-01
    1.50497675e-01 4.94582146e-01 9.47586417e-01 9.25916374e-01
    4.22122478e-01 3.40337574e-01 9.27235067e-01 7.54685879e-01
    6.40456796e-01 4.71238673e-01 9.99150336e-01 6.21722460e-01
    5.70097387e-01 5.95710814e-01 8.13964725e-01 9.23770964e-02
    7.44948447e-01 5.03122985e-01 5.46158791e-01 4.18062091e-01
    6.56857908e-01 6.38309717e-02 3.56567830e-01 7.68127382e-01
    7.32598960e-01 5.26577234e-03 7.49016643e-01 8.64623189e-01
    4.35685456e-01 3.89260769e-01 7.99359679e-01 8.37615728e-01
    4.10265088e-01 4.49966609e-01 2.93073952e-02 9.77677703e-01
    6.46178007e-01 2.41201222e-01 3.57674658e-02 9.37603712e-01
    1.52044892e-02 6.21909738e-01 2.22683549e-01 3.70321751e-01
    5.70156574e-01 4.63913471e-01 9.64890301e-01 3.72458994e-01
    5.39359927e-01 5.90943933e-01 8.17915857e-01 9.95980024e-01
    8.53758037e-01 5.70604265e-01 4.52016294e-01 4.89253283e-01
    9.15344357e-01 5.02142727e-01 1.42540097e-01 2.12960482e-01
    9.45008755e-01 3.32877040e-02 2.07194924e-01 1.63437486e-01
    7.73839593e-01 4.24658656e-02 5.15528500e-01 5.21827817e-01
    2.93110549e-01 8.67130160e-01 4.41494733e-01 5.07204294e-01
    9.30701733e-01 2.02715009e-01 4.33419973e-01 5.33577263e-01
    9.99315381e-01 6.61714613e-01 5.61800599e-03 6.59564078e-01
    9.68305230e-01 9.54233348e-01 7.61620641e-01 2.14541972e-01
    9.58272815e-02 9.87788141e-01 6.75457537e-01 1.10056818e-01
    5.58687449e-02 4.30079013e-01 2.44606018e-01 1.28756016e-01
    6.00768626e-02 1.81801170e-01 9.61801410e-03 2.91231066e-01
    3.72491777e-01 4.93459314e-01 2.36082882e-01 4.96124804e-01
    8.60687494e-02 3.07871848e-01 3.47944140e-01 5.73533177e-02
    3.08676660e-02 6.37345552e-01 9.85159278e-01 3.74236226e-01
    2.15262324e-01 3.01406503e-01 5.15608490e-01 7.55963683e-01
    6.07203901e-01 7.10606515e-01 1.25681072e-01 2.93422043e-02
    9.30734038e-01 9.12268400e-01 1.50837183e-01 4.15674090e-01
    8.93029153e-01 7.13718057e-01 3.40885878e-01 1.89324617e-02
    8.89547169e-01 6.80844188e-01 1.48169547e-01 8.69920552e-01
    7.45069325e-01 3.08475435e-01 2.66494185e-01 1.85419708e-01
    9.19615328e-02 4.69552070e-01 4.45782900e-01 8.32254887e-02
    1.60375953e-01 1.58002645e-01 9.48863626e-01 3.36638689e-01
    9.37770963e-01 9.63364899e-01 2.46803850e-01 3.13268244e-01
    9.09958541e-01 6.90185785e-01 6.49665594e-02 6.07287824e-01
    8.80974472e-01 1.89236253e-01 1.88529789e-02 1.67591214e-01
    3.52972507e-01 8.82944584e-01 8.79490554e-01 7.81147599e-01
    1.16141200e-01 9.42510247e-01 3.44561458e-01 4.41648036e-01
    5.37605464e-01 4.34805810e-01 1.15751624e-02 5.87743759e-01
    3.13988328e-03 1.30138993e-02 1.00085467e-01 5.10784507e-01
    5.42356789e-01 9.33375239e-01 7.05635071e-01 3.26066017e-02
    1.68494880e-01 6.67927325e-01 4.08040613e-01 9.07670677e-01
    7.72964716e-01 5.68546534e-01 4.59483266e-03 3.16220820e-02
    7.63168216e-01 3.72798949e-01 1.93941891e-01 3.19800466e-01
    2.34742165e-01 9.77500200e-01 5.13427854e-01 7.23330736e-01
    4.82627720e-01 3.26901615e-01 6.54817820e-02 7.64311969e-01
    6.70385361e-01 2.09276676e-01 1.16814941e-01 4.01336044e-01
    1.09344274e-01 5.55553675e-01 1.99199766e-01 1.37451231e-01
    9.38015819e-01 3.84984463e-01 1.11778617e-01 9.15558279e-01
    4.26261246e-01 5.77153087e-01 8.55350018e-01 4.15886909e-01
    6.49739027e-01 7.58935511e-01 8.63304496e-01 9.20896411e-01
    5.56936145e-01 9.62036848e-01 1.69608325e-01 3.17175716e-01
    5.26773691e-01 8.98600876e-01 6.80074871e-01 6.56768501e-01 0. 0. 0.
    0. 0. 0. 0. 0. 0. 0. 0. 0. 0. 0. 0. 0. 4.85833079e-01 8.96985054e-01
    9.54620600e-01 4.74109501e-01 9.50726390e-01 8.89417529e-03
    6.29320741e-02 7.80096114e-01 7.78008580e-01 4.49303985e-01
    3.36878777e-01 5.94831347e-01 7.24962294e-01 7.11889446e-01
    7.19447911e-01 2.50935614e-01 8.37005675e-01 3.69742870e-01
    3.33592057e-01 5.67156613e-01 6.15752518e-01 3.75560224e-01
    1.76029444e-01 7.69208193e-01 2.29636550e-01 1.25669122e-01
    4.34952617e-01 6.42838299e-01 4.63212401e-01 6.13574982e-01
    5.53485513e-01 1.34956241e-01 9.68326569e-01 9.35340405e-01
    5.00354409e-01 5.43343782e-01 2.21868306e-01 3.86003554e-02
    7.24294543e-01 9.49235320e-01 6.77805543e-01 7.92738914e-01
    4.47021902e-01 2.66106427e-02 1.23085618e-01 7.76544213e-01
    4.83928621e-02 7.72599459e-01 1.38176620e-01 9.00875628e-02
    2.09463805e-01 4.83918875e-01 7.50200987e-01 3.01507711e-02
    6.02539241e-01 4.69732761e-01 3.13759267e-01 9.29469705e-01
    5.97186148e-01 3.67104948e-01 1.50207549e-01 7.95148611e-01
    7.73858905e-01 7.53250122e-01 9.70652938e-01 9.83370423e-01
    4.19781208e-01 2.89948404e-01 9.48636591e-01 6.72386825e-01
    5.02924323e-02 6.27884865e-01 9.27808881e-02 1.76326424e-01
    9.65556204e-02 6.49126649e-01 9.62675810e-02 9.81237054e-01
    2.98932731e-01 1.22791886e-01 9.03244138e-01 9.60792422e-01
    8.27774405e-03 4.31645900e-01 8.43462586e-01 5.26392698e-01
    9.88548279e-01 1.91458374e-01 1.14863306e-01 5.08892119e-01
    6.48776531e-01 9.73697782e-01 5.93381941e-01 9.07907486e-01
    2.04034984e-01 1.96393132e-02 4.22329903e-02 5.12027979e-01
    7.80133665e-01 4.77178425e-01 7.37898529e-01 6.56751394e-01
    9.02571678e-01 9.40791726e-01 7.39504397e-01 8.94955516e-01
    4.61488247e-01 5.43286443e-01 8.98021102e-01 8.80523801e-01
    2.99733341e-01 7.11581111e-03 1.93378210e-01 6.69189811e-01
    9.54962254e-01 6.70949936e-01 7.39343643e-01 4.49015200e-01
    7.86184371e-02 1.81603342e-01 1.37870491e-01 6.04567051e-01
    6.46907866e-01 1.28439963e-02 5.04446685e-01 3.74767959e-01
    2.36662567e-01 6.73770070e-01 6.79074883e-01 6.71721160e-01
    2.01517493e-01 3.67671847e-02 1.86527401e-01 8.75357747e-01
    6.19456589e-01 8.34774137e-01 9.50942874e-01 2.63526380e-01
    9.44164157e-01 1.26275510e-01 4.99691308e-01 4.88645226e-01
    3.82906854e-01 3.41809988e-02 3.05095553e-01 7.44518757e-01
    6.95583701e-01 1.11806184e-01 9.61064398e-02 6.65150166e-01
    1.66851848e-01 4.41428393e-01 5.76247931e-01 8.90452206e-01
    8.84703755e-01 6.65235817e-01 3.75843257e-01 6.73368156e-01
    5.75811803e-01 9.96822238e-01 7.33402848e-01 8.56242657e-01
    7.61947274e-01 4.77922320e-01 4.40571249e-01 7.10825562e-01
    7.91213989e-01 5.30764163e-02 9.64718103e-01 4.59615767e-01
    2.83288956e-01 8.60164404e-01 8.58274221e-01 9.16087031e-01
    3.17355812e-01 2.69924521e-01 8.06614399e-01 5.06107986e-01
    9.64822948e-01 2.24752009e-01 9.43647265e-01 6.45093560e-01
    8.85763764e-01 1.65132821e-01 2.96292603e-02 3.73274744e-01
    1.71623558e-01 9.06755447e-01 8.76286507e-01 3.73318732e-01
    6.03975475e-01 1.26063108e-01 2.53466666e-01 1.35582089e-01
    3.78123879e-01 9.93357658e-01 3.76569390e-01 5.90467811e-01
    5.19040167e-01 1.62072062e-01 6.09233558e-01 3.39171588e-02
    4.08333868e-01 9.94486094e-01 1.56603634e-01 6.90290332e-03
    5.17459691e-01 6.17035985e-01 6.12764001e-01 9.41563070e-01
    2.60098159e-01 9.57708418e-01 5.12966931e-01 5.82594216e-01
    3.57472003e-01 2.82428980e-01 1.35633051e-01 1.38070166e-01
    3.79611552e-02 3.58327568e-01 9.97104406e-01 4.41484243e-01
    9.63252306e-01 2.22797453e-01 6.29484296e-01 5.17999828e-01
    1.42959356e-02 3.66857469e-01 2.59275526e-01 8.40207100e-01
    4.32277054e-01 9.94095325e-01 7.83469081e-01 1.87092036e-01
    1.00058556e-01 7.94432640e-01 7.97870755e-01 9.99900937e-01
    6.97362661e-01 9.85602021e-01 3.11260819e-02 3.59922349e-01
    9.06477571e-02 5.38433254e-01 7.31315613e-02 7.83177257e-01
    2.94651955e-01 8.23600173e-01 5.98562479e-01 3.78272235e-01
    2.45885998e-01 6.64372444e-01 5.31546533e-01 7.98144341e-02
    7.59445071e-01 2.42611170e-02 0. 0. 0. 0. 0. 0. 0. 0. 0. 0. 0. 0. 0.
    0. 0. 0. 6.32980287e-01 1.27146840e-02 6.97044432e-02 5.16656458e-01
    7.07142413e-01 7.66855478e-03 1.16497040e-01 2.12405473e-01
    8.01689506e-01 2.34069377e-01 2.69294381e-01 3.78590733e-01
    6.62947893e-02 8.73629153e-01 8.60651731e-01 9.39121127e-01
    9.21049714e-01 8.07604790e-02 3.65438312e-01 2.74109900e-01
    7.59470582e-01 7.36027718e-01 5.93680859e-01 1.41791433e-01
    7.91880190e-02 4.79928881e-01 3.04818392e-01 5.59378266e-02
    9.57827628e-01 3.74843180e-01 8.83239508e-01 8.65703464e-01
    7.67245412e-01 3.55066627e-01 2.41279900e-01 3.79379690e-01
    9.14501727e-01 4.87378746e-01 1.28408670e-01 1.34961009e-02
    2.24605858e-01 8.93084407e-01 4.80863035e-01 4.10354793e-01
    1.72782749e-01 3.35147440e-01 3.26260746e-01 9.48420048e-01
    7.34798372e-01 1.39132112e-01 7.39083171e-01 2.66332865e-01
    7.91921616e-01 4.31132674e-01 4.19117630e-01 2.90812492e-01
    8.74203026e-01 1.70398593e-01 3.14425230e-01 5.01683354e-03
    1.93085849e-01 7.40836263e-01 8.14684153e-01 1.52149618e-01
    5.46774387e-01 9.18516457e-01 5.72735369e-01 2.00481713e-02
    2.77302861e-02 1.76971644e-01 3.27618659e-01 5.50344467e-01
    1.48529142e-01 2.11022884e-01 8.71813297e-01 6.55805111e-01
    8.12390327e-01 6.37191057e-01 2.19481140e-01 7.02792585e-01
    3.67665410e-01 1.48334205e-01 3.62965167e-01 8.95410180e-01
    7.68471479e-01 4.96896565e-01 5.59818566e-01 5.11054039e-01
    4.14894730e-01 3.50491822e-01 6.00101709e-01 7.35690713e-01
    1.19269401e-01 1.57173783e-01 1.99534893e-01 6.21394217e-02
    2.50218928e-01 5.93903959e-02 6.02239907e-01 7.85020232e-01
    2.00186998e-01 1.68478251e-01 6.28851831e-01 9.94146466e-02
    1.34385705e-01 7.54762411e-01 4.30328816e-01 5.43900013e-01
    1.10342443e-01 1.17514461e-01 7.72653759e-01 1.66337669e-01
    9.17217851e-01 3.34932745e-01 7.20822275e-01 3.44404280e-01
    4.94475067e-02 1.13091558e-01 7.07906663e-01 8.30492139e-01
    7.94452965e-01 2.83231735e-02 9.15757179e-01 2.98273742e-01
    7.19150126e-01 5.11270821e-01 4.39770460e-01 1.38157457e-01
    1.30722463e-01 3.00617754e-01 6.94746912e-01 9.79186833e-01
    4.95792001e-01 6.07168794e-01 7.37448335e-01 8.36478829e-01
    7.50426233e-01 1.30431324e-01 4.96835202e-01 2.76053190e-01
    5.21317482e-01 5.82642257e-01 5.68439722e-01 9.58518982e-01
    6.62802160e-01 4.64777410e-01 9.05014634e-01 8.20564985e-01
    2.52671450e-01 4.17011410e-01 1.99573994e-01 3.78904879e-01
    7.28114724e-01 1.13175690e-01 1.18456781e-02 2.14024812e-01
    1.16452694e-01 1.63467258e-01 5.15939891e-01 3.26005220e-02
    5.45137405e-01 6.36355519e-01 1.27425373e-01 1.44953847e-01
    4.96239036e-01 4.87601161e-02 8.84989798e-02 8.32730055e-01
    9.46884215e-01 3.09898406e-01 2.35398173e-01 6.20959640e-01
    4.01736796e-01 4.90007579e-01 4.87795383e-01 5.08559644e-02
    7.01245427e-01 4.55818504e-01 7.64028072e-01 7.08451211e-01
    6.10970199e-01 4.49601650e-01 2.59857953e-01 4.84556496e-01
    2.18748242e-01 2.77997106e-01 9.22566354e-02 9.38041568e-01
    1.30817592e-01 7.01049268e-02 6.81291103e-01 6.58658862e-01
    8.24940324e-01 5.22893310e-01 4.44413453e-01 5.59596419e-01
    3.21311951e-02 9.73822773e-02 4.82675970e-01 2.77927756e-01
    6.23875141e-01 7.92961240e-01 9.55905795e-01 7.87665844e-02
    3.07266831e-01 9.35805678e-01 8.18432450e-01 1.36268646e-01
    9.92730737e-01 8.34339738e-01 7.66584218e-01 1.56234860e-01
    8.83591771e-01 1.53150499e-01 1.23642057e-01 7.46520936e-01
    4.23699379e-01 4.49540615e-02 4.46639627e-01 1.36274159e-01
    2.62443304e-01 4.39133257e-01 9.66822743e-01 9.50372815e-01
    9.37625408e-01 3.65434945e-01 4.50460225e-01 4.64460909e-01
    8.83778572e-01 1.70790106e-01 2.94307560e-01 3.56283784e-01
    9.97871995e-01 2.75949895e-01 7.85976112e-01 5.15312076e-01
    6.13149464e-01 3.43159020e-01 4.96889681e-01 8.24228585e-01
    4.11626220e-01 4.61522937e-02 7.94636726e-01 2.66445488e-01
    2.72752941e-01 8.99459779e-01 1.19148850e-01 1.12315953e-01
    2.70784795e-01 3.49490285e-01 7.73080468e-01 8.72106791e-01
    3.43790650e-01 8.30478907e-01 1.64222509e-01 6.64471686e-02 0. 0. 0.
    0. 0. 0. 0. 0. 0. 0. 0. 0. 0. 0. 0. 0. 1.53041124e-01 9.59254503e-02
    7.33528972e-01 4.01931971e-01 4.91868258e-02 6.31283343e-01
    1.44786716e-01 9.48578119e-02 7.44498312e-01 8.03467989e-01
    4.84869212e-01 2.31313825e-01 2.11426198e-01 1.58447206e-01
    6.38208985e-01 3.69992763e-01 9.21808243e-01 3.03396940e-01
    5.11022210e-01 9.14903522e-01 4.50905681e-01 4.74340320e-01
    7.97689319e-01 1.93967968e-01 7.55500913e-01 8.02837014e-01
    5.29727936e-01 5.51064014e-02 6.68699682e-01 3.99176091e-01
    1.16781503e-01 1.63623422e-01 3.93351853e-01 3.35376561e-02
    2.75546670e-01 1.06076360e-01 5.42519629e-01 2.70235509e-01
    5.70092082e-01 3.29899490e-02 1.74617797e-01 9.22737956e-01
    1.68023646e-01 9.97191131e-01 7.03197956e-01 7.80371070e-01
    8.75142932e-01 6.42650902e-01 8.11063886e-01 7.59300232e-01
    9.00548935e-01 1.39397681e-02 1.73678786e-01 7.57299662e-02
    9.14707720e-01 6.53585792e-03 5.00556827e-01 9.93655801e-01
    7.18940794e-02 6.34007156e-01 3.11401933e-01 1.00378096e-01
    5.69467545e-01 4.63440865e-01 5.93769550e-03 1.26737356e-02
    9.01461124e-01 3.05885971e-01 8.64347637e-01 9.35874820e-01
    2.13003516e-01 9.69629407e-01 6.15284324e-01 7.05701113e-01
    1.90246373e-01 2.22228527e-01 6.42566860e-01 9.63403106e-01
    7.01598525e-01 4.51371640e-01 3.43944669e-01 3.54848534e-01
    2.98468560e-01 4.43779945e-01 4.00707752e-01 5.12640119e-01
    5.13276517e-01 2.10530281e-01 8.63989472e-01 3.18943620e-01
    4.09024984e-01 5.82906783e-01 6.34551167e-01 6.96130276e-01
    4.80139345e-01 9.23668265e-01 5.69801033e-01 9.61098969e-02
    1.68203592e-01 7.15656340e-01 3.80102247e-01 1.79698080e-01
    5.23498058e-01 8.09389412e-01 8.25516045e-01 6.19873822e-01
    7.80946076e-01 9.50919032e-01 4.10936415e-01 8.19097400e-01
    3.32255483e-01 2.24617451e-01 9.96627569e-01 9.88904953e-01
    2.83952296e-01 4.42266464e-05 3.16207647e-01 6.46027684e-01
    4.71812785e-01 1.17283404e-01 7.38103986e-01 1.06236964e-01
    5.56327105e-01 1.16223991e-01 7.66923547e-01 6.23367429e-01
    8.65886986e-01 6.17053032e-01 7.02423394e-01 8.12820792e-01
    2.83146501e-01 9.10661101e-01 8.50940824e-01 4.39143360e-01
    8.10704291e-01 8.48703861e-01 2.40637362e-01 2.81520963e-01
    5.20418108e-01 9.94088769e-01 8.78664017e-01 3.53531569e-01
    7.61161745e-02 6.25853419e-01 6.05420172e-01 3.03977042e-01
    8.06233287e-01 7.57557154e-02 9.47693944e-01 6.53374076e-01
    5.85298419e-01 8.40406895e-01 2.60021329e-01 6.05965734e-01
    7.00769961e-01 9.67094958e-01 6.79517031e-01 1.16432756e-01
    1.22776955e-01 1.25853628e-01 7.32604027e-01 6.90835714e-03
    9.74801779e-01 5.22403717e-02 8.14056396e-02 4.18731570e-01
    6.38269424e-01 5.72242141e-02 6.66933656e-01 7.22682297e-01
    9.04754996e-02 3.44141901e-01 2.62186229e-02 3.73376846e-01
    1.04311496e-01 5.13255835e-01 5.03303111e-01 4.29604977e-01
    9.31104660e-01 6.62488222e-01 2.42938697e-01 2.51154900e-01
    7.20024705e-02 6.39867663e-01 2.68335640e-02 1.11070395e-01
    3.75299096e-01 9.31277215e-01 6.38851345e-01 5.23849905e-01
    5.93540490e-01 2.82589048e-01 7.90878415e-01 2.29507953e-01
    9.40972090e-01 9.14155781e-01 8.11609745e-01 1.95186973e-01
    4.51321423e-01 1.41885877e-03 8.99658918e-01 9.55480814e-01
    1.24889314e-01 2.45362818e-02 2.38716573e-01 4.41891849e-01
    7.76551843e-01 8.37665200e-01 5.67826986e-01 2.19107658e-01
    2.63942242e-01 1.38401270e-01 9.09464121e-01 8.79682302e-01
    2.60524005e-01 5.79607248e-01 4.59041774e-01 7.46561348e-01
    5.63208103e-01 4.54847425e-01 2.26103067e-01 2.42658347e-01
    3.68104637e-01 2.74182618e-01 8.70397687e-01 5.83630443e-01
    1.34718716e-01 8.37526560e-01 9.87999797e-01 2.13968366e-01
    6.70655847e-01 7.35569358e-01 2.07462907e-03 8.68891418e-01
    3.06642294e-01 5.08479655e-01 2.85915196e-01 6.30630493e-01
    5.08565903e-01 6.11265182e-01 8.04160953e-01 9.45099235e-01
    4.66916621e-01 1.13339216e-01 7.89569020e-01 2.25912720e-01
    5.99857509e-01 1.78005666e-01 2.73475558e-01 7.91358650e-02
    7.64144957e-02 6.53573453e-01 9.19117808e-01 8.85270715e-01
    6.69209182e-01 1.56746209e-01 0. 0. 0. 0. 0. 0. 0. 0. 0. 0. 0. 0. 0.
    0. 0. 0. 9.61219668e-01 8.14623237e-01 8.00111890e-01 1.51243746e-01
    7.35195696e-01 7.98264444e-02 7.59815097e-01 1.86853349e-01
    2.98768014e-01 7.32746840e-01 7.05959141e-01 2.17668742e-01
    8.45939934e-01 6.14284575e-01 8.42774034e-01 3.13705027e-01
    6.33577406e-01 8.88789356e-01 7.42143631e-01 6.04722440e-01
    2.53168344e-01 3.38226289e-01 9.81158197e-01 2.56357610e-01
    9.36122239e-01 6.82461560e-02 5.37277758e-01 8.61070991e-01
    9.32508826e-01 1.32405281e-01 5.18891275e-01 7.11476028e-01
    3.42883646e-01 4.48654562e-01 1.38906837e-02 5.91184914e-01
    2.56109804e-01 8.37483644e-01 5.88544607e-01 1.71456724e-01
    7.96660960e-01 5.75427651e-01 7.58619905e-01 6.59710765e-01
    6.90932274e-01 5.55015922e-01 5.63668191e-01 7.95979202e-02
    1.83857650e-01 6.83110893e-01 6.37783289e-01 8.76440525e-01
    4.68146801e-01 5.17738104e-01 8.08805883e-01 8.89110804e-01
    8.51304054e-01 9.89798665e-01 9.50550079e-01 7.27412105e-01
    4.44591165e-01 4.14751947e-01 2.99759150e-01 5.86034596e-01
    4.53122288e-01 8.79603863e-01 8.20455551e-01 4.12664950e-01
    7.20460296e-01 1.67729229e-01 3.63300145e-01 6.35156631e-01
    2.02181816e-01 2.57833391e-01 9.38927531e-01 6.90929413e-01
    6.18700385e-02 8.58452678e-01 2.30309248e-01 9.25457120e-01
    9.90867794e-01 5.50991058e-01 1.41473383e-01 5.14863551e-01
    9.74108934e-01 8.36925030e-01 7.58001447e-01 2.55363286e-01
    5.06788492e-01 7.91741490e-01 1.86112404e-01 3.83343786e-01
    7.18165815e-01 6.44685626e-01 8.80364418e-01 1.76199973e-02
    3.65984708e-01 5.84315062e-01 6.93448544e-01 9.50531483e-01
    6.94948435e-02 3.58480811e-01 2.29714006e-01 1.27307534e-01
    9.03165579e-01 9.86555040e-01 7.05315113e-01 1.19075209e-01
    6.13770664e-01 8.93558443e-01 5.77349722e-01 5.78567326e-01
    4.39702749e-01 5.92399418e-01 7.48022079e-01 2.35964745e-01
    5.03407598e-01 9.43010688e-01 6.45018220e-01 3.35092634e-01
    5.01957834e-02 2.06639767e-02 3.19947481e-01 8.71885717e-02
    4.41961884e-01 5.66115558e-01 5.39697647e-01 3.70020956e-01
    2.15974152e-01 8.96335959e-01 7.90995359e-01 8.69210541e-01
    9.29022312e-01 8.80811095e-01 2.11695194e-01 1.70258284e-01
    3.25364947e-01 7.73746550e-01 9.28396344e-01 1.73680902e-01
    9.92729425e-01 4.52256918e-01 5.43080628e-01 3.95649374e-01
    7.62890697e-01 5.15022159e-01 5.13420701e-01 4.68742132e-01
    2.13830799e-01 5.43446958e-01 3.67856741e-01 2.33053625e-01
    7.72425294e-01 7.81912267e-01 2.31597662e-01 2.60544270e-01
    3.19201469e-01 4.79748368e-01 9.39804375e-01 8.73684168e-01
    5.81539094e-01 4.82355654e-01 7.85224080e-01 7.86211789e-02
    2.31237859e-01 5.19499719e-01 8.76956940e-01 9.64929938e-01
    1.83359683e-01 7.44913816e-01 8.54664028e-01 5.29618263e-01
    9.96083081e-01 4.11300063e-01 1.98632210e-01 9.70635295e-01
    6.40338242e-01 5.27481556e-01 5.56575716e-01 7.37142861e-02
    9.65631843e-01 2.91371405e-01 7.11410224e-01 9.81689811e-01
    5.21741211e-01 9.74471569e-01 1.51077360e-01 3.19332361e-01
    7.19090104e-01 6.52407467e-01 1.69867635e-01 4.35643315e-01
    2.67160475e-01 2.82649875e-01 9.43270564e-01 3.18369687e-01
    9.62571740e-01 6.48415208e-01 2.50637084e-01 3.36629450e-02
    8.44387054e-01 7.08635151e-02 9.16204751e-01 9.08712506e-01
    6.40139818e-01 9.47272778e-03 1.68881714e-02 8.81265581e-01
    9.18702424e-01 1.30039454e-03 8.41668487e-01 6.55175269e-01
    3.74435037e-01 2.03591377e-01 8.25495839e-01 1.85853750e-01
    4.80083466e-01 1.47774637e-01 1.68536127e-01 6.23465478e-02
    3.45256209e-01 6.42676651e-01 8.41281235e-01 3.13115120e-01
    1.17398083e-01 5.21925151e-01 5.78389287e-01 1.52648360e-01
    3.93784136e-01 8.37809801e-01 1.30564302e-01 7.76940346e-01
    6.41589284e-01 5.06658614e-01 9.69496608e-01 4.50832993e-01
    5.11790514e-01 6.53602362e-01 7.97118485e-01 6.60028577e-01
    8.05862844e-01 1.30735040e-02 1.81305796e-01 6.66257977e-01
    5.36755025e-02 5.49340308e-01 6.96667612e-01 4.98384625e-01
    5.27549446e-01 1.03859663e-01 8.73006940e-01 5.10895073e-01
    3.55486274e-01 7.41317153e-01 3.46205682e-01 3.11747283e-01 0. 0. 0.
    0. 0. 0. 0. 0. 0. 0. 0. 0. 0. 0. 0. 0. 6.57113373e-01 9.54693913e-01
    3.71651113e-01 7.61634827e-01 2.72748947e-01 1.87136114e-01
    6.16492867e-01 9.93525028e-01 6.34938180e-02 6.51974559e-01
    2.38485307e-01 6.85122013e-02 3.79980057e-01 6.59142673e-01
    1.00669622e-01 6.99637055e-01 1.61331683e-01 3.68074477e-02
    2.23016411e-01 7.95133948e-01 6.56421304e-01 2.38582164e-01
    8.55521202e-01 6.65944874e-01 7.02804506e-01 4.11114901e-01
    6.07608557e-01 2.72796333e-01 6.70407057e-01 5.90311527e-01
    7.37843633e-01 5.10972977e-01 5.39943337e-01 3.64027619e-02
    2.65600979e-01 4.36894298e-02 3.41950834e-01 4.78538543e-01
    3.81760836e-01 9.90585208e-01 7.37609804e-01 6.04072928e-01
    4.00951326e-01 9.31735754e-01 2.16854125e-01 7.14028299e-01
    4.03795809e-01 9.31461453e-02 9.19530392e-01 2.59383529e-01
    9.69077945e-02 4.02118832e-01 2.80404747e-01 7.20913887e-01
    4.04115140e-01 7.04662859e-01 7.77010322e-02 8.12016726e-01
    4.83009815e-01 5.32455742e-01 2.35152543e-02 5.55214524e-01
    9.10601676e-01 1.89381719e-01 5.69612682e-02 3.16675425e-01
    2.67721295e-01 8.79740000e-01 7.62241781e-02 7.36427665e-01
    3.00085843e-02 7.76790082e-01 9.05996442e-01 7.90591538e-01
    9.87532198e-01 1.94691092e-01 4.89367992e-01 3.63265842e-01
    5.70860624e-01 8.32485199e-01 1.00020140e-01 5.67003489e-01
    9.28702235e-01 5.28467476e-01 5.87744653e-01 3.98814857e-01
    8.22724700e-01 2.72385180e-02 1.05485320e-03 7.57898569e-01
    2.90613532e-01 2.43105799e-01 6.58055782e-01 4.33801293e-01
    5.12424767e-01 4.64100480e-01 3.13242733e-01 8.14642072e-01
    1.71328872e-01 4.80635643e-01 3.09489667e-01 8.94782543e-01
    8.25991035e-01 5.01259327e-01 3.20032239e-03 8.18219543e-01
    3.38066727e-01 9.02583241e-01 9.68613446e-01 2.83963770e-01
    4.91573602e-01 2.77577102e-01 1.83131248e-01 7.24453926e-02
    8.29235435e-01 2.77445376e-01 2.73977578e-01 2.01761365e-01
    7.26119637e-01 4.65352178e-01 8.02800119e-01 4.04850781e-01
    1.78135812e-01 4.57272649e-01 4.97742653e-01 6.47812724e-01
    6.14542186e-01 8.57204735e-01 5.68216503e-01 4.58976179e-01
    7.61725545e-01 3.38304937e-02 2.96324849e-01 5.01060724e-01
    9.81962800e-01 3.49174500e-01 4.32841182e-02 5.58477461e-01
    5.95378220e-01 6.23230875e-01 1.33731097e-01 5.48834443e-01
    1.06017441e-01 6.57681823e-01 1.60417348e-01 3.12650472e-01
    7.68114269e-01 6.08591795e-01 5.66751957e-01 9.54210520e-01
    1.70789391e-01 7.85691142e-01 2.51935065e-01 9.82910037e-01
    5.57851493e-01 6.96822703e-02 2.37729818e-01 2.20623016e-02
    8.91017437e-01 2.91674852e-01 9.22057331e-01 5.15030265e-01
    8.26567411e-01 4.10460800e-01 2.98077464e-01 3.22247326e-01
    8.00812125e-01 3.24941337e-01 8.99641156e-01 2.68275380e-01
    6.96960449e-01 4.07537580e-01 3.03995490e-01 2.78362930e-01
    5.77189207e-01 5.18277645e-01 4.74958748e-01 3.43925059e-01
    5.83244622e-01 6.30973876e-01 3.70232522e-01 5.43710709e-01
    7.77153373e-01 3.73378545e-01 9.49145138e-01 7.13873744e-01
    7.45130002e-01 7.64100015e-01 3.91282499e-01 4.18028831e-01
    1.91686630e-01 1.88797832e-01 2.45527536e-01 5.35115480e-01
    1.24539435e-01 9.05207753e-01 9.70979571e-01 4.62854087e-01
    7.59356558e-01 9.14973855e-01 1.69743419e-01 2.27934927e-01
    2.80509442e-01 9.23034072e-01 4.01795447e-01 5.19072950e-01
    2.79636681e-01 1.34831071e-01 4.58460897e-01 3.87941301e-02
    9.18135285e-01 3.13268840e-01 7.39488006e-03 6.69927895e-02
    5.16925156e-01 4.85744745e-01 7.48915434e-01 1.75207108e-01
    1.72476232e-01 6.76783204e-01 5.85570931e-02 6.47870123e-01
    9.08123076e-01 9.03933465e-01 5.47656000e-01 3.66264999e-01
    5.74374199e-03 1.51982993e-01 8.84140372e-01 2.86832720e-01
    1.06949836e-01 9.00079489e-01 4.88228887e-01 4.32178259e-01
    8.54536057e-01 8.87696862e-01 9.08465087e-02 8.11451793e-01
    5.45141757e-01 8.94081831e-01 9.37979579e-01 8.17145050e-01
    3.18710506e-02 4.34330106e-01 2.05238163e-02 4.50039029e-01
    6.42816424e-01 5.46253800e-01 9.31009889e-01 1.45609647e-01
    5.80079615e-01 4.06320274e-01 6.88876510e-01 5.66097617e-01
    2.78987318e-01 5.87562263e-01 0. 0. 0. 0. 0. 0. 0. 0. 0. 0. 0. 0. 0.
    0. 0. 0. 9.26847160e-02 8.69542122e-01 1.33993924e-02 5.28241694e-02
    6.17450535e-01 9.20960069e-01 3.51797938e-02 6.44041896e-02
    4.84815121e-01 4.79345560e-01 3.91697288e-01 9.81259108e-01
    4.38844502e-01 2.24845111e-02 6.31090403e-01 7.85307586e-02
    6.15116477e-01 2.50888526e-01 3.10274959e-01 6.54106736e-01
    7.14465737e-01 4.27284330e-01 1.25046790e-01 5.03626704e-01
    7.55422950e-01 5.71604729e-01 1.30799711e-01 7.67053485e-01
    7.14481115e-01 1.16064012e-01 1.06296718e-01 8.74942660e-01
    1.89720482e-01 1.03510559e-01 5.97002387e-01 7.73416996e-01
    3.96597326e-01 9.87817764e-01 8.66853595e-02 7.45245934e-01
    6.26432657e-01 6.63048267e-01 5.30596495e-01 4.43076879e-01
    6.97264254e-01 9.17711258e-01 5.83589017e-01 2.45226353e-01
    8.31290722e-01 7.51777947e-01 8.26298237e-01 9.46218669e-02
    5.34994006e-01 5.66587329e-01 8.78129363e-01 5.84644079e-01
    1.52529687e-01 8.42320979e-01 9.99610960e-01 1.69917941e-01
    1.15653127e-01 6.23877466e-01 2.02681690e-01 8.45842242e-01
    7.17317581e-01 9.10761774e-01 7.90685415e-02 9.31740761e-01
    4.36043739e-03 4.94923711e-01 7.68034458e-01 6.97873175e-01
    5.22900224e-01 4.39050108e-01 1.44910902e-01 1.26503676e-01
    1.92390770e-01 4.73228991e-01 1.63052738e-01 8.03662062e-01
    1.52416259e-01 8.02558184e-01 5.23736537e-01 4.92387116e-02
    9.85358775e-01 2.92826980e-01 3.31696570e-02 7.96779931e-01
    4.19246256e-01 8.85387719e-01 4.16056126e-01 2.35689759e-01
    1.29196048e-01 2.07072854e-01 8.57975006e-01 5.17154515e-01
    1.26864135e-01 7.92980731e-01 5.92851400e-01 1.03687167e-01
    6.16928935e-03 8.83656621e-01 2.81360745e-03 3.63954931e-01
    8.46811831e-02 5.15472174e-01 7.60439754e-01 6.02871597e-01
    4.61807907e-01 9.83116627e-01 2.31391013e-01 1.92270279e-01
    5.87259054e-01 9.57606196e-01 1.85032219e-01 9.00562882e-01
    7.33074188e-01 7.61064291e-02 7.23137796e-01 7.16695070e-01
    5.65915465e-01 4.75776345e-01 9.38855171e-01 1.52419120e-01
    3.03888083e-01 6.64456546e-01 2.01329589e-01 9.69206393e-01
    6.58353925e-01 5.36340475e-02 1.83011174e-01 8.72715116e-01
    9.16719913e-01 4.00222272e-01 1.99861556e-01 2.36318111e-02
    1.81273371e-01 3.73071283e-01 9.97992277e-01 8.39923024e-01
    3.66182595e-01 3.09072971e-01 5.93776703e-01 4.54596072e-01
    4.99280006e-01 8.71553123e-02 9.05866623e-01 8.43567133e-01
    1.34617239e-01 5.72419524e-01 8.00407529e-02 2.57964790e-01
    7.54478097e-01 9.60337281e-01 9.77476597e-01 3.18232954e-01
    6.29227459e-01 8.94061327e-01 5.41250408e-01 6.84286892e-01
    8.64270806e-01 6.24539971e-01 9.67647433e-01 4.78337109e-01
    9.65932012e-01 8.34998131e-01 7.23151982e-01 4.68053222e-02
    6.74373269e-01 3.78355801e-01 5.53079784e-01 2.18260944e-01
    5.34569144e-01 4.25840586e-01 8.57451677e-01 8.18927824e-01
    1.20479852e-01 1.15018398e-01 4.06024873e-01 4.09178615e-01
    5.36708355e-01 2.75679171e-01 5.14678657e-02 5.29934347e-01
    5.43659627e-02 7.63921380e-01 8.59997034e-01 9.00864124e-01
    8.68603945e-01 7.63475537e-01 8.71265590e-01 6.92893863e-02
    5.46370268e-01 5.89298844e-01 9.02039766e-01 3.70462835e-01
    9.52440202e-02 2.60488629e-01 7.75195956e-01 7.85266399e-01
    6.13690019e-01 2.28563994e-01 2.26698816e-02 1.46179646e-01
    5.14587522e-01 8.63161087e-01 4.32927489e-01 8.24518442e-01
    1.53730452e-01 3.23244005e-01 9.86610293e-01 6.69419646e-01
    5.81106544e-01 7.77763128e-01 3.76159549e-01 8.48986864e-01
    9.94057119e-01 6.57144547e-01 1.82156563e-02 6.80602312e-01
    9.83125865e-02 1.84731185e-01 8.39233994e-01 1.08719528e-01
    9.49664712e-01 8.30387235e-01 2.81629562e-02 6.60331488e-01
    9.97626483e-01 8.07733536e-01 2.13002831e-01 3.00071597e-01
    9.33652818e-02 8.04826736e-01 1.04181200e-01 1.81991696e-01
    2.49783754e-01 1.08927310e-01 1.06353283e-01 2.40146965e-01
    9.69836116e-01 2.18504250e-01 6.31226182e-01 1.61981255e-01
    6.41934633e-01 7.59151280e-02 6.43123567e-01 9.37764764e-01
    6.62401676e-01 6.05187237e-01 7.90059209e-01 3.63491058e-01
    5.87888956e-01 2.38886863e-01 2.13208377e-01 2.21168488e-01 0. 0. 0.
    0. 0. 0. 0. 0. 0. 0. 0. 0. 0. 0. 0. 0. 1.65263385e-01 4.61010277e-01
    5.94963551e-01 6.34130776e-01 6.83774114e-01 8.07478905e-01
    8.95973444e-01 1.59974068e-01 3.76802146e-01 2.24804491e-01
    4.80454475e-01 3.11141551e-01 6.82189226e-01 6.78888261e-01
    2.15421081e-01 7.28598833e-01 8.70157182e-02 3.58541489e-01
    8.50311041e-01 6.76048994e-01 5.16704917e-02 4.99848366e-01
    4.61708993e-01 3.48168850e-01 7.66099155e-01 1.62100106e-01
    1.25011206e-02 4.81424332e-02 7.19428420e-01 4.87715155e-01
    2.70925641e-01 5.00560641e-01 4.03591812e-01 7.00408578e-01
    6.04508698e-01 2.42058605e-01 1.52852625e-01 5.78906894e-01
    8.84625912e-02 6.08617604e-01 5.74874282e-01 6.28732741e-01
    5.66801906e-01 2.85674214e-01 5.86686492e-01 9.77500021e-01
    1.69793665e-01 9.87935603e-01 8.08398485e-01 2.97568560e-01
    4.75236475e-01 4.50227559e-01 5.29476583e-01 6.52545333e-01
    6.66000068e-01 4.54395413e-01 9.47967649e-01 1.46354586e-01
    9.21796441e-01 1.56938881e-01 5.58928251e-01 1.27967268e-01
    2.30986714e-01 7.37400591e-01 8.04996550e-01 6.37457371e-02
    6.10574782e-02 5.92528224e-01 6.35536253e-01 8.42453361e-01
    1.60515308e-03 7.42305458e-01 6.62116170e-01 8.71715963e-01
    3.57980669e-01 9.26404476e-01 5.77620089e-01 1.42892838e-01
    3.39796841e-01 4.13155377e-01 7.90949047e-01 4.63173866e-01
    4.38995361e-01 9.05429840e-01 7.58497119e-01 8.27983439e-01
    3.63800824e-01 5.18522322e-01 1.71610951e-01 6.19924247e-01
    2.88869351e-01 7.78963447e-01 7.57260442e-01 3.68561715e-01
    4.41703647e-01 8.78472447e-01 9.54947352e-01 8.86479795e-01
    8.57888341e-01 4.02632117e-01 7.84649968e-01 7.95061350e-01
    2.58811653e-01 6.02905393e-01 8.19624662e-01 8.08823705e-02
    7.71990120e-01 5.70334613e-01 7.83898473e-01 4.92725313e-01
    5.33958018e-01 3.05615962e-02 4.65651512e-01 1.46203727e-01
    7.65916824e-01 6.65126383e-01 2.03025967e-01 3.25339586e-01
    6.02358460e-01 2.57983923e-01 6.21041536e-01 6.94763303e-01
    7.15051532e-01 3.22661281e-01 3.95018697e-01 1.55806750e-01
    9.18244243e-01 6.85890436e-01 2.43424982e-01 3.89247656e-01
    8.33661795e-01 7.05836773e-01 4.63717699e-01 2.92860061e-01
    6.92127347e-02 6.84621692e-01 2.93803215e-01 3.52125406e-01
    1.35739475e-01 3.64888638e-01 1.27741247e-01 6.09316230e-01
    1.82444692e-01 7.50679910e-01 6.06434882e-01 2.26672679e-01
    4.13867056e-01 8.43619943e-01 8.49145234e-01 2.45579511e-01
    5.67134619e-02 8.62008333e-01 9.13193762e-01 4.52116817e-01
    9.54337418e-01 9.71007645e-01 2.53566206e-01 5.77031851e-01
    1.50899708e-01 8.88764501e-01 2.98028290e-01 2.71042913e-01
    5.11675239e-01 4.63845313e-01 2.85373002e-01 5.19314766e-01
    6.68469071e-01 6.57740235e-01 2.36904234e-01 2.87803203e-01
    8.01008344e-01 9.15885925e-01 3.28528583e-01 2.64861375e-01
    3.44037503e-01 7.29208350e-01 3.16980124e-01 5.83346009e-01
    8.83950591e-02 6.82151496e-01 5.48582435e-01 2.20946401e-01
    2.48156041e-01 2.73066461e-01 3.14796805e-01 7.67454386e-01
    5.60460806e-01 7.48547494e-01 1.13311708e-01 3.52418125e-02
    5.69716096e-03 8.72125506e-01 1.98194742e-01 4.55302864e-01
    9.13873851e-01 8.96612883e-01 3.85523796e-01 1.92055136e-01
    2.48193413e-01 2.51769364e-01 5.74792981e-01 2.78307498e-01
    7.19917297e-01 8.13112020e-01 7.27235734e-01 7.37065077e-01
    1.85420334e-01 4.80577290e-01 7.35527933e-01 2.49111623e-01
    6.17144883e-01 6.05016470e-01 5.11099100e-02 4.07064855e-02
    4.42479551e-02 6.09030128e-01 8.43243718e-01 6.14100695e-01
    6.63481355e-02 4.22304571e-02 9.74213541e-01 8.67425919e-01
    5.04498959e-01 3.19404125e-01 1.45902127e-01 7.11350977e-01
    9.92498875e-01 6.58255696e-01 6.30228400e-01 8.33364010e-01
    6.32196665e-04 8.62310052e-01 3.22658747e-01 6.82831645e-01
    4.98848826e-01 4.06699181e-01 5.13744354e-01 3.75476718e-01
    4.26818579e-01 6.17441416e-01 8.80586743e-01 2.58903593e-01
    1.61591411e-01 5.79011261e-01 1.98990613e-01 4.65786129e-01
    1.31004184e-01 1.33841366e-01 6.56176448e-01 4.66397196e-01
    2.31770009e-01 5.57574928e-02 7.28551269e-01 3.44759881e-01
    1.47039384e-01 8.56996536e-01 0. 0. 0. 0. 0. 0. 0. 0. 0. 0. 0. 0. 0.
    0. 0. 0. 5.65170586e-01 7.12519109e-01 1.41558647e-01 3.84543866e-01
    6.18235767e-01 3.41872573e-01 8.68464231e-01 5.00220358e-02
    8.91874075e-01 8.08516741e-01 3.29534233e-01 9.92659450e-01
    1.83030665e-01 1.14189386e-01 5.62161207e-01 3.18022370e-02
    4.48265612e-01 2.39235938e-01 4.79793310e-01 7.37433791e-01
    6.00176871e-01 3.72816026e-02 2.55897462e-01 6.91519022e-01
    7.33807683e-03 2.23993391e-01 1.07475549e-01 6.24096274e-01
    1.23635381e-01 9.27694321e-01 4.32326525e-01 9.84731317e-01
    1.90739781e-01 1.06153250e-01 7.20609009e-01 5.82321107e-01
    4.23876077e-01 3.04325163e-01 9.78971243e-01 5.61649144e-01
    9.37058449e-01 1.64388895e-01 2.66878247e-01 5.79144359e-01
    2.02978492e-01 4.80851173e-01 9.23336506e-01 7.32356906e-01
    2.43477821e-02 2.91890323e-01 8.27371776e-02 9.61700320e-01
    3.37786317e-01 7.31917202e-01 2.94474065e-02 6.93458796e-01
    4.19137478e-01 1.47726685e-01 3.95097345e-01 6.40356898e-01
    3.22319925e-01 5.94444036e-01 8.33671987e-01 6.11333311e-01
    3.39870811e-01 5.99415064e-01 2.83227026e-01 3.98388267e-01
    1.76423550e-01 8.35585713e-01 7.90082097e-01 7.58067846e-01
    4.59819824e-01 9.69810009e-01 7.98852801e-01 7.12729096e-01
    8.00923467e-01 9.57797647e-01 1.59630001e-01 6.22947276e-01
    1.09368563e-03 8.31232011e-01 1.41625404e-01 4.53830421e-01
    4.81511027e-01 6.40095532e-01 6.85951591e-01 6.26057506e-01
    2.39790261e-01 4.38952059e-01 9.23598468e-01 5.52159369e-01
    3.21285218e-01 9.36626434e-01 9.85009849e-01 3.11812341e-01
    2.39215493e-02 8.35673273e-01 2.20476061e-01 8.88412356e-01
    3.89551640e-01 5.78890920e-01 7.43876219e-01 5.99191427e-01
    4.18902665e-01 3.73619616e-01 9.49180543e-01 3.36547732e-01
    6.67605162e-01 9.94952798e-01 9.05300081e-01 4.17028189e-01
    7.14266121e-01 3.60694110e-01 7.13255167e-01 4.95870292e-01
    1.84736997e-01 4.57752943e-01 6.83547854e-02 3.34918499e-04
    7.68743038e-01 5.64402878e-01 9.63505626e-01 6.30813718e-01
    2.94221640e-02 5.20730734e-01 5.87082267e-01 9.08737421e-01
    2.41147697e-01 2.34958529e-03 4.10122246e-01 8.29398513e-01
    7.49255896e-01 4.01390404e-01 9.62989211e-01 8.92871380e-01
    6.55088127e-01 7.59405375e-01 7.10828424e-01 1.37106180e-02
    8.30816627e-01 3.49917412e-01 6.83623254e-01 1.80152863e-01
    8.02124918e-01 4.42263782e-01 3.49608123e-01 5.74180245e-01
    8.68993163e-01 6.72510684e-01 9.48418975e-01 7.92698979e-01
    8.06766927e-01 2.37144291e-01 3.28207493e-01 6.03968143e-01
    7.14416325e-01 2.32986808e-02 6.94958925e-01 6.84728444e-01
    9.36467528e-01 3.17462564e-01 2.62318492e-01 3.40679497e-01
    7.34199643e-01 2.98680604e-01 8.78957748e-01 2.10234106e-01
    3.25097561e-01 3.01567256e-01 9.30858016e-01 7.65945494e-01
    7.02365458e-01 5.60393751e-01 9.76425290e-01 2.74988651e-01
    7.03126431e-01 4.06985790e-01 3.80213410e-01 6.63636804e-01
    8.60429406e-02 4.69340354e-01 3.70495021e-01 6.54206991e-01
    9.37580347e-01 4.31970209e-01 7.81547427e-01 5.55720448e-01
    2.85012901e-01 7.63570189e-01 7.40288973e-01 7.68244863e-01
    7.10129142e-01 9.45435762e-02 1.01035744e-01 4.88931507e-01
    3.94390136e-01 8.06530535e-01 3.34126294e-01 9.72536564e-01
    9.65788245e-01 2.14855909e-01 7.64283061e-01 9.70425427e-01
    5.23855567e-01 9.80632186e-01 7.16883242e-01 8.67216110e-01
    2.93139756e-01 4.66591299e-01 3.57381165e-01 2.14982510e-01
    6.30335212e-01 3.20254147e-01 8.17259908e-01 5.95901191e-01
    3.90432566e-01 8.34068656e-01 4.35207188e-02 6.54338479e-01
    2.14311779e-02 4.38309550e-01 6.85737610e-01 5.85780084e-01
    5.85157335e-01 6.63622141e-01 6.14885569e-01 3.89985859e-01
    7.22817302e-01 3.18059057e-01 3.27234060e-01 4.43944931e-02
    5.33509612e-01 1.65807128e-01 6.62663460e-01 9.74892378e-01
    8.94936383e-01 4.81766850e-01 3.03833663e-01 7.69082665e-01
    3.15460414e-01 3.80964071e-01 4.25966591e-01 3.58711869e-01
    5.95735431e-01 9.90294933e-01 2.88612694e-01 2.53961861e-01
    9.70641196e-01 2.36498952e-01 2.43523568e-01 9.90705490e-02
    2.46408254e-01 6.95024133e-01 4.87849116e-02 4.07397002e-01 0. 0. 0.
    0. 0. 0. 0. 0. 0. 0. 0. 0. 0. 0. 0. 0. 7.29418576e-01 4.06587958e-01
    6.12945259e-01 7.33137190e-01 8.50762129e-01 5.81241965e-01
    1.17085129e-01 7.91287422e-01 3.15990537e-01 7.82762289e-01
    9.10351157e-01 6.34181857e-01 2.76579618e-01 1.77091658e-02
    1.36948019e-01 4.48610604e-01 2.66762227e-01 6.79045081e-01
    7.15482235e-01 9.24863577e-01 9.94127750e-01 8.13750029e-02
    3.95586252e-01 4.33950514e-01 8.05161238e-01 9.95526195e-01
    7.26587772e-01 7.77744651e-01 4.00309145e-01 1.90259755e-01
    2.73140699e-01 7.66017735e-02 1.79232627e-01 1.71218514e-02
    2.36732095e-01 4.91258234e-01 4.27780539e-01 3.10790330e-01
    2.25838780e-01 1.02748215e-01 3.39214921e-01 5.82982659e-01
    4.36201990e-01 5.89576423e-01 1.02846861e-01 3.26742589e-01
    5.95405102e-02 2.79589891e-02 8.21949184e-01 4.77800071e-02
    9.44491625e-02 5.26358783e-01 5.85635185e-01 6.84628963e-01
    9.12880123e-01 3.53162050e-01 9.31562185e-01 3.58165771e-01
    3.78574044e-01 6.10437036e-01 5.72497725e-01 7.32945502e-01
    1.50574744e-01 4.30124044e-01 9.76701260e-01 7.43357480e-01
    9.85414743e-01 1.35214061e-01 3.72174114e-01 9.73094285e-01
    7.83122301e-01 7.83398509e-01 7.82602549e-01 6.05941236e-01
    4.70164210e-01 7.26069212e-01 4.03907478e-01 7.80079126e-01
    9.96820450e-01 4.77578640e-02 8.22534561e-01 3.62786949e-02
    7.24602699e-01 9.69452858e-02 8.67983103e-01 9.31909800e-01
    3.09511393e-01 5.52114666e-01 2.07773507e-01 1.96238786e-01
    5.59249282e-01 1.33157462e-01 2.94333696e-01 8.03052187e-01
    4.83547747e-01 6.90696239e-02 1.88982129e-01 4.47298288e-01
    3.74721467e-01 4.93711531e-02 6.57701075e-01 7.80398250e-01
    5.55855989e-01 3.94818008e-01 5.75555265e-01 5.17454267e-01
    9.35904860e-01 3.35071594e-01 1.09417289e-01 2.30002910e-01
    2.69987494e-01 4.07401949e-01 6.76163673e-01 1.93154305e-01
    5.82930088e-01 1.79529488e-01 9.76528406e-01 8.58953893e-02
    3.42138290e-01 9.65875506e-01 2.47964501e-01 2.26029843e-01
    6.18412793e-01 4.50437993e-01 4.45309490e-01 1.58750743e-01
    1.56693369e-01 2.38965422e-01 5.92657924e-01 6.24074519e-01
    1.85358286e-01 3.42361271e-01 4.11066920e-01 3.59374046e-01
    1.36011153e-01 9.84968543e-01 3.35537553e-01 5.98174274e-01
    9.84239280e-02 5.41673601e-02 5.99611819e-01 7.15565801e-01
    5.63367963e-01 7.93541372e-02 8.49107504e-02 2.54078418e-01
    9.95569885e-01 6.27403557e-01 3.23446631e-01 6.93829179e-01
    9.88382578e-01 4.56403792e-02 5.85360169e-01 4.64990586e-01
    8.13038349e-01 9.31493700e-01 9.39276993e-01 7.75553942e-01
    8.88029635e-01 5.44196248e-01 5.44540942e-01 1.77872479e-02
    1.23361737e-01 3.41748357e-01 2.00801402e-01 1.73087984e-01
    5.11315763e-01 1.84436977e-01 4.55961436e-01 2.03279138e-01
    3.09795022e-01 2.87763536e-01 2.72951365e-01 5.02563894e-01
    5.80816150e-01 1.02868229e-01 6.62004530e-01 1.22811854e-01
    2.33935356e-01 9.62724805e-01 9.90128279e-01 8.59149873e-01
    3.03177416e-01 3.98704112e-01 9.21374798e-01 1.72551841e-01
    7.89414525e-01 7.90080905e-01 6.73625171e-02 4.71006662e-01
    1.84834808e-01 6.32260561e-01 9.71726656e-01 7.44982064e-02
    4.42763239e-01 1.44330680e-01 6.99765682e-01 3.84441406e-01
    8.60380530e-01 1.64979249e-01 5.06396949e-01 2.70372629e-03
    9.62991595e-01 6.78327084e-01 4.99610901e-01 6.10535622e-01
    4.74084795e-01 8.32720995e-01 1.40416116e-01 1.93127781e-01
    3.93336207e-01 5.49033940e-01 7.28857040e-01 1.28758967e-01
    7.55826473e-01 8.20810199e-01 9.71486211e-01 3.85950476e-01
    4.69714701e-02 3.03296179e-01 4.19593394e-01 2.13905156e-01
    4.13264632e-01 1.05481416e-01 5.71826577e-01 4.19334948e-01
    4.35384512e-02 3.99166226e-01 4.72700089e-01 6.65526152e-01
    5.74246049e-01 8.96623969e-01 1.58492327e-02 1.66061223e-02
    5.23577034e-01 4.55271363e-01 4.28740144e-01 2.89218009e-01
    5.36862850e-01 4.35280502e-01 2.36962140e-01 7.72386611e-01
    7.58304358e-01 5.16542494e-01 7.15938926e-01 3.38488460e-01
    7.32338011e-01 8.76923561e-01 7.27860451e-01 7.35282898e-01
    5.85558295e-01 1.43041402e-01 5.94389021e-01 6.62857711e-01
    6.94466829e-01 4.72663283e-01 0. 0. 0. 0. 0. 0. 0. 0. 0. 0. 0. 0. 0.
    0. 0. 0. 9.36022162e-01 2.72711217e-01 2.55566239e-01 3.74701947e-01
    5.61507165e-01 1.91329569e-01 4.44057733e-01 4.39451277e-01
    8.46893668e-01 3.35126698e-01 3.30240488e-01 7.04026818e-02
    4.83791143e-01 3.31019282e-01 9.06913400e-01 6.64533377e-01
    3.68847132e-01 5.82202435e-01 9.20249939e-01 2.21135944e-01
    6.57914460e-01 8.25646639e-01 5.19221425e-01 3.85778278e-01
    6.63435459e-02 2.70715237e-01 4.41430777e-01 7.62861431e-01
    9.87382293e-01 8.03368688e-01 9.98544812e-01 7.05972314e-01
    4.10098195e-01 3.60847414e-01 3.50455284e-01 5.22916675e-01
    1.09348625e-01 8.38127792e-01 8.93351436e-03 3.73688787e-01
    7.74722815e-01 1.32936299e-01 1.87678576e-01 4.80804950e-01
    4.35271114e-01 2.77003706e-01 4.12357271e-01 2.08712161e-01
    6.17601514e-01 1.65326089e-01 7.18871117e-01 3.75120997e-01
    2.83356816e-01 2.51187563e-01 7.25988746e-02 7.49895990e-01
    5.46494246e-01 6.03406489e-01 8.34677219e-01 2.15332508e-02
    7.57822812e-01 8.74433637e-01 8.18860173e-01 2.24438637e-01
    3.83056372e-01 1.61641240e-02 9.18455005e-01 5.33875346e-01
    5.00503421e-01 6.54315412e-01 6.10502660e-01 1.81747168e-01
    6.99804187e-01 4.01812255e-01 8.24375629e-01 8.25765312e-01
    7.23362744e-01 7.52044916e-01 7.71225691e-01 5.38738728e-01
    7.40837574e-01 9.92858708e-01 1.77873522e-01 5.91230929e-01
    4.45697278e-01 8.20181489e-01 2.29715198e-01 1.03166789e-01
    3.31881225e-01 8.81353736e-01 6.78838730e-01 9.53658938e-01
    9.74743426e-01 5.35443842e-01 3.09386879e-01 4.66638654e-01
    4.57339764e-01 8.53245854e-01 4.07748431e-01 3.89066517e-01
    9.46143806e-01 7.06153631e-01 8.42129230e-01 1.74993724e-01
    3.81510824e-01 4.80595529e-01 6.03287220e-01 6.16732478e-01
    2.25283265e-01 1.75382853e-01 1.51902914e-01 2.70906955e-01
    9.16825652e-01 4.37920362e-01 9.68136668e-01 7.84334660e-01
    9.09517407e-01 3.21807981e-01 2.36964822e-01 7.44008243e-01
    7.11952031e-01 5.74388921e-01 8.43756318e-01 1.94529206e-01
    9.16091323e-01 5.30369878e-02 4.15592045e-01 6.98745191e-01
    3.12014163e-01 3.46049458e-01 5.89049876e-01 3.39374721e-01
    9.46708977e-01 7.82034397e-01 8.01073492e-01 3.95446718e-01
    1.85800821e-01 9.96668935e-02 6.30201757e-01 7.91296363e-01
    6.53489053e-01 3.06546956e-01 4.06870812e-01 6.21679723e-02
    8.56733918e-02 9.18327868e-01 7.64050484e-01 2.80026317e-01
    6.01324618e-01 5.03901243e-01 2.63128489e-01 4.70959008e-01
    6.26481533e-01 1.91545218e-01 1.07248425e-02 4.15082276e-01
    6.81794882e-01 2.04605252e-01 7.32608497e-01 4.40332413e-01
    4.09687728e-01 3.28857303e-02 5.05746722e-01 7.83652902e-01
    4.78661656e-01 5.70587456e-01 4.46042985e-01 9.99147415e-01
    4.06873226e-02 7.83874393e-01 2.14581221e-01 4.39825922e-01
    3.69340330e-01 1.11694545e-01 1.69766247e-02 1.24669343e-01
    8.45135927e-01 6.11663520e-01 2.04966962e-01 1.63821816e-01
    3.60119402e-01 5.30133784e-01 3.22408646e-01 1.07448637e-01
    2.59667575e-01 2.86221206e-02 9.56378579e-01 7.65460134e-01
    3.63417387e-01 2.24140108e-01 2.64838934e-01 9.88589764e-01
    9.43113506e-01 1.74176574e-01 8.78587782e-01 2.63369709e-01
    5.27535737e-01 4.10676301e-01 1.31672442e-01 9.83015180e-01
    1.59164637e-01 7.86193609e-02 3.12444657e-01 7.70078540e-01
    3.43210727e-01 9.63185668e-01 5.77025056e-01 3.98080736e-01
    1.56816870e-01 5.22923768e-02 8.66611362e-01 4.48687851e-01
    2.33091146e-01 1.13814563e-01 1.22249067e-01 6.95124447e-01
    8.61526728e-01 2.17255980e-01 9.08112824e-02 1.60557300e-01
    9.87325132e-01 3.44185829e-01 5.04571676e-01 4.07546729e-01
    6.70553148e-01 4.49339420e-01 6.45809412e-01 2.31581241e-01
    3.68304491e-01 6.35642111e-01 1.91746354e-01 1.68082416e-02
    2.63357818e-01 7.21292913e-01 6.04736328e-01 9.29581046e-01
    3.38852406e-01 7.84483194e-01 6.02742672e-01 6.11417770e-01
    3.40240031e-01 2.64020264e-02 6.14803255e-01 3.69090438e-02
    9.49018419e-01 5.85091293e-01 2.75213957e-01 8.74067664e-01
    7.49538898e-01 7.37971961e-01 5.13936937e-01 6.49801195e-01
    4.97001022e-01 8.89923930e-01 8.30799699e-01 9.08733249e-01 0. 0. 0.
    0. 0. 0. 0. 0. 0. 0. 0. 0. 0. 0. 0. 0. 3.01893651e-01 2.57811815e-01
    4.32904899e-01 1.80567801e-01 8.37679684e-01 5.51574111e-01
    5.82182050e-01 7.81274199e-01 3.46440017e-01 9.62168455e-01
    6.16686344e-01 1.35025352e-01 8.53023112e-01 3.12914848e-01
    3.88077646e-01 6.31547987e-01 9.31648731e-01 2.42716312e-01
    9.10442173e-02 4.00159597e-01 2.85497904e-01 5.86977184e-01
    9.51784551e-02 8.01487803e-01 1.25394464e-02 5.98576963e-02
    8.06004405e-01 5.56109011e-01 5.11595309e-02 8.20918679e-01
    5.32849371e-01 5.94285607e-01 7.21461356e-01 6.26994312e-01
    8.51862907e-01 3.39680344e-01 6.42609835e-01 8.43408883e-01
    9.44710970e-02 2.15093791e-02 6.91210866e-01 5.80526590e-02
    5.78975677e-02 5.71470976e-01 3.77950490e-01 6.48007572e-01
    7.37983108e-01 7.16941118e-01 2.08419025e-01 6.45980060e-01
    9.83158708e-01 4.34057117e-02 9.24668193e-01 5.33788502e-02
    6.23425961e-01 8.69788766e-01 7.21738517e-01 9.83366311e-01
    8.25123787e-01 2.37730831e-01 2.44769752e-02 3.43257487e-01
    1.84098810e-01 8.41331124e-01 2.34244317e-01 2.69755423e-02
    8.14919949e-01 8.09466422e-01 4.09408987e-01 9.19791102e-01
    6.27152085e-01 3.95970047e-01 2.31011510e-01 5.16428709e-01
    4.06270236e-01 2.15690315e-01 8.05688024e-01 2.37145722e-02
    4.16835308e-01 1.24514461e-01 8.30045521e-01 8.91094089e-01
    9.84376073e-01 8.70382190e-02 1.55465603e-02 4.35970128e-02
    5.23082912e-01 1.69386119e-01 4.89093453e-01 3.25162768e-01
    7.83590078e-01 6.85962856e-01 3.15608054e-01 1.93903446e-01
    3.47826570e-01 9.38381076e-01 8.24712455e-01 5.34805477e-01
    5.25355577e-01 4.20721173e-01 9.07894969e-01 8.89481604e-01
    5.71767747e-01 6.76367640e-01 1.42597228e-01 2.87978172e-01
    7.36299932e-01 1.62330061e-01 5.15441060e-01 1.58646643e-01
    2.98103064e-01 4.24391776e-01 7.92073846e-01 3.27543080e-01
    9.41460133e-01 3.73077095e-01 8.66187811e-02 8.78459513e-02
    1.39715731e-01 9.90658164e-01 8.74868870e-01 1.44284606e-01
    1.74389005e-01 7.80696452e-01 1.25367314e-01 8.93133879e-03
    1.28120452e-01 6.78346992e-01 9.64785933e-01 8.11455727e-01
    3.99429440e-01 7.90303707e-01 1.77988678e-01 9.20354128e-01
    4.87890661e-01 3.25942218e-01 4.11741734e-01 4.51662689e-01
    2.67993629e-01 5.33048511e-01 2.76681662e-01 2.13684678e-01
    7.17689395e-01 4.37574476e-01 9.82642055e-01 7.79154301e-01
    9.32021737e-01 8.31154943e-01 9.50371027e-01 3.75245690e-01
    6.18566632e-01 9.98667061e-01 7.57560730e-01 2.50347883e-01
    3.34912628e-01 8.40581656e-01 4.47884917e-01 8.43149483e-01
    5.99371910e-01 9.31232095e-01 1.15683436e-01 1.17180377e-01
    9.83616114e-01 1.33651137e-01 8.12143087e-03 9.82701063e-01
    4.35732037e-01 3.11207652e-01 8.99617851e-01 2.59051204e-01
    2.53949344e-01 3.70894611e-01 5.79245687e-02 8.87139320e-01
    9.70348716e-02 8.50133598e-02 3.40808392e-01 2.51601160e-01
    9.55675125e-01 7.89833665e-02 7.25841761e-01 7.70345509e-01
    8.54241669e-01 7.82559395e-01 1.16281211e-02 9.54265118e-01
    7.42788851e-01 8.13616455e-01 9.32090163e-01 9.66331959e-01
    2.53430456e-01 7.42367864e-01 4.82493639e-01 7.51667202e-01
    1.66827112e-01 8.30497861e-01 8.27856004e-01 7.81658411e-01
    6.55704737e-02 6.67818785e-02 5.71014583e-02 2.30890095e-01
    3.91879022e-01 5.07508278e-01 8.48277092e-01 4.90745038e-01
    1.89129114e-02 1.23267204e-01 6.40695810e-01 6.62671447e-01
    2.75344342e-01 5.25264144e-01 9.49422836e-01 9.06939030e-01
    5.88274002e-01 5.36221564e-01 4.69568461e-01 3.62299323e-01
    4.83049035e-01 9.30244207e-01 3.53594899e-01 9.93095696e-01
    9.80062783e-02 3.79618853e-01 7.16456175e-01 7.23537207e-02
    2.27143884e-01 3.41914594e-02 9.72114563e-01 2.74556279e-02
    2.28038967e-01 5.48310697e-01 2.18083113e-01 5.56929886e-01
    5.57869494e-01 6.46616995e-01 5.63809514e-01 1.49619311e-01
    8.57010126e-01 2.60527849e-01 3.16162378e-01 8.29102099e-02
    3.27544332e-01 9.98566628e-01 5.31525016e-01 2.01527864e-01
    1.35494679e-01 8.79960835e-01 5.37048757e-01 3.81543100e-01
    7.26743340e-01 6.69571757e-01 6.40941858e-01 2.16219962e-01
    6.15711629e-01 2.38809735e-01 0. 0. 0. 0. 0. 0. 0. 0. 0. 0. 0. 0. 0.
    0. 0. 0. 2.31702924e-01 8.54848146e-01 3.67546201e-01 3.28115106e-01
    2.16604322e-01 8.40232849e-01 1.09974116e-01 4.82734680e-01
    7.87353635e-01 3.58473688e-01 3.05422127e-01 9.29530740e-01
    7.46856034e-02 6.59879148e-01 5.74975729e-01 9.82966661e-01
    6.12638474e-01 7.46166050e-01 8.70566487e-01 5.88356674e-01
    3.24050426e-01 6.52009666e-01 2.37624705e-01 7.23417819e-01
    7.57391810e-01 9.43191767e-01 5.37821710e-01 8.66581619e-01
    6.07566059e-01 2.27188766e-02 6.81593180e-01 9.53858376e-01
    1.66145921e-01 1.21796429e-01 3.71188939e-01 1.77801728e-01
    8.33195150e-02 4.96676296e-01 5.40155172e-01 9.84313011e-01
    8.70853066e-01 3.36923301e-01 2.34398335e-01 4.70874161e-01
    3.15316677e-01 2.64287591e-01 9.73330617e-01 2.48493493e-01
    5.76587796e-01 9.70168233e-01 5.32738864e-01 2.23162830e-01
    2.13482946e-01 7.98865080e-01 4.37499315e-01 8.32165003e-01
    2.62113929e-01 9.68703032e-01 7.55259514e-01 2.70808995e-01
    1.97084278e-01 4.82348800e-02 1.14753336e-01 5.38843274e-01
    8.54258418e-01 3.48378360e-01 8.13331366e-01 1.03656411e-01
    3.02392483e-01 5.34334064e-01 3.49785477e-01 8.35330486e-01
    3.14042211e-01 6.33152008e-01 1.58435434e-01 6.59990489e-01
    3.31008852e-01 9.90505815e-01 1.50457114e-01 7.58938849e-01
    9.71807361e-01 7.24338293e-01 2.35255957e-02 5.78948975e-01
    1.57560706e-02 3.66874933e-01 5.95631301e-01 2.82924414e-01
    1.55563235e-01 7.36266255e-01 3.45759541e-01 5.28767824e-01
    6.92765415e-02 6.73536360e-02 2.42951661e-01 4.37274396e-01
    5.31119406e-01 3.11762094e-01 6.69757307e-01 7.25952208e-01
    7.31940150e-01 6.72537088e-01 6.26983106e-01 3.16587806e-01
    3.84267807e-01 9.45666015e-01 9.61324871e-01 9.39535260e-01
    4.08929795e-01 4.86361295e-01 9.60141063e-01 4.76124585e-01
    4.40056324e-02 1.81960911e-01 3.64031017e-01 9.64084864e-01
    3.88357878e-01 2.24997550e-01 2.10932702e-01 8.94357443e-01
    9.16911662e-02 5.25131524e-02 4.78678465e-01 8.68553698e-01
    6.86325312e-01 8.75157595e-01 7.35487700e-01 4.39160854e-01
    6.73632920e-01 4.70860183e-01 1.33462995e-01 4.31010008e-01
    3.59656930e-01 7.13814497e-01 8.36834610e-01 4.95179504e-01
    8.04950595e-02 5.20299911e-01 8.86679649e-01 1.42382950e-01
    8.35257053e-01 5.22518814e-01 2.67222881e-01 3.03794831e-01
    1.26604676e-01 4.58836526e-01 7.11194396e-01 2.32722580e-01
    3.63628983e-01 2.20640481e-01 2.67265260e-01 9.99627113e-01
    8.02067280e-01 9.50994611e-01 7.61247754e-01 4.33656186e-01
    8.18869472e-01 7.31554449e-01 6.31367922e-01 3.61383259e-02
    4.89427596e-01 2.37104088e-01 4.35555309e-01 9.24657226e-01
    6.34080410e-01 2.15531886e-02 5.20476699e-02 3.15054238e-01
    8.98411989e-01 6.90826595e-01 2.68076062e-01 8.38576794e-01
    6.41606033e-01 3.22449476e-01 8.54562044e-01 7.37724066e-01
    6.43025160e-01 8.16019416e-01 9.35370982e-01 9.17761803e-01
    5.38562894e-01 9.59754348e-01 7.61561275e-01 9.39795852e-01
    4.33953643e-01 6.34979308e-01 9.78364289e-01 9.43543196e-01
    3.57102215e-01 1.88409388e-01 1.56710029e-01 4.80192006e-02
    6.02891982e-01 5.44711709e-01 1.58769995e-01 8.36480975e-01
    5.25006235e-01 8.98905516e-01 1.57728046e-01 4.32806164e-01
    7.86380172e-02 3.21751952e-01 4.39648390e-01 4.98017043e-01
    8.58397484e-02 3.16258192e-01 6.06052399e-01 3.46294224e-01
    3.90096575e-01 2.66785294e-01 6.87687218e-01 5.44271350e-01
    4.81265485e-01 9.31119084e-01 8.85636806e-02 4.02682126e-02
    5.32767534e-01 6.29387558e-01 8.98496628e-01 8.36955309e-01
    7.74836659e-01 7.96931386e-02 6.96638048e-01 7.45036125e-01
    2.83704191e-01 9.24856365e-01 8.87101531e-01 3.83463264e-01
    6.29897654e-01 9.38710868e-01 7.02843130e-01 9.41942096e-01
    7.78584361e-01 5.01172602e-01 2.65373051e-01 4.40346718e-01
    7.46522546e-01 5.07504642e-02 1.45589411e-01 3.92045736e-01
    1.57577842e-01 9.16882992e-01 9.18344736e-01 1.90055728e-01
    6.48316503e-01 3.19616199e-01 9.01776254e-01 3.86158079e-01
    4.78318036e-01 4.40339833e-01 2.32846349e-01 5.55516839e-01
    6.59814954e-01 8.24271560e-01 3.62396240e-02 9.67657804e-01 0. 0. 0.
    0. 0. 0. 0. 0. 0. 0. 0. 0. 0. 0. 0. 0. 1.99088842e-01 5.63872516e-01
    9.17949677e-01 6.26496434e-01 7.40892172e-01 9.20804739e-02
    3.17228436e-01 3.07440102e-01 7.09749281e-01 9.61400509e-01
    2.20953614e-01 4.57927525e-01 1.58059448e-01 9.93625522e-01
    3.21842700e-01 5.77365816e-01 5.45730531e-01 2.35059559e-01
    8.72726560e-01 3.92224848e-01 2.48729318e-01 8.67550969e-02
    6.94063306e-01 4.96735573e-02 4.61709827e-01 3.78096104e-01
    6.83432758e-01 9.83137488e-01 8.40172291e-01 8.92304778e-01
    7.39945173e-01 8.87997329e-01 8.51528764e-01 4.93731141e-01
    8.40904415e-02 7.80580521e-01 2.38171458e-01 6.73540115e-01
    3.02118778e-01 8.70304704e-01 6.45126581e-01 3.80801857e-01
    3.14028859e-01 6.69645488e-01 2.21901625e-01 8.77084792e-01
    8.23286057e-01 4.96497691e-01 7.93289304e-01 9.81894553e-01
    3.96076798e-01 3.98899287e-01 5.81943035e-01 7.10870624e-02
    6.97142363e-01 9.30949748e-01 6.40882611e-01 1.37031138e-01
    5.18399000e-01 9.31582093e-01 9.76863086e-01 5.06728113e-01
    1.51418358e-01 9.60858703e-01 4.36916292e-01 1.93358243e-01
    2.58774400e-01 3.28220904e-01 5.48040152e-01 1.36801034e-01
    2.16285527e-01 6.73329353e-01 7.44392633e-01 2.69968390e-01
    1.56482190e-01 1.40982091e-01 2.47700095e-01 9.61641729e-01
    1.96927339e-01 1.07382089e-01 5.65910280e-01 3.72897983e-01
    1.87664896e-01 1.29754722e-01 2.03444690e-01 5.66181958e-01
    1.92045271e-02 6.34667277e-01 8.78316760e-01 9.06025112e-01
    4.42609936e-01 1.71937078e-01 1.04903549e-01 9.57738400e-01
    6.08281255e-01 6.99145079e-01 9.84081924e-01 2.76561022e-01
    8.90948653e-01 1.40121192e-01 1.92403585e-01 4.19341743e-01
    2.65297294e-01 1.11327350e-01 2.41526693e-01 8.36576402e-01
    5.04664540e-01 8.35260391e-01 8.58167470e-01 4.92008358e-01
    5.31236947e-01 7.59623885e-01 2.76911765e-01 4.02551115e-01
    9.66376781e-01 3.64824474e-01 8.69667530e-01 8.10180724e-01
    9.71056998e-01 5.23027599e-01 8.08162391e-01 3.27066302e-01
    5.15683353e-01 1.34741783e-01 9.88435268e-01 2.05244899e-01
    2.92837888e-01 7.08851933e-01 1.36682868e-01 7.37644434e-01
    3.59297991e-01 5.39044917e-01 4.69792128e-01 7.44267225e-01
    8.73490691e-01 6.04301989e-01 1.72122031e-01 4.27827328e-01
    4.33118135e-01 3.17378938e-02 5.17426193e-01 4.25894529e-01
    9.23990071e-01 9.70346391e-01 2.92639792e-01 8.07692707e-02
    3.38356465e-01 6.74074292e-01 4.04026031e-01 6.99793398e-01
    1.33971721e-01 1.43761247e-01 6.02785289e-01 7.24153757e-01
    3.50577116e-01 1.91083670e-01 8.05792928e-01 4.19196546e-01
    5.40996492e-01 6.36622548e-01 5.76690674e-01 1.09062910e-01
    4.50109959e-01 9.53957081e-01 4.90304142e-01 9.81802106e-01
    4.58637208e-01 3.96069765e-01 1.29011333e-01 1.25654340e-01
    7.49646246e-01 4.05012161e-01 3.04390132e-01 6.14034235e-02
    4.75756526e-02 2.62279451e-01 5.03368556e-01 2.41517574e-01
    3.32517892e-01 8.97473693e-01 1.57321185e-01 4.32668298e-01
    8.53149295e-01 7.18020797e-01 7.43968785e-02 2.99916238e-01
    5.46329618e-01 5.53346276e-01 7.88348794e-01 8.91700447e-01
    2.52554059e-01 9.49143052e-01 9.87760782e-01 7.00610876e-03
    9.31650519e-01 7.28118598e-01 6.80268526e-01 7.17053771e-01
    4.62288141e-01 8.96307290e-01 3.23534399e-01 3.40922862e-01
    5.51991284e-01 8.44028592e-01 7.49774039e-01 7.85650551e-01
    1.04223907e-01 9.06133056e-01 1.17006898e-02 7.13503957e-01
    5.11831462e-01 6.83159113e-01 7.22484708e-01 1.75283432e-01
    4.47267383e-01 3.74925733e-02 6.27863050e-01 2.72582948e-01
    8.40978026e-01 5.12904108e-01 2.82452762e-01 5.63260972e-01
    3.91475111e-01 9.03810203e-01 4.26213980e-01 9.74763751e-01
    3.97367150e-01 8.20176244e-01 1.83635533e-01 6.60852194e-02
    6.80889785e-01 1.23770833e-02 9.84462678e-01 5.21758020e-01
    8.32043648e-01 8.91673982e-01 2.58778930e-02 1.97326124e-01
    9.84014332e-01 9.13055062e-01 4.51566130e-01 1.19273126e-01
    4.47812051e-01 9.00187135e-01 9.03157175e-01 9.76102650e-02
    5.22591174e-02 4.63929832e-01 7.92965114e-01 8.97798181e-01
    5.96879065e-01 9.75763440e-01 6.96852207e-01 8.05708110e-01
    3.55134785e-01 5.35987794e-01 0. 0. 0. 0. 0. 0. 0. 0. 0. 0. 0. 0. 0.
    0. 0. 0. 7.75422037e-01 3.30234170e-02 8.26541781e-01 6.23661160e-01
    9.07657802e-01 3.48636866e-01 6.94229960e-01 1.25256807e-01
    4.71728146e-02 9.44597483e-01 4.53476995e-01 1.17470562e-01
    1.40019447e-01 2.05966085e-01 4.58586603e-01 5.48243165e-01
    1.18537635e-01 9.79822576e-01 1.34000480e-02 4.30513382e-01
    5.04150987e-01 8.05228353e-01 2.84741342e-01 5.83517849e-01
    5.03248274e-02 8.40555727e-02 1.98868692e-01 7.54126608e-01
    3.55925411e-01 2.66001135e-01 5.88242948e-01 4.27313089e-01
    4.74046022e-01 2.86524177e-01 1.33580923e-01 4.09891218e-01
    9.08031881e-01 3.51702631e-01 1.64363086e-02 4.85280335e-01
    9.28357840e-01 9.34463799e-01 9.35358644e-01 5.38132548e-01
    8.14720690e-01 4.07656997e-01 7.66616583e-01 3.46055150e-01
    4.33897644e-01 7.66795993e-01 6.88057303e-01 4.36460376e-02
    5.85379183e-01 4.79991466e-01 3.27321112e-01 8.83731246e-03
    6.37611628e-01 6.03854954e-02 3.47799420e-01 9.03045297e-01
    3.25575531e-01 5.45233369e-01 8.26005638e-02 2.41879225e-01
    9.34513390e-01 1.54533595e-01 7.81688869e-01 3.65406275e-01
    3.52003276e-01 1.95041418e-01 4.14203465e-01 4.75068837e-01
    8.35146904e-02 7.79382586e-01 7.17582226e-01 5.21202803e-01
    1.65271610e-01 6.18616104e-01 5.20488679e-01 3.62121046e-01
    3.10034811e-01 8.27115774e-01 3.95351887e-01 5.75049102e-01
    8.88217747e-01 2.74225533e-01 4.68639195e-01 5.80749989e-01
    1.34938776e-01 7.18387604e-01 4.99619782e-01 2.69977838e-01
    1.10914409e-02 6.26410782e-01 1.42004669e-01 1.58619940e-01
    4.92807388e-01 5.16259551e-01 3.76528531e-01 4.86797243e-01
    9.41726327e-01 4.17461038e-01 3.10427606e-01 3.85527402e-01
    3.00225854e-01 6.38358653e-01 8.18253279e-01 4.86735255e-01
    8.60909581e-01 9.15674448e-01 6.15657747e-01 6.87849224e-01
    8.48565400e-02 1.32622391e-01 4.47919160e-01 6.77559614e-01
    9.30776000e-01 4.90690827e-01 1.15512043e-01 3.37838411e-01
    1.33058429e-01 4.10763502e-01 9.95874405e-01 5.17899454e-01
    9.16967392e-01 8.70376468e-01 9.64726567e-01 1.73147619e-01
    4.05502766e-01 6.00129247e-01 7.24949121e-01 3.56383711e-01
    9.20210242e-01 6.38331473e-01 8.63034129e-02 5.65478206e-02
    2.81579554e-01 6.48072362e-01 2.18427002e-01 8.48464966e-01
    2.68262804e-01 7.68751025e-01 7.59684682e-01 1.72966719e-03
    5.46759725e-01 1.00753158e-01 3.36443484e-02 2.36691833e-02
    6.00178540e-01 7.64598966e-01 6.17446005e-01 6.08166993e-01
    1.65347278e-01 2.17812449e-01 7.50846744e-01 5.07338583e-01
    6.61383212e-01 5.72382689e-01 1.72634572e-01 4.60462421e-01
    2.57208109e-01 1.45066738e-01 6.77413762e-01 6.55558586e-01
    1.98630422e-01 6.88499629e-01 2.77021229e-02 1.66280389e-01
    5.48613071e-01 1.41063899e-01 9.19346333e-01 3.81645560e-02
    6.65558577e-02 2.65243351e-01 4.43800241e-01 9.18906331e-01
    3.32847536e-01 6.90016627e-01 1.06601685e-01 8.48081946e-01
    1.39156222e-01 3.67202878e-01 1.26663297e-01 6.15181684e-01
    2.79859602e-02 3.42113376e-01 4.10843879e-01 2.76927829e-01
    6.51890039e-03 6.22178078e-01 8.45682919e-02 8.02069664e-01
    6.40359819e-02 1.65613949e-01 3.84597301e-01 7.71496594e-01
    8.80730450e-02 3.60471368e-01 1.40712768e-01 4.60775584e-01
    3.23106349e-01 3.79454434e-01 8.24256361e-01 7.71842003e-01
    8.40106606e-01 2.52697766e-01 7.53553867e-01 4.75341976e-02
    1.77789718e-01 4.81385469e-01 8.84736896e-01 1.49053335e-03
    3.02001834e-03 1.76480711e-01 9.65918481e-01 3.39294612e-01
    8.60862017e-01 7.59976625e-01 1.55964792e-02 2.47680753e-01
    5.21188736e-01 3.61853838e-03 6.42983079e-01 4.75399643e-01
    8.46706986e-01 5.05167603e-01 5.62933683e-02 2.96761811e-01
    9.88731086e-01 2.23802090e-01 9.76666212e-01 8.00149441e-01
    9.65729773e-01 9.95803416e-01 5.25945544e-01 6.95335805e-01
    1.11465514e-01 6.38472438e-01 3.13089490e-01 7.54759073e-01
    4.37586248e-01 8.60672176e-01 3.57944816e-01 4.07938421e-01
    5.41934907e-01 1.30940020e-01 8.69006515e-02 8.07209253e-01
    6.36164963e-01 6.16971254e-02 8.05499911e-01 2.80361891e-01
    5.98248422e-01 3.85533869e-02 4.61756021e-01 2.91444242e-01 0. 0. 0.
    0. 0. 0. 0. 0. 0. 0. 0. 0. 0. 0. 0. 0. 5.22848904e-01 3.43581319e-01
    4.79865104e-01 9.87284899e-01 6.67878926e-01 3.91736478e-01
    6.92471087e-01 1.95757121e-01 1.94770724e-01 6.43603861e-01
    2.86792517e-01 5.92270494e-01 1.47992671e-01 4.39583302e-01
    8.82995367e-01 3.15250397e-01 6.60984755e-01 2.70047247e-01
    9.29515541e-01 3.84304643e-01 4.37585413e-02 6.16251469e-01
    3.26921523e-01 9.86633897e-01 2.46038169e-01 2.99609333e-01
    7.44974613e-03 4.59978670e-01 1.09157592e-01 2.34129786e-01
    2.71486670e-01 6.25754654e-01 3.35087776e-01 2.45387197e-01
    3.27021182e-01 4.72425580e-01 6.14287734e-01 8.61551762e-02
    6.63640440e-01 9.93637443e-01 1.51409745e-01 3.80224645e-01
    5.77180088e-02 7.59943128e-01 1.71627849e-01 6.55030131e-01
    5.32043815e-01 4.47314858e-01 9.35919046e-01 3.49787802e-01
    9.42581415e-01 2.13465661e-01 6.59439027e-01 4.52377290e-01
    4.08858478e-01 2.70089090e-01 1.98211312e-01 6.14162147e-01
    9.07940745e-01 6.33358479e-01 4.07669097e-01 9.15120244e-01
    2.48663038e-01 4.69740778e-01 9.39021051e-01 2.94424057e-01
    7.71943927e-01 6.45898283e-02 5.77582479e-01 4.91066128e-01
    4.54290092e-01 8.66679728e-01 1.74518883e-01 2.24416256e-01
    5.07346332e-01 1.55839831e-01 5.55858612e-02 4.94055808e-01
    4.81200218e-02 4.50326532e-01 5.06938696e-01 5.82589746e-01
    6.25832915e-01 4.67541695e-01 4.08074200e-01 4.20448482e-01
    2.45710880e-01 3.63012075e-01 7.93712974e-01 4.98779178e-01
    6.11778855e-01 7.82280564e-02 8.02793980e-01 7.18964636e-02
    2.91890442e-01 5.62154651e-01 4.80379730e-01 2.93729991e-01
    1.82011425e-01 3.61221313e-01 8.99650812e-01 5.37260234e-01
    1.72262788e-01 9.89759326e-01 3.53979945e-01 9.42283392e-01
    1.66424185e-01 6.60680175e-01 4.47119474e-02 8.72785151e-01
    2.37926245e-01 7.21109748e-01 2.06157029e-01 1.01454318e-01
    4.02372062e-01 7.79602647e-01 6.04938805e-01 5.19479275e-01
    6.12997830e-01 1.55391693e-02 3.04855198e-01 9.55919623e-01
    5.94884217e-01 1.29219472e-01 5.91596484e-01 3.21164161e-01
    1.49748594e-01 9.50765133e-01 6.03294075e-01 8.21783781e-01
    8.94251883e-01 5.97604513e-01 4.82854992e-01 4.95057702e-02
    4.31950152e-01 3.60368460e-01 6.20140910e-01 5.75860500e-01
    9.66586947e-01 4.95812237e-01 9.29381609e-01 4.77804005e-01
    4.70470876e-01 6.51162267e-01 1.18573785e-01 1.61188602e-01
    5.21578193e-01 1.93885803e-01 2.85436511e-01 5.67817807e-01
    7.06522524e-01 5.68617105e-01 1.61671042e-01 8.00711751e-01
    4.41387922e-01 1.88271940e-01 4.43088114e-01 7.36682236e-01
    8.42668653e-01 7.82604456e-01 3.42509598e-01 2.46701300e-01
    2.52627969e-01 2.93936551e-01 9.14367914e-01 1.35026395e-01
    3.55649233e-01 6.02021337e-01 5.88753462e-01 6.38435483e-01
    5.64340532e-01 7.81116128e-01 6.19535148e-01 1.17014617e-01
    4.89122570e-01 2.58350313e-01 8.74743760e-01 9.56262708e-01
    2.43240327e-01 2.68419206e-01 1.39547825e-01 6.31622910e-01
    7.78005838e-01 2.18326420e-01 7.47406960e-01 9.78970408e-01
    4.33327436e-01 1.52160674e-01 8.03523898e-01 5.56935966e-01
    1.38357908e-01 8.79943371e-01 9.59951758e-01 3.45955491e-01
    5.11694252e-02 8.39349151e-01 4.09223467e-01 6.42373085e-01
    7.25412726e-01 9.37667847e-01 3.19556355e-01 9.80655491e-01
    1.49947971e-01 3.44372332e-01 2.95742154e-01 3.40187550e-03
    4.78686988e-02 6.76313818e-01 3.83060873e-01 2.73990333e-02
    1.02334023e-01 6.31390810e-01 4.78000134e-01 7.13665724e-01
    9.59881306e-01 9.67213750e-01 5.01666844e-01 7.42754936e-01
    7.92329848e-01 2.84630924e-01 3.99621129e-01 9.41733003e-01
    8.25090051e-01 2.33308583e-01 9.82661486e-01 7.24920094e-01
    4.47876871e-01 3.95836264e-01 2.18973786e-01 8.86893213e-01
    4.70346183e-01 9.04856443e-01 3.14984381e-01 6.23891115e-01
    9.78386164e-01 2.31779426e-01 4.32232201e-01 9.27937984e-01
    8.77442956e-01 9.69167888e-01 9.97123182e-01 2.41370529e-01
    2.73364484e-01 1.20400250e-01 2.43322462e-01 8.14714432e-02
    2.02172160e-01 1.84283882e-01 5.16602516e-01 6.46245003e-01
    5.20687163e-01 5.79671979e-01 4.89856362e-01 4.87878710e-01
    5.96796155e-01 7.15724528e-02 0. 0. 0. 0. 0. 0. 0. 0. 0. 0. 0. 0. 0.
    0. 0. 0. 9.31841493e-01 4.79099154e-01 8.92477751e-01 9.01642740e-02
    2.75403321e-01 8.21790695e-01 8.44224751e-01 1.49888486e-01
    4.65042531e-01 4.80642110e-01 1.27004802e-01 4.99638319e-01
    3.36919069e-01 8.11951160e-01 9.76574540e-01 4.04639304e-01
    3.60371083e-01 1.55164897e-01 9.76614952e-02 5.32059968e-02
    3.89388204e-02 7.07326829e-02 3.38751197e-01 4.90799159e-01
    6.54957592e-01 9.93501961e-01 1.85487777e-01 7.73001313e-02
    6.83074296e-02 5.16249180e-01 8.25060844e-01 9.24245715e-01
    3.22968066e-02 7.86116600e-01 6.45019531e-01 9.05475497e-01
    4.83133197e-02 4.99749601e-01 3.59389156e-01 4.75059718e-01
    1.17185533e-01 8.70402455e-01 2.65392989e-01 5.30740201e-01
    6.99926436e-01 9.10465360e-01 2.28639543e-02 7.64935136e-01
    7.89214253e-01 5.11166453e-02 3.78380746e-01 3.29113066e-01
    2.12173462e-01 6.89392984e-01 8.68414640e-02 3.86170924e-01
    9.27804232e-01 6.35866404e-01 4.98066425e-01 5.37961364e-01
    2.98823029e-01 8.85151207e-01 8.32388878e-01 1.86322927e-01
    7.81136155e-01 5.41085422e-01 6.28194213e-01 9.41981435e-01
    6.68560505e-01 4.03646529e-02 7.79265583e-01 2.62461185e-01
    3.71754408e-01 9.80462909e-01 6.51171803e-02 7.98503578e-01
    3.58194947e-01 3.01429629e-01 2.39747077e-01 6.81353807e-02
    4.46566671e-01 1.50172621e-01 5.34767151e-01 3.61760616e-01
    8.75621557e-01 7.48861194e-01 1.11627012e-01 2.42922068e-01
    2.09894955e-01 7.75499701e-01 9.55071449e-01 9.68389869e-01
    1.41336232e-01 2.70107925e-01 6.08590126e-01 9.98805821e-01
    7.79239058e-01 7.03504562e-01 6.99867904e-01 1.73519075e-01
    1.91863239e-01 5.76260090e-01 4.20656502e-02 4.16325599e-01
    9.91371810e-01 6.25178039e-01 2.88674235e-03 4.40740466e-01
    7.43761122e-01 2.75462329e-01 1.11416876e-02 8.77523184e-01
    5.49269319e-02 3.14659953e-01 6.27620220e-01 5.86077392e-01
    7.01498806e-01 9.36551571e-01 6.03466570e-01 4.35334831e-01
    9.34245646e-01 5.85815310e-01 6.46535218e-01 3.30469549e-01
    1.62531674e-01 4.03436065e-01 1.97807044e-01 1.80423439e-01
    5.15461206e-01 1.12272173e-01 7.27346838e-01 3.19224805e-01
    9.28321183e-01 3.19360733e-01 2.72195160e-01 7.75990009e-01
    9.64015007e-01 4.77697015e-01 1.13706857e-01 3.30950052e-01
    4.39392775e-01 8.32732439e-01 1.34124160e-01 3.09060305e-01
    5.71661413e-01 9.91251469e-01 1.97165191e-01 2.33515799e-02
    6.39283299e-01 6.46939218e-01 2.26823449e-01 5.57927191e-01
    5.52536786e-01 1.96345210e-01 2.03550965e-01 8.37865472e-01
    2.95971751e-01 6.50624454e-01 2.95609623e-01 7.21790433e-01
    9.08803701e-01 8.61248553e-01 2.14145213e-01 3.75377893e-01
    6.08323216e-02 9.92258370e-01 8.22270393e-01 1.16732121e-01
    8.28202784e-01 4.73503798e-01 7.27704108e-01 6.31987751e-01
    5.16393304e-01 5.65672100e-01 2.48562217e-01 7.00750947e-01
    7.54993737e-01 3.02484930e-01 1.62137449e-02 8.48323107e-01
    3.49730194e-01 8.21319103e-01 1.42360657e-01 9.85921741e-01
    6.76920176e-01 1.74688667e-01 1.31169677e-01 1.76669389e-01
    1.26637995e-01 2.01646626e-01 7.31702447e-01 9.90720332e-01
    5.47490835e-01 8.49866509e-01 9.50897098e-01 7.59496808e-01
    4.54961419e-01 5.98887503e-01 5.42452395e-01 8.63276124e-02
    3.56109738e-02 3.06905150e-01 1.82088643e-01 9.32915926e-01
    3.71911228e-02 3.21213126e-01 2.91489214e-01 8.39779854e-01
    3.83512795e-01 8.89493942e-01 3.20832461e-01 4.57090497e-01
    6.20895028e-01 9.75344777e-01 1.15560412e-01 5.87163925e-01
    1.59267336e-01 4.07624960e-01 1.95424676e-01 7.20155001e-01
    3.60369563e-01 2.74037421e-02 4.88372594e-01 8.62995267e-01
    4.47355926e-01 7.94101000e-01 6.06690586e-01 9.49661195e-01
    7.95433760e-01 6.02061510e-01 9.32585657e-01 7.06923068e-01
    7.98096418e-01 5.57419360e-01 2.69935906e-01 5.76222539e-01
    2.45773077e-01 7.37769246e-01 4.47391272e-02 6.75043225e-01
    7.60335445e-01 2.94834316e-01 6.81954741e-01 4.06780332e-01
    7.74516106e-01 4.90474701e-02 6.68214619e-01 8.70614171e-01
    2.94578671e-01 8.11194062e-01 4.30605710e-01 8.78443718e-01
    1.12063646e-01 3.50841880e-01 9.43313718e-01 3.53006810e-01 0. 0. 0.
    0. 0. 0. 0. 0. 0. 0. 0. 0. 0. 0. 0. 0. 7.32720196e-02 9.01436448e-01
    6.72492921e-01 8.94111037e-01 9.67955470e-01 2.44244337e-02
    4.25533324e-01 4.14732575e-01 4.14652467e-01 2.01197267e-02
    9.72782493e-01 9.14651871e-01 5.38126886e-01 3.36073905e-01
    3.28332841e-01 7.16641486e-01 1.30624175e-01 1.52363479e-02
    3.34300488e-01 1.24153495e-02 5.17905474e-01 3.99357885e-01
    1.65700585e-01 4.22554076e-01 6.62117183e-01 2.56124496e-01
    4.85314518e-01 5.87530375e-01 4.31766212e-01 3.77494812e-01
    9.67579067e-01 1.98904574e-02 4.61859554e-01 3.61837089e-01
    9.64614630e-01 6.41588569e-01 7.14050829e-01 7.15176702e-01
    7.98321843e-01 5.83446026e-01 2.15986878e-01 8.15544248e-01
    1.02338165e-01 8.76759052e-01 3.05276543e-01 4.14060980e-01
    7.66382515e-02 2.46472359e-01 4.27989781e-01 5.65199554e-01
    5.45675993e-01 4.54741627e-01 3.17278504e-01 3.72741789e-01
    4.30191427e-01 2.30685890e-01 7.61884689e-01 1.24350041e-01
    8.71167183e-02 3.09591234e-01 9.47518110e-01 7.77921081e-01
    4.20598686e-02 1.39956117e-01 2.63206393e-01 4.64512944e-01
    9.84465420e-01 5.62009931e-01 9.07225966e-01 9.69584942e-01
    1.54559076e-01 1.52013928e-01 2.32598662e-01 8.38677883e-01
    9.98799682e-01 8.01207662e-01 7.81394124e-01 2.56167978e-01
    8.97695065e-01 4.41190571e-01 1.89730197e-01 2.82762021e-01
    7.36261010e-01 3.82384032e-01 2.86206424e-01 7.90742755e-01
    5.93264461e-01 7.58331060e-01 9.66373801e-01 7.17915773e-01
    3.87431264e-01 8.42613816e-01 4.68335509e-01 1.58660680e-01
    7.45758116e-01 2.75522053e-01 9.90787506e-01 7.29291260e-01
    8.14891040e-01 9.44524407e-01 4.28956777e-01 3.51461798e-01
    8.61073017e-01 1.73560083e-01 2.15878636e-01 2.82259762e-01
    2.56469011e-01 2.76335955e-01 3.20533872e-01 6.36836529e-01
    4.48433071e-01 4.72100586e-01 9.69440699e-01 4.94302601e-01
    2.01963186e-02 2.83635497e-01 6.44595861e-01 4.13164228e-01
    7.65674829e-01 5.26040971e-01 4.00531024e-01 2.01422989e-01
    2.57349014e-01 4.11037207e-01 1.48688465e-01 7.42979884e-01
    6.33295178e-01 7.79143572e-02 6.17488384e-01 8.38661909e-01
    8.36880922e-01 3.41754794e-01 2.10090518e-01 2.30947256e-01
    6.59619153e-01 1.57499850e-01 6.99395001e-01 8.73034418e-01
    6.29297316e-01 1.10274673e-01 7.92551041e-03 7.80348659e-01
    9.47372675e-01 7.79484272e-01 6.35573983e-01 3.33064497e-01
    9.09320712e-01 2.12442130e-01 7.54706621e-01 9.92706776e-01
    1.99681222e-01 2.88320184e-01 3.41436267e-02 8.73543262e-01
    6.64653063e-01 2.60057062e-01 5.12653649e-01 7.02340126e-01
    6.59370363e-01 5.96681416e-01 8.68184805e-01 2.55827188e-01
    5.11775136e-01 3.71776760e-01 1.62266314e-01 2.89215386e-01
    4.73352790e-01 8.37959170e-01 6.17591560e-01 9.36288953e-01
    4.83103096e-01 6.38883412e-02 2.04358965e-01 6.66300178e-01
    3.16441894e-01 6.79113388e-01 6.99977636e-01 7.45675564e-01
    5.96358776e-01 6.36579692e-01 6.30685091e-01 1.94894373e-02
    8.22992682e-01 2.27777869e-01 2.91858256e-01 4.32596385e-01
    7.93310761e-01 5.17968535e-01 2.10836887e-01 9.49112475e-02
    7.27838397e-01 6.02037847e-01 8.46766531e-02 4.14228231e-01
    2.18962550e-01 5.62967181e-01 2.15354562e-03 7.43806481e-01
    4.03342307e-01 8.84523392e-01 9.38913703e-01 8.81900787e-01
    8.74045074e-01 4.08062160e-01 8.87951374e-01 8.68529558e-01
    3.18668306e-01 5.14777124e-01 8.46859634e-01 5.98437548e-01
    3.00354838e-01 3.90758634e-01 9.20626521e-03 3.94223034e-02
    6.87060118e-01 8.78936052e-01 9.98392403e-01 6.83635592e-01
    1.98477507e-03 8.88490260e-01 7.69756198e-01 4.84751076e-01
    5.35760462e-01 6.27956271e-01 5.24736464e-01 6.71889484e-01
    2.57994533e-01 3.40195298e-01 2.79445589e-01 8.97586465e-01
    6.63964748e-01 2.75001466e-01 2.40851700e-01 9.02006328e-01
    2.78263390e-01 7.17362761e-01 8.63238335e-01 9.78504539e-01
    8.68888021e-01 7.54475296e-02 7.97924399e-01 9.02892470e-01
    8.37695837e-01 6.24180079e-01 5.36358893e-01 7.15019703e-01
    7.04686642e-02 6.51452184e-01 5.36149919e-01 3.04008216e-01
    5.39953768e-01 2.26472348e-01 7.25148797e-01 1.38235956e-01
    1.08855069e-01 2.32071698e-01 0. 0. 0. 0. 0. 0. 0. 0. 0. 0. 0. 0. 0.
    0. 0. 0. 2.05844790e-01 7.92208433e-01 9.38421965e-01 1.08637035e-01
    8.15485537e-01 1.96192384e-01 5.40173709e-01 7.88253546e-01
    3.92562419e-01 7.49417543e-01 6.66151404e-01 5.22174597e-01
    9.43780541e-02 6.53560460e-01 2.12238431e-02 8.08566093e-01
    6.25964165e-01 7.33784914e-01 3.13341111e-01 3.83427173e-01
    7.85311818e-01 1.80646598e-01 9.98372495e-01 9.11421657e-01
    2.84700453e-01 8.00541401e-01 5.45643985e-01 2.93127269e-01
    5.24447024e-01 1.60516769e-01 3.57843637e-02 5.11615872e-01
    5.59263527e-01 5.23051322e-01 6.78395748e-01 4.06766117e-01
    2.93321371e-01 6.85732126e-01 8.49225879e-01 1.03327900e-01
    2.08854973e-01 4.56962556e-01 6.35240197e-01 8.57793868e-01
    3.10785234e-01 8.09326768e-02 3.78950208e-01 9.45590138e-01
    8.17615449e-01 1.65129900e-02 2.37274975e-01 7.38600850e-01
    8.33633661e-01 2.89952159e-02 9.40890014e-02 4.46650982e-01
    1.41355455e-01 4.06126499e-01 8.70457888e-02 7.80175388e-01
    6.59751654e-01 2.66013891e-01 9.61847425e-01 3.97264659e-01
    2.93841898e-01 2.52950251e-01 9.58004832e-01 4.25580114e-01
    1.13899112e-01 8.09098601e-01 9.99629617e-01 1.23916358e-01
    1.98838055e-01 7.68455863e-03 4.69580323e-01 4.85214055e-01
    9.16225314e-02 2.95711011e-01 9.31805015e-01 2.53727078e-01
    4.29808080e-01 7.05836654e-01 9.23592448e-02 1.78911626e-01
    7.96783566e-01 3.91932547e-01 3.44958931e-01 8.50148559e-01
    9.99242783e-01 3.83846998e-01 3.33554745e-01 2.77964681e-01
    2.94505328e-01 9.52924967e-01 6.24778152e-01 5.45630753e-01
    2.46568173e-01 3.91619861e-01 7.23003507e-01 8.61830235e-01
    7.63899684e-02 7.95667171e-01 7.12064862e-01 4.01917815e-01
    8.88414741e-01 7.73193240e-01 1.40531659e-02 6.03152573e-01
    9.18887317e-01 2.85403490e-01 6.86460733e-03 6.78635240e-01
    2.05588520e-01 2.52684772e-01 1.01138175e-01 1.50750309e-01
    3.18906337e-01 2.34822482e-01 7.13837802e-01 4.10862386e-01
    3.35448682e-02 3.13293397e-01 2.24739641e-01 9.92379487e-01
    6.60931349e-01 1.89745545e-01 5.26672363e-01 3.56719851e-01
    9.14447784e-01 5.63271821e-01 6.44476295e-01 9.56484020e-01
    1.30248219e-01 5.09774506e-01 2.45822072e-02 6.63450122e-01
    3.60887051e-01 6.77396595e-01 6.78415477e-01 2.72086710e-01
    3.33054841e-01 7.20720649e-01 7.19870567e-01 2.49787867e-02
    1.26465142e-01 3.94491911e-01 3.89930844e-01 4.85857129e-01
    8.19377005e-01 4.98515874e-01 6.60030961e-01 6.31813109e-01
    5.73874474e-01 4.17707443e-01 3.70948732e-01 6.47020876e-01
    7.90406466e-01 2.23803669e-01 2.85313398e-01 5.91395497e-01
    4.92026597e-01 3.96632552e-02 1.58900619e-01 9.73677993e-01
    9.78602171e-02 8.45078468e-01 7.71344185e-01 9.55137014e-01
    9.29468334e-01 3.69473815e-01 7.65388012e-01 2.50838757e-01
    3.43791306e-01 4.36871767e-01 7.84813762e-01 9.17607427e-01
    5.16322553e-01 4.81305629e-01 5.45498073e-01 6.94519877e-01
    2.98643649e-01 4.13577616e-01 9.07757044e-01 6.19163454e-01
    6.93398118e-01 2.93868899e-01 3.41104269e-01 7.15930164e-01
    8.61949146e-01 7.41281748e-01 9.68621969e-01 5.34389257e-01
    4.90017861e-01 7.82529354e-01 1.56093836e-02 9.67541873e-01
    9.52153325e-01 6.65749311e-01 8.90476704e-01 6.14669025e-01
    5.97928762e-02 3.93379986e-01 8.00391912e-01 7.48625636e-01
    1.66731566e-01 8.57557774e-01 7.26460755e-01 7.83788383e-01
    7.98936546e-01 5.97011387e-01 9.90886569e-01 8.04764628e-01
    3.93439561e-01 3.99647355e-01 4.77288604e-01 3.70877922e-01
    5.21150827e-01 9.78101552e-01 8.75663400e-01 2.23785967e-01
    7.39133060e-01 2.57997811e-01 7.49127030e-01 8.61138463e-01
    5.53906083e-01 3.27589244e-01 3.58084321e-01 8.02762687e-01
    8.04244697e-01 8.07134628e-01 5.13400614e-01 8.87179434e-01
    1.18297964e-01 2.62963384e-01 6.55903518e-01 7.46567726e-01
    3.65279615e-02 1.95470482e-01 4.62347746e-01 5.12296081e-01
    7.61914372e-01 5.27683496e-01 3.75059694e-01 7.15219975e-02
    8.76953602e-01 2.13069499e-01 4.66099709e-01 5.21170735e-01
    9.21912432e-01 5.21659851e-02 3.19944590e-01 5.63805461e-01
    9.95701730e-01 1.17132336e-01 8.73705983e-01 4.65759605e-01 0. 0. 0.
    0. 0. 0. 0. 0. 0. 0. 0. 0. 0. 0. 0. 0. 2.50364542e-02 4.66801286e-01
    1.37147427e-01 3.07750702e-01 4.72157389e-01 6.80755734e-01
    8.18467617e-01 6.18489265e-01 8.56191993e-01 1.53338313e-01
    8.13124359e-01 1.94454759e-01 1.72206759e-01 6.67072237e-01
    3.03081781e-01 6.28114820e-01 1.73247606e-01 4.00676727e-02
    3.34663093e-01 8.56113851e-01 5.70824444e-01 6.82418823e-01
    2.21847862e-01 2.15345472e-01 9.57572579e-01 6.05817676e-01
    5.41112363e-01 8.89769197e-01 8.22544813e-01 8.08246255e-01
    5.15847325e-01 6.42148852e-01 3.94362211e-02 9.96131718e-01
    8.91433954e-01 9.56663489e-01 4.24423575e-01 1.63211465e-01
    9.45327103e-01 6.23530626e-01 6.78457379e-01 9.52364564e-01
    2.02918440e-01 1.37167841e-01 7.95326471e-01 3.37213159e-01
    5.09710789e-01 5.98139942e-01 7.08212852e-02 4.91558462e-01
    6.32801831e-01 3.16285551e-01 5.96755147e-02 4.47387159e-01
    3.07204008e-01 4.24126685e-02 3.17186117e-01 9.43533480e-02
    3.65041792e-02 7.68625498e-01 4.12664115e-01 7.49488354e-01
    2.95253873e-01 5.64128637e-01 3.35806966e-01 9.70181525e-01
    5.15157044e-01 4.31369543e-02 8.06063414e-01 7.54316926e-01
    3.91300738e-01 9.33399260e-01 1.60254538e-01 3.68852377e-01
    2.16210186e-01 2.58786976e-01 4.13331896e-01 9.95835364e-01
    7.97386050e-01 6.93030655e-02 7.54309654e-01 8.37114036e-01
    5.19844949e-01 5.63502312e-01 5.06629348e-01 4.98093545e-01
    5.57422280e-01 7.44260848e-01 6.83881342e-02 9.05329227e-01
    3.20798874e-01 4.01289612e-01 6.35529757e-01 4.26470131e-01
    5.23736715e-01 6.09719157e-01 7.44087934e-01 8.74988794e-01
    7.25650907e-01 2.87184894e-01 1.99747562e-01 1.27925217e-01
    1.07198864e-01 4.51512337e-01 2.06781477e-01 7.81932831e-01
    9.24431860e-01 4.11530256e-01 7.73206413e-01 5.48191905e-01
    2.97849476e-02 4.57954735e-01 3.32940817e-02 1.53064132e-02
    2.40993440e-01 9.69592571e-01 3.54687214e-01 5.48346162e-01
    9.72685814e-01 6.32601619e-01 1.58604681e-02 6.15144134e-01
    8.41232836e-01 2.60798812e-01 5.78592658e-01 5.48548758e-01
    9.79451895e-01 4.57312614e-01 8.10065627e-01 5.07233143e-01
    4.29739356e-01 1.28025621e-01 4.20123518e-01 6.08576179e-01
    2.63278544e-01 7.66552389e-01 8.37660432e-01 6.59552515e-01
    5.89709342e-01 6.26583099e-01 4.64485019e-01 7.26919889e-01
    8.53751659e-01 3.61718744e-01 1.50273561e-01 7.09597647e-01
    9.33577895e-01 8.80898833e-02 4.66047376e-01 3.97159696e-01
    5.39236069e-02 7.63033807e-01 4.41574037e-01 7.84102201e-01
    7.07246304e-01 8.11520696e-01 3.13650548e-01 8.30231607e-02
    2.33023733e-01 5.64589024e-01 3.19974571e-01 1.51767015e-01
    2.96424121e-01 6.38103426e-01 6.89897060e-01 5.87242842e-03
    4.68895584e-01 2.41203517e-01 3.34743559e-01 7.43157804e-01
    2.20707059e-01 5.43158829e-01 9.97208655e-01 7.40366220e-01
    3.45086157e-01 1.86023474e-01 2.52395481e-01 3.90692264e-01
    5.28450191e-01 7.95579851e-02 3.45894992e-01 2.12174296e-01
    7.48177171e-01 2.82115012e-01 4.35040593e-01 1.38345480e-01
    9.22788620e-01 4.76607621e-01 8.10409665e-01 7.65713215e-01
    6.12923503e-03 9.84351277e-01 5.87932348e-01 6.08829379e-01
    9.23465967e-01 8.63754272e-01 8.12350452e-01 2.22739041e-01
    4.08329666e-01 6.00308716e-01 6.30972683e-01 5.88765860e-01
    2.90809929e-01 9.06507730e-01 7.32976854e-01 2.88051784e-01
    2.51680553e-01 4.70733047e-01 7.94207454e-01 3.96919638e-01
    6.58620119e-01 5.95264733e-02 6.72751963e-01 7.60275424e-02
    6.86256647e-01 1.04633540e-01 1.39764756e-01 5.63662052e-02
    4.26180303e-01 4.41972911e-02 8.84006500e-01 3.63717198e-01
    8.81589055e-01 3.74626815e-02 2.06916779e-01 8.68321896e-01
    9.41321850e-01 2.97201484e-01 8.19798827e-01 9.78644490e-01
    9.60294306e-01 9.40212250e-01 4.85810429e-01 6.87614024e-01
    8.17560852e-01 6.56704307e-01 7.68913746e-01 5.25886774e-01
    8.79907191e-01 4.08663750e-02 6.83539510e-01 9.00627911e-01
    5.33864439e-01 5.01946807e-01 5.95599830e-01 3.15758139e-01
    7.26995707e-01 9.34255123e-01 9.32334244e-01 8.62193406e-02
    3.05486500e-01 9.26134825e-01 3.33569378e-01 5.00669181e-01
    8.67789388e-01 4.95105982e-03 0. 0. 0. 0. 0. 0. 0. 0. 0. 0. 0. 0. 0.
    0. 0. 0. 7.37871349e-01 8.05099487e-01 2.51348376e-01 2.21060604e-01
    4.01988804e-01 6.75191104e-01 1.42810345e-01 2.64615268e-01
    8.64271402e-01 2.42724091e-01 3.39491010e-01 7.15771377e-01
    4.82349396e-01 4.60624576e-01 1.05620950e-01 1.87157393e-02
    7.94376671e-01 4.61280346e-03 3.27469856e-01 5.07948756e-01
    4.35104370e-01 5.67867100e-01 6.20297194e-01 6.30564094e-01
    2.78109431e-01 9.22131419e-01 7.28422642e-01 3.77486348e-02
    7.61517107e-01 8.08018684e-01 8.83584678e-01 8.64627957e-01
    9.51284409e-01 7.22713768e-02 5.39346278e-01 6.25921011e-01
    7.51812577e-01 4.58689421e-01 2.27077156e-01 3.37535024e-01
    8.12839627e-01 4.46678400e-02 2.79189944e-01 5.74078619e-01
    1.81333899e-01 1.97610378e-01 6.88965559e-01 1.90672129e-01
    8.79223704e-01 1.54439509e-01 6.72322690e-01 2.48875111e-01
    1.17987394e-04 9.66551304e-01 3.52924079e-01 3.58879417e-01
    5.72721958e-02 8.99698853e-01 5.99470854e-01 4.19312716e-02
    3.97137493e-01 9.84506249e-01 7.74969339e-01 3.65154684e-01
    4.16236788e-01 3.94986868e-02 2.97348231e-01 9.12105560e-01
    1.41765743e-01 5.47094882e-01 6.63670301e-02 3.46896887e-01
    8.89447331e-03 3.21068913e-01 1.85169488e-01 7.27891922e-04
    1.28914803e-01 6.84808433e-01 1.90240383e-01 9.25328732e-01
    3.71324182e-01 7.41050661e-01 4.58794236e-02 1.84206009e-01
    7.17740536e-01 3.95132780e-01 3.02001834e-02 7.65670538e-01
    2.67886639e-01 5.66326380e-01 9.08064663e-01 5.95283508e-01
    7.31255531e-01 9.21916723e-01 4.79794025e-01 2.79852331e-01
    4.77935135e-01 8.44081879e-01 2.47444212e-01 1.27568364e-01
    1.06580049e-01 3.91112804e-01 4.54737604e-01 5.97165227e-02
    4.80956972e-01 2.83895671e-01 5.25022864e-01 6.55483484e-01
    4.94559586e-01 2.95508891e-01 6.02583528e-01 3.05204332e-01
    4.15698409e-01 6.41588688e-01 7.39536345e-01 2.03283012e-01
    1.03732258e-01 8.78985941e-01 7.69602180e-01 8.80288482e-01
    4.21488643e-01 3.55061829e-01 4.56982851e-01 8.78461301e-02
    3.03673446e-02 6.03271902e-01 2.44169921e-01 1.78158253e-01
    5.22723913e-01 7.32898891e-01 2.94195741e-01 2.42372036e-01
    6.09438419e-01 8.25222671e-01 5.62920511e-01 8.67447734e-01
    6.69848680e-01 2.07284570e-01 1.18025094e-01 9.79277670e-01
    4.37917352e-01 9.16987300e-01 3.72975767e-02 8.30396473e-01
    3.76698971e-02 2.58767247e-01 1.60487682e-01 4.93352532e-01
    8.10931146e-01 2.87108302e-01 8.96080732e-01 2.21166134e-01
    3.49888235e-01 9.18750882e-01 7.60572791e-01 3.75677228e-01
    7.00794756e-01 9.93047655e-01 5.29975057e-01 3.84451896e-01
    8.49578738e-01 3.54015350e-01 2.79377580e-01 2.40304172e-01
    8.92223239e-01 8.27657521e-01 5.28956711e-01 9.54456747e-01
    3.27371627e-01 5.27458489e-01 5.18809617e-01 4.84089434e-01
    8.72649550e-02 3.90086353e-01 6.11246228e-01 4.03128445e-01
    1.38047040e-01 3.16809714e-01 4.41934824e-01 7.70472646e-01
    6.89374447e-01 8.65351677e-01 2.70631671e-01 5.89555383e-01
    7.20101953e-01 5.28898180e-01 7.59307981e-01 6.65495217e-01
    7.39541352e-01 4.78188962e-01 1.09942764e-01 4.67483222e-01
    9.14482951e-01 8.53802025e-01 1.02909058e-01 4.74224210e-01
    4.27917033e-01 8.55402708e-01 9.13701296e-01 7.45439529e-01
    4.05736387e-01 6.11136913e-01 4.64214027e-01 3.71642619e-01
    6.09959662e-01 4.39707935e-01 9.82776403e-01 8.85488272e-01
    6.09529853e-01 7.91692615e-01 9.49513555e-01 9.01597977e-01
    1.70935571e-01 6.52072906e-01 1.01511478e-01 5.30877054e-01
    6.79284334e-01 6.77572012e-01 4.17376757e-01 8.19719315e-01
    2.17453867e-01 5.50996006e-01 8.84798527e-01 4.22967494e-01
    8.36329043e-01 3.92546356e-01 9.14417028e-01 7.61132240e-02
    2.17471421e-01 4.16460186e-01 3.44327807e-01 8.34200561e-01
    2.83716440e-01 2.58202583e-01 3.19760025e-01 8.71124744e-01
    5.49811363e-01 6.45188391e-01 4.44691122e-01 6.59394801e-01
    1.62847638e-02 1.26897067e-01 5.95550716e-01 5.89123964e-01
    6.86068416e-01 9.03357565e-02 5.24912834e-01 2.65215099e-01
    2.78589249e-01 4.83660161e-01 1.79393709e-01 3.50959241e-01
    5.44118881e-01 8.73415112e-01 2.67424285e-01 5.77130020e-01 0. 0. 0.
    0. 0. 0. 0. 0. 0. 0. 0. 0. 0. 0. 0. 0. 9.97996688e-01 3.93523932e-01
    1.91652954e-01 4.80876505e-01 3.55108440e-01 1.73942089e-01
    7.97061324e-02 4.55216438e-01 8.61285210e-01 7.96273351e-02
    5.76667845e-01 7.66515851e-01 9.31081295e-01 1.69644266e-01
    1.38710290e-01 1.93525910e-01 5.70739806e-02 6.63484097e-01
    1.05937809e-01 7.56645203e-01 6.32625043e-01 3.60047519e-01
    1.10932589e-02 9.63544309e-01 9.40629005e-01 4.11778212e-01
    5.26556373e-03 3.90932739e-01 5.82815111e-01 8.01904500e-01
    2.17846751e-01 7.75272548e-01 3.39588583e-01 9.57870007e-01
    6.04851127e-01 3.17368180e-01 5.26505351e-01 6.32132590e-01
    5.46445489e-01 9.75958467e-01 8.96901011e-01 7.34239817e-04
    5.52415490e-01 7.81922936e-01 5.81133842e-01 7.75794268e-01
    4.03437942e-01 6.83570981e-01 9.62701797e-01 3.62099141e-01
    8.64494681e-01 1.75409317e-02 4.77313250e-01 8.68853092e-01
    9.53843713e-01 1.02467090e-01 3.38817745e-01 5.77505350e-01
    7.48504102e-01 3.58617187e-01 3.46422315e-01 5.58725953e-01
    3.97370666e-01 6.63372338e-01 6.59806848e-01 2.84868330e-01
    6.63388252e-01 4.51261282e-01 4.42337602e-01 8.78096282e-01
    9.23605204e-01 3.20759773e-01 3.52212250e-01 6.80720866e-01
    2.75205195e-01 5.99821866e-01 2.77163357e-01 3.57199907e-01
    5.18830717e-01 9.42865491e-01 4.61322576e-01 7.36471295e-01
    2.51929283e-01 3.71740818e-01 3.64903688e-01 4.81169969e-01
    8.49761605e-01 2.51254708e-01 4.55993831e-01 7.49188542e-01
    6.66969478e-01 5.06436765e-01 6.16396725e-01 5.80563903e-01
    2.57520914e-01 4.77074921e-01 9.64263737e-01 2.28039026e-01
    8.26153576e-01 8.62805605e-01 7.39816904e-01 9.50935125e-01
    8.05777073e-01 7.21750498e-01 6.91226959e-01 4.66747582e-02
    3.56252879e-01 8.00525784e-01 5.91782331e-01 3.60444188e-02
    8.04994106e-01 4.16193008e-01 9.66235757e-01 6.94113791e-01
    1.71689004e-01 1.50032729e-01 1.07739538e-01 6.49680197e-01
    4.97309387e-01 2.48452127e-02 3.89304608e-01 5.13745606e-01
    2.23866820e-01 1.72127694e-01 3.07503760e-01 9.23637152e-01
    8.49105239e-01 7.25331604e-01 2.99862444e-01 3.52012396e-01
    5.63471675e-01 8.02381456e-01 2.02253282e-01 3.27963591e-01
    5.82591712e-01 7.94869065e-02 7.64745653e-01 8.62020373e-01
    7.04164982e-01 8.21879685e-01 5.41876137e-01 3.37949991e-02
    7.25224137e-01 4.45339680e-02 7.70645797e-01 5.97770393e-01
    5.32687306e-02 6.73220158e-01 2.80849308e-01 5.01847625e-01
    6.99644387e-01 5.50862014e-01 2.82181144e-01 1.74725860e-01
    3.45399559e-01 5.15477240e-01 9.36550379e-01 1.60691738e-02
    8.99345398e-01 1.96825862e-01 8.04348707e-01 3.54785800e-01
    2.02604681e-01 4.69307125e-01 7.76869059e-01 8.00912619e-01
    7.06950843e-01 6.30365849e-01 4.33677375e-01 5.06307781e-02
    6.23166740e-01 6.07375503e-02 6.30827785e-01 2.60996342e-01
    8.76183748e-01 3.22420597e-02 5.87561667e-01 2.58902073e-01
    7.89886117e-02 1.71848834e-01 8.69645536e-01 2.58152068e-01
    1.32917225e-01 7.88276076e-01 1.64349943e-01 8.27563524e-01
    1.95340723e-01 2.23032147e-01 5.58171928e-01 8.52125645e-01
    2.64730215e-01 7.23837614e-01 2.08539963e-01 1.34660244e-01
    2.55614817e-02 6.58597648e-01 2.02931315e-01 5.78567684e-01
    7.12998748e-01 3.30220520e-01 8.53229403e-01 4.60315526e-01
    8.46835315e-01 2.50253886e-01 7.09189475e-02 6.35841489e-03
    2.29893178e-01 7.21647501e-01 6.63073659e-01 8.04490447e-01
    8.16825151e-01 7.03742981e-01 8.27744544e-01 9.10668254e-01
    1.15915209e-01 9.08482313e-01 1.91082507e-01 7.31153727e-01
    2.87563115e-01 9.57101822e-01 8.47559810e-01 4.30257589e-01
    7.75567651e-01 8.03819299e-01 2.33782530e-01 7.32357800e-01
    7.99208283e-01 8.29081774e-01 3.55104744e-01 6.76238000e-01
    4.83878016e-01 1.05574310e-01 5.03026366e-01 5.57160914e-01
    5.78644216e-01 6.48834944e-01 2.39962518e-01 6.14764988e-01
    7.39195108e-01 3.01722646e-01 1.98616654e-01 4.20508921e-01
    9.01384592e-01 8.35824132e-01 7.00306535e-01 9.71200109e-01
    7.07575977e-02 4.68443960e-01 2.00627327e-01 9.82610822e-01
    4.68598306e-01 9.55098987e-01 6.67261124e-01 5.42710364e-01
    8.44818592e-01 6.73349857e-01 0. 0. 0. 0. 0. 0. 0. 0. 0. 0. 0. 0. 0.
    0. 0. 0. 3.21359873e-01 2.68879801e-01 8.54555011e-01 9.25303817e-01
    3.61224711e-01 6.72016084e-01 9.21534121e-01 6.80005848e-01
    1.92715287e-01 5.50117552e-01 5.07403851e-01 8.33093762e-01
    6.06675267e-01 8.09242308e-01 1.51564330e-01 5.78208447e-01
    7.73350954e-01 7.29909956e-01 3.17625314e-01 5.12773097e-01
    7.80159652e-01 7.66109109e-01 7.47338116e-01 9.84009802e-01
    6.90334916e-01 3.42908412e-01 2.76398718e-01 9.48684812e-01
    8.17579806e-01 7.09481776e-01 3.58421087e-01 1.40481442e-01
    7.79511034e-02 4.22663033e-01 2.29185939e-01 9.27024722e-01
    7.56790578e-01 5.78286290e-01 5.80921113e-01 9.37433481e-01
    4.17687953e-01 1.60789490e-03 6.89948797e-01 7.39731908e-01
    6.73691094e-01 2.97641754e-02 5.31585097e-01 2.75626481e-02
    7.99525797e-01 4.73066598e-01 5.16800880e-01 8.05531621e-01
    8.41323435e-02 5.41570723e-01 2.25145072e-01 8.47350717e-01
    9.72166896e-01 1.81531996e-01 5.89596868e-01 3.57094109e-01
    4.76405382e-01 1.38195813e-01 4.08527523e-01 1.69797868e-01
    9.23293948e-01 3.05663079e-01 2.98523366e-01 8.56870830e-01
    1.48464382e-01 1.82643086e-01 3.96348268e-01 5.23702204e-01
    3.68648052e-01 7.78159797e-01 9.53573227e-01 8.02468061e-01
    6.52717352e-01 6.07501805e-01 6.56250834e-01 7.52343595e-01
    3.33437920e-02 7.58672655e-02 2.58460999e-01 1.23675555e-01
    9.42067742e-01 3.76864642e-01 6.29307508e-01 9.68911707e-01
    8.51849675e-01 1.59854233e-01 4.03732061e-02 9.39076006e-01
    8.97960424e-01 5.03964484e-01 8.35691333e-01 6.18770540e-01
    1.06078565e-01 8.55036736e-01 3.12325060e-02 9.70587969e-01
    8.21770430e-01 5.78938127e-01 4.50507551e-01 1.18427753e-01
    3.64058137e-01 4.40268457e-01 8.25743496e-01 2.41609454e-01
    6.92247033e-01 2.15599298e-01 9.30991411e-01 3.11026812e-01
    4.18957204e-01 6.54061139e-01 8.22677612e-01 6.25117719e-02
    7.93460965e-01 5.90332747e-02 2.09532112e-01 8.77321124e-01
    5.97268283e-01 6.34638786e-01 3.57582033e-01 1.93243921e-02
    7.28696942e-01 3.53474021e-02 5.65751672e-01 9.98263657e-01
    2.20765501e-01 1.11631125e-01 7.84610629e-01 8.19714189e-01
    3.41440976e-01 3.71536613e-02 5.20269096e-01 6.51854336e-01
    8.36916625e-01 2.92278767e-01 1.46866649e-01 8.54572058e-01
    4.73931074e-01 3.44077826e-01 8.29714954e-01 8.86198282e-01
    8.68813992e-02 6.23757720e-01 8.27252626e-01 7.38988698e-01
    5.38973689e-01 1.58690602e-01 3.83827478e-01 9.15026426e-01
    3.90813053e-02 1.40572786e-01 4.97441113e-01 5.85380554e-01
    3.43749106e-01 4.27351683e-01 4.69655514e-01 6.71799898e-01
    1.14883035e-01 6.60054028e-01 2.56932378e-02 1.95363015e-01
    9.60857213e-01 5.92901826e-01 3.41930181e-01 3.36338580e-02
    5.57937443e-01 1.64563447e-01 8.28016877e-01 1.49816632e-01
    4.16448504e-01 7.79099047e-01 9.20936763e-02 9.84795272e-01
    7.20632076e-01 8.95419419e-01 3.42663020e-01 5.39868832e-01
    4.61169541e-01 8.31907451e-01 4.76192594e-01 7.99647391e-01
    4.15918052e-01 6.67825818e-01 4.90853429e-01 6.59315228e-01
    6.62504613e-01 7.34963536e-01 7.59917557e-01 6.14115298e-02
    4.31205034e-02 2.41070956e-01 8.85691762e-01 5.15132070e-01
    2.46343344e-01 9.42538321e-01 6.40521348e-01 2.28959918e-02
    9.85847056e-01 4.66135889e-01 2.94215769e-01 9.06410813e-01
    6.75694823e-01 2.60653794e-01 9.35955048e-01 6.60277665e-01
    8.04783285e-01 5.73864698e-01 5.19308448e-01 7.94282079e-01
    2.65748382e-01 1.36649966e-01 7.82099724e-01 2.41845608e-01
    8.11547041e-01 6.14761710e-02 3.17276567e-01 8.55379224e-01
    1.26252234e-01 6.94240749e-01 1.18446141e-01 8.05513561e-01
    5.22122204e-01 2.81258911e-01 7.44571030e-01 7.28504539e-01
    6.49494052e-01 4.91181046e-01 3.89587760e-01 6.97875917e-01
    2.44250119e-01 9.99088049e-01 4.14159268e-01 1.10594034e-01
    6.18792951e-01 5.03074348e-01 1.33905411e-01 8.55868042e-01
    4.67248857e-01 6.01518571e-01 2.39264458e-01 1.36328757e-01
    8.68164897e-01 7.39952624e-01 6.05233133e-01 2.46536970e-01
    8.60503793e-01 5.65517008e-01 9.48733091e-01 3.88759404e-01
    5.65694392e-01 5.18406868e-01 4.83358234e-01 2.29558468e-01 0. 0. 0.
    0. 0. 0. 0. 0. 0. 0. 0. 0. 0. 0. 0. 0. 2.73322403e-01 9.69400346e-01
    8.27735007e-01 4.90252703e-01 9.95287597e-01 7.95105398e-02
    7.87013769e-03 5.92811406e-02 7.48921633e-01 2.07743078e-01
    6.52975559e-01 4.75806922e-01 1.65757626e-01 9.38497543e-01
    4.06359702e-01 4.93347108e-01 7.88515031e-01 2.55026191e-01
    2.54629552e-02 8.49038720e-01 1.62485212e-01 8.08049798e-01
    8.89603138e-01 1.17006004e-02 1.45038307e-01 5.75370014e-01
    9.03371811e-01 5.89809418e-01 3.51498157e-01 4.49760258e-01
    5.52174449e-03 8.88188779e-02 2.63363183e-01 5.58758855e-01
    4.79960650e-01 3.48969340e-01 5.41784942e-01 1.92513674e-01
    1.04931712e-01 2.65687704e-03 5.32221317e-01 2.11233705e-01
    9.30467486e-01 6.17546260e-01 4.25601572e-01 3.15882504e-01
    3.72939736e-01 2.09455043e-01 5.42640030e-01 8.05728197e-01
    7.41985857e-01 2.99534887e-01 2.60058820e-01 9.17180657e-01
    1.56568766e-01 8.16975534e-02 6.18796468e-01 1.73926473e-01
    3.40440989e-01 3.69055867e-02 4.86636162e-02 4.97422218e-01
    2.49078393e-01 1.04218692e-01 9.62637544e-01 7.33395040e-01
    6.02161288e-01 9.71466184e-01 7.15060830e-02 1.30790263e-01
    8.55015278e-01 8.90464425e-01 7.00732112e-01 7.74233639e-01
    1.44138992e-01 2.08151788e-01 4.38182861e-01 8.54993343e-01
    3.09511781e-01 3.91791195e-01 8.27344179e-01 7.47097731e-01
    1.78681165e-01 7.35318005e-01 7.38917351e-01 3.30567062e-02
    5.33425808e-01 5.99606812e-01 2.60362625e-01 9.48517919e-01
    3.02822828e-01 2.11544871e-01 7.85987079e-01 4.37896550e-02
    2.24611580e-01 6.01688981e-01 3.30532283e-01 6.31086349e-01
    4.45924759e-01 9.32695985e-01 3.58167291e-01 4.79617089e-01
    8.10016751e-01 5.85641742e-01 8.64468217e-01 1.72570944e-01
    7.89462805e-01 5.01536012e-01 2.25560874e-01 9.19743359e-01
    4.78683561e-01 9.30615664e-02 6.71653926e-01 6.70630515e-01
    6.57441914e-02 5.71503818e-01 4.22219515e-01 6.11014366e-01
    7.37498283e-01 7.57796586e-01 4.41503227e-01 1.09516293e-01
    2.90194154e-02 9.50466752e-01 2.85266519e-01 2.20968813e-01
    4.25392032e-01 5.66236496e-01 3.09117854e-01 4.46959376e-01
    7.89074779e-01 4.70283926e-01 5.58415055e-03 7.72398114e-02
    1.66212052e-01 7.47171879e-01 6.81282520e-01 9.02369618e-01
    9.14851964e-01 3.46607000e-01 6.04264140e-01 1.58159524e-01
    1.56827867e-02 5.89755654e-01 2.42527574e-01 7.48661995e-01
    3.04735869e-01 8.10285270e-01 5.11031985e-01 9.23475742e-01
    2.89959341e-01 1.77420586e-01 6.32024586e-01 7.58377194e-01
    9.54367518e-01 2.49939412e-01 8.39384496e-02 5.45851946e-01
    7.35549986e-01 5.60182273e-01 7.47111559e-01 1.54653579e-01
    2.40738571e-01 3.14933985e-01 6.27882242e-01 5.75920999e-01
    8.98790359e-01 6.53945208e-01 1.21615678e-01 1.65856659e-01
    2.94179231e-01 7.63108134e-02 2.43446589e-01 7.04033375e-02
    5.45903683e-01 4.31555808e-01 7.15557218e-01 5.37313461e-01
    4.38757390e-01 3.22980613e-01 7.62881756e-01 1.22780144e-01
    9.08743680e-01 8.82279277e-01 9.85577703e-01 6.43862069e-01
    4.03148621e-01 3.18402588e-01 5.95211685e-02 9.40156579e-02
    7.97006011e-01 5.52370131e-01 3.98579419e-01 5.07210612e-01
    5.56500256e-01 6.73555434e-02 7.29628146e-01 8.96831632e-01
    6.10916317e-01 7.96052337e-01 7.95446754e-01 2.24350005e-01
    1.69763863e-01 5.77576816e-01 8.60607386e-01 4.15986478e-02
    5.25455356e-01 8.30178857e-01 7.13953853e-01 2.56087720e-01
    8.25886369e-01 4.81929600e-01 1.39202386e-01 5.47300577e-02
    9.42526698e-01 5.38474917e-01 3.68760943e-01 9.98553395e-01
    6.97378516e-01 1.74984306e-01 4.84288037e-01 9.84910607e-01
    8.83448482e-01 3.21384519e-01 8.28322411e-01 7.09313393e-01
    8.20904255e-01 3.39515567e-01 7.14315593e-01 4.64539975e-01
    5.58684111e-01 8.46642613e-01 8.98017943e-01 3.52454722e-01
    8.31946790e-01 9.42129433e-01 7.60789990e-01 4.29250002e-01
    5.97697496e-01 7.80206561e-01 8.63648415e-01 8.93387556e-01
    2.65994042e-01 9.17651176e-01 8.21835339e-01 2.29310304e-01
    5.18579602e-01 8.38151693e-01 7.28317380e-01 8.97253573e-01
    9.23347354e-01 8.65806937e-01 4.93606865e-01 8.11298966e-01
    3.75393122e-01 2.06467152e-01 0. 0. 0. 0. 0. 0. 0. 0. 0. 0. 0. 0. 0.
    0. 0. 0. 5.70989013e-01 8.41009617e-02 1.94381863e-01 3.13279361e-01
    1.90199852e-01 9.20460701e-01 9.12580132e-01 9.30479884e-01
    3.11623126e-01 7.65377522e-01 4.04954195e-01 4.93532628e-01
    6.10358894e-01 9.54068899e-01 7.57604837e-01 1.05671495e-01
    2.45431125e-01 7.73112595e-01 9.59733903e-01 8.51196587e-01
    3.23701203e-01 4.33659077e-01 3.74466836e-01 1.77548975e-01
    1.17639154e-01 2.81656206e-01 3.40615362e-01 8.75098467e-01
    6.86607659e-01 1.78569585e-01 2.79958606e-01 5.84957600e-02
    1.74056560e-01 7.70319462e-01 6.93172455e-01 3.70103449e-01
    2.92336822e-01 4.38803494e-01 4.54446435e-01 9.20432448e-01
    6.55327976e-01 6.33040369e-01 9.64875519e-01 9.17117417e-01
    8.62634361e-01 9.77772713e-01 8.70050907e-01 6.68602347e-01
    6.38552487e-01 2.63689548e-01 3.07746947e-01 8.72707963e-02
    7.58251429e-01 2.25901127e-01 4.55932319e-02 7.18563199e-01
    5.27438581e-01 8.36038291e-01 4.03615892e-01 5.72273016e-01
    7.84445167e-01 3.68194878e-02 5.72253942e-01 4.09818053e-01
    9.73029971e-01 5.88627458e-01 1.66966319e-01 1.98059708e-01
    4.89336312e-01 4.30714399e-01 8.60673308e-01 7.54951000e-01
    5.89021683e-01 7.37204432e-01 4.67277974e-01 2.90060401e-01
    4.90027905e-01 1.78191334e-01 1.53613567e-01 5.16346097e-02
    8.13912988e-01 5.76422572e-01 4.30044144e-01 9.00490820e-01
    3.71996522e-01 8.24785709e-01 6.21847630e-01 1.87073857e-01
    6.06181324e-01 9.53951776e-02 1.71665102e-01 3.70701909e-01
    8.34002197e-01 7.32202888e-01 5.55120051e-01 8.70743990e-01
    7.69349694e-01 1.07840002e-01 6.48310781e-01 8.31203461e-01
    1.50502026e-02 6.83457196e-01 7.54109859e-01 4.25865680e-01
    7.04402924e-02 8.74484122e-01 2.07478374e-01 5.23806632e-01
    2.93561935e-01 7.36418664e-02 4.74869132e-01 2.43675500e-01
    1.40166759e-01 1.60888404e-01 5.71621418e-01 2.47053325e-01
    3.13588649e-01 3.31628919e-02 2.60175139e-01 4.36007470e-01
    3.08585703e-01 2.50629842e-01 9.24284697e-01 5.56983829e-01
    8.71605635e-01 1.51887029e-01 8.11216831e-02 8.64068449e-01
    2.98981190e-01 7.35300243e-01 3.10888886e-01 4.55668449e-01
    8.29346418e-01 8.42260003e-01 9.28753197e-01 6.17430031e-01
    5.90916038e-01 2.26477146e-01 2.22242862e-01 2.87928224e-01
    8.05096745e-01 8.49161446e-01 1.61761731e-01 5.31839132e-01
    2.68235475e-01 6.30672932e-01 6.97312534e-01 1.17230028e-01
    1.66630030e-01 8.68291855e-02 3.88758808e-01 5.27054667e-01
    3.88470620e-01 9.96584892e-01 4.95907724e-01 6.22962594e-01
    1.10406935e-01 2.25890785e-01 8.52917552e-01 5.92476964e-01
    9.15384173e-01 7.87039161e-01 3.52318585e-01 5.27028918e-01
    1.76476806e-01 9.22822952e-01 2.84123063e-01 6.86917186e-01
    3.85125726e-01 7.52619386e-01 4.29277718e-02 3.77587974e-02
    6.47873998e-01 4.99756187e-01 2.85971165e-02 8.03438067e-01
    3.38869214e-01 3.45222354e-02 4.30851281e-02 9.57952738e-01
    1.78055555e-01 3.50608051e-01 3.80479813e-01 5.83526194e-01
    2.03539163e-01 2.15817541e-01 1.21228665e-01 2.22980320e-01
    1.64171189e-01 5.60679018e-01 7.93389320e-01 6.51071429e-01
    7.52641201e-01 4.70663488e-01 3.23666394e-01 5.82477033e-01
    4.71385390e-01 6.64145112e-01 2.32794434e-01 4.72012639e-01
    2.08560675e-01 5.49860001e-02 6.48132801e-01 5.26376426e-01
    3.52388352e-01 4.58598375e-01 8.95707905e-01 4.10231054e-02
    3.23213995e-01 3.28678906e-01 3.88785094e-01 1.36399508e-01
    1.01281375e-01 3.94110173e-01 6.11790180e-01 8.39975595e-01
    5.85225046e-01 3.09824765e-01 1.82070553e-01 9.10774589e-01
    2.50007749e-01 8.00963819e-01 4.97705340e-01 3.74063432e-01
    2.36597359e-01 1.57315254e-01 9.10845160e-01 4.81798261e-01
    3.51500303e-01 6.22192264e-01 8.34944963e-01 1.03568375e-01
    2.48090863e-01 2.53134131e-01 7.15062141e-01 9.99040484e-01
    5.79436123e-01 4.51414347e-01 3.90174121e-01 5.02115250e-01
    9.73244429e-01 9.55809832e-01 2.43529946e-01 4.40408349e-01
    4.15097356e-01 7.42522836e-01 9.86214280e-01 8.06909621e-01
    6.75613105e-01 8.80789518e-01 8.19490433e-01 8.28805566e-01
    3.97318602e-01 4.00072932e-01 3.50225806e-01 9.16437626e-01 0. 0. 0.
    0. 0. 0. 0. 0. 0. 0. 0. 0. 0. 0. 0. 0. 2.06820726e-01 6.44710422e-01
    2.65703380e-01 4.85226810e-02 9.53853130e-01 6.68822050e-01
    3.01541686e-01 3.41131836e-01 7.85089850e-01 9.73232388e-01
    5.15504301e-01 9.57357407e-01 3.74066263e-01 8.99143338e-01
    7.11575925e-01 5.48133433e-01 7.38441706e-01 6.36810362e-01
    2.72897422e-01 5.75513780e-01 1.59021169e-01 3.63190442e-01
    8.18255842e-01 6.58272982e-01 5.70865750e-01 8.14785361e-02
    5.00262797e-01 4.82288241e-01 1.19434208e-01 3.89766008e-01
    8.30320716e-01 9.48101223e-01 5.12752712e-01 4.24196422e-02
    3.95442903e-01 6.94251657e-01 5.08829176e-01 7.42214620e-02
    8.20938826e-01 7.32219696e-01 9.18363631e-02 4.23040777e-01
    3.16656947e-01 3.79982829e-01 2.62657702e-01 7.95717597e-01
    9.09580112e-01 7.50033736e-01 1.14289492e-01 9.02633250e-01
    5.23797870e-01 9.61408377e-01 6.98213041e-01 1.93213105e-01
    1.93605423e-02 4.38221812e-01 5.71376681e-02 5.87807477e-01
    3.44022989e-01 6.89999938e-01 2.40954459e-01 5.68407655e-01
    1.41825914e-01 4.13280725e-01 4.64966685e-01 5.07992506e-01
    9.49760377e-01 5.92589200e-01 8.59108388e-01 3.95301878e-02
    1.92356735e-01 7.04293489e-01 1.00986451e-01 9.46848154e-01
    6.19616270e-01 8.12509179e-01 9.96629000e-01 1.98017120e-01
    4.99253869e-01 8.69892359e-01 7.23439157e-01 7.49917328e-02
    9.47823107e-01 6.67504609e-01 5.43692708e-01 4.73091483e-01
    7.64919698e-01 6.75501466e-01 7.40855396e-01 9.43378210e-01
    2.75721669e-01 5.63536584e-01 4.90004689e-01 4.54157799e-01
    1.55014038e-01 7.43368924e-01 6.41345978e-04 7.23172605e-01
    3.34328234e-01 9.60360706e-01 3.91605824e-01 1.34493649e-01
    5.12600183e-01 3.57793331e-01 9.64082241e-01 1.84194773e-01
    8.75371516e-01 4.76824075e-01 6.37699544e-01 3.04227144e-01
    3.03448439e-01 3.56973648e-01 1.50675774e-01 8.15853000e-01
    5.14269710e-01 6.48272395e-01 2.81198978e-01 5.08536696e-02
    6.02982044e-02 6.45861864e-01 2.12401152e-02 6.09903753e-01
    2.68194377e-02 1.86989546e-01 6.99763596e-01 9.00740325e-02
    2.73836195e-01 3.10747206e-01 7.24387288e-01 2.10583866e-01
    5.75391173e-01 8.13463032e-02 4.96529520e-01 6.29315853e-01
    6.57464027e-01 6.77727938e-01 2.16314465e-01 7.42529392e-01
    3.33493084e-01 8.12894106e-01 5.94617546e-01 4.19889569e-01
    7.54632950e-01 7.03231215e-01 9.49656129e-01 8.09006810e-01
    6.18225217e-01 6.51518285e-01 4.18963969e-01 2.99384773e-01
    7.78338552e-01 3.04290473e-01 1.25760943e-01 1.85058534e-01
    7.63866305e-02 6.69191718e-01 8.84000063e-01 7.75542438e-01
    2.60651231e-01 3.87101084e-01 6.46994710e-02 5.51930010e-01
    2.82530636e-01 2.49075145e-01 8.35549831e-03 2.88585722e-01
    3.83645773e-01 8.51851642e-01 8.83071184e-01 6.38936102e-01
    2.98820436e-01 3.64333928e-01 3.72889519e-01 4.65554953e-01
    1.45472407e-01 7.77358651e-01 4.70833182e-01 3.67117226e-02
    2.93528795e-01 1.12629592e-01 3.07600975e-01 1.94165379e-01
    9.54225421e-01 7.47020543e-01 6.54624581e-01 4.80677634e-01
    8.52455020e-01 5.42134881e-01 8.54701281e-01 2.67780662e-01
    7.75092483e-01 5.57775676e-01 3.66211683e-01 1.39238387e-01
    1.64140940e-01 4.86174107e-01 2.11552888e-01 4.77297813e-01
    2.01184422e-01 1.10549420e-01 8.98253679e-01 8.53724599e-01
    2.77001858e-02 7.32246757e-01 7.68895745e-01 9.99463797e-01
    1.82006896e-01 1.05139226e-01 8.48129034e-01 7.94398785e-02
    1.16833150e-01 7.08104312e-01 7.70389318e-01 6.72606230e-01
    5.84536374e-01 2.89462030e-01 3.49050701e-01 1.55469388e-01
    8.23903918e-01 5.90277433e-01 1.01898462e-01 1.06761336e-01
    9.33313370e-02 6.35289371e-01 4.15210128e-01 3.80404294e-02
    8.50163698e-01 1.41041577e-01 8.17483902e-01 4.40453589e-02
    9.36704814e-01 3.77261698e-01 8.93175125e-01 4.83654529e-01
    5.27445018e-01 8.03153694e-01 8.64714086e-01 6.32182419e-01
    8.11598420e-01 5.12747645e-01 4.11390007e-01 2.12410033e-01
    2.40076095e-01 3.04311574e-01 8.92563045e-01 8.20085049e-01
    2.24584937e-01 7.64568806e-01 9.36834216e-01 1.69434041e-01
    9.02138948e-01 7.92940497e-01 3.30424249e-01 9.42364454e-01
    2.49061495e-01 8.57157707e-01 0. 0. 0. 0. 0. 0. 0. 0. 0. 0. 0. 0. 0.
    0. 0. 0. 3.13069820e-01 5.90293884e-01 4.60311979e-01 4.63686913e-01
    4.56742644e-02 5.68767548e-01 1.73609644e-01 5.11122942e-01
    8.47095251e-01 4.37223047e-01 4.75518405e-02 6.16350174e-01
    3.01854849e-01 2.08076835e-01 6.21554017e-01 3.71502042e-01
    1.20668620e-01 8.77688229e-01 5.06743252e-01 2.20788985e-01
    4.95515585e-01 9.67768073e-01 4.44438040e-01 4.31543499e-01
    6.08537734e-01 3.30894113e-01 8.46809506e-01 9.39412832e-01
    8.97642851e-01 6.86987042e-01 1.44807428e-01 4.94428307e-01
    7.54523158e-01 1.35396510e-01 3.61253321e-02 3.65039349e-01
    1.91148996e-01 2.27146387e-01 9.14194822e-01 4.87025112e-01
    9.37100768e-01 2.49601573e-01 3.07799935e-01 6.50669754e-01
    8.80530238e-01 7.40643203e-01 1.85997427e-01 5.52399278e-01
    9.74415064e-01 2.71605790e-01 1.83482587e-01 1.19218260e-01
    3.90610129e-01 5.92671037e-01 6.78654015e-02 8.07866991e-01
    8.76606524e-01 4.28229332e-01 3.90791088e-01 3.18841577e-01
    8.69425356e-01 3.55607808e-01 5.59836388e-01 8.31887901e-01
    9.94049072e-01 4.29879457e-01 2.08671689e-02 5.00917792e-01
    6.55977845e-01 4.96443182e-01 8.01961899e-01 2.12275803e-01
    1.95468962e-01 5.00543594e-01 4.83781427e-01 2.06160247e-01
    4.55296308e-01 3.20990503e-01 1.35982394e-01 5.07966161e-01
    3.05799961e-01 2.78315306e-01 2.27763623e-01 7.36834407e-01
    4.52276468e-02 2.24800467e-01 7.49081492e-01 5.36285520e-01
    3.06302786e-01 3.13251197e-01 3.65950555e-01 2.36308873e-02
    4.73505139e-01 6.40407622e-01 3.49770576e-01 7.65072942e-01
    9.05352890e-01 1.47482842e-01 9.16675687e-01 1.90721571e-01
    6.70722127e-01 3.82191807e-01 1.20595485e-01 6.51466012e-01
    9.40933824e-01 1.49635762e-01 6.53200865e-01 2.43096709e-01
    3.69033277e-01 2.62808472e-01 6.75898910e-01 6.47925198e-01
    5.66303909e-01 6.24690950e-01 1.14936233e-02 3.52448493e-01
    4.69809771e-03 1.30114853e-01 5.45563698e-02 7.15003133e-01
    9.68439877e-02 4.17427689e-01 1.80533230e-02 2.48769015e-01
    7.50620961e-01 6.40696526e-01 1.23826921e-01 3.48469853e-01
    4.49184090e-01 1.96069002e-01 6.66440725e-02 1.15978301e-01
    4.84037876e-01 7.29648471e-01 4.32696819e-01 7.35707223e-01
    8.77288163e-01 5.72968066e-01 1.41324610e-01 3.92380506e-01
    7.04267859e-01 9.41273808e-01 6.94986522e-01 7.58423030e-01
    1.51764452e-01 7.41470873e-01 5.07210016e-01 1.40413165e-01
    3.48483205e-01 6.24616861e-01 3.63746047e-01 4.39907461e-01
    7.83339798e-01 6.84695542e-01 2.23099530e-01 7.98040152e-01
    5.66481471e-01 5.07253230e-01 3.33577275e-01 2.04958409e-01
    2.42380828e-01 8.94557655e-01 8.53544116e-01 6.39672041e-01
    5.73842943e-01 2.87548184e-01 3.55551660e-01 7.53705382e-01
    4.43308860e-01 9.24587965e-01 3.80873859e-01 3.28433037e-01
    6.83208466e-01 1.63868785e-01 4.81682003e-01 4.62346226e-01
    8.39307189e-01 7.47682154e-02 4.80993629e-01 8.96854103e-02
    4.04766709e-01 1.18012458e-01 1.91330642e-01 4.82592285e-02
    4.98732775e-01 1.30436867e-01 1.29279464e-01 1.73247755e-01
    2.46047080e-02 3.84029955e-01 9.59636688e-01 1.45004123e-01
    4.02303457e-01 3.45328540e-01 1.97367191e-01 2.56338477e-01
    5.45461953e-01 7.33255088e-01 1.83884114e-01 6.18307710e-01
    1.22939885e-01 7.13250518e-01 2.28680700e-01 9.29739177e-01
    2.37560451e-01 7.32477307e-02 5.59355140e-01 9.13728297e-01
    5.59502006e-01 7.66827822e-01 1.23094022e-01 8.89834762e-01
    5.98279953e-01 2.18920499e-01 4.51821446e-01 1.84498310e-01
    1.85114622e-01 4.62729156e-01 4.75634634e-02 1.37367517e-01
    9.07997489e-01 7.36845016e-01 4.97556031e-02 2.41919190e-01
    1.95673674e-01 8.67312193e-01 2.89645016e-01 9.52873945e-01
    3.09491813e-01 5.06089926e-01 3.68269265e-01 8.09565306e-01
    6.29120469e-01 7.36857057e-02 9.45337057e-01 3.12040061e-01
    1.94533169e-02 4.35772717e-01 6.09113574e-01 1.74696058e-01
    2.22674191e-01 1.53519690e-01 3.28928232e-01 7.16212034e-01
    1.38756007e-01 8.18247914e-01 6.57917261e-01 9.20310736e-01
    3.33201289e-02 6.67031229e-01 5.91144860e-02 1.76152319e-01
    7.80187607e-01 3.23481083e-01 8.37193608e-01 8.94951820e-01 0. 0. 0.
    0. 0. 0. 0. 0. 0. 0. 0. 0. 0. 0. 0. 0. 7.48465896e-01 1.59639776e-01
    2.99046397e-01 5.07409692e-01 4.01338398e-01 5.39716363e-01
    3.86159122e-01 2.48329699e-01 5.59135497e-01 8.68516207e-01
    9.91875052e-01 8.03048253e-01 2.11714149e-01 8.02946746e-01
    2.98061013e-01 9.99147892e-01 5.42912185e-01 5.87353051e-01
    7.34891891e-02 3.09666514e-01 4.75007445e-01 2.82139003e-01
    1.21710300e-02 8.99296463e-01 1.24687254e-01 8.01197529e-01
    5.62267303e-02 3.38851511e-01 7.47593939e-02 8.34015012e-01
    7.42859125e-01 9.87324357e-01 6.29423797e-01 2.47168958e-01
    2.69700944e-01 2.13919461e-01 5.42357087e-01 6.09644175e-01
    1.21011704e-01 1.70722157e-01 4.06776994e-01 9.57309425e-01
    7.95887589e-01 9.09983754e-01 6.21877849e-01 7.92905390e-02
    5.84424198e-01 3.27890933e-01 3.06435943e-01 3.19891751e-01
    7.00913548e-01 7.50095427e-01 9.12540317e-01 5.44849634e-01
    8.51579010e-02 3.07953417e-01 9.51526940e-01 9.13259387e-01
    8.80875587e-02 6.98902071e-01 1.41601086e-01 7.57591248e-01
    8.36931527e-01 6.60116613e-01 5.57005286e-01 5.37238598e-01
    3.55738401e-01 3.75460863e-01 3.79058033e-01 4.21128124e-01
    4.71966654e-01 1.21697366e-01 8.15184116e-01 2.81187236e-01
    7.04711676e-02 4.48469132e-01 3.90112281e-01 2.76663929e-01
    5.02780020e-01 2.23001629e-01 9.91710067e-01 7.49976695e-01
    2.70269513e-01 2.71494448e-01 7.92886972e-01 7.65965462e-01
    4.28059191e-01 5.55022418e-01 3.89213145e-01 4.71055448e-01
    5.55947840e-01 5.95533729e-01 4.97664273e-01 7.87680030e-01
    1.02992773e-01 6.86754823e-01 7.96789646e-01 8.04989219e-01
    3.30811262e-01 5.29959023e-01 3.76124978e-01 6.67367160e-01
    9.82640266e-01 8.79338503e-01 1.77657813e-01 3.69160950e-01
    2.34306753e-02 1.34930491e-01 3.05945456e-01 2.28782415e-01
    8.61999273e-01 1.40601367e-01 2.95233071e-01 1.93482459e-01
    9.16815996e-01 3.71299326e-01 2.69545257e-01 9.24565554e-01
    2.61647701e-01 6.56321466e-01 9.53985929e-01 4.37554926e-01
    9.08509016e-01 6.72269285e-01 7.93616772e-01 3.42613399e-01
    7.66260087e-01 5.21794260e-02 6.44913018e-02 1.32322907e-02
    2.34764516e-01 6.22926474e-01 5.48317134e-02 8.81565392e-01
    4.99992937e-01 6.80903792e-01 4.11671519e-01 2.69306690e-01
    7.43141353e-01 6.35248721e-01 1.49808049e-01 9.68079090e-01
    6.54999733e-01 7.54634142e-01 3.31552386e-01 8.68167341e-01
    3.56284410e-01 2.46389866e-01 4.98418987e-01 6.83756351e-01
    7.10571527e-01 3.09374213e-01 3.54186177e-01 2.10336089e-01
    8.29704642e-01 9.22850966e-01 7.77095973e-01 6.31901383e-01
    6.29940391e-01 3.18710029e-01 9.37996686e-01 8.70251894e-01
    1.56293422e-01 6.20728493e-01 8.74045610e-01 7.13015199e-01
    7.10119665e-01 3.58580947e-02 2.39066571e-01 2.51707435e-02
    6.77670658e-01 7.77930975e-01 1.21731728e-01 7.66633213e-01
    2.69033939e-01 1.67491972e-01 3.03693652e-01 5.05813003e-01
    7.15425253e-01 8.04935336e-01 9.62111712e-01 4.63836133e-01
    5.62057018e-01 7.08793819e-01 4.96379107e-01 2.53880739e-01
    7.26179361e-01 1.94781542e-01 7.95436859e-01 3.55830610e-01
    7.93189645e-01 3.08232695e-01 3.06661785e-01 6.27459586e-01
    4.04068768e-01 7.04829812e-01 3.74232650e-01 2.66817272e-01
    1.20027393e-01 2.54594982e-01 6.86082780e-01 5.32253802e-01
    3.92039716e-01 5.23095727e-01 3.15714300e-01 5.44570208e-01
    6.12525105e-01 4.08018261e-01 2.75170803e-03 2.81106055e-01
    3.49509001e-01 4.08581734e-01 2.43348777e-02 5.54477215e-01
    2.78891742e-01 7.83325076e-01 6.37999475e-01 5.83258092e-01
    1.47410393e-01 9.40724909e-02 3.61380279e-02 6.39529765e-01
    8.38316441e-01 2.53342807e-01 9.18350220e-02 7.81898022e-01
    6.97526455e-01 2.47202933e-01 9.85379398e-01 6.59340620e-02
    3.20180863e-01 7.79746771e-01 3.86794358e-01 1.19706452e-01
    4.73773599e-01 9.14055109e-01 1.81382984e-01 9.46124196e-01
    2.22418755e-01 6.17137849e-02 8.22518468e-01 2.01813757e-01
    9.33765054e-01 2.26022989e-01 5.35661340e-01 8.50263298e-01
    3.39205325e-01 8.00678730e-02 9.04719949e-01 6.47271514e-01
    4.85560596e-01 1.72316760e-01 2.06487745e-01 6.49033070e-01
    5.53254366e-01 2.90392458e-01 0. 0. 0. 0. 0. 0. 0. 0. 0. 0. 0. 0. 0.
    0. 0. 0. 3.73007834e-01 8.00197780e-01 6.35091066e-02 3.45492363e-03
    7.65793443e-01 4.97892290e-01 8.31135511e-01 1.11661553e-01
    5.66184700e-01 6.22857213e-01 8.08655381e-01 8.99992883e-02
    5.50359964e-01 1.15035623e-01 8.06017041e-01 3.52928042e-02
    8.06301951e-01 2.66105115e-01 7.27578402e-01 9.93740678e-01
    8.21614921e-01 3.55099261e-01 3.43582273e-01 7.01498270e-01
    8.97582114e-01 9.36172724e-01 5.14045358e-02 6.96473479e-01
    6.57001317e-01 7.36245692e-01 8.33594084e-01 8.68663192e-03
    4.24793333e-01 9.28238869e-01 9.62463140e-01 7.95396924e-01
    5.21876812e-02 3.27471495e-01 6.23950660e-02 6.54809117e-01
    6.39347315e-01 2.73849547e-01 7.27519393e-01 2.59999931e-01
    1.83022648e-01 7.05836952e-01 3.66956234e-01 3.62717658e-01
    1.38433635e-01 3.04666638e-01 3.52155149e-01 8.52566004e-01
    5.17849207e-01 3.49840224e-01 6.28094375e-02 9.04426217e-01
    6.98689222e-02 9.19813633e-01 4.67276722e-01 1.77254856e-01
    6.73478127e-01 4.86277103e-01 6.28080845e-01 6.38687968e-01
    6.38810396e-01 6.85274422e-01 9.14562345e-01 4.75126088e-01
    6.64500773e-01 4.52324778e-01 4.23870057e-01 4.73659664e-01
    1.55045122e-01 8.55983734e-01 5.14950275e-01 8.11744332e-01
    7.76949525e-01 2.17319578e-01 2.03294188e-01 7.19765067e-01
    8.99037838e-01 4.82520103e-01 2.35209703e-01 5.88905692e-01
    3.60104442e-03 8.56230736e-01 8.61020803e-01 6.72915757e-01
    1.49898440e-01 8.60262334e-01 3.33238602e-01 3.54367405e-01
    3.48254740e-01 6.41793370e-01 4.92007852e-01 6.10449314e-01
    8.43872547e-01 6.31886125e-02 1.28813803e-01 2.39328086e-01
    7.83592820e-01 9.06382322e-01 7.02226520e-01 3.13415110e-01
    5.12795389e-01 8.04293394e-01 6.21359050e-02 1.38457954e-01
    2.15706825e-01 2.53692627e-01 7.12576747e-01 4.90169793e-01
    3.12359154e-01 8.26424718e-01 8.12367320e-01 7.70881474e-01
    1.30793244e-01 9.76029038e-01 5.71942210e-01 1.05018169e-01
    5.21598697e-01 8.26993108e-01 3.86871696e-01 3.42785060e-01
    9.57991838e-01 6.53271735e-01 9.43417907e-01 9.74566579e-01
    5.47132015e-01 4.94567961e-01 7.05723345e-01 6.12870455e-01
    1.54511124e-01 2.43177265e-01 7.96769977e-01 4.54561681e-01
    5.25232613e-01 2.65323997e-01 1.09417945e-01 9.77538347e-01
    3.39594841e-01 5.15925527e-01 3.50904346e-01 7.96002984e-01
    1.34723902e-01 9.85717177e-02 9.96842742e-01 7.47547746e-01
    1.52214229e-01 1.55996054e-01 2.29582548e-01 8.08586717e-01
    6.83699608e-01 6.83759391e-01 4.85808313e-01 1.01857245e-01
    2.41531461e-01 2.11831272e-01 2.86717445e-01 8.59540701e-01
    8.66006494e-01 4.75060433e-01 5.17151594e-01 3.81975234e-01
    2.71536112e-02 4.95649040e-01 4.10445929e-01 8.98248911e-01
    1.89402997e-01 7.71062732e-01 7.67276943e-01 9.42155421e-01
    8.94770503e-01 2.67472863e-03 3.95931184e-01 3.82644832e-02
    5.77868581e-01 9.10813451e-01 5.58786035e-01 6.52275383e-01
    7.73383558e-01 2.99544662e-01 9.88568544e-01 8.84623289e-01
    3.73881072e-01 4.50661778e-03 6.60046816e-01 2.92904794e-01
    2.37201869e-01 1.67717785e-01 2.63674259e-01 2.48980403e-01
    5.14160454e-01 6.93572998e-01 2.77420878e-02 7.05137432e-01
    5.94368935e-01 5.86700678e-01 5.47467768e-02 6.78252578e-01
    4.74720478e-01 3.92704010e-01 6.59923375e-01 9.68306422e-01
    6.14342093e-02 6.10302389e-01 7.75264919e-01 1.47855073e-01
    2.23074555e-02 5.34197390e-01 9.23647165e-01 5.70377231e-01
    7.86816955e-01 1.29478008e-01 9.76237237e-01 8.78772736e-01
    6.90459013e-01 5.68694055e-01 8.95621538e-01 6.98628187e-01
    1.53585315e-01 6.97582364e-02 2.06255764e-01 1.74547732e-01
    6.05824351e-01 4.48315471e-01 8.26580882e-01 2.74873734e-01
    6.26347721e-01 8.55035961e-01 3.16881925e-01 8.07132065e-01
    7.85455823e-01 8.09125781e-01 6.48894846e-01 4.31593567e-01
    3.99962664e-01 3.14943224e-01 4.63882297e-01 5.82066059e-01
    7.09568262e-02 2.26836503e-01 7.47964382e-02 6.74561560e-02
    9.78955626e-02 2.52289832e-01 2.80714035e-03 9.48470175e-01
    6.86531365e-01 2.84412026e-01 4.83263582e-01 8.96143913e-01
    7.82464862e-01 8.67596149e-01 1.43226117e-01 8.30946922e-01 0. 0. 0.
    0. 0. 0. 0. 0. 0. 0. 0. 0. 0. 0. 0. 0. 5.57602286e-01 7.76303113e-02
    5.81285775e-01 9.31721330e-01 3.75802517e-01 3.92297029e-01
    1.90504938e-01 2.42641419e-01 6.22101307e-01 3.39781821e-01
    8.78416061e-01 7.38938272e-01 2.34581918e-01 8.17121506e-01
    1.51468486e-01 7.39891410e-01 6.77834332e-01 3.35015029e-01
    6.40454471e-01 4.08350796e-01 9.02466178e-01 8.35470915e-01
    3.92322421e-01 3.88514012e-01 8.80085707e-01 3.94346774e-01
    8.39243531e-01 9.01838303e-01 7.07385063e-01 8.91803801e-01
    7.34368682e-01 9.14325595e-01 3.71590018e-01 7.18090355e-01
    1.98354751e-01 7.89484441e-01 2.58399069e-01 9.03227925e-03
    4.55670476e-01 7.12269545e-01 1.94253504e-01 9.17110145e-01
    8.46977472e-01 8.99952531e-01 3.85312885e-01 9.84555304e-01
    7.22083271e-01 9.69904423e-01 4.06179786e-01 7.34536171e-01
    9.14541602e-01 9.33076560e-01 8.60482574e-01 5.40143669e-01
    9.70631480e-01 6.11985922e-01 7.74673820e-01 6.16748452e-01
    9.56915498e-01 7.57304609e-01 2.55995840e-01 8.82041097e-01
    7.18947351e-02 8.50042701e-03 6.22487962e-01 5.69744766e-01
    3.73506248e-02 9.52269912e-01 4.74222004e-02 4.84818012e-01
    4.11153138e-01 3.24321806e-01 8.86148810e-01 4.78347361e-01
    5.64468265e-01 4.52626646e-01 6.86947107e-01 9.11532044e-02
    9.71630454e-01 5.19014120e-01 2.02515900e-01 1.52740061e-01
    6.10498786e-02 9.59783912e-01 6.56997919e-01 1.21697217e-01
    8.31177235e-01 4.00522649e-02 6.02723658e-01 1.77426904e-01
    4.54656899e-01 7.47459233e-01 9.05461073e-01 2.28584707e-01
    4.41182852e-01 4.47092146e-01 9.12780225e-01 6.20084286e-01
    5.50375998e-01 1.40616536e-01 7.04346895e-01 1.43118143e-01
    6.81335390e-01 2.90546417e-02 3.54979932e-01 8.36258769e-01
    9.48632956e-02 1.34121925e-01 9.14673328e-01 8.62651110e-01
    3.43757749e-01 3.25065047e-01 6.94313467e-01 2.35879630e-01
    2.05212265e-01 6.36627078e-01 4.47985530e-03 7.09255695e-01
    5.25438547e-01 3.49521130e-01 1.23974115e-01 4.33869660e-02
    8.55011046e-01 4.04112935e-01 1.58507973e-01 1.36524677e-01
    5.46914339e-01 6.65100217e-02 5.32064557e-01 5.57952523e-01
    7.46198595e-01 7.67585754e-01 8.19271684e-01 1.01655930e-01
    9.46680546e-01 8.06003332e-01 8.07105184e-01 6.82109594e-01
    1.49621874e-01 3.46863925e-01 8.91536713e-01 3.48765135e-01
    9.51114655e-01 8.47328603e-01 4.80931133e-01 1.02576643e-01
    5.85145593e-01 2.62787849e-01 5.47926962e-01 8.72186542e-01
    8.79149079e-01 3.28705639e-01 7.99018919e-01 4.22773361e-02
    3.23265791e-02 3.07377219e-01 8.77125025e-01 8.25542331e-01
    9.06600058e-02 3.29018891e-01 7.17319191e-01 5.21553755e-01
    8.80692720e-01 5.23338079e-01 6.45549417e-01 2.55819261e-01
    4.84216779e-01 3.24105740e-01 2.42683887e-02 8.61872435e-02
    8.96451175e-02 3.66388261e-02 3.45940739e-01 1.76415771e-01
    8.64619017e-01 7.35116303e-01 3.55460137e-01 5.03766179e-01
    5.89130461e-01 8.28934908e-01 8.36097717e-01 6.22038007e-01
    4.41981614e-01 1.32860422e-01 3.61731678e-01 6.06117487e-01
    5.22336066e-02 3.77124488e-01 1.70655042e-01 3.67417395e-01
    4.40231115e-01 6.13641322e-01 9.02212262e-01 3.57184350e-01
    5.59953034e-01 1.99133158e-03 3.07259500e-01 6.49542570e-01
    8.19506526e-01 8.83197069e-01 9.40263987e-01 4.26346064e-01
    4.57784981e-01 1.78337008e-01 4.78860408e-01 1.68787807e-01
    7.43961811e-01 2.73039341e-01 2.55791932e-01 6.88962162e-01
    1.36280030e-01 6.88813925e-02 5.83304584e-01 5.17424345e-01
    1.30919009e-01 4.18988228e-01 2.36661255e-01 7.53866673e-01
    4.64849234e-01 5.97564518e-01 2.29022771e-01 2.18137085e-01
    5.14173388e-01 1.81293935e-01 1.80955023e-01 5.51691532e-01
    3.64402533e-01 9.74144697e-01 4.98265862e-01 9.90154564e-01
    9.94218946e-01 4.04246092e-01 6.54974222e-01 9.28786457e-01
    8.71932030e-01 5.19691944e-01 1.75011069e-01 2.13399172e-01
    7.71701038e-02 6.41644120e-01 3.50767434e-01 1.09409422e-01
    3.79671156e-01 2.20742822e-03 6.11594558e-01 3.33913594e-01
    9.92534637e-01 9.81033802e-01 3.23655367e-01 1.80960506e-01
    3.17984819e-01 5.90161920e-01 9.35907960e-01 2.82371342e-01
    4.43579018e-01 7.38372028e-01 0. 0. 0. 0. 0. 0. 0. 0. 0. 0. 0. 0. 0.
    0. 0. 0. 5.15947640e-02 5.83162606e-01 6.45066142e-01 1.87008351e-01
    7.81380594e-01 5.65577447e-02 8.96506608e-02 3.51684391e-02
    2.70552039e-01 4.39187407e-01 5.61071992e-01 8.15087557e-03
    4.72437233e-01 2.59606153e-01 3.76386344e-01 6.66449785e-01
    8.84883404e-01 6.72158420e-01 1.48256123e-02 5.83330929e-01
    3.61978084e-01 2.47532517e-01 2.44559050e-01 7.99508989e-02
    7.96677470e-01 7.72444069e-01 2.66138107e-01 7.76380956e-01
    5.96800447e-02 6.82579875e-01 6.65288210e-01 6.48643970e-02
    9.73838270e-02 3.76106173e-01 5.20865381e-01 3.55738133e-01
    9.73483801e-01 4.12063867e-01 5.34515321e-01 6.34149492e-01
    7.22913742e-02 1.80814415e-01 4.07108098e-01 7.16846704e-01
    1.34871513e-01 5.80908239e-01 5.36910057e-01 8.83171916e-01
    7.86592484e-01 9.49826479e-01 2.48019427e-01 6.21373415e-01
    1.65851951e-01 2.17342705e-01 7.51055479e-02 4.67559993e-02
    9.22764242e-02 2.50426948e-01 3.51745665e-01 8.76985967e-01
    1.46283388e-01 4.82508510e-01 9.20790076e-01 9.18660879e-01
    7.04568028e-01 2.73770243e-01 2.93795466e-01 4.29955900e-01
    7.43106484e-01 7.29480445e-01 7.13799775e-01 2.83969313e-01
    7.55595148e-01 5.03642678e-01 8.48142147e-01 3.31555903e-02
    8.10993910e-01 5.04972041e-01 1.42571747e-01 8.89531374e-02
    1.85679138e-01 3.77481937e-01 9.14496422e-01 6.02113962e-01
    9.70027983e-01 8.52158308e-01 8.00534844e-01 8.85647178e-01
    3.34999472e-01 8.53016615e-01 8.19384158e-01 6.58668876e-01
    3.42502773e-01 2.31327742e-01 5.56687713e-01 9.44076180e-01
    6.67601824e-02 2.98274696e-01 2.51218915e-01 6.28769457e-01
    1.12721086e-01 5.85181534e-01 6.36121929e-02 8.47377837e-01
    1.42674595e-01 2.97962070e-01 3.94524515e-01 6.95326388e-01
    6.50460064e-01 1.54438853e-01 2.12024570e-01 3.30857337e-02
    4.24410641e-01 5.36656737e-01 3.78688872e-01 5.81842721e-01
    9.95880723e-01 5.77337444e-02 8.16182733e-01 6.55332804e-01
    8.26873064e-01 4.78764087e-01 8.78702998e-01 4.16720599e-01
    1.35026067e-01 3.29548061e-01 8.12863231e-01 3.05811524e-01
    5.77056468e-01 5.80205917e-01 2.87645429e-01 8.44699621e-01
    6.33126974e-01 2.83257425e-01 8.64365101e-01 7.38738716e-01
    3.01431030e-01 7.01364398e-01 1.00014687e-01 7.82663345e-01
    2.57387519e-01 3.51443231e-01 1.72076046e-01 3.68041813e-01
    4.43418622e-01 9.71393943e-01 6.05032861e-01 1.27278268e-01
    6.62797570e-01 5.90455294e-01 8.89738202e-01 3.27790648e-01
    8.86017442e-01 3.36406648e-01 6.76146090e-01 4.44905251e-01
    1.81308806e-01 8.30657959e-01 6.64572477e-01 6.32910371e-01
    8.57896090e-01 2.85489321e-01 1.64425284e-01 1.11874938e-02
    1.76064134e-01 7.65558004e-01 5.07198215e-01 5.92897356e-01
    1.50607824e-01 3.21396828e-01 9.74886775e-01 3.81321430e-01
    8.53543460e-01 8.70561838e-01 3.83302033e-01 8.41757536e-01
    6.74883127e-01 7.32703209e-02 7.33532667e-01 9.35286582e-02
    5.75927258e-01 7.63120055e-02 1.51877701e-02 8.17364156e-01
    9.69486117e-01 5.35045505e-01 8.90739262e-01 3.12269539e-01
    8.82235110e-01 8.68649602e-01 6.28136992e-01 8.89297962e-01
    7.64027238e-01 2.65986592e-01 1.74030453e-01 3.08572173e-01
    6.01327419e-02 8.17602813e-01 5.79575300e-02 2.93603539e-03
    4.76971567e-01 5.81688821e-01 8.36398005e-01 4.15744185e-01
    6.49753213e-01 7.78959632e-01 4.40859079e-01 4.12579566e-01
    5.06831050e-01 7.35478282e-01 8.36601138e-01 1.03780210e-01
    3.87824953e-01 2.51914918e-01 4.53707516e-01 9.66454864e-01
    5.30668080e-01 4.72249866e-01 8.63103867e-02 5.90728045e-01
    2.53909647e-01 3.93275738e-01 4.75306094e-01 3.21009994e-01
    9.41181183e-01 7.56529093e-01 6.82806075e-01 6.68770552e-01
    1.10683233e-01 3.15677404e-01 2.72509754e-02 7.13710010e-01
    7.07922816e-01 5.11864603e-01 7.97010899e-01 7.48368621e-01
    6.76542580e-01 8.21778417e-01 6.86845720e-01 7.86550462e-01
    1.39382362e-01 2.42721140e-02 5.95683396e-01 1.14506841e-01
    6.15519047e-01 2.81948507e-01 7.45061457e-01 7.50957549e-01
    1.93786293e-01 8.30554128e-01 8.35349202e-01 5.01267612e-01
    8.82939458e-01 8.50399017e-01 7.47915804e-02 6.74695253e-01 0. 0. 0.
    0. 0. 0. 0. 0. 0. 0. 0. 0. 0. 0. 0. 0. 6.04796052e-01 4.08529639e-01
    7.76973665e-01 7.75219440e-01 5.96865952e-01 3.56860489e-01
    6.62010968e-01 9.87982035e-01 6.55171216e-01 2.83500314e-01
    7.52176404e-01 1.44625902e-01 5.99853814e-01 8.37185264e-01
    4.41033453e-01 6.26726627e-01 7.36770272e-01 9.74207759e-01
    8.85309219e-01 2.22532719e-01 3.64205867e-01 8.96350920e-01
    1.11864060e-01 1.70125723e-01 9.18505669e-01 9.71041679e-01
    2.64137596e-01 8.45747471e-01 1.10624194e-01 3.56374919e-01
    6.82960749e-01 9.68371034e-01 1.50439620e-01 4.59760904e-01
    7.13921845e-01 1.75950438e-01 4.42698777e-01 7.93053985e-01
    5.08453071e-01 9.03158665e-01 3.29150945e-01 3.75507891e-01
    9.86139178e-01 1.36976480e-01 7.99446285e-01 3.36043447e-01
    9.33802009e-01 2.95225948e-01 8.90680313e-01 6.47967994e-01
    1.60602659e-01 5.92263162e-01 5.09647727e-01 1.23677880e-01
    8.73860002e-01 2.81336010e-01 6.36561751e-01 9.82674062e-02
    1.53296351e-01 5.53611755e-01 4.53719974e-01 7.67526746e-01
    5.56811929e-01 5.93250394e-01 5.23342669e-01 4.60673422e-01
    6.03400707e-01 8.87858808e-01 9.52067196e-01 3.45061243e-01
    6.50843203e-01 6.59762084e-01 1.69307232e-01 5.51063895e-01
    4.34871614e-01 1.36242807e-01 6.48761630e-01 6.49858356e-01
    7.78745294e-01 2.32198834e-02 3.63676786e-01 1.10136807e-01
    1.04470253e-02 3.69187355e-01 7.33315945e-01 8.74844491e-01
    9.89701211e-01 1.66869432e-01 4.67173249e-01 3.60624790e-01
    9.04081225e-01 1.06000751e-01 2.16534853e-01 6.17297590e-01
    9.03059721e-01 5.06646514e-01 3.48910183e-01 1.54847980e-01
    9.63283241e-01 2.06885099e-01 6.49259031e-01 1.65504277e-01
    2.37829238e-01 5.72304547e-01 8.20689082e-01 9.60387230e-01
    4.81160581e-02 1.41824484e-02 7.12942064e-01 6.96769357e-02
    3.18327725e-01 4.71383333e-02 9.23967183e-01 3.39720547e-01
    2.08608419e-01 7.42802680e-01 2.60343909e-01 4.29598629e-01
    3.84803981e-01 5.37809491e-01 1.41458392e-01 2.59714991e-01
    1.21533096e-01 8.89420509e-02 3.85970324e-01 8.33612680e-03
    4.34246033e-01 7.52232492e-01 7.97212481e-01 4.83423769e-02
    7.69075453e-01 2.29972064e-01 4.08702374e-01 3.95315737e-01
    2.10209608e-01 9.98276472e-01 8.94403636e-01 5.64672649e-01
    1.99011803e-01 5.37348449e-01 1.61506176e-01 4.71762329e-01
    9.87929463e-01 2.02899188e-01 7.47882724e-02 3.05395782e-01
    2.72271007e-01 7.17300534e-01 7.87144482e-01 4.06999260e-01
    6.62004054e-01 8.00286770e-01 4.70874429e-01 4.93098229e-01
    5.21630108e-01 7.85993457e-01 9.92301345e-01 2.27677733e-01
    2.07151413e-01 4.17950928e-01 8.99449885e-02 2.70920098e-01
    9.99397159e-01 9.34135318e-02 8.89579892e-01 9.34465468e-01
    9.51825321e-01 5.47402620e-01 5.08881211e-01 8.16406250e-01
    3.11284721e-01 2.89769769e-02 4.87327844e-01 4.83283937e-01
    5.28211832e-01 4.82946366e-01 6.51476026e-01 5.85114598e-01
    3.45981836e-01 1.88976169e-01 3.49672377e-01 1.23581707e-01
    1.17935628e-01 7.57194996e-01 5.51131785e-01 8.75785351e-02
    6.51919186e-01 3.57958257e-01 2.53074288e-01 7.40356088e-01
    2.88379669e-01 2.13959694e-01 7.84670711e-01 2.38215208e-01
    6.30195498e-01 5.05172014e-01 4.40983266e-01 3.36193621e-01
    2.75492549e-01 6.01181090e-02 3.62567067e-01 5.11206210e-01
    3.30815881e-01 2.54096389e-01 3.39164019e-01 2.75774300e-01
    3.87673676e-02 4.14937198e-01 2.80762911e-01 2.57807195e-01
    6.77271068e-01 3.94943565e-01 3.15602720e-02 7.99973130e-01
    7.80493498e-01 5.79870760e-01 8.04513812e-01 7.13118434e-01
    1.05493456e-01 1.51348263e-01 3.27100933e-01 6.74675643e-01
    4.17713702e-01 8.63566399e-01 4.74712849e-01 2.74650156e-01
    9.15254831e-01 9.64080930e-01 8.85124862e-01 7.63560712e-01
    5.61365426e-01 4.62978601e-01 3.26511264e-03 2.00909287e-01
    9.93564427e-02 5.38808882e-01 6.68434381e-01 4.17136252e-01
    2.10012436e-01 2.75986612e-01 9.12031293e-01 2.08915561e-01
    8.40775847e-01 8.99270177e-02 5.11232495e-01 8.61871123e-01
    6.04904115e-01 9.79694307e-01 8.50462556e-01 1.15510345e-01
    6.90539241e-01 1.98349506e-01 8.82014394e-01 2.45058030e-01
    9.13869500e-01 2.52843142e-01 0. 0. 0. 0. 0. 0. 0. 0. 0. 0. 0. 0. 0.
    0. 0. 0. 6.43414855e-01 9.45496321e-01 9.47507024e-01 4.03282374e-01
    9.34900641e-01 4.89713639e-01 3.36602747e-01 9.74083364e-01
    1.40707493e-01 1.42766178e-01 5.43582499e-01 1.42661154e-01
    2.91581273e-01 6.07980490e-01 4.86420006e-01 1.96137398e-01
    2.60401666e-01 9.50499117e-01 2.29012311e-01 5.90236962e-01
    8.86442304e-01 5.78334033e-01 4.32568669e-01 5.72076321e-01
    8.10320318e-01 2.42201239e-01 6.88751161e-01 2.36123651e-01
    5.62774837e-01 6.65126264e-01 8.75344276e-02 1.39774710e-01
    5.99790335e-01 3.45171571e-01 1.08547807e-01 3.04356605e-01
    6.48873031e-01 1.03373915e-01 6.81078494e-01 5.43236017e-01
    9.11708832e-01 1.35848850e-01 4.43668157e-01 9.19796348e-01
    4.73883212e-01 6.41104639e-01 4.17316735e-01 2.05228627e-01
    6.88616753e-01 9.72203135e-01 3.01550508e-01 1.62400872e-01
    9.46396768e-01 7.95660913e-02 4.87361610e-01 6.79423213e-01
    7.09030807e-01 7.22807407e-01 9.48309302e-01 1.00794435e-02
    4.76699948e-01 6.15510821e-01 3.98447692e-01 7.24857450e-01
    7.72337794e-01 7.14166999e-01 3.23727131e-02 2.10152030e-01
    9.15504575e-01 3.67679894e-01 1.89500719e-01 3.26701820e-01
    9.33187366e-01 2.55633473e-01 9.49517548e-01 5.44674575e-01
    4.48984385e-01 2.40802675e-01 8.18573236e-02 4.06926990e-01
    1.81680411e-01 2.75011808e-01 2.15822905e-01 5.98118544e-01
    2.30764508e-01 1.52951151e-01 1.32176876e-01 8.80812645e-01
    5.50672412e-02 3.62304688e-01 4.28116083e-01 6.55943274e-01
    1.49412125e-01 5.15757203e-01 5.33041000e-01 3.77278626e-01
    9.10390615e-01 4.93250489e-01 5.15288234e-01 1.06272995e-01
    1.08309239e-01 7.60602474e-01 8.97719026e-01 1.34435087e-01
    6.39504492e-02 5.67796409e-01 6.62794232e-01 9.68054950e-01
    8.37516487e-02 9.75711823e-01 8.33928704e-01 4.13641006e-01
    9.95640397e-01 5.75006604e-01 5.04537523e-02 6.93030059e-02
    7.81723738e-01 7.07035005e-01 1.08171344e-01 3.56332928e-01
    6.35892034e-01 9.30179417e-01 4.83762324e-02 2.33472943e-01
    3.02990854e-01 4.57323104e-01 3.40560079e-02 8.84107947e-02
    4.57976639e-01 6.91293359e-01 8.02514315e-01 6.89912140e-01
    2.26761401e-02 3.78095269e-01 3.38318467e-01 5.99423051e-01
    3.42327297e-01 7.21060634e-02 2.77022004e-01 9.22832727e-01
    3.49560142e-01 3.52801383e-01 4.30478781e-01 3.70468765e-01
    2.45042384e-01 6.04543626e-01 1.94591582e-02 4.66063917e-02
    5.48514426e-01 7.23319650e-01 1.90918595e-01 5.78711390e-01
    4.05713737e-01 1.79877400e-01 2.57230759e-01 6.60037816e-01
    8.77246261e-02 2.41619527e-01 1.85878098e-01 7.88639903e-01
    6.28038883e-01 9.84063029e-01 6.56268239e-01 8.15167069e-01
    7.60656893e-02 4.44286942e-01 6.15709960e-01 5.87596714e-01
    5.98117828e-01 1.63775027e-01 7.93421745e-01 7.47301936e-01
    2.86982626e-01 3.66298735e-01 8.37477326e-01 5.41454375e-01
    3.86516929e-01 5.62061369e-01 2.52065361e-01 2.45159268e-01
    4.95970726e-01 6.56476617e-02 4.45005000e-02 4.62912530e-01
    6.67218089e-01 4.15774286e-01 3.75458419e-01 1.63673252e-01
    4.60250258e-01 9.59874511e-01 9.23140228e-01 8.64003301e-01
    4.22707468e-01 6.09215856e-01 8.38833213e-01 5.92938721e-01
    9.80669558e-02 2.34464198e-01 1.17287308e-01 2.71158576e-01
    5.09680867e-01 2.04774171e-01 4.88824546e-01 4.39752609e-01
    2.02301562e-01 9.62301314e-01 4.51619267e-01 8.45622003e-01
    6.62019014e-01 5.25887251e-01 6.96523666e-01 2.04489827e-02
    3.50397229e-01 1.17773443e-01 9.32828486e-02 4.93876666e-01
    3.30573082e-01 4.30888534e-02 9.91558194e-01 3.44279826e-01
    4.06335145e-01 6.30664945e-01 8.64812076e-01 2.25989223e-01
    9.58320737e-01 2.79793620e-01 8.68714452e-01 6.50789678e-01
    6.37936890e-01 6.20935738e-01 5.36116004e-01 4.21479940e-01
    5.97773790e-01 1.25277340e-02 9.66342330e-01 3.25851381e-01
    4.01265830e-01 8.15097094e-01 2.36078352e-01 9.28811669e-01
    2.22611129e-02 3.24401319e-01 9.37193036e-01 3.89732718e-01
    3.36609781e-01 4.33561206e-03 9.31745172e-02 5.11926353e-01
    9.92169023e-01 3.10503662e-01 1.29030794e-01 4.60406125e-01
    8.35891128e-01 8.49870086e-01 6.93853378e-01 8.70463252e-02 0. 0. 0.
    0. 0. 0. 0. 0. 0. 0. 0. 0. 0. 0. 0. 0. 1.44207776e-02 2.23777533e-01
    7.46737361e-01 9.05777812e-02 4.98517156e-01 1.25394583e-01
    6.51843548e-01 8.49480689e-01 4.31933999e-03 2.97854245e-01
    8.60454082e-01 2.94435203e-01 8.47806573e-01 9.00497556e-01
    4.87263083e-01 2.13432699e-01 5.65575659e-01 8.15801144e-01
    7.11596489e-01 4.03164625e-01 2.60363370e-01 5.79873681e-01
    4.07170027e-01 3.94996166e-01 8.25443745e-01 4.45907384e-01
    9.57340300e-02 6.82095766e-01 8.35747600e-01 1.05300814e-01
    6.77902460e-01 7.03170776e-01 1.40263379e-01 6.12061203e-01
    3.31130266e-01 3.45626861e-01 6.94700718e-01 3.40963721e-01
    4.94375795e-01 6.22399509e-01 5.61514795e-01 4.89023149e-01
    8.95617962e-01 3.11497927e-01 1.23200238e-01 1.35252982e-01
    4.04160023e-02 8.78617883e-01 5.67176163e-01 4.21939254e-01
    1.27340168e-01 7.85834491e-02 7.96763897e-01 9.17446673e-01
    5.88574409e-01 7.76932657e-01 9.32041585e-01 2.53174961e-01
    9.57419991e-01 4.35334891e-01 6.77167118e-01 5.91284633e-01
    5.36085069e-01 9.73258495e-01 4.29533392e-01 9.22415793e-01
    9.88578558e-01 2.10736752e-01 9.38320279e-01 5.28384924e-01
    6.05408847e-02 8.09928417e-01 7.43503988e-01 5.27547479e-01
    5.05706429e-01 7.31631637e-01 9.80126441e-01 7.15012968e-01
    6.10281408e-01 6.15496933e-01 9.88108635e-01 1.86563998e-01
    9.78753150e-01 8.52555752e-01 4.18290168e-01 3.22195292e-01
    3.04007113e-01 2.98212349e-01 8.82166505e-01 2.89000332e-01
    5.29933572e-02 2.28212953e-01 4.52434629e-01 6.71861112e-01
    7.82828033e-01 2.14979976e-01 3.09711218e-01 2.56708205e-01
    6.66468918e-01 3.75428796e-03 3.40780646e-01 8.50122035e-01
    9.92009997e-01 6.64346814e-01 2.38635540e-02 2.88850516e-01
    5.64775288e-01 7.76236534e-01 2.80641675e-01 5.83984435e-01
    1.45274818e-01 5.05030215e-01 1.60127342e-01 5.32839298e-01
    9.52844620e-01 1.50976360e-01 9.74675417e-01 3.59597892e-01
    2.29891717e-01 3.92212331e-01 3.86056036e-01 4.79495049e-01
    8.03991556e-01 7.30997086e-01 5.29257953e-02 3.89604181e-01
    6.68421566e-01 3.69157225e-01 5.09882689e-01 7.20503390e-01
    2.79057831e-01 9.56795096e-01 5.40353715e-01 2.91485250e-01
    2.23160475e-01 2.00474679e-01 2.03809917e-01 1.65965557e-01
    2.93915689e-01 5.31317353e-01 6.50534034e-01 5.77990890e-01
    1.96256101e-01 4.83436793e-01 1.09094739e-01 5.52452683e-01
    8.90051126e-02 1.93185955e-01 8.55850756e-01 6.87007785e-01
    3.28703433e-01 5.71775794e-01 4.36774969e-01 6.24219775e-01
    9.61638153e-01 3.10734987e-01 1.14195943e-01 1.03573471e-01
    1.74970269e-01 6.27778351e-01 8.34456980e-01 2.38336831e-01
    7.34710813e-01 8.36648941e-01 8.63915563e-01 3.80468309e-01
    5.34457564e-01 5.51831722e-01 4.05855477e-01 6.25978351e-01
    2.09346741e-01 2.84804404e-01 3.95694554e-01 8.32270980e-01
    1.29426390e-01 3.52151722e-01 9.00924563e-01 6.59552813e-01
    1.92578197e-01 3.75260711e-02 9.28553820e-01 2.50843167e-02
    7.71983624e-01 9.50576246e-01 8.52715373e-01 5.98197103e-01
    9.80403781e-01 5.10497808e-01 4.45744336e-01 2.86579520e-01
    9.76396739e-01 9.24166322e-01 2.76382983e-01 9.66271877e-01
    3.63549113e-01 8.97723198e-01 7.49978125e-01 6.97688818e-01
    3.34126592e-01 5.29642701e-01 3.70067298e-01 5.69006562e-01
    9.93756294e-01 3.29702318e-01 9.01483059e-01 5.46905696e-01
    1.77460521e-01 8.68033409e-01 6.87753797e-01 6.98720038e-01
    6.31728590e-01 9.92742538e-01 8.50043952e-01 7.17300475e-01
    2.19611406e-01 6.80202961e-01 6.17556155e-01 9.20610964e-01
    8.43945980e-01 4.73173738e-01 1.15662962e-01 8.32666993e-01
    3.72568399e-01 9.19003248e-01 2.62456238e-01 3.51728082e-01
    6.00920081e-01 2.93845028e-01 2.67334580e-01 7.62645304e-01
    8.19918513e-01 4.98298585e-01 8.34287286e-01 3.93418908e-01
    5.77821136e-02 9.52083468e-01 2.83684373e-01 6.15285754e-01
    8.60580802e-01 1.94112271e-01 5.81348836e-02 6.93329275e-01
    6.77916825e-01 2.78631866e-01 6.19922698e-01 1.64896339e-01
    9.43557858e-01 9.64282513e-01 6.45677090e-01 1.09806776e-01
    5.67087233e-01 9.43633318e-01 5.51639438e-01 6.67629361e-01
    2.78908759e-01 5.54653525e-01 0. 0. 0. 0. 0. 0. 0. 0. 0. 0. 0. 0. 0.
    0. 0. 0. 0. 0. 0. 0. 0. 0. 0. 0. 0. 0. 0. 0. 0. 0. 0. 0. 0. 0. 0. 0.
    0. 0. 0. 0. 0. 0. 0. 0. 0. 0. 0. 0. 0. 0. 0. 0. 0. 0. 0. 0. 0. 0. 0.
    0. 0. 0. 0. 0. 0. 0. 0. 0. 0. 0. 0. 0. 0. 0. 0. 0. 0. 0. 0. 0. 0. 0.
    0. 0. 0. 0. 0. 0. 0. 0. 0. 0. 0. 0. 0. 0. 0. 0. 0. 0. 0. 0. 0. 0. 0.
    0. 0. 0. 0. 0. 0. 0. 0. 0. 0. 0. 0. 0. 0. 0. 0. 0. 0. 0. 0. 0. 0. 0.
    0. 0. 0. 0. 0. 0. 0. 0. 0. 0. 0. 0. 0. 0. 0. 0. 0. 0. 0. 0. 0. 0. 0.
    0. 0. 0. 0. 0. 0. 0. 0. 0. 0. 0. 0. 0. 0. 0. 0. 0. 0. 0. 0. 0. 0. 0.
    0. 0. 0. 0. 0. 0. 0. 0. 0. 0. 0. 0. 0. 0. 0. 0. 0. 0. 0. 0. 0. 0. 0.
    0. 0. 0. 0. 0. 0. 0. 0. 0. 0. 0. 0. 0. 0. 0. 0. 0. 0. 0. 0. 0. 0. 0.
    0. 0. 0. 0. 0. 0. 0. 0. 0. 0. 0. 0. 0. 0. 0. 0. 0. 0. 0. 0. 0. 0. 0.
    0. 0. 0. 0. 0. 0. 0. 0. 0. 0. 0. 0. 0. 0. 0. 0. 0. 0. 0. 0. 0. 0. 0.
    0. 0. 0. 0. 0. 0. 0. 0. 0. 0. 0. 0. 0. 0. 0. 0. 0. 0. 0. 0. 0. 0. 0.
    0. 0. 0. 0. 0. 0. 0. 0. 0. 0. 0. 0. 0. 0. 0. 0. 0. 0. 0. 0. 0. 0. 0.
    0. 0. 0. 0. 0. 0. 0. 0. 0. 0. 0. 0. 0. 0. 0. 0. 0. 0. 0. 0. 0. 0. 0.
    0. 0. 0. 0. 0. 0. 0. 0. 0. 0. 0. 0. 0. 0. 0. 0. 0. 0. 0. 0. 0. 0. 0.
    0. 0. 0. 0. 0. 0. 0. 0. 0. 0. 0. 0. 0. 0. 0. 0. 0. 0. 0. 0. 0. 0. 0.
    0. 0. 0. 0. 0. 0. 0. 0. 0. 0. 0. 0. 0. 0. 0. 0. 0. 0. 0. 0. 0. 0. 0.
    0. 0. 0. 0. 0. 0. 0. 0. 0. 0. 0. 0. 0. 0. 0. 0. 0. 0. 0. 0. 0. 0. 0.
    0. 0. 0. 0. 0. 0. 0. 0. 0. 0. 0. 0. 0. 0. 0. 0. 0. 0. 0. 0. 0. 0. 0.
    0. 0. 0. 0. 0. 0. 0. 0. 0. 0. 0. 0. 0. 0. 0. 0. 0. 0. 0. 0. 0. 0. 0.
    0. 0. 0. 0. 0. 0. 0. 0. 0. 0. 0. 0. 0. 0. 0. 0. 0. 0. 0. 0. 0. 0. 0.
    0. 0. 0. 0. 0. 0. 0. 0. 0. 0. 0. 0. 0. 0. 0. 0. 0. 0. 0. 0. 0. 0. 0.
    0. 0. 0. 0. 0. 0. 0. 0. 0. 0. 0. 0. 0. 0. 0. 0. 0. 0. 0. 0. 0. 0. 0.
    0. 0. 0. 0. 0. 0. 0. 0. 0. 0. 0. 0. 0. 0. 0. 0. 0. 0. 0. 0. 0. 0. 0.
    0. 0. 0. 0. 0. 0. 0. 0. 0. 0. 0. 0. 0. 0. 0. 0. 0. 0. 0. 0. 0. 0. 0.
    0. 0. 0. 0. 0. 0. 0. 0. 0. 0. 0. 0. 0. 0. 0. 0. 0. 0. 0. 0. 0. 0. 0.
    0. 0. 0. 0. 0. 0. 0. 0. 0. 0. 0. 0. 0. 0. 0. 0. 0. 0. 0. 0. 0. 0. 0.
    0. 0. 0. 0. 0. 0. 0. 0. 0. 0. 0. 0. 0. 0. 0. 0. 0. 0. 0. 0. 0. 0. 0.
    0. 0. 0. 0. 0. 0. 0. 0. 0. 0. 0. 0. 0. 0. 0. 0. 0. 0. 0. 0. 0. 0. 0.
    0. 0. 0. 0. 0. 0. 0. 0. 0. 0. 0. 0. 0. 0. 0. 0. 0. 0. 0. 0. 0. 0. 0.
    0. 0. 0. 0. 0. 0. 0. 0. 0. 0. 0. 0. 0. 0. 0. 0. 0. 0. 0. 0. 0. 0. 0.
    0. 0. 0. 0. 0. 0. 0. 0. 0. 0. 0. 0. 0. 0. 0. 0. 0. 0. 0. 0. 0. 0. 0.
    0. 0. 0. 0. 0. 0. 0. 0. 0. 0. 0. 0. 0. 0. 0. 0. 0. 0. 0. 0. 0. 0. 0.
    0. 0. 0. 0. 0. 0. 0. 0. 0. 0. 0. 0. 0. 0. 0. 0. 0. 0. 0. 0. 0. 0. 0.
    0. 0. 0. 0. 0. 0. 0. 0. 0. 0. 0. 0. 0. 0. 0. 0. 0. 0. 0. 0. 0. 0. 0.
    0. 0. 0. 0. 0. 0. 0. 0. 0. 0. 0. 0. 0. 0. 0. 0. 0. 0. 0. 0. 0. 0. 0.
    0. 0. 0. 0. 0. 0. 0. 0. 0. 0. 0. 0. 0. 0. 0. 0. 0. 0. 0. 0. 0. 0. 0.
    0. 0. 0. 0. 0. 0. 0. 0. 0. 0. 0. 0. 0. 0. 0. 0. 0. 0. 0. 0. 0. 0. 0.
    0. 0. 0. 0. 0. 0. 0. 0. 0. 0. 0. 0. 0. 0. 0. 0. 0. 0. 0. 0. 0. 0. 0.
    0. 0. 0. 0. 0. 0. 0. 0. 0. 0. 0. 0. 0. 0. 0. 0. 0. 0. 0. 0. 0. 0. 0.
    0. 0. 0. 0. 0. 0. 0. 0. 0. 0. 0. 0. 0. 0. 0. 0. 0. 0. 0. 0. 0. 0. 0.
    0. 0. 0. 0. 0. 0. 0. 0. 0. 0. 0. 0. 0. 0. 0. 0. 0. 0. 0. 0. 0. 0. 0.
    0. 0. 0. 0. 0. 0. 0. 0. 0. 0. 0. 0. 0. 0. 0. 0. 0. 0. 0. 0. 0. 0. 0.
    0. 0. 0. 0. 0. 0. 0. 0. 0. 0. 0. 0. 0. 0. 0. 0. 0. 0. 0. 0. 0. 0. 0.
    0. 0. 0. 0. 0. 0. 0. 0. 0. 0. 0. 0. 0. 0. 0. 0. 0. 0. 0. 0. 0. 0. 0.
    0. 0. 0. 0. 0. 0. 0. 0. 0. 0. 0. 0. 0. 0. 0. 0. 0. 0. 0. 0. 0. 0. 0.
    0. 0. 0. 0. 0. 0. 0. 0. 0. 0. 0. 0. 0. 0. 0. 0. 0. 0. 0. 0. 0. 0. 0.
    0. 0. 0. 0. 0. 0. 0. 0. 0. 0. 0. 0. 0. 0. 0. 0. 0. 0. 0. 0. 0. 0. 0.
    0. 0. 0. 0. 0. 0. 0. 0. 0. 0. 0. 0. 0. 0. 0. 0. 0. 0. 0. 0. 0. 0. 0.
    0. 0. 0. 0. 0. 0. 0. 0. 0. 0. 0. 0. 0. 0. 0. 0. 0. 0. 0. 0. 0. 0. 0.
    0. 0. 0. 0. 0. 0. 0. 0. 0. 0. 0. 0. 0. 0. 0. 0. 0. 0. 0. 0. 0. 0. 0.
    0. 0. 0. 0. 0. 0. 0. 0. 0. 0. 0. 0. 0. 0. 0. 0. 0. 0. 0. 0. 0. 0. 0.
    0. 0. 0. 0. 0. 0. 0. 0. 0. 0. 0. 0. 0. 0. 0. 0. 0. 0. 0. 0. 0. 0. 0.
    0. 0. 0. 0. 0. 0. 0. 0. 0. 0. 0. 0. 0. 0. 0. 0. 0. 0. 0. 0. 0. 0. 0.
    0. 0. 0. 0. 0. 0. 0. 0. 0. 0. 0. 0. 0. 0. 0. 0. 0. 0. 0. 0. 0. 0. 0.
    0. 0. 0. 0. 0. 0. 0. 0. 0. 0. 0. 0. 0. 0. 0. 0. 0. 0. 0. 0. 0. 0. 0.
    0. 0. 0. 0. 0. 0. 0. 0. 0. 0. 0. 0. 0. 0. 0. 0. 0. 0. 0. 0. 0. 0. 0.
    0. 0. 0. 0. 0. 0. 0. 0. 0. 0. 0. 0. 0. 0. 0. 0. 0. 0. 0. 0. 0. 0. 0.
    0. 0. 0. 0. 0. 0. 0. 0. 0. 0. 0. 0. 0. 0. 0. 0. 0. 0. 0. 0. 0. 0. 0.
    0. 0. 0. 0. 0. 0. 0. 0. 0. 0. 0. 0. 0. 0. 0. 0. 0. 0. 0. 0. 0. 0. 0.
    0. 0. 0. 0. 0. 0. 0. 0. 0. 0. 0. 0. 0. 0. 0. 0. 0. 0. 0. 0. 0. 0. 0.
    0. 0. 0. 0. 0. 0. 0. 0. 0. 0. 0. 0. 0. 0. 0. 0. 0. 0. 0. 0. 0. 0. 0.
    0. 0. 0. 0. 0. 0. 0. 0. 0. 0. 0. 0. 0. 0. 0. 0. 0. 0. 0. 0. 0. 0. 0.
    0. 0. 0. 0. 0. 0. 0. 0. 0. 0. 0. 0. 0. 0. 0. 0. 0. 0. 0. 0. 0. 0. 0.
    0. 0. 0. 0. 0. 0. 0. 0. 0. 0. 0. 0. 0. 0. 0. 0. 0. 0. 0. 0. 0. 0. 0.
    0. 0. 0. 0. 0. 0. 0. 0. 0. 0. 0. 0. 0. 0. 0. 0. 0. 0. 0. 0. 0. 0. 0.
    0. 0. 0. 0. 0. 0. 0. 0. 0. 0. 0. 0. 0. 0. 0. 0. 0. 0. 0. 0. 0. 0. 0.
    0. 0. 0. 0. 0. 0. 0. 0. 0. 0. 0. 0. 0. 0. 0. 0. 0. 0. 0. 0. 0. 0. 0.
    0. 0. 0. 0. 0. 0. 0. 0. 0. 0. 0. 0. 0. 0. 0. 0. 0. 0. 0. 0. 0. 0. 0.
    0. 0. 0. 0. 0. 0. 0. 0. 0. 0. 0. 0. 0. 0. 0. 0. 0. 0. 0. 0. 0. 0. 0.
    0. 0. 0. 0. 0. 0. 0. 0. 0. 0. 0. 0. 0. 0. 0. 0. 0. 0. 0. 0. 0. 0. 0.
    0. 0. 0. 0. 0. 0. 0. 0. 0. 0. 0. 0. 0. 0. 0. 0. 0. 0. 0. 0. 0. 0. 0.
    0. 0. 0. 0. 0. 0. 0. 0. 0. 0. 0. 0. 0. 0. 0. 0. 0. 0. 0. 0. 0. 0. 0.
    0. 0. 0. 0. 0. 0. 0. 0. 0. 0. 0. 0. 0. 0. 0. 0. 0. 0. 0. 0. 0. 0. 0.
    0. 0. 0. 0. 0. 0. 0. 0. 0. 0. 0. 0. 0. 0. 0. 0. 0. 0. 0. 0. 0. 0. 0.
    0. 0. 0. 0. 0. 0. 0. 0. 0. 0. 0. 0. 0. 0. 0. 0. 0. 0. 0. 0. 0. 0. 0.
    0. 0. 0. 0. 0. 0. 0. 0. 0. 0. 0. 0. 0. 0. 0. 0. 0. 0. 0. 0. 0. 0. 0.
    0. 0. 0. 0. 0. 0. 0. 0. 0. 0. 0. 0. 0. 0. 0. 0. 0. 0. 0. 0. 0. 0. 0.
    0. 0. 0. 0. 0. 0. 0. 0. 0. 0. 0. 0. 0. 0. 0. 0. 0. 0. 0. 0. 0. 0. 0.
    0. 0. 0. 0. 0. 0. 0. 0. 0. 0. 0. 0. 0. 0. 0. 0. 0. 0. 0. 0. 0. 0. 0.
    0. 0. 0. 0. 0. 0. 0. 0. 0. 0. 0. 0. 0. 0. 0. 0. 0. 0. 0. 0. 0. 0. 0.
    0. 0. 0. 0. 0. 0. 0. 0. 0. 0. 0. 0. 0. 0. 0. 0. 0. 0. 0. 0. 0. 0. 0.
    0. 0. 0. 0. 0. 0. 0. 0. 0. 0. 0. 0. 0. 0. 0. 0. 0. 0. 0. 0. 0. 0. 0.
    0. 0. 0. 0. 0. 0. 0. 0. 0. 0. 0. 0. 0. 0. 0. 0. 0. 0. 0. 0. 0. 0. 0.
    0. 0. 0. 0. 0. 0. 0. 0. 0. 0. 0. 0. 0. 0. 0. 0. 0. 0. 0. 0. 0. 0. 0.
    0. 0. 0. 0. 0. 0. 0. 0. 0. 0. 0. 0. 0. 0. 0. 0. 0. 0. 0. 0. 0. 0. 0.
    0. 0. 0. 0. 0. 0. 0. 0. 0. 0. 0. 0. 0. 0. 0. 0. 0. 0. 0. 0. 0. 0. 0.
    0. 0. 0. 0. 0. 0. 0. 0. 0. 0. 0. 0. 0. 0. 0. 0. 0. 0. 0. 0. 0. 0. 0.
    0. 0. 0. 0. 0. 0. 0. 0. 0. 0. 0. 0. 0. 0. 0. 0. 0. 0. 0. 0. 0. 0. 0.
    0. 0. 0. 0. 0. 0. 0. 0. 0. 0. 0. 0. 0. 0. 0. 0. 0. 0. 0. 0. 0. 0. 0.
    0. 0. 0. 0. 0. 0. 0. 0. 0. 0. 0. 0. 0. 0. 0. 0. 0. 0. 0. 0. 0. 0. 0.
    0. 0. 0. 0. 0. 0. 0. 0. 0. 0. 0. 0. 0. 0. 0. 0. 0. 0. 0. 0. 0. 0. 0.
    0. 0. 0. 0. 0. 0. 0. 0. 0. 0. 0. 0. 0. 0. 0. 0. 0. 0. 0. 0. 0. 0. 0.
    0. 0. 0. 0. 0. 0. 0. 0. 0. 0. 0. 0. 0. 0. 0. 0. 0. 0. 0. 0. 0. 0. 0.
    0. 0. 0. 0. 0. 0. 0. 0. 0.</data></your_img>
</opencv_storage>
